<?xml version="1.0" encoding="UTF-8"?>
<testsuite xmlns:xsi="http://www.w3.org/2001/XMLSchema-instance" xsi:noNamespaceSchemaLocation="https://maven.apache.org/surefire/maven-surefire-plugin/xsd/surefire-test-report.xsd" name="org.apache.hadoop.ozone.freon.TestRandomKeyGenerator" time="126.042" tests="6" errors="1" skipped="0" failures="0">
  <properties>
    <property name="awt.toolkit" value="sun.awt.X11.XToolkit"/>
    <property name="file.encoding.pkg" value="sun.io"/>
    <property name="java.specification.version" value="1.8"/>
    <property name="sun.cpu.isalist" value=""/>
    <property name="sun.jnu.encoding" value="UTF-8"/>
    <property name="java.class.path" value="/workdir/hadoop-ozone/tools/target/test-classes:/workdir/hadoop-ozone/tools/target/classes:/home/user/.m2/repository/org/apache/hadoop/hadoop-ozone-ozone-manager/0.5.0-SNAPSHOT/hadoop-ozone-ozone-manager-0.5.0-SNAPSHOT.jar:/home/user/.m2/repository/org/apache/hadoop/hadoop-hdds-docs/0.5.0-SNAPSHOT/hadoop-hdds-docs-0.5.0-SNAPSHOT.jar:/home/user/.m2/repository/org/bouncycastle/bcprov-jdk15on/1.60/bcprov-jdk15on-1.60.jar:/home/user/.m2/repository/org/apache/hadoop/hadoop-ozone-common/0.5.0-SNAPSHOT/hadoop-ozone-common-0.5.0-SNAPSHOT.jar:/home/user/.m2/repository/org/apache/commons/commons-compress/1.4.1/commons-compress-1.4.1.jar:/home/user/.m2/repository/org/tukaani/xz/1.0/xz-1.0.jar:/home/user/.m2/repository/org/apache/hadoop/hadoop-hdfs-client/3.2.0/hadoop-hdfs-client-3.2.0.jar:/home/user/.m2/repository/com/fasterxml/jackson/core/jackson-annotations/2.9.5/jackson-annotations-2.9.5.jar:/home/user/.m2/repository/org/apache/hadoop/hadoop-hdds-common/0.5.0-SNAPSHOT/hadoop-hdds-common-0.5.0-SNAPSHOT.jar:/home/user/.m2/repository/org/apache/hadoop/hadoop-hdds-config/0.5.0-SNAPSHOT/hadoop-hdds-config-0.5.0-SNAPSHOT.jar:/home/user/.m2/repository/javax/annotation/javax.annotation-api/1.2/javax.annotation-api-1.2.jar:/home/user/.m2/repository/org/apache/ratis/ratis-server/0.4.0-2337318-SNAPSHOT/ratis-server-0.4.0-2337318-SNAPSHOT.jar:/home/user/.m2/repository/org/apache/ratis/ratis-thirdparty-misc/0.2.0/ratis-thirdparty-misc-0.2.0.jar:/home/user/.m2/repository/org/apache/ratis/ratis-proto/0.4.0-2337318-SNAPSHOT/ratis-proto-0.4.0-2337318-SNAPSHOT.jar:/home/user/.m2/repository/org/apache/ratis/ratis-common/0.4.0-2337318-SNAPSHOT/ratis-common-0.4.0-2337318-SNAPSHOT.jar:/home/user/.m2/repository/org/apache/ratis/ratis-client/0.4.0-2337318-SNAPSHOT/ratis-client-0.4.0-2337318-SNAPSHOT.jar:/home/user/.m2/repository/org/apache/ratis/ratis-metrics/0.4.0-2337318-SNAPSHOT/ratis-metrics-0.4.0-2337318-SNAPSHOT.jar:/home/user/.m2/repository/org/apache/ratis/ratis-netty/0.4.0-2337318-SNAPSHOT/ratis-netty-0.4.0-2337318-SNAPSHOT.jar:/home/user/.m2/repository/org/apache/ratis/ratis-grpc/0.4.0-2337318-SNAPSHOT/ratis-grpc-0.4.0-2337318-SNAPSHOT.jar:/home/user/.m2/repository/org/rocksdb/rocksdbjni/6.0.1/rocksdbjni-6.0.1.jar:/home/user/.m2/repository/org/apache/logging/log4j/log4j-api/2.11.0/log4j-api-2.11.0.jar:/home/user/.m2/repository/org/apache/logging/log4j/log4j-core/2.11.0/log4j-core-2.11.0.jar:/home/user/.m2/repository/com/lmax/disruptor/3.4.2/disruptor-3.4.2.jar:/home/user/.m2/repository/org/apache/commons/commons-pool2/2.6.0/commons-pool2-2.6.0.jar:/home/user/.m2/repository/org/bouncycastle/bcpkix-jdk15on/1.60/bcpkix-jdk15on-1.60.jar:/home/user/.m2/repository/commons-validator/commons-validator/1.6/commons-validator-1.6.jar:/home/user/.m2/repository/commons-digester/commons-digester/1.8.1/commons-digester-1.8.1.jar:/home/user/.m2/repository/io/jaegertracing/jaeger-client/0.33.1/jaeger-client-0.33.1.jar:/home/user/.m2/repository/io/jaegertracing/jaeger-thrift/0.33.1/jaeger-thrift-0.33.1.jar:/home/user/.m2/repository/org/apache/thrift/libthrift/0.11.0/libthrift-0.11.0.jar:/home/user/.m2/repository/com/squareup/okhttp3/okhttp/3.9.0/okhttp-3.9.0.jar:/home/user/.m2/repository/com/squareup/okio/okio/1.13.0/okio-1.13.0.jar:/home/user/.m2/repository/io/jaegertracing/jaeger-core/0.33.1/jaeger-core-0.33.1.jar:/home/user/.m2/repository/io/jaegertracing/jaeger-tracerresolver/0.33.1/jaeger-tracerresolver-0.33.1.jar:/home/user/.m2/repository/io/opentracing/contrib/opentracing-tracerresolver/0.1.5/opentracing-tracerresolver-0.1.5.jar:/home/user/.m2/repository/io/opentracing/opentracing-util/0.31.0/opentracing-util-0.31.0.jar:/home/user/.m2/repository/io/opentracing/opentracing-api/0.31.0/opentracing-api-0.31.0.jar:/home/user/.m2/repository/io/opentracing/opentracing-noop/0.31.0/opentracing-noop-0.31.0.jar:/home/user/.m2/repository/org/yaml/snakeyaml/1.16/snakeyaml-1.16.jar:/home/user/.m2/repository/org/apache/hadoop/hadoop-hdds-container-service/0.5.0-SNAPSHOT/hadoop-hdds-container-service-0.5.0-SNAPSHOT.jar:/home/user/.m2/repository/org/apache/hadoop/hadoop-hdds-client/0.5.0-SNAPSHOT/hadoop-hdds-client-0.5.0-SNAPSHOT.jar:/home/user/.m2/repository/org/apache/hadoop/hadoop-hdds-tools/0.5.0-SNAPSHOT/hadoop-hdds-tools-0.5.0-SNAPSHOT.jar:/home/user/.m2/repository/org/xerial/sqlite-jdbc/3.25.2/sqlite-jdbc-3.25.2.jar:/home/user/.m2/repository/org/apache/hadoop/hadoop-hdds-server-scm/0.5.0-SNAPSHOT/hadoop-hdds-server-scm-0.5.0-SNAPSHOT.jar:/home/user/.m2/repository/org/hamcrest/hamcrest-all/1.3/hamcrest-all-1.3.jar:/home/user/.m2/repository/info/picocli/picocli/3.9.6/picocli-3.9.6.jar:/home/user/.m2/repository/com/google/protobuf/protobuf-java/2.5.0/protobuf-java-2.5.0.jar:/home/user/.m2/repository/com/google/guava/guava/11.0.2/guava-11.0.2.jar:/home/user/.m2/repository/org/apache/hadoop/hadoop-ozone-client/0.5.0-SNAPSHOT/hadoop-ozone-client-0.5.0-SNAPSHOT.jar:/workdir/hadoop-ozone/ozonefs/target/classes:/home/user/.m2/repository/org/apache/hadoop/hadoop-hdds-server-framework/0.5.0-SNAPSHOT/hadoop-hdds-server-framework-0.5.0-SNAPSHOT.jar:/home/user/.m2/repository/org/apache/hadoop/hadoop-common/3.2.0/hadoop-common-3.2.0.jar:/home/user/.m2/repository/org/apache/hadoop/hadoop-annotations/3.2.0/hadoop-annotations-3.2.0.jar:/usr/lib/jvm/java-1.8-openjdk/jre/../lib/tools.jar:/home/user/.m2/repository/commons-cli/commons-cli/1.2/commons-cli-1.2.jar:/home/user/.m2/repository/org/apache/commons/commons-math3/3.1.1/commons-math3-3.1.1.jar:/home/user/.m2/repository/org/apache/httpcomponents/httpclient/4.5.2/httpclient-4.5.2.jar:/home/user/.m2/repository/org/apache/httpcomponents/httpcore/4.4.4/httpcore-4.4.4.jar:/home/user/.m2/repository/commons-codec/commons-codec/1.11/commons-codec-1.11.jar:/home/user/.m2/repository/commons-io/commons-io/2.5/commons-io-2.5.jar:/home/user/.m2/repository/commons-net/commons-net/3.6/commons-net-3.6.jar:/home/user/.m2/repository/commons-collections/commons-collections/3.2.2/commons-collections-3.2.2.jar:/home/user/.m2/repository/javax/servlet/javax.servlet-api/3.1.0/javax.servlet-api-3.1.0.jar:/home/user/.m2/repository/org/eclipse/jetty/jetty-server/9.3.24.v20180605/jetty-server-9.3.24.v20180605.jar:/home/user/.m2/repository/org/eclipse/jetty/jetty-http/9.3.24.v20180605/jetty-http-9.3.24.v20180605.jar:/home/user/.m2/repository/org/eclipse/jetty/jetty-io/9.3.24.v20180605/jetty-io-9.3.24.v20180605.jar:/home/user/.m2/repository/org/eclipse/jetty/jetty-util/9.3.24.v20180605/jetty-util-9.3.24.v20180605.jar:/home/user/.m2/repository/org/eclipse/jetty/jetty-servlet/9.3.24.v20180605/jetty-servlet-9.3.24.v20180605.jar:/home/user/.m2/repository/org/eclipse/jetty/jetty-security/9.3.24.v20180605/jetty-security-9.3.24.v20180605.jar:/home/user/.m2/repository/org/eclipse/jetty/jetty-webapp/9.3.24.v20180605/jetty-webapp-9.3.24.v20180605.jar:/home/user/.m2/repository/org/eclipse/jetty/jetty-xml/9.3.24.v20180605/jetty-xml-9.3.24.v20180605.jar:/home/user/.m2/repository/javax/servlet/jsp/jsp-api/2.1/jsp-api-2.1.jar:/home/user/.m2/repository/com/sun/jersey/jersey-core/1.19/jersey-core-1.19.jar:/home/user/.m2/repository/javax/ws/rs/jsr311-api/1.1.1/jsr311-api-1.1.1.jar:/home/user/.m2/repository/com/sun/jersey/jersey-servlet/1.19/jersey-servlet-1.19.jar:/home/user/.m2/repository/com/sun/jersey/jersey-json/1.19/jersey-json-1.19.jar:/home/user/.m2/repository/org/codehaus/jettison/jettison/1.1/jettison-1.1.jar:/home/user/.m2/repository/com/sun/xml/bind/jaxb-impl/2.3.0.1/jaxb-impl-2.3.0.1.jar:/home/user/.m2/repository/org/codehaus/jackson/jackson-core-asl/1.9.13/jackson-core-asl-1.9.13.jar:/home/user/.m2/repository/org/codehaus/jackson/jackson-mapper-asl/1.9.13/jackson-mapper-asl-1.9.13.jar:/home/user/.m2/repository/org/codehaus/jackson/jackson-jaxrs/1.9.13/jackson-jaxrs-1.9.13.jar:/home/user/.m2/repository/org/codehaus/jackson/jackson-xc/1.9.13/jackson-xc-1.9.13.jar:/home/user/.m2/repository/com/sun/jersey/jersey-server/1.19/jersey-server-1.19.jar:/home/user/.m2/repository/commons-logging/commons-logging/1.1.3/commons-logging-1.1.3.jar:/home/user/.m2/repository/log4j/log4j/1.2.17/log4j-1.2.17.jar:/home/user/.m2/repository/commons-beanutils/commons-beanutils/1.9.3/commons-beanutils-1.9.3.jar:/home/user/.m2/repository/org/apache/commons/commons-configuration2/2.1.1/commons-configuration2-2.1.1.jar:/home/user/.m2/repository/org/apache/commons/commons-lang3/3.7/commons-lang3-3.7.jar:/home/user/.m2/repository/org/apache/commons/commons-text/1.4/commons-text-1.4.jar:/home/user/.m2/repository/org/slf4j/slf4j-api/1.7.25/slf4j-api-1.7.25.jar:/home/user/.m2/repository/org/slf4j/slf4j-log4j12/1.7.25/slf4j-log4j12-1.7.25.jar:/home/user/.m2/repository/org/apache/avro/avro/1.7.7/avro-1.7.7.jar:/home/user/.m2/repository/com/thoughtworks/paranamer/paranamer/2.3/paranamer-2.3.jar:/home/user/.m2/repository/org/xerial/snappy/snappy-java/1.0.5/snappy-java-1.0.5.jar:/home/user/.m2/repository/com/google/re2j/re2j/1.1/re2j-1.1.jar:/home/user/.m2/repository/com/google/code/gson/gson/2.2.4/gson-2.2.4.jar:/home/user/.m2/repository/org/apache/hadoop/hadoop-auth/3.2.0/hadoop-auth-3.2.0.jar:/home/user/.m2/repository/com/nimbusds/nimbus-jose-jwt/4.41.1/nimbus-jose-jwt-4.41.1.jar:/home/user/.m2/repository/com/github/stephenc/jcip/jcip-annotations/1.0-1/jcip-annotations-1.0-1.jar:/home/user/.m2/repository/net/minidev/json-smart/2.3/json-smart-2.3.jar:/home/user/.m2/repository/net/minidev/accessors-smart/1.2/accessors-smart-1.2.jar:/home/user/.m2/repository/org/apache/curator/curator-framework/2.12.0/curator-framework-2.12.0.jar:/home/user/.m2/repository/com/jcraft/jsch/0.1.54/jsch-0.1.54.jar:/home/user/.m2/repository/org/apache/curator/curator-client/2.12.0/curator-client-2.12.0.jar:/home/user/.m2/repository/org/apache/curator/curator-recipes/2.12.0/curator-recipes-2.12.0.jar:/home/user/.m2/repository/com/google/code/findbugs/jsr305/3.0.0/jsr305-3.0.0.jar:/home/user/.m2/repository/org/apache/htrace/htrace-core4/4.1.0-incubating/htrace-core4-4.1.0-incubating.jar:/home/user/.m2/repository/org/apache/zookeeper/zookeeper/3.4.13/zookeeper-3.4.13.jar:/home/user/.m2/repository/org/apache/yetus/audience-annotations/0.5.0/audience-annotations-0.5.0.jar:/home/user/.m2/repository/org/apache/kerby/kerb-simplekdc/1.0.1/kerb-simplekdc-1.0.1.jar:/home/user/.m2/repository/org/apache/kerby/kerb-client/1.0.1/kerb-client-1.0.1.jar:/home/user/.m2/repository/org/apache/kerby/kerby-config/1.0.1/kerby-config-1.0.1.jar:/home/user/.m2/repository/org/apache/kerby/kerb-core/1.0.1/kerb-core-1.0.1.jar:/home/user/.m2/repository/org/apache/kerby/kerby-pkix/1.0.1/kerby-pkix-1.0.1.jar:/home/user/.m2/repository/org/apache/kerby/kerby-asn1/1.0.1/kerby-asn1-1.0.1.jar:/home/user/.m2/repository/org/apache/kerby/kerby-util/1.0.1/kerby-util-1.0.1.jar:/home/user/.m2/repository/org/apache/kerby/kerb-common/1.0.1/kerb-common-1.0.1.jar:/home/user/.m2/repository/org/apache/kerby/kerb-crypto/1.0.1/kerb-crypto-1.0.1.jar:/home/user/.m2/repository/org/apache/kerby/kerb-util/1.0.1/kerb-util-1.0.1.jar:/home/user/.m2/repository/org/apache/kerby/token-provider/1.0.1/token-provider-1.0.1.jar:/home/user/.m2/repository/org/apache/kerby/kerb-admin/1.0.1/kerb-admin-1.0.1.jar:/home/user/.m2/repository/org/apache/kerby/kerb-server/1.0.1/kerb-server-1.0.1.jar:/home/user/.m2/repository/org/apache/kerby/kerb-identity/1.0.1/kerb-identity-1.0.1.jar:/home/user/.m2/repository/org/apache/kerby/kerby-xdr/1.0.1/kerby-xdr-1.0.1.jar:/home/user/.m2/repository/com/fasterxml/jackson/core/jackson-databind/2.9.5/jackson-databind-2.9.5.jar:/home/user/.m2/repository/com/fasterxml/jackson/core/jackson-core/2.9.5/jackson-core-2.9.5.jar:/home/user/.m2/repository/org/codehaus/woodstox/stax2-api/3.1.4/stax2-api-3.1.4.jar:/home/user/.m2/repository/com/fasterxml/woodstox/woodstox-core/5.0.3/woodstox-core-5.0.3.jar:/home/user/.m2/repository/dnsjava/dnsjava/2.1.7/dnsjava-2.1.7.jar:/home/user/.m2/repository/org/apache/hadoop/hadoop-hdfs/3.2.0/hadoop-hdfs-3.2.0.jar:/home/user/.m2/repository/org/eclipse/jetty/jetty-util-ajax/9.3.24.v20180605/jetty-util-ajax-9.3.24.v20180605.jar:/home/user/.m2/repository/commons-daemon/commons-daemon/1.0.13/commons-daemon-1.0.13.jar:/home/user/.m2/repository/io/netty/netty/3.10.5.Final/netty-3.10.5.Final.jar:/home/user/.m2/repository/io/netty/netty-all/4.0.52.Final/netty-all-4.0.52.Final.jar:/home/user/.m2/repository/org/fusesource/leveldbjni/leveldbjni-all/1.8/leveldbjni-all-1.8.jar:/home/user/.m2/repository/com/sun/xml/bind/jaxb-core/2.3.0.1/jaxb-core-2.3.0.1.jar:/home/user/.m2/repository/javax/xml/bind/jaxb-api/2.3.0/jaxb-api-2.3.0.jar:/home/user/.m2/repository/javax/activation/activation/1.1.1/activation-1.1.1.jar:/home/user/.m2/repository/io/dropwizard/metrics/metrics-core/3.2.4/metrics-core-3.2.4.jar:/home/user/.m2/repository/org/openjdk/jmh/jmh-core/1.19/jmh-core-1.19.jar:/home/user/.m2/repository/net/sf/jopt-simple/jopt-simple/4.6/jopt-simple-4.6.jar:/home/user/.m2/repository/org/openjdk/jmh/jmh-generator-annprocess/1.19/jmh-generator-annprocess-1.19.jar:/home/user/.m2/repository/com/google/code/findbugs/findbugs/3.0.1/findbugs-3.0.1.jar:/home/user/.m2/repository/net/jcip/jcip-annotations/1.0/jcip-annotations-1.0.jar:/home/user/.m2/repository/com/google/code/findbugs/bcel-findbugs/6.0/bcel-findbugs-6.0.jar:/home/user/.m2/repository/com/google/code/findbugs/jFormatString/2.0.1/jFormatString-2.0.1.jar:/home/user/.m2/repository/dom4j/dom4j/1.6.1/dom4j-1.6.1.jar:/home/user/.m2/repository/xml-apis/xml-apis/1.0.b2/xml-apis-1.0.b2.jar:/home/user/.m2/repository/org/ow2/asm/asm-debug-all/5.0.2/asm-debug-all-5.0.2.jar:/home/user/.m2/repository/org/ow2/asm/asm-commons/5.0.2/asm-commons-5.0.2.jar:/home/user/.m2/repository/org/ow2/asm/asm-tree/5.0.2/asm-tree-5.0.2.jar:/home/user/.m2/repository/org/ow2/asm/asm/5.0.4/asm-5.0.4.jar:/home/user/.m2/repository/commons-lang/commons-lang/2.6/commons-lang-2.6.jar:/home/user/.m2/repository/com/apple/AppleJavaExtensions/1.4/AppleJavaExtensions-1.4.jar:/home/user/.m2/repository/jaxen/jaxen/1.1.6/jaxen-1.1.6.jar:/home/user/.m2/repository/junit/junit/4.11/junit-4.11.jar:/home/user/.m2/repository/org/hamcrest/hamcrest-core/1.3/hamcrest-core-1.3.jar:/home/user/.m2/repository/org/apache/hadoop/hadoop-common/3.2.0/hadoop-common-3.2.0-tests.jar:/workdir/hadoop-ozone/integration-test/target/test-classes:/home/user/.m2/repository/org/apache/hadoop/hadoop-ozone-objectstore-service/0.5.0-SNAPSHOT/hadoop-ozone-objectstore-service-0.5.0-SNAPSHOT.jar:/home/user/.m2/repository/org/apache/hadoop/hadoop-ozone-s3gateway/0.5.0-SNAPSHOT/hadoop-ozone-s3gateway-0.5.0-SNAPSHOT.jar:/home/user/.m2/repository/org/jboss/weld/servlet/weld-servlet/2.4.7.Final/weld-servlet-2.4.7.Final.jar:/home/user/.m2/repository/org/glassfish/jersey/containers/jersey-container-servlet-core/2.27/jersey-container-servlet-core-2.27.jar:/home/user/.m2/repository/org/glassfish/hk2/external/javax.inject/2.5.0-b42/javax.inject-2.5.0-b42.jar:/home/user/.m2/repository/org/glassfish/jersey/core/jersey-common/2.27/jersey-common-2.27.jar:/home/user/.m2/repository/org/glassfish/hk2/osgi-resource-locator/1.0.1/osgi-resource-locator-1.0.1.jar:/home/user/.m2/repository/javax/ws/rs/javax.ws.rs-api/2.1/javax.ws.rs-api-2.1.jar:/home/user/.m2/repository/org/glassfish/jersey/ext/cdi/jersey-cdi1x/2.27/jersey-cdi1x-2.27.jar:/home/user/.m2/repository/org/glassfish/jersey/inject/jersey-hk2/2.27/jersey-hk2-2.27.jar:/home/user/.m2/repository/org/glassfish/hk2/hk2-locator/2.5.0-b42/hk2-locator-2.5.0-b42.jar:/home/user/.m2/repository/org/javassist/javassist/3.22.0-CR2/javassist-3.22.0-CR2.jar:/home/user/.m2/repository/org/glassfish/hk2/hk2-api/2.5.0/hk2-api-2.5.0.jar:/home/user/.m2/repository/org/glassfish/hk2/external/jakarta.inject/2.5.0/jakarta.inject-2.5.0.jar:/home/user/.m2/repository/org/glassfish/hk2/hk2-utils/2.5.0/hk2-utils-2.5.0.jar:/home/user/.m2/repository/jakarta/annotation/jakarta.annotation-api/1.3.4/jakarta.annotation-api-1.3.4.jar:/home/user/.m2/repository/org/glassfish/hk2/external/aopalliance-repackaged/2.5.0/aopalliance-repackaged-2.5.0.jar:/home/user/.m2/repository/com/fasterxml/jackson/dataformat/jackson-dataformat-xml/2.9.0/jackson-dataformat-xml-2.9.0.jar:/home/user/.m2/repository/com/fasterxml/jackson/module/jackson-module-jaxb-annotations/2.9.5/jackson-module-jaxb-annotations-2.9.5.jar:/home/user/.m2/repository/javax/enterprise/cdi-api/1.2/cdi-api-1.2.jar:/home/user/.m2/repository/javax/el/javax.el-api/3.0.0/javax.el-api-3.0.0.jar:/home/user/.m2/repository/javax/interceptor/javax.interceptor-api/1.2/javax.interceptor-api-1.2.jar:/home/user/.m2/repository/javax/inject/javax.inject/1/javax.inject-1.jar:/home/user/.m2/repository/org/apache/hadoop/hadoop-ozone-csi/0.5.0-SNAPSHOT/hadoop-ozone-csi-0.5.0-SNAPSHOT.jar:/home/user/.m2/repository/com/google/protobuf/protobuf-java-util/3.5.1/protobuf-java-util-3.5.1.jar:/home/user/.m2/repository/io/grpc/grpc-netty/1.17.1/grpc-netty-1.17.1.jar:/home/user/.m2/repository/io/grpc/grpc-core/1.17.1/grpc-core-1.17.1.jar:/home/user/.m2/repository/io/grpc/grpc-context/1.17.1/grpc-context-1.17.1.jar:/home/user/.m2/repository/com/google/errorprone/error_prone_annotations/2.2.0/error_prone_annotations-2.2.0.jar:/home/user/.m2/repository/org/codehaus/mojo/animal-sniffer-annotations/1.17/animal-sniffer-annotations-1.17.jar:/home/user/.m2/repository/io/opencensus/opencensus-api/0.17.0/opencensus-api-0.17.0.jar:/home/user/.m2/repository/io/opencensus/opencensus-contrib-grpc-metrics/0.17.0/opencensus-contrib-grpc-metrics-0.17.0.jar:/home/user/.m2/repository/io/netty/netty-codec-http2/4.1.30.Final/netty-codec-http2-4.1.30.Final.jar:/home/user/.m2/repository/io/netty/netty-codec-http/4.1.30.Final/netty-codec-http-4.1.30.Final.jar:/home/user/.m2/repository/io/netty/netty-codec/4.1.30.Final/netty-codec-4.1.30.Final.jar:/home/user/.m2/repository/io/netty/netty-handler/4.1.30.Final/netty-handler-4.1.30.Final.jar:/home/user/.m2/repository/io/netty/netty-handler-proxy/4.1.30.Final/netty-handler-proxy-4.1.30.Final.jar:/home/user/.m2/repository/io/netty/netty-codec-socks/4.1.30.Final/netty-codec-socks-4.1.30.Final.jar:/home/user/.m2/repository/io/netty/netty-transport-native-epoll/4.1.30.Final/netty-transport-native-epoll-4.1.30.Final.jar:/home/user/.m2/repository/io/netty/netty-common/4.1.30.Final/netty-common-4.1.30.Final.jar:/home/user/.m2/repository/io/netty/netty-buffer/4.1.30.Final/netty-buffer-4.1.30.Final.jar:/home/user/.m2/repository/io/netty/netty-transport/4.1.30.Final/netty-transport-4.1.30.Final.jar:/home/user/.m2/repository/io/netty/netty-resolver/4.1.30.Final/netty-resolver-4.1.30.Final.jar:/home/user/.m2/repository/io/netty/netty-transport-native-unix-common/4.1.30.Final/netty-transport-native-unix-common-4.1.30.Final.jar:/home/user/.m2/repository/io/grpc/grpc-protobuf/1.17.1/grpc-protobuf-1.17.1.jar:/home/user/.m2/repository/com/google/api/grpc/proto-google-common-protos/1.0.0/proto-google-common-protos-1.0.0.jar:/home/user/.m2/repository/io/grpc/grpc-protobuf-lite/1.17.1/grpc-protobuf-lite-1.17.1.jar:/home/user/.m2/repository/io/grpc/grpc-stub/1.17.1/grpc-stub-1.17.1.jar:/home/user/.m2/repository/org/apache/hadoop/hadoop-ozone-recon/0.5.0-SNAPSHOT/hadoop-ozone-recon-0.5.0-SNAPSHOT.jar:/home/user/.m2/repository/org/apache/hadoop/hadoop-ozone-reconcodegen/0.5.0-SNAPSHOT/hadoop-ozone-reconcodegen-0.5.0-SNAPSHOT.jar:/home/user/.m2/repository/com/google/inject/extensions/guice-multibindings/4.0/guice-multibindings-4.0.jar:/home/user/.m2/repository/com/google/inject/guice/4.0/guice-4.0.jar:/home/user/.m2/repository/aopalliance/aopalliance/1.0/aopalliance-1.0.jar:/home/user/.m2/repository/com/google/inject/extensions/guice-servlet/4.0/guice-servlet-4.0.jar:/home/user/.m2/repository/org/glassfish/jersey/containers/jersey-container-servlet/2.27/jersey-container-servlet-2.27.jar:/home/user/.m2/repository/org/glassfish/hk2/guice-bridge/2.5.0/guice-bridge-2.5.0.jar:/home/user/.m2/repository/org/glassfish/jersey/core/jersey-server/2.27/jersey-server-2.27.jar:/home/user/.m2/repository/org/glassfish/jersey/core/jersey-client/2.27/jersey-client-2.27.jar:/home/user/.m2/repository/org/glassfish/jersey/media/jersey-media-jaxb/2.27/jersey-media-jaxb-2.27.jar:/home/user/.m2/repository/javax/validation/validation-api/1.1.0.Final/validation-api-1.1.0.Final.jar:/home/user/.m2/repository/org/glassfish/jersey/media/jersey-media-json-jackson/2.27/jersey-media-json-jackson-2.27.jar:/home/user/.m2/repository/org/glassfish/jersey/ext/jersey-entity-filtering/2.27/jersey-entity-filtering-2.27.jar:/home/user/.m2/repository/com/google/inject/extensions/guice-assistedinject/4.0/guice-assistedinject-4.0.jar:/home/user/.m2/repository/org/jooq/jooq/3.11.10/jooq-3.11.10.jar:/home/user/.m2/repository/org/jooq/jooq-meta/3.11.10/jooq-meta-3.11.10.jar:/home/user/.m2/repository/org/jooq/jooq-codegen/3.11.10/jooq-codegen-3.11.10.jar:/home/user/.m2/repository/com/jolbox/bonecp/0.8.0.RELEASE/bonecp-0.8.0.RELEASE.jar:/home/user/.m2/repository/org/springframework/spring-jdbc/5.1.3.RELEASE/spring-jdbc-5.1.3.RELEASE.jar:/home/user/.m2/repository/org/springframework/spring-beans/5.1.3.RELEASE/spring-beans-5.1.3.RELEASE.jar:/home/user/.m2/repository/org/springframework/spring-core/5.1.3.RELEASE/spring-core-5.1.3.RELEASE.jar:/home/user/.m2/repository/org/springframework/spring-jcl/5.1.3.RELEASE/spring-jcl-5.1.3.RELEASE.jar:/home/user/.m2/repository/org/springframework/spring-tx/5.1.3.RELEASE/spring-tx-5.1.3.RELEASE.jar:/home/user/.m2/repository/org/mockito/mockito-core/2.15.0/mockito-core-2.15.0.jar:/home/user/.m2/repository/net/bytebuddy/byte-buddy/1.7.9/byte-buddy-1.7.9.jar:/home/user/.m2/repository/net/bytebuddy/byte-buddy-agent/1.7.9/byte-buddy-agent-1.7.9.jar:/home/user/.m2/repository/org/objenesis/objenesis/1.0/objenesis-1.0.jar:"/>
    <property name="java.vm.vendor" value="IcedTea"/>
    <property name="sun.arch.data.model" value="64"/>
    <property name="test.build.dir" value="/workdir/hadoop-ozone/tools/target/test-dir"/>
    <property name="test.cache.data" value=""/>
    <property name="java.vendor.url" value="https://icedtea.classpath.org"/>
    <property name="user.timezone" value=""/>
    <property name="java.vm.specification.version" value="1.8"/>
    <property name="os.name" value="Linux"/>
    <property name="test.build.data" value="/workdir/hadoop-ozone/tools/target/test-dir"/>
    <property name="user.country" value="US"/>
    <property name="sun.java.launcher" value="SUN_STANDARD"/>
    <property name="sun.boot.library.path" value="/usr/lib/jvm/java-1.8-openjdk/jre/lib/amd64"/>
    <property name="sun.java.command" value="/workdir/hadoop-ozone/tools/target/surefire/surefirebooter3472749019622110215.jar /workdir/hadoop-ozone/tools/target/surefire 2019-08-21T00-29-00_379-jvmRun1 surefire510365968348413863tmp surefire_1158938635024347985814tmp"/>
    <property name="test" value="!TestMiniChaosOzoneCluster"/>
    <property name="surefire.test.class.path" value="/workdir/hadoop-ozone/tools/target/test-classes:/workdir/hadoop-ozone/tools/target/classes:/home/user/.m2/repository/org/apache/hadoop/hadoop-ozone-ozone-manager/0.5.0-SNAPSHOT/hadoop-ozone-ozone-manager-0.5.0-SNAPSHOT.jar:/home/user/.m2/repository/org/apache/hadoop/hadoop-hdds-docs/0.5.0-SNAPSHOT/hadoop-hdds-docs-0.5.0-SNAPSHOT.jar:/home/user/.m2/repository/org/bouncycastle/bcprov-jdk15on/1.60/bcprov-jdk15on-1.60.jar:/home/user/.m2/repository/org/apache/hadoop/hadoop-ozone-common/0.5.0-SNAPSHOT/hadoop-ozone-common-0.5.0-SNAPSHOT.jar:/home/user/.m2/repository/org/apache/commons/commons-compress/1.4.1/commons-compress-1.4.1.jar:/home/user/.m2/repository/org/tukaani/xz/1.0/xz-1.0.jar:/home/user/.m2/repository/org/apache/hadoop/hadoop-hdfs-client/3.2.0/hadoop-hdfs-client-3.2.0.jar:/home/user/.m2/repository/com/fasterxml/jackson/core/jackson-annotations/2.9.5/jackson-annotations-2.9.5.jar:/home/user/.m2/repository/org/apache/hadoop/hadoop-hdds-common/0.5.0-SNAPSHOT/hadoop-hdds-common-0.5.0-SNAPSHOT.jar:/home/user/.m2/repository/org/apache/hadoop/hadoop-hdds-config/0.5.0-SNAPSHOT/hadoop-hdds-config-0.5.0-SNAPSHOT.jar:/home/user/.m2/repository/javax/annotation/javax.annotation-api/1.2/javax.annotation-api-1.2.jar:/home/user/.m2/repository/org/apache/ratis/ratis-server/0.4.0-2337318-SNAPSHOT/ratis-server-0.4.0-2337318-SNAPSHOT.jar:/home/user/.m2/repository/org/apache/ratis/ratis-thirdparty-misc/0.2.0/ratis-thirdparty-misc-0.2.0.jar:/home/user/.m2/repository/org/apache/ratis/ratis-proto/0.4.0-2337318-SNAPSHOT/ratis-proto-0.4.0-2337318-SNAPSHOT.jar:/home/user/.m2/repository/org/apache/ratis/ratis-common/0.4.0-2337318-SNAPSHOT/ratis-common-0.4.0-2337318-SNAPSHOT.jar:/home/user/.m2/repository/org/apache/ratis/ratis-client/0.4.0-2337318-SNAPSHOT/ratis-client-0.4.0-2337318-SNAPSHOT.jar:/home/user/.m2/repository/org/apache/ratis/ratis-metrics/0.4.0-2337318-SNAPSHOT/ratis-metrics-0.4.0-2337318-SNAPSHOT.jar:/home/user/.m2/repository/org/apache/ratis/ratis-netty/0.4.0-2337318-SNAPSHOT/ratis-netty-0.4.0-2337318-SNAPSHOT.jar:/home/user/.m2/repository/org/apache/ratis/ratis-grpc/0.4.0-2337318-SNAPSHOT/ratis-grpc-0.4.0-2337318-SNAPSHOT.jar:/home/user/.m2/repository/org/rocksdb/rocksdbjni/6.0.1/rocksdbjni-6.0.1.jar:/home/user/.m2/repository/org/apache/logging/log4j/log4j-api/2.11.0/log4j-api-2.11.0.jar:/home/user/.m2/repository/org/apache/logging/log4j/log4j-core/2.11.0/log4j-core-2.11.0.jar:/home/user/.m2/repository/com/lmax/disruptor/3.4.2/disruptor-3.4.2.jar:/home/user/.m2/repository/org/apache/commons/commons-pool2/2.6.0/commons-pool2-2.6.0.jar:/home/user/.m2/repository/org/bouncycastle/bcpkix-jdk15on/1.60/bcpkix-jdk15on-1.60.jar:/home/user/.m2/repository/commons-validator/commons-validator/1.6/commons-validator-1.6.jar:/home/user/.m2/repository/commons-digester/commons-digester/1.8.1/commons-digester-1.8.1.jar:/home/user/.m2/repository/io/jaegertracing/jaeger-client/0.33.1/jaeger-client-0.33.1.jar:/home/user/.m2/repository/io/jaegertracing/jaeger-thrift/0.33.1/jaeger-thrift-0.33.1.jar:/home/user/.m2/repository/org/apache/thrift/libthrift/0.11.0/libthrift-0.11.0.jar:/home/user/.m2/repository/com/squareup/okhttp3/okhttp/3.9.0/okhttp-3.9.0.jar:/home/user/.m2/repository/com/squareup/okio/okio/1.13.0/okio-1.13.0.jar:/home/user/.m2/repository/io/jaegertracing/jaeger-core/0.33.1/jaeger-core-0.33.1.jar:/home/user/.m2/repository/io/jaegertracing/jaeger-tracerresolver/0.33.1/jaeger-tracerresolver-0.33.1.jar:/home/user/.m2/repository/io/opentracing/contrib/opentracing-tracerresolver/0.1.5/opentracing-tracerresolver-0.1.5.jar:/home/user/.m2/repository/io/opentracing/opentracing-util/0.31.0/opentracing-util-0.31.0.jar:/home/user/.m2/repository/io/opentracing/opentracing-api/0.31.0/opentracing-api-0.31.0.jar:/home/user/.m2/repository/io/opentracing/opentracing-noop/0.31.0/opentracing-noop-0.31.0.jar:/home/user/.m2/repository/org/yaml/snakeyaml/1.16/snakeyaml-1.16.jar:/home/user/.m2/repository/org/apache/hadoop/hadoop-hdds-container-service/0.5.0-SNAPSHOT/hadoop-hdds-container-service-0.5.0-SNAPSHOT.jar:/home/user/.m2/repository/org/apache/hadoop/hadoop-hdds-client/0.5.0-SNAPSHOT/hadoop-hdds-client-0.5.0-SNAPSHOT.jar:/home/user/.m2/repository/org/apache/hadoop/hadoop-hdds-tools/0.5.0-SNAPSHOT/hadoop-hdds-tools-0.5.0-SNAPSHOT.jar:/home/user/.m2/repository/org/xerial/sqlite-jdbc/3.25.2/sqlite-jdbc-3.25.2.jar:/home/user/.m2/repository/org/apache/hadoop/hadoop-hdds-server-scm/0.5.0-SNAPSHOT/hadoop-hdds-server-scm-0.5.0-SNAPSHOT.jar:/home/user/.m2/repository/org/hamcrest/hamcrest-all/1.3/hamcrest-all-1.3.jar:/home/user/.m2/repository/info/picocli/picocli/3.9.6/picocli-3.9.6.jar:/home/user/.m2/repository/com/google/protobuf/protobuf-java/2.5.0/protobuf-java-2.5.0.jar:/home/user/.m2/repository/com/google/guava/guava/11.0.2/guava-11.0.2.jar:/home/user/.m2/repository/org/apache/hadoop/hadoop-ozone-client/0.5.0-SNAPSHOT/hadoop-ozone-client-0.5.0-SNAPSHOT.jar:/workdir/hadoop-ozone/ozonefs/target/classes:/home/user/.m2/repository/org/apache/hadoop/hadoop-hdds-server-framework/0.5.0-SNAPSHOT/hadoop-hdds-server-framework-0.5.0-SNAPSHOT.jar:/home/user/.m2/repository/org/apache/hadoop/hadoop-common/3.2.0/hadoop-common-3.2.0.jar:/home/user/.m2/repository/org/apache/hadoop/hadoop-annotations/3.2.0/hadoop-annotations-3.2.0.jar:/usr/lib/jvm/java-1.8-openjdk/jre/../lib/tools.jar:/home/user/.m2/repository/commons-cli/commons-cli/1.2/commons-cli-1.2.jar:/home/user/.m2/repository/org/apache/commons/commons-math3/3.1.1/commons-math3-3.1.1.jar:/home/user/.m2/repository/org/apache/httpcomponents/httpclient/4.5.2/httpclient-4.5.2.jar:/home/user/.m2/repository/org/apache/httpcomponents/httpcore/4.4.4/httpcore-4.4.4.jar:/home/user/.m2/repository/commons-codec/commons-codec/1.11/commons-codec-1.11.jar:/home/user/.m2/repository/commons-io/commons-io/2.5/commons-io-2.5.jar:/home/user/.m2/repository/commons-net/commons-net/3.6/commons-net-3.6.jar:/home/user/.m2/repository/commons-collections/commons-collections/3.2.2/commons-collections-3.2.2.jar:/home/user/.m2/repository/javax/servlet/javax.servlet-api/3.1.0/javax.servlet-api-3.1.0.jar:/home/user/.m2/repository/org/eclipse/jetty/jetty-server/9.3.24.v20180605/jetty-server-9.3.24.v20180605.jar:/home/user/.m2/repository/org/eclipse/jetty/jetty-http/9.3.24.v20180605/jetty-http-9.3.24.v20180605.jar:/home/user/.m2/repository/org/eclipse/jetty/jetty-io/9.3.24.v20180605/jetty-io-9.3.24.v20180605.jar:/home/user/.m2/repository/org/eclipse/jetty/jetty-util/9.3.24.v20180605/jetty-util-9.3.24.v20180605.jar:/home/user/.m2/repository/org/eclipse/jetty/jetty-servlet/9.3.24.v20180605/jetty-servlet-9.3.24.v20180605.jar:/home/user/.m2/repository/org/eclipse/jetty/jetty-security/9.3.24.v20180605/jetty-security-9.3.24.v20180605.jar:/home/user/.m2/repository/org/eclipse/jetty/jetty-webapp/9.3.24.v20180605/jetty-webapp-9.3.24.v20180605.jar:/home/user/.m2/repository/org/eclipse/jetty/jetty-xml/9.3.24.v20180605/jetty-xml-9.3.24.v20180605.jar:/home/user/.m2/repository/javax/servlet/jsp/jsp-api/2.1/jsp-api-2.1.jar:/home/user/.m2/repository/com/sun/jersey/jersey-core/1.19/jersey-core-1.19.jar:/home/user/.m2/repository/javax/ws/rs/jsr311-api/1.1.1/jsr311-api-1.1.1.jar:/home/user/.m2/repository/com/sun/jersey/jersey-servlet/1.19/jersey-servlet-1.19.jar:/home/user/.m2/repository/com/sun/jersey/jersey-json/1.19/jersey-json-1.19.jar:/home/user/.m2/repository/org/codehaus/jettison/jettison/1.1/jettison-1.1.jar:/home/user/.m2/repository/com/sun/xml/bind/jaxb-impl/2.3.0.1/jaxb-impl-2.3.0.1.jar:/home/user/.m2/repository/org/codehaus/jackson/jackson-core-asl/1.9.13/jackson-core-asl-1.9.13.jar:/home/user/.m2/repository/org/codehaus/jackson/jackson-mapper-asl/1.9.13/jackson-mapper-asl-1.9.13.jar:/home/user/.m2/repository/org/codehaus/jackson/jackson-jaxrs/1.9.13/jackson-jaxrs-1.9.13.jar:/home/user/.m2/repository/org/codehaus/jackson/jackson-xc/1.9.13/jackson-xc-1.9.13.jar:/home/user/.m2/repository/com/sun/jersey/jersey-server/1.19/jersey-server-1.19.jar:/home/user/.m2/repository/commons-logging/commons-logging/1.1.3/commons-logging-1.1.3.jar:/home/user/.m2/repository/log4j/log4j/1.2.17/log4j-1.2.17.jar:/home/user/.m2/repository/commons-beanutils/commons-beanutils/1.9.3/commons-beanutils-1.9.3.jar:/home/user/.m2/repository/org/apache/commons/commons-configuration2/2.1.1/commons-configuration2-2.1.1.jar:/home/user/.m2/repository/org/apache/commons/commons-lang3/3.7/commons-lang3-3.7.jar:/home/user/.m2/repository/org/apache/commons/commons-text/1.4/commons-text-1.4.jar:/home/user/.m2/repository/org/slf4j/slf4j-api/1.7.25/slf4j-api-1.7.25.jar:/home/user/.m2/repository/org/slf4j/slf4j-log4j12/1.7.25/slf4j-log4j12-1.7.25.jar:/home/user/.m2/repository/org/apache/avro/avro/1.7.7/avro-1.7.7.jar:/home/user/.m2/repository/com/thoughtworks/paranamer/paranamer/2.3/paranamer-2.3.jar:/home/user/.m2/repository/org/xerial/snappy/snappy-java/1.0.5/snappy-java-1.0.5.jar:/home/user/.m2/repository/com/google/re2j/re2j/1.1/re2j-1.1.jar:/home/user/.m2/repository/com/google/code/gson/gson/2.2.4/gson-2.2.4.jar:/home/user/.m2/repository/org/apache/hadoop/hadoop-auth/3.2.0/hadoop-auth-3.2.0.jar:/home/user/.m2/repository/com/nimbusds/nimbus-jose-jwt/4.41.1/nimbus-jose-jwt-4.41.1.jar:/home/user/.m2/repository/com/github/stephenc/jcip/jcip-annotations/1.0-1/jcip-annotations-1.0-1.jar:/home/user/.m2/repository/net/minidev/json-smart/2.3/json-smart-2.3.jar:/home/user/.m2/repository/net/minidev/accessors-smart/1.2/accessors-smart-1.2.jar:/home/user/.m2/repository/org/apache/curator/curator-framework/2.12.0/curator-framework-2.12.0.jar:/home/user/.m2/repository/com/jcraft/jsch/0.1.54/jsch-0.1.54.jar:/home/user/.m2/repository/org/apache/curator/curator-client/2.12.0/curator-client-2.12.0.jar:/home/user/.m2/repository/org/apache/curator/curator-recipes/2.12.0/curator-recipes-2.12.0.jar:/home/user/.m2/repository/com/google/code/findbugs/jsr305/3.0.0/jsr305-3.0.0.jar:/home/user/.m2/repository/org/apache/htrace/htrace-core4/4.1.0-incubating/htrace-core4-4.1.0-incubating.jar:/home/user/.m2/repository/org/apache/zookeeper/zookeeper/3.4.13/zookeeper-3.4.13.jar:/home/user/.m2/repository/org/apache/yetus/audience-annotations/0.5.0/audience-annotations-0.5.0.jar:/home/user/.m2/repository/org/apache/kerby/kerb-simplekdc/1.0.1/kerb-simplekdc-1.0.1.jar:/home/user/.m2/repository/org/apache/kerby/kerb-client/1.0.1/kerb-client-1.0.1.jar:/home/user/.m2/repository/org/apache/kerby/kerby-config/1.0.1/kerby-config-1.0.1.jar:/home/user/.m2/repository/org/apache/kerby/kerb-core/1.0.1/kerb-core-1.0.1.jar:/home/user/.m2/repository/org/apache/kerby/kerby-pkix/1.0.1/kerby-pkix-1.0.1.jar:/home/user/.m2/repository/org/apache/kerby/kerby-asn1/1.0.1/kerby-asn1-1.0.1.jar:/home/user/.m2/repository/org/apache/kerby/kerby-util/1.0.1/kerby-util-1.0.1.jar:/home/user/.m2/repository/org/apache/kerby/kerb-common/1.0.1/kerb-common-1.0.1.jar:/home/user/.m2/repository/org/apache/kerby/kerb-crypto/1.0.1/kerb-crypto-1.0.1.jar:/home/user/.m2/repository/org/apache/kerby/kerb-util/1.0.1/kerb-util-1.0.1.jar:/home/user/.m2/repository/org/apache/kerby/token-provider/1.0.1/token-provider-1.0.1.jar:/home/user/.m2/repository/org/apache/kerby/kerb-admin/1.0.1/kerb-admin-1.0.1.jar:/home/user/.m2/repository/org/apache/kerby/kerb-server/1.0.1/kerb-server-1.0.1.jar:/home/user/.m2/repository/org/apache/kerby/kerb-identity/1.0.1/kerb-identity-1.0.1.jar:/home/user/.m2/repository/org/apache/kerby/kerby-xdr/1.0.1/kerby-xdr-1.0.1.jar:/home/user/.m2/repository/com/fasterxml/jackson/core/jackson-databind/2.9.5/jackson-databind-2.9.5.jar:/home/user/.m2/repository/com/fasterxml/jackson/core/jackson-core/2.9.5/jackson-core-2.9.5.jar:/home/user/.m2/repository/org/codehaus/woodstox/stax2-api/3.1.4/stax2-api-3.1.4.jar:/home/user/.m2/repository/com/fasterxml/woodstox/woodstox-core/5.0.3/woodstox-core-5.0.3.jar:/home/user/.m2/repository/dnsjava/dnsjava/2.1.7/dnsjava-2.1.7.jar:/home/user/.m2/repository/org/apache/hadoop/hadoop-hdfs/3.2.0/hadoop-hdfs-3.2.0.jar:/home/user/.m2/repository/org/eclipse/jetty/jetty-util-ajax/9.3.24.v20180605/jetty-util-ajax-9.3.24.v20180605.jar:/home/user/.m2/repository/commons-daemon/commons-daemon/1.0.13/commons-daemon-1.0.13.jar:/home/user/.m2/repository/io/netty/netty/3.10.5.Final/netty-3.10.5.Final.jar:/home/user/.m2/repository/io/netty/netty-all/4.0.52.Final/netty-all-4.0.52.Final.jar:/home/user/.m2/repository/org/fusesource/leveldbjni/leveldbjni-all/1.8/leveldbjni-all-1.8.jar:/home/user/.m2/repository/com/sun/xml/bind/jaxb-core/2.3.0.1/jaxb-core-2.3.0.1.jar:/home/user/.m2/repository/javax/xml/bind/jaxb-api/2.3.0/jaxb-api-2.3.0.jar:/home/user/.m2/repository/javax/activation/activation/1.1.1/activation-1.1.1.jar:/home/user/.m2/repository/io/dropwizard/metrics/metrics-core/3.2.4/metrics-core-3.2.4.jar:/home/user/.m2/repository/org/openjdk/jmh/jmh-core/1.19/jmh-core-1.19.jar:/home/user/.m2/repository/net/sf/jopt-simple/jopt-simple/4.6/jopt-simple-4.6.jar:/home/user/.m2/repository/org/openjdk/jmh/jmh-generator-annprocess/1.19/jmh-generator-annprocess-1.19.jar:/home/user/.m2/repository/com/google/code/findbugs/findbugs/3.0.1/findbugs-3.0.1.jar:/home/user/.m2/repository/net/jcip/jcip-annotations/1.0/jcip-annotations-1.0.jar:/home/user/.m2/repository/com/google/code/findbugs/bcel-findbugs/6.0/bcel-findbugs-6.0.jar:/home/user/.m2/repository/com/google/code/findbugs/jFormatString/2.0.1/jFormatString-2.0.1.jar:/home/user/.m2/repository/dom4j/dom4j/1.6.1/dom4j-1.6.1.jar:/home/user/.m2/repository/xml-apis/xml-apis/1.0.b2/xml-apis-1.0.b2.jar:/home/user/.m2/repository/org/ow2/asm/asm-debug-all/5.0.2/asm-debug-all-5.0.2.jar:/home/user/.m2/repository/org/ow2/asm/asm-commons/5.0.2/asm-commons-5.0.2.jar:/home/user/.m2/repository/org/ow2/asm/asm-tree/5.0.2/asm-tree-5.0.2.jar:/home/user/.m2/repository/org/ow2/asm/asm/5.0.4/asm-5.0.4.jar:/home/user/.m2/repository/commons-lang/commons-lang/2.6/commons-lang-2.6.jar:/home/user/.m2/repository/com/apple/AppleJavaExtensions/1.4/AppleJavaExtensions-1.4.jar:/home/user/.m2/repository/jaxen/jaxen/1.1.6/jaxen-1.1.6.jar:/home/user/.m2/repository/junit/junit/4.11/junit-4.11.jar:/home/user/.m2/repository/org/hamcrest/hamcrest-core/1.3/hamcrest-core-1.3.jar:/home/user/.m2/repository/org/apache/hadoop/hadoop-common/3.2.0/hadoop-common-3.2.0-tests.jar:/workdir/hadoop-ozone/integration-test/target/test-classes:/home/user/.m2/repository/org/apache/hadoop/hadoop-ozone-objectstore-service/0.5.0-SNAPSHOT/hadoop-ozone-objectstore-service-0.5.0-SNAPSHOT.jar:/home/user/.m2/repository/org/apache/hadoop/hadoop-ozone-s3gateway/0.5.0-SNAPSHOT/hadoop-ozone-s3gateway-0.5.0-SNAPSHOT.jar:/home/user/.m2/repository/org/jboss/weld/servlet/weld-servlet/2.4.7.Final/weld-servlet-2.4.7.Final.jar:/home/user/.m2/repository/org/glassfish/jersey/containers/jersey-container-servlet-core/2.27/jersey-container-servlet-core-2.27.jar:/home/user/.m2/repository/org/glassfish/hk2/external/javax.inject/2.5.0-b42/javax.inject-2.5.0-b42.jar:/home/user/.m2/repository/org/glassfish/jersey/core/jersey-common/2.27/jersey-common-2.27.jar:/home/user/.m2/repository/org/glassfish/hk2/osgi-resource-locator/1.0.1/osgi-resource-locator-1.0.1.jar:/home/user/.m2/repository/javax/ws/rs/javax.ws.rs-api/2.1/javax.ws.rs-api-2.1.jar:/home/user/.m2/repository/org/glassfish/jersey/ext/cdi/jersey-cdi1x/2.27/jersey-cdi1x-2.27.jar:/home/user/.m2/repository/org/glassfish/jersey/inject/jersey-hk2/2.27/jersey-hk2-2.27.jar:/home/user/.m2/repository/org/glassfish/hk2/hk2-locator/2.5.0-b42/hk2-locator-2.5.0-b42.jar:/home/user/.m2/repository/org/javassist/javassist/3.22.0-CR2/javassist-3.22.0-CR2.jar:/home/user/.m2/repository/org/glassfish/hk2/hk2-api/2.5.0/hk2-api-2.5.0.jar:/home/user/.m2/repository/org/glassfish/hk2/external/jakarta.inject/2.5.0/jakarta.inject-2.5.0.jar:/home/user/.m2/repository/org/glassfish/hk2/hk2-utils/2.5.0/hk2-utils-2.5.0.jar:/home/user/.m2/repository/jakarta/annotation/jakarta.annotation-api/1.3.4/jakarta.annotation-api-1.3.4.jar:/home/user/.m2/repository/org/glassfish/hk2/external/aopalliance-repackaged/2.5.0/aopalliance-repackaged-2.5.0.jar:/home/user/.m2/repository/com/fasterxml/jackson/dataformat/jackson-dataformat-xml/2.9.0/jackson-dataformat-xml-2.9.0.jar:/home/user/.m2/repository/com/fasterxml/jackson/module/jackson-module-jaxb-annotations/2.9.5/jackson-module-jaxb-annotations-2.9.5.jar:/home/user/.m2/repository/javax/enterprise/cdi-api/1.2/cdi-api-1.2.jar:/home/user/.m2/repository/javax/el/javax.el-api/3.0.0/javax.el-api-3.0.0.jar:/home/user/.m2/repository/javax/interceptor/javax.interceptor-api/1.2/javax.interceptor-api-1.2.jar:/home/user/.m2/repository/javax/inject/javax.inject/1/javax.inject-1.jar:/home/user/.m2/repository/org/apache/hadoop/hadoop-ozone-csi/0.5.0-SNAPSHOT/hadoop-ozone-csi-0.5.0-SNAPSHOT.jar:/home/user/.m2/repository/com/google/protobuf/protobuf-java-util/3.5.1/protobuf-java-util-3.5.1.jar:/home/user/.m2/repository/io/grpc/grpc-netty/1.17.1/grpc-netty-1.17.1.jar:/home/user/.m2/repository/io/grpc/grpc-core/1.17.1/grpc-core-1.17.1.jar:/home/user/.m2/repository/io/grpc/grpc-context/1.17.1/grpc-context-1.17.1.jar:/home/user/.m2/repository/com/google/errorprone/error_prone_annotations/2.2.0/error_prone_annotations-2.2.0.jar:/home/user/.m2/repository/org/codehaus/mojo/animal-sniffer-annotations/1.17/animal-sniffer-annotations-1.17.jar:/home/user/.m2/repository/io/opencensus/opencensus-api/0.17.0/opencensus-api-0.17.0.jar:/home/user/.m2/repository/io/opencensus/opencensus-contrib-grpc-metrics/0.17.0/opencensus-contrib-grpc-metrics-0.17.0.jar:/home/user/.m2/repository/io/netty/netty-codec-http2/4.1.30.Final/netty-codec-http2-4.1.30.Final.jar:/home/user/.m2/repository/io/netty/netty-codec-http/4.1.30.Final/netty-codec-http-4.1.30.Final.jar:/home/user/.m2/repository/io/netty/netty-codec/4.1.30.Final/netty-codec-4.1.30.Final.jar:/home/user/.m2/repository/io/netty/netty-handler/4.1.30.Final/netty-handler-4.1.30.Final.jar:/home/user/.m2/repository/io/netty/netty-handler-proxy/4.1.30.Final/netty-handler-proxy-4.1.30.Final.jar:/home/user/.m2/repository/io/netty/netty-codec-socks/4.1.30.Final/netty-codec-socks-4.1.30.Final.jar:/home/user/.m2/repository/io/netty/netty-transport-native-epoll/4.1.30.Final/netty-transport-native-epoll-4.1.30.Final.jar:/home/user/.m2/repository/io/netty/netty-common/4.1.30.Final/netty-common-4.1.30.Final.jar:/home/user/.m2/repository/io/netty/netty-buffer/4.1.30.Final/netty-buffer-4.1.30.Final.jar:/home/user/.m2/repository/io/netty/netty-transport/4.1.30.Final/netty-transport-4.1.30.Final.jar:/home/user/.m2/repository/io/netty/netty-resolver/4.1.30.Final/netty-resolver-4.1.30.Final.jar:/home/user/.m2/repository/io/netty/netty-transport-native-unix-common/4.1.30.Final/netty-transport-native-unix-common-4.1.30.Final.jar:/home/user/.m2/repository/io/grpc/grpc-protobuf/1.17.1/grpc-protobuf-1.17.1.jar:/home/user/.m2/repository/com/google/api/grpc/proto-google-common-protos/1.0.0/proto-google-common-protos-1.0.0.jar:/home/user/.m2/repository/io/grpc/grpc-protobuf-lite/1.17.1/grpc-protobuf-lite-1.17.1.jar:/home/user/.m2/repository/io/grpc/grpc-stub/1.17.1/grpc-stub-1.17.1.jar:/home/user/.m2/repository/org/apache/hadoop/hadoop-ozone-recon/0.5.0-SNAPSHOT/hadoop-ozone-recon-0.5.0-SNAPSHOT.jar:/home/user/.m2/repository/org/apache/hadoop/hadoop-ozone-reconcodegen/0.5.0-SNAPSHOT/hadoop-ozone-reconcodegen-0.5.0-SNAPSHOT.jar:/home/user/.m2/repository/com/google/inject/extensions/guice-multibindings/4.0/guice-multibindings-4.0.jar:/home/user/.m2/repository/com/google/inject/guice/4.0/guice-4.0.jar:/home/user/.m2/repository/aopalliance/aopalliance/1.0/aopalliance-1.0.jar:/home/user/.m2/repository/com/google/inject/extensions/guice-servlet/4.0/guice-servlet-4.0.jar:/home/user/.m2/repository/org/glassfish/jersey/containers/jersey-container-servlet/2.27/jersey-container-servlet-2.27.jar:/home/user/.m2/repository/org/glassfish/hk2/guice-bridge/2.5.0/guice-bridge-2.5.0.jar:/home/user/.m2/repository/org/glassfish/jersey/core/jersey-server/2.27/jersey-server-2.27.jar:/home/user/.m2/repository/org/glassfish/jersey/core/jersey-client/2.27/jersey-client-2.27.jar:/home/user/.m2/repository/org/glassfish/jersey/media/jersey-media-jaxb/2.27/jersey-media-jaxb-2.27.jar:/home/user/.m2/repository/javax/validation/validation-api/1.1.0.Final/validation-api-1.1.0.Final.jar:/home/user/.m2/repository/org/glassfish/jersey/media/jersey-media-json-jackson/2.27/jersey-media-json-jackson-2.27.jar:/home/user/.m2/repository/org/glassfish/jersey/ext/jersey-entity-filtering/2.27/jersey-entity-filtering-2.27.jar:/home/user/.m2/repository/com/google/inject/extensions/guice-assistedinject/4.0/guice-assistedinject-4.0.jar:/home/user/.m2/repository/org/jooq/jooq/3.11.10/jooq-3.11.10.jar:/home/user/.m2/repository/org/jooq/jooq-meta/3.11.10/jooq-meta-3.11.10.jar:/home/user/.m2/repository/org/jooq/jooq-codegen/3.11.10/jooq-codegen-3.11.10.jar:/home/user/.m2/repository/com/jolbox/bonecp/0.8.0.RELEASE/bonecp-0.8.0.RELEASE.jar:/home/user/.m2/repository/org/springframework/spring-jdbc/5.1.3.RELEASE/spring-jdbc-5.1.3.RELEASE.jar:/home/user/.m2/repository/org/springframework/spring-beans/5.1.3.RELEASE/spring-beans-5.1.3.RELEASE.jar:/home/user/.m2/repository/org/springframework/spring-core/5.1.3.RELEASE/spring-core-5.1.3.RELEASE.jar:/home/user/.m2/repository/org/springframework/spring-jcl/5.1.3.RELEASE/spring-jcl-5.1.3.RELEASE.jar:/home/user/.m2/repository/org/springframework/spring-tx/5.1.3.RELEASE/spring-tx-5.1.3.RELEASE.jar:/home/user/.m2/repository/org/mockito/mockito-core/2.15.0/mockito-core-2.15.0.jar:/home/user/.m2/repository/net/bytebuddy/byte-buddy/1.7.9/byte-buddy-1.7.9.jar:/home/user/.m2/repository/net/bytebuddy/byte-buddy-agent/1.7.9/byte-buddy-agent-1.7.9.jar:/home/user/.m2/repository/org/objenesis/objenesis/1.0/objenesis-1.0.jar:"/>
    <property name="sun.cpu.endian" value="little"/>
    <property name="user.home" value="/home/user"/>
    <property name="user.language" value="en"/>
    <property name="java.specification.vendor" value="Oracle Corporation"/>
    <property name="java.home" value="/usr/lib/jvm/java-1.8-openjdk/jre"/>
    <property name="java.security.krb5.conf" value="/workdir/hadoop-ozone/tools/target/test-classes/krb5.conf"/>
    <property name="basedir" value="/workdir/hadoop-ozone/tools"/>
    <property name="file.separator" value="/"/>
    <property name="line.separator" value="&#10;"/>
    <property name="java.vm.specification.vendor" value="Oracle Corporation"/>
    <property name="java.specification.name" value="Java Platform API Specification"/>
    <property name="java.awt.graphicsenv" value="sun.awt.X11GraphicsEnvironment"/>
    <property name="surefire.real.class.path" value="/workdir/hadoop-ozone/tools/target/surefire/surefirebooter3472749019622110215.jar"/>
    <property name="hadoop.log.dir" value="/workdir/hadoop-ozone/tools/target/log"/>
    <property name="sun.boot.class.path" value="/usr/lib/jvm/java-1.8-openjdk/jre/lib/resources.jar:/usr/lib/jvm/java-1.8-openjdk/jre/lib/rt.jar:/usr/lib/jvm/java-1.8-openjdk/jre/lib/sunrsasign.jar:/usr/lib/jvm/java-1.8-openjdk/jre/lib/jsse.jar:/usr/lib/jvm/java-1.8-openjdk/jre/lib/jce.jar:/usr/lib/jvm/java-1.8-openjdk/jre/lib/charsets.jar:/usr/lib/jvm/java-1.8-openjdk/jre/lib/jfr.jar:/usr/lib/jvm/java-1.8-openjdk/jre/classes"/>
    <property name="sun.management.compiler" value="HotSpot 64-Bit Tiered Compilers"/>
    <property name="java.runtime.version" value="1.8.0_212-b04"/>
    <property name="java.net.preferIPv4Stack" value="true"/>
    <property name="user.name" value="jenkins1000"/>
    <property name="path.separator" value=":"/>
    <property name="java.security.egd" value="file:///dev/urandom"/>
    <property name="os.version" value="3.10.0-957.12.2.el7.x86_64"/>
    <property name="java.endorsed.dirs" value="/usr/lib/jvm/java-1.8-openjdk/jre/lib/endorsed"/>
    <property name="java.runtime.name" value="OpenJDK Runtime Environment"/>
    <property name="file.encoding" value="UTF-8"/>
    <property name="java.vm.name" value="OpenJDK 64-Bit Server VM"/>
    <property name="test.build.webapps" value=""/>
    <property name="localRepository" value="/home/user/.m2/repository"/>
    <property name="java.vendor.url.bug" value="https://icedtea.classpath.org/bugzilla"/>
    <property name="java.io.tmpdir" value="/tmp"/>
    <property name="require.test.libhadoop" value=""/>
    <property name="java.version" value="1.8.0_212"/>
    <property name="user.dir" value="/workdir/hadoop-ozone/tools"/>
    <property name="os.arch" value="amd64"/>
    <property name="java.vm.specification.name" value="Java Virtual Machine Specification"/>
    <property name="test.build.classes" value="/workdir/hadoop-ozone/tools/target/test-classes"/>
    <property name="java.awt.printerjob" value="sun.print.PSPrinterJob"/>
    <property name="sun.os.patch.level" value="unknown"/>
    <property name="hadoop.tmp.dir" value="/workdir/hadoop-ozone/tools/target/tmp"/>
    <property name="java.library.path" value="/usr/lib/jvm/java-1.8-openjdk/jre/lib/amd64/server:/usr/lib/jvm/java-1.8-openjdk/jre/lib/amd64:/usr/lib/jvm/java-1.8-openjdk/jre/../lib/amd64:/workdir/hadoop-ozone/tools/target/native/target/usr/local/lib:/workdir/hadoop-ozone/tools/../../hadoop-common-project/hadoop-common/target/native/target/usr/local/lib:/usr/java/packages/lib/amd64:/usr/lib64:/lib64:/lib:/usr/lib"/>
    <property name="java.vm.info" value="mixed mode"/>
    <property name="java.vendor" value="IcedTea"/>
    <property name="java.vm.version" value="25.212-b04"/>
    <property name="java.ext.dirs" value="/usr/lib/jvm/java-1.8-openjdk/jre/lib/ext:/usr/java/packages/lib/ext"/>
    <property name="sun.io.unicode.encoding" value="UnicodeLittle"/>
    <property name="java.class.version" value="52.0"/>
  </properties>
  <testcase name="ratisTest3" classname="org.apache.hadoop.ozone.freon.TestRandomKeyGenerator" time="15.35"/>
  <testcase name="testThreadPoolSize" classname="org.apache.hadoop.ozone.freon.TestRandomKeyGenerator" time="5.036"/>
  <testcase name="defaultTest" classname="org.apache.hadoop.ozone.freon.TestRandomKeyGenerator" time="5.028"/>
  <testcase name="bigFileThan2GB" classname="org.apache.hadoop.ozone.freon.TestRandomKeyGenerator" time="57.31">
    <error message="Allocated 0 blocks. Requested 1 blocks" type="INTERNAL_ERROR org.apache.hadoop.ozone.om.exceptions.OMException">INTERNAL_ERROR org.apache.hadoop.ozone.om.exceptions.OMException: Allocated 0 blocks. Requested 1 blocks
	at org.apache.hadoop.ozone.om.protocolPB.OzoneManagerProtocolClientSideTranslatorPB.handleError(OzoneManagerProtocolClientSideTranslatorPB.java:725)
	at org.apache.hadoop.ozone.om.protocolPB.OzoneManagerProtocolClientSideTranslatorPB.allocateBlock(OzoneManagerProtocolClientSideTranslatorPB.java:757)
	at org.apache.hadoop.ozone.client.io.BlockOutputStreamEntryPool.allocateNewBlock(BlockOutputStreamEntryPool.java:248)
	at org.apache.hadoop.ozone.client.io.BlockOutputStreamEntryPool.allocateBlockIfNeeded(BlockOutputStreamEntryPool.java:296)
	at org.apache.hadoop.ozone.client.io.KeyOutputStream.handleWrite(KeyOutputStream.java:201)
	at org.apache.hadoop.ozone.client.io.KeyOutputStream.handleRetry(KeyOutputStream.java:376)
	at org.apache.hadoop.ozone.client.io.KeyOutputStream.handleException(KeyOutputStream.java:325)
	at org.apache.hadoop.ozone.client.io.KeyOutputStream.handleWrite(KeyOutputStream.java:231)
	at org.apache.hadoop.ozone.client.io.KeyOutputStream.write(KeyOutputStream.java:193)
	at org.apache.hadoop.ozone.client.io.OzoneOutputStream.write(OzoneOutputStream.java:49)
	at org.apache.hadoop.ozone.freon.RandomKeyGenerator.createKey(RandomKeyGenerator.java:699)
	at org.apache.hadoop.ozone.freon.RandomKeyGenerator.access$1100(RandomKeyGenerator.java:87)
	at org.apache.hadoop.ozone.freon.RandomKeyGenerator$ObjectCreator.run(RandomKeyGenerator.java:606)
	at java.util.concurrent.Executors$RunnableAdapter.call(Executors.java:511)
	at java.util.concurrent.FutureTask.run(FutureTask.java:266)
	at java.util.concurrent.ThreadPoolExecutor.runWorker(ThreadPoolExecutor.java:1149)
	at java.util.concurrent.ThreadPoolExecutor$Worker.run(ThreadPoolExecutor.java:624)
	at java.lang.Thread.run(Thread.java:748)
</error>
    <system-out><![CDATA[2019-08-21 02:17:03,030 | INFO  | SCMAudit | user=jenkins1000 | ip=192.168.34.10 | op=SEND_HEARTBEAT {datanodeUUID=8224e767-71c1-41fc-a01a-d172d48fd9d8, command=[]} | ret=SUCCESS |  
2019-08-21 02:17:03,031 | INFO  | SCMAudit | user=jenkins1000 | ip=192.168.34.10 | op=SEND_HEARTBEAT {datanodeUUID=8d7dcba1-3b82-4d94-a832-514ef5c79cf8, command=[]} | ret=SUCCESS |  
2019-08-21 02:17:03,031 | INFO  | SCMAudit | user=jenkins1000 | ip=192.168.34.10 | op=SEND_HEARTBEAT {datanodeUUID=6eae0c21-01aa-4169-956f-5952b26ea7ba, command=[]} | ret=SUCCESS |  
2019-08-21 02:17:03,429 | INFO  | SCMAudit | user=jenkins1000 | ip=192.168.34.10 | op=SEND_HEARTBEAT {datanodeUUID=94764dae-819c-4b7e-92f1-9cd6c64427b7, command=[]} | ret=SUCCESS |  
2019-08-21 02:17:03,539 | INFO  | SCMAudit | user=jenkins1000 | ip=192.168.34.10 | op=SEND_HEARTBEAT {datanodeUUID=3def7c30-cb13-4f41-8119-6188f246ad27, command=[]} | ret=SUCCESS |  
2019-08-21 02:17:04,030 | INFO  | SCMAudit | user=jenkins1000 | ip=192.168.34.10 | op=SEND_HEARTBEAT {datanodeUUID=8224e767-71c1-41fc-a01a-d172d48fd9d8, command=[]} | ret=SUCCESS |  
2019-08-21 02:17:04,031 | INFO  | SCMAudit | user=jenkins1000 | ip=192.168.34.10 | op=SEND_HEARTBEAT {datanodeUUID=6eae0c21-01aa-4169-956f-5952b26ea7ba, command=[]} | ret=SUCCESS |  
2019-08-21 02:17:04,031 | INFO  | SCMAudit | user=jenkins1000 | ip=192.168.34.10 | op=SEND_HEARTBEAT {datanodeUUID=8d7dcba1-3b82-4d94-a832-514ef5c79cf8, command=[]} | ret=SUCCESS |  
2019-08-21 02:17:04,429 | INFO  | SCMAudit | user=jenkins1000 | ip=192.168.34.10 | op=SEND_HEARTBEAT {datanodeUUID=94764dae-819c-4b7e-92f1-9cd6c64427b7, command=[]} | ret=SUCCESS |  
2019-08-21 02:17:04,539 | INFO  | SCMAudit | user=jenkins1000 | ip=192.168.34.10 | op=SEND_HEARTBEAT {datanodeUUID=3def7c30-cb13-4f41-8119-6188f246ad27, command=[]} | ret=SUCCESS |  
2019-08-21 02:17:05,030 | INFO  | SCMAudit | user=jenkins1000 | ip=192.168.34.10 | op=SEND_HEARTBEAT {datanodeUUID=8224e767-71c1-41fc-a01a-d172d48fd9d8, command=[]} | ret=SUCCESS |  
2019-08-21 02:17:05,031 | INFO  | SCMAudit | user=jenkins1000 | ip=192.168.34.10 | op=SEND_HEARTBEAT {datanodeUUID=6eae0c21-01aa-4169-956f-5952b26ea7ba, command=[]} | ret=SUCCESS |  
2019-08-21 02:17:05,031 | INFO  | SCMAudit | user=jenkins1000 | ip=192.168.34.10 | op=SEND_HEARTBEAT {datanodeUUID=8d7dcba1-3b82-4d94-a832-514ef5c79cf8, command=[]} | ret=SUCCESS |  
2019-08-21 02:17:05,428 | INFO  | SCMAudit | user=jenkins1000 | ip=192.168.34.10 | op=SEND_HEARTBEAT {datanodeUUID=94764dae-819c-4b7e-92f1-9cd6c64427b7, command=[]} | ret=SUCCESS |  
2019-08-21 02:17:05,539 | INFO  | SCMAudit | user=jenkins1000 | ip=192.168.34.10 | op=SEND_HEARTBEAT {datanodeUUID=3def7c30-cb13-4f41-8119-6188f246ad27, command=[]} | ret=SUCCESS |  
2019-08-21 02:17:06,030 | INFO  | SCMAudit | user=jenkins1000 | ip=192.168.34.10 | op=SEND_HEARTBEAT {datanodeUUID=8224e767-71c1-41fc-a01a-d172d48fd9d8, command=[]} | ret=SUCCESS |  
2019-08-21 02:17:06,031 | INFO  | SCMAudit | user=jenkins1000 | ip=192.168.34.10 | op=SEND_HEARTBEAT {datanodeUUID=6eae0c21-01aa-4169-956f-5952b26ea7ba, command=[]} | ret=SUCCESS |  
2019-08-21 02:17:06,032 | INFO  | SCMAudit | user=jenkins1000 | ip=192.168.34.10 | op=SEND_HEARTBEAT {datanodeUUID=8d7dcba1-3b82-4d94-a832-514ef5c79cf8, command=[]} | ret=SUCCESS |  
2019-08-21 02:17:06,429 | INFO  | SCMAudit | user=jenkins1000 | ip=192.168.34.10 | op=SEND_HEARTBEAT {datanodeUUID=94764dae-819c-4b7e-92f1-9cd6c64427b7, command=[]} | ret=SUCCESS |  
2019-08-21 02:17:06,539 | INFO  | SCMAudit | user=jenkins1000 | ip=192.168.34.10 | op=SEND_HEARTBEAT {datanodeUUID=3def7c30-cb13-4f41-8119-6188f246ad27, command=[]} | ret=SUCCESS |  
2019-08-21 02:17:07,030 | INFO  | SCMAudit | user=jenkins1000 | ip=192.168.34.10 | op=SEND_HEARTBEAT {datanodeUUID=8224e767-71c1-41fc-a01a-d172d48fd9d8, command=[]} | ret=SUCCESS |  
2019-08-21 02:17:07,032 | INFO  | SCMAudit | user=jenkins1000 | ip=192.168.34.10 | op=SEND_HEARTBEAT {datanodeUUID=6eae0c21-01aa-4169-956f-5952b26ea7ba, command=[]} | ret=SUCCESS |  
2019-08-21 02:17:07,032 | INFO  | SCMAudit | user=jenkins1000 | ip=192.168.34.10 | op=SEND_HEARTBEAT {datanodeUUID=8d7dcba1-3b82-4d94-a832-514ef5c79cf8, command=[]} | ret=SUCCESS |  
2019-08-21 02:17:07,428 | INFO  | SCMAudit | user=jenkins1000 | ip=192.168.34.10 | op=SEND_HEARTBEAT {datanodeUUID=94764dae-819c-4b7e-92f1-9cd6c64427b7, command=[]} | ret=SUCCESS |  
2019-08-21 02:17:07,540 | INFO  | SCMAudit | user=jenkins1000 | ip=192.168.34.10 | op=SEND_HEARTBEAT {datanodeUUID=3def7c30-cb13-4f41-8119-6188f246ad27, command=[]} | ret=SUCCESS |  
2019-08-21 02:17:08,029 | INFO  | SCMAudit | user=jenkins1000 | ip=192.168.34.10 | op=SEND_HEARTBEAT {datanodeUUID=8224e767-71c1-41fc-a01a-d172d48fd9d8, command=[]} | ret=SUCCESS |  
2019-08-21 02:17:08,031 | INFO  | SCMAudit | user=jenkins1000 | ip=192.168.34.10 | op=SEND_HEARTBEAT {datanodeUUID=6eae0c21-01aa-4169-956f-5952b26ea7ba, command=[]} | ret=SUCCESS |  
2019-08-21 02:17:08,031 | INFO  | SCMAudit | user=jenkins1000 | ip=192.168.34.10 | op=SEND_HEARTBEAT {datanodeUUID=8d7dcba1-3b82-4d94-a832-514ef5c79cf8, command=[]} | ret=SUCCESS |  
2019-08-21 02:17:08,429 | INFO  | SCMAudit | user=jenkins1000 | ip=192.168.34.10 | op=SEND_HEARTBEAT {datanodeUUID=94764dae-819c-4b7e-92f1-9cd6c64427b7, command=[]} | ret=SUCCESS |  
2019-08-21 02:17:08,540 | INFO  | SCMAudit | user=jenkins1000 | ip=192.168.34.10 | op=SEND_HEARTBEAT {datanodeUUID=3def7c30-cb13-4f41-8119-6188f246ad27, command=[]} | ret=SUCCESS |  
2019-08-21 02:17:09,030 | INFO  | SCMAudit | user=jenkins1000 | ip=192.168.34.10 | op=SEND_HEARTBEAT {datanodeUUID=8224e767-71c1-41fc-a01a-d172d48fd9d8, command=[]} | ret=SUCCESS |  
2019-08-21 02:17:09,031 | INFO  | SCMAudit | user=jenkins1000 | ip=192.168.34.10 | op=SEND_HEARTBEAT {datanodeUUID=8d7dcba1-3b82-4d94-a832-514ef5c79cf8, command=[]} | ret=SUCCESS |  
2019-08-21 02:17:09,032 | INFO  | SCMAudit | user=jenkins1000 | ip=192.168.34.10 | op=SEND_HEARTBEAT {datanodeUUID=6eae0c21-01aa-4169-956f-5952b26ea7ba, command=[]} | ret=SUCCESS |  
2019-08-21 02:17:09,428 | INFO  | SCMAudit | user=jenkins1000 | ip=192.168.34.10 | op=SEND_HEARTBEAT {datanodeUUID=94764dae-819c-4b7e-92f1-9cd6c64427b7, command=[]} | ret=SUCCESS |  
2019-08-21 02:17:09,539 | INFO  | SCMAudit | user=jenkins1000 | ip=192.168.34.10 | op=SEND_HEARTBEAT {datanodeUUID=3def7c30-cb13-4f41-8119-6188f246ad27, command=[]} | ret=SUCCESS |  
2019-08-21 02:17:09,645 [main] INFO  freon.RandomKeyGenerator (RandomKeyGenerator.java:call(275)) - Number of Threads: 1
2019-08-21 02:17:09,645 [main] INFO  freon.RandomKeyGenerator (RandomKeyGenerator.java:call(280)) - Number of Volumes: 1.
2019-08-21 02:17:09,645 [main] INFO  freon.RandomKeyGenerator (RandomKeyGenerator.java:call(281)) - Number of Buckets per Volume: 1.
2019-08-21 02:17:09,645 [main] INFO  freon.RandomKeyGenerator (RandomKeyGenerator.java:call(282)) - Number of Keys per Bucket: 1.
2019-08-21 02:17:09,645 [main] INFO  freon.RandomKeyGenerator (RandomKeyGenerator.java:call(283)) - Key size: 2147483657 bytes
2019-08-21 02:17:09,645 [main] INFO  freon.RandomKeyGenerator (RandomKeyGenerator.java:call(284)) - Buffer size: 4096 bytes
2019-08-21 02:17:09,646 [pool-282-thread-1] INFO  rpc.RpcClient (RpcClient.java:createVolume(293)) - Creating Volume: vol-0-90982, with jenkins1000 as owner.
2019-08-21 02:17:09,646 [main] INFO  freon.RandomKeyGenerator (RandomKeyGenerator.java:call(298)) - Data validation is enabled.
2019-08-21 02:17:09,647 [main] INFO  freon.RandomKeyGenerator (RandomKeyGenerator.java:call(304)) - Starting progress bar Thread.

 0.00% |█                                                                                                    |  0/1 Time: 0:00:002019-08-21 02:17:09,652 | INFO  | OMAudit | user=jenkins1000 | ip=127.0.0.1 | op=CREATE_VOLUME {admin=jenkins1000, owner=jenkins1000, volume=vol-0-90982, creationTime=1566353829651, quotaInBytes=1152921504606846976} | ret=SUCCESS |  
2019-08-21 02:17:09,653 | INFO  | OMAudit | user=jenkins1000 | ip=127.0.0.1 | op=READ_VOLUME {volume=vol-0-90982} | ret=SUCCESS |  
2019-08-21 02:17:09,654 [pool-282-thread-1] INFO  rpc.RpcClient (RpcClient.java:createBucket(432)) - Creating Bucket: vol-0-90982/bucket-0-24269, with Versioning false and Storage Type set to DISK and Encryption set to false 
2019-08-21 02:17:09,662 | INFO  | OMAudit | user=jenkins1000 | ip=127.0.0.1 | op=CREATE_BUCKET {volume=vol-0-90982, bucket=bucket-0-24269, acls=[user:jenkins1000:a[ACCESS], group:default:a[ACCESS]], isVersionEnabled=false, storageType=DISK, creationTime=0} | ret=SUCCESS |  
2019-08-21 02:17:09,664 | INFO  | OMAudit | user=jenkins1000 | ip=127.0.0.1 | op=READ_BUCKET {volume=vol-0-90982, bucket=bucket-0-24269} | ret=SUCCESS |  
2019-08-21 02:17:09,682 | INFO  | SCMAudit | user=jenkins1000 | ip=192.168.34.10 | op=ALLOCATE_BLOCK {owner=b6f66289-f2a0-4058-b052-0a85e40df67b, size=4194304, type=RATIS, factor=THREE} | ret=SUCCESS |  
2019-08-21 02:17:09,704 | INFO  | OMAudit | user=jenkins1000 | ip=127.0.0.1 | op=ALLOCATE_KEY {volume=vol-0-90982, bucket=bucket-0-24269, key=key-0-81262, dataSize=2147483657, replicationType=RATIS, replicationFactor=THREE, keyLocationInfo=null} | ret=SUCCESS |  
2019-08-21 02:17:09,754 | INFO  | DNAudit | user=null | ip=null | op=WRITE_CHUNK {blockData=conID: 1 locID: 102652564581384595 bcsId: 0} | ret=SUCCESS |  
2019-08-21 02:17:09,762 | INFO  | DNAudit | user=null | ip=null | op=WRITE_CHUNK {blockData=conID: 1 locID: 102652564581384595 bcsId: 0} | ret=SUCCESS |  
2019-08-21 02:17:09,765 | INFO  | DNAudit | user=null | ip=null | op=WRITE_CHUNK {blockData=conID: 1 locID: 102652564581384595 bcsId: 0} | ret=SUCCESS |  
2019-08-21 02:17:09,768 | INFO  | DNAudit | user=null | ip=null | op=WRITE_CHUNK {blockData=conID: 1 locID: 102652564581384595 bcsId: 0} | ret=SUCCESS |  
2019-08-21 02:17:09,772 [grpc-default-executor-2] INFO  client.GrpcClientProtocolClient (GrpcClientProtocolClient.java:onNext(255)) - client-54CC064C3FCE->8224e767-71c1-41fc-a01a-d172d48fd9d8: receive RaftClientReply:client-54CC064C3FCE->8224e767-71c1-41fc-a01a-d172d48fd9d8@group-F6B37CC92441, cid=601, SUCCESS, logIndex=704, commits[8224e767-71c1-41fc-a01a-d172d48fd9d8:c704, 6eae0c21-01aa-4169-956f-5952b26ea7ba:c703, 8d7dcba1-3b82-4d94-a832-514ef5c79cf8:c703]
2019-08-21 02:17:09,781 | INFO  | DNAudit | user=null | ip=null | op=WRITE_CHUNK {blockData=conID: 1 locID: 102652564581384595 bcsId: 0} | ret=SUCCESS |  
2019-08-21 02:17:09,781 | INFO  | DNAudit | user=null | ip=null | op=WRITE_CHUNK {blockData=conID: 1 locID: 102652564581384595 bcsId: 0} | ret=SUCCESS |  
2019-08-21 02:17:09,791 | INFO  | DNAudit | user=null | ip=null | op=WRITE_CHUNK {blockData=conID: 1 locID: 102652564581384595 bcsId: 0} | ret=SUCCESS |  
2019-08-21 02:17:09,795 | INFO  | DNAudit | user=null | ip=null | op=PUT_BLOCK {blockData=[blockId=conID: 1 locID: 102652564581384595 bcsId: 0,size=1048576]} | ret=SUCCESS |  
2019-08-21 02:17:09,800 [grpc-default-executor-3] INFO  client.GrpcClientProtocolClient (GrpcClientProtocolClient.java:onNext(255)) - client-54CC064C3FCE->8224e767-71c1-41fc-a01a-d172d48fd9d8: receive RaftClientReply:client-54CC064C3FCE->8224e767-71c1-41fc-a01a-d172d48fd9d8@group-F6B37CC92441, cid=602, SUCCESS, logIndex=706, commits[8224e767-71c1-41fc-a01a-d172d48fd9d8:c706, 6eae0c21-01aa-4169-956f-5952b26ea7ba:c704, 8d7dcba1-3b82-4d94-a832-514ef5c79cf8:c704]
2019-08-21 02:17:09,801 | INFO  | DNAudit | user=null | ip=null | op=WRITE_CHUNK {blockData=conID: 1 locID: 102652564581384595 bcsId: 0} | ret=SUCCESS |  
2019-08-21 02:17:09,801 | INFO  | DNAudit | user=null | ip=null | op=WRITE_CHUNK {blockData=conID: 1 locID: 102652564581384595 bcsId: 0} | ret=SUCCESS |  
2019-08-21 02:17:09,808 | INFO  | DNAudit | user=null | ip=null | op=PUT_BLOCK {blockData=[blockId=conID: 1 locID: 102652564581384595 bcsId: 0,size=1048576]} | ret=SUCCESS |  
2019-08-21 02:17:09,808 | INFO  | DNAudit | user=null | ip=null | op=PUT_BLOCK {blockData=[blockId=conID: 1 locID: 102652564581384595 bcsId: 0,size=1048576]} | ret=SUCCESS |  
2019-08-21 02:17:09,809 | INFO  | DNAudit | user=null | ip=null | op=WRITE_CHUNK {blockData=conID: 1 locID: 102652564581384595 bcsId: 0} | ret=SUCCESS |  
2019-08-21 02:17:09,810 | INFO  | DNAudit | user=null | ip=null | op=PUT_BLOCK {blockData=[blockId=conID: 1 locID: 102652564581384595 bcsId: 0,size=2097152]} | ret=SUCCESS |  
2019-08-21 02:17:09,810 [grpc-default-executor-2] INFO  client.GrpcClientProtocolClient (GrpcClientProtocolClient.java:onNext(255)) - client-54CC064C3FCE->8224e767-71c1-41fc-a01a-d172d48fd9d8: receive RaftClientReply:client-54CC064C3FCE->8224e767-71c1-41fc-a01a-d172d48fd9d8@group-F6B37CC92441, cid=603, SUCCESS, logIndex=707, commits[8224e767-71c1-41fc-a01a-d172d48fd9d8:c708, 6eae0c21-01aa-4169-956f-5952b26ea7ba:c705, 8d7dcba1-3b82-4d94-a832-514ef5c79cf8:c705]
2019-08-21 02:17:09,811 [grpc-default-executor-2] INFO  client.GrpcClientProtocolClient (GrpcClientProtocolClient.java:onNext(255)) - client-54CC064C3FCE->8224e767-71c1-41fc-a01a-d172d48fd9d8: receive RaftClientReply:client-54CC064C3FCE->8224e767-71c1-41fc-a01a-d172d48fd9d8@group-F6B37CC92441, cid=604, SUCCESS, logIndex=708, commits[8224e767-71c1-41fc-a01a-d172d48fd9d8:c709, 6eae0c21-01aa-4169-956f-5952b26ea7ba:c706, 8d7dcba1-3b82-4d94-a832-514ef5c79cf8:c706]
2019-08-21 02:17:09,820 | INFO  | DNAudit | user=null | ip=null | op=WRITE_CHUNK {blockData=conID: 1 locID: 102652564581384595 bcsId: 0} | ret=SUCCESS |  
2019-08-21 02:17:09,820 | INFO  | DNAudit | user=null | ip=null | op=WRITE_CHUNK {blockData=conID: 1 locID: 102652564581384595 bcsId: 0} | ret=SUCCESS |  
2019-08-21 02:17:09,821 | INFO  | DNAudit | user=null | ip=null | op=PUT_BLOCK {blockData=[blockId=conID: 1 locID: 102652564581384595 bcsId: 0,size=2097152]} | ret=SUCCESS |  
2019-08-21 02:17:09,821 | INFO  | DNAudit | user=null | ip=null | op=PUT_BLOCK {blockData=[blockId=conID: 1 locID: 102652564581384595 bcsId: 0,size=2097152]} | ret=SUCCESS |  
2019-08-21 02:17:09,833 | INFO  | DNAudit | user=null | ip=null | op=WRITE_CHUNK {blockData=conID: 1 locID: 102652564581384595 bcsId: 708} | ret=SUCCESS |  
2019-08-21 02:17:09,839 | INFO  | DNAudit | user=null | ip=null | op=WRITE_CHUNK {blockData=conID: 1 locID: 102652564581384595 bcsId: 708} | ret=SUCCESS |  
2019-08-21 02:17:09,840 | INFO  | DNAudit | user=null | ip=null | op=WRITE_CHUNK {blockData=conID: 1 locID: 102652564581384595 bcsId: 708} | ret=SUCCESS |  
2019-08-21 02:17:09,846 | INFO  | DNAudit | user=null | ip=null | op=WRITE_CHUNK {blockData=conID: 1 locID: 102652564581384595 bcsId: 708} | ret=SUCCESS |  
2019-08-21 02:17:09,847 | INFO  | DNAudit | user=null | ip=null | op=PUT_BLOCK {blockData=[blockId=conID: 1 locID: 102652564581384595 bcsId: 0,size=3145728]} | ret=SUCCESS |  
2019-08-21 02:17:09,848 [grpc-default-executor-2] INFO  client.GrpcClientProtocolClient (GrpcClientProtocolClient.java:onNext(255)) - client-54CC064C3FCE->8224e767-71c1-41fc-a01a-d172d48fd9d8: receive RaftClientReply:client-54CC064C3FCE->8224e767-71c1-41fc-a01a-d172d48fd9d8@group-F6B37CC92441, cid=605, SUCCESS, logIndex=712, commits[8224e767-71c1-41fc-a01a-d172d48fd9d8:c713, 6eae0c21-01aa-4169-956f-5952b26ea7ba:c711, 8d7dcba1-3b82-4d94-a832-514ef5c79cf8:c711]
2019-08-21 02:17:09,849 | INFO  | DNAudit | user=null | ip=null | op=WRITE_CHUNK {blockData=conID: 1 locID: 102652564581384595 bcsId: 708} | ret=SUCCESS |  
2019-08-21 02:17:09,849 | INFO  | DNAudit | user=null | ip=null | op=WRITE_CHUNK {blockData=conID: 1 locID: 102652564581384595 bcsId: 708} | ret=SUCCESS |  
2019-08-21 02:17:09,849 [grpc-default-executor-2] INFO  client.GrpcClientProtocolClient (GrpcClientProtocolClient.java:onNext(255)) - client-54CC064C3FCE->8224e767-71c1-41fc-a01a-d172d48fd9d8: receive RaftClientReply:client-54CC064C3FCE->8224e767-71c1-41fc-a01a-d172d48fd9d8@group-F6B37CC92441, cid=606, SUCCESS, logIndex=713, commits[8224e767-71c1-41fc-a01a-d172d48fd9d8:c713, 6eae0c21-01aa-4169-956f-5952b26ea7ba:c711, 8d7dcba1-3b82-4d94-a832-514ef5c79cf8:c711]
2019-08-21 02:17:09,850 | INFO  | DNAudit | user=null | ip=null | op=PUT_BLOCK {blockData=[blockId=conID: 1 locID: 102652564581384595 bcsId: 0,size=3145728]} | ret=SUCCESS |  
2019-08-21 02:17:09,850 | INFO  | DNAudit | user=null | ip=null | op=PUT_BLOCK {blockData=[blockId=conID: 1 locID: 102652564581384595 bcsId: 0,size=3145728]} | ret=SUCCESS |  
2019-08-21 02:17:09,862 | INFO  | DNAudit | user=null | ip=null | op=WRITE_CHUNK {blockData=conID: 1 locID: 102652564581384595 bcsId: 713} | ret=SUCCESS |  
2019-08-21 02:17:09,867 | INFO  | DNAudit | user=null | ip=null | op=WRITE_CHUNK {blockData=conID: 1 locID: 102652564581384595 bcsId: 713} | ret=SUCCESS |  
2019-08-21 02:17:09,868 | INFO  | DNAudit | user=null | ip=null | op=WRITE_CHUNK {blockData=conID: 1 locID: 102652564581384595 bcsId: 713} | ret=SUCCESS |  
2019-08-21 02:17:09,893 | INFO  | DNAudit | user=null | ip=null | op=WRITE_CHUNK {blockData=conID: 1 locID: 102652564581384595 bcsId: 713} | ret=SUCCESS |  
2019-08-21 02:17:09,894 | INFO  | DNAudit | user=null | ip=null | op=PUT_BLOCK {blockData=[blockId=conID: 1 locID: 102652564581384595 bcsId: 0,size=4194304]} | ret=SUCCESS |  
2019-08-21 02:17:09,894 [grpc-default-executor-2] INFO  client.GrpcClientProtocolClient (GrpcClientProtocolClient.java:onNext(255)) - client-54CC064C3FCE->8224e767-71c1-41fc-a01a-d172d48fd9d8: receive RaftClientReply:client-54CC064C3FCE->8224e767-71c1-41fc-a01a-d172d48fd9d8@group-F6B37CC92441, cid=607, SUCCESS, logIndex=716, commits[8224e767-71c1-41fc-a01a-d172d48fd9d8:c717, 6eae0c21-01aa-4169-956f-5952b26ea7ba:c715, 8d7dcba1-3b82-4d94-a832-514ef5c79cf8:c715]
2019-08-21 02:17:09,895 [grpc-default-executor-2] INFO  client.GrpcClientProtocolClient (GrpcClientProtocolClient.java:onNext(255)) - client-54CC064C3FCE->8224e767-71c1-41fc-a01a-d172d48fd9d8: receive RaftClientReply:client-54CC064C3FCE->8224e767-71c1-41fc-a01a-d172d48fd9d8@group-F6B37CC92441, cid=608, SUCCESS, logIndex=717, commits[8224e767-71c1-41fc-a01a-d172d48fd9d8:c717, 6eae0c21-01aa-4169-956f-5952b26ea7ba:c715, 8d7dcba1-3b82-4d94-a832-514ef5c79cf8:c715]
2019-08-21 02:17:09,896 | INFO  | DNAudit | user=null | ip=null | op=WRITE_CHUNK {blockData=conID: 1 locID: 102652564581384595 bcsId: 713} | ret=SUCCESS |  
2019-08-21 02:17:09,896 | INFO  | DNAudit | user=null | ip=null | op=WRITE_CHUNK {blockData=conID: 1 locID: 102652564581384595 bcsId: 713} | ret=SUCCESS |  
2019-08-21 02:17:09,898 | INFO  | DNAudit | user=null | ip=null | op=PUT_BLOCK {blockData=[blockId=conID: 1 locID: 102652564581384595 bcsId: 0,size=4194304]} | ret=SUCCESS |  
2019-08-21 02:17:09,898 | INFO  | DNAudit | user=null | ip=null | op=PUT_BLOCK {blockData=[blockId=conID: 1 locID: 102652564581384595 bcsId: 0,size=4194304]} | ret=SUCCESS |  
2019-08-21 02:17:09,903 [grpc-default-executor-3] INFO  client.GrpcClientProtocolClient (GrpcClientProtocolClient.java:onNext(255)) - client-54CC064C3FCE->8224e767-71c1-41fc-a01a-d172d48fd9d8: receive RaftClientReply:client-54CC064C3FCE->8224e767-71c1-41fc-a01a-d172d48fd9d8@group-F6B37CC92441, cid=609, SUCCESS, logIndex=0, commits[8224e767-71c1-41fc-a01a-d172d48fd9d8:c719, 6eae0c21-01aa-4169-956f-5952b26ea7ba:c717, 8d7dcba1-3b82-4d94-a832-514ef5c79cf8:c717]
2019-08-21 02:17:09,915 | INFO  | DNAudit | user=null | ip=null | op=WRITE_CHUNK {blockData=conID: 2 locID: 102652564581450132 bcsId: 0} | ret=SUCCESS |  
2019-08-21 02:17:09,921 | INFO  | DNAudit | user=null | ip=null | op=WRITE_CHUNK {blockData=conID: 2 locID: 102652564581450132 bcsId: 0} | ret=SUCCESS |  
2019-08-21 02:17:09,921 | INFO  | DNAudit | user=null | ip=null | op=WRITE_CHUNK {blockData=conID: 2 locID: 102652564581450132 bcsId: 0} | ret=SUCCESS |  
2019-08-21 02:17:09,925 | INFO  | DNAudit | user=null | ip=null | op=WRITE_CHUNK {blockData=conID: 2 locID: 102652564581450132 bcsId: 0} | ret=SUCCESS |  
2019-08-21 02:17:09,926 | INFO  | DNAudit | user=null | ip=null | op=WRITE_CHUNK {blockData=conID: 2 locID: 102652564581450132 bcsId: 0} | ret=SUCCESS |  
2019-08-21 02:17:09,928 | INFO  | DNAudit | user=null | ip=null | op=WRITE_CHUNK {blockData=conID: 2 locID: 102652564581450132 bcsId: 0} | ret=SUCCESS |  
2019-08-21 02:17:09,938 | INFO  | DNAudit | user=null | ip=null | op=WRITE_CHUNK {blockData=conID: 2 locID: 102652564581450132 bcsId: 0} | ret=SUCCESS |  
2019-08-21 02:17:09,939 | INFO  | DNAudit | user=null | ip=null | op=PUT_BLOCK {blockData=[blockId=conID: 2 locID: 102652564581450132 bcsId: 0,size=1048576]} | ret=SUCCESS |  
2019-08-21 02:17:09,940 | INFO  | DNAudit | user=null | ip=null | op=WRITE_CHUNK {blockData=conID: 2 locID: 102652564581450132 bcsId: 0} | ret=SUCCESS |  
2019-08-21 02:17:09,940 [grpc-default-executor-3] INFO  client.GrpcClientProtocolClient (GrpcClientProtocolClient.java:onNext(255)) - client-54CC064C3FCE->8224e767-71c1-41fc-a01a-d172d48fd9d8: receive RaftClientReply:client-54CC064C3FCE->8224e767-71c1-41fc-a01a-d172d48fd9d8@group-F6B37CC92441, cid=610, SUCCESS, logIndex=720, commits[8224e767-71c1-41fc-a01a-d172d48fd9d8:c721, 6eae0c21-01aa-4169-956f-5952b26ea7ba:c717, 8d7dcba1-3b82-4d94-a832-514ef5c79cf8:c719]
2019-08-21 02:17:09,941 | INFO  | DNAudit | user=null | ip=null | op=PUT_BLOCK {blockData=[blockId=conID: 2 locID: 102652564581450132 bcsId: 0,size=2097152]} | ret=SUCCESS |  
2019-08-21 02:17:09,941 [grpc-default-executor-3] INFO  client.GrpcClientProtocolClient (GrpcClientProtocolClient.java:onNext(255)) - client-54CC064C3FCE->8224e767-71c1-41fc-a01a-d172d48fd9d8: receive RaftClientReply:client-54CC064C3FCE->8224e767-71c1-41fc-a01a-d172d48fd9d8@group-F6B37CC92441, cid=611, SUCCESS, logIndex=721, commits[8224e767-71c1-41fc-a01a-d172d48fd9d8:c723, 6eae0c21-01aa-4169-956f-5952b26ea7ba:c719, 8d7dcba1-3b82-4d94-a832-514ef5c79cf8:c719]
2019-08-21 02:17:09,942 [grpc-default-executor-3] INFO  client.GrpcClientProtocolClient (GrpcClientProtocolClient.java:onNext(255)) - client-54CC064C3FCE->8224e767-71c1-41fc-a01a-d172d48fd9d8: receive RaftClientReply:client-54CC064C3FCE->8224e767-71c1-41fc-a01a-d172d48fd9d8@group-F6B37CC92441, cid=612, SUCCESS, logIndex=722, commits[8224e767-71c1-41fc-a01a-d172d48fd9d8:c723, 6eae0c21-01aa-4169-956f-5952b26ea7ba:c719, 8d7dcba1-3b82-4d94-a832-514ef5c79cf8:c719]
2019-08-21 02:17:09,942 [grpc-default-executor-3] INFO  client.GrpcClientProtocolClient (GrpcClientProtocolClient.java:onNext(255)) - client-54CC064C3FCE->8224e767-71c1-41fc-a01a-d172d48fd9d8: receive RaftClientReply:client-54CC064C3FCE->8224e767-71c1-41fc-a01a-d172d48fd9d8@group-F6B37CC92441, cid=613, SUCCESS, logIndex=723, commits[8224e767-71c1-41fc-a01a-d172d48fd9d8:c723, 6eae0c21-01aa-4169-956f-5952b26ea7ba:c719, 8d7dcba1-3b82-4d94-a832-514ef5c79cf8:c719]
2019-08-21 02:17:09,948 | INFO  | DNAudit | user=null | ip=null | op=WRITE_CHUNK {blockData=conID: 2 locID: 102652564581450132 bcsId: 0} | ret=SUCCESS |  
2019-08-21 02:17:09,948 | INFO  | DNAudit | user=null | ip=null | op=WRITE_CHUNK {blockData=conID: 2 locID: 102652564581450132 bcsId: 0} | ret=SUCCESS |  
2019-08-21 02:17:09,949 | INFO  | DNAudit | user=null | ip=null | op=PUT_BLOCK {blockData=[blockId=conID: 2 locID: 102652564581450132 bcsId: 0,size=1048576]} | ret=SUCCESS |  
2019-08-21 02:17:09,949 | INFO  | DNAudit | user=null | ip=null | op=PUT_BLOCK {blockData=[blockId=conID: 2 locID: 102652564581450132 bcsId: 0,size=1048576]} | ret=SUCCESS |  
2019-08-21 02:17:09,950 | INFO  | DNAudit | user=null | ip=null | op=WRITE_CHUNK {blockData=conID: 2 locID: 102652564581450132 bcsId: 0} | ret=SUCCESS |  
2019-08-21 02:17:09,950 | INFO  | DNAudit | user=null | ip=null | op=WRITE_CHUNK {blockData=conID: 2 locID: 102652564581450132 bcsId: 0} | ret=SUCCESS |  
2019-08-21 02:17:09,950 | INFO  | DNAudit | user=null | ip=null | op=PUT_BLOCK {blockData=[blockId=conID: 2 locID: 102652564581450132 bcsId: 0,size=2097152]} | ret=SUCCESS |  
2019-08-21 02:17:09,950 | INFO  | DNAudit | user=null | ip=null | op=PUT_BLOCK {blockData=[blockId=conID: 2 locID: 102652564581450132 bcsId: 0,size=2097152]} | ret=SUCCESS |  
2019-08-21 02:17:09,951 [grpc-default-executor-3] INFO  client.GrpcClientProtocolClient (GrpcClientProtocolClient.java:onNext(255)) - client-54CC064C3FCE->8224e767-71c1-41fc-a01a-d172d48fd9d8: receive RaftClientReply:client-54CC064C3FCE->8224e767-71c1-41fc-a01a-d172d48fd9d8@group-F6B37CC92441, cid=614, SUCCESS, logIndex=0, commits[8224e767-71c1-41fc-a01a-d172d48fd9d8:c724, 6eae0c21-01aa-4169-956f-5952b26ea7ba:c721, 8d7dcba1-3b82-4d94-a832-514ef5c79cf8:c721]
2019-08-21 02:17:09,964 | INFO  | DNAudit | user=null | ip=null | op=WRITE_CHUNK {blockData=conID: 2 locID: 102652564581450132 bcsId: 723} | ret=SUCCESS |  
2019-08-21 02:17:09,970 | INFO  | DNAudit | user=null | ip=null | op=WRITE_CHUNK {blockData=conID: 2 locID: 102652564581450132 bcsId: 723} | ret=SUCCESS |  
2019-08-21 02:17:09,971 | INFO  | DNAudit | user=null | ip=null | op=WRITE_CHUNK {blockData=conID: 2 locID: 102652564581450132 bcsId: 723} | ret=SUCCESS |  
2019-08-21 02:17:09,978 | INFO  | DNAudit | user=null | ip=null | op=WRITE_CHUNK {blockData=conID: 2 locID: 102652564581450132 bcsId: 723} | ret=SUCCESS |  
2019-08-21 02:17:09,978 | INFO  | DNAudit | user=null | ip=null | op=PUT_BLOCK {blockData=[blockId=conID: 2 locID: 102652564581450132 bcsId: 0,size=3145728]} | ret=SUCCESS |  
2019-08-21 02:17:09,979 [grpc-default-executor-3] INFO  client.GrpcClientProtocolClient (GrpcClientProtocolClient.java:onNext(255)) - client-54CC064C3FCE->8224e767-71c1-41fc-a01a-d172d48fd9d8: receive RaftClientReply:client-54CC064C3FCE->8224e767-71c1-41fc-a01a-d172d48fd9d8@group-F6B37CC92441, cid=615, SUCCESS, logIndex=728, commits[8224e767-71c1-41fc-a01a-d172d48fd9d8:c729, 6eae0c21-01aa-4169-956f-5952b26ea7ba:c727, 8d7dcba1-3b82-4d94-a832-514ef5c79cf8:c727]
2019-08-21 02:17:09,980 [grpc-default-executor-3] INFO  client.GrpcClientProtocolClient (GrpcClientProtocolClient.java:onNext(255)) - client-54CC064C3FCE->8224e767-71c1-41fc-a01a-d172d48fd9d8: receive RaftClientReply:client-54CC064C3FCE->8224e767-71c1-41fc-a01a-d172d48fd9d8@group-F6B37CC92441, cid=616, SUCCESS, logIndex=729, commits[8224e767-71c1-41fc-a01a-d172d48fd9d8:c729, 6eae0c21-01aa-4169-956f-5952b26ea7ba:c727, 8d7dcba1-3b82-4d94-a832-514ef5c79cf8:c727]
2019-08-21 02:17:09,990 | INFO  | DNAudit | user=null | ip=null | op=WRITE_CHUNK {blockData=conID: 2 locID: 102652564581450132 bcsId: 723} | ret=SUCCESS |  
2019-08-21 02:17:09,990 | INFO  | DNAudit | user=null | ip=null | op=WRITE_CHUNK {blockData=conID: 2 locID: 102652564581450132 bcsId: 723} | ret=SUCCESS |  
2019-08-21 02:17:09,991 | INFO  | DNAudit | user=null | ip=null | op=PUT_BLOCK {blockData=[blockId=conID: 2 locID: 102652564581450132 bcsId: 0,size=3145728]} | ret=SUCCESS |  
2019-08-21 02:17:09,991 | INFO  | DNAudit | user=null | ip=null | op=PUT_BLOCK {blockData=[blockId=conID: 2 locID: 102652564581450132 bcsId: 0,size=3145728]} | ret=SUCCESS |  
2019-08-21 02:17:09,995 | INFO  | DNAudit | user=null | ip=null | op=WRITE_CHUNK {blockData=conID: 2 locID: 102652564581450132 bcsId: 729} | ret=SUCCESS |  
2019-08-21 02:17:10,000 | INFO  | DNAudit | user=null | ip=null | op=WRITE_CHUNK {blockData=conID: 2 locID: 102652564581450132 bcsId: 729} | ret=SUCCESS |  
2019-08-21 02:17:10,001 | INFO  | DNAudit | user=null | ip=null | op=WRITE_CHUNK {blockData=conID: 2 locID: 102652564581450132 bcsId: 729} | ret=SUCCESS |  
2019-08-21 02:17:10,008 | INFO  | DNAudit | user=null | ip=null | op=WRITE_CHUNK {blockData=conID: 2 locID: 102652564581450132 bcsId: 729} | ret=SUCCESS |  
2019-08-21 02:17:10,009 | INFO  | DNAudit | user=null | ip=null | op=PUT_BLOCK {blockData=[blockId=conID: 2 locID: 102652564581450132 bcsId: 0,size=4194304]} | ret=SUCCESS |  
2019-08-21 02:17:10,010 [grpc-default-executor-3] INFO  client.GrpcClientProtocolClient (GrpcClientProtocolClient.java:onNext(255)) - client-54CC064C3FCE->8224e767-71c1-41fc-a01a-d172d48fd9d8: receive RaftClientReply:client-54CC064C3FCE->8224e767-71c1-41fc-a01a-d172d48fd9d8@group-F6B37CC92441, cid=617, SUCCESS, logIndex=732, commits[8224e767-71c1-41fc-a01a-d172d48fd9d8:c733, 6eae0c21-01aa-4169-956f-5952b26ea7ba:c730, 8d7dcba1-3b82-4d94-a832-514ef5c79cf8:c731]
2019-08-21 02:17:10,010 [grpc-default-executor-3] INFO  client.GrpcClientProtocolClient (GrpcClientProtocolClient.java:onNext(255)) - client-54CC064C3FCE->8224e767-71c1-41fc-a01a-d172d48fd9d8: receive RaftClientReply:client-54CC064C3FCE->8224e767-71c1-41fc-a01a-d172d48fd9d8@group-F6B37CC92441, cid=618, SUCCESS, logIndex=733, commits[8224e767-71c1-41fc-a01a-d172d48fd9d8:c733, 6eae0c21-01aa-4169-956f-5952b26ea7ba:c731, 8d7dcba1-3b82-4d94-a832-514ef5c79cf8:c731]
2019-08-21 02:17:10,020 | INFO  | DNAudit | user=null | ip=null | op=WRITE_CHUNK {blockData=conID: 2 locID: 102652564581450132 bcsId: 729} | ret=SUCCESS |  
2019-08-21 02:17:10,020 | INFO  | DNAudit | user=null | ip=null | op=WRITE_CHUNK {blockData=conID: 2 locID: 102652564581450132 bcsId: 729} | ret=SUCCESS |  
2019-08-21 02:17:10,021 | INFO  | DNAudit | user=null | ip=null | op=PUT_BLOCK {blockData=[blockId=conID: 2 locID: 102652564581450132 bcsId: 0,size=4194304]} | ret=SUCCESS |  
2019-08-21 02:17:10,021 | INFO  | DNAudit | user=null | ip=null | op=PUT_BLOCK {blockData=[blockId=conID: 2 locID: 102652564581450132 bcsId: 0,size=4194304]} | ret=SUCCESS |  
2019-08-21 02:17:10,022 [grpc-default-executor-3] INFO  client.GrpcClientProtocolClient (GrpcClientProtocolClient.java:onNext(255)) - client-54CC064C3FCE->8224e767-71c1-41fc-a01a-d172d48fd9d8: receive RaftClientReply:client-54CC064C3FCE->8224e767-71c1-41fc-a01a-d172d48fd9d8@group-F6B37CC92441, cid=619, SUCCESS, logIndex=0, commits[8224e767-71c1-41fc-a01a-d172d48fd9d8:c735, 6eae0c21-01aa-4169-956f-5952b26ea7ba:c733, 8d7dcba1-3b82-4d94-a832-514ef5c79cf8:c733]
2019-08-21 02:17:10,030 | INFO  | SCMAudit | user=jenkins1000 | ip=192.168.34.10 | op=SEND_HEARTBEAT {datanodeUUID=8224e767-71c1-41fc-a01a-d172d48fd9d8, command=[]} | ret=SUCCESS |  
2019-08-21 02:17:10,031 | INFO  | SCMAudit | user=jenkins1000 | ip=192.168.34.10 | op=SEND_HEARTBEAT {datanodeUUID=6eae0c21-01aa-4169-956f-5952b26ea7ba, command=[]} | ret=SUCCESS |  
2019-08-21 02:17:10,032 | INFO  | SCMAudit | user=jenkins1000 | ip=192.168.34.10 | op=SEND_HEARTBEAT {datanodeUUID=8d7dcba1-3b82-4d94-a832-514ef5c79cf8, command=[]} | ret=SUCCESS |  
2019-08-21 02:17:10,035 | INFO  | DNAudit | user=null | ip=null | op=WRITE_CHUNK {blockData=conID: 3 locID: 102652564581450133 bcsId: 0} | ret=SUCCESS |  
2019-08-21 02:17:10,039 | INFO  | DNAudit | user=null | ip=null | op=WRITE_CHUNK {blockData=conID: 3 locID: 102652564581450133 bcsId: 0} | ret=SUCCESS |  
2019-08-21 02:17:10,039 | INFO  | DNAudit | user=null | ip=null | op=WRITE_CHUNK {blockData=conID: 3 locID: 102652564581450133 bcsId: 0} | ret=SUCCESS |  
2019-08-21 02:17:10,040 | INFO  | DNAudit | user=null | ip=null | op=WRITE_CHUNK {blockData=conID: 3 locID: 102652564581450133 bcsId: 0} | ret=SUCCESS |  
2019-08-21 02:17:10,044 | INFO  | DNAudit | user=null | ip=null | op=WRITE_CHUNK {blockData=conID: 3 locID: 102652564581450133 bcsId: 0} | ret=SUCCESS |  
2019-08-21 02:17:10,045 | INFO  | DNAudit | user=null | ip=null | op=WRITE_CHUNK {blockData=conID: 3 locID: 102652564581450133 bcsId: 0} | ret=SUCCESS |  
2019-08-21 02:17:10,048 | INFO  | DNAudit | user=null | ip=null | op=WRITE_CHUNK {blockData=conID: 3 locID: 102652564581450133 bcsId: 0} | ret=SUCCESS |  
2019-08-21 02:17:10,049 | INFO  | DNAudit | user=null | ip=null | op=PUT_BLOCK {blockData=[blockId=conID: 3 locID: 102652564581450133 bcsId: 0,size=1048576]} | ret=SUCCESS |  
2019-08-21 02:17:10,050 | INFO  | DNAudit | user=null | ip=null | op=WRITE_CHUNK {blockData=conID: 3 locID: 102652564581450133 bcsId: 0} | ret=SUCCESS |  
2019-08-21 02:17:10,050 [grpc-default-executor-4] INFO  client.GrpcClientProtocolClient (GrpcClientProtocolClient.java:onNext(255)) - client-54CC064C3FCE->8224e767-71c1-41fc-a01a-d172d48fd9d8: receive RaftClientReply:client-54CC064C3FCE->8224e767-71c1-41fc-a01a-d172d48fd9d8@group-F6B37CC92441, cid=620, SUCCESS, logIndex=736, commits[8224e767-71c1-41fc-a01a-d172d48fd9d8:c738, 6eae0c21-01aa-4169-956f-5952b26ea7ba:c735, 8d7dcba1-3b82-4d94-a832-514ef5c79cf8:c735]
2019-08-21 02:17:10,050 | INFO  | DNAudit | user=null | ip=null | op=WRITE_CHUNK {blockData=conID: 3 locID: 102652564581450133 bcsId: 0} | ret=SUCCESS |  
2019-08-21 02:17:10,050 | INFO  | DNAudit | user=null | ip=null | op=WRITE_CHUNK {blockData=conID: 3 locID: 102652564581450133 bcsId: 0} | ret=SUCCESS |  
2019-08-21 02:17:10,050 | INFO  | DNAudit | user=null | ip=null | op=PUT_BLOCK {blockData=[blockId=conID: 3 locID: 102652564581450133 bcsId: 0,size=2097152]} | ret=SUCCESS |  
2019-08-21 02:17:10,051 | INFO  | DNAudit | user=null | ip=null | op=PUT_BLOCK {blockData=[blockId=conID: 3 locID: 102652564581450133 bcsId: 0,size=1048576]} | ret=SUCCESS |  
2019-08-21 02:17:10,051 | INFO  | DNAudit | user=null | ip=null | op=PUT_BLOCK {blockData=[blockId=conID: 3 locID: 102652564581450133 bcsId: 0,size=1048576]} | ret=SUCCESS |  
2019-08-21 02:17:10,051 [grpc-default-executor-4] INFO  client.GrpcClientProtocolClient (GrpcClientProtocolClient.java:onNext(255)) - client-54CC064C3FCE->8224e767-71c1-41fc-a01a-d172d48fd9d8: receive RaftClientReply:client-54CC064C3FCE->8224e767-71c1-41fc-a01a-d172d48fd9d8@group-F6B37CC92441, cid=621, SUCCESS, logIndex=737, commits[8224e767-71c1-41fc-a01a-d172d48fd9d8:c739, 6eae0c21-01aa-4169-956f-5952b26ea7ba:c735, 8d7dcba1-3b82-4d94-a832-514ef5c79cf8:c735]
2019-08-21 02:17:10,052 | INFO  | DNAudit | user=null | ip=null | op=WRITE_CHUNK {blockData=conID: 3 locID: 102652564581450133 bcsId: 0} | ret=SUCCESS |  
2019-08-21 02:17:10,052 | INFO  | DNAudit | user=null | ip=null | op=WRITE_CHUNK {blockData=conID: 3 locID: 102652564581450133 bcsId: 0} | ret=SUCCESS |  
2019-08-21 02:17:10,053 | INFO  | DNAudit | user=null | ip=null | op=PUT_BLOCK {blockData=[blockId=conID: 3 locID: 102652564581450133 bcsId: 0,size=2097152]} | ret=SUCCESS |  
2019-08-21 02:17:10,053 | INFO  | DNAudit | user=null | ip=null | op=PUT_BLOCK {blockData=[blockId=conID: 3 locID: 102652564581450133 bcsId: 0,size=2097152]} | ret=SUCCESS |  
2019-08-21 02:17:10,053 [grpc-default-executor-3] INFO  client.GrpcClientProtocolClient (GrpcClientProtocolClient.java:onNext(255)) - client-54CC064C3FCE->8224e767-71c1-41fc-a01a-d172d48fd9d8: receive RaftClientReply:client-54CC064C3FCE->8224e767-71c1-41fc-a01a-d172d48fd9d8@group-F6B37CC92441, cid=622, SUCCESS, logIndex=738, commits[8224e767-71c1-41fc-a01a-d172d48fd9d8:c739, 6eae0c21-01aa-4169-956f-5952b26ea7ba:c735, 8d7dcba1-3b82-4d94-a832-514ef5c79cf8:c735]
2019-08-21 02:17:10,054 [grpc-default-executor-3] INFO  client.GrpcClientProtocolClient (GrpcClientProtocolClient.java:onNext(255)) - client-54CC064C3FCE->8224e767-71c1-41fc-a01a-d172d48fd9d8: receive RaftClientReply:client-54CC064C3FCE->8224e767-71c1-41fc-a01a-d172d48fd9d8@group-F6B37CC92441, cid=623, SUCCESS, logIndex=739, commits[8224e767-71c1-41fc-a01a-d172d48fd9d8:c740, 6eae0c21-01aa-4169-956f-5952b26ea7ba:c735, 8d7dcba1-3b82-4d94-a832-514ef5c79cf8:c737]
2019-08-21 02:17:10,055 [grpc-default-executor-3] INFO  client.GrpcClientProtocolClient (GrpcClientProtocolClient.java:onNext(255)) - client-54CC064C3FCE->8224e767-71c1-41fc-a01a-d172d48fd9d8: receive RaftClientReply:client-54CC064C3FCE->8224e767-71c1-41fc-a01a-d172d48fd9d8@group-F6B37CC92441, cid=624, SUCCESS, logIndex=0, commits[8224e767-71c1-41fc-a01a-d172d48fd9d8:c743, 6eae0c21-01aa-4169-956f-5952b26ea7ba:c739, 8d7dcba1-3b82-4d94-a832-514ef5c79cf8:c739]
2019-08-21 02:17:10,065 | INFO  | DNAudit | user=null | ip=null | op=WRITE_CHUNK {blockData=conID: 3 locID: 102652564581450133 bcsId: 739} | ret=SUCCESS |  
2019-08-21 02:17:10,070 | INFO  | DNAudit | user=null | ip=null | op=WRITE_CHUNK {blockData=conID: 3 locID: 102652564581450133 bcsId: 739} | ret=SUCCESS |  
2019-08-21 02:17:10,071 | INFO  | DNAudit | user=null | ip=null | op=WRITE_CHUNK {blockData=conID: 3 locID: 102652564581450133 bcsId: 739} | ret=SUCCESS |  
2019-08-21 02:17:10,079 | INFO  | DNAudit | user=null | ip=null | op=WRITE_CHUNK {blockData=conID: 3 locID: 102652564581450133 bcsId: 739} | ret=SUCCESS |  
2019-08-21 02:17:10,400 | INFO  | DNAudit | user=null | ip=null | op=PUT_BLOCK {blockData=[blockId=conID: 3 locID: 102652564581450133 bcsId: 0,size=3145728]} | ret=SUCCESS |  
2019-08-21 02:17:10,400 | INFO  | DNAudit | user=null | ip=null | op=WRITE_CHUNK {blockData=conID: 3 locID: 102652564581450133 bcsId: 739} | ret=SUCCESS |  
2019-08-21 02:17:10,400 | INFO  | DNAudit | user=null | ip=null | op=WRITE_CHUNK {blockData=conID: 3 locID: 102652564581450133 bcsId: 739} | ret=SUCCESS |  
2019-08-21 02:17:10,400 [grpc-default-executor-2] INFO  client.GrpcClientProtocolClient (GrpcClientProtocolClient.java:onNext(255)) - client-54CC064C3FCE->8224e767-71c1-41fc-a01a-d172d48fd9d8: receive RaftClientReply:client-54CC064C3FCE->8224e767-71c1-41fc-a01a-d172d48fd9d8@group-F6B37CC92441, cid=625, SUCCESS, logIndex=744, commits[8224e767-71c1-41fc-a01a-d172d48fd9d8:c745, 6eae0c21-01aa-4169-956f-5952b26ea7ba:c743, 8d7dcba1-3b82-4d94-a832-514ef5c79cf8:c743]
2019-08-21 02:17:10,401 [grpc-default-executor-2] INFO  client.GrpcClientProtocolClient (GrpcClientProtocolClient.java:onNext(255)) - client-54CC064C3FCE->8224e767-71c1-41fc-a01a-d172d48fd9d8: receive RaftClientReply:client-54CC064C3FCE->8224e767-71c1-41fc-a01a-d172d48fd9d8@group-F6B37CC92441, cid=626, SUCCESS, logIndex=745, commits[8224e767-71c1-41fc-a01a-d172d48fd9d8:c745, 6eae0c21-01aa-4169-956f-5952b26ea7ba:c743, 8d7dcba1-3b82-4d94-a832-514ef5c79cf8:c743]
2019-08-21 02:17:10,401 | INFO  | DNAudit | user=null | ip=null | op=PUT_BLOCK {blockData=[blockId=conID: 3 locID: 102652564581450133 bcsId: 0,size=3145728]} | ret=SUCCESS |  
2019-08-21 02:17:10,401 | INFO  | DNAudit | user=null | ip=null | op=PUT_BLOCK {blockData=[blockId=conID: 3 locID: 102652564581450133 bcsId: 0,size=3145728]} | ret=SUCCESS |  
2019-08-21 02:17:10,413 | INFO  | DNAudit | user=null | ip=null | op=WRITE_CHUNK {blockData=conID: 3 locID: 102652564581450133 bcsId: 745} | ret=SUCCESS |  
2019-08-21 02:17:10,420 | INFO  | DNAudit | user=null | ip=null | op=WRITE_CHUNK {blockData=conID: 3 locID: 102652564581450133 bcsId: 745} | ret=SUCCESS |  
2019-08-21 02:17:10,420 | INFO  | DNAudit | user=null | ip=null | op=WRITE_CHUNK {blockData=conID: 3 locID: 102652564581450133 bcsId: 745} | ret=SUCCESS |  
2019-08-21 02:17:10,428 | INFO  | DNAudit | user=null | ip=null | op=WRITE_CHUNK {blockData=conID: 3 locID: 102652564581450133 bcsId: 745} | ret=SUCCESS |  
2019-08-21 02:17:10,429 | INFO  | DNAudit | user=null | ip=null | op=PUT_BLOCK {blockData=[blockId=conID: 3 locID: 102652564581450133 bcsId: 0,size=4194304]} | ret=SUCCESS |  
2019-08-21 02:17:10,429 | INFO  | SCMAudit | user=jenkins1000 | ip=192.168.34.10 | op=SEND_HEARTBEAT {datanodeUUID=94764dae-819c-4b7e-92f1-9cd6c64427b7, command=[]} | ret=SUCCESS |  
2019-08-21 02:17:10,429 [grpc-default-executor-3] INFO  client.GrpcClientProtocolClient (GrpcClientProtocolClient.java:onNext(255)) - client-54CC064C3FCE->8224e767-71c1-41fc-a01a-d172d48fd9d8: receive RaftClientReply:client-54CC064C3FCE->8224e767-71c1-41fc-a01a-d172d48fd9d8@group-F6B37CC92441, cid=627, SUCCESS, logIndex=748, commits[8224e767-71c1-41fc-a01a-d172d48fd9d8:c749, 6eae0c21-01aa-4169-956f-5952b26ea7ba:c747, 8d7dcba1-3b82-4d94-a832-514ef5c79cf8:c747]
2019-08-21 02:17:10,430 [grpc-default-executor-3] INFO  client.GrpcClientProtocolClient (GrpcClientProtocolClient.java:onNext(255)) - client-54CC064C3FCE->8224e767-71c1-41fc-a01a-d172d48fd9d8: receive RaftClientReply:client-54CC064C3FCE->8224e767-71c1-41fc-a01a-d172d48fd9d8@group-F6B37CC92441, cid=628, SUCCESS, logIndex=749, commits[8224e767-71c1-41fc-a01a-d172d48fd9d8:c749, 6eae0c21-01aa-4169-956f-5952b26ea7ba:c747, 8d7dcba1-3b82-4d94-a832-514ef5c79cf8:c747]
2019-08-21 02:17:10,440 | INFO  | DNAudit | user=null | ip=null | op=WRITE_CHUNK {blockData=conID: 3 locID: 102652564581450133 bcsId: 745} | ret=SUCCESS |  
2019-08-21 02:17:10,440 | INFO  | DNAudit | user=null | ip=null | op=WRITE_CHUNK {blockData=conID: 3 locID: 102652564581450133 bcsId: 745} | ret=SUCCESS |  
2019-08-21 02:17:10,441 | INFO  | DNAudit | user=null | ip=null | op=PUT_BLOCK {blockData=[blockId=conID: 3 locID: 102652564581450133 bcsId: 0,size=4194304]} | ret=SUCCESS |  
2019-08-21 02:17:10,441 | INFO  | DNAudit | user=null | ip=null | op=PUT_BLOCK {blockData=[blockId=conID: 3 locID: 102652564581450133 bcsId: 0,size=4194304]} | ret=SUCCESS |  
2019-08-21 02:17:10,442 [grpc-default-executor-3] INFO  client.GrpcClientProtocolClient (GrpcClientProtocolClient.java:onNext(255)) - client-54CC064C3FCE->8224e767-71c1-41fc-a01a-d172d48fd9d8: receive RaftClientReply:client-54CC064C3FCE->8224e767-71c1-41fc-a01a-d172d48fd9d8@group-F6B37CC92441, cid=629, SUCCESS, logIndex=0, commits[8224e767-71c1-41fc-a01a-d172d48fd9d8:c750, 6eae0c21-01aa-4169-956f-5952b26ea7ba:c749, 8d7dcba1-3b82-4d94-a832-514ef5c79cf8:c749]
2019-08-21 02:17:10,455 | INFO  | DNAudit | user=null | ip=null | op=WRITE_CHUNK {blockData=conID: 1 locID: 102652564581450134 bcsId: 0} | ret=SUCCESS |  
2019-08-21 02:17:10,462 | INFO  | DNAudit | user=null | ip=null | op=WRITE_CHUNK {blockData=conID: 1 locID: 102652564581450134 bcsId: 0} | ret=SUCCESS |  
2019-08-21 02:17:10,462 | INFO  | DNAudit | user=null | ip=null | op=WRITE_CHUNK {blockData=conID: 1 locID: 102652564581450134 bcsId: 0} | ret=SUCCESS |  
2019-08-21 02:17:10,468 | INFO  | DNAudit | user=null | ip=null | op=WRITE_CHUNK {blockData=conID: 1 locID: 102652564581450134 bcsId: 0} | ret=SUCCESS |  
2019-08-21 02:17:10,469 | INFO  | DNAudit | user=null | ip=null | op=WRITE_CHUNK {blockData=conID: 1 locID: 102652564581450134 bcsId: 0} | ret=SUCCESS |  
2019-08-21 02:17:10,469 | INFO  | DNAudit | user=null | ip=null | op=PUT_BLOCK {blockData=[blockId=conID: 1 locID: 102652564581450134 bcsId: 0,size=1048576]} | ret=SUCCESS |  
2019-08-21 02:17:10,470 [grpc-default-executor-0] INFO  client.GrpcClientProtocolClient (GrpcClientProtocolClient.java:onNext(255)) - client-54CC064C3FCE->8224e767-71c1-41fc-a01a-d172d48fd9d8: receive RaftClientReply:client-54CC064C3FCE->8224e767-71c1-41fc-a01a-d172d48fd9d8@group-F6B37CC92441, cid=630, SUCCESS, logIndex=752, commits[8224e767-71c1-41fc-a01a-d172d48fd9d8:c753, 6eae0c21-01aa-4169-956f-5952b26ea7ba:c751, 8d7dcba1-3b82-4d94-a832-514ef5c79cf8:c751]
2019-08-21 02:17:10,471 [grpc-default-executor-0] INFO  client.GrpcClientProtocolClient (GrpcClientProtocolClient.java:onNext(255)) - client-54CC064C3FCE->8224e767-71c1-41fc-a01a-d172d48fd9d8: receive RaftClientReply:client-54CC064C3FCE->8224e767-71c1-41fc-a01a-d172d48fd9d8@group-F6B37CC92441, cid=631, SUCCESS, logIndex=753, commits[8224e767-71c1-41fc-a01a-d172d48fd9d8:c753, 6eae0c21-01aa-4169-956f-5952b26ea7ba:c751, 8d7dcba1-3b82-4d94-a832-514ef5c79cf8:c751]
2019-08-21 02:17:10,476 | INFO  | DNAudit | user=null | ip=null | op=WRITE_CHUNK {blockData=conID: 1 locID: 102652564581450134 bcsId: 0} | ret=SUCCESS |  
2019-08-21 02:17:10,477 | INFO  | DNAudit | user=null | ip=null | op=WRITE_CHUNK {blockData=conID: 1 locID: 102652564581450134 bcsId: 0} | ret=SUCCESS |  
2019-08-21 02:17:10,481 | INFO  | DNAudit | user=null | ip=null | op=WRITE_CHUNK {blockData=conID: 1 locID: 102652564581450134 bcsId: 0} | ret=SUCCESS |  
2019-08-21 02:17:10,481 | INFO  | DNAudit | user=null | ip=null | op=WRITE_CHUNK {blockData=conID: 1 locID: 102652564581450134 bcsId: 0} | ret=SUCCESS |  
2019-08-21 02:17:10,482 | INFO  | DNAudit | user=null | ip=null | op=WRITE_CHUNK {blockData=conID: 1 locID: 102652564581450134 bcsId: 0} | ret=SUCCESS |  
2019-08-21 02:17:10,482 | INFO  | DNAudit | user=null | ip=null | op=PUT_BLOCK {blockData=[blockId=conID: 1 locID: 102652564581450134 bcsId: 0,size=1048576]} | ret=SUCCESS |  
2019-08-21 02:17:10,482 | INFO  | DNAudit | user=null | ip=null | op=PUT_BLOCK {blockData=[blockId=conID: 1 locID: 102652564581450134 bcsId: 0,size=2097152]} | ret=SUCCESS |  
2019-08-21 02:17:10,482 | INFO  | DNAudit | user=null | ip=null | op=PUT_BLOCK {blockData=[blockId=conID: 1 locID: 102652564581450134 bcsId: 0,size=1048576]} | ret=SUCCESS |  
2019-08-21 02:17:10,482 [grpc-default-executor-4] INFO  client.GrpcClientProtocolClient (GrpcClientProtocolClient.java:onNext(255)) - client-54CC064C3FCE->8224e767-71c1-41fc-a01a-d172d48fd9d8: receive RaftClientReply:client-54CC064C3FCE->8224e767-71c1-41fc-a01a-d172d48fd9d8@group-F6B37CC92441, cid=632, SUCCESS, logIndex=754, commits[8224e767-71c1-41fc-a01a-d172d48fd9d8:c755, 6eae0c21-01aa-4169-956f-5952b26ea7ba:c751, 8d7dcba1-3b82-4d94-a832-514ef5c79cf8:c751]
2019-08-21 02:17:10,483 [grpc-default-executor-4] INFO  client.GrpcClientProtocolClient (GrpcClientProtocolClient.java:onNext(255)) - client-54CC064C3FCE->8224e767-71c1-41fc-a01a-d172d48fd9d8: receive RaftClientReply:client-54CC064C3FCE->8224e767-71c1-41fc-a01a-d172d48fd9d8@group-F6B37CC92441, cid=633, SUCCESS, logIndex=755, commits[8224e767-71c1-41fc-a01a-d172d48fd9d8:c757, 6eae0c21-01aa-4169-956f-5952b26ea7ba:c752, 8d7dcba1-3b82-4d94-a832-514ef5c79cf8:c753]
2019-08-21 02:17:10,485 [grpc-default-executor-4] INFO  client.GrpcClientProtocolClient (GrpcClientProtocolClient.java:onNext(255)) - client-54CC064C3FCE->8224e767-71c1-41fc-a01a-d172d48fd9d8: receive RaftClientReply:client-54CC064C3FCE->8224e767-71c1-41fc-a01a-d172d48fd9d8@group-F6B37CC92441, cid=634, SUCCESS, logIndex=0, commits[8224e767-71c1-41fc-a01a-d172d48fd9d8:c757, 6eae0c21-01aa-4169-956f-5952b26ea7ba:c753, 8d7dcba1-3b82-4d94-a832-514ef5c79cf8:c753]
2019-08-21 02:17:10,493 | INFO  | DNAudit | user=null | ip=null | op=WRITE_CHUNK {blockData=conID: 1 locID: 102652564581450134 bcsId: 0} | ret=SUCCESS |  
2019-08-21 02:17:10,493 | INFO  | DNAudit | user=null | ip=null | op=WRITE_CHUNK {blockData=conID: 1 locID: 102652564581450134 bcsId: 0} | ret=SUCCESS |  
2019-08-21 02:17:10,494 | INFO  | DNAudit | user=null | ip=null | op=PUT_BLOCK {blockData=[blockId=conID: 1 locID: 102652564581450134 bcsId: 0,size=2097152]} | ret=SUCCESS |  
2019-08-21 02:17:10,494 | INFO  | DNAudit | user=null | ip=null | op=PUT_BLOCK {blockData=[blockId=conID: 1 locID: 102652564581450134 bcsId: 0,size=2097152]} | ret=SUCCESS |  
2019-08-21 02:17:10,498 | INFO  | DNAudit | user=null | ip=null | op=WRITE_CHUNK {blockData=conID: 1 locID: 102652564581450134 bcsId: 755} | ret=SUCCESS |  
2019-08-21 02:17:10,504 | INFO  | DNAudit | user=null | ip=null | op=WRITE_CHUNK {blockData=conID: 1 locID: 102652564581450134 bcsId: 755} | ret=SUCCESS |  
2019-08-21 02:17:10,505 | INFO  | DNAudit | user=null | ip=null | op=WRITE_CHUNK {blockData=conID: 1 locID: 102652564581450134 bcsId: 755} | ret=SUCCESS |  
2019-08-21 02:17:10,511 | INFO  | DNAudit | user=null | ip=null | op=WRITE_CHUNK {blockData=conID: 1 locID: 102652564581450134 bcsId: 755} | ret=SUCCESS |  
2019-08-21 02:17:10,512 | INFO  | DNAudit | user=null | ip=null | op=PUT_BLOCK {blockData=[blockId=conID: 1 locID: 102652564581450134 bcsId: 0,size=3145728]} | ret=SUCCESS |  
2019-08-21 02:17:10,512 [grpc-default-executor-4] INFO  client.GrpcClientProtocolClient (GrpcClientProtocolClient.java:onNext(255)) - client-54CC064C3FCE->8224e767-71c1-41fc-a01a-d172d48fd9d8: receive RaftClientReply:client-54CC064C3FCE->8224e767-71c1-41fc-a01a-d172d48fd9d8@group-F6B37CC92441, cid=635, SUCCESS, logIndex=760, commits[8224e767-71c1-41fc-a01a-d172d48fd9d8:c761, 6eae0c21-01aa-4169-956f-5952b26ea7ba:c759, 8d7dcba1-3b82-4d94-a832-514ef5c79cf8:c759]
2019-08-21 02:17:10,513 [grpc-default-executor-4] INFO  client.GrpcClientProtocolClient (GrpcClientProtocolClient.java:onNext(255)) - client-54CC064C3FCE->8224e767-71c1-41fc-a01a-d172d48fd9d8: receive RaftClientReply:client-54CC064C3FCE->8224e767-71c1-41fc-a01a-d172d48fd9d8@group-F6B37CC92441, cid=636, SUCCESS, logIndex=761, commits[8224e767-71c1-41fc-a01a-d172d48fd9d8:c761, 6eae0c21-01aa-4169-956f-5952b26ea7ba:c759, 8d7dcba1-3b82-4d94-a832-514ef5c79cf8:c759]
2019-08-21 02:17:10,522 | INFO  | DNAudit | user=null | ip=null | op=WRITE_CHUNK {blockData=conID: 1 locID: 102652564581450134 bcsId: 761} | ret=SUCCESS |  
2019-08-21 02:17:10,523 | INFO  | DNAudit | user=null | ip=null | op=WRITE_CHUNK {blockData=conID: 1 locID: 102652564581450134 bcsId: 755} | ret=SUCCESS |  
2019-08-21 02:17:10,523 | INFO  | DNAudit | user=null | ip=null | op=WRITE_CHUNK {blockData=conID: 1 locID: 102652564581450134 bcsId: 755} | ret=SUCCESS |  
2019-08-21 02:17:10,524 | INFO  | DNAudit | user=null | ip=null | op=PUT_BLOCK {blockData=[blockId=conID: 1 locID: 102652564581450134 bcsId: 0,size=3145728]} | ret=SUCCESS |  
2019-08-21 02:17:10,524 | INFO  | DNAudit | user=null | ip=null | op=PUT_BLOCK {blockData=[blockId=conID: 1 locID: 102652564581450134 bcsId: 0,size=3145728]} | ret=SUCCESS |  
2019-08-21 02:17:10,525 | INFO  | DNAudit | user=null | ip=null | op=WRITE_CHUNK {blockData=conID: 1 locID: 102652564581450134 bcsId: 761} | ret=SUCCESS |  
2019-08-21 02:17:10,525 | INFO  | DNAudit | user=null | ip=null | op=WRITE_CHUNK {blockData=conID: 1 locID: 102652564581450134 bcsId: 761} | ret=SUCCESS |  
2019-08-21 02:17:10,537 | INFO  | DNAudit | user=null | ip=null | op=WRITE_CHUNK {blockData=conID: 1 locID: 102652564581450134 bcsId: 761} | ret=SUCCESS |  
2019-08-21 02:17:10,538 | INFO  | DNAudit | user=null | ip=null | op=PUT_BLOCK {blockData=[blockId=conID: 1 locID: 102652564581450134 bcsId: 0,size=4194304]} | ret=SUCCESS |  
2019-08-21 02:17:10,538 [grpc-default-executor-2] INFO  client.GrpcClientProtocolClient (GrpcClientProtocolClient.java:onNext(255)) - client-54CC064C3FCE->8224e767-71c1-41fc-a01a-d172d48fd9d8: receive RaftClientReply:client-54CC064C3FCE->8224e767-71c1-41fc-a01a-d172d48fd9d8@group-F6B37CC92441, cid=637, SUCCESS, logIndex=764, commits[8224e767-71c1-41fc-a01a-d172d48fd9d8:c765, 6eae0c21-01aa-4169-956f-5952b26ea7ba:c761, 8d7dcba1-3b82-4d94-a832-514ef5c79cf8:c761]
2019-08-21 02:17:10,539 [grpc-default-executor-2] INFO  client.GrpcClientProtocolClient (GrpcClientProtocolClient.java:onNext(255)) - client-54CC064C3FCE->8224e767-71c1-41fc-a01a-d172d48fd9d8: receive RaftClientReply:client-54CC064C3FCE->8224e767-71c1-41fc-a01a-d172d48fd9d8@group-F6B37CC92441, cid=638, SUCCESS, logIndex=765, commits[8224e767-71c1-41fc-a01a-d172d48fd9d8:c765, 6eae0c21-01aa-4169-956f-5952b26ea7ba:c761, 8d7dcba1-3b82-4d94-a832-514ef5c79cf8:c761]
2019-08-21 02:17:10,540 | INFO  | SCMAudit | user=jenkins1000 | ip=192.168.34.10 | op=SEND_HEARTBEAT {datanodeUUID=3def7c30-cb13-4f41-8119-6188f246ad27, command=[]} | ret=SUCCESS |  
2019-08-21 02:17:10,549 | INFO  | DNAudit | user=null | ip=null | op=WRITE_CHUNK {blockData=conID: 1 locID: 102652564581450134 bcsId: 761} | ret=SUCCESS |  
2019-08-21 02:17:10,549 | INFO  | DNAudit | user=null | ip=null | op=WRITE_CHUNK {blockData=conID: 1 locID: 102652564581450134 bcsId: 761} | ret=SUCCESS |  
2019-08-21 02:17:10,549 | INFO  | DNAudit | user=null | ip=null | op=PUT_BLOCK {blockData=[blockId=conID: 1 locID: 102652564581450134 bcsId: 0,size=4194304]} | ret=SUCCESS |  
2019-08-21 02:17:10,550 | INFO  | DNAudit | user=null | ip=null | op=PUT_BLOCK {blockData=[blockId=conID: 1 locID: 102652564581450134 bcsId: 0,size=4194304]} | ret=SUCCESS |  
2019-08-21 02:17:10,550 [grpc-default-executor-3] INFO  client.GrpcClientProtocolClient (GrpcClientProtocolClient.java:onNext(255)) - client-54CC064C3FCE->8224e767-71c1-41fc-a01a-d172d48fd9d8: receive RaftClientReply:client-54CC064C3FCE->8224e767-71c1-41fc-a01a-d172d48fd9d8@group-F6B37CC92441, cid=639, SUCCESS, logIndex=0, commits[8224e767-71c1-41fc-a01a-d172d48fd9d8:c766, 6eae0c21-01aa-4169-956f-5952b26ea7ba:c765, 8d7dcba1-3b82-4d94-a832-514ef5c79cf8:c765]
2019-08-21 02:17:10,560 | INFO  | DNAudit | user=null | ip=null | op=WRITE_CHUNK {blockData=conID: 2 locID: 102652564581450135 bcsId: 0} | ret=SUCCESS |  
2019-08-21 02:17:10,565 | INFO  | DNAudit | user=null | ip=null | op=WRITE_CHUNK {blockData=conID: 2 locID: 102652564581450135 bcsId: 0} | ret=SUCCESS |  
2019-08-21 02:17:10,566 | INFO  | DNAudit | user=null | ip=null | op=WRITE_CHUNK {blockData=conID: 2 locID: 102652564581450135 bcsId: 0} | ret=SUCCESS |  
2019-08-21 02:17:10,567 | INFO  | DNAudit | user=null | ip=null | op=WRITE_CHUNK {blockData=conID: 2 locID: 102652564581450135 bcsId: 0} | ret=SUCCESS |  
2019-08-21 02:17:10,568 | INFO  | DNAudit | user=null | ip=null | op=WRITE_CHUNK {blockData=conID: 2 locID: 102652564581450135 bcsId: 0} | ret=SUCCESS |  
2019-08-21 02:17:10,569 | INFO  | DNAudit | user=null | ip=null | op=PUT_BLOCK {blockData=[blockId=conID: 2 locID: 102652564581450135 bcsId: 0,size=1048576]} | ret=SUCCESS |  
2019-08-21 02:17:10,569 [grpc-default-executor-3] INFO  client.GrpcClientProtocolClient (GrpcClientProtocolClient.java:onNext(255)) - client-54CC064C3FCE->8224e767-71c1-41fc-a01a-d172d48fd9d8: receive RaftClientReply:client-54CC064C3FCE->8224e767-71c1-41fc-a01a-d172d48fd9d8@group-F6B37CC92441, cid=640, SUCCESS, logIndex=768, commits[8224e767-71c1-41fc-a01a-d172d48fd9d8:c769, 6eae0c21-01aa-4169-956f-5952b26ea7ba:c765, 8d7dcba1-3b82-4d94-a832-514ef5c79cf8:c767]
2019-08-21 02:17:10,570 | INFO  | DNAudit | user=null | ip=null | op=WRITE_CHUNK {blockData=conID: 2 locID: 102652564581450135 bcsId: 0} | ret=SUCCESS |  
2019-08-21 02:17:10,570 [grpc-default-executor-3] INFO  client.GrpcClientProtocolClient (GrpcClientProtocolClient.java:onNext(255)) - client-54CC064C3FCE->8224e767-71c1-41fc-a01a-d172d48fd9d8: receive RaftClientReply:client-54CC064C3FCE->8224e767-71c1-41fc-a01a-d172d48fd9d8@group-F6B37CC92441, cid=641, SUCCESS, logIndex=769, commits[8224e767-71c1-41fc-a01a-d172d48fd9d8:c769, 6eae0c21-01aa-4169-956f-5952b26ea7ba:c767, 8d7dcba1-3b82-4d94-a832-514ef5c79cf8:c767]
2019-08-21 02:17:10,571 | INFO  | DNAudit | user=null | ip=null | op=WRITE_CHUNK {blockData=conID: 2 locID: 102652564581450135 bcsId: 0} | ret=SUCCESS |  
2019-08-21 02:17:10,572 | INFO  | DNAudit | user=null | ip=null | op=WRITE_CHUNK {blockData=conID: 2 locID: 102652564581450135 bcsId: 0} | ret=SUCCESS |  
2019-08-21 02:17:10,572 | INFO  | DNAudit | user=null | ip=null | op=WRITE_CHUNK {blockData=conID: 2 locID: 102652564581450135 bcsId: 0} | ret=SUCCESS |  
2019-08-21 02:17:10,572 | INFO  | DNAudit | user=null | ip=null | op=PUT_BLOCK {blockData=[blockId=conID: 2 locID: 102652564581450135 bcsId: 0,size=1048576]} | ret=SUCCESS |  
2019-08-21 02:17:10,573 | INFO  | DNAudit | user=null | ip=null | op=WRITE_CHUNK {blockData=conID: 2 locID: 102652564581450135 bcsId: 0} | ret=SUCCESS |  
2019-08-21 02:17:10,573 | INFO  | DNAudit | user=null | ip=null | op=PUT_BLOCK {blockData=[blockId=conID: 2 locID: 102652564581450135 bcsId: 0,size=2097152]} | ret=SUCCESS |  
2019-08-21 02:17:10,573 | INFO  | DNAudit | user=null | ip=null | op=PUT_BLOCK {blockData=[blockId=conID: 2 locID: 102652564581450135 bcsId: 0,size=1048576]} | ret=SUCCESS |  
2019-08-21 02:17:10,573 [grpc-default-executor-3] INFO  client.GrpcClientProtocolClient (GrpcClientProtocolClient.java:onNext(255)) - client-54CC064C3FCE->8224e767-71c1-41fc-a01a-d172d48fd9d8: receive RaftClientReply:client-54CC064C3FCE->8224e767-71c1-41fc-a01a-d172d48fd9d8@group-F6B37CC92441, cid=642, SUCCESS, logIndex=770, commits[8224e767-71c1-41fc-a01a-d172d48fd9d8:c773, 6eae0c21-01aa-4169-956f-5952b26ea7ba:c769, 8d7dcba1-3b82-4d94-a832-514ef5c79cf8:c767]
2019-08-21 02:17:10,573 [grpc-default-executor-3] INFO  client.GrpcClientProtocolClient (GrpcClientProtocolClient.java:onNext(255)) - client-54CC064C3FCE->8224e767-71c1-41fc-a01a-d172d48fd9d8: receive RaftClientReply:client-54CC064C3FCE->8224e767-71c1-41fc-a01a-d172d48fd9d8@group-F6B37CC92441, cid=643, SUCCESS, logIndex=771, commits[8224e767-71c1-41fc-a01a-d172d48fd9d8:c773, 6eae0c21-01aa-4169-956f-5952b26ea7ba:c769, 8d7dcba1-3b82-4d94-a832-514ef5c79cf8:c769]
2019-08-21 02:17:10,574 | INFO  | DNAudit | user=null | ip=null | op=WRITE_CHUNK {blockData=conID: 2 locID: 102652564581450135 bcsId: 0} | ret=SUCCESS |  
2019-08-21 02:17:10,574 | INFO  | DNAudit | user=null | ip=null | op=WRITE_CHUNK {blockData=conID: 2 locID: 102652564581450135 bcsId: 0} | ret=SUCCESS |  
2019-08-21 02:17:10,574 | INFO  | DNAudit | user=null | ip=null | op=PUT_BLOCK {blockData=[blockId=conID: 2 locID: 102652564581450135 bcsId: 0,size=2097152]} | ret=SUCCESS |  
2019-08-21 02:17:10,576 | INFO  | DNAudit | user=null | ip=null | op=PUT_BLOCK {blockData=[blockId=conID: 2 locID: 102652564581450135 bcsId: 0,size=2097152]} | ret=SUCCESS |  
2019-08-21 02:17:10,584 | INFO  | DNAudit | user=null | ip=null | op=WRITE_CHUNK {blockData=conID: 2 locID: 102652564581450135 bcsId: 771} | ret=SUCCESS |  
2019-08-21 02:17:10,586 | INFO  | DNAudit | user=null | ip=null | op=WRITE_CHUNK {blockData=conID: 2 locID: 102652564581450135 bcsId: 771} | ret=SUCCESS |  
2019-08-21 02:17:10,586 | INFO  | DNAudit | user=null | ip=null | op=WRITE_CHUNK {blockData=conID: 2 locID: 102652564581450135 bcsId: 771} | ret=SUCCESS |  
2019-08-21 02:17:10,590 | INFO  | DNAudit | user=null | ip=null | op=WRITE_CHUNK {blockData=conID: 2 locID: 102652564581450135 bcsId: 771} | ret=SUCCESS |  
2019-08-21 02:17:10,590 | INFO  | DNAudit | user=null | ip=null | op=PUT_BLOCK {blockData=[blockId=conID: 2 locID: 102652564581450135 bcsId: 0,size=3145728]} | ret=SUCCESS |  
2019-08-21 02:17:10,590 [grpc-default-executor-3] INFO  client.GrpcClientProtocolClient (GrpcClientProtocolClient.java:onNext(255)) - client-54CC064C3FCE->8224e767-71c1-41fc-a01a-d172d48fd9d8: receive RaftClientReply:client-54CC064C3FCE->8224e767-71c1-41fc-a01a-d172d48fd9d8@group-F6B37CC92441, cid=644, SUCCESS, logIndex=776, commits[8224e767-71c1-41fc-a01a-d172d48fd9d8:c777, 6eae0c21-01aa-4169-956f-5952b26ea7ba:c775, 8d7dcba1-3b82-4d94-a832-514ef5c79cf8:c775]
2019-08-21 02:17:10,591 [grpc-default-executor-3] INFO  client.GrpcClientProtocolClient (GrpcClientProtocolClient.java:onNext(255)) - client-54CC064C3FCE->8224e767-71c1-41fc-a01a-d172d48fd9d8: receive RaftClientReply:client-54CC064C3FCE->8224e767-71c1-41fc-a01a-d172d48fd9d8@group-F6B37CC92441, cid=645, SUCCESS, logIndex=777, commits[8224e767-71c1-41fc-a01a-d172d48fd9d8:c777, 6eae0c21-01aa-4169-956f-5952b26ea7ba:c775, 8d7dcba1-3b82-4d94-a832-514ef5c79cf8:c775]
2019-08-21 02:17:10,591 | INFO  | DNAudit | user=null | ip=null | op=WRITE_CHUNK {blockData=conID: 2 locID: 102652564581450135 bcsId: 771} | ret=SUCCESS |  
2019-08-21 02:17:10,591 | INFO  | DNAudit | user=null | ip=null | op=WRITE_CHUNK {blockData=conID: 2 locID: 102652564581450135 bcsId: 771} | ret=SUCCESS |  
2019-08-21 02:17:10,592 | INFO  | DNAudit | user=null | ip=null | op=PUT_BLOCK {blockData=[blockId=conID: 2 locID: 102652564581450135 bcsId: 0,size=3145728]} | ret=SUCCESS |  
2019-08-21 02:17:10,592 | INFO  | DNAudit | user=null | ip=null | op=PUT_BLOCK {blockData=[blockId=conID: 2 locID: 102652564581450135 bcsId: 0,size=3145728]} | ret=SUCCESS |  
2019-08-21 02:17:10,599 | INFO  | DNAudit | user=null | ip=null | op=WRITE_CHUNK {blockData=conID: 2 locID: 102652564581450135 bcsId: 777} | ret=SUCCESS |  
2019-08-21 02:17:10,602 | INFO  | DNAudit | user=null | ip=null | op=WRITE_CHUNK {blockData=conID: 2 locID: 102652564581450135 bcsId: 777} | ret=SUCCESS |  
2019-08-21 02:17:10,603 | INFO  | DNAudit | user=null | ip=null | op=WRITE_CHUNK {blockData=conID: 2 locID: 102652564581450135 bcsId: 777} | ret=SUCCESS |  
2019-08-21 02:17:10,605 | INFO  | DNAudit | user=null | ip=null | op=WRITE_CHUNK {blockData=conID: 2 locID: 102652564581450135 bcsId: 777} | ret=SUCCESS |  
2019-08-21 02:17:10,606 | INFO  | DNAudit | user=null | ip=null | op=PUT_BLOCK {blockData=[blockId=conID: 2 locID: 102652564581450135 bcsId: 0,size=4194304]} | ret=SUCCESS |  
2019-08-21 02:17:10,606 [grpc-default-executor-3] INFO  client.GrpcClientProtocolClient (GrpcClientProtocolClient.java:onNext(255)) - client-54CC064C3FCE->8224e767-71c1-41fc-a01a-d172d48fd9d8: receive RaftClientReply:client-54CC064C3FCE->8224e767-71c1-41fc-a01a-d172d48fd9d8@group-F6B37CC92441, cid=646, SUCCESS, logIndex=780, commits[8224e767-71c1-41fc-a01a-d172d48fd9d8:c781, 6eae0c21-01aa-4169-956f-5952b26ea7ba:c777, 8d7dcba1-3b82-4d94-a832-514ef5c79cf8:c779]
2019-08-21 02:17:10,606 [grpc-default-executor-3] INFO  client.GrpcClientProtocolClient (GrpcClientProtocolClient.java:onNext(255)) - client-54CC064C3FCE->8224e767-71c1-41fc-a01a-d172d48fd9d8: receive RaftClientReply:client-54CC064C3FCE->8224e767-71c1-41fc-a01a-d172d48fd9d8@group-F6B37CC92441, cid=647, SUCCESS, logIndex=781, commits[8224e767-71c1-41fc-a01a-d172d48fd9d8:c781, 6eae0c21-01aa-4169-956f-5952b26ea7ba:c779, 8d7dcba1-3b82-4d94-a832-514ef5c79cf8:c779]
2019-08-21 02:17:10,607 | INFO  | DNAudit | user=null | ip=null | op=WRITE_CHUNK {blockData=conID: 2 locID: 102652564581450135 bcsId: 777} | ret=SUCCESS |  
2019-08-21 02:17:10,607 | INFO  | DNAudit | user=null | ip=null | op=WRITE_CHUNK {blockData=conID: 2 locID: 102652564581450135 bcsId: 777} | ret=SUCCESS |  
2019-08-21 02:17:10,607 | INFO  | DNAudit | user=null | ip=null | op=PUT_BLOCK {blockData=[blockId=conID: 2 locID: 102652564581450135 bcsId: 0,size=4194304]} | ret=SUCCESS |  
2019-08-21 02:17:10,607 | INFO  | DNAudit | user=null | ip=null | op=PUT_BLOCK {blockData=[blockId=conID: 2 locID: 102652564581450135 bcsId: 0,size=4194304]} | ret=SUCCESS |  
2019-08-21 02:17:10,608 [grpc-default-executor-3] INFO  client.GrpcClientProtocolClient (GrpcClientProtocolClient.java:onNext(255)) - client-54CC064C3FCE->8224e767-71c1-41fc-a01a-d172d48fd9d8: receive RaftClientReply:client-54CC064C3FCE->8224e767-71c1-41fc-a01a-d172d48fd9d8@group-F6B37CC92441, cid=648, SUCCESS, logIndex=0, commits[8224e767-71c1-41fc-a01a-d172d48fd9d8:c782, 6eae0c21-01aa-4169-956f-5952b26ea7ba:c781, 8d7dcba1-3b82-4d94-a832-514ef5c79cf8:c781]
2019-08-21 02:17:10,617 | INFO  | DNAudit | user=null | ip=null | op=WRITE_CHUNK {blockData=conID: 3 locID: 102652564581450136 bcsId: 0} | ret=SUCCESS |  
2019-08-21 02:17:10,621 | INFO  | DNAudit | user=null | ip=null | op=WRITE_CHUNK {blockData=conID: 3 locID: 102652564581450136 bcsId: 0} | ret=SUCCESS |  
2019-08-21 02:17:10,622 | INFO  | DNAudit | user=null | ip=null | op=WRITE_CHUNK {blockData=conID: 3 locID: 102652564581450136 bcsId: 0} | ret=SUCCESS |  
2019-08-21 02:17:10,623 | INFO  | DNAudit | user=null | ip=null | op=WRITE_CHUNK {blockData=conID: 3 locID: 102652564581450136 bcsId: 0} | ret=SUCCESS |  
2019-08-21 02:17:10,624 | INFO  | DNAudit | user=null | ip=null | op=WRITE_CHUNK {blockData=conID: 3 locID: 102652564581450136 bcsId: 0} | ret=SUCCESS |  
2019-08-21 02:17:10,624 | INFO  | DNAudit | user=null | ip=null | op=PUT_BLOCK {blockData=[blockId=conID: 3 locID: 102652564581450136 bcsId: 0,size=1048576]} | ret=SUCCESS |  
2019-08-21 02:17:10,625 [grpc-default-executor-2] INFO  client.GrpcClientProtocolClient (GrpcClientProtocolClient.java:onNext(255)) - client-54CC064C3FCE->8224e767-71c1-41fc-a01a-d172d48fd9d8: receive RaftClientReply:client-54CC064C3FCE->8224e767-71c1-41fc-a01a-d172d48fd9d8@group-F6B37CC92441, cid=649, SUCCESS, logIndex=784, commits[8224e767-71c1-41fc-a01a-d172d48fd9d8:c785, 6eae0c21-01aa-4169-956f-5952b26ea7ba:c781, 8d7dcba1-3b82-4d94-a832-514ef5c79cf8:c783]
2019-08-21 02:17:10,625 [grpc-default-executor-2] INFO  client.GrpcClientProtocolClient (GrpcClientProtocolClient.java:onNext(255)) - client-54CC064C3FCE->8224e767-71c1-41fc-a01a-d172d48fd9d8: receive RaftClientReply:client-54CC064C3FCE->8224e767-71c1-41fc-a01a-d172d48fd9d8@group-F6B37CC92441, cid=650, SUCCESS, logIndex=785, commits[8224e767-71c1-41fc-a01a-d172d48fd9d8:c785, 6eae0c21-01aa-4169-956f-5952b26ea7ba:c783, 8d7dcba1-3b82-4d94-a832-514ef5c79cf8:c783]
2019-08-21 02:17:10,626 | INFO  | DNAudit | user=null | ip=null | op=WRITE_CHUNK {blockData=conID: 3 locID: 102652564581450136 bcsId: 0} | ret=SUCCESS |  
2019-08-21 02:17:10,627 | INFO  | DNAudit | user=null | ip=null | op=WRITE_CHUNK {blockData=conID: 3 locID: 102652564581450136 bcsId: 0} | ret=SUCCESS |  
2019-08-21 02:17:10,629 | INFO  | DNAudit | user=null | ip=null | op=WRITE_CHUNK {blockData=conID: 3 locID: 102652564581450136 bcsId: 0} | ret=SUCCESS |  
2019-08-21 02:17:10,629 | INFO  | DNAudit | user=null | ip=null | op=WRITE_CHUNK {blockData=conID: 3 locID: 102652564581450136 bcsId: 0} | ret=SUCCESS |  
2019-08-21 02:17:10,629 | INFO  | DNAudit | user=null | ip=null | op=PUT_BLOCK {blockData=[blockId=conID: 3 locID: 102652564581450136 bcsId: 0,size=1048576]} | ret=SUCCESS |  
2019-08-21 02:17:10,629 | INFO  | DNAudit | user=null | ip=null | op=WRITE_CHUNK {blockData=conID: 3 locID: 102652564581450136 bcsId: 0} | ret=SUCCESS |  
2019-08-21 02:17:10,629 | INFO  | DNAudit | user=null | ip=null | op=PUT_BLOCK {blockData=[blockId=conID: 3 locID: 102652564581450136 bcsId: 0,size=2097152]} | ret=SUCCESS |  
2019-08-21 02:17:10,629 [grpc-default-executor-0] INFO  client.GrpcClientProtocolClient (GrpcClientProtocolClient.java:onNext(255)) - client-54CC064C3FCE->8224e767-71c1-41fc-a01a-d172d48fd9d8: receive RaftClientReply:client-54CC064C3FCE->8224e767-71c1-41fc-a01a-d172d48fd9d8@group-F6B37CC92441, cid=651, SUCCESS, logIndex=786, commits[8224e767-71c1-41fc-a01a-d172d48fd9d8:c787, 6eae0c21-01aa-4169-956f-5952b26ea7ba:c783, 8d7dcba1-3b82-4d94-a832-514ef5c79cf8:c783]
2019-08-21 02:17:10,630 | INFO  | DNAudit | user=null | ip=null | op=PUT_BLOCK {blockData=[blockId=conID: 3 locID: 102652564581450136 bcsId: 0,size=1048576]} | ret=SUCCESS |  
2019-08-21 02:17:10,630 [grpc-default-executor-0] INFO  client.GrpcClientProtocolClient (GrpcClientProtocolClient.java:onNext(255)) - client-54CC064C3FCE->8224e767-71c1-41fc-a01a-d172d48fd9d8: receive RaftClientReply:client-54CC064C3FCE->8224e767-71c1-41fc-a01a-d172d48fd9d8@group-F6B37CC92441, cid=652, SUCCESS, logIndex=787, commits[8224e767-71c1-41fc-a01a-d172d48fd9d8:c789, 6eae0c21-01aa-4169-956f-5952b26ea7ba:c785, 8d7dcba1-3b82-4d94-a832-514ef5c79cf8:c785]
2019-08-21 02:17:10,630 | INFO  | DNAudit | user=null | ip=null | op=WRITE_CHUNK {blockData=conID: 3 locID: 102652564581450136 bcsId: 0} | ret=SUCCESS |  
2019-08-21 02:17:10,631 | INFO  | DNAudit | user=null | ip=null | op=WRITE_CHUNK {blockData=conID: 3 locID: 102652564581450136 bcsId: 0} | ret=SUCCESS |  
2019-08-21 02:17:10,631 | INFO  | DNAudit | user=null | ip=null | op=PUT_BLOCK {blockData=[blockId=conID: 3 locID: 102652564581450136 bcsId: 0,size=2097152]} | ret=SUCCESS |  
2019-08-21 02:17:10,631 | INFO  | DNAudit | user=null | ip=null | op=PUT_BLOCK {blockData=[blockId=conID: 3 locID: 102652564581450136 bcsId: 0,size=2097152]} | ret=SUCCESS |  
2019-08-21 02:17:10,639 | INFO  | DNAudit | user=null | ip=null | op=WRITE_CHUNK {blockData=conID: 3 locID: 102652564581450136 bcsId: 787} | ret=SUCCESS |  
2019-08-21 02:17:10,642 | INFO  | DNAudit | user=null | ip=null | op=WRITE_CHUNK {blockData=conID: 3 locID: 102652564581450136 bcsId: 787} | ret=SUCCESS |  
2019-08-21 02:17:10,642 | INFO  | DNAudit | user=null | ip=null | op=WRITE_CHUNK {blockData=conID: 3 locID: 102652564581450136 bcsId: 787} | ret=SUCCESS |  
2019-08-21 02:17:10,645 | INFO  | DNAudit | user=null | ip=null | op=WRITE_CHUNK {blockData=conID: 3 locID: 102652564581450136 bcsId: 787} | ret=SUCCESS |  
2019-08-21 02:17:10,646 | INFO  | DNAudit | user=null | ip=null | op=PUT_BLOCK {blockData=[blockId=conID: 3 locID: 102652564581450136 bcsId: 0,size=3145728]} | ret=SUCCESS |  
2019-08-21 02:17:10,646 [grpc-default-executor-4] INFO  client.GrpcClientProtocolClient (GrpcClientProtocolClient.java:onNext(255)) - client-54CC064C3FCE->8224e767-71c1-41fc-a01a-d172d48fd9d8: receive RaftClientReply:client-54CC064C3FCE->8224e767-71c1-41fc-a01a-d172d48fd9d8@group-F6B37CC92441, cid=653, SUCCESS, logIndex=792, commits[8224e767-71c1-41fc-a01a-d172d48fd9d8:c793, 6eae0c21-01aa-4169-956f-5952b26ea7ba:c791, 8d7dcba1-3b82-4d94-a832-514ef5c79cf8:c791]
2019-08-21 02:17:10,647 [grpc-default-executor-4] INFO  client.GrpcClientProtocolClient (GrpcClientProtocolClient.java:onNext(255)) - client-54CC064C3FCE->8224e767-71c1-41fc-a01a-d172d48fd9d8: receive RaftClientReply:client-54CC064C3FCE->8224e767-71c1-41fc-a01a-d172d48fd9d8@group-F6B37CC92441, cid=654, SUCCESS, logIndex=793, commits[8224e767-71c1-41fc-a01a-d172d48fd9d8:c793, 6eae0c21-01aa-4169-956f-5952b26ea7ba:c791, 8d7dcba1-3b82-4d94-a832-514ef5c79cf8:c791]
2019-08-21 02:17:10,649 | INFO  | DNAudit | user=null | ip=null | op=WRITE_CHUNK {blockData=conID: 3 locID: 102652564581450136 bcsId: 787} | ret=SUCCESS |  
2019-08-21 02:17:10,649 | INFO  | DNAudit | user=null | ip=null | op=WRITE_CHUNK {blockData=conID: 3 locID: 102652564581450136 bcsId: 787} | ret=SUCCESS |  
2019-08-21 02:17:10,650 | INFO  | DNAudit | user=null | ip=null | op=PUT_BLOCK {blockData=[blockId=conID: 3 locID: 102652564581450136 bcsId: 0,size=3145728]} | ret=SUCCESS |  
 0.00% |█                                                                                                    |  0/1 Time: 0:00:012019-08-21 02:17:10,651 | INFO  | DNAudit | user=null | ip=null | op=PUT_BLOCK {blockData=[blockId=conID: 3 locID: 102652564581450136 bcsId: 0,size=3145728]} | ret=SUCCESS |  
2019-08-21 02:17:10,656 | INFO  | DNAudit | user=null | ip=null | op=WRITE_CHUNK {blockData=conID: 3 locID: 102652564581450136 bcsId: 793} | ret=SUCCESS |  
2019-08-21 02:17:10,659 | INFO  | DNAudit | user=null | ip=null | op=WRITE_CHUNK {blockData=conID: 3 locID: 102652564581450136 bcsId: 793} | ret=SUCCESS |  
2019-08-21 02:17:10,659 | INFO  | DNAudit | user=null | ip=null | op=WRITE_CHUNK {blockData=conID: 3 locID: 102652564581450136 bcsId: 793} | ret=SUCCESS |  
2019-08-21 02:17:10,661 | INFO  | DNAudit | user=null | ip=null | op=WRITE_CHUNK {blockData=conID: 3 locID: 102652564581450136 bcsId: 793} | ret=SUCCESS |  
2019-08-21 02:17:10,662 | INFO  | DNAudit | user=null | ip=null | op=PUT_BLOCK {blockData=[blockId=conID: 3 locID: 102652564581450136 bcsId: 0,size=4194304]} | ret=SUCCESS |  
2019-08-21 02:17:10,662 [grpc-default-executor-0] INFO  client.GrpcClientProtocolClient (GrpcClientProtocolClient.java:onNext(255)) - client-54CC064C3FCE->8224e767-71c1-41fc-a01a-d172d48fd9d8: receive RaftClientReply:client-54CC064C3FCE->8224e767-71c1-41fc-a01a-d172d48fd9d8@group-F6B37CC92441, cid=655, SUCCESS, logIndex=796, commits[8224e767-71c1-41fc-a01a-d172d48fd9d8:c797, 6eae0c21-01aa-4169-956f-5952b26ea7ba:c795, 8d7dcba1-3b82-4d94-a832-514ef5c79cf8:c795]
2019-08-21 02:17:10,662 [grpc-default-executor-0] INFO  client.GrpcClientProtocolClient (GrpcClientProtocolClient.java:onNext(255)) - client-54CC064C3FCE->8224e767-71c1-41fc-a01a-d172d48fd9d8: receive RaftClientReply:client-54CC064C3FCE->8224e767-71c1-41fc-a01a-d172d48fd9d8@group-F6B37CC92441, cid=656, SUCCESS, logIndex=797, commits[8224e767-71c1-41fc-a01a-d172d48fd9d8:c797, 6eae0c21-01aa-4169-956f-5952b26ea7ba:c795, 8d7dcba1-3b82-4d94-a832-514ef5c79cf8:c795]
2019-08-21 02:17:10,663 | INFO  | DNAudit | user=null | ip=null | op=WRITE_CHUNK {blockData=conID: 3 locID: 102652564581450136 bcsId: 793} | ret=SUCCESS |  
2019-08-21 02:17:10,663 | INFO  | DNAudit | user=null | ip=null | op=WRITE_CHUNK {blockData=conID: 3 locID: 102652564581450136 bcsId: 793} | ret=SUCCESS |  
2019-08-21 02:17:10,664 | INFO  | DNAudit | user=null | ip=null | op=PUT_BLOCK {blockData=[blockId=conID: 3 locID: 102652564581450136 bcsId: 0,size=4194304]} | ret=SUCCESS |  
2019-08-21 02:17:10,664 | INFO  | DNAudit | user=null | ip=null | op=PUT_BLOCK {blockData=[blockId=conID: 3 locID: 102652564581450136 bcsId: 0,size=4194304]} | ret=SUCCESS |  
2019-08-21 02:17:10,665 [grpc-default-executor-4] INFO  client.GrpcClientProtocolClient (GrpcClientProtocolClient.java:onNext(255)) - client-54CC064C3FCE->8224e767-71c1-41fc-a01a-d172d48fd9d8: receive RaftClientReply:client-54CC064C3FCE->8224e767-71c1-41fc-a01a-d172d48fd9d8@group-F6B37CC92441, cid=657, SUCCESS, logIndex=0, commits[8224e767-71c1-41fc-a01a-d172d48fd9d8:c798, 6eae0c21-01aa-4169-956f-5952b26ea7ba:c797, 8d7dcba1-3b82-4d94-a832-514ef5c79cf8:c797]
2019-08-21 02:17:10,673 | INFO  | DNAudit | user=null | ip=null | op=WRITE_CHUNK {blockData=conID: 1 locID: 102652564581515673 bcsId: 0} | ret=SUCCESS |  
2019-08-21 02:17:10,677 | INFO  | DNAudit | user=null | ip=null | op=WRITE_CHUNK {blockData=conID: 1 locID: 102652564581515673 bcsId: 0} | ret=SUCCESS |  
2019-08-21 02:17:10,677 | INFO  | DNAudit | user=null | ip=null | op=WRITE_CHUNK {blockData=conID: 1 locID: 102652564581515673 bcsId: 0} | ret=SUCCESS |  
2019-08-21 02:17:10,677 | INFO  | DNAudit | user=null | ip=null | op=WRITE_CHUNK {blockData=conID: 1 locID: 102652564581515673 bcsId: 0} | ret=SUCCESS |  
2019-08-21 02:17:10,680 | INFO  | DNAudit | user=null | ip=null | op=WRITE_CHUNK {blockData=conID: 1 locID: 102652564581515673 bcsId: 0} | ret=SUCCESS |  
2019-08-21 02:17:10,680 | INFO  | DNAudit | user=null | ip=null | op=WRITE_CHUNK {blockData=conID: 1 locID: 102652564581515673 bcsId: 0} | ret=SUCCESS |  
2019-08-21 02:17:10,697 | INFO  | DNAudit | user=null | ip=null | op=WRITE_CHUNK {blockData=conID: 1 locID: 102652564581515673 bcsId: 0} | ret=SUCCESS |  
2019-08-21 02:17:10,698 | INFO  | DNAudit | user=null | ip=null | op=PUT_BLOCK {blockData=[blockId=conID: 1 locID: 102652564581515673 bcsId: 0,size=1048576]} | ret=SUCCESS |  
2019-08-21 02:17:10,698 | INFO  | DNAudit | user=null | ip=null | op=WRITE_CHUNK {blockData=conID: 1 locID: 102652564581515673 bcsId: 0} | ret=SUCCESS |  
2019-08-21 02:17:10,698 [grpc-default-executor-4] INFO  client.GrpcClientProtocolClient (GrpcClientProtocolClient.java:onNext(255)) - client-54CC064C3FCE->8224e767-71c1-41fc-a01a-d172d48fd9d8: receive RaftClientReply:client-54CC064C3FCE->8224e767-71c1-41fc-a01a-d172d48fd9d8@group-F6B37CC92441, cid=658, SUCCESS, logIndex=800, commits[8224e767-71c1-41fc-a01a-d172d48fd9d8:c801, 6eae0c21-01aa-4169-956f-5952b26ea7ba:c799, 8d7dcba1-3b82-4d94-a832-514ef5c79cf8:c799]
2019-08-21 02:17:10,698 | INFO  | DNAudit | user=null | ip=null | op=WRITE_CHUNK {blockData=conID: 1 locID: 102652564581515673 bcsId: 0} | ret=SUCCESS |  
2019-08-21 02:17:10,698 | INFO  | DNAudit | user=null | ip=null | op=PUT_BLOCK {blockData=[blockId=conID: 1 locID: 102652564581515673 bcsId: 0,size=2097152]} | ret=SUCCESS |  
2019-08-21 02:17:10,699 [grpc-default-executor-4] INFO  client.GrpcClientProtocolClient (GrpcClientProtocolClient.java:onNext(255)) - client-54CC064C3FCE->8224e767-71c1-41fc-a01a-d172d48fd9d8: receive RaftClientReply:client-54CC064C3FCE->8224e767-71c1-41fc-a01a-d172d48fd9d8@group-F6B37CC92441, cid=659, SUCCESS, logIndex=801, commits[8224e767-71c1-41fc-a01a-d172d48fd9d8:c803, 6eae0c21-01aa-4169-956f-5952b26ea7ba:c799, 8d7dcba1-3b82-4d94-a832-514ef5c79cf8:c799]
2019-08-21 02:17:10,699 | INFO  | DNAudit | user=null | ip=null | op=PUT_BLOCK {blockData=[blockId=conID: 1 locID: 102652564581515673 bcsId: 0,size=1048576]} | ret=SUCCESS |  
2019-08-21 02:17:10,699 [grpc-default-executor-4] INFO  client.GrpcClientProtocolClient (GrpcClientProtocolClient.java:onNext(255)) - client-54CC064C3FCE->8224e767-71c1-41fc-a01a-d172d48fd9d8: receive RaftClientReply:client-54CC064C3FCE->8224e767-71c1-41fc-a01a-d172d48fd9d8@group-F6B37CC92441, cid=660, SUCCESS, logIndex=802, commits[8224e767-71c1-41fc-a01a-d172d48fd9d8:c803, 6eae0c21-01aa-4169-956f-5952b26ea7ba:c799, 8d7dcba1-3b82-4d94-a832-514ef5c79cf8:c799]
2019-08-21 02:17:10,699 | INFO  | DNAudit | user=null | ip=null | op=WRITE_CHUNK {blockData=conID: 1 locID: 102652564581515673 bcsId: 0} | ret=SUCCESS |  
2019-08-21 02:17:10,699 | INFO  | DNAudit | user=null | ip=null | op=WRITE_CHUNK {blockData=conID: 1 locID: 102652564581515673 bcsId: 0} | ret=SUCCESS |  
2019-08-21 02:17:10,699 [grpc-default-executor-4] INFO  client.GrpcClientProtocolClient (GrpcClientProtocolClient.java:onNext(255)) - client-54CC064C3FCE->8224e767-71c1-41fc-a01a-d172d48fd9d8: receive RaftClientReply:client-54CC064C3FCE->8224e767-71c1-41fc-a01a-d172d48fd9d8@group-F6B37CC92441, cid=661, SUCCESS, logIndex=803, commits[8224e767-71c1-41fc-a01a-d172d48fd9d8:c803, 6eae0c21-01aa-4169-956f-5952b26ea7ba:c799, 8d7dcba1-3b82-4d94-a832-514ef5c79cf8:c799]
2019-08-21 02:17:10,700 | INFO  | DNAudit | user=null | ip=null | op=PUT_BLOCK {blockData=[blockId=conID: 1 locID: 102652564581515673 bcsId: 0,size=1048576]} | ret=SUCCESS |  
2019-08-21 02:17:10,700 | INFO  | DNAudit | user=null | ip=null | op=PUT_BLOCK {blockData=[blockId=conID: 1 locID: 102652564581515673 bcsId: 0,size=2097152]} | ret=SUCCESS |  
2019-08-21 02:17:10,700 | INFO  | DNAudit | user=null | ip=null | op=WRITE_CHUNK {blockData=conID: 1 locID: 102652564581515673 bcsId: 0} | ret=SUCCESS |  
2019-08-21 02:17:10,701 | INFO  | DNAudit | user=null | ip=null | op=PUT_BLOCK {blockData=[blockId=conID: 1 locID: 102652564581515673 bcsId: 0,size=2097152]} | ret=SUCCESS |  
2019-08-21 02:17:10,701 [grpc-default-executor-2] INFO  client.GrpcClientProtocolClient (GrpcClientProtocolClient.java:onNext(255)) - client-54CC064C3FCE->8224e767-71c1-41fc-a01a-d172d48fd9d8: receive RaftClientReply:client-54CC064C3FCE->8224e767-71c1-41fc-a01a-d172d48fd9d8@group-F6B37CC92441, cid=662, SUCCESS, logIndex=0, commits[8224e767-71c1-41fc-a01a-d172d48fd9d8:c807, 6eae0c21-01aa-4169-956f-5952b26ea7ba:c803, 8d7dcba1-3b82-4d94-a832-514ef5c79cf8:c801]
2019-08-21 02:17:10,710 | INFO  | DNAudit | user=null | ip=null | op=WRITE_CHUNK {blockData=conID: 1 locID: 102652564581515673 bcsId: 803} | ret=SUCCESS |  
2019-08-21 02:17:10,713 | INFO  | DNAudit | user=null | ip=null | op=WRITE_CHUNK {blockData=conID: 1 locID: 102652564581515673 bcsId: 803} | ret=SUCCESS |  
2019-08-21 02:17:10,713 | INFO  | DNAudit | user=null | ip=null | op=WRITE_CHUNK {blockData=conID: 1 locID: 102652564581515673 bcsId: 803} | ret=SUCCESS |  
2019-08-21 02:17:10,723 | INFO  | DNAudit | user=null | ip=null | op=WRITE_CHUNK {blockData=conID: 1 locID: 102652564581515673 bcsId: 803} | ret=SUCCESS |  
2019-08-21 02:17:10,724 | INFO  | DNAudit | user=null | ip=null | op=PUT_BLOCK {blockData=[blockId=conID: 1 locID: 102652564581515673 bcsId: 0,size=3145728]} | ret=SUCCESS |  
2019-08-21 02:17:10,724 [grpc-default-executor-2] INFO  client.GrpcClientProtocolClient (GrpcClientProtocolClient.java:onNext(255)) - client-54CC064C3FCE->8224e767-71c1-41fc-a01a-d172d48fd9d8: receive RaftClientReply:client-54CC064C3FCE->8224e767-71c1-41fc-a01a-d172d48fd9d8@group-F6B37CC92441, cid=663, SUCCESS, logIndex=808, commits[8224e767-71c1-41fc-a01a-d172d48fd9d8:c809, 6eae0c21-01aa-4169-956f-5952b26ea7ba:c807, 8d7dcba1-3b82-4d94-a832-514ef5c79cf8:c807]
2019-08-21 02:17:10,724 [grpc-default-executor-2] INFO  client.GrpcClientProtocolClient (GrpcClientProtocolClient.java:onNext(255)) - client-54CC064C3FCE->8224e767-71c1-41fc-a01a-d172d48fd9d8: receive RaftClientReply:client-54CC064C3FCE->8224e767-71c1-41fc-a01a-d172d48fd9d8@group-F6B37CC92441, cid=664, SUCCESS, logIndex=809, commits[8224e767-71c1-41fc-a01a-d172d48fd9d8:c809, 6eae0c21-01aa-4169-956f-5952b26ea7ba:c807, 8d7dcba1-3b82-4d94-a832-514ef5c79cf8:c807]
2019-08-21 02:17:10,732 | INFO  | DNAudit | user=null | ip=null | op=WRITE_CHUNK {blockData=conID: 1 locID: 102652564581515673 bcsId: 809} | ret=SUCCESS |  
2019-08-21 02:17:10,735 | INFO  | DNAudit | user=null | ip=null | op=WRITE_CHUNK {blockData=conID: 1 locID: 102652564581515673 bcsId: 803} | ret=SUCCESS |  
2019-08-21 02:17:10,736 | INFO  | DNAudit | user=null | ip=null | op=WRITE_CHUNK {blockData=conID: 1 locID: 102652564581515673 bcsId: 803} | ret=SUCCESS |  
2019-08-21 02:17:10,737 | INFO  | DNAudit | user=null | ip=null | op=PUT_BLOCK {blockData=[blockId=conID: 1 locID: 102652564581515673 bcsId: 0,size=3145728]} | ret=SUCCESS |  
2019-08-21 02:17:10,738 | INFO  | DNAudit | user=null | ip=null | op=WRITE_CHUNK {blockData=conID: 1 locID: 102652564581515673 bcsId: 809} | ret=SUCCESS |  
2019-08-21 02:17:10,738 | INFO  | DNAudit | user=null | ip=null | op=WRITE_CHUNK {blockData=conID: 1 locID: 102652564581515673 bcsId: 809} | ret=SUCCESS |  
2019-08-21 02:17:10,740 | INFO  | DNAudit | user=null | ip=null | op=PUT_BLOCK {blockData=[blockId=conID: 1 locID: 102652564581515673 bcsId: 0,size=3145728]} | ret=SUCCESS |  
2019-08-21 02:17:10,752 | INFO  | DNAudit | user=null | ip=null | op=WRITE_CHUNK {blockData=conID: 1 locID: 102652564581515673 bcsId: 809} | ret=SUCCESS |  
2019-08-21 02:17:10,752 | INFO  | DNAudit | user=null | ip=null | op=PUT_BLOCK {blockData=[blockId=conID: 1 locID: 102652564581515673 bcsId: 0,size=4194304]} | ret=SUCCESS |  
2019-08-21 02:17:10,753 [grpc-default-executor-0] INFO  client.GrpcClientProtocolClient (GrpcClientProtocolClient.java:onNext(255)) - client-54CC064C3FCE->8224e767-71c1-41fc-a01a-d172d48fd9d8: receive RaftClientReply:client-54CC064C3FCE->8224e767-71c1-41fc-a01a-d172d48fd9d8@group-F6B37CC92441, cid=665, SUCCESS, logIndex=812, commits[8224e767-71c1-41fc-a01a-d172d48fd9d8:c812, 6eae0c21-01aa-4169-956f-5952b26ea7ba:c809, 8d7dcba1-3b82-4d94-a832-514ef5c79cf8:c809]
2019-08-21 02:17:10,753 [grpc-default-executor-0] INFO  client.GrpcClientProtocolClient (GrpcClientProtocolClient.java:onNext(255)) - client-54CC064C3FCE->8224e767-71c1-41fc-a01a-d172d48fd9d8: receive RaftClientReply:client-54CC064C3FCE->8224e767-71c1-41fc-a01a-d172d48fd9d8@group-F6B37CC92441, cid=666, SUCCESS, logIndex=813, commits[8224e767-71c1-41fc-a01a-d172d48fd9d8:c813, 6eae0c21-01aa-4169-956f-5952b26ea7ba:c809, 8d7dcba1-3b82-4d94-a832-514ef5c79cf8:c809]
2019-08-21 02:17:10,764 | INFO  | DNAudit | user=null | ip=null | op=WRITE_CHUNK {blockData=conID: 1 locID: 102652564581515673 bcsId: 809} | ret=SUCCESS |  
2019-08-21 02:17:10,764 | INFO  | DNAudit | user=null | ip=null | op=WRITE_CHUNK {blockData=conID: 1 locID: 102652564581515673 bcsId: 809} | ret=SUCCESS |  
2019-08-21 02:17:10,765 | INFO  | DNAudit | user=null | ip=null | op=PUT_BLOCK {blockData=[blockId=conID: 1 locID: 102652564581515673 bcsId: 0,size=4194304]} | ret=SUCCESS |  
2019-08-21 02:17:10,765 | INFO  | DNAudit | user=null | ip=null | op=PUT_BLOCK {blockData=[blockId=conID: 1 locID: 102652564581515673 bcsId: 0,size=4194304]} | ret=SUCCESS |  
2019-08-21 02:17:10,766 [grpc-default-executor-2] INFO  client.GrpcClientProtocolClient (GrpcClientProtocolClient.java:onNext(255)) - client-54CC064C3FCE->8224e767-71c1-41fc-a01a-d172d48fd9d8: receive RaftClientReply:client-54CC064C3FCE->8224e767-71c1-41fc-a01a-d172d48fd9d8@group-F6B37CC92441, cid=667, SUCCESS, logIndex=0, commits[8224e767-71c1-41fc-a01a-d172d48fd9d8:c815, 6eae0c21-01aa-4169-956f-5952b26ea7ba:c813, 8d7dcba1-3b82-4d94-a832-514ef5c79cf8:c813]
2019-08-21 02:17:10,775 | INFO  | DNAudit | user=null | ip=null | op=WRITE_CHUNK {blockData=conID: 2 locID: 102652564581515674 bcsId: 0} | ret=SUCCESS |  
2019-08-21 02:17:10,778 | INFO  | DNAudit | user=null | ip=null | op=WRITE_CHUNK {blockData=conID: 2 locID: 102652564581515674 bcsId: 0} | ret=SUCCESS |  
2019-08-21 02:17:10,778 | INFO  | DNAudit | user=null | ip=null | op=WRITE_CHUNK {blockData=conID: 2 locID: 102652564581515674 bcsId: 0} | ret=SUCCESS |  
2019-08-21 02:17:10,779 | INFO  | DNAudit | user=null | ip=null | op=WRITE_CHUNK {blockData=conID: 2 locID: 102652564581515674 bcsId: 0} | ret=SUCCESS |  
2019-08-21 02:17:10,781 | INFO  | DNAudit | user=null | ip=null | op=WRITE_CHUNK {blockData=conID: 2 locID: 102652564581515674 bcsId: 0} | ret=SUCCESS |  
2019-08-21 02:17:10,782 | INFO  | DNAudit | user=null | ip=null | op=WRITE_CHUNK {blockData=conID: 2 locID: 102652564581515674 bcsId: 0} | ret=SUCCESS |  
2019-08-21 02:17:10,788 | INFO  | DNAudit | user=null | ip=null | op=WRITE_CHUNK {blockData=conID: 2 locID: 102652564581515674 bcsId: 0} | ret=SUCCESS |  
2019-08-21 02:17:10,788 | INFO  | DNAudit | user=null | ip=null | op=PUT_BLOCK {blockData=[blockId=conID: 2 locID: 102652564581515674 bcsId: 0,size=1048576]} | ret=SUCCESS |  
2019-08-21 02:17:10,789 [grpc-default-executor-2] INFO  client.GrpcClientProtocolClient (GrpcClientProtocolClient.java:onNext(255)) - client-54CC064C3FCE->8224e767-71c1-41fc-a01a-d172d48fd9d8: receive RaftClientReply:client-54CC064C3FCE->8224e767-71c1-41fc-a01a-d172d48fd9d8@group-F6B37CC92441, cid=668, SUCCESS, logIndex=816, commits[8224e767-71c1-41fc-a01a-d172d48fd9d8:c817, 6eae0c21-01aa-4169-956f-5952b26ea7ba:c815, 8d7dcba1-3b82-4d94-a832-514ef5c79cf8:c815]
2019-08-21 02:17:10,789 | INFO  | DNAudit | user=null | ip=null | op=WRITE_CHUNK {blockData=conID: 2 locID: 102652564581515674 bcsId: 0} | ret=SUCCESS |  
2019-08-21 02:17:10,789 [grpc-default-executor-2] INFO  client.GrpcClientProtocolClient (GrpcClientProtocolClient.java:onNext(255)) - client-54CC064C3FCE->8224e767-71c1-41fc-a01a-d172d48fd9d8: receive RaftClientReply:client-54CC064C3FCE->8224e767-71c1-41fc-a01a-d172d48fd9d8@group-F6B37CC92441, cid=669, SUCCESS, logIndex=817, commits[8224e767-71c1-41fc-a01a-d172d48fd9d8:c819, 6eae0c21-01aa-4169-956f-5952b26ea7ba:c815, 8d7dcba1-3b82-4d94-a832-514ef5c79cf8:c815]
2019-08-21 02:17:10,790 | INFO  | DNAudit | user=null | ip=null | op=PUT_BLOCK {blockData=[blockId=conID: 2 locID: 102652564581515674 bcsId: 0,size=2097152]} | ret=SUCCESS |  
2019-08-21 02:17:10,790 [grpc-default-executor-2] INFO  client.GrpcClientProtocolClient (GrpcClientProtocolClient.java:onNext(255)) - client-54CC064C3FCE->8224e767-71c1-41fc-a01a-d172d48fd9d8: receive RaftClientReply:client-54CC064C3FCE->8224e767-71c1-41fc-a01a-d172d48fd9d8@group-F6B37CC92441, cid=670, SUCCESS, logIndex=818, commits[8224e767-71c1-41fc-a01a-d172d48fd9d8:c819, 6eae0c21-01aa-4169-956f-5952b26ea7ba:c815, 8d7dcba1-3b82-4d94-a832-514ef5c79cf8:c815]
2019-08-21 02:17:10,790 [grpc-default-executor-2] INFO  client.GrpcClientProtocolClient (GrpcClientProtocolClient.java:onNext(255)) - client-54CC064C3FCE->8224e767-71c1-41fc-a01a-d172d48fd9d8: receive RaftClientReply:client-54CC064C3FCE->8224e767-71c1-41fc-a01a-d172d48fd9d8@group-F6B37CC92441, cid=671, SUCCESS, logIndex=819, commits[8224e767-71c1-41fc-a01a-d172d48fd9d8:c819, 6eae0c21-01aa-4169-956f-5952b26ea7ba:c815, 8d7dcba1-3b82-4d94-a832-514ef5c79cf8:c815]
2019-08-21 02:17:10,799 | INFO  | DNAudit | user=null | ip=null | op=WRITE_CHUNK {blockData=conID: 2 locID: 102652564581515674 bcsId: 0} | ret=SUCCESS |  
2019-08-21 02:17:10,799 | INFO  | DNAudit | user=null | ip=null | op=PUT_BLOCK {blockData=[blockId=conID: 2 locID: 102652564581515674 bcsId: 0,size=1048576]} | ret=SUCCESS |  
2019-08-21 02:17:10,799 | INFO  | DNAudit | user=null | ip=null | op=WRITE_CHUNK {blockData=conID: 2 locID: 102652564581515674 bcsId: 0} | ret=SUCCESS |  
2019-08-21 02:17:10,799 | INFO  | DNAudit | user=null | ip=null | op=PUT_BLOCK {blockData=[blockId=conID: 2 locID: 102652564581515674 bcsId: 0,size=1048576]} | ret=SUCCESS |  
2019-08-21 02:17:10,800 | INFO  | DNAudit | user=null | ip=null | op=WRITE_CHUNK {blockData=conID: 2 locID: 102652564581515674 bcsId: 0} | ret=SUCCESS |  
2019-08-21 02:17:10,800 | INFO  | DNAudit | user=null | ip=null | op=PUT_BLOCK {blockData=[blockId=conID: 2 locID: 102652564581515674 bcsId: 0,size=2097152]} | ret=SUCCESS |  
2019-08-21 02:17:10,800 | INFO  | DNAudit | user=null | ip=null | op=WRITE_CHUNK {blockData=conID: 2 locID: 102652564581515674 bcsId: 0} | ret=SUCCESS |  
2019-08-21 02:17:10,800 [grpc-default-executor-4] INFO  client.GrpcClientProtocolClient (GrpcClientProtocolClient.java:onNext(255)) - client-54CC064C3FCE->8224e767-71c1-41fc-a01a-d172d48fd9d8: receive RaftClientReply:client-54CC064C3FCE->8224e767-71c1-41fc-a01a-d172d48fd9d8@group-F6B37CC92441, cid=672, SUCCESS, logIndex=0, commits[8224e767-71c1-41fc-a01a-d172d48fd9d8:c820, 6eae0c21-01aa-4169-956f-5952b26ea7ba:c817, 8d7dcba1-3b82-4d94-a832-514ef5c79cf8:c817]
2019-08-21 02:17:10,801 | INFO  | DNAudit | user=null | ip=null | op=PUT_BLOCK {blockData=[blockId=conID: 2 locID: 102652564581515674 bcsId: 0,size=2097152]} | ret=SUCCESS |  
2019-08-21 02:17:10,809 | INFO  | DNAudit | user=null | ip=null | op=WRITE_CHUNK {blockData=conID: 2 locID: 102652564581515674 bcsId: 819} | ret=SUCCESS |  
2019-08-21 02:17:10,812 | INFO  | DNAudit | user=null | ip=null | op=WRITE_CHUNK {blockData=conID: 2 locID: 102652564581515674 bcsId: 819} | ret=SUCCESS |  
2019-08-21 02:17:10,812 | INFO  | DNAudit | user=null | ip=null | op=WRITE_CHUNK {blockData=conID: 2 locID: 102652564581515674 bcsId: 819} | ret=SUCCESS |  
2019-08-21 02:17:10,822 | INFO  | DNAudit | user=null | ip=null | op=WRITE_CHUNK {blockData=conID: 2 locID: 102652564581515674 bcsId: 819} | ret=SUCCESS |  
2019-08-21 02:17:10,823 | INFO  | DNAudit | user=null | ip=null | op=PUT_BLOCK {blockData=[blockId=conID: 2 locID: 102652564581515674 bcsId: 0,size=3145728]} | ret=SUCCESS |  
2019-08-21 02:17:10,823 [grpc-default-executor-2] INFO  client.GrpcClientProtocolClient (GrpcClientProtocolClient.java:onNext(255)) - client-54CC064C3FCE->8224e767-71c1-41fc-a01a-d172d48fd9d8: receive RaftClientReply:client-54CC064C3FCE->8224e767-71c1-41fc-a01a-d172d48fd9d8@group-F6B37CC92441, cid=673, SUCCESS, logIndex=824, commits[8224e767-71c1-41fc-a01a-d172d48fd9d8:c825, 6eae0c21-01aa-4169-956f-5952b26ea7ba:c823, 8d7dcba1-3b82-4d94-a832-514ef5c79cf8:c823]
2019-08-21 02:17:10,824 [grpc-default-executor-2] INFO  client.GrpcClientProtocolClient (GrpcClientProtocolClient.java:onNext(255)) - client-54CC064C3FCE->8224e767-71c1-41fc-a01a-d172d48fd9d8: receive RaftClientReply:client-54CC064C3FCE->8224e767-71c1-41fc-a01a-d172d48fd9d8@group-F6B37CC92441, cid=674, SUCCESS, logIndex=825, commits[8224e767-71c1-41fc-a01a-d172d48fd9d8:c825, 6eae0c21-01aa-4169-956f-5952b26ea7ba:c823, 8d7dcba1-3b82-4d94-a832-514ef5c79cf8:c823]
2019-08-21 02:17:10,831 | INFO  | DNAudit | user=null | ip=null | op=WRITE_CHUNK {blockData=conID: 2 locID: 102652564581515674 bcsId: 825} | ret=SUCCESS |  
2019-08-21 02:17:10,834 | INFO  | DNAudit | user=null | ip=null | op=WRITE_CHUNK {blockData=conID: 2 locID: 102652564581515674 bcsId: 819} | ret=SUCCESS |  
2019-08-21 02:17:10,833 | INFO  | DNAudit | user=null | ip=null | op=WRITE_CHUNK {blockData=conID: 2 locID: 102652564581515674 bcsId: 819} | ret=SUCCESS |  
2019-08-21 02:17:10,835 | INFO  | DNAudit | user=null | ip=null | op=WRITE_CHUNK {blockData=conID: 2 locID: 102652564581515674 bcsId: 825} | ret=SUCCESS |  
2019-08-21 02:17:10,836 | INFO  | DNAudit | user=null | ip=null | op=WRITE_CHUNK {blockData=conID: 2 locID: 102652564581515674 bcsId: 825} | ret=SUCCESS |  
2019-08-21 02:17:10,846 | INFO  | DNAudit | user=null | ip=null | op=PUT_BLOCK {blockData=[blockId=conID: 2 locID: 102652564581515674 bcsId: 0,size=3145728]} | ret=SUCCESS |  
2019-08-21 02:17:10,847 | INFO  | DNAudit | user=null | ip=null | op=WRITE_CHUNK {blockData=conID: 2 locID: 102652564581515674 bcsId: 825} | ret=SUCCESS |  
2019-08-21 02:17:10,847 | INFO  | DNAudit | user=null | ip=null | op=PUT_BLOCK {blockData=[blockId=conID: 2 locID: 102652564581515674 bcsId: 0,size=3145728]} | ret=SUCCESS |  
2019-08-21 02:17:10,851 | INFO  | DNAudit | user=null | ip=null | op=PUT_BLOCK {blockData=[blockId=conID: 2 locID: 102652564581515674 bcsId: 0,size=4194304]} | ret=SUCCESS |  
2019-08-21 02:17:10,852 | INFO  | DNAudit | user=null | ip=null | op=WRITE_CHUNK {blockData=conID: 2 locID: 102652564581515674 bcsId: 825} | ret=SUCCESS |  
2019-08-21 02:17:10,852 | INFO  | DNAudit | user=null | ip=null | op=WRITE_CHUNK {blockData=conID: 2 locID: 102652564581515674 bcsId: 825} | ret=SUCCESS |  
2019-08-21 02:17:10,852 [grpc-default-executor-4] INFO  client.GrpcClientProtocolClient (GrpcClientProtocolClient.java:onNext(255)) - client-54CC064C3FCE->8224e767-71c1-41fc-a01a-d172d48fd9d8: receive RaftClientReply:client-54CC064C3FCE->8224e767-71c1-41fc-a01a-d172d48fd9d8@group-F6B37CC92441, cid=675, SUCCESS, logIndex=828, commits[8224e767-71c1-41fc-a01a-d172d48fd9d8:c829, 6eae0c21-01aa-4169-956f-5952b26ea7ba:c825, 8d7dcba1-3b82-4d94-a832-514ef5c79cf8:c825]
2019-08-21 02:17:10,853 [grpc-default-executor-4] INFO  client.GrpcClientProtocolClient (GrpcClientProtocolClient.java:onNext(255)) - client-54CC064C3FCE->8224e767-71c1-41fc-a01a-d172d48fd9d8: receive RaftClientReply:client-54CC064C3FCE->8224e767-71c1-41fc-a01a-d172d48fd9d8@group-F6B37CC92441, cid=676, SUCCESS, logIndex=829, commits[8224e767-71c1-41fc-a01a-d172d48fd9d8:c829, 6eae0c21-01aa-4169-956f-5952b26ea7ba:c825, 8d7dcba1-3b82-4d94-a832-514ef5c79cf8:c825]
2019-08-21 02:17:10,853 | INFO  | DNAudit | user=null | ip=null | op=PUT_BLOCK {blockData=[blockId=conID: 2 locID: 102652564581515674 bcsId: 0,size=4194304]} | ret=SUCCESS |  
2019-08-21 02:17:10,853 | INFO  | DNAudit | user=null | ip=null | op=PUT_BLOCK {blockData=[blockId=conID: 2 locID: 102652564581515674 bcsId: 0,size=4194304]} | ret=SUCCESS |  
2019-08-21 02:17:10,855 [grpc-default-executor-4] INFO  client.GrpcClientProtocolClient (GrpcClientProtocolClient.java:onNext(255)) - client-54CC064C3FCE->8224e767-71c1-41fc-a01a-d172d48fd9d8: receive RaftClientReply:client-54CC064C3FCE->8224e767-71c1-41fc-a01a-d172d48fd9d8@group-F6B37CC92441, cid=677, SUCCESS, logIndex=0, commits[8224e767-71c1-41fc-a01a-d172d48fd9d8:c831, 6eae0c21-01aa-4169-956f-5952b26ea7ba:c829, 8d7dcba1-3b82-4d94-a832-514ef5c79cf8:c829]
2019-08-21 02:17:10,863 | INFO  | DNAudit | user=null | ip=null | op=WRITE_CHUNK {blockData=conID: 3 locID: 102652564581515675 bcsId: 0} | ret=SUCCESS |  
2019-08-21 02:17:10,865 | INFO  | DNAudit | user=null | ip=null | op=WRITE_CHUNK {blockData=conID: 3 locID: 102652564581515675 bcsId: 0} | ret=SUCCESS |  
2019-08-21 02:17:10,866 | INFO  | DNAudit | user=null | ip=null | op=WRITE_CHUNK {blockData=conID: 3 locID: 102652564581515675 bcsId: 0} | ret=SUCCESS |  
2019-08-21 02:17:10,867 | INFO  | DNAudit | user=null | ip=null | op=WRITE_CHUNK {blockData=conID: 3 locID: 102652564581515675 bcsId: 0} | ret=SUCCESS |  
2019-08-21 02:17:10,869 | INFO  | DNAudit | user=null | ip=null | op=WRITE_CHUNK {blockData=conID: 3 locID: 102652564581515675 bcsId: 0} | ret=SUCCESS |  
2019-08-21 02:17:10,869 | INFO  | DNAudit | user=null | ip=null | op=WRITE_CHUNK {blockData=conID: 3 locID: 102652564581515675 bcsId: 0} | ret=SUCCESS |  
2019-08-21 02:17:10,869 | INFO  | DNAudit | user=null | ip=null | op=WRITE_CHUNK {blockData=conID: 3 locID: 102652564581515675 bcsId: 0} | ret=SUCCESS |  
2019-08-21 02:17:10,869 | INFO  | DNAudit | user=null | ip=null | op=PUT_BLOCK {blockData=[blockId=conID: 3 locID: 102652564581515675 bcsId: 0,size=1048576]} | ret=SUCCESS |  
2019-08-21 02:17:10,870 [grpc-default-executor-4] INFO  client.GrpcClientProtocolClient (GrpcClientProtocolClient.java:onNext(255)) - client-54CC064C3FCE->8224e767-71c1-41fc-a01a-d172d48fd9d8: receive RaftClientReply:client-54CC064C3FCE->8224e767-71c1-41fc-a01a-d172d48fd9d8@group-F6B37CC92441, cid=678, SUCCESS, logIndex=832, commits[8224e767-71c1-41fc-a01a-d172d48fd9d8:c833, 6eae0c21-01aa-4169-956f-5952b26ea7ba:c831, 8d7dcba1-3b82-4d94-a832-514ef5c79cf8:c829]
2019-08-21 02:17:10,871 [grpc-default-executor-4] INFO  client.GrpcClientProtocolClient (GrpcClientProtocolClient.java:onNext(255)) - client-54CC064C3FCE->8224e767-71c1-41fc-a01a-d172d48fd9d8: receive RaftClientReply:client-54CC064C3FCE->8224e767-71c1-41fc-a01a-d172d48fd9d8@group-F6B37CC92441, cid=679, SUCCESS, logIndex=833, commits[8224e767-71c1-41fc-a01a-d172d48fd9d8:c833, 6eae0c21-01aa-4169-956f-5952b26ea7ba:c831, 8d7dcba1-3b82-4d94-a832-514ef5c79cf8:c829]
2019-08-21 02:17:10,871 | INFO  | DNAudit | user=null | ip=null | op=WRITE_CHUNK {blockData=conID: 3 locID: 102652564581515675 bcsId: 0} | ret=SUCCESS |  
2019-08-21 02:17:10,871 | INFO  | DNAudit | user=null | ip=null | op=WRITE_CHUNK {blockData=conID: 3 locID: 102652564581515675 bcsId: 0} | ret=SUCCESS |  
2019-08-21 02:17:10,872 | INFO  | DNAudit | user=null | ip=null | op=PUT_BLOCK {blockData=[blockId=conID: 3 locID: 102652564581515675 bcsId: 0,size=2097152]} | ret=SUCCESS |  
2019-08-21 02:17:10,872 | INFO  | DNAudit | user=null | ip=null | op=WRITE_CHUNK {blockData=conID: 3 locID: 102652564581515675 bcsId: 0} | ret=SUCCESS |  
2019-08-21 02:17:10,873 | INFO  | DNAudit | user=null | ip=null | op=PUT_BLOCK {blockData=[blockId=conID: 3 locID: 102652564581515675 bcsId: 0,size=1048576]} | ret=SUCCESS |  
2019-08-21 02:17:10,873 [grpc-default-executor-0] INFO  client.GrpcClientProtocolClient (GrpcClientProtocolClient.java:onNext(255)) - client-54CC064C3FCE->8224e767-71c1-41fc-a01a-d172d48fd9d8: receive RaftClientReply:client-54CC064C3FCE->8224e767-71c1-41fc-a01a-d172d48fd9d8@group-F6B37CC92441, cid=680, SUCCESS, logIndex=834, commits[8224e767-71c1-41fc-a01a-d172d48fd9d8:c835, 6eae0c21-01aa-4169-956f-5952b26ea7ba:c831, 8d7dcba1-3b82-4d94-a832-514ef5c79cf8:c831]
2019-08-21 02:17:10,873 | INFO  | DNAudit | user=null | ip=null | op=PUT_BLOCK {blockData=[blockId=conID: 3 locID: 102652564581515675 bcsId: 0,size=1048576]} | ret=SUCCESS |  
2019-08-21 02:17:10,873 [grpc-default-executor-4] INFO  client.GrpcClientProtocolClient (GrpcClientProtocolClient.java:onNext(255)) - client-54CC064C3FCE->8224e767-71c1-41fc-a01a-d172d48fd9d8: receive RaftClientReply:client-54CC064C3FCE->8224e767-71c1-41fc-a01a-d172d48fd9d8@group-F6B37CC92441, cid=681, SUCCESS, logIndex=835, commits[8224e767-71c1-41fc-a01a-d172d48fd9d8:c836, 6eae0c21-01aa-4169-956f-5952b26ea7ba:c832, 8d7dcba1-3b82-4d94-a832-514ef5c79cf8:c833]
2019-08-21 02:17:10,874 | INFO  | DNAudit | user=null | ip=null | op=WRITE_CHUNK {blockData=conID: 3 locID: 102652564581515675 bcsId: 0} | ret=SUCCESS |  
2019-08-21 02:17:10,874 | INFO  | DNAudit | user=null | ip=null | op=WRITE_CHUNK {blockData=conID: 3 locID: 102652564581515675 bcsId: 0} | ret=SUCCESS |  
2019-08-21 02:17:10,874 | INFO  | DNAudit | user=null | ip=null | op=PUT_BLOCK {blockData=[blockId=conID: 3 locID: 102652564581515675 bcsId: 0,size=2097152]} | ret=SUCCESS |  
2019-08-21 02:17:10,874 | INFO  | DNAudit | user=null | ip=null | op=PUT_BLOCK {blockData=[blockId=conID: 3 locID: 102652564581515675 bcsId: 0,size=2097152]} | ret=SUCCESS |  
2019-08-21 02:17:10,875 [grpc-default-executor-4] INFO  client.GrpcClientProtocolClient (GrpcClientProtocolClient.java:onNext(255)) - client-54CC064C3FCE->8224e767-71c1-41fc-a01a-d172d48fd9d8: receive RaftClientReply:client-54CC064C3FCE->8224e767-71c1-41fc-a01a-d172d48fd9d8@group-F6B37CC92441, cid=682, SUCCESS, logIndex=0, commits[8224e767-71c1-41fc-a01a-d172d48fd9d8:c839, 6eae0c21-01aa-4169-956f-5952b26ea7ba:c835, 8d7dcba1-3b82-4d94-a832-514ef5c79cf8:c835]
2019-08-21 02:17:10,884 | INFO  | DNAudit | user=null | ip=null | op=WRITE_CHUNK {blockData=conID: 3 locID: 102652564581515675 bcsId: 835} | ret=SUCCESS |  
2019-08-21 02:17:10,886 | INFO  | DNAudit | user=null | ip=null | op=WRITE_CHUNK {blockData=conID: 3 locID: 102652564581515675 bcsId: 835} | ret=SUCCESS |  
2019-08-21 02:17:10,886 | INFO  | DNAudit | user=null | ip=null | op=WRITE_CHUNK {blockData=conID: 3 locID: 102652564581515675 bcsId: 835} | ret=SUCCESS |  
2019-08-21 02:17:10,889 | INFO  | DNAudit | user=null | ip=null | op=WRITE_CHUNK {blockData=conID: 3 locID: 102652564581515675 bcsId: 835} | ret=SUCCESS |  
2019-08-21 02:17:10,890 | INFO  | DNAudit | user=null | ip=null | op=PUT_BLOCK {blockData=[blockId=conID: 3 locID: 102652564581515675 bcsId: 0,size=3145728]} | ret=SUCCESS |  
2019-08-21 02:17:10,890 [grpc-default-executor-3] INFO  client.GrpcClientProtocolClient (GrpcClientProtocolClient.java:onNext(255)) - client-54CC064C3FCE->8224e767-71c1-41fc-a01a-d172d48fd9d8: receive RaftClientReply:client-54CC064C3FCE->8224e767-71c1-41fc-a01a-d172d48fd9d8@group-F6B37CC92441, cid=683, SUCCESS, logIndex=840, commits[8224e767-71c1-41fc-a01a-d172d48fd9d8:c841, 6eae0c21-01aa-4169-956f-5952b26ea7ba:c839, 8d7dcba1-3b82-4d94-a832-514ef5c79cf8:c835]
2019-08-21 02:17:10,891 [grpc-default-executor-3] INFO  client.GrpcClientProtocolClient (GrpcClientProtocolClient.java:onNext(255)) - client-54CC064C3FCE->8224e767-71c1-41fc-a01a-d172d48fd9d8: receive RaftClientReply:client-54CC064C3FCE->8224e767-71c1-41fc-a01a-d172d48fd9d8@group-F6B37CC92441, cid=684, SUCCESS, logIndex=841, commits[8224e767-71c1-41fc-a01a-d172d48fd9d8:c841, 6eae0c21-01aa-4169-956f-5952b26ea7ba:c839, 8d7dcba1-3b82-4d94-a832-514ef5c79cf8:c839]
2019-08-21 02:17:10,892 | INFO  | DNAudit | user=null | ip=null | op=WRITE_CHUNK {blockData=conID: 3 locID: 102652564581515675 bcsId: 835} | ret=SUCCESS |  
2019-08-21 02:17:10,892 | INFO  | DNAudit | user=null | ip=null | op=WRITE_CHUNK {blockData=conID: 3 locID: 102652564581515675 bcsId: 835} | ret=SUCCESS |  
2019-08-21 02:17:10,892 | INFO  | DNAudit | user=null | ip=null | op=PUT_BLOCK {blockData=[blockId=conID: 3 locID: 102652564581515675 bcsId: 0,size=3145728]} | ret=SUCCESS |  
2019-08-21 02:17:10,893 | INFO  | DNAudit | user=null | ip=null | op=PUT_BLOCK {blockData=[blockId=conID: 3 locID: 102652564581515675 bcsId: 0,size=3145728]} | ret=SUCCESS |  
2019-08-21 02:17:10,900 | INFO  | DNAudit | user=null | ip=null | op=WRITE_CHUNK {blockData=conID: 3 locID: 102652564581515675 bcsId: 841} | ret=SUCCESS |  
2019-08-21 02:17:10,903 | INFO  | DNAudit | user=null | ip=null | op=WRITE_CHUNK {blockData=conID: 3 locID: 102652564581515675 bcsId: 841} | ret=SUCCESS |  
2019-08-21 02:17:10,903 | INFO  | DNAudit | user=null | ip=null | op=WRITE_CHUNK {blockData=conID: 3 locID: 102652564581515675 bcsId: 841} | ret=SUCCESS |  
2019-08-21 02:17:10,906 | INFO  | DNAudit | user=null | ip=null | op=WRITE_CHUNK {blockData=conID: 3 locID: 102652564581515675 bcsId: 841} | ret=SUCCESS |  
2019-08-21 02:17:10,907 | INFO  | DNAudit | user=null | ip=null | op=PUT_BLOCK {blockData=[blockId=conID: 3 locID: 102652564581515675 bcsId: 0,size=4194304]} | ret=SUCCESS |  
2019-08-21 02:17:10,907 [grpc-default-executor-0] INFO  client.GrpcClientProtocolClient (GrpcClientProtocolClient.java:onNext(255)) - client-54CC064C3FCE->8224e767-71c1-41fc-a01a-d172d48fd9d8: receive RaftClientReply:client-54CC064C3FCE->8224e767-71c1-41fc-a01a-d172d48fd9d8@group-F6B37CC92441, cid=685, SUCCESS, logIndex=844, commits[8224e767-71c1-41fc-a01a-d172d48fd9d8:c845, 6eae0c21-01aa-4169-956f-5952b26ea7ba:c843, 8d7dcba1-3b82-4d94-a832-514ef5c79cf8:c843]
2019-08-21 02:17:10,907 [grpc-default-executor-0] INFO  client.GrpcClientProtocolClient (GrpcClientProtocolClient.java:onNext(255)) - client-54CC064C3FCE->8224e767-71c1-41fc-a01a-d172d48fd9d8: receive RaftClientReply:client-54CC064C3FCE->8224e767-71c1-41fc-a01a-d172d48fd9d8@group-F6B37CC92441, cid=686, SUCCESS, logIndex=845, commits[8224e767-71c1-41fc-a01a-d172d48fd9d8:c845, 6eae0c21-01aa-4169-956f-5952b26ea7ba:c843, 8d7dcba1-3b82-4d94-a832-514ef5c79cf8:c843]
2019-08-21 02:17:10,908 | INFO  | DNAudit | user=null | ip=null | op=WRITE_CHUNK {blockData=conID: 3 locID: 102652564581515675 bcsId: 841} | ret=SUCCESS |  
2019-08-21 02:17:10,909 | INFO  | DNAudit | user=null | ip=null | op=WRITE_CHUNK {blockData=conID: 3 locID: 102652564581515675 bcsId: 841} | ret=SUCCESS |  
2019-08-21 02:17:10,909 | INFO  | DNAudit | user=null | ip=null | op=PUT_BLOCK {blockData=[blockId=conID: 3 locID: 102652564581515675 bcsId: 0,size=4194304]} | ret=SUCCESS |  
2019-08-21 02:17:10,909 | INFO  | DNAudit | user=null | ip=null | op=PUT_BLOCK {blockData=[blockId=conID: 3 locID: 102652564581515675 bcsId: 0,size=4194304]} | ret=SUCCESS |  
2019-08-21 02:17:10,910 [grpc-default-executor-4] INFO  client.GrpcClientProtocolClient (GrpcClientProtocolClient.java:onNext(255)) - client-54CC064C3FCE->8224e767-71c1-41fc-a01a-d172d48fd9d8: receive RaftClientReply:client-54CC064C3FCE->8224e767-71c1-41fc-a01a-d172d48fd9d8@group-F6B37CC92441, cid=687, SUCCESS, logIndex=0, commits[8224e767-71c1-41fc-a01a-d172d48fd9d8:c846, 6eae0c21-01aa-4169-956f-5952b26ea7ba:c845, 8d7dcba1-3b82-4d94-a832-514ef5c79cf8:c845]
2019-08-21 02:17:10,920 | INFO  | DNAudit | user=null | ip=null | op=WRITE_CHUNK {blockData=conID: 1 locID: 102652564581515676 bcsId: 0} | ret=SUCCESS |  
2019-08-21 02:17:10,923 | INFO  | DNAudit | user=null | ip=null | op=WRITE_CHUNK {blockData=conID: 1 locID: 102652564581515676 bcsId: 0} | ret=SUCCESS |  
2019-08-21 02:17:10,923 | INFO  | DNAudit | user=null | ip=null | op=WRITE_CHUNK {blockData=conID: 1 locID: 102652564581515676 bcsId: 0} | ret=SUCCESS |  
2019-08-21 02:17:10,925 | INFO  | DNAudit | user=null | ip=null | op=WRITE_CHUNK {blockData=conID: 1 locID: 102652564581515676 bcsId: 0} | ret=SUCCESS |  
2019-08-21 02:17:10,925 | INFO  | DNAudit | user=null | ip=null | op=WRITE_CHUNK {blockData=conID: 1 locID: 102652564581515676 bcsId: 0} | ret=SUCCESS |  
2019-08-21 02:17:10,926 | INFO  | DNAudit | user=null | ip=null | op=PUT_BLOCK {blockData=[blockId=conID: 1 locID: 102652564581515676 bcsId: 0,size=1048576]} | ret=SUCCESS |  
2019-08-21 02:17:10,927 [grpc-default-executor-4] INFO  client.GrpcClientProtocolClient (GrpcClientProtocolClient.java:onNext(255)) - client-54CC064C3FCE->8224e767-71c1-41fc-a01a-d172d48fd9d8: receive RaftClientReply:client-54CC064C3FCE->8224e767-71c1-41fc-a01a-d172d48fd9d8@group-F6B37CC92441, cid=688, SUCCESS, logIndex=848, commits[8224e767-71c1-41fc-a01a-d172d48fd9d8:c849, 6eae0c21-01aa-4169-956f-5952b26ea7ba:c847, 8d7dcba1-3b82-4d94-a832-514ef5c79cf8:c847]
2019-08-21 02:17:10,927 | INFO  | DNAudit | user=null | ip=null | op=WRITE_CHUNK {blockData=conID: 1 locID: 102652564581515676 bcsId: 0} | ret=SUCCESS |  
2019-08-21 02:17:10,927 [grpc-default-executor-4] INFO  client.GrpcClientProtocolClient (GrpcClientProtocolClient.java:onNext(255)) - client-54CC064C3FCE->8224e767-71c1-41fc-a01a-d172d48fd9d8: receive RaftClientReply:client-54CC064C3FCE->8224e767-71c1-41fc-a01a-d172d48fd9d8@group-F6B37CC92441, cid=689, SUCCESS, logIndex=849, commits[8224e767-71c1-41fc-a01a-d172d48fd9d8:c849, 6eae0c21-01aa-4169-956f-5952b26ea7ba:c847, 8d7dcba1-3b82-4d94-a832-514ef5c79cf8:c847]
2019-08-21 02:17:10,928 | INFO  | DNAudit | user=null | ip=null | op=WRITE_CHUNK {blockData=conID: 1 locID: 102652564581515676 bcsId: 0} | ret=SUCCESS |  
2019-08-21 02:17:10,929 | INFO  | DNAudit | user=null | ip=null | op=WRITE_CHUNK {blockData=conID: 1 locID: 102652564581515676 bcsId: 0} | ret=SUCCESS |  
2019-08-21 02:17:10,929 | INFO  | DNAudit | user=null | ip=null | op=WRITE_CHUNK {blockData=conID: 1 locID: 102652564581515676 bcsId: 0} | ret=SUCCESS |  
2019-08-21 02:17:10,929 | INFO  | DNAudit | user=null | ip=null | op=PUT_BLOCK {blockData=[blockId=conID: 1 locID: 102652564581515676 bcsId: 0,size=1048576]} | ret=SUCCESS |  
2019-08-21 02:17:10,930 | INFO  | DNAudit | user=null | ip=null | op=PUT_BLOCK {blockData=[blockId=conID: 1 locID: 102652564581515676 bcsId: 0,size=2097152]} | ret=SUCCESS |  
2019-08-21 02:17:10,930 [grpc-default-executor-4] INFO  client.GrpcClientProtocolClient (GrpcClientProtocolClient.java:onNext(255)) - client-54CC064C3FCE->8224e767-71c1-41fc-a01a-d172d48fd9d8: receive RaftClientReply:client-54CC064C3FCE->8224e767-71c1-41fc-a01a-d172d48fd9d8@group-F6B37CC92441, cid=690, SUCCESS, logIndex=850, commits[8224e767-71c1-41fc-a01a-d172d48fd9d8:c852, 6eae0c21-01aa-4169-956f-5952b26ea7ba:c849, 8d7dcba1-3b82-4d94-a832-514ef5c79cf8:c847]
2019-08-21 02:17:10,930 [grpc-default-executor-4] INFO  client.GrpcClientProtocolClient (GrpcClientProtocolClient.java:onNext(255)) - client-54CC064C3FCE->8224e767-71c1-41fc-a01a-d172d48fd9d8: receive RaftClientReply:client-54CC064C3FCE->8224e767-71c1-41fc-a01a-d172d48fd9d8@group-F6B37CC92441, cid=691, SUCCESS, logIndex=851, commits[8224e767-71c1-41fc-a01a-d172d48fd9d8:c852, 6eae0c21-01aa-4169-956f-5952b26ea7ba:c849, 8d7dcba1-3b82-4d94-a832-514ef5c79cf8:c847]
2019-08-21 02:17:10,933 | INFO  | DNAudit | user=null | ip=null | op=WRITE_CHUNK {blockData=conID: 1 locID: 102652564581515676 bcsId: 0} | ret=SUCCESS |  
2019-08-21 02:17:10,933 | INFO  | DNAudit | user=null | ip=null | op=WRITE_CHUNK {blockData=conID: 1 locID: 102652564581515676 bcsId: 0} | ret=SUCCESS |  
2019-08-21 02:17:10,933 | INFO  | DNAudit | user=null | ip=null | op=PUT_BLOCK {blockData=[blockId=conID: 1 locID: 102652564581515676 bcsId: 0,size=1048576]} | ret=SUCCESS |  
2019-08-21 02:17:10,934 [grpc-default-executor-3] INFO  client.GrpcClientProtocolClient (GrpcClientProtocolClient.java:onNext(255)) - client-54CC064C3FCE->8224e767-71c1-41fc-a01a-d172d48fd9d8: receive RaftClientReply:client-54CC064C3FCE->8224e767-71c1-41fc-a01a-d172d48fd9d8@group-F6B37CC92441, cid=692, SUCCESS, logIndex=0, commits[8224e767-71c1-41fc-a01a-d172d48fd9d8:c853, 6eae0c21-01aa-4169-956f-5952b26ea7ba:c850, 8d7dcba1-3b82-4d94-a832-514ef5c79cf8:c849]
2019-08-21 02:17:10,934 | INFO  | DNAudit | user=null | ip=null | op=WRITE_CHUNK {blockData=conID: 1 locID: 102652564581515676 bcsId: 0} | ret=SUCCESS |  
2019-08-21 02:17:10,935 | INFO  | DNAudit | user=null | ip=null | op=PUT_BLOCK {blockData=[blockId=conID: 1 locID: 102652564581515676 bcsId: 0,size=2097152]} | ret=SUCCESS |  
2019-08-21 02:17:10,935 | INFO  | DNAudit | user=null | ip=null | op=PUT_BLOCK {blockData=[blockId=conID: 1 locID: 102652564581515676 bcsId: 0,size=2097152]} | ret=SUCCESS |  
2019-08-21 02:17:10,943 | INFO  | DNAudit | user=null | ip=null | op=WRITE_CHUNK {blockData=conID: 1 locID: 102652564581515676 bcsId: 851} | ret=SUCCESS |  
2019-08-21 02:17:10,946 | INFO  | DNAudit | user=null | ip=null | op=WRITE_CHUNK {blockData=conID: 1 locID: 102652564581515676 bcsId: 851} | ret=SUCCESS |  
2019-08-21 02:17:10,946 | INFO  | DNAudit | user=null | ip=null | op=WRITE_CHUNK {blockData=conID: 1 locID: 102652564581515676 bcsId: 851} | ret=SUCCESS |  
2019-08-21 02:17:10,948 | INFO  | DNAudit | user=null | ip=null | op=WRITE_CHUNK {blockData=conID: 1 locID: 102652564581515676 bcsId: 851} | ret=SUCCESS |  
2019-08-21 02:17:10,949 | INFO  | DNAudit | user=null | ip=null | op=PUT_BLOCK {blockData=[blockId=conID: 1 locID: 102652564581515676 bcsId: 0,size=3145728]} | ret=SUCCESS |  
2019-08-21 02:17:10,949 [grpc-default-executor-3] INFO  client.GrpcClientProtocolClient (GrpcClientProtocolClient.java:onNext(255)) - client-54CC064C3FCE->8224e767-71c1-41fc-a01a-d172d48fd9d8: receive RaftClientReply:client-54CC064C3FCE->8224e767-71c1-41fc-a01a-d172d48fd9d8@group-F6B37CC92441, cid=693, SUCCESS, logIndex=856, commits[8224e767-71c1-41fc-a01a-d172d48fd9d8:c857, 6eae0c21-01aa-4169-956f-5952b26ea7ba:c855, 8d7dcba1-3b82-4d94-a832-514ef5c79cf8:c855]
2019-08-21 02:17:10,950 [grpc-default-executor-3] INFO  client.GrpcClientProtocolClient (GrpcClientProtocolClient.java:onNext(255)) - client-54CC064C3FCE->8224e767-71c1-41fc-a01a-d172d48fd9d8: receive RaftClientReply:client-54CC064C3FCE->8224e767-71c1-41fc-a01a-d172d48fd9d8@group-F6B37CC92441, cid=694, SUCCESS, logIndex=857, commits[8224e767-71c1-41fc-a01a-d172d48fd9d8:c857, 6eae0c21-01aa-4169-956f-5952b26ea7ba:c855, 8d7dcba1-3b82-4d94-a832-514ef5c79cf8:c855]
2019-08-21 02:17:10,951 | INFO  | DNAudit | user=null | ip=null | op=WRITE_CHUNK {blockData=conID: 1 locID: 102652564581515676 bcsId: 851} | ret=SUCCESS |  
2019-08-21 02:17:10,951 | INFO  | DNAudit | user=null | ip=null | op=WRITE_CHUNK {blockData=conID: 1 locID: 102652564581515676 bcsId: 851} | ret=SUCCESS |  
2019-08-21 02:17:10,951 | INFO  | DNAudit | user=null | ip=null | op=PUT_BLOCK {blockData=[blockId=conID: 1 locID: 102652564581515676 bcsId: 0,size=3145728]} | ret=SUCCESS |  
2019-08-21 02:17:10,952 | INFO  | DNAudit | user=null | ip=null | op=PUT_BLOCK {blockData=[blockId=conID: 1 locID: 102652564581515676 bcsId: 0,size=3145728]} | ret=SUCCESS |  
2019-08-21 02:17:10,958 | INFO  | DNAudit | user=null | ip=null | op=WRITE_CHUNK {blockData=conID: 1 locID: 102652564581515676 bcsId: 857} | ret=SUCCESS |  
2019-08-21 02:17:10,961 | INFO  | DNAudit | user=null | ip=null | op=WRITE_CHUNK {blockData=conID: 1 locID: 102652564581515676 bcsId: 857} | ret=SUCCESS |  
2019-08-21 02:17:10,961 | INFO  | DNAudit | user=null | ip=null | op=WRITE_CHUNK {blockData=conID: 1 locID: 102652564581515676 bcsId: 857} | ret=SUCCESS |  
2019-08-21 02:17:10,975 | INFO  | DNAudit | user=null | ip=null | op=WRITE_CHUNK {blockData=conID: 1 locID: 102652564581515676 bcsId: 857} | ret=SUCCESS |  
2019-08-21 02:17:10,975 | INFO  | DNAudit | user=null | ip=null | op=PUT_BLOCK {blockData=[blockId=conID: 1 locID: 102652564581515676 bcsId: 0,size=4194304]} | ret=SUCCESS |  
2019-08-21 02:17:10,976 [grpc-default-executor-0] INFO  client.GrpcClientProtocolClient (GrpcClientProtocolClient.java:onNext(255)) - client-54CC064C3FCE->8224e767-71c1-41fc-a01a-d172d48fd9d8: receive RaftClientReply:client-54CC064C3FCE->8224e767-71c1-41fc-a01a-d172d48fd9d8@group-F6B37CC92441, cid=695, SUCCESS, logIndex=860, commits[8224e767-71c1-41fc-a01a-d172d48fd9d8:c861, 6eae0c21-01aa-4169-956f-5952b26ea7ba:c859, 8d7dcba1-3b82-4d94-a832-514ef5c79cf8:c859]
2019-08-21 02:17:10,976 [grpc-default-executor-0] INFO  client.GrpcClientProtocolClient (GrpcClientProtocolClient.java:onNext(255)) - client-54CC064C3FCE->8224e767-71c1-41fc-a01a-d172d48fd9d8: receive RaftClientReply:client-54CC064C3FCE->8224e767-71c1-41fc-a01a-d172d48fd9d8@group-F6B37CC92441, cid=696, SUCCESS, logIndex=861, commits[8224e767-71c1-41fc-a01a-d172d48fd9d8:c861, 6eae0c21-01aa-4169-956f-5952b26ea7ba:c859, 8d7dcba1-3b82-4d94-a832-514ef5c79cf8:c859]
2019-08-21 02:17:10,986 | INFO  | DNAudit | user=null | ip=null | op=WRITE_CHUNK {blockData=conID: 1 locID: 102652564581515676 bcsId: 857} | ret=SUCCESS |  
2019-08-21 02:17:10,987 | INFO  | DNAudit | user=null | ip=null | op=WRITE_CHUNK {blockData=conID: 1 locID: 102652564581515676 bcsId: 857} | ret=SUCCESS |  
2019-08-21 02:17:10,987 | INFO  | DNAudit | user=null | ip=null | op=PUT_BLOCK {blockData=[blockId=conID: 1 locID: 102652564581515676 bcsId: 0,size=4194304]} | ret=SUCCESS |  
2019-08-21 02:17:10,988 | INFO  | DNAudit | user=null | ip=null | op=PUT_BLOCK {blockData=[blockId=conID: 1 locID: 102652564581515676 bcsId: 0,size=4194304]} | ret=SUCCESS |  
2019-08-21 02:17:10,988 [grpc-default-executor-0] INFO  client.GrpcClientProtocolClient (GrpcClientProtocolClient.java:onNext(255)) - client-54CC064C3FCE->8224e767-71c1-41fc-a01a-d172d48fd9d8: receive RaftClientReply:client-54CC064C3FCE->8224e767-71c1-41fc-a01a-d172d48fd9d8@group-F6B37CC92441, cid=697, SUCCESS, logIndex=0, commits[8224e767-71c1-41fc-a01a-d172d48fd9d8:c863, 6eae0c21-01aa-4169-956f-5952b26ea7ba:c861, 8d7dcba1-3b82-4d94-a832-514ef5c79cf8:c861]
2019-08-21 02:17:10,998 | INFO  | DNAudit | user=null | ip=null | op=WRITE_CHUNK {blockData=conID: 2 locID: 102652564581515677 bcsId: 0} | ret=SUCCESS |  
2019-08-21 02:17:11,001 | INFO  | DNAudit | user=null | ip=null | op=WRITE_CHUNK {blockData=conID: 2 locID: 102652564581515677 bcsId: 0} | ret=SUCCESS |  
2019-08-21 02:17:11,001 | INFO  | DNAudit | user=null | ip=null | op=WRITE_CHUNK {blockData=conID: 2 locID: 102652564581515677 bcsId: 0} | ret=SUCCESS |  
2019-08-21 02:17:11,003 | INFO  | DNAudit | user=null | ip=null | op=WRITE_CHUNK {blockData=conID: 2 locID: 102652564581515677 bcsId: 0} | ret=SUCCESS |  
2019-08-21 02:17:11,004 | INFO  | DNAudit | user=null | ip=null | op=WRITE_CHUNK {blockData=conID: 2 locID: 102652564581515677 bcsId: 0} | ret=SUCCESS |  
2019-08-21 02:17:11,004 | INFO  | DNAudit | user=null | ip=null | op=WRITE_CHUNK {blockData=conID: 2 locID: 102652564581515677 bcsId: 0} | ret=SUCCESS |  
2019-08-21 02:17:11,012 | INFO  | DNAudit | user=null | ip=null | op=WRITE_CHUNK {blockData=conID: 2 locID: 102652564581515677 bcsId: 0} | ret=SUCCESS |  
2019-08-21 02:17:11,012 | INFO  | DNAudit | user=null | ip=null | op=PUT_BLOCK {blockData=[blockId=conID: 2 locID: 102652564581515677 bcsId: 0,size=1048576]} | ret=SUCCESS |  
2019-08-21 02:17:11,013 | INFO  | DNAudit | user=null | ip=null | op=WRITE_CHUNK {blockData=conID: 2 locID: 102652564581515677 bcsId: 0} | ret=SUCCESS |  
2019-08-21 02:17:11,013 [grpc-default-executor-4] INFO  client.GrpcClientProtocolClient (GrpcClientProtocolClient.java:onNext(255)) - client-54CC064C3FCE->8224e767-71c1-41fc-a01a-d172d48fd9d8: receive RaftClientReply:client-54CC064C3FCE->8224e767-71c1-41fc-a01a-d172d48fd9d8@group-F6B37CC92441, cid=698, SUCCESS, logIndex=864, commits[8224e767-71c1-41fc-a01a-d172d48fd9d8:c867, 6eae0c21-01aa-4169-956f-5952b26ea7ba:c863, 8d7dcba1-3b82-4d94-a832-514ef5c79cf8:c863]
2019-08-21 02:17:11,013 | INFO  | DNAudit | user=null | ip=null | op=PUT_BLOCK {blockData=[blockId=conID: 2 locID: 102652564581515677 bcsId: 0,size=2097152]} | ret=SUCCESS |  
2019-08-21 02:17:11,014 [grpc-default-executor-4] INFO  client.GrpcClientProtocolClient (GrpcClientProtocolClient.java:onNext(255)) - client-54CC064C3FCE->8224e767-71c1-41fc-a01a-d172d48fd9d8: receive RaftClientReply:client-54CC064C3FCE->8224e767-71c1-41fc-a01a-d172d48fd9d8@group-F6B37CC92441, cid=699, SUCCESS, logIndex=865, commits[8224e767-71c1-41fc-a01a-d172d48fd9d8:c867, 6eae0c21-01aa-4169-956f-5952b26ea7ba:c863, 8d7dcba1-3b82-4d94-a832-514ef5c79cf8:c863]
2019-08-21 02:17:11,014 [grpc-default-executor-4] INFO  client.GrpcClientProtocolClient (GrpcClientProtocolClient.java:onNext(255)) - client-54CC064C3FCE->8224e767-71c1-41fc-a01a-d172d48fd9d8: receive RaftClientReply:client-54CC064C3FCE->8224e767-71c1-41fc-a01a-d172d48fd9d8@group-F6B37CC92441, cid=700, SUCCESS, logIndex=866, commits[8224e767-71c1-41fc-a01a-d172d48fd9d8:c867, 6eae0c21-01aa-4169-956f-5952b26ea7ba:c863, 8d7dcba1-3b82-4d94-a832-514ef5c79cf8:c863]
2019-08-21 02:17:11,015 [grpc-default-executor-4] INFO  client.GrpcClientProtocolClient (GrpcClientProtocolClient.java:onNext(255)) - client-54CC064C3FCE->8224e767-71c1-41fc-a01a-d172d48fd9d8: receive RaftClientReply:client-54CC064C3FCE->8224e767-71c1-41fc-a01a-d172d48fd9d8@group-F6B37CC92441, cid=701, SUCCESS, logIndex=867, commits[8224e767-71c1-41fc-a01a-d172d48fd9d8:c867, 6eae0c21-01aa-4169-956f-5952b26ea7ba:c863, 8d7dcba1-3b82-4d94-a832-514ef5c79cf8:c863]
2019-08-21 02:17:11,022 | INFO  | DNAudit | user=null | ip=null | op=WRITE_CHUNK {blockData=conID: 2 locID: 102652564581515677 bcsId: 0} | ret=SUCCESS |  
2019-08-21 02:17:11,023 | INFO  | DNAudit | user=null | ip=null | op=WRITE_CHUNK {blockData=conID: 2 locID: 102652564581515677 bcsId: 0} | ret=SUCCESS |  
2019-08-21 02:17:11,023 | INFO  | DNAudit | user=null | ip=null | op=PUT_BLOCK {blockData=[blockId=conID: 2 locID: 102652564581515677 bcsId: 0,size=1048576]} | ret=SUCCESS |  
2019-08-21 02:17:11,023 | INFO  | DNAudit | user=null | ip=null | op=WRITE_CHUNK {blockData=conID: 2 locID: 102652564581515677 bcsId: 0} | ret=SUCCESS |  
2019-08-21 02:17:11,025 | INFO  | DNAudit | user=null | ip=null | op=PUT_BLOCK {blockData=[blockId=conID: 2 locID: 102652564581515677 bcsId: 0,size=1048576]} | ret=SUCCESS |  
2019-08-21 02:17:11,025 | INFO  | DNAudit | user=null | ip=null | op=WRITE_CHUNK {blockData=conID: 2 locID: 102652564581515677 bcsId: 0} | ret=SUCCESS |  
2019-08-21 02:17:11,026 | INFO  | DNAudit | user=null | ip=null | op=PUT_BLOCK {blockData=[blockId=conID: 2 locID: 102652564581515677 bcsId: 0,size=2097152]} | ret=SUCCESS |  
2019-08-21 02:17:11,026 | INFO  | DNAudit | user=null | ip=null | op=PUT_BLOCK {blockData=[blockId=conID: 2 locID: 102652564581515677 bcsId: 0,size=2097152]} | ret=SUCCESS |  
2019-08-21 02:17:11,026 [grpc-default-executor-0] INFO  client.GrpcClientProtocolClient (GrpcClientProtocolClient.java:onNext(255)) - client-54CC064C3FCE->8224e767-71c1-41fc-a01a-d172d48fd9d8: receive RaftClientReply:client-54CC064C3FCE->8224e767-71c1-41fc-a01a-d172d48fd9d8@group-F6B37CC92441, cid=702, SUCCESS, logIndex=0, commits[8224e767-71c1-41fc-a01a-d172d48fd9d8:c868, 6eae0c21-01aa-4169-956f-5952b26ea7ba:c866, 8d7dcba1-3b82-4d94-a832-514ef5c79cf8:c866]
2019-08-21 02:17:11,030 | INFO  | SCMAudit | user=jenkins1000 | ip=192.168.34.10 | op=SEND_HEARTBEAT {datanodeUUID=8224e767-71c1-41fc-a01a-d172d48fd9d8, command=[]} | ret=SUCCESS |  
2019-08-21 02:17:11,031 | INFO  | SCMAudit | user=jenkins1000 | ip=192.168.34.10 | op=SEND_HEARTBEAT {datanodeUUID=8d7dcba1-3b82-4d94-a832-514ef5c79cf8, command=[]} | ret=SUCCESS |  
2019-08-21 02:17:11,031 | INFO  | SCMAudit | user=jenkins1000 | ip=192.168.34.10 | op=SEND_HEARTBEAT {datanodeUUID=6eae0c21-01aa-4169-956f-5952b26ea7ba, command=[]} | ret=SUCCESS |  
2019-08-21 02:17:11,036 | INFO  | DNAudit | user=null | ip=null | op=WRITE_CHUNK {blockData=conID: 2 locID: 102652564581515677 bcsId: 867} | ret=SUCCESS |  
2019-08-21 02:17:11,039 | INFO  | DNAudit | user=null | ip=null | op=WRITE_CHUNK {blockData=conID: 2 locID: 102652564581515677 bcsId: 867} | ret=SUCCESS |  
2019-08-21 02:17:11,040 | INFO  | DNAudit | user=null | ip=null | op=WRITE_CHUNK {blockData=conID: 2 locID: 102652564581515677 bcsId: 867} | ret=SUCCESS |  
2019-08-21 02:17:11,051 | INFO  | DNAudit | user=null | ip=null | op=WRITE_CHUNK {blockData=conID: 2 locID: 102652564581515677 bcsId: 867} | ret=SUCCESS |  
2019-08-21 02:17:11,052 | INFO  | DNAudit | user=null | ip=null | op=PUT_BLOCK {blockData=[blockId=conID: 2 locID: 102652564581515677 bcsId: 0,size=3145728]} | ret=SUCCESS |  
2019-08-21 02:17:11,052 [grpc-default-executor-4] INFO  client.GrpcClientProtocolClient (GrpcClientProtocolClient.java:onNext(255)) - client-54CC064C3FCE->8224e767-71c1-41fc-a01a-d172d48fd9d8: receive RaftClientReply:client-54CC064C3FCE->8224e767-71c1-41fc-a01a-d172d48fd9d8@group-F6B37CC92441, cid=703, SUCCESS, logIndex=871, commits[8224e767-71c1-41fc-a01a-d172d48fd9d8:c872, 6eae0c21-01aa-4169-956f-5952b26ea7ba:c870, 8d7dcba1-3b82-4d94-a832-514ef5c79cf8:c870]
2019-08-21 02:17:11,053 [grpc-default-executor-4] INFO  client.GrpcClientProtocolClient (GrpcClientProtocolClient.java:onNext(255)) - client-54CC064C3FCE->8224e767-71c1-41fc-a01a-d172d48fd9d8: receive RaftClientReply:client-54CC064C3FCE->8224e767-71c1-41fc-a01a-d172d48fd9d8@group-F6B37CC92441, cid=704, SUCCESS, logIndex=872, commits[8224e767-71c1-41fc-a01a-d172d48fd9d8:c872, 6eae0c21-01aa-4169-956f-5952b26ea7ba:c870, 8d7dcba1-3b82-4d94-a832-514ef5c79cf8:c870]
2019-08-21 02:17:11,062 | INFO  | DNAudit | user=null | ip=null | op=WRITE_CHUNK {blockData=conID: 2 locID: 102652564581515677 bcsId: 872} | ret=SUCCESS |  
2019-08-21 02:17:11,063 | INFO  | DNAudit | user=null | ip=null | op=WRITE_CHUNK {blockData=conID: 2 locID: 102652564581515677 bcsId: 867} | ret=SUCCESS |  
2019-08-21 02:17:11,063 | INFO  | DNAudit | user=null | ip=null | op=WRITE_CHUNK {blockData=conID: 2 locID: 102652564581515677 bcsId: 867} | ret=SUCCESS |  
2019-08-21 02:17:11,063 | INFO  | DNAudit | user=null | ip=null | op=PUT_BLOCK {blockData=[blockId=conID: 2 locID: 102652564581515677 bcsId: 0,size=3145728]} | ret=SUCCESS |  
2019-08-21 02:17:11,063 | INFO  | DNAudit | user=null | ip=null | op=PUT_BLOCK {blockData=[blockId=conID: 2 locID: 102652564581515677 bcsId: 0,size=3145728]} | ret=SUCCESS |  
2019-08-21 02:17:11,065 | INFO  | DNAudit | user=null | ip=null | op=WRITE_CHUNK {blockData=conID: 2 locID: 102652564581515677 bcsId: 872} | ret=SUCCESS |  
2019-08-21 02:17:11,066 | INFO  | DNAudit | user=null | ip=null | op=WRITE_CHUNK {blockData=conID: 2 locID: 102652564581515677 bcsId: 872} | ret=SUCCESS |  
2019-08-21 02:17:11,078 | INFO  | DNAudit | user=null | ip=null | op=WRITE_CHUNK {blockData=conID: 2 locID: 102652564581515677 bcsId: 872} | ret=SUCCESS |  
2019-08-21 02:17:11,078 | INFO  | DNAudit | user=null | ip=null | op=PUT_BLOCK {blockData=[blockId=conID: 2 locID: 102652564581515677 bcsId: 0,size=4194304]} | ret=SUCCESS |  
2019-08-21 02:17:11,079 [grpc-default-executor-0] INFO  client.GrpcClientProtocolClient (GrpcClientProtocolClient.java:onNext(255)) - client-54CC064C3FCE->8224e767-71c1-41fc-a01a-d172d48fd9d8: receive RaftClientReply:client-54CC064C3FCE->8224e767-71c1-41fc-a01a-d172d48fd9d8@group-F6B37CC92441, cid=705, SUCCESS, logIndex=875, commits[8224e767-71c1-41fc-a01a-d172d48fd9d8:c876, 6eae0c21-01aa-4169-956f-5952b26ea7ba:c872, 8d7dcba1-3b82-4d94-a832-514ef5c79cf8:c872]
2019-08-21 02:17:11,079 [grpc-default-executor-0] INFO  client.GrpcClientProtocolClient (GrpcClientProtocolClient.java:onNext(255)) - client-54CC064C3FCE->8224e767-71c1-41fc-a01a-d172d48fd9d8: receive RaftClientReply:client-54CC064C3FCE->8224e767-71c1-41fc-a01a-d172d48fd9d8@group-F6B37CC92441, cid=706, SUCCESS, logIndex=876, commits[8224e767-71c1-41fc-a01a-d172d48fd9d8:c876, 6eae0c21-01aa-4169-956f-5952b26ea7ba:c872, 8d7dcba1-3b82-4d94-a832-514ef5c79cf8:c872]
2019-08-21 02:17:11,089 | INFO  | DNAudit | user=null | ip=null | op=WRITE_CHUNK {blockData=conID: 2 locID: 102652564581515677 bcsId: 872} | ret=SUCCESS |  
2019-08-21 02:17:11,089 | INFO  | DNAudit | user=null | ip=null | op=WRITE_CHUNK {blockData=conID: 2 locID: 102652564581515677 bcsId: 872} | ret=SUCCESS |  
2019-08-21 02:17:11,089 | INFO  | DNAudit | user=null | ip=null | op=PUT_BLOCK {blockData=[blockId=conID: 2 locID: 102652564581515677 bcsId: 0,size=4194304]} | ret=SUCCESS |  
2019-08-21 02:17:11,090 | INFO  | DNAudit | user=null | ip=null | op=PUT_BLOCK {blockData=[blockId=conID: 2 locID: 102652564581515677 bcsId: 0,size=4194304]} | ret=SUCCESS |  
2019-08-21 02:17:11,091 [grpc-default-executor-0] INFO  client.GrpcClientProtocolClient (GrpcClientProtocolClient.java:onNext(255)) - client-54CC064C3FCE->8224e767-71c1-41fc-a01a-d172d48fd9d8: receive RaftClientReply:client-54CC064C3FCE->8224e767-71c1-41fc-a01a-d172d48fd9d8@group-F6B37CC92441, cid=707, SUCCESS, logIndex=0, commits[8224e767-71c1-41fc-a01a-d172d48fd9d8:c878, 6eae0c21-01aa-4169-956f-5952b26ea7ba:c876, 8d7dcba1-3b82-4d94-a832-514ef5c79cf8:c876]
2019-08-21 02:17:11,101 | INFO  | DNAudit | user=null | ip=null | op=WRITE_CHUNK {blockData=conID: 3 locID: 102652564581515678 bcsId: 0} | ret=SUCCESS |  
2019-08-21 02:17:11,104 | INFO  | DNAudit | user=null | ip=null | op=WRITE_CHUNK {blockData=conID: 3 locID: 102652564581515678 bcsId: 0} | ret=SUCCESS |  
2019-08-21 02:17:11,107 | INFO  | DNAudit | user=null | ip=null | op=WRITE_CHUNK {blockData=conID: 3 locID: 102652564581515678 bcsId: 0} | ret=SUCCESS |  
2019-08-21 02:17:11,107 | INFO  | DNAudit | user=null | ip=null | op=WRITE_CHUNK {blockData=conID: 3 locID: 102652564581515678 bcsId: 0} | ret=SUCCESS |  
2019-08-21 02:17:11,109 | INFO  | DNAudit | user=null | ip=null | op=WRITE_CHUNK {blockData=conID: 3 locID: 102652564581515678 bcsId: 0} | ret=SUCCESS |  
2019-08-21 02:17:11,110 | INFO  | DNAudit | user=null | ip=null | op=WRITE_CHUNK {blockData=conID: 3 locID: 102652564581515678 bcsId: 0} | ret=SUCCESS |  
2019-08-21 02:17:11,114 | INFO  | DNAudit | user=null | ip=null | op=WRITE_CHUNK {blockData=conID: 3 locID: 102652564581515678 bcsId: 0} | ret=SUCCESS |  
2019-08-21 02:17:11,114 | INFO  | DNAudit | user=null | ip=null | op=PUT_BLOCK {blockData=[blockId=conID: 3 locID: 102652564581515678 bcsId: 0,size=1048576]} | ret=SUCCESS |  
2019-08-21 02:17:11,115 | INFO  | DNAudit | user=null | ip=null | op=WRITE_CHUNK {blockData=conID: 3 locID: 102652564581515678 bcsId: 0} | ret=SUCCESS |  
2019-08-21 02:17:11,115 | INFO  | DNAudit | user=null | ip=null | op=WRITE_CHUNK {blockData=conID: 3 locID: 102652564581515678 bcsId: 0} | ret=SUCCESS |  
2019-08-21 02:17:11,115 | INFO  | DNAudit | user=null | ip=null | op=PUT_BLOCK {blockData=[blockId=conID: 3 locID: 102652564581515678 bcsId: 0,size=2097152]} | ret=SUCCESS |  
2019-08-21 02:17:11,115 [grpc-default-executor-3] INFO  client.GrpcClientProtocolClient (GrpcClientProtocolClient.java:onNext(255)) - client-54CC064C3FCE->8224e767-71c1-41fc-a01a-d172d48fd9d8: receive RaftClientReply:client-54CC064C3FCE->8224e767-71c1-41fc-a01a-d172d48fd9d8@group-F6B37CC92441, cid=708, SUCCESS, logIndex=879, commits[8224e767-71c1-41fc-a01a-d172d48fd9d8:c880, 6eae0c21-01aa-4169-956f-5952b26ea7ba:c878, 8d7dcba1-3b82-4d94-a832-514ef5c79cf8:c878]
2019-08-21 02:17:11,116 [grpc-default-executor-3] INFO  client.GrpcClientProtocolClient (GrpcClientProtocolClient.java:onNext(255)) - client-54CC064C3FCE->8224e767-71c1-41fc-a01a-d172d48fd9d8: receive RaftClientReply:client-54CC064C3FCE->8224e767-71c1-41fc-a01a-d172d48fd9d8@group-F6B37CC92441, cid=709, SUCCESS, logIndex=880, commits[8224e767-71c1-41fc-a01a-d172d48fd9d8:c882, 6eae0c21-01aa-4169-956f-5952b26ea7ba:c878, 8d7dcba1-3b82-4d94-a832-514ef5c79cf8:c878]
2019-08-21 02:17:11,116 [grpc-default-executor-3] INFO  client.GrpcClientProtocolClient (GrpcClientProtocolClient.java:onNext(255)) - client-54CC064C3FCE->8224e767-71c1-41fc-a01a-d172d48fd9d8: receive RaftClientReply:client-54CC064C3FCE->8224e767-71c1-41fc-a01a-d172d48fd9d8@group-F6B37CC92441, cid=710, SUCCESS, logIndex=881, commits[8224e767-71c1-41fc-a01a-d172d48fd9d8:c882, 6eae0c21-01aa-4169-956f-5952b26ea7ba:c878, 8d7dcba1-3b82-4d94-a832-514ef5c79cf8:c878]
2019-08-21 02:17:11,117 [grpc-default-executor-3] INFO  client.GrpcClientProtocolClient (GrpcClientProtocolClient.java:onNext(255)) - client-54CC064C3FCE->8224e767-71c1-41fc-a01a-d172d48fd9d8: receive RaftClientReply:client-54CC064C3FCE->8224e767-71c1-41fc-a01a-d172d48fd9d8@group-F6B37CC92441, cid=711, SUCCESS, logIndex=882, commits[8224e767-71c1-41fc-a01a-d172d48fd9d8:c882, 6eae0c21-01aa-4169-956f-5952b26ea7ba:c878, 8d7dcba1-3b82-4d94-a832-514ef5c79cf8:c879]
2019-08-21 02:17:11,117 | INFO  | DNAudit | user=null | ip=null | op=WRITE_CHUNK {blockData=conID: 3 locID: 102652564581515678 bcsId: 0} | ret=SUCCESS |  
2019-08-21 02:17:11,117 | INFO  | DNAudit | user=null | ip=null | op=PUT_BLOCK {blockData=[blockId=conID: 3 locID: 102652564581515678 bcsId: 0,size=1048576]} | ret=SUCCESS |  
2019-08-21 02:17:11,129 | INFO  | DNAudit | user=null | ip=null | op=WRITE_CHUNK {blockData=conID: 3 locID: 102652564581515678 bcsId: 0} | ret=SUCCESS |  
2019-08-21 02:17:11,130 | INFO  | DNAudit | user=null | ip=null | op=PUT_BLOCK {blockData=[blockId=conID: 3 locID: 102652564581515678 bcsId: 0,size=2097152]} | ret=SUCCESS |  
2019-08-21 02:17:11,130 | INFO  | DNAudit | user=null | ip=null | op=PUT_BLOCK {blockData=[blockId=conID: 3 locID: 102652564581515678 bcsId: 0,size=1048576]} | ret=SUCCESS |  
2019-08-21 02:17:11,130 | INFO  | DNAudit | user=null | ip=null | op=WRITE_CHUNK {blockData=conID: 3 locID: 102652564581515678 bcsId: 0} | ret=SUCCESS |  
2019-08-21 02:17:11,131 | INFO  | DNAudit | user=null | ip=null | op=PUT_BLOCK {blockData=[blockId=conID: 3 locID: 102652564581515678 bcsId: 0,size=2097152]} | ret=SUCCESS |  
2019-08-21 02:17:11,131 [grpc-default-executor-3] INFO  client.GrpcClientProtocolClient (GrpcClientProtocolClient.java:onNext(255)) - client-54CC064C3FCE->8224e767-71c1-41fc-a01a-d172d48fd9d8: receive RaftClientReply:client-54CC064C3FCE->8224e767-71c1-41fc-a01a-d172d48fd9d8@group-F6B37CC92441, cid=712, SUCCESS, logIndex=0, commits[8224e767-71c1-41fc-a01a-d172d48fd9d8:c884, 6eae0c21-01aa-4169-956f-5952b26ea7ba:c882, 8d7dcba1-3b82-4d94-a832-514ef5c79cf8:c880]
2019-08-21 02:17:11,141 | INFO  | DNAudit | user=null | ip=null | op=WRITE_CHUNK {blockData=conID: 3 locID: 102652564581515678 bcsId: 882} | ret=SUCCESS |  
2019-08-21 02:17:11,143 | INFO  | DNAudit | user=null | ip=null | op=WRITE_CHUNK {blockData=conID: 3 locID: 102652564581515678 bcsId: 882} | ret=SUCCESS |  
2019-08-21 02:17:11,144 | INFO  | DNAudit | user=null | ip=null | op=WRITE_CHUNK {blockData=conID: 3 locID: 102652564581515678 bcsId: 882} | ret=SUCCESS |  
2019-08-21 02:17:11,153 | INFO  | DNAudit | user=null | ip=null | op=WRITE_CHUNK {blockData=conID: 3 locID: 102652564581515678 bcsId: 882} | ret=SUCCESS |  
2019-08-21 02:17:11,154 | INFO  | DNAudit | user=null | ip=null | op=PUT_BLOCK {blockData=[blockId=conID: 3 locID: 102652564581515678 bcsId: 0,size=3145728]} | ret=SUCCESS |  
2019-08-21 02:17:11,154 [grpc-default-executor-3] INFO  client.GrpcClientProtocolClient (GrpcClientProtocolClient.java:onNext(255)) - client-54CC064C3FCE->8224e767-71c1-41fc-a01a-d172d48fd9d8: receive RaftClientReply:client-54CC064C3FCE->8224e767-71c1-41fc-a01a-d172d48fd9d8@group-F6B37CC92441, cid=713, SUCCESS, logIndex=887, commits[8224e767-71c1-41fc-a01a-d172d48fd9d8:c888, 6eae0c21-01aa-4169-956f-5952b26ea7ba:c886, 8d7dcba1-3b82-4d94-a832-514ef5c79cf8:c886]
2019-08-21 02:17:11,154 [grpc-default-executor-3] INFO  client.GrpcClientProtocolClient (GrpcClientProtocolClient.java:onNext(255)) - client-54CC064C3FCE->8224e767-71c1-41fc-a01a-d172d48fd9d8: receive RaftClientReply:client-54CC064C3FCE->8224e767-71c1-41fc-a01a-d172d48fd9d8@group-F6B37CC92441, cid=714, SUCCESS, logIndex=888, commits[8224e767-71c1-41fc-a01a-d172d48fd9d8:c888, 6eae0c21-01aa-4169-956f-5952b26ea7ba:c886, 8d7dcba1-3b82-4d94-a832-514ef5c79cf8:c886]
2019-08-21 02:17:11,164 | INFO  | DNAudit | user=null | ip=null | op=WRITE_CHUNK {blockData=conID: 3 locID: 102652564581515678 bcsId: 882} | ret=SUCCESS |  
2019-08-21 02:17:11,164 | INFO  | DNAudit | user=null | ip=null | op=WRITE_CHUNK {blockData=conID: 3 locID: 102652564581515678 bcsId: 882} | ret=SUCCESS |  
2019-08-21 02:17:11,165 | INFO  | DNAudit | user=null | ip=null | op=WRITE_CHUNK {blockData=conID: 3 locID: 102652564581515678 bcsId: 888} | ret=SUCCESS |  
2019-08-21 02:17:11,165 | INFO  | DNAudit | user=null | ip=null | op=PUT_BLOCK {blockData=[blockId=conID: 3 locID: 102652564581515678 bcsId: 0,size=3145728]} | ret=SUCCESS |  
2019-08-21 02:17:11,166 | INFO  | DNAudit | user=null | ip=null | op=PUT_BLOCK {blockData=[blockId=conID: 3 locID: 102652564581515678 bcsId: 0,size=3145728]} | ret=SUCCESS |  
2019-08-21 02:17:11,168 | INFO  | DNAudit | user=null | ip=null | op=WRITE_CHUNK {blockData=conID: 3 locID: 102652564581515678 bcsId: 888} | ret=SUCCESS |  
2019-08-21 02:17:11,168 | INFO  | DNAudit | user=null | ip=null | op=WRITE_CHUNK {blockData=conID: 3 locID: 102652564581515678 bcsId: 888} | ret=SUCCESS |  
2019-08-21 02:17:11,171 | INFO  | DNAudit | user=null | ip=null | op=WRITE_CHUNK {blockData=conID: 3 locID: 102652564581515678 bcsId: 888} | ret=SUCCESS |  
2019-08-21 02:17:11,171 | INFO  | DNAudit | user=null | ip=null | op=PUT_BLOCK {blockData=[blockId=conID: 3 locID: 102652564581515678 bcsId: 0,size=4194304]} | ret=SUCCESS |  
2019-08-21 02:17:11,171 [grpc-default-executor-2] INFO  client.GrpcClientProtocolClient (GrpcClientProtocolClient.java:onNext(255)) - client-54CC064C3FCE->8224e767-71c1-41fc-a01a-d172d48fd9d8: receive RaftClientReply:client-54CC064C3FCE->8224e767-71c1-41fc-a01a-d172d48fd9d8@group-F6B37CC92441, cid=715, SUCCESS, logIndex=891, commits[8224e767-71c1-41fc-a01a-d172d48fd9d8:c892, 6eae0c21-01aa-4169-956f-5952b26ea7ba:c888, 8d7dcba1-3b82-4d94-a832-514ef5c79cf8:c888]
2019-08-21 02:17:11,172 [grpc-default-executor-2] INFO  client.GrpcClientProtocolClient (GrpcClientProtocolClient.java:onNext(255)) - client-54CC064C3FCE->8224e767-71c1-41fc-a01a-d172d48fd9d8: receive RaftClientReply:client-54CC064C3FCE->8224e767-71c1-41fc-a01a-d172d48fd9d8@group-F6B37CC92441, cid=716, SUCCESS, logIndex=892, commits[8224e767-71c1-41fc-a01a-d172d48fd9d8:c892, 6eae0c21-01aa-4169-956f-5952b26ea7ba:c888, 8d7dcba1-3b82-4d94-a832-514ef5c79cf8:c888]
2019-08-21 02:17:11,172 | INFO  | DNAudit | user=null | ip=null | op=WRITE_CHUNK {blockData=conID: 3 locID: 102652564581515678 bcsId: 888} | ret=SUCCESS |  
2019-08-21 02:17:11,173 | INFO  | DNAudit | user=null | ip=null | op=WRITE_CHUNK {blockData=conID: 3 locID: 102652564581515678 bcsId: 888} | ret=SUCCESS |  
2019-08-21 02:17:11,173 | INFO  | DNAudit | user=null | ip=null | op=PUT_BLOCK {blockData=[blockId=conID: 3 locID: 102652564581515678 bcsId: 0,size=4194304]} | ret=SUCCESS |  
2019-08-21 02:17:11,174 | INFO  | DNAudit | user=null | ip=null | op=PUT_BLOCK {blockData=[blockId=conID: 3 locID: 102652564581515678 bcsId: 0,size=4194304]} | ret=SUCCESS |  
2019-08-21 02:17:11,175 [grpc-default-executor-2] INFO  client.GrpcClientProtocolClient (GrpcClientProtocolClient.java:onNext(255)) - client-54CC064C3FCE->8224e767-71c1-41fc-a01a-d172d48fd9d8: receive RaftClientReply:client-54CC064C3FCE->8224e767-71c1-41fc-a01a-d172d48fd9d8@group-F6B37CC92441, cid=717, SUCCESS, logIndex=0, commits[8224e767-71c1-41fc-a01a-d172d48fd9d8:c894, 6eae0c21-01aa-4169-956f-5952b26ea7ba:c892, 8d7dcba1-3b82-4d94-a832-514ef5c79cf8:c892]
2019-08-21 02:17:11,183 | INFO  | DNAudit | user=null | ip=null | op=WRITE_CHUNK {blockData=conID: 1 locID: 102652564581515679 bcsId: 0} | ret=SUCCESS |  
2019-08-21 02:17:11,187 | INFO  | DNAudit | user=null | ip=null | op=WRITE_CHUNK {blockData=conID: 1 locID: 102652564581515679 bcsId: 0} | ret=SUCCESS |  
2019-08-21 02:17:11,188 | INFO  | DNAudit | user=null | ip=null | op=WRITE_CHUNK {blockData=conID: 1 locID: 102652564581515679 bcsId: 0} | ret=SUCCESS |  
2019-08-21 02:17:11,188 | INFO  | DNAudit | user=null | ip=null | op=WRITE_CHUNK {blockData=conID: 1 locID: 102652564581515679 bcsId: 0} | ret=SUCCESS |  
2019-08-21 02:17:11,190 | INFO  | DNAudit | user=null | ip=null | op=WRITE_CHUNK {blockData=conID: 1 locID: 102652564581515679 bcsId: 0} | ret=SUCCESS |  
2019-08-21 02:17:11,191 | INFO  | DNAudit | user=null | ip=null | op=WRITE_CHUNK {blockData=conID: 1 locID: 102652564581515679 bcsId: 0} | ret=SUCCESS |  
2019-08-21 02:17:11,191 | INFO  | DNAudit | user=null | ip=null | op=WRITE_CHUNK {blockData=conID: 1 locID: 102652564581515679 bcsId: 0} | ret=SUCCESS |  
2019-08-21 02:17:11,191 | INFO  | DNAudit | user=null | ip=null | op=PUT_BLOCK {blockData=[blockId=conID: 1 locID: 102652564581515679 bcsId: 0,size=1048576]} | ret=SUCCESS |  
2019-08-21 02:17:11,191 [grpc-default-executor-2] INFO  client.GrpcClientProtocolClient (GrpcClientProtocolClient.java:onNext(255)) - client-54CC064C3FCE->8224e767-71c1-41fc-a01a-d172d48fd9d8: receive RaftClientReply:client-54CC064C3FCE->8224e767-71c1-41fc-a01a-d172d48fd9d8@group-F6B37CC92441, cid=718, SUCCESS, logIndex=895, commits[8224e767-71c1-41fc-a01a-d172d48fd9d8:c896, 6eae0c21-01aa-4169-956f-5952b26ea7ba:c892, 8d7dcba1-3b82-4d94-a832-514ef5c79cf8:c894]
2019-08-21 02:17:11,192 [grpc-default-executor-2] INFO  client.GrpcClientProtocolClient (GrpcClientProtocolClient.java:onNext(255)) - client-54CC064C3FCE->8224e767-71c1-41fc-a01a-d172d48fd9d8: receive RaftClientReply:client-54CC064C3FCE->8224e767-71c1-41fc-a01a-d172d48fd9d8@group-F6B37CC92441, cid=719, SUCCESS, logIndex=896, commits[8224e767-71c1-41fc-a01a-d172d48fd9d8:c896, 6eae0c21-01aa-4169-956f-5952b26ea7ba:c892, 8d7dcba1-3b82-4d94-a832-514ef5c79cf8:c894]
2019-08-21 02:17:11,193 | INFO  | DNAudit | user=null | ip=null | op=WRITE_CHUNK {blockData=conID: 1 locID: 102652564581515679 bcsId: 0} | ret=SUCCESS |  
2019-08-21 02:17:11,193 | INFO  | DNAudit | user=null | ip=null | op=WRITE_CHUNK {blockData=conID: 1 locID: 102652564581515679 bcsId: 0} | ret=SUCCESS |  
2019-08-21 02:17:11,193 | INFO  | DNAudit | user=null | ip=null | op=PUT_BLOCK {blockData=[blockId=conID: 1 locID: 102652564581515679 bcsId: 0,size=2097152]} | ret=SUCCESS |  
2019-08-21 02:17:11,194 | INFO  | DNAudit | user=null | ip=null | op=PUT_BLOCK {blockData=[blockId=conID: 1 locID: 102652564581515679 bcsId: 0,size=1048576]} | ret=SUCCESS |  
2019-08-21 02:17:11,194 [grpc-default-executor-3] INFO  client.GrpcClientProtocolClient (GrpcClientProtocolClient.java:onNext(255)) - client-54CC064C3FCE->8224e767-71c1-41fc-a01a-d172d48fd9d8: receive RaftClientReply:client-54CC064C3FCE->8224e767-71c1-41fc-a01a-d172d48fd9d8@group-F6B37CC92441, cid=720, SUCCESS, logIndex=897, commits[8224e767-71c1-41fc-a01a-d172d48fd9d8:c897, 6eae0c21-01aa-4169-956f-5952b26ea7ba:c892, 8d7dcba1-3b82-4d94-a832-514ef5c79cf8:c894]
2019-08-21 02:17:11,194 | INFO  | DNAudit | user=null | ip=null | op=WRITE_CHUNK {blockData=conID: 1 locID: 102652564581515679 bcsId: 0} | ret=SUCCESS |  
2019-08-21 02:17:11,194 [grpc-default-executor-0] INFO  client.GrpcClientProtocolClient (GrpcClientProtocolClient.java:onNext(255)) - client-54CC064C3FCE->8224e767-71c1-41fc-a01a-d172d48fd9d8: receive RaftClientReply:client-54CC064C3FCE->8224e767-71c1-41fc-a01a-d172d48fd9d8@group-F6B37CC92441, cid=721, SUCCESS, logIndex=898, commits[8224e767-71c1-41fc-a01a-d172d48fd9d8:c900, 6eae0c21-01aa-4169-956f-5952b26ea7ba:c894, 8d7dcba1-3b82-4d94-a832-514ef5c79cf8:c896]
2019-08-21 02:17:11,194 | INFO  | DNAudit | user=null | ip=null | op=WRITE_CHUNK {blockData=conID: 1 locID: 102652564581515679 bcsId: 0} | ret=SUCCESS |  
2019-08-21 02:17:11,194 | INFO  | DNAudit | user=null | ip=null | op=PUT_BLOCK {blockData=[blockId=conID: 1 locID: 102652564581515679 bcsId: 0,size=1048576]} | ret=SUCCESS |  
2019-08-21 02:17:11,195 | INFO  | DNAudit | user=null | ip=null | op=WRITE_CHUNK {blockData=conID: 1 locID: 102652564581515679 bcsId: 0} | ret=SUCCESS |  
2019-08-21 02:17:11,196 [grpc-default-executor-0] INFO  client.GrpcClientProtocolClient (GrpcClientProtocolClient.java:onNext(255)) - client-54CC064C3FCE->8224e767-71c1-41fc-a01a-d172d48fd9d8: receive RaftClientReply:client-54CC064C3FCE->8224e767-71c1-41fc-a01a-d172d48fd9d8@group-F6B37CC92441, cid=722, SUCCESS, logIndex=0, commits[8224e767-71c1-41fc-a01a-d172d48fd9d8:c901, 6eae0c21-01aa-4169-956f-5952b26ea7ba:c896, 8d7dcba1-3b82-4d94-a832-514ef5c79cf8:c897]
2019-08-21 02:17:11,204 | INFO  | DNAudit | user=null | ip=null | op=WRITE_CHUNK {blockData=conID: 1 locID: 102652564581515679 bcsId: 898} | ret=SUCCESS |  
2019-08-21 02:17:11,214 | INFO  | DNAudit | user=null | ip=null | op=WRITE_CHUNK {blockData=conID: 1 locID: 102652564581515679 bcsId: 898} | ret=SUCCESS |  
2019-08-21 02:17:11,215 | INFO  | DNAudit | user=null | ip=null | op=WRITE_CHUNK {blockData=conID: 1 locID: 102652564581515679 bcsId: 898} | ret=SUCCESS |  
2019-08-21 02:17:11,228 | INFO  | DNAudit | user=null | ip=null | op=PUT_BLOCK {blockData=[blockId=conID: 1 locID: 102652564581515679 bcsId: 0,size=2097152]} | ret=SUCCESS |  
2019-08-21 02:17:11,228 | INFO  | DNAudit | user=null | ip=null | op=PUT_BLOCK {blockData=[blockId=conID: 1 locID: 102652564581515679 bcsId: 0,size=2097152]} | ret=SUCCESS |  
2019-08-21 02:17:11,229 | INFO  | DNAudit | user=null | ip=null | op=WRITE_CHUNK {blockData=conID: 1 locID: 102652564581515679 bcsId: 898} | ret=SUCCESS |  
2019-08-21 02:17:11,229 | INFO  | DNAudit | user=null | ip=null | op=PUT_BLOCK {blockData=[blockId=conID: 1 locID: 102652564581515679 bcsId: 0,size=3145728]} | ret=SUCCESS |  
2019-08-21 02:17:11,230 [grpc-default-executor-0] INFO  client.GrpcClientProtocolClient (GrpcClientProtocolClient.java:onNext(255)) - client-54CC064C3FCE->8224e767-71c1-41fc-a01a-d172d48fd9d8: receive RaftClientReply:client-54CC064C3FCE->8224e767-71c1-41fc-a01a-d172d48fd9d8@group-F6B37CC92441, cid=723, SUCCESS, logIndex=902, commits[8224e767-71c1-41fc-a01a-d172d48fd9d8:c903, 6eae0c21-01aa-4169-956f-5952b26ea7ba:c901, 8d7dcba1-3b82-4d94-a832-514ef5c79cf8:c901]
2019-08-21 02:17:11,230 [grpc-default-executor-0] INFO  client.GrpcClientProtocolClient (GrpcClientProtocolClient.java:onNext(255)) - client-54CC064C3FCE->8224e767-71c1-41fc-a01a-d172d48fd9d8: receive RaftClientReply:client-54CC064C3FCE->8224e767-71c1-41fc-a01a-d172d48fd9d8@group-F6B37CC92441, cid=724, SUCCESS, logIndex=903, commits[8224e767-71c1-41fc-a01a-d172d48fd9d8:c903, 6eae0c21-01aa-4169-956f-5952b26ea7ba:c901, 8d7dcba1-3b82-4d94-a832-514ef5c79cf8:c901]
2019-08-21 02:17:11,241 | INFO  | DNAudit | user=null | ip=null | op=WRITE_CHUNK {blockData=conID: 1 locID: 102652564581515679 bcsId: 903} | ret=SUCCESS |  
2019-08-21 02:17:11,244 | INFO  | DNAudit | user=null | ip=null | op=WRITE_CHUNK {blockData=conID: 1 locID: 102652564581515679 bcsId: 903} | ret=SUCCESS |  
2019-08-21 02:17:11,245 | INFO  | DNAudit | user=null | ip=null | op=WRITE_CHUNK {blockData=conID: 1 locID: 102652564581515679 bcsId: 903} | ret=SUCCESS |  
2019-08-21 02:17:11,255 | INFO  | DNAudit | user=null | ip=null | op=WRITE_CHUNK {blockData=conID: 1 locID: 102652564581515679 bcsId: 898} | ret=SUCCESS |  
2019-08-21 02:17:11,255 | INFO  | DNAudit | user=null | ip=null | op=WRITE_CHUNK {blockData=conID: 1 locID: 102652564581515679 bcsId: 898} | ret=SUCCESS |  
2019-08-21 02:17:11,255 | INFO  | DNAudit | user=null | ip=null | op=PUT_BLOCK {blockData=[blockId=conID: 1 locID: 102652564581515679 bcsId: 0,size=3145728]} | ret=SUCCESS |  
2019-08-21 02:17:11,256 | INFO  | DNAudit | user=null | ip=null | op=PUT_BLOCK {blockData=[blockId=conID: 1 locID: 102652564581515679 bcsId: 0,size=3145728]} | ret=SUCCESS |  
2019-08-21 02:17:11,257 | INFO  | DNAudit | user=null | ip=null | op=WRITE_CHUNK {blockData=conID: 1 locID: 102652564581515679 bcsId: 903} | ret=SUCCESS |  
2019-08-21 02:17:11,419 | INFO  | DNAudit | user=null | ip=null | op=PUT_BLOCK {blockData=[blockId=conID: 1 locID: 102652564581515679 bcsId: 0,size=4194304]} | ret=SUCCESS |  
2019-08-21 02:17:11,420 | INFO  | DNAudit | user=null | ip=null | op=WRITE_CHUNK {blockData=conID: 1 locID: 102652564581515679 bcsId: 903} | ret=SUCCESS |  
2019-08-21 02:17:11,420 | INFO  | DNAudit | user=null | ip=null | op=WRITE_CHUNK {blockData=conID: 1 locID: 102652564581515679 bcsId: 903} | ret=SUCCESS |  
2019-08-21 02:17:11,421 [grpc-default-executor-3] INFO  client.GrpcClientProtocolClient (GrpcClientProtocolClient.java:onNext(255)) - client-54CC064C3FCE->8224e767-71c1-41fc-a01a-d172d48fd9d8: receive RaftClientReply:client-54CC064C3FCE->8224e767-71c1-41fc-a01a-d172d48fd9d8@group-F6B37CC92441, cid=725, SUCCESS, logIndex=906, commits[8224e767-71c1-41fc-a01a-d172d48fd9d8:c907, 6eae0c21-01aa-4169-956f-5952b26ea7ba:c903, 8d7dcba1-3b82-4d94-a832-514ef5c79cf8:c903]
2019-08-21 02:17:11,421 [grpc-default-executor-3] INFO  client.GrpcClientProtocolClient (GrpcClientProtocolClient.java:onNext(255)) - client-54CC064C3FCE->8224e767-71c1-41fc-a01a-d172d48fd9d8: receive RaftClientReply:client-54CC064C3FCE->8224e767-71c1-41fc-a01a-d172d48fd9d8@group-F6B37CC92441, cid=726, SUCCESS, logIndex=907, commits[8224e767-71c1-41fc-a01a-d172d48fd9d8:c907, 6eae0c21-01aa-4169-956f-5952b26ea7ba:c903, 8d7dcba1-3b82-4d94-a832-514ef5c79cf8:c903]
2019-08-21 02:17:11,431 | INFO  | SCMAudit | user=jenkins1000 | ip=192.168.34.10 | op=SEND_HEARTBEAT {datanodeUUID=94764dae-819c-4b7e-92f1-9cd6c64427b7, command=[]} | ret=SUCCESS |  
2019-08-21 02:17:11,433 | INFO  | DNAudit | user=null | ip=null | op=PUT_BLOCK {blockData=[blockId=conID: 1 locID: 102652564581515679 bcsId: 0,size=4194304]} | ret=SUCCESS |  
2019-08-21 02:17:11,433 | INFO  | DNAudit | user=null | ip=null | op=PUT_BLOCK {blockData=[blockId=conID: 1 locID: 102652564581515679 bcsId: 0,size=4194304]} | ret=SUCCESS |  
2019-08-21 02:17:11,434 [grpc-default-executor-3] INFO  client.GrpcClientProtocolClient (GrpcClientProtocolClient.java:onNext(255)) - client-54CC064C3FCE->8224e767-71c1-41fc-a01a-d172d48fd9d8: receive RaftClientReply:client-54CC064C3FCE->8224e767-71c1-41fc-a01a-d172d48fd9d8@group-F6B37CC92441, cid=727, SUCCESS, logIndex=0, commits[8224e767-71c1-41fc-a01a-d172d48fd9d8:c908, 6eae0c21-01aa-4169-956f-5952b26ea7ba:c907, 8d7dcba1-3b82-4d94-a832-514ef5c79cf8:c907]
2019-08-21 02:17:11,450 | INFO  | DNAudit | user=null | ip=null | op=WRITE_CHUNK {blockData=conID: 2 locID: 102652564581581216 bcsId: 0} | ret=SUCCESS |  
2019-08-21 02:17:11,455 | INFO  | DNAudit | user=null | ip=null | op=WRITE_CHUNK {blockData=conID: 2 locID: 102652564581581216 bcsId: 0} | ret=SUCCESS |  
2019-08-21 02:17:11,457 | INFO  | DNAudit | user=null | ip=null | op=WRITE_CHUNK {blockData=conID: 2 locID: 102652564581581216 bcsId: 0} | ret=SUCCESS |  
2019-08-21 02:17:11,460 | INFO  | DNAudit | user=null | ip=null | op=WRITE_CHUNK {blockData=conID: 2 locID: 102652564581581216 bcsId: 0} | ret=SUCCESS |  
2019-08-21 02:17:11,460 | INFO  | DNAudit | user=null | ip=null | op=WRITE_CHUNK {blockData=conID: 2 locID: 102652564581581216 bcsId: 0} | ret=SUCCESS |  
2019-08-21 02:17:11,461 | INFO  | DNAudit | user=null | ip=null | op=WRITE_CHUNK {blockData=conID: 2 locID: 102652564581581216 bcsId: 0} | ret=SUCCESS |  
2019-08-21 02:17:11,464 | INFO  | DNAudit | user=null | ip=null | op=WRITE_CHUNK {blockData=conID: 2 locID: 102652564581581216 bcsId: 0} | ret=SUCCESS |  
2019-08-21 02:17:11,465 | INFO  | DNAudit | user=null | ip=null | op=PUT_BLOCK {blockData=[blockId=conID: 2 locID: 102652564581581216 bcsId: 0,size=1048576]} | ret=SUCCESS |  
2019-08-21 02:17:11,465 | INFO  | DNAudit | user=null | ip=null | op=WRITE_CHUNK {blockData=conID: 2 locID: 102652564581581216 bcsId: 0} | ret=SUCCESS |  
2019-08-21 02:17:11,465 [grpc-default-executor-0] INFO  client.GrpcClientProtocolClient (GrpcClientProtocolClient.java:onNext(255)) - client-54CC064C3FCE->8224e767-71c1-41fc-a01a-d172d48fd9d8: receive RaftClientReply:client-54CC064C3FCE->8224e767-71c1-41fc-a01a-d172d48fd9d8@group-F6B37CC92441, cid=728, SUCCESS, logIndex=910, commits[8224e767-71c1-41fc-a01a-d172d48fd9d8:c913, 6eae0c21-01aa-4169-956f-5952b26ea7ba:c909, 8d7dcba1-3b82-4d94-a832-514ef5c79cf8:c909]
2019-08-21 02:17:11,466 | INFO  | DNAudit | user=null | ip=null | op=PUT_BLOCK {blockData=[blockId=conID: 2 locID: 102652564581581216 bcsId: 0,size=2097152]} | ret=SUCCESS |  
2019-08-21 02:17:11,466 [grpc-default-executor-0] INFO  client.GrpcClientProtocolClient (GrpcClientProtocolClient.java:onNext(255)) - client-54CC064C3FCE->8224e767-71c1-41fc-a01a-d172d48fd9d8: receive RaftClientReply:client-54CC064C3FCE->8224e767-71c1-41fc-a01a-d172d48fd9d8@group-F6B37CC92441, cid=729, SUCCESS, logIndex=911, commits[8224e767-71c1-41fc-a01a-d172d48fd9d8:c913, 6eae0c21-01aa-4169-956f-5952b26ea7ba:c909, 8d7dcba1-3b82-4d94-a832-514ef5c79cf8:c909]
2019-08-21 02:17:11,467 [grpc-default-executor-0] INFO  client.GrpcClientProtocolClient (GrpcClientProtocolClient.java:onNext(255)) - client-54CC064C3FCE->8224e767-71c1-41fc-a01a-d172d48fd9d8: receive RaftClientReply:client-54CC064C3FCE->8224e767-71c1-41fc-a01a-d172d48fd9d8@group-F6B37CC92441, cid=730, SUCCESS, logIndex=912, commits[8224e767-71c1-41fc-a01a-d172d48fd9d8:c913, 6eae0c21-01aa-4169-956f-5952b26ea7ba:c909, 8d7dcba1-3b82-4d94-a832-514ef5c79cf8:c909]
2019-08-21 02:17:11,467 [grpc-default-executor-0] INFO  client.GrpcClientProtocolClient (GrpcClientProtocolClient.java:onNext(255)) - client-54CC064C3FCE->8224e767-71c1-41fc-a01a-d172d48fd9d8: receive RaftClientReply:client-54CC064C3FCE->8224e767-71c1-41fc-a01a-d172d48fd9d8@group-F6B37CC92441, cid=731, SUCCESS, logIndex=913, commits[8224e767-71c1-41fc-a01a-d172d48fd9d8:c913, 6eae0c21-01aa-4169-956f-5952b26ea7ba:c909, 8d7dcba1-3b82-4d94-a832-514ef5c79cf8:c909]
2019-08-21 02:17:11,475 | INFO  | DNAudit | user=null | ip=null | op=WRITE_CHUNK {blockData=conID: 2 locID: 102652564581581216 bcsId: 0} | ret=SUCCESS |  
2019-08-21 02:17:11,475 | INFO  | DNAudit | user=null | ip=null | op=WRITE_CHUNK {blockData=conID: 2 locID: 102652564581581216 bcsId: 0} | ret=SUCCESS |  
2019-08-21 02:17:11,475 | INFO  | DNAudit | user=null | ip=null | op=PUT_BLOCK {blockData=[blockId=conID: 2 locID: 102652564581581216 bcsId: 0,size=1048576]} | ret=SUCCESS |  
2019-08-21 02:17:11,476 | INFO  | DNAudit | user=null | ip=null | op=PUT_BLOCK {blockData=[blockId=conID: 2 locID: 102652564581581216 bcsId: 0,size=1048576]} | ret=SUCCESS |  
2019-08-21 02:17:11,476 | INFO  | DNAudit | user=null | ip=null | op=WRITE_CHUNK {blockData=conID: 2 locID: 102652564581581216 bcsId: 0} | ret=SUCCESS |  
2019-08-21 02:17:11,476 | INFO  | DNAudit | user=null | ip=null | op=WRITE_CHUNK {blockData=conID: 2 locID: 102652564581581216 bcsId: 0} | ret=SUCCESS |  
2019-08-21 02:17:11,476 | INFO  | DNAudit | user=null | ip=null | op=PUT_BLOCK {blockData=[blockId=conID: 2 locID: 102652564581581216 bcsId: 0,size=2097152]} | ret=SUCCESS |  
2019-08-21 02:17:11,476 [grpc-default-executor-0] INFO  client.GrpcClientProtocolClient (GrpcClientProtocolClient.java:onNext(255)) - client-54CC064C3FCE->8224e767-71c1-41fc-a01a-d172d48fd9d8: receive RaftClientReply:client-54CC064C3FCE->8224e767-71c1-41fc-a01a-d172d48fd9d8@group-F6B37CC92441, cid=732, SUCCESS, logIndex=0, commits[8224e767-71c1-41fc-a01a-d172d48fd9d8:c914, 6eae0c21-01aa-4169-956f-5952b26ea7ba:c911, 8d7dcba1-3b82-4d94-a832-514ef5c79cf8:c911]
2019-08-21 02:17:11,477 | INFO  | DNAudit | user=null | ip=null | op=PUT_BLOCK {blockData=[blockId=conID: 2 locID: 102652564581581216 bcsId: 0,size=2097152]} | ret=SUCCESS |  
2019-08-21 02:17:11,486 | INFO  | DNAudit | user=null | ip=null | op=WRITE_CHUNK {blockData=conID: 2 locID: 102652564581581216 bcsId: 913} | ret=SUCCESS |  
2019-08-21 02:17:11,490 | INFO  | DNAudit | user=null | ip=null | op=WRITE_CHUNK {blockData=conID: 2 locID: 102652564581581216 bcsId: 913} | ret=SUCCESS |  
2019-08-21 02:17:11,491 | INFO  | DNAudit | user=null | ip=null | op=WRITE_CHUNK {blockData=conID: 2 locID: 102652564581581216 bcsId: 913} | ret=SUCCESS |  
2019-08-21 02:17:11,499 | INFO  | DNAudit | user=null | ip=null | op=WRITE_CHUNK {blockData=conID: 2 locID: 102652564581581216 bcsId: 913} | ret=SUCCESS |  
2019-08-21 02:17:11,499 | INFO  | DNAudit | user=null | ip=null | op=PUT_BLOCK {blockData=[blockId=conID: 2 locID: 102652564581581216 bcsId: 0,size=3145728]} | ret=SUCCESS |  
2019-08-21 02:17:11,500 [grpc-default-executor-3] INFO  client.GrpcClientProtocolClient (GrpcClientProtocolClient.java:onNext(255)) - client-54CC064C3FCE->8224e767-71c1-41fc-a01a-d172d48fd9d8: receive RaftClientReply:client-54CC064C3FCE->8224e767-71c1-41fc-a01a-d172d48fd9d8@group-F6B37CC92441, cid=733, SUCCESS, logIndex=917, commits[8224e767-71c1-41fc-a01a-d172d48fd9d8:c918, 6eae0c21-01aa-4169-956f-5952b26ea7ba:c916, 8d7dcba1-3b82-4d94-a832-514ef5c79cf8:c916]
2019-08-21 02:17:11,500 [grpc-default-executor-3] INFO  client.GrpcClientProtocolClient (GrpcClientProtocolClient.java:onNext(255)) - client-54CC064C3FCE->8224e767-71c1-41fc-a01a-d172d48fd9d8: receive RaftClientReply:client-54CC064C3FCE->8224e767-71c1-41fc-a01a-d172d48fd9d8@group-F6B37CC92441, cid=734, SUCCESS, logIndex=918, commits[8224e767-71c1-41fc-a01a-d172d48fd9d8:c918, 6eae0c21-01aa-4169-956f-5952b26ea7ba:c916, 8d7dcba1-3b82-4d94-a832-514ef5c79cf8:c916]
2019-08-21 02:17:11,509 | INFO  | DNAudit | user=null | ip=null | op=WRITE_CHUNK {blockData=conID: 2 locID: 102652564581581216 bcsId: 918} | ret=SUCCESS |  
2019-08-21 02:17:11,510 | INFO  | DNAudit | user=null | ip=null | op=WRITE_CHUNK {blockData=conID: 2 locID: 102652564581581216 bcsId: 913} | ret=SUCCESS |  
2019-08-21 02:17:11,512 | INFO  | DNAudit | user=null | ip=null | op=WRITE_CHUNK {blockData=conID: 2 locID: 102652564581581216 bcsId: 913} | ret=SUCCESS |  
2019-08-21 02:17:11,512 | INFO  | DNAudit | user=null | ip=null | op=PUT_BLOCK {blockData=[blockId=conID: 2 locID: 102652564581581216 bcsId: 0,size=3145728]} | ret=SUCCESS |  
2019-08-21 02:17:11,514 | INFO  | DNAudit | user=null | ip=null | op=WRITE_CHUNK {blockData=conID: 2 locID: 102652564581581216 bcsId: 918} | ret=SUCCESS |  
2019-08-21 02:17:11,514 | INFO  | DNAudit | user=null | ip=null | op=WRITE_CHUNK {blockData=conID: 2 locID: 102652564581581216 bcsId: 918} | ret=SUCCESS |  
2019-08-21 02:17:11,539 | INFO  | DNAudit | user=null | ip=null | op=PUT_BLOCK {blockData=[blockId=conID: 2 locID: 102652564581581216 bcsId: 0,size=3145728]} | ret=SUCCESS |  
2019-08-21 02:17:11,540 | INFO  | DNAudit | user=null | ip=null | op=WRITE_CHUNK {blockData=conID: 2 locID: 102652564581581216 bcsId: 918} | ret=SUCCESS |  
2019-08-21 02:17:11,540 | INFO  | SCMAudit | user=jenkins1000 | ip=192.168.34.10 | op=SEND_HEARTBEAT {datanodeUUID=3def7c30-cb13-4f41-8119-6188f246ad27, command=[]} | ret=SUCCESS |  
2019-08-21 02:17:11,541 | INFO  | DNAudit | user=null | ip=null | op=PUT_BLOCK {blockData=[blockId=conID: 2 locID: 102652564581581216 bcsId: 0,size=4194304]} | ret=SUCCESS |  
2019-08-21 02:17:11,541 [grpc-default-executor-3] INFO  client.GrpcClientProtocolClient (GrpcClientProtocolClient.java:onNext(255)) - client-54CC064C3FCE->8224e767-71c1-41fc-a01a-d172d48fd9d8: receive RaftClientReply:client-54CC064C3FCE->8224e767-71c1-41fc-a01a-d172d48fd9d8@group-F6B37CC92441, cid=735, SUCCESS, logIndex=921, commits[8224e767-71c1-41fc-a01a-d172d48fd9d8:c922, 6eae0c21-01aa-4169-956f-5952b26ea7ba:c918, 8d7dcba1-3b82-4d94-a832-514ef5c79cf8:c918]
2019-08-21 02:17:11,542 [grpc-default-executor-3] INFO  client.GrpcClientProtocolClient (GrpcClientProtocolClient.java:onNext(255)) - client-54CC064C3FCE->8224e767-71c1-41fc-a01a-d172d48fd9d8: receive RaftClientReply:client-54CC064C3FCE->8224e767-71c1-41fc-a01a-d172d48fd9d8@group-F6B37CC92441, cid=736, SUCCESS, logIndex=922, commits[8224e767-71c1-41fc-a01a-d172d48fd9d8:c922, 6eae0c21-01aa-4169-956f-5952b26ea7ba:c918, 8d7dcba1-3b82-4d94-a832-514ef5c79cf8:c918]
2019-08-21 02:17:11,547 | INFO  | DNAudit | user=null | ip=null | op=WRITE_CHUNK {blockData=conID: 2 locID: 102652564581581216 bcsId: 918} | ret=SUCCESS |  
2019-08-21 02:17:11,547 | INFO  | DNAudit | user=null | ip=null | op=WRITE_CHUNK {blockData=conID: 2 locID: 102652564581581216 bcsId: 918} | ret=SUCCESS |  
2019-08-21 02:17:11,548 | INFO  | DNAudit | user=null | ip=null | op=PUT_BLOCK {blockData=[blockId=conID: 2 locID: 102652564581581216 bcsId: 0,size=4194304]} | ret=SUCCESS |  
2019-08-21 02:17:11,548 | INFO  | DNAudit | user=null | ip=null | op=PUT_BLOCK {blockData=[blockId=conID: 2 locID: 102652564581581216 bcsId: 0,size=4194304]} | ret=SUCCESS |  
2019-08-21 02:17:11,548 [grpc-default-executor-3] INFO  client.GrpcClientProtocolClient (GrpcClientProtocolClient.java:onNext(255)) - client-54CC064C3FCE->8224e767-71c1-41fc-a01a-d172d48fd9d8: receive RaftClientReply:client-54CC064C3FCE->8224e767-71c1-41fc-a01a-d172d48fd9d8@group-F6B37CC92441, cid=737, SUCCESS, logIndex=0, commits[8224e767-71c1-41fc-a01a-d172d48fd9d8:c923, 6eae0c21-01aa-4169-956f-5952b26ea7ba:c922, 8d7dcba1-3b82-4d94-a832-514ef5c79cf8:c922]
2019-08-21 02:17:11,558 | INFO  | DNAudit | user=null | ip=null | op=WRITE_CHUNK {blockData=conID: 3 locID: 102652564581581217 bcsId: 0} | ret=SUCCESS |  
2019-08-21 02:17:11,560 | INFO  | DNAudit | user=null | ip=null | op=WRITE_CHUNK {blockData=conID: 3 locID: 102652564581581217 bcsId: 0} | ret=SUCCESS |  
2019-08-21 02:17:11,562 | INFO  | DNAudit | user=null | ip=null | op=WRITE_CHUNK {blockData=conID: 3 locID: 102652564581581217 bcsId: 0} | ret=SUCCESS |  
2019-08-21 02:17:11,562 | INFO  | DNAudit | user=null | ip=null | op=WRITE_CHUNK {blockData=conID: 3 locID: 102652564581581217 bcsId: 0} | ret=SUCCESS |  
2019-08-21 02:17:11,564 | INFO  | DNAudit | user=null | ip=null | op=WRITE_CHUNK {blockData=conID: 3 locID: 102652564581581217 bcsId: 0} | ret=SUCCESS |  
2019-08-21 02:17:11,564 | INFO  | DNAudit | user=null | ip=null | op=WRITE_CHUNK {blockData=conID: 3 locID: 102652564581581217 bcsId: 0} | ret=SUCCESS |  
2019-08-21 02:17:11,574 | INFO  | DNAudit | user=null | ip=null | op=WRITE_CHUNK {blockData=conID: 3 locID: 102652564581581217 bcsId: 0} | ret=SUCCESS |  
2019-08-21 02:17:11,574 | INFO  | DNAudit | user=null | ip=null | op=PUT_BLOCK {blockData=[blockId=conID: 3 locID: 102652564581581217 bcsId: 0,size=1048576]} | ret=SUCCESS |  
2019-08-21 02:17:11,574 [grpc-default-executor-2] INFO  client.GrpcClientProtocolClient (GrpcClientProtocolClient.java:onNext(255)) - client-54CC064C3FCE->8224e767-71c1-41fc-a01a-d172d48fd9d8: receive RaftClientReply:client-54CC064C3FCE->8224e767-71c1-41fc-a01a-d172d48fd9d8@group-F6B37CC92441, cid=738, SUCCESS, logIndex=925, commits[8224e767-71c1-41fc-a01a-d172d48fd9d8:c927, 6eae0c21-01aa-4169-956f-5952b26ea7ba:c924, 8d7dcba1-3b82-4d94-a832-514ef5c79cf8:c924]
2019-08-21 02:17:11,575 | INFO  | DNAudit | user=null | ip=null | op=WRITE_CHUNK {blockData=conID: 3 locID: 102652564581581217 bcsId: 0} | ret=SUCCESS |  
2019-08-21 02:17:11,575 | INFO  | DNAudit | user=null | ip=null | op=PUT_BLOCK {blockData=[blockId=conID: 3 locID: 102652564581581217 bcsId: 0,size=2097152]} | ret=SUCCESS |  
2019-08-21 02:17:11,575 [grpc-default-executor-2] INFO  client.GrpcClientProtocolClient (GrpcClientProtocolClient.java:onNext(255)) - client-54CC064C3FCE->8224e767-71c1-41fc-a01a-d172d48fd9d8: receive RaftClientReply:client-54CC064C3FCE->8224e767-71c1-41fc-a01a-d172d48fd9d8@group-F6B37CC92441, cid=739, SUCCESS, logIndex=926, commits[8224e767-71c1-41fc-a01a-d172d48fd9d8:c928, 6eae0c21-01aa-4169-956f-5952b26ea7ba:c924, 8d7dcba1-3b82-4d94-a832-514ef5c79cf8:c924]
2019-08-21 02:17:11,576 [grpc-default-executor-2] INFO  client.GrpcClientProtocolClient (GrpcClientProtocolClient.java:onNext(255)) - client-54CC064C3FCE->8224e767-71c1-41fc-a01a-d172d48fd9d8: receive RaftClientReply:client-54CC064C3FCE->8224e767-71c1-41fc-a01a-d172d48fd9d8@group-F6B37CC92441, cid=740, SUCCESS, logIndex=927, commits[8224e767-71c1-41fc-a01a-d172d48fd9d8:c928, 6eae0c21-01aa-4169-956f-5952b26ea7ba:c924, 8d7dcba1-3b82-4d94-a832-514ef5c79cf8:c924]
2019-08-21 02:17:11,576 [grpc-default-executor-2] INFO  client.GrpcClientProtocolClient (GrpcClientProtocolClient.java:onNext(255)) - client-54CC064C3FCE->8224e767-71c1-41fc-a01a-d172d48fd9d8: receive RaftClientReply:client-54CC064C3FCE->8224e767-71c1-41fc-a01a-d172d48fd9d8@group-F6B37CC92441, cid=741, SUCCESS, logIndex=928, commits[8224e767-71c1-41fc-a01a-d172d48fd9d8:c928, 6eae0c21-01aa-4169-956f-5952b26ea7ba:c924, 8d7dcba1-3b82-4d94-a832-514ef5c79cf8:c924]
2019-08-21 02:17:11,585 | INFO  | DNAudit | user=null | ip=null | op=WRITE_CHUNK {blockData=conID: 3 locID: 102652564581581217 bcsId: 0} | ret=SUCCESS |  
2019-08-21 02:17:11,585 | INFO  | DNAudit | user=null | ip=null | op=WRITE_CHUNK {blockData=conID: 3 locID: 102652564581581217 bcsId: 0} | ret=SUCCESS |  
2019-08-21 02:17:11,588 | INFO  | DNAudit | user=null | ip=null | op=PUT_BLOCK {blockData=[blockId=conID: 3 locID: 102652564581581217 bcsId: 0,size=1048576]} | ret=SUCCESS |  
2019-08-21 02:17:11,588 | INFO  | DNAudit | user=null | ip=null | op=PUT_BLOCK {blockData=[blockId=conID: 3 locID: 102652564581581217 bcsId: 0,size=1048576]} | ret=SUCCESS |  
2019-08-21 02:17:11,588 | INFO  | DNAudit | user=null | ip=null | op=WRITE_CHUNK {blockData=conID: 3 locID: 102652564581581217 bcsId: 0} | ret=SUCCESS |  
2019-08-21 02:17:11,588 | INFO  | DNAudit | user=null | ip=null | op=PUT_BLOCK {blockData=[blockId=conID: 3 locID: 102652564581581217 bcsId: 0,size=2097152]} | ret=SUCCESS |  
2019-08-21 02:17:11,588 | INFO  | DNAudit | user=null | ip=null | op=WRITE_CHUNK {blockData=conID: 3 locID: 102652564581581217 bcsId: 0} | ret=SUCCESS |  
2019-08-21 02:17:11,588 | INFO  | DNAudit | user=null | ip=null | op=PUT_BLOCK {blockData=[blockId=conID: 3 locID: 102652564581581217 bcsId: 0,size=2097152]} | ret=SUCCESS |  
2019-08-21 02:17:11,589 [grpc-default-executor-2] INFO  client.GrpcClientProtocolClient (GrpcClientProtocolClient.java:onNext(255)) - client-54CC064C3FCE->8224e767-71c1-41fc-a01a-d172d48fd9d8: receive RaftClientReply:client-54CC064C3FCE->8224e767-71c1-41fc-a01a-d172d48fd9d8@group-F6B37CC92441, cid=742, SUCCESS, logIndex=0, commits[8224e767-71c1-41fc-a01a-d172d48fd9d8:c930, 6eae0c21-01aa-4169-956f-5952b26ea7ba:c927, 8d7dcba1-3b82-4d94-a832-514ef5c79cf8:c926]
2019-08-21 02:17:11,597 | INFO  | DNAudit | user=null | ip=null | op=WRITE_CHUNK {blockData=conID: 3 locID: 102652564581581217 bcsId: 928} | ret=SUCCESS |  
2019-08-21 02:17:11,600 | INFO  | DNAudit | user=null | ip=null | op=WRITE_CHUNK {blockData=conID: 3 locID: 102652564581581217 bcsId: 928} | ret=SUCCESS |  
2019-08-21 02:17:11,600 | INFO  | DNAudit | user=null | ip=null | op=WRITE_CHUNK {blockData=conID: 3 locID: 102652564581581217 bcsId: 928} | ret=SUCCESS |  
2019-08-21 02:17:11,610 | INFO  | DNAudit | user=null | ip=null | op=WRITE_CHUNK {blockData=conID: 3 locID: 102652564581581217 bcsId: 928} | ret=SUCCESS |  
2019-08-21 02:17:11,610 | INFO  | DNAudit | user=null | ip=null | op=PUT_BLOCK {blockData=[blockId=conID: 3 locID: 102652564581581217 bcsId: 0,size=3145728]} | ret=SUCCESS |  
2019-08-21 02:17:11,611 [grpc-default-executor-3] INFO  client.GrpcClientProtocolClient (GrpcClientProtocolClient.java:onNext(255)) - client-54CC064C3FCE->8224e767-71c1-41fc-a01a-d172d48fd9d8: receive RaftClientReply:client-54CC064C3FCE->8224e767-71c1-41fc-a01a-d172d48fd9d8@group-F6B37CC92441, cid=743, SUCCESS, logIndex=933, commits[8224e767-71c1-41fc-a01a-d172d48fd9d8:c934, 6eae0c21-01aa-4169-956f-5952b26ea7ba:c932, 8d7dcba1-3b82-4d94-a832-514ef5c79cf8:c932]
2019-08-21 02:17:11,611 [grpc-default-executor-3] INFO  client.GrpcClientProtocolClient (GrpcClientProtocolClient.java:onNext(255)) - client-54CC064C3FCE->8224e767-71c1-41fc-a01a-d172d48fd9d8: receive RaftClientReply:client-54CC064C3FCE->8224e767-71c1-41fc-a01a-d172d48fd9d8@group-F6B37CC92441, cid=744, SUCCESS, logIndex=934, commits[8224e767-71c1-41fc-a01a-d172d48fd9d8:c934, 6eae0c21-01aa-4169-956f-5952b26ea7ba:c932, 8d7dcba1-3b82-4d94-a832-514ef5c79cf8:c932]
2019-08-21 02:17:11,619 | INFO  | DNAudit | user=null | ip=null | op=WRITE_CHUNK {blockData=conID: 3 locID: 102652564581581217 bcsId: 934} | ret=SUCCESS |  
2019-08-21 02:17:11,621 | INFO  | DNAudit | user=null | ip=null | op=WRITE_CHUNK {blockData=conID: 3 locID: 102652564581581217 bcsId: 928} | ret=SUCCESS |  
2019-08-21 02:17:11,622 | INFO  | DNAudit | user=null | ip=null | op=WRITE_CHUNK {blockData=conID: 3 locID: 102652564581581217 bcsId: 928} | ret=SUCCESS |  
2019-08-21 02:17:11,623 | INFO  | DNAudit | user=null | ip=null | op=WRITE_CHUNK {blockData=conID: 3 locID: 102652564581581217 bcsId: 934} | ret=SUCCESS |  
2019-08-21 02:17:11,624 | INFO  | DNAudit | user=null | ip=null | op=WRITE_CHUNK {blockData=conID: 3 locID: 102652564581581217 bcsId: 934} | ret=SUCCESS |  
2019-08-21 02:17:11,635 | INFO  | DNAudit | user=null | ip=null | op=PUT_BLOCK {blockData=[blockId=conID: 3 locID: 102652564581581217 bcsId: 0,size=3145728]} | ret=SUCCESS |  
2019-08-21 02:17:11,636 | INFO  | DNAudit | user=null | ip=null | op=PUT_BLOCK {blockData=[blockId=conID: 3 locID: 102652564581581217 bcsId: 0,size=3145728]} | ret=SUCCESS |  
2019-08-21 02:17:11,636 | INFO  | DNAudit | user=null | ip=null | op=WRITE_CHUNK {blockData=conID: 3 locID: 102652564581581217 bcsId: 934} | ret=SUCCESS |  
2019-08-21 02:17:11,636 | INFO  | DNAudit | user=null | ip=null | op=PUT_BLOCK {blockData=[blockId=conID: 3 locID: 102652564581581217 bcsId: 0,size=4194304]} | ret=SUCCESS |  
2019-08-21 02:17:11,636 [grpc-default-executor-2] INFO  client.GrpcClientProtocolClient (GrpcClientProtocolClient.java:onNext(255)) - client-54CC064C3FCE->8224e767-71c1-41fc-a01a-d172d48fd9d8: receive RaftClientReply:client-54CC064C3FCE->8224e767-71c1-41fc-a01a-d172d48fd9d8@group-F6B37CC92441, cid=745, SUCCESS, logIndex=937, commits[8224e767-71c1-41fc-a01a-d172d48fd9d8:c938, 6eae0c21-01aa-4169-956f-5952b26ea7ba:c934, 8d7dcba1-3b82-4d94-a832-514ef5c79cf8:c933]
2019-08-21 02:17:11,637 [grpc-default-executor-2] INFO  client.GrpcClientProtocolClient (GrpcClientProtocolClient.java:onNext(255)) - client-54CC064C3FCE->8224e767-71c1-41fc-a01a-d172d48fd9d8: receive RaftClientReply:client-54CC064C3FCE->8224e767-71c1-41fc-a01a-d172d48fd9d8@group-F6B37CC92441, cid=746, SUCCESS, logIndex=938, commits[8224e767-71c1-41fc-a01a-d172d48fd9d8:c938, 6eae0c21-01aa-4169-956f-5952b26ea7ba:c934, 8d7dcba1-3b82-4d94-a832-514ef5c79cf8:c934]
2019-08-21 02:17:11,637 | INFO  | DNAudit | user=null | ip=null | op=WRITE_CHUNK {blockData=conID: 3 locID: 102652564581581217 bcsId: 934} | ret=SUCCESS |  
2019-08-21 02:17:11,637 | INFO  | DNAudit | user=null | ip=null | op=WRITE_CHUNK {blockData=conID: 3 locID: 102652564581581217 bcsId: 934} | ret=SUCCESS |  
2019-08-21 02:17:11,637 | INFO  | DNAudit | user=null | ip=null | op=PUT_BLOCK {blockData=[blockId=conID: 3 locID: 102652564581581217 bcsId: 0,size=4194304]} | ret=SUCCESS |  
2019-08-21 02:17:11,637 | INFO  | DNAudit | user=null | ip=null | op=PUT_BLOCK {blockData=[blockId=conID: 3 locID: 102652564581581217 bcsId: 0,size=4194304]} | ret=SUCCESS |  
2019-08-21 02:17:11,638 [grpc-default-executor-3] INFO  client.GrpcClientProtocolClient (GrpcClientProtocolClient.java:onNext(255)) - client-54CC064C3FCE->8224e767-71c1-41fc-a01a-d172d48fd9d8: receive RaftClientReply:client-54CC064C3FCE->8224e767-71c1-41fc-a01a-d172d48fd9d8@group-F6B37CC92441, cid=747, SUCCESS, logIndex=0, commits[8224e767-71c1-41fc-a01a-d172d48fd9d8:c939, 6eae0c21-01aa-4169-956f-5952b26ea7ba:c938, 8d7dcba1-3b82-4d94-a832-514ef5c79cf8:c938]
2019-08-21 02:17:11,648 | INFO  | DNAudit | user=null | ip=null | op=WRITE_CHUNK {blockData=conID: 1 locID: 102652564581581218 bcsId: 0} | ret=SUCCESS |  
 0.00% |█                                                                                                    |  0/1 Time: 0:00:022019-08-21 02:17:11,651 | INFO  | DNAudit | user=null | ip=null | op=WRITE_CHUNK {blockData=conID: 1 locID: 102652564581581218 bcsId: 0} | ret=SUCCESS |  
2019-08-21 02:17:11,653 | INFO  | DNAudit | user=null | ip=null | op=WRITE_CHUNK {blockData=conID: 1 locID: 102652564581581218 bcsId: 0} | ret=SUCCESS |  
2019-08-21 02:17:11,654 | INFO  | DNAudit | user=null | ip=null | op=WRITE_CHUNK {blockData=conID: 1 locID: 102652564581581218 bcsId: 0} | ret=SUCCESS |  
2019-08-21 02:17:11,656 | INFO  | DNAudit | user=null | ip=null | op=WRITE_CHUNK {blockData=conID: 1 locID: 102652564581581218 bcsId: 0} | ret=SUCCESS |  
2019-08-21 02:17:11,657 | INFO  | DNAudit | user=null | ip=null | op=WRITE_CHUNK {blockData=conID: 1 locID: 102652564581581218 bcsId: 0} | ret=SUCCESS |  
2019-08-21 02:17:11,661 | INFO  | DNAudit | user=null | ip=null | op=WRITE_CHUNK {blockData=conID: 1 locID: 102652564581581218 bcsId: 0} | ret=SUCCESS |  
2019-08-21 02:17:11,661 | INFO  | DNAudit | user=null | ip=null | op=PUT_BLOCK {blockData=[blockId=conID: 1 locID: 102652564581581218 bcsId: 0,size=1048576]} | ret=SUCCESS |  
2019-08-21 02:17:11,662 | INFO  | DNAudit | user=null | ip=null | op=WRITE_CHUNK {blockData=conID: 1 locID: 102652564581581218 bcsId: 0} | ret=SUCCESS |  
2019-08-21 02:17:11,662 | INFO  | DNAudit | user=null | ip=null | op=WRITE_CHUNK {blockData=conID: 1 locID: 102652564581581218 bcsId: 0} | ret=SUCCESS |  
2019-08-21 02:17:11,662 [grpc-default-executor-2] INFO  client.GrpcClientProtocolClient (GrpcClientProtocolClient.java:onNext(255)) - client-54CC064C3FCE->8224e767-71c1-41fc-a01a-d172d48fd9d8: receive RaftClientReply:client-54CC064C3FCE->8224e767-71c1-41fc-a01a-d172d48fd9d8@group-F6B37CC92441, cid=748, SUCCESS, logIndex=941, commits[8224e767-71c1-41fc-a01a-d172d48fd9d8:c942, 6eae0c21-01aa-4169-956f-5952b26ea7ba:c940, 8d7dcba1-3b82-4d94-a832-514ef5c79cf8:c940]
2019-08-21 02:17:11,663 | INFO  | DNAudit | user=null | ip=null | op=PUT_BLOCK {blockData=[blockId=conID: 1 locID: 102652564581581218 bcsId: 0,size=2097152]} | ret=SUCCESS |  
2019-08-21 02:17:11,663 | INFO  | DNAudit | user=null | ip=null | op=WRITE_CHUNK {blockData=conID: 1 locID: 102652564581581218 bcsId: 0} | ret=SUCCESS |  
2019-08-21 02:17:11,663 [grpc-default-executor-2] INFO  client.GrpcClientProtocolClient (GrpcClientProtocolClient.java:onNext(255)) - client-54CC064C3FCE->8224e767-71c1-41fc-a01a-d172d48fd9d8: receive RaftClientReply:client-54CC064C3FCE->8224e767-71c1-41fc-a01a-d172d48fd9d8@group-F6B37CC92441, cid=749, SUCCESS, logIndex=942, commits[8224e767-71c1-41fc-a01a-d172d48fd9d8:c944, 6eae0c21-01aa-4169-956f-5952b26ea7ba:c940, 8d7dcba1-3b82-4d94-a832-514ef5c79cf8:c940]
2019-08-21 02:17:11,663 | INFO  | DNAudit | user=null | ip=null | op=PUT_BLOCK {blockData=[blockId=conID: 1 locID: 102652564581581218 bcsId: 0,size=1048576]} | ret=SUCCESS |  
2019-08-21 02:17:11,663 | INFO  | DNAudit | user=null | ip=null | op=PUT_BLOCK {blockData=[blockId=conID: 1 locID: 102652564581581218 bcsId: 0,size=1048576]} | ret=SUCCESS |  
2019-08-21 02:17:11,663 [grpc-default-executor-2] INFO  client.GrpcClientProtocolClient (GrpcClientProtocolClient.java:onNext(255)) - client-54CC064C3FCE->8224e767-71c1-41fc-a01a-d172d48fd9d8: receive RaftClientReply:client-54CC064C3FCE->8224e767-71c1-41fc-a01a-d172d48fd9d8@group-F6B37CC92441, cid=750, SUCCESS, logIndex=943, commits[8224e767-71c1-41fc-a01a-d172d48fd9d8:c944, 6eae0c21-01aa-4169-956f-5952b26ea7ba:c940, 8d7dcba1-3b82-4d94-a832-514ef5c79cf8:c940]
2019-08-21 02:17:11,664 | INFO  | DNAudit | user=null | ip=null | op=WRITE_CHUNK {blockData=conID: 1 locID: 102652564581581218 bcsId: 0} | ret=SUCCESS |  
2019-08-21 02:17:11,664 [grpc-default-executor-2] INFO  client.GrpcClientProtocolClient (GrpcClientProtocolClient.java:onNext(255)) - client-54CC064C3FCE->8224e767-71c1-41fc-a01a-d172d48fd9d8: receive RaftClientReply:client-54CC064C3FCE->8224e767-71c1-41fc-a01a-d172d48fd9d8@group-F6B37CC92441, cid=751, SUCCESS, logIndex=944, commits[8224e767-71c1-41fc-a01a-d172d48fd9d8:c945, 6eae0c21-01aa-4169-956f-5952b26ea7ba:c941, 8d7dcba1-3b82-4d94-a832-514ef5c79cf8:c940]
2019-08-21 02:17:11,664 | INFO  | DNAudit | user=null | ip=null | op=PUT_BLOCK {blockData=[blockId=conID: 1 locID: 102652564581581218 bcsId: 0,size=2097152]} | ret=SUCCESS |  
2019-08-21 02:17:11,664 | INFO  | DNAudit | user=null | ip=null | op=WRITE_CHUNK {blockData=conID: 1 locID: 102652564581581218 bcsId: 0} | ret=SUCCESS |  
2019-08-21 02:17:11,664 | INFO  | DNAudit | user=null | ip=null | op=PUT_BLOCK {blockData=[blockId=conID: 1 locID: 102652564581581218 bcsId: 0,size=2097152]} | ret=SUCCESS |  
2019-08-21 02:17:11,665 [grpc-default-executor-2] INFO  client.GrpcClientProtocolClient (GrpcClientProtocolClient.java:onNext(255)) - client-54CC064C3FCE->8224e767-71c1-41fc-a01a-d172d48fd9d8: receive RaftClientReply:client-54CC064C3FCE->8224e767-71c1-41fc-a01a-d172d48fd9d8@group-F6B37CC92441, cid=752, SUCCESS, logIndex=0, commits[8224e767-71c1-41fc-a01a-d172d48fd9d8:c947, 6eae0c21-01aa-4169-956f-5952b26ea7ba:c944, 8d7dcba1-3b82-4d94-a832-514ef5c79cf8:c944]
2019-08-21 02:17:11,678 | INFO  | DNAudit | user=null | ip=null | op=WRITE_CHUNK {blockData=conID: 1 locID: 102652564581581218 bcsId: 944} | ret=SUCCESS |  
2019-08-21 02:17:11,681 | INFO  | DNAudit | user=null | ip=null | op=WRITE_CHUNK {blockData=conID: 1 locID: 102652564581581218 bcsId: 944} | ret=SUCCESS |  
2019-08-21 02:17:11,682 | INFO  | DNAudit | user=null | ip=null | op=WRITE_CHUNK {blockData=conID: 1 locID: 102652564581581218 bcsId: 944} | ret=SUCCESS |  
2019-08-21 02:17:11,691 | INFO  | DNAudit | user=null | ip=null | op=WRITE_CHUNK {blockData=conID: 1 locID: 102652564581581218 bcsId: 944} | ret=SUCCESS |  
2019-08-21 02:17:11,691 | INFO  | DNAudit | user=null | ip=null | op=PUT_BLOCK {blockData=[blockId=conID: 1 locID: 102652564581581218 bcsId: 0,size=3145728]} | ret=SUCCESS |  
2019-08-21 02:17:11,692 [grpc-default-executor-2] INFO  client.GrpcClientProtocolClient (GrpcClientProtocolClient.java:onNext(255)) - client-54CC064C3FCE->8224e767-71c1-41fc-a01a-d172d48fd9d8: receive RaftClientReply:client-54CC064C3FCE->8224e767-71c1-41fc-a01a-d172d48fd9d8@group-F6B37CC92441, cid=753, SUCCESS, logIndex=948, commits[8224e767-71c1-41fc-a01a-d172d48fd9d8:c949, 6eae0c21-01aa-4169-956f-5952b26ea7ba:c947, 8d7dcba1-3b82-4d94-a832-514ef5c79cf8:c947]
2019-08-21 02:17:11,692 [grpc-default-executor-2] INFO  client.GrpcClientProtocolClient (GrpcClientProtocolClient.java:onNext(255)) - client-54CC064C3FCE->8224e767-71c1-41fc-a01a-d172d48fd9d8: receive RaftClientReply:client-54CC064C3FCE->8224e767-71c1-41fc-a01a-d172d48fd9d8@group-F6B37CC92441, cid=754, SUCCESS, logIndex=949, commits[8224e767-71c1-41fc-a01a-d172d48fd9d8:c949, 6eae0c21-01aa-4169-956f-5952b26ea7ba:c947, 8d7dcba1-3b82-4d94-a832-514ef5c79cf8:c947]
2019-08-21 02:17:11,700 | INFO  | DNAudit | user=null | ip=null | op=WRITE_CHUNK {blockData=conID: 1 locID: 102652564581581218 bcsId: 949} | ret=SUCCESS |  
2019-08-21 02:17:11,702 | INFO  | DNAudit | user=null | ip=null | op=WRITE_CHUNK {blockData=conID: 1 locID: 102652564581581218 bcsId: 944} | ret=SUCCESS |  
2019-08-21 02:17:11,702 | INFO  | DNAudit | user=null | ip=null | op=WRITE_CHUNK {blockData=conID: 1 locID: 102652564581581218 bcsId: 944} | ret=SUCCESS |  
2019-08-21 02:17:11,702 | INFO  | DNAudit | user=null | ip=null | op=WRITE_CHUNK {blockData=conID: 1 locID: 102652564581581218 bcsId: 949} | ret=SUCCESS |  
2019-08-21 02:17:11,702 | INFO  | DNAudit | user=null | ip=null | op=PUT_BLOCK {blockData=[blockId=conID: 1 locID: 102652564581581218 bcsId: 0,size=3145728]} | ret=SUCCESS |  
2019-08-21 02:17:11,703 | INFO  | DNAudit | user=null | ip=null | op=PUT_BLOCK {blockData=[blockId=conID: 1 locID: 102652564581581218 bcsId: 0,size=3145728]} | ret=SUCCESS |  
2019-08-21 02:17:11,703 | INFO  | DNAudit | user=null | ip=null | op=WRITE_CHUNK {blockData=conID: 1 locID: 102652564581581218 bcsId: 949} | ret=SUCCESS |  
2019-08-21 02:17:11,704 | INFO  | DNAudit | user=null | ip=null | op=WRITE_CHUNK {blockData=conID: 1 locID: 102652564581581218 bcsId: 949} | ret=SUCCESS |  
2019-08-21 02:17:11,705 | INFO  | DNAudit | user=null | ip=null | op=PUT_BLOCK {blockData=[blockId=conID: 1 locID: 102652564581581218 bcsId: 0,size=4194304]} | ret=SUCCESS |  
2019-08-21 02:17:11,705 [grpc-default-executor-0] INFO  client.GrpcClientProtocolClient (GrpcClientProtocolClient.java:onNext(255)) - client-54CC064C3FCE->8224e767-71c1-41fc-a01a-d172d48fd9d8: receive RaftClientReply:client-54CC064C3FCE->8224e767-71c1-41fc-a01a-d172d48fd9d8@group-F6B37CC92441, cid=755, SUCCESS, logIndex=952, commits[8224e767-71c1-41fc-a01a-d172d48fd9d8:c953, 6eae0c21-01aa-4169-956f-5952b26ea7ba:c949, 8d7dcba1-3b82-4d94-a832-514ef5c79cf8:c949]
2019-08-21 02:17:11,706 [grpc-default-executor-0] INFO  client.GrpcClientProtocolClient (GrpcClientProtocolClient.java:onNext(255)) - client-54CC064C3FCE->8224e767-71c1-41fc-a01a-d172d48fd9d8: receive RaftClientReply:client-54CC064C3FCE->8224e767-71c1-41fc-a01a-d172d48fd9d8@group-F6B37CC92441, cid=756, SUCCESS, logIndex=953, commits[8224e767-71c1-41fc-a01a-d172d48fd9d8:c953, 6eae0c21-01aa-4169-956f-5952b26ea7ba:c949, 8d7dcba1-3b82-4d94-a832-514ef5c79cf8:c949]
2019-08-21 02:17:11,706 | INFO  | DNAudit | user=null | ip=null | op=WRITE_CHUNK {blockData=conID: 1 locID: 102652564581581218 bcsId: 949} | ret=SUCCESS |  
2019-08-21 02:17:11,706 | INFO  | DNAudit | user=null | ip=null | op=WRITE_CHUNK {blockData=conID: 1 locID: 102652564581581218 bcsId: 949} | ret=SUCCESS |  
2019-08-21 02:17:11,707 | INFO  | DNAudit | user=null | ip=null | op=PUT_BLOCK {blockData=[blockId=conID: 1 locID: 102652564581581218 bcsId: 0,size=4194304]} | ret=SUCCESS |  
2019-08-21 02:17:11,707 | INFO  | DNAudit | user=null | ip=null | op=PUT_BLOCK {blockData=[blockId=conID: 1 locID: 102652564581581218 bcsId: 0,size=4194304]} | ret=SUCCESS |  
2019-08-21 02:17:11,708 [grpc-default-executor-0] INFO  client.GrpcClientProtocolClient (GrpcClientProtocolClient.java:onNext(255)) - client-54CC064C3FCE->8224e767-71c1-41fc-a01a-d172d48fd9d8: receive RaftClientReply:client-54CC064C3FCE->8224e767-71c1-41fc-a01a-d172d48fd9d8@group-F6B37CC92441, cid=757, SUCCESS, logIndex=0, commits[8224e767-71c1-41fc-a01a-d172d48fd9d8:c955, 6eae0c21-01aa-4169-956f-5952b26ea7ba:c953, 8d7dcba1-3b82-4d94-a832-514ef5c79cf8:c953]
2019-08-21 02:17:11,716 | INFO  | DNAudit | user=null | ip=null | op=WRITE_CHUNK {blockData=conID: 2 locID: 102652564581581219 bcsId: 0} | ret=SUCCESS |  
2019-08-21 02:17:11,718 | INFO  | DNAudit | user=null | ip=null | op=WRITE_CHUNK {blockData=conID: 2 locID: 102652564581581219 bcsId: 0} | ret=SUCCESS |  
2019-08-21 02:17:11,720 | INFO  | DNAudit | user=null | ip=null | op=WRITE_CHUNK {blockData=conID: 2 locID: 102652564581581219 bcsId: 0} | ret=SUCCESS |  
2019-08-21 02:17:11,720 | INFO  | DNAudit | user=null | ip=null | op=WRITE_CHUNK {blockData=conID: 2 locID: 102652564581581219 bcsId: 0} | ret=SUCCESS |  
2019-08-21 02:17:11,721 | INFO  | DNAudit | user=null | ip=null | op=WRITE_CHUNK {blockData=conID: 2 locID: 102652564581581219 bcsId: 0} | ret=SUCCESS |  
2019-08-21 02:17:11,721 | INFO  | DNAudit | user=null | ip=null | op=WRITE_CHUNK {blockData=conID: 2 locID: 102652564581581219 bcsId: 0} | ret=SUCCESS |  
2019-08-21 02:17:11,728 | INFO  | DNAudit | user=null | ip=null | op=WRITE_CHUNK {blockData=conID: 2 locID: 102652564581581219 bcsId: 0} | ret=SUCCESS |  
2019-08-21 02:17:11,729 | INFO  | DNAudit | user=null | ip=null | op=PUT_BLOCK {blockData=[blockId=conID: 2 locID: 102652564581581219 bcsId: 0,size=1048576]} | ret=SUCCESS |  
2019-08-21 02:17:11,729 | INFO  | DNAudit | user=null | ip=null | op=WRITE_CHUNK {blockData=conID: 2 locID: 102652564581581219 bcsId: 0} | ret=SUCCESS |  
2019-08-21 02:17:11,729 | INFO  | DNAudit | user=null | ip=null | op=WRITE_CHUNK {blockData=conID: 2 locID: 102652564581581219 bcsId: 0} | ret=SUCCESS |  
2019-08-21 02:17:11,729 | INFO  | DNAudit | user=null | ip=null | op=WRITE_CHUNK {blockData=conID: 2 locID: 102652564581581219 bcsId: 0} | ret=SUCCESS |  
2019-08-21 02:17:11,729 | INFO  | DNAudit | user=null | ip=null | op=PUT_BLOCK {blockData=[blockId=conID: 2 locID: 102652564581581219 bcsId: 0,size=2097152]} | ret=SUCCESS |  
2019-08-21 02:17:11,729 [grpc-default-executor-2] INFO  client.GrpcClientProtocolClient (GrpcClientProtocolClient.java:onNext(255)) - client-54CC064C3FCE->8224e767-71c1-41fc-a01a-d172d48fd9d8: receive RaftClientReply:client-54CC064C3FCE->8224e767-71c1-41fc-a01a-d172d48fd9d8@group-F6B37CC92441, cid=758, SUCCESS, logIndex=956, commits[8224e767-71c1-41fc-a01a-d172d48fd9d8:c957, 6eae0c21-01aa-4169-956f-5952b26ea7ba:c955, 8d7dcba1-3b82-4d94-a832-514ef5c79cf8:c955]
2019-08-21 02:17:11,730 [grpc-default-executor-2] INFO  client.GrpcClientProtocolClient (GrpcClientProtocolClient.java:onNext(255)) - client-54CC064C3FCE->8224e767-71c1-41fc-a01a-d172d48fd9d8: receive RaftClientReply:client-54CC064C3FCE->8224e767-71c1-41fc-a01a-d172d48fd9d8@group-F6B37CC92441, cid=759, SUCCESS, logIndex=957, commits[8224e767-71c1-41fc-a01a-d172d48fd9d8:c959, 6eae0c21-01aa-4169-956f-5952b26ea7ba:c955, 8d7dcba1-3b82-4d94-a832-514ef5c79cf8:c955]
2019-08-21 02:17:11,730 [grpc-default-executor-2] INFO  client.GrpcClientProtocolClient (GrpcClientProtocolClient.java:onNext(255)) - client-54CC064C3FCE->8224e767-71c1-41fc-a01a-d172d48fd9d8: receive RaftClientReply:client-54CC064C3FCE->8224e767-71c1-41fc-a01a-d172d48fd9d8@group-F6B37CC92441, cid=760, SUCCESS, logIndex=958, commits[8224e767-71c1-41fc-a01a-d172d48fd9d8:c959, 6eae0c21-01aa-4169-956f-5952b26ea7ba:c955, 8d7dcba1-3b82-4d94-a832-514ef5c79cf8:c955]
2019-08-21 02:17:11,730 [grpc-default-executor-2] INFO  client.GrpcClientProtocolClient (GrpcClientProtocolClient.java:onNext(255)) - client-54CC064C3FCE->8224e767-71c1-41fc-a01a-d172d48fd9d8: receive RaftClientReply:client-54CC064C3FCE->8224e767-71c1-41fc-a01a-d172d48fd9d8@group-F6B37CC92441, cid=761, SUCCESS, logIndex=959, commits[8224e767-71c1-41fc-a01a-d172d48fd9d8:c960, 6eae0c21-01aa-4169-956f-5952b26ea7ba:c956, 8d7dcba1-3b82-4d94-a832-514ef5c79cf8:c956]
2019-08-21 02:17:11,732 | INFO  | DNAudit | user=null | ip=null | op=PUT_BLOCK {blockData=[blockId=conID: 2 locID: 102652564581581219 bcsId: 0,size=1048576]} | ret=SUCCESS |  
2019-08-21 02:17:11,732 | INFO  | DNAudit | user=null | ip=null | op=PUT_BLOCK {blockData=[blockId=conID: 2 locID: 102652564581581219 bcsId: 0,size=1048576]} | ret=SUCCESS |  
2019-08-21 02:17:11,733 | INFO  | DNAudit | user=null | ip=null | op=WRITE_CHUNK {blockData=conID: 2 locID: 102652564581581219 bcsId: 0} | ret=SUCCESS |  
2019-08-21 02:17:11,733 | INFO  | DNAudit | user=null | ip=null | op=WRITE_CHUNK {blockData=conID: 2 locID: 102652564581581219 bcsId: 0} | ret=SUCCESS |  
2019-08-21 02:17:11,733 | INFO  | DNAudit | user=null | ip=null | op=PUT_BLOCK {blockData=[blockId=conID: 2 locID: 102652564581581219 bcsId: 0,size=2097152]} | ret=SUCCESS |  
2019-08-21 02:17:11,733 | INFO  | DNAudit | user=null | ip=null | op=PUT_BLOCK {blockData=[blockId=conID: 2 locID: 102652564581581219 bcsId: 0,size=2097152]} | ret=SUCCESS |  
2019-08-21 02:17:11,733 [grpc-default-executor-2] INFO  client.GrpcClientProtocolClient (GrpcClientProtocolClient.java:onNext(255)) - client-54CC064C3FCE->8224e767-71c1-41fc-a01a-d172d48fd9d8: receive RaftClientReply:client-54CC064C3FCE->8224e767-71c1-41fc-a01a-d172d48fd9d8@group-F6B37CC92441, cid=762, SUCCESS, logIndex=0, commits[8224e767-71c1-41fc-a01a-d172d48fd9d8:c961, 6eae0c21-01aa-4169-956f-5952b26ea7ba:c958, 8d7dcba1-3b82-4d94-a832-514ef5c79cf8:c957]
2019-08-21 02:17:11,741 | INFO  | DNAudit | user=null | ip=null | op=WRITE_CHUNK {blockData=conID: 2 locID: 102652564581581219 bcsId: 959} | ret=SUCCESS |  
2019-08-21 02:17:11,743 | INFO  | DNAudit | user=null | ip=null | op=WRITE_CHUNK {blockData=conID: 2 locID: 102652564581581219 bcsId: 959} | ret=SUCCESS |  
2019-08-21 02:17:11,744 | INFO  | DNAudit | user=null | ip=null | op=WRITE_CHUNK {blockData=conID: 2 locID: 102652564581581219 bcsId: 959} | ret=SUCCESS |  
2019-08-21 02:17:11,753 | INFO  | DNAudit | user=null | ip=null | op=WRITE_CHUNK {blockData=conID: 2 locID: 102652564581581219 bcsId: 959} | ret=SUCCESS |  
2019-08-21 02:17:11,754 | INFO  | DNAudit | user=null | ip=null | op=PUT_BLOCK {blockData=[blockId=conID: 2 locID: 102652564581581219 bcsId: 0,size=3145728]} | ret=SUCCESS |  
2019-08-21 02:17:11,754 [grpc-default-executor-2] INFO  client.GrpcClientProtocolClient (GrpcClientProtocolClient.java:onNext(255)) - client-54CC064C3FCE->8224e767-71c1-41fc-a01a-d172d48fd9d8: receive RaftClientReply:client-54CC064C3FCE->8224e767-71c1-41fc-a01a-d172d48fd9d8@group-F6B37CC92441, cid=763, SUCCESS, logIndex=964, commits[8224e767-71c1-41fc-a01a-d172d48fd9d8:c965, 6eae0c21-01aa-4169-956f-5952b26ea7ba:c963, 8d7dcba1-3b82-4d94-a832-514ef5c79cf8:c963]
2019-08-21 02:17:11,754 [grpc-default-executor-2] INFO  client.GrpcClientProtocolClient (GrpcClientProtocolClient.java:onNext(255)) - client-54CC064C3FCE->8224e767-71c1-41fc-a01a-d172d48fd9d8: receive RaftClientReply:client-54CC064C3FCE->8224e767-71c1-41fc-a01a-d172d48fd9d8@group-F6B37CC92441, cid=764, SUCCESS, logIndex=965, commits[8224e767-71c1-41fc-a01a-d172d48fd9d8:c965, 6eae0c21-01aa-4169-956f-5952b26ea7ba:c963, 8d7dcba1-3b82-4d94-a832-514ef5c79cf8:c963]
2019-08-21 02:17:11,755 | INFO  | DNAudit | user=null | ip=null | op=WRITE_CHUNK {blockData=conID: 2 locID: 102652564581581219 bcsId: 959} | ret=SUCCESS |  
2019-08-21 02:17:11,755 | INFO  | DNAudit | user=null | ip=null | op=WRITE_CHUNK {blockData=conID: 2 locID: 102652564581581219 bcsId: 959} | ret=SUCCESS |  
2019-08-21 02:17:11,757 | INFO  | DNAudit | user=null | ip=null | op=PUT_BLOCK {blockData=[blockId=conID: 2 locID: 102652564581581219 bcsId: 0,size=3145728]} | ret=SUCCESS |  
2019-08-21 02:17:11,757 | INFO  | DNAudit | user=null | ip=null | op=PUT_BLOCK {blockData=[blockId=conID: 2 locID: 102652564581581219 bcsId: 0,size=3145728]} | ret=SUCCESS |  
2019-08-21 02:17:11,762 | INFO  | DNAudit | user=null | ip=null | op=WRITE_CHUNK {blockData=conID: 2 locID: 102652564581581219 bcsId: 965} | ret=SUCCESS |  
2019-08-21 02:17:11,764 | INFO  | DNAudit | user=null | ip=null | op=WRITE_CHUNK {blockData=conID: 2 locID: 102652564581581219 bcsId: 965} | ret=SUCCESS |  
2019-08-21 02:17:11,765 | INFO  | DNAudit | user=null | ip=null | op=WRITE_CHUNK {blockData=conID: 2 locID: 102652564581581219 bcsId: 965} | ret=SUCCESS |  
2019-08-21 02:17:11,781 | INFO  | DNAudit | user=null | ip=null | op=WRITE_CHUNK {blockData=conID: 2 locID: 102652564581581219 bcsId: 965} | ret=SUCCESS |  
2019-08-21 02:17:11,782 | INFO  | DNAudit | user=null | ip=null | op=PUT_BLOCK {blockData=[blockId=conID: 2 locID: 102652564581581219 bcsId: 0,size=4194304]} | ret=SUCCESS |  
2019-08-21 02:17:11,782 [grpc-default-executor-3] INFO  client.GrpcClientProtocolClient (GrpcClientProtocolClient.java:onNext(255)) - client-54CC064C3FCE->8224e767-71c1-41fc-a01a-d172d48fd9d8: receive RaftClientReply:client-54CC064C3FCE->8224e767-71c1-41fc-a01a-d172d48fd9d8@group-F6B37CC92441, cid=765, SUCCESS, logIndex=968, commits[8224e767-71c1-41fc-a01a-d172d48fd9d8:c969, 6eae0c21-01aa-4169-956f-5952b26ea7ba:c967, 8d7dcba1-3b82-4d94-a832-514ef5c79cf8:c967]
2019-08-21 02:17:11,783 [grpc-default-executor-3] INFO  client.GrpcClientProtocolClient (GrpcClientProtocolClient.java:onNext(255)) - client-54CC064C3FCE->8224e767-71c1-41fc-a01a-d172d48fd9d8: receive RaftClientReply:client-54CC064C3FCE->8224e767-71c1-41fc-a01a-d172d48fd9d8@group-F6B37CC92441, cid=766, SUCCESS, logIndex=969, commits[8224e767-71c1-41fc-a01a-d172d48fd9d8:c969, 6eae0c21-01aa-4169-956f-5952b26ea7ba:c967, 8d7dcba1-3b82-4d94-a832-514ef5c79cf8:c967]
2019-08-21 02:17:11,793 | INFO  | DNAudit | user=null | ip=null | op=WRITE_CHUNK {blockData=conID: 2 locID: 102652564581581219 bcsId: 965} | ret=SUCCESS |  
2019-08-21 02:17:11,793 | INFO  | DNAudit | user=null | ip=null | op=WRITE_CHUNK {blockData=conID: 2 locID: 102652564581581219 bcsId: 965} | ret=SUCCESS |  
2019-08-21 02:17:11,793 | INFO  | DNAudit | user=null | ip=null | op=PUT_BLOCK {blockData=[blockId=conID: 2 locID: 102652564581581219 bcsId: 0,size=4194304]} | ret=SUCCESS |  
2019-08-21 02:17:11,796 | INFO  | DNAudit | user=null | ip=null | op=PUT_BLOCK {blockData=[blockId=conID: 2 locID: 102652564581581219 bcsId: 0,size=4194304]} | ret=SUCCESS |  
2019-08-21 02:17:11,797 [grpc-default-executor-4] INFO  client.GrpcClientProtocolClient (GrpcClientProtocolClient.java:onNext(255)) - client-54CC064C3FCE->8224e767-71c1-41fc-a01a-d172d48fd9d8: receive RaftClientReply:client-54CC064C3FCE->8224e767-71c1-41fc-a01a-d172d48fd9d8@group-F6B37CC92441, cid=767, SUCCESS, logIndex=0, commits[8224e767-71c1-41fc-a01a-d172d48fd9d8:c971, 6eae0c21-01aa-4169-956f-5952b26ea7ba:c969, 8d7dcba1-3b82-4d94-a832-514ef5c79cf8:c969]
2019-08-21 02:17:11,805 | INFO  | DNAudit | user=null | ip=null | op=WRITE_CHUNK {blockData=conID: 3 locID: 102652564581581220 bcsId: 0} | ret=SUCCESS |  
2019-08-21 02:17:11,806 | INFO  | DNAudit | user=null | ip=null | op=WRITE_CHUNK {blockData=conID: 3 locID: 102652564581581220 bcsId: 0} | ret=SUCCESS |  
2019-08-21 02:17:11,807 | INFO  | DNAudit | user=null | ip=null | op=WRITE_CHUNK {blockData=conID: 3 locID: 102652564581581220 bcsId: 0} | ret=SUCCESS |  
2019-08-21 02:17:11,810 | INFO  | DNAudit | user=null | ip=null | op=WRITE_CHUNK {blockData=conID: 3 locID: 102652564581581220 bcsId: 0} | ret=SUCCESS |  
2019-08-21 02:17:11,811 | INFO  | DNAudit | user=null | ip=null | op=WRITE_CHUNK {blockData=conID: 3 locID: 102652564581581220 bcsId: 0} | ret=SUCCESS |  
2019-08-21 02:17:11,811 | INFO  | DNAudit | user=null | ip=null | op=WRITE_CHUNK {blockData=conID: 3 locID: 102652564581581220 bcsId: 0} | ret=SUCCESS |  
2019-08-21 02:17:11,819 | INFO  | DNAudit | user=null | ip=null | op=WRITE_CHUNK {blockData=conID: 3 locID: 102652564581581220 bcsId: 0} | ret=SUCCESS |  
2019-08-21 02:17:11,820 | INFO  | DNAudit | user=null | ip=null | op=PUT_BLOCK {blockData=[blockId=conID: 3 locID: 102652564581581220 bcsId: 0,size=1048576]} | ret=SUCCESS |  
2019-08-21 02:17:11,820 | INFO  | DNAudit | user=null | ip=null | op=WRITE_CHUNK {blockData=conID: 3 locID: 102652564581581220 bcsId: 0} | ret=SUCCESS |  
2019-08-21 02:17:11,820 | INFO  | DNAudit | user=null | ip=null | op=PUT_BLOCK {blockData=[blockId=conID: 3 locID: 102652564581581220 bcsId: 0,size=2097152]} | ret=SUCCESS |  
2019-08-21 02:17:11,820 [grpc-default-executor-4] INFO  client.GrpcClientProtocolClient (GrpcClientProtocolClient.java:onNext(255)) - client-54CC064C3FCE->8224e767-71c1-41fc-a01a-d172d48fd9d8: receive RaftClientReply:client-54CC064C3FCE->8224e767-71c1-41fc-a01a-d172d48fd9d8@group-F6B37CC92441, cid=768, SUCCESS, logIndex=972, commits[8224e767-71c1-41fc-a01a-d172d48fd9d8:c975, 6eae0c21-01aa-4169-956f-5952b26ea7ba:c971, 8d7dcba1-3b82-4d94-a832-514ef5c79cf8:c971]
2019-08-21 02:17:11,821 [grpc-default-executor-4] INFO  client.GrpcClientProtocolClient (GrpcClientProtocolClient.java:onNext(255)) - client-54CC064C3FCE->8224e767-71c1-41fc-a01a-d172d48fd9d8: receive RaftClientReply:client-54CC064C3FCE->8224e767-71c1-41fc-a01a-d172d48fd9d8@group-F6B37CC92441, cid=769, SUCCESS, logIndex=973, commits[8224e767-71c1-41fc-a01a-d172d48fd9d8:c975, 6eae0c21-01aa-4169-956f-5952b26ea7ba:c971, 8d7dcba1-3b82-4d94-a832-514ef5c79cf8:c971]
2019-08-21 02:17:11,821 [grpc-default-executor-4] INFO  client.GrpcClientProtocolClient (GrpcClientProtocolClient.java:onNext(255)) - client-54CC064C3FCE->8224e767-71c1-41fc-a01a-d172d48fd9d8: receive RaftClientReply:client-54CC064C3FCE->8224e767-71c1-41fc-a01a-d172d48fd9d8@group-F6B37CC92441, cid=770, SUCCESS, logIndex=974, commits[8224e767-71c1-41fc-a01a-d172d48fd9d8:c975, 6eae0c21-01aa-4169-956f-5952b26ea7ba:c971, 8d7dcba1-3b82-4d94-a832-514ef5c79cf8:c971]
2019-08-21 02:17:11,822 [grpc-default-executor-4] INFO  client.GrpcClientProtocolClient (GrpcClientProtocolClient.java:onNext(255)) - client-54CC064C3FCE->8224e767-71c1-41fc-a01a-d172d48fd9d8: receive RaftClientReply:client-54CC064C3FCE->8224e767-71c1-41fc-a01a-d172d48fd9d8@group-F6B37CC92441, cid=771, SUCCESS, logIndex=975, commits[8224e767-71c1-41fc-a01a-d172d48fd9d8:c975, 6eae0c21-01aa-4169-956f-5952b26ea7ba:c971, 8d7dcba1-3b82-4d94-a832-514ef5c79cf8:c971]
2019-08-21 02:17:11,831 | INFO  | DNAudit | user=null | ip=null | op=WRITE_CHUNK {blockData=conID: 3 locID: 102652564581581220 bcsId: 0} | ret=SUCCESS |  
2019-08-21 02:17:11,831 | INFO  | DNAudit | user=null | ip=null | op=WRITE_CHUNK {blockData=conID: 3 locID: 102652564581581220 bcsId: 0} | ret=SUCCESS |  
2019-08-21 02:17:11,831 | INFO  | DNAudit | user=null | ip=null | op=PUT_BLOCK {blockData=[blockId=conID: 3 locID: 102652564581581220 bcsId: 0,size=1048576]} | ret=SUCCESS |  
2019-08-21 02:17:11,831 | INFO  | DNAudit | user=null | ip=null | op=PUT_BLOCK {blockData=[blockId=conID: 3 locID: 102652564581581220 bcsId: 0,size=1048576]} | ret=SUCCESS |  
2019-08-21 02:17:11,832 [grpc-default-executor-4] INFO  client.GrpcClientProtocolClient (GrpcClientProtocolClient.java:onNext(255)) - client-54CC064C3FCE->8224e767-71c1-41fc-a01a-d172d48fd9d8: receive RaftClientReply:client-54CC064C3FCE->8224e767-71c1-41fc-a01a-d172d48fd9d8@group-F6B37CC92441, cid=772, SUCCESS, logIndex=0, commits[8224e767-71c1-41fc-a01a-d172d48fd9d8:c976, 6eae0c21-01aa-4169-956f-5952b26ea7ba:c973, 8d7dcba1-3b82-4d94-a832-514ef5c79cf8:c973]
2019-08-21 02:17:11,832 | INFO  | DNAudit | user=null | ip=null | op=WRITE_CHUNK {blockData=conID: 3 locID: 102652564581581220 bcsId: 0} | ret=SUCCESS |  
2019-08-21 02:17:11,832 | INFO  | DNAudit | user=null | ip=null | op=PUT_BLOCK {blockData=[blockId=conID: 3 locID: 102652564581581220 bcsId: 0,size=2097152]} | ret=SUCCESS |  
2019-08-21 02:17:11,832 | INFO  | DNAudit | user=null | ip=null | op=WRITE_CHUNK {blockData=conID: 3 locID: 102652564581581220 bcsId: 0} | ret=SUCCESS |  
2019-08-21 02:17:11,833 | INFO  | DNAudit | user=null | ip=null | op=PUT_BLOCK {blockData=[blockId=conID: 3 locID: 102652564581581220 bcsId: 0,size=2097152]} | ret=SUCCESS |  
2019-08-21 02:17:11,840 | INFO  | DNAudit | user=null | ip=null | op=WRITE_CHUNK {blockData=conID: 3 locID: 102652564581581220 bcsId: 975} | ret=SUCCESS |  
2019-08-21 02:17:11,843 | INFO  | DNAudit | user=null | ip=null | op=WRITE_CHUNK {blockData=conID: 3 locID: 102652564581581220 bcsId: 975} | ret=SUCCESS |  
2019-08-21 02:17:11,843 | INFO  | DNAudit | user=null | ip=null | op=WRITE_CHUNK {blockData=conID: 3 locID: 102652564581581220 bcsId: 975} | ret=SUCCESS |  
2019-08-21 02:17:11,853 | INFO  | DNAudit | user=null | ip=null | op=WRITE_CHUNK {blockData=conID: 3 locID: 102652564581581220 bcsId: 975} | ret=SUCCESS |  
2019-08-21 02:17:11,853 | INFO  | DNAudit | user=null | ip=null | op=PUT_BLOCK {blockData=[blockId=conID: 3 locID: 102652564581581220 bcsId: 0,size=3145728]} | ret=SUCCESS |  
2019-08-21 02:17:11,854 [grpc-default-executor-4] INFO  client.GrpcClientProtocolClient (GrpcClientProtocolClient.java:onNext(255)) - client-54CC064C3FCE->8224e767-71c1-41fc-a01a-d172d48fd9d8: receive RaftClientReply:client-54CC064C3FCE->8224e767-71c1-41fc-a01a-d172d48fd9d8@group-F6B37CC92441, cid=773, SUCCESS, logIndex=980, commits[8224e767-71c1-41fc-a01a-d172d48fd9d8:c981, 6eae0c21-01aa-4169-956f-5952b26ea7ba:c979, 8d7dcba1-3b82-4d94-a832-514ef5c79cf8:c979]
2019-08-21 02:17:11,854 [grpc-default-executor-4] INFO  client.GrpcClientProtocolClient (GrpcClientProtocolClient.java:onNext(255)) - client-54CC064C3FCE->8224e767-71c1-41fc-a01a-d172d48fd9d8: receive RaftClientReply:client-54CC064C3FCE->8224e767-71c1-41fc-a01a-d172d48fd9d8@group-F6B37CC92441, cid=774, SUCCESS, logIndex=981, commits[8224e767-71c1-41fc-a01a-d172d48fd9d8:c981, 6eae0c21-01aa-4169-956f-5952b26ea7ba:c979, 8d7dcba1-3b82-4d94-a832-514ef5c79cf8:c979]
2019-08-21 02:17:11,862 | INFO  | DNAudit | user=null | ip=null | op=WRITE_CHUNK {blockData=conID: 3 locID: 102652564581581220 bcsId: 981} | ret=SUCCESS |  
2019-08-21 02:17:11,864 | INFO  | DNAudit | user=null | ip=null | op=WRITE_CHUNK {blockData=conID: 3 locID: 102652564581581220 bcsId: 981} | ret=SUCCESS |  
2019-08-21 02:17:11,865 | INFO  | DNAudit | user=null | ip=null | op=WRITE_CHUNK {blockData=conID: 3 locID: 102652564581581220 bcsId: 975} | ret=SUCCESS |  
2019-08-21 02:17:11,865 | INFO  | DNAudit | user=null | ip=null | op=WRITE_CHUNK {blockData=conID: 3 locID: 102652564581581220 bcsId: 975} | ret=SUCCESS |  
2019-08-21 02:17:11,865 | INFO  | DNAudit | user=null | ip=null | op=WRITE_CHUNK {blockData=conID: 3 locID: 102652564581581220 bcsId: 981} | ret=SUCCESS |  
2019-08-21 02:17:11,866 | INFO  | DNAudit | user=null | ip=null | op=PUT_BLOCK {blockData=[blockId=conID: 3 locID: 102652564581581220 bcsId: 0,size=3145728]} | ret=SUCCESS |  
2019-08-21 02:17:11,866 | INFO  | DNAudit | user=null | ip=null | op=WRITE_CHUNK {blockData=conID: 3 locID: 102652564581581220 bcsId: 981} | ret=SUCCESS |  
2019-08-21 02:17:11,867 | INFO  | DNAudit | user=null | ip=null | op=PUT_BLOCK {blockData=[blockId=conID: 3 locID: 102652564581581220 bcsId: 0,size=3145728]} | ret=SUCCESS |  
2019-08-21 02:17:11,867 | INFO  | DNAudit | user=null | ip=null | op=PUT_BLOCK {blockData=[blockId=conID: 3 locID: 102652564581581220 bcsId: 0,size=4194304]} | ret=SUCCESS |  
2019-08-21 02:17:11,867 [grpc-default-executor-4] INFO  client.GrpcClientProtocolClient (GrpcClientProtocolClient.java:onNext(255)) - client-54CC064C3FCE->8224e767-71c1-41fc-a01a-d172d48fd9d8: receive RaftClientReply:client-54CC064C3FCE->8224e767-71c1-41fc-a01a-d172d48fd9d8@group-F6B37CC92441, cid=775, SUCCESS, logIndex=984, commits[8224e767-71c1-41fc-a01a-d172d48fd9d8:c985, 6eae0c21-01aa-4169-956f-5952b26ea7ba:c981, 8d7dcba1-3b82-4d94-a832-514ef5c79cf8:c980]
2019-08-21 02:17:11,868 | INFO  | DNAudit | user=null | ip=null | op=WRITE_CHUNK {blockData=conID: 3 locID: 102652564581581220 bcsId: 981} | ret=SUCCESS |  
2019-08-21 02:17:11,868 [grpc-default-executor-4] INFO  client.GrpcClientProtocolClient (GrpcClientProtocolClient.java:onNext(255)) - client-54CC064C3FCE->8224e767-71c1-41fc-a01a-d172d48fd9d8: receive RaftClientReply:client-54CC064C3FCE->8224e767-71c1-41fc-a01a-d172d48fd9d8@group-F6B37CC92441, cid=776, SUCCESS, logIndex=985, commits[8224e767-71c1-41fc-a01a-d172d48fd9d8:c985, 6eae0c21-01aa-4169-956f-5952b26ea7ba:c981, 8d7dcba1-3b82-4d94-a832-514ef5c79cf8:c981]
2019-08-21 02:17:11,868 | INFO  | DNAudit | user=null | ip=null | op=WRITE_CHUNK {blockData=conID: 3 locID: 102652564581581220 bcsId: 981} | ret=SUCCESS |  
2019-08-21 02:17:11,870 | INFO  | DNAudit | user=null | ip=null | op=PUT_BLOCK {blockData=[blockId=conID: 3 locID: 102652564581581220 bcsId: 0,size=4194304]} | ret=SUCCESS |  
2019-08-21 02:17:11,871 | INFO  | DNAudit | user=null | ip=null | op=PUT_BLOCK {blockData=[blockId=conID: 3 locID: 102652564581581220 bcsId: 0,size=4194304]} | ret=SUCCESS |  
2019-08-21 02:17:11,872 [grpc-default-executor-2] INFO  client.GrpcClientProtocolClient (GrpcClientProtocolClient.java:onNext(255)) - client-54CC064C3FCE->8224e767-71c1-41fc-a01a-d172d48fd9d8: receive RaftClientReply:client-54CC064C3FCE->8224e767-71c1-41fc-a01a-d172d48fd9d8@group-F6B37CC92441, cid=777, SUCCESS, logIndex=0, commits[8224e767-71c1-41fc-a01a-d172d48fd9d8:c986, 6eae0c21-01aa-4169-956f-5952b26ea7ba:c985, 8d7dcba1-3b82-4d94-a832-514ef5c79cf8:c985]
2019-08-21 02:17:11,880 | INFO  | DNAudit | user=null | ip=null | op=WRITE_CHUNK {blockData=conID: 1 locID: 102652564581581221 bcsId: 0} | ret=SUCCESS |  
2019-08-21 02:17:11,883 | INFO  | DNAudit | user=null | ip=null | op=WRITE_CHUNK {blockData=conID: 1 locID: 102652564581581221 bcsId: 0} | ret=SUCCESS |  
2019-08-21 02:17:11,883 | INFO  | DNAudit | user=null | ip=null | op=WRITE_CHUNK {blockData=conID: 1 locID: 102652564581581221 bcsId: 0} | ret=SUCCESS |  
2019-08-21 02:17:11,884 | INFO  | DNAudit | user=null | ip=null | op=WRITE_CHUNK {blockData=conID: 1 locID: 102652564581581221 bcsId: 0} | ret=SUCCESS |  
2019-08-21 02:17:11,886 | INFO  | DNAudit | user=null | ip=null | op=WRITE_CHUNK {blockData=conID: 1 locID: 102652564581581221 bcsId: 0} | ret=SUCCESS |  
2019-08-21 02:17:11,886 | INFO  | DNAudit | user=null | ip=null | op=WRITE_CHUNK {blockData=conID: 1 locID: 102652564581581221 bcsId: 0} | ret=SUCCESS |  
2019-08-21 02:17:11,893 | INFO  | DNAudit | user=null | ip=null | op=WRITE_CHUNK {blockData=conID: 1 locID: 102652564581581221 bcsId: 0} | ret=SUCCESS |  
2019-08-21 02:17:11,894 | INFO  | DNAudit | user=null | ip=null | op=PUT_BLOCK {blockData=[blockId=conID: 1 locID: 102652564581581221 bcsId: 0,size=1048576]} | ret=SUCCESS |  
2019-08-21 02:17:11,894 | INFO  | DNAudit | user=null | ip=null | op=WRITE_CHUNK {blockData=conID: 1 locID: 102652564581581221 bcsId: 0} | ret=SUCCESS |  
2019-08-21 02:17:11,894 | INFO  | DNAudit | user=null | ip=null | op=PUT_BLOCK {blockData=[blockId=conID: 1 locID: 102652564581581221 bcsId: 0,size=2097152]} | ret=SUCCESS |  
2019-08-21 02:17:11,895 | INFO  | DNAudit | user=null | ip=null | op=WRITE_CHUNK {blockData=conID: 1 locID: 102652564581581221 bcsId: 0} | ret=SUCCESS |  
2019-08-21 02:17:11,894 [grpc-default-executor-4] INFO  client.GrpcClientProtocolClient (GrpcClientProtocolClient.java:onNext(255)) - client-54CC064C3FCE->8224e767-71c1-41fc-a01a-d172d48fd9d8: receive RaftClientReply:client-54CC064C3FCE->8224e767-71c1-41fc-a01a-d172d48fd9d8@group-F6B37CC92441, cid=778, SUCCESS, logIndex=988, commits[8224e767-71c1-41fc-a01a-d172d48fd9d8:c989, 6eae0c21-01aa-4169-956f-5952b26ea7ba:c987, 8d7dcba1-3b82-4d94-a832-514ef5c79cf8:c987]
2019-08-21 02:17:11,895 | INFO  | DNAudit | user=null | ip=null | op=PUT_BLOCK {blockData=[blockId=conID: 1 locID: 102652564581581221 bcsId: 0,size=1048576]} | ret=SUCCESS |  
2019-08-21 02:17:11,895 | INFO  | DNAudit | user=null | ip=null | op=WRITE_CHUNK {blockData=conID: 1 locID: 102652564581581221 bcsId: 0} | ret=SUCCESS |  
2019-08-21 02:17:11,895 [grpc-default-executor-4] INFO  client.GrpcClientProtocolClient (GrpcClientProtocolClient.java:onNext(255)) - client-54CC064C3FCE->8224e767-71c1-41fc-a01a-d172d48fd9d8: receive RaftClientReply:client-54CC064C3FCE->8224e767-71c1-41fc-a01a-d172d48fd9d8@group-F6B37CC92441, cid=779, SUCCESS, logIndex=989, commits[8224e767-71c1-41fc-a01a-d172d48fd9d8:c990, 6eae0c21-01aa-4169-956f-5952b26ea7ba:c987, 8d7dcba1-3b82-4d94-a832-514ef5c79cf8:c987]
2019-08-21 02:17:11,896 [grpc-default-executor-4] INFO  client.GrpcClientProtocolClient (GrpcClientProtocolClient.java:onNext(255)) - client-54CC064C3FCE->8224e767-71c1-41fc-a01a-d172d48fd9d8: receive RaftClientReply:client-54CC064C3FCE->8224e767-71c1-41fc-a01a-d172d48fd9d8@group-F6B37CC92441, cid=780, SUCCESS, logIndex=990, commits[8224e767-71c1-41fc-a01a-d172d48fd9d8:c991, 6eae0c21-01aa-4169-956f-5952b26ea7ba:c987, 8d7dcba1-3b82-4d94-a832-514ef5c79cf8:c987]
2019-08-21 02:17:11,896 | INFO  | DNAudit | user=null | ip=null | op=PUT_BLOCK {blockData=[blockId=conID: 1 locID: 102652564581581221 bcsId: 0,size=1048576]} | ret=SUCCESS |  
2019-08-21 02:17:11,896 | INFO  | DNAudit | user=null | ip=null | op=WRITE_CHUNK {blockData=conID: 1 locID: 102652564581581221 bcsId: 0} | ret=SUCCESS |  
2019-08-21 02:17:11,896 [grpc-default-executor-4] INFO  client.GrpcClientProtocolClient (GrpcClientProtocolClient.java:onNext(255)) - client-54CC064C3FCE->8224e767-71c1-41fc-a01a-d172d48fd9d8: receive RaftClientReply:client-54CC064C3FCE->8224e767-71c1-41fc-a01a-d172d48fd9d8@group-F6B37CC92441, cid=781, SUCCESS, logIndex=991, commits[8224e767-71c1-41fc-a01a-d172d48fd9d8:c991, 6eae0c21-01aa-4169-956f-5952b26ea7ba:c987, 8d7dcba1-3b82-4d94-a832-514ef5c79cf8:c988]
2019-08-21 02:17:11,896 | INFO  | DNAudit | user=null | ip=null | op=PUT_BLOCK {blockData=[blockId=conID: 1 locID: 102652564581581221 bcsId: 0,size=2097152]} | ret=SUCCESS |  
2019-08-21 02:17:11,896 | INFO  | DNAudit | user=null | ip=null | op=WRITE_CHUNK {blockData=conID: 1 locID: 102652564581581221 bcsId: 0} | ret=SUCCESS |  
2019-08-21 02:17:11,897 | INFO  | DNAudit | user=null | ip=null | op=PUT_BLOCK {blockData=[blockId=conID: 1 locID: 102652564581581221 bcsId: 0,size=2097152]} | ret=SUCCESS |  
2019-08-21 02:17:11,897 [grpc-default-executor-2] INFO  client.GrpcClientProtocolClient (GrpcClientProtocolClient.java:onNext(255)) - client-54CC064C3FCE->8224e767-71c1-41fc-a01a-d172d48fd9d8: receive RaftClientReply:client-54CC064C3FCE->8224e767-71c1-41fc-a01a-d172d48fd9d8@group-F6B37CC92441, cid=782, SUCCESS, logIndex=0, commits[8224e767-71c1-41fc-a01a-d172d48fd9d8:c995, 6eae0c21-01aa-4169-956f-5952b26ea7ba:c991, 8d7dcba1-3b82-4d94-a832-514ef5c79cf8:c991]
2019-08-21 02:17:11,904 | INFO  | DNAudit | user=null | ip=null | op=WRITE_CHUNK {blockData=conID: 1 locID: 102652564581581221 bcsId: 991} | ret=SUCCESS |  
2019-08-21 02:17:11,907 | INFO  | DNAudit | user=null | ip=null | op=WRITE_CHUNK {blockData=conID: 1 locID: 102652564581581221 bcsId: 991} | ret=SUCCESS |  
2019-08-21 02:17:11,908 | INFO  | DNAudit | user=null | ip=null | op=WRITE_CHUNK {blockData=conID: 1 locID: 102652564581581221 bcsId: 991} | ret=SUCCESS |  
2019-08-21 02:17:11,916 | INFO  | DNAudit | user=null | ip=null | op=WRITE_CHUNK {blockData=conID: 1 locID: 102652564581581221 bcsId: 991} | ret=SUCCESS |  
2019-08-21 02:17:11,917 | INFO  | DNAudit | user=null | ip=null | op=PUT_BLOCK {blockData=[blockId=conID: 1 locID: 102652564581581221 bcsId: 0,size=3145728]} | ret=SUCCESS |  
2019-08-21 02:17:11,917 [grpc-default-executor-2] INFO  client.GrpcClientProtocolClient (GrpcClientProtocolClient.java:onNext(255)) - client-54CC064C3FCE->8224e767-71c1-41fc-a01a-d172d48fd9d8: receive RaftClientReply:client-54CC064C3FCE->8224e767-71c1-41fc-a01a-d172d48fd9d8@group-F6B37CC92441, cid=783, SUCCESS, logIndex=996, commits[8224e767-71c1-41fc-a01a-d172d48fd9d8:c997, 6eae0c21-01aa-4169-956f-5952b26ea7ba:c995, 8d7dcba1-3b82-4d94-a832-514ef5c79cf8:c995]
2019-08-21 02:17:11,917 [grpc-default-executor-2] INFO  client.GrpcClientProtocolClient (GrpcClientProtocolClient.java:onNext(255)) - client-54CC064C3FCE->8224e767-71c1-41fc-a01a-d172d48fd9d8: receive RaftClientReply:client-54CC064C3FCE->8224e767-71c1-41fc-a01a-d172d48fd9d8@group-F6B37CC92441, cid=784, SUCCESS, logIndex=997, commits[8224e767-71c1-41fc-a01a-d172d48fd9d8:c997, 6eae0c21-01aa-4169-956f-5952b26ea7ba:c995, 8d7dcba1-3b82-4d94-a832-514ef5c79cf8:c995]
2019-08-21 02:17:11,925 | INFO  | DNAudit | user=null | ip=null | op=WRITE_CHUNK {blockData=conID: 1 locID: 102652564581581221 bcsId: 997} | ret=SUCCESS |  
2019-08-21 02:17:11,928 | INFO  | DNAudit | user=null | ip=null | op=WRITE_CHUNK {blockData=conID: 1 locID: 102652564581581221 bcsId: 997} | ret=SUCCESS |  
2019-08-21 02:17:11,928 | INFO  | DNAudit | user=null | ip=null | op=WRITE_CHUNK {blockData=conID: 1 locID: 102652564581581221 bcsId: 991} | ret=SUCCESS |  
2019-08-21 02:17:11,928 | INFO  | DNAudit | user=null | ip=null | op=WRITE_CHUNK {blockData=conID: 1 locID: 102652564581581221 bcsId: 991} | ret=SUCCESS |  
2019-08-21 02:17:11,928 | INFO  | DNAudit | user=null | ip=null | op=WRITE_CHUNK {blockData=conID: 1 locID: 102652564581581221 bcsId: 997} | ret=SUCCESS |  
2019-08-21 02:17:11,929 | INFO  | DNAudit | user=null | ip=null | op=PUT_BLOCK {blockData=[blockId=conID: 1 locID: 102652564581581221 bcsId: 0,size=3145728]} | ret=SUCCESS |  
2019-08-21 02:17:11,929 | INFO  | DNAudit | user=null | ip=null | op=WRITE_CHUNK {blockData=conID: 1 locID: 102652564581581221 bcsId: 997} | ret=SUCCESS |  
2019-08-21 02:17:11,929 | INFO  | DNAudit | user=null | ip=null | op=PUT_BLOCK {blockData=[blockId=conID: 1 locID: 102652564581581221 bcsId: 0,size=3145728]} | ret=SUCCESS |  
2019-08-21 02:17:11,930 | INFO  | DNAudit | user=null | ip=null | op=PUT_BLOCK {blockData=[blockId=conID: 1 locID: 102652564581581221 bcsId: 0,size=4194304]} | ret=SUCCESS |  
2019-08-21 02:17:11,930 [grpc-default-executor-4] INFO  client.GrpcClientProtocolClient (GrpcClientProtocolClient.java:onNext(255)) - client-54CC064C3FCE->8224e767-71c1-41fc-a01a-d172d48fd9d8: receive RaftClientReply:client-54CC064C3FCE->8224e767-71c1-41fc-a01a-d172d48fd9d8@group-F6B37CC92441, cid=785, SUCCESS, logIndex=1000, commits[8224e767-71c1-41fc-a01a-d172d48fd9d8:c1001, 6eae0c21-01aa-4169-956f-5952b26ea7ba:c996, 8d7dcba1-3b82-4d94-a832-514ef5c79cf8:c997]
2019-08-21 02:17:11,931 | INFO  | DNAudit | user=null | ip=null | op=WRITE_CHUNK {blockData=conID: 1 locID: 102652564581581221 bcsId: 997} | ret=SUCCESS |  
2019-08-21 02:17:11,931 [grpc-default-executor-4] INFO  client.GrpcClientProtocolClient (GrpcClientProtocolClient.java:onNext(255)) - client-54CC064C3FCE->8224e767-71c1-41fc-a01a-d172d48fd9d8: receive RaftClientReply:client-54CC064C3FCE->8224e767-71c1-41fc-a01a-d172d48fd9d8@group-F6B37CC92441, cid=786, SUCCESS, logIndex=1001, commits[8224e767-71c1-41fc-a01a-d172d48fd9d8:c1001, 6eae0c21-01aa-4169-956f-5952b26ea7ba:c997, 8d7dcba1-3b82-4d94-a832-514ef5c79cf8:c997]
2019-08-21 02:17:11,931 | INFO  | DNAudit | user=null | ip=null | op=WRITE_CHUNK {blockData=conID: 1 locID: 102652564581581221 bcsId: 997} | ret=SUCCESS |  
2019-08-21 02:17:11,932 | INFO  | DNAudit | user=null | ip=null | op=PUT_BLOCK {blockData=[blockId=conID: 1 locID: 102652564581581221 bcsId: 0,size=4194304]} | ret=SUCCESS |  
2019-08-21 02:17:11,932 | INFO  | DNAudit | user=null | ip=null | op=PUT_BLOCK {blockData=[blockId=conID: 1 locID: 102652564581581221 bcsId: 0,size=4194304]} | ret=SUCCESS |  
2019-08-21 02:17:11,933 [grpc-default-executor-4] INFO  client.GrpcClientProtocolClient (GrpcClientProtocolClient.java:onNext(255)) - client-54CC064C3FCE->8224e767-71c1-41fc-a01a-d172d48fd9d8: receive RaftClientReply:client-54CC064C3FCE->8224e767-71c1-41fc-a01a-d172d48fd9d8@group-F6B37CC92441, cid=787, SUCCESS, logIndex=0, commits[8224e767-71c1-41fc-a01a-d172d48fd9d8:c1003, 6eae0c21-01aa-4169-956f-5952b26ea7ba:c1001, 8d7dcba1-3b82-4d94-a832-514ef5c79cf8:c1001]
2019-08-21 02:17:11,941 | INFO  | DNAudit | user=null | ip=null | op=WRITE_CHUNK {blockData=conID: 2 locID: 102652564581581222 bcsId: 0} | ret=SUCCESS |  
2019-08-21 02:17:11,943 | INFO  | DNAudit | user=null | ip=null | op=WRITE_CHUNK {blockData=conID: 2 locID: 102652564581581222 bcsId: 0} | ret=SUCCESS |  
2019-08-21 02:17:11,943 | INFO  | DNAudit | user=null | ip=null | op=WRITE_CHUNK {blockData=conID: 2 locID: 102652564581581222 bcsId: 0} | ret=SUCCESS |  
2019-08-21 02:17:11,943 | INFO  | DNAudit | user=null | ip=null | op=WRITE_CHUNK {blockData=conID: 2 locID: 102652564581581222 bcsId: 0} | ret=SUCCESS |  
2019-08-21 02:17:11,946 | INFO  | DNAudit | user=null | ip=null | op=WRITE_CHUNK {blockData=conID: 2 locID: 102652564581581222 bcsId: 0} | ret=SUCCESS |  
2019-08-21 02:17:11,946 | INFO  | DNAudit | user=null | ip=null | op=WRITE_CHUNK {blockData=conID: 2 locID: 102652564581581222 bcsId: 0} | ret=SUCCESS |  
2019-08-21 02:17:11,954 | INFO  | DNAudit | user=null | ip=null | op=WRITE_CHUNK {blockData=conID: 2 locID: 102652564581581222 bcsId: 0} | ret=SUCCESS |  
2019-08-21 02:17:11,954 | INFO  | DNAudit | user=null | ip=null | op=PUT_BLOCK {blockData=[blockId=conID: 2 locID: 102652564581581222 bcsId: 0,size=1048576]} | ret=SUCCESS |  
2019-08-21 02:17:11,955 [grpc-default-executor-2] INFO  client.GrpcClientProtocolClient (GrpcClientProtocolClient.java:onNext(255)) - client-54CC064C3FCE->8224e767-71c1-41fc-a01a-d172d48fd9d8: receive RaftClientReply:client-54CC064C3FCE->8224e767-71c1-41fc-a01a-d172d48fd9d8@group-F6B37CC92441, cid=788, SUCCESS, logIndex=1004, commits[8224e767-71c1-41fc-a01a-d172d48fd9d8:c1005, 6eae0c21-01aa-4169-956f-5952b26ea7ba:c1003, 8d7dcba1-3b82-4d94-a832-514ef5c79cf8:c1003]
2019-08-21 02:17:11,955 | INFO  | DNAudit | user=null | ip=null | op=WRITE_CHUNK {blockData=conID: 2 locID: 102652564581581222 bcsId: 0} | ret=SUCCESS |  
2019-08-21 02:17:11,955 | INFO  | DNAudit | user=null | ip=null | op=PUT_BLOCK {blockData=[blockId=conID: 2 locID: 102652564581581222 bcsId: 0,size=2097152]} | ret=SUCCESS |  
2019-08-21 02:17:11,955 [grpc-default-executor-4] INFO  client.GrpcClientProtocolClient (GrpcClientProtocolClient.java:onNext(255)) - client-54CC064C3FCE->8224e767-71c1-41fc-a01a-d172d48fd9d8: receive RaftClientReply:client-54CC064C3FCE->8224e767-71c1-41fc-a01a-d172d48fd9d8@group-F6B37CC92441, cid=789, SUCCESS, logIndex=1005, commits[8224e767-71c1-41fc-a01a-d172d48fd9d8:c1005, 6eae0c21-01aa-4169-956f-5952b26ea7ba:c1003, 8d7dcba1-3b82-4d94-a832-514ef5c79cf8:c1003]
2019-08-21 02:17:11,955 | INFO  | DNAudit | user=null | ip=null | op=WRITE_CHUNK {blockData=conID: 2 locID: 102652564581581222 bcsId: 0} | ret=SUCCESS |  
2019-08-21 02:17:11,955 [grpc-default-executor-4] INFO  client.GrpcClientProtocolClient (GrpcClientProtocolClient.java:onNext(255)) - client-54CC064C3FCE->8224e767-71c1-41fc-a01a-d172d48fd9d8: receive RaftClientReply:client-54CC064C3FCE->8224e767-71c1-41fc-a01a-d172d48fd9d8@group-F6B37CC92441, cid=790, SUCCESS, logIndex=1006, commits[8224e767-71c1-41fc-a01a-d172d48fd9d8:c1007, 6eae0c21-01aa-4169-956f-5952b26ea7ba:c1003, 8d7dcba1-3b82-4d94-a832-514ef5c79cf8:c1003]
2019-08-21 02:17:11,956 | INFO  | DNAudit | user=null | ip=null | op=PUT_BLOCK {blockData=[blockId=conID: 2 locID: 102652564581581222 bcsId: 0,size=1048576]} | ret=SUCCESS |  
2019-08-21 02:17:11,956 | INFO  | DNAudit | user=null | ip=null | op=WRITE_CHUNK {blockData=conID: 2 locID: 102652564581581222 bcsId: 0} | ret=SUCCESS |  
2019-08-21 02:17:11,957 [grpc-default-executor-4] INFO  client.GrpcClientProtocolClient (GrpcClientProtocolClient.java:onNext(255)) - client-54CC064C3FCE->8224e767-71c1-41fc-a01a-d172d48fd9d8: receive RaftClientReply:client-54CC064C3FCE->8224e767-71c1-41fc-a01a-d172d48fd9d8@group-F6B37CC92441, cid=791, SUCCESS, logIndex=1007, commits[8224e767-71c1-41fc-a01a-d172d48fd9d8:c1007, 6eae0c21-01aa-4169-956f-5952b26ea7ba:c1003, 8d7dcba1-3b82-4d94-a832-514ef5c79cf8:c1003]
2019-08-21 02:17:11,957 | INFO  | DNAudit | user=null | ip=null | op=PUT_BLOCK {blockData=[blockId=conID: 2 locID: 102652564581581222 bcsId: 0,size=1048576]} | ret=SUCCESS |  
2019-08-21 02:17:11,957 | INFO  | DNAudit | user=null | ip=null | op=WRITE_CHUNK {blockData=conID: 2 locID: 102652564581581222 bcsId: 0} | ret=SUCCESS |  
2019-08-21 02:17:11,957 | INFO  | DNAudit | user=null | ip=null | op=PUT_BLOCK {blockData=[blockId=conID: 2 locID: 102652564581581222 bcsId: 0,size=2097152]} | ret=SUCCESS |  
2019-08-21 02:17:11,958 [grpc-default-executor-2] INFO  client.GrpcClientProtocolClient (GrpcClientProtocolClient.java:onNext(255)) - client-54CC064C3FCE->8224e767-71c1-41fc-a01a-d172d48fd9d8: receive RaftClientReply:client-54CC064C3FCE->8224e767-71c1-41fc-a01a-d172d48fd9d8@group-F6B37CC92441, cid=792, SUCCESS, logIndex=0, commits[8224e767-71c1-41fc-a01a-d172d48fd9d8:c1010, 6eae0c21-01aa-4169-956f-5952b26ea7ba:c1007, 8d7dcba1-3b82-4d94-a832-514ef5c79cf8:c1005]
2019-08-21 02:17:11,958 | INFO  | DNAudit | user=null | ip=null | op=WRITE_CHUNK {blockData=conID: 2 locID: 102652564581581222 bcsId: 0} | ret=SUCCESS |  
2019-08-21 02:17:11,958 | INFO  | DNAudit | user=null | ip=null | op=PUT_BLOCK {blockData=[blockId=conID: 2 locID: 102652564581581222 bcsId: 0,size=2097152]} | ret=SUCCESS |  
2019-08-21 02:17:11,965 | INFO  | DNAudit | user=null | ip=null | op=WRITE_CHUNK {blockData=conID: 2 locID: 102652564581581222 bcsId: 1007} | ret=SUCCESS |  
2019-08-21 02:17:11,968 | INFO  | DNAudit | user=null | ip=null | op=WRITE_CHUNK {blockData=conID: 2 locID: 102652564581581222 bcsId: 1007} | ret=SUCCESS |  
2019-08-21 02:17:11,971 | INFO  | DNAudit | user=null | ip=null | op=WRITE_CHUNK {blockData=conID: 2 locID: 102652564581581222 bcsId: 1007} | ret=SUCCESS |  
2019-08-21 02:17:11,977 | INFO  | DNAudit | user=null | ip=null | op=WRITE_CHUNK {blockData=conID: 2 locID: 102652564581581222 bcsId: 1007} | ret=SUCCESS |  
2019-08-21 02:17:11,978 | INFO  | DNAudit | user=null | ip=null | op=PUT_BLOCK {blockData=[blockId=conID: 2 locID: 102652564581581222 bcsId: 0,size=3145728]} | ret=SUCCESS |  
2019-08-21 02:17:11,978 [grpc-default-executor-2] INFO  client.GrpcClientProtocolClient (GrpcClientProtocolClient.java:onNext(255)) - client-54CC064C3FCE->8224e767-71c1-41fc-a01a-d172d48fd9d8: receive RaftClientReply:client-54CC064C3FCE->8224e767-71c1-41fc-a01a-d172d48fd9d8@group-F6B37CC92441, cid=793, SUCCESS, logIndex=1011, commits[8224e767-71c1-41fc-a01a-d172d48fd9d8:c1012, 6eae0c21-01aa-4169-956f-5952b26ea7ba:c1010, 8d7dcba1-3b82-4d94-a832-514ef5c79cf8:c1010]
2019-08-21 02:17:11,979 [grpc-default-executor-2] INFO  client.GrpcClientProtocolClient (GrpcClientProtocolClient.java:onNext(255)) - client-54CC064C3FCE->8224e767-71c1-41fc-a01a-d172d48fd9d8: receive RaftClientReply:client-54CC064C3FCE->8224e767-71c1-41fc-a01a-d172d48fd9d8@group-F6B37CC92441, cid=794, SUCCESS, logIndex=1012, commits[8224e767-71c1-41fc-a01a-d172d48fd9d8:c1012, 6eae0c21-01aa-4169-956f-5952b26ea7ba:c1010, 8d7dcba1-3b82-4d94-a832-514ef5c79cf8:c1010]
2019-08-21 02:17:11,987 | INFO  | DNAudit | user=null | ip=null | op=WRITE_CHUNK {blockData=conID: 2 locID: 102652564581581222 bcsId: 1012} | ret=SUCCESS |  
2019-08-21 02:17:11,988 | INFO  | DNAudit | user=null | ip=null | op=WRITE_CHUNK {blockData=conID: 2 locID: 102652564581581222 bcsId: 1012} | ret=SUCCESS |  
2019-08-21 02:17:11,988 | INFO  | DNAudit | user=null | ip=null | op=WRITE_CHUNK {blockData=conID: 2 locID: 102652564581581222 bcsId: 1012} | ret=SUCCESS |  
2019-08-21 02:17:11,989 | INFO  | DNAudit | user=null | ip=null | op=WRITE_CHUNK {blockData=conID: 2 locID: 102652564581581222 bcsId: 1007} | ret=SUCCESS |  
2019-08-21 02:17:11,989 | INFO  | DNAudit | user=null | ip=null | op=WRITE_CHUNK {blockData=conID: 2 locID: 102652564581581222 bcsId: 1007} | ret=SUCCESS |  
2019-08-21 02:17:11,990 | INFO  | DNAudit | user=null | ip=null | op=PUT_BLOCK {blockData=[blockId=conID: 2 locID: 102652564581581222 bcsId: 0,size=3145728]} | ret=SUCCESS |  
2019-08-21 02:17:11,990 | INFO  | DNAudit | user=null | ip=null | op=PUT_BLOCK {blockData=[blockId=conID: 2 locID: 102652564581581222 bcsId: 0,size=3145728]} | ret=SUCCESS |  
2019-08-21 02:17:11,993 | INFO  | DNAudit | user=null | ip=null | op=WRITE_CHUNK {blockData=conID: 2 locID: 102652564581581222 bcsId: 1012} | ret=SUCCESS |  
2019-08-21 02:17:11,993 | INFO  | DNAudit | user=null | ip=null | op=PUT_BLOCK {blockData=[blockId=conID: 2 locID: 102652564581581222 bcsId: 0,size=4194304]} | ret=SUCCESS |  
2019-08-21 02:17:11,994 [grpc-default-executor-4] INFO  client.GrpcClientProtocolClient (GrpcClientProtocolClient.java:onNext(255)) - client-54CC064C3FCE->8224e767-71c1-41fc-a01a-d172d48fd9d8: receive RaftClientReply:client-54CC064C3FCE->8224e767-71c1-41fc-a01a-d172d48fd9d8@group-F6B37CC92441, cid=795, SUCCESS, logIndex=1015, commits[8224e767-71c1-41fc-a01a-d172d48fd9d8:c1016, 6eae0c21-01aa-4169-956f-5952b26ea7ba:c1012, 8d7dcba1-3b82-4d94-a832-514ef5c79cf8:c1012]
2019-08-21 02:17:11,994 | INFO  | DNAudit | user=null | ip=null | op=WRITE_CHUNK {blockData=conID: 2 locID: 102652564581581222 bcsId: 1012} | ret=SUCCESS |  
2019-08-21 02:17:11,994 | INFO  | DNAudit | user=null | ip=null | op=WRITE_CHUNK {blockData=conID: 2 locID: 102652564581581222 bcsId: 1012} | ret=SUCCESS |  
2019-08-21 02:17:11,995 [grpc-default-executor-3] INFO  client.GrpcClientProtocolClient (GrpcClientProtocolClient.java:onNext(255)) - client-54CC064C3FCE->8224e767-71c1-41fc-a01a-d172d48fd9d8: receive RaftClientReply:client-54CC064C3FCE->8224e767-71c1-41fc-a01a-d172d48fd9d8@group-F6B37CC92441, cid=796, SUCCESS, logIndex=1016, commits[8224e767-71c1-41fc-a01a-d172d48fd9d8:c1016, 6eae0c21-01aa-4169-956f-5952b26ea7ba:c1012, 8d7dcba1-3b82-4d94-a832-514ef5c79cf8:c1012]
2019-08-21 02:17:11,995 | INFO  | DNAudit | user=null | ip=null | op=PUT_BLOCK {blockData=[blockId=conID: 2 locID: 102652564581581222 bcsId: 0,size=4194304]} | ret=SUCCESS |  
2019-08-21 02:17:11,998 | INFO  | DNAudit | user=null | ip=null | op=PUT_BLOCK {blockData=[blockId=conID: 2 locID: 102652564581581222 bcsId: 0,size=4194304]} | ret=SUCCESS |  
2019-08-21 02:17:11,998 [grpc-default-executor-4] INFO  client.GrpcClientProtocolClient (GrpcClientProtocolClient.java:onNext(255)) - client-54CC064C3FCE->8224e767-71c1-41fc-a01a-d172d48fd9d8: receive RaftClientReply:client-54CC064C3FCE->8224e767-71c1-41fc-a01a-d172d48fd9d8@group-F6B37CC92441, cid=797, SUCCESS, logIndex=0, commits[8224e767-71c1-41fc-a01a-d172d48fd9d8:c1018, 6eae0c21-01aa-4169-956f-5952b26ea7ba:c1016, 8d7dcba1-3b82-4d94-a832-514ef5c79cf8:c1016]
2019-08-21 02:17:12,006 | INFO  | DNAudit | user=null | ip=null | op=WRITE_CHUNK {blockData=conID: 3 locID: 102652564581646759 bcsId: 0} | ret=SUCCESS |  
2019-08-21 02:17:12,008 | INFO  | DNAudit | user=null | ip=null | op=WRITE_CHUNK {blockData=conID: 3 locID: 102652564581646759 bcsId: 0} | ret=SUCCESS |  
2019-08-21 02:17:12,009 | INFO  | DNAudit | user=null | ip=null | op=WRITE_CHUNK {blockData=conID: 3 locID: 102652564581646759 bcsId: 0} | ret=SUCCESS |  
2019-08-21 02:17:12,009 | INFO  | DNAudit | user=null | ip=null | op=WRITE_CHUNK {blockData=conID: 3 locID: 102652564581646759 bcsId: 0} | ret=SUCCESS |  
2019-08-21 02:17:12,011 | INFO  | DNAudit | user=null | ip=null | op=WRITE_CHUNK {blockData=conID: 3 locID: 102652564581646759 bcsId: 0} | ret=SUCCESS |  
2019-08-21 02:17:12,011 | INFO  | DNAudit | user=null | ip=null | op=PUT_BLOCK {blockData=[blockId=conID: 3 locID: 102652564581646759 bcsId: 0,size=1048576]} | ret=SUCCESS |  
2019-08-21 02:17:12,012 [grpc-default-executor-2] INFO  client.GrpcClientProtocolClient (GrpcClientProtocolClient.java:onNext(255)) - client-54CC064C3FCE->8224e767-71c1-41fc-a01a-d172d48fd9d8: receive RaftClientReply:client-54CC064C3FCE->8224e767-71c1-41fc-a01a-d172d48fd9d8@group-F6B37CC92441, cid=798, SUCCESS, logIndex=1019, commits[8224e767-71c1-41fc-a01a-d172d48fd9d8:c1020, 6eae0c21-01aa-4169-956f-5952b26ea7ba:c1018, 8d7dcba1-3b82-4d94-a832-514ef5c79cf8:c1018]
2019-08-21 02:17:12,012 [grpc-default-executor-2] INFO  client.GrpcClientProtocolClient (GrpcClientProtocolClient.java:onNext(255)) - client-54CC064C3FCE->8224e767-71c1-41fc-a01a-d172d48fd9d8: receive RaftClientReply:client-54CC064C3FCE->8224e767-71c1-41fc-a01a-d172d48fd9d8@group-F6B37CC92441, cid=799, SUCCESS, logIndex=1020, commits[8224e767-71c1-41fc-a01a-d172d48fd9d8:c1020, 6eae0c21-01aa-4169-956f-5952b26ea7ba:c1018, 8d7dcba1-3b82-4d94-a832-514ef5c79cf8:c1018]
2019-08-21 02:17:12,013 | INFO  | DNAudit | user=null | ip=null | op=WRITE_CHUNK {blockData=conID: 3 locID: 102652564581646759 bcsId: 0} | ret=SUCCESS |  
2019-08-21 02:17:12,013 | INFO  | DNAudit | user=null | ip=null | op=WRITE_CHUNK {blockData=conID: 3 locID: 102652564581646759 bcsId: 0} | ret=SUCCESS |  
2019-08-21 02:17:12,015 | INFO  | DNAudit | user=null | ip=null | op=WRITE_CHUNK {blockData=conID: 3 locID: 102652564581646759 bcsId: 0} | ret=SUCCESS |  
2019-08-21 02:17:12,015 | INFO  | DNAudit | user=null | ip=null | op=WRITE_CHUNK {blockData=conID: 3 locID: 102652564581646759 bcsId: 0} | ret=SUCCESS |  
2019-08-21 02:17:12,015 | INFO  | DNAudit | user=null | ip=null | op=PUT_BLOCK {blockData=[blockId=conID: 3 locID: 102652564581646759 bcsId: 0,size=1048576]} | ret=SUCCESS |  
2019-08-21 02:17:12,015 | INFO  | DNAudit | user=null | ip=null | op=PUT_BLOCK {blockData=[blockId=conID: 3 locID: 102652564581646759 bcsId: 0,size=2097152]} | ret=SUCCESS |  
2019-08-21 02:17:12,015 [grpc-default-executor-2] INFO  client.GrpcClientProtocolClient (GrpcClientProtocolClient.java:onNext(255)) - client-54CC064C3FCE->8224e767-71c1-41fc-a01a-d172d48fd9d8: receive RaftClientReply:client-54CC064C3FCE->8224e767-71c1-41fc-a01a-d172d48fd9d8@group-F6B37CC92441, cid=800, SUCCESS, logIndex=1021, commits[8224e767-71c1-41fc-a01a-d172d48fd9d8:c1023, 6eae0c21-01aa-4169-956f-5952b26ea7ba:c1020, 8d7dcba1-3b82-4d94-a832-514ef5c79cf8:c1018]
2019-08-21 02:17:12,016 [grpc-default-executor-2] INFO  client.GrpcClientProtocolClient (GrpcClientProtocolClient.java:onNext(255)) - client-54CC064C3FCE->8224e767-71c1-41fc-a01a-d172d48fd9d8: receive RaftClientReply:client-54CC064C3FCE->8224e767-71c1-41fc-a01a-d172d48fd9d8@group-F6B37CC92441, cid=801, SUCCESS, logIndex=1022, commits[8224e767-71c1-41fc-a01a-d172d48fd9d8:c1024, 6eae0c21-01aa-4169-956f-5952b26ea7ba:c1020, 8d7dcba1-3b82-4d94-a832-514ef5c79cf8:c1018]
2019-08-21 02:17:12,031 | INFO  | DNAudit | user=null | ip=null | op=WRITE_CHUNK {blockData=conID: 3 locID: 102652564581646759 bcsId: 0} | ret=SUCCESS |  
2019-08-21 02:17:12,031 | INFO  | DNAudit | user=null | ip=null | op=PUT_BLOCK {blockData=[blockId=conID: 3 locID: 102652564581646759 bcsId: 0,size=1048576]} | ret=SUCCESS |  
2019-08-21 02:17:12,033 | INFO  | DNAudit | user=null | ip=null | op=WRITE_CHUNK {blockData=conID: 3 locID: 102652564581646759 bcsId: 0} | ret=SUCCESS |  
2019-08-21 02:17:12,033 | INFO  | DNAudit | user=null | ip=null | op=WRITE_CHUNK {blockData=conID: 3 locID: 102652564581646759 bcsId: 0} | ret=SUCCESS |  
2019-08-21 02:17:12,033 | INFO  | DNAudit | user=null | ip=null | op=PUT_BLOCK {blockData=[blockId=conID: 3 locID: 102652564581646759 bcsId: 0,size=2097152]} | ret=SUCCESS |  
2019-08-21 02:17:12,033 | INFO  | DNAudit | user=null | ip=null | op=PUT_BLOCK {blockData=[blockId=conID: 3 locID: 102652564581646759 bcsId: 0,size=2097152]} | ret=SUCCESS |  
2019-08-21 02:17:12,033 [grpc-default-executor-2] INFO  client.GrpcClientProtocolClient (GrpcClientProtocolClient.java:onNext(255)) - client-54CC064C3FCE->8224e767-71c1-41fc-a01a-d172d48fd9d8: receive RaftClientReply:client-54CC064C3FCE->8224e767-71c1-41fc-a01a-d172d48fd9d8@group-F6B37CC92441, cid=802, SUCCESS, logIndex=0, commits[8224e767-71c1-41fc-a01a-d172d48fd9d8:c1024, 6eae0c21-01aa-4169-956f-5952b26ea7ba:c1020, 8d7dcba1-3b82-4d94-a832-514ef5c79cf8:c1020]
2019-08-21 02:17:12,034 | INFO  | SCMAudit | user=jenkins1000 | ip=192.168.34.10 | op=SEND_HEARTBEAT {datanodeUUID=8224e767-71c1-41fc-a01a-d172d48fd9d8, command=[]} | ret=SUCCESS |  
2019-08-21 02:17:12,034 | INFO  | SCMAudit | user=jenkins1000 | ip=192.168.34.10 | op=SEND_HEARTBEAT {datanodeUUID=8d7dcba1-3b82-4d94-a832-514ef5c79cf8, command=[]} | ret=SUCCESS |  
2019-08-21 02:17:12,034 | INFO  | SCMAudit | user=jenkins1000 | ip=192.168.34.10 | op=SEND_HEARTBEAT {datanodeUUID=6eae0c21-01aa-4169-956f-5952b26ea7ba, command=[]} | ret=SUCCESS |  
2019-08-21 02:17:12,041 | INFO  | DNAudit | user=null | ip=null | op=WRITE_CHUNK {blockData=conID: 3 locID: 102652564581646759 bcsId: 1022} | ret=SUCCESS |  
2019-08-21 02:17:12,042 | INFO  | DNAudit | user=null | ip=null | op=WRITE_CHUNK {blockData=conID: 3 locID: 102652564581646759 bcsId: 1022} | ret=SUCCESS |  
2019-08-21 02:17:12,043 | INFO  | DNAudit | user=null | ip=null | op=WRITE_CHUNK {blockData=conID: 3 locID: 102652564581646759 bcsId: 1022} | ret=SUCCESS |  
2019-08-21 02:17:12,053 | INFO  | DNAudit | user=null | ip=null | op=WRITE_CHUNK {blockData=conID: 3 locID: 102652564581646759 bcsId: 1022} | ret=SUCCESS |  
2019-08-21 02:17:12,053 | INFO  | DNAudit | user=null | ip=null | op=PUT_BLOCK {blockData=[blockId=conID: 3 locID: 102652564581646759 bcsId: 0,size=3145728]} | ret=SUCCESS |  
2019-08-21 02:17:12,054 [grpc-default-executor-2] INFO  client.GrpcClientProtocolClient (GrpcClientProtocolClient.java:onNext(255)) - client-54CC064C3FCE->8224e767-71c1-41fc-a01a-d172d48fd9d8: receive RaftClientReply:client-54CC064C3FCE->8224e767-71c1-41fc-a01a-d172d48fd9d8@group-F6B37CC92441, cid=803, SUCCESS, logIndex=1027, commits[8224e767-71c1-41fc-a01a-d172d48fd9d8:c1028, 6eae0c21-01aa-4169-956f-5952b26ea7ba:c1026, 8d7dcba1-3b82-4d94-a832-514ef5c79cf8:c1026]
2019-08-21 02:17:12,054 [grpc-default-executor-2] INFO  client.GrpcClientProtocolClient (GrpcClientProtocolClient.java:onNext(255)) - client-54CC064C3FCE->8224e767-71c1-41fc-a01a-d172d48fd9d8: receive RaftClientReply:client-54CC064C3FCE->8224e767-71c1-41fc-a01a-d172d48fd9d8@group-F6B37CC92441, cid=804, SUCCESS, logIndex=1028, commits[8224e767-71c1-41fc-a01a-d172d48fd9d8:c1028, 6eae0c21-01aa-4169-956f-5952b26ea7ba:c1026, 8d7dcba1-3b82-4d94-a832-514ef5c79cf8:c1026]
2019-08-21 02:17:12,061 | INFO  | DNAudit | user=null | ip=null | op=WRITE_CHUNK {blockData=conID: 3 locID: 102652564581646759 bcsId: 1028} | ret=SUCCESS |  
2019-08-21 02:17:12,063 | INFO  | DNAudit | user=null | ip=null | op=WRITE_CHUNK {blockData=conID: 3 locID: 102652564581646759 bcsId: 1028} | ret=SUCCESS |  
2019-08-21 02:17:12,064 | INFO  | DNAudit | user=null | ip=null | op=WRITE_CHUNK {blockData=conID: 3 locID: 102652564581646759 bcsId: 1028} | ret=SUCCESS |  
2019-08-21 02:17:12,064 | INFO  | DNAudit | user=null | ip=null | op=WRITE_CHUNK {blockData=conID: 3 locID: 102652564581646759 bcsId: 1022} | ret=SUCCESS |  
2019-08-21 02:17:12,064 | INFO  | DNAudit | user=null | ip=null | op=WRITE_CHUNK {blockData=conID: 3 locID: 102652564581646759 bcsId: 1022} | ret=SUCCESS |  
2019-08-21 02:17:12,068 | INFO  | DNAudit | user=null | ip=null | op=PUT_BLOCK {blockData=[blockId=conID: 3 locID: 102652564581646759 bcsId: 0,size=3145728]} | ret=SUCCESS |  
2019-08-21 02:17:12,068 | INFO  | DNAudit | user=null | ip=null | op=PUT_BLOCK {blockData=[blockId=conID: 3 locID: 102652564581646759 bcsId: 0,size=3145728]} | ret=SUCCESS |  
2019-08-21 02:17:12,069 | INFO  | DNAudit | user=null | ip=null | op=WRITE_CHUNK {blockData=conID: 3 locID: 102652564581646759 bcsId: 1028} | ret=SUCCESS |  
2019-08-21 02:17:12,069 | INFO  | DNAudit | user=null | ip=null | op=PUT_BLOCK {blockData=[blockId=conID: 3 locID: 102652564581646759 bcsId: 0,size=4194304]} | ret=SUCCESS |  
2019-08-21 02:17:12,069 [grpc-default-executor-0] INFO  client.GrpcClientProtocolClient (GrpcClientProtocolClient.java:onNext(255)) - client-54CC064C3FCE->8224e767-71c1-41fc-a01a-d172d48fd9d8: receive RaftClientReply:client-54CC064C3FCE->8224e767-71c1-41fc-a01a-d172d48fd9d8@group-F6B37CC92441, cid=805, SUCCESS, logIndex=1031, commits[8224e767-71c1-41fc-a01a-d172d48fd9d8:c1032, 6eae0c21-01aa-4169-956f-5952b26ea7ba:c1028, 8d7dcba1-3b82-4d94-a832-514ef5c79cf8:c1028]
2019-08-21 02:17:12,070 [grpc-default-executor-0] INFO  client.GrpcClientProtocolClient (GrpcClientProtocolClient.java:onNext(255)) - client-54CC064C3FCE->8224e767-71c1-41fc-a01a-d172d48fd9d8: receive RaftClientReply:client-54CC064C3FCE->8224e767-71c1-41fc-a01a-d172d48fd9d8@group-F6B37CC92441, cid=806, SUCCESS, logIndex=1032, commits[8224e767-71c1-41fc-a01a-d172d48fd9d8:c1032, 6eae0c21-01aa-4169-956f-5952b26ea7ba:c1028, 8d7dcba1-3b82-4d94-a832-514ef5c79cf8:c1028]
2019-08-21 02:17:12,080 | INFO  | DNAudit | user=null | ip=null | op=WRITE_CHUNK {blockData=conID: 3 locID: 102652564581646759 bcsId: 1028} | ret=SUCCESS |  
2019-08-21 02:17:12,080 | INFO  | DNAudit | user=null | ip=null | op=WRITE_CHUNK {blockData=conID: 3 locID: 102652564581646759 bcsId: 1028} | ret=SUCCESS |  
2019-08-21 02:17:12,083 | INFO  | DNAudit | user=null | ip=null | op=PUT_BLOCK {blockData=[blockId=conID: 3 locID: 102652564581646759 bcsId: 0,size=4194304]} | ret=SUCCESS |  
2019-08-21 02:17:12,083 | INFO  | DNAudit | user=null | ip=null | op=PUT_BLOCK {blockData=[blockId=conID: 3 locID: 102652564581646759 bcsId: 0,size=4194304]} | ret=SUCCESS |  
2019-08-21 02:17:12,084 [grpc-default-executor-2] INFO  client.GrpcClientProtocolClient (GrpcClientProtocolClient.java:onNext(255)) - client-54CC064C3FCE->8224e767-71c1-41fc-a01a-d172d48fd9d8: receive RaftClientReply:client-54CC064C3FCE->8224e767-71c1-41fc-a01a-d172d48fd9d8@group-F6B37CC92441, cid=807, SUCCESS, logIndex=0, commits[8224e767-71c1-41fc-a01a-d172d48fd9d8:c1034, 6eae0c21-01aa-4169-956f-5952b26ea7ba:c1032, 8d7dcba1-3b82-4d94-a832-514ef5c79cf8:c1032]
2019-08-21 02:17:12,091 | INFO  | DNAudit | user=null | ip=null | op=WRITE_CHUNK {blockData=conID: 1 locID: 102652564581646760 bcsId: 0} | ret=SUCCESS |  
2019-08-21 02:17:12,093 | INFO  | DNAudit | user=null | ip=null | op=WRITE_CHUNK {blockData=conID: 1 locID: 102652564581646760 bcsId: 0} | ret=SUCCESS |  
2019-08-21 02:17:12,094 | INFO  | DNAudit | user=null | ip=null | op=WRITE_CHUNK {blockData=conID: 1 locID: 102652564581646760 bcsId: 0} | ret=SUCCESS |  
2019-08-21 02:17:12,095 | INFO  | DNAudit | user=null | ip=null | op=WRITE_CHUNK {blockData=conID: 1 locID: 102652564581646760 bcsId: 0} | ret=SUCCESS |  
2019-08-21 02:17:12,095 | INFO  | DNAudit | user=null | ip=null | op=WRITE_CHUNK {blockData=conID: 1 locID: 102652564581646760 bcsId: 0} | ret=SUCCESS |  
2019-08-21 02:17:12,096 | INFO  | DNAudit | user=null | ip=null | op=WRITE_CHUNK {blockData=conID: 1 locID: 102652564581646760 bcsId: 0} | ret=SUCCESS |  
2019-08-21 02:17:12,105 | INFO  | DNAudit | user=null | ip=null | op=WRITE_CHUNK {blockData=conID: 1 locID: 102652564581646760 bcsId: 0} | ret=SUCCESS |  
2019-08-21 02:17:12,106 | INFO  | DNAudit | user=null | ip=null | op=PUT_BLOCK {blockData=[blockId=conID: 1 locID: 102652564581646760 bcsId: 0,size=1048576]} | ret=SUCCESS |  
2019-08-21 02:17:12,106 | INFO  | DNAudit | user=null | ip=null | op=WRITE_CHUNK {blockData=conID: 1 locID: 102652564581646760 bcsId: 0} | ret=SUCCESS |  
2019-08-21 02:17:12,106 [grpc-default-executor-3] INFO  client.GrpcClientProtocolClient (GrpcClientProtocolClient.java:onNext(255)) - client-54CC064C3FCE->8224e767-71c1-41fc-a01a-d172d48fd9d8: receive RaftClientReply:client-54CC064C3FCE->8224e767-71c1-41fc-a01a-d172d48fd9d8@group-F6B37CC92441, cid=808, SUCCESS, logIndex=1035, commits[8224e767-71c1-41fc-a01a-d172d48fd9d8:c1037, 6eae0c21-01aa-4169-956f-5952b26ea7ba:c1034, 8d7dcba1-3b82-4d94-a832-514ef5c79cf8:c1034]
2019-08-21 02:17:12,107 | INFO  | DNAudit | user=null | ip=null | op=PUT_BLOCK {blockData=[blockId=conID: 1 locID: 102652564581646760 bcsId: 0,size=2097152]} | ret=SUCCESS |  
2019-08-21 02:17:12,107 [grpc-default-executor-3] INFO  client.GrpcClientProtocolClient (GrpcClientProtocolClient.java:onNext(255)) - client-54CC064C3FCE->8224e767-71c1-41fc-a01a-d172d48fd9d8: receive RaftClientReply:client-54CC064C3FCE->8224e767-71c1-41fc-a01a-d172d48fd9d8@group-F6B37CC92441, cid=809, SUCCESS, logIndex=1036, commits[8224e767-71c1-41fc-a01a-d172d48fd9d8:c1038, 6eae0c21-01aa-4169-956f-5952b26ea7ba:c1034, 8d7dcba1-3b82-4d94-a832-514ef5c79cf8:c1034]
2019-08-21 02:17:12,107 [grpc-default-executor-3] INFO  client.GrpcClientProtocolClient (GrpcClientProtocolClient.java:onNext(255)) - client-54CC064C3FCE->8224e767-71c1-41fc-a01a-d172d48fd9d8: receive RaftClientReply:client-54CC064C3FCE->8224e767-71c1-41fc-a01a-d172d48fd9d8@group-F6B37CC92441, cid=810, SUCCESS, logIndex=1037, commits[8224e767-71c1-41fc-a01a-d172d48fd9d8:c1038, 6eae0c21-01aa-4169-956f-5952b26ea7ba:c1034, 8d7dcba1-3b82-4d94-a832-514ef5c79cf8:c1034]
2019-08-21 02:17:12,108 [grpc-default-executor-3] INFO  client.GrpcClientProtocolClient (GrpcClientProtocolClient.java:onNext(255)) - client-54CC064C3FCE->8224e767-71c1-41fc-a01a-d172d48fd9d8: receive RaftClientReply:client-54CC064C3FCE->8224e767-71c1-41fc-a01a-d172d48fd9d8@group-F6B37CC92441, cid=811, SUCCESS, logIndex=1038, commits[8224e767-71c1-41fc-a01a-d172d48fd9d8:c1038, 6eae0c21-01aa-4169-956f-5952b26ea7ba:c1034, 8d7dcba1-3b82-4d94-a832-514ef5c79cf8:c1034]
2019-08-21 02:17:12,117 | INFO  | DNAudit | user=null | ip=null | op=WRITE_CHUNK {blockData=conID: 1 locID: 102652564581646760 bcsId: 0} | ret=SUCCESS |  
2019-08-21 02:17:12,117 | INFO  | DNAudit | user=null | ip=null | op=WRITE_CHUNK {blockData=conID: 1 locID: 102652564581646760 bcsId: 0} | ret=SUCCESS |  
2019-08-21 02:17:12,120 | INFO  | DNAudit | user=null | ip=null | op=PUT_BLOCK {blockData=[blockId=conID: 1 locID: 102652564581646760 bcsId: 0,size=1048576]} | ret=SUCCESS |  
2019-08-21 02:17:12,120 | INFO  | DNAudit | user=null | ip=null | op=PUT_BLOCK {blockData=[blockId=conID: 1 locID: 102652564581646760 bcsId: 0,size=1048576]} | ret=SUCCESS |  
2019-08-21 02:17:12,121 | INFO  | DNAudit | user=null | ip=null | op=WRITE_CHUNK {blockData=conID: 1 locID: 102652564581646760 bcsId: 0} | ret=SUCCESS |  
2019-08-21 02:17:12,121 | INFO  | DNAudit | user=null | ip=null | op=WRITE_CHUNK {blockData=conID: 1 locID: 102652564581646760 bcsId: 0} | ret=SUCCESS |  
2019-08-21 02:17:12,121 | INFO  | DNAudit | user=null | ip=null | op=PUT_BLOCK {blockData=[blockId=conID: 1 locID: 102652564581646760 bcsId: 0,size=2097152]} | ret=SUCCESS |  
2019-08-21 02:17:12,121 | INFO  | DNAudit | user=null | ip=null | op=PUT_BLOCK {blockData=[blockId=conID: 1 locID: 102652564581646760 bcsId: 0,size=2097152]} | ret=SUCCESS |  
2019-08-21 02:17:12,121 [grpc-default-executor-3] INFO  client.GrpcClientProtocolClient (GrpcClientProtocolClient.java:onNext(255)) - client-54CC064C3FCE->8224e767-71c1-41fc-a01a-d172d48fd9d8: receive RaftClientReply:client-54CC064C3FCE->8224e767-71c1-41fc-a01a-d172d48fd9d8@group-F6B37CC92441, cid=812, SUCCESS, logIndex=0, commits[8224e767-71c1-41fc-a01a-d172d48fd9d8:c1040, 6eae0c21-01aa-4169-956f-5952b26ea7ba:c1036, 8d7dcba1-3b82-4d94-a832-514ef5c79cf8:c1036]
2019-08-21 02:17:12,128 | INFO  | DNAudit | user=null | ip=null | op=WRITE_CHUNK {blockData=conID: 1 locID: 102652564581646760 bcsId: 1038} | ret=SUCCESS |  
2019-08-21 02:17:12,131 | INFO  | DNAudit | user=null | ip=null | op=WRITE_CHUNK {blockData=conID: 1 locID: 102652564581646760 bcsId: 1038} | ret=SUCCESS |  
2019-08-21 02:17:12,131 | INFO  | DNAudit | user=null | ip=null | op=WRITE_CHUNK {blockData=conID: 1 locID: 102652564581646760 bcsId: 1038} | ret=SUCCESS |  
2019-08-21 02:17:12,140 | INFO  | DNAudit | user=null | ip=null | op=WRITE_CHUNK {blockData=conID: 1 locID: 102652564581646760 bcsId: 1038} | ret=SUCCESS |  
2019-08-21 02:17:12,141 | INFO  | DNAudit | user=null | ip=null | op=PUT_BLOCK {blockData=[blockId=conID: 1 locID: 102652564581646760 bcsId: 0,size=3145728]} | ret=SUCCESS |  
2019-08-21 02:17:12,141 [grpc-default-executor-0] INFO  client.GrpcClientProtocolClient (GrpcClientProtocolClient.java:onNext(255)) - client-54CC064C3FCE->8224e767-71c1-41fc-a01a-d172d48fd9d8: receive RaftClientReply:client-54CC064C3FCE->8224e767-71c1-41fc-a01a-d172d48fd9d8@group-F6B37CC92441, cid=813, SUCCESS, logIndex=1043, commits[8224e767-71c1-41fc-a01a-d172d48fd9d8:c1044, 6eae0c21-01aa-4169-956f-5952b26ea7ba:c1042, 8d7dcba1-3b82-4d94-a832-514ef5c79cf8:c1042]
2019-08-21 02:17:12,141 [grpc-default-executor-0] INFO  client.GrpcClientProtocolClient (GrpcClientProtocolClient.java:onNext(255)) - client-54CC064C3FCE->8224e767-71c1-41fc-a01a-d172d48fd9d8: receive RaftClientReply:client-54CC064C3FCE->8224e767-71c1-41fc-a01a-d172d48fd9d8@group-F6B37CC92441, cid=814, SUCCESS, logIndex=1044, commits[8224e767-71c1-41fc-a01a-d172d48fd9d8:c1044, 6eae0c21-01aa-4169-956f-5952b26ea7ba:c1042, 8d7dcba1-3b82-4d94-a832-514ef5c79cf8:c1042]
2019-08-21 02:17:12,149 | INFO  | DNAudit | user=null | ip=null | op=WRITE_CHUNK {blockData=conID: 1 locID: 102652564581646760 bcsId: 1044} | ret=SUCCESS |  
2019-08-21 02:17:12,151 | INFO  | DNAudit | user=null | ip=null | op=WRITE_CHUNK {blockData=conID: 1 locID: 102652564581646760 bcsId: 1044} | ret=SUCCESS |  
2019-08-21 02:17:12,151 | INFO  | DNAudit | user=null | ip=null | op=WRITE_CHUNK {blockData=conID: 1 locID: 102652564581646760 bcsId: 1044} | ret=SUCCESS |  
2019-08-21 02:17:12,152 | INFO  | DNAudit | user=null | ip=null | op=WRITE_CHUNK {blockData=conID: 1 locID: 102652564581646760 bcsId: 1038} | ret=SUCCESS |  
2019-08-21 02:17:12,152 | INFO  | DNAudit | user=null | ip=null | op=WRITE_CHUNK {blockData=conID: 1 locID: 102652564581646760 bcsId: 1038} | ret=SUCCESS |  
2019-08-21 02:17:12,152 | INFO  | DNAudit | user=null | ip=null | op=PUT_BLOCK {blockData=[blockId=conID: 1 locID: 102652564581646760 bcsId: 0,size=3145728]} | ret=SUCCESS |  
2019-08-21 02:17:12,155 | INFO  | DNAudit | user=null | ip=null | op=PUT_BLOCK {blockData=[blockId=conID: 1 locID: 102652564581646760 bcsId: 0,size=3145728]} | ret=SUCCESS |  
2019-08-21 02:17:12,155 | INFO  | DNAudit | user=null | ip=null | op=WRITE_CHUNK {blockData=conID: 1 locID: 102652564581646760 bcsId: 1044} | ret=SUCCESS |  
2019-08-21 02:17:12,156 | INFO  | DNAudit | user=null | ip=null | op=PUT_BLOCK {blockData=[blockId=conID: 1 locID: 102652564581646760 bcsId: 0,size=4194304]} | ret=SUCCESS |  
2019-08-21 02:17:12,156 [grpc-default-executor-0] INFO  client.GrpcClientProtocolClient (GrpcClientProtocolClient.java:onNext(255)) - client-54CC064C3FCE->8224e767-71c1-41fc-a01a-d172d48fd9d8: receive RaftClientReply:client-54CC064C3FCE->8224e767-71c1-41fc-a01a-d172d48fd9d8@group-F6B37CC92441, cid=815, SUCCESS, logIndex=1047, commits[8224e767-71c1-41fc-a01a-d172d48fd9d8:c1047, 6eae0c21-01aa-4169-956f-5952b26ea7ba:c1044, 8d7dcba1-3b82-4d94-a832-514ef5c79cf8:c1044]
2019-08-21 02:17:12,156 [grpc-default-executor-0] INFO  client.GrpcClientProtocolClient (GrpcClientProtocolClient.java:onNext(255)) - client-54CC064C3FCE->8224e767-71c1-41fc-a01a-d172d48fd9d8: receive RaftClientReply:client-54CC064C3FCE->8224e767-71c1-41fc-a01a-d172d48fd9d8@group-F6B37CC92441, cid=816, SUCCESS, logIndex=1048, commits[8224e767-71c1-41fc-a01a-d172d48fd9d8:c1048, 6eae0c21-01aa-4169-956f-5952b26ea7ba:c1044, 8d7dcba1-3b82-4d94-a832-514ef5c79cf8:c1044]
2019-08-21 02:17:12,175 | INFO  | DNAudit | user=null | ip=null | op=WRITE_CHUNK {blockData=conID: 1 locID: 102652564581646760 bcsId: 1044} | ret=SUCCESS |  
2019-08-21 02:17:12,175 | INFO  | DNAudit | user=null | ip=null | op=WRITE_CHUNK {blockData=conID: 1 locID: 102652564581646760 bcsId: 1044} | ret=SUCCESS |  
2019-08-21 02:17:12,178 | INFO  | DNAudit | user=null | ip=null | op=PUT_BLOCK {blockData=[blockId=conID: 1 locID: 102652564581646760 bcsId: 0,size=4194304]} | ret=SUCCESS |  
2019-08-21 02:17:12,178 | INFO  | DNAudit | user=null | ip=null | op=PUT_BLOCK {blockData=[blockId=conID: 1 locID: 102652564581646760 bcsId: 0,size=4194304]} | ret=SUCCESS |  
2019-08-21 02:17:12,179 [grpc-default-executor-0] INFO  client.GrpcClientProtocolClient (GrpcClientProtocolClient.java:onNext(255)) - client-54CC064C3FCE->8224e767-71c1-41fc-a01a-d172d48fd9d8: receive RaftClientReply:client-54CC064C3FCE->8224e767-71c1-41fc-a01a-d172d48fd9d8@group-F6B37CC92441, cid=817, SUCCESS, logIndex=0, commits[8224e767-71c1-41fc-a01a-d172d48fd9d8:c1049, 6eae0c21-01aa-4169-956f-5952b26ea7ba:c1048, 8d7dcba1-3b82-4d94-a832-514ef5c79cf8:c1048]
2019-08-21 02:17:12,187 | INFO  | DNAudit | user=null | ip=null | op=WRITE_CHUNK {blockData=conID: 2 locID: 102652564581646761 bcsId: 0} | ret=SUCCESS |  
2019-08-21 02:17:12,190 | INFO  | DNAudit | user=null | ip=null | op=WRITE_CHUNK {blockData=conID: 2 locID: 102652564581646761 bcsId: 0} | ret=SUCCESS |  
2019-08-21 02:17:12,191 | INFO  | DNAudit | user=null | ip=null | op=WRITE_CHUNK {blockData=conID: 2 locID: 102652564581646761 bcsId: 0} | ret=SUCCESS |  
2019-08-21 02:17:12,192 | INFO  | DNAudit | user=null | ip=null | op=WRITE_CHUNK {blockData=conID: 2 locID: 102652564581646761 bcsId: 0} | ret=SUCCESS |  
2019-08-21 02:17:12,195 | INFO  | DNAudit | user=null | ip=null | op=WRITE_CHUNK {blockData=conID: 2 locID: 102652564581646761 bcsId: 0} | ret=SUCCESS |  
2019-08-21 02:17:12,195 | INFO  | DNAudit | user=null | ip=null | op=WRITE_CHUNK {blockData=conID: 2 locID: 102652564581646761 bcsId: 0} | ret=SUCCESS |  
2019-08-21 02:17:12,199 | INFO  | DNAudit | user=null | ip=null | op=WRITE_CHUNK {blockData=conID: 2 locID: 102652564581646761 bcsId: 0} | ret=SUCCESS |  
2019-08-21 02:17:12,200 | INFO  | DNAudit | user=null | ip=null | op=PUT_BLOCK {blockData=[blockId=conID: 2 locID: 102652564581646761 bcsId: 0,size=1048576]} | ret=SUCCESS |  
2019-08-21 02:17:12,200 [grpc-default-executor-3] INFO  client.GrpcClientProtocolClient (GrpcClientProtocolClient.java:onNext(255)) - client-54CC064C3FCE->8224e767-71c1-41fc-a01a-d172d48fd9d8: receive RaftClientReply:client-54CC064C3FCE->8224e767-71c1-41fc-a01a-d172d48fd9d8@group-F6B37CC92441, cid=818, SUCCESS, logIndex=1051, commits[8224e767-71c1-41fc-a01a-d172d48fd9d8:c1052, 6eae0c21-01aa-4169-956f-5952b26ea7ba:c1050, 8d7dcba1-3b82-4d94-a832-514ef5c79cf8:c1050]
2019-08-21 02:17:12,201 | INFO  | DNAudit | user=null | ip=null | op=WRITE_CHUNK {blockData=conID: 2 locID: 102652564581646761 bcsId: 0} | ret=SUCCESS |  
2019-08-21 02:17:12,201 [grpc-default-executor-3] INFO  client.GrpcClientProtocolClient (GrpcClientProtocolClient.java:onNext(255)) - client-54CC064C3FCE->8224e767-71c1-41fc-a01a-d172d48fd9d8: receive RaftClientReply:client-54CC064C3FCE->8224e767-71c1-41fc-a01a-d172d48fd9d8@group-F6B37CC92441, cid=819, SUCCESS, logIndex=1052, commits[8224e767-71c1-41fc-a01a-d172d48fd9d8:c1054, 6eae0c21-01aa-4169-956f-5952b26ea7ba:c1050, 8d7dcba1-3b82-4d94-a832-514ef5c79cf8:c1050]
2019-08-21 02:17:12,201 | INFO  | DNAudit | user=null | ip=null | op=WRITE_CHUNK {blockData=conID: 2 locID: 102652564581646761 bcsId: 0} | ret=SUCCESS |  
2019-08-21 02:17:12,201 | INFO  | DNAudit | user=null | ip=null | op=PUT_BLOCK {blockData=[blockId=conID: 2 locID: 102652564581646761 bcsId: 0,size=2097152]} | ret=SUCCESS |  
2019-08-21 02:17:12,202 [grpc-default-executor-2] INFO  client.GrpcClientProtocolClient (GrpcClientProtocolClient.java:onNext(255)) - client-54CC064C3FCE->8224e767-71c1-41fc-a01a-d172d48fd9d8: receive RaftClientReply:client-54CC064C3FCE->8224e767-71c1-41fc-a01a-d172d48fd9d8@group-F6B37CC92441, cid=820, SUCCESS, logIndex=1053, commits[8224e767-71c1-41fc-a01a-d172d48fd9d8:c1054, 6eae0c21-01aa-4169-956f-5952b26ea7ba:c1050, 8d7dcba1-3b82-4d94-a832-514ef5c79cf8:c1050]
2019-08-21 02:17:12,202 | INFO  | DNAudit | user=null | ip=null | op=PUT_BLOCK {blockData=[blockId=conID: 2 locID: 102652564581646761 bcsId: 0,size=1048576]} | ret=SUCCESS |  
2019-08-21 02:17:12,202 | INFO  | DNAudit | user=null | ip=null | op=WRITE_CHUNK {blockData=conID: 2 locID: 102652564581646761 bcsId: 0} | ret=SUCCESS |  
2019-08-21 02:17:12,202 | INFO  | DNAudit | user=null | ip=null | op=PUT_BLOCK {blockData=[blockId=conID: 2 locID: 102652564581646761 bcsId: 0,size=1048576]} | ret=SUCCESS |  
2019-08-21 02:17:12,203 | INFO  | DNAudit | user=null | ip=null | op=WRITE_CHUNK {blockData=conID: 2 locID: 102652564581646761 bcsId: 0} | ret=SUCCESS |  
2019-08-21 02:17:12,203 [grpc-default-executor-2] INFO  client.GrpcClientProtocolClient (GrpcClientProtocolClient.java:onNext(255)) - client-54CC064C3FCE->8224e767-71c1-41fc-a01a-d172d48fd9d8: receive RaftClientReply:client-54CC064C3FCE->8224e767-71c1-41fc-a01a-d172d48fd9d8@group-F6B37CC92441, cid=821, SUCCESS, logIndex=1054, commits[8224e767-71c1-41fc-a01a-d172d48fd9d8:c1055, 6eae0c21-01aa-4169-956f-5952b26ea7ba:c1051, 8d7dcba1-3b82-4d94-a832-514ef5c79cf8:c1050]
2019-08-21 02:17:12,203 | INFO  | DNAudit | user=null | ip=null | op=WRITE_CHUNK {blockData=conID: 2 locID: 102652564581646761 bcsId: 0} | ret=SUCCESS |  
2019-08-21 02:17:12,203 | INFO  | DNAudit | user=null | ip=null | op=PUT_BLOCK {blockData=[blockId=conID: 2 locID: 102652564581646761 bcsId: 0,size=2097152]} | ret=SUCCESS |  
2019-08-21 02:17:12,204 | INFO  | DNAudit | user=null | ip=null | op=PUT_BLOCK {blockData=[blockId=conID: 2 locID: 102652564581646761 bcsId: 0,size=2097152]} | ret=SUCCESS |  
2019-08-21 02:17:12,204 [grpc-default-executor-2] INFO  client.GrpcClientProtocolClient (GrpcClientProtocolClient.java:onNext(255)) - client-54CC064C3FCE->8224e767-71c1-41fc-a01a-d172d48fd9d8: receive RaftClientReply:client-54CC064C3FCE->8224e767-71c1-41fc-a01a-d172d48fd9d8@group-F6B37CC92441, cid=822, SUCCESS, logIndex=0, commits[8224e767-71c1-41fc-a01a-d172d48fd9d8:c1058, 6eae0c21-01aa-4169-956f-5952b26ea7ba:c1054, 8d7dcba1-3b82-4d94-a832-514ef5c79cf8:c1053]
2019-08-21 02:17:12,213 | INFO  | DNAudit | user=null | ip=null | op=WRITE_CHUNK {blockData=conID: 2 locID: 102652564581646761 bcsId: 1054} | ret=SUCCESS |  
2019-08-21 02:17:12,215 | INFO  | DNAudit | user=null | ip=null | op=WRITE_CHUNK {blockData=conID: 2 locID: 102652564581646761 bcsId: 1054} | ret=SUCCESS |  
2019-08-21 02:17:12,217 | INFO  | DNAudit | user=null | ip=null | op=WRITE_CHUNK {blockData=conID: 2 locID: 102652564581646761 bcsId: 1054} | ret=SUCCESS |  
2019-08-21 02:17:12,227 | INFO  | DNAudit | user=null | ip=null | op=WRITE_CHUNK {blockData=conID: 2 locID: 102652564581646761 bcsId: 1054} | ret=SUCCESS |  
2019-08-21 02:17:12,228 | INFO  | DNAudit | user=null | ip=null | op=PUT_BLOCK {blockData=[blockId=conID: 2 locID: 102652564581646761 bcsId: 0,size=3145728]} | ret=SUCCESS |  
2019-08-21 02:17:12,229 | INFO  | DNAudit | user=null | ip=null | op=WRITE_CHUNK {blockData=conID: 2 locID: 102652564581646761 bcsId: 1054} | ret=SUCCESS |  
2019-08-21 02:17:12,229 | INFO  | DNAudit | user=null | ip=null | op=WRITE_CHUNK {blockData=conID: 2 locID: 102652564581646761 bcsId: 1054} | ret=SUCCESS |  
2019-08-21 02:17:12,230 | INFO  | DNAudit | user=null | ip=null | op=PUT_BLOCK {blockData=[blockId=conID: 2 locID: 102652564581646761 bcsId: 0,size=3145728]} | ret=SUCCESS |  
2019-08-21 02:17:12,229 [grpc-default-executor-0] INFO  client.GrpcClientProtocolClient (GrpcClientProtocolClient.java:onNext(255)) - client-54CC064C3FCE->8224e767-71c1-41fc-a01a-d172d48fd9d8: receive RaftClientReply:client-54CC064C3FCE->8224e767-71c1-41fc-a01a-d172d48fd9d8@group-F6B37CC92441, cid=823, SUCCESS, logIndex=1059, commits[8224e767-71c1-41fc-a01a-d172d48fd9d8:c1060, 6eae0c21-01aa-4169-956f-5952b26ea7ba:c1058, 8d7dcba1-3b82-4d94-a832-514ef5c79cf8:c1058]
2019-08-21 02:17:12,230 | INFO  | DNAudit | user=null | ip=null | op=PUT_BLOCK {blockData=[blockId=conID: 2 locID: 102652564581646761 bcsId: 0,size=3145728]} | ret=SUCCESS |  
2019-08-21 02:17:12,230 [grpc-default-executor-0] INFO  client.GrpcClientProtocolClient (GrpcClientProtocolClient.java:onNext(255)) - client-54CC064C3FCE->8224e767-71c1-41fc-a01a-d172d48fd9d8: receive RaftClientReply:client-54CC064C3FCE->8224e767-71c1-41fc-a01a-d172d48fd9d8@group-F6B37CC92441, cid=824, SUCCESS, logIndex=1060, commits[8224e767-71c1-41fc-a01a-d172d48fd9d8:c1060, 6eae0c21-01aa-4169-956f-5952b26ea7ba:c1058, 8d7dcba1-3b82-4d94-a832-514ef5c79cf8:c1058]
2019-08-21 02:17:12,239 | INFO  | DNAudit | user=null | ip=null | op=WRITE_CHUNK {blockData=conID: 2 locID: 102652564581646761 bcsId: 1060} | ret=SUCCESS |  
2019-08-21 02:17:12,242 | INFO  | DNAudit | user=null | ip=null | op=WRITE_CHUNK {blockData=conID: 2 locID: 102652564581646761 bcsId: 1060} | ret=SUCCESS |  
2019-08-21 02:17:12,242 | INFO  | DNAudit | user=null | ip=null | op=WRITE_CHUNK {blockData=conID: 2 locID: 102652564581646761 bcsId: 1060} | ret=SUCCESS |  
2019-08-21 02:17:12,245 | INFO  | DNAudit | user=null | ip=null | op=WRITE_CHUNK {blockData=conID: 2 locID: 102652564581646761 bcsId: 1060} | ret=SUCCESS |  
2019-08-21 02:17:12,245 | INFO  | DNAudit | user=null | ip=null | op=PUT_BLOCK {blockData=[blockId=conID: 2 locID: 102652564581646761 bcsId: 0,size=4194304]} | ret=SUCCESS |  
2019-08-21 02:17:12,245 [grpc-default-executor-2] INFO  client.GrpcClientProtocolClient (GrpcClientProtocolClient.java:onNext(255)) - client-54CC064C3FCE->8224e767-71c1-41fc-a01a-d172d48fd9d8: receive RaftClientReply:client-54CC064C3FCE->8224e767-71c1-41fc-a01a-d172d48fd9d8@group-F6B37CC92441, cid=825, SUCCESS, logIndex=1063, commits[8224e767-71c1-41fc-a01a-d172d48fd9d8:c1064, 6eae0c21-01aa-4169-956f-5952b26ea7ba:c1062, 8d7dcba1-3b82-4d94-a832-514ef5c79cf8:c1062]
2019-08-21 02:17:12,246 [grpc-default-executor-2] INFO  client.GrpcClientProtocolClient (GrpcClientProtocolClient.java:onNext(255)) - client-54CC064C3FCE->8224e767-71c1-41fc-a01a-d172d48fd9d8: receive RaftClientReply:client-54CC064C3FCE->8224e767-71c1-41fc-a01a-d172d48fd9d8@group-F6B37CC92441, cid=826, SUCCESS, logIndex=1064, commits[8224e767-71c1-41fc-a01a-d172d48fd9d8:c1064, 6eae0c21-01aa-4169-956f-5952b26ea7ba:c1062, 8d7dcba1-3b82-4d94-a832-514ef5c79cf8:c1062]
2019-08-21 02:17:12,247 | INFO  | DNAudit | user=null | ip=null | op=WRITE_CHUNK {blockData=conID: 2 locID: 102652564581646761 bcsId: 1060} | ret=SUCCESS |  
2019-08-21 02:17:12,247 | INFO  | DNAudit | user=null | ip=null | op=WRITE_CHUNK {blockData=conID: 2 locID: 102652564581646761 bcsId: 1060} | ret=SUCCESS |  
2019-08-21 02:17:12,247 | INFO  | DNAudit | user=null | ip=null | op=PUT_BLOCK {blockData=[blockId=conID: 2 locID: 102652564581646761 bcsId: 0,size=4194304]} | ret=SUCCESS |  
2019-08-21 02:17:12,247 | INFO  | DNAudit | user=null | ip=null | op=PUT_BLOCK {blockData=[blockId=conID: 2 locID: 102652564581646761 bcsId: 0,size=4194304]} | ret=SUCCESS |  
2019-08-21 02:17:12,248 [grpc-default-executor-2] INFO  client.GrpcClientProtocolClient (GrpcClientProtocolClient.java:onNext(255)) - client-54CC064C3FCE->8224e767-71c1-41fc-a01a-d172d48fd9d8: receive RaftClientReply:client-54CC064C3FCE->8224e767-71c1-41fc-a01a-d172d48fd9d8@group-F6B37CC92441, cid=827, SUCCESS, logIndex=0, commits[8224e767-71c1-41fc-a01a-d172d48fd9d8:c1065, 6eae0c21-01aa-4169-956f-5952b26ea7ba:c1064, 8d7dcba1-3b82-4d94-a832-514ef5c79cf8:c1064]
2019-08-21 02:17:12,512 | INFO  | SCMAudit | user=jenkins1000 | ip=192.168.34.10 | op=SEND_HEARTBEAT {datanodeUUID=94764dae-819c-4b7e-92f1-9cd6c64427b7, command=[]} | ret=SUCCESS |  
2019-08-21 02:17:12,513 | INFO  | DNAudit | user=null | ip=null | op=WRITE_CHUNK {blockData=conID: 3 locID: 102652564581646762 bcsId: 0} | ret=SUCCESS |  
2019-08-21 02:17:12,517 | INFO  | DNAudit | user=null | ip=null | op=WRITE_CHUNK {blockData=conID: 3 locID: 102652564581646762 bcsId: 0} | ret=SUCCESS |  
2019-08-21 02:17:12,517 | INFO  | DNAudit | user=null | ip=null | op=WRITE_CHUNK {blockData=conID: 3 locID: 102652564581646762 bcsId: 0} | ret=SUCCESS |  
2019-08-21 02:17:12,518 | INFO  | DNAudit | user=null | ip=null | op=WRITE_CHUNK {blockData=conID: 3 locID: 102652564581646762 bcsId: 0} | ret=SUCCESS |  
2019-08-21 02:17:12,521 | INFO  | DNAudit | user=null | ip=null | op=WRITE_CHUNK {blockData=conID: 3 locID: 102652564581646762 bcsId: 0} | ret=SUCCESS |  
2019-08-21 02:17:12,522 | INFO  | DNAudit | user=null | ip=null | op=WRITE_CHUNK {blockData=conID: 3 locID: 102652564581646762 bcsId: 0} | ret=SUCCESS |  
2019-08-21 02:17:12,526 | INFO  | DNAudit | user=null | ip=null | op=WRITE_CHUNK {blockData=conID: 3 locID: 102652564581646762 bcsId: 0} | ret=SUCCESS |  
2019-08-21 02:17:12,526 | INFO  | DNAudit | user=null | ip=null | op=PUT_BLOCK {blockData=[blockId=conID: 3 locID: 102652564581646762 bcsId: 0,size=1048576]} | ret=SUCCESS |  
2019-08-21 02:17:12,527 [grpc-default-executor-2] INFO  client.GrpcClientProtocolClient (GrpcClientProtocolClient.java:onNext(255)) - client-54CC064C3FCE->8224e767-71c1-41fc-a01a-d172d48fd9d8: receive RaftClientReply:client-54CC064C3FCE->8224e767-71c1-41fc-a01a-d172d48fd9d8@group-F6B37CC92441, cid=828, SUCCESS, logIndex=1067, commits[8224e767-71c1-41fc-a01a-d172d48fd9d8:c1068, 6eae0c21-01aa-4169-956f-5952b26ea7ba:c1066, 8d7dcba1-3b82-4d94-a832-514ef5c79cf8:c1066]
2019-08-21 02:17:12,528 | INFO  | DNAudit | user=null | ip=null | op=WRITE_CHUNK {blockData=conID: 3 locID: 102652564581646762 bcsId: 0} | ret=SUCCESS |  
2019-08-21 02:17:12,528 [grpc-default-executor-2] INFO  client.GrpcClientProtocolClient (GrpcClientProtocolClient.java:onNext(255)) - client-54CC064C3FCE->8224e767-71c1-41fc-a01a-d172d48fd9d8: receive RaftClientReply:client-54CC064C3FCE->8224e767-71c1-41fc-a01a-d172d48fd9d8@group-F6B37CC92441, cid=829, SUCCESS, logIndex=1068, commits[8224e767-71c1-41fc-a01a-d172d48fd9d8:c1068, 6eae0c21-01aa-4169-956f-5952b26ea7ba:c1066, 8d7dcba1-3b82-4d94-a832-514ef5c79cf8:c1066]
2019-08-21 02:17:12,528 | INFO  | DNAudit | user=null | ip=null | op=PUT_BLOCK {blockData=[blockId=conID: 3 locID: 102652564581646762 bcsId: 0,size=2097152]} | ret=SUCCESS |  
2019-08-21 02:17:12,528 | INFO  | DNAudit | user=null | ip=null | op=WRITE_CHUNK {blockData=conID: 3 locID: 102652564581646762 bcsId: 0} | ret=SUCCESS |  
2019-08-21 02:17:12,529 | INFO  | DNAudit | user=null | ip=null | op=PUT_BLOCK {blockData=[blockId=conID: 3 locID: 102652564581646762 bcsId: 0,size=1048576]} | ret=SUCCESS |  
2019-08-21 02:17:12,529 | INFO  | DNAudit | user=null | ip=null | op=WRITE_CHUNK {blockData=conID: 3 locID: 102652564581646762 bcsId: 0} | ret=SUCCESS |  
2019-08-21 02:17:12,529 [grpc-default-executor-2] INFO  client.GrpcClientProtocolClient (GrpcClientProtocolClient.java:onNext(255)) - client-54CC064C3FCE->8224e767-71c1-41fc-a01a-d172d48fd9d8: receive RaftClientReply:client-54CC064C3FCE->8224e767-71c1-41fc-a01a-d172d48fd9d8@group-F6B37CC92441, cid=830, SUCCESS, logIndex=1069, commits[8224e767-71c1-41fc-a01a-d172d48fd9d8:c1070, 6eae0c21-01aa-4169-956f-5952b26ea7ba:c1066, 8d7dcba1-3b82-4d94-a832-514ef5c79cf8:c1066]
2019-08-21 02:17:12,529 | INFO  | DNAudit | user=null | ip=null | op=PUT_BLOCK {blockData=[blockId=conID: 3 locID: 102652564581646762 bcsId: 0,size=1048576]} | ret=SUCCESS |  
2019-08-21 02:17:12,530 | INFO  | DNAudit | user=null | ip=null | op=WRITE_CHUNK {blockData=conID: 3 locID: 102652564581646762 bcsId: 0} | ret=SUCCESS |  
2019-08-21 02:17:12,530 [grpc-default-executor-2] INFO  client.GrpcClientProtocolClient (GrpcClientProtocolClient.java:onNext(255)) - client-54CC064C3FCE->8224e767-71c1-41fc-a01a-d172d48fd9d8: receive RaftClientReply:client-54CC064C3FCE->8224e767-71c1-41fc-a01a-d172d48fd9d8@group-F6B37CC92441, cid=831, SUCCESS, logIndex=1070, commits[8224e767-71c1-41fc-a01a-d172d48fd9d8:c1070, 6eae0c21-01aa-4169-956f-5952b26ea7ba:c1067, 8d7dcba1-3b82-4d94-a832-514ef5c79cf8:c1066]
2019-08-21 02:17:12,530 | INFO  | DNAudit | user=null | ip=null | op=PUT_BLOCK {blockData=[blockId=conID: 3 locID: 102652564581646762 bcsId: 0,size=2097152]} | ret=SUCCESS |  
2019-08-21 02:17:12,530 | INFO  | DNAudit | user=null | ip=null | op=WRITE_CHUNK {blockData=conID: 3 locID: 102652564581646762 bcsId: 0} | ret=SUCCESS |  
2019-08-21 02:17:12,531 | INFO  | DNAudit | user=null | ip=null | op=PUT_BLOCK {blockData=[blockId=conID: 3 locID: 102652564581646762 bcsId: 0,size=2097152]} | ret=SUCCESS |  
2019-08-21 02:17:12,532 [grpc-default-executor-2] INFO  client.GrpcClientProtocolClient (GrpcClientProtocolClient.java:onNext(255)) - client-54CC064C3FCE->8224e767-71c1-41fc-a01a-d172d48fd9d8: receive RaftClientReply:client-54CC064C3FCE->8224e767-71c1-41fc-a01a-d172d48fd9d8@group-F6B37CC92441, cid=832, SUCCESS, logIndex=0, commits[8224e767-71c1-41fc-a01a-d172d48fd9d8:c1074, 6eae0c21-01aa-4169-956f-5952b26ea7ba:c1070, 8d7dcba1-3b82-4d94-a832-514ef5c79cf8:c1070]
2019-08-21 02:17:12,540 | INFO  | SCMAudit | user=jenkins1000 | ip=192.168.34.10 | op=SEND_HEARTBEAT {datanodeUUID=3def7c30-cb13-4f41-8119-6188f246ad27, command=[]} | ret=SUCCESS |  
2019-08-21 02:17:12,541 | INFO  | DNAudit | user=null | ip=null | op=WRITE_CHUNK {blockData=conID: 3 locID: 102652564581646762 bcsId: 1070} | ret=SUCCESS |  
2019-08-21 02:17:12,544 | INFO  | DNAudit | user=null | ip=null | op=WRITE_CHUNK {blockData=conID: 3 locID: 102652564581646762 bcsId: 1070} | ret=SUCCESS |  
2019-08-21 02:17:12,545 | INFO  | DNAudit | user=null | ip=null | op=WRITE_CHUNK {blockData=conID: 3 locID: 102652564581646762 bcsId: 1070} | ret=SUCCESS |  
2019-08-21 02:17:12,554 | INFO  | DNAudit | user=null | ip=null | op=WRITE_CHUNK {blockData=conID: 3 locID: 102652564581646762 bcsId: 1070} | ret=SUCCESS |  
2019-08-21 02:17:12,554 | INFO  | DNAudit | user=null | ip=null | op=PUT_BLOCK {blockData=[blockId=conID: 3 locID: 102652564581646762 bcsId: 0,size=3145728]} | ret=SUCCESS |  
2019-08-21 02:17:12,555 [grpc-default-executor-0] INFO  client.GrpcClientProtocolClient (GrpcClientProtocolClient.java:onNext(255)) - client-54CC064C3FCE->8224e767-71c1-41fc-a01a-d172d48fd9d8: receive RaftClientReply:client-54CC064C3FCE->8224e767-71c1-41fc-a01a-d172d48fd9d8@group-F6B37CC92441, cid=833, SUCCESS, logIndex=1075, commits[8224e767-71c1-41fc-a01a-d172d48fd9d8:c1076, 6eae0c21-01aa-4169-956f-5952b26ea7ba:c1074, 8d7dcba1-3b82-4d94-a832-514ef5c79cf8:c1074]
2019-08-21 02:17:12,555 [grpc-default-executor-0] INFO  client.GrpcClientProtocolClient (GrpcClientProtocolClient.java:onNext(255)) - client-54CC064C3FCE->8224e767-71c1-41fc-a01a-d172d48fd9d8: receive RaftClientReply:client-54CC064C3FCE->8224e767-71c1-41fc-a01a-d172d48fd9d8@group-F6B37CC92441, cid=834, SUCCESS, logIndex=1076, commits[8224e767-71c1-41fc-a01a-d172d48fd9d8:c1076, 6eae0c21-01aa-4169-956f-5952b26ea7ba:c1074, 8d7dcba1-3b82-4d94-a832-514ef5c79cf8:c1074]
2019-08-21 02:17:12,564 | INFO  | DNAudit | user=null | ip=null | op=WRITE_CHUNK {blockData=conID: 3 locID: 102652564581646762 bcsId: 1076} | ret=SUCCESS |  
2019-08-21 02:17:12,566 | INFO  | DNAudit | user=null | ip=null | op=WRITE_CHUNK {blockData=conID: 3 locID: 102652564581646762 bcsId: 1070} | ret=SUCCESS |  
2019-08-21 02:17:12,566 | INFO  | DNAudit | user=null | ip=null | op=WRITE_CHUNK {blockData=conID: 3 locID: 102652564581646762 bcsId: 1070} | ret=SUCCESS |  
2019-08-21 02:17:12,567 | INFO  | DNAudit | user=null | ip=null | op=WRITE_CHUNK {blockData=conID: 3 locID: 102652564581646762 bcsId: 1076} | ret=SUCCESS |  
2019-08-21 02:17:12,567 | INFO  | DNAudit | user=null | ip=null | op=WRITE_CHUNK {blockData=conID: 3 locID: 102652564581646762 bcsId: 1076} | ret=SUCCESS |  
2019-08-21 02:17:12,568 | INFO  | DNAudit | user=null | ip=null | op=PUT_BLOCK {blockData=[blockId=conID: 3 locID: 102652564581646762 bcsId: 0,size=3145728]} | ret=SUCCESS |  
2019-08-21 02:17:12,568 | INFO  | DNAudit | user=null | ip=null | op=PUT_BLOCK {blockData=[blockId=conID: 3 locID: 102652564581646762 bcsId: 0,size=3145728]} | ret=SUCCESS |  
2019-08-21 02:17:12,579 | INFO  | DNAudit | user=null | ip=null | op=WRITE_CHUNK {blockData=conID: 3 locID: 102652564581646762 bcsId: 1076} | ret=SUCCESS |  
2019-08-21 02:17:12,580 | INFO  | DNAudit | user=null | ip=null | op=PUT_BLOCK {blockData=[blockId=conID: 3 locID: 102652564581646762 bcsId: 0,size=4194304]} | ret=SUCCESS |  
2019-08-21 02:17:12,580 [grpc-default-executor-4] INFO  client.GrpcClientProtocolClient (GrpcClientProtocolClient.java:onNext(255)) - client-54CC064C3FCE->8224e767-71c1-41fc-a01a-d172d48fd9d8: receive RaftClientReply:client-54CC064C3FCE->8224e767-71c1-41fc-a01a-d172d48fd9d8@group-F6B37CC92441, cid=835, SUCCESS, logIndex=1079, commits[8224e767-71c1-41fc-a01a-d172d48fd9d8:c1080, 6eae0c21-01aa-4169-956f-5952b26ea7ba:c1076, 8d7dcba1-3b82-4d94-a832-514ef5c79cf8:c1076]
2019-08-21 02:17:12,581 [grpc-default-executor-4] INFO  client.GrpcClientProtocolClient (GrpcClientProtocolClient.java:onNext(255)) - client-54CC064C3FCE->8224e767-71c1-41fc-a01a-d172d48fd9d8: receive RaftClientReply:client-54CC064C3FCE->8224e767-71c1-41fc-a01a-d172d48fd9d8@group-F6B37CC92441, cid=836, SUCCESS, logIndex=1080, commits[8224e767-71c1-41fc-a01a-d172d48fd9d8:c1080, 6eae0c21-01aa-4169-956f-5952b26ea7ba:c1076, 8d7dcba1-3b82-4d94-a832-514ef5c79cf8:c1076]
2019-08-21 02:17:12,583 | INFO  | DNAudit | user=null | ip=null | op=WRITE_CHUNK {blockData=conID: 3 locID: 102652564581646762 bcsId: 1076} | ret=SUCCESS |  
2019-08-21 02:17:12,583 | INFO  | DNAudit | user=null | ip=null | op=WRITE_CHUNK {blockData=conID: 3 locID: 102652564581646762 bcsId: 1076} | ret=SUCCESS |  
2019-08-21 02:17:12,583 | INFO  | DNAudit | user=null | ip=null | op=PUT_BLOCK {blockData=[blockId=conID: 3 locID: 102652564581646762 bcsId: 0,size=4194304]} | ret=SUCCESS |  
2019-08-21 02:17:12,583 | INFO  | DNAudit | user=null | ip=null | op=PUT_BLOCK {blockData=[blockId=conID: 3 locID: 102652564581646762 bcsId: 0,size=4194304]} | ret=SUCCESS |  
2019-08-21 02:17:12,584 [grpc-default-executor-4] INFO  client.GrpcClientProtocolClient (GrpcClientProtocolClient.java:onNext(255)) - client-54CC064C3FCE->8224e767-71c1-41fc-a01a-d172d48fd9d8: receive RaftClientReply:client-54CC064C3FCE->8224e767-71c1-41fc-a01a-d172d48fd9d8@group-F6B37CC92441, cid=837, SUCCESS, logIndex=0, commits[8224e767-71c1-41fc-a01a-d172d48fd9d8:c1081, 6eae0c21-01aa-4169-956f-5952b26ea7ba:c1080, 8d7dcba1-3b82-4d94-a832-514ef5c79cf8:c1080]
2019-08-21 02:17:12,593 | INFO  | DNAudit | user=null | ip=null | op=WRITE_CHUNK {blockData=conID: 1 locID: 102652564581646763 bcsId: 0} | ret=SUCCESS |  
2019-08-21 02:17:12,596 | INFO  | DNAudit | user=null | ip=null | op=WRITE_CHUNK {blockData=conID: 1 locID: 102652564581646763 bcsId: 0} | ret=SUCCESS |  
2019-08-21 02:17:12,597 | INFO  | DNAudit | user=null | ip=null | op=WRITE_CHUNK {blockData=conID: 1 locID: 102652564581646763 bcsId: 0} | ret=SUCCESS |  
2019-08-21 02:17:12,598 | INFO  | DNAudit | user=null | ip=null | op=WRITE_CHUNK {blockData=conID: 1 locID: 102652564581646763 bcsId: 0} | ret=SUCCESS |  
2019-08-21 02:17:12,599 | INFO  | DNAudit | user=null | ip=null | op=WRITE_CHUNK {blockData=conID: 1 locID: 102652564581646763 bcsId: 0} | ret=SUCCESS |  
2019-08-21 02:17:12,600 | INFO  | DNAudit | user=null | ip=null | op=WRITE_CHUNK {blockData=conID: 1 locID: 102652564581646763 bcsId: 0} | ret=SUCCESS |  
2019-08-21 02:17:12,615 | INFO  | DNAudit | user=null | ip=null | op=WRITE_CHUNK {blockData=conID: 1 locID: 102652564581646763 bcsId: 0} | ret=SUCCESS |  
2019-08-21 02:17:12,615 | INFO  | DNAudit | user=null | ip=null | op=PUT_BLOCK {blockData=[blockId=conID: 1 locID: 102652564581646763 bcsId: 0,size=1048576]} | ret=SUCCESS |  
2019-08-21 02:17:12,616 | INFO  | DNAudit | user=null | ip=null | op=WRITE_CHUNK {blockData=conID: 1 locID: 102652564581646763 bcsId: 0} | ret=SUCCESS |  
2019-08-21 02:17:12,616 [grpc-default-executor-2] INFO  client.GrpcClientProtocolClient (GrpcClientProtocolClient.java:onNext(255)) - client-54CC064C3FCE->8224e767-71c1-41fc-a01a-d172d48fd9d8: receive RaftClientReply:client-54CC064C3FCE->8224e767-71c1-41fc-a01a-d172d48fd9d8@group-F6B37CC92441, cid=838, SUCCESS, logIndex=1083, commits[8224e767-71c1-41fc-a01a-d172d48fd9d8:c1084, 6eae0c21-01aa-4169-956f-5952b26ea7ba:c1081, 8d7dcba1-3b82-4d94-a832-514ef5c79cf8:c1081]
2019-08-21 02:17:12,616 | INFO  | DNAudit | user=null | ip=null | op=PUT_BLOCK {blockData=[blockId=conID: 1 locID: 102652564581646763 bcsId: 0,size=2097152]} | ret=SUCCESS |  
2019-08-21 02:17:12,617 [grpc-default-executor-2] INFO  client.GrpcClientProtocolClient (GrpcClientProtocolClient.java:onNext(255)) - client-54CC064C3FCE->8224e767-71c1-41fc-a01a-d172d48fd9d8: receive RaftClientReply:client-54CC064C3FCE->8224e767-71c1-41fc-a01a-d172d48fd9d8@group-F6B37CC92441, cid=839, SUCCESS, logIndex=1084, commits[8224e767-71c1-41fc-a01a-d172d48fd9d8:c1084, 6eae0c21-01aa-4169-956f-5952b26ea7ba:c1081, 8d7dcba1-3b82-4d94-a832-514ef5c79cf8:c1082]
2019-08-21 02:17:12,617 [grpc-default-executor-2] INFO  client.GrpcClientProtocolClient (GrpcClientProtocolClient.java:onNext(255)) - client-54CC064C3FCE->8224e767-71c1-41fc-a01a-d172d48fd9d8: receive RaftClientReply:client-54CC064C3FCE->8224e767-71c1-41fc-a01a-d172d48fd9d8@group-F6B37CC92441, cid=840, SUCCESS, logIndex=1085, commits[8224e767-71c1-41fc-a01a-d172d48fd9d8:c1086, 6eae0c21-01aa-4169-956f-5952b26ea7ba:c1081, 8d7dcba1-3b82-4d94-a832-514ef5c79cf8:c1082]
2019-08-21 02:17:12,617 | INFO  | DNAudit | user=null | ip=null | op=WRITE_CHUNK {blockData=conID: 1 locID: 102652564581646763 bcsId: 0} | ret=SUCCESS |  
2019-08-21 02:17:12,618 [grpc-default-executor-2] INFO  client.GrpcClientProtocolClient (GrpcClientProtocolClient.java:onNext(255)) - client-54CC064C3FCE->8224e767-71c1-41fc-a01a-d172d48fd9d8: receive RaftClientReply:client-54CC064C3FCE->8224e767-71c1-41fc-a01a-d172d48fd9d8@group-F6B37CC92441, cid=841, SUCCESS, logIndex=1086, commits[8224e767-71c1-41fc-a01a-d172d48fd9d8:c1086, 6eae0c21-01aa-4169-956f-5952b26ea7ba:c1082, 8d7dcba1-3b82-4d94-a832-514ef5c79cf8:c1082]
2019-08-21 02:17:12,619 | INFO  | DNAudit | user=null | ip=null | op=WRITE_CHUNK {blockData=conID: 1 locID: 102652564581646763 bcsId: 0} | ret=SUCCESS |  
2019-08-21 02:17:12,619 | INFO  | DNAudit | user=null | ip=null | op=PUT_BLOCK {blockData=[blockId=conID: 1 locID: 102652564581646763 bcsId: 0,size=1048576]} | ret=SUCCESS |  
2019-08-21 02:17:12,620 | INFO  | DNAudit | user=null | ip=null | op=WRITE_CHUNK {blockData=conID: 1 locID: 102652564581646763 bcsId: 0} | ret=SUCCESS |  
2019-08-21 02:17:12,620 | INFO  | DNAudit | user=null | ip=null | op=PUT_BLOCK {blockData=[blockId=conID: 1 locID: 102652564581646763 bcsId: 0,size=1048576]} | ret=SUCCESS |  
2019-08-21 02:17:12,620 | INFO  | DNAudit | user=null | ip=null | op=PUT_BLOCK {blockData=[blockId=conID: 1 locID: 102652564581646763 bcsId: 0,size=2097152]} | ret=SUCCESS |  
2019-08-21 02:17:12,620 | INFO  | DNAudit | user=null | ip=null | op=WRITE_CHUNK {blockData=conID: 1 locID: 102652564581646763 bcsId: 0} | ret=SUCCESS |  
2019-08-21 02:17:12,620 | INFO  | DNAudit | user=null | ip=null | op=PUT_BLOCK {blockData=[blockId=conID: 1 locID: 102652564581646763 bcsId: 0,size=2097152]} | ret=SUCCESS |  
2019-08-21 02:17:12,620 [grpc-default-executor-2] INFO  client.GrpcClientProtocolClient (GrpcClientProtocolClient.java:onNext(255)) - client-54CC064C3FCE->8224e767-71c1-41fc-a01a-d172d48fd9d8: receive RaftClientReply:client-54CC064C3FCE->8224e767-71c1-41fc-a01a-d172d48fd9d8@group-F6B37CC92441, cid=842, SUCCESS, logIndex=0, commits[8224e767-71c1-41fc-a01a-d172d48fd9d8:c1087, 6eae0c21-01aa-4169-956f-5952b26ea7ba:c1084, 8d7dcba1-3b82-4d94-a832-514ef5c79cf8:c1084]
2019-08-21 02:17:12,629 | INFO  | DNAudit | user=null | ip=null | op=WRITE_CHUNK {blockData=conID: 1 locID: 102652564581646763 bcsId: 1086} | ret=SUCCESS |  
2019-08-21 02:17:12,631 | INFO  | DNAudit | user=null | ip=null | op=WRITE_CHUNK {blockData=conID: 1 locID: 102652564581646763 bcsId: 1086} | ret=SUCCESS |  
2019-08-21 02:17:12,632 | INFO  | DNAudit | user=null | ip=null | op=WRITE_CHUNK {blockData=conID: 1 locID: 102652564581646763 bcsId: 1086} | ret=SUCCESS |  
2019-08-21 02:17:12,641 | INFO  | DNAudit | user=null | ip=null | op=WRITE_CHUNK {blockData=conID: 1 locID: 102652564581646763 bcsId: 1086} | ret=SUCCESS |  
2019-08-21 02:17:12,642 | INFO  | DNAudit | user=null | ip=null | op=PUT_BLOCK {blockData=[blockId=conID: 1 locID: 102652564581646763 bcsId: 0,size=3145728]} | ret=SUCCESS |  
2019-08-21 02:17:12,642 [grpc-default-executor-0] INFO  client.GrpcClientProtocolClient (GrpcClientProtocolClient.java:onNext(255)) - client-54CC064C3FCE->8224e767-71c1-41fc-a01a-d172d48fd9d8: receive RaftClientReply:client-54CC064C3FCE->8224e767-71c1-41fc-a01a-d172d48fd9d8@group-F6B37CC92441, cid=843, SUCCESS, logIndex=1091, commits[8224e767-71c1-41fc-a01a-d172d48fd9d8:c1092, 6eae0c21-01aa-4169-956f-5952b26ea7ba:c1090, 8d7dcba1-3b82-4d94-a832-514ef5c79cf8:c1090]
2019-08-21 02:17:12,643 [grpc-default-executor-0] INFO  client.GrpcClientProtocolClient (GrpcClientProtocolClient.java:onNext(255)) - client-54CC064C3FCE->8224e767-71c1-41fc-a01a-d172d48fd9d8: receive RaftClientReply:client-54CC064C3FCE->8224e767-71c1-41fc-a01a-d172d48fd9d8@group-F6B37CC92441, cid=844, SUCCESS, logIndex=1092, commits[8224e767-71c1-41fc-a01a-d172d48fd9d8:c1092, 6eae0c21-01aa-4169-956f-5952b26ea7ba:c1090, 8d7dcba1-3b82-4d94-a832-514ef5c79cf8:c1090]
2019-08-21 02:17:12,651 | INFO  | DNAudit | user=null | ip=null | op=WRITE_CHUNK {blockData=conID: 1 locID: 102652564581646763 bcsId: 1092} | ret=SUCCESS |  
 0.00% |█                                                                                                    |  0/1 Time: 0:00:032019-08-21 02:17:12,653 | INFO  | DNAudit | user=null | ip=null | op=WRITE_CHUNK {blockData=conID: 1 locID: 102652564581646763 bcsId: 1086} | ret=SUCCESS |  
2019-08-21 02:17:12,653 | INFO  | DNAudit | user=null | ip=null | op=WRITE_CHUNK {blockData=conID: 1 locID: 102652564581646763 bcsId: 1086} | ret=SUCCESS |  
2019-08-21 02:17:12,654 | INFO  | DNAudit | user=null | ip=null | op=WRITE_CHUNK {blockData=conID: 1 locID: 102652564581646763 bcsId: 1092} | ret=SUCCESS |  
2019-08-21 02:17:12,654 | INFO  | DNAudit | user=null | ip=null | op=WRITE_CHUNK {blockData=conID: 1 locID: 102652564581646763 bcsId: 1092} | ret=SUCCESS |  
2019-08-21 02:17:12,666 | INFO  | DNAudit | user=null | ip=null | op=PUT_BLOCK {blockData=[blockId=conID: 1 locID: 102652564581646763 bcsId: 0,size=3145728]} | ret=SUCCESS |  
2019-08-21 02:17:12,666 | INFO  | DNAudit | user=null | ip=null | op=PUT_BLOCK {blockData=[blockId=conID: 1 locID: 102652564581646763 bcsId: 0,size=3145728]} | ret=SUCCESS |  
2019-08-21 02:17:12,666 | INFO  | DNAudit | user=null | ip=null | op=WRITE_CHUNK {blockData=conID: 1 locID: 102652564581646763 bcsId: 1092} | ret=SUCCESS |  
2019-08-21 02:17:12,667 | INFO  | DNAudit | user=null | ip=null | op=PUT_BLOCK {blockData=[blockId=conID: 1 locID: 102652564581646763 bcsId: 0,size=4194304]} | ret=SUCCESS |  
2019-08-21 02:17:12,667 [grpc-default-executor-0] INFO  client.GrpcClientProtocolClient (GrpcClientProtocolClient.java:onNext(255)) - client-54CC064C3FCE->8224e767-71c1-41fc-a01a-d172d48fd9d8: receive RaftClientReply:client-54CC064C3FCE->8224e767-71c1-41fc-a01a-d172d48fd9d8@group-F6B37CC92441, cid=845, SUCCESS, logIndex=1095, commits[8224e767-71c1-41fc-a01a-d172d48fd9d8:c1096, 6eae0c21-01aa-4169-956f-5952b26ea7ba:c1092, 8d7dcba1-3b82-4d94-a832-514ef5c79cf8:c1092]
2019-08-21 02:17:12,668 [grpc-default-executor-0] INFO  client.GrpcClientProtocolClient (GrpcClientProtocolClient.java:onNext(255)) - client-54CC064C3FCE->8224e767-71c1-41fc-a01a-d172d48fd9d8: receive RaftClientReply:client-54CC064C3FCE->8224e767-71c1-41fc-a01a-d172d48fd9d8@group-F6B37CC92441, cid=846, SUCCESS, logIndex=1096, commits[8224e767-71c1-41fc-a01a-d172d48fd9d8:c1096, 6eae0c21-01aa-4169-956f-5952b26ea7ba:c1092, 8d7dcba1-3b82-4d94-a832-514ef5c79cf8:c1092]
2019-08-21 02:17:12,678 | INFO  | DNAudit | user=null | ip=null | op=WRITE_CHUNK {blockData=conID: 1 locID: 102652564581646763 bcsId: 1092} | ret=SUCCESS |  
2019-08-21 02:17:12,678 | INFO  | DNAudit | user=null | ip=null | op=WRITE_CHUNK {blockData=conID: 1 locID: 102652564581646763 bcsId: 1092} | ret=SUCCESS |  
2019-08-21 02:17:12,678 | INFO  | DNAudit | user=null | ip=null | op=PUT_BLOCK {blockData=[blockId=conID: 1 locID: 102652564581646763 bcsId: 0,size=4194304]} | ret=SUCCESS |  
2019-08-21 02:17:12,679 | INFO  | DNAudit | user=null | ip=null | op=PUT_BLOCK {blockData=[blockId=conID: 1 locID: 102652564581646763 bcsId: 0,size=4194304]} | ret=SUCCESS |  
2019-08-21 02:17:12,680 [grpc-default-executor-0] INFO  client.GrpcClientProtocolClient (GrpcClientProtocolClient.java:onNext(255)) - client-54CC064C3FCE->8224e767-71c1-41fc-a01a-d172d48fd9d8: receive RaftClientReply:client-54CC064C3FCE->8224e767-71c1-41fc-a01a-d172d48fd9d8@group-F6B37CC92441, cid=847, SUCCESS, logIndex=0, commits[8224e767-71c1-41fc-a01a-d172d48fd9d8:c1097, 6eae0c21-01aa-4169-956f-5952b26ea7ba:c1096, 8d7dcba1-3b82-4d94-a832-514ef5c79cf8:c1096]
2019-08-21 02:17:12,690 | INFO  | DNAudit | user=null | ip=null | op=WRITE_CHUNK {blockData=conID: 2 locID: 102652564581646764 bcsId: 0} | ret=SUCCESS |  
2019-08-21 02:17:12,693 | INFO  | DNAudit | user=null | ip=null | op=WRITE_CHUNK {blockData=conID: 2 locID: 102652564581646764 bcsId: 0} | ret=SUCCESS |  
2019-08-21 02:17:12,693 | INFO  | DNAudit | user=null | ip=null | op=WRITE_CHUNK {blockData=conID: 2 locID: 102652564581646764 bcsId: 0} | ret=SUCCESS |  
2019-08-21 02:17:12,693 | INFO  | DNAudit | user=null | ip=null | op=WRITE_CHUNK {blockData=conID: 2 locID: 102652564581646764 bcsId: 0} | ret=SUCCESS |  
2019-08-21 02:17:12,694 | INFO  | DNAudit | user=null | ip=null | op=WRITE_CHUNK {blockData=conID: 2 locID: 102652564581646764 bcsId: 0} | ret=SUCCESS |  
2019-08-21 02:17:12,695 | INFO  | DNAudit | user=null | ip=null | op=WRITE_CHUNK {blockData=conID: 2 locID: 102652564581646764 bcsId: 0} | ret=SUCCESS |  
2019-08-21 02:17:12,703 | INFO  | DNAudit | user=null | ip=null | op=WRITE_CHUNK {blockData=conID: 2 locID: 102652564581646764 bcsId: 0} | ret=SUCCESS |  
2019-08-21 02:17:12,704 | INFO  | DNAudit | user=null | ip=null | op=PUT_BLOCK {blockData=[blockId=conID: 2 locID: 102652564581646764 bcsId: 0,size=1048576]} | ret=SUCCESS |  
2019-08-21 02:17:12,704 | INFO  | DNAudit | user=null | ip=null | op=WRITE_CHUNK {blockData=conID: 2 locID: 102652564581646764 bcsId: 0} | ret=SUCCESS |  
2019-08-21 02:17:12,704 [grpc-default-executor-1] INFO  client.GrpcClientProtocolClient (GrpcClientProtocolClient.java:onNext(255)) - client-54CC064C3FCE->8224e767-71c1-41fc-a01a-d172d48fd9d8: receive RaftClientReply:client-54CC064C3FCE->8224e767-71c1-41fc-a01a-d172d48fd9d8@group-F6B37CC92441, cid=848, SUCCESS, logIndex=1099, commits[8224e767-71c1-41fc-a01a-d172d48fd9d8:c1100, 6eae0c21-01aa-4169-956f-5952b26ea7ba:c1098, 8d7dcba1-3b82-4d94-a832-514ef5c79cf8:c1098]
2019-08-21 02:17:12,705 | INFO  | DNAudit | user=null | ip=null | op=PUT_BLOCK {blockData=[blockId=conID: 2 locID: 102652564581646764 bcsId: 0,size=2097152]} | ret=SUCCESS |  
2019-08-21 02:17:12,705 | INFO  | DNAudit | user=null | ip=null | op=WRITE_CHUNK {blockData=conID: 2 locID: 102652564581646764 bcsId: 0} | ret=SUCCESS |  
2019-08-21 02:17:12,705 | INFO  | DNAudit | user=null | ip=null | op=WRITE_CHUNK {blockData=conID: 2 locID: 102652564581646764 bcsId: 0} | ret=SUCCESS |  
2019-08-21 02:17:12,705 [grpc-default-executor-2] INFO  client.GrpcClientProtocolClient (GrpcClientProtocolClient.java:onNext(255)) - client-54CC064C3FCE->8224e767-71c1-41fc-a01a-d172d48fd9d8: receive RaftClientReply:client-54CC064C3FCE->8224e767-71c1-41fc-a01a-d172d48fd9d8@group-F6B37CC92441, cid=849, SUCCESS, logIndex=1100, commits[8224e767-71c1-41fc-a01a-d172d48fd9d8:c1102, 6eae0c21-01aa-4169-956f-5952b26ea7ba:c1098, 8d7dcba1-3b82-4d94-a832-514ef5c79cf8:c1098]
2019-08-21 02:17:12,705 [grpc-default-executor-2] INFO  client.GrpcClientProtocolClient (GrpcClientProtocolClient.java:onNext(255)) - client-54CC064C3FCE->8224e767-71c1-41fc-a01a-d172d48fd9d8: receive RaftClientReply:client-54CC064C3FCE->8224e767-71c1-41fc-a01a-d172d48fd9d8@group-F6B37CC92441, cid=850, SUCCESS, logIndex=1101, commits[8224e767-71c1-41fc-a01a-d172d48fd9d8:c1102, 6eae0c21-01aa-4169-956f-5952b26ea7ba:c1098, 8d7dcba1-3b82-4d94-a832-514ef5c79cf8:c1098]
2019-08-21 02:17:12,705 [grpc-default-executor-2] INFO  client.GrpcClientProtocolClient (GrpcClientProtocolClient.java:onNext(255)) - client-54CC064C3FCE->8224e767-71c1-41fc-a01a-d172d48fd9d8: receive RaftClientReply:client-54CC064C3FCE->8224e767-71c1-41fc-a01a-d172d48fd9d8@group-F6B37CC92441, cid=851, SUCCESS, logIndex=1102, commits[8224e767-71c1-41fc-a01a-d172d48fd9d8:c1103, 6eae0c21-01aa-4169-956f-5952b26ea7ba:c1099, 8d7dcba1-3b82-4d94-a832-514ef5c79cf8:c1098]
2019-08-21 02:17:12,708 | INFO  | DNAudit | user=null | ip=null | op=PUT_BLOCK {blockData=[blockId=conID: 2 locID: 102652564581646764 bcsId: 0,size=1048576]} | ret=SUCCESS |  
2019-08-21 02:17:12,708 | INFO  | DNAudit | user=null | ip=null | op=PUT_BLOCK {blockData=[blockId=conID: 2 locID: 102652564581646764 bcsId: 0,size=1048576]} | ret=SUCCESS |  
2019-08-21 02:17:12,708 | INFO  | DNAudit | user=null | ip=null | op=WRITE_CHUNK {blockData=conID: 2 locID: 102652564581646764 bcsId: 0} | ret=SUCCESS |  
2019-08-21 02:17:12,708 | INFO  | DNAudit | user=null | ip=null | op=WRITE_CHUNK {blockData=conID: 2 locID: 102652564581646764 bcsId: 0} | ret=SUCCESS |  
2019-08-21 02:17:12,708 | INFO  | DNAudit | user=null | ip=null | op=PUT_BLOCK {blockData=[blockId=conID: 2 locID: 102652564581646764 bcsId: 0,size=2097152]} | ret=SUCCESS |  
2019-08-21 02:17:12,708 | INFO  | DNAudit | user=null | ip=null | op=PUT_BLOCK {blockData=[blockId=conID: 2 locID: 102652564581646764 bcsId: 0,size=2097152]} | ret=SUCCESS |  
2019-08-21 02:17:12,708 [grpc-default-executor-1] INFO  client.GrpcClientProtocolClient (GrpcClientProtocolClient.java:onNext(255)) - client-54CC064C3FCE->8224e767-71c1-41fc-a01a-d172d48fd9d8: receive RaftClientReply:client-54CC064C3FCE->8224e767-71c1-41fc-a01a-d172d48fd9d8@group-F6B37CC92441, cid=852, SUCCESS, logIndex=0, commits[8224e767-71c1-41fc-a01a-d172d48fd9d8:c1104, 6eae0c21-01aa-4169-956f-5952b26ea7ba:c1100, 8d7dcba1-3b82-4d94-a832-514ef5c79cf8:c1100]
2019-08-21 02:17:12,716 | INFO  | DNAudit | user=null | ip=null | op=WRITE_CHUNK {blockData=conID: 2 locID: 102652564581646764 bcsId: 1102} | ret=SUCCESS |  
2019-08-21 02:17:12,718 | INFO  | DNAudit | user=null | ip=null | op=WRITE_CHUNK {blockData=conID: 2 locID: 102652564581646764 bcsId: 1102} | ret=SUCCESS |  
2019-08-21 02:17:12,719 | INFO  | DNAudit | user=null | ip=null | op=WRITE_CHUNK {blockData=conID: 2 locID: 102652564581646764 bcsId: 1102} | ret=SUCCESS |  
2019-08-21 02:17:12,731 | INFO  | DNAudit | user=null | ip=null | op=WRITE_CHUNK {blockData=conID: 2 locID: 102652564581646764 bcsId: 1102} | ret=SUCCESS |  
2019-08-21 02:17:12,731 | INFO  | DNAudit | user=null | ip=null | op=PUT_BLOCK {blockData=[blockId=conID: 2 locID: 102652564581646764 bcsId: 0,size=3145728]} | ret=SUCCESS |  
2019-08-21 02:17:12,731 [grpc-default-executor-4] INFO  client.GrpcClientProtocolClient (GrpcClientProtocolClient.java:onNext(255)) - client-54CC064C3FCE->8224e767-71c1-41fc-a01a-d172d48fd9d8: receive RaftClientReply:client-54CC064C3FCE->8224e767-71c1-41fc-a01a-d172d48fd9d8@group-F6B37CC92441, cid=853, SUCCESS, logIndex=1106, commits[8224e767-71c1-41fc-a01a-d172d48fd9d8:c1107, 6eae0c21-01aa-4169-956f-5952b26ea7ba:c1104, 8d7dcba1-3b82-4d94-a832-514ef5c79cf8:c1104]
2019-08-21 02:17:12,732 [grpc-default-executor-4] INFO  client.GrpcClientProtocolClient (GrpcClientProtocolClient.java:onNext(255)) - client-54CC064C3FCE->8224e767-71c1-41fc-a01a-d172d48fd9d8: receive RaftClientReply:client-54CC064C3FCE->8224e767-71c1-41fc-a01a-d172d48fd9d8@group-F6B37CC92441, cid=854, SUCCESS, logIndex=1107, commits[8224e767-71c1-41fc-a01a-d172d48fd9d8:c1107, 6eae0c21-01aa-4169-956f-5952b26ea7ba:c1104, 8d7dcba1-3b82-4d94-a832-514ef5c79cf8:c1104]
2019-08-21 02:17:12,739 | INFO  | DNAudit | user=null | ip=null | op=WRITE_CHUNK {blockData=conID: 2 locID: 102652564581646764 bcsId: 1107} | ret=SUCCESS |  
2019-08-21 02:17:12,741 | INFO  | DNAudit | user=null | ip=null | op=WRITE_CHUNK {blockData=conID: 2 locID: 102652564581646764 bcsId: 1107} | ret=SUCCESS |  
2019-08-21 02:17:12,742 | INFO  | DNAudit | user=null | ip=null | op=WRITE_CHUNK {blockData=conID: 2 locID: 102652564581646764 bcsId: 1107} | ret=SUCCESS |  
2019-08-21 02:17:12,743 | INFO  | DNAudit | user=null | ip=null | op=WRITE_CHUNK {blockData=conID: 2 locID: 102652564581646764 bcsId: 1102} | ret=SUCCESS |  
2019-08-21 02:17:12,743 | INFO  | DNAudit | user=null | ip=null | op=WRITE_CHUNK {blockData=conID: 2 locID: 102652564581646764 bcsId: 1102} | ret=SUCCESS |  
2019-08-21 02:17:12,743 | INFO  | DNAudit | user=null | ip=null | op=PUT_BLOCK {blockData=[blockId=conID: 2 locID: 102652564581646764 bcsId: 0,size=3145728]} | ret=SUCCESS |  
2019-08-21 02:17:12,743 | INFO  | DNAudit | user=null | ip=null | op=PUT_BLOCK {blockData=[blockId=conID: 2 locID: 102652564581646764 bcsId: 0,size=3145728]} | ret=SUCCESS |  
2019-08-21 02:17:12,744 | INFO  | DNAudit | user=null | ip=null | op=WRITE_CHUNK {blockData=conID: 2 locID: 102652564581646764 bcsId: 1107} | ret=SUCCESS |  
2019-08-21 02:17:12,745 | INFO  | DNAudit | user=null | ip=null | op=PUT_BLOCK {blockData=[blockId=conID: 2 locID: 102652564581646764 bcsId: 0,size=4194304]} | ret=SUCCESS |  
2019-08-21 02:17:12,745 [grpc-default-executor-1] INFO  client.GrpcClientProtocolClient (GrpcClientProtocolClient.java:onNext(255)) - client-54CC064C3FCE->8224e767-71c1-41fc-a01a-d172d48fd9d8: receive RaftClientReply:client-54CC064C3FCE->8224e767-71c1-41fc-a01a-d172d48fd9d8@group-F6B37CC92441, cid=855, SUCCESS, logIndex=1110, commits[8224e767-71c1-41fc-a01a-d172d48fd9d8:c1110, 6eae0c21-01aa-4169-956f-5952b26ea7ba:c1107, 8d7dcba1-3b82-4d94-a832-514ef5c79cf8:c1107]
2019-08-21 02:17:12,745 [grpc-default-executor-1] INFO  client.GrpcClientProtocolClient (GrpcClientProtocolClient.java:onNext(255)) - client-54CC064C3FCE->8224e767-71c1-41fc-a01a-d172d48fd9d8: receive RaftClientReply:client-54CC064C3FCE->8224e767-71c1-41fc-a01a-d172d48fd9d8@group-F6B37CC92441, cid=856, SUCCESS, logIndex=1111, commits[8224e767-71c1-41fc-a01a-d172d48fd9d8:c1111, 6eae0c21-01aa-4169-956f-5952b26ea7ba:c1107, 8d7dcba1-3b82-4d94-a832-514ef5c79cf8:c1107]
2019-08-21 02:17:12,756 | INFO  | DNAudit | user=null | ip=null | op=WRITE_CHUNK {blockData=conID: 2 locID: 102652564581646764 bcsId: 1107} | ret=SUCCESS |  
2019-08-21 02:17:12,756 | INFO  | DNAudit | user=null | ip=null | op=WRITE_CHUNK {blockData=conID: 2 locID: 102652564581646764 bcsId: 1107} | ret=SUCCESS |  
2019-08-21 02:17:12,759 | INFO  | DNAudit | user=null | ip=null | op=PUT_BLOCK {blockData=[blockId=conID: 2 locID: 102652564581646764 bcsId: 0,size=4194304]} | ret=SUCCESS |  
2019-08-21 02:17:12,759 | INFO  | DNAudit | user=null | ip=null | op=PUT_BLOCK {blockData=[blockId=conID: 2 locID: 102652564581646764 bcsId: 0,size=4194304]} | ret=SUCCESS |  
2019-08-21 02:17:12,760 [grpc-default-executor-2] INFO  client.GrpcClientProtocolClient (GrpcClientProtocolClient.java:onNext(255)) - client-54CC064C3FCE->8224e767-71c1-41fc-a01a-d172d48fd9d8: receive RaftClientReply:client-54CC064C3FCE->8224e767-71c1-41fc-a01a-d172d48fd9d8@group-F6B37CC92441, cid=857, SUCCESS, logIndex=0, commits[8224e767-71c1-41fc-a01a-d172d48fd9d8:c1113, 6eae0c21-01aa-4169-956f-5952b26ea7ba:c1111, 8d7dcba1-3b82-4d94-a832-514ef5c79cf8:c1111]
2019-08-21 02:17:12,768 | INFO  | DNAudit | user=null | ip=null | op=WRITE_CHUNK {blockData=conID: 3 locID: 102652564581646765 bcsId: 0} | ret=SUCCESS |  
2019-08-21 02:17:12,771 | INFO  | DNAudit | user=null | ip=null | op=WRITE_CHUNK {blockData=conID: 3 locID: 102652564581646765 bcsId: 0} | ret=SUCCESS |  
2019-08-21 02:17:12,771 | INFO  | DNAudit | user=null | ip=null | op=WRITE_CHUNK {blockData=conID: 3 locID: 102652564581646765 bcsId: 0} | ret=SUCCESS |  
2019-08-21 02:17:12,772 | INFO  | DNAudit | user=null | ip=null | op=WRITE_CHUNK {blockData=conID: 3 locID: 102652564581646765 bcsId: 0} | ret=SUCCESS |  
2019-08-21 02:17:12,773 | INFO  | DNAudit | user=null | ip=null | op=WRITE_CHUNK {blockData=conID: 3 locID: 102652564581646765 bcsId: 0} | ret=SUCCESS |  
2019-08-21 02:17:12,774 | INFO  | DNAudit | user=null | ip=null | op=WRITE_CHUNK {blockData=conID: 3 locID: 102652564581646765 bcsId: 0} | ret=SUCCESS |  
2019-08-21 02:17:12,781 | INFO  | DNAudit | user=null | ip=null | op=WRITE_CHUNK {blockData=conID: 3 locID: 102652564581646765 bcsId: 0} | ret=SUCCESS |  
2019-08-21 02:17:12,781 | INFO  | DNAudit | user=null | ip=null | op=PUT_BLOCK {blockData=[blockId=conID: 3 locID: 102652564581646765 bcsId: 0,size=1048576]} | ret=SUCCESS |  
2019-08-21 02:17:12,781 [grpc-default-executor-4] INFO  client.GrpcClientProtocolClient (GrpcClientProtocolClient.java:onNext(255)) - client-54CC064C3FCE->8224e767-71c1-41fc-a01a-d172d48fd9d8: receive RaftClientReply:client-54CC064C3FCE->8224e767-71c1-41fc-a01a-d172d48fd9d8@group-F6B37CC92441, cid=858, SUCCESS, logIndex=1114, commits[8224e767-71c1-41fc-a01a-d172d48fd9d8:c1117, 6eae0c21-01aa-4169-956f-5952b26ea7ba:c1113, 8d7dcba1-3b82-4d94-a832-514ef5c79cf8:c1111]
2019-08-21 02:17:12,781 | INFO  | DNAudit | user=null | ip=null | op=WRITE_CHUNK {blockData=conID: 3 locID: 102652564581646765 bcsId: 0} | ret=SUCCESS |  
2019-08-21 02:17:12,782 | INFO  | DNAudit | user=null | ip=null | op=PUT_BLOCK {blockData=[blockId=conID: 3 locID: 102652564581646765 bcsId: 0,size=2097152]} | ret=SUCCESS |  
2019-08-21 02:17:12,782 [grpc-default-executor-4] INFO  client.GrpcClientProtocolClient (GrpcClientProtocolClient.java:onNext(255)) - client-54CC064C3FCE->8224e767-71c1-41fc-a01a-d172d48fd9d8: receive RaftClientReply:client-54CC064C3FCE->8224e767-71c1-41fc-a01a-d172d48fd9d8@group-F6B37CC92441, cid=859, SUCCESS, logIndex=1115, commits[8224e767-71c1-41fc-a01a-d172d48fd9d8:c1117, 6eae0c21-01aa-4169-956f-5952b26ea7ba:c1113, 8d7dcba1-3b82-4d94-a832-514ef5c79cf8:c1113]
2019-08-21 02:17:12,782 [grpc-default-executor-4] INFO  client.GrpcClientProtocolClient (GrpcClientProtocolClient.java:onNext(255)) - client-54CC064C3FCE->8224e767-71c1-41fc-a01a-d172d48fd9d8: receive RaftClientReply:client-54CC064C3FCE->8224e767-71c1-41fc-a01a-d172d48fd9d8@group-F6B37CC92441, cid=860, SUCCESS, logIndex=1116, commits[8224e767-71c1-41fc-a01a-d172d48fd9d8:c1117, 6eae0c21-01aa-4169-956f-5952b26ea7ba:c1113, 8d7dcba1-3b82-4d94-a832-514ef5c79cf8:c1113]
2019-08-21 02:17:12,782 | INFO  | DNAudit | user=null | ip=null | op=WRITE_CHUNK {blockData=conID: 3 locID: 102652564581646765 bcsId: 0} | ret=SUCCESS |  
2019-08-21 02:17:12,783 | INFO  | DNAudit | user=null | ip=null | op=PUT_BLOCK {blockData=[blockId=conID: 3 locID: 102652564581646765 bcsId: 0,size=1048576]} | ret=SUCCESS |  
2019-08-21 02:17:12,783 [grpc-default-executor-4] INFO  client.GrpcClientProtocolClient (GrpcClientProtocolClient.java:onNext(255)) - client-54CC064C3FCE->8224e767-71c1-41fc-a01a-d172d48fd9d8: receive RaftClientReply:client-54CC064C3FCE->8224e767-71c1-41fc-a01a-d172d48fd9d8@group-F6B37CC92441, cid=861, SUCCESS, logIndex=1117, commits[8224e767-71c1-41fc-a01a-d172d48fd9d8:c1117, 6eae0c21-01aa-4169-956f-5952b26ea7ba:c1113, 8d7dcba1-3b82-4d94-a832-514ef5c79cf8:c1113]
2019-08-21 02:17:12,784 | INFO  | DNAudit | user=null | ip=null | op=WRITE_CHUNK {blockData=conID: 3 locID: 102652564581646765 bcsId: 0} | ret=SUCCESS |  
2019-08-21 02:17:12,785 | INFO  | DNAudit | user=null | ip=null | op=PUT_BLOCK {blockData=[blockId=conID: 3 locID: 102652564581646765 bcsId: 0,size=1048576]} | ret=SUCCESS |  
2019-08-21 02:17:12,785 | INFO  | DNAudit | user=null | ip=null | op=WRITE_CHUNK {blockData=conID: 3 locID: 102652564581646765 bcsId: 0} | ret=SUCCESS |  
2019-08-21 02:17:12,785 [grpc-default-executor-4] INFO  client.GrpcClientProtocolClient (GrpcClientProtocolClient.java:onNext(255)) - client-54CC064C3FCE->8224e767-71c1-41fc-a01a-d172d48fd9d8: receive RaftClientReply:client-54CC064C3FCE->8224e767-71c1-41fc-a01a-d172d48fd9d8@group-F6B37CC92441, cid=862, SUCCESS, logIndex=0, commits[8224e767-71c1-41fc-a01a-d172d48fd9d8:c1118, 6eae0c21-01aa-4169-956f-5952b26ea7ba:c1115, 8d7dcba1-3b82-4d94-a832-514ef5c79cf8:c1115]
2019-08-21 02:17:12,785 | INFO  | DNAudit | user=null | ip=null | op=PUT_BLOCK {blockData=[blockId=conID: 3 locID: 102652564581646765 bcsId: 0,size=2097152]} | ret=SUCCESS |  
2019-08-21 02:17:12,786 | INFO  | DNAudit | user=null | ip=null | op=WRITE_CHUNK {blockData=conID: 3 locID: 102652564581646765 bcsId: 0} | ret=SUCCESS |  
2019-08-21 02:17:12,786 | INFO  | DNAudit | user=null | ip=null | op=PUT_BLOCK {blockData=[blockId=conID: 3 locID: 102652564581646765 bcsId: 0,size=2097152]} | ret=SUCCESS |  
2019-08-21 02:17:12,793 | INFO  | DNAudit | user=null | ip=null | op=WRITE_CHUNK {blockData=conID: 3 locID: 102652564581646765 bcsId: 1117} | ret=SUCCESS |  
2019-08-21 02:17:12,794 | INFO  | DNAudit | user=null | ip=null | op=WRITE_CHUNK {blockData=conID: 3 locID: 102652564581646765 bcsId: 1117} | ret=SUCCESS |  
2019-08-21 02:17:12,795 | INFO  | DNAudit | user=null | ip=null | op=WRITE_CHUNK {blockData=conID: 3 locID: 102652564581646765 bcsId: 1117} | ret=SUCCESS |  
2019-08-21 02:17:12,796 | INFO  | DNAudit | user=null | ip=null | op=WRITE_CHUNK {blockData=conID: 3 locID: 102652564581646765 bcsId: 1117} | ret=SUCCESS |  
2019-08-21 02:17:12,797 | INFO  | DNAudit | user=null | ip=null | op=PUT_BLOCK {blockData=[blockId=conID: 3 locID: 102652564581646765 bcsId: 0,size=3145728]} | ret=SUCCESS |  
2019-08-21 02:17:12,797 [grpc-default-executor-2] INFO  client.GrpcClientProtocolClient (GrpcClientProtocolClient.java:onNext(255)) - client-54CC064C3FCE->8224e767-71c1-41fc-a01a-d172d48fd9d8: receive RaftClientReply:client-54CC064C3FCE->8224e767-71c1-41fc-a01a-d172d48fd9d8@group-F6B37CC92441, cid=863, SUCCESS, logIndex=1122, commits[8224e767-71c1-41fc-a01a-d172d48fd9d8:c1123, 6eae0c21-01aa-4169-956f-5952b26ea7ba:c1121, 8d7dcba1-3b82-4d94-a832-514ef5c79cf8:c1117]
2019-08-21 02:17:12,797 [grpc-default-executor-2] INFO  client.GrpcClientProtocolClient (GrpcClientProtocolClient.java:onNext(255)) - client-54CC064C3FCE->8224e767-71c1-41fc-a01a-d172d48fd9d8: receive RaftClientReply:client-54CC064C3FCE->8224e767-71c1-41fc-a01a-d172d48fd9d8@group-F6B37CC92441, cid=864, SUCCESS, logIndex=1123, commits[8224e767-71c1-41fc-a01a-d172d48fd9d8:c1123, 6eae0c21-01aa-4169-956f-5952b26ea7ba:c1121, 8d7dcba1-3b82-4d94-a832-514ef5c79cf8:c1121]
2019-08-21 02:17:12,797 | INFO  | DNAudit | user=null | ip=null | op=WRITE_CHUNK {blockData=conID: 3 locID: 102652564581646765 bcsId: 1117} | ret=SUCCESS |  
2019-08-21 02:17:12,798 | INFO  | DNAudit | user=null | ip=null | op=WRITE_CHUNK {blockData=conID: 3 locID: 102652564581646765 bcsId: 1117} | ret=SUCCESS |  
2019-08-21 02:17:12,798 | INFO  | DNAudit | user=null | ip=null | op=PUT_BLOCK {blockData=[blockId=conID: 3 locID: 102652564581646765 bcsId: 0,size=3145728]} | ret=SUCCESS |  
2019-08-21 02:17:12,799 | INFO  | DNAudit | user=null | ip=null | op=PUT_BLOCK {blockData=[blockId=conID: 3 locID: 102652564581646765 bcsId: 0,size=3145728]} | ret=SUCCESS |  
2019-08-21 02:17:12,804 | INFO  | DNAudit | user=null | ip=null | op=WRITE_CHUNK {blockData=conID: 3 locID: 102652564581646765 bcsId: 1123} | ret=SUCCESS |  
2019-08-21 02:17:12,806 | INFO  | DNAudit | user=null | ip=null | op=WRITE_CHUNK {blockData=conID: 3 locID: 102652564581646765 bcsId: 1123} | ret=SUCCESS |  
2019-08-21 02:17:12,806 | INFO  | DNAudit | user=null | ip=null | op=WRITE_CHUNK {blockData=conID: 3 locID: 102652564581646765 bcsId: 1123} | ret=SUCCESS |  
2019-08-21 02:17:12,807 | INFO  | DNAudit | user=null | ip=null | op=WRITE_CHUNK {blockData=conID: 3 locID: 102652564581646765 bcsId: 1123} | ret=SUCCESS |  
2019-08-21 02:17:12,808 | INFO  | DNAudit | user=null | ip=null | op=PUT_BLOCK {blockData=[blockId=conID: 3 locID: 102652564581646765 bcsId: 0,size=4194304]} | ret=SUCCESS |  
2019-08-21 02:17:12,808 [grpc-default-executor-2] INFO  client.GrpcClientProtocolClient (GrpcClientProtocolClient.java:onNext(255)) - client-54CC064C3FCE->8224e767-71c1-41fc-a01a-d172d48fd9d8: receive RaftClientReply:client-54CC064C3FCE->8224e767-71c1-41fc-a01a-d172d48fd9d8@group-F6B37CC92441, cid=865, SUCCESS, logIndex=1126, commits[8224e767-71c1-41fc-a01a-d172d48fd9d8:c1127, 6eae0c21-01aa-4169-956f-5952b26ea7ba:c1125, 8d7dcba1-3b82-4d94-a832-514ef5c79cf8:c1123]
2019-08-21 02:17:12,809 [grpc-default-executor-2] INFO  client.GrpcClientProtocolClient (GrpcClientProtocolClient.java:onNext(255)) - client-54CC064C3FCE->8224e767-71c1-41fc-a01a-d172d48fd9d8: receive RaftClientReply:client-54CC064C3FCE->8224e767-71c1-41fc-a01a-d172d48fd9d8@group-F6B37CC92441, cid=866, SUCCESS, logIndex=1127, commits[8224e767-71c1-41fc-a01a-d172d48fd9d8:c1127, 6eae0c21-01aa-4169-956f-5952b26ea7ba:c1125, 8d7dcba1-3b82-4d94-a832-514ef5c79cf8:c1125]
2019-08-21 02:17:12,809 | INFO  | DNAudit | user=null | ip=null | op=WRITE_CHUNK {blockData=conID: 3 locID: 102652564581646765 bcsId: 1123} | ret=SUCCESS |  
2019-08-21 02:17:12,809 | INFO  | DNAudit | user=null | ip=null | op=WRITE_CHUNK {blockData=conID: 3 locID: 102652564581646765 bcsId: 1123} | ret=SUCCESS |  
2019-08-21 02:17:12,810 | INFO  | DNAudit | user=null | ip=null | op=PUT_BLOCK {blockData=[blockId=conID: 3 locID: 102652564581646765 bcsId: 0,size=4194304]} | ret=SUCCESS |  
2019-08-21 02:17:12,810 | INFO  | DNAudit | user=null | ip=null | op=PUT_BLOCK {blockData=[blockId=conID: 3 locID: 102652564581646765 bcsId: 0,size=4194304]} | ret=SUCCESS |  
2019-08-21 02:17:12,811 [grpc-default-executor-1] INFO  client.GrpcClientProtocolClient (GrpcClientProtocolClient.java:onNext(255)) - client-54CC064C3FCE->8224e767-71c1-41fc-a01a-d172d48fd9d8: receive RaftClientReply:client-54CC064C3FCE->8224e767-71c1-41fc-a01a-d172d48fd9d8@group-F6B37CC92441, cid=867, SUCCESS, logIndex=0, commits[8224e767-71c1-41fc-a01a-d172d48fd9d8:c1128, 6eae0c21-01aa-4169-956f-5952b26ea7ba:c1127, 8d7dcba1-3b82-4d94-a832-514ef5c79cf8:c1127]
2019-08-21 02:17:12,821 | INFO  | DNAudit | user=null | ip=null | op=WRITE_CHUNK {blockData=conID: 1 locID: 102652564581646766 bcsId: 0} | ret=SUCCESS |  
2019-08-21 02:17:12,821 | INFO  | DNAudit | user=null | ip=null | op=WRITE_CHUNK {blockData=conID: 1 locID: 102652564581646766 bcsId: 0} | ret=SUCCESS |  
2019-08-21 02:17:12,821 | INFO  | DNAudit | user=null | ip=null | op=WRITE_CHUNK {blockData=conID: 1 locID: 102652564581646766 bcsId: 0} | ret=SUCCESS |  
2019-08-21 02:17:12,822 | INFO  | DNAudit | user=null | ip=null | op=WRITE_CHUNK {blockData=conID: 1 locID: 102652564581646766 bcsId: 0} | ret=SUCCESS |  
2019-08-21 02:17:12,822 | INFO  | DNAudit | user=null | ip=null | op=WRITE_CHUNK {blockData=conID: 1 locID: 102652564581646766 bcsId: 0} | ret=SUCCESS |  
2019-08-21 02:17:12,823 | INFO  | DNAudit | user=null | ip=null | op=WRITE_CHUNK {blockData=conID: 1 locID: 102652564581646766 bcsId: 0} | ret=SUCCESS |  
2019-08-21 02:17:12,824 | INFO  | DNAudit | user=null | ip=null | op=WRITE_CHUNK {blockData=conID: 1 locID: 102652564581646766 bcsId: 0} | ret=SUCCESS |  
2019-08-21 02:17:12,824 | INFO  | DNAudit | user=null | ip=null | op=PUT_BLOCK {blockData=[blockId=conID: 1 locID: 102652564581646766 bcsId: 0,size=1048576]} | ret=SUCCESS |  
2019-08-21 02:17:12,825 | INFO  | DNAudit | user=null | ip=null | op=WRITE_CHUNK {blockData=conID: 1 locID: 102652564581646766 bcsId: 0} | ret=SUCCESS |  
2019-08-21 02:17:12,825 [grpc-default-executor-0] INFO  client.GrpcClientProtocolClient (GrpcClientProtocolClient.java:onNext(255)) - client-54CC064C3FCE->8224e767-71c1-41fc-a01a-d172d48fd9d8: receive RaftClientReply:client-54CC064C3FCE->8224e767-71c1-41fc-a01a-d172d48fd9d8@group-F6B37CC92441, cid=868, SUCCESS, logIndex=1130, commits[8224e767-71c1-41fc-a01a-d172d48fd9d8:c1131, 6eae0c21-01aa-4169-956f-5952b26ea7ba:c1127, 8d7dcba1-3b82-4d94-a832-514ef5c79cf8:c1129]
2019-08-21 02:17:12,825 | INFO  | DNAudit | user=null | ip=null | op=WRITE_CHUNK {blockData=conID: 1 locID: 102652564581646766 bcsId: 0} | ret=SUCCESS |  
2019-08-21 02:17:12,826 | INFO  | DNAudit | user=null | ip=null | op=PUT_BLOCK {blockData=[blockId=conID: 1 locID: 102652564581646766 bcsId: 0,size=2097152]} | ret=SUCCESS |  
2019-08-21 02:17:12,826 [grpc-default-executor-1] INFO  client.GrpcClientProtocolClient (GrpcClientProtocolClient.java:onNext(255)) - client-54CC064C3FCE->8224e767-71c1-41fc-a01a-d172d48fd9d8: receive RaftClientReply:client-54CC064C3FCE->8224e767-71c1-41fc-a01a-d172d48fd9d8@group-F6B37CC92441, cid=869, SUCCESS, logIndex=1131, commits[8224e767-71c1-41fc-a01a-d172d48fd9d8:c1131, 6eae0c21-01aa-4169-956f-5952b26ea7ba:c1129, 8d7dcba1-3b82-4d94-a832-514ef5c79cf8:c1129]
2019-08-21 02:17:12,826 | INFO  | DNAudit | user=null | ip=null | op=PUT_BLOCK {blockData=[blockId=conID: 1 locID: 102652564581646766 bcsId: 0,size=1048576]} | ret=SUCCESS |  
2019-08-21 02:17:12,826 [grpc-default-executor-1] INFO  client.GrpcClientProtocolClient (GrpcClientProtocolClient.java:onNext(255)) - client-54CC064C3FCE->8224e767-71c1-41fc-a01a-d172d48fd9d8: receive RaftClientReply:client-54CC064C3FCE->8224e767-71c1-41fc-a01a-d172d48fd9d8@group-F6B37CC92441, cid=870, SUCCESS, logIndex=1132, commits[8224e767-71c1-41fc-a01a-d172d48fd9d8:c1133, 6eae0c21-01aa-4169-956f-5952b26ea7ba:c1129, 8d7dcba1-3b82-4d94-a832-514ef5c79cf8:c1129]
2019-08-21 02:17:12,826 | INFO  | DNAudit | user=null | ip=null | op=WRITE_CHUNK {blockData=conID: 1 locID: 102652564581646766 bcsId: 0} | ret=SUCCESS |  
2019-08-21 02:17:12,826 | INFO  | DNAudit | user=null | ip=null | op=PUT_BLOCK {blockData=[blockId=conID: 1 locID: 102652564581646766 bcsId: 0,size=1048576]} | ret=SUCCESS |  
2019-08-21 02:17:12,826 [grpc-default-executor-1] INFO  client.GrpcClientProtocolClient (GrpcClientProtocolClient.java:onNext(255)) - client-54CC064C3FCE->8224e767-71c1-41fc-a01a-d172d48fd9d8: receive RaftClientReply:client-54CC064C3FCE->8224e767-71c1-41fc-a01a-d172d48fd9d8@group-F6B37CC92441, cid=871, SUCCESS, logIndex=1133, commits[8224e767-71c1-41fc-a01a-d172d48fd9d8:c1135, 6eae0c21-01aa-4169-956f-5952b26ea7ba:c1131, 8d7dcba1-3b82-4d94-a832-514ef5c79cf8:c1129]
2019-08-21 02:17:12,827 | INFO  | DNAudit | user=null | ip=null | op=WRITE_CHUNK {blockData=conID: 1 locID: 102652564581646766 bcsId: 0} | ret=SUCCESS |  
2019-08-21 02:17:12,827 | INFO  | DNAudit | user=null | ip=null | op=PUT_BLOCK {blockData=[blockId=conID: 1 locID: 102652564581646766 bcsId: 0,size=2097152]} | ret=SUCCESS |  
2019-08-21 02:17:12,828 [grpc-default-executor-0] INFO  client.GrpcClientProtocolClient (GrpcClientProtocolClient.java:onNext(255)) - client-54CC064C3FCE->8224e767-71c1-41fc-a01a-d172d48fd9d8: receive RaftClientReply:client-54CC064C3FCE->8224e767-71c1-41fc-a01a-d172d48fd9d8@group-F6B37CC92441, cid=872, SUCCESS, logIndex=0, commits[8224e767-71c1-41fc-a01a-d172d48fd9d8:c1137, 6eae0c21-01aa-4169-956f-5952b26ea7ba:c1133, 8d7dcba1-3b82-4d94-a832-514ef5c79cf8:c1131]
2019-08-21 02:17:12,828 | INFO  | DNAudit | user=null | ip=null | op=WRITE_CHUNK {blockData=conID: 1 locID: 102652564581646766 bcsId: 0} | ret=SUCCESS |  
2019-08-21 02:17:12,828 | INFO  | DNAudit | user=null | ip=null | op=PUT_BLOCK {blockData=[blockId=conID: 1 locID: 102652564581646766 bcsId: 0,size=2097152]} | ret=SUCCESS |  
2019-08-21 02:17:12,834 | INFO  | DNAudit | user=null | ip=null | op=WRITE_CHUNK {blockData=conID: 1 locID: 102652564581646766 bcsId: 1133} | ret=SUCCESS |  
2019-08-21 02:17:12,836 | INFO  | DNAudit | user=null | ip=null | op=WRITE_CHUNK {blockData=conID: 1 locID: 102652564581646766 bcsId: 1133} | ret=SUCCESS |  
2019-08-21 02:17:12,836 | INFO  | DNAudit | user=null | ip=null | op=WRITE_CHUNK {blockData=conID: 1 locID: 102652564581646766 bcsId: 1133} | ret=SUCCESS |  
2019-08-21 02:17:12,857 | INFO  | DNAudit | user=null | ip=null | op=WRITE_CHUNK {blockData=conID: 1 locID: 102652564581646766 bcsId: 1133} | ret=SUCCESS |  
2019-08-21 02:17:12,858 | INFO  | DNAudit | user=null | ip=null | op=PUT_BLOCK {blockData=[blockId=conID: 1 locID: 102652564581646766 bcsId: 0,size=3145728]} | ret=SUCCESS |  
2019-08-21 02:17:12,858 [grpc-default-executor-2] INFO  client.GrpcClientProtocolClient (GrpcClientProtocolClient.java:onNext(255)) - client-54CC064C3FCE->8224e767-71c1-41fc-a01a-d172d48fd9d8: receive RaftClientReply:client-54CC064C3FCE->8224e767-71c1-41fc-a01a-d172d48fd9d8@group-F6B37CC92441, cid=873, SUCCESS, logIndex=1138, commits[8224e767-71c1-41fc-a01a-d172d48fd9d8:c1139, 6eae0c21-01aa-4169-956f-5952b26ea7ba:c1137, 8d7dcba1-3b82-4d94-a832-514ef5c79cf8:c1137]
2019-08-21 02:17:12,859 [grpc-default-executor-2] INFO  client.GrpcClientProtocolClient (GrpcClientProtocolClient.java:onNext(255)) - client-54CC064C3FCE->8224e767-71c1-41fc-a01a-d172d48fd9d8: receive RaftClientReply:client-54CC064C3FCE->8224e767-71c1-41fc-a01a-d172d48fd9d8@group-F6B37CC92441, cid=874, SUCCESS, logIndex=1139, commits[8224e767-71c1-41fc-a01a-d172d48fd9d8:c1139, 6eae0c21-01aa-4169-956f-5952b26ea7ba:c1137, 8d7dcba1-3b82-4d94-a832-514ef5c79cf8:c1137]
2019-08-21 02:17:12,860 | INFO  | DNAudit | user=null | ip=null | op=WRITE_CHUNK {blockData=conID: 1 locID: 102652564581646766 bcsId: 1133} | ret=SUCCESS |  
2019-08-21 02:17:12,860 | INFO  | DNAudit | user=null | ip=null | op=WRITE_CHUNK {blockData=conID: 1 locID: 102652564581646766 bcsId: 1133} | ret=SUCCESS |  
2019-08-21 02:17:12,861 | INFO  | DNAudit | user=null | ip=null | op=PUT_BLOCK {blockData=[blockId=conID: 1 locID: 102652564581646766 bcsId: 0,size=3145728]} | ret=SUCCESS |  
2019-08-21 02:17:12,861 | INFO  | DNAudit | user=null | ip=null | op=PUT_BLOCK {blockData=[blockId=conID: 1 locID: 102652564581646766 bcsId: 0,size=3145728]} | ret=SUCCESS |  
2019-08-21 02:17:12,866 | INFO  | DNAudit | user=null | ip=null | op=WRITE_CHUNK {blockData=conID: 1 locID: 102652564581646766 bcsId: 1139} | ret=SUCCESS |  
2019-08-21 02:17:12,869 | INFO  | DNAudit | user=null | ip=null | op=WRITE_CHUNK {blockData=conID: 1 locID: 102652564581646766 bcsId: 1139} | ret=SUCCESS |  
2019-08-21 02:17:12,869 | INFO  | DNAudit | user=null | ip=null | op=WRITE_CHUNK {blockData=conID: 1 locID: 102652564581646766 bcsId: 1139} | ret=SUCCESS |  
2019-08-21 02:17:12,888 | INFO  | DNAudit | user=null | ip=null | op=WRITE_CHUNK {blockData=conID: 1 locID: 102652564581646766 bcsId: 1139} | ret=SUCCESS |  
2019-08-21 02:17:12,888 | INFO  | DNAudit | user=null | ip=null | op=PUT_BLOCK {blockData=[blockId=conID: 1 locID: 102652564581646766 bcsId: 0,size=4194304]} | ret=SUCCESS |  
2019-08-21 02:17:12,888 [grpc-default-executor-1] INFO  client.GrpcClientProtocolClient (GrpcClientProtocolClient.java:onNext(255)) - client-54CC064C3FCE->8224e767-71c1-41fc-a01a-d172d48fd9d8: receive RaftClientReply:client-54CC064C3FCE->8224e767-71c1-41fc-a01a-d172d48fd9d8@group-F6B37CC92441, cid=875, SUCCESS, logIndex=1142, commits[8224e767-71c1-41fc-a01a-d172d48fd9d8:c1143, 6eae0c21-01aa-4169-956f-5952b26ea7ba:c1140, 8d7dcba1-3b82-4d94-a832-514ef5c79cf8:c1140]
2019-08-21 02:17:12,889 [grpc-default-executor-1] INFO  client.GrpcClientProtocolClient (GrpcClientProtocolClient.java:onNext(255)) - client-54CC064C3FCE->8224e767-71c1-41fc-a01a-d172d48fd9d8: receive RaftClientReply:client-54CC064C3FCE->8224e767-71c1-41fc-a01a-d172d48fd9d8@group-F6B37CC92441, cid=876, SUCCESS, logIndex=1143, commits[8224e767-71c1-41fc-a01a-d172d48fd9d8:c1143, 6eae0c21-01aa-4169-956f-5952b26ea7ba:c1140, 8d7dcba1-3b82-4d94-a832-514ef5c79cf8:c1140]
2019-08-21 02:17:12,900 | INFO  | DNAudit | user=null | ip=null | op=WRITE_CHUNK {blockData=conID: 1 locID: 102652564581646766 bcsId: 1139} | ret=SUCCESS |  
2019-08-21 02:17:12,900 | INFO  | DNAudit | user=null | ip=null | op=WRITE_CHUNK {blockData=conID: 1 locID: 102652564581646766 bcsId: 1139} | ret=SUCCESS |  
2019-08-21 02:17:12,902 | INFO  | DNAudit | user=null | ip=null | op=PUT_BLOCK {blockData=[blockId=conID: 1 locID: 102652564581646766 bcsId: 0,size=4194304]} | ret=SUCCESS |  
2019-08-21 02:17:12,902 | INFO  | DNAudit | user=null | ip=null | op=PUT_BLOCK {blockData=[blockId=conID: 1 locID: 102652564581646766 bcsId: 0,size=4194304]} | ret=SUCCESS |  
2019-08-21 02:17:12,903 [grpc-default-executor-1] INFO  client.GrpcClientProtocolClient (GrpcClientProtocolClient.java:onNext(255)) - client-54CC064C3FCE->8224e767-71c1-41fc-a01a-d172d48fd9d8: receive RaftClientReply:client-54CC064C3FCE->8224e767-71c1-41fc-a01a-d172d48fd9d8@group-F6B37CC92441, cid=877, SUCCESS, logIndex=0, commits[8224e767-71c1-41fc-a01a-d172d48fd9d8:c1145, 6eae0c21-01aa-4169-956f-5952b26ea7ba:c1143, 8d7dcba1-3b82-4d94-a832-514ef5c79cf8:c1143]
2019-08-21 02:17:12,910 | INFO  | DNAudit | user=null | ip=null | op=WRITE_CHUNK {blockData=conID: 2 locID: 102652564581712303 bcsId: 0} | ret=SUCCESS |  
2019-08-21 02:17:12,912 | INFO  | DNAudit | user=null | ip=null | op=WRITE_CHUNK {blockData=conID: 2 locID: 102652564581712303 bcsId: 0} | ret=SUCCESS |  
2019-08-21 02:17:12,913 | INFO  | DNAudit | user=null | ip=null | op=WRITE_CHUNK {blockData=conID: 2 locID: 102652564581712303 bcsId: 0} | ret=SUCCESS |  
2019-08-21 02:17:12,913 | INFO  | DNAudit | user=null | ip=null | op=WRITE_CHUNK {blockData=conID: 2 locID: 102652564581712303 bcsId: 0} | ret=SUCCESS |  
2019-08-21 02:17:12,915 | INFO  | DNAudit | user=null | ip=null | op=WRITE_CHUNK {blockData=conID: 2 locID: 102652564581712303 bcsId: 0} | ret=SUCCESS |  
2019-08-21 02:17:12,915 | INFO  | DNAudit | user=null | ip=null | op=WRITE_CHUNK {blockData=conID: 2 locID: 102652564581712303 bcsId: 0} | ret=SUCCESS |  
2019-08-21 02:17:12,924 | INFO  | DNAudit | user=null | ip=null | op=WRITE_CHUNK {blockData=conID: 2 locID: 102652564581712303 bcsId: 0} | ret=SUCCESS |  
2019-08-21 02:17:12,925 | INFO  | DNAudit | user=null | ip=null | op=PUT_BLOCK {blockData=[blockId=conID: 2 locID: 102652564581712303 bcsId: 0,size=1048576]} | ret=SUCCESS |  
2019-08-21 02:17:12,925 [grpc-default-executor-4] INFO  client.GrpcClientProtocolClient (GrpcClientProtocolClient.java:onNext(255)) - client-54CC064C3FCE->8224e767-71c1-41fc-a01a-d172d48fd9d8: receive RaftClientReply:client-54CC064C3FCE->8224e767-71c1-41fc-a01a-d172d48fd9d8@group-F6B37CC92441, cid=878, SUCCESS, logIndex=1146, commits[8224e767-71c1-41fc-a01a-d172d48fd9d8:c1147, 6eae0c21-01aa-4169-956f-5952b26ea7ba:c1145, 8d7dcba1-3b82-4d94-a832-514ef5c79cf8:c1145]
2019-08-21 02:17:12,926 [grpc-default-executor-4] INFO  client.GrpcClientProtocolClient (GrpcClientProtocolClient.java:onNext(255)) - client-54CC064C3FCE->8224e767-71c1-41fc-a01a-d172d48fd9d8: receive RaftClientReply:client-54CC064C3FCE->8224e767-71c1-41fc-a01a-d172d48fd9d8@group-F6B37CC92441, cid=879, SUCCESS, logIndex=1147, commits[8224e767-71c1-41fc-a01a-d172d48fd9d8:c1147, 6eae0c21-01aa-4169-956f-5952b26ea7ba:c1145, 8d7dcba1-3b82-4d94-a832-514ef5c79cf8:c1145]
2019-08-21 02:17:12,934 | INFO  | DNAudit | user=null | ip=null | op=WRITE_CHUNK {blockData=conID: 2 locID: 102652564581712303 bcsId: 0} | ret=SUCCESS |  
2019-08-21 02:17:12,935 | INFO  | DNAudit | user=null | ip=null | op=PUT_BLOCK {blockData=[blockId=conID: 2 locID: 102652564581712303 bcsId: 0,size=2097152]} | ret=SUCCESS |  
2019-08-21 02:17:12,935 | INFO  | DNAudit | user=null | ip=null | op=WRITE_CHUNK {blockData=conID: 2 locID: 102652564581712303 bcsId: 0} | ret=SUCCESS |  
2019-08-21 02:17:12,935 | INFO  | DNAudit | user=null | ip=null | op=WRITE_CHUNK {blockData=conID: 2 locID: 102652564581712303 bcsId: 0} | ret=SUCCESS |  
2019-08-21 02:17:12,935 [grpc-default-executor-1] INFO  client.GrpcClientProtocolClient (GrpcClientProtocolClient.java:onNext(255)) - client-54CC064C3FCE->8224e767-71c1-41fc-a01a-d172d48fd9d8: receive RaftClientReply:client-54CC064C3FCE->8224e767-71c1-41fc-a01a-d172d48fd9d8@group-F6B37CC92441, cid=880, SUCCESS, logIndex=1148, commits[8224e767-71c1-41fc-a01a-d172d48fd9d8:c1149, 6eae0c21-01aa-4169-956f-5952b26ea7ba:c1145, 8d7dcba1-3b82-4d94-a832-514ef5c79cf8:c1145]
2019-08-21 02:17:12,935 | INFO  | DNAudit | user=null | ip=null | op=PUT_BLOCK {blockData=[blockId=conID: 2 locID: 102652564581712303 bcsId: 0,size=1048576]} | ret=SUCCESS |  
2019-08-21 02:17:12,936 [grpc-default-executor-1] INFO  client.GrpcClientProtocolClient (GrpcClientProtocolClient.java:onNext(255)) - client-54CC064C3FCE->8224e767-71c1-41fc-a01a-d172d48fd9d8: receive RaftClientReply:client-54CC064C3FCE->8224e767-71c1-41fc-a01a-d172d48fd9d8@group-F6B37CC92441, cid=881, SUCCESS, logIndex=1149, commits[8224e767-71c1-41fc-a01a-d172d48fd9d8:c1149, 6eae0c21-01aa-4169-956f-5952b26ea7ba:c1145, 8d7dcba1-3b82-4d94-a832-514ef5c79cf8:c1145]
2019-08-21 02:17:12,936 | INFO  | DNAudit | user=null | ip=null | op=PUT_BLOCK {blockData=[blockId=conID: 2 locID: 102652564581712303 bcsId: 0,size=1048576]} | ret=SUCCESS |  
2019-08-21 02:17:12,937 [grpc-default-executor-1] INFO  client.GrpcClientProtocolClient (GrpcClientProtocolClient.java:onNext(255)) - client-54CC064C3FCE->8224e767-71c1-41fc-a01a-d172d48fd9d8: receive RaftClientReply:client-54CC064C3FCE->8224e767-71c1-41fc-a01a-d172d48fd9d8@group-F6B37CC92441, cid=882, SUCCESS, logIndex=0, commits[8224e767-71c1-41fc-a01a-d172d48fd9d8:c1153, 6eae0c21-01aa-4169-956f-5952b26ea7ba:c1147, 8d7dcba1-3b82-4d94-a832-514ef5c79cf8:c1147]
2019-08-21 02:17:12,945 | INFO  | DNAudit | user=null | ip=null | op=WRITE_CHUNK {blockData=conID: 2 locID: 102652564581712303 bcsId: 1149} | ret=SUCCESS |  
2019-08-21 02:17:12,947 | INFO  | DNAudit | user=null | ip=null | op=WRITE_CHUNK {blockData=conID: 2 locID: 102652564581712303 bcsId: 1149} | ret=SUCCESS |  
2019-08-21 02:17:12,947 | INFO  | DNAudit | user=null | ip=null | op=WRITE_CHUNK {blockData=conID: 2 locID: 102652564581712303 bcsId: 1149} | ret=SUCCESS |  
2019-08-21 02:17:12,957 | INFO  | DNAudit | user=null | ip=null | op=WRITE_CHUNK {blockData=conID: 2 locID: 102652564581712303 bcsId: 0} | ret=SUCCESS |  
2019-08-21 02:17:12,957 | INFO  | DNAudit | user=null | ip=null | op=WRITE_CHUNK {blockData=conID: 2 locID: 102652564581712303 bcsId: 0} | ret=SUCCESS |  
2019-08-21 02:17:12,957 | INFO  | DNAudit | user=null | ip=null | op=PUT_BLOCK {blockData=[blockId=conID: 2 locID: 102652564581712303 bcsId: 0,size=2097152]} | ret=SUCCESS |  
2019-08-21 02:17:12,957 | INFO  | DNAudit | user=null | ip=null | op=WRITE_CHUNK {blockData=conID: 2 locID: 102652564581712303 bcsId: 1149} | ret=SUCCESS |  
2019-08-21 02:17:12,957 | INFO  | DNAudit | user=null | ip=null | op=PUT_BLOCK {blockData=[blockId=conID: 2 locID: 102652564581712303 bcsId: 0,size=2097152]} | ret=SUCCESS |  
2019-08-21 02:17:12,958 | INFO  | DNAudit | user=null | ip=null | op=PUT_BLOCK {blockData=[blockId=conID: 2 locID: 102652564581712303 bcsId: 0,size=3145728]} | ret=SUCCESS |  
2019-08-21 02:17:12,958 [grpc-default-executor-4] INFO  client.GrpcClientProtocolClient (GrpcClientProtocolClient.java:onNext(255)) - client-54CC064C3FCE->8224e767-71c1-41fc-a01a-d172d48fd9d8: receive RaftClientReply:client-54CC064C3FCE->8224e767-71c1-41fc-a01a-d172d48fd9d8@group-F6B37CC92441, cid=883, SUCCESS, logIndex=1154, commits[8224e767-71c1-41fc-a01a-d172d48fd9d8:c1155, 6eae0c21-01aa-4169-956f-5952b26ea7ba:c1153, 8d7dcba1-3b82-4d94-a832-514ef5c79cf8:c1153]
2019-08-21 02:17:12,959 [grpc-default-executor-4] INFO  client.GrpcClientProtocolClient (GrpcClientProtocolClient.java:onNext(255)) - client-54CC064C3FCE->8224e767-71c1-41fc-a01a-d172d48fd9d8: receive RaftClientReply:client-54CC064C3FCE->8224e767-71c1-41fc-a01a-d172d48fd9d8@group-F6B37CC92441, cid=884, SUCCESS, logIndex=1155, commits[8224e767-71c1-41fc-a01a-d172d48fd9d8:c1155, 6eae0c21-01aa-4169-956f-5952b26ea7ba:c1153, 8d7dcba1-3b82-4d94-a832-514ef5c79cf8:c1153]
2019-08-21 02:17:12,967 | INFO  | DNAudit | user=null | ip=null | op=WRITE_CHUNK {blockData=conID: 2 locID: 102652564581712303 bcsId: 1155} | ret=SUCCESS |  
2019-08-21 02:17:12,969 | INFO  | DNAudit | user=null | ip=null | op=WRITE_CHUNK {blockData=conID: 2 locID: 102652564581712303 bcsId: 1155} | ret=SUCCESS |  
2019-08-21 02:17:12,969 | INFO  | DNAudit | user=null | ip=null | op=WRITE_CHUNK {blockData=conID: 2 locID: 102652564581712303 bcsId: 1155} | ret=SUCCESS |  
2019-08-21 02:17:12,970 | INFO  | DNAudit | user=null | ip=null | op=WRITE_CHUNK {blockData=conID: 2 locID: 102652564581712303 bcsId: 1149} | ret=SUCCESS |  
2019-08-21 02:17:12,970 | INFO  | DNAudit | user=null | ip=null | op=WRITE_CHUNK {blockData=conID: 2 locID: 102652564581712303 bcsId: 1149} | ret=SUCCESS |  
2019-08-21 02:17:12,981 | INFO  | DNAudit | user=null | ip=null | op=PUT_BLOCK {blockData=[blockId=conID: 2 locID: 102652564581712303 bcsId: 0,size=3145728]} | ret=SUCCESS |  
2019-08-21 02:17:12,981 | INFO  | DNAudit | user=null | ip=null | op=PUT_BLOCK {blockData=[blockId=conID: 2 locID: 102652564581712303 bcsId: 0,size=3145728]} | ret=SUCCESS |  
2019-08-21 02:17:12,982 | INFO  | DNAudit | user=null | ip=null | op=WRITE_CHUNK {blockData=conID: 2 locID: 102652564581712303 bcsId: 1155} | ret=SUCCESS |  
2019-08-21 02:17:12,982 | INFO  | DNAudit | user=null | ip=null | op=PUT_BLOCK {blockData=[blockId=conID: 2 locID: 102652564581712303 bcsId: 0,size=4194304]} | ret=SUCCESS |  
2019-08-21 02:17:12,983 [grpc-default-executor-2] INFO  client.GrpcClientProtocolClient (GrpcClientProtocolClient.java:onNext(255)) - client-54CC064C3FCE->8224e767-71c1-41fc-a01a-d172d48fd9d8: receive RaftClientReply:client-54CC064C3FCE->8224e767-71c1-41fc-a01a-d172d48fd9d8@group-F6B37CC92441, cid=885, SUCCESS, logIndex=1158, commits[8224e767-71c1-41fc-a01a-d172d48fd9d8:c1159, 6eae0c21-01aa-4169-956f-5952b26ea7ba:c1155, 8d7dcba1-3b82-4d94-a832-514ef5c79cf8:c1155]
2019-08-21 02:17:12,983 [grpc-default-executor-2] INFO  client.GrpcClientProtocolClient (GrpcClientProtocolClient.java:onNext(255)) - client-54CC064C3FCE->8224e767-71c1-41fc-a01a-d172d48fd9d8: receive RaftClientReply:client-54CC064C3FCE->8224e767-71c1-41fc-a01a-d172d48fd9d8@group-F6B37CC92441, cid=886, SUCCESS, logIndex=1159, commits[8224e767-71c1-41fc-a01a-d172d48fd9d8:c1159, 6eae0c21-01aa-4169-956f-5952b26ea7ba:c1155, 8d7dcba1-3b82-4d94-a832-514ef5c79cf8:c1155]
2019-08-21 02:17:12,993 | INFO  | DNAudit | user=null | ip=null | op=WRITE_CHUNK {blockData=conID: 2 locID: 102652564581712303 bcsId: 1155} | ret=SUCCESS |  
2019-08-21 02:17:12,993 | INFO  | DNAudit | user=null | ip=null | op=WRITE_CHUNK {blockData=conID: 2 locID: 102652564581712303 bcsId: 1155} | ret=SUCCESS |  
2019-08-21 02:17:12,996 | INFO  | DNAudit | user=null | ip=null | op=PUT_BLOCK {blockData=[blockId=conID: 2 locID: 102652564581712303 bcsId: 0,size=4194304]} | ret=SUCCESS |  
2019-08-21 02:17:12,996 | INFO  | DNAudit | user=null | ip=null | op=PUT_BLOCK {blockData=[blockId=conID: 2 locID: 102652564581712303 bcsId: 0,size=4194304]} | ret=SUCCESS |  
2019-08-21 02:17:12,997 [grpc-default-executor-4] INFO  client.GrpcClientProtocolClient (GrpcClientProtocolClient.java:onNext(255)) - client-54CC064C3FCE->8224e767-71c1-41fc-a01a-d172d48fd9d8: receive RaftClientReply:client-54CC064C3FCE->8224e767-71c1-41fc-a01a-d172d48fd9d8@group-F6B37CC92441, cid=887, SUCCESS, logIndex=0, commits[8224e767-71c1-41fc-a01a-d172d48fd9d8:c1161, 6eae0c21-01aa-4169-956f-5952b26ea7ba:c1159, 8d7dcba1-3b82-4d94-a832-514ef5c79cf8:c1159]
2019-08-21 02:17:13,004 | INFO  | DNAudit | user=null | ip=null | op=WRITE_CHUNK {blockData=conID: 3 locID: 102652564581712304 bcsId: 0} | ret=SUCCESS |  
2019-08-21 02:17:13,006 | INFO  | DNAudit | user=null | ip=null | op=WRITE_CHUNK {blockData=conID: 3 locID: 102652564581712304 bcsId: 0} | ret=SUCCESS |  
2019-08-21 02:17:13,007 | INFO  | DNAudit | user=null | ip=null | op=WRITE_CHUNK {blockData=conID: 3 locID: 102652564581712304 bcsId: 0} | ret=SUCCESS |  
2019-08-21 02:17:13,008 | INFO  | DNAudit | user=null | ip=null | op=WRITE_CHUNK {blockData=conID: 3 locID: 102652564581712304 bcsId: 0} | ret=SUCCESS |  
2019-08-21 02:17:13,009 | INFO  | DNAudit | user=null | ip=null | op=WRITE_CHUNK {blockData=conID: 3 locID: 102652564581712304 bcsId: 0} | ret=SUCCESS |  
2019-08-21 02:17:13,010 | INFO  | DNAudit | user=null | ip=null | op=WRITE_CHUNK {blockData=conID: 3 locID: 102652564581712304 bcsId: 0} | ret=SUCCESS |  
2019-08-21 02:17:13,017 | INFO  | DNAudit | user=null | ip=null | op=WRITE_CHUNK {blockData=conID: 3 locID: 102652564581712304 bcsId: 0} | ret=SUCCESS |  
2019-08-21 02:17:13,017 | INFO  | DNAudit | user=null | ip=null | op=PUT_BLOCK {blockData=[blockId=conID: 3 locID: 102652564581712304 bcsId: 0,size=1048576]} | ret=SUCCESS |  
2019-08-21 02:17:13,018 | INFO  | DNAudit | user=null | ip=null | op=WRITE_CHUNK {blockData=conID: 3 locID: 102652564581712304 bcsId: 0} | ret=SUCCESS |  
2019-08-21 02:17:13,017 [grpc-default-executor-2] INFO  client.GrpcClientProtocolClient (GrpcClientProtocolClient.java:onNext(255)) - client-54CC064C3FCE->8224e767-71c1-41fc-a01a-d172d48fd9d8: receive RaftClientReply:client-54CC064C3FCE->8224e767-71c1-41fc-a01a-d172d48fd9d8@group-F6B37CC92441, cid=888, SUCCESS, logIndex=1162, commits[8224e767-71c1-41fc-a01a-d172d48fd9d8:c1165, 6eae0c21-01aa-4169-956f-5952b26ea7ba:c1161, 8d7dcba1-3b82-4d94-a832-514ef5c79cf8:c1161]
2019-08-21 02:17:13,018 | INFO  | DNAudit | user=null | ip=null | op=PUT_BLOCK {blockData=[blockId=conID: 3 locID: 102652564581712304 bcsId: 0,size=2097152]} | ret=SUCCESS |  
2019-08-21 02:17:13,018 | INFO  | DNAudit | user=null | ip=null | op=WRITE_CHUNK {blockData=conID: 3 locID: 102652564581712304 bcsId: 0} | ret=SUCCESS |  
2019-08-21 02:17:13,018 [grpc-default-executor-2] INFO  client.GrpcClientProtocolClient (GrpcClientProtocolClient.java:onNext(255)) - client-54CC064C3FCE->8224e767-71c1-41fc-a01a-d172d48fd9d8: receive RaftClientReply:client-54CC064C3FCE->8224e767-71c1-41fc-a01a-d172d48fd9d8@group-F6B37CC92441, cid=889, SUCCESS, logIndex=1163, commits[8224e767-71c1-41fc-a01a-d172d48fd9d8:c1165, 6eae0c21-01aa-4169-956f-5952b26ea7ba:c1161, 8d7dcba1-3b82-4d94-a832-514ef5c79cf8:c1161]
2019-08-21 02:17:13,019 [grpc-default-executor-2] INFO  client.GrpcClientProtocolClient (GrpcClientProtocolClient.java:onNext(255)) - client-54CC064C3FCE->8224e767-71c1-41fc-a01a-d172d48fd9d8: receive RaftClientReply:client-54CC064C3FCE->8224e767-71c1-41fc-a01a-d172d48fd9d8@group-F6B37CC92441, cid=890, SUCCESS, logIndex=1164, commits[8224e767-71c1-41fc-a01a-d172d48fd9d8:c1165, 6eae0c21-01aa-4169-956f-5952b26ea7ba:c1161, 8d7dcba1-3b82-4d94-a832-514ef5c79cf8:c1161]
2019-08-21 02:17:13,019 [grpc-default-executor-2] INFO  client.GrpcClientProtocolClient (GrpcClientProtocolClient.java:onNext(255)) - client-54CC064C3FCE->8224e767-71c1-41fc-a01a-d172d48fd9d8: receive RaftClientReply:client-54CC064C3FCE->8224e767-71c1-41fc-a01a-d172d48fd9d8@group-F6B37CC92441, cid=891, SUCCESS, logIndex=1165, commits[8224e767-71c1-41fc-a01a-d172d48fd9d8:c1165, 6eae0c21-01aa-4169-956f-5952b26ea7ba:c1161, 8d7dcba1-3b82-4d94-a832-514ef5c79cf8:c1161]
2019-08-21 02:17:13,021 | INFO  | DNAudit | user=null | ip=null | op=WRITE_CHUNK {blockData=conID: 3 locID: 102652564581712304 bcsId: 0} | ret=SUCCESS |  
2019-08-21 02:17:13,021 | INFO  | DNAudit | user=null | ip=null | op=PUT_BLOCK {blockData=[blockId=conID: 3 locID: 102652564581712304 bcsId: 0,size=1048576]} | ret=SUCCESS |  
2019-08-21 02:17:13,021 | INFO  | DNAudit | user=null | ip=null | op=WRITE_CHUNK {blockData=conID: 3 locID: 102652564581712304 bcsId: 0} | ret=SUCCESS |  
2019-08-21 02:17:13,021 | INFO  | DNAudit | user=null | ip=null | op=PUT_BLOCK {blockData=[blockId=conID: 3 locID: 102652564581712304 bcsId: 0,size=2097152]} | ret=SUCCESS |  
2019-08-21 02:17:13,022 | INFO  | DNAudit | user=null | ip=null | op=PUT_BLOCK {blockData=[blockId=conID: 3 locID: 102652564581712304 bcsId: 0,size=1048576]} | ret=SUCCESS |  
2019-08-21 02:17:13,022 | INFO  | DNAudit | user=null | ip=null | op=WRITE_CHUNK {blockData=conID: 3 locID: 102652564581712304 bcsId: 0} | ret=SUCCESS |  
2019-08-21 02:17:13,022 | INFO  | DNAudit | user=null | ip=null | op=PUT_BLOCK {blockData=[blockId=conID: 3 locID: 102652564581712304 bcsId: 0,size=2097152]} | ret=SUCCESS |  
2019-08-21 02:17:13,022 [grpc-default-executor-2] INFO  client.GrpcClientProtocolClient (GrpcClientProtocolClient.java:onNext(255)) - client-54CC064C3FCE->8224e767-71c1-41fc-a01a-d172d48fd9d8: receive RaftClientReply:client-54CC064C3FCE->8224e767-71c1-41fc-a01a-d172d48fd9d8@group-F6B37CC92441, cid=892, SUCCESS, logIndex=0, commits[8224e767-71c1-41fc-a01a-d172d48fd9d8:c1169, 6eae0c21-01aa-4169-956f-5952b26ea7ba:c1164, 8d7dcba1-3b82-4d94-a832-514ef5c79cf8:c1165]
2019-08-21 02:17:13,029 | INFO  | DNAudit | user=null | ip=null | op=WRITE_CHUNK {blockData=conID: 3 locID: 102652564581712304 bcsId: 1165} | ret=SUCCESS |  
2019-08-21 02:17:13,031 | INFO  | SCMAudit | user=jenkins1000 | ip=192.168.34.10 | op=SEND_HEARTBEAT {datanodeUUID=8224e767-71c1-41fc-a01a-d172d48fd9d8, command=[]} | ret=SUCCESS |  
2019-08-21 02:17:13,031 | INFO  | DNAudit | user=null | ip=null | op=WRITE_CHUNK {blockData=conID: 3 locID: 102652564581712304 bcsId: 1165} | ret=SUCCESS |  
2019-08-21 02:17:13,032 | INFO  | DNAudit | user=null | ip=null | op=WRITE_CHUNK {blockData=conID: 3 locID: 102652564581712304 bcsId: 1165} | ret=SUCCESS |  
2019-08-21 02:17:13,033 | INFO  | SCMAudit | user=jenkins1000 | ip=192.168.34.10 | op=SEND_HEARTBEAT {datanodeUUID=8d7dcba1-3b82-4d94-a832-514ef5c79cf8, command=[]} | ret=SUCCESS |  
2019-08-21 02:17:13,033 | INFO  | SCMAudit | user=jenkins1000 | ip=192.168.34.10 | op=SEND_HEARTBEAT {datanodeUUID=6eae0c21-01aa-4169-956f-5952b26ea7ba, command=[]} | ret=SUCCESS |  
2019-08-21 02:17:13,034 | INFO  | DNAudit | user=null | ip=null | op=WRITE_CHUNK {blockData=conID: 3 locID: 102652564581712304 bcsId: 1165} | ret=SUCCESS |  
2019-08-21 02:17:13,034 | INFO  | DNAudit | user=null | ip=null | op=PUT_BLOCK {blockData=[blockId=conID: 3 locID: 102652564581712304 bcsId: 0,size=3145728]} | ret=SUCCESS |  
2019-08-21 02:17:13,034 [grpc-default-executor-4] INFO  client.GrpcClientProtocolClient (GrpcClientProtocolClient.java:onNext(255)) - client-54CC064C3FCE->8224e767-71c1-41fc-a01a-d172d48fd9d8: receive RaftClientReply:client-54CC064C3FCE->8224e767-71c1-41fc-a01a-d172d48fd9d8@group-F6B37CC92441, cid=893, SUCCESS, logIndex=1170, commits[8224e767-71c1-41fc-a01a-d172d48fd9d8:c1171, 6eae0c21-01aa-4169-956f-5952b26ea7ba:c1169, 8d7dcba1-3b82-4d94-a832-514ef5c79cf8:c1169]
2019-08-21 02:17:13,035 [grpc-default-executor-4] INFO  client.GrpcClientProtocolClient (GrpcClientProtocolClient.java:onNext(255)) - client-54CC064C3FCE->8224e767-71c1-41fc-a01a-d172d48fd9d8: receive RaftClientReply:client-54CC064C3FCE->8224e767-71c1-41fc-a01a-d172d48fd9d8@group-F6B37CC92441, cid=894, SUCCESS, logIndex=1171, commits[8224e767-71c1-41fc-a01a-d172d48fd9d8:c1171, 6eae0c21-01aa-4169-956f-5952b26ea7ba:c1169, 8d7dcba1-3b82-4d94-a832-514ef5c79cf8:c1169]
2019-08-21 02:17:13,035 | INFO  | DNAudit | user=null | ip=null | op=WRITE_CHUNK {blockData=conID: 3 locID: 102652564581712304 bcsId: 1165} | ret=SUCCESS |  
2019-08-21 02:17:13,035 | INFO  | DNAudit | user=null | ip=null | op=WRITE_CHUNK {blockData=conID: 3 locID: 102652564581712304 bcsId: 1165} | ret=SUCCESS |  
2019-08-21 02:17:13,035 | INFO  | DNAudit | user=null | ip=null | op=PUT_BLOCK {blockData=[blockId=conID: 3 locID: 102652564581712304 bcsId: 0,size=3145728]} | ret=SUCCESS |  
2019-08-21 02:17:13,035 | INFO  | DNAudit | user=null | ip=null | op=PUT_BLOCK {blockData=[blockId=conID: 3 locID: 102652564581712304 bcsId: 0,size=3145728]} | ret=SUCCESS |  
2019-08-21 02:17:13,042 | INFO  | DNAudit | user=null | ip=null | op=WRITE_CHUNK {blockData=conID: 3 locID: 102652564581712304 bcsId: 1171} | ret=SUCCESS |  
2019-08-21 02:17:13,044 | INFO  | DNAudit | user=null | ip=null | op=WRITE_CHUNK {blockData=conID: 3 locID: 102652564581712304 bcsId: 1171} | ret=SUCCESS |  
2019-08-21 02:17:13,044 | INFO  | DNAudit | user=null | ip=null | op=WRITE_CHUNK {blockData=conID: 3 locID: 102652564581712304 bcsId: 1171} | ret=SUCCESS |  
2019-08-21 02:17:13,046 | INFO  | DNAudit | user=null | ip=null | op=WRITE_CHUNK {blockData=conID: 3 locID: 102652564581712304 bcsId: 1171} | ret=SUCCESS |  
2019-08-21 02:17:13,047 | INFO  | DNAudit | user=null | ip=null | op=PUT_BLOCK {blockData=[blockId=conID: 3 locID: 102652564581712304 bcsId: 0,size=4194304]} | ret=SUCCESS |  
2019-08-21 02:17:13,047 [grpc-default-executor-2] INFO  client.GrpcClientProtocolClient (GrpcClientProtocolClient.java:onNext(255)) - client-54CC064C3FCE->8224e767-71c1-41fc-a01a-d172d48fd9d8: receive RaftClientReply:client-54CC064C3FCE->8224e767-71c1-41fc-a01a-d172d48fd9d8@group-F6B37CC92441, cid=895, SUCCESS, logIndex=1174, commits[8224e767-71c1-41fc-a01a-d172d48fd9d8:c1175, 6eae0c21-01aa-4169-956f-5952b26ea7ba:c1173, 8d7dcba1-3b82-4d94-a832-514ef5c79cf8:c1173]
2019-08-21 02:17:13,047 [grpc-default-executor-2] INFO  client.GrpcClientProtocolClient (GrpcClientProtocolClient.java:onNext(255)) - client-54CC064C3FCE->8224e767-71c1-41fc-a01a-d172d48fd9d8: receive RaftClientReply:client-54CC064C3FCE->8224e767-71c1-41fc-a01a-d172d48fd9d8@group-F6B37CC92441, cid=896, SUCCESS, logIndex=1175, commits[8224e767-71c1-41fc-a01a-d172d48fd9d8:c1175, 6eae0c21-01aa-4169-956f-5952b26ea7ba:c1173, 8d7dcba1-3b82-4d94-a832-514ef5c79cf8:c1173]
2019-08-21 02:17:13,048 | INFO  | DNAudit | user=null | ip=null | op=WRITE_CHUNK {blockData=conID: 3 locID: 102652564581712304 bcsId: 1171} | ret=SUCCESS |  
2019-08-21 02:17:13,048 | INFO  | DNAudit | user=null | ip=null | op=WRITE_CHUNK {blockData=conID: 3 locID: 102652564581712304 bcsId: 1171} | ret=SUCCESS |  
2019-08-21 02:17:13,048 | INFO  | DNAudit | user=null | ip=null | op=PUT_BLOCK {blockData=[blockId=conID: 3 locID: 102652564581712304 bcsId: 0,size=4194304]} | ret=SUCCESS |  
2019-08-21 02:17:13,048 | INFO  | DNAudit | user=null | ip=null | op=PUT_BLOCK {blockData=[blockId=conID: 3 locID: 102652564581712304 bcsId: 0,size=4194304]} | ret=SUCCESS |  
2019-08-21 02:17:13,049 [grpc-default-executor-2] INFO  client.GrpcClientProtocolClient (GrpcClientProtocolClient.java:onNext(255)) - client-54CC064C3FCE->8224e767-71c1-41fc-a01a-d172d48fd9d8: receive RaftClientReply:client-54CC064C3FCE->8224e767-71c1-41fc-a01a-d172d48fd9d8@group-F6B37CC92441, cid=897, SUCCESS, logIndex=0, commits[8224e767-71c1-41fc-a01a-d172d48fd9d8:c1176, 6eae0c21-01aa-4169-956f-5952b26ea7ba:c1175, 8d7dcba1-3b82-4d94-a832-514ef5c79cf8:c1175]
2019-08-21 02:17:13,195 | INFO  | DNAudit | user=null | ip=null | op=WRITE_CHUNK {blockData=conID: 1 locID: 102652564581712305 bcsId: 0} | ret=SUCCESS |  
2019-08-21 02:17:13,198 | INFO  | DNAudit | user=null | ip=null | op=WRITE_CHUNK {blockData=conID: 1 locID: 102652564581712305 bcsId: 0} | ret=SUCCESS |  
2019-08-21 02:17:13,199 | INFO  | DNAudit | user=null | ip=null | op=WRITE_CHUNK {blockData=conID: 1 locID: 102652564581712305 bcsId: 0} | ret=SUCCESS |  
2019-08-21 02:17:13,200 | INFO  | DNAudit | user=null | ip=null | op=WRITE_CHUNK {blockData=conID: 1 locID: 102652564581712305 bcsId: 0} | ret=SUCCESS |  
2019-08-21 02:17:13,203 | INFO  | DNAudit | user=null | ip=null | op=WRITE_CHUNK {blockData=conID: 1 locID: 102652564581712305 bcsId: 0} | ret=SUCCESS |  
2019-08-21 02:17:13,203 | INFO  | DNAudit | user=null | ip=null | op=WRITE_CHUNK {blockData=conID: 1 locID: 102652564581712305 bcsId: 0} | ret=SUCCESS |  
2019-08-21 02:17:13,207 | INFO  | DNAudit | user=null | ip=null | op=WRITE_CHUNK {blockData=conID: 1 locID: 102652564581712305 bcsId: 0} | ret=SUCCESS |  
2019-08-21 02:17:13,208 | INFO  | DNAudit | user=null | ip=null | op=PUT_BLOCK {blockData=[blockId=conID: 1 locID: 102652564581712305 bcsId: 0,size=1048576]} | ret=SUCCESS |  
2019-08-21 02:17:13,209 | INFO  | DNAudit | user=null | ip=null | op=WRITE_CHUNK {blockData=conID: 1 locID: 102652564581712305 bcsId: 0} | ret=SUCCESS |  
2019-08-21 02:17:13,209 [grpc-default-executor-4] INFO  client.GrpcClientProtocolClient (GrpcClientProtocolClient.java:onNext(255)) - client-54CC064C3FCE->8224e767-71c1-41fc-a01a-d172d48fd9d8: receive RaftClientReply:client-54CC064C3FCE->8224e767-71c1-41fc-a01a-d172d48fd9d8@group-F6B37CC92441, cid=898, SUCCESS, logIndex=1178, commits[8224e767-71c1-41fc-a01a-d172d48fd9d8:c1179, 6eae0c21-01aa-4169-956f-5952b26ea7ba:c1177, 8d7dcba1-3b82-4d94-a832-514ef5c79cf8:c1177]
2019-08-21 02:17:13,209 | INFO  | DNAudit | user=null | ip=null | op=PUT_BLOCK {blockData=[blockId=conID: 1 locID: 102652564581712305 bcsId: 0,size=2097152]} | ret=SUCCESS |  
2019-08-21 02:17:13,210 [grpc-default-executor-4] INFO  client.GrpcClientProtocolClient (GrpcClientProtocolClient.java:onNext(255)) - client-54CC064C3FCE->8224e767-71c1-41fc-a01a-d172d48fd9d8: receive RaftClientReply:client-54CC064C3FCE->8224e767-71c1-41fc-a01a-d172d48fd9d8@group-F6B37CC92441, cid=899, SUCCESS, logIndex=1179, commits[8224e767-71c1-41fc-a01a-d172d48fd9d8:c1181, 6eae0c21-01aa-4169-956f-5952b26ea7ba:c1177, 8d7dcba1-3b82-4d94-a832-514ef5c79cf8:c1177]
2019-08-21 02:17:13,210 [grpc-default-executor-4] INFO  client.GrpcClientProtocolClient (GrpcClientProtocolClient.java:onNext(255)) - client-54CC064C3FCE->8224e767-71c1-41fc-a01a-d172d48fd9d8: receive RaftClientReply:client-54CC064C3FCE->8224e767-71c1-41fc-a01a-d172d48fd9d8@group-F6B37CC92441, cid=900, SUCCESS, logIndex=1180, commits[8224e767-71c1-41fc-a01a-d172d48fd9d8:c1181, 6eae0c21-01aa-4169-956f-5952b26ea7ba:c1177, 8d7dcba1-3b82-4d94-a832-514ef5c79cf8:c1177]
2019-08-21 02:17:13,210 | INFO  | DNAudit | user=null | ip=null | op=WRITE_CHUNK {blockData=conID: 1 locID: 102652564581712305 bcsId: 0} | ret=SUCCESS |  
2019-08-21 02:17:13,210 [grpc-default-executor-4] INFO  client.GrpcClientProtocolClient (GrpcClientProtocolClient.java:onNext(255)) - client-54CC064C3FCE->8224e767-71c1-41fc-a01a-d172d48fd9d8: receive RaftClientReply:client-54CC064C3FCE->8224e767-71c1-41fc-a01a-d172d48fd9d8@group-F6B37CC92441, cid=901, SUCCESS, logIndex=1181, commits[8224e767-71c1-41fc-a01a-d172d48fd9d8:c1181, 6eae0c21-01aa-4169-956f-5952b26ea7ba:c1177, 8d7dcba1-3b82-4d94-a832-514ef5c79cf8:c1177]
2019-08-21 02:17:13,221 | INFO  | DNAudit | user=null | ip=null | op=WRITE_CHUNK {blockData=conID: 1 locID: 102652564581712305 bcsId: 0} | ret=SUCCESS |  
2019-08-21 02:17:13,222 | INFO  | DNAudit | user=null | ip=null | op=PUT_BLOCK {blockData=[blockId=conID: 1 locID: 102652564581712305 bcsId: 0,size=1048576]} | ret=SUCCESS |  
2019-08-21 02:17:13,222 | INFO  | DNAudit | user=null | ip=null | op=PUT_BLOCK {blockData=[blockId=conID: 1 locID: 102652564581712305 bcsId: 0,size=1048576]} | ret=SUCCESS |  
2019-08-21 02:17:13,222 | INFO  | DNAudit | user=null | ip=null | op=WRITE_CHUNK {blockData=conID: 1 locID: 102652564581712305 bcsId: 0} | ret=SUCCESS |  
2019-08-21 02:17:13,222 | INFO  | DNAudit | user=null | ip=null | op=WRITE_CHUNK {blockData=conID: 1 locID: 102652564581712305 bcsId: 0} | ret=SUCCESS |  
2019-08-21 02:17:13,223 | INFO  | DNAudit | user=null | ip=null | op=PUT_BLOCK {blockData=[blockId=conID: 1 locID: 102652564581712305 bcsId: 0,size=2097152]} | ret=SUCCESS |  
2019-08-21 02:17:13,223 | INFO  | DNAudit | user=null | ip=null | op=PUT_BLOCK {blockData=[blockId=conID: 1 locID: 102652564581712305 bcsId: 0,size=2097152]} | ret=SUCCESS |  
2019-08-21 02:17:13,223 [grpc-default-executor-4] INFO  client.GrpcClientProtocolClient (GrpcClientProtocolClient.java:onNext(255)) - client-54CC064C3FCE->8224e767-71c1-41fc-a01a-d172d48fd9d8: receive RaftClientReply:client-54CC064C3FCE->8224e767-71c1-41fc-a01a-d172d48fd9d8@group-F6B37CC92441, cid=902, SUCCESS, logIndex=0, commits[8224e767-71c1-41fc-a01a-d172d48fd9d8:c1183, 6eae0c21-01aa-4169-956f-5952b26ea7ba:c1179, 8d7dcba1-3b82-4d94-a832-514ef5c79cf8:c1179]
2019-08-21 02:17:13,236 | INFO  | DNAudit | user=null | ip=null | op=WRITE_CHUNK {blockData=conID: 1 locID: 102652564581712305 bcsId: 1181} | ret=SUCCESS |  
2019-08-21 02:17:13,240 | INFO  | DNAudit | user=null | ip=null | op=WRITE_CHUNK {blockData=conID: 1 locID: 102652564581712305 bcsId: 1181} | ret=SUCCESS |  
2019-08-21 02:17:13,240 | INFO  | DNAudit | user=null | ip=null | op=WRITE_CHUNK {blockData=conID: 1 locID: 102652564581712305 bcsId: 1181} | ret=SUCCESS |  
2019-08-21 02:17:13,250 | INFO  | DNAudit | user=null | ip=null | op=WRITE_CHUNK {blockData=conID: 1 locID: 102652564581712305 bcsId: 1181} | ret=SUCCESS |  
2019-08-21 02:17:13,250 | INFO  | DNAudit | user=null | ip=null | op=PUT_BLOCK {blockData=[blockId=conID: 1 locID: 102652564581712305 bcsId: 0,size=3145728]} | ret=SUCCESS |  
2019-08-21 02:17:13,250 [grpc-default-executor-0] INFO  client.GrpcClientProtocolClient (GrpcClientProtocolClient.java:onNext(255)) - client-54CC064C3FCE->8224e767-71c1-41fc-a01a-d172d48fd9d8: receive RaftClientReply:client-54CC064C3FCE->8224e767-71c1-41fc-a01a-d172d48fd9d8@group-F6B37CC92441, cid=903, SUCCESS, logIndex=1185, commits[8224e767-71c1-41fc-a01a-d172d48fd9d8:c1186, 6eae0c21-01aa-4169-956f-5952b26ea7ba:c1184, 8d7dcba1-3b82-4d94-a832-514ef5c79cf8:c1184]
2019-08-21 02:17:13,251 [grpc-default-executor-0] INFO  client.GrpcClientProtocolClient (GrpcClientProtocolClient.java:onNext(255)) - client-54CC064C3FCE->8224e767-71c1-41fc-a01a-d172d48fd9d8: receive RaftClientReply:client-54CC064C3FCE->8224e767-71c1-41fc-a01a-d172d48fd9d8@group-F6B37CC92441, cid=904, SUCCESS, logIndex=1186, commits[8224e767-71c1-41fc-a01a-d172d48fd9d8:c1186, 6eae0c21-01aa-4169-956f-5952b26ea7ba:c1184, 8d7dcba1-3b82-4d94-a832-514ef5c79cf8:c1184]
2019-08-21 02:17:13,260 | INFO  | DNAudit | user=null | ip=null | op=WRITE_CHUNK {blockData=conID: 1 locID: 102652564581712305 bcsId: 1186} | ret=SUCCESS |  
2019-08-21 02:17:13,261 | INFO  | DNAudit | user=null | ip=null | op=WRITE_CHUNK {blockData=conID: 1 locID: 102652564581712305 bcsId: 1181} | ret=SUCCESS |  
2019-08-21 02:17:13,261 | INFO  | DNAudit | user=null | ip=null | op=WRITE_CHUNK {blockData=conID: 1 locID: 102652564581712305 bcsId: 1181} | ret=SUCCESS |  
2019-08-21 02:17:13,261 | INFO  | DNAudit | user=null | ip=null | op=PUT_BLOCK {blockData=[blockId=conID: 1 locID: 102652564581712305 bcsId: 0,size=3145728]} | ret=SUCCESS |  
2019-08-21 02:17:13,262 | INFO  | DNAudit | user=null | ip=null | op=PUT_BLOCK {blockData=[blockId=conID: 1 locID: 102652564581712305 bcsId: 0,size=3145728]} | ret=SUCCESS |  
2019-08-21 02:17:13,263 | INFO  | DNAudit | user=null | ip=null | op=WRITE_CHUNK {blockData=conID: 1 locID: 102652564581712305 bcsId: 1186} | ret=SUCCESS |  
2019-08-21 02:17:13,264 | INFO  | DNAudit | user=null | ip=null | op=WRITE_CHUNK {blockData=conID: 1 locID: 102652564581712305 bcsId: 1186} | ret=SUCCESS |  
2019-08-21 02:17:13,276 | INFO  | DNAudit | user=null | ip=null | op=WRITE_CHUNK {blockData=conID: 1 locID: 102652564581712305 bcsId: 1186} | ret=SUCCESS |  
2019-08-21 02:17:13,276 | INFO  | DNAudit | user=null | ip=null | op=PUT_BLOCK {blockData=[blockId=conID: 1 locID: 102652564581712305 bcsId: 0,size=4194304]} | ret=SUCCESS |  
2019-08-21 02:17:13,277 [grpc-default-executor-1] INFO  client.GrpcClientProtocolClient (GrpcClientProtocolClient.java:onNext(255)) - client-54CC064C3FCE->8224e767-71c1-41fc-a01a-d172d48fd9d8: receive RaftClientReply:client-54CC064C3FCE->8224e767-71c1-41fc-a01a-d172d48fd9d8@group-F6B37CC92441, cid=905, SUCCESS, logIndex=1189, commits[8224e767-71c1-41fc-a01a-d172d48fd9d8:c1190, 6eae0c21-01aa-4169-956f-5952b26ea7ba:c1186, 8d7dcba1-3b82-4d94-a832-514ef5c79cf8:c1186]
2019-08-21 02:17:13,277 | INFO  | DNAudit | user=null | ip=null | op=WRITE_CHUNK {blockData=conID: 1 locID: 102652564581712305 bcsId: 1186} | ret=SUCCESS |  
2019-08-21 02:17:13,277 | INFO  | DNAudit | user=null | ip=null | op=WRITE_CHUNK {blockData=conID: 1 locID: 102652564581712305 bcsId: 1186} | ret=SUCCESS |  
2019-08-21 02:17:13,277 [grpc-default-executor-1] INFO  client.GrpcClientProtocolClient (GrpcClientProtocolClient.java:onNext(255)) - client-54CC064C3FCE->8224e767-71c1-41fc-a01a-d172d48fd9d8: receive RaftClientReply:client-54CC064C3FCE->8224e767-71c1-41fc-a01a-d172d48fd9d8@group-F6B37CC92441, cid=906, SUCCESS, logIndex=1190, commits[8224e767-71c1-41fc-a01a-d172d48fd9d8:c1190, 6eae0c21-01aa-4169-956f-5952b26ea7ba:c1186, 8d7dcba1-3b82-4d94-a832-514ef5c79cf8:c1186]
2019-08-21 02:17:13,277 | INFO  | DNAudit | user=null | ip=null | op=PUT_BLOCK {blockData=[blockId=conID: 1 locID: 102652564581712305 bcsId: 0,size=4194304]} | ret=SUCCESS |  
2019-08-21 02:17:13,278 | INFO  | DNAudit | user=null | ip=null | op=PUT_BLOCK {blockData=[blockId=conID: 1 locID: 102652564581712305 bcsId: 0,size=4194304]} | ret=SUCCESS |  
2019-08-21 02:17:13,279 [grpc-default-executor-2] INFO  client.GrpcClientProtocolClient (GrpcClientProtocolClient.java:onNext(255)) - client-54CC064C3FCE->8224e767-71c1-41fc-a01a-d172d48fd9d8: receive RaftClientReply:client-54CC064C3FCE->8224e767-71c1-41fc-a01a-d172d48fd9d8@group-F6B37CC92441, cid=907, SUCCESS, logIndex=0, commits[8224e767-71c1-41fc-a01a-d172d48fd9d8:c1192, 6eae0c21-01aa-4169-956f-5952b26ea7ba:c1190, 8d7dcba1-3b82-4d94-a832-514ef5c79cf8:c1190]
2019-08-21 02:17:13,287 | INFO  | DNAudit | user=null | ip=null | op=WRITE_CHUNK {blockData=conID: 2 locID: 102652564581712306 bcsId: 0} | ret=SUCCESS |  
2019-08-21 02:17:13,290 | INFO  | DNAudit | user=null | ip=null | op=WRITE_CHUNK {blockData=conID: 2 locID: 102652564581712306 bcsId: 0} | ret=SUCCESS |  
2019-08-21 02:17:13,291 | INFO  | DNAudit | user=null | ip=null | op=WRITE_CHUNK {blockData=conID: 2 locID: 102652564581712306 bcsId: 0} | ret=SUCCESS |  
2019-08-21 02:17:13,291 | INFO  | DNAudit | user=null | ip=null | op=WRITE_CHUNK {blockData=conID: 2 locID: 102652564581712306 bcsId: 0} | ret=SUCCESS |  
2019-08-21 02:17:13,294 | INFO  | DNAudit | user=null | ip=null | op=WRITE_CHUNK {blockData=conID: 2 locID: 102652564581712306 bcsId: 0} | ret=SUCCESS |  
2019-08-21 02:17:13,294 | INFO  | DNAudit | user=null | ip=null | op=WRITE_CHUNK {blockData=conID: 2 locID: 102652564581712306 bcsId: 0} | ret=SUCCESS |  
2019-08-21 02:17:13,299 | INFO  | DNAudit | user=null | ip=null | op=WRITE_CHUNK {blockData=conID: 2 locID: 102652564581712306 bcsId: 0} | ret=SUCCESS |  
2019-08-21 02:17:13,300 | INFO  | DNAudit | user=null | ip=null | op=PUT_BLOCK {blockData=[blockId=conID: 2 locID: 102652564581712306 bcsId: 0,size=1048576]} | ret=SUCCESS |  
2019-08-21 02:17:13,300 | INFO  | DNAudit | user=null | ip=null | op=WRITE_CHUNK {blockData=conID: 2 locID: 102652564581712306 bcsId: 0} | ret=SUCCESS |  
2019-08-21 02:17:13,300 [grpc-default-executor-0] INFO  client.GrpcClientProtocolClient (GrpcClientProtocolClient.java:onNext(255)) - client-54CC064C3FCE->8224e767-71c1-41fc-a01a-d172d48fd9d8: receive RaftClientReply:client-54CC064C3FCE->8224e767-71c1-41fc-a01a-d172d48fd9d8@group-F6B37CC92441, cid=908, SUCCESS, logIndex=1193, commits[8224e767-71c1-41fc-a01a-d172d48fd9d8:c1194, 6eae0c21-01aa-4169-956f-5952b26ea7ba:c1192, 8d7dcba1-3b82-4d94-a832-514ef5c79cf8:c1192]
2019-08-21 02:17:13,301 | INFO  | DNAudit | user=null | ip=null | op=PUT_BLOCK {blockData=[blockId=conID: 2 locID: 102652564581712306 bcsId: 0,size=2097152]} | ret=SUCCESS |  
2019-08-21 02:17:13,301 [grpc-default-executor-0] INFO  client.GrpcClientProtocolClient (GrpcClientProtocolClient.java:onNext(255)) - client-54CC064C3FCE->8224e767-71c1-41fc-a01a-d172d48fd9d8: receive RaftClientReply:client-54CC064C3FCE->8224e767-71c1-41fc-a01a-d172d48fd9d8@group-F6B37CC92441, cid=909, SUCCESS, logIndex=1194, commits[8224e767-71c1-41fc-a01a-d172d48fd9d8:c1194, 6eae0c21-01aa-4169-956f-5952b26ea7ba:c1192, 8d7dcba1-3b82-4d94-a832-514ef5c79cf8:c1192]
2019-08-21 02:17:13,301 [grpc-default-executor-0] INFO  client.GrpcClientProtocolClient (GrpcClientProtocolClient.java:onNext(255)) - client-54CC064C3FCE->8224e767-71c1-41fc-a01a-d172d48fd9d8: receive RaftClientReply:client-54CC064C3FCE->8224e767-71c1-41fc-a01a-d172d48fd9d8@group-F6B37CC92441, cid=910, SUCCESS, logIndex=1195, commits[8224e767-71c1-41fc-a01a-d172d48fd9d8:c1196, 6eae0c21-01aa-4169-956f-5952b26ea7ba:c1192, 8d7dcba1-3b82-4d94-a832-514ef5c79cf8:c1192]
2019-08-21 02:17:13,302 [grpc-default-executor-0] INFO  client.GrpcClientProtocolClient (GrpcClientProtocolClient.java:onNext(255)) - client-54CC064C3FCE->8224e767-71c1-41fc-a01a-d172d48fd9d8: receive RaftClientReply:client-54CC064C3FCE->8224e767-71c1-41fc-a01a-d172d48fd9d8@group-F6B37CC92441, cid=911, SUCCESS, logIndex=1196, commits[8224e767-71c1-41fc-a01a-d172d48fd9d8:c1196, 6eae0c21-01aa-4169-956f-5952b26ea7ba:c1192, 8d7dcba1-3b82-4d94-a832-514ef5c79cf8:c1192]
2019-08-21 02:17:13,313 | INFO  | DNAudit | user=null | ip=null | op=WRITE_CHUNK {blockData=conID: 2 locID: 102652564581712306 bcsId: 0} | ret=SUCCESS |  
2019-08-21 02:17:13,314 | INFO  | DNAudit | user=null | ip=null | op=PUT_BLOCK {blockData=[blockId=conID: 2 locID: 102652564581712306 bcsId: 0,size=1048576]} | ret=SUCCESS |  
2019-08-21 02:17:13,314 | INFO  | DNAudit | user=null | ip=null | op=WRITE_CHUNK {blockData=conID: 2 locID: 102652564581712306 bcsId: 0} | ret=SUCCESS |  
2019-08-21 02:17:13,314 | INFO  | DNAudit | user=null | ip=null | op=PUT_BLOCK {blockData=[blockId=conID: 2 locID: 102652564581712306 bcsId: 0,size=1048576]} | ret=SUCCESS |  
2019-08-21 02:17:13,314 | INFO  | DNAudit | user=null | ip=null | op=WRITE_CHUNK {blockData=conID: 2 locID: 102652564581712306 bcsId: 0} | ret=SUCCESS |  
2019-08-21 02:17:13,314 | INFO  | DNAudit | user=null | ip=null | op=WRITE_CHUNK {blockData=conID: 2 locID: 102652564581712306 bcsId: 0} | ret=SUCCESS |  
2019-08-21 02:17:13,314 | INFO  | DNAudit | user=null | ip=null | op=PUT_BLOCK {blockData=[blockId=conID: 2 locID: 102652564581712306 bcsId: 0,size=2097152]} | ret=SUCCESS |  
2019-08-21 02:17:13,314 | INFO  | DNAudit | user=null | ip=null | op=PUT_BLOCK {blockData=[blockId=conID: 2 locID: 102652564581712306 bcsId: 0,size=2097152]} | ret=SUCCESS |  
2019-08-21 02:17:13,315 [grpc-default-executor-0] INFO  client.GrpcClientProtocolClient (GrpcClientProtocolClient.java:onNext(255)) - client-54CC064C3FCE->8224e767-71c1-41fc-a01a-d172d48fd9d8: receive RaftClientReply:client-54CC064C3FCE->8224e767-71c1-41fc-a01a-d172d48fd9d8@group-F6B37CC92441, cid=912, SUCCESS, logIndex=0, commits[8224e767-71c1-41fc-a01a-d172d48fd9d8:c1198, 6eae0c21-01aa-4169-956f-5952b26ea7ba:c1194, 8d7dcba1-3b82-4d94-a832-514ef5c79cf8:c1194]
2019-08-21 02:17:13,322 | INFO  | DNAudit | user=null | ip=null | op=WRITE_CHUNK {blockData=conID: 2 locID: 102652564581712306 bcsId: 1196} | ret=SUCCESS |  
2019-08-21 02:17:13,325 | INFO  | DNAudit | user=null | ip=null | op=WRITE_CHUNK {blockData=conID: 2 locID: 102652564581712306 bcsId: 1196} | ret=SUCCESS |  
2019-08-21 02:17:13,326 | INFO  | DNAudit | user=null | ip=null | op=WRITE_CHUNK {blockData=conID: 2 locID: 102652564581712306 bcsId: 1196} | ret=SUCCESS |  
2019-08-21 02:17:13,336 | INFO  | DNAudit | user=null | ip=null | op=WRITE_CHUNK {blockData=conID: 2 locID: 102652564581712306 bcsId: 1196} | ret=SUCCESS |  
2019-08-21 02:17:13,337 | INFO  | DNAudit | user=null | ip=null | op=PUT_BLOCK {blockData=[blockId=conID: 2 locID: 102652564581712306 bcsId: 0,size=3145728]} | ret=SUCCESS |  
2019-08-21 02:17:13,337 [grpc-default-executor-2] INFO  client.GrpcClientProtocolClient (GrpcClientProtocolClient.java:onNext(255)) - client-54CC064C3FCE->8224e767-71c1-41fc-a01a-d172d48fd9d8: receive RaftClientReply:client-54CC064C3FCE->8224e767-71c1-41fc-a01a-d172d48fd9d8@group-F6B37CC92441, cid=913, SUCCESS, logIndex=1201, commits[8224e767-71c1-41fc-a01a-d172d48fd9d8:c1202, 6eae0c21-01aa-4169-956f-5952b26ea7ba:c1200, 8d7dcba1-3b82-4d94-a832-514ef5c79cf8:c1200]
2019-08-21 02:17:13,337 [grpc-default-executor-2] INFO  client.GrpcClientProtocolClient (GrpcClientProtocolClient.java:onNext(255)) - client-54CC064C3FCE->8224e767-71c1-41fc-a01a-d172d48fd9d8: receive RaftClientReply:client-54CC064C3FCE->8224e767-71c1-41fc-a01a-d172d48fd9d8@group-F6B37CC92441, cid=914, SUCCESS, logIndex=1202, commits[8224e767-71c1-41fc-a01a-d172d48fd9d8:c1202, 6eae0c21-01aa-4169-956f-5952b26ea7ba:c1200, 8d7dcba1-3b82-4d94-a832-514ef5c79cf8:c1200]
2019-08-21 02:17:13,345 | INFO  | DNAudit | user=null | ip=null | op=WRITE_CHUNK {blockData=conID: 2 locID: 102652564581712306 bcsId: 1202} | ret=SUCCESS |  
2019-08-21 02:17:13,348 | INFO  | DNAudit | user=null | ip=null | op=WRITE_CHUNK {blockData=conID: 2 locID: 102652564581712306 bcsId: 1202} | ret=SUCCESS |  
2019-08-21 02:17:13,348 | INFO  | DNAudit | user=null | ip=null | op=WRITE_CHUNK {blockData=conID: 2 locID: 102652564581712306 bcsId: 1202} | ret=SUCCESS |  
2019-08-21 02:17:13,348 | INFO  | DNAudit | user=null | ip=null | op=WRITE_CHUNK {blockData=conID: 2 locID: 102652564581712306 bcsId: 1196} | ret=SUCCESS |  
2019-08-21 02:17:13,349 | INFO  | DNAudit | user=null | ip=null | op=WRITE_CHUNK {blockData=conID: 2 locID: 102652564581712306 bcsId: 1196} | ret=SUCCESS |  
2019-08-21 02:17:13,349 | INFO  | DNAudit | user=null | ip=null | op=PUT_BLOCK {blockData=[blockId=conID: 2 locID: 102652564581712306 bcsId: 0,size=3145728]} | ret=SUCCESS |  
2019-08-21 02:17:13,351 | INFO  | DNAudit | user=null | ip=null | op=PUT_BLOCK {blockData=[blockId=conID: 2 locID: 102652564581712306 bcsId: 0,size=3145728]} | ret=SUCCESS |  
2019-08-21 02:17:13,352 | INFO  | DNAudit | user=null | ip=null | op=WRITE_CHUNK {blockData=conID: 2 locID: 102652564581712306 bcsId: 1202} | ret=SUCCESS |  
2019-08-21 02:17:13,352 | INFO  | DNAudit | user=null | ip=null | op=PUT_BLOCK {blockData=[blockId=conID: 2 locID: 102652564581712306 bcsId: 0,size=4194304]} | ret=SUCCESS |  
2019-08-21 02:17:13,352 [grpc-default-executor-0] INFO  client.GrpcClientProtocolClient (GrpcClientProtocolClient.java:onNext(255)) - client-54CC064C3FCE->8224e767-71c1-41fc-a01a-d172d48fd9d8: receive RaftClientReply:client-54CC064C3FCE->8224e767-71c1-41fc-a01a-d172d48fd9d8@group-F6B37CC92441, cid=915, SUCCESS, logIndex=1205, commits[8224e767-71c1-41fc-a01a-d172d48fd9d8:c1206, 6eae0c21-01aa-4169-956f-5952b26ea7ba:c1202, 8d7dcba1-3b82-4d94-a832-514ef5c79cf8:c1202]
2019-08-21 02:17:13,353 [grpc-default-executor-0] INFO  client.GrpcClientProtocolClient (GrpcClientProtocolClient.java:onNext(255)) - client-54CC064C3FCE->8224e767-71c1-41fc-a01a-d172d48fd9d8: receive RaftClientReply:client-54CC064C3FCE->8224e767-71c1-41fc-a01a-d172d48fd9d8@group-F6B37CC92441, cid=916, SUCCESS, logIndex=1206, commits[8224e767-71c1-41fc-a01a-d172d48fd9d8:c1206, 6eae0c21-01aa-4169-956f-5952b26ea7ba:c1202, 8d7dcba1-3b82-4d94-a832-514ef5c79cf8:c1202]
2019-08-21 02:17:13,365 | INFO  | DNAudit | user=null | ip=null | op=WRITE_CHUNK {blockData=conID: 2 locID: 102652564581712306 bcsId: 1202} | ret=SUCCESS |  
2019-08-21 02:17:13,365 | INFO  | DNAudit | user=null | ip=null | op=WRITE_CHUNK {blockData=conID: 2 locID: 102652564581712306 bcsId: 1202} | ret=SUCCESS |  
2019-08-21 02:17:13,368 | INFO  | DNAudit | user=null | ip=null | op=PUT_BLOCK {blockData=[blockId=conID: 2 locID: 102652564581712306 bcsId: 0,size=4194304]} | ret=SUCCESS |  
2019-08-21 02:17:13,368 | INFO  | DNAudit | user=null | ip=null | op=PUT_BLOCK {blockData=[blockId=conID: 2 locID: 102652564581712306 bcsId: 0,size=4194304]} | ret=SUCCESS |  
2019-08-21 02:17:13,369 [grpc-default-executor-0] INFO  client.GrpcClientProtocolClient (GrpcClientProtocolClient.java:onNext(255)) - client-54CC064C3FCE->8224e767-71c1-41fc-a01a-d172d48fd9d8: receive RaftClientReply:client-54CC064C3FCE->8224e767-71c1-41fc-a01a-d172d48fd9d8@group-F6B37CC92441, cid=917, SUCCESS, logIndex=0, commits[8224e767-71c1-41fc-a01a-d172d48fd9d8:c1208, 6eae0c21-01aa-4169-956f-5952b26ea7ba:c1206, 8d7dcba1-3b82-4d94-a832-514ef5c79cf8:c1206]
2019-08-21 02:17:13,378 | INFO  | DNAudit | user=null | ip=null | op=WRITE_CHUNK {blockData=conID: 3 locID: 102652564581712307 bcsId: 0} | ret=SUCCESS |  
2019-08-21 02:17:13,380 | INFO  | DNAudit | user=null | ip=null | op=WRITE_CHUNK {blockData=conID: 3 locID: 102652564581712307 bcsId: 0} | ret=SUCCESS |  
2019-08-21 02:17:13,381 | INFO  | DNAudit | user=null | ip=null | op=WRITE_CHUNK {blockData=conID: 3 locID: 102652564581712307 bcsId: 0} | ret=SUCCESS |  
2019-08-21 02:17:13,382 | INFO  | DNAudit | user=null | ip=null | op=WRITE_CHUNK {blockData=conID: 3 locID: 102652564581712307 bcsId: 0} | ret=SUCCESS |  
2019-08-21 02:17:13,384 | INFO  | DNAudit | user=null | ip=null | op=WRITE_CHUNK {blockData=conID: 3 locID: 102652564581712307 bcsId: 0} | ret=SUCCESS |  
2019-08-21 02:17:13,385 | INFO  | DNAudit | user=null | ip=null | op=WRITE_CHUNK {blockData=conID: 3 locID: 102652564581712307 bcsId: 0} | ret=SUCCESS |  
2019-08-21 02:17:13,401 | INFO  | DNAudit | user=null | ip=null | op=WRITE_CHUNK {blockData=conID: 3 locID: 102652564581712307 bcsId: 0} | ret=SUCCESS |  
2019-08-21 02:17:13,401 | INFO  | DNAudit | user=null | ip=null | op=PUT_BLOCK {blockData=[blockId=conID: 3 locID: 102652564581712307 bcsId: 0,size=1048576]} | ret=SUCCESS |  
2019-08-21 02:17:13,401 | INFO  | DNAudit | user=null | ip=null | op=WRITE_CHUNK {blockData=conID: 3 locID: 102652564581712307 bcsId: 0} | ret=SUCCESS |  
2019-08-21 02:17:13,402 | INFO  | DNAudit | user=null | ip=null | op=PUT_BLOCK {blockData=[blockId=conID: 3 locID: 102652564581712307 bcsId: 0,size=2097152]} | ret=SUCCESS |  
2019-08-21 02:17:13,402 [grpc-default-executor-2] INFO  client.GrpcClientProtocolClient (GrpcClientProtocolClient.java:onNext(255)) - client-54CC064C3FCE->8224e767-71c1-41fc-a01a-d172d48fd9d8: receive RaftClientReply:client-54CC064C3FCE->8224e767-71c1-41fc-a01a-d172d48fd9d8@group-F6B37CC92441, cid=918, SUCCESS, logIndex=1209, commits[8224e767-71c1-41fc-a01a-d172d48fd9d8:c1210, 6eae0c21-01aa-4169-956f-5952b26ea7ba:c1208, 8d7dcba1-3b82-4d94-a832-514ef5c79cf8:c1208]
2019-08-21 02:17:13,403 [grpc-default-executor-2] INFO  client.GrpcClientProtocolClient (GrpcClientProtocolClient.java:onNext(255)) - client-54CC064C3FCE->8224e767-71c1-41fc-a01a-d172d48fd9d8: receive RaftClientReply:client-54CC064C3FCE->8224e767-71c1-41fc-a01a-d172d48fd9d8@group-F6B37CC92441, cid=919, SUCCESS, logIndex=1210, commits[8224e767-71c1-41fc-a01a-d172d48fd9d8:c1211, 6eae0c21-01aa-4169-956f-5952b26ea7ba:c1208, 8d7dcba1-3b82-4d94-a832-514ef5c79cf8:c1208]
2019-08-21 02:17:13,403 [grpc-default-executor-2] INFO  client.GrpcClientProtocolClient (GrpcClientProtocolClient.java:onNext(255)) - client-54CC064C3FCE->8224e767-71c1-41fc-a01a-d172d48fd9d8: receive RaftClientReply:client-54CC064C3FCE->8224e767-71c1-41fc-a01a-d172d48fd9d8@group-F6B37CC92441, cid=920, SUCCESS, logIndex=1211, commits[8224e767-71c1-41fc-a01a-d172d48fd9d8:c1212, 6eae0c21-01aa-4169-956f-5952b26ea7ba:c1208, 8d7dcba1-3b82-4d94-a832-514ef5c79cf8:c1208]
2019-08-21 02:17:13,403 [grpc-default-executor-2] INFO  client.GrpcClientProtocolClient (GrpcClientProtocolClient.java:onNext(255)) - client-54CC064C3FCE->8224e767-71c1-41fc-a01a-d172d48fd9d8: receive RaftClientReply:client-54CC064C3FCE->8224e767-71c1-41fc-a01a-d172d48fd9d8@group-F6B37CC92441, cid=921, SUCCESS, logIndex=1212, commits[8224e767-71c1-41fc-a01a-d172d48fd9d8:c1212, 6eae0c21-01aa-4169-956f-5952b26ea7ba:c1208, 8d7dcba1-3b82-4d94-a832-514ef5c79cf8:c1208]
2019-08-21 02:17:13,414 | INFO  | DNAudit | user=null | ip=null | op=WRITE_CHUNK {blockData=conID: 3 locID: 102652564581712307 bcsId: 0} | ret=SUCCESS |  
2019-08-21 02:17:13,414 | INFO  | DNAudit | user=null | ip=null | op=PUT_BLOCK {blockData=[blockId=conID: 3 locID: 102652564581712307 bcsId: 0,size=1048576]} | ret=SUCCESS |  
2019-08-21 02:17:13,414 | INFO  | DNAudit | user=null | ip=null | op=WRITE_CHUNK {blockData=conID: 3 locID: 102652564581712307 bcsId: 0} | ret=SUCCESS |  
2019-08-21 02:17:13,415 | INFO  | DNAudit | user=null | ip=null | op=PUT_BLOCK {blockData=[blockId=conID: 3 locID: 102652564581712307 bcsId: 0,size=1048576]} | ret=SUCCESS |  
2019-08-21 02:17:13,415 | INFO  | DNAudit | user=null | ip=null | op=WRITE_CHUNK {blockData=conID: 3 locID: 102652564581712307 bcsId: 0} | ret=SUCCESS |  
2019-08-21 02:17:13,415 [grpc-default-executor-2] INFO  client.GrpcClientProtocolClient (GrpcClientProtocolClient.java:onNext(255)) - client-54CC064C3FCE->8224e767-71c1-41fc-a01a-d172d48fd9d8: receive RaftClientReply:client-54CC064C3FCE->8224e767-71c1-41fc-a01a-d172d48fd9d8@group-F6B37CC92441, cid=922, SUCCESS, logIndex=0, commits[8224e767-71c1-41fc-a01a-d172d48fd9d8:c1214, 6eae0c21-01aa-4169-956f-5952b26ea7ba:c1210, 8d7dcba1-3b82-4d94-a832-514ef5c79cf8:c1210]
2019-08-21 02:17:13,415 | INFO  | DNAudit | user=null | ip=null | op=WRITE_CHUNK {blockData=conID: 3 locID: 102652564581712307 bcsId: 0} | ret=SUCCESS |  
2019-08-21 02:17:13,415 | INFO  | DNAudit | user=null | ip=null | op=PUT_BLOCK {blockData=[blockId=conID: 3 locID: 102652564581712307 bcsId: 0,size=2097152]} | ret=SUCCESS |  
2019-08-21 02:17:13,415 | INFO  | DNAudit | user=null | ip=null | op=PUT_BLOCK {blockData=[blockId=conID: 3 locID: 102652564581712307 bcsId: 0,size=2097152]} | ret=SUCCESS |  
2019-08-21 02:17:13,423 | INFO  | DNAudit | user=null | ip=null | op=WRITE_CHUNK {blockData=conID: 3 locID: 102652564581712307 bcsId: 1212} | ret=SUCCESS |  
2019-08-21 02:17:13,425 | INFO  | DNAudit | user=null | ip=null | op=WRITE_CHUNK {blockData=conID: 3 locID: 102652564581712307 bcsId: 1212} | ret=SUCCESS |  
2019-08-21 02:17:13,426 | INFO  | DNAudit | user=null | ip=null | op=WRITE_CHUNK {blockData=conID: 3 locID: 102652564581712307 bcsId: 1212} | ret=SUCCESS |  
2019-08-21 02:17:13,435 | INFO  | DNAudit | user=null | ip=null | op=WRITE_CHUNK {blockData=conID: 3 locID: 102652564581712307 bcsId: 1212} | ret=SUCCESS |  
2019-08-21 02:17:13,436 | INFO  | DNAudit | user=null | ip=null | op=PUT_BLOCK {blockData=[blockId=conID: 3 locID: 102652564581712307 bcsId: 0,size=3145728]} | ret=SUCCESS |  
2019-08-21 02:17:13,436 [grpc-default-executor-1] INFO  client.GrpcClientProtocolClient (GrpcClientProtocolClient.java:onNext(255)) - client-54CC064C3FCE->8224e767-71c1-41fc-a01a-d172d48fd9d8: receive RaftClientReply:client-54CC064C3FCE->8224e767-71c1-41fc-a01a-d172d48fd9d8@group-F6B37CC92441, cid=923, SUCCESS, logIndex=1217, commits[8224e767-71c1-41fc-a01a-d172d48fd9d8:c1218, 6eae0c21-01aa-4169-956f-5952b26ea7ba:c1216, 8d7dcba1-3b82-4d94-a832-514ef5c79cf8:c1216]
2019-08-21 02:17:13,436 [grpc-default-executor-1] INFO  client.GrpcClientProtocolClient (GrpcClientProtocolClient.java:onNext(255)) - client-54CC064C3FCE->8224e767-71c1-41fc-a01a-d172d48fd9d8: receive RaftClientReply:client-54CC064C3FCE->8224e767-71c1-41fc-a01a-d172d48fd9d8@group-F6B37CC92441, cid=924, SUCCESS, logIndex=1218, commits[8224e767-71c1-41fc-a01a-d172d48fd9d8:c1218, 6eae0c21-01aa-4169-956f-5952b26ea7ba:c1216, 8d7dcba1-3b82-4d94-a832-514ef5c79cf8:c1216]
2019-08-21 02:17:13,444 | INFO  | DNAudit | user=null | ip=null | op=WRITE_CHUNK {blockData=conID: 3 locID: 102652564581712307 bcsId: 1218} | ret=SUCCESS |  
2019-08-21 02:17:13,445 | INFO  | DNAudit | user=null | ip=null | op=WRITE_CHUNK {blockData=conID: 3 locID: 102652564581712307 bcsId: 1218} | ret=SUCCESS |  
2019-08-21 02:17:13,447 | INFO  | DNAudit | user=null | ip=null | op=WRITE_CHUNK {blockData=conID: 3 locID: 102652564581712307 bcsId: 1212} | ret=SUCCESS |  
2019-08-21 02:17:13,447 | INFO  | DNAudit | user=null | ip=null | op=WRITE_CHUNK {blockData=conID: 3 locID: 102652564581712307 bcsId: 1218} | ret=SUCCESS |  
2019-08-21 02:17:13,447 | INFO  | DNAudit | user=null | ip=null | op=WRITE_CHUNK {blockData=conID: 3 locID: 102652564581712307 bcsId: 1212} | ret=SUCCESS |  
2019-08-21 02:17:13,448 | INFO  | DNAudit | user=null | ip=null | op=PUT_BLOCK {blockData=[blockId=conID: 3 locID: 102652564581712307 bcsId: 0,size=3145728]} | ret=SUCCESS |  
2019-08-21 02:17:13,448 | INFO  | DNAudit | user=null | ip=null | op=WRITE_CHUNK {blockData=conID: 3 locID: 102652564581712307 bcsId: 1218} | ret=SUCCESS |  
2019-08-21 02:17:13,449 | INFO  | DNAudit | user=null | ip=null | op=PUT_BLOCK {blockData=[blockId=conID: 3 locID: 102652564581712307 bcsId: 0,size=4194304]} | ret=SUCCESS |  
2019-08-21 02:17:13,449 | INFO  | DNAudit | user=null | ip=null | op=PUT_BLOCK {blockData=[blockId=conID: 3 locID: 102652564581712307 bcsId: 0,size=3145728]} | ret=SUCCESS |  
2019-08-21 02:17:13,449 [grpc-default-executor-2] INFO  client.GrpcClientProtocolClient (GrpcClientProtocolClient.java:onNext(255)) - client-54CC064C3FCE->8224e767-71c1-41fc-a01a-d172d48fd9d8: receive RaftClientReply:client-54CC064C3FCE->8224e767-71c1-41fc-a01a-d172d48fd9d8@group-F6B37CC92441, cid=925, SUCCESS, logIndex=1221, commits[8224e767-71c1-41fc-a01a-d172d48fd9d8:c1221, 6eae0c21-01aa-4169-956f-5952b26ea7ba:c1218, 8d7dcba1-3b82-4d94-a832-514ef5c79cf8:c1217]
2019-08-21 02:17:13,450 [grpc-default-executor-2] INFO  client.GrpcClientProtocolClient (GrpcClientProtocolClient.java:onNext(255)) - client-54CC064C3FCE->8224e767-71c1-41fc-a01a-d172d48fd9d8: receive RaftClientReply:client-54CC064C3FCE->8224e767-71c1-41fc-a01a-d172d48fd9d8@group-F6B37CC92441, cid=926, SUCCESS, logIndex=1222, commits[8224e767-71c1-41fc-a01a-d172d48fd9d8:c1222, 6eae0c21-01aa-4169-956f-5952b26ea7ba:c1218, 8d7dcba1-3b82-4d94-a832-514ef5c79cf8:c1218]
2019-08-21 02:17:13,450 | INFO  | DNAudit | user=null | ip=null | op=WRITE_CHUNK {blockData=conID: 3 locID: 102652564581712307 bcsId: 1218} | ret=SUCCESS |  
2019-08-21 02:17:13,450 | INFO  | DNAudit | user=null | ip=null | op=WRITE_CHUNK {blockData=conID: 3 locID: 102652564581712307 bcsId: 1218} | ret=SUCCESS |  
2019-08-21 02:17:13,453 | INFO  | DNAudit | user=null | ip=null | op=PUT_BLOCK {blockData=[blockId=conID: 3 locID: 102652564581712307 bcsId: 0,size=4194304]} | ret=SUCCESS |  
2019-08-21 02:17:13,453 | INFO  | DNAudit | user=null | ip=null | op=PUT_BLOCK {blockData=[blockId=conID: 3 locID: 102652564581712307 bcsId: 0,size=4194304]} | ret=SUCCESS |  
2019-08-21 02:17:13,454 [grpc-default-executor-2] INFO  client.GrpcClientProtocolClient (GrpcClientProtocolClient.java:onNext(255)) - client-54CC064C3FCE->8224e767-71c1-41fc-a01a-d172d48fd9d8: receive RaftClientReply:client-54CC064C3FCE->8224e767-71c1-41fc-a01a-d172d48fd9d8@group-F6B37CC92441, cid=927, SUCCESS, logIndex=0, commits[8224e767-71c1-41fc-a01a-d172d48fd9d8:c1224, 6eae0c21-01aa-4169-956f-5952b26ea7ba:c1222, 8d7dcba1-3b82-4d94-a832-514ef5c79cf8:c1222]
2019-08-21 02:17:13,462 | INFO  | DNAudit | user=null | ip=null | op=WRITE_CHUNK {blockData=conID: 1 locID: 102652564581777844 bcsId: 0} | ret=SUCCESS |  
2019-08-21 02:17:13,464 | INFO  | DNAudit | user=null | ip=null | op=WRITE_CHUNK {blockData=conID: 1 locID: 102652564581777844 bcsId: 0} | ret=SUCCESS |  
2019-08-21 02:17:13,465 | INFO  | DNAudit | user=null | ip=null | op=WRITE_CHUNK {blockData=conID: 1 locID: 102652564581777844 bcsId: 0} | ret=SUCCESS |  
2019-08-21 02:17:13,465 | INFO  | DNAudit | user=null | ip=null | op=WRITE_CHUNK {blockData=conID: 1 locID: 102652564581777844 bcsId: 0} | ret=SUCCESS |  
2019-08-21 02:17:13,467 | INFO  | DNAudit | user=null | ip=null | op=WRITE_CHUNK {blockData=conID: 1 locID: 102652564581777844 bcsId: 0} | ret=SUCCESS |  
2019-08-21 02:17:13,468 | INFO  | DNAudit | user=null | ip=null | op=WRITE_CHUNK {blockData=conID: 1 locID: 102652564581777844 bcsId: 0} | ret=SUCCESS |  
2019-08-21 02:17:13,474 | INFO  | DNAudit | user=null | ip=null | op=WRITE_CHUNK {blockData=conID: 1 locID: 102652564581777844 bcsId: 0} | ret=SUCCESS |  
2019-08-21 02:17:13,475 | INFO  | DNAudit | user=null | ip=null | op=PUT_BLOCK {blockData=[blockId=conID: 1 locID: 102652564581777844 bcsId: 0,size=1048576]} | ret=SUCCESS |  
2019-08-21 02:17:13,475 | INFO  | DNAudit | user=null | ip=null | op=WRITE_CHUNK {blockData=conID: 1 locID: 102652564581777844 bcsId: 0} | ret=SUCCESS |  
2019-08-21 02:17:13,475 [grpc-default-executor-2] INFO  client.GrpcClientProtocolClient (GrpcClientProtocolClient.java:onNext(255)) - client-54CC064C3FCE->8224e767-71c1-41fc-a01a-d172d48fd9d8: receive RaftClientReply:client-54CC064C3FCE->8224e767-71c1-41fc-a01a-d172d48fd9d8@group-F6B37CC92441, cid=928, SUCCESS, logIndex=1225, commits[8224e767-71c1-41fc-a01a-d172d48fd9d8:c1226, 6eae0c21-01aa-4169-956f-5952b26ea7ba:c1224, 8d7dcba1-3b82-4d94-a832-514ef5c79cf8:c1224]
2019-08-21 02:17:13,476 | INFO  | DNAudit | user=null | ip=null | op=PUT_BLOCK {blockData=[blockId=conID: 1 locID: 102652564581777844 bcsId: 0,size=2097152]} | ret=SUCCESS |  
2019-08-21 02:17:13,476 [grpc-default-executor-2] INFO  client.GrpcClientProtocolClient (GrpcClientProtocolClient.java:onNext(255)) - client-54CC064C3FCE->8224e767-71c1-41fc-a01a-d172d48fd9d8: receive RaftClientReply:client-54CC064C3FCE->8224e767-71c1-41fc-a01a-d172d48fd9d8@group-F6B37CC92441, cid=929, SUCCESS, logIndex=1226, commits[8224e767-71c1-41fc-a01a-d172d48fd9d8:c1227, 6eae0c21-01aa-4169-956f-5952b26ea7ba:c1224, 8d7dcba1-3b82-4d94-a832-514ef5c79cf8:c1224]
2019-08-21 02:17:13,476 [grpc-default-executor-2] INFO  client.GrpcClientProtocolClient (GrpcClientProtocolClient.java:onNext(255)) - client-54CC064C3FCE->8224e767-71c1-41fc-a01a-d172d48fd9d8: receive RaftClientReply:client-54CC064C3FCE->8224e767-71c1-41fc-a01a-d172d48fd9d8@group-F6B37CC92441, cid=930, SUCCESS, logIndex=1227, commits[8224e767-71c1-41fc-a01a-d172d48fd9d8:c1228, 6eae0c21-01aa-4169-956f-5952b26ea7ba:c1224, 8d7dcba1-3b82-4d94-a832-514ef5c79cf8:c1224]
2019-08-21 02:17:13,477 [grpc-default-executor-2] INFO  client.GrpcClientProtocolClient (GrpcClientProtocolClient.java:onNext(255)) - client-54CC064C3FCE->8224e767-71c1-41fc-a01a-d172d48fd9d8: receive RaftClientReply:client-54CC064C3FCE->8224e767-71c1-41fc-a01a-d172d48fd9d8@group-F6B37CC92441, cid=931, SUCCESS, logIndex=1228, commits[8224e767-71c1-41fc-a01a-d172d48fd9d8:c1228, 6eae0c21-01aa-4169-956f-5952b26ea7ba:c1224, 8d7dcba1-3b82-4d94-a832-514ef5c79cf8:c1224]
2019-08-21 02:17:13,488 | INFO  | DNAudit | user=null | ip=null | op=WRITE_CHUNK {blockData=conID: 1 locID: 102652564581777844 bcsId: 0} | ret=SUCCESS |  
2019-08-21 02:17:13,488 | INFO  | DNAudit | user=null | ip=null | op=PUT_BLOCK {blockData=[blockId=conID: 1 locID: 102652564581777844 bcsId: 0,size=1048576]} | ret=SUCCESS |  
2019-08-21 02:17:13,488 | INFO  | DNAudit | user=null | ip=null | op=WRITE_CHUNK {blockData=conID: 1 locID: 102652564581777844 bcsId: 0} | ret=SUCCESS |  
2019-08-21 02:17:13,489 | INFO  | DNAudit | user=null | ip=null | op=PUT_BLOCK {blockData=[blockId=conID: 1 locID: 102652564581777844 bcsId: 0,size=1048576]} | ret=SUCCESS |  
2019-08-21 02:17:13,489 | INFO  | DNAudit | user=null | ip=null | op=WRITE_CHUNK {blockData=conID: 1 locID: 102652564581777844 bcsId: 0} | ret=SUCCESS |  
2019-08-21 02:17:13,489 | INFO  | DNAudit | user=null | ip=null | op=WRITE_CHUNK {blockData=conID: 1 locID: 102652564581777844 bcsId: 0} | ret=SUCCESS |  
2019-08-21 02:17:13,489 | INFO  | DNAudit | user=null | ip=null | op=PUT_BLOCK {blockData=[blockId=conID: 1 locID: 102652564581777844 bcsId: 0,size=2097152]} | ret=SUCCESS |  
2019-08-21 02:17:13,489 | INFO  | DNAudit | user=null | ip=null | op=PUT_BLOCK {blockData=[blockId=conID: 1 locID: 102652564581777844 bcsId: 0,size=2097152]} | ret=SUCCESS |  
2019-08-21 02:17:13,490 [grpc-default-executor-0] INFO  client.GrpcClientProtocolClient (GrpcClientProtocolClient.java:onNext(255)) - client-54CC064C3FCE->8224e767-71c1-41fc-a01a-d172d48fd9d8: receive RaftClientReply:client-54CC064C3FCE->8224e767-71c1-41fc-a01a-d172d48fd9d8@group-F6B37CC92441, cid=932, SUCCESS, logIndex=0, commits[8224e767-71c1-41fc-a01a-d172d48fd9d8:c1230, 6eae0c21-01aa-4169-956f-5952b26ea7ba:c1226, 8d7dcba1-3b82-4d94-a832-514ef5c79cf8:c1226]
2019-08-21 02:17:13,496 | INFO  | DNAudit | user=null | ip=null | op=WRITE_CHUNK {blockData=conID: 1 locID: 102652564581777844 bcsId: 1228} | ret=SUCCESS |  
2019-08-21 02:17:13,498 | INFO  | DNAudit | user=null | ip=null | op=WRITE_CHUNK {blockData=conID: 1 locID: 102652564581777844 bcsId: 1228} | ret=SUCCESS |  
2019-08-21 02:17:13,499 | INFO  | DNAudit | user=null | ip=null | op=WRITE_CHUNK {blockData=conID: 1 locID: 102652564581777844 bcsId: 1228} | ret=SUCCESS |  
2019-08-21 02:17:13,510 | INFO  | DNAudit | user=null | ip=null | op=WRITE_CHUNK {blockData=conID: 1 locID: 102652564581777844 bcsId: 1228} | ret=SUCCESS |  
2019-08-21 02:17:13,511 | INFO  | DNAudit | user=null | ip=null | op=PUT_BLOCK {blockData=[blockId=conID: 1 locID: 102652564581777844 bcsId: 0,size=3145728]} | ret=SUCCESS |  
2019-08-21 02:17:13,511 | INFO  | SCMAudit | user=jenkins1000 | ip=192.168.34.10 | op=SEND_HEARTBEAT {datanodeUUID=94764dae-819c-4b7e-92f1-9cd6c64427b7, command=[]} | ret=SUCCESS |  
2019-08-21 02:17:13,511 [grpc-default-executor-0] INFO  client.GrpcClientProtocolClient (GrpcClientProtocolClient.java:onNext(255)) - client-54CC064C3FCE->8224e767-71c1-41fc-a01a-d172d48fd9d8: receive RaftClientReply:client-54CC064C3FCE->8224e767-71c1-41fc-a01a-d172d48fd9d8@group-F6B37CC92441, cid=933, SUCCESS, logIndex=1233, commits[8224e767-71c1-41fc-a01a-d172d48fd9d8:c1234, 6eae0c21-01aa-4169-956f-5952b26ea7ba:c1232, 8d7dcba1-3b82-4d94-a832-514ef5c79cf8:c1232]
2019-08-21 02:17:13,512 [grpc-default-executor-0] INFO  client.GrpcClientProtocolClient (GrpcClientProtocolClient.java:onNext(255)) - client-54CC064C3FCE->8224e767-71c1-41fc-a01a-d172d48fd9d8: receive RaftClientReply:client-54CC064C3FCE->8224e767-71c1-41fc-a01a-d172d48fd9d8@group-F6B37CC92441, cid=934, SUCCESS, logIndex=1234, commits[8224e767-71c1-41fc-a01a-d172d48fd9d8:c1234, 6eae0c21-01aa-4169-956f-5952b26ea7ba:c1232, 8d7dcba1-3b82-4d94-a832-514ef5c79cf8:c1232]
2019-08-21 02:17:13,519 | INFO  | DNAudit | user=null | ip=null | op=WRITE_CHUNK {blockData=conID: 1 locID: 102652564581777844 bcsId: 1234} | ret=SUCCESS |  
2019-08-21 02:17:13,522 | INFO  | DNAudit | user=null | ip=null | op=WRITE_CHUNK {blockData=conID: 1 locID: 102652564581777844 bcsId: 1234} | ret=SUCCESS |  
2019-08-21 02:17:13,523 | INFO  | DNAudit | user=null | ip=null | op=WRITE_CHUNK {blockData=conID: 1 locID: 102652564581777844 bcsId: 1234} | ret=SUCCESS |  
2019-08-21 02:17:13,523 | INFO  | DNAudit | user=null | ip=null | op=WRITE_CHUNK {blockData=conID: 1 locID: 102652564581777844 bcsId: 1228} | ret=SUCCESS |  
2019-08-21 02:17:13,523 | INFO  | DNAudit | user=null | ip=null | op=WRITE_CHUNK {blockData=conID: 1 locID: 102652564581777844 bcsId: 1228} | ret=SUCCESS |  
2019-08-21 02:17:13,535 | INFO  | DNAudit | user=null | ip=null | op=PUT_BLOCK {blockData=[blockId=conID: 1 locID: 102652564581777844 bcsId: 0,size=3145728]} | ret=SUCCESS |  
2019-08-21 02:17:13,535 | INFO  | DNAudit | user=null | ip=null | op=PUT_BLOCK {blockData=[blockId=conID: 1 locID: 102652564581777844 bcsId: 0,size=3145728]} | ret=SUCCESS |  
2019-08-21 02:17:13,535 | INFO  | DNAudit | user=null | ip=null | op=WRITE_CHUNK {blockData=conID: 1 locID: 102652564581777844 bcsId: 1234} | ret=SUCCESS |  
2019-08-21 02:17:13,536 | INFO  | DNAudit | user=null | ip=null | op=PUT_BLOCK {blockData=[blockId=conID: 1 locID: 102652564581777844 bcsId: 0,size=4194304]} | ret=SUCCESS |  
2019-08-21 02:17:13,536 [grpc-default-executor-1] INFO  client.GrpcClientProtocolClient (GrpcClientProtocolClient.java:onNext(255)) - client-54CC064C3FCE->8224e767-71c1-41fc-a01a-d172d48fd9d8: receive RaftClientReply:client-54CC064C3FCE->8224e767-71c1-41fc-a01a-d172d48fd9d8@group-F6B37CC92441, cid=935, SUCCESS, logIndex=1237, commits[8224e767-71c1-41fc-a01a-d172d48fd9d8:c1238, 6eae0c21-01aa-4169-956f-5952b26ea7ba:c1234, 8d7dcba1-3b82-4d94-a832-514ef5c79cf8:c1234]
2019-08-21 02:17:13,537 [grpc-default-executor-1] INFO  client.GrpcClientProtocolClient (GrpcClientProtocolClient.java:onNext(255)) - client-54CC064C3FCE->8224e767-71c1-41fc-a01a-d172d48fd9d8: receive RaftClientReply:client-54CC064C3FCE->8224e767-71c1-41fc-a01a-d172d48fd9d8@group-F6B37CC92441, cid=936, SUCCESS, logIndex=1238, commits[8224e767-71c1-41fc-a01a-d172d48fd9d8:c1238, 6eae0c21-01aa-4169-956f-5952b26ea7ba:c1234, 8d7dcba1-3b82-4d94-a832-514ef5c79cf8:c1234]
2019-08-21 02:17:13,540 | INFO  | SCMAudit | user=jenkins1000 | ip=192.168.34.10 | op=SEND_HEARTBEAT {datanodeUUID=3def7c30-cb13-4f41-8119-6188f246ad27, command=[]} | ret=SUCCESS |  
2019-08-21 02:17:13,548 | INFO  | DNAudit | user=null | ip=null | op=WRITE_CHUNK {blockData=conID: 1 locID: 102652564581777844 bcsId: 1234} | ret=SUCCESS |  
2019-08-21 02:17:13,549 | INFO  | DNAudit | user=null | ip=null | op=WRITE_CHUNK {blockData=conID: 1 locID: 102652564581777844 bcsId: 1234} | ret=SUCCESS |  
2019-08-21 02:17:13,559 | INFO  | DNAudit | user=null | ip=null | op=PUT_BLOCK {blockData=[blockId=conID: 1 locID: 102652564581777844 bcsId: 0,size=4194304]} | ret=SUCCESS |  
2019-08-21 02:17:13,560 | INFO  | DNAudit | user=null | ip=null | op=PUT_BLOCK {blockData=[blockId=conID: 1 locID: 102652564581777844 bcsId: 0,size=4194304]} | ret=SUCCESS |  
2019-08-21 02:17:13,560 [grpc-default-executor-1] INFO  client.GrpcClientProtocolClient (GrpcClientProtocolClient.java:onNext(255)) - client-54CC064C3FCE->8224e767-71c1-41fc-a01a-d172d48fd9d8: receive RaftClientReply:client-54CC064C3FCE->8224e767-71c1-41fc-a01a-d172d48fd9d8@group-F6B37CC92441, cid=937, SUCCESS, logIndex=0, commits[8224e767-71c1-41fc-a01a-d172d48fd9d8:c1240, 6eae0c21-01aa-4169-956f-5952b26ea7ba:c1238, 8d7dcba1-3b82-4d94-a832-514ef5c79cf8:c1238]
2019-08-21 02:17:13,568 | INFO  | DNAudit | user=null | ip=null | op=WRITE_CHUNK {blockData=conID: 2 locID: 102652564581777845 bcsId: 0} | ret=SUCCESS |  
2019-08-21 02:17:13,571 | INFO  | DNAudit | user=null | ip=null | op=WRITE_CHUNK {blockData=conID: 2 locID: 102652564581777845 bcsId: 0} | ret=SUCCESS |  
2019-08-21 02:17:13,572 | INFO  | DNAudit | user=null | ip=null | op=WRITE_CHUNK {blockData=conID: 2 locID: 102652564581777845 bcsId: 0} | ret=SUCCESS |  
2019-08-21 02:17:13,572 | INFO  | DNAudit | user=null | ip=null | op=WRITE_CHUNK {blockData=conID: 2 locID: 102652564581777845 bcsId: 0} | ret=SUCCESS |  
2019-08-21 02:17:13,573 | INFO  | DNAudit | user=null | ip=null | op=WRITE_CHUNK {blockData=conID: 2 locID: 102652564581777845 bcsId: 0} | ret=SUCCESS |  
2019-08-21 02:17:13,574 | INFO  | DNAudit | user=null | ip=null | op=WRITE_CHUNK {blockData=conID: 2 locID: 102652564581777845 bcsId: 0} | ret=SUCCESS |  
2019-08-21 02:17:13,576 | INFO  | DNAudit | user=null | ip=null | op=WRITE_CHUNK {blockData=conID: 2 locID: 102652564581777845 bcsId: 0} | ret=SUCCESS |  
2019-08-21 02:17:13,576 | INFO  | DNAudit | user=null | ip=null | op=PUT_BLOCK {blockData=[blockId=conID: 2 locID: 102652564581777845 bcsId: 0,size=1048576]} | ret=SUCCESS |  
2019-08-21 02:17:13,576 [grpc-default-executor-2] INFO  client.GrpcClientProtocolClient (GrpcClientProtocolClient.java:onNext(255)) - client-54CC064C3FCE->8224e767-71c1-41fc-a01a-d172d48fd9d8: receive RaftClientReply:client-54CC064C3FCE->8224e767-71c1-41fc-a01a-d172d48fd9d8@group-F6B37CC92441, cid=938, SUCCESS, logIndex=1241, commits[8224e767-71c1-41fc-a01a-d172d48fd9d8:c1244, 6eae0c21-01aa-4169-956f-5952b26ea7ba:c1240, 8d7dcba1-3b82-4d94-a832-514ef5c79cf8:c1238]
2019-08-21 02:17:13,577 | INFO  | DNAudit | user=null | ip=null | op=WRITE_CHUNK {blockData=conID: 2 locID: 102652564581777845 bcsId: 0} | ret=SUCCESS |  
2019-08-21 02:17:13,577 [grpc-default-executor-2] INFO  client.GrpcClientProtocolClient (GrpcClientProtocolClient.java:onNext(255)) - client-54CC064C3FCE->8224e767-71c1-41fc-a01a-d172d48fd9d8: receive RaftClientReply:client-54CC064C3FCE->8224e767-71c1-41fc-a01a-d172d48fd9d8@group-F6B37CC92441, cid=939, SUCCESS, logIndex=1242, commits[8224e767-71c1-41fc-a01a-d172d48fd9d8:c1244, 6eae0c21-01aa-4169-956f-5952b26ea7ba:c1240, 8d7dcba1-3b82-4d94-a832-514ef5c79cf8:c1238]
2019-08-21 02:17:13,577 | INFO  | DNAudit | user=null | ip=null | op=PUT_BLOCK {blockData=[blockId=conID: 2 locID: 102652564581777845 bcsId: 0,size=2097152]} | ret=SUCCESS |  
2019-08-21 02:17:13,578 | INFO  | DNAudit | user=null | ip=null | op=WRITE_CHUNK {blockData=conID: 2 locID: 102652564581777845 bcsId: 0} | ret=SUCCESS |  
2019-08-21 02:17:13,578 [grpc-default-executor-2] INFO  client.GrpcClientProtocolClient (GrpcClientProtocolClient.java:onNext(255)) - client-54CC064C3FCE->8224e767-71c1-41fc-a01a-d172d48fd9d8: receive RaftClientReply:client-54CC064C3FCE->8224e767-71c1-41fc-a01a-d172d48fd9d8@group-F6B37CC92441, cid=940, SUCCESS, logIndex=1243, commits[8224e767-71c1-41fc-a01a-d172d48fd9d8:c1244, 6eae0c21-01aa-4169-956f-5952b26ea7ba:c1240, 8d7dcba1-3b82-4d94-a832-514ef5c79cf8:c1240]
2019-08-21 02:17:13,578 [grpc-default-executor-2] INFO  client.GrpcClientProtocolClient (GrpcClientProtocolClient.java:onNext(255)) - client-54CC064C3FCE->8224e767-71c1-41fc-a01a-d172d48fd9d8: receive RaftClientReply:client-54CC064C3FCE->8224e767-71c1-41fc-a01a-d172d48fd9d8@group-F6B37CC92441, cid=941, SUCCESS, logIndex=1244, commits[8224e767-71c1-41fc-a01a-d172d48fd9d8:c1244, 6eae0c21-01aa-4169-956f-5952b26ea7ba:c1240, 8d7dcba1-3b82-4d94-a832-514ef5c79cf8:c1240]
2019-08-21 02:17:13,579 | INFO  | DNAudit | user=null | ip=null | op=WRITE_CHUNK {blockData=conID: 2 locID: 102652564581777845 bcsId: 0} | ret=SUCCESS |  
2019-08-21 02:17:13,580 | INFO  | DNAudit | user=null | ip=null | op=PUT_BLOCK {blockData=[blockId=conID: 2 locID: 102652564581777845 bcsId: 0,size=1048576]} | ret=SUCCESS |  
2019-08-21 02:17:13,580 | INFO  | DNAudit | user=null | ip=null | op=WRITE_CHUNK {blockData=conID: 2 locID: 102652564581777845 bcsId: 0} | ret=SUCCESS |  
2019-08-21 02:17:13,580 | INFO  | DNAudit | user=null | ip=null | op=PUT_BLOCK {blockData=[blockId=conID: 2 locID: 102652564581777845 bcsId: 0,size=2097152]} | ret=SUCCESS |  
2019-08-21 02:17:13,580 | INFO  | DNAudit | user=null | ip=null | op=PUT_BLOCK {blockData=[blockId=conID: 2 locID: 102652564581777845 bcsId: 0,size=1048576]} | ret=SUCCESS |  
2019-08-21 02:17:13,581 | INFO  | DNAudit | user=null | ip=null | op=WRITE_CHUNK {blockData=conID: 2 locID: 102652564581777845 bcsId: 0} | ret=SUCCESS |  
2019-08-21 02:17:13,581 | INFO  | DNAudit | user=null | ip=null | op=PUT_BLOCK {blockData=[blockId=conID: 2 locID: 102652564581777845 bcsId: 0,size=2097152]} | ret=SUCCESS |  
2019-08-21 02:17:13,581 [grpc-default-executor-2] INFO  client.GrpcClientProtocolClient (GrpcClientProtocolClient.java:onNext(255)) - client-54CC064C3FCE->8224e767-71c1-41fc-a01a-d172d48fd9d8: receive RaftClientReply:client-54CC064C3FCE->8224e767-71c1-41fc-a01a-d172d48fd9d8@group-F6B37CC92441, cid=942, SUCCESS, logIndex=0, commits[8224e767-71c1-41fc-a01a-d172d48fd9d8:c1248, 6eae0c21-01aa-4169-956f-5952b26ea7ba:c1242, 8d7dcba1-3b82-4d94-a832-514ef5c79cf8:c1244]
2019-08-21 02:17:13,589 | INFO  | DNAudit | user=null | ip=null | op=WRITE_CHUNK {blockData=conID: 2 locID: 102652564581777845 bcsId: 1244} | ret=SUCCESS |  
2019-08-21 02:17:13,591 | INFO  | DNAudit | user=null | ip=null | op=WRITE_CHUNK {blockData=conID: 2 locID: 102652564581777845 bcsId: 1244} | ret=SUCCESS |  
2019-08-21 02:17:13,591 | INFO  | DNAudit | user=null | ip=null | op=WRITE_CHUNK {blockData=conID: 2 locID: 102652564581777845 bcsId: 1244} | ret=SUCCESS |  
2019-08-21 02:17:13,594 | INFO  | DNAudit | user=null | ip=null | op=WRITE_CHUNK {blockData=conID: 2 locID: 102652564581777845 bcsId: 1244} | ret=SUCCESS |  
2019-08-21 02:17:13,594 | INFO  | DNAudit | user=null | ip=null | op=PUT_BLOCK {blockData=[blockId=conID: 2 locID: 102652564581777845 bcsId: 0,size=3145728]} | ret=SUCCESS |  
2019-08-21 02:17:13,595 [grpc-default-executor-1] INFO  client.GrpcClientProtocolClient (GrpcClientProtocolClient.java:onNext(255)) - client-54CC064C3FCE->8224e767-71c1-41fc-a01a-d172d48fd9d8: receive RaftClientReply:client-54CC064C3FCE->8224e767-71c1-41fc-a01a-d172d48fd9d8@group-F6B37CC92441, cid=943, SUCCESS, logIndex=1249, commits[8224e767-71c1-41fc-a01a-d172d48fd9d8:c1250, 6eae0c21-01aa-4169-956f-5952b26ea7ba:c1248, 8d7dcba1-3b82-4d94-a832-514ef5c79cf8:c1244]
2019-08-21 02:17:13,595 [grpc-default-executor-1] INFO  client.GrpcClientProtocolClient (GrpcClientProtocolClient.java:onNext(255)) - client-54CC064C3FCE->8224e767-71c1-41fc-a01a-d172d48fd9d8: receive RaftClientReply:client-54CC064C3FCE->8224e767-71c1-41fc-a01a-d172d48fd9d8@group-F6B37CC92441, cid=944, SUCCESS, logIndex=1250, commits[8224e767-71c1-41fc-a01a-d172d48fd9d8:c1250, 6eae0c21-01aa-4169-956f-5952b26ea7ba:c1248, 8d7dcba1-3b82-4d94-a832-514ef5c79cf8:c1248]
2019-08-21 02:17:13,595 | INFO  | DNAudit | user=null | ip=null | op=WRITE_CHUNK {blockData=conID: 2 locID: 102652564581777845 bcsId: 1244} | ret=SUCCESS |  
2019-08-21 02:17:13,596 | INFO  | DNAudit | user=null | ip=null | op=WRITE_CHUNK {blockData=conID: 2 locID: 102652564581777845 bcsId: 1244} | ret=SUCCESS |  
2019-08-21 02:17:13,596 | INFO  | DNAudit | user=null | ip=null | op=PUT_BLOCK {blockData=[blockId=conID: 2 locID: 102652564581777845 bcsId: 0,size=3145728]} | ret=SUCCESS |  
2019-08-21 02:17:13,596 | INFO  | DNAudit | user=null | ip=null | op=PUT_BLOCK {blockData=[blockId=conID: 2 locID: 102652564581777845 bcsId: 0,size=3145728]} | ret=SUCCESS |  
2019-08-21 02:17:13,602 | INFO  | DNAudit | user=null | ip=null | op=WRITE_CHUNK {blockData=conID: 2 locID: 102652564581777845 bcsId: 1250} | ret=SUCCESS |  
2019-08-21 02:17:13,605 | INFO  | DNAudit | user=null | ip=null | op=WRITE_CHUNK {blockData=conID: 2 locID: 102652564581777845 bcsId: 1250} | ret=SUCCESS |  
2019-08-21 02:17:13,605 | INFO  | DNAudit | user=null | ip=null | op=WRITE_CHUNK {blockData=conID: 2 locID: 102652564581777845 bcsId: 1250} | ret=SUCCESS |  
2019-08-21 02:17:13,612 | INFO  | DNAudit | user=null | ip=null | op=WRITE_CHUNK {blockData=conID: 2 locID: 102652564581777845 bcsId: 1250} | ret=SUCCESS |  
2019-08-21 02:17:13,613 | INFO  | DNAudit | user=null | ip=null | op=PUT_BLOCK {blockData=[blockId=conID: 2 locID: 102652564581777845 bcsId: 0,size=4194304]} | ret=SUCCESS |  
2019-08-21 02:17:13,613 [grpc-default-executor-1] INFO  client.GrpcClientProtocolClient (GrpcClientProtocolClient.java:onNext(255)) - client-54CC064C3FCE->8224e767-71c1-41fc-a01a-d172d48fd9d8: receive RaftClientReply:client-54CC064C3FCE->8224e767-71c1-41fc-a01a-d172d48fd9d8@group-F6B37CC92441, cid=945, SUCCESS, logIndex=1253, commits[8224e767-71c1-41fc-a01a-d172d48fd9d8:c1254, 6eae0c21-01aa-4169-956f-5952b26ea7ba:c1252, 8d7dcba1-3b82-4d94-a832-514ef5c79cf8:c1250]
2019-08-21 02:17:13,613 [grpc-default-executor-1] INFO  client.GrpcClientProtocolClient (GrpcClientProtocolClient.java:onNext(255)) - client-54CC064C3FCE->8224e767-71c1-41fc-a01a-d172d48fd9d8: receive RaftClientReply:client-54CC064C3FCE->8224e767-71c1-41fc-a01a-d172d48fd9d8@group-F6B37CC92441, cid=946, SUCCESS, logIndex=1254, commits[8224e767-71c1-41fc-a01a-d172d48fd9d8:c1254, 6eae0c21-01aa-4169-956f-5952b26ea7ba:c1252, 8d7dcba1-3b82-4d94-a832-514ef5c79cf8:c1252]
2019-08-21 02:17:13,614 | INFO  | DNAudit | user=null | ip=null | op=WRITE_CHUNK {blockData=conID: 2 locID: 102652564581777845 bcsId: 1250} | ret=SUCCESS |  
2019-08-21 02:17:13,614 | INFO  | DNAudit | user=null | ip=null | op=WRITE_CHUNK {blockData=conID: 2 locID: 102652564581777845 bcsId: 1250} | ret=SUCCESS |  
2019-08-21 02:17:13,614 | INFO  | DNAudit | user=null | ip=null | op=PUT_BLOCK {blockData=[blockId=conID: 2 locID: 102652564581777845 bcsId: 0,size=4194304]} | ret=SUCCESS |  
2019-08-21 02:17:13,615 | INFO  | DNAudit | user=null | ip=null | op=PUT_BLOCK {blockData=[blockId=conID: 2 locID: 102652564581777845 bcsId: 0,size=4194304]} | ret=SUCCESS |  
2019-08-21 02:17:13,615 [grpc-default-executor-1] INFO  client.GrpcClientProtocolClient (GrpcClientProtocolClient.java:onNext(255)) - client-54CC064C3FCE->8224e767-71c1-41fc-a01a-d172d48fd9d8: receive RaftClientReply:client-54CC064C3FCE->8224e767-71c1-41fc-a01a-d172d48fd9d8@group-F6B37CC92441, cid=947, SUCCESS, logIndex=0, commits[8224e767-71c1-41fc-a01a-d172d48fd9d8:c1255, 6eae0c21-01aa-4169-956f-5952b26ea7ba:c1254, 8d7dcba1-3b82-4d94-a832-514ef5c79cf8:c1254]
2019-08-21 02:17:13,622 | INFO  | DNAudit | user=null | ip=null | op=WRITE_CHUNK {blockData=conID: 3 locID: 102652564581777846 bcsId: 0} | ret=SUCCESS |  
2019-08-21 02:17:13,625 | INFO  | DNAudit | user=null | ip=null | op=WRITE_CHUNK {blockData=conID: 3 locID: 102652564581777846 bcsId: 0} | ret=SUCCESS |  
2019-08-21 02:17:13,625 | INFO  | DNAudit | user=null | ip=null | op=WRITE_CHUNK {blockData=conID: 3 locID: 102652564581777846 bcsId: 0} | ret=SUCCESS |  
2019-08-21 02:17:13,625 | INFO  | DNAudit | user=null | ip=null | op=WRITE_CHUNK {blockData=conID: 3 locID: 102652564581777846 bcsId: 0} | ret=SUCCESS |  
2019-08-21 02:17:13,627 | INFO  | DNAudit | user=null | ip=null | op=WRITE_CHUNK {blockData=conID: 3 locID: 102652564581777846 bcsId: 0} | ret=SUCCESS |  
2019-08-21 02:17:13,628 | INFO  | DNAudit | user=null | ip=null | op=WRITE_CHUNK {blockData=conID: 3 locID: 102652564581777846 bcsId: 0} | ret=SUCCESS |  
2019-08-21 02:17:13,639 | INFO  | DNAudit | user=null | ip=null | op=WRITE_CHUNK {blockData=conID: 3 locID: 102652564581777846 bcsId: 0} | ret=SUCCESS |  
2019-08-21 02:17:13,639 | INFO  | DNAudit | user=null | ip=null | op=PUT_BLOCK {blockData=[blockId=conID: 3 locID: 102652564581777846 bcsId: 0,size=1048576]} | ret=SUCCESS |  
2019-08-21 02:17:13,640 | INFO  | DNAudit | user=null | ip=null | op=WRITE_CHUNK {blockData=conID: 3 locID: 102652564581777846 bcsId: 0} | ret=SUCCESS |  
2019-08-21 02:17:13,640 [grpc-default-executor-1] INFO  client.GrpcClientProtocolClient (GrpcClientProtocolClient.java:onNext(255)) - client-54CC064C3FCE->8224e767-71c1-41fc-a01a-d172d48fd9d8: receive RaftClientReply:client-54CC064C3FCE->8224e767-71c1-41fc-a01a-d172d48fd9d8@group-F6B37CC92441, cid=948, SUCCESS, logIndex=1257, commits[8224e767-71c1-41fc-a01a-d172d48fd9d8:c1258, 6eae0c21-01aa-4169-956f-5952b26ea7ba:c1256, 8d7dcba1-3b82-4d94-a832-514ef5c79cf8:c1256]
2019-08-21 02:17:13,640 | INFO  | DNAudit | user=null | ip=null | op=PUT_BLOCK {blockData=[blockId=conID: 3 locID: 102652564581777846 bcsId: 0,size=2097152]} | ret=SUCCESS |  
2019-08-21 02:17:13,640 [grpc-default-executor-1] INFO  client.GrpcClientProtocolClient (GrpcClientProtocolClient.java:onNext(255)) - client-54CC064C3FCE->8224e767-71c1-41fc-a01a-d172d48fd9d8: receive RaftClientReply:client-54CC064C3FCE->8224e767-71c1-41fc-a01a-d172d48fd9d8@group-F6B37CC92441, cid=949, SUCCESS, logIndex=1258, commits[8224e767-71c1-41fc-a01a-d172d48fd9d8:c1259, 6eae0c21-01aa-4169-956f-5952b26ea7ba:c1256, 8d7dcba1-3b82-4d94-a832-514ef5c79cf8:c1256]
2019-08-21 02:17:13,641 | INFO  | DNAudit | user=null | ip=null | op=WRITE_CHUNK {blockData=conID: 3 locID: 102652564581777846 bcsId: 0} | ret=SUCCESS |  
2019-08-21 02:17:13,641 [grpc-default-executor-1] INFO  client.GrpcClientProtocolClient (GrpcClientProtocolClient.java:onNext(255)) - client-54CC064C3FCE->8224e767-71c1-41fc-a01a-d172d48fd9d8: receive RaftClientReply:client-54CC064C3FCE->8224e767-71c1-41fc-a01a-d172d48fd9d8@group-F6B37CC92441, cid=950, SUCCESS, logIndex=1259, commits[8224e767-71c1-41fc-a01a-d172d48fd9d8:c1260, 6eae0c21-01aa-4169-956f-5952b26ea7ba:c1256, 8d7dcba1-3b82-4d94-a832-514ef5c79cf8:c1256]
2019-08-21 02:17:13,641 | INFO  | DNAudit | user=null | ip=null | op=PUT_BLOCK {blockData=[blockId=conID: 3 locID: 102652564581777846 bcsId: 0,size=1048576]} | ret=SUCCESS |  
2019-08-21 02:17:13,641 [grpc-default-executor-1] INFO  client.GrpcClientProtocolClient (GrpcClientProtocolClient.java:onNext(255)) - client-54CC064C3FCE->8224e767-71c1-41fc-a01a-d172d48fd9d8: receive RaftClientReply:client-54CC064C3FCE->8224e767-71c1-41fc-a01a-d172d48fd9d8@group-F6B37CC92441, cid=951, SUCCESS, logIndex=1260, commits[8224e767-71c1-41fc-a01a-d172d48fd9d8:c1260, 6eae0c21-01aa-4169-956f-5952b26ea7ba:c1256, 8d7dcba1-3b82-4d94-a832-514ef5c79cf8:c1256]
2019-08-21 02:17:13,643 | INFO  | DNAudit | user=null | ip=null | op=WRITE_CHUNK {blockData=conID: 3 locID: 102652564581777846 bcsId: 0} | ret=SUCCESS |  
2019-08-21 02:17:13,644 | INFO  | DNAudit | user=null | ip=null | op=PUT_BLOCK {blockData=[blockId=conID: 3 locID: 102652564581777846 bcsId: 0,size=1048576]} | ret=SUCCESS |  
2019-08-21 02:17:13,644 [grpc-default-executor-1] INFO  client.GrpcClientProtocolClient (GrpcClientProtocolClient.java:onNext(255)) - client-54CC064C3FCE->8224e767-71c1-41fc-a01a-d172d48fd9d8: receive RaftClientReply:client-54CC064C3FCE->8224e767-71c1-41fc-a01a-d172d48fd9d8@group-F6B37CC92441, cid=952, SUCCESS, logIndex=0, commits[8224e767-71c1-41fc-a01a-d172d48fd9d8:c1262, 6eae0c21-01aa-4169-956f-5952b26ea7ba:c1258, 8d7dcba1-3b82-4d94-a832-514ef5c79cf8:c1258]
2019-08-21 02:17:13,644 | INFO  | DNAudit | user=null | ip=null | op=WRITE_CHUNK {blockData=conID: 3 locID: 102652564581777846 bcsId: 0} | ret=SUCCESS |  
2019-08-21 02:17:13,645 | INFO  | DNAudit | user=null | ip=null | op=WRITE_CHUNK {blockData=conID: 3 locID: 102652564581777846 bcsId: 0} | ret=SUCCESS |  
2019-08-21 02:17:13,645 | INFO  | DNAudit | user=null | ip=null | op=PUT_BLOCK {blockData=[blockId=conID: 3 locID: 102652564581777846 bcsId: 0,size=2097152]} | ret=SUCCESS |  
2019-08-21 02:17:13,651 | INFO  | DNAudit | user=null | ip=null | op=WRITE_CHUNK {blockData=conID: 3 locID: 102652564581777846 bcsId: 1260} | ret=SUCCESS |  
 0.00% |█                                                                                                    |  0/1 Time: 0:00:042019-08-21 02:17:13,654 | INFO  | DNAudit | user=null | ip=null | op=WRITE_CHUNK {blockData=conID: 3 locID: 102652564581777846 bcsId: 1260} | ret=SUCCESS |  
2019-08-21 02:17:13,654 | INFO  | DNAudit | user=null | ip=null | op=WRITE_CHUNK {blockData=conID: 3 locID: 102652564581777846 bcsId: 1260} | ret=SUCCESS |  
2019-08-21 02:17:13,656 | INFO  | DNAudit | user=null | ip=null | op=PUT_BLOCK {blockData=[blockId=conID: 3 locID: 102652564581777846 bcsId: 0,size=2097152]} | ret=SUCCESS |  
2019-08-21 02:17:13,657 | INFO  | DNAudit | user=null | ip=null | op=WRITE_CHUNK {blockData=conID: 3 locID: 102652564581777846 bcsId: 1260} | ret=SUCCESS |  
2019-08-21 02:17:13,657 | INFO  | DNAudit | user=null | ip=null | op=PUT_BLOCK {blockData=[blockId=conID: 3 locID: 102652564581777846 bcsId: 0,size=3145728]} | ret=SUCCESS |  
2019-08-21 02:17:13,657 [grpc-default-executor-0] INFO  client.GrpcClientProtocolClient (GrpcClientProtocolClient.java:onNext(255)) - client-54CC064C3FCE->8224e767-71c1-41fc-a01a-d172d48fd9d8: receive RaftClientReply:client-54CC064C3FCE->8224e767-71c1-41fc-a01a-d172d48fd9d8@group-F6B37CC92441, cid=953, SUCCESS, logIndex=1265, commits[8224e767-71c1-41fc-a01a-d172d48fd9d8:c1266, 6eae0c21-01aa-4169-956f-5952b26ea7ba:c1264, 8d7dcba1-3b82-4d94-a832-514ef5c79cf8:c1260]
2019-08-21 02:17:13,658 [grpc-default-executor-0] INFO  client.GrpcClientProtocolClient (GrpcClientProtocolClient.java:onNext(255)) - client-54CC064C3FCE->8224e767-71c1-41fc-a01a-d172d48fd9d8: receive RaftClientReply:client-54CC064C3FCE->8224e767-71c1-41fc-a01a-d172d48fd9d8@group-F6B37CC92441, cid=954, SUCCESS, logIndex=1266, commits[8224e767-71c1-41fc-a01a-d172d48fd9d8:c1266, 6eae0c21-01aa-4169-956f-5952b26ea7ba:c1264, 8d7dcba1-3b82-4d94-a832-514ef5c79cf8:c1264]
2019-08-21 02:17:13,658 | INFO  | DNAudit | user=null | ip=null | op=WRITE_CHUNK {blockData=conID: 3 locID: 102652564581777846 bcsId: 1260} | ret=SUCCESS |  
2019-08-21 02:17:13,659 | INFO  | DNAudit | user=null | ip=null | op=WRITE_CHUNK {blockData=conID: 3 locID: 102652564581777846 bcsId: 1260} | ret=SUCCESS |  
2019-08-21 02:17:13,659 | INFO  | DNAudit | user=null | ip=null | op=PUT_BLOCK {blockData=[blockId=conID: 3 locID: 102652564581777846 bcsId: 0,size=3145728]} | ret=SUCCESS |  
2019-08-21 02:17:13,659 | INFO  | DNAudit | user=null | ip=null | op=PUT_BLOCK {blockData=[blockId=conID: 3 locID: 102652564581777846 bcsId: 0,size=3145728]} | ret=SUCCESS |  
2019-08-21 02:17:13,665 | INFO  | DNAudit | user=null | ip=null | op=WRITE_CHUNK {blockData=conID: 3 locID: 102652564581777846 bcsId: 1266} | ret=SUCCESS |  
2019-08-21 02:17:13,667 | INFO  | DNAudit | user=null | ip=null | op=WRITE_CHUNK {blockData=conID: 3 locID: 102652564581777846 bcsId: 1266} | ret=SUCCESS |  
2019-08-21 02:17:13,668 | INFO  | DNAudit | user=null | ip=null | op=WRITE_CHUNK {blockData=conID: 3 locID: 102652564581777846 bcsId: 1266} | ret=SUCCESS |  
2019-08-21 02:17:13,673 | INFO  | DNAudit | user=null | ip=null | op=WRITE_CHUNK {blockData=conID: 3 locID: 102652564581777846 bcsId: 1266} | ret=SUCCESS |  
2019-08-21 02:17:13,673 | INFO  | DNAudit | user=null | ip=null | op=PUT_BLOCK {blockData=[blockId=conID: 3 locID: 102652564581777846 bcsId: 0,size=4194304]} | ret=SUCCESS |  
2019-08-21 02:17:13,674 [grpc-default-executor-1] INFO  client.GrpcClientProtocolClient (GrpcClientProtocolClient.java:onNext(255)) - client-54CC064C3FCE->8224e767-71c1-41fc-a01a-d172d48fd9d8: receive RaftClientReply:client-54CC064C3FCE->8224e767-71c1-41fc-a01a-d172d48fd9d8@group-F6B37CC92441, cid=955, SUCCESS, logIndex=1269, commits[8224e767-71c1-41fc-a01a-d172d48fd9d8:c1270, 6eae0c21-01aa-4169-956f-5952b26ea7ba:c1268, 8d7dcba1-3b82-4d94-a832-514ef5c79cf8:c1266]
2019-08-21 02:17:13,674 [grpc-default-executor-1] INFO  client.GrpcClientProtocolClient (GrpcClientProtocolClient.java:onNext(255)) - client-54CC064C3FCE->8224e767-71c1-41fc-a01a-d172d48fd9d8: receive RaftClientReply:client-54CC064C3FCE->8224e767-71c1-41fc-a01a-d172d48fd9d8@group-F6B37CC92441, cid=956, SUCCESS, logIndex=1270, commits[8224e767-71c1-41fc-a01a-d172d48fd9d8:c1270, 6eae0c21-01aa-4169-956f-5952b26ea7ba:c1268, 8d7dcba1-3b82-4d94-a832-514ef5c79cf8:c1268]
2019-08-21 02:17:13,676 | INFO  | DNAudit | user=null | ip=null | op=WRITE_CHUNK {blockData=conID: 3 locID: 102652564581777846 bcsId: 1266} | ret=SUCCESS |  
2019-08-21 02:17:13,676 | INFO  | DNAudit | user=null | ip=null | op=PUT_BLOCK {blockData=[blockId=conID: 3 locID: 102652564581777846 bcsId: 0,size=4194304]} | ret=SUCCESS |  
2019-08-21 02:17:13,676 | INFO  | DNAudit | user=null | ip=null | op=WRITE_CHUNK {blockData=conID: 3 locID: 102652564581777846 bcsId: 1266} | ret=SUCCESS |  
2019-08-21 02:17:13,677 | INFO  | DNAudit | user=null | ip=null | op=PUT_BLOCK {blockData=[blockId=conID: 3 locID: 102652564581777846 bcsId: 0,size=4194304]} | ret=SUCCESS |  
2019-08-21 02:17:13,677 [grpc-default-executor-1] INFO  client.GrpcClientProtocolClient (GrpcClientProtocolClient.java:onNext(255)) - client-54CC064C3FCE->8224e767-71c1-41fc-a01a-d172d48fd9d8: receive RaftClientReply:client-54CC064C3FCE->8224e767-71c1-41fc-a01a-d172d48fd9d8@group-F6B37CC92441, cid=957, SUCCESS, logIndex=0, commits[8224e767-71c1-41fc-a01a-d172d48fd9d8:c1271, 6eae0c21-01aa-4169-956f-5952b26ea7ba:c1270, 8d7dcba1-3b82-4d94-a832-514ef5c79cf8:c1270]
2019-08-21 02:17:13,683 | INFO  | DNAudit | user=null | ip=null | op=WRITE_CHUNK {blockData=conID: 1 locID: 102652564581777847 bcsId: 0} | ret=SUCCESS |  
2019-08-21 02:17:13,686 | INFO  | DNAudit | user=null | ip=null | op=WRITE_CHUNK {blockData=conID: 1 locID: 102652564581777847 bcsId: 0} | ret=SUCCESS |  
2019-08-21 02:17:13,687 | INFO  | DNAudit | user=null | ip=null | op=WRITE_CHUNK {blockData=conID: 1 locID: 102652564581777847 bcsId: 0} | ret=SUCCESS |  
2019-08-21 02:17:13,688 | INFO  | DNAudit | user=null | ip=null | op=WRITE_CHUNK {blockData=conID: 1 locID: 102652564581777847 bcsId: 0} | ret=SUCCESS |  
2019-08-21 02:17:13,689 | INFO  | DNAudit | user=null | ip=null | op=WRITE_CHUNK {blockData=conID: 1 locID: 102652564581777847 bcsId: 0} | ret=SUCCESS |  
2019-08-21 02:17:13,690 | INFO  | DNAudit | user=null | ip=null | op=WRITE_CHUNK {blockData=conID: 1 locID: 102652564581777847 bcsId: 0} | ret=SUCCESS |  
2019-08-21 02:17:13,701 | INFO  | DNAudit | user=null | ip=null | op=WRITE_CHUNK {blockData=conID: 1 locID: 102652564581777847 bcsId: 0} | ret=SUCCESS |  
2019-08-21 02:17:13,702 | INFO  | DNAudit | user=null | ip=null | op=PUT_BLOCK {blockData=[blockId=conID: 1 locID: 102652564581777847 bcsId: 0,size=1048576]} | ret=SUCCESS |  
2019-08-21 02:17:13,702 [grpc-default-executor-0] INFO  client.GrpcClientProtocolClient (GrpcClientProtocolClient.java:onNext(255)) - client-54CC064C3FCE->8224e767-71c1-41fc-a01a-d172d48fd9d8: receive RaftClientReply:client-54CC064C3FCE->8224e767-71c1-41fc-a01a-d172d48fd9d8@group-F6B37CC92441, cid=958, SUCCESS, logIndex=1273, commits[8224e767-71c1-41fc-a01a-d172d48fd9d8:c1274, 6eae0c21-01aa-4169-956f-5952b26ea7ba:c1271, 8d7dcba1-3b82-4d94-a832-514ef5c79cf8:c1271]
2019-08-21 02:17:13,703 | INFO  | DNAudit | user=null | ip=null | op=WRITE_CHUNK {blockData=conID: 1 locID: 102652564581777847 bcsId: 0} | ret=SUCCESS |  
2019-08-21 02:17:13,703 | INFO  | DNAudit | user=null | ip=null | op=PUT_BLOCK {blockData=[blockId=conID: 1 locID: 102652564581777847 bcsId: 0,size=2097152]} | ret=SUCCESS |  
2019-08-21 02:17:13,703 [grpc-default-executor-0] INFO  client.GrpcClientProtocolClient (GrpcClientProtocolClient.java:onNext(255)) - client-54CC064C3FCE->8224e767-71c1-41fc-a01a-d172d48fd9d8: receive RaftClientReply:client-54CC064C3FCE->8224e767-71c1-41fc-a01a-d172d48fd9d8@group-F6B37CC92441, cid=959, SUCCESS, logIndex=1274, commits[8224e767-71c1-41fc-a01a-d172d48fd9d8:c1276, 6eae0c21-01aa-4169-956f-5952b26ea7ba:c1271, 8d7dcba1-3b82-4d94-a832-514ef5c79cf8:c1271]
2019-08-21 02:17:13,703 [grpc-default-executor-0] INFO  client.GrpcClientProtocolClient (GrpcClientProtocolClient.java:onNext(255)) - client-54CC064C3FCE->8224e767-71c1-41fc-a01a-d172d48fd9d8: receive RaftClientReply:client-54CC064C3FCE->8224e767-71c1-41fc-a01a-d172d48fd9d8@group-F6B37CC92441, cid=960, SUCCESS, logIndex=1275, commits[8224e767-71c1-41fc-a01a-d172d48fd9d8:c1276, 6eae0c21-01aa-4169-956f-5952b26ea7ba:c1271, 8d7dcba1-3b82-4d94-a832-514ef5c79cf8:c1271]
2019-08-21 02:17:13,704 [grpc-default-executor-0] INFO  client.GrpcClientProtocolClient (GrpcClientProtocolClient.java:onNext(255)) - client-54CC064C3FCE->8224e767-71c1-41fc-a01a-d172d48fd9d8: receive RaftClientReply:client-54CC064C3FCE->8224e767-71c1-41fc-a01a-d172d48fd9d8@group-F6B37CC92441, cid=961, SUCCESS, logIndex=1276, commits[8224e767-71c1-41fc-a01a-d172d48fd9d8:c1276, 6eae0c21-01aa-4169-956f-5952b26ea7ba:c1271, 8d7dcba1-3b82-4d94-a832-514ef5c79cf8:c1271]
2019-08-21 02:17:13,704 | INFO  | DNAudit | user=null | ip=null | op=WRITE_CHUNK {blockData=conID: 1 locID: 102652564581777847 bcsId: 0} | ret=SUCCESS |  
2019-08-21 02:17:13,705 | INFO  | DNAudit | user=null | ip=null | op=PUT_BLOCK {blockData=[blockId=conID: 1 locID: 102652564581777847 bcsId: 0,size=1048576]} | ret=SUCCESS |  
2019-08-21 02:17:13,715 | INFO  | DNAudit | user=null | ip=null | op=WRITE_CHUNK {blockData=conID: 1 locID: 102652564581777847 bcsId: 0} | ret=SUCCESS |  
2019-08-21 02:17:13,716 | INFO  | DNAudit | user=null | ip=null | op=PUT_BLOCK {blockData=[blockId=conID: 1 locID: 102652564581777847 bcsId: 0,size=2097152]} | ret=SUCCESS |  
2019-08-21 02:17:13,716 | INFO  | DNAudit | user=null | ip=null | op=WRITE_CHUNK {blockData=conID: 1 locID: 102652564581777847 bcsId: 0} | ret=SUCCESS |  
2019-08-21 02:17:13,716 | INFO  | DNAudit | user=null | ip=null | op=PUT_BLOCK {blockData=[blockId=conID: 1 locID: 102652564581777847 bcsId: 0,size=1048576]} | ret=SUCCESS |  
2019-08-21 02:17:13,716 | INFO  | DNAudit | user=null | ip=null | op=WRITE_CHUNK {blockData=conID: 1 locID: 102652564581777847 bcsId: 0} | ret=SUCCESS |  
2019-08-21 02:17:13,716 [grpc-default-executor-0] INFO  client.GrpcClientProtocolClient (GrpcClientProtocolClient.java:onNext(255)) - client-54CC064C3FCE->8224e767-71c1-41fc-a01a-d172d48fd9d8: receive RaftClientReply:client-54CC064C3FCE->8224e767-71c1-41fc-a01a-d172d48fd9d8@group-F6B37CC92441, cid=962, SUCCESS, logIndex=0, commits[8224e767-71c1-41fc-a01a-d172d48fd9d8:c1278, 6eae0c21-01aa-4169-956f-5952b26ea7ba:c1276, 8d7dcba1-3b82-4d94-a832-514ef5c79cf8:c1274]
2019-08-21 02:17:13,717 | INFO  | DNAudit | user=null | ip=null | op=PUT_BLOCK {blockData=[blockId=conID: 1 locID: 102652564581777847 bcsId: 0,size=2097152]} | ret=SUCCESS |  
2019-08-21 02:17:13,723 | INFO  | DNAudit | user=null | ip=null | op=WRITE_CHUNK {blockData=conID: 1 locID: 102652564581777847 bcsId: 1276} | ret=SUCCESS |  
2019-08-21 02:17:13,726 | INFO  | DNAudit | user=null | ip=null | op=WRITE_CHUNK {blockData=conID: 1 locID: 102652564581777847 bcsId: 1276} | ret=SUCCESS |  
2019-08-21 02:17:13,726 | INFO  | DNAudit | user=null | ip=null | op=WRITE_CHUNK {blockData=conID: 1 locID: 102652564581777847 bcsId: 1276} | ret=SUCCESS |  
2019-08-21 02:17:13,736 | INFO  | DNAudit | user=null | ip=null | op=WRITE_CHUNK {blockData=conID: 1 locID: 102652564581777847 bcsId: 1276} | ret=SUCCESS |  
2019-08-21 02:17:13,737 | INFO  | DNAudit | user=null | ip=null | op=PUT_BLOCK {blockData=[blockId=conID: 1 locID: 102652564581777847 bcsId: 0,size=3145728]} | ret=SUCCESS |  
2019-08-21 02:17:13,737 [grpc-default-executor-1] INFO  client.GrpcClientProtocolClient (GrpcClientProtocolClient.java:onNext(255)) - client-54CC064C3FCE->8224e767-71c1-41fc-a01a-d172d48fd9d8: receive RaftClientReply:client-54CC064C3FCE->8224e767-71c1-41fc-a01a-d172d48fd9d8@group-F6B37CC92441, cid=963, SUCCESS, logIndex=1280, commits[8224e767-71c1-41fc-a01a-d172d48fd9d8:c1281, 6eae0c21-01aa-4169-956f-5952b26ea7ba:c1279, 8d7dcba1-3b82-4d94-a832-514ef5c79cf8:c1279]
2019-08-21 02:17:13,737 [grpc-default-executor-1] INFO  client.GrpcClientProtocolClient (GrpcClientProtocolClient.java:onNext(255)) - client-54CC064C3FCE->8224e767-71c1-41fc-a01a-d172d48fd9d8: receive RaftClientReply:client-54CC064C3FCE->8224e767-71c1-41fc-a01a-d172d48fd9d8@group-F6B37CC92441, cid=964, SUCCESS, logIndex=1281, commits[8224e767-71c1-41fc-a01a-d172d48fd9d8:c1281, 6eae0c21-01aa-4169-956f-5952b26ea7ba:c1279, 8d7dcba1-3b82-4d94-a832-514ef5c79cf8:c1279]
2019-08-21 02:17:13,744 | INFO  | DNAudit | user=null | ip=null | op=WRITE_CHUNK {blockData=conID: 1 locID: 102652564581777847 bcsId: 1281} | ret=SUCCESS |  
2019-08-21 02:17:13,746 | INFO  | DNAudit | user=null | ip=null | op=WRITE_CHUNK {blockData=conID: 1 locID: 102652564581777847 bcsId: 1281} | ret=SUCCESS |  
2019-08-21 02:17:13,746 | INFO  | DNAudit | user=null | ip=null | op=WRITE_CHUNK {blockData=conID: 1 locID: 102652564581777847 bcsId: 1281} | ret=SUCCESS |  
2019-08-21 02:17:13,749 | INFO  | DNAudit | user=null | ip=null | op=WRITE_CHUNK {blockData=conID: 1 locID: 102652564581777847 bcsId: 1276} | ret=SUCCESS |  
2019-08-21 02:17:13,749 | INFO  | DNAudit | user=null | ip=null | op=WRITE_CHUNK {blockData=conID: 1 locID: 102652564581777847 bcsId: 1276} | ret=SUCCESS |  
2019-08-21 02:17:13,749 | INFO  | DNAudit | user=null | ip=null | op=PUT_BLOCK {blockData=[blockId=conID: 1 locID: 102652564581777847 bcsId: 0,size=3145728]} | ret=SUCCESS |  
2019-08-21 02:17:13,749 | INFO  | DNAudit | user=null | ip=null | op=PUT_BLOCK {blockData=[blockId=conID: 1 locID: 102652564581777847 bcsId: 0,size=3145728]} | ret=SUCCESS |  
2019-08-21 02:17:13,763 | INFO  | DNAudit | user=null | ip=null | op=WRITE_CHUNK {blockData=conID: 1 locID: 102652564581777847 bcsId: 1281} | ret=SUCCESS |  
2019-08-21 02:17:13,763 | INFO  | DNAudit | user=null | ip=null | op=PUT_BLOCK {blockData=[blockId=conID: 1 locID: 102652564581777847 bcsId: 0,size=4194304]} | ret=SUCCESS |  
2019-08-21 02:17:13,763 [grpc-default-executor-2] INFO  client.GrpcClientProtocolClient (GrpcClientProtocolClient.java:onNext(255)) - client-54CC064C3FCE->8224e767-71c1-41fc-a01a-d172d48fd9d8: receive RaftClientReply:client-54CC064C3FCE->8224e767-71c1-41fc-a01a-d172d48fd9d8@group-F6B37CC92441, cid=965, SUCCESS, logIndex=1284, commits[8224e767-71c1-41fc-a01a-d172d48fd9d8:c1285, 6eae0c21-01aa-4169-956f-5952b26ea7ba:c1281, 8d7dcba1-3b82-4d94-a832-514ef5c79cf8:c1281]
2019-08-21 02:17:13,764 [grpc-default-executor-2] INFO  client.GrpcClientProtocolClient (GrpcClientProtocolClient.java:onNext(255)) - client-54CC064C3FCE->8224e767-71c1-41fc-a01a-d172d48fd9d8: receive RaftClientReply:client-54CC064C3FCE->8224e767-71c1-41fc-a01a-d172d48fd9d8@group-F6B37CC92441, cid=966, SUCCESS, logIndex=1285, commits[8224e767-71c1-41fc-a01a-d172d48fd9d8:c1285, 6eae0c21-01aa-4169-956f-5952b26ea7ba:c1281, 8d7dcba1-3b82-4d94-a832-514ef5c79cf8:c1281]
2019-08-21 02:17:13,775 | INFO  | DNAudit | user=null | ip=null | op=WRITE_CHUNK {blockData=conID: 1 locID: 102652564581777847 bcsId: 1281} | ret=SUCCESS |  
2019-08-21 02:17:13,775 | INFO  | DNAudit | user=null | ip=null | op=WRITE_CHUNK {blockData=conID: 1 locID: 102652564581777847 bcsId: 1281} | ret=SUCCESS |  
2019-08-21 02:17:13,787 | INFO  | DNAudit | user=null | ip=null | op=PUT_BLOCK {blockData=[blockId=conID: 1 locID: 102652564581777847 bcsId: 0,size=4194304]} | ret=SUCCESS |  
2019-08-21 02:17:13,787 | INFO  | DNAudit | user=null | ip=null | op=PUT_BLOCK {blockData=[blockId=conID: 1 locID: 102652564581777847 bcsId: 0,size=4194304]} | ret=SUCCESS |  
2019-08-21 02:17:13,787 [grpc-default-executor-2] INFO  client.GrpcClientProtocolClient (GrpcClientProtocolClient.java:onNext(255)) - client-54CC064C3FCE->8224e767-71c1-41fc-a01a-d172d48fd9d8: receive RaftClientReply:client-54CC064C3FCE->8224e767-71c1-41fc-a01a-d172d48fd9d8@group-F6B37CC92441, cid=967, SUCCESS, logIndex=0, commits[8224e767-71c1-41fc-a01a-d172d48fd9d8:c1287, 6eae0c21-01aa-4169-956f-5952b26ea7ba:c1285, 8d7dcba1-3b82-4d94-a832-514ef5c79cf8:c1285]
2019-08-21 02:17:13,933 | INFO  | DNAudit | user=null | ip=null | op=WRITE_CHUNK {blockData=conID: 2 locID: 102652564581777848 bcsId: 0} | ret=SUCCESS |  
2019-08-21 02:17:13,936 | INFO  | DNAudit | user=null | ip=null | op=WRITE_CHUNK {blockData=conID: 2 locID: 102652564581777848 bcsId: 0} | ret=SUCCESS |  
2019-08-21 02:17:13,937 | INFO  | DNAudit | user=null | ip=null | op=WRITE_CHUNK {blockData=conID: 2 locID: 102652564581777848 bcsId: 0} | ret=SUCCESS |  
2019-08-21 02:17:13,937 | INFO  | DNAudit | user=null | ip=null | op=WRITE_CHUNK {blockData=conID: 2 locID: 102652564581777848 bcsId: 0} | ret=SUCCESS |  
2019-08-21 02:17:13,940 | INFO  | DNAudit | user=null | ip=null | op=WRITE_CHUNK {blockData=conID: 2 locID: 102652564581777848 bcsId: 0} | ret=SUCCESS |  
2019-08-21 02:17:13,940 | INFO  | DNAudit | user=null | ip=null | op=WRITE_CHUNK {blockData=conID: 2 locID: 102652564581777848 bcsId: 0} | ret=SUCCESS |  
2019-08-21 02:17:13,946 | INFO  | DNAudit | user=null | ip=null | op=WRITE_CHUNK {blockData=conID: 2 locID: 102652564581777848 bcsId: 0} | ret=SUCCESS |  
2019-08-21 02:17:13,946 | INFO  | DNAudit | user=null | ip=null | op=PUT_BLOCK {blockData=[blockId=conID: 2 locID: 102652564581777848 bcsId: 0,size=1048576]} | ret=SUCCESS |  
2019-08-21 02:17:13,947 | INFO  | DNAudit | user=null | ip=null | op=WRITE_CHUNK {blockData=conID: 2 locID: 102652564581777848 bcsId: 0} | ret=SUCCESS |  
2019-08-21 02:17:13,947 [grpc-default-executor-1] INFO  client.GrpcClientProtocolClient (GrpcClientProtocolClient.java:onNext(255)) - client-54CC064C3FCE->8224e767-71c1-41fc-a01a-d172d48fd9d8: receive RaftClientReply:client-54CC064C3FCE->8224e767-71c1-41fc-a01a-d172d48fd9d8@group-F6B37CC92441, cid=968, SUCCESS, logIndex=1288, commits[8224e767-71c1-41fc-a01a-d172d48fd9d8:c1289, 6eae0c21-01aa-4169-956f-5952b26ea7ba:c1287, 8d7dcba1-3b82-4d94-a832-514ef5c79cf8:c1287]
2019-08-21 02:17:13,947 | INFO  | DNAudit | user=null | ip=null | op=PUT_BLOCK {blockData=[blockId=conID: 2 locID: 102652564581777848 bcsId: 0,size=2097152]} | ret=SUCCESS |  
2019-08-21 02:17:13,948 [grpc-default-executor-1] INFO  client.GrpcClientProtocolClient (GrpcClientProtocolClient.java:onNext(255)) - client-54CC064C3FCE->8224e767-71c1-41fc-a01a-d172d48fd9d8: receive RaftClientReply:client-54CC064C3FCE->8224e767-71c1-41fc-a01a-d172d48fd9d8@group-F6B37CC92441, cid=969, SUCCESS, logIndex=1289, commits[8224e767-71c1-41fc-a01a-d172d48fd9d8:c1291, 6eae0c21-01aa-4169-956f-5952b26ea7ba:c1287, 8d7dcba1-3b82-4d94-a832-514ef5c79cf8:c1287]
2019-08-21 02:17:13,949 [grpc-default-executor-1] INFO  client.GrpcClientProtocolClient (GrpcClientProtocolClient.java:onNext(255)) - client-54CC064C3FCE->8224e767-71c1-41fc-a01a-d172d48fd9d8: receive RaftClientReply:client-54CC064C3FCE->8224e767-71c1-41fc-a01a-d172d48fd9d8@group-F6B37CC92441, cid=970, SUCCESS, logIndex=1290, commits[8224e767-71c1-41fc-a01a-d172d48fd9d8:c1291, 6eae0c21-01aa-4169-956f-5952b26ea7ba:c1287, 8d7dcba1-3b82-4d94-a832-514ef5c79cf8:c1287]
2019-08-21 02:17:13,949 | INFO  | DNAudit | user=null | ip=null | op=WRITE_CHUNK {blockData=conID: 2 locID: 102652564581777848 bcsId: 0} | ret=SUCCESS |  
2019-08-21 02:17:13,949 [grpc-default-executor-1] INFO  client.GrpcClientProtocolClient (GrpcClientProtocolClient.java:onNext(255)) - client-54CC064C3FCE->8224e767-71c1-41fc-a01a-d172d48fd9d8: receive RaftClientReply:client-54CC064C3FCE->8224e767-71c1-41fc-a01a-d172d48fd9d8@group-F6B37CC92441, cid=971, SUCCESS, logIndex=1291, commits[8224e767-71c1-41fc-a01a-d172d48fd9d8:c1291, 6eae0c21-01aa-4169-956f-5952b26ea7ba:c1287, 8d7dcba1-3b82-4d94-a832-514ef5c79cf8:c1287]
2019-08-21 02:17:13,960 | INFO  | DNAudit | user=null | ip=null | op=WRITE_CHUNK {blockData=conID: 2 locID: 102652564581777848 bcsId: 0} | ret=SUCCESS |  
2019-08-21 02:17:13,960 | INFO  | DNAudit | user=null | ip=null | op=PUT_BLOCK {blockData=[blockId=conID: 2 locID: 102652564581777848 bcsId: 0,size=1048576]} | ret=SUCCESS |  
2019-08-21 02:17:13,960 | INFO  | DNAudit | user=null | ip=null | op=PUT_BLOCK {blockData=[blockId=conID: 2 locID: 102652564581777848 bcsId: 0,size=1048576]} | ret=SUCCESS |  
2019-08-21 02:17:13,960 | INFO  | DNAudit | user=null | ip=null | op=WRITE_CHUNK {blockData=conID: 2 locID: 102652564581777848 bcsId: 0} | ret=SUCCESS |  
2019-08-21 02:17:13,961 | INFO  | DNAudit | user=null | ip=null | op=PUT_BLOCK {blockData=[blockId=conID: 2 locID: 102652564581777848 bcsId: 0,size=2097152]} | ret=SUCCESS |  
2019-08-21 02:17:13,961 [grpc-default-executor-1] INFO  client.GrpcClientProtocolClient (GrpcClientProtocolClient.java:onNext(255)) - client-54CC064C3FCE->8224e767-71c1-41fc-a01a-d172d48fd9d8: receive RaftClientReply:client-54CC064C3FCE->8224e767-71c1-41fc-a01a-d172d48fd9d8@group-F6B37CC92441, cid=972, SUCCESS, logIndex=0, commits[8224e767-71c1-41fc-a01a-d172d48fd9d8:c1293, 6eae0c21-01aa-4169-956f-5952b26ea7ba:c1289, 8d7dcba1-3b82-4d94-a832-514ef5c79cf8:c1289]
2019-08-21 02:17:13,970 | INFO  | DNAudit | user=null | ip=null | op=WRITE_CHUNK {blockData=conID: 2 locID: 102652564581777848 bcsId: 1291} | ret=SUCCESS |  
2019-08-21 02:17:13,971 | INFO  | DNAudit | user=null | ip=null | op=WRITE_CHUNK {blockData=conID: 2 locID: 102652564581777848 bcsId: 0} | ret=SUCCESS |  
2019-08-21 02:17:13,972 | INFO  | DNAudit | user=null | ip=null | op=PUT_BLOCK {blockData=[blockId=conID: 2 locID: 102652564581777848 bcsId: 0,size=2097152]} | ret=SUCCESS |  
2019-08-21 02:17:13,972 | INFO  | DNAudit | user=null | ip=null | op=WRITE_CHUNK {blockData=conID: 2 locID: 102652564581777848 bcsId: 1291} | ret=SUCCESS |  
2019-08-21 02:17:13,973 | INFO  | DNAudit | user=null | ip=null | op=WRITE_CHUNK {blockData=conID: 2 locID: 102652564581777848 bcsId: 1291} | ret=SUCCESS |  
2019-08-21 02:17:13,984 | INFO  | DNAudit | user=null | ip=null | op=WRITE_CHUNK {blockData=conID: 2 locID: 102652564581777848 bcsId: 1291} | ret=SUCCESS |  
2019-08-21 02:17:13,985 | INFO  | DNAudit | user=null | ip=null | op=PUT_BLOCK {blockData=[blockId=conID: 2 locID: 102652564581777848 bcsId: 0,size=3145728]} | ret=SUCCESS |  
2019-08-21 02:17:13,985 [grpc-default-executor-1] INFO  client.GrpcClientProtocolClient (GrpcClientProtocolClient.java:onNext(255)) - client-54CC064C3FCE->8224e767-71c1-41fc-a01a-d172d48fd9d8: receive RaftClientReply:client-54CC064C3FCE->8224e767-71c1-41fc-a01a-d172d48fd9d8@group-F6B37CC92441, cid=973, SUCCESS, logIndex=1296, commits[8224e767-71c1-41fc-a01a-d172d48fd9d8:c1297, 6eae0c21-01aa-4169-956f-5952b26ea7ba:c1295, 8d7dcba1-3b82-4d94-a832-514ef5c79cf8:c1295]
2019-08-21 02:17:13,986 [grpc-default-executor-1] INFO  client.GrpcClientProtocolClient (GrpcClientProtocolClient.java:onNext(255)) - client-54CC064C3FCE->8224e767-71c1-41fc-a01a-d172d48fd9d8: receive RaftClientReply:client-54CC064C3FCE->8224e767-71c1-41fc-a01a-d172d48fd9d8@group-F6B37CC92441, cid=974, SUCCESS, logIndex=1297, commits[8224e767-71c1-41fc-a01a-d172d48fd9d8:c1297, 6eae0c21-01aa-4169-956f-5952b26ea7ba:c1295, 8d7dcba1-3b82-4d94-a832-514ef5c79cf8:c1295]
2019-08-21 02:17:13,994 | INFO  | DNAudit | user=null | ip=null | op=WRITE_CHUNK {blockData=conID: 2 locID: 102652564581777848 bcsId: 1297} | ret=SUCCESS |  
2019-08-21 02:17:13,996 | INFO  | DNAudit | user=null | ip=null | op=WRITE_CHUNK {blockData=conID: 2 locID: 102652564581777848 bcsId: 1297} | ret=SUCCESS |  
2019-08-21 02:17:13,996 | INFO  | DNAudit | user=null | ip=null | op=WRITE_CHUNK {blockData=conID: 2 locID: 102652564581777848 bcsId: 1297} | ret=SUCCESS |  
2019-08-21 02:17:13,998 | INFO  | DNAudit | user=null | ip=null | op=WRITE_CHUNK {blockData=conID: 2 locID: 102652564581777848 bcsId: 1291} | ret=SUCCESS |  
2019-08-21 02:17:13,998 | INFO  | DNAudit | user=null | ip=null | op=WRITE_CHUNK {blockData=conID: 2 locID: 102652564581777848 bcsId: 1291} | ret=SUCCESS |  
2019-08-21 02:17:13,998 | INFO  | DNAudit | user=null | ip=null | op=PUT_BLOCK {blockData=[blockId=conID: 2 locID: 102652564581777848 bcsId: 0,size=3145728]} | ret=SUCCESS |  
2019-08-21 02:17:14,010 | INFO  | DNAudit | user=null | ip=null | op=PUT_BLOCK {blockData=[blockId=conID: 2 locID: 102652564581777848 bcsId: 0,size=3145728]} | ret=SUCCESS |  
2019-08-21 02:17:14,011 | INFO  | DNAudit | user=null | ip=null | op=WRITE_CHUNK {blockData=conID: 2 locID: 102652564581777848 bcsId: 1297} | ret=SUCCESS |  
2019-08-21 02:17:14,011 | INFO  | DNAudit | user=null | ip=null | op=PUT_BLOCK {blockData=[blockId=conID: 2 locID: 102652564581777848 bcsId: 0,size=4194304]} | ret=SUCCESS |  
2019-08-21 02:17:14,011 [grpc-default-executor-4] INFO  client.GrpcClientProtocolClient (GrpcClientProtocolClient.java:onNext(255)) - client-54CC064C3FCE->8224e767-71c1-41fc-a01a-d172d48fd9d8: receive RaftClientReply:client-54CC064C3FCE->8224e767-71c1-41fc-a01a-d172d48fd9d8@group-F6B37CC92441, cid=975, SUCCESS, logIndex=1300, commits[8224e767-71c1-41fc-a01a-d172d48fd9d8:c1301, 6eae0c21-01aa-4169-956f-5952b26ea7ba:c1297, 8d7dcba1-3b82-4d94-a832-514ef5c79cf8:c1297]
2019-08-21 02:17:14,012 [grpc-default-executor-4] INFO  client.GrpcClientProtocolClient (GrpcClientProtocolClient.java:onNext(255)) - client-54CC064C3FCE->8224e767-71c1-41fc-a01a-d172d48fd9d8: receive RaftClientReply:client-54CC064C3FCE->8224e767-71c1-41fc-a01a-d172d48fd9d8@group-F6B37CC92441, cid=976, SUCCESS, logIndex=1301, commits[8224e767-71c1-41fc-a01a-d172d48fd9d8:c1301, 6eae0c21-01aa-4169-956f-5952b26ea7ba:c1297, 8d7dcba1-3b82-4d94-a832-514ef5c79cf8:c1297]
2019-08-21 02:17:14,022 | INFO  | DNAudit | user=null | ip=null | op=WRITE_CHUNK {blockData=conID: 2 locID: 102652564581777848 bcsId: 1297} | ret=SUCCESS |  
2019-08-21 02:17:14,022 | INFO  | DNAudit | user=null | ip=null | op=WRITE_CHUNK {blockData=conID: 2 locID: 102652564581777848 bcsId: 1297} | ret=SUCCESS |  
2019-08-21 02:17:14,025 | INFO  | DNAudit | user=null | ip=null | op=PUT_BLOCK {blockData=[blockId=conID: 2 locID: 102652564581777848 bcsId: 0,size=4194304]} | ret=SUCCESS |  
2019-08-21 02:17:14,025 | INFO  | DNAudit | user=null | ip=null | op=PUT_BLOCK {blockData=[blockId=conID: 2 locID: 102652564581777848 bcsId: 0,size=4194304]} | ret=SUCCESS |  
2019-08-21 02:17:14,026 [grpc-default-executor-2] INFO  client.GrpcClientProtocolClient (GrpcClientProtocolClient.java:onNext(255)) - client-54CC064C3FCE->8224e767-71c1-41fc-a01a-d172d48fd9d8: receive RaftClientReply:client-54CC064C3FCE->8224e767-71c1-41fc-a01a-d172d48fd9d8@group-F6B37CC92441, cid=977, SUCCESS, logIndex=0, commits[8224e767-71c1-41fc-a01a-d172d48fd9d8:c1303, 6eae0c21-01aa-4169-956f-5952b26ea7ba:c1301, 8d7dcba1-3b82-4d94-a832-514ef5c79cf8:c1301]
2019-08-21 02:17:14,031 | INFO  | SCMAudit | user=jenkins1000 | ip=192.168.34.10 | op=SEND_HEARTBEAT {datanodeUUID=8224e767-71c1-41fc-a01a-d172d48fd9d8, command=[]} | ret=SUCCESS |  
2019-08-21 02:17:14,033 | INFO  | SCMAudit | user=jenkins1000 | ip=192.168.34.10 | op=SEND_HEARTBEAT {datanodeUUID=8d7dcba1-3b82-4d94-a832-514ef5c79cf8, command=[]} | ret=SUCCESS |  
2019-08-21 02:17:14,033 | INFO  | DNAudit | user=null | ip=null | op=WRITE_CHUNK {blockData=conID: 3 locID: 102652564581777849 bcsId: 0} | ret=SUCCESS |  
2019-08-21 02:17:14,033 | INFO  | SCMAudit | user=jenkins1000 | ip=192.168.34.10 | op=SEND_HEARTBEAT {datanodeUUID=6eae0c21-01aa-4169-956f-5952b26ea7ba, command=[]} | ret=SUCCESS |  
2019-08-21 02:17:14,036 | INFO  | DNAudit | user=null | ip=null | op=WRITE_CHUNK {blockData=conID: 3 locID: 102652564581777849 bcsId: 0} | ret=SUCCESS |  
2019-08-21 02:17:14,037 | INFO  | DNAudit | user=null | ip=null | op=WRITE_CHUNK {blockData=conID: 3 locID: 102652564581777849 bcsId: 0} | ret=SUCCESS |  
2019-08-21 02:17:14,037 | INFO  | DNAudit | user=null | ip=null | op=WRITE_CHUNK {blockData=conID: 3 locID: 102652564581777849 bcsId: 0} | ret=SUCCESS |  
2019-08-21 02:17:14,039 | INFO  | DNAudit | user=null | ip=null | op=WRITE_CHUNK {blockData=conID: 3 locID: 102652564581777849 bcsId: 0} | ret=SUCCESS |  
2019-08-21 02:17:14,040 | INFO  | DNAudit | user=null | ip=null | op=WRITE_CHUNK {blockData=conID: 3 locID: 102652564581777849 bcsId: 0} | ret=SUCCESS |  
2019-08-21 02:17:14,048 | INFO  | DNAudit | user=null | ip=null | op=WRITE_CHUNK {blockData=conID: 3 locID: 102652564581777849 bcsId: 0} | ret=SUCCESS |  
2019-08-21 02:17:14,048 | INFO  | DNAudit | user=null | ip=null | op=PUT_BLOCK {blockData=[blockId=conID: 3 locID: 102652564581777849 bcsId: 0,size=1048576]} | ret=SUCCESS |  
2019-08-21 02:17:14,048 [grpc-default-executor-4] INFO  client.GrpcClientProtocolClient (GrpcClientProtocolClient.java:onNext(255)) - client-54CC064C3FCE->8224e767-71c1-41fc-a01a-d172d48fd9d8: receive RaftClientReply:client-54CC064C3FCE->8224e767-71c1-41fc-a01a-d172d48fd9d8@group-F6B37CC92441, cid=978, SUCCESS, logIndex=1304, commits[8224e767-71c1-41fc-a01a-d172d48fd9d8:c1305, 6eae0c21-01aa-4169-956f-5952b26ea7ba:c1303, 8d7dcba1-3b82-4d94-a832-514ef5c79cf8:c1303]
2019-08-21 02:17:14,049 [grpc-default-executor-4] INFO  client.GrpcClientProtocolClient (GrpcClientProtocolClient.java:onNext(255)) - client-54CC064C3FCE->8224e767-71c1-41fc-a01a-d172d48fd9d8: receive RaftClientReply:client-54CC064C3FCE->8224e767-71c1-41fc-a01a-d172d48fd9d8@group-F6B37CC92441, cid=979, SUCCESS, logIndex=1305, commits[8224e767-71c1-41fc-a01a-d172d48fd9d8:c1305, 6eae0c21-01aa-4169-956f-5952b26ea7ba:c1303, 8d7dcba1-3b82-4d94-a832-514ef5c79cf8:c1303]
2019-08-21 02:17:14,060 | INFO  | DNAudit | user=null | ip=null | op=WRITE_CHUNK {blockData=conID: 3 locID: 102652564581777849 bcsId: 0} | ret=SUCCESS |  
2019-08-21 02:17:14,060 | INFO  | DNAudit | user=null | ip=null | op=PUT_BLOCK {blockData=[blockId=conID: 3 locID: 102652564581777849 bcsId: 0,size=2097152]} | ret=SUCCESS |  
2019-08-21 02:17:14,061 [grpc-default-executor-1] INFO  client.GrpcClientProtocolClient (GrpcClientProtocolClient.java:onNext(255)) - client-54CC064C3FCE->8224e767-71c1-41fc-a01a-d172d48fd9d8: receive RaftClientReply:client-54CC064C3FCE->8224e767-71c1-41fc-a01a-d172d48fd9d8@group-F6B37CC92441, cid=980, SUCCESS, logIndex=1306, commits[8224e767-71c1-41fc-a01a-d172d48fd9d8:c1307, 6eae0c21-01aa-4169-956f-5952b26ea7ba:c1303, 8d7dcba1-3b82-4d94-a832-514ef5c79cf8:c1303]
2019-08-21 02:17:14,061 [grpc-default-executor-1] INFO  client.GrpcClientProtocolClient (GrpcClientProtocolClient.java:onNext(255)) - client-54CC064C3FCE->8224e767-71c1-41fc-a01a-d172d48fd9d8: receive RaftClientReply:client-54CC064C3FCE->8224e767-71c1-41fc-a01a-d172d48fd9d8@group-F6B37CC92441, cid=981, SUCCESS, logIndex=1307, commits[8224e767-71c1-41fc-a01a-d172d48fd9d8:c1307, 6eae0c21-01aa-4169-956f-5952b26ea7ba:c1303, 8d7dcba1-3b82-4d94-a832-514ef5c79cf8:c1303]
2019-08-21 02:17:14,073 | INFO  | DNAudit | user=null | ip=null | op=WRITE_CHUNK {blockData=conID: 3 locID: 102652564581777849 bcsId: 0} | ret=SUCCESS |  
2019-08-21 02:17:14,073 | INFO  | DNAudit | user=null | ip=null | op=PUT_BLOCK {blockData=[blockId=conID: 3 locID: 102652564581777849 bcsId: 0,size=1048576]} | ret=SUCCESS |  
2019-08-21 02:17:14,073 | INFO  | DNAudit | user=null | ip=null | op=WRITE_CHUNK {blockData=conID: 3 locID: 102652564581777849 bcsId: 0} | ret=SUCCESS |  
2019-08-21 02:17:14,073 | INFO  | DNAudit | user=null | ip=null | op=PUT_BLOCK {blockData=[blockId=conID: 3 locID: 102652564581777849 bcsId: 0,size=1048576]} | ret=SUCCESS |  
2019-08-21 02:17:14,073 [grpc-default-executor-1] INFO  client.GrpcClientProtocolClient (GrpcClientProtocolClient.java:onNext(255)) - client-54CC064C3FCE->8224e767-71c1-41fc-a01a-d172d48fd9d8: receive RaftClientReply:client-54CC064C3FCE->8224e767-71c1-41fc-a01a-d172d48fd9d8@group-F6B37CC92441, cid=982, SUCCESS, logIndex=0, commits[8224e767-71c1-41fc-a01a-d172d48fd9d8:c1308, 6eae0c21-01aa-4169-956f-5952b26ea7ba:c1305, 8d7dcba1-3b82-4d94-a832-514ef5c79cf8:c1305]
2019-08-21 02:17:14,074 | INFO  | DNAudit | user=null | ip=null | op=WRITE_CHUNK {blockData=conID: 3 locID: 102652564581777849 bcsId: 0} | ret=SUCCESS |  
2019-08-21 02:17:14,075 | INFO  | DNAudit | user=null | ip=null | op=WRITE_CHUNK {blockData=conID: 3 locID: 102652564581777849 bcsId: 0} | ret=SUCCESS |  
2019-08-21 02:17:14,075 | INFO  | DNAudit | user=null | ip=null | op=PUT_BLOCK {blockData=[blockId=conID: 3 locID: 102652564581777849 bcsId: 0,size=2097152]} | ret=SUCCESS |  
2019-08-21 02:17:14,075 | INFO  | DNAudit | user=null | ip=null | op=PUT_BLOCK {blockData=[blockId=conID: 3 locID: 102652564581777849 bcsId: 0,size=2097152]} | ret=SUCCESS |  
2019-08-21 02:17:14,080 | INFO  | DNAudit | user=null | ip=null | op=WRITE_CHUNK {blockData=conID: 3 locID: 102652564581777849 bcsId: 1307} | ret=SUCCESS |  
2019-08-21 02:17:14,082 | INFO  | DNAudit | user=null | ip=null | op=WRITE_CHUNK {blockData=conID: 3 locID: 102652564581777849 bcsId: 1307} | ret=SUCCESS |  
2019-08-21 02:17:14,082 | INFO  | DNAudit | user=null | ip=null | op=WRITE_CHUNK {blockData=conID: 3 locID: 102652564581777849 bcsId: 1307} | ret=SUCCESS |  
2019-08-21 02:17:14,084 | INFO  | DNAudit | user=null | ip=null | op=WRITE_CHUNK {blockData=conID: 3 locID: 102652564581777849 bcsId: 1307} | ret=SUCCESS |  
2019-08-21 02:17:14,084 | INFO  | DNAudit | user=null | ip=null | op=PUT_BLOCK {blockData=[blockId=conID: 3 locID: 102652564581777849 bcsId: 0,size=3145728]} | ret=SUCCESS |  
2019-08-21 02:17:14,085 [grpc-default-executor-4] INFO  client.GrpcClientProtocolClient (GrpcClientProtocolClient.java:onNext(255)) - client-54CC064C3FCE->8224e767-71c1-41fc-a01a-d172d48fd9d8: receive RaftClientReply:client-54CC064C3FCE->8224e767-71c1-41fc-a01a-d172d48fd9d8@group-F6B37CC92441, cid=983, SUCCESS, logIndex=1312, commits[8224e767-71c1-41fc-a01a-d172d48fd9d8:c1313, 6eae0c21-01aa-4169-956f-5952b26ea7ba:c1311, 8d7dcba1-3b82-4d94-a832-514ef5c79cf8:c1307]
2019-08-21 02:17:14,085 [grpc-default-executor-4] INFO  client.GrpcClientProtocolClient (GrpcClientProtocolClient.java:onNext(255)) - client-54CC064C3FCE->8224e767-71c1-41fc-a01a-d172d48fd9d8: receive RaftClientReply:client-54CC064C3FCE->8224e767-71c1-41fc-a01a-d172d48fd9d8@group-F6B37CC92441, cid=984, SUCCESS, logIndex=1313, commits[8224e767-71c1-41fc-a01a-d172d48fd9d8:c1313, 6eae0c21-01aa-4169-956f-5952b26ea7ba:c1311, 8d7dcba1-3b82-4d94-a832-514ef5c79cf8:c1311]
2019-08-21 02:17:14,085 | INFO  | DNAudit | user=null | ip=null | op=WRITE_CHUNK {blockData=conID: 3 locID: 102652564581777849 bcsId: 1307} | ret=SUCCESS |  
2019-08-21 02:17:14,085 | INFO  | DNAudit | user=null | ip=null | op=PUT_BLOCK {blockData=[blockId=conID: 3 locID: 102652564581777849 bcsId: 0,size=3145728]} | ret=SUCCESS |  
2019-08-21 02:17:14,088 | INFO  | DNAudit | user=null | ip=null | op=WRITE_CHUNK {blockData=conID: 3 locID: 102652564581777849 bcsId: 1307} | ret=SUCCESS |  
2019-08-21 02:17:14,088 | INFO  | DNAudit | user=null | ip=null | op=PUT_BLOCK {blockData=[blockId=conID: 3 locID: 102652564581777849 bcsId: 0,size=3145728]} | ret=SUCCESS |  
2019-08-21 02:17:14,091 | INFO  | DNAudit | user=null | ip=null | op=WRITE_CHUNK {blockData=conID: 3 locID: 102652564581777849 bcsId: 1313} | ret=SUCCESS |  
2019-08-21 02:17:14,093 | INFO  | DNAudit | user=null | ip=null | op=WRITE_CHUNK {blockData=conID: 3 locID: 102652564581777849 bcsId: 1313} | ret=SUCCESS |  
2019-08-21 02:17:14,093 | INFO  | DNAudit | user=null | ip=null | op=WRITE_CHUNK {blockData=conID: 3 locID: 102652564581777849 bcsId: 1313} | ret=SUCCESS |  
2019-08-21 02:17:14,095 | INFO  | DNAudit | user=null | ip=null | op=WRITE_CHUNK {blockData=conID: 3 locID: 102652564581777849 bcsId: 1313} | ret=SUCCESS |  
2019-08-21 02:17:14,095 | INFO  | DNAudit | user=null | ip=null | op=PUT_BLOCK {blockData=[blockId=conID: 3 locID: 102652564581777849 bcsId: 0,size=4194304]} | ret=SUCCESS |  
2019-08-21 02:17:14,095 [grpc-default-executor-4] INFO  client.GrpcClientProtocolClient (GrpcClientProtocolClient.java:onNext(255)) - client-54CC064C3FCE->8224e767-71c1-41fc-a01a-d172d48fd9d8: receive RaftClientReply:client-54CC064C3FCE->8224e767-71c1-41fc-a01a-d172d48fd9d8@group-F6B37CC92441, cid=985, SUCCESS, logIndex=1316, commits[8224e767-71c1-41fc-a01a-d172d48fd9d8:c1317, 6eae0c21-01aa-4169-956f-5952b26ea7ba:c1315, 8d7dcba1-3b82-4d94-a832-514ef5c79cf8:c1313]
2019-08-21 02:17:14,096 [grpc-default-executor-4] INFO  client.GrpcClientProtocolClient (GrpcClientProtocolClient.java:onNext(255)) - client-54CC064C3FCE->8224e767-71c1-41fc-a01a-d172d48fd9d8: receive RaftClientReply:client-54CC064C3FCE->8224e767-71c1-41fc-a01a-d172d48fd9d8@group-F6B37CC92441, cid=986, SUCCESS, logIndex=1317, commits[8224e767-71c1-41fc-a01a-d172d48fd9d8:c1317, 6eae0c21-01aa-4169-956f-5952b26ea7ba:c1315, 8d7dcba1-3b82-4d94-a832-514ef5c79cf8:c1315]
2019-08-21 02:17:14,098 | INFO  | DNAudit | user=null | ip=null | op=WRITE_CHUNK {blockData=conID: 3 locID: 102652564581777849 bcsId: 1313} | ret=SUCCESS |  
2019-08-21 02:17:14,098 | INFO  | DNAudit | user=null | ip=null | op=WRITE_CHUNK {blockData=conID: 3 locID: 102652564581777849 bcsId: 1313} | ret=SUCCESS |  
2019-08-21 02:17:14,098 | INFO  | DNAudit | user=null | ip=null | op=PUT_BLOCK {blockData=[blockId=conID: 3 locID: 102652564581777849 bcsId: 0,size=4194304]} | ret=SUCCESS |  
2019-08-21 02:17:14,098 | INFO  | DNAudit | user=null | ip=null | op=PUT_BLOCK {blockData=[blockId=conID: 3 locID: 102652564581777849 bcsId: 0,size=4194304]} | ret=SUCCESS |  
2019-08-21 02:17:14,098 [grpc-default-executor-4] INFO  client.GrpcClientProtocolClient (GrpcClientProtocolClient.java:onNext(255)) - client-54CC064C3FCE->8224e767-71c1-41fc-a01a-d172d48fd9d8: receive RaftClientReply:client-54CC064C3FCE->8224e767-71c1-41fc-a01a-d172d48fd9d8@group-F6B37CC92441, cid=987, SUCCESS, logIndex=0, commits[8224e767-71c1-41fc-a01a-d172d48fd9d8:c1318, 6eae0c21-01aa-4169-956f-5952b26ea7ba:c1317, 8d7dcba1-3b82-4d94-a832-514ef5c79cf8:c1317]
2019-08-21 02:17:14,104 | INFO  | DNAudit | user=null | ip=null | op=WRITE_CHUNK {blockData=conID: 1 locID: 102652564581777850 bcsId: 0} | ret=SUCCESS |  
2019-08-21 02:17:14,107 | INFO  | DNAudit | user=null | ip=null | op=WRITE_CHUNK {blockData=conID: 1 locID: 102652564581777850 bcsId: 0} | ret=SUCCESS |  
2019-08-21 02:17:14,108 | INFO  | DNAudit | user=null | ip=null | op=WRITE_CHUNK {blockData=conID: 1 locID: 102652564581777850 bcsId: 0} | ret=SUCCESS |  
2019-08-21 02:17:14,108 | INFO  | DNAudit | user=null | ip=null | op=WRITE_CHUNK {blockData=conID: 1 locID: 102652564581777850 bcsId: 0} | ret=SUCCESS |  
2019-08-21 02:17:14,109 | INFO  | DNAudit | user=null | ip=null | op=WRITE_CHUNK {blockData=conID: 1 locID: 102652564581777850 bcsId: 0} | ret=SUCCESS |  
2019-08-21 02:17:14,109 | INFO  | DNAudit | user=null | ip=null | op=PUT_BLOCK {blockData=[blockId=conID: 1 locID: 102652564581777850 bcsId: 0,size=1048576]} | ret=SUCCESS |  
2019-08-21 02:17:14,110 | INFO  | DNAudit | user=null | ip=null | op=WRITE_CHUNK {blockData=conID: 1 locID: 102652564581777850 bcsId: 0} | ret=SUCCESS |  
2019-08-21 02:17:14,110 | INFO  | DNAudit | user=null | ip=null | op=WRITE_CHUNK {blockData=conID: 1 locID: 102652564581777850 bcsId: 0} | ret=SUCCESS |  
2019-08-21 02:17:14,110 [grpc-default-executor-1] INFO  client.GrpcClientProtocolClient (GrpcClientProtocolClient.java:onNext(255)) - client-54CC064C3FCE->8224e767-71c1-41fc-a01a-d172d48fd9d8: receive RaftClientReply:client-54CC064C3FCE->8224e767-71c1-41fc-a01a-d172d48fd9d8@group-F6B37CC92441, cid=988, SUCCESS, logIndex=1320, commits[8224e767-71c1-41fc-a01a-d172d48fd9d8:c1321, 6eae0c21-01aa-4169-956f-5952b26ea7ba:c1317, 8d7dcba1-3b82-4d94-a832-514ef5c79cf8:c1319]
2019-08-21 02:17:14,110 [grpc-default-executor-1] INFO  client.GrpcClientProtocolClient (GrpcClientProtocolClient.java:onNext(255)) - client-54CC064C3FCE->8224e767-71c1-41fc-a01a-d172d48fd9d8: receive RaftClientReply:client-54CC064C3FCE->8224e767-71c1-41fc-a01a-d172d48fd9d8@group-F6B37CC92441, cid=989, SUCCESS, logIndex=1321, commits[8224e767-71c1-41fc-a01a-d172d48fd9d8:c1321, 6eae0c21-01aa-4169-956f-5952b26ea7ba:c1317, 8d7dcba1-3b82-4d94-a832-514ef5c79cf8:c1319]
2019-08-21 02:17:14,112 | INFO  | DNAudit | user=null | ip=null | op=WRITE_CHUNK {blockData=conID: 1 locID: 102652564581777850 bcsId: 0} | ret=SUCCESS |  
2019-08-21 02:17:14,112 | INFO  | DNAudit | user=null | ip=null | op=WRITE_CHUNK {blockData=conID: 1 locID: 102652564581777850 bcsId: 0} | ret=SUCCESS |  
2019-08-21 02:17:14,112 | INFO  | DNAudit | user=null | ip=null | op=PUT_BLOCK {blockData=[blockId=conID: 1 locID: 102652564581777850 bcsId: 0,size=2097152]} | ret=SUCCESS |  
2019-08-21 02:17:14,112 | INFO  | DNAudit | user=null | ip=null | op=WRITE_CHUNK {blockData=conID: 1 locID: 102652564581777850 bcsId: 0} | ret=SUCCESS |  
2019-08-21 02:17:14,112 | INFO  | DNAudit | user=null | ip=null | op=PUT_BLOCK {blockData=[blockId=conID: 1 locID: 102652564581777850 bcsId: 0,size=1048576]} | ret=SUCCESS |  
2019-08-21 02:17:14,112 | INFO  | DNAudit | user=null | ip=null | op=PUT_BLOCK {blockData=[blockId=conID: 1 locID: 102652564581777850 bcsId: 0,size=1048576]} | ret=SUCCESS |  
2019-08-21 02:17:14,113 [grpc-default-executor-1] INFO  client.GrpcClientProtocolClient (GrpcClientProtocolClient.java:onNext(255)) - client-54CC064C3FCE->8224e767-71c1-41fc-a01a-d172d48fd9d8: receive RaftClientReply:client-54CC064C3FCE->8224e767-71c1-41fc-a01a-d172d48fd9d8@group-F6B37CC92441, cid=990, SUCCESS, logIndex=1322, commits[8224e767-71c1-41fc-a01a-d172d48fd9d8:c1323, 6eae0c21-01aa-4169-956f-5952b26ea7ba:c1319, 8d7dcba1-3b82-4d94-a832-514ef5c79cf8:c1319]
2019-08-21 02:17:14,113 | INFO  | DNAudit | user=null | ip=null | op=WRITE_CHUNK {blockData=conID: 1 locID: 102652564581777850 bcsId: 0} | ret=SUCCESS |  
2019-08-21 02:17:14,113 [grpc-default-executor-1] INFO  client.GrpcClientProtocolClient (GrpcClientProtocolClient.java:onNext(255)) - client-54CC064C3FCE->8224e767-71c1-41fc-a01a-d172d48fd9d8: receive RaftClientReply:client-54CC064C3FCE->8224e767-71c1-41fc-a01a-d172d48fd9d8@group-F6B37CC92441, cid=991, SUCCESS, logIndex=1323, commits[8224e767-71c1-41fc-a01a-d172d48fd9d8:c1325, 6eae0c21-01aa-4169-956f-5952b26ea7ba:c1321, 8d7dcba1-3b82-4d94-a832-514ef5c79cf8:c1321]
2019-08-21 02:17:14,113 | INFO  | DNAudit | user=null | ip=null | op=WRITE_CHUNK {blockData=conID: 1 locID: 102652564581777850 bcsId: 0} | ret=SUCCESS |  
2019-08-21 02:17:14,114 | INFO  | DNAudit | user=null | ip=null | op=PUT_BLOCK {blockData=[blockId=conID: 1 locID: 102652564581777850 bcsId: 0,size=2097152]} | ret=SUCCESS |  
2019-08-21 02:17:14,115 | INFO  | DNAudit | user=null | ip=null | op=PUT_BLOCK {blockData=[blockId=conID: 1 locID: 102652564581777850 bcsId: 0,size=2097152]} | ret=SUCCESS |  
2019-08-21 02:17:14,119 | INFO  | DNAudit | user=null | ip=null | op=WRITE_CHUNK {blockData=conID: 1 locID: 102652564581777850 bcsId: 1323} | ret=SUCCESS |  
2019-08-21 02:17:14,121 | INFO  | DNAudit | user=null | ip=null | op=WRITE_CHUNK {blockData=conID: 1 locID: 102652564581777850 bcsId: 1323} | ret=SUCCESS |  
2019-08-21 02:17:14,121 | INFO  | DNAudit | user=null | ip=null | op=WRITE_CHUNK {blockData=conID: 1 locID: 102652564581777850 bcsId: 1323} | ret=SUCCESS |  
2019-08-21 02:17:14,123 | INFO  | DNAudit | user=null | ip=null | op=WRITE_CHUNK {blockData=conID: 1 locID: 102652564581777850 bcsId: 1323} | ret=SUCCESS |  
2019-08-21 02:17:14,124 | INFO  | DNAudit | user=null | ip=null | op=PUT_BLOCK {blockData=[blockId=conID: 1 locID: 102652564581777850 bcsId: 0,size=3145728]} | ret=SUCCESS |  
2019-08-21 02:17:14,124 [grpc-default-executor-1] INFO  client.GrpcClientProtocolClient (GrpcClientProtocolClient.java:onNext(255)) - client-54CC064C3FCE->8224e767-71c1-41fc-a01a-d172d48fd9d8: receive RaftClientReply:client-54CC064C3FCE->8224e767-71c1-41fc-a01a-d172d48fd9d8@group-F6B37CC92441, cid=992, SUCCESS, logIndex=1328, commits[8224e767-71c1-41fc-a01a-d172d48fd9d8:c1329, 6eae0c21-01aa-4169-956f-5952b26ea7ba:c1327, 8d7dcba1-3b82-4d94-a832-514ef5c79cf8:c1327]
2019-08-21 02:17:14,124 [grpc-default-executor-1] INFO  client.GrpcClientProtocolClient (GrpcClientProtocolClient.java:onNext(255)) - client-54CC064C3FCE->8224e767-71c1-41fc-a01a-d172d48fd9d8: receive RaftClientReply:client-54CC064C3FCE->8224e767-71c1-41fc-a01a-d172d48fd9d8@group-F6B37CC92441, cid=993, SUCCESS, logIndex=1329, commits[8224e767-71c1-41fc-a01a-d172d48fd9d8:c1329, 6eae0c21-01aa-4169-956f-5952b26ea7ba:c1327, 8d7dcba1-3b82-4d94-a832-514ef5c79cf8:c1327]
2019-08-21 02:17:14,126 | INFO  | DNAudit | user=null | ip=null | op=WRITE_CHUNK {blockData=conID: 1 locID: 102652564581777850 bcsId: 1323} | ret=SUCCESS |  
2019-08-21 02:17:14,126 | INFO  | DNAudit | user=null | ip=null | op=WRITE_CHUNK {blockData=conID: 1 locID: 102652564581777850 bcsId: 1323} | ret=SUCCESS |  
2019-08-21 02:17:14,129 | INFO  | DNAudit | user=null | ip=null | op=PUT_BLOCK {blockData=[blockId=conID: 1 locID: 102652564581777850 bcsId: 0,size=3145728]} | ret=SUCCESS |  
2019-08-21 02:17:14,130 | INFO  | DNAudit | user=null | ip=null | op=PUT_BLOCK {blockData=[blockId=conID: 1 locID: 102652564581777850 bcsId: 0,size=3145728]} | ret=SUCCESS |  
2019-08-21 02:17:14,131 | INFO  | DNAudit | user=null | ip=null | op=WRITE_CHUNK {blockData=conID: 1 locID: 102652564581777850 bcsId: 1329} | ret=SUCCESS |  
2019-08-21 02:17:14,133 | INFO  | DNAudit | user=null | ip=null | op=WRITE_CHUNK {blockData=conID: 1 locID: 102652564581777850 bcsId: 1329} | ret=SUCCESS |  
2019-08-21 02:17:14,133 | INFO  | DNAudit | user=null | ip=null | op=WRITE_CHUNK {blockData=conID: 1 locID: 102652564581777850 bcsId: 1329} | ret=SUCCESS |  
2019-08-21 02:17:14,135 | INFO  | DNAudit | user=null | ip=null | op=WRITE_CHUNK {blockData=conID: 1 locID: 102652564581777850 bcsId: 1329} | ret=SUCCESS |  
2019-08-21 02:17:14,135 | INFO  | DNAudit | user=null | ip=null | op=PUT_BLOCK {blockData=[blockId=conID: 1 locID: 102652564581777850 bcsId: 0,size=4194304]} | ret=SUCCESS |  
2019-08-21 02:17:14,135 [grpc-default-executor-4] INFO  client.GrpcClientProtocolClient (GrpcClientProtocolClient.java:onNext(255)) - client-54CC064C3FCE->8224e767-71c1-41fc-a01a-d172d48fd9d8: receive RaftClientReply:client-54CC064C3FCE->8224e767-71c1-41fc-a01a-d172d48fd9d8@group-F6B37CC92441, cid=994, SUCCESS, logIndex=1332, commits[8224e767-71c1-41fc-a01a-d172d48fd9d8:c1333, 6eae0c21-01aa-4169-956f-5952b26ea7ba:c1331, 8d7dcba1-3b82-4d94-a832-514ef5c79cf8:c1329]
2019-08-21 02:17:14,135 [grpc-default-executor-4] INFO  client.GrpcClientProtocolClient (GrpcClientProtocolClient.java:onNext(255)) - client-54CC064C3FCE->8224e767-71c1-41fc-a01a-d172d48fd9d8: receive RaftClientReply:client-54CC064C3FCE->8224e767-71c1-41fc-a01a-d172d48fd9d8@group-F6B37CC92441, cid=995, SUCCESS, logIndex=1333, commits[8224e767-71c1-41fc-a01a-d172d48fd9d8:c1333, 6eae0c21-01aa-4169-956f-5952b26ea7ba:c1331, 8d7dcba1-3b82-4d94-a832-514ef5c79cf8:c1331]
2019-08-21 02:17:14,136 | INFO  | DNAudit | user=null | ip=null | op=WRITE_CHUNK {blockData=conID: 1 locID: 102652564581777850 bcsId: 1329} | ret=SUCCESS |  
2019-08-21 02:17:14,136 | INFO  | DNAudit | user=null | ip=null | op=WRITE_CHUNK {blockData=conID: 1 locID: 102652564581777850 bcsId: 1329} | ret=SUCCESS |  
2019-08-21 02:17:14,136 | INFO  | DNAudit | user=null | ip=null | op=PUT_BLOCK {blockData=[blockId=conID: 1 locID: 102652564581777850 bcsId: 0,size=4194304]} | ret=SUCCESS |  
2019-08-21 02:17:14,136 | INFO  | DNAudit | user=null | ip=null | op=PUT_BLOCK {blockData=[blockId=conID: 1 locID: 102652564581777850 bcsId: 0,size=4194304]} | ret=SUCCESS |  
2019-08-21 02:17:14,137 [grpc-default-executor-4] INFO  client.GrpcClientProtocolClient (GrpcClientProtocolClient.java:onNext(255)) - client-54CC064C3FCE->8224e767-71c1-41fc-a01a-d172d48fd9d8: receive RaftClientReply:client-54CC064C3FCE->8224e767-71c1-41fc-a01a-d172d48fd9d8@group-F6B37CC92441, cid=996, SUCCESS, logIndex=0, commits[8224e767-71c1-41fc-a01a-d172d48fd9d8:c1334, 6eae0c21-01aa-4169-956f-5952b26ea7ba:c1333, 8d7dcba1-3b82-4d94-a832-514ef5c79cf8:c1333]
2019-08-21 02:17:14,143 | INFO  | DNAudit | user=null | ip=null | op=WRITE_CHUNK {blockData=conID: 2 locID: 102652564581843387 bcsId: 0} | ret=SUCCESS |  
2019-08-21 02:17:14,145 | INFO  | DNAudit | user=null | ip=null | op=WRITE_CHUNK {blockData=conID: 2 locID: 102652564581843387 bcsId: 0} | ret=SUCCESS |  
2019-08-21 02:17:14,146 | INFO  | DNAudit | user=null | ip=null | op=WRITE_CHUNK {blockData=conID: 2 locID: 102652564581843387 bcsId: 0} | ret=SUCCESS |  
2019-08-21 02:17:14,146 | INFO  | DNAudit | user=null | ip=null | op=WRITE_CHUNK {blockData=conID: 2 locID: 102652564581843387 bcsId: 0} | ret=SUCCESS |  
2019-08-21 02:17:14,147 | INFO  | DNAudit | user=null | ip=null | op=WRITE_CHUNK {blockData=conID: 2 locID: 102652564581843387 bcsId: 0} | ret=SUCCESS |  
2019-08-21 02:17:14,148 | INFO  | DNAudit | user=null | ip=null | op=PUT_BLOCK {blockData=[blockId=conID: 2 locID: 102652564581843387 bcsId: 0,size=1048576]} | ret=SUCCESS |  
2019-08-21 02:17:14,148 | INFO  | DNAudit | user=null | ip=null | op=WRITE_CHUNK {blockData=conID: 2 locID: 102652564581843387 bcsId: 0} | ret=SUCCESS |  
2019-08-21 02:17:14,148 [grpc-default-executor-4] INFO  client.GrpcClientProtocolClient (GrpcClientProtocolClient.java:onNext(255)) - client-54CC064C3FCE->8224e767-71c1-41fc-a01a-d172d48fd9d8: receive RaftClientReply:client-54CC064C3FCE->8224e767-71c1-41fc-a01a-d172d48fd9d8@group-F6B37CC92441, cid=997, SUCCESS, logIndex=1336, commits[8224e767-71c1-41fc-a01a-d172d48fd9d8:c1337, 6eae0c21-01aa-4169-956f-5952b26ea7ba:c1335, 8d7dcba1-3b82-4d94-a832-514ef5c79cf8:c1333]
2019-08-21 02:17:14,148 | INFO  | DNAudit | user=null | ip=null | op=WRITE_CHUNK {blockData=conID: 2 locID: 102652564581843387 bcsId: 0} | ret=SUCCESS |  
2019-08-21 02:17:14,149 [grpc-default-executor-4] INFO  client.GrpcClientProtocolClient (GrpcClientProtocolClient.java:onNext(255)) - client-54CC064C3FCE->8224e767-71c1-41fc-a01a-d172d48fd9d8: receive RaftClientReply:client-54CC064C3FCE->8224e767-71c1-41fc-a01a-d172d48fd9d8@group-F6B37CC92441, cid=998, SUCCESS, logIndex=1337, commits[8224e767-71c1-41fc-a01a-d172d48fd9d8:c1337, 6eae0c21-01aa-4169-956f-5952b26ea7ba:c1335, 8d7dcba1-3b82-4d94-a832-514ef5c79cf8:c1333]
2019-08-21 02:17:14,150 | INFO  | DNAudit | user=null | ip=null | op=WRITE_CHUNK {blockData=conID: 2 locID: 102652564581843387 bcsId: 0} | ret=SUCCESS |  
2019-08-21 02:17:14,150 | INFO  | DNAudit | user=null | ip=null | op=WRITE_CHUNK {blockData=conID: 2 locID: 102652564581843387 bcsId: 0} | ret=SUCCESS |  
2019-08-21 02:17:14,150 | INFO  | DNAudit | user=null | ip=null | op=PUT_BLOCK {blockData=[blockId=conID: 2 locID: 102652564581843387 bcsId: 0,size=1048576]} | ret=SUCCESS |  
2019-08-21 02:17:14,150 | INFO  | DNAudit | user=null | ip=null | op=PUT_BLOCK {blockData=[blockId=conID: 2 locID: 102652564581843387 bcsId: 0,size=2097152]} | ret=SUCCESS |  
2019-08-21 02:17:14,150 [grpc-default-executor-4] INFO  client.GrpcClientProtocolClient (GrpcClientProtocolClient.java:onNext(255)) - client-54CC064C3FCE->8224e767-71c1-41fc-a01a-d172d48fd9d8: receive RaftClientReply:client-54CC064C3FCE->8224e767-71c1-41fc-a01a-d172d48fd9d8@group-F6B37CC92441, cid=999, SUCCESS, logIndex=1338, commits[8224e767-71c1-41fc-a01a-d172d48fd9d8:c1340, 6eae0c21-01aa-4169-956f-5952b26ea7ba:c1337, 8d7dcba1-3b82-4d94-a832-514ef5c79cf8:c1335]
2019-08-21 02:17:14,151 [grpc-default-executor-4] INFO  client.GrpcClientProtocolClient (GrpcClientProtocolClient.java:onNext(255)) - client-54CC064C3FCE->8224e767-71c1-41fc-a01a-d172d48fd9d8: receive RaftClientReply:client-54CC064C3FCE->8224e767-71c1-41fc-a01a-d172d48fd9d8@group-F6B37CC92441, cid=1000, SUCCESS, logIndex=1339, commits[8224e767-71c1-41fc-a01a-d172d48fd9d8:c1341, 6eae0c21-01aa-4169-956f-5952b26ea7ba:c1337, 8d7dcba1-3b82-4d94-a832-514ef5c79cf8:c1335]
2019-08-21 02:17:14,151 | INFO  | DNAudit | user=null | ip=null | op=WRITE_CHUNK {blockData=conID: 2 locID: 102652564581843387 bcsId: 0} | ret=SUCCESS |  
2019-08-21 02:17:14,151 | INFO  | DNAudit | user=null | ip=null | op=PUT_BLOCK {blockData=[blockId=conID: 2 locID: 102652564581843387 bcsId: 0,size=1048576]} | ret=SUCCESS |  
2019-08-21 02:17:14,152 [grpc-default-executor-4] INFO  client.GrpcClientProtocolClient (GrpcClientProtocolClient.java:onNext(255)) - client-54CC064C3FCE->8224e767-71c1-41fc-a01a-d172d48fd9d8: receive RaftClientReply:client-54CC064C3FCE->8224e767-71c1-41fc-a01a-d172d48fd9d8@group-F6B37CC92441, cid=1001, SUCCESS, logIndex=0, commits[8224e767-71c1-41fc-a01a-d172d48fd9d8:c1341, 6eae0c21-01aa-4169-956f-5952b26ea7ba:c1337, 8d7dcba1-3b82-4d94-a832-514ef5c79cf8:c1337]
2019-08-21 02:17:14,154 | INFO  | DNAudit | user=null | ip=null | op=WRITE_CHUNK {blockData=conID: 2 locID: 102652564581843387 bcsId: 0} | ret=SUCCESS |  
2019-08-21 02:17:14,154 | INFO  | DNAudit | user=null | ip=null | op=WRITE_CHUNK {blockData=conID: 2 locID: 102652564581843387 bcsId: 0} | ret=SUCCESS |  
2019-08-21 02:17:14,155 | INFO  | DNAudit | user=null | ip=null | op=PUT_BLOCK {blockData=[blockId=conID: 2 locID: 102652564581843387 bcsId: 0,size=2097152]} | ret=SUCCESS |  
2019-08-21 02:17:14,155 | INFO  | DNAudit | user=null | ip=null | op=PUT_BLOCK {blockData=[blockId=conID: 2 locID: 102652564581843387 bcsId: 0,size=2097152]} | ret=SUCCESS |  
2019-08-21 02:17:14,157 | INFO  | DNAudit | user=null | ip=null | op=WRITE_CHUNK {blockData=conID: 2 locID: 102652564581843387 bcsId: 1339} | ret=SUCCESS |  
2019-08-21 02:17:14,159 | INFO  | DNAudit | user=null | ip=null | op=WRITE_CHUNK {blockData=conID: 2 locID: 102652564581843387 bcsId: 1339} | ret=SUCCESS |  
2019-08-21 02:17:14,159 | INFO  | DNAudit | user=null | ip=null | op=WRITE_CHUNK {blockData=conID: 2 locID: 102652564581843387 bcsId: 1339} | ret=SUCCESS |  
2019-08-21 02:17:14,184 | INFO  | DNAudit | user=null | ip=null | op=WRITE_CHUNK {blockData=conID: 2 locID: 102652564581843387 bcsId: 1339} | ret=SUCCESS |  
2019-08-21 02:17:14,184 | INFO  | DNAudit | user=null | ip=null | op=PUT_BLOCK {blockData=[blockId=conID: 2 locID: 102652564581843387 bcsId: 0,size=3145728]} | ret=SUCCESS |  
2019-08-21 02:17:14,184 [grpc-default-executor-4] INFO  client.GrpcClientProtocolClient (GrpcClientProtocolClient.java:onNext(255)) - client-54CC064C3FCE->8224e767-71c1-41fc-a01a-d172d48fd9d8: receive RaftClientReply:client-54CC064C3FCE->8224e767-71c1-41fc-a01a-d172d48fd9d8@group-F6B37CC92441, cid=1002, SUCCESS, logIndex=1344, commits[8224e767-71c1-41fc-a01a-d172d48fd9d8:c1345, 6eae0c21-01aa-4169-956f-5952b26ea7ba:c1343, 8d7dcba1-3b82-4d94-a832-514ef5c79cf8:c1343]
2019-08-21 02:17:14,185 [grpc-default-executor-4] INFO  client.GrpcClientProtocolClient (GrpcClientProtocolClient.java:onNext(255)) - client-54CC064C3FCE->8224e767-71c1-41fc-a01a-d172d48fd9d8: receive RaftClientReply:client-54CC064C3FCE->8224e767-71c1-41fc-a01a-d172d48fd9d8@group-F6B37CC92441, cid=1003, SUCCESS, logIndex=1345, commits[8224e767-71c1-41fc-a01a-d172d48fd9d8:c1345, 6eae0c21-01aa-4169-956f-5952b26ea7ba:c1343, 8d7dcba1-3b82-4d94-a832-514ef5c79cf8:c1343]
2019-08-21 02:17:14,191 | INFO  | DNAudit | user=null | ip=null | op=WRITE_CHUNK {blockData=conID: 2 locID: 102652564581843387 bcsId: 1345} | ret=SUCCESS |  
2019-08-21 02:17:14,192 | INFO  | DNAudit | user=null | ip=null | op=WRITE_CHUNK {blockData=conID: 2 locID: 102652564581843387 bcsId: 1345} | ret=SUCCESS |  
2019-08-21 02:17:14,193 | INFO  | DNAudit | user=null | ip=null | op=WRITE_CHUNK {blockData=conID: 2 locID: 102652564581843387 bcsId: 1345} | ret=SUCCESS |  
2019-08-21 02:17:14,197 | INFO  | DNAudit | user=null | ip=null | op=WRITE_CHUNK {blockData=conID: 2 locID: 102652564581843387 bcsId: 1339} | ret=SUCCESS |  
2019-08-21 02:17:14,197 | INFO  | DNAudit | user=null | ip=null | op=WRITE_CHUNK {blockData=conID: 2 locID: 102652564581843387 bcsId: 1339} | ret=SUCCESS |  
2019-08-21 02:17:14,197 | INFO  | DNAudit | user=null | ip=null | op=PUT_BLOCK {blockData=[blockId=conID: 2 locID: 102652564581843387 bcsId: 0,size=3145728]} | ret=SUCCESS |  
2019-08-21 02:17:14,197 | INFO  | DNAudit | user=null | ip=null | op=PUT_BLOCK {blockData=[blockId=conID: 2 locID: 102652564581843387 bcsId: 0,size=3145728]} | ret=SUCCESS |  
2019-08-21 02:17:14,211 | INFO  | DNAudit | user=null | ip=null | op=WRITE_CHUNK {blockData=conID: 2 locID: 102652564581843387 bcsId: 1345} | ret=SUCCESS |  
2019-08-21 02:17:14,211 | INFO  | DNAudit | user=null | ip=null | op=PUT_BLOCK {blockData=[blockId=conID: 2 locID: 102652564581843387 bcsId: 0,size=4194304]} | ret=SUCCESS |  
2019-08-21 02:17:14,211 [grpc-default-executor-1] INFO  client.GrpcClientProtocolClient (GrpcClientProtocolClient.java:onNext(255)) - client-54CC064C3FCE->8224e767-71c1-41fc-a01a-d172d48fd9d8: receive RaftClientReply:client-54CC064C3FCE->8224e767-71c1-41fc-a01a-d172d48fd9d8@group-F6B37CC92441, cid=1004, SUCCESS, logIndex=1348, commits[8224e767-71c1-41fc-a01a-d172d48fd9d8:c1349, 6eae0c21-01aa-4169-956f-5952b26ea7ba:c1345, 8d7dcba1-3b82-4d94-a832-514ef5c79cf8:c1345]
2019-08-21 02:17:14,212 [grpc-default-executor-1] INFO  client.GrpcClientProtocolClient (GrpcClientProtocolClient.java:onNext(255)) - client-54CC064C3FCE->8224e767-71c1-41fc-a01a-d172d48fd9d8: receive RaftClientReply:client-54CC064C3FCE->8224e767-71c1-41fc-a01a-d172d48fd9d8@group-F6B37CC92441, cid=1005, SUCCESS, logIndex=1349, commits[8224e767-71c1-41fc-a01a-d172d48fd9d8:c1349, 6eae0c21-01aa-4169-956f-5952b26ea7ba:c1345, 8d7dcba1-3b82-4d94-a832-514ef5c79cf8:c1345]
2019-08-21 02:17:14,222 | INFO  | DNAudit | user=null | ip=null | op=WRITE_CHUNK {blockData=conID: 2 locID: 102652564581843387 bcsId: 1345} | ret=SUCCESS |  
2019-08-21 02:17:14,223 | INFO  | DNAudit | user=null | ip=null | op=WRITE_CHUNK {blockData=conID: 2 locID: 102652564581843387 bcsId: 1345} | ret=SUCCESS |  
2019-08-21 02:17:14,223 | INFO  | DNAudit | user=null | ip=null | op=PUT_BLOCK {blockData=[blockId=conID: 2 locID: 102652564581843387 bcsId: 0,size=4194304]} | ret=SUCCESS |  
2019-08-21 02:17:14,225 | INFO  | DNAudit | user=null | ip=null | op=PUT_BLOCK {blockData=[blockId=conID: 2 locID: 102652564581843387 bcsId: 0,size=4194304]} | ret=SUCCESS |  
2019-08-21 02:17:14,226 [grpc-default-executor-1] INFO  client.GrpcClientProtocolClient (GrpcClientProtocolClient.java:onNext(255)) - client-54CC064C3FCE->8224e767-71c1-41fc-a01a-d172d48fd9d8: receive RaftClientReply:client-54CC064C3FCE->8224e767-71c1-41fc-a01a-d172d48fd9d8@group-F6B37CC92441, cid=1006, SUCCESS, logIndex=0, commits[8224e767-71c1-41fc-a01a-d172d48fd9d8:c1351, 6eae0c21-01aa-4169-956f-5952b26ea7ba:c1349, 8d7dcba1-3b82-4d94-a832-514ef5c79cf8:c1349]
2019-08-21 02:17:14,232 | INFO  | DNAudit | user=null | ip=null | op=WRITE_CHUNK {blockData=conID: 3 locID: 102652564581843388 bcsId: 0} | ret=SUCCESS |  
2019-08-21 02:17:14,234 | INFO  | DNAudit | user=null | ip=null | op=WRITE_CHUNK {blockData=conID: 3 locID: 102652564581843388 bcsId: 0} | ret=SUCCESS |  
2019-08-21 02:17:14,235 | INFO  | DNAudit | user=null | ip=null | op=WRITE_CHUNK {blockData=conID: 3 locID: 102652564581843388 bcsId: 0} | ret=SUCCESS |  
2019-08-21 02:17:14,235 | INFO  | DNAudit | user=null | ip=null | op=WRITE_CHUNK {blockData=conID: 3 locID: 102652564581843388 bcsId: 0} | ret=SUCCESS |  
2019-08-21 02:17:14,236 | INFO  | DNAudit | user=null | ip=null | op=WRITE_CHUNK {blockData=conID: 3 locID: 102652564581843388 bcsId: 0} | ret=SUCCESS |  
2019-08-21 02:17:14,236 | INFO  | DNAudit | user=null | ip=null | op=WRITE_CHUNK {blockData=conID: 3 locID: 102652564581843388 bcsId: 0} | ret=SUCCESS |  
2019-08-21 02:17:14,245 | INFO  | DNAudit | user=null | ip=null | op=WRITE_CHUNK {blockData=conID: 3 locID: 102652564581843388 bcsId: 0} | ret=SUCCESS |  
2019-08-21 02:17:14,245 | INFO  | DNAudit | user=null | ip=null | op=PUT_BLOCK {blockData=[blockId=conID: 3 locID: 102652564581843388 bcsId: 0,size=1048576]} | ret=SUCCESS |  
2019-08-21 02:17:14,246 | INFO  | DNAudit | user=null | ip=null | op=WRITE_CHUNK {blockData=conID: 3 locID: 102652564581843388 bcsId: 0} | ret=SUCCESS |  
2019-08-21 02:17:14,246 [grpc-default-executor-4] INFO  client.GrpcClientProtocolClient (GrpcClientProtocolClient.java:onNext(255)) - client-54CC064C3FCE->8224e767-71c1-41fc-a01a-d172d48fd9d8: receive RaftClientReply:client-54CC064C3FCE->8224e767-71c1-41fc-a01a-d172d48fd9d8@group-F6B37CC92441, cid=1007, SUCCESS, logIndex=1352, commits[8224e767-71c1-41fc-a01a-d172d48fd9d8:c1353, 6eae0c21-01aa-4169-956f-5952b26ea7ba:c1351, 8d7dcba1-3b82-4d94-a832-514ef5c79cf8:c1351]
2019-08-21 02:17:14,246 | INFO  | DNAudit | user=null | ip=null | op=PUT_BLOCK {blockData=[blockId=conID: 3 locID: 102652564581843388 bcsId: 0,size=2097152]} | ret=SUCCESS |  
2019-08-21 02:17:14,246 | INFO  | DNAudit | user=null | ip=null | op=WRITE_CHUNK {blockData=conID: 3 locID: 102652564581843388 bcsId: 0} | ret=SUCCESS |  
2019-08-21 02:17:14,246 [grpc-default-executor-4] INFO  client.GrpcClientProtocolClient (GrpcClientProtocolClient.java:onNext(255)) - client-54CC064C3FCE->8224e767-71c1-41fc-a01a-d172d48fd9d8: receive RaftClientReply:client-54CC064C3FCE->8224e767-71c1-41fc-a01a-d172d48fd9d8@group-F6B37CC92441, cid=1008, SUCCESS, logIndex=1353, commits[8224e767-71c1-41fc-a01a-d172d48fd9d8:c1355, 6eae0c21-01aa-4169-956f-5952b26ea7ba:c1351, 8d7dcba1-3b82-4d94-a832-514ef5c79cf8:c1351]
2019-08-21 02:17:14,246 | INFO  | DNAudit | user=null | ip=null | op=WRITE_CHUNK {blockData=conID: 3 locID: 102652564581843388 bcsId: 0} | ret=SUCCESS |  
2019-08-21 02:17:14,246 [grpc-default-executor-4] INFO  client.GrpcClientProtocolClient (GrpcClientProtocolClient.java:onNext(255)) - client-54CC064C3FCE->8224e767-71c1-41fc-a01a-d172d48fd9d8: receive RaftClientReply:client-54CC064C3FCE->8224e767-71c1-41fc-a01a-d172d48fd9d8@group-F6B37CC92441, cid=1009, SUCCESS, logIndex=1354, commits[8224e767-71c1-41fc-a01a-d172d48fd9d8:c1355, 6eae0c21-01aa-4169-956f-5952b26ea7ba:c1351, 8d7dcba1-3b82-4d94-a832-514ef5c79cf8:c1351]
2019-08-21 02:17:14,247 | INFO  | DNAudit | user=null | ip=null | op=PUT_BLOCK {blockData=[blockId=conID: 3 locID: 102652564581843388 bcsId: 0,size=1048576]} | ret=SUCCESS |  
2019-08-21 02:17:14,247 [grpc-default-executor-4] INFO  client.GrpcClientProtocolClient (GrpcClientProtocolClient.java:onNext(255)) - client-54CC064C3FCE->8224e767-71c1-41fc-a01a-d172d48fd9d8: receive RaftClientReply:client-54CC064C3FCE->8224e767-71c1-41fc-a01a-d172d48fd9d8@group-F6B37CC92441, cid=1010, SUCCESS, logIndex=1355, commits[8224e767-71c1-41fc-a01a-d172d48fd9d8:c1355, 6eae0c21-01aa-4169-956f-5952b26ea7ba:c1351, 8d7dcba1-3b82-4d94-a832-514ef5c79cf8:c1351]
2019-08-21 02:17:14,247 | INFO  | DNAudit | user=null | ip=null | op=PUT_BLOCK {blockData=[blockId=conID: 3 locID: 102652564581843388 bcsId: 0,size=1048576]} | ret=SUCCESS |  
2019-08-21 02:17:14,248 | INFO  | DNAudit | user=null | ip=null | op=WRITE_CHUNK {blockData=conID: 3 locID: 102652564581843388 bcsId: 0} | ret=SUCCESS |  
2019-08-21 02:17:14,248 | INFO  | DNAudit | user=null | ip=null | op=PUT_BLOCK {blockData=[blockId=conID: 3 locID: 102652564581843388 bcsId: 0,size=2097152]} | ret=SUCCESS |  
2019-08-21 02:17:14,248 | INFO  | DNAudit | user=null | ip=null | op=WRITE_CHUNK {blockData=conID: 3 locID: 102652564581843388 bcsId: 0} | ret=SUCCESS |  
2019-08-21 02:17:14,248 [grpc-default-executor-1] INFO  client.GrpcClientProtocolClient (GrpcClientProtocolClient.java:onNext(255)) - client-54CC064C3FCE->8224e767-71c1-41fc-a01a-d172d48fd9d8: receive RaftClientReply:client-54CC064C3FCE->8224e767-71c1-41fc-a01a-d172d48fd9d8@group-F6B37CC92441, cid=1011, SUCCESS, logIndex=0, commits[8224e767-71c1-41fc-a01a-d172d48fd9d8:c1357, 6eae0c21-01aa-4169-956f-5952b26ea7ba:c1353, 8d7dcba1-3b82-4d94-a832-514ef5c79cf8:c1353]
2019-08-21 02:17:14,248 | INFO  | DNAudit | user=null | ip=null | op=PUT_BLOCK {blockData=[blockId=conID: 3 locID: 102652564581843388 bcsId: 0,size=2097152]} | ret=SUCCESS |  
2019-08-21 02:17:14,254 | INFO  | DNAudit | user=null | ip=null | op=WRITE_CHUNK {blockData=conID: 3 locID: 102652564581843388 bcsId: 1355} | ret=SUCCESS |  
2019-08-21 02:17:14,256 | INFO  | DNAudit | user=null | ip=null | op=WRITE_CHUNK {blockData=conID: 3 locID: 102652564581843388 bcsId: 1355} | ret=SUCCESS |  
2019-08-21 02:17:14,256 | INFO  | DNAudit | user=null | ip=null | op=WRITE_CHUNK {blockData=conID: 3 locID: 102652564581843388 bcsId: 1355} | ret=SUCCESS |  
2019-08-21 02:17:14,268 | INFO  | DNAudit | user=null | ip=null | op=WRITE_CHUNK {blockData=conID: 3 locID: 102652564581843388 bcsId: 1355} | ret=SUCCESS |  
2019-08-21 02:17:14,268 | INFO  | DNAudit | user=null | ip=null | op=PUT_BLOCK {blockData=[blockId=conID: 3 locID: 102652564581843388 bcsId: 0,size=3145728]} | ret=SUCCESS |  
2019-08-21 02:17:14,268 [grpc-default-executor-4] INFO  client.GrpcClientProtocolClient (GrpcClientProtocolClient.java:onNext(255)) - client-54CC064C3FCE->8224e767-71c1-41fc-a01a-d172d48fd9d8: receive RaftClientReply:client-54CC064C3FCE->8224e767-71c1-41fc-a01a-d172d48fd9d8@group-F6B37CC92441, cid=1012, SUCCESS, logIndex=1360, commits[8224e767-71c1-41fc-a01a-d172d48fd9d8:c1361, 6eae0c21-01aa-4169-956f-5952b26ea7ba:c1359, 8d7dcba1-3b82-4d94-a832-514ef5c79cf8:c1359]
2019-08-21 02:17:14,269 [grpc-default-executor-4] INFO  client.GrpcClientProtocolClient (GrpcClientProtocolClient.java:onNext(255)) - client-54CC064C3FCE->8224e767-71c1-41fc-a01a-d172d48fd9d8: receive RaftClientReply:client-54CC064C3FCE->8224e767-71c1-41fc-a01a-d172d48fd9d8@group-F6B37CC92441, cid=1013, SUCCESS, logIndex=1361, commits[8224e767-71c1-41fc-a01a-d172d48fd9d8:c1361, 6eae0c21-01aa-4169-956f-5952b26ea7ba:c1359, 8d7dcba1-3b82-4d94-a832-514ef5c79cf8:c1359]
2019-08-21 02:17:14,274 | INFO  | DNAudit | user=null | ip=null | op=WRITE_CHUNK {blockData=conID: 3 locID: 102652564581843388 bcsId: 1361} | ret=SUCCESS |  
2019-08-21 02:17:14,276 | INFO  | DNAudit | user=null | ip=null | op=WRITE_CHUNK {blockData=conID: 3 locID: 102652564581843388 bcsId: 1361} | ret=SUCCESS |  
2019-08-21 02:17:14,277 | INFO  | DNAudit | user=null | ip=null | op=WRITE_CHUNK {blockData=conID: 3 locID: 102652564581843388 bcsId: 1361} | ret=SUCCESS |  
2019-08-21 02:17:14,281 | INFO  | DNAudit | user=null | ip=null | op=WRITE_CHUNK {blockData=conID: 3 locID: 102652564581843388 bcsId: 1355} | ret=SUCCESS |  
2019-08-21 02:17:14,281 | INFO  | DNAudit | user=null | ip=null | op=WRITE_CHUNK {blockData=conID: 3 locID: 102652564581843388 bcsId: 1355} | ret=SUCCESS |  
2019-08-21 02:17:14,295 | INFO  | DNAudit | user=null | ip=null | op=PUT_BLOCK {blockData=[blockId=conID: 3 locID: 102652564581843388 bcsId: 0,size=3145728]} | ret=SUCCESS |  
2019-08-21 02:17:14,295 | INFO  | DNAudit | user=null | ip=null | op=PUT_BLOCK {blockData=[blockId=conID: 3 locID: 102652564581843388 bcsId: 0,size=3145728]} | ret=SUCCESS |  
2019-08-21 02:17:14,295 | INFO  | DNAudit | user=null | ip=null | op=WRITE_CHUNK {blockData=conID: 3 locID: 102652564581843388 bcsId: 1361} | ret=SUCCESS |  
2019-08-21 02:17:14,296 | INFO  | DNAudit | user=null | ip=null | op=PUT_BLOCK {blockData=[blockId=conID: 3 locID: 102652564581843388 bcsId: 0,size=4194304]} | ret=SUCCESS |  
2019-08-21 02:17:14,296 [grpc-default-executor-0] INFO  client.GrpcClientProtocolClient (GrpcClientProtocolClient.java:onNext(255)) - client-54CC064C3FCE->8224e767-71c1-41fc-a01a-d172d48fd9d8: receive RaftClientReply:client-54CC064C3FCE->8224e767-71c1-41fc-a01a-d172d48fd9d8@group-F6B37CC92441, cid=1014, SUCCESS, logIndex=1364, commits[8224e767-71c1-41fc-a01a-d172d48fd9d8:c1365, 6eae0c21-01aa-4169-956f-5952b26ea7ba:c1361, 8d7dcba1-3b82-4d94-a832-514ef5c79cf8:c1361]
2019-08-21 02:17:14,296 [grpc-default-executor-0] INFO  client.GrpcClientProtocolClient (GrpcClientProtocolClient.java:onNext(255)) - client-54CC064C3FCE->8224e767-71c1-41fc-a01a-d172d48fd9d8: receive RaftClientReply:client-54CC064C3FCE->8224e767-71c1-41fc-a01a-d172d48fd9d8@group-F6B37CC92441, cid=1015, SUCCESS, logIndex=1365, commits[8224e767-71c1-41fc-a01a-d172d48fd9d8:c1365, 6eae0c21-01aa-4169-956f-5952b26ea7ba:c1361, 8d7dcba1-3b82-4d94-a832-514ef5c79cf8:c1361]
2019-08-21 02:17:14,308 | INFO  | DNAudit | user=null | ip=null | op=WRITE_CHUNK {blockData=conID: 3 locID: 102652564581843388 bcsId: 1361} | ret=SUCCESS |  
2019-08-21 02:17:14,308 | INFO  | DNAudit | user=null | ip=null | op=WRITE_CHUNK {blockData=conID: 3 locID: 102652564581843388 bcsId: 1361} | ret=SUCCESS |  
2019-08-21 02:17:14,321 | INFO  | DNAudit | user=null | ip=null | op=PUT_BLOCK {blockData=[blockId=conID: 3 locID: 102652564581843388 bcsId: 0,size=4194304]} | ret=SUCCESS |  
2019-08-21 02:17:14,322 | INFO  | DNAudit | user=null | ip=null | op=PUT_BLOCK {blockData=[blockId=conID: 3 locID: 102652564581843388 bcsId: 0,size=4194304]} | ret=SUCCESS |  
2019-08-21 02:17:14,322 [grpc-default-executor-0] INFO  client.GrpcClientProtocolClient (GrpcClientProtocolClient.java:onNext(255)) - client-54CC064C3FCE->8224e767-71c1-41fc-a01a-d172d48fd9d8: receive RaftClientReply:client-54CC064C3FCE->8224e767-71c1-41fc-a01a-d172d48fd9d8@group-F6B37CC92441, cid=1016, SUCCESS, logIndex=0, commits[8224e767-71c1-41fc-a01a-d172d48fd9d8:c1367, 6eae0c21-01aa-4169-956f-5952b26ea7ba:c1365, 8d7dcba1-3b82-4d94-a832-514ef5c79cf8:c1365]
2019-08-21 02:17:14,328 | INFO  | DNAudit | user=null | ip=null | op=WRITE_CHUNK {blockData=conID: 1 locID: 102652564581843389 bcsId: 0} | ret=SUCCESS |  
2019-08-21 02:17:14,331 | INFO  | DNAudit | user=null | ip=null | op=WRITE_CHUNK {blockData=conID: 1 locID: 102652564581843389 bcsId: 0} | ret=SUCCESS |  
2019-08-21 02:17:14,332 | INFO  | DNAudit | user=null | ip=null | op=WRITE_CHUNK {blockData=conID: 1 locID: 102652564581843389 bcsId: 0} | ret=SUCCESS |  
2019-08-21 02:17:14,332 | INFO  | DNAudit | user=null | ip=null | op=WRITE_CHUNK {blockData=conID: 1 locID: 102652564581843389 bcsId: 0} | ret=SUCCESS |  
2019-08-21 02:17:14,333 | INFO  | DNAudit | user=null | ip=null | op=WRITE_CHUNK {blockData=conID: 1 locID: 102652564581843389 bcsId: 0} | ret=SUCCESS |  
2019-08-21 02:17:14,333 | INFO  | DNAudit | user=null | ip=null | op=WRITE_CHUNK {blockData=conID: 1 locID: 102652564581843389 bcsId: 0} | ret=SUCCESS |  
2019-08-21 02:17:14,342 | INFO  | DNAudit | user=null | ip=null | op=WRITE_CHUNK {blockData=conID: 1 locID: 102652564581843389 bcsId: 0} | ret=SUCCESS |  
2019-08-21 02:17:14,343 | INFO  | DNAudit | user=null | ip=null | op=PUT_BLOCK {blockData=[blockId=conID: 1 locID: 102652564581843389 bcsId: 0,size=1048576]} | ret=SUCCESS |  
2019-08-21 02:17:14,343 [grpc-default-executor-2] INFO  client.GrpcClientProtocolClient (GrpcClientProtocolClient.java:onNext(255)) - client-54CC064C3FCE->8224e767-71c1-41fc-a01a-d172d48fd9d8: receive RaftClientReply:client-54CC064C3FCE->8224e767-71c1-41fc-a01a-d172d48fd9d8@group-F6B37CC92441, cid=1017, SUCCESS, logIndex=1368, commits[8224e767-71c1-41fc-a01a-d172d48fd9d8:c1369, 6eae0c21-01aa-4169-956f-5952b26ea7ba:c1367, 8d7dcba1-3b82-4d94-a832-514ef5c79cf8:c1367]
2019-08-21 02:17:14,344 [grpc-default-executor-2] INFO  client.GrpcClientProtocolClient (GrpcClientProtocolClient.java:onNext(255)) - client-54CC064C3FCE->8224e767-71c1-41fc-a01a-d172d48fd9d8: receive RaftClientReply:client-54CC064C3FCE->8224e767-71c1-41fc-a01a-d172d48fd9d8@group-F6B37CC92441, cid=1018, SUCCESS, logIndex=1369, commits[8224e767-71c1-41fc-a01a-d172d48fd9d8:c1369, 6eae0c21-01aa-4169-956f-5952b26ea7ba:c1367, 8d7dcba1-3b82-4d94-a832-514ef5c79cf8:c1367]
2019-08-21 02:17:14,352 | INFO  | DNAudit | user=null | ip=null | op=WRITE_CHUNK {blockData=conID: 1 locID: 102652564581843389 bcsId: 0} | ret=SUCCESS |  
2019-08-21 02:17:14,353 | INFO  | DNAudit | user=null | ip=null | op=PUT_BLOCK {blockData=[blockId=conID: 1 locID: 102652564581843389 bcsId: 0,size=2097152]} | ret=SUCCESS |  
2019-08-21 02:17:14,353 [grpc-default-executor-2] INFO  client.GrpcClientProtocolClient (GrpcClientProtocolClient.java:onNext(255)) - client-54CC064C3FCE->8224e767-71c1-41fc-a01a-d172d48fd9d8: receive RaftClientReply:client-54CC064C3FCE->8224e767-71c1-41fc-a01a-d172d48fd9d8@group-F6B37CC92441, cid=1019, SUCCESS, logIndex=1370, commits[8224e767-71c1-41fc-a01a-d172d48fd9d8:c1371, 6eae0c21-01aa-4169-956f-5952b26ea7ba:c1367, 8d7dcba1-3b82-4d94-a832-514ef5c79cf8:c1367]
2019-08-21 02:17:14,353 [grpc-default-executor-2] INFO  client.GrpcClientProtocolClient (GrpcClientProtocolClient.java:onNext(255)) - client-54CC064C3FCE->8224e767-71c1-41fc-a01a-d172d48fd9d8: receive RaftClientReply:client-54CC064C3FCE->8224e767-71c1-41fc-a01a-d172d48fd9d8@group-F6B37CC92441, cid=1020, SUCCESS, logIndex=1371, commits[8224e767-71c1-41fc-a01a-d172d48fd9d8:c1371, 6eae0c21-01aa-4169-956f-5952b26ea7ba:c1367, 8d7dcba1-3b82-4d94-a832-514ef5c79cf8:c1367]
2019-08-21 02:17:14,355 | INFO  | DNAudit | user=null | ip=null | op=WRITE_CHUNK {blockData=conID: 1 locID: 102652564581843389 bcsId: 0} | ret=SUCCESS |  
2019-08-21 02:17:14,355 | INFO  | DNAudit | user=null | ip=null | op=WRITE_CHUNK {blockData=conID: 1 locID: 102652564581843389 bcsId: 0} | ret=SUCCESS |  
2019-08-21 02:17:14,355 | INFO  | DNAudit | user=null | ip=null | op=PUT_BLOCK {blockData=[blockId=conID: 1 locID: 102652564581843389 bcsId: 0,size=1048576]} | ret=SUCCESS |  
2019-08-21 02:17:14,355 | INFO  | DNAudit | user=null | ip=null | op=PUT_BLOCK {blockData=[blockId=conID: 1 locID: 102652564581843389 bcsId: 0,size=1048576]} | ret=SUCCESS |  
2019-08-21 02:17:14,355 [grpc-default-executor-2] INFO  client.GrpcClientProtocolClient (GrpcClientProtocolClient.java:onNext(255)) - client-54CC064C3FCE->8224e767-71c1-41fc-a01a-d172d48fd9d8: receive RaftClientReply:client-54CC064C3FCE->8224e767-71c1-41fc-a01a-d172d48fd9d8@group-F6B37CC92441, cid=1021, SUCCESS, logIndex=0, commits[8224e767-71c1-41fc-a01a-d172d48fd9d8:c1371, 6eae0c21-01aa-4169-956f-5952b26ea7ba:c1369, 8d7dcba1-3b82-4d94-a832-514ef5c79cf8:c1369]
2019-08-21 02:17:14,362 | INFO  | DNAudit | user=null | ip=null | op=WRITE_CHUNK {blockData=conID: 1 locID: 102652564581843389 bcsId: 1371} | ret=SUCCESS |  
2019-08-21 02:17:14,365 | INFO  | DNAudit | user=null | ip=null | op=WRITE_CHUNK {blockData=conID: 1 locID: 102652564581843389 bcsId: 1371} | ret=SUCCESS |  
2019-08-21 02:17:14,365 | INFO  | DNAudit | user=null | ip=null | op=WRITE_CHUNK {blockData=conID: 1 locID: 102652564581843389 bcsId: 1371} | ret=SUCCESS |  
2019-08-21 02:17:14,380 | INFO  | DNAudit | user=null | ip=null | op=WRITE_CHUNK {blockData=conID: 1 locID: 102652564581843389 bcsId: 0} | ret=SUCCESS |  
2019-08-21 02:17:14,380 | INFO  | DNAudit | user=null | ip=null | op=WRITE_CHUNK {blockData=conID: 1 locID: 102652564581843389 bcsId: 0} | ret=SUCCESS |  
2019-08-21 02:17:14,380 | INFO  | DNAudit | user=null | ip=null | op=WRITE_CHUNK {blockData=conID: 1 locID: 102652564581843389 bcsId: 1371} | ret=SUCCESS |  
2019-08-21 02:17:14,380 | INFO  | DNAudit | user=null | ip=null | op=PUT_BLOCK {blockData=[blockId=conID: 1 locID: 102652564581843389 bcsId: 0,size=2097152]} | ret=SUCCESS |  
2019-08-21 02:17:14,380 | INFO  | DNAudit | user=null | ip=null | op=PUT_BLOCK {blockData=[blockId=conID: 1 locID: 102652564581843389 bcsId: 0,size=2097152]} | ret=SUCCESS |  
2019-08-21 02:17:14,381 | INFO  | DNAudit | user=null | ip=null | op=PUT_BLOCK {blockData=[blockId=conID: 1 locID: 102652564581843389 bcsId: 0,size=3145728]} | ret=SUCCESS |  
2019-08-21 02:17:14,381 [grpc-default-executor-0] INFO  client.GrpcClientProtocolClient (GrpcClientProtocolClient.java:onNext(255)) - client-54CC064C3FCE->8224e767-71c1-41fc-a01a-d172d48fd9d8: receive RaftClientReply:client-54CC064C3FCE->8224e767-71c1-41fc-a01a-d172d48fd9d8@group-F6B37CC92441, cid=1022, SUCCESS, logIndex=1376, commits[8224e767-71c1-41fc-a01a-d172d48fd9d8:c1377, 6eae0c21-01aa-4169-956f-5952b26ea7ba:c1371, 8d7dcba1-3b82-4d94-a832-514ef5c79cf8:c1371]
2019-08-21 02:17:14,381 [grpc-default-executor-0] INFO  client.GrpcClientProtocolClient (GrpcClientProtocolClient.java:onNext(255)) - client-54CC064C3FCE->8224e767-71c1-41fc-a01a-d172d48fd9d8: receive RaftClientReply:client-54CC064C3FCE->8224e767-71c1-41fc-a01a-d172d48fd9d8@group-F6B37CC92441, cid=1023, SUCCESS, logIndex=1377, commits[8224e767-71c1-41fc-a01a-d172d48fd9d8:c1377, 6eae0c21-01aa-4169-956f-5952b26ea7ba:c1371, 8d7dcba1-3b82-4d94-a832-514ef5c79cf8:c1371]
2019-08-21 02:17:14,384 | INFO  | DNAudit | user=null | ip=null | op=WRITE_CHUNK {blockData=conID: 1 locID: 102652564581843389 bcsId: 1371} | ret=SUCCESS |  
2019-08-21 02:17:14,384 | INFO  | DNAudit | user=null | ip=null | op=WRITE_CHUNK {blockData=conID: 1 locID: 102652564581843389 bcsId: 1371} | ret=SUCCESS |  
2019-08-21 02:17:14,387 | INFO  | DNAudit | user=null | ip=null | op=WRITE_CHUNK {blockData=conID: 1 locID: 102652564581843389 bcsId: 1377} | ret=SUCCESS |  
2019-08-21 02:17:14,390 | INFO  | DNAudit | user=null | ip=null | op=WRITE_CHUNK {blockData=conID: 1 locID: 102652564581843389 bcsId: 1377} | ret=SUCCESS |  
2019-08-21 02:17:14,391 | INFO  | DNAudit | user=null | ip=null | op=WRITE_CHUNK {blockData=conID: 1 locID: 102652564581843389 bcsId: 1377} | ret=SUCCESS |  
2019-08-21 02:17:14,394 | INFO  | DNAudit | user=null | ip=null | op=PUT_BLOCK {blockData=[blockId=conID: 1 locID: 102652564581843389 bcsId: 0,size=3145728]} | ret=SUCCESS |  
2019-08-21 02:17:14,394 | INFO  | DNAudit | user=null | ip=null | op=PUT_BLOCK {blockData=[blockId=conID: 1 locID: 102652564581843389 bcsId: 0,size=3145728]} | ret=SUCCESS |  
2019-08-21 02:17:14,397 | INFO  | DNAudit | user=null | ip=null | op=WRITE_CHUNK {blockData=conID: 1 locID: 102652564581843389 bcsId: 1377} | ret=SUCCESS |  
2019-08-21 02:17:14,398 | INFO  | DNAudit | user=null | ip=null | op=PUT_BLOCK {blockData=[blockId=conID: 1 locID: 102652564581843389 bcsId: 0,size=4194304]} | ret=SUCCESS |  
2019-08-21 02:17:14,398 [grpc-default-executor-4] INFO  client.GrpcClientProtocolClient (GrpcClientProtocolClient.java:onNext(255)) - client-54CC064C3FCE->8224e767-71c1-41fc-a01a-d172d48fd9d8: receive RaftClientReply:client-54CC064C3FCE->8224e767-71c1-41fc-a01a-d172d48fd9d8@group-F6B37CC92441, cid=1024, SUCCESS, logIndex=1380, commits[8224e767-71c1-41fc-a01a-d172d48fd9d8:c1381, 6eae0c21-01aa-4169-956f-5952b26ea7ba:c1378, 8d7dcba1-3b82-4d94-a832-514ef5c79cf8:c1378]
2019-08-21 02:17:14,398 [grpc-default-executor-4] INFO  client.GrpcClientProtocolClient (GrpcClientProtocolClient.java:onNext(255)) - client-54CC064C3FCE->8224e767-71c1-41fc-a01a-d172d48fd9d8: receive RaftClientReply:client-54CC064C3FCE->8224e767-71c1-41fc-a01a-d172d48fd9d8@group-F6B37CC92441, cid=1025, SUCCESS, logIndex=1381, commits[8224e767-71c1-41fc-a01a-d172d48fd9d8:c1381, 6eae0c21-01aa-4169-956f-5952b26ea7ba:c1378, 8d7dcba1-3b82-4d94-a832-514ef5c79cf8:c1378]
2019-08-21 02:17:14,401 | INFO  | DNAudit | user=null | ip=null | op=WRITE_CHUNK {blockData=conID: 1 locID: 102652564581843389 bcsId: 1377} | ret=SUCCESS |  
2019-08-21 02:17:14,401 | INFO  | DNAudit | user=null | ip=null | op=WRITE_CHUNK {blockData=conID: 1 locID: 102652564581843389 bcsId: 1377} | ret=SUCCESS |  
2019-08-21 02:17:14,403 | INFO  | DNAudit | user=null | ip=null | op=PUT_BLOCK {blockData=[blockId=conID: 1 locID: 102652564581843389 bcsId: 0,size=4194304]} | ret=SUCCESS |  
2019-08-21 02:17:14,403 | INFO  | DNAudit | user=null | ip=null | op=PUT_BLOCK {blockData=[blockId=conID: 1 locID: 102652564581843389 bcsId: 0,size=4194304]} | ret=SUCCESS |  
2019-08-21 02:17:14,404 [grpc-default-executor-2] INFO  client.GrpcClientProtocolClient (GrpcClientProtocolClient.java:onNext(255)) - client-54CC064C3FCE->8224e767-71c1-41fc-a01a-d172d48fd9d8: receive RaftClientReply:client-54CC064C3FCE->8224e767-71c1-41fc-a01a-d172d48fd9d8@group-F6B37CC92441, cid=1026, SUCCESS, logIndex=0, commits[8224e767-71c1-41fc-a01a-d172d48fd9d8:c1382, 6eae0c21-01aa-4169-956f-5952b26ea7ba:c1381, 8d7dcba1-3b82-4d94-a832-514ef5c79cf8:c1381]
2019-08-21 02:17:14,410 | INFO  | DNAudit | user=null | ip=null | op=WRITE_CHUNK {blockData=conID: 2 locID: 102652564581843390 bcsId: 0} | ret=SUCCESS |  
2019-08-21 02:17:14,411 | INFO  | DNAudit | user=null | ip=null | op=WRITE_CHUNK {blockData=conID: 2 locID: 102652564581843390 bcsId: 0} | ret=SUCCESS |  
2019-08-21 02:17:14,412 | INFO  | DNAudit | user=null | ip=null | op=WRITE_CHUNK {blockData=conID: 2 locID: 102652564581843390 bcsId: 0} | ret=SUCCESS |  
2019-08-21 02:17:14,412 | INFO  | DNAudit | user=null | ip=null | op=WRITE_CHUNK {blockData=conID: 2 locID: 102652564581843390 bcsId: 0} | ret=SUCCESS |  
2019-08-21 02:17:14,414 | INFO  | DNAudit | user=null | ip=null | op=WRITE_CHUNK {blockData=conID: 2 locID: 102652564581843390 bcsId: 0} | ret=SUCCESS |  
2019-08-21 02:17:14,414 | INFO  | DNAudit | user=null | ip=null | op=WRITE_CHUNK {blockData=conID: 2 locID: 102652564581843390 bcsId: 0} | ret=SUCCESS |  
2019-08-21 02:17:14,415 | INFO  | DNAudit | user=null | ip=null | op=WRITE_CHUNK {blockData=conID: 2 locID: 102652564581843390 bcsId: 0} | ret=SUCCESS |  
2019-08-21 02:17:14,415 | INFO  | DNAudit | user=null | ip=null | op=PUT_BLOCK {blockData=[blockId=conID: 2 locID: 102652564581843390 bcsId: 0,size=1048576]} | ret=SUCCESS |  
2019-08-21 02:17:14,415 [grpc-default-executor-4] INFO  client.GrpcClientProtocolClient (GrpcClientProtocolClient.java:onNext(255)) - client-54CC064C3FCE->8224e767-71c1-41fc-a01a-d172d48fd9d8: receive RaftClientReply:client-54CC064C3FCE->8224e767-71c1-41fc-a01a-d172d48fd9d8@group-F6B37CC92441, cid=1027, SUCCESS, logIndex=1384, commits[8224e767-71c1-41fc-a01a-d172d48fd9d8:c1385, 6eae0c21-01aa-4169-956f-5952b26ea7ba:c1381, 8d7dcba1-3b82-4d94-a832-514ef5c79cf8:c1383]
2019-08-21 02:17:14,416 [grpc-default-executor-4] INFO  client.GrpcClientProtocolClient (GrpcClientProtocolClient.java:onNext(255)) - client-54CC064C3FCE->8224e767-71c1-41fc-a01a-d172d48fd9d8: receive RaftClientReply:client-54CC064C3FCE->8224e767-71c1-41fc-a01a-d172d48fd9d8@group-F6B37CC92441, cid=1028, SUCCESS, logIndex=1385, commits[8224e767-71c1-41fc-a01a-d172d48fd9d8:c1385, 6eae0c21-01aa-4169-956f-5952b26ea7ba:c1381, 8d7dcba1-3b82-4d94-a832-514ef5c79cf8:c1383]
2019-08-21 02:17:14,417 | INFO  | DNAudit | user=null | ip=null | op=WRITE_CHUNK {blockData=conID: 2 locID: 102652564581843390 bcsId: 0} | ret=SUCCESS |  
2019-08-21 02:17:14,417 | INFO  | DNAudit | user=null | ip=null | op=PUT_BLOCK {blockData=[blockId=conID: 2 locID: 102652564581843390 bcsId: 0,size=2097152]} | ret=SUCCESS |  
2019-08-21 02:17:14,417 | INFO  | DNAudit | user=null | ip=null | op=WRITE_CHUNK {blockData=conID: 2 locID: 102652564581843390 bcsId: 0} | ret=SUCCESS |  
2019-08-21 02:17:14,417 [grpc-default-executor-4] INFO  client.GrpcClientProtocolClient (GrpcClientProtocolClient.java:onNext(255)) - client-54CC064C3FCE->8224e767-71c1-41fc-a01a-d172d48fd9d8: receive RaftClientReply:client-54CC064C3FCE->8224e767-71c1-41fc-a01a-d172d48fd9d8@group-F6B37CC92441, cid=1029, SUCCESS, logIndex=1386, commits[8224e767-71c1-41fc-a01a-d172d48fd9d8:c1387, 6eae0c21-01aa-4169-956f-5952b26ea7ba:c1383, 8d7dcba1-3b82-4d94-a832-514ef5c79cf8:c1383]
2019-08-21 02:17:14,418 | INFO  | DNAudit | user=null | ip=null | op=PUT_BLOCK {blockData=[blockId=conID: 2 locID: 102652564581843390 bcsId: 0,size=1048576]} | ret=SUCCESS |  
2019-08-21 02:17:14,418 [grpc-default-executor-4] INFO  client.GrpcClientProtocolClient (GrpcClientProtocolClient.java:onNext(255)) - client-54CC064C3FCE->8224e767-71c1-41fc-a01a-d172d48fd9d8: receive RaftClientReply:client-54CC064C3FCE->8224e767-71c1-41fc-a01a-d172d48fd9d8@group-F6B37CC92441, cid=1030, SUCCESS, logIndex=1387, commits[8224e767-71c1-41fc-a01a-d172d48fd9d8:c1387, 6eae0c21-01aa-4169-956f-5952b26ea7ba:c1383, 8d7dcba1-3b82-4d94-a832-514ef5c79cf8:c1383]
2019-08-21 02:17:14,418 | INFO  | DNAudit | user=null | ip=null | op=WRITE_CHUNK {blockData=conID: 2 locID: 102652564581843390 bcsId: 0} | ret=SUCCESS |  
2019-08-21 02:17:14,419 | INFO  | DNAudit | user=null | ip=null | op=PUT_BLOCK {blockData=[blockId=conID: 2 locID: 102652564581843390 bcsId: 0,size=1048576]} | ret=SUCCESS |  
2019-08-21 02:17:14,419 [grpc-default-executor-4] INFO  client.GrpcClientProtocolClient (GrpcClientProtocolClient.java:onNext(255)) - client-54CC064C3FCE->8224e767-71c1-41fc-a01a-d172d48fd9d8: receive RaftClientReply:client-54CC064C3FCE->8224e767-71c1-41fc-a01a-d172d48fd9d8@group-F6B37CC92441, cid=1031, SUCCESS, logIndex=0, commits[8224e767-71c1-41fc-a01a-d172d48fd9d8:c1388, 6eae0c21-01aa-4169-956f-5952b26ea7ba:c1385, 8d7dcba1-3b82-4d94-a832-514ef5c79cf8:c1385]
2019-08-21 02:17:14,420 | INFO  | DNAudit | user=null | ip=null | op=WRITE_CHUNK {blockData=conID: 2 locID: 102652564581843390 bcsId: 0} | ret=SUCCESS |  
2019-08-21 02:17:14,421 | INFO  | DNAudit | user=null | ip=null | op=PUT_BLOCK {blockData=[blockId=conID: 2 locID: 102652564581843390 bcsId: 0,size=2097152]} | ret=SUCCESS |  
2019-08-21 02:17:14,422 | INFO  | DNAudit | user=null | ip=null | op=WRITE_CHUNK {blockData=conID: 2 locID: 102652564581843390 bcsId: 0} | ret=SUCCESS |  
2019-08-21 02:17:14,422 | INFO  | DNAudit | user=null | ip=null | op=PUT_BLOCK {blockData=[blockId=conID: 2 locID: 102652564581843390 bcsId: 0,size=2097152]} | ret=SUCCESS |  
2019-08-21 02:17:14,426 | INFO  | DNAudit | user=null | ip=null | op=WRITE_CHUNK {blockData=conID: 2 locID: 102652564581843390 bcsId: 1387} | ret=SUCCESS |  
2019-08-21 02:17:14,428 | INFO  | DNAudit | user=null | ip=null | op=WRITE_CHUNK {blockData=conID: 2 locID: 102652564581843390 bcsId: 1387} | ret=SUCCESS |  
2019-08-21 02:17:14,428 | INFO  | DNAudit | user=null | ip=null | op=WRITE_CHUNK {blockData=conID: 2 locID: 102652564581843390 bcsId: 1387} | ret=SUCCESS |  
2019-08-21 02:17:14,448 | INFO  | DNAudit | user=null | ip=null | op=WRITE_CHUNK {blockData=conID: 2 locID: 102652564581843390 bcsId: 1387} | ret=SUCCESS |  
2019-08-21 02:17:14,448 | INFO  | DNAudit | user=null | ip=null | op=PUT_BLOCK {blockData=[blockId=conID: 2 locID: 102652564581843390 bcsId: 0,size=3145728]} | ret=SUCCESS |  
2019-08-21 02:17:14,449 [grpc-default-executor-0] INFO  client.GrpcClientProtocolClient (GrpcClientProtocolClient.java:onNext(255)) - client-54CC064C3FCE->8224e767-71c1-41fc-a01a-d172d48fd9d8: receive RaftClientReply:client-54CC064C3FCE->8224e767-71c1-41fc-a01a-d172d48fd9d8@group-F6B37CC92441, cid=1032, SUCCESS, logIndex=1392, commits[8224e767-71c1-41fc-a01a-d172d48fd9d8:c1393, 6eae0c21-01aa-4169-956f-5952b26ea7ba:c1387, 8d7dcba1-3b82-4d94-a832-514ef5c79cf8:c1391]
2019-08-21 02:17:14,449 [grpc-default-executor-0] INFO  client.GrpcClientProtocolClient (GrpcClientProtocolClient.java:onNext(255)) - client-54CC064C3FCE->8224e767-71c1-41fc-a01a-d172d48fd9d8: receive RaftClientReply:client-54CC064C3FCE->8224e767-71c1-41fc-a01a-d172d48fd9d8@group-F6B37CC92441, cid=1033, SUCCESS, logIndex=1393, commits[8224e767-71c1-41fc-a01a-d172d48fd9d8:c1393, 6eae0c21-01aa-4169-956f-5952b26ea7ba:c1391, 8d7dcba1-3b82-4d94-a832-514ef5c79cf8:c1391]
2019-08-21 02:17:14,458 | INFO  | DNAudit | user=null | ip=null | op=WRITE_CHUNK {blockData=conID: 2 locID: 102652564581843390 bcsId: 1393} | ret=SUCCESS |  
2019-08-21 02:17:14,459 | INFO  | DNAudit | user=null | ip=null | op=WRITE_CHUNK {blockData=conID: 2 locID: 102652564581843390 bcsId: 1387} | ret=SUCCESS |  
2019-08-21 02:17:14,460 | INFO  | DNAudit | user=null | ip=null | op=PUT_BLOCK {blockData=[blockId=conID: 2 locID: 102652564581843390 bcsId: 0,size=3145728]} | ret=SUCCESS |  
2019-08-21 02:17:14,460 | INFO  | DNAudit | user=null | ip=null | op=WRITE_CHUNK {blockData=conID: 2 locID: 102652564581843390 bcsId: 1387} | ret=SUCCESS |  
2019-08-21 02:17:14,460 | INFO  | DNAudit | user=null | ip=null | op=PUT_BLOCK {blockData=[blockId=conID: 2 locID: 102652564581843390 bcsId: 0,size=3145728]} | ret=SUCCESS |  
2019-08-21 02:17:14,463 | INFO  | DNAudit | user=null | ip=null | op=WRITE_CHUNK {blockData=conID: 2 locID: 102652564581843390 bcsId: 1393} | ret=SUCCESS |  
2019-08-21 02:17:14,463 | INFO  | DNAudit | user=null | ip=null | op=WRITE_CHUNK {blockData=conID: 2 locID: 102652564581843390 bcsId: 1393} | ret=SUCCESS |  
2019-08-21 02:17:14,475 | INFO  | DNAudit | user=null | ip=null | op=WRITE_CHUNK {blockData=conID: 2 locID: 102652564581843390 bcsId: 1393} | ret=SUCCESS |  
2019-08-21 02:17:14,475 | INFO  | DNAudit | user=null | ip=null | op=PUT_BLOCK {blockData=[blockId=conID: 2 locID: 102652564581843390 bcsId: 0,size=4194304]} | ret=SUCCESS |  
2019-08-21 02:17:14,476 [grpc-default-executor-4] INFO  client.GrpcClientProtocolClient (GrpcClientProtocolClient.java:onNext(255)) - client-54CC064C3FCE->8224e767-71c1-41fc-a01a-d172d48fd9d8: receive RaftClientReply:client-54CC064C3FCE->8224e767-71c1-41fc-a01a-d172d48fd9d8@group-F6B37CC92441, cid=1034, SUCCESS, logIndex=1396, commits[8224e767-71c1-41fc-a01a-d172d48fd9d8:c1397, 6eae0c21-01aa-4169-956f-5952b26ea7ba:c1393, 8d7dcba1-3b82-4d94-a832-514ef5c79cf8:c1393]
2019-08-21 02:17:14,476 [grpc-default-executor-4] INFO  client.GrpcClientProtocolClient (GrpcClientProtocolClient.java:onNext(255)) - client-54CC064C3FCE->8224e767-71c1-41fc-a01a-d172d48fd9d8: receive RaftClientReply:client-54CC064C3FCE->8224e767-71c1-41fc-a01a-d172d48fd9d8@group-F6B37CC92441, cid=1035, SUCCESS, logIndex=1397, commits[8224e767-71c1-41fc-a01a-d172d48fd9d8:c1397, 6eae0c21-01aa-4169-956f-5952b26ea7ba:c1393, 8d7dcba1-3b82-4d94-a832-514ef5c79cf8:c1393]
2019-08-21 02:17:14,477 | INFO  | DNAudit | user=null | ip=null | op=WRITE_CHUNK {blockData=conID: 2 locID: 102652564581843390 bcsId: 1393} | ret=SUCCESS |  
2019-08-21 02:17:14,477 | INFO  | DNAudit | user=null | ip=null | op=WRITE_CHUNK {blockData=conID: 2 locID: 102652564581843390 bcsId: 1393} | ret=SUCCESS |  
2019-08-21 02:17:14,477 | INFO  | DNAudit | user=null | ip=null | op=PUT_BLOCK {blockData=[blockId=conID: 2 locID: 102652564581843390 bcsId: 0,size=4194304]} | ret=SUCCESS |  
2019-08-21 02:17:14,477 | INFO  | DNAudit | user=null | ip=null | op=PUT_BLOCK {blockData=[blockId=conID: 2 locID: 102652564581843390 bcsId: 0,size=4194304]} | ret=SUCCESS |  
2019-08-21 02:17:14,478 [grpc-default-executor-4] INFO  client.GrpcClientProtocolClient (GrpcClientProtocolClient.java:onNext(255)) - client-54CC064C3FCE->8224e767-71c1-41fc-a01a-d172d48fd9d8: receive RaftClientReply:client-54CC064C3FCE->8224e767-71c1-41fc-a01a-d172d48fd9d8@group-F6B37CC92441, cid=1036, SUCCESS, logIndex=0, commits[8224e767-71c1-41fc-a01a-d172d48fd9d8:c1398, 6eae0c21-01aa-4169-956f-5952b26ea7ba:c1397, 8d7dcba1-3b82-4d94-a832-514ef5c79cf8:c1397]
2019-08-21 02:17:14,486 | INFO  | DNAudit | user=null | ip=null | op=WRITE_CHUNK {blockData=conID: 3 locID: 102652564581843391 bcsId: 0} | ret=SUCCESS |  
2019-08-21 02:17:14,632 | INFO  | SCMAudit | user=jenkins1000 | ip=192.168.34.10 | op=SEND_HEARTBEAT {datanodeUUID=3def7c30-cb13-4f41-8119-6188f246ad27, command=[]} | ret=SUCCESS |  
2019-08-21 02:17:14,633 | INFO  | SCMAudit | user=jenkins1000 | ip=192.168.34.10 | op=SEND_HEARTBEAT {datanodeUUID=94764dae-819c-4b7e-92f1-9cd6c64427b7, command=[]} | ret=SUCCESS |  
2019-08-21 02:17:14,634 | INFO  | DNAudit | user=null | ip=null | op=WRITE_CHUNK {blockData=conID: 3 locID: 102652564581843391 bcsId: 0} | ret=SUCCESS |  
2019-08-21 02:17:14,634 | INFO  | DNAudit | user=null | ip=null | op=WRITE_CHUNK {blockData=conID: 3 locID: 102652564581843391 bcsId: 0} | ret=SUCCESS |  
2019-08-21 02:17:14,635 | INFO  | DNAudit | user=null | ip=null | op=WRITE_CHUNK {blockData=conID: 3 locID: 102652564581843391 bcsId: 0} | ret=SUCCESS |  
2019-08-21 02:17:14,636 | INFO  | DNAudit | user=null | ip=null | op=WRITE_CHUNK {blockData=conID: 3 locID: 102652564581843391 bcsId: 0} | ret=SUCCESS |  
2019-08-21 02:17:14,637 | INFO  | DNAudit | user=null | ip=null | op=WRITE_CHUNK {blockData=conID: 3 locID: 102652564581843391 bcsId: 0} | ret=SUCCESS |  
2019-08-21 02:17:14,646 | INFO  | DNAudit | user=null | ip=null | op=WRITE_CHUNK {blockData=conID: 3 locID: 102652564581843391 bcsId: 0} | ret=SUCCESS |  
2019-08-21 02:17:14,647 | INFO  | DNAudit | user=null | ip=null | op=PUT_BLOCK {blockData=[blockId=conID: 3 locID: 102652564581843391 bcsId: 0,size=1048576]} | ret=SUCCESS |  
2019-08-21 02:17:14,647 | INFO  | DNAudit | user=null | ip=null | op=WRITE_CHUNK {blockData=conID: 3 locID: 102652564581843391 bcsId: 0} | ret=SUCCESS |  
2019-08-21 02:17:14,647 [grpc-default-executor-4] INFO  client.GrpcClientProtocolClient (GrpcClientProtocolClient.java:onNext(255)) - client-54CC064C3FCE->8224e767-71c1-41fc-a01a-d172d48fd9d8: receive RaftClientReply:client-54CC064C3FCE->8224e767-71c1-41fc-a01a-d172d48fd9d8@group-F6B37CC92441, cid=1037, SUCCESS, logIndex=1400, commits[8224e767-71c1-41fc-a01a-d172d48fd9d8:c1402, 6eae0c21-01aa-4169-956f-5952b26ea7ba:c1399, 8d7dcba1-3b82-4d94-a832-514ef5c79cf8:c1399]
2019-08-21 02:17:14,647 | INFO  | DNAudit | user=null | ip=null | op=PUT_BLOCK {blockData=[blockId=conID: 3 locID: 102652564581843391 bcsId: 0,size=2097152]} | ret=SUCCESS |  
2019-08-21 02:17:14,648 [grpc-default-executor-4] INFO  client.GrpcClientProtocolClient (GrpcClientProtocolClient.java:onNext(255)) - client-54CC064C3FCE->8224e767-71c1-41fc-a01a-d172d48fd9d8: receive RaftClientReply:client-54CC064C3FCE->8224e767-71c1-41fc-a01a-d172d48fd9d8@group-F6B37CC92441, cid=1038, SUCCESS, logIndex=1401, commits[8224e767-71c1-41fc-a01a-d172d48fd9d8:c1402, 6eae0c21-01aa-4169-956f-5952b26ea7ba:c1399, 8d7dcba1-3b82-4d94-a832-514ef5c79cf8:c1399]
2019-08-21 02:17:14,648 [grpc-default-executor-4] INFO  client.GrpcClientProtocolClient (GrpcClientProtocolClient.java:onNext(255)) - client-54CC064C3FCE->8224e767-71c1-41fc-a01a-d172d48fd9d8: receive RaftClientReply:client-54CC064C3FCE->8224e767-71c1-41fc-a01a-d172d48fd9d8@group-F6B37CC92441, cid=1039, SUCCESS, logIndex=1402, commits[8224e767-71c1-41fc-a01a-d172d48fd9d8:c1403, 6eae0c21-01aa-4169-956f-5952b26ea7ba:c1399, 8d7dcba1-3b82-4d94-a832-514ef5c79cf8:c1399]
2019-08-21 02:17:14,648 [grpc-default-executor-4] INFO  client.GrpcClientProtocolClient (GrpcClientProtocolClient.java:onNext(255)) - client-54CC064C3FCE->8224e767-71c1-41fc-a01a-d172d48fd9d8: receive RaftClientReply:client-54CC064C3FCE->8224e767-71c1-41fc-a01a-d172d48fd9d8@group-F6B37CC92441, cid=1040, SUCCESS, logIndex=1403, commits[8224e767-71c1-41fc-a01a-d172d48fd9d8:c1403, 6eae0c21-01aa-4169-956f-5952b26ea7ba:c1399, 8d7dcba1-3b82-4d94-a832-514ef5c79cf8:c1399]
 0.00% |█                                                                                                    |  0/1 Time: 0:00:052019-08-21 02:17:14,658 | INFO  | DNAudit | user=null | ip=null | op=WRITE_CHUNK {blockData=conID: 3 locID: 102652564581843391 bcsId: 0} | ret=SUCCESS |  
2019-08-21 02:17:14,659 | INFO  | DNAudit | user=null | ip=null | op=PUT_BLOCK {blockData=[blockId=conID: 3 locID: 102652564581843391 bcsId: 0,size=1048576]} | ret=SUCCESS |  
2019-08-21 02:17:14,659 | INFO  | DNAudit | user=null | ip=null | op=WRITE_CHUNK {blockData=conID: 3 locID: 102652564581843391 bcsId: 0} | ret=SUCCESS |  
2019-08-21 02:17:14,659 | INFO  | DNAudit | user=null | ip=null | op=PUT_BLOCK {blockData=[blockId=conID: 3 locID: 102652564581843391 bcsId: 0,size=2097152]} | ret=SUCCESS |  
2019-08-21 02:17:14,661 | INFO  | DNAudit | user=null | ip=null | op=WRITE_CHUNK {blockData=conID: 3 locID: 102652564581843391 bcsId: 0} | ret=SUCCESS |  
2019-08-21 02:17:14,661 | INFO  | DNAudit | user=null | ip=null | op=PUT_BLOCK {blockData=[blockId=conID: 3 locID: 102652564581843391 bcsId: 0,size=1048576]} | ret=SUCCESS |  
2019-08-21 02:17:14,662 | INFO  | DNAudit | user=null | ip=null | op=WRITE_CHUNK {blockData=conID: 3 locID: 102652564581843391 bcsId: 0} | ret=SUCCESS |  
2019-08-21 02:17:14,662 [grpc-default-executor-4] INFO  client.GrpcClientProtocolClient (GrpcClientProtocolClient.java:onNext(255)) - client-54CC064C3FCE->8224e767-71c1-41fc-a01a-d172d48fd9d8: receive RaftClientReply:client-54CC064C3FCE->8224e767-71c1-41fc-a01a-d172d48fd9d8@group-F6B37CC92441, cid=1041, SUCCESS, logIndex=0, commits[8224e767-71c1-41fc-a01a-d172d48fd9d8:c1407, 6eae0c21-01aa-4169-956f-5952b26ea7ba:c1403, 8d7dcba1-3b82-4d94-a832-514ef5c79cf8:c1402]
2019-08-21 02:17:14,662 | INFO  | DNAudit | user=null | ip=null | op=PUT_BLOCK {blockData=[blockId=conID: 3 locID: 102652564581843391 bcsId: 0,size=2097152]} | ret=SUCCESS |  
2019-08-21 02:17:14,670 | INFO  | DNAudit | user=null | ip=null | op=WRITE_CHUNK {blockData=conID: 3 locID: 102652564581843391 bcsId: 1403} | ret=SUCCESS |  
2019-08-21 02:17:14,673 | INFO  | DNAudit | user=null | ip=null | op=WRITE_CHUNK {blockData=conID: 3 locID: 102652564581843391 bcsId: 1403} | ret=SUCCESS |  
2019-08-21 02:17:14,673 | INFO  | DNAudit | user=null | ip=null | op=WRITE_CHUNK {blockData=conID: 3 locID: 102652564581843391 bcsId: 1403} | ret=SUCCESS |  
2019-08-21 02:17:14,684 | INFO  | DNAudit | user=null | ip=null | op=WRITE_CHUNK {blockData=conID: 3 locID: 102652564581843391 bcsId: 1403} | ret=SUCCESS |  
2019-08-21 02:17:14,684 | INFO  | DNAudit | user=null | ip=null | op=PUT_BLOCK {blockData=[blockId=conID: 3 locID: 102652564581843391 bcsId: 0,size=3145728]} | ret=SUCCESS |  
2019-08-21 02:17:14,685 [grpc-default-executor-2] INFO  client.GrpcClientProtocolClient (GrpcClientProtocolClient.java:onNext(255)) - client-54CC064C3FCE->8224e767-71c1-41fc-a01a-d172d48fd9d8: receive RaftClientReply:client-54CC064C3FCE->8224e767-71c1-41fc-a01a-d172d48fd9d8@group-F6B37CC92441, cid=1042, SUCCESS, logIndex=1408, commits[8224e767-71c1-41fc-a01a-d172d48fd9d8:c1409, 6eae0c21-01aa-4169-956f-5952b26ea7ba:c1407, 8d7dcba1-3b82-4d94-a832-514ef5c79cf8:c1407]
2019-08-21 02:17:14,685 [grpc-default-executor-2] INFO  client.GrpcClientProtocolClient (GrpcClientProtocolClient.java:onNext(255)) - client-54CC064C3FCE->8224e767-71c1-41fc-a01a-d172d48fd9d8: receive RaftClientReply:client-54CC064C3FCE->8224e767-71c1-41fc-a01a-d172d48fd9d8@group-F6B37CC92441, cid=1043, SUCCESS, logIndex=1409, commits[8224e767-71c1-41fc-a01a-d172d48fd9d8:c1409, 6eae0c21-01aa-4169-956f-5952b26ea7ba:c1407, 8d7dcba1-3b82-4d94-a832-514ef5c79cf8:c1407]
2019-08-21 02:17:14,692 | INFO  | DNAudit | user=null | ip=null | op=WRITE_CHUNK {blockData=conID: 3 locID: 102652564581843391 bcsId: 1409} | ret=SUCCESS |  
2019-08-21 02:17:14,695 | INFO  | DNAudit | user=null | ip=null | op=WRITE_CHUNK {blockData=conID: 3 locID: 102652564581843391 bcsId: 1409} | ret=SUCCESS |  
2019-08-21 02:17:14,696 | INFO  | DNAudit | user=null | ip=null | op=WRITE_CHUNK {blockData=conID: 3 locID: 102652564581843391 bcsId: 1409} | ret=SUCCESS |  
2019-08-21 02:17:14,700 | INFO  | DNAudit | user=null | ip=null | op=WRITE_CHUNK {blockData=conID: 3 locID: 102652564581843391 bcsId: 1403} | ret=SUCCESS |  
2019-08-21 02:17:14,700 | INFO  | DNAudit | user=null | ip=null | op=WRITE_CHUNK {blockData=conID: 3 locID: 102652564581843391 bcsId: 1403} | ret=SUCCESS |  
2019-08-21 02:17:14,703 | INFO  | DNAudit | user=null | ip=null | op=PUT_BLOCK {blockData=[blockId=conID: 3 locID: 102652564581843391 bcsId: 0,size=3145728]} | ret=SUCCESS |  
2019-08-21 02:17:14,703 | INFO  | DNAudit | user=null | ip=null | op=PUT_BLOCK {blockData=[blockId=conID: 3 locID: 102652564581843391 bcsId: 0,size=3145728]} | ret=SUCCESS |  
2019-08-21 02:17:14,703 | INFO  | DNAudit | user=null | ip=null | op=WRITE_CHUNK {blockData=conID: 3 locID: 102652564581843391 bcsId: 1409} | ret=SUCCESS |  
2019-08-21 02:17:14,704 | INFO  | DNAudit | user=null | ip=null | op=PUT_BLOCK {blockData=[blockId=conID: 3 locID: 102652564581843391 bcsId: 0,size=4194304]} | ret=SUCCESS |  
2019-08-21 02:17:14,704 [grpc-default-executor-2] INFO  client.GrpcClientProtocolClient (GrpcClientProtocolClient.java:onNext(255)) - client-54CC064C3FCE->8224e767-71c1-41fc-a01a-d172d48fd9d8: receive RaftClientReply:client-54CC064C3FCE->8224e767-71c1-41fc-a01a-d172d48fd9d8@group-F6B37CC92441, cid=1044, SUCCESS, logIndex=1412, commits[8224e767-71c1-41fc-a01a-d172d48fd9d8:c1413, 6eae0c21-01aa-4169-956f-5952b26ea7ba:c1409, 8d7dcba1-3b82-4d94-a832-514ef5c79cf8:c1409]
2019-08-21 02:17:14,705 [grpc-default-executor-2] INFO  client.GrpcClientProtocolClient (GrpcClientProtocolClient.java:onNext(255)) - client-54CC064C3FCE->8224e767-71c1-41fc-a01a-d172d48fd9d8: receive RaftClientReply:client-54CC064C3FCE->8224e767-71c1-41fc-a01a-d172d48fd9d8@group-F6B37CC92441, cid=1045, SUCCESS, logIndex=1413, commits[8224e767-71c1-41fc-a01a-d172d48fd9d8:c1413, 6eae0c21-01aa-4169-956f-5952b26ea7ba:c1409, 8d7dcba1-3b82-4d94-a832-514ef5c79cf8:c1409]
2019-08-21 02:17:14,714 | INFO  | DNAudit | user=null | ip=null | op=WRITE_CHUNK {blockData=conID: 3 locID: 102652564581843391 bcsId: 1409} | ret=SUCCESS |  
2019-08-21 02:17:14,715 | INFO  | DNAudit | user=null | ip=null | op=WRITE_CHUNK {blockData=conID: 3 locID: 102652564581843391 bcsId: 1409} | ret=SUCCESS |  
2019-08-21 02:17:14,715 | INFO  | DNAudit | user=null | ip=null | op=PUT_BLOCK {blockData=[blockId=conID: 3 locID: 102652564581843391 bcsId: 0,size=4194304]} | ret=SUCCESS |  
2019-08-21 02:17:14,716 | INFO  | DNAudit | user=null | ip=null | op=PUT_BLOCK {blockData=[blockId=conID: 3 locID: 102652564581843391 bcsId: 0,size=4194304]} | ret=SUCCESS |  
2019-08-21 02:17:14,717 [grpc-default-executor-2] INFO  client.GrpcClientProtocolClient (GrpcClientProtocolClient.java:onNext(255)) - client-54CC064C3FCE->8224e767-71c1-41fc-a01a-d172d48fd9d8: receive RaftClientReply:client-54CC064C3FCE->8224e767-71c1-41fc-a01a-d172d48fd9d8@group-F6B37CC92441, cid=1046, SUCCESS, logIndex=0, commits[8224e767-71c1-41fc-a01a-d172d48fd9d8:c1415, 6eae0c21-01aa-4169-956f-5952b26ea7ba:c1413, 8d7dcba1-3b82-4d94-a832-514ef5c79cf8:c1413]
2019-08-21 02:17:14,726 | INFO  | DNAudit | user=null | ip=null | op=WRITE_CHUNK {blockData=conID: 1 locID: 102652564581843392 bcsId: 0} | ret=SUCCESS |  
2019-08-21 02:17:14,728 | INFO  | DNAudit | user=null | ip=null | op=WRITE_CHUNK {blockData=conID: 1 locID: 102652564581843392 bcsId: 0} | ret=SUCCESS |  
2019-08-21 02:17:14,729 | INFO  | DNAudit | user=null | ip=null | op=WRITE_CHUNK {blockData=conID: 1 locID: 102652564581843392 bcsId: 0} | ret=SUCCESS |  
2019-08-21 02:17:14,730 | INFO  | DNAudit | user=null | ip=null | op=WRITE_CHUNK {blockData=conID: 1 locID: 102652564581843392 bcsId: 0} | ret=SUCCESS |  
2019-08-21 02:17:14,733 | INFO  | DNAudit | user=null | ip=null | op=WRITE_CHUNK {blockData=conID: 1 locID: 102652564581843392 bcsId: 0} | ret=SUCCESS |  
2019-08-21 02:17:14,733 | INFO  | DNAudit | user=null | ip=null | op=WRITE_CHUNK {blockData=conID: 1 locID: 102652564581843392 bcsId: 0} | ret=SUCCESS |  
2019-08-21 02:17:14,739 | INFO  | DNAudit | user=null | ip=null | op=WRITE_CHUNK {blockData=conID: 1 locID: 102652564581843392 bcsId: 0} | ret=SUCCESS |  
2019-08-21 02:17:14,739 | INFO  | DNAudit | user=null | ip=null | op=PUT_BLOCK {blockData=[blockId=conID: 1 locID: 102652564581843392 bcsId: 0,size=1048576]} | ret=SUCCESS |  
2019-08-21 02:17:14,739 [grpc-default-executor-1] INFO  client.GrpcClientProtocolClient (GrpcClientProtocolClient.java:onNext(255)) - client-54CC064C3FCE->8224e767-71c1-41fc-a01a-d172d48fd9d8: receive RaftClientReply:client-54CC064C3FCE->8224e767-71c1-41fc-a01a-d172d48fd9d8@group-F6B37CC92441, cid=1047, SUCCESS, logIndex=1416, commits[8224e767-71c1-41fc-a01a-d172d48fd9d8:c1417, 6eae0c21-01aa-4169-956f-5952b26ea7ba:c1415, 8d7dcba1-3b82-4d94-a832-514ef5c79cf8:c1415]
2019-08-21 02:17:14,740 [grpc-default-executor-1] INFO  client.GrpcClientProtocolClient (GrpcClientProtocolClient.java:onNext(255)) - client-54CC064C3FCE->8224e767-71c1-41fc-a01a-d172d48fd9d8: receive RaftClientReply:client-54CC064C3FCE->8224e767-71c1-41fc-a01a-d172d48fd9d8@group-F6B37CC92441, cid=1048, SUCCESS, logIndex=1417, commits[8224e767-71c1-41fc-a01a-d172d48fd9d8:c1417, 6eae0c21-01aa-4169-956f-5952b26ea7ba:c1415, 8d7dcba1-3b82-4d94-a832-514ef5c79cf8:c1415]
2019-08-21 02:17:14,749 | INFO  | DNAudit | user=null | ip=null | op=WRITE_CHUNK {blockData=conID: 1 locID: 102652564581843392 bcsId: 0} | ret=SUCCESS |  
2019-08-21 02:17:14,750 | INFO  | DNAudit | user=null | ip=null | op=PUT_BLOCK {blockData=[blockId=conID: 1 locID: 102652564581843392 bcsId: 0,size=2097152]} | ret=SUCCESS |  
2019-08-21 02:17:14,750 [grpc-default-executor-4] INFO  client.GrpcClientProtocolClient (GrpcClientProtocolClient.java:onNext(255)) - client-54CC064C3FCE->8224e767-71c1-41fc-a01a-d172d48fd9d8: receive RaftClientReply:client-54CC064C3FCE->8224e767-71c1-41fc-a01a-d172d48fd9d8@group-F6B37CC92441, cid=1049, SUCCESS, logIndex=1418, commits[8224e767-71c1-41fc-a01a-d172d48fd9d8:c1419, 6eae0c21-01aa-4169-956f-5952b26ea7ba:c1415, 8d7dcba1-3b82-4d94-a832-514ef5c79cf8:c1415]
2019-08-21 02:17:14,751 [grpc-default-executor-4] INFO  client.GrpcClientProtocolClient (GrpcClientProtocolClient.java:onNext(255)) - client-54CC064C3FCE->8224e767-71c1-41fc-a01a-d172d48fd9d8: receive RaftClientReply:client-54CC064C3FCE->8224e767-71c1-41fc-a01a-d172d48fd9d8@group-F6B37CC92441, cid=1050, SUCCESS, logIndex=1419, commits[8224e767-71c1-41fc-a01a-d172d48fd9d8:c1419, 6eae0c21-01aa-4169-956f-5952b26ea7ba:c1415, 8d7dcba1-3b82-4d94-a832-514ef5c79cf8:c1415]
2019-08-21 02:17:14,763 | INFO  | DNAudit | user=null | ip=null | op=WRITE_CHUNK {blockData=conID: 1 locID: 102652564581843392 bcsId: 0} | ret=SUCCESS |  
2019-08-21 02:17:14,763 | INFO  | DNAudit | user=null | ip=null | op=PUT_BLOCK {blockData=[blockId=conID: 1 locID: 102652564581843392 bcsId: 0,size=1048576]} | ret=SUCCESS |  
2019-08-21 02:17:14,765 | INFO  | DNAudit | user=null | ip=null | op=WRITE_CHUNK {blockData=conID: 1 locID: 102652564581843392 bcsId: 0} | ret=SUCCESS |  
2019-08-21 02:17:14,765 | INFO  | DNAudit | user=null | ip=null | op=PUT_BLOCK {blockData=[blockId=conID: 1 locID: 102652564581843392 bcsId: 0,size=1048576]} | ret=SUCCESS |  
2019-08-21 02:17:14,765 | INFO  | DNAudit | user=null | ip=null | op=WRITE_CHUNK {blockData=conID: 1 locID: 102652564581843392 bcsId: 0} | ret=SUCCESS |  
2019-08-21 02:17:14,765 | INFO  | DNAudit | user=null | ip=null | op=PUT_BLOCK {blockData=[blockId=conID: 1 locID: 102652564581843392 bcsId: 0,size=2097152]} | ret=SUCCESS |  
2019-08-21 02:17:14,765 [grpc-default-executor-1] INFO  client.GrpcClientProtocolClient (GrpcClientProtocolClient.java:onNext(255)) - client-54CC064C3FCE->8224e767-71c1-41fc-a01a-d172d48fd9d8: receive RaftClientReply:client-54CC064C3FCE->8224e767-71c1-41fc-a01a-d172d48fd9d8@group-F6B37CC92441, cid=1051, SUCCESS, logIndex=0, commits[8224e767-71c1-41fc-a01a-d172d48fd9d8:c1421, 6eae0c21-01aa-4169-956f-5952b26ea7ba:c1417, 8d7dcba1-3b82-4d94-a832-514ef5c79cf8:c1417]
2019-08-21 02:17:14,773 | INFO  | DNAudit | user=null | ip=null | op=WRITE_CHUNK {blockData=conID: 1 locID: 102652564581843392 bcsId: 1419} | ret=SUCCESS |  
2019-08-21 02:17:14,775 | INFO  | DNAudit | user=null | ip=null | op=WRITE_CHUNK {blockData=conID: 1 locID: 102652564581843392 bcsId: 1419} | ret=SUCCESS |  
2019-08-21 02:17:14,776 | INFO  | DNAudit | user=null | ip=null | op=WRITE_CHUNK {blockData=conID: 1 locID: 102652564581843392 bcsId: 0} | ret=SUCCESS |  
2019-08-21 02:17:14,776 | INFO  | DNAudit | user=null | ip=null | op=WRITE_CHUNK {blockData=conID: 1 locID: 102652564581843392 bcsId: 1419} | ret=SUCCESS |  
2019-08-21 02:17:14,776 | INFO  | DNAudit | user=null | ip=null | op=PUT_BLOCK {blockData=[blockId=conID: 1 locID: 102652564581843392 bcsId: 0,size=2097152]} | ret=SUCCESS |  
2019-08-21 02:17:14,777 | INFO  | DNAudit | user=null | ip=null | op=WRITE_CHUNK {blockData=conID: 1 locID: 102652564581843392 bcsId: 1419} | ret=SUCCESS |  
2019-08-21 02:17:14,777 | INFO  | DNAudit | user=null | ip=null | op=PUT_BLOCK {blockData=[blockId=conID: 1 locID: 102652564581843392 bcsId: 0,size=3145728]} | ret=SUCCESS |  
2019-08-21 02:17:14,777 [grpc-default-executor-2] INFO  client.GrpcClientProtocolClient (GrpcClientProtocolClient.java:onNext(255)) - client-54CC064C3FCE->8224e767-71c1-41fc-a01a-d172d48fd9d8: receive RaftClientReply:client-54CC064C3FCE->8224e767-71c1-41fc-a01a-d172d48fd9d8@group-F6B37CC92441, cid=1052, SUCCESS, logIndex=1423, commits[8224e767-71c1-41fc-a01a-d172d48fd9d8:c1424, 6eae0c21-01aa-4169-956f-5952b26ea7ba:c1422, 8d7dcba1-3b82-4d94-a832-514ef5c79cf8:c1419]
2019-08-21 02:17:14,778 [grpc-default-executor-2] INFO  client.GrpcClientProtocolClient (GrpcClientProtocolClient.java:onNext(255)) - client-54CC064C3FCE->8224e767-71c1-41fc-a01a-d172d48fd9d8: receive RaftClientReply:client-54CC064C3FCE->8224e767-71c1-41fc-a01a-d172d48fd9d8@group-F6B37CC92441, cid=1053, SUCCESS, logIndex=1424, commits[8224e767-71c1-41fc-a01a-d172d48fd9d8:c1424, 6eae0c21-01aa-4169-956f-5952b26ea7ba:c1422, 8d7dcba1-3b82-4d94-a832-514ef5c79cf8:c1422]
2019-08-21 02:17:14,780 | INFO  | DNAudit | user=null | ip=null | op=WRITE_CHUNK {blockData=conID: 1 locID: 102652564581843392 bcsId: 1419} | ret=SUCCESS |  
2019-08-21 02:17:14,780 | INFO  | DNAudit | user=null | ip=null | op=WRITE_CHUNK {blockData=conID: 1 locID: 102652564581843392 bcsId: 1419} | ret=SUCCESS |  
2019-08-21 02:17:14,780 | INFO  | DNAudit | user=null | ip=null | op=PUT_BLOCK {blockData=[blockId=conID: 1 locID: 102652564581843392 bcsId: 0,size=3145728]} | ret=SUCCESS |  
2019-08-21 02:17:14,780 | INFO  | DNAudit | user=null | ip=null | op=PUT_BLOCK {blockData=[blockId=conID: 1 locID: 102652564581843392 bcsId: 0,size=3145728]} | ret=SUCCESS |  
2019-08-21 02:17:14,785 | INFO  | DNAudit | user=null | ip=null | op=WRITE_CHUNK {blockData=conID: 1 locID: 102652564581843392 bcsId: 1424} | ret=SUCCESS |  
2019-08-21 02:17:14,788 | INFO  | DNAudit | user=null | ip=null | op=WRITE_CHUNK {blockData=conID: 1 locID: 102652564581843392 bcsId: 1424} | ret=SUCCESS |  
2019-08-21 02:17:14,788 | INFO  | DNAudit | user=null | ip=null | op=WRITE_CHUNK {blockData=conID: 1 locID: 102652564581843392 bcsId: 1424} | ret=SUCCESS |  
2019-08-21 02:17:14,799 | INFO  | DNAudit | user=null | ip=null | op=WRITE_CHUNK {blockData=conID: 1 locID: 102652564581843392 bcsId: 1424} | ret=SUCCESS |  
2019-08-21 02:17:14,799 | INFO  | DNAudit | user=null | ip=null | op=PUT_BLOCK {blockData=[blockId=conID: 1 locID: 102652564581843392 bcsId: 0,size=4194304]} | ret=SUCCESS |  
2019-08-21 02:17:14,800 [grpc-default-executor-1] INFO  client.GrpcClientProtocolClient (GrpcClientProtocolClient.java:onNext(255)) - client-54CC064C3FCE->8224e767-71c1-41fc-a01a-d172d48fd9d8: receive RaftClientReply:client-54CC064C3FCE->8224e767-71c1-41fc-a01a-d172d48fd9d8@group-F6B37CC92441, cid=1054, SUCCESS, logIndex=1426, commits[8224e767-71c1-41fc-a01a-d172d48fd9d8:c1427, 6eae0c21-01aa-4169-956f-5952b26ea7ba:c1425, 8d7dcba1-3b82-4d94-a832-514ef5c79cf8:c1425]
2019-08-21 02:17:14,800 [grpc-default-executor-1] INFO  client.GrpcClientProtocolClient (GrpcClientProtocolClient.java:onNext(255)) - client-54CC064C3FCE->8224e767-71c1-41fc-a01a-d172d48fd9d8: receive RaftClientReply:client-54CC064C3FCE->8224e767-71c1-41fc-a01a-d172d48fd9d8@group-F6B37CC92441, cid=1055, SUCCESS, logIndex=1427, commits[8224e767-71c1-41fc-a01a-d172d48fd9d8:c1427, 6eae0c21-01aa-4169-956f-5952b26ea7ba:c1425, 8d7dcba1-3b82-4d94-a832-514ef5c79cf8:c1425]
2019-08-21 02:17:14,812 | INFO  | DNAudit | user=null | ip=null | op=WRITE_CHUNK {blockData=conID: 1 locID: 102652564581843392 bcsId: 1424} | ret=SUCCESS |  
2019-08-21 02:17:14,812 | INFO  | DNAudit | user=null | ip=null | op=WRITE_CHUNK {blockData=conID: 1 locID: 102652564581843392 bcsId: 1424} | ret=SUCCESS |  
2019-08-21 02:17:14,823 | INFO  | DNAudit | user=null | ip=null | op=PUT_BLOCK {blockData=[blockId=conID: 1 locID: 102652564581843392 bcsId: 0,size=4194304]} | ret=SUCCESS |  
2019-08-21 02:17:14,823 | INFO  | DNAudit | user=null | ip=null | op=PUT_BLOCK {blockData=[blockId=conID: 1 locID: 102652564581843392 bcsId: 0,size=4194304]} | ret=SUCCESS |  
2019-08-21 02:17:14,824 [grpc-default-executor-1] INFO  client.GrpcClientProtocolClient (GrpcClientProtocolClient.java:onNext(255)) - client-54CC064C3FCE->8224e767-71c1-41fc-a01a-d172d48fd9d8: receive RaftClientReply:client-54CC064C3FCE->8224e767-71c1-41fc-a01a-d172d48fd9d8@group-F6B37CC92441, cid=1056, SUCCESS, logIndex=0, commits[8224e767-71c1-41fc-a01a-d172d48fd9d8:c1429, 6eae0c21-01aa-4169-956f-5952b26ea7ba:c1427, 8d7dcba1-3b82-4d94-a832-514ef5c79cf8:c1427]
2019-08-21 02:17:14,831 | INFO  | DNAudit | user=null | ip=null | op=WRITE_CHUNK {blockData=conID: 2 locID: 102652564581843393 bcsId: 0} | ret=SUCCESS |  
2019-08-21 02:17:14,834 | INFO  | DNAudit | user=null | ip=null | op=WRITE_CHUNK {blockData=conID: 2 locID: 102652564581843393 bcsId: 0} | ret=SUCCESS |  
2019-08-21 02:17:14,835 | INFO  | DNAudit | user=null | ip=null | op=WRITE_CHUNK {blockData=conID: 2 locID: 102652564581843393 bcsId: 0} | ret=SUCCESS |  
2019-08-21 02:17:14,835 | INFO  | DNAudit | user=null | ip=null | op=WRITE_CHUNK {blockData=conID: 2 locID: 102652564581843393 bcsId: 0} | ret=SUCCESS |  
2019-08-21 02:17:14,838 | INFO  | DNAudit | user=null | ip=null | op=WRITE_CHUNK {blockData=conID: 2 locID: 102652564581843393 bcsId: 0} | ret=SUCCESS |  
2019-08-21 02:17:14,838 | INFO  | DNAudit | user=null | ip=null | op=WRITE_CHUNK {blockData=conID: 2 locID: 102652564581843393 bcsId: 0} | ret=SUCCESS |  
2019-08-21 02:17:14,845 | INFO  | DNAudit | user=null | ip=null | op=WRITE_CHUNK {blockData=conID: 2 locID: 102652564581843393 bcsId: 0} | ret=SUCCESS |  
2019-08-21 02:17:14,845 | INFO  | DNAudit | user=null | ip=null | op=PUT_BLOCK {blockData=[blockId=conID: 2 locID: 102652564581843393 bcsId: 0,size=1048576]} | ret=SUCCESS |  
2019-08-21 02:17:14,846 [grpc-default-executor-2] INFO  client.GrpcClientProtocolClient (GrpcClientProtocolClient.java:onNext(255)) - client-54CC064C3FCE->8224e767-71c1-41fc-a01a-d172d48fd9d8: receive RaftClientReply:client-54CC064C3FCE->8224e767-71c1-41fc-a01a-d172d48fd9d8@group-F6B37CC92441, cid=1057, SUCCESS, logIndex=1430, commits[8224e767-71c1-41fc-a01a-d172d48fd9d8:c1431, 6eae0c21-01aa-4169-956f-5952b26ea7ba:c1429, 8d7dcba1-3b82-4d94-a832-514ef5c79cf8:c1429]
2019-08-21 02:17:14,846 [grpc-default-executor-2] INFO  client.GrpcClientProtocolClient (GrpcClientProtocolClient.java:onNext(255)) - client-54CC064C3FCE->8224e767-71c1-41fc-a01a-d172d48fd9d8: receive RaftClientReply:client-54CC064C3FCE->8224e767-71c1-41fc-a01a-d172d48fd9d8@group-F6B37CC92441, cid=1058, SUCCESS, logIndex=1431, commits[8224e767-71c1-41fc-a01a-d172d48fd9d8:c1431, 6eae0c21-01aa-4169-956f-5952b26ea7ba:c1429, 8d7dcba1-3b82-4d94-a832-514ef5c79cf8:c1429]
2019-08-21 02:17:14,858 | INFO  | DNAudit | user=null | ip=null | op=WRITE_CHUNK {blockData=conID: 2 locID: 102652564581843393 bcsId: 0} | ret=SUCCESS |  
2019-08-21 02:17:14,858 | INFO  | DNAudit | user=null | ip=null | op=PUT_BLOCK {blockData=[blockId=conID: 2 locID: 102652564581843393 bcsId: 0,size=2097152]} | ret=SUCCESS |  
2019-08-21 02:17:14,858 [grpc-default-executor-1] INFO  client.GrpcClientProtocolClient (GrpcClientProtocolClient.java:onNext(255)) - client-54CC064C3FCE->8224e767-71c1-41fc-a01a-d172d48fd9d8: receive RaftClientReply:client-54CC064C3FCE->8224e767-71c1-41fc-a01a-d172d48fd9d8@group-F6B37CC92441, cid=1059, SUCCESS, logIndex=1432, commits[8224e767-71c1-41fc-a01a-d172d48fd9d8:c1433, 6eae0c21-01aa-4169-956f-5952b26ea7ba:c1429, 8d7dcba1-3b82-4d94-a832-514ef5c79cf8:c1429]
2019-08-21 02:17:14,859 [grpc-default-executor-1] INFO  client.GrpcClientProtocolClient (GrpcClientProtocolClient.java:onNext(255)) - client-54CC064C3FCE->8224e767-71c1-41fc-a01a-d172d48fd9d8: receive RaftClientReply:client-54CC064C3FCE->8224e767-71c1-41fc-a01a-d172d48fd9d8@group-F6B37CC92441, cid=1060, SUCCESS, logIndex=1433, commits[8224e767-71c1-41fc-a01a-d172d48fd9d8:c1433, 6eae0c21-01aa-4169-956f-5952b26ea7ba:c1429, 8d7dcba1-3b82-4d94-a832-514ef5c79cf8:c1429]
2019-08-21 02:17:14,870 | INFO  | DNAudit | user=null | ip=null | op=WRITE_CHUNK {blockData=conID: 2 locID: 102652564581843393 bcsId: 0} | ret=SUCCESS |  
2019-08-21 02:17:14,870 | INFO  | DNAudit | user=null | ip=null | op=WRITE_CHUNK {blockData=conID: 2 locID: 102652564581843393 bcsId: 0} | ret=SUCCESS |  
2019-08-21 02:17:14,870 | INFO  | DNAudit | user=null | ip=null | op=PUT_BLOCK {blockData=[blockId=conID: 2 locID: 102652564581843393 bcsId: 0,size=1048576]} | ret=SUCCESS |  
2019-08-21 02:17:14,871 | INFO  | DNAudit | user=null | ip=null | op=PUT_BLOCK {blockData=[blockId=conID: 2 locID: 102652564581843393 bcsId: 0,size=1048576]} | ret=SUCCESS |  
2019-08-21 02:17:14,871 [grpc-default-executor-2] INFO  client.GrpcClientProtocolClient (GrpcClientProtocolClient.java:onNext(255)) - client-54CC064C3FCE->8224e767-71c1-41fc-a01a-d172d48fd9d8: receive RaftClientReply:client-54CC064C3FCE->8224e767-71c1-41fc-a01a-d172d48fd9d8@group-F6B37CC92441, cid=1061, SUCCESS, logIndex=0, commits[8224e767-71c1-41fc-a01a-d172d48fd9d8:c1434, 6eae0c21-01aa-4169-956f-5952b26ea7ba:c1431, 8d7dcba1-3b82-4d94-a832-514ef5c79cf8:c1431]
2019-08-21 02:17:14,873 | INFO  | DNAudit | user=null | ip=null | op=WRITE_CHUNK {blockData=conID: 2 locID: 102652564581843393 bcsId: 0} | ret=SUCCESS |  
2019-08-21 02:17:14,873 | INFO  | DNAudit | user=null | ip=null | op=WRITE_CHUNK {blockData=conID: 2 locID: 102652564581843393 bcsId: 0} | ret=SUCCESS |  
2019-08-21 02:17:14,874 | INFO  | DNAudit | user=null | ip=null | op=PUT_BLOCK {blockData=[blockId=conID: 2 locID: 102652564581843393 bcsId: 0,size=2097152]} | ret=SUCCESS |  
2019-08-21 02:17:14,874 | INFO  | DNAudit | user=null | ip=null | op=PUT_BLOCK {blockData=[blockId=conID: 2 locID: 102652564581843393 bcsId: 0,size=2097152]} | ret=SUCCESS |  
2019-08-21 02:17:14,879 | INFO  | DNAudit | user=null | ip=null | op=WRITE_CHUNK {blockData=conID: 2 locID: 102652564581843393 bcsId: 1433} | ret=SUCCESS |  
2019-08-21 02:17:14,880 | INFO  | DNAudit | user=null | ip=null | op=WRITE_CHUNK {blockData=conID: 2 locID: 102652564581843393 bcsId: 1433} | ret=SUCCESS |  
2019-08-21 02:17:14,881 | INFO  | DNAudit | user=null | ip=null | op=WRITE_CHUNK {blockData=conID: 2 locID: 102652564581843393 bcsId: 1433} | ret=SUCCESS |  
2019-08-21 02:17:14,883 | INFO  | DNAudit | user=null | ip=null | op=WRITE_CHUNK {blockData=conID: 2 locID: 102652564581843393 bcsId: 1433} | ret=SUCCESS |  
2019-08-21 02:17:14,883 | INFO  | DNAudit | user=null | ip=null | op=PUT_BLOCK {blockData=[blockId=conID: 2 locID: 102652564581843393 bcsId: 0,size=3145728]} | ret=SUCCESS |  
2019-08-21 02:17:14,884 [grpc-default-executor-4] INFO  client.GrpcClientProtocolClient (GrpcClientProtocolClient.java:onNext(255)) - client-54CC064C3FCE->8224e767-71c1-41fc-a01a-d172d48fd9d8: receive RaftClientReply:client-54CC064C3FCE->8224e767-71c1-41fc-a01a-d172d48fd9d8@group-F6B37CC92441, cid=1062, SUCCESS, logIndex=1438, commits[8224e767-71c1-41fc-a01a-d172d48fd9d8:c1439, 6eae0c21-01aa-4169-956f-5952b26ea7ba:c1437, 8d7dcba1-3b82-4d94-a832-514ef5c79cf8:c1437]
2019-08-21 02:17:14,884 [grpc-default-executor-4] INFO  client.GrpcClientProtocolClient (GrpcClientProtocolClient.java:onNext(255)) - client-54CC064C3FCE->8224e767-71c1-41fc-a01a-d172d48fd9d8: receive RaftClientReply:client-54CC064C3FCE->8224e767-71c1-41fc-a01a-d172d48fd9d8@group-F6B37CC92441, cid=1063, SUCCESS, logIndex=1439, commits[8224e767-71c1-41fc-a01a-d172d48fd9d8:c1439, 6eae0c21-01aa-4169-956f-5952b26ea7ba:c1437, 8d7dcba1-3b82-4d94-a832-514ef5c79cf8:c1437]
2019-08-21 02:17:14,885 | INFO  | DNAudit | user=null | ip=null | op=WRITE_CHUNK {blockData=conID: 2 locID: 102652564581843393 bcsId: 1433} | ret=SUCCESS |  
2019-08-21 02:17:14,885 | INFO  | DNAudit | user=null | ip=null | op=PUT_BLOCK {blockData=[blockId=conID: 2 locID: 102652564581843393 bcsId: 0,size=3145728]} | ret=SUCCESS |  
2019-08-21 02:17:14,885 | INFO  | DNAudit | user=null | ip=null | op=WRITE_CHUNK {blockData=conID: 2 locID: 102652564581843393 bcsId: 1433} | ret=SUCCESS |  
2019-08-21 02:17:14,885 | INFO  | DNAudit | user=null | ip=null | op=PUT_BLOCK {blockData=[blockId=conID: 2 locID: 102652564581843393 bcsId: 0,size=3145728]} | ret=SUCCESS |  
2019-08-21 02:17:14,891 | INFO  | DNAudit | user=null | ip=null | op=WRITE_CHUNK {blockData=conID: 2 locID: 102652564581843393 bcsId: 1439} | ret=SUCCESS |  
2019-08-21 02:17:14,894 | INFO  | DNAudit | user=null | ip=null | op=WRITE_CHUNK {blockData=conID: 2 locID: 102652564581843393 bcsId: 1439} | ret=SUCCESS |  
2019-08-21 02:17:14,894 | INFO  | DNAudit | user=null | ip=null | op=WRITE_CHUNK {blockData=conID: 2 locID: 102652564581843393 bcsId: 1439} | ret=SUCCESS |  
2019-08-21 02:17:14,896 | INFO  | DNAudit | user=null | ip=null | op=WRITE_CHUNK {blockData=conID: 2 locID: 102652564581843393 bcsId: 1439} | ret=SUCCESS |  
2019-08-21 02:17:14,897 | INFO  | DNAudit | user=null | ip=null | op=PUT_BLOCK {blockData=[blockId=conID: 2 locID: 102652564581843393 bcsId: 0,size=4194304]} | ret=SUCCESS |  
2019-08-21 02:17:14,897 [grpc-default-executor-1] INFO  client.GrpcClientProtocolClient (GrpcClientProtocolClient.java:onNext(255)) - client-54CC064C3FCE->8224e767-71c1-41fc-a01a-d172d48fd9d8: receive RaftClientReply:client-54CC064C3FCE->8224e767-71c1-41fc-a01a-d172d48fd9d8@group-F6B37CC92441, cid=1064, SUCCESS, logIndex=1442, commits[8224e767-71c1-41fc-a01a-d172d48fd9d8:c1443, 6eae0c21-01aa-4169-956f-5952b26ea7ba:c1441, 8d7dcba1-3b82-4d94-a832-514ef5c79cf8:c1441]
2019-08-21 02:17:14,897 [grpc-default-executor-1] INFO  client.GrpcClientProtocolClient (GrpcClientProtocolClient.java:onNext(255)) - client-54CC064C3FCE->8224e767-71c1-41fc-a01a-d172d48fd9d8: receive RaftClientReply:client-54CC064C3FCE->8224e767-71c1-41fc-a01a-d172d48fd9d8@group-F6B37CC92441, cid=1065, SUCCESS, logIndex=1443, commits[8224e767-71c1-41fc-a01a-d172d48fd9d8:c1443, 6eae0c21-01aa-4169-956f-5952b26ea7ba:c1441, 8d7dcba1-3b82-4d94-a832-514ef5c79cf8:c1441]
2019-08-21 02:17:14,899 | INFO  | DNAudit | user=null | ip=null | op=WRITE_CHUNK {blockData=conID: 2 locID: 102652564581843393 bcsId: 1439} | ret=SUCCESS |  
2019-08-21 02:17:14,899 | INFO  | DNAudit | user=null | ip=null | op=WRITE_CHUNK {blockData=conID: 2 locID: 102652564581843393 bcsId: 1439} | ret=SUCCESS |  
2019-08-21 02:17:14,900 | INFO  | DNAudit | user=null | ip=null | op=PUT_BLOCK {blockData=[blockId=conID: 2 locID: 102652564581843393 bcsId: 0,size=4194304]} | ret=SUCCESS |  
2019-08-21 02:17:14,900 | INFO  | DNAudit | user=null | ip=null | op=PUT_BLOCK {blockData=[blockId=conID: 2 locID: 102652564581843393 bcsId: 0,size=4194304]} | ret=SUCCESS |  
2019-08-21 02:17:14,900 [grpc-default-executor-1] INFO  client.GrpcClientProtocolClient (GrpcClientProtocolClient.java:onNext(255)) - client-54CC064C3FCE->8224e767-71c1-41fc-a01a-d172d48fd9d8: receive RaftClientReply:client-54CC064C3FCE->8224e767-71c1-41fc-a01a-d172d48fd9d8@group-F6B37CC92441, cid=1066, SUCCESS, logIndex=0, commits[8224e767-71c1-41fc-a01a-d172d48fd9d8:c1444, 6eae0c21-01aa-4169-956f-5952b26ea7ba:c1443, 8d7dcba1-3b82-4d94-a832-514ef5c79cf8:c1443]
2019-08-21 02:17:14,907 | INFO  | DNAudit | user=null | ip=null | op=WRITE_CHUNK {blockData=conID: 3 locID: 102652564581843394 bcsId: 0} | ret=SUCCESS |  
2019-08-21 02:17:14,911 | INFO  | DNAudit | user=null | ip=null | op=WRITE_CHUNK {blockData=conID: 3 locID: 102652564581843394 bcsId: 0} | ret=SUCCESS |  
2019-08-21 02:17:14,911 | INFO  | DNAudit | user=null | ip=null | op=WRITE_CHUNK {blockData=conID: 3 locID: 102652564581843394 bcsId: 0} | ret=SUCCESS |  
2019-08-21 02:17:14,911 | INFO  | DNAudit | user=null | ip=null | op=WRITE_CHUNK {blockData=conID: 3 locID: 102652564581843394 bcsId: 0} | ret=SUCCESS |  
2019-08-21 02:17:14,913 | INFO  | DNAudit | user=null | ip=null | op=WRITE_CHUNK {blockData=conID: 3 locID: 102652564581843394 bcsId: 0} | ret=SUCCESS |  
2019-08-21 02:17:14,913 | INFO  | DNAudit | user=null | ip=null | op=WRITE_CHUNK {blockData=conID: 3 locID: 102652564581843394 bcsId: 0} | ret=SUCCESS |  
2019-08-21 02:17:14,913 | INFO  | DNAudit | user=null | ip=null | op=WRITE_CHUNK {blockData=conID: 3 locID: 102652564581843394 bcsId: 0} | ret=SUCCESS |  
2019-08-21 02:17:14,913 | INFO  | DNAudit | user=null | ip=null | op=PUT_BLOCK {blockData=[blockId=conID: 3 locID: 102652564581843394 bcsId: 0,size=1048576]} | ret=SUCCESS |  
2019-08-21 02:17:14,914 [grpc-default-executor-1] INFO  client.GrpcClientProtocolClient (GrpcClientProtocolClient.java:onNext(255)) - client-54CC064C3FCE->8224e767-71c1-41fc-a01a-d172d48fd9d8: receive RaftClientReply:client-54CC064C3FCE->8224e767-71c1-41fc-a01a-d172d48fd9d8@group-F6B37CC92441, cid=1067, SUCCESS, logIndex=1446, commits[8224e767-71c1-41fc-a01a-d172d48fd9d8:c1447, 6eae0c21-01aa-4169-956f-5952b26ea7ba:c1445, 8d7dcba1-3b82-4d94-a832-514ef5c79cf8:c1445]
2019-08-21 02:17:14,914 [grpc-default-executor-1] INFO  client.GrpcClientProtocolClient (GrpcClientProtocolClient.java:onNext(255)) - client-54CC064C3FCE->8224e767-71c1-41fc-a01a-d172d48fd9d8: receive RaftClientReply:client-54CC064C3FCE->8224e767-71c1-41fc-a01a-d172d48fd9d8@group-F6B37CC92441, cid=1068, SUCCESS, logIndex=1447, commits[8224e767-71c1-41fc-a01a-d172d48fd9d8:c1447, 6eae0c21-01aa-4169-956f-5952b26ea7ba:c1445, 8d7dcba1-3b82-4d94-a832-514ef5c79cf8:c1445]
2019-08-21 02:17:14,915 | INFO  | DNAudit | user=null | ip=null | op=WRITE_CHUNK {blockData=conID: 3 locID: 102652564581843394 bcsId: 0} | ret=SUCCESS |  
2019-08-21 02:17:14,915 | INFO  | DNAudit | user=null | ip=null | op=PUT_BLOCK {blockData=[blockId=conID: 3 locID: 102652564581843394 bcsId: 0,size=2097152]} | ret=SUCCESS |  
2019-08-21 02:17:14,915 [grpc-default-executor-0] INFO  client.GrpcClientProtocolClient (GrpcClientProtocolClient.java:onNext(255)) - client-54CC064C3FCE->8224e767-71c1-41fc-a01a-d172d48fd9d8: receive RaftClientReply:client-54CC064C3FCE->8224e767-71c1-41fc-a01a-d172d48fd9d8@group-F6B37CC92441, cid=1069, SUCCESS, logIndex=1448, commits[8224e767-71c1-41fc-a01a-d172d48fd9d8:c1449, 6eae0c21-01aa-4169-956f-5952b26ea7ba:c1445, 8d7dcba1-3b82-4d94-a832-514ef5c79cf8:c1445]
2019-08-21 02:17:14,916 [grpc-default-executor-0] INFO  client.GrpcClientProtocolClient (GrpcClientProtocolClient.java:onNext(255)) - client-54CC064C3FCE->8224e767-71c1-41fc-a01a-d172d48fd9d8: receive RaftClientReply:client-54CC064C3FCE->8224e767-71c1-41fc-a01a-d172d48fd9d8@group-F6B37CC92441, cid=1070, SUCCESS, logIndex=1449, commits[8224e767-71c1-41fc-a01a-d172d48fd9d8:c1449, 6eae0c21-01aa-4169-956f-5952b26ea7ba:c1445, 8d7dcba1-3b82-4d94-a832-514ef5c79cf8:c1445]
2019-08-21 02:17:14,917 | INFO  | DNAudit | user=null | ip=null | op=WRITE_CHUNK {blockData=conID: 3 locID: 102652564581843394 bcsId: 0} | ret=SUCCESS |  
2019-08-21 02:17:14,917 | INFO  | DNAudit | user=null | ip=null | op=PUT_BLOCK {blockData=[blockId=conID: 3 locID: 102652564581843394 bcsId: 0,size=1048576]} | ret=SUCCESS |  
2019-08-21 02:17:14,918 | INFO  | DNAudit | user=null | ip=null | op=WRITE_CHUNK {blockData=conID: 3 locID: 102652564581843394 bcsId: 0} | ret=SUCCESS |  
2019-08-21 02:17:14,918 | INFO  | DNAudit | user=null | ip=null | op=PUT_BLOCK {blockData=[blockId=conID: 3 locID: 102652564581843394 bcsId: 0,size=1048576]} | ret=SUCCESS |  
2019-08-21 02:17:14,918 [grpc-default-executor-0] INFO  client.GrpcClientProtocolClient (GrpcClientProtocolClient.java:onNext(255)) - client-54CC064C3FCE->8224e767-71c1-41fc-a01a-d172d48fd9d8: receive RaftClientReply:client-54CC064C3FCE->8224e767-71c1-41fc-a01a-d172d48fd9d8@group-F6B37CC92441, cid=1071, SUCCESS, logIndex=0, commits[8224e767-71c1-41fc-a01a-d172d48fd9d8:c1451, 6eae0c21-01aa-4169-956f-5952b26ea7ba:c1447, 8d7dcba1-3b82-4d94-a832-514ef5c79cf8:c1447]
2019-08-21 02:17:14,920 | INFO  | DNAudit | user=null | ip=null | op=WRITE_CHUNK {blockData=conID: 3 locID: 102652564581843394 bcsId: 0} | ret=SUCCESS |  
2019-08-21 02:17:14,920 | INFO  | DNAudit | user=null | ip=null | op=PUT_BLOCK {blockData=[blockId=conID: 3 locID: 102652564581843394 bcsId: 0,size=2097152]} | ret=SUCCESS |  
2019-08-21 02:17:14,921 | INFO  | DNAudit | user=null | ip=null | op=WRITE_CHUNK {blockData=conID: 3 locID: 102652564581843394 bcsId: 0} | ret=SUCCESS |  
2019-08-21 02:17:14,921 | INFO  | DNAudit | user=null | ip=null | op=PUT_BLOCK {blockData=[blockId=conID: 3 locID: 102652564581843394 bcsId: 0,size=2097152]} | ret=SUCCESS |  
2019-08-21 02:17:14,925 | INFO  | DNAudit | user=null | ip=null | op=WRITE_CHUNK {blockData=conID: 3 locID: 102652564581843394 bcsId: 1449} | ret=SUCCESS |  
2019-08-21 02:17:14,927 | INFO  | DNAudit | user=null | ip=null | op=WRITE_CHUNK {blockData=conID: 3 locID: 102652564581843394 bcsId: 1449} | ret=SUCCESS |  
2019-08-21 02:17:14,928 | INFO  | DNAudit | user=null | ip=null | op=WRITE_CHUNK {blockData=conID: 3 locID: 102652564581843394 bcsId: 1449} | ret=SUCCESS |  
2019-08-21 02:17:14,942 | INFO  | DNAudit | user=null | ip=null | op=WRITE_CHUNK {blockData=conID: 3 locID: 102652564581843394 bcsId: 1449} | ret=SUCCESS |  
2019-08-21 02:17:14,943 | INFO  | DNAudit | user=null | ip=null | op=PUT_BLOCK {blockData=[blockId=conID: 3 locID: 102652564581843394 bcsId: 0,size=3145728]} | ret=SUCCESS |  
2019-08-21 02:17:14,943 [grpc-default-executor-1] INFO  client.GrpcClientProtocolClient (GrpcClientProtocolClient.java:onNext(255)) - client-54CC064C3FCE->8224e767-71c1-41fc-a01a-d172d48fd9d8: receive RaftClientReply:client-54CC064C3FCE->8224e767-71c1-41fc-a01a-d172d48fd9d8@group-F6B37CC92441, cid=1072, SUCCESS, logIndex=1454, commits[8224e767-71c1-41fc-a01a-d172d48fd9d8:c1455, 6eae0c21-01aa-4169-956f-5952b26ea7ba:c1453, 8d7dcba1-3b82-4d94-a832-514ef5c79cf8:c1453]
2019-08-21 02:17:14,944 [grpc-default-executor-1] INFO  client.GrpcClientProtocolClient (GrpcClientProtocolClient.java:onNext(255)) - client-54CC064C3FCE->8224e767-71c1-41fc-a01a-d172d48fd9d8: receive RaftClientReply:client-54CC064C3FCE->8224e767-71c1-41fc-a01a-d172d48fd9d8@group-F6B37CC92441, cid=1073, SUCCESS, logIndex=1455, commits[8224e767-71c1-41fc-a01a-d172d48fd9d8:c1455, 6eae0c21-01aa-4169-956f-5952b26ea7ba:c1453, 8d7dcba1-3b82-4d94-a832-514ef5c79cf8:c1453]
2019-08-21 02:17:14,950 | INFO  | DNAudit | user=null | ip=null | op=WRITE_CHUNK {blockData=conID: 3 locID: 102652564581843394 bcsId: 1455} | ret=SUCCESS |  
2019-08-21 02:17:14,952 | INFO  | DNAudit | user=null | ip=null | op=WRITE_CHUNK {blockData=conID: 3 locID: 102652564581843394 bcsId: 1455} | ret=SUCCESS |  
2019-08-21 02:17:14,953 | INFO  | DNAudit | user=null | ip=null | op=WRITE_CHUNK {blockData=conID: 3 locID: 102652564581843394 bcsId: 1455} | ret=SUCCESS |  
2019-08-21 02:17:14,954 | INFO  | DNAudit | user=null | ip=null | op=WRITE_CHUNK {blockData=conID: 3 locID: 102652564581843394 bcsId: 1449} | ret=SUCCESS |  
2019-08-21 02:17:14,954 | INFO  | DNAudit | user=null | ip=null | op=WRITE_CHUNK {blockData=conID: 3 locID: 102652564581843394 bcsId: 1449} | ret=SUCCESS |  
2019-08-21 02:17:14,955 | INFO  | DNAudit | user=null | ip=null | op=PUT_BLOCK {blockData=[blockId=conID: 3 locID: 102652564581843394 bcsId: 0,size=3145728]} | ret=SUCCESS |  
2019-08-21 02:17:14,955 | INFO  | DNAudit | user=null | ip=null | op=PUT_BLOCK {blockData=[blockId=conID: 3 locID: 102652564581843394 bcsId: 0,size=3145728]} | ret=SUCCESS |  
2019-08-21 02:17:14,958 | INFO  | DNAudit | user=null | ip=null | op=WRITE_CHUNK {blockData=conID: 3 locID: 102652564581843394 bcsId: 1455} | ret=SUCCESS |  
2019-08-21 02:17:14,958 | INFO  | DNAudit | user=null | ip=null | op=PUT_BLOCK {blockData=[blockId=conID: 3 locID: 102652564581843394 bcsId: 0,size=4194304]} | ret=SUCCESS |  
2019-08-21 02:17:14,958 [grpc-default-executor-1] INFO  client.GrpcClientProtocolClient (GrpcClientProtocolClient.java:onNext(255)) - client-54CC064C3FCE->8224e767-71c1-41fc-a01a-d172d48fd9d8: receive RaftClientReply:client-54CC064C3FCE->8224e767-71c1-41fc-a01a-d172d48fd9d8@group-F6B37CC92441, cid=1074, SUCCESS, logIndex=1458, commits[8224e767-71c1-41fc-a01a-d172d48fd9d8:c1458, 6eae0c21-01aa-4169-956f-5952b26ea7ba:c1455, 8d7dcba1-3b82-4d94-a832-514ef5c79cf8:c1455]
2019-08-21 02:17:14,959 [grpc-default-executor-1] INFO  client.GrpcClientProtocolClient (GrpcClientProtocolClient.java:onNext(255)) - client-54CC064C3FCE->8224e767-71c1-41fc-a01a-d172d48fd9d8: receive RaftClientReply:client-54CC064C3FCE->8224e767-71c1-41fc-a01a-d172d48fd9d8@group-F6B37CC92441, cid=1075, SUCCESS, logIndex=1459, commits[8224e767-71c1-41fc-a01a-d172d48fd9d8:c1459, 6eae0c21-01aa-4169-956f-5952b26ea7ba:c1455, 8d7dcba1-3b82-4d94-a832-514ef5c79cf8:c1455]
2019-08-21 02:17:14,970 | INFO  | DNAudit | user=null | ip=null | op=WRITE_CHUNK {blockData=conID: 3 locID: 102652564581843394 bcsId: 1455} | ret=SUCCESS |  
2019-08-21 02:17:14,970 | INFO  | DNAudit | user=null | ip=null | op=WRITE_CHUNK {blockData=conID: 3 locID: 102652564581843394 bcsId: 1455} | ret=SUCCESS |  
2019-08-21 02:17:14,983 | INFO  | DNAudit | user=null | ip=null | op=PUT_BLOCK {blockData=[blockId=conID: 3 locID: 102652564581843394 bcsId: 0,size=4194304]} | ret=SUCCESS |  
2019-08-21 02:17:14,983 | INFO  | DNAudit | user=null | ip=null | op=PUT_BLOCK {blockData=[blockId=conID: 3 locID: 102652564581843394 bcsId: 0,size=4194304]} | ret=SUCCESS |  
2019-08-21 02:17:14,984 [grpc-default-executor-4] INFO  client.GrpcClientProtocolClient (GrpcClientProtocolClient.java:onNext(255)) - client-54CC064C3FCE->8224e767-71c1-41fc-a01a-d172d48fd9d8: receive RaftClientReply:client-54CC064C3FCE->8224e767-71c1-41fc-a01a-d172d48fd9d8@group-F6B37CC92441, cid=1076, SUCCESS, logIndex=0, commits[8224e767-71c1-41fc-a01a-d172d48fd9d8:c1461, 6eae0c21-01aa-4169-956f-5952b26ea7ba:c1459, 8d7dcba1-3b82-4d94-a832-514ef5c79cf8:c1459]
2019-08-21 02:17:14,993 | INFO  | DNAudit | user=null | ip=null | op=WRITE_CHUNK {blockData=conID: 1 locID: 102652564581908931 bcsId: 0} | ret=SUCCESS |  
2019-08-21 02:17:14,995 | INFO  | DNAudit | user=null | ip=null | op=WRITE_CHUNK {blockData=conID: 1 locID: 102652564581908931 bcsId: 0} | ret=SUCCESS |  
2019-08-21 02:17:14,996 | INFO  | DNAudit | user=null | ip=null | op=WRITE_CHUNK {blockData=conID: 1 locID: 102652564581908931 bcsId: 0} | ret=SUCCESS |  
2019-08-21 02:17:14,997 | INFO  | DNAudit | user=null | ip=null | op=WRITE_CHUNK {blockData=conID: 1 locID: 102652564581908931 bcsId: 0} | ret=SUCCESS |  
2019-08-21 02:17:14,999 | INFO  | DNAudit | user=null | ip=null | op=WRITE_CHUNK {blockData=conID: 1 locID: 102652564581908931 bcsId: 0} | ret=SUCCESS |  
2019-08-21 02:17:15,000 | INFO  | DNAudit | user=null | ip=null | op=WRITE_CHUNK {blockData=conID: 1 locID: 102652564581908931 bcsId: 0} | ret=SUCCESS |  
2019-08-21 02:17:15,007 | INFO  | DNAudit | user=null | ip=null | op=WRITE_CHUNK {blockData=conID: 1 locID: 102652564581908931 bcsId: 0} | ret=SUCCESS |  
2019-08-21 02:17:15,007 | INFO  | DNAudit | user=null | ip=null | op=PUT_BLOCK {blockData=[blockId=conID: 1 locID: 102652564581908931 bcsId: 0,size=1048576]} | ret=SUCCESS |  
2019-08-21 02:17:15,008 [grpc-default-executor-4] INFO  client.GrpcClientProtocolClient (GrpcClientProtocolClient.java:onNext(255)) - client-54CC064C3FCE->8224e767-71c1-41fc-a01a-d172d48fd9d8: receive RaftClientReply:client-54CC064C3FCE->8224e767-71c1-41fc-a01a-d172d48fd9d8@group-F6B37CC92441, cid=1077, SUCCESS, logIndex=1462, commits[8224e767-71c1-41fc-a01a-d172d48fd9d8:c1463, 6eae0c21-01aa-4169-956f-5952b26ea7ba:c1461, 8d7dcba1-3b82-4d94-a832-514ef5c79cf8:c1461]
2019-08-21 02:17:15,008 [grpc-default-executor-4] INFO  client.GrpcClientProtocolClient (GrpcClientProtocolClient.java:onNext(255)) - client-54CC064C3FCE->8224e767-71c1-41fc-a01a-d172d48fd9d8: receive RaftClientReply:client-54CC064C3FCE->8224e767-71c1-41fc-a01a-d172d48fd9d8@group-F6B37CC92441, cid=1078, SUCCESS, logIndex=1463, commits[8224e767-71c1-41fc-a01a-d172d48fd9d8:c1463, 6eae0c21-01aa-4169-956f-5952b26ea7ba:c1461, 8d7dcba1-3b82-4d94-a832-514ef5c79cf8:c1461]
2019-08-21 02:17:15,019 | INFO  | DNAudit | user=null | ip=null | op=WRITE_CHUNK {blockData=conID: 1 locID: 102652564581908931 bcsId: 0} | ret=SUCCESS |  
2019-08-21 02:17:15,020 | INFO  | DNAudit | user=null | ip=null | op=PUT_BLOCK {blockData=[blockId=conID: 1 locID: 102652564581908931 bcsId: 0,size=2097152]} | ret=SUCCESS |  
2019-08-21 02:17:15,020 [grpc-default-executor-0] INFO  client.GrpcClientProtocolClient (GrpcClientProtocolClient.java:onNext(255)) - client-54CC064C3FCE->8224e767-71c1-41fc-a01a-d172d48fd9d8: receive RaftClientReply:client-54CC064C3FCE->8224e767-71c1-41fc-a01a-d172d48fd9d8@group-F6B37CC92441, cid=1079, SUCCESS, logIndex=1464, commits[8224e767-71c1-41fc-a01a-d172d48fd9d8:c1464, 6eae0c21-01aa-4169-956f-5952b26ea7ba:c1461, 8d7dcba1-3b82-4d94-a832-514ef5c79cf8:c1461]
2019-08-21 02:17:15,021 [grpc-default-executor-0] INFO  client.GrpcClientProtocolClient (GrpcClientProtocolClient.java:onNext(255)) - client-54CC064C3FCE->8224e767-71c1-41fc-a01a-d172d48fd9d8: receive RaftClientReply:client-54CC064C3FCE->8224e767-71c1-41fc-a01a-d172d48fd9d8@group-F6B37CC92441, cid=1080, SUCCESS, logIndex=1465, commits[8224e767-71c1-41fc-a01a-d172d48fd9d8:c1465, 6eae0c21-01aa-4169-956f-5952b26ea7ba:c1461, 8d7dcba1-3b82-4d94-a832-514ef5c79cf8:c1461]
2019-08-21 02:17:15,031 | INFO  | SCMAudit | user=jenkins1000 | ip=192.168.34.10 | op=SEND_HEARTBEAT {datanodeUUID=8224e767-71c1-41fc-a01a-d172d48fd9d8, command=[]} | ret=SUCCESS |  
2019-08-21 02:17:15,032 | INFO  | DNAudit | user=null | ip=null | op=WRITE_CHUNK {blockData=conID: 1 locID: 102652564581908931 bcsId: 0} | ret=SUCCESS |  
2019-08-21 02:17:15,032 | INFO  | DNAudit | user=null | ip=null | op=PUT_BLOCK {blockData=[blockId=conID: 1 locID: 102652564581908931 bcsId: 0,size=1048576]} | ret=SUCCESS |  
2019-08-21 02:17:15,032 | INFO  | DNAudit | user=null | ip=null | op=WRITE_CHUNK {blockData=conID: 1 locID: 102652564581908931 bcsId: 0} | ret=SUCCESS |  
2019-08-21 02:17:15,033 | INFO  | DNAudit | user=null | ip=null | op=PUT_BLOCK {blockData=[blockId=conID: 1 locID: 102652564581908931 bcsId: 0,size=1048576]} | ret=SUCCESS |  
2019-08-21 02:17:15,033 [grpc-default-executor-4] INFO  client.GrpcClientProtocolClient (GrpcClientProtocolClient.java:onNext(255)) - client-54CC064C3FCE->8224e767-71c1-41fc-a01a-d172d48fd9d8: receive RaftClientReply:client-54CC064C3FCE->8224e767-71c1-41fc-a01a-d172d48fd9d8@group-F6B37CC92441, cid=1081, SUCCESS, logIndex=0, commits[8224e767-71c1-41fc-a01a-d172d48fd9d8:c1466, 6eae0c21-01aa-4169-956f-5952b26ea7ba:c1463, 8d7dcba1-3b82-4d94-a832-514ef5c79cf8:c1463]
2019-08-21 02:17:15,034 | INFO  | SCMAudit | user=jenkins1000 | ip=192.168.34.10 | op=SEND_HEARTBEAT {datanodeUUID=6eae0c21-01aa-4169-956f-5952b26ea7ba, command=[]} | ret=SUCCESS |  
2019-08-21 02:17:15,034 | INFO  | SCMAudit | user=jenkins1000 | ip=192.168.34.10 | op=SEND_HEARTBEAT {datanodeUUID=8d7dcba1-3b82-4d94-a832-514ef5c79cf8, command=[]} | ret=SUCCESS |  
2019-08-21 02:17:15,041 | INFO  | DNAudit | user=null | ip=null | op=WRITE_CHUNK {blockData=conID: 1 locID: 102652564581908931 bcsId: 1465} | ret=SUCCESS |  
2019-08-21 02:17:15,044 | INFO  | DNAudit | user=null | ip=null | op=WRITE_CHUNK {blockData=conID: 1 locID: 102652564581908931 bcsId: 1465} | ret=SUCCESS |  
2019-08-21 02:17:15,044 | INFO  | DNAudit | user=null | ip=null | op=WRITE_CHUNK {blockData=conID: 1 locID: 102652564581908931 bcsId: 1465} | ret=SUCCESS |  
2019-08-21 02:17:15,045 | INFO  | DNAudit | user=null | ip=null | op=WRITE_CHUNK {blockData=conID: 1 locID: 102652564581908931 bcsId: 0} | ret=SUCCESS |  
2019-08-21 02:17:15,045 | INFO  | DNAudit | user=null | ip=null | op=PUT_BLOCK {blockData=[blockId=conID: 1 locID: 102652564581908931 bcsId: 0,size=2097152]} | ret=SUCCESS |  
2019-08-21 02:17:15,045 | INFO  | DNAudit | user=null | ip=null | op=WRITE_CHUNK {blockData=conID: 1 locID: 102652564581908931 bcsId: 0} | ret=SUCCESS |  
2019-08-21 02:17:15,045 | INFO  | DNAudit | user=null | ip=null | op=PUT_BLOCK {blockData=[blockId=conID: 1 locID: 102652564581908931 bcsId: 0,size=2097152]} | ret=SUCCESS |  
2019-08-21 02:17:15,058 | INFO  | DNAudit | user=null | ip=null | op=WRITE_CHUNK {blockData=conID: 1 locID: 102652564581908931 bcsId: 1465} | ret=SUCCESS |  
2019-08-21 02:17:15,058 | INFO  | DNAudit | user=null | ip=null | op=PUT_BLOCK {blockData=[blockId=conID: 1 locID: 102652564581908931 bcsId: 0,size=3145728]} | ret=SUCCESS |  
2019-08-21 02:17:15,058 [grpc-default-executor-1] INFO  client.GrpcClientProtocolClient (GrpcClientProtocolClient.java:onNext(255)) - client-54CC064C3FCE->8224e767-71c1-41fc-a01a-d172d48fd9d8: receive RaftClientReply:client-54CC064C3FCE->8224e767-71c1-41fc-a01a-d172d48fd9d8@group-F6B37CC92441, cid=1082, SUCCESS, logIndex=1470, commits[8224e767-71c1-41fc-a01a-d172d48fd9d8:c1470, 6eae0c21-01aa-4169-956f-5952b26ea7ba:c1467, 8d7dcba1-3b82-4d94-a832-514ef5c79cf8:c1467]
2019-08-21 02:17:15,059 [grpc-default-executor-1] INFO  client.GrpcClientProtocolClient (GrpcClientProtocolClient.java:onNext(255)) - client-54CC064C3FCE->8224e767-71c1-41fc-a01a-d172d48fd9d8: receive RaftClientReply:client-54CC064C3FCE->8224e767-71c1-41fc-a01a-d172d48fd9d8@group-F6B37CC92441, cid=1083, SUCCESS, logIndex=1471, commits[8224e767-71c1-41fc-a01a-d172d48fd9d8:c1471, 6eae0c21-01aa-4169-956f-5952b26ea7ba:c1467, 8d7dcba1-3b82-4d94-a832-514ef5c79cf8:c1467]
2019-08-21 02:17:15,066 | INFO  | DNAudit | user=null | ip=null | op=WRITE_CHUNK {blockData=conID: 1 locID: 102652564581908931 bcsId: 1471} | ret=SUCCESS |  
2019-08-21 02:17:15,069 | INFO  | DNAudit | user=null | ip=null | op=WRITE_CHUNK {blockData=conID: 1 locID: 102652564581908931 bcsId: 1471} | ret=SUCCESS |  
2019-08-21 02:17:15,069 | INFO  | DNAudit | user=null | ip=null | op=WRITE_CHUNK {blockData=conID: 1 locID: 102652564581908931 bcsId: 1471} | ret=SUCCESS |  
2019-08-21 02:17:15,079 | INFO  | DNAudit | user=null | ip=null | op=WRITE_CHUNK {blockData=conID: 1 locID: 102652564581908931 bcsId: 1465} | ret=SUCCESS |  
2019-08-21 02:17:15,079 | INFO  | DNAudit | user=null | ip=null | op=WRITE_CHUNK {blockData=conID: 1 locID: 102652564581908931 bcsId: 1465} | ret=SUCCESS |  
2019-08-21 02:17:15,080 | INFO  | DNAudit | user=null | ip=null | op=PUT_BLOCK {blockData=[blockId=conID: 1 locID: 102652564581908931 bcsId: 0,size=3145728]} | ret=SUCCESS |  
2019-08-21 02:17:15,081 | INFO  | DNAudit | user=null | ip=null | op=PUT_BLOCK {blockData=[blockId=conID: 1 locID: 102652564581908931 bcsId: 0,size=3145728]} | ret=SUCCESS |  
2019-08-21 02:17:15,081 | INFO  | DNAudit | user=null | ip=null | op=WRITE_CHUNK {blockData=conID: 1 locID: 102652564581908931 bcsId: 1471} | ret=SUCCESS |  
2019-08-21 02:17:15,082 | INFO  | DNAudit | user=null | ip=null | op=PUT_BLOCK {blockData=[blockId=conID: 1 locID: 102652564581908931 bcsId: 0,size=4194304]} | ret=SUCCESS |  
2019-08-21 02:17:15,082 [grpc-default-executor-1] INFO  client.GrpcClientProtocolClient (GrpcClientProtocolClient.java:onNext(255)) - client-54CC064C3FCE->8224e767-71c1-41fc-a01a-d172d48fd9d8: receive RaftClientReply:client-54CC064C3FCE->8224e767-71c1-41fc-a01a-d172d48fd9d8@group-F6B37CC92441, cid=1084, SUCCESS, logIndex=1474, commits[8224e767-71c1-41fc-a01a-d172d48fd9d8:c1475, 6eae0c21-01aa-4169-956f-5952b26ea7ba:c1471, 8d7dcba1-3b82-4d94-a832-514ef5c79cf8:c1471]
2019-08-21 02:17:15,082 [grpc-default-executor-1] INFO  client.GrpcClientProtocolClient (GrpcClientProtocolClient.java:onNext(255)) - client-54CC064C3FCE->8224e767-71c1-41fc-a01a-d172d48fd9d8: receive RaftClientReply:client-54CC064C3FCE->8224e767-71c1-41fc-a01a-d172d48fd9d8@group-F6B37CC92441, cid=1085, SUCCESS, logIndex=1475, commits[8224e767-71c1-41fc-a01a-d172d48fd9d8:c1475, 6eae0c21-01aa-4169-956f-5952b26ea7ba:c1471, 8d7dcba1-3b82-4d94-a832-514ef5c79cf8:c1471]
2019-08-21 02:17:15,093 | INFO  | DNAudit | user=null | ip=null | op=WRITE_CHUNK {blockData=conID: 1 locID: 102652564581908931 bcsId: 1471} | ret=SUCCESS |  
2019-08-21 02:17:15,093 | INFO  | DNAudit | user=null | ip=null | op=WRITE_CHUNK {blockData=conID: 1 locID: 102652564581908931 bcsId: 1471} | ret=SUCCESS |  
2019-08-21 02:17:15,098 | INFO  | DNAudit | user=null | ip=null | op=PUT_BLOCK {blockData=[blockId=conID: 1 locID: 102652564581908931 bcsId: 0,size=4194304]} | ret=SUCCESS |  
2019-08-21 02:17:15,098 | INFO  | DNAudit | user=null | ip=null | op=PUT_BLOCK {blockData=[blockId=conID: 1 locID: 102652564581908931 bcsId: 0,size=4194304]} | ret=SUCCESS |  
2019-08-21 02:17:15,099 [grpc-default-executor-1] INFO  client.GrpcClientProtocolClient (GrpcClientProtocolClient.java:onNext(255)) - client-54CC064C3FCE->8224e767-71c1-41fc-a01a-d172d48fd9d8: receive RaftClientReply:client-54CC064C3FCE->8224e767-71c1-41fc-a01a-d172d48fd9d8@group-F6B37CC92441, cid=1086, SUCCESS, logIndex=0, commits[8224e767-71c1-41fc-a01a-d172d48fd9d8:c1477, 6eae0c21-01aa-4169-956f-5952b26ea7ba:c1475, 8d7dcba1-3b82-4d94-a832-514ef5c79cf8:c1475]
2019-08-21 02:17:15,107 | INFO  | DNAudit | user=null | ip=null | op=WRITE_CHUNK {blockData=conID: 2 locID: 102652564581908932 bcsId: 0} | ret=SUCCESS |  
2019-08-21 02:17:15,109 | INFO  | DNAudit | user=null | ip=null | op=WRITE_CHUNK {blockData=conID: 2 locID: 102652564581908932 bcsId: 0} | ret=SUCCESS |  
2019-08-21 02:17:15,110 | INFO  | DNAudit | user=null | ip=null | op=WRITE_CHUNK {blockData=conID: 2 locID: 102652564581908932 bcsId: 0} | ret=SUCCESS |  
2019-08-21 02:17:15,110 | INFO  | DNAudit | user=null | ip=null | op=WRITE_CHUNK {blockData=conID: 2 locID: 102652564581908932 bcsId: 0} | ret=SUCCESS |  
2019-08-21 02:17:15,114 | INFO  | DNAudit | user=null | ip=null | op=WRITE_CHUNK {blockData=conID: 2 locID: 102652564581908932 bcsId: 0} | ret=SUCCESS |  
2019-08-21 02:17:15,115 | INFO  | DNAudit | user=null | ip=null | op=WRITE_CHUNK {blockData=conID: 2 locID: 102652564581908932 bcsId: 0} | ret=SUCCESS |  
2019-08-21 02:17:15,116 | INFO  | DNAudit | user=null | ip=null | op=WRITE_CHUNK {blockData=conID: 2 locID: 102652564581908932 bcsId: 0} | ret=SUCCESS |  
2019-08-21 02:17:15,116 | INFO  | DNAudit | user=null | ip=null | op=PUT_BLOCK {blockData=[blockId=conID: 2 locID: 102652564581908932 bcsId: 0,size=1048576]} | ret=SUCCESS |  
2019-08-21 02:17:15,116 [grpc-default-executor-2] INFO  client.GrpcClientProtocolClient (GrpcClientProtocolClient.java:onNext(255)) - client-54CC064C3FCE->8224e767-71c1-41fc-a01a-d172d48fd9d8: receive RaftClientReply:client-54CC064C3FCE->8224e767-71c1-41fc-a01a-d172d48fd9d8@group-F6B37CC92441, cid=1087, SUCCESS, logIndex=1478, commits[8224e767-71c1-41fc-a01a-d172d48fd9d8:c1479, 6eae0c21-01aa-4169-956f-5952b26ea7ba:c1477, 8d7dcba1-3b82-4d94-a832-514ef5c79cf8:c1477]
2019-08-21 02:17:15,116 | INFO  | DNAudit | user=null | ip=null | op=WRITE_CHUNK {blockData=conID: 2 locID: 102652564581908932 bcsId: 0} | ret=SUCCESS |  
2019-08-21 02:17:15,117 | INFO  | DNAudit | user=null | ip=null | op=PUT_BLOCK {blockData=[blockId=conID: 2 locID: 102652564581908932 bcsId: 0,size=2097152]} | ret=SUCCESS |  
2019-08-21 02:17:15,117 [grpc-default-executor-2] INFO  client.GrpcClientProtocolClient (GrpcClientProtocolClient.java:onNext(255)) - client-54CC064C3FCE->8224e767-71c1-41fc-a01a-d172d48fd9d8: receive RaftClientReply:client-54CC064C3FCE->8224e767-71c1-41fc-a01a-d172d48fd9d8@group-F6B37CC92441, cid=1088, SUCCESS, logIndex=1479, commits[8224e767-71c1-41fc-a01a-d172d48fd9d8:c1479, 6eae0c21-01aa-4169-956f-5952b26ea7ba:c1477, 8d7dcba1-3b82-4d94-a832-514ef5c79cf8:c1477]
2019-08-21 02:17:15,117 [grpc-default-executor-2] INFO  client.GrpcClientProtocolClient (GrpcClientProtocolClient.java:onNext(255)) - client-54CC064C3FCE->8224e767-71c1-41fc-a01a-d172d48fd9d8: receive RaftClientReply:client-54CC064C3FCE->8224e767-71c1-41fc-a01a-d172d48fd9d8@group-F6B37CC92441, cid=1089, SUCCESS, logIndex=1480, commits[8224e767-71c1-41fc-a01a-d172d48fd9d8:c1481, 6eae0c21-01aa-4169-956f-5952b26ea7ba:c1477, 8d7dcba1-3b82-4d94-a832-514ef5c79cf8:c1477]
2019-08-21 02:17:15,117 [grpc-default-executor-2] INFO  client.GrpcClientProtocolClient (GrpcClientProtocolClient.java:onNext(255)) - client-54CC064C3FCE->8224e767-71c1-41fc-a01a-d172d48fd9d8: receive RaftClientReply:client-54CC064C3FCE->8224e767-71c1-41fc-a01a-d172d48fd9d8@group-F6B37CC92441, cid=1090, SUCCESS, logIndex=1481, commits[8224e767-71c1-41fc-a01a-d172d48fd9d8:c1481, 6eae0c21-01aa-4169-956f-5952b26ea7ba:c1477, 8d7dcba1-3b82-4d94-a832-514ef5c79cf8:c1477]
2019-08-21 02:17:15,118 | INFO  | DNAudit | user=null | ip=null | op=WRITE_CHUNK {blockData=conID: 2 locID: 102652564581908932 bcsId: 0} | ret=SUCCESS |  
2019-08-21 02:17:15,118 | INFO  | DNAudit | user=null | ip=null | op=PUT_BLOCK {blockData=[blockId=conID: 2 locID: 102652564581908932 bcsId: 0,size=1048576]} | ret=SUCCESS |  
2019-08-21 02:17:15,119 | INFO  | DNAudit | user=null | ip=null | op=WRITE_CHUNK {blockData=conID: 2 locID: 102652564581908932 bcsId: 0} | ret=SUCCESS |  
2019-08-21 02:17:15,119 | INFO  | DNAudit | user=null | ip=null | op=PUT_BLOCK {blockData=[blockId=conID: 2 locID: 102652564581908932 bcsId: 0,size=1048576]} | ret=SUCCESS |  
2019-08-21 02:17:15,119 [grpc-default-executor-2] INFO  client.GrpcClientProtocolClient (GrpcClientProtocolClient.java:onNext(255)) - client-54CC064C3FCE->8224e767-71c1-41fc-a01a-d172d48fd9d8: receive RaftClientReply:client-54CC064C3FCE->8224e767-71c1-41fc-a01a-d172d48fd9d8@group-F6B37CC92441, cid=1091, SUCCESS, logIndex=0, commits[8224e767-71c1-41fc-a01a-d172d48fd9d8:c1483, 6eae0c21-01aa-4169-956f-5952b26ea7ba:c1479, 8d7dcba1-3b82-4d94-a832-514ef5c79cf8:c1479]
2019-08-21 02:17:15,120 | INFO  | DNAudit | user=null | ip=null | op=WRITE_CHUNK {blockData=conID: 2 locID: 102652564581908932 bcsId: 0} | ret=SUCCESS |  
2019-08-21 02:17:15,120 | INFO  | DNAudit | user=null | ip=null | op=PUT_BLOCK {blockData=[blockId=conID: 2 locID: 102652564581908932 bcsId: 0,size=2097152]} | ret=SUCCESS |  
2019-08-21 02:17:15,122 | INFO  | DNAudit | user=null | ip=null | op=WRITE_CHUNK {blockData=conID: 2 locID: 102652564581908932 bcsId: 0} | ret=SUCCESS |  
2019-08-21 02:17:15,122 | INFO  | DNAudit | user=null | ip=null | op=PUT_BLOCK {blockData=[blockId=conID: 2 locID: 102652564581908932 bcsId: 0,size=2097152]} | ret=SUCCESS |  
2019-08-21 02:17:15,127 | INFO  | DNAudit | user=null | ip=null | op=WRITE_CHUNK {blockData=conID: 2 locID: 102652564581908932 bcsId: 1481} | ret=SUCCESS |  
2019-08-21 02:17:15,129 | INFO  | DNAudit | user=null | ip=null | op=WRITE_CHUNK {blockData=conID: 2 locID: 102652564581908932 bcsId: 1481} | ret=SUCCESS |  
2019-08-21 02:17:15,130 | INFO  | DNAudit | user=null | ip=null | op=WRITE_CHUNK {blockData=conID: 2 locID: 102652564581908932 bcsId: 1481} | ret=SUCCESS |  
2019-08-21 02:17:15,132 | INFO  | DNAudit | user=null | ip=null | op=WRITE_CHUNK {blockData=conID: 2 locID: 102652564581908932 bcsId: 1481} | ret=SUCCESS |  
2019-08-21 02:17:15,132 | INFO  | DNAudit | user=null | ip=null | op=PUT_BLOCK {blockData=[blockId=conID: 2 locID: 102652564581908932 bcsId: 0,size=3145728]} | ret=SUCCESS |  
2019-08-21 02:17:15,132 [grpc-default-executor-0] INFO  client.GrpcClientProtocolClient (GrpcClientProtocolClient.java:onNext(255)) - client-54CC064C3FCE->8224e767-71c1-41fc-a01a-d172d48fd9d8: receive RaftClientReply:client-54CC064C3FCE->8224e767-71c1-41fc-a01a-d172d48fd9d8@group-F6B37CC92441, cid=1092, SUCCESS, logIndex=1486, commits[8224e767-71c1-41fc-a01a-d172d48fd9d8:c1487, 6eae0c21-01aa-4169-956f-5952b26ea7ba:c1481, 8d7dcba1-3b82-4d94-a832-514ef5c79cf8:c1485]
2019-08-21 02:17:15,133 [grpc-default-executor-0] INFO  client.GrpcClientProtocolClient (GrpcClientProtocolClient.java:onNext(255)) - client-54CC064C3FCE->8224e767-71c1-41fc-a01a-d172d48fd9d8: receive RaftClientReply:client-54CC064C3FCE->8224e767-71c1-41fc-a01a-d172d48fd9d8@group-F6B37CC92441, cid=1093, SUCCESS, logIndex=1487, commits[8224e767-71c1-41fc-a01a-d172d48fd9d8:c1487, 6eae0c21-01aa-4169-956f-5952b26ea7ba:c1485, 8d7dcba1-3b82-4d94-a832-514ef5c79cf8:c1485]
2019-08-21 02:17:15,133 | INFO  | DNAudit | user=null | ip=null | op=WRITE_CHUNK {blockData=conID: 2 locID: 102652564581908932 bcsId: 1481} | ret=SUCCESS |  
2019-08-21 02:17:15,133 | INFO  | DNAudit | user=null | ip=null | op=PUT_BLOCK {blockData=[blockId=conID: 2 locID: 102652564581908932 bcsId: 0,size=3145728]} | ret=SUCCESS |  
2019-08-21 02:17:15,134 | INFO  | DNAudit | user=null | ip=null | op=WRITE_CHUNK {blockData=conID: 2 locID: 102652564581908932 bcsId: 1481} | ret=SUCCESS |  
2019-08-21 02:17:15,134 | INFO  | DNAudit | user=null | ip=null | op=PUT_BLOCK {blockData=[blockId=conID: 2 locID: 102652564581908932 bcsId: 0,size=3145728]} | ret=SUCCESS |  
2019-08-21 02:17:15,140 | INFO  | DNAudit | user=null | ip=null | op=WRITE_CHUNK {blockData=conID: 2 locID: 102652564581908932 bcsId: 1487} | ret=SUCCESS |  
2019-08-21 02:17:15,142 | INFO  | DNAudit | user=null | ip=null | op=WRITE_CHUNK {blockData=conID: 2 locID: 102652564581908932 bcsId: 1487} | ret=SUCCESS |  
2019-08-21 02:17:15,143 | INFO  | DNAudit | user=null | ip=null | op=WRITE_CHUNK {blockData=conID: 2 locID: 102652564581908932 bcsId: 1487} | ret=SUCCESS |  
2019-08-21 02:17:15,145 | INFO  | DNAudit | user=null | ip=null | op=WRITE_CHUNK {blockData=conID: 2 locID: 102652564581908932 bcsId: 1487} | ret=SUCCESS |  
2019-08-21 02:17:15,146 | INFO  | DNAudit | user=null | ip=null | op=PUT_BLOCK {blockData=[blockId=conID: 2 locID: 102652564581908932 bcsId: 0,size=4194304]} | ret=SUCCESS |  
2019-08-21 02:17:15,146 [grpc-default-executor-1] INFO  client.GrpcClientProtocolClient (GrpcClientProtocolClient.java:onNext(255)) - client-54CC064C3FCE->8224e767-71c1-41fc-a01a-d172d48fd9d8: receive RaftClientReply:client-54CC064C3FCE->8224e767-71c1-41fc-a01a-d172d48fd9d8@group-F6B37CC92441, cid=1094, SUCCESS, logIndex=1490, commits[8224e767-71c1-41fc-a01a-d172d48fd9d8:c1491, 6eae0c21-01aa-4169-956f-5952b26ea7ba:c1489, 8d7dcba1-3b82-4d94-a832-514ef5c79cf8:c1487]
2019-08-21 02:17:15,146 [grpc-default-executor-1] INFO  client.GrpcClientProtocolClient (GrpcClientProtocolClient.java:onNext(255)) - client-54CC064C3FCE->8224e767-71c1-41fc-a01a-d172d48fd9d8: receive RaftClientReply:client-54CC064C3FCE->8224e767-71c1-41fc-a01a-d172d48fd9d8@group-F6B37CC92441, cid=1095, SUCCESS, logIndex=1491, commits[8224e767-71c1-41fc-a01a-d172d48fd9d8:c1491, 6eae0c21-01aa-4169-956f-5952b26ea7ba:c1489, 8d7dcba1-3b82-4d94-a832-514ef5c79cf8:c1489]
2019-08-21 02:17:15,148 | INFO  | DNAudit | user=null | ip=null | op=WRITE_CHUNK {blockData=conID: 2 locID: 102652564581908932 bcsId: 1487} | ret=SUCCESS |  
2019-08-21 02:17:15,148 | INFO  | DNAudit | user=null | ip=null | op=WRITE_CHUNK {blockData=conID: 2 locID: 102652564581908932 bcsId: 1487} | ret=SUCCESS |  
2019-08-21 02:17:15,148 | INFO  | DNAudit | user=null | ip=null | op=PUT_BLOCK {blockData=[blockId=conID: 2 locID: 102652564581908932 bcsId: 0,size=4194304]} | ret=SUCCESS |  
2019-08-21 02:17:15,151 | INFO  | DNAudit | user=null | ip=null | op=PUT_BLOCK {blockData=[blockId=conID: 2 locID: 102652564581908932 bcsId: 0,size=4194304]} | ret=SUCCESS |  
2019-08-21 02:17:15,152 [grpc-default-executor-0] INFO  client.GrpcClientProtocolClient (GrpcClientProtocolClient.java:onNext(255)) - client-54CC064C3FCE->8224e767-71c1-41fc-a01a-d172d48fd9d8: receive RaftClientReply:client-54CC064C3FCE->8224e767-71c1-41fc-a01a-d172d48fd9d8@group-F6B37CC92441, cid=1096, SUCCESS, logIndex=0, commits[8224e767-71c1-41fc-a01a-d172d48fd9d8:c1492, 6eae0c21-01aa-4169-956f-5952b26ea7ba:c1491, 8d7dcba1-3b82-4d94-a832-514ef5c79cf8:c1491]
2019-08-21 02:17:15,159 | INFO  | DNAudit | user=null | ip=null | op=WRITE_CHUNK {blockData=conID: 3 locID: 102652564581908933 bcsId: 0} | ret=SUCCESS |  
2019-08-21 02:17:15,163 | INFO  | DNAudit | user=null | ip=null | op=WRITE_CHUNK {blockData=conID: 3 locID: 102652564581908933 bcsId: 0} | ret=SUCCESS |  
2019-08-21 02:17:15,163 | INFO  | DNAudit | user=null | ip=null | op=WRITE_CHUNK {blockData=conID: 3 locID: 102652564581908933 bcsId: 0} | ret=SUCCESS |  
2019-08-21 02:17:15,163 | INFO  | DNAudit | user=null | ip=null | op=WRITE_CHUNK {blockData=conID: 3 locID: 102652564581908933 bcsId: 0} | ret=SUCCESS |  
2019-08-21 02:17:15,164 | INFO  | DNAudit | user=null | ip=null | op=WRITE_CHUNK {blockData=conID: 3 locID: 102652564581908933 bcsId: 0} | ret=SUCCESS |  
2019-08-21 02:17:15,165 | INFO  | DNAudit | user=null | ip=null | op=WRITE_CHUNK {blockData=conID: 3 locID: 102652564581908933 bcsId: 0} | ret=SUCCESS |  
2019-08-21 02:17:15,166 | INFO  | DNAudit | user=null | ip=null | op=WRITE_CHUNK {blockData=conID: 3 locID: 102652564581908933 bcsId: 0} | ret=SUCCESS |  
2019-08-21 02:17:15,167 | INFO  | DNAudit | user=null | ip=null | op=PUT_BLOCK {blockData=[blockId=conID: 3 locID: 102652564581908933 bcsId: 0,size=1048576]} | ret=SUCCESS |  
2019-08-21 02:17:15,167 | INFO  | DNAudit | user=null | ip=null | op=WRITE_CHUNK {blockData=conID: 3 locID: 102652564581908933 bcsId: 0} | ret=SUCCESS |  
2019-08-21 02:17:15,167 [grpc-default-executor-2] INFO  client.GrpcClientProtocolClient (GrpcClientProtocolClient.java:onNext(255)) - client-54CC064C3FCE->8224e767-71c1-41fc-a01a-d172d48fd9d8: receive RaftClientReply:client-54CC064C3FCE->8224e767-71c1-41fc-a01a-d172d48fd9d8@group-F6B37CC92441, cid=1097, SUCCESS, logIndex=1494, commits[8224e767-71c1-41fc-a01a-d172d48fd9d8:c1497, 6eae0c21-01aa-4169-956f-5952b26ea7ba:c1493, 8d7dcba1-3b82-4d94-a832-514ef5c79cf8:c1491]
2019-08-21 02:17:15,167 | INFO  | DNAudit | user=null | ip=null | op=PUT_BLOCK {blockData=[blockId=conID: 3 locID: 102652564581908933 bcsId: 0,size=2097152]} | ret=SUCCESS |  
2019-08-21 02:17:15,167 | INFO  | DNAudit | user=null | ip=null | op=WRITE_CHUNK {blockData=conID: 3 locID: 102652564581908933 bcsId: 0} | ret=SUCCESS |  
2019-08-21 02:17:15,168 [grpc-default-executor-2] INFO  client.GrpcClientProtocolClient (GrpcClientProtocolClient.java:onNext(255)) - client-54CC064C3FCE->8224e767-71c1-41fc-a01a-d172d48fd9d8: receive RaftClientReply:client-54CC064C3FCE->8224e767-71c1-41fc-a01a-d172d48fd9d8@group-F6B37CC92441, cid=1098, SUCCESS, logIndex=1495, commits[8224e767-71c1-41fc-a01a-d172d48fd9d8:c1497, 6eae0c21-01aa-4169-956f-5952b26ea7ba:c1493, 8d7dcba1-3b82-4d94-a832-514ef5c79cf8:c1493]
2019-08-21 02:17:15,168 | INFO  | DNAudit | user=null | ip=null | op=PUT_BLOCK {blockData=[blockId=conID: 3 locID: 102652564581908933 bcsId: 0,size=1048576]} | ret=SUCCESS |  
2019-08-21 02:17:15,168 | INFO  | DNAudit | user=null | ip=null | op=WRITE_CHUNK {blockData=conID: 3 locID: 102652564581908933 bcsId: 0} | ret=SUCCESS |  
2019-08-21 02:17:15,168 [grpc-default-executor-2] INFO  client.GrpcClientProtocolClient (GrpcClientProtocolClient.java:onNext(255)) - client-54CC064C3FCE->8224e767-71c1-41fc-a01a-d172d48fd9d8: receive RaftClientReply:client-54CC064C3FCE->8224e767-71c1-41fc-a01a-d172d48fd9d8@group-F6B37CC92441, cid=1099, SUCCESS, logIndex=1496, commits[8224e767-71c1-41fc-a01a-d172d48fd9d8:c1497, 6eae0c21-01aa-4169-956f-5952b26ea7ba:c1493, 8d7dcba1-3b82-4d94-a832-514ef5c79cf8:c1493]
2019-08-21 02:17:15,168 | INFO  | DNAudit | user=null | ip=null | op=PUT_BLOCK {blockData=[blockId=conID: 3 locID: 102652564581908933 bcsId: 0,size=1048576]} | ret=SUCCESS |  
2019-08-21 02:17:15,168 | INFO  | DNAudit | user=null | ip=null | op=WRITE_CHUNK {blockData=conID: 3 locID: 102652564581908933 bcsId: 0} | ret=SUCCESS |  
2019-08-21 02:17:15,168 [grpc-default-executor-2] INFO  client.GrpcClientProtocolClient (GrpcClientProtocolClient.java:onNext(255)) - client-54CC064C3FCE->8224e767-71c1-41fc-a01a-d172d48fd9d8: receive RaftClientReply:client-54CC064C3FCE->8224e767-71c1-41fc-a01a-d172d48fd9d8@group-F6B37CC92441, cid=1100, SUCCESS, logIndex=1497, commits[8224e767-71c1-41fc-a01a-d172d48fd9d8:c1498, 6eae0c21-01aa-4169-956f-5952b26ea7ba:c1495, 8d7dcba1-3b82-4d94-a832-514ef5c79cf8:c1493]
2019-08-21 02:17:15,168 | INFO  | DNAudit | user=null | ip=null | op=PUT_BLOCK {blockData=[blockId=conID: 3 locID: 102652564581908933 bcsId: 0,size=2097152]} | ret=SUCCESS |  
2019-08-21 02:17:15,169 | INFO  | DNAudit | user=null | ip=null | op=WRITE_CHUNK {blockData=conID: 3 locID: 102652564581908933 bcsId: 0} | ret=SUCCESS |  
2019-08-21 02:17:15,169 | INFO  | DNAudit | user=null | ip=null | op=PUT_BLOCK {blockData=[blockId=conID: 3 locID: 102652564581908933 bcsId: 0,size=2097152]} | ret=SUCCESS |  
2019-08-21 02:17:15,169 [grpc-default-executor-2] INFO  client.GrpcClientProtocolClient (GrpcClientProtocolClient.java:onNext(255)) - client-54CC064C3FCE->8224e767-71c1-41fc-a01a-d172d48fd9d8: receive RaftClientReply:client-54CC064C3FCE->8224e767-71c1-41fc-a01a-d172d48fd9d8@group-F6B37CC92441, cid=1101, SUCCESS, logIndex=0, commits[8224e767-71c1-41fc-a01a-d172d48fd9d8:c1501, 6eae0c21-01aa-4169-956f-5952b26ea7ba:c1497, 8d7dcba1-3b82-4d94-a832-514ef5c79cf8:c1497]
2019-08-21 02:17:15,176 | INFO  | DNAudit | user=null | ip=null | op=WRITE_CHUNK {blockData=conID: 3 locID: 102652564581908933 bcsId: 1497} | ret=SUCCESS |  
2019-08-21 02:17:15,177 | INFO  | DNAudit | user=null | ip=null | op=WRITE_CHUNK {blockData=conID: 3 locID: 102652564581908933 bcsId: 1497} | ret=SUCCESS |  
2019-08-21 02:17:15,178 | INFO  | DNAudit | user=null | ip=null | op=WRITE_CHUNK {blockData=conID: 3 locID: 102652564581908933 bcsId: 1497} | ret=SUCCESS |  
2019-08-21 02:17:15,179 | INFO  | DNAudit | user=null | ip=null | op=WRITE_CHUNK {blockData=conID: 3 locID: 102652564581908933 bcsId: 1497} | ret=SUCCESS |  
2019-08-21 02:17:15,180 | INFO  | DNAudit | user=null | ip=null | op=PUT_BLOCK {blockData=[blockId=conID: 3 locID: 102652564581908933 bcsId: 0,size=3145728]} | ret=SUCCESS |  
2019-08-21 02:17:15,180 [grpc-default-executor-4] INFO  client.GrpcClientProtocolClient (GrpcClientProtocolClient.java:onNext(255)) - client-54CC064C3FCE->8224e767-71c1-41fc-a01a-d172d48fd9d8: receive RaftClientReply:client-54CC064C3FCE->8224e767-71c1-41fc-a01a-d172d48fd9d8@group-F6B37CC92441, cid=1102, SUCCESS, logIndex=1502, commits[8224e767-71c1-41fc-a01a-d172d48fd9d8:c1503, 6eae0c21-01aa-4169-956f-5952b26ea7ba:c1501, 8d7dcba1-3b82-4d94-a832-514ef5c79cf8:c1497]
2019-08-21 02:17:15,180 [grpc-default-executor-4] INFO  client.GrpcClientProtocolClient (GrpcClientProtocolClient.java:onNext(255)) - client-54CC064C3FCE->8224e767-71c1-41fc-a01a-d172d48fd9d8: receive RaftClientReply:client-54CC064C3FCE->8224e767-71c1-41fc-a01a-d172d48fd9d8@group-F6B37CC92441, cid=1103, SUCCESS, logIndex=1503, commits[8224e767-71c1-41fc-a01a-d172d48fd9d8:c1503, 6eae0c21-01aa-4169-956f-5952b26ea7ba:c1501, 8d7dcba1-3b82-4d94-a832-514ef5c79cf8:c1497]
2019-08-21 02:17:15,183 | INFO  | DNAudit | user=null | ip=null | op=WRITE_CHUNK {blockData=conID: 3 locID: 102652564581908933 bcsId: 1497} | ret=SUCCESS |  
2019-08-21 02:17:15,183 | INFO  | DNAudit | user=null | ip=null | op=PUT_BLOCK {blockData=[blockId=conID: 3 locID: 102652564581908933 bcsId: 0,size=3145728]} | ret=SUCCESS |  
2019-08-21 02:17:15,183 | INFO  | DNAudit | user=null | ip=null | op=WRITE_CHUNK {blockData=conID: 3 locID: 102652564581908933 bcsId: 1497} | ret=SUCCESS |  
2019-08-21 02:17:15,184 | INFO  | DNAudit | user=null | ip=null | op=PUT_BLOCK {blockData=[blockId=conID: 3 locID: 102652564581908933 bcsId: 0,size=3145728]} | ret=SUCCESS |  
2019-08-21 02:17:15,187 | INFO  | DNAudit | user=null | ip=null | op=WRITE_CHUNK {blockData=conID: 3 locID: 102652564581908933 bcsId: 1503} | ret=SUCCESS |  
2019-08-21 02:17:15,189 | INFO  | DNAudit | user=null | ip=null | op=WRITE_CHUNK {blockData=conID: 3 locID: 102652564581908933 bcsId: 1503} | ret=SUCCESS |  
2019-08-21 02:17:15,189 | INFO  | DNAudit | user=null | ip=null | op=WRITE_CHUNK {blockData=conID: 3 locID: 102652564581908933 bcsId: 1503} | ret=SUCCESS |  
2019-08-21 02:17:15,216 | INFO  | DNAudit | user=null | ip=null | op=WRITE_CHUNK {blockData=conID: 3 locID: 102652564581908933 bcsId: 1503} | ret=SUCCESS |  
2019-08-21 02:17:15,217 | INFO  | DNAudit | user=null | ip=null | op=PUT_BLOCK {blockData=[blockId=conID: 3 locID: 102652564581908933 bcsId: 0,size=4194304]} | ret=SUCCESS |  
2019-08-21 02:17:15,217 [grpc-default-executor-0] INFO  client.GrpcClientProtocolClient (GrpcClientProtocolClient.java:onNext(255)) - client-54CC064C3FCE->8224e767-71c1-41fc-a01a-d172d48fd9d8: receive RaftClientReply:client-54CC064C3FCE->8224e767-71c1-41fc-a01a-d172d48fd9d8@group-F6B37CC92441, cid=1104, SUCCESS, logIndex=1506, commits[8224e767-71c1-41fc-a01a-d172d48fd9d8:c1507, 6eae0c21-01aa-4169-956f-5952b26ea7ba:c1505, 8d7dcba1-3b82-4d94-a832-514ef5c79cf8:c1505]
2019-08-21 02:17:15,217 [grpc-default-executor-0] INFO  client.GrpcClientProtocolClient (GrpcClientProtocolClient.java:onNext(255)) - client-54CC064C3FCE->8224e767-71c1-41fc-a01a-d172d48fd9d8: receive RaftClientReply:client-54CC064C3FCE->8224e767-71c1-41fc-a01a-d172d48fd9d8@group-F6B37CC92441, cid=1105, SUCCESS, logIndex=1507, commits[8224e767-71c1-41fc-a01a-d172d48fd9d8:c1507, 6eae0c21-01aa-4169-956f-5952b26ea7ba:c1505, 8d7dcba1-3b82-4d94-a832-514ef5c79cf8:c1505]
2019-08-21 02:17:15,228 | INFO  | DNAudit | user=null | ip=null | op=WRITE_CHUNK {blockData=conID: 3 locID: 102652564581908933 bcsId: 1503} | ret=SUCCESS |  
2019-08-21 02:17:15,228 | INFO  | DNAudit | user=null | ip=null | op=WRITE_CHUNK {blockData=conID: 3 locID: 102652564581908933 bcsId: 1503} | ret=SUCCESS |  
2019-08-21 02:17:15,230 | INFO  | DNAudit | user=null | ip=null | op=PUT_BLOCK {blockData=[blockId=conID: 3 locID: 102652564581908933 bcsId: 0,size=4194304]} | ret=SUCCESS |  
2019-08-21 02:17:15,231 | INFO  | DNAudit | user=null | ip=null | op=PUT_BLOCK {blockData=[blockId=conID: 3 locID: 102652564581908933 bcsId: 0,size=4194304]} | ret=SUCCESS |  
2019-08-21 02:17:15,231 [grpc-default-executor-0] INFO  client.GrpcClientProtocolClient (GrpcClientProtocolClient.java:onNext(255)) - client-54CC064C3FCE->8224e767-71c1-41fc-a01a-d172d48fd9d8: receive RaftClientReply:client-54CC064C3FCE->8224e767-71c1-41fc-a01a-d172d48fd9d8@group-F6B37CC92441, cid=1106, SUCCESS, logIndex=0, commits[8224e767-71c1-41fc-a01a-d172d48fd9d8:c1509, 6eae0c21-01aa-4169-956f-5952b26ea7ba:c1507, 8d7dcba1-3b82-4d94-a832-514ef5c79cf8:c1507]
2019-08-21 02:17:15,239 | INFO  | DNAudit | user=null | ip=null | op=WRITE_CHUNK {blockData=conID: 1 locID: 102652564581908934 bcsId: 0} | ret=SUCCESS |  
2019-08-21 02:17:15,241 | INFO  | DNAudit | user=null | ip=null | op=WRITE_CHUNK {blockData=conID: 1 locID: 102652564581908934 bcsId: 0} | ret=SUCCESS |  
2019-08-21 02:17:15,241 | INFO  | DNAudit | user=null | ip=null | op=WRITE_CHUNK {blockData=conID: 1 locID: 102652564581908934 bcsId: 0} | ret=SUCCESS |  
2019-08-21 02:17:15,242 | INFO  | DNAudit | user=null | ip=null | op=WRITE_CHUNK {blockData=conID: 1 locID: 102652564581908934 bcsId: 0} | ret=SUCCESS |  
2019-08-21 02:17:15,243 | INFO  | DNAudit | user=null | ip=null | op=WRITE_CHUNK {blockData=conID: 1 locID: 102652564581908934 bcsId: 0} | ret=SUCCESS |  
2019-08-21 02:17:15,243 | INFO  | DNAudit | user=null | ip=null | op=WRITE_CHUNK {blockData=conID: 1 locID: 102652564581908934 bcsId: 0} | ret=SUCCESS |  
2019-08-21 02:17:15,383 | INFO  | DNAudit | user=null | ip=null | op=WRITE_CHUNK {blockData=conID: 1 locID: 102652564581908934 bcsId: 0} | ret=SUCCESS |  
2019-08-21 02:17:15,383 | INFO  | DNAudit | user=null | ip=null | op=PUT_BLOCK {blockData=[blockId=conID: 1 locID: 102652564581908934 bcsId: 0,size=1048576]} | ret=SUCCESS |  
2019-08-21 02:17:15,383 [grpc-default-executor-1] INFO  client.GrpcClientProtocolClient (GrpcClientProtocolClient.java:onNext(255)) - client-54CC064C3FCE->8224e767-71c1-41fc-a01a-d172d48fd9d8: receive RaftClientReply:client-54CC064C3FCE->8224e767-71c1-41fc-a01a-d172d48fd9d8@group-F6B37CC92441, cid=1107, SUCCESS, logIndex=1510, commits[8224e767-71c1-41fc-a01a-d172d48fd9d8:c1512, 6eae0c21-01aa-4169-956f-5952b26ea7ba:c1509, 8d7dcba1-3b82-4d94-a832-514ef5c79cf8:c1509]
2019-08-21 02:17:15,384 | INFO  | DNAudit | user=null | ip=null | op=WRITE_CHUNK {blockData=conID: 1 locID: 102652564581908934 bcsId: 0} | ret=SUCCESS |  
2019-08-21 02:17:15,384 | INFO  | DNAudit | user=null | ip=null | op=PUT_BLOCK {blockData=[blockId=conID: 1 locID: 102652564581908934 bcsId: 0,size=2097152]} | ret=SUCCESS |  
2019-08-21 02:17:15,384 [grpc-default-executor-1] INFO  client.GrpcClientProtocolClient (GrpcClientProtocolClient.java:onNext(255)) - client-54CC064C3FCE->8224e767-71c1-41fc-a01a-d172d48fd9d8: receive RaftClientReply:client-54CC064C3FCE->8224e767-71c1-41fc-a01a-d172d48fd9d8@group-F6B37CC92441, cid=1108, SUCCESS, logIndex=1511, commits[8224e767-71c1-41fc-a01a-d172d48fd9d8:c1513, 6eae0c21-01aa-4169-956f-5952b26ea7ba:c1509, 8d7dcba1-3b82-4d94-a832-514ef5c79cf8:c1509]
2019-08-21 02:17:15,385 [grpc-default-executor-1] INFO  client.GrpcClientProtocolClient (GrpcClientProtocolClient.java:onNext(255)) - client-54CC064C3FCE->8224e767-71c1-41fc-a01a-d172d48fd9d8: receive RaftClientReply:client-54CC064C3FCE->8224e767-71c1-41fc-a01a-d172d48fd9d8@group-F6B37CC92441, cid=1109, SUCCESS, logIndex=1512, commits[8224e767-71c1-41fc-a01a-d172d48fd9d8:c1513, 6eae0c21-01aa-4169-956f-5952b26ea7ba:c1509, 8d7dcba1-3b82-4d94-a832-514ef5c79cf8:c1509]
2019-08-21 02:17:15,385 [grpc-default-executor-1] INFO  client.GrpcClientProtocolClient (GrpcClientProtocolClient.java:onNext(255)) - client-54CC064C3FCE->8224e767-71c1-41fc-a01a-d172d48fd9d8: receive RaftClientReply:client-54CC064C3FCE->8224e767-71c1-41fc-a01a-d172d48fd9d8@group-F6B37CC92441, cid=1110, SUCCESS, logIndex=1513, commits[8224e767-71c1-41fc-a01a-d172d48fd9d8:c1513, 6eae0c21-01aa-4169-956f-5952b26ea7ba:c1509, 8d7dcba1-3b82-4d94-a832-514ef5c79cf8:c1509]
2019-08-21 02:17:15,395 | INFO  | DNAudit | user=null | ip=null | op=WRITE_CHUNK {blockData=conID: 1 locID: 102652564581908934 bcsId: 0} | ret=SUCCESS |  
2019-08-21 02:17:15,395 | INFO  | DNAudit | user=null | ip=null | op=WRITE_CHUNK {blockData=conID: 1 locID: 102652564581908934 bcsId: 0} | ret=SUCCESS |  
2019-08-21 02:17:15,397 | INFO  | DNAudit | user=null | ip=null | op=PUT_BLOCK {blockData=[blockId=conID: 1 locID: 102652564581908934 bcsId: 0,size=1048576]} | ret=SUCCESS |  
2019-08-21 02:17:15,397 | INFO  | DNAudit | user=null | ip=null | op=PUT_BLOCK {blockData=[blockId=conID: 1 locID: 102652564581908934 bcsId: 0,size=1048576]} | ret=SUCCESS |  
2019-08-21 02:17:15,397 | INFO  | DNAudit | user=null | ip=null | op=WRITE_CHUNK {blockData=conID: 1 locID: 102652564581908934 bcsId: 0} | ret=SUCCESS |  
2019-08-21 02:17:15,398 | INFO  | DNAudit | user=null | ip=null | op=PUT_BLOCK {blockData=[blockId=conID: 1 locID: 102652564581908934 bcsId: 0,size=2097152]} | ret=SUCCESS |  
2019-08-21 02:17:15,398 | INFO  | DNAudit | user=null | ip=null | op=WRITE_CHUNK {blockData=conID: 1 locID: 102652564581908934 bcsId: 0} | ret=SUCCESS |  
2019-08-21 02:17:15,398 | INFO  | DNAudit | user=null | ip=null | op=PUT_BLOCK {blockData=[blockId=conID: 1 locID: 102652564581908934 bcsId: 0,size=2097152]} | ret=SUCCESS |  
2019-08-21 02:17:15,398 [grpc-default-executor-1] INFO  client.GrpcClientProtocolClient (GrpcClientProtocolClient.java:onNext(255)) - client-54CC064C3FCE->8224e767-71c1-41fc-a01a-d172d48fd9d8: receive RaftClientReply:client-54CC064C3FCE->8224e767-71c1-41fc-a01a-d172d48fd9d8@group-F6B37CC92441, cid=1111, SUCCESS, logIndex=0, commits[8224e767-71c1-41fc-a01a-d172d48fd9d8:c1515, 6eae0c21-01aa-4169-956f-5952b26ea7ba:c1511, 8d7dcba1-3b82-4d94-a832-514ef5c79cf8:c1511]
2019-08-21 02:17:15,408 | INFO  | DNAudit | user=null | ip=null | op=WRITE_CHUNK {blockData=conID: 1 locID: 102652564581908934 bcsId: 1513} | ret=SUCCESS |  
2019-08-21 02:17:15,411 | INFO  | DNAudit | user=null | ip=null | op=WRITE_CHUNK {blockData=conID: 1 locID: 102652564581908934 bcsId: 1513} | ret=SUCCESS |  
2019-08-21 02:17:15,411 | INFO  | DNAudit | user=null | ip=null | op=WRITE_CHUNK {blockData=conID: 1 locID: 102652564581908934 bcsId: 1513} | ret=SUCCESS |  
2019-08-21 02:17:15,421 | INFO  | DNAudit | user=null | ip=null | op=WRITE_CHUNK {blockData=conID: 1 locID: 102652564581908934 bcsId: 1513} | ret=SUCCESS |  
2019-08-21 02:17:15,422 | INFO  | DNAudit | user=null | ip=null | op=PUT_BLOCK {blockData=[blockId=conID: 1 locID: 102652564581908934 bcsId: 0,size=3145728]} | ret=SUCCESS |  
2019-08-21 02:17:15,422 [grpc-default-executor-2] INFO  client.GrpcClientProtocolClient (GrpcClientProtocolClient.java:onNext(255)) - client-54CC064C3FCE->8224e767-71c1-41fc-a01a-d172d48fd9d8: receive RaftClientReply:client-54CC064C3FCE->8224e767-71c1-41fc-a01a-d172d48fd9d8@group-F6B37CC92441, cid=1112, SUCCESS, logIndex=1518, commits[8224e767-71c1-41fc-a01a-d172d48fd9d8:c1519, 6eae0c21-01aa-4169-956f-5952b26ea7ba:c1517, 8d7dcba1-3b82-4d94-a832-514ef5c79cf8:c1517]
2019-08-21 02:17:15,422 [grpc-default-executor-2] INFO  client.GrpcClientProtocolClient (GrpcClientProtocolClient.java:onNext(255)) - client-54CC064C3FCE->8224e767-71c1-41fc-a01a-d172d48fd9d8: receive RaftClientReply:client-54CC064C3FCE->8224e767-71c1-41fc-a01a-d172d48fd9d8@group-F6B37CC92441, cid=1113, SUCCESS, logIndex=1519, commits[8224e767-71c1-41fc-a01a-d172d48fd9d8:c1519, 6eae0c21-01aa-4169-956f-5952b26ea7ba:c1517, 8d7dcba1-3b82-4d94-a832-514ef5c79cf8:c1517]
2019-08-21 02:17:15,429 | INFO  | DNAudit | user=null | ip=null | op=WRITE_CHUNK {blockData=conID: 1 locID: 102652564581908934 bcsId: 1519} | ret=SUCCESS |  
2019-08-21 02:17:15,431 | INFO  | DNAudit | user=null | ip=null | op=WRITE_CHUNK {blockData=conID: 1 locID: 102652564581908934 bcsId: 1519} | ret=SUCCESS |  
2019-08-21 02:17:15,431 | INFO  | DNAudit | user=null | ip=null | op=WRITE_CHUNK {blockData=conID: 1 locID: 102652564581908934 bcsId: 1519} | ret=SUCCESS |  
2019-08-21 02:17:15,435 | INFO  | DNAudit | user=null | ip=null | op=WRITE_CHUNK {blockData=conID: 1 locID: 102652564581908934 bcsId: 1513} | ret=SUCCESS |  
2019-08-21 02:17:15,435 | INFO  | DNAudit | user=null | ip=null | op=WRITE_CHUNK {blockData=conID: 1 locID: 102652564581908934 bcsId: 1513} | ret=SUCCESS |  
2019-08-21 02:17:15,448 | INFO  | DNAudit | user=null | ip=null | op=PUT_BLOCK {blockData=[blockId=conID: 1 locID: 102652564581908934 bcsId: 0,size=3145728]} | ret=SUCCESS |  
2019-08-21 02:17:15,448 | INFO  | DNAudit | user=null | ip=null | op=PUT_BLOCK {blockData=[blockId=conID: 1 locID: 102652564581908934 bcsId: 0,size=3145728]} | ret=SUCCESS |  
2019-08-21 02:17:15,448 | INFO  | DNAudit | user=null | ip=null | op=WRITE_CHUNK {blockData=conID: 1 locID: 102652564581908934 bcsId: 1519} | ret=SUCCESS |  
2019-08-21 02:17:15,449 | INFO  | DNAudit | user=null | ip=null | op=PUT_BLOCK {blockData=[blockId=conID: 1 locID: 102652564581908934 bcsId: 0,size=4194304]} | ret=SUCCESS |  
2019-08-21 02:17:15,449 [grpc-default-executor-2] INFO  client.GrpcClientProtocolClient (GrpcClientProtocolClient.java:onNext(255)) - client-54CC064C3FCE->8224e767-71c1-41fc-a01a-d172d48fd9d8: receive RaftClientReply:client-54CC064C3FCE->8224e767-71c1-41fc-a01a-d172d48fd9d8@group-F6B37CC92441, cid=1114, SUCCESS, logIndex=1522, commits[8224e767-71c1-41fc-a01a-d172d48fd9d8:c1523, 6eae0c21-01aa-4169-956f-5952b26ea7ba:c1519, 8d7dcba1-3b82-4d94-a832-514ef5c79cf8:c1519]
2019-08-21 02:17:15,450 [grpc-default-executor-2] INFO  client.GrpcClientProtocolClient (GrpcClientProtocolClient.java:onNext(255)) - client-54CC064C3FCE->8224e767-71c1-41fc-a01a-d172d48fd9d8: receive RaftClientReply:client-54CC064C3FCE->8224e767-71c1-41fc-a01a-d172d48fd9d8@group-F6B37CC92441, cid=1115, SUCCESS, logIndex=1523, commits[8224e767-71c1-41fc-a01a-d172d48fd9d8:c1523, 6eae0c21-01aa-4169-956f-5952b26ea7ba:c1519, 8d7dcba1-3b82-4d94-a832-514ef5c79cf8:c1519]
2019-08-21 02:17:15,475 | INFO  | DNAudit | user=null | ip=null | op=WRITE_CHUNK {blockData=conID: 1 locID: 102652564581908934 bcsId: 1519} | ret=SUCCESS |  
2019-08-21 02:17:15,475 | INFO  | DNAudit | user=null | ip=null | op=WRITE_CHUNK {blockData=conID: 1 locID: 102652564581908934 bcsId: 1519} | ret=SUCCESS |  
2019-08-21 02:17:15,476 | INFO  | DNAudit | user=null | ip=null | op=PUT_BLOCK {blockData=[blockId=conID: 1 locID: 102652564581908934 bcsId: 0,size=4194304]} | ret=SUCCESS |  
2019-08-21 02:17:15,477 | INFO  | DNAudit | user=null | ip=null | op=PUT_BLOCK {blockData=[blockId=conID: 1 locID: 102652564581908934 bcsId: 0,size=4194304]} | ret=SUCCESS |  
2019-08-21 02:17:15,477 [grpc-default-executor-2] INFO  client.GrpcClientProtocolClient (GrpcClientProtocolClient.java:onNext(255)) - client-54CC064C3FCE->8224e767-71c1-41fc-a01a-d172d48fd9d8: receive RaftClientReply:client-54CC064C3FCE->8224e767-71c1-41fc-a01a-d172d48fd9d8@group-F6B37CC92441, cid=1116, SUCCESS, logIndex=0, commits[8224e767-71c1-41fc-a01a-d172d48fd9d8:c1525, 6eae0c21-01aa-4169-956f-5952b26ea7ba:c1523, 8d7dcba1-3b82-4d94-a832-514ef5c79cf8:c1523]
2019-08-21 02:17:15,484 | INFO  | DNAudit | user=null | ip=null | op=WRITE_CHUNK {blockData=conID: 2 locID: 102652564581908935 bcsId: 0} | ret=SUCCESS |  
2019-08-21 02:17:15,485 | INFO  | DNAudit | user=null | ip=null | op=WRITE_CHUNK {blockData=conID: 2 locID: 102652564581908935 bcsId: 0} | ret=SUCCESS |  
2019-08-21 02:17:15,486 | INFO  | DNAudit | user=null | ip=null | op=WRITE_CHUNK {blockData=conID: 2 locID: 102652564581908935 bcsId: 0} | ret=SUCCESS |  
2019-08-21 02:17:15,487 | INFO  | DNAudit | user=null | ip=null | op=WRITE_CHUNK {blockData=conID: 2 locID: 102652564581908935 bcsId: 0} | ret=SUCCESS |  
2019-08-21 02:17:15,489 | INFO  | DNAudit | user=null | ip=null | op=WRITE_CHUNK {blockData=conID: 2 locID: 102652564581908935 bcsId: 0} | ret=SUCCESS |  
2019-08-21 02:17:15,489 | INFO  | DNAudit | user=null | ip=null | op=WRITE_CHUNK {blockData=conID: 2 locID: 102652564581908935 bcsId: 0} | ret=SUCCESS |  
2019-08-21 02:17:15,498 | INFO  | DNAudit | user=null | ip=null | op=WRITE_CHUNK {blockData=conID: 2 locID: 102652564581908935 bcsId: 0} | ret=SUCCESS |  
2019-08-21 02:17:15,498 | INFO  | DNAudit | user=null | ip=null | op=PUT_BLOCK {blockData=[blockId=conID: 2 locID: 102652564581908935 bcsId: 0,size=1048576]} | ret=SUCCESS |  
2019-08-21 02:17:15,499 [grpc-default-executor-2] INFO  client.GrpcClientProtocolClient (GrpcClientProtocolClient.java:onNext(255)) - client-54CC064C3FCE->8224e767-71c1-41fc-a01a-d172d48fd9d8: receive RaftClientReply:client-54CC064C3FCE->8224e767-71c1-41fc-a01a-d172d48fd9d8@group-F6B37CC92441, cid=1117, SUCCESS, logIndex=1526, commits[8224e767-71c1-41fc-a01a-d172d48fd9d8:c1527, 6eae0c21-01aa-4169-956f-5952b26ea7ba:c1525, 8d7dcba1-3b82-4d94-a832-514ef5c79cf8:c1525]
2019-08-21 02:17:15,499 | INFO  | DNAudit | user=null | ip=null | op=WRITE_CHUNK {blockData=conID: 2 locID: 102652564581908935 bcsId: 0} | ret=SUCCESS |  
2019-08-21 02:17:15,499 [grpc-default-executor-2] INFO  client.GrpcClientProtocolClient (GrpcClientProtocolClient.java:onNext(255)) - client-54CC064C3FCE->8224e767-71c1-41fc-a01a-d172d48fd9d8: receive RaftClientReply:client-54CC064C3FCE->8224e767-71c1-41fc-a01a-d172d48fd9d8@group-F6B37CC92441, cid=1118, SUCCESS, logIndex=1527, commits[8224e767-71c1-41fc-a01a-d172d48fd9d8:c1527, 6eae0c21-01aa-4169-956f-5952b26ea7ba:c1525, 8d7dcba1-3b82-4d94-a832-514ef5c79cf8:c1525]
2019-08-21 02:17:15,500 | INFO  | DNAudit | user=null | ip=null | op=PUT_BLOCK {blockData=[blockId=conID: 2 locID: 102652564581908935 bcsId: 0,size=2097152]} | ret=SUCCESS |  
2019-08-21 02:17:15,500 [grpc-default-executor-2] INFO  client.GrpcClientProtocolClient (GrpcClientProtocolClient.java:onNext(255)) - client-54CC064C3FCE->8224e767-71c1-41fc-a01a-d172d48fd9d8: receive RaftClientReply:client-54CC064C3FCE->8224e767-71c1-41fc-a01a-d172d48fd9d8@group-F6B37CC92441, cid=1119, SUCCESS, logIndex=1528, commits[8224e767-71c1-41fc-a01a-d172d48fd9d8:c1529, 6eae0c21-01aa-4169-956f-5952b26ea7ba:c1525, 8d7dcba1-3b82-4d94-a832-514ef5c79cf8:c1525]
2019-08-21 02:17:15,500 [grpc-default-executor-2] INFO  client.GrpcClientProtocolClient (GrpcClientProtocolClient.java:onNext(255)) - client-54CC064C3FCE->8224e767-71c1-41fc-a01a-d172d48fd9d8: receive RaftClientReply:client-54CC064C3FCE->8224e767-71c1-41fc-a01a-d172d48fd9d8@group-F6B37CC92441, cid=1120, SUCCESS, logIndex=1529, commits[8224e767-71c1-41fc-a01a-d172d48fd9d8:c1529, 6eae0c21-01aa-4169-956f-5952b26ea7ba:c1525, 8d7dcba1-3b82-4d94-a832-514ef5c79cf8:c1525]
2019-08-21 02:17:15,512 | INFO  | DNAudit | user=null | ip=null | op=WRITE_CHUNK {blockData=conID: 2 locID: 102652564581908935 bcsId: 0} | ret=SUCCESS |  
2019-08-21 02:17:15,512 | INFO  | DNAudit | user=null | ip=null | op=PUT_BLOCK {blockData=[blockId=conID: 2 locID: 102652564581908935 bcsId: 0,size=1048576]} | ret=SUCCESS |  
2019-08-21 02:17:15,523 | INFO  | DNAudit | user=null | ip=null | op=WRITE_CHUNK {blockData=conID: 2 locID: 102652564581908935 bcsId: 0} | ret=SUCCESS |  
2019-08-21 02:17:15,523 | INFO  | DNAudit | user=null | ip=null | op=PUT_BLOCK {blockData=[blockId=conID: 2 locID: 102652564581908935 bcsId: 0,size=1048576]} | ret=SUCCESS |  
2019-08-21 02:17:15,524 | INFO  | DNAudit | user=null | ip=null | op=WRITE_CHUNK {blockData=conID: 2 locID: 102652564581908935 bcsId: 0} | ret=SUCCESS |  
2019-08-21 02:17:15,523 [grpc-default-executor-2] INFO  client.GrpcClientProtocolClient (GrpcClientProtocolClient.java:onNext(255)) - client-54CC064C3FCE->8224e767-71c1-41fc-a01a-d172d48fd9d8: receive RaftClientReply:client-54CC064C3FCE->8224e767-71c1-41fc-a01a-d172d48fd9d8@group-F6B37CC92441, cid=1121, SUCCESS, logIndex=0, commits[8224e767-71c1-41fc-a01a-d172d48fd9d8:c1530, 6eae0c21-01aa-4169-956f-5952b26ea7ba:c1527, 8d7dcba1-3b82-4d94-a832-514ef5c79cf8:c1527]
2019-08-21 02:17:15,524 | INFO  | DNAudit | user=null | ip=null | op=PUT_BLOCK {blockData=[blockId=conID: 2 locID: 102652564581908935 bcsId: 0,size=2097152]} | ret=SUCCESS |  
2019-08-21 02:17:15,525 | INFO  | DNAudit | user=null | ip=null | op=WRITE_CHUNK {blockData=conID: 2 locID: 102652564581908935 bcsId: 0} | ret=SUCCESS |  
2019-08-21 02:17:15,526 | INFO  | DNAudit | user=null | ip=null | op=PUT_BLOCK {blockData=[blockId=conID: 2 locID: 102652564581908935 bcsId: 0,size=2097152]} | ret=SUCCESS |  
2019-08-21 02:17:15,531 | INFO  | DNAudit | user=null | ip=null | op=WRITE_CHUNK {blockData=conID: 2 locID: 102652564581908935 bcsId: 1529} | ret=SUCCESS |  
2019-08-21 02:17:15,533 | INFO  | DNAudit | user=null | ip=null | op=WRITE_CHUNK {blockData=conID: 2 locID: 102652564581908935 bcsId: 1529} | ret=SUCCESS |  
2019-08-21 02:17:15,534 | INFO  | DNAudit | user=null | ip=null | op=WRITE_CHUNK {blockData=conID: 2 locID: 102652564581908935 bcsId: 1529} | ret=SUCCESS |  
2019-08-21 02:17:15,546 | INFO  | DNAudit | user=null | ip=null | op=WRITE_CHUNK {blockData=conID: 2 locID: 102652564581908935 bcsId: 1529} | ret=SUCCESS |  
2019-08-21 02:17:15,547 | INFO  | DNAudit | user=null | ip=null | op=PUT_BLOCK {blockData=[blockId=conID: 2 locID: 102652564581908935 bcsId: 0,size=3145728]} | ret=SUCCESS |  
2019-08-21 02:17:15,547 [grpc-default-executor-1] INFO  client.GrpcClientProtocolClient (GrpcClientProtocolClient.java:onNext(255)) - client-54CC064C3FCE->8224e767-71c1-41fc-a01a-d172d48fd9d8: receive RaftClientReply:client-54CC064C3FCE->8224e767-71c1-41fc-a01a-d172d48fd9d8@group-F6B37CC92441, cid=1122, SUCCESS, logIndex=1533, commits[8224e767-71c1-41fc-a01a-d172d48fd9d8:c1534, 6eae0c21-01aa-4169-956f-5952b26ea7ba:c1532, 8d7dcba1-3b82-4d94-a832-514ef5c79cf8:c1532]
2019-08-21 02:17:15,547 [grpc-default-executor-1] INFO  client.GrpcClientProtocolClient (GrpcClientProtocolClient.java:onNext(255)) - client-54CC064C3FCE->8224e767-71c1-41fc-a01a-d172d48fd9d8: receive RaftClientReply:client-54CC064C3FCE->8224e767-71c1-41fc-a01a-d172d48fd9d8@group-F6B37CC92441, cid=1123, SUCCESS, logIndex=1534, commits[8224e767-71c1-41fc-a01a-d172d48fd9d8:c1534, 6eae0c21-01aa-4169-956f-5952b26ea7ba:c1532, 8d7dcba1-3b82-4d94-a832-514ef5c79cf8:c1532]
2019-08-21 02:17:15,553 | INFO  | DNAudit | user=null | ip=null | op=WRITE_CHUNK {blockData=conID: 2 locID: 102652564581908935 bcsId: 1534} | ret=SUCCESS |  
2019-08-21 02:17:15,556 | INFO  | DNAudit | user=null | ip=null | op=WRITE_CHUNK {blockData=conID: 2 locID: 102652564581908935 bcsId: 1534} | ret=SUCCESS |  
2019-08-21 02:17:15,557 | INFO  | DNAudit | user=null | ip=null | op=WRITE_CHUNK {blockData=conID: 2 locID: 102652564581908935 bcsId: 1534} | ret=SUCCESS |  
2019-08-21 02:17:15,559 | INFO  | DNAudit | user=null | ip=null | op=WRITE_CHUNK {blockData=conID: 2 locID: 102652564581908935 bcsId: 1529} | ret=SUCCESS |  
2019-08-21 02:17:15,559 | INFO  | DNAudit | user=null | ip=null | op=WRITE_CHUNK {blockData=conID: 2 locID: 102652564581908935 bcsId: 1529} | ret=SUCCESS |  
2019-08-21 02:17:15,559 | INFO  | DNAudit | user=null | ip=null | op=PUT_BLOCK {blockData=[blockId=conID: 2 locID: 102652564581908935 bcsId: 0,size=3145728]} | ret=SUCCESS |  
2019-08-21 02:17:15,559 | INFO  | DNAudit | user=null | ip=null | op=PUT_BLOCK {blockData=[blockId=conID: 2 locID: 102652564581908935 bcsId: 0,size=3145728]} | ret=SUCCESS |  
2019-08-21 02:17:15,573 | INFO  | DNAudit | user=null | ip=null | op=WRITE_CHUNK {blockData=conID: 2 locID: 102652564581908935 bcsId: 1534} | ret=SUCCESS |  
2019-08-21 02:17:15,573 | INFO  | DNAudit | user=null | ip=null | op=PUT_BLOCK {blockData=[blockId=conID: 2 locID: 102652564581908935 bcsId: 0,size=4194304]} | ret=SUCCESS |  
2019-08-21 02:17:15,573 [grpc-default-executor-2] INFO  client.GrpcClientProtocolClient (GrpcClientProtocolClient.java:onNext(255)) - client-54CC064C3FCE->8224e767-71c1-41fc-a01a-d172d48fd9d8: receive RaftClientReply:client-54CC064C3FCE->8224e767-71c1-41fc-a01a-d172d48fd9d8@group-F6B37CC92441, cid=1124, SUCCESS, logIndex=1537, commits[8224e767-71c1-41fc-a01a-d172d48fd9d8:c1537, 6eae0c21-01aa-4169-956f-5952b26ea7ba:c1534, 8d7dcba1-3b82-4d94-a832-514ef5c79cf8:c1534]
2019-08-21 02:17:15,574 [grpc-default-executor-2] INFO  client.GrpcClientProtocolClient (GrpcClientProtocolClient.java:onNext(255)) - client-54CC064C3FCE->8224e767-71c1-41fc-a01a-d172d48fd9d8: receive RaftClientReply:client-54CC064C3FCE->8224e767-71c1-41fc-a01a-d172d48fd9d8@group-F6B37CC92441, cid=1125, SUCCESS, logIndex=1538, commits[8224e767-71c1-41fc-a01a-d172d48fd9d8:c1538, 6eae0c21-01aa-4169-956f-5952b26ea7ba:c1534, 8d7dcba1-3b82-4d94-a832-514ef5c79cf8:c1534]
2019-08-21 02:17:15,586 | INFO  | DNAudit | user=null | ip=null | op=WRITE_CHUNK {blockData=conID: 2 locID: 102652564581908935 bcsId: 1534} | ret=SUCCESS |  
2019-08-21 02:17:15,586 | INFO  | DNAudit | user=null | ip=null | op=WRITE_CHUNK {blockData=conID: 2 locID: 102652564581908935 bcsId: 1534} | ret=SUCCESS |  
2019-08-21 02:17:15,598 | INFO  | DNAudit | user=null | ip=null | op=PUT_BLOCK {blockData=[blockId=conID: 2 locID: 102652564581908935 bcsId: 0,size=4194304]} | ret=SUCCESS |  
2019-08-21 02:17:15,599 | INFO  | DNAudit | user=null | ip=null | op=PUT_BLOCK {blockData=[blockId=conID: 2 locID: 102652564581908935 bcsId: 0,size=4194304]} | ret=SUCCESS |  
2019-08-21 02:17:15,599 [grpc-default-executor-1] INFO  client.GrpcClientProtocolClient (GrpcClientProtocolClient.java:onNext(255)) - client-54CC064C3FCE->8224e767-71c1-41fc-a01a-d172d48fd9d8: receive RaftClientReply:client-54CC064C3FCE->8224e767-71c1-41fc-a01a-d172d48fd9d8@group-F6B37CC92441, cid=1126, SUCCESS, logIndex=0, commits[8224e767-71c1-41fc-a01a-d172d48fd9d8:c1540, 6eae0c21-01aa-4169-956f-5952b26ea7ba:c1538, 8d7dcba1-3b82-4d94-a832-514ef5c79cf8:c1538]
2019-08-21 02:17:15,606 | INFO  | DNAudit | user=null | ip=null | op=WRITE_CHUNK {blockData=conID: 3 locID: 102652564581908936 bcsId: 0} | ret=SUCCESS |  
2019-08-21 02:17:15,608 | INFO  | DNAudit | user=null | ip=null | op=WRITE_CHUNK {blockData=conID: 3 locID: 102652564581908936 bcsId: 0} | ret=SUCCESS |  
2019-08-21 02:17:15,609 | INFO  | DNAudit | user=null | ip=null | op=WRITE_CHUNK {blockData=conID: 3 locID: 102652564581908936 bcsId: 0} | ret=SUCCESS |  
2019-08-21 02:17:15,611 | INFO  | DNAudit | user=null | ip=null | op=WRITE_CHUNK {blockData=conID: 3 locID: 102652564581908936 bcsId: 0} | ret=SUCCESS |  
2019-08-21 02:17:15,612 | INFO  | DNAudit | user=null | ip=null | op=WRITE_CHUNK {blockData=conID: 3 locID: 102652564581908936 bcsId: 0} | ret=SUCCESS |  
2019-08-21 02:17:15,613 | INFO  | DNAudit | user=null | ip=null | op=WRITE_CHUNK {blockData=conID: 3 locID: 102652564581908936 bcsId: 0} | ret=SUCCESS |  
2019-08-21 02:17:15,627 | INFO  | DNAudit | user=null | ip=null | op=WRITE_CHUNK {blockData=conID: 3 locID: 102652564581908936 bcsId: 0} | ret=SUCCESS |  
2019-08-21 02:17:15,627 | INFO  | DNAudit | user=null | ip=null | op=PUT_BLOCK {blockData=[blockId=conID: 3 locID: 102652564581908936 bcsId: 0,size=1048576]} | ret=SUCCESS |  
2019-08-21 02:17:15,628 | INFO  | DNAudit | user=null | ip=null | op=WRITE_CHUNK {blockData=conID: 3 locID: 102652564581908936 bcsId: 0} | ret=SUCCESS |  
2019-08-21 02:17:15,628 [grpc-default-executor-1] INFO  client.GrpcClientProtocolClient (GrpcClientProtocolClient.java:onNext(255)) - client-54CC064C3FCE->8224e767-71c1-41fc-a01a-d172d48fd9d8: receive RaftClientReply:client-54CC064C3FCE->8224e767-71c1-41fc-a01a-d172d48fd9d8@group-F6B37CC92441, cid=1127, SUCCESS, logIndex=1541, commits[8224e767-71c1-41fc-a01a-d172d48fd9d8:c1542, 6eae0c21-01aa-4169-956f-5952b26ea7ba:c1540, 8d7dcba1-3b82-4d94-a832-514ef5c79cf8:c1540]
2019-08-21 02:17:15,628 | INFO  | DNAudit | user=null | ip=null | op=PUT_BLOCK {blockData=[blockId=conID: 3 locID: 102652564581908936 bcsId: 0,size=2097152]} | ret=SUCCESS |  
2019-08-21 02:17:15,628 [grpc-default-executor-1] INFO  client.GrpcClientProtocolClient (GrpcClientProtocolClient.java:onNext(255)) - client-54CC064C3FCE->8224e767-71c1-41fc-a01a-d172d48fd9d8: receive RaftClientReply:client-54CC064C3FCE->8224e767-71c1-41fc-a01a-d172d48fd9d8@group-F6B37CC92441, cid=1128, SUCCESS, logIndex=1542, commits[8224e767-71c1-41fc-a01a-d172d48fd9d8:c1544, 6eae0c21-01aa-4169-956f-5952b26ea7ba:c1540, 8d7dcba1-3b82-4d94-a832-514ef5c79cf8:c1540]
2019-08-21 02:17:15,628 [grpc-default-executor-1] INFO  client.GrpcClientProtocolClient (GrpcClientProtocolClient.java:onNext(255)) - client-54CC064C3FCE->8224e767-71c1-41fc-a01a-d172d48fd9d8: receive RaftClientReply:client-54CC064C3FCE->8224e767-71c1-41fc-a01a-d172d48fd9d8@group-F6B37CC92441, cid=1129, SUCCESS, logIndex=1543, commits[8224e767-71c1-41fc-a01a-d172d48fd9d8:c1544, 6eae0c21-01aa-4169-956f-5952b26ea7ba:c1540, 8d7dcba1-3b82-4d94-a832-514ef5c79cf8:c1540]
2019-08-21 02:17:15,629 [grpc-default-executor-1] INFO  client.GrpcClientProtocolClient (GrpcClientProtocolClient.java:onNext(255)) - client-54CC064C3FCE->8224e767-71c1-41fc-a01a-d172d48fd9d8: receive RaftClientReply:client-54CC064C3FCE->8224e767-71c1-41fc-a01a-d172d48fd9d8@group-F6B37CC92441, cid=1130, SUCCESS, logIndex=1544, commits[8224e767-71c1-41fc-a01a-d172d48fd9d8:c1544, 6eae0c21-01aa-4169-956f-5952b26ea7ba:c1540, 8d7dcba1-3b82-4d94-a832-514ef5c79cf8:c1540]
2019-08-21 02:17:15,631 | INFO  | SCMAudit | user=jenkins1000 | ip=192.168.34.10 | op=SEND_HEARTBEAT {datanodeUUID=3def7c30-cb13-4f41-8119-6188f246ad27, command=[]} | ret=SUCCESS |  
2019-08-21 02:17:15,632 | INFO  | SCMAudit | user=jenkins1000 | ip=192.168.34.10 | op=SEND_HEARTBEAT {datanodeUUID=94764dae-819c-4b7e-92f1-9cd6c64427b7, command=[]} | ret=SUCCESS |  
2019-08-21 02:17:15,640 | INFO  | DNAudit | user=null | ip=null | op=WRITE_CHUNK {blockData=conID: 3 locID: 102652564581908936 bcsId: 0} | ret=SUCCESS |  
2019-08-21 02:17:15,640 | INFO  | DNAudit | user=null | ip=null | op=PUT_BLOCK {blockData=[blockId=conID: 3 locID: 102652564581908936 bcsId: 0,size=1048576]} | ret=SUCCESS |  
2019-08-21 02:17:15,640 | INFO  | DNAudit | user=null | ip=null | op=WRITE_CHUNK {blockData=conID: 3 locID: 102652564581908936 bcsId: 0} | ret=SUCCESS |  
2019-08-21 02:17:15,640 | INFO  | DNAudit | user=null | ip=null | op=PUT_BLOCK {blockData=[blockId=conID: 3 locID: 102652564581908936 bcsId: 0,size=1048576]} | ret=SUCCESS |  
2019-08-21 02:17:15,642 | INFO  | DNAudit | user=null | ip=null | op=WRITE_CHUNK {blockData=conID: 3 locID: 102652564581908936 bcsId: 0} | ret=SUCCESS |  
2019-08-21 02:17:15,642 [grpc-default-executor-1] INFO  client.GrpcClientProtocolClient (GrpcClientProtocolClient.java:onNext(255)) - client-54CC064C3FCE->8224e767-71c1-41fc-a01a-d172d48fd9d8: receive RaftClientReply:client-54CC064C3FCE->8224e767-71c1-41fc-a01a-d172d48fd9d8@group-F6B37CC92441, cid=1131, SUCCESS, logIndex=0, commits[8224e767-71c1-41fc-a01a-d172d48fd9d8:c1545, 6eae0c21-01aa-4169-956f-5952b26ea7ba:c1542, 8d7dcba1-3b82-4d94-a832-514ef5c79cf8:c1542]
2019-08-21 02:17:15,642 | INFO  | DNAudit | user=null | ip=null | op=PUT_BLOCK {blockData=[blockId=conID: 3 locID: 102652564581908936 bcsId: 0,size=2097152]} | ret=SUCCESS |  
2019-08-21 02:17:15,643 | INFO  | DNAudit | user=null | ip=null | op=WRITE_CHUNK {blockData=conID: 3 locID: 102652564581908936 bcsId: 0} | ret=SUCCESS |  
2019-08-21 02:17:15,643 | INFO  | DNAudit | user=null | ip=null | op=PUT_BLOCK {blockData=[blockId=conID: 3 locID: 102652564581908936 bcsId: 0,size=2097152]} | ret=SUCCESS |  
2019-08-21 02:17:15,650 | INFO  | DNAudit | user=null | ip=null | op=WRITE_CHUNK {blockData=conID: 3 locID: 102652564581908936 bcsId: 1544} | ret=SUCCESS |  
2019-08-21 02:17:15,652 | INFO  | DNAudit | user=null | ip=null | op=WRITE_CHUNK {blockData=conID: 3 locID: 102652564581908936 bcsId: 1544} | ret=SUCCESS |  
 0.00% |█                                                                                                    |  0/1 Time: 0:00:062019-08-21 02:17:15,653 | INFO  | DNAudit | user=null | ip=null | op=WRITE_CHUNK {blockData=conID: 3 locID: 102652564581908936 bcsId: 1544} | ret=SUCCESS |  
2019-08-21 02:17:15,655 | INFO  | DNAudit | user=null | ip=null | op=WRITE_CHUNK {blockData=conID: 3 locID: 102652564581908936 bcsId: 1544} | ret=SUCCESS |  
2019-08-21 02:17:15,655 | INFO  | DNAudit | user=null | ip=null | op=PUT_BLOCK {blockData=[blockId=conID: 3 locID: 102652564581908936 bcsId: 0,size=3145728]} | ret=SUCCESS |  
2019-08-21 02:17:15,655 [grpc-default-executor-2] INFO  client.GrpcClientProtocolClient (GrpcClientProtocolClient.java:onNext(255)) - client-54CC064C3FCE->8224e767-71c1-41fc-a01a-d172d48fd9d8: receive RaftClientReply:client-54CC064C3FCE->8224e767-71c1-41fc-a01a-d172d48fd9d8@group-F6B37CC92441, cid=1132, SUCCESS, logIndex=1548, commits[8224e767-71c1-41fc-a01a-d172d48fd9d8:c1549, 6eae0c21-01aa-4169-956f-5952b26ea7ba:c1547, 8d7dcba1-3b82-4d94-a832-514ef5c79cf8:c1544]
2019-08-21 02:17:15,656 [grpc-default-executor-2] INFO  client.GrpcClientProtocolClient (GrpcClientProtocolClient.java:onNext(255)) - client-54CC064C3FCE->8224e767-71c1-41fc-a01a-d172d48fd9d8: receive RaftClientReply:client-54CC064C3FCE->8224e767-71c1-41fc-a01a-d172d48fd9d8@group-F6B37CC92441, cid=1133, SUCCESS, logIndex=1549, commits[8224e767-71c1-41fc-a01a-d172d48fd9d8:c1549, 6eae0c21-01aa-4169-956f-5952b26ea7ba:c1547, 8d7dcba1-3b82-4d94-a832-514ef5c79cf8:c1547]
2019-08-21 02:17:15,657 | INFO  | DNAudit | user=null | ip=null | op=WRITE_CHUNK {blockData=conID: 3 locID: 102652564581908936 bcsId: 1544} | ret=SUCCESS |  
2019-08-21 02:17:15,658 | INFO  | DNAudit | user=null | ip=null | op=WRITE_CHUNK {blockData=conID: 3 locID: 102652564581908936 bcsId: 1544} | ret=SUCCESS |  
2019-08-21 02:17:15,658 | INFO  | DNAudit | user=null | ip=null | op=PUT_BLOCK {blockData=[blockId=conID: 3 locID: 102652564581908936 bcsId: 0,size=3145728]} | ret=SUCCESS |  
2019-08-21 02:17:15,659 | INFO  | DNAudit | user=null | ip=null | op=PUT_BLOCK {blockData=[blockId=conID: 3 locID: 102652564581908936 bcsId: 0,size=3145728]} | ret=SUCCESS |  
2019-08-21 02:17:15,663 | INFO  | DNAudit | user=null | ip=null | op=WRITE_CHUNK {blockData=conID: 3 locID: 102652564581908936 bcsId: 1549} | ret=SUCCESS |  
2019-08-21 02:17:15,666 | INFO  | DNAudit | user=null | ip=null | op=WRITE_CHUNK {blockData=conID: 3 locID: 102652564581908936 bcsId: 1549} | ret=SUCCESS |  
2019-08-21 02:17:15,666 | INFO  | DNAudit | user=null | ip=null | op=WRITE_CHUNK {blockData=conID: 3 locID: 102652564581908936 bcsId: 1549} | ret=SUCCESS |  
2019-08-21 02:17:15,668 | INFO  | DNAudit | user=null | ip=null | op=WRITE_CHUNK {blockData=conID: 3 locID: 102652564581908936 bcsId: 1549} | ret=SUCCESS |  
2019-08-21 02:17:15,669 | INFO  | DNAudit | user=null | ip=null | op=PUT_BLOCK {blockData=[blockId=conID: 3 locID: 102652564581908936 bcsId: 0,size=4194304]} | ret=SUCCESS |  
2019-08-21 02:17:15,669 [grpc-default-executor-2] INFO  client.GrpcClientProtocolClient (GrpcClientProtocolClient.java:onNext(255)) - client-54CC064C3FCE->8224e767-71c1-41fc-a01a-d172d48fd9d8: receive RaftClientReply:client-54CC064C3FCE->8224e767-71c1-41fc-a01a-d172d48fd9d8@group-F6B37CC92441, cid=1134, SUCCESS, logIndex=1552, commits[8224e767-71c1-41fc-a01a-d172d48fd9d8:c1553, 6eae0c21-01aa-4169-956f-5952b26ea7ba:c1551, 8d7dcba1-3b82-4d94-a832-514ef5c79cf8:c1551]
2019-08-21 02:17:15,669 [grpc-default-executor-2] INFO  client.GrpcClientProtocolClient (GrpcClientProtocolClient.java:onNext(255)) - client-54CC064C3FCE->8224e767-71c1-41fc-a01a-d172d48fd9d8: receive RaftClientReply:client-54CC064C3FCE->8224e767-71c1-41fc-a01a-d172d48fd9d8@group-F6B37CC92441, cid=1135, SUCCESS, logIndex=1553, commits[8224e767-71c1-41fc-a01a-d172d48fd9d8:c1553, 6eae0c21-01aa-4169-956f-5952b26ea7ba:c1551, 8d7dcba1-3b82-4d94-a832-514ef5c79cf8:c1551]
2019-08-21 02:17:15,672 | INFO  | DNAudit | user=null | ip=null | op=WRITE_CHUNK {blockData=conID: 3 locID: 102652564581908936 bcsId: 1549} | ret=SUCCESS |  
2019-08-21 02:17:15,672 | INFO  | DNAudit | user=null | ip=null | op=PUT_BLOCK {blockData=[blockId=conID: 3 locID: 102652564581908936 bcsId: 0,size=4194304]} | ret=SUCCESS |  
2019-08-21 02:17:15,672 | INFO  | DNAudit | user=null | ip=null | op=WRITE_CHUNK {blockData=conID: 3 locID: 102652564581908936 bcsId: 1549} | ret=SUCCESS |  
2019-08-21 02:17:15,672 | INFO  | DNAudit | user=null | ip=null | op=PUT_BLOCK {blockData=[blockId=conID: 3 locID: 102652564581908936 bcsId: 0,size=4194304]} | ret=SUCCESS |  
2019-08-21 02:17:15,672 [grpc-default-executor-4] INFO  client.GrpcClientProtocolClient (GrpcClientProtocolClient.java:onNext(255)) - client-54CC064C3FCE->8224e767-71c1-41fc-a01a-d172d48fd9d8: receive RaftClientReply:client-54CC064C3FCE->8224e767-71c1-41fc-a01a-d172d48fd9d8@group-F6B37CC92441, cid=1136, SUCCESS, logIndex=0, commits[8224e767-71c1-41fc-a01a-d172d48fd9d8:c1554, 6eae0c21-01aa-4169-956f-5952b26ea7ba:c1553, 8d7dcba1-3b82-4d94-a832-514ef5c79cf8:c1553]
2019-08-21 02:17:15,679 | INFO  | DNAudit | user=null | ip=null | op=WRITE_CHUNK {blockData=conID: 1 locID: 102652564581908937 bcsId: 0} | ret=SUCCESS |  
2019-08-21 02:17:15,682 | INFO  | DNAudit | user=null | ip=null | op=WRITE_CHUNK {blockData=conID: 1 locID: 102652564581908937 bcsId: 0} | ret=SUCCESS |  
2019-08-21 02:17:15,683 | INFO  | DNAudit | user=null | ip=null | op=WRITE_CHUNK {blockData=conID: 1 locID: 102652564581908937 bcsId: 0} | ret=SUCCESS |  
2019-08-21 02:17:15,683 | INFO  | DNAudit | user=null | ip=null | op=WRITE_CHUNK {blockData=conID: 1 locID: 102652564581908937 bcsId: 0} | ret=SUCCESS |  
2019-08-21 02:17:15,683 | INFO  | DNAudit | user=null | ip=null | op=WRITE_CHUNK {blockData=conID: 1 locID: 102652564581908937 bcsId: 0} | ret=SUCCESS |  
2019-08-21 02:17:15,684 | INFO  | DNAudit | user=null | ip=null | op=WRITE_CHUNK {blockData=conID: 1 locID: 102652564581908937 bcsId: 0} | ret=SUCCESS |  
2019-08-21 02:17:15,684 | INFO  | DNAudit | user=null | ip=null | op=WRITE_CHUNK {blockData=conID: 1 locID: 102652564581908937 bcsId: 0} | ret=SUCCESS |  
2019-08-21 02:17:15,685 | INFO  | DNAudit | user=null | ip=null | op=PUT_BLOCK {blockData=[blockId=conID: 1 locID: 102652564581908937 bcsId: 0,size=1048576]} | ret=SUCCESS |  
2019-08-21 02:17:15,685 [grpc-default-executor-0] INFO  client.GrpcClientProtocolClient (GrpcClientProtocolClient.java:onNext(255)) - client-54CC064C3FCE->8224e767-71c1-41fc-a01a-d172d48fd9d8: receive RaftClientReply:client-54CC064C3FCE->8224e767-71c1-41fc-a01a-d172d48fd9d8@group-F6B37CC92441, cid=1137, SUCCESS, logIndex=1556, commits[8224e767-71c1-41fc-a01a-d172d48fd9d8:c1557, 6eae0c21-01aa-4169-956f-5952b26ea7ba:c1553, 8d7dcba1-3b82-4d94-a832-514ef5c79cf8:c1555]
2019-08-21 02:17:15,685 | INFO  | DNAudit | user=null | ip=null | op=WRITE_CHUNK {blockData=conID: 1 locID: 102652564581908937 bcsId: 0} | ret=SUCCESS |  
2019-08-21 02:17:15,686 [grpc-default-executor-4] INFO  client.GrpcClientProtocolClient (GrpcClientProtocolClient.java:onNext(255)) - client-54CC064C3FCE->8224e767-71c1-41fc-a01a-d172d48fd9d8: receive RaftClientReply:client-54CC064C3FCE->8224e767-71c1-41fc-a01a-d172d48fd9d8@group-F6B37CC92441, cid=1138, SUCCESS, logIndex=1557, commits[8224e767-71c1-41fc-a01a-d172d48fd9d8:c1557, 6eae0c21-01aa-4169-956f-5952b26ea7ba:c1553, 8d7dcba1-3b82-4d94-a832-514ef5c79cf8:c1555]
2019-08-21 02:17:15,686 | INFO  | DNAudit | user=null | ip=null | op=PUT_BLOCK {blockData=[blockId=conID: 1 locID: 102652564581908937 bcsId: 0,size=2097152]} | ret=SUCCESS |  
2019-08-21 02:17:15,686 [grpc-default-executor-2] INFO  client.GrpcClientProtocolClient (GrpcClientProtocolClient.java:onNext(255)) - client-54CC064C3FCE->8224e767-71c1-41fc-a01a-d172d48fd9d8: receive RaftClientReply:client-54CC064C3FCE->8224e767-71c1-41fc-a01a-d172d48fd9d8@group-F6B37CC92441, cid=1139, SUCCESS, logIndex=1558, commits[8224e767-71c1-41fc-a01a-d172d48fd9d8:c1559, 6eae0c21-01aa-4169-956f-5952b26ea7ba:c1555, 8d7dcba1-3b82-4d94-a832-514ef5c79cf8:c1555]
2019-08-21 02:17:15,687 | INFO  | DNAudit | user=null | ip=null | op=WRITE_CHUNK {blockData=conID: 1 locID: 102652564581908937 bcsId: 0} | ret=SUCCESS |  
2019-08-21 02:17:15,687 [grpc-default-executor-2] INFO  client.GrpcClientProtocolClient (GrpcClientProtocolClient.java:onNext(255)) - client-54CC064C3FCE->8224e767-71c1-41fc-a01a-d172d48fd9d8: receive RaftClientReply:client-54CC064C3FCE->8224e767-71c1-41fc-a01a-d172d48fd9d8@group-F6B37CC92441, cid=1140, SUCCESS, logIndex=1559, commits[8224e767-71c1-41fc-a01a-d172d48fd9d8:c1559, 6eae0c21-01aa-4169-956f-5952b26ea7ba:c1555, 8d7dcba1-3b82-4d94-a832-514ef5c79cf8:c1555]
2019-08-21 02:17:15,687 | INFO  | DNAudit | user=null | ip=null | op=PUT_BLOCK {blockData=[blockId=conID: 1 locID: 102652564581908937 bcsId: 0,size=1048576]} | ret=SUCCESS |  
2019-08-21 02:17:15,688 | INFO  | DNAudit | user=null | ip=null | op=WRITE_CHUNK {blockData=conID: 1 locID: 102652564581908937 bcsId: 0} | ret=SUCCESS |  
2019-08-21 02:17:15,688 | INFO  | DNAudit | user=null | ip=null | op=PUT_BLOCK {blockData=[blockId=conID: 1 locID: 102652564581908937 bcsId: 0,size=1048576]} | ret=SUCCESS |  
2019-08-21 02:17:15,688 [grpc-default-executor-2] INFO  client.GrpcClientProtocolClient (GrpcClientProtocolClient.java:onNext(255)) - client-54CC064C3FCE->8224e767-71c1-41fc-a01a-d172d48fd9d8: receive RaftClientReply:client-54CC064C3FCE->8224e767-71c1-41fc-a01a-d172d48fd9d8@group-F6B37CC92441, cid=1141, SUCCESS, logIndex=0, commits[8224e767-71c1-41fc-a01a-d172d48fd9d8:c1561, 6eae0c21-01aa-4169-956f-5952b26ea7ba:c1557, 8d7dcba1-3b82-4d94-a832-514ef5c79cf8:c1557]
2019-08-21 02:17:15,689 | INFO  | DNAudit | user=null | ip=null | op=WRITE_CHUNK {blockData=conID: 1 locID: 102652564581908937 bcsId: 0} | ret=SUCCESS |  
2019-08-21 02:17:15,689 | INFO  | DNAudit | user=null | ip=null | op=PUT_BLOCK {blockData=[blockId=conID: 1 locID: 102652564581908937 bcsId: 0,size=2097152]} | ret=SUCCESS |  
2019-08-21 02:17:15,691 | INFO  | DNAudit | user=null | ip=null | op=WRITE_CHUNK {blockData=conID: 1 locID: 102652564581908937 bcsId: 0} | ret=SUCCESS |  
2019-08-21 02:17:15,691 | INFO  | DNAudit | user=null | ip=null | op=PUT_BLOCK {blockData=[blockId=conID: 1 locID: 102652564581908937 bcsId: 0,size=2097152]} | ret=SUCCESS |  
2019-08-21 02:17:15,694 | INFO  | DNAudit | user=null | ip=null | op=WRITE_CHUNK {blockData=conID: 1 locID: 102652564581908937 bcsId: 1559} | ret=SUCCESS |  
2019-08-21 02:17:15,696 | INFO  | DNAudit | user=null | ip=null | op=WRITE_CHUNK {blockData=conID: 1 locID: 102652564581908937 bcsId: 1559} | ret=SUCCESS |  
2019-08-21 02:17:15,697 | INFO  | DNAudit | user=null | ip=null | op=WRITE_CHUNK {blockData=conID: 1 locID: 102652564581908937 bcsId: 1559} | ret=SUCCESS |  
2019-08-21 02:17:15,709 | INFO  | DNAudit | user=null | ip=null | op=WRITE_CHUNK {blockData=conID: 1 locID: 102652564581908937 bcsId: 1559} | ret=SUCCESS |  
2019-08-21 02:17:15,709 | INFO  | DNAudit | user=null | ip=null | op=PUT_BLOCK {blockData=[blockId=conID: 1 locID: 102652564581908937 bcsId: 0,size=3145728]} | ret=SUCCESS |  
2019-08-21 02:17:15,709 [grpc-default-executor-2] INFO  client.GrpcClientProtocolClient (GrpcClientProtocolClient.java:onNext(255)) - client-54CC064C3FCE->8224e767-71c1-41fc-a01a-d172d48fd9d8: receive RaftClientReply:client-54CC064C3FCE->8224e767-71c1-41fc-a01a-d172d48fd9d8@group-F6B37CC92441, cid=1142, SUCCESS, logIndex=1564, commits[8224e767-71c1-41fc-a01a-d172d48fd9d8:c1565, 6eae0c21-01aa-4169-956f-5952b26ea7ba:c1563, 8d7dcba1-3b82-4d94-a832-514ef5c79cf8:c1563]
2019-08-21 02:17:15,710 [grpc-default-executor-2] INFO  client.GrpcClientProtocolClient (GrpcClientProtocolClient.java:onNext(255)) - client-54CC064C3FCE->8224e767-71c1-41fc-a01a-d172d48fd9d8: receive RaftClientReply:client-54CC064C3FCE->8224e767-71c1-41fc-a01a-d172d48fd9d8@group-F6B37CC92441, cid=1143, SUCCESS, logIndex=1565, commits[8224e767-71c1-41fc-a01a-d172d48fd9d8:c1565, 6eae0c21-01aa-4169-956f-5952b26ea7ba:c1563, 8d7dcba1-3b82-4d94-a832-514ef5c79cf8:c1563]
2019-08-21 02:17:15,715 | INFO  | DNAudit | user=null | ip=null | op=WRITE_CHUNK {blockData=conID: 1 locID: 102652564581908937 bcsId: 1565} | ret=SUCCESS |  
2019-08-21 02:17:15,717 | INFO  | DNAudit | user=null | ip=null | op=WRITE_CHUNK {blockData=conID: 1 locID: 102652564581908937 bcsId: 1565} | ret=SUCCESS |  
2019-08-21 02:17:15,718 | INFO  | DNAudit | user=null | ip=null | op=WRITE_CHUNK {blockData=conID: 1 locID: 102652564581908937 bcsId: 1565} | ret=SUCCESS |  
2019-08-21 02:17:15,720 | INFO  | DNAudit | user=null | ip=null | op=WRITE_CHUNK {blockData=conID: 1 locID: 102652564581908937 bcsId: 1559} | ret=SUCCESS |  
2019-08-21 02:17:15,720 | INFO  | DNAudit | user=null | ip=null | op=WRITE_CHUNK {blockData=conID: 1 locID: 102652564581908937 bcsId: 1559} | ret=SUCCESS |  
2019-08-21 02:17:15,723 | INFO  | DNAudit | user=null | ip=null | op=PUT_BLOCK {blockData=[blockId=conID: 1 locID: 102652564581908937 bcsId: 0,size=3145728]} | ret=SUCCESS |  
2019-08-21 02:17:15,723 | INFO  | DNAudit | user=null | ip=null | op=PUT_BLOCK {blockData=[blockId=conID: 1 locID: 102652564581908937 bcsId: 0,size=3145728]} | ret=SUCCESS |  
2019-08-21 02:17:15,724 | INFO  | DNAudit | user=null | ip=null | op=WRITE_CHUNK {blockData=conID: 1 locID: 102652564581908937 bcsId: 1565} | ret=SUCCESS |  
2019-08-21 02:17:15,724 | INFO  | DNAudit | user=null | ip=null | op=PUT_BLOCK {blockData=[blockId=conID: 1 locID: 102652564581908937 bcsId: 0,size=4194304]} | ret=SUCCESS |  
2019-08-21 02:17:15,725 [grpc-default-executor-4] INFO  client.GrpcClientProtocolClient (GrpcClientProtocolClient.java:onNext(255)) - client-54CC064C3FCE->8224e767-71c1-41fc-a01a-d172d48fd9d8: receive RaftClientReply:client-54CC064C3FCE->8224e767-71c1-41fc-a01a-d172d48fd9d8@group-F6B37CC92441, cid=1144, SUCCESS, logIndex=1568, commits[8224e767-71c1-41fc-a01a-d172d48fd9d8:c1569, 6eae0c21-01aa-4169-956f-5952b26ea7ba:c1565, 8d7dcba1-3b82-4d94-a832-514ef5c79cf8:c1565]
2019-08-21 02:17:15,726 [grpc-default-executor-4] INFO  client.GrpcClientProtocolClient (GrpcClientProtocolClient.java:onNext(255)) - client-54CC064C3FCE->8224e767-71c1-41fc-a01a-d172d48fd9d8: receive RaftClientReply:client-54CC064C3FCE->8224e767-71c1-41fc-a01a-d172d48fd9d8@group-F6B37CC92441, cid=1145, SUCCESS, logIndex=1569, commits[8224e767-71c1-41fc-a01a-d172d48fd9d8:c1569, 6eae0c21-01aa-4169-956f-5952b26ea7ba:c1565, 8d7dcba1-3b82-4d94-a832-514ef5c79cf8:c1565]
2019-08-21 02:17:15,739 | INFO  | DNAudit | user=null | ip=null | op=WRITE_CHUNK {blockData=conID: 1 locID: 102652564581908937 bcsId: 1565} | ret=SUCCESS |  
2019-08-21 02:17:15,740 | INFO  | DNAudit | user=null | ip=null | op=WRITE_CHUNK {blockData=conID: 1 locID: 102652564581908937 bcsId: 1565} | ret=SUCCESS |  
2019-08-21 02:17:15,740 | INFO  | DNAudit | user=null | ip=null | op=PUT_BLOCK {blockData=[blockId=conID: 1 locID: 102652564581908937 bcsId: 0,size=4194304]} | ret=SUCCESS |  
2019-08-21 02:17:15,741 | INFO  | DNAudit | user=null | ip=null | op=PUT_BLOCK {blockData=[blockId=conID: 1 locID: 102652564581908937 bcsId: 0,size=4194304]} | ret=SUCCESS |  
2019-08-21 02:17:15,742 [grpc-default-executor-4] INFO  client.GrpcClientProtocolClient (GrpcClientProtocolClient.java:onNext(255)) - client-54CC064C3FCE->8224e767-71c1-41fc-a01a-d172d48fd9d8: receive RaftClientReply:client-54CC064C3FCE->8224e767-71c1-41fc-a01a-d172d48fd9d8@group-F6B37CC92441, cid=1146, SUCCESS, logIndex=0, commits[8224e767-71c1-41fc-a01a-d172d48fd9d8:c1571, 6eae0c21-01aa-4169-956f-5952b26ea7ba:c1569, 8d7dcba1-3b82-4d94-a832-514ef5c79cf8:c1569]
2019-08-21 02:17:15,749 | INFO  | DNAudit | user=null | ip=null | op=WRITE_CHUNK {blockData=conID: 2 locID: 102652564581908938 bcsId: 0} | ret=SUCCESS |  
2019-08-21 02:17:15,751 | INFO  | DNAudit | user=null | ip=null | op=WRITE_CHUNK {blockData=conID: 2 locID: 102652564581908938 bcsId: 0} | ret=SUCCESS |  
2019-08-21 02:17:15,751 | INFO  | DNAudit | user=null | ip=null | op=WRITE_CHUNK {blockData=conID: 2 locID: 102652564581908938 bcsId: 0} | ret=SUCCESS |  
2019-08-21 02:17:15,752 | INFO  | DNAudit | user=null | ip=null | op=WRITE_CHUNK {blockData=conID: 2 locID: 102652564581908938 bcsId: 0} | ret=SUCCESS |  
2019-08-21 02:17:15,753 | INFO  | DNAudit | user=null | ip=null | op=WRITE_CHUNK {blockData=conID: 2 locID: 102652564581908938 bcsId: 0} | ret=SUCCESS |  
2019-08-21 02:17:15,754 | INFO  | DNAudit | user=null | ip=null | op=WRITE_CHUNK {blockData=conID: 2 locID: 102652564581908938 bcsId: 0} | ret=SUCCESS |  
2019-08-21 02:17:15,762 | INFO  | DNAudit | user=null | ip=null | op=WRITE_CHUNK {blockData=conID: 2 locID: 102652564581908938 bcsId: 0} | ret=SUCCESS |  
2019-08-21 02:17:15,762 | INFO  | DNAudit | user=null | ip=null | op=PUT_BLOCK {blockData=[blockId=conID: 2 locID: 102652564581908938 bcsId: 0,size=1048576]} | ret=SUCCESS |  
2019-08-21 02:17:15,763 | INFO  | DNAudit | user=null | ip=null | op=WRITE_CHUNK {blockData=conID: 2 locID: 102652564581908938 bcsId: 0} | ret=SUCCESS |  
2019-08-21 02:17:15,763 [grpc-default-executor-0] INFO  client.GrpcClientProtocolClient (GrpcClientProtocolClient.java:onNext(255)) - client-54CC064C3FCE->8224e767-71c1-41fc-a01a-d172d48fd9d8: receive RaftClientReply:client-54CC064C3FCE->8224e767-71c1-41fc-a01a-d172d48fd9d8@group-F6B37CC92441, cid=1147, SUCCESS, logIndex=1572, commits[8224e767-71c1-41fc-a01a-d172d48fd9d8:c1573, 6eae0c21-01aa-4169-956f-5952b26ea7ba:c1571, 8d7dcba1-3b82-4d94-a832-514ef5c79cf8:c1571]
2019-08-21 02:17:15,763 | INFO  | DNAudit | user=null | ip=null | op=PUT_BLOCK {blockData=[blockId=conID: 2 locID: 102652564581908938 bcsId: 0,size=2097152]} | ret=SUCCESS |  
2019-08-21 02:17:15,764 [grpc-default-executor-0] INFO  client.GrpcClientProtocolClient (GrpcClientProtocolClient.java:onNext(255)) - client-54CC064C3FCE->8224e767-71c1-41fc-a01a-d172d48fd9d8: receive RaftClientReply:client-54CC064C3FCE->8224e767-71c1-41fc-a01a-d172d48fd9d8@group-F6B37CC92441, cid=1148, SUCCESS, logIndex=1573, commits[8224e767-71c1-41fc-a01a-d172d48fd9d8:c1573, 6eae0c21-01aa-4169-956f-5952b26ea7ba:c1571, 8d7dcba1-3b82-4d94-a832-514ef5c79cf8:c1571]
2019-08-21 02:17:15,764 [grpc-default-executor-0] INFO  client.GrpcClientProtocolClient (GrpcClientProtocolClient.java:onNext(255)) - client-54CC064C3FCE->8224e767-71c1-41fc-a01a-d172d48fd9d8: receive RaftClientReply:client-54CC064C3FCE->8224e767-71c1-41fc-a01a-d172d48fd9d8@group-F6B37CC92441, cid=1149, SUCCESS, logIndex=1574, commits[8224e767-71c1-41fc-a01a-d172d48fd9d8:c1575, 6eae0c21-01aa-4169-956f-5952b26ea7ba:c1571, 8d7dcba1-3b82-4d94-a832-514ef5c79cf8:c1571]
2019-08-21 02:17:15,764 [grpc-default-executor-0] INFO  client.GrpcClientProtocolClient (GrpcClientProtocolClient.java:onNext(255)) - client-54CC064C3FCE->8224e767-71c1-41fc-a01a-d172d48fd9d8: receive RaftClientReply:client-54CC064C3FCE->8224e767-71c1-41fc-a01a-d172d48fd9d8@group-F6B37CC92441, cid=1150, SUCCESS, logIndex=1575, commits[8224e767-71c1-41fc-a01a-d172d48fd9d8:c1575, 6eae0c21-01aa-4169-956f-5952b26ea7ba:c1571, 8d7dcba1-3b82-4d94-a832-514ef5c79cf8:c1571]
2019-08-21 02:17:15,775 | INFO  | DNAudit | user=null | ip=null | op=WRITE_CHUNK {blockData=conID: 2 locID: 102652564581908938 bcsId: 0} | ret=SUCCESS |  
2019-08-21 02:17:15,775 | INFO  | DNAudit | user=null | ip=null | op=PUT_BLOCK {blockData=[blockId=conID: 2 locID: 102652564581908938 bcsId: 0,size=1048576]} | ret=SUCCESS |  
2019-08-21 02:17:15,776 | INFO  | DNAudit | user=null | ip=null | op=WRITE_CHUNK {blockData=conID: 2 locID: 102652564581908938 bcsId: 0} | ret=SUCCESS |  
2019-08-21 02:17:15,776 | INFO  | DNAudit | user=null | ip=null | op=PUT_BLOCK {blockData=[blockId=conID: 2 locID: 102652564581908938 bcsId: 0,size=1048576]} | ret=SUCCESS |  
2019-08-21 02:17:15,776 | INFO  | DNAudit | user=null | ip=null | op=WRITE_CHUNK {blockData=conID: 2 locID: 102652564581908938 bcsId: 0} | ret=SUCCESS |  
2019-08-21 02:17:15,776 | INFO  | DNAudit | user=null | ip=null | op=WRITE_CHUNK {blockData=conID: 2 locID: 102652564581908938 bcsId: 0} | ret=SUCCESS |  
2019-08-21 02:17:15,776 [grpc-default-executor-4] INFO  client.GrpcClientProtocolClient (GrpcClientProtocolClient.java:onNext(255)) - client-54CC064C3FCE->8224e767-71c1-41fc-a01a-d172d48fd9d8: receive RaftClientReply:client-54CC064C3FCE->8224e767-71c1-41fc-a01a-d172d48fd9d8@group-F6B37CC92441, cid=1151, SUCCESS, logIndex=0, commits[8224e767-71c1-41fc-a01a-d172d48fd9d8:c1577, 6eae0c21-01aa-4169-956f-5952b26ea7ba:c1573, 8d7dcba1-3b82-4d94-a832-514ef5c79cf8:c1573]
2019-08-21 02:17:15,776 | INFO  | DNAudit | user=null | ip=null | op=PUT_BLOCK {blockData=[blockId=conID: 2 locID: 102652564581908938 bcsId: 0,size=2097152]} | ret=SUCCESS |  
2019-08-21 02:17:15,776 | INFO  | DNAudit | user=null | ip=null | op=PUT_BLOCK {blockData=[blockId=conID: 2 locID: 102652564581908938 bcsId: 0,size=2097152]} | ret=SUCCESS |  
2019-08-21 02:17:15,782 | INFO  | DNAudit | user=null | ip=null | op=WRITE_CHUNK {blockData=conID: 2 locID: 102652564581908938 bcsId: 1575} | ret=SUCCESS |  
2019-08-21 02:17:15,785 | INFO  | DNAudit | user=null | ip=null | op=WRITE_CHUNK {blockData=conID: 2 locID: 102652564581908938 bcsId: 1575} | ret=SUCCESS |  
2019-08-21 02:17:15,786 | INFO  | DNAudit | user=null | ip=null | op=WRITE_CHUNK {blockData=conID: 2 locID: 102652564581908938 bcsId: 1575} | ret=SUCCESS |  
2019-08-21 02:17:15,796 | INFO  | DNAudit | user=null | ip=null | op=WRITE_CHUNK {blockData=conID: 2 locID: 102652564581908938 bcsId: 1575} | ret=SUCCESS |  
2019-08-21 02:17:15,797 | INFO  | DNAudit | user=null | ip=null | op=PUT_BLOCK {blockData=[blockId=conID: 2 locID: 102652564581908938 bcsId: 0,size=3145728]} | ret=SUCCESS |  
2019-08-21 02:17:15,797 [grpc-default-executor-0] INFO  client.GrpcClientProtocolClient (GrpcClientProtocolClient.java:onNext(255)) - client-54CC064C3FCE->8224e767-71c1-41fc-a01a-d172d48fd9d8: receive RaftClientReply:client-54CC064C3FCE->8224e767-71c1-41fc-a01a-d172d48fd9d8@group-F6B37CC92441, cid=1152, SUCCESS, logIndex=1580, commits[8224e767-71c1-41fc-a01a-d172d48fd9d8:c1581, 6eae0c21-01aa-4169-956f-5952b26ea7ba:c1579, 8d7dcba1-3b82-4d94-a832-514ef5c79cf8:c1579]
2019-08-21 02:17:15,797 [grpc-default-executor-0] INFO  client.GrpcClientProtocolClient (GrpcClientProtocolClient.java:onNext(255)) - client-54CC064C3FCE->8224e767-71c1-41fc-a01a-d172d48fd9d8: receive RaftClientReply:client-54CC064C3FCE->8224e767-71c1-41fc-a01a-d172d48fd9d8@group-F6B37CC92441, cid=1153, SUCCESS, logIndex=1581, commits[8224e767-71c1-41fc-a01a-d172d48fd9d8:c1581, 6eae0c21-01aa-4169-956f-5952b26ea7ba:c1579, 8d7dcba1-3b82-4d94-a832-514ef5c79cf8:c1579]
2019-08-21 02:17:15,803 | INFO  | DNAudit | user=null | ip=null | op=WRITE_CHUNK {blockData=conID: 2 locID: 102652564581908938 bcsId: 1581} | ret=SUCCESS |  
2019-08-21 02:17:15,805 | INFO  | DNAudit | user=null | ip=null | op=WRITE_CHUNK {blockData=conID: 2 locID: 102652564581908938 bcsId: 1581} | ret=SUCCESS |  
2019-08-21 02:17:15,806 | INFO  | DNAudit | user=null | ip=null | op=WRITE_CHUNK {blockData=conID: 2 locID: 102652564581908938 bcsId: 1581} | ret=SUCCESS |  
2019-08-21 02:17:15,810 | INFO  | DNAudit | user=null | ip=null | op=WRITE_CHUNK {blockData=conID: 2 locID: 102652564581908938 bcsId: 1575} | ret=SUCCESS |  
2019-08-21 02:17:15,810 | INFO  | DNAudit | user=null | ip=null | op=WRITE_CHUNK {blockData=conID: 2 locID: 102652564581908938 bcsId: 1575} | ret=SUCCESS |  
2019-08-21 02:17:15,823 | INFO  | DNAudit | user=null | ip=null | op=PUT_BLOCK {blockData=[blockId=conID: 2 locID: 102652564581908938 bcsId: 0,size=3145728]} | ret=SUCCESS |  
2019-08-21 02:17:15,823 | INFO  | DNAudit | user=null | ip=null | op=PUT_BLOCK {blockData=[blockId=conID: 2 locID: 102652564581908938 bcsId: 0,size=3145728]} | ret=SUCCESS |  
2019-08-21 02:17:15,824 | INFO  | DNAudit | user=null | ip=null | op=WRITE_CHUNK {blockData=conID: 2 locID: 102652564581908938 bcsId: 1581} | ret=SUCCESS |  
2019-08-21 02:17:15,824 | INFO  | DNAudit | user=null | ip=null | op=PUT_BLOCK {blockData=[blockId=conID: 2 locID: 102652564581908938 bcsId: 0,size=4194304]} | ret=SUCCESS |  
2019-08-21 02:17:15,824 [grpc-default-executor-4] INFO  client.GrpcClientProtocolClient (GrpcClientProtocolClient.java:onNext(255)) - client-54CC064C3FCE->8224e767-71c1-41fc-a01a-d172d48fd9d8: receive RaftClientReply:client-54CC064C3FCE->8224e767-71c1-41fc-a01a-d172d48fd9d8@group-F6B37CC92441, cid=1154, SUCCESS, logIndex=1584, commits[8224e767-71c1-41fc-a01a-d172d48fd9d8:c1585, 6eae0c21-01aa-4169-956f-5952b26ea7ba:c1581, 8d7dcba1-3b82-4d94-a832-514ef5c79cf8:c1581]
2019-08-21 02:17:15,825 [grpc-default-executor-4] INFO  client.GrpcClientProtocolClient (GrpcClientProtocolClient.java:onNext(255)) - client-54CC064C3FCE->8224e767-71c1-41fc-a01a-d172d48fd9d8: receive RaftClientReply:client-54CC064C3FCE->8224e767-71c1-41fc-a01a-d172d48fd9d8@group-F6B37CC92441, cid=1155, SUCCESS, logIndex=1585, commits[8224e767-71c1-41fc-a01a-d172d48fd9d8:c1585, 6eae0c21-01aa-4169-956f-5952b26ea7ba:c1581, 8d7dcba1-3b82-4d94-a832-514ef5c79cf8:c1581]
2019-08-21 02:17:15,837 | INFO  | DNAudit | user=null | ip=null | op=WRITE_CHUNK {blockData=conID: 2 locID: 102652564581908938 bcsId: 1581} | ret=SUCCESS |  
2019-08-21 02:17:15,837 | INFO  | DNAudit | user=null | ip=null | op=WRITE_CHUNK {blockData=conID: 2 locID: 102652564581908938 bcsId: 1581} | ret=SUCCESS |  
2019-08-21 02:17:15,849 | INFO  | DNAudit | user=null | ip=null | op=PUT_BLOCK {blockData=[blockId=conID: 2 locID: 102652564581908938 bcsId: 0,size=4194304]} | ret=SUCCESS |  
2019-08-21 02:17:15,849 | INFO  | DNAudit | user=null | ip=null | op=PUT_BLOCK {blockData=[blockId=conID: 2 locID: 102652564581908938 bcsId: 0,size=4194304]} | ret=SUCCESS |  
2019-08-21 02:17:15,850 [grpc-default-executor-4] INFO  client.GrpcClientProtocolClient (GrpcClientProtocolClient.java:onNext(255)) - client-54CC064C3FCE->8224e767-71c1-41fc-a01a-d172d48fd9d8: receive RaftClientReply:client-54CC064C3FCE->8224e767-71c1-41fc-a01a-d172d48fd9d8@group-F6B37CC92441, cid=1156, SUCCESS, logIndex=0, commits[8224e767-71c1-41fc-a01a-d172d48fd9d8:c1587, 6eae0c21-01aa-4169-956f-5952b26ea7ba:c1585, 8d7dcba1-3b82-4d94-a832-514ef5c79cf8:c1585]
2019-08-21 02:17:15,857 | INFO  | DNAudit | user=null | ip=null | op=WRITE_CHUNK {blockData=conID: 3 locID: 102652564581974475 bcsId: 0} | ret=SUCCESS |  
2019-08-21 02:17:15,859 | INFO  | DNAudit | user=null | ip=null | op=WRITE_CHUNK {blockData=conID: 3 locID: 102652564581974475 bcsId: 0} | ret=SUCCESS |  
2019-08-21 02:17:15,859 | INFO  | DNAudit | user=null | ip=null | op=WRITE_CHUNK {blockData=conID: 3 locID: 102652564581974475 bcsId: 0} | ret=SUCCESS |  
2019-08-21 02:17:15,860 | INFO  | DNAudit | user=null | ip=null | op=WRITE_CHUNK {blockData=conID: 3 locID: 102652564581974475 bcsId: 0} | ret=SUCCESS |  
2019-08-21 02:17:15,861 | INFO  | DNAudit | user=null | ip=null | op=WRITE_CHUNK {blockData=conID: 3 locID: 102652564581974475 bcsId: 0} | ret=SUCCESS |  
2019-08-21 02:17:15,861 | INFO  | DNAudit | user=null | ip=null | op=WRITE_CHUNK {blockData=conID: 3 locID: 102652564581974475 bcsId: 0} | ret=SUCCESS |  
2019-08-21 02:17:15,871 | INFO  | DNAudit | user=null | ip=null | op=WRITE_CHUNK {blockData=conID: 3 locID: 102652564581974475 bcsId: 0} | ret=SUCCESS |  
2019-08-21 02:17:15,871 | INFO  | DNAudit | user=null | ip=null | op=PUT_BLOCK {blockData=[blockId=conID: 3 locID: 102652564581974475 bcsId: 0,size=1048576]} | ret=SUCCESS |  
2019-08-21 02:17:15,872 [grpc-default-executor-1] INFO  client.GrpcClientProtocolClient (GrpcClientProtocolClient.java:onNext(255)) - client-54CC064C3FCE->8224e767-71c1-41fc-a01a-d172d48fd9d8: receive RaftClientReply:client-54CC064C3FCE->8224e767-71c1-41fc-a01a-d172d48fd9d8@group-F6B37CC92441, cid=1157, SUCCESS, logIndex=1588, commits[8224e767-71c1-41fc-a01a-d172d48fd9d8:c1589, 6eae0c21-01aa-4169-956f-5952b26ea7ba:c1587, 8d7dcba1-3b82-4d94-a832-514ef5c79cf8:c1587]
2019-08-21 02:17:15,872 [grpc-default-executor-1] INFO  client.GrpcClientProtocolClient (GrpcClientProtocolClient.java:onNext(255)) - client-54CC064C3FCE->8224e767-71c1-41fc-a01a-d172d48fd9d8: receive RaftClientReply:client-54CC064C3FCE->8224e767-71c1-41fc-a01a-d172d48fd9d8@group-F6B37CC92441, cid=1158, SUCCESS, logIndex=1589, commits[8224e767-71c1-41fc-a01a-d172d48fd9d8:c1589, 6eae0c21-01aa-4169-956f-5952b26ea7ba:c1587, 8d7dcba1-3b82-4d94-a832-514ef5c79cf8:c1587]
2019-08-21 02:17:15,880 | INFO  | DNAudit | user=null | ip=null | op=WRITE_CHUNK {blockData=conID: 3 locID: 102652564581974475 bcsId: 0} | ret=SUCCESS |  
2019-08-21 02:17:15,881 | INFO  | DNAudit | user=null | ip=null | op=PUT_BLOCK {blockData=[blockId=conID: 3 locID: 102652564581974475 bcsId: 0,size=2097152]} | ret=SUCCESS |  
2019-08-21 02:17:15,881 [grpc-default-executor-2] INFO  client.GrpcClientProtocolClient (GrpcClientProtocolClient.java:onNext(255)) - client-54CC064C3FCE->8224e767-71c1-41fc-a01a-d172d48fd9d8: receive RaftClientReply:client-54CC064C3FCE->8224e767-71c1-41fc-a01a-d172d48fd9d8@group-F6B37CC92441, cid=1159, SUCCESS, logIndex=1590, commits[8224e767-71c1-41fc-a01a-d172d48fd9d8:c1591, 6eae0c21-01aa-4169-956f-5952b26ea7ba:c1587, 8d7dcba1-3b82-4d94-a832-514ef5c79cf8:c1587]
2019-08-21 02:17:15,882 [grpc-default-executor-2] INFO  client.GrpcClientProtocolClient (GrpcClientProtocolClient.java:onNext(255)) - client-54CC064C3FCE->8224e767-71c1-41fc-a01a-d172d48fd9d8: receive RaftClientReply:client-54CC064C3FCE->8224e767-71c1-41fc-a01a-d172d48fd9d8@group-F6B37CC92441, cid=1160, SUCCESS, logIndex=1591, commits[8224e767-71c1-41fc-a01a-d172d48fd9d8:c1591, 6eae0c21-01aa-4169-956f-5952b26ea7ba:c1587, 8d7dcba1-3b82-4d94-a832-514ef5c79cf8:c1587]
2019-08-21 02:17:15,883 | INFO  | DNAudit | user=null | ip=null | op=WRITE_CHUNK {blockData=conID: 3 locID: 102652564581974475 bcsId: 0} | ret=SUCCESS |  
2019-08-21 02:17:15,883 | INFO  | DNAudit | user=null | ip=null | op=PUT_BLOCK {blockData=[blockId=conID: 3 locID: 102652564581974475 bcsId: 0,size=1048576]} | ret=SUCCESS |  
2019-08-21 02:17:15,896 | INFO  | DNAudit | user=null | ip=null | op=WRITE_CHUNK {blockData=conID: 3 locID: 102652564581974475 bcsId: 0} | ret=SUCCESS |  
2019-08-21 02:17:15,896 | INFO  | DNAudit | user=null | ip=null | op=PUT_BLOCK {blockData=[blockId=conID: 3 locID: 102652564581974475 bcsId: 0,size=1048576]} | ret=SUCCESS |  
2019-08-21 02:17:15,896 | INFO  | DNAudit | user=null | ip=null | op=WRITE_CHUNK {blockData=conID: 3 locID: 102652564581974475 bcsId: 0} | ret=SUCCESS |  
2019-08-21 02:17:15,896 | INFO  | DNAudit | user=null | ip=null | op=WRITE_CHUNK {blockData=conID: 3 locID: 102652564581974475 bcsId: 0} | ret=SUCCESS |  
2019-08-21 02:17:15,896 | INFO  | DNAudit | user=null | ip=null | op=PUT_BLOCK {blockData=[blockId=conID: 3 locID: 102652564581974475 bcsId: 0,size=2097152]} | ret=SUCCESS |  
2019-08-21 02:17:15,896 [grpc-default-executor-1] INFO  client.GrpcClientProtocolClient (GrpcClientProtocolClient.java:onNext(255)) - client-54CC064C3FCE->8224e767-71c1-41fc-a01a-d172d48fd9d8: receive RaftClientReply:client-54CC064C3FCE->8224e767-71c1-41fc-a01a-d172d48fd9d8@group-F6B37CC92441, cid=1161, SUCCESS, logIndex=0, commits[8224e767-71c1-41fc-a01a-d172d48fd9d8:c1593, 6eae0c21-01aa-4169-956f-5952b26ea7ba:c1589, 8d7dcba1-3b82-4d94-a832-514ef5c79cf8:c1589]
2019-08-21 02:17:15,897 | INFO  | DNAudit | user=null | ip=null | op=PUT_BLOCK {blockData=[blockId=conID: 3 locID: 102652564581974475 bcsId: 0,size=2097152]} | ret=SUCCESS |  
2019-08-21 02:17:15,903 | INFO  | DNAudit | user=null | ip=null | op=WRITE_CHUNK {blockData=conID: 3 locID: 102652564581974475 bcsId: 1591} | ret=SUCCESS |  
2019-08-21 02:17:15,905 | INFO  | DNAudit | user=null | ip=null | op=WRITE_CHUNK {blockData=conID: 3 locID: 102652564581974475 bcsId: 1591} | ret=SUCCESS |  
2019-08-21 02:17:15,906 | INFO  | DNAudit | user=null | ip=null | op=WRITE_CHUNK {blockData=conID: 3 locID: 102652564581974475 bcsId: 1591} | ret=SUCCESS |  
2019-08-21 02:17:15,907 | INFO  | DNAudit | user=null | ip=null | op=WRITE_CHUNK {blockData=conID: 3 locID: 102652564581974475 bcsId: 1591} | ret=SUCCESS |  
2019-08-21 02:17:15,907 | INFO  | DNAudit | user=null | ip=null | op=PUT_BLOCK {blockData=[blockId=conID: 3 locID: 102652564581974475 bcsId: 0,size=3145728]} | ret=SUCCESS |  
2019-08-21 02:17:15,907 [grpc-default-executor-2] INFO  client.GrpcClientProtocolClient (GrpcClientProtocolClient.java:onNext(255)) - client-54CC064C3FCE->8224e767-71c1-41fc-a01a-d172d48fd9d8: receive RaftClientReply:client-54CC064C3FCE->8224e767-71c1-41fc-a01a-d172d48fd9d8@group-F6B37CC92441, cid=1162, SUCCESS, logIndex=1595, commits[8224e767-71c1-41fc-a01a-d172d48fd9d8:c1596, 6eae0c21-01aa-4169-956f-5952b26ea7ba:c1594, 8d7dcba1-3b82-4d94-a832-514ef5c79cf8:c1591]
2019-08-21 02:17:15,908 [grpc-default-executor-2] INFO  client.GrpcClientProtocolClient (GrpcClientProtocolClient.java:onNext(255)) - client-54CC064C3FCE->8224e767-71c1-41fc-a01a-d172d48fd9d8: receive RaftClientReply:client-54CC064C3FCE->8224e767-71c1-41fc-a01a-d172d48fd9d8@group-F6B37CC92441, cid=1163, SUCCESS, logIndex=1596, commits[8224e767-71c1-41fc-a01a-d172d48fd9d8:c1596, 6eae0c21-01aa-4169-956f-5952b26ea7ba:c1594, 8d7dcba1-3b82-4d94-a832-514ef5c79cf8:c1594]
2019-08-21 02:17:15,910 | INFO  | DNAudit | user=null | ip=null | op=WRITE_CHUNK {blockData=conID: 3 locID: 102652564581974475 bcsId: 1591} | ret=SUCCESS |  
2019-08-21 02:17:15,910 | INFO  | DNAudit | user=null | ip=null | op=WRITE_CHUNK {blockData=conID: 3 locID: 102652564581974475 bcsId: 1591} | ret=SUCCESS |  
2019-08-21 02:17:15,910 | INFO  | DNAudit | user=null | ip=null | op=PUT_BLOCK {blockData=[blockId=conID: 3 locID: 102652564581974475 bcsId: 0,size=3145728]} | ret=SUCCESS |  
2019-08-21 02:17:15,913 | INFO  | DNAudit | user=null | ip=null | op=PUT_BLOCK {blockData=[blockId=conID: 3 locID: 102652564581974475 bcsId: 0,size=3145728]} | ret=SUCCESS |  
2019-08-21 02:17:15,914 | INFO  | DNAudit | user=null | ip=null | op=WRITE_CHUNK {blockData=conID: 3 locID: 102652564581974475 bcsId: 1596} | ret=SUCCESS |  
2019-08-21 02:17:15,916 | INFO  | DNAudit | user=null | ip=null | op=WRITE_CHUNK {blockData=conID: 3 locID: 102652564581974475 bcsId: 1596} | ret=SUCCESS |  
2019-08-21 02:17:15,917 | INFO  | DNAudit | user=null | ip=null | op=WRITE_CHUNK {blockData=conID: 3 locID: 102652564581974475 bcsId: 1596} | ret=SUCCESS |  
2019-08-21 02:17:15,919 | INFO  | DNAudit | user=null | ip=null | op=WRITE_CHUNK {blockData=conID: 3 locID: 102652564581974475 bcsId: 1596} | ret=SUCCESS |  
2019-08-21 02:17:15,919 | INFO  | DNAudit | user=null | ip=null | op=PUT_BLOCK {blockData=[blockId=conID: 3 locID: 102652564581974475 bcsId: 0,size=4194304]} | ret=SUCCESS |  
2019-08-21 02:17:15,919 [grpc-default-executor-2] INFO  client.GrpcClientProtocolClient (GrpcClientProtocolClient.java:onNext(255)) - client-54CC064C3FCE->8224e767-71c1-41fc-a01a-d172d48fd9d8: receive RaftClientReply:client-54CC064C3FCE->8224e767-71c1-41fc-a01a-d172d48fd9d8@group-F6B37CC92441, cid=1164, SUCCESS, logIndex=1599, commits[8224e767-71c1-41fc-a01a-d172d48fd9d8:c1600, 6eae0c21-01aa-4169-956f-5952b26ea7ba:c1597, 8d7dcba1-3b82-4d94-a832-514ef5c79cf8:c1597]
2019-08-21 02:17:15,920 [grpc-default-executor-2] INFO  client.GrpcClientProtocolClient (GrpcClientProtocolClient.java:onNext(255)) - client-54CC064C3FCE->8224e767-71c1-41fc-a01a-d172d48fd9d8: receive RaftClientReply:client-54CC064C3FCE->8224e767-71c1-41fc-a01a-d172d48fd9d8@group-F6B37CC92441, cid=1165, SUCCESS, logIndex=1600, commits[8224e767-71c1-41fc-a01a-d172d48fd9d8:c1600, 6eae0c21-01aa-4169-956f-5952b26ea7ba:c1597, 8d7dcba1-3b82-4d94-a832-514ef5c79cf8:c1597]
2019-08-21 02:17:15,922 | INFO  | DNAudit | user=null | ip=null | op=WRITE_CHUNK {blockData=conID: 3 locID: 102652564581974475 bcsId: 1596} | ret=SUCCESS |  
2019-08-21 02:17:15,922 | INFO  | DNAudit | user=null | ip=null | op=WRITE_CHUNK {blockData=conID: 3 locID: 102652564581974475 bcsId: 1596} | ret=SUCCESS |  
2019-08-21 02:17:15,922 | INFO  | DNAudit | user=null | ip=null | op=PUT_BLOCK {blockData=[blockId=conID: 3 locID: 102652564581974475 bcsId: 0,size=4194304]} | ret=SUCCESS |  
2019-08-21 02:17:15,925 | INFO  | DNAudit | user=null | ip=null | op=PUT_BLOCK {blockData=[blockId=conID: 3 locID: 102652564581974475 bcsId: 0,size=4194304]} | ret=SUCCESS |  
2019-08-21 02:17:15,926 [grpc-default-executor-2] INFO  client.GrpcClientProtocolClient (GrpcClientProtocolClient.java:onNext(255)) - client-54CC064C3FCE->8224e767-71c1-41fc-a01a-d172d48fd9d8: receive RaftClientReply:client-54CC064C3FCE->8224e767-71c1-41fc-a01a-d172d48fd9d8@group-F6B37CC92441, cid=1166, SUCCESS, logIndex=0, commits[8224e767-71c1-41fc-a01a-d172d48fd9d8:c1602, 6eae0c21-01aa-4169-956f-5952b26ea7ba:c1600, 8d7dcba1-3b82-4d94-a832-514ef5c79cf8:c1600]
2019-08-21 02:17:15,933 | INFO  | DNAudit | user=null | ip=null | op=WRITE_CHUNK {blockData=conID: 1 locID: 102652564581974476 bcsId: 0} | ret=SUCCESS |  
2019-08-21 02:17:15,935 | INFO  | DNAudit | user=null | ip=null | op=WRITE_CHUNK {blockData=conID: 1 locID: 102652564581974476 bcsId: 0} | ret=SUCCESS |  
2019-08-21 02:17:15,935 | INFO  | DNAudit | user=null | ip=null | op=WRITE_CHUNK {blockData=conID: 1 locID: 102652564581974476 bcsId: 0} | ret=SUCCESS |  
2019-08-21 02:17:15,935 | INFO  | DNAudit | user=null | ip=null | op=WRITE_CHUNK {blockData=conID: 1 locID: 102652564581974476 bcsId: 0} | ret=SUCCESS |  
2019-08-21 02:17:15,937 | INFO  | DNAudit | user=null | ip=null | op=WRITE_CHUNK {blockData=conID: 1 locID: 102652564581974476 bcsId: 0} | ret=SUCCESS |  
2019-08-21 02:17:15,937 | INFO  | DNAudit | user=null | ip=null | op=WRITE_CHUNK {blockData=conID: 1 locID: 102652564581974476 bcsId: 0} | ret=SUCCESS |  
2019-08-21 02:17:15,938 | INFO  | DNAudit | user=null | ip=null | op=WRITE_CHUNK {blockData=conID: 1 locID: 102652564581974476 bcsId: 0} | ret=SUCCESS |  
2019-08-21 02:17:15,939 | INFO  | DNAudit | user=null | ip=null | op=PUT_BLOCK {blockData=[blockId=conID: 1 locID: 102652564581974476 bcsId: 0,size=1048576]} | ret=SUCCESS |  
2019-08-21 02:17:15,939 | INFO  | DNAudit | user=null | ip=null | op=WRITE_CHUNK {blockData=conID: 1 locID: 102652564581974476 bcsId: 0} | ret=SUCCESS |  
2019-08-21 02:17:15,939 [grpc-default-executor-0] INFO  client.GrpcClientProtocolClient (GrpcClientProtocolClient.java:onNext(255)) - client-54CC064C3FCE->8224e767-71c1-41fc-a01a-d172d48fd9d8: receive RaftClientReply:client-54CC064C3FCE->8224e767-71c1-41fc-a01a-d172d48fd9d8@group-F6B37CC92441, cid=1167, SUCCESS, logIndex=1603, commits[8224e767-71c1-41fc-a01a-d172d48fd9d8:c1604, 6eae0c21-01aa-4169-956f-5952b26ea7ba:c1602, 8d7dcba1-3b82-4d94-a832-514ef5c79cf8:c1602]
2019-08-21 02:17:15,939 | INFO  | DNAudit | user=null | ip=null | op=PUT_BLOCK {blockData=[blockId=conID: 1 locID: 102652564581974476 bcsId: 0,size=2097152]} | ret=SUCCESS |  
2019-08-21 02:17:15,940 [grpc-default-executor-0] INFO  client.GrpcClientProtocolClient (GrpcClientProtocolClient.java:onNext(255)) - client-54CC064C3FCE->8224e767-71c1-41fc-a01a-d172d48fd9d8: receive RaftClientReply:client-54CC064C3FCE->8224e767-71c1-41fc-a01a-d172d48fd9d8@group-F6B37CC92441, cid=1168, SUCCESS, logIndex=1604, commits[8224e767-71c1-41fc-a01a-d172d48fd9d8:c1605, 6eae0c21-01aa-4169-956f-5952b26ea7ba:c1602, 8d7dcba1-3b82-4d94-a832-514ef5c79cf8:c1602]
2019-08-21 02:17:15,940 [grpc-default-executor-0] INFO  client.GrpcClientProtocolClient (GrpcClientProtocolClient.java:onNext(255)) - client-54CC064C3FCE->8224e767-71c1-41fc-a01a-d172d48fd9d8: receive RaftClientReply:client-54CC064C3FCE->8224e767-71c1-41fc-a01a-d172d48fd9d8@group-F6B37CC92441, cid=1169, SUCCESS, logIndex=1605, commits[8224e767-71c1-41fc-a01a-d172d48fd9d8:c1606, 6eae0c21-01aa-4169-956f-5952b26ea7ba:c1602, 8d7dcba1-3b82-4d94-a832-514ef5c79cf8:c1602]
2019-08-21 02:17:15,940 [grpc-default-executor-0] INFO  client.GrpcClientProtocolClient (GrpcClientProtocolClient.java:onNext(255)) - client-54CC064C3FCE->8224e767-71c1-41fc-a01a-d172d48fd9d8: receive RaftClientReply:client-54CC064C3FCE->8224e767-71c1-41fc-a01a-d172d48fd9d8@group-F6B37CC92441, cid=1170, SUCCESS, logIndex=1606, commits[8224e767-71c1-41fc-a01a-d172d48fd9d8:c1606, 6eae0c21-01aa-4169-956f-5952b26ea7ba:c1602, 8d7dcba1-3b82-4d94-a832-514ef5c79cf8:c1602]
2019-08-21 02:17:15,942 | INFO  | DNAudit | user=null | ip=null | op=WRITE_CHUNK {blockData=conID: 1 locID: 102652564581974476 bcsId: 0} | ret=SUCCESS |  
2019-08-21 02:17:15,942 | INFO  | DNAudit | user=null | ip=null | op=PUT_BLOCK {blockData=[blockId=conID: 1 locID: 102652564581974476 bcsId: 0,size=1048576]} | ret=SUCCESS |  
2019-08-21 02:17:15,945 | INFO  | DNAudit | user=null | ip=null | op=WRITE_CHUNK {blockData=conID: 1 locID: 102652564581974476 bcsId: 0} | ret=SUCCESS |  
2019-08-21 02:17:15,945 | INFO  | DNAudit | user=null | ip=null | op=PUT_BLOCK {blockData=[blockId=conID: 1 locID: 102652564581974476 bcsId: 0,size=1048576]} | ret=SUCCESS |  
2019-08-21 02:17:15,945 | INFO  | DNAudit | user=null | ip=null | op=WRITE_CHUNK {blockData=conID: 1 locID: 102652564581974476 bcsId: 0} | ret=SUCCESS |  
2019-08-21 02:17:15,945 | INFO  | DNAudit | user=null | ip=null | op=PUT_BLOCK {blockData=[blockId=conID: 1 locID: 102652564581974476 bcsId: 0,size=2097152]} | ret=SUCCESS |  
2019-08-21 02:17:15,945 [grpc-default-executor-1] INFO  client.GrpcClientProtocolClient (GrpcClientProtocolClient.java:onNext(255)) - client-54CC064C3FCE->8224e767-71c1-41fc-a01a-d172d48fd9d8: receive RaftClientReply:client-54CC064C3FCE->8224e767-71c1-41fc-a01a-d172d48fd9d8@group-F6B37CC92441, cid=1171, SUCCESS, logIndex=0, commits[8224e767-71c1-41fc-a01a-d172d48fd9d8:c1608, 6eae0c21-01aa-4169-956f-5952b26ea7ba:c1604, 8d7dcba1-3b82-4d94-a832-514ef5c79cf8:c1604]
2019-08-21 02:17:15,946 | INFO  | DNAudit | user=null | ip=null | op=WRITE_CHUNK {blockData=conID: 1 locID: 102652564581974476 bcsId: 0} | ret=SUCCESS |  
2019-08-21 02:17:15,946 | INFO  | DNAudit | user=null | ip=null | op=PUT_BLOCK {blockData=[blockId=conID: 1 locID: 102652564581974476 bcsId: 0,size=2097152]} | ret=SUCCESS |  
2019-08-21 02:17:15,952 | INFO  | DNAudit | user=null | ip=null | op=WRITE_CHUNK {blockData=conID: 1 locID: 102652564581974476 bcsId: 1606} | ret=SUCCESS |  
2019-08-21 02:17:15,954 | INFO  | DNAudit | user=null | ip=null | op=WRITE_CHUNK {blockData=conID: 1 locID: 102652564581974476 bcsId: 1606} | ret=SUCCESS |  
2019-08-21 02:17:15,955 | INFO  | DNAudit | user=null | ip=null | op=WRITE_CHUNK {blockData=conID: 1 locID: 102652564581974476 bcsId: 1606} | ret=SUCCESS |  
2019-08-21 02:17:15,976 | INFO  | DNAudit | user=null | ip=null | op=WRITE_CHUNK {blockData=conID: 1 locID: 102652564581974476 bcsId: 1606} | ret=SUCCESS |  
2019-08-21 02:17:15,977 | INFO  | DNAudit | user=null | ip=null | op=PUT_BLOCK {blockData=[blockId=conID: 1 locID: 102652564581974476 bcsId: 0,size=3145728]} | ret=SUCCESS |  
2019-08-21 02:17:15,977 [grpc-default-executor-0] INFO  client.GrpcClientProtocolClient (GrpcClientProtocolClient.java:onNext(255)) - client-54CC064C3FCE->8224e767-71c1-41fc-a01a-d172d48fd9d8: receive RaftClientReply:client-54CC064C3FCE->8224e767-71c1-41fc-a01a-d172d48fd9d8@group-F6B37CC92441, cid=1172, SUCCESS, logIndex=1611, commits[8224e767-71c1-41fc-a01a-d172d48fd9d8:c1612, 6eae0c21-01aa-4169-956f-5952b26ea7ba:c1606, 8d7dcba1-3b82-4d94-a832-514ef5c79cf8:c1610]
2019-08-21 02:17:15,977 [grpc-default-executor-0] INFO  client.GrpcClientProtocolClient (GrpcClientProtocolClient.java:onNext(255)) - client-54CC064C3FCE->8224e767-71c1-41fc-a01a-d172d48fd9d8: receive RaftClientReply:client-54CC064C3FCE->8224e767-71c1-41fc-a01a-d172d48fd9d8@group-F6B37CC92441, cid=1173, SUCCESS, logIndex=1612, commits[8224e767-71c1-41fc-a01a-d172d48fd9d8:c1612, 6eae0c21-01aa-4169-956f-5952b26ea7ba:c1610, 8d7dcba1-3b82-4d94-a832-514ef5c79cf8:c1610]
2019-08-21 02:17:15,978 | INFO  | DNAudit | user=null | ip=null | op=WRITE_CHUNK {blockData=conID: 1 locID: 102652564581974476 bcsId: 1606} | ret=SUCCESS |  
2019-08-21 02:17:15,978 | INFO  | DNAudit | user=null | ip=null | op=WRITE_CHUNK {blockData=conID: 1 locID: 102652564581974476 bcsId: 1606} | ret=SUCCESS |  
2019-08-21 02:17:15,978 | INFO  | DNAudit | user=null | ip=null | op=PUT_BLOCK {blockData=[blockId=conID: 1 locID: 102652564581974476 bcsId: 0,size=3145728]} | ret=SUCCESS |  
2019-08-21 02:17:15,978 | INFO  | DNAudit | user=null | ip=null | op=PUT_BLOCK {blockData=[blockId=conID: 1 locID: 102652564581974476 bcsId: 0,size=3145728]} | ret=SUCCESS |  
2019-08-21 02:17:15,984 | INFO  | DNAudit | user=null | ip=null | op=WRITE_CHUNK {blockData=conID: 1 locID: 102652564581974476 bcsId: 1612} | ret=SUCCESS |  
2019-08-21 02:17:15,987 | INFO  | DNAudit | user=null | ip=null | op=WRITE_CHUNK {blockData=conID: 1 locID: 102652564581974476 bcsId: 1612} | ret=SUCCESS |  
2019-08-21 02:17:15,987 | INFO  | DNAudit | user=null | ip=null | op=WRITE_CHUNK {blockData=conID: 1 locID: 102652564581974476 bcsId: 1612} | ret=SUCCESS |  
2019-08-21 02:17:15,997 | INFO  | DNAudit | user=null | ip=null | op=WRITE_CHUNK {blockData=conID: 1 locID: 102652564581974476 bcsId: 1612} | ret=SUCCESS |  
2019-08-21 02:17:15,997 | INFO  | DNAudit | user=null | ip=null | op=PUT_BLOCK {blockData=[blockId=conID: 1 locID: 102652564581974476 bcsId: 0,size=4194304]} | ret=SUCCESS |  
2019-08-21 02:17:15,997 [grpc-default-executor-0] INFO  client.GrpcClientProtocolClient (GrpcClientProtocolClient.java:onNext(255)) - client-54CC064C3FCE->8224e767-71c1-41fc-a01a-d172d48fd9d8: receive RaftClientReply:client-54CC064C3FCE->8224e767-71c1-41fc-a01a-d172d48fd9d8@group-F6B37CC92441, cid=1174, SUCCESS, logIndex=1614, commits[8224e767-71c1-41fc-a01a-d172d48fd9d8:c1615, 6eae0c21-01aa-4169-956f-5952b26ea7ba:c1613, 8d7dcba1-3b82-4d94-a832-514ef5c79cf8:c1613]
2019-08-21 02:17:15,998 [grpc-default-executor-0] INFO  client.GrpcClientProtocolClient (GrpcClientProtocolClient.java:onNext(255)) - client-54CC064C3FCE->8224e767-71c1-41fc-a01a-d172d48fd9d8: receive RaftClientReply:client-54CC064C3FCE->8224e767-71c1-41fc-a01a-d172d48fd9d8@group-F6B37CC92441, cid=1175, SUCCESS, logIndex=1615, commits[8224e767-71c1-41fc-a01a-d172d48fd9d8:c1615, 6eae0c21-01aa-4169-956f-5952b26ea7ba:c1613, 8d7dcba1-3b82-4d94-a832-514ef5c79cf8:c1613]
2019-08-21 02:17:16,008 | INFO  | DNAudit | user=null | ip=null | op=WRITE_CHUNK {blockData=conID: 1 locID: 102652564581974476 bcsId: 1612} | ret=SUCCESS |  
2019-08-21 02:17:16,009 | INFO  | DNAudit | user=null | ip=null | op=WRITE_CHUNK {blockData=conID: 1 locID: 102652564581974476 bcsId: 1612} | ret=SUCCESS |  
2019-08-21 02:17:16,011 | INFO  | DNAudit | user=null | ip=null | op=PUT_BLOCK {blockData=[blockId=conID: 1 locID: 102652564581974476 bcsId: 0,size=4194304]} | ret=SUCCESS |  
2019-08-21 02:17:16,011 | INFO  | DNAudit | user=null | ip=null | op=PUT_BLOCK {blockData=[blockId=conID: 1 locID: 102652564581974476 bcsId: 0,size=4194304]} | ret=SUCCESS |  
2019-08-21 02:17:16,012 [grpc-default-executor-0] INFO  client.GrpcClientProtocolClient (GrpcClientProtocolClient.java:onNext(255)) - client-54CC064C3FCE->8224e767-71c1-41fc-a01a-d172d48fd9d8: receive RaftClientReply:client-54CC064C3FCE->8224e767-71c1-41fc-a01a-d172d48fd9d8@group-F6B37CC92441, cid=1176, SUCCESS, logIndex=0, commits[8224e767-71c1-41fc-a01a-d172d48fd9d8:c1617, 6eae0c21-01aa-4169-956f-5952b26ea7ba:c1615, 8d7dcba1-3b82-4d94-a832-514ef5c79cf8:c1615]
2019-08-21 02:17:16,020 | INFO  | DNAudit | user=null | ip=null | op=WRITE_CHUNK {blockData=conID: 2 locID: 102652564581974477 bcsId: 0} | ret=SUCCESS |  
2019-08-21 02:17:16,023 | INFO  | DNAudit | user=null | ip=null | op=WRITE_CHUNK {blockData=conID: 2 locID: 102652564581974477 bcsId: 0} | ret=SUCCESS |  
2019-08-21 02:17:16,025 | INFO  | DNAudit | user=null | ip=null | op=WRITE_CHUNK {blockData=conID: 2 locID: 102652564581974477 bcsId: 0} | ret=SUCCESS |  
2019-08-21 02:17:16,026 | INFO  | DNAudit | user=null | ip=null | op=WRITE_CHUNK {blockData=conID: 2 locID: 102652564581974477 bcsId: 0} | ret=SUCCESS |  
2019-08-21 02:17:16,029 | INFO  | DNAudit | user=null | ip=null | op=WRITE_CHUNK {blockData=conID: 2 locID: 102652564581974477 bcsId: 0} | ret=SUCCESS |  
2019-08-21 02:17:16,029 | INFO  | DNAudit | user=null | ip=null | op=WRITE_CHUNK {blockData=conID: 2 locID: 102652564581974477 bcsId: 0} | ret=SUCCESS |  
2019-08-21 02:17:16,031 | INFO  | SCMAudit | user=jenkins1000 | ip=192.168.34.10 | op=SEND_HEARTBEAT {datanodeUUID=8224e767-71c1-41fc-a01a-d172d48fd9d8, command=[]} | ret=SUCCESS |  
2019-08-21 02:17:16,033 | INFO  | SCMAudit | user=jenkins1000 | ip=192.168.34.10 | op=SEND_HEARTBEAT {datanodeUUID=8d7dcba1-3b82-4d94-a832-514ef5c79cf8, command=[]} | ret=SUCCESS |  
2019-08-21 02:17:16,034 | INFO  | SCMAudit | user=jenkins1000 | ip=192.168.34.10 | op=SEND_HEARTBEAT {datanodeUUID=6eae0c21-01aa-4169-956f-5952b26ea7ba, command=[]} | ret=SUCCESS |  
2019-08-21 02:17:16,035 | INFO  | DNAudit | user=null | ip=null | op=WRITE_CHUNK {blockData=conID: 2 locID: 102652564581974477 bcsId: 0} | ret=SUCCESS |  
2019-08-21 02:17:16,036 | INFO  | DNAudit | user=null | ip=null | op=PUT_BLOCK {blockData=[blockId=conID: 2 locID: 102652564581974477 bcsId: 0,size=1048576]} | ret=SUCCESS |  
2019-08-21 02:17:16,036 [grpc-default-executor-0] INFO  client.GrpcClientProtocolClient (GrpcClientProtocolClient.java:onNext(255)) - client-54CC064C3FCE->8224e767-71c1-41fc-a01a-d172d48fd9d8: receive RaftClientReply:client-54CC064C3FCE->8224e767-71c1-41fc-a01a-d172d48fd9d8@group-F6B37CC92441, cid=1177, SUCCESS, logIndex=1618, commits[8224e767-71c1-41fc-a01a-d172d48fd9d8:c1619, 6eae0c21-01aa-4169-956f-5952b26ea7ba:c1617, 8d7dcba1-3b82-4d94-a832-514ef5c79cf8:c1617]
2019-08-21 02:17:16,037 [grpc-default-executor-0] INFO  client.GrpcClientProtocolClient (GrpcClientProtocolClient.java:onNext(255)) - client-54CC064C3FCE->8224e767-71c1-41fc-a01a-d172d48fd9d8: receive RaftClientReply:client-54CC064C3FCE->8224e767-71c1-41fc-a01a-d172d48fd9d8@group-F6B37CC92441, cid=1178, SUCCESS, logIndex=1619, commits[8224e767-71c1-41fc-a01a-d172d48fd9d8:c1619, 6eae0c21-01aa-4169-956f-5952b26ea7ba:c1617, 8d7dcba1-3b82-4d94-a832-514ef5c79cf8:c1617]
2019-08-21 02:17:16,047 | INFO  | DNAudit | user=null | ip=null | op=WRITE_CHUNK {blockData=conID: 2 locID: 102652564581974477 bcsId: 0} | ret=SUCCESS |  
2019-08-21 02:17:16,047 | INFO  | DNAudit | user=null | ip=null | op=PUT_BLOCK {blockData=[blockId=conID: 2 locID: 102652564581974477 bcsId: 0,size=2097152]} | ret=SUCCESS |  
2019-08-21 02:17:16,048 | INFO  | DNAudit | user=null | ip=null | op=WRITE_CHUNK {blockData=conID: 2 locID: 102652564581974477 bcsId: 0} | ret=SUCCESS |  
2019-08-21 02:17:16,048 [grpc-default-executor-4] INFO  client.GrpcClientProtocolClient (GrpcClientProtocolClient.java:onNext(255)) - client-54CC064C3FCE->8224e767-71c1-41fc-a01a-d172d48fd9d8: receive RaftClientReply:client-54CC064C3FCE->8224e767-71c1-41fc-a01a-d172d48fd9d8@group-F6B37CC92441, cid=1179, SUCCESS, logIndex=1620, commits[8224e767-71c1-41fc-a01a-d172d48fd9d8:c1621, 6eae0c21-01aa-4169-956f-5952b26ea7ba:c1617, 8d7dcba1-3b82-4d94-a832-514ef5c79cf8:c1617]
2019-08-21 02:17:16,048 | INFO  | DNAudit | user=null | ip=null | op=PUT_BLOCK {blockData=[blockId=conID: 2 locID: 102652564581974477 bcsId: 0,size=1048576]} | ret=SUCCESS |  
2019-08-21 02:17:16,048 [grpc-default-executor-4] INFO  client.GrpcClientProtocolClient (GrpcClientProtocolClient.java:onNext(255)) - client-54CC064C3FCE->8224e767-71c1-41fc-a01a-d172d48fd9d8: receive RaftClientReply:client-54CC064C3FCE->8224e767-71c1-41fc-a01a-d172d48fd9d8@group-F6B37CC92441, cid=1180, SUCCESS, logIndex=1621, commits[8224e767-71c1-41fc-a01a-d172d48fd9d8:c1621, 6eae0c21-01aa-4169-956f-5952b26ea7ba:c1617, 8d7dcba1-3b82-4d94-a832-514ef5c79cf8:c1617]
2019-08-21 02:17:16,049 | INFO  | DNAudit | user=null | ip=null | op=WRITE_CHUNK {blockData=conID: 2 locID: 102652564581974477 bcsId: 0} | ret=SUCCESS |  
2019-08-21 02:17:16,050 | INFO  | DNAudit | user=null | ip=null | op=PUT_BLOCK {blockData=[blockId=conID: 2 locID: 102652564581974477 bcsId: 0,size=1048576]} | ret=SUCCESS |  
2019-08-21 02:17:16,050 [grpc-default-executor-4] INFO  client.GrpcClientProtocolClient (GrpcClientProtocolClient.java:onNext(255)) - client-54CC064C3FCE->8224e767-71c1-41fc-a01a-d172d48fd9d8: receive RaftClientReply:client-54CC064C3FCE->8224e767-71c1-41fc-a01a-d172d48fd9d8@group-F6B37CC92441, cid=1181, SUCCESS, logIndex=0, commits[8224e767-71c1-41fc-a01a-d172d48fd9d8:c1623, 6eae0c21-01aa-4169-956f-5952b26ea7ba:c1619, 8d7dcba1-3b82-4d94-a832-514ef5c79cf8:c1619]
2019-08-21 02:17:16,056 | INFO  | DNAudit | user=null | ip=null | op=WRITE_CHUNK {blockData=conID: 2 locID: 102652564581974477 bcsId: 1621} | ret=SUCCESS |  
2019-08-21 02:17:16,059 | INFO  | DNAudit | user=null | ip=null | op=WRITE_CHUNK {blockData=conID: 2 locID: 102652564581974477 bcsId: 1621} | ret=SUCCESS |  
2019-08-21 02:17:16,059 | INFO  | DNAudit | user=null | ip=null | op=WRITE_CHUNK {blockData=conID: 2 locID: 102652564581974477 bcsId: 1621} | ret=SUCCESS |  
2019-08-21 02:17:16,060 | INFO  | DNAudit | user=null | ip=null | op=WRITE_CHUNK {blockData=conID: 2 locID: 102652564581974477 bcsId: 0} | ret=SUCCESS |  
2019-08-21 02:17:16,061 | INFO  | DNAudit | user=null | ip=null | op=PUT_BLOCK {blockData=[blockId=conID: 2 locID: 102652564581974477 bcsId: 0,size=2097152]} | ret=SUCCESS |  
2019-08-21 02:17:16,062 | INFO  | DNAudit | user=null | ip=null | op=WRITE_CHUNK {blockData=conID: 2 locID: 102652564581974477 bcsId: 0} | ret=SUCCESS |  
2019-08-21 02:17:16,063 | INFO  | DNAudit | user=null | ip=null | op=PUT_BLOCK {blockData=[blockId=conID: 2 locID: 102652564581974477 bcsId: 0,size=2097152]} | ret=SUCCESS |  
2019-08-21 02:17:16,075 | INFO  | DNAudit | user=null | ip=null | op=WRITE_CHUNK {blockData=conID: 2 locID: 102652564581974477 bcsId: 1621} | ret=SUCCESS |  
2019-08-21 02:17:16,075 | INFO  | DNAudit | user=null | ip=null | op=PUT_BLOCK {blockData=[blockId=conID: 2 locID: 102652564581974477 bcsId: 0,size=3145728]} | ret=SUCCESS |  
2019-08-21 02:17:16,076 [grpc-default-executor-4] INFO  client.GrpcClientProtocolClient (GrpcClientProtocolClient.java:onNext(255)) - client-54CC064C3FCE->8224e767-71c1-41fc-a01a-d172d48fd9d8: receive RaftClientReply:client-54CC064C3FCE->8224e767-71c1-41fc-a01a-d172d48fd9d8@group-F6B37CC92441, cid=1182, SUCCESS, logIndex=1626, commits[8224e767-71c1-41fc-a01a-d172d48fd9d8:c1627, 6eae0c21-01aa-4169-956f-5952b26ea7ba:c1623, 8d7dcba1-3b82-4d94-a832-514ef5c79cf8:c1621]
2019-08-21 02:17:16,243 | INFO  | DNAudit | user=null | ip=null | op=WRITE_CHUNK {blockData=conID: 2 locID: 102652564581974477 bcsId: 1621} | ret=SUCCESS |  
2019-08-21 02:17:16,243 [grpc-default-executor-0] INFO  client.GrpcClientProtocolClient (GrpcClientProtocolClient.java:onNext(255)) - client-54CC064C3FCE->8224e767-71c1-41fc-a01a-d172d48fd9d8: receive RaftClientReply:client-54CC064C3FCE->8224e767-71c1-41fc-a01a-d172d48fd9d8@group-F6B37CC92441, cid=1183, SUCCESS, logIndex=1627, commits[8224e767-71c1-41fc-a01a-d172d48fd9d8:c1627, 6eae0c21-01aa-4169-956f-5952b26ea7ba:c1623, 8d7dcba1-3b82-4d94-a832-514ef5c79cf8:c1623]
2019-08-21 02:17:16,243 | INFO  | DNAudit | user=null | ip=null | op=WRITE_CHUNK {blockData=conID: 2 locID: 102652564581974477 bcsId: 1621} | ret=SUCCESS |  
2019-08-21 02:17:16,243 | INFO  | DNAudit | user=null | ip=null | op=PUT_BLOCK {blockData=[blockId=conID: 2 locID: 102652564581974477 bcsId: 0,size=3145728]} | ret=SUCCESS |  
2019-08-21 02:17:16,244 | INFO  | DNAudit | user=null | ip=null | op=PUT_BLOCK {blockData=[blockId=conID: 2 locID: 102652564581974477 bcsId: 0,size=3145728]} | ret=SUCCESS |  
2019-08-21 02:17:16,252 | INFO  | DNAudit | user=null | ip=null | op=WRITE_CHUNK {blockData=conID: 2 locID: 102652564581974477 bcsId: 1627} | ret=SUCCESS |  
2019-08-21 02:17:16,256 | INFO  | DNAudit | user=null | ip=null | op=WRITE_CHUNK {blockData=conID: 2 locID: 102652564581974477 bcsId: 1627} | ret=SUCCESS |  
2019-08-21 02:17:16,256 | INFO  | DNAudit | user=null | ip=null | op=WRITE_CHUNK {blockData=conID: 2 locID: 102652564581974477 bcsId: 1627} | ret=SUCCESS |  
2019-08-21 02:17:16,265 | INFO  | DNAudit | user=null | ip=null | op=WRITE_CHUNK {blockData=conID: 2 locID: 102652564581974477 bcsId: 1627} | ret=SUCCESS |  
2019-08-21 02:17:16,265 | INFO  | DNAudit | user=null | ip=null | op=PUT_BLOCK {blockData=[blockId=conID: 2 locID: 102652564581974477 bcsId: 0,size=4194304]} | ret=SUCCESS |  
2019-08-21 02:17:16,265 [grpc-default-executor-1] INFO  client.GrpcClientProtocolClient (GrpcClientProtocolClient.java:onNext(255)) - client-54CC064C3FCE->8224e767-71c1-41fc-a01a-d172d48fd9d8: receive RaftClientReply:client-54CC064C3FCE->8224e767-71c1-41fc-a01a-d172d48fd9d8@group-F6B37CC92441, cid=1184, SUCCESS, logIndex=1629, commits[8224e767-71c1-41fc-a01a-d172d48fd9d8:c1630, 6eae0c21-01aa-4169-956f-5952b26ea7ba:c1628, 8d7dcba1-3b82-4d94-a832-514ef5c79cf8:c1628]
2019-08-21 02:17:16,266 [grpc-default-executor-1] INFO  client.GrpcClientProtocolClient (GrpcClientProtocolClient.java:onNext(255)) - client-54CC064C3FCE->8224e767-71c1-41fc-a01a-d172d48fd9d8: receive RaftClientReply:client-54CC064C3FCE->8224e767-71c1-41fc-a01a-d172d48fd9d8@group-F6B37CC92441, cid=1185, SUCCESS, logIndex=1630, commits[8224e767-71c1-41fc-a01a-d172d48fd9d8:c1630, 6eae0c21-01aa-4169-956f-5952b26ea7ba:c1628, 8d7dcba1-3b82-4d94-a832-514ef5c79cf8:c1628]
2019-08-21 02:17:16,276 | INFO  | DNAudit | user=null | ip=null | op=WRITE_CHUNK {blockData=conID: 2 locID: 102652564581974477 bcsId: 1627} | ret=SUCCESS |  
2019-08-21 02:17:16,276 | INFO  | DNAudit | user=null | ip=null | op=WRITE_CHUNK {blockData=conID: 2 locID: 102652564581974477 bcsId: 1627} | ret=SUCCESS |  
2019-08-21 02:17:16,279 | INFO  | DNAudit | user=null | ip=null | op=PUT_BLOCK {blockData=[blockId=conID: 2 locID: 102652564581974477 bcsId: 0,size=4194304]} | ret=SUCCESS |  
2019-08-21 02:17:16,279 | INFO  | DNAudit | user=null | ip=null | op=PUT_BLOCK {blockData=[blockId=conID: 2 locID: 102652564581974477 bcsId: 0,size=4194304]} | ret=SUCCESS |  
2019-08-21 02:17:16,280 [grpc-default-executor-1] INFO  client.GrpcClientProtocolClient (GrpcClientProtocolClient.java:onNext(255)) - client-54CC064C3FCE->8224e767-71c1-41fc-a01a-d172d48fd9d8: receive RaftClientReply:client-54CC064C3FCE->8224e767-71c1-41fc-a01a-d172d48fd9d8@group-F6B37CC92441, cid=1186, SUCCESS, logIndex=0, commits[8224e767-71c1-41fc-a01a-d172d48fd9d8:c1632, 6eae0c21-01aa-4169-956f-5952b26ea7ba:c1630, 8d7dcba1-3b82-4d94-a832-514ef5c79cf8:c1630]
2019-08-21 02:17:16,288 | INFO  | DNAudit | user=null | ip=null | op=WRITE_CHUNK {blockData=conID: 3 locID: 102652564581974478 bcsId: 0} | ret=SUCCESS |  
2019-08-21 02:17:16,290 | INFO  | DNAudit | user=null | ip=null | op=WRITE_CHUNK {blockData=conID: 3 locID: 102652564581974478 bcsId: 0} | ret=SUCCESS |  
2019-08-21 02:17:16,291 | INFO  | DNAudit | user=null | ip=null | op=WRITE_CHUNK {blockData=conID: 3 locID: 102652564581974478 bcsId: 0} | ret=SUCCESS |  
2019-08-21 02:17:16,291 | INFO  | DNAudit | user=null | ip=null | op=WRITE_CHUNK {blockData=conID: 3 locID: 102652564581974478 bcsId: 0} | ret=SUCCESS |  
2019-08-21 02:17:16,293 | INFO  | DNAudit | user=null | ip=null | op=WRITE_CHUNK {blockData=conID: 3 locID: 102652564581974478 bcsId: 0} | ret=SUCCESS |  
2019-08-21 02:17:16,294 | INFO  | DNAudit | user=null | ip=null | op=WRITE_CHUNK {blockData=conID: 3 locID: 102652564581974478 bcsId: 0} | ret=SUCCESS |  
2019-08-21 02:17:16,302 | INFO  | DNAudit | user=null | ip=null | op=WRITE_CHUNK {blockData=conID: 3 locID: 102652564581974478 bcsId: 0} | ret=SUCCESS |  
2019-08-21 02:17:16,303 | INFO  | DNAudit | user=null | ip=null | op=PUT_BLOCK {blockData=[blockId=conID: 3 locID: 102652564581974478 bcsId: 0,size=1048576]} | ret=SUCCESS |  
2019-08-21 02:17:16,303 [grpc-default-executor-2] INFO  client.GrpcClientProtocolClient (GrpcClientProtocolClient.java:onNext(255)) - client-54CC064C3FCE->8224e767-71c1-41fc-a01a-d172d48fd9d8: receive RaftClientReply:client-54CC064C3FCE->8224e767-71c1-41fc-a01a-d172d48fd9d8@group-F6B37CC92441, cid=1187, SUCCESS, logIndex=1633, commits[8224e767-71c1-41fc-a01a-d172d48fd9d8:c1634, 6eae0c21-01aa-4169-956f-5952b26ea7ba:c1632, 8d7dcba1-3b82-4d94-a832-514ef5c79cf8:c1632]
2019-08-21 02:17:16,304 [grpc-default-executor-2] INFO  client.GrpcClientProtocolClient (GrpcClientProtocolClient.java:onNext(255)) - client-54CC064C3FCE->8224e767-71c1-41fc-a01a-d172d48fd9d8: receive RaftClientReply:client-54CC064C3FCE->8224e767-71c1-41fc-a01a-d172d48fd9d8@group-F6B37CC92441, cid=1188, SUCCESS, logIndex=1634, commits[8224e767-71c1-41fc-a01a-d172d48fd9d8:c1634, 6eae0c21-01aa-4169-956f-5952b26ea7ba:c1632, 8d7dcba1-3b82-4d94-a832-514ef5c79cf8:c1632]
2019-08-21 02:17:16,315 | INFO  | DNAudit | user=null | ip=null | op=WRITE_CHUNK {blockData=conID: 3 locID: 102652564581974478 bcsId: 0} | ret=SUCCESS |  
2019-08-21 02:17:16,315 | INFO  | DNAudit | user=null | ip=null | op=PUT_BLOCK {blockData=[blockId=conID: 3 locID: 102652564581974478 bcsId: 0,size=2097152]} | ret=SUCCESS |  
2019-08-21 02:17:16,315 [grpc-default-executor-2] INFO  client.GrpcClientProtocolClient (GrpcClientProtocolClient.java:onNext(255)) - client-54CC064C3FCE->8224e767-71c1-41fc-a01a-d172d48fd9d8: receive RaftClientReply:client-54CC064C3FCE->8224e767-71c1-41fc-a01a-d172d48fd9d8@group-F6B37CC92441, cid=1189, SUCCESS, logIndex=1635, commits[8224e767-71c1-41fc-a01a-d172d48fd9d8:c1636, 6eae0c21-01aa-4169-956f-5952b26ea7ba:c1632, 8d7dcba1-3b82-4d94-a832-514ef5c79cf8:c1632]
2019-08-21 02:17:16,316 [grpc-default-executor-2] INFO  client.GrpcClientProtocolClient (GrpcClientProtocolClient.java:onNext(255)) - client-54CC064C3FCE->8224e767-71c1-41fc-a01a-d172d48fd9d8: receive RaftClientReply:client-54CC064C3FCE->8224e767-71c1-41fc-a01a-d172d48fd9d8@group-F6B37CC92441, cid=1190, SUCCESS, logIndex=1636, commits[8224e767-71c1-41fc-a01a-d172d48fd9d8:c1636, 6eae0c21-01aa-4169-956f-5952b26ea7ba:c1632, 8d7dcba1-3b82-4d94-a832-514ef5c79cf8:c1632]
2019-08-21 02:17:16,327 | INFO  | DNAudit | user=null | ip=null | op=WRITE_CHUNK {blockData=conID: 3 locID: 102652564581974478 bcsId: 0} | ret=SUCCESS |  
2019-08-21 02:17:16,328 | INFO  | DNAudit | user=null | ip=null | op=PUT_BLOCK {blockData=[blockId=conID: 3 locID: 102652564581974478 bcsId: 0,size=1048576]} | ret=SUCCESS |  
2019-08-21 02:17:16,328 | INFO  | DNAudit | user=null | ip=null | op=WRITE_CHUNK {blockData=conID: 3 locID: 102652564581974478 bcsId: 0} | ret=SUCCESS |  
2019-08-21 02:17:16,328 | INFO  | DNAudit | user=null | ip=null | op=PUT_BLOCK {blockData=[blockId=conID: 3 locID: 102652564581974478 bcsId: 0,size=1048576]} | ret=SUCCESS |  
2019-08-21 02:17:16,329 [grpc-default-executor-2] INFO  client.GrpcClientProtocolClient (GrpcClientProtocolClient.java:onNext(255)) - client-54CC064C3FCE->8224e767-71c1-41fc-a01a-d172d48fd9d8: receive RaftClientReply:client-54CC064C3FCE->8224e767-71c1-41fc-a01a-d172d48fd9d8@group-F6B37CC92441, cid=1191, SUCCESS, logIndex=0, commits[8224e767-71c1-41fc-a01a-d172d48fd9d8:c1638, 6eae0c21-01aa-4169-956f-5952b26ea7ba:c1634, 8d7dcba1-3b82-4d94-a832-514ef5c79cf8:c1634]
2019-08-21 02:17:16,340 | INFO  | DNAudit | user=null | ip=null | op=WRITE_CHUNK {blockData=conID: 3 locID: 102652564581974478 bcsId: 0} | ret=SUCCESS |  
2019-08-21 02:17:16,340 | INFO  | DNAudit | user=null | ip=null | op=WRITE_CHUNK {blockData=conID: 3 locID: 102652564581974478 bcsId: 0} | ret=SUCCESS |  
2019-08-21 02:17:16,341 | INFO  | DNAudit | user=null | ip=null | op=PUT_BLOCK {blockData=[blockId=conID: 3 locID: 102652564581974478 bcsId: 0,size=2097152]} | ret=SUCCESS |  
2019-08-21 02:17:16,341 | INFO  | DNAudit | user=null | ip=null | op=PUT_BLOCK {blockData=[blockId=conID: 3 locID: 102652564581974478 bcsId: 0,size=2097152]} | ret=SUCCESS |  
2019-08-21 02:17:16,344 | INFO  | DNAudit | user=null | ip=null | op=WRITE_CHUNK {blockData=conID: 3 locID: 102652564581974478 bcsId: 1636} | ret=SUCCESS |  
2019-08-21 02:17:16,347 | INFO  | DNAudit | user=null | ip=null | op=WRITE_CHUNK {blockData=conID: 3 locID: 102652564581974478 bcsId: 1636} | ret=SUCCESS |  
2019-08-21 02:17:16,349 | INFO  | DNAudit | user=null | ip=null | op=WRITE_CHUNK {blockData=conID: 3 locID: 102652564581974478 bcsId: 1636} | ret=SUCCESS |  
2019-08-21 02:17:16,357 | INFO  | DNAudit | user=null | ip=null | op=WRITE_CHUNK {blockData=conID: 3 locID: 102652564581974478 bcsId: 1636} | ret=SUCCESS |  
2019-08-21 02:17:16,358 | INFO  | DNAudit | user=null | ip=null | op=PUT_BLOCK {blockData=[blockId=conID: 3 locID: 102652564581974478 bcsId: 0,size=3145728]} | ret=SUCCESS |  
2019-08-21 02:17:16,358 [grpc-default-executor-1] INFO  client.GrpcClientProtocolClient (GrpcClientProtocolClient.java:onNext(255)) - client-54CC064C3FCE->8224e767-71c1-41fc-a01a-d172d48fd9d8: receive RaftClientReply:client-54CC064C3FCE->8224e767-71c1-41fc-a01a-d172d48fd9d8@group-F6B37CC92441, cid=1192, SUCCESS, logIndex=1641, commits[8224e767-71c1-41fc-a01a-d172d48fd9d8:c1642, 6eae0c21-01aa-4169-956f-5952b26ea7ba:c1640, 8d7dcba1-3b82-4d94-a832-514ef5c79cf8:c1640]
2019-08-21 02:17:16,359 [grpc-default-executor-1] INFO  client.GrpcClientProtocolClient (GrpcClientProtocolClient.java:onNext(255)) - client-54CC064C3FCE->8224e767-71c1-41fc-a01a-d172d48fd9d8: receive RaftClientReply:client-54CC064C3FCE->8224e767-71c1-41fc-a01a-d172d48fd9d8@group-F6B37CC92441, cid=1193, SUCCESS, logIndex=1642, commits[8224e767-71c1-41fc-a01a-d172d48fd9d8:c1642, 6eae0c21-01aa-4169-956f-5952b26ea7ba:c1640, 8d7dcba1-3b82-4d94-a832-514ef5c79cf8:c1640]
2019-08-21 02:17:16,367 | INFO  | DNAudit | user=null | ip=null | op=WRITE_CHUNK {blockData=conID: 3 locID: 102652564581974478 bcsId: 1642} | ret=SUCCESS |  
2019-08-21 02:17:16,369 | INFO  | DNAudit | user=null | ip=null | op=WRITE_CHUNK {blockData=conID: 3 locID: 102652564581974478 bcsId: 1642} | ret=SUCCESS |  
2019-08-21 02:17:16,370 | INFO  | DNAudit | user=null | ip=null | op=WRITE_CHUNK {blockData=conID: 3 locID: 102652564581974478 bcsId: 1642} | ret=SUCCESS |  
2019-08-21 02:17:16,370 | INFO  | DNAudit | user=null | ip=null | op=WRITE_CHUNK {blockData=conID: 3 locID: 102652564581974478 bcsId: 1636} | ret=SUCCESS |  
2019-08-21 02:17:16,370 | INFO  | DNAudit | user=null | ip=null | op=WRITE_CHUNK {blockData=conID: 3 locID: 102652564581974478 bcsId: 1636} | ret=SUCCESS |  
2019-08-21 02:17:16,384 | INFO  | DNAudit | user=null | ip=null | op=PUT_BLOCK {blockData=[blockId=conID: 3 locID: 102652564581974478 bcsId: 0,size=3145728]} | ret=SUCCESS |  
2019-08-21 02:17:16,384 | INFO  | DNAudit | user=null | ip=null | op=PUT_BLOCK {blockData=[blockId=conID: 3 locID: 102652564581974478 bcsId: 0,size=3145728]} | ret=SUCCESS |  
2019-08-21 02:17:16,384 | INFO  | DNAudit | user=null | ip=null | op=WRITE_CHUNK {blockData=conID: 3 locID: 102652564581974478 bcsId: 1642} | ret=SUCCESS |  
2019-08-21 02:17:16,385 | INFO  | DNAudit | user=null | ip=null | op=PUT_BLOCK {blockData=[blockId=conID: 3 locID: 102652564581974478 bcsId: 0,size=4194304]} | ret=SUCCESS |  
2019-08-21 02:17:16,385 [grpc-default-executor-2] INFO  client.GrpcClientProtocolClient (GrpcClientProtocolClient.java:onNext(255)) - client-54CC064C3FCE->8224e767-71c1-41fc-a01a-d172d48fd9d8: receive RaftClientReply:client-54CC064C3FCE->8224e767-71c1-41fc-a01a-d172d48fd9d8@group-F6B37CC92441, cid=1194, SUCCESS, logIndex=1645, commits[8224e767-71c1-41fc-a01a-d172d48fd9d8:c1646, 6eae0c21-01aa-4169-956f-5952b26ea7ba:c1642, 8d7dcba1-3b82-4d94-a832-514ef5c79cf8:c1642]
2019-08-21 02:17:16,385 [grpc-default-executor-2] INFO  client.GrpcClientProtocolClient (GrpcClientProtocolClient.java:onNext(255)) - client-54CC064C3FCE->8224e767-71c1-41fc-a01a-d172d48fd9d8: receive RaftClientReply:client-54CC064C3FCE->8224e767-71c1-41fc-a01a-d172d48fd9d8@group-F6B37CC92441, cid=1195, SUCCESS, logIndex=1646, commits[8224e767-71c1-41fc-a01a-d172d48fd9d8:c1646, 6eae0c21-01aa-4169-956f-5952b26ea7ba:c1642, 8d7dcba1-3b82-4d94-a832-514ef5c79cf8:c1642]
2019-08-21 02:17:16,397 | INFO  | DNAudit | user=null | ip=null | op=WRITE_CHUNK {blockData=conID: 3 locID: 102652564581974478 bcsId: 1642} | ret=SUCCESS |  
2019-08-21 02:17:16,397 | INFO  | DNAudit | user=null | ip=null | op=WRITE_CHUNK {blockData=conID: 3 locID: 102652564581974478 bcsId: 1642} | ret=SUCCESS |  
2019-08-21 02:17:16,401 | INFO  | DNAudit | user=null | ip=null | op=PUT_BLOCK {blockData=[blockId=conID: 3 locID: 102652564581974478 bcsId: 0,size=4194304]} | ret=SUCCESS |  
2019-08-21 02:17:16,401 | INFO  | DNAudit | user=null | ip=null | op=PUT_BLOCK {blockData=[blockId=conID: 3 locID: 102652564581974478 bcsId: 0,size=4194304]} | ret=SUCCESS |  
2019-08-21 02:17:16,402 [grpc-default-executor-2] INFO  client.GrpcClientProtocolClient (GrpcClientProtocolClient.java:onNext(255)) - client-54CC064C3FCE->8224e767-71c1-41fc-a01a-d172d48fd9d8: receive RaftClientReply:client-54CC064C3FCE->8224e767-71c1-41fc-a01a-d172d48fd9d8@group-F6B37CC92441, cid=1196, SUCCESS, logIndex=0, commits[8224e767-71c1-41fc-a01a-d172d48fd9d8:c1648, 6eae0c21-01aa-4169-956f-5952b26ea7ba:c1646, 8d7dcba1-3b82-4d94-a832-514ef5c79cf8:c1646]
2019-08-21 02:17:16,409 | INFO  | DNAudit | user=null | ip=null | op=WRITE_CHUNK {blockData=conID: 1 locID: 102652564581974479 bcsId: 0} | ret=SUCCESS |  
2019-08-21 02:17:16,412 | INFO  | DNAudit | user=null | ip=null | op=WRITE_CHUNK {blockData=conID: 1 locID: 102652564581974479 bcsId: 0} | ret=SUCCESS |  
2019-08-21 02:17:16,413 | INFO  | DNAudit | user=null | ip=null | op=WRITE_CHUNK {blockData=conID: 1 locID: 102652564581974479 bcsId: 0} | ret=SUCCESS |  
2019-08-21 02:17:16,413 | INFO  | DNAudit | user=null | ip=null | op=WRITE_CHUNK {blockData=conID: 1 locID: 102652564581974479 bcsId: 0} | ret=SUCCESS |  
2019-08-21 02:17:16,415 | INFO  | DNAudit | user=null | ip=null | op=WRITE_CHUNK {blockData=conID: 1 locID: 102652564581974479 bcsId: 0} | ret=SUCCESS |  
2019-08-21 02:17:16,415 | INFO  | DNAudit | user=null | ip=null | op=WRITE_CHUNK {blockData=conID: 1 locID: 102652564581974479 bcsId: 0} | ret=SUCCESS |  
2019-08-21 02:17:16,416 | INFO  | DNAudit | user=null | ip=null | op=WRITE_CHUNK {blockData=conID: 1 locID: 102652564581974479 bcsId: 0} | ret=SUCCESS |  
2019-08-21 02:17:16,416 | INFO  | DNAudit | user=null | ip=null | op=PUT_BLOCK {blockData=[blockId=conID: 1 locID: 102652564581974479 bcsId: 0,size=1048576]} | ret=SUCCESS |  
2019-08-21 02:17:16,416 [grpc-default-executor-2] INFO  client.GrpcClientProtocolClient (GrpcClientProtocolClient.java:onNext(255)) - client-54CC064C3FCE->8224e767-71c1-41fc-a01a-d172d48fd9d8: receive RaftClientReply:client-54CC064C3FCE->8224e767-71c1-41fc-a01a-d172d48fd9d8@group-F6B37CC92441, cid=1197, SUCCESS, logIndex=1649, commits[8224e767-71c1-41fc-a01a-d172d48fd9d8:c1650, 6eae0c21-01aa-4169-956f-5952b26ea7ba:c1646, 8d7dcba1-3b82-4d94-a832-514ef5c79cf8:c1648]
2019-08-21 02:17:16,417 [grpc-default-executor-2] INFO  client.GrpcClientProtocolClient (GrpcClientProtocolClient.java:onNext(255)) - client-54CC064C3FCE->8224e767-71c1-41fc-a01a-d172d48fd9d8: receive RaftClientReply:client-54CC064C3FCE->8224e767-71c1-41fc-a01a-d172d48fd9d8@group-F6B37CC92441, cid=1198, SUCCESS, logIndex=1650, commits[8224e767-71c1-41fc-a01a-d172d48fd9d8:c1650, 6eae0c21-01aa-4169-956f-5952b26ea7ba:c1646, 8d7dcba1-3b82-4d94-a832-514ef5c79cf8:c1648]
2019-08-21 02:17:16,420 | INFO  | DNAudit | user=null | ip=null | op=WRITE_CHUNK {blockData=conID: 1 locID: 102652564581974479 bcsId: 0} | ret=SUCCESS |  
2019-08-21 02:17:16,420 | INFO  | DNAudit | user=null | ip=null | op=WRITE_CHUNK {blockData=conID: 1 locID: 102652564581974479 bcsId: 0} | ret=SUCCESS |  
2019-08-21 02:17:16,421 | INFO  | DNAudit | user=null | ip=null | op=PUT_BLOCK {blockData=[blockId=conID: 1 locID: 102652564581974479 bcsId: 0,size=1048576]} | ret=SUCCESS |  
2019-08-21 02:17:16,421 | INFO  | DNAudit | user=null | ip=null | op=PUT_BLOCK {blockData=[blockId=conID: 1 locID: 102652564581974479 bcsId: 0,size=2097152]} | ret=SUCCESS |  
2019-08-21 02:17:16,421 | INFO  | DNAudit | user=null | ip=null | op=WRITE_CHUNK {blockData=conID: 1 locID: 102652564581974479 bcsId: 0} | ret=SUCCESS |  
2019-08-21 02:17:16,421 [grpc-default-executor-4] INFO  client.GrpcClientProtocolClient (GrpcClientProtocolClient.java:onNext(255)) - client-54CC064C3FCE->8224e767-71c1-41fc-a01a-d172d48fd9d8: receive RaftClientReply:client-54CC064C3FCE->8224e767-71c1-41fc-a01a-d172d48fd9d8@group-F6B37CC92441, cid=1199, SUCCESS, logIndex=1651, commits[8224e767-71c1-41fc-a01a-d172d48fd9d8:c1653, 6eae0c21-01aa-4169-956f-5952b26ea7ba:c1650, 8d7dcba1-3b82-4d94-a832-514ef5c79cf8:c1648]
2019-08-21 02:17:16,422 | INFO  | DNAudit | user=null | ip=null | op=PUT_BLOCK {blockData=[blockId=conID: 1 locID: 102652564581974479 bcsId: 0,size=1048576]} | ret=SUCCESS |  
2019-08-21 02:17:16,422 [grpc-default-executor-4] INFO  client.GrpcClientProtocolClient (GrpcClientProtocolClient.java:onNext(255)) - client-54CC064C3FCE->8224e767-71c1-41fc-a01a-d172d48fd9d8: receive RaftClientReply:client-54CC064C3FCE->8224e767-71c1-41fc-a01a-d172d48fd9d8@group-F6B37CC92441, cid=1200, SUCCESS, logIndex=1652, commits[8224e767-71c1-41fc-a01a-d172d48fd9d8:c1654, 6eae0c21-01aa-4169-956f-5952b26ea7ba:c1650, 8d7dcba1-3b82-4d94-a832-514ef5c79cf8:c1650]
2019-08-21 02:17:16,428 | INFO  | DNAudit | user=null | ip=null | op=WRITE_CHUNK {blockData=conID: 1 locID: 102652564581974479 bcsId: 1652} | ret=SUCCESS |  
2019-08-21 02:17:16,430 | INFO  | DNAudit | user=null | ip=null | op=WRITE_CHUNK {blockData=conID: 1 locID: 102652564581974479 bcsId: 1652} | ret=SUCCESS |  
2019-08-21 02:17:16,431 | INFO  | DNAudit | user=null | ip=null | op=WRITE_CHUNK {blockData=conID: 1 locID: 102652564581974479 bcsId: 0} | ret=SUCCESS |  
2019-08-21 02:17:16,431 | INFO  | DNAudit | user=null | ip=null | op=WRITE_CHUNK {blockData=conID: 1 locID: 102652564581974479 bcsId: 0} | ret=SUCCESS |  
2019-08-21 02:17:16,431 | INFO  | DNAudit | user=null | ip=null | op=PUT_BLOCK {blockData=[blockId=conID: 1 locID: 102652564581974479 bcsId: 0,size=2097152]} | ret=SUCCESS |  
2019-08-21 02:17:16,431 | INFO  | DNAudit | user=null | ip=null | op=PUT_BLOCK {blockData=[blockId=conID: 1 locID: 102652564581974479 bcsId: 0,size=2097152]} | ret=SUCCESS |  
2019-08-21 02:17:16,432 | INFO  | DNAudit | user=null | ip=null | op=WRITE_CHUNK {blockData=conID: 1 locID: 102652564581974479 bcsId: 1652} | ret=SUCCESS |  
2019-08-21 02:17:16,433 | INFO  | DNAudit | user=null | ip=null | op=WRITE_CHUNK {blockData=conID: 1 locID: 102652564581974479 bcsId: 1652} | ret=SUCCESS |  
2019-08-21 02:17:16,434 | INFO  | DNAudit | user=null | ip=null | op=PUT_BLOCK {blockData=[blockId=conID: 1 locID: 102652564581974479 bcsId: 0,size=3145728]} | ret=SUCCESS |  
2019-08-21 02:17:16,434 [grpc-default-executor-0] INFO  client.GrpcClientProtocolClient (GrpcClientProtocolClient.java:onNext(255)) - client-54CC064C3FCE->8224e767-71c1-41fc-a01a-d172d48fd9d8: receive RaftClientReply:client-54CC064C3FCE->8224e767-71c1-41fc-a01a-d172d48fd9d8@group-F6B37CC92441, cid=1201, SUCCESS, logIndex=1657, commits[8224e767-71c1-41fc-a01a-d172d48fd9d8:c1658, 6eae0c21-01aa-4169-956f-5952b26ea7ba:c1654, 8d7dcba1-3b82-4d94-a832-514ef5c79cf8:c1653]
2019-08-21 02:17:16,434 [grpc-default-executor-0] INFO  client.GrpcClientProtocolClient (GrpcClientProtocolClient.java:onNext(255)) - client-54CC064C3FCE->8224e767-71c1-41fc-a01a-d172d48fd9d8: receive RaftClientReply:client-54CC064C3FCE->8224e767-71c1-41fc-a01a-d172d48fd9d8@group-F6B37CC92441, cid=1202, SUCCESS, logIndex=1658, commits[8224e767-71c1-41fc-a01a-d172d48fd9d8:c1658, 6eae0c21-01aa-4169-956f-5952b26ea7ba:c1654, 8d7dcba1-3b82-4d94-a832-514ef5c79cf8:c1653]
2019-08-21 02:17:16,437 | INFO  | DNAudit | user=null | ip=null | op=WRITE_CHUNK {blockData=conID: 1 locID: 102652564581974479 bcsId: 1652} | ret=SUCCESS |  
2019-08-21 02:17:16,437 | INFO  | DNAudit | user=null | ip=null | op=PUT_BLOCK {blockData=[blockId=conID: 1 locID: 102652564581974479 bcsId: 0,size=3145728]} | ret=SUCCESS |  
2019-08-21 02:17:16,438 | INFO  | DNAudit | user=null | ip=null | op=WRITE_CHUNK {blockData=conID: 1 locID: 102652564581974479 bcsId: 1652} | ret=SUCCESS |  
2019-08-21 02:17:16,438 | INFO  | DNAudit | user=null | ip=null | op=PUT_BLOCK {blockData=[blockId=conID: 1 locID: 102652564581974479 bcsId: 0,size=3145728]} | ret=SUCCESS |  
2019-08-21 02:17:16,442 | INFO  | DNAudit | user=null | ip=null | op=WRITE_CHUNK {blockData=conID: 1 locID: 102652564581974479 bcsId: 1658} | ret=SUCCESS |  
2019-08-21 02:17:16,443 | INFO  | DNAudit | user=null | ip=null | op=WRITE_CHUNK {blockData=conID: 1 locID: 102652564581974479 bcsId: 1658} | ret=SUCCESS |  
2019-08-21 02:17:16,443 | INFO  | DNAudit | user=null | ip=null | op=WRITE_CHUNK {blockData=conID: 1 locID: 102652564581974479 bcsId: 1658} | ret=SUCCESS |  
2019-08-21 02:17:16,444 | INFO  | DNAudit | user=null | ip=null | op=WRITE_CHUNK {blockData=conID: 1 locID: 102652564581974479 bcsId: 1658} | ret=SUCCESS |  
2019-08-21 02:17:16,445 | INFO  | DNAudit | user=null | ip=null | op=PUT_BLOCK {blockData=[blockId=conID: 1 locID: 102652564581974479 bcsId: 0,size=4194304]} | ret=SUCCESS |  
2019-08-21 02:17:16,445 [grpc-default-executor-0] INFO  client.GrpcClientProtocolClient (GrpcClientProtocolClient.java:onNext(255)) - client-54CC064C3FCE->8224e767-71c1-41fc-a01a-d172d48fd9d8: receive RaftClientReply:client-54CC064C3FCE->8224e767-71c1-41fc-a01a-d172d48fd9d8@group-F6B37CC92441, cid=1203, SUCCESS, logIndex=1660, commits[8224e767-71c1-41fc-a01a-d172d48fd9d8:c1661, 6eae0c21-01aa-4169-956f-5952b26ea7ba:c1659, 8d7dcba1-3b82-4d94-a832-514ef5c79cf8:c1658]
2019-08-21 02:17:16,445 [grpc-default-executor-0] INFO  client.GrpcClientProtocolClient (GrpcClientProtocolClient.java:onNext(255)) - client-54CC064C3FCE->8224e767-71c1-41fc-a01a-d172d48fd9d8: receive RaftClientReply:client-54CC064C3FCE->8224e767-71c1-41fc-a01a-d172d48fd9d8@group-F6B37CC92441, cid=1204, SUCCESS, logIndex=1661, commits[8224e767-71c1-41fc-a01a-d172d48fd9d8:c1661, 6eae0c21-01aa-4169-956f-5952b26ea7ba:c1659, 8d7dcba1-3b82-4d94-a832-514ef5c79cf8:c1659]
2019-08-21 02:17:16,448 | INFO  | DNAudit | user=null | ip=null | op=WRITE_CHUNK {blockData=conID: 1 locID: 102652564581974479 bcsId: 1658} | ret=SUCCESS |  
2019-08-21 02:17:16,448 | INFO  | DNAudit | user=null | ip=null | op=WRITE_CHUNK {blockData=conID: 1 locID: 102652564581974479 bcsId: 1658} | ret=SUCCESS |  
2019-08-21 02:17:16,448 | INFO  | DNAudit | user=null | ip=null | op=PUT_BLOCK {blockData=[blockId=conID: 1 locID: 102652564581974479 bcsId: 0,size=4194304]} | ret=SUCCESS |  
2019-08-21 02:17:16,448 | INFO  | DNAudit | user=null | ip=null | op=PUT_BLOCK {blockData=[blockId=conID: 1 locID: 102652564581974479 bcsId: 0,size=4194304]} | ret=SUCCESS |  
2019-08-21 02:17:16,449 [grpc-default-executor-0] INFO  client.GrpcClientProtocolClient (GrpcClientProtocolClient.java:onNext(255)) - client-54CC064C3FCE->8224e767-71c1-41fc-a01a-d172d48fd9d8: receive RaftClientReply:client-54CC064C3FCE->8224e767-71c1-41fc-a01a-d172d48fd9d8@group-F6B37CC92441, cid=1205, SUCCESS, logIndex=0, commits[8224e767-71c1-41fc-a01a-d172d48fd9d8:c1662, 6eae0c21-01aa-4169-956f-5952b26ea7ba:c1661, 8d7dcba1-3b82-4d94-a832-514ef5c79cf8:c1661]
2019-08-21 02:17:16,456 | INFO  | DNAudit | user=null | ip=null | op=WRITE_CHUNK {blockData=conID: 2 locID: 102652564581974480 bcsId: 0} | ret=SUCCESS |  
2019-08-21 02:17:16,457 | INFO  | DNAudit | user=null | ip=null | op=WRITE_CHUNK {blockData=conID: 2 locID: 102652564581974480 bcsId: 0} | ret=SUCCESS |  
2019-08-21 02:17:16,458 | INFO  | DNAudit | user=null | ip=null | op=WRITE_CHUNK {blockData=conID: 2 locID: 102652564581974480 bcsId: 0} | ret=SUCCESS |  
2019-08-21 02:17:16,458 | INFO  | DNAudit | user=null | ip=null | op=WRITE_CHUNK {blockData=conID: 2 locID: 102652564581974480 bcsId: 0} | ret=SUCCESS |  
2019-08-21 02:17:16,459 | INFO  | DNAudit | user=null | ip=null | op=WRITE_CHUNK {blockData=conID: 2 locID: 102652564581974480 bcsId: 0} | ret=SUCCESS |  
2019-08-21 02:17:16,460 | INFO  | DNAudit | user=null | ip=null | op=WRITE_CHUNK {blockData=conID: 2 locID: 102652564581974480 bcsId: 0} | ret=SUCCESS |  
2019-08-21 02:17:16,460 | INFO  | DNAudit | user=null | ip=null | op=WRITE_CHUNK {blockData=conID: 2 locID: 102652564581974480 bcsId: 0} | ret=SUCCESS |  
2019-08-21 02:17:16,461 | INFO  | DNAudit | user=null | ip=null | op=PUT_BLOCK {blockData=[blockId=conID: 2 locID: 102652564581974480 bcsId: 0,size=1048576]} | ret=SUCCESS |  
2019-08-21 02:17:16,461 [grpc-default-executor-0] INFO  client.GrpcClientProtocolClient (GrpcClientProtocolClient.java:onNext(255)) - client-54CC064C3FCE->8224e767-71c1-41fc-a01a-d172d48fd9d8: receive RaftClientReply:client-54CC064C3FCE->8224e767-71c1-41fc-a01a-d172d48fd9d8@group-F6B37CC92441, cid=1206, SUCCESS, logIndex=1663, commits[8224e767-71c1-41fc-a01a-d172d48fd9d8:c1664, 6eae0c21-01aa-4169-956f-5952b26ea7ba:c1661, 8d7dcba1-3b82-4d94-a832-514ef5c79cf8:c1662]
2019-08-21 02:17:16,461 [grpc-default-executor-0] INFO  client.GrpcClientProtocolClient (GrpcClientProtocolClient.java:onNext(255)) - client-54CC064C3FCE->8224e767-71c1-41fc-a01a-d172d48fd9d8: receive RaftClientReply:client-54CC064C3FCE->8224e767-71c1-41fc-a01a-d172d48fd9d8@group-F6B37CC92441, cid=1207, SUCCESS, logIndex=1664, commits[8224e767-71c1-41fc-a01a-d172d48fd9d8:c1664, 6eae0c21-01aa-4169-956f-5952b26ea7ba:c1661, 8d7dcba1-3b82-4d94-a832-514ef5c79cf8:c1662]
2019-08-21 02:17:16,462 | INFO  | DNAudit | user=null | ip=null | op=WRITE_CHUNK {blockData=conID: 2 locID: 102652564581974480 bcsId: 0} | ret=SUCCESS |  
2019-08-21 02:17:16,462 | INFO  | DNAudit | user=null | ip=null | op=PUT_BLOCK {blockData=[blockId=conID: 2 locID: 102652564581974480 bcsId: 0,size=2097152]} | ret=SUCCESS |  
2019-08-21 02:17:16,462 [grpc-default-executor-0] INFO  client.GrpcClientProtocolClient (GrpcClientProtocolClient.java:onNext(255)) - client-54CC064C3FCE->8224e767-71c1-41fc-a01a-d172d48fd9d8: receive RaftClientReply:client-54CC064C3FCE->8224e767-71c1-41fc-a01a-d172d48fd9d8@group-F6B37CC92441, cid=1208, SUCCESS, logIndex=1665, commits[8224e767-71c1-41fc-a01a-d172d48fd9d8:c1665, 6eae0c21-01aa-4169-956f-5952b26ea7ba:c1662, 8d7dcba1-3b82-4d94-a832-514ef5c79cf8:c1662]
2019-08-21 02:17:16,463 | INFO  | DNAudit | user=null | ip=null | op=WRITE_CHUNK {blockData=conID: 2 locID: 102652564581974480 bcsId: 0} | ret=SUCCESS |  
2019-08-21 02:17:16,463 | INFO  | DNAudit | user=null | ip=null | op=WRITE_CHUNK {blockData=conID: 2 locID: 102652564581974480 bcsId: 0} | ret=SUCCESS |  
2019-08-21 02:17:16,463 [grpc-default-executor-0] INFO  client.GrpcClientProtocolClient (GrpcClientProtocolClient.java:onNext(255)) - client-54CC064C3FCE->8224e767-71c1-41fc-a01a-d172d48fd9d8: receive RaftClientReply:client-54CC064C3FCE->8224e767-71c1-41fc-a01a-d172d48fd9d8@group-F6B37CC92441, cid=1209, SUCCESS, logIndex=1666, commits[8224e767-71c1-41fc-a01a-d172d48fd9d8:c1666, 6eae0c21-01aa-4169-956f-5952b26ea7ba:c1662, 8d7dcba1-3b82-4d94-a832-514ef5c79cf8:c1662]
2019-08-21 02:17:16,463 | INFO  | DNAudit | user=null | ip=null | op=PUT_BLOCK {blockData=[blockId=conID: 2 locID: 102652564581974480 bcsId: 0,size=1048576]} | ret=SUCCESS |  
2019-08-21 02:17:16,465 | INFO  | DNAudit | user=null | ip=null | op=PUT_BLOCK {blockData=[blockId=conID: 2 locID: 102652564581974480 bcsId: 0,size=1048576]} | ret=SUCCESS |  
2019-08-21 02:17:16,465 | INFO  | DNAudit | user=null | ip=null | op=WRITE_CHUNK {blockData=conID: 2 locID: 102652564581974480 bcsId: 0} | ret=SUCCESS |  
2019-08-21 02:17:16,465 | INFO  | DNAudit | user=null | ip=null | op=WRITE_CHUNK {blockData=conID: 2 locID: 102652564581974480 bcsId: 0} | ret=SUCCESS |  
2019-08-21 02:17:16,466 | INFO  | DNAudit | user=null | ip=null | op=PUT_BLOCK {blockData=[blockId=conID: 2 locID: 102652564581974480 bcsId: 0,size=2097152]} | ret=SUCCESS |  
2019-08-21 02:17:16,466 [grpc-default-executor-2] INFO  client.GrpcClientProtocolClient (GrpcClientProtocolClient.java:onNext(255)) - client-54CC064C3FCE->8224e767-71c1-41fc-a01a-d172d48fd9d8: receive RaftClientReply:client-54CC064C3FCE->8224e767-71c1-41fc-a01a-d172d48fd9d8@group-F6B37CC92441, cid=1210, SUCCESS, logIndex=0, commits[8224e767-71c1-41fc-a01a-d172d48fd9d8:c1670, 6eae0c21-01aa-4169-956f-5952b26ea7ba:c1665, 8d7dcba1-3b82-4d94-a832-514ef5c79cf8:c1666]
2019-08-21 02:17:16,466 | INFO  | DNAudit | user=null | ip=null | op=PUT_BLOCK {blockData=[blockId=conID: 2 locID: 102652564581974480 bcsId: 0,size=2097152]} | ret=SUCCESS |  
2019-08-21 02:17:16,474 | INFO  | DNAudit | user=null | ip=null | op=WRITE_CHUNK {blockData=conID: 2 locID: 102652564581974480 bcsId: 1666} | ret=SUCCESS |  
2019-08-21 02:17:16,477 | INFO  | DNAudit | user=null | ip=null | op=WRITE_CHUNK {blockData=conID: 2 locID: 102652564581974480 bcsId: 1666} | ret=SUCCESS |  
2019-08-21 02:17:16,477 | INFO  | DNAudit | user=null | ip=null | op=WRITE_CHUNK {blockData=conID: 2 locID: 102652564581974480 bcsId: 1666} | ret=SUCCESS |  
2019-08-21 02:17:16,500 | INFO  | DNAudit | user=null | ip=null | op=WRITE_CHUNK {blockData=conID: 2 locID: 102652564581974480 bcsId: 1666} | ret=SUCCESS |  
2019-08-21 02:17:16,500 | INFO  | DNAudit | user=null | ip=null | op=PUT_BLOCK {blockData=[blockId=conID: 2 locID: 102652564581974480 bcsId: 0,size=3145728]} | ret=SUCCESS |  
2019-08-21 02:17:16,501 [grpc-default-executor-0] INFO  client.GrpcClientProtocolClient (GrpcClientProtocolClient.java:onNext(255)) - client-54CC064C3FCE->8224e767-71c1-41fc-a01a-d172d48fd9d8: receive RaftClientReply:client-54CC064C3FCE->8224e767-71c1-41fc-a01a-d172d48fd9d8@group-F6B37CC92441, cid=1211, SUCCESS, logIndex=1671, commits[8224e767-71c1-41fc-a01a-d172d48fd9d8:c1672, 6eae0c21-01aa-4169-956f-5952b26ea7ba:c1666, 8d7dcba1-3b82-4d94-a832-514ef5c79cf8:c1670]
2019-08-21 02:17:16,501 | INFO  | DNAudit | user=null | ip=null | op=WRITE_CHUNK {blockData=conID: 2 locID: 102652564581974480 bcsId: 1666} | ret=SUCCESS |  
2019-08-21 02:17:16,501 | INFO  | DNAudit | user=null | ip=null | op=WRITE_CHUNK {blockData=conID: 2 locID: 102652564581974480 bcsId: 1666} | ret=SUCCESS |  
2019-08-21 02:17:16,501 | INFO  | DNAudit | user=null | ip=null | op=PUT_BLOCK {blockData=[blockId=conID: 2 locID: 102652564581974480 bcsId: 0,size=3145728]} | ret=SUCCESS |  
2019-08-21 02:17:16,502 | INFO  | DNAudit | user=null | ip=null | op=PUT_BLOCK {blockData=[blockId=conID: 2 locID: 102652564581974480 bcsId: 0,size=3145728]} | ret=SUCCESS |  
2019-08-21 02:17:16,502 [grpc-default-executor-0] INFO  client.GrpcClientProtocolClient (GrpcClientProtocolClient.java:onNext(255)) - client-54CC064C3FCE->8224e767-71c1-41fc-a01a-d172d48fd9d8: receive RaftClientReply:client-54CC064C3FCE->8224e767-71c1-41fc-a01a-d172d48fd9d8@group-F6B37CC92441, cid=1212, SUCCESS, logIndex=1672, commits[8224e767-71c1-41fc-a01a-d172d48fd9d8:c1672, 6eae0c21-01aa-4169-956f-5952b26ea7ba:c1670, 8d7dcba1-3b82-4d94-a832-514ef5c79cf8:c1670]
2019-08-21 02:17:16,510 | INFO  | DNAudit | user=null | ip=null | op=WRITE_CHUNK {blockData=conID: 2 locID: 102652564581974480 bcsId: 1672} | ret=SUCCESS |  
2019-08-21 02:17:16,514 | INFO  | DNAudit | user=null | ip=null | op=WRITE_CHUNK {blockData=conID: 2 locID: 102652564581974480 bcsId: 1672} | ret=SUCCESS |  
2019-08-21 02:17:16,514 | INFO  | DNAudit | user=null | ip=null | op=WRITE_CHUNK {blockData=conID: 2 locID: 102652564581974480 bcsId: 1672} | ret=SUCCESS |  
2019-08-21 02:17:16,523 | INFO  | DNAudit | user=null | ip=null | op=WRITE_CHUNK {blockData=conID: 2 locID: 102652564581974480 bcsId: 1672} | ret=SUCCESS |  
2019-08-21 02:17:16,524 | INFO  | DNAudit | user=null | ip=null | op=PUT_BLOCK {blockData=[blockId=conID: 2 locID: 102652564581974480 bcsId: 0,size=4194304]} | ret=SUCCESS |  
2019-08-21 02:17:16,524 [grpc-default-executor-2] INFO  client.GrpcClientProtocolClient (GrpcClientProtocolClient.java:onNext(255)) - client-54CC064C3FCE->8224e767-71c1-41fc-a01a-d172d48fd9d8: receive RaftClientReply:client-54CC064C3FCE->8224e767-71c1-41fc-a01a-d172d48fd9d8@group-F6B37CC92441, cid=1213, SUCCESS, logIndex=1674, commits[8224e767-71c1-41fc-a01a-d172d48fd9d8:c1675, 6eae0c21-01aa-4169-956f-5952b26ea7ba:c1673, 8d7dcba1-3b82-4d94-a832-514ef5c79cf8:c1673]
2019-08-21 02:17:16,525 [grpc-default-executor-2] INFO  client.GrpcClientProtocolClient (GrpcClientProtocolClient.java:onNext(255)) - client-54CC064C3FCE->8224e767-71c1-41fc-a01a-d172d48fd9d8: receive RaftClientReply:client-54CC064C3FCE->8224e767-71c1-41fc-a01a-d172d48fd9d8@group-F6B37CC92441, cid=1214, SUCCESS, logIndex=1675, commits[8224e767-71c1-41fc-a01a-d172d48fd9d8:c1675, 6eae0c21-01aa-4169-956f-5952b26ea7ba:c1673, 8d7dcba1-3b82-4d94-a832-514ef5c79cf8:c1673]
2019-08-21 02:17:16,536 | INFO  | DNAudit | user=null | ip=null | op=WRITE_CHUNK {blockData=conID: 2 locID: 102652564581974480 bcsId: 1672} | ret=SUCCESS |  
2019-08-21 02:17:16,536 | INFO  | DNAudit | user=null | ip=null | op=WRITE_CHUNK {blockData=conID: 2 locID: 102652564581974480 bcsId: 1672} | ret=SUCCESS |  
2019-08-21 02:17:16,550 | INFO  | DNAudit | user=null | ip=null | op=PUT_BLOCK {blockData=[blockId=conID: 2 locID: 102652564581974480 bcsId: 0,size=4194304]} | ret=SUCCESS |  
2019-08-21 02:17:16,550 | INFO  | DNAudit | user=null | ip=null | op=PUT_BLOCK {blockData=[blockId=conID: 2 locID: 102652564581974480 bcsId: 0,size=4194304]} | ret=SUCCESS |  
2019-08-21 02:17:16,550 [grpc-default-executor-0] INFO  client.GrpcClientProtocolClient (GrpcClientProtocolClient.java:onNext(255)) - client-54CC064C3FCE->8224e767-71c1-41fc-a01a-d172d48fd9d8: receive RaftClientReply:client-54CC064C3FCE->8224e767-71c1-41fc-a01a-d172d48fd9d8@group-F6B37CC92441, cid=1215, SUCCESS, logIndex=0, commits[8224e767-71c1-41fc-a01a-d172d48fd9d8:c1677, 6eae0c21-01aa-4169-956f-5952b26ea7ba:c1675, 8d7dcba1-3b82-4d94-a832-514ef5c79cf8:c1675]
2019-08-21 02:17:16,559 | INFO  | DNAudit | user=null | ip=null | op=WRITE_CHUNK {blockData=conID: 3 locID: 102652564582040017 bcsId: 0} | ret=SUCCESS |  
2019-08-21 02:17:16,562 | INFO  | DNAudit | user=null | ip=null | op=WRITE_CHUNK {blockData=conID: 3 locID: 102652564582040017 bcsId: 0} | ret=SUCCESS |  
2019-08-21 02:17:16,562 | INFO  | DNAudit | user=null | ip=null | op=WRITE_CHUNK {blockData=conID: 3 locID: 102652564582040017 bcsId: 0} | ret=SUCCESS |  
2019-08-21 02:17:16,563 | INFO  | DNAudit | user=null | ip=null | op=WRITE_CHUNK {blockData=conID: 3 locID: 102652564582040017 bcsId: 0} | ret=SUCCESS |  
2019-08-21 02:17:16,565 | INFO  | DNAudit | user=null | ip=null | op=WRITE_CHUNK {blockData=conID: 3 locID: 102652564582040017 bcsId: 0} | ret=SUCCESS |  
2019-08-21 02:17:16,566 | INFO  | DNAudit | user=null | ip=null | op=WRITE_CHUNK {blockData=conID: 3 locID: 102652564582040017 bcsId: 0} | ret=SUCCESS |  
2019-08-21 02:17:16,574 | INFO  | DNAudit | user=null | ip=null | op=WRITE_CHUNK {blockData=conID: 3 locID: 102652564582040017 bcsId: 0} | ret=SUCCESS |  
2019-08-21 02:17:16,574 | INFO  | DNAudit | user=null | ip=null | op=PUT_BLOCK {blockData=[blockId=conID: 3 locID: 102652564582040017 bcsId: 0,size=1048576]} | ret=SUCCESS |  
2019-08-21 02:17:16,575 [grpc-default-executor-2] INFO  client.GrpcClientProtocolClient (GrpcClientProtocolClient.java:onNext(255)) - client-54CC064C3FCE->8224e767-71c1-41fc-a01a-d172d48fd9d8: receive RaftClientReply:client-54CC064C3FCE->8224e767-71c1-41fc-a01a-d172d48fd9d8@group-F6B37CC92441, cid=1216, SUCCESS, logIndex=1678, commits[8224e767-71c1-41fc-a01a-d172d48fd9d8:c1679, 6eae0c21-01aa-4169-956f-5952b26ea7ba:c1677, 8d7dcba1-3b82-4d94-a832-514ef5c79cf8:c1677]
2019-08-21 02:17:16,575 [grpc-default-executor-2] INFO  client.GrpcClientProtocolClient (GrpcClientProtocolClient.java:onNext(255)) - client-54CC064C3FCE->8224e767-71c1-41fc-a01a-d172d48fd9d8: receive RaftClientReply:client-54CC064C3FCE->8224e767-71c1-41fc-a01a-d172d48fd9d8@group-F6B37CC92441, cid=1217, SUCCESS, logIndex=1679, commits[8224e767-71c1-41fc-a01a-d172d48fd9d8:c1679, 6eae0c21-01aa-4169-956f-5952b26ea7ba:c1677, 8d7dcba1-3b82-4d94-a832-514ef5c79cf8:c1677]
2019-08-21 02:17:16,586 | INFO  | DNAudit | user=null | ip=null | op=WRITE_CHUNK {blockData=conID: 3 locID: 102652564582040017 bcsId: 0} | ret=SUCCESS |  
2019-08-21 02:17:16,587 | INFO  | DNAudit | user=null | ip=null | op=PUT_BLOCK {blockData=[blockId=conID: 3 locID: 102652564582040017 bcsId: 0,size=2097152]} | ret=SUCCESS |  
2019-08-21 02:17:16,587 [grpc-default-executor-1] INFO  client.GrpcClientProtocolClient (GrpcClientProtocolClient.java:onNext(255)) - client-54CC064C3FCE->8224e767-71c1-41fc-a01a-d172d48fd9d8: receive RaftClientReply:client-54CC064C3FCE->8224e767-71c1-41fc-a01a-d172d48fd9d8@group-F6B37CC92441, cid=1218, SUCCESS, logIndex=1680, commits[8224e767-71c1-41fc-a01a-d172d48fd9d8:c1681, 6eae0c21-01aa-4169-956f-5952b26ea7ba:c1677, 8d7dcba1-3b82-4d94-a832-514ef5c79cf8:c1677]
2019-08-21 02:17:16,588 [grpc-default-executor-1] INFO  client.GrpcClientProtocolClient (GrpcClientProtocolClient.java:onNext(255)) - client-54CC064C3FCE->8224e767-71c1-41fc-a01a-d172d48fd9d8: receive RaftClientReply:client-54CC064C3FCE->8224e767-71c1-41fc-a01a-d172d48fd9d8@group-F6B37CC92441, cid=1219, SUCCESS, logIndex=1681, commits[8224e767-71c1-41fc-a01a-d172d48fd9d8:c1681, 6eae0c21-01aa-4169-956f-5952b26ea7ba:c1677, 8d7dcba1-3b82-4d94-a832-514ef5c79cf8:c1677]
2019-08-21 02:17:16,599 | INFO  | DNAudit | user=null | ip=null | op=WRITE_CHUNK {blockData=conID: 3 locID: 102652564582040017 bcsId: 0} | ret=SUCCESS |  
2019-08-21 02:17:16,599 | INFO  | DNAudit | user=null | ip=null | op=WRITE_CHUNK {blockData=conID: 3 locID: 102652564582040017 bcsId: 0} | ret=SUCCESS |  
2019-08-21 02:17:16,600 | INFO  | DNAudit | user=null | ip=null | op=PUT_BLOCK {blockData=[blockId=conID: 3 locID: 102652564582040017 bcsId: 0,size=1048576]} | ret=SUCCESS |  
2019-08-21 02:17:16,600 | INFO  | DNAudit | user=null | ip=null | op=PUT_BLOCK {blockData=[blockId=conID: 3 locID: 102652564582040017 bcsId: 0,size=1048576]} | ret=SUCCESS |  
2019-08-21 02:17:16,600 [grpc-default-executor-1] INFO  client.GrpcClientProtocolClient (GrpcClientProtocolClient.java:onNext(255)) - client-54CC064C3FCE->8224e767-71c1-41fc-a01a-d172d48fd9d8: receive RaftClientReply:client-54CC064C3FCE->8224e767-71c1-41fc-a01a-d172d48fd9d8@group-F6B37CC92441, cid=1220, SUCCESS, logIndex=0, commits[8224e767-71c1-41fc-a01a-d172d48fd9d8:c1682, 6eae0c21-01aa-4169-956f-5952b26ea7ba:c1679, 8d7dcba1-3b82-4d94-a832-514ef5c79cf8:c1679]
2019-08-21 02:17:16,608 | INFO  | DNAudit | user=null | ip=null | op=WRITE_CHUNK {blockData=conID: 3 locID: 102652564582040017 bcsId: 1681} | ret=SUCCESS |  
2019-08-21 02:17:16,611 | INFO  | DNAudit | user=null | ip=null | op=WRITE_CHUNK {blockData=conID: 3 locID: 102652564582040017 bcsId: 1681} | ret=SUCCESS |  
2019-08-21 02:17:16,611 | INFO  | DNAudit | user=null | ip=null | op=WRITE_CHUNK {blockData=conID: 3 locID: 102652564582040017 bcsId: 1681} | ret=SUCCESS |  
2019-08-21 02:17:16,611 | INFO  | DNAudit | user=null | ip=null | op=WRITE_CHUNK {blockData=conID: 3 locID: 102652564582040017 bcsId: 0} | ret=SUCCESS |  
2019-08-21 02:17:16,612 | INFO  | DNAudit | user=null | ip=null | op=WRITE_CHUNK {blockData=conID: 3 locID: 102652564582040017 bcsId: 0} | ret=SUCCESS |  
2019-08-21 02:17:16,612 | INFO  | DNAudit | user=null | ip=null | op=PUT_BLOCK {blockData=[blockId=conID: 3 locID: 102652564582040017 bcsId: 0,size=2097152]} | ret=SUCCESS |  
2019-08-21 02:17:16,612 | INFO  | DNAudit | user=null | ip=null | op=PUT_BLOCK {blockData=[blockId=conID: 3 locID: 102652564582040017 bcsId: 0,size=2097152]} | ret=SUCCESS |  
2019-08-21 02:17:16,625 | INFO  | DNAudit | user=null | ip=null | op=WRITE_CHUNK {blockData=conID: 3 locID: 102652564582040017 bcsId: 1681} | ret=SUCCESS |  
2019-08-21 02:17:16,625 | INFO  | DNAudit | user=null | ip=null | op=PUT_BLOCK {blockData=[blockId=conID: 3 locID: 102652564582040017 bcsId: 0,size=3145728]} | ret=SUCCESS |  
2019-08-21 02:17:16,625 [grpc-default-executor-2] INFO  client.GrpcClientProtocolClient (GrpcClientProtocolClient.java:onNext(255)) - client-54CC064C3FCE->8224e767-71c1-41fc-a01a-d172d48fd9d8: receive RaftClientReply:client-54CC064C3FCE->8224e767-71c1-41fc-a01a-d172d48fd9d8@group-F6B37CC92441, cid=1221, SUCCESS, logIndex=1686, commits[8224e767-71c1-41fc-a01a-d172d48fd9d8:c1687, 6eae0c21-01aa-4169-956f-5952b26ea7ba:c1683, 8d7dcba1-3b82-4d94-a832-514ef5c79cf8:c1683]
2019-08-21 02:17:16,626 [grpc-default-executor-2] INFO  client.GrpcClientProtocolClient (GrpcClientProtocolClient.java:onNext(255)) - client-54CC064C3FCE->8224e767-71c1-41fc-a01a-d172d48fd9d8: receive RaftClientReply:client-54CC064C3FCE->8224e767-71c1-41fc-a01a-d172d48fd9d8@group-F6B37CC92441, cid=1222, SUCCESS, logIndex=1687, commits[8224e767-71c1-41fc-a01a-d172d48fd9d8:c1687, 6eae0c21-01aa-4169-956f-5952b26ea7ba:c1683, 8d7dcba1-3b82-4d94-a832-514ef5c79cf8:c1683]
2019-08-21 02:17:16,632 | INFO  | SCMAudit | user=jenkins1000 | ip=192.168.34.10 | op=SEND_HEARTBEAT {datanodeUUID=3def7c30-cb13-4f41-8119-6188f246ad27, command=[]} | ret=SUCCESS |  
2019-08-21 02:17:16,632 | INFO  | SCMAudit | user=jenkins1000 | ip=192.168.34.10 | op=SEND_HEARTBEAT {datanodeUUID=94764dae-819c-4b7e-92f1-9cd6c64427b7, command=[]} | ret=SUCCESS |  
2019-08-21 02:17:16,634 | INFO  | DNAudit | user=null | ip=null | op=WRITE_CHUNK {blockData=conID: 3 locID: 102652564582040017 bcsId: 1687} | ret=SUCCESS |  
2019-08-21 02:17:16,637 | INFO  | DNAudit | user=null | ip=null | op=WRITE_CHUNK {blockData=conID: 3 locID: 102652564582040017 bcsId: 1687} | ret=SUCCESS |  
2019-08-21 02:17:16,638 | INFO  | DNAudit | user=null | ip=null | op=WRITE_CHUNK {blockData=conID: 3 locID: 102652564582040017 bcsId: 1687} | ret=SUCCESS |  
2019-08-21 02:17:16,638 | INFO  | DNAudit | user=null | ip=null | op=WRITE_CHUNK {blockData=conID: 3 locID: 102652564582040017 bcsId: 1681} | ret=SUCCESS |  
2019-08-21 02:17:16,638 | INFO  | DNAudit | user=null | ip=null | op=WRITE_CHUNK {blockData=conID: 3 locID: 102652564582040017 bcsId: 1681} | ret=SUCCESS |  
 0.00% |█                                                                                                    |  0/1 Time: 0:00:072019-08-21 02:17:16,657 | INFO  | DNAudit | user=null | ip=null | op=PUT_BLOCK {blockData=[blockId=conID: 3 locID: 102652564582040017 bcsId: 0,size=3145728]} | ret=SUCCESS |  
2019-08-21 02:17:16,657 | INFO  | DNAudit | user=null | ip=null | op=PUT_BLOCK {blockData=[blockId=conID: 3 locID: 102652564582040017 bcsId: 0,size=3145728]} | ret=SUCCESS |  
2019-08-21 02:17:16,658 | INFO  | DNAudit | user=null | ip=null | op=WRITE_CHUNK {blockData=conID: 3 locID: 102652564582040017 bcsId: 1687} | ret=SUCCESS |  
2019-08-21 02:17:16,658 | INFO  | DNAudit | user=null | ip=null | op=PUT_BLOCK {blockData=[blockId=conID: 3 locID: 102652564582040017 bcsId: 0,size=4194304]} | ret=SUCCESS |  
2019-08-21 02:17:16,659 [grpc-default-executor-2] INFO  client.GrpcClientProtocolClient (GrpcClientProtocolClient.java:onNext(255)) - client-54CC064C3FCE->8224e767-71c1-41fc-a01a-d172d48fd9d8: receive RaftClientReply:client-54CC064C3FCE->8224e767-71c1-41fc-a01a-d172d48fd9d8@group-F6B37CC92441, cid=1223, SUCCESS, logIndex=1690, commits[8224e767-71c1-41fc-a01a-d172d48fd9d8:c1691, 6eae0c21-01aa-4169-956f-5952b26ea7ba:c1687, 8d7dcba1-3b82-4d94-a832-514ef5c79cf8:c1687]
2019-08-21 02:17:16,659 [grpc-default-executor-2] INFO  client.GrpcClientProtocolClient (GrpcClientProtocolClient.java:onNext(255)) - client-54CC064C3FCE->8224e767-71c1-41fc-a01a-d172d48fd9d8: receive RaftClientReply:client-54CC064C3FCE->8224e767-71c1-41fc-a01a-d172d48fd9d8@group-F6B37CC92441, cid=1224, SUCCESS, logIndex=1691, commits[8224e767-71c1-41fc-a01a-d172d48fd9d8:c1691, 6eae0c21-01aa-4169-956f-5952b26ea7ba:c1687, 8d7dcba1-3b82-4d94-a832-514ef5c79cf8:c1687]
2019-08-21 02:17:16,668 | INFO  | DNAudit | user=null | ip=null | op=WRITE_CHUNK {blockData=conID: 3 locID: 102652564582040017 bcsId: 1687} | ret=SUCCESS |  
2019-08-21 02:17:16,668 | INFO  | DNAudit | user=null | ip=null | op=WRITE_CHUNK {blockData=conID: 3 locID: 102652564582040017 bcsId: 1687} | ret=SUCCESS |  
2019-08-21 02:17:16,670 | INFO  | DNAudit | user=null | ip=null | op=PUT_BLOCK {blockData=[blockId=conID: 3 locID: 102652564582040017 bcsId: 0,size=4194304]} | ret=SUCCESS |  
2019-08-21 02:17:16,671 | INFO  | DNAudit | user=null | ip=null | op=PUT_BLOCK {blockData=[blockId=conID: 3 locID: 102652564582040017 bcsId: 0,size=4194304]} | ret=SUCCESS |  
2019-08-21 02:17:16,671 [grpc-default-executor-2] INFO  client.GrpcClientProtocolClient (GrpcClientProtocolClient.java:onNext(255)) - client-54CC064C3FCE->8224e767-71c1-41fc-a01a-d172d48fd9d8: receive RaftClientReply:client-54CC064C3FCE->8224e767-71c1-41fc-a01a-d172d48fd9d8@group-F6B37CC92441, cid=1225, SUCCESS, logIndex=0, commits[8224e767-71c1-41fc-a01a-d172d48fd9d8:c1693, 6eae0c21-01aa-4169-956f-5952b26ea7ba:c1691, 8d7dcba1-3b82-4d94-a832-514ef5c79cf8:c1691]
2019-08-21 02:17:16,680 | INFO  | DNAudit | user=null | ip=null | op=WRITE_CHUNK {blockData=conID: 1 locID: 102652564582040018 bcsId: 0} | ret=SUCCESS |  
2019-08-21 02:17:16,684 | INFO  | DNAudit | user=null | ip=null | op=WRITE_CHUNK {blockData=conID: 1 locID: 102652564582040018 bcsId: 0} | ret=SUCCESS |  
2019-08-21 02:17:16,684 | INFO  | DNAudit | user=null | ip=null | op=WRITE_CHUNK {blockData=conID: 1 locID: 102652564582040018 bcsId: 0} | ret=SUCCESS |  
2019-08-21 02:17:16,686 | INFO  | DNAudit | user=null | ip=null | op=WRITE_CHUNK {blockData=conID: 1 locID: 102652564582040018 bcsId: 0} | ret=SUCCESS |  
2019-08-21 02:17:16,687 | INFO  | DNAudit | user=null | ip=null | op=WRITE_CHUNK {blockData=conID: 1 locID: 102652564582040018 bcsId: 0} | ret=SUCCESS |  
2019-08-21 02:17:16,687 | INFO  | DNAudit | user=null | ip=null | op=WRITE_CHUNK {blockData=conID: 1 locID: 102652564582040018 bcsId: 0} | ret=SUCCESS |  
2019-08-21 02:17:16,691 | INFO  | DNAudit | user=null | ip=null | op=WRITE_CHUNK {blockData=conID: 1 locID: 102652564582040018 bcsId: 0} | ret=SUCCESS |  
2019-08-21 02:17:16,691 | INFO  | DNAudit | user=null | ip=null | op=PUT_BLOCK {blockData=[blockId=conID: 1 locID: 102652564582040018 bcsId: 0,size=1048576]} | ret=SUCCESS |  
2019-08-21 02:17:16,691 [grpc-default-executor-0] INFO  client.GrpcClientProtocolClient (GrpcClientProtocolClient.java:onNext(255)) - client-54CC064C3FCE->8224e767-71c1-41fc-a01a-d172d48fd9d8: receive RaftClientReply:client-54CC064C3FCE->8224e767-71c1-41fc-a01a-d172d48fd9d8@group-F6B37CC92441, cid=1226, SUCCESS, logIndex=1694, commits[8224e767-71c1-41fc-a01a-d172d48fd9d8:c1695, 6eae0c21-01aa-4169-956f-5952b26ea7ba:c1693, 8d7dcba1-3b82-4d94-a832-514ef5c79cf8:c1693]
2019-08-21 02:17:16,692 | INFO  | DNAudit | user=null | ip=null | op=WRITE_CHUNK {blockData=conID: 1 locID: 102652564582040018 bcsId: 0} | ret=SUCCESS |  
2019-08-21 02:17:16,692 [grpc-default-executor-2] INFO  client.GrpcClientProtocolClient (GrpcClientProtocolClient.java:onNext(255)) - client-54CC064C3FCE->8224e767-71c1-41fc-a01a-d172d48fd9d8: receive RaftClientReply:client-54CC064C3FCE->8224e767-71c1-41fc-a01a-d172d48fd9d8@group-F6B37CC92441, cid=1227, SUCCESS, logIndex=1695, commits[8224e767-71c1-41fc-a01a-d172d48fd9d8:c1695, 6eae0c21-01aa-4169-956f-5952b26ea7ba:c1693, 8d7dcba1-3b82-4d94-a832-514ef5c79cf8:c1693]
2019-08-21 02:17:16,692 | INFO  | DNAudit | user=null | ip=null | op=PUT_BLOCK {blockData=[blockId=conID: 1 locID: 102652564582040018 bcsId: 0,size=2097152]} | ret=SUCCESS |  
2019-08-21 02:17:16,693 [grpc-default-executor-2] INFO  client.GrpcClientProtocolClient (GrpcClientProtocolClient.java:onNext(255)) - client-54CC064C3FCE->8224e767-71c1-41fc-a01a-d172d48fd9d8: receive RaftClientReply:client-54CC064C3FCE->8224e767-71c1-41fc-a01a-d172d48fd9d8@group-F6B37CC92441, cid=1228, SUCCESS, logIndex=1696, commits[8224e767-71c1-41fc-a01a-d172d48fd9d8:c1697, 6eae0c21-01aa-4169-956f-5952b26ea7ba:c1693, 8d7dcba1-3b82-4d94-a832-514ef5c79cf8:c1693]
2019-08-21 02:17:16,693 [grpc-default-executor-2] INFO  client.GrpcClientProtocolClient (GrpcClientProtocolClient.java:onNext(255)) - client-54CC064C3FCE->8224e767-71c1-41fc-a01a-d172d48fd9d8: receive RaftClientReply:client-54CC064C3FCE->8224e767-71c1-41fc-a01a-d172d48fd9d8@group-F6B37CC92441, cid=1229, SUCCESS, logIndex=1697, commits[8224e767-71c1-41fc-a01a-d172d48fd9d8:c1697, 6eae0c21-01aa-4169-956f-5952b26ea7ba:c1693, 8d7dcba1-3b82-4d94-a832-514ef5c79cf8:c1693]
2019-08-21 02:17:16,695 | INFO  | DNAudit | user=null | ip=null | op=WRITE_CHUNK {blockData=conID: 1 locID: 102652564582040018 bcsId: 0} | ret=SUCCESS |  
2019-08-21 02:17:16,695 | INFO  | DNAudit | user=null | ip=null | op=PUT_BLOCK {blockData=[blockId=conID: 1 locID: 102652564582040018 bcsId: 0,size=1048576]} | ret=SUCCESS |  
2019-08-21 02:17:16,697 | INFO  | DNAudit | user=null | ip=null | op=WRITE_CHUNK {blockData=conID: 1 locID: 102652564582040018 bcsId: 0} | ret=SUCCESS |  
2019-08-21 02:17:16,697 | INFO  | DNAudit | user=null | ip=null | op=PUT_BLOCK {blockData=[blockId=conID: 1 locID: 102652564582040018 bcsId: 0,size=1048576]} | ret=SUCCESS |  
2019-08-21 02:17:16,698 | INFO  | DNAudit | user=null | ip=null | op=WRITE_CHUNK {blockData=conID: 1 locID: 102652564582040018 bcsId: 0} | ret=SUCCESS |  
2019-08-21 02:17:16,698 [grpc-default-executor-2] INFO  client.GrpcClientProtocolClient (GrpcClientProtocolClient.java:onNext(255)) - client-54CC064C3FCE->8224e767-71c1-41fc-a01a-d172d48fd9d8: receive RaftClientReply:client-54CC064C3FCE->8224e767-71c1-41fc-a01a-d172d48fd9d8@group-F6B37CC92441, cid=1230, SUCCESS, logIndex=0, commits[8224e767-71c1-41fc-a01a-d172d48fd9d8:c1699, 6eae0c21-01aa-4169-956f-5952b26ea7ba:c1695, 8d7dcba1-3b82-4d94-a832-514ef5c79cf8:c1695]
2019-08-21 02:17:16,698 | INFO  | DNAudit | user=null | ip=null | op=PUT_BLOCK {blockData=[blockId=conID: 1 locID: 102652564582040018 bcsId: 0,size=2097152]} | ret=SUCCESS |  
2019-08-21 02:17:16,698 | INFO  | DNAudit | user=null | ip=null | op=WRITE_CHUNK {blockData=conID: 1 locID: 102652564582040018 bcsId: 0} | ret=SUCCESS |  
2019-08-21 02:17:16,699 | INFO  | DNAudit | user=null | ip=null | op=PUT_BLOCK {blockData=[blockId=conID: 1 locID: 102652564582040018 bcsId: 0,size=2097152]} | ret=SUCCESS |  
2019-08-21 02:17:16,705 | INFO  | DNAudit | user=null | ip=null | op=WRITE_CHUNK {blockData=conID: 1 locID: 102652564582040018 bcsId: 1697} | ret=SUCCESS |  
2019-08-21 02:17:16,707 | INFO  | DNAudit | user=null | ip=null | op=WRITE_CHUNK {blockData=conID: 1 locID: 102652564582040018 bcsId: 1697} | ret=SUCCESS |  
2019-08-21 02:17:16,708 | INFO  | DNAudit | user=null | ip=null | op=WRITE_CHUNK {blockData=conID: 1 locID: 102652564582040018 bcsId: 1697} | ret=SUCCESS |  
2019-08-21 02:17:16,710 | INFO  | DNAudit | user=null | ip=null | op=WRITE_CHUNK {blockData=conID: 1 locID: 102652564582040018 bcsId: 1697} | ret=SUCCESS |  
2019-08-21 02:17:16,711 | INFO  | DNAudit | user=null | ip=null | op=PUT_BLOCK {blockData=[blockId=conID: 1 locID: 102652564582040018 bcsId: 0,size=3145728]} | ret=SUCCESS |  
2019-08-21 02:17:16,711 [grpc-default-executor-2] INFO  client.GrpcClientProtocolClient (GrpcClientProtocolClient.java:onNext(255)) - client-54CC064C3FCE->8224e767-71c1-41fc-a01a-d172d48fd9d8: receive RaftClientReply:client-54CC064C3FCE->8224e767-71c1-41fc-a01a-d172d48fd9d8@group-F6B37CC92441, cid=1231, SUCCESS, logIndex=1702, commits[8224e767-71c1-41fc-a01a-d172d48fd9d8:c1703, 6eae0c21-01aa-4169-956f-5952b26ea7ba:c1701, 8d7dcba1-3b82-4d94-a832-514ef5c79cf8:c1701]
2019-08-21 02:17:16,711 [grpc-default-executor-2] INFO  client.GrpcClientProtocolClient (GrpcClientProtocolClient.java:onNext(255)) - client-54CC064C3FCE->8224e767-71c1-41fc-a01a-d172d48fd9d8: receive RaftClientReply:client-54CC064C3FCE->8224e767-71c1-41fc-a01a-d172d48fd9d8@group-F6B37CC92441, cid=1232, SUCCESS, logIndex=1703, commits[8224e767-71c1-41fc-a01a-d172d48fd9d8:c1703, 6eae0c21-01aa-4169-956f-5952b26ea7ba:c1701, 8d7dcba1-3b82-4d94-a832-514ef5c79cf8:c1701]
2019-08-21 02:17:16,714 | INFO  | DNAudit | user=null | ip=null | op=WRITE_CHUNK {blockData=conID: 1 locID: 102652564582040018 bcsId: 1697} | ret=SUCCESS |  
2019-08-21 02:17:16,714 | INFO  | DNAudit | user=null | ip=null | op=WRITE_CHUNK {blockData=conID: 1 locID: 102652564582040018 bcsId: 1697} | ret=SUCCESS |  
2019-08-21 02:17:16,714 | INFO  | DNAudit | user=null | ip=null | op=PUT_BLOCK {blockData=[blockId=conID: 1 locID: 102652564582040018 bcsId: 0,size=3145728]} | ret=SUCCESS |  
2019-08-21 02:17:16,714 | INFO  | DNAudit | user=null | ip=null | op=PUT_BLOCK {blockData=[blockId=conID: 1 locID: 102652564582040018 bcsId: 0,size=3145728]} | ret=SUCCESS |  
2019-08-21 02:17:16,721 | INFO  | DNAudit | user=null | ip=null | op=WRITE_CHUNK {blockData=conID: 1 locID: 102652564582040018 bcsId: 1703} | ret=SUCCESS |  
2019-08-21 02:17:16,724 | INFO  | DNAudit | user=null | ip=null | op=WRITE_CHUNK {blockData=conID: 1 locID: 102652564582040018 bcsId: 1703} | ret=SUCCESS |  
2019-08-21 02:17:16,724 | INFO  | DNAudit | user=null | ip=null | op=WRITE_CHUNK {blockData=conID: 1 locID: 102652564582040018 bcsId: 1703} | ret=SUCCESS |  
2019-08-21 02:17:16,735 | INFO  | DNAudit | user=null | ip=null | op=WRITE_CHUNK {blockData=conID: 1 locID: 102652564582040018 bcsId: 1703} | ret=SUCCESS |  
2019-08-21 02:17:16,735 | INFO  | DNAudit | user=null | ip=null | op=PUT_BLOCK {blockData=[blockId=conID: 1 locID: 102652564582040018 bcsId: 0,size=4194304]} | ret=SUCCESS |  
2019-08-21 02:17:16,735 [grpc-default-executor-0] INFO  client.GrpcClientProtocolClient (GrpcClientProtocolClient.java:onNext(255)) - client-54CC064C3FCE->8224e767-71c1-41fc-a01a-d172d48fd9d8: receive RaftClientReply:client-54CC064C3FCE->8224e767-71c1-41fc-a01a-d172d48fd9d8@group-F6B37CC92441, cid=1233, SUCCESS, logIndex=1706, commits[8224e767-71c1-41fc-a01a-d172d48fd9d8:c1707, 6eae0c21-01aa-4169-956f-5952b26ea7ba:c1705, 8d7dcba1-3b82-4d94-a832-514ef5c79cf8:c1705]
2019-08-21 02:17:16,736 [grpc-default-executor-0] INFO  client.GrpcClientProtocolClient (GrpcClientProtocolClient.java:onNext(255)) - client-54CC064C3FCE->8224e767-71c1-41fc-a01a-d172d48fd9d8: receive RaftClientReply:client-54CC064C3FCE->8224e767-71c1-41fc-a01a-d172d48fd9d8@group-F6B37CC92441, cid=1234, SUCCESS, logIndex=1707, commits[8224e767-71c1-41fc-a01a-d172d48fd9d8:c1707, 6eae0c21-01aa-4169-956f-5952b26ea7ba:c1705, 8d7dcba1-3b82-4d94-a832-514ef5c79cf8:c1705]
2019-08-21 02:17:16,752 | INFO  | DNAudit | user=null | ip=null | op=WRITE_CHUNK {blockData=conID: 1 locID: 102652564582040018 bcsId: 1703} | ret=SUCCESS |  
2019-08-21 02:17:16,752 | INFO  | DNAudit | user=null | ip=null | op=WRITE_CHUNK {blockData=conID: 1 locID: 102652564582040018 bcsId: 1703} | ret=SUCCESS |  
2019-08-21 02:17:16,752 | INFO  | DNAudit | user=null | ip=null | op=PUT_BLOCK {blockData=[blockId=conID: 1 locID: 102652564582040018 bcsId: 0,size=4194304]} | ret=SUCCESS |  
2019-08-21 02:17:16,755 | INFO  | DNAudit | user=null | ip=null | op=PUT_BLOCK {blockData=[blockId=conID: 1 locID: 102652564582040018 bcsId: 0,size=4194304]} | ret=SUCCESS |  
2019-08-21 02:17:16,755 [grpc-default-executor-0] INFO  client.GrpcClientProtocolClient (GrpcClientProtocolClient.java:onNext(255)) - client-54CC064C3FCE->8224e767-71c1-41fc-a01a-d172d48fd9d8: receive RaftClientReply:client-54CC064C3FCE->8224e767-71c1-41fc-a01a-d172d48fd9d8@group-F6B37CC92441, cid=1235, SUCCESS, logIndex=0, commits[8224e767-71c1-41fc-a01a-d172d48fd9d8:c1708, 6eae0c21-01aa-4169-956f-5952b26ea7ba:c1707, 8d7dcba1-3b82-4d94-a832-514ef5c79cf8:c1707]
2019-08-21 02:17:16,773 | INFO  | SCMAudit | user=jenkins1000 | ip=192.168.34.10 | op=ALLOCATE_BLOCK {owner=b6f66289-f2a0-4058-b052-0a85e40df67b, size=4194304, type=RATIS, factor=THREE} | ret=SUCCESS |  
2019-08-21 02:17:16,783 | INFO  | OMAudit | user=jenkins1000 | ip=127.0.0.1 | op=ALLOCATE_BLOCK {volume=vol-0-90982, bucket=bucket-0-24269, key=key-0-81262, dataSize=0, replicationType=null, replicationFactor=null, keyLocationInfo=null, clientID=102652564580991378} | ret=SUCCESS |  
2019-08-21 02:17:16,792 | INFO  | DNAudit | user=null | ip=null | op=WRITE_CHUNK {blockData=conID: 2 locID: 102652565046755795 bcsId: 0} | ret=SUCCESS |  
2019-08-21 02:17:16,796 | INFO  | DNAudit | user=null | ip=null | op=WRITE_CHUNK {blockData=conID: 2 locID: 102652565046755795 bcsId: 0} | ret=SUCCESS |  
2019-08-21 02:17:16,796 | INFO  | DNAudit | user=null | ip=null | op=WRITE_CHUNK {blockData=conID: 2 locID: 102652565046755795 bcsId: 0} | ret=SUCCESS |  
2019-08-21 02:17:16,796 | INFO  | DNAudit | user=null | ip=null | op=WRITE_CHUNK {blockData=conID: 2 locID: 102652565046755795 bcsId: 0} | ret=SUCCESS |  
2019-08-21 02:17:16,798 | INFO  | DNAudit | user=null | ip=null | op=WRITE_CHUNK {blockData=conID: 2 locID: 102652565046755795 bcsId: 0} | ret=SUCCESS |  
2019-08-21 02:17:16,799 | INFO  | DNAudit | user=null | ip=null | op=WRITE_CHUNK {blockData=conID: 2 locID: 102652565046755795 bcsId: 0} | ret=SUCCESS |  
2019-08-21 02:17:16,805 | INFO  | DNAudit | user=null | ip=null | op=WRITE_CHUNK {blockData=conID: 2 locID: 102652565046755795 bcsId: 0} | ret=SUCCESS |  
2019-08-21 02:17:16,806 | INFO  | DNAudit | user=null | ip=null | op=PUT_BLOCK {blockData=[blockId=conID: 2 locID: 102652565046755795 bcsId: 0,size=1048576]} | ret=SUCCESS |  
2019-08-21 02:17:16,806 | INFO  | DNAudit | user=null | ip=null | op=WRITE_CHUNK {blockData=conID: 2 locID: 102652565046755795 bcsId: 0} | ret=SUCCESS |  
2019-08-21 02:17:16,806 [grpc-default-executor-0] INFO  client.GrpcClientProtocolClient (GrpcClientProtocolClient.java:onNext(255)) - client-54CC064C3FCE->8224e767-71c1-41fc-a01a-d172d48fd9d8: receive RaftClientReply:client-54CC064C3FCE->8224e767-71c1-41fc-a01a-d172d48fd9d8@group-F6B37CC92441, cid=1236, SUCCESS, logIndex=1710, commits[8224e767-71c1-41fc-a01a-d172d48fd9d8:c1711, 6eae0c21-01aa-4169-956f-5952b26ea7ba:c1709, 8d7dcba1-3b82-4d94-a832-514ef5c79cf8:c1709]
2019-08-21 02:17:16,806 | INFO  | DNAudit | user=null | ip=null | op=PUT_BLOCK {blockData=[blockId=conID: 2 locID: 102652565046755795 bcsId: 0,size=2097152]} | ret=SUCCESS |  
2019-08-21 02:17:16,807 [grpc-default-executor-0] INFO  client.GrpcClientProtocolClient (GrpcClientProtocolClient.java:onNext(255)) - client-54CC064C3FCE->8224e767-71c1-41fc-a01a-d172d48fd9d8: receive RaftClientReply:client-54CC064C3FCE->8224e767-71c1-41fc-a01a-d172d48fd9d8@group-F6B37CC92441, cid=1237, SUCCESS, logIndex=1711, commits[8224e767-71c1-41fc-a01a-d172d48fd9d8:c1713, 6eae0c21-01aa-4169-956f-5952b26ea7ba:c1709, 8d7dcba1-3b82-4d94-a832-514ef5c79cf8:c1709]
2019-08-21 02:17:16,807 [grpc-default-executor-0] INFO  client.GrpcClientProtocolClient (GrpcClientProtocolClient.java:onNext(255)) - client-54CC064C3FCE->8224e767-71c1-41fc-a01a-d172d48fd9d8: receive RaftClientReply:client-54CC064C3FCE->8224e767-71c1-41fc-a01a-d172d48fd9d8@group-F6B37CC92441, cid=1238, SUCCESS, logIndex=1712, commits[8224e767-71c1-41fc-a01a-d172d48fd9d8:c1713, 6eae0c21-01aa-4169-956f-5952b26ea7ba:c1709, 8d7dcba1-3b82-4d94-a832-514ef5c79cf8:c1709]
2019-08-21 02:17:16,807 [grpc-default-executor-0] INFO  client.GrpcClientProtocolClient (GrpcClientProtocolClient.java:onNext(255)) - client-54CC064C3FCE->8224e767-71c1-41fc-a01a-d172d48fd9d8: receive RaftClientReply:client-54CC064C3FCE->8224e767-71c1-41fc-a01a-d172d48fd9d8@group-F6B37CC92441, cid=1239, SUCCESS, logIndex=1713, commits[8224e767-71c1-41fc-a01a-d172d48fd9d8:c1713, 6eae0c21-01aa-4169-956f-5952b26ea7ba:c1709, 8d7dcba1-3b82-4d94-a832-514ef5c79cf8:c1709]
2019-08-21 02:17:16,808 | INFO  | DNAudit | user=null | ip=null | op=WRITE_CHUNK {blockData=conID: 2 locID: 102652565046755795 bcsId: 0} | ret=SUCCESS |  
2019-08-21 02:17:16,808 | INFO  | DNAudit | user=null | ip=null | op=WRITE_CHUNK {blockData=conID: 2 locID: 102652565046755795 bcsId: 0} | ret=SUCCESS |  
2019-08-21 02:17:16,808 | INFO  | DNAudit | user=null | ip=null | op=PUT_BLOCK {blockData=[blockId=conID: 2 locID: 102652565046755795 bcsId: 0,size=1048576]} | ret=SUCCESS |  
2019-08-21 02:17:16,808 | INFO  | DNAudit | user=null | ip=null | op=PUT_BLOCK {blockData=[blockId=conID: 2 locID: 102652565046755795 bcsId: 0,size=1048576]} | ret=SUCCESS |  
2019-08-21 02:17:16,809 [grpc-default-executor-0] INFO  client.GrpcClientProtocolClient (GrpcClientProtocolClient.java:onNext(255)) - client-54CC064C3FCE->8224e767-71c1-41fc-a01a-d172d48fd9d8: receive RaftClientReply:client-54CC064C3FCE->8224e767-71c1-41fc-a01a-d172d48fd9d8@group-F6B37CC92441, cid=1240, SUCCESS, logIndex=0, commits[8224e767-71c1-41fc-a01a-d172d48fd9d8:c1714, 6eae0c21-01aa-4169-956f-5952b26ea7ba:c1711, 8d7dcba1-3b82-4d94-a832-514ef5c79cf8:c1711]
2019-08-21 02:17:16,817 | INFO  | DNAudit | user=null | ip=null | op=WRITE_CHUNK {blockData=conID: 2 locID: 102652565046755795 bcsId: 1713} | ret=SUCCESS |  
2019-08-21 02:17:16,819 | INFO  | DNAudit | user=null | ip=null | op=WRITE_CHUNK {blockData=conID: 2 locID: 102652565046755795 bcsId: 1713} | ret=SUCCESS |  
2019-08-21 02:17:16,820 | INFO  | DNAudit | user=null | ip=null | op=WRITE_CHUNK {blockData=conID: 2 locID: 102652565046755795 bcsId: 1713} | ret=SUCCESS |  
2019-08-21 02:17:16,820 | INFO  | DNAudit | user=null | ip=null | op=WRITE_CHUNK {blockData=conID: 2 locID: 102652565046755795 bcsId: 0} | ret=SUCCESS |  
2019-08-21 02:17:16,820 | INFO  | DNAudit | user=null | ip=null | op=WRITE_CHUNK {blockData=conID: 2 locID: 102652565046755795 bcsId: 0} | ret=SUCCESS |  
2019-08-21 02:17:16,820 | INFO  | DNAudit | user=null | ip=null | op=PUT_BLOCK {blockData=[blockId=conID: 2 locID: 102652565046755795 bcsId: 0,size=2097152]} | ret=SUCCESS |  
2019-08-21 02:17:16,820 | INFO  | DNAudit | user=null | ip=null | op=PUT_BLOCK {blockData=[blockId=conID: 2 locID: 102652565046755795 bcsId: 0,size=2097152]} | ret=SUCCESS |  
2019-08-21 02:17:16,821 | INFO  | DNAudit | user=null | ip=null | op=WRITE_CHUNK {blockData=conID: 2 locID: 102652565046755795 bcsId: 1713} | ret=SUCCESS |  
2019-08-21 02:17:16,822 | INFO  | DNAudit | user=null | ip=null | op=PUT_BLOCK {blockData=[blockId=conID: 2 locID: 102652565046755795 bcsId: 0,size=3145728]} | ret=SUCCESS |  
2019-08-21 02:17:16,822 [grpc-default-executor-1] INFO  client.GrpcClientProtocolClient (GrpcClientProtocolClient.java:onNext(255)) - client-54CC064C3FCE->8224e767-71c1-41fc-a01a-d172d48fd9d8: receive RaftClientReply:client-54CC064C3FCE->8224e767-71c1-41fc-a01a-d172d48fd9d8@group-F6B37CC92441, cid=1241, SUCCESS, logIndex=1717, commits[8224e767-71c1-41fc-a01a-d172d48fd9d8:c1718, 6eae0c21-01aa-4169-956f-5952b26ea7ba:c1714, 8d7dcba1-3b82-4d94-a832-514ef5c79cf8:c1713]
2019-08-21 02:17:16,822 [grpc-default-executor-1] INFO  client.GrpcClientProtocolClient (GrpcClientProtocolClient.java:onNext(255)) - client-54CC064C3FCE->8224e767-71c1-41fc-a01a-d172d48fd9d8: receive RaftClientReply:client-54CC064C3FCE->8224e767-71c1-41fc-a01a-d172d48fd9d8@group-F6B37CC92441, cid=1242, SUCCESS, logIndex=1718, commits[8224e767-71c1-41fc-a01a-d172d48fd9d8:c1718, 6eae0c21-01aa-4169-956f-5952b26ea7ba:c1714, 8d7dcba1-3b82-4d94-a832-514ef5c79cf8:c1714]
2019-08-21 02:17:16,823 | INFO  | DNAudit | user=null | ip=null | op=WRITE_CHUNK {blockData=conID: 2 locID: 102652565046755795 bcsId: 1713} | ret=SUCCESS |  
2019-08-21 02:17:16,823 | INFO  | DNAudit | user=null | ip=null | op=PUT_BLOCK {blockData=[blockId=conID: 2 locID: 102652565046755795 bcsId: 0,size=3145728]} | ret=SUCCESS |  
2019-08-21 02:17:16,825 | INFO  | DNAudit | user=null | ip=null | op=WRITE_CHUNK {blockData=conID: 2 locID: 102652565046755795 bcsId: 1713} | ret=SUCCESS |  
2019-08-21 02:17:16,825 | INFO  | DNAudit | user=null | ip=null | op=PUT_BLOCK {blockData=[blockId=conID: 2 locID: 102652565046755795 bcsId: 0,size=3145728]} | ret=SUCCESS |  
2019-08-21 02:17:16,830 | INFO  | DNAudit | user=null | ip=null | op=WRITE_CHUNK {blockData=conID: 2 locID: 102652565046755795 bcsId: 1718} | ret=SUCCESS |  
2019-08-21 02:17:16,833 | INFO  | DNAudit | user=null | ip=null | op=WRITE_CHUNK {blockData=conID: 2 locID: 102652565046755795 bcsId: 1718} | ret=SUCCESS |  
2019-08-21 02:17:16,833 | INFO  | DNAudit | user=null | ip=null | op=WRITE_CHUNK {blockData=conID: 2 locID: 102652565046755795 bcsId: 1718} | ret=SUCCESS |  
2019-08-21 02:17:16,838 | INFO  | DNAudit | user=null | ip=null | op=WRITE_CHUNK {blockData=conID: 2 locID: 102652565046755795 bcsId: 1718} | ret=SUCCESS |  
2019-08-21 02:17:16,838 | INFO  | DNAudit | user=null | ip=null | op=PUT_BLOCK {blockData=[blockId=conID: 2 locID: 102652565046755795 bcsId: 0,size=4194304]} | ret=SUCCESS |  
2019-08-21 02:17:16,838 [grpc-default-executor-0] INFO  client.GrpcClientProtocolClient (GrpcClientProtocolClient.java:onNext(255)) - client-54CC064C3FCE->8224e767-71c1-41fc-a01a-d172d48fd9d8: receive RaftClientReply:client-54CC064C3FCE->8224e767-71c1-41fc-a01a-d172d48fd9d8@group-F6B37CC92441, cid=1243, SUCCESS, logIndex=1721, commits[8224e767-71c1-41fc-a01a-d172d48fd9d8:c1722, 6eae0c21-01aa-4169-956f-5952b26ea7ba:c1719, 8d7dcba1-3b82-4d94-a832-514ef5c79cf8:c1719]
2019-08-21 02:17:16,839 [grpc-default-executor-0] INFO  client.GrpcClientProtocolClient (GrpcClientProtocolClient.java:onNext(255)) - client-54CC064C3FCE->8224e767-71c1-41fc-a01a-d172d48fd9d8: receive RaftClientReply:client-54CC064C3FCE->8224e767-71c1-41fc-a01a-d172d48fd9d8@group-F6B37CC92441, cid=1244, SUCCESS, logIndex=1722, commits[8224e767-71c1-41fc-a01a-d172d48fd9d8:c1722, 6eae0c21-01aa-4169-956f-5952b26ea7ba:c1719, 8d7dcba1-3b82-4d94-a832-514ef5c79cf8:c1719]
2019-08-21 02:17:16,839 | INFO  | DNAudit | user=null | ip=null | op=WRITE_CHUNK {blockData=conID: 2 locID: 102652565046755795 bcsId: 1718} | ret=SUCCESS |  
2019-08-21 02:17:16,839 | INFO  | DNAudit | user=null | ip=null | op=WRITE_CHUNK {blockData=conID: 2 locID: 102652565046755795 bcsId: 1718} | ret=SUCCESS |  
2019-08-21 02:17:16,839 | INFO  | DNAudit | user=null | ip=null | op=PUT_BLOCK {blockData=[blockId=conID: 2 locID: 102652565046755795 bcsId: 0,size=4194304]} | ret=SUCCESS |  
2019-08-21 02:17:16,841 | INFO  | DNAudit | user=null | ip=null | op=PUT_BLOCK {blockData=[blockId=conID: 2 locID: 102652565046755795 bcsId: 0,size=4194304]} | ret=SUCCESS |  
2019-08-21 02:17:16,841 [grpc-default-executor-0] INFO  client.GrpcClientProtocolClient (GrpcClientProtocolClient.java:onNext(255)) - client-54CC064C3FCE->8224e767-71c1-41fc-a01a-d172d48fd9d8: receive RaftClientReply:client-54CC064C3FCE->8224e767-71c1-41fc-a01a-d172d48fd9d8@group-F6B37CC92441, cid=1245, SUCCESS, logIndex=0, commits[8224e767-71c1-41fc-a01a-d172d48fd9d8:c1723, 6eae0c21-01aa-4169-956f-5952b26ea7ba:c1722, 8d7dcba1-3b82-4d94-a832-514ef5c79cf8:c1722]
2019-08-21 02:17:16,848 | INFO  | SCMAudit | user=jenkins1000 | ip=192.168.34.10 | op=ALLOCATE_BLOCK {owner=b6f66289-f2a0-4058-b052-0a85e40df67b, size=4194304, type=RATIS, factor=THREE} | ret=SUCCESS |  
2019-08-21 02:17:16,852 | INFO  | OMAudit | user=jenkins1000 | ip=127.0.0.1 | op=ALLOCATE_BLOCK {volume=vol-0-90982, bucket=bucket-0-24269, key=key-0-81262, dataSize=0, replicationType=null, replicationFactor=null, keyLocationInfo=null, clientID=102652564580991378} | ret=SUCCESS |  
2019-08-21 02:17:16,860 | INFO  | DNAudit | user=null | ip=null | op=WRITE_CHUNK {blockData=conID: 3 locID: 102652565051670996 bcsId: 0} | ret=SUCCESS |  
2019-08-21 02:17:16,863 | INFO  | DNAudit | user=null | ip=null | op=WRITE_CHUNK {blockData=conID: 3 locID: 102652565051670996 bcsId: 0} | ret=SUCCESS |  
2019-08-21 02:17:16,863 | INFO  | DNAudit | user=null | ip=null | op=WRITE_CHUNK {blockData=conID: 3 locID: 102652565051670996 bcsId: 0} | ret=SUCCESS |  
2019-08-21 02:17:16,864 | INFO  | DNAudit | user=null | ip=null | op=WRITE_CHUNK {blockData=conID: 3 locID: 102652565051670996 bcsId: 0} | ret=SUCCESS |  
2019-08-21 02:17:16,865 | INFO  | DNAudit | user=null | ip=null | op=WRITE_CHUNK {blockData=conID: 3 locID: 102652565051670996 bcsId: 0} | ret=SUCCESS |  
2019-08-21 02:17:16,866 | INFO  | DNAudit | user=null | ip=null | op=WRITE_CHUNK {blockData=conID: 3 locID: 102652565051670996 bcsId: 0} | ret=SUCCESS |  
2019-08-21 02:17:16,873 | INFO  | DNAudit | user=null | ip=null | op=WRITE_CHUNK {blockData=conID: 3 locID: 102652565051670996 bcsId: 0} | ret=SUCCESS |  
2019-08-21 02:17:16,874 | INFO  | DNAudit | user=null | ip=null | op=PUT_BLOCK {blockData=[blockId=conID: 3 locID: 102652565051670996 bcsId: 0,size=1048576]} | ret=SUCCESS |  
2019-08-21 02:17:16,874 | INFO  | DNAudit | user=null | ip=null | op=WRITE_CHUNK {blockData=conID: 3 locID: 102652565051670996 bcsId: 0} | ret=SUCCESS |  
2019-08-21 02:17:16,874 [grpc-default-executor-2] INFO  client.GrpcClientProtocolClient (GrpcClientProtocolClient.java:onNext(255)) - client-54CC064C3FCE->8224e767-71c1-41fc-a01a-d172d48fd9d8: receive RaftClientReply:client-54CC064C3FCE->8224e767-71c1-41fc-a01a-d172d48fd9d8@group-F6B37CC92441, cid=1246, SUCCESS, logIndex=1725, commits[8224e767-71c1-41fc-a01a-d172d48fd9d8:c1726, 6eae0c21-01aa-4169-956f-5952b26ea7ba:c1724, 8d7dcba1-3b82-4d94-a832-514ef5c79cf8:c1724]
2019-08-21 02:17:16,875 | INFO  | DNAudit | user=null | ip=null | op=PUT_BLOCK {blockData=[blockId=conID: 3 locID: 102652565051670996 bcsId: 0,size=2097152]} | ret=SUCCESS |  
2019-08-21 02:17:16,875 [grpc-default-executor-2] INFO  client.GrpcClientProtocolClient (GrpcClientProtocolClient.java:onNext(255)) - client-54CC064C3FCE->8224e767-71c1-41fc-a01a-d172d48fd9d8: receive RaftClientReply:client-54CC064C3FCE->8224e767-71c1-41fc-a01a-d172d48fd9d8@group-F6B37CC92441, cid=1247, SUCCESS, logIndex=1726, commits[8224e767-71c1-41fc-a01a-d172d48fd9d8:c1728, 6eae0c21-01aa-4169-956f-5952b26ea7ba:c1724, 8d7dcba1-3b82-4d94-a832-514ef5c79cf8:c1724]
2019-08-21 02:17:16,875 [grpc-default-executor-2] INFO  client.GrpcClientProtocolClient (GrpcClientProtocolClient.java:onNext(255)) - client-54CC064C3FCE->8224e767-71c1-41fc-a01a-d172d48fd9d8: receive RaftClientReply:client-54CC064C3FCE->8224e767-71c1-41fc-a01a-d172d48fd9d8@group-F6B37CC92441, cid=1248, SUCCESS, logIndex=1727, commits[8224e767-71c1-41fc-a01a-d172d48fd9d8:c1728, 6eae0c21-01aa-4169-956f-5952b26ea7ba:c1724, 8d7dcba1-3b82-4d94-a832-514ef5c79cf8:c1724]
2019-08-21 02:17:16,875 [grpc-default-executor-2] INFO  client.GrpcClientProtocolClient (GrpcClientProtocolClient.java:onNext(255)) - client-54CC064C3FCE->8224e767-71c1-41fc-a01a-d172d48fd9d8: receive RaftClientReply:client-54CC064C3FCE->8224e767-71c1-41fc-a01a-d172d48fd9d8@group-F6B37CC92441, cid=1249, SUCCESS, logIndex=1728, commits[8224e767-71c1-41fc-a01a-d172d48fd9d8:c1728, 6eae0c21-01aa-4169-956f-5952b26ea7ba:c1724, 8d7dcba1-3b82-4d94-a832-514ef5c79cf8:c1724]
2019-08-21 02:17:16,876 | INFO  | DNAudit | user=null | ip=null | op=WRITE_CHUNK {blockData=conID: 3 locID: 102652565051670996 bcsId: 0} | ret=SUCCESS |  
2019-08-21 02:17:16,876 | INFO  | DNAudit | user=null | ip=null | op=WRITE_CHUNK {blockData=conID: 3 locID: 102652565051670996 bcsId: 0} | ret=SUCCESS |  
2019-08-21 02:17:16,877 | INFO  | DNAudit | user=null | ip=null | op=PUT_BLOCK {blockData=[blockId=conID: 3 locID: 102652565051670996 bcsId: 0,size=1048576]} | ret=SUCCESS |  
2019-08-21 02:17:16,887 | INFO  | DNAudit | user=null | ip=null | op=PUT_BLOCK {blockData=[blockId=conID: 3 locID: 102652565051670996 bcsId: 0,size=1048576]} | ret=SUCCESS |  
2019-08-21 02:17:16,888 | INFO  | DNAudit | user=null | ip=null | op=WRITE_CHUNK {blockData=conID: 3 locID: 102652565051670996 bcsId: 0} | ret=SUCCESS |  
2019-08-21 02:17:16,888 | INFO  | DNAudit | user=null | ip=null | op=WRITE_CHUNK {blockData=conID: 3 locID: 102652565051670996 bcsId: 0} | ret=SUCCESS |  
2019-08-21 02:17:16,888 | INFO  | DNAudit | user=null | ip=null | op=PUT_BLOCK {blockData=[blockId=conID: 3 locID: 102652565051670996 bcsId: 0,size=2097152]} | ret=SUCCESS |  
2019-08-21 02:17:16,888 | INFO  | DNAudit | user=null | ip=null | op=PUT_BLOCK {blockData=[blockId=conID: 3 locID: 102652565051670996 bcsId: 0,size=2097152]} | ret=SUCCESS |  
2019-08-21 02:17:16,888 [grpc-default-executor-2] INFO  client.GrpcClientProtocolClient (GrpcClientProtocolClient.java:onNext(255)) - client-54CC064C3FCE->8224e767-71c1-41fc-a01a-d172d48fd9d8: receive RaftClientReply:client-54CC064C3FCE->8224e767-71c1-41fc-a01a-d172d48fd9d8@group-F6B37CC92441, cid=1250, SUCCESS, logIndex=0, commits[8224e767-71c1-41fc-a01a-d172d48fd9d8:c1730, 6eae0c21-01aa-4169-956f-5952b26ea7ba:c1726, 8d7dcba1-3b82-4d94-a832-514ef5c79cf8:c1726]
2019-08-21 02:17:16,895 | INFO  | DNAudit | user=null | ip=null | op=WRITE_CHUNK {blockData=conID: 3 locID: 102652565051670996 bcsId: 1728} | ret=SUCCESS |  
2019-08-21 02:17:16,897 | INFO  | DNAudit | user=null | ip=null | op=WRITE_CHUNK {blockData=conID: 3 locID: 102652565051670996 bcsId: 1728} | ret=SUCCESS |  
2019-08-21 02:17:16,898 | INFO  | DNAudit | user=null | ip=null | op=WRITE_CHUNK {blockData=conID: 3 locID: 102652565051670996 bcsId: 1728} | ret=SUCCESS |  
2019-08-21 02:17:16,910 | INFO  | DNAudit | user=null | ip=null | op=WRITE_CHUNK {blockData=conID: 3 locID: 102652565051670996 bcsId: 1728} | ret=SUCCESS |  
2019-08-21 02:17:16,910 | INFO  | DNAudit | user=null | ip=null | op=PUT_BLOCK {blockData=[blockId=conID: 3 locID: 102652565051670996 bcsId: 0,size=3145728]} | ret=SUCCESS |  
2019-08-21 02:17:16,911 [grpc-default-executor-2] INFO  client.GrpcClientProtocolClient (GrpcClientProtocolClient.java:onNext(255)) - client-54CC064C3FCE->8224e767-71c1-41fc-a01a-d172d48fd9d8: receive RaftClientReply:client-54CC064C3FCE->8224e767-71c1-41fc-a01a-d172d48fd9d8@group-F6B37CC92441, cid=1251, SUCCESS, logIndex=1732, commits[8224e767-71c1-41fc-a01a-d172d48fd9d8:c1733, 6eae0c21-01aa-4169-956f-5952b26ea7ba:c1731, 8d7dcba1-3b82-4d94-a832-514ef5c79cf8:c1731]
2019-08-21 02:17:16,911 [grpc-default-executor-2] INFO  client.GrpcClientProtocolClient (GrpcClientProtocolClient.java:onNext(255)) - client-54CC064C3FCE->8224e767-71c1-41fc-a01a-d172d48fd9d8: receive RaftClientReply:client-54CC064C3FCE->8224e767-71c1-41fc-a01a-d172d48fd9d8@group-F6B37CC92441, cid=1252, SUCCESS, logIndex=1733, commits[8224e767-71c1-41fc-a01a-d172d48fd9d8:c1733, 6eae0c21-01aa-4169-956f-5952b26ea7ba:c1731, 8d7dcba1-3b82-4d94-a832-514ef5c79cf8:c1731]
2019-08-21 02:17:16,919 | INFO  | DNAudit | user=null | ip=null | op=WRITE_CHUNK {blockData=conID: 3 locID: 102652565051670996 bcsId: 1733} | ret=SUCCESS |  
2019-08-21 02:17:16,920 | INFO  | DNAudit | user=null | ip=null | op=WRITE_CHUNK {blockData=conID: 3 locID: 102652565051670996 bcsId: 1733} | ret=SUCCESS |  
2019-08-21 02:17:16,922 | INFO  | DNAudit | user=null | ip=null | op=WRITE_CHUNK {blockData=conID: 3 locID: 102652565051670996 bcsId: 1733} | ret=SUCCESS |  
2019-08-21 02:17:16,923 | INFO  | DNAudit | user=null | ip=null | op=WRITE_CHUNK {blockData=conID: 3 locID: 102652565051670996 bcsId: 1728} | ret=SUCCESS |  
2019-08-21 02:17:16,923 | INFO  | DNAudit | user=null | ip=null | op=WRITE_CHUNK {blockData=conID: 3 locID: 102652565051670996 bcsId: 1728} | ret=SUCCESS |  
2019-08-21 02:17:16,936 | INFO  | DNAudit | user=null | ip=null | op=PUT_BLOCK {blockData=[blockId=conID: 3 locID: 102652565051670996 bcsId: 0,size=3145728]} | ret=SUCCESS |  
2019-08-21 02:17:16,936 | INFO  | DNAudit | user=null | ip=null | op=PUT_BLOCK {blockData=[blockId=conID: 3 locID: 102652565051670996 bcsId: 0,size=3145728]} | ret=SUCCESS |  
2019-08-21 02:17:16,937 | INFO  | DNAudit | user=null | ip=null | op=WRITE_CHUNK {blockData=conID: 3 locID: 102652565051670996 bcsId: 1733} | ret=SUCCESS |  
2019-08-21 02:17:16,937 | INFO  | DNAudit | user=null | ip=null | op=PUT_BLOCK {blockData=[blockId=conID: 3 locID: 102652565051670996 bcsId: 0,size=4194304]} | ret=SUCCESS |  
2019-08-21 02:17:16,937 [grpc-default-executor-2] INFO  client.GrpcClientProtocolClient (GrpcClientProtocolClient.java:onNext(255)) - client-54CC064C3FCE->8224e767-71c1-41fc-a01a-d172d48fd9d8: receive RaftClientReply:client-54CC064C3FCE->8224e767-71c1-41fc-a01a-d172d48fd9d8@group-F6B37CC92441, cid=1253, SUCCESS, logIndex=1736, commits[8224e767-71c1-41fc-a01a-d172d48fd9d8:c1736, 6eae0c21-01aa-4169-956f-5952b26ea7ba:c1733, 8d7dcba1-3b82-4d94-a832-514ef5c79cf8:c1733]
2019-08-21 02:17:16,938 [grpc-default-executor-2] INFO  client.GrpcClientProtocolClient (GrpcClientProtocolClient.java:onNext(255)) - client-54CC064C3FCE->8224e767-71c1-41fc-a01a-d172d48fd9d8: receive RaftClientReply:client-54CC064C3FCE->8224e767-71c1-41fc-a01a-d172d48fd9d8@group-F6B37CC92441, cid=1254, SUCCESS, logIndex=1737, commits[8224e767-71c1-41fc-a01a-d172d48fd9d8:c1737, 6eae0c21-01aa-4169-956f-5952b26ea7ba:c1733, 8d7dcba1-3b82-4d94-a832-514ef5c79cf8:c1733]
2019-08-21 02:17:16,950 | INFO  | DNAudit | user=null | ip=null | op=WRITE_CHUNK {blockData=conID: 3 locID: 102652565051670996 bcsId: 1733} | ret=SUCCESS |  
2019-08-21 02:17:16,950 | INFO  | DNAudit | user=null | ip=null | op=WRITE_CHUNK {blockData=conID: 3 locID: 102652565051670996 bcsId: 1733} | ret=SUCCESS |  
2019-08-21 02:17:16,950 | INFO  | DNAudit | user=null | ip=null | op=PUT_BLOCK {blockData=[blockId=conID: 3 locID: 102652565051670996 bcsId: 0,size=4194304]} | ret=SUCCESS |  
2019-08-21 02:17:16,963 | INFO  | DNAudit | user=null | ip=null | op=PUT_BLOCK {blockData=[blockId=conID: 3 locID: 102652565051670996 bcsId: 0,size=4194304]} | ret=SUCCESS |  
2019-08-21 02:17:16,964 [grpc-default-executor-2] INFO  client.GrpcClientProtocolClient (GrpcClientProtocolClient.java:onNext(255)) - client-54CC064C3FCE->8224e767-71c1-41fc-a01a-d172d48fd9d8: receive RaftClientReply:client-54CC064C3FCE->8224e767-71c1-41fc-a01a-d172d48fd9d8@group-F6B37CC92441, cid=1255, SUCCESS, logIndex=0, commits[8224e767-71c1-41fc-a01a-d172d48fd9d8:c1739, 6eae0c21-01aa-4169-956f-5952b26ea7ba:c1737, 8d7dcba1-3b82-4d94-a832-514ef5c79cf8:c1737]
2019-08-21 02:17:17,105 | INFO  | SCMAudit | user=jenkins1000 | ip=192.168.34.10 | op=SEND_HEARTBEAT {datanodeUUID=8d7dcba1-3b82-4d94-a832-514ef5c79cf8, command=[]} | ret=SUCCESS |  
2019-08-21 02:17:17,105 | INFO  | SCMAudit | user=jenkins1000 | ip=192.168.34.10 | op=SEND_HEARTBEAT {datanodeUUID=6eae0c21-01aa-4169-956f-5952b26ea7ba, command=[]} | ret=SUCCESS |  
2019-08-21 02:17:17,105 | INFO  | SCMAudit | user=jenkins1000 | ip=192.168.34.10 | op=SEND_HEARTBEAT {datanodeUUID=8224e767-71c1-41fc-a01a-d172d48fd9d8, command=[]} | ret=SUCCESS |  
2019-08-21 02:17:17,111 | INFO  | SCMAudit | user=jenkins1000 | ip=192.168.34.10 | op=ALLOCATE_BLOCK {owner=b6f66289-f2a0-4058-b052-0a85e40df67b, size=4194304, type=RATIS, factor=THREE} | ret=SUCCESS |  
2019-08-21 02:17:17,118 | INFO  | OMAudit | user=jenkins1000 | ip=127.0.0.1 | op=ALLOCATE_BLOCK {volume=vol-0-90982, bucket=bucket-0-24269, key=key-0-81262, dataSize=0, replicationType=null, replicationFactor=null, keyLocationInfo=null, clientID=102652564580991378} | ret=SUCCESS |  
2019-08-21 02:17:17,128 | INFO  | DNAudit | user=null | ip=null | op=WRITE_CHUNK {blockData=conID: 1 locID: 102652565068906965 bcsId: 0} | ret=SUCCESS |  
2019-08-21 02:17:17,132 | INFO  | DNAudit | user=null | ip=null | op=WRITE_CHUNK {blockData=conID: 1 locID: 102652565068906965 bcsId: 0} | ret=SUCCESS |  
2019-08-21 02:17:17,132 | INFO  | DNAudit | user=null | ip=null | op=WRITE_CHUNK {blockData=conID: 1 locID: 102652565068906965 bcsId: 0} | ret=SUCCESS |  
2019-08-21 02:17:17,133 | INFO  | DNAudit | user=null | ip=null | op=WRITE_CHUNK {blockData=conID: 1 locID: 102652565068906965 bcsId: 0} | ret=SUCCESS |  
2019-08-21 02:17:17,134 | INFO  | DNAudit | user=null | ip=null | op=WRITE_CHUNK {blockData=conID: 1 locID: 102652565068906965 bcsId: 0} | ret=SUCCESS |  
2019-08-21 02:17:17,135 | INFO  | DNAudit | user=null | ip=null | op=WRITE_CHUNK {blockData=conID: 1 locID: 102652565068906965 bcsId: 0} | ret=SUCCESS |  
2019-08-21 02:17:17,141 | INFO  | DNAudit | user=null | ip=null | op=WRITE_CHUNK {blockData=conID: 1 locID: 102652565068906965 bcsId: 0} | ret=SUCCESS |  
2019-08-21 02:17:17,142 | INFO  | DNAudit | user=null | ip=null | op=PUT_BLOCK {blockData=[blockId=conID: 1 locID: 102652565068906965 bcsId: 0,size=1048576]} | ret=SUCCESS |  
2019-08-21 02:17:17,142 | INFO  | DNAudit | user=null | ip=null | op=WRITE_CHUNK {blockData=conID: 1 locID: 102652565068906965 bcsId: 0} | ret=SUCCESS |  
2019-08-21 02:17:17,142 [grpc-default-executor-4] INFO  client.GrpcClientProtocolClient (GrpcClientProtocolClient.java:onNext(255)) - client-54CC064C3FCE->8224e767-71c1-41fc-a01a-d172d48fd9d8: receive RaftClientReply:client-54CC064C3FCE->8224e767-71c1-41fc-a01a-d172d48fd9d8@group-F6B37CC92441, cid=1256, SUCCESS, logIndex=1740, commits[8224e767-71c1-41fc-a01a-d172d48fd9d8:c1742, 6eae0c21-01aa-4169-956f-5952b26ea7ba:c1739, 8d7dcba1-3b82-4d94-a832-514ef5c79cf8:c1739]
2019-08-21 02:17:17,142 | INFO  | DNAudit | user=null | ip=null | op=PUT_BLOCK {blockData=[blockId=conID: 1 locID: 102652565068906965 bcsId: 0,size=2097152]} | ret=SUCCESS |  
2019-08-21 02:17:17,142 [grpc-default-executor-4] INFO  client.GrpcClientProtocolClient (GrpcClientProtocolClient.java:onNext(255)) - client-54CC064C3FCE->8224e767-71c1-41fc-a01a-d172d48fd9d8: receive RaftClientReply:client-54CC064C3FCE->8224e767-71c1-41fc-a01a-d172d48fd9d8@group-F6B37CC92441, cid=1257, SUCCESS, logIndex=1741, commits[8224e767-71c1-41fc-a01a-d172d48fd9d8:c1743, 6eae0c21-01aa-4169-956f-5952b26ea7ba:c1739, 8d7dcba1-3b82-4d94-a832-514ef5c79cf8:c1739]
2019-08-21 02:17:17,143 [grpc-default-executor-4] INFO  client.GrpcClientProtocolClient (GrpcClientProtocolClient.java:onNext(255)) - client-54CC064C3FCE->8224e767-71c1-41fc-a01a-d172d48fd9d8: receive RaftClientReply:client-54CC064C3FCE->8224e767-71c1-41fc-a01a-d172d48fd9d8@group-F6B37CC92441, cid=1258, SUCCESS, logIndex=1742, commits[8224e767-71c1-41fc-a01a-d172d48fd9d8:c1743, 6eae0c21-01aa-4169-956f-5952b26ea7ba:c1739, 8d7dcba1-3b82-4d94-a832-514ef5c79cf8:c1739]
2019-08-21 02:17:17,143 [grpc-default-executor-4] INFO  client.GrpcClientProtocolClient (GrpcClientProtocolClient.java:onNext(255)) - client-54CC064C3FCE->8224e767-71c1-41fc-a01a-d172d48fd9d8: receive RaftClientReply:client-54CC064C3FCE->8224e767-71c1-41fc-a01a-d172d48fd9d8@group-F6B37CC92441, cid=1259, SUCCESS, logIndex=1743, commits[8224e767-71c1-41fc-a01a-d172d48fd9d8:c1743, 6eae0c21-01aa-4169-956f-5952b26ea7ba:c1739, 8d7dcba1-3b82-4d94-a832-514ef5c79cf8:c1739]
2019-08-21 02:17:17,155 | INFO  | DNAudit | user=null | ip=null | op=WRITE_CHUNK {blockData=conID: 1 locID: 102652565068906965 bcsId: 0} | ret=SUCCESS |  
2019-08-21 02:17:17,155 | INFO  | DNAudit | user=null | ip=null | op=WRITE_CHUNK {blockData=conID: 1 locID: 102652565068906965 bcsId: 0} | ret=SUCCESS |  
2019-08-21 02:17:17,156 | INFO  | DNAudit | user=null | ip=null | op=PUT_BLOCK {blockData=[blockId=conID: 1 locID: 102652565068906965 bcsId: 0,size=1048576]} | ret=SUCCESS |  
2019-08-21 02:17:17,156 | INFO  | DNAudit | user=null | ip=null | op=WRITE_CHUNK {blockData=conID: 1 locID: 102652565068906965 bcsId: 0} | ret=SUCCESS |  
2019-08-21 02:17:17,156 | INFO  | DNAudit | user=null | ip=null | op=PUT_BLOCK {blockData=[blockId=conID: 1 locID: 102652565068906965 bcsId: 0,size=1048576]} | ret=SUCCESS |  
2019-08-21 02:17:17,156 | INFO  | DNAudit | user=null | ip=null | op=PUT_BLOCK {blockData=[blockId=conID: 1 locID: 102652565068906965 bcsId: 0,size=2097152]} | ret=SUCCESS |  
2019-08-21 02:17:17,156 | INFO  | DNAudit | user=null | ip=null | op=WRITE_CHUNK {blockData=conID: 1 locID: 102652565068906965 bcsId: 0} | ret=SUCCESS |  
2019-08-21 02:17:17,157 | INFO  | DNAudit | user=null | ip=null | op=PUT_BLOCK {blockData=[blockId=conID: 1 locID: 102652565068906965 bcsId: 0,size=2097152]} | ret=SUCCESS |  
2019-08-21 02:17:17,157 [grpc-default-executor-4] INFO  client.GrpcClientProtocolClient (GrpcClientProtocolClient.java:onNext(255)) - client-54CC064C3FCE->8224e767-71c1-41fc-a01a-d172d48fd9d8: receive RaftClientReply:client-54CC064C3FCE->8224e767-71c1-41fc-a01a-d172d48fd9d8@group-F6B37CC92441, cid=1260, SUCCESS, logIndex=0, commits[8224e767-71c1-41fc-a01a-d172d48fd9d8:c1747, 6eae0c21-01aa-4169-956f-5952b26ea7ba:c1741, 8d7dcba1-3b82-4d94-a832-514ef5c79cf8:c1743]
2019-08-21 02:17:17,166 | INFO  | DNAudit | user=null | ip=null | op=WRITE_CHUNK {blockData=conID: 1 locID: 102652565068906965 bcsId: 1743} | ret=SUCCESS |  
2019-08-21 02:17:17,168 | INFO  | DNAudit | user=null | ip=null | op=WRITE_CHUNK {blockData=conID: 1 locID: 102652565068906965 bcsId: 1743} | ret=SUCCESS |  
2019-08-21 02:17:17,168 | INFO  | DNAudit | user=null | ip=null | op=WRITE_CHUNK {blockData=conID: 1 locID: 102652565068906965 bcsId: 1743} | ret=SUCCESS |  
2019-08-21 02:17:17,180 | INFO  | DNAudit | user=null | ip=null | op=WRITE_CHUNK {blockData=conID: 1 locID: 102652565068906965 bcsId: 1743} | ret=SUCCESS |  
2019-08-21 02:17:17,181 | INFO  | DNAudit | user=null | ip=null | op=PUT_BLOCK {blockData=[blockId=conID: 1 locID: 102652565068906965 bcsId: 0,size=3145728]} | ret=SUCCESS |  
2019-08-21 02:17:17,181 [grpc-default-executor-2] INFO  client.GrpcClientProtocolClient (GrpcClientProtocolClient.java:onNext(255)) - client-54CC064C3FCE->8224e767-71c1-41fc-a01a-d172d48fd9d8: receive RaftClientReply:client-54CC064C3FCE->8224e767-71c1-41fc-a01a-d172d48fd9d8@group-F6B37CC92441, cid=1261, SUCCESS, logIndex=1748, commits[8224e767-71c1-41fc-a01a-d172d48fd9d8:c1749, 6eae0c21-01aa-4169-956f-5952b26ea7ba:c1747, 8d7dcba1-3b82-4d94-a832-514ef5c79cf8:c1747]
2019-08-21 02:17:17,181 [grpc-default-executor-2] INFO  client.GrpcClientProtocolClient (GrpcClientProtocolClient.java:onNext(255)) - client-54CC064C3FCE->8224e767-71c1-41fc-a01a-d172d48fd9d8: receive RaftClientReply:client-54CC064C3FCE->8224e767-71c1-41fc-a01a-d172d48fd9d8@group-F6B37CC92441, cid=1262, SUCCESS, logIndex=1749, commits[8224e767-71c1-41fc-a01a-d172d48fd9d8:c1749, 6eae0c21-01aa-4169-956f-5952b26ea7ba:c1747, 8d7dcba1-3b82-4d94-a832-514ef5c79cf8:c1747]
2019-08-21 02:17:17,189 | INFO  | DNAudit | user=null | ip=null | op=WRITE_CHUNK {blockData=conID: 1 locID: 102652565068906965 bcsId: 1749} | ret=SUCCESS |  
2019-08-21 02:17:17,191 | INFO  | DNAudit | user=null | ip=null | op=WRITE_CHUNK {blockData=conID: 1 locID: 102652565068906965 bcsId: 1749} | ret=SUCCESS |  
2019-08-21 02:17:17,192 | INFO  | DNAudit | user=null | ip=null | op=WRITE_CHUNK {blockData=conID: 1 locID: 102652565068906965 bcsId: 1749} | ret=SUCCESS |  
2019-08-21 02:17:17,193 | INFO  | DNAudit | user=null | ip=null | op=WRITE_CHUNK {blockData=conID: 1 locID: 102652565068906965 bcsId: 1743} | ret=SUCCESS |  
2019-08-21 02:17:17,193 | INFO  | DNAudit | user=null | ip=null | op=WRITE_CHUNK {blockData=conID: 1 locID: 102652565068906965 bcsId: 1743} | ret=SUCCESS |  
2019-08-21 02:17:17,194 | INFO  | DNAudit | user=null | ip=null | op=PUT_BLOCK {blockData=[blockId=conID: 1 locID: 102652565068906965 bcsId: 0,size=3145728]} | ret=SUCCESS |  
2019-08-21 02:17:17,207 | INFO  | DNAudit | user=null | ip=null | op=PUT_BLOCK {blockData=[blockId=conID: 1 locID: 102652565068906965 bcsId: 0,size=3145728]} | ret=SUCCESS |  
2019-08-21 02:17:17,207 | INFO  | DNAudit | user=null | ip=null | op=WRITE_CHUNK {blockData=conID: 1 locID: 102652565068906965 bcsId: 1749} | ret=SUCCESS |  
2019-08-21 02:17:17,208 | INFO  | DNAudit | user=null | ip=null | op=PUT_BLOCK {blockData=[blockId=conID: 1 locID: 102652565068906965 bcsId: 0,size=4194304]} | ret=SUCCESS |  
2019-08-21 02:17:17,208 [grpc-default-executor-2] INFO  client.GrpcClientProtocolClient (GrpcClientProtocolClient.java:onNext(255)) - client-54CC064C3FCE->8224e767-71c1-41fc-a01a-d172d48fd9d8: receive RaftClientReply:client-54CC064C3FCE->8224e767-71c1-41fc-a01a-d172d48fd9d8@group-F6B37CC92441, cid=1263, SUCCESS, logIndex=1752, commits[8224e767-71c1-41fc-a01a-d172d48fd9d8:c1752, 6eae0c21-01aa-4169-956f-5952b26ea7ba:c1749, 8d7dcba1-3b82-4d94-a832-514ef5c79cf8:c1749]
2019-08-21 02:17:17,208 [grpc-default-executor-2] INFO  client.GrpcClientProtocolClient (GrpcClientProtocolClient.java:onNext(255)) - client-54CC064C3FCE->8224e767-71c1-41fc-a01a-d172d48fd9d8: receive RaftClientReply:client-54CC064C3FCE->8224e767-71c1-41fc-a01a-d172d48fd9d8@group-F6B37CC92441, cid=1264, SUCCESS, logIndex=1753, commits[8224e767-71c1-41fc-a01a-d172d48fd9d8:c1753, 6eae0c21-01aa-4169-956f-5952b26ea7ba:c1749, 8d7dcba1-3b82-4d94-a832-514ef5c79cf8:c1749]
2019-08-21 02:17:17,220 | INFO  | DNAudit | user=null | ip=null | op=WRITE_CHUNK {blockData=conID: 1 locID: 102652565068906965 bcsId: 1749} | ret=SUCCESS |  
2019-08-21 02:17:17,220 | INFO  | DNAudit | user=null | ip=null | op=WRITE_CHUNK {blockData=conID: 1 locID: 102652565068906965 bcsId: 1749} | ret=SUCCESS |  
2019-08-21 02:17:17,224 | INFO  | DNAudit | user=null | ip=null | op=PUT_BLOCK {blockData=[blockId=conID: 1 locID: 102652565068906965 bcsId: 0,size=4194304]} | ret=SUCCESS |  
2019-08-21 02:17:17,224 | INFO  | DNAudit | user=null | ip=null | op=PUT_BLOCK {blockData=[blockId=conID: 1 locID: 102652565068906965 bcsId: 0,size=4194304]} | ret=SUCCESS |  
2019-08-21 02:17:17,225 [grpc-default-executor-2] INFO  client.GrpcClientProtocolClient (GrpcClientProtocolClient.java:onNext(255)) - client-54CC064C3FCE->8224e767-71c1-41fc-a01a-d172d48fd9d8: receive RaftClientReply:client-54CC064C3FCE->8224e767-71c1-41fc-a01a-d172d48fd9d8@group-F6B37CC92441, cid=1265, SUCCESS, logIndex=0, commits[8224e767-71c1-41fc-a01a-d172d48fd9d8:c1755, 6eae0c21-01aa-4169-956f-5952b26ea7ba:c1753, 8d7dcba1-3b82-4d94-a832-514ef5c79cf8:c1753]
2019-08-21 02:17:17,231 | INFO  | SCMAudit | user=jenkins1000 | ip=192.168.34.10 | op=ALLOCATE_BLOCK {owner=b6f66289-f2a0-4058-b052-0a85e40df67b, size=4194304, type=RATIS, factor=THREE} | ret=SUCCESS |  
2019-08-21 02:17:17,235 | INFO  | OMAudit | user=jenkins1000 | ip=127.0.0.1 | op=ALLOCATE_BLOCK {volume=vol-0-90982, bucket=bucket-0-24269, key=key-0-81262, dataSize=0, replicationType=null, replicationFactor=null, keyLocationInfo=null, clientID=102652564580991378} | ret=SUCCESS |  
2019-08-21 02:17:17,243 | INFO  | DNAudit | user=null | ip=null | op=WRITE_CHUNK {blockData=conID: 2 locID: 102652565076771286 bcsId: 0} | ret=SUCCESS |  
2019-08-21 02:17:17,245 | INFO  | DNAudit | user=null | ip=null | op=WRITE_CHUNK {blockData=conID: 2 locID: 102652565076771286 bcsId: 0} | ret=SUCCESS |  
2019-08-21 02:17:17,246 | INFO  | DNAudit | user=null | ip=null | op=WRITE_CHUNK {blockData=conID: 2 locID: 102652565076771286 bcsId: 0} | ret=SUCCESS |  
2019-08-21 02:17:17,246 | INFO  | DNAudit | user=null | ip=null | op=WRITE_CHUNK {blockData=conID: 2 locID: 102652565076771286 bcsId: 0} | ret=SUCCESS |  
2019-08-21 02:17:17,247 | INFO  | DNAudit | user=null | ip=null | op=WRITE_CHUNK {blockData=conID: 2 locID: 102652565076771286 bcsId: 0} | ret=SUCCESS |  
2019-08-21 02:17:17,248 | INFO  | DNAudit | user=null | ip=null | op=WRITE_CHUNK {blockData=conID: 2 locID: 102652565076771286 bcsId: 0} | ret=SUCCESS |  
2019-08-21 02:17:17,258 | INFO  | DNAudit | user=null | ip=null | op=WRITE_CHUNK {blockData=conID: 2 locID: 102652565076771286 bcsId: 0} | ret=SUCCESS |  
2019-08-21 02:17:17,258 | INFO  | DNAudit | user=null | ip=null | op=PUT_BLOCK {blockData=[blockId=conID: 2 locID: 102652565076771286 bcsId: 0,size=1048576]} | ret=SUCCESS |  
2019-08-21 02:17:17,258 | INFO  | DNAudit | user=null | ip=null | op=WRITE_CHUNK {blockData=conID: 2 locID: 102652565076771286 bcsId: 0} | ret=SUCCESS |  
2019-08-21 02:17:17,258 [grpc-default-executor-0] INFO  client.GrpcClientProtocolClient (GrpcClientProtocolClient.java:onNext(255)) - client-54CC064C3FCE->8224e767-71c1-41fc-a01a-d172d48fd9d8: receive RaftClientReply:client-54CC064C3FCE->8224e767-71c1-41fc-a01a-d172d48fd9d8@group-F6B37CC92441, cid=1266, SUCCESS, logIndex=1756, commits[8224e767-71c1-41fc-a01a-d172d48fd9d8:c1759, 6eae0c21-01aa-4169-956f-5952b26ea7ba:c1755, 8d7dcba1-3b82-4d94-a832-514ef5c79cf8:c1755]
2019-08-21 02:17:17,259 | INFO  | DNAudit | user=null | ip=null | op=PUT_BLOCK {blockData=[blockId=conID: 2 locID: 102652565076771286 bcsId: 0,size=2097152]} | ret=SUCCESS |  
2019-08-21 02:17:17,259 [grpc-default-executor-0] INFO  client.GrpcClientProtocolClient (GrpcClientProtocolClient.java:onNext(255)) - client-54CC064C3FCE->8224e767-71c1-41fc-a01a-d172d48fd9d8: receive RaftClientReply:client-54CC064C3FCE->8224e767-71c1-41fc-a01a-d172d48fd9d8@group-F6B37CC92441, cid=1267, SUCCESS, logIndex=1757, commits[8224e767-71c1-41fc-a01a-d172d48fd9d8:c1759, 6eae0c21-01aa-4169-956f-5952b26ea7ba:c1755, 8d7dcba1-3b82-4d94-a832-514ef5c79cf8:c1755]
2019-08-21 02:17:17,259 [grpc-default-executor-0] INFO  client.GrpcClientProtocolClient (GrpcClientProtocolClient.java:onNext(255)) - client-54CC064C3FCE->8224e767-71c1-41fc-a01a-d172d48fd9d8: receive RaftClientReply:client-54CC064C3FCE->8224e767-71c1-41fc-a01a-d172d48fd9d8@group-F6B37CC92441, cid=1268, SUCCESS, logIndex=1758, commits[8224e767-71c1-41fc-a01a-d172d48fd9d8:c1759, 6eae0c21-01aa-4169-956f-5952b26ea7ba:c1755, 8d7dcba1-3b82-4d94-a832-514ef5c79cf8:c1755]
2019-08-21 02:17:17,260 [grpc-default-executor-0] INFO  client.GrpcClientProtocolClient (GrpcClientProtocolClient.java:onNext(255)) - client-54CC064C3FCE->8224e767-71c1-41fc-a01a-d172d48fd9d8: receive RaftClientReply:client-54CC064C3FCE->8224e767-71c1-41fc-a01a-d172d48fd9d8@group-F6B37CC92441, cid=1269, SUCCESS, logIndex=1759, commits[8224e767-71c1-41fc-a01a-d172d48fd9d8:c1759, 6eae0c21-01aa-4169-956f-5952b26ea7ba:c1755, 8d7dcba1-3b82-4d94-a832-514ef5c79cf8:c1755]
2019-08-21 02:17:17,261 | INFO  | DNAudit | user=null | ip=null | op=WRITE_CHUNK {blockData=conID: 2 locID: 102652565076771286 bcsId: 0} | ret=SUCCESS |  
2019-08-21 02:17:17,261 | INFO  | DNAudit | user=null | ip=null | op=WRITE_CHUNK {blockData=conID: 2 locID: 102652565076771286 bcsId: 0} | ret=SUCCESS |  
2019-08-21 02:17:17,272 | INFO  | DNAudit | user=null | ip=null | op=PUT_BLOCK {blockData=[blockId=conID: 2 locID: 102652565076771286 bcsId: 0,size=1048576]} | ret=SUCCESS |  
2019-08-21 02:17:17,272 | INFO  | DNAudit | user=null | ip=null | op=PUT_BLOCK {blockData=[blockId=conID: 2 locID: 102652565076771286 bcsId: 0,size=1048576]} | ret=SUCCESS |  
2019-08-21 02:17:17,272 | INFO  | DNAudit | user=null | ip=null | op=WRITE_CHUNK {blockData=conID: 2 locID: 102652565076771286 bcsId: 0} | ret=SUCCESS |  
2019-08-21 02:17:17,272 | INFO  | DNAudit | user=null | ip=null | op=WRITE_CHUNK {blockData=conID: 2 locID: 102652565076771286 bcsId: 0} | ret=SUCCESS |  
2019-08-21 02:17:17,273 | INFO  | DNAudit | user=null | ip=null | op=PUT_BLOCK {blockData=[blockId=conID: 2 locID: 102652565076771286 bcsId: 0,size=2097152]} | ret=SUCCESS |  
2019-08-21 02:17:17,273 | INFO  | DNAudit | user=null | ip=null | op=PUT_BLOCK {blockData=[blockId=conID: 2 locID: 102652565076771286 bcsId: 0,size=2097152]} | ret=SUCCESS |  
2019-08-21 02:17:17,273 [grpc-default-executor-0] INFO  client.GrpcClientProtocolClient (GrpcClientProtocolClient.java:onNext(255)) - client-54CC064C3FCE->8224e767-71c1-41fc-a01a-d172d48fd9d8: receive RaftClientReply:client-54CC064C3FCE->8224e767-71c1-41fc-a01a-d172d48fd9d8@group-F6B37CC92441, cid=1270, SUCCESS, logIndex=0, commits[8224e767-71c1-41fc-a01a-d172d48fd9d8:c1761, 6eae0c21-01aa-4169-956f-5952b26ea7ba:c1757, 8d7dcba1-3b82-4d94-a832-514ef5c79cf8:c1757]
2019-08-21 02:17:17,281 | INFO  | DNAudit | user=null | ip=null | op=WRITE_CHUNK {blockData=conID: 2 locID: 102652565076771286 bcsId: 1759} | ret=SUCCESS |  
2019-08-21 02:17:17,283 | INFO  | DNAudit | user=null | ip=null | op=WRITE_CHUNK {blockData=conID: 2 locID: 102652565076771286 bcsId: 1759} | ret=SUCCESS |  
2019-08-21 02:17:17,283 | INFO  | DNAudit | user=null | ip=null | op=WRITE_CHUNK {blockData=conID: 2 locID: 102652565076771286 bcsId: 1759} | ret=SUCCESS |  
2019-08-21 02:17:17,294 | INFO  | DNAudit | user=null | ip=null | op=WRITE_CHUNK {blockData=conID: 2 locID: 102652565076771286 bcsId: 1759} | ret=SUCCESS |  
2019-08-21 02:17:17,294 | INFO  | DNAudit | user=null | ip=null | op=PUT_BLOCK {blockData=[blockId=conID: 2 locID: 102652565076771286 bcsId: 0,size=3145728]} | ret=SUCCESS |  
2019-08-21 02:17:17,295 [grpc-default-executor-2] INFO  client.GrpcClientProtocolClient (GrpcClientProtocolClient.java:onNext(255)) - client-54CC064C3FCE->8224e767-71c1-41fc-a01a-d172d48fd9d8: receive RaftClientReply:client-54CC064C3FCE->8224e767-71c1-41fc-a01a-d172d48fd9d8@group-F6B37CC92441, cid=1271, SUCCESS, logIndex=1764, commits[8224e767-71c1-41fc-a01a-d172d48fd9d8:c1765, 6eae0c21-01aa-4169-956f-5952b26ea7ba:c1763, 8d7dcba1-3b82-4d94-a832-514ef5c79cf8:c1763]
2019-08-21 02:17:17,295 [grpc-default-executor-2] INFO  client.GrpcClientProtocolClient (GrpcClientProtocolClient.java:onNext(255)) - client-54CC064C3FCE->8224e767-71c1-41fc-a01a-d172d48fd9d8: receive RaftClientReply:client-54CC064C3FCE->8224e767-71c1-41fc-a01a-d172d48fd9d8@group-F6B37CC92441, cid=1272, SUCCESS, logIndex=1765, commits[8224e767-71c1-41fc-a01a-d172d48fd9d8:c1765, 6eae0c21-01aa-4169-956f-5952b26ea7ba:c1763, 8d7dcba1-3b82-4d94-a832-514ef5c79cf8:c1763]
2019-08-21 02:17:17,302 | INFO  | DNAudit | user=null | ip=null | op=WRITE_CHUNK {blockData=conID: 2 locID: 102652565076771286 bcsId: 1765} | ret=SUCCESS |  
2019-08-21 02:17:17,305 | INFO  | DNAudit | user=null | ip=null | op=WRITE_CHUNK {blockData=conID: 2 locID: 102652565076771286 bcsId: 1759} | ret=SUCCESS |  
2019-08-21 02:17:17,305 | INFO  | DNAudit | user=null | ip=null | op=WRITE_CHUNK {blockData=conID: 2 locID: 102652565076771286 bcsId: 1759} | ret=SUCCESS |  
2019-08-21 02:17:17,305 | INFO  | DNAudit | user=null | ip=null | op=WRITE_CHUNK {blockData=conID: 2 locID: 102652565076771286 bcsId: 1765} | ret=SUCCESS |  
2019-08-21 02:17:17,305 | INFO  | DNAudit | user=null | ip=null | op=PUT_BLOCK {blockData=[blockId=conID: 2 locID: 102652565076771286 bcsId: 0,size=3145728]} | ret=SUCCESS |  
2019-08-21 02:17:17,306 | INFO  | DNAudit | user=null | ip=null | op=WRITE_CHUNK {blockData=conID: 2 locID: 102652565076771286 bcsId: 1765} | ret=SUCCESS |  
2019-08-21 02:17:17,317 | INFO  | DNAudit | user=null | ip=null | op=PUT_BLOCK {blockData=[blockId=conID: 2 locID: 102652565076771286 bcsId: 0,size=3145728]} | ret=SUCCESS |  
2019-08-21 02:17:17,318 | INFO  | DNAudit | user=null | ip=null | op=WRITE_CHUNK {blockData=conID: 2 locID: 102652565076771286 bcsId: 1765} | ret=SUCCESS |  
2019-08-21 02:17:17,318 | INFO  | DNAudit | user=null | ip=null | op=PUT_BLOCK {blockData=[blockId=conID: 2 locID: 102652565076771286 bcsId: 0,size=4194304]} | ret=SUCCESS |  
2019-08-21 02:17:17,319 [grpc-default-executor-1] INFO  client.GrpcClientProtocolClient (GrpcClientProtocolClient.java:onNext(255)) - client-54CC064C3FCE->8224e767-71c1-41fc-a01a-d172d48fd9d8: receive RaftClientReply:client-54CC064C3FCE->8224e767-71c1-41fc-a01a-d172d48fd9d8@group-F6B37CC92441, cid=1273, SUCCESS, logIndex=1768, commits[8224e767-71c1-41fc-a01a-d172d48fd9d8:c1769, 6eae0c21-01aa-4169-956f-5952b26ea7ba:c1765, 8d7dcba1-3b82-4d94-a832-514ef5c79cf8:c1765]
2019-08-21 02:17:17,319 [grpc-default-executor-1] INFO  client.GrpcClientProtocolClient (GrpcClientProtocolClient.java:onNext(255)) - client-54CC064C3FCE->8224e767-71c1-41fc-a01a-d172d48fd9d8: receive RaftClientReply:client-54CC064C3FCE->8224e767-71c1-41fc-a01a-d172d48fd9d8@group-F6B37CC92441, cid=1274, SUCCESS, logIndex=1769, commits[8224e767-71c1-41fc-a01a-d172d48fd9d8:c1769, 6eae0c21-01aa-4169-956f-5952b26ea7ba:c1765, 8d7dcba1-3b82-4d94-a832-514ef5c79cf8:c1765]
2019-08-21 02:17:17,331 | INFO  | DNAudit | user=null | ip=null | op=WRITE_CHUNK {blockData=conID: 2 locID: 102652565076771286 bcsId: 1765} | ret=SUCCESS |  
2019-08-21 02:17:17,331 | INFO  | DNAudit | user=null | ip=null | op=WRITE_CHUNK {blockData=conID: 2 locID: 102652565076771286 bcsId: 1765} | ret=SUCCESS |  
2019-08-21 02:17:17,331 | INFO  | DNAudit | user=null | ip=null | op=PUT_BLOCK {blockData=[blockId=conID: 2 locID: 102652565076771286 bcsId: 0,size=4194304]} | ret=SUCCESS |  
2019-08-21 02:17:17,331 | INFO  | DNAudit | user=null | ip=null | op=PUT_BLOCK {blockData=[blockId=conID: 2 locID: 102652565076771286 bcsId: 0,size=4194304]} | ret=SUCCESS |  
2019-08-21 02:17:17,332 [grpc-default-executor-0] INFO  client.GrpcClientProtocolClient (GrpcClientProtocolClient.java:onNext(255)) - client-54CC064C3FCE->8224e767-71c1-41fc-a01a-d172d48fd9d8: receive RaftClientReply:client-54CC064C3FCE->8224e767-71c1-41fc-a01a-d172d48fd9d8@group-F6B37CC92441, cid=1275, SUCCESS, logIndex=0, commits[8224e767-71c1-41fc-a01a-d172d48fd9d8:c1770, 6eae0c21-01aa-4169-956f-5952b26ea7ba:c1769, 8d7dcba1-3b82-4d94-a832-514ef5c79cf8:c1769]
2019-08-21 02:17:17,338 | INFO  | SCMAudit | user=jenkins1000 | ip=192.168.34.10 | op=ALLOCATE_BLOCK {owner=b6f66289-f2a0-4058-b052-0a85e40df67b, size=4194304, type=RATIS, factor=THREE} | ret=SUCCESS |  
2019-08-21 02:17:17,341 | INFO  | OMAudit | user=jenkins1000 | ip=127.0.0.1 | op=ALLOCATE_BLOCK {volume=vol-0-90982, bucket=bucket-0-24269, key=key-0-81262, dataSize=0, replicationType=null, replicationFactor=null, keyLocationInfo=null, clientID=102652564580991378} | ret=SUCCESS |  
2019-08-21 02:17:17,348 | INFO  | DNAudit | user=null | ip=null | op=WRITE_CHUNK {blockData=conID: 3 locID: 102652565083783639 bcsId: 0} | ret=SUCCESS |  
2019-08-21 02:17:17,351 | INFO  | DNAudit | user=null | ip=null | op=WRITE_CHUNK {blockData=conID: 3 locID: 102652565083783639 bcsId: 0} | ret=SUCCESS |  
2019-08-21 02:17:17,351 | INFO  | DNAudit | user=null | ip=null | op=WRITE_CHUNK {blockData=conID: 3 locID: 102652565083783639 bcsId: 0} | ret=SUCCESS |  
2019-08-21 02:17:17,352 | INFO  | DNAudit | user=null | ip=null | op=WRITE_CHUNK {blockData=conID: 3 locID: 102652565083783639 bcsId: 0} | ret=SUCCESS |  
2019-08-21 02:17:17,353 | INFO  | DNAudit | user=null | ip=null | op=WRITE_CHUNK {blockData=conID: 3 locID: 102652565083783639 bcsId: 0} | ret=SUCCESS |  
2019-08-21 02:17:17,353 | INFO  | DNAudit | user=null | ip=null | op=WRITE_CHUNK {blockData=conID: 3 locID: 102652565083783639 bcsId: 0} | ret=SUCCESS |  
2019-08-21 02:17:17,362 | INFO  | DNAudit | user=null | ip=null | op=WRITE_CHUNK {blockData=conID: 3 locID: 102652565083783639 bcsId: 0} | ret=SUCCESS |  
2019-08-21 02:17:17,363 | INFO  | DNAudit | user=null | ip=null | op=PUT_BLOCK {blockData=[blockId=conID: 3 locID: 102652565083783639 bcsId: 0,size=1048576]} | ret=SUCCESS |  
2019-08-21 02:17:17,363 [grpc-default-executor-0] INFO  client.GrpcClientProtocolClient (GrpcClientProtocolClient.java:onNext(255)) - client-54CC064C3FCE->8224e767-71c1-41fc-a01a-d172d48fd9d8: receive RaftClientReply:client-54CC064C3FCE->8224e767-71c1-41fc-a01a-d172d48fd9d8@group-F6B37CC92441, cid=1276, SUCCESS, logIndex=1772, commits[8224e767-71c1-41fc-a01a-d172d48fd9d8:c1773, 6eae0c21-01aa-4169-956f-5952b26ea7ba:c1771, 8d7dcba1-3b82-4d94-a832-514ef5c79cf8:c1771]
2019-08-21 02:17:17,364 [grpc-default-executor-0] INFO  client.GrpcClientProtocolClient (GrpcClientProtocolClient.java:onNext(255)) - client-54CC064C3FCE->8224e767-71c1-41fc-a01a-d172d48fd9d8: receive RaftClientReply:client-54CC064C3FCE->8224e767-71c1-41fc-a01a-d172d48fd9d8@group-F6B37CC92441, cid=1277, SUCCESS, logIndex=1773, commits[8224e767-71c1-41fc-a01a-d172d48fd9d8:c1773, 6eae0c21-01aa-4169-956f-5952b26ea7ba:c1771, 8d7dcba1-3b82-4d94-a832-514ef5c79cf8:c1771]
2019-08-21 02:17:17,373 | INFO  | DNAudit | user=null | ip=null | op=WRITE_CHUNK {blockData=conID: 3 locID: 102652565083783639 bcsId: 0} | ret=SUCCESS |  
2019-08-21 02:17:17,373 | INFO  | DNAudit | user=null | ip=null | op=PUT_BLOCK {blockData=[blockId=conID: 3 locID: 102652565083783639 bcsId: 0,size=2097152]} | ret=SUCCESS |  
2019-08-21 02:17:17,374 [grpc-default-executor-4] INFO  client.GrpcClientProtocolClient (GrpcClientProtocolClient.java:onNext(255)) - client-54CC064C3FCE->8224e767-71c1-41fc-a01a-d172d48fd9d8: receive RaftClientReply:client-54CC064C3FCE->8224e767-71c1-41fc-a01a-d172d48fd9d8@group-F6B37CC92441, cid=1278, SUCCESS, logIndex=1774, commits[8224e767-71c1-41fc-a01a-d172d48fd9d8:c1775, 6eae0c21-01aa-4169-956f-5952b26ea7ba:c1771, 8d7dcba1-3b82-4d94-a832-514ef5c79cf8:c1771]
2019-08-21 02:17:17,374 | INFO  | DNAudit | user=null | ip=null | op=WRITE_CHUNK {blockData=conID: 3 locID: 102652565083783639 bcsId: 0} | ret=SUCCESS |  
2019-08-21 02:17:17,374 | INFO  | DNAudit | user=null | ip=null | op=PUT_BLOCK {blockData=[blockId=conID: 3 locID: 102652565083783639 bcsId: 0,size=1048576]} | ret=SUCCESS |  
2019-08-21 02:17:17,374 [grpc-default-executor-4] INFO  client.GrpcClientProtocolClient (GrpcClientProtocolClient.java:onNext(255)) - client-54CC064C3FCE->8224e767-71c1-41fc-a01a-d172d48fd9d8: receive RaftClientReply:client-54CC064C3FCE->8224e767-71c1-41fc-a01a-d172d48fd9d8@group-F6B37CC92441, cid=1279, SUCCESS, logIndex=1775, commits[8224e767-71c1-41fc-a01a-d172d48fd9d8:c1775, 6eae0c21-01aa-4169-956f-5952b26ea7ba:c1771, 8d7dcba1-3b82-4d94-a832-514ef5c79cf8:c1771]
2019-08-21 02:17:17,375 | INFO  | DNAudit | user=null | ip=null | op=WRITE_CHUNK {blockData=conID: 3 locID: 102652565083783639 bcsId: 0} | ret=SUCCESS |  
2019-08-21 02:17:17,375 | INFO  | DNAudit | user=null | ip=null | op=PUT_BLOCK {blockData=[blockId=conID: 3 locID: 102652565083783639 bcsId: 0,size=2097152]} | ret=SUCCESS |  
2019-08-21 02:17:17,377 | INFO  | DNAudit | user=null | ip=null | op=WRITE_CHUNK {blockData=conID: 3 locID: 102652565083783639 bcsId: 0} | ret=SUCCESS |  
2019-08-21 02:17:17,377 | INFO  | DNAudit | user=null | ip=null | op=PUT_BLOCK {blockData=[blockId=conID: 3 locID: 102652565083783639 bcsId: 0,size=1048576]} | ret=SUCCESS |  
2019-08-21 02:17:17,377 | INFO  | DNAudit | user=null | ip=null | op=WRITE_CHUNK {blockData=conID: 3 locID: 102652565083783639 bcsId: 0} | ret=SUCCESS |  
2019-08-21 02:17:17,377 [grpc-default-executor-1] INFO  client.GrpcClientProtocolClient (GrpcClientProtocolClient.java:onNext(255)) - client-54CC064C3FCE->8224e767-71c1-41fc-a01a-d172d48fd9d8: receive RaftClientReply:client-54CC064C3FCE->8224e767-71c1-41fc-a01a-d172d48fd9d8@group-F6B37CC92441, cid=1280, SUCCESS, logIndex=0, commits[8224e767-71c1-41fc-a01a-d172d48fd9d8:c1778, 6eae0c21-01aa-4169-956f-5952b26ea7ba:c1773, 8d7dcba1-3b82-4d94-a832-514ef5c79cf8:c1775]
2019-08-21 02:17:17,378 | INFO  | DNAudit | user=null | ip=null | op=PUT_BLOCK {blockData=[blockId=conID: 3 locID: 102652565083783639 bcsId: 0,size=2097152]} | ret=SUCCESS |  
2019-08-21 02:17:17,384 | INFO  | DNAudit | user=null | ip=null | op=WRITE_CHUNK {blockData=conID: 3 locID: 102652565083783639 bcsId: 1775} | ret=SUCCESS |  
2019-08-21 02:17:17,387 | INFO  | DNAudit | user=null | ip=null | op=WRITE_CHUNK {blockData=conID: 3 locID: 102652565083783639 bcsId: 1775} | ret=SUCCESS |  
2019-08-21 02:17:17,388 | INFO  | DNAudit | user=null | ip=null | op=WRITE_CHUNK {blockData=conID: 3 locID: 102652565083783639 bcsId: 1775} | ret=SUCCESS |  
2019-08-21 02:17:17,398 | INFO  | DNAudit | user=null | ip=null | op=WRITE_CHUNK {blockData=conID: 3 locID: 102652565083783639 bcsId: 1775} | ret=SUCCESS |  
2019-08-21 02:17:17,399 | INFO  | DNAudit | user=null | ip=null | op=PUT_BLOCK {blockData=[blockId=conID: 3 locID: 102652565083783639 bcsId: 0,size=3145728]} | ret=SUCCESS |  
2019-08-21 02:17:17,399 [grpc-default-executor-1] INFO  client.GrpcClientProtocolClient (GrpcClientProtocolClient.java:onNext(255)) - client-54CC064C3FCE->8224e767-71c1-41fc-a01a-d172d48fd9d8: receive RaftClientReply:client-54CC064C3FCE->8224e767-71c1-41fc-a01a-d172d48fd9d8@group-F6B37CC92441, cid=1281, SUCCESS, logIndex=1779, commits[8224e767-71c1-41fc-a01a-d172d48fd9d8:c1780, 6eae0c21-01aa-4169-956f-5952b26ea7ba:c1778, 8d7dcba1-3b82-4d94-a832-514ef5c79cf8:c1778]
2019-08-21 02:17:17,399 [grpc-default-executor-1] INFO  client.GrpcClientProtocolClient (GrpcClientProtocolClient.java:onNext(255)) - client-54CC064C3FCE->8224e767-71c1-41fc-a01a-d172d48fd9d8: receive RaftClientReply:client-54CC064C3FCE->8224e767-71c1-41fc-a01a-d172d48fd9d8@group-F6B37CC92441, cid=1282, SUCCESS, logIndex=1780, commits[8224e767-71c1-41fc-a01a-d172d48fd9d8:c1780, 6eae0c21-01aa-4169-956f-5952b26ea7ba:c1778, 8d7dcba1-3b82-4d94-a832-514ef5c79cf8:c1778]
2019-08-21 02:17:17,402 | INFO  | DNAudit | user=null | ip=null | op=WRITE_CHUNK {blockData=conID: 3 locID: 102652565083783639 bcsId: 1775} | ret=SUCCESS |  
2019-08-21 02:17:17,402 | INFO  | DNAudit | user=null | ip=null | op=WRITE_CHUNK {blockData=conID: 3 locID: 102652565083783639 bcsId: 1775} | ret=SUCCESS |  
2019-08-21 02:17:17,402 | INFO  | DNAudit | user=null | ip=null | op=PUT_BLOCK {blockData=[blockId=conID: 3 locID: 102652565083783639 bcsId: 0,size=3145728]} | ret=SUCCESS |  
2019-08-21 02:17:17,402 | INFO  | DNAudit | user=null | ip=null | op=PUT_BLOCK {blockData=[blockId=conID: 3 locID: 102652565083783639 bcsId: 0,size=3145728]} | ret=SUCCESS |  
2019-08-21 02:17:17,406 | INFO  | DNAudit | user=null | ip=null | op=WRITE_CHUNK {blockData=conID: 3 locID: 102652565083783639 bcsId: 1780} | ret=SUCCESS |  
2019-08-21 02:17:17,408 | INFO  | DNAudit | user=null | ip=null | op=WRITE_CHUNK {blockData=conID: 3 locID: 102652565083783639 bcsId: 1780} | ret=SUCCESS |  
2019-08-21 02:17:17,408 | INFO  | DNAudit | user=null | ip=null | op=WRITE_CHUNK {blockData=conID: 3 locID: 102652565083783639 bcsId: 1780} | ret=SUCCESS |  
2019-08-21 02:17:17,410 | INFO  | DNAudit | user=null | ip=null | op=WRITE_CHUNK {blockData=conID: 3 locID: 102652565083783639 bcsId: 1780} | ret=SUCCESS |  
2019-08-21 02:17:17,411 | INFO  | DNAudit | user=null | ip=null | op=PUT_BLOCK {blockData=[blockId=conID: 3 locID: 102652565083783639 bcsId: 0,size=4194304]} | ret=SUCCESS |  
2019-08-21 02:17:17,411 [grpc-default-executor-4] INFO  client.GrpcClientProtocolClient (GrpcClientProtocolClient.java:onNext(255)) - client-54CC064C3FCE->8224e767-71c1-41fc-a01a-d172d48fd9d8: receive RaftClientReply:client-54CC064C3FCE->8224e767-71c1-41fc-a01a-d172d48fd9d8@group-F6B37CC92441, cid=1283, SUCCESS, logIndex=1783, commits[8224e767-71c1-41fc-a01a-d172d48fd9d8:c1784, 6eae0c21-01aa-4169-956f-5952b26ea7ba:c1782, 8d7dcba1-3b82-4d94-a832-514ef5c79cf8:c1780]
2019-08-21 02:17:17,411 [grpc-default-executor-4] INFO  client.GrpcClientProtocolClient (GrpcClientProtocolClient.java:onNext(255)) - client-54CC064C3FCE->8224e767-71c1-41fc-a01a-d172d48fd9d8: receive RaftClientReply:client-54CC064C3FCE->8224e767-71c1-41fc-a01a-d172d48fd9d8@group-F6B37CC92441, cid=1284, SUCCESS, logIndex=1784, commits[8224e767-71c1-41fc-a01a-d172d48fd9d8:c1784, 6eae0c21-01aa-4169-956f-5952b26ea7ba:c1782, 8d7dcba1-3b82-4d94-a832-514ef5c79cf8:c1782]
2019-08-21 02:17:17,412 | INFO  | DNAudit | user=null | ip=null | op=WRITE_CHUNK {blockData=conID: 3 locID: 102652565083783639 bcsId: 1780} | ret=SUCCESS |  
2019-08-21 02:17:17,412 | INFO  | DNAudit | user=null | ip=null | op=WRITE_CHUNK {blockData=conID: 3 locID: 102652565083783639 bcsId: 1780} | ret=SUCCESS |  
2019-08-21 02:17:17,412 | INFO  | DNAudit | user=null | ip=null | op=PUT_BLOCK {blockData=[blockId=conID: 3 locID: 102652565083783639 bcsId: 0,size=4194304]} | ret=SUCCESS |  
2019-08-21 02:17:17,413 | INFO  | DNAudit | user=null | ip=null | op=PUT_BLOCK {blockData=[blockId=conID: 3 locID: 102652565083783639 bcsId: 0,size=4194304]} | ret=SUCCESS |  
2019-08-21 02:17:17,413 [grpc-default-executor-0] INFO  client.GrpcClientProtocolClient (GrpcClientProtocolClient.java:onNext(255)) - client-54CC064C3FCE->8224e767-71c1-41fc-a01a-d172d48fd9d8: receive RaftClientReply:client-54CC064C3FCE->8224e767-71c1-41fc-a01a-d172d48fd9d8@group-F6B37CC92441, cid=1285, SUCCESS, logIndex=0, commits[8224e767-71c1-41fc-a01a-d172d48fd9d8:c1785, 6eae0c21-01aa-4169-956f-5952b26ea7ba:c1784, 8d7dcba1-3b82-4d94-a832-514ef5c79cf8:c1784]
2019-08-21 02:17:17,418 | INFO  | SCMAudit | user=jenkins1000 | ip=192.168.34.10 | op=ALLOCATE_BLOCK {owner=b6f66289-f2a0-4058-b052-0a85e40df67b, size=4194304, type=RATIS, factor=THREE} | ret=SUCCESS |  
2019-08-21 02:17:17,421 | INFO  | OMAudit | user=jenkins1000 | ip=127.0.0.1 | op=ALLOCATE_BLOCK {volume=vol-0-90982, bucket=bucket-0-24269, key=key-0-81262, dataSize=0, replicationType=null, replicationFactor=null, keyLocationInfo=null, clientID=102652564580991378} | ret=SUCCESS |  
2019-08-21 02:17:17,427 | INFO  | DNAudit | user=null | ip=null | op=WRITE_CHUNK {blockData=conID: 1 locID: 102652565089026520 bcsId: 0} | ret=SUCCESS |  
2019-08-21 02:17:17,429 | INFO  | DNAudit | user=null | ip=null | op=WRITE_CHUNK {blockData=conID: 1 locID: 102652565089026520 bcsId: 0} | ret=SUCCESS |  
2019-08-21 02:17:17,430 | INFO  | DNAudit | user=null | ip=null | op=WRITE_CHUNK {blockData=conID: 1 locID: 102652565089026520 bcsId: 0} | ret=SUCCESS |  
2019-08-21 02:17:17,431 | INFO  | DNAudit | user=null | ip=null | op=WRITE_CHUNK {blockData=conID: 1 locID: 102652565089026520 bcsId: 0} | ret=SUCCESS |  
2019-08-21 02:17:17,432 | INFO  | DNAudit | user=null | ip=null | op=WRITE_CHUNK {blockData=conID: 1 locID: 102652565089026520 bcsId: 0} | ret=SUCCESS |  
2019-08-21 02:17:17,432 | INFO  | DNAudit | user=null | ip=null | op=WRITE_CHUNK {blockData=conID: 1 locID: 102652565089026520 bcsId: 0} | ret=SUCCESS |  
2019-08-21 02:17:17,432 | INFO  | DNAudit | user=null | ip=null | op=PUT_BLOCK {blockData=[blockId=conID: 1 locID: 102652565089026520 bcsId: 0,size=1048576]} | ret=SUCCESS |  
2019-08-21 02:17:17,433 [grpc-default-executor-1] INFO  client.GrpcClientProtocolClient (GrpcClientProtocolClient.java:onNext(255)) - client-54CC064C3FCE->8224e767-71c1-41fc-a01a-d172d48fd9d8: receive RaftClientReply:client-54CC064C3FCE->8224e767-71c1-41fc-a01a-d172d48fd9d8@group-F6B37CC92441, cid=1286, SUCCESS, logIndex=1787, commits[8224e767-71c1-41fc-a01a-d172d48fd9d8:c1788, 6eae0c21-01aa-4169-956f-5952b26ea7ba:c1784, 8d7dcba1-3b82-4d94-a832-514ef5c79cf8:c1786]
2019-08-21 02:17:17,433 | INFO  | DNAudit | user=null | ip=null | op=WRITE_CHUNK {blockData=conID: 1 locID: 102652565089026520 bcsId: 0} | ret=SUCCESS |  
2019-08-21 02:17:17,433 [grpc-default-executor-1] INFO  client.GrpcClientProtocolClient (GrpcClientProtocolClient.java:onNext(255)) - client-54CC064C3FCE->8224e767-71c1-41fc-a01a-d172d48fd9d8: receive RaftClientReply:client-54CC064C3FCE->8224e767-71c1-41fc-a01a-d172d48fd9d8@group-F6B37CC92441, cid=1287, SUCCESS, logIndex=1788, commits[8224e767-71c1-41fc-a01a-d172d48fd9d8:c1788, 6eae0c21-01aa-4169-956f-5952b26ea7ba:c1784, 8d7dcba1-3b82-4d94-a832-514ef5c79cf8:c1786]
2019-08-21 02:17:17,435 | INFO  | DNAudit | user=null | ip=null | op=WRITE_CHUNK {blockData=conID: 1 locID: 102652565089026520 bcsId: 0} | ret=SUCCESS |  
2019-08-21 02:17:17,436 | INFO  | DNAudit | user=null | ip=null | op=PUT_BLOCK {blockData=[blockId=conID: 1 locID: 102652565089026520 bcsId: 0,size=2097152]} | ret=SUCCESS |  
2019-08-21 02:17:17,436 [grpc-default-executor-1] INFO  client.GrpcClientProtocolClient (GrpcClientProtocolClient.java:onNext(255)) - client-54CC064C3FCE->8224e767-71c1-41fc-a01a-d172d48fd9d8: receive RaftClientReply:client-54CC064C3FCE->8224e767-71c1-41fc-a01a-d172d48fd9d8@group-F6B37CC92441, cid=1288, SUCCESS, logIndex=1789, commits[8224e767-71c1-41fc-a01a-d172d48fd9d8:c1790, 6eae0c21-01aa-4169-956f-5952b26ea7ba:c1784, 8d7dcba1-3b82-4d94-a832-514ef5c79cf8:c1786]
2019-08-21 02:17:17,436 [grpc-default-executor-1] INFO  client.GrpcClientProtocolClient (GrpcClientProtocolClient.java:onNext(255)) - client-54CC064C3FCE->8224e767-71c1-41fc-a01a-d172d48fd9d8: receive RaftClientReply:client-54CC064C3FCE->8224e767-71c1-41fc-a01a-d172d48fd9d8@group-F6B37CC92441, cid=1289, SUCCESS, logIndex=1790, commits[8224e767-71c1-41fc-a01a-d172d48fd9d8:c1790, 6eae0c21-01aa-4169-956f-5952b26ea7ba:c1784, 8d7dcba1-3b82-4d94-a832-514ef5c79cf8:c1786]
2019-08-21 02:17:17,437 | INFO  | DNAudit | user=null | ip=null | op=WRITE_CHUNK {blockData=conID: 1 locID: 102652565089026520 bcsId: 0} | ret=SUCCESS |  
2019-08-21 02:17:17,438 | INFO  | DNAudit | user=null | ip=null | op=PUT_BLOCK {blockData=[blockId=conID: 1 locID: 102652565089026520 bcsId: 0,size=1048576]} | ret=SUCCESS |  
2019-08-21 02:17:17,438 | INFO  | DNAudit | user=null | ip=null | op=WRITE_CHUNK {blockData=conID: 1 locID: 102652565089026520 bcsId: 0} | ret=SUCCESS |  
2019-08-21 02:17:17,438 | INFO  | DNAudit | user=null | ip=null | op=PUT_BLOCK {blockData=[blockId=conID: 1 locID: 102652565089026520 bcsId: 0,size=1048576]} | ret=SUCCESS |  
2019-08-21 02:17:17,439 | INFO  | DNAudit | user=null | ip=null | op=WRITE_CHUNK {blockData=conID: 1 locID: 102652565089026520 bcsId: 0} | ret=SUCCESS |  
2019-08-21 02:17:17,439 | INFO  | DNAudit | user=null | ip=null | op=PUT_BLOCK {blockData=[blockId=conID: 1 locID: 102652565089026520 bcsId: 0,size=2097152]} | ret=SUCCESS |  
2019-08-21 02:17:17,439 [grpc-default-executor-0] INFO  client.GrpcClientProtocolClient (GrpcClientProtocolClient.java:onNext(255)) - client-54CC064C3FCE->8224e767-71c1-41fc-a01a-d172d48fd9d8: receive RaftClientReply:client-54CC064C3FCE->8224e767-71c1-41fc-a01a-d172d48fd9d8@group-F6B37CC92441, cid=1290, SUCCESS, logIndex=0, commits[8224e767-71c1-41fc-a01a-d172d48fd9d8:c1792, 6eae0c21-01aa-4169-956f-5952b26ea7ba:c1788, 8d7dcba1-3b82-4d94-a832-514ef5c79cf8:c1788]
2019-08-21 02:17:17,440 | INFO  | DNAudit | user=null | ip=null | op=WRITE_CHUNK {blockData=conID: 1 locID: 102652565089026520 bcsId: 0} | ret=SUCCESS |  
2019-08-21 02:17:17,440 | INFO  | DNAudit | user=null | ip=null | op=PUT_BLOCK {blockData=[blockId=conID: 1 locID: 102652565089026520 bcsId: 0,size=2097152]} | ret=SUCCESS |  
2019-08-21 02:17:17,444 | INFO  | DNAudit | user=null | ip=null | op=WRITE_CHUNK {blockData=conID: 1 locID: 102652565089026520 bcsId: 1790} | ret=SUCCESS |  
2019-08-21 02:17:17,448 | INFO  | DNAudit | user=null | ip=null | op=WRITE_CHUNK {blockData=conID: 1 locID: 102652565089026520 bcsId: 1790} | ret=SUCCESS |  
2019-08-21 02:17:17,448 | INFO  | DNAudit | user=null | ip=null | op=WRITE_CHUNK {blockData=conID: 1 locID: 102652565089026520 bcsId: 1790} | ret=SUCCESS |  
2019-08-21 02:17:17,450 | INFO  | DNAudit | user=null | ip=null | op=WRITE_CHUNK {blockData=conID: 1 locID: 102652565089026520 bcsId: 1790} | ret=SUCCESS |  
2019-08-21 02:17:17,450 | INFO  | DNAudit | user=null | ip=null | op=PUT_BLOCK {blockData=[blockId=conID: 1 locID: 102652565089026520 bcsId: 0,size=3145728]} | ret=SUCCESS |  
2019-08-21 02:17:17,450 [grpc-default-executor-4] INFO  client.GrpcClientProtocolClient (GrpcClientProtocolClient.java:onNext(255)) - client-54CC064C3FCE->8224e767-71c1-41fc-a01a-d172d48fd9d8: receive RaftClientReply:client-54CC064C3FCE->8224e767-71c1-41fc-a01a-d172d48fd9d8@group-F6B37CC92441, cid=1291, SUCCESS, logIndex=1795, commits[8224e767-71c1-41fc-a01a-d172d48fd9d8:c1796, 6eae0c21-01aa-4169-956f-5952b26ea7ba:c1794, 8d7dcba1-3b82-4d94-a832-514ef5c79cf8:c1794]
2019-08-21 02:17:17,451 [grpc-default-executor-4] INFO  client.GrpcClientProtocolClient (GrpcClientProtocolClient.java:onNext(255)) - client-54CC064C3FCE->8224e767-71c1-41fc-a01a-d172d48fd9d8: receive RaftClientReply:client-54CC064C3FCE->8224e767-71c1-41fc-a01a-d172d48fd9d8@group-F6B37CC92441, cid=1292, SUCCESS, logIndex=1796, commits[8224e767-71c1-41fc-a01a-d172d48fd9d8:c1796, 6eae0c21-01aa-4169-956f-5952b26ea7ba:c1794, 8d7dcba1-3b82-4d94-a832-514ef5c79cf8:c1794]
2019-08-21 02:17:17,453 | INFO  | DNAudit | user=null | ip=null | op=WRITE_CHUNK {blockData=conID: 1 locID: 102652565089026520 bcsId: 1790} | ret=SUCCESS |  
2019-08-21 02:17:17,453 | INFO  | DNAudit | user=null | ip=null | op=PUT_BLOCK {blockData=[blockId=conID: 1 locID: 102652565089026520 bcsId: 0,size=3145728]} | ret=SUCCESS |  
2019-08-21 02:17:17,455 | INFO  | DNAudit | user=null | ip=null | op=WRITE_CHUNK {blockData=conID: 1 locID: 102652565089026520 bcsId: 1790} | ret=SUCCESS |  
2019-08-21 02:17:17,455 | INFO  | DNAudit | user=null | ip=null | op=PUT_BLOCK {blockData=[blockId=conID: 1 locID: 102652565089026520 bcsId: 0,size=3145728]} | ret=SUCCESS |  
2019-08-21 02:17:17,458 | INFO  | DNAudit | user=null | ip=null | op=WRITE_CHUNK {blockData=conID: 1 locID: 102652565089026520 bcsId: 1796} | ret=SUCCESS |  
2019-08-21 02:17:17,459 | INFO  | DNAudit | user=null | ip=null | op=WRITE_CHUNK {blockData=conID: 1 locID: 102652565089026520 bcsId: 1796} | ret=SUCCESS |  
2019-08-21 02:17:17,459 | INFO  | DNAudit | user=null | ip=null | op=WRITE_CHUNK {blockData=conID: 1 locID: 102652565089026520 bcsId: 1796} | ret=SUCCESS |  
2019-08-21 02:17:17,461 | INFO  | DNAudit | user=null | ip=null | op=WRITE_CHUNK {blockData=conID: 1 locID: 102652565089026520 bcsId: 1796} | ret=SUCCESS |  
2019-08-21 02:17:17,461 | INFO  | DNAudit | user=null | ip=null | op=PUT_BLOCK {blockData=[blockId=conID: 1 locID: 102652565089026520 bcsId: 0,size=4194304]} | ret=SUCCESS |  
2019-08-21 02:17:17,461 [grpc-default-executor-1] INFO  client.GrpcClientProtocolClient (GrpcClientProtocolClient.java:onNext(255)) - client-54CC064C3FCE->8224e767-71c1-41fc-a01a-d172d48fd9d8: receive RaftClientReply:client-54CC064C3FCE->8224e767-71c1-41fc-a01a-d172d48fd9d8@group-F6B37CC92441, cid=1293, SUCCESS, logIndex=1799, commits[8224e767-71c1-41fc-a01a-d172d48fd9d8:c1800, 6eae0c21-01aa-4169-956f-5952b26ea7ba:c1796, 8d7dcba1-3b82-4d94-a832-514ef5c79cf8:c1798]
2019-08-21 02:17:17,462 [grpc-default-executor-1] INFO  client.GrpcClientProtocolClient (GrpcClientProtocolClient.java:onNext(255)) - client-54CC064C3FCE->8224e767-71c1-41fc-a01a-d172d48fd9d8: receive RaftClientReply:client-54CC064C3FCE->8224e767-71c1-41fc-a01a-d172d48fd9d8@group-F6B37CC92441, cid=1294, SUCCESS, logIndex=1800, commits[8224e767-71c1-41fc-a01a-d172d48fd9d8:c1800, 6eae0c21-01aa-4169-956f-5952b26ea7ba:c1798, 8d7dcba1-3b82-4d94-a832-514ef5c79cf8:c1798]
2019-08-21 02:17:17,464 | INFO  | DNAudit | user=null | ip=null | op=WRITE_CHUNK {blockData=conID: 1 locID: 102652565089026520 bcsId: 1796} | ret=SUCCESS |  
2019-08-21 02:17:17,464 | INFO  | DNAudit | user=null | ip=null | op=WRITE_CHUNK {blockData=conID: 1 locID: 102652565089026520 bcsId: 1796} | ret=SUCCESS |  
2019-08-21 02:17:17,464 | INFO  | DNAudit | user=null | ip=null | op=PUT_BLOCK {blockData=[blockId=conID: 1 locID: 102652565089026520 bcsId: 0,size=4194304]} | ret=SUCCESS |  
2019-08-21 02:17:17,464 | INFO  | DNAudit | user=null | ip=null | op=PUT_BLOCK {blockData=[blockId=conID: 1 locID: 102652565089026520 bcsId: 0,size=4194304]} | ret=SUCCESS |  
2019-08-21 02:17:17,464 [grpc-default-executor-1] INFO  client.GrpcClientProtocolClient (GrpcClientProtocolClient.java:onNext(255)) - client-54CC064C3FCE->8224e767-71c1-41fc-a01a-d172d48fd9d8: receive RaftClientReply:client-54CC064C3FCE->8224e767-71c1-41fc-a01a-d172d48fd9d8@group-F6B37CC92441, cid=1295, SUCCESS, logIndex=0, commits[8224e767-71c1-41fc-a01a-d172d48fd9d8:c1801, 6eae0c21-01aa-4169-956f-5952b26ea7ba:c1800, 8d7dcba1-3b82-4d94-a832-514ef5c79cf8:c1800]
2019-08-21 02:17:17,469 | INFO  | SCMAudit | user=jenkins1000 | ip=192.168.34.10 | op=ALLOCATE_BLOCK {owner=b6f66289-f2a0-4058-b052-0a85e40df67b, size=4194304, type=RATIS, factor=THREE} | ret=SUCCESS |  
2019-08-21 02:17:17,471 | INFO  | OMAudit | user=jenkins1000 | ip=127.0.0.1 | op=ALLOCATE_BLOCK {volume=vol-0-90982, bucket=bucket-0-24269, key=key-0-81262, dataSize=0, replicationType=null, replicationFactor=null, keyLocationInfo=null, clientID=102652564580991378} | ret=SUCCESS |  
2019-08-21 02:17:17,477 | INFO  | DNAudit | user=null | ip=null | op=WRITE_CHUNK {blockData=conID: 2 locID: 102652565092368857 bcsId: 0} | ret=SUCCESS |  
2019-08-21 02:17:17,479 | INFO  | DNAudit | user=null | ip=null | op=WRITE_CHUNK {blockData=conID: 2 locID: 102652565092368857 bcsId: 0} | ret=SUCCESS |  
2019-08-21 02:17:17,480 | INFO  | DNAudit | user=null | ip=null | op=WRITE_CHUNK {blockData=conID: 2 locID: 102652565092368857 bcsId: 0} | ret=SUCCESS |  
2019-08-21 02:17:17,480 | INFO  | DNAudit | user=null | ip=null | op=WRITE_CHUNK {blockData=conID: 2 locID: 102652565092368857 bcsId: 0} | ret=SUCCESS |  
2019-08-21 02:17:17,481 | INFO  | DNAudit | user=null | ip=null | op=WRITE_CHUNK {blockData=conID: 2 locID: 102652565092368857 bcsId: 0} | ret=SUCCESS |  
2019-08-21 02:17:17,481 | INFO  | DNAudit | user=null | ip=null | op=WRITE_CHUNK {blockData=conID: 2 locID: 102652565092368857 bcsId: 0} | ret=SUCCESS |  
2019-08-21 02:17:17,490 | INFO  | DNAudit | user=null | ip=null | op=WRITE_CHUNK {blockData=conID: 2 locID: 102652565092368857 bcsId: 0} | ret=SUCCESS |  
2019-08-21 02:17:17,491 | INFO  | DNAudit | user=null | ip=null | op=PUT_BLOCK {blockData=[blockId=conID: 2 locID: 102652565092368857 bcsId: 0,size=1048576]} | ret=SUCCESS |  
2019-08-21 02:17:17,491 [grpc-default-executor-4] INFO  client.GrpcClientProtocolClient (GrpcClientProtocolClient.java:onNext(255)) - client-54CC064C3FCE->8224e767-71c1-41fc-a01a-d172d48fd9d8: receive RaftClientReply:client-54CC064C3FCE->8224e767-71c1-41fc-a01a-d172d48fd9d8@group-F6B37CC92441, cid=1296, SUCCESS, logIndex=1803, commits[8224e767-71c1-41fc-a01a-d172d48fd9d8:c1804, 6eae0c21-01aa-4169-956f-5952b26ea7ba:c1802, 8d7dcba1-3b82-4d94-a832-514ef5c79cf8:c1802]
2019-08-21 02:17:17,491 | INFO  | DNAudit | user=null | ip=null | op=WRITE_CHUNK {blockData=conID: 2 locID: 102652565092368857 bcsId: 0} | ret=SUCCESS |  
2019-08-21 02:17:17,491 | INFO  | DNAudit | user=null | ip=null | op=PUT_BLOCK {blockData=[blockId=conID: 2 locID: 102652565092368857 bcsId: 0,size=2097152]} | ret=SUCCESS |  
2019-08-21 02:17:17,491 [grpc-default-executor-4] INFO  client.GrpcClientProtocolClient (GrpcClientProtocolClient.java:onNext(255)) - client-54CC064C3FCE->8224e767-71c1-41fc-a01a-d172d48fd9d8: receive RaftClientReply:client-54CC064C3FCE->8224e767-71c1-41fc-a01a-d172d48fd9d8@group-F6B37CC92441, cid=1297, SUCCESS, logIndex=1804, commits[8224e767-71c1-41fc-a01a-d172d48fd9d8:c1806, 6eae0c21-01aa-4169-956f-5952b26ea7ba:c1802, 8d7dcba1-3b82-4d94-a832-514ef5c79cf8:c1802]
2019-08-21 02:17:17,492 [grpc-default-executor-4] INFO  client.GrpcClientProtocolClient (GrpcClientProtocolClient.java:onNext(255)) - client-54CC064C3FCE->8224e767-71c1-41fc-a01a-d172d48fd9d8: receive RaftClientReply:client-54CC064C3FCE->8224e767-71c1-41fc-a01a-d172d48fd9d8@group-F6B37CC92441, cid=1298, SUCCESS, logIndex=1805, commits[8224e767-71c1-41fc-a01a-d172d48fd9d8:c1806, 6eae0c21-01aa-4169-956f-5952b26ea7ba:c1802, 8d7dcba1-3b82-4d94-a832-514ef5c79cf8:c1802]
2019-08-21 02:17:17,492 [grpc-default-executor-4] INFO  client.GrpcClientProtocolClient (GrpcClientProtocolClient.java:onNext(255)) - client-54CC064C3FCE->8224e767-71c1-41fc-a01a-d172d48fd9d8: receive RaftClientReply:client-54CC064C3FCE->8224e767-71c1-41fc-a01a-d172d48fd9d8@group-F6B37CC92441, cid=1299, SUCCESS, logIndex=1806, commits[8224e767-71c1-41fc-a01a-d172d48fd9d8:c1806, 6eae0c21-01aa-4169-956f-5952b26ea7ba:c1802, 8d7dcba1-3b82-4d94-a832-514ef5c79cf8:c1802]
2019-08-21 02:17:17,507 | INFO  | DNAudit | user=null | ip=null | op=WRITE_CHUNK {blockData=conID: 2 locID: 102652565092368857 bcsId: 0} | ret=SUCCESS |  
2019-08-21 02:17:17,507 | INFO  | DNAudit | user=null | ip=null | op=WRITE_CHUNK {blockData=conID: 2 locID: 102652565092368857 bcsId: 0} | ret=SUCCESS |  
2019-08-21 02:17:17,507 | INFO  | DNAudit | user=null | ip=null | op=PUT_BLOCK {blockData=[blockId=conID: 2 locID: 102652565092368857 bcsId: 0,size=1048576]} | ret=SUCCESS |  
2019-08-21 02:17:17,510 | INFO  | DNAudit | user=null | ip=null | op=WRITE_CHUNK {blockData=conID: 2 locID: 102652565092368857 bcsId: 0} | ret=SUCCESS |  
2019-08-21 02:17:17,510 | INFO  | DNAudit | user=null | ip=null | op=PUT_BLOCK {blockData=[blockId=conID: 2 locID: 102652565092368857 bcsId: 0,size=1048576]} | ret=SUCCESS |  
2019-08-21 02:17:17,511 | INFO  | DNAudit | user=null | ip=null | op=PUT_BLOCK {blockData=[blockId=conID: 2 locID: 102652565092368857 bcsId: 0,size=2097152]} | ret=SUCCESS |  
2019-08-21 02:17:17,511 | INFO  | DNAudit | user=null | ip=null | op=WRITE_CHUNK {blockData=conID: 2 locID: 102652565092368857 bcsId: 0} | ret=SUCCESS |  
2019-08-21 02:17:17,511 | INFO  | DNAudit | user=null | ip=null | op=PUT_BLOCK {blockData=[blockId=conID: 2 locID: 102652565092368857 bcsId: 0,size=2097152]} | ret=SUCCESS |  
2019-08-21 02:17:17,511 [grpc-default-executor-4] INFO  client.GrpcClientProtocolClient (GrpcClientProtocolClient.java:onNext(255)) - client-54CC064C3FCE->8224e767-71c1-41fc-a01a-d172d48fd9d8: receive RaftClientReply:client-54CC064C3FCE->8224e767-71c1-41fc-a01a-d172d48fd9d8@group-F6B37CC92441, cid=1300, SUCCESS, logIndex=0, commits[8224e767-71c1-41fc-a01a-d172d48fd9d8:c1808, 6eae0c21-01aa-4169-956f-5952b26ea7ba:c1804, 8d7dcba1-3b82-4d94-a832-514ef5c79cf8:c1806]
2019-08-21 02:17:17,518 | INFO  | DNAudit | user=null | ip=null | op=WRITE_CHUNK {blockData=conID: 2 locID: 102652565092368857 bcsId: 1806} | ret=SUCCESS |  
2019-08-21 02:17:17,520 | INFO  | DNAudit | user=null | ip=null | op=WRITE_CHUNK {blockData=conID: 2 locID: 102652565092368857 bcsId: 1806} | ret=SUCCESS |  
2019-08-21 02:17:17,520 | INFO  | DNAudit | user=null | ip=null | op=WRITE_CHUNK {blockData=conID: 2 locID: 102652565092368857 bcsId: 1806} | ret=SUCCESS |  
2019-08-21 02:17:17,530 | INFO  | DNAudit | user=null | ip=null | op=WRITE_CHUNK {blockData=conID: 2 locID: 102652565092368857 bcsId: 1806} | ret=SUCCESS |  
2019-08-21 02:17:17,531 | INFO  | DNAudit | user=null | ip=null | op=PUT_BLOCK {blockData=[blockId=conID: 2 locID: 102652565092368857 bcsId: 0,size=3145728]} | ret=SUCCESS |  
2019-08-21 02:17:17,531 [grpc-default-executor-1] INFO  client.GrpcClientProtocolClient (GrpcClientProtocolClient.java:onNext(255)) - client-54CC064C3FCE->8224e767-71c1-41fc-a01a-d172d48fd9d8: receive RaftClientReply:client-54CC064C3FCE->8224e767-71c1-41fc-a01a-d172d48fd9d8@group-F6B37CC92441, cid=1301, SUCCESS, logIndex=1810, commits[8224e767-71c1-41fc-a01a-d172d48fd9d8:c1811, 6eae0c21-01aa-4169-956f-5952b26ea7ba:c1809, 8d7dcba1-3b82-4d94-a832-514ef5c79cf8:c1809]
2019-08-21 02:17:17,531 [grpc-default-executor-1] INFO  client.GrpcClientProtocolClient (GrpcClientProtocolClient.java:onNext(255)) - client-54CC064C3FCE->8224e767-71c1-41fc-a01a-d172d48fd9d8: receive RaftClientReply:client-54CC064C3FCE->8224e767-71c1-41fc-a01a-d172d48fd9d8@group-F6B37CC92441, cid=1302, SUCCESS, logIndex=1811, commits[8224e767-71c1-41fc-a01a-d172d48fd9d8:c1811, 6eae0c21-01aa-4169-956f-5952b26ea7ba:c1809, 8d7dcba1-3b82-4d94-a832-514ef5c79cf8:c1809]
2019-08-21 02:17:17,538 | INFO  | DNAudit | user=null | ip=null | op=WRITE_CHUNK {blockData=conID: 2 locID: 102652565092368857 bcsId: 1811} | ret=SUCCESS |  
2019-08-21 02:17:17,540 | INFO  | DNAudit | user=null | ip=null | op=WRITE_CHUNK {blockData=conID: 2 locID: 102652565092368857 bcsId: 1811} | ret=SUCCESS |  
2019-08-21 02:17:17,540 | INFO  | DNAudit | user=null | ip=null | op=WRITE_CHUNK {blockData=conID: 2 locID: 102652565092368857 bcsId: 1811} | ret=SUCCESS |  
2019-08-21 02:17:17,542 | INFO  | DNAudit | user=null | ip=null | op=WRITE_CHUNK {blockData=conID: 2 locID: 102652565092368857 bcsId: 1806} | ret=SUCCESS |  
2019-08-21 02:17:17,542 | INFO  | DNAudit | user=null | ip=null | op=WRITE_CHUNK {blockData=conID: 2 locID: 102652565092368857 bcsId: 1806} | ret=SUCCESS |  
2019-08-21 02:17:17,542 | INFO  | DNAudit | user=null | ip=null | op=PUT_BLOCK {blockData=[blockId=conID: 2 locID: 102652565092368857 bcsId: 0,size=3145728]} | ret=SUCCESS |  
2019-08-21 02:17:17,542 | INFO  | DNAudit | user=null | ip=null | op=PUT_BLOCK {blockData=[blockId=conID: 2 locID: 102652565092368857 bcsId: 0,size=3145728]} | ret=SUCCESS |  
2019-08-21 02:17:17,545 | INFO  | DNAudit | user=null | ip=null | op=WRITE_CHUNK {blockData=conID: 2 locID: 102652565092368857 bcsId: 1811} | ret=SUCCESS |  
2019-08-21 02:17:17,546 | INFO  | DNAudit | user=null | ip=null | op=PUT_BLOCK {blockData=[blockId=conID: 2 locID: 102652565092368857 bcsId: 0,size=4194304]} | ret=SUCCESS |  
2019-08-21 02:17:17,546 [grpc-default-executor-1] INFO  client.GrpcClientProtocolClient (GrpcClientProtocolClient.java:onNext(255)) - client-54CC064C3FCE->8224e767-71c1-41fc-a01a-d172d48fd9d8: receive RaftClientReply:client-54CC064C3FCE->8224e767-71c1-41fc-a01a-d172d48fd9d8@group-F6B37CC92441, cid=1303, SUCCESS, logIndex=1814, commits[8224e767-71c1-41fc-a01a-d172d48fd9d8:c1815, 6eae0c21-01aa-4169-956f-5952b26ea7ba:c1811, 8d7dcba1-3b82-4d94-a832-514ef5c79cf8:c1811]
2019-08-21 02:17:17,547 [grpc-default-executor-1] INFO  client.GrpcClientProtocolClient (GrpcClientProtocolClient.java:onNext(255)) - client-54CC064C3FCE->8224e767-71c1-41fc-a01a-d172d48fd9d8: receive RaftClientReply:client-54CC064C3FCE->8224e767-71c1-41fc-a01a-d172d48fd9d8@group-F6B37CC92441, cid=1304, SUCCESS, logIndex=1815, commits[8224e767-71c1-41fc-a01a-d172d48fd9d8:c1815, 6eae0c21-01aa-4169-956f-5952b26ea7ba:c1811, 8d7dcba1-3b82-4d94-a832-514ef5c79cf8:c1811]
2019-08-21 02:17:17,557 | INFO  | DNAudit | user=null | ip=null | op=WRITE_CHUNK {blockData=conID: 2 locID: 102652565092368857 bcsId: 1811} | ret=SUCCESS |  
2019-08-21 02:17:17,557 | INFO  | DNAudit | user=null | ip=null | op=WRITE_CHUNK {blockData=conID: 2 locID: 102652565092368857 bcsId: 1811} | ret=SUCCESS |  
2019-08-21 02:17:17,560 | INFO  | DNAudit | user=null | ip=null | op=PUT_BLOCK {blockData=[blockId=conID: 2 locID: 102652565092368857 bcsId: 0,size=4194304]} | ret=SUCCESS |  
2019-08-21 02:17:17,560 | INFO  | DNAudit | user=null | ip=null | op=PUT_BLOCK {blockData=[blockId=conID: 2 locID: 102652565092368857 bcsId: 0,size=4194304]} | ret=SUCCESS |  
2019-08-21 02:17:17,560 [grpc-default-executor-1] INFO  client.GrpcClientProtocolClient (GrpcClientProtocolClient.java:onNext(255)) - client-54CC064C3FCE->8224e767-71c1-41fc-a01a-d172d48fd9d8: receive RaftClientReply:client-54CC064C3FCE->8224e767-71c1-41fc-a01a-d172d48fd9d8@group-F6B37CC92441, cid=1305, SUCCESS, logIndex=0, commits[8224e767-71c1-41fc-a01a-d172d48fd9d8:c1817, 6eae0c21-01aa-4169-956f-5952b26ea7ba:c1815, 8d7dcba1-3b82-4d94-a832-514ef5c79cf8:c1815]
2019-08-21 02:17:17,566 | INFO  | SCMAudit | user=jenkins1000 | ip=192.168.34.10 | op=ALLOCATE_BLOCK {owner=b6f66289-f2a0-4058-b052-0a85e40df67b, size=4194304, type=RATIS, factor=THREE} | ret=SUCCESS |  
2019-08-21 02:17:17,569 | INFO  | OMAudit | user=jenkins1000 | ip=127.0.0.1 | op=ALLOCATE_BLOCK {volume=vol-0-90982, bucket=bucket-0-24269, key=key-0-81262, dataSize=0, replicationType=null, replicationFactor=null, keyLocationInfo=null, clientID=102652564580991378} | ret=SUCCESS |  
2019-08-21 02:17:17,577 | INFO  | DNAudit | user=null | ip=null | op=WRITE_CHUNK {blockData=conID: 3 locID: 102652565098725850 bcsId: 0} | ret=SUCCESS |  
2019-08-21 02:17:17,579 | INFO  | DNAudit | user=null | ip=null | op=WRITE_CHUNK {blockData=conID: 3 locID: 102652565098725850 bcsId: 0} | ret=SUCCESS |  
2019-08-21 02:17:17,579 | INFO  | DNAudit | user=null | ip=null | op=WRITE_CHUNK {blockData=conID: 3 locID: 102652565098725850 bcsId: 0} | ret=SUCCESS |  
2019-08-21 02:17:17,579 | INFO  | DNAudit | user=null | ip=null | op=WRITE_CHUNK {blockData=conID: 3 locID: 102652565098725850 bcsId: 0} | ret=SUCCESS |  
2019-08-21 02:17:17,580 | INFO  | DNAudit | user=null | ip=null | op=WRITE_CHUNK {blockData=conID: 3 locID: 102652565098725850 bcsId: 0} | ret=SUCCESS |  
2019-08-21 02:17:17,580 | INFO  | DNAudit | user=null | ip=null | op=WRITE_CHUNK {blockData=conID: 3 locID: 102652565098725850 bcsId: 0} | ret=SUCCESS |  
2019-08-21 02:17:17,593 | INFO  | DNAudit | user=null | ip=null | op=WRITE_CHUNK {blockData=conID: 3 locID: 102652565098725850 bcsId: 0} | ret=SUCCESS |  
2019-08-21 02:17:17,593 | INFO  | DNAudit | user=null | ip=null | op=PUT_BLOCK {blockData=[blockId=conID: 3 locID: 102652565098725850 bcsId: 0,size=1048576]} | ret=SUCCESS |  
2019-08-21 02:17:17,593 [grpc-default-executor-2] INFO  client.GrpcClientProtocolClient (GrpcClientProtocolClient.java:onNext(255)) - client-54CC064C3FCE->8224e767-71c1-41fc-a01a-d172d48fd9d8: receive RaftClientReply:client-54CC064C3FCE->8224e767-71c1-41fc-a01a-d172d48fd9d8@group-F6B37CC92441, cid=1306, SUCCESS, logIndex=1818, commits[8224e767-71c1-41fc-a01a-d172d48fd9d8:c1821, 6eae0c21-01aa-4169-956f-5952b26ea7ba:c1817, 8d7dcba1-3b82-4d94-a832-514ef5c79cf8:c1817]
2019-08-21 02:17:17,594 | INFO  | DNAudit | user=null | ip=null | op=WRITE_CHUNK {blockData=conID: 3 locID: 102652565098725850 bcsId: 0} | ret=SUCCESS |  
2019-08-21 02:17:17,594 | INFO  | DNAudit | user=null | ip=null | op=PUT_BLOCK {blockData=[blockId=conID: 3 locID: 102652565098725850 bcsId: 0,size=2097152]} | ret=SUCCESS |  
2019-08-21 02:17:17,594 [grpc-default-executor-2] INFO  client.GrpcClientProtocolClient (GrpcClientProtocolClient.java:onNext(255)) - client-54CC064C3FCE->8224e767-71c1-41fc-a01a-d172d48fd9d8: receive RaftClientReply:client-54CC064C3FCE->8224e767-71c1-41fc-a01a-d172d48fd9d8@group-F6B37CC92441, cid=1307, SUCCESS, logIndex=1819, commits[8224e767-71c1-41fc-a01a-d172d48fd9d8:c1821, 6eae0c21-01aa-4169-956f-5952b26ea7ba:c1817, 8d7dcba1-3b82-4d94-a832-514ef5c79cf8:c1817]
2019-08-21 02:17:17,594 [grpc-default-executor-2] INFO  client.GrpcClientProtocolClient (GrpcClientProtocolClient.java:onNext(255)) - client-54CC064C3FCE->8224e767-71c1-41fc-a01a-d172d48fd9d8: receive RaftClientReply:client-54CC064C3FCE->8224e767-71c1-41fc-a01a-d172d48fd9d8@group-F6B37CC92441, cid=1308, SUCCESS, logIndex=1820, commits[8224e767-71c1-41fc-a01a-d172d48fd9d8:c1821, 6eae0c21-01aa-4169-956f-5952b26ea7ba:c1817, 8d7dcba1-3b82-4d94-a832-514ef5c79cf8:c1817]
2019-08-21 02:17:17,594 [grpc-default-executor-2] INFO  client.GrpcClientProtocolClient (GrpcClientProtocolClient.java:onNext(255)) - client-54CC064C3FCE->8224e767-71c1-41fc-a01a-d172d48fd9d8: receive RaftClientReply:client-54CC064C3FCE->8224e767-71c1-41fc-a01a-d172d48fd9d8@group-F6B37CC92441, cid=1309, SUCCESS, logIndex=1821, commits[8224e767-71c1-41fc-a01a-d172d48fd9d8:c1821, 6eae0c21-01aa-4169-956f-5952b26ea7ba:c1817, 8d7dcba1-3b82-4d94-a832-514ef5c79cf8:c1817]
2019-08-21 02:17:17,606 | INFO  | DNAudit | user=null | ip=null | op=WRITE_CHUNK {blockData=conID: 3 locID: 102652565098725850 bcsId: 0} | ret=SUCCESS |  
2019-08-21 02:17:17,606 | INFO  | DNAudit | user=null | ip=null | op=PUT_BLOCK {blockData=[blockId=conID: 3 locID: 102652565098725850 bcsId: 0,size=1048576]} | ret=SUCCESS |  
2019-08-21 02:17:17,606 | INFO  | DNAudit | user=null | ip=null | op=WRITE_CHUNK {blockData=conID: 3 locID: 102652565098725850 bcsId: 0} | ret=SUCCESS |  
2019-08-21 02:17:17,606 | INFO  | DNAudit | user=null | ip=null | op=PUT_BLOCK {blockData=[blockId=conID: 3 locID: 102652565098725850 bcsId: 0,size=1048576]} | ret=SUCCESS |  
2019-08-21 02:17:17,607 [grpc-default-executor-2] INFO  client.GrpcClientProtocolClient (GrpcClientProtocolClient.java:onNext(255)) - client-54CC064C3FCE->8224e767-71c1-41fc-a01a-d172d48fd9d8: receive RaftClientReply:client-54CC064C3FCE->8224e767-71c1-41fc-a01a-d172d48fd9d8@group-F6B37CC92441, cid=1310, SUCCESS, logIndex=0, commits[8224e767-71c1-41fc-a01a-d172d48fd9d8:c1822, 6eae0c21-01aa-4169-956f-5952b26ea7ba:c1819, 8d7dcba1-3b82-4d94-a832-514ef5c79cf8:c1819]
2019-08-21 02:17:17,615 | INFO  | DNAudit | user=null | ip=null | op=WRITE_CHUNK {blockData=conID: 3 locID: 102652565098725850 bcsId: 1821} | ret=SUCCESS |  
2019-08-21 02:17:17,617 | INFO  | DNAudit | user=null | ip=null | op=WRITE_CHUNK {blockData=conID: 3 locID: 102652565098725850 bcsId: 1821} | ret=SUCCESS |  
2019-08-21 02:17:17,618 | INFO  | DNAudit | user=null | ip=null | op=WRITE_CHUNK {blockData=conID: 3 locID: 102652565098725850 bcsId: 1821} | ret=SUCCESS |  
2019-08-21 02:17:17,619 | INFO  | DNAudit | user=null | ip=null | op=WRITE_CHUNK {blockData=conID: 3 locID: 102652565098725850 bcsId: 0} | ret=SUCCESS |  
2019-08-21 02:17:17,619 | INFO  | DNAudit | user=null | ip=null | op=WRITE_CHUNK {blockData=conID: 3 locID: 102652565098725850 bcsId: 0} | ret=SUCCESS |  
2019-08-21 02:17:17,619 | INFO  | DNAudit | user=null | ip=null | op=PUT_BLOCK {blockData=[blockId=conID: 3 locID: 102652565098725850 bcsId: 0,size=2097152]} | ret=SUCCESS |  
2019-08-21 02:17:17,619 | INFO  | DNAudit | user=null | ip=null | op=PUT_BLOCK {blockData=[blockId=conID: 3 locID: 102652565098725850 bcsId: 0,size=2097152]} | ret=SUCCESS |  
2019-08-21 02:17:17,631 | INFO  | SCMAudit | user=jenkins1000 | ip=192.168.34.10 | op=SEND_HEARTBEAT {datanodeUUID=3def7c30-cb13-4f41-8119-6188f246ad27, command=[]} | ret=SUCCESS |  
2019-08-21 02:17:17,632 | INFO  | DNAudit | user=null | ip=null | op=WRITE_CHUNK {blockData=conID: 3 locID: 102652565098725850 bcsId: 1821} | ret=SUCCESS |  
2019-08-21 02:17:17,632 | INFO  | SCMAudit | user=jenkins1000 | ip=192.168.34.10 | op=SEND_HEARTBEAT {datanodeUUID=94764dae-819c-4b7e-92f1-9cd6c64427b7, command=[]} | ret=SUCCESS |  
2019-08-21 02:17:17,633 | INFO  | DNAudit | user=null | ip=null | op=PUT_BLOCK {blockData=[blockId=conID: 3 locID: 102652565098725850 bcsId: 0,size=3145728]} | ret=SUCCESS |  
2019-08-21 02:17:17,633 [grpc-default-executor-2] INFO  client.GrpcClientProtocolClient (GrpcClientProtocolClient.java:onNext(255)) - client-54CC064C3FCE->8224e767-71c1-41fc-a01a-d172d48fd9d8: receive RaftClientReply:client-54CC064C3FCE->8224e767-71c1-41fc-a01a-d172d48fd9d8@group-F6B37CC92441, cid=1311, SUCCESS, logIndex=1826, commits[8224e767-71c1-41fc-a01a-d172d48fd9d8:c1827, 6eae0c21-01aa-4169-956f-5952b26ea7ba:c1822, 8d7dcba1-3b82-4d94-a832-514ef5c79cf8:c1822]
2019-08-21 02:17:17,633 [grpc-default-executor-2] INFO  client.GrpcClientProtocolClient (GrpcClientProtocolClient.java:onNext(255)) - client-54CC064C3FCE->8224e767-71c1-41fc-a01a-d172d48fd9d8: receive RaftClientReply:client-54CC064C3FCE->8224e767-71c1-41fc-a01a-d172d48fd9d8@group-F6B37CC92441, cid=1312, SUCCESS, logIndex=1827, commits[8224e767-71c1-41fc-a01a-d172d48fd9d8:c1827, 6eae0c21-01aa-4169-956f-5952b26ea7ba:c1822, 8d7dcba1-3b82-4d94-a832-514ef5c79cf8:c1822]
2019-08-21 02:17:17,641 | INFO  | DNAudit | user=null | ip=null | op=WRITE_CHUNK {blockData=conID: 3 locID: 102652565098725850 bcsId: 1827} | ret=SUCCESS |  
2019-08-21 02:17:17,644 | INFO  | DNAudit | user=null | ip=null | op=WRITE_CHUNK {blockData=conID: 3 locID: 102652565098725850 bcsId: 1827} | ret=SUCCESS |  
2019-08-21 02:17:17,644 | INFO  | DNAudit | user=null | ip=null | op=WRITE_CHUNK {blockData=conID: 3 locID: 102652565098725850 bcsId: 1827} | ret=SUCCESS |  
2019-08-21 02:17:17,645 | INFO  | DNAudit | user=null | ip=null | op=WRITE_CHUNK {blockData=conID: 3 locID: 102652565098725850 bcsId: 1821} | ret=SUCCESS |  
2019-08-21 02:17:17,646 | INFO  | DNAudit | user=null | ip=null | op=WRITE_CHUNK {blockData=conID: 3 locID: 102652565098725850 bcsId: 1821} | ret=SUCCESS |  
2019-08-21 02:17:17,646 | INFO  | DNAudit | user=null | ip=null | op=PUT_BLOCK {blockData=[blockId=conID: 3 locID: 102652565098725850 bcsId: 0,size=3145728]} | ret=SUCCESS |  
2019-08-21 02:17:17,646 | INFO  | DNAudit | user=null | ip=null | op=PUT_BLOCK {blockData=[blockId=conID: 3 locID: 102652565098725850 bcsId: 0,size=3145728]} | ret=SUCCESS |  
 0.00% |█                                                                                                    |  0/1 Time: 0:00:082019-08-21 02:17:17,658 | INFO  | DNAudit | user=null | ip=null | op=WRITE_CHUNK {blockData=conID: 3 locID: 102652565098725850 bcsId: 1827} | ret=SUCCESS |  
2019-08-21 02:17:17,658 | INFO  | DNAudit | user=null | ip=null | op=PUT_BLOCK {blockData=[blockId=conID: 3 locID: 102652565098725850 bcsId: 0,size=4194304]} | ret=SUCCESS |  
2019-08-21 02:17:17,659 [grpc-default-executor-4] INFO  client.GrpcClientProtocolClient (GrpcClientProtocolClient.java:onNext(255)) - client-54CC064C3FCE->8224e767-71c1-41fc-a01a-d172d48fd9d8: receive RaftClientReply:client-54CC064C3FCE->8224e767-71c1-41fc-a01a-d172d48fd9d8@group-F6B37CC92441, cid=1313, SUCCESS, logIndex=1830, commits[8224e767-71c1-41fc-a01a-d172d48fd9d8:c1831, 6eae0c21-01aa-4169-956f-5952b26ea7ba:c1827, 8d7dcba1-3b82-4d94-a832-514ef5c79cf8:c1827]
2019-08-21 02:17:17,659 [grpc-default-executor-4] INFO  client.GrpcClientProtocolClient (GrpcClientProtocolClient.java:onNext(255)) - client-54CC064C3FCE->8224e767-71c1-41fc-a01a-d172d48fd9d8: receive RaftClientReply:client-54CC064C3FCE->8224e767-71c1-41fc-a01a-d172d48fd9d8@group-F6B37CC92441, cid=1314, SUCCESS, logIndex=1831, commits[8224e767-71c1-41fc-a01a-d172d48fd9d8:c1831, 6eae0c21-01aa-4169-956f-5952b26ea7ba:c1827, 8d7dcba1-3b82-4d94-a832-514ef5c79cf8:c1827]
2019-08-21 02:17:17,671 | INFO  | DNAudit | user=null | ip=null | op=WRITE_CHUNK {blockData=conID: 3 locID: 102652565098725850 bcsId: 1827} | ret=SUCCESS |  
2019-08-21 02:17:17,671 | INFO  | DNAudit | user=null | ip=null | op=WRITE_CHUNK {blockData=conID: 3 locID: 102652565098725850 bcsId: 1827} | ret=SUCCESS |  
2019-08-21 02:17:17,674 | INFO  | DNAudit | user=null | ip=null | op=PUT_BLOCK {blockData=[blockId=conID: 3 locID: 102652565098725850 bcsId: 0,size=4194304]} | ret=SUCCESS |  
2019-08-21 02:17:17,675 | INFO  | DNAudit | user=null | ip=null | op=PUT_BLOCK {blockData=[blockId=conID: 3 locID: 102652565098725850 bcsId: 0,size=4194304]} | ret=SUCCESS |  
2019-08-21 02:17:17,675 [grpc-default-executor-4] INFO  client.GrpcClientProtocolClient (GrpcClientProtocolClient.java:onNext(255)) - client-54CC064C3FCE->8224e767-71c1-41fc-a01a-d172d48fd9d8: receive RaftClientReply:client-54CC064C3FCE->8224e767-71c1-41fc-a01a-d172d48fd9d8@group-F6B37CC92441, cid=1315, SUCCESS, logIndex=0, commits[8224e767-71c1-41fc-a01a-d172d48fd9d8:c1833, 6eae0c21-01aa-4169-956f-5952b26ea7ba:c1831, 8d7dcba1-3b82-4d94-a832-514ef5c79cf8:c1831]
2019-08-21 02:17:17,680 | INFO  | SCMAudit | user=jenkins1000 | ip=192.168.34.10 | op=ALLOCATE_BLOCK {owner=b6f66289-f2a0-4058-b052-0a85e40df67b, size=4194304, type=RATIS, factor=THREE} | ret=SUCCESS |  
2019-08-21 02:17:17,683 | INFO  | OMAudit | user=jenkins1000 | ip=127.0.0.1 | op=ALLOCATE_BLOCK {volume=vol-0-90982, bucket=bucket-0-24269, key=key-0-81262, dataSize=0, replicationType=null, replicationFactor=null, keyLocationInfo=null, clientID=102652564580991378} | ret=SUCCESS |  
2019-08-21 02:17:17,691 | INFO  | DNAudit | user=null | ip=null | op=WRITE_CHUNK {blockData=conID: 1 locID: 102652565106196955 bcsId: 0} | ret=SUCCESS |  
2019-08-21 02:17:17,694 | INFO  | DNAudit | user=null | ip=null | op=WRITE_CHUNK {blockData=conID: 1 locID: 102652565106196955 bcsId: 0} | ret=SUCCESS |  
2019-08-21 02:17:17,694 | INFO  | DNAudit | user=null | ip=null | op=WRITE_CHUNK {blockData=conID: 1 locID: 102652565106196955 bcsId: 0} | ret=SUCCESS |  
2019-08-21 02:17:17,694 | INFO  | DNAudit | user=null | ip=null | op=WRITE_CHUNK {blockData=conID: 1 locID: 102652565106196955 bcsId: 0} | ret=SUCCESS |  
2019-08-21 02:17:17,696 | INFO  | DNAudit | user=null | ip=null | op=WRITE_CHUNK {blockData=conID: 1 locID: 102652565106196955 bcsId: 0} | ret=SUCCESS |  
2019-08-21 02:17:17,696 | INFO  | DNAudit | user=null | ip=null | op=WRITE_CHUNK {blockData=conID: 1 locID: 102652565106196955 bcsId: 0} | ret=SUCCESS |  
2019-08-21 02:17:17,698 | INFO  | DNAudit | user=null | ip=null | op=WRITE_CHUNK {blockData=conID: 1 locID: 102652565106196955 bcsId: 0} | ret=SUCCESS |  
2019-08-21 02:17:17,699 | INFO  | DNAudit | user=null | ip=null | op=PUT_BLOCK {blockData=[blockId=conID: 1 locID: 102652565106196955 bcsId: 0,size=1048576]} | ret=SUCCESS |  
2019-08-21 02:17:17,699 | INFO  | DNAudit | user=null | ip=null | op=WRITE_CHUNK {blockData=conID: 1 locID: 102652565106196955 bcsId: 0} | ret=SUCCESS |  
2019-08-21 02:17:17,699 [grpc-default-executor-0] INFO  client.GrpcClientProtocolClient (GrpcClientProtocolClient.java:onNext(255)) - client-54CC064C3FCE->8224e767-71c1-41fc-a01a-d172d48fd9d8: receive RaftClientReply:client-54CC064C3FCE->8224e767-71c1-41fc-a01a-d172d48fd9d8@group-F6B37CC92441, cid=1316, SUCCESS, logIndex=1834, commits[8224e767-71c1-41fc-a01a-d172d48fd9d8:c1837, 6eae0c21-01aa-4169-956f-5952b26ea7ba:c1833, 8d7dcba1-3b82-4d94-a832-514ef5c79cf8:c1831]
2019-08-21 02:17:17,700 | INFO  | DNAudit | user=null | ip=null | op=PUT_BLOCK {blockData=[blockId=conID: 1 locID: 102652565106196955 bcsId: 0,size=2097152]} | ret=SUCCESS |  
2019-08-21 02:17:17,701 [grpc-default-executor-0] INFO  client.GrpcClientProtocolClient (GrpcClientProtocolClient.java:onNext(255)) - client-54CC064C3FCE->8224e767-71c1-41fc-a01a-d172d48fd9d8: receive RaftClientReply:client-54CC064C3FCE->8224e767-71c1-41fc-a01a-d172d48fd9d8@group-F6B37CC92441, cid=1317, SUCCESS, logIndex=1835, commits[8224e767-71c1-41fc-a01a-d172d48fd9d8:c1837, 6eae0c21-01aa-4169-956f-5952b26ea7ba:c1833, 8d7dcba1-3b82-4d94-a832-514ef5c79cf8:c1833]
2019-08-21 02:17:17,701 | INFO  | DNAudit | user=null | ip=null | op=WRITE_CHUNK {blockData=conID: 1 locID: 102652565106196955 bcsId: 0} | ret=SUCCESS |  
2019-08-21 02:17:17,701 [grpc-default-executor-0] INFO  client.GrpcClientProtocolClient (GrpcClientProtocolClient.java:onNext(255)) - client-54CC064C3FCE->8224e767-71c1-41fc-a01a-d172d48fd9d8: receive RaftClientReply:client-54CC064C3FCE->8224e767-71c1-41fc-a01a-d172d48fd9d8@group-F6B37CC92441, cid=1318, SUCCESS, logIndex=1836, commits[8224e767-71c1-41fc-a01a-d172d48fd9d8:c1837, 6eae0c21-01aa-4169-956f-5952b26ea7ba:c1833, 8d7dcba1-3b82-4d94-a832-514ef5c79cf8:c1833]
2019-08-21 02:17:17,702 [grpc-default-executor-0] INFO  client.GrpcClientProtocolClient (GrpcClientProtocolClient.java:onNext(255)) - client-54CC064C3FCE->8224e767-71c1-41fc-a01a-d172d48fd9d8: receive RaftClientReply:client-54CC064C3FCE->8224e767-71c1-41fc-a01a-d172d48fd9d8@group-F6B37CC92441, cid=1319, SUCCESS, logIndex=1837, commits[8224e767-71c1-41fc-a01a-d172d48fd9d8:c1837, 6eae0c21-01aa-4169-956f-5952b26ea7ba:c1833, 8d7dcba1-3b82-4d94-a832-514ef5c79cf8:c1833]
2019-08-21 02:17:17,703 | INFO  | DNAudit | user=null | ip=null | op=WRITE_CHUNK {blockData=conID: 1 locID: 102652565106196955 bcsId: 0} | ret=SUCCESS |  
2019-08-21 02:17:17,705 | INFO  | DNAudit | user=null | ip=null | op=PUT_BLOCK {blockData=[blockId=conID: 1 locID: 102652565106196955 bcsId: 0,size=1048576]} | ret=SUCCESS |  
2019-08-21 02:17:17,705 | INFO  | DNAudit | user=null | ip=null | op=PUT_BLOCK {blockData=[blockId=conID: 1 locID: 102652565106196955 bcsId: 0,size=1048576]} | ret=SUCCESS |  
2019-08-21 02:17:17,705 | INFO  | DNAudit | user=null | ip=null | op=WRITE_CHUNK {blockData=conID: 1 locID: 102652565106196955 bcsId: 0} | ret=SUCCESS |  
2019-08-21 02:17:17,705 | INFO  | DNAudit | user=null | ip=null | op=WRITE_CHUNK {blockData=conID: 1 locID: 102652565106196955 bcsId: 0} | ret=SUCCESS |  
2019-08-21 02:17:17,705 | INFO  | DNAudit | user=null | ip=null | op=PUT_BLOCK {blockData=[blockId=conID: 1 locID: 102652565106196955 bcsId: 0,size=2097152]} | ret=SUCCESS |  
2019-08-21 02:17:17,705 [grpc-default-executor-0] INFO  client.GrpcClientProtocolClient (GrpcClientProtocolClient.java:onNext(255)) - client-54CC064C3FCE->8224e767-71c1-41fc-a01a-d172d48fd9d8: receive RaftClientReply:client-54CC064C3FCE->8224e767-71c1-41fc-a01a-d172d48fd9d8@group-F6B37CC92441, cid=1320, SUCCESS, logIndex=0, commits[8224e767-71c1-41fc-a01a-d172d48fd9d8:c1839, 6eae0c21-01aa-4169-956f-5952b26ea7ba:c1836, 8d7dcba1-3b82-4d94-a832-514ef5c79cf8:c1836]
2019-08-21 02:17:17,705 | INFO  | DNAudit | user=null | ip=null | op=PUT_BLOCK {blockData=[blockId=conID: 1 locID: 102652565106196955 bcsId: 0,size=2097152]} | ret=SUCCESS |  
2019-08-21 02:17:17,713 | INFO  | DNAudit | user=null | ip=null | op=WRITE_CHUNK {blockData=conID: 1 locID: 102652565106196955 bcsId: 1837} | ret=SUCCESS |  
2019-08-21 02:17:17,716 | INFO  | DNAudit | user=null | ip=null | op=WRITE_CHUNK {blockData=conID: 1 locID: 102652565106196955 bcsId: 1837} | ret=SUCCESS |  
2019-08-21 02:17:17,716 | INFO  | DNAudit | user=null | ip=null | op=WRITE_CHUNK {blockData=conID: 1 locID: 102652565106196955 bcsId: 1837} | ret=SUCCESS |  
2019-08-21 02:17:17,718 | INFO  | DNAudit | user=null | ip=null | op=WRITE_CHUNK {blockData=conID: 1 locID: 102652565106196955 bcsId: 1837} | ret=SUCCESS |  
2019-08-21 02:17:17,719 | INFO  | DNAudit | user=null | ip=null | op=PUT_BLOCK {blockData=[blockId=conID: 1 locID: 102652565106196955 bcsId: 0,size=3145728]} | ret=SUCCESS |  
2019-08-21 02:17:17,719 [grpc-default-executor-2] INFO  client.GrpcClientProtocolClient (GrpcClientProtocolClient.java:onNext(255)) - client-54CC064C3FCE->8224e767-71c1-41fc-a01a-d172d48fd9d8: receive RaftClientReply:client-54CC064C3FCE->8224e767-71c1-41fc-a01a-d172d48fd9d8@group-F6B37CC92441, cid=1321, SUCCESS, logIndex=1841, commits[8224e767-71c1-41fc-a01a-d172d48fd9d8:c1842, 6eae0c21-01aa-4169-956f-5952b26ea7ba:c1840, 8d7dcba1-3b82-4d94-a832-514ef5c79cf8:c1840]
2019-08-21 02:17:17,719 [grpc-default-executor-2] INFO  client.GrpcClientProtocolClient (GrpcClientProtocolClient.java:onNext(255)) - client-54CC064C3FCE->8224e767-71c1-41fc-a01a-d172d48fd9d8: receive RaftClientReply:client-54CC064C3FCE->8224e767-71c1-41fc-a01a-d172d48fd9d8@group-F6B37CC92441, cid=1322, SUCCESS, logIndex=1842, commits[8224e767-71c1-41fc-a01a-d172d48fd9d8:c1842, 6eae0c21-01aa-4169-956f-5952b26ea7ba:c1840, 8d7dcba1-3b82-4d94-a832-514ef5c79cf8:c1840]
2019-08-21 02:17:17,722 | INFO  | DNAudit | user=null | ip=null | op=WRITE_CHUNK {blockData=conID: 1 locID: 102652565106196955 bcsId: 1837} | ret=SUCCESS |  
2019-08-21 02:17:17,724 | INFO  | DNAudit | user=null | ip=null | op=WRITE_CHUNK {blockData=conID: 1 locID: 102652565106196955 bcsId: 1837} | ret=SUCCESS |  
2019-08-21 02:17:17,724 | INFO  | DNAudit | user=null | ip=null | op=PUT_BLOCK {blockData=[blockId=conID: 1 locID: 102652565106196955 bcsId: 0,size=3145728]} | ret=SUCCESS |  
2019-08-21 02:17:17,725 | INFO  | DNAudit | user=null | ip=null | op=PUT_BLOCK {blockData=[blockId=conID: 1 locID: 102652565106196955 bcsId: 0,size=3145728]} | ret=SUCCESS |  
2019-08-21 02:17:17,726 | INFO  | DNAudit | user=null | ip=null | op=WRITE_CHUNK {blockData=conID: 1 locID: 102652565106196955 bcsId: 1842} | ret=SUCCESS |  
2019-08-21 02:17:17,829 | INFO  | DNAudit | user=null | ip=null | op=WRITE_CHUNK {blockData=conID: 1 locID: 102652565106196955 bcsId: 1842} | ret=SUCCESS |  
2019-08-21 02:17:17,829 | INFO  | DNAudit | user=null | ip=null | op=WRITE_CHUNK {blockData=conID: 1 locID: 102652565106196955 bcsId: 1842} | ret=SUCCESS |  
2019-08-21 02:17:17,841 | INFO  | DNAudit | user=null | ip=null | op=WRITE_CHUNK {blockData=conID: 1 locID: 102652565106196955 bcsId: 1842} | ret=SUCCESS |  
2019-08-21 02:17:17,842 | INFO  | DNAudit | user=null | ip=null | op=PUT_BLOCK {blockData=[blockId=conID: 1 locID: 102652565106196955 bcsId: 0,size=4194304]} | ret=SUCCESS |  
2019-08-21 02:17:17,842 [grpc-default-executor-1] INFO  client.GrpcClientProtocolClient (GrpcClientProtocolClient.java:onNext(255)) - client-54CC064C3FCE->8224e767-71c1-41fc-a01a-d172d48fd9d8: receive RaftClientReply:client-54CC064C3FCE->8224e767-71c1-41fc-a01a-d172d48fd9d8@group-F6B37CC92441, cid=1323, SUCCESS, logIndex=1845, commits[8224e767-71c1-41fc-a01a-d172d48fd9d8:c1846, 6eae0c21-01aa-4169-956f-5952b26ea7ba:c1843, 8d7dcba1-3b82-4d94-a832-514ef5c79cf8:c1843]
2019-08-21 02:17:17,842 [grpc-default-executor-1] INFO  client.GrpcClientProtocolClient (GrpcClientProtocolClient.java:onNext(255)) - client-54CC064C3FCE->8224e767-71c1-41fc-a01a-d172d48fd9d8: receive RaftClientReply:client-54CC064C3FCE->8224e767-71c1-41fc-a01a-d172d48fd9d8@group-F6B37CC92441, cid=1324, SUCCESS, logIndex=1846, commits[8224e767-71c1-41fc-a01a-d172d48fd9d8:c1846, 6eae0c21-01aa-4169-956f-5952b26ea7ba:c1843, 8d7dcba1-3b82-4d94-a832-514ef5c79cf8:c1843]
2019-08-21 02:17:17,852 | INFO  | DNAudit | user=null | ip=null | op=WRITE_CHUNK {blockData=conID: 1 locID: 102652565106196955 bcsId: 1842} | ret=SUCCESS |  
2019-08-21 02:17:17,853 | INFO  | DNAudit | user=null | ip=null | op=WRITE_CHUNK {blockData=conID: 1 locID: 102652565106196955 bcsId: 1842} | ret=SUCCESS |  
2019-08-21 02:17:17,853 | INFO  | DNAudit | user=null | ip=null | op=PUT_BLOCK {blockData=[blockId=conID: 1 locID: 102652565106196955 bcsId: 0,size=4194304]} | ret=SUCCESS |  
2019-08-21 02:17:17,853 | INFO  | DNAudit | user=null | ip=null | op=PUT_BLOCK {blockData=[blockId=conID: 1 locID: 102652565106196955 bcsId: 0,size=4194304]} | ret=SUCCESS |  
2019-08-21 02:17:17,853 [grpc-default-executor-1] INFO  client.GrpcClientProtocolClient (GrpcClientProtocolClient.java:onNext(255)) - client-54CC064C3FCE->8224e767-71c1-41fc-a01a-d172d48fd9d8: receive RaftClientReply:client-54CC064C3FCE->8224e767-71c1-41fc-a01a-d172d48fd9d8@group-F6B37CC92441, cid=1325, SUCCESS, logIndex=0, commits[8224e767-71c1-41fc-a01a-d172d48fd9d8:c1847, 6eae0c21-01aa-4169-956f-5952b26ea7ba:c1846, 8d7dcba1-3b82-4d94-a832-514ef5c79cf8:c1846]
2019-08-21 02:17:17,858 | INFO  | SCMAudit | user=jenkins1000 | ip=192.168.34.10 | op=ALLOCATE_BLOCK {owner=b6f66289-f2a0-4058-b052-0a85e40df67b, size=4194304, type=RATIS, factor=THREE} | ret=SUCCESS |  
2019-08-21 02:17:17,860 | INFO  | OMAudit | user=jenkins1000 | ip=127.0.0.1 | op=ALLOCATE_BLOCK {volume=vol-0-90982, bucket=bucket-0-24269, key=key-0-81262, dataSize=0, replicationType=null, replicationFactor=null, keyLocationInfo=null, clientID=102652564580991378} | ret=SUCCESS |  
2019-08-21 02:17:17,868 | INFO  | DNAudit | user=null | ip=null | op=WRITE_CHUNK {blockData=conID: 2 locID: 102652565117862364 bcsId: 0} | ret=SUCCESS |  
2019-08-21 02:17:17,870 | INFO  | DNAudit | user=null | ip=null | op=WRITE_CHUNK {blockData=conID: 2 locID: 102652565117862364 bcsId: 0} | ret=SUCCESS |  
2019-08-21 02:17:17,871 | INFO  | DNAudit | user=null | ip=null | op=WRITE_CHUNK {blockData=conID: 2 locID: 102652565117862364 bcsId: 0} | ret=SUCCESS |  
2019-08-21 02:17:17,871 | INFO  | DNAudit | user=null | ip=null | op=WRITE_CHUNK {blockData=conID: 2 locID: 102652565117862364 bcsId: 0} | ret=SUCCESS |  
2019-08-21 02:17:17,873 | INFO  | DNAudit | user=null | ip=null | op=WRITE_CHUNK {blockData=conID: 2 locID: 102652565117862364 bcsId: 0} | ret=SUCCESS |  
2019-08-21 02:17:17,874 | INFO  | DNAudit | user=null | ip=null | op=WRITE_CHUNK {blockData=conID: 2 locID: 102652565117862364 bcsId: 0} | ret=SUCCESS |  
2019-08-21 02:17:17,882 | INFO  | DNAudit | user=null | ip=null | op=WRITE_CHUNK {blockData=conID: 2 locID: 102652565117862364 bcsId: 0} | ret=SUCCESS |  
2019-08-21 02:17:17,883 | INFO  | DNAudit | user=null | ip=null | op=PUT_BLOCK {blockData=[blockId=conID: 2 locID: 102652565117862364 bcsId: 0,size=1048576]} | ret=SUCCESS |  
2019-08-21 02:17:17,883 [grpc-default-executor-0] INFO  client.GrpcClientProtocolClient (GrpcClientProtocolClient.java:onNext(255)) - client-54CC064C3FCE->8224e767-71c1-41fc-a01a-d172d48fd9d8: receive RaftClientReply:client-54CC064C3FCE->8224e767-71c1-41fc-a01a-d172d48fd9d8@group-F6B37CC92441, cid=1326, SUCCESS, logIndex=1849, commits[8224e767-71c1-41fc-a01a-d172d48fd9d8:c1850, 6eae0c21-01aa-4169-956f-5952b26ea7ba:c1848, 8d7dcba1-3b82-4d94-a832-514ef5c79cf8:c1848]
2019-08-21 02:17:17,884 [grpc-default-executor-0] INFO  client.GrpcClientProtocolClient (GrpcClientProtocolClient.java:onNext(255)) - client-54CC064C3FCE->8224e767-71c1-41fc-a01a-d172d48fd9d8: receive RaftClientReply:client-54CC064C3FCE->8224e767-71c1-41fc-a01a-d172d48fd9d8@group-F6B37CC92441, cid=1327, SUCCESS, logIndex=1850, commits[8224e767-71c1-41fc-a01a-d172d48fd9d8:c1850, 6eae0c21-01aa-4169-956f-5952b26ea7ba:c1848, 8d7dcba1-3b82-4d94-a832-514ef5c79cf8:c1848]
2019-08-21 02:17:17,892 | INFO  | DNAudit | user=null | ip=null | op=WRITE_CHUNK {blockData=conID: 2 locID: 102652565117862364 bcsId: 0} | ret=SUCCESS |  
2019-08-21 02:17:17,893 | INFO  | DNAudit | user=null | ip=null | op=PUT_BLOCK {blockData=[blockId=conID: 2 locID: 102652565117862364 bcsId: 0,size=2097152]} | ret=SUCCESS |  
2019-08-21 02:17:17,893 | INFO  | DNAudit | user=null | ip=null | op=WRITE_CHUNK {blockData=conID: 2 locID: 102652565117862364 bcsId: 0} | ret=SUCCESS |  
2019-08-21 02:17:17,893 [grpc-default-executor-0] INFO  client.GrpcClientProtocolClient (GrpcClientProtocolClient.java:onNext(255)) - client-54CC064C3FCE->8224e767-71c1-41fc-a01a-d172d48fd9d8: receive RaftClientReply:client-54CC064C3FCE->8224e767-71c1-41fc-a01a-d172d48fd9d8@group-F6B37CC92441, cid=1328, SUCCESS, logIndex=1851, commits[8224e767-71c1-41fc-a01a-d172d48fd9d8:c1852, 6eae0c21-01aa-4169-956f-5952b26ea7ba:c1848, 8d7dcba1-3b82-4d94-a832-514ef5c79cf8:c1848]
2019-08-21 02:17:17,893 | INFO  | DNAudit | user=null | ip=null | op=PUT_BLOCK {blockData=[blockId=conID: 2 locID: 102652565117862364 bcsId: 0,size=1048576]} | ret=SUCCESS |  
2019-08-21 02:17:17,893 [grpc-default-executor-0] INFO  client.GrpcClientProtocolClient (GrpcClientProtocolClient.java:onNext(255)) - client-54CC064C3FCE->8224e767-71c1-41fc-a01a-d172d48fd9d8: receive RaftClientReply:client-54CC064C3FCE->8224e767-71c1-41fc-a01a-d172d48fd9d8@group-F6B37CC92441, cid=1329, SUCCESS, logIndex=1852, commits[8224e767-71c1-41fc-a01a-d172d48fd9d8:c1852, 6eae0c21-01aa-4169-956f-5952b26ea7ba:c1850, 8d7dcba1-3b82-4d94-a832-514ef5c79cf8:c1848]
2019-08-21 02:17:17,894 | INFO  | DNAudit | user=null | ip=null | op=WRITE_CHUNK {blockData=conID: 2 locID: 102652565117862364 bcsId: 0} | ret=SUCCESS |  
2019-08-21 02:17:17,894 | INFO  | DNAudit | user=null | ip=null | op=PUT_BLOCK {blockData=[blockId=conID: 2 locID: 102652565117862364 bcsId: 0,size=2097152]} | ret=SUCCESS |  
2019-08-21 02:17:17,897 | INFO  | DNAudit | user=null | ip=null | op=WRITE_CHUNK {blockData=conID: 2 locID: 102652565117862364 bcsId: 0} | ret=SUCCESS |  
2019-08-21 02:17:17,897 | INFO  | DNAudit | user=null | ip=null | op=PUT_BLOCK {blockData=[blockId=conID: 2 locID: 102652565117862364 bcsId: 0,size=1048576]} | ret=SUCCESS |  
2019-08-21 02:17:17,897 | INFO  | DNAudit | user=null | ip=null | op=WRITE_CHUNK {blockData=conID: 2 locID: 102652565117862364 bcsId: 0} | ret=SUCCESS |  
2019-08-21 02:17:17,897 [grpc-default-executor-4] INFO  client.GrpcClientProtocolClient (GrpcClientProtocolClient.java:onNext(255)) - client-54CC064C3FCE->8224e767-71c1-41fc-a01a-d172d48fd9d8: receive RaftClientReply:client-54CC064C3FCE->8224e767-71c1-41fc-a01a-d172d48fd9d8@group-F6B37CC92441, cid=1330, SUCCESS, logIndex=0, commits[8224e767-71c1-41fc-a01a-d172d48fd9d8:c1855, 6eae0c21-01aa-4169-956f-5952b26ea7ba:c1852, 8d7dcba1-3b82-4d94-a832-514ef5c79cf8:c1850]
2019-08-21 02:17:17,897 | INFO  | DNAudit | user=null | ip=null | op=PUT_BLOCK {blockData=[blockId=conID: 2 locID: 102652565117862364 bcsId: 0,size=2097152]} | ret=SUCCESS |  
2019-08-21 02:17:17,905 | INFO  | DNAudit | user=null | ip=null | op=WRITE_CHUNK {blockData=conID: 2 locID: 102652565117862364 bcsId: 1852} | ret=SUCCESS |  
2019-08-21 02:17:17,907 | INFO  | DNAudit | user=null | ip=null | op=WRITE_CHUNK {blockData=conID: 2 locID: 102652565117862364 bcsId: 1852} | ret=SUCCESS |  
2019-08-21 02:17:17,907 | INFO  | DNAudit | user=null | ip=null | op=WRITE_CHUNK {blockData=conID: 2 locID: 102652565117862364 bcsId: 1852} | ret=SUCCESS |  
2019-08-21 02:17:17,918 | INFO  | DNAudit | user=null | ip=null | op=WRITE_CHUNK {blockData=conID: 2 locID: 102652565117862364 bcsId: 1852} | ret=SUCCESS |  
2019-08-21 02:17:17,918 | INFO  | DNAudit | user=null | ip=null | op=PUT_BLOCK {blockData=[blockId=conID: 2 locID: 102652565117862364 bcsId: 0,size=3145728]} | ret=SUCCESS |  
2019-08-21 02:17:17,918 [grpc-default-executor-0] INFO  client.GrpcClientProtocolClient (GrpcClientProtocolClient.java:onNext(255)) - client-54CC064C3FCE->8224e767-71c1-41fc-a01a-d172d48fd9d8: receive RaftClientReply:client-54CC064C3FCE->8224e767-71c1-41fc-a01a-d172d48fd9d8@group-F6B37CC92441, cid=1331, SUCCESS, logIndex=1856, commits[8224e767-71c1-41fc-a01a-d172d48fd9d8:c1857, 6eae0c21-01aa-4169-956f-5952b26ea7ba:c1855, 8d7dcba1-3b82-4d94-a832-514ef5c79cf8:c1855]
2019-08-21 02:17:17,919 [grpc-default-executor-0] INFO  client.GrpcClientProtocolClient (GrpcClientProtocolClient.java:onNext(255)) - client-54CC064C3FCE->8224e767-71c1-41fc-a01a-d172d48fd9d8: receive RaftClientReply:client-54CC064C3FCE->8224e767-71c1-41fc-a01a-d172d48fd9d8@group-F6B37CC92441, cid=1332, SUCCESS, logIndex=1857, commits[8224e767-71c1-41fc-a01a-d172d48fd9d8:c1857, 6eae0c21-01aa-4169-956f-5952b26ea7ba:c1855, 8d7dcba1-3b82-4d94-a832-514ef5c79cf8:c1855]
2019-08-21 02:17:17,926 | INFO  | DNAudit | user=null | ip=null | op=WRITE_CHUNK {blockData=conID: 2 locID: 102652565117862364 bcsId: 1857} | ret=SUCCESS |  
2019-08-21 02:17:17,929 | INFO  | DNAudit | user=null | ip=null | op=WRITE_CHUNK {blockData=conID: 2 locID: 102652565117862364 bcsId: 1852} | ret=SUCCESS |  
2019-08-21 02:17:17,929 | INFO  | DNAudit | user=null | ip=null | op=WRITE_CHUNK {blockData=conID: 2 locID: 102652565117862364 bcsId: 1852} | ret=SUCCESS |  
2019-08-21 02:17:17,929 | INFO  | DNAudit | user=null | ip=null | op=WRITE_CHUNK {blockData=conID: 2 locID: 102652565117862364 bcsId: 1857} | ret=SUCCESS |  
2019-08-21 02:17:17,929 | INFO  | DNAudit | user=null | ip=null | op=WRITE_CHUNK {blockData=conID: 2 locID: 102652565117862364 bcsId: 1857} | ret=SUCCESS |  
2019-08-21 02:17:17,932 | INFO  | DNAudit | user=null | ip=null | op=PUT_BLOCK {blockData=[blockId=conID: 2 locID: 102652565117862364 bcsId: 0,size=3145728]} | ret=SUCCESS |  
2019-08-21 02:17:17,932 | INFO  | DNAudit | user=null | ip=null | op=PUT_BLOCK {blockData=[blockId=conID: 2 locID: 102652565117862364 bcsId: 0,size=3145728]} | ret=SUCCESS |  
2019-08-21 02:17:17,933 | INFO  | DNAudit | user=null | ip=null | op=WRITE_CHUNK {blockData=conID: 2 locID: 102652565117862364 bcsId: 1857} | ret=SUCCESS |  
2019-08-21 02:17:17,933 | INFO  | DNAudit | user=null | ip=null | op=PUT_BLOCK {blockData=[blockId=conID: 2 locID: 102652565117862364 bcsId: 0,size=4194304]} | ret=SUCCESS |  
2019-08-21 02:17:17,934 [grpc-default-executor-0] INFO  client.GrpcClientProtocolClient (GrpcClientProtocolClient.java:onNext(255)) - client-54CC064C3FCE->8224e767-71c1-41fc-a01a-d172d48fd9d8: receive RaftClientReply:client-54CC064C3FCE->8224e767-71c1-41fc-a01a-d172d48fd9d8@group-F6B37CC92441, cid=1333, SUCCESS, logIndex=1860, commits[8224e767-71c1-41fc-a01a-d172d48fd9d8:c1861, 6eae0c21-01aa-4169-956f-5952b26ea7ba:c1857, 8d7dcba1-3b82-4d94-a832-514ef5c79cf8:c1857]
2019-08-21 02:17:17,934 [grpc-default-executor-0] INFO  client.GrpcClientProtocolClient (GrpcClientProtocolClient.java:onNext(255)) - client-54CC064C3FCE->8224e767-71c1-41fc-a01a-d172d48fd9d8: receive RaftClientReply:client-54CC064C3FCE->8224e767-71c1-41fc-a01a-d172d48fd9d8@group-F6B37CC92441, cid=1334, SUCCESS, logIndex=1861, commits[8224e767-71c1-41fc-a01a-d172d48fd9d8:c1861, 6eae0c21-01aa-4169-956f-5952b26ea7ba:c1857, 8d7dcba1-3b82-4d94-a832-514ef5c79cf8:c1857]
2019-08-21 02:17:17,946 | INFO  | DNAudit | user=null | ip=null | op=WRITE_CHUNK {blockData=conID: 2 locID: 102652565117862364 bcsId: 1857} | ret=SUCCESS |  
2019-08-21 02:17:17,946 | INFO  | DNAudit | user=null | ip=null | op=WRITE_CHUNK {blockData=conID: 2 locID: 102652565117862364 bcsId: 1857} | ret=SUCCESS |  
2019-08-21 02:17:17,959 | INFO  | DNAudit | user=null | ip=null | op=PUT_BLOCK {blockData=[blockId=conID: 2 locID: 102652565117862364 bcsId: 0,size=4194304]} | ret=SUCCESS |  
2019-08-21 02:17:17,959 | INFO  | DNAudit | user=null | ip=null | op=PUT_BLOCK {blockData=[blockId=conID: 2 locID: 102652565117862364 bcsId: 0,size=4194304]} | ret=SUCCESS |  
2019-08-21 02:17:17,960 [grpc-default-executor-0] INFO  client.GrpcClientProtocolClient (GrpcClientProtocolClient.java:onNext(255)) - client-54CC064C3FCE->8224e767-71c1-41fc-a01a-d172d48fd9d8: receive RaftClientReply:client-54CC064C3FCE->8224e767-71c1-41fc-a01a-d172d48fd9d8@group-F6B37CC92441, cid=1335, SUCCESS, logIndex=0, commits[8224e767-71c1-41fc-a01a-d172d48fd9d8:c1863, 6eae0c21-01aa-4169-956f-5952b26ea7ba:c1861, 8d7dcba1-3b82-4d94-a832-514ef5c79cf8:c1861]
2019-08-21 02:17:17,964 | INFO  | SCMAudit | user=jenkins1000 | ip=192.168.34.10 | op=ALLOCATE_BLOCK {owner=b6f66289-f2a0-4058-b052-0a85e40df67b, size=4194304, type=RATIS, factor=THREE} | ret=SUCCESS |  
2019-08-21 02:17:17,967 | INFO  | OMAudit | user=jenkins1000 | ip=127.0.0.1 | op=ALLOCATE_BLOCK {volume=vol-0-90982, bucket=bucket-0-24269, key=key-0-81262, dataSize=0, replicationType=null, replicationFactor=null, keyLocationInfo=null, clientID=102652564580991378} | ret=SUCCESS |  
2019-08-21 02:17:17,974 | INFO  | DNAudit | user=null | ip=null | op=WRITE_CHUNK {blockData=conID: 3 locID: 102652565124809181 bcsId: 0} | ret=SUCCESS |  
2019-08-21 02:17:17,977 | INFO  | DNAudit | user=null | ip=null | op=WRITE_CHUNK {blockData=conID: 3 locID: 102652565124809181 bcsId: 0} | ret=SUCCESS |  
2019-08-21 02:17:17,978 | INFO  | DNAudit | user=null | ip=null | op=WRITE_CHUNK {blockData=conID: 3 locID: 102652565124809181 bcsId: 0} | ret=SUCCESS |  
2019-08-21 02:17:17,979 | INFO  | DNAudit | user=null | ip=null | op=WRITE_CHUNK {blockData=conID: 3 locID: 102652565124809181 bcsId: 0} | ret=SUCCESS |  
2019-08-21 02:17:17,979 | INFO  | DNAudit | user=null | ip=null | op=WRITE_CHUNK {blockData=conID: 3 locID: 102652565124809181 bcsId: 0} | ret=SUCCESS |  
2019-08-21 02:17:17,979 | INFO  | DNAudit | user=null | ip=null | op=WRITE_CHUNK {blockData=conID: 3 locID: 102652565124809181 bcsId: 0} | ret=SUCCESS |  
2019-08-21 02:17:17,988 | INFO  | DNAudit | user=null | ip=null | op=WRITE_CHUNK {blockData=conID: 3 locID: 102652565124809181 bcsId: 0} | ret=SUCCESS |  
2019-08-21 02:17:17,988 | INFO  | DNAudit | user=null | ip=null | op=PUT_BLOCK {blockData=[blockId=conID: 3 locID: 102652565124809181 bcsId: 0,size=1048576]} | ret=SUCCESS |  
2019-08-21 02:17:17,989 [grpc-default-executor-2] INFO  client.GrpcClientProtocolClient (GrpcClientProtocolClient.java:onNext(255)) - client-54CC064C3FCE->8224e767-71c1-41fc-a01a-d172d48fd9d8: receive RaftClientReply:client-54CC064C3FCE->8224e767-71c1-41fc-a01a-d172d48fd9d8@group-F6B37CC92441, cid=1336, SUCCESS, logIndex=1864, commits[8224e767-71c1-41fc-a01a-d172d48fd9d8:c1865, 6eae0c21-01aa-4169-956f-5952b26ea7ba:c1863, 8d7dcba1-3b82-4d94-a832-514ef5c79cf8:c1863]
2019-08-21 02:17:17,989 [grpc-default-executor-2] INFO  client.GrpcClientProtocolClient (GrpcClientProtocolClient.java:onNext(255)) - client-54CC064C3FCE->8224e767-71c1-41fc-a01a-d172d48fd9d8: receive RaftClientReply:client-54CC064C3FCE->8224e767-71c1-41fc-a01a-d172d48fd9d8@group-F6B37CC92441, cid=1337, SUCCESS, logIndex=1865, commits[8224e767-71c1-41fc-a01a-d172d48fd9d8:c1865, 6eae0c21-01aa-4169-956f-5952b26ea7ba:c1863, 8d7dcba1-3b82-4d94-a832-514ef5c79cf8:c1863]
2019-08-21 02:17:17,998 | INFO  | DNAudit | user=null | ip=null | op=WRITE_CHUNK {blockData=conID: 3 locID: 102652565124809181 bcsId: 0} | ret=SUCCESS |  
2019-08-21 02:17:17,998 | INFO  | DNAudit | user=null | ip=null | op=PUT_BLOCK {blockData=[blockId=conID: 3 locID: 102652565124809181 bcsId: 0,size=2097152]} | ret=SUCCESS |  
2019-08-21 02:17:17,998 [grpc-default-executor-2] INFO  client.GrpcClientProtocolClient (GrpcClientProtocolClient.java:onNext(255)) - client-54CC064C3FCE->8224e767-71c1-41fc-a01a-d172d48fd9d8: receive RaftClientReply:client-54CC064C3FCE->8224e767-71c1-41fc-a01a-d172d48fd9d8@group-F6B37CC92441, cid=1338, SUCCESS, logIndex=1866, commits[8224e767-71c1-41fc-a01a-d172d48fd9d8:c1867, 6eae0c21-01aa-4169-956f-5952b26ea7ba:c1863, 8d7dcba1-3b82-4d94-a832-514ef5c79cf8:c1863]
2019-08-21 02:17:17,999 [grpc-default-executor-2] INFO  client.GrpcClientProtocolClient (GrpcClientProtocolClient.java:onNext(255)) - client-54CC064C3FCE->8224e767-71c1-41fc-a01a-d172d48fd9d8: receive RaftClientReply:client-54CC064C3FCE->8224e767-71c1-41fc-a01a-d172d48fd9d8@group-F6B37CC92441, cid=1339, SUCCESS, logIndex=1867, commits[8224e767-71c1-41fc-a01a-d172d48fd9d8:c1867, 6eae0c21-01aa-4169-956f-5952b26ea7ba:c1863, 8d7dcba1-3b82-4d94-a832-514ef5c79cf8:c1863]
2019-08-21 02:17:18,000 | INFO  | DNAudit | user=null | ip=null | op=WRITE_CHUNK {blockData=conID: 3 locID: 102652565124809181 bcsId: 0} | ret=SUCCESS |  
2019-08-21 02:17:18,001 | INFO  | DNAudit | user=null | ip=null | op=WRITE_CHUNK {blockData=conID: 3 locID: 102652565124809181 bcsId: 0} | ret=SUCCESS |  
2019-08-21 02:17:18,001 | INFO  | DNAudit | user=null | ip=null | op=PUT_BLOCK {blockData=[blockId=conID: 3 locID: 102652565124809181 bcsId: 0,size=1048576]} | ret=SUCCESS |  
2019-08-21 02:17:18,004 | INFO  | DNAudit | user=null | ip=null | op=PUT_BLOCK {blockData=[blockId=conID: 3 locID: 102652565124809181 bcsId: 0,size=1048576]} | ret=SUCCESS |  
2019-08-21 02:17:18,005 [grpc-default-executor-2] INFO  client.GrpcClientProtocolClient (GrpcClientProtocolClient.java:onNext(255)) - client-54CC064C3FCE->8224e767-71c1-41fc-a01a-d172d48fd9d8: receive RaftClientReply:client-54CC064C3FCE->8224e767-71c1-41fc-a01a-d172d48fd9d8@group-F6B37CC92441, cid=1340, SUCCESS, logIndex=0, commits[8224e767-71c1-41fc-a01a-d172d48fd9d8:c1869, 6eae0c21-01aa-4169-956f-5952b26ea7ba:c1865, 8d7dcba1-3b82-4d94-a832-514ef5c79cf8:c1865]
2019-08-21 02:17:18,011 | INFO  | DNAudit | user=null | ip=null | op=WRITE_CHUNK {blockData=conID: 3 locID: 102652565124809181 bcsId: 1867} | ret=SUCCESS |  
2019-08-21 02:17:18,013 | INFO  | DNAudit | user=null | ip=null | op=WRITE_CHUNK {blockData=conID: 3 locID: 102652565124809181 bcsId: 1867} | ret=SUCCESS |  
2019-08-21 02:17:18,013 | INFO  | DNAudit | user=null | ip=null | op=WRITE_CHUNK {blockData=conID: 3 locID: 102652565124809181 bcsId: 1867} | ret=SUCCESS |  
2019-08-21 02:17:18,034 | INFO  | DNAudit | user=null | ip=null | op=WRITE_CHUNK {blockData=conID: 3 locID: 102652565124809181 bcsId: 0} | ret=SUCCESS |  
2019-08-21 02:17:18,034 | INFO  | DNAudit | user=null | ip=null | op=WRITE_CHUNK {blockData=conID: 3 locID: 102652565124809181 bcsId: 0} | ret=SUCCESS |  
2019-08-21 02:17:18,034 | INFO  | DNAudit | user=null | ip=null | op=PUT_BLOCK {blockData=[blockId=conID: 3 locID: 102652565124809181 bcsId: 0,size=2097152]} | ret=SUCCESS |  
2019-08-21 02:17:18,034 | INFO  | DNAudit | user=null | ip=null | op=WRITE_CHUNK {blockData=conID: 3 locID: 102652565124809181 bcsId: 1867} | ret=SUCCESS |  
2019-08-21 02:17:18,034 | INFO  | DNAudit | user=null | ip=null | op=PUT_BLOCK {blockData=[blockId=conID: 3 locID: 102652565124809181 bcsId: 0,size=2097152]} | ret=SUCCESS |  
2019-08-21 02:17:18,035 | INFO  | DNAudit | user=null | ip=null | op=PUT_BLOCK {blockData=[blockId=conID: 3 locID: 102652565124809181 bcsId: 0,size=3145728]} | ret=SUCCESS |  
2019-08-21 02:17:18,035 [grpc-default-executor-0] INFO  client.GrpcClientProtocolClient (GrpcClientProtocolClient.java:onNext(255)) - client-54CC064C3FCE->8224e767-71c1-41fc-a01a-d172d48fd9d8: receive RaftClientReply:client-54CC064C3FCE->8224e767-71c1-41fc-a01a-d172d48fd9d8@group-F6B37CC92441, cid=1341, SUCCESS, logIndex=1872, commits[8224e767-71c1-41fc-a01a-d172d48fd9d8:c1873, 6eae0c21-01aa-4169-956f-5952b26ea7ba:c1871, 8d7dcba1-3b82-4d94-a832-514ef5c79cf8:c1871]
2019-08-21 02:17:18,036 [grpc-default-executor-0] INFO  client.GrpcClientProtocolClient (GrpcClientProtocolClient.java:onNext(255)) - client-54CC064C3FCE->8224e767-71c1-41fc-a01a-d172d48fd9d8: receive RaftClientReply:client-54CC064C3FCE->8224e767-71c1-41fc-a01a-d172d48fd9d8@group-F6B37CC92441, cid=1342, SUCCESS, logIndex=1873, commits[8224e767-71c1-41fc-a01a-d172d48fd9d8:c1873, 6eae0c21-01aa-4169-956f-5952b26ea7ba:c1871, 8d7dcba1-3b82-4d94-a832-514ef5c79cf8:c1871]
2019-08-21 02:17:18,042 | INFO  | DNAudit | user=null | ip=null | op=WRITE_CHUNK {blockData=conID: 3 locID: 102652565124809181 bcsId: 1873} | ret=SUCCESS |  
2019-08-21 02:17:18,045 | INFO  | DNAudit | user=null | ip=null | op=WRITE_CHUNK {blockData=conID: 3 locID: 102652565124809181 bcsId: 1873} | ret=SUCCESS |  
2019-08-21 02:17:18,045 | INFO  | DNAudit | user=null | ip=null | op=WRITE_CHUNK {blockData=conID: 3 locID: 102652565124809181 bcsId: 1873} | ret=SUCCESS |  
2019-08-21 02:17:18,046 | INFO  | DNAudit | user=null | ip=null | op=WRITE_CHUNK {blockData=conID: 3 locID: 102652565124809181 bcsId: 1867} | ret=SUCCESS |  
2019-08-21 02:17:18,046 | INFO  | DNAudit | user=null | ip=null | op=PUT_BLOCK {blockData=[blockId=conID: 3 locID: 102652565124809181 bcsId: 0,size=3145728]} | ret=SUCCESS |  
2019-08-21 02:17:18,046 | INFO  | DNAudit | user=null | ip=null | op=WRITE_CHUNK {blockData=conID: 3 locID: 102652565124809181 bcsId: 1867} | ret=SUCCESS |  
2019-08-21 02:17:18,046 | INFO  | DNAudit | user=null | ip=null | op=PUT_BLOCK {blockData=[blockId=conID: 3 locID: 102652565124809181 bcsId: 0,size=3145728]} | ret=SUCCESS |  
2019-08-21 02:17:18,050 | INFO  | DNAudit | user=null | ip=null | op=WRITE_CHUNK {blockData=conID: 3 locID: 102652565124809181 bcsId: 1873} | ret=SUCCESS |  
2019-08-21 02:17:18,051 | INFO  | DNAudit | user=null | ip=null | op=PUT_BLOCK {blockData=[blockId=conID: 3 locID: 102652565124809181 bcsId: 0,size=4194304]} | ret=SUCCESS |  
2019-08-21 02:17:18,051 [grpc-default-executor-0] INFO  client.GrpcClientProtocolClient (GrpcClientProtocolClient.java:onNext(255)) - client-54CC064C3FCE->8224e767-71c1-41fc-a01a-d172d48fd9d8: receive RaftClientReply:client-54CC064C3FCE->8224e767-71c1-41fc-a01a-d172d48fd9d8@group-F6B37CC92441, cid=1343, SUCCESS, logIndex=1876, commits[8224e767-71c1-41fc-a01a-d172d48fd9d8:c1877, 6eae0c21-01aa-4169-956f-5952b26ea7ba:c1873, 8d7dcba1-3b82-4d94-a832-514ef5c79cf8:c1873]
2019-08-21 02:17:18,051 [grpc-default-executor-0] INFO  client.GrpcClientProtocolClient (GrpcClientProtocolClient.java:onNext(255)) - client-54CC064C3FCE->8224e767-71c1-41fc-a01a-d172d48fd9d8: receive RaftClientReply:client-54CC064C3FCE->8224e767-71c1-41fc-a01a-d172d48fd9d8@group-F6B37CC92441, cid=1344, SUCCESS, logIndex=1877, commits[8224e767-71c1-41fc-a01a-d172d48fd9d8:c1877, 6eae0c21-01aa-4169-956f-5952b26ea7ba:c1873, 8d7dcba1-3b82-4d94-a832-514ef5c79cf8:c1873]
2019-08-21 02:17:18,062 | INFO  | DNAudit | user=null | ip=null | op=WRITE_CHUNK {blockData=conID: 3 locID: 102652565124809181 bcsId: 1873} | ret=SUCCESS |  
2019-08-21 02:17:18,062 | INFO  | DNAudit | user=null | ip=null | op=WRITE_CHUNK {blockData=conID: 3 locID: 102652565124809181 bcsId: 1873} | ret=SUCCESS |  
2019-08-21 02:17:18,064 | INFO  | DNAudit | user=null | ip=null | op=PUT_BLOCK {blockData=[blockId=conID: 3 locID: 102652565124809181 bcsId: 0,size=4194304]} | ret=SUCCESS |  
2019-08-21 02:17:18,064 | INFO  | DNAudit | user=null | ip=null | op=PUT_BLOCK {blockData=[blockId=conID: 3 locID: 102652565124809181 bcsId: 0,size=4194304]} | ret=SUCCESS |  
2019-08-21 02:17:18,065 [grpc-default-executor-0] INFO  client.GrpcClientProtocolClient (GrpcClientProtocolClient.java:onNext(255)) - client-54CC064C3FCE->8224e767-71c1-41fc-a01a-d172d48fd9d8: receive RaftClientReply:client-54CC064C3FCE->8224e767-71c1-41fc-a01a-d172d48fd9d8@group-F6B37CC92441, cid=1345, SUCCESS, logIndex=0, commits[8224e767-71c1-41fc-a01a-d172d48fd9d8:c1879, 6eae0c21-01aa-4169-956f-5952b26ea7ba:c1877, 8d7dcba1-3b82-4d94-a832-514ef5c79cf8:c1877]
2019-08-21 02:17:18,069 | INFO  | SCMAudit | user=jenkins1000 | ip=192.168.34.10 | op=ALLOCATE_BLOCK {owner=b6f66289-f2a0-4058-b052-0a85e40df67b, size=4194304, type=RATIS, factor=THREE} | ret=SUCCESS |  
2019-08-21 02:17:18,071 | INFO  | OMAudit | user=jenkins1000 | ip=127.0.0.1 | op=ALLOCATE_BLOCK {volume=vol-0-90982, bucket=bucket-0-24269, key=key-0-81262, dataSize=0, replicationType=null, replicationFactor=null, keyLocationInfo=null, clientID=102652564580991378} | ret=SUCCESS |  
2019-08-21 02:17:18,078 | INFO  | DNAudit | user=null | ip=null | op=WRITE_CHUNK {blockData=conID: 1 locID: 102652565131690462 bcsId: 0} | ret=SUCCESS |  
2019-08-21 02:17:18,082 | INFO  | DNAudit | user=null | ip=null | op=WRITE_CHUNK {blockData=conID: 1 locID: 102652565131690462 bcsId: 0} | ret=SUCCESS |  
2019-08-21 02:17:18,082 | INFO  | DNAudit | user=null | ip=null | op=WRITE_CHUNK {blockData=conID: 1 locID: 102652565131690462 bcsId: 0} | ret=SUCCESS |  
2019-08-21 02:17:18,082 | INFO  | DNAudit | user=null | ip=null | op=WRITE_CHUNK {blockData=conID: 1 locID: 102652565131690462 bcsId: 0} | ret=SUCCESS |  
2019-08-21 02:17:18,084 | INFO  | DNAudit | user=null | ip=null | op=WRITE_CHUNK {blockData=conID: 1 locID: 102652565131690462 bcsId: 0} | ret=SUCCESS |  
2019-08-21 02:17:18,084 | INFO  | DNAudit | user=null | ip=null | op=WRITE_CHUNK {blockData=conID: 1 locID: 102652565131690462 bcsId: 0} | ret=SUCCESS |  
2019-08-21 02:17:18,092 | INFO  | DNAudit | user=null | ip=null | op=WRITE_CHUNK {blockData=conID: 1 locID: 102652565131690462 bcsId: 0} | ret=SUCCESS |  
2019-08-21 02:17:18,092 | INFO  | DNAudit | user=null | ip=null | op=PUT_BLOCK {blockData=[blockId=conID: 1 locID: 102652565131690462 bcsId: 0,size=1048576]} | ret=SUCCESS |  
2019-08-21 02:17:18,092 | INFO  | DNAudit | user=null | ip=null | op=WRITE_CHUNK {blockData=conID: 1 locID: 102652565131690462 bcsId: 0} | ret=SUCCESS |  
2019-08-21 02:17:18,092 [grpc-default-executor-0] INFO  client.GrpcClientProtocolClient (GrpcClientProtocolClient.java:onNext(255)) - client-54CC064C3FCE->8224e767-71c1-41fc-a01a-d172d48fd9d8: receive RaftClientReply:client-54CC064C3FCE->8224e767-71c1-41fc-a01a-d172d48fd9d8@group-F6B37CC92441, cid=1346, SUCCESS, logIndex=1880, commits[8224e767-71c1-41fc-a01a-d172d48fd9d8:c1881, 6eae0c21-01aa-4169-956f-5952b26ea7ba:c1879, 8d7dcba1-3b82-4d94-a832-514ef5c79cf8:c1879]
2019-08-21 02:17:18,093 | INFO  | DNAudit | user=null | ip=null | op=PUT_BLOCK {blockData=[blockId=conID: 1 locID: 102652565131690462 bcsId: 0,size=2097152]} | ret=SUCCESS |  
2019-08-21 02:17:18,093 [grpc-default-executor-0] INFO  client.GrpcClientProtocolClient (GrpcClientProtocolClient.java:onNext(255)) - client-54CC064C3FCE->8224e767-71c1-41fc-a01a-d172d48fd9d8: receive RaftClientReply:client-54CC064C3FCE->8224e767-71c1-41fc-a01a-d172d48fd9d8@group-F6B37CC92441, cid=1347, SUCCESS, logIndex=1881, commits[8224e767-71c1-41fc-a01a-d172d48fd9d8:c1883, 6eae0c21-01aa-4169-956f-5952b26ea7ba:c1879, 8d7dcba1-3b82-4d94-a832-514ef5c79cf8:c1879]
2019-08-21 02:17:18,093 [grpc-default-executor-0] INFO  client.GrpcClientProtocolClient (GrpcClientProtocolClient.java:onNext(255)) - client-54CC064C3FCE->8224e767-71c1-41fc-a01a-d172d48fd9d8: receive RaftClientReply:client-54CC064C3FCE->8224e767-71c1-41fc-a01a-d172d48fd9d8@group-F6B37CC92441, cid=1348, SUCCESS, logIndex=1882, commits[8224e767-71c1-41fc-a01a-d172d48fd9d8:c1883, 6eae0c21-01aa-4169-956f-5952b26ea7ba:c1879, 8d7dcba1-3b82-4d94-a832-514ef5c79cf8:c1879]
2019-08-21 02:17:18,093 [grpc-default-executor-0] INFO  client.GrpcClientProtocolClient (GrpcClientProtocolClient.java:onNext(255)) - client-54CC064C3FCE->8224e767-71c1-41fc-a01a-d172d48fd9d8: receive RaftClientReply:client-54CC064C3FCE->8224e767-71c1-41fc-a01a-d172d48fd9d8@group-F6B37CC92441, cid=1349, SUCCESS, logIndex=1883, commits[8224e767-71c1-41fc-a01a-d172d48fd9d8:c1883, 6eae0c21-01aa-4169-956f-5952b26ea7ba:c1879, 8d7dcba1-3b82-4d94-a832-514ef5c79cf8:c1879]
2019-08-21 02:17:18,094 | INFO  | DNAudit | user=null | ip=null | op=WRITE_CHUNK {blockData=conID: 1 locID: 102652565131690462 bcsId: 0} | ret=SUCCESS |  
2019-08-21 02:17:18,094 | INFO  | DNAudit | user=null | ip=null | op=WRITE_CHUNK {blockData=conID: 1 locID: 102652565131690462 bcsId: 0} | ret=SUCCESS |  
2019-08-21 02:17:18,095 | INFO  | DNAudit | user=null | ip=null | op=PUT_BLOCK {blockData=[blockId=conID: 1 locID: 102652565131690462 bcsId: 0,size=1048576]} | ret=SUCCESS |  
2019-08-21 02:17:18,105 | INFO  | SCMAudit | user=jenkins1000 | ip=192.168.34.10 | op=SEND_HEARTBEAT {datanodeUUID=6eae0c21-01aa-4169-956f-5952b26ea7ba, command=[]} | ret=SUCCESS |  
2019-08-21 02:17:18,105 | INFO  | SCMAudit | user=jenkins1000 | ip=192.168.34.10 | op=SEND_HEARTBEAT {datanodeUUID=8d7dcba1-3b82-4d94-a832-514ef5c79cf8, command=[]} | ret=SUCCESS |  
2019-08-21 02:17:18,105 | INFO  | SCMAudit | user=jenkins1000 | ip=192.168.34.10 | op=SEND_HEARTBEAT {datanodeUUID=8224e767-71c1-41fc-a01a-d172d48fd9d8, command=[]} | ret=SUCCESS |  
2019-08-21 02:17:18,105 | INFO  | DNAudit | user=null | ip=null | op=PUT_BLOCK {blockData=[blockId=conID: 1 locID: 102652565131690462 bcsId: 0,size=1048576]} | ret=SUCCESS |  
2019-08-21 02:17:18,106 | INFO  | DNAudit | user=null | ip=null | op=WRITE_CHUNK {blockData=conID: 1 locID: 102652565131690462 bcsId: 0} | ret=SUCCESS |  
2019-08-21 02:17:18,106 | INFO  | DNAudit | user=null | ip=null | op=WRITE_CHUNK {blockData=conID: 1 locID: 102652565131690462 bcsId: 0} | ret=SUCCESS |  
2019-08-21 02:17:18,106 | INFO  | DNAudit | user=null | ip=null | op=PUT_BLOCK {blockData=[blockId=conID: 1 locID: 102652565131690462 bcsId: 0,size=2097152]} | ret=SUCCESS |  
2019-08-21 02:17:18,106 | INFO  | DNAudit | user=null | ip=null | op=PUT_BLOCK {blockData=[blockId=conID: 1 locID: 102652565131690462 bcsId: 0,size=2097152]} | ret=SUCCESS |  
2019-08-21 02:17:18,106 [grpc-default-executor-0] INFO  client.GrpcClientProtocolClient (GrpcClientProtocolClient.java:onNext(255)) - client-54CC064C3FCE->8224e767-71c1-41fc-a01a-d172d48fd9d8: receive RaftClientReply:client-54CC064C3FCE->8224e767-71c1-41fc-a01a-d172d48fd9d8@group-F6B37CC92441, cid=1350, SUCCESS, logIndex=0, commits[8224e767-71c1-41fc-a01a-d172d48fd9d8:c1885, 6eae0c21-01aa-4169-956f-5952b26ea7ba:c1881, 8d7dcba1-3b82-4d94-a832-514ef5c79cf8:c1883]
2019-08-21 02:17:18,112 | INFO  | DNAudit | user=null | ip=null | op=WRITE_CHUNK {blockData=conID: 1 locID: 102652565131690462 bcsId: 1883} | ret=SUCCESS |  
2019-08-21 02:17:18,114 | INFO  | DNAudit | user=null | ip=null | op=WRITE_CHUNK {blockData=conID: 1 locID: 102652565131690462 bcsId: 1883} | ret=SUCCESS |  
2019-08-21 02:17:18,114 | INFO  | DNAudit | user=null | ip=null | op=WRITE_CHUNK {blockData=conID: 1 locID: 102652565131690462 bcsId: 1883} | ret=SUCCESS |  
2019-08-21 02:17:18,125 | INFO  | DNAudit | user=null | ip=null | op=WRITE_CHUNK {blockData=conID: 1 locID: 102652565131690462 bcsId: 1883} | ret=SUCCESS |  
2019-08-21 02:17:18,125 | INFO  | DNAudit | user=null | ip=null | op=PUT_BLOCK {blockData=[blockId=conID: 1 locID: 102652565131690462 bcsId: 0,size=3145728]} | ret=SUCCESS |  
2019-08-21 02:17:18,125 [grpc-default-executor-1] INFO  client.GrpcClientProtocolClient (GrpcClientProtocolClient.java:onNext(255)) - client-54CC064C3FCE->8224e767-71c1-41fc-a01a-d172d48fd9d8: receive RaftClientReply:client-54CC064C3FCE->8224e767-71c1-41fc-a01a-d172d48fd9d8@group-F6B37CC92441, cid=1351, SUCCESS, logIndex=1888, commits[8224e767-71c1-41fc-a01a-d172d48fd9d8:c1889, 6eae0c21-01aa-4169-956f-5952b26ea7ba:c1887, 8d7dcba1-3b82-4d94-a832-514ef5c79cf8:c1887]
2019-08-21 02:17:18,126 [grpc-default-executor-1] INFO  client.GrpcClientProtocolClient (GrpcClientProtocolClient.java:onNext(255)) - client-54CC064C3FCE->8224e767-71c1-41fc-a01a-d172d48fd9d8: receive RaftClientReply:client-54CC064C3FCE->8224e767-71c1-41fc-a01a-d172d48fd9d8@group-F6B37CC92441, cid=1352, SUCCESS, logIndex=1889, commits[8224e767-71c1-41fc-a01a-d172d48fd9d8:c1889, 6eae0c21-01aa-4169-956f-5952b26ea7ba:c1887, 8d7dcba1-3b82-4d94-a832-514ef5c79cf8:c1887]
2019-08-21 02:17:18,133 | INFO  | DNAudit | user=null | ip=null | op=WRITE_CHUNK {blockData=conID: 1 locID: 102652565131690462 bcsId: 1889} | ret=SUCCESS |  
2019-08-21 02:17:18,135 | INFO  | DNAudit | user=null | ip=null | op=WRITE_CHUNK {blockData=conID: 1 locID: 102652565131690462 bcsId: 1889} | ret=SUCCESS |  
2019-08-21 02:17:18,135 | INFO  | DNAudit | user=null | ip=null | op=WRITE_CHUNK {blockData=conID: 1 locID: 102652565131690462 bcsId: 1889} | ret=SUCCESS |  
2019-08-21 02:17:18,138 | INFO  | DNAudit | user=null | ip=null | op=WRITE_CHUNK {blockData=conID: 1 locID: 102652565131690462 bcsId: 1883} | ret=SUCCESS |  
2019-08-21 02:17:18,138 | INFO  | DNAudit | user=null | ip=null | op=WRITE_CHUNK {blockData=conID: 1 locID: 102652565131690462 bcsId: 1883} | ret=SUCCESS |  
2019-08-21 02:17:18,139 | INFO  | DNAudit | user=null | ip=null | op=PUT_BLOCK {blockData=[blockId=conID: 1 locID: 102652565131690462 bcsId: 0,size=3145728]} | ret=SUCCESS |  
2019-08-21 02:17:18,139 | INFO  | DNAudit | user=null | ip=null | op=PUT_BLOCK {blockData=[blockId=conID: 1 locID: 102652565131690462 bcsId: 0,size=3145728]} | ret=SUCCESS |  
2019-08-21 02:17:18,150 | INFO  | DNAudit | user=null | ip=null | op=WRITE_CHUNK {blockData=conID: 1 locID: 102652565131690462 bcsId: 1889} | ret=SUCCESS |  
2019-08-21 02:17:18,150 | INFO  | DNAudit | user=null | ip=null | op=PUT_BLOCK {blockData=[blockId=conID: 1 locID: 102652565131690462 bcsId: 0,size=4194304]} | ret=SUCCESS |  
2019-08-21 02:17:18,151 [grpc-default-executor-0] INFO  client.GrpcClientProtocolClient (GrpcClientProtocolClient.java:onNext(255)) - client-54CC064C3FCE->8224e767-71c1-41fc-a01a-d172d48fd9d8: receive RaftClientReply:client-54CC064C3FCE->8224e767-71c1-41fc-a01a-d172d48fd9d8@group-F6B37CC92441, cid=1353, SUCCESS, logIndex=1892, commits[8224e767-71c1-41fc-a01a-d172d48fd9d8:c1893, 6eae0c21-01aa-4169-956f-5952b26ea7ba:c1889, 8d7dcba1-3b82-4d94-a832-514ef5c79cf8:c1889]
2019-08-21 02:17:18,152 [grpc-default-executor-0] INFO  client.GrpcClientProtocolClient (GrpcClientProtocolClient.java:onNext(255)) - client-54CC064C3FCE->8224e767-71c1-41fc-a01a-d172d48fd9d8: receive RaftClientReply:client-54CC064C3FCE->8224e767-71c1-41fc-a01a-d172d48fd9d8@group-F6B37CC92441, cid=1354, SUCCESS, logIndex=1893, commits[8224e767-71c1-41fc-a01a-d172d48fd9d8:c1893, 6eae0c21-01aa-4169-956f-5952b26ea7ba:c1889, 8d7dcba1-3b82-4d94-a832-514ef5c79cf8:c1889]
2019-08-21 02:17:18,163 | INFO  | DNAudit | user=null | ip=null | op=WRITE_CHUNK {blockData=conID: 1 locID: 102652565131690462 bcsId: 1889} | ret=SUCCESS |  
2019-08-21 02:17:18,164 | INFO  | DNAudit | user=null | ip=null | op=WRITE_CHUNK {blockData=conID: 1 locID: 102652565131690462 bcsId: 1889} | ret=SUCCESS |  
2019-08-21 02:17:18,176 | INFO  | DNAudit | user=null | ip=null | op=PUT_BLOCK {blockData=[blockId=conID: 1 locID: 102652565131690462 bcsId: 0,size=4194304]} | ret=SUCCESS |  
2019-08-21 02:17:18,176 | INFO  | DNAudit | user=null | ip=null | op=PUT_BLOCK {blockData=[blockId=conID: 1 locID: 102652565131690462 bcsId: 0,size=4194304]} | ret=SUCCESS |  
2019-08-21 02:17:18,176 [grpc-default-executor-1] INFO  client.GrpcClientProtocolClient (GrpcClientProtocolClient.java:onNext(255)) - client-54CC064C3FCE->8224e767-71c1-41fc-a01a-d172d48fd9d8: receive RaftClientReply:client-54CC064C3FCE->8224e767-71c1-41fc-a01a-d172d48fd9d8@group-F6B37CC92441, cid=1355, SUCCESS, logIndex=0, commits[8224e767-71c1-41fc-a01a-d172d48fd9d8:c1895, 6eae0c21-01aa-4169-956f-5952b26ea7ba:c1893, 8d7dcba1-3b82-4d94-a832-514ef5c79cf8:c1893]
2019-08-21 02:17:18,182 | INFO  | SCMAudit | user=jenkins1000 | ip=192.168.34.10 | op=ALLOCATE_BLOCK {owner=b6f66289-f2a0-4058-b052-0a85e40df67b, size=4194304, type=RATIS, factor=THREE} | ret=SUCCESS |  
2019-08-21 02:17:18,184 | INFO  | OMAudit | user=jenkins1000 | ip=127.0.0.1 | op=ALLOCATE_BLOCK {volume=vol-0-90982, bucket=bucket-0-24269, key=key-0-81262, dataSize=0, replicationType=null, replicationFactor=null, keyLocationInfo=null, clientID=102652564580991378} | ret=SUCCESS |  
2019-08-21 02:17:18,193 | INFO  | DNAudit | user=null | ip=null | op=WRITE_CHUNK {blockData=conID: 2 locID: 102652565139096031 bcsId: 0} | ret=SUCCESS |  
2019-08-21 02:17:18,196 | INFO  | DNAudit | user=null | ip=null | op=WRITE_CHUNK {blockData=conID: 2 locID: 102652565139096031 bcsId: 0} | ret=SUCCESS |  
2019-08-21 02:17:18,197 | INFO  | DNAudit | user=null | ip=null | op=WRITE_CHUNK {blockData=conID: 2 locID: 102652565139096031 bcsId: 0} | ret=SUCCESS |  
2019-08-21 02:17:18,197 | INFO  | DNAudit | user=null | ip=null | op=WRITE_CHUNK {blockData=conID: 2 locID: 102652565139096031 bcsId: 0} | ret=SUCCESS |  
2019-08-21 02:17:18,198 | INFO  | DNAudit | user=null | ip=null | op=WRITE_CHUNK {blockData=conID: 2 locID: 102652565139096031 bcsId: 0} | ret=SUCCESS |  
2019-08-21 02:17:18,198 | INFO  | DNAudit | user=null | ip=null | op=WRITE_CHUNK {blockData=conID: 2 locID: 102652565139096031 bcsId: 0} | ret=SUCCESS |  
2019-08-21 02:17:18,206 | INFO  | DNAudit | user=null | ip=null | op=WRITE_CHUNK {blockData=conID: 2 locID: 102652565139096031 bcsId: 0} | ret=SUCCESS |  
2019-08-21 02:17:18,207 | INFO  | DNAudit | user=null | ip=null | op=PUT_BLOCK {blockData=[blockId=conID: 2 locID: 102652565139096031 bcsId: 0,size=1048576]} | ret=SUCCESS |  
2019-08-21 02:17:18,207 [grpc-default-executor-4] INFO  client.GrpcClientProtocolClient (GrpcClientProtocolClient.java:onNext(255)) - client-54CC064C3FCE->8224e767-71c1-41fc-a01a-d172d48fd9d8: receive RaftClientReply:client-54CC064C3FCE->8224e767-71c1-41fc-a01a-d172d48fd9d8@group-F6B37CC92441, cid=1356, SUCCESS, logIndex=1896, commits[8224e767-71c1-41fc-a01a-d172d48fd9d8:c1899, 6eae0c21-01aa-4169-956f-5952b26ea7ba:c1895, 8d7dcba1-3b82-4d94-a832-514ef5c79cf8:c1895]
2019-08-21 02:17:18,207 | INFO  | DNAudit | user=null | ip=null | op=WRITE_CHUNK {blockData=conID: 2 locID: 102652565139096031 bcsId: 0} | ret=SUCCESS |  
2019-08-21 02:17:18,208 | INFO  | DNAudit | user=null | ip=null | op=PUT_BLOCK {blockData=[blockId=conID: 2 locID: 102652565139096031 bcsId: 0,size=2097152]} | ret=SUCCESS |  
2019-08-21 02:17:18,208 [grpc-default-executor-4] INFO  client.GrpcClientProtocolClient (GrpcClientProtocolClient.java:onNext(255)) - client-54CC064C3FCE->8224e767-71c1-41fc-a01a-d172d48fd9d8: receive RaftClientReply:client-54CC064C3FCE->8224e767-71c1-41fc-a01a-d172d48fd9d8@group-F6B37CC92441, cid=1357, SUCCESS, logIndex=1897, commits[8224e767-71c1-41fc-a01a-d172d48fd9d8:c1899, 6eae0c21-01aa-4169-956f-5952b26ea7ba:c1895, 8d7dcba1-3b82-4d94-a832-514ef5c79cf8:c1895]
2019-08-21 02:17:18,208 [grpc-default-executor-4] INFO  client.GrpcClientProtocolClient (GrpcClientProtocolClient.java:onNext(255)) - client-54CC064C3FCE->8224e767-71c1-41fc-a01a-d172d48fd9d8: receive RaftClientReply:client-54CC064C3FCE->8224e767-71c1-41fc-a01a-d172d48fd9d8@group-F6B37CC92441, cid=1358, SUCCESS, logIndex=1898, commits[8224e767-71c1-41fc-a01a-d172d48fd9d8:c1899, 6eae0c21-01aa-4169-956f-5952b26ea7ba:c1895, 8d7dcba1-3b82-4d94-a832-514ef5c79cf8:c1895]
2019-08-21 02:17:18,208 [grpc-default-executor-4] INFO  client.GrpcClientProtocolClient (GrpcClientProtocolClient.java:onNext(255)) - client-54CC064C3FCE->8224e767-71c1-41fc-a01a-d172d48fd9d8: receive RaftClientReply:client-54CC064C3FCE->8224e767-71c1-41fc-a01a-d172d48fd9d8@group-F6B37CC92441, cid=1359, SUCCESS, logIndex=1899, commits[8224e767-71c1-41fc-a01a-d172d48fd9d8:c1899, 6eae0c21-01aa-4169-956f-5952b26ea7ba:c1895, 8d7dcba1-3b82-4d94-a832-514ef5c79cf8:c1895]
2019-08-21 02:17:18,219 | INFO  | DNAudit | user=null | ip=null | op=WRITE_CHUNK {blockData=conID: 2 locID: 102652565139096031 bcsId: 0} | ret=SUCCESS |  
2019-08-21 02:17:18,219 | INFO  | DNAudit | user=null | ip=null | op=PUT_BLOCK {blockData=[blockId=conID: 2 locID: 102652565139096031 bcsId: 0,size=1048576]} | ret=SUCCESS |  
2019-08-21 02:17:18,219 | INFO  | DNAudit | user=null | ip=null | op=WRITE_CHUNK {blockData=conID: 2 locID: 102652565139096031 bcsId: 0} | ret=SUCCESS |  
2019-08-21 02:17:18,220 | INFO  | DNAudit | user=null | ip=null | op=PUT_BLOCK {blockData=[blockId=conID: 2 locID: 102652565139096031 bcsId: 0,size=1048576]} | ret=SUCCESS |  
2019-08-21 02:17:18,220 [grpc-default-executor-4] INFO  client.GrpcClientProtocolClient (GrpcClientProtocolClient.java:onNext(255)) - client-54CC064C3FCE->8224e767-71c1-41fc-a01a-d172d48fd9d8: receive RaftClientReply:client-54CC064C3FCE->8224e767-71c1-41fc-a01a-d172d48fd9d8@group-F6B37CC92441, cid=1360, SUCCESS, logIndex=0, commits[8224e767-71c1-41fc-a01a-d172d48fd9d8:c1900, 6eae0c21-01aa-4169-956f-5952b26ea7ba:c1897, 8d7dcba1-3b82-4d94-a832-514ef5c79cf8:c1897]
2019-08-21 02:17:18,226 | INFO  | DNAudit | user=null | ip=null | op=WRITE_CHUNK {blockData=conID: 2 locID: 102652565139096031 bcsId: 1899} | ret=SUCCESS |  
2019-08-21 02:17:18,228 | INFO  | DNAudit | user=null | ip=null | op=WRITE_CHUNK {blockData=conID: 2 locID: 102652565139096031 bcsId: 1899} | ret=SUCCESS |  
2019-08-21 02:17:18,228 | INFO  | DNAudit | user=null | ip=null | op=WRITE_CHUNK {blockData=conID: 2 locID: 102652565139096031 bcsId: 1899} | ret=SUCCESS |  
2019-08-21 02:17:18,230 | INFO  | DNAudit | user=null | ip=null | op=WRITE_CHUNK {blockData=conID: 2 locID: 102652565139096031 bcsId: 0} | ret=SUCCESS |  
2019-08-21 02:17:18,230 | INFO  | DNAudit | user=null | ip=null | op=PUT_BLOCK {blockData=[blockId=conID: 2 locID: 102652565139096031 bcsId: 0,size=2097152]} | ret=SUCCESS |  
2019-08-21 02:17:18,230 | INFO  | DNAudit | user=null | ip=null | op=WRITE_CHUNK {blockData=conID: 2 locID: 102652565139096031 bcsId: 0} | ret=SUCCESS |  
2019-08-21 02:17:18,231 | INFO  | DNAudit | user=null | ip=null | op=PUT_BLOCK {blockData=[blockId=conID: 2 locID: 102652565139096031 bcsId: 0,size=2097152]} | ret=SUCCESS |  
2019-08-21 02:17:18,233 | INFO  | DNAudit | user=null | ip=null | op=WRITE_CHUNK {blockData=conID: 2 locID: 102652565139096031 bcsId: 1899} | ret=SUCCESS |  
2019-08-21 02:17:18,234 | INFO  | DNAudit | user=null | ip=null | op=PUT_BLOCK {blockData=[blockId=conID: 2 locID: 102652565139096031 bcsId: 0,size=3145728]} | ret=SUCCESS |  
2019-08-21 02:17:18,234 [grpc-default-executor-1] INFO  client.GrpcClientProtocolClient (GrpcClientProtocolClient.java:onNext(255)) - client-54CC064C3FCE->8224e767-71c1-41fc-a01a-d172d48fd9d8: receive RaftClientReply:client-54CC064C3FCE->8224e767-71c1-41fc-a01a-d172d48fd9d8@group-F6B37CC92441, cid=1361, SUCCESS, logIndex=1904, commits[8224e767-71c1-41fc-a01a-d172d48fd9d8:c1905, 6eae0c21-01aa-4169-956f-5952b26ea7ba:c1899, 8d7dcba1-3b82-4d94-a832-514ef5c79cf8:c1900]
2019-08-21 02:17:18,234 | INFO  | DNAudit | user=null | ip=null | op=WRITE_CHUNK {blockData=conID: 2 locID: 102652565139096031 bcsId: 1899} | ret=SUCCESS |  
2019-08-21 02:17:18,234 [grpc-default-executor-1] INFO  client.GrpcClientProtocolClient (GrpcClientProtocolClient.java:onNext(255)) - client-54CC064C3FCE->8224e767-71c1-41fc-a01a-d172d48fd9d8: receive RaftClientReply:client-54CC064C3FCE->8224e767-71c1-41fc-a01a-d172d48fd9d8@group-F6B37CC92441, cid=1362, SUCCESS, logIndex=1905, commits[8224e767-71c1-41fc-a01a-d172d48fd9d8:c1905, 6eae0c21-01aa-4169-956f-5952b26ea7ba:c1899, 8d7dcba1-3b82-4d94-a832-514ef5c79cf8:c1900]
2019-08-21 02:17:18,235 | INFO  | DNAudit | user=null | ip=null | op=WRITE_CHUNK {blockData=conID: 2 locID: 102652565139096031 bcsId: 1899} | ret=SUCCESS |  
2019-08-21 02:17:18,235 | INFO  | DNAudit | user=null | ip=null | op=PUT_BLOCK {blockData=[blockId=conID: 2 locID: 102652565139096031 bcsId: 0,size=3145728]} | ret=SUCCESS |  
2019-08-21 02:17:18,236 | INFO  | DNAudit | user=null | ip=null | op=PUT_BLOCK {blockData=[blockId=conID: 2 locID: 102652565139096031 bcsId: 0,size=3145728]} | ret=SUCCESS |  
2019-08-21 02:17:18,240 | INFO  | DNAudit | user=null | ip=null | op=WRITE_CHUNK {blockData=conID: 2 locID: 102652565139096031 bcsId: 1905} | ret=SUCCESS |  
2019-08-21 02:17:18,243 | INFO  | DNAudit | user=null | ip=null | op=WRITE_CHUNK {blockData=conID: 2 locID: 102652565139096031 bcsId: 1905} | ret=SUCCESS |  
2019-08-21 02:17:18,243 | INFO  | DNAudit | user=null | ip=null | op=WRITE_CHUNK {blockData=conID: 2 locID: 102652565139096031 bcsId: 1905} | ret=SUCCESS |  
2019-08-21 02:17:18,244 | INFO  | DNAudit | user=null | ip=null | op=WRITE_CHUNK {blockData=conID: 2 locID: 102652565139096031 bcsId: 1905} | ret=SUCCESS |  
2019-08-21 02:17:18,244 | INFO  | DNAudit | user=null | ip=null | op=PUT_BLOCK {blockData=[blockId=conID: 2 locID: 102652565139096031 bcsId: 0,size=4194304]} | ret=SUCCESS |  
2019-08-21 02:17:18,245 [grpc-default-executor-1] INFO  client.GrpcClientProtocolClient (GrpcClientProtocolClient.java:onNext(255)) - client-54CC064C3FCE->8224e767-71c1-41fc-a01a-d172d48fd9d8: receive RaftClientReply:client-54CC064C3FCE->8224e767-71c1-41fc-a01a-d172d48fd9d8@group-F6B37CC92441, cid=1363, SUCCESS, logIndex=1908, commits[8224e767-71c1-41fc-a01a-d172d48fd9d8:c1909, 6eae0c21-01aa-4169-956f-5952b26ea7ba:c1907, 8d7dcba1-3b82-4d94-a832-514ef5c79cf8:c1907]
2019-08-21 02:17:18,245 [grpc-default-executor-1] INFO  client.GrpcClientProtocolClient (GrpcClientProtocolClient.java:onNext(255)) - client-54CC064C3FCE->8224e767-71c1-41fc-a01a-d172d48fd9d8: receive RaftClientReply:client-54CC064C3FCE->8224e767-71c1-41fc-a01a-d172d48fd9d8@group-F6B37CC92441, cid=1364, SUCCESS, logIndex=1909, commits[8224e767-71c1-41fc-a01a-d172d48fd9d8:c1909, 6eae0c21-01aa-4169-956f-5952b26ea7ba:c1907, 8d7dcba1-3b82-4d94-a832-514ef5c79cf8:c1907]
2019-08-21 02:17:18,247 | INFO  | DNAudit | user=null | ip=null | op=WRITE_CHUNK {blockData=conID: 2 locID: 102652565139096031 bcsId: 1905} | ret=SUCCESS |  
2019-08-21 02:17:18,247 | INFO  | DNAudit | user=null | ip=null | op=WRITE_CHUNK {blockData=conID: 2 locID: 102652565139096031 bcsId: 1905} | ret=SUCCESS |  
2019-08-21 02:17:18,249 | INFO  | DNAudit | user=null | ip=null | op=PUT_BLOCK {blockData=[blockId=conID: 2 locID: 102652565139096031 bcsId: 0,size=4194304]} | ret=SUCCESS |  
2019-08-21 02:17:18,249 | INFO  | DNAudit | user=null | ip=null | op=PUT_BLOCK {blockData=[blockId=conID: 2 locID: 102652565139096031 bcsId: 0,size=4194304]} | ret=SUCCESS |  
2019-08-21 02:17:18,250 [grpc-default-executor-4] INFO  client.GrpcClientProtocolClient (GrpcClientProtocolClient.java:onNext(255)) - client-54CC064C3FCE->8224e767-71c1-41fc-a01a-d172d48fd9d8: receive RaftClientReply:client-54CC064C3FCE->8224e767-71c1-41fc-a01a-d172d48fd9d8@group-F6B37CC92441, cid=1365, SUCCESS, logIndex=0, commits[8224e767-71c1-41fc-a01a-d172d48fd9d8:c1911, 6eae0c21-01aa-4169-956f-5952b26ea7ba:c1909, 8d7dcba1-3b82-4d94-a832-514ef5c79cf8:c1909]
2019-08-21 02:17:18,254 | INFO  | SCMAudit | user=jenkins1000 | ip=192.168.34.10 | op=ALLOCATE_BLOCK {owner=b6f66289-f2a0-4058-b052-0a85e40df67b, size=4194304, type=RATIS, factor=THREE} | ret=SUCCESS |  
2019-08-21 02:17:18,256 | INFO  | OMAudit | user=jenkins1000 | ip=127.0.0.1 | op=ALLOCATE_BLOCK {volume=vol-0-90982, bucket=bucket-0-24269, key=key-0-81262, dataSize=0, replicationType=null, replicationFactor=null, keyLocationInfo=null, clientID=102652564580991378} | ret=SUCCESS |  
2019-08-21 02:17:18,262 | INFO  | DNAudit | user=null | ip=null | op=WRITE_CHUNK {blockData=conID: 3 locID: 102652565143814624 bcsId: 0} | ret=SUCCESS |  
2019-08-21 02:17:18,264 | INFO  | DNAudit | user=null | ip=null | op=WRITE_CHUNK {blockData=conID: 3 locID: 102652565143814624 bcsId: 0} | ret=SUCCESS |  
2019-08-21 02:17:18,267 | INFO  | DNAudit | user=null | ip=null | op=WRITE_CHUNK {blockData=conID: 3 locID: 102652565143814624 bcsId: 0} | ret=SUCCESS |  
2019-08-21 02:17:18,267 | INFO  | DNAudit | user=null | ip=null | op=WRITE_CHUNK {blockData=conID: 3 locID: 102652565143814624 bcsId: 0} | ret=SUCCESS |  
2019-08-21 02:17:18,267 | INFO  | DNAudit | user=null | ip=null | op=WRITE_CHUNK {blockData=conID: 3 locID: 102652565143814624 bcsId: 0} | ret=SUCCESS |  
2019-08-21 02:17:18,267 | INFO  | DNAudit | user=null | ip=null | op=WRITE_CHUNK {blockData=conID: 3 locID: 102652565143814624 bcsId: 0} | ret=SUCCESS |  
2019-08-21 02:17:18,289 | INFO  | DNAudit | user=null | ip=null | op=WRITE_CHUNK {blockData=conID: 3 locID: 102652565143814624 bcsId: 0} | ret=SUCCESS |  
2019-08-21 02:17:18,290 | INFO  | DNAudit | user=null | ip=null | op=PUT_BLOCK {blockData=[blockId=conID: 3 locID: 102652565143814624 bcsId: 0,size=1048576]} | ret=SUCCESS |  
2019-08-21 02:17:18,290 | INFO  | DNAudit | user=null | ip=null | op=WRITE_CHUNK {blockData=conID: 3 locID: 102652565143814624 bcsId: 0} | ret=SUCCESS |  
2019-08-21 02:17:18,290 | INFO  | DNAudit | user=null | ip=null | op=PUT_BLOCK {blockData=[blockId=conID: 3 locID: 102652565143814624 bcsId: 0,size=2097152]} | ret=SUCCESS |  
2019-08-21 02:17:18,290 [grpc-default-executor-1] INFO  client.GrpcClientProtocolClient (GrpcClientProtocolClient.java:onNext(255)) - client-54CC064C3FCE->8224e767-71c1-41fc-a01a-d172d48fd9d8: receive RaftClientReply:client-54CC064C3FCE->8224e767-71c1-41fc-a01a-d172d48fd9d8@group-F6B37CC92441, cid=1366, SUCCESS, logIndex=1912, commits[8224e767-71c1-41fc-a01a-d172d48fd9d8:c1913, 6eae0c21-01aa-4169-956f-5952b26ea7ba:c1911, 8d7dcba1-3b82-4d94-a832-514ef5c79cf8:c1911]
2019-08-21 02:17:18,291 [grpc-default-executor-1] INFO  client.GrpcClientProtocolClient (GrpcClientProtocolClient.java:onNext(255)) - client-54CC064C3FCE->8224e767-71c1-41fc-a01a-d172d48fd9d8: receive RaftClientReply:client-54CC064C3FCE->8224e767-71c1-41fc-a01a-d172d48fd9d8@group-F6B37CC92441, cid=1367, SUCCESS, logIndex=1913, commits[8224e767-71c1-41fc-a01a-d172d48fd9d8:c1915, 6eae0c21-01aa-4169-956f-5952b26ea7ba:c1911, 8d7dcba1-3b82-4d94-a832-514ef5c79cf8:c1911]
2019-08-21 02:17:18,291 [grpc-default-executor-1] INFO  client.GrpcClientProtocolClient (GrpcClientProtocolClient.java:onNext(255)) - client-54CC064C3FCE->8224e767-71c1-41fc-a01a-d172d48fd9d8: receive RaftClientReply:client-54CC064C3FCE->8224e767-71c1-41fc-a01a-d172d48fd9d8@group-F6B37CC92441, cid=1368, SUCCESS, logIndex=1914, commits[8224e767-71c1-41fc-a01a-d172d48fd9d8:c1915, 6eae0c21-01aa-4169-956f-5952b26ea7ba:c1911, 8d7dcba1-3b82-4d94-a832-514ef5c79cf8:c1911]
2019-08-21 02:17:18,291 [grpc-default-executor-1] INFO  client.GrpcClientProtocolClient (GrpcClientProtocolClient.java:onNext(255)) - client-54CC064C3FCE->8224e767-71c1-41fc-a01a-d172d48fd9d8: receive RaftClientReply:client-54CC064C3FCE->8224e767-71c1-41fc-a01a-d172d48fd9d8@group-F6B37CC92441, cid=1369, SUCCESS, logIndex=1915, commits[8224e767-71c1-41fc-a01a-d172d48fd9d8:c1915, 6eae0c21-01aa-4169-956f-5952b26ea7ba:c1911, 8d7dcba1-3b82-4d94-a832-514ef5c79cf8:c1911]
2019-08-21 02:17:18,300 | INFO  | DNAudit | user=null | ip=null | op=WRITE_CHUNK {blockData=conID: 3 locID: 102652565143814624 bcsId: 0} | ret=SUCCESS |  
2019-08-21 02:17:18,301 | INFO  | DNAudit | user=null | ip=null | op=WRITE_CHUNK {blockData=conID: 3 locID: 102652565143814624 bcsId: 0} | ret=SUCCESS |  
2019-08-21 02:17:18,301 | INFO  | DNAudit | user=null | ip=null | op=PUT_BLOCK {blockData=[blockId=conID: 3 locID: 102652565143814624 bcsId: 0,size=1048576]} | ret=SUCCESS |  
2019-08-21 02:17:18,302 | INFO  | DNAudit | user=null | ip=null | op=WRITE_CHUNK {blockData=conID: 3 locID: 102652565143814624 bcsId: 0} | ret=SUCCESS |  
2019-08-21 02:17:18,302 | INFO  | DNAudit | user=null | ip=null | op=PUT_BLOCK {blockData=[blockId=conID: 3 locID: 102652565143814624 bcsId: 0,size=1048576]} | ret=SUCCESS |  
2019-08-21 02:17:18,302 | INFO  | DNAudit | user=null | ip=null | op=PUT_BLOCK {blockData=[blockId=conID: 3 locID: 102652565143814624 bcsId: 0,size=2097152]} | ret=SUCCESS |  
2019-08-21 02:17:18,302 [grpc-default-executor-1] INFO  client.GrpcClientProtocolClient (GrpcClientProtocolClient.java:onNext(255)) - client-54CC064C3FCE->8224e767-71c1-41fc-a01a-d172d48fd9d8: receive RaftClientReply:client-54CC064C3FCE->8224e767-71c1-41fc-a01a-d172d48fd9d8@group-F6B37CC92441, cid=1370, SUCCESS, logIndex=0, commits[8224e767-71c1-41fc-a01a-d172d48fd9d8:c1916, 6eae0c21-01aa-4169-956f-5952b26ea7ba:c1913, 8d7dcba1-3b82-4d94-a832-514ef5c79cf8:c1913]
2019-08-21 02:17:18,304 | INFO  | DNAudit | user=null | ip=null | op=WRITE_CHUNK {blockData=conID: 3 locID: 102652565143814624 bcsId: 0} | ret=SUCCESS |  
2019-08-21 02:17:18,304 | INFO  | DNAudit | user=null | ip=null | op=PUT_BLOCK {blockData=[blockId=conID: 3 locID: 102652565143814624 bcsId: 0,size=2097152]} | ret=SUCCESS |  
2019-08-21 02:17:18,309 | INFO  | DNAudit | user=null | ip=null | op=WRITE_CHUNK {blockData=conID: 3 locID: 102652565143814624 bcsId: 1915} | ret=SUCCESS |  
2019-08-21 02:17:18,312 | INFO  | DNAudit | user=null | ip=null | op=WRITE_CHUNK {blockData=conID: 3 locID: 102652565143814624 bcsId: 1915} | ret=SUCCESS |  
2019-08-21 02:17:18,312 | INFO  | DNAudit | user=null | ip=null | op=WRITE_CHUNK {blockData=conID: 3 locID: 102652565143814624 bcsId: 1915} | ret=SUCCESS |  
2019-08-21 02:17:18,321 | INFO  | DNAudit | user=null | ip=null | op=WRITE_CHUNK {blockData=conID: 3 locID: 102652565143814624 bcsId: 1915} | ret=SUCCESS |  
2019-08-21 02:17:18,322 | INFO  | DNAudit | user=null | ip=null | op=PUT_BLOCK {blockData=[blockId=conID: 3 locID: 102652565143814624 bcsId: 0,size=3145728]} | ret=SUCCESS |  
2019-08-21 02:17:18,322 [grpc-default-executor-0] INFO  client.GrpcClientProtocolClient (GrpcClientProtocolClient.java:onNext(255)) - client-54CC064C3FCE->8224e767-71c1-41fc-a01a-d172d48fd9d8: receive RaftClientReply:client-54CC064C3FCE->8224e767-71c1-41fc-a01a-d172d48fd9d8@group-F6B37CC92441, cid=1371, SUCCESS, logIndex=1920, commits[8224e767-71c1-41fc-a01a-d172d48fd9d8:c1921, 6eae0c21-01aa-4169-956f-5952b26ea7ba:c1919, 8d7dcba1-3b82-4d94-a832-514ef5c79cf8:c1919]
2019-08-21 02:17:18,322 [grpc-default-executor-0] INFO  client.GrpcClientProtocolClient (GrpcClientProtocolClient.java:onNext(255)) - client-54CC064C3FCE->8224e767-71c1-41fc-a01a-d172d48fd9d8: receive RaftClientReply:client-54CC064C3FCE->8224e767-71c1-41fc-a01a-d172d48fd9d8@group-F6B37CC92441, cid=1372, SUCCESS, logIndex=1921, commits[8224e767-71c1-41fc-a01a-d172d48fd9d8:c1921, 6eae0c21-01aa-4169-956f-5952b26ea7ba:c1919, 8d7dcba1-3b82-4d94-a832-514ef5c79cf8:c1919]
2019-08-21 02:17:18,329 | INFO  | DNAudit | user=null | ip=null | op=WRITE_CHUNK {blockData=conID: 3 locID: 102652565143814624 bcsId: 1921} | ret=SUCCESS |  
2019-08-21 02:17:18,332 | INFO  | DNAudit | user=null | ip=null | op=WRITE_CHUNK {blockData=conID: 3 locID: 102652565143814624 bcsId: 1921} | ret=SUCCESS |  
2019-08-21 02:17:18,332 | INFO  | DNAudit | user=null | ip=null | op=WRITE_CHUNK {blockData=conID: 3 locID: 102652565143814624 bcsId: 1921} | ret=SUCCESS |  
2019-08-21 02:17:18,332 | INFO  | DNAudit | user=null | ip=null | op=WRITE_CHUNK {blockData=conID: 3 locID: 102652565143814624 bcsId: 1915} | ret=SUCCESS |  
2019-08-21 02:17:18,333 | INFO  | DNAudit | user=null | ip=null | op=WRITE_CHUNK {blockData=conID: 3 locID: 102652565143814624 bcsId: 1915} | ret=SUCCESS |  
2019-08-21 02:17:18,336 | INFO  | DNAudit | user=null | ip=null | op=PUT_BLOCK {blockData=[blockId=conID: 3 locID: 102652565143814624 bcsId: 0,size=3145728]} | ret=SUCCESS |  
2019-08-21 02:17:18,336 | INFO  | DNAudit | user=null | ip=null | op=PUT_BLOCK {blockData=[blockId=conID: 3 locID: 102652565143814624 bcsId: 0,size=3145728]} | ret=SUCCESS |  
2019-08-21 02:17:18,336 | INFO  | DNAudit | user=null | ip=null | op=WRITE_CHUNK {blockData=conID: 3 locID: 102652565143814624 bcsId: 1921} | ret=SUCCESS |  
2019-08-21 02:17:18,336 | INFO  | DNAudit | user=null | ip=null | op=PUT_BLOCK {blockData=[blockId=conID: 3 locID: 102652565143814624 bcsId: 0,size=4194304]} | ret=SUCCESS |  
2019-08-21 02:17:18,337 [grpc-default-executor-0] INFO  client.GrpcClientProtocolClient (GrpcClientProtocolClient.java:onNext(255)) - client-54CC064C3FCE->8224e767-71c1-41fc-a01a-d172d48fd9d8: receive RaftClientReply:client-54CC064C3FCE->8224e767-71c1-41fc-a01a-d172d48fd9d8@group-F6B37CC92441, cid=1373, SUCCESS, logIndex=1924, commits[8224e767-71c1-41fc-a01a-d172d48fd9d8:c1925, 6eae0c21-01aa-4169-956f-5952b26ea7ba:c1921, 8d7dcba1-3b82-4d94-a832-514ef5c79cf8:c1921]
2019-08-21 02:17:18,337 [grpc-default-executor-0] INFO  client.GrpcClientProtocolClient (GrpcClientProtocolClient.java:onNext(255)) - client-54CC064C3FCE->8224e767-71c1-41fc-a01a-d172d48fd9d8: receive RaftClientReply:client-54CC064C3FCE->8224e767-71c1-41fc-a01a-d172d48fd9d8@group-F6B37CC92441, cid=1374, SUCCESS, logIndex=1925, commits[8224e767-71c1-41fc-a01a-d172d48fd9d8:c1925, 6eae0c21-01aa-4169-956f-5952b26ea7ba:c1921, 8d7dcba1-3b82-4d94-a832-514ef5c79cf8:c1921]
2019-08-21 02:17:18,348 | INFO  | DNAudit | user=null | ip=null | op=WRITE_CHUNK {blockData=conID: 3 locID: 102652565143814624 bcsId: 1921} | ret=SUCCESS |  
2019-08-21 02:17:18,348 | INFO  | DNAudit | user=null | ip=null | op=WRITE_CHUNK {blockData=conID: 3 locID: 102652565143814624 bcsId: 1921} | ret=SUCCESS |  
2019-08-21 02:17:18,349 | INFO  | DNAudit | user=null | ip=null | op=PUT_BLOCK {blockData=[blockId=conID: 3 locID: 102652565143814624 bcsId: 0,size=4194304]} | ret=SUCCESS |  
2019-08-21 02:17:18,349 | INFO  | DNAudit | user=null | ip=null | op=PUT_BLOCK {blockData=[blockId=conID: 3 locID: 102652565143814624 bcsId: 0,size=4194304]} | ret=SUCCESS |  
2019-08-21 02:17:18,350 [grpc-default-executor-0] INFO  client.GrpcClientProtocolClient (GrpcClientProtocolClient.java:onNext(255)) - client-54CC064C3FCE->8224e767-71c1-41fc-a01a-d172d48fd9d8: receive RaftClientReply:client-54CC064C3FCE->8224e767-71c1-41fc-a01a-d172d48fd9d8@group-F6B37CC92441, cid=1375, SUCCESS, logIndex=0, commits[8224e767-71c1-41fc-a01a-d172d48fd9d8:c1927, 6eae0c21-01aa-4169-956f-5952b26ea7ba:c1925, 8d7dcba1-3b82-4d94-a832-514ef5c79cf8:c1925]
2019-08-21 02:17:18,354 | INFO  | SCMAudit | user=jenkins1000 | ip=192.168.34.10 | op=ALLOCATE_BLOCK {owner=b6f66289-f2a0-4058-b052-0a85e40df67b, size=4194304, type=RATIS, factor=THREE} | ret=SUCCESS |  
2019-08-21 02:17:18,356 | INFO  | OMAudit | user=jenkins1000 | ip=127.0.0.1 | op=ALLOCATE_BLOCK {volume=vol-0-90982, bucket=bucket-0-24269, key=key-0-81262, dataSize=0, replicationType=null, replicationFactor=null, keyLocationInfo=null, clientID=102652564580991378} | ret=SUCCESS |  
2019-08-21 02:17:18,362 | INFO  | DNAudit | user=null | ip=null | op=WRITE_CHUNK {blockData=conID: 1 locID: 102652565150302689 bcsId: 0} | ret=SUCCESS |  
2019-08-21 02:17:18,365 | INFO  | DNAudit | user=null | ip=null | op=WRITE_CHUNK {blockData=conID: 1 locID: 102652565150302689 bcsId: 0} | ret=SUCCESS |  
2019-08-21 02:17:18,365 | INFO  | DNAudit | user=null | ip=null | op=WRITE_CHUNK {blockData=conID: 1 locID: 102652565150302689 bcsId: 0} | ret=SUCCESS |  
2019-08-21 02:17:18,365 | INFO  | DNAudit | user=null | ip=null | op=WRITE_CHUNK {blockData=conID: 1 locID: 102652565150302689 bcsId: 0} | ret=SUCCESS |  
2019-08-21 02:17:18,366 | INFO  | DNAudit | user=null | ip=null | op=WRITE_CHUNK {blockData=conID: 1 locID: 102652565150302689 bcsId: 0} | ret=SUCCESS |  
2019-08-21 02:17:18,366 | INFO  | DNAudit | user=null | ip=null | op=WRITE_CHUNK {blockData=conID: 1 locID: 102652565150302689 bcsId: 0} | ret=SUCCESS |  
2019-08-21 02:17:18,377 | INFO  | DNAudit | user=null | ip=null | op=WRITE_CHUNK {blockData=conID: 1 locID: 102652565150302689 bcsId: 0} | ret=SUCCESS |  
2019-08-21 02:17:18,377 | INFO  | DNAudit | user=null | ip=null | op=PUT_BLOCK {blockData=[blockId=conID: 1 locID: 102652565150302689 bcsId: 0,size=1048576]} | ret=SUCCESS |  
2019-08-21 02:17:18,377 [grpc-default-executor-2] INFO  client.GrpcClientProtocolClient (GrpcClientProtocolClient.java:onNext(255)) - client-54CC064C3FCE->8224e767-71c1-41fc-a01a-d172d48fd9d8: receive RaftClientReply:client-54CC064C3FCE->8224e767-71c1-41fc-a01a-d172d48fd9d8@group-F6B37CC92441, cid=1376, SUCCESS, logIndex=1928, commits[8224e767-71c1-41fc-a01a-d172d48fd9d8:c1929, 6eae0c21-01aa-4169-956f-5952b26ea7ba:c1927, 8d7dcba1-3b82-4d94-a832-514ef5c79cf8:c1927]
2019-08-21 02:17:18,378 [grpc-default-executor-2] INFO  client.GrpcClientProtocolClient (GrpcClientProtocolClient.java:onNext(255)) - client-54CC064C3FCE->8224e767-71c1-41fc-a01a-d172d48fd9d8: receive RaftClientReply:client-54CC064C3FCE->8224e767-71c1-41fc-a01a-d172d48fd9d8@group-F6B37CC92441, cid=1377, SUCCESS, logIndex=1929, commits[8224e767-71c1-41fc-a01a-d172d48fd9d8:c1929, 6eae0c21-01aa-4169-956f-5952b26ea7ba:c1927, 8d7dcba1-3b82-4d94-a832-514ef5c79cf8:c1927]
2019-08-21 02:17:18,387 | INFO  | DNAudit | user=null | ip=null | op=WRITE_CHUNK {blockData=conID: 1 locID: 102652565150302689 bcsId: 0} | ret=SUCCESS |  
2019-08-21 02:17:18,387 | INFO  | DNAudit | user=null | ip=null | op=PUT_BLOCK {blockData=[blockId=conID: 1 locID: 102652565150302689 bcsId: 0,size=2097152]} | ret=SUCCESS |  
2019-08-21 02:17:18,387 [grpc-default-executor-2] INFO  client.GrpcClientProtocolClient (GrpcClientProtocolClient.java:onNext(255)) - client-54CC064C3FCE->8224e767-71c1-41fc-a01a-d172d48fd9d8: receive RaftClientReply:client-54CC064C3FCE->8224e767-71c1-41fc-a01a-d172d48fd9d8@group-F6B37CC92441, cid=1378, SUCCESS, logIndex=1930, commits[8224e767-71c1-41fc-a01a-d172d48fd9d8:c1931, 6eae0c21-01aa-4169-956f-5952b26ea7ba:c1927, 8d7dcba1-3b82-4d94-a832-514ef5c79cf8:c1927]
2019-08-21 02:17:18,388 [grpc-default-executor-2] INFO  client.GrpcClientProtocolClient (GrpcClientProtocolClient.java:onNext(255)) - client-54CC064C3FCE->8224e767-71c1-41fc-a01a-d172d48fd9d8: receive RaftClientReply:client-54CC064C3FCE->8224e767-71c1-41fc-a01a-d172d48fd9d8@group-F6B37CC92441, cid=1379, SUCCESS, logIndex=1931, commits[8224e767-71c1-41fc-a01a-d172d48fd9d8:c1931, 6eae0c21-01aa-4169-956f-5952b26ea7ba:c1927, 8d7dcba1-3b82-4d94-a832-514ef5c79cf8:c1927]
2019-08-21 02:17:18,388 | INFO  | DNAudit | user=null | ip=null | op=WRITE_CHUNK {blockData=conID: 1 locID: 102652565150302689 bcsId: 0} | ret=SUCCESS |  
2019-08-21 02:17:18,388 | INFO  | DNAudit | user=null | ip=null | op=WRITE_CHUNK {blockData=conID: 1 locID: 102652565150302689 bcsId: 0} | ret=SUCCESS |  
2019-08-21 02:17:18,388 | INFO  | DNAudit | user=null | ip=null | op=PUT_BLOCK {blockData=[blockId=conID: 1 locID: 102652565150302689 bcsId: 0,size=1048576]} | ret=SUCCESS |  
2019-08-21 02:17:18,388 | INFO  | DNAudit | user=null | ip=null | op=PUT_BLOCK {blockData=[blockId=conID: 1 locID: 102652565150302689 bcsId: 0,size=1048576]} | ret=SUCCESS |  
2019-08-21 02:17:18,389 [grpc-default-executor-4] INFO  client.GrpcClientProtocolClient (GrpcClientProtocolClient.java:onNext(255)) - client-54CC064C3FCE->8224e767-71c1-41fc-a01a-d172d48fd9d8: receive RaftClientReply:client-54CC064C3FCE->8224e767-71c1-41fc-a01a-d172d48fd9d8@group-F6B37CC92441, cid=1380, SUCCESS, logIndex=0, commits[8224e767-71c1-41fc-a01a-d172d48fd9d8:c1933, 6eae0c21-01aa-4169-956f-5952b26ea7ba:c1929, 8d7dcba1-3b82-4d94-a832-514ef5c79cf8:c1929]
2019-08-21 02:17:18,395 | INFO  | DNAudit | user=null | ip=null | op=WRITE_CHUNK {blockData=conID: 1 locID: 102652565150302689 bcsId: 1931} | ret=SUCCESS |  
2019-08-21 02:17:18,397 | INFO  | DNAudit | user=null | ip=null | op=WRITE_CHUNK {blockData=conID: 1 locID: 102652565150302689 bcsId: 1931} | ret=SUCCESS |  
2019-08-21 02:17:18,397 | INFO  | DNAudit | user=null | ip=null | op=WRITE_CHUNK {blockData=conID: 1 locID: 102652565150302689 bcsId: 1931} | ret=SUCCESS |  
2019-08-21 02:17:18,409 | INFO  | DNAudit | user=null | ip=null | op=WRITE_CHUNK {blockData=conID: 1 locID: 102652565150302689 bcsId: 0} | ret=SUCCESS |  
2019-08-21 02:17:18,409 | INFO  | DNAudit | user=null | ip=null | op=WRITE_CHUNK {blockData=conID: 1 locID: 102652565150302689 bcsId: 0} | ret=SUCCESS |  
2019-08-21 02:17:18,409 | INFO  | DNAudit | user=null | ip=null | op=WRITE_CHUNK {blockData=conID: 1 locID: 102652565150302689 bcsId: 1931} | ret=SUCCESS |  
2019-08-21 02:17:18,409 | INFO  | DNAudit | user=null | ip=null | op=PUT_BLOCK {blockData=[blockId=conID: 1 locID: 102652565150302689 bcsId: 0,size=2097152]} | ret=SUCCESS |  
2019-08-21 02:17:18,409 | INFO  | DNAudit | user=null | ip=null | op=PUT_BLOCK {blockData=[blockId=conID: 1 locID: 102652565150302689 bcsId: 0,size=2097152]} | ret=SUCCESS |  
2019-08-21 02:17:18,409 | INFO  | DNAudit | user=null | ip=null | op=PUT_BLOCK {blockData=[blockId=conID: 1 locID: 102652565150302689 bcsId: 0,size=3145728]} | ret=SUCCESS |  
2019-08-21 02:17:18,410 [grpc-default-executor-4] INFO  client.GrpcClientProtocolClient (GrpcClientProtocolClient.java:onNext(255)) - client-54CC064C3FCE->8224e767-71c1-41fc-a01a-d172d48fd9d8: receive RaftClientReply:client-54CC064C3FCE->8224e767-71c1-41fc-a01a-d172d48fd9d8@group-F6B37CC92441, cid=1381, SUCCESS, logIndex=1936, commits[8224e767-71c1-41fc-a01a-d172d48fd9d8:c1937, 6eae0c21-01aa-4169-956f-5952b26ea7ba:c1935, 8d7dcba1-3b82-4d94-a832-514ef5c79cf8:c1935]
2019-08-21 02:17:18,410 [grpc-default-executor-4] INFO  client.GrpcClientProtocolClient (GrpcClientProtocolClient.java:onNext(255)) - client-54CC064C3FCE->8224e767-71c1-41fc-a01a-d172d48fd9d8: receive RaftClientReply:client-54CC064C3FCE->8224e767-71c1-41fc-a01a-d172d48fd9d8@group-F6B37CC92441, cid=1382, SUCCESS, logIndex=1937, commits[8224e767-71c1-41fc-a01a-d172d48fd9d8:c1937, 6eae0c21-01aa-4169-956f-5952b26ea7ba:c1935, 8d7dcba1-3b82-4d94-a832-514ef5c79cf8:c1935]
2019-08-21 02:17:18,416 | INFO  | DNAudit | user=null | ip=null | op=WRITE_CHUNK {blockData=conID: 1 locID: 102652565150302689 bcsId: 1937} | ret=SUCCESS |  
2019-08-21 02:17:18,418 | INFO  | DNAudit | user=null | ip=null | op=WRITE_CHUNK {blockData=conID: 1 locID: 102652565150302689 bcsId: 1937} | ret=SUCCESS |  
2019-08-21 02:17:18,418 | INFO  | DNAudit | user=null | ip=null | op=WRITE_CHUNK {blockData=conID: 1 locID: 102652565150302689 bcsId: 1937} | ret=SUCCESS |  
2019-08-21 02:17:18,422 | INFO  | DNAudit | user=null | ip=null | op=WRITE_CHUNK {blockData=conID: 1 locID: 102652565150302689 bcsId: 1931} | ret=SUCCESS |  
2019-08-21 02:17:18,422 | INFO  | DNAudit | user=null | ip=null | op=WRITE_CHUNK {blockData=conID: 1 locID: 102652565150302689 bcsId: 1931} | ret=SUCCESS |  
2019-08-21 02:17:18,422 | INFO  | DNAudit | user=null | ip=null | op=PUT_BLOCK {blockData=[blockId=conID: 1 locID: 102652565150302689 bcsId: 0,size=3145728]} | ret=SUCCESS |  
2019-08-21 02:17:18,423 | INFO  | DNAudit | user=null | ip=null | op=PUT_BLOCK {blockData=[blockId=conID: 1 locID: 102652565150302689 bcsId: 0,size=3145728]} | ret=SUCCESS |  
2019-08-21 02:17:18,434 | INFO  | DNAudit | user=null | ip=null | op=WRITE_CHUNK {blockData=conID: 1 locID: 102652565150302689 bcsId: 1937} | ret=SUCCESS |  
2019-08-21 02:17:18,435 | INFO  | DNAudit | user=null | ip=null | op=PUT_BLOCK {blockData=[blockId=conID: 1 locID: 102652565150302689 bcsId: 0,size=4194304]} | ret=SUCCESS |  
2019-08-21 02:17:18,435 [grpc-default-executor-4] INFO  client.GrpcClientProtocolClient (GrpcClientProtocolClient.java:onNext(255)) - client-54CC064C3FCE->8224e767-71c1-41fc-a01a-d172d48fd9d8: receive RaftClientReply:client-54CC064C3FCE->8224e767-71c1-41fc-a01a-d172d48fd9d8@group-F6B37CC92441, cid=1383, SUCCESS, logIndex=1940, commits[8224e767-71c1-41fc-a01a-d172d48fd9d8:c1941, 6eae0c21-01aa-4169-956f-5952b26ea7ba:c1937, 8d7dcba1-3b82-4d94-a832-514ef5c79cf8:c1937]
2019-08-21 02:17:18,435 [grpc-default-executor-4] INFO  client.GrpcClientProtocolClient (GrpcClientProtocolClient.java:onNext(255)) - client-54CC064C3FCE->8224e767-71c1-41fc-a01a-d172d48fd9d8: receive RaftClientReply:client-54CC064C3FCE->8224e767-71c1-41fc-a01a-d172d48fd9d8@group-F6B37CC92441, cid=1384, SUCCESS, logIndex=1941, commits[8224e767-71c1-41fc-a01a-d172d48fd9d8:c1941, 6eae0c21-01aa-4169-956f-5952b26ea7ba:c1937, 8d7dcba1-3b82-4d94-a832-514ef5c79cf8:c1937]
2019-08-21 02:17:18,445 | INFO  | DNAudit | user=null | ip=null | op=WRITE_CHUNK {blockData=conID: 1 locID: 102652565150302689 bcsId: 1937} | ret=SUCCESS |  
2019-08-21 02:17:18,445 | INFO  | DNAudit | user=null | ip=null | op=WRITE_CHUNK {blockData=conID: 1 locID: 102652565150302689 bcsId: 1937} | ret=SUCCESS |  
2019-08-21 02:17:18,448 | INFO  | DNAudit | user=null | ip=null | op=PUT_BLOCK {blockData=[blockId=conID: 1 locID: 102652565150302689 bcsId: 0,size=4194304]} | ret=SUCCESS |  
2019-08-21 02:17:18,448 | INFO  | DNAudit | user=null | ip=null | op=PUT_BLOCK {blockData=[blockId=conID: 1 locID: 102652565150302689 bcsId: 0,size=4194304]} | ret=SUCCESS |  
2019-08-21 02:17:18,449 [grpc-default-executor-4] INFO  client.GrpcClientProtocolClient (GrpcClientProtocolClient.java:onNext(255)) - client-54CC064C3FCE->8224e767-71c1-41fc-a01a-d172d48fd9d8: receive RaftClientReply:client-54CC064C3FCE->8224e767-71c1-41fc-a01a-d172d48fd9d8@group-F6B37CC92441, cid=1385, SUCCESS, logIndex=0, commits[8224e767-71c1-41fc-a01a-d172d48fd9d8:c1943, 6eae0c21-01aa-4169-956f-5952b26ea7ba:c1941, 8d7dcba1-3b82-4d94-a832-514ef5c79cf8:c1941]
2019-08-21 02:17:18,453 | INFO  | SCMAudit | user=jenkins1000 | ip=192.168.34.10 | op=ALLOCATE_BLOCK {owner=b6f66289-f2a0-4058-b052-0a85e40df67b, size=4194304, type=RATIS, factor=THREE} | ret=SUCCESS |  
2019-08-21 02:17:18,456 | INFO  | OMAudit | user=jenkins1000 | ip=127.0.0.1 | op=ALLOCATE_BLOCK {volume=vol-0-90982, bucket=bucket-0-24269, key=key-0-81262, dataSize=0, replicationType=null, replicationFactor=null, keyLocationInfo=null, clientID=102652564580991378} | ret=SUCCESS |  
2019-08-21 02:17:18,463 | INFO  | DNAudit | user=null | ip=null | op=WRITE_CHUNK {blockData=conID: 2 locID: 102652565156856290 bcsId: 0} | ret=SUCCESS |  
2019-08-21 02:17:18,464 | INFO  | DNAudit | user=null | ip=null | op=WRITE_CHUNK {blockData=conID: 2 locID: 102652565156856290 bcsId: 0} | ret=SUCCESS |  
2019-08-21 02:17:18,466 | INFO  | DNAudit | user=null | ip=null | op=WRITE_CHUNK {blockData=conID: 2 locID: 102652565156856290 bcsId: 0} | ret=SUCCESS |  
2019-08-21 02:17:18,466 | INFO  | DNAudit | user=null | ip=null | op=WRITE_CHUNK {blockData=conID: 2 locID: 102652565156856290 bcsId: 0} | ret=SUCCESS |  
2019-08-21 02:17:18,466 | INFO  | DNAudit | user=null | ip=null | op=WRITE_CHUNK {blockData=conID: 2 locID: 102652565156856290 bcsId: 0} | ret=SUCCESS |  
2019-08-21 02:17:18,467 | INFO  | DNAudit | user=null | ip=null | op=WRITE_CHUNK {blockData=conID: 2 locID: 102652565156856290 bcsId: 0} | ret=SUCCESS |  
2019-08-21 02:17:18,476 | INFO  | DNAudit | user=null | ip=null | op=WRITE_CHUNK {blockData=conID: 2 locID: 102652565156856290 bcsId: 0} | ret=SUCCESS |  
2019-08-21 02:17:18,477 | INFO  | DNAudit | user=null | ip=null | op=PUT_BLOCK {blockData=[blockId=conID: 2 locID: 102652565156856290 bcsId: 0,size=1048576]} | ret=SUCCESS |  
2019-08-21 02:17:18,477 [grpc-default-executor-4] INFO  client.GrpcClientProtocolClient (GrpcClientProtocolClient.java:onNext(255)) - client-54CC064C3FCE->8224e767-71c1-41fc-a01a-d172d48fd9d8: receive RaftClientReply:client-54CC064C3FCE->8224e767-71c1-41fc-a01a-d172d48fd9d8@group-F6B37CC92441, cid=1386, SUCCESS, logIndex=1944, commits[8224e767-71c1-41fc-a01a-d172d48fd9d8:c1947, 6eae0c21-01aa-4169-956f-5952b26ea7ba:c1943, 8d7dcba1-3b82-4d94-a832-514ef5c79cf8:c1943]
2019-08-21 02:17:18,477 | INFO  | DNAudit | user=null | ip=null | op=WRITE_CHUNK {blockData=conID: 2 locID: 102652565156856290 bcsId: 0} | ret=SUCCESS |  
2019-08-21 02:17:18,477 [grpc-default-executor-4] INFO  client.GrpcClientProtocolClient (GrpcClientProtocolClient.java:onNext(255)) - client-54CC064C3FCE->8224e767-71c1-41fc-a01a-d172d48fd9d8: receive RaftClientReply:client-54CC064C3FCE->8224e767-71c1-41fc-a01a-d172d48fd9d8@group-F6B37CC92441, cid=1387, SUCCESS, logIndex=1945, commits[8224e767-71c1-41fc-a01a-d172d48fd9d8:c1947, 6eae0c21-01aa-4169-956f-5952b26ea7ba:c1943, 8d7dcba1-3b82-4d94-a832-514ef5c79cf8:c1943]
2019-08-21 02:17:18,477 | INFO  | DNAudit | user=null | ip=null | op=PUT_BLOCK {blockData=[blockId=conID: 2 locID: 102652565156856290 bcsId: 0,size=2097152]} | ret=SUCCESS |  
2019-08-21 02:17:18,477 [grpc-default-executor-4] INFO  client.GrpcClientProtocolClient (GrpcClientProtocolClient.java:onNext(255)) - client-54CC064C3FCE->8224e767-71c1-41fc-a01a-d172d48fd9d8: receive RaftClientReply:client-54CC064C3FCE->8224e767-71c1-41fc-a01a-d172d48fd9d8@group-F6B37CC92441, cid=1388, SUCCESS, logIndex=1946, commits[8224e767-71c1-41fc-a01a-d172d48fd9d8:c1947, 6eae0c21-01aa-4169-956f-5952b26ea7ba:c1943, 8d7dcba1-3b82-4d94-a832-514ef5c79cf8:c1943]
2019-08-21 02:17:18,478 [grpc-default-executor-4] INFO  client.GrpcClientProtocolClient (GrpcClientProtocolClient.java:onNext(255)) - client-54CC064C3FCE->8224e767-71c1-41fc-a01a-d172d48fd9d8: receive RaftClientReply:client-54CC064C3FCE->8224e767-71c1-41fc-a01a-d172d48fd9d8@group-F6B37CC92441, cid=1389, SUCCESS, logIndex=1947, commits[8224e767-71c1-41fc-a01a-d172d48fd9d8:c1947, 6eae0c21-01aa-4169-956f-5952b26ea7ba:c1943, 8d7dcba1-3b82-4d94-a832-514ef5c79cf8:c1943]
2019-08-21 02:17:18,478 | INFO  | DNAudit | user=null | ip=null | op=WRITE_CHUNK {blockData=conID: 2 locID: 102652565156856290 bcsId: 0} | ret=SUCCESS |  
2019-08-21 02:17:18,478 | INFO  | DNAudit | user=null | ip=null | op=WRITE_CHUNK {blockData=conID: 2 locID: 102652565156856290 bcsId: 0} | ret=SUCCESS |  
2019-08-21 02:17:18,478 | INFO  | DNAudit | user=null | ip=null | op=PUT_BLOCK {blockData=[blockId=conID: 2 locID: 102652565156856290 bcsId: 0,size=1048576]} | ret=SUCCESS |  
2019-08-21 02:17:18,478 | INFO  | DNAudit | user=null | ip=null | op=PUT_BLOCK {blockData=[blockId=conID: 2 locID: 102652565156856290 bcsId: 0,size=1048576]} | ret=SUCCESS |  
2019-08-21 02:17:18,479 [grpc-default-executor-4] INFO  client.GrpcClientProtocolClient (GrpcClientProtocolClient.java:onNext(255)) - client-54CC064C3FCE->8224e767-71c1-41fc-a01a-d172d48fd9d8: receive RaftClientReply:client-54CC064C3FCE->8224e767-71c1-41fc-a01a-d172d48fd9d8@group-F6B37CC92441, cid=1390, SUCCESS, logIndex=0, commits[8224e767-71c1-41fc-a01a-d172d48fd9d8:c1948, 6eae0c21-01aa-4169-956f-5952b26ea7ba:c1945, 8d7dcba1-3b82-4d94-a832-514ef5c79cf8:c1945]
2019-08-21 02:17:18,480 | INFO  | DNAudit | user=null | ip=null | op=WRITE_CHUNK {blockData=conID: 2 locID: 102652565156856290 bcsId: 0} | ret=SUCCESS |  
2019-08-21 02:17:18,480 | INFO  | DNAudit | user=null | ip=null | op=WRITE_CHUNK {blockData=conID: 2 locID: 102652565156856290 bcsId: 0} | ret=SUCCESS |  
2019-08-21 02:17:18,480 | INFO  | DNAudit | user=null | ip=null | op=PUT_BLOCK {blockData=[blockId=conID: 2 locID: 102652565156856290 bcsId: 0,size=2097152]} | ret=SUCCESS |  
2019-08-21 02:17:18,480 | INFO  | DNAudit | user=null | ip=null | op=PUT_BLOCK {blockData=[blockId=conID: 2 locID: 102652565156856290 bcsId: 0,size=2097152]} | ret=SUCCESS |  
2019-08-21 02:17:18,484 | INFO  | DNAudit | user=null | ip=null | op=WRITE_CHUNK {blockData=conID: 2 locID: 102652565156856290 bcsId: 1947} | ret=SUCCESS |  
2019-08-21 02:17:18,486 | INFO  | DNAudit | user=null | ip=null | op=WRITE_CHUNK {blockData=conID: 2 locID: 102652565156856290 bcsId: 1947} | ret=SUCCESS |  
2019-08-21 02:17:18,486 | INFO  | DNAudit | user=null | ip=null | op=WRITE_CHUNK {blockData=conID: 2 locID: 102652565156856290 bcsId: 1947} | ret=SUCCESS |  
2019-08-21 02:17:18,488 | INFO  | DNAudit | user=null | ip=null | op=WRITE_CHUNK {blockData=conID: 2 locID: 102652565156856290 bcsId: 1947} | ret=SUCCESS |  
2019-08-21 02:17:18,489 | INFO  | DNAudit | user=null | ip=null | op=PUT_BLOCK {blockData=[blockId=conID: 2 locID: 102652565156856290 bcsId: 0,size=3145728]} | ret=SUCCESS |  
2019-08-21 02:17:18,489 [grpc-default-executor-2] INFO  client.GrpcClientProtocolClient (GrpcClientProtocolClient.java:onNext(255)) - client-54CC064C3FCE->8224e767-71c1-41fc-a01a-d172d48fd9d8: receive RaftClientReply:client-54CC064C3FCE->8224e767-71c1-41fc-a01a-d172d48fd9d8@group-F6B37CC92441, cid=1391, SUCCESS, logIndex=1952, commits[8224e767-71c1-41fc-a01a-d172d48fd9d8:c1953, 6eae0c21-01aa-4169-956f-5952b26ea7ba:c1947, 8d7dcba1-3b82-4d94-a832-514ef5c79cf8:c1951]
2019-08-21 02:17:18,489 [grpc-default-executor-2] INFO  client.GrpcClientProtocolClient (GrpcClientProtocolClient.java:onNext(255)) - client-54CC064C3FCE->8224e767-71c1-41fc-a01a-d172d48fd9d8: receive RaftClientReply:client-54CC064C3FCE->8224e767-71c1-41fc-a01a-d172d48fd9d8@group-F6B37CC92441, cid=1392, SUCCESS, logIndex=1953, commits[8224e767-71c1-41fc-a01a-d172d48fd9d8:c1953, 6eae0c21-01aa-4169-956f-5952b26ea7ba:c1951, 8d7dcba1-3b82-4d94-a832-514ef5c79cf8:c1951]
2019-08-21 02:17:18,491 | INFO  | DNAudit | user=null | ip=null | op=WRITE_CHUNK {blockData=conID: 2 locID: 102652565156856290 bcsId: 1947} | ret=SUCCESS |  
2019-08-21 02:17:18,491 | INFO  | DNAudit | user=null | ip=null | op=WRITE_CHUNK {blockData=conID: 2 locID: 102652565156856290 bcsId: 1947} | ret=SUCCESS |  
2019-08-21 02:17:18,492 | INFO  | DNAudit | user=null | ip=null | op=PUT_BLOCK {blockData=[blockId=conID: 2 locID: 102652565156856290 bcsId: 0,size=3145728]} | ret=SUCCESS |  
2019-08-21 02:17:18,492 | INFO  | DNAudit | user=null | ip=null | op=PUT_BLOCK {blockData=[blockId=conID: 2 locID: 102652565156856290 bcsId: 0,size=3145728]} | ret=SUCCESS |  
2019-08-21 02:17:18,585 | INFO  | DNAudit | user=null | ip=null | op=WRITE_CHUNK {blockData=conID: 2 locID: 102652565156856290 bcsId: 1953} | ret=SUCCESS |  
2019-08-21 02:17:18,587 | INFO  | DNAudit | user=null | ip=null | op=WRITE_CHUNK {blockData=conID: 2 locID: 102652565156856290 bcsId: 1953} | ret=SUCCESS |  
2019-08-21 02:17:18,588 | INFO  | DNAudit | user=null | ip=null | op=WRITE_CHUNK {blockData=conID: 2 locID: 102652565156856290 bcsId: 1953} | ret=SUCCESS |  
2019-08-21 02:17:18,592 | INFO  | DNAudit | user=null | ip=null | op=WRITE_CHUNK {blockData=conID: 2 locID: 102652565156856290 bcsId: 1953} | ret=SUCCESS |  
2019-08-21 02:17:18,593 | INFO  | DNAudit | user=null | ip=null | op=PUT_BLOCK {blockData=[blockId=conID: 2 locID: 102652565156856290 bcsId: 0,size=4194304]} | ret=SUCCESS |  
2019-08-21 02:17:18,593 [grpc-default-executor-0] INFO  client.GrpcClientProtocolClient (GrpcClientProtocolClient.java:onNext(255)) - client-54CC064C3FCE->8224e767-71c1-41fc-a01a-d172d48fd9d8: receive RaftClientReply:client-54CC064C3FCE->8224e767-71c1-41fc-a01a-d172d48fd9d8@group-F6B37CC92441, cid=1393, SUCCESS, logIndex=1956, commits[8224e767-71c1-41fc-a01a-d172d48fd9d8:c1957, 6eae0c21-01aa-4169-956f-5952b26ea7ba:c1955, 8d7dcba1-3b82-4d94-a832-514ef5c79cf8:c1955]
2019-08-21 02:17:18,594 | INFO  | DNAudit | user=null | ip=null | op=WRITE_CHUNK {blockData=conID: 2 locID: 102652565156856290 bcsId: 1953} | ret=SUCCESS |  
2019-08-21 02:17:18,593 [grpc-default-executor-0] INFO  client.GrpcClientProtocolClient (GrpcClientProtocolClient.java:onNext(255)) - client-54CC064C3FCE->8224e767-71c1-41fc-a01a-d172d48fd9d8: receive RaftClientReply:client-54CC064C3FCE->8224e767-71c1-41fc-a01a-d172d48fd9d8@group-F6B37CC92441, cid=1394, SUCCESS, logIndex=1957, commits[8224e767-71c1-41fc-a01a-d172d48fd9d8:c1957, 6eae0c21-01aa-4169-956f-5952b26ea7ba:c1955, 8d7dcba1-3b82-4d94-a832-514ef5c79cf8:c1955]
2019-08-21 02:17:18,594 | INFO  | DNAudit | user=null | ip=null | op=WRITE_CHUNK {blockData=conID: 2 locID: 102652565156856290 bcsId: 1953} | ret=SUCCESS |  
2019-08-21 02:17:18,594 | INFO  | DNAudit | user=null | ip=null | op=PUT_BLOCK {blockData=[blockId=conID: 2 locID: 102652565156856290 bcsId: 0,size=4194304]} | ret=SUCCESS |  
2019-08-21 02:17:18,594 | INFO  | DNAudit | user=null | ip=null | op=PUT_BLOCK {blockData=[blockId=conID: 2 locID: 102652565156856290 bcsId: 0,size=4194304]} | ret=SUCCESS |  
2019-08-21 02:17:18,595 [grpc-default-executor-4] INFO  client.GrpcClientProtocolClient (GrpcClientProtocolClient.java:onNext(255)) - client-54CC064C3FCE->8224e767-71c1-41fc-a01a-d172d48fd9d8: receive RaftClientReply:client-54CC064C3FCE->8224e767-71c1-41fc-a01a-d172d48fd9d8@group-F6B37CC92441, cid=1395, SUCCESS, logIndex=0, commits[8224e767-71c1-41fc-a01a-d172d48fd9d8:c1958, 6eae0c21-01aa-4169-956f-5952b26ea7ba:c1957, 8d7dcba1-3b82-4d94-a832-514ef5c79cf8:c1957]
2019-08-21 02:17:18,600 | INFO  | SCMAudit | user=jenkins1000 | ip=192.168.34.10 | op=ALLOCATE_BLOCK {owner=b6f66289-f2a0-4058-b052-0a85e40df67b, size=4194304, type=RATIS, factor=THREE} | ret=SUCCESS |  
2019-08-21 02:17:18,602 | INFO  | OMAudit | user=jenkins1000 | ip=127.0.0.1 | op=ALLOCATE_BLOCK {volume=vol-0-90982, bucket=bucket-0-24269, key=key-0-81262, dataSize=0, replicationType=null, replicationFactor=null, keyLocationInfo=null, clientID=102652564580991378} | ret=SUCCESS |  
2019-08-21 02:17:18,610 | INFO  | DNAudit | user=null | ip=null | op=WRITE_CHUNK {blockData=conID: 3 locID: 102652565166490083 bcsId: 0} | ret=SUCCESS |  
2019-08-21 02:17:18,613 | INFO  | DNAudit | user=null | ip=null | op=WRITE_CHUNK {blockData=conID: 3 locID: 102652565166490083 bcsId: 0} | ret=SUCCESS |  
2019-08-21 02:17:18,613 | INFO  | DNAudit | user=null | ip=null | op=WRITE_CHUNK {blockData=conID: 3 locID: 102652565166490083 bcsId: 0} | ret=SUCCESS |  
2019-08-21 02:17:18,613 | INFO  | DNAudit | user=null | ip=null | op=WRITE_CHUNK {blockData=conID: 3 locID: 102652565166490083 bcsId: 0} | ret=SUCCESS |  
2019-08-21 02:17:18,616 | INFO  | DNAudit | user=null | ip=null | op=WRITE_CHUNK {blockData=conID: 3 locID: 102652565166490083 bcsId: 0} | ret=SUCCESS |  
2019-08-21 02:17:18,616 | INFO  | DNAudit | user=null | ip=null | op=WRITE_CHUNK {blockData=conID: 3 locID: 102652565166490083 bcsId: 0} | ret=SUCCESS |  
2019-08-21 02:17:18,622 | INFO  | DNAudit | user=null | ip=null | op=WRITE_CHUNK {blockData=conID: 3 locID: 102652565166490083 bcsId: 0} | ret=SUCCESS |  
2019-08-21 02:17:18,623 | INFO  | DNAudit | user=null | ip=null | op=PUT_BLOCK {blockData=[blockId=conID: 3 locID: 102652565166490083 bcsId: 0,size=1048576]} | ret=SUCCESS |  
2019-08-21 02:17:18,623 [grpc-default-executor-0] INFO  client.GrpcClientProtocolClient (GrpcClientProtocolClient.java:onNext(255)) - client-54CC064C3FCE->8224e767-71c1-41fc-a01a-d172d48fd9d8: receive RaftClientReply:client-54CC064C3FCE->8224e767-71c1-41fc-a01a-d172d48fd9d8@group-F6B37CC92441, cid=1396, SUCCESS, logIndex=1960, commits[8224e767-71c1-41fc-a01a-d172d48fd9d8:c1961, 6eae0c21-01aa-4169-956f-5952b26ea7ba:c1959, 8d7dcba1-3b82-4d94-a832-514ef5c79cf8:c1959]
2019-08-21 02:17:18,623 | INFO  | DNAudit | user=null | ip=null | op=WRITE_CHUNK {blockData=conID: 3 locID: 102652565166490083 bcsId: 0} | ret=SUCCESS |  
2019-08-21 02:17:18,624 | INFO  | DNAudit | user=null | ip=null | op=PUT_BLOCK {blockData=[blockId=conID: 3 locID: 102652565166490083 bcsId: 0,size=2097152]} | ret=SUCCESS |  
2019-08-21 02:17:18,624 [grpc-default-executor-0] INFO  client.GrpcClientProtocolClient (GrpcClientProtocolClient.java:onNext(255)) - client-54CC064C3FCE->8224e767-71c1-41fc-a01a-d172d48fd9d8: receive RaftClientReply:client-54CC064C3FCE->8224e767-71c1-41fc-a01a-d172d48fd9d8@group-F6B37CC92441, cid=1397, SUCCESS, logIndex=1961, commits[8224e767-71c1-41fc-a01a-d172d48fd9d8:c1961, 6eae0c21-01aa-4169-956f-5952b26ea7ba:c1959, 8d7dcba1-3b82-4d94-a832-514ef5c79cf8:c1959]
2019-08-21 02:17:18,624 [grpc-default-executor-0] INFO  client.GrpcClientProtocolClient (GrpcClientProtocolClient.java:onNext(255)) - client-54CC064C3FCE->8224e767-71c1-41fc-a01a-d172d48fd9d8: receive RaftClientReply:client-54CC064C3FCE->8224e767-71c1-41fc-a01a-d172d48fd9d8@group-F6B37CC92441, cid=1398, SUCCESS, logIndex=1962, commits[8224e767-71c1-41fc-a01a-d172d48fd9d8:c1963, 6eae0c21-01aa-4169-956f-5952b26ea7ba:c1959, 8d7dcba1-3b82-4d94-a832-514ef5c79cf8:c1959]
2019-08-21 02:17:18,625 | INFO  | DNAudit | user=null | ip=null | op=WRITE_CHUNK {blockData=conID: 3 locID: 102652565166490083 bcsId: 0} | ret=SUCCESS |  
2019-08-21 02:17:18,625 | INFO  | DNAudit | user=null | ip=null | op=PUT_BLOCK {blockData=[blockId=conID: 3 locID: 102652565166490083 bcsId: 0,size=1048576]} | ret=SUCCESS |  
2019-08-21 02:17:18,625 [grpc-default-executor-4] INFO  client.GrpcClientProtocolClient (GrpcClientProtocolClient.java:onNext(255)) - client-54CC064C3FCE->8224e767-71c1-41fc-a01a-d172d48fd9d8: receive RaftClientReply:client-54CC064C3FCE->8224e767-71c1-41fc-a01a-d172d48fd9d8@group-F6B37CC92441, cid=1399, SUCCESS, logIndex=1963, commits[8224e767-71c1-41fc-a01a-d172d48fd9d8:c1963, 6eae0c21-01aa-4169-956f-5952b26ea7ba:c1959, 8d7dcba1-3b82-4d94-a832-514ef5c79cf8:c1959]
2019-08-21 02:17:18,625 | INFO  | DNAudit | user=null | ip=null | op=WRITE_CHUNK {blockData=conID: 3 locID: 102652565166490083 bcsId: 0} | ret=SUCCESS |  
2019-08-21 02:17:18,625 | INFO  | DNAudit | user=null | ip=null | op=PUT_BLOCK {blockData=[blockId=conID: 3 locID: 102652565166490083 bcsId: 0,size=1048576]} | ret=SUCCESS |  
2019-08-21 02:17:18,626 | INFO  | DNAudit | user=null | ip=null | op=WRITE_CHUNK {blockData=conID: 3 locID: 102652565166490083 bcsId: 0} | ret=SUCCESS |  
2019-08-21 02:17:18,626 | INFO  | DNAudit | user=null | ip=null | op=PUT_BLOCK {blockData=[blockId=conID: 3 locID: 102652565166490083 bcsId: 0,size=2097152]} | ret=SUCCESS |  
2019-08-21 02:17:18,626 [grpc-default-executor-0] INFO  client.GrpcClientProtocolClient (GrpcClientProtocolClient.java:onNext(255)) - client-54CC064C3FCE->8224e767-71c1-41fc-a01a-d172d48fd9d8: receive RaftClientReply:client-54CC064C3FCE->8224e767-71c1-41fc-a01a-d172d48fd9d8@group-F6B37CC92441, cid=1400, SUCCESS, logIndex=0, commits[8224e767-71c1-41fc-a01a-d172d48fd9d8:c1965, 6eae0c21-01aa-4169-956f-5952b26ea7ba:c1961, 8d7dcba1-3b82-4d94-a832-514ef5c79cf8:c1961]
2019-08-21 02:17:18,627 | INFO  | DNAudit | user=null | ip=null | op=WRITE_CHUNK {blockData=conID: 3 locID: 102652565166490083 bcsId: 0} | ret=SUCCESS |  
2019-08-21 02:17:18,627 | INFO  | DNAudit | user=null | ip=null | op=PUT_BLOCK {blockData=[blockId=conID: 3 locID: 102652565166490083 bcsId: 0,size=2097152]} | ret=SUCCESS |  
2019-08-21 02:17:18,630 | INFO  | SCMAudit | user=jenkins1000 | ip=192.168.34.10 | op=SEND_HEARTBEAT {datanodeUUID=3def7c30-cb13-4f41-8119-6188f246ad27, command=[]} | ret=SUCCESS |  
2019-08-21 02:17:18,632 | INFO  | SCMAudit | user=jenkins1000 | ip=192.168.34.10 | op=SEND_HEARTBEAT {datanodeUUID=94764dae-819c-4b7e-92f1-9cd6c64427b7, command=[]} | ret=SUCCESS |  
2019-08-21 02:17:18,633 | INFO  | DNAudit | user=null | ip=null | op=WRITE_CHUNK {blockData=conID: 3 locID: 102652565166490083 bcsId: 1963} | ret=SUCCESS |  
2019-08-21 02:17:18,635 | INFO  | DNAudit | user=null | ip=null | op=WRITE_CHUNK {blockData=conID: 3 locID: 102652565166490083 bcsId: 1963} | ret=SUCCESS |  
2019-08-21 02:17:18,635 | INFO  | DNAudit | user=null | ip=null | op=WRITE_CHUNK {blockData=conID: 3 locID: 102652565166490083 bcsId: 1963} | ret=SUCCESS |  
2019-08-21 02:17:18,645 | INFO  | DNAudit | user=null | ip=null | op=WRITE_CHUNK {blockData=conID: 3 locID: 102652565166490083 bcsId: 1963} | ret=SUCCESS |  
2019-08-21 02:17:18,645 | INFO  | DNAudit | user=null | ip=null | op=PUT_BLOCK {blockData=[blockId=conID: 3 locID: 102652565166490083 bcsId: 0,size=3145728]} | ret=SUCCESS |  
2019-08-21 02:17:18,646 [grpc-default-executor-1] INFO  client.GrpcClientProtocolClient (GrpcClientProtocolClient.java:onNext(255)) - client-54CC064C3FCE->8224e767-71c1-41fc-a01a-d172d48fd9d8: receive RaftClientReply:client-54CC064C3FCE->8224e767-71c1-41fc-a01a-d172d48fd9d8@group-F6B37CC92441, cid=1401, SUCCESS, logIndex=1968, commits[8224e767-71c1-41fc-a01a-d172d48fd9d8:c1969, 6eae0c21-01aa-4169-956f-5952b26ea7ba:c1967, 8d7dcba1-3b82-4d94-a832-514ef5c79cf8:c1967]
2019-08-21 02:17:18,646 [grpc-default-executor-1] INFO  client.GrpcClientProtocolClient (GrpcClientProtocolClient.java:onNext(255)) - client-54CC064C3FCE->8224e767-71c1-41fc-a01a-d172d48fd9d8: receive RaftClientReply:client-54CC064C3FCE->8224e767-71c1-41fc-a01a-d172d48fd9d8@group-F6B37CC92441, cid=1402, SUCCESS, logIndex=1969, commits[8224e767-71c1-41fc-a01a-d172d48fd9d8:c1969, 6eae0c21-01aa-4169-956f-5952b26ea7ba:c1967, 8d7dcba1-3b82-4d94-a832-514ef5c79cf8:c1967]
2019-08-21 02:17:18,653 | INFO  | DNAudit | user=null | ip=null | op=WRITE_CHUNK {blockData=conID: 3 locID: 102652565166490083 bcsId: 1969} | ret=SUCCESS |  
 0.00% |█                                                                                                    |  0/1 Time: 0:00:092019-08-21 02:17:18,655 | INFO  | DNAudit | user=null | ip=null | op=WRITE_CHUNK {blockData=conID: 3 locID: 102652565166490083 bcsId: 1969} | ret=SUCCESS |  
2019-08-21 02:17:18,655 | INFO  | DNAudit | user=null | ip=null | op=WRITE_CHUNK {blockData=conID: 3 locID: 102652565166490083 bcsId: 1969} | ret=SUCCESS |  
2019-08-21 02:17:18,658 | INFO  | DNAudit | user=null | ip=null | op=WRITE_CHUNK {blockData=conID: 3 locID: 102652565166490083 bcsId: 1963} | ret=SUCCESS |  
2019-08-21 02:17:18,659 | INFO  | DNAudit | user=null | ip=null | op=WRITE_CHUNK {blockData=conID: 3 locID: 102652565166490083 bcsId: 1963} | ret=SUCCESS |  
2019-08-21 02:17:18,670 | INFO  | DNAudit | user=null | ip=null | op=PUT_BLOCK {blockData=[blockId=conID: 3 locID: 102652565166490083 bcsId: 0,size=3145728]} | ret=SUCCESS |  
2019-08-21 02:17:18,670 | INFO  | DNAudit | user=null | ip=null | op=PUT_BLOCK {blockData=[blockId=conID: 3 locID: 102652565166490083 bcsId: 0,size=3145728]} | ret=SUCCESS |  
2019-08-21 02:17:18,670 | INFO  | DNAudit | user=null | ip=null | op=WRITE_CHUNK {blockData=conID: 3 locID: 102652565166490083 bcsId: 1969} | ret=SUCCESS |  
2019-08-21 02:17:18,671 | INFO  | DNAudit | user=null | ip=null | op=PUT_BLOCK {blockData=[blockId=conID: 3 locID: 102652565166490083 bcsId: 0,size=4194304]} | ret=SUCCESS |  
2019-08-21 02:17:18,671 [grpc-default-executor-0] INFO  client.GrpcClientProtocolClient (GrpcClientProtocolClient.java:onNext(255)) - client-54CC064C3FCE->8224e767-71c1-41fc-a01a-d172d48fd9d8: receive RaftClientReply:client-54CC064C3FCE->8224e767-71c1-41fc-a01a-d172d48fd9d8@group-F6B37CC92441, cid=1403, SUCCESS, logIndex=1972, commits[8224e767-71c1-41fc-a01a-d172d48fd9d8:c1973, 6eae0c21-01aa-4169-956f-5952b26ea7ba:c1969, 8d7dcba1-3b82-4d94-a832-514ef5c79cf8:c1969]
2019-08-21 02:17:18,671 [grpc-default-executor-0] INFO  client.GrpcClientProtocolClient (GrpcClientProtocolClient.java:onNext(255)) - client-54CC064C3FCE->8224e767-71c1-41fc-a01a-d172d48fd9d8: receive RaftClientReply:client-54CC064C3FCE->8224e767-71c1-41fc-a01a-d172d48fd9d8@group-F6B37CC92441, cid=1404, SUCCESS, logIndex=1973, commits[8224e767-71c1-41fc-a01a-d172d48fd9d8:c1973, 6eae0c21-01aa-4169-956f-5952b26ea7ba:c1969, 8d7dcba1-3b82-4d94-a832-514ef5c79cf8:c1969]
2019-08-21 02:17:18,682 | INFO  | DNAudit | user=null | ip=null | op=WRITE_CHUNK {blockData=conID: 3 locID: 102652565166490083 bcsId: 1969} | ret=SUCCESS |  
2019-08-21 02:17:18,682 | INFO  | DNAudit | user=null | ip=null | op=WRITE_CHUNK {blockData=conID: 3 locID: 102652565166490083 bcsId: 1969} | ret=SUCCESS |  
2019-08-21 02:17:18,685 | INFO  | DNAudit | user=null | ip=null | op=PUT_BLOCK {blockData=[blockId=conID: 3 locID: 102652565166490083 bcsId: 0,size=4194304]} | ret=SUCCESS |  
2019-08-21 02:17:18,685 | INFO  | DNAudit | user=null | ip=null | op=PUT_BLOCK {blockData=[blockId=conID: 3 locID: 102652565166490083 bcsId: 0,size=4194304]} | ret=SUCCESS |  
2019-08-21 02:17:18,686 [grpc-default-executor-0] INFO  client.GrpcClientProtocolClient (GrpcClientProtocolClient.java:onNext(255)) - client-54CC064C3FCE->8224e767-71c1-41fc-a01a-d172d48fd9d8: receive RaftClientReply:client-54CC064C3FCE->8224e767-71c1-41fc-a01a-d172d48fd9d8@group-F6B37CC92441, cid=1405, SUCCESS, logIndex=0, commits[8224e767-71c1-41fc-a01a-d172d48fd9d8:c1975, 6eae0c21-01aa-4169-956f-5952b26ea7ba:c1973, 8d7dcba1-3b82-4d94-a832-514ef5c79cf8:c1973]
2019-08-21 02:17:18,691 | INFO  | SCMAudit | user=jenkins1000 | ip=192.168.34.10 | op=ALLOCATE_BLOCK {owner=b6f66289-f2a0-4058-b052-0a85e40df67b, size=4194304, type=RATIS, factor=THREE} | ret=SUCCESS |  
2019-08-21 02:17:18,693 | INFO  | OMAudit | user=jenkins1000 | ip=127.0.0.1 | op=ALLOCATE_BLOCK {volume=vol-0-90982, bucket=bucket-0-24269, key=key-0-81262, dataSize=0, replicationType=null, replicationFactor=null, keyLocationInfo=null, clientID=102652564580991378} | ret=SUCCESS |  
2019-08-21 02:17:18,701 | INFO  | DNAudit | user=null | ip=null | op=WRITE_CHUNK {blockData=conID: 1 locID: 102652565172453860 bcsId: 0} | ret=SUCCESS |  
2019-08-21 02:17:18,705 | INFO  | DNAudit | user=null | ip=null | op=WRITE_CHUNK {blockData=conID: 1 locID: 102652565172453860 bcsId: 0} | ret=SUCCESS |  
2019-08-21 02:17:18,705 | INFO  | DNAudit | user=null | ip=null | op=WRITE_CHUNK {blockData=conID: 1 locID: 102652565172453860 bcsId: 0} | ret=SUCCESS |  
2019-08-21 02:17:18,705 | INFO  | DNAudit | user=null | ip=null | op=WRITE_CHUNK {blockData=conID: 1 locID: 102652565172453860 bcsId: 0} | ret=SUCCESS |  
2019-08-21 02:17:18,707 | INFO  | DNAudit | user=null | ip=null | op=WRITE_CHUNK {blockData=conID: 1 locID: 102652565172453860 bcsId: 0} | ret=SUCCESS |  
2019-08-21 02:17:18,707 | INFO  | DNAudit | user=null | ip=null | op=WRITE_CHUNK {blockData=conID: 1 locID: 102652565172453860 bcsId: 0} | ret=SUCCESS |  
2019-08-21 02:17:18,714 | INFO  | DNAudit | user=null | ip=null | op=WRITE_CHUNK {blockData=conID: 1 locID: 102652565172453860 bcsId: 0} | ret=SUCCESS |  
2019-08-21 02:17:18,714 | INFO  | DNAudit | user=null | ip=null | op=PUT_BLOCK {blockData=[blockId=conID: 1 locID: 102652565172453860 bcsId: 0,size=1048576]} | ret=SUCCESS |  
2019-08-21 02:17:18,715 | INFO  | DNAudit | user=null | ip=null | op=WRITE_CHUNK {blockData=conID: 1 locID: 102652565172453860 bcsId: 0} | ret=SUCCESS |  
2019-08-21 02:17:18,715 | INFO  | DNAudit | user=null | ip=null | op=PUT_BLOCK {blockData=[blockId=conID: 1 locID: 102652565172453860 bcsId: 0,size=2097152]} | ret=SUCCESS |  
2019-08-21 02:17:18,715 [grpc-default-executor-2] INFO  client.GrpcClientProtocolClient (GrpcClientProtocolClient.java:onNext(255)) - client-54CC064C3FCE->8224e767-71c1-41fc-a01a-d172d48fd9d8: receive RaftClientReply:client-54CC064C3FCE->8224e767-71c1-41fc-a01a-d172d48fd9d8@group-F6B37CC92441, cid=1406, SUCCESS, logIndex=1976, commits[8224e767-71c1-41fc-a01a-d172d48fd9d8:c1978, 6eae0c21-01aa-4169-956f-5952b26ea7ba:c1975, 8d7dcba1-3b82-4d94-a832-514ef5c79cf8:c1975]
2019-08-21 02:17:18,715 [grpc-default-executor-2] INFO  client.GrpcClientProtocolClient (GrpcClientProtocolClient.java:onNext(255)) - client-54CC064C3FCE->8224e767-71c1-41fc-a01a-d172d48fd9d8: receive RaftClientReply:client-54CC064C3FCE->8224e767-71c1-41fc-a01a-d172d48fd9d8@group-F6B37CC92441, cid=1407, SUCCESS, logIndex=1977, commits[8224e767-71c1-41fc-a01a-d172d48fd9d8:c1979, 6eae0c21-01aa-4169-956f-5952b26ea7ba:c1975, 8d7dcba1-3b82-4d94-a832-514ef5c79cf8:c1975]
2019-08-21 02:17:18,716 | INFO  | DNAudit | user=null | ip=null | op=WRITE_CHUNK {blockData=conID: 1 locID: 102652565172453860 bcsId: 0} | ret=SUCCESS |  
2019-08-21 02:17:18,716 | INFO  | DNAudit | user=null | ip=null | op=WRITE_CHUNK {blockData=conID: 1 locID: 102652565172453860 bcsId: 0} | ret=SUCCESS |  
2019-08-21 02:17:18,716 [grpc-default-executor-2] INFO  client.GrpcClientProtocolClient (GrpcClientProtocolClient.java:onNext(255)) - client-54CC064C3FCE->8224e767-71c1-41fc-a01a-d172d48fd9d8: receive RaftClientReply:client-54CC064C3FCE->8224e767-71c1-41fc-a01a-d172d48fd9d8@group-F6B37CC92441, cid=1408, SUCCESS, logIndex=1978, commits[8224e767-71c1-41fc-a01a-d172d48fd9d8:c1979, 6eae0c21-01aa-4169-956f-5952b26ea7ba:c1975, 8d7dcba1-3b82-4d94-a832-514ef5c79cf8:c1975]
2019-08-21 02:17:18,716 | INFO  | DNAudit | user=null | ip=null | op=PUT_BLOCK {blockData=[blockId=conID: 1 locID: 102652565172453860 bcsId: 0,size=1048576]} | ret=SUCCESS |  
2019-08-21 02:17:18,716 | INFO  | DNAudit | user=null | ip=null | op=PUT_BLOCK {blockData=[blockId=conID: 1 locID: 102652565172453860 bcsId: 0,size=1048576]} | ret=SUCCESS |  
2019-08-21 02:17:18,716 [grpc-default-executor-2] INFO  client.GrpcClientProtocolClient (GrpcClientProtocolClient.java:onNext(255)) - client-54CC064C3FCE->8224e767-71c1-41fc-a01a-d172d48fd9d8: receive RaftClientReply:client-54CC064C3FCE->8224e767-71c1-41fc-a01a-d172d48fd9d8@group-F6B37CC92441, cid=1409, SUCCESS, logIndex=1979, commits[8224e767-71c1-41fc-a01a-d172d48fd9d8:c1979, 6eae0c21-01aa-4169-956f-5952b26ea7ba:c1975, 8d7dcba1-3b82-4d94-a832-514ef5c79cf8:c1975]
2019-08-21 02:17:18,717 | INFO  | DNAudit | user=null | ip=null | op=WRITE_CHUNK {blockData=conID: 1 locID: 102652565172453860 bcsId: 0} | ret=SUCCESS |  
2019-08-21 02:17:18,717 | INFO  | DNAudit | user=null | ip=null | op=WRITE_CHUNK {blockData=conID: 1 locID: 102652565172453860 bcsId: 0} | ret=SUCCESS |  
2019-08-21 02:17:18,717 | INFO  | DNAudit | user=null | ip=null | op=PUT_BLOCK {blockData=[blockId=conID: 1 locID: 102652565172453860 bcsId: 0,size=2097152]} | ret=SUCCESS |  
2019-08-21 02:17:18,718 [grpc-default-executor-2] INFO  client.GrpcClientProtocolClient (GrpcClientProtocolClient.java:onNext(255)) - client-54CC064C3FCE->8224e767-71c1-41fc-a01a-d172d48fd9d8: receive RaftClientReply:client-54CC064C3FCE->8224e767-71c1-41fc-a01a-d172d48fd9d8@group-F6B37CC92441, cid=1410, SUCCESS, logIndex=0, commits[8224e767-71c1-41fc-a01a-d172d48fd9d8:c1982, 6eae0c21-01aa-4169-956f-5952b26ea7ba:c1977, 8d7dcba1-3b82-4d94-a832-514ef5c79cf8:c1978]
2019-08-21 02:17:18,718 | INFO  | DNAudit | user=null | ip=null | op=PUT_BLOCK {blockData=[blockId=conID: 1 locID: 102652565172453860 bcsId: 0,size=2097152]} | ret=SUCCESS |  
2019-08-21 02:17:18,725 | INFO  | DNAudit | user=null | ip=null | op=WRITE_CHUNK {blockData=conID: 1 locID: 102652565172453860 bcsId: 1979} | ret=SUCCESS |  
2019-08-21 02:17:18,727 | INFO  | DNAudit | user=null | ip=null | op=WRITE_CHUNK {blockData=conID: 1 locID: 102652565172453860 bcsId: 1979} | ret=SUCCESS |  
2019-08-21 02:17:18,727 | INFO  | DNAudit | user=null | ip=null | op=WRITE_CHUNK {blockData=conID: 1 locID: 102652565172453860 bcsId: 1979} | ret=SUCCESS |  
2019-08-21 02:17:18,737 | INFO  | DNAudit | user=null | ip=null | op=WRITE_CHUNK {blockData=conID: 1 locID: 102652565172453860 bcsId: 1979} | ret=SUCCESS |  
2019-08-21 02:17:18,738 | INFO  | DNAudit | user=null | ip=null | op=PUT_BLOCK {blockData=[blockId=conID: 1 locID: 102652565172453860 bcsId: 0,size=3145728]} | ret=SUCCESS |  
2019-08-21 02:17:18,738 [grpc-default-executor-2] INFO  client.GrpcClientProtocolClient (GrpcClientProtocolClient.java:onNext(255)) - client-54CC064C3FCE->8224e767-71c1-41fc-a01a-d172d48fd9d8: receive RaftClientReply:client-54CC064C3FCE->8224e767-71c1-41fc-a01a-d172d48fd9d8@group-F6B37CC92441, cid=1411, SUCCESS, logIndex=1984, commits[8224e767-71c1-41fc-a01a-d172d48fd9d8:c1985, 6eae0c21-01aa-4169-956f-5952b26ea7ba:c1983, 8d7dcba1-3b82-4d94-a832-514ef5c79cf8:c1983]
2019-08-21 02:17:18,738 [grpc-default-executor-2] INFO  client.GrpcClientProtocolClient (GrpcClientProtocolClient.java:onNext(255)) - client-54CC064C3FCE->8224e767-71c1-41fc-a01a-d172d48fd9d8: receive RaftClientReply:client-54CC064C3FCE->8224e767-71c1-41fc-a01a-d172d48fd9d8@group-F6B37CC92441, cid=1412, SUCCESS, logIndex=1985, commits[8224e767-71c1-41fc-a01a-d172d48fd9d8:c1985, 6eae0c21-01aa-4169-956f-5952b26ea7ba:c1983, 8d7dcba1-3b82-4d94-a832-514ef5c79cf8:c1983]
2019-08-21 02:17:18,746 | INFO  | DNAudit | user=null | ip=null | op=WRITE_CHUNK {blockData=conID: 1 locID: 102652565172453860 bcsId: 1985} | ret=SUCCESS |  
2019-08-21 02:17:18,748 | INFO  | DNAudit | user=null | ip=null | op=WRITE_CHUNK {blockData=conID: 1 locID: 102652565172453860 bcsId: 1985} | ret=SUCCESS |  
2019-08-21 02:17:18,748 | INFO  | DNAudit | user=null | ip=null | op=WRITE_CHUNK {blockData=conID: 1 locID: 102652565172453860 bcsId: 1985} | ret=SUCCESS |  
2019-08-21 02:17:18,749 | INFO  | DNAudit | user=null | ip=null | op=WRITE_CHUNK {blockData=conID: 1 locID: 102652565172453860 bcsId: 1979} | ret=SUCCESS |  
2019-08-21 02:17:18,749 | INFO  | DNAudit | user=null | ip=null | op=WRITE_CHUNK {blockData=conID: 1 locID: 102652565172453860 bcsId: 1979} | ret=SUCCESS |  
2019-08-21 02:17:18,751 | INFO  | DNAudit | user=null | ip=null | op=PUT_BLOCK {blockData=[blockId=conID: 1 locID: 102652565172453860 bcsId: 0,size=3145728]} | ret=SUCCESS |  
2019-08-21 02:17:18,751 | INFO  | DNAudit | user=null | ip=null | op=PUT_BLOCK {blockData=[blockId=conID: 1 locID: 102652565172453860 bcsId: 0,size=3145728]} | ret=SUCCESS |  
2019-08-21 02:17:18,751 | INFO  | DNAudit | user=null | ip=null | op=WRITE_CHUNK {blockData=conID: 1 locID: 102652565172453860 bcsId: 1985} | ret=SUCCESS |  
2019-08-21 02:17:18,752 | INFO  | DNAudit | user=null | ip=null | op=PUT_BLOCK {blockData=[blockId=conID: 1 locID: 102652565172453860 bcsId: 0,size=4194304]} | ret=SUCCESS |  
2019-08-21 02:17:18,752 [grpc-default-executor-4] INFO  client.GrpcClientProtocolClient (GrpcClientProtocolClient.java:onNext(255)) - client-54CC064C3FCE->8224e767-71c1-41fc-a01a-d172d48fd9d8: receive RaftClientReply:client-54CC064C3FCE->8224e767-71c1-41fc-a01a-d172d48fd9d8@group-F6B37CC92441, cid=1413, SUCCESS, logIndex=1988, commits[8224e767-71c1-41fc-a01a-d172d48fd9d8:c1988, 6eae0c21-01aa-4169-956f-5952b26ea7ba:c1985, 8d7dcba1-3b82-4d94-a832-514ef5c79cf8:c1985]
2019-08-21 02:17:18,752 [grpc-default-executor-4] INFO  client.GrpcClientProtocolClient (GrpcClientProtocolClient.java:onNext(255)) - client-54CC064C3FCE->8224e767-71c1-41fc-a01a-d172d48fd9d8: receive RaftClientReply:client-54CC064C3FCE->8224e767-71c1-41fc-a01a-d172d48fd9d8@group-F6B37CC92441, cid=1414, SUCCESS, logIndex=1989, commits[8224e767-71c1-41fc-a01a-d172d48fd9d8:c1989, 6eae0c21-01aa-4169-956f-5952b26ea7ba:c1985, 8d7dcba1-3b82-4d94-a832-514ef5c79cf8:c1985]
2019-08-21 02:17:18,762 | INFO  | DNAudit | user=null | ip=null | op=WRITE_CHUNK {blockData=conID: 1 locID: 102652565172453860 bcsId: 1985} | ret=SUCCESS |  
2019-08-21 02:17:18,763 | INFO  | DNAudit | user=null | ip=null | op=WRITE_CHUNK {blockData=conID: 1 locID: 102652565172453860 bcsId: 1985} | ret=SUCCESS |  
2019-08-21 02:17:18,765 | INFO  | DNAudit | user=null | ip=null | op=PUT_BLOCK {blockData=[blockId=conID: 1 locID: 102652565172453860 bcsId: 0,size=4194304]} | ret=SUCCESS |  
2019-08-21 02:17:18,766 | INFO  | DNAudit | user=null | ip=null | op=PUT_BLOCK {blockData=[blockId=conID: 1 locID: 102652565172453860 bcsId: 0,size=4194304]} | ret=SUCCESS |  
2019-08-21 02:17:18,766 [grpc-default-executor-2] INFO  client.GrpcClientProtocolClient (GrpcClientProtocolClient.java:onNext(255)) - client-54CC064C3FCE->8224e767-71c1-41fc-a01a-d172d48fd9d8: receive RaftClientReply:client-54CC064C3FCE->8224e767-71c1-41fc-a01a-d172d48fd9d8@group-F6B37CC92441, cid=1415, SUCCESS, logIndex=0, commits[8224e767-71c1-41fc-a01a-d172d48fd9d8:c1990, 6eae0c21-01aa-4169-956f-5952b26ea7ba:c1989, 8d7dcba1-3b82-4d94-a832-514ef5c79cf8:c1989]
2019-08-21 02:17:18,770 | INFO  | SCMAudit | user=jenkins1000 | ip=192.168.34.10 | op=ALLOCATE_BLOCK {owner=b6f66289-f2a0-4058-b052-0a85e40df67b, size=4194304, type=RATIS, factor=THREE} | ret=SUCCESS |  
2019-08-21 02:17:18,773 | INFO  | OMAudit | user=jenkins1000 | ip=127.0.0.1 | op=ALLOCATE_BLOCK {volume=vol-0-90982, bucket=bucket-0-24269, key=key-0-81262, dataSize=0, replicationType=null, replicationFactor=null, keyLocationInfo=null, clientID=102652564580991378} | ret=SUCCESS |  
2019-08-21 02:17:18,783 | INFO  | DNAudit | user=null | ip=null | op=WRITE_CHUNK {blockData=conID: 2 locID: 102652565177631205 bcsId: 0} | ret=SUCCESS |  
2019-08-21 02:17:18,785 | INFO  | DNAudit | user=null | ip=null | op=WRITE_CHUNK {blockData=conID: 2 locID: 102652565177631205 bcsId: 0} | ret=SUCCESS |  
2019-08-21 02:17:18,786 | INFO  | DNAudit | user=null | ip=null | op=WRITE_CHUNK {blockData=conID: 2 locID: 102652565177631205 bcsId: 0} | ret=SUCCESS |  
2019-08-21 02:17:18,786 | INFO  | DNAudit | user=null | ip=null | op=WRITE_CHUNK {blockData=conID: 2 locID: 102652565177631205 bcsId: 0} | ret=SUCCESS |  
2019-08-21 02:17:18,788 | INFO  | DNAudit | user=null | ip=null | op=WRITE_CHUNK {blockData=conID: 2 locID: 102652565177631205 bcsId: 0} | ret=SUCCESS |  
2019-08-21 02:17:18,788 | INFO  | DNAudit | user=null | ip=null | op=WRITE_CHUNK {blockData=conID: 2 locID: 102652565177631205 bcsId: 0} | ret=SUCCESS |  
2019-08-21 02:17:18,798 | INFO  | DNAudit | user=null | ip=null | op=WRITE_CHUNK {blockData=conID: 2 locID: 102652565177631205 bcsId: 0} | ret=SUCCESS |  
2019-08-21 02:17:18,799 | INFO  | DNAudit | user=null | ip=null | op=PUT_BLOCK {blockData=[blockId=conID: 2 locID: 102652565177631205 bcsId: 0,size=1048576]} | ret=SUCCESS |  
2019-08-21 02:17:18,799 [grpc-default-executor-2] INFO  client.GrpcClientProtocolClient (GrpcClientProtocolClient.java:onNext(255)) - client-54CC064C3FCE->8224e767-71c1-41fc-a01a-d172d48fd9d8: receive RaftClientReply:client-54CC064C3FCE->8224e767-71c1-41fc-a01a-d172d48fd9d8@group-F6B37CC92441, cid=1416, SUCCESS, logIndex=1992, commits[8224e767-71c1-41fc-a01a-d172d48fd9d8:c1995, 6eae0c21-01aa-4169-956f-5952b26ea7ba:c1991, 8d7dcba1-3b82-4d94-a832-514ef5c79cf8:c1991]
2019-08-21 02:17:18,799 | INFO  | DNAudit | user=null | ip=null | op=WRITE_CHUNK {blockData=conID: 2 locID: 102652565177631205 bcsId: 0} | ret=SUCCESS |  
2019-08-21 02:17:18,799 [grpc-default-executor-2] INFO  client.GrpcClientProtocolClient (GrpcClientProtocolClient.java:onNext(255)) - client-54CC064C3FCE->8224e767-71c1-41fc-a01a-d172d48fd9d8: receive RaftClientReply:client-54CC064C3FCE->8224e767-71c1-41fc-a01a-d172d48fd9d8@group-F6B37CC92441, cid=1417, SUCCESS, logIndex=1993, commits[8224e767-71c1-41fc-a01a-d172d48fd9d8:c1995, 6eae0c21-01aa-4169-956f-5952b26ea7ba:c1991, 8d7dcba1-3b82-4d94-a832-514ef5c79cf8:c1991]
2019-08-21 02:17:18,799 | INFO  | DNAudit | user=null | ip=null | op=PUT_BLOCK {blockData=[blockId=conID: 2 locID: 102652565177631205 bcsId: 0,size=2097152]} | ret=SUCCESS |  
2019-08-21 02:17:18,800 [grpc-default-executor-2] INFO  client.GrpcClientProtocolClient (GrpcClientProtocolClient.java:onNext(255)) - client-54CC064C3FCE->8224e767-71c1-41fc-a01a-d172d48fd9d8: receive RaftClientReply:client-54CC064C3FCE->8224e767-71c1-41fc-a01a-d172d48fd9d8@group-F6B37CC92441, cid=1418, SUCCESS, logIndex=1994, commits[8224e767-71c1-41fc-a01a-d172d48fd9d8:c1995, 6eae0c21-01aa-4169-956f-5952b26ea7ba:c1991, 8d7dcba1-3b82-4d94-a832-514ef5c79cf8:c1991]
2019-08-21 02:17:18,800 [grpc-default-executor-2] INFO  client.GrpcClientProtocolClient (GrpcClientProtocolClient.java:onNext(255)) - client-54CC064C3FCE->8224e767-71c1-41fc-a01a-d172d48fd9d8: receive RaftClientReply:client-54CC064C3FCE->8224e767-71c1-41fc-a01a-d172d48fd9d8@group-F6B37CC92441, cid=1419, SUCCESS, logIndex=1995, commits[8224e767-71c1-41fc-a01a-d172d48fd9d8:c1995, 6eae0c21-01aa-4169-956f-5952b26ea7ba:c1991, 8d7dcba1-3b82-4d94-a832-514ef5c79cf8:c1991]
2019-08-21 02:17:18,800 | INFO  | DNAudit | user=null | ip=null | op=WRITE_CHUNK {blockData=conID: 2 locID: 102652565177631205 bcsId: 0} | ret=SUCCESS |  
2019-08-21 02:17:18,800 | INFO  | DNAudit | user=null | ip=null | op=WRITE_CHUNK {blockData=conID: 2 locID: 102652565177631205 bcsId: 0} | ret=SUCCESS |  
2019-08-21 02:17:18,800 | INFO  | DNAudit | user=null | ip=null | op=PUT_BLOCK {blockData=[blockId=conID: 2 locID: 102652565177631205 bcsId: 0,size=1048576]} | ret=SUCCESS |  
2019-08-21 02:17:18,801 | INFO  | DNAudit | user=null | ip=null | op=PUT_BLOCK {blockData=[blockId=conID: 2 locID: 102652565177631205 bcsId: 0,size=1048576]} | ret=SUCCESS |  
2019-08-21 02:17:18,801 [grpc-default-executor-2] INFO  client.GrpcClientProtocolClient (GrpcClientProtocolClient.java:onNext(255)) - client-54CC064C3FCE->8224e767-71c1-41fc-a01a-d172d48fd9d8: receive RaftClientReply:client-54CC064C3FCE->8224e767-71c1-41fc-a01a-d172d48fd9d8@group-F6B37CC92441, cid=1420, SUCCESS, logIndex=0, commits[8224e767-71c1-41fc-a01a-d172d48fd9d8:c1996, 6eae0c21-01aa-4169-956f-5952b26ea7ba:c1993, 8d7dcba1-3b82-4d94-a832-514ef5c79cf8:c1993]
2019-08-21 02:17:18,802 | INFO  | DNAudit | user=null | ip=null | op=WRITE_CHUNK {blockData=conID: 2 locID: 102652565177631205 bcsId: 0} | ret=SUCCESS |  
2019-08-21 02:17:18,802 | INFO  | DNAudit | user=null | ip=null | op=WRITE_CHUNK {blockData=conID: 2 locID: 102652565177631205 bcsId: 0} | ret=SUCCESS |  
2019-08-21 02:17:18,802 | INFO  | DNAudit | user=null | ip=null | op=PUT_BLOCK {blockData=[blockId=conID: 2 locID: 102652565177631205 bcsId: 0,size=2097152]} | ret=SUCCESS |  
2019-08-21 02:17:18,803 | INFO  | DNAudit | user=null | ip=null | op=PUT_BLOCK {blockData=[blockId=conID: 2 locID: 102652565177631205 bcsId: 0,size=2097152]} | ret=SUCCESS |  
2019-08-21 02:17:18,808 | INFO  | DNAudit | user=null | ip=null | op=WRITE_CHUNK {blockData=conID: 2 locID: 102652565177631205 bcsId: 1995} | ret=SUCCESS |  
2019-08-21 02:17:18,810 | INFO  | DNAudit | user=null | ip=null | op=WRITE_CHUNK {blockData=conID: 2 locID: 102652565177631205 bcsId: 1995} | ret=SUCCESS |  
2019-08-21 02:17:18,810 | INFO  | DNAudit | user=null | ip=null | op=WRITE_CHUNK {blockData=conID: 2 locID: 102652565177631205 bcsId: 1995} | ret=SUCCESS |  
2019-08-21 02:17:18,813 | INFO  | DNAudit | user=null | ip=null | op=WRITE_CHUNK {blockData=conID: 2 locID: 102652565177631205 bcsId: 1995} | ret=SUCCESS |  
2019-08-21 02:17:18,813 | INFO  | DNAudit | user=null | ip=null | op=PUT_BLOCK {blockData=[blockId=conID: 2 locID: 102652565177631205 bcsId: 0,size=3145728]} | ret=SUCCESS |  
2019-08-21 02:17:18,813 [grpc-default-executor-4] INFO  client.GrpcClientProtocolClient (GrpcClientProtocolClient.java:onNext(255)) - client-54CC064C3FCE->8224e767-71c1-41fc-a01a-d172d48fd9d8: receive RaftClientReply:client-54CC064C3FCE->8224e767-71c1-41fc-a01a-d172d48fd9d8@group-F6B37CC92441, cid=1421, SUCCESS, logIndex=2000, commits[8224e767-71c1-41fc-a01a-d172d48fd9d8:c2001, 6eae0c21-01aa-4169-956f-5952b26ea7ba:c1999, 8d7dcba1-3b82-4d94-a832-514ef5c79cf8:c1999]
2019-08-21 02:17:18,813 [grpc-default-executor-4] INFO  client.GrpcClientProtocolClient (GrpcClientProtocolClient.java:onNext(255)) - client-54CC064C3FCE->8224e767-71c1-41fc-a01a-d172d48fd9d8: receive RaftClientReply:client-54CC064C3FCE->8224e767-71c1-41fc-a01a-d172d48fd9d8@group-F6B37CC92441, cid=1422, SUCCESS, logIndex=2001, commits[8224e767-71c1-41fc-a01a-d172d48fd9d8:c2001, 6eae0c21-01aa-4169-956f-5952b26ea7ba:c1999, 8d7dcba1-3b82-4d94-a832-514ef5c79cf8:c1999]
2019-08-21 02:17:18,814 | INFO  | DNAudit | user=null | ip=null | op=WRITE_CHUNK {blockData=conID: 2 locID: 102652565177631205 bcsId: 1995} | ret=SUCCESS |  
2019-08-21 02:17:18,814 | INFO  | DNAudit | user=null | ip=null | op=PUT_BLOCK {blockData=[blockId=conID: 2 locID: 102652565177631205 bcsId: 0,size=3145728]} | ret=SUCCESS |  
2019-08-21 02:17:18,814 | INFO  | DNAudit | user=null | ip=null | op=WRITE_CHUNK {blockData=conID: 2 locID: 102652565177631205 bcsId: 1995} | ret=SUCCESS |  
2019-08-21 02:17:18,815 | INFO  | DNAudit | user=null | ip=null | op=PUT_BLOCK {blockData=[blockId=conID: 2 locID: 102652565177631205 bcsId: 0,size=3145728]} | ret=SUCCESS |  
2019-08-21 02:17:18,821 | INFO  | DNAudit | user=null | ip=null | op=WRITE_CHUNK {blockData=conID: 2 locID: 102652565177631205 bcsId: 2001} | ret=SUCCESS |  
2019-08-21 02:17:18,823 | INFO  | DNAudit | user=null | ip=null | op=WRITE_CHUNK {blockData=conID: 2 locID: 102652565177631205 bcsId: 2001} | ret=SUCCESS |  
2019-08-21 02:17:18,823 | INFO  | DNAudit | user=null | ip=null | op=WRITE_CHUNK {blockData=conID: 2 locID: 102652565177631205 bcsId: 2001} | ret=SUCCESS |  
2019-08-21 02:17:18,838 | INFO  | DNAudit | user=null | ip=null | op=WRITE_CHUNK {blockData=conID: 2 locID: 102652565177631205 bcsId: 2001} | ret=SUCCESS |  
2019-08-21 02:17:18,838 | INFO  | DNAudit | user=null | ip=null | op=PUT_BLOCK {blockData=[blockId=conID: 2 locID: 102652565177631205 bcsId: 0,size=4194304]} | ret=SUCCESS |  
2019-08-21 02:17:18,838 [grpc-default-executor-2] INFO  client.GrpcClientProtocolClient (GrpcClientProtocolClient.java:onNext(255)) - client-54CC064C3FCE->8224e767-71c1-41fc-a01a-d172d48fd9d8: receive RaftClientReply:client-54CC064C3FCE->8224e767-71c1-41fc-a01a-d172d48fd9d8@group-F6B37CC92441, cid=1423, SUCCESS, logIndex=2004, commits[8224e767-71c1-41fc-a01a-d172d48fd9d8:c2005, 6eae0c21-01aa-4169-956f-5952b26ea7ba:c2003, 8d7dcba1-3b82-4d94-a832-514ef5c79cf8:c2003]
2019-08-21 02:17:18,839 [grpc-default-executor-2] INFO  client.GrpcClientProtocolClient (GrpcClientProtocolClient.java:onNext(255)) - client-54CC064C3FCE->8224e767-71c1-41fc-a01a-d172d48fd9d8: receive RaftClientReply:client-54CC064C3FCE->8224e767-71c1-41fc-a01a-d172d48fd9d8@group-F6B37CC92441, cid=1424, SUCCESS, logIndex=2005, commits[8224e767-71c1-41fc-a01a-d172d48fd9d8:c2005, 6eae0c21-01aa-4169-956f-5952b26ea7ba:c2003, 8d7dcba1-3b82-4d94-a832-514ef5c79cf8:c2003]
2019-08-21 02:17:18,850 | INFO  | DNAudit | user=null | ip=null | op=WRITE_CHUNK {blockData=conID: 2 locID: 102652565177631205 bcsId: 2001} | ret=SUCCESS |  
2019-08-21 02:17:18,850 | INFO  | DNAudit | user=null | ip=null | op=WRITE_CHUNK {blockData=conID: 2 locID: 102652565177631205 bcsId: 2001} | ret=SUCCESS |  
2019-08-21 02:17:18,851 | INFO  | DNAudit | user=null | ip=null | op=PUT_BLOCK {blockData=[blockId=conID: 2 locID: 102652565177631205 bcsId: 0,size=4194304]} | ret=SUCCESS |  
2019-08-21 02:17:18,851 | INFO  | DNAudit | user=null | ip=null | op=PUT_BLOCK {blockData=[blockId=conID: 2 locID: 102652565177631205 bcsId: 0,size=4194304]} | ret=SUCCESS |  
2019-08-21 02:17:18,851 [grpc-default-executor-2] INFO  client.GrpcClientProtocolClient (GrpcClientProtocolClient.java:onNext(255)) - client-54CC064C3FCE->8224e767-71c1-41fc-a01a-d172d48fd9d8: receive RaftClientReply:client-54CC064C3FCE->8224e767-71c1-41fc-a01a-d172d48fd9d8@group-F6B37CC92441, cid=1425, SUCCESS, logIndex=0, commits[8224e767-71c1-41fc-a01a-d172d48fd9d8:c2006, 6eae0c21-01aa-4169-956f-5952b26ea7ba:c2005, 8d7dcba1-3b82-4d94-a832-514ef5c79cf8:c2005]
2019-08-21 02:17:18,856 | INFO  | SCMAudit | user=jenkins1000 | ip=192.168.34.10 | op=ALLOCATE_BLOCK {owner=b6f66289-f2a0-4058-b052-0a85e40df67b, size=4194304, type=RATIS, factor=THREE} | ret=SUCCESS |  
2019-08-21 02:17:18,860 | INFO  | OMAudit | user=jenkins1000 | ip=127.0.0.1 | op=ALLOCATE_BLOCK {volume=vol-0-90982, bucket=bucket-0-24269, key=key-0-81262, dataSize=0, replicationType=null, replicationFactor=null, keyLocationInfo=null, clientID=102652564580991378} | ret=SUCCESS |  
2019-08-21 02:17:18,867 | INFO  | DNAudit | user=null | ip=null | op=WRITE_CHUNK {blockData=conID: 3 locID: 102652565183267302 bcsId: 0} | ret=SUCCESS |  
2019-08-21 02:17:18,869 | INFO  | DNAudit | user=null | ip=null | op=WRITE_CHUNK {blockData=conID: 3 locID: 102652565183267302 bcsId: 0} | ret=SUCCESS |  
2019-08-21 02:17:18,870 | INFO  | DNAudit | user=null | ip=null | op=WRITE_CHUNK {blockData=conID: 3 locID: 102652565183267302 bcsId: 0} | ret=SUCCESS |  
2019-08-21 02:17:18,870 | INFO  | DNAudit | user=null | ip=null | op=WRITE_CHUNK {blockData=conID: 3 locID: 102652565183267302 bcsId: 0} | ret=SUCCESS |  
2019-08-21 02:17:18,872 | INFO  | DNAudit | user=null | ip=null | op=WRITE_CHUNK {blockData=conID: 3 locID: 102652565183267302 bcsId: 0} | ret=SUCCESS |  
2019-08-21 02:17:18,872 | INFO  | DNAudit | user=null | ip=null | op=WRITE_CHUNK {blockData=conID: 3 locID: 102652565183267302 bcsId: 0} | ret=SUCCESS |  
2019-08-21 02:17:18,880 | INFO  | DNAudit | user=null | ip=null | op=WRITE_CHUNK {blockData=conID: 3 locID: 102652565183267302 bcsId: 0} | ret=SUCCESS |  
2019-08-21 02:17:18,880 | INFO  | DNAudit | user=null | ip=null | op=PUT_BLOCK {blockData=[blockId=conID: 3 locID: 102652565183267302 bcsId: 0,size=1048576]} | ret=SUCCESS |  
2019-08-21 02:17:18,880 [grpc-default-executor-0] INFO  client.GrpcClientProtocolClient (GrpcClientProtocolClient.java:onNext(255)) - client-54CC064C3FCE->8224e767-71c1-41fc-a01a-d172d48fd9d8: receive RaftClientReply:client-54CC064C3FCE->8224e767-71c1-41fc-a01a-d172d48fd9d8@group-F6B37CC92441, cid=1426, SUCCESS, logIndex=2008, commits[8224e767-71c1-41fc-a01a-d172d48fd9d8:c2009, 6eae0c21-01aa-4169-956f-5952b26ea7ba:c2007, 8d7dcba1-3b82-4d94-a832-514ef5c79cf8:c2007]
2019-08-21 02:17:18,880 | INFO  | DNAudit | user=null | ip=null | op=WRITE_CHUNK {blockData=conID: 3 locID: 102652565183267302 bcsId: 0} | ret=SUCCESS |  
2019-08-21 02:17:18,881 [grpc-default-executor-0] INFO  client.GrpcClientProtocolClient (GrpcClientProtocolClient.java:onNext(255)) - client-54CC064C3FCE->8224e767-71c1-41fc-a01a-d172d48fd9d8: receive RaftClientReply:client-54CC064C3FCE->8224e767-71c1-41fc-a01a-d172d48fd9d8@group-F6B37CC92441, cid=1427, SUCCESS, logIndex=2009, commits[8224e767-71c1-41fc-a01a-d172d48fd9d8:c2009, 6eae0c21-01aa-4169-956f-5952b26ea7ba:c2007, 8d7dcba1-3b82-4d94-a832-514ef5c79cf8:c2007]
2019-08-21 02:17:18,881 | INFO  | DNAudit | user=null | ip=null | op=PUT_BLOCK {blockData=[blockId=conID: 3 locID: 102652565183267302 bcsId: 0,size=2097152]} | ret=SUCCESS |  
2019-08-21 02:17:18,881 [grpc-default-executor-4] INFO  client.GrpcClientProtocolClient (GrpcClientProtocolClient.java:onNext(255)) - client-54CC064C3FCE->8224e767-71c1-41fc-a01a-d172d48fd9d8: receive RaftClientReply:client-54CC064C3FCE->8224e767-71c1-41fc-a01a-d172d48fd9d8@group-F6B37CC92441, cid=1428, SUCCESS, logIndex=2010, commits[8224e767-71c1-41fc-a01a-d172d48fd9d8:c2010, 6eae0c21-01aa-4169-956f-5952b26ea7ba:c2007, 8d7dcba1-3b82-4d94-a832-514ef5c79cf8:c2007]
2019-08-21 02:17:18,881 [grpc-default-executor-4] INFO  client.GrpcClientProtocolClient (GrpcClientProtocolClient.java:onNext(255)) - client-54CC064C3FCE->8224e767-71c1-41fc-a01a-d172d48fd9d8: receive RaftClientReply:client-54CC064C3FCE->8224e767-71c1-41fc-a01a-d172d48fd9d8@group-F6B37CC92441, cid=1429, SUCCESS, logIndex=2011, commits[8224e767-71c1-41fc-a01a-d172d48fd9d8:c2011, 6eae0c21-01aa-4169-956f-5952b26ea7ba:c2007, 8d7dcba1-3b82-4d94-a832-514ef5c79cf8:c2007]
2019-08-21 02:17:18,892 | INFO  | DNAudit | user=null | ip=null | op=WRITE_CHUNK {blockData=conID: 3 locID: 102652565183267302 bcsId: 0} | ret=SUCCESS |  
2019-08-21 02:17:18,893 | INFO  | DNAudit | user=null | ip=null | op=PUT_BLOCK {blockData=[blockId=conID: 3 locID: 102652565183267302 bcsId: 0,size=1048576]} | ret=SUCCESS |  
2019-08-21 02:17:18,893 | INFO  | DNAudit | user=null | ip=null | op=WRITE_CHUNK {blockData=conID: 3 locID: 102652565183267302 bcsId: 0} | ret=SUCCESS |  
2019-08-21 02:17:18,893 | INFO  | DNAudit | user=null | ip=null | op=PUT_BLOCK {blockData=[blockId=conID: 3 locID: 102652565183267302 bcsId: 0,size=1048576]} | ret=SUCCESS |  
2019-08-21 02:17:18,894 | INFO  | DNAudit | user=null | ip=null | op=WRITE_CHUNK {blockData=conID: 3 locID: 102652565183267302 bcsId: 0} | ret=SUCCESS |  
2019-08-21 02:17:18,894 [grpc-default-executor-0] INFO  client.GrpcClientProtocolClient (GrpcClientProtocolClient.java:onNext(255)) - client-54CC064C3FCE->8224e767-71c1-41fc-a01a-d172d48fd9d8: receive RaftClientReply:client-54CC064C3FCE->8224e767-71c1-41fc-a01a-d172d48fd9d8@group-F6B37CC92441, cid=1430, SUCCESS, logIndex=0, commits[8224e767-71c1-41fc-a01a-d172d48fd9d8:c2013, 6eae0c21-01aa-4169-956f-5952b26ea7ba:c2009, 8d7dcba1-3b82-4d94-a832-514ef5c79cf8:c2009]
2019-08-21 02:17:18,894 | INFO  | DNAudit | user=null | ip=null | op=WRITE_CHUNK {blockData=conID: 3 locID: 102652565183267302 bcsId: 0} | ret=SUCCESS |  
2019-08-21 02:17:18,894 | INFO  | DNAudit | user=null | ip=null | op=PUT_BLOCK {blockData=[blockId=conID: 3 locID: 102652565183267302 bcsId: 0,size=2097152]} | ret=SUCCESS |  
2019-08-21 02:17:18,894 | INFO  | DNAudit | user=null | ip=null | op=PUT_BLOCK {blockData=[blockId=conID: 3 locID: 102652565183267302 bcsId: 0,size=2097152]} | ret=SUCCESS |  
2019-08-21 02:17:18,900 | INFO  | DNAudit | user=null | ip=null | op=WRITE_CHUNK {blockData=conID: 3 locID: 102652565183267302 bcsId: 2011} | ret=SUCCESS |  
2019-08-21 02:17:18,902 | INFO  | DNAudit | user=null | ip=null | op=WRITE_CHUNK {blockData=conID: 3 locID: 102652565183267302 bcsId: 2011} | ret=SUCCESS |  
2019-08-21 02:17:18,902 | INFO  | DNAudit | user=null | ip=null | op=WRITE_CHUNK {blockData=conID: 3 locID: 102652565183267302 bcsId: 2011} | ret=SUCCESS |  
2019-08-21 02:17:18,912 | INFO  | DNAudit | user=null | ip=null | op=WRITE_CHUNK {blockData=conID: 3 locID: 102652565183267302 bcsId: 2011} | ret=SUCCESS |  
2019-08-21 02:17:18,913 | INFO  | DNAudit | user=null | ip=null | op=PUT_BLOCK {blockData=[blockId=conID: 3 locID: 102652565183267302 bcsId: 0,size=3145728]} | ret=SUCCESS |  
2019-08-21 02:17:18,913 [grpc-default-executor-2] INFO  client.GrpcClientProtocolClient (GrpcClientProtocolClient.java:onNext(255)) - client-54CC064C3FCE->8224e767-71c1-41fc-a01a-d172d48fd9d8: receive RaftClientReply:client-54CC064C3FCE->8224e767-71c1-41fc-a01a-d172d48fd9d8@group-F6B37CC92441, cid=1431, SUCCESS, logIndex=2016, commits[8224e767-71c1-41fc-a01a-d172d48fd9d8:c2017, 6eae0c21-01aa-4169-956f-5952b26ea7ba:c2015, 8d7dcba1-3b82-4d94-a832-514ef5c79cf8:c2015]
2019-08-21 02:17:18,913 [grpc-default-executor-2] INFO  client.GrpcClientProtocolClient (GrpcClientProtocolClient.java:onNext(255)) - client-54CC064C3FCE->8224e767-71c1-41fc-a01a-d172d48fd9d8: receive RaftClientReply:client-54CC064C3FCE->8224e767-71c1-41fc-a01a-d172d48fd9d8@group-F6B37CC92441, cid=1432, SUCCESS, logIndex=2017, commits[8224e767-71c1-41fc-a01a-d172d48fd9d8:c2017, 6eae0c21-01aa-4169-956f-5952b26ea7ba:c2015, 8d7dcba1-3b82-4d94-a832-514ef5c79cf8:c2015]
2019-08-21 02:17:18,919 | INFO  | DNAudit | user=null | ip=null | op=WRITE_CHUNK {blockData=conID: 3 locID: 102652565183267302 bcsId: 2017} | ret=SUCCESS |  
2019-08-21 02:17:18,921 | INFO  | DNAudit | user=null | ip=null | op=WRITE_CHUNK {blockData=conID: 3 locID: 102652565183267302 bcsId: 2017} | ret=SUCCESS |  
2019-08-21 02:17:18,921 | INFO  | DNAudit | user=null | ip=null | op=WRITE_CHUNK {blockData=conID: 3 locID: 102652565183267302 bcsId: 2017} | ret=SUCCESS |  
2019-08-21 02:17:18,924 | INFO  | DNAudit | user=null | ip=null | op=WRITE_CHUNK {blockData=conID: 3 locID: 102652565183267302 bcsId: 2011} | ret=SUCCESS |  
2019-08-21 02:17:18,924 | INFO  | DNAudit | user=null | ip=null | op=WRITE_CHUNK {blockData=conID: 3 locID: 102652565183267302 bcsId: 2011} | ret=SUCCESS |  
2019-08-21 02:17:18,927 | INFO  | DNAudit | user=null | ip=null | op=PUT_BLOCK {blockData=[blockId=conID: 3 locID: 102652565183267302 bcsId: 0,size=3145728]} | ret=SUCCESS |  
2019-08-21 02:17:18,927 | INFO  | DNAudit | user=null | ip=null | op=PUT_BLOCK {blockData=[blockId=conID: 3 locID: 102652565183267302 bcsId: 0,size=3145728]} | ret=SUCCESS |  
2019-08-21 02:17:18,927 | INFO  | DNAudit | user=null | ip=null | op=WRITE_CHUNK {blockData=conID: 3 locID: 102652565183267302 bcsId: 2017} | ret=SUCCESS |  
2019-08-21 02:17:18,928 | INFO  | DNAudit | user=null | ip=null | op=PUT_BLOCK {blockData=[blockId=conID: 3 locID: 102652565183267302 bcsId: 0,size=4194304]} | ret=SUCCESS |  
2019-08-21 02:17:18,928 [grpc-default-executor-1] INFO  client.GrpcClientProtocolClient (GrpcClientProtocolClient.java:onNext(255)) - client-54CC064C3FCE->8224e767-71c1-41fc-a01a-d172d48fd9d8: receive RaftClientReply:client-54CC064C3FCE->8224e767-71c1-41fc-a01a-d172d48fd9d8@group-F6B37CC92441, cid=1433, SUCCESS, logIndex=2020, commits[8224e767-71c1-41fc-a01a-d172d48fd9d8:c2020, 6eae0c21-01aa-4169-956f-5952b26ea7ba:c2017, 8d7dcba1-3b82-4d94-a832-514ef5c79cf8:c2017]
2019-08-21 02:17:18,928 [grpc-default-executor-1] INFO  client.GrpcClientProtocolClient (GrpcClientProtocolClient.java:onNext(255)) - client-54CC064C3FCE->8224e767-71c1-41fc-a01a-d172d48fd9d8: receive RaftClientReply:client-54CC064C3FCE->8224e767-71c1-41fc-a01a-d172d48fd9d8@group-F6B37CC92441, cid=1434, SUCCESS, logIndex=2021, commits[8224e767-71c1-41fc-a01a-d172d48fd9d8:c2021, 6eae0c21-01aa-4169-956f-5952b26ea7ba:c2017, 8d7dcba1-3b82-4d94-a832-514ef5c79cf8:c2017]
2019-08-21 02:17:18,939 | INFO  | DNAudit | user=null | ip=null | op=WRITE_CHUNK {blockData=conID: 3 locID: 102652565183267302 bcsId: 2017} | ret=SUCCESS |  
2019-08-21 02:17:18,939 | INFO  | DNAudit | user=null | ip=null | op=WRITE_CHUNK {blockData=conID: 3 locID: 102652565183267302 bcsId: 2017} | ret=SUCCESS |  
2019-08-21 02:17:18,942 | INFO  | DNAudit | user=null | ip=null | op=PUT_BLOCK {blockData=[blockId=conID: 3 locID: 102652565183267302 bcsId: 0,size=4194304]} | ret=SUCCESS |  
2019-08-21 02:17:18,942 | INFO  | DNAudit | user=null | ip=null | op=PUT_BLOCK {blockData=[blockId=conID: 3 locID: 102652565183267302 bcsId: 0,size=4194304]} | ret=SUCCESS |  
2019-08-21 02:17:18,943 [grpc-default-executor-4] INFO  client.GrpcClientProtocolClient (GrpcClientProtocolClient.java:onNext(255)) - client-54CC064C3FCE->8224e767-71c1-41fc-a01a-d172d48fd9d8: receive RaftClientReply:client-54CC064C3FCE->8224e767-71c1-41fc-a01a-d172d48fd9d8@group-F6B37CC92441, cid=1435, SUCCESS, logIndex=0, commits[8224e767-71c1-41fc-a01a-d172d48fd9d8:c2023, 6eae0c21-01aa-4169-956f-5952b26ea7ba:c2021, 8d7dcba1-3b82-4d94-a832-514ef5c79cf8:c2021]
2019-08-21 02:17:18,947 | INFO  | SCMAudit | user=jenkins1000 | ip=192.168.34.10 | op=ALLOCATE_BLOCK {owner=b6f66289-f2a0-4058-b052-0a85e40df67b, size=4194304, type=RATIS, factor=THREE} | ret=SUCCESS |  
2019-08-21 02:17:18,949 | INFO  | OMAudit | user=jenkins1000 | ip=127.0.0.1 | op=ALLOCATE_BLOCK {volume=vol-0-90982, bucket=bucket-0-24269, key=key-0-81262, dataSize=0, replicationType=null, replicationFactor=null, keyLocationInfo=null, clientID=102652564580991378} | ret=SUCCESS |  
2019-08-21 02:17:18,956 | INFO  | DNAudit | user=null | ip=null | op=WRITE_CHUNK {blockData=conID: 1 locID: 102652565189231079 bcsId: 0} | ret=SUCCESS |  
2019-08-21 02:17:18,959 | INFO  | DNAudit | user=null | ip=null | op=WRITE_CHUNK {blockData=conID: 1 locID: 102652565189231079 bcsId: 0} | ret=SUCCESS |  
2019-08-21 02:17:18,959 | INFO  | DNAudit | user=null | ip=null | op=WRITE_CHUNK {blockData=conID: 1 locID: 102652565189231079 bcsId: 0} | ret=SUCCESS |  
2019-08-21 02:17:18,960 | INFO  | DNAudit | user=null | ip=null | op=WRITE_CHUNK {blockData=conID: 1 locID: 102652565189231079 bcsId: 0} | ret=SUCCESS |  
2019-08-21 02:17:18,961 | INFO  | DNAudit | user=null | ip=null | op=WRITE_CHUNK {blockData=conID: 1 locID: 102652565189231079 bcsId: 0} | ret=SUCCESS |  
2019-08-21 02:17:18,962 | INFO  | DNAudit | user=null | ip=null | op=WRITE_CHUNK {blockData=conID: 1 locID: 102652565189231079 bcsId: 0} | ret=SUCCESS |  
2019-08-21 02:17:18,971 | INFO  | DNAudit | user=null | ip=null | op=WRITE_CHUNK {blockData=conID: 1 locID: 102652565189231079 bcsId: 0} | ret=SUCCESS |  
2019-08-21 02:17:18,972 | INFO  | DNAudit | user=null | ip=null | op=PUT_BLOCK {blockData=[blockId=conID: 1 locID: 102652565189231079 bcsId: 0,size=1048576]} | ret=SUCCESS |  
2019-08-21 02:17:18,972 [grpc-default-executor-2] INFO  client.GrpcClientProtocolClient (GrpcClientProtocolClient.java:onNext(255)) - client-54CC064C3FCE->8224e767-71c1-41fc-a01a-d172d48fd9d8: receive RaftClientReply:client-54CC064C3FCE->8224e767-71c1-41fc-a01a-d172d48fd9d8@group-F6B37CC92441, cid=1436, SUCCESS, logIndex=2024, commits[8224e767-71c1-41fc-a01a-d172d48fd9d8:c2025, 6eae0c21-01aa-4169-956f-5952b26ea7ba:c2023, 8d7dcba1-3b82-4d94-a832-514ef5c79cf8:c2023]
2019-08-21 02:17:18,972 | INFO  | DNAudit | user=null | ip=null | op=WRITE_CHUNK {blockData=conID: 1 locID: 102652565189231079 bcsId: 0} | ret=SUCCESS |  
2019-08-21 02:17:18,972 [grpc-default-executor-1] INFO  client.GrpcClientProtocolClient (GrpcClientProtocolClient.java:onNext(255)) - client-54CC064C3FCE->8224e767-71c1-41fc-a01a-d172d48fd9d8: receive RaftClientReply:client-54CC064C3FCE->8224e767-71c1-41fc-a01a-d172d48fd9d8@group-F6B37CC92441, cid=1437, SUCCESS, logIndex=2025, commits[8224e767-71c1-41fc-a01a-d172d48fd9d8:c2025, 6eae0c21-01aa-4169-956f-5952b26ea7ba:c2023, 8d7dcba1-3b82-4d94-a832-514ef5c79cf8:c2023]
2019-08-21 02:17:18,972 | INFO  | DNAudit | user=null | ip=null | op=PUT_BLOCK {blockData=[blockId=conID: 1 locID: 102652565189231079 bcsId: 0,size=2097152]} | ret=SUCCESS |  
2019-08-21 02:17:18,972 [grpc-default-executor-1] INFO  client.GrpcClientProtocolClient (GrpcClientProtocolClient.java:onNext(255)) - client-54CC064C3FCE->8224e767-71c1-41fc-a01a-d172d48fd9d8: receive RaftClientReply:client-54CC064C3FCE->8224e767-71c1-41fc-a01a-d172d48fd9d8@group-F6B37CC92441, cid=1438, SUCCESS, logIndex=2026, commits[8224e767-71c1-41fc-a01a-d172d48fd9d8:c2027, 6eae0c21-01aa-4169-956f-5952b26ea7ba:c2023, 8d7dcba1-3b82-4d94-a832-514ef5c79cf8:c2023]
2019-08-21 02:17:18,973 [grpc-default-executor-1] INFO  client.GrpcClientProtocolClient (GrpcClientProtocolClient.java:onNext(255)) - client-54CC064C3FCE->8224e767-71c1-41fc-a01a-d172d48fd9d8: receive RaftClientReply:client-54CC064C3FCE->8224e767-71c1-41fc-a01a-d172d48fd9d8@group-F6B37CC92441, cid=1439, SUCCESS, logIndex=2027, commits[8224e767-71c1-41fc-a01a-d172d48fd9d8:c2027, 6eae0c21-01aa-4169-956f-5952b26ea7ba:c2023, 8d7dcba1-3b82-4d94-a832-514ef5c79cf8:c2023]
2019-08-21 02:17:18,984 | INFO  | DNAudit | user=null | ip=null | op=WRITE_CHUNK {blockData=conID: 1 locID: 102652565189231079 bcsId: 0} | ret=SUCCESS |  
2019-08-21 02:17:18,984 | INFO  | DNAudit | user=null | ip=null | op=PUT_BLOCK {blockData=[blockId=conID: 1 locID: 102652565189231079 bcsId: 0,size=1048576]} | ret=SUCCESS |  
2019-08-21 02:17:18,985 | INFO  | DNAudit | user=null | ip=null | op=WRITE_CHUNK {blockData=conID: 1 locID: 102652565189231079 bcsId: 0} | ret=SUCCESS |  
2019-08-21 02:17:18,985 | INFO  | DNAudit | user=null | ip=null | op=PUT_BLOCK {blockData=[blockId=conID: 1 locID: 102652565189231079 bcsId: 0,size=1048576]} | ret=SUCCESS |  
2019-08-21 02:17:18,985 | INFO  | DNAudit | user=null | ip=null | op=WRITE_CHUNK {blockData=conID: 1 locID: 102652565189231079 bcsId: 0} | ret=SUCCESS |  
2019-08-21 02:17:18,985 | INFO  | DNAudit | user=null | ip=null | op=WRITE_CHUNK {blockData=conID: 1 locID: 102652565189231079 bcsId: 0} | ret=SUCCESS |  
2019-08-21 02:17:18,985 [grpc-default-executor-1] INFO  client.GrpcClientProtocolClient (GrpcClientProtocolClient.java:onNext(255)) - client-54CC064C3FCE->8224e767-71c1-41fc-a01a-d172d48fd9d8: receive RaftClientReply:client-54CC064C3FCE->8224e767-71c1-41fc-a01a-d172d48fd9d8@group-F6B37CC92441, cid=1440, SUCCESS, logIndex=0, commits[8224e767-71c1-41fc-a01a-d172d48fd9d8:c2029, 6eae0c21-01aa-4169-956f-5952b26ea7ba:c2025, 8d7dcba1-3b82-4d94-a832-514ef5c79cf8:c2025]
2019-08-21 02:17:18,985 | INFO  | DNAudit | user=null | ip=null | op=PUT_BLOCK {blockData=[blockId=conID: 1 locID: 102652565189231079 bcsId: 0,size=2097152]} | ret=SUCCESS |  
2019-08-21 02:17:18,985 | INFO  | DNAudit | user=null | ip=null | op=PUT_BLOCK {blockData=[blockId=conID: 1 locID: 102652565189231079 bcsId: 0,size=2097152]} | ret=SUCCESS |  
2019-08-21 02:17:18,993 | INFO  | DNAudit | user=null | ip=null | op=WRITE_CHUNK {blockData=conID: 1 locID: 102652565189231079 bcsId: 2027} | ret=SUCCESS |  
2019-08-21 02:17:18,994 | INFO  | DNAudit | user=null | ip=null | op=WRITE_CHUNK {blockData=conID: 1 locID: 102652565189231079 bcsId: 2027} | ret=SUCCESS |  
2019-08-21 02:17:18,995 | INFO  | DNAudit | user=null | ip=null | op=WRITE_CHUNK {blockData=conID: 1 locID: 102652565189231079 bcsId: 2027} | ret=SUCCESS |  
2019-08-21 02:17:19,005 | INFO  | DNAudit | user=null | ip=null | op=WRITE_CHUNK {blockData=conID: 1 locID: 102652565189231079 bcsId: 2027} | ret=SUCCESS |  
2019-08-21 02:17:19,005 | INFO  | DNAudit | user=null | ip=null | op=PUT_BLOCK {blockData=[blockId=conID: 1 locID: 102652565189231079 bcsId: 0,size=3145728]} | ret=SUCCESS |  
2019-08-21 02:17:19,005 [grpc-default-executor-4] INFO  client.GrpcClientProtocolClient (GrpcClientProtocolClient.java:onNext(255)) - client-54CC064C3FCE->8224e767-71c1-41fc-a01a-d172d48fd9d8: receive RaftClientReply:client-54CC064C3FCE->8224e767-71c1-41fc-a01a-d172d48fd9d8@group-F6B37CC92441, cid=1441, SUCCESS, logIndex=2032, commits[8224e767-71c1-41fc-a01a-d172d48fd9d8:c2033, 6eae0c21-01aa-4169-956f-5952b26ea7ba:c2031, 8d7dcba1-3b82-4d94-a832-514ef5c79cf8:c2031]
2019-08-21 02:17:19,006 [grpc-default-executor-4] INFO  client.GrpcClientProtocolClient (GrpcClientProtocolClient.java:onNext(255)) - client-54CC064C3FCE->8224e767-71c1-41fc-a01a-d172d48fd9d8: receive RaftClientReply:client-54CC064C3FCE->8224e767-71c1-41fc-a01a-d172d48fd9d8@group-F6B37CC92441, cid=1442, SUCCESS, logIndex=2033, commits[8224e767-71c1-41fc-a01a-d172d48fd9d8:c2033, 6eae0c21-01aa-4169-956f-5952b26ea7ba:c2031, 8d7dcba1-3b82-4d94-a832-514ef5c79cf8:c2031]
2019-08-21 02:17:19,013 | INFO  | DNAudit | user=null | ip=null | op=WRITE_CHUNK {blockData=conID: 1 locID: 102652565189231079 bcsId: 2033} | ret=SUCCESS |  
2019-08-21 02:17:19,015 | INFO  | DNAudit | user=null | ip=null | op=WRITE_CHUNK {blockData=conID: 1 locID: 102652565189231079 bcsId: 2033} | ret=SUCCESS |  
2019-08-21 02:17:19,015 | INFO  | DNAudit | user=null | ip=null | op=WRITE_CHUNK {blockData=conID: 1 locID: 102652565189231079 bcsId: 2033} | ret=SUCCESS |  
2019-08-21 02:17:19,016 | INFO  | DNAudit | user=null | ip=null | op=WRITE_CHUNK {blockData=conID: 1 locID: 102652565189231079 bcsId: 2027} | ret=SUCCESS |  
2019-08-21 02:17:19,016 | INFO  | DNAudit | user=null | ip=null | op=WRITE_CHUNK {blockData=conID: 1 locID: 102652565189231079 bcsId: 2027} | ret=SUCCESS |  
2019-08-21 02:17:19,018 | INFO  | DNAudit | user=null | ip=null | op=PUT_BLOCK {blockData=[blockId=conID: 1 locID: 102652565189231079 bcsId: 0,size=3145728]} | ret=SUCCESS |  
2019-08-21 02:17:19,018 | INFO  | DNAudit | user=null | ip=null | op=PUT_BLOCK {blockData=[blockId=conID: 1 locID: 102652565189231079 bcsId: 0,size=3145728]} | ret=SUCCESS |  
2019-08-21 02:17:19,019 | INFO  | DNAudit | user=null | ip=null | op=WRITE_CHUNK {blockData=conID: 1 locID: 102652565189231079 bcsId: 2033} | ret=SUCCESS |  
2019-08-21 02:17:19,019 | INFO  | DNAudit | user=null | ip=null | op=PUT_BLOCK {blockData=[blockId=conID: 1 locID: 102652565189231079 bcsId: 0,size=4194304]} | ret=SUCCESS |  
2019-08-21 02:17:19,019 [grpc-default-executor-4] INFO  client.GrpcClientProtocolClient (GrpcClientProtocolClient.java:onNext(255)) - client-54CC064C3FCE->8224e767-71c1-41fc-a01a-d172d48fd9d8: receive RaftClientReply:client-54CC064C3FCE->8224e767-71c1-41fc-a01a-d172d48fd9d8@group-F6B37CC92441, cid=1443, SUCCESS, logIndex=2036, commits[8224e767-71c1-41fc-a01a-d172d48fd9d8:c2037, 6eae0c21-01aa-4169-956f-5952b26ea7ba:c2033, 8d7dcba1-3b82-4d94-a832-514ef5c79cf8:c2033]
2019-08-21 02:17:19,019 [grpc-default-executor-4] INFO  client.GrpcClientProtocolClient (GrpcClientProtocolClient.java:onNext(255)) - client-54CC064C3FCE->8224e767-71c1-41fc-a01a-d172d48fd9d8: receive RaftClientReply:client-54CC064C3FCE->8224e767-71c1-41fc-a01a-d172d48fd9d8@group-F6B37CC92441, cid=1444, SUCCESS, logIndex=2037, commits[8224e767-71c1-41fc-a01a-d172d48fd9d8:c2037, 6eae0c21-01aa-4169-956f-5952b26ea7ba:c2033, 8d7dcba1-3b82-4d94-a832-514ef5c79cf8:c2033]
2019-08-21 02:17:19,020 | INFO  | DNAudit | user=null | ip=null | op=WRITE_CHUNK {blockData=conID: 1 locID: 102652565189231079 bcsId: 2033} | ret=SUCCESS |  
2019-08-21 02:17:19,021 | INFO  | DNAudit | user=null | ip=null | op=WRITE_CHUNK {blockData=conID: 1 locID: 102652565189231079 bcsId: 2033} | ret=SUCCESS |  
2019-08-21 02:17:19,023 | INFO  | DNAudit | user=null | ip=null | op=PUT_BLOCK {blockData=[blockId=conID: 1 locID: 102652565189231079 bcsId: 0,size=4194304]} | ret=SUCCESS |  
2019-08-21 02:17:19,024 | INFO  | DNAudit | user=null | ip=null | op=PUT_BLOCK {blockData=[blockId=conID: 1 locID: 102652565189231079 bcsId: 0,size=4194304]} | ret=SUCCESS |  
2019-08-21 02:17:19,024 [grpc-default-executor-2] INFO  client.GrpcClientProtocolClient (GrpcClientProtocolClient.java:onNext(255)) - client-54CC064C3FCE->8224e767-71c1-41fc-a01a-d172d48fd9d8: receive RaftClientReply:client-54CC064C3FCE->8224e767-71c1-41fc-a01a-d172d48fd9d8@group-F6B37CC92441, cid=1445, SUCCESS, logIndex=0, commits[8224e767-71c1-41fc-a01a-d172d48fd9d8:c2038, 6eae0c21-01aa-4169-956f-5952b26ea7ba:c2037, 8d7dcba1-3b82-4d94-a832-514ef5c79cf8:c2037]
2019-08-21 02:17:19,028 | INFO  | SCMAudit | user=jenkins1000 | ip=192.168.34.10 | op=ALLOCATE_BLOCK {owner=b6f66289-f2a0-4058-b052-0a85e40df67b, size=4194304, type=RATIS, factor=THREE} | ret=SUCCESS |  
2019-08-21 02:17:19,031 | INFO  | OMAudit | user=jenkins1000 | ip=127.0.0.1 | op=ALLOCATE_BLOCK {volume=vol-0-90982, bucket=bucket-0-24269, key=key-0-81262, dataSize=0, replicationType=null, replicationFactor=null, keyLocationInfo=null, clientID=102652564580991378} | ret=SUCCESS |  
2019-08-21 02:17:19,039 | INFO  | DNAudit | user=null | ip=null | op=WRITE_CHUNK {blockData=conID: 2 locID: 102652565194539496 bcsId: 0} | ret=SUCCESS |  
2019-08-21 02:17:19,040 | INFO  | DNAudit | user=null | ip=null | op=WRITE_CHUNK {blockData=conID: 2 locID: 102652565194539496 bcsId: 0} | ret=SUCCESS |  
2019-08-21 02:17:19,041 | INFO  | DNAudit | user=null | ip=null | op=WRITE_CHUNK {blockData=conID: 2 locID: 102652565194539496 bcsId: 0} | ret=SUCCESS |  
2019-08-21 02:17:19,041 | INFO  | DNAudit | user=null | ip=null | op=WRITE_CHUNK {blockData=conID: 2 locID: 102652565194539496 bcsId: 0} | ret=SUCCESS |  
2019-08-21 02:17:19,042 | INFO  | DNAudit | user=null | ip=null | op=WRITE_CHUNK {blockData=conID: 2 locID: 102652565194539496 bcsId: 0} | ret=SUCCESS |  
2019-08-21 02:17:19,042 | INFO  | DNAudit | user=null | ip=null | op=PUT_BLOCK {blockData=[blockId=conID: 2 locID: 102652565194539496 bcsId: 0,size=1048576]} | ret=SUCCESS |  
2019-08-21 02:17:19,043 | INFO  | DNAudit | user=null | ip=null | op=WRITE_CHUNK {blockData=conID: 2 locID: 102652565194539496 bcsId: 0} | ret=SUCCESS |  
2019-08-21 02:17:19,043 [grpc-default-executor-2] INFO  client.GrpcClientProtocolClient (GrpcClientProtocolClient.java:onNext(255)) - client-54CC064C3FCE->8224e767-71c1-41fc-a01a-d172d48fd9d8: receive RaftClientReply:client-54CC064C3FCE->8224e767-71c1-41fc-a01a-d172d48fd9d8@group-F6B37CC92441, cid=1446, SUCCESS, logIndex=2040, commits[8224e767-71c1-41fc-a01a-d172d48fd9d8:c2041, 6eae0c21-01aa-4169-956f-5952b26ea7ba:c2039, 8d7dcba1-3b82-4d94-a832-514ef5c79cf8:c2037]
2019-08-21 02:17:19,043 | INFO  | DNAudit | user=null | ip=null | op=WRITE_CHUNK {blockData=conID: 2 locID: 102652565194539496 bcsId: 0} | ret=SUCCESS |  
2019-08-21 02:17:19,043 [grpc-default-executor-2] INFO  client.GrpcClientProtocolClient (GrpcClientProtocolClient.java:onNext(255)) - client-54CC064C3FCE->8224e767-71c1-41fc-a01a-d172d48fd9d8: receive RaftClientReply:client-54CC064C3FCE->8224e767-71c1-41fc-a01a-d172d48fd9d8@group-F6B37CC92441, cid=1447, SUCCESS, logIndex=2041, commits[8224e767-71c1-41fc-a01a-d172d48fd9d8:c2041, 6eae0c21-01aa-4169-956f-5952b26ea7ba:c2039, 8d7dcba1-3b82-4d94-a832-514ef5c79cf8:c2039]
2019-08-21 02:17:19,046 | INFO  | DNAudit | user=null | ip=null | op=WRITE_CHUNK {blockData=conID: 2 locID: 102652565194539496 bcsId: 0} | ret=SUCCESS |  
2019-08-21 02:17:19,046 | INFO  | DNAudit | user=null | ip=null | op=WRITE_CHUNK {blockData=conID: 2 locID: 102652565194539496 bcsId: 0} | ret=SUCCESS |  
2019-08-21 02:17:19,046 | INFO  | DNAudit | user=null | ip=null | op=PUT_BLOCK {blockData=[blockId=conID: 2 locID: 102652565194539496 bcsId: 0,size=2097152]} | ret=SUCCESS |  
2019-08-21 02:17:19,046 | INFO  | DNAudit | user=null | ip=null | op=WRITE_CHUNK {blockData=conID: 2 locID: 102652565194539496 bcsId: 0} | ret=SUCCESS |  
2019-08-21 02:17:19,046 | INFO  | DNAudit | user=null | ip=null | op=PUT_BLOCK {blockData=[blockId=conID: 2 locID: 102652565194539496 bcsId: 0,size=1048576]} | ret=SUCCESS |  
2019-08-21 02:17:19,047 | INFO  | DNAudit | user=null | ip=null | op=PUT_BLOCK {blockData=[blockId=conID: 2 locID: 102652565194539496 bcsId: 0,size=1048576]} | ret=SUCCESS |  
2019-08-21 02:17:19,047 [grpc-default-executor-4] INFO  client.GrpcClientProtocolClient (GrpcClientProtocolClient.java:onNext(255)) - client-54CC064C3FCE->8224e767-71c1-41fc-a01a-d172d48fd9d8: receive RaftClientReply:client-54CC064C3FCE->8224e767-71c1-41fc-a01a-d172d48fd9d8@group-F6B37CC92441, cid=1448, SUCCESS, logIndex=2042, commits[8224e767-71c1-41fc-a01a-d172d48fd9d8:c2043, 6eae0c21-01aa-4169-956f-5952b26ea7ba:c2039, 8d7dcba1-3b82-4d94-a832-514ef5c79cf8:c2039]
2019-08-21 02:17:19,047 [grpc-default-executor-4] INFO  client.GrpcClientProtocolClient (GrpcClientProtocolClient.java:onNext(255)) - client-54CC064C3FCE->8224e767-71c1-41fc-a01a-d172d48fd9d8: receive RaftClientReply:client-54CC064C3FCE->8224e767-71c1-41fc-a01a-d172d48fd9d8@group-F6B37CC92441, cid=1449, SUCCESS, logIndex=2043, commits[8224e767-71c1-41fc-a01a-d172d48fd9d8:c2044, 6eae0c21-01aa-4169-956f-5952b26ea7ba:c2041, 8d7dcba1-3b82-4d94-a832-514ef5c79cf8:c2039]
2019-08-21 02:17:19,048 | INFO  | DNAudit | user=null | ip=null | op=WRITE_CHUNK {blockData=conID: 2 locID: 102652565194539496 bcsId: 0} | ret=SUCCESS |  
2019-08-21 02:17:19,048 [grpc-default-executor-4] INFO  client.GrpcClientProtocolClient (GrpcClientProtocolClient.java:onNext(255)) - client-54CC064C3FCE->8224e767-71c1-41fc-a01a-d172d48fd9d8: receive RaftClientReply:client-54CC064C3FCE->8224e767-71c1-41fc-a01a-d172d48fd9d8@group-F6B37CC92441, cid=1450, SUCCESS, logIndex=0, commits[8224e767-71c1-41fc-a01a-d172d48fd9d8:c2044, 6eae0c21-01aa-4169-956f-5952b26ea7ba:c2041, 8d7dcba1-3b82-4d94-a832-514ef5c79cf8:c2041]
2019-08-21 02:17:19,048 | INFO  | DNAudit | user=null | ip=null | op=PUT_BLOCK {blockData=[blockId=conID: 2 locID: 102652565194539496 bcsId: 0,size=2097152]} | ret=SUCCESS |  
2019-08-21 02:17:19,048 | INFO  | DNAudit | user=null | ip=null | op=WRITE_CHUNK {blockData=conID: 2 locID: 102652565194539496 bcsId: 0} | ret=SUCCESS |  
2019-08-21 02:17:19,048 | INFO  | DNAudit | user=null | ip=null | op=PUT_BLOCK {blockData=[blockId=conID: 2 locID: 102652565194539496 bcsId: 0,size=2097152]} | ret=SUCCESS |  
2019-08-21 02:17:19,055 | INFO  | DNAudit | user=null | ip=null | op=WRITE_CHUNK {blockData=conID: 2 locID: 102652565194539496 bcsId: 2043} | ret=SUCCESS |  
2019-08-21 02:17:19,058 | INFO  | DNAudit | user=null | ip=null | op=WRITE_CHUNK {blockData=conID: 2 locID: 102652565194539496 bcsId: 2043} | ret=SUCCESS |  
2019-08-21 02:17:19,058 | INFO  | DNAudit | user=null | ip=null | op=WRITE_CHUNK {blockData=conID: 2 locID: 102652565194539496 bcsId: 2043} | ret=SUCCESS |  
2019-08-21 02:17:19,060 | INFO  | DNAudit | user=null | ip=null | op=WRITE_CHUNK {blockData=conID: 2 locID: 102652565194539496 bcsId: 2043} | ret=SUCCESS |  
2019-08-21 02:17:19,060 | INFO  | DNAudit | user=null | ip=null | op=PUT_BLOCK {blockData=[blockId=conID: 2 locID: 102652565194539496 bcsId: 0,size=3145728]} | ret=SUCCESS |  
2019-08-21 02:17:19,060 [grpc-default-executor-0] INFO  client.GrpcClientProtocolClient (GrpcClientProtocolClient.java:onNext(255)) - client-54CC064C3FCE->8224e767-71c1-41fc-a01a-d172d48fd9d8: receive RaftClientReply:client-54CC064C3FCE->8224e767-71c1-41fc-a01a-d172d48fd9d8@group-F6B37CC92441, cid=1451, SUCCESS, logIndex=2047, commits[8224e767-71c1-41fc-a01a-d172d48fd9d8:c2048, 6eae0c21-01aa-4169-956f-5952b26ea7ba:c2046, 8d7dcba1-3b82-4d94-a832-514ef5c79cf8:c2046]
2019-08-21 02:17:19,061 [grpc-default-executor-0] INFO  client.GrpcClientProtocolClient (GrpcClientProtocolClient.java:onNext(255)) - client-54CC064C3FCE->8224e767-71c1-41fc-a01a-d172d48fd9d8: receive RaftClientReply:client-54CC064C3FCE->8224e767-71c1-41fc-a01a-d172d48fd9d8@group-F6B37CC92441, cid=1452, SUCCESS, logIndex=2048, commits[8224e767-71c1-41fc-a01a-d172d48fd9d8:c2048, 6eae0c21-01aa-4169-956f-5952b26ea7ba:c2046, 8d7dcba1-3b82-4d94-a832-514ef5c79cf8:c2046]
2019-08-21 02:17:19,063 | INFO  | DNAudit | user=null | ip=null | op=WRITE_CHUNK {blockData=conID: 2 locID: 102652565194539496 bcsId: 2043} | ret=SUCCESS |  
2019-08-21 02:17:19,063 | INFO  | DNAudit | user=null | ip=null | op=WRITE_CHUNK {blockData=conID: 2 locID: 102652565194539496 bcsId: 2043} | ret=SUCCESS |  
2019-08-21 02:17:19,063 | INFO  | DNAudit | user=null | ip=null | op=PUT_BLOCK {blockData=[blockId=conID: 2 locID: 102652565194539496 bcsId: 0,size=3145728]} | ret=SUCCESS |  
2019-08-21 02:17:19,063 | INFO  | DNAudit | user=null | ip=null | op=PUT_BLOCK {blockData=[blockId=conID: 2 locID: 102652565194539496 bcsId: 0,size=3145728]} | ret=SUCCESS |  
2019-08-21 02:17:19,067 | INFO  | DNAudit | user=null | ip=null | op=WRITE_CHUNK {blockData=conID: 2 locID: 102652565194539496 bcsId: 2048} | ret=SUCCESS |  
2019-08-21 02:17:19,068 | INFO  | DNAudit | user=null | ip=null | op=WRITE_CHUNK {blockData=conID: 2 locID: 102652565194539496 bcsId: 2048} | ret=SUCCESS |  
2019-08-21 02:17:19,069 | INFO  | DNAudit | user=null | ip=null | op=WRITE_CHUNK {blockData=conID: 2 locID: 102652565194539496 bcsId: 2048} | ret=SUCCESS |  
2019-08-21 02:17:19,082 | INFO  | DNAudit | user=null | ip=null | op=WRITE_CHUNK {blockData=conID: 2 locID: 102652565194539496 bcsId: 2048} | ret=SUCCESS |  
2019-08-21 02:17:19,083 | INFO  | DNAudit | user=null | ip=null | op=PUT_BLOCK {blockData=[blockId=conID: 2 locID: 102652565194539496 bcsId: 0,size=4194304]} | ret=SUCCESS |  
2019-08-21 02:17:19,083 [grpc-default-executor-0] INFO  client.GrpcClientProtocolClient (GrpcClientProtocolClient.java:onNext(255)) - client-54CC064C3FCE->8224e767-71c1-41fc-a01a-d172d48fd9d8: receive RaftClientReply:client-54CC064C3FCE->8224e767-71c1-41fc-a01a-d172d48fd9d8@group-F6B37CC92441, cid=1453, SUCCESS, logIndex=2050, commits[8224e767-71c1-41fc-a01a-d172d48fd9d8:c2051, 6eae0c21-01aa-4169-956f-5952b26ea7ba:c2049, 8d7dcba1-3b82-4d94-a832-514ef5c79cf8:c2049]
2019-08-21 02:17:19,083 [grpc-default-executor-0] INFO  client.GrpcClientProtocolClient (GrpcClientProtocolClient.java:onNext(255)) - client-54CC064C3FCE->8224e767-71c1-41fc-a01a-d172d48fd9d8: receive RaftClientReply:client-54CC064C3FCE->8224e767-71c1-41fc-a01a-d172d48fd9d8@group-F6B37CC92441, cid=1454, SUCCESS, logIndex=2051, commits[8224e767-71c1-41fc-a01a-d172d48fd9d8:c2051, 6eae0c21-01aa-4169-956f-5952b26ea7ba:c2049, 8d7dcba1-3b82-4d94-a832-514ef5c79cf8:c2049]
2019-08-21 02:17:19,094 | INFO  | DNAudit | user=null | ip=null | op=WRITE_CHUNK {blockData=conID: 2 locID: 102652565194539496 bcsId: 2048} | ret=SUCCESS |  
2019-08-21 02:17:19,094 | INFO  | DNAudit | user=null | ip=null | op=WRITE_CHUNK {blockData=conID: 2 locID: 102652565194539496 bcsId: 2048} | ret=SUCCESS |  
2019-08-21 02:17:19,094 | INFO  | DNAudit | user=null | ip=null | op=PUT_BLOCK {blockData=[blockId=conID: 2 locID: 102652565194539496 bcsId: 0,size=4194304]} | ret=SUCCESS |  
2019-08-21 02:17:19,097 | INFO  | DNAudit | user=null | ip=null | op=PUT_BLOCK {blockData=[blockId=conID: 2 locID: 102652565194539496 bcsId: 0,size=4194304]} | ret=SUCCESS |  
2019-08-21 02:17:19,098 [grpc-default-executor-4] INFO  client.GrpcClientProtocolClient (GrpcClientProtocolClient.java:onNext(255)) - client-54CC064C3FCE->8224e767-71c1-41fc-a01a-d172d48fd9d8: receive RaftClientReply:client-54CC064C3FCE->8224e767-71c1-41fc-a01a-d172d48fd9d8@group-F6B37CC92441, cid=1455, SUCCESS, logIndex=0, commits[8224e767-71c1-41fc-a01a-d172d48fd9d8:c2052, 6eae0c21-01aa-4169-956f-5952b26ea7ba:c2051, 8d7dcba1-3b82-4d94-a832-514ef5c79cf8:c2051]
2019-08-21 02:17:19,101 | INFO  | SCMAudit | user=jenkins1000 | ip=192.168.34.10 | op=ALLOCATE_BLOCK {owner=b6f66289-f2a0-4058-b052-0a85e40df67b, size=4194304, type=RATIS, factor=THREE} | ret=SUCCESS |  
2019-08-21 02:17:19,103 | INFO  | OMAudit | user=jenkins1000 | ip=127.0.0.1 | op=ALLOCATE_BLOCK {volume=vol-0-90982, bucket=bucket-0-24269, key=key-0-81262, dataSize=0, replicationType=null, replicationFactor=null, keyLocationInfo=null, clientID=102652564580991378} | ret=SUCCESS |  
2019-08-21 02:17:19,104 | INFO  | SCMAudit | user=jenkins1000 | ip=192.168.34.10 | op=SEND_HEARTBEAT {datanodeUUID=8d7dcba1-3b82-4d94-a832-514ef5c79cf8, command=[]} | ret=SUCCESS |  
2019-08-21 02:17:19,104 | INFO  | SCMAudit | user=jenkins1000 | ip=192.168.34.10 | op=SEND_HEARTBEAT {datanodeUUID=6eae0c21-01aa-4169-956f-5952b26ea7ba, command=[]} | ret=SUCCESS |  
2019-08-21 02:17:19,105 | INFO  | SCMAudit | user=jenkins1000 | ip=192.168.34.10 | op=SEND_HEARTBEAT {datanodeUUID=8224e767-71c1-41fc-a01a-d172d48fd9d8, command=[]} | ret=SUCCESS |  
2019-08-21 02:17:19,110 | INFO  | DNAudit | user=null | ip=null | op=WRITE_CHUNK {blockData=conID: 3 locID: 102652565199323625 bcsId: 0} | ret=SUCCESS |  
2019-08-21 02:17:19,112 | INFO  | DNAudit | user=null | ip=null | op=WRITE_CHUNK {blockData=conID: 3 locID: 102652565199323625 bcsId: 0} | ret=SUCCESS |  
2019-08-21 02:17:19,113 | INFO  | DNAudit | user=null | ip=null | op=WRITE_CHUNK {blockData=conID: 3 locID: 102652565199323625 bcsId: 0} | ret=SUCCESS |  
2019-08-21 02:17:19,113 | INFO  | DNAudit | user=null | ip=null | op=WRITE_CHUNK {blockData=conID: 3 locID: 102652565199323625 bcsId: 0} | ret=SUCCESS |  
2019-08-21 02:17:19,115 | INFO  | DNAudit | user=null | ip=null | op=WRITE_CHUNK {blockData=conID: 3 locID: 102652565199323625 bcsId: 0} | ret=SUCCESS |  
2019-08-21 02:17:19,115 | INFO  | DNAudit | user=null | ip=null | op=WRITE_CHUNK {blockData=conID: 3 locID: 102652565199323625 bcsId: 0} | ret=SUCCESS |  
2019-08-21 02:17:19,122 | INFO  | DNAudit | user=null | ip=null | op=WRITE_CHUNK {blockData=conID: 3 locID: 102652565199323625 bcsId: 0} | ret=SUCCESS |  
2019-08-21 02:17:19,122 | INFO  | DNAudit | user=null | ip=null | op=PUT_BLOCK {blockData=[blockId=conID: 3 locID: 102652565199323625 bcsId: 0,size=1048576]} | ret=SUCCESS |  
2019-08-21 02:17:19,123 | INFO  | DNAudit | user=null | ip=null | op=WRITE_CHUNK {blockData=conID: 3 locID: 102652565199323625 bcsId: 0} | ret=SUCCESS |  
2019-08-21 02:17:19,122 [grpc-default-executor-4] INFO  client.GrpcClientProtocolClient (GrpcClientProtocolClient.java:onNext(255)) - client-54CC064C3FCE->8224e767-71c1-41fc-a01a-d172d48fd9d8: receive RaftClientReply:client-54CC064C3FCE->8224e767-71c1-41fc-a01a-d172d48fd9d8@group-F6B37CC92441, cid=1456, SUCCESS, logIndex=2054, commits[8224e767-71c1-41fc-a01a-d172d48fd9d8:c2056, 6eae0c21-01aa-4169-956f-5952b26ea7ba:c2053, 8d7dcba1-3b82-4d94-a832-514ef5c79cf8:c2053]
2019-08-21 02:17:19,123 | INFO  | DNAudit | user=null | ip=null | op=PUT_BLOCK {blockData=[blockId=conID: 3 locID: 102652565199323625 bcsId: 0,size=2097152]} | ret=SUCCESS |  
2019-08-21 02:17:19,123 [grpc-default-executor-4] INFO  client.GrpcClientProtocolClient (GrpcClientProtocolClient.java:onNext(255)) - client-54CC064C3FCE->8224e767-71c1-41fc-a01a-d172d48fd9d8: receive RaftClientReply:client-54CC064C3FCE->8224e767-71c1-41fc-a01a-d172d48fd9d8@group-F6B37CC92441, cid=1457, SUCCESS, logIndex=2055, commits[8224e767-71c1-41fc-a01a-d172d48fd9d8:c2057, 6eae0c21-01aa-4169-956f-5952b26ea7ba:c2053, 8d7dcba1-3b82-4d94-a832-514ef5c79cf8:c2053]
2019-08-21 02:17:19,123 [grpc-default-executor-4] INFO  client.GrpcClientProtocolClient (GrpcClientProtocolClient.java:onNext(255)) - client-54CC064C3FCE->8224e767-71c1-41fc-a01a-d172d48fd9d8: receive RaftClientReply:client-54CC064C3FCE->8224e767-71c1-41fc-a01a-d172d48fd9d8@group-F6B37CC92441, cid=1458, SUCCESS, logIndex=2056, commits[8224e767-71c1-41fc-a01a-d172d48fd9d8:c2057, 6eae0c21-01aa-4169-956f-5952b26ea7ba:c2053, 8d7dcba1-3b82-4d94-a832-514ef5c79cf8:c2053]
2019-08-21 02:17:19,124 [grpc-default-executor-4] INFO  client.GrpcClientProtocolClient (GrpcClientProtocolClient.java:onNext(255)) - client-54CC064C3FCE->8224e767-71c1-41fc-a01a-d172d48fd9d8: receive RaftClientReply:client-54CC064C3FCE->8224e767-71c1-41fc-a01a-d172d48fd9d8@group-F6B37CC92441, cid=1459, SUCCESS, logIndex=2057, commits[8224e767-71c1-41fc-a01a-d172d48fd9d8:c2057, 6eae0c21-01aa-4169-956f-5952b26ea7ba:c2053, 8d7dcba1-3b82-4d94-a832-514ef5c79cf8:c2053]
2019-08-21 02:17:19,124 | INFO  | DNAudit | user=null | ip=null | op=WRITE_CHUNK {blockData=conID: 3 locID: 102652565199323625 bcsId: 0} | ret=SUCCESS |  
2019-08-21 02:17:19,136 | INFO  | DNAudit | user=null | ip=null | op=WRITE_CHUNK {blockData=conID: 3 locID: 102652565199323625 bcsId: 0} | ret=SUCCESS |  
2019-08-21 02:17:19,136 | INFO  | DNAudit | user=null | ip=null | op=PUT_BLOCK {blockData=[blockId=conID: 3 locID: 102652565199323625 bcsId: 0,size=1048576]} | ret=SUCCESS |  
2019-08-21 02:17:19,136 | INFO  | DNAudit | user=null | ip=null | op=WRITE_CHUNK {blockData=conID: 3 locID: 102652565199323625 bcsId: 0} | ret=SUCCESS |  
2019-08-21 02:17:19,136 | INFO  | DNAudit | user=null | ip=null | op=PUT_BLOCK {blockData=[blockId=conID: 3 locID: 102652565199323625 bcsId: 0,size=1048576]} | ret=SUCCESS |  
2019-08-21 02:17:19,136 | INFO  | DNAudit | user=null | ip=null | op=WRITE_CHUNK {blockData=conID: 3 locID: 102652565199323625 bcsId: 0} | ret=SUCCESS |  
2019-08-21 02:17:19,136 | INFO  | DNAudit | user=null | ip=null | op=PUT_BLOCK {blockData=[blockId=conID: 3 locID: 102652565199323625 bcsId: 0,size=2097152]} | ret=SUCCESS |  
2019-08-21 02:17:19,136 | INFO  | DNAudit | user=null | ip=null | op=PUT_BLOCK {blockData=[blockId=conID: 3 locID: 102652565199323625 bcsId: 0,size=2097152]} | ret=SUCCESS |  
2019-08-21 02:17:19,137 [grpc-default-executor-4] INFO  client.GrpcClientProtocolClient (GrpcClientProtocolClient.java:onNext(255)) - client-54CC064C3FCE->8224e767-71c1-41fc-a01a-d172d48fd9d8: receive RaftClientReply:client-54CC064C3FCE->8224e767-71c1-41fc-a01a-d172d48fd9d8@group-F6B37CC92441, cid=1460, SUCCESS, logIndex=0, commits[8224e767-71c1-41fc-a01a-d172d48fd9d8:c2059, 6eae0c21-01aa-4169-956f-5952b26ea7ba:c2055, 8d7dcba1-3b82-4d94-a832-514ef5c79cf8:c2055]
2019-08-21 02:17:19,143 | INFO  | DNAudit | user=null | ip=null | op=WRITE_CHUNK {blockData=conID: 3 locID: 102652565199323625 bcsId: 2057} | ret=SUCCESS |  
2019-08-21 02:17:19,145 | INFO  | DNAudit | user=null | ip=null | op=WRITE_CHUNK {blockData=conID: 3 locID: 102652565199323625 bcsId: 2057} | ret=SUCCESS |  
2019-08-21 02:17:19,145 | INFO  | DNAudit | user=null | ip=null | op=WRITE_CHUNK {blockData=conID: 3 locID: 102652565199323625 bcsId: 2057} | ret=SUCCESS |  
2019-08-21 02:17:19,156 | INFO  | DNAudit | user=null | ip=null | op=WRITE_CHUNK {blockData=conID: 3 locID: 102652565199323625 bcsId: 2057} | ret=SUCCESS |  
2019-08-21 02:17:19,258 | INFO  | DNAudit | user=null | ip=null | op=PUT_BLOCK {blockData=[blockId=conID: 3 locID: 102652565199323625 bcsId: 0,size=3145728]} | ret=SUCCESS |  
2019-08-21 02:17:19,258 [grpc-default-executor-4] INFO  client.GrpcClientProtocolClient (GrpcClientProtocolClient.java:onNext(255)) - client-54CC064C3FCE->8224e767-71c1-41fc-a01a-d172d48fd9d8: receive RaftClientReply:client-54CC064C3FCE->8224e767-71c1-41fc-a01a-d172d48fd9d8@group-F6B37CC92441, cid=1461, SUCCESS, logIndex=2062, commits[8224e767-71c1-41fc-a01a-d172d48fd9d8:c2063, 6eae0c21-01aa-4169-956f-5952b26ea7ba:c2061, 8d7dcba1-3b82-4d94-a832-514ef5c79cf8:c2061]
2019-08-21 02:17:19,259 | INFO  | DNAudit | user=null | ip=null | op=WRITE_CHUNK {blockData=conID: 3 locID: 102652565199323625 bcsId: 2057} | ret=SUCCESS |  
2019-08-21 02:17:19,259 | INFO  | DNAudit | user=null | ip=null | op=WRITE_CHUNK {blockData=conID: 3 locID: 102652565199323625 bcsId: 2057} | ret=SUCCESS |  
2019-08-21 02:17:19,259 [grpc-default-executor-2] INFO  client.GrpcClientProtocolClient (GrpcClientProtocolClient.java:onNext(255)) - client-54CC064C3FCE->8224e767-71c1-41fc-a01a-d172d48fd9d8: receive RaftClientReply:client-54CC064C3FCE->8224e767-71c1-41fc-a01a-d172d48fd9d8@group-F6B37CC92441, cid=1462, SUCCESS, logIndex=2063, commits[8224e767-71c1-41fc-a01a-d172d48fd9d8:c2063, 6eae0c21-01aa-4169-956f-5952b26ea7ba:c2061, 8d7dcba1-3b82-4d94-a832-514ef5c79cf8:c2061]
2019-08-21 02:17:19,268 | INFO  | DNAudit | user=null | ip=null | op=WRITE_CHUNK {blockData=conID: 3 locID: 102652565199323625 bcsId: 2063} | ret=SUCCESS |  
2019-08-21 02:17:19,270 | INFO  | DNAudit | user=null | ip=null | op=PUT_BLOCK {blockData=[blockId=conID: 3 locID: 102652565199323625 bcsId: 0,size=3145728]} | ret=SUCCESS |  
2019-08-21 02:17:19,270 | INFO  | DNAudit | user=null | ip=null | op=PUT_BLOCK {blockData=[blockId=conID: 3 locID: 102652565199323625 bcsId: 0,size=3145728]} | ret=SUCCESS |  
2019-08-21 02:17:19,271 | INFO  | DNAudit | user=null | ip=null | op=WRITE_CHUNK {blockData=conID: 3 locID: 102652565199323625 bcsId: 2063} | ret=SUCCESS |  
2019-08-21 02:17:19,271 | INFO  | DNAudit | user=null | ip=null | op=WRITE_CHUNK {blockData=conID: 3 locID: 102652565199323625 bcsId: 2063} | ret=SUCCESS |  
2019-08-21 02:17:19,283 | INFO  | DNAudit | user=null | ip=null | op=WRITE_CHUNK {blockData=conID: 3 locID: 102652565199323625 bcsId: 2063} | ret=SUCCESS |  
2019-08-21 02:17:19,284 | INFO  | DNAudit | user=null | ip=null | op=PUT_BLOCK {blockData=[blockId=conID: 3 locID: 102652565199323625 bcsId: 0,size=4194304]} | ret=SUCCESS |  
2019-08-21 02:17:19,284 [grpc-default-executor-2] INFO  client.GrpcClientProtocolClient (GrpcClientProtocolClient.java:onNext(255)) - client-54CC064C3FCE->8224e767-71c1-41fc-a01a-d172d48fd9d8: receive RaftClientReply:client-54CC064C3FCE->8224e767-71c1-41fc-a01a-d172d48fd9d8@group-F6B37CC92441, cid=1463, SUCCESS, logIndex=2066, commits[8224e767-71c1-41fc-a01a-d172d48fd9d8:c2067, 6eae0c21-01aa-4169-956f-5952b26ea7ba:c2064, 8d7dcba1-3b82-4d94-a832-514ef5c79cf8:c2064]
2019-08-21 02:17:19,284 [grpc-default-executor-2] INFO  client.GrpcClientProtocolClient (GrpcClientProtocolClient.java:onNext(255)) - client-54CC064C3FCE->8224e767-71c1-41fc-a01a-d172d48fd9d8: receive RaftClientReply:client-54CC064C3FCE->8224e767-71c1-41fc-a01a-d172d48fd9d8@group-F6B37CC92441, cid=1464, SUCCESS, logIndex=2067, commits[8224e767-71c1-41fc-a01a-d172d48fd9d8:c2067, 6eae0c21-01aa-4169-956f-5952b26ea7ba:c2064, 8d7dcba1-3b82-4d94-a832-514ef5c79cf8:c2064]
2019-08-21 02:17:19,295 | INFO  | DNAudit | user=null | ip=null | op=WRITE_CHUNK {blockData=conID: 3 locID: 102652565199323625 bcsId: 2063} | ret=SUCCESS |  
2019-08-21 02:17:19,295 | INFO  | DNAudit | user=null | ip=null | op=WRITE_CHUNK {blockData=conID: 3 locID: 102652565199323625 bcsId: 2063} | ret=SUCCESS |  
2019-08-21 02:17:19,295 | INFO  | DNAudit | user=null | ip=null | op=PUT_BLOCK {blockData=[blockId=conID: 3 locID: 102652565199323625 bcsId: 0,size=4194304]} | ret=SUCCESS |  
2019-08-21 02:17:19,295 | INFO  | DNAudit | user=null | ip=null | op=PUT_BLOCK {blockData=[blockId=conID: 3 locID: 102652565199323625 bcsId: 0,size=4194304]} | ret=SUCCESS |  
2019-08-21 02:17:19,296 [grpc-default-executor-2] INFO  client.GrpcClientProtocolClient (GrpcClientProtocolClient.java:onNext(255)) - client-54CC064C3FCE->8224e767-71c1-41fc-a01a-d172d48fd9d8: receive RaftClientReply:client-54CC064C3FCE->8224e767-71c1-41fc-a01a-d172d48fd9d8@group-F6B37CC92441, cid=1465, SUCCESS, logIndex=0, commits[8224e767-71c1-41fc-a01a-d172d48fd9d8:c2068, 6eae0c21-01aa-4169-956f-5952b26ea7ba:c2067, 8d7dcba1-3b82-4d94-a832-514ef5c79cf8:c2067]
2019-08-21 02:17:19,301 | INFO  | SCMAudit | user=jenkins1000 | ip=192.168.34.10 | op=ALLOCATE_BLOCK {owner=b6f66289-f2a0-4058-b052-0a85e40df67b, size=4194304, type=RATIS, factor=THREE} | ret=SUCCESS |  
2019-08-21 02:17:19,304 | INFO  | OMAudit | user=jenkins1000 | ip=127.0.0.1 | op=ALLOCATE_BLOCK {volume=vol-0-90982, bucket=bucket-0-24269, key=key-0-81262, dataSize=0, replicationType=null, replicationFactor=null, keyLocationInfo=null, clientID=102652564580991378} | ret=SUCCESS |  
2019-08-21 02:17:19,313 | INFO  | DNAudit | user=null | ip=null | op=WRITE_CHUNK {blockData=conID: 1 locID: 102652565212430826 bcsId: 0} | ret=SUCCESS |  
2019-08-21 02:17:19,316 | INFO  | DNAudit | user=null | ip=null | op=WRITE_CHUNK {blockData=conID: 1 locID: 102652565212430826 bcsId: 0} | ret=SUCCESS |  
2019-08-21 02:17:19,317 | INFO  | DNAudit | user=null | ip=null | op=WRITE_CHUNK {blockData=conID: 1 locID: 102652565212430826 bcsId: 0} | ret=SUCCESS |  
2019-08-21 02:17:19,317 | INFO  | DNAudit | user=null | ip=null | op=WRITE_CHUNK {blockData=conID: 1 locID: 102652565212430826 bcsId: 0} | ret=SUCCESS |  
2019-08-21 02:17:19,318 | INFO  | DNAudit | user=null | ip=null | op=WRITE_CHUNK {blockData=conID: 1 locID: 102652565212430826 bcsId: 0} | ret=SUCCESS |  
2019-08-21 02:17:19,319 | INFO  | DNAudit | user=null | ip=null | op=WRITE_CHUNK {blockData=conID: 1 locID: 102652565212430826 bcsId: 0} | ret=SUCCESS |  
2019-08-21 02:17:19,326 | INFO  | DNAudit | user=null | ip=null | op=WRITE_CHUNK {blockData=conID: 1 locID: 102652565212430826 bcsId: 0} | ret=SUCCESS |  
2019-08-21 02:17:19,327 | INFO  | DNAudit | user=null | ip=null | op=PUT_BLOCK {blockData=[blockId=conID: 1 locID: 102652565212430826 bcsId: 0,size=1048576]} | ret=SUCCESS |  
2019-08-21 02:17:19,327 | INFO  | DNAudit | user=null | ip=null | op=WRITE_CHUNK {blockData=conID: 1 locID: 102652565212430826 bcsId: 0} | ret=SUCCESS |  
2019-08-21 02:17:19,327 [grpc-default-executor-2] INFO  client.GrpcClientProtocolClient (GrpcClientProtocolClient.java:onNext(255)) - client-54CC064C3FCE->8224e767-71c1-41fc-a01a-d172d48fd9d8: receive RaftClientReply:client-54CC064C3FCE->8224e767-71c1-41fc-a01a-d172d48fd9d8@group-F6B37CC92441, cid=1466, SUCCESS, logIndex=2070, commits[8224e767-71c1-41fc-a01a-d172d48fd9d8:c2072, 6eae0c21-01aa-4169-956f-5952b26ea7ba:c2069, 8d7dcba1-3b82-4d94-a832-514ef5c79cf8:c2069]
2019-08-21 02:17:19,328 | INFO  | DNAudit | user=null | ip=null | op=PUT_BLOCK {blockData=[blockId=conID: 1 locID: 102652565212430826 bcsId: 0,size=2097152]} | ret=SUCCESS |  
2019-08-21 02:17:19,328 [grpc-default-executor-2] INFO  client.GrpcClientProtocolClient (GrpcClientProtocolClient.java:onNext(255)) - client-54CC064C3FCE->8224e767-71c1-41fc-a01a-d172d48fd9d8: receive RaftClientReply:client-54CC064C3FCE->8224e767-71c1-41fc-a01a-d172d48fd9d8@group-F6B37CC92441, cid=1467, SUCCESS, logIndex=2071, commits[8224e767-71c1-41fc-a01a-d172d48fd9d8:c2073, 6eae0c21-01aa-4169-956f-5952b26ea7ba:c2069, 8d7dcba1-3b82-4d94-a832-514ef5c79cf8:c2069]
2019-08-21 02:17:19,328 [grpc-default-executor-2] INFO  client.GrpcClientProtocolClient (GrpcClientProtocolClient.java:onNext(255)) - client-54CC064C3FCE->8224e767-71c1-41fc-a01a-d172d48fd9d8: receive RaftClientReply:client-54CC064C3FCE->8224e767-71c1-41fc-a01a-d172d48fd9d8@group-F6B37CC92441, cid=1468, SUCCESS, logIndex=2072, commits[8224e767-71c1-41fc-a01a-d172d48fd9d8:c2073, 6eae0c21-01aa-4169-956f-5952b26ea7ba:c2069, 8d7dcba1-3b82-4d94-a832-514ef5c79cf8:c2069]
2019-08-21 02:17:19,328 [grpc-default-executor-2] INFO  client.GrpcClientProtocolClient (GrpcClientProtocolClient.java:onNext(255)) - client-54CC064C3FCE->8224e767-71c1-41fc-a01a-d172d48fd9d8: receive RaftClientReply:client-54CC064C3FCE->8224e767-71c1-41fc-a01a-d172d48fd9d8@group-F6B37CC92441, cid=1469, SUCCESS, logIndex=2073, commits[8224e767-71c1-41fc-a01a-d172d48fd9d8:c2073, 6eae0c21-01aa-4169-956f-5952b26ea7ba:c2069, 8d7dcba1-3b82-4d94-a832-514ef5c79cf8:c2069]
2019-08-21 02:17:19,329 | INFO  | DNAudit | user=null | ip=null | op=WRITE_CHUNK {blockData=conID: 1 locID: 102652565212430826 bcsId: 0} | ret=SUCCESS |  
2019-08-21 02:17:19,340 | INFO  | DNAudit | user=null | ip=null | op=WRITE_CHUNK {blockData=conID: 1 locID: 102652565212430826 bcsId: 0} | ret=SUCCESS |  
2019-08-21 02:17:19,340 | INFO  | DNAudit | user=null | ip=null | op=PUT_BLOCK {blockData=[blockId=conID: 1 locID: 102652565212430826 bcsId: 0,size=1048576]} | ret=SUCCESS |  
2019-08-21 02:17:19,340 | INFO  | DNAudit | user=null | ip=null | op=PUT_BLOCK {blockData=[blockId=conID: 1 locID: 102652565212430826 bcsId: 0,size=1048576]} | ret=SUCCESS |  
2019-08-21 02:17:19,341 | INFO  | DNAudit | user=null | ip=null | op=WRITE_CHUNK {blockData=conID: 1 locID: 102652565212430826 bcsId: 0} | ret=SUCCESS |  
2019-08-21 02:17:19,341 | INFO  | DNAudit | user=null | ip=null | op=WRITE_CHUNK {blockData=conID: 1 locID: 102652565212430826 bcsId: 0} | ret=SUCCESS |  
2019-08-21 02:17:19,341 | INFO  | DNAudit | user=null | ip=null | op=PUT_BLOCK {blockData=[blockId=conID: 1 locID: 102652565212430826 bcsId: 0,size=2097152]} | ret=SUCCESS |  
2019-08-21 02:17:19,341 | INFO  | DNAudit | user=null | ip=null | op=PUT_BLOCK {blockData=[blockId=conID: 1 locID: 102652565212430826 bcsId: 0,size=2097152]} | ret=SUCCESS |  
2019-08-21 02:17:19,341 [grpc-default-executor-2] INFO  client.GrpcClientProtocolClient (GrpcClientProtocolClient.java:onNext(255)) - client-54CC064C3FCE->8224e767-71c1-41fc-a01a-d172d48fd9d8: receive RaftClientReply:client-54CC064C3FCE->8224e767-71c1-41fc-a01a-d172d48fd9d8@group-F6B37CC92441, cid=1470, SUCCESS, logIndex=0, commits[8224e767-71c1-41fc-a01a-d172d48fd9d8:c2076, 6eae0c21-01aa-4169-956f-5952b26ea7ba:c2071, 8d7dcba1-3b82-4d94-a832-514ef5c79cf8:c2072]
2019-08-21 02:17:19,351 | INFO  | DNAudit | user=null | ip=null | op=WRITE_CHUNK {blockData=conID: 1 locID: 102652565212430826 bcsId: 2073} | ret=SUCCESS |  
2019-08-21 02:17:19,354 | INFO  | DNAudit | user=null | ip=null | op=WRITE_CHUNK {blockData=conID: 1 locID: 102652565212430826 bcsId: 2073} | ret=SUCCESS |  
2019-08-21 02:17:19,354 | INFO  | DNAudit | user=null | ip=null | op=WRITE_CHUNK {blockData=conID: 1 locID: 102652565212430826 bcsId: 2073} | ret=SUCCESS |  
2019-08-21 02:17:19,363 | INFO  | DNAudit | user=null | ip=null | op=WRITE_CHUNK {blockData=conID: 1 locID: 102652565212430826 bcsId: 2073} | ret=SUCCESS |  
2019-08-21 02:17:19,363 | INFO  | DNAudit | user=null | ip=null | op=PUT_BLOCK {blockData=[blockId=conID: 1 locID: 102652565212430826 bcsId: 0,size=3145728]} | ret=SUCCESS |  
2019-08-21 02:17:19,364 [grpc-default-executor-4] INFO  client.GrpcClientProtocolClient (GrpcClientProtocolClient.java:onNext(255)) - client-54CC064C3FCE->8224e767-71c1-41fc-a01a-d172d48fd9d8: receive RaftClientReply:client-54CC064C3FCE->8224e767-71c1-41fc-a01a-d172d48fd9d8@group-F6B37CC92441, cid=1471, SUCCESS, logIndex=2078, commits[8224e767-71c1-41fc-a01a-d172d48fd9d8:c2079, 6eae0c21-01aa-4169-956f-5952b26ea7ba:c2077, 8d7dcba1-3b82-4d94-a832-514ef5c79cf8:c2077]
2019-08-21 02:17:19,365 [grpc-default-executor-4] INFO  client.GrpcClientProtocolClient (GrpcClientProtocolClient.java:onNext(255)) - client-54CC064C3FCE->8224e767-71c1-41fc-a01a-d172d48fd9d8: receive RaftClientReply:client-54CC064C3FCE->8224e767-71c1-41fc-a01a-d172d48fd9d8@group-F6B37CC92441, cid=1472, SUCCESS, logIndex=2079, commits[8224e767-71c1-41fc-a01a-d172d48fd9d8:c2079, 6eae0c21-01aa-4169-956f-5952b26ea7ba:c2077, 8d7dcba1-3b82-4d94-a832-514ef5c79cf8:c2077]
2019-08-21 02:17:19,372 | INFO  | DNAudit | user=null | ip=null | op=WRITE_CHUNK {blockData=conID: 1 locID: 102652565212430826 bcsId: 2079} | ret=SUCCESS |  
2019-08-21 02:17:19,374 | INFO  | DNAudit | user=null | ip=null | op=WRITE_CHUNK {blockData=conID: 1 locID: 102652565212430826 bcsId: 2079} | ret=SUCCESS |  
2019-08-21 02:17:19,375 | INFO  | DNAudit | user=null | ip=null | op=WRITE_CHUNK {blockData=conID: 1 locID: 102652565212430826 bcsId: 2079} | ret=SUCCESS |  
2019-08-21 02:17:19,375 | INFO  | DNAudit | user=null | ip=null | op=WRITE_CHUNK {blockData=conID: 1 locID: 102652565212430826 bcsId: 2073} | ret=SUCCESS |  
2019-08-21 02:17:19,375 | INFO  | DNAudit | user=null | ip=null | op=WRITE_CHUNK {blockData=conID: 1 locID: 102652565212430826 bcsId: 2073} | ret=SUCCESS |  
2019-08-21 02:17:19,375 | INFO  | DNAudit | user=null | ip=null | op=PUT_BLOCK {blockData=[blockId=conID: 1 locID: 102652565212430826 bcsId: 0,size=3145728]} | ret=SUCCESS |  
2019-08-21 02:17:19,375 | INFO  | DNAudit | user=null | ip=null | op=PUT_BLOCK {blockData=[blockId=conID: 1 locID: 102652565212430826 bcsId: 0,size=3145728]} | ret=SUCCESS |  
2019-08-21 02:17:19,377 | INFO  | DNAudit | user=null | ip=null | op=WRITE_CHUNK {blockData=conID: 1 locID: 102652565212430826 bcsId: 2079} | ret=SUCCESS |  
2019-08-21 02:17:19,377 | INFO  | DNAudit | user=null | ip=null | op=PUT_BLOCK {blockData=[blockId=conID: 1 locID: 102652565212430826 bcsId: 0,size=4194304]} | ret=SUCCESS |  
2019-08-21 02:17:19,377 [grpc-default-executor-2] INFO  client.GrpcClientProtocolClient (GrpcClientProtocolClient.java:onNext(255)) - client-54CC064C3FCE->8224e767-71c1-41fc-a01a-d172d48fd9d8: receive RaftClientReply:client-54CC064C3FCE->8224e767-71c1-41fc-a01a-d172d48fd9d8@group-F6B37CC92441, cid=1473, SUCCESS, logIndex=2082, commits[8224e767-71c1-41fc-a01a-d172d48fd9d8:c2083, 6eae0c21-01aa-4169-956f-5952b26ea7ba:c2079, 8d7dcba1-3b82-4d94-a832-514ef5c79cf8:c2079]
2019-08-21 02:17:19,378 [grpc-default-executor-2] INFO  client.GrpcClientProtocolClient (GrpcClientProtocolClient.java:onNext(255)) - client-54CC064C3FCE->8224e767-71c1-41fc-a01a-d172d48fd9d8: receive RaftClientReply:client-54CC064C3FCE->8224e767-71c1-41fc-a01a-d172d48fd9d8@group-F6B37CC92441, cid=1474, SUCCESS, logIndex=2083, commits[8224e767-71c1-41fc-a01a-d172d48fd9d8:c2083, 6eae0c21-01aa-4169-956f-5952b26ea7ba:c2079, 8d7dcba1-3b82-4d94-a832-514ef5c79cf8:c2079]
2019-08-21 02:17:19,379 | INFO  | DNAudit | user=null | ip=null | op=WRITE_CHUNK {blockData=conID: 1 locID: 102652565212430826 bcsId: 2079} | ret=SUCCESS |  
2019-08-21 02:17:19,379 | INFO  | DNAudit | user=null | ip=null | op=WRITE_CHUNK {blockData=conID: 1 locID: 102652565212430826 bcsId: 2079} | ret=SUCCESS |  
2019-08-21 02:17:19,390 | INFO  | DNAudit | user=null | ip=null | op=PUT_BLOCK {blockData=[blockId=conID: 1 locID: 102652565212430826 bcsId: 0,size=4194304]} | ret=SUCCESS |  
2019-08-21 02:17:19,390 | INFO  | DNAudit | user=null | ip=null | op=PUT_BLOCK {blockData=[blockId=conID: 1 locID: 102652565212430826 bcsId: 0,size=4194304]} | ret=SUCCESS |  
2019-08-21 02:17:19,391 [grpc-default-executor-4] INFO  client.GrpcClientProtocolClient (GrpcClientProtocolClient.java:onNext(255)) - client-54CC064C3FCE->8224e767-71c1-41fc-a01a-d172d48fd9d8: receive RaftClientReply:client-54CC064C3FCE->8224e767-71c1-41fc-a01a-d172d48fd9d8@group-F6B37CC92441, cid=1475, SUCCESS, logIndex=0, commits[8224e767-71c1-41fc-a01a-d172d48fd9d8:c2084, 6eae0c21-01aa-4169-956f-5952b26ea7ba:c2083, 8d7dcba1-3b82-4d94-a832-514ef5c79cf8:c2083]
2019-08-21 02:17:19,397 | INFO  | SCMAudit | user=jenkins1000 | ip=192.168.34.10 | op=ALLOCATE_BLOCK {owner=b6f66289-f2a0-4058-b052-0a85e40df67b, size=4194304, type=RATIS, factor=THREE} | ret=SUCCESS |  
2019-08-21 02:17:19,400 | INFO  | OMAudit | user=jenkins1000 | ip=127.0.0.1 | op=ALLOCATE_BLOCK {volume=vol-0-90982, bucket=bucket-0-24269, key=key-0-81262, dataSize=0, replicationType=null, replicationFactor=null, keyLocationInfo=null, clientID=102652564580991378} | ret=SUCCESS |  
2019-08-21 02:17:19,408 | INFO  | DNAudit | user=null | ip=null | op=WRITE_CHUNK {blockData=conID: 2 locID: 102652565218722283 bcsId: 0} | ret=SUCCESS |  
2019-08-21 02:17:19,411 | INFO  | DNAudit | user=null | ip=null | op=WRITE_CHUNK {blockData=conID: 2 locID: 102652565218722283 bcsId: 0} | ret=SUCCESS |  
2019-08-21 02:17:19,412 | INFO  | DNAudit | user=null | ip=null | op=WRITE_CHUNK {blockData=conID: 2 locID: 102652565218722283 bcsId: 0} | ret=SUCCESS |  
2019-08-21 02:17:19,412 | INFO  | DNAudit | user=null | ip=null | op=WRITE_CHUNK {blockData=conID: 2 locID: 102652565218722283 bcsId: 0} | ret=SUCCESS |  
2019-08-21 02:17:19,415 | INFO  | DNAudit | user=null | ip=null | op=WRITE_CHUNK {blockData=conID: 2 locID: 102652565218722283 bcsId: 0} | ret=SUCCESS |  
2019-08-21 02:17:19,415 | INFO  | DNAudit | user=null | ip=null | op=WRITE_CHUNK {blockData=conID: 2 locID: 102652565218722283 bcsId: 0} | ret=SUCCESS |  
2019-08-21 02:17:19,421 | INFO  | DNAudit | user=null | ip=null | op=WRITE_CHUNK {blockData=conID: 2 locID: 102652565218722283 bcsId: 0} | ret=SUCCESS |  
2019-08-21 02:17:19,421 | INFO  | DNAudit | user=null | ip=null | op=PUT_BLOCK {blockData=[blockId=conID: 2 locID: 102652565218722283 bcsId: 0,size=1048576]} | ret=SUCCESS |  
2019-08-21 02:17:19,422 | INFO  | DNAudit | user=null | ip=null | op=WRITE_CHUNK {blockData=conID: 2 locID: 102652565218722283 bcsId: 0} | ret=SUCCESS |  
2019-08-21 02:17:19,421 [grpc-default-executor-2] INFO  client.GrpcClientProtocolClient (GrpcClientProtocolClient.java:onNext(255)) - client-54CC064C3FCE->8224e767-71c1-41fc-a01a-d172d48fd9d8: receive RaftClientReply:client-54CC064C3FCE->8224e767-71c1-41fc-a01a-d172d48fd9d8@group-F6B37CC92441, cid=1476, SUCCESS, logIndex=2086, commits[8224e767-71c1-41fc-a01a-d172d48fd9d8:c2087, 6eae0c21-01aa-4169-956f-5952b26ea7ba:c2085, 8d7dcba1-3b82-4d94-a832-514ef5c79cf8:c2085]
2019-08-21 02:17:19,422 | INFO  | DNAudit | user=null | ip=null | op=PUT_BLOCK {blockData=[blockId=conID: 2 locID: 102652565218722283 bcsId: 0,size=2097152]} | ret=SUCCESS |  
2019-08-21 02:17:19,422 [grpc-default-executor-2] INFO  client.GrpcClientProtocolClient (GrpcClientProtocolClient.java:onNext(255)) - client-54CC064C3FCE->8224e767-71c1-41fc-a01a-d172d48fd9d8: receive RaftClientReply:client-54CC064C3FCE->8224e767-71c1-41fc-a01a-d172d48fd9d8@group-F6B37CC92441, cid=1477, SUCCESS, logIndex=2087, commits[8224e767-71c1-41fc-a01a-d172d48fd9d8:c2089, 6eae0c21-01aa-4169-956f-5952b26ea7ba:c2085, 8d7dcba1-3b82-4d94-a832-514ef5c79cf8:c2085]
2019-08-21 02:17:19,422 [grpc-default-executor-2] INFO  client.GrpcClientProtocolClient (GrpcClientProtocolClient.java:onNext(255)) - client-54CC064C3FCE->8224e767-71c1-41fc-a01a-d172d48fd9d8: receive RaftClientReply:client-54CC064C3FCE->8224e767-71c1-41fc-a01a-d172d48fd9d8@group-F6B37CC92441, cid=1478, SUCCESS, logIndex=2088, commits[8224e767-71c1-41fc-a01a-d172d48fd9d8:c2089, 6eae0c21-01aa-4169-956f-5952b26ea7ba:c2085, 8d7dcba1-3b82-4d94-a832-514ef5c79cf8:c2085]
2019-08-21 02:17:19,423 [grpc-default-executor-2] INFO  client.GrpcClientProtocolClient (GrpcClientProtocolClient.java:onNext(255)) - client-54CC064C3FCE->8224e767-71c1-41fc-a01a-d172d48fd9d8: receive RaftClientReply:client-54CC064C3FCE->8224e767-71c1-41fc-a01a-d172d48fd9d8@group-F6B37CC92441, cid=1479, SUCCESS, logIndex=2089, commits[8224e767-71c1-41fc-a01a-d172d48fd9d8:c2089, 6eae0c21-01aa-4169-956f-5952b26ea7ba:c2085, 8d7dcba1-3b82-4d94-a832-514ef5c79cf8:c2085]
2019-08-21 02:17:19,434 | INFO  | DNAudit | user=null | ip=null | op=WRITE_CHUNK {blockData=conID: 2 locID: 102652565218722283 bcsId: 0} | ret=SUCCESS |  
2019-08-21 02:17:19,437 | INFO  | DNAudit | user=null | ip=null | op=WRITE_CHUNK {blockData=conID: 2 locID: 102652565218722283 bcsId: 0} | ret=SUCCESS |  
2019-08-21 02:17:19,437 | INFO  | DNAudit | user=null | ip=null | op=PUT_BLOCK {blockData=[blockId=conID: 2 locID: 102652565218722283 bcsId: 0,size=1048576]} | ret=SUCCESS |  
2019-08-21 02:17:19,437 | INFO  | DNAudit | user=null | ip=null | op=WRITE_CHUNK {blockData=conID: 2 locID: 102652565218722283 bcsId: 0} | ret=SUCCESS |  
2019-08-21 02:17:19,438 | INFO  | DNAudit | user=null | ip=null | op=PUT_BLOCK {blockData=[blockId=conID: 2 locID: 102652565218722283 bcsId: 0,size=2097152]} | ret=SUCCESS |  
2019-08-21 02:17:19,447 | INFO  | DNAudit | user=null | ip=null | op=PUT_BLOCK {blockData=[blockId=conID: 2 locID: 102652565218722283 bcsId: 0,size=1048576]} | ret=SUCCESS |  
2019-08-21 02:17:19,448 | INFO  | DNAudit | user=null | ip=null | op=WRITE_CHUNK {blockData=conID: 2 locID: 102652565218722283 bcsId: 0} | ret=SUCCESS |  
2019-08-21 02:17:19,448 | INFO  | DNAudit | user=null | ip=null | op=PUT_BLOCK {blockData=[blockId=conID: 2 locID: 102652565218722283 bcsId: 0,size=2097152]} | ret=SUCCESS |  
2019-08-21 02:17:19,448 [grpc-default-executor-2] INFO  client.GrpcClientProtocolClient (GrpcClientProtocolClient.java:onNext(255)) - client-54CC064C3FCE->8224e767-71c1-41fc-a01a-d172d48fd9d8: receive RaftClientReply:client-54CC064C3FCE->8224e767-71c1-41fc-a01a-d172d48fd9d8@group-F6B37CC92441, cid=1480, SUCCESS, logIndex=0, commits[8224e767-71c1-41fc-a01a-d172d48fd9d8:c2093, 6eae0c21-01aa-4169-956f-5952b26ea7ba:c2087, 8d7dcba1-3b82-4d94-a832-514ef5c79cf8:c2089]
2019-08-21 02:17:19,454 | INFO  | DNAudit | user=null | ip=null | op=WRITE_CHUNK {blockData=conID: 2 locID: 102652565218722283 bcsId: 2089} | ret=SUCCESS |  
2019-08-21 02:17:19,457 | INFO  | DNAudit | user=null | ip=null | op=WRITE_CHUNK {blockData=conID: 2 locID: 102652565218722283 bcsId: 2089} | ret=SUCCESS |  
2019-08-21 02:17:19,458 | INFO  | DNAudit | user=null | ip=null | op=WRITE_CHUNK {blockData=conID: 2 locID: 102652565218722283 bcsId: 2089} | ret=SUCCESS |  
2019-08-21 02:17:19,469 | INFO  | DNAudit | user=null | ip=null | op=WRITE_CHUNK {blockData=conID: 2 locID: 102652565218722283 bcsId: 2089} | ret=SUCCESS |  
2019-08-21 02:17:19,469 | INFO  | DNAudit | user=null | ip=null | op=PUT_BLOCK {blockData=[blockId=conID: 2 locID: 102652565218722283 bcsId: 0,size=3145728]} | ret=SUCCESS |  
2019-08-21 02:17:19,469 [grpc-default-executor-4] INFO  client.GrpcClientProtocolClient (GrpcClientProtocolClient.java:onNext(255)) - client-54CC064C3FCE->8224e767-71c1-41fc-a01a-d172d48fd9d8: receive RaftClientReply:client-54CC064C3FCE->8224e767-71c1-41fc-a01a-d172d48fd9d8@group-F6B37CC92441, cid=1481, SUCCESS, logIndex=2094, commits[8224e767-71c1-41fc-a01a-d172d48fd9d8:c2095, 6eae0c21-01aa-4169-956f-5952b26ea7ba:c2093, 8d7dcba1-3b82-4d94-a832-514ef5c79cf8:c2093]
2019-08-21 02:17:19,470 [grpc-default-executor-4] INFO  client.GrpcClientProtocolClient (GrpcClientProtocolClient.java:onNext(255)) - client-54CC064C3FCE->8224e767-71c1-41fc-a01a-d172d48fd9d8: receive RaftClientReply:client-54CC064C3FCE->8224e767-71c1-41fc-a01a-d172d48fd9d8@group-F6B37CC92441, cid=1482, SUCCESS, logIndex=2095, commits[8224e767-71c1-41fc-a01a-d172d48fd9d8:c2095, 6eae0c21-01aa-4169-956f-5952b26ea7ba:c2093, 8d7dcba1-3b82-4d94-a832-514ef5c79cf8:c2093]
2019-08-21 02:17:19,476 | INFO  | DNAudit | user=null | ip=null | op=WRITE_CHUNK {blockData=conID: 2 locID: 102652565218722283 bcsId: 2095} | ret=SUCCESS |  
2019-08-21 02:17:19,478 | INFO  | DNAudit | user=null | ip=null | op=WRITE_CHUNK {blockData=conID: 2 locID: 102652565218722283 bcsId: 2095} | ret=SUCCESS |  
2019-08-21 02:17:19,479 | INFO  | DNAudit | user=null | ip=null | op=WRITE_CHUNK {blockData=conID: 2 locID: 102652565218722283 bcsId: 2095} | ret=SUCCESS |  
2019-08-21 02:17:19,481 | INFO  | DNAudit | user=null | ip=null | op=WRITE_CHUNK {blockData=conID: 2 locID: 102652565218722283 bcsId: 2089} | ret=SUCCESS |  
2019-08-21 02:17:19,481 | INFO  | DNAudit | user=null | ip=null | op=WRITE_CHUNK {blockData=conID: 2 locID: 102652565218722283 bcsId: 2089} | ret=SUCCESS |  
2019-08-21 02:17:19,493 | INFO  | DNAudit | user=null | ip=null | op=PUT_BLOCK {blockData=[blockId=conID: 2 locID: 102652565218722283 bcsId: 0,size=3145728]} | ret=SUCCESS |  
2019-08-21 02:17:19,494 | INFO  | DNAudit | user=null | ip=null | op=PUT_BLOCK {blockData=[blockId=conID: 2 locID: 102652565218722283 bcsId: 0,size=3145728]} | ret=SUCCESS |  
2019-08-21 02:17:19,494 | INFO  | DNAudit | user=null | ip=null | op=WRITE_CHUNK {blockData=conID: 2 locID: 102652565218722283 bcsId: 2095} | ret=SUCCESS |  
2019-08-21 02:17:19,494 | INFO  | DNAudit | user=null | ip=null | op=PUT_BLOCK {blockData=[blockId=conID: 2 locID: 102652565218722283 bcsId: 0,size=4194304]} | ret=SUCCESS |  
2019-08-21 02:17:19,496 [grpc-default-executor-4] INFO  client.GrpcClientProtocolClient (GrpcClientProtocolClient.java:onNext(255)) - client-54CC064C3FCE->8224e767-71c1-41fc-a01a-d172d48fd9d8: receive RaftClientReply:client-54CC064C3FCE->8224e767-71c1-41fc-a01a-d172d48fd9d8@group-F6B37CC92441, cid=1483, SUCCESS, logIndex=2098, commits[8224e767-71c1-41fc-a01a-d172d48fd9d8:c2099, 6eae0c21-01aa-4169-956f-5952b26ea7ba:c2095, 8d7dcba1-3b82-4d94-a832-514ef5c79cf8:c2095]
2019-08-21 02:17:19,498 [grpc-default-executor-4] INFO  client.GrpcClientProtocolClient (GrpcClientProtocolClient.java:onNext(255)) - client-54CC064C3FCE->8224e767-71c1-41fc-a01a-d172d48fd9d8: receive RaftClientReply:client-54CC064C3FCE->8224e767-71c1-41fc-a01a-d172d48fd9d8@group-F6B37CC92441, cid=1484, SUCCESS, logIndex=2099, commits[8224e767-71c1-41fc-a01a-d172d48fd9d8:c2099, 6eae0c21-01aa-4169-956f-5952b26ea7ba:c2095, 8d7dcba1-3b82-4d94-a832-514ef5c79cf8:c2095]
2019-08-21 02:17:19,507 | INFO  | DNAudit | user=null | ip=null | op=WRITE_CHUNK {blockData=conID: 2 locID: 102652565218722283 bcsId: 2095} | ret=SUCCESS |  
2019-08-21 02:17:19,507 | INFO  | DNAudit | user=null | ip=null | op=WRITE_CHUNK {blockData=conID: 2 locID: 102652565218722283 bcsId: 2095} | ret=SUCCESS |  
2019-08-21 02:17:19,508 | INFO  | DNAudit | user=null | ip=null | op=PUT_BLOCK {blockData=[blockId=conID: 2 locID: 102652565218722283 bcsId: 0,size=4194304]} | ret=SUCCESS |  
2019-08-21 02:17:19,518 | INFO  | DNAudit | user=null | ip=null | op=PUT_BLOCK {blockData=[blockId=conID: 2 locID: 102652565218722283 bcsId: 0,size=4194304]} | ret=SUCCESS |  
2019-08-21 02:17:19,519 [grpc-default-executor-2] INFO  client.GrpcClientProtocolClient (GrpcClientProtocolClient.java:onNext(255)) - client-54CC064C3FCE->8224e767-71c1-41fc-a01a-d172d48fd9d8: receive RaftClientReply:client-54CC064C3FCE->8224e767-71c1-41fc-a01a-d172d48fd9d8@group-F6B37CC92441, cid=1485, SUCCESS, logIndex=0, commits[8224e767-71c1-41fc-a01a-d172d48fd9d8:c2100, 6eae0c21-01aa-4169-956f-5952b26ea7ba:c2099, 8d7dcba1-3b82-4d94-a832-514ef5c79cf8:c2099]
2019-08-21 02:17:19,526 | INFO  | SCMAudit | user=jenkins1000 | ip=192.168.34.10 | op=ALLOCATE_BLOCK {owner=b6f66289-f2a0-4058-b052-0a85e40df67b, size=4194304, type=RATIS, factor=THREE} | ret=SUCCESS |  
2019-08-21 02:17:19,530 | INFO  | OMAudit | user=jenkins1000 | ip=127.0.0.1 | op=ALLOCATE_BLOCK {volume=vol-0-90982, bucket=bucket-0-24269, key=key-0-81262, dataSize=0, replicationType=null, replicationFactor=null, keyLocationInfo=null, clientID=102652564580991378} | ret=SUCCESS |  
2019-08-21 02:17:19,540 | INFO  | DNAudit | user=null | ip=null | op=WRITE_CHUNK {blockData=conID: 3 locID: 102652565227176428 bcsId: 0} | ret=SUCCESS |  
2019-08-21 02:17:19,541 | INFO  | DNAudit | user=null | ip=null | op=WRITE_CHUNK {blockData=conID: 3 locID: 102652565227176428 bcsId: 0} | ret=SUCCESS |  
2019-08-21 02:17:19,542 | INFO  | DNAudit | user=null | ip=null | op=WRITE_CHUNK {blockData=conID: 3 locID: 102652565227176428 bcsId: 0} | ret=SUCCESS |  
2019-08-21 02:17:19,543 | INFO  | DNAudit | user=null | ip=null | op=WRITE_CHUNK {blockData=conID: 3 locID: 102652565227176428 bcsId: 0} | ret=SUCCESS |  
2019-08-21 02:17:19,544 | INFO  | DNAudit | user=null | ip=null | op=WRITE_CHUNK {blockData=conID: 3 locID: 102652565227176428 bcsId: 0} | ret=SUCCESS |  
2019-08-21 02:17:19,545 | INFO  | DNAudit | user=null | ip=null | op=WRITE_CHUNK {blockData=conID: 3 locID: 102652565227176428 bcsId: 0} | ret=SUCCESS |  
2019-08-21 02:17:19,545 | INFO  | DNAudit | user=null | ip=null | op=WRITE_CHUNK {blockData=conID: 3 locID: 102652565227176428 bcsId: 0} | ret=SUCCESS |  
2019-08-21 02:17:19,545 | INFO  | DNAudit | user=null | ip=null | op=PUT_BLOCK {blockData=[blockId=conID: 3 locID: 102652565227176428 bcsId: 0,size=1048576]} | ret=SUCCESS |  
2019-08-21 02:17:19,545 [grpc-default-executor-4] INFO  client.GrpcClientProtocolClient (GrpcClientProtocolClient.java:onNext(255)) - client-54CC064C3FCE->8224e767-71c1-41fc-a01a-d172d48fd9d8: receive RaftClientReply:client-54CC064C3FCE->8224e767-71c1-41fc-a01a-d172d48fd9d8@group-F6B37CC92441, cid=1486, SUCCESS, logIndex=2102, commits[8224e767-71c1-41fc-a01a-d172d48fd9d8:c2103, 6eae0c21-01aa-4169-956f-5952b26ea7ba:c2099, 8d7dcba1-3b82-4d94-a832-514ef5c79cf8:c2101]
2019-08-21 02:17:19,546 [grpc-default-executor-4] INFO  client.GrpcClientProtocolClient (GrpcClientProtocolClient.java:onNext(255)) - client-54CC064C3FCE->8224e767-71c1-41fc-a01a-d172d48fd9d8: receive RaftClientReply:client-54CC064C3FCE->8224e767-71c1-41fc-a01a-d172d48fd9d8@group-F6B37CC92441, cid=1487, SUCCESS, logIndex=2103, commits[8224e767-71c1-41fc-a01a-d172d48fd9d8:c2103, 6eae0c21-01aa-4169-956f-5952b26ea7ba:c2099, 8d7dcba1-3b82-4d94-a832-514ef5c79cf8:c2101]
2019-08-21 02:17:19,547 | INFO  | DNAudit | user=null | ip=null | op=WRITE_CHUNK {blockData=conID: 3 locID: 102652565227176428 bcsId: 0} | ret=SUCCESS |  
2019-08-21 02:17:19,547 | INFO  | DNAudit | user=null | ip=null | op=WRITE_CHUNK {blockData=conID: 3 locID: 102652565227176428 bcsId: 0} | ret=SUCCESS |  
2019-08-21 02:17:19,548 | INFO  | DNAudit | user=null | ip=null | op=PUT_BLOCK {blockData=[blockId=conID: 3 locID: 102652565227176428 bcsId: 0,size=1048576]} | ret=SUCCESS |  
2019-08-21 02:17:19,548 | INFO  | DNAudit | user=null | ip=null | op=PUT_BLOCK {blockData=[blockId=conID: 3 locID: 102652565227176428 bcsId: 0,size=2097152]} | ret=SUCCESS |  
2019-08-21 02:17:19,548 [grpc-default-executor-1] INFO  client.GrpcClientProtocolClient (GrpcClientProtocolClient.java:onNext(255)) - client-54CC064C3FCE->8224e767-71c1-41fc-a01a-d172d48fd9d8: receive RaftClientReply:client-54CC064C3FCE->8224e767-71c1-41fc-a01a-d172d48fd9d8@group-F6B37CC92441, cid=1488, SUCCESS, logIndex=2104, commits[8224e767-71c1-41fc-a01a-d172d48fd9d8:c2104, 6eae0c21-01aa-4169-956f-5952b26ea7ba:c2101, 8d7dcba1-3b82-4d94-a832-514ef5c79cf8:c2101]
2019-08-21 02:17:19,548 | INFO  | DNAudit | user=null | ip=null | op=WRITE_CHUNK {blockData=conID: 3 locID: 102652565227176428 bcsId: 0} | ret=SUCCESS |  
2019-08-21 02:17:19,548 | INFO  | DNAudit | user=null | ip=null | op=WRITE_CHUNK {blockData=conID: 3 locID: 102652565227176428 bcsId: 0} | ret=SUCCESS |  
2019-08-21 02:17:19,548 | INFO  | DNAudit | user=null | ip=null | op=PUT_BLOCK {blockData=[blockId=conID: 3 locID: 102652565227176428 bcsId: 0,size=1048576]} | ret=SUCCESS |  
2019-08-21 02:17:19,548 [grpc-default-executor-0] INFO  client.GrpcClientProtocolClient (GrpcClientProtocolClient.java:onNext(255)) - client-54CC064C3FCE->8224e767-71c1-41fc-a01a-d172d48fd9d8: receive RaftClientReply:client-54CC064C3FCE->8224e767-71c1-41fc-a01a-d172d48fd9d8@group-F6B37CC92441, cid=1489, SUCCESS, logIndex=2105, commits[8224e767-71c1-41fc-a01a-d172d48fd9d8:c2107, 6eae0c21-01aa-4169-956f-5952b26ea7ba:c2101, 8d7dcba1-3b82-4d94-a832-514ef5c79cf8:c2103]
2019-08-21 02:17:19,549 | INFO  | DNAudit | user=null | ip=null | op=WRITE_CHUNK {blockData=conID: 3 locID: 102652565227176428 bcsId: 0} | ret=SUCCESS |  
2019-08-21 02:17:19,550 [grpc-default-executor-0] INFO  client.GrpcClientProtocolClient (GrpcClientProtocolClient.java:onNext(255)) - client-54CC064C3FCE->8224e767-71c1-41fc-a01a-d172d48fd9d8: receive RaftClientReply:client-54CC064C3FCE->8224e767-71c1-41fc-a01a-d172d48fd9d8@group-F6B37CC92441, cid=1490, SUCCESS, logIndex=0, commits[8224e767-71c1-41fc-a01a-d172d48fd9d8:c2108, 6eae0c21-01aa-4169-956f-5952b26ea7ba:c2103, 8d7dcba1-3b82-4d94-a832-514ef5c79cf8:c2104]
2019-08-21 02:17:19,556 | INFO  | DNAudit | user=null | ip=null | op=WRITE_CHUNK {blockData=conID: 3 locID: 102652565227176428 bcsId: 2105} | ret=SUCCESS |  
2019-08-21 02:17:19,558 | INFO  | DNAudit | user=null | ip=null | op=WRITE_CHUNK {blockData=conID: 3 locID: 102652565227176428 bcsId: 2105} | ret=SUCCESS |  
2019-08-21 02:17:19,558 | INFO  | DNAudit | user=null | ip=null | op=WRITE_CHUNK {blockData=conID: 3 locID: 102652565227176428 bcsId: 2105} | ret=SUCCESS |  
2019-08-21 02:17:19,560 | INFO  | DNAudit | user=null | ip=null | op=PUT_BLOCK {blockData=[blockId=conID: 3 locID: 102652565227176428 bcsId: 0,size=2097152]} | ret=SUCCESS |  
2019-08-21 02:17:19,560 | INFO  | DNAudit | user=null | ip=null | op=WRITE_CHUNK {blockData=conID: 3 locID: 102652565227176428 bcsId: 2105} | ret=SUCCESS |  
2019-08-21 02:17:19,560 | INFO  | DNAudit | user=null | ip=null | op=PUT_BLOCK {blockData=[blockId=conID: 3 locID: 102652565227176428 bcsId: 0,size=2097152]} | ret=SUCCESS |  
2019-08-21 02:17:19,560 | INFO  | DNAudit | user=null | ip=null | op=PUT_BLOCK {blockData=[blockId=conID: 3 locID: 102652565227176428 bcsId: 0,size=3145728]} | ret=SUCCESS |  
2019-08-21 02:17:19,561 [grpc-default-executor-0] INFO  client.GrpcClientProtocolClient (GrpcClientProtocolClient.java:onNext(255)) - client-54CC064C3FCE->8224e767-71c1-41fc-a01a-d172d48fd9d8: receive RaftClientReply:client-54CC064C3FCE->8224e767-71c1-41fc-a01a-d172d48fd9d8@group-F6B37CC92441, cid=1491, SUCCESS, logIndex=2109, commits[8224e767-71c1-41fc-a01a-d172d48fd9d8:c2110, 6eae0c21-01aa-4169-956f-5952b26ea7ba:c2108, 8d7dcba1-3b82-4d94-a832-514ef5c79cf8:c2104]
2019-08-21 02:17:19,561 [grpc-default-executor-0] INFO  client.GrpcClientProtocolClient (GrpcClientProtocolClient.java:onNext(255)) - client-54CC064C3FCE->8224e767-71c1-41fc-a01a-d172d48fd9d8: receive RaftClientReply:client-54CC064C3FCE->8224e767-71c1-41fc-a01a-d172d48fd9d8@group-F6B37CC92441, cid=1492, SUCCESS, logIndex=2110, commits[8224e767-71c1-41fc-a01a-d172d48fd9d8:c2110, 6eae0c21-01aa-4169-956f-5952b26ea7ba:c2108, 8d7dcba1-3b82-4d94-a832-514ef5c79cf8:c2108]
2019-08-21 02:17:19,563 | INFO  | DNAudit | user=null | ip=null | op=WRITE_CHUNK {blockData=conID: 3 locID: 102652565227176428 bcsId: 2105} | ret=SUCCESS |  
2019-08-21 02:17:19,563 | INFO  | DNAudit | user=null | ip=null | op=WRITE_CHUNK {blockData=conID: 3 locID: 102652565227176428 bcsId: 2105} | ret=SUCCESS |  
2019-08-21 02:17:19,564 | INFO  | DNAudit | user=null | ip=null | op=PUT_BLOCK {blockData=[blockId=conID: 3 locID: 102652565227176428 bcsId: 0,size=3145728]} | ret=SUCCESS |  
2019-08-21 02:17:19,566 | INFO  | DNAudit | user=null | ip=null | op=PUT_BLOCK {blockData=[blockId=conID: 3 locID: 102652565227176428 bcsId: 0,size=3145728]} | ret=SUCCESS |  
2019-08-21 02:17:19,567 | INFO  | DNAudit | user=null | ip=null | op=WRITE_CHUNK {blockData=conID: 3 locID: 102652565227176428 bcsId: 2110} | ret=SUCCESS |  
2019-08-21 02:17:19,569 | INFO  | DNAudit | user=null | ip=null | op=WRITE_CHUNK {blockData=conID: 3 locID: 102652565227176428 bcsId: 2110} | ret=SUCCESS |  
2019-08-21 02:17:19,570 | INFO  | DNAudit | user=null | ip=null | op=WRITE_CHUNK {blockData=conID: 3 locID: 102652565227176428 bcsId: 2110} | ret=SUCCESS |  
2019-08-21 02:17:19,587 | INFO  | DNAudit | user=null | ip=null | op=WRITE_CHUNK {blockData=conID: 3 locID: 102652565227176428 bcsId: 2110} | ret=SUCCESS |  
2019-08-21 02:17:19,588 | INFO  | DNAudit | user=null | ip=null | op=PUT_BLOCK {blockData=[blockId=conID: 3 locID: 102652565227176428 bcsId: 0,size=4194304]} | ret=SUCCESS |  
2019-08-21 02:17:19,588 [grpc-default-executor-1] INFO  client.GrpcClientProtocolClient (GrpcClientProtocolClient.java:onNext(255)) - client-54CC064C3FCE->8224e767-71c1-41fc-a01a-d172d48fd9d8: receive RaftClientReply:client-54CC064C3FCE->8224e767-71c1-41fc-a01a-d172d48fd9d8@group-F6B37CC92441, cid=1493, SUCCESS, logIndex=2113, commits[8224e767-71c1-41fc-a01a-d172d48fd9d8:c2114, 6eae0c21-01aa-4169-956f-5952b26ea7ba:c2111, 8d7dcba1-3b82-4d94-a832-514ef5c79cf8:c2111]
2019-08-21 02:17:19,588 [grpc-default-executor-1] INFO  client.GrpcClientProtocolClient (GrpcClientProtocolClient.java:onNext(255)) - client-54CC064C3FCE->8224e767-71c1-41fc-a01a-d172d48fd9d8: receive RaftClientReply:client-54CC064C3FCE->8224e767-71c1-41fc-a01a-d172d48fd9d8@group-F6B37CC92441, cid=1494, SUCCESS, logIndex=2114, commits[8224e767-71c1-41fc-a01a-d172d48fd9d8:c2114, 6eae0c21-01aa-4169-956f-5952b26ea7ba:c2111, 8d7dcba1-3b82-4d94-a832-514ef5c79cf8:c2111]
2019-08-21 02:17:19,601 | INFO  | DNAudit | user=null | ip=null | op=WRITE_CHUNK {blockData=conID: 3 locID: 102652565227176428 bcsId: 2110} | ret=SUCCESS |  
2019-08-21 02:17:19,601 | INFO  | DNAudit | user=null | ip=null | op=WRITE_CHUNK {blockData=conID: 3 locID: 102652565227176428 bcsId: 2110} | ret=SUCCESS |  
2019-08-21 02:17:19,602 | INFO  | DNAudit | user=null | ip=null | op=PUT_BLOCK {blockData=[blockId=conID: 3 locID: 102652565227176428 bcsId: 0,size=4194304]} | ret=SUCCESS |  
2019-08-21 02:17:19,603 | INFO  | DNAudit | user=null | ip=null | op=PUT_BLOCK {blockData=[blockId=conID: 3 locID: 102652565227176428 bcsId: 0,size=4194304]} | ret=SUCCESS |  
2019-08-21 02:17:19,603 [grpc-default-executor-1] INFO  client.GrpcClientProtocolClient (GrpcClientProtocolClient.java:onNext(255)) - client-54CC064C3FCE->8224e767-71c1-41fc-a01a-d172d48fd9d8: receive RaftClientReply:client-54CC064C3FCE->8224e767-71c1-41fc-a01a-d172d48fd9d8@group-F6B37CC92441, cid=1495, SUCCESS, logIndex=0, commits[8224e767-71c1-41fc-a01a-d172d48fd9d8:c2116, 6eae0c21-01aa-4169-956f-5952b26ea7ba:c2114, 8d7dcba1-3b82-4d94-a832-514ef5c79cf8:c2114]
2019-08-21 02:17:19,609 | INFO  | SCMAudit | user=jenkins1000 | ip=192.168.34.10 | op=ALLOCATE_BLOCK {owner=b6f66289-f2a0-4058-b052-0a85e40df67b, size=4194304, type=RATIS, factor=THREE} | ret=SUCCESS |  
2019-08-21 02:17:19,613 | INFO  | OMAudit | user=jenkins1000 | ip=127.0.0.1 | op=ALLOCATE_BLOCK {volume=vol-0-90982, bucket=bucket-0-24269, key=key-0-81262, dataSize=0, replicationType=null, replicationFactor=null, keyLocationInfo=null, clientID=102652564580991378} | ret=SUCCESS |  
2019-08-21 02:17:19,619 | INFO  | DNAudit | user=null | ip=null | op=WRITE_CHUNK {blockData=conID: 1 locID: 102652565232615917 bcsId: 0} | ret=SUCCESS |  
2019-08-21 02:17:19,622 | INFO  | DNAudit | user=null | ip=null | op=WRITE_CHUNK {blockData=conID: 1 locID: 102652565232615917 bcsId: 0} | ret=SUCCESS |  
2019-08-21 02:17:19,623 | INFO  | DNAudit | user=null | ip=null | op=WRITE_CHUNK {blockData=conID: 1 locID: 102652565232615917 bcsId: 0} | ret=SUCCESS |  
2019-08-21 02:17:19,623 | INFO  | DNAudit | user=null | ip=null | op=WRITE_CHUNK {blockData=conID: 1 locID: 102652565232615917 bcsId: 0} | ret=SUCCESS |  
2019-08-21 02:17:19,624 | INFO  | DNAudit | user=null | ip=null | op=WRITE_CHUNK {blockData=conID: 1 locID: 102652565232615917 bcsId: 0} | ret=SUCCESS |  
2019-08-21 02:17:19,624 | INFO  | DNAudit | user=null | ip=null | op=WRITE_CHUNK {blockData=conID: 1 locID: 102652565232615917 bcsId: 0} | ret=SUCCESS |  
2019-08-21 02:17:19,631 | INFO  | DNAudit | user=null | ip=null | op=WRITE_CHUNK {blockData=conID: 1 locID: 102652565232615917 bcsId: 0} | ret=SUCCESS |  
2019-08-21 02:17:19,632 | INFO  | DNAudit | user=null | ip=null | op=PUT_BLOCK {blockData=[blockId=conID: 1 locID: 102652565232615917 bcsId: 0,size=1048576]} | ret=SUCCESS |  
2019-08-21 02:17:19,632 | INFO  | SCMAudit | user=jenkins1000 | ip=192.168.34.10 | op=SEND_HEARTBEAT {datanodeUUID=3def7c30-cb13-4f41-8119-6188f246ad27, command=[]} | ret=SUCCESS |  
2019-08-21 02:17:19,632 [grpc-default-executor-4] INFO  client.GrpcClientProtocolClient (GrpcClientProtocolClient.java:onNext(255)) - client-54CC064C3FCE->8224e767-71c1-41fc-a01a-d172d48fd9d8: receive RaftClientReply:client-54CC064C3FCE->8224e767-71c1-41fc-a01a-d172d48fd9d8@group-F6B37CC92441, cid=1496, SUCCESS, logIndex=2117, commits[8224e767-71c1-41fc-a01a-d172d48fd9d8:c2118, 6eae0c21-01aa-4169-956f-5952b26ea7ba:c2116, 8d7dcba1-3b82-4d94-a832-514ef5c79cf8:c2116]
2019-08-21 02:17:19,633 | INFO  | DNAudit | user=null | ip=null | op=WRITE_CHUNK {blockData=conID: 1 locID: 102652565232615917 bcsId: 0} | ret=SUCCESS |  
2019-08-21 02:17:19,633 [grpc-default-executor-4] INFO  client.GrpcClientProtocolClient (GrpcClientProtocolClient.java:onNext(255)) - client-54CC064C3FCE->8224e767-71c1-41fc-a01a-d172d48fd9d8: receive RaftClientReply:client-54CC064C3FCE->8224e767-71c1-41fc-a01a-d172d48fd9d8@group-F6B37CC92441, cid=1497, SUCCESS, logIndex=2118, commits[8224e767-71c1-41fc-a01a-d172d48fd9d8:c2118, 6eae0c21-01aa-4169-956f-5952b26ea7ba:c2116, 8d7dcba1-3b82-4d94-a832-514ef5c79cf8:c2116]
2019-08-21 02:17:19,633 | INFO  | SCMAudit | user=jenkins1000 | ip=192.168.34.10 | op=SEND_HEARTBEAT {datanodeUUID=94764dae-819c-4b7e-92f1-9cd6c64427b7, command=[]} | ret=SUCCESS |  
2019-08-21 02:17:19,633 | INFO  | DNAudit | user=null | ip=null | op=PUT_BLOCK {blockData=[blockId=conID: 1 locID: 102652565232615917 bcsId: 0,size=2097152]} | ret=SUCCESS |  
2019-08-21 02:17:19,633 [grpc-default-executor-4] INFO  client.GrpcClientProtocolClient (GrpcClientProtocolClient.java:onNext(255)) - client-54CC064C3FCE->8224e767-71c1-41fc-a01a-d172d48fd9d8: receive RaftClientReply:client-54CC064C3FCE->8224e767-71c1-41fc-a01a-d172d48fd9d8@group-F6B37CC92441, cid=1498, SUCCESS, logIndex=2119, commits[8224e767-71c1-41fc-a01a-d172d48fd9d8:c2120, 6eae0c21-01aa-4169-956f-5952b26ea7ba:c2116, 8d7dcba1-3b82-4d94-a832-514ef5c79cf8:c2116]
2019-08-21 02:17:19,634 [grpc-default-executor-4] INFO  client.GrpcClientProtocolClient (GrpcClientProtocolClient.java:onNext(255)) - client-54CC064C3FCE->8224e767-71c1-41fc-a01a-d172d48fd9d8: receive RaftClientReply:client-54CC064C3FCE->8224e767-71c1-41fc-a01a-d172d48fd9d8@group-F6B37CC92441, cid=1499, SUCCESS, logIndex=2120, commits[8224e767-71c1-41fc-a01a-d172d48fd9d8:c2120, 6eae0c21-01aa-4169-956f-5952b26ea7ba:c2116, 8d7dcba1-3b82-4d94-a832-514ef5c79cf8:c2116]
2019-08-21 02:17:19,645 | INFO  | DNAudit | user=null | ip=null | op=WRITE_CHUNK {blockData=conID: 1 locID: 102652565232615917 bcsId: 0} | ret=SUCCESS |  
2019-08-21 02:17:19,645 | INFO  | DNAudit | user=null | ip=null | op=WRITE_CHUNK {blockData=conID: 1 locID: 102652565232615917 bcsId: 0} | ret=SUCCESS |  
2019-08-21 02:17:19,646 | INFO  | DNAudit | user=null | ip=null | op=PUT_BLOCK {blockData=[blockId=conID: 1 locID: 102652565232615917 bcsId: 0,size=1048576]} | ret=SUCCESS |  
2019-08-21 02:17:19,646 | INFO  | DNAudit | user=null | ip=null | op=PUT_BLOCK {blockData=[blockId=conID: 1 locID: 102652565232615917 bcsId: 0,size=1048576]} | ret=SUCCESS |  
2019-08-21 02:17:19,646 | INFO  | DNAudit | user=null | ip=null | op=WRITE_CHUNK {blockData=conID: 1 locID: 102652565232615917 bcsId: 0} | ret=SUCCESS |  
2019-08-21 02:17:19,646 | INFO  | DNAudit | user=null | ip=null | op=WRITE_CHUNK {blockData=conID: 1 locID: 102652565232615917 bcsId: 0} | ret=SUCCESS |  
2019-08-21 02:17:19,646 | INFO  | DNAudit | user=null | ip=null | op=PUT_BLOCK {blockData=[blockId=conID: 1 locID: 102652565232615917 bcsId: 0,size=2097152]} | ret=SUCCESS |  
2019-08-21 02:17:19,646 | INFO  | DNAudit | user=null | ip=null | op=PUT_BLOCK {blockData=[blockId=conID: 1 locID: 102652565232615917 bcsId: 0,size=2097152]} | ret=SUCCESS |  
2019-08-21 02:17:19,646 [grpc-default-executor-4] INFO  client.GrpcClientProtocolClient (GrpcClientProtocolClient.java:onNext(255)) - client-54CC064C3FCE->8224e767-71c1-41fc-a01a-d172d48fd9d8: receive RaftClientReply:client-54CC064C3FCE->8224e767-71c1-41fc-a01a-d172d48fd9d8@group-F6B37CC92441, cid=1500, SUCCESS, logIndex=0, commits[8224e767-71c1-41fc-a01a-d172d48fd9d8:c2124, 6eae0c21-01aa-4169-956f-5952b26ea7ba:c2118, 8d7dcba1-3b82-4d94-a832-514ef5c79cf8:c2120]
2019-08-21 02:17:19,653 | INFO  | DNAudit | user=null | ip=null | op=WRITE_CHUNK {blockData=conID: 1 locID: 102652565232615917 bcsId: 2120} | ret=SUCCESS |  
 0.00% |█                                                                                                    |  0/1 Time: 0:00:102019-08-21 02:17:19,654 | INFO  | DNAudit | user=null | ip=null | op=WRITE_CHUNK {blockData=conID: 1 locID: 102652565232615917 bcsId: 2120} | ret=SUCCESS |  
2019-08-21 02:17:19,655 | INFO  | DNAudit | user=null | ip=null | op=WRITE_CHUNK {blockData=conID: 1 locID: 102652565232615917 bcsId: 2120} | ret=SUCCESS |  
2019-08-21 02:17:19,667 | INFO  | DNAudit | user=null | ip=null | op=WRITE_CHUNK {blockData=conID: 1 locID: 102652565232615917 bcsId: 2120} | ret=SUCCESS |  
2019-08-21 02:17:19,667 | INFO  | DNAudit | user=null | ip=null | op=PUT_BLOCK {blockData=[blockId=conID: 1 locID: 102652565232615917 bcsId: 0,size=3145728]} | ret=SUCCESS |  
2019-08-21 02:17:19,668 [grpc-default-executor-4] INFO  client.GrpcClientProtocolClient (GrpcClientProtocolClient.java:onNext(255)) - client-54CC064C3FCE->8224e767-71c1-41fc-a01a-d172d48fd9d8: receive RaftClientReply:client-54CC064C3FCE->8224e767-71c1-41fc-a01a-d172d48fd9d8@group-F6B37CC92441, cid=1501, SUCCESS, logIndex=2125, commits[8224e767-71c1-41fc-a01a-d172d48fd9d8:c2126, 6eae0c21-01aa-4169-956f-5952b26ea7ba:c2124, 8d7dcba1-3b82-4d94-a832-514ef5c79cf8:c2124]
2019-08-21 02:17:19,668 [grpc-default-executor-4] INFO  client.GrpcClientProtocolClient (GrpcClientProtocolClient.java:onNext(255)) - client-54CC064C3FCE->8224e767-71c1-41fc-a01a-d172d48fd9d8: receive RaftClientReply:client-54CC064C3FCE->8224e767-71c1-41fc-a01a-d172d48fd9d8@group-F6B37CC92441, cid=1502, SUCCESS, logIndex=2126, commits[8224e767-71c1-41fc-a01a-d172d48fd9d8:c2126, 6eae0c21-01aa-4169-956f-5952b26ea7ba:c2124, 8d7dcba1-3b82-4d94-a832-514ef5c79cf8:c2124]
2019-08-21 02:17:19,675 | INFO  | DNAudit | user=null | ip=null | op=WRITE_CHUNK {blockData=conID: 1 locID: 102652565232615917 bcsId: 2126} | ret=SUCCESS |  
2019-08-21 02:17:19,677 | INFO  | DNAudit | user=null | ip=null | op=WRITE_CHUNK {blockData=conID: 1 locID: 102652565232615917 bcsId: 2126} | ret=SUCCESS |  
2019-08-21 02:17:19,677 | INFO  | DNAudit | user=null | ip=null | op=WRITE_CHUNK {blockData=conID: 1 locID: 102652565232615917 bcsId: 2126} | ret=SUCCESS |  
2019-08-21 02:17:19,680 | INFO  | DNAudit | user=null | ip=null | op=WRITE_CHUNK {blockData=conID: 1 locID: 102652565232615917 bcsId: 2120} | ret=SUCCESS |  
2019-08-21 02:17:19,680 | INFO  | DNAudit | user=null | ip=null | op=WRITE_CHUNK {blockData=conID: 1 locID: 102652565232615917 bcsId: 2120} | ret=SUCCESS |  
2019-08-21 02:17:19,693 | INFO  | DNAudit | user=null | ip=null | op=PUT_BLOCK {blockData=[blockId=conID: 1 locID: 102652565232615917 bcsId: 0,size=3145728]} | ret=SUCCESS |  
2019-08-21 02:17:19,693 | INFO  | DNAudit | user=null | ip=null | op=PUT_BLOCK {blockData=[blockId=conID: 1 locID: 102652565232615917 bcsId: 0,size=3145728]} | ret=SUCCESS |  
2019-08-21 02:17:19,694 | INFO  | DNAudit | user=null | ip=null | op=WRITE_CHUNK {blockData=conID: 1 locID: 102652565232615917 bcsId: 2126} | ret=SUCCESS |  
2019-08-21 02:17:19,694 | INFO  | DNAudit | user=null | ip=null | op=PUT_BLOCK {blockData=[blockId=conID: 1 locID: 102652565232615917 bcsId: 0,size=4194304]} | ret=SUCCESS |  
2019-08-21 02:17:19,695 [grpc-default-executor-4] INFO  client.GrpcClientProtocolClient (GrpcClientProtocolClient.java:onNext(255)) - client-54CC064C3FCE->8224e767-71c1-41fc-a01a-d172d48fd9d8: receive RaftClientReply:client-54CC064C3FCE->8224e767-71c1-41fc-a01a-d172d48fd9d8@group-F6B37CC92441, cid=1503, SUCCESS, logIndex=2129, commits[8224e767-71c1-41fc-a01a-d172d48fd9d8:c2130, 6eae0c21-01aa-4169-956f-5952b26ea7ba:c2126, 8d7dcba1-3b82-4d94-a832-514ef5c79cf8:c2126]
2019-08-21 02:17:19,695 [grpc-default-executor-4] INFO  client.GrpcClientProtocolClient (GrpcClientProtocolClient.java:onNext(255)) - client-54CC064C3FCE->8224e767-71c1-41fc-a01a-d172d48fd9d8: receive RaftClientReply:client-54CC064C3FCE->8224e767-71c1-41fc-a01a-d172d48fd9d8@group-F6B37CC92441, cid=1504, SUCCESS, logIndex=2130, commits[8224e767-71c1-41fc-a01a-d172d48fd9d8:c2130, 6eae0c21-01aa-4169-956f-5952b26ea7ba:c2126, 8d7dcba1-3b82-4d94-a832-514ef5c79cf8:c2126]
2019-08-21 02:17:19,707 | INFO  | DNAudit | user=null | ip=null | op=WRITE_CHUNK {blockData=conID: 1 locID: 102652565232615917 bcsId: 2126} | ret=SUCCESS |  
2019-08-21 02:17:19,707 | INFO  | DNAudit | user=null | ip=null | op=WRITE_CHUNK {blockData=conID: 1 locID: 102652565232615917 bcsId: 2126} | ret=SUCCESS |  
2019-08-21 02:17:19,719 | INFO  | DNAudit | user=null | ip=null | op=PUT_BLOCK {blockData=[blockId=conID: 1 locID: 102652565232615917 bcsId: 0,size=4194304]} | ret=SUCCESS |  
2019-08-21 02:17:19,719 | INFO  | DNAudit | user=null | ip=null | op=PUT_BLOCK {blockData=[blockId=conID: 1 locID: 102652565232615917 bcsId: 0,size=4194304]} | ret=SUCCESS |  
2019-08-21 02:17:19,719 [grpc-default-executor-0] INFO  client.GrpcClientProtocolClient (GrpcClientProtocolClient.java:onNext(255)) - client-54CC064C3FCE->8224e767-71c1-41fc-a01a-d172d48fd9d8: receive RaftClientReply:client-54CC064C3FCE->8224e767-71c1-41fc-a01a-d172d48fd9d8@group-F6B37CC92441, cid=1505, SUCCESS, logIndex=0, commits[8224e767-71c1-41fc-a01a-d172d48fd9d8:c2132, 6eae0c21-01aa-4169-956f-5952b26ea7ba:c2130, 8d7dcba1-3b82-4d94-a832-514ef5c79cf8:c2130]
2019-08-21 02:17:19,724 | INFO  | SCMAudit | user=jenkins1000 | ip=192.168.34.10 | op=ALLOCATE_BLOCK {owner=b6f66289-f2a0-4058-b052-0a85e40df67b, size=4194304, type=RATIS, factor=THREE} | ret=SUCCESS |  
2019-08-21 02:17:19,727 | INFO  | OMAudit | user=jenkins1000 | ip=127.0.0.1 | op=ALLOCATE_BLOCK {volume=vol-0-90982, bucket=bucket-0-24269, key=key-0-81262, dataSize=0, replicationType=null, replicationFactor=null, keyLocationInfo=null, clientID=102652564580991378} | ret=SUCCESS |  
2019-08-21 02:17:19,734 | INFO  | DNAudit | user=null | ip=null | op=WRITE_CHUNK {blockData=conID: 2 locID: 102652565240152558 bcsId: 0} | ret=SUCCESS |  
2019-08-21 02:17:19,737 | INFO  | DNAudit | user=null | ip=null | op=WRITE_CHUNK {blockData=conID: 2 locID: 102652565240152558 bcsId: 0} | ret=SUCCESS |  
2019-08-21 02:17:19,737 | INFO  | DNAudit | user=null | ip=null | op=WRITE_CHUNK {blockData=conID: 2 locID: 102652565240152558 bcsId: 0} | ret=SUCCESS |  
2019-08-21 02:17:19,737 | INFO  | DNAudit | user=null | ip=null | op=WRITE_CHUNK {blockData=conID: 2 locID: 102652565240152558 bcsId: 0} | ret=SUCCESS |  
2019-08-21 02:17:19,738 | INFO  | DNAudit | user=null | ip=null | op=WRITE_CHUNK {blockData=conID: 2 locID: 102652565240152558 bcsId: 0} | ret=SUCCESS |  
2019-08-21 02:17:19,738 | INFO  | DNAudit | user=null | ip=null | op=WRITE_CHUNK {blockData=conID: 2 locID: 102652565240152558 bcsId: 0} | ret=SUCCESS |  
2019-08-21 02:17:19,752 | INFO  | DNAudit | user=null | ip=null | op=WRITE_CHUNK {blockData=conID: 2 locID: 102652565240152558 bcsId: 0} | ret=SUCCESS |  
2019-08-21 02:17:19,753 | INFO  | DNAudit | user=null | ip=null | op=PUT_BLOCK {blockData=[blockId=conID: 2 locID: 102652565240152558 bcsId: 0,size=1048576]} | ret=SUCCESS |  
2019-08-21 02:17:19,753 | INFO  | DNAudit | user=null | ip=null | op=WRITE_CHUNK {blockData=conID: 2 locID: 102652565240152558 bcsId: 0} | ret=SUCCESS |  
2019-08-21 02:17:19,753 [grpc-default-executor-4] INFO  client.GrpcClientProtocolClient (GrpcClientProtocolClient.java:onNext(255)) - client-54CC064C3FCE->8224e767-71c1-41fc-a01a-d172d48fd9d8: receive RaftClientReply:client-54CC064C3FCE->8224e767-71c1-41fc-a01a-d172d48fd9d8@group-F6B37CC92441, cid=1506, SUCCESS, logIndex=2133, commits[8224e767-71c1-41fc-a01a-d172d48fd9d8:c2135, 6eae0c21-01aa-4169-956f-5952b26ea7ba:c2132, 8d7dcba1-3b82-4d94-a832-514ef5c79cf8:c2132]
2019-08-21 02:17:19,753 | INFO  | DNAudit | user=null | ip=null | op=PUT_BLOCK {blockData=[blockId=conID: 2 locID: 102652565240152558 bcsId: 0,size=2097152]} | ret=SUCCESS |  
2019-08-21 02:17:19,754 [grpc-default-executor-4] INFO  client.GrpcClientProtocolClient (GrpcClientProtocolClient.java:onNext(255)) - client-54CC064C3FCE->8224e767-71c1-41fc-a01a-d172d48fd9d8: receive RaftClientReply:client-54CC064C3FCE->8224e767-71c1-41fc-a01a-d172d48fd9d8@group-F6B37CC92441, cid=1507, SUCCESS, logIndex=2134, commits[8224e767-71c1-41fc-a01a-d172d48fd9d8:c2136, 6eae0c21-01aa-4169-956f-5952b26ea7ba:c2132, 8d7dcba1-3b82-4d94-a832-514ef5c79cf8:c2132]
2019-08-21 02:17:19,754 [grpc-default-executor-4] INFO  client.GrpcClientProtocolClient (GrpcClientProtocolClient.java:onNext(255)) - client-54CC064C3FCE->8224e767-71c1-41fc-a01a-d172d48fd9d8: receive RaftClientReply:client-54CC064C3FCE->8224e767-71c1-41fc-a01a-d172d48fd9d8@group-F6B37CC92441, cid=1508, SUCCESS, logIndex=2135, commits[8224e767-71c1-41fc-a01a-d172d48fd9d8:c2136, 6eae0c21-01aa-4169-956f-5952b26ea7ba:c2132, 8d7dcba1-3b82-4d94-a832-514ef5c79cf8:c2132]
2019-08-21 02:17:19,754 [grpc-default-executor-4] INFO  client.GrpcClientProtocolClient (GrpcClientProtocolClient.java:onNext(255)) - client-54CC064C3FCE->8224e767-71c1-41fc-a01a-d172d48fd9d8: receive RaftClientReply:client-54CC064C3FCE->8224e767-71c1-41fc-a01a-d172d48fd9d8@group-F6B37CC92441, cid=1509, SUCCESS, logIndex=2136, commits[8224e767-71c1-41fc-a01a-d172d48fd9d8:c2136, 6eae0c21-01aa-4169-956f-5952b26ea7ba:c2132, 8d7dcba1-3b82-4d94-a832-514ef5c79cf8:c2132]
2019-08-21 02:17:19,766 | INFO  | DNAudit | user=null | ip=null | op=WRITE_CHUNK {blockData=conID: 2 locID: 102652565240152558 bcsId: 0} | ret=SUCCESS |  
2019-08-21 02:17:19,766 | INFO  | DNAudit | user=null | ip=null | op=WRITE_CHUNK {blockData=conID: 2 locID: 102652565240152558 bcsId: 0} | ret=SUCCESS |  
2019-08-21 02:17:19,766 | INFO  | DNAudit | user=null | ip=null | op=PUT_BLOCK {blockData=[blockId=conID: 2 locID: 102652565240152558 bcsId: 0,size=1048576]} | ret=SUCCESS |  
2019-08-21 02:17:19,766 | INFO  | DNAudit | user=null | ip=null | op=PUT_BLOCK {blockData=[blockId=conID: 2 locID: 102652565240152558 bcsId: 0,size=1048576]} | ret=SUCCESS |  
2019-08-21 02:17:19,766 [grpc-default-executor-4] INFO  client.GrpcClientProtocolClient (GrpcClientProtocolClient.java:onNext(255)) - client-54CC064C3FCE->8224e767-71c1-41fc-a01a-d172d48fd9d8: receive RaftClientReply:client-54CC064C3FCE->8224e767-71c1-41fc-a01a-d172d48fd9d8@group-F6B37CC92441, cid=1510, SUCCESS, logIndex=0, commits[8224e767-71c1-41fc-a01a-d172d48fd9d8:c2137, 6eae0c21-01aa-4169-956f-5952b26ea7ba:c2134, 8d7dcba1-3b82-4d94-a832-514ef5c79cf8:c2134]
2019-08-21 02:17:19,767 | INFO  | DNAudit | user=null | ip=null | op=WRITE_CHUNK {blockData=conID: 2 locID: 102652565240152558 bcsId: 0} | ret=SUCCESS |  
2019-08-21 02:17:19,767 | INFO  | DNAudit | user=null | ip=null | op=WRITE_CHUNK {blockData=conID: 2 locID: 102652565240152558 bcsId: 0} | ret=SUCCESS |  
2019-08-21 02:17:19,768 | INFO  | DNAudit | user=null | ip=null | op=PUT_BLOCK {blockData=[blockId=conID: 2 locID: 102652565240152558 bcsId: 0,size=2097152]} | ret=SUCCESS |  
2019-08-21 02:17:19,768 | INFO  | DNAudit | user=null | ip=null | op=PUT_BLOCK {blockData=[blockId=conID: 2 locID: 102652565240152558 bcsId: 0,size=2097152]} | ret=SUCCESS |  
2019-08-21 02:17:19,773 | INFO  | DNAudit | user=null | ip=null | op=WRITE_CHUNK {blockData=conID: 2 locID: 102652565240152558 bcsId: 2136} | ret=SUCCESS |  
2019-08-21 02:17:19,775 | INFO  | DNAudit | user=null | ip=null | op=WRITE_CHUNK {blockData=conID: 2 locID: 102652565240152558 bcsId: 2136} | ret=SUCCESS |  
2019-08-21 02:17:19,775 | INFO  | DNAudit | user=null | ip=null | op=WRITE_CHUNK {blockData=conID: 2 locID: 102652565240152558 bcsId: 2136} | ret=SUCCESS |  
2019-08-21 02:17:19,777 | INFO  | DNAudit | user=null | ip=null | op=WRITE_CHUNK {blockData=conID: 2 locID: 102652565240152558 bcsId: 2136} | ret=SUCCESS |  
2019-08-21 02:17:19,778 | INFO  | DNAudit | user=null | ip=null | op=PUT_BLOCK {blockData=[blockId=conID: 2 locID: 102652565240152558 bcsId: 0,size=3145728]} | ret=SUCCESS |  
2019-08-21 02:17:19,778 [grpc-default-executor-4] INFO  client.GrpcClientProtocolClient (GrpcClientProtocolClient.java:onNext(255)) - client-54CC064C3FCE->8224e767-71c1-41fc-a01a-d172d48fd9d8: receive RaftClientReply:client-54CC064C3FCE->8224e767-71c1-41fc-a01a-d172d48fd9d8@group-F6B37CC92441, cid=1511, SUCCESS, logIndex=2141, commits[8224e767-71c1-41fc-a01a-d172d48fd9d8:c2142, 6eae0c21-01aa-4169-956f-5952b26ea7ba:c2140, 8d7dcba1-3b82-4d94-a832-514ef5c79cf8:c2140]
2019-08-21 02:17:19,778 [grpc-default-executor-4] INFO  client.GrpcClientProtocolClient (GrpcClientProtocolClient.java:onNext(255)) - client-54CC064C3FCE->8224e767-71c1-41fc-a01a-d172d48fd9d8: receive RaftClientReply:client-54CC064C3FCE->8224e767-71c1-41fc-a01a-d172d48fd9d8@group-F6B37CC92441, cid=1512, SUCCESS, logIndex=2142, commits[8224e767-71c1-41fc-a01a-d172d48fd9d8:c2142, 6eae0c21-01aa-4169-956f-5952b26ea7ba:c2140, 8d7dcba1-3b82-4d94-a832-514ef5c79cf8:c2140]
2019-08-21 02:17:19,780 | INFO  | DNAudit | user=null | ip=null | op=WRITE_CHUNK {blockData=conID: 2 locID: 102652565240152558 bcsId: 2136} | ret=SUCCESS |  
2019-08-21 02:17:19,780 | INFO  | DNAudit | user=null | ip=null | op=WRITE_CHUNK {blockData=conID: 2 locID: 102652565240152558 bcsId: 2136} | ret=SUCCESS |  
2019-08-21 02:17:19,781 | INFO  | DNAudit | user=null | ip=null | op=PUT_BLOCK {blockData=[blockId=conID: 2 locID: 102652565240152558 bcsId: 0,size=3145728]} | ret=SUCCESS |  
2019-08-21 02:17:19,781 | INFO  | DNAudit | user=null | ip=null | op=PUT_BLOCK {blockData=[blockId=conID: 2 locID: 102652565240152558 bcsId: 0,size=3145728]} | ret=SUCCESS |  
2019-08-21 02:17:19,784 | INFO  | DNAudit | user=null | ip=null | op=WRITE_CHUNK {blockData=conID: 2 locID: 102652565240152558 bcsId: 2142} | ret=SUCCESS |  
2019-08-21 02:17:19,787 | INFO  | DNAudit | user=null | ip=null | op=WRITE_CHUNK {blockData=conID: 2 locID: 102652565240152558 bcsId: 2142} | ret=SUCCESS |  
2019-08-21 02:17:19,787 | INFO  | DNAudit | user=null | ip=null | op=WRITE_CHUNK {blockData=conID: 2 locID: 102652565240152558 bcsId: 2142} | ret=SUCCESS |  
2019-08-21 02:17:19,790 | INFO  | DNAudit | user=null | ip=null | op=WRITE_CHUNK {blockData=conID: 2 locID: 102652565240152558 bcsId: 2142} | ret=SUCCESS |  
2019-08-21 02:17:19,790 | INFO  | DNAudit | user=null | ip=null | op=PUT_BLOCK {blockData=[blockId=conID: 2 locID: 102652565240152558 bcsId: 0,size=4194304]} | ret=SUCCESS |  
2019-08-21 02:17:19,790 [grpc-default-executor-0] INFO  client.GrpcClientProtocolClient (GrpcClientProtocolClient.java:onNext(255)) - client-54CC064C3FCE->8224e767-71c1-41fc-a01a-d172d48fd9d8: receive RaftClientReply:client-54CC064C3FCE->8224e767-71c1-41fc-a01a-d172d48fd9d8@group-F6B37CC92441, cid=1513, SUCCESS, logIndex=2145, commits[8224e767-71c1-41fc-a01a-d172d48fd9d8:c2146, 6eae0c21-01aa-4169-956f-5952b26ea7ba:c2143, 8d7dcba1-3b82-4d94-a832-514ef5c79cf8:c2143]
2019-08-21 02:17:19,790 [grpc-default-executor-0] INFO  client.GrpcClientProtocolClient (GrpcClientProtocolClient.java:onNext(255)) - client-54CC064C3FCE->8224e767-71c1-41fc-a01a-d172d48fd9d8: receive RaftClientReply:client-54CC064C3FCE->8224e767-71c1-41fc-a01a-d172d48fd9d8@group-F6B37CC92441, cid=1514, SUCCESS, logIndex=2146, commits[8224e767-71c1-41fc-a01a-d172d48fd9d8:c2146, 6eae0c21-01aa-4169-956f-5952b26ea7ba:c2143, 8d7dcba1-3b82-4d94-a832-514ef5c79cf8:c2143]
2019-08-21 02:17:19,792 | INFO  | DNAudit | user=null | ip=null | op=WRITE_CHUNK {blockData=conID: 2 locID: 102652565240152558 bcsId: 2142} | ret=SUCCESS |  
2019-08-21 02:17:19,792 | INFO  | DNAudit | user=null | ip=null | op=WRITE_CHUNK {blockData=conID: 2 locID: 102652565240152558 bcsId: 2142} | ret=SUCCESS |  
2019-08-21 02:17:19,792 | INFO  | DNAudit | user=null | ip=null | op=PUT_BLOCK {blockData=[blockId=conID: 2 locID: 102652565240152558 bcsId: 0,size=4194304]} | ret=SUCCESS |  
2019-08-21 02:17:19,793 | INFO  | DNAudit | user=null | ip=null | op=PUT_BLOCK {blockData=[blockId=conID: 2 locID: 102652565240152558 bcsId: 0,size=4194304]} | ret=SUCCESS |  
2019-08-21 02:17:19,793 [grpc-default-executor-4] INFO  client.GrpcClientProtocolClient (GrpcClientProtocolClient.java:onNext(255)) - client-54CC064C3FCE->8224e767-71c1-41fc-a01a-d172d48fd9d8: receive RaftClientReply:client-54CC064C3FCE->8224e767-71c1-41fc-a01a-d172d48fd9d8@group-F6B37CC92441, cid=1515, SUCCESS, logIndex=0, commits[8224e767-71c1-41fc-a01a-d172d48fd9d8:c2147, 6eae0c21-01aa-4169-956f-5952b26ea7ba:c2146, 8d7dcba1-3b82-4d94-a832-514ef5c79cf8:c2146]
2019-08-21 02:17:19,797 | INFO  | SCMAudit | user=jenkins1000 | ip=192.168.34.10 | op=ALLOCATE_BLOCK {owner=b6f66289-f2a0-4058-b052-0a85e40df67b, size=4194304, type=RATIS, factor=THREE} | ret=SUCCESS |  
2019-08-21 02:17:19,801 | INFO  | OMAudit | user=jenkins1000 | ip=127.0.0.1 | op=ALLOCATE_BLOCK {volume=vol-0-90982, bucket=bucket-0-24269, key=key-0-81262, dataSize=0, replicationType=null, replicationFactor=null, keyLocationInfo=null, clientID=102652564580991378} | ret=SUCCESS |  
2019-08-21 02:17:19,807 | INFO  | DNAudit | user=null | ip=null | op=WRITE_CHUNK {blockData=conID: 3 locID: 102652565244936687 bcsId: 0} | ret=SUCCESS |  
2019-08-21 02:17:19,810 | INFO  | DNAudit | user=null | ip=null | op=WRITE_CHUNK {blockData=conID: 3 locID: 102652565244936687 bcsId: 0} | ret=SUCCESS |  
2019-08-21 02:17:19,810 | INFO  | DNAudit | user=null | ip=null | op=WRITE_CHUNK {blockData=conID: 3 locID: 102652565244936687 bcsId: 0} | ret=SUCCESS |  
2019-08-21 02:17:19,810 | INFO  | DNAudit | user=null | ip=null | op=WRITE_CHUNK {blockData=conID: 3 locID: 102652565244936687 bcsId: 0} | ret=SUCCESS |  
2019-08-21 02:17:19,811 | INFO  | DNAudit | user=null | ip=null | op=WRITE_CHUNK {blockData=conID: 3 locID: 102652565244936687 bcsId: 0} | ret=SUCCESS |  
2019-08-21 02:17:19,811 | INFO  | DNAudit | user=null | ip=null | op=WRITE_CHUNK {blockData=conID: 3 locID: 102652565244936687 bcsId: 0} | ret=SUCCESS |  
2019-08-21 02:17:19,814 | INFO  | DNAudit | user=null | ip=null | op=WRITE_CHUNK {blockData=conID: 3 locID: 102652565244936687 bcsId: 0} | ret=SUCCESS |  
2019-08-21 02:17:19,815 | INFO  | DNAudit | user=null | ip=null | op=PUT_BLOCK {blockData=[blockId=conID: 3 locID: 102652565244936687 bcsId: 0,size=1048576]} | ret=SUCCESS |  
2019-08-21 02:17:19,815 | INFO  | DNAudit | user=null | ip=null | op=WRITE_CHUNK {blockData=conID: 3 locID: 102652565244936687 bcsId: 0} | ret=SUCCESS |  
2019-08-21 02:17:19,815 [grpc-default-executor-0] INFO  client.GrpcClientProtocolClient (GrpcClientProtocolClient.java:onNext(255)) - client-54CC064C3FCE->8224e767-71c1-41fc-a01a-d172d48fd9d8: receive RaftClientReply:client-54CC064C3FCE->8224e767-71c1-41fc-a01a-d172d48fd9d8@group-F6B37CC92441, cid=1516, SUCCESS, logIndex=2149, commits[8224e767-71c1-41fc-a01a-d172d48fd9d8:c2152, 6eae0c21-01aa-4169-956f-5952b26ea7ba:c2148, 8d7dcba1-3b82-4d94-a832-514ef5c79cf8:c2148]
2019-08-21 02:17:19,815 | INFO  | DNAudit | user=null | ip=null | op=PUT_BLOCK {blockData=[blockId=conID: 3 locID: 102652565244936687 bcsId: 0,size=2097152]} | ret=SUCCESS |  
2019-08-21 02:17:19,816 [grpc-default-executor-0] INFO  client.GrpcClientProtocolClient (GrpcClientProtocolClient.java:onNext(255)) - client-54CC064C3FCE->8224e767-71c1-41fc-a01a-d172d48fd9d8: receive RaftClientReply:client-54CC064C3FCE->8224e767-71c1-41fc-a01a-d172d48fd9d8@group-F6B37CC92441, cid=1517, SUCCESS, logIndex=2150, commits[8224e767-71c1-41fc-a01a-d172d48fd9d8:c2152, 6eae0c21-01aa-4169-956f-5952b26ea7ba:c2148, 8d7dcba1-3b82-4d94-a832-514ef5c79cf8:c2148]
2019-08-21 02:17:19,816 [grpc-default-executor-0] INFO  client.GrpcClientProtocolClient (GrpcClientProtocolClient.java:onNext(255)) - client-54CC064C3FCE->8224e767-71c1-41fc-a01a-d172d48fd9d8: receive RaftClientReply:client-54CC064C3FCE->8224e767-71c1-41fc-a01a-d172d48fd9d8@group-F6B37CC92441, cid=1518, SUCCESS, logIndex=2151, commits[8224e767-71c1-41fc-a01a-d172d48fd9d8:c2152, 6eae0c21-01aa-4169-956f-5952b26ea7ba:c2148, 8d7dcba1-3b82-4d94-a832-514ef5c79cf8:c2148]
2019-08-21 02:17:19,816 [grpc-default-executor-0] INFO  client.GrpcClientProtocolClient (GrpcClientProtocolClient.java:onNext(255)) - client-54CC064C3FCE->8224e767-71c1-41fc-a01a-d172d48fd9d8: receive RaftClientReply:client-54CC064C3FCE->8224e767-71c1-41fc-a01a-d172d48fd9d8@group-F6B37CC92441, cid=1519, SUCCESS, logIndex=2152, commits[8224e767-71c1-41fc-a01a-d172d48fd9d8:c2152, 6eae0c21-01aa-4169-956f-5952b26ea7ba:c2148, 8d7dcba1-3b82-4d94-a832-514ef5c79cf8:c2148]
2019-08-21 02:17:19,816 | INFO  | DNAudit | user=null | ip=null | op=WRITE_CHUNK {blockData=conID: 3 locID: 102652565244936687 bcsId: 0} | ret=SUCCESS |  
2019-08-21 02:17:19,816 | INFO  | DNAudit | user=null | ip=null | op=WRITE_CHUNK {blockData=conID: 3 locID: 102652565244936687 bcsId: 0} | ret=SUCCESS |  
2019-08-21 02:17:19,817 | INFO  | DNAudit | user=null | ip=null | op=PUT_BLOCK {blockData=[blockId=conID: 3 locID: 102652565244936687 bcsId: 0,size=1048576]} | ret=SUCCESS |  
2019-08-21 02:17:19,818 | INFO  | DNAudit | user=null | ip=null | op=PUT_BLOCK {blockData=[blockId=conID: 3 locID: 102652565244936687 bcsId: 0,size=1048576]} | ret=SUCCESS |  
2019-08-21 02:17:19,818 | INFO  | DNAudit | user=null | ip=null | op=WRITE_CHUNK {blockData=conID: 3 locID: 102652565244936687 bcsId: 0} | ret=SUCCESS |  
2019-08-21 02:17:19,818 | INFO  | DNAudit | user=null | ip=null | op=WRITE_CHUNK {blockData=conID: 3 locID: 102652565244936687 bcsId: 0} | ret=SUCCESS |  
2019-08-21 02:17:19,819 | INFO  | DNAudit | user=null | ip=null | op=PUT_BLOCK {blockData=[blockId=conID: 3 locID: 102652565244936687 bcsId: 0,size=2097152]} | ret=SUCCESS |  
2019-08-21 02:17:19,819 | INFO  | DNAudit | user=null | ip=null | op=PUT_BLOCK {blockData=[blockId=conID: 3 locID: 102652565244936687 bcsId: 0,size=2097152]} | ret=SUCCESS |  
2019-08-21 02:17:19,819 [grpc-default-executor-0] INFO  client.GrpcClientProtocolClient (GrpcClientProtocolClient.java:onNext(255)) - client-54CC064C3FCE->8224e767-71c1-41fc-a01a-d172d48fd9d8: receive RaftClientReply:client-54CC064C3FCE->8224e767-71c1-41fc-a01a-d172d48fd9d8@group-F6B37CC92441, cid=1520, SUCCESS, logIndex=0, commits[8224e767-71c1-41fc-a01a-d172d48fd9d8:c2153, 6eae0c21-01aa-4169-956f-5952b26ea7ba:c2150, 8d7dcba1-3b82-4d94-a832-514ef5c79cf8:c2150]
2019-08-21 02:17:19,825 | INFO  | DNAudit | user=null | ip=null | op=WRITE_CHUNK {blockData=conID: 3 locID: 102652565244936687 bcsId: 2152} | ret=SUCCESS |  
2019-08-21 02:17:19,827 | INFO  | DNAudit | user=null | ip=null | op=WRITE_CHUNK {blockData=conID: 3 locID: 102652565244936687 bcsId: 2152} | ret=SUCCESS |  
2019-08-21 02:17:19,827 | INFO  | DNAudit | user=null | ip=null | op=WRITE_CHUNK {blockData=conID: 3 locID: 102652565244936687 bcsId: 2152} | ret=SUCCESS |  
2019-08-21 02:17:19,843 | INFO  | DNAudit | user=null | ip=null | op=WRITE_CHUNK {blockData=conID: 3 locID: 102652565244936687 bcsId: 2152} | ret=SUCCESS |  
2019-08-21 02:17:19,844 | INFO  | DNAudit | user=null | ip=null | op=PUT_BLOCK {blockData=[blockId=conID: 3 locID: 102652565244936687 bcsId: 0,size=3145728]} | ret=SUCCESS |  
2019-08-21 02:17:19,844 [grpc-default-executor-0] INFO  client.GrpcClientProtocolClient (GrpcClientProtocolClient.java:onNext(255)) - client-54CC064C3FCE->8224e767-71c1-41fc-a01a-d172d48fd9d8: receive RaftClientReply:client-54CC064C3FCE->8224e767-71c1-41fc-a01a-d172d48fd9d8@group-F6B37CC92441, cid=1521, SUCCESS, logIndex=2157, commits[8224e767-71c1-41fc-a01a-d172d48fd9d8:c2158, 6eae0c21-01aa-4169-956f-5952b26ea7ba:c2156, 8d7dcba1-3b82-4d94-a832-514ef5c79cf8:c2156]
2019-08-21 02:17:19,844 [grpc-default-executor-0] INFO  client.GrpcClientProtocolClient (GrpcClientProtocolClient.java:onNext(255)) - client-54CC064C3FCE->8224e767-71c1-41fc-a01a-d172d48fd9d8: receive RaftClientReply:client-54CC064C3FCE->8224e767-71c1-41fc-a01a-d172d48fd9d8@group-F6B37CC92441, cid=1522, SUCCESS, logIndex=2158, commits[8224e767-71c1-41fc-a01a-d172d48fd9d8:c2158, 6eae0c21-01aa-4169-956f-5952b26ea7ba:c2156, 8d7dcba1-3b82-4d94-a832-514ef5c79cf8:c2156]
2019-08-21 02:17:19,851 | INFO  | DNAudit | user=null | ip=null | op=WRITE_CHUNK {blockData=conID: 3 locID: 102652565244936687 bcsId: 2158} | ret=SUCCESS |  
2019-08-21 02:17:19,854 | INFO  | DNAudit | user=null | ip=null | op=WRITE_CHUNK {blockData=conID: 3 locID: 102652565244936687 bcsId: 2158} | ret=SUCCESS |  
2019-08-21 02:17:19,854 | INFO  | DNAudit | user=null | ip=null | op=WRITE_CHUNK {blockData=conID: 3 locID: 102652565244936687 bcsId: 2158} | ret=SUCCESS |  
2019-08-21 02:17:19,859 | INFO  | DNAudit | user=null | ip=null | op=WRITE_CHUNK {blockData=conID: 3 locID: 102652565244936687 bcsId: 2152} | ret=SUCCESS |  
2019-08-21 02:17:19,859 | INFO  | DNAudit | user=null | ip=null | op=WRITE_CHUNK {blockData=conID: 3 locID: 102652565244936687 bcsId: 2152} | ret=SUCCESS |  
2019-08-21 02:17:19,860 | INFO  | DNAudit | user=null | ip=null | op=PUT_BLOCK {blockData=[blockId=conID: 3 locID: 102652565244936687 bcsId: 0,size=3145728]} | ret=SUCCESS |  
2019-08-21 02:17:19,860 | INFO  | DNAudit | user=null | ip=null | op=WRITE_CHUNK {blockData=conID: 3 locID: 102652565244936687 bcsId: 2158} | ret=SUCCESS |  
2019-08-21 02:17:19,860 | INFO  | DNAudit | user=null | ip=null | op=PUT_BLOCK {blockData=[blockId=conID: 3 locID: 102652565244936687 bcsId: 0,size=3145728]} | ret=SUCCESS |  
2019-08-21 02:17:19,861 | INFO  | DNAudit | user=null | ip=null | op=PUT_BLOCK {blockData=[blockId=conID: 3 locID: 102652565244936687 bcsId: 0,size=4194304]} | ret=SUCCESS |  
2019-08-21 02:17:19,861 [grpc-default-executor-1] INFO  client.GrpcClientProtocolClient (GrpcClientProtocolClient.java:onNext(255)) - client-54CC064C3FCE->8224e767-71c1-41fc-a01a-d172d48fd9d8: receive RaftClientReply:client-54CC064C3FCE->8224e767-71c1-41fc-a01a-d172d48fd9d8@group-F6B37CC92441, cid=1523, SUCCESS, logIndex=2161, commits[8224e767-71c1-41fc-a01a-d172d48fd9d8:c2162, 6eae0c21-01aa-4169-956f-5952b26ea7ba:c2158, 8d7dcba1-3b82-4d94-a832-514ef5c79cf8:c2157]
2019-08-21 02:17:19,861 [grpc-default-executor-1] INFO  client.GrpcClientProtocolClient (GrpcClientProtocolClient.java:onNext(255)) - client-54CC064C3FCE->8224e767-71c1-41fc-a01a-d172d48fd9d8: receive RaftClientReply:client-54CC064C3FCE->8224e767-71c1-41fc-a01a-d172d48fd9d8@group-F6B37CC92441, cid=1524, SUCCESS, logIndex=2162, commits[8224e767-71c1-41fc-a01a-d172d48fd9d8:c2162, 6eae0c21-01aa-4169-956f-5952b26ea7ba:c2158, 8d7dcba1-3b82-4d94-a832-514ef5c79cf8:c2158]
2019-08-21 02:17:19,862 | INFO  | DNAudit | user=null | ip=null | op=WRITE_CHUNK {blockData=conID: 3 locID: 102652565244936687 bcsId: 2158} | ret=SUCCESS |  
2019-08-21 02:17:19,863 | INFO  | DNAudit | user=null | ip=null | op=WRITE_CHUNK {blockData=conID: 3 locID: 102652565244936687 bcsId: 2158} | ret=SUCCESS |  
2019-08-21 02:17:19,864 | INFO  | DNAudit | user=null | ip=null | op=PUT_BLOCK {blockData=[blockId=conID: 3 locID: 102652565244936687 bcsId: 0,size=4194304]} | ret=SUCCESS |  
2019-08-21 02:17:19,875 | INFO  | DNAudit | user=null | ip=null | op=PUT_BLOCK {blockData=[blockId=conID: 3 locID: 102652565244936687 bcsId: 0,size=4194304]} | ret=SUCCESS |  
2019-08-21 02:17:19,875 [grpc-default-executor-1] INFO  client.GrpcClientProtocolClient (GrpcClientProtocolClient.java:onNext(255)) - client-54CC064C3FCE->8224e767-71c1-41fc-a01a-d172d48fd9d8: receive RaftClientReply:client-54CC064C3FCE->8224e767-71c1-41fc-a01a-d172d48fd9d8@group-F6B37CC92441, cid=1525, SUCCESS, logIndex=0, commits[8224e767-71c1-41fc-a01a-d172d48fd9d8:c2164, 6eae0c21-01aa-4169-956f-5952b26ea7ba:c2162, 8d7dcba1-3b82-4d94-a832-514ef5c79cf8:c2162]
2019-08-21 02:17:19,880 | INFO  | SCMAudit | user=jenkins1000 | ip=192.168.34.10 | op=ALLOCATE_BLOCK {owner=b6f66289-f2a0-4058-b052-0a85e40df67b, size=4194304, type=RATIS, factor=THREE} | ret=SUCCESS |  
2019-08-21 02:17:19,885 | INFO  | OMAudit | user=jenkins1000 | ip=127.0.0.1 | op=ALLOCATE_BLOCK {volume=vol-0-90982, bucket=bucket-0-24269, key=key-0-81262, dataSize=0, replicationType=null, replicationFactor=null, keyLocationInfo=null, clientID=102652564580991378} | ret=SUCCESS |  
2019-08-21 02:17:19,891 | INFO  | DNAudit | user=null | ip=null | op=WRITE_CHUNK {blockData=conID: 1 locID: 102652565250376176 bcsId: 0} | ret=SUCCESS |  
2019-08-21 02:17:19,894 | INFO  | DNAudit | user=null | ip=null | op=WRITE_CHUNK {blockData=conID: 1 locID: 102652565250376176 bcsId: 0} | ret=SUCCESS |  
2019-08-21 02:17:19,894 | INFO  | DNAudit | user=null | ip=null | op=WRITE_CHUNK {blockData=conID: 1 locID: 102652565250376176 bcsId: 0} | ret=SUCCESS |  
2019-08-21 02:17:19,895 | INFO  | DNAudit | user=null | ip=null | op=WRITE_CHUNK {blockData=conID: 1 locID: 102652565250376176 bcsId: 0} | ret=SUCCESS |  
2019-08-21 02:17:19,897 | INFO  | DNAudit | user=null | ip=null | op=WRITE_CHUNK {blockData=conID: 1 locID: 102652565250376176 bcsId: 0} | ret=SUCCESS |  
2019-08-21 02:17:19,897 | INFO  | DNAudit | user=null | ip=null | op=WRITE_CHUNK {blockData=conID: 1 locID: 102652565250376176 bcsId: 0} | ret=SUCCESS |  
2019-08-21 02:17:19,904 | INFO  | DNAudit | user=null | ip=null | op=WRITE_CHUNK {blockData=conID: 1 locID: 102652565250376176 bcsId: 0} | ret=SUCCESS |  
2019-08-21 02:17:19,904 | INFO  | DNAudit | user=null | ip=null | op=PUT_BLOCK {blockData=[blockId=conID: 1 locID: 102652565250376176 bcsId: 0,size=1048576]} | ret=SUCCESS |  
2019-08-21 02:17:19,905 [grpc-default-executor-2] INFO  client.GrpcClientProtocolClient (GrpcClientProtocolClient.java:onNext(255)) - client-54CC064C3FCE->8224e767-71c1-41fc-a01a-d172d48fd9d8: receive RaftClientReply:client-54CC064C3FCE->8224e767-71c1-41fc-a01a-d172d48fd9d8@group-F6B37CC92441, cid=1526, SUCCESS, logIndex=2165, commits[8224e767-71c1-41fc-a01a-d172d48fd9d8:c2166, 6eae0c21-01aa-4169-956f-5952b26ea7ba:c2164, 8d7dcba1-3b82-4d94-a832-514ef5c79cf8:c2164]
2019-08-21 02:17:19,905 | INFO  | DNAudit | user=null | ip=null | op=WRITE_CHUNK {blockData=conID: 1 locID: 102652565250376176 bcsId: 0} | ret=SUCCESS |  
2019-08-21 02:17:19,905 [grpc-default-executor-2] INFO  client.GrpcClientProtocolClient (GrpcClientProtocolClient.java:onNext(255)) - client-54CC064C3FCE->8224e767-71c1-41fc-a01a-d172d48fd9d8: receive RaftClientReply:client-54CC064C3FCE->8224e767-71c1-41fc-a01a-d172d48fd9d8@group-F6B37CC92441, cid=1527, SUCCESS, logIndex=2166, commits[8224e767-71c1-41fc-a01a-d172d48fd9d8:c2167, 6eae0c21-01aa-4169-956f-5952b26ea7ba:c2164, 8d7dcba1-3b82-4d94-a832-514ef5c79cf8:c2164]
2019-08-21 02:17:19,905 | INFO  | DNAudit | user=null | ip=null | op=PUT_BLOCK {blockData=[blockId=conID: 1 locID: 102652565250376176 bcsId: 0,size=2097152]} | ret=SUCCESS |  
2019-08-21 02:17:19,906 [grpc-default-executor-2] INFO  client.GrpcClientProtocolClient (GrpcClientProtocolClient.java:onNext(255)) - client-54CC064C3FCE->8224e767-71c1-41fc-a01a-d172d48fd9d8: receive RaftClientReply:client-54CC064C3FCE->8224e767-71c1-41fc-a01a-d172d48fd9d8@group-F6B37CC92441, cid=1528, SUCCESS, logIndex=2167, commits[8224e767-71c1-41fc-a01a-d172d48fd9d8:c2168, 6eae0c21-01aa-4169-956f-5952b26ea7ba:c2164, 8d7dcba1-3b82-4d94-a832-514ef5c79cf8:c2164]
2019-08-21 02:17:19,906 [grpc-default-executor-2] INFO  client.GrpcClientProtocolClient (GrpcClientProtocolClient.java:onNext(255)) - client-54CC064C3FCE->8224e767-71c1-41fc-a01a-d172d48fd9d8: receive RaftClientReply:client-54CC064C3FCE->8224e767-71c1-41fc-a01a-d172d48fd9d8@group-F6B37CC92441, cid=1529, SUCCESS, logIndex=2168, commits[8224e767-71c1-41fc-a01a-d172d48fd9d8:c2168, 6eae0c21-01aa-4169-956f-5952b26ea7ba:c2164, 8d7dcba1-3b82-4d94-a832-514ef5c79cf8:c2164]
2019-08-21 02:17:19,918 | INFO  | DNAudit | user=null | ip=null | op=WRITE_CHUNK {blockData=conID: 1 locID: 102652565250376176 bcsId: 0} | ret=SUCCESS |  
2019-08-21 02:17:19,918 | INFO  | DNAudit | user=null | ip=null | op=PUT_BLOCK {blockData=[blockId=conID: 1 locID: 102652565250376176 bcsId: 0,size=1048576]} | ret=SUCCESS |  
2019-08-21 02:17:19,920 | INFO  | DNAudit | user=null | ip=null | op=WRITE_CHUNK {blockData=conID: 1 locID: 102652565250376176 bcsId: 0} | ret=SUCCESS |  
2019-08-21 02:17:19,920 | INFO  | DNAudit | user=null | ip=null | op=PUT_BLOCK {blockData=[blockId=conID: 1 locID: 102652565250376176 bcsId: 0,size=1048576]} | ret=SUCCESS |  
2019-08-21 02:17:19,920 | INFO  | DNAudit | user=null | ip=null | op=WRITE_CHUNK {blockData=conID: 1 locID: 102652565250376176 bcsId: 0} | ret=SUCCESS |  
2019-08-21 02:17:19,921 | INFO  | DNAudit | user=null | ip=null | op=PUT_BLOCK {blockData=[blockId=conID: 1 locID: 102652565250376176 bcsId: 0,size=2097152]} | ret=SUCCESS |  
2019-08-21 02:17:19,921 [grpc-default-executor-2] INFO  client.GrpcClientProtocolClient (GrpcClientProtocolClient.java:onNext(255)) - client-54CC064C3FCE->8224e767-71c1-41fc-a01a-d172d48fd9d8: receive RaftClientReply:client-54CC064C3FCE->8224e767-71c1-41fc-a01a-d172d48fd9d8@group-F6B37CC92441, cid=1530, SUCCESS, logIndex=0, commits[8224e767-71c1-41fc-a01a-d172d48fd9d8:c2170, 6eae0c21-01aa-4169-956f-5952b26ea7ba:c2166, 8d7dcba1-3b82-4d94-a832-514ef5c79cf8:c2166]
2019-08-21 02:17:20,031 | INFO  | DNAudit | user=null | ip=null | op=WRITE_CHUNK {blockData=conID: 1 locID: 102652565250376176 bcsId: 0} | ret=SUCCESS |  
2019-08-21 02:17:20,031 | INFO  | DNAudit | user=null | ip=null | op=PUT_BLOCK {blockData=[blockId=conID: 1 locID: 102652565250376176 bcsId: 0,size=2097152]} | ret=SUCCESS |  
2019-08-21 02:17:20,033 | INFO  | DNAudit | user=null | ip=null | op=WRITE_CHUNK {blockData=conID: 1 locID: 102652565250376176 bcsId: 2168} | ret=SUCCESS |  
2019-08-21 02:17:20,036 | INFO  | DNAudit | user=null | ip=null | op=WRITE_CHUNK {blockData=conID: 1 locID: 102652565250376176 bcsId: 2168} | ret=SUCCESS |  
2019-08-21 02:17:20,036 | INFO  | DNAudit | user=null | ip=null | op=WRITE_CHUNK {blockData=conID: 1 locID: 102652565250376176 bcsId: 2168} | ret=SUCCESS |  
2019-08-21 02:17:20,048 | INFO  | DNAudit | user=null | ip=null | op=WRITE_CHUNK {blockData=conID: 1 locID: 102652565250376176 bcsId: 2168} | ret=SUCCESS |  
2019-08-21 02:17:20,048 | INFO  | DNAudit | user=null | ip=null | op=PUT_BLOCK {blockData=[blockId=conID: 1 locID: 102652565250376176 bcsId: 0,size=3145728]} | ret=SUCCESS |  
2019-08-21 02:17:20,048 [grpc-default-executor-2] INFO  client.GrpcClientProtocolClient (GrpcClientProtocolClient.java:onNext(255)) - client-54CC064C3FCE->8224e767-71c1-41fc-a01a-d172d48fd9d8: receive RaftClientReply:client-54CC064C3FCE->8224e767-71c1-41fc-a01a-d172d48fd9d8@group-F6B37CC92441, cid=1531, SUCCESS, logIndex=2173, commits[8224e767-71c1-41fc-a01a-d172d48fd9d8:c2174, 6eae0c21-01aa-4169-956f-5952b26ea7ba:c2172, 8d7dcba1-3b82-4d94-a832-514ef5c79cf8:c2172]
2019-08-21 02:17:20,049 [grpc-default-executor-2] INFO  client.GrpcClientProtocolClient (GrpcClientProtocolClient.java:onNext(255)) - client-54CC064C3FCE->8224e767-71c1-41fc-a01a-d172d48fd9d8: receive RaftClientReply:client-54CC064C3FCE->8224e767-71c1-41fc-a01a-d172d48fd9d8@group-F6B37CC92441, cid=1532, SUCCESS, logIndex=2174, commits[8224e767-71c1-41fc-a01a-d172d48fd9d8:c2174, 6eae0c21-01aa-4169-956f-5952b26ea7ba:c2172, 8d7dcba1-3b82-4d94-a832-514ef5c79cf8:c2172]
2019-08-21 02:17:20,057 | INFO  | DNAudit | user=null | ip=null | op=WRITE_CHUNK {blockData=conID: 1 locID: 102652565250376176 bcsId: 2174} | ret=SUCCESS |  
2019-08-21 02:17:20,059 | INFO  | DNAudit | user=null | ip=null | op=WRITE_CHUNK {blockData=conID: 1 locID: 102652565250376176 bcsId: 2174} | ret=SUCCESS |  
2019-08-21 02:17:20,060 | INFO  | DNAudit | user=null | ip=null | op=WRITE_CHUNK {blockData=conID: 1 locID: 102652565250376176 bcsId: 2174} | ret=SUCCESS |  
2019-08-21 02:17:20,061 | INFO  | DNAudit | user=null | ip=null | op=WRITE_CHUNK {blockData=conID: 1 locID: 102652565250376176 bcsId: 2168} | ret=SUCCESS |  
2019-08-21 02:17:20,061 | INFO  | DNAudit | user=null | ip=null | op=PUT_BLOCK {blockData=[blockId=conID: 1 locID: 102652565250376176 bcsId: 0,size=3145728]} | ret=SUCCESS |  
2019-08-21 02:17:20,065 | INFO  | DNAudit | user=null | ip=null | op=WRITE_CHUNK {blockData=conID: 1 locID: 102652565250376176 bcsId: 2168} | ret=SUCCESS |  
2019-08-21 02:17:20,066 | INFO  | DNAudit | user=null | ip=null | op=PUT_BLOCK {blockData=[blockId=conID: 1 locID: 102652565250376176 bcsId: 0,size=3145728]} | ret=SUCCESS |  
2019-08-21 02:17:20,075 | INFO  | DNAudit | user=null | ip=null | op=WRITE_CHUNK {blockData=conID: 1 locID: 102652565250376176 bcsId: 2174} | ret=SUCCESS |  
2019-08-21 02:17:20,075 | INFO  | DNAudit | user=null | ip=null | op=PUT_BLOCK {blockData=[blockId=conID: 1 locID: 102652565250376176 bcsId: 0,size=4194304]} | ret=SUCCESS |  
2019-08-21 02:17:20,076 [grpc-default-executor-0] INFO  client.GrpcClientProtocolClient (GrpcClientProtocolClient.java:onNext(255)) - client-54CC064C3FCE->8224e767-71c1-41fc-a01a-d172d48fd9d8: receive RaftClientReply:client-54CC064C3FCE->8224e767-71c1-41fc-a01a-d172d48fd9d8@group-F6B37CC92441, cid=1533, SUCCESS, logIndex=2177, commits[8224e767-71c1-41fc-a01a-d172d48fd9d8:c2178, 6eae0c21-01aa-4169-956f-5952b26ea7ba:c2174, 8d7dcba1-3b82-4d94-a832-514ef5c79cf8:c2174]
2019-08-21 02:17:20,076 [grpc-default-executor-0] INFO  client.GrpcClientProtocolClient (GrpcClientProtocolClient.java:onNext(255)) - client-54CC064C3FCE->8224e767-71c1-41fc-a01a-d172d48fd9d8: receive RaftClientReply:client-54CC064C3FCE->8224e767-71c1-41fc-a01a-d172d48fd9d8@group-F6B37CC92441, cid=1534, SUCCESS, logIndex=2178, commits[8224e767-71c1-41fc-a01a-d172d48fd9d8:c2178, 6eae0c21-01aa-4169-956f-5952b26ea7ba:c2174, 8d7dcba1-3b82-4d94-a832-514ef5c79cf8:c2174]
2019-08-21 02:17:20,096 | INFO  | DNAudit | user=null | ip=null | op=WRITE_CHUNK {blockData=conID: 1 locID: 102652565250376176 bcsId: 2174} | ret=SUCCESS |  
2019-08-21 02:17:20,096 | INFO  | DNAudit | user=null | ip=null | op=WRITE_CHUNK {blockData=conID: 1 locID: 102652565250376176 bcsId: 2174} | ret=SUCCESS |  
2019-08-21 02:17:20,096 | INFO  | DNAudit | user=null | ip=null | op=PUT_BLOCK {blockData=[blockId=conID: 1 locID: 102652565250376176 bcsId: 0,size=4194304]} | ret=SUCCESS |  
2019-08-21 02:17:20,097 | INFO  | DNAudit | user=null | ip=null | op=PUT_BLOCK {blockData=[blockId=conID: 1 locID: 102652565250376176 bcsId: 0,size=4194304]} | ret=SUCCESS |  
2019-08-21 02:17:20,097 [grpc-default-executor-0] INFO  client.GrpcClientProtocolClient (GrpcClientProtocolClient.java:onNext(255)) - client-54CC064C3FCE->8224e767-71c1-41fc-a01a-d172d48fd9d8: receive RaftClientReply:client-54CC064C3FCE->8224e767-71c1-41fc-a01a-d172d48fd9d8@group-F6B37CC92441, cid=1535, SUCCESS, logIndex=0, commits[8224e767-71c1-41fc-a01a-d172d48fd9d8:c2179, 6eae0c21-01aa-4169-956f-5952b26ea7ba:c2178, 8d7dcba1-3b82-4d94-a832-514ef5c79cf8:c2178]
2019-08-21 02:17:20,103 | INFO  | SCMAudit | user=jenkins1000 | ip=192.168.34.10 | op=ALLOCATE_BLOCK {owner=b6f66289-f2a0-4058-b052-0a85e40df67b, size=4194304, type=RATIS, factor=THREE} | ret=SUCCESS |  
2019-08-21 02:17:20,104 | INFO  | SCMAudit | user=jenkins1000 | ip=192.168.34.10 | op=SEND_HEARTBEAT {datanodeUUID=8d7dcba1-3b82-4d94-a832-514ef5c79cf8, command=[]} | ret=SUCCESS |  
2019-08-21 02:17:20,104 | INFO  | SCMAudit | user=jenkins1000 | ip=192.168.34.10 | op=SEND_HEARTBEAT {datanodeUUID=6eae0c21-01aa-4169-956f-5952b26ea7ba, command=[]} | ret=SUCCESS |  
2019-08-21 02:17:20,106 | INFO  | SCMAudit | user=jenkins1000 | ip=192.168.34.10 | op=SEND_HEARTBEAT {datanodeUUID=8224e767-71c1-41fc-a01a-d172d48fd9d8, command=[]} | ret=SUCCESS |  
2019-08-21 02:17:20,107 | INFO  | OMAudit | user=jenkins1000 | ip=127.0.0.1 | op=ALLOCATE_BLOCK {volume=vol-0-90982, bucket=bucket-0-24269, key=key-0-81262, dataSize=0, replicationType=null, replicationFactor=null, keyLocationInfo=null, clientID=102652564580991378} | ret=SUCCESS |  
2019-08-21 02:17:20,116 | INFO  | DNAudit | user=null | ip=null | op=WRITE_CHUNK {blockData=conID: 2 locID: 102652565264990705 bcsId: 0} | ret=SUCCESS |  
2019-08-21 02:17:20,120 | INFO  | DNAudit | user=null | ip=null | op=WRITE_CHUNK {blockData=conID: 2 locID: 102652565264990705 bcsId: 0} | ret=SUCCESS |  
2019-08-21 02:17:20,120 | INFO  | DNAudit | user=null | ip=null | op=WRITE_CHUNK {blockData=conID: 2 locID: 102652565264990705 bcsId: 0} | ret=SUCCESS |  
2019-08-21 02:17:20,121 | INFO  | DNAudit | user=null | ip=null | op=WRITE_CHUNK {blockData=conID: 2 locID: 102652565264990705 bcsId: 0} | ret=SUCCESS |  
2019-08-21 02:17:20,122 | INFO  | DNAudit | user=null | ip=null | op=WRITE_CHUNK {blockData=conID: 2 locID: 102652565264990705 bcsId: 0} | ret=SUCCESS |  
2019-08-21 02:17:20,123 | INFO  | DNAudit | user=null | ip=null | op=WRITE_CHUNK {blockData=conID: 2 locID: 102652565264990705 bcsId: 0} | ret=SUCCESS |  
2019-08-21 02:17:20,129 | INFO  | DNAudit | user=null | ip=null | op=WRITE_CHUNK {blockData=conID: 2 locID: 102652565264990705 bcsId: 0} | ret=SUCCESS |  
2019-08-21 02:17:20,129 | INFO  | DNAudit | user=null | ip=null | op=PUT_BLOCK {blockData=[blockId=conID: 2 locID: 102652565264990705 bcsId: 0,size=1048576]} | ret=SUCCESS |  
2019-08-21 02:17:20,130 [grpc-default-executor-0] INFO  client.GrpcClientProtocolClient (GrpcClientProtocolClient.java:onNext(255)) - client-54CC064C3FCE->8224e767-71c1-41fc-a01a-d172d48fd9d8: receive RaftClientReply:client-54CC064C3FCE->8224e767-71c1-41fc-a01a-d172d48fd9d8@group-F6B37CC92441, cid=1536, SUCCESS, logIndex=2180, commits[8224e767-71c1-41fc-a01a-d172d48fd9d8:c2181, 6eae0c21-01aa-4169-956f-5952b26ea7ba:c2179, 8d7dcba1-3b82-4d94-a832-514ef5c79cf8:c2179]
2019-08-21 02:17:20,130 | INFO  | DNAudit | user=null | ip=null | op=WRITE_CHUNK {blockData=conID: 2 locID: 102652565264990705 bcsId: 0} | ret=SUCCESS |  
2019-08-21 02:17:20,130 | INFO  | DNAudit | user=null | ip=null | op=PUT_BLOCK {blockData=[blockId=conID: 2 locID: 102652565264990705 bcsId: 0,size=2097152]} | ret=SUCCESS |  
2019-08-21 02:17:20,130 [grpc-default-executor-0] INFO  client.GrpcClientProtocolClient (GrpcClientProtocolClient.java:onNext(255)) - client-54CC064C3FCE->8224e767-71c1-41fc-a01a-d172d48fd9d8: receive RaftClientReply:client-54CC064C3FCE->8224e767-71c1-41fc-a01a-d172d48fd9d8@group-F6B37CC92441, cid=1537, SUCCESS, logIndex=2181, commits[8224e767-71c1-41fc-a01a-d172d48fd9d8:c2183, 6eae0c21-01aa-4169-956f-5952b26ea7ba:c2179, 8d7dcba1-3b82-4d94-a832-514ef5c79cf8:c2179]
2019-08-21 02:17:20,131 [grpc-default-executor-0] INFO  client.GrpcClientProtocolClient (GrpcClientProtocolClient.java:onNext(255)) - client-54CC064C3FCE->8224e767-71c1-41fc-a01a-d172d48fd9d8: receive RaftClientReply:client-54CC064C3FCE->8224e767-71c1-41fc-a01a-d172d48fd9d8@group-F6B37CC92441, cid=1538, SUCCESS, logIndex=2182, commits[8224e767-71c1-41fc-a01a-d172d48fd9d8:c2183, 6eae0c21-01aa-4169-956f-5952b26ea7ba:c2179, 8d7dcba1-3b82-4d94-a832-514ef5c79cf8:c2179]
2019-08-21 02:17:20,131 [grpc-default-executor-0] INFO  client.GrpcClientProtocolClient (GrpcClientProtocolClient.java:onNext(255)) - client-54CC064C3FCE->8224e767-71c1-41fc-a01a-d172d48fd9d8: receive RaftClientReply:client-54CC064C3FCE->8224e767-71c1-41fc-a01a-d172d48fd9d8@group-F6B37CC92441, cid=1539, SUCCESS, logIndex=2183, commits[8224e767-71c1-41fc-a01a-d172d48fd9d8:c2183, 6eae0c21-01aa-4169-956f-5952b26ea7ba:c2179, 8d7dcba1-3b82-4d94-a832-514ef5c79cf8:c2179]
2019-08-21 02:17:20,141 | INFO  | DNAudit | user=null | ip=null | op=WRITE_CHUNK {blockData=conID: 2 locID: 102652565264990705 bcsId: 0} | ret=SUCCESS |  
2019-08-21 02:17:20,142 | INFO  | DNAudit | user=null | ip=null | op=PUT_BLOCK {blockData=[blockId=conID: 2 locID: 102652565264990705 bcsId: 0,size=1048576]} | ret=SUCCESS |  
2019-08-21 02:17:20,142 | INFO  | DNAudit | user=null | ip=null | op=WRITE_CHUNK {blockData=conID: 2 locID: 102652565264990705 bcsId: 0} | ret=SUCCESS |  
2019-08-21 02:17:20,142 | INFO  | DNAudit | user=null | ip=null | op=PUT_BLOCK {blockData=[blockId=conID: 2 locID: 102652565264990705 bcsId: 0,size=1048576]} | ret=SUCCESS |  
2019-08-21 02:17:20,143 | INFO  | DNAudit | user=null | ip=null | op=WRITE_CHUNK {blockData=conID: 2 locID: 102652565264990705 bcsId: 0} | ret=SUCCESS |  
2019-08-21 02:17:20,143 [grpc-default-executor-0] INFO  client.GrpcClientProtocolClient (GrpcClientProtocolClient.java:onNext(255)) - client-54CC064C3FCE->8224e767-71c1-41fc-a01a-d172d48fd9d8: receive RaftClientReply:client-54CC064C3FCE->8224e767-71c1-41fc-a01a-d172d48fd9d8@group-F6B37CC92441, cid=1540, SUCCESS, logIndex=0, commits[8224e767-71c1-41fc-a01a-d172d48fd9d8:c2184, 6eae0c21-01aa-4169-956f-5952b26ea7ba:c2181, 8d7dcba1-3b82-4d94-a832-514ef5c79cf8:c2181]
2019-08-21 02:17:20,143 | INFO  | DNAudit | user=null | ip=null | op=WRITE_CHUNK {blockData=conID: 2 locID: 102652565264990705 bcsId: 0} | ret=SUCCESS |  
2019-08-21 02:17:20,143 | INFO  | DNAudit | user=null | ip=null | op=PUT_BLOCK {blockData=[blockId=conID: 2 locID: 102652565264990705 bcsId: 0,size=2097152]} | ret=SUCCESS |  
2019-08-21 02:17:20,143 | INFO  | DNAudit | user=null | ip=null | op=PUT_BLOCK {blockData=[blockId=conID: 2 locID: 102652565264990705 bcsId: 0,size=2097152]} | ret=SUCCESS |  
2019-08-21 02:17:20,149 | INFO  | DNAudit | user=null | ip=null | op=WRITE_CHUNK {blockData=conID: 2 locID: 102652565264990705 bcsId: 2183} | ret=SUCCESS |  
2019-08-21 02:17:20,151 | INFO  | DNAudit | user=null | ip=null | op=WRITE_CHUNK {blockData=conID: 2 locID: 102652565264990705 bcsId: 2183} | ret=SUCCESS |  
2019-08-21 02:17:20,152 | INFO  | DNAudit | user=null | ip=null | op=WRITE_CHUNK {blockData=conID: 2 locID: 102652565264990705 bcsId: 2183} | ret=SUCCESS |  
2019-08-21 02:17:20,162 | INFO  | DNAudit | user=null | ip=null | op=WRITE_CHUNK {blockData=conID: 2 locID: 102652565264990705 bcsId: 2183} | ret=SUCCESS |  
2019-08-21 02:17:20,162 | INFO  | DNAudit | user=null | ip=null | op=PUT_BLOCK {blockData=[blockId=conID: 2 locID: 102652565264990705 bcsId: 0,size=3145728]} | ret=SUCCESS |  
2019-08-21 02:17:20,163 [grpc-default-executor-0] INFO  client.GrpcClientProtocolClient (GrpcClientProtocolClient.java:onNext(255)) - client-54CC064C3FCE->8224e767-71c1-41fc-a01a-d172d48fd9d8: receive RaftClientReply:client-54CC064C3FCE->8224e767-71c1-41fc-a01a-d172d48fd9d8@group-F6B37CC92441, cid=1541, SUCCESS, logIndex=2188, commits[8224e767-71c1-41fc-a01a-d172d48fd9d8:c2189, 6eae0c21-01aa-4169-956f-5952b26ea7ba:c2187, 8d7dcba1-3b82-4d94-a832-514ef5c79cf8:c2187]
2019-08-21 02:17:20,163 [grpc-default-executor-0] INFO  client.GrpcClientProtocolClient (GrpcClientProtocolClient.java:onNext(255)) - client-54CC064C3FCE->8224e767-71c1-41fc-a01a-d172d48fd9d8: receive RaftClientReply:client-54CC064C3FCE->8224e767-71c1-41fc-a01a-d172d48fd9d8@group-F6B37CC92441, cid=1542, SUCCESS, logIndex=2189, commits[8224e767-71c1-41fc-a01a-d172d48fd9d8:c2189, 6eae0c21-01aa-4169-956f-5952b26ea7ba:c2187, 8d7dcba1-3b82-4d94-a832-514ef5c79cf8:c2187]
2019-08-21 02:17:20,169 | INFO  | DNAudit | user=null | ip=null | op=WRITE_CHUNK {blockData=conID: 2 locID: 102652565264990705 bcsId: 2189} | ret=SUCCESS |  
2019-08-21 02:17:20,172 | INFO  | DNAudit | user=null | ip=null | op=WRITE_CHUNK {blockData=conID: 2 locID: 102652565264990705 bcsId: 2189} | ret=SUCCESS |  
2019-08-21 02:17:20,172 | INFO  | DNAudit | user=null | ip=null | op=WRITE_CHUNK {blockData=conID: 2 locID: 102652565264990705 bcsId: 2189} | ret=SUCCESS |  
2019-08-21 02:17:20,175 | INFO  | DNAudit | user=null | ip=null | op=WRITE_CHUNK {blockData=conID: 2 locID: 102652565264990705 bcsId: 2183} | ret=SUCCESS |  
2019-08-21 02:17:20,175 | INFO  | DNAudit | user=null | ip=null | op=WRITE_CHUNK {blockData=conID: 2 locID: 102652565264990705 bcsId: 2183} | ret=SUCCESS |  
2019-08-21 02:17:20,175 | INFO  | DNAudit | user=null | ip=null | op=PUT_BLOCK {blockData=[blockId=conID: 2 locID: 102652565264990705 bcsId: 0,size=3145728]} | ret=SUCCESS |  
2019-08-21 02:17:20,179 | INFO  | DNAudit | user=null | ip=null | op=PUT_BLOCK {blockData=[blockId=conID: 2 locID: 102652565264990705 bcsId: 0,size=3145728]} | ret=SUCCESS |  
2019-08-21 02:17:20,187 | INFO  | DNAudit | user=null | ip=null | op=WRITE_CHUNK {blockData=conID: 2 locID: 102652565264990705 bcsId: 2189} | ret=SUCCESS |  
2019-08-21 02:17:20,188 | INFO  | DNAudit | user=null | ip=null | op=PUT_BLOCK {blockData=[blockId=conID: 2 locID: 102652565264990705 bcsId: 0,size=4194304]} | ret=SUCCESS |  
2019-08-21 02:17:20,188 [grpc-default-executor-2] INFO  client.GrpcClientProtocolClient (GrpcClientProtocolClient.java:onNext(255)) - client-54CC064C3FCE->8224e767-71c1-41fc-a01a-d172d48fd9d8: receive RaftClientReply:client-54CC064C3FCE->8224e767-71c1-41fc-a01a-d172d48fd9d8@group-F6B37CC92441, cid=1543, SUCCESS, logIndex=2192, commits[8224e767-71c1-41fc-a01a-d172d48fd9d8:c2193, 6eae0c21-01aa-4169-956f-5952b26ea7ba:c2189, 8d7dcba1-3b82-4d94-a832-514ef5c79cf8:c2189]
2019-08-21 02:17:20,188 [grpc-default-executor-2] INFO  client.GrpcClientProtocolClient (GrpcClientProtocolClient.java:onNext(255)) - client-54CC064C3FCE->8224e767-71c1-41fc-a01a-d172d48fd9d8: receive RaftClientReply:client-54CC064C3FCE->8224e767-71c1-41fc-a01a-d172d48fd9d8@group-F6B37CC92441, cid=1544, SUCCESS, logIndex=2193, commits[8224e767-71c1-41fc-a01a-d172d48fd9d8:c2193, 6eae0c21-01aa-4169-956f-5952b26ea7ba:c2189, 8d7dcba1-3b82-4d94-a832-514ef5c79cf8:c2189]
2019-08-21 02:17:20,201 | INFO  | DNAudit | user=null | ip=null | op=WRITE_CHUNK {blockData=conID: 2 locID: 102652565264990705 bcsId: 2189} | ret=SUCCESS |  
2019-08-21 02:17:20,201 | INFO  | DNAudit | user=null | ip=null | op=WRITE_CHUNK {blockData=conID: 2 locID: 102652565264990705 bcsId: 2189} | ret=SUCCESS |  
2019-08-21 02:17:20,201 | INFO  | DNAudit | user=null | ip=null | op=PUT_BLOCK {blockData=[blockId=conID: 2 locID: 102652565264990705 bcsId: 0,size=4194304]} | ret=SUCCESS |  
2019-08-21 02:17:20,212 | INFO  | DNAudit | user=null | ip=null | op=PUT_BLOCK {blockData=[blockId=conID: 2 locID: 102652565264990705 bcsId: 0,size=4194304]} | ret=SUCCESS |  
2019-08-21 02:17:20,212 [grpc-default-executor-2] INFO  client.GrpcClientProtocolClient (GrpcClientProtocolClient.java:onNext(255)) - client-54CC064C3FCE->8224e767-71c1-41fc-a01a-d172d48fd9d8: receive RaftClientReply:client-54CC064C3FCE->8224e767-71c1-41fc-a01a-d172d48fd9d8@group-F6B37CC92441, cid=1545, SUCCESS, logIndex=0, commits[8224e767-71c1-41fc-a01a-d172d48fd9d8:c2195, 6eae0c21-01aa-4169-956f-5952b26ea7ba:c2193, 8d7dcba1-3b82-4d94-a832-514ef5c79cf8:c2193]
2019-08-21 02:17:20,218 | INFO  | SCMAudit | user=jenkins1000 | ip=192.168.34.10 | op=ALLOCATE_BLOCK {owner=b6f66289-f2a0-4058-b052-0a85e40df67b, size=4194304, type=RATIS, factor=THREE} | ret=SUCCESS |  
2019-08-21 02:17:20,223 | INFO  | OMAudit | user=jenkins1000 | ip=127.0.0.1 | op=ALLOCATE_BLOCK {volume=vol-0-90982, bucket=bucket-0-24269, key=key-0-81262, dataSize=0, replicationType=null, replicationFactor=null, keyLocationInfo=null, clientID=102652564580991378} | ret=SUCCESS |  
2019-08-21 02:17:20,230 | INFO  | DNAudit | user=null | ip=null | op=WRITE_CHUNK {blockData=conID: 3 locID: 102652565272527346 bcsId: 0} | ret=SUCCESS |  
2019-08-21 02:17:20,234 | INFO  | DNAudit | user=null | ip=null | op=WRITE_CHUNK {blockData=conID: 3 locID: 102652565272527346 bcsId: 0} | ret=SUCCESS |  
2019-08-21 02:17:20,234 | INFO  | DNAudit | user=null | ip=null | op=WRITE_CHUNK {blockData=conID: 3 locID: 102652565272527346 bcsId: 0} | ret=SUCCESS |  
2019-08-21 02:17:20,234 | INFO  | DNAudit | user=null | ip=null | op=WRITE_CHUNK {blockData=conID: 3 locID: 102652565272527346 bcsId: 0} | ret=SUCCESS |  
2019-08-21 02:17:20,235 | INFO  | DNAudit | user=null | ip=null | op=WRITE_CHUNK {blockData=conID: 3 locID: 102652565272527346 bcsId: 0} | ret=SUCCESS |  
2019-08-21 02:17:20,236 | INFO  | DNAudit | user=null | ip=null | op=WRITE_CHUNK {blockData=conID: 3 locID: 102652565272527346 bcsId: 0} | ret=SUCCESS |  
2019-08-21 02:17:20,243 | INFO  | DNAudit | user=null | ip=null | op=WRITE_CHUNK {blockData=conID: 3 locID: 102652565272527346 bcsId: 0} | ret=SUCCESS |  
2019-08-21 02:17:20,244 | INFO  | DNAudit | user=null | ip=null | op=PUT_BLOCK {blockData=[blockId=conID: 3 locID: 102652565272527346 bcsId: 0,size=1048576]} | ret=SUCCESS |  
2019-08-21 02:17:20,244 [grpc-default-executor-1] INFO  client.GrpcClientProtocolClient (GrpcClientProtocolClient.java:onNext(255)) - client-54CC064C3FCE->8224e767-71c1-41fc-a01a-d172d48fd9d8: receive RaftClientReply:client-54CC064C3FCE->8224e767-71c1-41fc-a01a-d172d48fd9d8@group-F6B37CC92441, cid=1546, SUCCESS, logIndex=2196, commits[8224e767-71c1-41fc-a01a-d172d48fd9d8:c2198, 6eae0c21-01aa-4169-956f-5952b26ea7ba:c2195, 8d7dcba1-3b82-4d94-a832-514ef5c79cf8:c2195]
2019-08-21 02:17:20,244 | INFO  | DNAudit | user=null | ip=null | op=WRITE_CHUNK {blockData=conID: 3 locID: 102652565272527346 bcsId: 0} | ret=SUCCESS |  
2019-08-21 02:17:20,245 | INFO  | DNAudit | user=null | ip=null | op=PUT_BLOCK {blockData=[blockId=conID: 3 locID: 102652565272527346 bcsId: 0,size=2097152]} | ret=SUCCESS |  
2019-08-21 02:17:20,245 | INFO  | DNAudit | user=null | ip=null | op=WRITE_CHUNK {blockData=conID: 3 locID: 102652565272527346 bcsId: 0} | ret=SUCCESS |  
2019-08-21 02:17:20,245 | INFO  | DNAudit | user=null | ip=null | op=WRITE_CHUNK {blockData=conID: 3 locID: 102652565272527346 bcsId: 0} | ret=SUCCESS |  
2019-08-21 02:17:20,245 [grpc-default-executor-1] INFO  client.GrpcClientProtocolClient (GrpcClientProtocolClient.java:onNext(255)) - client-54CC064C3FCE->8224e767-71c1-41fc-a01a-d172d48fd9d8: receive RaftClientReply:client-54CC064C3FCE->8224e767-71c1-41fc-a01a-d172d48fd9d8@group-F6B37CC92441, cid=1547, SUCCESS, logIndex=2197, commits[8224e767-71c1-41fc-a01a-d172d48fd9d8:c2199, 6eae0c21-01aa-4169-956f-5952b26ea7ba:c2195, 8d7dcba1-3b82-4d94-a832-514ef5c79cf8:c2195]
2019-08-21 02:17:20,246 | INFO  | DNAudit | user=null | ip=null | op=PUT_BLOCK {blockData=[blockId=conID: 3 locID: 102652565272527346 bcsId: 0,size=1048576]} | ret=SUCCESS |  
2019-08-21 02:17:20,246 | INFO  | DNAudit | user=null | ip=null | op=PUT_BLOCK {blockData=[blockId=conID: 3 locID: 102652565272527346 bcsId: 0,size=1048576]} | ret=SUCCESS |  
2019-08-21 02:17:20,246 [grpc-default-executor-1] INFO  client.GrpcClientProtocolClient (GrpcClientProtocolClient.java:onNext(255)) - client-54CC064C3FCE->8224e767-71c1-41fc-a01a-d172d48fd9d8: receive RaftClientReply:client-54CC064C3FCE->8224e767-71c1-41fc-a01a-d172d48fd9d8@group-F6B37CC92441, cid=1548, SUCCESS, logIndex=2198, commits[8224e767-71c1-41fc-a01a-d172d48fd9d8:c2199, 6eae0c21-01aa-4169-956f-5952b26ea7ba:c2195, 8d7dcba1-3b82-4d94-a832-514ef5c79cf8:c2195]
2019-08-21 02:17:20,246 | INFO  | DNAudit | user=null | ip=null | op=WRITE_CHUNK {blockData=conID: 3 locID: 102652565272527346 bcsId: 0} | ret=SUCCESS |  
2019-08-21 02:17:20,246 | INFO  | DNAudit | user=null | ip=null | op=PUT_BLOCK {blockData=[blockId=conID: 3 locID: 102652565272527346 bcsId: 0,size=2097152]} | ret=SUCCESS |  
2019-08-21 02:17:20,246 [grpc-default-executor-0] INFO  client.GrpcClientProtocolClient (GrpcClientProtocolClient.java:onNext(255)) - client-54CC064C3FCE->8224e767-71c1-41fc-a01a-d172d48fd9d8: receive RaftClientReply:client-54CC064C3FCE->8224e767-71c1-41fc-a01a-d172d48fd9d8@group-F6B37CC92441, cid=1549, SUCCESS, logIndex=2199, commits[8224e767-71c1-41fc-a01a-d172d48fd9d8:c2200, 6eae0c21-01aa-4169-956f-5952b26ea7ba:c2196, 8d7dcba1-3b82-4d94-a832-514ef5c79cf8:c2196]
2019-08-21 02:17:20,247 | INFO  | DNAudit | user=null | ip=null | op=WRITE_CHUNK {blockData=conID: 3 locID: 102652565272527346 bcsId: 0} | ret=SUCCESS |  
2019-08-21 02:17:20,247 | INFO  | DNAudit | user=null | ip=null | op=PUT_BLOCK {blockData=[blockId=conID: 3 locID: 102652565272527346 bcsId: 0,size=2097152]} | ret=SUCCESS |  
2019-08-21 02:17:20,247 [grpc-default-executor-1] INFO  client.GrpcClientProtocolClient (GrpcClientProtocolClient.java:onNext(255)) - client-54CC064C3FCE->8224e767-71c1-41fc-a01a-d172d48fd9d8: receive RaftClientReply:client-54CC064C3FCE->8224e767-71c1-41fc-a01a-d172d48fd9d8@group-F6B37CC92441, cid=1550, SUCCESS, logIndex=0, commits[8224e767-71c1-41fc-a01a-d172d48fd9d8:c2203, 6eae0c21-01aa-4169-956f-5952b26ea7ba:c2199, 8d7dcba1-3b82-4d94-a832-514ef5c79cf8:c2199]
2019-08-21 02:17:20,254 | INFO  | DNAudit | user=null | ip=null | op=WRITE_CHUNK {blockData=conID: 3 locID: 102652565272527346 bcsId: 2199} | ret=SUCCESS |  
2019-08-21 02:17:20,256 | INFO  | DNAudit | user=null | ip=null | op=WRITE_CHUNK {blockData=conID: 3 locID: 102652565272527346 bcsId: 2199} | ret=SUCCESS |  
2019-08-21 02:17:20,257 | INFO  | DNAudit | user=null | ip=null | op=WRITE_CHUNK {blockData=conID: 3 locID: 102652565272527346 bcsId: 2199} | ret=SUCCESS |  
2019-08-21 02:17:20,266 | INFO  | DNAudit | user=null | ip=null | op=WRITE_CHUNK {blockData=conID: 3 locID: 102652565272527346 bcsId: 2199} | ret=SUCCESS |  
2019-08-21 02:17:20,267 | INFO  | DNAudit | user=null | ip=null | op=PUT_BLOCK {blockData=[blockId=conID: 3 locID: 102652565272527346 bcsId: 0,size=3145728]} | ret=SUCCESS |  
2019-08-21 02:17:20,267 [grpc-default-executor-1] INFO  client.GrpcClientProtocolClient (GrpcClientProtocolClient.java:onNext(255)) - client-54CC064C3FCE->8224e767-71c1-41fc-a01a-d172d48fd9d8: receive RaftClientReply:client-54CC064C3FCE->8224e767-71c1-41fc-a01a-d172d48fd9d8@group-F6B37CC92441, cid=1551, SUCCESS, logIndex=2204, commits[8224e767-71c1-41fc-a01a-d172d48fd9d8:c2205, 6eae0c21-01aa-4169-956f-5952b26ea7ba:c2203, 8d7dcba1-3b82-4d94-a832-514ef5c79cf8:c2203]
2019-08-21 02:17:20,267 [grpc-default-executor-1] INFO  client.GrpcClientProtocolClient (GrpcClientProtocolClient.java:onNext(255)) - client-54CC064C3FCE->8224e767-71c1-41fc-a01a-d172d48fd9d8: receive RaftClientReply:client-54CC064C3FCE->8224e767-71c1-41fc-a01a-d172d48fd9d8@group-F6B37CC92441, cid=1552, SUCCESS, logIndex=2205, commits[8224e767-71c1-41fc-a01a-d172d48fd9d8:c2205, 6eae0c21-01aa-4169-956f-5952b26ea7ba:c2203, 8d7dcba1-3b82-4d94-a832-514ef5c79cf8:c2203]
2019-08-21 02:17:20,274 | INFO  | DNAudit | user=null | ip=null | op=WRITE_CHUNK {blockData=conID: 3 locID: 102652565272527346 bcsId: 2205} | ret=SUCCESS |  
2019-08-21 02:17:20,275 | INFO  | DNAudit | user=null | ip=null | op=WRITE_CHUNK {blockData=conID: 3 locID: 102652565272527346 bcsId: 2205} | ret=SUCCESS |  
2019-08-21 02:17:20,276 | INFO  | DNAudit | user=null | ip=null | op=WRITE_CHUNK {blockData=conID: 3 locID: 102652565272527346 bcsId: 2205} | ret=SUCCESS |  
2019-08-21 02:17:20,278 | INFO  | DNAudit | user=null | ip=null | op=WRITE_CHUNK {blockData=conID: 3 locID: 102652565272527346 bcsId: 2199} | ret=SUCCESS |  
2019-08-21 02:17:20,278 | INFO  | DNAudit | user=null | ip=null | op=WRITE_CHUNK {blockData=conID: 3 locID: 102652565272527346 bcsId: 2199} | ret=SUCCESS |  
2019-08-21 02:17:20,279 | INFO  | DNAudit | user=null | ip=null | op=PUT_BLOCK {blockData=[blockId=conID: 3 locID: 102652565272527346 bcsId: 0,size=3145728]} | ret=SUCCESS |  
2019-08-21 02:17:20,280 | INFO  | DNAudit | user=null | ip=null | op=PUT_BLOCK {blockData=[blockId=conID: 3 locID: 102652565272527346 bcsId: 0,size=3145728]} | ret=SUCCESS |  
2019-08-21 02:17:20,280 | INFO  | DNAudit | user=null | ip=null | op=WRITE_CHUNK {blockData=conID: 3 locID: 102652565272527346 bcsId: 2205} | ret=SUCCESS |  
2019-08-21 02:17:20,281 | INFO  | DNAudit | user=null | ip=null | op=PUT_BLOCK {blockData=[blockId=conID: 3 locID: 102652565272527346 bcsId: 0,size=4194304]} | ret=SUCCESS |  
2019-08-21 02:17:20,281 [grpc-default-executor-2] INFO  client.GrpcClientProtocolClient (GrpcClientProtocolClient.java:onNext(255)) - client-54CC064C3FCE->8224e767-71c1-41fc-a01a-d172d48fd9d8: receive RaftClientReply:client-54CC064C3FCE->8224e767-71c1-41fc-a01a-d172d48fd9d8@group-F6B37CC92441, cid=1553, SUCCESS, logIndex=2208, commits[8224e767-71c1-41fc-a01a-d172d48fd9d8:c2209, 6eae0c21-01aa-4169-956f-5952b26ea7ba:c2205, 8d7dcba1-3b82-4d94-a832-514ef5c79cf8:c2205]
2019-08-21 02:17:20,281 [grpc-default-executor-2] INFO  client.GrpcClientProtocolClient (GrpcClientProtocolClient.java:onNext(255)) - client-54CC064C3FCE->8224e767-71c1-41fc-a01a-d172d48fd9d8: receive RaftClientReply:client-54CC064C3FCE->8224e767-71c1-41fc-a01a-d172d48fd9d8@group-F6B37CC92441, cid=1554, SUCCESS, logIndex=2209, commits[8224e767-71c1-41fc-a01a-d172d48fd9d8:c2209, 6eae0c21-01aa-4169-956f-5952b26ea7ba:c2205, 8d7dcba1-3b82-4d94-a832-514ef5c79cf8:c2205]
2019-08-21 02:17:20,282 | INFO  | DNAudit | user=null | ip=null | op=WRITE_CHUNK {blockData=conID: 3 locID: 102652565272527346 bcsId: 2205} | ret=SUCCESS |  
2019-08-21 02:17:20,282 | INFO  | DNAudit | user=null | ip=null | op=WRITE_CHUNK {blockData=conID: 3 locID: 102652565272527346 bcsId: 2205} | ret=SUCCESS |  
2019-08-21 02:17:20,285 | INFO  | DNAudit | user=null | ip=null | op=PUT_BLOCK {blockData=[blockId=conID: 3 locID: 102652565272527346 bcsId: 0,size=4194304]} | ret=SUCCESS |  
2019-08-21 02:17:20,285 | INFO  | DNAudit | user=null | ip=null | op=PUT_BLOCK {blockData=[blockId=conID: 3 locID: 102652565272527346 bcsId: 0,size=4194304]} | ret=SUCCESS |  
2019-08-21 02:17:20,285 [grpc-default-executor-0] INFO  client.GrpcClientProtocolClient (GrpcClientProtocolClient.java:onNext(255)) - client-54CC064C3FCE->8224e767-71c1-41fc-a01a-d172d48fd9d8: receive RaftClientReply:client-54CC064C3FCE->8224e767-71c1-41fc-a01a-d172d48fd9d8@group-F6B37CC92441, cid=1555, SUCCESS, logIndex=0, commits[8224e767-71c1-41fc-a01a-d172d48fd9d8:c2211, 6eae0c21-01aa-4169-956f-5952b26ea7ba:c2209, 8d7dcba1-3b82-4d94-a832-514ef5c79cf8:c2209]
2019-08-21 02:17:20,291 | INFO  | SCMAudit | user=jenkins1000 | ip=192.168.34.10 | op=ALLOCATE_BLOCK {owner=b6f66289-f2a0-4058-b052-0a85e40df67b, size=4194304, type=RATIS, factor=THREE} | ret=SUCCESS |  
2019-08-21 02:17:20,294 | INFO  | OMAudit | user=jenkins1000 | ip=127.0.0.1 | op=ALLOCATE_BLOCK {volume=vol-0-90982, bucket=bucket-0-24269, key=key-0-81262, dataSize=0, replicationType=null, replicationFactor=null, keyLocationInfo=null, clientID=102652564580991378} | ret=SUCCESS |  
2019-08-21 02:17:20,302 | INFO  | DNAudit | user=null | ip=null | op=WRITE_CHUNK {blockData=conID: 1 locID: 102652565277245939 bcsId: 0} | ret=SUCCESS |  
2019-08-21 02:17:20,304 | INFO  | DNAudit | user=null | ip=null | op=WRITE_CHUNK {blockData=conID: 1 locID: 102652565277245939 bcsId: 0} | ret=SUCCESS |  
2019-08-21 02:17:20,304 | INFO  | DNAudit | user=null | ip=null | op=WRITE_CHUNK {blockData=conID: 1 locID: 102652565277245939 bcsId: 0} | ret=SUCCESS |  
2019-08-21 02:17:20,304 | INFO  | DNAudit | user=null | ip=null | op=WRITE_CHUNK {blockData=conID: 1 locID: 102652565277245939 bcsId: 0} | ret=SUCCESS |  
2019-08-21 02:17:20,305 | INFO  | DNAudit | user=null | ip=null | op=WRITE_CHUNK {blockData=conID: 1 locID: 102652565277245939 bcsId: 0} | ret=SUCCESS |  
2019-08-21 02:17:20,306 | INFO  | DNAudit | user=null | ip=null | op=WRITE_CHUNK {blockData=conID: 1 locID: 102652565277245939 bcsId: 0} | ret=SUCCESS |  
2019-08-21 02:17:20,307 | INFO  | DNAudit | user=null | ip=null | op=WRITE_CHUNK {blockData=conID: 1 locID: 102652565277245939 bcsId: 0} | ret=SUCCESS |  
2019-08-21 02:17:20,308 | INFO  | DNAudit | user=null | ip=null | op=PUT_BLOCK {blockData=[blockId=conID: 1 locID: 102652565277245939 bcsId: 0,size=1048576]} | ret=SUCCESS |  
2019-08-21 02:17:20,308 [grpc-default-executor-2] INFO  client.GrpcClientProtocolClient (GrpcClientProtocolClient.java:onNext(255)) - client-54CC064C3FCE->8224e767-71c1-41fc-a01a-d172d48fd9d8: receive RaftClientReply:client-54CC064C3FCE->8224e767-71c1-41fc-a01a-d172d48fd9d8@group-F6B37CC92441, cid=1556, SUCCESS, logIndex=2212, commits[8224e767-71c1-41fc-a01a-d172d48fd9d8:c2215, 6eae0c21-01aa-4169-956f-5952b26ea7ba:c2211, 8d7dcba1-3b82-4d94-a832-514ef5c79cf8:c2211]
2019-08-21 02:17:20,309 | INFO  | DNAudit | user=null | ip=null | op=WRITE_CHUNK {blockData=conID: 1 locID: 102652565277245939 bcsId: 0} | ret=SUCCESS |  
2019-08-21 02:17:20,309 [grpc-default-executor-2] INFO  client.GrpcClientProtocolClient (GrpcClientProtocolClient.java:onNext(255)) - client-54CC064C3FCE->8224e767-71c1-41fc-a01a-d172d48fd9d8: receive RaftClientReply:client-54CC064C3FCE->8224e767-71c1-41fc-a01a-d172d48fd9d8@group-F6B37CC92441, cid=1557, SUCCESS, logIndex=2213, commits[8224e767-71c1-41fc-a01a-d172d48fd9d8:c2215, 6eae0c21-01aa-4169-956f-5952b26ea7ba:c2211, 8d7dcba1-3b82-4d94-a832-514ef5c79cf8:c2211]
2019-08-21 02:17:20,309 | INFO  | DNAudit | user=null | ip=null | op=WRITE_CHUNK {blockData=conID: 1 locID: 102652565277245939 bcsId: 0} | ret=SUCCESS |  
2019-08-21 02:17:20,309 [grpc-default-executor-2] INFO  client.GrpcClientProtocolClient (GrpcClientProtocolClient.java:onNext(255)) - client-54CC064C3FCE->8224e767-71c1-41fc-a01a-d172d48fd9d8: receive RaftClientReply:client-54CC064C3FCE->8224e767-71c1-41fc-a01a-d172d48fd9d8@group-F6B37CC92441, cid=1558, SUCCESS, logIndex=2214, commits[8224e767-71c1-41fc-a01a-d172d48fd9d8:c2216, 6eae0c21-01aa-4169-956f-5952b26ea7ba:c2212, 8d7dcba1-3b82-4d94-a832-514ef5c79cf8:c2211]
2019-08-21 02:17:20,309 | INFO  | DNAudit | user=null | ip=null | op=PUT_BLOCK {blockData=[blockId=conID: 1 locID: 102652565277245939 bcsId: 0,size=2097152]} | ret=SUCCESS |  
2019-08-21 02:17:20,310 [grpc-default-executor-2] INFO  client.GrpcClientProtocolClient (GrpcClientProtocolClient.java:onNext(255)) - client-54CC064C3FCE->8224e767-71c1-41fc-a01a-d172d48fd9d8: receive RaftClientReply:client-54CC064C3FCE->8224e767-71c1-41fc-a01a-d172d48fd9d8@group-F6B37CC92441, cid=1559, SUCCESS, logIndex=2215, commits[8224e767-71c1-41fc-a01a-d172d48fd9d8:c2216, 6eae0c21-01aa-4169-956f-5952b26ea7ba:c2212, 8d7dcba1-3b82-4d94-a832-514ef5c79cf8:c2211]
2019-08-21 02:17:20,310 | INFO  | DNAudit | user=null | ip=null | op=WRITE_CHUNK {blockData=conID: 1 locID: 102652565277245939 bcsId: 0} | ret=SUCCESS |  
2019-08-21 02:17:20,310 | INFO  | DNAudit | user=null | ip=null | op=PUT_BLOCK {blockData=[blockId=conID: 1 locID: 102652565277245939 bcsId: 0,size=1048576]} | ret=SUCCESS |  
2019-08-21 02:17:20,311 | INFO  | DNAudit | user=null | ip=null | op=PUT_BLOCK {blockData=[blockId=conID: 1 locID: 102652565277245939 bcsId: 0,size=1048576]} | ret=SUCCESS |  
2019-08-21 02:17:20,312 | INFO  | DNAudit | user=null | ip=null | op=WRITE_CHUNK {blockData=conID: 1 locID: 102652565277245939 bcsId: 0} | ret=SUCCESS |  
2019-08-21 02:17:20,312 [grpc-default-executor-3] INFO  client.GrpcClientProtocolClient (GrpcClientProtocolClient.java:onNext(255)) - client-54CC064C3FCE->8224e767-71c1-41fc-a01a-d172d48fd9d8: receive RaftClientReply:client-54CC064C3FCE->8224e767-71c1-41fc-a01a-d172d48fd9d8@group-F6B37CC92441, cid=1560, SUCCESS, logIndex=0, commits[8224e767-71c1-41fc-a01a-d172d48fd9d8:c2217, 6eae0c21-01aa-4169-956f-5952b26ea7ba:c2213, 8d7dcba1-3b82-4d94-a832-514ef5c79cf8:c2213]
2019-08-21 02:17:20,312 | INFO  | DNAudit | user=null | ip=null | op=WRITE_CHUNK {blockData=conID: 1 locID: 102652565277245939 bcsId: 0} | ret=SUCCESS |  
2019-08-21 02:17:20,312 | INFO  | DNAudit | user=null | ip=null | op=PUT_BLOCK {blockData=[blockId=conID: 1 locID: 102652565277245939 bcsId: 0,size=2097152]} | ret=SUCCESS |  
2019-08-21 02:17:20,312 | INFO  | DNAudit | user=null | ip=null | op=PUT_BLOCK {blockData=[blockId=conID: 1 locID: 102652565277245939 bcsId: 0,size=2097152]} | ret=SUCCESS |  
2019-08-21 02:17:20,318 | INFO  | DNAudit | user=null | ip=null | op=WRITE_CHUNK {blockData=conID: 1 locID: 102652565277245939 bcsId: 2215} | ret=SUCCESS |  
2019-08-21 02:17:20,320 | INFO  | DNAudit | user=null | ip=null | op=WRITE_CHUNK {blockData=conID: 1 locID: 102652565277245939 bcsId: 2215} | ret=SUCCESS |  
2019-08-21 02:17:20,322 | INFO  | DNAudit | user=null | ip=null | op=WRITE_CHUNK {blockData=conID: 1 locID: 102652565277245939 bcsId: 2215} | ret=SUCCESS |  
2019-08-21 02:17:20,322 | INFO  | DNAudit | user=null | ip=null | op=WRITE_CHUNK {blockData=conID: 1 locID: 102652565277245939 bcsId: 2215} | ret=SUCCESS |  
2019-08-21 02:17:20,323 | INFO  | DNAudit | user=null | ip=null | op=PUT_BLOCK {blockData=[blockId=conID: 1 locID: 102652565277245939 bcsId: 0,size=3145728]} | ret=SUCCESS |  
2019-08-21 02:17:20,323 [grpc-default-executor-2] INFO  client.GrpcClientProtocolClient (GrpcClientProtocolClient.java:onNext(255)) - client-54CC064C3FCE->8224e767-71c1-41fc-a01a-d172d48fd9d8: receive RaftClientReply:client-54CC064C3FCE->8224e767-71c1-41fc-a01a-d172d48fd9d8@group-F6B37CC92441, cid=1561, SUCCESS, logIndex=2220, commits[8224e767-71c1-41fc-a01a-d172d48fd9d8:c2221, 6eae0c21-01aa-4169-956f-5952b26ea7ba:c2215, 8d7dcba1-3b82-4d94-a832-514ef5c79cf8:c2219]
2019-08-21 02:17:20,323 [grpc-default-executor-2] INFO  client.GrpcClientProtocolClient (GrpcClientProtocolClient.java:onNext(255)) - client-54CC064C3FCE->8224e767-71c1-41fc-a01a-d172d48fd9d8: receive RaftClientReply:client-54CC064C3FCE->8224e767-71c1-41fc-a01a-d172d48fd9d8@group-F6B37CC92441, cid=1562, SUCCESS, logIndex=2221, commits[8224e767-71c1-41fc-a01a-d172d48fd9d8:c2221, 6eae0c21-01aa-4169-956f-5952b26ea7ba:c2215, 8d7dcba1-3b82-4d94-a832-514ef5c79cf8:c2219]
2019-08-21 02:17:20,325 | INFO  | DNAudit | user=null | ip=null | op=WRITE_CHUNK {blockData=conID: 1 locID: 102652565277245939 bcsId: 2215} | ret=SUCCESS |  
2019-08-21 02:17:20,325 | INFO  | DNAudit | user=null | ip=null | op=WRITE_CHUNK {blockData=conID: 1 locID: 102652565277245939 bcsId: 2215} | ret=SUCCESS |  
2019-08-21 02:17:20,325 | INFO  | DNAudit | user=null | ip=null | op=PUT_BLOCK {blockData=[blockId=conID: 1 locID: 102652565277245939 bcsId: 0,size=3145728]} | ret=SUCCESS |  
2019-08-21 02:17:20,325 | INFO  | DNAudit | user=null | ip=null | op=PUT_BLOCK {blockData=[blockId=conID: 1 locID: 102652565277245939 bcsId: 0,size=3145728]} | ret=SUCCESS |  
2019-08-21 02:17:20,330 | INFO  | DNAudit | user=null | ip=null | op=WRITE_CHUNK {blockData=conID: 1 locID: 102652565277245939 bcsId: 2221} | ret=SUCCESS |  
2019-08-21 02:17:20,331 | INFO  | DNAudit | user=null | ip=null | op=WRITE_CHUNK {blockData=conID: 1 locID: 102652565277245939 bcsId: 2221} | ret=SUCCESS |  
2019-08-21 02:17:20,332 | INFO  | DNAudit | user=null | ip=null | op=WRITE_CHUNK {blockData=conID: 1 locID: 102652565277245939 bcsId: 2221} | ret=SUCCESS |  
2019-08-21 02:17:20,354 | INFO  | DNAudit | user=null | ip=null | op=WRITE_CHUNK {blockData=conID: 1 locID: 102652565277245939 bcsId: 2221} | ret=SUCCESS |  
2019-08-21 02:17:20,355 | INFO  | DNAudit | user=null | ip=null | op=PUT_BLOCK {blockData=[blockId=conID: 1 locID: 102652565277245939 bcsId: 0,size=4194304]} | ret=SUCCESS |  
2019-08-21 02:17:20,355 [grpc-default-executor-1] INFO  client.GrpcClientProtocolClient (GrpcClientProtocolClient.java:onNext(255)) - client-54CC064C3FCE->8224e767-71c1-41fc-a01a-d172d48fd9d8: receive RaftClientReply:client-54CC064C3FCE->8224e767-71c1-41fc-a01a-d172d48fd9d8@group-F6B37CC92441, cid=1563, SUCCESS, logIndex=2224, commits[8224e767-71c1-41fc-a01a-d172d48fd9d8:c2225, 6eae0c21-01aa-4169-956f-5952b26ea7ba:c2223, 8d7dcba1-3b82-4d94-a832-514ef5c79cf8:c2223]
2019-08-21 02:17:20,356 [grpc-default-executor-1] INFO  client.GrpcClientProtocolClient (GrpcClientProtocolClient.java:onNext(255)) - client-54CC064C3FCE->8224e767-71c1-41fc-a01a-d172d48fd9d8: receive RaftClientReply:client-54CC064C3FCE->8224e767-71c1-41fc-a01a-d172d48fd9d8@group-F6B37CC92441, cid=1564, SUCCESS, logIndex=2225, commits[8224e767-71c1-41fc-a01a-d172d48fd9d8:c2225, 6eae0c21-01aa-4169-956f-5952b26ea7ba:c2223, 8d7dcba1-3b82-4d94-a832-514ef5c79cf8:c2223]
2019-08-21 02:17:20,356 | INFO  | DNAudit | user=null | ip=null | op=WRITE_CHUNK {blockData=conID: 1 locID: 102652565277245939 bcsId: 2221} | ret=SUCCESS |  
2019-08-21 02:17:20,356 | INFO  | DNAudit | user=null | ip=null | op=PUT_BLOCK {blockData=[blockId=conID: 1 locID: 102652565277245939 bcsId: 0,size=4194304]} | ret=SUCCESS |  
2019-08-21 02:17:20,357 | INFO  | DNAudit | user=null | ip=null | op=WRITE_CHUNK {blockData=conID: 1 locID: 102652565277245939 bcsId: 2221} | ret=SUCCESS |  
2019-08-21 02:17:20,357 | INFO  | DNAudit | user=null | ip=null | op=PUT_BLOCK {blockData=[blockId=conID: 1 locID: 102652565277245939 bcsId: 0,size=4194304]} | ret=SUCCESS |  
2019-08-21 02:17:20,358 [grpc-default-executor-1] INFO  client.GrpcClientProtocolClient (GrpcClientProtocolClient.java:onNext(255)) - client-54CC064C3FCE->8224e767-71c1-41fc-a01a-d172d48fd9d8: receive RaftClientReply:client-54CC064C3FCE->8224e767-71c1-41fc-a01a-d172d48fd9d8@group-F6B37CC92441, cid=1565, SUCCESS, logIndex=0, commits[8224e767-71c1-41fc-a01a-d172d48fd9d8:c2226, 6eae0c21-01aa-4169-956f-5952b26ea7ba:c2225, 8d7dcba1-3b82-4d94-a832-514ef5c79cf8:c2225]
2019-08-21 02:17:20,363 | INFO  | SCMAudit | user=jenkins1000 | ip=192.168.34.10 | op=ALLOCATE_BLOCK {owner=b6f66289-f2a0-4058-b052-0a85e40df67b, size=4194304, type=RATIS, factor=THREE} | ret=SUCCESS |  
2019-08-21 02:17:20,367 | INFO  | OMAudit | user=jenkins1000 | ip=127.0.0.1 | op=ALLOCATE_BLOCK {volume=vol-0-90982, bucket=bucket-0-24269, key=key-0-81262, dataSize=0, replicationType=null, replicationFactor=null, keyLocationInfo=null, clientID=102652564580991378} | ret=SUCCESS |  
2019-08-21 02:17:20,375 | INFO  | DNAudit | user=null | ip=null | op=WRITE_CHUNK {blockData=conID: 2 locID: 102652565282030068 bcsId: 0} | ret=SUCCESS |  
2019-08-21 02:17:20,377 | INFO  | DNAudit | user=null | ip=null | op=WRITE_CHUNK {blockData=conID: 2 locID: 102652565282030068 bcsId: 0} | ret=SUCCESS |  
2019-08-21 02:17:20,377 | INFO  | DNAudit | user=null | ip=null | op=WRITE_CHUNK {blockData=conID: 2 locID: 102652565282030068 bcsId: 0} | ret=SUCCESS |  
2019-08-21 02:17:20,377 | INFO  | DNAudit | user=null | ip=null | op=WRITE_CHUNK {blockData=conID: 2 locID: 102652565282030068 bcsId: 0} | ret=SUCCESS |  
2019-08-21 02:17:20,380 | INFO  | DNAudit | user=null | ip=null | op=WRITE_CHUNK {blockData=conID: 2 locID: 102652565282030068 bcsId: 0} | ret=SUCCESS |  
2019-08-21 02:17:20,380 | INFO  | DNAudit | user=null | ip=null | op=WRITE_CHUNK {blockData=conID: 2 locID: 102652565282030068 bcsId: 0} | ret=SUCCESS |  
2019-08-21 02:17:20,389 | INFO  | DNAudit | user=null | ip=null | op=WRITE_CHUNK {blockData=conID: 2 locID: 102652565282030068 bcsId: 0} | ret=SUCCESS |  
2019-08-21 02:17:20,389 | INFO  | DNAudit | user=null | ip=null | op=PUT_BLOCK {blockData=[blockId=conID: 2 locID: 102652565282030068 bcsId: 0,size=1048576]} | ret=SUCCESS |  
2019-08-21 02:17:20,390 | INFO  | DNAudit | user=null | ip=null | op=WRITE_CHUNK {blockData=conID: 2 locID: 102652565282030068 bcsId: 0} | ret=SUCCESS |  
2019-08-21 02:17:20,390 [grpc-default-executor-1] INFO  client.GrpcClientProtocolClient (GrpcClientProtocolClient.java:onNext(255)) - client-54CC064C3FCE->8224e767-71c1-41fc-a01a-d172d48fd9d8: receive RaftClientReply:client-54CC064C3FCE->8224e767-71c1-41fc-a01a-d172d48fd9d8@group-F6B37CC92441, cid=1566, SUCCESS, logIndex=2228, commits[8224e767-71c1-41fc-a01a-d172d48fd9d8:c2230, 6eae0c21-01aa-4169-956f-5952b26ea7ba:c2227, 8d7dcba1-3b82-4d94-a832-514ef5c79cf8:c2227]
2019-08-21 02:17:20,390 | INFO  | DNAudit | user=null | ip=null | op=PUT_BLOCK {blockData=[blockId=conID: 2 locID: 102652565282030068 bcsId: 0,size=2097152]} | ret=SUCCESS |  
2019-08-21 02:17:20,390 [grpc-default-executor-1] INFO  client.GrpcClientProtocolClient (GrpcClientProtocolClient.java:onNext(255)) - client-54CC064C3FCE->8224e767-71c1-41fc-a01a-d172d48fd9d8: receive RaftClientReply:client-54CC064C3FCE->8224e767-71c1-41fc-a01a-d172d48fd9d8@group-F6B37CC92441, cid=1567, SUCCESS, logIndex=2229, commits[8224e767-71c1-41fc-a01a-d172d48fd9d8:c2231, 6eae0c21-01aa-4169-956f-5952b26ea7ba:c2227, 8d7dcba1-3b82-4d94-a832-514ef5c79cf8:c2227]
2019-08-21 02:17:20,391 [grpc-default-executor-1] INFO  client.GrpcClientProtocolClient (GrpcClientProtocolClient.java:onNext(255)) - client-54CC064C3FCE->8224e767-71c1-41fc-a01a-d172d48fd9d8: receive RaftClientReply:client-54CC064C3FCE->8224e767-71c1-41fc-a01a-d172d48fd9d8@group-F6B37CC92441, cid=1568, SUCCESS, logIndex=2230, commits[8224e767-71c1-41fc-a01a-d172d48fd9d8:c2231, 6eae0c21-01aa-4169-956f-5952b26ea7ba:c2227, 8d7dcba1-3b82-4d94-a832-514ef5c79cf8:c2227]
2019-08-21 02:17:20,391 [grpc-default-executor-1] INFO  client.GrpcClientProtocolClient (GrpcClientProtocolClient.java:onNext(255)) - client-54CC064C3FCE->8224e767-71c1-41fc-a01a-d172d48fd9d8: receive RaftClientReply:client-54CC064C3FCE->8224e767-71c1-41fc-a01a-d172d48fd9d8@group-F6B37CC92441, cid=1569, SUCCESS, logIndex=2231, commits[8224e767-71c1-41fc-a01a-d172d48fd9d8:c2231, 6eae0c21-01aa-4169-956f-5952b26ea7ba:c2227, 8d7dcba1-3b82-4d94-a832-514ef5c79cf8:c2227]
2019-08-21 02:17:20,400 | INFO  | DNAudit | user=null | ip=null | op=WRITE_CHUNK {blockData=conID: 2 locID: 102652565282030068 bcsId: 0} | ret=SUCCESS |  
2019-08-21 02:17:20,400 | INFO  | DNAudit | user=null | ip=null | op=WRITE_CHUNK {blockData=conID: 2 locID: 102652565282030068 bcsId: 0} | ret=SUCCESS |  
2019-08-21 02:17:20,400 | INFO  | DNAudit | user=null | ip=null | op=PUT_BLOCK {blockData=[blockId=conID: 2 locID: 102652565282030068 bcsId: 0,size=1048576]} | ret=SUCCESS |  
2019-08-21 02:17:20,401 | INFO  | DNAudit | user=null | ip=null | op=PUT_BLOCK {blockData=[blockId=conID: 2 locID: 102652565282030068 bcsId: 0,size=1048576]} | ret=SUCCESS |  
2019-08-21 02:17:20,401 [grpc-default-executor-1] INFO  client.GrpcClientProtocolClient (GrpcClientProtocolClient.java:onNext(255)) - client-54CC064C3FCE->8224e767-71c1-41fc-a01a-d172d48fd9d8: receive RaftClientReply:client-54CC064C3FCE->8224e767-71c1-41fc-a01a-d172d48fd9d8@group-F6B37CC92441, cid=1570, SUCCESS, logIndex=0, commits[8224e767-71c1-41fc-a01a-d172d48fd9d8:c2231, 6eae0c21-01aa-4169-956f-5952b26ea7ba:c2229, 8d7dcba1-3b82-4d94-a832-514ef5c79cf8:c2229]
2019-08-21 02:17:20,404 | INFO  | DNAudit | user=null | ip=null | op=WRITE_CHUNK {blockData=conID: 2 locID: 102652565282030068 bcsId: 0} | ret=SUCCESS |  
2019-08-21 02:17:20,404 | INFO  | DNAudit | user=null | ip=null | op=WRITE_CHUNK {blockData=conID: 2 locID: 102652565282030068 bcsId: 0} | ret=SUCCESS |  
2019-08-21 02:17:20,404 | INFO  | DNAudit | user=null | ip=null | op=PUT_BLOCK {blockData=[blockId=conID: 2 locID: 102652565282030068 bcsId: 0,size=2097152]} | ret=SUCCESS |  
2019-08-21 02:17:20,405 | INFO  | DNAudit | user=null | ip=null | op=PUT_BLOCK {blockData=[blockId=conID: 2 locID: 102652565282030068 bcsId: 0,size=2097152]} | ret=SUCCESS |  
2019-08-21 02:17:20,407 | INFO  | DNAudit | user=null | ip=null | op=WRITE_CHUNK {blockData=conID: 2 locID: 102652565282030068 bcsId: 2231} | ret=SUCCESS |  
2019-08-21 02:17:20,409 | INFO  | DNAudit | user=null | ip=null | op=WRITE_CHUNK {blockData=conID: 2 locID: 102652565282030068 bcsId: 2231} | ret=SUCCESS |  
2019-08-21 02:17:20,410 | INFO  | DNAudit | user=null | ip=null | op=WRITE_CHUNK {blockData=conID: 2 locID: 102652565282030068 bcsId: 2231} | ret=SUCCESS |  
2019-08-21 02:17:20,420 | INFO  | DNAudit | user=null | ip=null | op=WRITE_CHUNK {blockData=conID: 2 locID: 102652565282030068 bcsId: 2231} | ret=SUCCESS |  
2019-08-21 02:17:20,420 | INFO  | DNAudit | user=null | ip=null | op=PUT_BLOCK {blockData=[blockId=conID: 2 locID: 102652565282030068 bcsId: 0,size=3145728]} | ret=SUCCESS |  
2019-08-21 02:17:20,420 [grpc-default-executor-3] INFO  client.GrpcClientProtocolClient (GrpcClientProtocolClient.java:onNext(255)) - client-54CC064C3FCE->8224e767-71c1-41fc-a01a-d172d48fd9d8: receive RaftClientReply:client-54CC064C3FCE->8224e767-71c1-41fc-a01a-d172d48fd9d8@group-F6B37CC92441, cid=1571, SUCCESS, logIndex=2236, commits[8224e767-71c1-41fc-a01a-d172d48fd9d8:c2237, 6eae0c21-01aa-4169-956f-5952b26ea7ba:c2235, 8d7dcba1-3b82-4d94-a832-514ef5c79cf8:c2235]
2019-08-21 02:17:20,421 [grpc-default-executor-3] INFO  client.GrpcClientProtocolClient (GrpcClientProtocolClient.java:onNext(255)) - client-54CC064C3FCE->8224e767-71c1-41fc-a01a-d172d48fd9d8: receive RaftClientReply:client-54CC064C3FCE->8224e767-71c1-41fc-a01a-d172d48fd9d8@group-F6B37CC92441, cid=1572, SUCCESS, logIndex=2237, commits[8224e767-71c1-41fc-a01a-d172d48fd9d8:c2237, 6eae0c21-01aa-4169-956f-5952b26ea7ba:c2235, 8d7dcba1-3b82-4d94-a832-514ef5c79cf8:c2235]
2019-08-21 02:17:20,427 | INFO  | DNAudit | user=null | ip=null | op=WRITE_CHUNK {blockData=conID: 2 locID: 102652565282030068 bcsId: 2237} | ret=SUCCESS |  
2019-08-21 02:17:20,429 | INFO  | DNAudit | user=null | ip=null | op=WRITE_CHUNK {blockData=conID: 2 locID: 102652565282030068 bcsId: 2237} | ret=SUCCESS |  
2019-08-21 02:17:20,429 | INFO  | DNAudit | user=null | ip=null | op=WRITE_CHUNK {blockData=conID: 2 locID: 102652565282030068 bcsId: 2237} | ret=SUCCESS |  
2019-08-21 02:17:20,431 | INFO  | DNAudit | user=null | ip=null | op=WRITE_CHUNK {blockData=conID: 2 locID: 102652565282030068 bcsId: 2231} | ret=SUCCESS |  
2019-08-21 02:17:20,432 | INFO  | DNAudit | user=null | ip=null | op=WRITE_CHUNK {blockData=conID: 2 locID: 102652565282030068 bcsId: 2231} | ret=SUCCESS |  
2019-08-21 02:17:20,432 | INFO  | DNAudit | user=null | ip=null | op=PUT_BLOCK {blockData=[blockId=conID: 2 locID: 102652565282030068 bcsId: 0,size=3145728]} | ret=SUCCESS |  
2019-08-21 02:17:20,432 | INFO  | DNAudit | user=null | ip=null | op=PUT_BLOCK {blockData=[blockId=conID: 2 locID: 102652565282030068 bcsId: 0,size=3145728]} | ret=SUCCESS |  
2019-08-21 02:17:20,435 | INFO  | DNAudit | user=null | ip=null | op=WRITE_CHUNK {blockData=conID: 2 locID: 102652565282030068 bcsId: 2237} | ret=SUCCESS |  
2019-08-21 02:17:20,435 | INFO  | DNAudit | user=null | ip=null | op=PUT_BLOCK {blockData=[blockId=conID: 2 locID: 102652565282030068 bcsId: 0,size=4194304]} | ret=SUCCESS |  
2019-08-21 02:17:20,435 [grpc-default-executor-3] INFO  client.GrpcClientProtocolClient (GrpcClientProtocolClient.java:onNext(255)) - client-54CC064C3FCE->8224e767-71c1-41fc-a01a-d172d48fd9d8: receive RaftClientReply:client-54CC064C3FCE->8224e767-71c1-41fc-a01a-d172d48fd9d8@group-F6B37CC92441, cid=1573, SUCCESS, logIndex=2240, commits[8224e767-71c1-41fc-a01a-d172d48fd9d8:c2241, 6eae0c21-01aa-4169-956f-5952b26ea7ba:c2237, 8d7dcba1-3b82-4d94-a832-514ef5c79cf8:c2237]
2019-08-21 02:17:20,436 [grpc-default-executor-3] INFO  client.GrpcClientProtocolClient (GrpcClientProtocolClient.java:onNext(255)) - client-54CC064C3FCE->8224e767-71c1-41fc-a01a-d172d48fd9d8: receive RaftClientReply:client-54CC064C3FCE->8224e767-71c1-41fc-a01a-d172d48fd9d8@group-F6B37CC92441, cid=1574, SUCCESS, logIndex=2241, commits[8224e767-71c1-41fc-a01a-d172d48fd9d8:c2241, 6eae0c21-01aa-4169-956f-5952b26ea7ba:c2237, 8d7dcba1-3b82-4d94-a832-514ef5c79cf8:c2237]
2019-08-21 02:17:20,446 | INFO  | DNAudit | user=null | ip=null | op=WRITE_CHUNK {blockData=conID: 2 locID: 102652565282030068 bcsId: 2237} | ret=SUCCESS |  
2019-08-21 02:17:20,447 | INFO  | DNAudit | user=null | ip=null | op=WRITE_CHUNK {blockData=conID: 2 locID: 102652565282030068 bcsId: 2237} | ret=SUCCESS |  
2019-08-21 02:17:20,449 | INFO  | DNAudit | user=null | ip=null | op=PUT_BLOCK {blockData=[blockId=conID: 2 locID: 102652565282030068 bcsId: 0,size=4194304]} | ret=SUCCESS |  
2019-08-21 02:17:20,449 | INFO  | DNAudit | user=null | ip=null | op=PUT_BLOCK {blockData=[blockId=conID: 2 locID: 102652565282030068 bcsId: 0,size=4194304]} | ret=SUCCESS |  
2019-08-21 02:17:20,450 [grpc-default-executor-2] INFO  client.GrpcClientProtocolClient (GrpcClientProtocolClient.java:onNext(255)) - client-54CC064C3FCE->8224e767-71c1-41fc-a01a-d172d48fd9d8: receive RaftClientReply:client-54CC064C3FCE->8224e767-71c1-41fc-a01a-d172d48fd9d8@group-F6B37CC92441, cid=1575, SUCCESS, logIndex=0, commits[8224e767-71c1-41fc-a01a-d172d48fd9d8:c2243, 6eae0c21-01aa-4169-956f-5952b26ea7ba:c2241, 8d7dcba1-3b82-4d94-a832-514ef5c79cf8:c2241]
2019-08-21 02:17:20,456 | INFO  | SCMAudit | user=jenkins1000 | ip=192.168.34.10 | op=ALLOCATE_BLOCK {owner=b6f66289-f2a0-4058-b052-0a85e40df67b, size=4194304, type=RATIS, factor=THREE} | ret=SUCCESS |  
2019-08-21 02:17:20,460 | INFO  | OMAudit | user=jenkins1000 | ip=127.0.0.1 | op=ALLOCATE_BLOCK {volume=vol-0-90982, bucket=bucket-0-24269, key=key-0-81262, dataSize=0, replicationType=null, replicationFactor=null, keyLocationInfo=null, clientID=102652564580991378} | ret=SUCCESS |  
2019-08-21 02:17:20,466 | INFO  | DNAudit | user=null | ip=null | op=WRITE_CHUNK {blockData=conID: 3 locID: 102652565288059381 bcsId: 0} | ret=SUCCESS |  
2019-08-21 02:17:20,468 | INFO  | DNAudit | user=null | ip=null | op=WRITE_CHUNK {blockData=conID: 3 locID: 102652565288059381 bcsId: 0} | ret=SUCCESS |  
2019-08-21 02:17:20,469 | INFO  | DNAudit | user=null | ip=null | op=WRITE_CHUNK {blockData=conID: 3 locID: 102652565288059381 bcsId: 0} | ret=SUCCESS |  
2019-08-21 02:17:20,469 | INFO  | DNAudit | user=null | ip=null | op=WRITE_CHUNK {blockData=conID: 3 locID: 102652565288059381 bcsId: 0} | ret=SUCCESS |  
2019-08-21 02:17:20,471 | INFO  | DNAudit | user=null | ip=null | op=WRITE_CHUNK {blockData=conID: 3 locID: 102652565288059381 bcsId: 0} | ret=SUCCESS |  
2019-08-21 02:17:20,471 | INFO  | DNAudit | user=null | ip=null | op=WRITE_CHUNK {blockData=conID: 3 locID: 102652565288059381 bcsId: 0} | ret=SUCCESS |  
2019-08-21 02:17:20,480 | INFO  | DNAudit | user=null | ip=null | op=WRITE_CHUNK {blockData=conID: 3 locID: 102652565288059381 bcsId: 0} | ret=SUCCESS |  
2019-08-21 02:17:20,481 | INFO  | DNAudit | user=null | ip=null | op=PUT_BLOCK {blockData=[blockId=conID: 3 locID: 102652565288059381 bcsId: 0,size=1048576]} | ret=SUCCESS |  
2019-08-21 02:17:20,481 [grpc-default-executor-3] INFO  client.GrpcClientProtocolClient (GrpcClientProtocolClient.java:onNext(255)) - client-54CC064C3FCE->8224e767-71c1-41fc-a01a-d172d48fd9d8: receive RaftClientReply:client-54CC064C3FCE->8224e767-71c1-41fc-a01a-d172d48fd9d8@group-F6B37CC92441, cid=1576, SUCCESS, logIndex=2244, commits[8224e767-71c1-41fc-a01a-d172d48fd9d8:c2245, 6eae0c21-01aa-4169-956f-5952b26ea7ba:c2243, 8d7dcba1-3b82-4d94-a832-514ef5c79cf8:c2243]
2019-08-21 02:17:20,482 | INFO  | DNAudit | user=null | ip=null | op=WRITE_CHUNK {blockData=conID: 3 locID: 102652565288059381 bcsId: 0} | ret=SUCCESS |  
2019-08-21 02:17:20,482 [grpc-default-executor-1] INFO  client.GrpcClientProtocolClient (GrpcClientProtocolClient.java:onNext(255)) - client-54CC064C3FCE->8224e767-71c1-41fc-a01a-d172d48fd9d8: receive RaftClientReply:client-54CC064C3FCE->8224e767-71c1-41fc-a01a-d172d48fd9d8@group-F6B37CC92441, cid=1577, SUCCESS, logIndex=2245, commits[8224e767-71c1-41fc-a01a-d172d48fd9d8:c2245, 6eae0c21-01aa-4169-956f-5952b26ea7ba:c2243, 8d7dcba1-3b82-4d94-a832-514ef5c79cf8:c2243]
2019-08-21 02:17:20,482 | INFO  | DNAudit | user=null | ip=null | op=PUT_BLOCK {blockData=[blockId=conID: 3 locID: 102652565288059381 bcsId: 0,size=2097152]} | ret=SUCCESS |  
2019-08-21 02:17:20,482 [grpc-default-executor-1] INFO  client.GrpcClientProtocolClient (GrpcClientProtocolClient.java:onNext(255)) - client-54CC064C3FCE->8224e767-71c1-41fc-a01a-d172d48fd9d8: receive RaftClientReply:client-54CC064C3FCE->8224e767-71c1-41fc-a01a-d172d48fd9d8@group-F6B37CC92441, cid=1578, SUCCESS, logIndex=2246, commits[8224e767-71c1-41fc-a01a-d172d48fd9d8:c2247, 6eae0c21-01aa-4169-956f-5952b26ea7ba:c2243, 8d7dcba1-3b82-4d94-a832-514ef5c79cf8:c2243]
2019-08-21 02:17:20,483 [grpc-default-executor-2] INFO  client.GrpcClientProtocolClient (GrpcClientProtocolClient.java:onNext(255)) - client-54CC064C3FCE->8224e767-71c1-41fc-a01a-d172d48fd9d8: receive RaftClientReply:client-54CC064C3FCE->8224e767-71c1-41fc-a01a-d172d48fd9d8@group-F6B37CC92441, cid=1579, SUCCESS, logIndex=2247, commits[8224e767-71c1-41fc-a01a-d172d48fd9d8:c2247, 6eae0c21-01aa-4169-956f-5952b26ea7ba:c2243, 8d7dcba1-3b82-4d94-a832-514ef5c79cf8:c2243]
2019-08-21 02:17:20,494 | INFO  | DNAudit | user=null | ip=null | op=WRITE_CHUNK {blockData=conID: 3 locID: 102652565288059381 bcsId: 0} | ret=SUCCESS |  
2019-08-21 02:17:20,494 | INFO  | DNAudit | user=null | ip=null | op=PUT_BLOCK {blockData=[blockId=conID: 3 locID: 102652565288059381 bcsId: 0,size=1048576]} | ret=SUCCESS |  
2019-08-21 02:17:20,494 | INFO  | DNAudit | user=null | ip=null | op=WRITE_CHUNK {blockData=conID: 3 locID: 102652565288059381 bcsId: 0} | ret=SUCCESS |  
2019-08-21 02:17:20,494 | INFO  | DNAudit | user=null | ip=null | op=PUT_BLOCK {blockData=[blockId=conID: 3 locID: 102652565288059381 bcsId: 0,size=1048576]} | ret=SUCCESS |  
2019-08-21 02:17:20,494 [grpc-default-executor-2] INFO  client.GrpcClientProtocolClient (GrpcClientProtocolClient.java:onNext(255)) - client-54CC064C3FCE->8224e767-71c1-41fc-a01a-d172d48fd9d8: receive RaftClientReply:client-54CC064C3FCE->8224e767-71c1-41fc-a01a-d172d48fd9d8@group-F6B37CC92441, cid=1580, SUCCESS, logIndex=0, commits[8224e767-71c1-41fc-a01a-d172d48fd9d8:c2249, 6eae0c21-01aa-4169-956f-5952b26ea7ba:c2245, 8d7dcba1-3b82-4d94-a832-514ef5c79cf8:c2245]
2019-08-21 02:17:20,495 | INFO  | DNAudit | user=null | ip=null | op=WRITE_CHUNK {blockData=conID: 3 locID: 102652565288059381 bcsId: 0} | ret=SUCCESS |  
2019-08-21 02:17:20,495 | INFO  | DNAudit | user=null | ip=null | op=PUT_BLOCK {blockData=[blockId=conID: 3 locID: 102652565288059381 bcsId: 0,size=2097152]} | ret=SUCCESS |  
2019-08-21 02:17:20,501 | INFO  | DNAudit | user=null | ip=null | op=WRITE_CHUNK {blockData=conID: 3 locID: 102652565288059381 bcsId: 2247} | ret=SUCCESS |  
2019-08-21 02:17:20,504 | INFO  | DNAudit | user=null | ip=null | op=WRITE_CHUNK {blockData=conID: 3 locID: 102652565288059381 bcsId: 2247} | ret=SUCCESS |  
2019-08-21 02:17:20,504 | INFO  | DNAudit | user=null | ip=null | op=WRITE_CHUNK {blockData=conID: 3 locID: 102652565288059381 bcsId: 2247} | ret=SUCCESS |  
2019-08-21 02:17:20,505 | INFO  | DNAudit | user=null | ip=null | op=WRITE_CHUNK {blockData=conID: 3 locID: 102652565288059381 bcsId: 0} | ret=SUCCESS |  
2019-08-21 02:17:20,505 | INFO  | DNAudit | user=null | ip=null | op=PUT_BLOCK {blockData=[blockId=conID: 3 locID: 102652565288059381 bcsId: 0,size=2097152]} | ret=SUCCESS |  
2019-08-21 02:17:20,505 | INFO  | DNAudit | user=null | ip=null | op=WRITE_CHUNK {blockData=conID: 3 locID: 102652565288059381 bcsId: 2247} | ret=SUCCESS |  
2019-08-21 02:17:20,506 | INFO  | DNAudit | user=null | ip=null | op=PUT_BLOCK {blockData=[blockId=conID: 3 locID: 102652565288059381 bcsId: 0,size=3145728]} | ret=SUCCESS |  
2019-08-21 02:17:20,506 [grpc-default-executor-2] INFO  client.GrpcClientProtocolClient (GrpcClientProtocolClient.java:onNext(255)) - client-54CC064C3FCE->8224e767-71c1-41fc-a01a-d172d48fd9d8: receive RaftClientReply:client-54CC064C3FCE->8224e767-71c1-41fc-a01a-d172d48fd9d8@group-F6B37CC92441, cid=1581, SUCCESS, logIndex=2252, commits[8224e767-71c1-41fc-a01a-d172d48fd9d8:c2253, 6eae0c21-01aa-4169-956f-5952b26ea7ba:c2247, 8d7dcba1-3b82-4d94-a832-514ef5c79cf8:c2251]
2019-08-21 02:17:20,506 [grpc-default-executor-2] INFO  client.GrpcClientProtocolClient (GrpcClientProtocolClient.java:onNext(255)) - client-54CC064C3FCE->8224e767-71c1-41fc-a01a-d172d48fd9d8: receive RaftClientReply:client-54CC064C3FCE->8224e767-71c1-41fc-a01a-d172d48fd9d8@group-F6B37CC92441, cid=1582, SUCCESS, logIndex=2253, commits[8224e767-71c1-41fc-a01a-d172d48fd9d8:c2253, 6eae0c21-01aa-4169-956f-5952b26ea7ba:c2251, 8d7dcba1-3b82-4d94-a832-514ef5c79cf8:c2251]
2019-08-21 02:17:20,507 | INFO  | DNAudit | user=null | ip=null | op=WRITE_CHUNK {blockData=conID: 3 locID: 102652565288059381 bcsId: 2247} | ret=SUCCESS |  
2019-08-21 02:17:20,507 | INFO  | DNAudit | user=null | ip=null | op=WRITE_CHUNK {blockData=conID: 3 locID: 102652565288059381 bcsId: 2247} | ret=SUCCESS |  
2019-08-21 02:17:20,507 | INFO  | DNAudit | user=null | ip=null | op=PUT_BLOCK {blockData=[blockId=conID: 3 locID: 102652565288059381 bcsId: 0,size=3145728]} | ret=SUCCESS |  
2019-08-21 02:17:20,510 | INFO  | DNAudit | user=null | ip=null | op=PUT_BLOCK {blockData=[blockId=conID: 3 locID: 102652565288059381 bcsId: 0,size=3145728]} | ret=SUCCESS |  
2019-08-21 02:17:20,512 | INFO  | DNAudit | user=null | ip=null | op=WRITE_CHUNK {blockData=conID: 3 locID: 102652565288059381 bcsId: 2253} | ret=SUCCESS |  
2019-08-21 02:17:20,514 | INFO  | DNAudit | user=null | ip=null | op=WRITE_CHUNK {blockData=conID: 3 locID: 102652565288059381 bcsId: 2253} | ret=SUCCESS |  
2019-08-21 02:17:20,515 | INFO  | DNAudit | user=null | ip=null | op=WRITE_CHUNK {blockData=conID: 3 locID: 102652565288059381 bcsId: 2253} | ret=SUCCESS |  
2019-08-21 02:17:20,525 | INFO  | DNAudit | user=null | ip=null | op=WRITE_CHUNK {blockData=conID: 3 locID: 102652565288059381 bcsId: 2253} | ret=SUCCESS |  
2019-08-21 02:17:20,526 | INFO  | DNAudit | user=null | ip=null | op=PUT_BLOCK {blockData=[blockId=conID: 3 locID: 102652565288059381 bcsId: 0,size=4194304]} | ret=SUCCESS |  
2019-08-21 02:17:20,526 [grpc-default-executor-1] INFO  client.GrpcClientProtocolClient (GrpcClientProtocolClient.java:onNext(255)) - client-54CC064C3FCE->8224e767-71c1-41fc-a01a-d172d48fd9d8: receive RaftClientReply:client-54CC064C3FCE->8224e767-71c1-41fc-a01a-d172d48fd9d8@group-F6B37CC92441, cid=1583, SUCCESS, logIndex=2256, commits[8224e767-71c1-41fc-a01a-d172d48fd9d8:c2257, 6eae0c21-01aa-4169-956f-5952b26ea7ba:c2255, 8d7dcba1-3b82-4d94-a832-514ef5c79cf8:c2255]
2019-08-21 02:17:20,526 [grpc-default-executor-1] INFO  client.GrpcClientProtocolClient (GrpcClientProtocolClient.java:onNext(255)) - client-54CC064C3FCE->8224e767-71c1-41fc-a01a-d172d48fd9d8: receive RaftClientReply:client-54CC064C3FCE->8224e767-71c1-41fc-a01a-d172d48fd9d8@group-F6B37CC92441, cid=1584, SUCCESS, logIndex=2257, commits[8224e767-71c1-41fc-a01a-d172d48fd9d8:c2257, 6eae0c21-01aa-4169-956f-5952b26ea7ba:c2255, 8d7dcba1-3b82-4d94-a832-514ef5c79cf8:c2255]
2019-08-21 02:17:20,527 | INFO  | DNAudit | user=null | ip=null | op=WRITE_CHUNK {blockData=conID: 3 locID: 102652565288059381 bcsId: 2253} | ret=SUCCESS |  
2019-08-21 02:17:20,527 | INFO  | DNAudit | user=null | ip=null | op=WRITE_CHUNK {blockData=conID: 3 locID: 102652565288059381 bcsId: 2253} | ret=SUCCESS |  
2019-08-21 02:17:20,527 | INFO  | DNAudit | user=null | ip=null | op=PUT_BLOCK {blockData=[blockId=conID: 3 locID: 102652565288059381 bcsId: 0,size=4194304]} | ret=SUCCESS |  
2019-08-21 02:17:20,529 | INFO  | DNAudit | user=null | ip=null | op=PUT_BLOCK {blockData=[blockId=conID: 3 locID: 102652565288059381 bcsId: 0,size=4194304]} | ret=SUCCESS |  
2019-08-21 02:17:20,529 [grpc-default-executor-2] INFO  client.GrpcClientProtocolClient (GrpcClientProtocolClient.java:onNext(255)) - client-54CC064C3FCE->8224e767-71c1-41fc-a01a-d172d48fd9d8: receive RaftClientReply:client-54CC064C3FCE->8224e767-71c1-41fc-a01a-d172d48fd9d8@group-F6B37CC92441, cid=1585, SUCCESS, logIndex=0, commits[8224e767-71c1-41fc-a01a-d172d48fd9d8:c2259, 6eae0c21-01aa-4169-956f-5952b26ea7ba:c2257, 8d7dcba1-3b82-4d94-a832-514ef5c79cf8:c2257]
2019-08-21 02:17:20,535 | INFO  | SCMAudit | user=jenkins1000 | ip=192.168.34.10 | op=ALLOCATE_BLOCK {owner=b6f66289-f2a0-4058-b052-0a85e40df67b, size=4194304, type=RATIS, factor=THREE} | ret=SUCCESS |  
2019-08-21 02:17:20,539 | INFO  | OMAudit | user=jenkins1000 | ip=127.0.0.1 | op=ALLOCATE_BLOCK {volume=vol-0-90982, bucket=bucket-0-24269, key=key-0-81262, dataSize=0, replicationType=null, replicationFactor=null, keyLocationInfo=null, clientID=102652564580991378} | ret=SUCCESS |  
2019-08-21 02:17:20,545 | INFO  | DNAudit | user=null | ip=null | op=WRITE_CHUNK {blockData=conID: 1 locID: 102652565293302262 bcsId: 0} | ret=SUCCESS |  
2019-08-21 02:17:20,547 | INFO  | DNAudit | user=null | ip=null | op=WRITE_CHUNK {blockData=conID: 1 locID: 102652565293302262 bcsId: 0} | ret=SUCCESS |  
2019-08-21 02:17:20,547 | INFO  | DNAudit | user=null | ip=null | op=WRITE_CHUNK {blockData=conID: 1 locID: 102652565293302262 bcsId: 0} | ret=SUCCESS |  
2019-08-21 02:17:20,548 | INFO  | DNAudit | user=null | ip=null | op=WRITE_CHUNK {blockData=conID: 1 locID: 102652565293302262 bcsId: 0} | ret=SUCCESS |  
2019-08-21 02:17:20,548 | INFO  | DNAudit | user=null | ip=null | op=WRITE_CHUNK {blockData=conID: 1 locID: 102652565293302262 bcsId: 0} | ret=SUCCESS |  
2019-08-21 02:17:20,549 | INFO  | DNAudit | user=null | ip=null | op=WRITE_CHUNK {blockData=conID: 1 locID: 102652565293302262 bcsId: 0} | ret=SUCCESS |  
2019-08-21 02:17:20,551 | INFO  | DNAudit | user=null | ip=null | op=WRITE_CHUNK {blockData=conID: 1 locID: 102652565293302262 bcsId: 0} | ret=SUCCESS |  
2019-08-21 02:17:20,551 | INFO  | DNAudit | user=null | ip=null | op=PUT_BLOCK {blockData=[blockId=conID: 1 locID: 102652565293302262 bcsId: 0,size=1048576]} | ret=SUCCESS |  
2019-08-21 02:17:20,551 [grpc-default-executor-1] INFO  client.GrpcClientProtocolClient (GrpcClientProtocolClient.java:onNext(255)) - client-54CC064C3FCE->8224e767-71c1-41fc-a01a-d172d48fd9d8: receive RaftClientReply:client-54CC064C3FCE->8224e767-71c1-41fc-a01a-d172d48fd9d8@group-F6B37CC92441, cid=1586, SUCCESS, logIndex=2260, commits[8224e767-71c1-41fc-a01a-d172d48fd9d8:c2263, 6eae0c21-01aa-4169-956f-5952b26ea7ba:c2259, 8d7dcba1-3b82-4d94-a832-514ef5c79cf8:c2259]
2019-08-21 02:17:20,552 | INFO  | DNAudit | user=null | ip=null | op=WRITE_CHUNK {blockData=conID: 1 locID: 102652565293302262 bcsId: 0} | ret=SUCCESS |  
2019-08-21 02:17:20,552 | INFO  | DNAudit | user=null | ip=null | op=PUT_BLOCK {blockData=[blockId=conID: 1 locID: 102652565293302262 bcsId: 0,size=2097152]} | ret=SUCCESS |  
2019-08-21 02:17:20,552 | INFO  | DNAudit | user=null | ip=null | op=WRITE_CHUNK {blockData=conID: 1 locID: 102652565293302262 bcsId: 0} | ret=SUCCESS |  
2019-08-21 02:17:20,552 [grpc-default-executor-1] INFO  client.GrpcClientProtocolClient (GrpcClientProtocolClient.java:onNext(255)) - client-54CC064C3FCE->8224e767-71c1-41fc-a01a-d172d48fd9d8: receive RaftClientReply:client-54CC064C3FCE->8224e767-71c1-41fc-a01a-d172d48fd9d8@group-F6B37CC92441, cid=1587, SUCCESS, logIndex=2261, commits[8224e767-71c1-41fc-a01a-d172d48fd9d8:c2263, 6eae0c21-01aa-4169-956f-5952b26ea7ba:c2259, 8d7dcba1-3b82-4d94-a832-514ef5c79cf8:c2259]
2019-08-21 02:17:20,553 [grpc-default-executor-1] INFO  client.GrpcClientProtocolClient (GrpcClientProtocolClient.java:onNext(255)) - client-54CC064C3FCE->8224e767-71c1-41fc-a01a-d172d48fd9d8: receive RaftClientReply:client-54CC064C3FCE->8224e767-71c1-41fc-a01a-d172d48fd9d8@group-F6B37CC92441, cid=1588, SUCCESS, logIndex=2262, commits[8224e767-71c1-41fc-a01a-d172d48fd9d8:c2263, 6eae0c21-01aa-4169-956f-5952b26ea7ba:c2259, 8d7dcba1-3b82-4d94-a832-514ef5c79cf8:c2259]
2019-08-21 02:17:20,553 [grpc-default-executor-1] INFO  client.GrpcClientProtocolClient (GrpcClientProtocolClient.java:onNext(255)) - client-54CC064C3FCE->8224e767-71c1-41fc-a01a-d172d48fd9d8: receive RaftClientReply:client-54CC064C3FCE->8224e767-71c1-41fc-a01a-d172d48fd9d8@group-F6B37CC92441, cid=1589, SUCCESS, logIndex=2263, commits[8224e767-71c1-41fc-a01a-d172d48fd9d8:c2264, 6eae0c21-01aa-4169-956f-5952b26ea7ba:c2260, 8d7dcba1-3b82-4d94-a832-514ef5c79cf8:c2259]
2019-08-21 02:17:20,553 | INFO  | DNAudit | user=null | ip=null | op=WRITE_CHUNK {blockData=conID: 1 locID: 102652565293302262 bcsId: 0} | ret=SUCCESS |  
2019-08-21 02:17:20,554 | INFO  | DNAudit | user=null | ip=null | op=PUT_BLOCK {blockData=[blockId=conID: 1 locID: 102652565293302262 bcsId: 0,size=1048576]} | ret=SUCCESS |  
2019-08-21 02:17:20,554 | INFO  | DNAudit | user=null | ip=null | op=WRITE_CHUNK {blockData=conID: 1 locID: 102652565293302262 bcsId: 0} | ret=SUCCESS |  
2019-08-21 02:17:20,554 | INFO  | DNAudit | user=null | ip=null | op=PUT_BLOCK {blockData=[blockId=conID: 1 locID: 102652565293302262 bcsId: 0,size=2097152]} | ret=SUCCESS |  
2019-08-21 02:17:20,556 | INFO  | DNAudit | user=null | ip=null | op=PUT_BLOCK {blockData=[blockId=conID: 1 locID: 102652565293302262 bcsId: 0,size=1048576]} | ret=SUCCESS |  
2019-08-21 02:17:20,556 | INFO  | DNAudit | user=null | ip=null | op=WRITE_CHUNK {blockData=conID: 1 locID: 102652565293302262 bcsId: 0} | ret=SUCCESS |  
2019-08-21 02:17:20,556 | INFO  | DNAudit | user=null | ip=null | op=PUT_BLOCK {blockData=[blockId=conID: 1 locID: 102652565293302262 bcsId: 0,size=2097152]} | ret=SUCCESS |  
2019-08-21 02:17:20,556 [grpc-default-executor-1] INFO  client.GrpcClientProtocolClient (GrpcClientProtocolClient.java:onNext(255)) - client-54CC064C3FCE->8224e767-71c1-41fc-a01a-d172d48fd9d8: receive RaftClientReply:client-54CC064C3FCE->8224e767-71c1-41fc-a01a-d172d48fd9d8@group-F6B37CC92441, cid=1590, SUCCESS, logIndex=0, commits[8224e767-71c1-41fc-a01a-d172d48fd9d8:c2267, 6eae0c21-01aa-4169-956f-5952b26ea7ba:c2261, 8d7dcba1-3b82-4d94-a832-514ef5c79cf8:c2263]
2019-08-21 02:17:20,562 | INFO  | DNAudit | user=null | ip=null | op=WRITE_CHUNK {blockData=conID: 1 locID: 102652565293302262 bcsId: 2263} | ret=SUCCESS |  
2019-08-21 02:17:20,565 | INFO  | DNAudit | user=null | ip=null | op=WRITE_CHUNK {blockData=conID: 1 locID: 102652565293302262 bcsId: 2263} | ret=SUCCESS |  
2019-08-21 02:17:20,566 | INFO  | DNAudit | user=null | ip=null | op=WRITE_CHUNK {blockData=conID: 1 locID: 102652565293302262 bcsId: 2263} | ret=SUCCESS |  
2019-08-21 02:17:20,568 | INFO  | DNAudit | user=null | ip=null | op=WRITE_CHUNK {blockData=conID: 1 locID: 102652565293302262 bcsId: 2263} | ret=SUCCESS |  
2019-08-21 02:17:20,568 | INFO  | DNAudit | user=null | ip=null | op=PUT_BLOCK {blockData=[blockId=conID: 1 locID: 102652565293302262 bcsId: 0,size=3145728]} | ret=SUCCESS |  
2019-08-21 02:17:20,568 [grpc-default-executor-1] INFO  client.GrpcClientProtocolClient (GrpcClientProtocolClient.java:onNext(255)) - client-54CC064C3FCE->8224e767-71c1-41fc-a01a-d172d48fd9d8: receive RaftClientReply:client-54CC064C3FCE->8224e767-71c1-41fc-a01a-d172d48fd9d8@group-F6B37CC92441, cid=1591, SUCCESS, logIndex=2268, commits[8224e767-71c1-41fc-a01a-d172d48fd9d8:c2269, 6eae0c21-01aa-4169-956f-5952b26ea7ba:c2263, 8d7dcba1-3b82-4d94-a832-514ef5c79cf8:c2267]
2019-08-21 02:17:20,569 [grpc-default-executor-1] INFO  client.GrpcClientProtocolClient (GrpcClientProtocolClient.java:onNext(255)) - client-54CC064C3FCE->8224e767-71c1-41fc-a01a-d172d48fd9d8: receive RaftClientReply:client-54CC064C3FCE->8224e767-71c1-41fc-a01a-d172d48fd9d8@group-F6B37CC92441, cid=1592, SUCCESS, logIndex=2269, commits[8224e767-71c1-41fc-a01a-d172d48fd9d8:c2269, 6eae0c21-01aa-4169-956f-5952b26ea7ba:c2267, 8d7dcba1-3b82-4d94-a832-514ef5c79cf8:c2267]
2019-08-21 02:17:20,571 | INFO  | DNAudit | user=null | ip=null | op=WRITE_CHUNK {blockData=conID: 1 locID: 102652565293302262 bcsId: 2263} | ret=SUCCESS |  
2019-08-21 02:17:20,571 | INFO  | DNAudit | user=null | ip=null | op=WRITE_CHUNK {blockData=conID: 1 locID: 102652565293302262 bcsId: 2263} | ret=SUCCESS |  
2019-08-21 02:17:20,573 | INFO  | DNAudit | user=null | ip=null | op=PUT_BLOCK {blockData=[blockId=conID: 1 locID: 102652565293302262 bcsId: 0,size=3145728]} | ret=SUCCESS |  
2019-08-21 02:17:20,573 | INFO  | DNAudit | user=null | ip=null | op=PUT_BLOCK {blockData=[blockId=conID: 1 locID: 102652565293302262 bcsId: 0,size=3145728]} | ret=SUCCESS |  
2019-08-21 02:17:20,574 | INFO  | DNAudit | user=null | ip=null | op=WRITE_CHUNK {blockData=conID: 1 locID: 102652565293302262 bcsId: 2269} | ret=SUCCESS |  
2019-08-21 02:17:20,576 | INFO  | DNAudit | user=null | ip=null | op=WRITE_CHUNK {blockData=conID: 1 locID: 102652565293302262 bcsId: 2269} | ret=SUCCESS |  
2019-08-21 02:17:20,577 | INFO  | DNAudit | user=null | ip=null | op=WRITE_CHUNK {blockData=conID: 1 locID: 102652565293302262 bcsId: 2269} | ret=SUCCESS |  
2019-08-21 02:17:20,579 | INFO  | DNAudit | user=null | ip=null | op=WRITE_CHUNK {blockData=conID: 1 locID: 102652565293302262 bcsId: 2269} | ret=SUCCESS |  
2019-08-21 02:17:20,579 | INFO  | DNAudit | user=null | ip=null | op=PUT_BLOCK {blockData=[blockId=conID: 1 locID: 102652565293302262 bcsId: 0,size=4194304]} | ret=SUCCESS |  
2019-08-21 02:17:20,579 [grpc-default-executor-0] INFO  client.GrpcClientProtocolClient (GrpcClientProtocolClient.java:onNext(255)) - client-54CC064C3FCE->8224e767-71c1-41fc-a01a-d172d48fd9d8: receive RaftClientReply:client-54CC064C3FCE->8224e767-71c1-41fc-a01a-d172d48fd9d8@group-F6B37CC92441, cid=1593, SUCCESS, logIndex=2272, commits[8224e767-71c1-41fc-a01a-d172d48fd9d8:c2273, 6eae0c21-01aa-4169-956f-5952b26ea7ba:c2271, 8d7dcba1-3b82-4d94-a832-514ef5c79cf8:c2271]
2019-08-21 02:17:20,579 [grpc-default-executor-0] INFO  client.GrpcClientProtocolClient (GrpcClientProtocolClient.java:onNext(255)) - client-54CC064C3FCE->8224e767-71c1-41fc-a01a-d172d48fd9d8: receive RaftClientReply:client-54CC064C3FCE->8224e767-71c1-41fc-a01a-d172d48fd9d8@group-F6B37CC92441, cid=1594, SUCCESS, logIndex=2273, commits[8224e767-71c1-41fc-a01a-d172d48fd9d8:c2273, 6eae0c21-01aa-4169-956f-5952b26ea7ba:c2271, 8d7dcba1-3b82-4d94-a832-514ef5c79cf8:c2271]
2019-08-21 02:17:20,581 | INFO  | DNAudit | user=null | ip=null | op=WRITE_CHUNK {blockData=conID: 1 locID: 102652565293302262 bcsId: 2269} | ret=SUCCESS |  
2019-08-21 02:17:20,581 | INFO  | DNAudit | user=null | ip=null | op=WRITE_CHUNK {blockData=conID: 1 locID: 102652565293302262 bcsId: 2269} | ret=SUCCESS |  
2019-08-21 02:17:20,582 | INFO  | DNAudit | user=null | ip=null | op=PUT_BLOCK {blockData=[blockId=conID: 1 locID: 102652565293302262 bcsId: 0,size=4194304]} | ret=SUCCESS |  
2019-08-21 02:17:20,582 | INFO  | DNAudit | user=null | ip=null | op=PUT_BLOCK {blockData=[blockId=conID: 1 locID: 102652565293302262 bcsId: 0,size=4194304]} | ret=SUCCESS |  
2019-08-21 02:17:20,583 [grpc-default-executor-0] INFO  client.GrpcClientProtocolClient (GrpcClientProtocolClient.java:onNext(255)) - client-54CC064C3FCE->8224e767-71c1-41fc-a01a-d172d48fd9d8: receive RaftClientReply:client-54CC064C3FCE->8224e767-71c1-41fc-a01a-d172d48fd9d8@group-F6B37CC92441, cid=1595, SUCCESS, logIndex=0, commits[8224e767-71c1-41fc-a01a-d172d48fd9d8:c2275, 6eae0c21-01aa-4169-956f-5952b26ea7ba:c2273, 8d7dcba1-3b82-4d94-a832-514ef5c79cf8:c2273]
2019-08-21 02:17:20,588 | INFO  | SCMAudit | user=jenkins1000 | ip=192.168.34.10 | op=ALLOCATE_BLOCK {owner=b6f66289-f2a0-4058-b052-0a85e40df67b, size=4194304, type=RATIS, factor=THREE} | ret=SUCCESS |  
2019-08-21 02:17:20,591 | INFO  | OMAudit | user=jenkins1000 | ip=127.0.0.1 | op=ALLOCATE_BLOCK {volume=vol-0-90982, bucket=bucket-0-24269, key=key-0-81262, dataSize=0, replicationType=null, replicationFactor=null, keyLocationInfo=null, clientID=102652564580991378} | ret=SUCCESS |  
2019-08-21 02:17:20,597 | INFO  | DNAudit | user=null | ip=null | op=WRITE_CHUNK {blockData=conID: 2 locID: 102652565296775671 bcsId: 0} | ret=SUCCESS |  
 0.00% |█                                                                                                    |  0/1 Time: 0:00:112019-08-21 02:17:20,701 | INFO  | DNAudit | user=null | ip=null | op=WRITE_CHUNK {blockData=conID: 2 locID: 102652565296775671 bcsId: 0} | ret=SUCCESS |  
2019-08-21 02:17:20,701 | INFO  | DNAudit | user=null | ip=null | op=WRITE_CHUNK {blockData=conID: 2 locID: 102652565296775671 bcsId: 0} | ret=SUCCESS |  
2019-08-21 02:17:20,701 | INFO  | DNAudit | user=null | ip=null | op=WRITE_CHUNK {blockData=conID: 2 locID: 102652565296775671 bcsId: 0} | ret=SUCCESS |  
2019-08-21 02:17:20,702 | INFO  | SCMAudit | user=jenkins1000 | ip=192.168.34.10 | op=SEND_HEARTBEAT {datanodeUUID=94764dae-819c-4b7e-92f1-9cd6c64427b7, command=[]} | ret=SUCCESS |  
2019-08-21 02:17:20,702 | INFO  | SCMAudit | user=jenkins1000 | ip=192.168.34.10 | op=SEND_HEARTBEAT {datanodeUUID=3def7c30-cb13-4f41-8119-6188f246ad27, command=[]} | ret=SUCCESS |  
2019-08-21 02:17:20,706 | INFO  | DNAudit | user=null | ip=null | op=WRITE_CHUNK {blockData=conID: 2 locID: 102652565296775671 bcsId: 0} | ret=SUCCESS |  
2019-08-21 02:17:20,706 | INFO  | DNAudit | user=null | ip=null | op=WRITE_CHUNK {blockData=conID: 2 locID: 102652565296775671 bcsId: 0} | ret=SUCCESS |  
2019-08-21 02:17:20,714 | INFO  | DNAudit | user=null | ip=null | op=WRITE_CHUNK {blockData=conID: 2 locID: 102652565296775671 bcsId: 0} | ret=SUCCESS |  
2019-08-21 02:17:20,715 | INFO  | DNAudit | user=null | ip=null | op=PUT_BLOCK {blockData=[blockId=conID: 2 locID: 102652565296775671 bcsId: 0,size=1048576]} | ret=SUCCESS |  
2019-08-21 02:17:20,715 [grpc-default-executor-1] INFO  client.GrpcClientProtocolClient (GrpcClientProtocolClient.java:onNext(255)) - client-54CC064C3FCE->8224e767-71c1-41fc-a01a-d172d48fd9d8: receive RaftClientReply:client-54CC064C3FCE->8224e767-71c1-41fc-a01a-d172d48fd9d8@group-F6B37CC92441, cid=1596, SUCCESS, logIndex=2276, commits[8224e767-71c1-41fc-a01a-d172d48fd9d8:c2277, 6eae0c21-01aa-4169-956f-5952b26ea7ba:c2275, 8d7dcba1-3b82-4d94-a832-514ef5c79cf8:c2273]
2019-08-21 02:17:20,715 | INFO  | DNAudit | user=null | ip=null | op=WRITE_CHUNK {blockData=conID: 2 locID: 102652565296775671 bcsId: 0} | ret=SUCCESS |  
2019-08-21 02:17:20,716 | INFO  | DNAudit | user=null | ip=null | op=PUT_BLOCK {blockData=[blockId=conID: 2 locID: 102652565296775671 bcsId: 0,size=2097152]} | ret=SUCCESS |  
2019-08-21 02:17:20,716 [grpc-default-executor-1] INFO  client.GrpcClientProtocolClient (GrpcClientProtocolClient.java:onNext(255)) - client-54CC064C3FCE->8224e767-71c1-41fc-a01a-d172d48fd9d8: receive RaftClientReply:client-54CC064C3FCE->8224e767-71c1-41fc-a01a-d172d48fd9d8@group-F6B37CC92441, cid=1597, SUCCESS, logIndex=2277, commits[8224e767-71c1-41fc-a01a-d172d48fd9d8:c2279, 6eae0c21-01aa-4169-956f-5952b26ea7ba:c2275, 8d7dcba1-3b82-4d94-a832-514ef5c79cf8:c2275]
2019-08-21 02:17:20,716 [grpc-default-executor-1] INFO  client.GrpcClientProtocolClient (GrpcClientProtocolClient.java:onNext(255)) - client-54CC064C3FCE->8224e767-71c1-41fc-a01a-d172d48fd9d8: receive RaftClientReply:client-54CC064C3FCE->8224e767-71c1-41fc-a01a-d172d48fd9d8@group-F6B37CC92441, cid=1598, SUCCESS, logIndex=2278, commits[8224e767-71c1-41fc-a01a-d172d48fd9d8:c2279, 6eae0c21-01aa-4169-956f-5952b26ea7ba:c2275, 8d7dcba1-3b82-4d94-a832-514ef5c79cf8:c2275]
2019-08-21 02:17:20,716 [grpc-default-executor-1] INFO  client.GrpcClientProtocolClient (GrpcClientProtocolClient.java:onNext(255)) - client-54CC064C3FCE->8224e767-71c1-41fc-a01a-d172d48fd9d8: receive RaftClientReply:client-54CC064C3FCE->8224e767-71c1-41fc-a01a-d172d48fd9d8@group-F6B37CC92441, cid=1599, SUCCESS, logIndex=2279, commits[8224e767-71c1-41fc-a01a-d172d48fd9d8:c2279, 6eae0c21-01aa-4169-956f-5952b26ea7ba:c2275, 8d7dcba1-3b82-4d94-a832-514ef5c79cf8:c2275]
2019-08-21 02:17:20,728 | INFO  | DNAudit | user=null | ip=null | op=WRITE_CHUNK {blockData=conID: 2 locID: 102652565296775671 bcsId: 0} | ret=SUCCESS |  
2019-08-21 02:17:20,728 | INFO  | DNAudit | user=null | ip=null | op=WRITE_CHUNK {blockData=conID: 2 locID: 102652565296775671 bcsId: 0} | ret=SUCCESS |  
2019-08-21 02:17:20,729 | INFO  | DNAudit | user=null | ip=null | op=PUT_BLOCK {blockData=[blockId=conID: 2 locID: 102652565296775671 bcsId: 0,size=1048576]} | ret=SUCCESS |  
2019-08-21 02:17:20,729 | INFO  | DNAudit | user=null | ip=null | op=PUT_BLOCK {blockData=[blockId=conID: 2 locID: 102652565296775671 bcsId: 0,size=1048576]} | ret=SUCCESS |  
2019-08-21 02:17:20,729 | INFO  | DNAudit | user=null | ip=null | op=WRITE_CHUNK {blockData=conID: 2 locID: 102652565296775671 bcsId: 0} | ret=SUCCESS |  
2019-08-21 02:17:20,729 | INFO  | DNAudit | user=null | ip=null | op=PUT_BLOCK {blockData=[blockId=conID: 2 locID: 102652565296775671 bcsId: 0,size=2097152]} | ret=SUCCESS |  
2019-08-21 02:17:20,729 | INFO  | DNAudit | user=null | ip=null | op=WRITE_CHUNK {blockData=conID: 2 locID: 102652565296775671 bcsId: 0} | ret=SUCCESS |  
2019-08-21 02:17:20,730 | INFO  | DNAudit | user=null | ip=null | op=PUT_BLOCK {blockData=[blockId=conID: 2 locID: 102652565296775671 bcsId: 0,size=2097152]} | ret=SUCCESS |  
2019-08-21 02:17:20,730 [grpc-default-executor-1] INFO  client.GrpcClientProtocolClient (GrpcClientProtocolClient.java:onNext(255)) - client-54CC064C3FCE->8224e767-71c1-41fc-a01a-d172d48fd9d8: receive RaftClientReply:client-54CC064C3FCE->8224e767-71c1-41fc-a01a-d172d48fd9d8@group-F6B37CC92441, cid=1600, SUCCESS, logIndex=0, commits[8224e767-71c1-41fc-a01a-d172d48fd9d8:c2281, 6eae0c21-01aa-4169-956f-5952b26ea7ba:c2277, 8d7dcba1-3b82-4d94-a832-514ef5c79cf8:c2277]
2019-08-21 02:17:20,737 | INFO  | DNAudit | user=null | ip=null | op=WRITE_CHUNK {blockData=conID: 2 locID: 102652565296775671 bcsId: 2279} | ret=SUCCESS |  
2019-08-21 02:17:20,739 | INFO  | DNAudit | user=null | ip=null | op=WRITE_CHUNK {blockData=conID: 2 locID: 102652565296775671 bcsId: 2279} | ret=SUCCESS |  
2019-08-21 02:17:20,739 | INFO  | DNAudit | user=null | ip=null | op=WRITE_CHUNK {blockData=conID: 2 locID: 102652565296775671 bcsId: 2279} | ret=SUCCESS |  
2019-08-21 02:17:20,749 | INFO  | DNAudit | user=null | ip=null | op=WRITE_CHUNK {blockData=conID: 2 locID: 102652565296775671 bcsId: 2279} | ret=SUCCESS |  
2019-08-21 02:17:20,750 | INFO  | DNAudit | user=null | ip=null | op=PUT_BLOCK {blockData=[blockId=conID: 2 locID: 102652565296775671 bcsId: 0,size=3145728]} | ret=SUCCESS |  
2019-08-21 02:17:20,750 [grpc-default-executor-0] INFO  client.GrpcClientProtocolClient (GrpcClientProtocolClient.java:onNext(255)) - client-54CC064C3FCE->8224e767-71c1-41fc-a01a-d172d48fd9d8: receive RaftClientReply:client-54CC064C3FCE->8224e767-71c1-41fc-a01a-d172d48fd9d8@group-F6B37CC92441, cid=1601, SUCCESS, logIndex=2284, commits[8224e767-71c1-41fc-a01a-d172d48fd9d8:c2285, 6eae0c21-01aa-4169-956f-5952b26ea7ba:c2283, 8d7dcba1-3b82-4d94-a832-514ef5c79cf8:c2283]
2019-08-21 02:17:20,751 [grpc-default-executor-0] INFO  client.GrpcClientProtocolClient (GrpcClientProtocolClient.java:onNext(255)) - client-54CC064C3FCE->8224e767-71c1-41fc-a01a-d172d48fd9d8: receive RaftClientReply:client-54CC064C3FCE->8224e767-71c1-41fc-a01a-d172d48fd9d8@group-F6B37CC92441, cid=1602, SUCCESS, logIndex=2285, commits[8224e767-71c1-41fc-a01a-d172d48fd9d8:c2285, 6eae0c21-01aa-4169-956f-5952b26ea7ba:c2283, 8d7dcba1-3b82-4d94-a832-514ef5c79cf8:c2283]
2019-08-21 02:17:20,758 | INFO  | DNAudit | user=null | ip=null | op=WRITE_CHUNK {blockData=conID: 2 locID: 102652565296775671 bcsId: 2285} | ret=SUCCESS |  
2019-08-21 02:17:20,760 | INFO  | DNAudit | user=null | ip=null | op=WRITE_CHUNK {blockData=conID: 2 locID: 102652565296775671 bcsId: 2285} | ret=SUCCESS |  
2019-08-21 02:17:20,761 | INFO  | DNAudit | user=null | ip=null | op=WRITE_CHUNK {blockData=conID: 2 locID: 102652565296775671 bcsId: 2285} | ret=SUCCESS |  
2019-08-21 02:17:20,761 | INFO  | DNAudit | user=null | ip=null | op=WRITE_CHUNK {blockData=conID: 2 locID: 102652565296775671 bcsId: 2279} | ret=SUCCESS |  
2019-08-21 02:17:20,761 | INFO  | DNAudit | user=null | ip=null | op=WRITE_CHUNK {blockData=conID: 2 locID: 102652565296775671 bcsId: 2279} | ret=SUCCESS |  
2019-08-21 02:17:20,773 | INFO  | DNAudit | user=null | ip=null | op=PUT_BLOCK {blockData=[blockId=conID: 2 locID: 102652565296775671 bcsId: 0,size=3145728]} | ret=SUCCESS |  
2019-08-21 02:17:20,774 | INFO  | DNAudit | user=null | ip=null | op=PUT_BLOCK {blockData=[blockId=conID: 2 locID: 102652565296775671 bcsId: 0,size=3145728]} | ret=SUCCESS |  
2019-08-21 02:17:20,774 | INFO  | DNAudit | user=null | ip=null | op=WRITE_CHUNK {blockData=conID: 2 locID: 102652565296775671 bcsId: 2285} | ret=SUCCESS |  
2019-08-21 02:17:20,775 | INFO  | DNAudit | user=null | ip=null | op=PUT_BLOCK {blockData=[blockId=conID: 2 locID: 102652565296775671 bcsId: 0,size=4194304]} | ret=SUCCESS |  
2019-08-21 02:17:20,775 [grpc-default-executor-1] INFO  client.GrpcClientProtocolClient (GrpcClientProtocolClient.java:onNext(255)) - client-54CC064C3FCE->8224e767-71c1-41fc-a01a-d172d48fd9d8: receive RaftClientReply:client-54CC064C3FCE->8224e767-71c1-41fc-a01a-d172d48fd9d8@group-F6B37CC92441, cid=1603, SUCCESS, logIndex=2288, commits[8224e767-71c1-41fc-a01a-d172d48fd9d8:c2289, 6eae0c21-01aa-4169-956f-5952b26ea7ba:c2285, 8d7dcba1-3b82-4d94-a832-514ef5c79cf8:c2285]
2019-08-21 02:17:20,776 [grpc-default-executor-1] INFO  client.GrpcClientProtocolClient (GrpcClientProtocolClient.java:onNext(255)) - client-54CC064C3FCE->8224e767-71c1-41fc-a01a-d172d48fd9d8: receive RaftClientReply:client-54CC064C3FCE->8224e767-71c1-41fc-a01a-d172d48fd9d8@group-F6B37CC92441, cid=1604, SUCCESS, logIndex=2289, commits[8224e767-71c1-41fc-a01a-d172d48fd9d8:c2289, 6eae0c21-01aa-4169-956f-5952b26ea7ba:c2285, 8d7dcba1-3b82-4d94-a832-514ef5c79cf8:c2285]
2019-08-21 02:17:20,785 | INFO  | DNAudit | user=null | ip=null | op=WRITE_CHUNK {blockData=conID: 2 locID: 102652565296775671 bcsId: 2285} | ret=SUCCESS |  
2019-08-21 02:17:20,786 | INFO  | DNAudit | user=null | ip=null | op=WRITE_CHUNK {blockData=conID: 2 locID: 102652565296775671 bcsId: 2285} | ret=SUCCESS |  
2019-08-21 02:17:20,788 | INFO  | DNAudit | user=null | ip=null | op=PUT_BLOCK {blockData=[blockId=conID: 2 locID: 102652565296775671 bcsId: 0,size=4194304]} | ret=SUCCESS |  
2019-08-21 02:17:20,788 | INFO  | DNAudit | user=null | ip=null | op=PUT_BLOCK {blockData=[blockId=conID: 2 locID: 102652565296775671 bcsId: 0,size=4194304]} | ret=SUCCESS |  
2019-08-21 02:17:20,790 [grpc-default-executor-1] INFO  client.GrpcClientProtocolClient (GrpcClientProtocolClient.java:onNext(255)) - client-54CC064C3FCE->8224e767-71c1-41fc-a01a-d172d48fd9d8: receive RaftClientReply:client-54CC064C3FCE->8224e767-71c1-41fc-a01a-d172d48fd9d8@group-F6B37CC92441, cid=1605, SUCCESS, logIndex=0, commits[8224e767-71c1-41fc-a01a-d172d48fd9d8:c2291, 6eae0c21-01aa-4169-956f-5952b26ea7ba:c2289, 8d7dcba1-3b82-4d94-a832-514ef5c79cf8:c2289]
2019-08-21 02:17:20,796 | INFO  | SCMAudit | user=jenkins1000 | ip=192.168.34.10 | op=ALLOCATE_BLOCK {owner=b6f66289-f2a0-4058-b052-0a85e40df67b, size=4194304, type=RATIS, factor=THREE} | ret=SUCCESS |  
2019-08-21 02:17:20,800 | INFO  | OMAudit | user=jenkins1000 | ip=127.0.0.1 | op=ALLOCATE_BLOCK {volume=vol-0-90982, bucket=bucket-0-24269, key=key-0-81262, dataSize=0, replicationType=null, replicationFactor=null, keyLocationInfo=null, clientID=102652564580991378} | ret=SUCCESS |  
2019-08-21 02:17:20,808 | INFO  | DNAudit | user=null | ip=null | op=WRITE_CHUNK {blockData=conID: 3 locID: 102652565310407160 bcsId: 0} | ret=SUCCESS |  
2019-08-21 02:17:20,811 | INFO  | DNAudit | user=null | ip=null | op=WRITE_CHUNK {blockData=conID: 3 locID: 102652565310407160 bcsId: 0} | ret=SUCCESS |  
2019-08-21 02:17:20,812 | INFO  | DNAudit | user=null | ip=null | op=WRITE_CHUNK {blockData=conID: 3 locID: 102652565310407160 bcsId: 0} | ret=SUCCESS |  
2019-08-21 02:17:20,812 | INFO  | DNAudit | user=null | ip=null | op=WRITE_CHUNK {blockData=conID: 3 locID: 102652565310407160 bcsId: 0} | ret=SUCCESS |  
2019-08-21 02:17:20,815 | INFO  | DNAudit | user=null | ip=null | op=WRITE_CHUNK {blockData=conID: 3 locID: 102652565310407160 bcsId: 0} | ret=SUCCESS |  
2019-08-21 02:17:20,816 | INFO  | DNAudit | user=null | ip=null | op=WRITE_CHUNK {blockData=conID: 3 locID: 102652565310407160 bcsId: 0} | ret=SUCCESS |  
2019-08-21 02:17:20,821 | INFO  | DNAudit | user=null | ip=null | op=WRITE_CHUNK {blockData=conID: 3 locID: 102652565310407160 bcsId: 0} | ret=SUCCESS |  
2019-08-21 02:17:20,822 | INFO  | DNAudit | user=null | ip=null | op=PUT_BLOCK {blockData=[blockId=conID: 3 locID: 102652565310407160 bcsId: 0,size=1048576]} | ret=SUCCESS |  
2019-08-21 02:17:20,822 | INFO  | DNAudit | user=null | ip=null | op=WRITE_CHUNK {blockData=conID: 3 locID: 102652565310407160 bcsId: 0} | ret=SUCCESS |  
2019-08-21 02:17:20,823 [grpc-default-executor-2] INFO  client.GrpcClientProtocolClient (GrpcClientProtocolClient.java:onNext(255)) - client-54CC064C3FCE->8224e767-71c1-41fc-a01a-d172d48fd9d8: receive RaftClientReply:client-54CC064C3FCE->8224e767-71c1-41fc-a01a-d172d48fd9d8@group-F6B37CC92441, cid=1606, SUCCESS, logIndex=2292, commits[8224e767-71c1-41fc-a01a-d172d48fd9d8:c2293, 6eae0c21-01aa-4169-956f-5952b26ea7ba:c2291, 8d7dcba1-3b82-4d94-a832-514ef5c79cf8:c2291]
2019-08-21 02:17:20,823 | INFO  | DNAudit | user=null | ip=null | op=PUT_BLOCK {blockData=[blockId=conID: 3 locID: 102652565310407160 bcsId: 0,size=2097152]} | ret=SUCCESS |  
2019-08-21 02:17:20,824 [grpc-default-executor-2] INFO  client.GrpcClientProtocolClient (GrpcClientProtocolClient.java:onNext(255)) - client-54CC064C3FCE->8224e767-71c1-41fc-a01a-d172d48fd9d8: receive RaftClientReply:client-54CC064C3FCE->8224e767-71c1-41fc-a01a-d172d48fd9d8@group-F6B37CC92441, cid=1607, SUCCESS, logIndex=2293, commits[8224e767-71c1-41fc-a01a-d172d48fd9d8:c2294, 6eae0c21-01aa-4169-956f-5952b26ea7ba:c2291, 8d7dcba1-3b82-4d94-a832-514ef5c79cf8:c2291]
2019-08-21 02:17:20,824 [grpc-default-executor-1] INFO  client.GrpcClientProtocolClient (GrpcClientProtocolClient.java:onNext(255)) - client-54CC064C3FCE->8224e767-71c1-41fc-a01a-d172d48fd9d8: receive RaftClientReply:client-54CC064C3FCE->8224e767-71c1-41fc-a01a-d172d48fd9d8@group-F6B37CC92441, cid=1608, SUCCESS, logIndex=2294, commits[8224e767-71c1-41fc-a01a-d172d48fd9d8:c2294, 6eae0c21-01aa-4169-956f-5952b26ea7ba:c2291, 8d7dcba1-3b82-4d94-a832-514ef5c79cf8:c2291]
2019-08-21 02:17:20,824 [grpc-default-executor-1] INFO  client.GrpcClientProtocolClient (GrpcClientProtocolClient.java:onNext(255)) - client-54CC064C3FCE->8224e767-71c1-41fc-a01a-d172d48fd9d8: receive RaftClientReply:client-54CC064C3FCE->8224e767-71c1-41fc-a01a-d172d48fd9d8@group-F6B37CC92441, cid=1609, SUCCESS, logIndex=2295, commits[8224e767-71c1-41fc-a01a-d172d48fd9d8:c2295, 6eae0c21-01aa-4169-956f-5952b26ea7ba:c2291, 8d7dcba1-3b82-4d94-a832-514ef5c79cf8:c2291]
2019-08-21 02:17:20,835 | INFO  | DNAudit | user=null | ip=null | op=WRITE_CHUNK {blockData=conID: 3 locID: 102652565310407160 bcsId: 0} | ret=SUCCESS |  
2019-08-21 02:17:20,835 | INFO  | DNAudit | user=null | ip=null | op=PUT_BLOCK {blockData=[blockId=conID: 3 locID: 102652565310407160 bcsId: 0,size=1048576]} | ret=SUCCESS |  
2019-08-21 02:17:20,835 | INFO  | DNAudit | user=null | ip=null | op=WRITE_CHUNK {blockData=conID: 3 locID: 102652565310407160 bcsId: 0} | ret=SUCCESS |  
2019-08-21 02:17:20,836 | INFO  | DNAudit | user=null | ip=null | op=PUT_BLOCK {blockData=[blockId=conID: 3 locID: 102652565310407160 bcsId: 0,size=1048576]} | ret=SUCCESS |  
2019-08-21 02:17:20,836 | INFO  | DNAudit | user=null | ip=null | op=WRITE_CHUNK {blockData=conID: 3 locID: 102652565310407160 bcsId: 0} | ret=SUCCESS |  
2019-08-21 02:17:20,836 | INFO  | DNAudit | user=null | ip=null | op=WRITE_CHUNK {blockData=conID: 3 locID: 102652565310407160 bcsId: 0} | ret=SUCCESS |  
2019-08-21 02:17:20,836 | INFO  | DNAudit | user=null | ip=null | op=PUT_BLOCK {blockData=[blockId=conID: 3 locID: 102652565310407160 bcsId: 0,size=2097152]} | ret=SUCCESS |  
2019-08-21 02:17:20,836 | INFO  | DNAudit | user=null | ip=null | op=PUT_BLOCK {blockData=[blockId=conID: 3 locID: 102652565310407160 bcsId: 0,size=2097152]} | ret=SUCCESS |  
2019-08-21 02:17:20,836 [grpc-default-executor-1] INFO  client.GrpcClientProtocolClient (GrpcClientProtocolClient.java:onNext(255)) - client-54CC064C3FCE->8224e767-71c1-41fc-a01a-d172d48fd9d8: receive RaftClientReply:client-54CC064C3FCE->8224e767-71c1-41fc-a01a-d172d48fd9d8@group-F6B37CC92441, cid=1610, SUCCESS, logIndex=0, commits[8224e767-71c1-41fc-a01a-d172d48fd9d8:c2297, 6eae0c21-01aa-4169-956f-5952b26ea7ba:c2293, 8d7dcba1-3b82-4d94-a832-514ef5c79cf8:c2293]
2019-08-21 02:17:20,843 | INFO  | DNAudit | user=null | ip=null | op=WRITE_CHUNK {blockData=conID: 3 locID: 102652565310407160 bcsId: 2295} | ret=SUCCESS |  
2019-08-21 02:17:20,846 | INFO  | DNAudit | user=null | ip=null | op=WRITE_CHUNK {blockData=conID: 3 locID: 102652565310407160 bcsId: 2295} | ret=SUCCESS |  
2019-08-21 02:17:20,846 | INFO  | DNAudit | user=null | ip=null | op=WRITE_CHUNK {blockData=conID: 3 locID: 102652565310407160 bcsId: 2295} | ret=SUCCESS |  
2019-08-21 02:17:20,862 | INFO  | DNAudit | user=null | ip=null | op=WRITE_CHUNK {blockData=conID: 3 locID: 102652565310407160 bcsId: 2295} | ret=SUCCESS |  
2019-08-21 02:17:20,863 | INFO  | DNAudit | user=null | ip=null | op=PUT_BLOCK {blockData=[blockId=conID: 3 locID: 102652565310407160 bcsId: 0,size=3145728]} | ret=SUCCESS |  
2019-08-21 02:17:20,863 [grpc-default-executor-0] INFO  client.GrpcClientProtocolClient (GrpcClientProtocolClient.java:onNext(255)) - client-54CC064C3FCE->8224e767-71c1-41fc-a01a-d172d48fd9d8: receive RaftClientReply:client-54CC064C3FCE->8224e767-71c1-41fc-a01a-d172d48fd9d8@group-F6B37CC92441, cid=1611, SUCCESS, logIndex=2300, commits[8224e767-71c1-41fc-a01a-d172d48fd9d8:c2301, 6eae0c21-01aa-4169-956f-5952b26ea7ba:c2299, 8d7dcba1-3b82-4d94-a832-514ef5c79cf8:c2299]
2019-08-21 02:17:20,863 [grpc-default-executor-0] INFO  client.GrpcClientProtocolClient (GrpcClientProtocolClient.java:onNext(255)) - client-54CC064C3FCE->8224e767-71c1-41fc-a01a-d172d48fd9d8: receive RaftClientReply:client-54CC064C3FCE->8224e767-71c1-41fc-a01a-d172d48fd9d8@group-F6B37CC92441, cid=1612, SUCCESS, logIndex=2301, commits[8224e767-71c1-41fc-a01a-d172d48fd9d8:c2301, 6eae0c21-01aa-4169-956f-5952b26ea7ba:c2299, 8d7dcba1-3b82-4d94-a832-514ef5c79cf8:c2299]
2019-08-21 02:17:20,870 | INFO  | DNAudit | user=null | ip=null | op=WRITE_CHUNK {blockData=conID: 3 locID: 102652565310407160 bcsId: 2301} | ret=SUCCESS |  
2019-08-21 02:17:20,873 | INFO  | DNAudit | user=null | ip=null | op=WRITE_CHUNK {blockData=conID: 3 locID: 102652565310407160 bcsId: 2301} | ret=SUCCESS |  
2019-08-21 02:17:20,873 | INFO  | DNAudit | user=null | ip=null | op=WRITE_CHUNK {blockData=conID: 3 locID: 102652565310407160 bcsId: 2301} | ret=SUCCESS |  
2019-08-21 02:17:20,875 | INFO  | DNAudit | user=null | ip=null | op=WRITE_CHUNK {blockData=conID: 3 locID: 102652565310407160 bcsId: 2295} | ret=SUCCESS |  
2019-08-21 02:17:20,875 | INFO  | DNAudit | user=null | ip=null | op=WRITE_CHUNK {blockData=conID: 3 locID: 102652565310407160 bcsId: 2295} | ret=SUCCESS |  
2019-08-21 02:17:20,875 | INFO  | DNAudit | user=null | ip=null | op=PUT_BLOCK {blockData=[blockId=conID: 3 locID: 102652565310407160 bcsId: 0,size=3145728]} | ret=SUCCESS |  
2019-08-21 02:17:20,876 | INFO  | DNAudit | user=null | ip=null | op=PUT_BLOCK {blockData=[blockId=conID: 3 locID: 102652565310407160 bcsId: 0,size=3145728]} | ret=SUCCESS |  
2019-08-21 02:17:20,877 | INFO  | DNAudit | user=null | ip=null | op=WRITE_CHUNK {blockData=conID: 3 locID: 102652565310407160 bcsId: 2301} | ret=SUCCESS |  
2019-08-21 02:17:20,877 | INFO  | DNAudit | user=null | ip=null | op=PUT_BLOCK {blockData=[blockId=conID: 3 locID: 102652565310407160 bcsId: 0,size=4194304]} | ret=SUCCESS |  
2019-08-21 02:17:20,877 [grpc-default-executor-0] INFO  client.GrpcClientProtocolClient (GrpcClientProtocolClient.java:onNext(255)) - client-54CC064C3FCE->8224e767-71c1-41fc-a01a-d172d48fd9d8: receive RaftClientReply:client-54CC064C3FCE->8224e767-71c1-41fc-a01a-d172d48fd9d8@group-F6B37CC92441, cid=1613, SUCCESS, logIndex=2304, commits[8224e767-71c1-41fc-a01a-d172d48fd9d8:c2305, 6eae0c21-01aa-4169-956f-5952b26ea7ba:c2301, 8d7dcba1-3b82-4d94-a832-514ef5c79cf8:c2301]
2019-08-21 02:17:20,878 [grpc-default-executor-0] INFO  client.GrpcClientProtocolClient (GrpcClientProtocolClient.java:onNext(255)) - client-54CC064C3FCE->8224e767-71c1-41fc-a01a-d172d48fd9d8: receive RaftClientReply:client-54CC064C3FCE->8224e767-71c1-41fc-a01a-d172d48fd9d8@group-F6B37CC92441, cid=1614, SUCCESS, logIndex=2305, commits[8224e767-71c1-41fc-a01a-d172d48fd9d8:c2305, 6eae0c21-01aa-4169-956f-5952b26ea7ba:c2301, 8d7dcba1-3b82-4d94-a832-514ef5c79cf8:c2301]
2019-08-21 02:17:20,888 | INFO  | DNAudit | user=null | ip=null | op=WRITE_CHUNK {blockData=conID: 3 locID: 102652565310407160 bcsId: 2301} | ret=SUCCESS |  
2019-08-21 02:17:20,888 | INFO  | DNAudit | user=null | ip=null | op=WRITE_CHUNK {blockData=conID: 3 locID: 102652565310407160 bcsId: 2301} | ret=SUCCESS |  
2019-08-21 02:17:20,890 | INFO  | DNAudit | user=null | ip=null | op=PUT_BLOCK {blockData=[blockId=conID: 3 locID: 102652565310407160 bcsId: 0,size=4194304]} | ret=SUCCESS |  
2019-08-21 02:17:20,890 | INFO  | DNAudit | user=null | ip=null | op=PUT_BLOCK {blockData=[blockId=conID: 3 locID: 102652565310407160 bcsId: 0,size=4194304]} | ret=SUCCESS |  
2019-08-21 02:17:20,891 [grpc-default-executor-2] INFO  client.GrpcClientProtocolClient (GrpcClientProtocolClient.java:onNext(255)) - client-54CC064C3FCE->8224e767-71c1-41fc-a01a-d172d48fd9d8: receive RaftClientReply:client-54CC064C3FCE->8224e767-71c1-41fc-a01a-d172d48fd9d8@group-F6B37CC92441, cid=1615, SUCCESS, logIndex=0, commits[8224e767-71c1-41fc-a01a-d172d48fd9d8:c2307, 6eae0c21-01aa-4169-956f-5952b26ea7ba:c2305, 8d7dcba1-3b82-4d94-a832-514ef5c79cf8:c2305]
2019-08-21 02:17:20,896 | INFO  | SCMAudit | user=jenkins1000 | ip=192.168.34.10 | op=ALLOCATE_BLOCK {owner=b6f66289-f2a0-4058-b052-0a85e40df67b, size=4194304, type=RATIS, factor=THREE} | ret=SUCCESS |  
2019-08-21 02:17:20,900 | INFO  | OMAudit | user=jenkins1000 | ip=127.0.0.1 | op=ALLOCATE_BLOCK {volume=vol-0-90982, bucket=bucket-0-24269, key=key-0-81262, dataSize=0, replicationType=null, replicationFactor=null, keyLocationInfo=null, clientID=102652564580991378} | ret=SUCCESS |  
2019-08-21 02:17:20,908 | INFO  | DNAudit | user=null | ip=null | op=WRITE_CHUNK {blockData=conID: 1 locID: 102652565316960761 bcsId: 0} | ret=SUCCESS |  
2019-08-21 02:17:20,909 | INFO  | DNAudit | user=null | ip=null | op=WRITE_CHUNK {blockData=conID: 1 locID: 102652565316960761 bcsId: 0} | ret=SUCCESS |  
2019-08-21 02:17:20,911 | INFO  | DNAudit | user=null | ip=null | op=WRITE_CHUNK {blockData=conID: 1 locID: 102652565316960761 bcsId: 0} | ret=SUCCESS |  
2019-08-21 02:17:20,912 | INFO  | DNAudit | user=null | ip=null | op=WRITE_CHUNK {blockData=conID: 1 locID: 102652565316960761 bcsId: 0} | ret=SUCCESS |  
2019-08-21 02:17:20,913 | INFO  | DNAudit | user=null | ip=null | op=WRITE_CHUNK {blockData=conID: 1 locID: 102652565316960761 bcsId: 0} | ret=SUCCESS |  
2019-08-21 02:17:20,915 | INFO  | DNAudit | user=null | ip=null | op=WRITE_CHUNK {blockData=conID: 1 locID: 102652565316960761 bcsId: 0} | ret=SUCCESS |  
2019-08-21 02:17:20,922 | INFO  | DNAudit | user=null | ip=null | op=WRITE_CHUNK {blockData=conID: 1 locID: 102652565316960761 bcsId: 0} | ret=SUCCESS |  
2019-08-21 02:17:20,923 | INFO  | DNAudit | user=null | ip=null | op=PUT_BLOCK {blockData=[blockId=conID: 1 locID: 102652565316960761 bcsId: 0,size=1048576]} | ret=SUCCESS |  
2019-08-21 02:17:20,923 [grpc-default-executor-2] INFO  client.GrpcClientProtocolClient (GrpcClientProtocolClient.java:onNext(255)) - client-54CC064C3FCE->8224e767-71c1-41fc-a01a-d172d48fd9d8: receive RaftClientReply:client-54CC064C3FCE->8224e767-71c1-41fc-a01a-d172d48fd9d8@group-F6B37CC92441, cid=1616, SUCCESS, logIndex=2308, commits[8224e767-71c1-41fc-a01a-d172d48fd9d8:c2311, 6eae0c21-01aa-4169-956f-5952b26ea7ba:c2307, 8d7dcba1-3b82-4d94-a832-514ef5c79cf8:c2307]
2019-08-21 02:17:20,923 | INFO  | DNAudit | user=null | ip=null | op=WRITE_CHUNK {blockData=conID: 1 locID: 102652565316960761 bcsId: 0} | ret=SUCCESS |  
2019-08-21 02:17:20,923 | INFO  | DNAudit | user=null | ip=null | op=PUT_BLOCK {blockData=[blockId=conID: 1 locID: 102652565316960761 bcsId: 0,size=2097152]} | ret=SUCCESS |  
2019-08-21 02:17:20,923 [grpc-default-executor-2] INFO  client.GrpcClientProtocolClient (GrpcClientProtocolClient.java:onNext(255)) - client-54CC064C3FCE->8224e767-71c1-41fc-a01a-d172d48fd9d8: receive RaftClientReply:client-54CC064C3FCE->8224e767-71c1-41fc-a01a-d172d48fd9d8@group-F6B37CC92441, cid=1617, SUCCESS, logIndex=2309, commits[8224e767-71c1-41fc-a01a-d172d48fd9d8:c2311, 6eae0c21-01aa-4169-956f-5952b26ea7ba:c2307, 8d7dcba1-3b82-4d94-a832-514ef5c79cf8:c2307]
2019-08-21 02:17:20,924 [grpc-default-executor-2] INFO  client.GrpcClientProtocolClient (GrpcClientProtocolClient.java:onNext(255)) - client-54CC064C3FCE->8224e767-71c1-41fc-a01a-d172d48fd9d8: receive RaftClientReply:client-54CC064C3FCE->8224e767-71c1-41fc-a01a-d172d48fd9d8@group-F6B37CC92441, cid=1618, SUCCESS, logIndex=2310, commits[8224e767-71c1-41fc-a01a-d172d48fd9d8:c2311, 6eae0c21-01aa-4169-956f-5952b26ea7ba:c2307, 8d7dcba1-3b82-4d94-a832-514ef5c79cf8:c2307]
2019-08-21 02:17:20,924 [grpc-default-executor-2] INFO  client.GrpcClientProtocolClient (GrpcClientProtocolClient.java:onNext(255)) - client-54CC064C3FCE->8224e767-71c1-41fc-a01a-d172d48fd9d8: receive RaftClientReply:client-54CC064C3FCE->8224e767-71c1-41fc-a01a-d172d48fd9d8@group-F6B37CC92441, cid=1619, SUCCESS, logIndex=2311, commits[8224e767-71c1-41fc-a01a-d172d48fd9d8:c2311, 6eae0c21-01aa-4169-956f-5952b26ea7ba:c2307, 8d7dcba1-3b82-4d94-a832-514ef5c79cf8:c2307]
2019-08-21 02:17:20,933 | INFO  | DNAudit | user=null | ip=null | op=WRITE_CHUNK {blockData=conID: 1 locID: 102652565316960761 bcsId: 0} | ret=SUCCESS |  
2019-08-21 02:17:20,934 | INFO  | DNAudit | user=null | ip=null | op=PUT_BLOCK {blockData=[blockId=conID: 1 locID: 102652565316960761 bcsId: 0,size=1048576]} | ret=SUCCESS |  
2019-08-21 02:17:20,934 | INFO  | DNAudit | user=null | ip=null | op=WRITE_CHUNK {blockData=conID: 1 locID: 102652565316960761 bcsId: 0} | ret=SUCCESS |  
2019-08-21 02:17:20,934 | INFO  | DNAudit | user=null | ip=null | op=PUT_BLOCK {blockData=[blockId=conID: 1 locID: 102652565316960761 bcsId: 0,size=1048576]} | ret=SUCCESS |  
2019-08-21 02:17:20,934 | INFO  | DNAudit | user=null | ip=null | op=WRITE_CHUNK {blockData=conID: 1 locID: 102652565316960761 bcsId: 0} | ret=SUCCESS |  
2019-08-21 02:17:20,934 | INFO  | DNAudit | user=null | ip=null | op=PUT_BLOCK {blockData=[blockId=conID: 1 locID: 102652565316960761 bcsId: 0,size=2097152]} | ret=SUCCESS |  
2019-08-21 02:17:20,934 [grpc-default-executor-2] INFO  client.GrpcClientProtocolClient (GrpcClientProtocolClient.java:onNext(255)) - client-54CC064C3FCE->8224e767-71c1-41fc-a01a-d172d48fd9d8: receive RaftClientReply:client-54CC064C3FCE->8224e767-71c1-41fc-a01a-d172d48fd9d8@group-F6B37CC92441, cid=1620, SUCCESS, logIndex=0, commits[8224e767-71c1-41fc-a01a-d172d48fd9d8:c2312, 6eae0c21-01aa-4169-956f-5952b26ea7ba:c2309, 8d7dcba1-3b82-4d94-a832-514ef5c79cf8:c2309]
2019-08-21 02:17:20,936 | INFO  | DNAudit | user=null | ip=null | op=WRITE_CHUNK {blockData=conID: 1 locID: 102652565316960761 bcsId: 0} | ret=SUCCESS |  
2019-08-21 02:17:20,936 | INFO  | DNAudit | user=null | ip=null | op=PUT_BLOCK {blockData=[blockId=conID: 1 locID: 102652565316960761 bcsId: 0,size=2097152]} | ret=SUCCESS |  
2019-08-21 02:17:20,941 | INFO  | DNAudit | user=null | ip=null | op=WRITE_CHUNK {blockData=conID: 1 locID: 102652565316960761 bcsId: 2311} | ret=SUCCESS |  
2019-08-21 02:17:20,942 | INFO  | DNAudit | user=null | ip=null | op=WRITE_CHUNK {blockData=conID: 1 locID: 102652565316960761 bcsId: 2311} | ret=SUCCESS |  
2019-08-21 02:17:20,943 | INFO  | DNAudit | user=null | ip=null | op=WRITE_CHUNK {blockData=conID: 1 locID: 102652565316960761 bcsId: 2311} | ret=SUCCESS |  
2019-08-21 02:17:20,957 | INFO  | DNAudit | user=null | ip=null | op=WRITE_CHUNK {blockData=conID: 1 locID: 102652565316960761 bcsId: 2311} | ret=SUCCESS |  
2019-08-21 02:17:20,957 | INFO  | DNAudit | user=null | ip=null | op=PUT_BLOCK {blockData=[blockId=conID: 1 locID: 102652565316960761 bcsId: 0,size=3145728]} | ret=SUCCESS |  
2019-08-21 02:17:20,958 [grpc-default-executor-1] INFO  client.GrpcClientProtocolClient (GrpcClientProtocolClient.java:onNext(255)) - client-54CC064C3FCE->8224e767-71c1-41fc-a01a-d172d48fd9d8: receive RaftClientReply:client-54CC064C3FCE->8224e767-71c1-41fc-a01a-d172d48fd9d8@group-F6B37CC92441, cid=1621, SUCCESS, logIndex=2316, commits[8224e767-71c1-41fc-a01a-d172d48fd9d8:c2317, 6eae0c21-01aa-4169-956f-5952b26ea7ba:c2315, 8d7dcba1-3b82-4d94-a832-514ef5c79cf8:c2315]
2019-08-21 02:17:20,958 [grpc-default-executor-1] INFO  client.GrpcClientProtocolClient (GrpcClientProtocolClient.java:onNext(255)) - client-54CC064C3FCE->8224e767-71c1-41fc-a01a-d172d48fd9d8: receive RaftClientReply:client-54CC064C3FCE->8224e767-71c1-41fc-a01a-d172d48fd9d8@group-F6B37CC92441, cid=1622, SUCCESS, logIndex=2317, commits[8224e767-71c1-41fc-a01a-d172d48fd9d8:c2317, 6eae0c21-01aa-4169-956f-5952b26ea7ba:c2315, 8d7dcba1-3b82-4d94-a832-514ef5c79cf8:c2315]
2019-08-21 02:17:20,964 | INFO  | DNAudit | user=null | ip=null | op=WRITE_CHUNK {blockData=conID: 1 locID: 102652565316960761 bcsId: 2317} | ret=SUCCESS |  
2019-08-21 02:17:20,965 | INFO  | DNAudit | user=null | ip=null | op=WRITE_CHUNK {blockData=conID: 1 locID: 102652565316960761 bcsId: 2311} | ret=SUCCESS |  
2019-08-21 02:17:20,966 | INFO  | DNAudit | user=null | ip=null | op=WRITE_CHUNK {blockData=conID: 1 locID: 102652565316960761 bcsId: 2311} | ret=SUCCESS |  
2019-08-21 02:17:20,966 | INFO  | DNAudit | user=null | ip=null | op=WRITE_CHUNK {blockData=conID: 1 locID: 102652565316960761 bcsId: 2317} | ret=SUCCESS |  
2019-08-21 02:17:20,967 | INFO  | DNAudit | user=null | ip=null | op=WRITE_CHUNK {blockData=conID: 1 locID: 102652565316960761 bcsId: 2317} | ret=SUCCESS |  
2019-08-21 02:17:20,979 | INFO  | DNAudit | user=null | ip=null | op=PUT_BLOCK {blockData=[blockId=conID: 1 locID: 102652565316960761 bcsId: 0,size=3145728]} | ret=SUCCESS |  
2019-08-21 02:17:20,979 | INFO  | DNAudit | user=null | ip=null | op=PUT_BLOCK {blockData=[blockId=conID: 1 locID: 102652565316960761 bcsId: 0,size=3145728]} | ret=SUCCESS |  
2019-08-21 02:17:20,979 | INFO  | DNAudit | user=null | ip=null | op=WRITE_CHUNK {blockData=conID: 1 locID: 102652565316960761 bcsId: 2317} | ret=SUCCESS |  
2019-08-21 02:17:20,980 | INFO  | DNAudit | user=null | ip=null | op=PUT_BLOCK {blockData=[blockId=conID: 1 locID: 102652565316960761 bcsId: 0,size=4194304]} | ret=SUCCESS |  
2019-08-21 02:17:20,980 [grpc-default-executor-1] INFO  client.GrpcClientProtocolClient (GrpcClientProtocolClient.java:onNext(255)) - client-54CC064C3FCE->8224e767-71c1-41fc-a01a-d172d48fd9d8: receive RaftClientReply:client-54CC064C3FCE->8224e767-71c1-41fc-a01a-d172d48fd9d8@group-F6B37CC92441, cid=1623, SUCCESS, logIndex=2320, commits[8224e767-71c1-41fc-a01a-d172d48fd9d8:c2321, 6eae0c21-01aa-4169-956f-5952b26ea7ba:c2317, 8d7dcba1-3b82-4d94-a832-514ef5c79cf8:c2317]
2019-08-21 02:17:20,980 [grpc-default-executor-1] INFO  client.GrpcClientProtocolClient (GrpcClientProtocolClient.java:onNext(255)) - client-54CC064C3FCE->8224e767-71c1-41fc-a01a-d172d48fd9d8: receive RaftClientReply:client-54CC064C3FCE->8224e767-71c1-41fc-a01a-d172d48fd9d8@group-F6B37CC92441, cid=1624, SUCCESS, logIndex=2321, commits[8224e767-71c1-41fc-a01a-d172d48fd9d8:c2321, 6eae0c21-01aa-4169-956f-5952b26ea7ba:c2317, 8d7dcba1-3b82-4d94-a832-514ef5c79cf8:c2317]
2019-08-21 02:17:20,981 | INFO  | DNAudit | user=null | ip=null | op=WRITE_CHUNK {blockData=conID: 1 locID: 102652565316960761 bcsId: 2317} | ret=SUCCESS |  
2019-08-21 02:17:20,981 | INFO  | DNAudit | user=null | ip=null | op=WRITE_CHUNK {blockData=conID: 1 locID: 102652565316960761 bcsId: 2317} | ret=SUCCESS |  
2019-08-21 02:17:20,993 | INFO  | DNAudit | user=null | ip=null | op=PUT_BLOCK {blockData=[blockId=conID: 1 locID: 102652565316960761 bcsId: 0,size=4194304]} | ret=SUCCESS |  
2019-08-21 02:17:20,993 | INFO  | DNAudit | user=null | ip=null | op=PUT_BLOCK {blockData=[blockId=conID: 1 locID: 102652565316960761 bcsId: 0,size=4194304]} | ret=SUCCESS |  
2019-08-21 02:17:20,994 [grpc-default-executor-1] INFO  client.GrpcClientProtocolClient (GrpcClientProtocolClient.java:onNext(255)) - client-54CC064C3FCE->8224e767-71c1-41fc-a01a-d172d48fd9d8: receive RaftClientReply:client-54CC064C3FCE->8224e767-71c1-41fc-a01a-d172d48fd9d8@group-F6B37CC92441, cid=1625, SUCCESS, logIndex=0, commits[8224e767-71c1-41fc-a01a-d172d48fd9d8:c2323, 6eae0c21-01aa-4169-956f-5952b26ea7ba:c2321, 8d7dcba1-3b82-4d94-a832-514ef5c79cf8:c2321]
2019-08-21 02:17:20,997 | INFO  | SCMAudit | user=jenkins1000 | ip=192.168.34.10 | op=ALLOCATE_BLOCK {owner=b6f66289-f2a0-4058-b052-0a85e40df67b, size=4194304, type=RATIS, factor=THREE} | ret=SUCCESS |  
2019-08-21 02:17:21,000 | INFO  | OMAudit | user=jenkins1000 | ip=127.0.0.1 | op=ALLOCATE_BLOCK {volume=vol-0-90982, bucket=bucket-0-24269, key=key-0-81262, dataSize=0, replicationType=null, replicationFactor=null, keyLocationInfo=null, clientID=102652564580991378} | ret=SUCCESS |  
2019-08-21 02:17:21,006 | INFO  | DNAudit | user=null | ip=null | op=WRITE_CHUNK {blockData=conID: 2 locID: 102652565323579898 bcsId: 0} | ret=SUCCESS |  
2019-08-21 02:17:21,008 | INFO  | DNAudit | user=null | ip=null | op=WRITE_CHUNK {blockData=conID: 2 locID: 102652565323579898 bcsId: 0} | ret=SUCCESS |  
2019-08-21 02:17:21,008 | INFO  | DNAudit | user=null | ip=null | op=WRITE_CHUNK {blockData=conID: 2 locID: 102652565323579898 bcsId: 0} | ret=SUCCESS |  
2019-08-21 02:17:21,009 | INFO  | DNAudit | user=null | ip=null | op=WRITE_CHUNK {blockData=conID: 2 locID: 102652565323579898 bcsId: 0} | ret=SUCCESS |  
2019-08-21 02:17:21,011 | INFO  | DNAudit | user=null | ip=null | op=WRITE_CHUNK {blockData=conID: 2 locID: 102652565323579898 bcsId: 0} | ret=SUCCESS |  
2019-08-21 02:17:21,011 | INFO  | DNAudit | user=null | ip=null | op=WRITE_CHUNK {blockData=conID: 2 locID: 102652565323579898 bcsId: 0} | ret=SUCCESS |  
2019-08-21 02:17:21,018 | INFO  | DNAudit | user=null | ip=null | op=WRITE_CHUNK {blockData=conID: 2 locID: 102652565323579898 bcsId: 0} | ret=SUCCESS |  
2019-08-21 02:17:21,018 | INFO  | DNAudit | user=null | ip=null | op=PUT_BLOCK {blockData=[blockId=conID: 2 locID: 102652565323579898 bcsId: 0,size=1048576]} | ret=SUCCESS |  
2019-08-21 02:17:21,019 [grpc-default-executor-2] INFO  client.GrpcClientProtocolClient (GrpcClientProtocolClient.java:onNext(255)) - client-54CC064C3FCE->8224e767-71c1-41fc-a01a-d172d48fd9d8: receive RaftClientReply:client-54CC064C3FCE->8224e767-71c1-41fc-a01a-d172d48fd9d8@group-F6B37CC92441, cid=1626, SUCCESS, logIndex=2324, commits[8224e767-71c1-41fc-a01a-d172d48fd9d8:c2325, 6eae0c21-01aa-4169-956f-5952b26ea7ba:c2323, 8d7dcba1-3b82-4d94-a832-514ef5c79cf8:c2323]
2019-08-21 02:17:21,019 | INFO  | DNAudit | user=null | ip=null | op=WRITE_CHUNK {blockData=conID: 2 locID: 102652565323579898 bcsId: 0} | ret=SUCCESS |  
2019-08-21 02:17:21,019 [grpc-default-executor-2] INFO  client.GrpcClientProtocolClient (GrpcClientProtocolClient.java:onNext(255)) - client-54CC064C3FCE->8224e767-71c1-41fc-a01a-d172d48fd9d8: receive RaftClientReply:client-54CC064C3FCE->8224e767-71c1-41fc-a01a-d172d48fd9d8@group-F6B37CC92441, cid=1627, SUCCESS, logIndex=2325, commits[8224e767-71c1-41fc-a01a-d172d48fd9d8:c2325, 6eae0c21-01aa-4169-956f-5952b26ea7ba:c2323, 8d7dcba1-3b82-4d94-a832-514ef5c79cf8:c2323]
2019-08-21 02:17:21,019 | INFO  | DNAudit | user=null | ip=null | op=PUT_BLOCK {blockData=[blockId=conID: 2 locID: 102652565323579898 bcsId: 0,size=2097152]} | ret=SUCCESS |  
2019-08-21 02:17:21,020 [grpc-default-executor-2] INFO  client.GrpcClientProtocolClient (GrpcClientProtocolClient.java:onNext(255)) - client-54CC064C3FCE->8224e767-71c1-41fc-a01a-d172d48fd9d8: receive RaftClientReply:client-54CC064C3FCE->8224e767-71c1-41fc-a01a-d172d48fd9d8@group-F6B37CC92441, cid=1628, SUCCESS, logIndex=2326, commits[8224e767-71c1-41fc-a01a-d172d48fd9d8:c2326, 6eae0c21-01aa-4169-956f-5952b26ea7ba:c2323, 8d7dcba1-3b82-4d94-a832-514ef5c79cf8:c2323]
2019-08-21 02:17:21,020 [grpc-default-executor-2] INFO  client.GrpcClientProtocolClient (GrpcClientProtocolClient.java:onNext(255)) - client-54CC064C3FCE->8224e767-71c1-41fc-a01a-d172d48fd9d8: receive RaftClientReply:client-54CC064C3FCE->8224e767-71c1-41fc-a01a-d172d48fd9d8@group-F6B37CC92441, cid=1629, SUCCESS, logIndex=2327, commits[8224e767-71c1-41fc-a01a-d172d48fd9d8:c2327, 6eae0c21-01aa-4169-956f-5952b26ea7ba:c2323, 8d7dcba1-3b82-4d94-a832-514ef5c79cf8:c2323]
2019-08-21 02:17:21,031 | INFO  | DNAudit | user=null | ip=null | op=WRITE_CHUNK {blockData=conID: 2 locID: 102652565323579898 bcsId: 0} | ret=SUCCESS |  
2019-08-21 02:17:21,031 | INFO  | DNAudit | user=null | ip=null | op=PUT_BLOCK {blockData=[blockId=conID: 2 locID: 102652565323579898 bcsId: 0,size=1048576]} | ret=SUCCESS |  
2019-08-21 02:17:21,031 | INFO  | DNAudit | user=null | ip=null | op=WRITE_CHUNK {blockData=conID: 2 locID: 102652565323579898 bcsId: 0} | ret=SUCCESS |  
2019-08-21 02:17:21,032 | INFO  | DNAudit | user=null | ip=null | op=PUT_BLOCK {blockData=[blockId=conID: 2 locID: 102652565323579898 bcsId: 0,size=1048576]} | ret=SUCCESS |  
2019-08-21 02:17:21,032 | INFO  | DNAudit | user=null | ip=null | op=WRITE_CHUNK {blockData=conID: 2 locID: 102652565323579898 bcsId: 0} | ret=SUCCESS |  
2019-08-21 02:17:21,032 | INFO  | DNAudit | user=null | ip=null | op=WRITE_CHUNK {blockData=conID: 2 locID: 102652565323579898 bcsId: 0} | ret=SUCCESS |  
2019-08-21 02:17:21,032 | INFO  | DNAudit | user=null | ip=null | op=PUT_BLOCK {blockData=[blockId=conID: 2 locID: 102652565323579898 bcsId: 0,size=2097152]} | ret=SUCCESS |  
2019-08-21 02:17:21,032 | INFO  | DNAudit | user=null | ip=null | op=PUT_BLOCK {blockData=[blockId=conID: 2 locID: 102652565323579898 bcsId: 0,size=2097152]} | ret=SUCCESS |  
2019-08-21 02:17:21,032 [grpc-default-executor-1] INFO  client.GrpcClientProtocolClient (GrpcClientProtocolClient.java:onNext(255)) - client-54CC064C3FCE->8224e767-71c1-41fc-a01a-d172d48fd9d8: receive RaftClientReply:client-54CC064C3FCE->8224e767-71c1-41fc-a01a-d172d48fd9d8@group-F6B37CC92441, cid=1630, SUCCESS, logIndex=0, commits[8224e767-71c1-41fc-a01a-d172d48fd9d8:c2329, 6eae0c21-01aa-4169-956f-5952b26ea7ba:c2325, 8d7dcba1-3b82-4d94-a832-514ef5c79cf8:c2325]
2019-08-21 02:17:21,039 | INFO  | DNAudit | user=null | ip=null | op=WRITE_CHUNK {blockData=conID: 2 locID: 102652565323579898 bcsId: 2327} | ret=SUCCESS |  
2019-08-21 02:17:21,041 | INFO  | DNAudit | user=null | ip=null | op=WRITE_CHUNK {blockData=conID: 2 locID: 102652565323579898 bcsId: 2327} | ret=SUCCESS |  
2019-08-21 02:17:21,042 | INFO  | DNAudit | user=null | ip=null | op=WRITE_CHUNK {blockData=conID: 2 locID: 102652565323579898 bcsId: 2327} | ret=SUCCESS |  
2019-08-21 02:17:21,043 | INFO  | DNAudit | user=null | ip=null | op=WRITE_CHUNK {blockData=conID: 2 locID: 102652565323579898 bcsId: 2327} | ret=SUCCESS |  
2019-08-21 02:17:21,044 | INFO  | DNAudit | user=null | ip=null | op=PUT_BLOCK {blockData=[blockId=conID: 2 locID: 102652565323579898 bcsId: 0,size=3145728]} | ret=SUCCESS |  
2019-08-21 02:17:21,044 [grpc-default-executor-0] INFO  client.GrpcClientProtocolClient (GrpcClientProtocolClient.java:onNext(255)) - client-54CC064C3FCE->8224e767-71c1-41fc-a01a-d172d48fd9d8: receive RaftClientReply:client-54CC064C3FCE->8224e767-71c1-41fc-a01a-d172d48fd9d8@group-F6B37CC92441, cid=1631, SUCCESS, logIndex=2332, commits[8224e767-71c1-41fc-a01a-d172d48fd9d8:c2333, 6eae0c21-01aa-4169-956f-5952b26ea7ba:c2331, 8d7dcba1-3b82-4d94-a832-514ef5c79cf8:c2327]
2019-08-21 02:17:21,044 [grpc-default-executor-0] INFO  client.GrpcClientProtocolClient (GrpcClientProtocolClient.java:onNext(255)) - client-54CC064C3FCE->8224e767-71c1-41fc-a01a-d172d48fd9d8: receive RaftClientReply:client-54CC064C3FCE->8224e767-71c1-41fc-a01a-d172d48fd9d8@group-F6B37CC92441, cid=1632, SUCCESS, logIndex=2333, commits[8224e767-71c1-41fc-a01a-d172d48fd9d8:c2333, 6eae0c21-01aa-4169-956f-5952b26ea7ba:c2331, 8d7dcba1-3b82-4d94-a832-514ef5c79cf8:c2331]
2019-08-21 02:17:21,044 | INFO  | DNAudit | user=null | ip=null | op=WRITE_CHUNK {blockData=conID: 2 locID: 102652565323579898 bcsId: 2327} | ret=SUCCESS |  
2019-08-21 02:17:21,047 | INFO  | DNAudit | user=null | ip=null | op=WRITE_CHUNK {blockData=conID: 2 locID: 102652565323579898 bcsId: 2327} | ret=SUCCESS |  
2019-08-21 02:17:21,048 | INFO  | DNAudit | user=null | ip=null | op=PUT_BLOCK {blockData=[blockId=conID: 2 locID: 102652565323579898 bcsId: 0,size=3145728]} | ret=SUCCESS |  
2019-08-21 02:17:21,048 | INFO  | DNAudit | user=null | ip=null | op=PUT_BLOCK {blockData=[blockId=conID: 2 locID: 102652565323579898 bcsId: 0,size=3145728]} | ret=SUCCESS |  
2019-08-21 02:17:21,051 | INFO  | DNAudit | user=null | ip=null | op=WRITE_CHUNK {blockData=conID: 2 locID: 102652565323579898 bcsId: 2333} | ret=SUCCESS |  
2019-08-21 02:17:21,052 | INFO  | DNAudit | user=null | ip=null | op=WRITE_CHUNK {blockData=conID: 2 locID: 102652565323579898 bcsId: 2333} | ret=SUCCESS |  
2019-08-21 02:17:21,053 | INFO  | DNAudit | user=null | ip=null | op=WRITE_CHUNK {blockData=conID: 2 locID: 102652565323579898 bcsId: 2333} | ret=SUCCESS |  
2019-08-21 02:17:21,054 | INFO  | DNAudit | user=null | ip=null | op=WRITE_CHUNK {blockData=conID: 2 locID: 102652565323579898 bcsId: 2333} | ret=SUCCESS |  
2019-08-21 02:17:21,055 | INFO  | DNAudit | user=null | ip=null | op=PUT_BLOCK {blockData=[blockId=conID: 2 locID: 102652565323579898 bcsId: 0,size=4194304]} | ret=SUCCESS |  
2019-08-21 02:17:21,055 [grpc-default-executor-0] INFO  client.GrpcClientProtocolClient (GrpcClientProtocolClient.java:onNext(255)) - client-54CC064C3FCE->8224e767-71c1-41fc-a01a-d172d48fd9d8: receive RaftClientReply:client-54CC064C3FCE->8224e767-71c1-41fc-a01a-d172d48fd9d8@group-F6B37CC92441, cid=1633, SUCCESS, logIndex=2336, commits[8224e767-71c1-41fc-a01a-d172d48fd9d8:c2337, 6eae0c21-01aa-4169-956f-5952b26ea7ba:c2335, 8d7dcba1-3b82-4d94-a832-514ef5c79cf8:c2333]
2019-08-21 02:17:21,055 [grpc-default-executor-0] INFO  client.GrpcClientProtocolClient (GrpcClientProtocolClient.java:onNext(255)) - client-54CC064C3FCE->8224e767-71c1-41fc-a01a-d172d48fd9d8: receive RaftClientReply:client-54CC064C3FCE->8224e767-71c1-41fc-a01a-d172d48fd9d8@group-F6B37CC92441, cid=1634, SUCCESS, logIndex=2337, commits[8224e767-71c1-41fc-a01a-d172d48fd9d8:c2337, 6eae0c21-01aa-4169-956f-5952b26ea7ba:c2335, 8d7dcba1-3b82-4d94-a832-514ef5c79cf8:c2335]
2019-08-21 02:17:21,057 | INFO  | DNAudit | user=null | ip=null | op=WRITE_CHUNK {blockData=conID: 2 locID: 102652565323579898 bcsId: 2333} | ret=SUCCESS |  
2019-08-21 02:17:21,057 | INFO  | DNAudit | user=null | ip=null | op=PUT_BLOCK {blockData=[blockId=conID: 2 locID: 102652565323579898 bcsId: 0,size=4194304]} | ret=SUCCESS |  
2019-08-21 02:17:21,057 | INFO  | DNAudit | user=null | ip=null | op=WRITE_CHUNK {blockData=conID: 2 locID: 102652565323579898 bcsId: 2333} | ret=SUCCESS |  
2019-08-21 02:17:21,058 | INFO  | DNAudit | user=null | ip=null | op=PUT_BLOCK {blockData=[blockId=conID: 2 locID: 102652565323579898 bcsId: 0,size=4194304]} | ret=SUCCESS |  
2019-08-21 02:17:21,059 [grpc-default-executor-0] INFO  client.GrpcClientProtocolClient (GrpcClientProtocolClient.java:onNext(255)) - client-54CC064C3FCE->8224e767-71c1-41fc-a01a-d172d48fd9d8: receive RaftClientReply:client-54CC064C3FCE->8224e767-71c1-41fc-a01a-d172d48fd9d8@group-F6B37CC92441, cid=1635, SUCCESS, logIndex=0, commits[8224e767-71c1-41fc-a01a-d172d48fd9d8:c2338, 6eae0c21-01aa-4169-956f-5952b26ea7ba:c2337, 8d7dcba1-3b82-4d94-a832-514ef5c79cf8:c2337]
2019-08-21 02:17:21,063 | INFO  | SCMAudit | user=jenkins1000 | ip=192.168.34.10 | op=ALLOCATE_BLOCK {owner=b6f66289-f2a0-4058-b052-0a85e40df67b, size=4194304, type=RATIS, factor=THREE} | ret=SUCCESS |  
2019-08-21 02:17:21,066 | INFO  | OMAudit | user=jenkins1000 | ip=127.0.0.1 | op=ALLOCATE_BLOCK {volume=vol-0-90982, bucket=bucket-0-24269, key=key-0-81262, dataSize=0, replicationType=null, replicationFactor=null, keyLocationInfo=null, clientID=102652564580991378} | ret=SUCCESS |  
2019-08-21 02:17:21,073 | INFO  | DNAudit | user=null | ip=null | op=WRITE_CHUNK {blockData=conID: 3 locID: 102652565327905275 bcsId: 0} | ret=SUCCESS |  
2019-08-21 02:17:21,075 | INFO  | DNAudit | user=null | ip=null | op=WRITE_CHUNK {blockData=conID: 3 locID: 102652565327905275 bcsId: 0} | ret=SUCCESS |  
2019-08-21 02:17:21,075 | INFO  | DNAudit | user=null | ip=null | op=WRITE_CHUNK {blockData=conID: 3 locID: 102652565327905275 bcsId: 0} | ret=SUCCESS |  
2019-08-21 02:17:21,075 | INFO  | DNAudit | user=null | ip=null | op=WRITE_CHUNK {blockData=conID: 3 locID: 102652565327905275 bcsId: 0} | ret=SUCCESS |  
2019-08-21 02:17:21,077 | INFO  | DNAudit | user=null | ip=null | op=WRITE_CHUNK {blockData=conID: 3 locID: 102652565327905275 bcsId: 0} | ret=SUCCESS |  
2019-08-21 02:17:21,077 | INFO  | DNAudit | user=null | ip=null | op=WRITE_CHUNK {blockData=conID: 3 locID: 102652565327905275 bcsId: 0} | ret=SUCCESS |  
2019-08-21 02:17:21,078 | INFO  | DNAudit | user=null | ip=null | op=WRITE_CHUNK {blockData=conID: 3 locID: 102652565327905275 bcsId: 0} | ret=SUCCESS |  
2019-08-21 02:17:21,078 | INFO  | DNAudit | user=null | ip=null | op=PUT_BLOCK {blockData=[blockId=conID: 3 locID: 102652565327905275 bcsId: 0,size=1048576]} | ret=SUCCESS |  
2019-08-21 02:17:21,078 [grpc-default-executor-0] INFO  client.GrpcClientProtocolClient (GrpcClientProtocolClient.java:onNext(255)) - client-54CC064C3FCE->8224e767-71c1-41fc-a01a-d172d48fd9d8: receive RaftClientReply:client-54CC064C3FCE->8224e767-71c1-41fc-a01a-d172d48fd9d8@group-F6B37CC92441, cid=1636, SUCCESS, logIndex=2340, commits[8224e767-71c1-41fc-a01a-d172d48fd9d8:c2341, 6eae0c21-01aa-4169-956f-5952b26ea7ba:c2337, 8d7dcba1-3b82-4d94-a832-514ef5c79cf8:c2339]
2019-08-21 02:17:21,079 | INFO  | DNAudit | user=null | ip=null | op=WRITE_CHUNK {blockData=conID: 3 locID: 102652565327905275 bcsId: 0} | ret=SUCCESS |  
2019-08-21 02:17:21,079 [grpc-default-executor-0] INFO  client.GrpcClientProtocolClient (GrpcClientProtocolClient.java:onNext(255)) - client-54CC064C3FCE->8224e767-71c1-41fc-a01a-d172d48fd9d8: receive RaftClientReply:client-54CC064C3FCE->8224e767-71c1-41fc-a01a-d172d48fd9d8@group-F6B37CC92441, cid=1637, SUCCESS, logIndex=2341, commits[8224e767-71c1-41fc-a01a-d172d48fd9d8:c2341, 6eae0c21-01aa-4169-956f-5952b26ea7ba:c2339, 8d7dcba1-3b82-4d94-a832-514ef5c79cf8:c2339]
2019-08-21 02:17:21,079 | INFO  | DNAudit | user=null | ip=null | op=PUT_BLOCK {blockData=[blockId=conID: 3 locID: 102652565327905275 bcsId: 0,size=2097152]} | ret=SUCCESS |  
2019-08-21 02:17:21,079 [grpc-default-executor-0] INFO  client.GrpcClientProtocolClient (GrpcClientProtocolClient.java:onNext(255)) - client-54CC064C3FCE->8224e767-71c1-41fc-a01a-d172d48fd9d8: receive RaftClientReply:client-54CC064C3FCE->8224e767-71c1-41fc-a01a-d172d48fd9d8@group-F6B37CC92441, cid=1638, SUCCESS, logIndex=2342, commits[8224e767-71c1-41fc-a01a-d172d48fd9d8:c2343, 6eae0c21-01aa-4169-956f-5952b26ea7ba:c2339, 8d7dcba1-3b82-4d94-a832-514ef5c79cf8:c2339]
2019-08-21 02:17:21,080 [grpc-default-executor-0] INFO  client.GrpcClientProtocolClient (GrpcClientProtocolClient.java:onNext(255)) - client-54CC064C3FCE->8224e767-71c1-41fc-a01a-d172d48fd9d8: receive RaftClientReply:client-54CC064C3FCE->8224e767-71c1-41fc-a01a-d172d48fd9d8@group-F6B37CC92441, cid=1639, SUCCESS, logIndex=2343, commits[8224e767-71c1-41fc-a01a-d172d48fd9d8:c2343, 6eae0c21-01aa-4169-956f-5952b26ea7ba:c2339, 8d7dcba1-3b82-4d94-a832-514ef5c79cf8:c2339]
2019-08-21 02:17:21,081 | INFO  | DNAudit | user=null | ip=null | op=WRITE_CHUNK {blockData=conID: 3 locID: 102652565327905275 bcsId: 0} | ret=SUCCESS |  
2019-08-21 02:17:21,082 | INFO  | DNAudit | user=null | ip=null | op=PUT_BLOCK {blockData=[blockId=conID: 3 locID: 102652565327905275 bcsId: 0,size=1048576]} | ret=SUCCESS |  
2019-08-21 02:17:21,082 | INFO  | DNAudit | user=null | ip=null | op=WRITE_CHUNK {blockData=conID: 3 locID: 102652565327905275 bcsId: 0} | ret=SUCCESS |  
2019-08-21 02:17:21,082 | INFO  | DNAudit | user=null | ip=null | op=PUT_BLOCK {blockData=[blockId=conID: 3 locID: 102652565327905275 bcsId: 0,size=1048576]} | ret=SUCCESS |  
2019-08-21 02:17:21,083 | INFO  | DNAudit | user=null | ip=null | op=WRITE_CHUNK {blockData=conID: 3 locID: 102652565327905275 bcsId: 0} | ret=SUCCESS |  
2019-08-21 02:17:21,083 [grpc-default-executor-0] INFO  client.GrpcClientProtocolClient (GrpcClientProtocolClient.java:onNext(255)) - client-54CC064C3FCE->8224e767-71c1-41fc-a01a-d172d48fd9d8: receive RaftClientReply:client-54CC064C3FCE->8224e767-71c1-41fc-a01a-d172d48fd9d8@group-F6B37CC92441, cid=1640, SUCCESS, logIndex=0, commits[8224e767-71c1-41fc-a01a-d172d48fd9d8:c2345, 6eae0c21-01aa-4169-956f-5952b26ea7ba:c2341, 8d7dcba1-3b82-4d94-a832-514ef5c79cf8:c2341]
2019-08-21 02:17:21,083 | INFO  | DNAudit | user=null | ip=null | op=PUT_BLOCK {blockData=[blockId=conID: 3 locID: 102652565327905275 bcsId: 0,size=2097152]} | ret=SUCCESS |  
2019-08-21 02:17:21,083 | INFO  | DNAudit | user=null | ip=null | op=WRITE_CHUNK {blockData=conID: 3 locID: 102652565327905275 bcsId: 0} | ret=SUCCESS |  
2019-08-21 02:17:21,083 | INFO  | DNAudit | user=null | ip=null | op=PUT_BLOCK {blockData=[blockId=conID: 3 locID: 102652565327905275 bcsId: 0,size=2097152]} | ret=SUCCESS |  
2019-08-21 02:17:21,088 | INFO  | DNAudit | user=null | ip=null | op=WRITE_CHUNK {blockData=conID: 3 locID: 102652565327905275 bcsId: 2343} | ret=SUCCESS |  
2019-08-21 02:17:21,090 | INFO  | DNAudit | user=null | ip=null | op=WRITE_CHUNK {blockData=conID: 3 locID: 102652565327905275 bcsId: 2343} | ret=SUCCESS |  
2019-08-21 02:17:21,090 | INFO  | DNAudit | user=null | ip=null | op=WRITE_CHUNK {blockData=conID: 3 locID: 102652565327905275 bcsId: 2343} | ret=SUCCESS |  
2019-08-21 02:17:21,105 | INFO  | SCMAudit | user=jenkins1000 | ip=192.168.34.10 | op=SEND_HEARTBEAT {datanodeUUID=6eae0c21-01aa-4169-956f-5952b26ea7ba, command=[]} | ret=SUCCESS |  
2019-08-21 02:17:21,105 | INFO  | SCMAudit | user=jenkins1000 | ip=192.168.34.10 | op=SEND_HEARTBEAT {datanodeUUID=8d7dcba1-3b82-4d94-a832-514ef5c79cf8, command=[]} | ret=SUCCESS |  
2019-08-21 02:17:21,105 | INFO  | SCMAudit | user=jenkins1000 | ip=192.168.34.10 | op=SEND_HEARTBEAT {datanodeUUID=8224e767-71c1-41fc-a01a-d172d48fd9d8, command=[]} | ret=SUCCESS |  
2019-08-21 02:17:21,110 | INFO  | DNAudit | user=null | ip=null | op=WRITE_CHUNK {blockData=conID: 3 locID: 102652565327905275 bcsId: 2343} | ret=SUCCESS |  
2019-08-21 02:17:21,110 | INFO  | DNAudit | user=null | ip=null | op=PUT_BLOCK {blockData=[blockId=conID: 3 locID: 102652565327905275 bcsId: 0,size=3145728]} | ret=SUCCESS |  
2019-08-21 02:17:21,111 [grpc-default-executor-0] INFO  client.GrpcClientProtocolClient (GrpcClientProtocolClient.java:onNext(255)) - client-54CC064C3FCE->8224e767-71c1-41fc-a01a-d172d48fd9d8: receive RaftClientReply:client-54CC064C3FCE->8224e767-71c1-41fc-a01a-d172d48fd9d8@group-F6B37CC92441, cid=1641, SUCCESS, logIndex=2348, commits[8224e767-71c1-41fc-a01a-d172d48fd9d8:c2349, 6eae0c21-01aa-4169-956f-5952b26ea7ba:c2347, 8d7dcba1-3b82-4d94-a832-514ef5c79cf8:c2347]
2019-08-21 02:17:21,111 [grpc-default-executor-0] INFO  client.GrpcClientProtocolClient (GrpcClientProtocolClient.java:onNext(255)) - client-54CC064C3FCE->8224e767-71c1-41fc-a01a-d172d48fd9d8: receive RaftClientReply:client-54CC064C3FCE->8224e767-71c1-41fc-a01a-d172d48fd9d8@group-F6B37CC92441, cid=1642, SUCCESS, logIndex=2349, commits[8224e767-71c1-41fc-a01a-d172d48fd9d8:c2349, 6eae0c21-01aa-4169-956f-5952b26ea7ba:c2347, 8d7dcba1-3b82-4d94-a832-514ef5c79cf8:c2347]
2019-08-21 02:17:21,117 | INFO  | DNAudit | user=null | ip=null | op=WRITE_CHUNK {blockData=conID: 3 locID: 102652565327905275 bcsId: 2349} | ret=SUCCESS |  
2019-08-21 02:17:21,119 | INFO  | DNAudit | user=null | ip=null | op=WRITE_CHUNK {blockData=conID: 3 locID: 102652565327905275 bcsId: 2349} | ret=SUCCESS |  
2019-08-21 02:17:21,119 | INFO  | DNAudit | user=null | ip=null | op=WRITE_CHUNK {blockData=conID: 3 locID: 102652565327905275 bcsId: 2349} | ret=SUCCESS |  
2019-08-21 02:17:21,122 | INFO  | DNAudit | user=null | ip=null | op=WRITE_CHUNK {blockData=conID: 3 locID: 102652565327905275 bcsId: 2343} | ret=SUCCESS |  
2019-08-21 02:17:21,122 | INFO  | DNAudit | user=null | ip=null | op=WRITE_CHUNK {blockData=conID: 3 locID: 102652565327905275 bcsId: 2343} | ret=SUCCESS |  
2019-08-21 02:17:21,122 | INFO  | DNAudit | user=null | ip=null | op=PUT_BLOCK {blockData=[blockId=conID: 3 locID: 102652565327905275 bcsId: 0,size=3145728]} | ret=SUCCESS |  
2019-08-21 02:17:21,124 | INFO  | DNAudit | user=null | ip=null | op=PUT_BLOCK {blockData=[blockId=conID: 3 locID: 102652565327905275 bcsId: 0,size=3145728]} | ret=SUCCESS |  
2019-08-21 02:17:21,124 | INFO  | DNAudit | user=null | ip=null | op=WRITE_CHUNK {blockData=conID: 3 locID: 102652565327905275 bcsId: 2349} | ret=SUCCESS |  
2019-08-21 02:17:21,125 | INFO  | DNAudit | user=null | ip=null | op=PUT_BLOCK {blockData=[blockId=conID: 3 locID: 102652565327905275 bcsId: 0,size=4194304]} | ret=SUCCESS |  
2019-08-21 02:17:21,125 [grpc-default-executor-0] INFO  client.GrpcClientProtocolClient (GrpcClientProtocolClient.java:onNext(255)) - client-54CC064C3FCE->8224e767-71c1-41fc-a01a-d172d48fd9d8: receive RaftClientReply:client-54CC064C3FCE->8224e767-71c1-41fc-a01a-d172d48fd9d8@group-F6B37CC92441, cid=1643, SUCCESS, logIndex=2352, commits[8224e767-71c1-41fc-a01a-d172d48fd9d8:c2353, 6eae0c21-01aa-4169-956f-5952b26ea7ba:c2349, 8d7dcba1-3b82-4d94-a832-514ef5c79cf8:c2349]
2019-08-21 02:17:21,125 [grpc-default-executor-0] INFO  client.GrpcClientProtocolClient (GrpcClientProtocolClient.java:onNext(255)) - client-54CC064C3FCE->8224e767-71c1-41fc-a01a-d172d48fd9d8: receive RaftClientReply:client-54CC064C3FCE->8224e767-71c1-41fc-a01a-d172d48fd9d8@group-F6B37CC92441, cid=1644, SUCCESS, logIndex=2353, commits[8224e767-71c1-41fc-a01a-d172d48fd9d8:c2353, 6eae0c21-01aa-4169-956f-5952b26ea7ba:c2349, 8d7dcba1-3b82-4d94-a832-514ef5c79cf8:c2349]
2019-08-21 02:17:21,138 | INFO  | DNAudit | user=null | ip=null | op=WRITE_CHUNK {blockData=conID: 3 locID: 102652565327905275 bcsId: 2349} | ret=SUCCESS |  
2019-08-21 02:17:21,138 | INFO  | DNAudit | user=null | ip=null | op=WRITE_CHUNK {blockData=conID: 3 locID: 102652565327905275 bcsId: 2349} | ret=SUCCESS |  
2019-08-21 02:17:21,141 | INFO  | DNAudit | user=null | ip=null | op=PUT_BLOCK {blockData=[blockId=conID: 3 locID: 102652565327905275 bcsId: 0,size=4194304]} | ret=SUCCESS |  
2019-08-21 02:17:21,141 | INFO  | DNAudit | user=null | ip=null | op=PUT_BLOCK {blockData=[blockId=conID: 3 locID: 102652565327905275 bcsId: 0,size=4194304]} | ret=SUCCESS |  
2019-08-21 02:17:21,141 [grpc-default-executor-0] INFO  client.GrpcClientProtocolClient (GrpcClientProtocolClient.java:onNext(255)) - client-54CC064C3FCE->8224e767-71c1-41fc-a01a-d172d48fd9d8: receive RaftClientReply:client-54CC064C3FCE->8224e767-71c1-41fc-a01a-d172d48fd9d8@group-F6B37CC92441, cid=1645, SUCCESS, logIndex=0, commits[8224e767-71c1-41fc-a01a-d172d48fd9d8:c2355, 6eae0c21-01aa-4169-956f-5952b26ea7ba:c2353, 8d7dcba1-3b82-4d94-a832-514ef5c79cf8:c2353]
2019-08-21 02:17:21,144 | INFO  | SCMAudit | user=jenkins1000 | ip=192.168.34.10 | op=ALLOCATE_BLOCK {owner=b6f66289-f2a0-4058-b052-0a85e40df67b, size=4194304, type=RATIS, factor=THREE} | ret=SUCCESS |  
2019-08-21 02:17:21,147 | INFO  | OMAudit | user=jenkins1000 | ip=127.0.0.1 | op=ALLOCATE_BLOCK {volume=vol-0-90982, bucket=bucket-0-24269, key=key-0-81262, dataSize=0, replicationType=null, replicationFactor=null, keyLocationInfo=null, clientID=102652564580991378} | ret=SUCCESS |  
2019-08-21 02:17:21,153 | INFO  | DNAudit | user=null | ip=null | op=WRITE_CHUNK {blockData=conID: 1 locID: 102652565333213692 bcsId: 0} | ret=SUCCESS |  
2019-08-21 02:17:21,155 | INFO  | DNAudit | user=null | ip=null | op=WRITE_CHUNK {blockData=conID: 1 locID: 102652565333213692 bcsId: 0} | ret=SUCCESS |  
2019-08-21 02:17:21,155 | INFO  | DNAudit | user=null | ip=null | op=WRITE_CHUNK {blockData=conID: 1 locID: 102652565333213692 bcsId: 0} | ret=SUCCESS |  
2019-08-21 02:17:21,156 | INFO  | DNAudit | user=null | ip=null | op=WRITE_CHUNK {blockData=conID: 1 locID: 102652565333213692 bcsId: 0} | ret=SUCCESS |  
2019-08-21 02:17:21,157 | INFO  | DNAudit | user=null | ip=null | op=WRITE_CHUNK {blockData=conID: 1 locID: 102652565333213692 bcsId: 0} | ret=SUCCESS |  
2019-08-21 02:17:21,157 | INFO  | DNAudit | user=null | ip=null | op=WRITE_CHUNK {blockData=conID: 1 locID: 102652565333213692 bcsId: 0} | ret=SUCCESS |  
2019-08-21 02:17:21,170 | INFO  | DNAudit | user=null | ip=null | op=WRITE_CHUNK {blockData=conID: 1 locID: 102652565333213692 bcsId: 0} | ret=SUCCESS |  
2019-08-21 02:17:21,170 | INFO  | DNAudit | user=null | ip=null | op=PUT_BLOCK {blockData=[blockId=conID: 1 locID: 102652565333213692 bcsId: 0,size=1048576]} | ret=SUCCESS |  
2019-08-21 02:17:21,171 | INFO  | DNAudit | user=null | ip=null | op=WRITE_CHUNK {blockData=conID: 1 locID: 102652565333213692 bcsId: 0} | ret=SUCCESS |  
2019-08-21 02:17:21,170 [grpc-default-executor-1] INFO  client.GrpcClientProtocolClient (GrpcClientProtocolClient.java:onNext(255)) - client-54CC064C3FCE->8224e767-71c1-41fc-a01a-d172d48fd9d8: receive RaftClientReply:client-54CC064C3FCE->8224e767-71c1-41fc-a01a-d172d48fd9d8@group-F6B37CC92441, cid=1646, SUCCESS, logIndex=2356, commits[8224e767-71c1-41fc-a01a-d172d48fd9d8:c2359, 6eae0c21-01aa-4169-956f-5952b26ea7ba:c2355, 8d7dcba1-3b82-4d94-a832-514ef5c79cf8:c2355]
2019-08-21 02:17:21,171 | INFO  | DNAudit | user=null | ip=null | op=PUT_BLOCK {blockData=[blockId=conID: 1 locID: 102652565333213692 bcsId: 0,size=2097152]} | ret=SUCCESS |  
2019-08-21 02:17:21,171 [grpc-default-executor-1] INFO  client.GrpcClientProtocolClient (GrpcClientProtocolClient.java:onNext(255)) - client-54CC064C3FCE->8224e767-71c1-41fc-a01a-d172d48fd9d8: receive RaftClientReply:client-54CC064C3FCE->8224e767-71c1-41fc-a01a-d172d48fd9d8@group-F6B37CC92441, cid=1647, SUCCESS, logIndex=2357, commits[8224e767-71c1-41fc-a01a-d172d48fd9d8:c2359, 6eae0c21-01aa-4169-956f-5952b26ea7ba:c2355, 8d7dcba1-3b82-4d94-a832-514ef5c79cf8:c2355]
2019-08-21 02:17:21,171 [grpc-default-executor-1] INFO  client.GrpcClientProtocolClient (GrpcClientProtocolClient.java:onNext(255)) - client-54CC064C3FCE->8224e767-71c1-41fc-a01a-d172d48fd9d8: receive RaftClientReply:client-54CC064C3FCE->8224e767-71c1-41fc-a01a-d172d48fd9d8@group-F6B37CC92441, cid=1648, SUCCESS, logIndex=2358, commits[8224e767-71c1-41fc-a01a-d172d48fd9d8:c2359, 6eae0c21-01aa-4169-956f-5952b26ea7ba:c2355, 8d7dcba1-3b82-4d94-a832-514ef5c79cf8:c2355]
2019-08-21 02:17:21,172 [grpc-default-executor-1] INFO  client.GrpcClientProtocolClient (GrpcClientProtocolClient.java:onNext(255)) - client-54CC064C3FCE->8224e767-71c1-41fc-a01a-d172d48fd9d8: receive RaftClientReply:client-54CC064C3FCE->8224e767-71c1-41fc-a01a-d172d48fd9d8@group-F6B37CC92441, cid=1649, SUCCESS, logIndex=2359, commits[8224e767-71c1-41fc-a01a-d172d48fd9d8:c2359, 6eae0c21-01aa-4169-956f-5952b26ea7ba:c2355, 8d7dcba1-3b82-4d94-a832-514ef5c79cf8:c2355]
2019-08-21 02:17:21,181 | INFO  | DNAudit | user=null | ip=null | op=WRITE_CHUNK {blockData=conID: 1 locID: 102652565333213692 bcsId: 0} | ret=SUCCESS |  
2019-08-21 02:17:21,181 | INFO  | DNAudit | user=null | ip=null | op=WRITE_CHUNK {blockData=conID: 1 locID: 102652565333213692 bcsId: 0} | ret=SUCCESS |  
2019-08-21 02:17:21,183 | INFO  | DNAudit | user=null | ip=null | op=PUT_BLOCK {blockData=[blockId=conID: 1 locID: 102652565333213692 bcsId: 0,size=1048576]} | ret=SUCCESS |  
2019-08-21 02:17:21,183 | INFO  | DNAudit | user=null | ip=null | op=PUT_BLOCK {blockData=[blockId=conID: 1 locID: 102652565333213692 bcsId: 0,size=1048576]} | ret=SUCCESS |  
2019-08-21 02:17:21,183 | INFO  | DNAudit | user=null | ip=null | op=WRITE_CHUNK {blockData=conID: 1 locID: 102652565333213692 bcsId: 0} | ret=SUCCESS |  
2019-08-21 02:17:21,183 | INFO  | DNAudit | user=null | ip=null | op=WRITE_CHUNK {blockData=conID: 1 locID: 102652565333213692 bcsId: 0} | ret=SUCCESS |  
2019-08-21 02:17:21,184 | INFO  | DNAudit | user=null | ip=null | op=PUT_BLOCK {blockData=[blockId=conID: 1 locID: 102652565333213692 bcsId: 0,size=2097152]} | ret=SUCCESS |  
2019-08-21 02:17:21,184 | INFO  | DNAudit | user=null | ip=null | op=PUT_BLOCK {blockData=[blockId=conID: 1 locID: 102652565333213692 bcsId: 0,size=2097152]} | ret=SUCCESS |  
2019-08-21 02:17:21,184 [grpc-default-executor-0] INFO  client.GrpcClientProtocolClient (GrpcClientProtocolClient.java:onNext(255)) - client-54CC064C3FCE->8224e767-71c1-41fc-a01a-d172d48fd9d8: receive RaftClientReply:client-54CC064C3FCE->8224e767-71c1-41fc-a01a-d172d48fd9d8@group-F6B37CC92441, cid=1650, SUCCESS, logIndex=0, commits[8224e767-71c1-41fc-a01a-d172d48fd9d8:c2361, 6eae0c21-01aa-4169-956f-5952b26ea7ba:c2358, 8d7dcba1-3b82-4d94-a832-514ef5c79cf8:c2358]
2019-08-21 02:17:21,190 | INFO  | DNAudit | user=null | ip=null | op=WRITE_CHUNK {blockData=conID: 1 locID: 102652565333213692 bcsId: 2359} | ret=SUCCESS |  
2019-08-21 02:17:21,193 | INFO  | DNAudit | user=null | ip=null | op=WRITE_CHUNK {blockData=conID: 1 locID: 102652565333213692 bcsId: 2359} | ret=SUCCESS |  
2019-08-21 02:17:21,193 | INFO  | DNAudit | user=null | ip=null | op=WRITE_CHUNK {blockData=conID: 1 locID: 102652565333213692 bcsId: 2359} | ret=SUCCESS |  
2019-08-21 02:17:21,203 | INFO  | DNAudit | user=null | ip=null | op=WRITE_CHUNK {blockData=conID: 1 locID: 102652565333213692 bcsId: 2359} | ret=SUCCESS |  
2019-08-21 02:17:21,204 | INFO  | DNAudit | user=null | ip=null | op=PUT_BLOCK {blockData=[blockId=conID: 1 locID: 102652565333213692 bcsId: 0,size=3145728]} | ret=SUCCESS |  
2019-08-21 02:17:21,204 [grpc-default-executor-1] INFO  client.GrpcClientProtocolClient (GrpcClientProtocolClient.java:onNext(255)) - client-54CC064C3FCE->8224e767-71c1-41fc-a01a-d172d48fd9d8: receive RaftClientReply:client-54CC064C3FCE->8224e767-71c1-41fc-a01a-d172d48fd9d8@group-F6B37CC92441, cid=1651, SUCCESS, logIndex=2364, commits[8224e767-71c1-41fc-a01a-d172d48fd9d8:c2365, 6eae0c21-01aa-4169-956f-5952b26ea7ba:c2363, 8d7dcba1-3b82-4d94-a832-514ef5c79cf8:c2363]
2019-08-21 02:17:21,204 [grpc-default-executor-1] INFO  client.GrpcClientProtocolClient (GrpcClientProtocolClient.java:onNext(255)) - client-54CC064C3FCE->8224e767-71c1-41fc-a01a-d172d48fd9d8: receive RaftClientReply:client-54CC064C3FCE->8224e767-71c1-41fc-a01a-d172d48fd9d8@group-F6B37CC92441, cid=1652, SUCCESS, logIndex=2365, commits[8224e767-71c1-41fc-a01a-d172d48fd9d8:c2365, 6eae0c21-01aa-4169-956f-5952b26ea7ba:c2363, 8d7dcba1-3b82-4d94-a832-514ef5c79cf8:c2363]
2019-08-21 02:17:21,210 | INFO  | DNAudit | user=null | ip=null | op=WRITE_CHUNK {blockData=conID: 1 locID: 102652565333213692 bcsId: 2365} | ret=SUCCESS |  
2019-08-21 02:17:21,212 | INFO  | DNAudit | user=null | ip=null | op=WRITE_CHUNK {blockData=conID: 1 locID: 102652565333213692 bcsId: 2365} | ret=SUCCESS |  
2019-08-21 02:17:21,212 | INFO  | DNAudit | user=null | ip=null | op=WRITE_CHUNK {blockData=conID: 1 locID: 102652565333213692 bcsId: 2365} | ret=SUCCESS |  
2019-08-21 02:17:21,216 | INFO  | DNAudit | user=null | ip=null | op=WRITE_CHUNK {blockData=conID: 1 locID: 102652565333213692 bcsId: 2359} | ret=SUCCESS |  
2019-08-21 02:17:21,216 | INFO  | DNAudit | user=null | ip=null | op=WRITE_CHUNK {blockData=conID: 1 locID: 102652565333213692 bcsId: 2359} | ret=SUCCESS |  
2019-08-21 02:17:21,217 | INFO  | DNAudit | user=null | ip=null | op=PUT_BLOCK {blockData=[blockId=conID: 1 locID: 102652565333213692 bcsId: 0,size=3145728]} | ret=SUCCESS |  
2019-08-21 02:17:21,217 | INFO  | DNAudit | user=null | ip=null | op=WRITE_CHUNK {blockData=conID: 1 locID: 102652565333213692 bcsId: 2365} | ret=SUCCESS |  
2019-08-21 02:17:21,218 | INFO  | DNAudit | user=null | ip=null | op=PUT_BLOCK {blockData=[blockId=conID: 1 locID: 102652565333213692 bcsId: 0,size=4194304]} | ret=SUCCESS |  
2019-08-21 02:17:21,218 [grpc-default-executor-1] INFO  client.GrpcClientProtocolClient (GrpcClientProtocolClient.java:onNext(255)) - client-54CC064C3FCE->8224e767-71c1-41fc-a01a-d172d48fd9d8: receive RaftClientReply:client-54CC064C3FCE->8224e767-71c1-41fc-a01a-d172d48fd9d8@group-F6B37CC92441, cid=1653, SUCCESS, logIndex=2368, commits[8224e767-71c1-41fc-a01a-d172d48fd9d8:c2369, 6eae0c21-01aa-4169-956f-5952b26ea7ba:c2365, 8d7dcba1-3b82-4d94-a832-514ef5c79cf8:c2364]
2019-08-21 02:17:21,218 [grpc-default-executor-1] INFO  client.GrpcClientProtocolClient (GrpcClientProtocolClient.java:onNext(255)) - client-54CC064C3FCE->8224e767-71c1-41fc-a01a-d172d48fd9d8: receive RaftClientReply:client-54CC064C3FCE->8224e767-71c1-41fc-a01a-d172d48fd9d8@group-F6B37CC92441, cid=1654, SUCCESS, logIndex=2369, commits[8224e767-71c1-41fc-a01a-d172d48fd9d8:c2369, 6eae0c21-01aa-4169-956f-5952b26ea7ba:c2365, 8d7dcba1-3b82-4d94-a832-514ef5c79cf8:c2364]
2019-08-21 02:17:21,219 | INFO  | DNAudit | user=null | ip=null | op=PUT_BLOCK {blockData=[blockId=conID: 1 locID: 102652565333213692 bcsId: 0,size=3145728]} | ret=SUCCESS |  
2019-08-21 02:17:21,219 [grpc-default-executor-1] INFO  client.GrpcClientProtocolClient (GrpcClientProtocolClient.java:onNext(255)) - client-54CC064C3FCE->8224e767-71c1-41fc-a01a-d172d48fd9d8: receive RaftClientReply:client-54CC064C3FCE->8224e767-71c1-41fc-a01a-d172d48fd9d8@group-F6B37CC92441, cid=1655, SUCCESS, logIndex=0, commits[8224e767-71c1-41fc-a01a-d172d48fd9d8:c2369, 6eae0c21-01aa-4169-956f-5952b26ea7ba:c2365, 8d7dcba1-3b82-4d94-a832-514ef5c79cf8:c2365]
2019-08-21 02:17:21,230 | INFO  | DNAudit | user=null | ip=null | op=WRITE_CHUNK {blockData=conID: 1 locID: 102652565333213692 bcsId: 2365} | ret=SUCCESS |  
2019-08-21 02:17:21,230 | INFO  | DNAudit | user=null | ip=null | op=WRITE_CHUNK {blockData=conID: 1 locID: 102652565333213692 bcsId: 2365} | ret=SUCCESS |  
2019-08-21 02:17:21,230 | INFO  | DNAudit | user=null | ip=null | op=PUT_BLOCK {blockData=[blockId=conID: 1 locID: 102652565333213692 bcsId: 0,size=4194304]} | ret=SUCCESS |  
2019-08-21 02:17:21,230 | INFO  | DNAudit | user=null | ip=null | op=PUT_BLOCK {blockData=[blockId=conID: 1 locID: 102652565333213692 bcsId: 0,size=4194304]} | ret=SUCCESS |  
2019-08-21 02:17:21,231 [grpc-default-executor-1] INFO  client.GrpcClientProtocolClient (GrpcClientProtocolClient.java:onNext(255)) - client-54CC064C3FCE->8224e767-71c1-41fc-a01a-d172d48fd9d8: receive RaftClientReply:client-54CC064C3FCE->8224e767-71c1-41fc-a01a-d172d48fd9d8@group-F6B37CC92441, cid=1656, SUCCESS, logIndex=0, commits[8224e767-71c1-41fc-a01a-d172d48fd9d8:c2370, 6eae0c21-01aa-4169-956f-5952b26ea7ba:c2369, 8d7dcba1-3b82-4d94-a832-514ef5c79cf8:c2369]
2019-08-21 02:17:21,235 | INFO  | SCMAudit | user=jenkins1000 | ip=192.168.34.10 | op=ALLOCATE_BLOCK {owner=b6f66289-f2a0-4058-b052-0a85e40df67b, size=4194304, type=RATIS, factor=THREE} | ret=SUCCESS |  
2019-08-21 02:17:21,237 | INFO  | OMAudit | user=jenkins1000 | ip=127.0.0.1 | op=ALLOCATE_BLOCK {volume=vol-0-90982, bucket=bucket-0-24269, key=key-0-81262, dataSize=0, replicationType=null, replicationFactor=null, keyLocationInfo=null, clientID=102652564580991378} | ret=SUCCESS |  
2019-08-21 02:17:21,243 | INFO  | DNAudit | user=null | ip=null | op=WRITE_CHUNK {blockData=conID: 2 locID: 102652565339177469 bcsId: 0} | ret=SUCCESS |  
2019-08-21 02:17:21,246 | INFO  | DNAudit | user=null | ip=null | op=WRITE_CHUNK {blockData=conID: 2 locID: 102652565339177469 bcsId: 0} | ret=SUCCESS |  
2019-08-21 02:17:21,248 | INFO  | DNAudit | user=null | ip=null | op=WRITE_CHUNK {blockData=conID: 2 locID: 102652565339177469 bcsId: 0} | ret=SUCCESS |  
2019-08-21 02:17:21,248 | INFO  | DNAudit | user=null | ip=null | op=WRITE_CHUNK {blockData=conID: 2 locID: 102652565339177469 bcsId: 0} | ret=SUCCESS |  
2019-08-21 02:17:21,250 | INFO  | DNAudit | user=null | ip=null | op=WRITE_CHUNK {blockData=conID: 2 locID: 102652565339177469 bcsId: 0} | ret=SUCCESS |  
2019-08-21 02:17:21,250 | INFO  | DNAudit | user=null | ip=null | op=WRITE_CHUNK {blockData=conID: 2 locID: 102652565339177469 bcsId: 0} | ret=SUCCESS |  
2019-08-21 02:17:21,256 | INFO  | DNAudit | user=null | ip=null | op=WRITE_CHUNK {blockData=conID: 2 locID: 102652565339177469 bcsId: 0} | ret=SUCCESS |  
2019-08-21 02:17:21,256 | INFO  | DNAudit | user=null | ip=null | op=PUT_BLOCK {blockData=[blockId=conID: 2 locID: 102652565339177469 bcsId: 0,size=1048576]} | ret=SUCCESS |  
2019-08-21 02:17:21,257 | INFO  | DNAudit | user=null | ip=null | op=WRITE_CHUNK {blockData=conID: 2 locID: 102652565339177469 bcsId: 0} | ret=SUCCESS |  
2019-08-21 02:17:21,257 | INFO  | DNAudit | user=null | ip=null | op=PUT_BLOCK {blockData=[blockId=conID: 2 locID: 102652565339177469 bcsId: 0,size=2097152]} | ret=SUCCESS |  
2019-08-21 02:17:21,257 [grpc-default-executor-1] INFO  client.GrpcClientProtocolClient (GrpcClientProtocolClient.java:onNext(255)) - client-54CC064C3FCE->8224e767-71c1-41fc-a01a-d172d48fd9d8: receive RaftClientReply:client-54CC064C3FCE->8224e767-71c1-41fc-a01a-d172d48fd9d8@group-F6B37CC92441, cid=1657, SUCCESS, logIndex=2372, commits[8224e767-71c1-41fc-a01a-d172d48fd9d8:c2373, 6eae0c21-01aa-4169-956f-5952b26ea7ba:c2371, 8d7dcba1-3b82-4d94-a832-514ef5c79cf8:c2371]
2019-08-21 02:17:21,258 [grpc-default-executor-1] INFO  client.GrpcClientProtocolClient (GrpcClientProtocolClient.java:onNext(255)) - client-54CC064C3FCE->8224e767-71c1-41fc-a01a-d172d48fd9d8: receive RaftClientReply:client-54CC064C3FCE->8224e767-71c1-41fc-a01a-d172d48fd9d8@group-F6B37CC92441, cid=1658, SUCCESS, logIndex=2373, commits[8224e767-71c1-41fc-a01a-d172d48fd9d8:c2373, 6eae0c21-01aa-4169-956f-5952b26ea7ba:c2371, 8d7dcba1-3b82-4d94-a832-514ef5c79cf8:c2371]
2019-08-21 02:17:21,258 [grpc-default-executor-1] INFO  client.GrpcClientProtocolClient (GrpcClientProtocolClient.java:onNext(255)) - client-54CC064C3FCE->8224e767-71c1-41fc-a01a-d172d48fd9d8: receive RaftClientReply:client-54CC064C3FCE->8224e767-71c1-41fc-a01a-d172d48fd9d8@group-F6B37CC92441, cid=1659, SUCCESS, logIndex=2374, commits[8224e767-71c1-41fc-a01a-d172d48fd9d8:c2375, 6eae0c21-01aa-4169-956f-5952b26ea7ba:c2371, 8d7dcba1-3b82-4d94-a832-514ef5c79cf8:c2371]
2019-08-21 02:17:21,258 [grpc-default-executor-1] INFO  client.GrpcClientProtocolClient (GrpcClientProtocolClient.java:onNext(255)) - client-54CC064C3FCE->8224e767-71c1-41fc-a01a-d172d48fd9d8: receive RaftClientReply:client-54CC064C3FCE->8224e767-71c1-41fc-a01a-d172d48fd9d8@group-F6B37CC92441, cid=1660, SUCCESS, logIndex=2375, commits[8224e767-71c1-41fc-a01a-d172d48fd9d8:c2375, 6eae0c21-01aa-4169-956f-5952b26ea7ba:c2371, 8d7dcba1-3b82-4d94-a832-514ef5c79cf8:c2371]
2019-08-21 02:17:21,269 | INFO  | DNAudit | user=null | ip=null | op=WRITE_CHUNK {blockData=conID: 2 locID: 102652565339177469 bcsId: 0} | ret=SUCCESS |  
2019-08-21 02:17:21,269 | INFO  | DNAudit | user=null | ip=null | op=PUT_BLOCK {blockData=[blockId=conID: 2 locID: 102652565339177469 bcsId: 0,size=1048576]} | ret=SUCCESS |  
2019-08-21 02:17:21,271 | INFO  | DNAudit | user=null | ip=null | op=WRITE_CHUNK {blockData=conID: 2 locID: 102652565339177469 bcsId: 0} | ret=SUCCESS |  
2019-08-21 02:17:21,271 | INFO  | DNAudit | user=null | ip=null | op=PUT_BLOCK {blockData=[blockId=conID: 2 locID: 102652565339177469 bcsId: 0,size=1048576]} | ret=SUCCESS |  
2019-08-21 02:17:21,271 | INFO  | DNAudit | user=null | ip=null | op=WRITE_CHUNK {blockData=conID: 2 locID: 102652565339177469 bcsId: 0} | ret=SUCCESS |  
2019-08-21 02:17:21,272 | INFO  | DNAudit | user=null | ip=null | op=PUT_BLOCK {blockData=[blockId=conID: 2 locID: 102652565339177469 bcsId: 0,size=2097152]} | ret=SUCCESS |  
2019-08-21 02:17:21,272 [grpc-default-executor-2] INFO  client.GrpcClientProtocolClient (GrpcClientProtocolClient.java:onNext(255)) - client-54CC064C3FCE->8224e767-71c1-41fc-a01a-d172d48fd9d8: receive RaftClientReply:client-54CC064C3FCE->8224e767-71c1-41fc-a01a-d172d48fd9d8@group-F6B37CC92441, cid=1661, SUCCESS, logIndex=0, commits[8224e767-71c1-41fc-a01a-d172d48fd9d8:c2377, 6eae0c21-01aa-4169-956f-5952b26ea7ba:c2373, 8d7dcba1-3b82-4d94-a832-514ef5c79cf8:c2373]
2019-08-21 02:17:21,279 | INFO  | DNAudit | user=null | ip=null | op=WRITE_CHUNK {blockData=conID: 2 locID: 102652565339177469 bcsId: 2375} | ret=SUCCESS |  
2019-08-21 02:17:21,282 | INFO  | DNAudit | user=null | ip=null | op=WRITE_CHUNK {blockData=conID: 2 locID: 102652565339177469 bcsId: 2375} | ret=SUCCESS |  
2019-08-21 02:17:21,282 | INFO  | DNAudit | user=null | ip=null | op=WRITE_CHUNK {blockData=conID: 2 locID: 102652565339177469 bcsId: 0} | ret=SUCCESS |  
2019-08-21 02:17:21,282 | INFO  | DNAudit | user=null | ip=null | op=WRITE_CHUNK {blockData=conID: 2 locID: 102652565339177469 bcsId: 2375} | ret=SUCCESS |  
2019-08-21 02:17:21,282 | INFO  | DNAudit | user=null | ip=null | op=PUT_BLOCK {blockData=[blockId=conID: 2 locID: 102652565339177469 bcsId: 0,size=2097152]} | ret=SUCCESS |  
2019-08-21 02:17:21,287 | INFO  | DNAudit | user=null | ip=null | op=WRITE_CHUNK {blockData=conID: 2 locID: 102652565339177469 bcsId: 2375} | ret=SUCCESS |  
2019-08-21 02:17:21,288 | INFO  | DNAudit | user=null | ip=null | op=PUT_BLOCK {blockData=[blockId=conID: 2 locID: 102652565339177469 bcsId: 0,size=3145728]} | ret=SUCCESS |  
2019-08-21 02:17:21,289 [grpc-default-executor-1] INFO  client.GrpcClientProtocolClient (GrpcClientProtocolClient.java:onNext(255)) - client-54CC064C3FCE->8224e767-71c1-41fc-a01a-d172d48fd9d8: receive RaftClientReply:client-54CC064C3FCE->8224e767-71c1-41fc-a01a-d172d48fd9d8@group-F6B37CC92441, cid=1662, SUCCESS, logIndex=2380, commits[8224e767-71c1-41fc-a01a-d172d48fd9d8:c2381, 6eae0c21-01aa-4169-956f-5952b26ea7ba:c2379, 8d7dcba1-3b82-4d94-a832-514ef5c79cf8:c2375]
2019-08-21 02:17:21,289 [grpc-default-executor-1] INFO  client.GrpcClientProtocolClient (GrpcClientProtocolClient.java:onNext(255)) - client-54CC064C3FCE->8224e767-71c1-41fc-a01a-d172d48fd9d8: receive RaftClientReply:client-54CC064C3FCE->8224e767-71c1-41fc-a01a-d172d48fd9d8@group-F6B37CC92441, cid=1663, SUCCESS, logIndex=2381, commits[8224e767-71c1-41fc-a01a-d172d48fd9d8:c2381, 6eae0c21-01aa-4169-956f-5952b26ea7ba:c2379, 8d7dcba1-3b82-4d94-a832-514ef5c79cf8:c2379]
2019-08-21 02:17:21,295 | INFO  | DNAudit | user=null | ip=null | op=WRITE_CHUNK {blockData=conID: 2 locID: 102652565339177469 bcsId: 2375} | ret=SUCCESS |  
2019-08-21 02:17:21,295 | INFO  | DNAudit | user=null | ip=null | op=WRITE_CHUNK {blockData=conID: 2 locID: 102652565339177469 bcsId: 2375} | ret=SUCCESS |  
2019-08-21 02:17:21,296 | INFO  | DNAudit | user=null | ip=null | op=PUT_BLOCK {blockData=[blockId=conID: 2 locID: 102652565339177469 bcsId: 0,size=3145728]} | ret=SUCCESS |  
2019-08-21 02:17:21,296 | INFO  | DNAudit | user=null | ip=null | op=PUT_BLOCK {blockData=[blockId=conID: 2 locID: 102652565339177469 bcsId: 0,size=3145728]} | ret=SUCCESS |  
2019-08-21 02:17:21,298 | INFO  | DNAudit | user=null | ip=null | op=WRITE_CHUNK {blockData=conID: 2 locID: 102652565339177469 bcsId: 2381} | ret=SUCCESS |  
2019-08-21 02:17:21,300 | INFO  | DNAudit | user=null | ip=null | op=WRITE_CHUNK {blockData=conID: 2 locID: 102652565339177469 bcsId: 2381} | ret=SUCCESS |  
2019-08-21 02:17:21,300 | INFO  | DNAudit | user=null | ip=null | op=WRITE_CHUNK {blockData=conID: 2 locID: 102652565339177469 bcsId: 2381} | ret=SUCCESS |  
2019-08-21 02:17:21,310 | INFO  | DNAudit | user=null | ip=null | op=WRITE_CHUNK {blockData=conID: 2 locID: 102652565339177469 bcsId: 2381} | ret=SUCCESS |  
2019-08-21 02:17:21,310 | INFO  | DNAudit | user=null | ip=null | op=PUT_BLOCK {blockData=[blockId=conID: 2 locID: 102652565339177469 bcsId: 0,size=4194304]} | ret=SUCCESS |  
2019-08-21 02:17:21,310 [grpc-default-executor-1] INFO  client.GrpcClientProtocolClient (GrpcClientProtocolClient.java:onNext(255)) - client-54CC064C3FCE->8224e767-71c1-41fc-a01a-d172d48fd9d8: receive RaftClientReply:client-54CC064C3FCE->8224e767-71c1-41fc-a01a-d172d48fd9d8@group-F6B37CC92441, cid=1664, SUCCESS, logIndex=2384, commits[8224e767-71c1-41fc-a01a-d172d48fd9d8:c2385, 6eae0c21-01aa-4169-956f-5952b26ea7ba:c2383, 8d7dcba1-3b82-4d94-a832-514ef5c79cf8:c2382]
2019-08-21 02:17:21,311 [grpc-default-executor-1] INFO  client.GrpcClientProtocolClient (GrpcClientProtocolClient.java:onNext(255)) - client-54CC064C3FCE->8224e767-71c1-41fc-a01a-d172d48fd9d8: receive RaftClientReply:client-54CC064C3FCE->8224e767-71c1-41fc-a01a-d172d48fd9d8@group-F6B37CC92441, cid=1665, SUCCESS, logIndex=2385, commits[8224e767-71c1-41fc-a01a-d172d48fd9d8:c2385, 6eae0c21-01aa-4169-956f-5952b26ea7ba:c2383, 8d7dcba1-3b82-4d94-a832-514ef5c79cf8:c2383]
2019-08-21 02:17:21,314 | INFO  | DNAudit | user=null | ip=null | op=WRITE_CHUNK {blockData=conID: 2 locID: 102652565339177469 bcsId: 2381} | ret=SUCCESS |  
2019-08-21 02:17:21,315 | INFO  | DNAudit | user=null | ip=null | op=WRITE_CHUNK {blockData=conID: 2 locID: 102652565339177469 bcsId: 2381} | ret=SUCCESS |  
2019-08-21 02:17:21,316 | INFO  | DNAudit | user=null | ip=null | op=PUT_BLOCK {blockData=[blockId=conID: 2 locID: 102652565339177469 bcsId: 0,size=4194304]} | ret=SUCCESS |  
2019-08-21 02:17:21,317 | INFO  | DNAudit | user=null | ip=null | op=PUT_BLOCK {blockData=[blockId=conID: 2 locID: 102652565339177469 bcsId: 0,size=4194304]} | ret=SUCCESS |  
2019-08-21 02:17:21,317 [grpc-default-executor-1] INFO  client.GrpcClientProtocolClient (GrpcClientProtocolClient.java:onNext(255)) - client-54CC064C3FCE->8224e767-71c1-41fc-a01a-d172d48fd9d8: receive RaftClientReply:client-54CC064C3FCE->8224e767-71c1-41fc-a01a-d172d48fd9d8@group-F6B37CC92441, cid=1666, SUCCESS, logIndex=0, commits[8224e767-71c1-41fc-a01a-d172d48fd9d8:c2387, 6eae0c21-01aa-4169-956f-5952b26ea7ba:c2385, 8d7dcba1-3b82-4d94-a832-514ef5c79cf8:c2385]
2019-08-21 02:17:21,323 | INFO  | SCMAudit | user=jenkins1000 | ip=192.168.34.10 | op=ALLOCATE_BLOCK {owner=b6f66289-f2a0-4058-b052-0a85e40df67b, size=4194304, type=RATIS, factor=THREE} | ret=SUCCESS |  
2019-08-21 02:17:21,327 | INFO  | OMAudit | user=jenkins1000 | ip=127.0.0.1 | op=ALLOCATE_BLOCK {volume=vol-0-90982, bucket=bucket-0-24269, key=key-0-81262, dataSize=0, replicationType=null, replicationFactor=null, keyLocationInfo=null, clientID=102652564580991378} | ret=SUCCESS |  
2019-08-21 02:17:21,470 | INFO  | DNAudit | user=null | ip=null | op=WRITE_CHUNK {blockData=conID: 3 locID: 102652565344944638 bcsId: 0} | ret=SUCCESS |  
2019-08-21 02:17:21,473 | INFO  | DNAudit | user=null | ip=null | op=WRITE_CHUNK {blockData=conID: 3 locID: 102652565344944638 bcsId: 0} | ret=SUCCESS |  
2019-08-21 02:17:21,474 | INFO  | DNAudit | user=null | ip=null | op=WRITE_CHUNK {blockData=conID: 3 locID: 102652565344944638 bcsId: 0} | ret=SUCCESS |  
2019-08-21 02:17:21,474 | INFO  | DNAudit | user=null | ip=null | op=WRITE_CHUNK {blockData=conID: 3 locID: 102652565344944638 bcsId: 0} | ret=SUCCESS |  
2019-08-21 02:17:21,477 | INFO  | DNAudit | user=null | ip=null | op=WRITE_CHUNK {blockData=conID: 3 locID: 102652565344944638 bcsId: 0} | ret=SUCCESS |  
2019-08-21 02:17:21,477 | INFO  | DNAudit | user=null | ip=null | op=WRITE_CHUNK {blockData=conID: 3 locID: 102652565344944638 bcsId: 0} | ret=SUCCESS |  
2019-08-21 02:17:21,483 | INFO  | DNAudit | user=null | ip=null | op=WRITE_CHUNK {blockData=conID: 3 locID: 102652565344944638 bcsId: 0} | ret=SUCCESS |  
2019-08-21 02:17:21,483 | INFO  | DNAudit | user=null | ip=null | op=PUT_BLOCK {blockData=[blockId=conID: 3 locID: 102652565344944638 bcsId: 0,size=1048576]} | ret=SUCCESS |  
2019-08-21 02:17:21,484 [grpc-default-executor-0] INFO  client.GrpcClientProtocolClient (GrpcClientProtocolClient.java:onNext(255)) - client-54CC064C3FCE->8224e767-71c1-41fc-a01a-d172d48fd9d8: receive RaftClientReply:client-54CC064C3FCE->8224e767-71c1-41fc-a01a-d172d48fd9d8@group-F6B37CC92441, cid=1667, SUCCESS, logIndex=2388, commits[8224e767-71c1-41fc-a01a-d172d48fd9d8:c2389, 6eae0c21-01aa-4169-956f-5952b26ea7ba:c2387, 8d7dcba1-3b82-4d94-a832-514ef5c79cf8:c2387]
2019-08-21 02:17:21,484 | INFO  | DNAudit | user=null | ip=null | op=WRITE_CHUNK {blockData=conID: 3 locID: 102652565344944638 bcsId: 0} | ret=SUCCESS |  
2019-08-21 02:17:21,484 [grpc-default-executor-0] INFO  client.GrpcClientProtocolClient (GrpcClientProtocolClient.java:onNext(255)) - client-54CC064C3FCE->8224e767-71c1-41fc-a01a-d172d48fd9d8: receive RaftClientReply:client-54CC064C3FCE->8224e767-71c1-41fc-a01a-d172d48fd9d8@group-F6B37CC92441, cid=1668, SUCCESS, logIndex=2389, commits[8224e767-71c1-41fc-a01a-d172d48fd9d8:c2390, 6eae0c21-01aa-4169-956f-5952b26ea7ba:c2387, 8d7dcba1-3b82-4d94-a832-514ef5c79cf8:c2387]
2019-08-21 02:17:21,485 | INFO  | DNAudit | user=null | ip=null | op=PUT_BLOCK {blockData=[blockId=conID: 3 locID: 102652565344944638 bcsId: 0,size=2097152]} | ret=SUCCESS |  
2019-08-21 02:17:21,485 [grpc-default-executor-0] INFO  client.GrpcClientProtocolClient (GrpcClientProtocolClient.java:onNext(255)) - client-54CC064C3FCE->8224e767-71c1-41fc-a01a-d172d48fd9d8: receive RaftClientReply:client-54CC064C3FCE->8224e767-71c1-41fc-a01a-d172d48fd9d8@group-F6B37CC92441, cid=1669, SUCCESS, logIndex=2390, commits[8224e767-71c1-41fc-a01a-d172d48fd9d8:c2391, 6eae0c21-01aa-4169-956f-5952b26ea7ba:c2387, 8d7dcba1-3b82-4d94-a832-514ef5c79cf8:c2387]
2019-08-21 02:17:21,485 | INFO  | DNAudit | user=null | ip=null | op=WRITE_CHUNK {blockData=conID: 3 locID: 102652565344944638 bcsId: 0} | ret=SUCCESS |  
2019-08-21 02:17:21,485 | INFO  | DNAudit | user=null | ip=null | op=PUT_BLOCK {blockData=[blockId=conID: 3 locID: 102652565344944638 bcsId: 0,size=1048576]} | ret=SUCCESS |  
2019-08-21 02:17:21,485 [grpc-default-executor-0] INFO  client.GrpcClientProtocolClient (GrpcClientProtocolClient.java:onNext(255)) - client-54CC064C3FCE->8224e767-71c1-41fc-a01a-d172d48fd9d8: receive RaftClientReply:client-54CC064C3FCE->8224e767-71c1-41fc-a01a-d172d48fd9d8@group-F6B37CC92441, cid=1670, SUCCESS, logIndex=2391, commits[8224e767-71c1-41fc-a01a-d172d48fd9d8:c2391, 6eae0c21-01aa-4169-956f-5952b26ea7ba:c2387, 8d7dcba1-3b82-4d94-a832-514ef5c79cf8:c2387]
2019-08-21 02:17:21,487 | INFO  | DNAudit | user=null | ip=null | op=WRITE_CHUNK {blockData=conID: 3 locID: 102652565344944638 bcsId: 0} | ret=SUCCESS |  
2019-08-21 02:17:21,488 | INFO  | DNAudit | user=null | ip=null | op=PUT_BLOCK {blockData=[blockId=conID: 3 locID: 102652565344944638 bcsId: 0,size=1048576]} | ret=SUCCESS |  
2019-08-21 02:17:21,488 | INFO  | DNAudit | user=null | ip=null | op=WRITE_CHUNK {blockData=conID: 3 locID: 102652565344944638 bcsId: 0} | ret=SUCCESS |  
2019-08-21 02:17:21,488 [grpc-default-executor-0] INFO  client.GrpcClientProtocolClient (GrpcClientProtocolClient.java:onNext(255)) - client-54CC064C3FCE->8224e767-71c1-41fc-a01a-d172d48fd9d8: receive RaftClientReply:client-54CC064C3FCE->8224e767-71c1-41fc-a01a-d172d48fd9d8@group-F6B37CC92441, cid=1671, SUCCESS, logIndex=0, commits[8224e767-71c1-41fc-a01a-d172d48fd9d8:c2393, 6eae0c21-01aa-4169-956f-5952b26ea7ba:c2389, 8d7dcba1-3b82-4d94-a832-514ef5c79cf8:c2389]
2019-08-21 02:17:21,496 | INFO  | DNAudit | user=null | ip=null | op=WRITE_CHUNK {blockData=conID: 3 locID: 102652565344944638 bcsId: 2391} | ret=SUCCESS |  
2019-08-21 02:17:21,498 | INFO  | DNAudit | user=null | ip=null | op=WRITE_CHUNK {blockData=conID: 3 locID: 102652565344944638 bcsId: 2391} | ret=SUCCESS |  
2019-08-21 02:17:21,498 | INFO  | DNAudit | user=null | ip=null | op=WRITE_CHUNK {blockData=conID: 3 locID: 102652565344944638 bcsId: 0} | ret=SUCCESS |  
2019-08-21 02:17:21,499 | INFO  | DNAudit | user=null | ip=null | op=WRITE_CHUNK {blockData=conID: 3 locID: 102652565344944638 bcsId: 2391} | ret=SUCCESS |  
2019-08-21 02:17:21,499 | INFO  | DNAudit | user=null | ip=null | op=PUT_BLOCK {blockData=[blockId=conID: 3 locID: 102652565344944638 bcsId: 0,size=2097152]} | ret=SUCCESS |  
2019-08-21 02:17:21,499 | INFO  | DNAudit | user=null | ip=null | op=PUT_BLOCK {blockData=[blockId=conID: 3 locID: 102652565344944638 bcsId: 0,size=2097152]} | ret=SUCCESS |  
2019-08-21 02:17:21,501 | INFO  | DNAudit | user=null | ip=null | op=WRITE_CHUNK {blockData=conID: 3 locID: 102652565344944638 bcsId: 2391} | ret=SUCCESS |  
2019-08-21 02:17:21,501 | INFO  | DNAudit | user=null | ip=null | op=PUT_BLOCK {blockData=[blockId=conID: 3 locID: 102652565344944638 bcsId: 0,size=3145728]} | ret=SUCCESS |  
2019-08-21 02:17:21,501 [grpc-default-executor-2] INFO  client.GrpcClientProtocolClient (GrpcClientProtocolClient.java:onNext(255)) - client-54CC064C3FCE->8224e767-71c1-41fc-a01a-d172d48fd9d8: receive RaftClientReply:client-54CC064C3FCE->8224e767-71c1-41fc-a01a-d172d48fd9d8@group-F6B37CC92441, cid=1672, SUCCESS, logIndex=2396, commits[8224e767-71c1-41fc-a01a-d172d48fd9d8:c2397, 6eae0c21-01aa-4169-956f-5952b26ea7ba:c2394, 8d7dcba1-3b82-4d94-a832-514ef5c79cf8:c2394]
2019-08-21 02:17:21,502 [grpc-default-executor-2] INFO  client.GrpcClientProtocolClient (GrpcClientProtocolClient.java:onNext(255)) - client-54CC064C3FCE->8224e767-71c1-41fc-a01a-d172d48fd9d8: receive RaftClientReply:client-54CC064C3FCE->8224e767-71c1-41fc-a01a-d172d48fd9d8@group-F6B37CC92441, cid=1673, SUCCESS, logIndex=2397, commits[8224e767-71c1-41fc-a01a-d172d48fd9d8:c2397, 6eae0c21-01aa-4169-956f-5952b26ea7ba:c2394, 8d7dcba1-3b82-4d94-a832-514ef5c79cf8:c2394]
2019-08-21 02:17:21,504 | INFO  | DNAudit | user=null | ip=null | op=WRITE_CHUNK {blockData=conID: 3 locID: 102652565344944638 bcsId: 2391} | ret=SUCCESS |  
2019-08-21 02:17:21,504 | INFO  | DNAudit | user=null | ip=null | op=WRITE_CHUNK {blockData=conID: 3 locID: 102652565344944638 bcsId: 2391} | ret=SUCCESS |  
2019-08-21 02:17:21,504 | INFO  | DNAudit | user=null | ip=null | op=PUT_BLOCK {blockData=[blockId=conID: 3 locID: 102652565344944638 bcsId: 0,size=3145728]} | ret=SUCCESS |  
2019-08-21 02:17:21,504 | INFO  | DNAudit | user=null | ip=null | op=PUT_BLOCK {blockData=[blockId=conID: 3 locID: 102652565344944638 bcsId: 0,size=3145728]} | ret=SUCCESS |  
2019-08-21 02:17:21,509 | INFO  | DNAudit | user=null | ip=null | op=WRITE_CHUNK {blockData=conID: 3 locID: 102652565344944638 bcsId: 2397} | ret=SUCCESS |  
2019-08-21 02:17:21,512 | INFO  | DNAudit | user=null | ip=null | op=WRITE_CHUNK {blockData=conID: 3 locID: 102652565344944638 bcsId: 2397} | ret=SUCCESS |  
2019-08-21 02:17:21,512 | INFO  | DNAudit | user=null | ip=null | op=WRITE_CHUNK {blockData=conID: 3 locID: 102652565344944638 bcsId: 2397} | ret=SUCCESS |  
2019-08-21 02:17:21,528 | INFO  | DNAudit | user=null | ip=null | op=WRITE_CHUNK {blockData=conID: 3 locID: 102652565344944638 bcsId: 2397} | ret=SUCCESS |  
2019-08-21 02:17:21,529 | INFO  | DNAudit | user=null | ip=null | op=PUT_BLOCK {blockData=[blockId=conID: 3 locID: 102652565344944638 bcsId: 0,size=4194304]} | ret=SUCCESS |  
2019-08-21 02:17:21,529 [grpc-default-executor-2] INFO  client.GrpcClientProtocolClient (GrpcClientProtocolClient.java:onNext(255)) - client-54CC064C3FCE->8224e767-71c1-41fc-a01a-d172d48fd9d8: receive RaftClientReply:client-54CC064C3FCE->8224e767-71c1-41fc-a01a-d172d48fd9d8@group-F6B37CC92441, cid=1674, SUCCESS, logIndex=2400, commits[8224e767-71c1-41fc-a01a-d172d48fd9d8:c2401, 6eae0c21-01aa-4169-956f-5952b26ea7ba:c2398, 8d7dcba1-3b82-4d94-a832-514ef5c79cf8:c2398]
2019-08-21 02:17:21,529 [grpc-default-executor-2] INFO  client.GrpcClientProtocolClient (GrpcClientProtocolClient.java:onNext(255)) - client-54CC064C3FCE->8224e767-71c1-41fc-a01a-d172d48fd9d8: receive RaftClientReply:client-54CC064C3FCE->8224e767-71c1-41fc-a01a-d172d48fd9d8@group-F6B37CC92441, cid=1675, SUCCESS, logIndex=2401, commits[8224e767-71c1-41fc-a01a-d172d48fd9d8:c2401, 6eae0c21-01aa-4169-956f-5952b26ea7ba:c2398, 8d7dcba1-3b82-4d94-a832-514ef5c79cf8:c2398]
2019-08-21 02:17:21,531 | INFO  | DNAudit | user=null | ip=null | op=WRITE_CHUNK {blockData=conID: 3 locID: 102652565344944638 bcsId: 2397} | ret=SUCCESS |  
2019-08-21 02:17:21,531 | INFO  | DNAudit | user=null | ip=null | op=WRITE_CHUNK {blockData=conID: 3 locID: 102652565344944638 bcsId: 2397} | ret=SUCCESS |  
2019-08-21 02:17:21,531 | INFO  | DNAudit | user=null | ip=null | op=PUT_BLOCK {blockData=[blockId=conID: 3 locID: 102652565344944638 bcsId: 0,size=4194304]} | ret=SUCCESS |  
2019-08-21 02:17:21,532 | INFO  | DNAudit | user=null | ip=null | op=PUT_BLOCK {blockData=[blockId=conID: 3 locID: 102652565344944638 bcsId: 0,size=4194304]} | ret=SUCCESS |  
2019-08-21 02:17:21,532 [grpc-default-executor-2] INFO  client.GrpcClientProtocolClient (GrpcClientProtocolClient.java:onNext(255)) - client-54CC064C3FCE->8224e767-71c1-41fc-a01a-d172d48fd9d8: receive RaftClientReply:client-54CC064C3FCE->8224e767-71c1-41fc-a01a-d172d48fd9d8@group-F6B37CC92441, cid=1676, SUCCESS, logIndex=0, commits[8224e767-71c1-41fc-a01a-d172d48fd9d8:c2402, 6eae0c21-01aa-4169-956f-5952b26ea7ba:c2401, 8d7dcba1-3b82-4d94-a832-514ef5c79cf8:c2401]
2019-08-21 02:17:21,537 | INFO  | SCMAudit | user=jenkins1000 | ip=192.168.34.10 | op=ALLOCATE_BLOCK {owner=b6f66289-f2a0-4058-b052-0a85e40df67b, size=4194304, type=RATIS, factor=THREE} | ret=SUCCESS |  
2019-08-21 02:17:21,541 | INFO  | OMAudit | user=jenkins1000 | ip=127.0.0.1 | op=ALLOCATE_BLOCK {volume=vol-0-90982, bucket=bucket-0-24269, key=key-0-81262, dataSize=0, replicationType=null, replicationFactor=null, keyLocationInfo=null, clientID=102652564580991378} | ret=SUCCESS |  
2019-08-21 02:17:21,548 | INFO  | DNAudit | user=null | ip=null | op=WRITE_CHUNK {blockData=conID: 1 locID: 102652565358969343 bcsId: 0} | ret=SUCCESS |  
2019-08-21 02:17:21,552 | INFO  | DNAudit | user=null | ip=null | op=WRITE_CHUNK {blockData=conID: 1 locID: 102652565358969343 bcsId: 0} | ret=SUCCESS |  
2019-08-21 02:17:21,552 | INFO  | DNAudit | user=null | ip=null | op=WRITE_CHUNK {blockData=conID: 1 locID: 102652565358969343 bcsId: 0} | ret=SUCCESS |  
2019-08-21 02:17:21,552 | INFO  | DNAudit | user=null | ip=null | op=WRITE_CHUNK {blockData=conID: 1 locID: 102652565358969343 bcsId: 0} | ret=SUCCESS |  
2019-08-21 02:17:21,553 | INFO  | DNAudit | user=null | ip=null | op=WRITE_CHUNK {blockData=conID: 1 locID: 102652565358969343 bcsId: 0} | ret=SUCCESS |  
2019-08-21 02:17:21,554 | INFO  | DNAudit | user=null | ip=null | op=WRITE_CHUNK {blockData=conID: 1 locID: 102652565358969343 bcsId: 0} | ret=SUCCESS |  
2019-08-21 02:17:21,562 | INFO  | DNAudit | user=null | ip=null | op=WRITE_CHUNK {blockData=conID: 1 locID: 102652565358969343 bcsId: 0} | ret=SUCCESS |  
2019-08-21 02:17:21,563 | INFO  | DNAudit | user=null | ip=null | op=PUT_BLOCK {blockData=[blockId=conID: 1 locID: 102652565358969343 bcsId: 0,size=1048576]} | ret=SUCCESS |  
2019-08-21 02:17:21,563 [grpc-default-executor-2] INFO  client.GrpcClientProtocolClient (GrpcClientProtocolClient.java:onNext(255)) - client-54CC064C3FCE->8224e767-71c1-41fc-a01a-d172d48fd9d8: receive RaftClientReply:client-54CC064C3FCE->8224e767-71c1-41fc-a01a-d172d48fd9d8@group-F6B37CC92441, cid=1677, SUCCESS, logIndex=2404, commits[8224e767-71c1-41fc-a01a-d172d48fd9d8:c2405, 6eae0c21-01aa-4169-956f-5952b26ea7ba:c2403, 8d7dcba1-3b82-4d94-a832-514ef5c79cf8:c2403]
2019-08-21 02:17:21,563 [grpc-default-executor-2] INFO  client.GrpcClientProtocolClient (GrpcClientProtocolClient.java:onNext(255)) - client-54CC064C3FCE->8224e767-71c1-41fc-a01a-d172d48fd9d8: receive RaftClientReply:client-54CC064C3FCE->8224e767-71c1-41fc-a01a-d172d48fd9d8@group-F6B37CC92441, cid=1678, SUCCESS, logIndex=2405, commits[8224e767-71c1-41fc-a01a-d172d48fd9d8:c2405, 6eae0c21-01aa-4169-956f-5952b26ea7ba:c2403, 8d7dcba1-3b82-4d94-a832-514ef5c79cf8:c2403]
2019-08-21 02:17:21,572 | INFO  | DNAudit | user=null | ip=null | op=WRITE_CHUNK {blockData=conID: 1 locID: 102652565358969343 bcsId: 0} | ret=SUCCESS |  
2019-08-21 02:17:21,572 | INFO  | DNAudit | user=null | ip=null | op=PUT_BLOCK {blockData=[blockId=conID: 1 locID: 102652565358969343 bcsId: 0,size=2097152]} | ret=SUCCESS |  
2019-08-21 02:17:21,573 [grpc-default-executor-2] INFO  client.GrpcClientProtocolClient (GrpcClientProtocolClient.java:onNext(255)) - client-54CC064C3FCE->8224e767-71c1-41fc-a01a-d172d48fd9d8: receive RaftClientReply:client-54CC064C3FCE->8224e767-71c1-41fc-a01a-d172d48fd9d8@group-F6B37CC92441, cid=1679, SUCCESS, logIndex=2406, commits[8224e767-71c1-41fc-a01a-d172d48fd9d8:c2407, 6eae0c21-01aa-4169-956f-5952b26ea7ba:c2403, 8d7dcba1-3b82-4d94-a832-514ef5c79cf8:c2403]
2019-08-21 02:17:21,573 [grpc-default-executor-2] INFO  client.GrpcClientProtocolClient (GrpcClientProtocolClient.java:onNext(255)) - client-54CC064C3FCE->8224e767-71c1-41fc-a01a-d172d48fd9d8: receive RaftClientReply:client-54CC064C3FCE->8224e767-71c1-41fc-a01a-d172d48fd9d8@group-F6B37CC92441, cid=1680, SUCCESS, logIndex=2407, commits[8224e767-71c1-41fc-a01a-d172d48fd9d8:c2407, 6eae0c21-01aa-4169-956f-5952b26ea7ba:c2403, 8d7dcba1-3b82-4d94-a832-514ef5c79cf8:c2403]
2019-08-21 02:17:21,574 | INFO  | DNAudit | user=null | ip=null | op=WRITE_CHUNK {blockData=conID: 1 locID: 102652565358969343 bcsId: 0} | ret=SUCCESS |  
2019-08-21 02:17:21,574 | INFO  | DNAudit | user=null | ip=null | op=WRITE_CHUNK {blockData=conID: 1 locID: 102652565358969343 bcsId: 0} | ret=SUCCESS |  
2019-08-21 02:17:21,575 | INFO  | DNAudit | user=null | ip=null | op=PUT_BLOCK {blockData=[blockId=conID: 1 locID: 102652565358969343 bcsId: 0,size=1048576]} | ret=SUCCESS |  
2019-08-21 02:17:21,587 | INFO  | DNAudit | user=null | ip=null | op=PUT_BLOCK {blockData=[blockId=conID: 1 locID: 102652565358969343 bcsId: 0,size=1048576]} | ret=SUCCESS |  
2019-08-21 02:17:21,588 [grpc-default-executor-1] INFO  client.GrpcClientProtocolClient (GrpcClientProtocolClient.java:onNext(255)) - client-54CC064C3FCE->8224e767-71c1-41fc-a01a-d172d48fd9d8: receive RaftClientReply:client-54CC064C3FCE->8224e767-71c1-41fc-a01a-d172d48fd9d8@group-F6B37CC92441, cid=1681, SUCCESS, logIndex=0, commits[8224e767-71c1-41fc-a01a-d172d48fd9d8:c2409, 6eae0c21-01aa-4169-956f-5952b26ea7ba:c2405, 8d7dcba1-3b82-4d94-a832-514ef5c79cf8:c2405]
2019-08-21 02:17:21,596 | INFO  | DNAudit | user=null | ip=null | op=WRITE_CHUNK {blockData=conID: 1 locID: 102652565358969343 bcsId: 2407} | ret=SUCCESS |  
2019-08-21 02:17:21,598 | INFO  | DNAudit | user=null | ip=null | op=WRITE_CHUNK {blockData=conID: 1 locID: 102652565358969343 bcsId: 2407} | ret=SUCCESS |  
2019-08-21 02:17:21,599 | INFO  | DNAudit | user=null | ip=null | op=WRITE_CHUNK {blockData=conID: 1 locID: 102652565358969343 bcsId: 2407} | ret=SUCCESS |  
2019-08-21 02:17:21,608 | INFO  | DNAudit | user=null | ip=null | op=WRITE_CHUNK {blockData=conID: 1 locID: 102652565358969343 bcsId: 0} | ret=SUCCESS |  
2019-08-21 02:17:21,609 | INFO  | DNAudit | user=null | ip=null | op=WRITE_CHUNK {blockData=conID: 1 locID: 102652565358969343 bcsId: 2407} | ret=SUCCESS |  
2019-08-21 02:17:21,609 | INFO  | DNAudit | user=null | ip=null | op=WRITE_CHUNK {blockData=conID: 1 locID: 102652565358969343 bcsId: 0} | ret=SUCCESS |  
2019-08-21 02:17:21,609 | INFO  | DNAudit | user=null | ip=null | op=PUT_BLOCK {blockData=[blockId=conID: 1 locID: 102652565358969343 bcsId: 0,size=2097152]} | ret=SUCCESS |  
2019-08-21 02:17:21,609 | INFO  | DNAudit | user=null | ip=null | op=PUT_BLOCK {blockData=[blockId=conID: 1 locID: 102652565358969343 bcsId: 0,size=2097152]} | ret=SUCCESS |  
2019-08-21 02:17:21,609 | INFO  | DNAudit | user=null | ip=null | op=PUT_BLOCK {blockData=[blockId=conID: 1 locID: 102652565358969343 bcsId: 0,size=3145728]} | ret=SUCCESS |  
2019-08-21 02:17:21,609 [grpc-default-executor-1] INFO  client.GrpcClientProtocolClient (GrpcClientProtocolClient.java:onNext(255)) - client-54CC064C3FCE->8224e767-71c1-41fc-a01a-d172d48fd9d8: receive RaftClientReply:client-54CC064C3FCE->8224e767-71c1-41fc-a01a-d172d48fd9d8@group-F6B37CC92441, cid=1682, SUCCESS, logIndex=2412, commits[8224e767-71c1-41fc-a01a-d172d48fd9d8:c2413, 6eae0c21-01aa-4169-956f-5952b26ea7ba:c2411, 8d7dcba1-3b82-4d94-a832-514ef5c79cf8:c2411]
2019-08-21 02:17:21,609 [grpc-default-executor-1] INFO  client.GrpcClientProtocolClient (GrpcClientProtocolClient.java:onNext(255)) - client-54CC064C3FCE->8224e767-71c1-41fc-a01a-d172d48fd9d8: receive RaftClientReply:client-54CC064C3FCE->8224e767-71c1-41fc-a01a-d172d48fd9d8@group-F6B37CC92441, cid=1683, SUCCESS, logIndex=2413, commits[8224e767-71c1-41fc-a01a-d172d48fd9d8:c2413, 6eae0c21-01aa-4169-956f-5952b26ea7ba:c2411, 8d7dcba1-3b82-4d94-a832-514ef5c79cf8:c2411]
2019-08-21 02:17:21,615 | INFO  | DNAudit | user=null | ip=null | op=WRITE_CHUNK {blockData=conID: 1 locID: 102652565358969343 bcsId: 2413} | ret=SUCCESS |  
2019-08-21 02:17:21,618 | INFO  | DNAudit | user=null | ip=null | op=WRITE_CHUNK {blockData=conID: 1 locID: 102652565358969343 bcsId: 2413} | ret=SUCCESS |  
2019-08-21 02:17:21,619 | INFO  | DNAudit | user=null | ip=null | op=WRITE_CHUNK {blockData=conID: 1 locID: 102652565358969343 bcsId: 2413} | ret=SUCCESS |  
2019-08-21 02:17:21,622 | INFO  | DNAudit | user=null | ip=null | op=WRITE_CHUNK {blockData=conID: 1 locID: 102652565358969343 bcsId: 2407} | ret=SUCCESS |  
2019-08-21 02:17:21,622 | INFO  | DNAudit | user=null | ip=null | op=WRITE_CHUNK {blockData=conID: 1 locID: 102652565358969343 bcsId: 2407} | ret=SUCCESS |  
2019-08-21 02:17:21,622 | INFO  | DNAudit | user=null | ip=null | op=PUT_BLOCK {blockData=[blockId=conID: 1 locID: 102652565358969343 bcsId: 0,size=3145728]} | ret=SUCCESS |  
2019-08-21 02:17:21,625 | INFO  | DNAudit | user=null | ip=null | op=PUT_BLOCK {blockData=[blockId=conID: 1 locID: 102652565358969343 bcsId: 0,size=3145728]} | ret=SUCCESS |  
2019-08-21 02:17:21,625 | INFO  | DNAudit | user=null | ip=null | op=WRITE_CHUNK {blockData=conID: 1 locID: 102652565358969343 bcsId: 2413} | ret=SUCCESS |  
2019-08-21 02:17:21,626 | INFO  | DNAudit | user=null | ip=null | op=PUT_BLOCK {blockData=[blockId=conID: 1 locID: 102652565358969343 bcsId: 0,size=4194304]} | ret=SUCCESS |  
2019-08-21 02:17:21,626 [grpc-default-executor-0] INFO  client.GrpcClientProtocolClient (GrpcClientProtocolClient.java:onNext(255)) - client-54CC064C3FCE->8224e767-71c1-41fc-a01a-d172d48fd9d8: receive RaftClientReply:client-54CC064C3FCE->8224e767-71c1-41fc-a01a-d172d48fd9d8@group-F6B37CC92441, cid=1684, SUCCESS, logIndex=2416, commits[8224e767-71c1-41fc-a01a-d172d48fd9d8:c2417, 6eae0c21-01aa-4169-956f-5952b26ea7ba:c2413, 8d7dcba1-3b82-4d94-a832-514ef5c79cf8:c2413]
2019-08-21 02:17:21,626 [grpc-default-executor-0] INFO  client.GrpcClientProtocolClient (GrpcClientProtocolClient.java:onNext(255)) - client-54CC064C3FCE->8224e767-71c1-41fc-a01a-d172d48fd9d8: receive RaftClientReply:client-54CC064C3FCE->8224e767-71c1-41fc-a01a-d172d48fd9d8@group-F6B37CC92441, cid=1685, SUCCESS, logIndex=2417, commits[8224e767-71c1-41fc-a01a-d172d48fd9d8:c2417, 6eae0c21-01aa-4169-956f-5952b26ea7ba:c2413, 8d7dcba1-3b82-4d94-a832-514ef5c79cf8:c2413]
2019-08-21 02:17:21,646 | INFO  | DNAudit | user=null | ip=null | op=WRITE_CHUNK {blockData=conID: 1 locID: 102652565358969343 bcsId: 2413} | ret=SUCCESS |  
2019-08-21 02:17:21,646 | INFO  | DNAudit | user=null | ip=null | op=WRITE_CHUNK {blockData=conID: 1 locID: 102652565358969343 bcsId: 2413} | ret=SUCCESS |  
2019-08-21 02:17:21,647 | INFO  | DNAudit | user=null | ip=null | op=PUT_BLOCK {blockData=[blockId=conID: 1 locID: 102652565358969343 bcsId: 0,size=4194304]} | ret=SUCCESS |  
2019-08-21 02:17:21,648 | INFO  | DNAudit | user=null | ip=null | op=PUT_BLOCK {blockData=[blockId=conID: 1 locID: 102652565358969343 bcsId: 0,size=4194304]} | ret=SUCCESS |  
2019-08-21 02:17:21,649 [grpc-default-executor-0] INFO  client.GrpcClientProtocolClient (GrpcClientProtocolClient.java:onNext(255)) - client-54CC064C3FCE->8224e767-71c1-41fc-a01a-d172d48fd9d8: receive RaftClientReply:client-54CC064C3FCE->8224e767-71c1-41fc-a01a-d172d48fd9d8@group-F6B37CC92441, cid=1686, SUCCESS, logIndex=0, commits[8224e767-71c1-41fc-a01a-d172d48fd9d8:c2418, 6eae0c21-01aa-4169-956f-5952b26ea7ba:c2417, 8d7dcba1-3b82-4d94-a832-514ef5c79cf8:c2417]
2019-08-21 02:17:21,653 | INFO  | SCMAudit | user=jenkins1000 | ip=192.168.34.10 | op=ALLOCATE_BLOCK {owner=b6f66289-f2a0-4058-b052-0a85e40df67b, size=4194304, type=RATIS, factor=THREE} | ret=SUCCESS |  
2019-08-21 02:17:21,656 | INFO  | OMAudit | user=jenkins1000 | ip=127.0.0.1 | op=ALLOCATE_BLOCK {volume=vol-0-90982, bucket=bucket-0-24269, key=key-0-81262, dataSize=0, replicationType=null, replicationFactor=null, keyLocationInfo=null, clientID=102652564580991378} | ret=SUCCESS |  
2019-08-21 02:17:21,663 | INFO  | DNAudit | user=null | ip=null | op=WRITE_CHUNK {blockData=conID: 2 locID: 102652565366571520 bcsId: 0} | ret=SUCCESS |  
2019-08-21 02:17:21,666 | INFO  | DNAudit | user=null | ip=null | op=WRITE_CHUNK {blockData=conID: 2 locID: 102652565366571520 bcsId: 0} | ret=SUCCESS |  
2019-08-21 02:17:21,666 | INFO  | DNAudit | user=null | ip=null | op=WRITE_CHUNK {blockData=conID: 2 locID: 102652565366571520 bcsId: 0} | ret=SUCCESS |  
2019-08-21 02:17:21,666 | INFO  | DNAudit | user=null | ip=null | op=WRITE_CHUNK {blockData=conID: 2 locID: 102652565366571520 bcsId: 0} | ret=SUCCESS |  
2019-08-21 02:17:21,668 | INFO  | DNAudit | user=null | ip=null | op=WRITE_CHUNK {blockData=conID: 2 locID: 102652565366571520 bcsId: 0} | ret=SUCCESS |  
2019-08-21 02:17:21,668 | INFO  | DNAudit | user=null | ip=null | op=WRITE_CHUNK {blockData=conID: 2 locID: 102652565366571520 bcsId: 0} | ret=SUCCESS |  
2019-08-21 02:17:21,676 | INFO  | DNAudit | user=null | ip=null | op=WRITE_CHUNK {blockData=conID: 2 locID: 102652565366571520 bcsId: 0} | ret=SUCCESS |  
2019-08-21 02:17:21,677 | INFO  | DNAudit | user=null | ip=null | op=PUT_BLOCK {blockData=[blockId=conID: 2 locID: 102652565366571520 bcsId: 0,size=1048576]} | ret=SUCCESS |  
2019-08-21 02:17:21,677 [grpc-default-executor-0] INFO  client.GrpcClientProtocolClient (GrpcClientProtocolClient.java:onNext(255)) - client-54CC064C3FCE->8224e767-71c1-41fc-a01a-d172d48fd9d8: receive RaftClientReply:client-54CC064C3FCE->8224e767-71c1-41fc-a01a-d172d48fd9d8@group-F6B37CC92441, cid=1687, SUCCESS, logIndex=2420, commits[8224e767-71c1-41fc-a01a-d172d48fd9d8:c2423, 6eae0c21-01aa-4169-956f-5952b26ea7ba:c2419, 8d7dcba1-3b82-4d94-a832-514ef5c79cf8:c2419]
2019-08-21 02:17:21,677 | INFO  | DNAudit | user=null | ip=null | op=WRITE_CHUNK {blockData=conID: 2 locID: 102652565366571520 bcsId: 0} | ret=SUCCESS |  
2019-08-21 02:17:21,677 [grpc-default-executor-0] INFO  client.GrpcClientProtocolClient (GrpcClientProtocolClient.java:onNext(255)) - client-54CC064C3FCE->8224e767-71c1-41fc-a01a-d172d48fd9d8: receive RaftClientReply:client-54CC064C3FCE->8224e767-71c1-41fc-a01a-d172d48fd9d8@group-F6B37CC92441, cid=1688, SUCCESS, logIndex=2421, commits[8224e767-71c1-41fc-a01a-d172d48fd9d8:c2423, 6eae0c21-01aa-4169-956f-5952b26ea7ba:c2419, 8d7dcba1-3b82-4d94-a832-514ef5c79cf8:c2419]
2019-08-21 02:17:21,677 | INFO  | DNAudit | user=null | ip=null | op=PUT_BLOCK {blockData=[blockId=conID: 2 locID: 102652565366571520 bcsId: 0,size=2097152]} | ret=SUCCESS |  
2019-08-21 02:17:21,678 [grpc-default-executor-0] INFO  client.GrpcClientProtocolClient (GrpcClientProtocolClient.java:onNext(255)) - client-54CC064C3FCE->8224e767-71c1-41fc-a01a-d172d48fd9d8: receive RaftClientReply:client-54CC064C3FCE->8224e767-71c1-41fc-a01a-d172d48fd9d8@group-F6B37CC92441, cid=1689, SUCCESS, logIndex=2422, commits[8224e767-71c1-41fc-a01a-d172d48fd9d8:c2423, 6eae0c21-01aa-4169-956f-5952b26ea7ba:c2419, 8d7dcba1-3b82-4d94-a832-514ef5c79cf8:c2419]
2019-08-21 02:17:21,678 [grpc-default-executor-0] INFO  client.GrpcClientProtocolClient (GrpcClientProtocolClient.java:onNext(255)) - client-54CC064C3FCE->8224e767-71c1-41fc-a01a-d172d48fd9d8: receive RaftClientReply:client-54CC064C3FCE->8224e767-71c1-41fc-a01a-d172d48fd9d8@group-F6B37CC92441, cid=1690, SUCCESS, logIndex=2423, commits[8224e767-71c1-41fc-a01a-d172d48fd9d8:c2423, 6eae0c21-01aa-4169-956f-5952b26ea7ba:c2419, 8d7dcba1-3b82-4d94-a832-514ef5c79cf8:c2419]
2019-08-21 02:17:21,679 | INFO  | DNAudit | user=null | ip=null | op=WRITE_CHUNK {blockData=conID: 2 locID: 102652565366571520 bcsId: 0} | ret=SUCCESS |  
2019-08-21 02:17:21,680 | INFO  | DNAudit | user=null | ip=null | op=WRITE_CHUNK {blockData=conID: 2 locID: 102652565366571520 bcsId: 0} | ret=SUCCESS |  
2019-08-21 02:17:21,680 | INFO  | DNAudit | user=null | ip=null | op=PUT_BLOCK {blockData=[blockId=conID: 2 locID: 102652565366571520 bcsId: 0,size=1048576]} | ret=SUCCESS |  
2019-08-21 02:17:21,680 | INFO  | DNAudit | user=null | ip=null | op=PUT_BLOCK {blockData=[blockId=conID: 2 locID: 102652565366571520 bcsId: 0,size=1048576]} | ret=SUCCESS |  
2019-08-21 02:17:21,680 | INFO  | DNAudit | user=null | ip=null | op=WRITE_CHUNK {blockData=conID: 2 locID: 102652565366571520 bcsId: 0} | ret=SUCCESS |  
2019-08-21 02:17:21,680 | INFO  | DNAudit | user=null | ip=null | op=WRITE_CHUNK {blockData=conID: 2 locID: 102652565366571520 bcsId: 0} | ret=SUCCESS |  
2019-08-21 02:17:21,680 [grpc-default-executor-0] INFO  client.GrpcClientProtocolClient (GrpcClientProtocolClient.java:onNext(255)) - client-54CC064C3FCE->8224e767-71c1-41fc-a01a-d172d48fd9d8: receive RaftClientReply:client-54CC064C3FCE->8224e767-71c1-41fc-a01a-d172d48fd9d8@group-F6B37CC92441, cid=1691, SUCCESS, logIndex=0, commits[8224e767-71c1-41fc-a01a-d172d48fd9d8:c2424, 6eae0c21-01aa-4169-956f-5952b26ea7ba:c2422, 8d7dcba1-3b82-4d94-a832-514ef5c79cf8:c2422]
2019-08-21 02:17:21,680 | INFO  | DNAudit | user=null | ip=null | op=PUT_BLOCK {blockData=[blockId=conID: 2 locID: 102652565366571520 bcsId: 0,size=2097152]} | ret=SUCCESS |  
2019-08-21 02:17:21,688 | INFO  | DNAudit | user=null | ip=null | op=WRITE_CHUNK {blockData=conID: 2 locID: 102652565366571520 bcsId: 2423} | ret=SUCCESS |  
2019-08-21 02:17:21,690 | INFO  | DNAudit | user=null | ip=null | op=WRITE_CHUNK {blockData=conID: 2 locID: 102652565366571520 bcsId: 2423} | ret=SUCCESS |  
2019-08-21 02:17:21,690 | INFO  | DNAudit | user=null | ip=null | op=WRITE_CHUNK {blockData=conID: 2 locID: 102652565366571520 bcsId: 2423} | ret=SUCCESS |  
2019-08-21 02:17:21,691 | INFO  | DNAudit | user=null | ip=null | op=PUT_BLOCK {blockData=[blockId=conID: 2 locID: 102652565366571520 bcsId: 0,size=2097152]} | ret=SUCCESS |  
 0.00% |█                                                                                                    |  0/1 Time: 0:00:122019-08-21 02:17:21,701 | INFO  | SCMAudit | user=jenkins1000 | ip=192.168.34.10 | op=SEND_HEARTBEAT {datanodeUUID=3def7c30-cb13-4f41-8119-6188f246ad27, command=[]} | ret=SUCCESS |  
2019-08-21 02:17:21,701 | INFO  | SCMAudit | user=jenkins1000 | ip=192.168.34.10 | op=SEND_HEARTBEAT {datanodeUUID=94764dae-819c-4b7e-92f1-9cd6c64427b7, command=[]} | ret=SUCCESS |  
2019-08-21 02:17:21,704 | INFO  | DNAudit | user=null | ip=null | op=WRITE_CHUNK {blockData=conID: 2 locID: 102652565366571520 bcsId: 2423} | ret=SUCCESS |  
2019-08-21 02:17:21,704 | INFO  | DNAudit | user=null | ip=null | op=PUT_BLOCK {blockData=[blockId=conID: 2 locID: 102652565366571520 bcsId: 0,size=3145728]} | ret=SUCCESS |  
2019-08-21 02:17:21,705 [grpc-default-executor-0] INFO  client.GrpcClientProtocolClient (GrpcClientProtocolClient.java:onNext(255)) - client-54CC064C3FCE->8224e767-71c1-41fc-a01a-d172d48fd9d8: receive RaftClientReply:client-54CC064C3FCE->8224e767-71c1-41fc-a01a-d172d48fd9d8@group-F6B37CC92441, cid=1692, SUCCESS, logIndex=2427, commits[8224e767-71c1-41fc-a01a-d172d48fd9d8:c2428, 6eae0c21-01aa-4169-956f-5952b26ea7ba:c2424, 8d7dcba1-3b82-4d94-a832-514ef5c79cf8:c2424]
2019-08-21 02:17:21,705 [grpc-default-executor-0] INFO  client.GrpcClientProtocolClient (GrpcClientProtocolClient.java:onNext(255)) - client-54CC064C3FCE->8224e767-71c1-41fc-a01a-d172d48fd9d8: receive RaftClientReply:client-54CC064C3FCE->8224e767-71c1-41fc-a01a-d172d48fd9d8@group-F6B37CC92441, cid=1693, SUCCESS, logIndex=2428, commits[8224e767-71c1-41fc-a01a-d172d48fd9d8:c2428, 6eae0c21-01aa-4169-956f-5952b26ea7ba:c2424, 8d7dcba1-3b82-4d94-a832-514ef5c79cf8:c2424]
2019-08-21 02:17:21,707 | INFO  | DNAudit | user=null | ip=null | op=WRITE_CHUNK {blockData=conID: 2 locID: 102652565366571520 bcsId: 2423} | ret=SUCCESS |  
2019-08-21 02:17:21,707 | INFO  | DNAudit | user=null | ip=null | op=WRITE_CHUNK {blockData=conID: 2 locID: 102652565366571520 bcsId: 2423} | ret=SUCCESS |  
2019-08-21 02:17:21,707 | INFO  | DNAudit | user=null | ip=null | op=PUT_BLOCK {blockData=[blockId=conID: 2 locID: 102652565366571520 bcsId: 0,size=3145728]} | ret=SUCCESS |  
2019-08-21 02:17:21,707 | INFO  | DNAudit | user=null | ip=null | op=PUT_BLOCK {blockData=[blockId=conID: 2 locID: 102652565366571520 bcsId: 0,size=3145728]} | ret=SUCCESS |  
2019-08-21 02:17:21,712 | INFO  | DNAudit | user=null | ip=null | op=WRITE_CHUNK {blockData=conID: 2 locID: 102652565366571520 bcsId: 2428} | ret=SUCCESS |  
2019-08-21 02:17:21,714 | INFO  | DNAudit | user=null | ip=null | op=WRITE_CHUNK {blockData=conID: 2 locID: 102652565366571520 bcsId: 2428} | ret=SUCCESS |  
2019-08-21 02:17:21,714 | INFO  | DNAudit | user=null | ip=null | op=WRITE_CHUNK {blockData=conID: 2 locID: 102652565366571520 bcsId: 2428} | ret=SUCCESS |  
2019-08-21 02:17:21,733 | INFO  | DNAudit | user=null | ip=null | op=WRITE_CHUNK {blockData=conID: 2 locID: 102652565366571520 bcsId: 2428} | ret=SUCCESS |  
2019-08-21 02:17:21,734 | INFO  | DNAudit | user=null | ip=null | op=PUT_BLOCK {blockData=[blockId=conID: 2 locID: 102652565366571520 bcsId: 0,size=4194304]} | ret=SUCCESS |  
2019-08-21 02:17:21,734 [grpc-default-executor-2] INFO  client.GrpcClientProtocolClient (GrpcClientProtocolClient.java:onNext(255)) - client-54CC064C3FCE->8224e767-71c1-41fc-a01a-d172d48fd9d8: receive RaftClientReply:client-54CC064C3FCE->8224e767-71c1-41fc-a01a-d172d48fd9d8@group-F6B37CC92441, cid=1694, SUCCESS, logIndex=2431, commits[8224e767-71c1-41fc-a01a-d172d48fd9d8:c2432, 6eae0c21-01aa-4169-956f-5952b26ea7ba:c2429, 8d7dcba1-3b82-4d94-a832-514ef5c79cf8:c2429]
2019-08-21 02:17:21,735 [grpc-default-executor-2] INFO  client.GrpcClientProtocolClient (GrpcClientProtocolClient.java:onNext(255)) - client-54CC064C3FCE->8224e767-71c1-41fc-a01a-d172d48fd9d8: receive RaftClientReply:client-54CC064C3FCE->8224e767-71c1-41fc-a01a-d172d48fd9d8@group-F6B37CC92441, cid=1695, SUCCESS, logIndex=2432, commits[8224e767-71c1-41fc-a01a-d172d48fd9d8:c2432, 6eae0c21-01aa-4169-956f-5952b26ea7ba:c2429, 8d7dcba1-3b82-4d94-a832-514ef5c79cf8:c2429]
2019-08-21 02:17:21,746 | INFO  | DNAudit | user=null | ip=null | op=WRITE_CHUNK {blockData=conID: 2 locID: 102652565366571520 bcsId: 2428} | ret=SUCCESS |  
2019-08-21 02:17:21,746 | INFO  | DNAudit | user=null | ip=null | op=WRITE_CHUNK {blockData=conID: 2 locID: 102652565366571520 bcsId: 2428} | ret=SUCCESS |  
2019-08-21 02:17:21,749 | INFO  | DNAudit | user=null | ip=null | op=PUT_BLOCK {blockData=[blockId=conID: 2 locID: 102652565366571520 bcsId: 0,size=4194304]} | ret=SUCCESS |  
2019-08-21 02:17:21,749 | INFO  | DNAudit | user=null | ip=null | op=PUT_BLOCK {blockData=[blockId=conID: 2 locID: 102652565366571520 bcsId: 0,size=4194304]} | ret=SUCCESS |  
2019-08-21 02:17:21,749 [grpc-default-executor-2] INFO  client.GrpcClientProtocolClient (GrpcClientProtocolClient.java:onNext(255)) - client-54CC064C3FCE->8224e767-71c1-41fc-a01a-d172d48fd9d8: receive RaftClientReply:client-54CC064C3FCE->8224e767-71c1-41fc-a01a-d172d48fd9d8@group-F6B37CC92441, cid=1696, SUCCESS, logIndex=0, commits[8224e767-71c1-41fc-a01a-d172d48fd9d8:c2434, 6eae0c21-01aa-4169-956f-5952b26ea7ba:c2432, 8d7dcba1-3b82-4d94-a832-514ef5c79cf8:c2432]
2019-08-21 02:17:21,754 | INFO  | SCMAudit | user=jenkins1000 | ip=192.168.34.10 | op=ALLOCATE_BLOCK {owner=b6f66289-f2a0-4058-b052-0a85e40df67b, size=4194304, type=RATIS, factor=THREE} | ret=SUCCESS |  
2019-08-21 02:17:21,758 | INFO  | OMAudit | user=jenkins1000 | ip=127.0.0.1 | op=ALLOCATE_BLOCK {volume=vol-0-90982, bucket=bucket-0-24269, key=key-0-81262, dataSize=0, replicationType=null, replicationFactor=null, keyLocationInfo=null, clientID=102652564580991378} | ret=SUCCESS |  
2019-08-21 02:17:21,764 | INFO  | DNAudit | user=null | ip=null | op=WRITE_CHUNK {blockData=conID: 3 locID: 102652565373190657 bcsId: 0} | ret=SUCCESS |  
2019-08-21 02:17:21,767 | INFO  | DNAudit | user=null | ip=null | op=WRITE_CHUNK {blockData=conID: 3 locID: 102652565373190657 bcsId: 0} | ret=SUCCESS |  
2019-08-21 02:17:21,768 | INFO  | DNAudit | user=null | ip=null | op=WRITE_CHUNK {blockData=conID: 3 locID: 102652565373190657 bcsId: 0} | ret=SUCCESS |  
2019-08-21 02:17:21,768 | INFO  | DNAudit | user=null | ip=null | op=WRITE_CHUNK {blockData=conID: 3 locID: 102652565373190657 bcsId: 0} | ret=SUCCESS |  
2019-08-21 02:17:21,769 | INFO  | DNAudit | user=null | ip=null | op=WRITE_CHUNK {blockData=conID: 3 locID: 102652565373190657 bcsId: 0} | ret=SUCCESS |  
2019-08-21 02:17:21,770 | INFO  | DNAudit | user=null | ip=null | op=WRITE_CHUNK {blockData=conID: 3 locID: 102652565373190657 bcsId: 0} | ret=SUCCESS |  
2019-08-21 02:17:21,778 | INFO  | DNAudit | user=null | ip=null | op=WRITE_CHUNK {blockData=conID: 3 locID: 102652565373190657 bcsId: 0} | ret=SUCCESS |  
2019-08-21 02:17:21,778 | INFO  | DNAudit | user=null | ip=null | op=PUT_BLOCK {blockData=[blockId=conID: 3 locID: 102652565373190657 bcsId: 0,size=1048576]} | ret=SUCCESS |  
2019-08-21 02:17:21,778 [grpc-default-executor-3] INFO  client.GrpcClientProtocolClient (GrpcClientProtocolClient.java:onNext(255)) - client-54CC064C3FCE->8224e767-71c1-41fc-a01a-d172d48fd9d8: receive RaftClientReply:client-54CC064C3FCE->8224e767-71c1-41fc-a01a-d172d48fd9d8@group-F6B37CC92441, cid=1697, SUCCESS, logIndex=2435, commits[8224e767-71c1-41fc-a01a-d172d48fd9d8:c2436, 6eae0c21-01aa-4169-956f-5952b26ea7ba:c2434, 8d7dcba1-3b82-4d94-a832-514ef5c79cf8:c2434]
2019-08-21 02:17:21,779 [grpc-default-executor-3] INFO  client.GrpcClientProtocolClient (GrpcClientProtocolClient.java:onNext(255)) - client-54CC064C3FCE->8224e767-71c1-41fc-a01a-d172d48fd9d8: receive RaftClientReply:client-54CC064C3FCE->8224e767-71c1-41fc-a01a-d172d48fd9d8@group-F6B37CC92441, cid=1698, SUCCESS, logIndex=2436, commits[8224e767-71c1-41fc-a01a-d172d48fd9d8:c2436, 6eae0c21-01aa-4169-956f-5952b26ea7ba:c2434, 8d7dcba1-3b82-4d94-a832-514ef5c79cf8:c2434]
2019-08-21 02:17:21,788 | INFO  | DNAudit | user=null | ip=null | op=WRITE_CHUNK {blockData=conID: 3 locID: 102652565373190657 bcsId: 0} | ret=SUCCESS |  
2019-08-21 02:17:21,789 | INFO  | DNAudit | user=null | ip=null | op=PUT_BLOCK {blockData=[blockId=conID: 3 locID: 102652565373190657 bcsId: 0,size=2097152]} | ret=SUCCESS |  
2019-08-21 02:17:21,789 [grpc-default-executor-0] INFO  client.GrpcClientProtocolClient (GrpcClientProtocolClient.java:onNext(255)) - client-54CC064C3FCE->8224e767-71c1-41fc-a01a-d172d48fd9d8: receive RaftClientReply:client-54CC064C3FCE->8224e767-71c1-41fc-a01a-d172d48fd9d8@group-F6B37CC92441, cid=1699, SUCCESS, logIndex=2437, commits[8224e767-71c1-41fc-a01a-d172d48fd9d8:c2438, 6eae0c21-01aa-4169-956f-5952b26ea7ba:c2434, 8d7dcba1-3b82-4d94-a832-514ef5c79cf8:c2434]
2019-08-21 02:17:21,789 | INFO  | DNAudit | user=null | ip=null | op=WRITE_CHUNK {blockData=conID: 3 locID: 102652565373190657 bcsId: 0} | ret=SUCCESS |  
2019-08-21 02:17:21,789 [grpc-default-executor-0] INFO  client.GrpcClientProtocolClient (GrpcClientProtocolClient.java:onNext(255)) - client-54CC064C3FCE->8224e767-71c1-41fc-a01a-d172d48fd9d8: receive RaftClientReply:client-54CC064C3FCE->8224e767-71c1-41fc-a01a-d172d48fd9d8@group-F6B37CC92441, cid=1700, SUCCESS, logIndex=2438, commits[8224e767-71c1-41fc-a01a-d172d48fd9d8:c2438, 6eae0c21-01aa-4169-956f-5952b26ea7ba:c2435, 8d7dcba1-3b82-4d94-a832-514ef5c79cf8:c2434]
2019-08-21 02:17:21,790 | INFO  | DNAudit | user=null | ip=null | op=PUT_BLOCK {blockData=[blockId=conID: 3 locID: 102652565373190657 bcsId: 0,size=1048576]} | ret=SUCCESS |  
2019-08-21 02:17:21,790 | INFO  | DNAudit | user=null | ip=null | op=WRITE_CHUNK {blockData=conID: 3 locID: 102652565373190657 bcsId: 0} | ret=SUCCESS |  
2019-08-21 02:17:21,791 | INFO  | DNAudit | user=null | ip=null | op=PUT_BLOCK {blockData=[blockId=conID: 3 locID: 102652565373190657 bcsId: 0,size=2097152]} | ret=SUCCESS |  
2019-08-21 02:17:21,792 | INFO  | DNAudit | user=null | ip=null | op=WRITE_CHUNK {blockData=conID: 3 locID: 102652565373190657 bcsId: 0} | ret=SUCCESS |  
2019-08-21 02:17:21,793 | INFO  | DNAudit | user=null | ip=null | op=PUT_BLOCK {blockData=[blockId=conID: 3 locID: 102652565373190657 bcsId: 0,size=1048576]} | ret=SUCCESS |  
2019-08-21 02:17:21,793 | INFO  | DNAudit | user=null | ip=null | op=WRITE_CHUNK {blockData=conID: 3 locID: 102652565373190657 bcsId: 0} | ret=SUCCESS |  
2019-08-21 02:17:21,793 | INFO  | DNAudit | user=null | ip=null | op=PUT_BLOCK {blockData=[blockId=conID: 3 locID: 102652565373190657 bcsId: 0,size=2097152]} | ret=SUCCESS |  
2019-08-21 02:17:21,793 [grpc-default-executor-0] INFO  client.GrpcClientProtocolClient (GrpcClientProtocolClient.java:onNext(255)) - client-54CC064C3FCE->8224e767-71c1-41fc-a01a-d172d48fd9d8: receive RaftClientReply:client-54CC064C3FCE->8224e767-71c1-41fc-a01a-d172d48fd9d8@group-F6B37CC92441, cid=1701, SUCCESS, logIndex=0, commits[8224e767-71c1-41fc-a01a-d172d48fd9d8:c2441, 6eae0c21-01aa-4169-956f-5952b26ea7ba:c2438, 8d7dcba1-3b82-4d94-a832-514ef5c79cf8:c2436]
2019-08-21 02:17:21,800 | INFO  | DNAudit | user=null | ip=null | op=WRITE_CHUNK {blockData=conID: 3 locID: 102652565373190657 bcsId: 2438} | ret=SUCCESS |  
2019-08-21 02:17:21,802 | INFO  | DNAudit | user=null | ip=null | op=WRITE_CHUNK {blockData=conID: 3 locID: 102652565373190657 bcsId: 2438} | ret=SUCCESS |  
2019-08-21 02:17:21,802 | INFO  | DNAudit | user=null | ip=null | op=WRITE_CHUNK {blockData=conID: 3 locID: 102652565373190657 bcsId: 2438} | ret=SUCCESS |  
2019-08-21 02:17:21,813 | INFO  | DNAudit | user=null | ip=null | op=WRITE_CHUNK {blockData=conID: 3 locID: 102652565373190657 bcsId: 2438} | ret=SUCCESS |  
2019-08-21 02:17:21,814 | INFO  | DNAudit | user=null | ip=null | op=PUT_BLOCK {blockData=[blockId=conID: 3 locID: 102652565373190657 bcsId: 0,size=3145728]} | ret=SUCCESS |  
2019-08-21 02:17:21,814 [grpc-default-executor-3] INFO  client.GrpcClientProtocolClient (GrpcClientProtocolClient.java:onNext(255)) - client-54CC064C3FCE->8224e767-71c1-41fc-a01a-d172d48fd9d8: receive RaftClientReply:client-54CC064C3FCE->8224e767-71c1-41fc-a01a-d172d48fd9d8@group-F6B37CC92441, cid=1702, SUCCESS, logIndex=2442, commits[8224e767-71c1-41fc-a01a-d172d48fd9d8:c2443, 6eae0c21-01aa-4169-956f-5952b26ea7ba:c2441, 8d7dcba1-3b82-4d94-a832-514ef5c79cf8:c2441]
2019-08-21 02:17:21,814 [grpc-default-executor-3] INFO  client.GrpcClientProtocolClient (GrpcClientProtocolClient.java:onNext(255)) - client-54CC064C3FCE->8224e767-71c1-41fc-a01a-d172d48fd9d8: receive RaftClientReply:client-54CC064C3FCE->8224e767-71c1-41fc-a01a-d172d48fd9d8@group-F6B37CC92441, cid=1703, SUCCESS, logIndex=2443, commits[8224e767-71c1-41fc-a01a-d172d48fd9d8:c2443, 6eae0c21-01aa-4169-956f-5952b26ea7ba:c2441, 8d7dcba1-3b82-4d94-a832-514ef5c79cf8:c2441]
2019-08-21 02:17:21,820 | INFO  | DNAudit | user=null | ip=null | op=WRITE_CHUNK {blockData=conID: 3 locID: 102652565373190657 bcsId: 2443} | ret=SUCCESS |  
2019-08-21 02:17:21,822 | INFO  | DNAudit | user=null | ip=null | op=WRITE_CHUNK {blockData=conID: 3 locID: 102652565373190657 bcsId: 2443} | ret=SUCCESS |  
2019-08-21 02:17:21,823 | INFO  | DNAudit | user=null | ip=null | op=WRITE_CHUNK {blockData=conID: 3 locID: 102652565373190657 bcsId: 2443} | ret=SUCCESS |  
2019-08-21 02:17:21,825 | INFO  | DNAudit | user=null | ip=null | op=WRITE_CHUNK {blockData=conID: 3 locID: 102652565373190657 bcsId: 2438} | ret=SUCCESS |  
2019-08-21 02:17:21,825 | INFO  | DNAudit | user=null | ip=null | op=WRITE_CHUNK {blockData=conID: 3 locID: 102652565373190657 bcsId: 2438} | ret=SUCCESS |  
2019-08-21 02:17:21,825 | INFO  | DNAudit | user=null | ip=null | op=PUT_BLOCK {blockData=[blockId=conID: 3 locID: 102652565373190657 bcsId: 0,size=3145728]} | ret=SUCCESS |  
2019-08-21 02:17:21,825 | INFO  | DNAudit | user=null | ip=null | op=PUT_BLOCK {blockData=[blockId=conID: 3 locID: 102652565373190657 bcsId: 0,size=3145728]} | ret=SUCCESS |  
2019-08-21 02:17:21,827 | INFO  | DNAudit | user=null | ip=null | op=WRITE_CHUNK {blockData=conID: 3 locID: 102652565373190657 bcsId: 2443} | ret=SUCCESS |  
2019-08-21 02:17:21,827 | INFO  | DNAudit | user=null | ip=null | op=PUT_BLOCK {blockData=[blockId=conID: 3 locID: 102652565373190657 bcsId: 0,size=4194304]} | ret=SUCCESS |  
2019-08-21 02:17:21,828 [grpc-default-executor-2] INFO  client.GrpcClientProtocolClient (GrpcClientProtocolClient.java:onNext(255)) - client-54CC064C3FCE->8224e767-71c1-41fc-a01a-d172d48fd9d8: receive RaftClientReply:client-54CC064C3FCE->8224e767-71c1-41fc-a01a-d172d48fd9d8@group-F6B37CC92441, cid=1704, SUCCESS, logIndex=2446, commits[8224e767-71c1-41fc-a01a-d172d48fd9d8:c2447, 6eae0c21-01aa-4169-956f-5952b26ea7ba:c2443, 8d7dcba1-3b82-4d94-a832-514ef5c79cf8:c2443]
2019-08-21 02:17:21,828 [grpc-default-executor-2] INFO  client.GrpcClientProtocolClient (GrpcClientProtocolClient.java:onNext(255)) - client-54CC064C3FCE->8224e767-71c1-41fc-a01a-d172d48fd9d8: receive RaftClientReply:client-54CC064C3FCE->8224e767-71c1-41fc-a01a-d172d48fd9d8@group-F6B37CC92441, cid=1705, SUCCESS, logIndex=2447, commits[8224e767-71c1-41fc-a01a-d172d48fd9d8:c2447, 6eae0c21-01aa-4169-956f-5952b26ea7ba:c2443, 8d7dcba1-3b82-4d94-a832-514ef5c79cf8:c2443]
2019-08-21 02:17:21,829 | INFO  | DNAudit | user=null | ip=null | op=WRITE_CHUNK {blockData=conID: 3 locID: 102652565373190657 bcsId: 2443} | ret=SUCCESS |  
2019-08-21 02:17:21,829 | INFO  | DNAudit | user=null | ip=null | op=WRITE_CHUNK {blockData=conID: 3 locID: 102652565373190657 bcsId: 2443} | ret=SUCCESS |  
2019-08-21 02:17:21,832 | INFO  | DNAudit | user=null | ip=null | op=PUT_BLOCK {blockData=[blockId=conID: 3 locID: 102652565373190657 bcsId: 0,size=4194304]} | ret=SUCCESS |  
2019-08-21 02:17:21,832 | INFO  | DNAudit | user=null | ip=null | op=PUT_BLOCK {blockData=[blockId=conID: 3 locID: 102652565373190657 bcsId: 0,size=4194304]} | ret=SUCCESS |  
2019-08-21 02:17:21,832 [grpc-default-executor-0] INFO  client.GrpcClientProtocolClient (GrpcClientProtocolClient.java:onNext(255)) - client-54CC064C3FCE->8224e767-71c1-41fc-a01a-d172d48fd9d8: receive RaftClientReply:client-54CC064C3FCE->8224e767-71c1-41fc-a01a-d172d48fd9d8@group-F6B37CC92441, cid=1706, SUCCESS, logIndex=0, commits[8224e767-71c1-41fc-a01a-d172d48fd9d8:c2449, 6eae0c21-01aa-4169-956f-5952b26ea7ba:c2447, 8d7dcba1-3b82-4d94-a832-514ef5c79cf8:c2447]
2019-08-21 02:17:21,837 | INFO  | SCMAudit | user=jenkins1000 | ip=192.168.34.10 | op=ALLOCATE_BLOCK {owner=b6f66289-f2a0-4058-b052-0a85e40df67b, size=4194304, type=RATIS, factor=THREE} | ret=SUCCESS |  
2019-08-21 02:17:21,840 | INFO  | OMAudit | user=jenkins1000 | ip=127.0.0.1 | op=ALLOCATE_BLOCK {volume=vol-0-90982, bucket=bucket-0-24269, key=key-0-81262, dataSize=0, replicationType=null, replicationFactor=null, keyLocationInfo=null, clientID=102652564580991378} | ret=SUCCESS |  
2019-08-21 02:17:21,846 | INFO  | DNAudit | user=null | ip=null | op=WRITE_CHUNK {blockData=conID: 1 locID: 102652565378630146 bcsId: 0} | ret=SUCCESS |  
2019-08-21 02:17:21,847 | INFO  | DNAudit | user=null | ip=null | op=WRITE_CHUNK {blockData=conID: 1 locID: 102652565378630146 bcsId: 0} | ret=SUCCESS |  
2019-08-21 02:17:21,849 | INFO  | DNAudit | user=null | ip=null | op=WRITE_CHUNK {blockData=conID: 1 locID: 102652565378630146 bcsId: 0} | ret=SUCCESS |  
2019-08-21 02:17:21,849 | INFO  | DNAudit | user=null | ip=null | op=WRITE_CHUNK {blockData=conID: 1 locID: 102652565378630146 bcsId: 0} | ret=SUCCESS |  
2019-08-21 02:17:21,849 | INFO  | DNAudit | user=null | ip=null | op=WRITE_CHUNK {blockData=conID: 1 locID: 102652565378630146 bcsId: 0} | ret=SUCCESS |  
2019-08-21 02:17:21,850 | INFO  | DNAudit | user=null | ip=null | op=WRITE_CHUNK {blockData=conID: 1 locID: 102652565378630146 bcsId: 0} | ret=SUCCESS |  
2019-08-21 02:17:21,852 | INFO  | DNAudit | user=null | ip=null | op=WRITE_CHUNK {blockData=conID: 1 locID: 102652565378630146 bcsId: 0} | ret=SUCCESS |  
2019-08-21 02:17:21,853 [grpc-default-executor-0] INFO  client.GrpcClientProtocolClient (GrpcClientProtocolClient.java:onNext(255)) - client-54CC064C3FCE->8224e767-71c1-41fc-a01a-d172d48fd9d8: receive RaftClientReply:client-54CC064C3FCE->8224e767-71c1-41fc-a01a-d172d48fd9d8@group-F6B37CC92441, cid=1707, SUCCESS, logIndex=2450, commits[8224e767-71c1-41fc-a01a-d172d48fd9d8:c2453, 6eae0c21-01aa-4169-956f-5952b26ea7ba:c2449, 8d7dcba1-3b82-4d94-a832-514ef5c79cf8:c2449]
2019-08-21 02:17:21,853 | INFO  | DNAudit | user=null | ip=null | op=PUT_BLOCK {blockData=[blockId=conID: 1 locID: 102652565378630146 bcsId: 0,size=1048576]} | ret=SUCCESS |  
2019-08-21 02:17:21,854 [grpc-default-executor-0] INFO  client.GrpcClientProtocolClient (GrpcClientProtocolClient.java:onNext(255)) - client-54CC064C3FCE->8224e767-71c1-41fc-a01a-d172d48fd9d8: receive RaftClientReply:client-54CC064C3FCE->8224e767-71c1-41fc-a01a-d172d48fd9d8@group-F6B37CC92441, cid=1708, SUCCESS, logIndex=2451, commits[8224e767-71c1-41fc-a01a-d172d48fd9d8:c2453, 6eae0c21-01aa-4169-956f-5952b26ea7ba:c2449, 8d7dcba1-3b82-4d94-a832-514ef5c79cf8:c2449]
2019-08-21 02:17:21,854 | INFO  | DNAudit | user=null | ip=null | op=WRITE_CHUNK {blockData=conID: 1 locID: 102652565378630146 bcsId: 0} | ret=SUCCESS |  
2019-08-21 02:17:21,854 | INFO  | DNAudit | user=null | ip=null | op=PUT_BLOCK {blockData=[blockId=conID: 1 locID: 102652565378630146 bcsId: 0,size=2097152]} | ret=SUCCESS |  
2019-08-21 02:17:21,854 [grpc-default-executor-0] INFO  client.GrpcClientProtocolClient (GrpcClientProtocolClient.java:onNext(255)) - client-54CC064C3FCE->8224e767-71c1-41fc-a01a-d172d48fd9d8: receive RaftClientReply:client-54CC064C3FCE->8224e767-71c1-41fc-a01a-d172d48fd9d8@group-F6B37CC92441, cid=1709, SUCCESS, logIndex=2452, commits[8224e767-71c1-41fc-a01a-d172d48fd9d8:c2453, 6eae0c21-01aa-4169-956f-5952b26ea7ba:c2449, 8d7dcba1-3b82-4d94-a832-514ef5c79cf8:c2449]
2019-08-21 02:17:21,855 [grpc-default-executor-0] INFO  client.GrpcClientProtocolClient (GrpcClientProtocolClient.java:onNext(255)) - client-54CC064C3FCE->8224e767-71c1-41fc-a01a-d172d48fd9d8: receive RaftClientReply:client-54CC064C3FCE->8224e767-71c1-41fc-a01a-d172d48fd9d8@group-F6B37CC92441, cid=1710, SUCCESS, logIndex=2453, commits[8224e767-71c1-41fc-a01a-d172d48fd9d8:c2453, 6eae0c21-01aa-4169-956f-5952b26ea7ba:c2449, 8d7dcba1-3b82-4d94-a832-514ef5c79cf8:c2449]
2019-08-21 02:17:21,855 | INFO  | DNAudit | user=null | ip=null | op=WRITE_CHUNK {blockData=conID: 1 locID: 102652565378630146 bcsId: 0} | ret=SUCCESS |  
2019-08-21 02:17:21,855 | INFO  | DNAudit | user=null | ip=null | op=WRITE_CHUNK {blockData=conID: 1 locID: 102652565378630146 bcsId: 0} | ret=SUCCESS |  
2019-08-21 02:17:21,855 | INFO  | DNAudit | user=null | ip=null | op=PUT_BLOCK {blockData=[blockId=conID: 1 locID: 102652565378630146 bcsId: 0,size=1048576]} | ret=SUCCESS |  
2019-08-21 02:17:21,855 | INFO  | DNAudit | user=null | ip=null | op=PUT_BLOCK {blockData=[blockId=conID: 1 locID: 102652565378630146 bcsId: 0,size=1048576]} | ret=SUCCESS |  
2019-08-21 02:17:21,855 [grpc-default-executor-0] INFO  client.GrpcClientProtocolClient (GrpcClientProtocolClient.java:onNext(255)) - client-54CC064C3FCE->8224e767-71c1-41fc-a01a-d172d48fd9d8: receive RaftClientReply:client-54CC064C3FCE->8224e767-71c1-41fc-a01a-d172d48fd9d8@group-F6B37CC92441, cid=1711, SUCCESS, logIndex=0, commits[8224e767-71c1-41fc-a01a-d172d48fd9d8:c2454, 6eae0c21-01aa-4169-956f-5952b26ea7ba:c2451, 8d7dcba1-3b82-4d94-a832-514ef5c79cf8:c2451]
2019-08-21 02:17:21,858 | INFO  | DNAudit | user=null | ip=null | op=WRITE_CHUNK {blockData=conID: 1 locID: 102652565378630146 bcsId: 0} | ret=SUCCESS |  
2019-08-21 02:17:21,859 | INFO  | DNAudit | user=null | ip=null | op=WRITE_CHUNK {blockData=conID: 1 locID: 102652565378630146 bcsId: 0} | ret=SUCCESS |  
2019-08-21 02:17:21,859 | INFO  | DNAudit | user=null | ip=null | op=PUT_BLOCK {blockData=[blockId=conID: 1 locID: 102652565378630146 bcsId: 0,size=2097152]} | ret=SUCCESS |  
2019-08-21 02:17:21,859 | INFO  | DNAudit | user=null | ip=null | op=PUT_BLOCK {blockData=[blockId=conID: 1 locID: 102652565378630146 bcsId: 0,size=2097152]} | ret=SUCCESS |  
2019-08-21 02:17:21,861 | INFO  | DNAudit | user=null | ip=null | op=WRITE_CHUNK {blockData=conID: 1 locID: 102652565378630146 bcsId: 2453} | ret=SUCCESS |  
2019-08-21 02:17:21,863 | INFO  | DNAudit | user=null | ip=null | op=WRITE_CHUNK {blockData=conID: 1 locID: 102652565378630146 bcsId: 2453} | ret=SUCCESS |  
2019-08-21 02:17:21,864 | INFO  | DNAudit | user=null | ip=null | op=WRITE_CHUNK {blockData=conID: 1 locID: 102652565378630146 bcsId: 2453} | ret=SUCCESS |  
2019-08-21 02:17:21,885 | INFO  | DNAudit | user=null | ip=null | op=WRITE_CHUNK {blockData=conID: 1 locID: 102652565378630146 bcsId: 2453} | ret=SUCCESS |  
2019-08-21 02:17:21,885 | INFO  | DNAudit | user=null | ip=null | op=PUT_BLOCK {blockData=[blockId=conID: 1 locID: 102652565378630146 bcsId: 0,size=3145728]} | ret=SUCCESS |  
2019-08-21 02:17:21,885 [grpc-default-executor-2] INFO  client.GrpcClientProtocolClient (GrpcClientProtocolClient.java:onNext(255)) - client-54CC064C3FCE->8224e767-71c1-41fc-a01a-d172d48fd9d8: receive RaftClientReply:client-54CC064C3FCE->8224e767-71c1-41fc-a01a-d172d48fd9d8@group-F6B37CC92441, cid=1712, SUCCESS, logIndex=2458, commits[8224e767-71c1-41fc-a01a-d172d48fd9d8:c2459, 6eae0c21-01aa-4169-956f-5952b26ea7ba:c2457, 8d7dcba1-3b82-4d94-a832-514ef5c79cf8:c2457]
2019-08-21 02:17:21,885 [grpc-default-executor-2] INFO  client.GrpcClientProtocolClient (GrpcClientProtocolClient.java:onNext(255)) - client-54CC064C3FCE->8224e767-71c1-41fc-a01a-d172d48fd9d8: receive RaftClientReply:client-54CC064C3FCE->8224e767-71c1-41fc-a01a-d172d48fd9d8@group-F6B37CC92441, cid=1713, SUCCESS, logIndex=2459, commits[8224e767-71c1-41fc-a01a-d172d48fd9d8:c2459, 6eae0c21-01aa-4169-956f-5952b26ea7ba:c2457, 8d7dcba1-3b82-4d94-a832-514ef5c79cf8:c2457]
2019-08-21 02:17:21,887 | INFO  | DNAudit | user=null | ip=null | op=WRITE_CHUNK {blockData=conID: 1 locID: 102652565378630146 bcsId: 2453} | ret=SUCCESS |  
2019-08-21 02:17:21,887 | INFO  | DNAudit | user=null | ip=null | op=WRITE_CHUNK {blockData=conID: 1 locID: 102652565378630146 bcsId: 2453} | ret=SUCCESS |  
2019-08-21 02:17:21,887 | INFO  | DNAudit | user=null | ip=null | op=PUT_BLOCK {blockData=[blockId=conID: 1 locID: 102652565378630146 bcsId: 0,size=3145728]} | ret=SUCCESS |  
2019-08-21 02:17:21,887 | INFO  | DNAudit | user=null | ip=null | op=PUT_BLOCK {blockData=[blockId=conID: 1 locID: 102652565378630146 bcsId: 0,size=3145728]} | ret=SUCCESS |  
2019-08-21 02:17:21,891 | INFO  | DNAudit | user=null | ip=null | op=WRITE_CHUNK {blockData=conID: 1 locID: 102652565378630146 bcsId: 2459} | ret=SUCCESS |  
2019-08-21 02:17:21,893 | INFO  | DNAudit | user=null | ip=null | op=WRITE_CHUNK {blockData=conID: 1 locID: 102652565378630146 bcsId: 2459} | ret=SUCCESS |  
2019-08-21 02:17:21,894 | INFO  | DNAudit | user=null | ip=null | op=WRITE_CHUNK {blockData=conID: 1 locID: 102652565378630146 bcsId: 2459} | ret=SUCCESS |  
2019-08-21 02:17:21,902 | INFO  | DNAudit | user=null | ip=null | op=WRITE_CHUNK {blockData=conID: 1 locID: 102652565378630146 bcsId: 2459} | ret=SUCCESS |  
2019-08-21 02:17:21,903 | INFO  | DNAudit | user=null | ip=null | op=PUT_BLOCK {blockData=[blockId=conID: 1 locID: 102652565378630146 bcsId: 0,size=4194304]} | ret=SUCCESS |  
2019-08-21 02:17:21,903 [grpc-default-executor-0] INFO  client.GrpcClientProtocolClient (GrpcClientProtocolClient.java:onNext(255)) - client-54CC064C3FCE->8224e767-71c1-41fc-a01a-d172d48fd9d8: receive RaftClientReply:client-54CC064C3FCE->8224e767-71c1-41fc-a01a-d172d48fd9d8@group-F6B37CC92441, cid=1714, SUCCESS, logIndex=2462, commits[8224e767-71c1-41fc-a01a-d172d48fd9d8:c2463, 6eae0c21-01aa-4169-956f-5952b26ea7ba:c2460, 8d7dcba1-3b82-4d94-a832-514ef5c79cf8:c2460]
2019-08-21 02:17:21,903 [grpc-default-executor-0] INFO  client.GrpcClientProtocolClient (GrpcClientProtocolClient.java:onNext(255)) - client-54CC064C3FCE->8224e767-71c1-41fc-a01a-d172d48fd9d8: receive RaftClientReply:client-54CC064C3FCE->8224e767-71c1-41fc-a01a-d172d48fd9d8@group-F6B37CC92441, cid=1715, SUCCESS, logIndex=2463, commits[8224e767-71c1-41fc-a01a-d172d48fd9d8:c2463, 6eae0c21-01aa-4169-956f-5952b26ea7ba:c2460, 8d7dcba1-3b82-4d94-a832-514ef5c79cf8:c2460]
2019-08-21 02:17:21,913 | INFO  | DNAudit | user=null | ip=null | op=WRITE_CHUNK {blockData=conID: 1 locID: 102652565378630146 bcsId: 2459} | ret=SUCCESS |  
2019-08-21 02:17:21,913 | INFO  | DNAudit | user=null | ip=null | op=WRITE_CHUNK {blockData=conID: 1 locID: 102652565378630146 bcsId: 2459} | ret=SUCCESS |  
2019-08-21 02:17:21,913 | INFO  | DNAudit | user=null | ip=null | op=PUT_BLOCK {blockData=[blockId=conID: 1 locID: 102652565378630146 bcsId: 0,size=4194304]} | ret=SUCCESS |  
2019-08-21 02:17:21,915 | INFO  | DNAudit | user=null | ip=null | op=PUT_BLOCK {blockData=[blockId=conID: 1 locID: 102652565378630146 bcsId: 0,size=4194304]} | ret=SUCCESS |  
2019-08-21 02:17:21,916 [grpc-default-executor-0] INFO  client.GrpcClientProtocolClient (GrpcClientProtocolClient.java:onNext(255)) - client-54CC064C3FCE->8224e767-71c1-41fc-a01a-d172d48fd9d8: receive RaftClientReply:client-54CC064C3FCE->8224e767-71c1-41fc-a01a-d172d48fd9d8@group-F6B37CC92441, cid=1716, SUCCESS, logIndex=0, commits[8224e767-71c1-41fc-a01a-d172d48fd9d8:c2464, 6eae0c21-01aa-4169-956f-5952b26ea7ba:c2463, 8d7dcba1-3b82-4d94-a832-514ef5c79cf8:c2463]
2019-08-21 02:17:21,920 | INFO  | SCMAudit | user=jenkins1000 | ip=192.168.34.10 | op=ALLOCATE_BLOCK {owner=b6f66289-f2a0-4058-b052-0a85e40df67b, size=4194304, type=RATIS, factor=THREE} | ret=SUCCESS |  
2019-08-21 02:17:21,922 | INFO  | OMAudit | user=jenkins1000 | ip=127.0.0.1 | op=ALLOCATE_BLOCK {volume=vol-0-90982, bucket=bucket-0-24269, key=key-0-81262, dataSize=0, replicationType=null, replicationFactor=null, keyLocationInfo=null, clientID=102652564580991378} | ret=SUCCESS |  
2019-08-21 02:17:21,929 | INFO  | DNAudit | user=null | ip=null | op=WRITE_CHUNK {blockData=conID: 2 locID: 102652565384004099 bcsId: 0} | ret=SUCCESS |  
2019-08-21 02:17:21,931 | INFO  | DNAudit | user=null | ip=null | op=WRITE_CHUNK {blockData=conID: 2 locID: 102652565384004099 bcsId: 0} | ret=SUCCESS |  
2019-08-21 02:17:21,932 | INFO  | DNAudit | user=null | ip=null | op=WRITE_CHUNK {blockData=conID: 2 locID: 102652565384004099 bcsId: 0} | ret=SUCCESS |  
2019-08-21 02:17:21,932 | INFO  | DNAudit | user=null | ip=null | op=WRITE_CHUNK {blockData=conID: 2 locID: 102652565384004099 bcsId: 0} | ret=SUCCESS |  
2019-08-21 02:17:21,933 | INFO  | DNAudit | user=null | ip=null | op=WRITE_CHUNK {blockData=conID: 2 locID: 102652565384004099 bcsId: 0} | ret=SUCCESS |  
2019-08-21 02:17:21,934 | INFO  | DNAudit | user=null | ip=null | op=WRITE_CHUNK {blockData=conID: 2 locID: 102652565384004099 bcsId: 0} | ret=SUCCESS |  
2019-08-21 02:17:21,958 | INFO  | DNAudit | user=null | ip=null | op=WRITE_CHUNK {blockData=conID: 2 locID: 102652565384004099 bcsId: 0} | ret=SUCCESS |  
2019-08-21 02:17:21,958 | INFO  | DNAudit | user=null | ip=null | op=PUT_BLOCK {blockData=[blockId=conID: 2 locID: 102652565384004099 bcsId: 0,size=1048576]} | ret=SUCCESS |  
2019-08-21 02:17:21,959 [grpc-default-executor-1] INFO  client.GrpcClientProtocolClient (GrpcClientProtocolClient.java:onNext(255)) - client-54CC064C3FCE->8224e767-71c1-41fc-a01a-d172d48fd9d8: receive RaftClientReply:client-54CC064C3FCE->8224e767-71c1-41fc-a01a-d172d48fd9d8@group-F6B37CC92441, cid=1717, SUCCESS, logIndex=2466, commits[8224e767-71c1-41fc-a01a-d172d48fd9d8:c2469, 6eae0c21-01aa-4169-956f-5952b26ea7ba:c2465, 8d7dcba1-3b82-4d94-a832-514ef5c79cf8:c2465]
2019-08-21 02:17:21,959 | INFO  | DNAudit | user=null | ip=null | op=WRITE_CHUNK {blockData=conID: 2 locID: 102652565384004099 bcsId: 0} | ret=SUCCESS |  
2019-08-21 02:17:21,959 | INFO  | DNAudit | user=null | ip=null | op=WRITE_CHUNK {blockData=conID: 2 locID: 102652565384004099 bcsId: 0} | ret=SUCCESS |  
2019-08-21 02:17:21,959 | INFO  | DNAudit | user=null | ip=null | op=WRITE_CHUNK {blockData=conID: 2 locID: 102652565384004099 bcsId: 0} | ret=SUCCESS |  
2019-08-21 02:17:21,959 | INFO  | DNAudit | user=null | ip=null | op=PUT_BLOCK {blockData=[blockId=conID: 2 locID: 102652565384004099 bcsId: 0,size=1048576]} | ret=SUCCESS |  
2019-08-21 02:17:21,959 [grpc-default-executor-1] INFO  client.GrpcClientProtocolClient (GrpcClientProtocolClient.java:onNext(255)) - client-54CC064C3FCE->8224e767-71c1-41fc-a01a-d172d48fd9d8: receive RaftClientReply:client-54CC064C3FCE->8224e767-71c1-41fc-a01a-d172d48fd9d8@group-F6B37CC92441, cid=1718, SUCCESS, logIndex=2467, commits[8224e767-71c1-41fc-a01a-d172d48fd9d8:c2469, 6eae0c21-01aa-4169-956f-5952b26ea7ba:c2465, 8d7dcba1-3b82-4d94-a832-514ef5c79cf8:c2465]
2019-08-21 02:17:21,959 | INFO  | DNAudit | user=null | ip=null | op=PUT_BLOCK {blockData=[blockId=conID: 2 locID: 102652565384004099 bcsId: 0,size=2097152]} | ret=SUCCESS |  
2019-08-21 02:17:21,959 | INFO  | DNAudit | user=null | ip=null | op=PUT_BLOCK {blockData=[blockId=conID: 2 locID: 102652565384004099 bcsId: 0,size=1048576]} | ret=SUCCESS |  
2019-08-21 02:17:21,960 [grpc-default-executor-1] INFO  client.GrpcClientProtocolClient (GrpcClientProtocolClient.java:onNext(255)) - client-54CC064C3FCE->8224e767-71c1-41fc-a01a-d172d48fd9d8: receive RaftClientReply:client-54CC064C3FCE->8224e767-71c1-41fc-a01a-d172d48fd9d8@group-F6B37CC92441, cid=1719, SUCCESS, logIndex=2468, commits[8224e767-71c1-41fc-a01a-d172d48fd9d8:c2469, 6eae0c21-01aa-4169-956f-5952b26ea7ba:c2465, 8d7dcba1-3b82-4d94-a832-514ef5c79cf8:c2465]
2019-08-21 02:17:21,960 [grpc-default-executor-1] INFO  client.GrpcClientProtocolClient (GrpcClientProtocolClient.java:onNext(255)) - client-54CC064C3FCE->8224e767-71c1-41fc-a01a-d172d48fd9d8: receive RaftClientReply:client-54CC064C3FCE->8224e767-71c1-41fc-a01a-d172d48fd9d8@group-F6B37CC92441, cid=1720, SUCCESS, logIndex=2469, commits[8224e767-71c1-41fc-a01a-d172d48fd9d8:c2470, 6eae0c21-01aa-4169-956f-5952b26ea7ba:c2467, 8d7dcba1-3b82-4d94-a832-514ef5c79cf8:c2467]
2019-08-21 02:17:21,961 | INFO  | DNAudit | user=null | ip=null | op=WRITE_CHUNK {blockData=conID: 2 locID: 102652565384004099 bcsId: 0} | ret=SUCCESS |  
2019-08-21 02:17:21,962 | INFO  | DNAudit | user=null | ip=null | op=WRITE_CHUNK {blockData=conID: 2 locID: 102652565384004099 bcsId: 0} | ret=SUCCESS |  
2019-08-21 02:17:21,962 | INFO  | DNAudit | user=null | ip=null | op=PUT_BLOCK {blockData=[blockId=conID: 2 locID: 102652565384004099 bcsId: 0,size=2097152]} | ret=SUCCESS |  
2019-08-21 02:17:21,962 | INFO  | DNAudit | user=null | ip=null | op=PUT_BLOCK {blockData=[blockId=conID: 2 locID: 102652565384004099 bcsId: 0,size=2097152]} | ret=SUCCESS |  
2019-08-21 02:17:21,966 | INFO  | DNAudit | user=null | ip=null | op=WRITE_CHUNK {blockData=conID: 2 locID: 102652565384004099 bcsId: 2469} | ret=SUCCESS |  
2019-08-21 02:17:21,967 | INFO  | DNAudit | user=null | ip=null | op=WRITE_CHUNK {blockData=conID: 2 locID: 102652565384004099 bcsId: 2469} | ret=SUCCESS |  
2019-08-21 02:17:21,969 | INFO  | DNAudit | user=null | ip=null | op=WRITE_CHUNK {blockData=conID: 2 locID: 102652565384004099 bcsId: 2469} | ret=SUCCESS |  
2019-08-21 02:17:21,979 | INFO  | DNAudit | user=null | ip=null | op=WRITE_CHUNK {blockData=conID: 2 locID: 102652565384004099 bcsId: 2469} | ret=SUCCESS |  
2019-08-21 02:17:21,979 | INFO  | DNAudit | user=null | ip=null | op=PUT_BLOCK {blockData=[blockId=conID: 2 locID: 102652565384004099 bcsId: 0,size=3145728]} | ret=SUCCESS |  
2019-08-21 02:17:21,980 [grpc-default-executor-2] INFO  client.GrpcClientProtocolClient (GrpcClientProtocolClient.java:onNext(255)) - client-54CC064C3FCE->8224e767-71c1-41fc-a01a-d172d48fd9d8: receive RaftClientReply:client-54CC064C3FCE->8224e767-71c1-41fc-a01a-d172d48fd9d8@group-F6B37CC92441, cid=1721, SUCCESS, logIndex=2474, commits[8224e767-71c1-41fc-a01a-d172d48fd9d8:c2475, 6eae0c21-01aa-4169-956f-5952b26ea7ba:c2473, 8d7dcba1-3b82-4d94-a832-514ef5c79cf8:c2473]
2019-08-21 02:17:21,980 [grpc-default-executor-2] INFO  client.GrpcClientProtocolClient (GrpcClientProtocolClient.java:onNext(255)) - client-54CC064C3FCE->8224e767-71c1-41fc-a01a-d172d48fd9d8: receive RaftClientReply:client-54CC064C3FCE->8224e767-71c1-41fc-a01a-d172d48fd9d8@group-F6B37CC92441, cid=1722, SUCCESS, logIndex=2475, commits[8224e767-71c1-41fc-a01a-d172d48fd9d8:c2475, 6eae0c21-01aa-4169-956f-5952b26ea7ba:c2473, 8d7dcba1-3b82-4d94-a832-514ef5c79cf8:c2473]
2019-08-21 02:17:21,986 | INFO  | DNAudit | user=null | ip=null | op=WRITE_CHUNK {blockData=conID: 2 locID: 102652565384004099 bcsId: 2475} | ret=SUCCESS |  
2019-08-21 02:17:21,988 | INFO  | DNAudit | user=null | ip=null | op=WRITE_CHUNK {blockData=conID: 2 locID: 102652565384004099 bcsId: 2475} | ret=SUCCESS |  
2019-08-21 02:17:21,989 | INFO  | DNAudit | user=null | ip=null | op=WRITE_CHUNK {blockData=conID: 2 locID: 102652565384004099 bcsId: 2475} | ret=SUCCESS |  
2019-08-21 02:17:21,991 | INFO  | DNAudit | user=null | ip=null | op=WRITE_CHUNK {blockData=conID: 2 locID: 102652565384004099 bcsId: 2469} | ret=SUCCESS |  
2019-08-21 02:17:21,991 | INFO  | DNAudit | user=null | ip=null | op=WRITE_CHUNK {blockData=conID: 2 locID: 102652565384004099 bcsId: 2469} | ret=SUCCESS |  
2019-08-21 02:17:21,993 | INFO  | DNAudit | user=null | ip=null | op=PUT_BLOCK {blockData=[blockId=conID: 2 locID: 102652565384004099 bcsId: 0,size=3145728]} | ret=SUCCESS |  
2019-08-21 02:17:21,993 | INFO  | DNAudit | user=null | ip=null | op=PUT_BLOCK {blockData=[blockId=conID: 2 locID: 102652565384004099 bcsId: 0,size=3145728]} | ret=SUCCESS |  
2019-08-21 02:17:21,994 | INFO  | DNAudit | user=null | ip=null | op=WRITE_CHUNK {blockData=conID: 2 locID: 102652565384004099 bcsId: 2475} | ret=SUCCESS |  
2019-08-21 02:17:21,994 | INFO  | DNAudit | user=null | ip=null | op=PUT_BLOCK {blockData=[blockId=conID: 2 locID: 102652565384004099 bcsId: 0,size=4194304]} | ret=SUCCESS |  
2019-08-21 02:17:21,994 [grpc-default-executor-1] INFO  client.GrpcClientProtocolClient (GrpcClientProtocolClient.java:onNext(255)) - client-54CC064C3FCE->8224e767-71c1-41fc-a01a-d172d48fd9d8: receive RaftClientReply:client-54CC064C3FCE->8224e767-71c1-41fc-a01a-d172d48fd9d8@group-F6B37CC92441, cid=1723, SUCCESS, logIndex=2478, commits[8224e767-71c1-41fc-a01a-d172d48fd9d8:c2479, 6eae0c21-01aa-4169-956f-5952b26ea7ba:c2475, 8d7dcba1-3b82-4d94-a832-514ef5c79cf8:c2475]
2019-08-21 02:17:21,995 [grpc-default-executor-1] INFO  client.GrpcClientProtocolClient (GrpcClientProtocolClient.java:onNext(255)) - client-54CC064C3FCE->8224e767-71c1-41fc-a01a-d172d48fd9d8: receive RaftClientReply:client-54CC064C3FCE->8224e767-71c1-41fc-a01a-d172d48fd9d8@group-F6B37CC92441, cid=1724, SUCCESS, logIndex=2479, commits[8224e767-71c1-41fc-a01a-d172d48fd9d8:c2479, 6eae0c21-01aa-4169-956f-5952b26ea7ba:c2475, 8d7dcba1-3b82-4d94-a832-514ef5c79cf8:c2475]
2019-08-21 02:17:22,006 | INFO  | DNAudit | user=null | ip=null | op=WRITE_CHUNK {blockData=conID: 2 locID: 102652565384004099 bcsId: 2475} | ret=SUCCESS |  
2019-08-21 02:17:22,006 | INFO  | DNAudit | user=null | ip=null | op=WRITE_CHUNK {blockData=conID: 2 locID: 102652565384004099 bcsId: 2475} | ret=SUCCESS |  
2019-08-21 02:17:22,006 | INFO  | DNAudit | user=null | ip=null | op=PUT_BLOCK {blockData=[blockId=conID: 2 locID: 102652565384004099 bcsId: 0,size=4194304]} | ret=SUCCESS |  
2019-08-21 02:17:22,006 | INFO  | DNAudit | user=null | ip=null | op=PUT_BLOCK {blockData=[blockId=conID: 2 locID: 102652565384004099 bcsId: 0,size=4194304]} | ret=SUCCESS |  
2019-08-21 02:17:22,007 [grpc-default-executor-1] INFO  client.GrpcClientProtocolClient (GrpcClientProtocolClient.java:onNext(255)) - client-54CC064C3FCE->8224e767-71c1-41fc-a01a-d172d48fd9d8: receive RaftClientReply:client-54CC064C3FCE->8224e767-71c1-41fc-a01a-d172d48fd9d8@group-F6B37CC92441, cid=1725, SUCCESS, logIndex=0, commits[8224e767-71c1-41fc-a01a-d172d48fd9d8:c2480, 6eae0c21-01aa-4169-956f-5952b26ea7ba:c2479, 8d7dcba1-3b82-4d94-a832-514ef5c79cf8:c2479]
2019-08-21 02:17:22,012 | INFO  | SCMAudit | user=jenkins1000 | ip=192.168.34.10 | op=ALLOCATE_BLOCK {owner=b6f66289-f2a0-4058-b052-0a85e40df67b, size=4194304, type=RATIS, factor=THREE} | ret=SUCCESS |  
2019-08-21 02:17:22,015 | INFO  | OMAudit | user=jenkins1000 | ip=127.0.0.1 | op=ALLOCATE_BLOCK {volume=vol-0-90982, bucket=bucket-0-24269, key=key-0-81262, dataSize=0, replicationType=null, replicationFactor=null, keyLocationInfo=null, clientID=102652564580991378} | ret=SUCCESS |  
2019-08-21 02:17:22,022 | INFO  | DNAudit | user=null | ip=null | op=WRITE_CHUNK {blockData=conID: 3 locID: 102652565390098948 bcsId: 0} | ret=SUCCESS |  
2019-08-21 02:17:22,025 | INFO  | DNAudit | user=null | ip=null | op=WRITE_CHUNK {blockData=conID: 3 locID: 102652565390098948 bcsId: 0} | ret=SUCCESS |  
2019-08-21 02:17:22,025 | INFO  | DNAudit | user=null | ip=null | op=WRITE_CHUNK {blockData=conID: 3 locID: 102652565390098948 bcsId: 0} | ret=SUCCESS |  
2019-08-21 02:17:22,025 | INFO  | DNAudit | user=null | ip=null | op=WRITE_CHUNK {blockData=conID: 3 locID: 102652565390098948 bcsId: 0} | ret=SUCCESS |  
2019-08-21 02:17:22,026 | INFO  | DNAudit | user=null | ip=null | op=WRITE_CHUNK {blockData=conID: 3 locID: 102652565390098948 bcsId: 0} | ret=SUCCESS |  
2019-08-21 02:17:22,027 | INFO  | DNAudit | user=null | ip=null | op=WRITE_CHUNK {blockData=conID: 3 locID: 102652565390098948 bcsId: 0} | ret=SUCCESS |  
2019-08-21 02:17:22,039 | INFO  | DNAudit | user=null | ip=null | op=WRITE_CHUNK {blockData=conID: 3 locID: 102652565390098948 bcsId: 0} | ret=SUCCESS |  
2019-08-21 02:17:22,039 | INFO  | DNAudit | user=null | ip=null | op=PUT_BLOCK {blockData=[blockId=conID: 3 locID: 102652565390098948 bcsId: 0,size=1048576]} | ret=SUCCESS |  
2019-08-21 02:17:22,039 [grpc-default-executor-1] INFO  client.GrpcClientProtocolClient (GrpcClientProtocolClient.java:onNext(255)) - client-54CC064C3FCE->8224e767-71c1-41fc-a01a-d172d48fd9d8: receive RaftClientReply:client-54CC064C3FCE->8224e767-71c1-41fc-a01a-d172d48fd9d8@group-F6B37CC92441, cid=1726, SUCCESS, logIndex=2482, commits[8224e767-71c1-41fc-a01a-d172d48fd9d8:c2485, 6eae0c21-01aa-4169-956f-5952b26ea7ba:c2481, 8d7dcba1-3b82-4d94-a832-514ef5c79cf8:c2481]
2019-08-21 02:17:22,040 | INFO  | DNAudit | user=null | ip=null | op=WRITE_CHUNK {blockData=conID: 3 locID: 102652565390098948 bcsId: 0} | ret=SUCCESS |  
2019-08-21 02:17:22,040 | INFO  | DNAudit | user=null | ip=null | op=PUT_BLOCK {blockData=[blockId=conID: 3 locID: 102652565390098948 bcsId: 0,size=2097152]} | ret=SUCCESS |  
2019-08-21 02:17:22,040 [grpc-default-executor-1] INFO  client.GrpcClientProtocolClient (GrpcClientProtocolClient.java:onNext(255)) - client-54CC064C3FCE->8224e767-71c1-41fc-a01a-d172d48fd9d8: receive RaftClientReply:client-54CC064C3FCE->8224e767-71c1-41fc-a01a-d172d48fd9d8@group-F6B37CC92441, cid=1727, SUCCESS, logIndex=2483, commits[8224e767-71c1-41fc-a01a-d172d48fd9d8:c2485, 6eae0c21-01aa-4169-956f-5952b26ea7ba:c2481, 8d7dcba1-3b82-4d94-a832-514ef5c79cf8:c2481]
2019-08-21 02:17:22,040 [grpc-default-executor-1] INFO  client.GrpcClientProtocolClient (GrpcClientProtocolClient.java:onNext(255)) - client-54CC064C3FCE->8224e767-71c1-41fc-a01a-d172d48fd9d8: receive RaftClientReply:client-54CC064C3FCE->8224e767-71c1-41fc-a01a-d172d48fd9d8@group-F6B37CC92441, cid=1728, SUCCESS, logIndex=2484, commits[8224e767-71c1-41fc-a01a-d172d48fd9d8:c2485, 6eae0c21-01aa-4169-956f-5952b26ea7ba:c2481, 8d7dcba1-3b82-4d94-a832-514ef5c79cf8:c2481]
2019-08-21 02:17:22,041 [grpc-default-executor-1] INFO  client.GrpcClientProtocolClient (GrpcClientProtocolClient.java:onNext(255)) - client-54CC064C3FCE->8224e767-71c1-41fc-a01a-d172d48fd9d8: receive RaftClientReply:client-54CC064C3FCE->8224e767-71c1-41fc-a01a-d172d48fd9d8@group-F6B37CC92441, cid=1729, SUCCESS, logIndex=2485, commits[8224e767-71c1-41fc-a01a-d172d48fd9d8:c2485, 6eae0c21-01aa-4169-956f-5952b26ea7ba:c2481, 8d7dcba1-3b82-4d94-a832-514ef5c79cf8:c2481]
2019-08-21 02:17:22,049 | INFO  | DNAudit | user=null | ip=null | op=WRITE_CHUNK {blockData=conID: 3 locID: 102652565390098948 bcsId: 0} | ret=SUCCESS |  
2019-08-21 02:17:22,049 | INFO  | DNAudit | user=null | ip=null | op=WRITE_CHUNK {blockData=conID: 3 locID: 102652565390098948 bcsId: 0} | ret=SUCCESS |  
2019-08-21 02:17:22,052 | INFO  | DNAudit | user=null | ip=null | op=PUT_BLOCK {blockData=[blockId=conID: 3 locID: 102652565390098948 bcsId: 0,size=1048576]} | ret=SUCCESS |  
2019-08-21 02:17:22,052 | INFO  | DNAudit | user=null | ip=null | op=WRITE_CHUNK {blockData=conID: 3 locID: 102652565390098948 bcsId: 0} | ret=SUCCESS |  
2019-08-21 02:17:22,052 | INFO  | DNAudit | user=null | ip=null | op=PUT_BLOCK {blockData=[blockId=conID: 3 locID: 102652565390098948 bcsId: 0,size=2097152]} | ret=SUCCESS |  
2019-08-21 02:17:22,052 | INFO  | DNAudit | user=null | ip=null | op=PUT_BLOCK {blockData=[blockId=conID: 3 locID: 102652565390098948 bcsId: 0,size=1048576]} | ret=SUCCESS |  
2019-08-21 02:17:22,052 | INFO  | DNAudit | user=null | ip=null | op=WRITE_CHUNK {blockData=conID: 3 locID: 102652565390098948 bcsId: 0} | ret=SUCCESS |  
2019-08-21 02:17:22,053 | INFO  | DNAudit | user=null | ip=null | op=PUT_BLOCK {blockData=[blockId=conID: 3 locID: 102652565390098948 bcsId: 0,size=2097152]} | ret=SUCCESS |  
2019-08-21 02:17:22,053 [grpc-default-executor-1] INFO  client.GrpcClientProtocolClient (GrpcClientProtocolClient.java:onNext(255)) - client-54CC064C3FCE->8224e767-71c1-41fc-a01a-d172d48fd9d8: receive RaftClientReply:client-54CC064C3FCE->8224e767-71c1-41fc-a01a-d172d48fd9d8@group-F6B37CC92441, cid=1730, SUCCESS, logIndex=0, commits[8224e767-71c1-41fc-a01a-d172d48fd9d8:c2488, 6eae0c21-01aa-4169-956f-5952b26ea7ba:c2485, 8d7dcba1-3b82-4d94-a832-514ef5c79cf8:c2484]
2019-08-21 02:17:22,059 | INFO  | DNAudit | user=null | ip=null | op=WRITE_CHUNK {blockData=conID: 3 locID: 102652565390098948 bcsId: 2485} | ret=SUCCESS |  
2019-08-21 02:17:22,062 | INFO  | DNAudit | user=null | ip=null | op=WRITE_CHUNK {blockData=conID: 3 locID: 102652565390098948 bcsId: 2485} | ret=SUCCESS |  
2019-08-21 02:17:22,062 | INFO  | DNAudit | user=null | ip=null | op=WRITE_CHUNK {blockData=conID: 3 locID: 102652565390098948 bcsId: 2485} | ret=SUCCESS |  
2019-08-21 02:17:22,072 | INFO  | DNAudit | user=null | ip=null | op=WRITE_CHUNK {blockData=conID: 3 locID: 102652565390098948 bcsId: 2485} | ret=SUCCESS |  
2019-08-21 02:17:22,073 | INFO  | DNAudit | user=null | ip=null | op=PUT_BLOCK {blockData=[blockId=conID: 3 locID: 102652565390098948 bcsId: 0,size=3145728]} | ret=SUCCESS |  
2019-08-21 02:17:22,073 [grpc-default-executor-1] INFO  client.GrpcClientProtocolClient (GrpcClientProtocolClient.java:onNext(255)) - client-54CC064C3FCE->8224e767-71c1-41fc-a01a-d172d48fd9d8: receive RaftClientReply:client-54CC064C3FCE->8224e767-71c1-41fc-a01a-d172d48fd9d8@group-F6B37CC92441, cid=1731, SUCCESS, logIndex=2490, commits[8224e767-71c1-41fc-a01a-d172d48fd9d8:c2491, 6eae0c21-01aa-4169-956f-5952b26ea7ba:c2489, 8d7dcba1-3b82-4d94-a832-514ef5c79cf8:c2489]
2019-08-21 02:17:22,073 [grpc-default-executor-1] INFO  client.GrpcClientProtocolClient (GrpcClientProtocolClient.java:onNext(255)) - client-54CC064C3FCE->8224e767-71c1-41fc-a01a-d172d48fd9d8: receive RaftClientReply:client-54CC064C3FCE->8224e767-71c1-41fc-a01a-d172d48fd9d8@group-F6B37CC92441, cid=1732, SUCCESS, logIndex=2491, commits[8224e767-71c1-41fc-a01a-d172d48fd9d8:c2491, 6eae0c21-01aa-4169-956f-5952b26ea7ba:c2489, 8d7dcba1-3b82-4d94-a832-514ef5c79cf8:c2489]
2019-08-21 02:17:22,079 | INFO  | DNAudit | user=null | ip=null | op=WRITE_CHUNK {blockData=conID: 3 locID: 102652565390098948 bcsId: 2491} | ret=SUCCESS |  
2019-08-21 02:17:22,082 | INFO  | DNAudit | user=null | ip=null | op=WRITE_CHUNK {blockData=conID: 3 locID: 102652565390098948 bcsId: 2491} | ret=SUCCESS |  
2019-08-21 02:17:22,082 | INFO  | DNAudit | user=null | ip=null | op=WRITE_CHUNK {blockData=conID: 3 locID: 102652565390098948 bcsId: 2491} | ret=SUCCESS |  
2019-08-21 02:17:22,083 | INFO  | DNAudit | user=null | ip=null | op=WRITE_CHUNK {blockData=conID: 3 locID: 102652565390098948 bcsId: 2485} | ret=SUCCESS |  
2019-08-21 02:17:22,083 | INFO  | DNAudit | user=null | ip=null | op=WRITE_CHUNK {blockData=conID: 3 locID: 102652565390098948 bcsId: 2485} | ret=SUCCESS |  
2019-08-21 02:17:22,084 | INFO  | DNAudit | user=null | ip=null | op=PUT_BLOCK {blockData=[blockId=conID: 3 locID: 102652565390098948 bcsId: 0,size=3145728]} | ret=SUCCESS |  
2019-08-21 02:17:22,084 | INFO  | DNAudit | user=null | ip=null | op=PUT_BLOCK {blockData=[blockId=conID: 3 locID: 102652565390098948 bcsId: 0,size=3145728]} | ret=SUCCESS |  
2019-08-21 02:17:22,085 | INFO  | DNAudit | user=null | ip=null | op=WRITE_CHUNK {blockData=conID: 3 locID: 102652565390098948 bcsId: 2491} | ret=SUCCESS |  
2019-08-21 02:17:22,086 | INFO  | DNAudit | user=null | ip=null | op=PUT_BLOCK {blockData=[blockId=conID: 3 locID: 102652565390098948 bcsId: 0,size=4194304]} | ret=SUCCESS |  
2019-08-21 02:17:22,086 [grpc-default-executor-1] INFO  client.GrpcClientProtocolClient (GrpcClientProtocolClient.java:onNext(255)) - client-54CC064C3FCE->8224e767-71c1-41fc-a01a-d172d48fd9d8: receive RaftClientReply:client-54CC064C3FCE->8224e767-71c1-41fc-a01a-d172d48fd9d8@group-F6B37CC92441, cid=1733, SUCCESS, logIndex=2494, commits[8224e767-71c1-41fc-a01a-d172d48fd9d8:c2495, 6eae0c21-01aa-4169-956f-5952b26ea7ba:c2491, 8d7dcba1-3b82-4d94-a832-514ef5c79cf8:c2491]
2019-08-21 02:17:22,086 [grpc-default-executor-1] INFO  client.GrpcClientProtocolClient (GrpcClientProtocolClient.java:onNext(255)) - client-54CC064C3FCE->8224e767-71c1-41fc-a01a-d172d48fd9d8: receive RaftClientReply:client-54CC064C3FCE->8224e767-71c1-41fc-a01a-d172d48fd9d8@group-F6B37CC92441, cid=1734, SUCCESS, logIndex=2495, commits[8224e767-71c1-41fc-a01a-d172d48fd9d8:c2495, 6eae0c21-01aa-4169-956f-5952b26ea7ba:c2491, 8d7dcba1-3b82-4d94-a832-514ef5c79cf8:c2491]
2019-08-21 02:17:22,097 | INFO  | DNAudit | user=null | ip=null | op=WRITE_CHUNK {blockData=conID: 3 locID: 102652565390098948 bcsId: 2491} | ret=SUCCESS |  
2019-08-21 02:17:22,097 | INFO  | DNAudit | user=null | ip=null | op=WRITE_CHUNK {blockData=conID: 3 locID: 102652565390098948 bcsId: 2491} | ret=SUCCESS |  
2019-08-21 02:17:22,097 | INFO  | DNAudit | user=null | ip=null | op=PUT_BLOCK {blockData=[blockId=conID: 3 locID: 102652565390098948 bcsId: 0,size=4194304]} | ret=SUCCESS |  
2019-08-21 02:17:22,097 | INFO  | DNAudit | user=null | ip=null | op=PUT_BLOCK {blockData=[blockId=conID: 3 locID: 102652565390098948 bcsId: 0,size=4194304]} | ret=SUCCESS |  
2019-08-21 02:17:22,097 [grpc-default-executor-0] INFO  client.GrpcClientProtocolClient (GrpcClientProtocolClient.java:onNext(255)) - client-54CC064C3FCE->8224e767-71c1-41fc-a01a-d172d48fd9d8: receive RaftClientReply:client-54CC064C3FCE->8224e767-71c1-41fc-a01a-d172d48fd9d8@group-F6B37CC92441, cid=1735, SUCCESS, logIndex=0, commits[8224e767-71c1-41fc-a01a-d172d48fd9d8:c2496, 6eae0c21-01aa-4169-956f-5952b26ea7ba:c2495, 8d7dcba1-3b82-4d94-a832-514ef5c79cf8:c2495]
2019-08-21 02:17:22,101 | INFO  | SCMAudit | user=jenkins1000 | ip=192.168.34.10 | op=ALLOCATE_BLOCK {owner=b6f66289-f2a0-4058-b052-0a85e40df67b, size=4194304, type=RATIS, factor=THREE} | ret=SUCCESS |  
2019-08-21 02:17:22,104 | INFO  | OMAudit | user=jenkins1000 | ip=127.0.0.1 | op=ALLOCATE_BLOCK {volume=vol-0-90982, bucket=bucket-0-24269, key=key-0-81262, dataSize=0, replicationType=null, replicationFactor=null, keyLocationInfo=null, clientID=102652564580991378} | ret=SUCCESS |  
2019-08-21 02:17:22,104 | INFO  | SCMAudit | user=jenkins1000 | ip=192.168.34.10 | op=SEND_HEARTBEAT {datanodeUUID=8d7dcba1-3b82-4d94-a832-514ef5c79cf8, command=[]} | ret=SUCCESS |  
2019-08-21 02:17:22,104 | INFO  | SCMAudit | user=jenkins1000 | ip=192.168.34.10 | op=SEND_HEARTBEAT {datanodeUUID=6eae0c21-01aa-4169-956f-5952b26ea7ba, command=[]} | ret=SUCCESS |  
2019-08-21 02:17:22,105 | INFO  | SCMAudit | user=jenkins1000 | ip=192.168.34.10 | op=SEND_HEARTBEAT {datanodeUUID=8224e767-71c1-41fc-a01a-d172d48fd9d8, command=[]} | ret=SUCCESS |  
2019-08-21 02:17:22,257 | INFO  | DNAudit | user=null | ip=null | op=WRITE_CHUNK {blockData=conID: 1 locID: 102652565395931653 bcsId: 0} | ret=SUCCESS |  
2019-08-21 02:17:22,260 | INFO  | DNAudit | user=null | ip=null | op=WRITE_CHUNK {blockData=conID: 1 locID: 102652565395931653 bcsId: 0} | ret=SUCCESS |  
2019-08-21 02:17:22,261 | INFO  | DNAudit | user=null | ip=null | op=WRITE_CHUNK {blockData=conID: 1 locID: 102652565395931653 bcsId: 0} | ret=SUCCESS |  
2019-08-21 02:17:22,262 | INFO  | DNAudit | user=null | ip=null | op=WRITE_CHUNK {blockData=conID: 1 locID: 102652565395931653 bcsId: 0} | ret=SUCCESS |  
2019-08-21 02:17:22,263 | INFO  | DNAudit | user=null | ip=null | op=WRITE_CHUNK {blockData=conID: 1 locID: 102652565395931653 bcsId: 0} | ret=SUCCESS |  
2019-08-21 02:17:22,263 | INFO  | DNAudit | user=null | ip=null | op=WRITE_CHUNK {blockData=conID: 1 locID: 102652565395931653 bcsId: 0} | ret=SUCCESS |  
2019-08-21 02:17:22,270 | INFO  | DNAudit | user=null | ip=null | op=WRITE_CHUNK {blockData=conID: 1 locID: 102652565395931653 bcsId: 0} | ret=SUCCESS |  
2019-08-21 02:17:22,271 | INFO  | DNAudit | user=null | ip=null | op=PUT_BLOCK {blockData=[blockId=conID: 1 locID: 102652565395931653 bcsId: 0,size=1048576]} | ret=SUCCESS |  
2019-08-21 02:17:22,271 [grpc-default-executor-3] INFO  client.GrpcClientProtocolClient (GrpcClientProtocolClient.java:onNext(255)) - client-54CC064C3FCE->8224e767-71c1-41fc-a01a-d172d48fd9d8: receive RaftClientReply:client-54CC064C3FCE->8224e767-71c1-41fc-a01a-d172d48fd9d8@group-F6B37CC92441, cid=1736, SUCCESS, logIndex=2498, commits[8224e767-71c1-41fc-a01a-d172d48fd9d8:c2500, 6eae0c21-01aa-4169-956f-5952b26ea7ba:c2497, 8d7dcba1-3b82-4d94-a832-514ef5c79cf8:c2497]
2019-08-21 02:17:22,271 | INFO  | DNAudit | user=null | ip=null | op=WRITE_CHUNK {blockData=conID: 1 locID: 102652565395931653 bcsId: 0} | ret=SUCCESS |  
2019-08-21 02:17:22,272 | INFO  | DNAudit | user=null | ip=null | op=PUT_BLOCK {blockData=[blockId=conID: 1 locID: 102652565395931653 bcsId: 0,size=2097152]} | ret=SUCCESS |  
2019-08-21 02:17:22,272 [grpc-default-executor-3] INFO  client.GrpcClientProtocolClient (GrpcClientProtocolClient.java:onNext(255)) - client-54CC064C3FCE->8224e767-71c1-41fc-a01a-d172d48fd9d8: receive RaftClientReply:client-54CC064C3FCE->8224e767-71c1-41fc-a01a-d172d48fd9d8@group-F6B37CC92441, cid=1737, SUCCESS, logIndex=2499, commits[8224e767-71c1-41fc-a01a-d172d48fd9d8:c2501, 6eae0c21-01aa-4169-956f-5952b26ea7ba:c2497, 8d7dcba1-3b82-4d94-a832-514ef5c79cf8:c2497]
2019-08-21 02:17:22,272 [grpc-default-executor-3] INFO  client.GrpcClientProtocolClient (GrpcClientProtocolClient.java:onNext(255)) - client-54CC064C3FCE->8224e767-71c1-41fc-a01a-d172d48fd9d8: receive RaftClientReply:client-54CC064C3FCE->8224e767-71c1-41fc-a01a-d172d48fd9d8@group-F6B37CC92441, cid=1738, SUCCESS, logIndex=2500, commits[8224e767-71c1-41fc-a01a-d172d48fd9d8:c2501, 6eae0c21-01aa-4169-956f-5952b26ea7ba:c2497, 8d7dcba1-3b82-4d94-a832-514ef5c79cf8:c2497]
2019-08-21 02:17:22,272 [grpc-default-executor-3] INFO  client.GrpcClientProtocolClient (GrpcClientProtocolClient.java:onNext(255)) - client-54CC064C3FCE->8224e767-71c1-41fc-a01a-d172d48fd9d8: receive RaftClientReply:client-54CC064C3FCE->8224e767-71c1-41fc-a01a-d172d48fd9d8@group-F6B37CC92441, cid=1739, SUCCESS, logIndex=2501, commits[8224e767-71c1-41fc-a01a-d172d48fd9d8:c2501, 6eae0c21-01aa-4169-956f-5952b26ea7ba:c2497, 8d7dcba1-3b82-4d94-a832-514ef5c79cf8:c2497]
2019-08-21 02:17:22,282 | INFO  | DNAudit | user=null | ip=null | op=WRITE_CHUNK {blockData=conID: 1 locID: 102652565395931653 bcsId: 0} | ret=SUCCESS |  
2019-08-21 02:17:22,282 | INFO  | DNAudit | user=null | ip=null | op=WRITE_CHUNK {blockData=conID: 1 locID: 102652565395931653 bcsId: 0} | ret=SUCCESS |  
2019-08-21 02:17:22,282 | INFO  | DNAudit | user=null | ip=null | op=PUT_BLOCK {blockData=[blockId=conID: 1 locID: 102652565395931653 bcsId: 0,size=1048576]} | ret=SUCCESS |  
2019-08-21 02:17:22,282 | INFO  | DNAudit | user=null | ip=null | op=PUT_BLOCK {blockData=[blockId=conID: 1 locID: 102652565395931653 bcsId: 0,size=1048576]} | ret=SUCCESS |  
2019-08-21 02:17:22,283 [grpc-default-executor-3] INFO  client.GrpcClientProtocolClient (GrpcClientProtocolClient.java:onNext(255)) - client-54CC064C3FCE->8224e767-71c1-41fc-a01a-d172d48fd9d8: receive RaftClientReply:client-54CC064C3FCE->8224e767-71c1-41fc-a01a-d172d48fd9d8@group-F6B37CC92441, cid=1740, SUCCESS, logIndex=0, commits[8224e767-71c1-41fc-a01a-d172d48fd9d8:c2502, 6eae0c21-01aa-4169-956f-5952b26ea7ba:c2499, 8d7dcba1-3b82-4d94-a832-514ef5c79cf8:c2499]
2019-08-21 02:17:22,285 | INFO  | DNAudit | user=null | ip=null | op=WRITE_CHUNK {blockData=conID: 1 locID: 102652565395931653 bcsId: 0} | ret=SUCCESS |  
2019-08-21 02:17:22,285 | INFO  | DNAudit | user=null | ip=null | op=WRITE_CHUNK {blockData=conID: 1 locID: 102652565395931653 bcsId: 0} | ret=SUCCESS |  
2019-08-21 02:17:22,285 | INFO  | DNAudit | user=null | ip=null | op=PUT_BLOCK {blockData=[blockId=conID: 1 locID: 102652565395931653 bcsId: 0,size=2097152]} | ret=SUCCESS |  
2019-08-21 02:17:22,285 | INFO  | DNAudit | user=null | ip=null | op=PUT_BLOCK {blockData=[blockId=conID: 1 locID: 102652565395931653 bcsId: 0,size=2097152]} | ret=SUCCESS |  
2019-08-21 02:17:22,290 | INFO  | DNAudit | user=null | ip=null | op=WRITE_CHUNK {blockData=conID: 1 locID: 102652565395931653 bcsId: 2501} | ret=SUCCESS |  
2019-08-21 02:17:22,293 | INFO  | DNAudit | user=null | ip=null | op=WRITE_CHUNK {blockData=conID: 1 locID: 102652565395931653 bcsId: 2501} | ret=SUCCESS |  
2019-08-21 02:17:22,293 | INFO  | DNAudit | user=null | ip=null | op=WRITE_CHUNK {blockData=conID: 1 locID: 102652565395931653 bcsId: 2501} | ret=SUCCESS |  
2019-08-21 02:17:22,303 | INFO  | DNAudit | user=null | ip=null | op=WRITE_CHUNK {blockData=conID: 1 locID: 102652565395931653 bcsId: 2501} | ret=SUCCESS |  
2019-08-21 02:17:22,304 | INFO  | DNAudit | user=null | ip=null | op=PUT_BLOCK {blockData=[blockId=conID: 1 locID: 102652565395931653 bcsId: 0,size=3145728]} | ret=SUCCESS |  
2019-08-21 02:17:22,304 [grpc-default-executor-0] INFO  client.GrpcClientProtocolClient (GrpcClientProtocolClient.java:onNext(255)) - client-54CC064C3FCE->8224e767-71c1-41fc-a01a-d172d48fd9d8: receive RaftClientReply:client-54CC064C3FCE->8224e767-71c1-41fc-a01a-d172d48fd9d8@group-F6B37CC92441, cid=1741, SUCCESS, logIndex=2506, commits[8224e767-71c1-41fc-a01a-d172d48fd9d8:c2507, 6eae0c21-01aa-4169-956f-5952b26ea7ba:c2505, 8d7dcba1-3b82-4d94-a832-514ef5c79cf8:c2505]
2019-08-21 02:17:22,304 [grpc-default-executor-0] INFO  client.GrpcClientProtocolClient (GrpcClientProtocolClient.java:onNext(255)) - client-54CC064C3FCE->8224e767-71c1-41fc-a01a-d172d48fd9d8: receive RaftClientReply:client-54CC064C3FCE->8224e767-71c1-41fc-a01a-d172d48fd9d8@group-F6B37CC92441, cid=1742, SUCCESS, logIndex=2507, commits[8224e767-71c1-41fc-a01a-d172d48fd9d8:c2507, 6eae0c21-01aa-4169-956f-5952b26ea7ba:c2505, 8d7dcba1-3b82-4d94-a832-514ef5c79cf8:c2505]
2019-08-21 02:17:22,311 | INFO  | DNAudit | user=null | ip=null | op=WRITE_CHUNK {blockData=conID: 1 locID: 102652565395931653 bcsId: 2507} | ret=SUCCESS |  
2019-08-21 02:17:22,313 | INFO  | DNAudit | user=null | ip=null | op=WRITE_CHUNK {blockData=conID: 1 locID: 102652565395931653 bcsId: 2507} | ret=SUCCESS |  
2019-08-21 02:17:22,314 | INFO  | DNAudit | user=null | ip=null | op=WRITE_CHUNK {blockData=conID: 1 locID: 102652565395931653 bcsId: 2507} | ret=SUCCESS |  
2019-08-21 02:17:22,315 | INFO  | DNAudit | user=null | ip=null | op=WRITE_CHUNK {blockData=conID: 1 locID: 102652565395931653 bcsId: 2501} | ret=SUCCESS |  
2019-08-21 02:17:22,315 | INFO  | DNAudit | user=null | ip=null | op=WRITE_CHUNK {blockData=conID: 1 locID: 102652565395931653 bcsId: 2501} | ret=SUCCESS |  
2019-08-21 02:17:22,315 | INFO  | DNAudit | user=null | ip=null | op=PUT_BLOCK {blockData=[blockId=conID: 1 locID: 102652565395931653 bcsId: 0,size=3145728]} | ret=SUCCESS |  
2019-08-21 02:17:22,315 | INFO  | DNAudit | user=null | ip=null | op=PUT_BLOCK {blockData=[blockId=conID: 1 locID: 102652565395931653 bcsId: 0,size=3145728]} | ret=SUCCESS |  
2019-08-21 02:17:22,318 | INFO  | DNAudit | user=null | ip=null | op=WRITE_CHUNK {blockData=conID: 1 locID: 102652565395931653 bcsId: 2507} | ret=SUCCESS |  
2019-08-21 02:17:22,318 | INFO  | DNAudit | user=null | ip=null | op=PUT_BLOCK {blockData=[blockId=conID: 1 locID: 102652565395931653 bcsId: 0,size=4194304]} | ret=SUCCESS |  
2019-08-21 02:17:22,318 [grpc-default-executor-0] INFO  client.GrpcClientProtocolClient (GrpcClientProtocolClient.java:onNext(255)) - client-54CC064C3FCE->8224e767-71c1-41fc-a01a-d172d48fd9d8: receive RaftClientReply:client-54CC064C3FCE->8224e767-71c1-41fc-a01a-d172d48fd9d8@group-F6B37CC92441, cid=1743, SUCCESS, logIndex=2510, commits[8224e767-71c1-41fc-a01a-d172d48fd9d8:c2511, 6eae0c21-01aa-4169-956f-5952b26ea7ba:c2507, 8d7dcba1-3b82-4d94-a832-514ef5c79cf8:c2507]
2019-08-21 02:17:22,319 [grpc-default-executor-0] INFO  client.GrpcClientProtocolClient (GrpcClientProtocolClient.java:onNext(255)) - client-54CC064C3FCE->8224e767-71c1-41fc-a01a-d172d48fd9d8: receive RaftClientReply:client-54CC064C3FCE->8224e767-71c1-41fc-a01a-d172d48fd9d8@group-F6B37CC92441, cid=1744, SUCCESS, logIndex=2511, commits[8224e767-71c1-41fc-a01a-d172d48fd9d8:c2511, 6eae0c21-01aa-4169-956f-5952b26ea7ba:c2507, 8d7dcba1-3b82-4d94-a832-514ef5c79cf8:c2507]
2019-08-21 02:17:22,329 | INFO  | DNAudit | user=null | ip=null | op=WRITE_CHUNK {blockData=conID: 1 locID: 102652565395931653 bcsId: 2507} | ret=SUCCESS |  
2019-08-21 02:17:22,330 | INFO  | DNAudit | user=null | ip=null | op=WRITE_CHUNK {blockData=conID: 1 locID: 102652565395931653 bcsId: 2507} | ret=SUCCESS |  
2019-08-21 02:17:22,332 | INFO  | DNAudit | user=null | ip=null | op=PUT_BLOCK {blockData=[blockId=conID: 1 locID: 102652565395931653 bcsId: 0,size=4194304]} | ret=SUCCESS |  
2019-08-21 02:17:22,332 | INFO  | DNAudit | user=null | ip=null | op=PUT_BLOCK {blockData=[blockId=conID: 1 locID: 102652565395931653 bcsId: 0,size=4194304]} | ret=SUCCESS |  
2019-08-21 02:17:22,333 [grpc-default-executor-3] INFO  client.GrpcClientProtocolClient (GrpcClientProtocolClient.java:onNext(255)) - client-54CC064C3FCE->8224e767-71c1-41fc-a01a-d172d48fd9d8: receive RaftClientReply:client-54CC064C3FCE->8224e767-71c1-41fc-a01a-d172d48fd9d8@group-F6B37CC92441, cid=1745, SUCCESS, logIndex=0, commits[8224e767-71c1-41fc-a01a-d172d48fd9d8:c2513, 6eae0c21-01aa-4169-956f-5952b26ea7ba:c2511, 8d7dcba1-3b82-4d94-a832-514ef5c79cf8:c2511]
2019-08-21 02:17:22,338 | INFO  | SCMAudit | user=jenkins1000 | ip=192.168.34.10 | op=ALLOCATE_BLOCK {owner=b6f66289-f2a0-4058-b052-0a85e40df67b, size=4194304, type=RATIS, factor=THREE} | ret=SUCCESS |  
2019-08-21 02:17:22,341 | INFO  | OMAudit | user=jenkins1000 | ip=127.0.0.1 | op=ALLOCATE_BLOCK {volume=vol-0-90982, bucket=bucket-0-24269, key=key-0-81262, dataSize=0, replicationType=null, replicationFactor=null, keyLocationInfo=null, clientID=102652564580991378} | ret=SUCCESS |  
2019-08-21 02:17:22,348 | INFO  | DNAudit | user=null | ip=null | op=WRITE_CHUNK {blockData=conID: 2 locID: 102652565411398150 bcsId: 0} | ret=SUCCESS |  
2019-08-21 02:17:22,351 | INFO  | DNAudit | user=null | ip=null | op=WRITE_CHUNK {blockData=conID: 2 locID: 102652565411398150 bcsId: 0} | ret=SUCCESS |  
2019-08-21 02:17:22,351 | INFO  | DNAudit | user=null | ip=null | op=WRITE_CHUNK {blockData=conID: 2 locID: 102652565411398150 bcsId: 0} | ret=SUCCESS |  
2019-08-21 02:17:22,351 | INFO  | DNAudit | user=null | ip=null | op=WRITE_CHUNK {blockData=conID: 2 locID: 102652565411398150 bcsId: 0} | ret=SUCCESS |  
2019-08-21 02:17:22,352 | INFO  | DNAudit | user=null | ip=null | op=WRITE_CHUNK {blockData=conID: 2 locID: 102652565411398150 bcsId: 0} | ret=SUCCESS |  
2019-08-21 02:17:22,352 | INFO  | DNAudit | user=null | ip=null | op=WRITE_CHUNK {blockData=conID: 2 locID: 102652565411398150 bcsId: 0} | ret=SUCCESS |  
2019-08-21 02:17:22,364 | INFO  | DNAudit | user=null | ip=null | op=WRITE_CHUNK {blockData=conID: 2 locID: 102652565411398150 bcsId: 0} | ret=SUCCESS |  
2019-08-21 02:17:22,364 | INFO  | DNAudit | user=null | ip=null | op=PUT_BLOCK {blockData=[blockId=conID: 2 locID: 102652565411398150 bcsId: 0,size=1048576]} | ret=SUCCESS |  
2019-08-21 02:17:22,365 | INFO  | DNAudit | user=null | ip=null | op=WRITE_CHUNK {blockData=conID: 2 locID: 102652565411398150 bcsId: 0} | ret=SUCCESS |  
2019-08-21 02:17:22,364 [grpc-default-executor-0] INFO  client.GrpcClientProtocolClient (GrpcClientProtocolClient.java:onNext(255)) - client-54CC064C3FCE->8224e767-71c1-41fc-a01a-d172d48fd9d8: receive RaftClientReply:client-54CC064C3FCE->8224e767-71c1-41fc-a01a-d172d48fd9d8@group-F6B37CC92441, cid=1746, SUCCESS, logIndex=2514, commits[8224e767-71c1-41fc-a01a-d172d48fd9d8:c2516, 6eae0c21-01aa-4169-956f-5952b26ea7ba:c2513, 8d7dcba1-3b82-4d94-a832-514ef5c79cf8:c2513]
2019-08-21 02:17:22,365 | INFO  | DNAudit | user=null | ip=null | op=PUT_BLOCK {blockData=[blockId=conID: 2 locID: 102652565411398150 bcsId: 0,size=2097152]} | ret=SUCCESS |  
2019-08-21 02:17:22,365 [grpc-default-executor-0] INFO  client.GrpcClientProtocolClient (GrpcClientProtocolClient.java:onNext(255)) - client-54CC064C3FCE->8224e767-71c1-41fc-a01a-d172d48fd9d8: receive RaftClientReply:client-54CC064C3FCE->8224e767-71c1-41fc-a01a-d172d48fd9d8@group-F6B37CC92441, cid=1747, SUCCESS, logIndex=2515, commits[8224e767-71c1-41fc-a01a-d172d48fd9d8:c2517, 6eae0c21-01aa-4169-956f-5952b26ea7ba:c2513, 8d7dcba1-3b82-4d94-a832-514ef5c79cf8:c2513]
2019-08-21 02:17:22,365 [grpc-default-executor-0] INFO  client.GrpcClientProtocolClient (GrpcClientProtocolClient.java:onNext(255)) - client-54CC064C3FCE->8224e767-71c1-41fc-a01a-d172d48fd9d8: receive RaftClientReply:client-54CC064C3FCE->8224e767-71c1-41fc-a01a-d172d48fd9d8@group-F6B37CC92441, cid=1748, SUCCESS, logIndex=2516, commits[8224e767-71c1-41fc-a01a-d172d48fd9d8:c2517, 6eae0c21-01aa-4169-956f-5952b26ea7ba:c2513, 8d7dcba1-3b82-4d94-a832-514ef5c79cf8:c2513]
2019-08-21 02:17:22,365 [grpc-default-executor-0] INFO  client.GrpcClientProtocolClient (GrpcClientProtocolClient.java:onNext(255)) - client-54CC064C3FCE->8224e767-71c1-41fc-a01a-d172d48fd9d8: receive RaftClientReply:client-54CC064C3FCE->8224e767-71c1-41fc-a01a-d172d48fd9d8@group-F6B37CC92441, cid=1749, SUCCESS, logIndex=2517, commits[8224e767-71c1-41fc-a01a-d172d48fd9d8:c2517, 6eae0c21-01aa-4169-956f-5952b26ea7ba:c2513, 8d7dcba1-3b82-4d94-a832-514ef5c79cf8:c2513]
2019-08-21 02:17:22,375 | INFO  | DNAudit | user=null | ip=null | op=WRITE_CHUNK {blockData=conID: 2 locID: 102652565411398150 bcsId: 0} | ret=SUCCESS |  
2019-08-21 02:17:22,375 | INFO  | DNAudit | user=null | ip=null | op=WRITE_CHUNK {blockData=conID: 2 locID: 102652565411398150 bcsId: 0} | ret=SUCCESS |  
2019-08-21 02:17:22,376 | INFO  | DNAudit | user=null | ip=null | op=PUT_BLOCK {blockData=[blockId=conID: 2 locID: 102652565411398150 bcsId: 0,size=1048576]} | ret=SUCCESS |  
2019-08-21 02:17:22,376 | INFO  | DNAudit | user=null | ip=null | op=PUT_BLOCK {blockData=[blockId=conID: 2 locID: 102652565411398150 bcsId: 0,size=1048576]} | ret=SUCCESS |  
2019-08-21 02:17:22,376 [grpc-default-executor-0] INFO  client.GrpcClientProtocolClient (GrpcClientProtocolClient.java:onNext(255)) - client-54CC064C3FCE->8224e767-71c1-41fc-a01a-d172d48fd9d8: receive RaftClientReply:client-54CC064C3FCE->8224e767-71c1-41fc-a01a-d172d48fd9d8@group-F6B37CC92441, cid=1750, SUCCESS, logIndex=0, commits[8224e767-71c1-41fc-a01a-d172d48fd9d8:c2518, 6eae0c21-01aa-4169-956f-5952b26ea7ba:c2515, 8d7dcba1-3b82-4d94-a832-514ef5c79cf8:c2515]
2019-08-21 02:17:22,378 | INFO  | DNAudit | user=null | ip=null | op=WRITE_CHUNK {blockData=conID: 2 locID: 102652565411398150 bcsId: 0} | ret=SUCCESS |  
2019-08-21 02:17:22,378 | INFO  | DNAudit | user=null | ip=null | op=WRITE_CHUNK {blockData=conID: 2 locID: 102652565411398150 bcsId: 0} | ret=SUCCESS |  
2019-08-21 02:17:22,379 | INFO  | DNAudit | user=null | ip=null | op=PUT_BLOCK {blockData=[blockId=conID: 2 locID: 102652565411398150 bcsId: 0,size=2097152]} | ret=SUCCESS |  
2019-08-21 02:17:22,379 | INFO  | DNAudit | user=null | ip=null | op=PUT_BLOCK {blockData=[blockId=conID: 2 locID: 102652565411398150 bcsId: 0,size=2097152]} | ret=SUCCESS |  
2019-08-21 02:17:22,383 | INFO  | DNAudit | user=null | ip=null | op=WRITE_CHUNK {blockData=conID: 2 locID: 102652565411398150 bcsId: 2517} | ret=SUCCESS |  
2019-08-21 02:17:22,385 | INFO  | DNAudit | user=null | ip=null | op=WRITE_CHUNK {blockData=conID: 2 locID: 102652565411398150 bcsId: 2517} | ret=SUCCESS |  
2019-08-21 02:17:22,385 | INFO  | DNAudit | user=null | ip=null | op=WRITE_CHUNK {blockData=conID: 2 locID: 102652565411398150 bcsId: 2517} | ret=SUCCESS |  
2019-08-21 02:17:22,395 | INFO  | DNAudit | user=null | ip=null | op=WRITE_CHUNK {blockData=conID: 2 locID: 102652565411398150 bcsId: 2517} | ret=SUCCESS |  
2019-08-21 02:17:22,395 | INFO  | DNAudit | user=null | ip=null | op=PUT_BLOCK {blockData=[blockId=conID: 2 locID: 102652565411398150 bcsId: 0,size=3145728]} | ret=SUCCESS |  
2019-08-21 02:17:22,396 [grpc-default-executor-3] INFO  client.GrpcClientProtocolClient (GrpcClientProtocolClient.java:onNext(255)) - client-54CC064C3FCE->8224e767-71c1-41fc-a01a-d172d48fd9d8: receive RaftClientReply:client-54CC064C3FCE->8224e767-71c1-41fc-a01a-d172d48fd9d8@group-F6B37CC92441, cid=1751, SUCCESS, logIndex=2522, commits[8224e767-71c1-41fc-a01a-d172d48fd9d8:c2523, 6eae0c21-01aa-4169-956f-5952b26ea7ba:c2521, 8d7dcba1-3b82-4d94-a832-514ef5c79cf8:c2521]
2019-08-21 02:17:22,396 [grpc-default-executor-3] INFO  client.GrpcClientProtocolClient (GrpcClientProtocolClient.java:onNext(255)) - client-54CC064C3FCE->8224e767-71c1-41fc-a01a-d172d48fd9d8: receive RaftClientReply:client-54CC064C3FCE->8224e767-71c1-41fc-a01a-d172d48fd9d8@group-F6B37CC92441, cid=1752, SUCCESS, logIndex=2523, commits[8224e767-71c1-41fc-a01a-d172d48fd9d8:c2523, 6eae0c21-01aa-4169-956f-5952b26ea7ba:c2521, 8d7dcba1-3b82-4d94-a832-514ef5c79cf8:c2521]
2019-08-21 02:17:22,397 | INFO  | DNAudit | user=null | ip=null | op=WRITE_CHUNK {blockData=conID: 2 locID: 102652565411398150 bcsId: 2517} | ret=SUCCESS |  
2019-08-21 02:17:22,397 | INFO  | DNAudit | user=null | ip=null | op=WRITE_CHUNK {blockData=conID: 2 locID: 102652565411398150 bcsId: 2517} | ret=SUCCESS |  
2019-08-21 02:17:22,400 | INFO  | DNAudit | user=null | ip=null | op=PUT_BLOCK {blockData=[blockId=conID: 2 locID: 102652565411398150 bcsId: 0,size=3145728]} | ret=SUCCESS |  
2019-08-21 02:17:22,400 | INFO  | DNAudit | user=null | ip=null | op=PUT_BLOCK {blockData=[blockId=conID: 2 locID: 102652565411398150 bcsId: 0,size=3145728]} | ret=SUCCESS |  
2019-08-21 02:17:22,402 | INFO  | DNAudit | user=null | ip=null | op=WRITE_CHUNK {blockData=conID: 2 locID: 102652565411398150 bcsId: 2523} | ret=SUCCESS |  
2019-08-21 02:17:22,404 | INFO  | DNAudit | user=null | ip=null | op=WRITE_CHUNK {blockData=conID: 2 locID: 102652565411398150 bcsId: 2523} | ret=SUCCESS |  
2019-08-21 02:17:22,404 | INFO  | DNAudit | user=null | ip=null | op=WRITE_CHUNK {blockData=conID: 2 locID: 102652565411398150 bcsId: 2523} | ret=SUCCESS |  
2019-08-21 02:17:22,406 | INFO  | DNAudit | user=null | ip=null | op=WRITE_CHUNK {blockData=conID: 2 locID: 102652565411398150 bcsId: 2523} | ret=SUCCESS |  
2019-08-21 02:17:22,406 | INFO  | DNAudit | user=null | ip=null | op=PUT_BLOCK {blockData=[blockId=conID: 2 locID: 102652565411398150 bcsId: 0,size=4194304]} | ret=SUCCESS |  
2019-08-21 02:17:22,406 [grpc-default-executor-2] INFO  client.GrpcClientProtocolClient (GrpcClientProtocolClient.java:onNext(255)) - client-54CC064C3FCE->8224e767-71c1-41fc-a01a-d172d48fd9d8: receive RaftClientReply:client-54CC064C3FCE->8224e767-71c1-41fc-a01a-d172d48fd9d8@group-F6B37CC92441, cid=1753, SUCCESS, logIndex=2526, commits[8224e767-71c1-41fc-a01a-d172d48fd9d8:c2527, 6eae0c21-01aa-4169-956f-5952b26ea7ba:c2525, 8d7dcba1-3b82-4d94-a832-514ef5c79cf8:c2523]
2019-08-21 02:17:22,407 [grpc-default-executor-2] INFO  client.GrpcClientProtocolClient (GrpcClientProtocolClient.java:onNext(255)) - client-54CC064C3FCE->8224e767-71c1-41fc-a01a-d172d48fd9d8: receive RaftClientReply:client-54CC064C3FCE->8224e767-71c1-41fc-a01a-d172d48fd9d8@group-F6B37CC92441, cid=1754, SUCCESS, logIndex=2527, commits[8224e767-71c1-41fc-a01a-d172d48fd9d8:c2527, 6eae0c21-01aa-4169-956f-5952b26ea7ba:c2525, 8d7dcba1-3b82-4d94-a832-514ef5c79cf8:c2525]
2019-08-21 02:17:22,407 | INFO  | DNAudit | user=null | ip=null | op=WRITE_CHUNK {blockData=conID: 2 locID: 102652565411398150 bcsId: 2523} | ret=SUCCESS |  
2019-08-21 02:17:22,407 | INFO  | DNAudit | user=null | ip=null | op=WRITE_CHUNK {blockData=conID: 2 locID: 102652565411398150 bcsId: 2523} | ret=SUCCESS |  
2019-08-21 02:17:22,407 | INFO  | DNAudit | user=null | ip=null | op=PUT_BLOCK {blockData=[blockId=conID: 2 locID: 102652565411398150 bcsId: 0,size=4194304]} | ret=SUCCESS |  
2019-08-21 02:17:22,407 | INFO  | DNAudit | user=null | ip=null | op=PUT_BLOCK {blockData=[blockId=conID: 2 locID: 102652565411398150 bcsId: 0,size=4194304]} | ret=SUCCESS |  
2019-08-21 02:17:22,408 [grpc-default-executor-2] INFO  client.GrpcClientProtocolClient (GrpcClientProtocolClient.java:onNext(255)) - client-54CC064C3FCE->8224e767-71c1-41fc-a01a-d172d48fd9d8: receive RaftClientReply:client-54CC064C3FCE->8224e767-71c1-41fc-a01a-d172d48fd9d8@group-F6B37CC92441, cid=1755, SUCCESS, logIndex=0, commits[8224e767-71c1-41fc-a01a-d172d48fd9d8:c2528, 6eae0c21-01aa-4169-956f-5952b26ea7ba:c2527, 8d7dcba1-3b82-4d94-a832-514ef5c79cf8:c2527]
2019-08-21 02:17:22,412 | INFO  | SCMAudit | user=jenkins1000 | ip=192.168.34.10 | op=ALLOCATE_BLOCK {owner=b6f66289-f2a0-4058-b052-0a85e40df67b, size=4194304, type=RATIS, factor=THREE} | ret=SUCCESS |  
2019-08-21 02:17:22,414 | INFO  | OMAudit | user=jenkins1000 | ip=127.0.0.1 | op=ALLOCATE_BLOCK {volume=vol-0-90982, bucket=bucket-0-24269, key=key-0-81262, dataSize=0, replicationType=null, replicationFactor=null, keyLocationInfo=null, clientID=102652564580991378} | ret=SUCCESS |  
2019-08-21 02:17:22,421 | INFO  | DNAudit | user=null | ip=null | op=WRITE_CHUNK {blockData=conID: 3 locID: 102652565416313351 bcsId: 0} | ret=SUCCESS |  
2019-08-21 02:17:22,423 | INFO  | DNAudit | user=null | ip=null | op=WRITE_CHUNK {blockData=conID: 3 locID: 102652565416313351 bcsId: 0} | ret=SUCCESS |  
2019-08-21 02:17:22,423 | INFO  | DNAudit | user=null | ip=null | op=WRITE_CHUNK {blockData=conID: 3 locID: 102652565416313351 bcsId: 0} | ret=SUCCESS |  
2019-08-21 02:17:22,423 | INFO  | DNAudit | user=null | ip=null | op=WRITE_CHUNK {blockData=conID: 3 locID: 102652565416313351 bcsId: 0} | ret=SUCCESS |  
2019-08-21 02:17:22,425 | INFO  | DNAudit | user=null | ip=null | op=WRITE_CHUNK {blockData=conID: 3 locID: 102652565416313351 bcsId: 0} | ret=SUCCESS |  
2019-08-21 02:17:22,425 | INFO  | DNAudit | user=null | ip=null | op=WRITE_CHUNK {blockData=conID: 3 locID: 102652565416313351 bcsId: 0} | ret=SUCCESS |  
2019-08-21 02:17:22,429 | INFO  | DNAudit | user=null | ip=null | op=WRITE_CHUNK {blockData=conID: 3 locID: 102652565416313351 bcsId: 0} | ret=SUCCESS |  
2019-08-21 02:17:22,430 | INFO  | DNAudit | user=null | ip=null | op=PUT_BLOCK {blockData=[blockId=conID: 3 locID: 102652565416313351 bcsId: 0,size=1048576]} | ret=SUCCESS |  
2019-08-21 02:17:22,430 [grpc-default-executor-2] INFO  client.GrpcClientProtocolClient (GrpcClientProtocolClient.java:onNext(255)) - client-54CC064C3FCE->8224e767-71c1-41fc-a01a-d172d48fd9d8: receive RaftClientReply:client-54CC064C3FCE->8224e767-71c1-41fc-a01a-d172d48fd9d8@group-F6B37CC92441, cid=1756, SUCCESS, logIndex=2530, commits[8224e767-71c1-41fc-a01a-d172d48fd9d8:c2533, 6eae0c21-01aa-4169-956f-5952b26ea7ba:c2529, 8d7dcba1-3b82-4d94-a832-514ef5c79cf8:c2529]
2019-08-21 02:17:22,430 | INFO  | DNAudit | user=null | ip=null | op=WRITE_CHUNK {blockData=conID: 3 locID: 102652565416313351 bcsId: 0} | ret=SUCCESS |  
2019-08-21 02:17:22,431 | INFO  | DNAudit | user=null | ip=null | op=WRITE_CHUNK {blockData=conID: 3 locID: 102652565416313351 bcsId: 0} | ret=SUCCESS |  
2019-08-21 02:17:22,431 | INFO  | DNAudit | user=null | ip=null | op=PUT_BLOCK {blockData=[blockId=conID: 3 locID: 102652565416313351 bcsId: 0,size=2097152]} | ret=SUCCESS |  
2019-08-21 02:17:22,431 [grpc-default-executor-1] INFO  client.GrpcClientProtocolClient (GrpcClientProtocolClient.java:onNext(255)) - client-54CC064C3FCE->8224e767-71c1-41fc-a01a-d172d48fd9d8: receive RaftClientReply:client-54CC064C3FCE->8224e767-71c1-41fc-a01a-d172d48fd9d8@group-F6B37CC92441, cid=1757, SUCCESS, logIndex=2531, commits[8224e767-71c1-41fc-a01a-d172d48fd9d8:c2533, 6eae0c21-01aa-4169-956f-5952b26ea7ba:c2529, 8d7dcba1-3b82-4d94-a832-514ef5c79cf8:c2529]
2019-08-21 02:17:22,431 | INFO  | DNAudit | user=null | ip=null | op=PUT_BLOCK {blockData=[blockId=conID: 3 locID: 102652565416313351 bcsId: 0,size=1048576]} | ret=SUCCESS |  
2019-08-21 02:17:22,431 [grpc-default-executor-1] INFO  client.GrpcClientProtocolClient (GrpcClientProtocolClient.java:onNext(255)) - client-54CC064C3FCE->8224e767-71c1-41fc-a01a-d172d48fd9d8: receive RaftClientReply:client-54CC064C3FCE->8224e767-71c1-41fc-a01a-d172d48fd9d8@group-F6B37CC92441, cid=1758, SUCCESS, logIndex=2532, commits[8224e767-71c1-41fc-a01a-d172d48fd9d8:c2533, 6eae0c21-01aa-4169-956f-5952b26ea7ba:c2529, 8d7dcba1-3b82-4d94-a832-514ef5c79cf8:c2529]
2019-08-21 02:17:22,431 | INFO  | DNAudit | user=null | ip=null | op=WRITE_CHUNK {blockData=conID: 3 locID: 102652565416313351 bcsId: 0} | ret=SUCCESS |  
2019-08-21 02:17:22,431 [grpc-default-executor-1] INFO  client.GrpcClientProtocolClient (GrpcClientProtocolClient.java:onNext(255)) - client-54CC064C3FCE->8224e767-71c1-41fc-a01a-d172d48fd9d8: receive RaftClientReply:client-54CC064C3FCE->8224e767-71c1-41fc-a01a-d172d48fd9d8@group-F6B37CC92441, cid=1759, SUCCESS, logIndex=2533, commits[8224e767-71c1-41fc-a01a-d172d48fd9d8:c2534, 6eae0c21-01aa-4169-956f-5952b26ea7ba:c2531, 8d7dcba1-3b82-4d94-a832-514ef5c79cf8:c2529]
2019-08-21 02:17:22,432 | INFO  | DNAudit | user=null | ip=null | op=PUT_BLOCK {blockData=[blockId=conID: 3 locID: 102652565416313351 bcsId: 0,size=1048576]} | ret=SUCCESS |  
2019-08-21 02:17:22,432 | INFO  | DNAudit | user=null | ip=null | op=WRITE_CHUNK {blockData=conID: 3 locID: 102652565416313351 bcsId: 0} | ret=SUCCESS |  
2019-08-21 02:17:22,432 | INFO  | DNAudit | user=null | ip=null | op=PUT_BLOCK {blockData=[blockId=conID: 3 locID: 102652565416313351 bcsId: 0,size=2097152]} | ret=SUCCESS |  
2019-08-21 02:17:22,432 [grpc-default-executor-1] INFO  client.GrpcClientProtocolClient (GrpcClientProtocolClient.java:onNext(255)) - client-54CC064C3FCE->8224e767-71c1-41fc-a01a-d172d48fd9d8: receive RaftClientReply:client-54CC064C3FCE->8224e767-71c1-41fc-a01a-d172d48fd9d8@group-F6B37CC92441, cid=1760, SUCCESS, logIndex=0, commits[8224e767-71c1-41fc-a01a-d172d48fd9d8:c2535, 6eae0c21-01aa-4169-956f-5952b26ea7ba:c2531, 8d7dcba1-3b82-4d94-a832-514ef5c79cf8:c2531]
2019-08-21 02:17:22,432 | INFO  | DNAudit | user=null | ip=null | op=WRITE_CHUNK {blockData=conID: 3 locID: 102652565416313351 bcsId: 0} | ret=SUCCESS |  
2019-08-21 02:17:22,433 | INFO  | DNAudit | user=null | ip=null | op=PUT_BLOCK {blockData=[blockId=conID: 3 locID: 102652565416313351 bcsId: 0,size=2097152]} | ret=SUCCESS |  
2019-08-21 02:17:22,438 | INFO  | DNAudit | user=null | ip=null | op=WRITE_CHUNK {blockData=conID: 3 locID: 102652565416313351 bcsId: 2533} | ret=SUCCESS |  
2019-08-21 02:17:22,440 | INFO  | DNAudit | user=null | ip=null | op=WRITE_CHUNK {blockData=conID: 3 locID: 102652565416313351 bcsId: 2533} | ret=SUCCESS |  
2019-08-21 02:17:22,440 | INFO  | DNAudit | user=null | ip=null | op=WRITE_CHUNK {blockData=conID: 3 locID: 102652565416313351 bcsId: 2533} | ret=SUCCESS |  
2019-08-21 02:17:22,452 | INFO  | DNAudit | user=null | ip=null | op=WRITE_CHUNK {blockData=conID: 3 locID: 102652565416313351 bcsId: 2533} | ret=SUCCESS |  
2019-08-21 02:17:22,452 | INFO  | DNAudit | user=null | ip=null | op=PUT_BLOCK {blockData=[blockId=conID: 3 locID: 102652565416313351 bcsId: 0,size=3145728]} | ret=SUCCESS |  
2019-08-21 02:17:22,452 [grpc-default-executor-2] INFO  client.GrpcClientProtocolClient (GrpcClientProtocolClient.java:onNext(255)) - client-54CC064C3FCE->8224e767-71c1-41fc-a01a-d172d48fd9d8: receive RaftClientReply:client-54CC064C3FCE->8224e767-71c1-41fc-a01a-d172d48fd9d8@group-F6B37CC92441, cid=1761, SUCCESS, logIndex=2538, commits[8224e767-71c1-41fc-a01a-d172d48fd9d8:c2539, 6eae0c21-01aa-4169-956f-5952b26ea7ba:c2537, 8d7dcba1-3b82-4d94-a832-514ef5c79cf8:c2537]
2019-08-21 02:17:22,452 [grpc-default-executor-2] INFO  client.GrpcClientProtocolClient (GrpcClientProtocolClient.java:onNext(255)) - client-54CC064C3FCE->8224e767-71c1-41fc-a01a-d172d48fd9d8: receive RaftClientReply:client-54CC064C3FCE->8224e767-71c1-41fc-a01a-d172d48fd9d8@group-F6B37CC92441, cid=1762, SUCCESS, logIndex=2539, commits[8224e767-71c1-41fc-a01a-d172d48fd9d8:c2539, 6eae0c21-01aa-4169-956f-5952b26ea7ba:c2537, 8d7dcba1-3b82-4d94-a832-514ef5c79cf8:c2537]
2019-08-21 02:17:22,458 | INFO  | DNAudit | user=null | ip=null | op=WRITE_CHUNK {blockData=conID: 3 locID: 102652565416313351 bcsId: 2539} | ret=SUCCESS |  
2019-08-21 02:17:22,460 | INFO  | DNAudit | user=null | ip=null | op=WRITE_CHUNK {blockData=conID: 3 locID: 102652565416313351 bcsId: 2539} | ret=SUCCESS |  
2019-08-21 02:17:22,460 | INFO  | DNAudit | user=null | ip=null | op=WRITE_CHUNK {blockData=conID: 3 locID: 102652565416313351 bcsId: 2539} | ret=SUCCESS |  
2019-08-21 02:17:22,463 | INFO  | DNAudit | user=null | ip=null | op=WRITE_CHUNK {blockData=conID: 3 locID: 102652565416313351 bcsId: 2533} | ret=SUCCESS |  
2019-08-21 02:17:22,463 | INFO  | DNAudit | user=null | ip=null | op=WRITE_CHUNK {blockData=conID: 3 locID: 102652565416313351 bcsId: 2533} | ret=SUCCESS |  
2019-08-21 02:17:22,463 | INFO  | DNAudit | user=null | ip=null | op=PUT_BLOCK {blockData=[blockId=conID: 3 locID: 102652565416313351 bcsId: 0,size=3145728]} | ret=SUCCESS |  
2019-08-21 02:17:22,463 | INFO  | DNAudit | user=null | ip=null | op=PUT_BLOCK {blockData=[blockId=conID: 3 locID: 102652565416313351 bcsId: 0,size=3145728]} | ret=SUCCESS |  
2019-08-21 02:17:22,466 | INFO  | DNAudit | user=null | ip=null | op=WRITE_CHUNK {blockData=conID: 3 locID: 102652565416313351 bcsId: 2539} | ret=SUCCESS |  
2019-08-21 02:17:22,466 | INFO  | DNAudit | user=null | ip=null | op=PUT_BLOCK {blockData=[blockId=conID: 3 locID: 102652565416313351 bcsId: 0,size=4194304]} | ret=SUCCESS |  
2019-08-21 02:17:22,466 [grpc-default-executor-3] INFO  client.GrpcClientProtocolClient (GrpcClientProtocolClient.java:onNext(255)) - client-54CC064C3FCE->8224e767-71c1-41fc-a01a-d172d48fd9d8: receive RaftClientReply:client-54CC064C3FCE->8224e767-71c1-41fc-a01a-d172d48fd9d8@group-F6B37CC92441, cid=1763, SUCCESS, logIndex=2542, commits[8224e767-71c1-41fc-a01a-d172d48fd9d8:c2543, 6eae0c21-01aa-4169-956f-5952b26ea7ba:c2539, 8d7dcba1-3b82-4d94-a832-514ef5c79cf8:c2539]
2019-08-21 02:17:22,466 [grpc-default-executor-3] INFO  client.GrpcClientProtocolClient (GrpcClientProtocolClient.java:onNext(255)) - client-54CC064C3FCE->8224e767-71c1-41fc-a01a-d172d48fd9d8: receive RaftClientReply:client-54CC064C3FCE->8224e767-71c1-41fc-a01a-d172d48fd9d8@group-F6B37CC92441, cid=1764, SUCCESS, logIndex=2543, commits[8224e767-71c1-41fc-a01a-d172d48fd9d8:c2543, 6eae0c21-01aa-4169-956f-5952b26ea7ba:c2539, 8d7dcba1-3b82-4d94-a832-514ef5c79cf8:c2539]
2019-08-21 02:17:22,477 | INFO  | DNAudit | user=null | ip=null | op=WRITE_CHUNK {blockData=conID: 3 locID: 102652565416313351 bcsId: 2539} | ret=SUCCESS |  
2019-08-21 02:17:22,477 | INFO  | DNAudit | user=null | ip=null | op=WRITE_CHUNK {blockData=conID: 3 locID: 102652565416313351 bcsId: 2539} | ret=SUCCESS |  
2019-08-21 02:17:22,479 | INFO  | DNAudit | user=null | ip=null | op=PUT_BLOCK {blockData=[blockId=conID: 3 locID: 102652565416313351 bcsId: 0,size=4194304]} | ret=SUCCESS |  
2019-08-21 02:17:22,479 | INFO  | DNAudit | user=null | ip=null | op=PUT_BLOCK {blockData=[blockId=conID: 3 locID: 102652565416313351 bcsId: 0,size=4194304]} | ret=SUCCESS |  
2019-08-21 02:17:22,479 [grpc-default-executor-3] INFO  client.GrpcClientProtocolClient (GrpcClientProtocolClient.java:onNext(255)) - client-54CC064C3FCE->8224e767-71c1-41fc-a01a-d172d48fd9d8: receive RaftClientReply:client-54CC064C3FCE->8224e767-71c1-41fc-a01a-d172d48fd9d8@group-F6B37CC92441, cid=1765, SUCCESS, logIndex=0, commits[8224e767-71c1-41fc-a01a-d172d48fd9d8:c2545, 6eae0c21-01aa-4169-956f-5952b26ea7ba:c2543, 8d7dcba1-3b82-4d94-a832-514ef5c79cf8:c2543]
2019-08-21 02:17:22,484 | INFO  | SCMAudit | user=jenkins1000 | ip=192.168.34.10 | op=ALLOCATE_BLOCK {owner=b6f66289-f2a0-4058-b052-0a85e40df67b, size=4194304, type=RATIS, factor=THREE} | ret=SUCCESS |  
2019-08-21 02:17:22,486 | INFO  | OMAudit | user=jenkins1000 | ip=127.0.0.1 | op=ALLOCATE_BLOCK {volume=vol-0-90982, bucket=bucket-0-24269, key=key-0-81262, dataSize=0, replicationType=null, replicationFactor=null, keyLocationInfo=null, clientID=102652564580991378} | ret=SUCCESS |  
2019-08-21 02:17:22,493 | INFO  | DNAudit | user=null | ip=null | op=WRITE_CHUNK {blockData=conID: 1 locID: 102652565421031944 bcsId: 0} | ret=SUCCESS |  
2019-08-21 02:17:22,495 | INFO  | DNAudit | user=null | ip=null | op=WRITE_CHUNK {blockData=conID: 1 locID: 102652565421031944 bcsId: 0} | ret=SUCCESS |  
2019-08-21 02:17:22,495 | INFO  | DNAudit | user=null | ip=null | op=WRITE_CHUNK {blockData=conID: 1 locID: 102652565421031944 bcsId: 0} | ret=SUCCESS |  
2019-08-21 02:17:22,495 | INFO  | DNAudit | user=null | ip=null | op=WRITE_CHUNK {blockData=conID: 1 locID: 102652565421031944 bcsId: 0} | ret=SUCCESS |  
2019-08-21 02:17:22,496 | INFO  | DNAudit | user=null | ip=null | op=WRITE_CHUNK {blockData=conID: 1 locID: 102652565421031944 bcsId: 0} | ret=SUCCESS |  
2019-08-21 02:17:22,496 | INFO  | DNAudit | user=null | ip=null | op=WRITE_CHUNK {blockData=conID: 1 locID: 102652565421031944 bcsId: 0} | ret=SUCCESS |  
2019-08-21 02:17:22,508 | INFO  | DNAudit | user=null | ip=null | op=WRITE_CHUNK {blockData=conID: 1 locID: 102652565421031944 bcsId: 0} | ret=SUCCESS |  
2019-08-21 02:17:22,508 | INFO  | DNAudit | user=null | ip=null | op=PUT_BLOCK {blockData=[blockId=conID: 1 locID: 102652565421031944 bcsId: 0,size=1048576]} | ret=SUCCESS |  
2019-08-21 02:17:22,509 [grpc-default-executor-2] INFO  client.GrpcClientProtocolClient (GrpcClientProtocolClient.java:onNext(255)) - client-54CC064C3FCE->8224e767-71c1-41fc-a01a-d172d48fd9d8: receive RaftClientReply:client-54CC064C3FCE->8224e767-71c1-41fc-a01a-d172d48fd9d8@group-F6B37CC92441, cid=1766, SUCCESS, logIndex=2546, commits[8224e767-71c1-41fc-a01a-d172d48fd9d8:c2548, 6eae0c21-01aa-4169-956f-5952b26ea7ba:c2545, 8d7dcba1-3b82-4d94-a832-514ef5c79cf8:c2545]
2019-08-21 02:17:22,509 | INFO  | DNAudit | user=null | ip=null | op=WRITE_CHUNK {blockData=conID: 1 locID: 102652565421031944 bcsId: 0} | ret=SUCCESS |  
2019-08-21 02:17:22,509 [grpc-default-executor-2] INFO  client.GrpcClientProtocolClient (GrpcClientProtocolClient.java:onNext(255)) - client-54CC064C3FCE->8224e767-71c1-41fc-a01a-d172d48fd9d8: receive RaftClientReply:client-54CC064C3FCE->8224e767-71c1-41fc-a01a-d172d48fd9d8@group-F6B37CC92441, cid=1767, SUCCESS, logIndex=2547, commits[8224e767-71c1-41fc-a01a-d172d48fd9d8:c2549, 6eae0c21-01aa-4169-956f-5952b26ea7ba:c2545, 8d7dcba1-3b82-4d94-a832-514ef5c79cf8:c2545]
2019-08-21 02:17:22,509 | INFO  | DNAudit | user=null | ip=null | op=PUT_BLOCK {blockData=[blockId=conID: 1 locID: 102652565421031944 bcsId: 0,size=2097152]} | ret=SUCCESS |  
2019-08-21 02:17:22,509 [grpc-default-executor-2] INFO  client.GrpcClientProtocolClient (GrpcClientProtocolClient.java:onNext(255)) - client-54CC064C3FCE->8224e767-71c1-41fc-a01a-d172d48fd9d8: receive RaftClientReply:client-54CC064C3FCE->8224e767-71c1-41fc-a01a-d172d48fd9d8@group-F6B37CC92441, cid=1768, SUCCESS, logIndex=2548, commits[8224e767-71c1-41fc-a01a-d172d48fd9d8:c2549, 6eae0c21-01aa-4169-956f-5952b26ea7ba:c2545, 8d7dcba1-3b82-4d94-a832-514ef5c79cf8:c2545]
2019-08-21 02:17:22,509 [grpc-default-executor-2] INFO  client.GrpcClientProtocolClient (GrpcClientProtocolClient.java:onNext(255)) - client-54CC064C3FCE->8224e767-71c1-41fc-a01a-d172d48fd9d8: receive RaftClientReply:client-54CC064C3FCE->8224e767-71c1-41fc-a01a-d172d48fd9d8@group-F6B37CC92441, cid=1769, SUCCESS, logIndex=2549, commits[8224e767-71c1-41fc-a01a-d172d48fd9d8:c2549, 6eae0c21-01aa-4169-956f-5952b26ea7ba:c2545, 8d7dcba1-3b82-4d94-a832-514ef5c79cf8:c2545]
2019-08-21 02:17:22,519 | INFO  | DNAudit | user=null | ip=null | op=WRITE_CHUNK {blockData=conID: 1 locID: 102652565421031944 bcsId: 0} | ret=SUCCESS |  
2019-08-21 02:17:22,519 | INFO  | DNAudit | user=null | ip=null | op=WRITE_CHUNK {blockData=conID: 1 locID: 102652565421031944 bcsId: 0} | ret=SUCCESS |  
2019-08-21 02:17:22,521 | INFO  | DNAudit | user=null | ip=null | op=PUT_BLOCK {blockData=[blockId=conID: 1 locID: 102652565421031944 bcsId: 0,size=1048576]} | ret=SUCCESS |  
2019-08-21 02:17:22,521 | INFO  | DNAudit | user=null | ip=null | op=PUT_BLOCK {blockData=[blockId=conID: 1 locID: 102652565421031944 bcsId: 0,size=1048576]} | ret=SUCCESS |  
2019-08-21 02:17:22,521 | INFO  | DNAudit | user=null | ip=null | op=WRITE_CHUNK {blockData=conID: 1 locID: 102652565421031944 bcsId: 0} | ret=SUCCESS |  
2019-08-21 02:17:22,521 | INFO  | DNAudit | user=null | ip=null | op=WRITE_CHUNK {blockData=conID: 1 locID: 102652565421031944 bcsId: 0} | ret=SUCCESS |  
2019-08-21 02:17:22,522 | INFO  | DNAudit | user=null | ip=null | op=PUT_BLOCK {blockData=[blockId=conID: 1 locID: 102652565421031944 bcsId: 0,size=2097152]} | ret=SUCCESS |  
2019-08-21 02:17:22,522 | INFO  | DNAudit | user=null | ip=null | op=PUT_BLOCK {blockData=[blockId=conID: 1 locID: 102652565421031944 bcsId: 0,size=2097152]} | ret=SUCCESS |  
2019-08-21 02:17:22,522 [grpc-default-executor-1] INFO  client.GrpcClientProtocolClient (GrpcClientProtocolClient.java:onNext(255)) - client-54CC064C3FCE->8224e767-71c1-41fc-a01a-d172d48fd9d8: receive RaftClientReply:client-54CC064C3FCE->8224e767-71c1-41fc-a01a-d172d48fd9d8@group-F6B37CC92441, cid=1770, SUCCESS, logIndex=0, commits[8224e767-71c1-41fc-a01a-d172d48fd9d8:c2552, 6eae0c21-01aa-4169-956f-5952b26ea7ba:c2548, 8d7dcba1-3b82-4d94-a832-514ef5c79cf8:c2547]
2019-08-21 02:17:22,528 | INFO  | DNAudit | user=null | ip=null | op=WRITE_CHUNK {blockData=conID: 1 locID: 102652565421031944 bcsId: 2549} | ret=SUCCESS |  
2019-08-21 02:17:22,530 | INFO  | DNAudit | user=null | ip=null | op=WRITE_CHUNK {blockData=conID: 1 locID: 102652565421031944 bcsId: 2549} | ret=SUCCESS |  
2019-08-21 02:17:22,531 | INFO  | DNAudit | user=null | ip=null | op=WRITE_CHUNK {blockData=conID: 1 locID: 102652565421031944 bcsId: 2549} | ret=SUCCESS |  
2019-08-21 02:17:22,541 | INFO  | DNAudit | user=null | ip=null | op=WRITE_CHUNK {blockData=conID: 1 locID: 102652565421031944 bcsId: 2549} | ret=SUCCESS |  
2019-08-21 02:17:22,542 | INFO  | DNAudit | user=null | ip=null | op=PUT_BLOCK {blockData=[blockId=conID: 1 locID: 102652565421031944 bcsId: 0,size=3145728]} | ret=SUCCESS |  
2019-08-21 02:17:22,542 [grpc-default-executor-2] INFO  client.GrpcClientProtocolClient (GrpcClientProtocolClient.java:onNext(255)) - client-54CC064C3FCE->8224e767-71c1-41fc-a01a-d172d48fd9d8: receive RaftClientReply:client-54CC064C3FCE->8224e767-71c1-41fc-a01a-d172d48fd9d8@group-F6B37CC92441, cid=1771, SUCCESS, logIndex=2554, commits[8224e767-71c1-41fc-a01a-d172d48fd9d8:c2555, 6eae0c21-01aa-4169-956f-5952b26ea7ba:c2553, 8d7dcba1-3b82-4d94-a832-514ef5c79cf8:c2553]
2019-08-21 02:17:22,542 [grpc-default-executor-2] INFO  client.GrpcClientProtocolClient (GrpcClientProtocolClient.java:onNext(255)) - client-54CC064C3FCE->8224e767-71c1-41fc-a01a-d172d48fd9d8: receive RaftClientReply:client-54CC064C3FCE->8224e767-71c1-41fc-a01a-d172d48fd9d8@group-F6B37CC92441, cid=1772, SUCCESS, logIndex=2555, commits[8224e767-71c1-41fc-a01a-d172d48fd9d8:c2555, 6eae0c21-01aa-4169-956f-5952b26ea7ba:c2553, 8d7dcba1-3b82-4d94-a832-514ef5c79cf8:c2553]
2019-08-21 02:17:22,548 | INFO  | DNAudit | user=null | ip=null | op=WRITE_CHUNK {blockData=conID: 1 locID: 102652565421031944 bcsId: 2555} | ret=SUCCESS |  
2019-08-21 02:17:22,551 | INFO  | DNAudit | user=null | ip=null | op=WRITE_CHUNK {blockData=conID: 1 locID: 102652565421031944 bcsId: 2555} | ret=SUCCESS |  
2019-08-21 02:17:22,551 | INFO  | DNAudit | user=null | ip=null | op=WRITE_CHUNK {blockData=conID: 1 locID: 102652565421031944 bcsId: 2555} | ret=SUCCESS |  
2019-08-21 02:17:22,552 | INFO  | DNAudit | user=null | ip=null | op=WRITE_CHUNK {blockData=conID: 1 locID: 102652565421031944 bcsId: 2549} | ret=SUCCESS |  
2019-08-21 02:17:22,552 | INFO  | DNAudit | user=null | ip=null | op=WRITE_CHUNK {blockData=conID: 1 locID: 102652565421031944 bcsId: 2549} | ret=SUCCESS |  
2019-08-21 02:17:22,553 | INFO  | DNAudit | user=null | ip=null | op=PUT_BLOCK {blockData=[blockId=conID: 1 locID: 102652565421031944 bcsId: 0,size=3145728]} | ret=SUCCESS |  
2019-08-21 02:17:22,553 | INFO  | DNAudit | user=null | ip=null | op=PUT_BLOCK {blockData=[blockId=conID: 1 locID: 102652565421031944 bcsId: 0,size=3145728]} | ret=SUCCESS |  
2019-08-21 02:17:22,555 | INFO  | DNAudit | user=null | ip=null | op=WRITE_CHUNK {blockData=conID: 1 locID: 102652565421031944 bcsId: 2555} | ret=SUCCESS |  
2019-08-21 02:17:22,556 | INFO  | DNAudit | user=null | ip=null | op=PUT_BLOCK {blockData=[blockId=conID: 1 locID: 102652565421031944 bcsId: 0,size=4194304]} | ret=SUCCESS |  
2019-08-21 02:17:22,556 [grpc-default-executor-3] INFO  client.GrpcClientProtocolClient (GrpcClientProtocolClient.java:onNext(255)) - client-54CC064C3FCE->8224e767-71c1-41fc-a01a-d172d48fd9d8: receive RaftClientReply:client-54CC064C3FCE->8224e767-71c1-41fc-a01a-d172d48fd9d8@group-F6B37CC92441, cid=1773, SUCCESS, logIndex=2558, commits[8224e767-71c1-41fc-a01a-d172d48fd9d8:c2559, 6eae0c21-01aa-4169-956f-5952b26ea7ba:c2555, 8d7dcba1-3b82-4d94-a832-514ef5c79cf8:c2555]
2019-08-21 02:17:22,556 [grpc-default-executor-3] INFO  client.GrpcClientProtocolClient (GrpcClientProtocolClient.java:onNext(255)) - client-54CC064C3FCE->8224e767-71c1-41fc-a01a-d172d48fd9d8: receive RaftClientReply:client-54CC064C3FCE->8224e767-71c1-41fc-a01a-d172d48fd9d8@group-F6B37CC92441, cid=1774, SUCCESS, logIndex=2559, commits[8224e767-71c1-41fc-a01a-d172d48fd9d8:c2559, 6eae0c21-01aa-4169-956f-5952b26ea7ba:c2555, 8d7dcba1-3b82-4d94-a832-514ef5c79cf8:c2555]
2019-08-21 02:17:22,567 | INFO  | DNAudit | user=null | ip=null | op=WRITE_CHUNK {blockData=conID: 1 locID: 102652565421031944 bcsId: 2555} | ret=SUCCESS |  
2019-08-21 02:17:22,567 | INFO  | DNAudit | user=null | ip=null | op=WRITE_CHUNK {blockData=conID: 1 locID: 102652565421031944 bcsId: 2555} | ret=SUCCESS |  
2019-08-21 02:17:22,569 | INFO  | DNAudit | user=null | ip=null | op=PUT_BLOCK {blockData=[blockId=conID: 1 locID: 102652565421031944 bcsId: 0,size=4194304]} | ret=SUCCESS |  
2019-08-21 02:17:22,569 | INFO  | DNAudit | user=null | ip=null | op=PUT_BLOCK {blockData=[blockId=conID: 1 locID: 102652565421031944 bcsId: 0,size=4194304]} | ret=SUCCESS |  
2019-08-21 02:17:22,570 [grpc-default-executor-3] INFO  client.GrpcClientProtocolClient (GrpcClientProtocolClient.java:onNext(255)) - client-54CC064C3FCE->8224e767-71c1-41fc-a01a-d172d48fd9d8: receive RaftClientReply:client-54CC064C3FCE->8224e767-71c1-41fc-a01a-d172d48fd9d8@group-F6B37CC92441, cid=1775, SUCCESS, logIndex=0, commits[8224e767-71c1-41fc-a01a-d172d48fd9d8:c2561, 6eae0c21-01aa-4169-956f-5952b26ea7ba:c2559, 8d7dcba1-3b82-4d94-a832-514ef5c79cf8:c2559]
2019-08-21 02:17:22,574 | INFO  | SCMAudit | user=jenkins1000 | ip=192.168.34.10 | op=ALLOCATE_BLOCK {owner=b6f66289-f2a0-4058-b052-0a85e40df67b, size=4194304, type=RATIS, factor=THREE} | ret=SUCCESS |  
2019-08-21 02:17:22,576 | INFO  | OMAudit | user=jenkins1000 | ip=127.0.0.1 | op=ALLOCATE_BLOCK {volume=vol-0-90982, bucket=bucket-0-24269, key=key-0-81262, dataSize=0, replicationType=null, replicationFactor=null, keyLocationInfo=null, clientID=102652564580991378} | ret=SUCCESS |  
2019-08-21 02:17:22,584 | INFO  | DNAudit | user=null | ip=null | op=WRITE_CHUNK {blockData=conID: 2 locID: 102652565426930185 bcsId: 0} | ret=SUCCESS |  
2019-08-21 02:17:22,586 | INFO  | DNAudit | user=null | ip=null | op=WRITE_CHUNK {blockData=conID: 2 locID: 102652565426930185 bcsId: 0} | ret=SUCCESS |  
2019-08-21 02:17:22,587 | INFO  | DNAudit | user=null | ip=null | op=WRITE_CHUNK {blockData=conID: 2 locID: 102652565426930185 bcsId: 0} | ret=SUCCESS |  
2019-08-21 02:17:22,587 | INFO  | DNAudit | user=null | ip=null | op=WRITE_CHUNK {blockData=conID: 2 locID: 102652565426930185 bcsId: 0} | ret=SUCCESS |  
2019-08-21 02:17:22,589 | INFO  | DNAudit | user=null | ip=null | op=WRITE_CHUNK {blockData=conID: 2 locID: 102652565426930185 bcsId: 0} | ret=SUCCESS |  
2019-08-21 02:17:22,589 | INFO  | DNAudit | user=null | ip=null | op=WRITE_CHUNK {blockData=conID: 2 locID: 102652565426930185 bcsId: 0} | ret=SUCCESS |  
2019-08-21 02:17:22,596 | INFO  | DNAudit | user=null | ip=null | op=WRITE_CHUNK {blockData=conID: 2 locID: 102652565426930185 bcsId: 0} | ret=SUCCESS |  
2019-08-21 02:17:22,597 | INFO  | DNAudit | user=null | ip=null | op=PUT_BLOCK {blockData=[blockId=conID: 2 locID: 102652565426930185 bcsId: 0,size=1048576]} | ret=SUCCESS |  
2019-08-21 02:17:22,597 [grpc-default-executor-1] INFO  client.GrpcClientProtocolClient (GrpcClientProtocolClient.java:onNext(255)) - client-54CC064C3FCE->8224e767-71c1-41fc-a01a-d172d48fd9d8: receive RaftClientReply:client-54CC064C3FCE->8224e767-71c1-41fc-a01a-d172d48fd9d8@group-F6B37CC92441, cid=1776, SUCCESS, logIndex=2562, commits[8224e767-71c1-41fc-a01a-d172d48fd9d8:c2565, 6eae0c21-01aa-4169-956f-5952b26ea7ba:c2561, 8d7dcba1-3b82-4d94-a832-514ef5c79cf8:c2561]
2019-08-21 02:17:22,597 | INFO  | DNAudit | user=null | ip=null | op=WRITE_CHUNK {blockData=conID: 2 locID: 102652565426930185 bcsId: 0} | ret=SUCCESS |  
2019-08-21 02:17:22,598 | INFO  | DNAudit | user=null | ip=null | op=PUT_BLOCK {blockData=[blockId=conID: 2 locID: 102652565426930185 bcsId: 0,size=2097152]} | ret=SUCCESS |  
2019-08-21 02:17:22,598 | INFO  | DNAudit | user=null | ip=null | op=WRITE_CHUNK {blockData=conID: 2 locID: 102652565426930185 bcsId: 0} | ret=SUCCESS |  
2019-08-21 02:17:22,598 [grpc-default-executor-1] INFO  client.GrpcClientProtocolClient (GrpcClientProtocolClient.java:onNext(255)) - client-54CC064C3FCE->8224e767-71c1-41fc-a01a-d172d48fd9d8: receive RaftClientReply:client-54CC064C3FCE->8224e767-71c1-41fc-a01a-d172d48fd9d8@group-F6B37CC92441, cid=1777, SUCCESS, logIndex=2563, commits[8224e767-71c1-41fc-a01a-d172d48fd9d8:c2565, 6eae0c21-01aa-4169-956f-5952b26ea7ba:c2561, 8d7dcba1-3b82-4d94-a832-514ef5c79cf8:c2561]
2019-08-21 02:17:22,598 | INFO  | DNAudit | user=null | ip=null | op=WRITE_CHUNK {blockData=conID: 2 locID: 102652565426930185 bcsId: 0} | ret=SUCCESS |  
2019-08-21 02:17:22,598 [grpc-default-executor-1] INFO  client.GrpcClientProtocolClient (GrpcClientProtocolClient.java:onNext(255)) - client-54CC064C3FCE->8224e767-71c1-41fc-a01a-d172d48fd9d8: receive RaftClientReply:client-54CC064C3FCE->8224e767-71c1-41fc-a01a-d172d48fd9d8@group-F6B37CC92441, cid=1778, SUCCESS, logIndex=2564, commits[8224e767-71c1-41fc-a01a-d172d48fd9d8:c2565, 6eae0c21-01aa-4169-956f-5952b26ea7ba:c2561, 8d7dcba1-3b82-4d94-a832-514ef5c79cf8:c2561]
2019-08-21 02:17:22,598 | INFO  | DNAudit | user=null | ip=null | op=PUT_BLOCK {blockData=[blockId=conID: 2 locID: 102652565426930185 bcsId: 0,size=1048576]} | ret=SUCCESS |  
2019-08-21 02:17:22,598 [grpc-default-executor-1] INFO  client.GrpcClientProtocolClient (GrpcClientProtocolClient.java:onNext(255)) - client-54CC064C3FCE->8224e767-71c1-41fc-a01a-d172d48fd9d8: receive RaftClientReply:client-54CC064C3FCE->8224e767-71c1-41fc-a01a-d172d48fd9d8@group-F6B37CC92441, cid=1779, SUCCESS, logIndex=2565, commits[8224e767-71c1-41fc-a01a-d172d48fd9d8:c2565, 6eae0c21-01aa-4169-956f-5952b26ea7ba:c2561, 8d7dcba1-3b82-4d94-a832-514ef5c79cf8:c2561]
2019-08-21 02:17:22,600 | INFO  | DNAudit | user=null | ip=null | op=PUT_BLOCK {blockData=[blockId=conID: 2 locID: 102652565426930185 bcsId: 0,size=1048576]} | ret=SUCCESS |  
2019-08-21 02:17:22,600 | INFO  | DNAudit | user=null | ip=null | op=WRITE_CHUNK {blockData=conID: 2 locID: 102652565426930185 bcsId: 0} | ret=SUCCESS |  
2019-08-21 02:17:22,600 | INFO  | DNAudit | user=null | ip=null | op=WRITE_CHUNK {blockData=conID: 2 locID: 102652565426930185 bcsId: 0} | ret=SUCCESS |  
2019-08-21 02:17:22,600 | INFO  | DNAudit | user=null | ip=null | op=PUT_BLOCK {blockData=[blockId=conID: 2 locID: 102652565426930185 bcsId: 0,size=2097152]} | ret=SUCCESS |  
2019-08-21 02:17:22,600 | INFO  | DNAudit | user=null | ip=null | op=PUT_BLOCK {blockData=[blockId=conID: 2 locID: 102652565426930185 bcsId: 0,size=2097152]} | ret=SUCCESS |  
2019-08-21 02:17:22,600 [grpc-default-executor-1] INFO  client.GrpcClientProtocolClient (GrpcClientProtocolClient.java:onNext(255)) - client-54CC064C3FCE->8224e767-71c1-41fc-a01a-d172d48fd9d8: receive RaftClientReply:client-54CC064C3FCE->8224e767-71c1-41fc-a01a-d172d48fd9d8@group-F6B37CC92441, cid=1780, SUCCESS, logIndex=0, commits[8224e767-71c1-41fc-a01a-d172d48fd9d8:c2566, 6eae0c21-01aa-4169-956f-5952b26ea7ba:c2564, 8d7dcba1-3b82-4d94-a832-514ef5c79cf8:c2563]
2019-08-21 02:17:22,608 | INFO  | DNAudit | user=null | ip=null | op=WRITE_CHUNK {blockData=conID: 2 locID: 102652565426930185 bcsId: 2565} | ret=SUCCESS |  
2019-08-21 02:17:22,609 | INFO  | DNAudit | user=null | ip=null | op=WRITE_CHUNK {blockData=conID: 2 locID: 102652565426930185 bcsId: 2565} | ret=SUCCESS |  
2019-08-21 02:17:22,609 | INFO  | DNAudit | user=null | ip=null | op=WRITE_CHUNK {blockData=conID: 2 locID: 102652565426930185 bcsId: 2565} | ret=SUCCESS |  
2019-08-21 02:17:22,620 | INFO  | DNAudit | user=null | ip=null | op=WRITE_CHUNK {blockData=conID: 2 locID: 102652565426930185 bcsId: 2565} | ret=SUCCESS |  
2019-08-21 02:17:22,620 | INFO  | DNAudit | user=null | ip=null | op=PUT_BLOCK {blockData=[blockId=conID: 2 locID: 102652565426930185 bcsId: 0,size=3145728]} | ret=SUCCESS |  
2019-08-21 02:17:22,620 [grpc-default-executor-1] INFO  client.GrpcClientProtocolClient (GrpcClientProtocolClient.java:onNext(255)) - client-54CC064C3FCE->8224e767-71c1-41fc-a01a-d172d48fd9d8: receive RaftClientReply:client-54CC064C3FCE->8224e767-71c1-41fc-a01a-d172d48fd9d8@group-F6B37CC92441, cid=1781, SUCCESS, logIndex=2570, commits[8224e767-71c1-41fc-a01a-d172d48fd9d8:c2571, 6eae0c21-01aa-4169-956f-5952b26ea7ba:c2569, 8d7dcba1-3b82-4d94-a832-514ef5c79cf8:c2569]
2019-08-21 02:17:22,621 [grpc-default-executor-1] INFO  client.GrpcClientProtocolClient (GrpcClientProtocolClient.java:onNext(255)) - client-54CC064C3FCE->8224e767-71c1-41fc-a01a-d172d48fd9d8: receive RaftClientReply:client-54CC064C3FCE->8224e767-71c1-41fc-a01a-d172d48fd9d8@group-F6B37CC92441, cid=1782, SUCCESS, logIndex=2571, commits[8224e767-71c1-41fc-a01a-d172d48fd9d8:c2571, 6eae0c21-01aa-4169-956f-5952b26ea7ba:c2569, 8d7dcba1-3b82-4d94-a832-514ef5c79cf8:c2569]
2019-08-21 02:17:22,622 | INFO  | DNAudit | user=null | ip=null | op=WRITE_CHUNK {blockData=conID: 2 locID: 102652565426930185 bcsId: 2565} | ret=SUCCESS |  
2019-08-21 02:17:22,622 | INFO  | DNAudit | user=null | ip=null | op=WRITE_CHUNK {blockData=conID: 2 locID: 102652565426930185 bcsId: 2565} | ret=SUCCESS |  
2019-08-21 02:17:22,625 | INFO  | DNAudit | user=null | ip=null | op=PUT_BLOCK {blockData=[blockId=conID: 2 locID: 102652565426930185 bcsId: 0,size=3145728]} | ret=SUCCESS |  
2019-08-21 02:17:22,625 | INFO  | DNAudit | user=null | ip=null | op=PUT_BLOCK {blockData=[blockId=conID: 2 locID: 102652565426930185 bcsId: 0,size=3145728]} | ret=SUCCESS |  
2019-08-21 02:17:22,627 | INFO  | DNAudit | user=null | ip=null | op=WRITE_CHUNK {blockData=conID: 2 locID: 102652565426930185 bcsId: 2571} | ret=SUCCESS |  
2019-08-21 02:17:22,629 | INFO  | DNAudit | user=null | ip=null | op=WRITE_CHUNK {blockData=conID: 2 locID: 102652565426930185 bcsId: 2571} | ret=SUCCESS |  
2019-08-21 02:17:22,629 | INFO  | DNAudit | user=null | ip=null | op=WRITE_CHUNK {blockData=conID: 2 locID: 102652565426930185 bcsId: 2571} | ret=SUCCESS |  
2019-08-21 02:17:22,632 | INFO  | DNAudit | user=null | ip=null | op=WRITE_CHUNK {blockData=conID: 2 locID: 102652565426930185 bcsId: 2571} | ret=SUCCESS |  
2019-08-21 02:17:22,632 | INFO  | DNAudit | user=null | ip=null | op=PUT_BLOCK {blockData=[blockId=conID: 2 locID: 102652565426930185 bcsId: 0,size=4194304]} | ret=SUCCESS |  
2019-08-21 02:17:22,632 [grpc-default-executor-3] INFO  client.GrpcClientProtocolClient (GrpcClientProtocolClient.java:onNext(255)) - client-54CC064C3FCE->8224e767-71c1-41fc-a01a-d172d48fd9d8: receive RaftClientReply:client-54CC064C3FCE->8224e767-71c1-41fc-a01a-d172d48fd9d8@group-F6B37CC92441, cid=1783, SUCCESS, logIndex=2574, commits[8224e767-71c1-41fc-a01a-d172d48fd9d8:c2575, 6eae0c21-01aa-4169-956f-5952b26ea7ba:c2573, 8d7dcba1-3b82-4d94-a832-514ef5c79cf8:c2573]
2019-08-21 02:17:22,632 [grpc-default-executor-3] INFO  client.GrpcClientProtocolClient (GrpcClientProtocolClient.java:onNext(255)) - client-54CC064C3FCE->8224e767-71c1-41fc-a01a-d172d48fd9d8: receive RaftClientReply:client-54CC064C3FCE->8224e767-71c1-41fc-a01a-d172d48fd9d8@group-F6B37CC92441, cid=1784, SUCCESS, logIndex=2575, commits[8224e767-71c1-41fc-a01a-d172d48fd9d8:c2575, 6eae0c21-01aa-4169-956f-5952b26ea7ba:c2573, 8d7dcba1-3b82-4d94-a832-514ef5c79cf8:c2573]
2019-08-21 02:17:22,634 | INFO  | DNAudit | user=null | ip=null | op=WRITE_CHUNK {blockData=conID: 2 locID: 102652565426930185 bcsId: 2571} | ret=SUCCESS |  
2019-08-21 02:17:22,634 | INFO  | DNAudit | user=null | ip=null | op=WRITE_CHUNK {blockData=conID: 2 locID: 102652565426930185 bcsId: 2571} | ret=SUCCESS |  
2019-08-21 02:17:22,634 | INFO  | DNAudit | user=null | ip=null | op=PUT_BLOCK {blockData=[blockId=conID: 2 locID: 102652565426930185 bcsId: 0,size=4194304]} | ret=SUCCESS |  
2019-08-21 02:17:22,636 | INFO  | DNAudit | user=null | ip=null | op=PUT_BLOCK {blockData=[blockId=conID: 2 locID: 102652565426930185 bcsId: 0,size=4194304]} | ret=SUCCESS |  
2019-08-21 02:17:22,637 [grpc-default-executor-3] INFO  client.GrpcClientProtocolClient (GrpcClientProtocolClient.java:onNext(255)) - client-54CC064C3FCE->8224e767-71c1-41fc-a01a-d172d48fd9d8: receive RaftClientReply:client-54CC064C3FCE->8224e767-71c1-41fc-a01a-d172d48fd9d8@group-F6B37CC92441, cid=1785, SUCCESS, logIndex=0, commits[8224e767-71c1-41fc-a01a-d172d48fd9d8:c2577, 6eae0c21-01aa-4169-956f-5952b26ea7ba:c2575, 8d7dcba1-3b82-4d94-a832-514ef5c79cf8:c2575]
2019-08-21 02:17:22,642 | INFO  | SCMAudit | user=jenkins1000 | ip=192.168.34.10 | op=ALLOCATE_BLOCK {owner=b6f66289-f2a0-4058-b052-0a85e40df67b, size=4194304, type=RATIS, factor=THREE} | ret=SUCCESS |  
2019-08-21 02:17:22,645 | INFO  | OMAudit | user=jenkins1000 | ip=127.0.0.1 | op=ALLOCATE_BLOCK {volume=vol-0-90982, bucket=bucket-0-24269, key=key-0-81262, dataSize=0, replicationType=null, replicationFactor=null, keyLocationInfo=null, clientID=102652564580991378} | ret=SUCCESS |  
2019-08-21 02:17:22,652 | INFO  | DNAudit | user=null | ip=null | op=WRITE_CHUNK {blockData=conID: 3 locID: 102652565431386634 bcsId: 0} | ret=SUCCESS |  
2019-08-21 02:17:22,655 | INFO  | DNAudit | user=null | ip=null | op=WRITE_CHUNK {blockData=conID: 3 locID: 102652565431386634 bcsId: 0} | ret=SUCCESS |  
2019-08-21 02:17:22,655 | INFO  | DNAudit | user=null | ip=null | op=WRITE_CHUNK {blockData=conID: 3 locID: 102652565431386634 bcsId: 0} | ret=SUCCESS |  
2019-08-21 02:17:22,655 | INFO  | DNAudit | user=null | ip=null | op=WRITE_CHUNK {blockData=conID: 3 locID: 102652565431386634 bcsId: 0} | ret=SUCCESS |  
2019-08-21 02:17:22,658 | INFO  | DNAudit | user=null | ip=null | op=WRITE_CHUNK {blockData=conID: 3 locID: 102652565431386634 bcsId: 0} | ret=SUCCESS |  
2019-08-21 02:17:22,658 | INFO  | DNAudit | user=null | ip=null | op=WRITE_CHUNK {blockData=conID: 3 locID: 102652565431386634 bcsId: 0} | ret=SUCCESS |  
2019-08-21 02:17:22,694 | INFO  | DNAudit | user=null | ip=null | op=WRITE_CHUNK {blockData=conID: 3 locID: 102652565431386634 bcsId: 0} | ret=SUCCESS |  
2019-08-21 02:17:22,695 | INFO  | DNAudit | user=null | ip=null | op=PUT_BLOCK {blockData=[blockId=conID: 3 locID: 102652565431386634 bcsId: 0,size=1048576]} | ret=SUCCESS |  
2019-08-21 02:17:22,695 [grpc-default-executor-1] INFO  client.GrpcClientProtocolClient (GrpcClientProtocolClient.java:onNext(255)) - client-54CC064C3FCE->8224e767-71c1-41fc-a01a-d172d48fd9d8: receive RaftClientReply:client-54CC064C3FCE->8224e767-71c1-41fc-a01a-d172d48fd9d8@group-F6B37CC92441, cid=1786, SUCCESS, logIndex=2578, commits[8224e767-71c1-41fc-a01a-d172d48fd9d8:c2580, 6eae0c21-01aa-4169-956f-5952b26ea7ba:c2577, 8d7dcba1-3b82-4d94-a832-514ef5c79cf8:c2577]
2019-08-21 02:17:22,695 | INFO  | DNAudit | user=null | ip=null | op=WRITE_CHUNK {blockData=conID: 3 locID: 102652565431386634 bcsId: 0} | ret=SUCCESS |  
2019-08-21 02:17:22,695 | INFO  | DNAudit | user=null | ip=null | op=PUT_BLOCK {blockData=[blockId=conID: 3 locID: 102652565431386634 bcsId: 0,size=2097152]} | ret=SUCCESS |  
2019-08-21 02:17:22,695 [grpc-default-executor-1] INFO  client.GrpcClientProtocolClient (GrpcClientProtocolClient.java:onNext(255)) - client-54CC064C3FCE->8224e767-71c1-41fc-a01a-d172d48fd9d8: receive RaftClientReply:client-54CC064C3FCE->8224e767-71c1-41fc-a01a-d172d48fd9d8@group-F6B37CC92441, cid=1787, SUCCESS, logIndex=2579, commits[8224e767-71c1-41fc-a01a-d172d48fd9d8:c2581, 6eae0c21-01aa-4169-956f-5952b26ea7ba:c2577, 8d7dcba1-3b82-4d94-a832-514ef5c79cf8:c2577]
2019-08-21 02:17:22,696 [grpc-default-executor-1] INFO  client.GrpcClientProtocolClient (GrpcClientProtocolClient.java:onNext(255)) - client-54CC064C3FCE->8224e767-71c1-41fc-a01a-d172d48fd9d8: receive RaftClientReply:client-54CC064C3FCE->8224e767-71c1-41fc-a01a-d172d48fd9d8@group-F6B37CC92441, cid=1788, SUCCESS, logIndex=2580, commits[8224e767-71c1-41fc-a01a-d172d48fd9d8:c2581, 6eae0c21-01aa-4169-956f-5952b26ea7ba:c2577, 8d7dcba1-3b82-4d94-a832-514ef5c79cf8:c2577]
2019-08-21 02:17:22,696 [grpc-default-executor-1] INFO  client.GrpcClientProtocolClient (GrpcClientProtocolClient.java:onNext(255)) - client-54CC064C3FCE->8224e767-71c1-41fc-a01a-d172d48fd9d8: receive RaftClientReply:client-54CC064C3FCE->8224e767-71c1-41fc-a01a-d172d48fd9d8@group-F6B37CC92441, cid=1789, SUCCESS, logIndex=2581, commits[8224e767-71c1-41fc-a01a-d172d48fd9d8:c2581, 6eae0c21-01aa-4169-956f-5952b26ea7ba:c2577, 8d7dcba1-3b82-4d94-a832-514ef5c79cf8:c2577]
 0.00% |█                                                                                                    |  0/1 Time: 0:00:132019-08-21 02:17:22,702 | INFO  | SCMAudit | user=jenkins1000 | ip=192.168.34.10 | op=SEND_HEARTBEAT {datanodeUUID=94764dae-819c-4b7e-92f1-9cd6c64427b7, command=[]} | ret=SUCCESS |  
2019-08-21 02:17:22,702 | INFO  | SCMAudit | user=jenkins1000 | ip=192.168.34.10 | op=SEND_HEARTBEAT {datanodeUUID=3def7c30-cb13-4f41-8119-6188f246ad27, command=[]} | ret=SUCCESS |  
2019-08-21 02:17:22,717 | INFO  | DNAudit | user=null | ip=null | op=WRITE_CHUNK {blockData=conID: 3 locID: 102652565431386634 bcsId: 0} | ret=SUCCESS |  
2019-08-21 02:17:22,717 | INFO  | DNAudit | user=null | ip=null | op=WRITE_CHUNK {blockData=conID: 3 locID: 102652565431386634 bcsId: 0} | ret=SUCCESS |  
2019-08-21 02:17:22,728 | INFO  | DNAudit | user=null | ip=null | op=PUT_BLOCK {blockData=[blockId=conID: 3 locID: 102652565431386634 bcsId: 0,size=1048576]} | ret=SUCCESS |  
2019-08-21 02:17:22,728 | INFO  | DNAudit | user=null | ip=null | op=PUT_BLOCK {blockData=[blockId=conID: 3 locID: 102652565431386634 bcsId: 0,size=1048576]} | ret=SUCCESS |  
2019-08-21 02:17:22,728 | INFO  | DNAudit | user=null | ip=null | op=WRITE_CHUNK {blockData=conID: 3 locID: 102652565431386634 bcsId: 0} | ret=SUCCESS |  
2019-08-21 02:17:22,728 | INFO  | DNAudit | user=null | ip=null | op=PUT_BLOCK {blockData=[blockId=conID: 3 locID: 102652565431386634 bcsId: 0,size=2097152]} | ret=SUCCESS |  
2019-08-21 02:17:22,728 | INFO  | DNAudit | user=null | ip=null | op=WRITE_CHUNK {blockData=conID: 3 locID: 102652565431386634 bcsId: 0} | ret=SUCCESS |  
2019-08-21 02:17:22,729 | INFO  | DNAudit | user=null | ip=null | op=PUT_BLOCK {blockData=[blockId=conID: 3 locID: 102652565431386634 bcsId: 0,size=2097152]} | ret=SUCCESS |  
2019-08-21 02:17:22,729 [grpc-default-executor-3] INFO  client.GrpcClientProtocolClient (GrpcClientProtocolClient.java:onNext(255)) - client-54CC064C3FCE->8224e767-71c1-41fc-a01a-d172d48fd9d8: receive RaftClientReply:client-54CC064C3FCE->8224e767-71c1-41fc-a01a-d172d48fd9d8@group-F6B37CC92441, cid=1790, SUCCESS, logIndex=0, commits[8224e767-71c1-41fc-a01a-d172d48fd9d8:c2583, 6eae0c21-01aa-4169-956f-5952b26ea7ba:c2579, 8d7dcba1-3b82-4d94-a832-514ef5c79cf8:c2579]
2019-08-21 02:17:22,737 | INFO  | DNAudit | user=null | ip=null | op=WRITE_CHUNK {blockData=conID: 3 locID: 102652565431386634 bcsId: 2581} | ret=SUCCESS |  
2019-08-21 02:17:22,739 | INFO  | DNAudit | user=null | ip=null | op=WRITE_CHUNK {blockData=conID: 3 locID: 102652565431386634 bcsId: 2581} | ret=SUCCESS |  
2019-08-21 02:17:22,740 | INFO  | DNAudit | user=null | ip=null | op=WRITE_CHUNK {blockData=conID: 3 locID: 102652565431386634 bcsId: 2581} | ret=SUCCESS |  
2019-08-21 02:17:22,750 | INFO  | DNAudit | user=null | ip=null | op=WRITE_CHUNK {blockData=conID: 3 locID: 102652565431386634 bcsId: 2581} | ret=SUCCESS |  
2019-08-21 02:17:22,751 | INFO  | DNAudit | user=null | ip=null | op=PUT_BLOCK {blockData=[blockId=conID: 3 locID: 102652565431386634 bcsId: 0,size=3145728]} | ret=SUCCESS |  
2019-08-21 02:17:22,751 [grpc-default-executor-1] INFO  client.GrpcClientProtocolClient (GrpcClientProtocolClient.java:onNext(255)) - client-54CC064C3FCE->8224e767-71c1-41fc-a01a-d172d48fd9d8: receive RaftClientReply:client-54CC064C3FCE->8224e767-71c1-41fc-a01a-d172d48fd9d8@group-F6B37CC92441, cid=1791, SUCCESS, logIndex=2586, commits[8224e767-71c1-41fc-a01a-d172d48fd9d8:c2587, 6eae0c21-01aa-4169-956f-5952b26ea7ba:c2585, 8d7dcba1-3b82-4d94-a832-514ef5c79cf8:c2585]
2019-08-21 02:17:22,751 [grpc-default-executor-1] INFO  client.GrpcClientProtocolClient (GrpcClientProtocolClient.java:onNext(255)) - client-54CC064C3FCE->8224e767-71c1-41fc-a01a-d172d48fd9d8: receive RaftClientReply:client-54CC064C3FCE->8224e767-71c1-41fc-a01a-d172d48fd9d8@group-F6B37CC92441, cid=1792, SUCCESS, logIndex=2587, commits[8224e767-71c1-41fc-a01a-d172d48fd9d8:c2587, 6eae0c21-01aa-4169-956f-5952b26ea7ba:c2585, 8d7dcba1-3b82-4d94-a832-514ef5c79cf8:c2585]
2019-08-21 02:17:22,760 | INFO  | DNAudit | user=null | ip=null | op=WRITE_CHUNK {blockData=conID: 3 locID: 102652565431386634 bcsId: 2587} | ret=SUCCESS |  
2019-08-21 02:17:22,762 | INFO  | DNAudit | user=null | ip=null | op=WRITE_CHUNK {blockData=conID: 3 locID: 102652565431386634 bcsId: 2587} | ret=SUCCESS |  
2019-08-21 02:17:22,762 | INFO  | DNAudit | user=null | ip=null | op=WRITE_CHUNK {blockData=conID: 3 locID: 102652565431386634 bcsId: 2587} | ret=SUCCESS |  
2019-08-21 02:17:22,764 | INFO  | DNAudit | user=null | ip=null | op=WRITE_CHUNK {blockData=conID: 3 locID: 102652565431386634 bcsId: 2581} | ret=SUCCESS |  
2019-08-21 02:17:22,764 | INFO  | DNAudit | user=null | ip=null | op=WRITE_CHUNK {blockData=conID: 3 locID: 102652565431386634 bcsId: 2581} | ret=SUCCESS |  
2019-08-21 02:17:22,767 | INFO  | DNAudit | user=null | ip=null | op=PUT_BLOCK {blockData=[blockId=conID: 3 locID: 102652565431386634 bcsId: 0,size=3145728]} | ret=SUCCESS |  
2019-08-21 02:17:22,767 | INFO  | DNAudit | user=null | ip=null | op=PUT_BLOCK {blockData=[blockId=conID: 3 locID: 102652565431386634 bcsId: 0,size=3145728]} | ret=SUCCESS |  
2019-08-21 02:17:22,767 | INFO  | DNAudit | user=null | ip=null | op=WRITE_CHUNK {blockData=conID: 3 locID: 102652565431386634 bcsId: 2587} | ret=SUCCESS |  
2019-08-21 02:17:22,768 | INFO  | DNAudit | user=null | ip=null | op=PUT_BLOCK {blockData=[blockId=conID: 3 locID: 102652565431386634 bcsId: 0,size=4194304]} | ret=SUCCESS |  
2019-08-21 02:17:22,768 [grpc-default-executor-1] INFO  client.GrpcClientProtocolClient (GrpcClientProtocolClient.java:onNext(255)) - client-54CC064C3FCE->8224e767-71c1-41fc-a01a-d172d48fd9d8: receive RaftClientReply:client-54CC064C3FCE->8224e767-71c1-41fc-a01a-d172d48fd9d8@group-F6B37CC92441, cid=1793, SUCCESS, logIndex=2590, commits[8224e767-71c1-41fc-a01a-d172d48fd9d8:c2591, 6eae0c21-01aa-4169-956f-5952b26ea7ba:c2587, 8d7dcba1-3b82-4d94-a832-514ef5c79cf8:c2587]
2019-08-21 02:17:22,769 [grpc-default-executor-1] INFO  client.GrpcClientProtocolClient (GrpcClientProtocolClient.java:onNext(255)) - client-54CC064C3FCE->8224e767-71c1-41fc-a01a-d172d48fd9d8: receive RaftClientReply:client-54CC064C3FCE->8224e767-71c1-41fc-a01a-d172d48fd9d8@group-F6B37CC92441, cid=1794, SUCCESS, logIndex=2591, commits[8224e767-71c1-41fc-a01a-d172d48fd9d8:c2591, 6eae0c21-01aa-4169-956f-5952b26ea7ba:c2587, 8d7dcba1-3b82-4d94-a832-514ef5c79cf8:c2587]
2019-08-21 02:17:22,779 | INFO  | DNAudit | user=null | ip=null | op=WRITE_CHUNK {blockData=conID: 3 locID: 102652565431386634 bcsId: 2587} | ret=SUCCESS |  
2019-08-21 02:17:22,779 | INFO  | DNAudit | user=null | ip=null | op=WRITE_CHUNK {blockData=conID: 3 locID: 102652565431386634 bcsId: 2587} | ret=SUCCESS |  
2019-08-21 02:17:22,780 | INFO  | DNAudit | user=null | ip=null | op=PUT_BLOCK {blockData=[blockId=conID: 3 locID: 102652565431386634 bcsId: 0,size=4194304]} | ret=SUCCESS |  
2019-08-21 02:17:22,780 | INFO  | DNAudit | user=null | ip=null | op=PUT_BLOCK {blockData=[blockId=conID: 3 locID: 102652565431386634 bcsId: 0,size=4194304]} | ret=SUCCESS |  
2019-08-21 02:17:22,781 [grpc-default-executor-0] INFO  client.GrpcClientProtocolClient (GrpcClientProtocolClient.java:onNext(255)) - client-54CC064C3FCE->8224e767-71c1-41fc-a01a-d172d48fd9d8: receive RaftClientReply:client-54CC064C3FCE->8224e767-71c1-41fc-a01a-d172d48fd9d8@group-F6B37CC92441, cid=1795, SUCCESS, logIndex=0, commits[8224e767-71c1-41fc-a01a-d172d48fd9d8:c2592, 6eae0c21-01aa-4169-956f-5952b26ea7ba:c2591, 8d7dcba1-3b82-4d94-a832-514ef5c79cf8:c2591]
2019-08-21 02:17:22,786 | INFO  | SCMAudit | user=jenkins1000 | ip=192.168.34.10 | op=ALLOCATE_BLOCK {owner=b6f66289-f2a0-4058-b052-0a85e40df67b, size=4194304, type=RATIS, factor=THREE} | ret=SUCCESS |  
2019-08-21 02:17:22,789 | INFO  | OMAudit | user=jenkins1000 | ip=127.0.0.1 | op=ALLOCATE_BLOCK {volume=vol-0-90982, bucket=bucket-0-24269, key=key-0-81262, dataSize=0, replicationType=null, replicationFactor=null, keyLocationInfo=null, clientID=102652564580991378} | ret=SUCCESS |  
2019-08-21 02:17:22,797 | INFO  | DNAudit | user=null | ip=null | op=WRITE_CHUNK {blockData=conID: 1 locID: 102652565440823819 bcsId: 0} | ret=SUCCESS |  
2019-08-21 02:17:22,800 | INFO  | DNAudit | user=null | ip=null | op=WRITE_CHUNK {blockData=conID: 1 locID: 102652565440823819 bcsId: 0} | ret=SUCCESS |  
2019-08-21 02:17:22,800 | INFO  | DNAudit | user=null | ip=null | op=WRITE_CHUNK {blockData=conID: 1 locID: 102652565440823819 bcsId: 0} | ret=SUCCESS |  
2019-08-21 02:17:22,800 | INFO  | DNAudit | user=null | ip=null | op=WRITE_CHUNK {blockData=conID: 1 locID: 102652565440823819 bcsId: 0} | ret=SUCCESS |  
2019-08-21 02:17:22,801 | INFO  | DNAudit | user=null | ip=null | op=WRITE_CHUNK {blockData=conID: 1 locID: 102652565440823819 bcsId: 0} | ret=SUCCESS |  
2019-08-21 02:17:22,802 | INFO  | DNAudit | user=null | ip=null | op=WRITE_CHUNK {blockData=conID: 1 locID: 102652565440823819 bcsId: 0} | ret=SUCCESS |  
2019-08-21 02:17:22,810 | INFO  | DNAudit | user=null | ip=null | op=WRITE_CHUNK {blockData=conID: 1 locID: 102652565440823819 bcsId: 0} | ret=SUCCESS |  
2019-08-21 02:17:22,810 | INFO  | DNAudit | user=null | ip=null | op=PUT_BLOCK {blockData=[blockId=conID: 1 locID: 102652565440823819 bcsId: 0,size=1048576]} | ret=SUCCESS |  
2019-08-21 02:17:22,810 [grpc-default-executor-1] INFO  client.GrpcClientProtocolClient (GrpcClientProtocolClient.java:onNext(255)) - client-54CC064C3FCE->8224e767-71c1-41fc-a01a-d172d48fd9d8: receive RaftClientReply:client-54CC064C3FCE->8224e767-71c1-41fc-a01a-d172d48fd9d8@group-F6B37CC92441, cid=1796, SUCCESS, logIndex=2594, commits[8224e767-71c1-41fc-a01a-d172d48fd9d8:c2597, 6eae0c21-01aa-4169-956f-5952b26ea7ba:c2593, 8d7dcba1-3b82-4d94-a832-514ef5c79cf8:c2593]
2019-08-21 02:17:22,810 | INFO  | DNAudit | user=null | ip=null | op=WRITE_CHUNK {blockData=conID: 1 locID: 102652565440823819 bcsId: 0} | ret=SUCCESS |  
2019-08-21 02:17:22,811 [grpc-default-executor-1] INFO  client.GrpcClientProtocolClient (GrpcClientProtocolClient.java:onNext(255)) - client-54CC064C3FCE->8224e767-71c1-41fc-a01a-d172d48fd9d8: receive RaftClientReply:client-54CC064C3FCE->8224e767-71c1-41fc-a01a-d172d48fd9d8@group-F6B37CC92441, cid=1797, SUCCESS, logIndex=2595, commits[8224e767-71c1-41fc-a01a-d172d48fd9d8:c2597, 6eae0c21-01aa-4169-956f-5952b26ea7ba:c2593, 8d7dcba1-3b82-4d94-a832-514ef5c79cf8:c2593]
2019-08-21 02:17:22,811 | INFO  | DNAudit | user=null | ip=null | op=PUT_BLOCK {blockData=[blockId=conID: 1 locID: 102652565440823819 bcsId: 0,size=2097152]} | ret=SUCCESS |  
2019-08-21 02:17:22,811 | INFO  | DNAudit | user=null | ip=null | op=WRITE_CHUNK {blockData=conID: 1 locID: 102652565440823819 bcsId: 0} | ret=SUCCESS |  
2019-08-21 02:17:22,811 [grpc-default-executor-1] INFO  client.GrpcClientProtocolClient (GrpcClientProtocolClient.java:onNext(255)) - client-54CC064C3FCE->8224e767-71c1-41fc-a01a-d172d48fd9d8: receive RaftClientReply:client-54CC064C3FCE->8224e767-71c1-41fc-a01a-d172d48fd9d8@group-F6B37CC92441, cid=1798, SUCCESS, logIndex=2596, commits[8224e767-71c1-41fc-a01a-d172d48fd9d8:c2597, 6eae0c21-01aa-4169-956f-5952b26ea7ba:c2593, 8d7dcba1-3b82-4d94-a832-514ef5c79cf8:c2593]
2019-08-21 02:17:22,811 | INFO  | DNAudit | user=null | ip=null | op=PUT_BLOCK {blockData=[blockId=conID: 1 locID: 102652565440823819 bcsId: 0,size=1048576]} | ret=SUCCESS |  
2019-08-21 02:17:22,811 | INFO  | DNAudit | user=null | ip=null | op=WRITE_CHUNK {blockData=conID: 1 locID: 102652565440823819 bcsId: 0} | ret=SUCCESS |  
2019-08-21 02:17:22,811 [grpc-default-executor-1] INFO  client.GrpcClientProtocolClient (GrpcClientProtocolClient.java:onNext(255)) - client-54CC064C3FCE->8224e767-71c1-41fc-a01a-d172d48fd9d8: receive RaftClientReply:client-54CC064C3FCE->8224e767-71c1-41fc-a01a-d172d48fd9d8@group-F6B37CC92441, cid=1799, SUCCESS, logIndex=2597, commits[8224e767-71c1-41fc-a01a-d172d48fd9d8:c2598, 6eae0c21-01aa-4169-956f-5952b26ea7ba:c2595, 8d7dcba1-3b82-4d94-a832-514ef5c79cf8:c2593]
2019-08-21 02:17:22,812 | INFO  | DNAudit | user=null | ip=null | op=PUT_BLOCK {blockData=[blockId=conID: 1 locID: 102652565440823819 bcsId: 0,size=1048576]} | ret=SUCCESS |  
2019-08-21 02:17:22,812 | INFO  | DNAudit | user=null | ip=null | op=WRITE_CHUNK {blockData=conID: 1 locID: 102652565440823819 bcsId: 0} | ret=SUCCESS |  
2019-08-21 02:17:22,813 | INFO  | DNAudit | user=null | ip=null | op=PUT_BLOCK {blockData=[blockId=conID: 1 locID: 102652565440823819 bcsId: 0,size=2097152]} | ret=SUCCESS |  
2019-08-21 02:17:22,813 [grpc-default-executor-0] INFO  client.GrpcClientProtocolClient (GrpcClientProtocolClient.java:onNext(255)) - client-54CC064C3FCE->8224e767-71c1-41fc-a01a-d172d48fd9d8: receive RaftClientReply:client-54CC064C3FCE->8224e767-71c1-41fc-a01a-d172d48fd9d8@group-F6B37CC92441, cid=1800, SUCCESS, logIndex=0, commits[8224e767-71c1-41fc-a01a-d172d48fd9d8:c2598, 6eae0c21-01aa-4169-956f-5952b26ea7ba:c2595, 8d7dcba1-3b82-4d94-a832-514ef5c79cf8:c2595]
2019-08-21 02:17:22,813 | INFO  | DNAudit | user=null | ip=null | op=WRITE_CHUNK {blockData=conID: 1 locID: 102652565440823819 bcsId: 0} | ret=SUCCESS |  
2019-08-21 02:17:22,814 | INFO  | DNAudit | user=null | ip=null | op=PUT_BLOCK {blockData=[blockId=conID: 1 locID: 102652565440823819 bcsId: 0,size=2097152]} | ret=SUCCESS |  
2019-08-21 02:17:22,821 | INFO  | DNAudit | user=null | ip=null | op=WRITE_CHUNK {blockData=conID: 1 locID: 102652565440823819 bcsId: 2597} | ret=SUCCESS |  
2019-08-21 02:17:22,823 | INFO  | DNAudit | user=null | ip=null | op=WRITE_CHUNK {blockData=conID: 1 locID: 102652565440823819 bcsId: 2597} | ret=SUCCESS |  
2019-08-21 02:17:22,824 | INFO  | DNAudit | user=null | ip=null | op=WRITE_CHUNK {blockData=conID: 1 locID: 102652565440823819 bcsId: 2597} | ret=SUCCESS |  
2019-08-21 02:17:22,833 | INFO  | DNAudit | user=null | ip=null | op=WRITE_CHUNK {blockData=conID: 1 locID: 102652565440823819 bcsId: 2597} | ret=SUCCESS |  
2019-08-21 02:17:22,834 | INFO  | DNAudit | user=null | ip=null | op=PUT_BLOCK {blockData=[blockId=conID: 1 locID: 102652565440823819 bcsId: 0,size=3145728]} | ret=SUCCESS |  
2019-08-21 02:17:22,834 [grpc-default-executor-1] INFO  client.GrpcClientProtocolClient (GrpcClientProtocolClient.java:onNext(255)) - client-54CC064C3FCE->8224e767-71c1-41fc-a01a-d172d48fd9d8: receive RaftClientReply:client-54CC064C3FCE->8224e767-71c1-41fc-a01a-d172d48fd9d8@group-F6B37CC92441, cid=1801, SUCCESS, logIndex=2602, commits[8224e767-71c1-41fc-a01a-d172d48fd9d8:c2603, 6eae0c21-01aa-4169-956f-5952b26ea7ba:c2601, 8d7dcba1-3b82-4d94-a832-514ef5c79cf8:c2601]
2019-08-21 02:17:22,834 [grpc-default-executor-1] INFO  client.GrpcClientProtocolClient (GrpcClientProtocolClient.java:onNext(255)) - client-54CC064C3FCE->8224e767-71c1-41fc-a01a-d172d48fd9d8: receive RaftClientReply:client-54CC064C3FCE->8224e767-71c1-41fc-a01a-d172d48fd9d8@group-F6B37CC92441, cid=1802, SUCCESS, logIndex=2603, commits[8224e767-71c1-41fc-a01a-d172d48fd9d8:c2603, 6eae0c21-01aa-4169-956f-5952b26ea7ba:c2601, 8d7dcba1-3b82-4d94-a832-514ef5c79cf8:c2601]
2019-08-21 02:17:22,841 | INFO  | DNAudit | user=null | ip=null | op=WRITE_CHUNK {blockData=conID: 1 locID: 102652565440823819 bcsId: 2603} | ret=SUCCESS |  
2019-08-21 02:17:22,843 | INFO  | DNAudit | user=null | ip=null | op=WRITE_CHUNK {blockData=conID: 1 locID: 102652565440823819 bcsId: 2603} | ret=SUCCESS |  
2019-08-21 02:17:22,844 | INFO  | DNAudit | user=null | ip=null | op=WRITE_CHUNK {blockData=conID: 1 locID: 102652565440823819 bcsId: 2603} | ret=SUCCESS |  
2019-08-21 02:17:22,845 | INFO  | DNAudit | user=null | ip=null | op=WRITE_CHUNK {blockData=conID: 1 locID: 102652565440823819 bcsId: 2597} | ret=SUCCESS |  
2019-08-21 02:17:22,845 | INFO  | DNAudit | user=null | ip=null | op=WRITE_CHUNK {blockData=conID: 1 locID: 102652565440823819 bcsId: 2597} | ret=SUCCESS |  
2019-08-21 02:17:22,846 | INFO  | DNAudit | user=null | ip=null | op=PUT_BLOCK {blockData=[blockId=conID: 1 locID: 102652565440823819 bcsId: 0,size=3145728]} | ret=SUCCESS |  
2019-08-21 02:17:22,846 | INFO  | DNAudit | user=null | ip=null | op=PUT_BLOCK {blockData=[blockId=conID: 1 locID: 102652565440823819 bcsId: 0,size=3145728]} | ret=SUCCESS |  
2019-08-21 02:17:22,847 | INFO  | DNAudit | user=null | ip=null | op=WRITE_CHUNK {blockData=conID: 1 locID: 102652565440823819 bcsId: 2603} | ret=SUCCESS |  
2019-08-21 02:17:22,847 | INFO  | DNAudit | user=null | ip=null | op=PUT_BLOCK {blockData=[blockId=conID: 1 locID: 102652565440823819 bcsId: 0,size=4194304]} | ret=SUCCESS |  
2019-08-21 02:17:22,847 [grpc-default-executor-0] INFO  client.GrpcClientProtocolClient (GrpcClientProtocolClient.java:onNext(255)) - client-54CC064C3FCE->8224e767-71c1-41fc-a01a-d172d48fd9d8: receive RaftClientReply:client-54CC064C3FCE->8224e767-71c1-41fc-a01a-d172d48fd9d8@group-F6B37CC92441, cid=1803, SUCCESS, logIndex=2606, commits[8224e767-71c1-41fc-a01a-d172d48fd9d8:c2607, 6eae0c21-01aa-4169-956f-5952b26ea7ba:c2603, 8d7dcba1-3b82-4d94-a832-514ef5c79cf8:c2603]
2019-08-21 02:17:22,847 [grpc-default-executor-0] INFO  client.GrpcClientProtocolClient (GrpcClientProtocolClient.java:onNext(255)) - client-54CC064C3FCE->8224e767-71c1-41fc-a01a-d172d48fd9d8: receive RaftClientReply:client-54CC064C3FCE->8224e767-71c1-41fc-a01a-d172d48fd9d8@group-F6B37CC92441, cid=1804, SUCCESS, logIndex=2607, commits[8224e767-71c1-41fc-a01a-d172d48fd9d8:c2607, 6eae0c21-01aa-4169-956f-5952b26ea7ba:c2603, 8d7dcba1-3b82-4d94-a832-514ef5c79cf8:c2603]
2019-08-21 02:17:22,858 | INFO  | DNAudit | user=null | ip=null | op=WRITE_CHUNK {blockData=conID: 1 locID: 102652565440823819 bcsId: 2603} | ret=SUCCESS |  
2019-08-21 02:17:22,858 | INFO  | DNAudit | user=null | ip=null | op=WRITE_CHUNK {blockData=conID: 1 locID: 102652565440823819 bcsId: 2603} | ret=SUCCESS |  
2019-08-21 02:17:22,859 | INFO  | DNAudit | user=null | ip=null | op=PUT_BLOCK {blockData=[blockId=conID: 1 locID: 102652565440823819 bcsId: 0,size=4194304]} | ret=SUCCESS |  
2019-08-21 02:17:22,859 | INFO  | DNAudit | user=null | ip=null | op=PUT_BLOCK {blockData=[blockId=conID: 1 locID: 102652565440823819 bcsId: 0,size=4194304]} | ret=SUCCESS |  
2019-08-21 02:17:22,859 [grpc-default-executor-0] INFO  client.GrpcClientProtocolClient (GrpcClientProtocolClient.java:onNext(255)) - client-54CC064C3FCE->8224e767-71c1-41fc-a01a-d172d48fd9d8: receive RaftClientReply:client-54CC064C3FCE->8224e767-71c1-41fc-a01a-d172d48fd9d8@group-F6B37CC92441, cid=1805, SUCCESS, logIndex=0, commits[8224e767-71c1-41fc-a01a-d172d48fd9d8:c2608, 6eae0c21-01aa-4169-956f-5952b26ea7ba:c2607, 8d7dcba1-3b82-4d94-a832-514ef5c79cf8:c2607]
2019-08-21 02:17:22,864 | INFO  | SCMAudit | user=jenkins1000 | ip=192.168.34.10 | op=ALLOCATE_BLOCK {owner=b6f66289-f2a0-4058-b052-0a85e40df67b, size=4194304, type=RATIS, factor=THREE} | ret=SUCCESS |  
2019-08-21 02:17:22,867 | INFO  | OMAudit | user=jenkins1000 | ip=127.0.0.1 | op=ALLOCATE_BLOCK {volume=vol-0-90982, bucket=bucket-0-24269, key=key-0-81262, dataSize=0, replicationType=null, replicationFactor=null, keyLocationInfo=null, clientID=102652564580991378} | ret=SUCCESS |  
2019-08-21 02:17:22,875 | INFO  | DNAudit | user=null | ip=null | op=WRITE_CHUNK {blockData=conID: 2 locID: 102652565445935628 bcsId: 0} | ret=SUCCESS |  
2019-08-21 02:17:22,987 | INFO  | DNAudit | user=null | ip=null | op=WRITE_CHUNK {blockData=conID: 2 locID: 102652565445935628 bcsId: 0} | ret=SUCCESS |  
2019-08-21 02:17:22,988 | INFO  | DNAudit | user=null | ip=null | op=WRITE_CHUNK {blockData=conID: 2 locID: 102652565445935628 bcsId: 0} | ret=SUCCESS |  
2019-08-21 02:17:22,988 | INFO  | DNAudit | user=null | ip=null | op=WRITE_CHUNK {blockData=conID: 2 locID: 102652565445935628 bcsId: 0} | ret=SUCCESS |  
2019-08-21 02:17:22,989 | INFO  | DNAudit | user=null | ip=null | op=WRITE_CHUNK {blockData=conID: 2 locID: 102652565445935628 bcsId: 0} | ret=SUCCESS |  
2019-08-21 02:17:22,990 | INFO  | DNAudit | user=null | ip=null | op=WRITE_CHUNK {blockData=conID: 2 locID: 102652565445935628 bcsId: 0} | ret=SUCCESS |  
2019-08-21 02:17:22,994 | INFO  | DNAudit | user=null | ip=null | op=WRITE_CHUNK {blockData=conID: 2 locID: 102652565445935628 bcsId: 0} | ret=SUCCESS |  
2019-08-21 02:17:22,994 | INFO  | DNAudit | user=null | ip=null | op=PUT_BLOCK {blockData=[blockId=conID: 2 locID: 102652565445935628 bcsId: 0,size=1048576]} | ret=SUCCESS |  
2019-08-21 02:17:22,994 [grpc-default-executor-1] INFO  client.GrpcClientProtocolClient (GrpcClientProtocolClient.java:onNext(255)) - client-54CC064C3FCE->8224e767-71c1-41fc-a01a-d172d48fd9d8: receive RaftClientReply:client-54CC064C3FCE->8224e767-71c1-41fc-a01a-d172d48fd9d8@group-F6B37CC92441, cid=1806, SUCCESS, logIndex=2610, commits[8224e767-71c1-41fc-a01a-d172d48fd9d8:c2612, 6eae0c21-01aa-4169-956f-5952b26ea7ba:c2609, 8d7dcba1-3b82-4d94-a832-514ef5c79cf8:c2609]
2019-08-21 02:17:22,995 | INFO  | DNAudit | user=null | ip=null | op=WRITE_CHUNK {blockData=conID: 2 locID: 102652565445935628 bcsId: 0} | ret=SUCCESS |  
2019-08-21 02:17:22,995 | INFO  | DNAudit | user=null | ip=null | op=WRITE_CHUNK {blockData=conID: 2 locID: 102652565445935628 bcsId: 0} | ret=SUCCESS |  
2019-08-21 02:17:22,995 [grpc-default-executor-1] INFO  client.GrpcClientProtocolClient (GrpcClientProtocolClient.java:onNext(255)) - client-54CC064C3FCE->8224e767-71c1-41fc-a01a-d172d48fd9d8: receive RaftClientReply:client-54CC064C3FCE->8224e767-71c1-41fc-a01a-d172d48fd9d8@group-F6B37CC92441, cid=1807, SUCCESS, logIndex=2611, commits[8224e767-71c1-41fc-a01a-d172d48fd9d8:c2613, 6eae0c21-01aa-4169-956f-5952b26ea7ba:c2609, 8d7dcba1-3b82-4d94-a832-514ef5c79cf8:c2609]
2019-08-21 02:17:22,995 | INFO  | DNAudit | user=null | ip=null | op=PUT_BLOCK {blockData=[blockId=conID: 2 locID: 102652565445935628 bcsId: 0,size=2097152]} | ret=SUCCESS |  
2019-08-21 02:17:22,995 | INFO  | DNAudit | user=null | ip=null | op=PUT_BLOCK {blockData=[blockId=conID: 2 locID: 102652565445935628 bcsId: 0,size=1048576]} | ret=SUCCESS |  
2019-08-21 02:17:22,996 | INFO  | DNAudit | user=null | ip=null | op=WRITE_CHUNK {blockData=conID: 2 locID: 102652565445935628 bcsId: 0} | ret=SUCCESS |  
2019-08-21 02:17:22,996 [grpc-default-executor-1] INFO  client.GrpcClientProtocolClient (GrpcClientProtocolClient.java:onNext(255)) - client-54CC064C3FCE->8224e767-71c1-41fc-a01a-d172d48fd9d8: receive RaftClientReply:client-54CC064C3FCE->8224e767-71c1-41fc-a01a-d172d48fd9d8@group-F6B37CC92441, cid=1808, SUCCESS, logIndex=2612, commits[8224e767-71c1-41fc-a01a-d172d48fd9d8:c2613, 6eae0c21-01aa-4169-956f-5952b26ea7ba:c2609, 8d7dcba1-3b82-4d94-a832-514ef5c79cf8:c2609]
2019-08-21 02:17:22,996 | INFO  | DNAudit | user=null | ip=null | op=WRITE_CHUNK {blockData=conID: 2 locID: 102652565445935628 bcsId: 0} | ret=SUCCESS |  
2019-08-21 02:17:22,996 | INFO  | DNAudit | user=null | ip=null | op=PUT_BLOCK {blockData=[blockId=conID: 2 locID: 102652565445935628 bcsId: 0,size=1048576]} | ret=SUCCESS |  
2019-08-21 02:17:22,996 | INFO  | DNAudit | user=null | ip=null | op=WRITE_CHUNK {blockData=conID: 2 locID: 102652565445935628 bcsId: 0} | ret=SUCCESS |  
2019-08-21 02:17:22,996 | INFO  | DNAudit | user=null | ip=null | op=PUT_BLOCK {blockData=[blockId=conID: 2 locID: 102652565445935628 bcsId: 0,size=2097152]} | ret=SUCCESS |  
2019-08-21 02:17:22,996 [grpc-default-executor-3] INFO  client.GrpcClientProtocolClient (GrpcClientProtocolClient.java:onNext(255)) - client-54CC064C3FCE->8224e767-71c1-41fc-a01a-d172d48fd9d8: receive RaftClientReply:client-54CC064C3FCE->8224e767-71c1-41fc-a01a-d172d48fd9d8@group-F6B37CC92441, cid=1809, SUCCESS, logIndex=2613, commits[8224e767-71c1-41fc-a01a-d172d48fd9d8:c2615, 6eae0c21-01aa-4169-956f-5952b26ea7ba:c2609, 8d7dcba1-3b82-4d94-a832-514ef5c79cf8:c2612]
2019-08-21 02:17:22,997 | INFO  | DNAudit | user=null | ip=null | op=PUT_BLOCK {blockData=[blockId=conID: 2 locID: 102652565445935628 bcsId: 0,size=2097152]} | ret=SUCCESS |  
2019-08-21 02:17:22,997 [grpc-default-executor-3] INFO  client.GrpcClientProtocolClient (GrpcClientProtocolClient.java:onNext(255)) - client-54CC064C3FCE->8224e767-71c1-41fc-a01a-d172d48fd9d8: receive RaftClientReply:client-54CC064C3FCE->8224e767-71c1-41fc-a01a-d172d48fd9d8@group-F6B37CC92441, cid=1810, SUCCESS, logIndex=0, commits[8224e767-71c1-41fc-a01a-d172d48fd9d8:c2616, 6eae0c21-01aa-4169-956f-5952b26ea7ba:c2612, 8d7dcba1-3b82-4d94-a832-514ef5c79cf8:c2613]
2019-08-21 02:17:23,005 | INFO  | DNAudit | user=null | ip=null | op=WRITE_CHUNK {blockData=conID: 2 locID: 102652565445935628 bcsId: 2613} | ret=SUCCESS |  
2019-08-21 02:17:23,008 | INFO  | DNAudit | user=null | ip=null | op=WRITE_CHUNK {blockData=conID: 2 locID: 102652565445935628 bcsId: 2613} | ret=SUCCESS |  
2019-08-21 02:17:23,008 | INFO  | DNAudit | user=null | ip=null | op=WRITE_CHUNK {blockData=conID: 2 locID: 102652565445935628 bcsId: 2613} | ret=SUCCESS |  
2019-08-21 02:17:23,018 | INFO  | DNAudit | user=null | ip=null | op=WRITE_CHUNK {blockData=conID: 2 locID: 102652565445935628 bcsId: 2613} | ret=SUCCESS |  
2019-08-21 02:17:23,018 | INFO  | DNAudit | user=null | ip=null | op=PUT_BLOCK {blockData=[blockId=conID: 2 locID: 102652565445935628 bcsId: 0,size=3145728]} | ret=SUCCESS |  
2019-08-21 02:17:23,018 [grpc-default-executor-1] INFO  client.GrpcClientProtocolClient (GrpcClientProtocolClient.java:onNext(255)) - client-54CC064C3FCE->8224e767-71c1-41fc-a01a-d172d48fd9d8: receive RaftClientReply:client-54CC064C3FCE->8224e767-71c1-41fc-a01a-d172d48fd9d8@group-F6B37CC92441, cid=1811, SUCCESS, logIndex=2617, commits[8224e767-71c1-41fc-a01a-d172d48fd9d8:c2618, 6eae0c21-01aa-4169-956f-5952b26ea7ba:c2616, 8d7dcba1-3b82-4d94-a832-514ef5c79cf8:c2616]
2019-08-21 02:17:23,019 [grpc-default-executor-1] INFO  client.GrpcClientProtocolClient (GrpcClientProtocolClient.java:onNext(255)) - client-54CC064C3FCE->8224e767-71c1-41fc-a01a-d172d48fd9d8: receive RaftClientReply:client-54CC064C3FCE->8224e767-71c1-41fc-a01a-d172d48fd9d8@group-F6B37CC92441, cid=1812, SUCCESS, logIndex=2618, commits[8224e767-71c1-41fc-a01a-d172d48fd9d8:c2618, 6eae0c21-01aa-4169-956f-5952b26ea7ba:c2616, 8d7dcba1-3b82-4d94-a832-514ef5c79cf8:c2616]
2019-08-21 02:17:23,026 | INFO  | DNAudit | user=null | ip=null | op=WRITE_CHUNK {blockData=conID: 2 locID: 102652565445935628 bcsId: 2618} | ret=SUCCESS |  
2019-08-21 02:17:23,029 | INFO  | DNAudit | user=null | ip=null | op=WRITE_CHUNK {blockData=conID: 2 locID: 102652565445935628 bcsId: 2618} | ret=SUCCESS |  
2019-08-21 02:17:23,029 | INFO  | DNAudit | user=null | ip=null | op=WRITE_CHUNK {blockData=conID: 2 locID: 102652565445935628 bcsId: 2613} | ret=SUCCESS |  
2019-08-21 02:17:23,029 | INFO  | DNAudit | user=null | ip=null | op=WRITE_CHUNK {blockData=conID: 2 locID: 102652565445935628 bcsId: 2613} | ret=SUCCESS |  
2019-08-21 02:17:23,029 | INFO  | DNAudit | user=null | ip=null | op=WRITE_CHUNK {blockData=conID: 2 locID: 102652565445935628 bcsId: 2618} | ret=SUCCESS |  
2019-08-21 02:17:23,030 | INFO  | DNAudit | user=null | ip=null | op=PUT_BLOCK {blockData=[blockId=conID: 2 locID: 102652565445935628 bcsId: 0,size=3145728]} | ret=SUCCESS |  
2019-08-21 02:17:23,031 | INFO  | DNAudit | user=null | ip=null | op=PUT_BLOCK {blockData=[blockId=conID: 2 locID: 102652565445935628 bcsId: 0,size=3145728]} | ret=SUCCESS |  
2019-08-21 02:17:23,031 | INFO  | DNAudit | user=null | ip=null | op=WRITE_CHUNK {blockData=conID: 2 locID: 102652565445935628 bcsId: 2618} | ret=SUCCESS |  
2019-08-21 02:17:23,032 | INFO  | DNAudit | user=null | ip=null | op=PUT_BLOCK {blockData=[blockId=conID: 2 locID: 102652565445935628 bcsId: 0,size=4194304]} | ret=SUCCESS |  
2019-08-21 02:17:23,032 [grpc-default-executor-0] INFO  client.GrpcClientProtocolClient (GrpcClientProtocolClient.java:onNext(255)) - client-54CC064C3FCE->8224e767-71c1-41fc-a01a-d172d48fd9d8: receive RaftClientReply:client-54CC064C3FCE->8224e767-71c1-41fc-a01a-d172d48fd9d8@group-F6B37CC92441, cid=1813, SUCCESS, logIndex=2621, commits[8224e767-71c1-41fc-a01a-d172d48fd9d8:c2622, 6eae0c21-01aa-4169-956f-5952b26ea7ba:c2618, 8d7dcba1-3b82-4d94-a832-514ef5c79cf8:c2617]
2019-08-21 02:17:23,032 [grpc-default-executor-0] INFO  client.GrpcClientProtocolClient (GrpcClientProtocolClient.java:onNext(255)) - client-54CC064C3FCE->8224e767-71c1-41fc-a01a-d172d48fd9d8: receive RaftClientReply:client-54CC064C3FCE->8224e767-71c1-41fc-a01a-d172d48fd9d8@group-F6B37CC92441, cid=1814, SUCCESS, logIndex=2622, commits[8224e767-71c1-41fc-a01a-d172d48fd9d8:c2622, 6eae0c21-01aa-4169-956f-5952b26ea7ba:c2618, 8d7dcba1-3b82-4d94-a832-514ef5c79cf8:c2618]
2019-08-21 02:17:23,032 | INFO  | DNAudit | user=null | ip=null | op=WRITE_CHUNK {blockData=conID: 2 locID: 102652565445935628 bcsId: 2618} | ret=SUCCESS |  
2019-08-21 02:17:23,033 | INFO  | DNAudit | user=null | ip=null | op=PUT_BLOCK {blockData=[blockId=conID: 2 locID: 102652565445935628 bcsId: 0,size=4194304]} | ret=SUCCESS |  
2019-08-21 02:17:23,033 | INFO  | DNAudit | user=null | ip=null | op=WRITE_CHUNK {blockData=conID: 2 locID: 102652565445935628 bcsId: 2618} | ret=SUCCESS |  
2019-08-21 02:17:23,033 | INFO  | DNAudit | user=null | ip=null | op=PUT_BLOCK {blockData=[blockId=conID: 2 locID: 102652565445935628 bcsId: 0,size=4194304]} | ret=SUCCESS |  
2019-08-21 02:17:23,034 [grpc-default-executor-0] INFO  client.GrpcClientProtocolClient (GrpcClientProtocolClient.java:onNext(255)) - client-54CC064C3FCE->8224e767-71c1-41fc-a01a-d172d48fd9d8: receive RaftClientReply:client-54CC064C3FCE->8224e767-71c1-41fc-a01a-d172d48fd9d8@group-F6B37CC92441, cid=1815, SUCCESS, logIndex=0, commits[8224e767-71c1-41fc-a01a-d172d48fd9d8:c2623, 6eae0c21-01aa-4169-956f-5952b26ea7ba:c2622, 8d7dcba1-3b82-4d94-a832-514ef5c79cf8:c2622]
2019-08-21 02:17:23,038 | INFO  | SCMAudit | user=jenkins1000 | ip=192.168.34.10 | op=ALLOCATE_BLOCK {owner=b6f66289-f2a0-4058-b052-0a85e40df67b, size=4194304, type=RATIS, factor=THREE} | ret=SUCCESS |  
2019-08-21 02:17:23,041 | INFO  | OMAudit | user=jenkins1000 | ip=127.0.0.1 | op=ALLOCATE_BLOCK {volume=vol-0-90982, bucket=bucket-0-24269, key=key-0-81262, dataSize=0, replicationType=null, replicationFactor=null, keyLocationInfo=null, clientID=102652564580991378} | ret=SUCCESS |  
2019-08-21 02:17:23,048 | INFO  | DNAudit | user=null | ip=null | op=WRITE_CHUNK {blockData=conID: 3 locID: 102652565457338893 bcsId: 0} | ret=SUCCESS |  
2019-08-21 02:17:23,051 | INFO  | DNAudit | user=null | ip=null | op=WRITE_CHUNK {blockData=conID: 3 locID: 102652565457338893 bcsId: 0} | ret=SUCCESS |  
2019-08-21 02:17:23,052 | INFO  | DNAudit | user=null | ip=null | op=WRITE_CHUNK {blockData=conID: 3 locID: 102652565457338893 bcsId: 0} | ret=SUCCESS |  
2019-08-21 02:17:23,052 | INFO  | DNAudit | user=null | ip=null | op=WRITE_CHUNK {blockData=conID: 3 locID: 102652565457338893 bcsId: 0} | ret=SUCCESS |  
2019-08-21 02:17:23,054 | INFO  | DNAudit | user=null | ip=null | op=WRITE_CHUNK {blockData=conID: 3 locID: 102652565457338893 bcsId: 0} | ret=SUCCESS |  
2019-08-21 02:17:23,054 | INFO  | DNAudit | user=null | ip=null | op=WRITE_CHUNK {blockData=conID: 3 locID: 102652565457338893 bcsId: 0} | ret=SUCCESS |  
2019-08-21 02:17:23,061 | INFO  | DNAudit | user=null | ip=null | op=WRITE_CHUNK {blockData=conID: 3 locID: 102652565457338893 bcsId: 0} | ret=SUCCESS |  
2019-08-21 02:17:23,061 | INFO  | DNAudit | user=null | ip=null | op=PUT_BLOCK {blockData=[blockId=conID: 3 locID: 102652565457338893 bcsId: 0,size=1048576]} | ret=SUCCESS |  
2019-08-21 02:17:23,061 [grpc-default-executor-0] INFO  client.GrpcClientProtocolClient (GrpcClientProtocolClient.java:onNext(255)) - client-54CC064C3FCE->8224e767-71c1-41fc-a01a-d172d48fd9d8: receive RaftClientReply:client-54CC064C3FCE->8224e767-71c1-41fc-a01a-d172d48fd9d8@group-F6B37CC92441, cid=1816, SUCCESS, logIndex=2625, commits[8224e767-71c1-41fc-a01a-d172d48fd9d8:c2626, 6eae0c21-01aa-4169-956f-5952b26ea7ba:c2624, 8d7dcba1-3b82-4d94-a832-514ef5c79cf8:c2624]
2019-08-21 02:17:23,062 | INFO  | DNAudit | user=null | ip=null | op=WRITE_CHUNK {blockData=conID: 3 locID: 102652565457338893 bcsId: 0} | ret=SUCCESS |  
2019-08-21 02:17:23,062 [grpc-default-executor-0] INFO  client.GrpcClientProtocolClient (GrpcClientProtocolClient.java:onNext(255)) - client-54CC064C3FCE->8224e767-71c1-41fc-a01a-d172d48fd9d8: receive RaftClientReply:client-54CC064C3FCE->8224e767-71c1-41fc-a01a-d172d48fd9d8@group-F6B37CC92441, cid=1817, SUCCESS, logIndex=2626, commits[8224e767-71c1-41fc-a01a-d172d48fd9d8:c2628, 6eae0c21-01aa-4169-956f-5952b26ea7ba:c2624, 8d7dcba1-3b82-4d94-a832-514ef5c79cf8:c2624]
2019-08-21 02:17:23,063 | INFO  | DNAudit | user=null | ip=null | op=PUT_BLOCK {blockData=[blockId=conID: 3 locID: 102652565457338893 bcsId: 0,size=2097152]} | ret=SUCCESS |  
2019-08-21 02:17:23,063 | INFO  | DNAudit | user=null | ip=null | op=WRITE_CHUNK {blockData=conID: 3 locID: 102652565457338893 bcsId: 0} | ret=SUCCESS |  
2019-08-21 02:17:23,063 [grpc-default-executor-1] INFO  client.GrpcClientProtocolClient (GrpcClientProtocolClient.java:onNext(255)) - client-54CC064C3FCE->8224e767-71c1-41fc-a01a-d172d48fd9d8: receive RaftClientReply:client-54CC064C3FCE->8224e767-71c1-41fc-a01a-d172d48fd9d8@group-F6B37CC92441, cid=1818, SUCCESS, logIndex=2627, commits[8224e767-71c1-41fc-a01a-d172d48fd9d8:c2628, 6eae0c21-01aa-4169-956f-5952b26ea7ba:c2624, 8d7dcba1-3b82-4d94-a832-514ef5c79cf8:c2624]
2019-08-21 02:17:23,063 | INFO  | DNAudit | user=null | ip=null | op=PUT_BLOCK {blockData=[blockId=conID: 3 locID: 102652565457338893 bcsId: 0,size=1048576]} | ret=SUCCESS |  
2019-08-21 02:17:23,063 [grpc-default-executor-0] INFO  client.GrpcClientProtocolClient (GrpcClientProtocolClient.java:onNext(255)) - client-54CC064C3FCE->8224e767-71c1-41fc-a01a-d172d48fd9d8: receive RaftClientReply:client-54CC064C3FCE->8224e767-71c1-41fc-a01a-d172d48fd9d8@group-F6B37CC92441, cid=1819, SUCCESS, logIndex=2628, commits[8224e767-71c1-41fc-a01a-d172d48fd9d8:c2629, 6eae0c21-01aa-4169-956f-5952b26ea7ba:c2625, 8d7dcba1-3b82-4d94-a832-514ef5c79cf8:c2624]
2019-08-21 02:17:23,064 | INFO  | DNAudit | user=null | ip=null | op=WRITE_CHUNK {blockData=conID: 3 locID: 102652565457338893 bcsId: 0} | ret=SUCCESS |  
2019-08-21 02:17:23,064 | INFO  | DNAudit | user=null | ip=null | op=PUT_BLOCK {blockData=[blockId=conID: 3 locID: 102652565457338893 bcsId: 0,size=1048576]} | ret=SUCCESS |  
2019-08-21 02:17:23,064 | INFO  | DNAudit | user=null | ip=null | op=WRITE_CHUNK {blockData=conID: 3 locID: 102652565457338893 bcsId: 0} | ret=SUCCESS |  
2019-08-21 02:17:23,065 | INFO  | DNAudit | user=null | ip=null | op=WRITE_CHUNK {blockData=conID: 3 locID: 102652565457338893 bcsId: 0} | ret=SUCCESS |  
2019-08-21 02:17:23,065 | INFO  | DNAudit | user=null | ip=null | op=PUT_BLOCK {blockData=[blockId=conID: 3 locID: 102652565457338893 bcsId: 0,size=2097152]} | ret=SUCCESS |  
2019-08-21 02:17:23,065 [grpc-default-executor-1] INFO  client.GrpcClientProtocolClient (GrpcClientProtocolClient.java:onNext(255)) - client-54CC064C3FCE->8224e767-71c1-41fc-a01a-d172d48fd9d8: receive RaftClientReply:client-54CC064C3FCE->8224e767-71c1-41fc-a01a-d172d48fd9d8@group-F6B37CC92441, cid=1820, SUCCESS, logIndex=0, commits[8224e767-71c1-41fc-a01a-d172d48fd9d8:c2630, 6eae0c21-01aa-4169-956f-5952b26ea7ba:c2626, 8d7dcba1-3b82-4d94-a832-514ef5c79cf8:c2626]
2019-08-21 02:17:23,065 | INFO  | DNAudit | user=null | ip=null | op=PUT_BLOCK {blockData=[blockId=conID: 3 locID: 102652565457338893 bcsId: 0,size=2097152]} | ret=SUCCESS |  
2019-08-21 02:17:23,073 | INFO  | DNAudit | user=null | ip=null | op=WRITE_CHUNK {blockData=conID: 3 locID: 102652565457338893 bcsId: 2628} | ret=SUCCESS |  
2019-08-21 02:17:23,075 | INFO  | DNAudit | user=null | ip=null | op=WRITE_CHUNK {blockData=conID: 3 locID: 102652565457338893 bcsId: 2628} | ret=SUCCESS |  
2019-08-21 02:17:23,075 | INFO  | DNAudit | user=null | ip=null | op=WRITE_CHUNK {blockData=conID: 3 locID: 102652565457338893 bcsId: 2628} | ret=SUCCESS |  
2019-08-21 02:17:23,086 | INFO  | DNAudit | user=null | ip=null | op=WRITE_CHUNK {blockData=conID: 3 locID: 102652565457338893 bcsId: 2628} | ret=SUCCESS |  
2019-08-21 02:17:23,086 | INFO  | DNAudit | user=null | ip=null | op=PUT_BLOCK {blockData=[blockId=conID: 3 locID: 102652565457338893 bcsId: 0,size=3145728]} | ret=SUCCESS |  
2019-08-21 02:17:23,086 [grpc-default-executor-1] INFO  client.GrpcClientProtocolClient (GrpcClientProtocolClient.java:onNext(255)) - client-54CC064C3FCE->8224e767-71c1-41fc-a01a-d172d48fd9d8: receive RaftClientReply:client-54CC064C3FCE->8224e767-71c1-41fc-a01a-d172d48fd9d8@group-F6B37CC92441, cid=1821, SUCCESS, logIndex=2633, commits[8224e767-71c1-41fc-a01a-d172d48fd9d8:c2634, 6eae0c21-01aa-4169-956f-5952b26ea7ba:c2632, 8d7dcba1-3b82-4d94-a832-514ef5c79cf8:c2632]
2019-08-21 02:17:23,087 [grpc-default-executor-1] INFO  client.GrpcClientProtocolClient (GrpcClientProtocolClient.java:onNext(255)) - client-54CC064C3FCE->8224e767-71c1-41fc-a01a-d172d48fd9d8: receive RaftClientReply:client-54CC064C3FCE->8224e767-71c1-41fc-a01a-d172d48fd9d8@group-F6B37CC92441, cid=1822, SUCCESS, logIndex=2634, commits[8224e767-71c1-41fc-a01a-d172d48fd9d8:c2634, 6eae0c21-01aa-4169-956f-5952b26ea7ba:c2632, 8d7dcba1-3b82-4d94-a832-514ef5c79cf8:c2632]
2019-08-21 02:17:23,094 | INFO  | DNAudit | user=null | ip=null | op=WRITE_CHUNK {blockData=conID: 3 locID: 102652565457338893 bcsId: 2634} | ret=SUCCESS |  
2019-08-21 02:17:23,097 | INFO  | DNAudit | user=null | ip=null | op=WRITE_CHUNK {blockData=conID: 3 locID: 102652565457338893 bcsId: 2634} | ret=SUCCESS |  
2019-08-21 02:17:23,097 | INFO  | DNAudit | user=null | ip=null | op=WRITE_CHUNK {blockData=conID: 3 locID: 102652565457338893 bcsId: 2634} | ret=SUCCESS |  
2019-08-21 02:17:23,097 | INFO  | DNAudit | user=null | ip=null | op=WRITE_CHUNK {blockData=conID: 3 locID: 102652565457338893 bcsId: 2628} | ret=SUCCESS |  
2019-08-21 02:17:23,097 | INFO  | DNAudit | user=null | ip=null | op=WRITE_CHUNK {blockData=conID: 3 locID: 102652565457338893 bcsId: 2628} | ret=SUCCESS |  
2019-08-21 02:17:23,098 | INFO  | DNAudit | user=null | ip=null | op=PUT_BLOCK {blockData=[blockId=conID: 3 locID: 102652565457338893 bcsId: 0,size=3145728]} | ret=SUCCESS |  
2019-08-21 02:17:23,099 | INFO  | DNAudit | user=null | ip=null | op=WRITE_CHUNK {blockData=conID: 3 locID: 102652565457338893 bcsId: 2634} | ret=SUCCESS |  
2019-08-21 02:17:23,099 | INFO  | DNAudit | user=null | ip=null | op=PUT_BLOCK {blockData=[blockId=conID: 3 locID: 102652565457338893 bcsId: 0,size=3145728]} | ret=SUCCESS |  
2019-08-21 02:17:23,099 | INFO  | DNAudit | user=null | ip=null | op=PUT_BLOCK {blockData=[blockId=conID: 3 locID: 102652565457338893 bcsId: 0,size=4194304]} | ret=SUCCESS |  
2019-08-21 02:17:23,099 [grpc-default-executor-1] INFO  client.GrpcClientProtocolClient (GrpcClientProtocolClient.java:onNext(255)) - client-54CC064C3FCE->8224e767-71c1-41fc-a01a-d172d48fd9d8: receive RaftClientReply:client-54CC064C3FCE->8224e767-71c1-41fc-a01a-d172d48fd9d8@group-F6B37CC92441, cid=1823, SUCCESS, logIndex=2637, commits[8224e767-71c1-41fc-a01a-d172d48fd9d8:c2638, 6eae0c21-01aa-4169-956f-5952b26ea7ba:c2634, 8d7dcba1-3b82-4d94-a832-514ef5c79cf8:c2634]
2019-08-21 02:17:23,100 [grpc-default-executor-1] INFO  client.GrpcClientProtocolClient (GrpcClientProtocolClient.java:onNext(255)) - client-54CC064C3FCE->8224e767-71c1-41fc-a01a-d172d48fd9d8: receive RaftClientReply:client-54CC064C3FCE->8224e767-71c1-41fc-a01a-d172d48fd9d8@group-F6B37CC92441, cid=1824, SUCCESS, logIndex=2638, commits[8224e767-71c1-41fc-a01a-d172d48fd9d8:c2638, 6eae0c21-01aa-4169-956f-5952b26ea7ba:c2634, 8d7dcba1-3b82-4d94-a832-514ef5c79cf8:c2634]
2019-08-21 02:17:23,100 | INFO  | DNAudit | user=null | ip=null | op=WRITE_CHUNK {blockData=conID: 3 locID: 102652565457338893 bcsId: 2634} | ret=SUCCESS |  
2019-08-21 02:17:23,100 | INFO  | DNAudit | user=null | ip=null | op=PUT_BLOCK {blockData=[blockId=conID: 3 locID: 102652565457338893 bcsId: 0,size=4194304]} | ret=SUCCESS |  
2019-08-21 02:17:23,101 | INFO  | DNAudit | user=null | ip=null | op=WRITE_CHUNK {blockData=conID: 3 locID: 102652565457338893 bcsId: 2634} | ret=SUCCESS |  
2019-08-21 02:17:23,101 | INFO  | DNAudit | user=null | ip=null | op=PUT_BLOCK {blockData=[blockId=conID: 3 locID: 102652565457338893 bcsId: 0,size=4194304]} | ret=SUCCESS |  
2019-08-21 02:17:23,101 [grpc-default-executor-3] INFO  client.GrpcClientProtocolClient (GrpcClientProtocolClient.java:onNext(255)) - client-54CC064C3FCE->8224e767-71c1-41fc-a01a-d172d48fd9d8: receive RaftClientReply:client-54CC064C3FCE->8224e767-71c1-41fc-a01a-d172d48fd9d8@group-F6B37CC92441, cid=1825, SUCCESS, logIndex=0, commits[8224e767-71c1-41fc-a01a-d172d48fd9d8:c2639, 6eae0c21-01aa-4169-956f-5952b26ea7ba:c2638, 8d7dcba1-3b82-4d94-a832-514ef5c79cf8:c2638]
2019-08-21 02:17:23,104 | INFO  | SCMAudit | user=jenkins1000 | ip=192.168.34.10 | op=SEND_HEARTBEAT {datanodeUUID=8d7dcba1-3b82-4d94-a832-514ef5c79cf8, command=[]} | ret=SUCCESS |  
2019-08-21 02:17:23,104 | INFO  | SCMAudit | user=jenkins1000 | ip=192.168.34.10 | op=SEND_HEARTBEAT {datanodeUUID=6eae0c21-01aa-4169-956f-5952b26ea7ba, command=[]} | ret=SUCCESS |  
2019-08-21 02:17:23,105 | INFO  | SCMAudit | user=jenkins1000 | ip=192.168.34.10 | op=ALLOCATE_BLOCK {owner=b6f66289-f2a0-4058-b052-0a85e40df67b, size=4194304, type=RATIS, factor=THREE} | ret=SUCCESS |  
2019-08-21 02:17:23,106 | INFO  | SCMAudit | user=jenkins1000 | ip=192.168.34.10 | op=SEND_HEARTBEAT {datanodeUUID=8224e767-71c1-41fc-a01a-d172d48fd9d8, command=[]} | ret=SUCCESS |  
2019-08-21 02:17:23,107 | INFO  | OMAudit | user=jenkins1000 | ip=127.0.0.1 | op=ALLOCATE_BLOCK {volume=vol-0-90982, bucket=bucket-0-24269, key=key-0-81262, dataSize=0, replicationType=null, replicationFactor=null, keyLocationInfo=null, clientID=102652564580991378} | ret=SUCCESS |  
2019-08-21 02:17:23,114 | INFO  | DNAudit | user=null | ip=null | op=WRITE_CHUNK {blockData=conID: 1 locID: 102652565461729806 bcsId: 0} | ret=SUCCESS |  
2019-08-21 02:17:23,116 | INFO  | DNAudit | user=null | ip=null | op=WRITE_CHUNK {blockData=conID: 1 locID: 102652565461729806 bcsId: 0} | ret=SUCCESS |  
2019-08-21 02:17:23,118 | INFO  | DNAudit | user=null | ip=null | op=WRITE_CHUNK {blockData=conID: 1 locID: 102652565461729806 bcsId: 0} | ret=SUCCESS |  
2019-08-21 02:17:23,118 | INFO  | DNAudit | user=null | ip=null | op=WRITE_CHUNK {blockData=conID: 1 locID: 102652565461729806 bcsId: 0} | ret=SUCCESS |  
2019-08-21 02:17:23,120 | INFO  | DNAudit | user=null | ip=null | op=WRITE_CHUNK {blockData=conID: 1 locID: 102652565461729806 bcsId: 0} | ret=SUCCESS |  
2019-08-21 02:17:23,121 | INFO  | DNAudit | user=null | ip=null | op=WRITE_CHUNK {blockData=conID: 1 locID: 102652565461729806 bcsId: 0} | ret=SUCCESS |  
2019-08-21 02:17:23,127 | INFO  | DNAudit | user=null | ip=null | op=WRITE_CHUNK {blockData=conID: 1 locID: 102652565461729806 bcsId: 0} | ret=SUCCESS |  
2019-08-21 02:17:23,127 | INFO  | DNAudit | user=null | ip=null | op=PUT_BLOCK {blockData=[blockId=conID: 1 locID: 102652565461729806 bcsId: 0,size=1048576]} | ret=SUCCESS |  
2019-08-21 02:17:23,128 [grpc-default-executor-3] INFO  client.GrpcClientProtocolClient (GrpcClientProtocolClient.java:onNext(255)) - client-54CC064C3FCE->8224e767-71c1-41fc-a01a-d172d48fd9d8: receive RaftClientReply:client-54CC064C3FCE->8224e767-71c1-41fc-a01a-d172d48fd9d8@group-F6B37CC92441, cid=1826, SUCCESS, logIndex=2641, commits[8224e767-71c1-41fc-a01a-d172d48fd9d8:c2642, 6eae0c21-01aa-4169-956f-5952b26ea7ba:c2640, 8d7dcba1-3b82-4d94-a832-514ef5c79cf8:c2640]
2019-08-21 02:17:23,128 | INFO  | DNAudit | user=null | ip=null | op=WRITE_CHUNK {blockData=conID: 1 locID: 102652565461729806 bcsId: 0} | ret=SUCCESS |  
2019-08-21 02:17:23,128 [grpc-default-executor-3] INFO  client.GrpcClientProtocolClient (GrpcClientProtocolClient.java:onNext(255)) - client-54CC064C3FCE->8224e767-71c1-41fc-a01a-d172d48fd9d8: receive RaftClientReply:client-54CC064C3FCE->8224e767-71c1-41fc-a01a-d172d48fd9d8@group-F6B37CC92441, cid=1827, SUCCESS, logIndex=2642, commits[8224e767-71c1-41fc-a01a-d172d48fd9d8:c2642, 6eae0c21-01aa-4169-956f-5952b26ea7ba:c2640, 8d7dcba1-3b82-4d94-a832-514ef5c79cf8:c2640]
2019-08-21 02:17:23,128 | INFO  | DNAudit | user=null | ip=null | op=PUT_BLOCK {blockData=[blockId=conID: 1 locID: 102652565461729806 bcsId: 0,size=2097152]} | ret=SUCCESS |  
2019-08-21 02:17:23,129 [grpc-default-executor-3] INFO  client.GrpcClientProtocolClient (GrpcClientProtocolClient.java:onNext(255)) - client-54CC064C3FCE->8224e767-71c1-41fc-a01a-d172d48fd9d8: receive RaftClientReply:client-54CC064C3FCE->8224e767-71c1-41fc-a01a-d172d48fd9d8@group-F6B37CC92441, cid=1828, SUCCESS, logIndex=2643, commits[8224e767-71c1-41fc-a01a-d172d48fd9d8:c2644, 6eae0c21-01aa-4169-956f-5952b26ea7ba:c2640, 8d7dcba1-3b82-4d94-a832-514ef5c79cf8:c2640]
2019-08-21 02:17:23,129 [grpc-default-executor-3] INFO  client.GrpcClientProtocolClient (GrpcClientProtocolClient.java:onNext(255)) - client-54CC064C3FCE->8224e767-71c1-41fc-a01a-d172d48fd9d8: receive RaftClientReply:client-54CC064C3FCE->8224e767-71c1-41fc-a01a-d172d48fd9d8@group-F6B37CC92441, cid=1829, SUCCESS, logIndex=2644, commits[8224e767-71c1-41fc-a01a-d172d48fd9d8:c2644, 6eae0c21-01aa-4169-956f-5952b26ea7ba:c2640, 8d7dcba1-3b82-4d94-a832-514ef5c79cf8:c2640]
2019-08-21 02:17:23,140 | INFO  | DNAudit | user=null | ip=null | op=WRITE_CHUNK {blockData=conID: 1 locID: 102652565461729806 bcsId: 0} | ret=SUCCESS |  
2019-08-21 02:17:23,141 | INFO  | DNAudit | user=null | ip=null | op=PUT_BLOCK {blockData=[blockId=conID: 1 locID: 102652565461729806 bcsId: 0,size=1048576]} | ret=SUCCESS |  
2019-08-21 02:17:23,141 | INFO  | DNAudit | user=null | ip=null | op=WRITE_CHUNK {blockData=conID: 1 locID: 102652565461729806 bcsId: 0} | ret=SUCCESS |  
2019-08-21 02:17:23,141 | INFO  | DNAudit | user=null | ip=null | op=PUT_BLOCK {blockData=[blockId=conID: 1 locID: 102652565461729806 bcsId: 0,size=1048576]} | ret=SUCCESS |  
2019-08-21 02:17:23,141 [grpc-default-executor-3] INFO  client.GrpcClientProtocolClient (GrpcClientProtocolClient.java:onNext(255)) - client-54CC064C3FCE->8224e767-71c1-41fc-a01a-d172d48fd9d8: receive RaftClientReply:client-54CC064C3FCE->8224e767-71c1-41fc-a01a-d172d48fd9d8@group-F6B37CC92441, cid=1830, SUCCESS, logIndex=0, commits[8224e767-71c1-41fc-a01a-d172d48fd9d8:c2646, 6eae0c21-01aa-4169-956f-5952b26ea7ba:c2642, 8d7dcba1-3b82-4d94-a832-514ef5c79cf8:c2642]
2019-08-21 02:17:23,141 | INFO  | DNAudit | user=null | ip=null | op=WRITE_CHUNK {blockData=conID: 1 locID: 102652565461729806 bcsId: 0} | ret=SUCCESS |  
2019-08-21 02:17:23,142 | INFO  | DNAudit | user=null | ip=null | op=WRITE_CHUNK {blockData=conID: 1 locID: 102652565461729806 bcsId: 0} | ret=SUCCESS |  
2019-08-21 02:17:23,142 | INFO  | DNAudit | user=null | ip=null | op=PUT_BLOCK {blockData=[blockId=conID: 1 locID: 102652565461729806 bcsId: 0,size=2097152]} | ret=SUCCESS |  
2019-08-21 02:17:23,142 | INFO  | DNAudit | user=null | ip=null | op=PUT_BLOCK {blockData=[blockId=conID: 1 locID: 102652565461729806 bcsId: 0,size=2097152]} | ret=SUCCESS |  
2019-08-21 02:17:23,147 | INFO  | DNAudit | user=null | ip=null | op=WRITE_CHUNK {blockData=conID: 1 locID: 102652565461729806 bcsId: 2644} | ret=SUCCESS |  
2019-08-21 02:17:23,149 | INFO  | DNAudit | user=null | ip=null | op=WRITE_CHUNK {blockData=conID: 1 locID: 102652565461729806 bcsId: 2644} | ret=SUCCESS |  
2019-08-21 02:17:23,150 | INFO  | DNAudit | user=null | ip=null | op=WRITE_CHUNK {blockData=conID: 1 locID: 102652565461729806 bcsId: 2644} | ret=SUCCESS |  
2019-08-21 02:17:23,160 | INFO  | DNAudit | user=null | ip=null | op=WRITE_CHUNK {blockData=conID: 1 locID: 102652565461729806 bcsId: 2644} | ret=SUCCESS |  
2019-08-21 02:17:23,160 | INFO  | DNAudit | user=null | ip=null | op=PUT_BLOCK {blockData=[blockId=conID: 1 locID: 102652565461729806 bcsId: 0,size=3145728]} | ret=SUCCESS |  
2019-08-21 02:17:23,160 [grpc-default-executor-0] INFO  client.GrpcClientProtocolClient (GrpcClientProtocolClient.java:onNext(255)) - client-54CC064C3FCE->8224e767-71c1-41fc-a01a-d172d48fd9d8: receive RaftClientReply:client-54CC064C3FCE->8224e767-71c1-41fc-a01a-d172d48fd9d8@group-F6B37CC92441, cid=1831, SUCCESS, logIndex=2649, commits[8224e767-71c1-41fc-a01a-d172d48fd9d8:c2650, 6eae0c21-01aa-4169-956f-5952b26ea7ba:c2648, 8d7dcba1-3b82-4d94-a832-514ef5c79cf8:c2648]
2019-08-21 02:17:23,161 [grpc-default-executor-0] INFO  client.GrpcClientProtocolClient (GrpcClientProtocolClient.java:onNext(255)) - client-54CC064C3FCE->8224e767-71c1-41fc-a01a-d172d48fd9d8: receive RaftClientReply:client-54CC064C3FCE->8224e767-71c1-41fc-a01a-d172d48fd9d8@group-F6B37CC92441, cid=1832, SUCCESS, logIndex=2650, commits[8224e767-71c1-41fc-a01a-d172d48fd9d8:c2650, 6eae0c21-01aa-4169-956f-5952b26ea7ba:c2648, 8d7dcba1-3b82-4d94-a832-514ef5c79cf8:c2648]
2019-08-21 02:17:23,167 | INFO  | DNAudit | user=null | ip=null | op=WRITE_CHUNK {blockData=conID: 1 locID: 102652565461729806 bcsId: 2650} | ret=SUCCESS |  
2019-08-21 02:17:23,169 | INFO  | DNAudit | user=null | ip=null | op=WRITE_CHUNK {blockData=conID: 1 locID: 102652565461729806 bcsId: 2650} | ret=SUCCESS |  
2019-08-21 02:17:23,169 | INFO  | DNAudit | user=null | ip=null | op=WRITE_CHUNK {blockData=conID: 1 locID: 102652565461729806 bcsId: 2650} | ret=SUCCESS |  
2019-08-21 02:17:23,171 | INFO  | DNAudit | user=null | ip=null | op=WRITE_CHUNK {blockData=conID: 1 locID: 102652565461729806 bcsId: 2644} | ret=SUCCESS |  
2019-08-21 02:17:23,171 | INFO  | DNAudit | user=null | ip=null | op=WRITE_CHUNK {blockData=conID: 1 locID: 102652565461729806 bcsId: 2644} | ret=SUCCESS |  
2019-08-21 02:17:23,174 | INFO  | DNAudit | user=null | ip=null | op=PUT_BLOCK {blockData=[blockId=conID: 1 locID: 102652565461729806 bcsId: 0,size=3145728]} | ret=SUCCESS |  
2019-08-21 02:17:23,174 | INFO  | DNAudit | user=null | ip=null | op=PUT_BLOCK {blockData=[blockId=conID: 1 locID: 102652565461729806 bcsId: 0,size=3145728]} | ret=SUCCESS |  
2019-08-21 02:17:23,175 | INFO  | DNAudit | user=null | ip=null | op=WRITE_CHUNK {blockData=conID: 1 locID: 102652565461729806 bcsId: 2650} | ret=SUCCESS |  
2019-08-21 02:17:23,175 | INFO  | DNAudit | user=null | ip=null | op=PUT_BLOCK {blockData=[blockId=conID: 1 locID: 102652565461729806 bcsId: 0,size=4194304]} | ret=SUCCESS |  
2019-08-21 02:17:23,175 [grpc-default-executor-0] INFO  client.GrpcClientProtocolClient (GrpcClientProtocolClient.java:onNext(255)) - client-54CC064C3FCE->8224e767-71c1-41fc-a01a-d172d48fd9d8: receive RaftClientReply:client-54CC064C3FCE->8224e767-71c1-41fc-a01a-d172d48fd9d8@group-F6B37CC92441, cid=1833, SUCCESS, logIndex=2653, commits[8224e767-71c1-41fc-a01a-d172d48fd9d8:c2654, 6eae0c21-01aa-4169-956f-5952b26ea7ba:c2650, 8d7dcba1-3b82-4d94-a832-514ef5c79cf8:c2650]
2019-08-21 02:17:23,176 [grpc-default-executor-0] INFO  client.GrpcClientProtocolClient (GrpcClientProtocolClient.java:onNext(255)) - client-54CC064C3FCE->8224e767-71c1-41fc-a01a-d172d48fd9d8: receive RaftClientReply:client-54CC064C3FCE->8224e767-71c1-41fc-a01a-d172d48fd9d8@group-F6B37CC92441, cid=1834, SUCCESS, logIndex=2654, commits[8224e767-71c1-41fc-a01a-d172d48fd9d8:c2654, 6eae0c21-01aa-4169-956f-5952b26ea7ba:c2650, 8d7dcba1-3b82-4d94-a832-514ef5c79cf8:c2650]
2019-08-21 02:17:23,186 | INFO  | DNAudit | user=null | ip=null | op=WRITE_CHUNK {blockData=conID: 1 locID: 102652565461729806 bcsId: 2650} | ret=SUCCESS |  
2019-08-21 02:17:23,186 | INFO  | DNAudit | user=null | ip=null | op=WRITE_CHUNK {blockData=conID: 1 locID: 102652565461729806 bcsId: 2650} | ret=SUCCESS |  
2019-08-21 02:17:23,189 | INFO  | DNAudit | user=null | ip=null | op=PUT_BLOCK {blockData=[blockId=conID: 1 locID: 102652565461729806 bcsId: 0,size=4194304]} | ret=SUCCESS |  
2019-08-21 02:17:23,189 | INFO  | DNAudit | user=null | ip=null | op=PUT_BLOCK {blockData=[blockId=conID: 1 locID: 102652565461729806 bcsId: 0,size=4194304]} | ret=SUCCESS |  
2019-08-21 02:17:23,190 [grpc-default-executor-0] INFO  client.GrpcClientProtocolClient (GrpcClientProtocolClient.java:onNext(255)) - client-54CC064C3FCE->8224e767-71c1-41fc-a01a-d172d48fd9d8: receive RaftClientReply:client-54CC064C3FCE->8224e767-71c1-41fc-a01a-d172d48fd9d8@group-F6B37CC92441, cid=1835, SUCCESS, logIndex=0, commits[8224e767-71c1-41fc-a01a-d172d48fd9d8:c2656, 6eae0c21-01aa-4169-956f-5952b26ea7ba:c2654, 8d7dcba1-3b82-4d94-a832-514ef5c79cf8:c2654]
2019-08-21 02:17:23,201 | INFO  | SCMAudit | user=jenkins1000 | ip=192.168.34.10 | op=ALLOCATE_BLOCK {owner=b6f66289-f2a0-4058-b052-0a85e40df67b, size=4194304, type=RATIS, factor=THREE} | ret=SUCCESS |  
2019-08-21 02:17:23,203 | INFO  | OMAudit | user=jenkins1000 | ip=127.0.0.1 | op=ALLOCATE_BLOCK {volume=vol-0-90982, bucket=bucket-0-24269, key=key-0-81262, dataSize=0, replicationType=null, replicationFactor=null, keyLocationInfo=null, clientID=102652564580991378} | ret=SUCCESS |  
2019-08-21 02:17:23,211 | INFO  | DNAudit | user=null | ip=null | op=WRITE_CHUNK {blockData=conID: 2 locID: 102652565468021263 bcsId: 0} | ret=SUCCESS |  
2019-08-21 02:17:23,212 | INFO  | DNAudit | user=null | ip=null | op=WRITE_CHUNK {blockData=conID: 2 locID: 102652565468021263 bcsId: 0} | ret=SUCCESS |  
2019-08-21 02:17:23,213 | INFO  | DNAudit | user=null | ip=null | op=WRITE_CHUNK {blockData=conID: 2 locID: 102652565468021263 bcsId: 0} | ret=SUCCESS |  
2019-08-21 02:17:23,215 | INFO  | DNAudit | user=null | ip=null | op=WRITE_CHUNK {blockData=conID: 2 locID: 102652565468021263 bcsId: 0} | ret=SUCCESS |  
2019-08-21 02:17:23,215 | INFO  | DNAudit | user=null | ip=null | op=WRITE_CHUNK {blockData=conID: 2 locID: 102652565468021263 bcsId: 0} | ret=SUCCESS |  
2019-08-21 02:17:23,215 | INFO  | DNAudit | user=null | ip=null | op=WRITE_CHUNK {blockData=conID: 2 locID: 102652565468021263 bcsId: 0} | ret=SUCCESS |  
2019-08-21 02:17:23,235 | INFO  | DNAudit | user=null | ip=null | op=WRITE_CHUNK {blockData=conID: 2 locID: 102652565468021263 bcsId: 0} | ret=SUCCESS |  
2019-08-21 02:17:23,236 | INFO  | DNAudit | user=null | ip=null | op=PUT_BLOCK {blockData=[blockId=conID: 2 locID: 102652565468021263 bcsId: 0,size=1048576]} | ret=SUCCESS |  
2019-08-21 02:17:23,236 [grpc-default-executor-2] INFO  client.GrpcClientProtocolClient (GrpcClientProtocolClient.java:onNext(255)) - client-54CC064C3FCE->8224e767-71c1-41fc-a01a-d172d48fd9d8: receive RaftClientReply:client-54CC064C3FCE->8224e767-71c1-41fc-a01a-d172d48fd9d8@group-F6B37CC92441, cid=1836, SUCCESS, logIndex=2657, commits[8224e767-71c1-41fc-a01a-d172d48fd9d8:c2660, 6eae0c21-01aa-4169-956f-5952b26ea7ba:c2656, 8d7dcba1-3b82-4d94-a832-514ef5c79cf8:c2656]
2019-08-21 02:17:23,236 | INFO  | DNAudit | user=null | ip=null | op=WRITE_CHUNK {blockData=conID: 2 locID: 102652565468021263 bcsId: 0} | ret=SUCCESS |  
2019-08-21 02:17:23,237 | INFO  | DNAudit | user=null | ip=null | op=WRITE_CHUNK {blockData=conID: 2 locID: 102652565468021263 bcsId: 0} | ret=SUCCESS |  
2019-08-21 02:17:23,237 [grpc-default-executor-3] INFO  client.GrpcClientProtocolClient (GrpcClientProtocolClient.java:onNext(255)) - client-54CC064C3FCE->8224e767-71c1-41fc-a01a-d172d48fd9d8: receive RaftClientReply:client-54CC064C3FCE->8224e767-71c1-41fc-a01a-d172d48fd9d8@group-F6B37CC92441, cid=1837, SUCCESS, logIndex=2658, commits[8224e767-71c1-41fc-a01a-d172d48fd9d8:c2660, 6eae0c21-01aa-4169-956f-5952b26ea7ba:c2656, 8d7dcba1-3b82-4d94-a832-514ef5c79cf8:c2656]
2019-08-21 02:17:23,237 | INFO  | DNAudit | user=null | ip=null | op=PUT_BLOCK {blockData=[blockId=conID: 2 locID: 102652565468021263 bcsId: 0,size=2097152]} | ret=SUCCESS |  
2019-08-21 02:17:23,237 | INFO  | DNAudit | user=null | ip=null | op=WRITE_CHUNK {blockData=conID: 2 locID: 102652565468021263 bcsId: 0} | ret=SUCCESS |  
2019-08-21 02:17:23,237 [grpc-default-executor-3] INFO  client.GrpcClientProtocolClient (GrpcClientProtocolClient.java:onNext(255)) - client-54CC064C3FCE->8224e767-71c1-41fc-a01a-d172d48fd9d8: receive RaftClientReply:client-54CC064C3FCE->8224e767-71c1-41fc-a01a-d172d48fd9d8@group-F6B37CC92441, cid=1838, SUCCESS, logIndex=2659, commits[8224e767-71c1-41fc-a01a-d172d48fd9d8:c2660, 6eae0c21-01aa-4169-956f-5952b26ea7ba:c2656, 8d7dcba1-3b82-4d94-a832-514ef5c79cf8:c2656]
2019-08-21 02:17:23,237 | INFO  | DNAudit | user=null | ip=null | op=PUT_BLOCK {blockData=[blockId=conID: 2 locID: 102652565468021263 bcsId: 0,size=1048576]} | ret=SUCCESS |  
2019-08-21 02:17:23,237 [grpc-default-executor-3] INFO  client.GrpcClientProtocolClient (GrpcClientProtocolClient.java:onNext(255)) - client-54CC064C3FCE->8224e767-71c1-41fc-a01a-d172d48fd9d8: receive RaftClientReply:client-54CC064C3FCE->8224e767-71c1-41fc-a01a-d172d48fd9d8@group-F6B37CC92441, cid=1839, SUCCESS, logIndex=2660, commits[8224e767-71c1-41fc-a01a-d172d48fd9d8:c2661, 6eae0c21-01aa-4169-956f-5952b26ea7ba:c2657, 8d7dcba1-3b82-4d94-a832-514ef5c79cf8:c2656]
2019-08-21 02:17:23,238 | INFO  | DNAudit | user=null | ip=null | op=PUT_BLOCK {blockData=[blockId=conID: 2 locID: 102652565468021263 bcsId: 0,size=1048576]} | ret=SUCCESS |  
2019-08-21 02:17:23,238 | INFO  | DNAudit | user=null | ip=null | op=WRITE_CHUNK {blockData=conID: 2 locID: 102652565468021263 bcsId: 0} | ret=SUCCESS |  
2019-08-21 02:17:23,238 | INFO  | DNAudit | user=null | ip=null | op=WRITE_CHUNK {blockData=conID: 2 locID: 102652565468021263 bcsId: 0} | ret=SUCCESS |  
2019-08-21 02:17:23,238 | INFO  | DNAudit | user=null | ip=null | op=PUT_BLOCK {blockData=[blockId=conID: 2 locID: 102652565468021263 bcsId: 0,size=2097152]} | ret=SUCCESS |  
2019-08-21 02:17:23,238 | INFO  | DNAudit | user=null | ip=null | op=PUT_BLOCK {blockData=[blockId=conID: 2 locID: 102652565468021263 bcsId: 0,size=2097152]} | ret=SUCCESS |  
2019-08-21 02:17:23,239 [grpc-default-executor-2] INFO  client.GrpcClientProtocolClient (GrpcClientProtocolClient.java:onNext(255)) - client-54CC064C3FCE->8224e767-71c1-41fc-a01a-d172d48fd9d8: receive RaftClientReply:client-54CC064C3FCE->8224e767-71c1-41fc-a01a-d172d48fd9d8@group-F6B37CC92441, cid=1840, SUCCESS, logIndex=0, commits[8224e767-71c1-41fc-a01a-d172d48fd9d8:c2662, 6eae0c21-01aa-4169-956f-5952b26ea7ba:c2658, 8d7dcba1-3b82-4d94-a832-514ef5c79cf8:c2658]
2019-08-21 02:17:23,245 | INFO  | DNAudit | user=null | ip=null | op=WRITE_CHUNK {blockData=conID: 2 locID: 102652565468021263 bcsId: 2660} | ret=SUCCESS |  
2019-08-21 02:17:23,247 | INFO  | DNAudit | user=null | ip=null | op=WRITE_CHUNK {blockData=conID: 2 locID: 102652565468021263 bcsId: 2660} | ret=SUCCESS |  
2019-08-21 02:17:23,247 | INFO  | DNAudit | user=null | ip=null | op=WRITE_CHUNK {blockData=conID: 2 locID: 102652565468021263 bcsId: 2660} | ret=SUCCESS |  
2019-08-21 02:17:23,258 | INFO  | DNAudit | user=null | ip=null | op=WRITE_CHUNK {blockData=conID: 2 locID: 102652565468021263 bcsId: 2660} | ret=SUCCESS |  
2019-08-21 02:17:23,258 | INFO  | DNAudit | user=null | ip=null | op=PUT_BLOCK {blockData=[blockId=conID: 2 locID: 102652565468021263 bcsId: 0,size=3145728]} | ret=SUCCESS |  
2019-08-21 02:17:23,258 [grpc-default-executor-2] INFO  client.GrpcClientProtocolClient (GrpcClientProtocolClient.java:onNext(255)) - client-54CC064C3FCE->8224e767-71c1-41fc-a01a-d172d48fd9d8: receive RaftClientReply:client-54CC064C3FCE->8224e767-71c1-41fc-a01a-d172d48fd9d8@group-F6B37CC92441, cid=1841, SUCCESS, logIndex=2665, commits[8224e767-71c1-41fc-a01a-d172d48fd9d8:c2666, 6eae0c21-01aa-4169-956f-5952b26ea7ba:c2664, 8d7dcba1-3b82-4d94-a832-514ef5c79cf8:c2664]
2019-08-21 02:17:23,259 [grpc-default-executor-2] INFO  client.GrpcClientProtocolClient (GrpcClientProtocolClient.java:onNext(255)) - client-54CC064C3FCE->8224e767-71c1-41fc-a01a-d172d48fd9d8: receive RaftClientReply:client-54CC064C3FCE->8224e767-71c1-41fc-a01a-d172d48fd9d8@group-F6B37CC92441, cid=1842, SUCCESS, logIndex=2666, commits[8224e767-71c1-41fc-a01a-d172d48fd9d8:c2666, 6eae0c21-01aa-4169-956f-5952b26ea7ba:c2664, 8d7dcba1-3b82-4d94-a832-514ef5c79cf8:c2664]
2019-08-21 02:17:23,264 | INFO  | DNAudit | user=null | ip=null | op=WRITE_CHUNK {blockData=conID: 2 locID: 102652565468021263 bcsId: 2666} | ret=SUCCESS |  
2019-08-21 02:17:23,267 | INFO  | DNAudit | user=null | ip=null | op=WRITE_CHUNK {blockData=conID: 2 locID: 102652565468021263 bcsId: 2666} | ret=SUCCESS |  
2019-08-21 02:17:23,267 | INFO  | DNAudit | user=null | ip=null | op=WRITE_CHUNK {blockData=conID: 2 locID: 102652565468021263 bcsId: 2666} | ret=SUCCESS |  
2019-08-21 02:17:23,269 | INFO  | DNAudit | user=null | ip=null | op=WRITE_CHUNK {blockData=conID: 2 locID: 102652565468021263 bcsId: 2660} | ret=SUCCESS |  
2019-08-21 02:17:23,269 | INFO  | DNAudit | user=null | ip=null | op=WRITE_CHUNK {blockData=conID: 2 locID: 102652565468021263 bcsId: 2660} | ret=SUCCESS |  
2019-08-21 02:17:23,272 | INFO  | DNAudit | user=null | ip=null | op=PUT_BLOCK {blockData=[blockId=conID: 2 locID: 102652565468021263 bcsId: 0,size=3145728]} | ret=SUCCESS |  
2019-08-21 02:17:23,272 | INFO  | DNAudit | user=null | ip=null | op=PUT_BLOCK {blockData=[blockId=conID: 2 locID: 102652565468021263 bcsId: 0,size=3145728]} | ret=SUCCESS |  
2019-08-21 02:17:23,272 | INFO  | DNAudit | user=null | ip=null | op=WRITE_CHUNK {blockData=conID: 2 locID: 102652565468021263 bcsId: 2666} | ret=SUCCESS |  
2019-08-21 02:17:23,273 | INFO  | DNAudit | user=null | ip=null | op=PUT_BLOCK {blockData=[blockId=conID: 2 locID: 102652565468021263 bcsId: 0,size=4194304]} | ret=SUCCESS |  
2019-08-21 02:17:23,273 [grpc-default-executor-0] INFO  client.GrpcClientProtocolClient (GrpcClientProtocolClient.java:onNext(255)) - client-54CC064C3FCE->8224e767-71c1-41fc-a01a-d172d48fd9d8: receive RaftClientReply:client-54CC064C3FCE->8224e767-71c1-41fc-a01a-d172d48fd9d8@group-F6B37CC92441, cid=1843, SUCCESS, logIndex=2669, commits[8224e767-71c1-41fc-a01a-d172d48fd9d8:c2670, 6eae0c21-01aa-4169-956f-5952b26ea7ba:c2666, 8d7dcba1-3b82-4d94-a832-514ef5c79cf8:c2666]
2019-08-21 02:17:23,273 [grpc-default-executor-0] INFO  client.GrpcClientProtocolClient (GrpcClientProtocolClient.java:onNext(255)) - client-54CC064C3FCE->8224e767-71c1-41fc-a01a-d172d48fd9d8: receive RaftClientReply:client-54CC064C3FCE->8224e767-71c1-41fc-a01a-d172d48fd9d8@group-F6B37CC92441, cid=1844, SUCCESS, logIndex=2670, commits[8224e767-71c1-41fc-a01a-d172d48fd9d8:c2670, 6eae0c21-01aa-4169-956f-5952b26ea7ba:c2666, 8d7dcba1-3b82-4d94-a832-514ef5c79cf8:c2666]
2019-08-21 02:17:23,284 | INFO  | DNAudit | user=null | ip=null | op=WRITE_CHUNK {blockData=conID: 2 locID: 102652565468021263 bcsId: 2666} | ret=SUCCESS |  
2019-08-21 02:17:23,284 | INFO  | DNAudit | user=null | ip=null | op=WRITE_CHUNK {blockData=conID: 2 locID: 102652565468021263 bcsId: 2666} | ret=SUCCESS |  
2019-08-21 02:17:23,287 | INFO  | DNAudit | user=null | ip=null | op=PUT_BLOCK {blockData=[blockId=conID: 2 locID: 102652565468021263 bcsId: 0,size=4194304]} | ret=SUCCESS |  
2019-08-21 02:17:23,287 | INFO  | DNAudit | user=null | ip=null | op=PUT_BLOCK {blockData=[blockId=conID: 2 locID: 102652565468021263 bcsId: 0,size=4194304]} | ret=SUCCESS |  
2019-08-21 02:17:23,288 [grpc-default-executor-0] INFO  client.GrpcClientProtocolClient (GrpcClientProtocolClient.java:onNext(255)) - client-54CC064C3FCE->8224e767-71c1-41fc-a01a-d172d48fd9d8: receive RaftClientReply:client-54CC064C3FCE->8224e767-71c1-41fc-a01a-d172d48fd9d8@group-F6B37CC92441, cid=1845, SUCCESS, logIndex=0, commits[8224e767-71c1-41fc-a01a-d172d48fd9d8:c2672, 6eae0c21-01aa-4169-956f-5952b26ea7ba:c2670, 8d7dcba1-3b82-4d94-a832-514ef5c79cf8:c2670]
2019-08-21 02:17:23,293 | INFO  | SCMAudit | user=jenkins1000 | ip=192.168.34.10 | op=ALLOCATE_BLOCK {owner=b6f66289-f2a0-4058-b052-0a85e40df67b, size=4194304, type=RATIS, factor=THREE} | ret=SUCCESS |  
2019-08-21 02:17:23,296 | INFO  | OMAudit | user=jenkins1000 | ip=127.0.0.1 | op=ALLOCATE_BLOCK {volume=vol-0-90982, bucket=bucket-0-24269, key=key-0-81262, dataSize=0, replicationType=null, replicationFactor=null, keyLocationInfo=null, clientID=102652564580991378} | ret=SUCCESS |  
2019-08-21 02:17:23,302 | INFO  | DNAudit | user=null | ip=null | op=WRITE_CHUNK {blockData=conID: 3 locID: 102652565474050576 bcsId: 0} | ret=SUCCESS |  
2019-08-21 02:17:23,304 | INFO  | DNAudit | user=null | ip=null | op=WRITE_CHUNK {blockData=conID: 3 locID: 102652565474050576 bcsId: 0} | ret=SUCCESS |  
2019-08-21 02:17:23,305 | INFO  | DNAudit | user=null | ip=null | op=WRITE_CHUNK {blockData=conID: 3 locID: 102652565474050576 bcsId: 0} | ret=SUCCESS |  
2019-08-21 02:17:23,306 | INFO  | DNAudit | user=null | ip=null | op=WRITE_CHUNK {blockData=conID: 3 locID: 102652565474050576 bcsId: 0} | ret=SUCCESS |  
2019-08-21 02:17:23,308 | INFO  | DNAudit | user=null | ip=null | op=WRITE_CHUNK {blockData=conID: 3 locID: 102652565474050576 bcsId: 0} | ret=SUCCESS |  
2019-08-21 02:17:23,308 | INFO  | DNAudit | user=null | ip=null | op=WRITE_CHUNK {blockData=conID: 3 locID: 102652565474050576 bcsId: 0} | ret=SUCCESS |  
2019-08-21 02:17:23,315 | INFO  | DNAudit | user=null | ip=null | op=WRITE_CHUNK {blockData=conID: 3 locID: 102652565474050576 bcsId: 0} | ret=SUCCESS |  
2019-08-21 02:17:23,315 | INFO  | DNAudit | user=null | ip=null | op=PUT_BLOCK {blockData=[blockId=conID: 3 locID: 102652565474050576 bcsId: 0,size=1048576]} | ret=SUCCESS |  
2019-08-21 02:17:23,315 [grpc-default-executor-3] INFO  client.GrpcClientProtocolClient (GrpcClientProtocolClient.java:onNext(255)) - client-54CC064C3FCE->8224e767-71c1-41fc-a01a-d172d48fd9d8: receive RaftClientReply:client-54CC064C3FCE->8224e767-71c1-41fc-a01a-d172d48fd9d8@group-F6B37CC92441, cid=1846, SUCCESS, logIndex=2673, commits[8224e767-71c1-41fc-a01a-d172d48fd9d8:c2674, 6eae0c21-01aa-4169-956f-5952b26ea7ba:c2672, 8d7dcba1-3b82-4d94-a832-514ef5c79cf8:c2672]
2019-08-21 02:17:23,316 | INFO  | DNAudit | user=null | ip=null | op=WRITE_CHUNK {blockData=conID: 3 locID: 102652565474050576 bcsId: 0} | ret=SUCCESS |  
2019-08-21 02:17:23,316 [grpc-default-executor-3] INFO  client.GrpcClientProtocolClient (GrpcClientProtocolClient.java:onNext(255)) - client-54CC064C3FCE->8224e767-71c1-41fc-a01a-d172d48fd9d8: receive RaftClientReply:client-54CC064C3FCE->8224e767-71c1-41fc-a01a-d172d48fd9d8@group-F6B37CC92441, cid=1847, SUCCESS, logIndex=2674, commits[8224e767-71c1-41fc-a01a-d172d48fd9d8:c2675, 6eae0c21-01aa-4169-956f-5952b26ea7ba:c2672, 8d7dcba1-3b82-4d94-a832-514ef5c79cf8:c2672]
2019-08-21 02:17:23,316 | INFO  | DNAudit | user=null | ip=null | op=PUT_BLOCK {blockData=[blockId=conID: 3 locID: 102652565474050576 bcsId: 0,size=2097152]} | ret=SUCCESS |  
2019-08-21 02:17:23,317 | INFO  | DNAudit | user=null | ip=null | op=WRITE_CHUNK {blockData=conID: 3 locID: 102652565474050576 bcsId: 0} | ret=SUCCESS |  
2019-08-21 02:17:23,317 [grpc-default-executor-0] INFO  client.GrpcClientProtocolClient (GrpcClientProtocolClient.java:onNext(255)) - client-54CC064C3FCE->8224e767-71c1-41fc-a01a-d172d48fd9d8: receive RaftClientReply:client-54CC064C3FCE->8224e767-71c1-41fc-a01a-d172d48fd9d8@group-F6B37CC92441, cid=1848, SUCCESS, logIndex=2675, commits[8224e767-71c1-41fc-a01a-d172d48fd9d8:c2676, 6eae0c21-01aa-4169-956f-5952b26ea7ba:c2672, 8d7dcba1-3b82-4d94-a832-514ef5c79cf8:c2672]
2019-08-21 02:17:23,317 | INFO  | DNAudit | user=null | ip=null | op=PUT_BLOCK {blockData=[blockId=conID: 3 locID: 102652565474050576 bcsId: 0,size=1048576]} | ret=SUCCESS |  
2019-08-21 02:17:23,317 [grpc-default-executor-0] INFO  client.GrpcClientProtocolClient (GrpcClientProtocolClient.java:onNext(255)) - client-54CC064C3FCE->8224e767-71c1-41fc-a01a-d172d48fd9d8: receive RaftClientReply:client-54CC064C3FCE->8224e767-71c1-41fc-a01a-d172d48fd9d8@group-F6B37CC92441, cid=1849, SUCCESS, logIndex=2676, commits[8224e767-71c1-41fc-a01a-d172d48fd9d8:c2676, 6eae0c21-01aa-4169-956f-5952b26ea7ba:c2672, 8d7dcba1-3b82-4d94-a832-514ef5c79cf8:c2672]
2019-08-21 02:17:23,318 | INFO  | DNAudit | user=null | ip=null | op=WRITE_CHUNK {blockData=conID: 3 locID: 102652565474050576 bcsId: 0} | ret=SUCCESS |  
2019-08-21 02:17:23,318 | INFO  | DNAudit | user=null | ip=null | op=WRITE_CHUNK {blockData=conID: 3 locID: 102652565474050576 bcsId: 0} | ret=SUCCESS |  
2019-08-21 02:17:23,318 | INFO  | DNAudit | user=null | ip=null | op=PUT_BLOCK {blockData=[blockId=conID: 3 locID: 102652565474050576 bcsId: 0,size=2097152]} | ret=SUCCESS |  
2019-08-21 02:17:23,318 | INFO  | DNAudit | user=null | ip=null | op=PUT_BLOCK {blockData=[blockId=conID: 3 locID: 102652565474050576 bcsId: 0,size=1048576]} | ret=SUCCESS |  
2019-08-21 02:17:23,318 | INFO  | DNAudit | user=null | ip=null | op=WRITE_CHUNK {blockData=conID: 3 locID: 102652565474050576 bcsId: 0} | ret=SUCCESS |  
2019-08-21 02:17:23,319 | INFO  | DNAudit | user=null | ip=null | op=PUT_BLOCK {blockData=[blockId=conID: 3 locID: 102652565474050576 bcsId: 0,size=2097152]} | ret=SUCCESS |  
2019-08-21 02:17:23,319 [grpc-default-executor-0] INFO  client.GrpcClientProtocolClient (GrpcClientProtocolClient.java:onNext(255)) - client-54CC064C3FCE->8224e767-71c1-41fc-a01a-d172d48fd9d8: receive RaftClientReply:client-54CC064C3FCE->8224e767-71c1-41fc-a01a-d172d48fd9d8@group-F6B37CC92441, cid=1850, SUCCESS, logIndex=0, commits[8224e767-71c1-41fc-a01a-d172d48fd9d8:c2680, 6eae0c21-01aa-4169-956f-5952b26ea7ba:c2676, 8d7dcba1-3b82-4d94-a832-514ef5c79cf8:c2674]
2019-08-21 02:17:23,325 | INFO  | DNAudit | user=null | ip=null | op=WRITE_CHUNK {blockData=conID: 3 locID: 102652565474050576 bcsId: 2676} | ret=SUCCESS |  
2019-08-21 02:17:23,328 | INFO  | DNAudit | user=null | ip=null | op=WRITE_CHUNK {blockData=conID: 3 locID: 102652565474050576 bcsId: 2676} | ret=SUCCESS |  
2019-08-21 02:17:23,328 | INFO  | DNAudit | user=null | ip=null | op=WRITE_CHUNK {blockData=conID: 3 locID: 102652565474050576 bcsId: 2676} | ret=SUCCESS |  
2019-08-21 02:17:23,338 | INFO  | DNAudit | user=null | ip=null | op=WRITE_CHUNK {blockData=conID: 3 locID: 102652565474050576 bcsId: 2676} | ret=SUCCESS |  
2019-08-21 02:17:23,338 | INFO  | DNAudit | user=null | ip=null | op=PUT_BLOCK {blockData=[blockId=conID: 3 locID: 102652565474050576 bcsId: 0,size=3145728]} | ret=SUCCESS |  
2019-08-21 02:17:23,338 [grpc-default-executor-0] INFO  client.GrpcClientProtocolClient (GrpcClientProtocolClient.java:onNext(255)) - client-54CC064C3FCE->8224e767-71c1-41fc-a01a-d172d48fd9d8: receive RaftClientReply:client-54CC064C3FCE->8224e767-71c1-41fc-a01a-d172d48fd9d8@group-F6B37CC92441, cid=1851, SUCCESS, logIndex=2681, commits[8224e767-71c1-41fc-a01a-d172d48fd9d8:c2682, 6eae0c21-01aa-4169-956f-5952b26ea7ba:c2680, 8d7dcba1-3b82-4d94-a832-514ef5c79cf8:c2680]
2019-08-21 02:17:23,339 [grpc-default-executor-0] INFO  client.GrpcClientProtocolClient (GrpcClientProtocolClient.java:onNext(255)) - client-54CC064C3FCE->8224e767-71c1-41fc-a01a-d172d48fd9d8: receive RaftClientReply:client-54CC064C3FCE->8224e767-71c1-41fc-a01a-d172d48fd9d8@group-F6B37CC92441, cid=1852, SUCCESS, logIndex=2682, commits[8224e767-71c1-41fc-a01a-d172d48fd9d8:c2682, 6eae0c21-01aa-4169-956f-5952b26ea7ba:c2680, 8d7dcba1-3b82-4d94-a832-514ef5c79cf8:c2680]
2019-08-21 02:17:23,346 | INFO  | DNAudit | user=null | ip=null | op=WRITE_CHUNK {blockData=conID: 3 locID: 102652565474050576 bcsId: 2682} | ret=SUCCESS |  
2019-08-21 02:17:23,348 | INFO  | DNAudit | user=null | ip=null | op=WRITE_CHUNK {blockData=conID: 3 locID: 102652565474050576 bcsId: 2682} | ret=SUCCESS |  
2019-08-21 02:17:23,348 | INFO  | DNAudit | user=null | ip=null | op=WRITE_CHUNK {blockData=conID: 3 locID: 102652565474050576 bcsId: 2682} | ret=SUCCESS |  
2019-08-21 02:17:23,349 | INFO  | DNAudit | user=null | ip=null | op=WRITE_CHUNK {blockData=conID: 3 locID: 102652565474050576 bcsId: 2676} | ret=SUCCESS |  
2019-08-21 02:17:23,349 | INFO  | DNAudit | user=null | ip=null | op=WRITE_CHUNK {blockData=conID: 3 locID: 102652565474050576 bcsId: 2676} | ret=SUCCESS |  
2019-08-21 02:17:23,350 | INFO  | DNAudit | user=null | ip=null | op=PUT_BLOCK {blockData=[blockId=conID: 3 locID: 102652565474050576 bcsId: 0,size=3145728]} | ret=SUCCESS |  
2019-08-21 02:17:23,350 | INFO  | DNAudit | user=null | ip=null | op=PUT_BLOCK {blockData=[blockId=conID: 3 locID: 102652565474050576 bcsId: 0,size=3145728]} | ret=SUCCESS |  
2019-08-21 02:17:23,351 | INFO  | DNAudit | user=null | ip=null | op=WRITE_CHUNK {blockData=conID: 3 locID: 102652565474050576 bcsId: 2682} | ret=SUCCESS |  
2019-08-21 02:17:23,351 | INFO  | DNAudit | user=null | ip=null | op=PUT_BLOCK {blockData=[blockId=conID: 3 locID: 102652565474050576 bcsId: 0,size=4194304]} | ret=SUCCESS |  
2019-08-21 02:17:23,352 [grpc-default-executor-2] INFO  client.GrpcClientProtocolClient (GrpcClientProtocolClient.java:onNext(255)) - client-54CC064C3FCE->8224e767-71c1-41fc-a01a-d172d48fd9d8: receive RaftClientReply:client-54CC064C3FCE->8224e767-71c1-41fc-a01a-d172d48fd9d8@group-F6B37CC92441, cid=1853, SUCCESS, logIndex=2685, commits[8224e767-71c1-41fc-a01a-d172d48fd9d8:c2686, 6eae0c21-01aa-4169-956f-5952b26ea7ba:c2682, 8d7dcba1-3b82-4d94-a832-514ef5c79cf8:c2682]
2019-08-21 02:17:23,352 [grpc-default-executor-2] INFO  client.GrpcClientProtocolClient (GrpcClientProtocolClient.java:onNext(255)) - client-54CC064C3FCE->8224e767-71c1-41fc-a01a-d172d48fd9d8: receive RaftClientReply:client-54CC064C3FCE->8224e767-71c1-41fc-a01a-d172d48fd9d8@group-F6B37CC92441, cid=1854, SUCCESS, logIndex=2686, commits[8224e767-71c1-41fc-a01a-d172d48fd9d8:c2686, 6eae0c21-01aa-4169-956f-5952b26ea7ba:c2682, 8d7dcba1-3b82-4d94-a832-514ef5c79cf8:c2682]
2019-08-21 02:17:23,362 | INFO  | DNAudit | user=null | ip=null | op=WRITE_CHUNK {blockData=conID: 3 locID: 102652565474050576 bcsId: 2682} | ret=SUCCESS |  
2019-08-21 02:17:23,362 | INFO  | DNAudit | user=null | ip=null | op=WRITE_CHUNK {blockData=conID: 3 locID: 102652565474050576 bcsId: 2682} | ret=SUCCESS |  
2019-08-21 02:17:23,365 | INFO  | DNAudit | user=null | ip=null | op=PUT_BLOCK {blockData=[blockId=conID: 3 locID: 102652565474050576 bcsId: 0,size=4194304]} | ret=SUCCESS |  
2019-08-21 02:17:23,365 | INFO  | DNAudit | user=null | ip=null | op=PUT_BLOCK {blockData=[blockId=conID: 3 locID: 102652565474050576 bcsId: 0,size=4194304]} | ret=SUCCESS |  
2019-08-21 02:17:23,366 [grpc-default-executor-2] INFO  client.GrpcClientProtocolClient (GrpcClientProtocolClient.java:onNext(255)) - client-54CC064C3FCE->8224e767-71c1-41fc-a01a-d172d48fd9d8: receive RaftClientReply:client-54CC064C3FCE->8224e767-71c1-41fc-a01a-d172d48fd9d8@group-F6B37CC92441, cid=1855, SUCCESS, logIndex=0, commits[8224e767-71c1-41fc-a01a-d172d48fd9d8:c2688, 6eae0c21-01aa-4169-956f-5952b26ea7ba:c2686, 8d7dcba1-3b82-4d94-a832-514ef5c79cf8:c2686]
2019-08-21 02:17:23,370 | INFO  | SCMAudit | user=jenkins1000 | ip=192.168.34.10 | op=ALLOCATE_BLOCK {owner=b6f66289-f2a0-4058-b052-0a85e40df67b, size=4194304, type=RATIS, factor=THREE} | ret=SUCCESS |  
2019-08-21 02:17:23,372 | INFO  | OMAudit | user=jenkins1000 | ip=127.0.0.1 | op=ALLOCATE_BLOCK {volume=vol-0-90982, bucket=bucket-0-24269, key=key-0-81262, dataSize=0, replicationType=null, replicationFactor=null, keyLocationInfo=null, clientID=102652564580991378} | ret=SUCCESS |  
2019-08-21 02:17:23,379 | INFO  | DNAudit | user=null | ip=null | op=WRITE_CHUNK {blockData=conID: 1 locID: 102652565479096849 bcsId: 0} | ret=SUCCESS |  
2019-08-21 02:17:23,380 | INFO  | DNAudit | user=null | ip=null | op=WRITE_CHUNK {blockData=conID: 1 locID: 102652565479096849 bcsId: 0} | ret=SUCCESS |  
2019-08-21 02:17:23,381 | INFO  | DNAudit | user=null | ip=null | op=WRITE_CHUNK {blockData=conID: 1 locID: 102652565479096849 bcsId: 0} | ret=SUCCESS |  
2019-08-21 02:17:23,381 | INFO  | DNAudit | user=null | ip=null | op=WRITE_CHUNK {blockData=conID: 1 locID: 102652565479096849 bcsId: 0} | ret=SUCCESS |  
2019-08-21 02:17:23,384 | INFO  | DNAudit | user=null | ip=null | op=WRITE_CHUNK {blockData=conID: 1 locID: 102652565479096849 bcsId: 0} | ret=SUCCESS |  
2019-08-21 02:17:23,384 | INFO  | DNAudit | user=null | ip=null | op=WRITE_CHUNK {blockData=conID: 1 locID: 102652565479096849 bcsId: 0} | ret=SUCCESS |  
2019-08-21 02:17:23,394 | INFO  | DNAudit | user=null | ip=null | op=WRITE_CHUNK {blockData=conID: 1 locID: 102652565479096849 bcsId: 0} | ret=SUCCESS |  
2019-08-21 02:17:23,395 | INFO  | DNAudit | user=null | ip=null | op=PUT_BLOCK {blockData=[blockId=conID: 1 locID: 102652565479096849 bcsId: 0,size=1048576]} | ret=SUCCESS |  
2019-08-21 02:17:23,395 [grpc-default-executor-0] INFO  client.GrpcClientProtocolClient (GrpcClientProtocolClient.java:onNext(255)) - client-54CC064C3FCE->8224e767-71c1-41fc-a01a-d172d48fd9d8: receive RaftClientReply:client-54CC064C3FCE->8224e767-71c1-41fc-a01a-d172d48fd9d8@group-F6B37CC92441, cid=1856, SUCCESS, logIndex=2689, commits[8224e767-71c1-41fc-a01a-d172d48fd9d8:c2690, 6eae0c21-01aa-4169-956f-5952b26ea7ba:c2688, 8d7dcba1-3b82-4d94-a832-514ef5c79cf8:c2688]
2019-08-21 02:17:23,395 | INFO  | DNAudit | user=null | ip=null | op=WRITE_CHUNK {blockData=conID: 1 locID: 102652565479096849 bcsId: 0} | ret=SUCCESS |  
2019-08-21 02:17:23,395 [grpc-default-executor-0] INFO  client.GrpcClientProtocolClient (GrpcClientProtocolClient.java:onNext(255)) - client-54CC064C3FCE->8224e767-71c1-41fc-a01a-d172d48fd9d8: receive RaftClientReply:client-54CC064C3FCE->8224e767-71c1-41fc-a01a-d172d48fd9d8@group-F6B37CC92441, cid=1857, SUCCESS, logIndex=2690, commits[8224e767-71c1-41fc-a01a-d172d48fd9d8:c2690, 6eae0c21-01aa-4169-956f-5952b26ea7ba:c2688, 8d7dcba1-3b82-4d94-a832-514ef5c79cf8:c2688]
2019-08-21 02:17:23,396 | INFO  | DNAudit | user=null | ip=null | op=PUT_BLOCK {blockData=[blockId=conID: 1 locID: 102652565479096849 bcsId: 0,size=2097152]} | ret=SUCCESS |  
2019-08-21 02:17:23,396 [grpc-default-executor-2] INFO  client.GrpcClientProtocolClient (GrpcClientProtocolClient.java:onNext(255)) - client-54CC064C3FCE->8224e767-71c1-41fc-a01a-d172d48fd9d8: receive RaftClientReply:client-54CC064C3FCE->8224e767-71c1-41fc-a01a-d172d48fd9d8@group-F6B37CC92441, cid=1858, SUCCESS, logIndex=2691, commits[8224e767-71c1-41fc-a01a-d172d48fd9d8:c2691, 6eae0c21-01aa-4169-956f-5952b26ea7ba:c2688, 8d7dcba1-3b82-4d94-a832-514ef5c79cf8:c2688]
2019-08-21 02:17:23,396 [grpc-default-executor-2] INFO  client.GrpcClientProtocolClient (GrpcClientProtocolClient.java:onNext(255)) - client-54CC064C3FCE->8224e767-71c1-41fc-a01a-d172d48fd9d8: receive RaftClientReply:client-54CC064C3FCE->8224e767-71c1-41fc-a01a-d172d48fd9d8@group-F6B37CC92441, cid=1859, SUCCESS, logIndex=2692, commits[8224e767-71c1-41fc-a01a-d172d48fd9d8:c2692, 6eae0c21-01aa-4169-956f-5952b26ea7ba:c2688, 8d7dcba1-3b82-4d94-a832-514ef5c79cf8:c2688]
2019-08-21 02:17:23,396 | INFO  | DNAudit | user=null | ip=null | op=WRITE_CHUNK {blockData=conID: 1 locID: 102652565479096849 bcsId: 0} | ret=SUCCESS |  
2019-08-21 02:17:23,396 | INFO  | DNAudit | user=null | ip=null | op=PUT_BLOCK {blockData=[blockId=conID: 1 locID: 102652565479096849 bcsId: 0,size=1048576]} | ret=SUCCESS |  
2019-08-21 02:17:23,398 | INFO  | DNAudit | user=null | ip=null | op=WRITE_CHUNK {blockData=conID: 1 locID: 102652565479096849 bcsId: 0} | ret=SUCCESS |  
2019-08-21 02:17:23,398 | INFO  | DNAudit | user=null | ip=null | op=PUT_BLOCK {blockData=[blockId=conID: 1 locID: 102652565479096849 bcsId: 0,size=1048576]} | ret=SUCCESS |  
2019-08-21 02:17:23,398 [grpc-default-executor-0] INFO  client.GrpcClientProtocolClient (GrpcClientProtocolClient.java:onNext(255)) - client-54CC064C3FCE->8224e767-71c1-41fc-a01a-d172d48fd9d8: receive RaftClientReply:client-54CC064C3FCE->8224e767-71c1-41fc-a01a-d172d48fd9d8@group-F6B37CC92441, cid=1860, SUCCESS, logIndex=0, commits[8224e767-71c1-41fc-a01a-d172d48fd9d8:c2694, 6eae0c21-01aa-4169-956f-5952b26ea7ba:c2690, 8d7dcba1-3b82-4d94-a832-514ef5c79cf8:c2690]
2019-08-21 02:17:23,405 | INFO  | DNAudit | user=null | ip=null | op=WRITE_CHUNK {blockData=conID: 1 locID: 102652565479096849 bcsId: 2692} | ret=SUCCESS |  
2019-08-21 02:17:23,407 | INFO  | DNAudit | user=null | ip=null | op=WRITE_CHUNK {blockData=conID: 1 locID: 102652565479096849 bcsId: 2692} | ret=SUCCESS |  
2019-08-21 02:17:23,407 | INFO  | DNAudit | user=null | ip=null | op=WRITE_CHUNK {blockData=conID: 1 locID: 102652565479096849 bcsId: 2692} | ret=SUCCESS |  
2019-08-21 02:17:23,409 | INFO  | DNAudit | user=null | ip=null | op=WRITE_CHUNK {blockData=conID: 1 locID: 102652565479096849 bcsId: 0} | ret=SUCCESS |  
2019-08-21 02:17:23,409 | INFO  | DNAudit | user=null | ip=null | op=PUT_BLOCK {blockData=[blockId=conID: 1 locID: 102652565479096849 bcsId: 0,size=2097152]} | ret=SUCCESS |  
2019-08-21 02:17:23,409 | INFO  | DNAudit | user=null | ip=null | op=WRITE_CHUNK {blockData=conID: 1 locID: 102652565479096849 bcsId: 0} | ret=SUCCESS |  
2019-08-21 02:17:23,409 | INFO  | DNAudit | user=null | ip=null | op=PUT_BLOCK {blockData=[blockId=conID: 1 locID: 102652565479096849 bcsId: 0,size=2097152]} | ret=SUCCESS |  
2019-08-21 02:17:23,410 | INFO  | DNAudit | user=null | ip=null | op=WRITE_CHUNK {blockData=conID: 1 locID: 102652565479096849 bcsId: 2692} | ret=SUCCESS |  
2019-08-21 02:17:23,410 | INFO  | DNAudit | user=null | ip=null | op=PUT_BLOCK {blockData=[blockId=conID: 1 locID: 102652565479096849 bcsId: 0,size=3145728]} | ret=SUCCESS |  
2019-08-21 02:17:23,411 [grpc-default-executor-3] INFO  client.GrpcClientProtocolClient (GrpcClientProtocolClient.java:onNext(255)) - client-54CC064C3FCE->8224e767-71c1-41fc-a01a-d172d48fd9d8: receive RaftClientReply:client-54CC064C3FCE->8224e767-71c1-41fc-a01a-d172d48fd9d8@group-F6B37CC92441, cid=1861, SUCCESS, logIndex=2697, commits[8224e767-71c1-41fc-a01a-d172d48fd9d8:c2698, 6eae0c21-01aa-4169-956f-5952b26ea7ba:c2694, 8d7dcba1-3b82-4d94-a832-514ef5c79cf8:c2692]
2019-08-21 02:17:23,411 [grpc-default-executor-3] INFO  client.GrpcClientProtocolClient (GrpcClientProtocolClient.java:onNext(255)) - client-54CC064C3FCE->8224e767-71c1-41fc-a01a-d172d48fd9d8: receive RaftClientReply:client-54CC064C3FCE->8224e767-71c1-41fc-a01a-d172d48fd9d8@group-F6B37CC92441, cid=1862, SUCCESS, logIndex=2698, commits[8224e767-71c1-41fc-a01a-d172d48fd9d8:c2698, 6eae0c21-01aa-4169-956f-5952b26ea7ba:c2694, 8d7dcba1-3b82-4d94-a832-514ef5c79cf8:c2694]
2019-08-21 02:17:23,411 | INFO  | DNAudit | user=null | ip=null | op=WRITE_CHUNK {blockData=conID: 1 locID: 102652565479096849 bcsId: 2692} | ret=SUCCESS |  
2019-08-21 02:17:23,411 | INFO  | DNAudit | user=null | ip=null | op=WRITE_CHUNK {blockData=conID: 1 locID: 102652565479096849 bcsId: 2692} | ret=SUCCESS |  
2019-08-21 02:17:23,412 | INFO  | DNAudit | user=null | ip=null | op=PUT_BLOCK {blockData=[blockId=conID: 1 locID: 102652565479096849 bcsId: 0,size=3145728]} | ret=SUCCESS |  
2019-08-21 02:17:23,412 | INFO  | DNAudit | user=null | ip=null | op=PUT_BLOCK {blockData=[blockId=conID: 1 locID: 102652565479096849 bcsId: 0,size=3145728]} | ret=SUCCESS |  
2019-08-21 02:17:23,418 | INFO  | DNAudit | user=null | ip=null | op=WRITE_CHUNK {blockData=conID: 1 locID: 102652565479096849 bcsId: 2698} | ret=SUCCESS |  
2019-08-21 02:17:23,420 | INFO  | DNAudit | user=null | ip=null | op=WRITE_CHUNK {blockData=conID: 1 locID: 102652565479096849 bcsId: 2698} | ret=SUCCESS |  
2019-08-21 02:17:23,420 | INFO  | DNAudit | user=null | ip=null | op=WRITE_CHUNK {blockData=conID: 1 locID: 102652565479096849 bcsId: 2698} | ret=SUCCESS |  
2019-08-21 02:17:23,430 | INFO  | DNAudit | user=null | ip=null | op=WRITE_CHUNK {blockData=conID: 1 locID: 102652565479096849 bcsId: 2698} | ret=SUCCESS |  
2019-08-21 02:17:23,430 | INFO  | DNAudit | user=null | ip=null | op=PUT_BLOCK {blockData=[blockId=conID: 1 locID: 102652565479096849 bcsId: 0,size=4194304]} | ret=SUCCESS |  
2019-08-21 02:17:23,431 [grpc-default-executor-0] INFO  client.GrpcClientProtocolClient (GrpcClientProtocolClient.java:onNext(255)) - client-54CC064C3FCE->8224e767-71c1-41fc-a01a-d172d48fd9d8: receive RaftClientReply:client-54CC064C3FCE->8224e767-71c1-41fc-a01a-d172d48fd9d8@group-F6B37CC92441, cid=1863, SUCCESS, logIndex=2701, commits[8224e767-71c1-41fc-a01a-d172d48fd9d8:c2702, 6eae0c21-01aa-4169-956f-5952b26ea7ba:c2700, 8d7dcba1-3b82-4d94-a832-514ef5c79cf8:c2700]
2019-08-21 02:17:23,431 [grpc-default-executor-0] INFO  client.GrpcClientProtocolClient (GrpcClientProtocolClient.java:onNext(255)) - client-54CC064C3FCE->8224e767-71c1-41fc-a01a-d172d48fd9d8: receive RaftClientReply:client-54CC064C3FCE->8224e767-71c1-41fc-a01a-d172d48fd9d8@group-F6B37CC92441, cid=1864, SUCCESS, logIndex=2702, commits[8224e767-71c1-41fc-a01a-d172d48fd9d8:c2702, 6eae0c21-01aa-4169-956f-5952b26ea7ba:c2700, 8d7dcba1-3b82-4d94-a832-514ef5c79cf8:c2700]
2019-08-21 02:17:23,433 | INFO  | DNAudit | user=null | ip=null | op=WRITE_CHUNK {blockData=conID: 1 locID: 102652565479096849 bcsId: 2698} | ret=SUCCESS |  
2019-08-21 02:17:23,434 | INFO  | DNAudit | user=null | ip=null | op=WRITE_CHUNK {blockData=conID: 1 locID: 102652565479096849 bcsId: 2698} | ret=SUCCESS |  
2019-08-21 02:17:23,437 | INFO  | DNAudit | user=null | ip=null | op=PUT_BLOCK {blockData=[blockId=conID: 1 locID: 102652565479096849 bcsId: 0,size=4194304]} | ret=SUCCESS |  
2019-08-21 02:17:23,438 | INFO  | DNAudit | user=null | ip=null | op=PUT_BLOCK {blockData=[blockId=conID: 1 locID: 102652565479096849 bcsId: 0,size=4194304]} | ret=SUCCESS |  
2019-08-21 02:17:23,438 [grpc-default-executor-2] INFO  client.GrpcClientProtocolClient (GrpcClientProtocolClient.java:onNext(255)) - client-54CC064C3FCE->8224e767-71c1-41fc-a01a-d172d48fd9d8: receive RaftClientReply:client-54CC064C3FCE->8224e767-71c1-41fc-a01a-d172d48fd9d8@group-F6B37CC92441, cid=1865, SUCCESS, logIndex=0, commits[8224e767-71c1-41fc-a01a-d172d48fd9d8:c2704, 6eae0c21-01aa-4169-956f-5952b26ea7ba:c2702, 8d7dcba1-3b82-4d94-a832-514ef5c79cf8:c2702]
2019-08-21 02:17:23,442 | INFO  | SCMAudit | user=jenkins1000 | ip=192.168.34.10 | op=ALLOCATE_BLOCK {owner=b6f66289-f2a0-4058-b052-0a85e40df67b, size=4194304, type=RATIS, factor=THREE} | ret=SUCCESS |  
2019-08-21 02:17:23,444 | INFO  | OMAudit | user=jenkins1000 | ip=127.0.0.1 | op=ALLOCATE_BLOCK {volume=vol-0-90982, bucket=bucket-0-24269, key=key-0-81262, dataSize=0, replicationType=null, replicationFactor=null, keyLocationInfo=null, clientID=102652564580991378} | ret=SUCCESS |  
2019-08-21 02:17:23,451 | INFO  | DNAudit | user=null | ip=null | op=WRITE_CHUNK {blockData=conID: 2 locID: 102652565483815442 bcsId: 0} | ret=SUCCESS |  
2019-08-21 02:17:23,453 | INFO  | DNAudit | user=null | ip=null | op=WRITE_CHUNK {blockData=conID: 2 locID: 102652565483815442 bcsId: 0} | ret=SUCCESS |  
2019-08-21 02:17:23,453 | INFO  | DNAudit | user=null | ip=null | op=WRITE_CHUNK {blockData=conID: 2 locID: 102652565483815442 bcsId: 0} | ret=SUCCESS |  
2019-08-21 02:17:23,454 | INFO  | DNAudit | user=null | ip=null | op=WRITE_CHUNK {blockData=conID: 2 locID: 102652565483815442 bcsId: 0} | ret=SUCCESS |  
2019-08-21 02:17:23,454 | INFO  | DNAudit | user=null | ip=null | op=WRITE_CHUNK {blockData=conID: 2 locID: 102652565483815442 bcsId: 0} | ret=SUCCESS |  
2019-08-21 02:17:23,455 | INFO  | DNAudit | user=null | ip=null | op=WRITE_CHUNK {blockData=conID: 2 locID: 102652565483815442 bcsId: 0} | ret=SUCCESS |  
2019-08-21 02:17:23,457 | INFO  | DNAudit | user=null | ip=null | op=WRITE_CHUNK {blockData=conID: 2 locID: 102652565483815442 bcsId: 0} | ret=SUCCESS |  
2019-08-21 02:17:23,458 | INFO  | DNAudit | user=null | ip=null | op=PUT_BLOCK {blockData=[blockId=conID: 2 locID: 102652565483815442 bcsId: 0,size=1048576]} | ret=SUCCESS |  
2019-08-21 02:17:23,458 | INFO  | DNAudit | user=null | ip=null | op=WRITE_CHUNK {blockData=conID: 2 locID: 102652565483815442 bcsId: 0} | ret=SUCCESS |  
2019-08-21 02:17:23,458 [grpc-default-executor-2] INFO  client.GrpcClientProtocolClient (GrpcClientProtocolClient.java:onNext(255)) - client-54CC064C3FCE->8224e767-71c1-41fc-a01a-d172d48fd9d8: receive RaftClientReply:client-54CC064C3FCE->8224e767-71c1-41fc-a01a-d172d48fd9d8@group-F6B37CC92441, cid=1866, SUCCESS, logIndex=2705, commits[8224e767-71c1-41fc-a01a-d172d48fd9d8:c2708, 6eae0c21-01aa-4169-956f-5952b26ea7ba:c2704, 8d7dcba1-3b82-4d94-a832-514ef5c79cf8:c2704]
2019-08-21 02:17:23,458 | INFO  | DNAudit | user=null | ip=null | op=PUT_BLOCK {blockData=[blockId=conID: 2 locID: 102652565483815442 bcsId: 0,size=2097152]} | ret=SUCCESS |  
2019-08-21 02:17:23,459 | INFO  | DNAudit | user=null | ip=null | op=WRITE_CHUNK {blockData=conID: 2 locID: 102652565483815442 bcsId: 0} | ret=SUCCESS |  
2019-08-21 02:17:23,459 [grpc-default-executor-2] INFO  client.GrpcClientProtocolClient (GrpcClientProtocolClient.java:onNext(255)) - client-54CC064C3FCE->8224e767-71c1-41fc-a01a-d172d48fd9d8: receive RaftClientReply:client-54CC064C3FCE->8224e767-71c1-41fc-a01a-d172d48fd9d8@group-F6B37CC92441, cid=1867, SUCCESS, logIndex=2706, commits[8224e767-71c1-41fc-a01a-d172d48fd9d8:c2708, 6eae0c21-01aa-4169-956f-5952b26ea7ba:c2704, 8d7dcba1-3b82-4d94-a832-514ef5c79cf8:c2704]
2019-08-21 02:17:23,459 | INFO  | DNAudit | user=null | ip=null | op=PUT_BLOCK {blockData=[blockId=conID: 2 locID: 102652565483815442 bcsId: 0,size=1048576]} | ret=SUCCESS |  
2019-08-21 02:17:23,459 [grpc-default-executor-2] INFO  client.GrpcClientProtocolClient (GrpcClientProtocolClient.java:onNext(255)) - client-54CC064C3FCE->8224e767-71c1-41fc-a01a-d172d48fd9d8: receive RaftClientReply:client-54CC064C3FCE->8224e767-71c1-41fc-a01a-d172d48fd9d8@group-F6B37CC92441, cid=1868, SUCCESS, logIndex=2707, commits[8224e767-71c1-41fc-a01a-d172d48fd9d8:c2708, 6eae0c21-01aa-4169-956f-5952b26ea7ba:c2704, 8d7dcba1-3b82-4d94-a832-514ef5c79cf8:c2704]
2019-08-21 02:17:23,459 | INFO  | DNAudit | user=null | ip=null | op=WRITE_CHUNK {blockData=conID: 2 locID: 102652565483815442 bcsId: 0} | ret=SUCCESS |  
2019-08-21 02:17:23,459 | INFO  | DNAudit | user=null | ip=null | op=WRITE_CHUNK {blockData=conID: 2 locID: 102652565483815442 bcsId: 0} | ret=SUCCESS |  
2019-08-21 02:17:23,459 | INFO  | DNAudit | user=null | ip=null | op=PUT_BLOCK {blockData=[blockId=conID: 2 locID: 102652565483815442 bcsId: 0,size=1048576]} | ret=SUCCESS |  
2019-08-21 02:17:23,459 | INFO  | DNAudit | user=null | ip=null | op=WRITE_CHUNK {blockData=conID: 2 locID: 102652565483815442 bcsId: 0} | ret=SUCCESS |  
2019-08-21 02:17:23,460 [grpc-default-executor-0] INFO  client.GrpcClientProtocolClient (GrpcClientProtocolClient.java:onNext(255)) - client-54CC064C3FCE->8224e767-71c1-41fc-a01a-d172d48fd9d8: receive RaftClientReply:client-54CC064C3FCE->8224e767-71c1-41fc-a01a-d172d48fd9d8@group-F6B37CC92441, cid=1869, SUCCESS, logIndex=2708, commits[8224e767-71c1-41fc-a01a-d172d48fd9d8:c2708, 6eae0c21-01aa-4169-956f-5952b26ea7ba:c2704, 8d7dcba1-3b82-4d94-a832-514ef5c79cf8:c2704]
2019-08-21 02:17:23,460 | INFO  | DNAudit | user=null | ip=null | op=PUT_BLOCK {blockData=[blockId=conID: 2 locID: 102652565483815442 bcsId: 0,size=2097152]} | ret=SUCCESS |  
2019-08-21 02:17:23,461 [grpc-default-executor-0] INFO  client.GrpcClientProtocolClient (GrpcClientProtocolClient.java:onNext(255)) - client-54CC064C3FCE->8224e767-71c1-41fc-a01a-d172d48fd9d8: receive RaftClientReply:client-54CC064C3FCE->8224e767-71c1-41fc-a01a-d172d48fd9d8@group-F6B37CC92441, cid=1870, SUCCESS, logIndex=0, commits[8224e767-71c1-41fc-a01a-d172d48fd9d8:c2709, 6eae0c21-01aa-4169-956f-5952b26ea7ba:c2707, 8d7dcba1-3b82-4d94-a832-514ef5c79cf8:c2707]
2019-08-21 02:17:23,462 | INFO  | DNAudit | user=null | ip=null | op=PUT_BLOCK {blockData=[blockId=conID: 2 locID: 102652565483815442 bcsId: 0,size=2097152]} | ret=SUCCESS |  
2019-08-21 02:17:23,467 | INFO  | DNAudit | user=null | ip=null | op=WRITE_CHUNK {blockData=conID: 2 locID: 102652565483815442 bcsId: 2708} | ret=SUCCESS |  
2019-08-21 02:17:23,469 | INFO  | DNAudit | user=null | ip=null | op=WRITE_CHUNK {blockData=conID: 2 locID: 102652565483815442 bcsId: 2708} | ret=SUCCESS |  
2019-08-21 02:17:23,469 | INFO  | DNAudit | user=null | ip=null | op=WRITE_CHUNK {blockData=conID: 2 locID: 102652565483815442 bcsId: 2708} | ret=SUCCESS |  
2019-08-21 02:17:23,494 | INFO  | DNAudit | user=null | ip=null | op=WRITE_CHUNK {blockData=conID: 2 locID: 102652565483815442 bcsId: 2708} | ret=SUCCESS |  
2019-08-21 02:17:23,495 | INFO  | DNAudit | user=null | ip=null | op=PUT_BLOCK {blockData=[blockId=conID: 2 locID: 102652565483815442 bcsId: 0,size=3145728]} | ret=SUCCESS |  
2019-08-21 02:17:23,495 [grpc-default-executor-0] INFO  client.GrpcClientProtocolClient (GrpcClientProtocolClient.java:onNext(255)) - client-54CC064C3FCE->8224e767-71c1-41fc-a01a-d172d48fd9d8: receive RaftClientReply:client-54CC064C3FCE->8224e767-71c1-41fc-a01a-d172d48fd9d8@group-F6B37CC92441, cid=1871, SUCCESS, logIndex=2712, commits[8224e767-71c1-41fc-a01a-d172d48fd9d8:c2713, 6eae0c21-01aa-4169-956f-5952b26ea7ba:c2711, 8d7dcba1-3b82-4d94-a832-514ef5c79cf8:c2711]
2019-08-21 02:17:23,495 [grpc-default-executor-0] INFO  client.GrpcClientProtocolClient (GrpcClientProtocolClient.java:onNext(255)) - client-54CC064C3FCE->8224e767-71c1-41fc-a01a-d172d48fd9d8: receive RaftClientReply:client-54CC064C3FCE->8224e767-71c1-41fc-a01a-d172d48fd9d8@group-F6B37CC92441, cid=1872, SUCCESS, logIndex=2713, commits[8224e767-71c1-41fc-a01a-d172d48fd9d8:c2713, 6eae0c21-01aa-4169-956f-5952b26ea7ba:c2711, 8d7dcba1-3b82-4d94-a832-514ef5c79cf8:c2711]
2019-08-21 02:17:23,495 | INFO  | DNAudit | user=null | ip=null | op=WRITE_CHUNK {blockData=conID: 2 locID: 102652565483815442 bcsId: 2708} | ret=SUCCESS |  
2019-08-21 02:17:23,496 | INFO  | DNAudit | user=null | ip=null | op=WRITE_CHUNK {blockData=conID: 2 locID: 102652565483815442 bcsId: 2708} | ret=SUCCESS |  
2019-08-21 02:17:23,496 | INFO  | DNAudit | user=null | ip=null | op=PUT_BLOCK {blockData=[blockId=conID: 2 locID: 102652565483815442 bcsId: 0,size=3145728]} | ret=SUCCESS |  
2019-08-21 02:17:23,497 | INFO  | DNAudit | user=null | ip=null | op=PUT_BLOCK {blockData=[blockId=conID: 2 locID: 102652565483815442 bcsId: 0,size=3145728]} | ret=SUCCESS |  
2019-08-21 02:17:23,503 | INFO  | DNAudit | user=null | ip=null | op=WRITE_CHUNK {blockData=conID: 2 locID: 102652565483815442 bcsId: 2713} | ret=SUCCESS |  
2019-08-21 02:17:23,506 | INFO  | DNAudit | user=null | ip=null | op=WRITE_CHUNK {blockData=conID: 2 locID: 102652565483815442 bcsId: 2713} | ret=SUCCESS |  
2019-08-21 02:17:23,506 | INFO  | DNAudit | user=null | ip=null | op=WRITE_CHUNK {blockData=conID: 2 locID: 102652565483815442 bcsId: 2713} | ret=SUCCESS |  
2019-08-21 02:17:23,511 | INFO  | DNAudit | user=null | ip=null | op=WRITE_CHUNK {blockData=conID: 2 locID: 102652565483815442 bcsId: 2713} | ret=SUCCESS |  
2019-08-21 02:17:23,512 | INFO  | DNAudit | user=null | ip=null | op=PUT_BLOCK {blockData=[blockId=conID: 2 locID: 102652565483815442 bcsId: 0,size=4194304]} | ret=SUCCESS |  
2019-08-21 02:17:23,512 [grpc-default-executor-3] INFO  client.GrpcClientProtocolClient (GrpcClientProtocolClient.java:onNext(255)) - client-54CC064C3FCE->8224e767-71c1-41fc-a01a-d172d48fd9d8: receive RaftClientReply:client-54CC064C3FCE->8224e767-71c1-41fc-a01a-d172d48fd9d8@group-F6B37CC92441, cid=1873, SUCCESS, logIndex=2716, commits[8224e767-71c1-41fc-a01a-d172d48fd9d8:c2717, 6eae0c21-01aa-4169-956f-5952b26ea7ba:c2715, 8d7dcba1-3b82-4d94-a832-514ef5c79cf8:c2715]
2019-08-21 02:17:23,512 [grpc-default-executor-3] INFO  client.GrpcClientProtocolClient (GrpcClientProtocolClient.java:onNext(255)) - client-54CC064C3FCE->8224e767-71c1-41fc-a01a-d172d48fd9d8: receive RaftClientReply:client-54CC064C3FCE->8224e767-71c1-41fc-a01a-d172d48fd9d8@group-F6B37CC92441, cid=1874, SUCCESS, logIndex=2717, commits[8224e767-71c1-41fc-a01a-d172d48fd9d8:c2717, 6eae0c21-01aa-4169-956f-5952b26ea7ba:c2715, 8d7dcba1-3b82-4d94-a832-514ef5c79cf8:c2715]
2019-08-21 02:17:23,512 | INFO  | DNAudit | user=null | ip=null | op=WRITE_CHUNK {blockData=conID: 2 locID: 102652565483815442 bcsId: 2713} | ret=SUCCESS |  
2019-08-21 02:17:23,514 | INFO  | DNAudit | user=null | ip=null | op=WRITE_CHUNK {blockData=conID: 2 locID: 102652565483815442 bcsId: 2713} | ret=SUCCESS |  
2019-08-21 02:17:23,514 | INFO  | DNAudit | user=null | ip=null | op=PUT_BLOCK {blockData=[blockId=conID: 2 locID: 102652565483815442 bcsId: 0,size=4194304]} | ret=SUCCESS |  
2019-08-21 02:17:23,525 | INFO  | DNAudit | user=null | ip=null | op=PUT_BLOCK {blockData=[blockId=conID: 2 locID: 102652565483815442 bcsId: 0,size=4194304]} | ret=SUCCESS |  
2019-08-21 02:17:23,526 [grpc-default-executor-3] INFO  client.GrpcClientProtocolClient (GrpcClientProtocolClient.java:onNext(255)) - client-54CC064C3FCE->8224e767-71c1-41fc-a01a-d172d48fd9d8: receive RaftClientReply:client-54CC064C3FCE->8224e767-71c1-41fc-a01a-d172d48fd9d8@group-F6B37CC92441, cid=1875, SUCCESS, logIndex=0, commits[8224e767-71c1-41fc-a01a-d172d48fd9d8:c2718, 6eae0c21-01aa-4169-956f-5952b26ea7ba:c2717, 8d7dcba1-3b82-4d94-a832-514ef5c79cf8:c2717]
2019-08-21 02:17:23,531 | INFO  | SCMAudit | user=jenkins1000 | ip=192.168.34.10 | op=ALLOCATE_BLOCK {owner=b6f66289-f2a0-4058-b052-0a85e40df67b, size=4194304, type=RATIS, factor=THREE} | ret=SUCCESS |  
2019-08-21 02:17:23,535 | INFO  | OMAudit | user=jenkins1000 | ip=127.0.0.1 | op=ALLOCATE_BLOCK {volume=vol-0-90982, bucket=bucket-0-24269, key=key-0-81262, dataSize=0, replicationType=null, replicationFactor=null, keyLocationInfo=null, clientID=102652564580991378} | ret=SUCCESS |  
2019-08-21 02:17:23,543 | INFO  | DNAudit | user=null | ip=null | op=WRITE_CHUNK {blockData=conID: 3 locID: 102652565489648147 bcsId: 0} | ret=SUCCESS |  
2019-08-21 02:17:23,546 | INFO  | DNAudit | user=null | ip=null | op=WRITE_CHUNK {blockData=conID: 3 locID: 102652565489648147 bcsId: 0} | ret=SUCCESS |  
2019-08-21 02:17:23,546 | INFO  | DNAudit | user=null | ip=null | op=WRITE_CHUNK {blockData=conID: 3 locID: 102652565489648147 bcsId: 0} | ret=SUCCESS |  
2019-08-21 02:17:23,547 | INFO  | DNAudit | user=null | ip=null | op=WRITE_CHUNK {blockData=conID: 3 locID: 102652565489648147 bcsId: 0} | ret=SUCCESS |  
2019-08-21 02:17:23,549 | INFO  | DNAudit | user=null | ip=null | op=WRITE_CHUNK {blockData=conID: 3 locID: 102652565489648147 bcsId: 0} | ret=SUCCESS |  
2019-08-21 02:17:23,549 | INFO  | DNAudit | user=null | ip=null | op=WRITE_CHUNK {blockData=conID: 3 locID: 102652565489648147 bcsId: 0} | ret=SUCCESS |  
2019-08-21 02:17:23,555 | INFO  | DNAudit | user=null | ip=null | op=WRITE_CHUNK {blockData=conID: 3 locID: 102652565489648147 bcsId: 0} | ret=SUCCESS |  
2019-08-21 02:17:23,556 | INFO  | DNAudit | user=null | ip=null | op=PUT_BLOCK {blockData=[blockId=conID: 3 locID: 102652565489648147 bcsId: 0,size=1048576]} | ret=SUCCESS |  
2019-08-21 02:17:23,556 [grpc-default-executor-0] INFO  client.GrpcClientProtocolClient (GrpcClientProtocolClient.java:onNext(255)) - client-54CC064C3FCE->8224e767-71c1-41fc-a01a-d172d48fd9d8: receive RaftClientReply:client-54CC064C3FCE->8224e767-71c1-41fc-a01a-d172d48fd9d8@group-F6B37CC92441, cid=1876, SUCCESS, logIndex=2720, commits[8224e767-71c1-41fc-a01a-d172d48fd9d8:c2721, 6eae0c21-01aa-4169-956f-5952b26ea7ba:c2719, 8d7dcba1-3b82-4d94-a832-514ef5c79cf8:c2719]
2019-08-21 02:17:23,556 | INFO  | DNAudit | user=null | ip=null | op=WRITE_CHUNK {blockData=conID: 3 locID: 102652565489648147 bcsId: 0} | ret=SUCCESS |  
2019-08-21 02:17:23,557 [grpc-default-executor-0] INFO  client.GrpcClientProtocolClient (GrpcClientProtocolClient.java:onNext(255)) - client-54CC064C3FCE->8224e767-71c1-41fc-a01a-d172d48fd9d8: receive RaftClientReply:client-54CC064C3FCE->8224e767-71c1-41fc-a01a-d172d48fd9d8@group-F6B37CC92441, cid=1877, SUCCESS, logIndex=2721, commits[8224e767-71c1-41fc-a01a-d172d48fd9d8:c2722, 6eae0c21-01aa-4169-956f-5952b26ea7ba:c2719, 8d7dcba1-3b82-4d94-a832-514ef5c79cf8:c2719]
2019-08-21 02:17:23,557 | INFO  | DNAudit | user=null | ip=null | op=PUT_BLOCK {blockData=[blockId=conID: 3 locID: 102652565489648147 bcsId: 0,size=2097152]} | ret=SUCCESS |  
2019-08-21 02:17:23,557 [grpc-default-executor-0] INFO  client.GrpcClientProtocolClient (GrpcClientProtocolClient.java:onNext(255)) - client-54CC064C3FCE->8224e767-71c1-41fc-a01a-d172d48fd9d8: receive RaftClientReply:client-54CC064C3FCE->8224e767-71c1-41fc-a01a-d172d48fd9d8@group-F6B37CC92441, cid=1878, SUCCESS, logIndex=2722, commits[8224e767-71c1-41fc-a01a-d172d48fd9d8:c2723, 6eae0c21-01aa-4169-956f-5952b26ea7ba:c2719, 8d7dcba1-3b82-4d94-a832-514ef5c79cf8:c2719]
2019-08-21 02:17:23,557 [grpc-default-executor-0] INFO  client.GrpcClientProtocolClient (GrpcClientProtocolClient.java:onNext(255)) - client-54CC064C3FCE->8224e767-71c1-41fc-a01a-d172d48fd9d8: receive RaftClientReply:client-54CC064C3FCE->8224e767-71c1-41fc-a01a-d172d48fd9d8@group-F6B37CC92441, cid=1879, SUCCESS, logIndex=2723, commits[8224e767-71c1-41fc-a01a-d172d48fd9d8:c2723, 6eae0c21-01aa-4169-956f-5952b26ea7ba:c2719, 8d7dcba1-3b82-4d94-a832-514ef5c79cf8:c2719]
2019-08-21 02:17:23,569 | INFO  | DNAudit | user=null | ip=null | op=WRITE_CHUNK {blockData=conID: 3 locID: 102652565489648147 bcsId: 0} | ret=SUCCESS |  
2019-08-21 02:17:23,570 | INFO  | DNAudit | user=null | ip=null | op=PUT_BLOCK {blockData=[blockId=conID: 3 locID: 102652565489648147 bcsId: 0,size=1048576]} | ret=SUCCESS |  
2019-08-21 02:17:23,572 | INFO  | DNAudit | user=null | ip=null | op=WRITE_CHUNK {blockData=conID: 3 locID: 102652565489648147 bcsId: 0} | ret=SUCCESS |  
2019-08-21 02:17:23,572 | INFO  | DNAudit | user=null | ip=null | op=PUT_BLOCK {blockData=[blockId=conID: 3 locID: 102652565489648147 bcsId: 0,size=1048576]} | ret=SUCCESS |  
2019-08-21 02:17:23,572 | INFO  | DNAudit | user=null | ip=null | op=WRITE_CHUNK {blockData=conID: 3 locID: 102652565489648147 bcsId: 0} | ret=SUCCESS |  
2019-08-21 02:17:23,572 [grpc-default-executor-0] INFO  client.GrpcClientProtocolClient (GrpcClientProtocolClient.java:onNext(255)) - client-54CC064C3FCE->8224e767-71c1-41fc-a01a-d172d48fd9d8: receive RaftClientReply:client-54CC064C3FCE->8224e767-71c1-41fc-a01a-d172d48fd9d8@group-F6B37CC92441, cid=1880, SUCCESS, logIndex=0, commits[8224e767-71c1-41fc-a01a-d172d48fd9d8:c2725, 6eae0c21-01aa-4169-956f-5952b26ea7ba:c2721, 8d7dcba1-3b82-4d94-a832-514ef5c79cf8:c2721]
2019-08-21 02:17:23,572 | INFO  | DNAudit | user=null | ip=null | op=PUT_BLOCK {blockData=[blockId=conID: 3 locID: 102652565489648147 bcsId: 0,size=2097152]} | ret=SUCCESS |  
2019-08-21 02:17:23,579 | INFO  | DNAudit | user=null | ip=null | op=WRITE_CHUNK {blockData=conID: 3 locID: 102652565489648147 bcsId: 2723} | ret=SUCCESS |  
2019-08-21 02:17:23,582 | INFO  | DNAudit | user=null | ip=null | op=WRITE_CHUNK {blockData=conID: 3 locID: 102652565489648147 bcsId: 2723} | ret=SUCCESS |  
2019-08-21 02:17:23,582 | INFO  | DNAudit | user=null | ip=null | op=WRITE_CHUNK {blockData=conID: 3 locID: 102652565489648147 bcsId: 2723} | ret=SUCCESS |  
2019-08-21 02:17:23,583 | INFO  | DNAudit | user=null | ip=null | op=WRITE_CHUNK {blockData=conID: 3 locID: 102652565489648147 bcsId: 0} | ret=SUCCESS |  
2019-08-21 02:17:23,583 | INFO  | DNAudit | user=null | ip=null | op=PUT_BLOCK {blockData=[blockId=conID: 3 locID: 102652565489648147 bcsId: 0,size=2097152]} | ret=SUCCESS |  
2019-08-21 02:17:23,584 | INFO  | DNAudit | user=null | ip=null | op=WRITE_CHUNK {blockData=conID: 3 locID: 102652565489648147 bcsId: 2723} | ret=SUCCESS |  
2019-08-21 02:17:23,585 | INFO  | DNAudit | user=null | ip=null | op=PUT_BLOCK {blockData=[blockId=conID: 3 locID: 102652565489648147 bcsId: 0,size=3145728]} | ret=SUCCESS |  
2019-08-21 02:17:23,585 [grpc-default-executor-1] INFO  client.GrpcClientProtocolClient (GrpcClientProtocolClient.java:onNext(255)) - client-54CC064C3FCE->8224e767-71c1-41fc-a01a-d172d48fd9d8: receive RaftClientReply:client-54CC064C3FCE->8224e767-71c1-41fc-a01a-d172d48fd9d8@group-F6B37CC92441, cid=1881, SUCCESS, logIndex=2728, commits[8224e767-71c1-41fc-a01a-d172d48fd9d8:c2729, 6eae0c21-01aa-4169-956f-5952b26ea7ba:c2723, 8d7dcba1-3b82-4d94-a832-514ef5c79cf8:c2727]
2019-08-21 02:17:23,585 [grpc-default-executor-1] INFO  client.GrpcClientProtocolClient (GrpcClientProtocolClient.java:onNext(255)) - client-54CC064C3FCE->8224e767-71c1-41fc-a01a-d172d48fd9d8: receive RaftClientReply:client-54CC064C3FCE->8224e767-71c1-41fc-a01a-d172d48fd9d8@group-F6B37CC92441, cid=1882, SUCCESS, logIndex=2729, commits[8224e767-71c1-41fc-a01a-d172d48fd9d8:c2729, 6eae0c21-01aa-4169-956f-5952b26ea7ba:c2723, 8d7dcba1-3b82-4d94-a832-514ef5c79cf8:c2727]
2019-08-21 02:17:23,592 | INFO  | DNAudit | user=null | ip=null | op=WRITE_CHUNK {blockData=conID: 3 locID: 102652565489648147 bcsId: 2729} | ret=SUCCESS |  
2019-08-21 02:17:23,594 | INFO  | DNAudit | user=null | ip=null | op=WRITE_CHUNK {blockData=conID: 3 locID: 102652565489648147 bcsId: 2729} | ret=SUCCESS |  
2019-08-21 02:17:23,594 | INFO  | DNAudit | user=null | ip=null | op=WRITE_CHUNK {blockData=conID: 3 locID: 102652565489648147 bcsId: 2729} | ret=SUCCESS |  
2019-08-21 02:17:23,599 | INFO  | DNAudit | user=null | ip=null | op=WRITE_CHUNK {blockData=conID: 3 locID: 102652565489648147 bcsId: 2723} | ret=SUCCESS |  
2019-08-21 02:17:23,599 | INFO  | DNAudit | user=null | ip=null | op=WRITE_CHUNK {blockData=conID: 3 locID: 102652565489648147 bcsId: 2723} | ret=SUCCESS |  
2019-08-21 02:17:23,599 | INFO  | DNAudit | user=null | ip=null | op=PUT_BLOCK {blockData=[blockId=conID: 3 locID: 102652565489648147 bcsId: 0,size=3145728]} | ret=SUCCESS |  
2019-08-21 02:17:23,600 | INFO  | DNAudit | user=null | ip=null | op=PUT_BLOCK {blockData=[blockId=conID: 3 locID: 102652565489648147 bcsId: 0,size=3145728]} | ret=SUCCESS |  
2019-08-21 02:17:23,613 | INFO  | DNAudit | user=null | ip=null | op=WRITE_CHUNK {blockData=conID: 3 locID: 102652565489648147 bcsId: 2729} | ret=SUCCESS |  
2019-08-21 02:17:23,613 | INFO  | DNAudit | user=null | ip=null | op=PUT_BLOCK {blockData=[blockId=conID: 3 locID: 102652565489648147 bcsId: 0,size=4194304]} | ret=SUCCESS |  
2019-08-21 02:17:23,614 [grpc-default-executor-1] INFO  client.GrpcClientProtocolClient (GrpcClientProtocolClient.java:onNext(255)) - client-54CC064C3FCE->8224e767-71c1-41fc-a01a-d172d48fd9d8: receive RaftClientReply:client-54CC064C3FCE->8224e767-71c1-41fc-a01a-d172d48fd9d8@group-F6B37CC92441, cid=1883, SUCCESS, logIndex=2732, commits[8224e767-71c1-41fc-a01a-d172d48fd9d8:c2733, 6eae0c21-01aa-4169-956f-5952b26ea7ba:c2729, 8d7dcba1-3b82-4d94-a832-514ef5c79cf8:c2729]
2019-08-21 02:17:23,614 [grpc-default-executor-1] INFO  client.GrpcClientProtocolClient (GrpcClientProtocolClient.java:onNext(255)) - client-54CC064C3FCE->8224e767-71c1-41fc-a01a-d172d48fd9d8: receive RaftClientReply:client-54CC064C3FCE->8224e767-71c1-41fc-a01a-d172d48fd9d8@group-F6B37CC92441, cid=1884, SUCCESS, logIndex=2733, commits[8224e767-71c1-41fc-a01a-d172d48fd9d8:c2733, 6eae0c21-01aa-4169-956f-5952b26ea7ba:c2729, 8d7dcba1-3b82-4d94-a832-514ef5c79cf8:c2729]
2019-08-21 02:17:23,624 | INFO  | DNAudit | user=null | ip=null | op=WRITE_CHUNK {blockData=conID: 3 locID: 102652565489648147 bcsId: 2729} | ret=SUCCESS |  
2019-08-21 02:17:23,624 | INFO  | DNAudit | user=null | ip=null | op=WRITE_CHUNK {blockData=conID: 3 locID: 102652565489648147 bcsId: 2729} | ret=SUCCESS |  
2019-08-21 02:17:23,627 | INFO  | DNAudit | user=null | ip=null | op=PUT_BLOCK {blockData=[blockId=conID: 3 locID: 102652565489648147 bcsId: 0,size=4194304]} | ret=SUCCESS |  
2019-08-21 02:17:23,627 | INFO  | DNAudit | user=null | ip=null | op=PUT_BLOCK {blockData=[blockId=conID: 3 locID: 102652565489648147 bcsId: 0,size=4194304]} | ret=SUCCESS |  
2019-08-21 02:17:23,628 [grpc-default-executor-1] INFO  client.GrpcClientProtocolClient (GrpcClientProtocolClient.java:onNext(255)) - client-54CC064C3FCE->8224e767-71c1-41fc-a01a-d172d48fd9d8: receive RaftClientReply:client-54CC064C3FCE->8224e767-71c1-41fc-a01a-d172d48fd9d8@group-F6B37CC92441, cid=1885, SUCCESS, logIndex=0, commits[8224e767-71c1-41fc-a01a-d172d48fd9d8:c2735, 6eae0c21-01aa-4169-956f-5952b26ea7ba:c2733, 8d7dcba1-3b82-4d94-a832-514ef5c79cf8:c2733]
2019-08-21 02:17:23,633 | INFO  | SCMAudit | user=jenkins1000 | ip=192.168.34.10 | op=ALLOCATE_BLOCK {owner=b6f66289-f2a0-4058-b052-0a85e40df67b, size=4194304, type=RATIS, factor=THREE} | ret=SUCCESS |  
2019-08-21 02:17:23,636 | INFO  | OMAudit | user=jenkins1000 | ip=127.0.0.1 | op=ALLOCATE_BLOCK {volume=vol-0-90982, bucket=bucket-0-24269, key=key-0-81262, dataSize=0, replicationType=null, replicationFactor=null, keyLocationInfo=null, clientID=102652564580991378} | ret=SUCCESS |  
2019-08-21 02:17:23,643 | INFO  | DNAudit | user=null | ip=null | op=WRITE_CHUNK {blockData=conID: 1 locID: 102652565496267284 bcsId: 0} | ret=SUCCESS |  
2019-08-21 02:17:23,646 | INFO  | DNAudit | user=null | ip=null | op=WRITE_CHUNK {blockData=conID: 1 locID: 102652565496267284 bcsId: 0} | ret=SUCCESS |  
2019-08-21 02:17:23,646 | INFO  | DNAudit | user=null | ip=null | op=WRITE_CHUNK {blockData=conID: 1 locID: 102652565496267284 bcsId: 0} | ret=SUCCESS |  
2019-08-21 02:17:23,646 | INFO  | DNAudit | user=null | ip=null | op=WRITE_CHUNK {blockData=conID: 1 locID: 102652565496267284 bcsId: 0} | ret=SUCCESS |  
2019-08-21 02:17:23,648 | INFO  | DNAudit | user=null | ip=null | op=WRITE_CHUNK {blockData=conID: 1 locID: 102652565496267284 bcsId: 0} | ret=SUCCESS |  
2019-08-21 02:17:23,648 | INFO  | DNAudit | user=null | ip=null | op=WRITE_CHUNK {blockData=conID: 1 locID: 102652565496267284 bcsId: 0} | ret=SUCCESS |  
2019-08-21 02:17:23,656 | INFO  | DNAudit | user=null | ip=null | op=WRITE_CHUNK {blockData=conID: 1 locID: 102652565496267284 bcsId: 0} | ret=SUCCESS |  
2019-08-21 02:17:23,797 | INFO  | DNAudit | user=null | ip=null | op=PUT_BLOCK {blockData=[blockId=conID: 1 locID: 102652565496267284 bcsId: 0,size=1048576]} | ret=SUCCESS |  
2019-08-21 02:17:23,797 | INFO  | DNAudit | user=null | ip=null | op=WRITE_CHUNK {blockData=conID: 1 locID: 102652565496267284 bcsId: 0} | ret=SUCCESS |  
 0.00% |█                                                                                                    |  0/1 Time: 0:00:142019-08-21 02:17:23,798 | INFO  | DNAudit | user=null | ip=null | op=PUT_BLOCK {blockData=[blockId=conID: 1 locID: 102652565496267284 bcsId: 0,size=2097152]} | ret=SUCCESS |  
2019-08-21 02:17:23,798 | INFO  | SCMAudit | user=jenkins1000 | ip=192.168.34.10 | op=SEND_HEARTBEAT {datanodeUUID=3def7c30-cb13-4f41-8119-6188f246ad27, command=[]} | ret=SUCCESS |  
2019-08-21 02:17:23,798 | INFO  | SCMAudit | user=jenkins1000 | ip=192.168.34.10 | op=SEND_HEARTBEAT {datanodeUUID=94764dae-819c-4b7e-92f1-9cd6c64427b7, command=[]} | ret=SUCCESS |  
2019-08-21 02:17:23,799 | INFO  | DNAudit | user=null | ip=null | op=WRITE_CHUNK {blockData=conID: 1 locID: 102652565496267284 bcsId: 0} | ret=SUCCESS |  
2019-08-21 02:17:23,799 [grpc-default-executor-1] INFO  client.GrpcClientProtocolClient (GrpcClientProtocolClient.java:onNext(255)) - client-54CC064C3FCE->8224e767-71c1-41fc-a01a-d172d48fd9d8: receive RaftClientReply:client-54CC064C3FCE->8224e767-71c1-41fc-a01a-d172d48fd9d8@group-F6B37CC92441, cid=1886, SUCCESS, logIndex=2736, commits[8224e767-71c1-41fc-a01a-d172d48fd9d8:c2737, 6eae0c21-01aa-4169-956f-5952b26ea7ba:c2735, 8d7dcba1-3b82-4d94-a832-514ef5c79cf8:c2735]
2019-08-21 02:17:23,799 [grpc-default-executor-1] INFO  client.GrpcClientProtocolClient (GrpcClientProtocolClient.java:onNext(255)) - client-54CC064C3FCE->8224e767-71c1-41fc-a01a-d172d48fd9d8: receive RaftClientReply:client-54CC064C3FCE->8224e767-71c1-41fc-a01a-d172d48fd9d8@group-F6B37CC92441, cid=1887, SUCCESS, logIndex=2737, commits[8224e767-71c1-41fc-a01a-d172d48fd9d8:c2739, 6eae0c21-01aa-4169-956f-5952b26ea7ba:c2735, 8d7dcba1-3b82-4d94-a832-514ef5c79cf8:c2735]
2019-08-21 02:17:23,800 [grpc-default-executor-1] INFO  client.GrpcClientProtocolClient (GrpcClientProtocolClient.java:onNext(255)) - client-54CC064C3FCE->8224e767-71c1-41fc-a01a-d172d48fd9d8: receive RaftClientReply:client-54CC064C3FCE->8224e767-71c1-41fc-a01a-d172d48fd9d8@group-F6B37CC92441, cid=1888, SUCCESS, logIndex=2738, commits[8224e767-71c1-41fc-a01a-d172d48fd9d8:c2739, 6eae0c21-01aa-4169-956f-5952b26ea7ba:c2735, 8d7dcba1-3b82-4d94-a832-514ef5c79cf8:c2735]
2019-08-21 02:17:23,800 [grpc-default-executor-1] INFO  client.GrpcClientProtocolClient (GrpcClientProtocolClient.java:onNext(255)) - client-54CC064C3FCE->8224e767-71c1-41fc-a01a-d172d48fd9d8: receive RaftClientReply:client-54CC064C3FCE->8224e767-71c1-41fc-a01a-d172d48fd9d8@group-F6B37CC92441, cid=1889, SUCCESS, logIndex=2739, commits[8224e767-71c1-41fc-a01a-d172d48fd9d8:c2739, 6eae0c21-01aa-4169-956f-5952b26ea7ba:c2735, 8d7dcba1-3b82-4d94-a832-514ef5c79cf8:c2735]
2019-08-21 02:17:23,810 | INFO  | DNAudit | user=null | ip=null | op=WRITE_CHUNK {blockData=conID: 1 locID: 102652565496267284 bcsId: 0} | ret=SUCCESS |  
2019-08-21 02:17:23,810 | INFO  | DNAudit | user=null | ip=null | op=PUT_BLOCK {blockData=[blockId=conID: 1 locID: 102652565496267284 bcsId: 0,size=1048576]} | ret=SUCCESS |  
2019-08-21 02:17:23,810 | INFO  | DNAudit | user=null | ip=null | op=PUT_BLOCK {blockData=[blockId=conID: 1 locID: 102652565496267284 bcsId: 0,size=1048576]} | ret=SUCCESS |  
2019-08-21 02:17:23,811 | INFO  | DNAudit | user=null | ip=null | op=WRITE_CHUNK {blockData=conID: 1 locID: 102652565496267284 bcsId: 0} | ret=SUCCESS |  
2019-08-21 02:17:23,811 [grpc-default-executor-3] INFO  client.GrpcClientProtocolClient (GrpcClientProtocolClient.java:onNext(255)) - client-54CC064C3FCE->8224e767-71c1-41fc-a01a-d172d48fd9d8: receive RaftClientReply:client-54CC064C3FCE->8224e767-71c1-41fc-a01a-d172d48fd9d8@group-F6B37CC92441, cid=1890, SUCCESS, logIndex=0, commits[8224e767-71c1-41fc-a01a-d172d48fd9d8:c2741, 6eae0c21-01aa-4169-956f-5952b26ea7ba:c2737, 8d7dcba1-3b82-4d94-a832-514ef5c79cf8:c2737]
2019-08-21 02:17:23,819 | INFO  | DNAudit | user=null | ip=null | op=WRITE_CHUNK {blockData=conID: 1 locID: 102652565496267284 bcsId: 2739} | ret=SUCCESS |  
2019-08-21 02:17:23,821 | INFO  | DNAudit | user=null | ip=null | op=WRITE_CHUNK {blockData=conID: 1 locID: 102652565496267284 bcsId: 0} | ret=SUCCESS |  
2019-08-21 02:17:23,822 | INFO  | DNAudit | user=null | ip=null | op=WRITE_CHUNK {blockData=conID: 1 locID: 102652565496267284 bcsId: 2739} | ret=SUCCESS |  
2019-08-21 02:17:23,822 | INFO  | DNAudit | user=null | ip=null | op=PUT_BLOCK {blockData=[blockId=conID: 1 locID: 102652565496267284 bcsId: 0,size=2097152]} | ret=SUCCESS |  
2019-08-21 02:17:23,822 | INFO  | DNAudit | user=null | ip=null | op=PUT_BLOCK {blockData=[blockId=conID: 1 locID: 102652565496267284 bcsId: 0,size=2097152]} | ret=SUCCESS |  
2019-08-21 02:17:23,822 | INFO  | DNAudit | user=null | ip=null | op=WRITE_CHUNK {blockData=conID: 1 locID: 102652565496267284 bcsId: 2739} | ret=SUCCESS |  
2019-08-21 02:17:23,823 | INFO  | DNAudit | user=null | ip=null | op=WRITE_CHUNK {blockData=conID: 1 locID: 102652565496267284 bcsId: 2739} | ret=SUCCESS |  
2019-08-21 02:17:23,824 | INFO  | DNAudit | user=null | ip=null | op=PUT_BLOCK {blockData=[blockId=conID: 1 locID: 102652565496267284 bcsId: 0,size=3145728]} | ret=SUCCESS |  
2019-08-21 02:17:23,824 [grpc-default-executor-0] INFO  client.GrpcClientProtocolClient (GrpcClientProtocolClient.java:onNext(255)) - client-54CC064C3FCE->8224e767-71c1-41fc-a01a-d172d48fd9d8: receive RaftClientReply:client-54CC064C3FCE->8224e767-71c1-41fc-a01a-d172d48fd9d8@group-F6B37CC92441, cid=1891, SUCCESS, logIndex=2744, commits[8224e767-71c1-41fc-a01a-d172d48fd9d8:c2745, 6eae0c21-01aa-4169-956f-5952b26ea7ba:c2742, 8d7dcba1-3b82-4d94-a832-514ef5c79cf8:c2739]
2019-08-21 02:17:23,824 [grpc-default-executor-0] INFO  client.GrpcClientProtocolClient (GrpcClientProtocolClient.java:onNext(255)) - client-54CC064C3FCE->8224e767-71c1-41fc-a01a-d172d48fd9d8: receive RaftClientReply:client-54CC064C3FCE->8224e767-71c1-41fc-a01a-d172d48fd9d8@group-F6B37CC92441, cid=1892, SUCCESS, logIndex=2745, commits[8224e767-71c1-41fc-a01a-d172d48fd9d8:c2745, 6eae0c21-01aa-4169-956f-5952b26ea7ba:c2742, 8d7dcba1-3b82-4d94-a832-514ef5c79cf8:c2742]
2019-08-21 02:17:23,825 | INFO  | DNAudit | user=null | ip=null | op=WRITE_CHUNK {blockData=conID: 1 locID: 102652565496267284 bcsId: 2739} | ret=SUCCESS |  
2019-08-21 02:17:23,825 | INFO  | DNAudit | user=null | ip=null | op=PUT_BLOCK {blockData=[blockId=conID: 1 locID: 102652565496267284 bcsId: 0,size=3145728]} | ret=SUCCESS |  
2019-08-21 02:17:23,826 | INFO  | DNAudit | user=null | ip=null | op=WRITE_CHUNK {blockData=conID: 1 locID: 102652565496267284 bcsId: 2739} | ret=SUCCESS |  
2019-08-21 02:17:23,826 | INFO  | DNAudit | user=null | ip=null | op=PUT_BLOCK {blockData=[blockId=conID: 1 locID: 102652565496267284 bcsId: 0,size=3145728]} | ret=SUCCESS |  
2019-08-21 02:17:23,831 | INFO  | DNAudit | user=null | ip=null | op=WRITE_CHUNK {blockData=conID: 1 locID: 102652565496267284 bcsId: 2745} | ret=SUCCESS |  
2019-08-21 02:17:23,834 | INFO  | DNAudit | user=null | ip=null | op=WRITE_CHUNK {blockData=conID: 1 locID: 102652565496267284 bcsId: 2745} | ret=SUCCESS |  
2019-08-21 02:17:23,834 | INFO  | DNAudit | user=null | ip=null | op=WRITE_CHUNK {blockData=conID: 1 locID: 102652565496267284 bcsId: 2745} | ret=SUCCESS |  
2019-08-21 02:17:23,844 | INFO  | DNAudit | user=null | ip=null | op=WRITE_CHUNK {blockData=conID: 1 locID: 102652565496267284 bcsId: 2745} | ret=SUCCESS |  
2019-08-21 02:17:23,844 | INFO  | DNAudit | user=null | ip=null | op=PUT_BLOCK {blockData=[blockId=conID: 1 locID: 102652565496267284 bcsId: 0,size=4194304]} | ret=SUCCESS |  
2019-08-21 02:17:23,845 [grpc-default-executor-0] INFO  client.GrpcClientProtocolClient (GrpcClientProtocolClient.java:onNext(255)) - client-54CC064C3FCE->8224e767-71c1-41fc-a01a-d172d48fd9d8: receive RaftClientReply:client-54CC064C3FCE->8224e767-71c1-41fc-a01a-d172d48fd9d8@group-F6B37CC92441, cid=1893, SUCCESS, logIndex=2748, commits[8224e767-71c1-41fc-a01a-d172d48fd9d8:c2749, 6eae0c21-01aa-4169-956f-5952b26ea7ba:c2747, 8d7dcba1-3b82-4d94-a832-514ef5c79cf8:c2747]
2019-08-21 02:17:23,845 [grpc-default-executor-0] INFO  client.GrpcClientProtocolClient (GrpcClientProtocolClient.java:onNext(255)) - client-54CC064C3FCE->8224e767-71c1-41fc-a01a-d172d48fd9d8: receive RaftClientReply:client-54CC064C3FCE->8224e767-71c1-41fc-a01a-d172d48fd9d8@group-F6B37CC92441, cid=1894, SUCCESS, logIndex=2749, commits[8224e767-71c1-41fc-a01a-d172d48fd9d8:c2749, 6eae0c21-01aa-4169-956f-5952b26ea7ba:c2747, 8d7dcba1-3b82-4d94-a832-514ef5c79cf8:c2747]
2019-08-21 02:17:23,856 | INFO  | DNAudit | user=null | ip=null | op=WRITE_CHUNK {blockData=conID: 1 locID: 102652565496267284 bcsId: 2745} | ret=SUCCESS |  
2019-08-21 02:17:23,856 | INFO  | DNAudit | user=null | ip=null | op=WRITE_CHUNK {blockData=conID: 1 locID: 102652565496267284 bcsId: 2745} | ret=SUCCESS |  
2019-08-21 02:17:23,857 | INFO  | DNAudit | user=null | ip=null | op=PUT_BLOCK {blockData=[blockId=conID: 1 locID: 102652565496267284 bcsId: 0,size=4194304]} | ret=SUCCESS |  
2019-08-21 02:17:23,857 | INFO  | DNAudit | user=null | ip=null | op=PUT_BLOCK {blockData=[blockId=conID: 1 locID: 102652565496267284 bcsId: 0,size=4194304]} | ret=SUCCESS |  
2019-08-21 02:17:23,858 [grpc-default-executor-3] INFO  client.GrpcClientProtocolClient (GrpcClientProtocolClient.java:onNext(255)) - client-54CC064C3FCE->8224e767-71c1-41fc-a01a-d172d48fd9d8: receive RaftClientReply:client-54CC064C3FCE->8224e767-71c1-41fc-a01a-d172d48fd9d8@group-F6B37CC92441, cid=1895, SUCCESS, logIndex=0, commits[8224e767-71c1-41fc-a01a-d172d48fd9d8:c2751, 6eae0c21-01aa-4169-956f-5952b26ea7ba:c2749, 8d7dcba1-3b82-4d94-a832-514ef5c79cf8:c2749]
2019-08-21 02:17:23,863 | INFO  | SCMAudit | user=jenkins1000 | ip=192.168.34.10 | op=ALLOCATE_BLOCK {owner=b6f66289-f2a0-4058-b052-0a85e40df67b, size=4194304, type=RATIS, factor=THREE} | ret=SUCCESS |  
2019-08-21 02:17:23,866 | INFO  | OMAudit | user=jenkins1000 | ip=127.0.0.1 | op=ALLOCATE_BLOCK {volume=vol-0-90982, bucket=bucket-0-24269, key=key-0-81262, dataSize=0, replicationType=null, replicationFactor=null, keyLocationInfo=null, clientID=102652564580991378} | ret=SUCCESS |  
2019-08-21 02:17:23,876 | INFO  | DNAudit | user=null | ip=null | op=WRITE_CHUNK {blockData=conID: 2 locID: 102652565511406101 bcsId: 0} | ret=SUCCESS |  
2019-08-21 02:17:23,877 | INFO  | DNAudit | user=null | ip=null | op=WRITE_CHUNK {blockData=conID: 2 locID: 102652565511406101 bcsId: 0} | ret=SUCCESS |  
2019-08-21 02:17:23,879 | INFO  | DNAudit | user=null | ip=null | op=WRITE_CHUNK {blockData=conID: 2 locID: 102652565511406101 bcsId: 0} | ret=SUCCESS |  
2019-08-21 02:17:23,879 | INFO  | DNAudit | user=null | ip=null | op=WRITE_CHUNK {blockData=conID: 2 locID: 102652565511406101 bcsId: 0} | ret=SUCCESS |  
2019-08-21 02:17:23,881 | INFO  | DNAudit | user=null | ip=null | op=WRITE_CHUNK {blockData=conID: 2 locID: 102652565511406101 bcsId: 0} | ret=SUCCESS |  
2019-08-21 02:17:23,882 | INFO  | DNAudit | user=null | ip=null | op=WRITE_CHUNK {blockData=conID: 2 locID: 102652565511406101 bcsId: 0} | ret=SUCCESS |  
2019-08-21 02:17:23,889 | INFO  | DNAudit | user=null | ip=null | op=WRITE_CHUNK {blockData=conID: 2 locID: 102652565511406101 bcsId: 0} | ret=SUCCESS |  
2019-08-21 02:17:23,890 | INFO  | DNAudit | user=null | ip=null | op=PUT_BLOCK {blockData=[blockId=conID: 2 locID: 102652565511406101 bcsId: 0,size=1048576]} | ret=SUCCESS |  
2019-08-21 02:17:23,890 [grpc-default-executor-1] INFO  client.GrpcClientProtocolClient (GrpcClientProtocolClient.java:onNext(255)) - client-54CC064C3FCE->8224e767-71c1-41fc-a01a-d172d48fd9d8: receive RaftClientReply:client-54CC064C3FCE->8224e767-71c1-41fc-a01a-d172d48fd9d8@group-F6B37CC92441, cid=1896, SUCCESS, logIndex=2752, commits[8224e767-71c1-41fc-a01a-d172d48fd9d8:c2753, 6eae0c21-01aa-4169-956f-5952b26ea7ba:c2751, 8d7dcba1-3b82-4d94-a832-514ef5c79cf8:c2751]
2019-08-21 02:17:23,890 | INFO  | DNAudit | user=null | ip=null | op=WRITE_CHUNK {blockData=conID: 2 locID: 102652565511406101 bcsId: 0} | ret=SUCCESS |  
2019-08-21 02:17:23,890 [grpc-default-executor-2] INFO  client.GrpcClientProtocolClient (GrpcClientProtocolClient.java:onNext(255)) - client-54CC064C3FCE->8224e767-71c1-41fc-a01a-d172d48fd9d8: receive RaftClientReply:client-54CC064C3FCE->8224e767-71c1-41fc-a01a-d172d48fd9d8@group-F6B37CC92441, cid=1897, SUCCESS, logIndex=2753, commits[8224e767-71c1-41fc-a01a-d172d48fd9d8:c2754, 6eae0c21-01aa-4169-956f-5952b26ea7ba:c2751, 8d7dcba1-3b82-4d94-a832-514ef5c79cf8:c2751]
2019-08-21 02:17:23,891 | INFO  | DNAudit | user=null | ip=null | op=PUT_BLOCK {blockData=[blockId=conID: 2 locID: 102652565511406101 bcsId: 0,size=2097152]} | ret=SUCCESS |  
2019-08-21 02:17:23,891 [grpc-default-executor-2] INFO  client.GrpcClientProtocolClient (GrpcClientProtocolClient.java:onNext(255)) - client-54CC064C3FCE->8224e767-71c1-41fc-a01a-d172d48fd9d8: receive RaftClientReply:client-54CC064C3FCE->8224e767-71c1-41fc-a01a-d172d48fd9d8@group-F6B37CC92441, cid=1898, SUCCESS, logIndex=2754, commits[8224e767-71c1-41fc-a01a-d172d48fd9d8:c2755, 6eae0c21-01aa-4169-956f-5952b26ea7ba:c2751, 8d7dcba1-3b82-4d94-a832-514ef5c79cf8:c2751]
2019-08-21 02:17:23,891 [grpc-default-executor-2] INFO  client.GrpcClientProtocolClient (GrpcClientProtocolClient.java:onNext(255)) - client-54CC064C3FCE->8224e767-71c1-41fc-a01a-d172d48fd9d8: receive RaftClientReply:client-54CC064C3FCE->8224e767-71c1-41fc-a01a-d172d48fd9d8@group-F6B37CC92441, cid=1899, SUCCESS, logIndex=2755, commits[8224e767-71c1-41fc-a01a-d172d48fd9d8:c2755, 6eae0c21-01aa-4169-956f-5952b26ea7ba:c2751, 8d7dcba1-3b82-4d94-a832-514ef5c79cf8:c2751]
2019-08-21 02:17:23,902 | INFO  | DNAudit | user=null | ip=null | op=WRITE_CHUNK {blockData=conID: 2 locID: 102652565511406101 bcsId: 0} | ret=SUCCESS |  
2019-08-21 02:17:23,902 | INFO  | DNAudit | user=null | ip=null | op=PUT_BLOCK {blockData=[blockId=conID: 2 locID: 102652565511406101 bcsId: 0,size=1048576]} | ret=SUCCESS |  
2019-08-21 02:17:23,903 | INFO  | DNAudit | user=null | ip=null | op=WRITE_CHUNK {blockData=conID: 2 locID: 102652565511406101 bcsId: 0} | ret=SUCCESS |  
2019-08-21 02:17:23,903 | INFO  | DNAudit | user=null | ip=null | op=PUT_BLOCK {blockData=[blockId=conID: 2 locID: 102652565511406101 bcsId: 0,size=1048576]} | ret=SUCCESS |  
2019-08-21 02:17:23,903 | INFO  | DNAudit | user=null | ip=null | op=WRITE_CHUNK {blockData=conID: 2 locID: 102652565511406101 bcsId: 0} | ret=SUCCESS |  
2019-08-21 02:17:23,903 | INFO  | DNAudit | user=null | ip=null | op=WRITE_CHUNK {blockData=conID: 2 locID: 102652565511406101 bcsId: 0} | ret=SUCCESS |  
2019-08-21 02:17:23,903 | INFO  | DNAudit | user=null | ip=null | op=PUT_BLOCK {blockData=[blockId=conID: 2 locID: 102652565511406101 bcsId: 0,size=2097152]} | ret=SUCCESS |  
2019-08-21 02:17:23,904 | INFO  | DNAudit | user=null | ip=null | op=PUT_BLOCK {blockData=[blockId=conID: 2 locID: 102652565511406101 bcsId: 0,size=2097152]} | ret=SUCCESS |  
2019-08-21 02:17:23,903 [grpc-default-executor-1] INFO  client.GrpcClientProtocolClient (GrpcClientProtocolClient.java:onNext(255)) - client-54CC064C3FCE->8224e767-71c1-41fc-a01a-d172d48fd9d8: receive RaftClientReply:client-54CC064C3FCE->8224e767-71c1-41fc-a01a-d172d48fd9d8@group-F6B37CC92441, cid=1900, SUCCESS, logIndex=0, commits[8224e767-71c1-41fc-a01a-d172d48fd9d8:c2757, 6eae0c21-01aa-4169-956f-5952b26ea7ba:c2753, 8d7dcba1-3b82-4d94-a832-514ef5c79cf8:c2753]
2019-08-21 02:17:23,911 | INFO  | DNAudit | user=null | ip=null | op=WRITE_CHUNK {blockData=conID: 2 locID: 102652565511406101 bcsId: 2755} | ret=SUCCESS |  
2019-08-21 02:17:23,913 | INFO  | DNAudit | user=null | ip=null | op=WRITE_CHUNK {blockData=conID: 2 locID: 102652565511406101 bcsId: 2755} | ret=SUCCESS |  
2019-08-21 02:17:23,913 | INFO  | DNAudit | user=null | ip=null | op=WRITE_CHUNK {blockData=conID: 2 locID: 102652565511406101 bcsId: 2755} | ret=SUCCESS |  
2019-08-21 02:17:23,923 | INFO  | DNAudit | user=null | ip=null | op=WRITE_CHUNK {blockData=conID: 2 locID: 102652565511406101 bcsId: 2755} | ret=SUCCESS |  
2019-08-21 02:17:23,924 | INFO  | DNAudit | user=null | ip=null | op=PUT_BLOCK {blockData=[blockId=conID: 2 locID: 102652565511406101 bcsId: 0,size=3145728]} | ret=SUCCESS |  
2019-08-21 02:17:23,924 [grpc-default-executor-0] INFO  client.GrpcClientProtocolClient (GrpcClientProtocolClient.java:onNext(255)) - client-54CC064C3FCE->8224e767-71c1-41fc-a01a-d172d48fd9d8: receive RaftClientReply:client-54CC064C3FCE->8224e767-71c1-41fc-a01a-d172d48fd9d8@group-F6B37CC92441, cid=1901, SUCCESS, logIndex=2760, commits[8224e767-71c1-41fc-a01a-d172d48fd9d8:c2761, 6eae0c21-01aa-4169-956f-5952b26ea7ba:c2759, 8d7dcba1-3b82-4d94-a832-514ef5c79cf8:c2759]
2019-08-21 02:17:23,924 [grpc-default-executor-0] INFO  client.GrpcClientProtocolClient (GrpcClientProtocolClient.java:onNext(255)) - client-54CC064C3FCE->8224e767-71c1-41fc-a01a-d172d48fd9d8: receive RaftClientReply:client-54CC064C3FCE->8224e767-71c1-41fc-a01a-d172d48fd9d8@group-F6B37CC92441, cid=1902, SUCCESS, logIndex=2761, commits[8224e767-71c1-41fc-a01a-d172d48fd9d8:c2761, 6eae0c21-01aa-4169-956f-5952b26ea7ba:c2759, 8d7dcba1-3b82-4d94-a832-514ef5c79cf8:c2759]
2019-08-21 02:17:23,931 | INFO  | DNAudit | user=null | ip=null | op=WRITE_CHUNK {blockData=conID: 2 locID: 102652565511406101 bcsId: 2761} | ret=SUCCESS |  
2019-08-21 02:17:23,933 | INFO  | DNAudit | user=null | ip=null | op=WRITE_CHUNK {blockData=conID: 2 locID: 102652565511406101 bcsId: 2761} | ret=SUCCESS |  
2019-08-21 02:17:23,933 | INFO  | DNAudit | user=null | ip=null | op=WRITE_CHUNK {blockData=conID: 2 locID: 102652565511406101 bcsId: 2761} | ret=SUCCESS |  
2019-08-21 02:17:23,935 | INFO  | DNAudit | user=null | ip=null | op=WRITE_CHUNK {blockData=conID: 2 locID: 102652565511406101 bcsId: 2755} | ret=SUCCESS |  
2019-08-21 02:17:23,935 | INFO  | DNAudit | user=null | ip=null | op=WRITE_CHUNK {blockData=conID: 2 locID: 102652565511406101 bcsId: 2755} | ret=SUCCESS |  
2019-08-21 02:17:23,935 | INFO  | DNAudit | user=null | ip=null | op=PUT_BLOCK {blockData=[blockId=conID: 2 locID: 102652565511406101 bcsId: 0,size=3145728]} | ret=SUCCESS |  
2019-08-21 02:17:23,935 | INFO  | DNAudit | user=null | ip=null | op=PUT_BLOCK {blockData=[blockId=conID: 2 locID: 102652565511406101 bcsId: 0,size=3145728]} | ret=SUCCESS |  
2019-08-21 02:17:23,937 | INFO  | DNAudit | user=null | ip=null | op=WRITE_CHUNK {blockData=conID: 2 locID: 102652565511406101 bcsId: 2761} | ret=SUCCESS |  
2019-08-21 02:17:23,937 | INFO  | DNAudit | user=null | ip=null | op=PUT_BLOCK {blockData=[blockId=conID: 2 locID: 102652565511406101 bcsId: 0,size=4194304]} | ret=SUCCESS |  
2019-08-21 02:17:23,937 [grpc-default-executor-1] INFO  client.GrpcClientProtocolClient (GrpcClientProtocolClient.java:onNext(255)) - client-54CC064C3FCE->8224e767-71c1-41fc-a01a-d172d48fd9d8: receive RaftClientReply:client-54CC064C3FCE->8224e767-71c1-41fc-a01a-d172d48fd9d8@group-F6B37CC92441, cid=1903, SUCCESS, logIndex=2764, commits[8224e767-71c1-41fc-a01a-d172d48fd9d8:c2765, 6eae0c21-01aa-4169-956f-5952b26ea7ba:c2761, 8d7dcba1-3b82-4d94-a832-514ef5c79cf8:c2761]
2019-08-21 02:17:23,938 [grpc-default-executor-1] INFO  client.GrpcClientProtocolClient (GrpcClientProtocolClient.java:onNext(255)) - client-54CC064C3FCE->8224e767-71c1-41fc-a01a-d172d48fd9d8: receive RaftClientReply:client-54CC064C3FCE->8224e767-71c1-41fc-a01a-d172d48fd9d8@group-F6B37CC92441, cid=1904, SUCCESS, logIndex=2765, commits[8224e767-71c1-41fc-a01a-d172d48fd9d8:c2765, 6eae0c21-01aa-4169-956f-5952b26ea7ba:c2761, 8d7dcba1-3b82-4d94-a832-514ef5c79cf8:c2761]
2019-08-21 02:17:23,949 | INFO  | DNAudit | user=null | ip=null | op=WRITE_CHUNK {blockData=conID: 2 locID: 102652565511406101 bcsId: 2761} | ret=SUCCESS |  
2019-08-21 02:17:23,949 | INFO  | DNAudit | user=null | ip=null | op=WRITE_CHUNK {blockData=conID: 2 locID: 102652565511406101 bcsId: 2761} | ret=SUCCESS |  
2019-08-21 02:17:23,950 | INFO  | DNAudit | user=null | ip=null | op=PUT_BLOCK {blockData=[blockId=conID: 2 locID: 102652565511406101 bcsId: 0,size=4194304]} | ret=SUCCESS |  
2019-08-21 02:17:23,950 | INFO  | DNAudit | user=null | ip=null | op=PUT_BLOCK {blockData=[blockId=conID: 2 locID: 102652565511406101 bcsId: 0,size=4194304]} | ret=SUCCESS |  
2019-08-21 02:17:23,951 [grpc-default-executor-1] INFO  client.GrpcClientProtocolClient (GrpcClientProtocolClient.java:onNext(255)) - client-54CC064C3FCE->8224e767-71c1-41fc-a01a-d172d48fd9d8: receive RaftClientReply:client-54CC064C3FCE->8224e767-71c1-41fc-a01a-d172d48fd9d8@group-F6B37CC92441, cid=1905, SUCCESS, logIndex=0, commits[8224e767-71c1-41fc-a01a-d172d48fd9d8:c2767, 6eae0c21-01aa-4169-956f-5952b26ea7ba:c2765, 8d7dcba1-3b82-4d94-a832-514ef5c79cf8:c2765]
2019-08-21 02:17:23,954 | INFO  | SCMAudit | user=jenkins1000 | ip=192.168.34.10 | op=ALLOCATE_BLOCK {owner=b6f66289-f2a0-4058-b052-0a85e40df67b, size=4194304, type=RATIS, factor=THREE} | ret=SUCCESS |  
2019-08-21 02:17:23,957 | INFO  | OMAudit | user=jenkins1000 | ip=127.0.0.1 | op=ALLOCATE_BLOCK {volume=vol-0-90982, bucket=bucket-0-24269, key=key-0-81262, dataSize=0, replicationType=null, replicationFactor=null, keyLocationInfo=null, clientID=102652564580991378} | ret=SUCCESS |  
2019-08-21 02:17:23,964 | INFO  | DNAudit | user=null | ip=null | op=WRITE_CHUNK {blockData=conID: 3 locID: 102652565517369878 bcsId: 0} | ret=SUCCESS |  
2019-08-21 02:17:23,967 | INFO  | DNAudit | user=null | ip=null | op=WRITE_CHUNK {blockData=conID: 3 locID: 102652565517369878 bcsId: 0} | ret=SUCCESS |  
2019-08-21 02:17:23,967 | INFO  | DNAudit | user=null | ip=null | op=WRITE_CHUNK {blockData=conID: 3 locID: 102652565517369878 bcsId: 0} | ret=SUCCESS |  
2019-08-21 02:17:23,967 | INFO  | DNAudit | user=null | ip=null | op=WRITE_CHUNK {blockData=conID: 3 locID: 102652565517369878 bcsId: 0} | ret=SUCCESS |  
2019-08-21 02:17:23,969 | INFO  | DNAudit | user=null | ip=null | op=WRITE_CHUNK {blockData=conID: 3 locID: 102652565517369878 bcsId: 0} | ret=SUCCESS |  
2019-08-21 02:17:23,969 | INFO  | DNAudit | user=null | ip=null | op=WRITE_CHUNK {blockData=conID: 3 locID: 102652565517369878 bcsId: 0} | ret=SUCCESS |  
2019-08-21 02:17:23,976 | INFO  | DNAudit | user=null | ip=null | op=WRITE_CHUNK {blockData=conID: 3 locID: 102652565517369878 bcsId: 0} | ret=SUCCESS |  
2019-08-21 02:17:23,977 | INFO  | DNAudit | user=null | ip=null | op=PUT_BLOCK {blockData=[blockId=conID: 3 locID: 102652565517369878 bcsId: 0,size=1048576]} | ret=SUCCESS |  
2019-08-21 02:17:23,977 [grpc-default-executor-2] INFO  client.GrpcClientProtocolClient (GrpcClientProtocolClient.java:onNext(255)) - client-54CC064C3FCE->8224e767-71c1-41fc-a01a-d172d48fd9d8: receive RaftClientReply:client-54CC064C3FCE->8224e767-71c1-41fc-a01a-d172d48fd9d8@group-F6B37CC92441, cid=1906, SUCCESS, logIndex=2768, commits[8224e767-71c1-41fc-a01a-d172d48fd9d8:c2769, 6eae0c21-01aa-4169-956f-5952b26ea7ba:c2767, 8d7dcba1-3b82-4d94-a832-514ef5c79cf8:c2767]
2019-08-21 02:17:23,978 | INFO  | DNAudit | user=null | ip=null | op=WRITE_CHUNK {blockData=conID: 3 locID: 102652565517369878 bcsId: 0} | ret=SUCCESS |  
2019-08-21 02:17:23,978 [grpc-default-executor-3] INFO  client.GrpcClientProtocolClient (GrpcClientProtocolClient.java:onNext(255)) - client-54CC064C3FCE->8224e767-71c1-41fc-a01a-d172d48fd9d8: receive RaftClientReply:client-54CC064C3FCE->8224e767-71c1-41fc-a01a-d172d48fd9d8@group-F6B37CC92441, cid=1907, SUCCESS, logIndex=2769, commits[8224e767-71c1-41fc-a01a-d172d48fd9d8:c2769, 6eae0c21-01aa-4169-956f-5952b26ea7ba:c2767, 8d7dcba1-3b82-4d94-a832-514ef5c79cf8:c2767]
2019-08-21 02:17:23,978 | INFO  | DNAudit | user=null | ip=null | op=PUT_BLOCK {blockData=[blockId=conID: 3 locID: 102652565517369878 bcsId: 0,size=2097152]} | ret=SUCCESS |  
2019-08-21 02:17:23,978 [grpc-default-executor-2] INFO  client.GrpcClientProtocolClient (GrpcClientProtocolClient.java:onNext(255)) - client-54CC064C3FCE->8224e767-71c1-41fc-a01a-d172d48fd9d8: receive RaftClientReply:client-54CC064C3FCE->8224e767-71c1-41fc-a01a-d172d48fd9d8@group-F6B37CC92441, cid=1908, SUCCESS, logIndex=2770, commits[8224e767-71c1-41fc-a01a-d172d48fd9d8:c2771, 6eae0c21-01aa-4169-956f-5952b26ea7ba:c2767, 8d7dcba1-3b82-4d94-a832-514ef5c79cf8:c2767]
2019-08-21 02:17:23,978 [grpc-default-executor-2] INFO  client.GrpcClientProtocolClient (GrpcClientProtocolClient.java:onNext(255)) - client-54CC064C3FCE->8224e767-71c1-41fc-a01a-d172d48fd9d8: receive RaftClientReply:client-54CC064C3FCE->8224e767-71c1-41fc-a01a-d172d48fd9d8@group-F6B37CC92441, cid=1909, SUCCESS, logIndex=2771, commits[8224e767-71c1-41fc-a01a-d172d48fd9d8:c2771, 6eae0c21-01aa-4169-956f-5952b26ea7ba:c2767, 8d7dcba1-3b82-4d94-a832-514ef5c79cf8:c2767]
2019-08-21 02:17:23,979 | INFO  | DNAudit | user=null | ip=null | op=WRITE_CHUNK {blockData=conID: 3 locID: 102652565517369878 bcsId: 0} | ret=SUCCESS |  
2019-08-21 02:17:23,979 | INFO  | DNAudit | user=null | ip=null | op=WRITE_CHUNK {blockData=conID: 3 locID: 102652565517369878 bcsId: 0} | ret=SUCCESS |  
2019-08-21 02:17:23,979 | INFO  | DNAudit | user=null | ip=null | op=PUT_BLOCK {blockData=[blockId=conID: 3 locID: 102652565517369878 bcsId: 0,size=1048576]} | ret=SUCCESS |  
2019-08-21 02:17:23,979 | INFO  | DNAudit | user=null | ip=null | op=PUT_BLOCK {blockData=[blockId=conID: 3 locID: 102652565517369878 bcsId: 0,size=1048576]} | ret=SUCCESS |  
2019-08-21 02:17:23,980 [grpc-default-executor-3] INFO  client.GrpcClientProtocolClient (GrpcClientProtocolClient.java:onNext(255)) - client-54CC064C3FCE->8224e767-71c1-41fc-a01a-d172d48fd9d8: receive RaftClientReply:client-54CC064C3FCE->8224e767-71c1-41fc-a01a-d172d48fd9d8@group-F6B37CC92441, cid=1910, SUCCESS, logIndex=0, commits[8224e767-71c1-41fc-a01a-d172d48fd9d8:c2773, 6eae0c21-01aa-4169-956f-5952b26ea7ba:c2769, 8d7dcba1-3b82-4d94-a832-514ef5c79cf8:c2769]
2019-08-21 02:17:23,980 | INFO  | DNAudit | user=null | ip=null | op=WRITE_CHUNK {blockData=conID: 3 locID: 102652565517369878 bcsId: 0} | ret=SUCCESS |  
2019-08-21 02:17:23,980 | INFO  | DNAudit | user=null | ip=null | op=PUT_BLOCK {blockData=[blockId=conID: 3 locID: 102652565517369878 bcsId: 0,size=2097152]} | ret=SUCCESS |  
2019-08-21 02:17:23,982 | INFO  | DNAudit | user=null | ip=null | op=WRITE_CHUNK {blockData=conID: 3 locID: 102652565517369878 bcsId: 0} | ret=SUCCESS |  
2019-08-21 02:17:23,982 | INFO  | DNAudit | user=null | ip=null | op=PUT_BLOCK {blockData=[blockId=conID: 3 locID: 102652565517369878 bcsId: 0,size=2097152]} | ret=SUCCESS |  
2019-08-21 02:17:23,986 | INFO  | DNAudit | user=null | ip=null | op=WRITE_CHUNK {blockData=conID: 3 locID: 102652565517369878 bcsId: 2771} | ret=SUCCESS |  
2019-08-21 02:17:23,988 | INFO  | DNAudit | user=null | ip=null | op=WRITE_CHUNK {blockData=conID: 3 locID: 102652565517369878 bcsId: 2771} | ret=SUCCESS |  
2019-08-21 02:17:23,988 | INFO  | DNAudit | user=null | ip=null | op=WRITE_CHUNK {blockData=conID: 3 locID: 102652565517369878 bcsId: 2771} | ret=SUCCESS |  
2019-08-21 02:17:23,990 | INFO  | DNAudit | user=null | ip=null | op=WRITE_CHUNK {blockData=conID: 3 locID: 102652565517369878 bcsId: 2771} | ret=SUCCESS |  
2019-08-21 02:17:23,991 | INFO  | DNAudit | user=null | ip=null | op=PUT_BLOCK {blockData=[blockId=conID: 3 locID: 102652565517369878 bcsId: 0,size=3145728]} | ret=SUCCESS |  
2019-08-21 02:17:23,991 [grpc-default-executor-2] INFO  client.GrpcClientProtocolClient (GrpcClientProtocolClient.java:onNext(255)) - client-54CC064C3FCE->8224e767-71c1-41fc-a01a-d172d48fd9d8: receive RaftClientReply:client-54CC064C3FCE->8224e767-71c1-41fc-a01a-d172d48fd9d8@group-F6B37CC92441, cid=1911, SUCCESS, logIndex=2776, commits[8224e767-71c1-41fc-a01a-d172d48fd9d8:c2777, 6eae0c21-01aa-4169-956f-5952b26ea7ba:c2775, 8d7dcba1-3b82-4d94-a832-514ef5c79cf8:c2775]
2019-08-21 02:17:23,991 [grpc-default-executor-2] INFO  client.GrpcClientProtocolClient (GrpcClientProtocolClient.java:onNext(255)) - client-54CC064C3FCE->8224e767-71c1-41fc-a01a-d172d48fd9d8: receive RaftClientReply:client-54CC064C3FCE->8224e767-71c1-41fc-a01a-d172d48fd9d8@group-F6B37CC92441, cid=1912, SUCCESS, logIndex=2777, commits[8224e767-71c1-41fc-a01a-d172d48fd9d8:c2777, 6eae0c21-01aa-4169-956f-5952b26ea7ba:c2775, 8d7dcba1-3b82-4d94-a832-514ef5c79cf8:c2775]
2019-08-21 02:17:23,991 | INFO  | DNAudit | user=null | ip=null | op=WRITE_CHUNK {blockData=conID: 3 locID: 102652565517369878 bcsId: 2771} | ret=SUCCESS |  
2019-08-21 02:17:23,992 | INFO  | DNAudit | user=null | ip=null | op=WRITE_CHUNK {blockData=conID: 3 locID: 102652565517369878 bcsId: 2771} | ret=SUCCESS |  
2019-08-21 02:17:23,992 | INFO  | DNAudit | user=null | ip=null | op=PUT_BLOCK {blockData=[blockId=conID: 3 locID: 102652565517369878 bcsId: 0,size=3145728]} | ret=SUCCESS |  
2019-08-21 02:17:23,992 | INFO  | DNAudit | user=null | ip=null | op=PUT_BLOCK {blockData=[blockId=conID: 3 locID: 102652565517369878 bcsId: 0,size=3145728]} | ret=SUCCESS |  
2019-08-21 02:17:23,997 | INFO  | DNAudit | user=null | ip=null | op=WRITE_CHUNK {blockData=conID: 3 locID: 102652565517369878 bcsId: 2777} | ret=SUCCESS |  
2019-08-21 02:17:24,000 | INFO  | DNAudit | user=null | ip=null | op=WRITE_CHUNK {blockData=conID: 3 locID: 102652565517369878 bcsId: 2777} | ret=SUCCESS |  
2019-08-21 02:17:24,000 | INFO  | DNAudit | user=null | ip=null | op=WRITE_CHUNK {blockData=conID: 3 locID: 102652565517369878 bcsId: 2777} | ret=SUCCESS |  
2019-08-21 02:17:24,002 | INFO  | DNAudit | user=null | ip=null | op=WRITE_CHUNK {blockData=conID: 3 locID: 102652565517369878 bcsId: 2777} | ret=SUCCESS |  
2019-08-21 02:17:24,003 | INFO  | DNAudit | user=null | ip=null | op=PUT_BLOCK {blockData=[blockId=conID: 3 locID: 102652565517369878 bcsId: 0,size=4194304]} | ret=SUCCESS |  
2019-08-21 02:17:24,003 [grpc-default-executor-2] INFO  client.GrpcClientProtocolClient (GrpcClientProtocolClient.java:onNext(255)) - client-54CC064C3FCE->8224e767-71c1-41fc-a01a-d172d48fd9d8: receive RaftClientReply:client-54CC064C3FCE->8224e767-71c1-41fc-a01a-d172d48fd9d8@group-F6B37CC92441, cid=1913, SUCCESS, logIndex=2780, commits[8224e767-71c1-41fc-a01a-d172d48fd9d8:c2781, 6eae0c21-01aa-4169-956f-5952b26ea7ba:c2779, 8d7dcba1-3b82-4d94-a832-514ef5c79cf8:c2779]
2019-08-21 02:17:24,003 [grpc-default-executor-2] INFO  client.GrpcClientProtocolClient (GrpcClientProtocolClient.java:onNext(255)) - client-54CC064C3FCE->8224e767-71c1-41fc-a01a-d172d48fd9d8: receive RaftClientReply:client-54CC064C3FCE->8224e767-71c1-41fc-a01a-d172d48fd9d8@group-F6B37CC92441, cid=1914, SUCCESS, logIndex=2781, commits[8224e767-71c1-41fc-a01a-d172d48fd9d8:c2781, 6eae0c21-01aa-4169-956f-5952b26ea7ba:c2779, 8d7dcba1-3b82-4d94-a832-514ef5c79cf8:c2779]
2019-08-21 02:17:24,004 | INFO  | DNAudit | user=null | ip=null | op=WRITE_CHUNK {blockData=conID: 3 locID: 102652565517369878 bcsId: 2777} | ret=SUCCESS |  
2019-08-21 02:17:24,004 | INFO  | DNAudit | user=null | ip=null | op=WRITE_CHUNK {blockData=conID: 3 locID: 102652565517369878 bcsId: 2777} | ret=SUCCESS |  
2019-08-21 02:17:24,004 | INFO  | DNAudit | user=null | ip=null | op=PUT_BLOCK {blockData=[blockId=conID: 3 locID: 102652565517369878 bcsId: 0,size=4194304]} | ret=SUCCESS |  
2019-08-21 02:17:24,005 | INFO  | DNAudit | user=null | ip=null | op=PUT_BLOCK {blockData=[blockId=conID: 3 locID: 102652565517369878 bcsId: 0,size=4194304]} | ret=SUCCESS |  
2019-08-21 02:17:24,006 [grpc-default-executor-2] INFO  client.GrpcClientProtocolClient (GrpcClientProtocolClient.java:onNext(255)) - client-54CC064C3FCE->8224e767-71c1-41fc-a01a-d172d48fd9d8: receive RaftClientReply:client-54CC064C3FCE->8224e767-71c1-41fc-a01a-d172d48fd9d8@group-F6B37CC92441, cid=1915, SUCCESS, logIndex=0, commits[8224e767-71c1-41fc-a01a-d172d48fd9d8:c2782, 6eae0c21-01aa-4169-956f-5952b26ea7ba:c2781, 8d7dcba1-3b82-4d94-a832-514ef5c79cf8:c2781]
2019-08-21 02:17:24,010 | INFO  | SCMAudit | user=jenkins1000 | ip=192.168.34.10 | op=ALLOCATE_BLOCK {owner=b6f66289-f2a0-4058-b052-0a85e40df67b, size=4194304, type=RATIS, factor=THREE} | ret=SUCCESS |  
2019-08-21 02:17:24,012 | INFO  | OMAudit | user=jenkins1000 | ip=127.0.0.1 | op=ALLOCATE_BLOCK {volume=vol-0-90982, bucket=bucket-0-24269, key=key-0-81262, dataSize=0, replicationType=null, replicationFactor=null, keyLocationInfo=null, clientID=102652564580991378} | ret=SUCCESS |  
2019-08-21 02:17:24,018 | INFO  | DNAudit | user=null | ip=null | op=WRITE_CHUNK {blockData=conID: 1 locID: 102652565520974359 bcsId: 0} | ret=SUCCESS |  
2019-08-21 02:17:24,021 | INFO  | DNAudit | user=null | ip=null | op=WRITE_CHUNK {blockData=conID: 1 locID: 102652565520974359 bcsId: 0} | ret=SUCCESS |  
2019-08-21 02:17:24,021 | INFO  | DNAudit | user=null | ip=null | op=WRITE_CHUNK {blockData=conID: 1 locID: 102652565520974359 bcsId: 0} | ret=SUCCESS |  
2019-08-21 02:17:24,021 | INFO  | DNAudit | user=null | ip=null | op=WRITE_CHUNK {blockData=conID: 1 locID: 102652565520974359 bcsId: 0} | ret=SUCCESS |  
2019-08-21 02:17:24,022 | INFO  | DNAudit | user=null | ip=null | op=WRITE_CHUNK {blockData=conID: 1 locID: 102652565520974359 bcsId: 0} | ret=SUCCESS |  
2019-08-21 02:17:24,022 | INFO  | DNAudit | user=null | ip=null | op=WRITE_CHUNK {blockData=conID: 1 locID: 102652565520974359 bcsId: 0} | ret=SUCCESS |  
2019-08-21 02:17:24,029 | INFO  | DNAudit | user=null | ip=null | op=WRITE_CHUNK {blockData=conID: 1 locID: 102652565520974359 bcsId: 0} | ret=SUCCESS |  
2019-08-21 02:17:24,030 | INFO  | DNAudit | user=null | ip=null | op=PUT_BLOCK {blockData=[blockId=conID: 1 locID: 102652565520974359 bcsId: 0,size=1048576]} | ret=SUCCESS |  
2019-08-21 02:17:24,030 [grpc-default-executor-2] INFO  client.GrpcClientProtocolClient (GrpcClientProtocolClient.java:onNext(255)) - client-54CC064C3FCE->8224e767-71c1-41fc-a01a-d172d48fd9d8: receive RaftClientReply:client-54CC064C3FCE->8224e767-71c1-41fc-a01a-d172d48fd9d8@group-F6B37CC92441, cid=1916, SUCCESS, logIndex=2784, commits[8224e767-71c1-41fc-a01a-d172d48fd9d8:c2787, 6eae0c21-01aa-4169-956f-5952b26ea7ba:c2783, 8d7dcba1-3b82-4d94-a832-514ef5c79cf8:c2783]
2019-08-21 02:17:24,030 | INFO  | DNAudit | user=null | ip=null | op=WRITE_CHUNK {blockData=conID: 1 locID: 102652565520974359 bcsId: 0} | ret=SUCCESS |  
2019-08-21 02:17:24,030 [grpc-default-executor-2] INFO  client.GrpcClientProtocolClient (GrpcClientProtocolClient.java:onNext(255)) - client-54CC064C3FCE->8224e767-71c1-41fc-a01a-d172d48fd9d8: receive RaftClientReply:client-54CC064C3FCE->8224e767-71c1-41fc-a01a-d172d48fd9d8@group-F6B37CC92441, cid=1917, SUCCESS, logIndex=2785, commits[8224e767-71c1-41fc-a01a-d172d48fd9d8:c2787, 6eae0c21-01aa-4169-956f-5952b26ea7ba:c2783, 8d7dcba1-3b82-4d94-a832-514ef5c79cf8:c2783]
2019-08-21 02:17:24,031 | INFO  | DNAudit | user=null | ip=null | op=PUT_BLOCK {blockData=[blockId=conID: 1 locID: 102652565520974359 bcsId: 0,size=2097152]} | ret=SUCCESS |  
2019-08-21 02:17:24,031 [grpc-default-executor-3] INFO  client.GrpcClientProtocolClient (GrpcClientProtocolClient.java:onNext(255)) - client-54CC064C3FCE->8224e767-71c1-41fc-a01a-d172d48fd9d8: receive RaftClientReply:client-54CC064C3FCE->8224e767-71c1-41fc-a01a-d172d48fd9d8@group-F6B37CC92441, cid=1918, SUCCESS, logIndex=2786, commits[8224e767-71c1-41fc-a01a-d172d48fd9d8:c2787, 6eae0c21-01aa-4169-956f-5952b26ea7ba:c2783, 8d7dcba1-3b82-4d94-a832-514ef5c79cf8:c2783]
2019-08-21 02:17:24,031 | INFO  | DNAudit | user=null | ip=null | op=WRITE_CHUNK {blockData=conID: 1 locID: 102652565520974359 bcsId: 0} | ret=SUCCESS |  
2019-08-21 02:17:24,031 [grpc-default-executor-3] INFO  client.GrpcClientProtocolClient (GrpcClientProtocolClient.java:onNext(255)) - client-54CC064C3FCE->8224e767-71c1-41fc-a01a-d172d48fd9d8: receive RaftClientReply:client-54CC064C3FCE->8224e767-71c1-41fc-a01a-d172d48fd9d8@group-F6B37CC92441, cid=1919, SUCCESS, logIndex=2787, commits[8224e767-71c1-41fc-a01a-d172d48fd9d8:c2787, 6eae0c21-01aa-4169-956f-5952b26ea7ba:c2783, 8d7dcba1-3b82-4d94-a832-514ef5c79cf8:c2783]
2019-08-21 02:17:24,031 | INFO  | DNAudit | user=null | ip=null | op=PUT_BLOCK {blockData=[blockId=conID: 1 locID: 102652565520974359 bcsId: 0,size=1048576]} | ret=SUCCESS |  
2019-08-21 02:17:24,032 | INFO  | DNAudit | user=null | ip=null | op=WRITE_CHUNK {blockData=conID: 1 locID: 102652565520974359 bcsId: 0} | ret=SUCCESS |  
2019-08-21 02:17:24,032 | INFO  | DNAudit | user=null | ip=null | op=PUT_BLOCK {blockData=[blockId=conID: 1 locID: 102652565520974359 bcsId: 0,size=1048576]} | ret=SUCCESS |  
2019-08-21 02:17:24,032 [grpc-default-executor-3] INFO  client.GrpcClientProtocolClient (GrpcClientProtocolClient.java:onNext(255)) - client-54CC064C3FCE->8224e767-71c1-41fc-a01a-d172d48fd9d8: receive RaftClientReply:client-54CC064C3FCE->8224e767-71c1-41fc-a01a-d172d48fd9d8@group-F6B37CC92441, cid=1920, SUCCESS, logIndex=0, commits[8224e767-71c1-41fc-a01a-d172d48fd9d8:c2788, 6eae0c21-01aa-4169-956f-5952b26ea7ba:c2785, 8d7dcba1-3b82-4d94-a832-514ef5c79cf8:c2785]
2019-08-21 02:17:24,032 | INFO  | DNAudit | user=null | ip=null | op=WRITE_CHUNK {blockData=conID: 1 locID: 102652565520974359 bcsId: 0} | ret=SUCCESS |  
2019-08-21 02:17:24,032 | INFO  | DNAudit | user=null | ip=null | op=WRITE_CHUNK {blockData=conID: 1 locID: 102652565520974359 bcsId: 0} | ret=SUCCESS |  
2019-08-21 02:17:24,032 | INFO  | DNAudit | user=null | ip=null | op=PUT_BLOCK {blockData=[blockId=conID: 1 locID: 102652565520974359 bcsId: 0,size=2097152]} | ret=SUCCESS |  
2019-08-21 02:17:24,032 | INFO  | DNAudit | user=null | ip=null | op=PUT_BLOCK {blockData=[blockId=conID: 1 locID: 102652565520974359 bcsId: 0,size=2097152]} | ret=SUCCESS |  
2019-08-21 02:17:24,037 | INFO  | DNAudit | user=null | ip=null | op=WRITE_CHUNK {blockData=conID: 1 locID: 102652565520974359 bcsId: 2787} | ret=SUCCESS |  
2019-08-21 02:17:24,039 | INFO  | DNAudit | user=null | ip=null | op=WRITE_CHUNK {blockData=conID: 1 locID: 102652565520974359 bcsId: 2787} | ret=SUCCESS |  
2019-08-21 02:17:24,040 | INFO  | DNAudit | user=null | ip=null | op=WRITE_CHUNK {blockData=conID: 1 locID: 102652565520974359 bcsId: 2787} | ret=SUCCESS |  
2019-08-21 02:17:24,051 | INFO  | DNAudit | user=null | ip=null | op=WRITE_CHUNK {blockData=conID: 1 locID: 102652565520974359 bcsId: 2787} | ret=SUCCESS |  
2019-08-21 02:17:24,051 | INFO  | DNAudit | user=null | ip=null | op=PUT_BLOCK {blockData=[blockId=conID: 1 locID: 102652565520974359 bcsId: 0,size=3145728]} | ret=SUCCESS |  
2019-08-21 02:17:24,051 [grpc-default-executor-3] INFO  client.GrpcClientProtocolClient (GrpcClientProtocolClient.java:onNext(255)) - client-54CC064C3FCE->8224e767-71c1-41fc-a01a-d172d48fd9d8: receive RaftClientReply:client-54CC064C3FCE->8224e767-71c1-41fc-a01a-d172d48fd9d8@group-F6B37CC92441, cid=1921, SUCCESS, logIndex=2791, commits[8224e767-71c1-41fc-a01a-d172d48fd9d8:c2792, 6eae0c21-01aa-4169-956f-5952b26ea7ba:c2790, 8d7dcba1-3b82-4d94-a832-514ef5c79cf8:c2790]
2019-08-21 02:17:24,052 [grpc-default-executor-3] INFO  client.GrpcClientProtocolClient (GrpcClientProtocolClient.java:onNext(255)) - client-54CC064C3FCE->8224e767-71c1-41fc-a01a-d172d48fd9d8: receive RaftClientReply:client-54CC064C3FCE->8224e767-71c1-41fc-a01a-d172d48fd9d8@group-F6B37CC92441, cid=1922, SUCCESS, logIndex=2792, commits[8224e767-71c1-41fc-a01a-d172d48fd9d8:c2792, 6eae0c21-01aa-4169-956f-5952b26ea7ba:c2790, 8d7dcba1-3b82-4d94-a832-514ef5c79cf8:c2790]
2019-08-21 02:17:24,057 | INFO  | DNAudit | user=null | ip=null | op=WRITE_CHUNK {blockData=conID: 1 locID: 102652565520974359 bcsId: 2792} | ret=SUCCESS |  
2019-08-21 02:17:24,059 | INFO  | DNAudit | user=null | ip=null | op=WRITE_CHUNK {blockData=conID: 1 locID: 102652565520974359 bcsId: 2792} | ret=SUCCESS |  
2019-08-21 02:17:24,060 | INFO  | DNAudit | user=null | ip=null | op=WRITE_CHUNK {blockData=conID: 1 locID: 102652565520974359 bcsId: 2792} | ret=SUCCESS |  
2019-08-21 02:17:24,063 | INFO  | DNAudit | user=null | ip=null | op=WRITE_CHUNK {blockData=conID: 1 locID: 102652565520974359 bcsId: 2787} | ret=SUCCESS |  
2019-08-21 02:17:24,063 | INFO  | DNAudit | user=null | ip=null | op=WRITE_CHUNK {blockData=conID: 1 locID: 102652565520974359 bcsId: 2787} | ret=SUCCESS |  
2019-08-21 02:17:24,065 | INFO  | DNAudit | user=null | ip=null | op=PUT_BLOCK {blockData=[blockId=conID: 1 locID: 102652565520974359 bcsId: 0,size=3145728]} | ret=SUCCESS |  
2019-08-21 02:17:24,066 | INFO  | DNAudit | user=null | ip=null | op=PUT_BLOCK {blockData=[blockId=conID: 1 locID: 102652565520974359 bcsId: 0,size=3145728]} | ret=SUCCESS |  
2019-08-21 02:17:24,066 | INFO  | DNAudit | user=null | ip=null | op=WRITE_CHUNK {blockData=conID: 1 locID: 102652565520974359 bcsId: 2792} | ret=SUCCESS |  
2019-08-21 02:17:24,066 | INFO  | DNAudit | user=null | ip=null | op=PUT_BLOCK {blockData=[blockId=conID: 1 locID: 102652565520974359 bcsId: 0,size=4194304]} | ret=SUCCESS |  
2019-08-21 02:17:24,066 [grpc-default-executor-0] INFO  client.GrpcClientProtocolClient (GrpcClientProtocolClient.java:onNext(255)) - client-54CC064C3FCE->8224e767-71c1-41fc-a01a-d172d48fd9d8: receive RaftClientReply:client-54CC064C3FCE->8224e767-71c1-41fc-a01a-d172d48fd9d8@group-F6B37CC92441, cid=1923, SUCCESS, logIndex=2795, commits[8224e767-71c1-41fc-a01a-d172d48fd9d8:c2796, 6eae0c21-01aa-4169-956f-5952b26ea7ba:c2792, 8d7dcba1-3b82-4d94-a832-514ef5c79cf8:c2792]
2019-08-21 02:17:24,067 [grpc-default-executor-0] INFO  client.GrpcClientProtocolClient (GrpcClientProtocolClient.java:onNext(255)) - client-54CC064C3FCE->8224e767-71c1-41fc-a01a-d172d48fd9d8: receive RaftClientReply:client-54CC064C3FCE->8224e767-71c1-41fc-a01a-d172d48fd9d8@group-F6B37CC92441, cid=1924, SUCCESS, logIndex=2796, commits[8224e767-71c1-41fc-a01a-d172d48fd9d8:c2796, 6eae0c21-01aa-4169-956f-5952b26ea7ba:c2792, 8d7dcba1-3b82-4d94-a832-514ef5c79cf8:c2792]
2019-08-21 02:17:24,078 | INFO  | DNAudit | user=null | ip=null | op=WRITE_CHUNK {blockData=conID: 1 locID: 102652565520974359 bcsId: 2792} | ret=SUCCESS |  
2019-08-21 02:17:24,078 | INFO  | DNAudit | user=null | ip=null | op=WRITE_CHUNK {blockData=conID: 1 locID: 102652565520974359 bcsId: 2792} | ret=SUCCESS |  
2019-08-21 02:17:24,079 | INFO  | DNAudit | user=null | ip=null | op=PUT_BLOCK {blockData=[blockId=conID: 1 locID: 102652565520974359 bcsId: 0,size=4194304]} | ret=SUCCESS |  
2019-08-21 02:17:24,079 | INFO  | DNAudit | user=null | ip=null | op=PUT_BLOCK {blockData=[blockId=conID: 1 locID: 102652565520974359 bcsId: 0,size=4194304]} | ret=SUCCESS |  
2019-08-21 02:17:24,080 [grpc-default-executor-0] INFO  client.GrpcClientProtocolClient (GrpcClientProtocolClient.java:onNext(255)) - client-54CC064C3FCE->8224e767-71c1-41fc-a01a-d172d48fd9d8: receive RaftClientReply:client-54CC064C3FCE->8224e767-71c1-41fc-a01a-d172d48fd9d8@group-F6B37CC92441, cid=1925, SUCCESS, logIndex=0, commits[8224e767-71c1-41fc-a01a-d172d48fd9d8:c2798, 6eae0c21-01aa-4169-956f-5952b26ea7ba:c2796, 8d7dcba1-3b82-4d94-a832-514ef5c79cf8:c2796]
2019-08-21 02:17:24,083 | INFO  | SCMAudit | user=jenkins1000 | ip=192.168.34.10 | op=ALLOCATE_BLOCK {owner=b6f66289-f2a0-4058-b052-0a85e40df67b, size=4194304, type=RATIS, factor=THREE} | ret=SUCCESS |  
2019-08-21 02:17:24,085 | INFO  | OMAudit | user=jenkins1000 | ip=127.0.0.1 | op=ALLOCATE_BLOCK {volume=vol-0-90982, bucket=bucket-0-24269, key=key-0-81262, dataSize=0, replicationType=null, replicationFactor=null, keyLocationInfo=null, clientID=102652564580991378} | ret=SUCCESS |  
2019-08-21 02:17:24,091 | INFO  | DNAudit | user=null | ip=null | op=WRITE_CHUNK {blockData=conID: 2 locID: 102652565525824024 bcsId: 0} | ret=SUCCESS |  
2019-08-21 02:17:24,093 | INFO  | DNAudit | user=null | ip=null | op=WRITE_CHUNK {blockData=conID: 2 locID: 102652565525824024 bcsId: 0} | ret=SUCCESS |  
2019-08-21 02:17:24,093 | INFO  | DNAudit | user=null | ip=null | op=WRITE_CHUNK {blockData=conID: 2 locID: 102652565525824024 bcsId: 0} | ret=SUCCESS |  
2019-08-21 02:17:24,094 | INFO  | DNAudit | user=null | ip=null | op=WRITE_CHUNK {blockData=conID: 2 locID: 102652565525824024 bcsId: 0} | ret=SUCCESS |  
2019-08-21 02:17:24,096 | INFO  | DNAudit | user=null | ip=null | op=WRITE_CHUNK {blockData=conID: 2 locID: 102652565525824024 bcsId: 0} | ret=SUCCESS |  
2019-08-21 02:17:24,096 | INFO  | DNAudit | user=null | ip=null | op=WRITE_CHUNK {blockData=conID: 2 locID: 102652565525824024 bcsId: 0} | ret=SUCCESS |  
2019-08-21 02:17:24,104 | INFO  | SCMAudit | user=jenkins1000 | ip=192.168.34.10 | op=SEND_HEARTBEAT {datanodeUUID=8d7dcba1-3b82-4d94-a832-514ef5c79cf8, command=[]} | ret=SUCCESS |  
2019-08-21 02:17:24,105 | INFO  | SCMAudit | user=jenkins1000 | ip=192.168.34.10 | op=SEND_HEARTBEAT {datanodeUUID=6eae0c21-01aa-4169-956f-5952b26ea7ba, command=[]} | ret=SUCCESS |  
2019-08-21 02:17:24,105 | INFO  | SCMAudit | user=jenkins1000 | ip=192.168.34.10 | op=SEND_HEARTBEAT {datanodeUUID=8224e767-71c1-41fc-a01a-d172d48fd9d8, command=[]} | ret=SUCCESS |  
2019-08-21 02:17:24,106 | INFO  | DNAudit | user=null | ip=null | op=WRITE_CHUNK {blockData=conID: 2 locID: 102652565525824024 bcsId: 0} | ret=SUCCESS |  
2019-08-21 02:17:24,106 | INFO  | DNAudit | user=null | ip=null | op=PUT_BLOCK {blockData=[blockId=conID: 2 locID: 102652565525824024 bcsId: 0,size=1048576]} | ret=SUCCESS |  
2019-08-21 02:17:24,106 [grpc-default-executor-3] INFO  client.GrpcClientProtocolClient (GrpcClientProtocolClient.java:onNext(255)) - client-54CC064C3FCE->8224e767-71c1-41fc-a01a-d172d48fd9d8: receive RaftClientReply:client-54CC064C3FCE->8224e767-71c1-41fc-a01a-d172d48fd9d8@group-F6B37CC92441, cid=1926, SUCCESS, logIndex=2799, commits[8224e767-71c1-41fc-a01a-d172d48fd9d8:c2800, 6eae0c21-01aa-4169-956f-5952b26ea7ba:c2798, 8d7dcba1-3b82-4d94-a832-514ef5c79cf8:c2798]
2019-08-21 02:17:24,107 | INFO  | DNAudit | user=null | ip=null | op=WRITE_CHUNK {blockData=conID: 2 locID: 102652565525824024 bcsId: 0} | ret=SUCCESS |  
2019-08-21 02:17:24,107 [grpc-default-executor-3] INFO  client.GrpcClientProtocolClient (GrpcClientProtocolClient.java:onNext(255)) - client-54CC064C3FCE->8224e767-71c1-41fc-a01a-d172d48fd9d8: receive RaftClientReply:client-54CC064C3FCE->8224e767-71c1-41fc-a01a-d172d48fd9d8@group-F6B37CC92441, cid=1927, SUCCESS, logIndex=2800, commits[8224e767-71c1-41fc-a01a-d172d48fd9d8:c2800, 6eae0c21-01aa-4169-956f-5952b26ea7ba:c2798, 8d7dcba1-3b82-4d94-a832-514ef5c79cf8:c2798]
2019-08-21 02:17:24,107 | INFO  | DNAudit | user=null | ip=null | op=PUT_BLOCK {blockData=[blockId=conID: 2 locID: 102652565525824024 bcsId: 0,size=2097152]} | ret=SUCCESS |  
2019-08-21 02:17:24,107 [grpc-default-executor-3] INFO  client.GrpcClientProtocolClient (GrpcClientProtocolClient.java:onNext(255)) - client-54CC064C3FCE->8224e767-71c1-41fc-a01a-d172d48fd9d8: receive RaftClientReply:client-54CC064C3FCE->8224e767-71c1-41fc-a01a-d172d48fd9d8@group-F6B37CC92441, cid=1928, SUCCESS, logIndex=2801, commits[8224e767-71c1-41fc-a01a-d172d48fd9d8:c2802, 6eae0c21-01aa-4169-956f-5952b26ea7ba:c2798, 8d7dcba1-3b82-4d94-a832-514ef5c79cf8:c2798]
2019-08-21 02:17:24,108 [grpc-default-executor-3] INFO  client.GrpcClientProtocolClient (GrpcClientProtocolClient.java:onNext(255)) - client-54CC064C3FCE->8224e767-71c1-41fc-a01a-d172d48fd9d8: receive RaftClientReply:client-54CC064C3FCE->8224e767-71c1-41fc-a01a-d172d48fd9d8@group-F6B37CC92441, cid=1929, SUCCESS, logIndex=2802, commits[8224e767-71c1-41fc-a01a-d172d48fd9d8:c2802, 6eae0c21-01aa-4169-956f-5952b26ea7ba:c2798, 8d7dcba1-3b82-4d94-a832-514ef5c79cf8:c2798]
2019-08-21 02:17:24,108 | INFO  | DNAudit | user=null | ip=null | op=WRITE_CHUNK {blockData=conID: 2 locID: 102652565525824024 bcsId: 0} | ret=SUCCESS |  
2019-08-21 02:17:24,108 | INFO  | DNAudit | user=null | ip=null | op=PUT_BLOCK {blockData=[blockId=conID: 2 locID: 102652565525824024 bcsId: 0,size=1048576]} | ret=SUCCESS |  
2019-08-21 02:17:24,109 | INFO  | DNAudit | user=null | ip=null | op=WRITE_CHUNK {blockData=conID: 2 locID: 102652565525824024 bcsId: 0} | ret=SUCCESS |  
2019-08-21 02:17:24,110 | INFO  | DNAudit | user=null | ip=null | op=PUT_BLOCK {blockData=[blockId=conID: 2 locID: 102652565525824024 bcsId: 0,size=1048576]} | ret=SUCCESS |  
2019-08-21 02:17:24,110 | INFO  | DNAudit | user=null | ip=null | op=WRITE_CHUNK {blockData=conID: 2 locID: 102652565525824024 bcsId: 0} | ret=SUCCESS |  
2019-08-21 02:17:24,110 [grpc-default-executor-3] INFO  client.GrpcClientProtocolClient (GrpcClientProtocolClient.java:onNext(255)) - client-54CC064C3FCE->8224e767-71c1-41fc-a01a-d172d48fd9d8: receive RaftClientReply:client-54CC064C3FCE->8224e767-71c1-41fc-a01a-d172d48fd9d8@group-F6B37CC92441, cid=1930, SUCCESS, logIndex=0, commits[8224e767-71c1-41fc-a01a-d172d48fd9d8:c2804, 6eae0c21-01aa-4169-956f-5952b26ea7ba:c2800, 8d7dcba1-3b82-4d94-a832-514ef5c79cf8:c2800]
2019-08-21 02:17:24,110 | INFO  | DNAudit | user=null | ip=null | op=PUT_BLOCK {blockData=[blockId=conID: 2 locID: 102652565525824024 bcsId: 0,size=2097152]} | ret=SUCCESS |  
2019-08-21 02:17:24,116 | INFO  | DNAudit | user=null | ip=null | op=WRITE_CHUNK {blockData=conID: 2 locID: 102652565525824024 bcsId: 2802} | ret=SUCCESS |  
2019-08-21 02:17:24,118 | INFO  | DNAudit | user=null | ip=null | op=WRITE_CHUNK {blockData=conID: 2 locID: 102652565525824024 bcsId: 2802} | ret=SUCCESS |  
2019-08-21 02:17:24,118 | INFO  | DNAudit | user=null | ip=null | op=WRITE_CHUNK {blockData=conID: 2 locID: 102652565525824024 bcsId: 2802} | ret=SUCCESS |  
2019-08-21 02:17:24,120 | INFO  | DNAudit | user=null | ip=null | op=WRITE_CHUNK {blockData=conID: 2 locID: 102652565525824024 bcsId: 0} | ret=SUCCESS |  
2019-08-21 02:17:24,121 | INFO  | DNAudit | user=null | ip=null | op=PUT_BLOCK {blockData=[blockId=conID: 2 locID: 102652565525824024 bcsId: 0,size=2097152]} | ret=SUCCESS |  
2019-08-21 02:17:24,121 | INFO  | DNAudit | user=null | ip=null | op=WRITE_CHUNK {blockData=conID: 2 locID: 102652565525824024 bcsId: 2802} | ret=SUCCESS |  
2019-08-21 02:17:24,121 | INFO  | DNAudit | user=null | ip=null | op=PUT_BLOCK {blockData=[blockId=conID: 2 locID: 102652565525824024 bcsId: 0,size=3145728]} | ret=SUCCESS |  
2019-08-21 02:17:24,122 [grpc-default-executor-0] INFO  client.GrpcClientProtocolClient (GrpcClientProtocolClient.java:onNext(255)) - client-54CC064C3FCE->8224e767-71c1-41fc-a01a-d172d48fd9d8: receive RaftClientReply:client-54CC064C3FCE->8224e767-71c1-41fc-a01a-d172d48fd9d8@group-F6B37CC92441, cid=1931, SUCCESS, logIndex=2807, commits[8224e767-71c1-41fc-a01a-d172d48fd9d8:c2808, 6eae0c21-01aa-4169-956f-5952b26ea7ba:c2806, 8d7dcba1-3b82-4d94-a832-514ef5c79cf8:c2802]
2019-08-21 02:17:24,122 [grpc-default-executor-0] INFO  client.GrpcClientProtocolClient (GrpcClientProtocolClient.java:onNext(255)) - client-54CC064C3FCE->8224e767-71c1-41fc-a01a-d172d48fd9d8: receive RaftClientReply:client-54CC064C3FCE->8224e767-71c1-41fc-a01a-d172d48fd9d8@group-F6B37CC92441, cid=1932, SUCCESS, logIndex=2808, commits[8224e767-71c1-41fc-a01a-d172d48fd9d8:c2808, 6eae0c21-01aa-4169-956f-5952b26ea7ba:c2806, 8d7dcba1-3b82-4d94-a832-514ef5c79cf8:c2802]
2019-08-21 02:17:24,123 | INFO  | DNAudit | user=null | ip=null | op=WRITE_CHUNK {blockData=conID: 2 locID: 102652565525824024 bcsId: 2802} | ret=SUCCESS |  
2019-08-21 02:17:24,123 | INFO  | DNAudit | user=null | ip=null | op=PUT_BLOCK {blockData=[blockId=conID: 2 locID: 102652565525824024 bcsId: 0,size=3145728]} | ret=SUCCESS |  
2019-08-21 02:17:24,123 | INFO  | DNAudit | user=null | ip=null | op=WRITE_CHUNK {blockData=conID: 2 locID: 102652565525824024 bcsId: 2802} | ret=SUCCESS |  
2019-08-21 02:17:24,124 | INFO  | DNAudit | user=null | ip=null | op=PUT_BLOCK {blockData=[blockId=conID: 2 locID: 102652565525824024 bcsId: 0,size=3145728]} | ret=SUCCESS |  
2019-08-21 02:17:24,127 | INFO  | DNAudit | user=null | ip=null | op=WRITE_CHUNK {blockData=conID: 2 locID: 102652565525824024 bcsId: 2808} | ret=SUCCESS |  
2019-08-21 02:17:24,129 | INFO  | DNAudit | user=null | ip=null | op=WRITE_CHUNK {blockData=conID: 2 locID: 102652565525824024 bcsId: 2808} | ret=SUCCESS |  
2019-08-21 02:17:24,129 | INFO  | DNAudit | user=null | ip=null | op=WRITE_CHUNK {blockData=conID: 2 locID: 102652565525824024 bcsId: 2808} | ret=SUCCESS |  
2019-08-21 02:17:24,139 | INFO  | DNAudit | user=null | ip=null | op=WRITE_CHUNK {blockData=conID: 2 locID: 102652565525824024 bcsId: 2808} | ret=SUCCESS |  
2019-08-21 02:17:24,140 | INFO  | DNAudit | user=null | ip=null | op=PUT_BLOCK {blockData=[blockId=conID: 2 locID: 102652565525824024 bcsId: 0,size=4194304]} | ret=SUCCESS |  
2019-08-21 02:17:24,140 [grpc-default-executor-3] INFO  client.GrpcClientProtocolClient (GrpcClientProtocolClient.java:onNext(255)) - client-54CC064C3FCE->8224e767-71c1-41fc-a01a-d172d48fd9d8: receive RaftClientReply:client-54CC064C3FCE->8224e767-71c1-41fc-a01a-d172d48fd9d8@group-F6B37CC92441, cid=1933, SUCCESS, logIndex=2811, commits[8224e767-71c1-41fc-a01a-d172d48fd9d8:c2812, 6eae0c21-01aa-4169-956f-5952b26ea7ba:c2810, 8d7dcba1-3b82-4d94-a832-514ef5c79cf8:c2810]
2019-08-21 02:17:24,140 [grpc-default-executor-3] INFO  client.GrpcClientProtocolClient (GrpcClientProtocolClient.java:onNext(255)) - client-54CC064C3FCE->8224e767-71c1-41fc-a01a-d172d48fd9d8: receive RaftClientReply:client-54CC064C3FCE->8224e767-71c1-41fc-a01a-d172d48fd9d8@group-F6B37CC92441, cid=1934, SUCCESS, logIndex=2812, commits[8224e767-71c1-41fc-a01a-d172d48fd9d8:c2812, 6eae0c21-01aa-4169-956f-5952b26ea7ba:c2810, 8d7dcba1-3b82-4d94-a832-514ef5c79cf8:c2810]
2019-08-21 02:17:24,151 | INFO  | DNAudit | user=null | ip=null | op=WRITE_CHUNK {blockData=conID: 2 locID: 102652565525824024 bcsId: 2808} | ret=SUCCESS |  
2019-08-21 02:17:24,151 | INFO  | DNAudit | user=null | ip=null | op=WRITE_CHUNK {blockData=conID: 2 locID: 102652565525824024 bcsId: 2808} | ret=SUCCESS |  
2019-08-21 02:17:24,153 | INFO  | DNAudit | user=null | ip=null | op=PUT_BLOCK {blockData=[blockId=conID: 2 locID: 102652565525824024 bcsId: 0,size=4194304]} | ret=SUCCESS |  
2019-08-21 02:17:24,153 | INFO  | DNAudit | user=null | ip=null | op=PUT_BLOCK {blockData=[blockId=conID: 2 locID: 102652565525824024 bcsId: 0,size=4194304]} | ret=SUCCESS |  
2019-08-21 02:17:24,154 [grpc-default-executor-3] INFO  client.GrpcClientProtocolClient (GrpcClientProtocolClient.java:onNext(255)) - client-54CC064C3FCE->8224e767-71c1-41fc-a01a-d172d48fd9d8: receive RaftClientReply:client-54CC064C3FCE->8224e767-71c1-41fc-a01a-d172d48fd9d8@group-F6B37CC92441, cid=1935, SUCCESS, logIndex=0, commits[8224e767-71c1-41fc-a01a-d172d48fd9d8:c2814, 6eae0c21-01aa-4169-956f-5952b26ea7ba:c2812, 8d7dcba1-3b82-4d94-a832-514ef5c79cf8:c2812]
2019-08-21 02:17:24,159 | INFO  | SCMAudit | user=jenkins1000 | ip=192.168.34.10 | op=ALLOCATE_BLOCK {owner=b6f66289-f2a0-4058-b052-0a85e40df67b, size=4194304, type=RATIS, factor=THREE} | ret=SUCCESS |  
2019-08-21 02:17:24,163 | INFO  | OMAudit | user=jenkins1000 | ip=127.0.0.1 | op=ALLOCATE_BLOCK {volume=vol-0-90982, bucket=bucket-0-24269, key=key-0-81262, dataSize=0, replicationType=null, replicationFactor=null, keyLocationInfo=null, clientID=102652564580991378} | ret=SUCCESS |  
2019-08-21 02:17:24,169 | INFO  | DNAudit | user=null | ip=null | op=WRITE_CHUNK {blockData=conID: 3 locID: 102652565530804761 bcsId: 0} | ret=SUCCESS |  
2019-08-21 02:17:24,171 | INFO  | DNAudit | user=null | ip=null | op=WRITE_CHUNK {blockData=conID: 3 locID: 102652565530804761 bcsId: 0} | ret=SUCCESS |  
2019-08-21 02:17:24,172 | INFO  | DNAudit | user=null | ip=null | op=WRITE_CHUNK {blockData=conID: 3 locID: 102652565530804761 bcsId: 0} | ret=SUCCESS |  
2019-08-21 02:17:24,172 | INFO  | DNAudit | user=null | ip=null | op=WRITE_CHUNK {blockData=conID: 3 locID: 102652565530804761 bcsId: 0} | ret=SUCCESS |  
2019-08-21 02:17:24,173 | INFO  | DNAudit | user=null | ip=null | op=WRITE_CHUNK {blockData=conID: 3 locID: 102652565530804761 bcsId: 0} | ret=SUCCESS |  
2019-08-21 02:17:24,173 | INFO  | DNAudit | user=null | ip=null | op=WRITE_CHUNK {blockData=conID: 3 locID: 102652565530804761 bcsId: 0} | ret=SUCCESS |  
2019-08-21 02:17:24,184 | INFO  | DNAudit | user=null | ip=null | op=WRITE_CHUNK {blockData=conID: 3 locID: 102652565530804761 bcsId: 0} | ret=SUCCESS |  
2019-08-21 02:17:24,185 | INFO  | DNAudit | user=null | ip=null | op=PUT_BLOCK {blockData=[blockId=conID: 3 locID: 102652565530804761 bcsId: 0,size=1048576]} | ret=SUCCESS |  
2019-08-21 02:17:24,185 [grpc-default-executor-0] INFO  client.GrpcClientProtocolClient (GrpcClientProtocolClient.java:onNext(255)) - client-54CC064C3FCE->8224e767-71c1-41fc-a01a-d172d48fd9d8: receive RaftClientReply:client-54CC064C3FCE->8224e767-71c1-41fc-a01a-d172d48fd9d8@group-F6B37CC92441, cid=1936, SUCCESS, logIndex=2815, commits[8224e767-71c1-41fc-a01a-d172d48fd9d8:c2817, 6eae0c21-01aa-4169-956f-5952b26ea7ba:c2814, 8d7dcba1-3b82-4d94-a832-514ef5c79cf8:c2814]
2019-08-21 02:17:24,185 | INFO  | DNAudit | user=null | ip=null | op=WRITE_CHUNK {blockData=conID: 3 locID: 102652565530804761 bcsId: 0} | ret=SUCCESS |  
2019-08-21 02:17:24,185 [grpc-default-executor-0] INFO  client.GrpcClientProtocolClient (GrpcClientProtocolClient.java:onNext(255)) - client-54CC064C3FCE->8224e767-71c1-41fc-a01a-d172d48fd9d8: receive RaftClientReply:client-54CC064C3FCE->8224e767-71c1-41fc-a01a-d172d48fd9d8@group-F6B37CC92441, cid=1937, SUCCESS, logIndex=2816, commits[8224e767-71c1-41fc-a01a-d172d48fd9d8:c2818, 6eae0c21-01aa-4169-956f-5952b26ea7ba:c2814, 8d7dcba1-3b82-4d94-a832-514ef5c79cf8:c2814]
2019-08-21 02:17:24,185 | INFO  | DNAudit | user=null | ip=null | op=PUT_BLOCK {blockData=[blockId=conID: 3 locID: 102652565530804761 bcsId: 0,size=2097152]} | ret=SUCCESS |  
2019-08-21 02:17:24,186 [grpc-default-executor-0] INFO  client.GrpcClientProtocolClient (GrpcClientProtocolClient.java:onNext(255)) - client-54CC064C3FCE->8224e767-71c1-41fc-a01a-d172d48fd9d8: receive RaftClientReply:client-54CC064C3FCE->8224e767-71c1-41fc-a01a-d172d48fd9d8@group-F6B37CC92441, cid=1938, SUCCESS, logIndex=2817, commits[8224e767-71c1-41fc-a01a-d172d48fd9d8:c2818, 6eae0c21-01aa-4169-956f-5952b26ea7ba:c2814, 8d7dcba1-3b82-4d94-a832-514ef5c79cf8:c2814]
2019-08-21 02:17:24,186 [grpc-default-executor-0] INFO  client.GrpcClientProtocolClient (GrpcClientProtocolClient.java:onNext(255)) - client-54CC064C3FCE->8224e767-71c1-41fc-a01a-d172d48fd9d8: receive RaftClientReply:client-54CC064C3FCE->8224e767-71c1-41fc-a01a-d172d48fd9d8@group-F6B37CC92441, cid=1939, SUCCESS, logIndex=2818, commits[8224e767-71c1-41fc-a01a-d172d48fd9d8:c2818, 6eae0c21-01aa-4169-956f-5952b26ea7ba:c2814, 8d7dcba1-3b82-4d94-a832-514ef5c79cf8:c2814]
2019-08-21 02:17:24,195 | INFO  | DNAudit | user=null | ip=null | op=WRITE_CHUNK {blockData=conID: 3 locID: 102652565530804761 bcsId: 0} | ret=SUCCESS |  
2019-08-21 02:17:24,195 | INFO  | DNAudit | user=null | ip=null | op=WRITE_CHUNK {blockData=conID: 3 locID: 102652565530804761 bcsId: 0} | ret=SUCCESS |  
2019-08-21 02:17:24,196 | INFO  | DNAudit | user=null | ip=null | op=PUT_BLOCK {blockData=[blockId=conID: 3 locID: 102652565530804761 bcsId: 0,size=1048576]} | ret=SUCCESS |  
2019-08-21 02:17:24,198 | INFO  | DNAudit | user=null | ip=null | op=PUT_BLOCK {blockData=[blockId=conID: 3 locID: 102652565530804761 bcsId: 0,size=1048576]} | ret=SUCCESS |  
2019-08-21 02:17:24,198 | INFO  | DNAudit | user=null | ip=null | op=WRITE_CHUNK {blockData=conID: 3 locID: 102652565530804761 bcsId: 0} | ret=SUCCESS |  
2019-08-21 02:17:24,198 | INFO  | DNAudit | user=null | ip=null | op=WRITE_CHUNK {blockData=conID: 3 locID: 102652565530804761 bcsId: 0} | ret=SUCCESS |  
2019-08-21 02:17:24,199 | INFO  | DNAudit | user=null | ip=null | op=PUT_BLOCK {blockData=[blockId=conID: 3 locID: 102652565530804761 bcsId: 0,size=2097152]} | ret=SUCCESS |  
2019-08-21 02:17:24,199 | INFO  | DNAudit | user=null | ip=null | op=PUT_BLOCK {blockData=[blockId=conID: 3 locID: 102652565530804761 bcsId: 0,size=2097152]} | ret=SUCCESS |  
2019-08-21 02:17:24,199 [grpc-default-executor-1] INFO  client.GrpcClientProtocolClient (GrpcClientProtocolClient.java:onNext(255)) - client-54CC064C3FCE->8224e767-71c1-41fc-a01a-d172d48fd9d8: receive RaftClientReply:client-54CC064C3FCE->8224e767-71c1-41fc-a01a-d172d48fd9d8@group-F6B37CC92441, cid=1940, SUCCESS, logIndex=0, commits[8224e767-71c1-41fc-a01a-d172d48fd9d8:c2820, 6eae0c21-01aa-4169-956f-5952b26ea7ba:c2816, 8d7dcba1-3b82-4d94-a832-514ef5c79cf8:c2816]
2019-08-21 02:17:24,204 | INFO  | DNAudit | user=null | ip=null | op=WRITE_CHUNK {blockData=conID: 3 locID: 102652565530804761 bcsId: 2818} | ret=SUCCESS |  
2019-08-21 02:17:24,207 | INFO  | DNAudit | user=null | ip=null | op=WRITE_CHUNK {blockData=conID: 3 locID: 102652565530804761 bcsId: 2818} | ret=SUCCESS |  
2019-08-21 02:17:24,207 | INFO  | DNAudit | user=null | ip=null | op=WRITE_CHUNK {blockData=conID: 3 locID: 102652565530804761 bcsId: 2818} | ret=SUCCESS |  
2019-08-21 02:17:24,217 | INFO  | DNAudit | user=null | ip=null | op=WRITE_CHUNK {blockData=conID: 3 locID: 102652565530804761 bcsId: 2818} | ret=SUCCESS |  
2019-08-21 02:17:24,217 | INFO  | DNAudit | user=null | ip=null | op=PUT_BLOCK {blockData=[blockId=conID: 3 locID: 102652565530804761 bcsId: 0,size=3145728]} | ret=SUCCESS |  
2019-08-21 02:17:24,217 [grpc-default-executor-1] INFO  client.GrpcClientProtocolClient (GrpcClientProtocolClient.java:onNext(255)) - client-54CC064C3FCE->8224e767-71c1-41fc-a01a-d172d48fd9d8: receive RaftClientReply:client-54CC064C3FCE->8224e767-71c1-41fc-a01a-d172d48fd9d8@group-F6B37CC92441, cid=1941, SUCCESS, logIndex=2823, commits[8224e767-71c1-41fc-a01a-d172d48fd9d8:c2824, 6eae0c21-01aa-4169-956f-5952b26ea7ba:c2822, 8d7dcba1-3b82-4d94-a832-514ef5c79cf8:c2822]
2019-08-21 02:17:24,218 [grpc-default-executor-1] INFO  client.GrpcClientProtocolClient (GrpcClientProtocolClient.java:onNext(255)) - client-54CC064C3FCE->8224e767-71c1-41fc-a01a-d172d48fd9d8: receive RaftClientReply:client-54CC064C3FCE->8224e767-71c1-41fc-a01a-d172d48fd9d8@group-F6B37CC92441, cid=1942, SUCCESS, logIndex=2824, commits[8224e767-71c1-41fc-a01a-d172d48fd9d8:c2824, 6eae0c21-01aa-4169-956f-5952b26ea7ba:c2822, 8d7dcba1-3b82-4d94-a832-514ef5c79cf8:c2822]
2019-08-21 02:17:24,218 | INFO  | DNAudit | user=null | ip=null | op=WRITE_CHUNK {blockData=conID: 3 locID: 102652565530804761 bcsId: 2818} | ret=SUCCESS |  
2019-08-21 02:17:24,219 | INFO  | DNAudit | user=null | ip=null | op=WRITE_CHUNK {blockData=conID: 3 locID: 102652565530804761 bcsId: 2818} | ret=SUCCESS |  
2019-08-21 02:17:24,219 | INFO  | DNAudit | user=null | ip=null | op=PUT_BLOCK {blockData=[blockId=conID: 3 locID: 102652565530804761 bcsId: 0,size=3145728]} | ret=SUCCESS |  
2019-08-21 02:17:24,221 | INFO  | DNAudit | user=null | ip=null | op=PUT_BLOCK {blockData=[blockId=conID: 3 locID: 102652565530804761 bcsId: 0,size=3145728]} | ret=SUCCESS |  
2019-08-21 02:17:24,223 | INFO  | DNAudit | user=null | ip=null | op=WRITE_CHUNK {blockData=conID: 3 locID: 102652565530804761 bcsId: 2824} | ret=SUCCESS |  
2019-08-21 02:17:24,225 | INFO  | DNAudit | user=null | ip=null | op=WRITE_CHUNK {blockData=conID: 3 locID: 102652565530804761 bcsId: 2824} | ret=SUCCESS |  
2019-08-21 02:17:24,225 | INFO  | DNAudit | user=null | ip=null | op=WRITE_CHUNK {blockData=conID: 3 locID: 102652565530804761 bcsId: 2824} | ret=SUCCESS |  
2019-08-21 02:17:24,227 | INFO  | DNAudit | user=null | ip=null | op=WRITE_CHUNK {blockData=conID: 3 locID: 102652565530804761 bcsId: 2824} | ret=SUCCESS |  
2019-08-21 02:17:24,227 | INFO  | DNAudit | user=null | ip=null | op=PUT_BLOCK {blockData=[blockId=conID: 3 locID: 102652565530804761 bcsId: 0,size=4194304]} | ret=SUCCESS |  
2019-08-21 02:17:24,228 [grpc-default-executor-0] INFO  client.GrpcClientProtocolClient (GrpcClientProtocolClient.java:onNext(255)) - client-54CC064C3FCE->8224e767-71c1-41fc-a01a-d172d48fd9d8: receive RaftClientReply:client-54CC064C3FCE->8224e767-71c1-41fc-a01a-d172d48fd9d8@group-F6B37CC92441, cid=1943, SUCCESS, logIndex=2827, commits[8224e767-71c1-41fc-a01a-d172d48fd9d8:c2828, 6eae0c21-01aa-4169-956f-5952b26ea7ba:c2826, 8d7dcba1-3b82-4d94-a832-514ef5c79cf8:c2824]
2019-08-21 02:17:24,228 [grpc-default-executor-0] INFO  client.GrpcClientProtocolClient (GrpcClientProtocolClient.java:onNext(255)) - client-54CC064C3FCE->8224e767-71c1-41fc-a01a-d172d48fd9d8: receive RaftClientReply:client-54CC064C3FCE->8224e767-71c1-41fc-a01a-d172d48fd9d8@group-F6B37CC92441, cid=1944, SUCCESS, logIndex=2828, commits[8224e767-71c1-41fc-a01a-d172d48fd9d8:c2828, 6eae0c21-01aa-4169-956f-5952b26ea7ba:c2826, 8d7dcba1-3b82-4d94-a832-514ef5c79cf8:c2826]
2019-08-21 02:17:24,228 | INFO  | DNAudit | user=null | ip=null | op=WRITE_CHUNK {blockData=conID: 3 locID: 102652565530804761 bcsId: 2824} | ret=SUCCESS |  
2019-08-21 02:17:24,229 | INFO  | DNAudit | user=null | ip=null | op=PUT_BLOCK {blockData=[blockId=conID: 3 locID: 102652565530804761 bcsId: 0,size=4194304]} | ret=SUCCESS |  
2019-08-21 02:17:24,229 | INFO  | DNAudit | user=null | ip=null | op=WRITE_CHUNK {blockData=conID: 3 locID: 102652565530804761 bcsId: 2824} | ret=SUCCESS |  
2019-08-21 02:17:24,230 | INFO  | DNAudit | user=null | ip=null | op=PUT_BLOCK {blockData=[blockId=conID: 3 locID: 102652565530804761 bcsId: 0,size=4194304]} | ret=SUCCESS |  
2019-08-21 02:17:24,231 [grpc-default-executor-1] INFO  client.GrpcClientProtocolClient (GrpcClientProtocolClient.java:onNext(255)) - client-54CC064C3FCE->8224e767-71c1-41fc-a01a-d172d48fd9d8: receive RaftClientReply:client-54CC064C3FCE->8224e767-71c1-41fc-a01a-d172d48fd9d8@group-F6B37CC92441, cid=1945, SUCCESS, logIndex=0, commits[8224e767-71c1-41fc-a01a-d172d48fd9d8:c2830, 6eae0c21-01aa-4169-956f-5952b26ea7ba:c2828, 8d7dcba1-3b82-4d94-a832-514ef5c79cf8:c2828]
2019-08-21 02:17:24,236 | INFO  | SCMAudit | user=jenkins1000 | ip=192.168.34.10 | op=ALLOCATE_BLOCK {owner=b6f66289-f2a0-4058-b052-0a85e40df67b, size=4194304, type=RATIS, factor=THREE} | ret=SUCCESS |  
2019-08-21 02:17:24,239 | INFO  | OMAudit | user=jenkins1000 | ip=127.0.0.1 | op=ALLOCATE_BLOCK {volume=vol-0-90982, bucket=bucket-0-24269, key=key-0-81262, dataSize=0, replicationType=null, replicationFactor=null, keyLocationInfo=null, clientID=102652564580991378} | ret=SUCCESS |  
2019-08-21 02:17:24,246 | INFO  | DNAudit | user=null | ip=null | op=WRITE_CHUNK {blockData=conID: 1 locID: 102652565535851034 bcsId: 0} | ret=SUCCESS |  
2019-08-21 02:17:24,249 | INFO  | DNAudit | user=null | ip=null | op=WRITE_CHUNK {blockData=conID: 1 locID: 102652565535851034 bcsId: 0} | ret=SUCCESS |  
2019-08-21 02:17:24,249 | INFO  | DNAudit | user=null | ip=null | op=WRITE_CHUNK {blockData=conID: 1 locID: 102652565535851034 bcsId: 0} | ret=SUCCESS |  
2019-08-21 02:17:24,249 | INFO  | DNAudit | user=null | ip=null | op=WRITE_CHUNK {blockData=conID: 1 locID: 102652565535851034 bcsId: 0} | ret=SUCCESS |  
2019-08-21 02:17:24,250 | INFO  | DNAudit | user=null | ip=null | op=WRITE_CHUNK {blockData=conID: 1 locID: 102652565535851034 bcsId: 0} | ret=SUCCESS |  
2019-08-21 02:17:24,250 | INFO  | DNAudit | user=null | ip=null | op=WRITE_CHUNK {blockData=conID: 1 locID: 102652565535851034 bcsId: 0} | ret=SUCCESS |  
2019-08-21 02:17:24,252 | INFO  | DNAudit | user=null | ip=null | op=WRITE_CHUNK {blockData=conID: 1 locID: 102652565535851034 bcsId: 0} | ret=SUCCESS |  
2019-08-21 02:17:24,253 | INFO  | DNAudit | user=null | ip=null | op=PUT_BLOCK {blockData=[blockId=conID: 1 locID: 102652565535851034 bcsId: 0,size=1048576]} | ret=SUCCESS |  
2019-08-21 02:17:24,253 [grpc-default-executor-1] INFO  client.GrpcClientProtocolClient (GrpcClientProtocolClient.java:onNext(255)) - client-54CC064C3FCE->8224e767-71c1-41fc-a01a-d172d48fd9d8: receive RaftClientReply:client-54CC064C3FCE->8224e767-71c1-41fc-a01a-d172d48fd9d8@group-F6B37CC92441, cid=1946, SUCCESS, logIndex=2831, commits[8224e767-71c1-41fc-a01a-d172d48fd9d8:c2833, 6eae0c21-01aa-4169-956f-5952b26ea7ba:c2830, 8d7dcba1-3b82-4d94-a832-514ef5c79cf8:c2830]
2019-08-21 02:17:24,253 | INFO  | DNAudit | user=null | ip=null | op=WRITE_CHUNK {blockData=conID: 1 locID: 102652565535851034 bcsId: 0} | ret=SUCCESS |  
2019-08-21 02:17:24,253 [grpc-default-executor-1] INFO  client.GrpcClientProtocolClient (GrpcClientProtocolClient.java:onNext(255)) - client-54CC064C3FCE->8224e767-71c1-41fc-a01a-d172d48fd9d8: receive RaftClientReply:client-54CC064C3FCE->8224e767-71c1-41fc-a01a-d172d48fd9d8@group-F6B37CC92441, cid=1947, SUCCESS, logIndex=2832, commits[8224e767-71c1-41fc-a01a-d172d48fd9d8:c2834, 6eae0c21-01aa-4169-956f-5952b26ea7ba:c2830, 8d7dcba1-3b82-4d94-a832-514ef5c79cf8:c2830]
2019-08-21 02:17:24,253 | INFO  | DNAudit | user=null | ip=null | op=PUT_BLOCK {blockData=[blockId=conID: 1 locID: 102652565535851034 bcsId: 0,size=2097152]} | ret=SUCCESS |  
2019-08-21 02:17:24,254 [grpc-default-executor-1] INFO  client.GrpcClientProtocolClient (GrpcClientProtocolClient.java:onNext(255)) - client-54CC064C3FCE->8224e767-71c1-41fc-a01a-d172d48fd9d8: receive RaftClientReply:client-54CC064C3FCE->8224e767-71c1-41fc-a01a-d172d48fd9d8@group-F6B37CC92441, cid=1948, SUCCESS, logIndex=2833, commits[8224e767-71c1-41fc-a01a-d172d48fd9d8:c2834, 6eae0c21-01aa-4169-956f-5952b26ea7ba:c2830, 8d7dcba1-3b82-4d94-a832-514ef5c79cf8:c2830]
2019-08-21 02:17:24,254 | INFO  | DNAudit | user=null | ip=null | op=WRITE_CHUNK {blockData=conID: 1 locID: 102652565535851034 bcsId: 0} | ret=SUCCESS |  
2019-08-21 02:17:24,254 | INFO  | DNAudit | user=null | ip=null | op=WRITE_CHUNK {blockData=conID: 1 locID: 102652565535851034 bcsId: 0} | ret=SUCCESS |  
2019-08-21 02:17:24,254 | INFO  | DNAudit | user=null | ip=null | op=PUT_BLOCK {blockData=[blockId=conID: 1 locID: 102652565535851034 bcsId: 0,size=1048576]} | ret=SUCCESS |  
2019-08-21 02:17:24,254 [grpc-default-executor-3] INFO  client.GrpcClientProtocolClient (GrpcClientProtocolClient.java:onNext(255)) - client-54CC064C3FCE->8224e767-71c1-41fc-a01a-d172d48fd9d8: receive RaftClientReply:client-54CC064C3FCE->8224e767-71c1-41fc-a01a-d172d48fd9d8@group-F6B37CC92441, cid=1949, SUCCESS, logIndex=2834, commits[8224e767-71c1-41fc-a01a-d172d48fd9d8:c2834, 6eae0c21-01aa-4169-956f-5952b26ea7ba:c2830, 8d7dcba1-3b82-4d94-a832-514ef5c79cf8:c2830]
2019-08-21 02:17:24,256 | INFO  | DNAudit | user=null | ip=null | op=WRITE_CHUNK {blockData=conID: 1 locID: 102652565535851034 bcsId: 0} | ret=SUCCESS |  
2019-08-21 02:17:24,256 | INFO  | DNAudit | user=null | ip=null | op=PUT_BLOCK {blockData=[blockId=conID: 1 locID: 102652565535851034 bcsId: 0,size=1048576]} | ret=SUCCESS |  
2019-08-21 02:17:24,256 | INFO  | DNAudit | user=null | ip=null | op=PUT_BLOCK {blockData=[blockId=conID: 1 locID: 102652565535851034 bcsId: 0,size=2097152]} | ret=SUCCESS |  
2019-08-21 02:17:24,256 | INFO  | DNAudit | user=null | ip=null | op=WRITE_CHUNK {blockData=conID: 1 locID: 102652565535851034 bcsId: 0} | ret=SUCCESS |  
2019-08-21 02:17:24,256 | INFO  | DNAudit | user=null | ip=null | op=PUT_BLOCK {blockData=[blockId=conID: 1 locID: 102652565535851034 bcsId: 0,size=2097152]} | ret=SUCCESS |  
2019-08-21 02:17:24,256 [grpc-default-executor-3] INFO  client.GrpcClientProtocolClient (GrpcClientProtocolClient.java:onNext(255)) - client-54CC064C3FCE->8224e767-71c1-41fc-a01a-d172d48fd9d8: receive RaftClientReply:client-54CC064C3FCE->8224e767-71c1-41fc-a01a-d172d48fd9d8@group-F6B37CC92441, cid=1950, SUCCESS, logIndex=0, commits[8224e767-71c1-41fc-a01a-d172d48fd9d8:c2836, 6eae0c21-01aa-4169-956f-5952b26ea7ba:c2832, 8d7dcba1-3b82-4d94-a832-514ef5c79cf8:c2832]
2019-08-21 02:17:24,263 | INFO  | DNAudit | user=null | ip=null | op=WRITE_CHUNK {blockData=conID: 1 locID: 102652565535851034 bcsId: 2834} | ret=SUCCESS |  
2019-08-21 02:17:24,264 | INFO  | DNAudit | user=null | ip=null | op=WRITE_CHUNK {blockData=conID: 1 locID: 102652565535851034 bcsId: 2834} | ret=SUCCESS |  
2019-08-21 02:17:24,265 | INFO  | DNAudit | user=null | ip=null | op=WRITE_CHUNK {blockData=conID: 1 locID: 102652565535851034 bcsId: 2834} | ret=SUCCESS |  
2019-08-21 02:17:24,278 | INFO  | DNAudit | user=null | ip=null | op=WRITE_CHUNK {blockData=conID: 1 locID: 102652565535851034 bcsId: 2834} | ret=SUCCESS |  
2019-08-21 02:17:24,279 | INFO  | DNAudit | user=null | ip=null | op=PUT_BLOCK {blockData=[blockId=conID: 1 locID: 102652565535851034 bcsId: 0,size=3145728]} | ret=SUCCESS |  
2019-08-21 02:17:24,279 [grpc-default-executor-1] INFO  client.GrpcClientProtocolClient (GrpcClientProtocolClient.java:onNext(255)) - client-54CC064C3FCE->8224e767-71c1-41fc-a01a-d172d48fd9d8: receive RaftClientReply:client-54CC064C3FCE->8224e767-71c1-41fc-a01a-d172d48fd9d8@group-F6B37CC92441, cid=1951, SUCCESS, logIndex=2839, commits[8224e767-71c1-41fc-a01a-d172d48fd9d8:c2840, 6eae0c21-01aa-4169-956f-5952b26ea7ba:c2838, 8d7dcba1-3b82-4d94-a832-514ef5c79cf8:c2838]
2019-08-21 02:17:24,279 [grpc-default-executor-1] INFO  client.GrpcClientProtocolClient (GrpcClientProtocolClient.java:onNext(255)) - client-54CC064C3FCE->8224e767-71c1-41fc-a01a-d172d48fd9d8: receive RaftClientReply:client-54CC064C3FCE->8224e767-71c1-41fc-a01a-d172d48fd9d8@group-F6B37CC92441, cid=1952, SUCCESS, logIndex=2840, commits[8224e767-71c1-41fc-a01a-d172d48fd9d8:c2840, 6eae0c21-01aa-4169-956f-5952b26ea7ba:c2838, 8d7dcba1-3b82-4d94-a832-514ef5c79cf8:c2838]
2019-08-21 02:17:24,285 | INFO  | DNAudit | user=null | ip=null | op=WRITE_CHUNK {blockData=conID: 1 locID: 102652565535851034 bcsId: 2840} | ret=SUCCESS |  
2019-08-21 02:17:24,287 | INFO  | DNAudit | user=null | ip=null | op=WRITE_CHUNK {blockData=conID: 1 locID: 102652565535851034 bcsId: 2840} | ret=SUCCESS |  
2019-08-21 02:17:24,287 | INFO  | DNAudit | user=null | ip=null | op=WRITE_CHUNK {blockData=conID: 1 locID: 102652565535851034 bcsId: 2840} | ret=SUCCESS |  
2019-08-21 02:17:24,290 | INFO  | DNAudit | user=null | ip=null | op=WRITE_CHUNK {blockData=conID: 1 locID: 102652565535851034 bcsId: 2834} | ret=SUCCESS |  
2019-08-21 02:17:24,290 | INFO  | DNAudit | user=null | ip=null | op=WRITE_CHUNK {blockData=conID: 1 locID: 102652565535851034 bcsId: 2834} | ret=SUCCESS |  
2019-08-21 02:17:24,291 | INFO  | DNAudit | user=null | ip=null | op=PUT_BLOCK {blockData=[blockId=conID: 1 locID: 102652565535851034 bcsId: 0,size=3145728]} | ret=SUCCESS |  
2019-08-21 02:17:24,291 | INFO  | DNAudit | user=null | ip=null | op=PUT_BLOCK {blockData=[blockId=conID: 1 locID: 102652565535851034 bcsId: 0,size=3145728]} | ret=SUCCESS |  
2019-08-21 02:17:24,292 | INFO  | DNAudit | user=null | ip=null | op=WRITE_CHUNK {blockData=conID: 1 locID: 102652565535851034 bcsId: 2840} | ret=SUCCESS |  
2019-08-21 02:17:24,292 | INFO  | DNAudit | user=null | ip=null | op=PUT_BLOCK {blockData=[blockId=conID: 1 locID: 102652565535851034 bcsId: 0,size=4194304]} | ret=SUCCESS |  
2019-08-21 02:17:24,292 [grpc-default-executor-3] INFO  client.GrpcClientProtocolClient (GrpcClientProtocolClient.java:onNext(255)) - client-54CC064C3FCE->8224e767-71c1-41fc-a01a-d172d48fd9d8: receive RaftClientReply:client-54CC064C3FCE->8224e767-71c1-41fc-a01a-d172d48fd9d8@group-F6B37CC92441, cid=1953, SUCCESS, logIndex=2843, commits[8224e767-71c1-41fc-a01a-d172d48fd9d8:c2844, 6eae0c21-01aa-4169-956f-5952b26ea7ba:c2840, 8d7dcba1-3b82-4d94-a832-514ef5c79cf8:c2840]
2019-08-21 02:17:24,293 [grpc-default-executor-3] INFO  client.GrpcClientProtocolClient (GrpcClientProtocolClient.java:onNext(255)) - client-54CC064C3FCE->8224e767-71c1-41fc-a01a-d172d48fd9d8: receive RaftClientReply:client-54CC064C3FCE->8224e767-71c1-41fc-a01a-d172d48fd9d8@group-F6B37CC92441, cid=1954, SUCCESS, logIndex=2844, commits[8224e767-71c1-41fc-a01a-d172d48fd9d8:c2844, 6eae0c21-01aa-4169-956f-5952b26ea7ba:c2840, 8d7dcba1-3b82-4d94-a832-514ef5c79cf8:c2840]
2019-08-21 02:17:24,302 | INFO  | DNAudit | user=null | ip=null | op=WRITE_CHUNK {blockData=conID: 1 locID: 102652565535851034 bcsId: 2840} | ret=SUCCESS |  
2019-08-21 02:17:24,303 | INFO  | DNAudit | user=null | ip=null | op=WRITE_CHUNK {blockData=conID: 1 locID: 102652565535851034 bcsId: 2840} | ret=SUCCESS |  
2019-08-21 02:17:24,303 | INFO  | DNAudit | user=null | ip=null | op=PUT_BLOCK {blockData=[blockId=conID: 1 locID: 102652565535851034 bcsId: 0,size=4194304]} | ret=SUCCESS |  
2019-08-21 02:17:24,304 | INFO  | DNAudit | user=null | ip=null | op=PUT_BLOCK {blockData=[blockId=conID: 1 locID: 102652565535851034 bcsId: 0,size=4194304]} | ret=SUCCESS |  
2019-08-21 02:17:24,305 [grpc-default-executor-3] INFO  client.GrpcClientProtocolClient (GrpcClientProtocolClient.java:onNext(255)) - client-54CC064C3FCE->8224e767-71c1-41fc-a01a-d172d48fd9d8: receive RaftClientReply:client-54CC064C3FCE->8224e767-71c1-41fc-a01a-d172d48fd9d8@group-F6B37CC92441, cid=1955, SUCCESS, logIndex=0, commits[8224e767-71c1-41fc-a01a-d172d48fd9d8:c2846, 6eae0c21-01aa-4169-956f-5952b26ea7ba:c2844, 8d7dcba1-3b82-4d94-a832-514ef5c79cf8:c2844]
2019-08-21 02:17:24,309 | INFO  | SCMAudit | user=jenkins1000 | ip=192.168.34.10 | op=ALLOCATE_BLOCK {owner=b6f66289-f2a0-4058-b052-0a85e40df67b, size=4194304, type=RATIS, factor=THREE} | ret=SUCCESS |  
2019-08-21 02:17:24,311 | INFO  | OMAudit | user=jenkins1000 | ip=127.0.0.1 | op=ALLOCATE_BLOCK {volume=vol-0-90982, bucket=bucket-0-24269, key=key-0-81262, dataSize=0, replicationType=null, replicationFactor=null, keyLocationInfo=null, clientID=102652564580991378} | ret=SUCCESS |  
2019-08-21 02:17:24,317 | INFO  | DNAudit | user=null | ip=null | op=WRITE_CHUNK {blockData=conID: 2 locID: 102652565540635163 bcsId: 0} | ret=SUCCESS |  
2019-08-21 02:17:24,320 | INFO  | DNAudit | user=null | ip=null | op=WRITE_CHUNK {blockData=conID: 2 locID: 102652565540635163 bcsId: 0} | ret=SUCCESS |  
2019-08-21 02:17:24,321 | INFO  | DNAudit | user=null | ip=null | op=WRITE_CHUNK {blockData=conID: 2 locID: 102652565540635163 bcsId: 0} | ret=SUCCESS |  
2019-08-21 02:17:24,321 | INFO  | DNAudit | user=null | ip=null | op=WRITE_CHUNK {blockData=conID: 2 locID: 102652565540635163 bcsId: 0} | ret=SUCCESS |  
2019-08-21 02:17:24,322 | INFO  | DNAudit | user=null | ip=null | op=WRITE_CHUNK {blockData=conID: 2 locID: 102652565540635163 bcsId: 0} | ret=SUCCESS |  
2019-08-21 02:17:24,322 | INFO  | DNAudit | user=null | ip=null | op=WRITE_CHUNK {blockData=conID: 2 locID: 102652565540635163 bcsId: 0} | ret=SUCCESS |  
2019-08-21 02:17:24,330 | INFO  | DNAudit | user=null | ip=null | op=WRITE_CHUNK {blockData=conID: 2 locID: 102652565540635163 bcsId: 0} | ret=SUCCESS |  
2019-08-21 02:17:24,330 | INFO  | DNAudit | user=null | ip=null | op=PUT_BLOCK {blockData=[blockId=conID: 2 locID: 102652565540635163 bcsId: 0,size=1048576]} | ret=SUCCESS |  
2019-08-21 02:17:24,330 [grpc-default-executor-1] INFO  client.GrpcClientProtocolClient (GrpcClientProtocolClient.java:onNext(255)) - client-54CC064C3FCE->8224e767-71c1-41fc-a01a-d172d48fd9d8: receive RaftClientReply:client-54CC064C3FCE->8224e767-71c1-41fc-a01a-d172d48fd9d8@group-F6B37CC92441, cid=1956, SUCCESS, logIndex=2847, commits[8224e767-71c1-41fc-a01a-d172d48fd9d8:c2850, 6eae0c21-01aa-4169-956f-5952b26ea7ba:c2846, 8d7dcba1-3b82-4d94-a832-514ef5c79cf8:c2846]
2019-08-21 02:17:24,331 | INFO  | DNAudit | user=null | ip=null | op=WRITE_CHUNK {blockData=conID: 2 locID: 102652565540635163 bcsId: 0} | ret=SUCCESS |  
2019-08-21 02:17:24,331 [grpc-default-executor-1] INFO  client.GrpcClientProtocolClient (GrpcClientProtocolClient.java:onNext(255)) - client-54CC064C3FCE->8224e767-71c1-41fc-a01a-d172d48fd9d8: receive RaftClientReply:client-54CC064C3FCE->8224e767-71c1-41fc-a01a-d172d48fd9d8@group-F6B37CC92441, cid=1957, SUCCESS, logIndex=2848, commits[8224e767-71c1-41fc-a01a-d172d48fd9d8:c2850, 6eae0c21-01aa-4169-956f-5952b26ea7ba:c2846, 8d7dcba1-3b82-4d94-a832-514ef5c79cf8:c2846]
2019-08-21 02:17:24,331 | INFO  | DNAudit | user=null | ip=null | op=WRITE_CHUNK {blockData=conID: 2 locID: 102652565540635163 bcsId: 0} | ret=SUCCESS |  
2019-08-21 02:17:24,331 | INFO  | DNAudit | user=null | ip=null | op=PUT_BLOCK {blockData=[blockId=conID: 2 locID: 102652565540635163 bcsId: 0,size=2097152]} | ret=SUCCESS |  
2019-08-21 02:17:24,331 [grpc-default-executor-1] INFO  client.GrpcClientProtocolClient (GrpcClientProtocolClient.java:onNext(255)) - client-54CC064C3FCE->8224e767-71c1-41fc-a01a-d172d48fd9d8: receive RaftClientReply:client-54CC064C3FCE->8224e767-71c1-41fc-a01a-d172d48fd9d8@group-F6B37CC92441, cid=1958, SUCCESS, logIndex=2849, commits[8224e767-71c1-41fc-a01a-d172d48fd9d8:c2850, 6eae0c21-01aa-4169-956f-5952b26ea7ba:c2846, 8d7dcba1-3b82-4d94-a832-514ef5c79cf8:c2846]
2019-08-21 02:17:24,332 [grpc-default-executor-1] INFO  client.GrpcClientProtocolClient (GrpcClientProtocolClient.java:onNext(255)) - client-54CC064C3FCE->8224e767-71c1-41fc-a01a-d172d48fd9d8: receive RaftClientReply:client-54CC064C3FCE->8224e767-71c1-41fc-a01a-d172d48fd9d8@group-F6B37CC92441, cid=1959, SUCCESS, logIndex=2850, commits[8224e767-71c1-41fc-a01a-d172d48fd9d8:c2851, 6eae0c21-01aa-4169-956f-5952b26ea7ba:c2847, 8d7dcba1-3b82-4d94-a832-514ef5c79cf8:c2846]
2019-08-21 02:17:24,332 | INFO  | DNAudit | user=null | ip=null | op=WRITE_CHUNK {blockData=conID: 2 locID: 102652565540635163 bcsId: 0} | ret=SUCCESS |  
2019-08-21 02:17:24,333 | INFO  | DNAudit | user=null | ip=null | op=PUT_BLOCK {blockData=[blockId=conID: 2 locID: 102652565540635163 bcsId: 0,size=1048576]} | ret=SUCCESS |  
2019-08-21 02:17:24,333 | INFO  | DNAudit | user=null | ip=null | op=WRITE_CHUNK {blockData=conID: 2 locID: 102652565540635163 bcsId: 0} | ret=SUCCESS |  
2019-08-21 02:17:24,333 | INFO  | DNAudit | user=null | ip=null | op=PUT_BLOCK {blockData=[blockId=conID: 2 locID: 102652565540635163 bcsId: 0,size=2097152]} | ret=SUCCESS |  
2019-08-21 02:17:24,333 | INFO  | DNAudit | user=null | ip=null | op=PUT_BLOCK {blockData=[blockId=conID: 2 locID: 102652565540635163 bcsId: 0,size=1048576]} | ret=SUCCESS |  
2019-08-21 02:17:24,334 | INFO  | DNAudit | user=null | ip=null | op=WRITE_CHUNK {blockData=conID: 2 locID: 102652565540635163 bcsId: 0} | ret=SUCCESS |  
2019-08-21 02:17:24,334 | INFO  | DNAudit | user=null | ip=null | op=PUT_BLOCK {blockData=[blockId=conID: 2 locID: 102652565540635163 bcsId: 0,size=2097152]} | ret=SUCCESS |  
2019-08-21 02:17:24,334 [grpc-default-executor-0] INFO  client.GrpcClientProtocolClient (GrpcClientProtocolClient.java:onNext(255)) - client-54CC064C3FCE->8224e767-71c1-41fc-a01a-d172d48fd9d8: receive RaftClientReply:client-54CC064C3FCE->8224e767-71c1-41fc-a01a-d172d48fd9d8@group-F6B37CC92441, cid=1960, SUCCESS, logIndex=0, commits[8224e767-71c1-41fc-a01a-d172d48fd9d8:c2853, 6eae0c21-01aa-4169-956f-5952b26ea7ba:c2850, 8d7dcba1-3b82-4d94-a832-514ef5c79cf8:c2849]
2019-08-21 02:17:24,339 | INFO  | DNAudit | user=null | ip=null | op=WRITE_CHUNK {blockData=conID: 2 locID: 102652565540635163 bcsId: 2850} | ret=SUCCESS |  
2019-08-21 02:17:24,342 | INFO  | DNAudit | user=null | ip=null | op=WRITE_CHUNK {blockData=conID: 2 locID: 102652565540635163 bcsId: 2850} | ret=SUCCESS |  
2019-08-21 02:17:24,342 | INFO  | DNAudit | user=null | ip=null | op=WRITE_CHUNK {blockData=conID: 2 locID: 102652565540635163 bcsId: 2850} | ret=SUCCESS |  
2019-08-21 02:17:24,351 | INFO  | DNAudit | user=null | ip=null | op=WRITE_CHUNK {blockData=conID: 2 locID: 102652565540635163 bcsId: 2850} | ret=SUCCESS |  
2019-08-21 02:17:24,352 | INFO  | DNAudit | user=null | ip=null | op=PUT_BLOCK {blockData=[blockId=conID: 2 locID: 102652565540635163 bcsId: 0,size=3145728]} | ret=SUCCESS |  
2019-08-21 02:17:24,352 [grpc-default-executor-3] INFO  client.GrpcClientProtocolClient (GrpcClientProtocolClient.java:onNext(255)) - client-54CC064C3FCE->8224e767-71c1-41fc-a01a-d172d48fd9d8: receive RaftClientReply:client-54CC064C3FCE->8224e767-71c1-41fc-a01a-d172d48fd9d8@group-F6B37CC92441, cid=1961, SUCCESS, logIndex=2854, commits[8224e767-71c1-41fc-a01a-d172d48fd9d8:c2855, 6eae0c21-01aa-4169-956f-5952b26ea7ba:c2853, 8d7dcba1-3b82-4d94-a832-514ef5c79cf8:c2853]
2019-08-21 02:17:24,352 [grpc-default-executor-3] INFO  client.GrpcClientProtocolClient (GrpcClientProtocolClient.java:onNext(255)) - client-54CC064C3FCE->8224e767-71c1-41fc-a01a-d172d48fd9d8: receive RaftClientReply:client-54CC064C3FCE->8224e767-71c1-41fc-a01a-d172d48fd9d8@group-F6B37CC92441, cid=1962, SUCCESS, logIndex=2855, commits[8224e767-71c1-41fc-a01a-d172d48fd9d8:c2855, 6eae0c21-01aa-4169-956f-5952b26ea7ba:c2853, 8d7dcba1-3b82-4d94-a832-514ef5c79cf8:c2853]
2019-08-21 02:17:24,358 | INFO  | DNAudit | user=null | ip=null | op=WRITE_CHUNK {blockData=conID: 2 locID: 102652565540635163 bcsId: 2855} | ret=SUCCESS |  
2019-08-21 02:17:24,359 | INFO  | DNAudit | user=null | ip=null | op=WRITE_CHUNK {blockData=conID: 2 locID: 102652565540635163 bcsId: 2855} | ret=SUCCESS |  
2019-08-21 02:17:24,360 | INFO  | DNAudit | user=null | ip=null | op=WRITE_CHUNK {blockData=conID: 2 locID: 102652565540635163 bcsId: 2855} | ret=SUCCESS |  
2019-08-21 02:17:24,363 | INFO  | DNAudit | user=null | ip=null | op=WRITE_CHUNK {blockData=conID: 2 locID: 102652565540635163 bcsId: 2850} | ret=SUCCESS |  
2019-08-21 02:17:24,363 | INFO  | DNAudit | user=null | ip=null | op=WRITE_CHUNK {blockData=conID: 2 locID: 102652565540635163 bcsId: 2850} | ret=SUCCESS |  
2019-08-21 02:17:24,365 | INFO  | DNAudit | user=null | ip=null | op=PUT_BLOCK {blockData=[blockId=conID: 2 locID: 102652565540635163 bcsId: 0,size=3145728]} | ret=SUCCESS |  
2019-08-21 02:17:24,366 | INFO  | DNAudit | user=null | ip=null | op=PUT_BLOCK {blockData=[blockId=conID: 2 locID: 102652565540635163 bcsId: 0,size=3145728]} | ret=SUCCESS |  
2019-08-21 02:17:24,366 | INFO  | DNAudit | user=null | ip=null | op=WRITE_CHUNK {blockData=conID: 2 locID: 102652565540635163 bcsId: 2855} | ret=SUCCESS |  
2019-08-21 02:17:24,366 | INFO  | DNAudit | user=null | ip=null | op=PUT_BLOCK {blockData=[blockId=conID: 2 locID: 102652565540635163 bcsId: 0,size=4194304]} | ret=SUCCESS |  
2019-08-21 02:17:24,366 [grpc-default-executor-3] INFO  client.GrpcClientProtocolClient (GrpcClientProtocolClient.java:onNext(255)) - client-54CC064C3FCE->8224e767-71c1-41fc-a01a-d172d48fd9d8: receive RaftClientReply:client-54CC064C3FCE->8224e767-71c1-41fc-a01a-d172d48fd9d8@group-F6B37CC92441, cid=1963, SUCCESS, logIndex=2858, commits[8224e767-71c1-41fc-a01a-d172d48fd9d8:c2859, 6eae0c21-01aa-4169-956f-5952b26ea7ba:c2855, 8d7dcba1-3b82-4d94-a832-514ef5c79cf8:c2855]
2019-08-21 02:17:24,367 [grpc-default-executor-3] INFO  client.GrpcClientProtocolClient (GrpcClientProtocolClient.java:onNext(255)) - client-54CC064C3FCE->8224e767-71c1-41fc-a01a-d172d48fd9d8: receive RaftClientReply:client-54CC064C3FCE->8224e767-71c1-41fc-a01a-d172d48fd9d8@group-F6B37CC92441, cid=1964, SUCCESS, logIndex=2859, commits[8224e767-71c1-41fc-a01a-d172d48fd9d8:c2859, 6eae0c21-01aa-4169-956f-5952b26ea7ba:c2855, 8d7dcba1-3b82-4d94-a832-514ef5c79cf8:c2855]
2019-08-21 02:17:24,378 | INFO  | DNAudit | user=null | ip=null | op=WRITE_CHUNK {blockData=conID: 2 locID: 102652565540635163 bcsId: 2855} | ret=SUCCESS |  
2019-08-21 02:17:24,378 | INFO  | DNAudit | user=null | ip=null | op=WRITE_CHUNK {blockData=conID: 2 locID: 102652565540635163 bcsId: 2855} | ret=SUCCESS |  
2019-08-21 02:17:24,378 | INFO  | DNAudit | user=null | ip=null | op=PUT_BLOCK {blockData=[blockId=conID: 2 locID: 102652565540635163 bcsId: 0,size=4194304]} | ret=SUCCESS |  
2019-08-21 02:17:24,378 | INFO  | DNAudit | user=null | ip=null | op=PUT_BLOCK {blockData=[blockId=conID: 2 locID: 102652565540635163 bcsId: 0,size=4194304]} | ret=SUCCESS |  
2019-08-21 02:17:24,378 [grpc-default-executor-3] INFO  client.GrpcClientProtocolClient (GrpcClientProtocolClient.java:onNext(255)) - client-54CC064C3FCE->8224e767-71c1-41fc-a01a-d172d48fd9d8: receive RaftClientReply:client-54CC064C3FCE->8224e767-71c1-41fc-a01a-d172d48fd9d8@group-F6B37CC92441, cid=1965, SUCCESS, logIndex=0, commits[8224e767-71c1-41fc-a01a-d172d48fd9d8:c2860, 6eae0c21-01aa-4169-956f-5952b26ea7ba:c2859, 8d7dcba1-3b82-4d94-a832-514ef5c79cf8:c2859]
2019-08-21 02:17:24,382 | INFO  | SCMAudit | user=jenkins1000 | ip=192.168.34.10 | op=ALLOCATE_BLOCK {owner=b6f66289-f2a0-4058-b052-0a85e40df67b, size=4194304, type=RATIS, factor=THREE} | ret=SUCCESS |  
2019-08-21 02:17:24,384 | INFO  | OMAudit | user=jenkins1000 | ip=127.0.0.1 | op=ALLOCATE_BLOCK {volume=vol-0-90982, bucket=bucket-0-24269, key=key-0-81262, dataSize=0, replicationType=null, replicationFactor=null, keyLocationInfo=null, clientID=102652564580991378} | ret=SUCCESS |  
2019-08-21 02:17:24,391 | INFO  | DNAudit | user=null | ip=null | op=WRITE_CHUNK {blockData=conID: 3 locID: 102652565545419292 bcsId: 0} | ret=SUCCESS |  
2019-08-21 02:17:24,394 | INFO  | DNAudit | user=null | ip=null | op=WRITE_CHUNK {blockData=conID: 3 locID: 102652565545419292 bcsId: 0} | ret=SUCCESS |  
2019-08-21 02:17:24,394 | INFO  | DNAudit | user=null | ip=null | op=WRITE_CHUNK {blockData=conID: 3 locID: 102652565545419292 bcsId: 0} | ret=SUCCESS |  
2019-08-21 02:17:24,395 | INFO  | DNAudit | user=null | ip=null | op=WRITE_CHUNK {blockData=conID: 3 locID: 102652565545419292 bcsId: 0} | ret=SUCCESS |  
2019-08-21 02:17:24,396 | INFO  | DNAudit | user=null | ip=null | op=WRITE_CHUNK {blockData=conID: 3 locID: 102652565545419292 bcsId: 0} | ret=SUCCESS |  
2019-08-21 02:17:24,396 | INFO  | DNAudit | user=null | ip=null | op=WRITE_CHUNK {blockData=conID: 3 locID: 102652565545419292 bcsId: 0} | ret=SUCCESS |  
2019-08-21 02:17:24,404 | INFO  | DNAudit | user=null | ip=null | op=WRITE_CHUNK {blockData=conID: 3 locID: 102652565545419292 bcsId: 0} | ret=SUCCESS |  
2019-08-21 02:17:24,404 | INFO  | DNAudit | user=null | ip=null | op=PUT_BLOCK {blockData=[blockId=conID: 3 locID: 102652565545419292 bcsId: 0,size=1048576]} | ret=SUCCESS |  
2019-08-21 02:17:24,405 [grpc-default-executor-0] INFO  client.GrpcClientProtocolClient (GrpcClientProtocolClient.java:onNext(255)) - client-54CC064C3FCE->8224e767-71c1-41fc-a01a-d172d48fd9d8: receive RaftClientReply:client-54CC064C3FCE->8224e767-71c1-41fc-a01a-d172d48fd9d8@group-F6B37CC92441, cid=1966, SUCCESS, logIndex=2862, commits[8224e767-71c1-41fc-a01a-d172d48fd9d8:c2863, 6eae0c21-01aa-4169-956f-5952b26ea7ba:c2861, 8d7dcba1-3b82-4d94-a832-514ef5c79cf8:c2861]
2019-08-21 02:17:24,405 | INFO  | DNAudit | user=null | ip=null | op=WRITE_CHUNK {blockData=conID: 3 locID: 102652565545419292 bcsId: 0} | ret=SUCCESS |  
2019-08-21 02:17:24,405 [grpc-default-executor-0] INFO  client.GrpcClientProtocolClient (GrpcClientProtocolClient.java:onNext(255)) - client-54CC064C3FCE->8224e767-71c1-41fc-a01a-d172d48fd9d8: receive RaftClientReply:client-54CC064C3FCE->8224e767-71c1-41fc-a01a-d172d48fd9d8@group-F6B37CC92441, cid=1967, SUCCESS, logIndex=2863, commits[8224e767-71c1-41fc-a01a-d172d48fd9d8:c2863, 6eae0c21-01aa-4169-956f-5952b26ea7ba:c2861, 8d7dcba1-3b82-4d94-a832-514ef5c79cf8:c2861]
2019-08-21 02:17:24,405 | INFO  | DNAudit | user=null | ip=null | op=PUT_BLOCK {blockData=[blockId=conID: 3 locID: 102652565545419292 bcsId: 0,size=2097152]} | ret=SUCCESS |  
2019-08-21 02:17:24,406 [grpc-default-executor-1] INFO  client.GrpcClientProtocolClient (GrpcClientProtocolClient.java:onNext(255)) - client-54CC064C3FCE->8224e767-71c1-41fc-a01a-d172d48fd9d8: receive RaftClientReply:client-54CC064C3FCE->8224e767-71c1-41fc-a01a-d172d48fd9d8@group-F6B37CC92441, cid=1968, SUCCESS, logIndex=2864, commits[8224e767-71c1-41fc-a01a-d172d48fd9d8:c2865, 6eae0c21-01aa-4169-956f-5952b26ea7ba:c2861, 8d7dcba1-3b82-4d94-a832-514ef5c79cf8:c2861]
2019-08-21 02:17:24,406 | INFO  | DNAudit | user=null | ip=null | op=WRITE_CHUNK {blockData=conID: 3 locID: 102652565545419292 bcsId: 0} | ret=SUCCESS |  
2019-08-21 02:17:24,406 [grpc-default-executor-0] INFO  client.GrpcClientProtocolClient (GrpcClientProtocolClient.java:onNext(255)) - client-54CC064C3FCE->8224e767-71c1-41fc-a01a-d172d48fd9d8: receive RaftClientReply:client-54CC064C3FCE->8224e767-71c1-41fc-a01a-d172d48fd9d8@group-F6B37CC92441, cid=1969, SUCCESS, logIndex=2865, commits[8224e767-71c1-41fc-a01a-d172d48fd9d8:c2865, 6eae0c21-01aa-4169-956f-5952b26ea7ba:c2861, 8d7dcba1-3b82-4d94-a832-514ef5c79cf8:c2861]
2019-08-21 02:17:24,406 | INFO  | DNAudit | user=null | ip=null | op=PUT_BLOCK {blockData=[blockId=conID: 3 locID: 102652565545419292 bcsId: 0,size=1048576]} | ret=SUCCESS |  
2019-08-21 02:17:24,406 | INFO  | DNAudit | user=null | ip=null | op=WRITE_CHUNK {blockData=conID: 3 locID: 102652565545419292 bcsId: 0} | ret=SUCCESS |  
2019-08-21 02:17:24,407 | INFO  | DNAudit | user=null | ip=null | op=PUT_BLOCK {blockData=[blockId=conID: 3 locID: 102652565545419292 bcsId: 0,size=1048576]} | ret=SUCCESS |  
 0.00% |█                                                                                                    |  0/1 Time: 0:00:152019-08-21 02:17:25,101 | INFO  | SCMAudit | user=jenkins1000 | ip=192.168.34.10 | op=SEND_HEARTBEAT {datanodeUUID=94764dae-819c-4b7e-92f1-9cd6c64427b7, command=[]} | ret=SUCCESS |  
2019-08-21 02:17:25,101 | INFO  | SCMAudit | user=jenkins1000 | ip=192.168.34.10 | op=SEND_HEARTBEAT {datanodeUUID=3def7c30-cb13-4f41-8119-6188f246ad27, command=[]} | ret=SUCCESS |  
2019-08-21 02:17:25,101 | INFO  | DNAudit | user=null | ip=null | op=WRITE_CHUNK {blockData=conID: 3 locID: 102652565545419292 bcsId: 0} | ret=SUCCESS |  
2019-08-21 02:17:25,101 | INFO  | DNAudit | user=null | ip=null | op=WRITE_CHUNK {blockData=conID: 3 locID: 102652565545419292 bcsId: 0} | ret=SUCCESS |  
2019-08-21 02:17:25,102 | INFO  | DNAudit | user=null | ip=null | op=PUT_BLOCK {blockData=[blockId=conID: 3 locID: 102652565545419292 bcsId: 0,size=2097152]} | ret=SUCCESS |  
2019-08-21 02:17:25,102 | INFO  | DNAudit | user=null | ip=null | op=PUT_BLOCK {blockData=[blockId=conID: 3 locID: 102652565545419292 bcsId: 0,size=2097152]} | ret=SUCCESS |  
2019-08-21 02:17:25,102 [grpc-default-executor-0] INFO  client.GrpcClientProtocolClient (GrpcClientProtocolClient.java:onNext(255)) - client-54CC064C3FCE->8224e767-71c1-41fc-a01a-d172d48fd9d8: receive RaftClientReply:client-54CC064C3FCE->8224e767-71c1-41fc-a01a-d172d48fd9d8@group-F6B37CC92441, cid=1970, SUCCESS, logIndex=0, commits[8224e767-71c1-41fc-a01a-d172d48fd9d8:c2867, 6eae0c21-01aa-4169-956f-5952b26ea7ba:c2863, 8d7dcba1-3b82-4d94-a832-514ef5c79cf8:c2863]
2019-08-21 02:17:25,105 | INFO  | SCMAudit | user=jenkins1000 | ip=192.168.34.10 | op=SEND_HEARTBEAT {datanodeUUID=8d7dcba1-3b82-4d94-a832-514ef5c79cf8, command=[]} | ret=SUCCESS |  
2019-08-21 02:17:25,105 | INFO  | SCMAudit | user=jenkins1000 | ip=192.168.34.10 | op=SEND_HEARTBEAT {datanodeUUID=6eae0c21-01aa-4169-956f-5952b26ea7ba, command=[]} | ret=SUCCESS |  
2019-08-21 02:17:25,105 | INFO  | SCMAudit | user=jenkins1000 | ip=192.168.34.10 | op=SEND_HEARTBEAT {datanodeUUID=8224e767-71c1-41fc-a01a-d172d48fd9d8, command=[]} | ret=SUCCESS |  
2019-08-21 02:17:25,111 | INFO  | DNAudit | user=null | ip=null | op=WRITE_CHUNK {blockData=conID: 3 locID: 102652565545419292 bcsId: 2865} | ret=SUCCESS |  
2019-08-21 02:17:25,115 | INFO  | DNAudit | user=null | ip=null | op=WRITE_CHUNK {blockData=conID: 3 locID: 102652565545419292 bcsId: 2865} | ret=SUCCESS |  
2019-08-21 02:17:25,115 | INFO  | DNAudit | user=null | ip=null | op=WRITE_CHUNK {blockData=conID: 3 locID: 102652565545419292 bcsId: 2865} | ret=SUCCESS |  
2019-08-21 02:17:25,124 | INFO  | DNAudit | user=null | ip=null | op=WRITE_CHUNK {blockData=conID: 3 locID: 102652565545419292 bcsId: 2865} | ret=SUCCESS |  
2019-08-21 02:17:25,124 | INFO  | DNAudit | user=null | ip=null | op=PUT_BLOCK {blockData=[blockId=conID: 3 locID: 102652565545419292 bcsId: 0,size=3145728]} | ret=SUCCESS |  
2019-08-21 02:17:25,125 [grpc-default-executor-0] INFO  client.GrpcClientProtocolClient (GrpcClientProtocolClient.java:onNext(255)) - client-54CC064C3FCE->8224e767-71c1-41fc-a01a-d172d48fd9d8: receive RaftClientReply:client-54CC064C3FCE->8224e767-71c1-41fc-a01a-d172d48fd9d8@group-F6B37CC92441, cid=1971, SUCCESS, logIndex=2870, commits[8224e767-71c1-41fc-a01a-d172d48fd9d8:c2871, 6eae0c21-01aa-4169-956f-5952b26ea7ba:c2869, 8d7dcba1-3b82-4d94-a832-514ef5c79cf8:c2869]
2019-08-21 02:17:25,125 [grpc-default-executor-0] INFO  client.GrpcClientProtocolClient (GrpcClientProtocolClient.java:onNext(255)) - client-54CC064C3FCE->8224e767-71c1-41fc-a01a-d172d48fd9d8: receive RaftClientReply:client-54CC064C3FCE->8224e767-71c1-41fc-a01a-d172d48fd9d8@group-F6B37CC92441, cid=1972, SUCCESS, logIndex=2871, commits[8224e767-71c1-41fc-a01a-d172d48fd9d8:c2871, 6eae0c21-01aa-4169-956f-5952b26ea7ba:c2869, 8d7dcba1-3b82-4d94-a832-514ef5c79cf8:c2869]
2019-08-21 02:17:25,133 | INFO  | DNAudit | user=null | ip=null | op=WRITE_CHUNK {blockData=conID: 3 locID: 102652565545419292 bcsId: 2871} | ret=SUCCESS |  
2019-08-21 02:17:25,136 | INFO  | DNAudit | user=null | ip=null | op=WRITE_CHUNK {blockData=conID: 3 locID: 102652565545419292 bcsId: 2865} | ret=SUCCESS |  
2019-08-21 02:17:25,136 | INFO  | DNAudit | user=null | ip=null | op=WRITE_CHUNK {blockData=conID: 3 locID: 102652565545419292 bcsId: 2865} | ret=SUCCESS |  
2019-08-21 02:17:25,137 | INFO  | DNAudit | user=null | ip=null | op=WRITE_CHUNK {blockData=conID: 3 locID: 102652565545419292 bcsId: 2871} | ret=SUCCESS |  
2019-08-21 02:17:25,137 | INFO  | DNAudit | user=null | ip=null | op=WRITE_CHUNK {blockData=conID: 3 locID: 102652565545419292 bcsId: 2871} | ret=SUCCESS |  
2019-08-21 02:17:25,148 | INFO  | DNAudit | user=null | ip=null | op=PUT_BLOCK {blockData=[blockId=conID: 3 locID: 102652565545419292 bcsId: 0,size=3145728]} | ret=SUCCESS |  
2019-08-21 02:17:25,149 | INFO  | DNAudit | user=null | ip=null | op=WRITE_CHUNK {blockData=conID: 3 locID: 102652565545419292 bcsId: 2871} | ret=SUCCESS |  
2019-08-21 02:17:25,149 | INFO  | DNAudit | user=null | ip=null | op=PUT_BLOCK {blockData=[blockId=conID: 3 locID: 102652565545419292 bcsId: 0,size=3145728]} | ret=SUCCESS |  
2019-08-21 02:17:25,150 | INFO  | DNAudit | user=null | ip=null | op=PUT_BLOCK {blockData=[blockId=conID: 3 locID: 102652565545419292 bcsId: 0,size=4194304]} | ret=SUCCESS |  
2019-08-21 02:17:25,150 [grpc-default-executor-0] INFO  client.GrpcClientProtocolClient (GrpcClientProtocolClient.java:onNext(255)) - client-54CC064C3FCE->8224e767-71c1-41fc-a01a-d172d48fd9d8: receive RaftClientReply:client-54CC064C3FCE->8224e767-71c1-41fc-a01a-d172d48fd9d8@group-F6B37CC92441, cid=1973, SUCCESS, logIndex=2874, commits[8224e767-71c1-41fc-a01a-d172d48fd9d8:c2875, 6eae0c21-01aa-4169-956f-5952b26ea7ba:c2870, 8d7dcba1-3b82-4d94-a832-514ef5c79cf8:c2871]
2019-08-21 02:17:25,150 [grpc-default-executor-0] INFO  client.GrpcClientProtocolClient (GrpcClientProtocolClient.java:onNext(255)) - client-54CC064C3FCE->8224e767-71c1-41fc-a01a-d172d48fd9d8: receive RaftClientReply:client-54CC064C3FCE->8224e767-71c1-41fc-a01a-d172d48fd9d8@group-F6B37CC92441, cid=1974, SUCCESS, logIndex=2875, commits[8224e767-71c1-41fc-a01a-d172d48fd9d8:c2875, 6eae0c21-01aa-4169-956f-5952b26ea7ba:c2871, 8d7dcba1-3b82-4d94-a832-514ef5c79cf8:c2871]
2019-08-21 02:17:25,160 | INFO  | DNAudit | user=null | ip=null | op=WRITE_CHUNK {blockData=conID: 3 locID: 102652565545419292 bcsId: 2871} | ret=SUCCESS |  
2019-08-21 02:17:25,161 | INFO  | DNAudit | user=null | ip=null | op=WRITE_CHUNK {blockData=conID: 3 locID: 102652565545419292 bcsId: 2871} | ret=SUCCESS |  
2019-08-21 02:17:25,163 | INFO  | DNAudit | user=null | ip=null | op=PUT_BLOCK {blockData=[blockId=conID: 3 locID: 102652565545419292 bcsId: 0,size=4194304]} | ret=SUCCESS |  
2019-08-21 02:17:25,164 | INFO  | DNAudit | user=null | ip=null | op=PUT_BLOCK {blockData=[blockId=conID: 3 locID: 102652565545419292 bcsId: 0,size=4194304]} | ret=SUCCESS |  
2019-08-21 02:17:25,164 [grpc-default-executor-0] INFO  client.GrpcClientProtocolClient (GrpcClientProtocolClient.java:onNext(255)) - client-54CC064C3FCE->8224e767-71c1-41fc-a01a-d172d48fd9d8: receive RaftClientReply:client-54CC064C3FCE->8224e767-71c1-41fc-a01a-d172d48fd9d8@group-F6B37CC92441, cid=1975, SUCCESS, logIndex=0, commits[8224e767-71c1-41fc-a01a-d172d48fd9d8:c2877, 6eae0c21-01aa-4169-956f-5952b26ea7ba:c2875, 8d7dcba1-3b82-4d94-a832-514ef5c79cf8:c2875]
2019-08-21 02:17:25,171 | INFO  | SCMAudit | user=jenkins1000 | ip=192.168.34.10 | op=ALLOCATE_BLOCK {owner=b6f66289-f2a0-4058-b052-0a85e40df67b, size=4194304, type=RATIS, factor=THREE} | ret=SUCCESS |  
2019-08-21 02:17:25,175 | INFO  | OMAudit | user=jenkins1000 | ip=127.0.0.1 | op=ALLOCATE_BLOCK {volume=vol-0-90982, bucket=bucket-0-24269, key=key-0-81262, dataSize=0, replicationType=null, replicationFactor=null, keyLocationInfo=null, clientID=102652564580991378} | ret=SUCCESS |  
2019-08-21 02:17:25,183 | INFO  | DNAudit | user=null | ip=null | op=WRITE_CHUNK {blockData=conID: 1 locID: 102652565597127197 bcsId: 0} | ret=SUCCESS |  
2019-08-21 02:17:25,187 | INFO  | DNAudit | user=null | ip=null | op=WRITE_CHUNK {blockData=conID: 1 locID: 102652565597127197 bcsId: 0} | ret=SUCCESS |  
2019-08-21 02:17:25,188 | INFO  | DNAudit | user=null | ip=null | op=WRITE_CHUNK {blockData=conID: 1 locID: 102652565597127197 bcsId: 0} | ret=SUCCESS |  
2019-08-21 02:17:25,188 | INFO  | DNAudit | user=null | ip=null | op=WRITE_CHUNK {blockData=conID: 1 locID: 102652565597127197 bcsId: 0} | ret=SUCCESS |  
2019-08-21 02:17:25,190 | INFO  | DNAudit | user=null | ip=null | op=WRITE_CHUNK {blockData=conID: 1 locID: 102652565597127197 bcsId: 0} | ret=SUCCESS |  
2019-08-21 02:17:25,190 | INFO  | DNAudit | user=null | ip=null | op=WRITE_CHUNK {blockData=conID: 1 locID: 102652565597127197 bcsId: 0} | ret=SUCCESS |  
2019-08-21 02:17:25,196 | INFO  | DNAudit | user=null | ip=null | op=WRITE_CHUNK {blockData=conID: 1 locID: 102652565597127197 bcsId: 0} | ret=SUCCESS |  
2019-08-21 02:17:25,197 | INFO  | DNAudit | user=null | ip=null | op=PUT_BLOCK {blockData=[blockId=conID: 1 locID: 102652565597127197 bcsId: 0,size=1048576]} | ret=SUCCESS |  
2019-08-21 02:17:25,197 [grpc-default-executor-1] INFO  client.GrpcClientProtocolClient (GrpcClientProtocolClient.java:onNext(255)) - client-54CC064C3FCE->8224e767-71c1-41fc-a01a-d172d48fd9d8: receive RaftClientReply:client-54CC064C3FCE->8224e767-71c1-41fc-a01a-d172d48fd9d8@group-F6B37CC92441, cid=1976, SUCCESS, logIndex=2878, commits[8224e767-71c1-41fc-a01a-d172d48fd9d8:c2878, 6eae0c21-01aa-4169-956f-5952b26ea7ba:c2877, 8d7dcba1-3b82-4d94-a832-514ef5c79cf8:c2877]
2019-08-21 02:17:25,197 | INFO  | DNAudit | user=null | ip=null | op=WRITE_CHUNK {blockData=conID: 1 locID: 102652565597127197 bcsId: 0} | ret=SUCCESS |  
2019-08-21 02:17:25,198 | INFO  | DNAudit | user=null | ip=null | op=PUT_BLOCK {blockData=[blockId=conID: 1 locID: 102652565597127197 bcsId: 0,size=2097152]} | ret=SUCCESS |  
2019-08-21 02:17:25,198 [grpc-default-executor-1] INFO  client.GrpcClientProtocolClient (GrpcClientProtocolClient.java:onNext(255)) - client-54CC064C3FCE->8224e767-71c1-41fc-a01a-d172d48fd9d8: receive RaftClientReply:client-54CC064C3FCE->8224e767-71c1-41fc-a01a-d172d48fd9d8@group-F6B37CC92441, cid=1977, SUCCESS, logIndex=2879, commits[8224e767-71c1-41fc-a01a-d172d48fd9d8:c2881, 6eae0c21-01aa-4169-956f-5952b26ea7ba:c2877, 8d7dcba1-3b82-4d94-a832-514ef5c79cf8:c2877]
2019-08-21 02:17:25,198 [grpc-default-executor-1] INFO  client.GrpcClientProtocolClient (GrpcClientProtocolClient.java:onNext(255)) - client-54CC064C3FCE->8224e767-71c1-41fc-a01a-d172d48fd9d8: receive RaftClientReply:client-54CC064C3FCE->8224e767-71c1-41fc-a01a-d172d48fd9d8@group-F6B37CC92441, cid=1978, SUCCESS, logIndex=2880, commits[8224e767-71c1-41fc-a01a-d172d48fd9d8:c2881, 6eae0c21-01aa-4169-956f-5952b26ea7ba:c2877, 8d7dcba1-3b82-4d94-a832-514ef5c79cf8:c2877]
2019-08-21 02:17:25,198 [grpc-default-executor-1] INFO  client.GrpcClientProtocolClient (GrpcClientProtocolClient.java:onNext(255)) - client-54CC064C3FCE->8224e767-71c1-41fc-a01a-d172d48fd9d8: receive RaftClientReply:client-54CC064C3FCE->8224e767-71c1-41fc-a01a-d172d48fd9d8@group-F6B37CC92441, cid=1979, SUCCESS, logIndex=2881, commits[8224e767-71c1-41fc-a01a-d172d48fd9d8:c2881, 6eae0c21-01aa-4169-956f-5952b26ea7ba:c2877, 8d7dcba1-3b82-4d94-a832-514ef5c79cf8:c2877]
2019-08-21 02:17:25,199 | INFO  | DNAudit | user=null | ip=null | op=WRITE_CHUNK {blockData=conID: 1 locID: 102652565597127197 bcsId: 0} | ret=SUCCESS |  
2019-08-21 02:17:25,210 | INFO  | DNAudit | user=null | ip=null | op=PUT_BLOCK {blockData=[blockId=conID: 1 locID: 102652565597127197 bcsId: 0,size=1048576]} | ret=SUCCESS |  
2019-08-21 02:17:25,210 | INFO  | DNAudit | user=null | ip=null | op=WRITE_CHUNK {blockData=conID: 1 locID: 102652565597127197 bcsId: 0} | ret=SUCCESS |  
2019-08-21 02:17:25,210 | INFO  | DNAudit | user=null | ip=null | op=WRITE_CHUNK {blockData=conID: 1 locID: 102652565597127197 bcsId: 0} | ret=SUCCESS |  
2019-08-21 02:17:25,210 | INFO  | DNAudit | user=null | ip=null | op=PUT_BLOCK {blockData=[blockId=conID: 1 locID: 102652565597127197 bcsId: 0,size=2097152]} | ret=SUCCESS |  
2019-08-21 02:17:25,210 | INFO  | DNAudit | user=null | ip=null | op=PUT_BLOCK {blockData=[blockId=conID: 1 locID: 102652565597127197 bcsId: 0,size=1048576]} | ret=SUCCESS |  
2019-08-21 02:17:25,211 | INFO  | DNAudit | user=null | ip=null | op=WRITE_CHUNK {blockData=conID: 1 locID: 102652565597127197 bcsId: 0} | ret=SUCCESS |  
2019-08-21 02:17:25,211 | INFO  | DNAudit | user=null | ip=null | op=PUT_BLOCK {blockData=[blockId=conID: 1 locID: 102652565597127197 bcsId: 0,size=2097152]} | ret=SUCCESS |  
2019-08-21 02:17:25,211 [grpc-default-executor-1] INFO  client.GrpcClientProtocolClient (GrpcClientProtocolClient.java:onNext(255)) - client-54CC064C3FCE->8224e767-71c1-41fc-a01a-d172d48fd9d8: receive RaftClientReply:client-54CC064C3FCE->8224e767-71c1-41fc-a01a-d172d48fd9d8@group-F6B37CC92441, cid=1980, SUCCESS, logIndex=0, commits[8224e767-71c1-41fc-a01a-d172d48fd9d8:c2884, 6eae0c21-01aa-4169-956f-5952b26ea7ba:c2881, 8d7dcba1-3b82-4d94-a832-514ef5c79cf8:c2880]
2019-08-21 02:17:25,218 | INFO  | DNAudit | user=null | ip=null | op=WRITE_CHUNK {blockData=conID: 1 locID: 102652565597127197 bcsId: 2881} | ret=SUCCESS |  
2019-08-21 02:17:25,221 | INFO  | DNAudit | user=null | ip=null | op=WRITE_CHUNK {blockData=conID: 1 locID: 102652565597127197 bcsId: 2881} | ret=SUCCESS |  
2019-08-21 02:17:25,221 | INFO  | DNAudit | user=null | ip=null | op=WRITE_CHUNK {blockData=conID: 1 locID: 102652565597127197 bcsId: 2881} | ret=SUCCESS |  
2019-08-21 02:17:25,231 | INFO  | DNAudit | user=null | ip=null | op=WRITE_CHUNK {blockData=conID: 1 locID: 102652565597127197 bcsId: 2881} | ret=SUCCESS |  
2019-08-21 02:17:25,232 | INFO  | DNAudit | user=null | ip=null | op=PUT_BLOCK {blockData=[blockId=conID: 1 locID: 102652565597127197 bcsId: 0,size=3145728]} | ret=SUCCESS |  
2019-08-21 02:17:25,232 [grpc-default-executor-0] INFO  client.GrpcClientProtocolClient (GrpcClientProtocolClient.java:onNext(255)) - client-54CC064C3FCE->8224e767-71c1-41fc-a01a-d172d48fd9d8: receive RaftClientReply:client-54CC064C3FCE->8224e767-71c1-41fc-a01a-d172d48fd9d8@group-F6B37CC92441, cid=1981, SUCCESS, logIndex=2885, commits[8224e767-71c1-41fc-a01a-d172d48fd9d8:c2886, 6eae0c21-01aa-4169-956f-5952b26ea7ba:c2884, 8d7dcba1-3b82-4d94-a832-514ef5c79cf8:c2884]
2019-08-21 02:17:25,232 [grpc-default-executor-0] INFO  client.GrpcClientProtocolClient (GrpcClientProtocolClient.java:onNext(255)) - client-54CC064C3FCE->8224e767-71c1-41fc-a01a-d172d48fd9d8: receive RaftClientReply:client-54CC064C3FCE->8224e767-71c1-41fc-a01a-d172d48fd9d8@group-F6B37CC92441, cid=1982, SUCCESS, logIndex=2886, commits[8224e767-71c1-41fc-a01a-d172d48fd9d8:c2886, 6eae0c21-01aa-4169-956f-5952b26ea7ba:c2884, 8d7dcba1-3b82-4d94-a832-514ef5c79cf8:c2884]
2019-08-21 02:17:25,240 | INFO  | DNAudit | user=null | ip=null | op=WRITE_CHUNK {blockData=conID: 1 locID: 102652565597127197 bcsId: 2886} | ret=SUCCESS |  
2019-08-21 02:17:25,243 | INFO  | DNAudit | user=null | ip=null | op=WRITE_CHUNK {blockData=conID: 1 locID: 102652565597127197 bcsId: 2881} | ret=SUCCESS |  
2019-08-21 02:17:25,246 | INFO  | DNAudit | user=null | ip=null | op=WRITE_CHUNK {blockData=conID: 1 locID: 102652565597127197 bcsId: 2886} | ret=SUCCESS |  
2019-08-21 02:17:25,246 | INFO  | DNAudit | user=null | ip=null | op=WRITE_CHUNK {blockData=conID: 1 locID: 102652565597127197 bcsId: 2886} | ret=SUCCESS |  
2019-08-21 02:17:25,246 | INFO  | DNAudit | user=null | ip=null | op=WRITE_CHUNK {blockData=conID: 1 locID: 102652565597127197 bcsId: 2881} | ret=SUCCESS |  
2019-08-21 02:17:25,258 | INFO  | DNAudit | user=null | ip=null | op=PUT_BLOCK {blockData=[blockId=conID: 1 locID: 102652565597127197 bcsId: 0,size=3145728]} | ret=SUCCESS |  
2019-08-21 02:17:25,258 | INFO  | DNAudit | user=null | ip=null | op=WRITE_CHUNK {blockData=conID: 1 locID: 102652565597127197 bcsId: 2886} | ret=SUCCESS |  
2019-08-21 02:17:25,258 | INFO  | DNAudit | user=null | ip=null | op=PUT_BLOCK {blockData=[blockId=conID: 1 locID: 102652565597127197 bcsId: 0,size=3145728]} | ret=SUCCESS |  
2019-08-21 02:17:25,259 | INFO  | DNAudit | user=null | ip=null | op=PUT_BLOCK {blockData=[blockId=conID: 1 locID: 102652565597127197 bcsId: 0,size=4194304]} | ret=SUCCESS |  
2019-08-21 02:17:25,259 [grpc-default-executor-3] INFO  client.GrpcClientProtocolClient (GrpcClientProtocolClient.java:onNext(255)) - client-54CC064C3FCE->8224e767-71c1-41fc-a01a-d172d48fd9d8: receive RaftClientReply:client-54CC064C3FCE->8224e767-71c1-41fc-a01a-d172d48fd9d8@group-F6B37CC92441, cid=1983, SUCCESS, logIndex=2889, commits[8224e767-71c1-41fc-a01a-d172d48fd9d8:c2890, 6eae0c21-01aa-4169-956f-5952b26ea7ba:c2886, 8d7dcba1-3b82-4d94-a832-514ef5c79cf8:c2885]
2019-08-21 02:17:25,259 [grpc-default-executor-3] INFO  client.GrpcClientProtocolClient (GrpcClientProtocolClient.java:onNext(255)) - client-54CC064C3FCE->8224e767-71c1-41fc-a01a-d172d48fd9d8: receive RaftClientReply:client-54CC064C3FCE->8224e767-71c1-41fc-a01a-d172d48fd9d8@group-F6B37CC92441, cid=1984, SUCCESS, logIndex=2890, commits[8224e767-71c1-41fc-a01a-d172d48fd9d8:c2890, 6eae0c21-01aa-4169-956f-5952b26ea7ba:c2886, 8d7dcba1-3b82-4d94-a832-514ef5c79cf8:c2886]
2019-08-21 02:17:25,270 | INFO  | DNAudit | user=null | ip=null | op=WRITE_CHUNK {blockData=conID: 1 locID: 102652565597127197 bcsId: 2886} | ret=SUCCESS |  
2019-08-21 02:17:25,270 | INFO  | DNAudit | user=null | ip=null | op=WRITE_CHUNK {blockData=conID: 1 locID: 102652565597127197 bcsId: 2886} | ret=SUCCESS |  
2019-08-21 02:17:25,272 | INFO  | DNAudit | user=null | ip=null | op=PUT_BLOCK {blockData=[blockId=conID: 1 locID: 102652565597127197 bcsId: 0,size=4194304]} | ret=SUCCESS |  
2019-08-21 02:17:25,273 | INFO  | DNAudit | user=null | ip=null | op=PUT_BLOCK {blockData=[blockId=conID: 1 locID: 102652565597127197 bcsId: 0,size=4194304]} | ret=SUCCESS |  
2019-08-21 02:17:25,273 [grpc-default-executor-3] INFO  client.GrpcClientProtocolClient (GrpcClientProtocolClient.java:onNext(255)) - client-54CC064C3FCE->8224e767-71c1-41fc-a01a-d172d48fd9d8: receive RaftClientReply:client-54CC064C3FCE->8224e767-71c1-41fc-a01a-d172d48fd9d8@group-F6B37CC92441, cid=1985, SUCCESS, logIndex=0, commits[8224e767-71c1-41fc-a01a-d172d48fd9d8:c2892, 6eae0c21-01aa-4169-956f-5952b26ea7ba:c2890, 8d7dcba1-3b82-4d94-a832-514ef5c79cf8:c2890]
2019-08-21 02:17:25,278 | INFO  | SCMAudit | user=jenkins1000 | ip=192.168.34.10 | op=ALLOCATE_BLOCK {owner=b6f66289-f2a0-4058-b052-0a85e40df67b, size=4194304, type=RATIS, factor=THREE} | ret=SUCCESS |  
2019-08-21 02:17:25,281 | INFO  | OMAudit | user=jenkins1000 | ip=127.0.0.1 | op=ALLOCATE_BLOCK {volume=vol-0-90982, bucket=bucket-0-24269, key=key-0-81262, dataSize=0, replicationType=null, replicationFactor=null, keyLocationInfo=null, clientID=102652564580991378} | ret=SUCCESS |  
2019-08-21 02:17:25,290 | INFO  | DNAudit | user=null | ip=null | op=WRITE_CHUNK {blockData=conID: 2 locID: 102652565604139550 bcsId: 0} | ret=SUCCESS |  
2019-08-21 02:17:25,293 | INFO  | DNAudit | user=null | ip=null | op=WRITE_CHUNK {blockData=conID: 2 locID: 102652565604139550 bcsId: 0} | ret=SUCCESS |  
2019-08-21 02:17:25,294 | INFO  | DNAudit | user=null | ip=null | op=WRITE_CHUNK {blockData=conID: 2 locID: 102652565604139550 bcsId: 0} | ret=SUCCESS |  
2019-08-21 02:17:25,294 | INFO  | DNAudit | user=null | ip=null | op=WRITE_CHUNK {blockData=conID: 2 locID: 102652565604139550 bcsId: 0} | ret=SUCCESS |  
2019-08-21 02:17:25,296 | INFO  | DNAudit | user=null | ip=null | op=WRITE_CHUNK {blockData=conID: 2 locID: 102652565604139550 bcsId: 0} | ret=SUCCESS |  
2019-08-21 02:17:25,296 | INFO  | DNAudit | user=null | ip=null | op=PUT_BLOCK {blockData=[blockId=conID: 2 locID: 102652565604139550 bcsId: 0,size=1048576]} | ret=SUCCESS |  
2019-08-21 02:17:25,297 [grpc-default-executor-1] INFO  client.GrpcClientProtocolClient (GrpcClientProtocolClient.java:onNext(255)) - client-54CC064C3FCE->8224e767-71c1-41fc-a01a-d172d48fd9d8: receive RaftClientReply:client-54CC064C3FCE->8224e767-71c1-41fc-a01a-d172d48fd9d8@group-F6B37CC92441, cid=1986, SUCCESS, logIndex=2893, commits[8224e767-71c1-41fc-a01a-d172d48fd9d8:c2894, 6eae0c21-01aa-4169-956f-5952b26ea7ba:c2892, 8d7dcba1-3b82-4d94-a832-514ef5c79cf8:c2892]
2019-08-21 02:17:25,297 [grpc-default-executor-1] INFO  client.GrpcClientProtocolClient (GrpcClientProtocolClient.java:onNext(255)) - client-54CC064C3FCE->8224e767-71c1-41fc-a01a-d172d48fd9d8: receive RaftClientReply:client-54CC064C3FCE->8224e767-71c1-41fc-a01a-d172d48fd9d8@group-F6B37CC92441, cid=1987, SUCCESS, logIndex=2894, commits[8224e767-71c1-41fc-a01a-d172d48fd9d8:c2894, 6eae0c21-01aa-4169-956f-5952b26ea7ba:c2892, 8d7dcba1-3b82-4d94-a832-514ef5c79cf8:c2892]
2019-08-21 02:17:25,298 | INFO  | DNAudit | user=null | ip=null | op=WRITE_CHUNK {blockData=conID: 2 locID: 102652565604139550 bcsId: 0} | ret=SUCCESS |  
2019-08-21 02:17:25,298 | INFO  | DNAudit | user=null | ip=null | op=WRITE_CHUNK {blockData=conID: 2 locID: 102652565604139550 bcsId: 0} | ret=SUCCESS |  
2019-08-21 02:17:25,300 | INFO  | DNAudit | user=null | ip=null | op=WRITE_CHUNK {blockData=conID: 2 locID: 102652565604139550 bcsId: 0} | ret=SUCCESS |  
2019-08-21 02:17:25,301 | INFO  | DNAudit | user=null | ip=null | op=WRITE_CHUNK {blockData=conID: 2 locID: 102652565604139550 bcsId: 0} | ret=SUCCESS |  
2019-08-21 02:17:25,301 | INFO  | DNAudit | user=null | ip=null | op=PUT_BLOCK {blockData=[blockId=conID: 2 locID: 102652565604139550 bcsId: 0,size=1048576]} | ret=SUCCESS |  
2019-08-21 02:17:25,301 | INFO  | DNAudit | user=null | ip=null | op=PUT_BLOCK {blockData=[blockId=conID: 2 locID: 102652565604139550 bcsId: 0,size=2097152]} | ret=SUCCESS |  
2019-08-21 02:17:25,301 | INFO  | DNAudit | user=null | ip=null | op=WRITE_CHUNK {blockData=conID: 2 locID: 102652565604139550 bcsId: 0} | ret=SUCCESS |  
2019-08-21 02:17:25,302 | INFO  | DNAudit | user=null | ip=null | op=PUT_BLOCK {blockData=[blockId=conID: 2 locID: 102652565604139550 bcsId: 0,size=1048576]} | ret=SUCCESS |  
2019-08-21 02:17:25,302 [grpc-default-executor-0] INFO  client.GrpcClientProtocolClient (GrpcClientProtocolClient.java:onNext(255)) - client-54CC064C3FCE->8224e767-71c1-41fc-a01a-d172d48fd9d8: receive RaftClientReply:client-54CC064C3FCE->8224e767-71c1-41fc-a01a-d172d48fd9d8@group-F6B37CC92441, cid=1988, SUCCESS, logIndex=2895, commits[8224e767-71c1-41fc-a01a-d172d48fd9d8:c2897, 6eae0c21-01aa-4169-956f-5952b26ea7ba:c2893, 8d7dcba1-3b82-4d94-a832-514ef5c79cf8:c2892]
2019-08-21 02:17:25,302 [grpc-default-executor-0] INFO  client.GrpcClientProtocolClient (GrpcClientProtocolClient.java:onNext(255)) - client-54CC064C3FCE->8224e767-71c1-41fc-a01a-d172d48fd9d8: receive RaftClientReply:client-54CC064C3FCE->8224e767-71c1-41fc-a01a-d172d48fd9d8@group-F6B37CC92441, cid=1989, SUCCESS, logIndex=2896, commits[8224e767-71c1-41fc-a01a-d172d48fd9d8:c2898, 6eae0c21-01aa-4169-956f-5952b26ea7ba:c2894, 8d7dcba1-3b82-4d94-a832-514ef5c79cf8:c2892]
2019-08-21 02:17:25,302 | INFO  | DNAudit | user=null | ip=null | op=WRITE_CHUNK {blockData=conID: 2 locID: 102652565604139550 bcsId: 0} | ret=SUCCESS |  
2019-08-21 02:17:25,303 | INFO  | DNAudit | user=null | ip=null | op=PUT_BLOCK {blockData=[blockId=conID: 2 locID: 102652565604139550 bcsId: 0,size=2097152]} | ret=SUCCESS |  
2019-08-21 02:17:25,303 [grpc-default-executor-0] INFO  client.GrpcClientProtocolClient (GrpcClientProtocolClient.java:onNext(255)) - client-54CC064C3FCE->8224e767-71c1-41fc-a01a-d172d48fd9d8: receive RaftClientReply:client-54CC064C3FCE->8224e767-71c1-41fc-a01a-d172d48fd9d8@group-F6B37CC92441, cid=1990, SUCCESS, logIndex=0, commits[8224e767-71c1-41fc-a01a-d172d48fd9d8:c2899, 6eae0c21-01aa-4169-956f-5952b26ea7ba:c2897, 8d7dcba1-3b82-4d94-a832-514ef5c79cf8:c2894]
2019-08-21 02:17:25,304 | INFO  | DNAudit | user=null | ip=null | op=WRITE_CHUNK {blockData=conID: 2 locID: 102652565604139550 bcsId: 0} | ret=SUCCESS |  
2019-08-21 02:17:25,304 | INFO  | DNAudit | user=null | ip=null | op=PUT_BLOCK {blockData=[blockId=conID: 2 locID: 102652565604139550 bcsId: 0,size=2097152]} | ret=SUCCESS |  
2019-08-21 02:17:25,311 | INFO  | DNAudit | user=null | ip=null | op=WRITE_CHUNK {blockData=conID: 2 locID: 102652565604139550 bcsId: 2896} | ret=SUCCESS |  
2019-08-21 02:17:25,314 | INFO  | DNAudit | user=null | ip=null | op=WRITE_CHUNK {blockData=conID: 2 locID: 102652565604139550 bcsId: 2896} | ret=SUCCESS |  
2019-08-21 02:17:25,315 | INFO  | DNAudit | user=null | ip=null | op=WRITE_CHUNK {blockData=conID: 2 locID: 102652565604139550 bcsId: 2896} | ret=SUCCESS |  
2019-08-21 02:17:25,317 | INFO  | DNAudit | user=null | ip=null | op=WRITE_CHUNK {blockData=conID: 2 locID: 102652565604139550 bcsId: 2896} | ret=SUCCESS |  
2019-08-21 02:17:25,318 | INFO  | DNAudit | user=null | ip=null | op=PUT_BLOCK {blockData=[blockId=conID: 2 locID: 102652565604139550 bcsId: 0,size=3145728]} | ret=SUCCESS |  
2019-08-21 02:17:25,318 [grpc-default-executor-0] INFO  client.GrpcClientProtocolClient (GrpcClientProtocolClient.java:onNext(255)) - client-54CC064C3FCE->8224e767-71c1-41fc-a01a-d172d48fd9d8: receive RaftClientReply:client-54CC064C3FCE->8224e767-71c1-41fc-a01a-d172d48fd9d8@group-F6B37CC92441, cid=1991, SUCCESS, logIndex=2901, commits[8224e767-71c1-41fc-a01a-d172d48fd9d8:c2902, 6eae0c21-01aa-4169-956f-5952b26ea7ba:c2897, 8d7dcba1-3b82-4d94-a832-514ef5c79cf8:c2900]
2019-08-21 02:17:25,318 [grpc-default-executor-0] INFO  client.GrpcClientProtocolClient (GrpcClientProtocolClient.java:onNext(255)) - client-54CC064C3FCE->8224e767-71c1-41fc-a01a-d172d48fd9d8: receive RaftClientReply:client-54CC064C3FCE->8224e767-71c1-41fc-a01a-d172d48fd9d8@group-F6B37CC92441, cid=1992, SUCCESS, logIndex=2902, commits[8224e767-71c1-41fc-a01a-d172d48fd9d8:c2902, 6eae0c21-01aa-4169-956f-5952b26ea7ba:c2900, 8d7dcba1-3b82-4d94-a832-514ef5c79cf8:c2900]
2019-08-21 02:17:25,319 | INFO  | DNAudit | user=null | ip=null | op=WRITE_CHUNK {blockData=conID: 2 locID: 102652565604139550 bcsId: 2896} | ret=SUCCESS |  
2019-08-21 02:17:25,319 | INFO  | DNAudit | user=null | ip=null | op=WRITE_CHUNK {blockData=conID: 2 locID: 102652565604139550 bcsId: 2896} | ret=SUCCESS |  
2019-08-21 02:17:25,319 | INFO  | DNAudit | user=null | ip=null | op=PUT_BLOCK {blockData=[blockId=conID: 2 locID: 102652565604139550 bcsId: 0,size=3145728]} | ret=SUCCESS |  
2019-08-21 02:17:25,320 | INFO  | DNAudit | user=null | ip=null | op=PUT_BLOCK {blockData=[blockId=conID: 2 locID: 102652565604139550 bcsId: 0,size=3145728]} | ret=SUCCESS |  
2019-08-21 02:17:25,326 | INFO  | DNAudit | user=null | ip=null | op=WRITE_CHUNK {blockData=conID: 2 locID: 102652565604139550 bcsId: 2902} | ret=SUCCESS |  
2019-08-21 02:17:25,329 | INFO  | DNAudit | user=null | ip=null | op=WRITE_CHUNK {blockData=conID: 2 locID: 102652565604139550 bcsId: 2902} | ret=SUCCESS |  
2019-08-21 02:17:25,329 | INFO  | DNAudit | user=null | ip=null | op=WRITE_CHUNK {blockData=conID: 2 locID: 102652565604139550 bcsId: 2902} | ret=SUCCESS |  
2019-08-21 02:17:25,331 | INFO  | DNAudit | user=null | ip=null | op=WRITE_CHUNK {blockData=conID: 2 locID: 102652565604139550 bcsId: 2902} | ret=SUCCESS |  
2019-08-21 02:17:25,332 | INFO  | DNAudit | user=null | ip=null | op=PUT_BLOCK {blockData=[blockId=conID: 2 locID: 102652565604139550 bcsId: 0,size=4194304]} | ret=SUCCESS |  
2019-08-21 02:17:25,332 [grpc-default-executor-0] INFO  client.GrpcClientProtocolClient (GrpcClientProtocolClient.java:onNext(255)) - client-54CC064C3FCE->8224e767-71c1-41fc-a01a-d172d48fd9d8: receive RaftClientReply:client-54CC064C3FCE->8224e767-71c1-41fc-a01a-d172d48fd9d8@group-F6B37CC92441, cid=1993, SUCCESS, logIndex=2905, commits[8224e767-71c1-41fc-a01a-d172d48fd9d8:c2906, 6eae0c21-01aa-4169-956f-5952b26ea7ba:c2902, 8d7dcba1-3b82-4d94-a832-514ef5c79cf8:c2904]
2019-08-21 02:17:25,332 [grpc-default-executor-0] INFO  client.GrpcClientProtocolClient (GrpcClientProtocolClient.java:onNext(255)) - client-54CC064C3FCE->8224e767-71c1-41fc-a01a-d172d48fd9d8: receive RaftClientReply:client-54CC064C3FCE->8224e767-71c1-41fc-a01a-d172d48fd9d8@group-F6B37CC92441, cid=1994, SUCCESS, logIndex=2906, commits[8224e767-71c1-41fc-a01a-d172d48fd9d8:c2906, 6eae0c21-01aa-4169-956f-5952b26ea7ba:c2904, 8d7dcba1-3b82-4d94-a832-514ef5c79cf8:c2904]
2019-08-21 02:17:25,334 | INFO  | DNAudit | user=null | ip=null | op=WRITE_CHUNK {blockData=conID: 2 locID: 102652565604139550 bcsId: 2902} | ret=SUCCESS |  
2019-08-21 02:17:25,334 | INFO  | DNAudit | user=null | ip=null | op=WRITE_CHUNK {blockData=conID: 2 locID: 102652565604139550 bcsId: 2902} | ret=SUCCESS |  
2019-08-21 02:17:25,334 | INFO  | DNAudit | user=null | ip=null | op=PUT_BLOCK {blockData=[blockId=conID: 2 locID: 102652565604139550 bcsId: 0,size=4194304]} | ret=SUCCESS |  
2019-08-21 02:17:25,334 | INFO  | DNAudit | user=null | ip=null | op=PUT_BLOCK {blockData=[blockId=conID: 2 locID: 102652565604139550 bcsId: 0,size=4194304]} | ret=SUCCESS |  
2019-08-21 02:17:25,335 [grpc-default-executor-0] INFO  client.GrpcClientProtocolClient (GrpcClientProtocolClient.java:onNext(255)) - client-54CC064C3FCE->8224e767-71c1-41fc-a01a-d172d48fd9d8: receive RaftClientReply:client-54CC064C3FCE->8224e767-71c1-41fc-a01a-d172d48fd9d8@group-F6B37CC92441, cid=1995, SUCCESS, logIndex=0, commits[8224e767-71c1-41fc-a01a-d172d48fd9d8:c2907, 6eae0c21-01aa-4169-956f-5952b26ea7ba:c2906, 8d7dcba1-3b82-4d94-a832-514ef5c79cf8:c2906]
2019-08-21 02:17:25,339 | INFO  | SCMAudit | user=jenkins1000 | ip=192.168.34.10 | op=ALLOCATE_BLOCK {owner=b6f66289-f2a0-4058-b052-0a85e40df67b, size=4194304, type=RATIS, factor=THREE} | ret=SUCCESS |  
2019-08-21 02:17:25,342 | INFO  | OMAudit | user=jenkins1000 | ip=127.0.0.1 | op=ALLOCATE_BLOCK {volume=vol-0-90982, bucket=bucket-0-24269, key=key-0-81262, dataSize=0, replicationType=null, replicationFactor=null, keyLocationInfo=null, clientID=102652564580991378} | ret=SUCCESS |  
2019-08-21 02:17:25,349 | INFO  | DNAudit | user=null | ip=null | op=WRITE_CHUNK {blockData=conID: 3 locID: 102652565608137247 bcsId: 0} | ret=SUCCESS |  
2019-08-21 02:17:25,352 | INFO  | DNAudit | user=null | ip=null | op=WRITE_CHUNK {blockData=conID: 3 locID: 102652565608137247 bcsId: 0} | ret=SUCCESS |  
2019-08-21 02:17:25,356 | INFO  | DNAudit | user=null | ip=null | op=WRITE_CHUNK {blockData=conID: 3 locID: 102652565608137247 bcsId: 0} | ret=SUCCESS |  
2019-08-21 02:17:25,356 | INFO  | DNAudit | user=null | ip=null | op=WRITE_CHUNK {blockData=conID: 3 locID: 102652565608137247 bcsId: 0} | ret=SUCCESS |  
2019-08-21 02:17:25,356 | INFO  | DNAudit | user=null | ip=null | op=WRITE_CHUNK {blockData=conID: 3 locID: 102652565608137247 bcsId: 0} | ret=SUCCESS |  
2019-08-21 02:17:25,356 | INFO  | DNAudit | user=null | ip=null | op=WRITE_CHUNK {blockData=conID: 3 locID: 102652565608137247 bcsId: 0} | ret=SUCCESS |  
2019-08-21 02:17:25,357 | INFO  | DNAudit | user=null | ip=null | op=WRITE_CHUNK {blockData=conID: 3 locID: 102652565608137247 bcsId: 0} | ret=SUCCESS |  
2019-08-21 02:17:25,358 | INFO  | DNAudit | user=null | ip=null | op=PUT_BLOCK {blockData=[blockId=conID: 3 locID: 102652565608137247 bcsId: 0,size=1048576]} | ret=SUCCESS |  
2019-08-21 02:17:25,358 [grpc-default-executor-0] INFO  client.GrpcClientProtocolClient (GrpcClientProtocolClient.java:onNext(255)) - client-54CC064C3FCE->8224e767-71c1-41fc-a01a-d172d48fd9d8: receive RaftClientReply:client-54CC064C3FCE->8224e767-71c1-41fc-a01a-d172d48fd9d8@group-F6B37CC92441, cid=1996, SUCCESS, logIndex=2909, commits[8224e767-71c1-41fc-a01a-d172d48fd9d8:c2910, 6eae0c21-01aa-4169-956f-5952b26ea7ba:c2906, 8d7dcba1-3b82-4d94-a832-514ef5c79cf8:c2908]
2019-08-21 02:17:25,359 [grpc-default-executor-0] INFO  client.GrpcClientProtocolClient (GrpcClientProtocolClient.java:onNext(255)) - client-54CC064C3FCE->8224e767-71c1-41fc-a01a-d172d48fd9d8: receive RaftClientReply:client-54CC064C3FCE->8224e767-71c1-41fc-a01a-d172d48fd9d8@group-F6B37CC92441, cid=1997, SUCCESS, logIndex=2910, commits[8224e767-71c1-41fc-a01a-d172d48fd9d8:c2910, 6eae0c21-01aa-4169-956f-5952b26ea7ba:c2906, 8d7dcba1-3b82-4d94-a832-514ef5c79cf8:c2908]
2019-08-21 02:17:25,360 | INFO  | DNAudit | user=null | ip=null | op=WRITE_CHUNK {blockData=conID: 3 locID: 102652565608137247 bcsId: 0} | ret=SUCCESS |  
2019-08-21 02:17:25,360 | INFO  | DNAudit | user=null | ip=null | op=PUT_BLOCK {blockData=[blockId=conID: 3 locID: 102652565608137247 bcsId: 0,size=2097152]} | ret=SUCCESS |  
2019-08-21 02:17:25,361 [grpc-default-executor-1] INFO  client.GrpcClientProtocolClient (GrpcClientProtocolClient.java:onNext(255)) - client-54CC064C3FCE->8224e767-71c1-41fc-a01a-d172d48fd9d8: receive RaftClientReply:client-54CC064C3FCE->8224e767-71c1-41fc-a01a-d172d48fd9d8@group-F6B37CC92441, cid=1998, SUCCESS, logIndex=2911, commits[8224e767-71c1-41fc-a01a-d172d48fd9d8:c2912, 6eae0c21-01aa-4169-956f-5952b26ea7ba:c2906, 8d7dcba1-3b82-4d94-a832-514ef5c79cf8:c2908]
2019-08-21 02:17:25,361 [grpc-default-executor-1] INFO  client.GrpcClientProtocolClient (GrpcClientProtocolClient.java:onNext(255)) - client-54CC064C3FCE->8224e767-71c1-41fc-a01a-d172d48fd9d8: receive RaftClientReply:client-54CC064C3FCE->8224e767-71c1-41fc-a01a-d172d48fd9d8@group-F6B37CC92441, cid=1999, SUCCESS, logIndex=2912, commits[8224e767-71c1-41fc-a01a-d172d48fd9d8:c2912, 6eae0c21-01aa-4169-956f-5952b26ea7ba:c2906, 8d7dcba1-3b82-4d94-a832-514ef5c79cf8:c2908]
2019-08-21 02:17:25,363 | INFO  | DNAudit | user=null | ip=null | op=WRITE_CHUNK {blockData=conID: 3 locID: 102652565608137247 bcsId: 0} | ret=SUCCESS |  
2019-08-21 02:17:25,363 | INFO  | DNAudit | user=null | ip=null | op=PUT_BLOCK {blockData=[blockId=conID: 3 locID: 102652565608137247 bcsId: 0,size=1048576]} | ret=SUCCESS |  
2019-08-21 02:17:25,364 | INFO  | DNAudit | user=null | ip=null | op=WRITE_CHUNK {blockData=conID: 3 locID: 102652565608137247 bcsId: 0} | ret=SUCCESS |  
2019-08-21 02:17:25,364 | INFO  | DNAudit | user=null | ip=null | op=PUT_BLOCK {blockData=[blockId=conID: 3 locID: 102652565608137247 bcsId: 0,size=2097152]} | ret=SUCCESS |  
2019-08-21 02:17:25,364 | INFO  | DNAudit | user=null | ip=null | op=WRITE_CHUNK {blockData=conID: 3 locID: 102652565608137247 bcsId: 0} | ret=SUCCESS |  
2019-08-21 02:17:25,365 | INFO  | DNAudit | user=null | ip=null | op=PUT_BLOCK {blockData=[blockId=conID: 3 locID: 102652565608137247 bcsId: 0,size=1048576]} | ret=SUCCESS |  
2019-08-21 02:17:25,365 | INFO  | DNAudit | user=null | ip=null | op=WRITE_CHUNK {blockData=conID: 3 locID: 102652565608137247 bcsId: 0} | ret=SUCCESS |  
2019-08-21 02:17:25,365 [grpc-default-executor-1] INFO  client.GrpcClientProtocolClient (GrpcClientProtocolClient.java:onNext(255)) - client-54CC064C3FCE->8224e767-71c1-41fc-a01a-d172d48fd9d8: receive RaftClientReply:client-54CC064C3FCE->8224e767-71c1-41fc-a01a-d172d48fd9d8@group-F6B37CC92441, cid=2000, SUCCESS, logIndex=0, commits[8224e767-71c1-41fc-a01a-d172d48fd9d8:c2916, 6eae0c21-01aa-4169-956f-5952b26ea7ba:c2910, 8d7dcba1-3b82-4d94-a832-514ef5c79cf8:c2912]
2019-08-21 02:17:25,365 | INFO  | DNAudit | user=null | ip=null | op=PUT_BLOCK {blockData=[blockId=conID: 3 locID: 102652565608137247 bcsId: 0,size=2097152]} | ret=SUCCESS |  
2019-08-21 02:17:25,372 | INFO  | DNAudit | user=null | ip=null | op=WRITE_CHUNK {blockData=conID: 3 locID: 102652565608137247 bcsId: 2912} | ret=SUCCESS |  
2019-08-21 02:17:25,374 | INFO  | DNAudit | user=null | ip=null | op=WRITE_CHUNK {blockData=conID: 3 locID: 102652565608137247 bcsId: 2912} | ret=SUCCESS |  
2019-08-21 02:17:25,375 | INFO  | DNAudit | user=null | ip=null | op=WRITE_CHUNK {blockData=conID: 3 locID: 102652565608137247 bcsId: 2912} | ret=SUCCESS |  
2019-08-21 02:17:25,398 | INFO  | DNAudit | user=null | ip=null | op=WRITE_CHUNK {blockData=conID: 3 locID: 102652565608137247 bcsId: 2912} | ret=SUCCESS |  
2019-08-21 02:17:25,399 | INFO  | DNAudit | user=null | ip=null | op=PUT_BLOCK {blockData=[blockId=conID: 3 locID: 102652565608137247 bcsId: 0,size=3145728]} | ret=SUCCESS |  
2019-08-21 02:17:25,399 [grpc-default-executor-2] INFO  client.GrpcClientProtocolClient (GrpcClientProtocolClient.java:onNext(255)) - client-54CC064C3FCE->8224e767-71c1-41fc-a01a-d172d48fd9d8: receive RaftClientReply:client-54CC064C3FCE->8224e767-71c1-41fc-a01a-d172d48fd9d8@group-F6B37CC92441, cid=2001, SUCCESS, logIndex=2917, commits[8224e767-71c1-41fc-a01a-d172d48fd9d8:c2918, 6eae0c21-01aa-4169-956f-5952b26ea7ba:c2916, 8d7dcba1-3b82-4d94-a832-514ef5c79cf8:c2916]
2019-08-21 02:17:25,400 [grpc-default-executor-2] INFO  client.GrpcClientProtocolClient (GrpcClientProtocolClient.java:onNext(255)) - client-54CC064C3FCE->8224e767-71c1-41fc-a01a-d172d48fd9d8: receive RaftClientReply:client-54CC064C3FCE->8224e767-71c1-41fc-a01a-d172d48fd9d8@group-F6B37CC92441, cid=2002, SUCCESS, logIndex=2918, commits[8224e767-71c1-41fc-a01a-d172d48fd9d8:c2918, 6eae0c21-01aa-4169-956f-5952b26ea7ba:c2916, 8d7dcba1-3b82-4d94-a832-514ef5c79cf8:c2916]
2019-08-21 02:17:25,407 | INFO  | DNAudit | user=null | ip=null | op=WRITE_CHUNK {blockData=conID: 3 locID: 102652565608137247 bcsId: 2918} | ret=SUCCESS |  
2019-08-21 02:17:25,410 | INFO  | DNAudit | user=null | ip=null | op=WRITE_CHUNK {blockData=conID: 3 locID: 102652565608137247 bcsId: 2918} | ret=SUCCESS |  
2019-08-21 02:17:25,410 | INFO  | DNAudit | user=null | ip=null | op=WRITE_CHUNK {blockData=conID: 3 locID: 102652565608137247 bcsId: 2912} | ret=SUCCESS |  
2019-08-21 02:17:25,410 | INFO  | DNAudit | user=null | ip=null | op=WRITE_CHUNK {blockData=conID: 3 locID: 102652565608137247 bcsId: 2918} | ret=SUCCESS |  
2019-08-21 02:17:25,410 | INFO  | DNAudit | user=null | ip=null | op=WRITE_CHUNK {blockData=conID: 3 locID: 102652565608137247 bcsId: 2912} | ret=SUCCESS |  
2019-08-21 02:17:25,411 | INFO  | DNAudit | user=null | ip=null | op=PUT_BLOCK {blockData=[blockId=conID: 3 locID: 102652565608137247 bcsId: 0,size=3145728]} | ret=SUCCESS |  
2019-08-21 02:17:25,411 | INFO  | DNAudit | user=null | ip=null | op=PUT_BLOCK {blockData=[blockId=conID: 3 locID: 102652565608137247 bcsId: 0,size=3145728]} | ret=SUCCESS |  
2019-08-21 02:17:25,412 | INFO  | DNAudit | user=null | ip=null | op=WRITE_CHUNK {blockData=conID: 3 locID: 102652565608137247 bcsId: 2918} | ret=SUCCESS |  
2019-08-21 02:17:25,413 | INFO  | DNAudit | user=null | ip=null | op=PUT_BLOCK {blockData=[blockId=conID: 3 locID: 102652565608137247 bcsId: 0,size=4194304]} | ret=SUCCESS |  
2019-08-21 02:17:25,413 [grpc-default-executor-0] INFO  client.GrpcClientProtocolClient (GrpcClientProtocolClient.java:onNext(255)) - client-54CC064C3FCE->8224e767-71c1-41fc-a01a-d172d48fd9d8: receive RaftClientReply:client-54CC064C3FCE->8224e767-71c1-41fc-a01a-d172d48fd9d8@group-F6B37CC92441, cid=2003, SUCCESS, logIndex=2921, commits[8224e767-71c1-41fc-a01a-d172d48fd9d8:c2922, 6eae0c21-01aa-4169-956f-5952b26ea7ba:c2918, 8d7dcba1-3b82-4d94-a832-514ef5c79cf8:c2918]
2019-08-21 02:17:25,413 [grpc-default-executor-0] INFO  client.GrpcClientProtocolClient (GrpcClientProtocolClient.java:onNext(255)) - client-54CC064C3FCE->8224e767-71c1-41fc-a01a-d172d48fd9d8: receive RaftClientReply:client-54CC064C3FCE->8224e767-71c1-41fc-a01a-d172d48fd9d8@group-F6B37CC92441, cid=2004, SUCCESS, logIndex=2922, commits[8224e767-71c1-41fc-a01a-d172d48fd9d8:c2922, 6eae0c21-01aa-4169-956f-5952b26ea7ba:c2918, 8d7dcba1-3b82-4d94-a832-514ef5c79cf8:c2918]
2019-08-21 02:17:25,414 | INFO  | DNAudit | user=null | ip=null | op=WRITE_CHUNK {blockData=conID: 3 locID: 102652565608137247 bcsId: 2918} | ret=SUCCESS |  
2019-08-21 02:17:25,414 | INFO  | DNAudit | user=null | ip=null | op=WRITE_CHUNK {blockData=conID: 3 locID: 102652565608137247 bcsId: 2918} | ret=SUCCESS |  
2019-08-21 02:17:25,414 | INFO  | DNAudit | user=null | ip=null | op=PUT_BLOCK {blockData=[blockId=conID: 3 locID: 102652565608137247 bcsId: 0,size=4194304]} | ret=SUCCESS |  
2019-08-21 02:17:25,414 | INFO  | DNAudit | user=null | ip=null | op=PUT_BLOCK {blockData=[blockId=conID: 3 locID: 102652565608137247 bcsId: 0,size=4194304]} | ret=SUCCESS |  
2019-08-21 02:17:25,415 [grpc-default-executor-0] INFO  client.GrpcClientProtocolClient (GrpcClientProtocolClient.java:onNext(255)) - client-54CC064C3FCE->8224e767-71c1-41fc-a01a-d172d48fd9d8: receive RaftClientReply:client-54CC064C3FCE->8224e767-71c1-41fc-a01a-d172d48fd9d8@group-F6B37CC92441, cid=2005, SUCCESS, logIndex=0, commits[8224e767-71c1-41fc-a01a-d172d48fd9d8:c2923, 6eae0c21-01aa-4169-956f-5952b26ea7ba:c2922, 8d7dcba1-3b82-4d94-a832-514ef5c79cf8:c2922]
2019-08-21 02:17:25,421 | INFO  | SCMAudit | user=jenkins1000 | ip=192.168.34.10 | op=ALLOCATE_BLOCK {owner=b6f66289-f2a0-4058-b052-0a85e40df67b, size=4194304, type=RATIS, factor=THREE} | ret=SUCCESS |  
2019-08-21 02:17:25,425 | INFO  | OMAudit | user=jenkins1000 | ip=127.0.0.1 | op=ALLOCATE_BLOCK {volume=vol-0-90982, bucket=bucket-0-24269, key=key-0-81262, dataSize=0, replicationType=null, replicationFactor=null, keyLocationInfo=null, clientID=102652564580991378} | ret=SUCCESS |  
2019-08-21 02:17:25,433 | INFO  | DNAudit | user=null | ip=null | op=WRITE_CHUNK {blockData=conID: 1 locID: 102652565613511200 bcsId: 0} | ret=SUCCESS |  
2019-08-21 02:17:25,436 | INFO  | DNAudit | user=null | ip=null | op=WRITE_CHUNK {blockData=conID: 1 locID: 102652565613511200 bcsId: 0} | ret=SUCCESS |  
2019-08-21 02:17:25,437 | INFO  | DNAudit | user=null | ip=null | op=WRITE_CHUNK {blockData=conID: 1 locID: 102652565613511200 bcsId: 0} | ret=SUCCESS |  
2019-08-21 02:17:25,437 | INFO  | DNAudit | user=null | ip=null | op=WRITE_CHUNK {blockData=conID: 1 locID: 102652565613511200 bcsId: 0} | ret=SUCCESS |  
2019-08-21 02:17:25,439 | INFO  | DNAudit | user=null | ip=null | op=WRITE_CHUNK {blockData=conID: 1 locID: 102652565613511200 bcsId: 0} | ret=SUCCESS |  
2019-08-21 02:17:25,439 | INFO  | DNAudit | user=null | ip=null | op=WRITE_CHUNK {blockData=conID: 1 locID: 102652565613511200 bcsId: 0} | ret=SUCCESS |  
2019-08-21 02:17:25,446 | INFO  | DNAudit | user=null | ip=null | op=WRITE_CHUNK {blockData=conID: 1 locID: 102652565613511200 bcsId: 0} | ret=SUCCESS |  
2019-08-21 02:17:25,446 | INFO  | DNAudit | user=null | ip=null | op=PUT_BLOCK {blockData=[blockId=conID: 1 locID: 102652565613511200 bcsId: 0,size=1048576]} | ret=SUCCESS |  
2019-08-21 02:17:25,447 [grpc-default-executor-0] INFO  client.GrpcClientProtocolClient (GrpcClientProtocolClient.java:onNext(255)) - client-54CC064C3FCE->8224e767-71c1-41fc-a01a-d172d48fd9d8: receive RaftClientReply:client-54CC064C3FCE->8224e767-71c1-41fc-a01a-d172d48fd9d8@group-F6B37CC92441, cid=2006, SUCCESS, logIndex=2925, commits[8224e767-71c1-41fc-a01a-d172d48fd9d8:c2926, 6eae0c21-01aa-4169-956f-5952b26ea7ba:c2924, 8d7dcba1-3b82-4d94-a832-514ef5c79cf8:c2924]
2019-08-21 02:17:25,447 | INFO  | DNAudit | user=null | ip=null | op=WRITE_CHUNK {blockData=conID: 1 locID: 102652565613511200 bcsId: 0} | ret=SUCCESS |  
2019-08-21 02:17:25,447 [grpc-default-executor-0] INFO  client.GrpcClientProtocolClient (GrpcClientProtocolClient.java:onNext(255)) - client-54CC064C3FCE->8224e767-71c1-41fc-a01a-d172d48fd9d8: receive RaftClientReply:client-54CC064C3FCE->8224e767-71c1-41fc-a01a-d172d48fd9d8@group-F6B37CC92441, cid=2007, SUCCESS, logIndex=2926, commits[8224e767-71c1-41fc-a01a-d172d48fd9d8:c2927, 6eae0c21-01aa-4169-956f-5952b26ea7ba:c2924, 8d7dcba1-3b82-4d94-a832-514ef5c79cf8:c2924]
2019-08-21 02:17:25,448 | INFO  | DNAudit | user=null | ip=null | op=PUT_BLOCK {blockData=[blockId=conID: 1 locID: 102652565613511200 bcsId: 0,size=2097152]} | ret=SUCCESS |  
2019-08-21 02:17:25,448 | INFO  | DNAudit | user=null | ip=null | op=WRITE_CHUNK {blockData=conID: 1 locID: 102652565613511200 bcsId: 0} | ret=SUCCESS |  
2019-08-21 02:17:25,448 [grpc-default-executor-0] INFO  client.GrpcClientProtocolClient (GrpcClientProtocolClient.java:onNext(255)) - client-54CC064C3FCE->8224e767-71c1-41fc-a01a-d172d48fd9d8: receive RaftClientReply:client-54CC064C3FCE->8224e767-71c1-41fc-a01a-d172d48fd9d8@group-F6B37CC92441, cid=2008, SUCCESS, logIndex=2927, commits[8224e767-71c1-41fc-a01a-d172d48fd9d8:c2928, 6eae0c21-01aa-4169-956f-5952b26ea7ba:c2924, 8d7dcba1-3b82-4d94-a832-514ef5c79cf8:c2924]
2019-08-21 02:17:25,448 | INFO  | DNAudit | user=null | ip=null | op=PUT_BLOCK {blockData=[blockId=conID: 1 locID: 102652565613511200 bcsId: 0,size=1048576]} | ret=SUCCESS |  
2019-08-21 02:17:25,448 [grpc-default-executor-0] INFO  client.GrpcClientProtocolClient (GrpcClientProtocolClient.java:onNext(255)) - client-54CC064C3FCE->8224e767-71c1-41fc-a01a-d172d48fd9d8: receive RaftClientReply:client-54CC064C3FCE->8224e767-71c1-41fc-a01a-d172d48fd9d8@group-F6B37CC92441, cid=2009, SUCCESS, logIndex=2928, commits[8224e767-71c1-41fc-a01a-d172d48fd9d8:c2930, 6eae0c21-01aa-4169-956f-5952b26ea7ba:c2926, 8d7dcba1-3b82-4d94-a832-514ef5c79cf8:c2924]
2019-08-21 02:17:25,451 | INFO  | DNAudit | user=null | ip=null | op=WRITE_CHUNK {blockData=conID: 1 locID: 102652565613511200 bcsId: 0} | ret=SUCCESS |  
2019-08-21 02:17:25,451 | INFO  | DNAudit | user=null | ip=null | op=WRITE_CHUNK {blockData=conID: 1 locID: 102652565613511200 bcsId: 0} | ret=SUCCESS |  
2019-08-21 02:17:25,451 | INFO  | DNAudit | user=null | ip=null | op=PUT_BLOCK {blockData=[blockId=conID: 1 locID: 102652565613511200 bcsId: 0,size=2097152]} | ret=SUCCESS |  
2019-08-21 02:17:25,451 | INFO  | DNAudit | user=null | ip=null | op=PUT_BLOCK {blockData=[blockId=conID: 1 locID: 102652565613511200 bcsId: 0,size=1048576]} | ret=SUCCESS |  
2019-08-21 02:17:25,452 | INFO  | DNAudit | user=null | ip=null | op=WRITE_CHUNK {blockData=conID: 1 locID: 102652565613511200 bcsId: 0} | ret=SUCCESS |  
2019-08-21 02:17:25,452 [grpc-default-executor-0] INFO  client.GrpcClientProtocolClient (GrpcClientProtocolClient.java:onNext(255)) - client-54CC064C3FCE->8224e767-71c1-41fc-a01a-d172d48fd9d8: receive RaftClientReply:client-54CC064C3FCE->8224e767-71c1-41fc-a01a-d172d48fd9d8@group-F6B37CC92441, cid=2010, SUCCESS, logIndex=0, commits[8224e767-71c1-41fc-a01a-d172d48fd9d8:c2930, 6eae0c21-01aa-4169-956f-5952b26ea7ba:c2927, 8d7dcba1-3b82-4d94-a832-514ef5c79cf8:c2926]
2019-08-21 02:17:25,460 | INFO  | DNAudit | user=null | ip=null | op=WRITE_CHUNK {blockData=conID: 1 locID: 102652565613511200 bcsId: 2928} | ret=SUCCESS |  
2019-08-21 02:17:25,463 | INFO  | DNAudit | user=null | ip=null | op=PUT_BLOCK {blockData=[blockId=conID: 1 locID: 102652565613511200 bcsId: 0,size=2097152]} | ret=SUCCESS |  
2019-08-21 02:17:25,463 | INFO  | DNAudit | user=null | ip=null | op=WRITE_CHUNK {blockData=conID: 1 locID: 102652565613511200 bcsId: 2928} | ret=SUCCESS |  
2019-08-21 02:17:25,463 | INFO  | DNAudit | user=null | ip=null | op=WRITE_CHUNK {blockData=conID: 1 locID: 102652565613511200 bcsId: 2928} | ret=SUCCESS |  
2019-08-21 02:17:25,465 | INFO  | DNAudit | user=null | ip=null | op=WRITE_CHUNK {blockData=conID: 1 locID: 102652565613511200 bcsId: 2928} | ret=SUCCESS |  
2019-08-21 02:17:25,465 | INFO  | DNAudit | user=null | ip=null | op=PUT_BLOCK {blockData=[blockId=conID: 1 locID: 102652565613511200 bcsId: 0,size=3145728]} | ret=SUCCESS |  
2019-08-21 02:17:25,465 [grpc-default-executor-0] INFO  client.GrpcClientProtocolClient (GrpcClientProtocolClient.java:onNext(255)) - client-54CC064C3FCE->8224e767-71c1-41fc-a01a-d172d48fd9d8: receive RaftClientReply:client-54CC064C3FCE->8224e767-71c1-41fc-a01a-d172d48fd9d8@group-F6B37CC92441, cid=2011, SUCCESS, logIndex=2933, commits[8224e767-71c1-41fc-a01a-d172d48fd9d8:c2934, 6eae0c21-01aa-4169-956f-5952b26ea7ba:c2930, 8d7dcba1-3b82-4d94-a832-514ef5c79cf8:c2928]
2019-08-21 02:17:25,466 [grpc-default-executor-0] INFO  client.GrpcClientProtocolClient (GrpcClientProtocolClient.java:onNext(255)) - client-54CC064C3FCE->8224e767-71c1-41fc-a01a-d172d48fd9d8: receive RaftClientReply:client-54CC064C3FCE->8224e767-71c1-41fc-a01a-d172d48fd9d8@group-F6B37CC92441, cid=2012, SUCCESS, logIndex=2934, commits[8224e767-71c1-41fc-a01a-d172d48fd9d8:c2934, 6eae0c21-01aa-4169-956f-5952b26ea7ba:c2930, 8d7dcba1-3b82-4d94-a832-514ef5c79cf8:c2930]
2019-08-21 02:17:25,466 | INFO  | DNAudit | user=null | ip=null | op=WRITE_CHUNK {blockData=conID: 1 locID: 102652565613511200 bcsId: 2928} | ret=SUCCESS |  
2019-08-21 02:17:25,466 | INFO  | DNAudit | user=null | ip=null | op=WRITE_CHUNK {blockData=conID: 1 locID: 102652565613511200 bcsId: 2928} | ret=SUCCESS |  
2019-08-21 02:17:25,466 | INFO  | DNAudit | user=null | ip=null | op=PUT_BLOCK {blockData=[blockId=conID: 1 locID: 102652565613511200 bcsId: 0,size=3145728]} | ret=SUCCESS |  
2019-08-21 02:17:25,467 | INFO  | DNAudit | user=null | ip=null | op=PUT_BLOCK {blockData=[blockId=conID: 1 locID: 102652565613511200 bcsId: 0,size=3145728]} | ret=SUCCESS |  
2019-08-21 02:17:25,473 | INFO  | DNAudit | user=null | ip=null | op=WRITE_CHUNK {blockData=conID: 1 locID: 102652565613511200 bcsId: 2934} | ret=SUCCESS |  
2019-08-21 02:17:25,476 | INFO  | DNAudit | user=null | ip=null | op=WRITE_CHUNK {blockData=conID: 1 locID: 102652565613511200 bcsId: 2934} | ret=SUCCESS |  
2019-08-21 02:17:25,476 | INFO  | DNAudit | user=null | ip=null | op=WRITE_CHUNK {blockData=conID: 1 locID: 102652565613511200 bcsId: 2934} | ret=SUCCESS |  
2019-08-21 02:17:25,487 | INFO  | DNAudit | user=null | ip=null | op=WRITE_CHUNK {blockData=conID: 1 locID: 102652565613511200 bcsId: 2934} | ret=SUCCESS |  
2019-08-21 02:17:25,488 | INFO  | DNAudit | user=null | ip=null | op=PUT_BLOCK {blockData=[blockId=conID: 1 locID: 102652565613511200 bcsId: 0,size=4194304]} | ret=SUCCESS |  
2019-08-21 02:17:25,488 [grpc-default-executor-1] INFO  client.GrpcClientProtocolClient (GrpcClientProtocolClient.java:onNext(255)) - client-54CC064C3FCE->8224e767-71c1-41fc-a01a-d172d48fd9d8: receive RaftClientReply:client-54CC064C3FCE->8224e767-71c1-41fc-a01a-d172d48fd9d8@group-F6B37CC92441, cid=2013, SUCCESS, logIndex=2937, commits[8224e767-71c1-41fc-a01a-d172d48fd9d8:c2938, 6eae0c21-01aa-4169-956f-5952b26ea7ba:c2936, 8d7dcba1-3b82-4d94-a832-514ef5c79cf8:c2936]
2019-08-21 02:17:25,489 [grpc-default-executor-1] INFO  client.GrpcClientProtocolClient (GrpcClientProtocolClient.java:onNext(255)) - client-54CC064C3FCE->8224e767-71c1-41fc-a01a-d172d48fd9d8: receive RaftClientReply:client-54CC064C3FCE->8224e767-71c1-41fc-a01a-d172d48fd9d8@group-F6B37CC92441, cid=2014, SUCCESS, logIndex=2938, commits[8224e767-71c1-41fc-a01a-d172d48fd9d8:c2938, 6eae0c21-01aa-4169-956f-5952b26ea7ba:c2936, 8d7dcba1-3b82-4d94-a832-514ef5c79cf8:c2936]
2019-08-21 02:17:25,499 | INFO  | DNAudit | user=null | ip=null | op=WRITE_CHUNK {blockData=conID: 1 locID: 102652565613511200 bcsId: 2934} | ret=SUCCESS |  
2019-08-21 02:17:25,499 | INFO  | DNAudit | user=null | ip=null | op=WRITE_CHUNK {blockData=conID: 1 locID: 102652565613511200 bcsId: 2934} | ret=SUCCESS |  
2019-08-21 02:17:25,502 | INFO  | DNAudit | user=null | ip=null | op=PUT_BLOCK {blockData=[blockId=conID: 1 locID: 102652565613511200 bcsId: 0,size=4194304]} | ret=SUCCESS |  
2019-08-21 02:17:25,502 | INFO  | DNAudit | user=null | ip=null | op=PUT_BLOCK {blockData=[blockId=conID: 1 locID: 102652565613511200 bcsId: 0,size=4194304]} | ret=SUCCESS |  
2019-08-21 02:17:25,502 [grpc-default-executor-1] INFO  client.GrpcClientProtocolClient (GrpcClientProtocolClient.java:onNext(255)) - client-54CC064C3FCE->8224e767-71c1-41fc-a01a-d172d48fd9d8: receive RaftClientReply:client-54CC064C3FCE->8224e767-71c1-41fc-a01a-d172d48fd9d8@group-F6B37CC92441, cid=2015, SUCCESS, logIndex=0, commits[8224e767-71c1-41fc-a01a-d172d48fd9d8:c2940, 6eae0c21-01aa-4169-956f-5952b26ea7ba:c2938, 8d7dcba1-3b82-4d94-a832-514ef5c79cf8:c2938]
2019-08-21 02:17:25,506 | INFO  | SCMAudit | user=jenkins1000 | ip=192.168.34.10 | op=ALLOCATE_BLOCK {owner=b6f66289-f2a0-4058-b052-0a85e40df67b, size=4194304, type=RATIS, factor=THREE} | ret=SUCCESS |  
2019-08-21 02:17:25,509 | INFO  | OMAudit | user=jenkins1000 | ip=127.0.0.1 | op=ALLOCATE_BLOCK {volume=vol-0-90982, bucket=bucket-0-24269, key=key-0-81262, dataSize=0, replicationType=null, replicationFactor=null, keyLocationInfo=null, clientID=102652564580991378} | ret=SUCCESS |  
2019-08-21 02:17:25,517 | INFO  | DNAudit | user=null | ip=null | op=WRITE_CHUNK {blockData=conID: 2 locID: 102652565619081761 bcsId: 0} | ret=SUCCESS |  
2019-08-21 02:17:25,519 | INFO  | DNAudit | user=null | ip=null | op=WRITE_CHUNK {blockData=conID: 2 locID: 102652565619081761 bcsId: 0} | ret=SUCCESS |  
2019-08-21 02:17:25,520 | INFO  | DNAudit | user=null | ip=null | op=WRITE_CHUNK {blockData=conID: 2 locID: 102652565619081761 bcsId: 0} | ret=SUCCESS |  
2019-08-21 02:17:25,520 | INFO  | DNAudit | user=null | ip=null | op=WRITE_CHUNK {blockData=conID: 2 locID: 102652565619081761 bcsId: 0} | ret=SUCCESS |  
2019-08-21 02:17:25,521 | INFO  | DNAudit | user=null | ip=null | op=WRITE_CHUNK {blockData=conID: 2 locID: 102652565619081761 bcsId: 0} | ret=SUCCESS |  
2019-08-21 02:17:25,522 | INFO  | DNAudit | user=null | ip=null | op=WRITE_CHUNK {blockData=conID: 2 locID: 102652565619081761 bcsId: 0} | ret=SUCCESS |  
2019-08-21 02:17:25,529 | INFO  | DNAudit | user=null | ip=null | op=WRITE_CHUNK {blockData=conID: 2 locID: 102652565619081761 bcsId: 0} | ret=SUCCESS |  
2019-08-21 02:17:25,530 | INFO  | DNAudit | user=null | ip=null | op=PUT_BLOCK {blockData=[blockId=conID: 2 locID: 102652565619081761 bcsId: 0,size=1048576]} | ret=SUCCESS |  
2019-08-21 02:17:25,530 [grpc-default-executor-1] INFO  client.GrpcClientProtocolClient (GrpcClientProtocolClient.java:onNext(255)) - client-54CC064C3FCE->8224e767-71c1-41fc-a01a-d172d48fd9d8: receive RaftClientReply:client-54CC064C3FCE->8224e767-71c1-41fc-a01a-d172d48fd9d8@group-F6B37CC92441, cid=2016, SUCCESS, logIndex=2941, commits[8224e767-71c1-41fc-a01a-d172d48fd9d8:c2944, 6eae0c21-01aa-4169-956f-5952b26ea7ba:c2940, 8d7dcba1-3b82-4d94-a832-514ef5c79cf8:c2940]
2019-08-21 02:17:25,530 | INFO  | DNAudit | user=null | ip=null | op=WRITE_CHUNK {blockData=conID: 2 locID: 102652565619081761 bcsId: 0} | ret=SUCCESS |  
2019-08-21 02:17:25,530 | INFO  | DNAudit | user=null | ip=null | op=PUT_BLOCK {blockData=[blockId=conID: 2 locID: 102652565619081761 bcsId: 0,size=2097152]} | ret=SUCCESS |  
2019-08-21 02:17:25,531 [grpc-default-executor-1] INFO  client.GrpcClientProtocolClient (GrpcClientProtocolClient.java:onNext(255)) - client-54CC064C3FCE->8224e767-71c1-41fc-a01a-d172d48fd9d8: receive RaftClientReply:client-54CC064C3FCE->8224e767-71c1-41fc-a01a-d172d48fd9d8@group-F6B37CC92441, cid=2017, SUCCESS, logIndex=2942, commits[8224e767-71c1-41fc-a01a-d172d48fd9d8:c2944, 6eae0c21-01aa-4169-956f-5952b26ea7ba:c2940, 8d7dcba1-3b82-4d94-a832-514ef5c79cf8:c2940]
2019-08-21 02:17:25,531 [grpc-default-executor-3] INFO  client.GrpcClientProtocolClient (GrpcClientProtocolClient.java:onNext(255)) - client-54CC064C3FCE->8224e767-71c1-41fc-a01a-d172d48fd9d8: receive RaftClientReply:client-54CC064C3FCE->8224e767-71c1-41fc-a01a-d172d48fd9d8@group-F6B37CC92441, cid=2018, SUCCESS, logIndex=2943, commits[8224e767-71c1-41fc-a01a-d172d48fd9d8:c2944, 6eae0c21-01aa-4169-956f-5952b26ea7ba:c2940, 8d7dcba1-3b82-4d94-a832-514ef5c79cf8:c2940]
2019-08-21 02:17:25,531 [grpc-default-executor-3] INFO  client.GrpcClientProtocolClient (GrpcClientProtocolClient.java:onNext(255)) - client-54CC064C3FCE->8224e767-71c1-41fc-a01a-d172d48fd9d8: receive RaftClientReply:client-54CC064C3FCE->8224e767-71c1-41fc-a01a-d172d48fd9d8@group-F6B37CC92441, cid=2019, SUCCESS, logIndex=2944, commits[8224e767-71c1-41fc-a01a-d172d48fd9d8:c2944, 6eae0c21-01aa-4169-956f-5952b26ea7ba:c2940, 8d7dcba1-3b82-4d94-a832-514ef5c79cf8:c2940]
2019-08-21 02:17:25,533 | INFO  | DNAudit | user=null | ip=null | op=WRITE_CHUNK {blockData=conID: 2 locID: 102652565619081761 bcsId: 0} | ret=SUCCESS |  
2019-08-21 02:17:25,533 | INFO  | DNAudit | user=null | ip=null | op=PUT_BLOCK {blockData=[blockId=conID: 2 locID: 102652565619081761 bcsId: 0,size=1048576]} | ret=SUCCESS |  
2019-08-21 02:17:25,533 | INFO  | DNAudit | user=null | ip=null | op=WRITE_CHUNK {blockData=conID: 2 locID: 102652565619081761 bcsId: 0} | ret=SUCCESS |  
2019-08-21 02:17:25,543 | INFO  | DNAudit | user=null | ip=null | op=WRITE_CHUNK {blockData=conID: 2 locID: 102652565619081761 bcsId: 0} | ret=SUCCESS |  
2019-08-21 02:17:25,543 | INFO  | DNAudit | user=null | ip=null | op=PUT_BLOCK {blockData=[blockId=conID: 2 locID: 102652565619081761 bcsId: 0,size=1048576]} | ret=SUCCESS |  
2019-08-21 02:17:25,543 | INFO  | DNAudit | user=null | ip=null | op=PUT_BLOCK {blockData=[blockId=conID: 2 locID: 102652565619081761 bcsId: 0,size=2097152]} | ret=SUCCESS |  
2019-08-21 02:17:25,544 | INFO  | DNAudit | user=null | ip=null | op=WRITE_CHUNK {blockData=conID: 2 locID: 102652565619081761 bcsId: 0} | ret=SUCCESS |  
2019-08-21 02:17:25,544 [grpc-default-executor-3] INFO  client.GrpcClientProtocolClient (GrpcClientProtocolClient.java:onNext(255)) - client-54CC064C3FCE->8224e767-71c1-41fc-a01a-d172d48fd9d8: receive RaftClientReply:client-54CC064C3FCE->8224e767-71c1-41fc-a01a-d172d48fd9d8@group-F6B37CC92441, cid=2020, SUCCESS, logIndex=0, commits[8224e767-71c1-41fc-a01a-d172d48fd9d8:c2945, 6eae0c21-01aa-4169-956f-5952b26ea7ba:c2943, 8d7dcba1-3b82-4d94-a832-514ef5c79cf8:c2943]
2019-08-21 02:17:25,544 | INFO  | DNAudit | user=null | ip=null | op=PUT_BLOCK {blockData=[blockId=conID: 2 locID: 102652565619081761 bcsId: 0,size=2097152]} | ret=SUCCESS |  
2019-08-21 02:17:25,551 | INFO  | DNAudit | user=null | ip=null | op=WRITE_CHUNK {blockData=conID: 2 locID: 102652565619081761 bcsId: 2944} | ret=SUCCESS |  
2019-08-21 02:17:25,553 | INFO  | DNAudit | user=null | ip=null | op=WRITE_CHUNK {blockData=conID: 2 locID: 102652565619081761 bcsId: 2944} | ret=SUCCESS |  
2019-08-21 02:17:25,554 | INFO  | DNAudit | user=null | ip=null | op=WRITE_CHUNK {blockData=conID: 2 locID: 102652565619081761 bcsId: 2944} | ret=SUCCESS |  
2019-08-21 02:17:25,564 | INFO  | DNAudit | user=null | ip=null | op=WRITE_CHUNK {blockData=conID: 2 locID: 102652565619081761 bcsId: 2944} | ret=SUCCESS |  
2019-08-21 02:17:25,564 | INFO  | DNAudit | user=null | ip=null | op=PUT_BLOCK {blockData=[blockId=conID: 2 locID: 102652565619081761 bcsId: 0,size=3145728]} | ret=SUCCESS |  
2019-08-21 02:17:25,564 [grpc-default-executor-2] INFO  client.GrpcClientProtocolClient (GrpcClientProtocolClient.java:onNext(255)) - client-54CC064C3FCE->8224e767-71c1-41fc-a01a-d172d48fd9d8: receive RaftClientReply:client-54CC064C3FCE->8224e767-71c1-41fc-a01a-d172d48fd9d8@group-F6B37CC92441, cid=2021, SUCCESS, logIndex=2948, commits[8224e767-71c1-41fc-a01a-d172d48fd9d8:c2949, 6eae0c21-01aa-4169-956f-5952b26ea7ba:c2947, 8d7dcba1-3b82-4d94-a832-514ef5c79cf8:c2947]
2019-08-21 02:17:25,565 [grpc-default-executor-2] INFO  client.GrpcClientProtocolClient (GrpcClientProtocolClient.java:onNext(255)) - client-54CC064C3FCE->8224e767-71c1-41fc-a01a-d172d48fd9d8: receive RaftClientReply:client-54CC064C3FCE->8224e767-71c1-41fc-a01a-d172d48fd9d8@group-F6B37CC92441, cid=2022, SUCCESS, logIndex=2949, commits[8224e767-71c1-41fc-a01a-d172d48fd9d8:c2949, 6eae0c21-01aa-4169-956f-5952b26ea7ba:c2947, 8d7dcba1-3b82-4d94-a832-514ef5c79cf8:c2947]
2019-08-21 02:17:25,571 | INFO  | DNAudit | user=null | ip=null | op=WRITE_CHUNK {blockData=conID: 2 locID: 102652565619081761 bcsId: 2949} | ret=SUCCESS |  
2019-08-21 02:17:25,574 | INFO  | DNAudit | user=null | ip=null | op=WRITE_CHUNK {blockData=conID: 2 locID: 102652565619081761 bcsId: 2949} | ret=SUCCESS |  
2019-08-21 02:17:25,574 | INFO  | DNAudit | user=null | ip=null | op=WRITE_CHUNK {blockData=conID: 2 locID: 102652565619081761 bcsId: 2949} | ret=SUCCESS |  
2019-08-21 02:17:25,575 | INFO  | DNAudit | user=null | ip=null | op=WRITE_CHUNK {blockData=conID: 2 locID: 102652565619081761 bcsId: 2944} | ret=SUCCESS |  
2019-08-21 02:17:25,575 | INFO  | DNAudit | user=null | ip=null | op=WRITE_CHUNK {blockData=conID: 2 locID: 102652565619081761 bcsId: 2944} | ret=SUCCESS |  
2019-08-21 02:17:25,578 | INFO  | DNAudit | user=null | ip=null | op=PUT_BLOCK {blockData=[blockId=conID: 2 locID: 102652565619081761 bcsId: 0,size=3145728]} | ret=SUCCESS |  
2019-08-21 02:17:25,578 | INFO  | DNAudit | user=null | ip=null | op=PUT_BLOCK {blockData=[blockId=conID: 2 locID: 102652565619081761 bcsId: 0,size=3145728]} | ret=SUCCESS |  
2019-08-21 02:17:25,578 | INFO  | DNAudit | user=null | ip=null | op=WRITE_CHUNK {blockData=conID: 2 locID: 102652565619081761 bcsId: 2949} | ret=SUCCESS |  
2019-08-21 02:17:25,579 | INFO  | DNAudit | user=null | ip=null | op=PUT_BLOCK {blockData=[blockId=conID: 2 locID: 102652565619081761 bcsId: 0,size=4194304]} | ret=SUCCESS |  
2019-08-21 02:17:25,579 [grpc-default-executor-2] INFO  client.GrpcClientProtocolClient (GrpcClientProtocolClient.java:onNext(255)) - client-54CC064C3FCE->8224e767-71c1-41fc-a01a-d172d48fd9d8: receive RaftClientReply:client-54CC064C3FCE->8224e767-71c1-41fc-a01a-d172d48fd9d8@group-F6B37CC92441, cid=2023, SUCCESS, logIndex=2952, commits[8224e767-71c1-41fc-a01a-d172d48fd9d8:c2953, 6eae0c21-01aa-4169-956f-5952b26ea7ba:c2949, 8d7dcba1-3b82-4d94-a832-514ef5c79cf8:c2949]
2019-08-21 02:17:25,579 [grpc-default-executor-2] INFO  client.GrpcClientProtocolClient (GrpcClientProtocolClient.java:onNext(255)) - client-54CC064C3FCE->8224e767-71c1-41fc-a01a-d172d48fd9d8: receive RaftClientReply:client-54CC064C3FCE->8224e767-71c1-41fc-a01a-d172d48fd9d8@group-F6B37CC92441, cid=2024, SUCCESS, logIndex=2953, commits[8224e767-71c1-41fc-a01a-d172d48fd9d8:c2953, 6eae0c21-01aa-4169-956f-5952b26ea7ba:c2949, 8d7dcba1-3b82-4d94-a832-514ef5c79cf8:c2949]
2019-08-21 02:17:25,589 | INFO  | DNAudit | user=null | ip=null | op=WRITE_CHUNK {blockData=conID: 2 locID: 102652565619081761 bcsId: 2949} | ret=SUCCESS |  
2019-08-21 02:17:25,590 | INFO  | DNAudit | user=null | ip=null | op=WRITE_CHUNK {blockData=conID: 2 locID: 102652565619081761 bcsId: 2949} | ret=SUCCESS |  
2019-08-21 02:17:25,591 | INFO  | DNAudit | user=null | ip=null | op=PUT_BLOCK {blockData=[blockId=conID: 2 locID: 102652565619081761 bcsId: 0,size=4194304]} | ret=SUCCESS |  
2019-08-21 02:17:25,591 | INFO  | DNAudit | user=null | ip=null | op=PUT_BLOCK {blockData=[blockId=conID: 2 locID: 102652565619081761 bcsId: 0,size=4194304]} | ret=SUCCESS |  
2019-08-21 02:17:25,591 [grpc-default-executor-2] INFO  client.GrpcClientProtocolClient (GrpcClientProtocolClient.java:onNext(255)) - client-54CC064C3FCE->8224e767-71c1-41fc-a01a-d172d48fd9d8: receive RaftClientReply:client-54CC064C3FCE->8224e767-71c1-41fc-a01a-d172d48fd9d8@group-F6B37CC92441, cid=2025, SUCCESS, logIndex=0, commits[8224e767-71c1-41fc-a01a-d172d48fd9d8:c2955, 6eae0c21-01aa-4169-956f-5952b26ea7ba:c2953, 8d7dcba1-3b82-4d94-a832-514ef5c79cf8:c2953]
2019-08-21 02:17:25,596 | INFO  | SCMAudit | user=jenkins1000 | ip=192.168.34.10 | op=ALLOCATE_BLOCK {owner=b6f66289-f2a0-4058-b052-0a85e40df67b, size=4194304, type=RATIS, factor=THREE} | ret=SUCCESS |  
2019-08-21 02:17:25,599 | INFO  | OMAudit | user=jenkins1000 | ip=127.0.0.1 | op=ALLOCATE_BLOCK {volume=vol-0-90982, bucket=bucket-0-24269, key=key-0-81262, dataSize=0, replicationType=null, replicationFactor=null, keyLocationInfo=null, clientID=102652564580991378} | ret=SUCCESS |  
2019-08-21 02:17:25,606 | INFO  | DNAudit | user=null | ip=null | op=WRITE_CHUNK {blockData=conID: 3 locID: 102652565624980002 bcsId: 0} | ret=SUCCESS |  
2019-08-21 02:17:25,609 | INFO  | DNAudit | user=null | ip=null | op=WRITE_CHUNK {blockData=conID: 3 locID: 102652565624980002 bcsId: 0} | ret=SUCCESS |  
2019-08-21 02:17:25,609 | INFO  | DNAudit | user=null | ip=null | op=WRITE_CHUNK {blockData=conID: 3 locID: 102652565624980002 bcsId: 0} | ret=SUCCESS |  
2019-08-21 02:17:25,610 | INFO  | DNAudit | user=null | ip=null | op=WRITE_CHUNK {blockData=conID: 3 locID: 102652565624980002 bcsId: 0} | ret=SUCCESS |  
2019-08-21 02:17:25,611 | INFO  | DNAudit | user=null | ip=null | op=WRITE_CHUNK {blockData=conID: 3 locID: 102652565624980002 bcsId: 0} | ret=SUCCESS |  
2019-08-21 02:17:25,612 | INFO  | DNAudit | user=null | ip=null | op=WRITE_CHUNK {blockData=conID: 3 locID: 102652565624980002 bcsId: 0} | ret=SUCCESS |  
2019-08-21 02:17:25,612 | INFO  | DNAudit | user=null | ip=null | op=PUT_BLOCK {blockData=[blockId=conID: 3 locID: 102652565624980002 bcsId: 0,size=1048576]} | ret=SUCCESS |  
2019-08-21 02:17:25,612 | INFO  | DNAudit | user=null | ip=null | op=WRITE_CHUNK {blockData=conID: 3 locID: 102652565624980002 bcsId: 0} | ret=SUCCESS |  
2019-08-21 02:17:25,612 [grpc-default-executor-2] INFO  client.GrpcClientProtocolClient (GrpcClientProtocolClient.java:onNext(255)) - client-54CC064C3FCE->8224e767-71c1-41fc-a01a-d172d48fd9d8: receive RaftClientReply:client-54CC064C3FCE->8224e767-71c1-41fc-a01a-d172d48fd9d8@group-F6B37CC92441, cid=2026, SUCCESS, logIndex=2956, commits[8224e767-71c1-41fc-a01a-d172d48fd9d8:c2957, 6eae0c21-01aa-4169-956f-5952b26ea7ba:c2955, 8d7dcba1-3b82-4d94-a832-514ef5c79cf8:c2955]
2019-08-21 02:17:25,613 [grpc-default-executor-2] INFO  client.GrpcClientProtocolClient (GrpcClientProtocolClient.java:onNext(255)) - client-54CC064C3FCE->8224e767-71c1-41fc-a01a-d172d48fd9d8: receive RaftClientReply:client-54CC064C3FCE->8224e767-71c1-41fc-a01a-d172d48fd9d8@group-F6B37CC92441, cid=2027, SUCCESS, logIndex=2957, commits[8224e767-71c1-41fc-a01a-d172d48fd9d8:c2957, 6eae0c21-01aa-4169-956f-5952b26ea7ba:c2955, 8d7dcba1-3b82-4d94-a832-514ef5c79cf8:c2955]
2019-08-21 02:17:25,613 | INFO  | DNAudit | user=null | ip=null | op=WRITE_CHUNK {blockData=conID: 3 locID: 102652565624980002 bcsId: 0} | ret=SUCCESS |  
2019-08-21 02:17:25,614 | INFO  | DNAudit | user=null | ip=null | op=PUT_BLOCK {blockData=[blockId=conID: 3 locID: 102652565624980002 bcsId: 0,size=2097152]} | ret=SUCCESS |  
2019-08-21 02:17:25,614 [grpc-default-executor-2] INFO  client.GrpcClientProtocolClient (GrpcClientProtocolClient.java:onNext(255)) - client-54CC064C3FCE->8224e767-71c1-41fc-a01a-d172d48fd9d8: receive RaftClientReply:client-54CC064C3FCE->8224e767-71c1-41fc-a01a-d172d48fd9d8@group-F6B37CC92441, cid=2028, SUCCESS, logIndex=2958, commits[8224e767-71c1-41fc-a01a-d172d48fd9d8:c2959, 6eae0c21-01aa-4169-956f-5952b26ea7ba:c2955, 8d7dcba1-3b82-4d94-a832-514ef5c79cf8:c2955]
2019-08-21 02:17:25,614 [grpc-default-executor-2] INFO  client.GrpcClientProtocolClient (GrpcClientProtocolClient.java:onNext(255)) - client-54CC064C3FCE->8224e767-71c1-41fc-a01a-d172d48fd9d8: receive RaftClientReply:client-54CC064C3FCE->8224e767-71c1-41fc-a01a-d172d48fd9d8@group-F6B37CC92441, cid=2029, SUCCESS, logIndex=2959, commits[8224e767-71c1-41fc-a01a-d172d48fd9d8:c2959, 6eae0c21-01aa-4169-956f-5952b26ea7ba:c2955, 8d7dcba1-3b82-4d94-a832-514ef5c79cf8:c2955]
2019-08-21 02:17:25,615 | INFO  | DNAudit | user=null | ip=null | op=WRITE_CHUNK {blockData=conID: 3 locID: 102652565624980002 bcsId: 0} | ret=SUCCESS |  
2019-08-21 02:17:25,615 | INFO  | DNAudit | user=null | ip=null | op=PUT_BLOCK {blockData=[blockId=conID: 3 locID: 102652565624980002 bcsId: 0,size=1048576]} | ret=SUCCESS |  
2019-08-21 02:17:25,616 | INFO  | DNAudit | user=null | ip=null | op=WRITE_CHUNK {blockData=conID: 3 locID: 102652565624980002 bcsId: 0} | ret=SUCCESS |  
2019-08-21 02:17:25,616 | INFO  | DNAudit | user=null | ip=null | op=PUT_BLOCK {blockData=[blockId=conID: 3 locID: 102652565624980002 bcsId: 0,size=1048576]} | ret=SUCCESS |  
2019-08-21 02:17:25,616 [grpc-default-executor-1] INFO  client.GrpcClientProtocolClient (GrpcClientProtocolClient.java:onNext(255)) - client-54CC064C3FCE->8224e767-71c1-41fc-a01a-d172d48fd9d8: receive RaftClientReply:client-54CC064C3FCE->8224e767-71c1-41fc-a01a-d172d48fd9d8@group-F6B37CC92441, cid=2030, SUCCESS, logIndex=0, commits[8224e767-71c1-41fc-a01a-d172d48fd9d8:c2961, 6eae0c21-01aa-4169-956f-5952b26ea7ba:c2957, 8d7dcba1-3b82-4d94-a832-514ef5c79cf8:c2957]
2019-08-21 02:17:25,616 | INFO  | DNAudit | user=null | ip=null | op=WRITE_CHUNK {blockData=conID: 3 locID: 102652565624980002 bcsId: 0} | ret=SUCCESS |  
2019-08-21 02:17:25,616 | INFO  | DNAudit | user=null | ip=null | op=PUT_BLOCK {blockData=[blockId=conID: 3 locID: 102652565624980002 bcsId: 0,size=2097152]} | ret=SUCCESS |  
2019-08-21 02:17:25,617 | INFO  | DNAudit | user=null | ip=null | op=WRITE_CHUNK {blockData=conID: 3 locID: 102652565624980002 bcsId: 0} | ret=SUCCESS |  
2019-08-21 02:17:25,617 | INFO  | DNAudit | user=null | ip=null | op=PUT_BLOCK {blockData=[blockId=conID: 3 locID: 102652565624980002 bcsId: 0,size=2097152]} | ret=SUCCESS |  
2019-08-21 02:17:25,622 | INFO  | DNAudit | user=null | ip=null | op=WRITE_CHUNK {blockData=conID: 3 locID: 102652565624980002 bcsId: 2959} | ret=SUCCESS |  
2019-08-21 02:17:25,625 | INFO  | DNAudit | user=null | ip=null | op=WRITE_CHUNK {blockData=conID: 3 locID: 102652565624980002 bcsId: 2959} | ret=SUCCESS |  
2019-08-21 02:17:25,625 | INFO  | DNAudit | user=null | ip=null | op=WRITE_CHUNK {blockData=conID: 3 locID: 102652565624980002 bcsId: 2959} | ret=SUCCESS |  
2019-08-21 02:17:25,648 | INFO  | DNAudit | user=null | ip=null | op=WRITE_CHUNK {blockData=conID: 3 locID: 102652565624980002 bcsId: 2959} | ret=SUCCESS |  
2019-08-21 02:17:25,649 | INFO  | DNAudit | user=null | ip=null | op=PUT_BLOCK {blockData=[blockId=conID: 3 locID: 102652565624980002 bcsId: 0,size=3145728]} | ret=SUCCESS |  
2019-08-21 02:17:25,649 [grpc-default-executor-1] INFO  client.GrpcClientProtocolClient (GrpcClientProtocolClient.java:onNext(255)) - client-54CC064C3FCE->8224e767-71c1-41fc-a01a-d172d48fd9d8: receive RaftClientReply:client-54CC064C3FCE->8224e767-71c1-41fc-a01a-d172d48fd9d8@group-F6B37CC92441, cid=2031, SUCCESS, logIndex=2964, commits[8224e767-71c1-41fc-a01a-d172d48fd9d8:c2965, 6eae0c21-01aa-4169-956f-5952b26ea7ba:c2963, 8d7dcba1-3b82-4d94-a832-514ef5c79cf8:c2963]
2019-08-21 02:17:25,650 [grpc-default-executor-1] INFO  client.GrpcClientProtocolClient (GrpcClientProtocolClient.java:onNext(255)) - client-54CC064C3FCE->8224e767-71c1-41fc-a01a-d172d48fd9d8: receive RaftClientReply:client-54CC064C3FCE->8224e767-71c1-41fc-a01a-d172d48fd9d8@group-F6B37CC92441, cid=2032, SUCCESS, logIndex=2965, commits[8224e767-71c1-41fc-a01a-d172d48fd9d8:c2965, 6eae0c21-01aa-4169-956f-5952b26ea7ba:c2963, 8d7dcba1-3b82-4d94-a832-514ef5c79cf8:c2963]
2019-08-21 02:17:25,657 | INFO  | DNAudit | user=null | ip=null | op=WRITE_CHUNK {blockData=conID: 3 locID: 102652565624980002 bcsId: 2965} | ret=SUCCESS |  
2019-08-21 02:17:25,659 | INFO  | DNAudit | user=null | ip=null | op=WRITE_CHUNK {blockData=conID: 3 locID: 102652565624980002 bcsId: 2965} | ret=SUCCESS |  
2019-08-21 02:17:25,659 | INFO  | DNAudit | user=null | ip=null | op=WRITE_CHUNK {blockData=conID: 3 locID: 102652565624980002 bcsId: 2965} | ret=SUCCESS |  
2019-08-21 02:17:25,660 | INFO  | DNAudit | user=null | ip=null | op=WRITE_CHUNK {blockData=conID: 3 locID: 102652565624980002 bcsId: 2959} | ret=SUCCESS |  
2019-08-21 02:17:25,660 | INFO  | DNAudit | user=null | ip=null | op=WRITE_CHUNK {blockData=conID: 3 locID: 102652565624980002 bcsId: 2959} | ret=SUCCESS |  
2019-08-21 02:17:25,660 | INFO  | DNAudit | user=null | ip=null | op=PUT_BLOCK {blockData=[blockId=conID: 3 locID: 102652565624980002 bcsId: 0,size=3145728]} | ret=SUCCESS |  
2019-08-21 02:17:25,661 | INFO  | DNAudit | user=null | ip=null | op=PUT_BLOCK {blockData=[blockId=conID: 3 locID: 102652565624980002 bcsId: 0,size=3145728]} | ret=SUCCESS |  
2019-08-21 02:17:25,663 | INFO  | DNAudit | user=null | ip=null | op=WRITE_CHUNK {blockData=conID: 3 locID: 102652565624980002 bcsId: 2965} | ret=SUCCESS |  
2019-08-21 02:17:25,664 | INFO  | DNAudit | user=null | ip=null | op=PUT_BLOCK {blockData=[blockId=conID: 3 locID: 102652565624980002 bcsId: 0,size=4194304]} | ret=SUCCESS |  
2019-08-21 02:17:25,664 [grpc-default-executor-2] INFO  client.GrpcClientProtocolClient (GrpcClientProtocolClient.java:onNext(255)) - client-54CC064C3FCE->8224e767-71c1-41fc-a01a-d172d48fd9d8: receive RaftClientReply:client-54CC064C3FCE->8224e767-71c1-41fc-a01a-d172d48fd9d8@group-F6B37CC92441, cid=2033, SUCCESS, logIndex=2968, commits[8224e767-71c1-41fc-a01a-d172d48fd9d8:c2969, 6eae0c21-01aa-4169-956f-5952b26ea7ba:c2965, 8d7dcba1-3b82-4d94-a832-514ef5c79cf8:c2965]
2019-08-21 02:17:25,664 [grpc-default-executor-2] INFO  client.GrpcClientProtocolClient (GrpcClientProtocolClient.java:onNext(255)) - client-54CC064C3FCE->8224e767-71c1-41fc-a01a-d172d48fd9d8: receive RaftClientReply:client-54CC064C3FCE->8224e767-71c1-41fc-a01a-d172d48fd9d8@group-F6B37CC92441, cid=2034, SUCCESS, logIndex=2969, commits[8224e767-71c1-41fc-a01a-d172d48fd9d8:c2969, 6eae0c21-01aa-4169-956f-5952b26ea7ba:c2965, 8d7dcba1-3b82-4d94-a832-514ef5c79cf8:c2965]
2019-08-21 02:17:25,671 | INFO  | DNAudit | user=null | ip=null | op=WRITE_CHUNK {blockData=conID: 3 locID: 102652565624980002 bcsId: 2965} | ret=SUCCESS |  
2019-08-21 02:17:25,671 | INFO  | DNAudit | user=null | ip=null | op=WRITE_CHUNK {blockData=conID: 3 locID: 102652565624980002 bcsId: 2965} | ret=SUCCESS |  
2019-08-21 02:17:25,673 | INFO  | DNAudit | user=null | ip=null | op=PUT_BLOCK {blockData=[blockId=conID: 3 locID: 102652565624980002 bcsId: 0,size=4194304]} | ret=SUCCESS |  
2019-08-21 02:17:25,673 | INFO  | DNAudit | user=null | ip=null | op=PUT_BLOCK {blockData=[blockId=conID: 3 locID: 102652565624980002 bcsId: 0,size=4194304]} | ret=SUCCESS |  
2019-08-21 02:17:25,673 [grpc-default-executor-2] INFO  client.GrpcClientProtocolClient (GrpcClientProtocolClient.java:onNext(255)) - client-54CC064C3FCE->8224e767-71c1-41fc-a01a-d172d48fd9d8: receive RaftClientReply:client-54CC064C3FCE->8224e767-71c1-41fc-a01a-d172d48fd9d8@group-F6B37CC92441, cid=2035, SUCCESS, logIndex=0, commits[8224e767-71c1-41fc-a01a-d172d48fd9d8:c2971, 6eae0c21-01aa-4169-956f-5952b26ea7ba:c2969, 8d7dcba1-3b82-4d94-a832-514ef5c79cf8:c2969]
2019-08-21 02:17:25,679 | INFO  | SCMAudit | user=jenkins1000 | ip=192.168.34.10 | op=ALLOCATE_BLOCK {owner=b6f66289-f2a0-4058-b052-0a85e40df67b, size=4194304, type=RATIS, factor=THREE} | ret=SUCCESS |  
2019-08-21 02:17:25,683 | INFO  | OMAudit | user=jenkins1000 | ip=127.0.0.1 | op=ALLOCATE_BLOCK {volume=vol-0-90982, bucket=bucket-0-24269, key=key-0-81262, dataSize=0, replicationType=null, replicationFactor=null, keyLocationInfo=null, clientID=102652564580991378} | ret=SUCCESS |  
2019-08-21 02:17:25,690 | INFO  | DNAudit | user=null | ip=null | op=WRITE_CHUNK {blockData=conID: 1 locID: 102652565630419491 bcsId: 0} | ret=SUCCESS |  
2019-08-21 02:17:25,693 | INFO  | DNAudit | user=null | ip=null | op=WRITE_CHUNK {blockData=conID: 1 locID: 102652565630419491 bcsId: 0} | ret=SUCCESS |  
2019-08-21 02:17:25,693 | INFO  | DNAudit | user=null | ip=null | op=WRITE_CHUNK {blockData=conID: 1 locID: 102652565630419491 bcsId: 0} | ret=SUCCESS |  
2019-08-21 02:17:25,693 | INFO  | DNAudit | user=null | ip=null | op=WRITE_CHUNK {blockData=conID: 1 locID: 102652565630419491 bcsId: 0} | ret=SUCCESS |  
2019-08-21 02:17:25,695 | INFO  | DNAudit | user=null | ip=null | op=WRITE_CHUNK {blockData=conID: 1 locID: 102652565630419491 bcsId: 0} | ret=SUCCESS |  
2019-08-21 02:17:25,695 | INFO  | DNAudit | user=null | ip=null | op=WRITE_CHUNK {blockData=conID: 1 locID: 102652565630419491 bcsId: 0} | ret=SUCCESS |  
2019-08-21 02:17:25,703 | INFO  | DNAudit | user=null | ip=null | op=WRITE_CHUNK {blockData=conID: 1 locID: 102652565630419491 bcsId: 0} | ret=SUCCESS |  
2019-08-21 02:17:25,703 | INFO  | DNAudit | user=null | ip=null | op=PUT_BLOCK {blockData=[blockId=conID: 1 locID: 102652565630419491 bcsId: 0,size=1048576]} | ret=SUCCESS |  
2019-08-21 02:17:25,704 [grpc-default-executor-2] INFO  client.GrpcClientProtocolClient (GrpcClientProtocolClient.java:onNext(255)) - client-54CC064C3FCE->8224e767-71c1-41fc-a01a-d172d48fd9d8: receive RaftClientReply:client-54CC064C3FCE->8224e767-71c1-41fc-a01a-d172d48fd9d8@group-F6B37CC92441, cid=2036, SUCCESS, logIndex=2972, commits[8224e767-71c1-41fc-a01a-d172d48fd9d8:c2974, 6eae0c21-01aa-4169-956f-5952b26ea7ba:c2971, 8d7dcba1-3b82-4d94-a832-514ef5c79cf8:c2971]
2019-08-21 02:17:25,704 | INFO  | DNAudit | user=null | ip=null | op=WRITE_CHUNK {blockData=conID: 1 locID: 102652565630419491 bcsId: 0} | ret=SUCCESS |  
2019-08-21 02:17:25,704 | INFO  | DNAudit | user=null | ip=null | op=WRITE_CHUNK {blockData=conID: 1 locID: 102652565630419491 bcsId: 0} | ret=SUCCESS |  
2019-08-21 02:17:25,704 [grpc-default-executor-2] INFO  client.GrpcClientProtocolClient (GrpcClientProtocolClient.java:onNext(255)) - client-54CC064C3FCE->8224e767-71c1-41fc-a01a-d172d48fd9d8: receive RaftClientReply:client-54CC064C3FCE->8224e767-71c1-41fc-a01a-d172d48fd9d8@group-F6B37CC92441, cid=2037, SUCCESS, logIndex=2973, commits[8224e767-71c1-41fc-a01a-d172d48fd9d8:c2975, 6eae0c21-01aa-4169-956f-5952b26ea7ba:c2971, 8d7dcba1-3b82-4d94-a832-514ef5c79cf8:c2971]
2019-08-21 02:17:25,705 | INFO  | DNAudit | user=null | ip=null | op=PUT_BLOCK {blockData=[blockId=conID: 1 locID: 102652565630419491 bcsId: 0,size=1048576]} | ret=SUCCESS |  
2019-08-21 02:17:25,705 | INFO  | DNAudit | user=null | ip=null | op=PUT_BLOCK {blockData=[blockId=conID: 1 locID: 102652565630419491 bcsId: 0,size=2097152]} | ret=SUCCESS |  
2019-08-21 02:17:25,705 [grpc-default-executor-2] INFO  client.GrpcClientProtocolClient (GrpcClientProtocolClient.java:onNext(255)) - client-54CC064C3FCE->8224e767-71c1-41fc-a01a-d172d48fd9d8: receive RaftClientReply:client-54CC064C3FCE->8224e767-71c1-41fc-a01a-d172d48fd9d8@group-F6B37CC92441, cid=2038, SUCCESS, logIndex=2974, commits[8224e767-71c1-41fc-a01a-d172d48fd9d8:c2975, 6eae0c21-01aa-4169-956f-5952b26ea7ba:c2971, 8d7dcba1-3b82-4d94-a832-514ef5c79cf8:c2971]
2019-08-21 02:17:25,705 [grpc-default-executor-0] INFO  client.GrpcClientProtocolClient (GrpcClientProtocolClient.java:onNext(255)) - client-54CC064C3FCE->8224e767-71c1-41fc-a01a-d172d48fd9d8: receive RaftClientReply:client-54CC064C3FCE->8224e767-71c1-41fc-a01a-d172d48fd9d8@group-F6B37CC92441, cid=2039, SUCCESS, logIndex=2975, commits[8224e767-71c1-41fc-a01a-d172d48fd9d8:c2976, 6eae0c21-01aa-4169-956f-5952b26ea7ba:c2973, 8d7dcba1-3b82-4d94-a832-514ef5c79cf8:c2971]
2019-08-21 02:17:25,706 | INFO  | DNAudit | user=null | ip=null | op=WRITE_CHUNK {blockData=conID: 1 locID: 102652565630419491 bcsId: 0} | ret=SUCCESS |  
2019-08-21 02:17:25,706 | INFO  | DNAudit | user=null | ip=null | op=PUT_BLOCK {blockData=[blockId=conID: 1 locID: 102652565630419491 bcsId: 0,size=2097152]} | ret=SUCCESS |  
2019-08-21 02:17:25,706 | INFO  | DNAudit | user=null | ip=null | op=WRITE_CHUNK {blockData=conID: 1 locID: 102652565630419491 bcsId: 0} | ret=SUCCESS |  
2019-08-21 02:17:25,706 | INFO  | DNAudit | user=null | ip=null | op=PUT_BLOCK {blockData=[blockId=conID: 1 locID: 102652565630419491 bcsId: 0,size=1048576]} | ret=SUCCESS |  
2019-08-21 02:17:25,707 | INFO  | DNAudit | user=null | ip=null | op=WRITE_CHUNK {blockData=conID: 1 locID: 102652565630419491 bcsId: 0} | ret=SUCCESS |  
2019-08-21 02:17:25,707 | INFO  | DNAudit | user=null | ip=null | op=PUT_BLOCK {blockData=[blockId=conID: 1 locID: 102652565630419491 bcsId: 0,size=2097152]} | ret=SUCCESS |  
2019-08-21 02:17:25,707 [grpc-default-executor-0] INFO  client.GrpcClientProtocolClient (GrpcClientProtocolClient.java:onNext(255)) - client-54CC064C3FCE->8224e767-71c1-41fc-a01a-d172d48fd9d8: receive RaftClientReply:client-54CC064C3FCE->8224e767-71c1-41fc-a01a-d172d48fd9d8@group-F6B37CC92441, cid=2040, SUCCESS, logIndex=0, commits[8224e767-71c1-41fc-a01a-d172d48fd9d8:c2978, 6eae0c21-01aa-4169-956f-5952b26ea7ba:c2974, 8d7dcba1-3b82-4d94-a832-514ef5c79cf8:c2973]
2019-08-21 02:17:25,714 | INFO  | DNAudit | user=null | ip=null | op=WRITE_CHUNK {blockData=conID: 1 locID: 102652565630419491 bcsId: 2975} | ret=SUCCESS |  
2019-08-21 02:17:25,717 | INFO  | DNAudit | user=null | ip=null | op=WRITE_CHUNK {blockData=conID: 1 locID: 102652565630419491 bcsId: 2975} | ret=SUCCESS |  
2019-08-21 02:17:25,717 | INFO  | DNAudit | user=null | ip=null | op=WRITE_CHUNK {blockData=conID: 1 locID: 102652565630419491 bcsId: 2975} | ret=SUCCESS |  
2019-08-21 02:17:25,726 | INFO  | DNAudit | user=null | ip=null | op=WRITE_CHUNK {blockData=conID: 1 locID: 102652565630419491 bcsId: 2975} | ret=SUCCESS |  
2019-08-21 02:17:25,727 | INFO  | DNAudit | user=null | ip=null | op=PUT_BLOCK {blockData=[blockId=conID: 1 locID: 102652565630419491 bcsId: 0,size=3145728]} | ret=SUCCESS |  
2019-08-21 02:17:25,727 [grpc-default-executor-2] INFO  client.GrpcClientProtocolClient (GrpcClientProtocolClient.java:onNext(255)) - client-54CC064C3FCE->8224e767-71c1-41fc-a01a-d172d48fd9d8: receive RaftClientReply:client-54CC064C3FCE->8224e767-71c1-41fc-a01a-d172d48fd9d8@group-F6B37CC92441, cid=2041, SUCCESS, logIndex=2980, commits[8224e767-71c1-41fc-a01a-d172d48fd9d8:c2981, 6eae0c21-01aa-4169-956f-5952b26ea7ba:c2979, 8d7dcba1-3b82-4d94-a832-514ef5c79cf8:c2979]
2019-08-21 02:17:25,727 [grpc-default-executor-2] INFO  client.GrpcClientProtocolClient (GrpcClientProtocolClient.java:onNext(255)) - client-54CC064C3FCE->8224e767-71c1-41fc-a01a-d172d48fd9d8: receive RaftClientReply:client-54CC064C3FCE->8224e767-71c1-41fc-a01a-d172d48fd9d8@group-F6B37CC92441, cid=2042, SUCCESS, logIndex=2981, commits[8224e767-71c1-41fc-a01a-d172d48fd9d8:c2981, 6eae0c21-01aa-4169-956f-5952b26ea7ba:c2979, 8d7dcba1-3b82-4d94-a832-514ef5c79cf8:c2979]
2019-08-21 02:17:25,734 | INFO  | DNAudit | user=null | ip=null | op=WRITE_CHUNK {blockData=conID: 1 locID: 102652565630419491 bcsId: 2981} | ret=SUCCESS |  
2019-08-21 02:17:25,736 | INFO  | DNAudit | user=null | ip=null | op=WRITE_CHUNK {blockData=conID: 1 locID: 102652565630419491 bcsId: 2981} | ret=SUCCESS |  
2019-08-21 02:17:25,737 | INFO  | DNAudit | user=null | ip=null | op=WRITE_CHUNK {blockData=conID: 1 locID: 102652565630419491 bcsId: 2981} | ret=SUCCESS |  
2019-08-21 02:17:25,738 | INFO  | DNAudit | user=null | ip=null | op=WRITE_CHUNK {blockData=conID: 1 locID: 102652565630419491 bcsId: 2975} | ret=SUCCESS |  
2019-08-21 02:17:25,738 | INFO  | DNAudit | user=null | ip=null | op=WRITE_CHUNK {blockData=conID: 1 locID: 102652565630419491 bcsId: 2975} | ret=SUCCESS |  
2019-08-21 02:17:25,741 | INFO  | DNAudit | user=null | ip=null | op=PUT_BLOCK {blockData=[blockId=conID: 1 locID: 102652565630419491 bcsId: 0,size=3145728]} | ret=SUCCESS |  
2019-08-21 02:17:25,742 | INFO  | DNAudit | user=null | ip=null | op=PUT_BLOCK {blockData=[blockId=conID: 1 locID: 102652565630419491 bcsId: 0,size=3145728]} | ret=SUCCESS |  
2019-08-21 02:17:25,742 | INFO  | DNAudit | user=null | ip=null | op=WRITE_CHUNK {blockData=conID: 1 locID: 102652565630419491 bcsId: 2981} | ret=SUCCESS |  
2019-08-21 02:17:25,742 | INFO  | DNAudit | user=null | ip=null | op=PUT_BLOCK {blockData=[blockId=conID: 1 locID: 102652565630419491 bcsId: 0,size=4194304]} | ret=SUCCESS |  
2019-08-21 02:17:25,742 [grpc-default-executor-1] INFO  client.GrpcClientProtocolClient (GrpcClientProtocolClient.java:onNext(255)) - client-54CC064C3FCE->8224e767-71c1-41fc-a01a-d172d48fd9d8: receive RaftClientReply:client-54CC064C3FCE->8224e767-71c1-41fc-a01a-d172d48fd9d8@group-F6B37CC92441, cid=2043, SUCCESS, logIndex=2984, commits[8224e767-71c1-41fc-a01a-d172d48fd9d8:c2985, 6eae0c21-01aa-4169-956f-5952b26ea7ba:c2981, 8d7dcba1-3b82-4d94-a832-514ef5c79cf8:c2981]
2019-08-21 02:17:25,743 [grpc-default-executor-1] INFO  client.GrpcClientProtocolClient (GrpcClientProtocolClient.java:onNext(255)) - client-54CC064C3FCE->8224e767-71c1-41fc-a01a-d172d48fd9d8: receive RaftClientReply:client-54CC064C3FCE->8224e767-71c1-41fc-a01a-d172d48fd9d8@group-F6B37CC92441, cid=2044, SUCCESS, logIndex=2985, commits[8224e767-71c1-41fc-a01a-d172d48fd9d8:c2985, 6eae0c21-01aa-4169-956f-5952b26ea7ba:c2981, 8d7dcba1-3b82-4d94-a832-514ef5c79cf8:c2981]
2019-08-21 02:17:25,754 | INFO  | DNAudit | user=null | ip=null | op=WRITE_CHUNK {blockData=conID: 1 locID: 102652565630419491 bcsId: 2981} | ret=SUCCESS |  
2019-08-21 02:17:25,754 | INFO  | DNAudit | user=null | ip=null | op=WRITE_CHUNK {blockData=conID: 1 locID: 102652565630419491 bcsId: 2981} | ret=SUCCESS |  
2019-08-21 02:17:25,754 | INFO  | DNAudit | user=null | ip=null | op=PUT_BLOCK {blockData=[blockId=conID: 1 locID: 102652565630419491 bcsId: 0,size=4194304]} | ret=SUCCESS |  
2019-08-21 02:17:25,754 | INFO  | DNAudit | user=null | ip=null | op=PUT_BLOCK {blockData=[blockId=conID: 1 locID: 102652565630419491 bcsId: 0,size=4194304]} | ret=SUCCESS |  
2019-08-21 02:17:25,755 [grpc-default-executor-1] INFO  client.GrpcClientProtocolClient (GrpcClientProtocolClient.java:onNext(255)) - client-54CC064C3FCE->8224e767-71c1-41fc-a01a-d172d48fd9d8: receive RaftClientReply:client-54CC064C3FCE->8224e767-71c1-41fc-a01a-d172d48fd9d8@group-F6B37CC92441, cid=2045, SUCCESS, logIndex=0, commits[8224e767-71c1-41fc-a01a-d172d48fd9d8:c2986, 6eae0c21-01aa-4169-956f-5952b26ea7ba:c2985, 8d7dcba1-3b82-4d94-a832-514ef5c79cf8:c2985]
2019-08-21 02:17:25,760 | INFO  | SCMAudit | user=jenkins1000 | ip=192.168.34.10 | op=ALLOCATE_BLOCK {owner=b6f66289-f2a0-4058-b052-0a85e40df67b, size=4194304, type=RATIS, factor=THREE} | ret=SUCCESS |  
2019-08-21 02:17:25,764 | INFO  | OMAudit | user=jenkins1000 | ip=127.0.0.1 | op=ALLOCATE_BLOCK {volume=vol-0-90982, bucket=bucket-0-24269, key=key-0-81262, dataSize=0, replicationType=null, replicationFactor=null, keyLocationInfo=null, clientID=102652564580991378} | ret=SUCCESS |  
2019-08-21 02:17:25,772 | INFO  | DNAudit | user=null | ip=null | op=WRITE_CHUNK {blockData=conID: 2 locID: 102652565635727908 bcsId: 0} | ret=SUCCESS |  
2019-08-21 02:17:25,774 | INFO  | DNAudit | user=null | ip=null | op=WRITE_CHUNK {blockData=conID: 2 locID: 102652565635727908 bcsId: 0} | ret=SUCCESS |  
2019-08-21 02:17:25,775 | INFO  | DNAudit | user=null | ip=null | op=WRITE_CHUNK {blockData=conID: 2 locID: 102652565635727908 bcsId: 0} | ret=SUCCESS |  
2019-08-21 02:17:25,775 | INFO  | DNAudit | user=null | ip=null | op=WRITE_CHUNK {blockData=conID: 2 locID: 102652565635727908 bcsId: 0} | ret=SUCCESS |  
2019-08-21 02:17:25,777 | INFO  | DNAudit | user=null | ip=null | op=WRITE_CHUNK {blockData=conID: 2 locID: 102652565635727908 bcsId: 0} | ret=SUCCESS |  
2019-08-21 02:17:25,778 | INFO  | DNAudit | user=null | ip=null | op=WRITE_CHUNK {blockData=conID: 2 locID: 102652565635727908 bcsId: 0} | ret=SUCCESS |  
2019-08-21 02:17:25,784 | INFO  | DNAudit | user=null | ip=null | op=WRITE_CHUNK {blockData=conID: 2 locID: 102652565635727908 bcsId: 0} | ret=SUCCESS |  
2019-08-21 02:17:25,785 | INFO  | DNAudit | user=null | ip=null | op=PUT_BLOCK {blockData=[blockId=conID: 2 locID: 102652565635727908 bcsId: 0,size=1048576]} | ret=SUCCESS |  
2019-08-21 02:17:25,785 | INFO  | DNAudit | user=null | ip=null | op=WRITE_CHUNK {blockData=conID: 2 locID: 102652565635727908 bcsId: 0} | ret=SUCCESS |  
2019-08-21 02:17:25,785 [grpc-default-executor-0] INFO  client.GrpcClientProtocolClient (GrpcClientProtocolClient.java:onNext(255)) - client-54CC064C3FCE->8224e767-71c1-41fc-a01a-d172d48fd9d8: receive RaftClientReply:client-54CC064C3FCE->8224e767-71c1-41fc-a01a-d172d48fd9d8@group-F6B37CC92441, cid=2046, SUCCESS, logIndex=2988, commits[8224e767-71c1-41fc-a01a-d172d48fd9d8:c2989, 6eae0c21-01aa-4169-956f-5952b26ea7ba:c2987, 8d7dcba1-3b82-4d94-a832-514ef5c79cf8:c2987]
2019-08-21 02:17:25,786 | INFO  | DNAudit | user=null | ip=null | op=PUT_BLOCK {blockData=[blockId=conID: 2 locID: 102652565635727908 bcsId: 0,size=2097152]} | ret=SUCCESS |  
2019-08-21 02:17:25,786 [grpc-default-executor-2] INFO  client.GrpcClientProtocolClient (GrpcClientProtocolClient.java:onNext(255)) - client-54CC064C3FCE->8224e767-71c1-41fc-a01a-d172d48fd9d8: receive RaftClientReply:client-54CC064C3FCE->8224e767-71c1-41fc-a01a-d172d48fd9d8@group-F6B37CC92441, cid=2047, SUCCESS, logIndex=2989, commits[8224e767-71c1-41fc-a01a-d172d48fd9d8:c2989, 6eae0c21-01aa-4169-956f-5952b26ea7ba:c2987, 8d7dcba1-3b82-4d94-a832-514ef5c79cf8:c2987]
2019-08-21 02:17:25,786 [grpc-default-executor-2] INFO  client.GrpcClientProtocolClient (GrpcClientProtocolClient.java:onNext(255)) - client-54CC064C3FCE->8224e767-71c1-41fc-a01a-d172d48fd9d8: receive RaftClientReply:client-54CC064C3FCE->8224e767-71c1-41fc-a01a-d172d48fd9d8@group-F6B37CC92441, cid=2048, SUCCESS, logIndex=2990, commits[8224e767-71c1-41fc-a01a-d172d48fd9d8:c2991, 6eae0c21-01aa-4169-956f-5952b26ea7ba:c2987, 8d7dcba1-3b82-4d94-a832-514ef5c79cf8:c2987]
2019-08-21 02:17:25,786 | INFO  | DNAudit | user=null | ip=null | op=WRITE_CHUNK {blockData=conID: 2 locID: 102652565635727908 bcsId: 0} | ret=SUCCESS |  
2019-08-21 02:17:25,786 [grpc-default-executor-2] INFO  client.GrpcClientProtocolClient (GrpcClientProtocolClient.java:onNext(255)) - client-54CC064C3FCE->8224e767-71c1-41fc-a01a-d172d48fd9d8: receive RaftClientReply:client-54CC064C3FCE->8224e767-71c1-41fc-a01a-d172d48fd9d8@group-F6B37CC92441, cid=2049, SUCCESS, logIndex=2991, commits[8224e767-71c1-41fc-a01a-d172d48fd9d8:c2991, 6eae0c21-01aa-4169-956f-5952b26ea7ba:c2987, 8d7dcba1-3b82-4d94-a832-514ef5c79cf8:c2987]
2019-08-21 02:17:25,786 | INFO  | DNAudit | user=null | ip=null | op=PUT_BLOCK {blockData=[blockId=conID: 2 locID: 102652565635727908 bcsId: 0,size=1048576]} | ret=SUCCESS |  
2019-08-21 02:17:25,787 | INFO  | DNAudit | user=null | ip=null | op=WRITE_CHUNK {blockData=conID: 2 locID: 102652565635727908 bcsId: 0} | ret=SUCCESS |  
2019-08-21 02:17:25,788 | INFO  | DNAudit | user=null | ip=null | op=PUT_BLOCK {blockData=[blockId=conID: 2 locID: 102652565635727908 bcsId: 0,size=1048576]} | ret=SUCCESS |  
2019-08-21 02:17:25,788 | INFO  | DNAudit | user=null | ip=null | op=WRITE_CHUNK {blockData=conID: 2 locID: 102652565635727908 bcsId: 0} | ret=SUCCESS |  
2019-08-21 02:17:25,788 | INFO  | DNAudit | user=null | ip=null | op=PUT_BLOCK {blockData=[blockId=conID: 2 locID: 102652565635727908 bcsId: 0,size=2097152]} | ret=SUCCESS |  
2019-08-21 02:17:25,788 [grpc-default-executor-2] INFO  client.GrpcClientProtocolClient (GrpcClientProtocolClient.java:onNext(255)) - client-54CC064C3FCE->8224e767-71c1-41fc-a01a-d172d48fd9d8: receive RaftClientReply:client-54CC064C3FCE->8224e767-71c1-41fc-a01a-d172d48fd9d8@group-F6B37CC92441, cid=2050, SUCCESS, logIndex=0, commits[8224e767-71c1-41fc-a01a-d172d48fd9d8:c2993, 6eae0c21-01aa-4169-956f-5952b26ea7ba:c2989, 8d7dcba1-3b82-4d94-a832-514ef5c79cf8:c2989]
2019-08-21 02:17:25,795 | INFO  | DNAudit | user=null | ip=null | op=WRITE_CHUNK {blockData=conID: 2 locID: 102652565635727908 bcsId: 2991} | ret=SUCCESS |  
2019-08-21 02:17:25,797 | INFO  | DNAudit | user=null | ip=null | op=WRITE_CHUNK {blockData=conID: 2 locID: 102652565635727908 bcsId: 2991} | ret=SUCCESS |  
2019-08-21 02:17:25,797 | INFO  | DNAudit | user=null | ip=null | op=WRITE_CHUNK {blockData=conID: 2 locID: 102652565635727908 bcsId: 2991} | ret=SUCCESS |  
2019-08-21 02:17:25,799 | INFO  | DNAudit | user=null | ip=null | op=WRITE_CHUNK {blockData=conID: 2 locID: 102652565635727908 bcsId: 0} | ret=SUCCESS |  
2019-08-21 02:17:25,799 | INFO  | DNAudit | user=null | ip=null | op=PUT_BLOCK {blockData=[blockId=conID: 2 locID: 102652565635727908 bcsId: 0,size=2097152]} | ret=SUCCESS |  
2019-08-21 02:17:25,800 | INFO  | DNAudit | user=null | ip=null | op=WRITE_CHUNK {blockData=conID: 2 locID: 102652565635727908 bcsId: 2991} | ret=SUCCESS |  
2019-08-21 02:17:25,801 | INFO  | DNAudit | user=null | ip=null | op=PUT_BLOCK {blockData=[blockId=conID: 2 locID: 102652565635727908 bcsId: 0,size=3145728]} | ret=SUCCESS |  
2019-08-21 02:17:25,801 [grpc-default-executor-2] INFO  client.GrpcClientProtocolClient (GrpcClientProtocolClient.java:onNext(255)) - client-54CC064C3FCE->8224e767-71c1-41fc-a01a-d172d48fd9d8: receive RaftClientReply:client-54CC064C3FCE->8224e767-71c1-41fc-a01a-d172d48fd9d8@group-F6B37CC92441, cid=2051, SUCCESS, logIndex=2996, commits[8224e767-71c1-41fc-a01a-d172d48fd9d8:c2997, 6eae0c21-01aa-4169-956f-5952b26ea7ba:c2994, 8d7dcba1-3b82-4d94-a832-514ef5c79cf8:c2991]
2019-08-21 02:17:25,801 [grpc-default-executor-2] INFO  client.GrpcClientProtocolClient (GrpcClientProtocolClient.java:onNext(255)) - client-54CC064C3FCE->8224e767-71c1-41fc-a01a-d172d48fd9d8: receive RaftClientReply:client-54CC064C3FCE->8224e767-71c1-41fc-a01a-d172d48fd9d8@group-F6B37CC92441, cid=2052, SUCCESS, logIndex=2997, commits[8224e767-71c1-41fc-a01a-d172d48fd9d8:c2997, 6eae0c21-01aa-4169-956f-5952b26ea7ba:c2994, 8d7dcba1-3b82-4d94-a832-514ef5c79cf8:c2994]
2019-08-21 02:17:25,803 | INFO  | DNAudit | user=null | ip=null | op=WRITE_CHUNK {blockData=conID: 2 locID: 102652565635727908 bcsId: 2991} | ret=SUCCESS |  
2019-08-21 02:17:25,803 | INFO  | DNAudit | user=null | ip=null | op=WRITE_CHUNK {blockData=conID: 2 locID: 102652565635727908 bcsId: 2991} | ret=SUCCESS |  
2019-08-21 02:17:25,804 | INFO  | DNAudit | user=null | ip=null | op=PUT_BLOCK {blockData=[blockId=conID: 2 locID: 102652565635727908 bcsId: 0,size=3145728]} | ret=SUCCESS |  
2019-08-21 02:17:25,804 | INFO  | DNAudit | user=null | ip=null | op=PUT_BLOCK {blockData=[blockId=conID: 2 locID: 102652565635727908 bcsId: 0,size=3145728]} | ret=SUCCESS |  
2019-08-21 02:17:25,808 | INFO  | DNAudit | user=null | ip=null | op=WRITE_CHUNK {blockData=conID: 2 locID: 102652565635727908 bcsId: 2997} | ret=SUCCESS |  
2019-08-21 02:17:25,810 | INFO  | DNAudit | user=null | ip=null | op=WRITE_CHUNK {blockData=conID: 2 locID: 102652565635727908 bcsId: 2997} | ret=SUCCESS |  
2019-08-21 02:17:25,810 | INFO  | DNAudit | user=null | ip=null | op=WRITE_CHUNK {blockData=conID: 2 locID: 102652565635727908 bcsId: 2997} | ret=SUCCESS |  
2019-08-21 02:17:25,820 | INFO  | DNAudit | user=null | ip=null | op=WRITE_CHUNK {blockData=conID: 2 locID: 102652565635727908 bcsId: 2997} | ret=SUCCESS |  
2019-08-21 02:17:25,820 | INFO  | DNAudit | user=null | ip=null | op=PUT_BLOCK {blockData=[blockId=conID: 2 locID: 102652565635727908 bcsId: 0,size=4194304]} | ret=SUCCESS |  
2019-08-21 02:17:25,821 [grpc-default-executor-3] INFO  client.GrpcClientProtocolClient (GrpcClientProtocolClient.java:onNext(255)) - client-54CC064C3FCE->8224e767-71c1-41fc-a01a-d172d48fd9d8: receive RaftClientReply:client-54CC064C3FCE->8224e767-71c1-41fc-a01a-d172d48fd9d8@group-F6B37CC92441, cid=2053, SUCCESS, logIndex=2999, commits[8224e767-71c1-41fc-a01a-d172d48fd9d8:c3000, 6eae0c21-01aa-4169-956f-5952b26ea7ba:c2998, 8d7dcba1-3b82-4d94-a832-514ef5c79cf8:c2998]
2019-08-21 02:17:25,821 [grpc-default-executor-3] INFO  client.GrpcClientProtocolClient (GrpcClientProtocolClient.java:onNext(255)) - client-54CC064C3FCE->8224e767-71c1-41fc-a01a-d172d48fd9d8: receive RaftClientReply:client-54CC064C3FCE->8224e767-71c1-41fc-a01a-d172d48fd9d8@group-F6B37CC92441, cid=2054, SUCCESS, logIndex=3000, commits[8224e767-71c1-41fc-a01a-d172d48fd9d8:c3000, 6eae0c21-01aa-4169-956f-5952b26ea7ba:c2998, 8d7dcba1-3b82-4d94-a832-514ef5c79cf8:c2998]
2019-08-21 02:17:25,832 | INFO  | DNAudit | user=null | ip=null | op=WRITE_CHUNK {blockData=conID: 2 locID: 102652565635727908 bcsId: 2997} | ret=SUCCESS |  
2019-08-21 02:17:25,832 | INFO  | DNAudit | user=null | ip=null | op=WRITE_CHUNK {blockData=conID: 2 locID: 102652565635727908 bcsId: 2997} | ret=SUCCESS |  
2019-08-21 02:17:25,834 | INFO  | DNAudit | user=null | ip=null | op=PUT_BLOCK {blockData=[blockId=conID: 2 locID: 102652565635727908 bcsId: 0,size=4194304]} | ret=SUCCESS |  
2019-08-21 02:17:25,834 | INFO  | DNAudit | user=null | ip=null | op=PUT_BLOCK {blockData=[blockId=conID: 2 locID: 102652565635727908 bcsId: 0,size=4194304]} | ret=SUCCESS |  
2019-08-21 02:17:25,835 [grpc-default-executor-3] INFO  client.GrpcClientProtocolClient (GrpcClientProtocolClient.java:onNext(255)) - client-54CC064C3FCE->8224e767-71c1-41fc-a01a-d172d48fd9d8: receive RaftClientReply:client-54CC064C3FCE->8224e767-71c1-41fc-a01a-d172d48fd9d8@group-F6B37CC92441, cid=2055, SUCCESS, logIndex=0, commits[8224e767-71c1-41fc-a01a-d172d48fd9d8:c3002, 6eae0c21-01aa-4169-956f-5952b26ea7ba:c3000, 8d7dcba1-3b82-4d94-a832-514ef5c79cf8:c3000]
2019-08-21 02:17:25,840 | INFO  | SCMAudit | user=jenkins1000 | ip=192.168.34.10 | op=ALLOCATE_BLOCK {owner=b6f66289-f2a0-4058-b052-0a85e40df67b, size=4194304, type=RATIS, factor=THREE} | ret=SUCCESS |  
2019-08-21 02:17:25,843 | INFO  | OMAudit | user=jenkins1000 | ip=127.0.0.1 | op=ALLOCATE_BLOCK {volume=vol-0-90982, bucket=bucket-0-24269, key=key-0-81262, dataSize=0, replicationType=null, replicationFactor=null, keyLocationInfo=null, clientID=102652564580991378} | ret=SUCCESS |  
2019-08-21 02:17:25,852 | INFO  | DNAudit | user=null | ip=null | op=WRITE_CHUNK {blockData=conID: 3 locID: 102652565640970789 bcsId: 0} | ret=SUCCESS |  
2019-08-21 02:17:25,854 | INFO  | DNAudit | user=null | ip=null | op=WRITE_CHUNK {blockData=conID: 3 locID: 102652565640970789 bcsId: 0} | ret=SUCCESS |  
2019-08-21 02:17:25,967 | INFO  | DNAudit | user=null | ip=null | op=WRITE_CHUNK {blockData=conID: 3 locID: 102652565640970789 bcsId: 0} | ret=SUCCESS |  
2019-08-21 02:17:25,967 | INFO  | DNAudit | user=null | ip=null | op=WRITE_CHUNK {blockData=conID: 3 locID: 102652565640970789 bcsId: 0} | ret=SUCCESS |  
2019-08-21 02:17:25,971 | INFO  | DNAudit | user=null | ip=null | op=WRITE_CHUNK {blockData=conID: 3 locID: 102652565640970789 bcsId: 0} | ret=SUCCESS |  
2019-08-21 02:17:25,971 | INFO  | DNAudit | user=null | ip=null | op=WRITE_CHUNK {blockData=conID: 3 locID: 102652565640970789 bcsId: 0} | ret=SUCCESS |  
2019-08-21 02:17:25,978 | INFO  | DNAudit | user=null | ip=null | op=WRITE_CHUNK {blockData=conID: 3 locID: 102652565640970789 bcsId: 0} | ret=SUCCESS |  
2019-08-21 02:17:25,979 | INFO  | DNAudit | user=null | ip=null | op=PUT_BLOCK {blockData=[blockId=conID: 3 locID: 102652565640970789 bcsId: 0,size=1048576]} | ret=SUCCESS |  
2019-08-21 02:17:25,979 | INFO  | DNAudit | user=null | ip=null | op=WRITE_CHUNK {blockData=conID: 3 locID: 102652565640970789 bcsId: 0} | ret=SUCCESS |  
2019-08-21 02:17:25,979 [grpc-default-executor-0] INFO  client.GrpcClientProtocolClient (GrpcClientProtocolClient.java:onNext(255)) - client-54CC064C3FCE->8224e767-71c1-41fc-a01a-d172d48fd9d8: receive RaftClientReply:client-54CC064C3FCE->8224e767-71c1-41fc-a01a-d172d48fd9d8@group-F6B37CC92441, cid=2056, SUCCESS, logIndex=3003, commits[8224e767-71c1-41fc-a01a-d172d48fd9d8:c3004, 6eae0c21-01aa-4169-956f-5952b26ea7ba:c3002, 8d7dcba1-3b82-4d94-a832-514ef5c79cf8:c3002]
2019-08-21 02:17:25,980 | INFO  | DNAudit | user=null | ip=null | op=PUT_BLOCK {blockData=[blockId=conID: 3 locID: 102652565640970789 bcsId: 0,size=2097152]} | ret=SUCCESS |  
2019-08-21 02:17:25,980 [grpc-default-executor-0] INFO  client.GrpcClientProtocolClient (GrpcClientProtocolClient.java:onNext(255)) - client-54CC064C3FCE->8224e767-71c1-41fc-a01a-d172d48fd9d8: receive RaftClientReply:client-54CC064C3FCE->8224e767-71c1-41fc-a01a-d172d48fd9d8@group-F6B37CC92441, cid=2057, SUCCESS, logIndex=3004, commits[8224e767-71c1-41fc-a01a-d172d48fd9d8:c3005, 6eae0c21-01aa-4169-956f-5952b26ea7ba:c3002, 8d7dcba1-3b82-4d94-a832-514ef5c79cf8:c3002]
2019-08-21 02:17:25,980 [grpc-default-executor-0] INFO  client.GrpcClientProtocolClient (GrpcClientProtocolClient.java:onNext(255)) - client-54CC064C3FCE->8224e767-71c1-41fc-a01a-d172d48fd9d8: receive RaftClientReply:client-54CC064C3FCE->8224e767-71c1-41fc-a01a-d172d48fd9d8@group-F6B37CC92441, cid=2058, SUCCESS, logIndex=3005, commits[8224e767-71c1-41fc-a01a-d172d48fd9d8:c3006, 6eae0c21-01aa-4169-956f-5952b26ea7ba:c3002, 8d7dcba1-3b82-4d94-a832-514ef5c79cf8:c3002]
2019-08-21 02:17:25,980 [grpc-default-executor-0] INFO  client.GrpcClientProtocolClient (GrpcClientProtocolClient.java:onNext(255)) - client-54CC064C3FCE->8224e767-71c1-41fc-a01a-d172d48fd9d8: receive RaftClientReply:client-54CC064C3FCE->8224e767-71c1-41fc-a01a-d172d48fd9d8@group-F6B37CC92441, cid=2059, SUCCESS, logIndex=3006, commits[8224e767-71c1-41fc-a01a-d172d48fd9d8:c3006, 6eae0c21-01aa-4169-956f-5952b26ea7ba:c3002, 8d7dcba1-3b82-4d94-a832-514ef5c79cf8:c3002]
2019-08-21 02:17:25,981 | INFO  | DNAudit | user=null | ip=null | op=WRITE_CHUNK {blockData=conID: 3 locID: 102652565640970789 bcsId: 0} | ret=SUCCESS |  
2019-08-21 02:17:25,982 | INFO  | DNAudit | user=null | ip=null | op=PUT_BLOCK {blockData=[blockId=conID: 3 locID: 102652565640970789 bcsId: 0,size=1048576]} | ret=SUCCESS |  
2019-08-21 02:17:25,992 | INFO  | DNAudit | user=null | ip=null | op=WRITE_CHUNK {blockData=conID: 3 locID: 102652565640970789 bcsId: 0} | ret=SUCCESS |  
2019-08-21 02:17:25,992 | INFO  | DNAudit | user=null | ip=null | op=PUT_BLOCK {blockData=[blockId=conID: 3 locID: 102652565640970789 bcsId: 0,size=1048576]} | ret=SUCCESS |  
2019-08-21 02:17:25,993 [grpc-default-executor-0] INFO  client.GrpcClientProtocolClient (GrpcClientProtocolClient.java:onNext(255)) - client-54CC064C3FCE->8224e767-71c1-41fc-a01a-d172d48fd9d8: receive RaftClientReply:client-54CC064C3FCE->8224e767-71c1-41fc-a01a-d172d48fd9d8@group-F6B37CC92441, cid=2060, SUCCESS, logIndex=0, commits[8224e767-71c1-41fc-a01a-d172d48fd9d8:c3007, 6eae0c21-01aa-4169-956f-5952b26ea7ba:c3004, 8d7dcba1-3b82-4d94-a832-514ef5c79cf8:c3004]
2019-08-21 02:17:25,993 | INFO  | DNAudit | user=null | ip=null | op=WRITE_CHUNK {blockData=conID: 3 locID: 102652565640970789 bcsId: 0} | ret=SUCCESS |  
2019-08-21 02:17:25,993 | INFO  | DNAudit | user=null | ip=null | op=PUT_BLOCK {blockData=[blockId=conID: 3 locID: 102652565640970789 bcsId: 0,size=2097152]} | ret=SUCCESS |  
2019-08-21 02:17:25,993 | INFO  | DNAudit | user=null | ip=null | op=WRITE_CHUNK {blockData=conID: 3 locID: 102652565640970789 bcsId: 0} | ret=SUCCESS |  
2019-08-21 02:17:25,994 | INFO  | DNAudit | user=null | ip=null | op=PUT_BLOCK {blockData=[blockId=conID: 3 locID: 102652565640970789 bcsId: 0,size=2097152]} | ret=SUCCESS |  
2019-08-21 02:17:25,999 | INFO  | DNAudit | user=null | ip=null | op=WRITE_CHUNK {blockData=conID: 3 locID: 102652565640970789 bcsId: 3006} | ret=SUCCESS |  
2019-08-21 02:17:26,002 | INFO  | DNAudit | user=null | ip=null | op=WRITE_CHUNK {blockData=conID: 3 locID: 102652565640970789 bcsId: 3006} | ret=SUCCESS |  
2019-08-21 02:17:26,002 | INFO  | DNAudit | user=null | ip=null | op=WRITE_CHUNK {blockData=conID: 3 locID: 102652565640970789 bcsId: 3006} | ret=SUCCESS |  
2019-08-21 02:17:26,012 | INFO  | DNAudit | user=null | ip=null | op=WRITE_CHUNK {blockData=conID: 3 locID: 102652565640970789 bcsId: 3006} | ret=SUCCESS |  
2019-08-21 02:17:26,012 | INFO  | DNAudit | user=null | ip=null | op=PUT_BLOCK {blockData=[blockId=conID: 3 locID: 102652565640970789 bcsId: 0,size=3145728]} | ret=SUCCESS |  
2019-08-21 02:17:26,013 [grpc-default-executor-2] INFO  client.GrpcClientProtocolClient (GrpcClientProtocolClient.java:onNext(255)) - client-54CC064C3FCE->8224e767-71c1-41fc-a01a-d172d48fd9d8: receive RaftClientReply:client-54CC064C3FCE->8224e767-71c1-41fc-a01a-d172d48fd9d8@group-F6B37CC92441, cid=2061, SUCCESS, logIndex=3011, commits[8224e767-71c1-41fc-a01a-d172d48fd9d8:c3012, 6eae0c21-01aa-4169-956f-5952b26ea7ba:c3010, 8d7dcba1-3b82-4d94-a832-514ef5c79cf8:c3010]
2019-08-21 02:17:26,013 [grpc-default-executor-2] INFO  client.GrpcClientProtocolClient (GrpcClientProtocolClient.java:onNext(255)) - client-54CC064C3FCE->8224e767-71c1-41fc-a01a-d172d48fd9d8: receive RaftClientReply:client-54CC064C3FCE->8224e767-71c1-41fc-a01a-d172d48fd9d8@group-F6B37CC92441, cid=2062, SUCCESS, logIndex=3012, commits[8224e767-71c1-41fc-a01a-d172d48fd9d8:c3012, 6eae0c21-01aa-4169-956f-5952b26ea7ba:c3010, 8d7dcba1-3b82-4d94-a832-514ef5c79cf8:c3010]
2019-08-21 02:17:26,019 | INFO  | DNAudit | user=null | ip=null | op=WRITE_CHUNK {blockData=conID: 3 locID: 102652565640970789 bcsId: 3012} | ret=SUCCESS |  
2019-08-21 02:17:26,021 | INFO  | DNAudit | user=null | ip=null | op=WRITE_CHUNK {blockData=conID: 3 locID: 102652565640970789 bcsId: 3012} | ret=SUCCESS |  
2019-08-21 02:17:26,021 | INFO  | DNAudit | user=null | ip=null | op=WRITE_CHUNK {blockData=conID: 3 locID: 102652565640970789 bcsId: 3012} | ret=SUCCESS |  
2019-08-21 02:17:26,024 | INFO  | DNAudit | user=null | ip=null | op=WRITE_CHUNK {blockData=conID: 3 locID: 102652565640970789 bcsId: 3006} | ret=SUCCESS |  
2019-08-21 02:17:26,024 | INFO  | DNAudit | user=null | ip=null | op=WRITE_CHUNK {blockData=conID: 3 locID: 102652565640970789 bcsId: 3006} | ret=SUCCESS |  
2019-08-21 02:17:26,027 | INFO  | DNAudit | user=null | ip=null | op=PUT_BLOCK {blockData=[blockId=conID: 3 locID: 102652565640970789 bcsId: 0,size=3145728]} | ret=SUCCESS |  
2019-08-21 02:17:26,027 | INFO  | DNAudit | user=null | ip=null | op=PUT_BLOCK {blockData=[blockId=conID: 3 locID: 102652565640970789 bcsId: 0,size=3145728]} | ret=SUCCESS |  
2019-08-21 02:17:26,027 | INFO  | DNAudit | user=null | ip=null | op=WRITE_CHUNK {blockData=conID: 3 locID: 102652565640970789 bcsId: 3012} | ret=SUCCESS |  
2019-08-21 02:17:26,028 | INFO  | DNAudit | user=null | ip=null | op=PUT_BLOCK {blockData=[blockId=conID: 3 locID: 102652565640970789 bcsId: 0,size=4194304]} | ret=SUCCESS |  
2019-08-21 02:17:26,028 [grpc-default-executor-3] INFO  client.GrpcClientProtocolClient (GrpcClientProtocolClient.java:onNext(255)) - client-54CC064C3FCE->8224e767-71c1-41fc-a01a-d172d48fd9d8: receive RaftClientReply:client-54CC064C3FCE->8224e767-71c1-41fc-a01a-d172d48fd9d8@group-F6B37CC92441, cid=2063, SUCCESS, logIndex=3015, commits[8224e767-71c1-41fc-a01a-d172d48fd9d8:c3016, 6eae0c21-01aa-4169-956f-5952b26ea7ba:c3012, 8d7dcba1-3b82-4d94-a832-514ef5c79cf8:c3012]
2019-08-21 02:17:26,028 [grpc-default-executor-3] INFO  client.GrpcClientProtocolClient (GrpcClientProtocolClient.java:onNext(255)) - client-54CC064C3FCE->8224e767-71c1-41fc-a01a-d172d48fd9d8: receive RaftClientReply:client-54CC064C3FCE->8224e767-71c1-41fc-a01a-d172d48fd9d8@group-F6B37CC92441, cid=2064, SUCCESS, logIndex=3016, commits[8224e767-71c1-41fc-a01a-d172d48fd9d8:c3016, 6eae0c21-01aa-4169-956f-5952b26ea7ba:c3012, 8d7dcba1-3b82-4d94-a832-514ef5c79cf8:c3012]
2019-08-21 02:17:26,039 | INFO  | DNAudit | user=null | ip=null | op=WRITE_CHUNK {blockData=conID: 3 locID: 102652565640970789 bcsId: 3012} | ret=SUCCESS |  
2019-08-21 02:17:26,039 | INFO  | DNAudit | user=null | ip=null | op=WRITE_CHUNK {blockData=conID: 3 locID: 102652565640970789 bcsId: 3012} | ret=SUCCESS |  
2019-08-21 02:17:26,042 | INFO  | DNAudit | user=null | ip=null | op=PUT_BLOCK {blockData=[blockId=conID: 3 locID: 102652565640970789 bcsId: 0,size=4194304]} | ret=SUCCESS |  
2019-08-21 02:17:26,042 | INFO  | DNAudit | user=null | ip=null | op=PUT_BLOCK {blockData=[blockId=conID: 3 locID: 102652565640970789 bcsId: 0,size=4194304]} | ret=SUCCESS |  
2019-08-21 02:17:26,042 [grpc-default-executor-3] INFO  client.GrpcClientProtocolClient (GrpcClientProtocolClient.java:onNext(255)) - client-54CC064C3FCE->8224e767-71c1-41fc-a01a-d172d48fd9d8: receive RaftClientReply:client-54CC064C3FCE->8224e767-71c1-41fc-a01a-d172d48fd9d8@group-F6B37CC92441, cid=2065, SUCCESS, logIndex=0, commits[8224e767-71c1-41fc-a01a-d172d48fd9d8:c3018, 6eae0c21-01aa-4169-956f-5952b26ea7ba:c3016, 8d7dcba1-3b82-4d94-a832-514ef5c79cf8:c3016]
2019-08-21 02:17:26,049 | INFO  | SCMAudit | user=jenkins1000 | ip=192.168.34.10 | op=ALLOCATE_BLOCK {owner=b6f66289-f2a0-4058-b052-0a85e40df67b, size=4194304, type=RATIS, factor=THREE} | ret=SUCCESS |  
2019-08-21 02:17:26,053 | INFO  | OMAudit | user=jenkins1000 | ip=127.0.0.1 | op=ALLOCATE_BLOCK {volume=vol-0-90982, bucket=bucket-0-24269, key=key-0-81262, dataSize=0, replicationType=null, replicationFactor=null, keyLocationInfo=null, clientID=102652564580991378} | ret=SUCCESS |  
2019-08-21 02:17:26,061 | INFO  | DNAudit | user=null | ip=null | op=WRITE_CHUNK {blockData=conID: 1 locID: 102652565654667814 bcsId: 0} | ret=SUCCESS |  
2019-08-21 02:17:26,065 | INFO  | DNAudit | user=null | ip=null | op=WRITE_CHUNK {blockData=conID: 1 locID: 102652565654667814 bcsId: 0} | ret=SUCCESS |  
2019-08-21 02:17:26,065 | INFO  | DNAudit | user=null | ip=null | op=WRITE_CHUNK {blockData=conID: 1 locID: 102652565654667814 bcsId: 0} | ret=SUCCESS |  
2019-08-21 02:17:26,065 | INFO  | DNAudit | user=null | ip=null | op=WRITE_CHUNK {blockData=conID: 1 locID: 102652565654667814 bcsId: 0} | ret=SUCCESS |  
2019-08-21 02:17:26,067 | INFO  | DNAudit | user=null | ip=null | op=WRITE_CHUNK {blockData=conID: 1 locID: 102652565654667814 bcsId: 0} | ret=SUCCESS |  
2019-08-21 02:17:26,068 | INFO  | DNAudit | user=null | ip=null | op=WRITE_CHUNK {blockData=conID: 1 locID: 102652565654667814 bcsId: 0} | ret=SUCCESS |  
2019-08-21 02:17:26,077 | INFO  | DNAudit | user=null | ip=null | op=WRITE_CHUNK {blockData=conID: 1 locID: 102652565654667814 bcsId: 0} | ret=SUCCESS |  
2019-08-21 02:17:26,077 | INFO  | DNAudit | user=null | ip=null | op=PUT_BLOCK {blockData=[blockId=conID: 1 locID: 102652565654667814 bcsId: 0,size=1048576]} | ret=SUCCESS |  
2019-08-21 02:17:26,077 [grpc-default-executor-0] INFO  client.GrpcClientProtocolClient (GrpcClientProtocolClient.java:onNext(255)) - client-54CC064C3FCE->8224e767-71c1-41fc-a01a-d172d48fd9d8: receive RaftClientReply:client-54CC064C3FCE->8224e767-71c1-41fc-a01a-d172d48fd9d8@group-F6B37CC92441, cid=2066, SUCCESS, logIndex=3019, commits[8224e767-71c1-41fc-a01a-d172d48fd9d8:c3021, 6eae0c21-01aa-4169-956f-5952b26ea7ba:c3018, 8d7dcba1-3b82-4d94-a832-514ef5c79cf8:c3018]
2019-08-21 02:17:26,078 | INFO  | DNAudit | user=null | ip=null | op=WRITE_CHUNK {blockData=conID: 1 locID: 102652565654667814 bcsId: 0} | ret=SUCCESS |  
2019-08-21 02:17:26,078 [grpc-default-executor-0] INFO  client.GrpcClientProtocolClient (GrpcClientProtocolClient.java:onNext(255)) - client-54CC064C3FCE->8224e767-71c1-41fc-a01a-d172d48fd9d8: receive RaftClientReply:client-54CC064C3FCE->8224e767-71c1-41fc-a01a-d172d48fd9d8@group-F6B37CC92441, cid=2067, SUCCESS, logIndex=3020, commits[8224e767-71c1-41fc-a01a-d172d48fd9d8:c3022, 6eae0c21-01aa-4169-956f-5952b26ea7ba:c3018, 8d7dcba1-3b82-4d94-a832-514ef5c79cf8:c3018]
2019-08-21 02:17:26,078 | INFO  | DNAudit | user=null | ip=null | op=WRITE_CHUNK {blockData=conID: 1 locID: 102652565654667814 bcsId: 0} | ret=SUCCESS |  
2019-08-21 02:17:26,079 | INFO  | DNAudit | user=null | ip=null | op=PUT_BLOCK {blockData=[blockId=conID: 1 locID: 102652565654667814 bcsId: 0,size=2097152]} | ret=SUCCESS |  
2019-08-21 02:17:26,079 [grpc-default-executor-0] INFO  client.GrpcClientProtocolClient (GrpcClientProtocolClient.java:onNext(255)) - client-54CC064C3FCE->8224e767-71c1-41fc-a01a-d172d48fd9d8: receive RaftClientReply:client-54CC064C3FCE->8224e767-71c1-41fc-a01a-d172d48fd9d8@group-F6B37CC92441, cid=2068, SUCCESS, logIndex=3021, commits[8224e767-71c1-41fc-a01a-d172d48fd9d8:c3022, 6eae0c21-01aa-4169-956f-5952b26ea7ba:c3018, 8d7dcba1-3b82-4d94-a832-514ef5c79cf8:c3018]
2019-08-21 02:17:26,079 | INFO  | DNAudit | user=null | ip=null | op=WRITE_CHUNK {blockData=conID: 1 locID: 102652565654667814 bcsId: 0} | ret=SUCCESS |  
2019-08-21 02:17:26,079 [grpc-default-executor-0] INFO  client.GrpcClientProtocolClient (GrpcClientProtocolClient.java:onNext(255)) - client-54CC064C3FCE->8224e767-71c1-41fc-a01a-d172d48fd9d8: receive RaftClientReply:client-54CC064C3FCE->8224e767-71c1-41fc-a01a-d172d48fd9d8@group-F6B37CC92441, cid=2069, SUCCESS, logIndex=3022, commits[8224e767-71c1-41fc-a01a-d172d48fd9d8:c3023, 6eae0c21-01aa-4169-956f-5952b26ea7ba:c3019, 8d7dcba1-3b82-4d94-a832-514ef5c79cf8:c3018]
2019-08-21 02:17:26,080 | INFO  | DNAudit | user=null | ip=null | op=PUT_BLOCK {blockData=[blockId=conID: 1 locID: 102652565654667814 bcsId: 0,size=1048576]} | ret=SUCCESS |  
2019-08-21 02:17:26,080 | INFO  | DNAudit | user=null | ip=null | op=WRITE_CHUNK {blockData=conID: 1 locID: 102652565654667814 bcsId: 0} | ret=SUCCESS |  
2019-08-21 02:17:26,080 | INFO  | DNAudit | user=null | ip=null | op=PUT_BLOCK {blockData=[blockId=conID: 1 locID: 102652565654667814 bcsId: 0,size=2097152]} | ret=SUCCESS |  
2019-08-21 02:17:26,080 | INFO  | DNAudit | user=null | ip=null | op=PUT_BLOCK {blockData=[blockId=conID: 1 locID: 102652565654667814 bcsId: 0,size=1048576]} | ret=SUCCESS |  
2019-08-21 02:17:26,081 | INFO  | DNAudit | user=null | ip=null | op=WRITE_CHUNK {blockData=conID: 1 locID: 102652565654667814 bcsId: 0} | ret=SUCCESS |  
2019-08-21 02:17:26,081 | INFO  | DNAudit | user=null | ip=null | op=PUT_BLOCK {blockData=[blockId=conID: 1 locID: 102652565654667814 bcsId: 0,size=2097152]} | ret=SUCCESS |  
2019-08-21 02:17:26,081 [grpc-default-executor-0] INFO  client.GrpcClientProtocolClient (GrpcClientProtocolClient.java:onNext(255)) - client-54CC064C3FCE->8224e767-71c1-41fc-a01a-d172d48fd9d8: receive RaftClientReply:client-54CC064C3FCE->8224e767-71c1-41fc-a01a-d172d48fd9d8@group-F6B37CC92441, cid=2070, SUCCESS, logIndex=0, commits[8224e767-71c1-41fc-a01a-d172d48fd9d8:c3026, 6eae0c21-01aa-4169-956f-5952b26ea7ba:c3020, 8d7dcba1-3b82-4d94-a832-514ef5c79cf8:c3022]
2019-08-21 02:17:26,088 | INFO  | DNAudit | user=null | ip=null | op=WRITE_CHUNK {blockData=conID: 1 locID: 102652565654667814 bcsId: 3022} | ret=SUCCESS |  
2019-08-21 02:17:26,090 | INFO  | DNAudit | user=null | ip=null | op=WRITE_CHUNK {blockData=conID: 1 locID: 102652565654667814 bcsId: 3022} | ret=SUCCESS |  
2019-08-21 02:17:26,091 | INFO  | DNAudit | user=null | ip=null | op=WRITE_CHUNK {blockData=conID: 1 locID: 102652565654667814 bcsId: 3022} | ret=SUCCESS |  
 0.00% |█                                                                                                    |  0/1 Time: 0:00:162019-08-21 02:17:26,099 | INFO  | SCMAudit | user=jenkins1000 | ip=192.168.34.10 | op=SEND_HEARTBEAT {datanodeUUID=3def7c30-cb13-4f41-8119-6188f246ad27, command=[]} | ret=SUCCESS |  
2019-08-21 02:17:26,099 | INFO  | SCMAudit | user=jenkins1000 | ip=192.168.34.10 | op=SEND_HEARTBEAT {datanodeUUID=94764dae-819c-4b7e-92f1-9cd6c64427b7, command=[]} | ret=SUCCESS |  
2019-08-21 02:17:26,101 | INFO  | DNAudit | user=null | ip=null | op=WRITE_CHUNK {blockData=conID: 1 locID: 102652565654667814 bcsId: 3022} | ret=SUCCESS |  
2019-08-21 02:17:26,101 | INFO  | DNAudit | user=null | ip=null | op=PUT_BLOCK {blockData=[blockId=conID: 1 locID: 102652565654667814 bcsId: 0,size=3145728]} | ret=SUCCESS |  
2019-08-21 02:17:26,102 [grpc-default-executor-0] INFO  client.GrpcClientProtocolClient (GrpcClientProtocolClient.java:onNext(255)) - client-54CC064C3FCE->8224e767-71c1-41fc-a01a-d172d48fd9d8: receive RaftClientReply:client-54CC064C3FCE->8224e767-71c1-41fc-a01a-d172d48fd9d8@group-F6B37CC92441, cid=2071, SUCCESS, logIndex=3027, commits[8224e767-71c1-41fc-a01a-d172d48fd9d8:c3028, 6eae0c21-01aa-4169-956f-5952b26ea7ba:c3026, 8d7dcba1-3b82-4d94-a832-514ef5c79cf8:c3026]
2019-08-21 02:17:26,102 [grpc-default-executor-0] INFO  client.GrpcClientProtocolClient (GrpcClientProtocolClient.java:onNext(255)) - client-54CC064C3FCE->8224e767-71c1-41fc-a01a-d172d48fd9d8: receive RaftClientReply:client-54CC064C3FCE->8224e767-71c1-41fc-a01a-d172d48fd9d8@group-F6B37CC92441, cid=2072, SUCCESS, logIndex=3028, commits[8224e767-71c1-41fc-a01a-d172d48fd9d8:c3028, 6eae0c21-01aa-4169-956f-5952b26ea7ba:c3026, 8d7dcba1-3b82-4d94-a832-514ef5c79cf8:c3026]
2019-08-21 02:17:26,105 | INFO  | SCMAudit | user=jenkins1000 | ip=192.168.34.10 | op=SEND_HEARTBEAT {datanodeUUID=8d7dcba1-3b82-4d94-a832-514ef5c79cf8, command=[]} | ret=SUCCESS |  
2019-08-21 02:17:26,105 | INFO  | SCMAudit | user=jenkins1000 | ip=192.168.34.10 | op=SEND_HEARTBEAT {datanodeUUID=6eae0c21-01aa-4169-956f-5952b26ea7ba, command=[]} | ret=SUCCESS |  
2019-08-21 02:17:26,105 | INFO  | SCMAudit | user=jenkins1000 | ip=192.168.34.10 | op=SEND_HEARTBEAT {datanodeUUID=8224e767-71c1-41fc-a01a-d172d48fd9d8, command=[]} | ret=SUCCESS |  
2019-08-21 02:17:26,110 | INFO  | DNAudit | user=null | ip=null | op=WRITE_CHUNK {blockData=conID: 1 locID: 102652565654667814 bcsId: 3028} | ret=SUCCESS |  
2019-08-21 02:17:26,112 | INFO  | DNAudit | user=null | ip=null | op=WRITE_CHUNK {blockData=conID: 1 locID: 102652565654667814 bcsId: 3022} | ret=SUCCESS |  
2019-08-21 02:17:26,112 | INFO  | DNAudit | user=null | ip=null | op=WRITE_CHUNK {blockData=conID: 1 locID: 102652565654667814 bcsId: 3022} | ret=SUCCESS |  
2019-08-21 02:17:26,113 | INFO  | DNAudit | user=null | ip=null | op=WRITE_CHUNK {blockData=conID: 1 locID: 102652565654667814 bcsId: 3028} | ret=SUCCESS |  
2019-08-21 02:17:26,113 | INFO  | DNAudit | user=null | ip=null | op=WRITE_CHUNK {blockData=conID: 1 locID: 102652565654667814 bcsId: 3028} | ret=SUCCESS |  
2019-08-21 02:17:26,125 | INFO  | DNAudit | user=null | ip=null | op=PUT_BLOCK {blockData=[blockId=conID: 1 locID: 102652565654667814 bcsId: 0,size=3145728]} | ret=SUCCESS |  
2019-08-21 02:17:26,125 | INFO  | DNAudit | user=null | ip=null | op=WRITE_CHUNK {blockData=conID: 1 locID: 102652565654667814 bcsId: 3028} | ret=SUCCESS |  
2019-08-21 02:17:26,125 | INFO  | DNAudit | user=null | ip=null | op=PUT_BLOCK {blockData=[blockId=conID: 1 locID: 102652565654667814 bcsId: 0,size=3145728]} | ret=SUCCESS |  
2019-08-21 02:17:26,126 | INFO  | DNAudit | user=null | ip=null | op=PUT_BLOCK {blockData=[blockId=conID: 1 locID: 102652565654667814 bcsId: 0,size=4194304]} | ret=SUCCESS |  
2019-08-21 02:17:26,126 [grpc-default-executor-2] INFO  client.GrpcClientProtocolClient (GrpcClientProtocolClient.java:onNext(255)) - client-54CC064C3FCE->8224e767-71c1-41fc-a01a-d172d48fd9d8: receive RaftClientReply:client-54CC064C3FCE->8224e767-71c1-41fc-a01a-d172d48fd9d8@group-F6B37CC92441, cid=2073, SUCCESS, logIndex=3031, commits[8224e767-71c1-41fc-a01a-d172d48fd9d8:c3032, 6eae0c21-01aa-4169-956f-5952b26ea7ba:c3028, 8d7dcba1-3b82-4d94-a832-514ef5c79cf8:c3028]
2019-08-21 02:17:26,126 [grpc-default-executor-2] INFO  client.GrpcClientProtocolClient (GrpcClientProtocolClient.java:onNext(255)) - client-54CC064C3FCE->8224e767-71c1-41fc-a01a-d172d48fd9d8: receive RaftClientReply:client-54CC064C3FCE->8224e767-71c1-41fc-a01a-d172d48fd9d8@group-F6B37CC92441, cid=2074, SUCCESS, logIndex=3032, commits[8224e767-71c1-41fc-a01a-d172d48fd9d8:c3032, 6eae0c21-01aa-4169-956f-5952b26ea7ba:c3028, 8d7dcba1-3b82-4d94-a832-514ef5c79cf8:c3028]
2019-08-21 02:17:26,137 | INFO  | DNAudit | user=null | ip=null | op=WRITE_CHUNK {blockData=conID: 1 locID: 102652565654667814 bcsId: 3028} | ret=SUCCESS |  
2019-08-21 02:17:26,137 | INFO  | DNAudit | user=null | ip=null | op=PUT_BLOCK {blockData=[blockId=conID: 1 locID: 102652565654667814 bcsId: 0,size=4194304]} | ret=SUCCESS |  
2019-08-21 02:17:26,137 | INFO  | DNAudit | user=null | ip=null | op=WRITE_CHUNK {blockData=conID: 1 locID: 102652565654667814 bcsId: 3028} | ret=SUCCESS |  
2019-08-21 02:17:26,137 | INFO  | DNAudit | user=null | ip=null | op=PUT_BLOCK {blockData=[blockId=conID: 1 locID: 102652565654667814 bcsId: 0,size=4194304]} | ret=SUCCESS |  
2019-08-21 02:17:26,138 [grpc-default-executor-2] INFO  client.GrpcClientProtocolClient (GrpcClientProtocolClient.java:onNext(255)) - client-54CC064C3FCE->8224e767-71c1-41fc-a01a-d172d48fd9d8: receive RaftClientReply:client-54CC064C3FCE->8224e767-71c1-41fc-a01a-d172d48fd9d8@group-F6B37CC92441, cid=2075, SUCCESS, logIndex=0, commits[8224e767-71c1-41fc-a01a-d172d48fd9d8:c3033, 6eae0c21-01aa-4169-956f-5952b26ea7ba:c3032, 8d7dcba1-3b82-4d94-a832-514ef5c79cf8:c3032]
2019-08-21 02:17:26,143 | INFO  | SCMAudit | user=jenkins1000 | ip=192.168.34.10 | op=ALLOCATE_BLOCK {owner=b6f66289-f2a0-4058-b052-0a85e40df67b, size=4194304, type=RATIS, factor=THREE} | ret=SUCCESS |  
2019-08-21 02:17:26,146 | INFO  | OMAudit | user=jenkins1000 | ip=127.0.0.1 | op=ALLOCATE_BLOCK {volume=vol-0-90982, bucket=bucket-0-24269, key=key-0-81262, dataSize=0, replicationType=null, replicationFactor=null, keyLocationInfo=null, clientID=102652564580991378} | ret=SUCCESS |  
2019-08-21 02:17:26,153 | INFO  | DNAudit | user=null | ip=null | op=WRITE_CHUNK {blockData=conID: 2 locID: 102652565660828199 bcsId: 0} | ret=SUCCESS |  
2019-08-21 02:17:26,156 | INFO  | DNAudit | user=null | ip=null | op=WRITE_CHUNK {blockData=conID: 2 locID: 102652565660828199 bcsId: 0} | ret=SUCCESS |  
2019-08-21 02:17:26,156 | INFO  | DNAudit | user=null | ip=null | op=WRITE_CHUNK {blockData=conID: 2 locID: 102652565660828199 bcsId: 0} | ret=SUCCESS |  
2019-08-21 02:17:26,156 | INFO  | DNAudit | user=null | ip=null | op=WRITE_CHUNK {blockData=conID: 2 locID: 102652565660828199 bcsId: 0} | ret=SUCCESS |  
2019-08-21 02:17:26,158 | INFO  | DNAudit | user=null | ip=null | op=WRITE_CHUNK {blockData=conID: 2 locID: 102652565660828199 bcsId: 0} | ret=SUCCESS |  
2019-08-21 02:17:26,158 | INFO  | DNAudit | user=null | ip=null | op=WRITE_CHUNK {blockData=conID: 2 locID: 102652565660828199 bcsId: 0} | ret=SUCCESS |  
2019-08-21 02:17:26,158 | INFO  | DNAudit | user=null | ip=null | op=WRITE_CHUNK {blockData=conID: 2 locID: 102652565660828199 bcsId: 0} | ret=SUCCESS |  
2019-08-21 02:17:26,158 | INFO  | DNAudit | user=null | ip=null | op=PUT_BLOCK {blockData=[blockId=conID: 2 locID: 102652565660828199 bcsId: 0,size=1048576]} | ret=SUCCESS |  
2019-08-21 02:17:26,159 [grpc-default-executor-2] INFO  client.GrpcClientProtocolClient (GrpcClientProtocolClient.java:onNext(255)) - client-54CC064C3FCE->8224e767-71c1-41fc-a01a-d172d48fd9d8: receive RaftClientReply:client-54CC064C3FCE->8224e767-71c1-41fc-a01a-d172d48fd9d8@group-F6B37CC92441, cid=2076, SUCCESS, logIndex=3035, commits[8224e767-71c1-41fc-a01a-d172d48fd9d8:c3036, 6eae0c21-01aa-4169-956f-5952b26ea7ba:c3034, 8d7dcba1-3b82-4d94-a832-514ef5c79cf8:c3032]
2019-08-21 02:17:26,159 [grpc-default-executor-2] INFO  client.GrpcClientProtocolClient (GrpcClientProtocolClient.java:onNext(255)) - client-54CC064C3FCE->8224e767-71c1-41fc-a01a-d172d48fd9d8: receive RaftClientReply:client-54CC064C3FCE->8224e767-71c1-41fc-a01a-d172d48fd9d8@group-F6B37CC92441, cid=2077, SUCCESS, logIndex=3036, commits[8224e767-71c1-41fc-a01a-d172d48fd9d8:c3036, 6eae0c21-01aa-4169-956f-5952b26ea7ba:c3034, 8d7dcba1-3b82-4d94-a832-514ef5c79cf8:c3032]
2019-08-21 02:17:26,159 | INFO  | DNAudit | user=null | ip=null | op=WRITE_CHUNK {blockData=conID: 2 locID: 102652565660828199 bcsId: 0} | ret=SUCCESS |  
2019-08-21 02:17:26,160 | INFO  | DNAudit | user=null | ip=null | op=WRITE_CHUNK {blockData=conID: 2 locID: 102652565660828199 bcsId: 0} | ret=SUCCESS |  
2019-08-21 02:17:26,160 | INFO  | DNAudit | user=null | ip=null | op=PUT_BLOCK {blockData=[blockId=conID: 2 locID: 102652565660828199 bcsId: 0,size=1048576]} | ret=SUCCESS |  
2019-08-21 02:17:26,160 | INFO  | DNAudit | user=null | ip=null | op=PUT_BLOCK {blockData=[blockId=conID: 2 locID: 102652565660828199 bcsId: 0,size=2097152]} | ret=SUCCESS |  
2019-08-21 02:17:26,160 [grpc-default-executor-2] INFO  client.GrpcClientProtocolClient (GrpcClientProtocolClient.java:onNext(255)) - client-54CC064C3FCE->8224e767-71c1-41fc-a01a-d172d48fd9d8: receive RaftClientReply:client-54CC064C3FCE->8224e767-71c1-41fc-a01a-d172d48fd9d8@group-F6B37CC92441, cid=2078, SUCCESS, logIndex=3037, commits[8224e767-71c1-41fc-a01a-d172d48fd9d8:c3038, 6eae0c21-01aa-4169-956f-5952b26ea7ba:c3034, 8d7dcba1-3b82-4d94-a832-514ef5c79cf8:c3032]
2019-08-21 02:17:26,160 [grpc-default-executor-2] INFO  client.GrpcClientProtocolClient (GrpcClientProtocolClient.java:onNext(255)) - client-54CC064C3FCE->8224e767-71c1-41fc-a01a-d172d48fd9d8: receive RaftClientReply:client-54CC064C3FCE->8224e767-71c1-41fc-a01a-d172d48fd9d8@group-F6B37CC92441, cid=2079, SUCCESS, logIndex=3038, commits[8224e767-71c1-41fc-a01a-d172d48fd9d8:c3039, 6eae0c21-01aa-4169-956f-5952b26ea7ba:c3036, 8d7dcba1-3b82-4d94-a832-514ef5c79cf8:c3032]
2019-08-21 02:17:26,162 | INFO  | DNAudit | user=null | ip=null | op=WRITE_CHUNK {blockData=conID: 2 locID: 102652565660828199 bcsId: 0} | ret=SUCCESS |  
2019-08-21 02:17:26,162 | INFO  | DNAudit | user=null | ip=null | op=PUT_BLOCK {blockData=[blockId=conID: 2 locID: 102652565660828199 bcsId: 0,size=1048576]} | ret=SUCCESS |  
2019-08-21 02:17:26,162 [grpc-default-executor-3] INFO  client.GrpcClientProtocolClient (GrpcClientProtocolClient.java:onNext(255)) - client-54CC064C3FCE->8224e767-71c1-41fc-a01a-d172d48fd9d8: receive RaftClientReply:client-54CC064C3FCE->8224e767-71c1-41fc-a01a-d172d48fd9d8@group-F6B37CC92441, cid=2080, SUCCESS, logIndex=0, commits[8224e767-71c1-41fc-a01a-d172d48fd9d8:c3040, 6eae0c21-01aa-4169-956f-5952b26ea7ba:c3036, 8d7dcba1-3b82-4d94-a832-514ef5c79cf8:c3036]
2019-08-21 02:17:26,163 | INFO  | DNAudit | user=null | ip=null | op=WRITE_CHUNK {blockData=conID: 2 locID: 102652565660828199 bcsId: 0} | ret=SUCCESS |  
2019-08-21 02:17:26,164 | INFO  | DNAudit | user=null | ip=null | op=WRITE_CHUNK {blockData=conID: 2 locID: 102652565660828199 bcsId: 0} | ret=SUCCESS |  
2019-08-21 02:17:26,164 | INFO  | DNAudit | user=null | ip=null | op=PUT_BLOCK {blockData=[blockId=conID: 2 locID: 102652565660828199 bcsId: 0,size=2097152]} | ret=SUCCESS |  
2019-08-21 02:17:26,164 | INFO  | DNAudit | user=null | ip=null | op=PUT_BLOCK {blockData=[blockId=conID: 2 locID: 102652565660828199 bcsId: 0,size=2097152]} | ret=SUCCESS |  
2019-08-21 02:17:26,169 | INFO  | DNAudit | user=null | ip=null | op=WRITE_CHUNK {blockData=conID: 2 locID: 102652565660828199 bcsId: 3038} | ret=SUCCESS |  
2019-08-21 02:17:26,171 | INFO  | DNAudit | user=null | ip=null | op=WRITE_CHUNK {blockData=conID: 2 locID: 102652565660828199 bcsId: 3038} | ret=SUCCESS |  
2019-08-21 02:17:26,171 | INFO  | DNAudit | user=null | ip=null | op=WRITE_CHUNK {blockData=conID: 2 locID: 102652565660828199 bcsId: 3038} | ret=SUCCESS |  
2019-08-21 02:17:26,188 | INFO  | DNAudit | user=null | ip=null | op=WRITE_CHUNK {blockData=conID: 2 locID: 102652565660828199 bcsId: 3038} | ret=SUCCESS |  
2019-08-21 02:17:26,189 | INFO  | DNAudit | user=null | ip=null | op=PUT_BLOCK {blockData=[blockId=conID: 2 locID: 102652565660828199 bcsId: 0,size=3145728]} | ret=SUCCESS |  
2019-08-21 02:17:26,189 [grpc-default-executor-0] INFO  client.GrpcClientProtocolClient (GrpcClientProtocolClient.java:onNext(255)) - client-54CC064C3FCE->8224e767-71c1-41fc-a01a-d172d48fd9d8: receive RaftClientReply:client-54CC064C3FCE->8224e767-71c1-41fc-a01a-d172d48fd9d8@group-F6B37CC92441, cid=2081, SUCCESS, logIndex=3043, commits[8224e767-71c1-41fc-a01a-d172d48fd9d8:c3044, 6eae0c21-01aa-4169-956f-5952b26ea7ba:c3042, 8d7dcba1-3b82-4d94-a832-514ef5c79cf8:c3042]
2019-08-21 02:17:26,190 [grpc-default-executor-0] INFO  client.GrpcClientProtocolClient (GrpcClientProtocolClient.java:onNext(255)) - client-54CC064C3FCE->8224e767-71c1-41fc-a01a-d172d48fd9d8: receive RaftClientReply:client-54CC064C3FCE->8224e767-71c1-41fc-a01a-d172d48fd9d8@group-F6B37CC92441, cid=2082, SUCCESS, logIndex=3044, commits[8224e767-71c1-41fc-a01a-d172d48fd9d8:c3044, 6eae0c21-01aa-4169-956f-5952b26ea7ba:c3042, 8d7dcba1-3b82-4d94-a832-514ef5c79cf8:c3042]
2019-08-21 02:17:26,198 | INFO  | DNAudit | user=null | ip=null | op=WRITE_CHUNK {blockData=conID: 2 locID: 102652565660828199 bcsId: 3044} | ret=SUCCESS |  
2019-08-21 02:17:26,200 | INFO  | DNAudit | user=null | ip=null | op=WRITE_CHUNK {blockData=conID: 2 locID: 102652565660828199 bcsId: 3044} | ret=SUCCESS |  
2019-08-21 02:17:26,200 | INFO  | DNAudit | user=null | ip=null | op=WRITE_CHUNK {blockData=conID: 2 locID: 102652565660828199 bcsId: 3044} | ret=SUCCESS |  
2019-08-21 02:17:26,200 | INFO  | DNAudit | user=null | ip=null | op=WRITE_CHUNK {blockData=conID: 2 locID: 102652565660828199 bcsId: 3038} | ret=SUCCESS |  
2019-08-21 02:17:26,200 | INFO  | DNAudit | user=null | ip=null | op=WRITE_CHUNK {blockData=conID: 2 locID: 102652565660828199 bcsId: 3038} | ret=SUCCESS |  
2019-08-21 02:17:26,201 | INFO  | DNAudit | user=null | ip=null | op=PUT_BLOCK {blockData=[blockId=conID: 2 locID: 102652565660828199 bcsId: 0,size=3145728]} | ret=SUCCESS |  
2019-08-21 02:17:26,202 | INFO  | DNAudit | user=null | ip=null | op=PUT_BLOCK {blockData=[blockId=conID: 2 locID: 102652565660828199 bcsId: 0,size=3145728]} | ret=SUCCESS |  
2019-08-21 02:17:26,202 | INFO  | DNAudit | user=null | ip=null | op=WRITE_CHUNK {blockData=conID: 2 locID: 102652565660828199 bcsId: 3044} | ret=SUCCESS |  
2019-08-21 02:17:26,203 | INFO  | DNAudit | user=null | ip=null | op=PUT_BLOCK {blockData=[blockId=conID: 2 locID: 102652565660828199 bcsId: 0,size=4194304]} | ret=SUCCESS |  
2019-08-21 02:17:26,203 [grpc-default-executor-2] INFO  client.GrpcClientProtocolClient (GrpcClientProtocolClient.java:onNext(255)) - client-54CC064C3FCE->8224e767-71c1-41fc-a01a-d172d48fd9d8: receive RaftClientReply:client-54CC064C3FCE->8224e767-71c1-41fc-a01a-d172d48fd9d8@group-F6B37CC92441, cid=2083, SUCCESS, logIndex=3047, commits[8224e767-71c1-41fc-a01a-d172d48fd9d8:c3048, 6eae0c21-01aa-4169-956f-5952b26ea7ba:c3044, 8d7dcba1-3b82-4d94-a832-514ef5c79cf8:c3044]
2019-08-21 02:17:26,203 [grpc-default-executor-2] INFO  client.GrpcClientProtocolClient (GrpcClientProtocolClient.java:onNext(255)) - client-54CC064C3FCE->8224e767-71c1-41fc-a01a-d172d48fd9d8: receive RaftClientReply:client-54CC064C3FCE->8224e767-71c1-41fc-a01a-d172d48fd9d8@group-F6B37CC92441, cid=2084, SUCCESS, logIndex=3048, commits[8224e767-71c1-41fc-a01a-d172d48fd9d8:c3048, 6eae0c21-01aa-4169-956f-5952b26ea7ba:c3044, 8d7dcba1-3b82-4d94-a832-514ef5c79cf8:c3044]
2019-08-21 02:17:26,213 | INFO  | DNAudit | user=null | ip=null | op=WRITE_CHUNK {blockData=conID: 2 locID: 102652565660828199 bcsId: 3044} | ret=SUCCESS |  
2019-08-21 02:17:26,213 | INFO  | DNAudit | user=null | ip=null | op=WRITE_CHUNK {blockData=conID: 2 locID: 102652565660828199 bcsId: 3044} | ret=SUCCESS |  
2019-08-21 02:17:26,216 | INFO  | DNAudit | user=null | ip=null | op=PUT_BLOCK {blockData=[blockId=conID: 2 locID: 102652565660828199 bcsId: 0,size=4194304]} | ret=SUCCESS |  
2019-08-21 02:17:26,216 | INFO  | DNAudit | user=null | ip=null | op=PUT_BLOCK {blockData=[blockId=conID: 2 locID: 102652565660828199 bcsId: 0,size=4194304]} | ret=SUCCESS |  
2019-08-21 02:17:26,217 [grpc-default-executor-2] INFO  client.GrpcClientProtocolClient (GrpcClientProtocolClient.java:onNext(255)) - client-54CC064C3FCE->8224e767-71c1-41fc-a01a-d172d48fd9d8: receive RaftClientReply:client-54CC064C3FCE->8224e767-71c1-41fc-a01a-d172d48fd9d8@group-F6B37CC92441, cid=2085, SUCCESS, logIndex=0, commits[8224e767-71c1-41fc-a01a-d172d48fd9d8:c3050, 6eae0c21-01aa-4169-956f-5952b26ea7ba:c3048, 8d7dcba1-3b82-4d94-a832-514ef5c79cf8:c3048]
2019-08-21 02:17:26,222 | INFO  | SCMAudit | user=jenkins1000 | ip=192.168.34.10 | op=ALLOCATE_BLOCK {owner=b6f66289-f2a0-4058-b052-0a85e40df67b, size=4194304, type=RATIS, factor=THREE} | ret=SUCCESS |  
2019-08-21 02:17:26,226 | INFO  | OMAudit | user=jenkins1000 | ip=127.0.0.1 | op=ALLOCATE_BLOCK {volume=vol-0-90982, bucket=bucket-0-24269, key=key-0-81262, dataSize=0, replicationType=null, replicationFactor=null, keyLocationInfo=null, clientID=102652564580991378} | ret=SUCCESS |  
2019-08-21 02:17:26,233 | INFO  | DNAudit | user=null | ip=null | op=WRITE_CHUNK {blockData=conID: 3 locID: 102652565666005544 bcsId: 0} | ret=SUCCESS |  
2019-08-21 02:17:26,236 | INFO  | DNAudit | user=null | ip=null | op=WRITE_CHUNK {blockData=conID: 3 locID: 102652565666005544 bcsId: 0} | ret=SUCCESS |  
2019-08-21 02:17:26,236 | INFO  | DNAudit | user=null | ip=null | op=WRITE_CHUNK {blockData=conID: 3 locID: 102652565666005544 bcsId: 0} | ret=SUCCESS |  
2019-08-21 02:17:26,237 | INFO  | DNAudit | user=null | ip=null | op=WRITE_CHUNK {blockData=conID: 3 locID: 102652565666005544 bcsId: 0} | ret=SUCCESS |  
2019-08-21 02:17:26,239 | INFO  | DNAudit | user=null | ip=null | op=WRITE_CHUNK {blockData=conID: 3 locID: 102652565666005544 bcsId: 0} | ret=SUCCESS |  
2019-08-21 02:17:26,240 | INFO  | DNAudit | user=null | ip=null | op=WRITE_CHUNK {blockData=conID: 3 locID: 102652565666005544 bcsId: 0} | ret=SUCCESS |  
2019-08-21 02:17:26,246 | INFO  | DNAudit | user=null | ip=null | op=WRITE_CHUNK {blockData=conID: 3 locID: 102652565666005544 bcsId: 0} | ret=SUCCESS |  
2019-08-21 02:17:26,247 | INFO  | DNAudit | user=null | ip=null | op=PUT_BLOCK {blockData=[blockId=conID: 3 locID: 102652565666005544 bcsId: 0,size=1048576]} | ret=SUCCESS |  
2019-08-21 02:17:26,247 [grpc-default-executor-3] INFO  client.GrpcClientProtocolClient (GrpcClientProtocolClient.java:onNext(255)) - client-54CC064C3FCE->8224e767-71c1-41fc-a01a-d172d48fd9d8: receive RaftClientReply:client-54CC064C3FCE->8224e767-71c1-41fc-a01a-d172d48fd9d8@group-F6B37CC92441, cid=2086, SUCCESS, logIndex=3051, commits[8224e767-71c1-41fc-a01a-d172d48fd9d8:c3052, 6eae0c21-01aa-4169-956f-5952b26ea7ba:c3050, 8d7dcba1-3b82-4d94-a832-514ef5c79cf8:c3050]
2019-08-21 02:17:26,247 | INFO  | DNAudit | user=null | ip=null | op=WRITE_CHUNK {blockData=conID: 3 locID: 102652565666005544 bcsId: 0} | ret=SUCCESS |  
2019-08-21 02:17:26,247 [grpc-default-executor-3] INFO  client.GrpcClientProtocolClient (GrpcClientProtocolClient.java:onNext(255)) - client-54CC064C3FCE->8224e767-71c1-41fc-a01a-d172d48fd9d8: receive RaftClientReply:client-54CC064C3FCE->8224e767-71c1-41fc-a01a-d172d48fd9d8@group-F6B37CC92441, cid=2087, SUCCESS, logIndex=3052, commits[8224e767-71c1-41fc-a01a-d172d48fd9d8:c3052, 6eae0c21-01aa-4169-956f-5952b26ea7ba:c3050, 8d7dcba1-3b82-4d94-a832-514ef5c79cf8:c3050]
2019-08-21 02:17:26,247 | INFO  | DNAudit | user=null | ip=null | op=PUT_BLOCK {blockData=[blockId=conID: 3 locID: 102652565666005544 bcsId: 0,size=2097152]} | ret=SUCCESS |  
2019-08-21 02:17:26,248 [grpc-default-executor-3] INFO  client.GrpcClientProtocolClient (GrpcClientProtocolClient.java:onNext(255)) - client-54CC064C3FCE->8224e767-71c1-41fc-a01a-d172d48fd9d8: receive RaftClientReply:client-54CC064C3FCE->8224e767-71c1-41fc-a01a-d172d48fd9d8@group-F6B37CC92441, cid=2088, SUCCESS, logIndex=3053, commits[8224e767-71c1-41fc-a01a-d172d48fd9d8:c3054, 6eae0c21-01aa-4169-956f-5952b26ea7ba:c3050, 8d7dcba1-3b82-4d94-a832-514ef5c79cf8:c3050]
2019-08-21 02:17:26,248 [grpc-default-executor-3] INFO  client.GrpcClientProtocolClient (GrpcClientProtocolClient.java:onNext(255)) - client-54CC064C3FCE->8224e767-71c1-41fc-a01a-d172d48fd9d8: receive RaftClientReply:client-54CC064C3FCE->8224e767-71c1-41fc-a01a-d172d48fd9d8@group-F6B37CC92441, cid=2089, SUCCESS, logIndex=3054, commits[8224e767-71c1-41fc-a01a-d172d48fd9d8:c3054, 6eae0c21-01aa-4169-956f-5952b26ea7ba:c3050, 8d7dcba1-3b82-4d94-a832-514ef5c79cf8:c3050]
2019-08-21 02:17:26,260 | INFO  | DNAudit | user=null | ip=null | op=WRITE_CHUNK {blockData=conID: 3 locID: 102652565666005544 bcsId: 0} | ret=SUCCESS |  
2019-08-21 02:17:26,261 | INFO  | DNAudit | user=null | ip=null | op=WRITE_CHUNK {blockData=conID: 3 locID: 102652565666005544 bcsId: 0} | ret=SUCCESS |  
2019-08-21 02:17:26,261 | INFO  | DNAudit | user=null | ip=null | op=PUT_BLOCK {blockData=[blockId=conID: 3 locID: 102652565666005544 bcsId: 0,size=1048576]} | ret=SUCCESS |  
2019-08-21 02:17:26,261 | INFO  | DNAudit | user=null | ip=null | op=PUT_BLOCK {blockData=[blockId=conID: 3 locID: 102652565666005544 bcsId: 0,size=1048576]} | ret=SUCCESS |  
2019-08-21 02:17:26,261 | INFO  | DNAudit | user=null | ip=null | op=WRITE_CHUNK {blockData=conID: 3 locID: 102652565666005544 bcsId: 0} | ret=SUCCESS |  
2019-08-21 02:17:26,261 | INFO  | DNAudit | user=null | ip=null | op=WRITE_CHUNK {blockData=conID: 3 locID: 102652565666005544 bcsId: 0} | ret=SUCCESS |  
2019-08-21 02:17:26,261 [grpc-default-executor-3] INFO  client.GrpcClientProtocolClient (GrpcClientProtocolClient.java:onNext(255)) - client-54CC064C3FCE->8224e767-71c1-41fc-a01a-d172d48fd9d8: receive RaftClientReply:client-54CC064C3FCE->8224e767-71c1-41fc-a01a-d172d48fd9d8@group-F6B37CC92441, cid=2090, SUCCESS, logIndex=0, commits[8224e767-71c1-41fc-a01a-d172d48fd9d8:c3056, 6eae0c21-01aa-4169-956f-5952b26ea7ba:c3052, 8d7dcba1-3b82-4d94-a832-514ef5c79cf8:c3052]
2019-08-21 02:17:26,261 | INFO  | DNAudit | user=null | ip=null | op=PUT_BLOCK {blockData=[blockId=conID: 3 locID: 102652565666005544 bcsId: 0,size=2097152]} | ret=SUCCESS |  
2019-08-21 02:17:26,262 | INFO  | DNAudit | user=null | ip=null | op=PUT_BLOCK {blockData=[blockId=conID: 3 locID: 102652565666005544 bcsId: 0,size=2097152]} | ret=SUCCESS |  
2019-08-21 02:17:26,268 | INFO  | DNAudit | user=null | ip=null | op=WRITE_CHUNK {blockData=conID: 3 locID: 102652565666005544 bcsId: 3054} | ret=SUCCESS |  
2019-08-21 02:17:26,270 | INFO  | DNAudit | user=null | ip=null | op=WRITE_CHUNK {blockData=conID: 3 locID: 102652565666005544 bcsId: 3054} | ret=SUCCESS |  
2019-08-21 02:17:26,270 | INFO  | DNAudit | user=null | ip=null | op=WRITE_CHUNK {blockData=conID: 3 locID: 102652565666005544 bcsId: 3054} | ret=SUCCESS |  
2019-08-21 02:17:26,281 | INFO  | DNAudit | user=null | ip=null | op=WRITE_CHUNK {blockData=conID: 3 locID: 102652565666005544 bcsId: 3054} | ret=SUCCESS |  
2019-08-21 02:17:26,281 | INFO  | DNAudit | user=null | ip=null | op=PUT_BLOCK {blockData=[blockId=conID: 3 locID: 102652565666005544 bcsId: 0,size=3145728]} | ret=SUCCESS |  
2019-08-21 02:17:26,281 [grpc-default-executor-3] INFO  client.GrpcClientProtocolClient (GrpcClientProtocolClient.java:onNext(255)) - client-54CC064C3FCE->8224e767-71c1-41fc-a01a-d172d48fd9d8: receive RaftClientReply:client-54CC064C3FCE->8224e767-71c1-41fc-a01a-d172d48fd9d8@group-F6B37CC92441, cid=2091, SUCCESS, logIndex=3059, commits[8224e767-71c1-41fc-a01a-d172d48fd9d8:c3060, 6eae0c21-01aa-4169-956f-5952b26ea7ba:c3058, 8d7dcba1-3b82-4d94-a832-514ef5c79cf8:c3058]
2019-08-21 02:17:26,282 [grpc-default-executor-3] INFO  client.GrpcClientProtocolClient (GrpcClientProtocolClient.java:onNext(255)) - client-54CC064C3FCE->8224e767-71c1-41fc-a01a-d172d48fd9d8: receive RaftClientReply:client-54CC064C3FCE->8224e767-71c1-41fc-a01a-d172d48fd9d8@group-F6B37CC92441, cid=2092, SUCCESS, logIndex=3060, commits[8224e767-71c1-41fc-a01a-d172d48fd9d8:c3060, 6eae0c21-01aa-4169-956f-5952b26ea7ba:c3058, 8d7dcba1-3b82-4d94-a832-514ef5c79cf8:c3058]
2019-08-21 02:17:26,288 | INFO  | DNAudit | user=null | ip=null | op=WRITE_CHUNK {blockData=conID: 3 locID: 102652565666005544 bcsId: 3060} | ret=SUCCESS |  
2019-08-21 02:17:26,290 | INFO  | DNAudit | user=null | ip=null | op=WRITE_CHUNK {blockData=conID: 3 locID: 102652565666005544 bcsId: 3060} | ret=SUCCESS |  
2019-08-21 02:17:26,290 | INFO  | DNAudit | user=null | ip=null | op=WRITE_CHUNK {blockData=conID: 3 locID: 102652565666005544 bcsId: 3060} | ret=SUCCESS |  
2019-08-21 02:17:26,292 | INFO  | DNAudit | user=null | ip=null | op=WRITE_CHUNK {blockData=conID: 3 locID: 102652565666005544 bcsId: 3054} | ret=SUCCESS |  
2019-08-21 02:17:26,293 | INFO  | DNAudit | user=null | ip=null | op=WRITE_CHUNK {blockData=conID: 3 locID: 102652565666005544 bcsId: 3054} | ret=SUCCESS |  
2019-08-21 02:17:26,295 | INFO  | DNAudit | user=null | ip=null | op=PUT_BLOCK {blockData=[blockId=conID: 3 locID: 102652565666005544 bcsId: 0,size=3145728]} | ret=SUCCESS |  
2019-08-21 02:17:26,295 | INFO  | DNAudit | user=null | ip=null | op=PUT_BLOCK {blockData=[blockId=conID: 3 locID: 102652565666005544 bcsId: 0,size=3145728]} | ret=SUCCESS |  
2019-08-21 02:17:26,296 | INFO  | DNAudit | user=null | ip=null | op=WRITE_CHUNK {blockData=conID: 3 locID: 102652565666005544 bcsId: 3060} | ret=SUCCESS |  
2019-08-21 02:17:26,296 | INFO  | DNAudit | user=null | ip=null | op=PUT_BLOCK {blockData=[blockId=conID: 3 locID: 102652565666005544 bcsId: 0,size=4194304]} | ret=SUCCESS |  
2019-08-21 02:17:26,296 [grpc-default-executor-2] INFO  client.GrpcClientProtocolClient (GrpcClientProtocolClient.java:onNext(255)) - client-54CC064C3FCE->8224e767-71c1-41fc-a01a-d172d48fd9d8: receive RaftClientReply:client-54CC064C3FCE->8224e767-71c1-41fc-a01a-d172d48fd9d8@group-F6B37CC92441, cid=2093, SUCCESS, logIndex=3063, commits[8224e767-71c1-41fc-a01a-d172d48fd9d8:c3064, 6eae0c21-01aa-4169-956f-5952b26ea7ba:c3060, 8d7dcba1-3b82-4d94-a832-514ef5c79cf8:c3060]
2019-08-21 02:17:26,297 [grpc-default-executor-2] INFO  client.GrpcClientProtocolClient (GrpcClientProtocolClient.java:onNext(255)) - client-54CC064C3FCE->8224e767-71c1-41fc-a01a-d172d48fd9d8: receive RaftClientReply:client-54CC064C3FCE->8224e767-71c1-41fc-a01a-d172d48fd9d8@group-F6B37CC92441, cid=2094, SUCCESS, logIndex=3064, commits[8224e767-71c1-41fc-a01a-d172d48fd9d8:c3064, 6eae0c21-01aa-4169-956f-5952b26ea7ba:c3060, 8d7dcba1-3b82-4d94-a832-514ef5c79cf8:c3060]
2019-08-21 02:17:26,308 | INFO  | DNAudit | user=null | ip=null | op=WRITE_CHUNK {blockData=conID: 3 locID: 102652565666005544 bcsId: 3060} | ret=SUCCESS |  
2019-08-21 02:17:26,308 | INFO  | DNAudit | user=null | ip=null | op=WRITE_CHUNK {blockData=conID: 3 locID: 102652565666005544 bcsId: 3060} | ret=SUCCESS |  
2019-08-21 02:17:26,308 | INFO  | DNAudit | user=null | ip=null | op=PUT_BLOCK {blockData=[blockId=conID: 3 locID: 102652565666005544 bcsId: 0,size=4194304]} | ret=SUCCESS |  
2019-08-21 02:17:26,308 | INFO  | DNAudit | user=null | ip=null | op=PUT_BLOCK {blockData=[blockId=conID: 3 locID: 102652565666005544 bcsId: 0,size=4194304]} | ret=SUCCESS |  
2019-08-21 02:17:26,308 [grpc-default-executor-2] INFO  client.GrpcClientProtocolClient (GrpcClientProtocolClient.java:onNext(255)) - client-54CC064C3FCE->8224e767-71c1-41fc-a01a-d172d48fd9d8: receive RaftClientReply:client-54CC064C3FCE->8224e767-71c1-41fc-a01a-d172d48fd9d8@group-F6B37CC92441, cid=2095, SUCCESS, logIndex=0, commits[8224e767-71c1-41fc-a01a-d172d48fd9d8:c3065, 6eae0c21-01aa-4169-956f-5952b26ea7ba:c3064, 8d7dcba1-3b82-4d94-a832-514ef5c79cf8:c3064]
2019-08-21 02:17:26,312 | INFO  | SCMAudit | user=jenkins1000 | ip=192.168.34.10 | op=ALLOCATE_BLOCK {owner=b6f66289-f2a0-4058-b052-0a85e40df67b, size=4194304, type=RATIS, factor=THREE} | ret=SUCCESS |  
2019-08-21 02:17:26,315 | INFO  | OMAudit | user=jenkins1000 | ip=127.0.0.1 | op=ALLOCATE_BLOCK {volume=vol-0-90982, bucket=bucket-0-24269, key=key-0-81262, dataSize=0, replicationType=null, replicationFactor=null, keyLocationInfo=null, clientID=102652564580991378} | ret=SUCCESS |  
2019-08-21 02:17:26,322 | INFO  | DNAudit | user=null | ip=null | op=WRITE_CHUNK {blockData=conID: 1 locID: 102652565671903785 bcsId: 0} | ret=SUCCESS |  
2019-08-21 02:17:26,325 | INFO  | DNAudit | user=null | ip=null | op=WRITE_CHUNK {blockData=conID: 1 locID: 102652565671903785 bcsId: 0} | ret=SUCCESS |  
2019-08-21 02:17:26,325 | INFO  | DNAudit | user=null | ip=null | op=WRITE_CHUNK {blockData=conID: 1 locID: 102652565671903785 bcsId: 0} | ret=SUCCESS |  
2019-08-21 02:17:26,325 | INFO  | DNAudit | user=null | ip=null | op=WRITE_CHUNK {blockData=conID: 1 locID: 102652565671903785 bcsId: 0} | ret=SUCCESS |  
2019-08-21 02:17:26,327 | INFO  | DNAudit | user=null | ip=null | op=WRITE_CHUNK {blockData=conID: 1 locID: 102652565671903785 bcsId: 0} | ret=SUCCESS |  
2019-08-21 02:17:26,327 | INFO  | DNAudit | user=null | ip=null | op=WRITE_CHUNK {blockData=conID: 1 locID: 102652565671903785 bcsId: 0} | ret=SUCCESS |  
2019-08-21 02:17:26,334 | INFO  | DNAudit | user=null | ip=null | op=WRITE_CHUNK {blockData=conID: 1 locID: 102652565671903785 bcsId: 0} | ret=SUCCESS |  
2019-08-21 02:17:26,335 | INFO  | DNAudit | user=null | ip=null | op=PUT_BLOCK {blockData=[blockId=conID: 1 locID: 102652565671903785 bcsId: 0,size=1048576]} | ret=SUCCESS |  
2019-08-21 02:17:26,335 [grpc-default-executor-3] INFO  client.GrpcClientProtocolClient (GrpcClientProtocolClient.java:onNext(255)) - client-54CC064C3FCE->8224e767-71c1-41fc-a01a-d172d48fd9d8: receive RaftClientReply:client-54CC064C3FCE->8224e767-71c1-41fc-a01a-d172d48fd9d8@group-F6B37CC92441, cid=2096, SUCCESS, logIndex=3067, commits[8224e767-71c1-41fc-a01a-d172d48fd9d8:c3068, 6eae0c21-01aa-4169-956f-5952b26ea7ba:c3066, 8d7dcba1-3b82-4d94-a832-514ef5c79cf8:c3066]
2019-08-21 02:17:26,335 | INFO  | DNAudit | user=null | ip=null | op=WRITE_CHUNK {blockData=conID: 1 locID: 102652565671903785 bcsId: 0} | ret=SUCCESS |  
2019-08-21 02:17:26,335 [grpc-default-executor-3] INFO  client.GrpcClientProtocolClient (GrpcClientProtocolClient.java:onNext(255)) - client-54CC064C3FCE->8224e767-71c1-41fc-a01a-d172d48fd9d8: receive RaftClientReply:client-54CC064C3FCE->8224e767-71c1-41fc-a01a-d172d48fd9d8@group-F6B37CC92441, cid=2097, SUCCESS, logIndex=3068, commits[8224e767-71c1-41fc-a01a-d172d48fd9d8:c3070, 6eae0c21-01aa-4169-956f-5952b26ea7ba:c3066, 8d7dcba1-3b82-4d94-a832-514ef5c79cf8:c3066]
2019-08-21 02:17:26,335 | INFO  | DNAudit | user=null | ip=null | op=PUT_BLOCK {blockData=[blockId=conID: 1 locID: 102652565671903785 bcsId: 0,size=2097152]} | ret=SUCCESS |  
2019-08-21 02:17:26,335 [grpc-default-executor-3] INFO  client.GrpcClientProtocolClient (GrpcClientProtocolClient.java:onNext(255)) - client-54CC064C3FCE->8224e767-71c1-41fc-a01a-d172d48fd9d8: receive RaftClientReply:client-54CC064C3FCE->8224e767-71c1-41fc-a01a-d172d48fd9d8@group-F6B37CC92441, cid=2098, SUCCESS, logIndex=3069, commits[8224e767-71c1-41fc-a01a-d172d48fd9d8:c3070, 6eae0c21-01aa-4169-956f-5952b26ea7ba:c3066, 8d7dcba1-3b82-4d94-a832-514ef5c79cf8:c3066]
2019-08-21 02:17:26,336 [grpc-default-executor-3] INFO  client.GrpcClientProtocolClient (GrpcClientProtocolClient.java:onNext(255)) - client-54CC064C3FCE->8224e767-71c1-41fc-a01a-d172d48fd9d8: receive RaftClientReply:client-54CC064C3FCE->8224e767-71c1-41fc-a01a-d172d48fd9d8@group-F6B37CC92441, cid=2099, SUCCESS, logIndex=3070, commits[8224e767-71c1-41fc-a01a-d172d48fd9d8:c3070, 6eae0c21-01aa-4169-956f-5952b26ea7ba:c3066, 8d7dcba1-3b82-4d94-a832-514ef5c79cf8:c3066]
2019-08-21 02:17:26,348 | INFO  | DNAudit | user=null | ip=null | op=WRITE_CHUNK {blockData=conID: 1 locID: 102652565671903785 bcsId: 0} | ret=SUCCESS |  
2019-08-21 02:17:26,348 | INFO  | DNAudit | user=null | ip=null | op=PUT_BLOCK {blockData=[blockId=conID: 1 locID: 102652565671903785 bcsId: 0,size=1048576]} | ret=SUCCESS |  
2019-08-21 02:17:26,348 | INFO  | DNAudit | user=null | ip=null | op=WRITE_CHUNK {blockData=conID: 1 locID: 102652565671903785 bcsId: 0} | ret=SUCCESS |  
2019-08-21 02:17:26,349 | INFO  | DNAudit | user=null | ip=null | op=PUT_BLOCK {blockData=[blockId=conID: 1 locID: 102652565671903785 bcsId: 0,size=1048576]} | ret=SUCCESS |  
2019-08-21 02:17:26,349 | INFO  | DNAudit | user=null | ip=null | op=WRITE_CHUNK {blockData=conID: 1 locID: 102652565671903785 bcsId: 0} | ret=SUCCESS |  
2019-08-21 02:17:26,349 | INFO  | DNAudit | user=null | ip=null | op=WRITE_CHUNK {blockData=conID: 1 locID: 102652565671903785 bcsId: 0} | ret=SUCCESS |  
2019-08-21 02:17:26,349 | INFO  | DNAudit | user=null | ip=null | op=PUT_BLOCK {blockData=[blockId=conID: 1 locID: 102652565671903785 bcsId: 0,size=2097152]} | ret=SUCCESS |  
2019-08-21 02:17:26,349 | INFO  | DNAudit | user=null | ip=null | op=PUT_BLOCK {blockData=[blockId=conID: 1 locID: 102652565671903785 bcsId: 0,size=2097152]} | ret=SUCCESS |  
2019-08-21 02:17:26,349 [grpc-default-executor-3] INFO  client.GrpcClientProtocolClient (GrpcClientProtocolClient.java:onNext(255)) - client-54CC064C3FCE->8224e767-71c1-41fc-a01a-d172d48fd9d8: receive RaftClientReply:client-54CC064C3FCE->8224e767-71c1-41fc-a01a-d172d48fd9d8@group-F6B37CC92441, cid=2100, SUCCESS, logIndex=0, commits[8224e767-71c1-41fc-a01a-d172d48fd9d8:c3071, 6eae0c21-01aa-4169-956f-5952b26ea7ba:c3068, 8d7dcba1-3b82-4d94-a832-514ef5c79cf8:c3068]
2019-08-21 02:17:26,356 | INFO  | DNAudit | user=null | ip=null | op=WRITE_CHUNK {blockData=conID: 1 locID: 102652565671903785 bcsId: 3070} | ret=SUCCESS |  
2019-08-21 02:17:26,358 | INFO  | DNAudit | user=null | ip=null | op=WRITE_CHUNK {blockData=conID: 1 locID: 102652565671903785 bcsId: 3070} | ret=SUCCESS |  
2019-08-21 02:17:26,358 | INFO  | DNAudit | user=null | ip=null | op=WRITE_CHUNK {blockData=conID: 1 locID: 102652565671903785 bcsId: 3070} | ret=SUCCESS |  
2019-08-21 02:17:26,368 | INFO  | DNAudit | user=null | ip=null | op=WRITE_CHUNK {blockData=conID: 1 locID: 102652565671903785 bcsId: 3070} | ret=SUCCESS |  
2019-08-21 02:17:26,369 | INFO  | DNAudit | user=null | ip=null | op=PUT_BLOCK {blockData=[blockId=conID: 1 locID: 102652565671903785 bcsId: 0,size=3145728]} | ret=SUCCESS |  
2019-08-21 02:17:26,369 [grpc-default-executor-3] INFO  client.GrpcClientProtocolClient (GrpcClientProtocolClient.java:onNext(255)) - client-54CC064C3FCE->8224e767-71c1-41fc-a01a-d172d48fd9d8: receive RaftClientReply:client-54CC064C3FCE->8224e767-71c1-41fc-a01a-d172d48fd9d8@group-F6B37CC92441, cid=2101, SUCCESS, logIndex=3075, commits[8224e767-71c1-41fc-a01a-d172d48fd9d8:c3076, 6eae0c21-01aa-4169-956f-5952b26ea7ba:c3074, 8d7dcba1-3b82-4d94-a832-514ef5c79cf8:c3074]
2019-08-21 02:17:26,369 [grpc-default-executor-3] INFO  client.GrpcClientProtocolClient (GrpcClientProtocolClient.java:onNext(255)) - client-54CC064C3FCE->8224e767-71c1-41fc-a01a-d172d48fd9d8: receive RaftClientReply:client-54CC064C3FCE->8224e767-71c1-41fc-a01a-d172d48fd9d8@group-F6B37CC92441, cid=2102, SUCCESS, logIndex=3076, commits[8224e767-71c1-41fc-a01a-d172d48fd9d8:c3076, 6eae0c21-01aa-4169-956f-5952b26ea7ba:c3074, 8d7dcba1-3b82-4d94-a832-514ef5c79cf8:c3074]
2019-08-21 02:17:26,376 | INFO  | DNAudit | user=null | ip=null | op=WRITE_CHUNK {blockData=conID: 1 locID: 102652565671903785 bcsId: 3076} | ret=SUCCESS |  
2019-08-21 02:17:26,378 | INFO  | DNAudit | user=null | ip=null | op=WRITE_CHUNK {blockData=conID: 1 locID: 102652565671903785 bcsId: 3076} | ret=SUCCESS |  
2019-08-21 02:17:26,378 | INFO  | DNAudit | user=null | ip=null | op=WRITE_CHUNK {blockData=conID: 1 locID: 102652565671903785 bcsId: 3076} | ret=SUCCESS |  
2019-08-21 02:17:26,380 | INFO  | DNAudit | user=null | ip=null | op=WRITE_CHUNK {blockData=conID: 1 locID: 102652565671903785 bcsId: 3070} | ret=SUCCESS |  
2019-08-21 02:17:26,380 | INFO  | DNAudit | user=null | ip=null | op=WRITE_CHUNK {blockData=conID: 1 locID: 102652565671903785 bcsId: 3070} | ret=SUCCESS |  
2019-08-21 02:17:26,382 | INFO  | DNAudit | user=null | ip=null | op=PUT_BLOCK {blockData=[blockId=conID: 1 locID: 102652565671903785 bcsId: 0,size=3145728]} | ret=SUCCESS |  
2019-08-21 02:17:26,383 | INFO  | DNAudit | user=null | ip=null | op=PUT_BLOCK {blockData=[blockId=conID: 1 locID: 102652565671903785 bcsId: 0,size=3145728]} | ret=SUCCESS |  
2019-08-21 02:17:26,383 | INFO  | DNAudit | user=null | ip=null | op=WRITE_CHUNK {blockData=conID: 1 locID: 102652565671903785 bcsId: 3076} | ret=SUCCESS |  
2019-08-21 02:17:26,383 | INFO  | DNAudit | user=null | ip=null | op=PUT_BLOCK {blockData=[blockId=conID: 1 locID: 102652565671903785 bcsId: 0,size=4194304]} | ret=SUCCESS |  
2019-08-21 02:17:26,383 [grpc-default-executor-0] INFO  client.GrpcClientProtocolClient (GrpcClientProtocolClient.java:onNext(255)) - client-54CC064C3FCE->8224e767-71c1-41fc-a01a-d172d48fd9d8: receive RaftClientReply:client-54CC064C3FCE->8224e767-71c1-41fc-a01a-d172d48fd9d8@group-F6B37CC92441, cid=2103, SUCCESS, logIndex=3079, commits[8224e767-71c1-41fc-a01a-d172d48fd9d8:c3080, 6eae0c21-01aa-4169-956f-5952b26ea7ba:c3076, 8d7dcba1-3b82-4d94-a832-514ef5c79cf8:c3076]
2019-08-21 02:17:26,384 [grpc-default-executor-0] INFO  client.GrpcClientProtocolClient (GrpcClientProtocolClient.java:onNext(255)) - client-54CC064C3FCE->8224e767-71c1-41fc-a01a-d172d48fd9d8: receive RaftClientReply:client-54CC064C3FCE->8224e767-71c1-41fc-a01a-d172d48fd9d8@group-F6B37CC92441, cid=2104, SUCCESS, logIndex=3080, commits[8224e767-71c1-41fc-a01a-d172d48fd9d8:c3080, 6eae0c21-01aa-4169-956f-5952b26ea7ba:c3076, 8d7dcba1-3b82-4d94-a832-514ef5c79cf8:c3076]
2019-08-21 02:17:26,394 | INFO  | DNAudit | user=null | ip=null | op=WRITE_CHUNK {blockData=conID: 1 locID: 102652565671903785 bcsId: 3076} | ret=SUCCESS |  
2019-08-21 02:17:26,394 | INFO  | DNAudit | user=null | ip=null | op=WRITE_CHUNK {blockData=conID: 1 locID: 102652565671903785 bcsId: 3076} | ret=SUCCESS |  
2019-08-21 02:17:26,397 | INFO  | DNAudit | user=null | ip=null | op=PUT_BLOCK {blockData=[blockId=conID: 1 locID: 102652565671903785 bcsId: 0,size=4194304]} | ret=SUCCESS |  
2019-08-21 02:17:26,397 | INFO  | DNAudit | user=null | ip=null | op=PUT_BLOCK {blockData=[blockId=conID: 1 locID: 102652565671903785 bcsId: 0,size=4194304]} | ret=SUCCESS |  
2019-08-21 02:17:26,398 [grpc-default-executor-2] INFO  client.GrpcClientProtocolClient (GrpcClientProtocolClient.java:onNext(255)) - client-54CC064C3FCE->8224e767-71c1-41fc-a01a-d172d48fd9d8: receive RaftClientReply:client-54CC064C3FCE->8224e767-71c1-41fc-a01a-d172d48fd9d8@group-F6B37CC92441, cid=2105, SUCCESS, logIndex=0, commits[8224e767-71c1-41fc-a01a-d172d48fd9d8:c3082, 6eae0c21-01aa-4169-956f-5952b26ea7ba:c3080, 8d7dcba1-3b82-4d94-a832-514ef5c79cf8:c3080]
2019-08-21 02:17:26,402 | INFO  | SCMAudit | user=jenkins1000 | ip=192.168.34.10 | op=ALLOCATE_BLOCK {owner=b6f66289-f2a0-4058-b052-0a85e40df67b, size=4194304, type=RATIS, factor=THREE} | ret=SUCCESS |  
2019-08-21 02:17:26,404 | INFO  | OMAudit | user=jenkins1000 | ip=127.0.0.1 | op=ALLOCATE_BLOCK {volume=vol-0-90982, bucket=bucket-0-24269, key=key-0-81262, dataSize=0, replicationType=null, replicationFactor=null, keyLocationInfo=null, clientID=102652564580991378} | ret=SUCCESS |  
2019-08-21 02:17:26,411 | INFO  | DNAudit | user=null | ip=null | op=WRITE_CHUNK {blockData=conID: 2 locID: 102652565677802026 bcsId: 0} | ret=SUCCESS |  
2019-08-21 02:17:26,414 | INFO  | DNAudit | user=null | ip=null | op=WRITE_CHUNK {blockData=conID: 2 locID: 102652565677802026 bcsId: 0} | ret=SUCCESS |  
2019-08-21 02:17:26,414 | INFO  | DNAudit | user=null | ip=null | op=WRITE_CHUNK {blockData=conID: 2 locID: 102652565677802026 bcsId: 0} | ret=SUCCESS |  
2019-08-21 02:17:26,415 | INFO  | DNAudit | user=null | ip=null | op=WRITE_CHUNK {blockData=conID: 2 locID: 102652565677802026 bcsId: 0} | ret=SUCCESS |  
2019-08-21 02:17:26,416 | INFO  | DNAudit | user=null | ip=null | op=WRITE_CHUNK {blockData=conID: 2 locID: 102652565677802026 bcsId: 0} | ret=SUCCESS |  
2019-08-21 02:17:26,416 | INFO  | DNAudit | user=null | ip=null | op=WRITE_CHUNK {blockData=conID: 2 locID: 102652565677802026 bcsId: 0} | ret=SUCCESS |  
2019-08-21 02:17:26,436 | INFO  | DNAudit | user=null | ip=null | op=WRITE_CHUNK {blockData=conID: 2 locID: 102652565677802026 bcsId: 0} | ret=SUCCESS |  
2019-08-21 02:17:26,437 | INFO  | DNAudit | user=null | ip=null | op=PUT_BLOCK {blockData=[blockId=conID: 2 locID: 102652565677802026 bcsId: 0,size=1048576]} | ret=SUCCESS |  
2019-08-21 02:17:26,437 | INFO  | DNAudit | user=null | ip=null | op=WRITE_CHUNK {blockData=conID: 2 locID: 102652565677802026 bcsId: 0} | ret=SUCCESS |  
2019-08-21 02:17:26,437 [grpc-default-executor-3] INFO  client.GrpcClientProtocolClient (GrpcClientProtocolClient.java:onNext(255)) - client-54CC064C3FCE->8224e767-71c1-41fc-a01a-d172d48fd9d8: receive RaftClientReply:client-54CC064C3FCE->8224e767-71c1-41fc-a01a-d172d48fd9d8@group-F6B37CC92441, cid=2106, SUCCESS, logIndex=3083, commits[8224e767-71c1-41fc-a01a-d172d48fd9d8:c3084, 6eae0c21-01aa-4169-956f-5952b26ea7ba:c3082, 8d7dcba1-3b82-4d94-a832-514ef5c79cf8:c3082]
2019-08-21 02:17:26,438 | INFO  | DNAudit | user=null | ip=null | op=PUT_BLOCK {blockData=[blockId=conID: 2 locID: 102652565677802026 bcsId: 0,size=2097152]} | ret=SUCCESS |  
2019-08-21 02:17:26,438 [grpc-default-executor-3] INFO  client.GrpcClientProtocolClient (GrpcClientProtocolClient.java:onNext(255)) - client-54CC064C3FCE->8224e767-71c1-41fc-a01a-d172d48fd9d8: receive RaftClientReply:client-54CC064C3FCE->8224e767-71c1-41fc-a01a-d172d48fd9d8@group-F6B37CC92441, cid=2107, SUCCESS, logIndex=3084, commits[8224e767-71c1-41fc-a01a-d172d48fd9d8:c3086, 6eae0c21-01aa-4169-956f-5952b26ea7ba:c3082, 8d7dcba1-3b82-4d94-a832-514ef5c79cf8:c3082]
2019-08-21 02:17:26,438 | INFO  | DNAudit | user=null | ip=null | op=WRITE_CHUNK {blockData=conID: 2 locID: 102652565677802026 bcsId: 0} | ret=SUCCESS |  
2019-08-21 02:17:26,438 | INFO  | DNAudit | user=null | ip=null | op=PUT_BLOCK {blockData=[blockId=conID: 2 locID: 102652565677802026 bcsId: 0,size=1048576]} | ret=SUCCESS |  
2019-08-21 02:17:26,439 | INFO  | DNAudit | user=null | ip=null | op=WRITE_CHUNK {blockData=conID: 2 locID: 102652565677802026 bcsId: 0} | ret=SUCCESS |  
2019-08-21 02:17:26,439 [grpc-default-executor-3] INFO  client.GrpcClientProtocolClient (GrpcClientProtocolClient.java:onNext(255)) - client-54CC064C3FCE->8224e767-71c1-41fc-a01a-d172d48fd9d8: receive RaftClientReply:client-54CC064C3FCE->8224e767-71c1-41fc-a01a-d172d48fd9d8@group-F6B37CC92441, cid=2108, SUCCESS, logIndex=3085, commits[8224e767-71c1-41fc-a01a-d172d48fd9d8:c3086, 6eae0c21-01aa-4169-956f-5952b26ea7ba:c3082, 8d7dcba1-3b82-4d94-a832-514ef5c79cf8:c3082]
2019-08-21 02:17:26,439 | INFO  | DNAudit | user=null | ip=null | op=PUT_BLOCK {blockData=[blockId=conID: 2 locID: 102652565677802026 bcsId: 0,size=1048576]} | ret=SUCCESS |  
2019-08-21 02:17:26,439 [grpc-default-executor-1] INFO  client.GrpcClientProtocolClient (GrpcClientProtocolClient.java:onNext(255)) - client-54CC064C3FCE->8224e767-71c1-41fc-a01a-d172d48fd9d8: receive RaftClientReply:client-54CC064C3FCE->8224e767-71c1-41fc-a01a-d172d48fd9d8@group-F6B37CC92441, cid=2109, SUCCESS, logIndex=3086, commits[8224e767-71c1-41fc-a01a-d172d48fd9d8:c3086, 6eae0c21-01aa-4169-956f-5952b26ea7ba:c3082, 8d7dcba1-3b82-4d94-a832-514ef5c79cf8:c3082]
2019-08-21 02:17:26,439 | INFO  | DNAudit | user=null | ip=null | op=WRITE_CHUNK {blockData=conID: 2 locID: 102652565677802026 bcsId: 0} | ret=SUCCESS |  
2019-08-21 02:17:26,439 | INFO  | DNAudit | user=null | ip=null | op=PUT_BLOCK {blockData=[blockId=conID: 2 locID: 102652565677802026 bcsId: 0,size=2097152]} | ret=SUCCESS |  
2019-08-21 02:17:26,440 | INFO  | DNAudit | user=null | ip=null | op=WRITE_CHUNK {blockData=conID: 2 locID: 102652565677802026 bcsId: 0} | ret=SUCCESS |  
2019-08-21 02:17:26,440 | INFO  | DNAudit | user=null | ip=null | op=PUT_BLOCK {blockData=[blockId=conID: 2 locID: 102652565677802026 bcsId: 0,size=2097152]} | ret=SUCCESS |  
2019-08-21 02:17:26,440 [grpc-default-executor-3] INFO  client.GrpcClientProtocolClient (GrpcClientProtocolClient.java:onNext(255)) - client-54CC064C3FCE->8224e767-71c1-41fc-a01a-d172d48fd9d8: receive RaftClientReply:client-54CC064C3FCE->8224e767-71c1-41fc-a01a-d172d48fd9d8@group-F6B37CC92441, cid=2110, SUCCESS, logIndex=0, commits[8224e767-71c1-41fc-a01a-d172d48fd9d8:c3090, 6eae0c21-01aa-4169-956f-5952b26ea7ba:c3086, 8d7dcba1-3b82-4d94-a832-514ef5c79cf8:c3084]
2019-08-21 02:17:26,447 | INFO  | DNAudit | user=null | ip=null | op=WRITE_CHUNK {blockData=conID: 2 locID: 102652565677802026 bcsId: 3086} | ret=SUCCESS |  
2019-08-21 02:17:26,450 | INFO  | DNAudit | user=null | ip=null | op=WRITE_CHUNK {blockData=conID: 2 locID: 102652565677802026 bcsId: 3086} | ret=SUCCESS |  
2019-08-21 02:17:26,450 | INFO  | DNAudit | user=null | ip=null | op=WRITE_CHUNK {blockData=conID: 2 locID: 102652565677802026 bcsId: 3086} | ret=SUCCESS |  
2019-08-21 02:17:26,460 | INFO  | DNAudit | user=null | ip=null | op=WRITE_CHUNK {blockData=conID: 2 locID: 102652565677802026 bcsId: 3086} | ret=SUCCESS |  
2019-08-21 02:17:26,460 | INFO  | DNAudit | user=null | ip=null | op=PUT_BLOCK {blockData=[blockId=conID: 2 locID: 102652565677802026 bcsId: 0,size=3145728]} | ret=SUCCESS |  
2019-08-21 02:17:26,460 [grpc-default-executor-1] INFO  client.GrpcClientProtocolClient (GrpcClientProtocolClient.java:onNext(255)) - client-54CC064C3FCE->8224e767-71c1-41fc-a01a-d172d48fd9d8: receive RaftClientReply:client-54CC064C3FCE->8224e767-71c1-41fc-a01a-d172d48fd9d8@group-F6B37CC92441, cid=2111, SUCCESS, logIndex=3091, commits[8224e767-71c1-41fc-a01a-d172d48fd9d8:c3091, 6eae0c21-01aa-4169-956f-5952b26ea7ba:c3090, 8d7dcba1-3b82-4d94-a832-514ef5c79cf8:c3090]
2019-08-21 02:17:26,461 [grpc-default-executor-1] INFO  client.GrpcClientProtocolClient (GrpcClientProtocolClient.java:onNext(255)) - client-54CC064C3FCE->8224e767-71c1-41fc-a01a-d172d48fd9d8: receive RaftClientReply:client-54CC064C3FCE->8224e767-71c1-41fc-a01a-d172d48fd9d8@group-F6B37CC92441, cid=2112, SUCCESS, logIndex=3092, commits[8224e767-71c1-41fc-a01a-d172d48fd9d8:c3092, 6eae0c21-01aa-4169-956f-5952b26ea7ba:c3090, 8d7dcba1-3b82-4d94-a832-514ef5c79cf8:c3090]
2019-08-21 02:17:26,467 | INFO  | DNAudit | user=null | ip=null | op=WRITE_CHUNK {blockData=conID: 2 locID: 102652565677802026 bcsId: 3092} | ret=SUCCESS |  
2019-08-21 02:17:26,470 | INFO  | DNAudit | user=null | ip=null | op=WRITE_CHUNK {blockData=conID: 2 locID: 102652565677802026 bcsId: 3092} | ret=SUCCESS |  
2019-08-21 02:17:26,470 | INFO  | DNAudit | user=null | ip=null | op=WRITE_CHUNK {blockData=conID: 2 locID: 102652565677802026 bcsId: 3092} | ret=SUCCESS |  
2019-08-21 02:17:26,471 | INFO  | DNAudit | user=null | ip=null | op=WRITE_CHUNK {blockData=conID: 2 locID: 102652565677802026 bcsId: 3086} | ret=SUCCESS |  
2019-08-21 02:17:26,471 | INFO  | DNAudit | user=null | ip=null | op=WRITE_CHUNK {blockData=conID: 2 locID: 102652565677802026 bcsId: 3086} | ret=SUCCESS |  
2019-08-21 02:17:26,474 | INFO  | DNAudit | user=null | ip=null | op=PUT_BLOCK {blockData=[blockId=conID: 2 locID: 102652565677802026 bcsId: 0,size=3145728]} | ret=SUCCESS |  
2019-08-21 02:17:26,474 | INFO  | DNAudit | user=null | ip=null | op=PUT_BLOCK {blockData=[blockId=conID: 2 locID: 102652565677802026 bcsId: 0,size=3145728]} | ret=SUCCESS |  
2019-08-21 02:17:26,474 | INFO  | DNAudit | user=null | ip=null | op=WRITE_CHUNK {blockData=conID: 2 locID: 102652565677802026 bcsId: 3092} | ret=SUCCESS |  
2019-08-21 02:17:26,475 | INFO  | DNAudit | user=null | ip=null | op=PUT_BLOCK {blockData=[blockId=conID: 2 locID: 102652565677802026 bcsId: 0,size=4194304]} | ret=SUCCESS |  
2019-08-21 02:17:26,475 [grpc-default-executor-2] INFO  client.GrpcClientProtocolClient (GrpcClientProtocolClient.java:onNext(255)) - client-54CC064C3FCE->8224e767-71c1-41fc-a01a-d172d48fd9d8: receive RaftClientReply:client-54CC064C3FCE->8224e767-71c1-41fc-a01a-d172d48fd9d8@group-F6B37CC92441, cid=2113, SUCCESS, logIndex=3095, commits[8224e767-71c1-41fc-a01a-d172d48fd9d8:c3095, 6eae0c21-01aa-4169-956f-5952b26ea7ba:c3092, 8d7dcba1-3b82-4d94-a832-514ef5c79cf8:c3092]
2019-08-21 02:17:26,475 [grpc-default-executor-2] INFO  client.GrpcClientProtocolClient (GrpcClientProtocolClient.java:onNext(255)) - client-54CC064C3FCE->8224e767-71c1-41fc-a01a-d172d48fd9d8: receive RaftClientReply:client-54CC064C3FCE->8224e767-71c1-41fc-a01a-d172d48fd9d8@group-F6B37CC92441, cid=2114, SUCCESS, logIndex=3096, commits[8224e767-71c1-41fc-a01a-d172d48fd9d8:c3096, 6eae0c21-01aa-4169-956f-5952b26ea7ba:c3092, 8d7dcba1-3b82-4d94-a832-514ef5c79cf8:c3092]
2019-08-21 02:17:26,486 | INFO  | DNAudit | user=null | ip=null | op=WRITE_CHUNK {blockData=conID: 2 locID: 102652565677802026 bcsId: 3092} | ret=SUCCESS |  
2019-08-21 02:17:26,486 | INFO  | DNAudit | user=null | ip=null | op=WRITE_CHUNK {blockData=conID: 2 locID: 102652565677802026 bcsId: 3092} | ret=SUCCESS |  
2019-08-21 02:17:26,489 | INFO  | DNAudit | user=null | ip=null | op=PUT_BLOCK {blockData=[blockId=conID: 2 locID: 102652565677802026 bcsId: 0,size=4194304]} | ret=SUCCESS |  
2019-08-21 02:17:26,489 | INFO  | DNAudit | user=null | ip=null | op=PUT_BLOCK {blockData=[blockId=conID: 2 locID: 102652565677802026 bcsId: 0,size=4194304]} | ret=SUCCESS |  
2019-08-21 02:17:26,490 [grpc-default-executor-2] INFO  client.GrpcClientProtocolClient (GrpcClientProtocolClient.java:onNext(255)) - client-54CC064C3FCE->8224e767-71c1-41fc-a01a-d172d48fd9d8: receive RaftClientReply:client-54CC064C3FCE->8224e767-71c1-41fc-a01a-d172d48fd9d8@group-F6B37CC92441, cid=2115, SUCCESS, logIndex=0, commits[8224e767-71c1-41fc-a01a-d172d48fd9d8:c3098, 6eae0c21-01aa-4169-956f-5952b26ea7ba:c3096, 8d7dcba1-3b82-4d94-a832-514ef5c79cf8:c3096]
2019-08-21 02:17:26,495 | INFO  | SCMAudit | user=jenkins1000 | ip=192.168.34.10 | op=ALLOCATE_BLOCK {owner=b6f66289-f2a0-4058-b052-0a85e40df67b, size=4194304, type=RATIS, factor=THREE} | ret=SUCCESS |  
2019-08-21 02:17:26,498 | INFO  | OMAudit | user=jenkins1000 | ip=127.0.0.1 | op=ALLOCATE_BLOCK {volume=vol-0-90982, bucket=bucket-0-24269, key=key-0-81262, dataSize=0, replicationType=null, replicationFactor=null, keyLocationInfo=null, clientID=102652564580991378} | ret=SUCCESS |  
2019-08-21 02:17:26,505 | INFO  | DNAudit | user=null | ip=null | op=WRITE_CHUNK {blockData=conID: 3 locID: 102652565683896875 bcsId: 0} | ret=SUCCESS |  
2019-08-21 02:17:26,508 | INFO  | DNAudit | user=null | ip=null | op=WRITE_CHUNK {blockData=conID: 3 locID: 102652565683896875 bcsId: 0} | ret=SUCCESS |  
2019-08-21 02:17:26,509 | INFO  | DNAudit | user=null | ip=null | op=WRITE_CHUNK {blockData=conID: 3 locID: 102652565683896875 bcsId: 0} | ret=SUCCESS |  
2019-08-21 02:17:26,509 | INFO  | DNAudit | user=null | ip=null | op=WRITE_CHUNK {blockData=conID: 3 locID: 102652565683896875 bcsId: 0} | ret=SUCCESS |  
2019-08-21 02:17:26,510 | INFO  | DNAudit | user=null | ip=null | op=WRITE_CHUNK {blockData=conID: 3 locID: 102652565683896875 bcsId: 0} | ret=SUCCESS |  
2019-08-21 02:17:26,511 | INFO  | DNAudit | user=null | ip=null | op=WRITE_CHUNK {blockData=conID: 3 locID: 102652565683896875 bcsId: 0} | ret=SUCCESS |  
2019-08-21 02:17:26,518 | INFO  | DNAudit | user=null | ip=null | op=WRITE_CHUNK {blockData=conID: 3 locID: 102652565683896875 bcsId: 0} | ret=SUCCESS |  
2019-08-21 02:17:26,519 | INFO  | DNAudit | user=null | ip=null | op=PUT_BLOCK {blockData=[blockId=conID: 3 locID: 102652565683896875 bcsId: 0,size=1048576]} | ret=SUCCESS |  
2019-08-21 02:17:26,519 [grpc-default-executor-1] INFO  client.GrpcClientProtocolClient (GrpcClientProtocolClient.java:onNext(255)) - client-54CC064C3FCE->8224e767-71c1-41fc-a01a-d172d48fd9d8: receive RaftClientReply:client-54CC064C3FCE->8224e767-71c1-41fc-a01a-d172d48fd9d8@group-F6B37CC92441, cid=2116, SUCCESS, logIndex=3099, commits[8224e767-71c1-41fc-a01a-d172d48fd9d8:c3100, 6eae0c21-01aa-4169-956f-5952b26ea7ba:c3098, 8d7dcba1-3b82-4d94-a832-514ef5c79cf8:c3098]
2019-08-21 02:17:26,519 | INFO  | DNAudit | user=null | ip=null | op=WRITE_CHUNK {blockData=conID: 3 locID: 102652565683896875 bcsId: 0} | ret=SUCCESS |  
2019-08-21 02:17:26,519 [grpc-default-executor-1] INFO  client.GrpcClientProtocolClient (GrpcClientProtocolClient.java:onNext(255)) - client-54CC064C3FCE->8224e767-71c1-41fc-a01a-d172d48fd9d8: receive RaftClientReply:client-54CC064C3FCE->8224e767-71c1-41fc-a01a-d172d48fd9d8@group-F6B37CC92441, cid=2117, SUCCESS, logIndex=3100, commits[8224e767-71c1-41fc-a01a-d172d48fd9d8:c3102, 6eae0c21-01aa-4169-956f-5952b26ea7ba:c3098, 8d7dcba1-3b82-4d94-a832-514ef5c79cf8:c3098]
2019-08-21 02:17:26,520 | INFO  | DNAudit | user=null | ip=null | op=PUT_BLOCK {blockData=[blockId=conID: 3 locID: 102652565683896875 bcsId: 0,size=2097152]} | ret=SUCCESS |  
2019-08-21 02:17:26,520 [grpc-default-executor-1] INFO  client.GrpcClientProtocolClient (GrpcClientProtocolClient.java:onNext(255)) - client-54CC064C3FCE->8224e767-71c1-41fc-a01a-d172d48fd9d8: receive RaftClientReply:client-54CC064C3FCE->8224e767-71c1-41fc-a01a-d172d48fd9d8@group-F6B37CC92441, cid=2118, SUCCESS, logIndex=3101, commits[8224e767-71c1-41fc-a01a-d172d48fd9d8:c3102, 6eae0c21-01aa-4169-956f-5952b26ea7ba:c3098, 8d7dcba1-3b82-4d94-a832-514ef5c79cf8:c3098]
2019-08-21 02:17:26,520 [grpc-default-executor-1] INFO  client.GrpcClientProtocolClient (GrpcClientProtocolClient.java:onNext(255)) - client-54CC064C3FCE->8224e767-71c1-41fc-a01a-d172d48fd9d8: receive RaftClientReply:client-54CC064C3FCE->8224e767-71c1-41fc-a01a-d172d48fd9d8@group-F6B37CC92441, cid=2119, SUCCESS, logIndex=3102, commits[8224e767-71c1-41fc-a01a-d172d48fd9d8:c3102, 6eae0c21-01aa-4169-956f-5952b26ea7ba:c3098, 8d7dcba1-3b82-4d94-a832-514ef5c79cf8:c3098]
2019-08-21 02:17:26,522 | INFO  | DNAudit | user=null | ip=null | op=WRITE_CHUNK {blockData=conID: 3 locID: 102652565683896875 bcsId: 0} | ret=SUCCESS |  
2019-08-21 02:17:26,522 | INFO  | DNAudit | user=null | ip=null | op=WRITE_CHUNK {blockData=conID: 3 locID: 102652565683896875 bcsId: 0} | ret=SUCCESS |  
2019-08-21 02:17:26,522 | INFO  | DNAudit | user=null | ip=null | op=PUT_BLOCK {blockData=[blockId=conID: 3 locID: 102652565683896875 bcsId: 0,size=1048576]} | ret=SUCCESS |  
2019-08-21 02:17:26,522 | INFO  | DNAudit | user=null | ip=null | op=PUT_BLOCK {blockData=[blockId=conID: 3 locID: 102652565683896875 bcsId: 0,size=1048576]} | ret=SUCCESS |  
2019-08-21 02:17:26,522 [grpc-default-executor-1] INFO  client.GrpcClientProtocolClient (GrpcClientProtocolClient.java:onNext(255)) - client-54CC064C3FCE->8224e767-71c1-41fc-a01a-d172d48fd9d8: receive RaftClientReply:client-54CC064C3FCE->8224e767-71c1-41fc-a01a-d172d48fd9d8@group-F6B37CC92441, cid=2120, SUCCESS, logIndex=0, commits[8224e767-71c1-41fc-a01a-d172d48fd9d8:c3103, 6eae0c21-01aa-4169-956f-5952b26ea7ba:c3100, 8d7dcba1-3b82-4d94-a832-514ef5c79cf8:c3100]
2019-08-21 02:17:26,529 | INFO  | DNAudit | user=null | ip=null | op=WRITE_CHUNK {blockData=conID: 3 locID: 102652565683896875 bcsId: 3102} | ret=SUCCESS |  
2019-08-21 02:17:26,531 | INFO  | DNAudit | user=null | ip=null | op=WRITE_CHUNK {blockData=conID: 3 locID: 102652565683896875 bcsId: 3102} | ret=SUCCESS |  
2019-08-21 02:17:26,531 | INFO  | DNAudit | user=null | ip=null | op=WRITE_CHUNK {blockData=conID: 3 locID: 102652565683896875 bcsId: 3102} | ret=SUCCESS |  
2019-08-21 02:17:26,533 | INFO  | DNAudit | user=null | ip=null | op=WRITE_CHUNK {blockData=conID: 3 locID: 102652565683896875 bcsId: 0} | ret=SUCCESS |  
2019-08-21 02:17:26,533 | INFO  | DNAudit | user=null | ip=null | op=WRITE_CHUNK {blockData=conID: 3 locID: 102652565683896875 bcsId: 0} | ret=SUCCESS |  
2019-08-21 02:17:26,534 | INFO  | DNAudit | user=null | ip=null | op=PUT_BLOCK {blockData=[blockId=conID: 3 locID: 102652565683896875 bcsId: 0,size=2097152]} | ret=SUCCESS |  
2019-08-21 02:17:26,534 | INFO  | DNAudit | user=null | ip=null | op=PUT_BLOCK {blockData=[blockId=conID: 3 locID: 102652565683896875 bcsId: 0,size=2097152]} | ret=SUCCESS |  
2019-08-21 02:17:26,535 | INFO  | DNAudit | user=null | ip=null | op=WRITE_CHUNK {blockData=conID: 3 locID: 102652565683896875 bcsId: 3102} | ret=SUCCESS |  
2019-08-21 02:17:26,535 | INFO  | DNAudit | user=null | ip=null | op=PUT_BLOCK {blockData=[blockId=conID: 3 locID: 102652565683896875 bcsId: 0,size=3145728]} | ret=SUCCESS |  
2019-08-21 02:17:26,535 [grpc-default-executor-1] INFO  client.GrpcClientProtocolClient (GrpcClientProtocolClient.java:onNext(255)) - client-54CC064C3FCE->8224e767-71c1-41fc-a01a-d172d48fd9d8: receive RaftClientReply:client-54CC064C3FCE->8224e767-71c1-41fc-a01a-d172d48fd9d8@group-F6B37CC92441, cid=2121, SUCCESS, logIndex=3106, commits[8224e767-71c1-41fc-a01a-d172d48fd9d8:c3107, 6eae0c21-01aa-4169-956f-5952b26ea7ba:c3102, 8d7dcba1-3b82-4d94-a832-514ef5c79cf8:c3103]
2019-08-21 02:17:26,536 [grpc-default-executor-1] INFO  client.GrpcClientProtocolClient (GrpcClientProtocolClient.java:onNext(255)) - client-54CC064C3FCE->8224e767-71c1-41fc-a01a-d172d48fd9d8: receive RaftClientReply:client-54CC064C3FCE->8224e767-71c1-41fc-a01a-d172d48fd9d8@group-F6B37CC92441, cid=2122, SUCCESS, logIndex=3107, commits[8224e767-71c1-41fc-a01a-d172d48fd9d8:c3107, 6eae0c21-01aa-4169-956f-5952b26ea7ba:c3103, 8d7dcba1-3b82-4d94-a832-514ef5c79cf8:c3103]
2019-08-21 02:17:26,536 | INFO  | DNAudit | user=null | ip=null | op=WRITE_CHUNK {blockData=conID: 3 locID: 102652565683896875 bcsId: 3102} | ret=SUCCESS |  
2019-08-21 02:17:26,536 | INFO  | DNAudit | user=null | ip=null | op=WRITE_CHUNK {blockData=conID: 3 locID: 102652565683896875 bcsId: 3102} | ret=SUCCESS |  
2019-08-21 02:17:26,537 | INFO  | DNAudit | user=null | ip=null | op=PUT_BLOCK {blockData=[blockId=conID: 3 locID: 102652565683896875 bcsId: 0,size=3145728]} | ret=SUCCESS |  
2019-08-21 02:17:26,537 | INFO  | DNAudit | user=null | ip=null | op=PUT_BLOCK {blockData=[blockId=conID: 3 locID: 102652565683896875 bcsId: 0,size=3145728]} | ret=SUCCESS |  
2019-08-21 02:17:26,542 | INFO  | DNAudit | user=null | ip=null | op=WRITE_CHUNK {blockData=conID: 3 locID: 102652565683896875 bcsId: 3107} | ret=SUCCESS |  
2019-08-21 02:17:26,544 | INFO  | DNAudit | user=null | ip=null | op=WRITE_CHUNK {blockData=conID: 3 locID: 102652565683896875 bcsId: 3107} | ret=SUCCESS |  
2019-08-21 02:17:26,545 | INFO  | DNAudit | user=null | ip=null | op=WRITE_CHUNK {blockData=conID: 3 locID: 102652565683896875 bcsId: 3107} | ret=SUCCESS |  
2019-08-21 02:17:26,555 | INFO  | DNAudit | user=null | ip=null | op=WRITE_CHUNK {blockData=conID: 3 locID: 102652565683896875 bcsId: 3107} | ret=SUCCESS |  
2019-08-21 02:17:26,555 [grpc-default-executor-2] INFO  client.GrpcClientProtocolClient (GrpcClientProtocolClient.java:onNext(255)) - client-54CC064C3FCE->8224e767-71c1-41fc-a01a-d172d48fd9d8: receive RaftClientReply:client-54CC064C3FCE->8224e767-71c1-41fc-a01a-d172d48fd9d8@group-F6B37CC92441, cid=2123, SUCCESS, logIndex=3110, commits[8224e767-71c1-41fc-a01a-d172d48fd9d8:c3111, 6eae0c21-01aa-4169-956f-5952b26ea7ba:c3109, 8d7dcba1-3b82-4d94-a832-514ef5c79cf8:c3109]
2019-08-21 02:17:26,555 | INFO  | DNAudit | user=null | ip=null | op=PUT_BLOCK {blockData=[blockId=conID: 3 locID: 102652565683896875 bcsId: 0,size=4194304]} | ret=SUCCESS |  
2019-08-21 02:17:26,556 [grpc-default-executor-2] INFO  client.GrpcClientProtocolClient (GrpcClientProtocolClient.java:onNext(255)) - client-54CC064C3FCE->8224e767-71c1-41fc-a01a-d172d48fd9d8: receive RaftClientReply:client-54CC064C3FCE->8224e767-71c1-41fc-a01a-d172d48fd9d8@group-F6B37CC92441, cid=2124, SUCCESS, logIndex=3111, commits[8224e767-71c1-41fc-a01a-d172d48fd9d8:c3111, 6eae0c21-01aa-4169-956f-5952b26ea7ba:c3109, 8d7dcba1-3b82-4d94-a832-514ef5c79cf8:c3109]
2019-08-21 02:17:26,566 | INFO  | DNAudit | user=null | ip=null | op=WRITE_CHUNK {blockData=conID: 3 locID: 102652565683896875 bcsId: 3107} | ret=SUCCESS |  
2019-08-21 02:17:26,566 | INFO  | DNAudit | user=null | ip=null | op=WRITE_CHUNK {blockData=conID: 3 locID: 102652565683896875 bcsId: 3107} | ret=SUCCESS |  
2019-08-21 02:17:26,569 | INFO  | DNAudit | user=null | ip=null | op=PUT_BLOCK {blockData=[blockId=conID: 3 locID: 102652565683896875 bcsId: 0,size=4194304]} | ret=SUCCESS |  
2019-08-21 02:17:26,569 | INFO  | DNAudit | user=null | ip=null | op=PUT_BLOCK {blockData=[blockId=conID: 3 locID: 102652565683896875 bcsId: 0,size=4194304]} | ret=SUCCESS |  
2019-08-21 02:17:26,570 [grpc-default-executor-2] INFO  client.GrpcClientProtocolClient (GrpcClientProtocolClient.java:onNext(255)) - client-54CC064C3FCE->8224e767-71c1-41fc-a01a-d172d48fd9d8: receive RaftClientReply:client-54CC064C3FCE->8224e767-71c1-41fc-a01a-d172d48fd9d8@group-F6B37CC92441, cid=2125, SUCCESS, logIndex=0, commits[8224e767-71c1-41fc-a01a-d172d48fd9d8:c3113, 6eae0c21-01aa-4169-956f-5952b26ea7ba:c3111, 8d7dcba1-3b82-4d94-a832-514ef5c79cf8:c3111]
2019-08-21 02:17:26,575 | INFO  | SCMAudit | user=jenkins1000 | ip=192.168.34.10 | op=ALLOCATE_BLOCK {owner=b6f66289-f2a0-4058-b052-0a85e40df67b, size=4194304, type=RATIS, factor=THREE} | ret=SUCCESS |  
2019-08-21 02:17:26,578 | INFO  | OMAudit | user=jenkins1000 | ip=127.0.0.1 | op=ALLOCATE_BLOCK {volume=vol-0-90982, bucket=bucket-0-24269, key=key-0-81262, dataSize=0, replicationType=null, replicationFactor=null, keyLocationInfo=null, clientID=102652564580991378} | ret=SUCCESS |  
2019-08-21 02:17:26,584 | INFO  | DNAudit | user=null | ip=null | op=WRITE_CHUNK {blockData=conID: 1 locID: 102652565689139756 bcsId: 0} | ret=SUCCESS |  
2019-08-21 02:17:26,586 | INFO  | DNAudit | user=null | ip=null | op=WRITE_CHUNK {blockData=conID: 1 locID: 102652565689139756 bcsId: 0} | ret=SUCCESS |  
2019-08-21 02:17:26,587 | INFO  | DNAudit | user=null | ip=null | op=WRITE_CHUNK {blockData=conID: 1 locID: 102652565689139756 bcsId: 0} | ret=SUCCESS |  
2019-08-21 02:17:26,587 | INFO  | DNAudit | user=null | ip=null | op=WRITE_CHUNK {blockData=conID: 1 locID: 102652565689139756 bcsId: 0} | ret=SUCCESS |  
2019-08-21 02:17:26,589 | INFO  | DNAudit | user=null | ip=null | op=WRITE_CHUNK {blockData=conID: 1 locID: 102652565689139756 bcsId: 0} | ret=SUCCESS |  
2019-08-21 02:17:26,589 | INFO  | DNAudit | user=null | ip=null | op=WRITE_CHUNK {blockData=conID: 1 locID: 102652565689139756 bcsId: 0} | ret=SUCCESS |  
2019-08-21 02:17:26,597 | INFO  | DNAudit | user=null | ip=null | op=WRITE_CHUNK {blockData=conID: 1 locID: 102652565689139756 bcsId: 0} | ret=SUCCESS |  
2019-08-21 02:17:26,598 | INFO  | DNAudit | user=null | ip=null | op=PUT_BLOCK {blockData=[blockId=conID: 1 locID: 102652565689139756 bcsId: 0,size=1048576]} | ret=SUCCESS |  
2019-08-21 02:17:26,598 [grpc-default-executor-1] INFO  client.GrpcClientProtocolClient (GrpcClientProtocolClient.java:onNext(255)) - client-54CC064C3FCE->8224e767-71c1-41fc-a01a-d172d48fd9d8: receive RaftClientReply:client-54CC064C3FCE->8224e767-71c1-41fc-a01a-d172d48fd9d8@group-F6B37CC92441, cid=2126, SUCCESS, logIndex=3114, commits[8224e767-71c1-41fc-a01a-d172d48fd9d8:c3115, 6eae0c21-01aa-4169-956f-5952b26ea7ba:c3113, 8d7dcba1-3b82-4d94-a832-514ef5c79cf8:c3113]
2019-08-21 02:17:26,598 | INFO  | DNAudit | user=null | ip=null | op=WRITE_CHUNK {blockData=conID: 1 locID: 102652565689139756 bcsId: 0} | ret=SUCCESS |  
2019-08-21 02:17:26,598 [grpc-default-executor-1] INFO  client.GrpcClientProtocolClient (GrpcClientProtocolClient.java:onNext(255)) - client-54CC064C3FCE->8224e767-71c1-41fc-a01a-d172d48fd9d8: receive RaftClientReply:client-54CC064C3FCE->8224e767-71c1-41fc-a01a-d172d48fd9d8@group-F6B37CC92441, cid=2127, SUCCESS, logIndex=3115, commits[8224e767-71c1-41fc-a01a-d172d48fd9d8:c3117, 6eae0c21-01aa-4169-956f-5952b26ea7ba:c3113, 8d7dcba1-3b82-4d94-a832-514ef5c79cf8:c3113]
2019-08-21 02:17:26,598 | INFO  | DNAudit | user=null | ip=null | op=PUT_BLOCK {blockData=[blockId=conID: 1 locID: 102652565689139756 bcsId: 0,size=2097152]} | ret=SUCCESS |  
2019-08-21 02:17:26,599 [grpc-default-executor-1] INFO  client.GrpcClientProtocolClient (GrpcClientProtocolClient.java:onNext(255)) - client-54CC064C3FCE->8224e767-71c1-41fc-a01a-d172d48fd9d8: receive RaftClientReply:client-54CC064C3FCE->8224e767-71c1-41fc-a01a-d172d48fd9d8@group-F6B37CC92441, cid=2128, SUCCESS, logIndex=3116, commits[8224e767-71c1-41fc-a01a-d172d48fd9d8:c3117, 6eae0c21-01aa-4169-956f-5952b26ea7ba:c3113, 8d7dcba1-3b82-4d94-a832-514ef5c79cf8:c3113]
2019-08-21 02:17:26,599 [grpc-default-executor-1] INFO  client.GrpcClientProtocolClient (GrpcClientProtocolClient.java:onNext(255)) - client-54CC064C3FCE->8224e767-71c1-41fc-a01a-d172d48fd9d8: receive RaftClientReply:client-54CC064C3FCE->8224e767-71c1-41fc-a01a-d172d48fd9d8@group-F6B37CC92441, cid=2129, SUCCESS, logIndex=3117, commits[8224e767-71c1-41fc-a01a-d172d48fd9d8:c3117, 6eae0c21-01aa-4169-956f-5952b26ea7ba:c3113, 8d7dcba1-3b82-4d94-a832-514ef5c79cf8:c3113]
2019-08-21 02:17:26,611 | INFO  | DNAudit | user=null | ip=null | op=WRITE_CHUNK {blockData=conID: 1 locID: 102652565689139756 bcsId: 0} | ret=SUCCESS |  
2019-08-21 02:17:26,611 | INFO  | DNAudit | user=null | ip=null | op=WRITE_CHUNK {blockData=conID: 1 locID: 102652565689139756 bcsId: 0} | ret=SUCCESS |  
2019-08-21 02:17:26,612 | INFO  | DNAudit | user=null | ip=null | op=PUT_BLOCK {blockData=[blockId=conID: 1 locID: 102652565689139756 bcsId: 0,size=1048576]} | ret=SUCCESS |  
2019-08-21 02:17:26,612 | INFO  | DNAudit | user=null | ip=null | op=PUT_BLOCK {blockData=[blockId=conID: 1 locID: 102652565689139756 bcsId: 0,size=1048576]} | ret=SUCCESS |  
2019-08-21 02:17:26,612 | INFO  | DNAudit | user=null | ip=null | op=WRITE_CHUNK {blockData=conID: 1 locID: 102652565689139756 bcsId: 0} | ret=SUCCESS |  
2019-08-21 02:17:26,612 | INFO  | DNAudit | user=null | ip=null | op=WRITE_CHUNK {blockData=conID: 1 locID: 102652565689139756 bcsId: 0} | ret=SUCCESS |  
2019-08-21 02:17:26,612 | INFO  | DNAudit | user=null | ip=null | op=PUT_BLOCK {blockData=[blockId=conID: 1 locID: 102652565689139756 bcsId: 0,size=2097152]} | ret=SUCCESS |  
2019-08-21 02:17:26,612 | INFO  | DNAudit | user=null | ip=null | op=PUT_BLOCK {blockData=[blockId=conID: 1 locID: 102652565689139756 bcsId: 0,size=2097152]} | ret=SUCCESS |  
2019-08-21 02:17:26,612 [grpc-default-executor-1] INFO  client.GrpcClientProtocolClient (GrpcClientProtocolClient.java:onNext(255)) - client-54CC064C3FCE->8224e767-71c1-41fc-a01a-d172d48fd9d8: receive RaftClientReply:client-54CC064C3FCE->8224e767-71c1-41fc-a01a-d172d48fd9d8@group-F6B37CC92441, cid=2130, SUCCESS, logIndex=0, commits[8224e767-71c1-41fc-a01a-d172d48fd9d8:c3121, 6eae0c21-01aa-4169-956f-5952b26ea7ba:c3115, 8d7dcba1-3b82-4d94-a832-514ef5c79cf8:c3117]
2019-08-21 02:17:26,619 | INFO  | DNAudit | user=null | ip=null | op=WRITE_CHUNK {blockData=conID: 1 locID: 102652565689139756 bcsId: 3117} | ret=SUCCESS |  
2019-08-21 02:17:26,621 | INFO  | DNAudit | user=null | ip=null | op=WRITE_CHUNK {blockData=conID: 1 locID: 102652565689139756 bcsId: 3117} | ret=SUCCESS |  
2019-08-21 02:17:26,622 | INFO  | DNAudit | user=null | ip=null | op=WRITE_CHUNK {blockData=conID: 1 locID: 102652565689139756 bcsId: 3117} | ret=SUCCESS |  
2019-08-21 02:17:26,632 | INFO  | DNAudit | user=null | ip=null | op=WRITE_CHUNK {blockData=conID: 1 locID: 102652565689139756 bcsId: 3117} | ret=SUCCESS |  
2019-08-21 02:17:26,632 | INFO  | DNAudit | user=null | ip=null | op=PUT_BLOCK {blockData=[blockId=conID: 1 locID: 102652565689139756 bcsId: 0,size=3145728]} | ret=SUCCESS |  
2019-08-21 02:17:26,632 [grpc-default-executor-2] INFO  client.GrpcClientProtocolClient (GrpcClientProtocolClient.java:onNext(255)) - client-54CC064C3FCE->8224e767-71c1-41fc-a01a-d172d48fd9d8: receive RaftClientReply:client-54CC064C3FCE->8224e767-71c1-41fc-a01a-d172d48fd9d8@group-F6B37CC92441, cid=2131, SUCCESS, logIndex=3122, commits[8224e767-71c1-41fc-a01a-d172d48fd9d8:c3123, 6eae0c21-01aa-4169-956f-5952b26ea7ba:c3121, 8d7dcba1-3b82-4d94-a832-514ef5c79cf8:c3121]
2019-08-21 02:17:26,633 [grpc-default-executor-2] INFO  client.GrpcClientProtocolClient (GrpcClientProtocolClient.java:onNext(255)) - client-54CC064C3FCE->8224e767-71c1-41fc-a01a-d172d48fd9d8: receive RaftClientReply:client-54CC064C3FCE->8224e767-71c1-41fc-a01a-d172d48fd9d8@group-F6B37CC92441, cid=2132, SUCCESS, logIndex=3123, commits[8224e767-71c1-41fc-a01a-d172d48fd9d8:c3123, 6eae0c21-01aa-4169-956f-5952b26ea7ba:c3121, 8d7dcba1-3b82-4d94-a832-514ef5c79cf8:c3121]
2019-08-21 02:17:26,634 | INFO  | DNAudit | user=null | ip=null | op=WRITE_CHUNK {blockData=conID: 1 locID: 102652565689139756 bcsId: 3117} | ret=SUCCESS |  
2019-08-21 02:17:26,634 | INFO  | DNAudit | user=null | ip=null | op=WRITE_CHUNK {blockData=conID: 1 locID: 102652565689139756 bcsId: 3117} | ret=SUCCESS |  
2019-08-21 02:17:26,634 | INFO  | DNAudit | user=null | ip=null | op=PUT_BLOCK {blockData=[blockId=conID: 1 locID: 102652565689139756 bcsId: 0,size=3145728]} | ret=SUCCESS |  
2019-08-21 02:17:26,634 | INFO  | DNAudit | user=null | ip=null | op=PUT_BLOCK {blockData=[blockId=conID: 1 locID: 102652565689139756 bcsId: 0,size=3145728]} | ret=SUCCESS |  
2019-08-21 02:17:26,639 | INFO  | DNAudit | user=null | ip=null | op=WRITE_CHUNK {blockData=conID: 1 locID: 102652565689139756 bcsId: 3123} | ret=SUCCESS |  
2019-08-21 02:17:26,642 | INFO  | DNAudit | user=null | ip=null | op=WRITE_CHUNK {blockData=conID: 1 locID: 102652565689139756 bcsId: 3123} | ret=SUCCESS |  
2019-08-21 02:17:26,642 | INFO  | DNAudit | user=null | ip=null | op=WRITE_CHUNK {blockData=conID: 1 locID: 102652565689139756 bcsId: 3123} | ret=SUCCESS |  
2019-08-21 02:17:26,645 | INFO  | DNAudit | user=null | ip=null | op=WRITE_CHUNK {blockData=conID: 1 locID: 102652565689139756 bcsId: 3123} | ret=SUCCESS |  
2019-08-21 02:17:26,645 | INFO  | DNAudit | user=null | ip=null | op=PUT_BLOCK {blockData=[blockId=conID: 1 locID: 102652565689139756 bcsId: 0,size=4194304]} | ret=SUCCESS |  
2019-08-21 02:17:26,645 [grpc-default-executor-1] INFO  client.GrpcClientProtocolClient (GrpcClientProtocolClient.java:onNext(255)) - client-54CC064C3FCE->8224e767-71c1-41fc-a01a-d172d48fd9d8: receive RaftClientReply:client-54CC064C3FCE->8224e767-71c1-41fc-a01a-d172d48fd9d8@group-F6B37CC92441, cid=2133, SUCCESS, logIndex=3126, commits[8224e767-71c1-41fc-a01a-d172d48fd9d8:c3127, 6eae0c21-01aa-4169-956f-5952b26ea7ba:c3123, 8d7dcba1-3b82-4d94-a832-514ef5c79cf8:c3125]
2019-08-21 02:17:26,646 [grpc-default-executor-1] INFO  client.GrpcClientProtocolClient (GrpcClientProtocolClient.java:onNext(255)) - client-54CC064C3FCE->8224e767-71c1-41fc-a01a-d172d48fd9d8: receive RaftClientReply:client-54CC064C3FCE->8224e767-71c1-41fc-a01a-d172d48fd9d8@group-F6B37CC92441, cid=2134, SUCCESS, logIndex=3127, commits[8224e767-71c1-41fc-a01a-d172d48fd9d8:c3127, 6eae0c21-01aa-4169-956f-5952b26ea7ba:c3125, 8d7dcba1-3b82-4d94-a832-514ef5c79cf8:c3125]
2019-08-21 02:17:26,648 | INFO  | DNAudit | user=null | ip=null | op=WRITE_CHUNK {blockData=conID: 1 locID: 102652565689139756 bcsId: 3123} | ret=SUCCESS |  
2019-08-21 02:17:26,648 | INFO  | DNAudit | user=null | ip=null | op=WRITE_CHUNK {blockData=conID: 1 locID: 102652565689139756 bcsId: 3123} | ret=SUCCESS |  
2019-08-21 02:17:26,648 | INFO  | DNAudit | user=null | ip=null | op=PUT_BLOCK {blockData=[blockId=conID: 1 locID: 102652565689139756 bcsId: 0,size=4194304]} | ret=SUCCESS |  
2019-08-21 02:17:26,649 | INFO  | DNAudit | user=null | ip=null | op=PUT_BLOCK {blockData=[blockId=conID: 1 locID: 102652565689139756 bcsId: 0,size=4194304]} | ret=SUCCESS |  
2019-08-21 02:17:26,649 [grpc-default-executor-1] INFO  client.GrpcClientProtocolClient (GrpcClientProtocolClient.java:onNext(255)) - client-54CC064C3FCE->8224e767-71c1-41fc-a01a-d172d48fd9d8: receive RaftClientReply:client-54CC064C3FCE->8224e767-71c1-41fc-a01a-d172d48fd9d8@group-F6B37CC92441, cid=2135, SUCCESS, logIndex=0, commits[8224e767-71c1-41fc-a01a-d172d48fd9d8:c3128, 6eae0c21-01aa-4169-956f-5952b26ea7ba:c3127, 8d7dcba1-3b82-4d94-a832-514ef5c79cf8:c3127]
2019-08-21 02:17:26,655 | INFO  | SCMAudit | user=jenkins1000 | ip=192.168.34.10 | op=ALLOCATE_BLOCK {owner=b6f66289-f2a0-4058-b052-0a85e40df67b, size=4194304, type=RATIS, factor=THREE} | ret=SUCCESS |  
2019-08-21 02:17:26,658 | INFO  | OMAudit | user=jenkins1000 | ip=127.0.0.1 | op=ALLOCATE_BLOCK {volume=vol-0-90982, bucket=bucket-0-24269, key=key-0-81262, dataSize=0, replicationType=null, replicationFactor=null, keyLocationInfo=null, clientID=102652564580991378} | ret=SUCCESS |  
2019-08-21 02:17:26,665 | INFO  | DNAudit | user=null | ip=null | op=WRITE_CHUNK {blockData=conID: 2 locID: 102652565694317101 bcsId: 0} | ret=SUCCESS |  
2019-08-21 02:17:26,667 | INFO  | DNAudit | user=null | ip=null | op=WRITE_CHUNK {blockData=conID: 2 locID: 102652565694317101 bcsId: 0} | ret=SUCCESS |  
2019-08-21 02:17:26,668 | INFO  | DNAudit | user=null | ip=null | op=WRITE_CHUNK {blockData=conID: 2 locID: 102652565694317101 bcsId: 0} | ret=SUCCESS |  
2019-08-21 02:17:26,668 | INFO  | DNAudit | user=null | ip=null | op=WRITE_CHUNK {blockData=conID: 2 locID: 102652565694317101 bcsId: 0} | ret=SUCCESS |  
2019-08-21 02:17:26,671 | INFO  | DNAudit | user=null | ip=null | op=WRITE_CHUNK {blockData=conID: 2 locID: 102652565694317101 bcsId: 0} | ret=SUCCESS |  
2019-08-21 02:17:26,671 | INFO  | DNAudit | user=null | ip=null | op=WRITE_CHUNK {blockData=conID: 2 locID: 102652565694317101 bcsId: 0} | ret=SUCCESS |  
2019-08-21 02:17:26,675 | INFO  | DNAudit | user=null | ip=null | op=WRITE_CHUNK {blockData=conID: 2 locID: 102652565694317101 bcsId: 0} | ret=SUCCESS |  
2019-08-21 02:17:26,675 | INFO  | DNAudit | user=null | ip=null | op=PUT_BLOCK {blockData=[blockId=conID: 2 locID: 102652565694317101 bcsId: 0,size=1048576]} | ret=SUCCESS |  
2019-08-21 02:17:26,675 | INFO  | DNAudit | user=null | ip=null | op=WRITE_CHUNK {blockData=conID: 2 locID: 102652565694317101 bcsId: 0} | ret=SUCCESS |  
2019-08-21 02:17:26,675 [grpc-default-executor-2] INFO  client.GrpcClientProtocolClient (GrpcClientProtocolClient.java:onNext(255)) - client-54CC064C3FCE->8224e767-71c1-41fc-a01a-d172d48fd9d8: receive RaftClientReply:client-54CC064C3FCE->8224e767-71c1-41fc-a01a-d172d48fd9d8@group-F6B37CC92441, cid=2136, SUCCESS, logIndex=3130, commits[8224e767-71c1-41fc-a01a-d172d48fd9d8:c3133, 6eae0c21-01aa-4169-956f-5952b26ea7ba:c3129, 8d7dcba1-3b82-4d94-a832-514ef5c79cf8:c3127]
2019-08-21 02:17:26,676 | INFO  | DNAudit | user=null | ip=null | op=PUT_BLOCK {blockData=[blockId=conID: 2 locID: 102652565694317101 bcsId: 0,size=2097152]} | ret=SUCCESS |  
2019-08-21 02:17:26,676 [grpc-default-executor-2] INFO  client.GrpcClientProtocolClient (GrpcClientProtocolClient.java:onNext(255)) - client-54CC064C3FCE->8224e767-71c1-41fc-a01a-d172d48fd9d8: receive RaftClientReply:client-54CC064C3FCE->8224e767-71c1-41fc-a01a-d172d48fd9d8@group-F6B37CC92441, cid=2137, SUCCESS, logIndex=3131, commits[8224e767-71c1-41fc-a01a-d172d48fd9d8:c3133, 6eae0c21-01aa-4169-956f-5952b26ea7ba:c3129, 8d7dcba1-3b82-4d94-a832-514ef5c79cf8:c3127]
2019-08-21 02:17:26,676 [grpc-default-executor-2] INFO  client.GrpcClientProtocolClient (GrpcClientProtocolClient.java:onNext(255)) - client-54CC064C3FCE->8224e767-71c1-41fc-a01a-d172d48fd9d8: receive RaftClientReply:client-54CC064C3FCE->8224e767-71c1-41fc-a01a-d172d48fd9d8@group-F6B37CC92441, cid=2138, SUCCESS, logIndex=3132, commits[8224e767-71c1-41fc-a01a-d172d48fd9d8:c3133, 6eae0c21-01aa-4169-956f-5952b26ea7ba:c3129, 8d7dcba1-3b82-4d94-a832-514ef5c79cf8:c3127]
2019-08-21 02:17:26,676 | INFO  | DNAudit | user=null | ip=null | op=WRITE_CHUNK {blockData=conID: 2 locID: 102652565694317101 bcsId: 0} | ret=SUCCESS |  
2019-08-21 02:17:26,676 [grpc-default-executor-2] INFO  client.GrpcClientProtocolClient (GrpcClientProtocolClient.java:onNext(255)) - client-54CC064C3FCE->8224e767-71c1-41fc-a01a-d172d48fd9d8: receive RaftClientReply:client-54CC064C3FCE->8224e767-71c1-41fc-a01a-d172d48fd9d8@group-F6B37CC92441, cid=2139, SUCCESS, logIndex=3133, commits[8224e767-71c1-41fc-a01a-d172d48fd9d8:c3133, 6eae0c21-01aa-4169-956f-5952b26ea7ba:c3129, 8d7dcba1-3b82-4d94-a832-514ef5c79cf8:c3127]
2019-08-21 02:17:26,677 | INFO  | DNAudit | user=null | ip=null | op=PUT_BLOCK {blockData=[blockId=conID: 2 locID: 102652565694317101 bcsId: 0,size=1048576]} | ret=SUCCESS |  
2019-08-21 02:17:26,678 | INFO  | DNAudit | user=null | ip=null | op=WRITE_CHUNK {blockData=conID: 2 locID: 102652565694317101 bcsId: 0} | ret=SUCCESS |  
2019-08-21 02:17:26,678 | INFO  | DNAudit | user=null | ip=null | op=PUT_BLOCK {blockData=[blockId=conID: 2 locID: 102652565694317101 bcsId: 0,size=2097152]} | ret=SUCCESS |  
2019-08-21 02:17:26,678 | INFO  | DNAudit | user=null | ip=null | op=WRITE_CHUNK {blockData=conID: 2 locID: 102652565694317101 bcsId: 0} | ret=SUCCESS |  
2019-08-21 02:17:26,679 | INFO  | DNAudit | user=null | ip=null | op=PUT_BLOCK {blockData=[blockId=conID: 2 locID: 102652565694317101 bcsId: 0,size=1048576]} | ret=SUCCESS |  
2019-08-21 02:17:26,679 | INFO  | DNAudit | user=null | ip=null | op=WRITE_CHUNK {blockData=conID: 2 locID: 102652565694317101 bcsId: 0} | ret=SUCCESS |  
2019-08-21 02:17:26,679 [grpc-default-executor-2] INFO  client.GrpcClientProtocolClient (GrpcClientProtocolClient.java:onNext(255)) - client-54CC064C3FCE->8224e767-71c1-41fc-a01a-d172d48fd9d8: receive RaftClientReply:client-54CC064C3FCE->8224e767-71c1-41fc-a01a-d172d48fd9d8@group-F6B37CC92441, cid=2140, SUCCESS, logIndex=0, commits[8224e767-71c1-41fc-a01a-d172d48fd9d8:c3137, 6eae0c21-01aa-4169-956f-5952b26ea7ba:c3133, 8d7dcba1-3b82-4d94-a832-514ef5c79cf8:c3131]
2019-08-21 02:17:26,679 | INFO  | DNAudit | user=null | ip=null | op=PUT_BLOCK {blockData=[blockId=conID: 2 locID: 102652565694317101 bcsId: 0,size=2097152]} | ret=SUCCESS |  
2019-08-21 02:17:26,685 | INFO  | DNAudit | user=null | ip=null | op=WRITE_CHUNK {blockData=conID: 2 locID: 102652565694317101 bcsId: 3133} | ret=SUCCESS |  
2019-08-21 02:17:26,687 | INFO  | DNAudit | user=null | ip=null | op=WRITE_CHUNK {blockData=conID: 2 locID: 102652565694317101 bcsId: 3133} | ret=SUCCESS |  
2019-08-21 02:17:26,688 | INFO  | DNAudit | user=null | ip=null | op=WRITE_CHUNK {blockData=conID: 2 locID: 102652565694317101 bcsId: 3133} | ret=SUCCESS |  
2019-08-21 02:17:26,697 | INFO  | DNAudit | user=null | ip=null | op=WRITE_CHUNK {blockData=conID: 2 locID: 102652565694317101 bcsId: 3133} | ret=SUCCESS |  
2019-08-21 02:17:26,698 | INFO  | DNAudit | user=null | ip=null | op=PUT_BLOCK {blockData=[blockId=conID: 2 locID: 102652565694317101 bcsId: 0,size=3145728]} | ret=SUCCESS |  
2019-08-21 02:17:26,698 [grpc-default-executor-1] INFO  client.GrpcClientProtocolClient (GrpcClientProtocolClient.java:onNext(255)) - client-54CC064C3FCE->8224e767-71c1-41fc-a01a-d172d48fd9d8: receive RaftClientReply:client-54CC064C3FCE->8224e767-71c1-41fc-a01a-d172d48fd9d8@group-F6B37CC92441, cid=2141, SUCCESS, logIndex=3138, commits[8224e767-71c1-41fc-a01a-d172d48fd9d8:c3139, 6eae0c21-01aa-4169-956f-5952b26ea7ba:c3137, 8d7dcba1-3b82-4d94-a832-514ef5c79cf8:c3137]
2019-08-21 02:17:26,698 [grpc-default-executor-1] INFO  client.GrpcClientProtocolClient (GrpcClientProtocolClient.java:onNext(255)) - client-54CC064C3FCE->8224e767-71c1-41fc-a01a-d172d48fd9d8: receive RaftClientReply:client-54CC064C3FCE->8224e767-71c1-41fc-a01a-d172d48fd9d8@group-F6B37CC92441, cid=2142, SUCCESS, logIndex=3139, commits[8224e767-71c1-41fc-a01a-d172d48fd9d8:c3139, 6eae0c21-01aa-4169-956f-5952b26ea7ba:c3137, 8d7dcba1-3b82-4d94-a832-514ef5c79cf8:c3137]
2019-08-21 02:17:26,703 | INFO  | DNAudit | user=null | ip=null | op=WRITE_CHUNK {blockData=conID: 2 locID: 102652565694317101 bcsId: 3133} | ret=SUCCESS |  
2019-08-21 02:17:26,703 | INFO  | DNAudit | user=null | ip=null | op=PUT_BLOCK {blockData=[blockId=conID: 2 locID: 102652565694317101 bcsId: 0,size=3145728]} | ret=SUCCESS |  
2019-08-21 02:17:26,703 | INFO  | DNAudit | user=null | ip=null | op=WRITE_CHUNK {blockData=conID: 2 locID: 102652565694317101 bcsId: 3133} | ret=SUCCESS |  
2019-08-21 02:17:26,703 | INFO  | DNAudit | user=null | ip=null | op=PUT_BLOCK {blockData=[blockId=conID: 2 locID: 102652565694317101 bcsId: 0,size=3145728]} | ret=SUCCESS |  
2019-08-21 02:17:26,705 | INFO  | DNAudit | user=null | ip=null | op=WRITE_CHUNK {blockData=conID: 2 locID: 102652565694317101 bcsId: 3139} | ret=SUCCESS |  
2019-08-21 02:17:26,850 | INFO  | DNAudit | user=null | ip=null | op=WRITE_CHUNK {blockData=conID: 2 locID: 102652565694317101 bcsId: 3139} | ret=SUCCESS |  
2019-08-21 02:17:26,850 | INFO  | DNAudit | user=null | ip=null | op=WRITE_CHUNK {blockData=conID: 2 locID: 102652565694317101 bcsId: 3139} | ret=SUCCESS |  
2019-08-21 02:17:26,861 | INFO  | DNAudit | user=null | ip=null | op=WRITE_CHUNK {blockData=conID: 2 locID: 102652565694317101 bcsId: 3139} | ret=SUCCESS |  
2019-08-21 02:17:26,861 | INFO  | DNAudit | user=null | ip=null | op=PUT_BLOCK {blockData=[blockId=conID: 2 locID: 102652565694317101 bcsId: 0,size=4194304]} | ret=SUCCESS |  
2019-08-21 02:17:26,861 [grpc-default-executor-2] INFO  client.GrpcClientProtocolClient (GrpcClientProtocolClient.java:onNext(255)) - client-54CC064C3FCE->8224e767-71c1-41fc-a01a-d172d48fd9d8: receive RaftClientReply:client-54CC064C3FCE->8224e767-71c1-41fc-a01a-d172d48fd9d8@group-F6B37CC92441, cid=2143, SUCCESS, logIndex=3142, commits[8224e767-71c1-41fc-a01a-d172d48fd9d8:c3143, 6eae0c21-01aa-4169-956f-5952b26ea7ba:c3140, 8d7dcba1-3b82-4d94-a832-514ef5c79cf8:c3140]
2019-08-21 02:17:26,862 [grpc-default-executor-2] INFO  client.GrpcClientProtocolClient (GrpcClientProtocolClient.java:onNext(255)) - client-54CC064C3FCE->8224e767-71c1-41fc-a01a-d172d48fd9d8: receive RaftClientReply:client-54CC064C3FCE->8224e767-71c1-41fc-a01a-d172d48fd9d8@group-F6B37CC92441, cid=2144, SUCCESS, logIndex=3143, commits[8224e767-71c1-41fc-a01a-d172d48fd9d8:c3143, 6eae0c21-01aa-4169-956f-5952b26ea7ba:c3140, 8d7dcba1-3b82-4d94-a832-514ef5c79cf8:c3140]
2019-08-21 02:17:26,872 | INFO  | DNAudit | user=null | ip=null | op=WRITE_CHUNK {blockData=conID: 2 locID: 102652565694317101 bcsId: 3139} | ret=SUCCESS |  
2019-08-21 02:17:26,872 | INFO  | DNAudit | user=null | ip=null | op=WRITE_CHUNK {blockData=conID: 2 locID: 102652565694317101 bcsId: 3139} | ret=SUCCESS |  
2019-08-21 02:17:26,872 | INFO  | DNAudit | user=null | ip=null | op=PUT_BLOCK {blockData=[blockId=conID: 2 locID: 102652565694317101 bcsId: 0,size=4194304]} | ret=SUCCESS |  
2019-08-21 02:17:26,873 | INFO  | DNAudit | user=null | ip=null | op=PUT_BLOCK {blockData=[blockId=conID: 2 locID: 102652565694317101 bcsId: 0,size=4194304]} | ret=SUCCESS |  
2019-08-21 02:17:26,874 [grpc-default-executor-2] INFO  client.GrpcClientProtocolClient (GrpcClientProtocolClient.java:onNext(255)) - client-54CC064C3FCE->8224e767-71c1-41fc-a01a-d172d48fd9d8: receive RaftClientReply:client-54CC064C3FCE->8224e767-71c1-41fc-a01a-d172d48fd9d8@group-F6B37CC92441, cid=2145, SUCCESS, logIndex=0, commits[8224e767-71c1-41fc-a01a-d172d48fd9d8:c3144, 6eae0c21-01aa-4169-956f-5952b26ea7ba:c3143, 8d7dcba1-3b82-4d94-a832-514ef5c79cf8:c3143]
2019-08-21 02:17:26,879 | INFO  | SCMAudit | user=jenkins1000 | ip=192.168.34.10 | op=ALLOCATE_BLOCK {owner=b6f66289-f2a0-4058-b052-0a85e40df67b, size=4194304, type=RATIS, factor=THREE} | ret=SUCCESS |  
2019-08-21 02:17:26,883 | INFO  | OMAudit | user=jenkins1000 | ip=127.0.0.1 | op=ALLOCATE_BLOCK {volume=vol-0-90982, bucket=bucket-0-24269, key=key-0-81262, dataSize=0, replicationType=null, replicationFactor=null, keyLocationInfo=null, clientID=102652564580991378} | ret=SUCCESS |  
2019-08-21 02:17:26,891 | INFO  | DNAudit | user=null | ip=null | op=WRITE_CHUNK {blockData=conID: 3 locID: 102652565709062702 bcsId: 0} | ret=SUCCESS |  
2019-08-21 02:17:26,894 | INFO  | DNAudit | user=null | ip=null | op=WRITE_CHUNK {blockData=conID: 3 locID: 102652565709062702 bcsId: 0} | ret=SUCCESS |  
2019-08-21 02:17:26,894 | INFO  | DNAudit | user=null | ip=null | op=WRITE_CHUNK {blockData=conID: 3 locID: 102652565709062702 bcsId: 0} | ret=SUCCESS |  
2019-08-21 02:17:26,894 | INFO  | DNAudit | user=null | ip=null | op=WRITE_CHUNK {blockData=conID: 3 locID: 102652565709062702 bcsId: 0} | ret=SUCCESS |  
2019-08-21 02:17:26,896 | INFO  | DNAudit | user=null | ip=null | op=WRITE_CHUNK {blockData=conID: 3 locID: 102652565709062702 bcsId: 0} | ret=SUCCESS |  
2019-08-21 02:17:26,896 | INFO  | DNAudit | user=null | ip=null | op=WRITE_CHUNK {blockData=conID: 3 locID: 102652565709062702 bcsId: 0} | ret=SUCCESS |  
2019-08-21 02:17:26,903 | INFO  | DNAudit | user=null | ip=null | op=WRITE_CHUNK {blockData=conID: 3 locID: 102652565709062702 bcsId: 0} | ret=SUCCESS |  
2019-08-21 02:17:26,904 | INFO  | DNAudit | user=null | ip=null | op=PUT_BLOCK {blockData=[blockId=conID: 3 locID: 102652565709062702 bcsId: 0,size=1048576]} | ret=SUCCESS |  
2019-08-21 02:17:26,904 [grpc-default-executor-2] INFO  client.GrpcClientProtocolClient (GrpcClientProtocolClient.java:onNext(255)) - client-54CC064C3FCE->8224e767-71c1-41fc-a01a-d172d48fd9d8: receive RaftClientReply:client-54CC064C3FCE->8224e767-71c1-41fc-a01a-d172d48fd9d8@group-F6B37CC92441, cid=2146, SUCCESS, logIndex=3146, commits[8224e767-71c1-41fc-a01a-d172d48fd9d8:c3148, 6eae0c21-01aa-4169-956f-5952b26ea7ba:c3145, 8d7dcba1-3b82-4d94-a832-514ef5c79cf8:c3145]
2019-08-21 02:17:26,905 | INFO  | DNAudit | user=null | ip=null | op=WRITE_CHUNK {blockData=conID: 3 locID: 102652565709062702 bcsId: 0} | ret=SUCCESS |  
2019-08-21 02:17:26,905 | INFO  | DNAudit | user=null | ip=null | op=WRITE_CHUNK {blockData=conID: 3 locID: 102652565709062702 bcsId: 0} | ret=SUCCESS |  
2019-08-21 02:17:26,905 [grpc-default-executor-2] INFO  client.GrpcClientProtocolClient (GrpcClientProtocolClient.java:onNext(255)) - client-54CC064C3FCE->8224e767-71c1-41fc-a01a-d172d48fd9d8: receive RaftClientReply:client-54CC064C3FCE->8224e767-71c1-41fc-a01a-d172d48fd9d8@group-F6B37CC92441, cid=2147, SUCCESS, logIndex=3147, commits[8224e767-71c1-41fc-a01a-d172d48fd9d8:c3149, 6eae0c21-01aa-4169-956f-5952b26ea7ba:c3145, 8d7dcba1-3b82-4d94-a832-514ef5c79cf8:c3145]
2019-08-21 02:17:26,905 | INFO  | DNAudit | user=null | ip=null | op=PUT_BLOCK {blockData=[blockId=conID: 3 locID: 102652565709062702 bcsId: 0,size=2097152]} | ret=SUCCESS |  
2019-08-21 02:17:26,905 [grpc-default-executor-2] INFO  client.GrpcClientProtocolClient (GrpcClientProtocolClient.java:onNext(255)) - client-54CC064C3FCE->8224e767-71c1-41fc-a01a-d172d48fd9d8: receive RaftClientReply:client-54CC064C3FCE->8224e767-71c1-41fc-a01a-d172d48fd9d8@group-F6B37CC92441, cid=2148, SUCCESS, logIndex=3148, commits[8224e767-71c1-41fc-a01a-d172d48fd9d8:c3150, 6eae0c21-01aa-4169-956f-5952b26ea7ba:c3146, 8d7dcba1-3b82-4d94-a832-514ef5c79cf8:c3145]
2019-08-21 02:17:26,905 | INFO  | DNAudit | user=null | ip=null | op=WRITE_CHUNK {blockData=conID: 3 locID: 102652565709062702 bcsId: 0} | ret=SUCCESS |  
2019-08-21 02:17:26,906 [grpc-default-executor-3] INFO  client.GrpcClientProtocolClient (GrpcClientProtocolClient.java:onNext(255)) - client-54CC064C3FCE->8224e767-71c1-41fc-a01a-d172d48fd9d8: receive RaftClientReply:client-54CC064C3FCE->8224e767-71c1-41fc-a01a-d172d48fd9d8@group-F6B37CC92441, cid=2149, SUCCESS, logIndex=3149, commits[8224e767-71c1-41fc-a01a-d172d48fd9d8:c3150, 6eae0c21-01aa-4169-956f-5952b26ea7ba:c3146, 8d7dcba1-3b82-4d94-a832-514ef5c79cf8:c3145]
2019-08-21 02:17:26,906 | INFO  | DNAudit | user=null | ip=null | op=PUT_BLOCK {blockData=[blockId=conID: 3 locID: 102652565709062702 bcsId: 0,size=1048576]} | ret=SUCCESS |  
2019-08-21 02:17:26,906 | INFO  | DNAudit | user=null | ip=null | op=WRITE_CHUNK {blockData=conID: 3 locID: 102652565709062702 bcsId: 0} | ret=SUCCESS |  
2019-08-21 02:17:26,907 | INFO  | DNAudit | user=null | ip=null | op=PUT_BLOCK {blockData=[blockId=conID: 3 locID: 102652565709062702 bcsId: 0,size=1048576]} | ret=SUCCESS |  
2019-08-21 02:17:26,907 | INFO  | DNAudit | user=null | ip=null | op=PUT_BLOCK {blockData=[blockId=conID: 3 locID: 102652565709062702 bcsId: 0,size=2097152]} | ret=SUCCESS |  
2019-08-21 02:17:26,907 | INFO  | DNAudit | user=null | ip=null | op=WRITE_CHUNK {blockData=conID: 3 locID: 102652565709062702 bcsId: 0} | ret=SUCCESS |  
2019-08-21 02:17:26,907 | INFO  | DNAudit | user=null | ip=null | op=PUT_BLOCK {blockData=[blockId=conID: 3 locID: 102652565709062702 bcsId: 0,size=2097152]} | ret=SUCCESS |  
2019-08-21 02:17:26,907 [grpc-default-executor-2] INFO  client.GrpcClientProtocolClient (GrpcClientProtocolClient.java:onNext(255)) - client-54CC064C3FCE->8224e767-71c1-41fc-a01a-d172d48fd9d8: receive RaftClientReply:client-54CC064C3FCE->8224e767-71c1-41fc-a01a-d172d48fd9d8@group-F6B37CC92441, cid=2150, SUCCESS, logIndex=0, commits[8224e767-71c1-41fc-a01a-d172d48fd9d8:c3153, 6eae0c21-01aa-4169-956f-5952b26ea7ba:c3149, 8d7dcba1-3b82-4d94-a832-514ef5c79cf8:c3147]
2019-08-21 02:17:26,914 | INFO  | DNAudit | user=null | ip=null | op=WRITE_CHUNK {blockData=conID: 3 locID: 102652565709062702 bcsId: 3149} | ret=SUCCESS |  
2019-08-21 02:17:26,917 | INFO  | DNAudit | user=null | ip=null | op=WRITE_CHUNK {blockData=conID: 3 locID: 102652565709062702 bcsId: 3149} | ret=SUCCESS |  
2019-08-21 02:17:26,917 | INFO  | DNAudit | user=null | ip=null | op=WRITE_CHUNK {blockData=conID: 3 locID: 102652565709062702 bcsId: 3149} | ret=SUCCESS |  
2019-08-21 02:17:26,927 | INFO  | DNAudit | user=null | ip=null | op=WRITE_CHUNK {blockData=conID: 3 locID: 102652565709062702 bcsId: 3149} | ret=SUCCESS |  
2019-08-21 02:17:26,927 | INFO  | DNAudit | user=null | ip=null | op=PUT_BLOCK {blockData=[blockId=conID: 3 locID: 102652565709062702 bcsId: 0,size=3145728]} | ret=SUCCESS |  
2019-08-21 02:17:26,928 [grpc-default-executor-3] INFO  client.GrpcClientProtocolClient (GrpcClientProtocolClient.java:onNext(255)) - client-54CC064C3FCE->8224e767-71c1-41fc-a01a-d172d48fd9d8: receive RaftClientReply:client-54CC064C3FCE->8224e767-71c1-41fc-a01a-d172d48fd9d8@group-F6B37CC92441, cid=2151, SUCCESS, logIndex=3154, commits[8224e767-71c1-41fc-a01a-d172d48fd9d8:c3155, 6eae0c21-01aa-4169-956f-5952b26ea7ba:c3153, 8d7dcba1-3b82-4d94-a832-514ef5c79cf8:c3153]
2019-08-21 02:17:26,928 [grpc-default-executor-3] INFO  client.GrpcClientProtocolClient (GrpcClientProtocolClient.java:onNext(255)) - client-54CC064C3FCE->8224e767-71c1-41fc-a01a-d172d48fd9d8: receive RaftClientReply:client-54CC064C3FCE->8224e767-71c1-41fc-a01a-d172d48fd9d8@group-F6B37CC92441, cid=2152, SUCCESS, logIndex=3155, commits[8224e767-71c1-41fc-a01a-d172d48fd9d8:c3155, 6eae0c21-01aa-4169-956f-5952b26ea7ba:c3153, 8d7dcba1-3b82-4d94-a832-514ef5c79cf8:c3153]
2019-08-21 02:17:26,935 | INFO  | DNAudit | user=null | ip=null | op=WRITE_CHUNK {blockData=conID: 3 locID: 102652565709062702 bcsId: 3155} | ret=SUCCESS |  
2019-08-21 02:17:26,938 | INFO  | DNAudit | user=null | ip=null | op=WRITE_CHUNK {blockData=conID: 3 locID: 102652565709062702 bcsId: 3155} | ret=SUCCESS |  
2019-08-21 02:17:26,938 | INFO  | DNAudit | user=null | ip=null | op=WRITE_CHUNK {blockData=conID: 3 locID: 102652565709062702 bcsId: 3155} | ret=SUCCESS |  
2019-08-21 02:17:26,944 | INFO  | DNAudit | user=null | ip=null | op=WRITE_CHUNK {blockData=conID: 3 locID: 102652565709062702 bcsId: 3149} | ret=SUCCESS |  
2019-08-21 02:17:26,944 | INFO  | DNAudit | user=null | ip=null | op=WRITE_CHUNK {blockData=conID: 3 locID: 102652565709062702 bcsId: 3149} | ret=SUCCESS |  
2019-08-21 02:17:26,945 | INFO  | DNAudit | user=null | ip=null | op=PUT_BLOCK {blockData=[blockId=conID: 3 locID: 102652565709062702 bcsId: 0,size=3145728]} | ret=SUCCESS |  
2019-08-21 02:17:26,945 | INFO  | DNAudit | user=null | ip=null | op=PUT_BLOCK {blockData=[blockId=conID: 3 locID: 102652565709062702 bcsId: 0,size=3145728]} | ret=SUCCESS |  
2019-08-21 02:17:26,946 | INFO  | DNAudit | user=null | ip=null | op=WRITE_CHUNK {blockData=conID: 3 locID: 102652565709062702 bcsId: 3155} | ret=SUCCESS |  
2019-08-21 02:17:26,946 | INFO  | DNAudit | user=null | ip=null | op=PUT_BLOCK {blockData=[blockId=conID: 3 locID: 102652565709062702 bcsId: 0,size=4194304]} | ret=SUCCESS |  
2019-08-21 02:17:26,947 [grpc-default-executor-3] INFO  client.GrpcClientProtocolClient (GrpcClientProtocolClient.java:onNext(255)) - client-54CC064C3FCE->8224e767-71c1-41fc-a01a-d172d48fd9d8: receive RaftClientReply:client-54CC064C3FCE->8224e767-71c1-41fc-a01a-d172d48fd9d8@group-F6B37CC92441, cid=2153, SUCCESS, logIndex=3158, commits[8224e767-71c1-41fc-a01a-d172d48fd9d8:c3159, 6eae0c21-01aa-4169-956f-5952b26ea7ba:c3155, 8d7dcba1-3b82-4d94-a832-514ef5c79cf8:c3155]
2019-08-21 02:17:26,947 [grpc-default-executor-3] INFO  client.GrpcClientProtocolClient (GrpcClientProtocolClient.java:onNext(255)) - client-54CC064C3FCE->8224e767-71c1-41fc-a01a-d172d48fd9d8: receive RaftClientReply:client-54CC064C3FCE->8224e767-71c1-41fc-a01a-d172d48fd9d8@group-F6B37CC92441, cid=2154, SUCCESS, logIndex=3159, commits[8224e767-71c1-41fc-a01a-d172d48fd9d8:c3159, 6eae0c21-01aa-4169-956f-5952b26ea7ba:c3155, 8d7dcba1-3b82-4d94-a832-514ef5c79cf8:c3155]
2019-08-21 02:17:26,961 | INFO  | DNAudit | user=null | ip=null | op=WRITE_CHUNK {blockData=conID: 3 locID: 102652565709062702 bcsId: 3155} | ret=SUCCESS |  
2019-08-21 02:17:26,962 | INFO  | DNAudit | user=null | ip=null | op=WRITE_CHUNK {blockData=conID: 3 locID: 102652565709062702 bcsId: 3155} | ret=SUCCESS |  
2019-08-21 02:17:26,962 | INFO  | DNAudit | user=null | ip=null | op=PUT_BLOCK {blockData=[blockId=conID: 3 locID: 102652565709062702 bcsId: 0,size=4194304]} | ret=SUCCESS |  
2019-08-21 02:17:26,962 | INFO  | DNAudit | user=null | ip=null | op=PUT_BLOCK {blockData=[blockId=conID: 3 locID: 102652565709062702 bcsId: 0,size=4194304]} | ret=SUCCESS |  
2019-08-21 02:17:26,962 [grpc-default-executor-4] INFO  client.GrpcClientProtocolClient (GrpcClientProtocolClient.java:onNext(255)) - client-54CC064C3FCE->8224e767-71c1-41fc-a01a-d172d48fd9d8: receive RaftClientReply:client-54CC064C3FCE->8224e767-71c1-41fc-a01a-d172d48fd9d8@group-F6B37CC92441, cid=2155, SUCCESS, logIndex=0, commits[8224e767-71c1-41fc-a01a-d172d48fd9d8:c3160, 6eae0c21-01aa-4169-956f-5952b26ea7ba:c3159, 8d7dcba1-3b82-4d94-a832-514ef5c79cf8:c3159]
2019-08-21 02:17:26,967 | INFO  | SCMAudit | user=jenkins1000 | ip=192.168.34.10 | op=ALLOCATE_BLOCK {owner=b6f66289-f2a0-4058-b052-0a85e40df67b, size=4194304, type=RATIS, factor=THREE} | ret=SUCCESS |  
2019-08-21 02:17:26,970 | INFO  | OMAudit | user=jenkins1000 | ip=127.0.0.1 | op=ALLOCATE_BLOCK {volume=vol-0-90982, bucket=bucket-0-24269, key=key-0-81262, dataSize=0, replicationType=null, replicationFactor=null, keyLocationInfo=null, clientID=102652564580991378} | ret=SUCCESS |  
2019-08-21 02:17:26,977 | INFO  | DNAudit | user=null | ip=null | op=WRITE_CHUNK {blockData=conID: 1 locID: 102652565714829871 bcsId: 0} | ret=SUCCESS |  
2019-08-21 02:17:26,981 | INFO  | DNAudit | user=null | ip=null | op=WRITE_CHUNK {blockData=conID: 1 locID: 102652565714829871 bcsId: 0} | ret=SUCCESS |  
2019-08-21 02:17:26,981 | INFO  | DNAudit | user=null | ip=null | op=WRITE_CHUNK {blockData=conID: 1 locID: 102652565714829871 bcsId: 0} | ret=SUCCESS |  
2019-08-21 02:17:26,981 | INFO  | DNAudit | user=null | ip=null | op=WRITE_CHUNK {blockData=conID: 1 locID: 102652565714829871 bcsId: 0} | ret=SUCCESS |  
2019-08-21 02:17:26,984 | INFO  | DNAudit | user=null | ip=null | op=WRITE_CHUNK {blockData=conID: 1 locID: 102652565714829871 bcsId: 0} | ret=SUCCESS |  
2019-08-21 02:17:26,984 | INFO  | DNAudit | user=null | ip=null | op=WRITE_CHUNK {blockData=conID: 1 locID: 102652565714829871 bcsId: 0} | ret=SUCCESS |  
2019-08-21 02:17:26,990 | INFO  | DNAudit | user=null | ip=null | op=WRITE_CHUNK {blockData=conID: 1 locID: 102652565714829871 bcsId: 0} | ret=SUCCESS |  
2019-08-21 02:17:26,991 | INFO  | DNAudit | user=null | ip=null | op=PUT_BLOCK {blockData=[blockId=conID: 1 locID: 102652565714829871 bcsId: 0,size=1048576]} | ret=SUCCESS |  
2019-08-21 02:17:26,991 [grpc-default-executor-4] INFO  client.GrpcClientProtocolClient (GrpcClientProtocolClient.java:onNext(255)) - client-54CC064C3FCE->8224e767-71c1-41fc-a01a-d172d48fd9d8: receive RaftClientReply:client-54CC064C3FCE->8224e767-71c1-41fc-a01a-d172d48fd9d8@group-F6B37CC92441, cid=2156, SUCCESS, logIndex=3162, commits[8224e767-71c1-41fc-a01a-d172d48fd9d8:c3163, 6eae0c21-01aa-4169-956f-5952b26ea7ba:c3161, 8d7dcba1-3b82-4d94-a832-514ef5c79cf8:c3161]
2019-08-21 02:17:26,991 [grpc-default-executor-4] INFO  client.GrpcClientProtocolClient (GrpcClientProtocolClient.java:onNext(255)) - client-54CC064C3FCE->8224e767-71c1-41fc-a01a-d172d48fd9d8: receive RaftClientReply:client-54CC064C3FCE->8224e767-71c1-41fc-a01a-d172d48fd9d8@group-F6B37CC92441, cid=2157, SUCCESS, logIndex=3163, commits[8224e767-71c1-41fc-a01a-d172d48fd9d8:c3163, 6eae0c21-01aa-4169-956f-5952b26ea7ba:c3161, 8d7dcba1-3b82-4d94-a832-514ef5c79cf8:c3161]
2019-08-21 02:17:26,992 | INFO  | DNAudit | user=null | ip=null | op=WRITE_CHUNK {blockData=conID: 1 locID: 102652565714829871 bcsId: 0} | ret=SUCCESS |  
2019-08-21 02:17:26,992 | INFO  | DNAudit | user=null | ip=null | op=PUT_BLOCK {blockData=[blockId=conID: 1 locID: 102652565714829871 bcsId: 0,size=2097152]} | ret=SUCCESS |  
2019-08-21 02:17:26,992 [grpc-default-executor-2] INFO  client.GrpcClientProtocolClient (GrpcClientProtocolClient.java:onNext(255)) - client-54CC064C3FCE->8224e767-71c1-41fc-a01a-d172d48fd9d8: receive RaftClientReply:client-54CC064C3FCE->8224e767-71c1-41fc-a01a-d172d48fd9d8@group-F6B37CC92441, cid=2158, SUCCESS, logIndex=3164, commits[8224e767-71c1-41fc-a01a-d172d48fd9d8:c3165, 6eae0c21-01aa-4169-956f-5952b26ea7ba:c3161, 8d7dcba1-3b82-4d94-a832-514ef5c79cf8:c3161]
2019-08-21 02:17:26,993 [grpc-default-executor-2] INFO  client.GrpcClientProtocolClient (GrpcClientProtocolClient.java:onNext(255)) - client-54CC064C3FCE->8224e767-71c1-41fc-a01a-d172d48fd9d8: receive RaftClientReply:client-54CC064C3FCE->8224e767-71c1-41fc-a01a-d172d48fd9d8@group-F6B37CC92441, cid=2159, SUCCESS, logIndex=3165, commits[8224e767-71c1-41fc-a01a-d172d48fd9d8:c3165, 6eae0c21-01aa-4169-956f-5952b26ea7ba:c3161, 8d7dcba1-3b82-4d94-a832-514ef5c79cf8:c3161]
2019-08-21 02:17:26,993 | INFO  | DNAudit | user=null | ip=null | op=WRITE_CHUNK {blockData=conID: 1 locID: 102652565714829871 bcsId: 0} | ret=SUCCESS |  
2019-08-21 02:17:26,993 | INFO  | DNAudit | user=null | ip=null | op=PUT_BLOCK {blockData=[blockId=conID: 1 locID: 102652565714829871 bcsId: 0,size=1048576]} | ret=SUCCESS |  
2019-08-21 02:17:26,994 | INFO  | DNAudit | user=null | ip=null | op=WRITE_CHUNK {blockData=conID: 1 locID: 102652565714829871 bcsId: 0} | ret=SUCCESS |  
2019-08-21 02:17:26,994 | INFO  | DNAudit | user=null | ip=null | op=PUT_BLOCK {blockData=[blockId=conID: 1 locID: 102652565714829871 bcsId: 0,size=1048576]} | ret=SUCCESS |  
2019-08-21 02:17:26,995 | INFO  | DNAudit | user=null | ip=null | op=WRITE_CHUNK {blockData=conID: 1 locID: 102652565714829871 bcsId: 0} | ret=SUCCESS |  
2019-08-21 02:17:26,995 | INFO  | DNAudit | user=null | ip=null | op=WRITE_CHUNK {blockData=conID: 1 locID: 102652565714829871 bcsId: 0} | ret=SUCCESS |  
2019-08-21 02:17:26,995 | INFO  | DNAudit | user=null | ip=null | op=PUT_BLOCK {blockData=[blockId=conID: 1 locID: 102652565714829871 bcsId: 0,size=2097152]} | ret=SUCCESS |  
2019-08-21 02:17:26,995 | INFO  | DNAudit | user=null | ip=null | op=PUT_BLOCK {blockData=[blockId=conID: 1 locID: 102652565714829871 bcsId: 0,size=2097152]} | ret=SUCCESS |  
2019-08-21 02:17:26,995 [grpc-default-executor-4] INFO  client.GrpcClientProtocolClient (GrpcClientProtocolClient.java:onNext(255)) - client-54CC064C3FCE->8224e767-71c1-41fc-a01a-d172d48fd9d8: receive RaftClientReply:client-54CC064C3FCE->8224e767-71c1-41fc-a01a-d172d48fd9d8@group-F6B37CC92441, cid=2160, SUCCESS, logIndex=0, commits[8224e767-71c1-41fc-a01a-d172d48fd9d8:c3167, 6eae0c21-01aa-4169-956f-5952b26ea7ba:c3163, 8d7dcba1-3b82-4d94-a832-514ef5c79cf8:c3163]
2019-08-21 02:17:27,001 | INFO  | DNAudit | user=null | ip=null | op=WRITE_CHUNK {blockData=conID: 1 locID: 102652565714829871 bcsId: 3165} | ret=SUCCESS |  
2019-08-21 02:17:27,004 | INFO  | DNAudit | user=null | ip=null | op=WRITE_CHUNK {blockData=conID: 1 locID: 102652565714829871 bcsId: 3165} | ret=SUCCESS |  
2019-08-21 02:17:27,004 | INFO  | DNAudit | user=null | ip=null | op=WRITE_CHUNK {blockData=conID: 1 locID: 102652565714829871 bcsId: 3165} | ret=SUCCESS |  
2019-08-21 02:17:27,014 | INFO  | DNAudit | user=null | ip=null | op=WRITE_CHUNK {blockData=conID: 1 locID: 102652565714829871 bcsId: 3165} | ret=SUCCESS |  
2019-08-21 02:17:27,014 | INFO  | DNAudit | user=null | ip=null | op=PUT_BLOCK {blockData=[blockId=conID: 1 locID: 102652565714829871 bcsId: 0,size=3145728]} | ret=SUCCESS |  
2019-08-21 02:17:27,015 [grpc-default-executor-2] INFO  client.GrpcClientProtocolClient (GrpcClientProtocolClient.java:onNext(255)) - client-54CC064C3FCE->8224e767-71c1-41fc-a01a-d172d48fd9d8: receive RaftClientReply:client-54CC064C3FCE->8224e767-71c1-41fc-a01a-d172d48fd9d8@group-F6B37CC92441, cid=2161, SUCCESS, logIndex=3170, commits[8224e767-71c1-41fc-a01a-d172d48fd9d8:c3171, 6eae0c21-01aa-4169-956f-5952b26ea7ba:c3169, 8d7dcba1-3b82-4d94-a832-514ef5c79cf8:c3169]
2019-08-21 02:17:27,015 [grpc-default-executor-2] INFO  client.GrpcClientProtocolClient (GrpcClientProtocolClient.java:onNext(255)) - client-54CC064C3FCE->8224e767-71c1-41fc-a01a-d172d48fd9d8: receive RaftClientReply:client-54CC064C3FCE->8224e767-71c1-41fc-a01a-d172d48fd9d8@group-F6B37CC92441, cid=2162, SUCCESS, logIndex=3171, commits[8224e767-71c1-41fc-a01a-d172d48fd9d8:c3171, 6eae0c21-01aa-4169-956f-5952b26ea7ba:c3169, 8d7dcba1-3b82-4d94-a832-514ef5c79cf8:c3169]
2019-08-21 02:17:27,021 | INFO  | DNAudit | user=null | ip=null | op=WRITE_CHUNK {blockData=conID: 1 locID: 102652565714829871 bcsId: 3171} | ret=SUCCESS |  
2019-08-21 02:17:27,023 | INFO  | DNAudit | user=null | ip=null | op=WRITE_CHUNK {blockData=conID: 1 locID: 102652565714829871 bcsId: 3171} | ret=SUCCESS |  
2019-08-21 02:17:27,024 | INFO  | DNAudit | user=null | ip=null | op=WRITE_CHUNK {blockData=conID: 1 locID: 102652565714829871 bcsId: 3171} | ret=SUCCESS |  
2019-08-21 02:17:27,026 | INFO  | DNAudit | user=null | ip=null | op=WRITE_CHUNK {blockData=conID: 1 locID: 102652565714829871 bcsId: 3165} | ret=SUCCESS |  
2019-08-21 02:17:27,026 | INFO  | DNAudit | user=null | ip=null | op=WRITE_CHUNK {blockData=conID: 1 locID: 102652565714829871 bcsId: 3165} | ret=SUCCESS |  
2019-08-21 02:17:27,026 | INFO  | DNAudit | user=null | ip=null | op=PUT_BLOCK {blockData=[blockId=conID: 1 locID: 102652565714829871 bcsId: 0,size=3145728]} | ret=SUCCESS |  
2019-08-21 02:17:27,026 | INFO  | DNAudit | user=null | ip=null | op=PUT_BLOCK {blockData=[blockId=conID: 1 locID: 102652565714829871 bcsId: 0,size=3145728]} | ret=SUCCESS |  
2019-08-21 02:17:27,029 | INFO  | DNAudit | user=null | ip=null | op=WRITE_CHUNK {blockData=conID: 1 locID: 102652565714829871 bcsId: 3171} | ret=SUCCESS |  
2019-08-21 02:17:27,029 | INFO  | DNAudit | user=null | ip=null | op=PUT_BLOCK {blockData=[blockId=conID: 1 locID: 102652565714829871 bcsId: 0,size=4194304]} | ret=SUCCESS |  
2019-08-21 02:17:27,029 [grpc-default-executor-2] INFO  client.GrpcClientProtocolClient (GrpcClientProtocolClient.java:onNext(255)) - client-54CC064C3FCE->8224e767-71c1-41fc-a01a-d172d48fd9d8: receive RaftClientReply:client-54CC064C3FCE->8224e767-71c1-41fc-a01a-d172d48fd9d8@group-F6B37CC92441, cid=2163, SUCCESS, logIndex=3174, commits[8224e767-71c1-41fc-a01a-d172d48fd9d8:c3175, 6eae0c21-01aa-4169-956f-5952b26ea7ba:c3171, 8d7dcba1-3b82-4d94-a832-514ef5c79cf8:c3171]
2019-08-21 02:17:27,030 [grpc-default-executor-2] INFO  client.GrpcClientProtocolClient (GrpcClientProtocolClient.java:onNext(255)) - client-54CC064C3FCE->8224e767-71c1-41fc-a01a-d172d48fd9d8: receive RaftClientReply:client-54CC064C3FCE->8224e767-71c1-41fc-a01a-d172d48fd9d8@group-F6B37CC92441, cid=2164, SUCCESS, logIndex=3175, commits[8224e767-71c1-41fc-a01a-d172d48fd9d8:c3175, 6eae0c21-01aa-4169-956f-5952b26ea7ba:c3171, 8d7dcba1-3b82-4d94-a832-514ef5c79cf8:c3171]
2019-08-21 02:17:27,041 | INFO  | DNAudit | user=null | ip=null | op=WRITE_CHUNK {blockData=conID: 1 locID: 102652565714829871 bcsId: 3171} | ret=SUCCESS |  
2019-08-21 02:17:27,041 | INFO  | DNAudit | user=null | ip=null | op=WRITE_CHUNK {blockData=conID: 1 locID: 102652565714829871 bcsId: 3171} | ret=SUCCESS |  
2019-08-21 02:17:27,043 | INFO  | DNAudit | user=null | ip=null | op=PUT_BLOCK {blockData=[blockId=conID: 1 locID: 102652565714829871 bcsId: 0,size=4194304]} | ret=SUCCESS |  
2019-08-21 02:17:27,043 | INFO  | DNAudit | user=null | ip=null | op=PUT_BLOCK {blockData=[blockId=conID: 1 locID: 102652565714829871 bcsId: 0,size=4194304]} | ret=SUCCESS |  
2019-08-21 02:17:27,044 [grpc-default-executor-3] INFO  client.GrpcClientProtocolClient (GrpcClientProtocolClient.java:onNext(255)) - client-54CC064C3FCE->8224e767-71c1-41fc-a01a-d172d48fd9d8: receive RaftClientReply:client-54CC064C3FCE->8224e767-71c1-41fc-a01a-d172d48fd9d8@group-F6B37CC92441, cid=2165, SUCCESS, logIndex=0, commits[8224e767-71c1-41fc-a01a-d172d48fd9d8:c3177, 6eae0c21-01aa-4169-956f-5952b26ea7ba:c3175, 8d7dcba1-3b82-4d94-a832-514ef5c79cf8:c3175]
2019-08-21 02:17:27,049 | INFO  | SCMAudit | user=jenkins1000 | ip=192.168.34.10 | op=ALLOCATE_BLOCK {owner=b6f66289-f2a0-4058-b052-0a85e40df67b, size=4194304, type=RATIS, factor=THREE} | ret=SUCCESS |  
2019-08-21 02:17:27,052 | INFO  | OMAudit | user=jenkins1000 | ip=127.0.0.1 | op=ALLOCATE_BLOCK {volume=vol-0-90982, bucket=bucket-0-24269, key=key-0-81262, dataSize=0, replicationType=null, replicationFactor=null, keyLocationInfo=null, clientID=102652564580991378} | ret=SUCCESS |  
2019-08-21 02:17:27,058 | INFO  | DNAudit | user=null | ip=null | op=WRITE_CHUNK {blockData=conID: 2 locID: 102652565720203824 bcsId: 0} | ret=SUCCESS |  
2019-08-21 02:17:27,060 | INFO  | DNAudit | user=null | ip=null | op=WRITE_CHUNK {blockData=conID: 2 locID: 102652565720203824 bcsId: 0} | ret=SUCCESS |  
2019-08-21 02:17:27,060 | INFO  | DNAudit | user=null | ip=null | op=WRITE_CHUNK {blockData=conID: 2 locID: 102652565720203824 bcsId: 0} | ret=SUCCESS |  
2019-08-21 02:17:27,061 | INFO  | DNAudit | user=null | ip=null | op=WRITE_CHUNK {blockData=conID: 2 locID: 102652565720203824 bcsId: 0} | ret=SUCCESS |  
2019-08-21 02:17:27,062 | INFO  | DNAudit | user=null | ip=null | op=WRITE_CHUNK {blockData=conID: 2 locID: 102652565720203824 bcsId: 0} | ret=SUCCESS |  
2019-08-21 02:17:27,062 | INFO  | DNAudit | user=null | ip=null | op=WRITE_CHUNK {blockData=conID: 2 locID: 102652565720203824 bcsId: 0} | ret=SUCCESS |  
2019-08-21 02:17:27,070 | INFO  | DNAudit | user=null | ip=null | op=WRITE_CHUNK {blockData=conID: 2 locID: 102652565720203824 bcsId: 0} | ret=SUCCESS |  
2019-08-21 02:17:27,071 | INFO  | DNAudit | user=null | ip=null | op=PUT_BLOCK {blockData=[blockId=conID: 2 locID: 102652565720203824 bcsId: 0,size=1048576]} | ret=SUCCESS |  
2019-08-21 02:17:27,071 [grpc-default-executor-1] INFO  client.GrpcClientProtocolClient (GrpcClientProtocolClient.java:onNext(255)) - client-54CC064C3FCE->8224e767-71c1-41fc-a01a-d172d48fd9d8: receive RaftClientReply:client-54CC064C3FCE->8224e767-71c1-41fc-a01a-d172d48fd9d8@group-F6B37CC92441, cid=2166, SUCCESS, logIndex=3178, commits[8224e767-71c1-41fc-a01a-d172d48fd9d8:c3180, 6eae0c21-01aa-4169-956f-5952b26ea7ba:c3177, 8d7dcba1-3b82-4d94-a832-514ef5c79cf8:c3177]
2019-08-21 02:17:27,071 | INFO  | DNAudit | user=null | ip=null | op=WRITE_CHUNK {blockData=conID: 2 locID: 102652565720203824 bcsId: 0} | ret=SUCCESS |  
2019-08-21 02:17:27,071 | INFO  | DNAudit | user=null | ip=null | op=PUT_BLOCK {blockData=[blockId=conID: 2 locID: 102652565720203824 bcsId: 0,size=2097152]} | ret=SUCCESS |  
2019-08-21 02:17:27,071 [grpc-default-executor-1] INFO  client.GrpcClientProtocolClient (GrpcClientProtocolClient.java:onNext(255)) - client-54CC064C3FCE->8224e767-71c1-41fc-a01a-d172d48fd9d8: receive RaftClientReply:client-54CC064C3FCE->8224e767-71c1-41fc-a01a-d172d48fd9d8@group-F6B37CC92441, cid=2167, SUCCESS, logIndex=3179, commits[8224e767-71c1-41fc-a01a-d172d48fd9d8:c3181, 6eae0c21-01aa-4169-956f-5952b26ea7ba:c3177, 8d7dcba1-3b82-4d94-a832-514ef5c79cf8:c3177]
2019-08-21 02:17:27,072 | INFO  | DNAudit | user=null | ip=null | op=WRITE_CHUNK {blockData=conID: 2 locID: 102652565720203824 bcsId: 0} | ret=SUCCESS |  
2019-08-21 02:17:27,072 [grpc-default-executor-2] INFO  client.GrpcClientProtocolClient (GrpcClientProtocolClient.java:onNext(255)) - client-54CC064C3FCE->8224e767-71c1-41fc-a01a-d172d48fd9d8: receive RaftClientReply:client-54CC064C3FCE->8224e767-71c1-41fc-a01a-d172d48fd9d8@group-F6B37CC92441, cid=2168, SUCCESS, logIndex=3180, commits[8224e767-71c1-41fc-a01a-d172d48fd9d8:c3181, 6eae0c21-01aa-4169-956f-5952b26ea7ba:c3177, 8d7dcba1-3b82-4d94-a832-514ef5c79cf8:c3177]
2019-08-21 02:17:27,072 [grpc-default-executor-2] INFO  client.GrpcClientProtocolClient (GrpcClientProtocolClient.java:onNext(255)) - client-54CC064C3FCE->8224e767-71c1-41fc-a01a-d172d48fd9d8: receive RaftClientReply:client-54CC064C3FCE->8224e767-71c1-41fc-a01a-d172d48fd9d8@group-F6B37CC92441, cid=2169, SUCCESS, logIndex=3181, commits[8224e767-71c1-41fc-a01a-d172d48fd9d8:c3181, 6eae0c21-01aa-4169-956f-5952b26ea7ba:c3177, 8d7dcba1-3b82-4d94-a832-514ef5c79cf8:c3177]
2019-08-21 02:17:27,073 | INFO  | DNAudit | user=null | ip=null | op=PUT_BLOCK {blockData=[blockId=conID: 2 locID: 102652565720203824 bcsId: 0,size=1048576]} | ret=SUCCESS |  
2019-08-21 02:17:27,073 | INFO  | DNAudit | user=null | ip=null | op=WRITE_CHUNK {blockData=conID: 2 locID: 102652565720203824 bcsId: 0} | ret=SUCCESS |  
2019-08-21 02:17:27,073 | INFO  | DNAudit | user=null | ip=null | op=WRITE_CHUNK {blockData=conID: 2 locID: 102652565720203824 bcsId: 0} | ret=SUCCESS |  
2019-08-21 02:17:27,073 | INFO  | DNAudit | user=null | ip=null | op=PUT_BLOCK {blockData=[blockId=conID: 2 locID: 102652565720203824 bcsId: 0,size=1048576]} | ret=SUCCESS |  
2019-08-21 02:17:27,073 | INFO  | DNAudit | user=null | ip=null | op=PUT_BLOCK {blockData=[blockId=conID: 2 locID: 102652565720203824 bcsId: 0,size=2097152]} | ret=SUCCESS |  
2019-08-21 02:17:27,074 | INFO  | DNAudit | user=null | ip=null | op=WRITE_CHUNK {blockData=conID: 2 locID: 102652565720203824 bcsId: 0} | ret=SUCCESS |  
2019-08-21 02:17:27,074 | INFO  | DNAudit | user=null | ip=null | op=PUT_BLOCK {blockData=[blockId=conID: 2 locID: 102652565720203824 bcsId: 0,size=2097152]} | ret=SUCCESS |  
2019-08-21 02:17:27,074 [grpc-default-executor-1] INFO  client.GrpcClientProtocolClient (GrpcClientProtocolClient.java:onNext(255)) - client-54CC064C3FCE->8224e767-71c1-41fc-a01a-d172d48fd9d8: receive RaftClientReply:client-54CC064C3FCE->8224e767-71c1-41fc-a01a-d172d48fd9d8@group-F6B37CC92441, cid=2170, SUCCESS, logIndex=0, commits[8224e767-71c1-41fc-a01a-d172d48fd9d8:c3184, 6eae0c21-01aa-4169-956f-5952b26ea7ba:c3180, 8d7dcba1-3b82-4d94-a832-514ef5c79cf8:c3179]
2019-08-21 02:17:27,080 | INFO  | DNAudit | user=null | ip=null | op=WRITE_CHUNK {blockData=conID: 2 locID: 102652565720203824 bcsId: 3181} | ret=SUCCESS |  
2019-08-21 02:17:27,082 | INFO  | DNAudit | user=null | ip=null | op=WRITE_CHUNK {blockData=conID: 2 locID: 102652565720203824 bcsId: 3181} | ret=SUCCESS |  
2019-08-21 02:17:27,083 | INFO  | DNAudit | user=null | ip=null | op=WRITE_CHUNK {blockData=conID: 2 locID: 102652565720203824 bcsId: 3181} | ret=SUCCESS |  
2019-08-21 02:17:27,092 | INFO  | DNAudit | user=null | ip=null | op=WRITE_CHUNK {blockData=conID: 2 locID: 102652565720203824 bcsId: 3181} | ret=SUCCESS |  
2019-08-21 02:17:27,093 | INFO  | DNAudit | user=null | ip=null | op=PUT_BLOCK {blockData=[blockId=conID: 2 locID: 102652565720203824 bcsId: 0,size=3145728]} | ret=SUCCESS |  
2019-08-21 02:17:27,093 [grpc-default-executor-1] INFO  client.GrpcClientProtocolClient (GrpcClientProtocolClient.java:onNext(255)) - client-54CC064C3FCE->8224e767-71c1-41fc-a01a-d172d48fd9d8: receive RaftClientReply:client-54CC064C3FCE->8224e767-71c1-41fc-a01a-d172d48fd9d8@group-F6B37CC92441, cid=2171, SUCCESS, logIndex=3186, commits[8224e767-71c1-41fc-a01a-d172d48fd9d8:c3187, 6eae0c21-01aa-4169-956f-5952b26ea7ba:c3185, 8d7dcba1-3b82-4d94-a832-514ef5c79cf8:c3185]
2019-08-21 02:17:27,093 [grpc-default-executor-1] INFO  client.GrpcClientProtocolClient (GrpcClientProtocolClient.java:onNext(255)) - client-54CC064C3FCE->8224e767-71c1-41fc-a01a-d172d48fd9d8: receive RaftClientReply:client-54CC064C3FCE->8224e767-71c1-41fc-a01a-d172d48fd9d8@group-F6B37CC92441, cid=2172, SUCCESS, logIndex=3187, commits[8224e767-71c1-41fc-a01a-d172d48fd9d8:c3187, 6eae0c21-01aa-4169-956f-5952b26ea7ba:c3185, 8d7dcba1-3b82-4d94-a832-514ef5c79cf8:c3185]
2019-08-21 02:17:27,098 | INFO  | DNAudit | user=null | ip=null | op=WRITE_CHUNK {blockData=conID: 2 locID: 102652565720203824 bcsId: 3187} | ret=SUCCESS |  
 0.00% |█                                                                                                    |  0/1 Time: 0:00:172019-08-21 02:17:27,099 | INFO  | SCMAudit | user=jenkins1000 | ip=192.168.34.10 | op=SEND_HEARTBEAT {datanodeUUID=3def7c30-cb13-4f41-8119-6188f246ad27, command=[]} | ret=SUCCESS |  
2019-08-21 02:17:27,099 | INFO  | SCMAudit | user=jenkins1000 | ip=192.168.34.10 | op=SEND_HEARTBEAT {datanodeUUID=94764dae-819c-4b7e-92f1-9cd6c64427b7, command=[]} | ret=SUCCESS |  
2019-08-21 02:17:27,101 | INFO  | DNAudit | user=null | ip=null | op=WRITE_CHUNK {blockData=conID: 2 locID: 102652565720203824 bcsId: 3187} | ret=SUCCESS |  
2019-08-21 02:17:27,101 | INFO  | DNAudit | user=null | ip=null | op=WRITE_CHUNK {blockData=conID: 2 locID: 102652565720203824 bcsId: 3187} | ret=SUCCESS |  
2019-08-21 02:17:27,103 | INFO  | DNAudit | user=null | ip=null | op=WRITE_CHUNK {blockData=conID: 2 locID: 102652565720203824 bcsId: 3181} | ret=SUCCESS |  
2019-08-21 02:17:27,104 | INFO  | DNAudit | user=null | ip=null | op=WRITE_CHUNK {blockData=conID: 2 locID: 102652565720203824 bcsId: 3181} | ret=SUCCESS |  
2019-08-21 02:17:27,104 | INFO  | SCMAudit | user=jenkins1000 | ip=192.168.34.10 | op=SEND_HEARTBEAT {datanodeUUID=6eae0c21-01aa-4169-956f-5952b26ea7ba, command=[]} | ret=SUCCESS |  
2019-08-21 02:17:27,104 | INFO  | SCMAudit | user=jenkins1000 | ip=192.168.34.10 | op=SEND_HEARTBEAT {datanodeUUID=8d7dcba1-3b82-4d94-a832-514ef5c79cf8, command=[]} | ret=SUCCESS |  
2019-08-21 02:17:27,105 | INFO  | SCMAudit | user=jenkins1000 | ip=192.168.34.10 | op=SEND_HEARTBEAT {datanodeUUID=8224e767-71c1-41fc-a01a-d172d48fd9d8, command=[]} | ret=SUCCESS |  
2019-08-21 02:17:27,106 | INFO  | DNAudit | user=null | ip=null | op=PUT_BLOCK {blockData=[blockId=conID: 2 locID: 102652565720203824 bcsId: 0,size=3145728]} | ret=SUCCESS |  
2019-08-21 02:17:27,106 | INFO  | DNAudit | user=null | ip=null | op=PUT_BLOCK {blockData=[blockId=conID: 2 locID: 102652565720203824 bcsId: 0,size=3145728]} | ret=SUCCESS |  
2019-08-21 02:17:27,107 | INFO  | DNAudit | user=null | ip=null | op=WRITE_CHUNK {blockData=conID: 2 locID: 102652565720203824 bcsId: 3187} | ret=SUCCESS |  
2019-08-21 02:17:27,107 | INFO  | DNAudit | user=null | ip=null | op=PUT_BLOCK {blockData=[blockId=conID: 2 locID: 102652565720203824 bcsId: 0,size=4194304]} | ret=SUCCESS |  
2019-08-21 02:17:27,107 [grpc-default-executor-3] INFO  client.GrpcClientProtocolClient (GrpcClientProtocolClient.java:onNext(255)) - client-54CC064C3FCE->8224e767-71c1-41fc-a01a-d172d48fd9d8: receive RaftClientReply:client-54CC064C3FCE->8224e767-71c1-41fc-a01a-d172d48fd9d8@group-F6B37CC92441, cid=2173, SUCCESS, logIndex=3190, commits[8224e767-71c1-41fc-a01a-d172d48fd9d8:c3191, 6eae0c21-01aa-4169-956f-5952b26ea7ba:c3187, 8d7dcba1-3b82-4d94-a832-514ef5c79cf8:c3187]
2019-08-21 02:17:27,107 [grpc-default-executor-3] INFO  client.GrpcClientProtocolClient (GrpcClientProtocolClient.java:onNext(255)) - client-54CC064C3FCE->8224e767-71c1-41fc-a01a-d172d48fd9d8: receive RaftClientReply:client-54CC064C3FCE->8224e767-71c1-41fc-a01a-d172d48fd9d8@group-F6B37CC92441, cid=2174, SUCCESS, logIndex=3191, commits[8224e767-71c1-41fc-a01a-d172d48fd9d8:c3191, 6eae0c21-01aa-4169-956f-5952b26ea7ba:c3187, 8d7dcba1-3b82-4d94-a832-514ef5c79cf8:c3187]
2019-08-21 02:17:27,118 | INFO  | DNAudit | user=null | ip=null | op=WRITE_CHUNK {blockData=conID: 2 locID: 102652565720203824 bcsId: 3187} | ret=SUCCESS |  
2019-08-21 02:17:27,118 | INFO  | DNAudit | user=null | ip=null | op=WRITE_CHUNK {blockData=conID: 2 locID: 102652565720203824 bcsId: 3187} | ret=SUCCESS |  
2019-08-21 02:17:27,118 | INFO  | DNAudit | user=null | ip=null | op=PUT_BLOCK {blockData=[blockId=conID: 2 locID: 102652565720203824 bcsId: 0,size=4194304]} | ret=SUCCESS |  
2019-08-21 02:17:27,119 | INFO  | DNAudit | user=null | ip=null | op=PUT_BLOCK {blockData=[blockId=conID: 2 locID: 102652565720203824 bcsId: 0,size=4194304]} | ret=SUCCESS |  
2019-08-21 02:17:27,119 [grpc-default-executor-2] INFO  client.GrpcClientProtocolClient (GrpcClientProtocolClient.java:onNext(255)) - client-54CC064C3FCE->8224e767-71c1-41fc-a01a-d172d48fd9d8: receive RaftClientReply:client-54CC064C3FCE->8224e767-71c1-41fc-a01a-d172d48fd9d8@group-F6B37CC92441, cid=2175, SUCCESS, logIndex=0, commits[8224e767-71c1-41fc-a01a-d172d48fd9d8:c3192, 6eae0c21-01aa-4169-956f-5952b26ea7ba:c3191, 8d7dcba1-3b82-4d94-a832-514ef5c79cf8:c3191]
2019-08-21 02:17:27,123 | INFO  | SCMAudit | user=jenkins1000 | ip=192.168.34.10 | op=ALLOCATE_BLOCK {owner=b6f66289-f2a0-4058-b052-0a85e40df67b, size=4194304, type=RATIS, factor=THREE} | ret=SUCCESS |  
2019-08-21 02:17:27,125 | INFO  | OMAudit | user=jenkins1000 | ip=127.0.0.1 | op=ALLOCATE_BLOCK {volume=vol-0-90982, bucket=bucket-0-24269, key=key-0-81262, dataSize=0, replicationType=null, replicationFactor=null, keyLocationInfo=null, clientID=102652564580991378} | ret=SUCCESS |  
2019-08-21 02:17:27,131 | INFO  | DNAudit | user=null | ip=null | op=WRITE_CHUNK {blockData=conID: 3 locID: 102652565725053489 bcsId: 0} | ret=SUCCESS |  
2019-08-21 02:17:27,134 | INFO  | DNAudit | user=null | ip=null | op=WRITE_CHUNK {blockData=conID: 3 locID: 102652565725053489 bcsId: 0} | ret=SUCCESS |  
2019-08-21 02:17:27,134 | INFO  | DNAudit | user=null | ip=null | op=WRITE_CHUNK {blockData=conID: 3 locID: 102652565725053489 bcsId: 0} | ret=SUCCESS |  
2019-08-21 02:17:27,134 | INFO  | DNAudit | user=null | ip=null | op=WRITE_CHUNK {blockData=conID: 3 locID: 102652565725053489 bcsId: 0} | ret=SUCCESS |  
2019-08-21 02:17:27,136 | INFO  | DNAudit | user=null | ip=null | op=WRITE_CHUNK {blockData=conID: 3 locID: 102652565725053489 bcsId: 0} | ret=SUCCESS |  
2019-08-21 02:17:27,136 | INFO  | DNAudit | user=null | ip=null | op=WRITE_CHUNK {blockData=conID: 3 locID: 102652565725053489 bcsId: 0} | ret=SUCCESS |  
2019-08-21 02:17:27,144 | INFO  | DNAudit | user=null | ip=null | op=WRITE_CHUNK {blockData=conID: 3 locID: 102652565725053489 bcsId: 0} | ret=SUCCESS |  
2019-08-21 02:17:27,145 | INFO  | DNAudit | user=null | ip=null | op=PUT_BLOCK {blockData=[blockId=conID: 3 locID: 102652565725053489 bcsId: 0,size=1048576]} | ret=SUCCESS |  
2019-08-21 02:17:27,145 [grpc-default-executor-2] INFO  client.GrpcClientProtocolClient (GrpcClientProtocolClient.java:onNext(255)) - client-54CC064C3FCE->8224e767-71c1-41fc-a01a-d172d48fd9d8: receive RaftClientReply:client-54CC064C3FCE->8224e767-71c1-41fc-a01a-d172d48fd9d8@group-F6B37CC92441, cid=2176, SUCCESS, logIndex=3194, commits[8224e767-71c1-41fc-a01a-d172d48fd9d8:c3197, 6eae0c21-01aa-4169-956f-5952b26ea7ba:c3193, 8d7dcba1-3b82-4d94-a832-514ef5c79cf8:c3193]
2019-08-21 02:17:27,145 | INFO  | DNAudit | user=null | ip=null | op=WRITE_CHUNK {blockData=conID: 3 locID: 102652565725053489 bcsId: 0} | ret=SUCCESS |  
2019-08-21 02:17:27,145 | INFO  | DNAudit | user=null | ip=null | op=PUT_BLOCK {blockData=[blockId=conID: 3 locID: 102652565725053489 bcsId: 0,size=2097152]} | ret=SUCCESS |  
2019-08-21 02:17:27,145 [grpc-default-executor-2] INFO  client.GrpcClientProtocolClient (GrpcClientProtocolClient.java:onNext(255)) - client-54CC064C3FCE->8224e767-71c1-41fc-a01a-d172d48fd9d8: receive RaftClientReply:client-54CC064C3FCE->8224e767-71c1-41fc-a01a-d172d48fd9d8@group-F6B37CC92441, cid=2177, SUCCESS, logIndex=3195, commits[8224e767-71c1-41fc-a01a-d172d48fd9d8:c3197, 6eae0c21-01aa-4169-956f-5952b26ea7ba:c3193, 8d7dcba1-3b82-4d94-a832-514ef5c79cf8:c3193]
2019-08-21 02:17:27,145 [grpc-default-executor-2] INFO  client.GrpcClientProtocolClient (GrpcClientProtocolClient.java:onNext(255)) - client-54CC064C3FCE->8224e767-71c1-41fc-a01a-d172d48fd9d8: receive RaftClientReply:client-54CC064C3FCE->8224e767-71c1-41fc-a01a-d172d48fd9d8@group-F6B37CC92441, cid=2178, SUCCESS, logIndex=3196, commits[8224e767-71c1-41fc-a01a-d172d48fd9d8:c3197, 6eae0c21-01aa-4169-956f-5952b26ea7ba:c3193, 8d7dcba1-3b82-4d94-a832-514ef5c79cf8:c3193]
2019-08-21 02:17:27,146 | INFO  | DNAudit | user=null | ip=null | op=WRITE_CHUNK {blockData=conID: 3 locID: 102652565725053489 bcsId: 0} | ret=SUCCESS |  
2019-08-21 02:17:27,146 [grpc-default-executor-2] INFO  client.GrpcClientProtocolClient (GrpcClientProtocolClient.java:onNext(255)) - client-54CC064C3FCE->8224e767-71c1-41fc-a01a-d172d48fd9d8: receive RaftClientReply:client-54CC064C3FCE->8224e767-71c1-41fc-a01a-d172d48fd9d8@group-F6B37CC92441, cid=2179, SUCCESS, logIndex=3197, commits[8224e767-71c1-41fc-a01a-d172d48fd9d8:c3197, 6eae0c21-01aa-4169-956f-5952b26ea7ba:c3193, 8d7dcba1-3b82-4d94-a832-514ef5c79cf8:c3193]
2019-08-21 02:17:27,146 | INFO  | DNAudit | user=null | ip=null | op=WRITE_CHUNK {blockData=conID: 3 locID: 102652565725053489 bcsId: 0} | ret=SUCCESS |  
2019-08-21 02:17:27,146 | INFO  | DNAudit | user=null | ip=null | op=PUT_BLOCK {blockData=[blockId=conID: 3 locID: 102652565725053489 bcsId: 0,size=1048576]} | ret=SUCCESS |  
2019-08-21 02:17:27,146 | INFO  | DNAudit | user=null | ip=null | op=PUT_BLOCK {blockData=[blockId=conID: 3 locID: 102652565725053489 bcsId: 0,size=1048576]} | ret=SUCCESS |  
2019-08-21 02:17:27,146 | INFO  | DNAudit | user=null | ip=null | op=WRITE_CHUNK {blockData=conID: 3 locID: 102652565725053489 bcsId: 0} | ret=SUCCESS |  
2019-08-21 02:17:27,147 [grpc-default-executor-2] INFO  client.GrpcClientProtocolClient (GrpcClientProtocolClient.java:onNext(255)) - client-54CC064C3FCE->8224e767-71c1-41fc-a01a-d172d48fd9d8: receive RaftClientReply:client-54CC064C3FCE->8224e767-71c1-41fc-a01a-d172d48fd9d8@group-F6B37CC92441, cid=2180, SUCCESS, logIndex=0, commits[8224e767-71c1-41fc-a01a-d172d48fd9d8:c3200, 6eae0c21-01aa-4169-956f-5952b26ea7ba:c3195, 8d7dcba1-3b82-4d94-a832-514ef5c79cf8:c3196]
2019-08-21 02:17:27,147 | INFO  | DNAudit | user=null | ip=null | op=PUT_BLOCK {blockData=[blockId=conID: 3 locID: 102652565725053489 bcsId: 0,size=2097152]} | ret=SUCCESS |  
2019-08-21 02:17:27,147 | INFO  | DNAudit | user=null | ip=null | op=WRITE_CHUNK {blockData=conID: 3 locID: 102652565725053489 bcsId: 0} | ret=SUCCESS |  
2019-08-21 02:17:27,148 | INFO  | DNAudit | user=null | ip=null | op=PUT_BLOCK {blockData=[blockId=conID: 3 locID: 102652565725053489 bcsId: 0,size=2097152]} | ret=SUCCESS |  
2019-08-21 02:17:27,152 | INFO  | DNAudit | user=null | ip=null | op=WRITE_CHUNK {blockData=conID: 3 locID: 102652565725053489 bcsId: 3197} | ret=SUCCESS |  
2019-08-21 02:17:27,154 | INFO  | DNAudit | user=null | ip=null | op=WRITE_CHUNK {blockData=conID: 3 locID: 102652565725053489 bcsId: 3197} | ret=SUCCESS |  
2019-08-21 02:17:27,154 | INFO  | DNAudit | user=null | ip=null | op=WRITE_CHUNK {blockData=conID: 3 locID: 102652565725053489 bcsId: 3197} | ret=SUCCESS |  
2019-08-21 02:17:27,164 | INFO  | DNAudit | user=null | ip=null | op=WRITE_CHUNK {blockData=conID: 3 locID: 102652565725053489 bcsId: 3197} | ret=SUCCESS |  
2019-08-21 02:17:27,164 | INFO  | DNAudit | user=null | ip=null | op=PUT_BLOCK {blockData=[blockId=conID: 3 locID: 102652565725053489 bcsId: 0,size=3145728]} | ret=SUCCESS |  
2019-08-21 02:17:27,164 [grpc-default-executor-3] INFO  client.GrpcClientProtocolClient (GrpcClientProtocolClient.java:onNext(255)) - client-54CC064C3FCE->8224e767-71c1-41fc-a01a-d172d48fd9d8: receive RaftClientReply:client-54CC064C3FCE->8224e767-71c1-41fc-a01a-d172d48fd9d8@group-F6B37CC92441, cid=2181, SUCCESS, logIndex=3202, commits[8224e767-71c1-41fc-a01a-d172d48fd9d8:c3203, 6eae0c21-01aa-4169-956f-5952b26ea7ba:c3201, 8d7dcba1-3b82-4d94-a832-514ef5c79cf8:c3201]
2019-08-21 02:17:27,165 [grpc-default-executor-3] INFO  client.GrpcClientProtocolClient (GrpcClientProtocolClient.java:onNext(255)) - client-54CC064C3FCE->8224e767-71c1-41fc-a01a-d172d48fd9d8: receive RaftClientReply:client-54CC064C3FCE->8224e767-71c1-41fc-a01a-d172d48fd9d8@group-F6B37CC92441, cid=2182, SUCCESS, logIndex=3203, commits[8224e767-71c1-41fc-a01a-d172d48fd9d8:c3203, 6eae0c21-01aa-4169-956f-5952b26ea7ba:c3201, 8d7dcba1-3b82-4d94-a832-514ef5c79cf8:c3201]
2019-08-21 02:17:27,170 | INFO  | DNAudit | user=null | ip=null | op=WRITE_CHUNK {blockData=conID: 3 locID: 102652565725053489 bcsId: 3203} | ret=SUCCESS |  
2019-08-21 02:17:27,172 | INFO  | DNAudit | user=null | ip=null | op=WRITE_CHUNK {blockData=conID: 3 locID: 102652565725053489 bcsId: 3203} | ret=SUCCESS |  
2019-08-21 02:17:27,172 | INFO  | DNAudit | user=null | ip=null | op=WRITE_CHUNK {blockData=conID: 3 locID: 102652565725053489 bcsId: 3203} | ret=SUCCESS |  
2019-08-21 02:17:27,192 | INFO  | DNAudit | user=null | ip=null | op=WRITE_CHUNK {blockData=conID: 3 locID: 102652565725053489 bcsId: 3197} | ret=SUCCESS |  
2019-08-21 02:17:27,193 | INFO  | DNAudit | user=null | ip=null | op=WRITE_CHUNK {blockData=conID: 3 locID: 102652565725053489 bcsId: 3197} | ret=SUCCESS |  
2019-08-21 02:17:27,195 | INFO  | DNAudit | user=null | ip=null | op=PUT_BLOCK {blockData=[blockId=conID: 3 locID: 102652565725053489 bcsId: 0,size=3145728]} | ret=SUCCESS |  
2019-08-21 02:17:27,195 | INFO  | DNAudit | user=null | ip=null | op=PUT_BLOCK {blockData=[blockId=conID: 3 locID: 102652565725053489 bcsId: 0,size=3145728]} | ret=SUCCESS |  
2019-08-21 02:17:27,196 | INFO  | DNAudit | user=null | ip=null | op=WRITE_CHUNK {blockData=conID: 3 locID: 102652565725053489 bcsId: 3203} | ret=SUCCESS |  
2019-08-21 02:17:27,196 | INFO  | DNAudit | user=null | ip=null | op=PUT_BLOCK {blockData=[blockId=conID: 3 locID: 102652565725053489 bcsId: 0,size=4194304]} | ret=SUCCESS |  
2019-08-21 02:17:27,196 [grpc-default-executor-2] INFO  client.GrpcClientProtocolClient (GrpcClientProtocolClient.java:onNext(255)) - client-54CC064C3FCE->8224e767-71c1-41fc-a01a-d172d48fd9d8: receive RaftClientReply:client-54CC064C3FCE->8224e767-71c1-41fc-a01a-d172d48fd9d8@group-F6B37CC92441, cid=2183, SUCCESS, logIndex=3206, commits[8224e767-71c1-41fc-a01a-d172d48fd9d8:c3207, 6eae0c21-01aa-4169-956f-5952b26ea7ba:c3203, 8d7dcba1-3b82-4d94-a832-514ef5c79cf8:c3203]
2019-08-21 02:17:27,197 [grpc-default-executor-2] INFO  client.GrpcClientProtocolClient (GrpcClientProtocolClient.java:onNext(255)) - client-54CC064C3FCE->8224e767-71c1-41fc-a01a-d172d48fd9d8: receive RaftClientReply:client-54CC064C3FCE->8224e767-71c1-41fc-a01a-d172d48fd9d8@group-F6B37CC92441, cid=2184, SUCCESS, logIndex=3207, commits[8224e767-71c1-41fc-a01a-d172d48fd9d8:c3207, 6eae0c21-01aa-4169-956f-5952b26ea7ba:c3203, 8d7dcba1-3b82-4d94-a832-514ef5c79cf8:c3203]
2019-08-21 02:17:27,214 | INFO  | DNAudit | user=null | ip=null | op=WRITE_CHUNK {blockData=conID: 3 locID: 102652565725053489 bcsId: 3203} | ret=SUCCESS |  
2019-08-21 02:17:27,214 | INFO  | DNAudit | user=null | ip=null | op=WRITE_CHUNK {blockData=conID: 3 locID: 102652565725053489 bcsId: 3203} | ret=SUCCESS |  
2019-08-21 02:17:27,215 | INFO  | DNAudit | user=null | ip=null | op=PUT_BLOCK {blockData=[blockId=conID: 3 locID: 102652565725053489 bcsId: 0,size=4194304]} | ret=SUCCESS |  
2019-08-21 02:17:27,215 | INFO  | DNAudit | user=null | ip=null | op=PUT_BLOCK {blockData=[blockId=conID: 3 locID: 102652565725053489 bcsId: 0,size=4194304]} | ret=SUCCESS |  
2019-08-21 02:17:27,215 [grpc-default-executor-2] INFO  client.GrpcClientProtocolClient (GrpcClientProtocolClient.java:onNext(255)) - client-54CC064C3FCE->8224e767-71c1-41fc-a01a-d172d48fd9d8: receive RaftClientReply:client-54CC064C3FCE->8224e767-71c1-41fc-a01a-d172d48fd9d8@group-F6B37CC92441, cid=2185, SUCCESS, logIndex=0, commits[8224e767-71c1-41fc-a01a-d172d48fd9d8:c3209, 6eae0c21-01aa-4169-956f-5952b26ea7ba:c3207, 8d7dcba1-3b82-4d94-a832-514ef5c79cf8:c3207]
2019-08-21 02:17:27,221 | INFO  | SCMAudit | user=jenkins1000 | ip=192.168.34.10 | op=ALLOCATE_BLOCK {owner=b6f66289-f2a0-4058-b052-0a85e40df67b, size=4194304, type=RATIS, factor=THREE} | ret=SUCCESS |  
2019-08-21 02:17:27,224 | INFO  | OMAudit | user=jenkins1000 | ip=127.0.0.1 | op=ALLOCATE_BLOCK {volume=vol-0-90982, bucket=bucket-0-24269, key=key-0-81262, dataSize=0, replicationType=null, replicationFactor=null, keyLocationInfo=null, clientID=102652564580991378} | ret=SUCCESS |  
2019-08-21 02:17:27,231 | INFO  | DNAudit | user=null | ip=null | op=WRITE_CHUNK {blockData=conID: 1 locID: 102652565731476018 bcsId: 0} | ret=SUCCESS |  
2019-08-21 02:17:27,234 | INFO  | DNAudit | user=null | ip=null | op=WRITE_CHUNK {blockData=conID: 1 locID: 102652565731476018 bcsId: 0} | ret=SUCCESS |  
2019-08-21 02:17:27,234 | INFO  | DNAudit | user=null | ip=null | op=WRITE_CHUNK {blockData=conID: 1 locID: 102652565731476018 bcsId: 0} | ret=SUCCESS |  
2019-08-21 02:17:27,234 | INFO  | DNAudit | user=null | ip=null | op=WRITE_CHUNK {blockData=conID: 1 locID: 102652565731476018 bcsId: 0} | ret=SUCCESS |  
2019-08-21 02:17:27,236 | INFO  | DNAudit | user=null | ip=null | op=WRITE_CHUNK {blockData=conID: 1 locID: 102652565731476018 bcsId: 0} | ret=SUCCESS |  
2019-08-21 02:17:27,236 | INFO  | DNAudit | user=null | ip=null | op=WRITE_CHUNK {blockData=conID: 1 locID: 102652565731476018 bcsId: 0} | ret=SUCCESS |  
2019-08-21 02:17:27,244 | INFO  | DNAudit | user=null | ip=null | op=WRITE_CHUNK {blockData=conID: 1 locID: 102652565731476018 bcsId: 0} | ret=SUCCESS |  
2019-08-21 02:17:27,245 | INFO  | DNAudit | user=null | ip=null | op=PUT_BLOCK {blockData=[blockId=conID: 1 locID: 102652565731476018 bcsId: 0,size=1048576]} | ret=SUCCESS |  
2019-08-21 02:17:27,245 | INFO  | DNAudit | user=null | ip=null | op=WRITE_CHUNK {blockData=conID: 1 locID: 102652565731476018 bcsId: 0} | ret=SUCCESS |  
2019-08-21 02:17:27,245 [grpc-default-executor-3] INFO  client.GrpcClientProtocolClient (GrpcClientProtocolClient.java:onNext(255)) - client-54CC064C3FCE->8224e767-71c1-41fc-a01a-d172d48fd9d8: receive RaftClientReply:client-54CC064C3FCE->8224e767-71c1-41fc-a01a-d172d48fd9d8@group-F6B37CC92441, cid=2186, SUCCESS, logIndex=3210, commits[8224e767-71c1-41fc-a01a-d172d48fd9d8:c3212, 6eae0c21-01aa-4169-956f-5952b26ea7ba:c3209, 8d7dcba1-3b82-4d94-a832-514ef5c79cf8:c3209]
2019-08-21 02:17:27,245 | INFO  | DNAudit | user=null | ip=null | op=PUT_BLOCK {blockData=[blockId=conID: 1 locID: 102652565731476018 bcsId: 0,size=2097152]} | ret=SUCCESS |  
2019-08-21 02:17:27,245 [grpc-default-executor-3] INFO  client.GrpcClientProtocolClient (GrpcClientProtocolClient.java:onNext(255)) - client-54CC064C3FCE->8224e767-71c1-41fc-a01a-d172d48fd9d8: receive RaftClientReply:client-54CC064C3FCE->8224e767-71c1-41fc-a01a-d172d48fd9d8@group-F6B37CC92441, cid=2187, SUCCESS, logIndex=3211, commits[8224e767-71c1-41fc-a01a-d172d48fd9d8:c3213, 6eae0c21-01aa-4169-956f-5952b26ea7ba:c3209, 8d7dcba1-3b82-4d94-a832-514ef5c79cf8:c3209]
2019-08-21 02:17:27,245 [grpc-default-executor-3] INFO  client.GrpcClientProtocolClient (GrpcClientProtocolClient.java:onNext(255)) - client-54CC064C3FCE->8224e767-71c1-41fc-a01a-d172d48fd9d8: receive RaftClientReply:client-54CC064C3FCE->8224e767-71c1-41fc-a01a-d172d48fd9d8@group-F6B37CC92441, cid=2188, SUCCESS, logIndex=3212, commits[8224e767-71c1-41fc-a01a-d172d48fd9d8:c3213, 6eae0c21-01aa-4169-956f-5952b26ea7ba:c3209, 8d7dcba1-3b82-4d94-a832-514ef5c79cf8:c3209]
2019-08-21 02:17:27,246 | INFO  | DNAudit | user=null | ip=null | op=WRITE_CHUNK {blockData=conID: 1 locID: 102652565731476018 bcsId: 0} | ret=SUCCESS |  
2019-08-21 02:17:27,246 | INFO  | DNAudit | user=null | ip=null | op=WRITE_CHUNK {blockData=conID: 1 locID: 102652565731476018 bcsId: 0} | ret=SUCCESS |  
2019-08-21 02:17:27,246 | INFO  | DNAudit | user=null | ip=null | op=PUT_BLOCK {blockData=[blockId=conID: 1 locID: 102652565731476018 bcsId: 0,size=1048576]} | ret=SUCCESS |  
2019-08-21 02:17:27,246 [grpc-default-executor-3] INFO  client.GrpcClientProtocolClient (GrpcClientProtocolClient.java:onNext(255)) - client-54CC064C3FCE->8224e767-71c1-41fc-a01a-d172d48fd9d8: receive RaftClientReply:client-54CC064C3FCE->8224e767-71c1-41fc-a01a-d172d48fd9d8@group-F6B37CC92441, cid=2189, SUCCESS, logIndex=3213, commits[8224e767-71c1-41fc-a01a-d172d48fd9d8:c3213, 6eae0c21-01aa-4169-956f-5952b26ea7ba:c3209, 8d7dcba1-3b82-4d94-a832-514ef5c79cf8:c3209]
2019-08-21 02:17:27,247 | INFO  | DNAudit | user=null | ip=null | op=PUT_BLOCK {blockData=[blockId=conID: 1 locID: 102652565731476018 bcsId: 0,size=1048576]} | ret=SUCCESS |  
2019-08-21 02:17:27,247 | INFO  | DNAudit | user=null | ip=null | op=WRITE_CHUNK {blockData=conID: 1 locID: 102652565731476018 bcsId: 0} | ret=SUCCESS |  
2019-08-21 02:17:27,248 | INFO  | DNAudit | user=null | ip=null | op=PUT_BLOCK {blockData=[blockId=conID: 1 locID: 102652565731476018 bcsId: 0,size=2097152]} | ret=SUCCESS |  
2019-08-21 02:17:27,248 | INFO  | DNAudit | user=null | ip=null | op=WRITE_CHUNK {blockData=conID: 1 locID: 102652565731476018 bcsId: 0} | ret=SUCCESS |  
2019-08-21 02:17:27,248 [grpc-default-executor-3] INFO  client.GrpcClientProtocolClient (GrpcClientProtocolClient.java:onNext(255)) - client-54CC064C3FCE->8224e767-71c1-41fc-a01a-d172d48fd9d8: receive RaftClientReply:client-54CC064C3FCE->8224e767-71c1-41fc-a01a-d172d48fd9d8@group-F6B37CC92441, cid=2190, SUCCESS, logIndex=0, commits[8224e767-71c1-41fc-a01a-d172d48fd9d8:c3215, 6eae0c21-01aa-4169-956f-5952b26ea7ba:c3211, 8d7dcba1-3b82-4d94-a832-514ef5c79cf8:c3211]
2019-08-21 02:17:27,248 | INFO  | DNAudit | user=null | ip=null | op=PUT_BLOCK {blockData=[blockId=conID: 1 locID: 102652565731476018 bcsId: 0,size=2097152]} | ret=SUCCESS |  
2019-08-21 02:17:27,254 | INFO  | DNAudit | user=null | ip=null | op=WRITE_CHUNK {blockData=conID: 1 locID: 102652565731476018 bcsId: 3213} | ret=SUCCESS |  
2019-08-21 02:17:27,256 | INFO  | DNAudit | user=null | ip=null | op=WRITE_CHUNK {blockData=conID: 1 locID: 102652565731476018 bcsId: 3213} | ret=SUCCESS |  
2019-08-21 02:17:27,256 | INFO  | DNAudit | user=null | ip=null | op=WRITE_CHUNK {blockData=conID: 1 locID: 102652565731476018 bcsId: 3213} | ret=SUCCESS |  
2019-08-21 02:17:27,266 | INFO  | DNAudit | user=null | ip=null | op=WRITE_CHUNK {blockData=conID: 1 locID: 102652565731476018 bcsId: 3213} | ret=SUCCESS |  
2019-08-21 02:17:27,267 | INFO  | DNAudit | user=null | ip=null | op=PUT_BLOCK {blockData=[blockId=conID: 1 locID: 102652565731476018 bcsId: 0,size=3145728]} | ret=SUCCESS |  
2019-08-21 02:17:27,267 [grpc-default-executor-4] INFO  client.GrpcClientProtocolClient (GrpcClientProtocolClient.java:onNext(255)) - client-54CC064C3FCE->8224e767-71c1-41fc-a01a-d172d48fd9d8: receive RaftClientReply:client-54CC064C3FCE->8224e767-71c1-41fc-a01a-d172d48fd9d8@group-F6B37CC92441, cid=2191, SUCCESS, logIndex=3218, commits[8224e767-71c1-41fc-a01a-d172d48fd9d8:c3219, 6eae0c21-01aa-4169-956f-5952b26ea7ba:c3217, 8d7dcba1-3b82-4d94-a832-514ef5c79cf8:c3217]
2019-08-21 02:17:27,267 [grpc-default-executor-4] INFO  client.GrpcClientProtocolClient (GrpcClientProtocolClient.java:onNext(255)) - client-54CC064C3FCE->8224e767-71c1-41fc-a01a-d172d48fd9d8: receive RaftClientReply:client-54CC064C3FCE->8224e767-71c1-41fc-a01a-d172d48fd9d8@group-F6B37CC92441, cid=2192, SUCCESS, logIndex=3219, commits[8224e767-71c1-41fc-a01a-d172d48fd9d8:c3219, 6eae0c21-01aa-4169-956f-5952b26ea7ba:c3217, 8d7dcba1-3b82-4d94-a832-514ef5c79cf8:c3217]
2019-08-21 02:17:27,274 | INFO  | DNAudit | user=null | ip=null | op=WRITE_CHUNK {blockData=conID: 1 locID: 102652565731476018 bcsId: 3219} | ret=SUCCESS |  
2019-08-21 02:17:27,277 | INFO  | DNAudit | user=null | ip=null | op=WRITE_CHUNK {blockData=conID: 1 locID: 102652565731476018 bcsId: 3219} | ret=SUCCESS |  
2019-08-21 02:17:27,277 | INFO  | DNAudit | user=null | ip=null | op=WRITE_CHUNK {blockData=conID: 1 locID: 102652565731476018 bcsId: 3219} | ret=SUCCESS |  
2019-08-21 02:17:27,278 | INFO  | DNAudit | user=null | ip=null | op=WRITE_CHUNK {blockData=conID: 1 locID: 102652565731476018 bcsId: 3213} | ret=SUCCESS |  
2019-08-21 02:17:27,278 | INFO  | DNAudit | user=null | ip=null | op=WRITE_CHUNK {blockData=conID: 1 locID: 102652565731476018 bcsId: 3213} | ret=SUCCESS |  
2019-08-21 02:17:27,279 | INFO  | DNAudit | user=null | ip=null | op=PUT_BLOCK {blockData=[blockId=conID: 1 locID: 102652565731476018 bcsId: 0,size=3145728]} | ret=SUCCESS |  
2019-08-21 02:17:27,279 | INFO  | DNAudit | user=null | ip=null | op=PUT_BLOCK {blockData=[blockId=conID: 1 locID: 102652565731476018 bcsId: 0,size=3145728]} | ret=SUCCESS |  
2019-08-21 02:17:27,280 | INFO  | DNAudit | user=null | ip=null | op=WRITE_CHUNK {blockData=conID: 1 locID: 102652565731476018 bcsId: 3219} | ret=SUCCESS |  
2019-08-21 02:17:27,280 | INFO  | DNAudit | user=null | ip=null | op=PUT_BLOCK {blockData=[blockId=conID: 1 locID: 102652565731476018 bcsId: 0,size=4194304]} | ret=SUCCESS |  
2019-08-21 02:17:27,280 [grpc-default-executor-3] INFO  client.GrpcClientProtocolClient (GrpcClientProtocolClient.java:onNext(255)) - client-54CC064C3FCE->8224e767-71c1-41fc-a01a-d172d48fd9d8: receive RaftClientReply:client-54CC064C3FCE->8224e767-71c1-41fc-a01a-d172d48fd9d8@group-F6B37CC92441, cid=2193, SUCCESS, logIndex=3222, commits[8224e767-71c1-41fc-a01a-d172d48fd9d8:c3223, 6eae0c21-01aa-4169-956f-5952b26ea7ba:c3219, 8d7dcba1-3b82-4d94-a832-514ef5c79cf8:c3219]
2019-08-21 02:17:27,281 [grpc-default-executor-3] INFO  client.GrpcClientProtocolClient (GrpcClientProtocolClient.java:onNext(255)) - client-54CC064C3FCE->8224e767-71c1-41fc-a01a-d172d48fd9d8: receive RaftClientReply:client-54CC064C3FCE->8224e767-71c1-41fc-a01a-d172d48fd9d8@group-F6B37CC92441, cid=2194, SUCCESS, logIndex=3223, commits[8224e767-71c1-41fc-a01a-d172d48fd9d8:c3223, 6eae0c21-01aa-4169-956f-5952b26ea7ba:c3219, 8d7dcba1-3b82-4d94-a832-514ef5c79cf8:c3219]
2019-08-21 02:17:27,291 | INFO  | DNAudit | user=null | ip=null | op=WRITE_CHUNK {blockData=conID: 1 locID: 102652565731476018 bcsId: 3219} | ret=SUCCESS |  
2019-08-21 02:17:27,292 | INFO  | DNAudit | user=null | ip=null | op=WRITE_CHUNK {blockData=conID: 1 locID: 102652565731476018 bcsId: 3219} | ret=SUCCESS |  
2019-08-21 02:17:27,292 | INFO  | DNAudit | user=null | ip=null | op=PUT_BLOCK {blockData=[blockId=conID: 1 locID: 102652565731476018 bcsId: 0,size=4194304]} | ret=SUCCESS |  
2019-08-21 02:17:27,293 | INFO  | DNAudit | user=null | ip=null | op=PUT_BLOCK {blockData=[blockId=conID: 1 locID: 102652565731476018 bcsId: 0,size=4194304]} | ret=SUCCESS |  
2019-08-21 02:17:27,293 [grpc-default-executor-2] INFO  client.GrpcClientProtocolClient (GrpcClientProtocolClient.java:onNext(255)) - client-54CC064C3FCE->8224e767-71c1-41fc-a01a-d172d48fd9d8: receive RaftClientReply:client-54CC064C3FCE->8224e767-71c1-41fc-a01a-d172d48fd9d8@group-F6B37CC92441, cid=2195, SUCCESS, logIndex=0, commits[8224e767-71c1-41fc-a01a-d172d48fd9d8:c3225, 6eae0c21-01aa-4169-956f-5952b26ea7ba:c3223, 8d7dcba1-3b82-4d94-a832-514ef5c79cf8:c3223]
2019-08-21 02:17:27,299 | INFO  | SCMAudit | user=jenkins1000 | ip=192.168.34.10 | op=ALLOCATE_BLOCK {owner=b6f66289-f2a0-4058-b052-0a85e40df67b, size=4194304, type=RATIS, factor=THREE} | ret=SUCCESS |  
2019-08-21 02:17:27,302 | INFO  | OMAudit | user=jenkins1000 | ip=127.0.0.1 | op=ALLOCATE_BLOCK {volume=vol-0-90982, bucket=bucket-0-24269, key=key-0-81262, dataSize=0, replicationType=null, replicationFactor=null, keyLocationInfo=null, clientID=102652564580991378} | ret=SUCCESS |  
2019-08-21 02:17:27,309 | INFO  | DNAudit | user=null | ip=null | op=WRITE_CHUNK {blockData=conID: 2 locID: 102652565736587827 bcsId: 0} | ret=SUCCESS |  
2019-08-21 02:17:27,313 | INFO  | DNAudit | user=null | ip=null | op=WRITE_CHUNK {blockData=conID: 2 locID: 102652565736587827 bcsId: 0} | ret=SUCCESS |  
2019-08-21 02:17:27,313 | INFO  | DNAudit | user=null | ip=null | op=WRITE_CHUNK {blockData=conID: 2 locID: 102652565736587827 bcsId: 0} | ret=SUCCESS |  
2019-08-21 02:17:27,313 | INFO  | DNAudit | user=null | ip=null | op=WRITE_CHUNK {blockData=conID: 2 locID: 102652565736587827 bcsId: 0} | ret=SUCCESS |  
2019-08-21 02:17:27,315 | INFO  | DNAudit | user=null | ip=null | op=WRITE_CHUNK {blockData=conID: 2 locID: 102652565736587827 bcsId: 0} | ret=SUCCESS |  
2019-08-21 02:17:27,315 | INFO  | DNAudit | user=null | ip=null | op=WRITE_CHUNK {blockData=conID: 2 locID: 102652565736587827 bcsId: 0} | ret=SUCCESS |  
2019-08-21 02:17:27,322 | INFO  | DNAudit | user=null | ip=null | op=WRITE_CHUNK {blockData=conID: 2 locID: 102652565736587827 bcsId: 0} | ret=SUCCESS |  
2019-08-21 02:17:27,323 | INFO  | DNAudit | user=null | ip=null | op=PUT_BLOCK {blockData=[blockId=conID: 2 locID: 102652565736587827 bcsId: 0,size=1048576]} | ret=SUCCESS |  
2019-08-21 02:17:27,323 [grpc-default-executor-3] INFO  client.GrpcClientProtocolClient (GrpcClientProtocolClient.java:onNext(255)) - client-54CC064C3FCE->8224e767-71c1-41fc-a01a-d172d48fd9d8: receive RaftClientReply:client-54CC064C3FCE->8224e767-71c1-41fc-a01a-d172d48fd9d8@group-F6B37CC92441, cid=2196, SUCCESS, logIndex=3226, commits[8224e767-71c1-41fc-a01a-d172d48fd9d8:c3228, 6eae0c21-01aa-4169-956f-5952b26ea7ba:c3225, 8d7dcba1-3b82-4d94-a832-514ef5c79cf8:c3225]
2019-08-21 02:17:27,323 | INFO  | DNAudit | user=null | ip=null | op=WRITE_CHUNK {blockData=conID: 2 locID: 102652565736587827 bcsId: 0} | ret=SUCCESS |  
2019-08-21 02:17:27,323 | INFO  | DNAudit | user=null | ip=null | op=WRITE_CHUNK {blockData=conID: 2 locID: 102652565736587827 bcsId: 0} | ret=SUCCESS |  
2019-08-21 02:17:27,323 | INFO  | DNAudit | user=null | ip=null | op=PUT_BLOCK {blockData=[blockId=conID: 2 locID: 102652565736587827 bcsId: 0,size=2097152]} | ret=SUCCESS |  
2019-08-21 02:17:27,323 [grpc-default-executor-3] INFO  client.GrpcClientProtocolClient (GrpcClientProtocolClient.java:onNext(255)) - client-54CC064C3FCE->8224e767-71c1-41fc-a01a-d172d48fd9d8: receive RaftClientReply:client-54CC064C3FCE->8224e767-71c1-41fc-a01a-d172d48fd9d8@group-F6B37CC92441, cid=2197, SUCCESS, logIndex=3227, commits[8224e767-71c1-41fc-a01a-d172d48fd9d8:c3229, 6eae0c21-01aa-4169-956f-5952b26ea7ba:c3225, 8d7dcba1-3b82-4d94-a832-514ef5c79cf8:c3225]
2019-08-21 02:17:27,324 [grpc-default-executor-3] INFO  client.GrpcClientProtocolClient (GrpcClientProtocolClient.java:onNext(255)) - client-54CC064C3FCE->8224e767-71c1-41fc-a01a-d172d48fd9d8: receive RaftClientReply:client-54CC064C3FCE->8224e767-71c1-41fc-a01a-d172d48fd9d8@group-F6B37CC92441, cid=2198, SUCCESS, logIndex=3228, commits[8224e767-71c1-41fc-a01a-d172d48fd9d8:c3229, 6eae0c21-01aa-4169-956f-5952b26ea7ba:c3225, 8d7dcba1-3b82-4d94-a832-514ef5c79cf8:c3225]
2019-08-21 02:17:27,324 | INFO  | DNAudit | user=null | ip=null | op=WRITE_CHUNK {blockData=conID: 2 locID: 102652565736587827 bcsId: 0} | ret=SUCCESS |  
2019-08-21 02:17:27,324 | INFO  | DNAudit | user=null | ip=null | op=PUT_BLOCK {blockData=[blockId=conID: 2 locID: 102652565736587827 bcsId: 0,size=1048576]} | ret=SUCCESS |  
2019-08-21 02:17:27,324 [grpc-default-executor-3] INFO  client.GrpcClientProtocolClient (GrpcClientProtocolClient.java:onNext(255)) - client-54CC064C3FCE->8224e767-71c1-41fc-a01a-d172d48fd9d8: receive RaftClientReply:client-54CC064C3FCE->8224e767-71c1-41fc-a01a-d172d48fd9d8@group-F6B37CC92441, cid=2199, SUCCESS, logIndex=3229, commits[8224e767-71c1-41fc-a01a-d172d48fd9d8:c3230, 6eae0c21-01aa-4169-956f-5952b26ea7ba:c3226, 8d7dcba1-3b82-4d94-a832-514ef5c79cf8:c3225]
2019-08-21 02:17:27,324 | INFO  | DNAudit | user=null | ip=null | op=PUT_BLOCK {blockData=[blockId=conID: 2 locID: 102652565736587827 bcsId: 0,size=1048576]} | ret=SUCCESS |  
2019-08-21 02:17:27,325 | INFO  | DNAudit | user=null | ip=null | op=WRITE_CHUNK {blockData=conID: 2 locID: 102652565736587827 bcsId: 0} | ret=SUCCESS |  
2019-08-21 02:17:27,325 | INFO  | DNAudit | user=null | ip=null | op=PUT_BLOCK {blockData=[blockId=conID: 2 locID: 102652565736587827 bcsId: 0,size=2097152]} | ret=SUCCESS |  
2019-08-21 02:17:27,325 | INFO  | DNAudit | user=null | ip=null | op=WRITE_CHUNK {blockData=conID: 2 locID: 102652565736587827 bcsId: 0} | ret=SUCCESS |  
2019-08-21 02:17:27,325 | INFO  | DNAudit | user=null | ip=null | op=PUT_BLOCK {blockData=[blockId=conID: 2 locID: 102652565736587827 bcsId: 0,size=2097152]} | ret=SUCCESS |  
2019-08-21 02:17:27,326 [grpc-default-executor-3] INFO  client.GrpcClientProtocolClient (GrpcClientProtocolClient.java:onNext(255)) - client-54CC064C3FCE->8224e767-71c1-41fc-a01a-d172d48fd9d8: receive RaftClientReply:client-54CC064C3FCE->8224e767-71c1-41fc-a01a-d172d48fd9d8@group-F6B37CC92441, cid=2200, SUCCESS, logIndex=0, commits[8224e767-71c1-41fc-a01a-d172d48fd9d8:c3231, 6eae0c21-01aa-4169-956f-5952b26ea7ba:c3228, 8d7dcba1-3b82-4d94-a832-514ef5c79cf8:c3227]
2019-08-21 02:17:27,333 | INFO  | DNAudit | user=null | ip=null | op=WRITE_CHUNK {blockData=conID: 2 locID: 102652565736587827 bcsId: 3229} | ret=SUCCESS |  
2019-08-21 02:17:27,336 | INFO  | DNAudit | user=null | ip=null | op=WRITE_CHUNK {blockData=conID: 2 locID: 102652565736587827 bcsId: 3229} | ret=SUCCESS |  
2019-08-21 02:17:27,336 | INFO  | DNAudit | user=null | ip=null | op=WRITE_CHUNK {blockData=conID: 2 locID: 102652565736587827 bcsId: 3229} | ret=SUCCESS |  
2019-08-21 02:17:27,346 | INFO  | DNAudit | user=null | ip=null | op=WRITE_CHUNK {blockData=conID: 2 locID: 102652565736587827 bcsId: 3229} | ret=SUCCESS |  
2019-08-21 02:17:27,346 | INFO  | DNAudit | user=null | ip=null | op=PUT_BLOCK {blockData=[blockId=conID: 2 locID: 102652565736587827 bcsId: 0,size=3145728]} | ret=SUCCESS |  
2019-08-21 02:17:27,347 [grpc-default-executor-4] INFO  client.GrpcClientProtocolClient (GrpcClientProtocolClient.java:onNext(255)) - client-54CC064C3FCE->8224e767-71c1-41fc-a01a-d172d48fd9d8: receive RaftClientReply:client-54CC064C3FCE->8224e767-71c1-41fc-a01a-d172d48fd9d8@group-F6B37CC92441, cid=2201, SUCCESS, logIndex=3234, commits[8224e767-71c1-41fc-a01a-d172d48fd9d8:c3235, 6eae0c21-01aa-4169-956f-5952b26ea7ba:c3233, 8d7dcba1-3b82-4d94-a832-514ef5c79cf8:c3233]
2019-08-21 02:17:27,347 [grpc-default-executor-4] INFO  client.GrpcClientProtocolClient (GrpcClientProtocolClient.java:onNext(255)) - client-54CC064C3FCE->8224e767-71c1-41fc-a01a-d172d48fd9d8: receive RaftClientReply:client-54CC064C3FCE->8224e767-71c1-41fc-a01a-d172d48fd9d8@group-F6B37CC92441, cid=2202, SUCCESS, logIndex=3235, commits[8224e767-71c1-41fc-a01a-d172d48fd9d8:c3235, 6eae0c21-01aa-4169-956f-5952b26ea7ba:c3233, 8d7dcba1-3b82-4d94-a832-514ef5c79cf8:c3233]
2019-08-21 02:17:27,355 | INFO  | DNAudit | user=null | ip=null | op=WRITE_CHUNK {blockData=conID: 2 locID: 102652565736587827 bcsId: 3235} | ret=SUCCESS |  
2019-08-21 02:17:27,357 | INFO  | DNAudit | user=null | ip=null | op=WRITE_CHUNK {blockData=conID: 2 locID: 102652565736587827 bcsId: 3235} | ret=SUCCESS |  
2019-08-21 02:17:27,357 | INFO  | DNAudit | user=null | ip=null | op=WRITE_CHUNK {blockData=conID: 2 locID: 102652565736587827 bcsId: 3235} | ret=SUCCESS |  
2019-08-21 02:17:27,357 | INFO  | DNAudit | user=null | ip=null | op=WRITE_CHUNK {blockData=conID: 2 locID: 102652565736587827 bcsId: 3229} | ret=SUCCESS |  
2019-08-21 02:17:27,357 | INFO  | DNAudit | user=null | ip=null | op=WRITE_CHUNK {blockData=conID: 2 locID: 102652565736587827 bcsId: 3229} | ret=SUCCESS |  
2019-08-21 02:17:27,358 | INFO  | DNAudit | user=null | ip=null | op=PUT_BLOCK {blockData=[blockId=conID: 2 locID: 102652565736587827 bcsId: 0,size=3145728]} | ret=SUCCESS |  
2019-08-21 02:17:27,359 | INFO  | DNAudit | user=null | ip=null | op=WRITE_CHUNK {blockData=conID: 2 locID: 102652565736587827 bcsId: 3235} | ret=SUCCESS |  
2019-08-21 02:17:27,359 | INFO  | DNAudit | user=null | ip=null | op=PUT_BLOCK {blockData=[blockId=conID: 2 locID: 102652565736587827 bcsId: 0,size=3145728]} | ret=SUCCESS |  
2019-08-21 02:17:27,359 | INFO  | DNAudit | user=null | ip=null | op=PUT_BLOCK {blockData=[blockId=conID: 2 locID: 102652565736587827 bcsId: 0,size=4194304]} | ret=SUCCESS |  
2019-08-21 02:17:27,360 [grpc-default-executor-4] INFO  client.GrpcClientProtocolClient (GrpcClientProtocolClient.java:onNext(255)) - client-54CC064C3FCE->8224e767-71c1-41fc-a01a-d172d48fd9d8: receive RaftClientReply:client-54CC064C3FCE->8224e767-71c1-41fc-a01a-d172d48fd9d8@group-F6B37CC92441, cid=2203, SUCCESS, logIndex=3238, commits[8224e767-71c1-41fc-a01a-d172d48fd9d8:c3239, 6eae0c21-01aa-4169-956f-5952b26ea7ba:c3234, 8d7dcba1-3b82-4d94-a832-514ef5c79cf8:c3235]
2019-08-21 02:17:27,360 | INFO  | DNAudit | user=null | ip=null | op=WRITE_CHUNK {blockData=conID: 2 locID: 102652565736587827 bcsId: 3235} | ret=SUCCESS |  
2019-08-21 02:17:27,360 [grpc-default-executor-4] INFO  client.GrpcClientProtocolClient (GrpcClientProtocolClient.java:onNext(255)) - client-54CC064C3FCE->8224e767-71c1-41fc-a01a-d172d48fd9d8: receive RaftClientReply:client-54CC064C3FCE->8224e767-71c1-41fc-a01a-d172d48fd9d8@group-F6B37CC92441, cid=2204, SUCCESS, logIndex=3239, commits[8224e767-71c1-41fc-a01a-d172d48fd9d8:c3239, 6eae0c21-01aa-4169-956f-5952b26ea7ba:c3235, 8d7dcba1-3b82-4d94-a832-514ef5c79cf8:c3235]
2019-08-21 02:17:27,361 | INFO  | DNAudit | user=null | ip=null | op=WRITE_CHUNK {blockData=conID: 2 locID: 102652565736587827 bcsId: 3235} | ret=SUCCESS |  
2019-08-21 02:17:27,361 | INFO  | DNAudit | user=null | ip=null | op=PUT_BLOCK {blockData=[blockId=conID: 2 locID: 102652565736587827 bcsId: 0,size=4194304]} | ret=SUCCESS |  
2019-08-21 02:17:27,362 | INFO  | DNAudit | user=null | ip=null | op=PUT_BLOCK {blockData=[blockId=conID: 2 locID: 102652565736587827 bcsId: 0,size=4194304]} | ret=SUCCESS |  
2019-08-21 02:17:27,363 [grpc-default-executor-3] INFO  client.GrpcClientProtocolClient (GrpcClientProtocolClient.java:onNext(255)) - client-54CC064C3FCE->8224e767-71c1-41fc-a01a-d172d48fd9d8: receive RaftClientReply:client-54CC064C3FCE->8224e767-71c1-41fc-a01a-d172d48fd9d8@group-F6B37CC92441, cid=2205, SUCCESS, logIndex=0, commits[8224e767-71c1-41fc-a01a-d172d48fd9d8:c3241, 6eae0c21-01aa-4169-956f-5952b26ea7ba:c3239, 8d7dcba1-3b82-4d94-a832-514ef5c79cf8:c3239]
2019-08-21 02:17:27,368 | INFO  | SCMAudit | user=jenkins1000 | ip=192.168.34.10 | op=ALLOCATE_BLOCK {owner=b6f66289-f2a0-4058-b052-0a85e40df67b, size=4194304, type=RATIS, factor=THREE} | ret=SUCCESS |  
2019-08-21 02:17:27,371 | INFO  | OMAudit | user=jenkins1000 | ip=127.0.0.1 | op=ALLOCATE_BLOCK {volume=vol-0-90982, bucket=bucket-0-24269, key=key-0-81262, dataSize=0, replicationType=null, replicationFactor=null, keyLocationInfo=null, clientID=102652564580991378} | ret=SUCCESS |  
2019-08-21 02:17:27,379 | INFO  | DNAudit | user=null | ip=null | op=WRITE_CHUNK {blockData=conID: 3 locID: 102652565741109812 bcsId: 0} | ret=SUCCESS |  
2019-08-21 02:17:27,381 | INFO  | DNAudit | user=null | ip=null | op=WRITE_CHUNK {blockData=conID: 3 locID: 102652565741109812 bcsId: 0} | ret=SUCCESS |  
2019-08-21 02:17:27,382 | INFO  | DNAudit | user=null | ip=null | op=WRITE_CHUNK {blockData=conID: 3 locID: 102652565741109812 bcsId: 0} | ret=SUCCESS |  
2019-08-21 02:17:27,382 | INFO  | DNAudit | user=null | ip=null | op=WRITE_CHUNK {blockData=conID: 3 locID: 102652565741109812 bcsId: 0} | ret=SUCCESS |  
2019-08-21 02:17:27,384 | INFO  | DNAudit | user=null | ip=null | op=WRITE_CHUNK {blockData=conID: 3 locID: 102652565741109812 bcsId: 0} | ret=SUCCESS |  
2019-08-21 02:17:27,385 | INFO  | DNAudit | user=null | ip=null | op=WRITE_CHUNK {blockData=conID: 3 locID: 102652565741109812 bcsId: 0} | ret=SUCCESS |  
2019-08-21 02:17:27,395 | INFO  | DNAudit | user=null | ip=null | op=WRITE_CHUNK {blockData=conID: 3 locID: 102652565741109812 bcsId: 0} | ret=SUCCESS |  
2019-08-21 02:17:27,395 | INFO  | DNAudit | user=null | ip=null | op=PUT_BLOCK {blockData=[blockId=conID: 3 locID: 102652565741109812 bcsId: 0,size=1048576]} | ret=SUCCESS |  
2019-08-21 02:17:27,396 [grpc-default-executor-3] INFO  client.GrpcClientProtocolClient (GrpcClientProtocolClient.java:onNext(255)) - client-54CC064C3FCE->8224e767-71c1-41fc-a01a-d172d48fd9d8: receive RaftClientReply:client-54CC064C3FCE->8224e767-71c1-41fc-a01a-d172d48fd9d8@group-F6B37CC92441, cid=2206, SUCCESS, logIndex=3242, commits[8224e767-71c1-41fc-a01a-d172d48fd9d8:c3244, 6eae0c21-01aa-4169-956f-5952b26ea7ba:c3241, 8d7dcba1-3b82-4d94-a832-514ef5c79cf8:c3241]
2019-08-21 02:17:27,396 | INFO  | DNAudit | user=null | ip=null | op=WRITE_CHUNK {blockData=conID: 3 locID: 102652565741109812 bcsId: 0} | ret=SUCCESS |  
2019-08-21 02:17:27,396 | INFO  | DNAudit | user=null | ip=null | op=PUT_BLOCK {blockData=[blockId=conID: 3 locID: 102652565741109812 bcsId: 0,size=2097152]} | ret=SUCCESS |  
2019-08-21 02:17:27,397 | INFO  | DNAudit | user=null | ip=null | op=WRITE_CHUNK {blockData=conID: 3 locID: 102652565741109812 bcsId: 0} | ret=SUCCESS |  
2019-08-21 02:17:27,397 | INFO  | DNAudit | user=null | ip=null | op=WRITE_CHUNK {blockData=conID: 3 locID: 102652565741109812 bcsId: 0} | ret=SUCCESS |  
2019-08-21 02:17:27,397 [grpc-default-executor-3] INFO  client.GrpcClientProtocolClient (GrpcClientProtocolClient.java:onNext(255)) - client-54CC064C3FCE->8224e767-71c1-41fc-a01a-d172d48fd9d8: receive RaftClientReply:client-54CC064C3FCE->8224e767-71c1-41fc-a01a-d172d48fd9d8@group-F6B37CC92441, cid=2207, SUCCESS, logIndex=3243, commits[8224e767-71c1-41fc-a01a-d172d48fd9d8:c3245, 6eae0c21-01aa-4169-956f-5952b26ea7ba:c3241, 8d7dcba1-3b82-4d94-a832-514ef5c79cf8:c3241]
2019-08-21 02:17:27,397 | INFO  | DNAudit | user=null | ip=null | op=PUT_BLOCK {blockData=[blockId=conID: 3 locID: 102652565741109812 bcsId: 0,size=1048576]} | ret=SUCCESS |  
2019-08-21 02:17:27,397 [grpc-default-executor-3] INFO  client.GrpcClientProtocolClient (GrpcClientProtocolClient.java:onNext(255)) - client-54CC064C3FCE->8224e767-71c1-41fc-a01a-d172d48fd9d8: receive RaftClientReply:client-54CC064C3FCE->8224e767-71c1-41fc-a01a-d172d48fd9d8@group-F6B37CC92441, cid=2208, SUCCESS, logIndex=3244, commits[8224e767-71c1-41fc-a01a-d172d48fd9d8:c3245, 6eae0c21-01aa-4169-956f-5952b26ea7ba:c3241, 8d7dcba1-3b82-4d94-a832-514ef5c79cf8:c3241]
2019-08-21 02:17:27,397 | INFO  | DNAudit | user=null | ip=null | op=WRITE_CHUNK {blockData=conID: 3 locID: 102652565741109812 bcsId: 0} | ret=SUCCESS |  
2019-08-21 02:17:27,398 | INFO  | DNAudit | user=null | ip=null | op=PUT_BLOCK {blockData=[blockId=conID: 3 locID: 102652565741109812 bcsId: 0,size=1048576]} | ret=SUCCESS |  
2019-08-21 02:17:27,398 [grpc-default-executor-3] INFO  client.GrpcClientProtocolClient (GrpcClientProtocolClient.java:onNext(255)) - client-54CC064C3FCE->8224e767-71c1-41fc-a01a-d172d48fd9d8: receive RaftClientReply:client-54CC064C3FCE->8224e767-71c1-41fc-a01a-d172d48fd9d8@group-F6B37CC92441, cid=2209, SUCCESS, logIndex=3245, commits[8224e767-71c1-41fc-a01a-d172d48fd9d8:c3245, 6eae0c21-01aa-4169-956f-5952b26ea7ba:c3242, 8d7dcba1-3b82-4d94-a832-514ef5c79cf8:c3241]
2019-08-21 02:17:27,398 | INFO  | DNAudit | user=null | ip=null | op=WRITE_CHUNK {blockData=conID: 3 locID: 102652565741109812 bcsId: 0} | ret=SUCCESS |  
2019-08-21 02:17:27,398 | INFO  | DNAudit | user=null | ip=null | op=PUT_BLOCK {blockData=[blockId=conID: 3 locID: 102652565741109812 bcsId: 0,size=2097152]} | ret=SUCCESS |  
2019-08-21 02:17:27,398 | INFO  | DNAudit | user=null | ip=null | op=PUT_BLOCK {blockData=[blockId=conID: 3 locID: 102652565741109812 bcsId: 0,size=2097152]} | ret=SUCCESS |  
2019-08-21 02:17:27,399 [grpc-default-executor-3] INFO  client.GrpcClientProtocolClient (GrpcClientProtocolClient.java:onNext(255)) - client-54CC064C3FCE->8224e767-71c1-41fc-a01a-d172d48fd9d8: receive RaftClientReply:client-54CC064C3FCE->8224e767-71c1-41fc-a01a-d172d48fd9d8@group-F6B37CC92441, cid=2210, SUCCESS, logIndex=0, commits[8224e767-71c1-41fc-a01a-d172d48fd9d8:c3249, 6eae0c21-01aa-4169-956f-5952b26ea7ba:c3245, 8d7dcba1-3b82-4d94-a832-514ef5c79cf8:c3244]
2019-08-21 02:17:27,405 | INFO  | DNAudit | user=null | ip=null | op=WRITE_CHUNK {blockData=conID: 3 locID: 102652565741109812 bcsId: 3245} | ret=SUCCESS |  
2019-08-21 02:17:27,407 | INFO  | DNAudit | user=null | ip=null | op=WRITE_CHUNK {blockData=conID: 3 locID: 102652565741109812 bcsId: 3245} | ret=SUCCESS |  
2019-08-21 02:17:27,407 | INFO  | DNAudit | user=null | ip=null | op=WRITE_CHUNK {blockData=conID: 3 locID: 102652565741109812 bcsId: 3245} | ret=SUCCESS |  
2019-08-21 02:17:27,417 | INFO  | DNAudit | user=null | ip=null | op=WRITE_CHUNK {blockData=conID: 3 locID: 102652565741109812 bcsId: 3245} | ret=SUCCESS |  
2019-08-21 02:17:27,418 | INFO  | DNAudit | user=null | ip=null | op=PUT_BLOCK {blockData=[blockId=conID: 3 locID: 102652565741109812 bcsId: 0,size=3145728]} | ret=SUCCESS |  
2019-08-21 02:17:27,418 [grpc-default-executor-3] INFO  client.GrpcClientProtocolClient (GrpcClientProtocolClient.java:onNext(255)) - client-54CC064C3FCE->8224e767-71c1-41fc-a01a-d172d48fd9d8: receive RaftClientReply:client-54CC064C3FCE->8224e767-71c1-41fc-a01a-d172d48fd9d8@group-F6B37CC92441, cid=2211, SUCCESS, logIndex=3250, commits[8224e767-71c1-41fc-a01a-d172d48fd9d8:c3251, 6eae0c21-01aa-4169-956f-5952b26ea7ba:c3249, 8d7dcba1-3b82-4d94-a832-514ef5c79cf8:c3249]
2019-08-21 02:17:27,418 [grpc-default-executor-3] INFO  client.GrpcClientProtocolClient (GrpcClientProtocolClient.java:onNext(255)) - client-54CC064C3FCE->8224e767-71c1-41fc-a01a-d172d48fd9d8: receive RaftClientReply:client-54CC064C3FCE->8224e767-71c1-41fc-a01a-d172d48fd9d8@group-F6B37CC92441, cid=2212, SUCCESS, logIndex=3251, commits[8224e767-71c1-41fc-a01a-d172d48fd9d8:c3251, 6eae0c21-01aa-4169-956f-5952b26ea7ba:c3249, 8d7dcba1-3b82-4d94-a832-514ef5c79cf8:c3249]
2019-08-21 02:17:27,425 | INFO  | DNAudit | user=null | ip=null | op=WRITE_CHUNK {blockData=conID: 3 locID: 102652565741109812 bcsId: 3251} | ret=SUCCESS |  
2019-08-21 02:17:27,427 | INFO  | DNAudit | user=null | ip=null | op=WRITE_CHUNK {blockData=conID: 3 locID: 102652565741109812 bcsId: 3251} | ret=SUCCESS |  
2019-08-21 02:17:27,427 | INFO  | DNAudit | user=null | ip=null | op=WRITE_CHUNK {blockData=conID: 3 locID: 102652565741109812 bcsId: 3251} | ret=SUCCESS |  
2019-08-21 02:17:27,429 | INFO  | DNAudit | user=null | ip=null | op=WRITE_CHUNK {blockData=conID: 3 locID: 102652565741109812 bcsId: 3245} | ret=SUCCESS |  
2019-08-21 02:17:27,429 | INFO  | DNAudit | user=null | ip=null | op=WRITE_CHUNK {blockData=conID: 3 locID: 102652565741109812 bcsId: 3245} | ret=SUCCESS |  
2019-08-21 02:17:27,430 | INFO  | DNAudit | user=null | ip=null | op=PUT_BLOCK {blockData=[blockId=conID: 3 locID: 102652565741109812 bcsId: 0,size=3145728]} | ret=SUCCESS |  
2019-08-21 02:17:27,430 | INFO  | DNAudit | user=null | ip=null | op=PUT_BLOCK {blockData=[blockId=conID: 3 locID: 102652565741109812 bcsId: 0,size=3145728]} | ret=SUCCESS |  
2019-08-21 02:17:27,431 | INFO  | DNAudit | user=null | ip=null | op=WRITE_CHUNK {blockData=conID: 3 locID: 102652565741109812 bcsId: 3251} | ret=SUCCESS |  
2019-08-21 02:17:27,431 | INFO  | DNAudit | user=null | ip=null | op=PUT_BLOCK {blockData=[blockId=conID: 3 locID: 102652565741109812 bcsId: 0,size=4194304]} | ret=SUCCESS |  
2019-08-21 02:17:27,431 [grpc-default-executor-4] INFO  client.GrpcClientProtocolClient (GrpcClientProtocolClient.java:onNext(255)) - client-54CC064C3FCE->8224e767-71c1-41fc-a01a-d172d48fd9d8: receive RaftClientReply:client-54CC064C3FCE->8224e767-71c1-41fc-a01a-d172d48fd9d8@group-F6B37CC92441, cid=2213, SUCCESS, logIndex=3254, commits[8224e767-71c1-41fc-a01a-d172d48fd9d8:c3255, 6eae0c21-01aa-4169-956f-5952b26ea7ba:c3251, 8d7dcba1-3b82-4d94-a832-514ef5c79cf8:c3251]
2019-08-21 02:17:27,432 [grpc-default-executor-4] INFO  client.GrpcClientProtocolClient (GrpcClientProtocolClient.java:onNext(255)) - client-54CC064C3FCE->8224e767-71c1-41fc-a01a-d172d48fd9d8: receive RaftClientReply:client-54CC064C3FCE->8224e767-71c1-41fc-a01a-d172d48fd9d8@group-F6B37CC92441, cid=2214, SUCCESS, logIndex=3255, commits[8224e767-71c1-41fc-a01a-d172d48fd9d8:c3255, 6eae0c21-01aa-4169-956f-5952b26ea7ba:c3251, 8d7dcba1-3b82-4d94-a832-514ef5c79cf8:c3251]
2019-08-21 02:17:27,433 | INFO  | DNAudit | user=null | ip=null | op=WRITE_CHUNK {blockData=conID: 3 locID: 102652565741109812 bcsId: 3251} | ret=SUCCESS |  
2019-08-21 02:17:27,433 | INFO  | DNAudit | user=null | ip=null | op=WRITE_CHUNK {blockData=conID: 3 locID: 102652565741109812 bcsId: 3251} | ret=SUCCESS |  
2019-08-21 02:17:27,434 | INFO  | DNAudit | user=null | ip=null | op=PUT_BLOCK {blockData=[blockId=conID: 3 locID: 102652565741109812 bcsId: 0,size=4194304]} | ret=SUCCESS |  
2019-08-21 02:17:27,434 | INFO  | DNAudit | user=null | ip=null | op=PUT_BLOCK {blockData=[blockId=conID: 3 locID: 102652565741109812 bcsId: 0,size=4194304]} | ret=SUCCESS |  
2019-08-21 02:17:27,435 [grpc-default-executor-4] INFO  client.GrpcClientProtocolClient (GrpcClientProtocolClient.java:onNext(255)) - client-54CC064C3FCE->8224e767-71c1-41fc-a01a-d172d48fd9d8: receive RaftClientReply:client-54CC064C3FCE->8224e767-71c1-41fc-a01a-d172d48fd9d8@group-F6B37CC92441, cid=2215, SUCCESS, logIndex=0, commits[8224e767-71c1-41fc-a01a-d172d48fd9d8:c3257, 6eae0c21-01aa-4169-956f-5952b26ea7ba:c3255, 8d7dcba1-3b82-4d94-a832-514ef5c79cf8:c3255]
2019-08-21 02:17:27,441 | INFO  | SCMAudit | user=jenkins1000 | ip=192.168.34.10 | op=ALLOCATE_BLOCK {owner=b6f66289-f2a0-4058-b052-0a85e40df67b, size=4194304, type=RATIS, factor=THREE} | ret=SUCCESS |  
2019-08-21 02:17:27,444 | INFO  | OMAudit | user=jenkins1000 | ip=127.0.0.1 | op=ALLOCATE_BLOCK {volume=vol-0-90982, bucket=bucket-0-24269, key=key-0-81262, dataSize=0, replicationType=null, replicationFactor=null, keyLocationInfo=null, clientID=102652564580991378} | ret=SUCCESS |  
2019-08-21 02:17:27,453 | INFO  | DNAudit | user=null | ip=null | op=WRITE_CHUNK {blockData=conID: 1 locID: 102652565745893941 bcsId: 0} | ret=SUCCESS |  
2019-08-21 02:17:27,455 | INFO  | DNAudit | user=null | ip=null | op=WRITE_CHUNK {blockData=conID: 1 locID: 102652565745893941 bcsId: 0} | ret=SUCCESS |  
2019-08-21 02:17:27,456 | INFO  | DNAudit | user=null | ip=null | op=WRITE_CHUNK {blockData=conID: 1 locID: 102652565745893941 bcsId: 0} | ret=SUCCESS |  
2019-08-21 02:17:27,456 | INFO  | DNAudit | user=null | ip=null | op=WRITE_CHUNK {blockData=conID: 1 locID: 102652565745893941 bcsId: 0} | ret=SUCCESS |  
2019-08-21 02:17:27,458 | INFO  | DNAudit | user=null | ip=null | op=WRITE_CHUNK {blockData=conID: 1 locID: 102652565745893941 bcsId: 0} | ret=SUCCESS |  
2019-08-21 02:17:27,458 | INFO  | DNAudit | user=null | ip=null | op=WRITE_CHUNK {blockData=conID: 1 locID: 102652565745893941 bcsId: 0} | ret=SUCCESS |  
2019-08-21 02:17:27,479 | INFO  | DNAudit | user=null | ip=null | op=WRITE_CHUNK {blockData=conID: 1 locID: 102652565745893941 bcsId: 0} | ret=SUCCESS |  
2019-08-21 02:17:27,480 | INFO  | DNAudit | user=null | ip=null | op=PUT_BLOCK {blockData=[blockId=conID: 1 locID: 102652565745893941 bcsId: 0,size=1048576]} | ret=SUCCESS |  
2019-08-21 02:17:27,480 | INFO  | DNAudit | user=null | ip=null | op=WRITE_CHUNK {blockData=conID: 1 locID: 102652565745893941 bcsId: 0} | ret=SUCCESS |  
2019-08-21 02:17:27,480 [grpc-default-executor-1] INFO  client.GrpcClientProtocolClient (GrpcClientProtocolClient.java:onNext(255)) - client-54CC064C3FCE->8224e767-71c1-41fc-a01a-d172d48fd9d8: receive RaftClientReply:client-54CC064C3FCE->8224e767-71c1-41fc-a01a-d172d48fd9d8@group-F6B37CC92441, cid=2216, SUCCESS, logIndex=3258, commits[8224e767-71c1-41fc-a01a-d172d48fd9d8:c3259, 6eae0c21-01aa-4169-956f-5952b26ea7ba:c3257, 8d7dcba1-3b82-4d94-a832-514ef5c79cf8:c3257]
2019-08-21 02:17:27,481 | INFO  | DNAudit | user=null | ip=null | op=PUT_BLOCK {blockData=[blockId=conID: 1 locID: 102652565745893941 bcsId: 0,size=2097152]} | ret=SUCCESS |  
2019-08-21 02:17:27,481 [grpc-default-executor-1] INFO  client.GrpcClientProtocolClient (GrpcClientProtocolClient.java:onNext(255)) - client-54CC064C3FCE->8224e767-71c1-41fc-a01a-d172d48fd9d8: receive RaftClientReply:client-54CC064C3FCE->8224e767-71c1-41fc-a01a-d172d48fd9d8@group-F6B37CC92441, cid=2217, SUCCESS, logIndex=3259, commits[8224e767-71c1-41fc-a01a-d172d48fd9d8:c3261, 6eae0c21-01aa-4169-956f-5952b26ea7ba:c3257, 8d7dcba1-3b82-4d94-a832-514ef5c79cf8:c3257]
2019-08-21 02:17:27,481 [grpc-default-executor-1] INFO  client.GrpcClientProtocolClient (GrpcClientProtocolClient.java:onNext(255)) - client-54CC064C3FCE->8224e767-71c1-41fc-a01a-d172d48fd9d8: receive RaftClientReply:client-54CC064C3FCE->8224e767-71c1-41fc-a01a-d172d48fd9d8@group-F6B37CC92441, cid=2218, SUCCESS, logIndex=3260, commits[8224e767-71c1-41fc-a01a-d172d48fd9d8:c3261, 6eae0c21-01aa-4169-956f-5952b26ea7ba:c3257, 8d7dcba1-3b82-4d94-a832-514ef5c79cf8:c3257]
2019-08-21 02:17:27,482 [grpc-default-executor-1] INFO  client.GrpcClientProtocolClient (GrpcClientProtocolClient.java:onNext(255)) - client-54CC064C3FCE->8224e767-71c1-41fc-a01a-d172d48fd9d8: receive RaftClientReply:client-54CC064C3FCE->8224e767-71c1-41fc-a01a-d172d48fd9d8@group-F6B37CC92441, cid=2219, SUCCESS, logIndex=3261, commits[8224e767-71c1-41fc-a01a-d172d48fd9d8:c3261, 6eae0c21-01aa-4169-956f-5952b26ea7ba:c3257, 8d7dcba1-3b82-4d94-a832-514ef5c79cf8:c3257]
2019-08-21 02:17:27,491 | INFO  | DNAudit | user=null | ip=null | op=WRITE_CHUNK {blockData=conID: 1 locID: 102652565745893941 bcsId: 0} | ret=SUCCESS |  
2019-08-21 02:17:27,492 | INFO  | DNAudit | user=null | ip=null | op=WRITE_CHUNK {blockData=conID: 1 locID: 102652565745893941 bcsId: 0} | ret=SUCCESS |  
2019-08-21 02:17:27,492 | INFO  | DNAudit | user=null | ip=null | op=PUT_BLOCK {blockData=[blockId=conID: 1 locID: 102652565745893941 bcsId: 0,size=1048576]} | ret=SUCCESS |  
2019-08-21 02:17:27,492 | INFO  | DNAudit | user=null | ip=null | op=PUT_BLOCK {blockData=[blockId=conID: 1 locID: 102652565745893941 bcsId: 0,size=1048576]} | ret=SUCCESS |  
2019-08-21 02:17:27,492 | INFO  | DNAudit | user=null | ip=null | op=WRITE_CHUNK {blockData=conID: 1 locID: 102652565745893941 bcsId: 0} | ret=SUCCESS |  
2019-08-21 02:17:27,492 | INFO  | DNAudit | user=null | ip=null | op=WRITE_CHUNK {blockData=conID: 1 locID: 102652565745893941 bcsId: 0} | ret=SUCCESS |  
2019-08-21 02:17:27,493 | INFO  | DNAudit | user=null | ip=null | op=PUT_BLOCK {blockData=[blockId=conID: 1 locID: 102652565745893941 bcsId: 0,size=2097152]} | ret=SUCCESS |  
2019-08-21 02:17:27,493 | INFO  | DNAudit | user=null | ip=null | op=PUT_BLOCK {blockData=[blockId=conID: 1 locID: 102652565745893941 bcsId: 0,size=2097152]} | ret=SUCCESS |  
2019-08-21 02:17:27,493 [grpc-default-executor-1] INFO  client.GrpcClientProtocolClient (GrpcClientProtocolClient.java:onNext(255)) - client-54CC064C3FCE->8224e767-71c1-41fc-a01a-d172d48fd9d8: receive RaftClientReply:client-54CC064C3FCE->8224e767-71c1-41fc-a01a-d172d48fd9d8@group-F6B37CC92441, cid=2220, SUCCESS, logIndex=0, commits[8224e767-71c1-41fc-a01a-d172d48fd9d8:c3265, 6eae0c21-01aa-4169-956f-5952b26ea7ba:c3259, 8d7dcba1-3b82-4d94-a832-514ef5c79cf8:c3261]
2019-08-21 02:17:27,501 | INFO  | DNAudit | user=null | ip=null | op=WRITE_CHUNK {blockData=conID: 1 locID: 102652565745893941 bcsId: 3261} | ret=SUCCESS |  
2019-08-21 02:17:27,503 | INFO  | DNAudit | user=null | ip=null | op=WRITE_CHUNK {blockData=conID: 1 locID: 102652565745893941 bcsId: 3261} | ret=SUCCESS |  
2019-08-21 02:17:27,504 | INFO  | DNAudit | user=null | ip=null | op=WRITE_CHUNK {blockData=conID: 1 locID: 102652565745893941 bcsId: 3261} | ret=SUCCESS |  
2019-08-21 02:17:27,513 | INFO  | DNAudit | user=null | ip=null | op=WRITE_CHUNK {blockData=conID: 1 locID: 102652565745893941 bcsId: 3261} | ret=SUCCESS |  
2019-08-21 02:17:27,514 | INFO  | DNAudit | user=null | ip=null | op=PUT_BLOCK {blockData=[blockId=conID: 1 locID: 102652565745893941 bcsId: 0,size=3145728]} | ret=SUCCESS |  
2019-08-21 02:17:27,514 [grpc-default-executor-1] INFO  client.GrpcClientProtocolClient (GrpcClientProtocolClient.java:onNext(255)) - client-54CC064C3FCE->8224e767-71c1-41fc-a01a-d172d48fd9d8: receive RaftClientReply:client-54CC064C3FCE->8224e767-71c1-41fc-a01a-d172d48fd9d8@group-F6B37CC92441, cid=2221, SUCCESS, logIndex=3266, commits[8224e767-71c1-41fc-a01a-d172d48fd9d8:c3267, 6eae0c21-01aa-4169-956f-5952b26ea7ba:c3265, 8d7dcba1-3b82-4d94-a832-514ef5c79cf8:c3265]
2019-08-21 02:17:27,514 [grpc-default-executor-1] INFO  client.GrpcClientProtocolClient (GrpcClientProtocolClient.java:onNext(255)) - client-54CC064C3FCE->8224e767-71c1-41fc-a01a-d172d48fd9d8: receive RaftClientReply:client-54CC064C3FCE->8224e767-71c1-41fc-a01a-d172d48fd9d8@group-F6B37CC92441, cid=2222, SUCCESS, logIndex=3267, commits[8224e767-71c1-41fc-a01a-d172d48fd9d8:c3267, 6eae0c21-01aa-4169-956f-5952b26ea7ba:c3265, 8d7dcba1-3b82-4d94-a832-514ef5c79cf8:c3265]
2019-08-21 02:17:27,521 | INFO  | DNAudit | user=null | ip=null | op=WRITE_CHUNK {blockData=conID: 1 locID: 102652565745893941 bcsId: 3267} | ret=SUCCESS |  
2019-08-21 02:17:27,523 | INFO  | DNAudit | user=null | ip=null | op=WRITE_CHUNK {blockData=conID: 1 locID: 102652565745893941 bcsId: 3267} | ret=SUCCESS |  
2019-08-21 02:17:27,524 | INFO  | DNAudit | user=null | ip=null | op=WRITE_CHUNK {blockData=conID: 1 locID: 102652565745893941 bcsId: 3267} | ret=SUCCESS |  
2019-08-21 02:17:27,525 | INFO  | DNAudit | user=null | ip=null | op=WRITE_CHUNK {blockData=conID: 1 locID: 102652565745893941 bcsId: 3261} | ret=SUCCESS |  
2019-08-21 02:17:27,525 | INFO  | DNAudit | user=null | ip=null | op=WRITE_CHUNK {blockData=conID: 1 locID: 102652565745893941 bcsId: 3261} | ret=SUCCESS |  
2019-08-21 02:17:27,526 | INFO  | DNAudit | user=null | ip=null | op=PUT_BLOCK {blockData=[blockId=conID: 1 locID: 102652565745893941 bcsId: 0,size=3145728]} | ret=SUCCESS |  
2019-08-21 02:17:27,526 | INFO  | DNAudit | user=null | ip=null | op=PUT_BLOCK {blockData=[blockId=conID: 1 locID: 102652565745893941 bcsId: 0,size=3145728]} | ret=SUCCESS |  
2019-08-21 02:17:27,526 | INFO  | DNAudit | user=null | ip=null | op=WRITE_CHUNK {blockData=conID: 1 locID: 102652565745893941 bcsId: 3267} | ret=SUCCESS |  
2019-08-21 02:17:27,527 | INFO  | DNAudit | user=null | ip=null | op=PUT_BLOCK {blockData=[blockId=conID: 1 locID: 102652565745893941 bcsId: 0,size=4194304]} | ret=SUCCESS |  
2019-08-21 02:17:27,527 [grpc-default-executor-1] INFO  client.GrpcClientProtocolClient (GrpcClientProtocolClient.java:onNext(255)) - client-54CC064C3FCE->8224e767-71c1-41fc-a01a-d172d48fd9d8: receive RaftClientReply:client-54CC064C3FCE->8224e767-71c1-41fc-a01a-d172d48fd9d8@group-F6B37CC92441, cid=2223, SUCCESS, logIndex=3270, commits[8224e767-71c1-41fc-a01a-d172d48fd9d8:c3271, 6eae0c21-01aa-4169-956f-5952b26ea7ba:c3267, 8d7dcba1-3b82-4d94-a832-514ef5c79cf8:c3267]
2019-08-21 02:17:27,528 [grpc-default-executor-1] INFO  client.GrpcClientProtocolClient (GrpcClientProtocolClient.java:onNext(255)) - client-54CC064C3FCE->8224e767-71c1-41fc-a01a-d172d48fd9d8: receive RaftClientReply:client-54CC064C3FCE->8224e767-71c1-41fc-a01a-d172d48fd9d8@group-F6B37CC92441, cid=2224, SUCCESS, logIndex=3271, commits[8224e767-71c1-41fc-a01a-d172d48fd9d8:c3271, 6eae0c21-01aa-4169-956f-5952b26ea7ba:c3267, 8d7dcba1-3b82-4d94-a832-514ef5c79cf8:c3267]
2019-08-21 02:17:27,538 | INFO  | DNAudit | user=null | ip=null | op=WRITE_CHUNK {blockData=conID: 1 locID: 102652565745893941 bcsId: 3267} | ret=SUCCESS |  
2019-08-21 02:17:27,538 | INFO  | DNAudit | user=null | ip=null | op=WRITE_CHUNK {blockData=conID: 1 locID: 102652565745893941 bcsId: 3267} | ret=SUCCESS |  
2019-08-21 02:17:27,541 | INFO  | DNAudit | user=null | ip=null | op=PUT_BLOCK {blockData=[blockId=conID: 1 locID: 102652565745893941 bcsId: 0,size=4194304]} | ret=SUCCESS |  
2019-08-21 02:17:27,541 | INFO  | DNAudit | user=null | ip=null | op=PUT_BLOCK {blockData=[blockId=conID: 1 locID: 102652565745893941 bcsId: 0,size=4194304]} | ret=SUCCESS |  
2019-08-21 02:17:27,542 [grpc-default-executor-1] INFO  client.GrpcClientProtocolClient (GrpcClientProtocolClient.java:onNext(255)) - client-54CC064C3FCE->8224e767-71c1-41fc-a01a-d172d48fd9d8: receive RaftClientReply:client-54CC064C3FCE->8224e767-71c1-41fc-a01a-d172d48fd9d8@group-F6B37CC92441, cid=2225, SUCCESS, logIndex=0, commits[8224e767-71c1-41fc-a01a-d172d48fd9d8:c3273, 6eae0c21-01aa-4169-956f-5952b26ea7ba:c3271, 8d7dcba1-3b82-4d94-a832-514ef5c79cf8:c3271]
2019-08-21 02:17:27,547 | INFO  | SCMAudit | user=jenkins1000 | ip=192.168.34.10 | op=ALLOCATE_BLOCK {owner=b6f66289-f2a0-4058-b052-0a85e40df67b, size=4194304, type=RATIS, factor=THREE} | ret=SUCCESS |  
2019-08-21 02:17:27,550 | INFO  | OMAudit | user=jenkins1000 | ip=127.0.0.1 | op=ALLOCATE_BLOCK {volume=vol-0-90982, bucket=bucket-0-24269, key=key-0-81262, dataSize=0, replicationType=null, replicationFactor=null, keyLocationInfo=null, clientID=102652564580991378} | ret=SUCCESS |  
2019-08-21 02:17:27,559 | INFO  | DNAudit | user=null | ip=null | op=WRITE_CHUNK {blockData=conID: 2 locID: 102652565752840758 bcsId: 0} | ret=SUCCESS |  
2019-08-21 02:17:27,562 | INFO  | DNAudit | user=null | ip=null | op=WRITE_CHUNK {blockData=conID: 2 locID: 102652565752840758 bcsId: 0} | ret=SUCCESS |  
2019-08-21 02:17:27,562 | INFO  | DNAudit | user=null | ip=null | op=WRITE_CHUNK {blockData=conID: 2 locID: 102652565752840758 bcsId: 0} | ret=SUCCESS |  
2019-08-21 02:17:27,562 | INFO  | DNAudit | user=null | ip=null | op=WRITE_CHUNK {blockData=conID: 2 locID: 102652565752840758 bcsId: 0} | ret=SUCCESS |  
2019-08-21 02:17:27,564 | INFO  | DNAudit | user=null | ip=null | op=WRITE_CHUNK {blockData=conID: 2 locID: 102652565752840758 bcsId: 0} | ret=SUCCESS |  
2019-08-21 02:17:27,565 | INFO  | DNAudit | user=null | ip=null | op=WRITE_CHUNK {blockData=conID: 2 locID: 102652565752840758 bcsId: 0} | ret=SUCCESS |  
2019-08-21 02:17:27,571 | INFO  | DNAudit | user=null | ip=null | op=WRITE_CHUNK {blockData=conID: 2 locID: 102652565752840758 bcsId: 0} | ret=SUCCESS |  
2019-08-21 02:17:27,572 | INFO  | DNAudit | user=null | ip=null | op=PUT_BLOCK {blockData=[blockId=conID: 2 locID: 102652565752840758 bcsId: 0,size=1048576]} | ret=SUCCESS |  
2019-08-21 02:17:27,572 [grpc-default-executor-4] INFO  client.GrpcClientProtocolClient (GrpcClientProtocolClient.java:onNext(255)) - client-54CC064C3FCE->8224e767-71c1-41fc-a01a-d172d48fd9d8: receive RaftClientReply:client-54CC064C3FCE->8224e767-71c1-41fc-a01a-d172d48fd9d8@group-F6B37CC92441, cid=2226, SUCCESS, logIndex=3274, commits[8224e767-71c1-41fc-a01a-d172d48fd9d8:c3275, 6eae0c21-01aa-4169-956f-5952b26ea7ba:c3273, 8d7dcba1-3b82-4d94-a832-514ef5c79cf8:c3273]
2019-08-21 02:17:27,572 | INFO  | DNAudit | user=null | ip=null | op=WRITE_CHUNK {blockData=conID: 2 locID: 102652565752840758 bcsId: 0} | ret=SUCCESS |  
2019-08-21 02:17:27,572 [grpc-default-executor-4] INFO  client.GrpcClientProtocolClient (GrpcClientProtocolClient.java:onNext(255)) - client-54CC064C3FCE->8224e767-71c1-41fc-a01a-d172d48fd9d8: receive RaftClientReply:client-54CC064C3FCE->8224e767-71c1-41fc-a01a-d172d48fd9d8@group-F6B37CC92441, cid=2227, SUCCESS, logIndex=3275, commits[8224e767-71c1-41fc-a01a-d172d48fd9d8:c3276, 6eae0c21-01aa-4169-956f-5952b26ea7ba:c3273, 8d7dcba1-3b82-4d94-a832-514ef5c79cf8:c3273]
2019-08-21 02:17:27,573 | INFO  | DNAudit | user=null | ip=null | op=PUT_BLOCK {blockData=[blockId=conID: 2 locID: 102652565752840758 bcsId: 0,size=2097152]} | ret=SUCCESS |  
2019-08-21 02:17:27,573 [grpc-default-executor-4] INFO  client.GrpcClientProtocolClient (GrpcClientProtocolClient.java:onNext(255)) - client-54CC064C3FCE->8224e767-71c1-41fc-a01a-d172d48fd9d8: receive RaftClientReply:client-54CC064C3FCE->8224e767-71c1-41fc-a01a-d172d48fd9d8@group-F6B37CC92441, cid=2228, SUCCESS, logIndex=3276, commits[8224e767-71c1-41fc-a01a-d172d48fd9d8:c3277, 6eae0c21-01aa-4169-956f-5952b26ea7ba:c3273, 8d7dcba1-3b82-4d94-a832-514ef5c79cf8:c3273]
2019-08-21 02:17:27,573 [grpc-default-executor-4] INFO  client.GrpcClientProtocolClient (GrpcClientProtocolClient.java:onNext(255)) - client-54CC064C3FCE->8224e767-71c1-41fc-a01a-d172d48fd9d8: receive RaftClientReply:client-54CC064C3FCE->8224e767-71c1-41fc-a01a-d172d48fd9d8@group-F6B37CC92441, cid=2229, SUCCESS, logIndex=3277, commits[8224e767-71c1-41fc-a01a-d172d48fd9d8:c3277, 6eae0c21-01aa-4169-956f-5952b26ea7ba:c3273, 8d7dcba1-3b82-4d94-a832-514ef5c79cf8:c3273]
2019-08-21 02:17:27,585 | INFO  | DNAudit | user=null | ip=null | op=WRITE_CHUNK {blockData=conID: 2 locID: 102652565752840758 bcsId: 0} | ret=SUCCESS |  
2019-08-21 02:17:27,585 | INFO  | DNAudit | user=null | ip=null | op=PUT_BLOCK {blockData=[blockId=conID: 2 locID: 102652565752840758 bcsId: 0,size=1048576]} | ret=SUCCESS |  
2019-08-21 02:17:27,586 | INFO  | DNAudit | user=null | ip=null | op=WRITE_CHUNK {blockData=conID: 2 locID: 102652565752840758 bcsId: 0} | ret=SUCCESS |  
2019-08-21 02:17:27,586 | INFO  | DNAudit | user=null | ip=null | op=PUT_BLOCK {blockData=[blockId=conID: 2 locID: 102652565752840758 bcsId: 0,size=1048576]} | ret=SUCCESS |  
2019-08-21 02:17:27,586 | INFO  | DNAudit | user=null | ip=null | op=WRITE_CHUNK {blockData=conID: 2 locID: 102652565752840758 bcsId: 0} | ret=SUCCESS |  
2019-08-21 02:17:27,586 | INFO  | DNAudit | user=null | ip=null | op=WRITE_CHUNK {blockData=conID: 2 locID: 102652565752840758 bcsId: 0} | ret=SUCCESS |  
2019-08-21 02:17:27,587 | INFO  | DNAudit | user=null | ip=null | op=PUT_BLOCK {blockData=[blockId=conID: 2 locID: 102652565752840758 bcsId: 0,size=2097152]} | ret=SUCCESS |  
2019-08-21 02:17:27,587 | INFO  | DNAudit | user=null | ip=null | op=PUT_BLOCK {blockData=[blockId=conID: 2 locID: 102652565752840758 bcsId: 0,size=2097152]} | ret=SUCCESS |  
2019-08-21 02:17:27,587 [grpc-default-executor-4] INFO  client.GrpcClientProtocolClient (GrpcClientProtocolClient.java:onNext(255)) - client-54CC064C3FCE->8224e767-71c1-41fc-a01a-d172d48fd9d8: receive RaftClientReply:client-54CC064C3FCE->8224e767-71c1-41fc-a01a-d172d48fd9d8@group-F6B37CC92441, cid=2230, SUCCESS, logIndex=0, commits[8224e767-71c1-41fc-a01a-d172d48fd9d8:c3279, 6eae0c21-01aa-4169-956f-5952b26ea7ba:c3275, 8d7dcba1-3b82-4d94-a832-514ef5c79cf8:c3275]
2019-08-21 02:17:27,594 | INFO  | DNAudit | user=null | ip=null | op=WRITE_CHUNK {blockData=conID: 2 locID: 102652565752840758 bcsId: 3277} | ret=SUCCESS |  
2019-08-21 02:17:27,596 | INFO  | DNAudit | user=null | ip=null | op=WRITE_CHUNK {blockData=conID: 2 locID: 102652565752840758 bcsId: 3277} | ret=SUCCESS |  
2019-08-21 02:17:27,596 | INFO  | DNAudit | user=null | ip=null | op=WRITE_CHUNK {blockData=conID: 2 locID: 102652565752840758 bcsId: 3277} | ret=SUCCESS |  
2019-08-21 02:17:27,606 | INFO  | DNAudit | user=null | ip=null | op=WRITE_CHUNK {blockData=conID: 2 locID: 102652565752840758 bcsId: 3277} | ret=SUCCESS |  
2019-08-21 02:17:27,607 | INFO  | DNAudit | user=null | ip=null | op=PUT_BLOCK {blockData=[blockId=conID: 2 locID: 102652565752840758 bcsId: 0,size=3145728]} | ret=SUCCESS |  
2019-08-21 02:17:27,607 [grpc-default-executor-4] INFO  client.GrpcClientProtocolClient (GrpcClientProtocolClient.java:onNext(255)) - client-54CC064C3FCE->8224e767-71c1-41fc-a01a-d172d48fd9d8: receive RaftClientReply:client-54CC064C3FCE->8224e767-71c1-41fc-a01a-d172d48fd9d8@group-F6B37CC92441, cid=2231, SUCCESS, logIndex=3282, commits[8224e767-71c1-41fc-a01a-d172d48fd9d8:c3283, 6eae0c21-01aa-4169-956f-5952b26ea7ba:c3281, 8d7dcba1-3b82-4d94-a832-514ef5c79cf8:c3281]
2019-08-21 02:17:27,755 [grpc-default-executor-4] INFO  client.GrpcClientProtocolClient (GrpcClientProtocolClient.java:onNext(255)) - client-54CC064C3FCE->8224e767-71c1-41fc-a01a-d172d48fd9d8: receive RaftClientReply:client-54CC064C3FCE->8224e767-71c1-41fc-a01a-d172d48fd9d8@group-F6B37CC92441, cid=2232, SUCCESS, logIndex=3283, commits[8224e767-71c1-41fc-a01a-d172d48fd9d8:c3283, 6eae0c21-01aa-4169-956f-5952b26ea7ba:c3281, 8d7dcba1-3b82-4d94-a832-514ef5c79cf8:c3281]
2019-08-21 02:17:27,756 | INFO  | DNAudit | user=null | ip=null | op=WRITE_CHUNK {blockData=conID: 2 locID: 102652565752840758 bcsId: 3277} | ret=SUCCESS |  
2019-08-21 02:17:27,756 | INFO  | DNAudit | user=null | ip=null | op=WRITE_CHUNK {blockData=conID: 2 locID: 102652565752840758 bcsId: 3277} | ret=SUCCESS |  
2019-08-21 02:17:27,764 | INFO  | DNAudit | user=null | ip=null | op=WRITE_CHUNK {blockData=conID: 2 locID: 102652565752840758 bcsId: 3283} | ret=SUCCESS |  
2019-08-21 02:17:27,766 | INFO  | DNAudit | user=null | ip=null | op=WRITE_CHUNK {blockData=conID: 2 locID: 102652565752840758 bcsId: 3283} | ret=SUCCESS |  
2019-08-21 02:17:27,767 | INFO  | DNAudit | user=null | ip=null | op=PUT_BLOCK {blockData=[blockId=conID: 2 locID: 102652565752840758 bcsId: 0,size=3145728]} | ret=SUCCESS |  
2019-08-21 02:17:27,767 | INFO  | DNAudit | user=null | ip=null | op=PUT_BLOCK {blockData=[blockId=conID: 2 locID: 102652565752840758 bcsId: 0,size=3145728]} | ret=SUCCESS |  
2019-08-21 02:17:27,767 | INFO  | DNAudit | user=null | ip=null | op=WRITE_CHUNK {blockData=conID: 2 locID: 102652565752840758 bcsId: 3283} | ret=SUCCESS |  
2019-08-21 02:17:27,769 | INFO  | DNAudit | user=null | ip=null | op=WRITE_CHUNK {blockData=conID: 2 locID: 102652565752840758 bcsId: 3283} | ret=SUCCESS |  
2019-08-21 02:17:27,770 | INFO  | DNAudit | user=null | ip=null | op=PUT_BLOCK {blockData=[blockId=conID: 2 locID: 102652565752840758 bcsId: 0,size=4194304]} | ret=SUCCESS |  
2019-08-21 02:17:27,770 [grpc-default-executor-3] INFO  client.GrpcClientProtocolClient (GrpcClientProtocolClient.java:onNext(255)) - client-54CC064C3FCE->8224e767-71c1-41fc-a01a-d172d48fd9d8: receive RaftClientReply:client-54CC064C3FCE->8224e767-71c1-41fc-a01a-d172d48fd9d8@group-F6B37CC92441, cid=2233, SUCCESS, logIndex=3286, commits[8224e767-71c1-41fc-a01a-d172d48fd9d8:c3287, 6eae0c21-01aa-4169-956f-5952b26ea7ba:c3284, 8d7dcba1-3b82-4d94-a832-514ef5c79cf8:c3284]
2019-08-21 02:17:27,770 [grpc-default-executor-3] INFO  client.GrpcClientProtocolClient (GrpcClientProtocolClient.java:onNext(255)) - client-54CC064C3FCE->8224e767-71c1-41fc-a01a-d172d48fd9d8: receive RaftClientReply:client-54CC064C3FCE->8224e767-71c1-41fc-a01a-d172d48fd9d8@group-F6B37CC92441, cid=2234, SUCCESS, logIndex=3287, commits[8224e767-71c1-41fc-a01a-d172d48fd9d8:c3287, 6eae0c21-01aa-4169-956f-5952b26ea7ba:c3284, 8d7dcba1-3b82-4d94-a832-514ef5c79cf8:c3284]
2019-08-21 02:17:27,770 | INFO  | DNAudit | user=null | ip=null | op=WRITE_CHUNK {blockData=conID: 2 locID: 102652565752840758 bcsId: 3283} | ret=SUCCESS |  
2019-08-21 02:17:27,771 | INFO  | DNAudit | user=null | ip=null | op=WRITE_CHUNK {blockData=conID: 2 locID: 102652565752840758 bcsId: 3283} | ret=SUCCESS |  
2019-08-21 02:17:27,771 | INFO  | DNAudit | user=null | ip=null | op=PUT_BLOCK {blockData=[blockId=conID: 2 locID: 102652565752840758 bcsId: 0,size=4194304]} | ret=SUCCESS |  
2019-08-21 02:17:27,771 | INFO  | DNAudit | user=null | ip=null | op=PUT_BLOCK {blockData=[blockId=conID: 2 locID: 102652565752840758 bcsId: 0,size=4194304]} | ret=SUCCESS |  
2019-08-21 02:17:27,771 [grpc-default-executor-3] INFO  client.GrpcClientProtocolClient (GrpcClientProtocolClient.java:onNext(255)) - client-54CC064C3FCE->8224e767-71c1-41fc-a01a-d172d48fd9d8: receive RaftClientReply:client-54CC064C3FCE->8224e767-71c1-41fc-a01a-d172d48fd9d8@group-F6B37CC92441, cid=2235, SUCCESS, logIndex=0, commits[8224e767-71c1-41fc-a01a-d172d48fd9d8:c3288, 6eae0c21-01aa-4169-956f-5952b26ea7ba:c3287, 8d7dcba1-3b82-4d94-a832-514ef5c79cf8:c3287]
2019-08-21 02:17:27,778 | INFO  | SCMAudit | user=jenkins1000 | ip=192.168.34.10 | op=ALLOCATE_BLOCK {owner=b6f66289-f2a0-4058-b052-0a85e40df67b, size=4194304, type=RATIS, factor=THREE} | ret=SUCCESS |  
2019-08-21 02:17:27,781 | INFO  | OMAudit | user=jenkins1000 | ip=127.0.0.1 | op=ALLOCATE_BLOCK {volume=vol-0-90982, bucket=bucket-0-24269, key=key-0-81262, dataSize=0, replicationType=null, replicationFactor=null, keyLocationInfo=null, clientID=102652564580991378} | ret=SUCCESS |  
2019-08-21 02:17:27,789 | INFO  | DNAudit | user=null | ip=null | op=WRITE_CHUNK {blockData=conID: 3 locID: 102652565767914039 bcsId: 0} | ret=SUCCESS |  
2019-08-21 02:17:27,791 | INFO  | DNAudit | user=null | ip=null | op=WRITE_CHUNK {blockData=conID: 3 locID: 102652565767914039 bcsId: 0} | ret=SUCCESS |  
2019-08-21 02:17:27,792 | INFO  | DNAudit | user=null | ip=null | op=WRITE_CHUNK {blockData=conID: 3 locID: 102652565767914039 bcsId: 0} | ret=SUCCESS |  
2019-08-21 02:17:27,792 | INFO  | DNAudit | user=null | ip=null | op=WRITE_CHUNK {blockData=conID: 3 locID: 102652565767914039 bcsId: 0} | ret=SUCCESS |  
2019-08-21 02:17:27,794 | INFO  | DNAudit | user=null | ip=null | op=WRITE_CHUNK {blockData=conID: 3 locID: 102652565767914039 bcsId: 0} | ret=SUCCESS |  
2019-08-21 02:17:27,795 | INFO  | DNAudit | user=null | ip=null | op=WRITE_CHUNK {blockData=conID: 3 locID: 102652565767914039 bcsId: 0} | ret=SUCCESS |  
2019-08-21 02:17:27,802 | INFO  | DNAudit | user=null | ip=null | op=WRITE_CHUNK {blockData=conID: 3 locID: 102652565767914039 bcsId: 0} | ret=SUCCESS |  
2019-08-21 02:17:27,802 | INFO  | DNAudit | user=null | ip=null | op=PUT_BLOCK {blockData=[blockId=conID: 3 locID: 102652565767914039 bcsId: 0,size=1048576]} | ret=SUCCESS |  
2019-08-21 02:17:27,802 [grpc-default-executor-3] INFO  client.GrpcClientProtocolClient (GrpcClientProtocolClient.java:onNext(255)) - client-54CC064C3FCE->8224e767-71c1-41fc-a01a-d172d48fd9d8: receive RaftClientReply:client-54CC064C3FCE->8224e767-71c1-41fc-a01a-d172d48fd9d8@group-F6B37CC92441, cid=2236, SUCCESS, logIndex=3290, commits[8224e767-71c1-41fc-a01a-d172d48fd9d8:c3291, 6eae0c21-01aa-4169-956f-5952b26ea7ba:c3289, 8d7dcba1-3b82-4d94-a832-514ef5c79cf8:c3289]
2019-08-21 02:17:27,803 | INFO  | DNAudit | user=null | ip=null | op=WRITE_CHUNK {blockData=conID: 3 locID: 102652565767914039 bcsId: 0} | ret=SUCCESS |  
2019-08-21 02:17:27,803 [grpc-default-executor-3] INFO  client.GrpcClientProtocolClient (GrpcClientProtocolClient.java:onNext(255)) - client-54CC064C3FCE->8224e767-71c1-41fc-a01a-d172d48fd9d8: receive RaftClientReply:client-54CC064C3FCE->8224e767-71c1-41fc-a01a-d172d48fd9d8@group-F6B37CC92441, cid=2237, SUCCESS, logIndex=3291, commits[8224e767-71c1-41fc-a01a-d172d48fd9d8:c3291, 6eae0c21-01aa-4169-956f-5952b26ea7ba:c3289, 8d7dcba1-3b82-4d94-a832-514ef5c79cf8:c3289]
2019-08-21 02:17:27,803 | INFO  | DNAudit | user=null | ip=null | op=PUT_BLOCK {blockData=[blockId=conID: 3 locID: 102652565767914039 bcsId: 0,size=2097152]} | ret=SUCCESS |  
2019-08-21 02:17:27,803 [grpc-default-executor-3] INFO  client.GrpcClientProtocolClient (GrpcClientProtocolClient.java:onNext(255)) - client-54CC064C3FCE->8224e767-71c1-41fc-a01a-d172d48fd9d8: receive RaftClientReply:client-54CC064C3FCE->8224e767-71c1-41fc-a01a-d172d48fd9d8@group-F6B37CC92441, cid=2238, SUCCESS, logIndex=3292, commits[8224e767-71c1-41fc-a01a-d172d48fd9d8:c3293, 6eae0c21-01aa-4169-956f-5952b26ea7ba:c3289, 8d7dcba1-3b82-4d94-a832-514ef5c79cf8:c3289]
2019-08-21 02:17:27,804 [grpc-default-executor-3] INFO  client.GrpcClientProtocolClient (GrpcClientProtocolClient.java:onNext(255)) - client-54CC064C3FCE->8224e767-71c1-41fc-a01a-d172d48fd9d8: receive RaftClientReply:client-54CC064C3FCE->8224e767-71c1-41fc-a01a-d172d48fd9d8@group-F6B37CC92441, cid=2239, SUCCESS, logIndex=3293, commits[8224e767-71c1-41fc-a01a-d172d48fd9d8:c3293, 6eae0c21-01aa-4169-956f-5952b26ea7ba:c3289, 8d7dcba1-3b82-4d94-a832-514ef5c79cf8:c3289]
2019-08-21 02:17:27,816 | INFO  | DNAudit | user=null | ip=null | op=WRITE_CHUNK {blockData=conID: 3 locID: 102652565767914039 bcsId: 0} | ret=SUCCESS |  
2019-08-21 02:17:27,816 | INFO  | DNAudit | user=null | ip=null | op=PUT_BLOCK {blockData=[blockId=conID: 3 locID: 102652565767914039 bcsId: 0,size=1048576]} | ret=SUCCESS |  
2019-08-21 02:17:27,816 | INFO  | DNAudit | user=null | ip=null | op=WRITE_CHUNK {blockData=conID: 3 locID: 102652565767914039 bcsId: 0} | ret=SUCCESS |  
2019-08-21 02:17:27,816 | INFO  | DNAudit | user=null | ip=null | op=PUT_BLOCK {blockData=[blockId=conID: 3 locID: 102652565767914039 bcsId: 0,size=1048576]} | ret=SUCCESS |  
2019-08-21 02:17:27,817 | INFO  | DNAudit | user=null | ip=null | op=WRITE_CHUNK {blockData=conID: 3 locID: 102652565767914039 bcsId: 0} | ret=SUCCESS |  
2019-08-21 02:17:27,817 | INFO  | DNAudit | user=null | ip=null | op=PUT_BLOCK {blockData=[blockId=conID: 3 locID: 102652565767914039 bcsId: 0,size=2097152]} | ret=SUCCESS |  
2019-08-21 02:17:27,817 [grpc-default-executor-3] INFO  client.GrpcClientProtocolClient (GrpcClientProtocolClient.java:onNext(255)) - client-54CC064C3FCE->8224e767-71c1-41fc-a01a-d172d48fd9d8: receive RaftClientReply:client-54CC064C3FCE->8224e767-71c1-41fc-a01a-d172d48fd9d8@group-F6B37CC92441, cid=2240, SUCCESS, logIndex=0, commits[8224e767-71c1-41fc-a01a-d172d48fd9d8:c3295, 6eae0c21-01aa-4169-956f-5952b26ea7ba:c3291, 8d7dcba1-3b82-4d94-a832-514ef5c79cf8:c3291]
2019-08-21 02:17:27,824 | INFO  | DNAudit | user=null | ip=null | op=WRITE_CHUNK {blockData=conID: 3 locID: 102652565767914039 bcsId: 3293} | ret=SUCCESS |  
2019-08-21 02:17:27,826 | INFO  | DNAudit | user=null | ip=null | op=WRITE_CHUNK {blockData=conID: 3 locID: 102652565767914039 bcsId: 3293} | ret=SUCCESS |  
2019-08-21 02:17:27,826 | INFO  | DNAudit | user=null | ip=null | op=WRITE_CHUNK {blockData=conID: 3 locID: 102652565767914039 bcsId: 3293} | ret=SUCCESS |  
2019-08-21 02:17:27,827 | INFO  | DNAudit | user=null | ip=null | op=WRITE_CHUNK {blockData=conID: 3 locID: 102652565767914039 bcsId: 0} | ret=SUCCESS |  
2019-08-21 02:17:27,827 | INFO  | DNAudit | user=null | ip=null | op=PUT_BLOCK {blockData=[blockId=conID: 3 locID: 102652565767914039 bcsId: 0,size=2097152]} | ret=SUCCESS |  
2019-08-21 02:17:27,829 | INFO  | DNAudit | user=null | ip=null | op=WRITE_CHUNK {blockData=conID: 3 locID: 102652565767914039 bcsId: 3293} | ret=SUCCESS |  
2019-08-21 02:17:27,829 | INFO  | DNAudit | user=null | ip=null | op=PUT_BLOCK {blockData=[blockId=conID: 3 locID: 102652565767914039 bcsId: 0,size=3145728]} | ret=SUCCESS |  
2019-08-21 02:17:27,829 [grpc-default-executor-3] INFO  client.GrpcClientProtocolClient (GrpcClientProtocolClient.java:onNext(255)) - client-54CC064C3FCE->8224e767-71c1-41fc-a01a-d172d48fd9d8: receive RaftClientReply:client-54CC064C3FCE->8224e767-71c1-41fc-a01a-d172d48fd9d8@group-F6B37CC92441, cid=2241, SUCCESS, logIndex=3298, commits[8224e767-71c1-41fc-a01a-d172d48fd9d8:c3299, 6eae0c21-01aa-4169-956f-5952b26ea7ba:c3297, 8d7dcba1-3b82-4d94-a832-514ef5c79cf8:c3297]
2019-08-21 02:17:27,830 [grpc-default-executor-3] INFO  client.GrpcClientProtocolClient (GrpcClientProtocolClient.java:onNext(255)) - client-54CC064C3FCE->8224e767-71c1-41fc-a01a-d172d48fd9d8: receive RaftClientReply:client-54CC064C3FCE->8224e767-71c1-41fc-a01a-d172d48fd9d8@group-F6B37CC92441, cid=2242, SUCCESS, logIndex=3299, commits[8224e767-71c1-41fc-a01a-d172d48fd9d8:c3299, 6eae0c21-01aa-4169-956f-5952b26ea7ba:c3297, 8d7dcba1-3b82-4d94-a832-514ef5c79cf8:c3297]
2019-08-21 02:17:27,836 | INFO  | DNAudit | user=null | ip=null | op=WRITE_CHUNK {blockData=conID: 3 locID: 102652565767914039 bcsId: 3299} | ret=SUCCESS |  
2019-08-21 02:17:27,838 | INFO  | DNAudit | user=null | ip=null | op=WRITE_CHUNK {blockData=conID: 3 locID: 102652565767914039 bcsId: 3299} | ret=SUCCESS |  
2019-08-21 02:17:27,839 | INFO  | DNAudit | user=null | ip=null | op=WRITE_CHUNK {blockData=conID: 3 locID: 102652565767914039 bcsId: 3299} | ret=SUCCESS |  
2019-08-21 02:17:27,840 | INFO  | DNAudit | user=null | ip=null | op=WRITE_CHUNK {blockData=conID: 3 locID: 102652565767914039 bcsId: 3293} | ret=SUCCESS |  
2019-08-21 02:17:27,840 | INFO  | DNAudit | user=null | ip=null | op=WRITE_CHUNK {blockData=conID: 3 locID: 102652565767914039 bcsId: 3293} | ret=SUCCESS |  
2019-08-21 02:17:27,843 | INFO  | DNAudit | user=null | ip=null | op=PUT_BLOCK {blockData=[blockId=conID: 3 locID: 102652565767914039 bcsId: 0,size=3145728]} | ret=SUCCESS |  
2019-08-21 02:17:27,843 | INFO  | DNAudit | user=null | ip=null | op=PUT_BLOCK {blockData=[blockId=conID: 3 locID: 102652565767914039 bcsId: 0,size=3145728]} | ret=SUCCESS |  
2019-08-21 02:17:27,843 | INFO  | DNAudit | user=null | ip=null | op=WRITE_CHUNK {blockData=conID: 3 locID: 102652565767914039 bcsId: 3299} | ret=SUCCESS |  
2019-08-21 02:17:27,844 | INFO  | DNAudit | user=null | ip=null | op=PUT_BLOCK {blockData=[blockId=conID: 3 locID: 102652565767914039 bcsId: 0,size=4194304]} | ret=SUCCESS |  
2019-08-21 02:17:27,844 [grpc-default-executor-4] INFO  client.GrpcClientProtocolClient (GrpcClientProtocolClient.java:onNext(255)) - client-54CC064C3FCE->8224e767-71c1-41fc-a01a-d172d48fd9d8: receive RaftClientReply:client-54CC064C3FCE->8224e767-71c1-41fc-a01a-d172d48fd9d8@group-F6B37CC92441, cid=2243, SUCCESS, logIndex=3302, commits[8224e767-71c1-41fc-a01a-d172d48fd9d8:c3303, 6eae0c21-01aa-4169-956f-5952b26ea7ba:c3299, 8d7dcba1-3b82-4d94-a832-514ef5c79cf8:c3299]
2019-08-21 02:17:27,844 [grpc-default-executor-4] INFO  client.GrpcClientProtocolClient (GrpcClientProtocolClient.java:onNext(255)) - client-54CC064C3FCE->8224e767-71c1-41fc-a01a-d172d48fd9d8: receive RaftClientReply:client-54CC064C3FCE->8224e767-71c1-41fc-a01a-d172d48fd9d8@group-F6B37CC92441, cid=2244, SUCCESS, logIndex=3303, commits[8224e767-71c1-41fc-a01a-d172d48fd9d8:c3303, 6eae0c21-01aa-4169-956f-5952b26ea7ba:c3299, 8d7dcba1-3b82-4d94-a832-514ef5c79cf8:c3299]
2019-08-21 02:17:27,855 | INFO  | DNAudit | user=null | ip=null | op=WRITE_CHUNK {blockData=conID: 3 locID: 102652565767914039 bcsId: 3299} | ret=SUCCESS |  
2019-08-21 02:17:27,855 | INFO  | DNAudit | user=null | ip=null | op=WRITE_CHUNK {blockData=conID: 3 locID: 102652565767914039 bcsId: 3299} | ret=SUCCESS |  
2019-08-21 02:17:27,855 | INFO  | DNAudit | user=null | ip=null | op=PUT_BLOCK {blockData=[blockId=conID: 3 locID: 102652565767914039 bcsId: 0,size=4194304]} | ret=SUCCESS |  
2019-08-21 02:17:27,855 | INFO  | DNAudit | user=null | ip=null | op=PUT_BLOCK {blockData=[blockId=conID: 3 locID: 102652565767914039 bcsId: 0,size=4194304]} | ret=SUCCESS |  
2019-08-21 02:17:27,855 [grpc-default-executor-4] INFO  client.GrpcClientProtocolClient (GrpcClientProtocolClient.java:onNext(255)) - client-54CC064C3FCE->8224e767-71c1-41fc-a01a-d172d48fd9d8: receive RaftClientReply:client-54CC064C3FCE->8224e767-71c1-41fc-a01a-d172d48fd9d8@group-F6B37CC92441, cid=2245, SUCCESS, logIndex=0, commits[8224e767-71c1-41fc-a01a-d172d48fd9d8:c3304, 6eae0c21-01aa-4169-956f-5952b26ea7ba:c3303, 8d7dcba1-3b82-4d94-a832-514ef5c79cf8:c3303]
2019-08-21 02:17:27,862 | INFO  | SCMAudit | user=jenkins1000 | ip=192.168.34.10 | op=ALLOCATE_BLOCK {owner=b6f66289-f2a0-4058-b052-0a85e40df67b, size=4194304, type=RATIS, factor=THREE} | ret=SUCCESS |  
2019-08-21 02:17:27,865 | INFO  | OMAudit | user=jenkins1000 | ip=127.0.0.1 | op=ALLOCATE_BLOCK {volume=vol-0-90982, bucket=bucket-0-24269, key=key-0-81262, dataSize=0, replicationType=null, replicationFactor=null, keyLocationInfo=null, clientID=102652564580991378} | ret=SUCCESS |  
2019-08-21 02:17:27,872 | INFO  | DNAudit | user=null | ip=null | op=WRITE_CHUNK {blockData=conID: 1 locID: 102652565773419064 bcsId: 0} | ret=SUCCESS |  
2019-08-21 02:17:27,875 | INFO  | DNAudit | user=null | ip=null | op=WRITE_CHUNK {blockData=conID: 1 locID: 102652565773419064 bcsId: 0} | ret=SUCCESS |  
2019-08-21 02:17:27,875 | INFO  | DNAudit | user=null | ip=null | op=WRITE_CHUNK {blockData=conID: 1 locID: 102652565773419064 bcsId: 0} | ret=SUCCESS |  
2019-08-21 02:17:27,880 | INFO  | DNAudit | user=null | ip=null | op=WRITE_CHUNK {blockData=conID: 1 locID: 102652565773419064 bcsId: 0} | ret=SUCCESS |  
2019-08-21 02:17:27,881 | INFO  | DNAudit | user=null | ip=null | op=WRITE_CHUNK {blockData=conID: 1 locID: 102652565773419064 bcsId: 0} | ret=SUCCESS |  
2019-08-21 02:17:27,882 | INFO  | DNAudit | user=null | ip=null | op=WRITE_CHUNK {blockData=conID: 1 locID: 102652565773419064 bcsId: 0} | ret=SUCCESS |  
2019-08-21 02:17:27,885 | INFO  | DNAudit | user=null | ip=null | op=WRITE_CHUNK {blockData=conID: 1 locID: 102652565773419064 bcsId: 0} | ret=SUCCESS |  
2019-08-21 02:17:27,886 | INFO  | DNAudit | user=null | ip=null | op=PUT_BLOCK {blockData=[blockId=conID: 1 locID: 102652565773419064 bcsId: 0,size=1048576]} | ret=SUCCESS |  
2019-08-21 02:17:27,886 | INFO  | DNAudit | user=null | ip=null | op=WRITE_CHUNK {blockData=conID: 1 locID: 102652565773419064 bcsId: 0} | ret=SUCCESS |  
2019-08-21 02:17:27,886 [grpc-default-executor-2] INFO  client.GrpcClientProtocolClient (GrpcClientProtocolClient.java:onNext(255)) - client-54CC064C3FCE->8224e767-71c1-41fc-a01a-d172d48fd9d8: receive RaftClientReply:client-54CC064C3FCE->8224e767-71c1-41fc-a01a-d172d48fd9d8@group-F6B37CC92441, cid=2246, SUCCESS, logIndex=3306, commits[8224e767-71c1-41fc-a01a-d172d48fd9d8:c3307, 6eae0c21-01aa-4169-956f-5952b26ea7ba:c3305, 8d7dcba1-3b82-4d94-a832-514ef5c79cf8:c3305]
2019-08-21 02:17:27,887 | INFO  | DNAudit | user=null | ip=null | op=PUT_BLOCK {blockData=[blockId=conID: 1 locID: 102652565773419064 bcsId: 0,size=2097152]} | ret=SUCCESS |  
2019-08-21 02:17:27,887 | INFO  | DNAudit | user=null | ip=null | op=WRITE_CHUNK {blockData=conID: 1 locID: 102652565773419064 bcsId: 0} | ret=SUCCESS |  
2019-08-21 02:17:27,887 [grpc-default-executor-2] INFO  client.GrpcClientProtocolClient (GrpcClientProtocolClient.java:onNext(255)) - client-54CC064C3FCE->8224e767-71c1-41fc-a01a-d172d48fd9d8: receive RaftClientReply:client-54CC064C3FCE->8224e767-71c1-41fc-a01a-d172d48fd9d8@group-F6B37CC92441, cid=2247, SUCCESS, logIndex=3307, commits[8224e767-71c1-41fc-a01a-d172d48fd9d8:c3309, 6eae0c21-01aa-4169-956f-5952b26ea7ba:c3305, 8d7dcba1-3b82-4d94-a832-514ef5c79cf8:c3305]
2019-08-21 02:17:27,887 | INFO  | DNAudit | user=null | ip=null | op=PUT_BLOCK {blockData=[blockId=conID: 1 locID: 102652565773419064 bcsId: 0,size=1048576]} | ret=SUCCESS |  
2019-08-21 02:17:27,887 [grpc-default-executor-2] INFO  client.GrpcClientProtocolClient (GrpcClientProtocolClient.java:onNext(255)) - client-54CC064C3FCE->8224e767-71c1-41fc-a01a-d172d48fd9d8: receive RaftClientReply:client-54CC064C3FCE->8224e767-71c1-41fc-a01a-d172d48fd9d8@group-F6B37CC92441, cid=2248, SUCCESS, logIndex=3308, commits[8224e767-71c1-41fc-a01a-d172d48fd9d8:c3309, 6eae0c21-01aa-4169-956f-5952b26ea7ba:c3305, 8d7dcba1-3b82-4d94-a832-514ef5c79cf8:c3305]
2019-08-21 02:17:27,887 [grpc-default-executor-2] INFO  client.GrpcClientProtocolClient (GrpcClientProtocolClient.java:onNext(255)) - client-54CC064C3FCE->8224e767-71c1-41fc-a01a-d172d48fd9d8: receive RaftClientReply:client-54CC064C3FCE->8224e767-71c1-41fc-a01a-d172d48fd9d8@group-F6B37CC92441, cid=2249, SUCCESS, logIndex=3309, commits[8224e767-71c1-41fc-a01a-d172d48fd9d8:c3310, 6eae0c21-01aa-4169-956f-5952b26ea7ba:c3306, 8d7dcba1-3b82-4d94-a832-514ef5c79cf8:c3305]
2019-08-21 02:17:27,889 | INFO  | DNAudit | user=null | ip=null | op=WRITE_CHUNK {blockData=conID: 1 locID: 102652565773419064 bcsId: 0} | ret=SUCCESS |  
2019-08-21 02:17:27,889 | INFO  | DNAudit | user=null | ip=null | op=PUT_BLOCK {blockData=[blockId=conID: 1 locID: 102652565773419064 bcsId: 0,size=1048576]} | ret=SUCCESS |  
2019-08-21 02:17:27,889 [grpc-default-executor-2] INFO  client.GrpcClientProtocolClient (GrpcClientProtocolClient.java:onNext(255)) - client-54CC064C3FCE->8224e767-71c1-41fc-a01a-d172d48fd9d8: receive RaftClientReply:client-54CC064C3FCE->8224e767-71c1-41fc-a01a-d172d48fd9d8@group-F6B37CC92441, cid=2250, SUCCESS, logIndex=0, commits[8224e767-71c1-41fc-a01a-d172d48fd9d8:c3311, 6eae0c21-01aa-4169-956f-5952b26ea7ba:c3307, 8d7dcba1-3b82-4d94-a832-514ef5c79cf8:c3307]
2019-08-21 02:17:27,896 | INFO  | DNAudit | user=null | ip=null | op=WRITE_CHUNK {blockData=conID: 1 locID: 102652565773419064 bcsId: 3309} | ret=SUCCESS |  
2019-08-21 02:17:27,899 | INFO  | DNAudit | user=null | ip=null | op=WRITE_CHUNK {blockData=conID: 1 locID: 102652565773419064 bcsId: 3309} | ret=SUCCESS |  
2019-08-21 02:17:27,899 | INFO  | DNAudit | user=null | ip=null | op=WRITE_CHUNK {blockData=conID: 1 locID: 102652565773419064 bcsId: 3309} | ret=SUCCESS |  
2019-08-21 02:17:27,900 | INFO  | DNAudit | user=null | ip=null | op=WRITE_CHUNK {blockData=conID: 1 locID: 102652565773419064 bcsId: 0} | ret=SUCCESS |  
2019-08-21 02:17:27,900 | INFO  | DNAudit | user=null | ip=null | op=PUT_BLOCK {blockData=[blockId=conID: 1 locID: 102652565773419064 bcsId: 0,size=2097152]} | ret=SUCCESS |  
2019-08-21 02:17:27,900 | INFO  | DNAudit | user=null | ip=null | op=WRITE_CHUNK {blockData=conID: 1 locID: 102652565773419064 bcsId: 0} | ret=SUCCESS |  
2019-08-21 02:17:27,901 | INFO  | DNAudit | user=null | ip=null | op=PUT_BLOCK {blockData=[blockId=conID: 1 locID: 102652565773419064 bcsId: 0,size=2097152]} | ret=SUCCESS |  
2019-08-21 02:17:27,903 | INFO  | DNAudit | user=null | ip=null | op=WRITE_CHUNK {blockData=conID: 1 locID: 102652565773419064 bcsId: 3309} | ret=SUCCESS |  
2019-08-21 02:17:27,903 | INFO  | DNAudit | user=null | ip=null | op=PUT_BLOCK {blockData=[blockId=conID: 1 locID: 102652565773419064 bcsId: 0,size=3145728]} | ret=SUCCESS |  
2019-08-21 02:17:27,903 [grpc-default-executor-2] INFO  client.GrpcClientProtocolClient (GrpcClientProtocolClient.java:onNext(255)) - client-54CC064C3FCE->8224e767-71c1-41fc-a01a-d172d48fd9d8: receive RaftClientReply:client-54CC064C3FCE->8224e767-71c1-41fc-a01a-d172d48fd9d8@group-F6B37CC92441, cid=2251, SUCCESS, logIndex=3314, commits[8224e767-71c1-41fc-a01a-d172d48fd9d8:c3315, 6eae0c21-01aa-4169-956f-5952b26ea7ba:c3311, 8d7dcba1-3b82-4d94-a832-514ef5c79cf8:c3309]
2019-08-21 02:17:27,904 [grpc-default-executor-2] INFO  client.GrpcClientProtocolClient (GrpcClientProtocolClient.java:onNext(255)) - client-54CC064C3FCE->8224e767-71c1-41fc-a01a-d172d48fd9d8: receive RaftClientReply:client-54CC064C3FCE->8224e767-71c1-41fc-a01a-d172d48fd9d8@group-F6B37CC92441, cid=2252, SUCCESS, logIndex=3315, commits[8224e767-71c1-41fc-a01a-d172d48fd9d8:c3315, 6eae0c21-01aa-4169-956f-5952b26ea7ba:c3311, 8d7dcba1-3b82-4d94-a832-514ef5c79cf8:c3311]
2019-08-21 02:17:27,911 | INFO  | DNAudit | user=null | ip=null | op=WRITE_CHUNK {blockData=conID: 1 locID: 102652565773419064 bcsId: 3315} | ret=SUCCESS |  
2019-08-21 02:17:27,914 | INFO  | DNAudit | user=null | ip=null | op=WRITE_CHUNK {blockData=conID: 1 locID: 102652565773419064 bcsId: 3315} | ret=SUCCESS |  
2019-08-21 02:17:27,914 | INFO  | DNAudit | user=null | ip=null | op=WRITE_CHUNK {blockData=conID: 1 locID: 102652565773419064 bcsId: 3315} | ret=SUCCESS |  
2019-08-21 02:17:27,914 | INFO  | DNAudit | user=null | ip=null | op=WRITE_CHUNK {blockData=conID: 1 locID: 102652565773419064 bcsId: 3309} | ret=SUCCESS |  
2019-08-21 02:17:27,914 | INFO  | DNAudit | user=null | ip=null | op=WRITE_CHUNK {blockData=conID: 1 locID: 102652565773419064 bcsId: 3309} | ret=SUCCESS |  
2019-08-21 02:17:27,914 | INFO  | DNAudit | user=null | ip=null | op=PUT_BLOCK {blockData=[blockId=conID: 1 locID: 102652565773419064 bcsId: 0,size=3145728]} | ret=SUCCESS |  
2019-08-21 02:17:27,915 | INFO  | DNAudit | user=null | ip=null | op=PUT_BLOCK {blockData=[blockId=conID: 1 locID: 102652565773419064 bcsId: 0,size=3145728]} | ret=SUCCESS |  
2019-08-21 02:17:27,918 | INFO  | DNAudit | user=null | ip=null | op=WRITE_CHUNK {blockData=conID: 1 locID: 102652565773419064 bcsId: 3315} | ret=SUCCESS |  
2019-08-21 02:17:27,918 | INFO  | DNAudit | user=null | ip=null | op=PUT_BLOCK {blockData=[blockId=conID: 1 locID: 102652565773419064 bcsId: 0,size=4194304]} | ret=SUCCESS |  
2019-08-21 02:17:27,918 [grpc-default-executor-4] INFO  client.GrpcClientProtocolClient (GrpcClientProtocolClient.java:onNext(255)) - client-54CC064C3FCE->8224e767-71c1-41fc-a01a-d172d48fd9d8: receive RaftClientReply:client-54CC064C3FCE->8224e767-71c1-41fc-a01a-d172d48fd9d8@group-F6B37CC92441, cid=2253, SUCCESS, logIndex=3317, commits[8224e767-71c1-41fc-a01a-d172d48fd9d8:c3318, 6eae0c21-01aa-4169-956f-5952b26ea7ba:c3315, 8d7dcba1-3b82-4d94-a832-514ef5c79cf8:c3315]
2019-08-21 02:17:27,919 [grpc-default-executor-4] INFO  client.GrpcClientProtocolClient (GrpcClientProtocolClient.java:onNext(255)) - client-54CC064C3FCE->8224e767-71c1-41fc-a01a-d172d48fd9d8: receive RaftClientReply:client-54CC064C3FCE->8224e767-71c1-41fc-a01a-d172d48fd9d8@group-F6B37CC92441, cid=2254, SUCCESS, logIndex=3318, commits[8224e767-71c1-41fc-a01a-d172d48fd9d8:c3318, 6eae0c21-01aa-4169-956f-5952b26ea7ba:c3315, 8d7dcba1-3b82-4d94-a832-514ef5c79cf8:c3315]
2019-08-21 02:17:27,919 | INFO  | DNAudit | user=null | ip=null | op=WRITE_CHUNK {blockData=conID: 1 locID: 102652565773419064 bcsId: 3315} | ret=SUCCESS |  
2019-08-21 02:17:27,920 | INFO  | DNAudit | user=null | ip=null | op=WRITE_CHUNK {blockData=conID: 1 locID: 102652565773419064 bcsId: 3315} | ret=SUCCESS |  
2019-08-21 02:17:27,922 | INFO  | DNAudit | user=null | ip=null | op=PUT_BLOCK {blockData=[blockId=conID: 1 locID: 102652565773419064 bcsId: 0,size=4194304]} | ret=SUCCESS |  
2019-08-21 02:17:27,923 | INFO  | DNAudit | user=null | ip=null | op=PUT_BLOCK {blockData=[blockId=conID: 1 locID: 102652565773419064 bcsId: 0,size=4194304]} | ret=SUCCESS |  
2019-08-21 02:17:27,923 [grpc-default-executor-3] INFO  client.GrpcClientProtocolClient (GrpcClientProtocolClient.java:onNext(255)) - client-54CC064C3FCE->8224e767-71c1-41fc-a01a-d172d48fd9d8: receive RaftClientReply:client-54CC064C3FCE->8224e767-71c1-41fc-a01a-d172d48fd9d8@group-F6B37CC92441, cid=2255, SUCCESS, logIndex=0, commits[8224e767-71c1-41fc-a01a-d172d48fd9d8:c3320, 6eae0c21-01aa-4169-956f-5952b26ea7ba:c3318, 8d7dcba1-3b82-4d94-a832-514ef5c79cf8:c3318]
2019-08-21 02:17:27,928 | INFO  | SCMAudit | user=jenkins1000 | ip=192.168.34.10 | op=ALLOCATE_BLOCK {owner=b6f66289-f2a0-4058-b052-0a85e40df67b, size=4194304, type=RATIS, factor=THREE} | ret=SUCCESS |  
2019-08-21 02:17:27,931 | INFO  | OMAudit | user=jenkins1000 | ip=127.0.0.1 | op=ALLOCATE_BLOCK {volume=vol-0-90982, bucket=bucket-0-24269, key=key-0-81262, dataSize=0, replicationType=null, replicationFactor=null, keyLocationInfo=null, clientID=102652564580991378} | ret=SUCCESS |  
2019-08-21 02:17:27,939 | INFO  | DNAudit | user=null | ip=null | op=WRITE_CHUNK {blockData=conID: 2 locID: 102652565777809977 bcsId: 0} | ret=SUCCESS |  
2019-08-21 02:17:27,942 | INFO  | DNAudit | user=null | ip=null | op=WRITE_CHUNK {blockData=conID: 2 locID: 102652565777809977 bcsId: 0} | ret=SUCCESS |  
2019-08-21 02:17:27,942 | INFO  | DNAudit | user=null | ip=null | op=WRITE_CHUNK {blockData=conID: 2 locID: 102652565777809977 bcsId: 0} | ret=SUCCESS |  
2019-08-21 02:17:27,943 | INFO  | DNAudit | user=null | ip=null | op=WRITE_CHUNK {blockData=conID: 2 locID: 102652565777809977 bcsId: 0} | ret=SUCCESS |  
2019-08-21 02:17:27,944 | INFO  | DNAudit | user=null | ip=null | op=WRITE_CHUNK {blockData=conID: 2 locID: 102652565777809977 bcsId: 0} | ret=SUCCESS |  
2019-08-21 02:17:27,944 | INFO  | DNAudit | user=null | ip=null | op=WRITE_CHUNK {blockData=conID: 2 locID: 102652565777809977 bcsId: 0} | ret=SUCCESS |  
2019-08-21 02:17:27,944 | INFO  | DNAudit | user=null | ip=null | op=PUT_BLOCK {blockData=[blockId=conID: 2 locID: 102652565777809977 bcsId: 0,size=1048576]} | ret=SUCCESS |  
2019-08-21 02:17:27,945 [grpc-default-executor-3] INFO  client.GrpcClientProtocolClient (GrpcClientProtocolClient.java:onNext(255)) - client-54CC064C3FCE->8224e767-71c1-41fc-a01a-d172d48fd9d8: receive RaftClientReply:client-54CC064C3FCE->8224e767-71c1-41fc-a01a-d172d48fd9d8@group-F6B37CC92441, cid=2256, SUCCESS, logIndex=3321, commits[8224e767-71c1-41fc-a01a-d172d48fd9d8:c3322, 6eae0c21-01aa-4169-956f-5952b26ea7ba:c3318, 8d7dcba1-3b82-4d94-a832-514ef5c79cf8:c3320]
2019-08-21 02:17:27,945 | INFO  | DNAudit | user=null | ip=null | op=WRITE_CHUNK {blockData=conID: 2 locID: 102652565777809977 bcsId: 0} | ret=SUCCESS |  
2019-08-21 02:17:27,945 [grpc-default-executor-3] INFO  client.GrpcClientProtocolClient (GrpcClientProtocolClient.java:onNext(255)) - client-54CC064C3FCE->8224e767-71c1-41fc-a01a-d172d48fd9d8: receive RaftClientReply:client-54CC064C3FCE->8224e767-71c1-41fc-a01a-d172d48fd9d8@group-F6B37CC92441, cid=2257, SUCCESS, logIndex=3322, commits[8224e767-71c1-41fc-a01a-d172d48fd9d8:c3322, 6eae0c21-01aa-4169-956f-5952b26ea7ba:c3320, 8d7dcba1-3b82-4d94-a832-514ef5c79cf8:c3320]
2019-08-21 02:17:27,946 | INFO  | DNAudit | user=null | ip=null | op=WRITE_CHUNK {blockData=conID: 2 locID: 102652565777809977 bcsId: 0} | ret=SUCCESS |  
2019-08-21 02:17:27,947 | INFO  | DNAudit | user=null | ip=null | op=WRITE_CHUNK {blockData=conID: 2 locID: 102652565777809977 bcsId: 0} | ret=SUCCESS |  
2019-08-21 02:17:27,947 | INFO  | DNAudit | user=null | ip=null | op=PUT_BLOCK {blockData=[blockId=conID: 2 locID: 102652565777809977 bcsId: 0,size=1048576]} | ret=SUCCESS |  
2019-08-21 02:17:27,947 | INFO  | DNAudit | user=null | ip=null | op=PUT_BLOCK {blockData=[blockId=conID: 2 locID: 102652565777809977 bcsId: 0,size=2097152]} | ret=SUCCESS |  
2019-08-21 02:17:27,947 [grpc-default-executor-2] INFO  client.GrpcClientProtocolClient (GrpcClientProtocolClient.java:onNext(255)) - client-54CC064C3FCE->8224e767-71c1-41fc-a01a-d172d48fd9d8: receive RaftClientReply:client-54CC064C3FCE->8224e767-71c1-41fc-a01a-d172d48fd9d8@group-F6B37CC92441, cid=2258, SUCCESS, logIndex=3323, commits[8224e767-71c1-41fc-a01a-d172d48fd9d8:c3325, 6eae0c21-01aa-4169-956f-5952b26ea7ba:c3320, 8d7dcba1-3b82-4d94-a832-514ef5c79cf8:c3322]
2019-08-21 02:17:27,948 | INFO  | DNAudit | user=null | ip=null | op=WRITE_CHUNK {blockData=conID: 2 locID: 102652565777809977 bcsId: 0} | ret=SUCCESS |  
2019-08-21 02:17:27,948 [grpc-default-executor-2] INFO  client.GrpcClientProtocolClient (GrpcClientProtocolClient.java:onNext(255)) - client-54CC064C3FCE->8224e767-71c1-41fc-a01a-d172d48fd9d8: receive RaftClientReply:client-54CC064C3FCE->8224e767-71c1-41fc-a01a-d172d48fd9d8@group-F6B37CC92441, cid=2259, SUCCESS, logIndex=3324, commits[8224e767-71c1-41fc-a01a-d172d48fd9d8:c3326, 6eae0c21-01aa-4169-956f-5952b26ea7ba:c3320, 8d7dcba1-3b82-4d94-a832-514ef5c79cf8:c3322]
2019-08-21 02:17:27,948 | INFO  | DNAudit | user=null | ip=null | op=PUT_BLOCK {blockData=[blockId=conID: 2 locID: 102652565777809977 bcsId: 0,size=1048576]} | ret=SUCCESS |  
2019-08-21 02:17:27,948 | INFO  | DNAudit | user=null | ip=null | op=WRITE_CHUNK {blockData=conID: 2 locID: 102652565777809977 bcsId: 0} | ret=SUCCESS |  
2019-08-21 02:17:27,949 [grpc-default-executor-2] INFO  client.GrpcClientProtocolClient (GrpcClientProtocolClient.java:onNext(255)) - client-54CC064C3FCE->8224e767-71c1-41fc-a01a-d172d48fd9d8: receive RaftClientReply:client-54CC064C3FCE->8224e767-71c1-41fc-a01a-d172d48fd9d8@group-F6B37CC92441, cid=2260, SUCCESS, logIndex=0, commits[8224e767-71c1-41fc-a01a-d172d48fd9d8:c3326, 6eae0c21-01aa-4169-956f-5952b26ea7ba:c3322, 8d7dcba1-3b82-4d94-a832-514ef5c79cf8:c3322]
2019-08-21 02:17:27,949 | INFO  | DNAudit | user=null | ip=null | op=WRITE_CHUNK {blockData=conID: 2 locID: 102652565777809977 bcsId: 0} | ret=SUCCESS |  
2019-08-21 02:17:27,949 | INFO  | DNAudit | user=null | ip=null | op=PUT_BLOCK {blockData=[blockId=conID: 2 locID: 102652565777809977 bcsId: 0,size=2097152]} | ret=SUCCESS |  
2019-08-21 02:17:27,950 | INFO  | DNAudit | user=null | ip=null | op=PUT_BLOCK {blockData=[blockId=conID: 2 locID: 102652565777809977 bcsId: 0,size=2097152]} | ret=SUCCESS |  
2019-08-21 02:17:27,956 | INFO  | DNAudit | user=null | ip=null | op=WRITE_CHUNK {blockData=conID: 2 locID: 102652565777809977 bcsId: 3324} | ret=SUCCESS |  
2019-08-21 02:17:27,958 | INFO  | DNAudit | user=null | ip=null | op=WRITE_CHUNK {blockData=conID: 2 locID: 102652565777809977 bcsId: 3324} | ret=SUCCESS |  
2019-08-21 02:17:27,958 | INFO  | DNAudit | user=null | ip=null | op=WRITE_CHUNK {blockData=conID: 2 locID: 102652565777809977 bcsId: 3324} | ret=SUCCESS |  
2019-08-21 02:17:27,978 | INFO  | DNAudit | user=null | ip=null | op=WRITE_CHUNK {blockData=conID: 2 locID: 102652565777809977 bcsId: 3324} | ret=SUCCESS |  
2019-08-21 02:17:27,979 | INFO  | DNAudit | user=null | ip=null | op=PUT_BLOCK {blockData=[blockId=conID: 2 locID: 102652565777809977 bcsId: 0,size=3145728]} | ret=SUCCESS |  
2019-08-21 02:17:27,979 [grpc-default-executor-2] INFO  client.GrpcClientProtocolClient (GrpcClientProtocolClient.java:onNext(255)) - client-54CC064C3FCE->8224e767-71c1-41fc-a01a-d172d48fd9d8: receive RaftClientReply:client-54CC064C3FCE->8224e767-71c1-41fc-a01a-d172d48fd9d8@group-F6B37CC92441, cid=2261, SUCCESS, logIndex=3329, commits[8224e767-71c1-41fc-a01a-d172d48fd9d8:c3330, 6eae0c21-01aa-4169-956f-5952b26ea7ba:c3328, 8d7dcba1-3b82-4d94-a832-514ef5c79cf8:c3328]
2019-08-21 02:17:27,979 [grpc-default-executor-2] INFO  client.GrpcClientProtocolClient (GrpcClientProtocolClient.java:onNext(255)) - client-54CC064C3FCE->8224e767-71c1-41fc-a01a-d172d48fd9d8: receive RaftClientReply:client-54CC064C3FCE->8224e767-71c1-41fc-a01a-d172d48fd9d8@group-F6B37CC92441, cid=2262, SUCCESS, logIndex=3330, commits[8224e767-71c1-41fc-a01a-d172d48fd9d8:c3330, 6eae0c21-01aa-4169-956f-5952b26ea7ba:c3328, 8d7dcba1-3b82-4d94-a832-514ef5c79cf8:c3328]
2019-08-21 02:17:27,987 | INFO  | DNAudit | user=null | ip=null | op=WRITE_CHUNK {blockData=conID: 2 locID: 102652565777809977 bcsId: 3330} | ret=SUCCESS |  
2019-08-21 02:17:27,989 | INFO  | DNAudit | user=null | ip=null | op=WRITE_CHUNK {blockData=conID: 2 locID: 102652565777809977 bcsId: 3330} | ret=SUCCESS |  
2019-08-21 02:17:27,990 | INFO  | DNAudit | user=null | ip=null | op=WRITE_CHUNK {blockData=conID: 2 locID: 102652565777809977 bcsId: 3330} | ret=SUCCESS |  
2019-08-21 02:17:27,990 | INFO  | DNAudit | user=null | ip=null | op=WRITE_CHUNK {blockData=conID: 2 locID: 102652565777809977 bcsId: 3324} | ret=SUCCESS |  
2019-08-21 02:17:27,990 | INFO  | DNAudit | user=null | ip=null | op=WRITE_CHUNK {blockData=conID: 2 locID: 102652565777809977 bcsId: 3324} | ret=SUCCESS |  
2019-08-21 02:17:27,991 | INFO  | DNAudit | user=null | ip=null | op=PUT_BLOCK {blockData=[blockId=conID: 2 locID: 102652565777809977 bcsId: 0,size=3145728]} | ret=SUCCESS |  
2019-08-21 02:17:27,991 | INFO  | DNAudit | user=null | ip=null | op=PUT_BLOCK {blockData=[blockId=conID: 2 locID: 102652565777809977 bcsId: 0,size=3145728]} | ret=SUCCESS |  
2019-08-21 02:17:27,994 | INFO  | DNAudit | user=null | ip=null | op=WRITE_CHUNK {blockData=conID: 2 locID: 102652565777809977 bcsId: 3330} | ret=SUCCESS |  
2019-08-21 02:17:27,995 | INFO  | DNAudit | user=null | ip=null | op=PUT_BLOCK {blockData=[blockId=conID: 2 locID: 102652565777809977 bcsId: 0,size=4194304]} | ret=SUCCESS |  
2019-08-21 02:17:27,995 [grpc-default-executor-4] INFO  client.GrpcClientProtocolClient (GrpcClientProtocolClient.java:onNext(255)) - client-54CC064C3FCE->8224e767-71c1-41fc-a01a-d172d48fd9d8: receive RaftClientReply:client-54CC064C3FCE->8224e767-71c1-41fc-a01a-d172d48fd9d8@group-F6B37CC92441, cid=2263, SUCCESS, logIndex=3333, commits[8224e767-71c1-41fc-a01a-d172d48fd9d8:c3334, 6eae0c21-01aa-4169-956f-5952b26ea7ba:c3330, 8d7dcba1-3b82-4d94-a832-514ef5c79cf8:c3330]
2019-08-21 02:17:27,995 [grpc-default-executor-4] INFO  client.GrpcClientProtocolClient (GrpcClientProtocolClient.java:onNext(255)) - client-54CC064C3FCE->8224e767-71c1-41fc-a01a-d172d48fd9d8: receive RaftClientReply:client-54CC064C3FCE->8224e767-71c1-41fc-a01a-d172d48fd9d8@group-F6B37CC92441, cid=2264, SUCCESS, logIndex=3334, commits[8224e767-71c1-41fc-a01a-d172d48fd9d8:c3334, 6eae0c21-01aa-4169-956f-5952b26ea7ba:c3330, 8d7dcba1-3b82-4d94-a832-514ef5c79cf8:c3330]
2019-08-21 02:17:28,014 | INFO  | DNAudit | user=null | ip=null | op=WRITE_CHUNK {blockData=conID: 2 locID: 102652565777809977 bcsId: 3330} | ret=SUCCESS |  
2019-08-21 02:17:28,014 | INFO  | DNAudit | user=null | ip=null | op=WRITE_CHUNK {blockData=conID: 2 locID: 102652565777809977 bcsId: 3330} | ret=SUCCESS |  
2019-08-21 02:17:28,014 | INFO  | DNAudit | user=null | ip=null | op=PUT_BLOCK {blockData=[blockId=conID: 2 locID: 102652565777809977 bcsId: 0,size=4194304]} | ret=SUCCESS |  
2019-08-21 02:17:28,015 | INFO  | DNAudit | user=null | ip=null | op=PUT_BLOCK {blockData=[blockId=conID: 2 locID: 102652565777809977 bcsId: 0,size=4194304]} | ret=SUCCESS |  
2019-08-21 02:17:28,016 [grpc-default-executor-2] INFO  client.GrpcClientProtocolClient (GrpcClientProtocolClient.java:onNext(255)) - client-54CC064C3FCE->8224e767-71c1-41fc-a01a-d172d48fd9d8: receive RaftClientReply:client-54CC064C3FCE->8224e767-71c1-41fc-a01a-d172d48fd9d8@group-F6B37CC92441, cid=2265, SUCCESS, logIndex=0, commits[8224e767-71c1-41fc-a01a-d172d48fd9d8:c3336, 6eae0c21-01aa-4169-956f-5952b26ea7ba:c3334, 8d7dcba1-3b82-4d94-a832-514ef5c79cf8:c3334]
2019-08-21 02:17:28,023 | INFO  | SCMAudit | user=jenkins1000 | ip=192.168.34.10 | op=ALLOCATE_BLOCK {owner=b6f66289-f2a0-4058-b052-0a85e40df67b, size=4194304, type=RATIS, factor=THREE} | ret=SUCCESS |  
2019-08-21 02:17:28,027 | INFO  | OMAudit | user=jenkins1000 | ip=127.0.0.1 | op=ALLOCATE_BLOCK {volume=vol-0-90982, bucket=bucket-0-24269, key=key-0-81262, dataSize=0, replicationType=null, replicationFactor=null, keyLocationInfo=null, clientID=102652564580991378} | ret=SUCCESS |  
2019-08-21 02:17:28,035 | INFO  | DNAudit | user=null | ip=null | op=WRITE_CHUNK {blockData=conID: 3 locID: 102652565783970362 bcsId: 0} | ret=SUCCESS |  
2019-08-21 02:17:28,037 | INFO  | DNAudit | user=null | ip=null | op=WRITE_CHUNK {blockData=conID: 3 locID: 102652565783970362 bcsId: 0} | ret=SUCCESS |  
2019-08-21 02:17:28,038 | INFO  | DNAudit | user=null | ip=null | op=WRITE_CHUNK {blockData=conID: 3 locID: 102652565783970362 bcsId: 0} | ret=SUCCESS |  
2019-08-21 02:17:28,038 | INFO  | DNAudit | user=null | ip=null | op=WRITE_CHUNK {blockData=conID: 3 locID: 102652565783970362 bcsId: 0} | ret=SUCCESS |  
2019-08-21 02:17:28,041 | INFO  | DNAudit | user=null | ip=null | op=WRITE_CHUNK {blockData=conID: 3 locID: 102652565783970362 bcsId: 0} | ret=SUCCESS |  
2019-08-21 02:17:28,041 | INFO  | DNAudit | user=null | ip=null | op=WRITE_CHUNK {blockData=conID: 3 locID: 102652565783970362 bcsId: 0} | ret=SUCCESS |  
2019-08-21 02:17:28,048 | INFO  | DNAudit | user=null | ip=null | op=WRITE_CHUNK {blockData=conID: 3 locID: 102652565783970362 bcsId: 0} | ret=SUCCESS |  
2019-08-21 02:17:28,048 | INFO  | DNAudit | user=null | ip=null | op=PUT_BLOCK {blockData=[blockId=conID: 3 locID: 102652565783970362 bcsId: 0,size=1048576]} | ret=SUCCESS |  
2019-08-21 02:17:28,049 [grpc-default-executor-2] INFO  client.GrpcClientProtocolClient (GrpcClientProtocolClient.java:onNext(255)) - client-54CC064C3FCE->8224e767-71c1-41fc-a01a-d172d48fd9d8: receive RaftClientReply:client-54CC064C3FCE->8224e767-71c1-41fc-a01a-d172d48fd9d8@group-F6B37CC92441, cid=2266, SUCCESS, logIndex=3337, commits[8224e767-71c1-41fc-a01a-d172d48fd9d8:c3338, 6eae0c21-01aa-4169-956f-5952b26ea7ba:c3336, 8d7dcba1-3b82-4d94-a832-514ef5c79cf8:c3336]
2019-08-21 02:17:28,049 | INFO  | DNAudit | user=null | ip=null | op=WRITE_CHUNK {blockData=conID: 3 locID: 102652565783970362 bcsId: 0} | ret=SUCCESS |  
2019-08-21 02:17:28,049 [grpc-default-executor-2] INFO  client.GrpcClientProtocolClient (GrpcClientProtocolClient.java:onNext(255)) - client-54CC064C3FCE->8224e767-71c1-41fc-a01a-d172d48fd9d8: receive RaftClientReply:client-54CC064C3FCE->8224e767-71c1-41fc-a01a-d172d48fd9d8@group-F6B37CC92441, cid=2267, SUCCESS, logIndex=3338, commits[8224e767-71c1-41fc-a01a-d172d48fd9d8:c3340, 6eae0c21-01aa-4169-956f-5952b26ea7ba:c3336, 8d7dcba1-3b82-4d94-a832-514ef5c79cf8:c3336]
2019-08-21 02:17:28,050 | INFO  | DNAudit | user=null | ip=null | op=PUT_BLOCK {blockData=[blockId=conID: 3 locID: 102652565783970362 bcsId: 0,size=2097152]} | ret=SUCCESS |  
2019-08-21 02:17:28,050 [grpc-default-executor-2] INFO  client.GrpcClientProtocolClient (GrpcClientProtocolClient.java:onNext(255)) - client-54CC064C3FCE->8224e767-71c1-41fc-a01a-d172d48fd9d8: receive RaftClientReply:client-54CC064C3FCE->8224e767-71c1-41fc-a01a-d172d48fd9d8@group-F6B37CC92441, cid=2268, SUCCESS, logIndex=3339, commits[8224e767-71c1-41fc-a01a-d172d48fd9d8:c3340, 6eae0c21-01aa-4169-956f-5952b26ea7ba:c3336, 8d7dcba1-3b82-4d94-a832-514ef5c79cf8:c3336]
2019-08-21 02:17:28,050 | INFO  | DNAudit | user=null | ip=null | op=WRITE_CHUNK {blockData=conID: 3 locID: 102652565783970362 bcsId: 0} | ret=SUCCESS |  
2019-08-21 02:17:28,050 | INFO  | DNAudit | user=null | ip=null | op=WRITE_CHUNK {blockData=conID: 3 locID: 102652565783970362 bcsId: 0} | ret=SUCCESS |  
2019-08-21 02:17:28,050 | INFO  | DNAudit | user=null | ip=null | op=PUT_BLOCK {blockData=[blockId=conID: 3 locID: 102652565783970362 bcsId: 0,size=1048576]} | ret=SUCCESS |  
2019-08-21 02:17:28,050 [grpc-default-executor-4] INFO  client.GrpcClientProtocolClient (GrpcClientProtocolClient.java:onNext(255)) - client-54CC064C3FCE->8224e767-71c1-41fc-a01a-d172d48fd9d8: receive RaftClientReply:client-54CC064C3FCE->8224e767-71c1-41fc-a01a-d172d48fd9d8@group-F6B37CC92441, cid=2269, SUCCESS, logIndex=3340, commits[8224e767-71c1-41fc-a01a-d172d48fd9d8:c3340, 6eae0c21-01aa-4169-956f-5952b26ea7ba:c3336, 8d7dcba1-3b82-4d94-a832-514ef5c79cf8:c3336]
2019-08-21 02:17:28,051 | INFO  | DNAudit | user=null | ip=null | op=PUT_BLOCK {blockData=[blockId=conID: 3 locID: 102652565783970362 bcsId: 0,size=1048576]} | ret=SUCCESS |  
2019-08-21 02:17:28,051 | INFO  | DNAudit | user=null | ip=null | op=WRITE_CHUNK {blockData=conID: 3 locID: 102652565783970362 bcsId: 0} | ret=SUCCESS |  
2019-08-21 02:17:28,051 | INFO  | DNAudit | user=null | ip=null | op=PUT_BLOCK {blockData=[blockId=conID: 3 locID: 102652565783970362 bcsId: 0,size=2097152]} | ret=SUCCESS |  
2019-08-21 02:17:28,051 [grpc-default-executor-4] INFO  client.GrpcClientProtocolClient (GrpcClientProtocolClient.java:onNext(255)) - client-54CC064C3FCE->8224e767-71c1-41fc-a01a-d172d48fd9d8: receive RaftClientReply:client-54CC064C3FCE->8224e767-71c1-41fc-a01a-d172d48fd9d8@group-F6B37CC92441, cid=2270, SUCCESS, logIndex=0, commits[8224e767-71c1-41fc-a01a-d172d48fd9d8:c3343, 6eae0c21-01aa-4169-956f-5952b26ea7ba:c3338, 8d7dcba1-3b82-4d94-a832-514ef5c79cf8:c3339]
2019-08-21 02:17:28,052 | INFO  | DNAudit | user=null | ip=null | op=WRITE_CHUNK {blockData=conID: 3 locID: 102652565783970362 bcsId: 0} | ret=SUCCESS |  
2019-08-21 02:17:28,052 | INFO  | DNAudit | user=null | ip=null | op=PUT_BLOCK {blockData=[blockId=conID: 3 locID: 102652565783970362 bcsId: 0,size=2097152]} | ret=SUCCESS |  
2019-08-21 02:17:28,059 | INFO  | DNAudit | user=null | ip=null | op=WRITE_CHUNK {blockData=conID: 3 locID: 102652565783970362 bcsId: 3340} | ret=SUCCESS |  
2019-08-21 02:17:28,061 | INFO  | DNAudit | user=null | ip=null | op=WRITE_CHUNK {blockData=conID: 3 locID: 102652565783970362 bcsId: 3340} | ret=SUCCESS |  
2019-08-21 02:17:28,062 | INFO  | DNAudit | user=null | ip=null | op=WRITE_CHUNK {blockData=conID: 3 locID: 102652565783970362 bcsId: 3340} | ret=SUCCESS |  
2019-08-21 02:17:28,071 | INFO  | DNAudit | user=null | ip=null | op=WRITE_CHUNK {blockData=conID: 3 locID: 102652565783970362 bcsId: 3340} | ret=SUCCESS |  
2019-08-21 02:17:28,072 | INFO  | DNAudit | user=null | ip=null | op=PUT_BLOCK {blockData=[blockId=conID: 3 locID: 102652565783970362 bcsId: 0,size=3145728]} | ret=SUCCESS |  
2019-08-21 02:17:28,072 [grpc-default-executor-4] INFO  client.GrpcClientProtocolClient (GrpcClientProtocolClient.java:onNext(255)) - client-54CC064C3FCE->8224e767-71c1-41fc-a01a-d172d48fd9d8: receive RaftClientReply:client-54CC064C3FCE->8224e767-71c1-41fc-a01a-d172d48fd9d8@group-F6B37CC92441, cid=2271, SUCCESS, logIndex=3345, commits[8224e767-71c1-41fc-a01a-d172d48fd9d8:c3346, 6eae0c21-01aa-4169-956f-5952b26ea7ba:c3344, 8d7dcba1-3b82-4d94-a832-514ef5c79cf8:c3344]
2019-08-21 02:17:28,073 [grpc-default-executor-4] INFO  client.GrpcClientProtocolClient (GrpcClientProtocolClient.java:onNext(255)) - client-54CC064C3FCE->8224e767-71c1-41fc-a01a-d172d48fd9d8: receive RaftClientReply:client-54CC064C3FCE->8224e767-71c1-41fc-a01a-d172d48fd9d8@group-F6B37CC92441, cid=2272, SUCCESS, logIndex=3346, commits[8224e767-71c1-41fc-a01a-d172d48fd9d8:c3346, 6eae0c21-01aa-4169-956f-5952b26ea7ba:c3344, 8d7dcba1-3b82-4d94-a832-514ef5c79cf8:c3344]
2019-08-21 02:17:28,080 | INFO  | DNAudit | user=null | ip=null | op=WRITE_CHUNK {blockData=conID: 3 locID: 102652565783970362 bcsId: 3346} | ret=SUCCESS |  
2019-08-21 02:17:28,082 | INFO  | DNAudit | user=null | ip=null | op=WRITE_CHUNK {blockData=conID: 3 locID: 102652565783970362 bcsId: 3346} | ret=SUCCESS |  
2019-08-21 02:17:28,083 | INFO  | DNAudit | user=null | ip=null | op=WRITE_CHUNK {blockData=conID: 3 locID: 102652565783970362 bcsId: 3346} | ret=SUCCESS |  
2019-08-21 02:17:28,083 | INFO  | DNAudit | user=null | ip=null | op=WRITE_CHUNK {blockData=conID: 3 locID: 102652565783970362 bcsId: 3340} | ret=SUCCESS |  
2019-08-21 02:17:28,083 | INFO  | DNAudit | user=null | ip=null | op=WRITE_CHUNK {blockData=conID: 3 locID: 102652565783970362 bcsId: 3340} | ret=SUCCESS |  
2019-08-21 02:17:28,086 | INFO  | DNAudit | user=null | ip=null | op=PUT_BLOCK {blockData=[blockId=conID: 3 locID: 102652565783970362 bcsId: 0,size=3145728]} | ret=SUCCESS |  
2019-08-21 02:17:28,087 | INFO  | DNAudit | user=null | ip=null | op=WRITE_CHUNK {blockData=conID: 3 locID: 102652565783970362 bcsId: 3346} | ret=SUCCESS |  
2019-08-21 02:17:28,087 | INFO  | DNAudit | user=null | ip=null | op=PUT_BLOCK {blockData=[blockId=conID: 3 locID: 102652565783970362 bcsId: 0,size=3145728]} | ret=SUCCESS |  
2019-08-21 02:17:28,087 | INFO  | DNAudit | user=null | ip=null | op=PUT_BLOCK {blockData=[blockId=conID: 3 locID: 102652565783970362 bcsId: 0,size=4194304]} | ret=SUCCESS |  
2019-08-21 02:17:28,088 [grpc-default-executor-3] INFO  client.GrpcClientProtocolClient (GrpcClientProtocolClient.java:onNext(255)) - client-54CC064C3FCE->8224e767-71c1-41fc-a01a-d172d48fd9d8: receive RaftClientReply:client-54CC064C3FCE->8224e767-71c1-41fc-a01a-d172d48fd9d8@group-F6B37CC92441, cid=2273, SUCCESS, logIndex=3349, commits[8224e767-71c1-41fc-a01a-d172d48fd9d8:c3349, 6eae0c21-01aa-4169-956f-5952b26ea7ba:c3346, 8d7dcba1-3b82-4d94-a832-514ef5c79cf8:c3346]
2019-08-21 02:17:28,088 [grpc-default-executor-3] INFO  client.GrpcClientProtocolClient (GrpcClientProtocolClient.java:onNext(255)) - client-54CC064C3FCE->8224e767-71c1-41fc-a01a-d172d48fd9d8: receive RaftClientReply:client-54CC064C3FCE->8224e767-71c1-41fc-a01a-d172d48fd9d8@group-F6B37CC92441, cid=2274, SUCCESS, logIndex=3350, commits[8224e767-71c1-41fc-a01a-d172d48fd9d8:c3350, 6eae0c21-01aa-4169-956f-5952b26ea7ba:c3346, 8d7dcba1-3b82-4d94-a832-514ef5c79cf8:c3346]
2019-08-21 02:17:28,098 | INFO  | DNAudit | user=null | ip=null | op=WRITE_CHUNK {blockData=conID: 3 locID: 102652565783970362 bcsId: 3346} | ret=SUCCESS |  
2019-08-21 02:17:28,098 | INFO  | DNAudit | user=null | ip=null | op=WRITE_CHUNK {blockData=conID: 3 locID: 102652565783970362 bcsId: 3346} | ret=SUCCESS |  
 0.00% |█                                                                                                    |  0/1 Time: 0:00:182019-08-21 02:17:28,100 | INFO  | SCMAudit | user=jenkins1000 | ip=192.168.34.10 | op=SEND_HEARTBEAT {datanodeUUID=94764dae-819c-4b7e-92f1-9cd6c64427b7, command=[]} | ret=SUCCESS |  
2019-08-21 02:17:28,100 | INFO  | SCMAudit | user=jenkins1000 | ip=192.168.34.10 | op=SEND_HEARTBEAT {datanodeUUID=3def7c30-cb13-4f41-8119-6188f246ad27, command=[]} | ret=SUCCESS |  
2019-08-21 02:17:28,101 | INFO  | DNAudit | user=null | ip=null | op=PUT_BLOCK {blockData=[blockId=conID: 3 locID: 102652565783970362 bcsId: 0,size=4194304]} | ret=SUCCESS |  
2019-08-21 02:17:28,101 | INFO  | DNAudit | user=null | ip=null | op=PUT_BLOCK {blockData=[blockId=conID: 3 locID: 102652565783970362 bcsId: 0,size=4194304]} | ret=SUCCESS |  
2019-08-21 02:17:28,102 [grpc-default-executor-3] INFO  client.GrpcClientProtocolClient (GrpcClientProtocolClient.java:onNext(255)) - client-54CC064C3FCE->8224e767-71c1-41fc-a01a-d172d48fd9d8: receive RaftClientReply:client-54CC064C3FCE->8224e767-71c1-41fc-a01a-d172d48fd9d8@group-F6B37CC92441, cid=2275, SUCCESS, logIndex=0, commits[8224e767-71c1-41fc-a01a-d172d48fd9d8:c3352, 6eae0c21-01aa-4169-956f-5952b26ea7ba:c3350, 8d7dcba1-3b82-4d94-a832-514ef5c79cf8:c3350]
2019-08-21 02:17:28,105 | INFO  | SCMAudit | user=jenkins1000 | ip=192.168.34.10 | op=SEND_HEARTBEAT {datanodeUUID=6eae0c21-01aa-4169-956f-5952b26ea7ba, command=[]} | ret=SUCCESS |  
2019-08-21 02:17:28,105 | INFO  | SCMAudit | user=jenkins1000 | ip=192.168.34.10 | op=SEND_HEARTBEAT {datanodeUUID=8d7dcba1-3b82-4d94-a832-514ef5c79cf8, command=[]} | ret=SUCCESS |  
2019-08-21 02:17:28,105 | INFO  | SCMAudit | user=jenkins1000 | ip=192.168.34.10 | op=SEND_HEARTBEAT {datanodeUUID=8224e767-71c1-41fc-a01a-d172d48fd9d8, command=[]} | ret=SUCCESS |  
2019-08-21 02:17:28,107 | INFO  | SCMAudit | user=jenkins1000 | ip=192.168.34.10 | op=ALLOCATE_BLOCK {owner=b6f66289-f2a0-4058-b052-0a85e40df67b, size=4194304, type=RATIS, factor=THREE} | ret=SUCCESS |  
2019-08-21 02:17:28,109 | INFO  | OMAudit | user=jenkins1000 | ip=127.0.0.1 | op=ALLOCATE_BLOCK {volume=vol-0-90982, bucket=bucket-0-24269, key=key-0-81262, dataSize=0, replicationType=null, replicationFactor=null, keyLocationInfo=null, clientID=102652564580991378} | ret=SUCCESS |  
2019-08-21 02:17:28,118 | INFO  | DNAudit | user=null | ip=null | op=WRITE_CHUNK {blockData=conID: 1 locID: 102652565789540923 bcsId: 0} | ret=SUCCESS |  
2019-08-21 02:17:28,122 | INFO  | DNAudit | user=null | ip=null | op=WRITE_CHUNK {blockData=conID: 1 locID: 102652565789540923 bcsId: 0} | ret=SUCCESS |  
2019-08-21 02:17:28,122 | INFO  | DNAudit | user=null | ip=null | op=WRITE_CHUNK {blockData=conID: 1 locID: 102652565789540923 bcsId: 0} | ret=SUCCESS |  
2019-08-21 02:17:28,123 | INFO  | DNAudit | user=null | ip=null | op=WRITE_CHUNK {blockData=conID: 1 locID: 102652565789540923 bcsId: 0} | ret=SUCCESS |  
2019-08-21 02:17:28,124 | INFO  | DNAudit | user=null | ip=null | op=WRITE_CHUNK {blockData=conID: 1 locID: 102652565789540923 bcsId: 0} | ret=SUCCESS |  
2019-08-21 02:17:28,125 | INFO  | DNAudit | user=null | ip=null | op=WRITE_CHUNK {blockData=conID: 1 locID: 102652565789540923 bcsId: 0} | ret=SUCCESS |  
2019-08-21 02:17:28,134 | INFO  | DNAudit | user=null | ip=null | op=WRITE_CHUNK {blockData=conID: 1 locID: 102652565789540923 bcsId: 0} | ret=SUCCESS |  
2019-08-21 02:17:28,134 | INFO  | DNAudit | user=null | ip=null | op=PUT_BLOCK {blockData=[blockId=conID: 1 locID: 102652565789540923 bcsId: 0,size=1048576]} | ret=SUCCESS |  
2019-08-21 02:17:28,135 | INFO  | DNAudit | user=null | ip=null | op=WRITE_CHUNK {blockData=conID: 1 locID: 102652565789540923 bcsId: 0} | ret=SUCCESS |  
2019-08-21 02:17:28,134 [grpc-default-executor-2] INFO  client.GrpcClientProtocolClient (GrpcClientProtocolClient.java:onNext(255)) - client-54CC064C3FCE->8224e767-71c1-41fc-a01a-d172d48fd9d8: receive RaftClientReply:client-54CC064C3FCE->8224e767-71c1-41fc-a01a-d172d48fd9d8@group-F6B37CC92441, cid=2276, SUCCESS, logIndex=3353, commits[8224e767-71c1-41fc-a01a-d172d48fd9d8:c3355, 6eae0c21-01aa-4169-956f-5952b26ea7ba:c3352, 8d7dcba1-3b82-4d94-a832-514ef5c79cf8:c3352]
2019-08-21 02:17:28,135 | INFO  | DNAudit | user=null | ip=null | op=PUT_BLOCK {blockData=[blockId=conID: 1 locID: 102652565789540923 bcsId: 0,size=2097152]} | ret=SUCCESS |  
2019-08-21 02:17:28,135 [grpc-default-executor-2] INFO  client.GrpcClientProtocolClient (GrpcClientProtocolClient.java:onNext(255)) - client-54CC064C3FCE->8224e767-71c1-41fc-a01a-d172d48fd9d8: receive RaftClientReply:client-54CC064C3FCE->8224e767-71c1-41fc-a01a-d172d48fd9d8@group-F6B37CC92441, cid=2277, SUCCESS, logIndex=3354, commits[8224e767-71c1-41fc-a01a-d172d48fd9d8:c3356, 6eae0c21-01aa-4169-956f-5952b26ea7ba:c3352, 8d7dcba1-3b82-4d94-a832-514ef5c79cf8:c3352]
2019-08-21 02:17:28,135 [grpc-default-executor-2] INFO  client.GrpcClientProtocolClient (GrpcClientProtocolClient.java:onNext(255)) - client-54CC064C3FCE->8224e767-71c1-41fc-a01a-d172d48fd9d8: receive RaftClientReply:client-54CC064C3FCE->8224e767-71c1-41fc-a01a-d172d48fd9d8@group-F6B37CC92441, cid=2278, SUCCESS, logIndex=3355, commits[8224e767-71c1-41fc-a01a-d172d48fd9d8:c3356, 6eae0c21-01aa-4169-956f-5952b26ea7ba:c3352, 8d7dcba1-3b82-4d94-a832-514ef5c79cf8:c3352]
2019-08-21 02:17:28,136 | INFO  | DNAudit | user=null | ip=null | op=WRITE_CHUNK {blockData=conID: 1 locID: 102652565789540923 bcsId: 0} | ret=SUCCESS |  
2019-08-21 02:17:28,136 [grpc-default-executor-2] INFO  client.GrpcClientProtocolClient (GrpcClientProtocolClient.java:onNext(255)) - client-54CC064C3FCE->8224e767-71c1-41fc-a01a-d172d48fd9d8: receive RaftClientReply:client-54CC064C3FCE->8224e767-71c1-41fc-a01a-d172d48fd9d8@group-F6B37CC92441, cid=2279, SUCCESS, logIndex=3356, commits[8224e767-71c1-41fc-a01a-d172d48fd9d8:c3356, 6eae0c21-01aa-4169-956f-5952b26ea7ba:c3352, 8d7dcba1-3b82-4d94-a832-514ef5c79cf8:c3352]
2019-08-21 02:17:28,137 | INFO  | DNAudit | user=null | ip=null | op=WRITE_CHUNK {blockData=conID: 1 locID: 102652565789540923 bcsId: 0} | ret=SUCCESS |  
2019-08-21 02:17:28,137 | INFO  | DNAudit | user=null | ip=null | op=PUT_BLOCK {blockData=[blockId=conID: 1 locID: 102652565789540923 bcsId: 0,size=1048576]} | ret=SUCCESS |  
2019-08-21 02:17:28,138 | INFO  | DNAudit | user=null | ip=null | op=WRITE_CHUNK {blockData=conID: 1 locID: 102652565789540923 bcsId: 0} | ret=SUCCESS |  
2019-08-21 02:17:28,147 | INFO  | DNAudit | user=null | ip=null | op=PUT_BLOCK {blockData=[blockId=conID: 1 locID: 102652565789540923 bcsId: 0,size=1048576]} | ret=SUCCESS |  
2019-08-21 02:17:28,148 | INFO  | DNAudit | user=null | ip=null | op=WRITE_CHUNK {blockData=conID: 1 locID: 102652565789540923 bcsId: 0} | ret=SUCCESS |  
2019-08-21 02:17:28,148 | INFO  | DNAudit | user=null | ip=null | op=PUT_BLOCK {blockData=[blockId=conID: 1 locID: 102652565789540923 bcsId: 0,size=2097152]} | ret=SUCCESS |  
2019-08-21 02:17:28,148 [grpc-default-executor-2] INFO  client.GrpcClientProtocolClient (GrpcClientProtocolClient.java:onNext(255)) - client-54CC064C3FCE->8224e767-71c1-41fc-a01a-d172d48fd9d8: receive RaftClientReply:client-54CC064C3FCE->8224e767-71c1-41fc-a01a-d172d48fd9d8@group-F6B37CC92441, cid=2280, SUCCESS, logIndex=0, commits[8224e767-71c1-41fc-a01a-d172d48fd9d8:c3358, 6eae0c21-01aa-4169-956f-5952b26ea7ba:c3355, 8d7dcba1-3b82-4d94-a832-514ef5c79cf8:c3355]
2019-08-21 02:17:28,148 | INFO  | DNAudit | user=null | ip=null | op=PUT_BLOCK {blockData=[blockId=conID: 1 locID: 102652565789540923 bcsId: 0,size=2097152]} | ret=SUCCESS |  
2019-08-21 02:17:28,155 | INFO  | DNAudit | user=null | ip=null | op=WRITE_CHUNK {blockData=conID: 1 locID: 102652565789540923 bcsId: 3356} | ret=SUCCESS |  
2019-08-21 02:17:28,157 | INFO  | DNAudit | user=null | ip=null | op=WRITE_CHUNK {blockData=conID: 1 locID: 102652565789540923 bcsId: 3356} | ret=SUCCESS |  
2019-08-21 02:17:28,158 | INFO  | DNAudit | user=null | ip=null | op=WRITE_CHUNK {blockData=conID: 1 locID: 102652565789540923 bcsId: 3356} | ret=SUCCESS |  
2019-08-21 02:17:28,169 | INFO  | DNAudit | user=null | ip=null | op=WRITE_CHUNK {blockData=conID: 1 locID: 102652565789540923 bcsId: 3356} | ret=SUCCESS |  
2019-08-21 02:17:28,170 | INFO  | DNAudit | user=null | ip=null | op=PUT_BLOCK {blockData=[blockId=conID: 1 locID: 102652565789540923 bcsId: 0,size=3145728]} | ret=SUCCESS |  
2019-08-21 02:17:28,170 [grpc-default-executor-2] INFO  client.GrpcClientProtocolClient (GrpcClientProtocolClient.java:onNext(255)) - client-54CC064C3FCE->8224e767-71c1-41fc-a01a-d172d48fd9d8: receive RaftClientReply:client-54CC064C3FCE->8224e767-71c1-41fc-a01a-d172d48fd9d8@group-F6B37CC92441, cid=2281, SUCCESS, logIndex=3361, commits[8224e767-71c1-41fc-a01a-d172d48fd9d8:c3362, 6eae0c21-01aa-4169-956f-5952b26ea7ba:c3360, 8d7dcba1-3b82-4d94-a832-514ef5c79cf8:c3360]
2019-08-21 02:17:28,170 [grpc-default-executor-2] INFO  client.GrpcClientProtocolClient (GrpcClientProtocolClient.java:onNext(255)) - client-54CC064C3FCE->8224e767-71c1-41fc-a01a-d172d48fd9d8: receive RaftClientReply:client-54CC064C3FCE->8224e767-71c1-41fc-a01a-d172d48fd9d8@group-F6B37CC92441, cid=2282, SUCCESS, logIndex=3362, commits[8224e767-71c1-41fc-a01a-d172d48fd9d8:c3362, 6eae0c21-01aa-4169-956f-5952b26ea7ba:c3360, 8d7dcba1-3b82-4d94-a832-514ef5c79cf8:c3360]
2019-08-21 02:17:28,177 | INFO  | DNAudit | user=null | ip=null | op=WRITE_CHUNK {blockData=conID: 1 locID: 102652565789540923 bcsId: 3362} | ret=SUCCESS |  
2019-08-21 02:17:28,180 | INFO  | DNAudit | user=null | ip=null | op=WRITE_CHUNK {blockData=conID: 1 locID: 102652565789540923 bcsId: 3362} | ret=SUCCESS |  
2019-08-21 02:17:28,180 | INFO  | DNAudit | user=null | ip=null | op=WRITE_CHUNK {blockData=conID: 1 locID: 102652565789540923 bcsId: 3362} | ret=SUCCESS |  
2019-08-21 02:17:28,182 | INFO  | DNAudit | user=null | ip=null | op=WRITE_CHUNK {blockData=conID: 1 locID: 102652565789540923 bcsId: 3356} | ret=SUCCESS |  
2019-08-21 02:17:28,182 | INFO  | DNAudit | user=null | ip=null | op=WRITE_CHUNK {blockData=conID: 1 locID: 102652565789540923 bcsId: 3356} | ret=SUCCESS |  
2019-08-21 02:17:28,195 | INFO  | DNAudit | user=null | ip=null | op=PUT_BLOCK {blockData=[blockId=conID: 1 locID: 102652565789540923 bcsId: 0,size=3145728]} | ret=SUCCESS |  
2019-08-21 02:17:28,195 | INFO  | DNAudit | user=null | ip=null | op=PUT_BLOCK {blockData=[blockId=conID: 1 locID: 102652565789540923 bcsId: 0,size=3145728]} | ret=SUCCESS |  
2019-08-21 02:17:28,196 | INFO  | DNAudit | user=null | ip=null | op=WRITE_CHUNK {blockData=conID: 1 locID: 102652565789540923 bcsId: 3362} | ret=SUCCESS |  
2019-08-21 02:17:28,196 | INFO  | DNAudit | user=null | ip=null | op=PUT_BLOCK {blockData=[blockId=conID: 1 locID: 102652565789540923 bcsId: 0,size=4194304]} | ret=SUCCESS |  
2019-08-21 02:17:28,197 [grpc-default-executor-4] INFO  client.GrpcClientProtocolClient (GrpcClientProtocolClient.java:onNext(255)) - client-54CC064C3FCE->8224e767-71c1-41fc-a01a-d172d48fd9d8: receive RaftClientReply:client-54CC064C3FCE->8224e767-71c1-41fc-a01a-d172d48fd9d8@group-F6B37CC92441, cid=2283, SUCCESS, logIndex=3365, commits[8224e767-71c1-41fc-a01a-d172d48fd9d8:c3366, 6eae0c21-01aa-4169-956f-5952b26ea7ba:c3362, 8d7dcba1-3b82-4d94-a832-514ef5c79cf8:c3362]
2019-08-21 02:17:28,197 [grpc-default-executor-4] INFO  client.GrpcClientProtocolClient (GrpcClientProtocolClient.java:onNext(255)) - client-54CC064C3FCE->8224e767-71c1-41fc-a01a-d172d48fd9d8: receive RaftClientReply:client-54CC064C3FCE->8224e767-71c1-41fc-a01a-d172d48fd9d8@group-F6B37CC92441, cid=2284, SUCCESS, logIndex=3366, commits[8224e767-71c1-41fc-a01a-d172d48fd9d8:c3366, 6eae0c21-01aa-4169-956f-5952b26ea7ba:c3362, 8d7dcba1-3b82-4d94-a832-514ef5c79cf8:c3362]
2019-08-21 02:17:28,209 | INFO  | DNAudit | user=null | ip=null | op=WRITE_CHUNK {blockData=conID: 1 locID: 102652565789540923 bcsId: 3362} | ret=SUCCESS |  
2019-08-21 02:17:28,209 | INFO  | DNAudit | user=null | ip=null | op=WRITE_CHUNK {blockData=conID: 1 locID: 102652565789540923 bcsId: 3362} | ret=SUCCESS |  
2019-08-21 02:17:28,209 | INFO  | DNAudit | user=null | ip=null | op=PUT_BLOCK {blockData=[blockId=conID: 1 locID: 102652565789540923 bcsId: 0,size=4194304]} | ret=SUCCESS |  
2019-08-21 02:17:28,209 | INFO  | DNAudit | user=null | ip=null | op=PUT_BLOCK {blockData=[blockId=conID: 1 locID: 102652565789540923 bcsId: 0,size=4194304]} | ret=SUCCESS |  
2019-08-21 02:17:28,209 [grpc-default-executor-1] INFO  client.GrpcClientProtocolClient (GrpcClientProtocolClient.java:onNext(255)) - client-54CC064C3FCE->8224e767-71c1-41fc-a01a-d172d48fd9d8: receive RaftClientReply:client-54CC064C3FCE->8224e767-71c1-41fc-a01a-d172d48fd9d8@group-F6B37CC92441, cid=2285, SUCCESS, logIndex=0, commits[8224e767-71c1-41fc-a01a-d172d48fd9d8:c3367, 6eae0c21-01aa-4169-956f-5952b26ea7ba:c3366, 8d7dcba1-3b82-4d94-a832-514ef5c79cf8:c3366]
2019-08-21 02:17:28,214 | INFO  | SCMAudit | user=jenkins1000 | ip=192.168.34.10 | op=ALLOCATE_BLOCK {owner=b6f66289-f2a0-4058-b052-0a85e40df67b, size=4194304, type=RATIS, factor=THREE} | ret=SUCCESS |  
2019-08-21 02:17:28,217 | INFO  | OMAudit | user=jenkins1000 | ip=127.0.0.1 | op=ALLOCATE_BLOCK {volume=vol-0-90982, bucket=bucket-0-24269, key=key-0-81262, dataSize=0, replicationType=null, replicationFactor=null, keyLocationInfo=null, clientID=102652564580991378} | ret=SUCCESS |  
2019-08-21 02:17:28,224 | INFO  | DNAudit | user=null | ip=null | op=WRITE_CHUNK {blockData=conID: 2 locID: 102652565796553276 bcsId: 0} | ret=SUCCESS |  
2019-08-21 02:17:28,227 | INFO  | DNAudit | user=null | ip=null | op=WRITE_CHUNK {blockData=conID: 2 locID: 102652565796553276 bcsId: 0} | ret=SUCCESS |  
2019-08-21 02:17:28,228 | INFO  | DNAudit | user=null | ip=null | op=WRITE_CHUNK {blockData=conID: 2 locID: 102652565796553276 bcsId: 0} | ret=SUCCESS |  
2019-08-21 02:17:28,228 | INFO  | DNAudit | user=null | ip=null | op=WRITE_CHUNK {blockData=conID: 2 locID: 102652565796553276 bcsId: 0} | ret=SUCCESS |  
2019-08-21 02:17:28,229 | INFO  | DNAudit | user=null | ip=null | op=WRITE_CHUNK {blockData=conID: 2 locID: 102652565796553276 bcsId: 0} | ret=SUCCESS |  
2019-08-21 02:17:28,229 | INFO  | DNAudit | user=null | ip=null | op=WRITE_CHUNK {blockData=conID: 2 locID: 102652565796553276 bcsId: 0} | ret=SUCCESS |  
2019-08-21 02:17:28,249 | INFO  | DNAudit | user=null | ip=null | op=WRITE_CHUNK {blockData=conID: 2 locID: 102652565796553276 bcsId: 0} | ret=SUCCESS |  
2019-08-21 02:17:28,249 | INFO  | DNAudit | user=null | ip=null | op=PUT_BLOCK {blockData=[blockId=conID: 2 locID: 102652565796553276 bcsId: 0,size=1048576]} | ret=SUCCESS |  
2019-08-21 02:17:28,250 | INFO  | DNAudit | user=null | ip=null | op=WRITE_CHUNK {blockData=conID: 2 locID: 102652565796553276 bcsId: 0} | ret=SUCCESS |  
2019-08-21 02:17:28,250 [grpc-default-executor-2] INFO  client.GrpcClientProtocolClient (GrpcClientProtocolClient.java:onNext(255)) - client-54CC064C3FCE->8224e767-71c1-41fc-a01a-d172d48fd9d8: receive RaftClientReply:client-54CC064C3FCE->8224e767-71c1-41fc-a01a-d172d48fd9d8@group-F6B37CC92441, cid=2286, SUCCESS, logIndex=3369, commits[8224e767-71c1-41fc-a01a-d172d48fd9d8:c3369, 6eae0c21-01aa-4169-956f-5952b26ea7ba:c3368, 8d7dcba1-3b82-4d94-a832-514ef5c79cf8:c3368]
2019-08-21 02:17:28,250 | INFO  | DNAudit | user=null | ip=null | op=PUT_BLOCK {blockData=[blockId=conID: 2 locID: 102652565796553276 bcsId: 0,size=2097152]} | ret=SUCCESS |  
2019-08-21 02:17:28,251 [grpc-default-executor-2] INFO  client.GrpcClientProtocolClient (GrpcClientProtocolClient.java:onNext(255)) - client-54CC064C3FCE->8224e767-71c1-41fc-a01a-d172d48fd9d8: receive RaftClientReply:client-54CC064C3FCE->8224e767-71c1-41fc-a01a-d172d48fd9d8@group-F6B37CC92441, cid=2287, SUCCESS, logIndex=3370, commits[8224e767-71c1-41fc-a01a-d172d48fd9d8:c3372, 6eae0c21-01aa-4169-956f-5952b26ea7ba:c3368, 8d7dcba1-3b82-4d94-a832-514ef5c79cf8:c3368]
2019-08-21 02:17:28,251 [grpc-default-executor-2] INFO  client.GrpcClientProtocolClient (GrpcClientProtocolClient.java:onNext(255)) - client-54CC064C3FCE->8224e767-71c1-41fc-a01a-d172d48fd9d8: receive RaftClientReply:client-54CC064C3FCE->8224e767-71c1-41fc-a01a-d172d48fd9d8@group-F6B37CC92441, cid=2288, SUCCESS, logIndex=3371, commits[8224e767-71c1-41fc-a01a-d172d48fd9d8:c3372, 6eae0c21-01aa-4169-956f-5952b26ea7ba:c3368, 8d7dcba1-3b82-4d94-a832-514ef5c79cf8:c3368]
2019-08-21 02:17:28,251 [grpc-default-executor-2] INFO  client.GrpcClientProtocolClient (GrpcClientProtocolClient.java:onNext(255)) - client-54CC064C3FCE->8224e767-71c1-41fc-a01a-d172d48fd9d8: receive RaftClientReply:client-54CC064C3FCE->8224e767-71c1-41fc-a01a-d172d48fd9d8@group-F6B37CC92441, cid=2289, SUCCESS, logIndex=3372, commits[8224e767-71c1-41fc-a01a-d172d48fd9d8:c3372, 6eae0c21-01aa-4169-956f-5952b26ea7ba:c3368, 8d7dcba1-3b82-4d94-a832-514ef5c79cf8:c3368]
2019-08-21 02:17:28,260 | INFO  | DNAudit | user=null | ip=null | op=WRITE_CHUNK {blockData=conID: 2 locID: 102652565796553276 bcsId: 0} | ret=SUCCESS |  
2019-08-21 02:17:28,260 | INFO  | DNAudit | user=null | ip=null | op=WRITE_CHUNK {blockData=conID: 2 locID: 102652565796553276 bcsId: 0} | ret=SUCCESS |  
2019-08-21 02:17:28,263 | INFO  | DNAudit | user=null | ip=null | op=PUT_BLOCK {blockData=[blockId=conID: 2 locID: 102652565796553276 bcsId: 0,size=1048576]} | ret=SUCCESS |  
2019-08-21 02:17:28,263 | INFO  | DNAudit | user=null | ip=null | op=WRITE_CHUNK {blockData=conID: 2 locID: 102652565796553276 bcsId: 0} | ret=SUCCESS |  
2019-08-21 02:17:28,263 | INFO  | DNAudit | user=null | ip=null | op=PUT_BLOCK {blockData=[blockId=conID: 2 locID: 102652565796553276 bcsId: 0,size=2097152]} | ret=SUCCESS |  
2019-08-21 02:17:28,263 | INFO  | DNAudit | user=null | ip=null | op=PUT_BLOCK {blockData=[blockId=conID: 2 locID: 102652565796553276 bcsId: 0,size=1048576]} | ret=SUCCESS |  
2019-08-21 02:17:28,264 | INFO  | DNAudit | user=null | ip=null | op=WRITE_CHUNK {blockData=conID: 2 locID: 102652565796553276 bcsId: 0} | ret=SUCCESS |  
2019-08-21 02:17:28,264 | INFO  | DNAudit | user=null | ip=null | op=PUT_BLOCK {blockData=[blockId=conID: 2 locID: 102652565796553276 bcsId: 0,size=2097152]} | ret=SUCCESS |  
2019-08-21 02:17:28,264 [grpc-default-executor-1] INFO  client.GrpcClientProtocolClient (GrpcClientProtocolClient.java:onNext(255)) - client-54CC064C3FCE->8224e767-71c1-41fc-a01a-d172d48fd9d8: receive RaftClientReply:client-54CC064C3FCE->8224e767-71c1-41fc-a01a-d172d48fd9d8@group-F6B37CC92441, cid=2290, SUCCESS, logIndex=0, commits[8224e767-71c1-41fc-a01a-d172d48fd9d8:c3376, 6eae0c21-01aa-4169-956f-5952b26ea7ba:c3372, 8d7dcba1-3b82-4d94-a832-514ef5c79cf8:c3370]
2019-08-21 02:17:28,271 | INFO  | DNAudit | user=null | ip=null | op=WRITE_CHUNK {blockData=conID: 2 locID: 102652565796553276 bcsId: 3372} | ret=SUCCESS |  
2019-08-21 02:17:28,274 | INFO  | DNAudit | user=null | ip=null | op=WRITE_CHUNK {blockData=conID: 2 locID: 102652565796553276 bcsId: 3372} | ret=SUCCESS |  
2019-08-21 02:17:28,275 | INFO  | DNAudit | user=null | ip=null | op=WRITE_CHUNK {blockData=conID: 2 locID: 102652565796553276 bcsId: 3372} | ret=SUCCESS |  
2019-08-21 02:17:28,284 | INFO  | DNAudit | user=null | ip=null | op=WRITE_CHUNK {blockData=conID: 2 locID: 102652565796553276 bcsId: 3372} | ret=SUCCESS |  
2019-08-21 02:17:28,284 | INFO  | DNAudit | user=null | ip=null | op=PUT_BLOCK {blockData=[blockId=conID: 2 locID: 102652565796553276 bcsId: 0,size=3145728]} | ret=SUCCESS |  
2019-08-21 02:17:28,285 [grpc-default-executor-2] INFO  client.GrpcClientProtocolClient (GrpcClientProtocolClient.java:onNext(255)) - client-54CC064C3FCE->8224e767-71c1-41fc-a01a-d172d48fd9d8: receive RaftClientReply:client-54CC064C3FCE->8224e767-71c1-41fc-a01a-d172d48fd9d8@group-F6B37CC92441, cid=2291, SUCCESS, logIndex=3377, commits[8224e767-71c1-41fc-a01a-d172d48fd9d8:c3378, 6eae0c21-01aa-4169-956f-5952b26ea7ba:c3376, 8d7dcba1-3b82-4d94-a832-514ef5c79cf8:c3376]
2019-08-21 02:17:28,285 [grpc-default-executor-2] INFO  client.GrpcClientProtocolClient (GrpcClientProtocolClient.java:onNext(255)) - client-54CC064C3FCE->8224e767-71c1-41fc-a01a-d172d48fd9d8: receive RaftClientReply:client-54CC064C3FCE->8224e767-71c1-41fc-a01a-d172d48fd9d8@group-F6B37CC92441, cid=2292, SUCCESS, logIndex=3378, commits[8224e767-71c1-41fc-a01a-d172d48fd9d8:c3378, 6eae0c21-01aa-4169-956f-5952b26ea7ba:c3376, 8d7dcba1-3b82-4d94-a832-514ef5c79cf8:c3376]
2019-08-21 02:17:28,293 | INFO  | DNAudit | user=null | ip=null | op=WRITE_CHUNK {blockData=conID: 2 locID: 102652565796553276 bcsId: 3378} | ret=SUCCESS |  
2019-08-21 02:17:28,296 | INFO  | DNAudit | user=null | ip=null | op=WRITE_CHUNK {blockData=conID: 2 locID: 102652565796553276 bcsId: 3372} | ret=SUCCESS |  
2019-08-21 02:17:28,296 | INFO  | DNAudit | user=null | ip=null | op=WRITE_CHUNK {blockData=conID: 2 locID: 102652565796553276 bcsId: 3378} | ret=SUCCESS |  
2019-08-21 02:17:28,296 | INFO  | DNAudit | user=null | ip=null | op=WRITE_CHUNK {blockData=conID: 2 locID: 102652565796553276 bcsId: 3372} | ret=SUCCESS |  
2019-08-21 02:17:28,296 | INFO  | DNAudit | user=null | ip=null | op=WRITE_CHUNK {blockData=conID: 2 locID: 102652565796553276 bcsId: 3378} | ret=SUCCESS |  
2019-08-21 02:17:28,297 | INFO  | DNAudit | user=null | ip=null | op=PUT_BLOCK {blockData=[blockId=conID: 2 locID: 102652565796553276 bcsId: 0,size=3145728]} | ret=SUCCESS |  
2019-08-21 02:17:28,297 | INFO  | DNAudit | user=null | ip=null | op=WRITE_CHUNK {blockData=conID: 2 locID: 102652565796553276 bcsId: 3378} | ret=SUCCESS |  
2019-08-21 02:17:28,298 | INFO  | DNAudit | user=null | ip=null | op=PUT_BLOCK {blockData=[blockId=conID: 2 locID: 102652565796553276 bcsId: 0,size=4194304]} | ret=SUCCESS |  
2019-08-21 02:17:28,298 [grpc-default-executor-3] INFO  client.GrpcClientProtocolClient (GrpcClientProtocolClient.java:onNext(255)) - client-54CC064C3FCE->8224e767-71c1-41fc-a01a-d172d48fd9d8: receive RaftClientReply:client-54CC064C3FCE->8224e767-71c1-41fc-a01a-d172d48fd9d8@group-F6B37CC92441, cid=2293, SUCCESS, logIndex=3381, commits[8224e767-71c1-41fc-a01a-d172d48fd9d8:c3381, 6eae0c21-01aa-4169-956f-5952b26ea7ba:c3377, 8d7dcba1-3b82-4d94-a832-514ef5c79cf8:c3378]
2019-08-21 02:17:28,298 [grpc-default-executor-3] INFO  client.GrpcClientProtocolClient (GrpcClientProtocolClient.java:onNext(255)) - client-54CC064C3FCE->8224e767-71c1-41fc-a01a-d172d48fd9d8: receive RaftClientReply:client-54CC064C3FCE->8224e767-71c1-41fc-a01a-d172d48fd9d8@group-F6B37CC92441, cid=2294, SUCCESS, logIndex=3382, commits[8224e767-71c1-41fc-a01a-d172d48fd9d8:c3382, 6eae0c21-01aa-4169-956f-5952b26ea7ba:c3377, 8d7dcba1-3b82-4d94-a832-514ef5c79cf8:c3378]
2019-08-21 02:17:28,308 | INFO  | DNAudit | user=null | ip=null | op=PUT_BLOCK {blockData=[blockId=conID: 2 locID: 102652565796553276 bcsId: 0,size=3145728]} | ret=SUCCESS |  
2019-08-21 02:17:28,309 | INFO  | DNAudit | user=null | ip=null | op=WRITE_CHUNK {blockData=conID: 2 locID: 102652565796553276 bcsId: 3378} | ret=SUCCESS |  
2019-08-21 02:17:28,309 [grpc-default-executor-3] INFO  client.GrpcClientProtocolClient (GrpcClientProtocolClient.java:onNext(255)) - client-54CC064C3FCE->8224e767-71c1-41fc-a01a-d172d48fd9d8: receive RaftClientReply:client-54CC064C3FCE->8224e767-71c1-41fc-a01a-d172d48fd9d8@group-F6B37CC92441, cid=2295, SUCCESS, logIndex=0, commits[8224e767-71c1-41fc-a01a-d172d48fd9d8:c3382, 6eae0c21-01aa-4169-956f-5952b26ea7ba:c3378, 8d7dcba1-3b82-4d94-a832-514ef5c79cf8:c3378]
2019-08-21 02:17:28,309 | INFO  | DNAudit | user=null | ip=null | op=WRITE_CHUNK {blockData=conID: 2 locID: 102652565796553276 bcsId: 3378} | ret=SUCCESS |  
2019-08-21 02:17:28,309 | INFO  | DNAudit | user=null | ip=null | op=PUT_BLOCK {blockData=[blockId=conID: 2 locID: 102652565796553276 bcsId: 0,size=4194304]} | ret=SUCCESS |  
2019-08-21 02:17:28,310 | INFO  | DNAudit | user=null | ip=null | op=PUT_BLOCK {blockData=[blockId=conID: 2 locID: 102652565796553276 bcsId: 0,size=4194304]} | ret=SUCCESS |  
2019-08-21 02:17:28,310 [grpc-default-executor-3] INFO  client.GrpcClientProtocolClient (GrpcClientProtocolClient.java:onNext(255)) - client-54CC064C3FCE->8224e767-71c1-41fc-a01a-d172d48fd9d8: receive RaftClientReply:client-54CC064C3FCE->8224e767-71c1-41fc-a01a-d172d48fd9d8@group-F6B37CC92441, cid=2296, SUCCESS, logIndex=0, commits[8224e767-71c1-41fc-a01a-d172d48fd9d8:c3384, 6eae0c21-01aa-4169-956f-5952b26ea7ba:c3382, 8d7dcba1-3b82-4d94-a832-514ef5c79cf8:c3382]
2019-08-21 02:17:28,316 | INFO  | SCMAudit | user=jenkins1000 | ip=192.168.34.10 | op=ALLOCATE_BLOCK {owner=b6f66289-f2a0-4058-b052-0a85e40df67b, size=4194304, type=RATIS, factor=THREE} | ret=SUCCESS |  
2019-08-21 02:17:28,319 | INFO  | OMAudit | user=jenkins1000 | ip=127.0.0.1 | op=ALLOCATE_BLOCK {volume=vol-0-90982, bucket=bucket-0-24269, key=key-0-81262, dataSize=0, replicationType=null, replicationFactor=null, keyLocationInfo=null, clientID=102652564580991378} | ret=SUCCESS |  
2019-08-21 02:17:28,326 | INFO  | DNAudit | user=null | ip=null | op=WRITE_CHUNK {blockData=conID: 3 locID: 102652565803237949 bcsId: 0} | ret=SUCCESS |  
2019-08-21 02:17:28,329 | INFO  | DNAudit | user=null | ip=null | op=WRITE_CHUNK {blockData=conID: 3 locID: 102652565803237949 bcsId: 0} | ret=SUCCESS |  
2019-08-21 02:17:28,329 | INFO  | DNAudit | user=null | ip=null | op=WRITE_CHUNK {blockData=conID: 3 locID: 102652565803237949 bcsId: 0} | ret=SUCCESS |  
2019-08-21 02:17:28,329 | INFO  | DNAudit | user=null | ip=null | op=WRITE_CHUNK {blockData=conID: 3 locID: 102652565803237949 bcsId: 0} | ret=SUCCESS |  
2019-08-21 02:17:28,331 | INFO  | DNAudit | user=null | ip=null | op=WRITE_CHUNK {blockData=conID: 3 locID: 102652565803237949 bcsId: 0} | ret=SUCCESS |  
2019-08-21 02:17:28,331 | INFO  | DNAudit | user=null | ip=null | op=WRITE_CHUNK {blockData=conID: 3 locID: 102652565803237949 bcsId: 0} | ret=SUCCESS |  
2019-08-21 02:17:28,343 | INFO  | DNAudit | user=null | ip=null | op=WRITE_CHUNK {blockData=conID: 3 locID: 102652565803237949 bcsId: 0} | ret=SUCCESS |  
2019-08-21 02:17:28,344 | INFO  | DNAudit | user=null | ip=null | op=PUT_BLOCK {blockData=[blockId=conID: 3 locID: 102652565803237949 bcsId: 0,size=1048576]} | ret=SUCCESS |  
2019-08-21 02:17:28,344 [grpc-default-executor-1] INFO  client.GrpcClientProtocolClient (GrpcClientProtocolClient.java:onNext(255)) - client-54CC064C3FCE->8224e767-71c1-41fc-a01a-d172d48fd9d8: receive RaftClientReply:client-54CC064C3FCE->8224e767-71c1-41fc-a01a-d172d48fd9d8@group-F6B37CC92441, cid=2297, SUCCESS, logIndex=3385, commits[8224e767-71c1-41fc-a01a-d172d48fd9d8:c3386, 6eae0c21-01aa-4169-956f-5952b26ea7ba:c3384, 8d7dcba1-3b82-4d94-a832-514ef5c79cf8:c3384]
2019-08-21 02:17:28,344 | INFO  | DNAudit | user=null | ip=null | op=WRITE_CHUNK {blockData=conID: 3 locID: 102652565803237949 bcsId: 0} | ret=SUCCESS |  
2019-08-21 02:17:28,344 [grpc-default-executor-1] INFO  client.GrpcClientProtocolClient (GrpcClientProtocolClient.java:onNext(255)) - client-54CC064C3FCE->8224e767-71c1-41fc-a01a-d172d48fd9d8: receive RaftClientReply:client-54CC064C3FCE->8224e767-71c1-41fc-a01a-d172d48fd9d8@group-F6B37CC92441, cid=2298, SUCCESS, logIndex=3386, commits[8224e767-71c1-41fc-a01a-d172d48fd9d8:c3388, 6eae0c21-01aa-4169-956f-5952b26ea7ba:c3384, 8d7dcba1-3b82-4d94-a832-514ef5c79cf8:c3384]
2019-08-21 02:17:28,345 | INFO  | DNAudit | user=null | ip=null | op=PUT_BLOCK {blockData=[blockId=conID: 3 locID: 102652565803237949 bcsId: 0,size=2097152]} | ret=SUCCESS |  
2019-08-21 02:17:28,345 [grpc-default-executor-1] INFO  client.GrpcClientProtocolClient (GrpcClientProtocolClient.java:onNext(255)) - client-54CC064C3FCE->8224e767-71c1-41fc-a01a-d172d48fd9d8: receive RaftClientReply:client-54CC064C3FCE->8224e767-71c1-41fc-a01a-d172d48fd9d8@group-F6B37CC92441, cid=2299, SUCCESS, logIndex=3387, commits[8224e767-71c1-41fc-a01a-d172d48fd9d8:c3388, 6eae0c21-01aa-4169-956f-5952b26ea7ba:c3384, 8d7dcba1-3b82-4d94-a832-514ef5c79cf8:c3384]
2019-08-21 02:17:28,345 [grpc-default-executor-1] INFO  client.GrpcClientProtocolClient (GrpcClientProtocolClient.java:onNext(255)) - client-54CC064C3FCE->8224e767-71c1-41fc-a01a-d172d48fd9d8: receive RaftClientReply:client-54CC064C3FCE->8224e767-71c1-41fc-a01a-d172d48fd9d8@group-F6B37CC92441, cid=2300, SUCCESS, logIndex=3388, commits[8224e767-71c1-41fc-a01a-d172d48fd9d8:c3388, 6eae0c21-01aa-4169-956f-5952b26ea7ba:c3384, 8d7dcba1-3b82-4d94-a832-514ef5c79cf8:c3384]
2019-08-21 02:17:28,356 | INFO  | DNAudit | user=null | ip=null | op=WRITE_CHUNK {blockData=conID: 3 locID: 102652565803237949 bcsId: 0} | ret=SUCCESS |  
2019-08-21 02:17:28,356 | INFO  | DNAudit | user=null | ip=null | op=WRITE_CHUNK {blockData=conID: 3 locID: 102652565803237949 bcsId: 0} | ret=SUCCESS |  
2019-08-21 02:17:28,357 | INFO  | DNAudit | user=null | ip=null | op=PUT_BLOCK {blockData=[blockId=conID: 3 locID: 102652565803237949 bcsId: 0,size=1048576]} | ret=SUCCESS |  
2019-08-21 02:17:28,369 | INFO  | DNAudit | user=null | ip=null | op=WRITE_CHUNK {blockData=conID: 3 locID: 102652565803237949 bcsId: 0} | ret=SUCCESS |  
2019-08-21 02:17:28,369 | INFO  | DNAudit | user=null | ip=null | op=PUT_BLOCK {blockData=[blockId=conID: 3 locID: 102652565803237949 bcsId: 0,size=1048576]} | ret=SUCCESS |  
2019-08-21 02:17:28,369 | INFO  | DNAudit | user=null | ip=null | op=PUT_BLOCK {blockData=[blockId=conID: 3 locID: 102652565803237949 bcsId: 0,size=2097152]} | ret=SUCCESS |  
2019-08-21 02:17:28,369 | INFO  | DNAudit | user=null | ip=null | op=WRITE_CHUNK {blockData=conID: 3 locID: 102652565803237949 bcsId: 0} | ret=SUCCESS |  
2019-08-21 02:17:28,369 | INFO  | DNAudit | user=null | ip=null | op=PUT_BLOCK {blockData=[blockId=conID: 3 locID: 102652565803237949 bcsId: 0,size=2097152]} | ret=SUCCESS |  
2019-08-21 02:17:28,369 [grpc-default-executor-3] INFO  client.GrpcClientProtocolClient (GrpcClientProtocolClient.java:onNext(255)) - client-54CC064C3FCE->8224e767-71c1-41fc-a01a-d172d48fd9d8: receive RaftClientReply:client-54CC064C3FCE->8224e767-71c1-41fc-a01a-d172d48fd9d8@group-F6B37CC92441, cid=2301, SUCCESS, logIndex=0, commits[8224e767-71c1-41fc-a01a-d172d48fd9d8:c3391, 6eae0c21-01aa-4169-956f-5952b26ea7ba:c3388, 8d7dcba1-3b82-4d94-a832-514ef5c79cf8:c3386]
2019-08-21 02:17:28,375 | INFO  | DNAudit | user=null | ip=null | op=WRITE_CHUNK {blockData=conID: 3 locID: 102652565803237949 bcsId: 3388} | ret=SUCCESS |  
2019-08-21 02:17:28,378 | INFO  | DNAudit | user=null | ip=null | op=WRITE_CHUNK {blockData=conID: 3 locID: 102652565803237949 bcsId: 3388} | ret=SUCCESS |  
2019-08-21 02:17:28,378 | INFO  | DNAudit | user=null | ip=null | op=WRITE_CHUNK {blockData=conID: 3 locID: 102652565803237949 bcsId: 3388} | ret=SUCCESS |  
2019-08-21 02:17:28,389 | INFO  | DNAudit | user=null | ip=null | op=WRITE_CHUNK {blockData=conID: 3 locID: 102652565803237949 bcsId: 3388} | ret=SUCCESS |  
2019-08-21 02:17:28,390 | INFO  | DNAudit | user=null | ip=null | op=PUT_BLOCK {blockData=[blockId=conID: 3 locID: 102652565803237949 bcsId: 0,size=3145728]} | ret=SUCCESS |  
2019-08-21 02:17:28,390 [grpc-default-executor-4] INFO  client.GrpcClientProtocolClient (GrpcClientProtocolClient.java:onNext(255)) - client-54CC064C3FCE->8224e767-71c1-41fc-a01a-d172d48fd9d8: receive RaftClientReply:client-54CC064C3FCE->8224e767-71c1-41fc-a01a-d172d48fd9d8@group-F6B37CC92441, cid=2302, SUCCESS, logIndex=3392, commits[8224e767-71c1-41fc-a01a-d172d48fd9d8:c3393, 6eae0c21-01aa-4169-956f-5952b26ea7ba:c3391, 8d7dcba1-3b82-4d94-a832-514ef5c79cf8:c3391]
2019-08-21 02:17:28,390 [grpc-default-executor-4] INFO  client.GrpcClientProtocolClient (GrpcClientProtocolClient.java:onNext(255)) - client-54CC064C3FCE->8224e767-71c1-41fc-a01a-d172d48fd9d8: receive RaftClientReply:client-54CC064C3FCE->8224e767-71c1-41fc-a01a-d172d48fd9d8@group-F6B37CC92441, cid=2303, SUCCESS, logIndex=3393, commits[8224e767-71c1-41fc-a01a-d172d48fd9d8:c3393, 6eae0c21-01aa-4169-956f-5952b26ea7ba:c3391, 8d7dcba1-3b82-4d94-a832-514ef5c79cf8:c3391]
2019-08-21 02:17:28,396 | INFO  | DNAudit | user=null | ip=null | op=WRITE_CHUNK {blockData=conID: 3 locID: 102652565803237949 bcsId: 3393} | ret=SUCCESS |  
2019-08-21 02:17:28,399 | INFO  | DNAudit | user=null | ip=null | op=WRITE_CHUNK {blockData=conID: 3 locID: 102652565803237949 bcsId: 3393} | ret=SUCCESS |  
2019-08-21 02:17:28,400 | INFO  | DNAudit | user=null | ip=null | op=WRITE_CHUNK {blockData=conID: 3 locID: 102652565803237949 bcsId: 3393} | ret=SUCCESS |  
2019-08-21 02:17:28,403 | INFO  | DNAudit | user=null | ip=null | op=WRITE_CHUNK {blockData=conID: 3 locID: 102652565803237949 bcsId: 3388} | ret=SUCCESS |  
2019-08-21 02:17:28,403 | INFO  | DNAudit | user=null | ip=null | op=WRITE_CHUNK {blockData=conID: 3 locID: 102652565803237949 bcsId: 3388} | ret=SUCCESS |  
2019-08-21 02:17:28,415 | INFO  | DNAudit | user=null | ip=null | op=PUT_BLOCK {blockData=[blockId=conID: 3 locID: 102652565803237949 bcsId: 0,size=3145728]} | ret=SUCCESS |  
2019-08-21 02:17:28,415 | INFO  | DNAudit | user=null | ip=null | op=PUT_BLOCK {blockData=[blockId=conID: 3 locID: 102652565803237949 bcsId: 0,size=3145728]} | ret=SUCCESS |  
2019-08-21 02:17:28,416 | INFO  | DNAudit | user=null | ip=null | op=WRITE_CHUNK {blockData=conID: 3 locID: 102652565803237949 bcsId: 3393} | ret=SUCCESS |  
2019-08-21 02:17:28,416 | INFO  | DNAudit | user=null | ip=null | op=PUT_BLOCK {blockData=[blockId=conID: 3 locID: 102652565803237949 bcsId: 0,size=4194304]} | ret=SUCCESS |  
2019-08-21 02:17:28,417 [grpc-default-executor-1] INFO  client.GrpcClientProtocolClient (GrpcClientProtocolClient.java:onNext(255)) - client-54CC064C3FCE->8224e767-71c1-41fc-a01a-d172d48fd9d8: receive RaftClientReply:client-54CC064C3FCE->8224e767-71c1-41fc-a01a-d172d48fd9d8@group-F6B37CC92441, cid=2304, SUCCESS, logIndex=3396, commits[8224e767-71c1-41fc-a01a-d172d48fd9d8:c3396, 6eae0c21-01aa-4169-956f-5952b26ea7ba:c3393, 8d7dcba1-3b82-4d94-a832-514ef5c79cf8:c3393]
2019-08-21 02:17:28,417 [grpc-default-executor-1] INFO  client.GrpcClientProtocolClient (GrpcClientProtocolClient.java:onNext(255)) - client-54CC064C3FCE->8224e767-71c1-41fc-a01a-d172d48fd9d8: receive RaftClientReply:client-54CC064C3FCE->8224e767-71c1-41fc-a01a-d172d48fd9d8@group-F6B37CC92441, cid=2305, SUCCESS, logIndex=3397, commits[8224e767-71c1-41fc-a01a-d172d48fd9d8:c3397, 6eae0c21-01aa-4169-956f-5952b26ea7ba:c3393, 8d7dcba1-3b82-4d94-a832-514ef5c79cf8:c3393]
2019-08-21 02:17:28,429 | INFO  | DNAudit | user=null | ip=null | op=WRITE_CHUNK {blockData=conID: 3 locID: 102652565803237949 bcsId: 3393} | ret=SUCCESS |  
2019-08-21 02:17:28,429 | INFO  | DNAudit | user=null | ip=null | op=WRITE_CHUNK {blockData=conID: 3 locID: 102652565803237949 bcsId: 3393} | ret=SUCCESS |  
2019-08-21 02:17:28,432 | INFO  | DNAudit | user=null | ip=null | op=PUT_BLOCK {blockData=[blockId=conID: 3 locID: 102652565803237949 bcsId: 0,size=4194304]} | ret=SUCCESS |  
2019-08-21 02:17:28,433 | INFO  | DNAudit | user=null | ip=null | op=PUT_BLOCK {blockData=[blockId=conID: 3 locID: 102652565803237949 bcsId: 0,size=4194304]} | ret=SUCCESS |  
2019-08-21 02:17:28,433 [grpc-default-executor-4] INFO  client.GrpcClientProtocolClient (GrpcClientProtocolClient.java:onNext(255)) - client-54CC064C3FCE->8224e767-71c1-41fc-a01a-d172d48fd9d8: receive RaftClientReply:client-54CC064C3FCE->8224e767-71c1-41fc-a01a-d172d48fd9d8@group-F6B37CC92441, cid=2306, SUCCESS, logIndex=0, commits[8224e767-71c1-41fc-a01a-d172d48fd9d8:c3399, 6eae0c21-01aa-4169-956f-5952b26ea7ba:c3397, 8d7dcba1-3b82-4d94-a832-514ef5c79cf8:c3397]
2019-08-21 02:17:28,440 | INFO  | SCMAudit | user=jenkins1000 | ip=192.168.34.10 | op=ALLOCATE_BLOCK {owner=b6f66289-f2a0-4058-b052-0a85e40df67b, size=4194304, type=RATIS, factor=THREE} | ret=SUCCESS |  
2019-08-21 02:17:28,444 | INFO  | OMAudit | user=jenkins1000 | ip=127.0.0.1 | op=ALLOCATE_BLOCK {volume=vol-0-90982, bucket=bucket-0-24269, key=key-0-81262, dataSize=0, replicationType=null, replicationFactor=null, keyLocationInfo=null, clientID=102652564580991378} | ret=SUCCESS |  
2019-08-21 02:17:28,452 | INFO  | DNAudit | user=null | ip=null | op=WRITE_CHUNK {blockData=conID: 1 locID: 102652565811364414 bcsId: 0} | ret=SUCCESS |  
2019-08-21 02:17:28,455 | INFO  | DNAudit | user=null | ip=null | op=WRITE_CHUNK {blockData=conID: 1 locID: 102652565811364414 bcsId: 0} | ret=SUCCESS |  
2019-08-21 02:17:28,456 | INFO  | DNAudit | user=null | ip=null | op=WRITE_CHUNK {blockData=conID: 1 locID: 102652565811364414 bcsId: 0} | ret=SUCCESS |  
2019-08-21 02:17:28,456 | INFO  | DNAudit | user=null | ip=null | op=WRITE_CHUNK {blockData=conID: 1 locID: 102652565811364414 bcsId: 0} | ret=SUCCESS |  
2019-08-21 02:17:28,458 | INFO  | DNAudit | user=null | ip=null | op=WRITE_CHUNK {blockData=conID: 1 locID: 102652565811364414 bcsId: 0} | ret=SUCCESS |  
2019-08-21 02:17:28,459 | INFO  | DNAudit | user=null | ip=null | op=WRITE_CHUNK {blockData=conID: 1 locID: 102652565811364414 bcsId: 0} | ret=SUCCESS |  
2019-08-21 02:17:28,459 | INFO  | DNAudit | user=null | ip=null | op=WRITE_CHUNK {blockData=conID: 1 locID: 102652565811364414 bcsId: 0} | ret=SUCCESS |  
2019-08-21 02:17:28,459 | INFO  | DNAudit | user=null | ip=null | op=PUT_BLOCK {blockData=[blockId=conID: 1 locID: 102652565811364414 bcsId: 0,size=1048576]} | ret=SUCCESS |  
2019-08-21 02:17:28,459 [grpc-default-executor-3] INFO  client.GrpcClientProtocolClient (GrpcClientProtocolClient.java:onNext(255)) - client-54CC064C3FCE->8224e767-71c1-41fc-a01a-d172d48fd9d8: receive RaftClientReply:client-54CC064C3FCE->8224e767-71c1-41fc-a01a-d172d48fd9d8@group-F6B37CC92441, cid=2307, SUCCESS, logIndex=3400, commits[8224e767-71c1-41fc-a01a-d172d48fd9d8:c3401, 6eae0c21-01aa-4169-956f-5952b26ea7ba:c3397, 8d7dcba1-3b82-4d94-a832-514ef5c79cf8:c3399]
2019-08-21 02:17:28,460 [grpc-default-executor-3] INFO  client.GrpcClientProtocolClient (GrpcClientProtocolClient.java:onNext(255)) - client-54CC064C3FCE->8224e767-71c1-41fc-a01a-d172d48fd9d8: receive RaftClientReply:client-54CC064C3FCE->8224e767-71c1-41fc-a01a-d172d48fd9d8@group-F6B37CC92441, cid=2308, SUCCESS, logIndex=3401, commits[8224e767-71c1-41fc-a01a-d172d48fd9d8:c3401, 6eae0c21-01aa-4169-956f-5952b26ea7ba:c3397, 8d7dcba1-3b82-4d94-a832-514ef5c79cf8:c3399]
2019-08-21 02:17:28,468 | INFO  | DNAudit | user=null | ip=null | op=WRITE_CHUNK {blockData=conID: 1 locID: 102652565811364414 bcsId: 0} | ret=SUCCESS |  
2019-08-21 02:17:28,468 | INFO  | DNAudit | user=null | ip=null | op=WRITE_CHUNK {blockData=conID: 1 locID: 102652565811364414 bcsId: 0} | ret=SUCCESS |  
2019-08-21 02:17:28,468 | INFO  | DNAudit | user=null | ip=null | op=PUT_BLOCK {blockData=[blockId=conID: 1 locID: 102652565811364414 bcsId: 0,size=1048576]} | ret=SUCCESS |  
2019-08-21 02:17:28,468 | INFO  | DNAudit | user=null | ip=null | op=PUT_BLOCK {blockData=[blockId=conID: 1 locID: 102652565811364414 bcsId: 0,size=2097152]} | ret=SUCCESS |  
2019-08-21 02:17:28,468 [grpc-default-executor-3] INFO  client.GrpcClientProtocolClient (GrpcClientProtocolClient.java:onNext(255)) - client-54CC064C3FCE->8224e767-71c1-41fc-a01a-d172d48fd9d8: receive RaftClientReply:client-54CC064C3FCE->8224e767-71c1-41fc-a01a-d172d48fd9d8@group-F6B37CC92441, cid=2309, SUCCESS, logIndex=3402, commits[8224e767-71c1-41fc-a01a-d172d48fd9d8:c3405, 6eae0c21-01aa-4169-956f-5952b26ea7ba:c3399, 8d7dcba1-3b82-4d94-a832-514ef5c79cf8:c3401]
2019-08-21 02:17:28,469 [grpc-default-executor-3] INFO  client.GrpcClientProtocolClient (GrpcClientProtocolClient.java:onNext(255)) - client-54CC064C3FCE->8224e767-71c1-41fc-a01a-d172d48fd9d8: receive RaftClientReply:client-54CC064C3FCE->8224e767-71c1-41fc-a01a-d172d48fd9d8@group-F6B37CC92441, cid=2310, SUCCESS, logIndex=3403, commits[8224e767-71c1-41fc-a01a-d172d48fd9d8:c3405, 6eae0c21-01aa-4169-956f-5952b26ea7ba:c3399, 8d7dcba1-3b82-4d94-a832-514ef5c79cf8:c3401]
2019-08-21 02:17:28,469 | INFO  | DNAudit | user=null | ip=null | op=WRITE_CHUNK {blockData=conID: 1 locID: 102652565811364414 bcsId: 0} | ret=SUCCESS |  
2019-08-21 02:17:28,470 | INFO  | DNAudit | user=null | ip=null | op=PUT_BLOCK {blockData=[blockId=conID: 1 locID: 102652565811364414 bcsId: 0,size=1048576]} | ret=SUCCESS |  
2019-08-21 02:17:28,470 [grpc-default-executor-4] INFO  client.GrpcClientProtocolClient (GrpcClientProtocolClient.java:onNext(255)) - client-54CC064C3FCE->8224e767-71c1-41fc-a01a-d172d48fd9d8: receive RaftClientReply:client-54CC064C3FCE->8224e767-71c1-41fc-a01a-d172d48fd9d8@group-F6B37CC92441, cid=2311, SUCCESS, logIndex=0, commits[8224e767-71c1-41fc-a01a-d172d48fd9d8:c3405, 6eae0c21-01aa-4169-956f-5952b26ea7ba:c3401, 8d7dcba1-3b82-4d94-a832-514ef5c79cf8:c3401]
2019-08-21 02:17:28,472 | INFO  | DNAudit | user=null | ip=null | op=WRITE_CHUNK {blockData=conID: 1 locID: 102652565811364414 bcsId: 0} | ret=SUCCESS |  
2019-08-21 02:17:28,473 | INFO  | DNAudit | user=null | ip=null | op=WRITE_CHUNK {blockData=conID: 1 locID: 102652565811364414 bcsId: 0} | ret=SUCCESS |  
2019-08-21 02:17:28,473 | INFO  | DNAudit | user=null | ip=null | op=PUT_BLOCK {blockData=[blockId=conID: 1 locID: 102652565811364414 bcsId: 0,size=2097152]} | ret=SUCCESS |  
2019-08-21 02:17:28,473 | INFO  | DNAudit | user=null | ip=null | op=PUT_BLOCK {blockData=[blockId=conID: 1 locID: 102652565811364414 bcsId: 0,size=2097152]} | ret=SUCCESS |  
2019-08-21 02:17:28,478 | INFO  | DNAudit | user=null | ip=null | op=WRITE_CHUNK {blockData=conID: 1 locID: 102652565811364414 bcsId: 3403} | ret=SUCCESS |  
2019-08-21 02:17:28,481 | INFO  | DNAudit | user=null | ip=null | op=WRITE_CHUNK {blockData=conID: 1 locID: 102652565811364414 bcsId: 3403} | ret=SUCCESS |  
2019-08-21 02:17:28,481 | INFO  | DNAudit | user=null | ip=null | op=WRITE_CHUNK {blockData=conID: 1 locID: 102652565811364414 bcsId: 3403} | ret=SUCCESS |  
2019-08-21 02:17:28,497 | INFO  | DNAudit | user=null | ip=null | op=WRITE_CHUNK {blockData=conID: 1 locID: 102652565811364414 bcsId: 3403} | ret=SUCCESS |  
2019-08-21 02:17:28,498 | INFO  | DNAudit | user=null | ip=null | op=PUT_BLOCK {blockData=[blockId=conID: 1 locID: 102652565811364414 bcsId: 0,size=3145728]} | ret=SUCCESS |  
2019-08-21 02:17:28,498 [grpc-default-executor-4] INFO  client.GrpcClientProtocolClient (GrpcClientProtocolClient.java:onNext(255)) - client-54CC064C3FCE->8224e767-71c1-41fc-a01a-d172d48fd9d8: receive RaftClientReply:client-54CC064C3FCE->8224e767-71c1-41fc-a01a-d172d48fd9d8@group-F6B37CC92441, cid=2312, SUCCESS, logIndex=3408, commits[8224e767-71c1-41fc-a01a-d172d48fd9d8:c3409, 6eae0c21-01aa-4169-956f-5952b26ea7ba:c3407, 8d7dcba1-3b82-4d94-a832-514ef5c79cf8:c3407]
2019-08-21 02:17:28,498 [grpc-default-executor-4] INFO  client.GrpcClientProtocolClient (GrpcClientProtocolClient.java:onNext(255)) - client-54CC064C3FCE->8224e767-71c1-41fc-a01a-d172d48fd9d8: receive RaftClientReply:client-54CC064C3FCE->8224e767-71c1-41fc-a01a-d172d48fd9d8@group-F6B37CC92441, cid=2313, SUCCESS, logIndex=3409, commits[8224e767-71c1-41fc-a01a-d172d48fd9d8:c3409, 6eae0c21-01aa-4169-956f-5952b26ea7ba:c3407, 8d7dcba1-3b82-4d94-a832-514ef5c79cf8:c3407]
2019-08-21 02:17:28,506 | INFO  | DNAudit | user=null | ip=null | op=WRITE_CHUNK {blockData=conID: 1 locID: 102652565811364414 bcsId: 3409} | ret=SUCCESS |  
2019-08-21 02:17:28,509 | INFO  | DNAudit | user=null | ip=null | op=WRITE_CHUNK {blockData=conID: 1 locID: 102652565811364414 bcsId: 3403} | ret=SUCCESS |  
2019-08-21 02:17:28,509 | INFO  | DNAudit | user=null | ip=null | op=WRITE_CHUNK {blockData=conID: 1 locID: 102652565811364414 bcsId: 3403} | ret=SUCCESS |  
2019-08-21 02:17:28,510 | INFO  | DNAudit | user=null | ip=null | op=WRITE_CHUNK {blockData=conID: 1 locID: 102652565811364414 bcsId: 3409} | ret=SUCCESS |  
2019-08-21 02:17:28,510 | INFO  | DNAudit | user=null | ip=null | op=WRITE_CHUNK {blockData=conID: 1 locID: 102652565811364414 bcsId: 3409} | ret=SUCCESS |  
2019-08-21 02:17:28,521 | INFO  | DNAudit | user=null | ip=null | op=PUT_BLOCK {blockData=[blockId=conID: 1 locID: 102652565811364414 bcsId: 0,size=3145728]} | ret=SUCCESS |  
2019-08-21 02:17:28,522 | INFO  | DNAudit | user=null | ip=null | op=PUT_BLOCK {blockData=[blockId=conID: 1 locID: 102652565811364414 bcsId: 0,size=3145728]} | ret=SUCCESS |  
2019-08-21 02:17:28,522 | INFO  | DNAudit | user=null | ip=null | op=WRITE_CHUNK {blockData=conID: 1 locID: 102652565811364414 bcsId: 3409} | ret=SUCCESS |  
2019-08-21 02:17:28,522 | INFO  | DNAudit | user=null | ip=null | op=PUT_BLOCK {blockData=[blockId=conID: 1 locID: 102652565811364414 bcsId: 0,size=4194304]} | ret=SUCCESS |  
2019-08-21 02:17:28,522 [grpc-default-executor-1] INFO  client.GrpcClientProtocolClient (GrpcClientProtocolClient.java:onNext(255)) - client-54CC064C3FCE->8224e767-71c1-41fc-a01a-d172d48fd9d8: receive RaftClientReply:client-54CC064C3FCE->8224e767-71c1-41fc-a01a-d172d48fd9d8@group-F6B37CC92441, cid=2314, SUCCESS, logIndex=3412, commits[8224e767-71c1-41fc-a01a-d172d48fd9d8:c3413, 6eae0c21-01aa-4169-956f-5952b26ea7ba:c3409, 8d7dcba1-3b82-4d94-a832-514ef5c79cf8:c3409]
2019-08-21 02:17:28,523 [grpc-default-executor-1] INFO  client.GrpcClientProtocolClient (GrpcClientProtocolClient.java:onNext(255)) - client-54CC064C3FCE->8224e767-71c1-41fc-a01a-d172d48fd9d8: receive RaftClientReply:client-54CC064C3FCE->8224e767-71c1-41fc-a01a-d172d48fd9d8@group-F6B37CC92441, cid=2315, SUCCESS, logIndex=3413, commits[8224e767-71c1-41fc-a01a-d172d48fd9d8:c3413, 6eae0c21-01aa-4169-956f-5952b26ea7ba:c3409, 8d7dcba1-3b82-4d94-a832-514ef5c79cf8:c3409]
2019-08-21 02:17:28,535 | INFO  | DNAudit | user=null | ip=null | op=WRITE_CHUNK {blockData=conID: 1 locID: 102652565811364414 bcsId: 3409} | ret=SUCCESS |  
2019-08-21 02:17:28,535 | INFO  | DNAudit | user=null | ip=null | op=WRITE_CHUNK {blockData=conID: 1 locID: 102652565811364414 bcsId: 3409} | ret=SUCCESS |  
2019-08-21 02:17:28,535 | INFO  | DNAudit | user=null | ip=null | op=PUT_BLOCK {blockData=[blockId=conID: 1 locID: 102652565811364414 bcsId: 0,size=4194304]} | ret=SUCCESS |  
2019-08-21 02:17:28,535 | INFO  | DNAudit | user=null | ip=null | op=PUT_BLOCK {blockData=[blockId=conID: 1 locID: 102652565811364414 bcsId: 0,size=4194304]} | ret=SUCCESS |  
2019-08-21 02:17:28,536 [grpc-default-executor-1] INFO  client.GrpcClientProtocolClient (GrpcClientProtocolClient.java:onNext(255)) - client-54CC064C3FCE->8224e767-71c1-41fc-a01a-d172d48fd9d8: receive RaftClientReply:client-54CC064C3FCE->8224e767-71c1-41fc-a01a-d172d48fd9d8@group-F6B37CC92441, cid=2316, SUCCESS, logIndex=0, commits[8224e767-71c1-41fc-a01a-d172d48fd9d8:c3414, 6eae0c21-01aa-4169-956f-5952b26ea7ba:c3413, 8d7dcba1-3b82-4d94-a832-514ef5c79cf8:c3413]
2019-08-21 02:17:28,541 | INFO  | SCMAudit | user=jenkins1000 | ip=192.168.34.10 | op=ALLOCATE_BLOCK {owner=b6f66289-f2a0-4058-b052-0a85e40df67b, size=4194304, type=RATIS, factor=THREE} | ret=SUCCESS |  
2019-08-21 02:17:28,543 | INFO  | OMAudit | user=jenkins1000 | ip=127.0.0.1 | op=ALLOCATE_BLOCK {volume=vol-0-90982, bucket=bucket-0-24269, key=key-0-81262, dataSize=0, replicationType=null, replicationFactor=null, keyLocationInfo=null, clientID=102652564580991378} | ret=SUCCESS |  
2019-08-21 02:17:28,551 | INFO  | DNAudit | user=null | ip=null | op=WRITE_CHUNK {blockData=conID: 2 locID: 102652565817983551 bcsId: 0} | ret=SUCCESS |  
2019-08-21 02:17:28,554 | INFO  | DNAudit | user=null | ip=null | op=WRITE_CHUNK {blockData=conID: 2 locID: 102652565817983551 bcsId: 0} | ret=SUCCESS |  
2019-08-21 02:17:28,554 | INFO  | DNAudit | user=null | ip=null | op=WRITE_CHUNK {blockData=conID: 2 locID: 102652565817983551 bcsId: 0} | ret=SUCCESS |  
2019-08-21 02:17:28,666 | INFO  | DNAudit | user=null | ip=null | op=WRITE_CHUNK {blockData=conID: 2 locID: 102652565817983551 bcsId: 0} | ret=SUCCESS |  
2019-08-21 02:17:28,667 | INFO  | DNAudit | user=null | ip=null | op=WRITE_CHUNK {blockData=conID: 2 locID: 102652565817983551 bcsId: 0} | ret=SUCCESS |  
2019-08-21 02:17:28,667 | INFO  | DNAudit | user=null | ip=null | op=PUT_BLOCK {blockData=[blockId=conID: 2 locID: 102652565817983551 bcsId: 0,size=1048576]} | ret=SUCCESS |  
2019-08-21 02:17:28,667 | INFO  | DNAudit | user=null | ip=null | op=WRITE_CHUNK {blockData=conID: 2 locID: 102652565817983551 bcsId: 0} | ret=SUCCESS |  
2019-08-21 02:17:28,667 [grpc-default-executor-3] INFO  client.GrpcClientProtocolClient (GrpcClientProtocolClient.java:onNext(255)) - client-54CC064C3FCE->8224e767-71c1-41fc-a01a-d172d48fd9d8: receive RaftClientReply:client-54CC064C3FCE->8224e767-71c1-41fc-a01a-d172d48fd9d8@group-F6B37CC92441, cid=2317, SUCCESS, logIndex=3416, commits[8224e767-71c1-41fc-a01a-d172d48fd9d8:c3417, 6eae0c21-01aa-4169-956f-5952b26ea7ba:c3415, 8d7dcba1-3b82-4d94-a832-514ef5c79cf8:c3415]
2019-08-21 02:17:28,668 [grpc-default-executor-3] INFO  client.GrpcClientProtocolClient (GrpcClientProtocolClient.java:onNext(255)) - client-54CC064C3FCE->8224e767-71c1-41fc-a01a-d172d48fd9d8: receive RaftClientReply:client-54CC064C3FCE->8224e767-71c1-41fc-a01a-d172d48fd9d8@group-F6B37CC92441, cid=2318, SUCCESS, logIndex=3417, commits[8224e767-71c1-41fc-a01a-d172d48fd9d8:c3417, 6eae0c21-01aa-4169-956f-5952b26ea7ba:c3415, 8d7dcba1-3b82-4d94-a832-514ef5c79cf8:c3415]
2019-08-21 02:17:28,668 | INFO  | DNAudit | user=null | ip=null | op=WRITE_CHUNK {blockData=conID: 2 locID: 102652565817983551 bcsId: 0} | ret=SUCCESS |  
2019-08-21 02:17:28,680 | INFO  | DNAudit | user=null | ip=null | op=WRITE_CHUNK {blockData=conID: 2 locID: 102652565817983551 bcsId: 0} | ret=SUCCESS |  
2019-08-21 02:17:28,680 | INFO  | DNAudit | user=null | ip=null | op=WRITE_CHUNK {blockData=conID: 2 locID: 102652565817983551 bcsId: 0} | ret=SUCCESS |  
2019-08-21 02:17:28,680 | INFO  | DNAudit | user=null | ip=null | op=PUT_BLOCK {blockData=[blockId=conID: 2 locID: 102652565817983551 bcsId: 0,size=1048576]} | ret=SUCCESS |  
2019-08-21 02:17:28,680 | INFO  | DNAudit | user=null | ip=null | op=PUT_BLOCK {blockData=[blockId=conID: 2 locID: 102652565817983551 bcsId: 0,size=2097152]} | ret=SUCCESS |  
2019-08-21 02:17:28,680 | INFO  | DNAudit | user=null | ip=null | op=WRITE_CHUNK {blockData=conID: 2 locID: 102652565817983551 bcsId: 0} | ret=SUCCESS |  
2019-08-21 02:17:28,681 | INFO  | DNAudit | user=null | ip=null | op=PUT_BLOCK {blockData=[blockId=conID: 2 locID: 102652565817983551 bcsId: 0,size=1048576]} | ret=SUCCESS |  
2019-08-21 02:17:28,681 [grpc-default-executor-4] INFO  client.GrpcClientProtocolClient (GrpcClientProtocolClient.java:onNext(255)) - client-54CC064C3FCE->8224e767-71c1-41fc-a01a-d172d48fd9d8: receive RaftClientReply:client-54CC064C3FCE->8224e767-71c1-41fc-a01a-d172d48fd9d8@group-F6B37CC92441, cid=2319, SUCCESS, logIndex=3418, commits[8224e767-71c1-41fc-a01a-d172d48fd9d8:c3419, 6eae0c21-01aa-4169-956f-5952b26ea7ba:c3415, 8d7dcba1-3b82-4d94-a832-514ef5c79cf8:c3415]
2019-08-21 02:17:28,681 [grpc-default-executor-4] INFO  client.GrpcClientProtocolClient (GrpcClientProtocolClient.java:onNext(255)) - client-54CC064C3FCE->8224e767-71c1-41fc-a01a-d172d48fd9d8: receive RaftClientReply:client-54CC064C3FCE->8224e767-71c1-41fc-a01a-d172d48fd9d8@group-F6B37CC92441, cid=2320, SUCCESS, logIndex=3419, commits[8224e767-71c1-41fc-a01a-d172d48fd9d8:c3419, 6eae0c21-01aa-4169-956f-5952b26ea7ba:c3417, 8d7dcba1-3b82-4d94-a832-514ef5c79cf8:c3417]
2019-08-21 02:17:28,689 | INFO  | DNAudit | user=null | ip=null | op=WRITE_CHUNK {blockData=conID: 2 locID: 102652565817983551 bcsId: 3419} | ret=SUCCESS |  
2019-08-21 02:17:28,691 | INFO  | DNAudit | user=null | ip=null | op=WRITE_CHUNK {blockData=conID: 2 locID: 102652565817983551 bcsId: 3419} | ret=SUCCESS |  
2019-08-21 02:17:28,692 | INFO  | DNAudit | user=null | ip=null | op=WRITE_CHUNK {blockData=conID: 2 locID: 102652565817983551 bcsId: 3419} | ret=SUCCESS |  
2019-08-21 02:17:28,692 | INFO  | DNAudit | user=null | ip=null | op=WRITE_CHUNK {blockData=conID: 2 locID: 102652565817983551 bcsId: 0} | ret=SUCCESS |  
2019-08-21 02:17:28,692 | INFO  | DNAudit | user=null | ip=null | op=WRITE_CHUNK {blockData=conID: 2 locID: 102652565817983551 bcsId: 0} | ret=SUCCESS |  
2019-08-21 02:17:28,692 | INFO  | DNAudit | user=null | ip=null | op=PUT_BLOCK {blockData=[blockId=conID: 2 locID: 102652565817983551 bcsId: 0,size=2097152]} | ret=SUCCESS |  
2019-08-21 02:17:28,705 | INFO  | DNAudit | user=null | ip=null | op=PUT_BLOCK {blockData=[blockId=conID: 2 locID: 102652565817983551 bcsId: 0,size=2097152]} | ret=SUCCESS |  
2019-08-21 02:17:28,705 | INFO  | DNAudit | user=null | ip=null | op=WRITE_CHUNK {blockData=conID: 2 locID: 102652565817983551 bcsId: 3419} | ret=SUCCESS |  
2019-08-21 02:17:28,706 | INFO  | DNAudit | user=null | ip=null | op=PUT_BLOCK {blockData=[blockId=conID: 2 locID: 102652565817983551 bcsId: 0,size=3145728]} | ret=SUCCESS |  
2019-08-21 02:17:28,706 [grpc-default-executor-1] INFO  client.GrpcClientProtocolClient (GrpcClientProtocolClient.java:onNext(255)) - client-54CC064C3FCE->8224e767-71c1-41fc-a01a-d172d48fd9d8: receive RaftClientReply:client-54CC064C3FCE->8224e767-71c1-41fc-a01a-d172d48fd9d8@group-F6B37CC92441, cid=2321, SUCCESS, logIndex=3424, commits[8224e767-71c1-41fc-a01a-d172d48fd9d8:c3425, 6eae0c21-01aa-4169-956f-5952b26ea7ba:c3419, 8d7dcba1-3b82-4d94-a832-514ef5c79cf8:c3419]
2019-08-21 02:17:28,707 [grpc-default-executor-1] INFO  client.GrpcClientProtocolClient (GrpcClientProtocolClient.java:onNext(255)) - client-54CC064C3FCE->8224e767-71c1-41fc-a01a-d172d48fd9d8: receive RaftClientReply:client-54CC064C3FCE->8224e767-71c1-41fc-a01a-d172d48fd9d8@group-F6B37CC92441, cid=2322, SUCCESS, logIndex=3425, commits[8224e767-71c1-41fc-a01a-d172d48fd9d8:c3425, 6eae0c21-01aa-4169-956f-5952b26ea7ba:c3419, 8d7dcba1-3b82-4d94-a832-514ef5c79cf8:c3419]
2019-08-21 02:17:28,715 | INFO  | DNAudit | user=null | ip=null | op=WRITE_CHUNK {blockData=conID: 2 locID: 102652565817983551 bcsId: 3425} | ret=SUCCESS |  
2019-08-21 02:17:28,717 | INFO  | DNAudit | user=null | ip=null | op=WRITE_CHUNK {blockData=conID: 2 locID: 102652565817983551 bcsId: 3425} | ret=SUCCESS |  
2019-08-21 02:17:28,717 | INFO  | DNAudit | user=null | ip=null | op=WRITE_CHUNK {blockData=conID: 2 locID: 102652565817983551 bcsId: 3425} | ret=SUCCESS |  
2019-08-21 02:17:28,718 | INFO  | DNAudit | user=null | ip=null | op=WRITE_CHUNK {blockData=conID: 2 locID: 102652565817983551 bcsId: 3419} | ret=SUCCESS |  
2019-08-21 02:17:28,719 | INFO  | DNAudit | user=null | ip=null | op=WRITE_CHUNK {blockData=conID: 2 locID: 102652565817983551 bcsId: 3419} | ret=SUCCESS |  
2019-08-21 02:17:28,719 | INFO  | DNAudit | user=null | ip=null | op=PUT_BLOCK {blockData=[blockId=conID: 2 locID: 102652565817983551 bcsId: 0,size=3145728]} | ret=SUCCESS |  
2019-08-21 02:17:28,719 | INFO  | DNAudit | user=null | ip=null | op=PUT_BLOCK {blockData=[blockId=conID: 2 locID: 102652565817983551 bcsId: 0,size=3145728]} | ret=SUCCESS |  
2019-08-21 02:17:28,730 | INFO  | DNAudit | user=null | ip=null | op=WRITE_CHUNK {blockData=conID: 2 locID: 102652565817983551 bcsId: 3425} | ret=SUCCESS |  
2019-08-21 02:17:28,730 | INFO  | DNAudit | user=null | ip=null | op=PUT_BLOCK {blockData=[blockId=conID: 2 locID: 102652565817983551 bcsId: 0,size=4194304]} | ret=SUCCESS |  
2019-08-21 02:17:28,731 [grpc-default-executor-3] INFO  client.GrpcClientProtocolClient (GrpcClientProtocolClient.java:onNext(255)) - client-54CC064C3FCE->8224e767-71c1-41fc-a01a-d172d48fd9d8: receive RaftClientReply:client-54CC064C3FCE->8224e767-71c1-41fc-a01a-d172d48fd9d8@group-F6B37CC92441, cid=2323, SUCCESS, logIndex=3428, commits[8224e767-71c1-41fc-a01a-d172d48fd9d8:c3429, 6eae0c21-01aa-4169-956f-5952b26ea7ba:c3425, 8d7dcba1-3b82-4d94-a832-514ef5c79cf8:c3425]
2019-08-21 02:17:28,731 [grpc-default-executor-3] INFO  client.GrpcClientProtocolClient (GrpcClientProtocolClient.java:onNext(255)) - client-54CC064C3FCE->8224e767-71c1-41fc-a01a-d172d48fd9d8: receive RaftClientReply:client-54CC064C3FCE->8224e767-71c1-41fc-a01a-d172d48fd9d8@group-F6B37CC92441, cid=2324, SUCCESS, logIndex=3429, commits[8224e767-71c1-41fc-a01a-d172d48fd9d8:c3429, 6eae0c21-01aa-4169-956f-5952b26ea7ba:c3425, 8d7dcba1-3b82-4d94-a832-514ef5c79cf8:c3425]
2019-08-21 02:17:28,747 | INFO  | DNAudit | user=null | ip=null | op=WRITE_CHUNK {blockData=conID: 2 locID: 102652565817983551 bcsId: 3425} | ret=SUCCESS |  
2019-08-21 02:17:28,747 | INFO  | DNAudit | user=null | ip=null | op=WRITE_CHUNK {blockData=conID: 2 locID: 102652565817983551 bcsId: 3425} | ret=SUCCESS |  
2019-08-21 02:17:28,749 | INFO  | DNAudit | user=null | ip=null | op=PUT_BLOCK {blockData=[blockId=conID: 2 locID: 102652565817983551 bcsId: 0,size=4194304]} | ret=SUCCESS |  
2019-08-21 02:17:28,749 | INFO  | DNAudit | user=null | ip=null | op=PUT_BLOCK {blockData=[blockId=conID: 2 locID: 102652565817983551 bcsId: 0,size=4194304]} | ret=SUCCESS |  
2019-08-21 02:17:28,750 [grpc-default-executor-3] INFO  client.GrpcClientProtocolClient (GrpcClientProtocolClient.java:onNext(255)) - client-54CC064C3FCE->8224e767-71c1-41fc-a01a-d172d48fd9d8: receive RaftClientReply:client-54CC064C3FCE->8224e767-71c1-41fc-a01a-d172d48fd9d8@group-F6B37CC92441, cid=2325, SUCCESS, logIndex=0, commits[8224e767-71c1-41fc-a01a-d172d48fd9d8:c3431, 6eae0c21-01aa-4169-956f-5952b26ea7ba:c3429, 8d7dcba1-3b82-4d94-a832-514ef5c79cf8:c3429]
2019-08-21 02:17:28,757 | INFO  | SCMAudit | user=jenkins1000 | ip=192.168.34.10 | op=ALLOCATE_BLOCK {owner=b6f66289-f2a0-4058-b052-0a85e40df67b, size=4194304, type=RATIS, factor=THREE} | ret=SUCCESS |  
2019-08-21 02:17:28,760 | INFO  | OMAudit | user=jenkins1000 | ip=127.0.0.1 | op=ALLOCATE_BLOCK {volume=vol-0-90982, bucket=bucket-0-24269, key=key-0-81262, dataSize=0, replicationType=null, replicationFactor=null, keyLocationInfo=null, clientID=102652564580991378} | ret=SUCCESS |  
2019-08-21 02:17:28,769 | INFO  | DNAudit | user=null | ip=null | op=WRITE_CHUNK {blockData=conID: 3 locID: 102652565832073792 bcsId: 0} | ret=SUCCESS |  
2019-08-21 02:17:28,770 | INFO  | DNAudit | user=null | ip=null | op=WRITE_CHUNK {blockData=conID: 3 locID: 102652565832073792 bcsId: 0} | ret=SUCCESS |  
2019-08-21 02:17:28,771 | INFO  | DNAudit | user=null | ip=null | op=WRITE_CHUNK {blockData=conID: 3 locID: 102652565832073792 bcsId: 0} | ret=SUCCESS |  
2019-08-21 02:17:28,771 | INFO  | DNAudit | user=null | ip=null | op=WRITE_CHUNK {blockData=conID: 3 locID: 102652565832073792 bcsId: 0} | ret=SUCCESS |  
2019-08-21 02:17:28,772 | INFO  | DNAudit | user=null | ip=null | op=WRITE_CHUNK {blockData=conID: 3 locID: 102652565832073792 bcsId: 0} | ret=SUCCESS |  
2019-08-21 02:17:28,772 | INFO  | DNAudit | user=null | ip=null | op=WRITE_CHUNK {blockData=conID: 3 locID: 102652565832073792 bcsId: 0} | ret=SUCCESS |  
2019-08-21 02:17:28,783 | INFO  | DNAudit | user=null | ip=null | op=WRITE_CHUNK {blockData=conID: 3 locID: 102652565832073792 bcsId: 0} | ret=SUCCESS |  
2019-08-21 02:17:28,783 | INFO  | DNAudit | user=null | ip=null | op=PUT_BLOCK {blockData=[blockId=conID: 3 locID: 102652565832073792 bcsId: 0,size=1048576]} | ret=SUCCESS |  
2019-08-21 02:17:28,783 [grpc-default-executor-1] INFO  client.GrpcClientProtocolClient (GrpcClientProtocolClient.java:onNext(255)) - client-54CC064C3FCE->8224e767-71c1-41fc-a01a-d172d48fd9d8: receive RaftClientReply:client-54CC064C3FCE->8224e767-71c1-41fc-a01a-d172d48fd9d8@group-F6B37CC92441, cid=2326, SUCCESS, logIndex=3432, commits[8224e767-71c1-41fc-a01a-d172d48fd9d8:c3435, 6eae0c21-01aa-4169-956f-5952b26ea7ba:c3431, 8d7dcba1-3b82-4d94-a832-514ef5c79cf8:c3431]
2019-08-21 02:17:28,784 | INFO  | DNAudit | user=null | ip=null | op=WRITE_CHUNK {blockData=conID: 3 locID: 102652565832073792 bcsId: 0} | ret=SUCCESS |  
2019-08-21 02:17:28,784 [grpc-default-executor-1] INFO  client.GrpcClientProtocolClient (GrpcClientProtocolClient.java:onNext(255)) - client-54CC064C3FCE->8224e767-71c1-41fc-a01a-d172d48fd9d8: receive RaftClientReply:client-54CC064C3FCE->8224e767-71c1-41fc-a01a-d172d48fd9d8@group-F6B37CC92441, cid=2327, SUCCESS, logIndex=3433, commits[8224e767-71c1-41fc-a01a-d172d48fd9d8:c3435, 6eae0c21-01aa-4169-956f-5952b26ea7ba:c3431, 8d7dcba1-3b82-4d94-a832-514ef5c79cf8:c3431]
2019-08-21 02:17:28,784 | INFO  | DNAudit | user=null | ip=null | op=PUT_BLOCK {blockData=[blockId=conID: 3 locID: 102652565832073792 bcsId: 0,size=2097152]} | ret=SUCCESS |  
2019-08-21 02:17:28,784 [grpc-default-executor-1] INFO  client.GrpcClientProtocolClient (GrpcClientProtocolClient.java:onNext(255)) - client-54CC064C3FCE->8224e767-71c1-41fc-a01a-d172d48fd9d8: receive RaftClientReply:client-54CC064C3FCE->8224e767-71c1-41fc-a01a-d172d48fd9d8@group-F6B37CC92441, cid=2328, SUCCESS, logIndex=3434, commits[8224e767-71c1-41fc-a01a-d172d48fd9d8:c3435, 6eae0c21-01aa-4169-956f-5952b26ea7ba:c3431, 8d7dcba1-3b82-4d94-a832-514ef5c79cf8:c3431]
2019-08-21 02:17:28,785 [grpc-default-executor-1] INFO  client.GrpcClientProtocolClient (GrpcClientProtocolClient.java:onNext(255)) - client-54CC064C3FCE->8224e767-71c1-41fc-a01a-d172d48fd9d8: receive RaftClientReply:client-54CC064C3FCE->8224e767-71c1-41fc-a01a-d172d48fd9d8@group-F6B37CC92441, cid=2329, SUCCESS, logIndex=3435, commits[8224e767-71c1-41fc-a01a-d172d48fd9d8:c3435, 6eae0c21-01aa-4169-956f-5952b26ea7ba:c3431, 8d7dcba1-3b82-4d94-a832-514ef5c79cf8:c3431]
2019-08-21 02:17:28,794 | INFO  | DNAudit | user=null | ip=null | op=WRITE_CHUNK {blockData=conID: 3 locID: 102652565832073792 bcsId: 0} | ret=SUCCESS |  
2019-08-21 02:17:28,794 | INFO  | DNAudit | user=null | ip=null | op=WRITE_CHUNK {blockData=conID: 3 locID: 102652565832073792 bcsId: 0} | ret=SUCCESS |  
2019-08-21 02:17:28,794 | INFO  | DNAudit | user=null | ip=null | op=PUT_BLOCK {blockData=[blockId=conID: 3 locID: 102652565832073792 bcsId: 0,size=1048576]} | ret=SUCCESS |  
2019-08-21 02:17:28,795 | INFO  | DNAudit | user=null | ip=null | op=PUT_BLOCK {blockData=[blockId=conID: 3 locID: 102652565832073792 bcsId: 0,size=1048576]} | ret=SUCCESS |  
2019-08-21 02:17:28,795 [grpc-default-executor-1] INFO  client.GrpcClientProtocolClient (GrpcClientProtocolClient.java:onNext(255)) - client-54CC064C3FCE->8224e767-71c1-41fc-a01a-d172d48fd9d8: receive RaftClientReply:client-54CC064C3FCE->8224e767-71c1-41fc-a01a-d172d48fd9d8@group-F6B37CC92441, cid=2330, SUCCESS, logIndex=0, commits[8224e767-71c1-41fc-a01a-d172d48fd9d8:c3436, 6eae0c21-01aa-4169-956f-5952b26ea7ba:c3433, 8d7dcba1-3b82-4d94-a832-514ef5c79cf8:c3433]
2019-08-21 02:17:28,795 | INFO  | DNAudit | user=null | ip=null | op=WRITE_CHUNK {blockData=conID: 3 locID: 102652565832073792 bcsId: 0} | ret=SUCCESS |  
2019-08-21 02:17:28,796 | INFO  | DNAudit | user=null | ip=null | op=WRITE_CHUNK {blockData=conID: 3 locID: 102652565832073792 bcsId: 0} | ret=SUCCESS |  
2019-08-21 02:17:28,796 | INFO  | DNAudit | user=null | ip=null | op=PUT_BLOCK {blockData=[blockId=conID: 3 locID: 102652565832073792 bcsId: 0,size=2097152]} | ret=SUCCESS |  
2019-08-21 02:17:28,796 | INFO  | DNAudit | user=null | ip=null | op=PUT_BLOCK {blockData=[blockId=conID: 3 locID: 102652565832073792 bcsId: 0,size=2097152]} | ret=SUCCESS |  
2019-08-21 02:17:28,802 | INFO  | DNAudit | user=null | ip=null | op=WRITE_CHUNK {blockData=conID: 3 locID: 102652565832073792 bcsId: 3435} | ret=SUCCESS |  
2019-08-21 02:17:28,804 | INFO  | DNAudit | user=null | ip=null | op=WRITE_CHUNK {blockData=conID: 3 locID: 102652565832073792 bcsId: 3435} | ret=SUCCESS |  
2019-08-21 02:17:28,804 | INFO  | DNAudit | user=null | ip=null | op=WRITE_CHUNK {blockData=conID: 3 locID: 102652565832073792 bcsId: 3435} | ret=SUCCESS |  
2019-08-21 02:17:28,815 | INFO  | DNAudit | user=null | ip=null | op=WRITE_CHUNK {blockData=conID: 3 locID: 102652565832073792 bcsId: 3435} | ret=SUCCESS |  
2019-08-21 02:17:28,815 | INFO  | DNAudit | user=null | ip=null | op=PUT_BLOCK {blockData=[blockId=conID: 3 locID: 102652565832073792 bcsId: 0,size=3145728]} | ret=SUCCESS |  
2019-08-21 02:17:28,815 [grpc-default-executor-2] INFO  client.GrpcClientProtocolClient (GrpcClientProtocolClient.java:onNext(255)) - client-54CC064C3FCE->8224e767-71c1-41fc-a01a-d172d48fd9d8: receive RaftClientReply:client-54CC064C3FCE->8224e767-71c1-41fc-a01a-d172d48fd9d8@group-F6B37CC92441, cid=2331, SUCCESS, logIndex=3440, commits[8224e767-71c1-41fc-a01a-d172d48fd9d8:c3441, 6eae0c21-01aa-4169-956f-5952b26ea7ba:c3439, 8d7dcba1-3b82-4d94-a832-514ef5c79cf8:c3439]
2019-08-21 02:17:28,816 [grpc-default-executor-2] INFO  client.GrpcClientProtocolClient (GrpcClientProtocolClient.java:onNext(255)) - client-54CC064C3FCE->8224e767-71c1-41fc-a01a-d172d48fd9d8: receive RaftClientReply:client-54CC064C3FCE->8224e767-71c1-41fc-a01a-d172d48fd9d8@group-F6B37CC92441, cid=2332, SUCCESS, logIndex=3441, commits[8224e767-71c1-41fc-a01a-d172d48fd9d8:c3441, 6eae0c21-01aa-4169-956f-5952b26ea7ba:c3439, 8d7dcba1-3b82-4d94-a832-514ef5c79cf8:c3439]
2019-08-21 02:17:28,824 | INFO  | DNAudit | user=null | ip=null | op=WRITE_CHUNK {blockData=conID: 3 locID: 102652565832073792 bcsId: 3441} | ret=SUCCESS |  
2019-08-21 02:17:28,825 | INFO  | DNAudit | user=null | ip=null | op=WRITE_CHUNK {blockData=conID: 3 locID: 102652565832073792 bcsId: 3441} | ret=SUCCESS |  
2019-08-21 02:17:28,826 | INFO  | DNAudit | user=null | ip=null | op=WRITE_CHUNK {blockData=conID: 3 locID: 102652565832073792 bcsId: 3441} | ret=SUCCESS |  
2019-08-21 02:17:28,828 | INFO  | DNAudit | user=null | ip=null | op=WRITE_CHUNK {blockData=conID: 3 locID: 102652565832073792 bcsId: 3435} | ret=SUCCESS |  
2019-08-21 02:17:28,828 | INFO  | DNAudit | user=null | ip=null | op=WRITE_CHUNK {blockData=conID: 3 locID: 102652565832073792 bcsId: 3435} | ret=SUCCESS |  
2019-08-21 02:17:28,828 | INFO  | DNAudit | user=null | ip=null | op=PUT_BLOCK {blockData=[blockId=conID: 3 locID: 102652565832073792 bcsId: 0,size=3145728]} | ret=SUCCESS |  
2019-08-21 02:17:28,828 | INFO  | DNAudit | user=null | ip=null | op=PUT_BLOCK {blockData=[blockId=conID: 3 locID: 102652565832073792 bcsId: 0,size=3145728]} | ret=SUCCESS |  
2019-08-21 02:17:28,840 | INFO  | DNAudit | user=null | ip=null | op=WRITE_CHUNK {blockData=conID: 3 locID: 102652565832073792 bcsId: 3441} | ret=SUCCESS |  
2019-08-21 02:17:28,840 | INFO  | DNAudit | user=null | ip=null | op=PUT_BLOCK {blockData=[blockId=conID: 3 locID: 102652565832073792 bcsId: 0,size=4194304]} | ret=SUCCESS |  
2019-08-21 02:17:28,841 [grpc-default-executor-4] INFO  client.GrpcClientProtocolClient (GrpcClientProtocolClient.java:onNext(255)) - client-54CC064C3FCE->8224e767-71c1-41fc-a01a-d172d48fd9d8: receive RaftClientReply:client-54CC064C3FCE->8224e767-71c1-41fc-a01a-d172d48fd9d8@group-F6B37CC92441, cid=2333, SUCCESS, logIndex=3444, commits[8224e767-71c1-41fc-a01a-d172d48fd9d8:c3445, 6eae0c21-01aa-4169-956f-5952b26ea7ba:c3441, 8d7dcba1-3b82-4d94-a832-514ef5c79cf8:c3441]
2019-08-21 02:17:28,841 [grpc-default-executor-4] INFO  client.GrpcClientProtocolClient (GrpcClientProtocolClient.java:onNext(255)) - client-54CC064C3FCE->8224e767-71c1-41fc-a01a-d172d48fd9d8: receive RaftClientReply:client-54CC064C3FCE->8224e767-71c1-41fc-a01a-d172d48fd9d8@group-F6B37CC92441, cid=2334, SUCCESS, logIndex=3445, commits[8224e767-71c1-41fc-a01a-d172d48fd9d8:c3445, 6eae0c21-01aa-4169-956f-5952b26ea7ba:c3441, 8d7dcba1-3b82-4d94-a832-514ef5c79cf8:c3441]
2019-08-21 02:17:28,853 | INFO  | DNAudit | user=null | ip=null | op=WRITE_CHUNK {blockData=conID: 3 locID: 102652565832073792 bcsId: 3441} | ret=SUCCESS |  
2019-08-21 02:17:28,853 | INFO  | DNAudit | user=null | ip=null | op=WRITE_CHUNK {blockData=conID: 3 locID: 102652565832073792 bcsId: 3441} | ret=SUCCESS |  
2019-08-21 02:17:28,866 | INFO  | DNAudit | user=null | ip=null | op=PUT_BLOCK {blockData=[blockId=conID: 3 locID: 102652565832073792 bcsId: 0,size=4194304]} | ret=SUCCESS |  
2019-08-21 02:17:28,866 | INFO  | DNAudit | user=null | ip=null | op=PUT_BLOCK {blockData=[blockId=conID: 3 locID: 102652565832073792 bcsId: 0,size=4194304]} | ret=SUCCESS |  
2019-08-21 02:17:28,867 [grpc-default-executor-4] INFO  client.GrpcClientProtocolClient (GrpcClientProtocolClient.java:onNext(255)) - client-54CC064C3FCE->8224e767-71c1-41fc-a01a-d172d48fd9d8: receive RaftClientReply:client-54CC064C3FCE->8224e767-71c1-41fc-a01a-d172d48fd9d8@group-F6B37CC92441, cid=2335, SUCCESS, logIndex=0, commits[8224e767-71c1-41fc-a01a-d172d48fd9d8:c3446, 6eae0c21-01aa-4169-956f-5952b26ea7ba:c3445, 8d7dcba1-3b82-4d94-a832-514ef5c79cf8:c3445]
2019-08-21 02:17:28,873 | INFO  | SCMAudit | user=jenkins1000 | ip=192.168.34.10 | op=ALLOCATE_BLOCK {owner=b6f66289-f2a0-4058-b052-0a85e40df67b, size=4194304, type=RATIS, factor=THREE} | ret=SUCCESS |  
2019-08-21 02:17:28,877 | INFO  | OMAudit | user=jenkins1000 | ip=127.0.0.1 | op=ALLOCATE_BLOCK {volume=vol-0-90982, bucket=bucket-0-24269, key=key-0-81262, dataSize=0, replicationType=null, replicationFactor=null, keyLocationInfo=null, clientID=102652564580991378} | ret=SUCCESS |  
2019-08-21 02:17:28,885 | INFO  | DNAudit | user=null | ip=null | op=WRITE_CHUNK {blockData=conID: 1 locID: 102652565839741505 bcsId: 0} | ret=SUCCESS |  
2019-08-21 02:17:28,888 | INFO  | DNAudit | user=null | ip=null | op=WRITE_CHUNK {blockData=conID: 1 locID: 102652565839741505 bcsId: 0} | ret=SUCCESS |  
2019-08-21 02:17:28,888 | INFO  | DNAudit | user=null | ip=null | op=WRITE_CHUNK {blockData=conID: 1 locID: 102652565839741505 bcsId: 0} | ret=SUCCESS |  
2019-08-21 02:17:28,889 | INFO  | DNAudit | user=null | ip=null | op=WRITE_CHUNK {blockData=conID: 1 locID: 102652565839741505 bcsId: 0} | ret=SUCCESS |  
2019-08-21 02:17:28,891 | INFO  | DNAudit | user=null | ip=null | op=WRITE_CHUNK {blockData=conID: 1 locID: 102652565839741505 bcsId: 0} | ret=SUCCESS |  
2019-08-21 02:17:28,891 | INFO  | DNAudit | user=null | ip=null | op=WRITE_CHUNK {blockData=conID: 1 locID: 102652565839741505 bcsId: 0} | ret=SUCCESS |  
2019-08-21 02:17:28,900 | INFO  | DNAudit | user=null | ip=null | op=WRITE_CHUNK {blockData=conID: 1 locID: 102652565839741505 bcsId: 0} | ret=SUCCESS |  
2019-08-21 02:17:28,900 | INFO  | DNAudit | user=null | ip=null | op=PUT_BLOCK {blockData=[blockId=conID: 1 locID: 102652565839741505 bcsId: 0,size=1048576]} | ret=SUCCESS |  
2019-08-21 02:17:28,900 [grpc-default-executor-1] INFO  client.GrpcClientProtocolClient (GrpcClientProtocolClient.java:onNext(255)) - client-54CC064C3FCE->8224e767-71c1-41fc-a01a-d172d48fd9d8: receive RaftClientReply:client-54CC064C3FCE->8224e767-71c1-41fc-a01a-d172d48fd9d8@group-F6B37CC92441, cid=2336, SUCCESS, logIndex=3448, commits[8224e767-71c1-41fc-a01a-d172d48fd9d8:c3449, 6eae0c21-01aa-4169-956f-5952b26ea7ba:c3447, 8d7dcba1-3b82-4d94-a832-514ef5c79cf8:c3447]
2019-08-21 02:17:28,901 [grpc-default-executor-1] INFO  client.GrpcClientProtocolClient (GrpcClientProtocolClient.java:onNext(255)) - client-54CC064C3FCE->8224e767-71c1-41fc-a01a-d172d48fd9d8: receive RaftClientReply:client-54CC064C3FCE->8224e767-71c1-41fc-a01a-d172d48fd9d8@group-F6B37CC92441, cid=2337, SUCCESS, logIndex=3449, commits[8224e767-71c1-41fc-a01a-d172d48fd9d8:c3449, 6eae0c21-01aa-4169-956f-5952b26ea7ba:c3447, 8d7dcba1-3b82-4d94-a832-514ef5c79cf8:c3447]
2019-08-21 02:17:28,912 | INFO  | DNAudit | user=null | ip=null | op=WRITE_CHUNK {blockData=conID: 1 locID: 102652565839741505 bcsId: 0} | ret=SUCCESS |  
2019-08-21 02:17:28,913 | INFO  | DNAudit | user=null | ip=null | op=PUT_BLOCK {blockData=[blockId=conID: 1 locID: 102652565839741505 bcsId: 0,size=2097152]} | ret=SUCCESS |  
2019-08-21 02:17:28,913 [grpc-default-executor-2] INFO  client.GrpcClientProtocolClient (GrpcClientProtocolClient.java:onNext(255)) - client-54CC064C3FCE->8224e767-71c1-41fc-a01a-d172d48fd9d8: receive RaftClientReply:client-54CC064C3FCE->8224e767-71c1-41fc-a01a-d172d48fd9d8@group-F6B37CC92441, cid=2338, SUCCESS, logIndex=3450, commits[8224e767-71c1-41fc-a01a-d172d48fd9d8:c3451, 6eae0c21-01aa-4169-956f-5952b26ea7ba:c3447, 8d7dcba1-3b82-4d94-a832-514ef5c79cf8:c3447]
2019-08-21 02:17:28,913 [grpc-default-executor-2] INFO  client.GrpcClientProtocolClient (GrpcClientProtocolClient.java:onNext(255)) - client-54CC064C3FCE->8224e767-71c1-41fc-a01a-d172d48fd9d8: receive RaftClientReply:client-54CC064C3FCE->8224e767-71c1-41fc-a01a-d172d48fd9d8@group-F6B37CC92441, cid=2339, SUCCESS, logIndex=3451, commits[8224e767-71c1-41fc-a01a-d172d48fd9d8:c3451, 6eae0c21-01aa-4169-956f-5952b26ea7ba:c3447, 8d7dcba1-3b82-4d94-a832-514ef5c79cf8:c3447]
2019-08-21 02:17:28,925 | INFO  | DNAudit | user=null | ip=null | op=WRITE_CHUNK {blockData=conID: 1 locID: 102652565839741505 bcsId: 0} | ret=SUCCESS |  
2019-08-21 02:17:28,925 | INFO  | DNAudit | user=null | ip=null | op=WRITE_CHUNK {blockData=conID: 1 locID: 102652565839741505 bcsId: 0} | ret=SUCCESS |  
2019-08-21 02:17:28,925 | INFO  | DNAudit | user=null | ip=null | op=PUT_BLOCK {blockData=[blockId=conID: 1 locID: 102652565839741505 bcsId: 0,size=1048576]} | ret=SUCCESS |  
2019-08-21 02:17:28,925 | INFO  | DNAudit | user=null | ip=null | op=PUT_BLOCK {blockData=[blockId=conID: 1 locID: 102652565839741505 bcsId: 0,size=1048576]} | ret=SUCCESS |  
2019-08-21 02:17:28,925 [grpc-default-executor-1] INFO  client.GrpcClientProtocolClient (GrpcClientProtocolClient.java:onNext(255)) - client-54CC064C3FCE->8224e767-71c1-41fc-a01a-d172d48fd9d8: receive RaftClientReply:client-54CC064C3FCE->8224e767-71c1-41fc-a01a-d172d48fd9d8@group-F6B37CC92441, cid=2340, SUCCESS, logIndex=0, commits[8224e767-71c1-41fc-a01a-d172d48fd9d8:c3453, 6eae0c21-01aa-4169-956f-5952b26ea7ba:c3449, 8d7dcba1-3b82-4d94-a832-514ef5c79cf8:c3449]
2019-08-21 02:17:28,928 | INFO  | DNAudit | user=null | ip=null | op=WRITE_CHUNK {blockData=conID: 1 locID: 102652565839741505 bcsId: 0} | ret=SUCCESS |  
2019-08-21 02:17:28,928 | INFO  | DNAudit | user=null | ip=null | op=WRITE_CHUNK {blockData=conID: 1 locID: 102652565839741505 bcsId: 0} | ret=SUCCESS |  
2019-08-21 02:17:28,928 | INFO  | DNAudit | user=null | ip=null | op=PUT_BLOCK {blockData=[blockId=conID: 1 locID: 102652565839741505 bcsId: 0,size=2097152]} | ret=SUCCESS |  
2019-08-21 02:17:28,929 | INFO  | DNAudit | user=null | ip=null | op=PUT_BLOCK {blockData=[blockId=conID: 1 locID: 102652565839741505 bcsId: 0,size=2097152]} | ret=SUCCESS |  
2019-08-21 02:17:28,932 | INFO  | DNAudit | user=null | ip=null | op=WRITE_CHUNK {blockData=conID: 1 locID: 102652565839741505 bcsId: 3451} | ret=SUCCESS |  
2019-08-21 02:17:28,936 | INFO  | DNAudit | user=null | ip=null | op=WRITE_CHUNK {blockData=conID: 1 locID: 102652565839741505 bcsId: 3451} | ret=SUCCESS |  
2019-08-21 02:17:28,936 | INFO  | DNAudit | user=null | ip=null | op=WRITE_CHUNK {blockData=conID: 1 locID: 102652565839741505 bcsId: 3451} | ret=SUCCESS |  
2019-08-21 02:17:28,938 | INFO  | DNAudit | user=null | ip=null | op=WRITE_CHUNK {blockData=conID: 1 locID: 102652565839741505 bcsId: 3451} | ret=SUCCESS |  
2019-08-21 02:17:28,939 | INFO  | DNAudit | user=null | ip=null | op=PUT_BLOCK {blockData=[blockId=conID: 1 locID: 102652565839741505 bcsId: 0,size=3145728]} | ret=SUCCESS |  
2019-08-21 02:17:28,939 [grpc-default-executor-1] INFO  client.GrpcClientProtocolClient (GrpcClientProtocolClient.java:onNext(255)) - client-54CC064C3FCE->8224e767-71c1-41fc-a01a-d172d48fd9d8: receive RaftClientReply:client-54CC064C3FCE->8224e767-71c1-41fc-a01a-d172d48fd9d8@group-F6B37CC92441, cid=2341, SUCCESS, logIndex=3456, commits[8224e767-71c1-41fc-a01a-d172d48fd9d8:c3457, 6eae0c21-01aa-4169-956f-5952b26ea7ba:c3455, 8d7dcba1-3b82-4d94-a832-514ef5c79cf8:c3455]
2019-08-21 02:17:28,939 [grpc-default-executor-1] INFO  client.GrpcClientProtocolClient (GrpcClientProtocolClient.java:onNext(255)) - client-54CC064C3FCE->8224e767-71c1-41fc-a01a-d172d48fd9d8: receive RaftClientReply:client-54CC064C3FCE->8224e767-71c1-41fc-a01a-d172d48fd9d8@group-F6B37CC92441, cid=2342, SUCCESS, logIndex=3457, commits[8224e767-71c1-41fc-a01a-d172d48fd9d8:c3457, 6eae0c21-01aa-4169-956f-5952b26ea7ba:c3455, 8d7dcba1-3b82-4d94-a832-514ef5c79cf8:c3455]
2019-08-21 02:17:28,940 | INFO  | DNAudit | user=null | ip=null | op=WRITE_CHUNK {blockData=conID: 1 locID: 102652565839741505 bcsId: 3451} | ret=SUCCESS |  
2019-08-21 02:17:28,940 | INFO  | DNAudit | user=null | ip=null | op=WRITE_CHUNK {blockData=conID: 1 locID: 102652565839741505 bcsId: 3451} | ret=SUCCESS |  
2019-08-21 02:17:28,940 | INFO  | DNAudit | user=null | ip=null | op=PUT_BLOCK {blockData=[blockId=conID: 1 locID: 102652565839741505 bcsId: 0,size=3145728]} | ret=SUCCESS |  
2019-08-21 02:17:28,940 | INFO  | DNAudit | user=null | ip=null | op=PUT_BLOCK {blockData=[blockId=conID: 1 locID: 102652565839741505 bcsId: 0,size=3145728]} | ret=SUCCESS |  
2019-08-21 02:17:28,947 | INFO  | DNAudit | user=null | ip=null | op=WRITE_CHUNK {blockData=conID: 1 locID: 102652565839741505 bcsId: 3457} | ret=SUCCESS |  
2019-08-21 02:17:28,948 | INFO  | DNAudit | user=null | ip=null | op=WRITE_CHUNK {blockData=conID: 1 locID: 102652565839741505 bcsId: 3457} | ret=SUCCESS |  
2019-08-21 02:17:28,949 | INFO  | DNAudit | user=null | ip=null | op=WRITE_CHUNK {blockData=conID: 1 locID: 102652565839741505 bcsId: 3457} | ret=SUCCESS |  
2019-08-21 02:17:28,950 | INFO  | DNAudit | user=null | ip=null | op=WRITE_CHUNK {blockData=conID: 1 locID: 102652565839741505 bcsId: 3457} | ret=SUCCESS |  
2019-08-21 02:17:28,951 | INFO  | DNAudit | user=null | ip=null | op=PUT_BLOCK {blockData=[blockId=conID: 1 locID: 102652565839741505 bcsId: 0,size=4194304]} | ret=SUCCESS |  
2019-08-21 02:17:28,951 [grpc-default-executor-1] INFO  client.GrpcClientProtocolClient (GrpcClientProtocolClient.java:onNext(255)) - client-54CC064C3FCE->8224e767-71c1-41fc-a01a-d172d48fd9d8: receive RaftClientReply:client-54CC064C3FCE->8224e767-71c1-41fc-a01a-d172d48fd9d8@group-F6B37CC92441, cid=2343, SUCCESS, logIndex=3460, commits[8224e767-71c1-41fc-a01a-d172d48fd9d8:c3461, 6eae0c21-01aa-4169-956f-5952b26ea7ba:c3457, 8d7dcba1-3b82-4d94-a832-514ef5c79cf8:c3459]
2019-08-21 02:17:28,951 [grpc-default-executor-1] INFO  client.GrpcClientProtocolClient (GrpcClientProtocolClient.java:onNext(255)) - client-54CC064C3FCE->8224e767-71c1-41fc-a01a-d172d48fd9d8: receive RaftClientReply:client-54CC064C3FCE->8224e767-71c1-41fc-a01a-d172d48fd9d8@group-F6B37CC92441, cid=2344, SUCCESS, logIndex=3461, commits[8224e767-71c1-41fc-a01a-d172d48fd9d8:c3461, 6eae0c21-01aa-4169-956f-5952b26ea7ba:c3457, 8d7dcba1-3b82-4d94-a832-514ef5c79cf8:c3459]
2019-08-21 02:17:28,955 | INFO  | DNAudit | user=null | ip=null | op=WRITE_CHUNK {blockData=conID: 1 locID: 102652565839741505 bcsId: 3457} | ret=SUCCESS |  
2019-08-21 02:17:28,955 | INFO  | DNAudit | user=null | ip=null | op=WRITE_CHUNK {blockData=conID: 1 locID: 102652565839741505 bcsId: 3457} | ret=SUCCESS |  
2019-08-21 02:17:28,956 | INFO  | DNAudit | user=null | ip=null | op=PUT_BLOCK {blockData=[blockId=conID: 1 locID: 102652565839741505 bcsId: 0,size=4194304]} | ret=SUCCESS |  
2019-08-21 02:17:28,956 | INFO  | DNAudit | user=null | ip=null | op=PUT_BLOCK {blockData=[blockId=conID: 1 locID: 102652565839741505 bcsId: 0,size=4194304]} | ret=SUCCESS |  
2019-08-21 02:17:28,956 [grpc-default-executor-2] INFO  client.GrpcClientProtocolClient (GrpcClientProtocolClient.java:onNext(255)) - client-54CC064C3FCE->8224e767-71c1-41fc-a01a-d172d48fd9d8: receive RaftClientReply:client-54CC064C3FCE->8224e767-71c1-41fc-a01a-d172d48fd9d8@group-F6B37CC92441, cid=2345, SUCCESS, logIndex=0, commits[8224e767-71c1-41fc-a01a-d172d48fd9d8:c3462, 6eae0c21-01aa-4169-956f-5952b26ea7ba:c3461, 8d7dcba1-3b82-4d94-a832-514ef5c79cf8:c3461]
2019-08-21 02:17:28,961 | INFO  | SCMAudit | user=jenkins1000 | ip=192.168.34.10 | op=ALLOCATE_BLOCK {owner=b6f66289-f2a0-4058-b052-0a85e40df67b, size=4194304, type=RATIS, factor=THREE} | ret=SUCCESS |  
2019-08-21 02:17:28,964 | INFO  | OMAudit | user=jenkins1000 | ip=127.0.0.1 | op=ALLOCATE_BLOCK {volume=vol-0-90982, bucket=bucket-0-24269, key=key-0-81262, dataSize=0, replicationType=null, replicationFactor=null, keyLocationInfo=null, clientID=102652564580991378} | ret=SUCCESS |  
2019-08-21 02:17:28,971 | INFO  | DNAudit | user=null | ip=null | op=WRITE_CHUNK {blockData=conID: 2 locID: 102652565845508674 bcsId: 0} | ret=SUCCESS |  
2019-08-21 02:17:28,972 | INFO  | DNAudit | user=null | ip=null | op=WRITE_CHUNK {blockData=conID: 2 locID: 102652565845508674 bcsId: 0} | ret=SUCCESS |  
2019-08-21 02:17:28,973 | INFO  | DNAudit | user=null | ip=null | op=WRITE_CHUNK {blockData=conID: 2 locID: 102652565845508674 bcsId: 0} | ret=SUCCESS |  
2019-08-21 02:17:28,973 | INFO  | DNAudit | user=null | ip=null | op=WRITE_CHUNK {blockData=conID: 2 locID: 102652565845508674 bcsId: 0} | ret=SUCCESS |  
2019-08-21 02:17:28,975 | INFO  | DNAudit | user=null | ip=null | op=WRITE_CHUNK {blockData=conID: 2 locID: 102652565845508674 bcsId: 0} | ret=SUCCESS |  
2019-08-21 02:17:28,975 | INFO  | DNAudit | user=null | ip=null | op=PUT_BLOCK {blockData=[blockId=conID: 2 locID: 102652565845508674 bcsId: 0,size=1048576]} | ret=SUCCESS |  
2019-08-21 02:17:28,975 | INFO  | DNAudit | user=null | ip=null | op=WRITE_CHUNK {blockData=conID: 2 locID: 102652565845508674 bcsId: 0} | ret=SUCCESS |  
2019-08-21 02:17:28,976 | INFO  | DNAudit | user=null | ip=null | op=WRITE_CHUNK {blockData=conID: 2 locID: 102652565845508674 bcsId: 0} | ret=SUCCESS |  
2019-08-21 02:17:28,976 [grpc-default-executor-1] INFO  client.GrpcClientProtocolClient (GrpcClientProtocolClient.java:onNext(255)) - client-54CC064C3FCE->8224e767-71c1-41fc-a01a-d172d48fd9d8: receive RaftClientReply:client-54CC064C3FCE->8224e767-71c1-41fc-a01a-d172d48fd9d8@group-F6B37CC92441, cid=2346, SUCCESS, logIndex=3464, commits[8224e767-71c1-41fc-a01a-d172d48fd9d8:c3465, 6eae0c21-01aa-4169-956f-5952b26ea7ba:c3461, 8d7dcba1-3b82-4d94-a832-514ef5c79cf8:c3463]
2019-08-21 02:17:28,976 [grpc-default-executor-1] INFO  client.GrpcClientProtocolClient (GrpcClientProtocolClient.java:onNext(255)) - client-54CC064C3FCE->8224e767-71c1-41fc-a01a-d172d48fd9d8: receive RaftClientReply:client-54CC064C3FCE->8224e767-71c1-41fc-a01a-d172d48fd9d8@group-F6B37CC92441, cid=2347, SUCCESS, logIndex=3465, commits[8224e767-71c1-41fc-a01a-d172d48fd9d8:c3465, 6eae0c21-01aa-4169-956f-5952b26ea7ba:c3461, 8d7dcba1-3b82-4d94-a832-514ef5c79cf8:c3463]
2019-08-21 02:17:28,980 | INFO  | DNAudit | user=null | ip=null | op=WRITE_CHUNK {blockData=conID: 2 locID: 102652565845508674 bcsId: 0} | ret=SUCCESS |  
2019-08-21 02:17:28,981 | INFO  | DNAudit | user=null | ip=null | op=PUT_BLOCK {blockData=[blockId=conID: 2 locID: 102652565845508674 bcsId: 0,size=1048576]} | ret=SUCCESS |  
2019-08-21 02:17:28,981 | INFO  | DNAudit | user=null | ip=null | op=WRITE_CHUNK {blockData=conID: 2 locID: 102652565845508674 bcsId: 0} | ret=SUCCESS |  
2019-08-21 02:17:28,982 | INFO  | DNAudit | user=null | ip=null | op=PUT_BLOCK {blockData=[blockId=conID: 2 locID: 102652565845508674 bcsId: 0,size=2097152]} | ret=SUCCESS |  
2019-08-21 02:17:28,982 [grpc-default-executor-4] INFO  client.GrpcClientProtocolClient (GrpcClientProtocolClient.java:onNext(255)) - client-54CC064C3FCE->8224e767-71c1-41fc-a01a-d172d48fd9d8: receive RaftClientReply:client-54CC064C3FCE->8224e767-71c1-41fc-a01a-d172d48fd9d8@group-F6B37CC92441, cid=2348, SUCCESS, logIndex=3466, commits[8224e767-71c1-41fc-a01a-d172d48fd9d8:c3467, 6eae0c21-01aa-4169-956f-5952b26ea7ba:c3463, 8d7dcba1-3b82-4d94-a832-514ef5c79cf8:c3465]
2019-08-21 02:17:28,982 [grpc-default-executor-4] INFO  client.GrpcClientProtocolClient (GrpcClientProtocolClient.java:onNext(255)) - client-54CC064C3FCE->8224e767-71c1-41fc-a01a-d172d48fd9d8: receive RaftClientReply:client-54CC064C3FCE->8224e767-71c1-41fc-a01a-d172d48fd9d8@group-F6B37CC92441, cid=2349, SUCCESS, logIndex=3467, commits[8224e767-71c1-41fc-a01a-d172d48fd9d8:c3467, 6eae0c21-01aa-4169-956f-5952b26ea7ba:c3463, 8d7dcba1-3b82-4d94-a832-514ef5c79cf8:c3465]
2019-08-21 02:17:28,984 | INFO  | DNAudit | user=null | ip=null | op=WRITE_CHUNK {blockData=conID: 2 locID: 102652565845508674 bcsId: 0} | ret=SUCCESS |  
2019-08-21 02:17:28,984 | INFO  | DNAudit | user=null | ip=null | op=PUT_BLOCK {blockData=[blockId=conID: 2 locID: 102652565845508674 bcsId: 0,size=2097152]} | ret=SUCCESS |  
2019-08-21 02:17:28,986 | INFO  | DNAudit | user=null | ip=null | op=WRITE_CHUNK {blockData=conID: 2 locID: 102652565845508674 bcsId: 0} | ret=SUCCESS |  
2019-08-21 02:17:28,986 | INFO  | DNAudit | user=null | ip=null | op=PUT_BLOCK {blockData=[blockId=conID: 2 locID: 102652565845508674 bcsId: 0,size=1048576]} | ret=SUCCESS |  
2019-08-21 02:17:28,986 [grpc-default-executor-4] INFO  client.GrpcClientProtocolClient (GrpcClientProtocolClient.java:onNext(255)) - client-54CC064C3FCE->8224e767-71c1-41fc-a01a-d172d48fd9d8: receive RaftClientReply:client-54CC064C3FCE->8224e767-71c1-41fc-a01a-d172d48fd9d8@group-F6B37CC92441, cid=2350, SUCCESS, logIndex=0, commits[8224e767-71c1-41fc-a01a-d172d48fd9d8:c3469, 6eae0c21-01aa-4169-956f-5952b26ea7ba:c3465, 8d7dcba1-3b82-4d94-a832-514ef5c79cf8:c3467]
2019-08-21 02:17:28,988 | INFO  | DNAudit | user=null | ip=null | op=WRITE_CHUNK {blockData=conID: 2 locID: 102652565845508674 bcsId: 0} | ret=SUCCESS |  
2019-08-21 02:17:28,988 | INFO  | DNAudit | user=null | ip=null | op=PUT_BLOCK {blockData=[blockId=conID: 2 locID: 102652565845508674 bcsId: 0,size=2097152]} | ret=SUCCESS |  
2019-08-21 02:17:28,993 | INFO  | DNAudit | user=null | ip=null | op=WRITE_CHUNK {blockData=conID: 2 locID: 102652565845508674 bcsId: 3467} | ret=SUCCESS |  
2019-08-21 02:17:28,994 | INFO  | DNAudit | user=null | ip=null | op=WRITE_CHUNK {blockData=conID: 2 locID: 102652565845508674 bcsId: 3467} | ret=SUCCESS |  
2019-08-21 02:17:28,994 | INFO  | DNAudit | user=null | ip=null | op=WRITE_CHUNK {blockData=conID: 2 locID: 102652565845508674 bcsId: 3467} | ret=SUCCESS |  
2019-08-21 02:17:29,006 | INFO  | DNAudit | user=null | ip=null | op=WRITE_CHUNK {blockData=conID: 2 locID: 102652565845508674 bcsId: 3467} | ret=SUCCESS |  
2019-08-21 02:17:29,006 | INFO  | DNAudit | user=null | ip=null | op=PUT_BLOCK {blockData=[blockId=conID: 2 locID: 102652565845508674 bcsId: 0,size=3145728]} | ret=SUCCESS |  
2019-08-21 02:17:29,006 [grpc-default-executor-2] INFO  client.GrpcClientProtocolClient (GrpcClientProtocolClient.java:onNext(255)) - client-54CC064C3FCE->8224e767-71c1-41fc-a01a-d172d48fd9d8: receive RaftClientReply:client-54CC064C3FCE->8224e767-71c1-41fc-a01a-d172d48fd9d8@group-F6B37CC92441, cid=2351, SUCCESS, logIndex=3470, commits[8224e767-71c1-41fc-a01a-d172d48fd9d8:c3471, 6eae0c21-01aa-4169-956f-5952b26ea7ba:c3469, 8d7dcba1-3b82-4d94-a832-514ef5c79cf8:c3469]
2019-08-21 02:17:29,007 [grpc-default-executor-2] INFO  client.GrpcClientProtocolClient (GrpcClientProtocolClient.java:onNext(255)) - client-54CC064C3FCE->8224e767-71c1-41fc-a01a-d172d48fd9d8: receive RaftClientReply:client-54CC064C3FCE->8224e767-71c1-41fc-a01a-d172d48fd9d8@group-F6B37CC92441, cid=2352, SUCCESS, logIndex=3471, commits[8224e767-71c1-41fc-a01a-d172d48fd9d8:c3471, 6eae0c21-01aa-4169-956f-5952b26ea7ba:c3469, 8d7dcba1-3b82-4d94-a832-514ef5c79cf8:c3469]
2019-08-21 02:17:29,012 | INFO  | DNAudit | user=null | ip=null | op=WRITE_CHUNK {blockData=conID: 2 locID: 102652565845508674 bcsId: 3471} | ret=SUCCESS |  
2019-08-21 02:17:29,015 | INFO  | DNAudit | user=null | ip=null | op=WRITE_CHUNK {blockData=conID: 2 locID: 102652565845508674 bcsId: 3471} | ret=SUCCESS |  
2019-08-21 02:17:29,015 | INFO  | DNAudit | user=null | ip=null | op=WRITE_CHUNK {blockData=conID: 2 locID: 102652565845508674 bcsId: 3471} | ret=SUCCESS |  
2019-08-21 02:17:29,018 | INFO  | DNAudit | user=null | ip=null | op=WRITE_CHUNK {blockData=conID: 2 locID: 102652565845508674 bcsId: 3467} | ret=SUCCESS |  
2019-08-21 02:17:29,018 | INFO  | DNAudit | user=null | ip=null | op=WRITE_CHUNK {blockData=conID: 2 locID: 102652565845508674 bcsId: 3467} | ret=SUCCESS |  
2019-08-21 02:17:29,018 | INFO  | DNAudit | user=null | ip=null | op=PUT_BLOCK {blockData=[blockId=conID: 2 locID: 102652565845508674 bcsId: 0,size=3145728]} | ret=SUCCESS |  
2019-08-21 02:17:29,018 | INFO  | DNAudit | user=null | ip=null | op=PUT_BLOCK {blockData=[blockId=conID: 2 locID: 102652565845508674 bcsId: 0,size=3145728]} | ret=SUCCESS |  
2019-08-21 02:17:29,020 | INFO  | DNAudit | user=null | ip=null | op=WRITE_CHUNK {blockData=conID: 2 locID: 102652565845508674 bcsId: 3471} | ret=SUCCESS |  
2019-08-21 02:17:29,021 | INFO  | DNAudit | user=null | ip=null | op=PUT_BLOCK {blockData=[blockId=conID: 2 locID: 102652565845508674 bcsId: 0,size=4194304]} | ret=SUCCESS |  
2019-08-21 02:17:29,021 [grpc-default-executor-1] INFO  client.GrpcClientProtocolClient (GrpcClientProtocolClient.java:onNext(255)) - client-54CC064C3FCE->8224e767-71c1-41fc-a01a-d172d48fd9d8: receive RaftClientReply:client-54CC064C3FCE->8224e767-71c1-41fc-a01a-d172d48fd9d8@group-F6B37CC92441, cid=2353, SUCCESS, logIndex=3474, commits[8224e767-71c1-41fc-a01a-d172d48fd9d8:c3475, 6eae0c21-01aa-4169-956f-5952b26ea7ba:c3471, 8d7dcba1-3b82-4d94-a832-514ef5c79cf8:c3471]
2019-08-21 02:17:29,021 [grpc-default-executor-1] INFO  client.GrpcClientProtocolClient (GrpcClientProtocolClient.java:onNext(255)) - client-54CC064C3FCE->8224e767-71c1-41fc-a01a-d172d48fd9d8: receive RaftClientReply:client-54CC064C3FCE->8224e767-71c1-41fc-a01a-d172d48fd9d8@group-F6B37CC92441, cid=2354, SUCCESS, logIndex=3475, commits[8224e767-71c1-41fc-a01a-d172d48fd9d8:c3475, 6eae0c21-01aa-4169-956f-5952b26ea7ba:c3471, 8d7dcba1-3b82-4d94-a832-514ef5c79cf8:c3471]
2019-08-21 02:17:29,044 | INFO  | DNAudit | user=null | ip=null | op=WRITE_CHUNK {blockData=conID: 2 locID: 102652565845508674 bcsId: 3471} | ret=SUCCESS |  
2019-08-21 02:17:29,045 | INFO  | DNAudit | user=null | ip=null | op=WRITE_CHUNK {blockData=conID: 2 locID: 102652565845508674 bcsId: 3471} | ret=SUCCESS |  
2019-08-21 02:17:29,045 | INFO  | DNAudit | user=null | ip=null | op=PUT_BLOCK {blockData=[blockId=conID: 2 locID: 102652565845508674 bcsId: 0,size=4194304]} | ret=SUCCESS |  
2019-08-21 02:17:29,047 | INFO  | DNAudit | user=null | ip=null | op=PUT_BLOCK {blockData=[blockId=conID: 2 locID: 102652565845508674 bcsId: 0,size=4194304]} | ret=SUCCESS |  
2019-08-21 02:17:29,048 [grpc-default-executor-1] INFO  client.GrpcClientProtocolClient (GrpcClientProtocolClient.java:onNext(255)) - client-54CC064C3FCE->8224e767-71c1-41fc-a01a-d172d48fd9d8: receive RaftClientReply:client-54CC064C3FCE->8224e767-71c1-41fc-a01a-d172d48fd9d8@group-F6B37CC92441, cid=2355, SUCCESS, logIndex=0, commits[8224e767-71c1-41fc-a01a-d172d48fd9d8:c3477, 6eae0c21-01aa-4169-956f-5952b26ea7ba:c3475, 8d7dcba1-3b82-4d94-a832-514ef5c79cf8:c3475]
2019-08-21 02:17:29,054 | INFO  | SCMAudit | user=jenkins1000 | ip=192.168.34.10 | op=ALLOCATE_BLOCK {owner=b6f66289-f2a0-4058-b052-0a85e40df67b, size=4194304, type=RATIS, factor=THREE} | ret=SUCCESS |  
2019-08-21 02:17:29,057 | INFO  | OMAudit | user=jenkins1000 | ip=127.0.0.1 | op=ALLOCATE_BLOCK {volume=vol-0-90982, bucket=bucket-0-24269, key=key-0-81262, dataSize=0, replicationType=null, replicationFactor=null, keyLocationInfo=null, clientID=102652564580991378} | ret=SUCCESS |  
2019-08-21 02:17:29,063 | INFO  | DNAudit | user=null | ip=null | op=WRITE_CHUNK {blockData=conID: 3 locID: 102652565851537987 bcsId: 0} | ret=SUCCESS |  
2019-08-21 02:17:29,065 | INFO  | DNAudit | user=null | ip=null | op=WRITE_CHUNK {blockData=conID: 3 locID: 102652565851537987 bcsId: 0} | ret=SUCCESS |  
2019-08-21 02:17:29,066 | INFO  | DNAudit | user=null | ip=null | op=WRITE_CHUNK {blockData=conID: 3 locID: 102652565851537987 bcsId: 0} | ret=SUCCESS |  
2019-08-21 02:17:29,066 | INFO  | DNAudit | user=null | ip=null | op=WRITE_CHUNK {blockData=conID: 3 locID: 102652565851537987 bcsId: 0} | ret=SUCCESS |  
2019-08-21 02:17:29,068 | INFO  | DNAudit | user=null | ip=null | op=WRITE_CHUNK {blockData=conID: 3 locID: 102652565851537987 bcsId: 0} | ret=SUCCESS |  
2019-08-21 02:17:29,068 | INFO  | DNAudit | user=null | ip=null | op=WRITE_CHUNK {blockData=conID: 3 locID: 102652565851537987 bcsId: 0} | ret=SUCCESS |  
2019-08-21 02:17:29,077 | INFO  | DNAudit | user=null | ip=null | op=WRITE_CHUNK {blockData=conID: 3 locID: 102652565851537987 bcsId: 0} | ret=SUCCESS |  
2019-08-21 02:17:29,077 | INFO  | DNAudit | user=null | ip=null | op=PUT_BLOCK {blockData=[blockId=conID: 3 locID: 102652565851537987 bcsId: 0,size=1048576]} | ret=SUCCESS |  
2019-08-21 02:17:29,077 [grpc-default-executor-3] INFO  client.GrpcClientProtocolClient (GrpcClientProtocolClient.java:onNext(255)) - client-54CC064C3FCE->8224e767-71c1-41fc-a01a-d172d48fd9d8: receive RaftClientReply:client-54CC064C3FCE->8224e767-71c1-41fc-a01a-d172d48fd9d8@group-F6B37CC92441, cid=2356, SUCCESS, logIndex=3478, commits[8224e767-71c1-41fc-a01a-d172d48fd9d8:c3479, 6eae0c21-01aa-4169-956f-5952b26ea7ba:c3477, 8d7dcba1-3b82-4d94-a832-514ef5c79cf8:c3477]
2019-08-21 02:17:29,078 [grpc-default-executor-3] INFO  client.GrpcClientProtocolClient (GrpcClientProtocolClient.java:onNext(255)) - client-54CC064C3FCE->8224e767-71c1-41fc-a01a-d172d48fd9d8: receive RaftClientReply:client-54CC064C3FCE->8224e767-71c1-41fc-a01a-d172d48fd9d8@group-F6B37CC92441, cid=2357, SUCCESS, logIndex=3479, commits[8224e767-71c1-41fc-a01a-d172d48fd9d8:c3479, 6eae0c21-01aa-4169-956f-5952b26ea7ba:c3477, 8d7dcba1-3b82-4d94-a832-514ef5c79cf8:c3477]
2019-08-21 02:17:29,078 | INFO  | DNAudit | user=null | ip=null | op=WRITE_CHUNK {blockData=conID: 3 locID: 102652565851537987 bcsId: 0} | ret=SUCCESS |  
2019-08-21 02:17:29,079 | INFO  | DNAudit | user=null | ip=null | op=PUT_BLOCK {blockData=[blockId=conID: 3 locID: 102652565851537987 bcsId: 0,size=2097152]} | ret=SUCCESS |  
2019-08-21 02:17:29,079 [grpc-default-executor-4] INFO  client.GrpcClientProtocolClient (GrpcClientProtocolClient.java:onNext(255)) - client-54CC064C3FCE->8224e767-71c1-41fc-a01a-d172d48fd9d8: receive RaftClientReply:client-54CC064C3FCE->8224e767-71c1-41fc-a01a-d172d48fd9d8@group-F6B37CC92441, cid=2358, SUCCESS, logIndex=3480, commits[8224e767-71c1-41fc-a01a-d172d48fd9d8:c3480, 6eae0c21-01aa-4169-956f-5952b26ea7ba:c3477, 8d7dcba1-3b82-4d94-a832-514ef5c79cf8:c3477]
2019-08-21 02:17:29,079 [grpc-default-executor-4] INFO  client.GrpcClientProtocolClient (GrpcClientProtocolClient.java:onNext(255)) - client-54CC064C3FCE->8224e767-71c1-41fc-a01a-d172d48fd9d8: receive RaftClientReply:client-54CC064C3FCE->8224e767-71c1-41fc-a01a-d172d48fd9d8@group-F6B37CC92441, cid=2359, SUCCESS, logIndex=3481, commits[8224e767-71c1-41fc-a01a-d172d48fd9d8:c3481, 6eae0c21-01aa-4169-956f-5952b26ea7ba:c3477, 8d7dcba1-3b82-4d94-a832-514ef5c79cf8:c3477]
2019-08-21 02:17:29,091 | INFO  | DNAudit | user=null | ip=null | op=WRITE_CHUNK {blockData=conID: 3 locID: 102652565851537987 bcsId: 0} | ret=SUCCESS |  
2019-08-21 02:17:29,091 | INFO  | DNAudit | user=null | ip=null | op=WRITE_CHUNK {blockData=conID: 3 locID: 102652565851537987 bcsId: 0} | ret=SUCCESS |  
2019-08-21 02:17:29,091 | INFO  | DNAudit | user=null | ip=null | op=PUT_BLOCK {blockData=[blockId=conID: 3 locID: 102652565851537987 bcsId: 0,size=1048576]} | ret=SUCCESS |  
2019-08-21 02:17:29,091 | INFO  | DNAudit | user=null | ip=null | op=PUT_BLOCK {blockData=[blockId=conID: 3 locID: 102652565851537987 bcsId: 0,size=1048576]} | ret=SUCCESS |  
2019-08-21 02:17:29,092 [grpc-default-executor-4] INFO  client.GrpcClientProtocolClient (GrpcClientProtocolClient.java:onNext(255)) - client-54CC064C3FCE->8224e767-71c1-41fc-a01a-d172d48fd9d8: receive RaftClientReply:client-54CC064C3FCE->8224e767-71c1-41fc-a01a-d172d48fd9d8@group-F6B37CC92441, cid=2360, SUCCESS, logIndex=0, commits[8224e767-71c1-41fc-a01a-d172d48fd9d8:c3483, 6eae0c21-01aa-4169-956f-5952b26ea7ba:c3479, 8d7dcba1-3b82-4d94-a832-514ef5c79cf8:c3479]
2019-08-21 02:17:29,098 | INFO  | DNAudit | user=null | ip=null | op=WRITE_CHUNK {blockData=conID: 3 locID: 102652565851537987 bcsId: 3481} | ret=SUCCESS |  
2019-08-21 02:17:29,099 | INFO  | SCMAudit | user=jenkins1000 | ip=192.168.34.10 | op=SEND_HEARTBEAT {datanodeUUID=3def7c30-cb13-4f41-8119-6188f246ad27, command=[]} | ret=SUCCESS |  
2019-08-21 02:17:29,099 | INFO  | SCMAudit | user=jenkins1000 | ip=192.168.34.10 | op=SEND_HEARTBEAT {datanodeUUID=94764dae-819c-4b7e-92f1-9cd6c64427b7, command=[]} | ret=SUCCESS |  
 0.00% |█                                                                                                    |  0/1 Time: 0:00:192019-08-21 02:17:29,100 | INFO  | DNAudit | user=null | ip=null | op=WRITE_CHUNK {blockData=conID: 3 locID: 102652565851537987 bcsId: 3481} | ret=SUCCESS |  
2019-08-21 02:17:29,101 | INFO  | DNAudit | user=null | ip=null | op=WRITE_CHUNK {blockData=conID: 3 locID: 102652565851537987 bcsId: 3481} | ret=SUCCESS |  
2019-08-21 02:17:29,104 | INFO  | DNAudit | user=null | ip=null | op=WRITE_CHUNK {blockData=conID: 3 locID: 102652565851537987 bcsId: 0} | ret=SUCCESS |  
2019-08-21 02:17:29,104 | INFO  | DNAudit | user=null | ip=null | op=WRITE_CHUNK {blockData=conID: 3 locID: 102652565851537987 bcsId: 0} | ret=SUCCESS |  
2019-08-21 02:17:29,104 | INFO  | DNAudit | user=null | ip=null | op=PUT_BLOCK {blockData=[blockId=conID: 3 locID: 102652565851537987 bcsId: 0,size=2097152]} | ret=SUCCESS |  
2019-08-21 02:17:29,104 | INFO  | DNAudit | user=null | ip=null | op=PUT_BLOCK {blockData=[blockId=conID: 3 locID: 102652565851537987 bcsId: 0,size=2097152]} | ret=SUCCESS |  
2019-08-21 02:17:29,105 | INFO  | SCMAudit | user=jenkins1000 | ip=192.168.34.10 | op=SEND_HEARTBEAT {datanodeUUID=6eae0c21-01aa-4169-956f-5952b26ea7ba, command=[]} | ret=SUCCESS |  
2019-08-21 02:17:29,105 | INFO  | SCMAudit | user=jenkins1000 | ip=192.168.34.10 | op=SEND_HEARTBEAT {datanodeUUID=8224e767-71c1-41fc-a01a-d172d48fd9d8, command=[]} | ret=SUCCESS |  
2019-08-21 02:17:29,105 | INFO  | SCMAudit | user=jenkins1000 | ip=192.168.34.10 | op=SEND_HEARTBEAT {datanodeUUID=8d7dcba1-3b82-4d94-a832-514ef5c79cf8, command=[]} | ret=SUCCESS |  
2019-08-21 02:17:29,117 | INFO  | DNAudit | user=null | ip=null | op=WRITE_CHUNK {blockData=conID: 3 locID: 102652565851537987 bcsId: 3481} | ret=SUCCESS |  
2019-08-21 02:17:29,118 | INFO  | DNAudit | user=null | ip=null | op=PUT_BLOCK {blockData=[blockId=conID: 3 locID: 102652565851537987 bcsId: 0,size=3145728]} | ret=SUCCESS |  
2019-08-21 02:17:29,118 [grpc-default-executor-2] INFO  client.GrpcClientProtocolClient (GrpcClientProtocolClient.java:onNext(255)) - client-54CC064C3FCE->8224e767-71c1-41fc-a01a-d172d48fd9d8: receive RaftClientReply:client-54CC064C3FCE->8224e767-71c1-41fc-a01a-d172d48fd9d8@group-F6B37CC92441, cid=2361, SUCCESS, logIndex=3486, commits[8224e767-71c1-41fc-a01a-d172d48fd9d8:c3487, 6eae0c21-01aa-4169-956f-5952b26ea7ba:c3483, 8d7dcba1-3b82-4d94-a832-514ef5c79cf8:c3483]
2019-08-21 02:17:29,118 [grpc-default-executor-2] INFO  client.GrpcClientProtocolClient (GrpcClientProtocolClient.java:onNext(255)) - client-54CC064C3FCE->8224e767-71c1-41fc-a01a-d172d48fd9d8: receive RaftClientReply:client-54CC064C3FCE->8224e767-71c1-41fc-a01a-d172d48fd9d8@group-F6B37CC92441, cid=2362, SUCCESS, logIndex=3487, commits[8224e767-71c1-41fc-a01a-d172d48fd9d8:c3487, 6eae0c21-01aa-4169-956f-5952b26ea7ba:c3483, 8d7dcba1-3b82-4d94-a832-514ef5c79cf8:c3483]
2019-08-21 02:17:29,125 | INFO  | DNAudit | user=null | ip=null | op=WRITE_CHUNK {blockData=conID: 3 locID: 102652565851537987 bcsId: 3487} | ret=SUCCESS |  
2019-08-21 02:17:29,127 | INFO  | DNAudit | user=null | ip=null | op=WRITE_CHUNK {blockData=conID: 3 locID: 102652565851537987 bcsId: 3487} | ret=SUCCESS |  
2019-08-21 02:17:29,127 | INFO  | DNAudit | user=null | ip=null | op=WRITE_CHUNK {blockData=conID: 3 locID: 102652565851537987 bcsId: 3487} | ret=SUCCESS |  
2019-08-21 02:17:29,131 | INFO  | DNAudit | user=null | ip=null | op=WRITE_CHUNK {blockData=conID: 3 locID: 102652565851537987 bcsId: 3481} | ret=SUCCESS |  
2019-08-21 02:17:29,131 | INFO  | DNAudit | user=null | ip=null | op=WRITE_CHUNK {blockData=conID: 3 locID: 102652565851537987 bcsId: 3481} | ret=SUCCESS |  
2019-08-21 02:17:29,142 | INFO  | DNAudit | user=null | ip=null | op=PUT_BLOCK {blockData=[blockId=conID: 3 locID: 102652565851537987 bcsId: 0,size=3145728]} | ret=SUCCESS |  
2019-08-21 02:17:29,142 | INFO  | DNAudit | user=null | ip=null | op=PUT_BLOCK {blockData=[blockId=conID: 3 locID: 102652565851537987 bcsId: 0,size=3145728]} | ret=SUCCESS |  
2019-08-21 02:17:29,143 | INFO  | DNAudit | user=null | ip=null | op=WRITE_CHUNK {blockData=conID: 3 locID: 102652565851537987 bcsId: 3487} | ret=SUCCESS |  
2019-08-21 02:17:29,144 | INFO  | DNAudit | user=null | ip=null | op=PUT_BLOCK {blockData=[blockId=conID: 3 locID: 102652565851537987 bcsId: 0,size=4194304]} | ret=SUCCESS |  
2019-08-21 02:17:29,144 [grpc-default-executor-4] INFO  client.GrpcClientProtocolClient (GrpcClientProtocolClient.java:onNext(255)) - client-54CC064C3FCE->8224e767-71c1-41fc-a01a-d172d48fd9d8: receive RaftClientReply:client-54CC064C3FCE->8224e767-71c1-41fc-a01a-d172d48fd9d8@group-F6B37CC92441, cid=2363, SUCCESS, logIndex=3490, commits[8224e767-71c1-41fc-a01a-d172d48fd9d8:c3491, 6eae0c21-01aa-4169-956f-5952b26ea7ba:c3487, 8d7dcba1-3b82-4d94-a832-514ef5c79cf8:c3487]
2019-08-21 02:17:29,144 [grpc-default-executor-4] INFO  client.GrpcClientProtocolClient (GrpcClientProtocolClient.java:onNext(255)) - client-54CC064C3FCE->8224e767-71c1-41fc-a01a-d172d48fd9d8: receive RaftClientReply:client-54CC064C3FCE->8224e767-71c1-41fc-a01a-d172d48fd9d8@group-F6B37CC92441, cid=2364, SUCCESS, logIndex=3491, commits[8224e767-71c1-41fc-a01a-d172d48fd9d8:c3491, 6eae0c21-01aa-4169-956f-5952b26ea7ba:c3487, 8d7dcba1-3b82-4d94-a832-514ef5c79cf8:c3487]
2019-08-21 02:17:29,156 | INFO  | DNAudit | user=null | ip=null | op=WRITE_CHUNK {blockData=conID: 3 locID: 102652565851537987 bcsId: 3487} | ret=SUCCESS |  
2019-08-21 02:17:29,156 | INFO  | DNAudit | user=null | ip=null | op=WRITE_CHUNK {blockData=conID: 3 locID: 102652565851537987 bcsId: 3487} | ret=SUCCESS |  
2019-08-21 02:17:29,169 | INFO  | DNAudit | user=null | ip=null | op=PUT_BLOCK {blockData=[blockId=conID: 3 locID: 102652565851537987 bcsId: 0,size=4194304]} | ret=SUCCESS |  
2019-08-21 02:17:29,169 | INFO  | DNAudit | user=null | ip=null | op=PUT_BLOCK {blockData=[blockId=conID: 3 locID: 102652565851537987 bcsId: 0,size=4194304]} | ret=SUCCESS |  
2019-08-21 02:17:29,170 [grpc-default-executor-4] INFO  client.GrpcClientProtocolClient (GrpcClientProtocolClient.java:onNext(255)) - client-54CC064C3FCE->8224e767-71c1-41fc-a01a-d172d48fd9d8: receive RaftClientReply:client-54CC064C3FCE->8224e767-71c1-41fc-a01a-d172d48fd9d8@group-F6B37CC92441, cid=2365, SUCCESS, logIndex=0, commits[8224e767-71c1-41fc-a01a-d172d48fd9d8:c3492, 6eae0c21-01aa-4169-956f-5952b26ea7ba:c3491, 8d7dcba1-3b82-4d94-a832-514ef5c79cf8:c3491]
2019-08-21 02:17:29,174 | INFO  | SCMAudit | user=jenkins1000 | ip=192.168.34.10 | op=ALLOCATE_BLOCK {owner=b6f66289-f2a0-4058-b052-0a85e40df67b, size=4194304, type=RATIS, factor=THREE} | ret=SUCCESS |  
2019-08-21 02:17:29,176 | INFO  | OMAudit | user=jenkins1000 | ip=127.0.0.1 | op=ALLOCATE_BLOCK {volume=vol-0-90982, bucket=bucket-0-24269, key=key-0-81262, dataSize=0, replicationType=null, replicationFactor=null, keyLocationInfo=null, clientID=102652564580991378} | ret=SUCCESS |  
2019-08-21 02:17:29,183 | INFO  | DNAudit | user=null | ip=null | op=WRITE_CHUNK {blockData=conID: 1 locID: 102652565859467844 bcsId: 0} | ret=SUCCESS |  
2019-08-21 02:17:29,187 | INFO  | DNAudit | user=null | ip=null | op=WRITE_CHUNK {blockData=conID: 1 locID: 102652565859467844 bcsId: 0} | ret=SUCCESS |  
2019-08-21 02:17:29,188 | INFO  | DNAudit | user=null | ip=null | op=WRITE_CHUNK {blockData=conID: 1 locID: 102652565859467844 bcsId: 0} | ret=SUCCESS |  
2019-08-21 02:17:29,188 | INFO  | DNAudit | user=null | ip=null | op=WRITE_CHUNK {blockData=conID: 1 locID: 102652565859467844 bcsId: 0} | ret=SUCCESS |  
2019-08-21 02:17:29,188 | INFO  | DNAudit | user=null | ip=null | op=WRITE_CHUNK {blockData=conID: 1 locID: 102652565859467844 bcsId: 0} | ret=SUCCESS |  
2019-08-21 02:17:29,189 | INFO  | DNAudit | user=null | ip=null | op=WRITE_CHUNK {blockData=conID: 1 locID: 102652565859467844 bcsId: 0} | ret=SUCCESS |  
2019-08-21 02:17:29,198 | INFO  | DNAudit | user=null | ip=null | op=WRITE_CHUNK {blockData=conID: 1 locID: 102652565859467844 bcsId: 0} | ret=SUCCESS |  
2019-08-21 02:17:29,198 | INFO  | DNAudit | user=null | ip=null | op=PUT_BLOCK {blockData=[blockId=conID: 1 locID: 102652565859467844 bcsId: 0,size=1048576]} | ret=SUCCESS |  
2019-08-21 02:17:29,198 [grpc-default-executor-4] INFO  client.GrpcClientProtocolClient (GrpcClientProtocolClient.java:onNext(255)) - client-54CC064C3FCE->8224e767-71c1-41fc-a01a-d172d48fd9d8: receive RaftClientReply:client-54CC064C3FCE->8224e767-71c1-41fc-a01a-d172d48fd9d8@group-F6B37CC92441, cid=2366, SUCCESS, logIndex=3494, commits[8224e767-71c1-41fc-a01a-d172d48fd9d8:c3495, 6eae0c21-01aa-4169-956f-5952b26ea7ba:c3493, 8d7dcba1-3b82-4d94-a832-514ef5c79cf8:c3493]
2019-08-21 02:17:29,199 [grpc-default-executor-4] INFO  client.GrpcClientProtocolClient (GrpcClientProtocolClient.java:onNext(255)) - client-54CC064C3FCE->8224e767-71c1-41fc-a01a-d172d48fd9d8: receive RaftClientReply:client-54CC064C3FCE->8224e767-71c1-41fc-a01a-d172d48fd9d8@group-F6B37CC92441, cid=2367, SUCCESS, logIndex=3495, commits[8224e767-71c1-41fc-a01a-d172d48fd9d8:c3495, 6eae0c21-01aa-4169-956f-5952b26ea7ba:c3493, 8d7dcba1-3b82-4d94-a832-514ef5c79cf8:c3493]
2019-08-21 02:17:29,207 | INFO  | DNAudit | user=null | ip=null | op=WRITE_CHUNK {blockData=conID: 1 locID: 102652565859467844 bcsId: 0} | ret=SUCCESS |  
2019-08-21 02:17:29,207 | INFO  | DNAudit | user=null | ip=null | op=PUT_BLOCK {blockData=[blockId=conID: 1 locID: 102652565859467844 bcsId: 0,size=2097152]} | ret=SUCCESS |  
2019-08-21 02:17:29,208 [grpc-default-executor-4] INFO  client.GrpcClientProtocolClient (GrpcClientProtocolClient.java:onNext(255)) - client-54CC064C3FCE->8224e767-71c1-41fc-a01a-d172d48fd9d8: receive RaftClientReply:client-54CC064C3FCE->8224e767-71c1-41fc-a01a-d172d48fd9d8@group-F6B37CC92441, cid=2368, SUCCESS, logIndex=3496, commits[8224e767-71c1-41fc-a01a-d172d48fd9d8:c3497, 6eae0c21-01aa-4169-956f-5952b26ea7ba:c3493, 8d7dcba1-3b82-4d94-a832-514ef5c79cf8:c3493]
2019-08-21 02:17:29,208 [grpc-default-executor-4] INFO  client.GrpcClientProtocolClient (GrpcClientProtocolClient.java:onNext(255)) - client-54CC064C3FCE->8224e767-71c1-41fc-a01a-d172d48fd9d8: receive RaftClientReply:client-54CC064C3FCE->8224e767-71c1-41fc-a01a-d172d48fd9d8@group-F6B37CC92441, cid=2369, SUCCESS, logIndex=3497, commits[8224e767-71c1-41fc-a01a-d172d48fd9d8:c3497, 6eae0c21-01aa-4169-956f-5952b26ea7ba:c3493, 8d7dcba1-3b82-4d94-a832-514ef5c79cf8:c3493]
2019-08-21 02:17:29,210 | INFO  | DNAudit | user=null | ip=null | op=WRITE_CHUNK {blockData=conID: 1 locID: 102652565859467844 bcsId: 0} | ret=SUCCESS |  
2019-08-21 02:17:29,210 | INFO  | DNAudit | user=null | ip=null | op=WRITE_CHUNK {blockData=conID: 1 locID: 102652565859467844 bcsId: 0} | ret=SUCCESS |  
2019-08-21 02:17:29,210 | INFO  | DNAudit | user=null | ip=null | op=PUT_BLOCK {blockData=[blockId=conID: 1 locID: 102652565859467844 bcsId: 0,size=1048576]} | ret=SUCCESS |  
2019-08-21 02:17:29,213 | INFO  | DNAudit | user=null | ip=null | op=PUT_BLOCK {blockData=[blockId=conID: 1 locID: 102652565859467844 bcsId: 0,size=1048576]} | ret=SUCCESS |  
2019-08-21 02:17:29,214 [grpc-default-executor-4] INFO  client.GrpcClientProtocolClient (GrpcClientProtocolClient.java:onNext(255)) - client-54CC064C3FCE->8224e767-71c1-41fc-a01a-d172d48fd9d8: receive RaftClientReply:client-54CC064C3FCE->8224e767-71c1-41fc-a01a-d172d48fd9d8@group-F6B37CC92441, cid=2370, SUCCESS, logIndex=0, commits[8224e767-71c1-41fc-a01a-d172d48fd9d8:c3500, 6eae0c21-01aa-4169-956f-5952b26ea7ba:c3495, 8d7dcba1-3b82-4d94-a832-514ef5c79cf8:c3495]
2019-08-21 02:17:29,220 | INFO  | DNAudit | user=null | ip=null | op=WRITE_CHUNK {blockData=conID: 1 locID: 102652565859467844 bcsId: 3497} | ret=SUCCESS |  
2019-08-21 02:17:29,223 | INFO  | DNAudit | user=null | ip=null | op=WRITE_CHUNK {blockData=conID: 1 locID: 102652565859467844 bcsId: 3497} | ret=SUCCESS |  
2019-08-21 02:17:29,223 | INFO  | DNAudit | user=null | ip=null | op=WRITE_CHUNK {blockData=conID: 1 locID: 102652565859467844 bcsId: 3497} | ret=SUCCESS |  
2019-08-21 02:17:29,242 | INFO  | DNAudit | user=null | ip=null | op=WRITE_CHUNK {blockData=conID: 1 locID: 102652565859467844 bcsId: 0} | ret=SUCCESS |  
2019-08-21 02:17:29,242 | INFO  | DNAudit | user=null | ip=null | op=PUT_BLOCK {blockData=[blockId=conID: 1 locID: 102652565859467844 bcsId: 0,size=2097152]} | ret=SUCCESS |  
2019-08-21 02:17:29,242 | INFO  | DNAudit | user=null | ip=null | op=WRITE_CHUNK {blockData=conID: 1 locID: 102652565859467844 bcsId: 3497} | ret=SUCCESS |  
2019-08-21 02:17:29,243 | INFO  | DNAudit | user=null | ip=null | op=WRITE_CHUNK {blockData=conID: 1 locID: 102652565859467844 bcsId: 0} | ret=SUCCESS |  
2019-08-21 02:17:29,243 | INFO  | DNAudit | user=null | ip=null | op=PUT_BLOCK {blockData=[blockId=conID: 1 locID: 102652565859467844 bcsId: 0,size=3145728]} | ret=SUCCESS |  
2019-08-21 02:17:29,243 | INFO  | DNAudit | user=null | ip=null | op=PUT_BLOCK {blockData=[blockId=conID: 1 locID: 102652565859467844 bcsId: 0,size=2097152]} | ret=SUCCESS |  
2019-08-21 02:17:29,243 [grpc-default-executor-2] INFO  client.GrpcClientProtocolClient (GrpcClientProtocolClient.java:onNext(255)) - client-54CC064C3FCE->8224e767-71c1-41fc-a01a-d172d48fd9d8: receive RaftClientReply:client-54CC064C3FCE->8224e767-71c1-41fc-a01a-d172d48fd9d8@group-F6B37CC92441, cid=2371, SUCCESS, logIndex=3502, commits[8224e767-71c1-41fc-a01a-d172d48fd9d8:c3503, 6eae0c21-01aa-4169-956f-5952b26ea7ba:c3501, 8d7dcba1-3b82-4d94-a832-514ef5c79cf8:c3495]
2019-08-21 02:17:29,243 [grpc-default-executor-2] INFO  client.GrpcClientProtocolClient (GrpcClientProtocolClient.java:onNext(255)) - client-54CC064C3FCE->8224e767-71c1-41fc-a01a-d172d48fd9d8: receive RaftClientReply:client-54CC064C3FCE->8224e767-71c1-41fc-a01a-d172d48fd9d8@group-F6B37CC92441, cid=2372, SUCCESS, logIndex=3503, commits[8224e767-71c1-41fc-a01a-d172d48fd9d8:c3503, 6eae0c21-01aa-4169-956f-5952b26ea7ba:c3501, 8d7dcba1-3b82-4d94-a832-514ef5c79cf8:c3501]
2019-08-21 02:17:29,244 | INFO  | DNAudit | user=null | ip=null | op=WRITE_CHUNK {blockData=conID: 1 locID: 102652565859467844 bcsId: 3497} | ret=SUCCESS |  
2019-08-21 02:17:29,244 | INFO  | DNAudit | user=null | ip=null | op=WRITE_CHUNK {blockData=conID: 1 locID: 102652565859467844 bcsId: 3497} | ret=SUCCESS |  
2019-08-21 02:17:29,244 | INFO  | DNAudit | user=null | ip=null | op=PUT_BLOCK {blockData=[blockId=conID: 1 locID: 102652565859467844 bcsId: 0,size=3145728]} | ret=SUCCESS |  
2019-08-21 02:17:29,244 | INFO  | DNAudit | user=null | ip=null | op=PUT_BLOCK {blockData=[blockId=conID: 1 locID: 102652565859467844 bcsId: 0,size=3145728]} | ret=SUCCESS |  
2019-08-21 02:17:29,249 | INFO  | DNAudit | user=null | ip=null | op=WRITE_CHUNK {blockData=conID: 1 locID: 102652565859467844 bcsId: 3503} | ret=SUCCESS |  
2019-08-21 02:17:29,252 | INFO  | DNAudit | user=null | ip=null | op=WRITE_CHUNK {blockData=conID: 1 locID: 102652565859467844 bcsId: 3503} | ret=SUCCESS |  
2019-08-21 02:17:29,252 | INFO  | DNAudit | user=null | ip=null | op=WRITE_CHUNK {blockData=conID: 1 locID: 102652565859467844 bcsId: 3503} | ret=SUCCESS |  
2019-08-21 02:17:29,256 | INFO  | DNAudit | user=null | ip=null | op=WRITE_CHUNK {blockData=conID: 1 locID: 102652565859467844 bcsId: 3503} | ret=SUCCESS |  
2019-08-21 02:17:29,256 | INFO  | DNAudit | user=null | ip=null | op=PUT_BLOCK {blockData=[blockId=conID: 1 locID: 102652565859467844 bcsId: 0,size=4194304]} | ret=SUCCESS |  
2019-08-21 02:17:29,256 [grpc-default-executor-2] INFO  client.GrpcClientProtocolClient (GrpcClientProtocolClient.java:onNext(255)) - client-54CC064C3FCE->8224e767-71c1-41fc-a01a-d172d48fd9d8: receive RaftClientReply:client-54CC064C3FCE->8224e767-71c1-41fc-a01a-d172d48fd9d8@group-F6B37CC92441, cid=2373, SUCCESS, logIndex=3506, commits[8224e767-71c1-41fc-a01a-d172d48fd9d8:c3507, 6eae0c21-01aa-4169-956f-5952b26ea7ba:c3505, 8d7dcba1-3b82-4d94-a832-514ef5c79cf8:c3505]
2019-08-21 02:17:29,257 [grpc-default-executor-2] INFO  client.GrpcClientProtocolClient (GrpcClientProtocolClient.java:onNext(255)) - client-54CC064C3FCE->8224e767-71c1-41fc-a01a-d172d48fd9d8: receive RaftClientReply:client-54CC064C3FCE->8224e767-71c1-41fc-a01a-d172d48fd9d8@group-F6B37CC92441, cid=2374, SUCCESS, logIndex=3507, commits[8224e767-71c1-41fc-a01a-d172d48fd9d8:c3507, 6eae0c21-01aa-4169-956f-5952b26ea7ba:c3505, 8d7dcba1-3b82-4d94-a832-514ef5c79cf8:c3505]
2019-08-21 02:17:29,268 | INFO  | DNAudit | user=null | ip=null | op=WRITE_CHUNK {blockData=conID: 1 locID: 102652565859467844 bcsId: 3503} | ret=SUCCESS |  
2019-08-21 02:17:29,269 | INFO  | DNAudit | user=null | ip=null | op=WRITE_CHUNK {blockData=conID: 1 locID: 102652565859467844 bcsId: 3503} | ret=SUCCESS |  
2019-08-21 02:17:29,270 | INFO  | DNAudit | user=null | ip=null | op=PUT_BLOCK {blockData=[blockId=conID: 1 locID: 102652565859467844 bcsId: 0,size=4194304]} | ret=SUCCESS |  
2019-08-21 02:17:29,270 | INFO  | DNAudit | user=null | ip=null | op=PUT_BLOCK {blockData=[blockId=conID: 1 locID: 102652565859467844 bcsId: 0,size=4194304]} | ret=SUCCESS |  
2019-08-21 02:17:29,271 [grpc-default-executor-4] INFO  client.GrpcClientProtocolClient (GrpcClientProtocolClient.java:onNext(255)) - client-54CC064C3FCE->8224e767-71c1-41fc-a01a-d172d48fd9d8: receive RaftClientReply:client-54CC064C3FCE->8224e767-71c1-41fc-a01a-d172d48fd9d8@group-F6B37CC92441, cid=2375, SUCCESS, logIndex=0, commits[8224e767-71c1-41fc-a01a-d172d48fd9d8:c3509, 6eae0c21-01aa-4169-956f-5952b26ea7ba:c3507, 8d7dcba1-3b82-4d94-a832-514ef5c79cf8:c3507]
2019-08-21 02:17:29,276 | INFO  | SCMAudit | user=jenkins1000 | ip=192.168.34.10 | op=ALLOCATE_BLOCK {owner=b6f66289-f2a0-4058-b052-0a85e40df67b, size=4194304, type=RATIS, factor=THREE} | ret=SUCCESS |  
2019-08-21 02:17:29,279 | INFO  | OMAudit | user=jenkins1000 | ip=127.0.0.1 | op=ALLOCATE_BLOCK {volume=vol-0-90982, bucket=bucket-0-24269, key=key-0-81262, dataSize=0, replicationType=null, replicationFactor=null, keyLocationInfo=null, clientID=102652564580991378} | ret=SUCCESS |  
2019-08-21 02:17:29,285 | INFO  | DNAudit | user=null | ip=null | op=WRITE_CHUNK {blockData=conID: 2 locID: 102652565866152517 bcsId: 0} | ret=SUCCESS |  
2019-08-21 02:17:29,288 | INFO  | DNAudit | user=null | ip=null | op=WRITE_CHUNK {blockData=conID: 2 locID: 102652565866152517 bcsId: 0} | ret=SUCCESS |  
2019-08-21 02:17:29,288 | INFO  | DNAudit | user=null | ip=null | op=WRITE_CHUNK {blockData=conID: 2 locID: 102652565866152517 bcsId: 0} | ret=SUCCESS |  
2019-08-21 02:17:29,288 | INFO  | DNAudit | user=null | ip=null | op=WRITE_CHUNK {blockData=conID: 2 locID: 102652565866152517 bcsId: 0} | ret=SUCCESS |  
2019-08-21 02:17:29,290 | INFO  | DNAudit | user=null | ip=null | op=WRITE_CHUNK {blockData=conID: 2 locID: 102652565866152517 bcsId: 0} | ret=SUCCESS |  
2019-08-21 02:17:29,290 | INFO  | DNAudit | user=null | ip=null | op=WRITE_CHUNK {blockData=conID: 2 locID: 102652565866152517 bcsId: 0} | ret=SUCCESS |  
2019-08-21 02:17:29,297 | INFO  | DNAudit | user=null | ip=null | op=WRITE_CHUNK {blockData=conID: 2 locID: 102652565866152517 bcsId: 0} | ret=SUCCESS |  
2019-08-21 02:17:29,298 | INFO  | DNAudit | user=null | ip=null | op=PUT_BLOCK {blockData=[blockId=conID: 2 locID: 102652565866152517 bcsId: 0,size=1048576]} | ret=SUCCESS |  
2019-08-21 02:17:29,298 | INFO  | DNAudit | user=null | ip=null | op=WRITE_CHUNK {blockData=conID: 2 locID: 102652565866152517 bcsId: 0} | ret=SUCCESS |  
2019-08-21 02:17:29,298 [grpc-default-executor-4] INFO  client.GrpcClientProtocolClient (GrpcClientProtocolClient.java:onNext(255)) - client-54CC064C3FCE->8224e767-71c1-41fc-a01a-d172d48fd9d8: receive RaftClientReply:client-54CC064C3FCE->8224e767-71c1-41fc-a01a-d172d48fd9d8@group-F6B37CC92441, cid=2376, SUCCESS, logIndex=3510, commits[8224e767-71c1-41fc-a01a-d172d48fd9d8:c3511, 6eae0c21-01aa-4169-956f-5952b26ea7ba:c3509, 8d7dcba1-3b82-4d94-a832-514ef5c79cf8:c3509]
2019-08-21 02:17:29,298 | INFO  | DNAudit | user=null | ip=null | op=PUT_BLOCK {blockData=[blockId=conID: 2 locID: 102652565866152517 bcsId: 0,size=2097152]} | ret=SUCCESS |  
2019-08-21 02:17:29,299 [grpc-default-executor-4] INFO  client.GrpcClientProtocolClient (GrpcClientProtocolClient.java:onNext(255)) - client-54CC064C3FCE->8224e767-71c1-41fc-a01a-d172d48fd9d8: receive RaftClientReply:client-54CC064C3FCE->8224e767-71c1-41fc-a01a-d172d48fd9d8@group-F6B37CC92441, cid=2377, SUCCESS, logIndex=3511, commits[8224e767-71c1-41fc-a01a-d172d48fd9d8:c3513, 6eae0c21-01aa-4169-956f-5952b26ea7ba:c3509, 8d7dcba1-3b82-4d94-a832-514ef5c79cf8:c3509]
2019-08-21 02:17:29,299 [grpc-default-executor-4] INFO  client.GrpcClientProtocolClient (GrpcClientProtocolClient.java:onNext(255)) - client-54CC064C3FCE->8224e767-71c1-41fc-a01a-d172d48fd9d8: receive RaftClientReply:client-54CC064C3FCE->8224e767-71c1-41fc-a01a-d172d48fd9d8@group-F6B37CC92441, cid=2378, SUCCESS, logIndex=3512, commits[8224e767-71c1-41fc-a01a-d172d48fd9d8:c3513, 6eae0c21-01aa-4169-956f-5952b26ea7ba:c3509, 8d7dcba1-3b82-4d94-a832-514ef5c79cf8:c3509]
2019-08-21 02:17:29,299 [grpc-default-executor-4] INFO  client.GrpcClientProtocolClient (GrpcClientProtocolClient.java:onNext(255)) - client-54CC064C3FCE->8224e767-71c1-41fc-a01a-d172d48fd9d8: receive RaftClientReply:client-54CC064C3FCE->8224e767-71c1-41fc-a01a-d172d48fd9d8@group-F6B37CC92441, cid=2379, SUCCESS, logIndex=3513, commits[8224e767-71c1-41fc-a01a-d172d48fd9d8:c3513, 6eae0c21-01aa-4169-956f-5952b26ea7ba:c3509, 8d7dcba1-3b82-4d94-a832-514ef5c79cf8:c3509]
2019-08-21 02:17:29,301 | INFO  | DNAudit | user=null | ip=null | op=WRITE_CHUNK {blockData=conID: 2 locID: 102652565866152517 bcsId: 0} | ret=SUCCESS |  
2019-08-21 02:17:29,301 | INFO  | DNAudit | user=null | ip=null | op=WRITE_CHUNK {blockData=conID: 2 locID: 102652565866152517 bcsId: 0} | ret=SUCCESS |  
2019-08-21 02:17:29,301 | INFO  | DNAudit | user=null | ip=null | op=PUT_BLOCK {blockData=[blockId=conID: 2 locID: 102652565866152517 bcsId: 0,size=1048576]} | ret=SUCCESS |  
2019-08-21 02:17:29,301 | INFO  | DNAudit | user=null | ip=null | op=PUT_BLOCK {blockData=[blockId=conID: 2 locID: 102652565866152517 bcsId: 0,size=1048576]} | ret=SUCCESS |  
2019-08-21 02:17:29,301 [grpc-default-executor-4] INFO  client.GrpcClientProtocolClient (GrpcClientProtocolClient.java:onNext(255)) - client-54CC064C3FCE->8224e767-71c1-41fc-a01a-d172d48fd9d8: receive RaftClientReply:client-54CC064C3FCE->8224e767-71c1-41fc-a01a-d172d48fd9d8@group-F6B37CC92441, cid=2380, SUCCESS, logIndex=0, commits[8224e767-71c1-41fc-a01a-d172d48fd9d8:c3514, 6eae0c21-01aa-4169-956f-5952b26ea7ba:c3511, 8d7dcba1-3b82-4d94-a832-514ef5c79cf8:c3511]
2019-08-21 02:17:29,307 | INFO  | DNAudit | user=null | ip=null | op=WRITE_CHUNK {blockData=conID: 2 locID: 102652565866152517 bcsId: 3513} | ret=SUCCESS |  
2019-08-21 02:17:29,310 | INFO  | DNAudit | user=null | ip=null | op=WRITE_CHUNK {blockData=conID: 2 locID: 102652565866152517 bcsId: 3513} | ret=SUCCESS |  
2019-08-21 02:17:29,310 | INFO  | DNAudit | user=null | ip=null | op=WRITE_CHUNK {blockData=conID: 2 locID: 102652565866152517 bcsId: 3513} | ret=SUCCESS |  
2019-08-21 02:17:29,314 | INFO  | DNAudit | user=null | ip=null | op=WRITE_CHUNK {blockData=conID: 2 locID: 102652565866152517 bcsId: 0} | ret=SUCCESS |  
2019-08-21 02:17:29,314 | INFO  | DNAudit | user=null | ip=null | op=PUT_BLOCK {blockData=[blockId=conID: 2 locID: 102652565866152517 bcsId: 0,size=2097152]} | ret=SUCCESS |  
2019-08-21 02:17:29,314 | INFO  | DNAudit | user=null | ip=null | op=WRITE_CHUNK {blockData=conID: 2 locID: 102652565866152517 bcsId: 0} | ret=SUCCESS |  
2019-08-21 02:17:29,314 | INFO  | DNAudit | user=null | ip=null | op=PUT_BLOCK {blockData=[blockId=conID: 2 locID: 102652565866152517 bcsId: 0,size=2097152]} | ret=SUCCESS |  
2019-08-21 02:17:29,327 | INFO  | DNAudit | user=null | ip=null | op=WRITE_CHUNK {blockData=conID: 2 locID: 102652565866152517 bcsId: 3513} | ret=SUCCESS |  
2019-08-21 02:17:29,328 | INFO  | DNAudit | user=null | ip=null | op=PUT_BLOCK {blockData=[blockId=conID: 2 locID: 102652565866152517 bcsId: 0,size=3145728]} | ret=SUCCESS |  
2019-08-21 02:17:29,328 [grpc-default-executor-1] INFO  client.GrpcClientProtocolClient (GrpcClientProtocolClient.java:onNext(255)) - client-54CC064C3FCE->8224e767-71c1-41fc-a01a-d172d48fd9d8: receive RaftClientReply:client-54CC064C3FCE->8224e767-71c1-41fc-a01a-d172d48fd9d8@group-F6B37CC92441, cid=2381, SUCCESS, logIndex=3517, commits[8224e767-71c1-41fc-a01a-d172d48fd9d8:c3518, 6eae0c21-01aa-4169-956f-5952b26ea7ba:c3514, 8d7dcba1-3b82-4d94-a832-514ef5c79cf8:c3514]
2019-08-21 02:17:29,328 [grpc-default-executor-1] INFO  client.GrpcClientProtocolClient (GrpcClientProtocolClient.java:onNext(255)) - client-54CC064C3FCE->8224e767-71c1-41fc-a01a-d172d48fd9d8: receive RaftClientReply:client-54CC064C3FCE->8224e767-71c1-41fc-a01a-d172d48fd9d8@group-F6B37CC92441, cid=2382, SUCCESS, logIndex=3518, commits[8224e767-71c1-41fc-a01a-d172d48fd9d8:c3518, 6eae0c21-01aa-4169-956f-5952b26ea7ba:c3514, 8d7dcba1-3b82-4d94-a832-514ef5c79cf8:c3514]
2019-08-21 02:17:29,334 | INFO  | DNAudit | user=null | ip=null | op=WRITE_CHUNK {blockData=conID: 2 locID: 102652565866152517 bcsId: 3518} | ret=SUCCESS |  
2019-08-21 02:17:29,337 | INFO  | DNAudit | user=null | ip=null | op=WRITE_CHUNK {blockData=conID: 2 locID: 102652565866152517 bcsId: 3518} | ret=SUCCESS |  
2019-08-21 02:17:29,337 | INFO  | DNAudit | user=null | ip=null | op=WRITE_CHUNK {blockData=conID: 2 locID: 102652565866152517 bcsId: 3518} | ret=SUCCESS |  
2019-08-21 02:17:29,341 | INFO  | DNAudit | user=null | ip=null | op=WRITE_CHUNK {blockData=conID: 2 locID: 102652565866152517 bcsId: 3513} | ret=SUCCESS |  
2019-08-21 02:17:29,341 | INFO  | DNAudit | user=null | ip=null | op=WRITE_CHUNK {blockData=conID: 2 locID: 102652565866152517 bcsId: 3513} | ret=SUCCESS |  
2019-08-21 02:17:29,354 | INFO  | DNAudit | user=null | ip=null | op=PUT_BLOCK {blockData=[blockId=conID: 2 locID: 102652565866152517 bcsId: 0,size=3145728]} | ret=SUCCESS |  
2019-08-21 02:17:29,354 | INFO  | DNAudit | user=null | ip=null | op=PUT_BLOCK {blockData=[blockId=conID: 2 locID: 102652565866152517 bcsId: 0,size=3145728]} | ret=SUCCESS |  
2019-08-21 02:17:29,355 | INFO  | DNAudit | user=null | ip=null | op=WRITE_CHUNK {blockData=conID: 2 locID: 102652565866152517 bcsId: 3518} | ret=SUCCESS |  
2019-08-21 02:17:29,355 | INFO  | DNAudit | user=null | ip=null | op=PUT_BLOCK {blockData=[blockId=conID: 2 locID: 102652565866152517 bcsId: 0,size=4194304]} | ret=SUCCESS |  
2019-08-21 02:17:29,356 [grpc-default-executor-4] INFO  client.GrpcClientProtocolClient (GrpcClientProtocolClient.java:onNext(255)) - client-54CC064C3FCE->8224e767-71c1-41fc-a01a-d172d48fd9d8: receive RaftClientReply:client-54CC064C3FCE->8224e767-71c1-41fc-a01a-d172d48fd9d8@group-F6B37CC92441, cid=2383, SUCCESS, logIndex=3521, commits[8224e767-71c1-41fc-a01a-d172d48fd9d8:c3522, 6eae0c21-01aa-4169-956f-5952b26ea7ba:c3518, 8d7dcba1-3b82-4d94-a832-514ef5c79cf8:c3518]
2019-08-21 02:17:29,356 [grpc-default-executor-4] INFO  client.GrpcClientProtocolClient (GrpcClientProtocolClient.java:onNext(255)) - client-54CC064C3FCE->8224e767-71c1-41fc-a01a-d172d48fd9d8: receive RaftClientReply:client-54CC064C3FCE->8224e767-71c1-41fc-a01a-d172d48fd9d8@group-F6B37CC92441, cid=2384, SUCCESS, logIndex=3522, commits[8224e767-71c1-41fc-a01a-d172d48fd9d8:c3522, 6eae0c21-01aa-4169-956f-5952b26ea7ba:c3518, 8d7dcba1-3b82-4d94-a832-514ef5c79cf8:c3518]
2019-08-21 02:17:29,366 | INFO  | DNAudit | user=null | ip=null | op=WRITE_CHUNK {blockData=conID: 2 locID: 102652565866152517 bcsId: 3518} | ret=SUCCESS |  
2019-08-21 02:17:29,367 | INFO  | DNAudit | user=null | ip=null | op=WRITE_CHUNK {blockData=conID: 2 locID: 102652565866152517 bcsId: 3518} | ret=SUCCESS |  
2019-08-21 02:17:29,369 | INFO  | DNAudit | user=null | ip=null | op=PUT_BLOCK {blockData=[blockId=conID: 2 locID: 102652565866152517 bcsId: 0,size=4194304]} | ret=SUCCESS |  
2019-08-21 02:17:29,370 | INFO  | DNAudit | user=null | ip=null | op=PUT_BLOCK {blockData=[blockId=conID: 2 locID: 102652565866152517 bcsId: 0,size=4194304]} | ret=SUCCESS |  
2019-08-21 02:17:29,370 [grpc-default-executor-1] INFO  client.GrpcClientProtocolClient (GrpcClientProtocolClient.java:onNext(255)) - client-54CC064C3FCE->8224e767-71c1-41fc-a01a-d172d48fd9d8: receive RaftClientReply:client-54CC064C3FCE->8224e767-71c1-41fc-a01a-d172d48fd9d8@group-F6B37CC92441, cid=2385, SUCCESS, logIndex=0, commits[8224e767-71c1-41fc-a01a-d172d48fd9d8:c3524, 6eae0c21-01aa-4169-956f-5952b26ea7ba:c3522, 8d7dcba1-3b82-4d94-a832-514ef5c79cf8:c3522]
2019-08-21 02:17:29,376 | INFO  | SCMAudit | user=jenkins1000 | ip=192.168.34.10 | op=ALLOCATE_BLOCK {owner=b6f66289-f2a0-4058-b052-0a85e40df67b, size=4194304, type=RATIS, factor=THREE} | ret=SUCCESS |  
2019-08-21 02:17:29,379 | INFO  | OMAudit | user=jenkins1000 | ip=127.0.0.1 | op=ALLOCATE_BLOCK {volume=vol-0-90982, bucket=bucket-0-24269, key=key-0-81262, dataSize=0, replicationType=null, replicationFactor=null, keyLocationInfo=null, clientID=102652564580991378} | ret=SUCCESS |  
2019-08-21 02:17:29,389 | INFO  | DNAudit | user=null | ip=null | op=WRITE_CHUNK {blockData=conID: 3 locID: 102652565872706118 bcsId: 0} | ret=SUCCESS |  
2019-08-21 02:17:29,391 | INFO  | DNAudit | user=null | ip=null | op=WRITE_CHUNK {blockData=conID: 3 locID: 102652565872706118 bcsId: 0} | ret=SUCCESS |  
2019-08-21 02:17:29,391 | INFO  | DNAudit | user=null | ip=null | op=WRITE_CHUNK {blockData=conID: 3 locID: 102652565872706118 bcsId: 0} | ret=SUCCESS |  
2019-08-21 02:17:29,392 | INFO  | DNAudit | user=null | ip=null | op=WRITE_CHUNK {blockData=conID: 3 locID: 102652565872706118 bcsId: 0} | ret=SUCCESS |  
2019-08-21 02:17:29,393 | INFO  | DNAudit | user=null | ip=null | op=WRITE_CHUNK {blockData=conID: 3 locID: 102652565872706118 bcsId: 0} | ret=SUCCESS |  
2019-08-21 02:17:29,393 | INFO  | DNAudit | user=null | ip=null | op=WRITE_CHUNK {blockData=conID: 3 locID: 102652565872706118 bcsId: 0} | ret=SUCCESS |  
2019-08-21 02:17:29,403 | INFO  | DNAudit | user=null | ip=null | op=WRITE_CHUNK {blockData=conID: 3 locID: 102652565872706118 bcsId: 0} | ret=SUCCESS |  
2019-08-21 02:17:29,404 | INFO  | DNAudit | user=null | ip=null | op=PUT_BLOCK {blockData=[blockId=conID: 3 locID: 102652565872706118 bcsId: 0,size=1048576]} | ret=SUCCESS |  
2019-08-21 02:17:29,404 [grpc-default-executor-1] INFO  client.GrpcClientProtocolClient (GrpcClientProtocolClient.java:onNext(255)) - client-54CC064C3FCE->8224e767-71c1-41fc-a01a-d172d48fd9d8: receive RaftClientReply:client-54CC064C3FCE->8224e767-71c1-41fc-a01a-d172d48fd9d8@group-F6B37CC92441, cid=2386, SUCCESS, logIndex=3525, commits[8224e767-71c1-41fc-a01a-d172d48fd9d8:c3526, 6eae0c21-01aa-4169-956f-5952b26ea7ba:c3524, 8d7dcba1-3b82-4d94-a832-514ef5c79cf8:c3524]
2019-08-21 02:17:29,405 [grpc-default-executor-1] INFO  client.GrpcClientProtocolClient (GrpcClientProtocolClient.java:onNext(255)) - client-54CC064C3FCE->8224e767-71c1-41fc-a01a-d172d48fd9d8: receive RaftClientReply:client-54CC064C3FCE->8224e767-71c1-41fc-a01a-d172d48fd9d8@group-F6B37CC92441, cid=2387, SUCCESS, logIndex=3526, commits[8224e767-71c1-41fc-a01a-d172d48fd9d8:c3526, 6eae0c21-01aa-4169-956f-5952b26ea7ba:c3524, 8d7dcba1-3b82-4d94-a832-514ef5c79cf8:c3524]
2019-08-21 02:17:29,413 | INFO  | DNAudit | user=null | ip=null | op=WRITE_CHUNK {blockData=conID: 3 locID: 102652565872706118 bcsId: 0} | ret=SUCCESS |  
2019-08-21 02:17:29,413 | INFO  | DNAudit | user=null | ip=null | op=PUT_BLOCK {blockData=[blockId=conID: 3 locID: 102652565872706118 bcsId: 0,size=2097152]} | ret=SUCCESS |  
2019-08-21 02:17:29,414 [grpc-default-executor-1] INFO  client.GrpcClientProtocolClient (GrpcClientProtocolClient.java:onNext(255)) - client-54CC064C3FCE->8224e767-71c1-41fc-a01a-d172d48fd9d8: receive RaftClientReply:client-54CC064C3FCE->8224e767-71c1-41fc-a01a-d172d48fd9d8@group-F6B37CC92441, cid=2388, SUCCESS, logIndex=3527, commits[8224e767-71c1-41fc-a01a-d172d48fd9d8:c3528, 6eae0c21-01aa-4169-956f-5952b26ea7ba:c3524, 8d7dcba1-3b82-4d94-a832-514ef5c79cf8:c3524]
2019-08-21 02:17:29,414 [grpc-default-executor-1] INFO  client.GrpcClientProtocolClient (GrpcClientProtocolClient.java:onNext(255)) - client-54CC064C3FCE->8224e767-71c1-41fc-a01a-d172d48fd9d8: receive RaftClientReply:client-54CC064C3FCE->8224e767-71c1-41fc-a01a-d172d48fd9d8@group-F6B37CC92441, cid=2389, SUCCESS, logIndex=3528, commits[8224e767-71c1-41fc-a01a-d172d48fd9d8:c3528, 6eae0c21-01aa-4169-956f-5952b26ea7ba:c3524, 8d7dcba1-3b82-4d94-a832-514ef5c79cf8:c3524]
2019-08-21 02:17:29,415 | INFO  | DNAudit | user=null | ip=null | op=WRITE_CHUNK {blockData=conID: 3 locID: 102652565872706118 bcsId: 0} | ret=SUCCESS |  
2019-08-21 02:17:29,415 | INFO  | DNAudit | user=null | ip=null | op=WRITE_CHUNK {blockData=conID: 3 locID: 102652565872706118 bcsId: 0} | ret=SUCCESS |  
2019-08-21 02:17:29,416 | INFO  | DNAudit | user=null | ip=null | op=PUT_BLOCK {blockData=[blockId=conID: 3 locID: 102652565872706118 bcsId: 0,size=1048576]} | ret=SUCCESS |  
2019-08-21 02:17:29,418 | INFO  | DNAudit | user=null | ip=null | op=PUT_BLOCK {blockData=[blockId=conID: 3 locID: 102652565872706118 bcsId: 0,size=1048576]} | ret=SUCCESS |  
2019-08-21 02:17:29,419 [grpc-default-executor-1] INFO  client.GrpcClientProtocolClient (GrpcClientProtocolClient.java:onNext(255)) - client-54CC064C3FCE->8224e767-71c1-41fc-a01a-d172d48fd9d8: receive RaftClientReply:client-54CC064C3FCE->8224e767-71c1-41fc-a01a-d172d48fd9d8@group-F6B37CC92441, cid=2390, SUCCESS, logIndex=0, commits[8224e767-71c1-41fc-a01a-d172d48fd9d8:c3530, 6eae0c21-01aa-4169-956f-5952b26ea7ba:c3526, 8d7dcba1-3b82-4d94-a832-514ef5c79cf8:c3526]
2019-08-21 02:17:29,425 | INFO  | DNAudit | user=null | ip=null | op=WRITE_CHUNK {blockData=conID: 3 locID: 102652565872706118 bcsId: 3528} | ret=SUCCESS |  
2019-08-21 02:17:29,426 | INFO  | DNAudit | user=null | ip=null | op=WRITE_CHUNK {blockData=conID: 3 locID: 102652565872706118 bcsId: 3528} | ret=SUCCESS |  
2019-08-21 02:17:29,427 | INFO  | DNAudit | user=null | ip=null | op=WRITE_CHUNK {blockData=conID: 3 locID: 102652565872706118 bcsId: 3528} | ret=SUCCESS |  
2019-08-21 02:17:29,429 | INFO  | DNAudit | user=null | ip=null | op=WRITE_CHUNK {blockData=conID: 3 locID: 102652565872706118 bcsId: 0} | ret=SUCCESS |  
2019-08-21 02:17:29,429 | INFO  | DNAudit | user=null | ip=null | op=PUT_BLOCK {blockData=[blockId=conID: 3 locID: 102652565872706118 bcsId: 0,size=2097152]} | ret=SUCCESS |  
2019-08-21 02:17:29,429 | INFO  | DNAudit | user=null | ip=null | op=WRITE_CHUNK {blockData=conID: 3 locID: 102652565872706118 bcsId: 0} | ret=SUCCESS |  
2019-08-21 02:17:29,429 | INFO  | DNAudit | user=null | ip=null | op=WRITE_CHUNK {blockData=conID: 3 locID: 102652565872706118 bcsId: 3528} | ret=SUCCESS |  
2019-08-21 02:17:29,429 | INFO  | DNAudit | user=null | ip=null | op=PUT_BLOCK {blockData=[blockId=conID: 3 locID: 102652565872706118 bcsId: 0,size=2097152]} | ret=SUCCESS |  
2019-08-21 02:17:29,430 | INFO  | DNAudit | user=null | ip=null | op=PUT_BLOCK {blockData=[blockId=conID: 3 locID: 102652565872706118 bcsId: 0,size=3145728]} | ret=SUCCESS |  
2019-08-21 02:17:29,430 [grpc-default-executor-4] INFO  client.GrpcClientProtocolClient (GrpcClientProtocolClient.java:onNext(255)) - client-54CC064C3FCE->8224e767-71c1-41fc-a01a-d172d48fd9d8: receive RaftClientReply:client-54CC064C3FCE->8224e767-71c1-41fc-a01a-d172d48fd9d8@group-F6B37CC92441, cid=2391, SUCCESS, logIndex=3533, commits[8224e767-71c1-41fc-a01a-d172d48fd9d8:c3534, 6eae0c21-01aa-4169-956f-5952b26ea7ba:c3532, 8d7dcba1-3b82-4d94-a832-514ef5c79cf8:c3532]
2019-08-21 02:17:29,430 [grpc-default-executor-4] INFO  client.GrpcClientProtocolClient (GrpcClientProtocolClient.java:onNext(255)) - client-54CC064C3FCE->8224e767-71c1-41fc-a01a-d172d48fd9d8: receive RaftClientReply:client-54CC064C3FCE->8224e767-71c1-41fc-a01a-d172d48fd9d8@group-F6B37CC92441, cid=2392, SUCCESS, logIndex=3534, commits[8224e767-71c1-41fc-a01a-d172d48fd9d8:c3534, 6eae0c21-01aa-4169-956f-5952b26ea7ba:c3532, 8d7dcba1-3b82-4d94-a832-514ef5c79cf8:c3532]
2019-08-21 02:17:29,430 | INFO  | DNAudit | user=null | ip=null | op=WRITE_CHUNK {blockData=conID: 3 locID: 102652565872706118 bcsId: 3528} | ret=SUCCESS |  
2019-08-21 02:17:29,430 | INFO  | DNAudit | user=null | ip=null | op=PUT_BLOCK {blockData=[blockId=conID: 3 locID: 102652565872706118 bcsId: 0,size=3145728]} | ret=SUCCESS |  
2019-08-21 02:17:29,432 | INFO  | DNAudit | user=null | ip=null | op=WRITE_CHUNK {blockData=conID: 3 locID: 102652565872706118 bcsId: 3528} | ret=SUCCESS |  
2019-08-21 02:17:29,433 | INFO  | DNAudit | user=null | ip=null | op=PUT_BLOCK {blockData=[blockId=conID: 3 locID: 102652565872706118 bcsId: 0,size=3145728]} | ret=SUCCESS |  
2019-08-21 02:17:29,435 | INFO  | DNAudit | user=null | ip=null | op=WRITE_CHUNK {blockData=conID: 3 locID: 102652565872706118 bcsId: 3534} | ret=SUCCESS |  
2019-08-21 02:17:29,437 | INFO  | DNAudit | user=null | ip=null | op=WRITE_CHUNK {blockData=conID: 3 locID: 102652565872706118 bcsId: 3534} | ret=SUCCESS |  
2019-08-21 02:17:29,438 | INFO  | DNAudit | user=null | ip=null | op=WRITE_CHUNK {blockData=conID: 3 locID: 102652565872706118 bcsId: 3534} | ret=SUCCESS |  
2019-08-21 02:17:29,440 | INFO  | DNAudit | user=null | ip=null | op=WRITE_CHUNK {blockData=conID: 3 locID: 102652565872706118 bcsId: 3534} | ret=SUCCESS |  
2019-08-21 02:17:29,440 | INFO  | DNAudit | user=null | ip=null | op=PUT_BLOCK {blockData=[blockId=conID: 3 locID: 102652565872706118 bcsId: 0,size=4194304]} | ret=SUCCESS |  
2019-08-21 02:17:29,440 [grpc-default-executor-4] INFO  client.GrpcClientProtocolClient (GrpcClientProtocolClient.java:onNext(255)) - client-54CC064C3FCE->8224e767-71c1-41fc-a01a-d172d48fd9d8: receive RaftClientReply:client-54CC064C3FCE->8224e767-71c1-41fc-a01a-d172d48fd9d8@group-F6B37CC92441, cid=2393, SUCCESS, logIndex=3537, commits[8224e767-71c1-41fc-a01a-d172d48fd9d8:c3538, 6eae0c21-01aa-4169-956f-5952b26ea7ba:c3536, 8d7dcba1-3b82-4d94-a832-514ef5c79cf8:c3534]
2019-08-21 02:17:29,441 [grpc-default-executor-4] INFO  client.GrpcClientProtocolClient (GrpcClientProtocolClient.java:onNext(255)) - client-54CC064C3FCE->8224e767-71c1-41fc-a01a-d172d48fd9d8: receive RaftClientReply:client-54CC064C3FCE->8224e767-71c1-41fc-a01a-d172d48fd9d8@group-F6B37CC92441, cid=2394, SUCCESS, logIndex=3538, commits[8224e767-71c1-41fc-a01a-d172d48fd9d8:c3538, 6eae0c21-01aa-4169-956f-5952b26ea7ba:c3536, 8d7dcba1-3b82-4d94-a832-514ef5c79cf8:c3536]
2019-08-21 02:17:29,443 | INFO  | DNAudit | user=null | ip=null | op=WRITE_CHUNK {blockData=conID: 3 locID: 102652565872706118 bcsId: 3534} | ret=SUCCESS |  
2019-08-21 02:17:29,443 | INFO  | DNAudit | user=null | ip=null | op=WRITE_CHUNK {blockData=conID: 3 locID: 102652565872706118 bcsId: 3534} | ret=SUCCESS |  
2019-08-21 02:17:29,443 | INFO  | DNAudit | user=null | ip=null | op=PUT_BLOCK {blockData=[blockId=conID: 3 locID: 102652565872706118 bcsId: 0,size=4194304]} | ret=SUCCESS |  
2019-08-21 02:17:29,443 | INFO  | DNAudit | user=null | ip=null | op=PUT_BLOCK {blockData=[blockId=conID: 3 locID: 102652565872706118 bcsId: 0,size=4194304]} | ret=SUCCESS |  
2019-08-21 02:17:29,443 [grpc-default-executor-4] INFO  client.GrpcClientProtocolClient (GrpcClientProtocolClient.java:onNext(255)) - client-54CC064C3FCE->8224e767-71c1-41fc-a01a-d172d48fd9d8: receive RaftClientReply:client-54CC064C3FCE->8224e767-71c1-41fc-a01a-d172d48fd9d8@group-F6B37CC92441, cid=2395, SUCCESS, logIndex=0, commits[8224e767-71c1-41fc-a01a-d172d48fd9d8:c3539, 6eae0c21-01aa-4169-956f-5952b26ea7ba:c3538, 8d7dcba1-3b82-4d94-a832-514ef5c79cf8:c3538]
2019-08-21 02:17:29,447 | INFO  | SCMAudit | user=jenkins1000 | ip=192.168.34.10 | op=ALLOCATE_BLOCK {owner=b6f66289-f2a0-4058-b052-0a85e40df67b, size=4194304, type=RATIS, factor=THREE} | ret=SUCCESS |  
2019-08-21 02:17:29,450 | INFO  | OMAudit | user=jenkins1000 | ip=127.0.0.1 | op=ALLOCATE_BLOCK {volume=vol-0-90982, bucket=bucket-0-24269, key=key-0-81262, dataSize=0, replicationType=null, replicationFactor=null, keyLocationInfo=null, clientID=102652564580991378} | ret=SUCCESS |  
2019-08-21 02:17:29,455 | INFO  | DNAudit | user=null | ip=null | op=WRITE_CHUNK {blockData=conID: 1 locID: 102652565877359175 bcsId: 0} | ret=SUCCESS |  
2019-08-21 02:17:29,458 | INFO  | DNAudit | user=null | ip=null | op=WRITE_CHUNK {blockData=conID: 1 locID: 102652565877359175 bcsId: 0} | ret=SUCCESS |  
2019-08-21 02:17:29,458 | INFO  | DNAudit | user=null | ip=null | op=WRITE_CHUNK {blockData=conID: 1 locID: 102652565877359175 bcsId: 0} | ret=SUCCESS |  
2019-08-21 02:17:29,459 | INFO  | DNAudit | user=null | ip=null | op=WRITE_CHUNK {blockData=conID: 1 locID: 102652565877359175 bcsId: 0} | ret=SUCCESS |  
2019-08-21 02:17:29,459 | INFO  | DNAudit | user=null | ip=null | op=WRITE_CHUNK {blockData=conID: 1 locID: 102652565877359175 bcsId: 0} | ret=SUCCESS |  
2019-08-21 02:17:29,460 | INFO  | DNAudit | user=null | ip=null | op=WRITE_CHUNK {blockData=conID: 1 locID: 102652565877359175 bcsId: 0} | ret=SUCCESS |  
2019-08-21 02:17:29,461 | INFO  | DNAudit | user=null | ip=null | op=WRITE_CHUNK {blockData=conID: 1 locID: 102652565877359175 bcsId: 0} | ret=SUCCESS |  
2019-08-21 02:17:29,462 | INFO  | DNAudit | user=null | ip=null | op=PUT_BLOCK {blockData=[blockId=conID: 1 locID: 102652565877359175 bcsId: 0,size=1048576]} | ret=SUCCESS |  
2019-08-21 02:17:29,462 | INFO  | DNAudit | user=null | ip=null | op=WRITE_CHUNK {blockData=conID: 1 locID: 102652565877359175 bcsId: 0} | ret=SUCCESS |  
2019-08-21 02:17:29,462 [grpc-default-executor-1] INFO  client.GrpcClientProtocolClient (GrpcClientProtocolClient.java:onNext(255)) - client-54CC064C3FCE->8224e767-71c1-41fc-a01a-d172d48fd9d8: receive RaftClientReply:client-54CC064C3FCE->8224e767-71c1-41fc-a01a-d172d48fd9d8@group-F6B37CC92441, cid=2396, SUCCESS, logIndex=3541, commits[8224e767-71c1-41fc-a01a-d172d48fd9d8:c3544, 6eae0c21-01aa-4169-956f-5952b26ea7ba:c3540, 8d7dcba1-3b82-4d94-a832-514ef5c79cf8:c3538]
2019-08-21 02:17:29,462 | INFO  | DNAudit | user=null | ip=null | op=PUT_BLOCK {blockData=[blockId=conID: 1 locID: 102652565877359175 bcsId: 0,size=2097152]} | ret=SUCCESS |  
2019-08-21 02:17:29,463 [grpc-default-executor-1] INFO  client.GrpcClientProtocolClient (GrpcClientProtocolClient.java:onNext(255)) - client-54CC064C3FCE->8224e767-71c1-41fc-a01a-d172d48fd9d8: receive RaftClientReply:client-54CC064C3FCE->8224e767-71c1-41fc-a01a-d172d48fd9d8@group-F6B37CC92441, cid=2397, SUCCESS, logIndex=3542, commits[8224e767-71c1-41fc-a01a-d172d48fd9d8:c3544, 6eae0c21-01aa-4169-956f-5952b26ea7ba:c3540, 8d7dcba1-3b82-4d94-a832-514ef5c79cf8:c3540]
2019-08-21 02:17:29,463 [grpc-default-executor-1] INFO  client.GrpcClientProtocolClient (GrpcClientProtocolClient.java:onNext(255)) - client-54CC064C3FCE->8224e767-71c1-41fc-a01a-d172d48fd9d8: receive RaftClientReply:client-54CC064C3FCE->8224e767-71c1-41fc-a01a-d172d48fd9d8@group-F6B37CC92441, cid=2398, SUCCESS, logIndex=3543, commits[8224e767-71c1-41fc-a01a-d172d48fd9d8:c3544, 6eae0c21-01aa-4169-956f-5952b26ea7ba:c3540, 8d7dcba1-3b82-4d94-a832-514ef5c79cf8:c3540]
2019-08-21 02:17:29,463 [grpc-default-executor-1] INFO  client.GrpcClientProtocolClient (GrpcClientProtocolClient.java:onNext(255)) - client-54CC064C3FCE->8224e767-71c1-41fc-a01a-d172d48fd9d8: receive RaftClientReply:client-54CC064C3FCE->8224e767-71c1-41fc-a01a-d172d48fd9d8@group-F6B37CC92441, cid=2399, SUCCESS, logIndex=3544, commits[8224e767-71c1-41fc-a01a-d172d48fd9d8:c3544, 6eae0c21-01aa-4169-956f-5952b26ea7ba:c3540, 8d7dcba1-3b82-4d94-a832-514ef5c79cf8:c3540]
2019-08-21 02:17:29,464 | INFO  | DNAudit | user=null | ip=null | op=WRITE_CHUNK {blockData=conID: 1 locID: 102652565877359175 bcsId: 0} | ret=SUCCESS |  
2019-08-21 02:17:29,465 | INFO  | DNAudit | user=null | ip=null | op=PUT_BLOCK {blockData=[blockId=conID: 1 locID: 102652565877359175 bcsId: 0,size=1048576]} | ret=SUCCESS |  
2019-08-21 02:17:29,466 | INFO  | DNAudit | user=null | ip=null | op=WRITE_CHUNK {blockData=conID: 1 locID: 102652565877359175 bcsId: 0} | ret=SUCCESS |  
2019-08-21 02:17:29,466 | INFO  | DNAudit | user=null | ip=null | op=PUT_BLOCK {blockData=[blockId=conID: 1 locID: 102652565877359175 bcsId: 0,size=1048576]} | ret=SUCCESS |  
2019-08-21 02:17:29,467 [grpc-default-executor-1] INFO  client.GrpcClientProtocolClient (GrpcClientProtocolClient.java:onNext(255)) - client-54CC064C3FCE->8224e767-71c1-41fc-a01a-d172d48fd9d8: receive RaftClientReply:client-54CC064C3FCE->8224e767-71c1-41fc-a01a-d172d48fd9d8@group-F6B37CC92441, cid=2400, SUCCESS, logIndex=0, commits[8224e767-71c1-41fc-a01a-d172d48fd9d8:c3545, 6eae0c21-01aa-4169-956f-5952b26ea7ba:c3542, 8d7dcba1-3b82-4d94-a832-514ef5c79cf8:c3542]
2019-08-21 02:17:29,468 | INFO  | DNAudit | user=null | ip=null | op=WRITE_CHUNK {blockData=conID: 1 locID: 102652565877359175 bcsId: 0} | ret=SUCCESS |  
2019-08-21 02:17:29,468 | INFO  | DNAudit | user=null | ip=null | op=PUT_BLOCK {blockData=[blockId=conID: 1 locID: 102652565877359175 bcsId: 0,size=2097152]} | ret=SUCCESS |  
2019-08-21 02:17:29,469 | INFO  | DNAudit | user=null | ip=null | op=WRITE_CHUNK {blockData=conID: 1 locID: 102652565877359175 bcsId: 0} | ret=SUCCESS |  
2019-08-21 02:17:29,470 | INFO  | DNAudit | user=null | ip=null | op=PUT_BLOCK {blockData=[blockId=conID: 1 locID: 102652565877359175 bcsId: 0,size=2097152]} | ret=SUCCESS |  
2019-08-21 02:17:29,473 | INFO  | DNAudit | user=null | ip=null | op=WRITE_CHUNK {blockData=conID: 1 locID: 102652565877359175 bcsId: 3544} | ret=SUCCESS |  
2019-08-21 02:17:29,474 | INFO  | DNAudit | user=null | ip=null | op=WRITE_CHUNK {blockData=conID: 1 locID: 102652565877359175 bcsId: 3544} | ret=SUCCESS |  
2019-08-21 02:17:29,475 | INFO  | DNAudit | user=null | ip=null | op=WRITE_CHUNK {blockData=conID: 1 locID: 102652565877359175 bcsId: 3544} | ret=SUCCESS |  
2019-08-21 02:17:29,477 | INFO  | DNAudit | user=null | ip=null | op=WRITE_CHUNK {blockData=conID: 1 locID: 102652565877359175 bcsId: 3544} | ret=SUCCESS |  
2019-08-21 02:17:29,477 | INFO  | DNAudit | user=null | ip=null | op=PUT_BLOCK {blockData=[blockId=conID: 1 locID: 102652565877359175 bcsId: 0,size=3145728]} | ret=SUCCESS |  
2019-08-21 02:17:29,478 [grpc-default-executor-1] INFO  client.GrpcClientProtocolClient (GrpcClientProtocolClient.java:onNext(255)) - client-54CC064C3FCE->8224e767-71c1-41fc-a01a-d172d48fd9d8: receive RaftClientReply:client-54CC064C3FCE->8224e767-71c1-41fc-a01a-d172d48fd9d8@group-F6B37CC92441, cid=2401, SUCCESS, logIndex=3549, commits[8224e767-71c1-41fc-a01a-d172d48fd9d8:c3550, 6eae0c21-01aa-4169-956f-5952b26ea7ba:c3548, 8d7dcba1-3b82-4d94-a832-514ef5c79cf8:c3544]
2019-08-21 02:17:29,478 [grpc-default-executor-4] INFO  client.GrpcClientProtocolClient (GrpcClientProtocolClient.java:onNext(255)) - client-54CC064C3FCE->8224e767-71c1-41fc-a01a-d172d48fd9d8: receive RaftClientReply:client-54CC064C3FCE->8224e767-71c1-41fc-a01a-d172d48fd9d8@group-F6B37CC92441, cid=2402, SUCCESS, logIndex=3550, commits[8224e767-71c1-41fc-a01a-d172d48fd9d8:c3550, 6eae0c21-01aa-4169-956f-5952b26ea7ba:c3548, 8d7dcba1-3b82-4d94-a832-514ef5c79cf8:c3544]
2019-08-21 02:17:29,480 | INFO  | DNAudit | user=null | ip=null | op=WRITE_CHUNK {blockData=conID: 1 locID: 102652565877359175 bcsId: 3544} | ret=SUCCESS |  
2019-08-21 02:17:29,481 | INFO  | DNAudit | user=null | ip=null | op=WRITE_CHUNK {blockData=conID: 1 locID: 102652565877359175 bcsId: 3544} | ret=SUCCESS |  
2019-08-21 02:17:29,482 | INFO  | DNAudit | user=null | ip=null | op=PUT_BLOCK {blockData=[blockId=conID: 1 locID: 102652565877359175 bcsId: 0,size=3145728]} | ret=SUCCESS |  
2019-08-21 02:17:29,483 | INFO  | DNAudit | user=null | ip=null | op=PUT_BLOCK {blockData=[blockId=conID: 1 locID: 102652565877359175 bcsId: 0,size=3145728]} | ret=SUCCESS |  
2019-08-21 02:17:29,484 | INFO  | DNAudit | user=null | ip=null | op=WRITE_CHUNK {blockData=conID: 1 locID: 102652565877359175 bcsId: 3550} | ret=SUCCESS |  
2019-08-21 02:17:29,487 | INFO  | DNAudit | user=null | ip=null | op=WRITE_CHUNK {blockData=conID: 1 locID: 102652565877359175 bcsId: 3550} | ret=SUCCESS |  
2019-08-21 02:17:29,488 | INFO  | DNAudit | user=null | ip=null | op=WRITE_CHUNK {blockData=conID: 1 locID: 102652565877359175 bcsId: 3550} | ret=SUCCESS |  
2019-08-21 02:17:29,501 | INFO  | DNAudit | user=null | ip=null | op=WRITE_CHUNK {blockData=conID: 1 locID: 102652565877359175 bcsId: 3550} | ret=SUCCESS |  
2019-08-21 02:17:29,501 | INFO  | DNAudit | user=null | ip=null | op=PUT_BLOCK {blockData=[blockId=conID: 1 locID: 102652565877359175 bcsId: 0,size=4194304]} | ret=SUCCESS |  
2019-08-21 02:17:29,501 [grpc-default-executor-1] INFO  client.GrpcClientProtocolClient (GrpcClientProtocolClient.java:onNext(255)) - client-54CC064C3FCE->8224e767-71c1-41fc-a01a-d172d48fd9d8: receive RaftClientReply:client-54CC064C3FCE->8224e767-71c1-41fc-a01a-d172d48fd9d8@group-F6B37CC92441, cid=2403, SUCCESS, logIndex=3553, commits[8224e767-71c1-41fc-a01a-d172d48fd9d8:c3554, 6eae0c21-01aa-4169-956f-5952b26ea7ba:c3552, 8d7dcba1-3b82-4d94-a832-514ef5c79cf8:c3552]
2019-08-21 02:17:29,502 [grpc-default-executor-1] INFO  client.GrpcClientProtocolClient (GrpcClientProtocolClient.java:onNext(255)) - client-54CC064C3FCE->8224e767-71c1-41fc-a01a-d172d48fd9d8: receive RaftClientReply:client-54CC064C3FCE->8224e767-71c1-41fc-a01a-d172d48fd9d8@group-F6B37CC92441, cid=2404, SUCCESS, logIndex=3554, commits[8224e767-71c1-41fc-a01a-d172d48fd9d8:c3554, 6eae0c21-01aa-4169-956f-5952b26ea7ba:c3552, 8d7dcba1-3b82-4d94-a832-514ef5c79cf8:c3552]
2019-08-21 02:17:29,519 | INFO  | DNAudit | user=null | ip=null | op=WRITE_CHUNK {blockData=conID: 1 locID: 102652565877359175 bcsId: 3550} | ret=SUCCESS |  
2019-08-21 02:17:29,519 | INFO  | DNAudit | user=null | ip=null | op=WRITE_CHUNK {blockData=conID: 1 locID: 102652565877359175 bcsId: 3550} | ret=SUCCESS |  
2019-08-21 02:17:29,531 | INFO  | DNAudit | user=null | ip=null | op=PUT_BLOCK {blockData=[blockId=conID: 1 locID: 102652565877359175 bcsId: 0,size=4194304]} | ret=SUCCESS |  
2019-08-21 02:17:29,532 | INFO  | DNAudit | user=null | ip=null | op=PUT_BLOCK {blockData=[blockId=conID: 1 locID: 102652565877359175 bcsId: 0,size=4194304]} | ret=SUCCESS |  
2019-08-21 02:17:29,532 [grpc-default-executor-1] INFO  client.GrpcClientProtocolClient (GrpcClientProtocolClient.java:onNext(255)) - client-54CC064C3FCE->8224e767-71c1-41fc-a01a-d172d48fd9d8: receive RaftClientReply:client-54CC064C3FCE->8224e767-71c1-41fc-a01a-d172d48fd9d8@group-F6B37CC92441, cid=2405, SUCCESS, logIndex=0, commits[8224e767-71c1-41fc-a01a-d172d48fd9d8:c3556, 6eae0c21-01aa-4169-956f-5952b26ea7ba:c3554, 8d7dcba1-3b82-4d94-a832-514ef5c79cf8:c3554]
2019-08-21 02:17:29,671 | INFO  | SCMAudit | user=jenkins1000 | ip=192.168.34.10 | op=ALLOCATE_BLOCK {owner=b6f66289-f2a0-4058-b052-0a85e40df67b, size=4194304, type=RATIS, factor=THREE} | ret=SUCCESS |  
2019-08-21 02:17:29,675 | INFO  | OMAudit | user=jenkins1000 | ip=127.0.0.1 | op=ALLOCATE_BLOCK {volume=vol-0-90982, bucket=bucket-0-24269, key=key-0-81262, dataSize=0, replicationType=null, replicationFactor=null, keyLocationInfo=null, clientID=102652564580991378} | ret=SUCCESS |  
2019-08-21 02:17:29,685 | INFO  | DNAudit | user=null | ip=null | op=WRITE_CHUNK {blockData=conID: 2 locID: 102652565892039240 bcsId: 0} | ret=SUCCESS |  
2019-08-21 02:17:29,688 | INFO  | DNAudit | user=null | ip=null | op=WRITE_CHUNK {blockData=conID: 2 locID: 102652565892039240 bcsId: 0} | ret=SUCCESS |  
2019-08-21 02:17:29,689 | INFO  | DNAudit | user=null | ip=null | op=WRITE_CHUNK {blockData=conID: 2 locID: 102652565892039240 bcsId: 0} | ret=SUCCESS |  
2019-08-21 02:17:29,689 | INFO  | DNAudit | user=null | ip=null | op=WRITE_CHUNK {blockData=conID: 2 locID: 102652565892039240 bcsId: 0} | ret=SUCCESS |  
2019-08-21 02:17:29,690 | INFO  | DNAudit | user=null | ip=null | op=WRITE_CHUNK {blockData=conID: 2 locID: 102652565892039240 bcsId: 0} | ret=SUCCESS |  
2019-08-21 02:17:29,691 | INFO  | DNAudit | user=null | ip=null | op=WRITE_CHUNK {blockData=conID: 2 locID: 102652565892039240 bcsId: 0} | ret=SUCCESS |  
2019-08-21 02:17:29,699 | INFO  | DNAudit | user=null | ip=null | op=WRITE_CHUNK {blockData=conID: 2 locID: 102652565892039240 bcsId: 0} | ret=SUCCESS |  
2019-08-21 02:17:29,700 | INFO  | DNAudit | user=null | ip=null | op=PUT_BLOCK {blockData=[blockId=conID: 2 locID: 102652565892039240 bcsId: 0,size=1048576]} | ret=SUCCESS |  
2019-08-21 02:17:29,700 [grpc-default-executor-1] INFO  client.GrpcClientProtocolClient (GrpcClientProtocolClient.java:onNext(255)) - client-54CC064C3FCE->8224e767-71c1-41fc-a01a-d172d48fd9d8: receive RaftClientReply:client-54CC064C3FCE->8224e767-71c1-41fc-a01a-d172d48fd9d8@group-F6B37CC92441, cid=2406, SUCCESS, logIndex=3557, commits[8224e767-71c1-41fc-a01a-d172d48fd9d8:c3558, 6eae0c21-01aa-4169-956f-5952b26ea7ba:c3556, 8d7dcba1-3b82-4d94-a832-514ef5c79cf8:c3556]
2019-08-21 02:17:29,701 [grpc-default-executor-1] INFO  client.GrpcClientProtocolClient (GrpcClientProtocolClient.java:onNext(255)) - client-54CC064C3FCE->8224e767-71c1-41fc-a01a-d172d48fd9d8: receive RaftClientReply:client-54CC064C3FCE->8224e767-71c1-41fc-a01a-d172d48fd9d8@group-F6B37CC92441, cid=2407, SUCCESS, logIndex=3558, commits[8224e767-71c1-41fc-a01a-d172d48fd9d8:c3558, 6eae0c21-01aa-4169-956f-5952b26ea7ba:c3556, 8d7dcba1-3b82-4d94-a832-514ef5c79cf8:c3556]
2019-08-21 02:17:29,709 | INFO  | DNAudit | user=null | ip=null | op=WRITE_CHUNK {blockData=conID: 2 locID: 102652565892039240 bcsId: 0} | ret=SUCCESS |  
2019-08-21 02:17:29,709 | INFO  | DNAudit | user=null | ip=null | op=PUT_BLOCK {blockData=[blockId=conID: 2 locID: 102652565892039240 bcsId: 0,size=2097152]} | ret=SUCCESS |  
2019-08-21 02:17:29,710 [grpc-default-executor-1] INFO  client.GrpcClientProtocolClient (GrpcClientProtocolClient.java:onNext(255)) - client-54CC064C3FCE->8224e767-71c1-41fc-a01a-d172d48fd9d8: receive RaftClientReply:client-54CC064C3FCE->8224e767-71c1-41fc-a01a-d172d48fd9d8@group-F6B37CC92441, cid=2408, SUCCESS, logIndex=3559, commits[8224e767-71c1-41fc-a01a-d172d48fd9d8:c3560, 6eae0c21-01aa-4169-956f-5952b26ea7ba:c3556, 8d7dcba1-3b82-4d94-a832-514ef5c79cf8:c3556]
2019-08-21 02:17:29,710 [grpc-default-executor-1] INFO  client.GrpcClientProtocolClient (GrpcClientProtocolClient.java:onNext(255)) - client-54CC064C3FCE->8224e767-71c1-41fc-a01a-d172d48fd9d8: receive RaftClientReply:client-54CC064C3FCE->8224e767-71c1-41fc-a01a-d172d48fd9d8@group-F6B37CC92441, cid=2409, SUCCESS, logIndex=3560, commits[8224e767-71c1-41fc-a01a-d172d48fd9d8:c3560, 6eae0c21-01aa-4169-956f-5952b26ea7ba:c3556, 8d7dcba1-3b82-4d94-a832-514ef5c79cf8:c3556]
2019-08-21 02:17:29,711 | INFO  | DNAudit | user=null | ip=null | op=WRITE_CHUNK {blockData=conID: 2 locID: 102652565892039240 bcsId: 0} | ret=SUCCESS |  
2019-08-21 02:17:29,711 | INFO  | DNAudit | user=null | ip=null | op=WRITE_CHUNK {blockData=conID: 2 locID: 102652565892039240 bcsId: 0} | ret=SUCCESS |  
2019-08-21 02:17:29,711 | INFO  | DNAudit | user=null | ip=null | op=PUT_BLOCK {blockData=[blockId=conID: 2 locID: 102652565892039240 bcsId: 0,size=1048576]} | ret=SUCCESS |  
2019-08-21 02:17:29,712 | INFO  | DNAudit | user=null | ip=null | op=PUT_BLOCK {blockData=[blockId=conID: 2 locID: 102652565892039240 bcsId: 0,size=1048576]} | ret=SUCCESS |  
2019-08-21 02:17:29,712 [grpc-default-executor-1] INFO  client.GrpcClientProtocolClient (GrpcClientProtocolClient.java:onNext(255)) - client-54CC064C3FCE->8224e767-71c1-41fc-a01a-d172d48fd9d8: receive RaftClientReply:client-54CC064C3FCE->8224e767-71c1-41fc-a01a-d172d48fd9d8@group-F6B37CC92441, cid=2410, SUCCESS, logIndex=0, commits[8224e767-71c1-41fc-a01a-d172d48fd9d8:c3560, 6eae0c21-01aa-4169-956f-5952b26ea7ba:c3558, 8d7dcba1-3b82-4d94-a832-514ef5c79cf8:c3558]
2019-08-21 02:17:29,719 | INFO  | DNAudit | user=null | ip=null | op=WRITE_CHUNK {blockData=conID: 2 locID: 102652565892039240 bcsId: 3560} | ret=SUCCESS |  
2019-08-21 02:17:29,723 | INFO  | DNAudit | user=null | ip=null | op=WRITE_CHUNK {blockData=conID: 2 locID: 102652565892039240 bcsId: 3560} | ret=SUCCESS |  
2019-08-21 02:17:29,723 | INFO  | DNAudit | user=null | ip=null | op=WRITE_CHUNK {blockData=conID: 2 locID: 102652565892039240 bcsId: 3560} | ret=SUCCESS |  
2019-08-21 02:17:29,743 | INFO  | DNAudit | user=null | ip=null | op=WRITE_CHUNK {blockData=conID: 2 locID: 102652565892039240 bcsId: 0} | ret=SUCCESS |  
2019-08-21 02:17:29,743 | INFO  | DNAudit | user=null | ip=null | op=WRITE_CHUNK {blockData=conID: 2 locID: 102652565892039240 bcsId: 0} | ret=SUCCESS |  
2019-08-21 02:17:29,744 | INFO  | DNAudit | user=null | ip=null | op=WRITE_CHUNK {blockData=conID: 2 locID: 102652565892039240 bcsId: 3560} | ret=SUCCESS |  
2019-08-21 02:17:29,744 | INFO  | DNAudit | user=null | ip=null | op=PUT_BLOCK {blockData=[blockId=conID: 2 locID: 102652565892039240 bcsId: 0,size=2097152]} | ret=SUCCESS |  
2019-08-21 02:17:29,744 | INFO  | DNAudit | user=null | ip=null | op=PUT_BLOCK {blockData=[blockId=conID: 2 locID: 102652565892039240 bcsId: 0,size=2097152]} | ret=SUCCESS |  
2019-08-21 02:17:29,744 | INFO  | DNAudit | user=null | ip=null | op=PUT_BLOCK {blockData=[blockId=conID: 2 locID: 102652565892039240 bcsId: 0,size=3145728]} | ret=SUCCESS |  
2019-08-21 02:17:29,744 [grpc-default-executor-3] INFO  client.GrpcClientProtocolClient (GrpcClientProtocolClient.java:onNext(255)) - client-54CC064C3FCE->8224e767-71c1-41fc-a01a-d172d48fd9d8: receive RaftClientReply:client-54CC064C3FCE->8224e767-71c1-41fc-a01a-d172d48fd9d8@group-F6B37CC92441, cid=2411, SUCCESS, logIndex=3565, commits[8224e767-71c1-41fc-a01a-d172d48fd9d8:c3566, 6eae0c21-01aa-4169-956f-5952b26ea7ba:c3560, 8d7dcba1-3b82-4d94-a832-514ef5c79cf8:c3560]
2019-08-21 02:17:29,745 [grpc-default-executor-3] INFO  client.GrpcClientProtocolClient (GrpcClientProtocolClient.java:onNext(255)) - client-54CC064C3FCE->8224e767-71c1-41fc-a01a-d172d48fd9d8: receive RaftClientReply:client-54CC064C3FCE->8224e767-71c1-41fc-a01a-d172d48fd9d8@group-F6B37CC92441, cid=2412, SUCCESS, logIndex=3566, commits[8224e767-71c1-41fc-a01a-d172d48fd9d8:c3566, 6eae0c21-01aa-4169-956f-5952b26ea7ba:c3560, 8d7dcba1-3b82-4d94-a832-514ef5c79cf8:c3560]
2019-08-21 02:17:29,752 | INFO  | DNAudit | user=null | ip=null | op=WRITE_CHUNK {blockData=conID: 2 locID: 102652565892039240 bcsId: 3566} | ret=SUCCESS |  
2019-08-21 02:17:29,755 | INFO  | DNAudit | user=null | ip=null | op=WRITE_CHUNK {blockData=conID: 2 locID: 102652565892039240 bcsId: 3566} | ret=SUCCESS |  
2019-08-21 02:17:29,755 | INFO  | DNAudit | user=null | ip=null | op=WRITE_CHUNK {blockData=conID: 2 locID: 102652565892039240 bcsId: 3566} | ret=SUCCESS |  
2019-08-21 02:17:29,763 | INFO  | DNAudit | user=null | ip=null | op=WRITE_CHUNK {blockData=conID: 2 locID: 102652565892039240 bcsId: 3560} | ret=SUCCESS |  
2019-08-21 02:17:29,764 | INFO  | DNAudit | user=null | ip=null | op=WRITE_CHUNK {blockData=conID: 2 locID: 102652565892039240 bcsId: 3560} | ret=SUCCESS |  
2019-08-21 02:17:29,766 | INFO  | DNAudit | user=null | ip=null | op=PUT_BLOCK {blockData=[blockId=conID: 2 locID: 102652565892039240 bcsId: 0,size=3145728]} | ret=SUCCESS |  
2019-08-21 02:17:29,767 | INFO  | DNAudit | user=null | ip=null | op=WRITE_CHUNK {blockData=conID: 2 locID: 102652565892039240 bcsId: 3566} | ret=SUCCESS |  
2019-08-21 02:17:29,767 | INFO  | DNAudit | user=null | ip=null | op=PUT_BLOCK {blockData=[blockId=conID: 2 locID: 102652565892039240 bcsId: 0,size=4194304]} | ret=SUCCESS |  
2019-08-21 02:17:29,767 [grpc-default-executor-3] INFO  client.GrpcClientProtocolClient (GrpcClientProtocolClient.java:onNext(255)) - client-54CC064C3FCE->8224e767-71c1-41fc-a01a-d172d48fd9d8: receive RaftClientReply:client-54CC064C3FCE->8224e767-71c1-41fc-a01a-d172d48fd9d8@group-F6B37CC92441, cid=2413, SUCCESS, logIndex=3569, commits[8224e767-71c1-41fc-a01a-d172d48fd9d8:c3570, 6eae0c21-01aa-4169-956f-5952b26ea7ba:c3566, 8d7dcba1-3b82-4d94-a832-514ef5c79cf8:c3565]
2019-08-21 02:17:29,768 [grpc-default-executor-3] INFO  client.GrpcClientProtocolClient (GrpcClientProtocolClient.java:onNext(255)) - client-54CC064C3FCE->8224e767-71c1-41fc-a01a-d172d48fd9d8: receive RaftClientReply:client-54CC064C3FCE->8224e767-71c1-41fc-a01a-d172d48fd9d8@group-F6B37CC92441, cid=2414, SUCCESS, logIndex=3570, commits[8224e767-71c1-41fc-a01a-d172d48fd9d8:c3570, 6eae0c21-01aa-4169-956f-5952b26ea7ba:c3566, 8d7dcba1-3b82-4d94-a832-514ef5c79cf8:c3565]
2019-08-21 02:17:29,777 | INFO  | DNAudit | user=null | ip=null | op=PUT_BLOCK {blockData=[blockId=conID: 2 locID: 102652565892039240 bcsId: 0,size=3145728]} | ret=SUCCESS |  
2019-08-21 02:17:29,778 [grpc-default-executor-3] INFO  client.GrpcClientProtocolClient (GrpcClientProtocolClient.java:onNext(255)) - client-54CC064C3FCE->8224e767-71c1-41fc-a01a-d172d48fd9d8: receive RaftClientReply:client-54CC064C3FCE->8224e767-71c1-41fc-a01a-d172d48fd9d8@group-F6B37CC92441, cid=2415, SUCCESS, logIndex=0, commits[8224e767-71c1-41fc-a01a-d172d48fd9d8:c3570, 6eae0c21-01aa-4169-956f-5952b26ea7ba:c3566, 8d7dcba1-3b82-4d94-a832-514ef5c79cf8:c3566]
2019-08-21 02:17:29,779 | INFO  | DNAudit | user=null | ip=null | op=WRITE_CHUNK {blockData=conID: 2 locID: 102652565892039240 bcsId: 3566} | ret=SUCCESS |  
2019-08-21 02:17:29,780 | INFO  | DNAudit | user=null | ip=null | op=PUT_BLOCK {blockData=[blockId=conID: 2 locID: 102652565892039240 bcsId: 0,size=4194304]} | ret=SUCCESS |  
2019-08-21 02:17:29,790 | INFO  | DNAudit | user=null | ip=null | op=WRITE_CHUNK {blockData=conID: 2 locID: 102652565892039240 bcsId: 3566} | ret=SUCCESS |  
2019-08-21 02:17:29,791 | INFO  | DNAudit | user=null | ip=null | op=PUT_BLOCK {blockData=[blockId=conID: 2 locID: 102652565892039240 bcsId: 0,size=4194304]} | ret=SUCCESS |  
2019-08-21 02:17:29,791 [grpc-default-executor-3] INFO  client.GrpcClientProtocolClient (GrpcClientProtocolClient.java:onNext(255)) - client-54CC064C3FCE->8224e767-71c1-41fc-a01a-d172d48fd9d8: receive RaftClientReply:client-54CC064C3FCE->8224e767-71c1-41fc-a01a-d172d48fd9d8@group-F6B37CC92441, cid=2416, SUCCESS, logIndex=0, commits[8224e767-71c1-41fc-a01a-d172d48fd9d8:c3571, 6eae0c21-01aa-4169-956f-5952b26ea7ba:c3570, 8d7dcba1-3b82-4d94-a832-514ef5c79cf8:c3570]
2019-08-21 02:17:29,798 | INFO  | SCMAudit | user=jenkins1000 | ip=192.168.34.10 | op=ALLOCATE_BLOCK {owner=b6f66289-f2a0-4058-b052-0a85e40df67b, size=4194304, type=RATIS, factor=THREE} | ret=SUCCESS |  
2019-08-21 02:17:29,803 | INFO  | OMAudit | user=jenkins1000 | ip=127.0.0.1 | op=ALLOCATE_BLOCK {volume=vol-0-90982, bucket=bucket-0-24269, key=key-0-81262, dataSize=0, replicationType=null, replicationFactor=null, keyLocationInfo=null, clientID=102652564580991378} | ret=SUCCESS |  
2019-08-21 02:17:29,810 | INFO  | DNAudit | user=null | ip=null | op=WRITE_CHUNK {blockData=conID: 3 locID: 102652565900362313 bcsId: 0} | ret=SUCCESS |  
2019-08-21 02:17:29,814 | INFO  | DNAudit | user=null | ip=null | op=WRITE_CHUNK {blockData=conID: 3 locID: 102652565900362313 bcsId: 0} | ret=SUCCESS |  
2019-08-21 02:17:29,814 | INFO  | DNAudit | user=null | ip=null | op=WRITE_CHUNK {blockData=conID: 3 locID: 102652565900362313 bcsId: 0} | ret=SUCCESS |  
2019-08-21 02:17:29,814 | INFO  | DNAudit | user=null | ip=null | op=WRITE_CHUNK {blockData=conID: 3 locID: 102652565900362313 bcsId: 0} | ret=SUCCESS |  
2019-08-21 02:17:29,816 | INFO  | DNAudit | user=null | ip=null | op=WRITE_CHUNK {blockData=conID: 3 locID: 102652565900362313 bcsId: 0} | ret=SUCCESS |  
2019-08-21 02:17:29,816 | INFO  | DNAudit | user=null | ip=null | op=WRITE_CHUNK {blockData=conID: 3 locID: 102652565900362313 bcsId: 0} | ret=SUCCESS |  
2019-08-21 02:17:29,838 | INFO  | DNAudit | user=null | ip=null | op=WRITE_CHUNK {blockData=conID: 3 locID: 102652565900362313 bcsId: 0} | ret=SUCCESS |  
2019-08-21 02:17:29,838 | INFO  | DNAudit | user=null | ip=null | op=PUT_BLOCK {blockData=[blockId=conID: 3 locID: 102652565900362313 bcsId: 0,size=1048576]} | ret=SUCCESS |  
2019-08-21 02:17:29,839 [grpc-default-executor-4] INFO  client.GrpcClientProtocolClient (GrpcClientProtocolClient.java:onNext(255)) - client-54CC064C3FCE->8224e767-71c1-41fc-a01a-d172d48fd9d8: receive RaftClientReply:client-54CC064C3FCE->8224e767-71c1-41fc-a01a-d172d48fd9d8@group-F6B37CC92441, cid=2417, SUCCESS, logIndex=3573, commits[8224e767-71c1-41fc-a01a-d172d48fd9d8:c3575, 6eae0c21-01aa-4169-956f-5952b26ea7ba:c3572, 8d7dcba1-3b82-4d94-a832-514ef5c79cf8:c3572]
2019-08-21 02:17:29,839 | INFO  | DNAudit | user=null | ip=null | op=WRITE_CHUNK {blockData=conID: 3 locID: 102652565900362313 bcsId: 0} | ret=SUCCESS |  
2019-08-21 02:17:29,839 | INFO  | DNAudit | user=null | ip=null | op=PUT_BLOCK {blockData=[blockId=conID: 3 locID: 102652565900362313 bcsId: 0,size=2097152]} | ret=SUCCESS |  
2019-08-21 02:17:29,839 [grpc-default-executor-4] INFO  client.GrpcClientProtocolClient (GrpcClientProtocolClient.java:onNext(255)) - client-54CC064C3FCE->8224e767-71c1-41fc-a01a-d172d48fd9d8: receive RaftClientReply:client-54CC064C3FCE->8224e767-71c1-41fc-a01a-d172d48fd9d8@group-F6B37CC92441, cid=2418, SUCCESS, logIndex=3574, commits[8224e767-71c1-41fc-a01a-d172d48fd9d8:c3576, 6eae0c21-01aa-4169-956f-5952b26ea7ba:c3572, 8d7dcba1-3b82-4d94-a832-514ef5c79cf8:c3572]
2019-08-21 02:17:29,840 [grpc-default-executor-4] INFO  client.GrpcClientProtocolClient (GrpcClientProtocolClient.java:onNext(255)) - client-54CC064C3FCE->8224e767-71c1-41fc-a01a-d172d48fd9d8: receive RaftClientReply:client-54CC064C3FCE->8224e767-71c1-41fc-a01a-d172d48fd9d8@group-F6B37CC92441, cid=2419, SUCCESS, logIndex=3575, commits[8224e767-71c1-41fc-a01a-d172d48fd9d8:c3576, 6eae0c21-01aa-4169-956f-5952b26ea7ba:c3572, 8d7dcba1-3b82-4d94-a832-514ef5c79cf8:c3572]
2019-08-21 02:17:29,840 [grpc-default-executor-4] INFO  client.GrpcClientProtocolClient (GrpcClientProtocolClient.java:onNext(255)) - client-54CC064C3FCE->8224e767-71c1-41fc-a01a-d172d48fd9d8: receive RaftClientReply:client-54CC064C3FCE->8224e767-71c1-41fc-a01a-d172d48fd9d8@group-F6B37CC92441, cid=2420, SUCCESS, logIndex=3576, commits[8224e767-71c1-41fc-a01a-d172d48fd9d8:c3576, 6eae0c21-01aa-4169-956f-5952b26ea7ba:c3572, 8d7dcba1-3b82-4d94-a832-514ef5c79cf8:c3572]
2019-08-21 02:17:29,891 | INFO  | DNAudit | user=null | ip=null | op=WRITE_CHUNK {blockData=conID: 3 locID: 102652565900362313 bcsId: 0} | ret=SUCCESS |  
2019-08-21 02:17:29,891 | INFO  | DNAudit | user=null | ip=null | op=WRITE_CHUNK {blockData=conID: 3 locID: 102652565900362313 bcsId: 0} | ret=SUCCESS |  
2019-08-21 02:17:29,892 | INFO  | DNAudit | user=null | ip=null | op=PUT_BLOCK {blockData=[blockId=conID: 3 locID: 102652565900362313 bcsId: 0,size=1048576]} | ret=SUCCESS |  
2019-08-21 02:17:29,892 | INFO  | DNAudit | user=null | ip=null | op=PUT_BLOCK {blockData=[blockId=conID: 3 locID: 102652565900362313 bcsId: 0,size=1048576]} | ret=SUCCESS |  
2019-08-21 02:17:29,892 | INFO  | DNAudit | user=null | ip=null | op=WRITE_CHUNK {blockData=conID: 3 locID: 102652565900362313 bcsId: 0} | ret=SUCCESS |  
2019-08-21 02:17:29,893 | INFO  | DNAudit | user=null | ip=null | op=PUT_BLOCK {blockData=[blockId=conID: 3 locID: 102652565900362313 bcsId: 0,size=2097152]} | ret=SUCCESS |  
2019-08-21 02:17:29,893 | INFO  | DNAudit | user=null | ip=null | op=WRITE_CHUNK {blockData=conID: 3 locID: 102652565900362313 bcsId: 0} | ret=SUCCESS |  
2019-08-21 02:17:29,893 [grpc-default-executor-4] INFO  client.GrpcClientProtocolClient (GrpcClientProtocolClient.java:onNext(255)) - client-54CC064C3FCE->8224e767-71c1-41fc-a01a-d172d48fd9d8: receive RaftClientReply:client-54CC064C3FCE->8224e767-71c1-41fc-a01a-d172d48fd9d8@group-F6B37CC92441, cid=2421, SUCCESS, logIndex=0, commits[8224e767-71c1-41fc-a01a-d172d48fd9d8:c3578, 6eae0c21-01aa-4169-956f-5952b26ea7ba:c3574, 8d7dcba1-3b82-4d94-a832-514ef5c79cf8:c3574]
2019-08-21 02:17:29,893 | INFO  | DNAudit | user=null | ip=null | op=PUT_BLOCK {blockData=[blockId=conID: 3 locID: 102652565900362313 bcsId: 0,size=2097152]} | ret=SUCCESS |  
2019-08-21 02:17:29,902 | INFO  | DNAudit | user=null | ip=null | op=WRITE_CHUNK {blockData=conID: 3 locID: 102652565900362313 bcsId: 3576} | ret=SUCCESS |  
2019-08-21 02:17:29,904 | INFO  | DNAudit | user=null | ip=null | op=WRITE_CHUNK {blockData=conID: 3 locID: 102652565900362313 bcsId: 3576} | ret=SUCCESS |  
2019-08-21 02:17:29,905 | INFO  | DNAudit | user=null | ip=null | op=WRITE_CHUNK {blockData=conID: 3 locID: 102652565900362313 bcsId: 3576} | ret=SUCCESS |  
2019-08-21 02:17:29,915 | INFO  | DNAudit | user=null | ip=null | op=WRITE_CHUNK {blockData=conID: 3 locID: 102652565900362313 bcsId: 3576} | ret=SUCCESS |  
2019-08-21 02:17:29,915 | INFO  | DNAudit | user=null | ip=null | op=PUT_BLOCK {blockData=[blockId=conID: 3 locID: 102652565900362313 bcsId: 0,size=3145728]} | ret=SUCCESS |  
2019-08-21 02:17:29,916 [grpc-default-executor-4] INFO  client.GrpcClientProtocolClient (GrpcClientProtocolClient.java:onNext(255)) - client-54CC064C3FCE->8224e767-71c1-41fc-a01a-d172d48fd9d8: receive RaftClientReply:client-54CC064C3FCE->8224e767-71c1-41fc-a01a-d172d48fd9d8@group-F6B37CC92441, cid=2422, SUCCESS, logIndex=3581, commits[8224e767-71c1-41fc-a01a-d172d48fd9d8:c3582, 6eae0c21-01aa-4169-956f-5952b26ea7ba:c3580, 8d7dcba1-3b82-4d94-a832-514ef5c79cf8:c3580]
2019-08-21 02:17:29,916 [grpc-default-executor-4] INFO  client.GrpcClientProtocolClient (GrpcClientProtocolClient.java:onNext(255)) - client-54CC064C3FCE->8224e767-71c1-41fc-a01a-d172d48fd9d8: receive RaftClientReply:client-54CC064C3FCE->8224e767-71c1-41fc-a01a-d172d48fd9d8@group-F6B37CC92441, cid=2423, SUCCESS, logIndex=3582, commits[8224e767-71c1-41fc-a01a-d172d48fd9d8:c3582, 6eae0c21-01aa-4169-956f-5952b26ea7ba:c3580, 8d7dcba1-3b82-4d94-a832-514ef5c79cf8:c3580]
2019-08-21 02:17:29,925 | INFO  | DNAudit | user=null | ip=null | op=WRITE_CHUNK {blockData=conID: 3 locID: 102652565900362313 bcsId: 3582} | ret=SUCCESS |  
2019-08-21 02:17:29,928 | INFO  | DNAudit | user=null | ip=null | op=WRITE_CHUNK {blockData=conID: 3 locID: 102652565900362313 bcsId: 3576} | ret=SUCCESS |  
2019-08-21 02:17:29,928 | INFO  | DNAudit | user=null | ip=null | op=WRITE_CHUNK {blockData=conID: 3 locID: 102652565900362313 bcsId: 3582} | ret=SUCCESS |  
2019-08-21 02:17:29,928 | INFO  | DNAudit | user=null | ip=null | op=WRITE_CHUNK {blockData=conID: 3 locID: 102652565900362313 bcsId: 3582} | ret=SUCCESS |  
2019-08-21 02:17:29,928 | INFO  | DNAudit | user=null | ip=null | op=WRITE_CHUNK {blockData=conID: 3 locID: 102652565900362313 bcsId: 3576} | ret=SUCCESS |  
2019-08-21 02:17:29,939 | INFO  | DNAudit | user=null | ip=null | op=PUT_BLOCK {blockData=[blockId=conID: 3 locID: 102652565900362313 bcsId: 0,size=3145728]} | ret=SUCCESS |  
2019-08-21 02:17:29,939 | INFO  | DNAudit | user=null | ip=null | op=PUT_BLOCK {blockData=[blockId=conID: 3 locID: 102652565900362313 bcsId: 0,size=3145728]} | ret=SUCCESS |  
2019-08-21 02:17:29,940 | INFO  | DNAudit | user=null | ip=null | op=WRITE_CHUNK {blockData=conID: 3 locID: 102652565900362313 bcsId: 3582} | ret=SUCCESS |  
2019-08-21 02:17:29,941 | INFO  | DNAudit | user=null | ip=null | op=PUT_BLOCK {blockData=[blockId=conID: 3 locID: 102652565900362313 bcsId: 0,size=4194304]} | ret=SUCCESS |  
2019-08-21 02:17:29,941 [grpc-default-executor-3] INFO  client.GrpcClientProtocolClient (GrpcClientProtocolClient.java:onNext(255)) - client-54CC064C3FCE->8224e767-71c1-41fc-a01a-d172d48fd9d8: receive RaftClientReply:client-54CC064C3FCE->8224e767-71c1-41fc-a01a-d172d48fd9d8@group-F6B37CC92441, cid=2424, SUCCESS, logIndex=3585, commits[8224e767-71c1-41fc-a01a-d172d48fd9d8:c3586, 6eae0c21-01aa-4169-956f-5952b26ea7ba:c3582, 8d7dcba1-3b82-4d94-a832-514ef5c79cf8:c3582]
2019-08-21 02:17:29,941 [grpc-default-executor-3] INFO  client.GrpcClientProtocolClient (GrpcClientProtocolClient.java:onNext(255)) - client-54CC064C3FCE->8224e767-71c1-41fc-a01a-d172d48fd9d8: receive RaftClientReply:client-54CC064C3FCE->8224e767-71c1-41fc-a01a-d172d48fd9d8@group-F6B37CC92441, cid=2425, SUCCESS, logIndex=3586, commits[8224e767-71c1-41fc-a01a-d172d48fd9d8:c3586, 6eae0c21-01aa-4169-956f-5952b26ea7ba:c3582, 8d7dcba1-3b82-4d94-a832-514ef5c79cf8:c3582]
2019-08-21 02:17:29,953 | INFO  | DNAudit | user=null | ip=null | op=WRITE_CHUNK {blockData=conID: 3 locID: 102652565900362313 bcsId: 3582} | ret=SUCCESS |  
2019-08-21 02:17:29,953 | INFO  | DNAudit | user=null | ip=null | op=WRITE_CHUNK {blockData=conID: 3 locID: 102652565900362313 bcsId: 3582} | ret=SUCCESS |  
2019-08-21 02:17:29,966 | INFO  | DNAudit | user=null | ip=null | op=PUT_BLOCK {blockData=[blockId=conID: 3 locID: 102652565900362313 bcsId: 0,size=4194304]} | ret=SUCCESS |  
2019-08-21 02:17:29,967 | INFO  | DNAudit | user=null | ip=null | op=PUT_BLOCK {blockData=[blockId=conID: 3 locID: 102652565900362313 bcsId: 0,size=4194304]} | ret=SUCCESS |  
2019-08-21 02:17:29,967 [grpc-default-executor-3] INFO  client.GrpcClientProtocolClient (GrpcClientProtocolClient.java:onNext(255)) - client-54CC064C3FCE->8224e767-71c1-41fc-a01a-d172d48fd9d8: receive RaftClientReply:client-54CC064C3FCE->8224e767-71c1-41fc-a01a-d172d48fd9d8@group-F6B37CC92441, cid=2426, SUCCESS, logIndex=0, commits[8224e767-71c1-41fc-a01a-d172d48fd9d8:c3588, 6eae0c21-01aa-4169-956f-5952b26ea7ba:c3586, 8d7dcba1-3b82-4d94-a832-514ef5c79cf8:c3586]
2019-08-21 02:17:29,974 | INFO  | SCMAudit | user=jenkins1000 | ip=192.168.34.10 | op=ALLOCATE_BLOCK {owner=b6f66289-f2a0-4058-b052-0a85e40df67b, size=4194304, type=RATIS, factor=THREE} | ret=SUCCESS |  
2019-08-21 02:17:29,978 | INFO  | OMAudit | user=jenkins1000 | ip=127.0.0.1 | op=ALLOCATE_BLOCK {volume=vol-0-90982, bucket=bucket-0-24269, key=key-0-81262, dataSize=0, replicationType=null, replicationFactor=null, keyLocationInfo=null, clientID=102652564580991378} | ret=SUCCESS |  
2019-08-21 02:17:29,986 | INFO  | DNAudit | user=null | ip=null | op=WRITE_CHUNK {blockData=conID: 1 locID: 102652565911896650 bcsId: 0} | ret=SUCCESS |  
2019-08-21 02:17:29,988 | INFO  | DNAudit | user=null | ip=null | op=WRITE_CHUNK {blockData=conID: 1 locID: 102652565911896650 bcsId: 0} | ret=SUCCESS |  
2019-08-21 02:17:29,989 | INFO  | DNAudit | user=null | ip=null | op=WRITE_CHUNK {blockData=conID: 1 locID: 102652565911896650 bcsId: 0} | ret=SUCCESS |  
2019-08-21 02:17:29,989 | INFO  | DNAudit | user=null | ip=null | op=WRITE_CHUNK {blockData=conID: 1 locID: 102652565911896650 bcsId: 0} | ret=SUCCESS |  
2019-08-21 02:17:29,992 | INFO  | DNAudit | user=null | ip=null | op=WRITE_CHUNK {blockData=conID: 1 locID: 102652565911896650 bcsId: 0} | ret=SUCCESS |  
2019-08-21 02:17:29,992 | INFO  | DNAudit | user=null | ip=null | op=WRITE_CHUNK {blockData=conID: 1 locID: 102652565911896650 bcsId: 0} | ret=SUCCESS |  
2019-08-21 02:17:29,998 | INFO  | DNAudit | user=null | ip=null | op=WRITE_CHUNK {blockData=conID: 1 locID: 102652565911896650 bcsId: 0} | ret=SUCCESS |  
2019-08-21 02:17:29,999 | INFO  | DNAudit | user=null | ip=null | op=PUT_BLOCK {blockData=[blockId=conID: 1 locID: 102652565911896650 bcsId: 0,size=1048576]} | ret=SUCCESS |  
2019-08-21 02:17:29,999 | INFO  | DNAudit | user=null | ip=null | op=WRITE_CHUNK {blockData=conID: 1 locID: 102652565911896650 bcsId: 0} | ret=SUCCESS |  
2019-08-21 02:17:29,999 [grpc-default-executor-1] INFO  client.GrpcClientProtocolClient (GrpcClientProtocolClient.java:onNext(255)) - client-54CC064C3FCE->8224e767-71c1-41fc-a01a-d172d48fd9d8: receive RaftClientReply:client-54CC064C3FCE->8224e767-71c1-41fc-a01a-d172d48fd9d8@group-F6B37CC92441, cid=2427, SUCCESS, logIndex=3589, commits[8224e767-71c1-41fc-a01a-d172d48fd9d8:c3590, 6eae0c21-01aa-4169-956f-5952b26ea7ba:c3588, 8d7dcba1-3b82-4d94-a832-514ef5c79cf8:c3588]
2019-08-21 02:17:30,000 | INFO  | DNAudit | user=null | ip=null | op=PUT_BLOCK {blockData=[blockId=conID: 1 locID: 102652565911896650 bcsId: 0,size=2097152]} | ret=SUCCESS |  
2019-08-21 02:17:30,000 [grpc-default-executor-1] INFO  client.GrpcClientProtocolClient (GrpcClientProtocolClient.java:onNext(255)) - client-54CC064C3FCE->8224e767-71c1-41fc-a01a-d172d48fd9d8: receive RaftClientReply:client-54CC064C3FCE->8224e767-71c1-41fc-a01a-d172d48fd9d8@group-F6B37CC92441, cid=2428, SUCCESS, logIndex=3590, commits[8224e767-71c1-41fc-a01a-d172d48fd9d8:c3592, 6eae0c21-01aa-4169-956f-5952b26ea7ba:c3588, 8d7dcba1-3b82-4d94-a832-514ef5c79cf8:c3588]
2019-08-21 02:17:30,000 [grpc-default-executor-1] INFO  client.GrpcClientProtocolClient (GrpcClientProtocolClient.java:onNext(255)) - client-54CC064C3FCE->8224e767-71c1-41fc-a01a-d172d48fd9d8: receive RaftClientReply:client-54CC064C3FCE->8224e767-71c1-41fc-a01a-d172d48fd9d8@group-F6B37CC92441, cid=2429, SUCCESS, logIndex=3591, commits[8224e767-71c1-41fc-a01a-d172d48fd9d8:c3592, 6eae0c21-01aa-4169-956f-5952b26ea7ba:c3588, 8d7dcba1-3b82-4d94-a832-514ef5c79cf8:c3588]
2019-08-21 02:17:30,000 [grpc-default-executor-1] INFO  client.GrpcClientProtocolClient (GrpcClientProtocolClient.java:onNext(255)) - client-54CC064C3FCE->8224e767-71c1-41fc-a01a-d172d48fd9d8: receive RaftClientReply:client-54CC064C3FCE->8224e767-71c1-41fc-a01a-d172d48fd9d8@group-F6B37CC92441, cid=2430, SUCCESS, logIndex=3592, commits[8224e767-71c1-41fc-a01a-d172d48fd9d8:c3592, 6eae0c21-01aa-4169-956f-5952b26ea7ba:c3588, 8d7dcba1-3b82-4d94-a832-514ef5c79cf8:c3588]
2019-08-21 02:17:30,002 | INFO  | DNAudit | user=null | ip=null | op=WRITE_CHUNK {blockData=conID: 1 locID: 102652565911896650 bcsId: 0} | ret=SUCCESS |  
2019-08-21 02:17:30,002 | INFO  | DNAudit | user=null | ip=null | op=WRITE_CHUNK {blockData=conID: 1 locID: 102652565911896650 bcsId: 0} | ret=SUCCESS |  
2019-08-21 02:17:30,002 | INFO  | DNAudit | user=null | ip=null | op=PUT_BLOCK {blockData=[blockId=conID: 1 locID: 102652565911896650 bcsId: 0,size=1048576]} | ret=SUCCESS |  
2019-08-21 02:17:30,005 | INFO  | DNAudit | user=null | ip=null | op=PUT_BLOCK {blockData=[blockId=conID: 1 locID: 102652565911896650 bcsId: 0,size=1048576]} | ret=SUCCESS |  
2019-08-21 02:17:30,005 | INFO  | DNAudit | user=null | ip=null | op=WRITE_CHUNK {blockData=conID: 1 locID: 102652565911896650 bcsId: 0} | ret=SUCCESS |  
2019-08-21 02:17:30,005 | INFO  | DNAudit | user=null | ip=null | op=WRITE_CHUNK {blockData=conID: 1 locID: 102652565911896650 bcsId: 0} | ret=SUCCESS |  
2019-08-21 02:17:30,006 | INFO  | DNAudit | user=null | ip=null | op=PUT_BLOCK {blockData=[blockId=conID: 1 locID: 102652565911896650 bcsId: 0,size=2097152]} | ret=SUCCESS |  
2019-08-21 02:17:30,006 | INFO  | DNAudit | user=null | ip=null | op=PUT_BLOCK {blockData=[blockId=conID: 1 locID: 102652565911896650 bcsId: 0,size=2097152]} | ret=SUCCESS |  
2019-08-21 02:17:30,006 [grpc-default-executor-1] INFO  client.GrpcClientProtocolClient (GrpcClientProtocolClient.java:onNext(255)) - client-54CC064C3FCE->8224e767-71c1-41fc-a01a-d172d48fd9d8: receive RaftClientReply:client-54CC064C3FCE->8224e767-71c1-41fc-a01a-d172d48fd9d8@group-F6B37CC92441, cid=2431, SUCCESS, logIndex=0, commits[8224e767-71c1-41fc-a01a-d172d48fd9d8:c3594, 6eae0c21-01aa-4169-956f-5952b26ea7ba:c3590, 8d7dcba1-3b82-4d94-a832-514ef5c79cf8:c3590]
2019-08-21 02:17:30,014 | INFO  | DNAudit | user=null | ip=null | op=WRITE_CHUNK {blockData=conID: 1 locID: 102652565911896650 bcsId: 3592} | ret=SUCCESS |  
2019-08-21 02:17:30,016 | INFO  | DNAudit | user=null | ip=null | op=WRITE_CHUNK {blockData=conID: 1 locID: 102652565911896650 bcsId: 3592} | ret=SUCCESS |  
2019-08-21 02:17:30,016 | INFO  | DNAudit | user=null | ip=null | op=WRITE_CHUNK {blockData=conID: 1 locID: 102652565911896650 bcsId: 3592} | ret=SUCCESS |  
2019-08-21 02:17:30,022 | INFO  | DNAudit | user=null | ip=null | op=WRITE_CHUNK {blockData=conID: 1 locID: 102652565911896650 bcsId: 3592} | ret=SUCCESS |  
2019-08-21 02:17:30,023 | INFO  | DNAudit | user=null | ip=null | op=PUT_BLOCK {blockData=[blockId=conID: 1 locID: 102652565911896650 bcsId: 0,size=3145728]} | ret=SUCCESS |  
2019-08-21 02:17:30,023 [grpc-default-executor-3] INFO  client.GrpcClientProtocolClient (GrpcClientProtocolClient.java:onNext(255)) - client-54CC064C3FCE->8224e767-71c1-41fc-a01a-d172d48fd9d8: receive RaftClientReply:client-54CC064C3FCE->8224e767-71c1-41fc-a01a-d172d48fd9d8@group-F6B37CC92441, cid=2432, SUCCESS, logIndex=3597, commits[8224e767-71c1-41fc-a01a-d172d48fd9d8:c3598, 6eae0c21-01aa-4169-956f-5952b26ea7ba:c3596, 8d7dcba1-3b82-4d94-a832-514ef5c79cf8:c3596]
2019-08-21 02:17:30,024 [grpc-default-executor-3] INFO  client.GrpcClientProtocolClient (GrpcClientProtocolClient.java:onNext(255)) - client-54CC064C3FCE->8224e767-71c1-41fc-a01a-d172d48fd9d8: receive RaftClientReply:client-54CC064C3FCE->8224e767-71c1-41fc-a01a-d172d48fd9d8@group-F6B37CC92441, cid=2433, SUCCESS, logIndex=3598, commits[8224e767-71c1-41fc-a01a-d172d48fd9d8:c3598, 6eae0c21-01aa-4169-956f-5952b26ea7ba:c3596, 8d7dcba1-3b82-4d94-a832-514ef5c79cf8:c3596]
2019-08-21 02:17:30,028 | INFO  | DNAudit | user=null | ip=null | op=WRITE_CHUNK {blockData=conID: 1 locID: 102652565911896650 bcsId: 3592} | ret=SUCCESS |  
2019-08-21 02:17:30,029 | INFO  | DNAudit | user=null | ip=null | op=WRITE_CHUNK {blockData=conID: 1 locID: 102652565911896650 bcsId: 3592} | ret=SUCCESS |  
2019-08-21 02:17:30,031 | INFO  | DNAudit | user=null | ip=null | op=WRITE_CHUNK {blockData=conID: 1 locID: 102652565911896650 bcsId: 3598} | ret=SUCCESS |  
2019-08-21 02:17:30,031 | INFO  | DNAudit | user=null | ip=null | op=PUT_BLOCK {blockData=[blockId=conID: 1 locID: 102652565911896650 bcsId: 0,size=3145728]} | ret=SUCCESS |  
2019-08-21 02:17:30,031 | INFO  | DNAudit | user=null | ip=null | op=PUT_BLOCK {blockData=[blockId=conID: 1 locID: 102652565911896650 bcsId: 0,size=3145728]} | ret=SUCCESS |  
2019-08-21 02:17:30,034 | INFO  | DNAudit | user=null | ip=null | op=WRITE_CHUNK {blockData=conID: 1 locID: 102652565911896650 bcsId: 3598} | ret=SUCCESS |  
2019-08-21 02:17:30,034 | INFO  | DNAudit | user=null | ip=null | op=WRITE_CHUNK {blockData=conID: 1 locID: 102652565911896650 bcsId: 3598} | ret=SUCCESS |  
2019-08-21 02:17:30,044 | INFO  | DNAudit | user=null | ip=null | op=WRITE_CHUNK {blockData=conID: 1 locID: 102652565911896650 bcsId: 3598} | ret=SUCCESS |  
2019-08-21 02:17:30,045 | INFO  | DNAudit | user=null | ip=null | op=PUT_BLOCK {blockData=[blockId=conID: 1 locID: 102652565911896650 bcsId: 0,size=4194304]} | ret=SUCCESS |  
2019-08-21 02:17:30,045 [grpc-default-executor-3] INFO  client.GrpcClientProtocolClient (GrpcClientProtocolClient.java:onNext(255)) - client-54CC064C3FCE->8224e767-71c1-41fc-a01a-d172d48fd9d8: receive RaftClientReply:client-54CC064C3FCE->8224e767-71c1-41fc-a01a-d172d48fd9d8@group-F6B37CC92441, cid=2434, SUCCESS, logIndex=3601, commits[8224e767-71c1-41fc-a01a-d172d48fd9d8:c3602, 6eae0c21-01aa-4169-956f-5952b26ea7ba:c3599, 8d7dcba1-3b82-4d94-a832-514ef5c79cf8:c3599]
2019-08-21 02:17:30,045 [grpc-default-executor-3] INFO  client.GrpcClientProtocolClient (GrpcClientProtocolClient.java:onNext(255)) - client-54CC064C3FCE->8224e767-71c1-41fc-a01a-d172d48fd9d8: receive RaftClientReply:client-54CC064C3FCE->8224e767-71c1-41fc-a01a-d172d48fd9d8@group-F6B37CC92441, cid=2435, SUCCESS, logIndex=3602, commits[8224e767-71c1-41fc-a01a-d172d48fd9d8:c3602, 6eae0c21-01aa-4169-956f-5952b26ea7ba:c3599, 8d7dcba1-3b82-4d94-a832-514ef5c79cf8:c3599]
2019-08-21 02:17:30,055 | INFO  | DNAudit | user=null | ip=null | op=WRITE_CHUNK {blockData=conID: 1 locID: 102652565911896650 bcsId: 3598} | ret=SUCCESS |  
2019-08-21 02:17:30,056 | INFO  | DNAudit | user=null | ip=null | op=WRITE_CHUNK {blockData=conID: 1 locID: 102652565911896650 bcsId: 3598} | ret=SUCCESS |  
2019-08-21 02:17:30,058 | INFO  | DNAudit | user=null | ip=null | op=PUT_BLOCK {blockData=[blockId=conID: 1 locID: 102652565911896650 bcsId: 0,size=4194304]} | ret=SUCCESS |  
2019-08-21 02:17:30,058 | INFO  | DNAudit | user=null | ip=null | op=PUT_BLOCK {blockData=[blockId=conID: 1 locID: 102652565911896650 bcsId: 0,size=4194304]} | ret=SUCCESS |  
2019-08-21 02:17:30,059 [grpc-default-executor-3] INFO  client.GrpcClientProtocolClient (GrpcClientProtocolClient.java:onNext(255)) - client-54CC064C3FCE->8224e767-71c1-41fc-a01a-d172d48fd9d8: receive RaftClientReply:client-54CC064C3FCE->8224e767-71c1-41fc-a01a-d172d48fd9d8@group-F6B37CC92441, cid=2436, SUCCESS, logIndex=0, commits[8224e767-71c1-41fc-a01a-d172d48fd9d8:c3604, 6eae0c21-01aa-4169-956f-5952b26ea7ba:c3602, 8d7dcba1-3b82-4d94-a832-514ef5c79cf8:c3602]
2019-08-21 02:17:30,066 | INFO  | SCMAudit | user=jenkins1000 | ip=192.168.34.10 | op=ALLOCATE_BLOCK {owner=b6f66289-f2a0-4058-b052-0a85e40df67b, size=4194304, type=RATIS, factor=THREE} | ret=SUCCESS |  
2019-08-21 02:17:30,071 | INFO  | OMAudit | user=jenkins1000 | ip=127.0.0.1 | op=ALLOCATE_BLOCK {volume=vol-0-90982, bucket=bucket-0-24269, key=key-0-81262, dataSize=0, replicationType=null, replicationFactor=null, keyLocationInfo=null, clientID=102652564580991378} | ret=SUCCESS |  
2019-08-21 02:17:30,079 | INFO  | DNAudit | user=null | ip=null | op=WRITE_CHUNK {blockData=conID: 2 locID: 102652565917925963 bcsId: 0} | ret=SUCCESS |  
2019-08-21 02:17:30,083 | INFO  | DNAudit | user=null | ip=null | op=WRITE_CHUNK {blockData=conID: 2 locID: 102652565917925963 bcsId: 0} | ret=SUCCESS |  
2019-08-21 02:17:30,083 | INFO  | DNAudit | user=null | ip=null | op=WRITE_CHUNK {blockData=conID: 2 locID: 102652565917925963 bcsId: 0} | ret=SUCCESS |  
2019-08-21 02:17:30,083 | INFO  | DNAudit | user=null | ip=null | op=WRITE_CHUNK {blockData=conID: 2 locID: 102652565917925963 bcsId: 0} | ret=SUCCESS |  
2019-08-21 02:17:30,086 | INFO  | DNAudit | user=null | ip=null | op=WRITE_CHUNK {blockData=conID: 2 locID: 102652565917925963 bcsId: 0} | ret=SUCCESS |  
2019-08-21 02:17:30,086 | INFO  | DNAudit | user=null | ip=null | op=WRITE_CHUNK {blockData=conID: 2 locID: 102652565917925963 bcsId: 0} | ret=SUCCESS |  
2019-08-21 02:17:30,092 | INFO  | DNAudit | user=null | ip=null | op=WRITE_CHUNK {blockData=conID: 2 locID: 102652565917925963 bcsId: 0} | ret=SUCCESS |  
2019-08-21 02:17:30,093 | INFO  | DNAudit | user=null | ip=null | op=PUT_BLOCK {blockData=[blockId=conID: 2 locID: 102652565917925963 bcsId: 0,size=1048576]} | ret=SUCCESS |  
2019-08-21 02:17:30,093 | INFO  | DNAudit | user=null | ip=null | op=WRITE_CHUNK {blockData=conID: 2 locID: 102652565917925963 bcsId: 0} | ret=SUCCESS |  
2019-08-21 02:17:30,093 [grpc-default-executor-0] INFO  client.GrpcClientProtocolClient (GrpcClientProtocolClient.java:onNext(255)) - client-54CC064C3FCE->8224e767-71c1-41fc-a01a-d172d48fd9d8: receive RaftClientReply:client-54CC064C3FCE->8224e767-71c1-41fc-a01a-d172d48fd9d8@group-F6B37CC92441, cid=2437, SUCCESS, logIndex=3605, commits[8224e767-71c1-41fc-a01a-d172d48fd9d8:c3606, 6eae0c21-01aa-4169-956f-5952b26ea7ba:c3604, 8d7dcba1-3b82-4d94-a832-514ef5c79cf8:c3604]
2019-08-21 02:17:30,093 | INFO  | DNAudit | user=null | ip=null | op=PUT_BLOCK {blockData=[blockId=conID: 2 locID: 102652565917925963 bcsId: 0,size=2097152]} | ret=SUCCESS |  
2019-08-21 02:17:30,093 [grpc-default-executor-0] INFO  client.GrpcClientProtocolClient (GrpcClientProtocolClient.java:onNext(255)) - client-54CC064C3FCE->8224e767-71c1-41fc-a01a-d172d48fd9d8: receive RaftClientReply:client-54CC064C3FCE->8224e767-71c1-41fc-a01a-d172d48fd9d8@group-F6B37CC92441, cid=2438, SUCCESS, logIndex=3606, commits[8224e767-71c1-41fc-a01a-d172d48fd9d8:c3608, 6eae0c21-01aa-4169-956f-5952b26ea7ba:c3604, 8d7dcba1-3b82-4d94-a832-514ef5c79cf8:c3604]
2019-08-21 02:17:30,094 [grpc-default-executor-0] INFO  client.GrpcClientProtocolClient (GrpcClientProtocolClient.java:onNext(255)) - client-54CC064C3FCE->8224e767-71c1-41fc-a01a-d172d48fd9d8: receive RaftClientReply:client-54CC064C3FCE->8224e767-71c1-41fc-a01a-d172d48fd9d8@group-F6B37CC92441, cid=2439, SUCCESS, logIndex=3607, commits[8224e767-71c1-41fc-a01a-d172d48fd9d8:c3608, 6eae0c21-01aa-4169-956f-5952b26ea7ba:c3604, 8d7dcba1-3b82-4d94-a832-514ef5c79cf8:c3604]
2019-08-21 02:17:30,094 [grpc-default-executor-0] INFO  client.GrpcClientProtocolClient (GrpcClientProtocolClient.java:onNext(255)) - client-54CC064C3FCE->8224e767-71c1-41fc-a01a-d172d48fd9d8: receive RaftClientReply:client-54CC064C3FCE->8224e767-71c1-41fc-a01a-d172d48fd9d8@group-F6B37CC92441, cid=2440, SUCCESS, logIndex=3608, commits[8224e767-71c1-41fc-a01a-d172d48fd9d8:c3608, 6eae0c21-01aa-4169-956f-5952b26ea7ba:c3604, 8d7dcba1-3b82-4d94-a832-514ef5c79cf8:c3604]
2019-08-21 02:17:30,100 | INFO  | SCMAudit | user=jenkins1000 | ip=192.168.34.10 | op=SEND_HEARTBEAT {datanodeUUID=94764dae-819c-4b7e-92f1-9cd6c64427b7, command=[]} | ret=SUCCESS |  
2019-08-21 02:17:30,100 | INFO  | SCMAudit | user=jenkins1000 | ip=192.168.34.10 | op=SEND_HEARTBEAT {datanodeUUID=3def7c30-cb13-4f41-8119-6188f246ad27, command=[]} | ret=SUCCESS |  
 0.00% |█                                                                                                    |  0/1 Time: 0:00:202019-08-21 02:17:30,105 | INFO  | DNAudit | user=null | ip=null | op=WRITE_CHUNK {blockData=conID: 2 locID: 102652565917925963 bcsId: 0} | ret=SUCCESS |  
2019-08-21 02:17:30,105 | INFO  | DNAudit | user=null | ip=null | op=WRITE_CHUNK {blockData=conID: 2 locID: 102652565917925963 bcsId: 0} | ret=SUCCESS |  
2019-08-21 02:17:30,105 | INFO  | DNAudit | user=null | ip=null | op=PUT_BLOCK {blockData=[blockId=conID: 2 locID: 102652565917925963 bcsId: 0,size=1048576]} | ret=SUCCESS |  
2019-08-21 02:17:30,106 | INFO  | DNAudit | user=null | ip=null | op=PUT_BLOCK {blockData=[blockId=conID: 2 locID: 102652565917925963 bcsId: 0,size=1048576]} | ret=SUCCESS |  
2019-08-21 02:17:30,106 | INFO  | SCMAudit | user=jenkins1000 | ip=192.168.34.10 | op=SEND_HEARTBEAT {datanodeUUID=8d7dcba1-3b82-4d94-a832-514ef5c79cf8, command=[]} | ret=SUCCESS |  
2019-08-21 02:17:30,106 | INFO  | SCMAudit | user=jenkins1000 | ip=192.168.34.10 | op=SEND_HEARTBEAT {datanodeUUID=6eae0c21-01aa-4169-956f-5952b26ea7ba, command=[]} | ret=SUCCESS |  
2019-08-21 02:17:30,106 | INFO  | SCMAudit | user=jenkins1000 | ip=192.168.34.10 | op=SEND_HEARTBEAT {datanodeUUID=8224e767-71c1-41fc-a01a-d172d48fd9d8, command=[]} | ret=SUCCESS |  
2019-08-21 02:17:30,106 [grpc-default-executor-0] INFO  client.GrpcClientProtocolClient (GrpcClientProtocolClient.java:onNext(255)) - client-54CC064C3FCE->8224e767-71c1-41fc-a01a-d172d48fd9d8: receive RaftClientReply:client-54CC064C3FCE->8224e767-71c1-41fc-a01a-d172d48fd9d8@group-F6B37CC92441, cid=2441, SUCCESS, logIndex=0, commits[8224e767-71c1-41fc-a01a-d172d48fd9d8:c3609, 6eae0c21-01aa-4169-956f-5952b26ea7ba:c3606, 8d7dcba1-3b82-4d94-a832-514ef5c79cf8:c3606]
2019-08-21 02:17:30,113 | INFO  | DNAudit | user=null | ip=null | op=WRITE_CHUNK {blockData=conID: 2 locID: 102652565917925963 bcsId: 3608} | ret=SUCCESS |  
2019-08-21 02:17:30,116 | INFO  | DNAudit | user=null | ip=null | op=WRITE_CHUNK {blockData=conID: 2 locID: 102652565917925963 bcsId: 3608} | ret=SUCCESS |  
2019-08-21 02:17:30,117 | INFO  | DNAudit | user=null | ip=null | op=WRITE_CHUNK {blockData=conID: 2 locID: 102652565917925963 bcsId: 3608} | ret=SUCCESS |  
2019-08-21 02:17:30,117 | INFO  | DNAudit | user=null | ip=null | op=WRITE_CHUNK {blockData=conID: 2 locID: 102652565917925963 bcsId: 0} | ret=SUCCESS |  
2019-08-21 02:17:30,117 | INFO  | DNAudit | user=null | ip=null | op=WRITE_CHUNK {blockData=conID: 2 locID: 102652565917925963 bcsId: 0} | ret=SUCCESS |  
2019-08-21 02:17:30,117 | INFO  | DNAudit | user=null | ip=null | op=PUT_BLOCK {blockData=[blockId=conID: 2 locID: 102652565917925963 bcsId: 0,size=2097152]} | ret=SUCCESS |  
2019-08-21 02:17:30,118 | INFO  | DNAudit | user=null | ip=null | op=PUT_BLOCK {blockData=[blockId=conID: 2 locID: 102652565917925963 bcsId: 0,size=2097152]} | ret=SUCCESS |  
2019-08-21 02:17:30,119 | INFO  | DNAudit | user=null | ip=null | op=WRITE_CHUNK {blockData=conID: 2 locID: 102652565917925963 bcsId: 3608} | ret=SUCCESS |  
2019-08-21 02:17:30,119 | INFO  | DNAudit | user=null | ip=null | op=PUT_BLOCK {blockData=[blockId=conID: 2 locID: 102652565917925963 bcsId: 0,size=3145728]} | ret=SUCCESS |  
2019-08-21 02:17:30,119 [grpc-default-executor-4] INFO  client.GrpcClientProtocolClient (GrpcClientProtocolClient.java:onNext(255)) - client-54CC064C3FCE->8224e767-71c1-41fc-a01a-d172d48fd9d8: receive RaftClientReply:client-54CC064C3FCE->8224e767-71c1-41fc-a01a-d172d48fd9d8@group-F6B37CC92441, cid=2442, SUCCESS, logIndex=3613, commits[8224e767-71c1-41fc-a01a-d172d48fd9d8:c3614, 6eae0c21-01aa-4169-956f-5952b26ea7ba:c3608, 8d7dcba1-3b82-4d94-a832-514ef5c79cf8:c3609]
2019-08-21 02:17:30,120 [grpc-default-executor-4] INFO  client.GrpcClientProtocolClient (GrpcClientProtocolClient.java:onNext(255)) - client-54CC064C3FCE->8224e767-71c1-41fc-a01a-d172d48fd9d8: receive RaftClientReply:client-54CC064C3FCE->8224e767-71c1-41fc-a01a-d172d48fd9d8@group-F6B37CC92441, cid=2443, SUCCESS, logIndex=3614, commits[8224e767-71c1-41fc-a01a-d172d48fd9d8:c3614, 6eae0c21-01aa-4169-956f-5952b26ea7ba:c3609, 8d7dcba1-3b82-4d94-a832-514ef5c79cf8:c3609]
2019-08-21 02:17:30,120 | INFO  | DNAudit | user=null | ip=null | op=WRITE_CHUNK {blockData=conID: 2 locID: 102652565917925963 bcsId: 3608} | ret=SUCCESS |  
2019-08-21 02:17:30,120 | INFO  | DNAudit | user=null | ip=null | op=PUT_BLOCK {blockData=[blockId=conID: 2 locID: 102652565917925963 bcsId: 0,size=3145728]} | ret=SUCCESS |  
2019-08-21 02:17:30,122 | INFO  | DNAudit | user=null | ip=null | op=WRITE_CHUNK {blockData=conID: 2 locID: 102652565917925963 bcsId: 3608} | ret=SUCCESS |  
2019-08-21 02:17:30,122 | INFO  | DNAudit | user=null | ip=null | op=PUT_BLOCK {blockData=[blockId=conID: 2 locID: 102652565917925963 bcsId: 0,size=3145728]} | ret=SUCCESS |  
2019-08-21 02:17:30,127 | INFO  | DNAudit | user=null | ip=null | op=WRITE_CHUNK {blockData=conID: 2 locID: 102652565917925963 bcsId: 3614} | ret=SUCCESS |  
2019-08-21 02:17:30,130 | INFO  | DNAudit | user=null | ip=null | op=WRITE_CHUNK {blockData=conID: 2 locID: 102652565917925963 bcsId: 3614} | ret=SUCCESS |  
2019-08-21 02:17:30,130 | INFO  | DNAudit | user=null | ip=null | op=WRITE_CHUNK {blockData=conID: 2 locID: 102652565917925963 bcsId: 3614} | ret=SUCCESS |  
2019-08-21 02:17:30,146 | INFO  | DNAudit | user=null | ip=null | op=WRITE_CHUNK {blockData=conID: 2 locID: 102652565917925963 bcsId: 3614} | ret=SUCCESS |  
2019-08-21 02:17:30,147 | INFO  | DNAudit | user=null | ip=null | op=PUT_BLOCK {blockData=[blockId=conID: 2 locID: 102652565917925963 bcsId: 0,size=4194304]} | ret=SUCCESS |  
2019-08-21 02:17:30,147 [grpc-default-executor-1] INFO  client.GrpcClientProtocolClient (GrpcClientProtocolClient.java:onNext(255)) - client-54CC064C3FCE->8224e767-71c1-41fc-a01a-d172d48fd9d8: receive RaftClientReply:client-54CC064C3FCE->8224e767-71c1-41fc-a01a-d172d48fd9d8@group-F6B37CC92441, cid=2444, SUCCESS, logIndex=3617, commits[8224e767-71c1-41fc-a01a-d172d48fd9d8:c3618, 6eae0c21-01aa-4169-956f-5952b26ea7ba:c3614, 8d7dcba1-3b82-4d94-a832-514ef5c79cf8:c3615]
2019-08-21 02:17:30,147 [grpc-default-executor-1] INFO  client.GrpcClientProtocolClient (GrpcClientProtocolClient.java:onNext(255)) - client-54CC064C3FCE->8224e767-71c1-41fc-a01a-d172d48fd9d8: receive RaftClientReply:client-54CC064C3FCE->8224e767-71c1-41fc-a01a-d172d48fd9d8@group-F6B37CC92441, cid=2445, SUCCESS, logIndex=3618, commits[8224e767-71c1-41fc-a01a-d172d48fd9d8:c3618, 6eae0c21-01aa-4169-956f-5952b26ea7ba:c3615, 8d7dcba1-3b82-4d94-a832-514ef5c79cf8:c3615]
2019-08-21 02:17:30,158 | INFO  | DNAudit | user=null | ip=null | op=WRITE_CHUNK {blockData=conID: 2 locID: 102652565917925963 bcsId: 3614} | ret=SUCCESS |  
2019-08-21 02:17:30,158 | INFO  | DNAudit | user=null | ip=null | op=PUT_BLOCK {blockData=[blockId=conID: 2 locID: 102652565917925963 bcsId: 0,size=4194304]} | ret=SUCCESS |  
2019-08-21 02:17:30,158 | INFO  | DNAudit | user=null | ip=null | op=WRITE_CHUNK {blockData=conID: 2 locID: 102652565917925963 bcsId: 3614} | ret=SUCCESS |  
2019-08-21 02:17:30,159 | INFO  | DNAudit | user=null | ip=null | op=PUT_BLOCK {blockData=[blockId=conID: 2 locID: 102652565917925963 bcsId: 0,size=4194304]} | ret=SUCCESS |  
2019-08-21 02:17:30,159 [grpc-default-executor-1] INFO  client.GrpcClientProtocolClient (GrpcClientProtocolClient.java:onNext(255)) - client-54CC064C3FCE->8224e767-71c1-41fc-a01a-d172d48fd9d8: receive RaftClientReply:client-54CC064C3FCE->8224e767-71c1-41fc-a01a-d172d48fd9d8@group-F6B37CC92441, cid=2446, SUCCESS, logIndex=0, commits[8224e767-71c1-41fc-a01a-d172d48fd9d8:c3619, 6eae0c21-01aa-4169-956f-5952b26ea7ba:c3618, 8d7dcba1-3b82-4d94-a832-514ef5c79cf8:c3618]
2019-08-21 02:17:30,165 | INFO  | SCMAudit | user=jenkins1000 | ip=192.168.34.10 | op=ALLOCATE_BLOCK {owner=b6f66289-f2a0-4058-b052-0a85e40df67b, size=4194304, type=RATIS, factor=THREE} | ret=SUCCESS |  
2019-08-21 02:17:30,168 | INFO  | OMAudit | user=jenkins1000 | ip=127.0.0.1 | op=ALLOCATE_BLOCK {volume=vol-0-90982, bucket=bucket-0-24269, key=key-0-81262, dataSize=0, replicationType=null, replicationFactor=null, keyLocationInfo=null, clientID=102652564580991378} | ret=SUCCESS |  
2019-08-21 02:17:30,175 | INFO  | DNAudit | user=null | ip=null | op=WRITE_CHUNK {blockData=conID: 3 locID: 102652565924414028 bcsId: 0} | ret=SUCCESS |  
2019-08-21 02:17:30,178 | INFO  | DNAudit | user=null | ip=null | op=WRITE_CHUNK {blockData=conID: 3 locID: 102652565924414028 bcsId: 0} | ret=SUCCESS |  
2019-08-21 02:17:30,178 | INFO  | DNAudit | user=null | ip=null | op=WRITE_CHUNK {blockData=conID: 3 locID: 102652565924414028 bcsId: 0} | ret=SUCCESS |  
2019-08-21 02:17:30,179 | INFO  | DNAudit | user=null | ip=null | op=WRITE_CHUNK {blockData=conID: 3 locID: 102652565924414028 bcsId: 0} | ret=SUCCESS |  
2019-08-21 02:17:30,180 | INFO  | DNAudit | user=null | ip=null | op=WRITE_CHUNK {blockData=conID: 3 locID: 102652565924414028 bcsId: 0} | ret=SUCCESS |  
2019-08-21 02:17:30,180 | INFO  | DNAudit | user=null | ip=null | op=WRITE_CHUNK {blockData=conID: 3 locID: 102652565924414028 bcsId: 0} | ret=SUCCESS |  
2019-08-21 02:17:30,189 | INFO  | DNAudit | user=null | ip=null | op=WRITE_CHUNK {blockData=conID: 3 locID: 102652565924414028 bcsId: 0} | ret=SUCCESS |  
2019-08-21 02:17:30,190 | INFO  | DNAudit | user=null | ip=null | op=PUT_BLOCK {blockData=[blockId=conID: 3 locID: 102652565924414028 bcsId: 0,size=1048576]} | ret=SUCCESS |  
2019-08-21 02:17:30,190 [grpc-default-executor-0] INFO  client.GrpcClientProtocolClient (GrpcClientProtocolClient.java:onNext(255)) - client-54CC064C3FCE->8224e767-71c1-41fc-a01a-d172d48fd9d8: receive RaftClientReply:client-54CC064C3FCE->8224e767-71c1-41fc-a01a-d172d48fd9d8@group-F6B37CC92441, cid=2447, SUCCESS, logIndex=3621, commits[8224e767-71c1-41fc-a01a-d172d48fd9d8:c3622, 6eae0c21-01aa-4169-956f-5952b26ea7ba:c3620, 8d7dcba1-3b82-4d94-a832-514ef5c79cf8:c3620]
2019-08-21 02:17:30,190 [grpc-default-executor-0] INFO  client.GrpcClientProtocolClient (GrpcClientProtocolClient.java:onNext(255)) - client-54CC064C3FCE->8224e767-71c1-41fc-a01a-d172d48fd9d8: receive RaftClientReply:client-54CC064C3FCE->8224e767-71c1-41fc-a01a-d172d48fd9d8@group-F6B37CC92441, cid=2448, SUCCESS, logIndex=3622, commits[8224e767-71c1-41fc-a01a-d172d48fd9d8:c3622, 6eae0c21-01aa-4169-956f-5952b26ea7ba:c3620, 8d7dcba1-3b82-4d94-a832-514ef5c79cf8:c3620]
2019-08-21 02:17:30,199 | INFO  | DNAudit | user=null | ip=null | op=WRITE_CHUNK {blockData=conID: 3 locID: 102652565924414028 bcsId: 0} | ret=SUCCESS |  
2019-08-21 02:17:30,200 | INFO  | DNAudit | user=null | ip=null | op=WRITE_CHUNK {blockData=conID: 3 locID: 102652565924414028 bcsId: 0} | ret=SUCCESS |  
2019-08-21 02:17:30,200 | INFO  | DNAudit | user=null | ip=null | op=PUT_BLOCK {blockData=[blockId=conID: 3 locID: 102652565924414028 bcsId: 0,size=2097152]} | ret=SUCCESS |  
2019-08-21 02:17:30,200 | INFO  | DNAudit | user=null | ip=null | op=WRITE_CHUNK {blockData=conID: 3 locID: 102652565924414028 bcsId: 0} | ret=SUCCESS |  
2019-08-21 02:17:30,200 [grpc-default-executor-1] INFO  client.GrpcClientProtocolClient (GrpcClientProtocolClient.java:onNext(255)) - client-54CC064C3FCE->8224e767-71c1-41fc-a01a-d172d48fd9d8: receive RaftClientReply:client-54CC064C3FCE->8224e767-71c1-41fc-a01a-d172d48fd9d8@group-F6B37CC92441, cid=2449, SUCCESS, logIndex=3623, commits[8224e767-71c1-41fc-a01a-d172d48fd9d8:c3624, 6eae0c21-01aa-4169-956f-5952b26ea7ba:c3620, 8d7dcba1-3b82-4d94-a832-514ef5c79cf8:c3620]
2019-08-21 02:17:30,200 | INFO  | DNAudit | user=null | ip=null | op=PUT_BLOCK {blockData=[blockId=conID: 3 locID: 102652565924414028 bcsId: 0,size=1048576]} | ret=SUCCESS |  
2019-08-21 02:17:30,200 [grpc-default-executor-1] INFO  client.GrpcClientProtocolClient (GrpcClientProtocolClient.java:onNext(255)) - client-54CC064C3FCE->8224e767-71c1-41fc-a01a-d172d48fd9d8: receive RaftClientReply:client-54CC064C3FCE->8224e767-71c1-41fc-a01a-d172d48fd9d8@group-F6B37CC92441, cid=2450, SUCCESS, logIndex=3624, commits[8224e767-71c1-41fc-a01a-d172d48fd9d8:c3625, 6eae0c21-01aa-4169-956f-5952b26ea7ba:c3621, 8d7dcba1-3b82-4d94-a832-514ef5c79cf8:c3622]
2019-08-21 02:17:30,202 | INFO  | DNAudit | user=null | ip=null | op=PUT_BLOCK {blockData=[blockId=conID: 3 locID: 102652565924414028 bcsId: 0,size=1048576]} | ret=SUCCESS |  
2019-08-21 02:17:30,203 [grpc-default-executor-1] INFO  client.GrpcClientProtocolClient (GrpcClientProtocolClient.java:onNext(255)) - client-54CC064C3FCE->8224e767-71c1-41fc-a01a-d172d48fd9d8: receive RaftClientReply:client-54CC064C3FCE->8224e767-71c1-41fc-a01a-d172d48fd9d8@group-F6B37CC92441, cid=2451, SUCCESS, logIndex=0, commits[8224e767-71c1-41fc-a01a-d172d48fd9d8:c3626, 6eae0c21-01aa-4169-956f-5952b26ea7ba:c3622, 8d7dcba1-3b82-4d94-a832-514ef5c79cf8:c3622]
2019-08-21 02:17:30,210 | INFO  | DNAudit | user=null | ip=null | op=WRITE_CHUNK {blockData=conID: 3 locID: 102652565924414028 bcsId: 3624} | ret=SUCCESS |  
2019-08-21 02:17:30,212 | INFO  | DNAudit | user=null | ip=null | op=WRITE_CHUNK {blockData=conID: 3 locID: 102652565924414028 bcsId: 3624} | ret=SUCCESS |  
2019-08-21 02:17:30,212 | INFO  | DNAudit | user=null | ip=null | op=WRITE_CHUNK {blockData=conID: 3 locID: 102652565924414028 bcsId: 3624} | ret=SUCCESS |  
2019-08-21 02:17:30,214 | INFO  | DNAudit | user=null | ip=null | op=WRITE_CHUNK {blockData=conID: 3 locID: 102652565924414028 bcsId: 0} | ret=SUCCESS |  
2019-08-21 02:17:30,214 | INFO  | DNAudit | user=null | ip=null | op=PUT_BLOCK {blockData=[blockId=conID: 3 locID: 102652565924414028 bcsId: 0,size=2097152]} | ret=SUCCESS |  
2019-08-21 02:17:30,214 | INFO  | DNAudit | user=null | ip=null | op=WRITE_CHUNK {blockData=conID: 3 locID: 102652565924414028 bcsId: 0} | ret=SUCCESS |  
2019-08-21 02:17:30,214 | INFO  | DNAudit | user=null | ip=null | op=WRITE_CHUNK {blockData=conID: 3 locID: 102652565924414028 bcsId: 3624} | ret=SUCCESS |  
2019-08-21 02:17:30,215 | INFO  | DNAudit | user=null | ip=null | op=PUT_BLOCK {blockData=[blockId=conID: 3 locID: 102652565924414028 bcsId: 0,size=2097152]} | ret=SUCCESS |  
2019-08-21 02:17:30,215 | INFO  | DNAudit | user=null | ip=null | op=PUT_BLOCK {blockData=[blockId=conID: 3 locID: 102652565924414028 bcsId: 0,size=3145728]} | ret=SUCCESS |  
2019-08-21 02:17:30,215 [grpc-default-executor-0] INFO  client.GrpcClientProtocolClient (GrpcClientProtocolClient.java:onNext(255)) - client-54CC064C3FCE->8224e767-71c1-41fc-a01a-d172d48fd9d8: receive RaftClientReply:client-54CC064C3FCE->8224e767-71c1-41fc-a01a-d172d48fd9d8@group-F6B37CC92441, cid=2452, SUCCESS, logIndex=3629, commits[8224e767-71c1-41fc-a01a-d172d48fd9d8:c3630, 6eae0c21-01aa-4169-956f-5952b26ea7ba:c3628, 8d7dcba1-3b82-4d94-a832-514ef5c79cf8:c3628]
2019-08-21 02:17:30,216 [grpc-default-executor-0] INFO  client.GrpcClientProtocolClient (GrpcClientProtocolClient.java:onNext(255)) - client-54CC064C3FCE->8224e767-71c1-41fc-a01a-d172d48fd9d8: receive RaftClientReply:client-54CC064C3FCE->8224e767-71c1-41fc-a01a-d172d48fd9d8@group-F6B37CC92441, cid=2453, SUCCESS, logIndex=3630, commits[8224e767-71c1-41fc-a01a-d172d48fd9d8:c3630, 6eae0c21-01aa-4169-956f-5952b26ea7ba:c3628, 8d7dcba1-3b82-4d94-a832-514ef5c79cf8:c3628]
2019-08-21 02:17:30,216 | INFO  | DNAudit | user=null | ip=null | op=WRITE_CHUNK {blockData=conID: 3 locID: 102652565924414028 bcsId: 3624} | ret=SUCCESS |  
2019-08-21 02:17:30,216 | INFO  | DNAudit | user=null | ip=null | op=WRITE_CHUNK {blockData=conID: 3 locID: 102652565924414028 bcsId: 3624} | ret=SUCCESS |  
2019-08-21 02:17:30,216 | INFO  | DNAudit | user=null | ip=null | op=PUT_BLOCK {blockData=[blockId=conID: 3 locID: 102652565924414028 bcsId: 0,size=3145728]} | ret=SUCCESS |  
2019-08-21 02:17:30,216 | INFO  | DNAudit | user=null | ip=null | op=PUT_BLOCK {blockData=[blockId=conID: 3 locID: 102652565924414028 bcsId: 0,size=3145728]} | ret=SUCCESS |  
2019-08-21 02:17:30,222 | INFO  | DNAudit | user=null | ip=null | op=WRITE_CHUNK {blockData=conID: 3 locID: 102652565924414028 bcsId: 3630} | ret=SUCCESS |  
2019-08-21 02:17:30,224 | INFO  | DNAudit | user=null | ip=null | op=WRITE_CHUNK {blockData=conID: 3 locID: 102652565924414028 bcsId: 3630} | ret=SUCCESS |  
2019-08-21 02:17:30,224 | INFO  | DNAudit | user=null | ip=null | op=WRITE_CHUNK {blockData=conID: 3 locID: 102652565924414028 bcsId: 3630} | ret=SUCCESS |  
2019-08-21 02:17:30,226 | INFO  | DNAudit | user=null | ip=null | op=WRITE_CHUNK {blockData=conID: 3 locID: 102652565924414028 bcsId: 3630} | ret=SUCCESS |  
2019-08-21 02:17:30,227 | INFO  | DNAudit | user=null | ip=null | op=PUT_BLOCK {blockData=[blockId=conID: 3 locID: 102652565924414028 bcsId: 0,size=4194304]} | ret=SUCCESS |  
2019-08-21 02:17:30,227 [grpc-default-executor-1] INFO  client.GrpcClientProtocolClient (GrpcClientProtocolClient.java:onNext(255)) - client-54CC064C3FCE->8224e767-71c1-41fc-a01a-d172d48fd9d8: receive RaftClientReply:client-54CC064C3FCE->8224e767-71c1-41fc-a01a-d172d48fd9d8@group-F6B37CC92441, cid=2454, SUCCESS, logIndex=3633, commits[8224e767-71c1-41fc-a01a-d172d48fd9d8:c3634, 6eae0c21-01aa-4169-956f-5952b26ea7ba:c3632, 8d7dcba1-3b82-4d94-a832-514ef5c79cf8:c3630]
2019-08-21 02:17:30,227 [grpc-default-executor-1] INFO  client.GrpcClientProtocolClient (GrpcClientProtocolClient.java:onNext(255)) - client-54CC064C3FCE->8224e767-71c1-41fc-a01a-d172d48fd9d8: receive RaftClientReply:client-54CC064C3FCE->8224e767-71c1-41fc-a01a-d172d48fd9d8@group-F6B37CC92441, cid=2455, SUCCESS, logIndex=3634, commits[8224e767-71c1-41fc-a01a-d172d48fd9d8:c3634, 6eae0c21-01aa-4169-956f-5952b26ea7ba:c3632, 8d7dcba1-3b82-4d94-a832-514ef5c79cf8:c3632]
2019-08-21 02:17:30,228 | INFO  | DNAudit | user=null | ip=null | op=WRITE_CHUNK {blockData=conID: 3 locID: 102652565924414028 bcsId: 3630} | ret=SUCCESS |  
2019-08-21 02:17:30,228 | INFO  | DNAudit | user=null | ip=null | op=WRITE_CHUNK {blockData=conID: 3 locID: 102652565924414028 bcsId: 3630} | ret=SUCCESS |  
2019-08-21 02:17:30,229 | INFO  | DNAudit | user=null | ip=null | op=PUT_BLOCK {blockData=[blockId=conID: 3 locID: 102652565924414028 bcsId: 0,size=4194304]} | ret=SUCCESS |  
2019-08-21 02:17:30,230 | INFO  | DNAudit | user=null | ip=null | op=PUT_BLOCK {blockData=[blockId=conID: 3 locID: 102652565924414028 bcsId: 0,size=4194304]} | ret=SUCCESS |  
2019-08-21 02:17:30,230 [grpc-default-executor-1] INFO  client.GrpcClientProtocolClient (GrpcClientProtocolClient.java:onNext(255)) - client-54CC064C3FCE->8224e767-71c1-41fc-a01a-d172d48fd9d8: receive RaftClientReply:client-54CC064C3FCE->8224e767-71c1-41fc-a01a-d172d48fd9d8@group-F6B37CC92441, cid=2456, SUCCESS, logIndex=0, commits[8224e767-71c1-41fc-a01a-d172d48fd9d8:c3635, 6eae0c21-01aa-4169-956f-5952b26ea7ba:c3634, 8d7dcba1-3b82-4d94-a832-514ef5c79cf8:c3634]
2019-08-21 02:17:30,234 | INFO  | SCMAudit | user=jenkins1000 | ip=192.168.34.10 | op=ALLOCATE_BLOCK {owner=b6f66289-f2a0-4058-b052-0a85e40df67b, size=4194304, type=RATIS, factor=THREE} | ret=SUCCESS |  
2019-08-21 02:17:30,237 | INFO  | OMAudit | user=jenkins1000 | ip=127.0.0.1 | op=ALLOCATE_BLOCK {volume=vol-0-90982, bucket=bucket-0-24269, key=key-0-81262, dataSize=0, replicationType=null, replicationFactor=null, keyLocationInfo=null, clientID=102652564580991378} | ret=SUCCESS |  
2019-08-21 02:17:30,244 | INFO  | DNAudit | user=null | ip=null | op=WRITE_CHUNK {blockData=conID: 1 locID: 102652565928936013 bcsId: 0} | ret=SUCCESS |  
2019-08-21 02:17:30,246 | INFO  | DNAudit | user=null | ip=null | op=WRITE_CHUNK {blockData=conID: 1 locID: 102652565928936013 bcsId: 0} | ret=SUCCESS |  
2019-08-21 02:17:30,246 | INFO  | DNAudit | user=null | ip=null | op=WRITE_CHUNK {blockData=conID: 1 locID: 102652565928936013 bcsId: 0} | ret=SUCCESS |  
2019-08-21 02:17:30,246 | INFO  | DNAudit | user=null | ip=null | op=WRITE_CHUNK {blockData=conID: 1 locID: 102652565928936013 bcsId: 0} | ret=SUCCESS |  
2019-08-21 02:17:30,247 | INFO  | DNAudit | user=null | ip=null | op=WRITE_CHUNK {blockData=conID: 1 locID: 102652565928936013 bcsId: 0} | ret=SUCCESS |  
2019-08-21 02:17:30,248 | INFO  | DNAudit | user=null | ip=null | op=WRITE_CHUNK {blockData=conID: 1 locID: 102652565928936013 bcsId: 0} | ret=SUCCESS |  
2019-08-21 02:17:30,250 | INFO  | DNAudit | user=null | ip=null | op=WRITE_CHUNK {blockData=conID: 1 locID: 102652565928936013 bcsId: 0} | ret=SUCCESS |  
2019-08-21 02:17:30,250 | INFO  | DNAudit | user=null | ip=null | op=PUT_BLOCK {blockData=[blockId=conID: 1 locID: 102652565928936013 bcsId: 0,size=1048576]} | ret=SUCCESS |  
2019-08-21 02:17:30,250 [grpc-default-executor-1] INFO  client.GrpcClientProtocolClient (GrpcClientProtocolClient.java:onNext(255)) - client-54CC064C3FCE->8224e767-71c1-41fc-a01a-d172d48fd9d8: receive RaftClientReply:client-54CC064C3FCE->8224e767-71c1-41fc-a01a-d172d48fd9d8@group-F6B37CC92441, cid=2457, SUCCESS, logIndex=3637, commits[8224e767-71c1-41fc-a01a-d172d48fd9d8:c3640, 6eae0c21-01aa-4169-956f-5952b26ea7ba:c3636, 8d7dcba1-3b82-4d94-a832-514ef5c79cf8:c3634]
2019-08-21 02:17:30,251 | INFO  | DNAudit | user=null | ip=null | op=WRITE_CHUNK {blockData=conID: 1 locID: 102652565928936013 bcsId: 0} | ret=SUCCESS |  
2019-08-21 02:17:30,251 | INFO  | DNAudit | user=null | ip=null | op=WRITE_CHUNK {blockData=conID: 1 locID: 102652565928936013 bcsId: 0} | ret=SUCCESS |  
2019-08-21 02:17:30,251 | INFO  | DNAudit | user=null | ip=null | op=PUT_BLOCK {blockData=[blockId=conID: 1 locID: 102652565928936013 bcsId: 0,size=1048576]} | ret=SUCCESS |  
2019-08-21 02:17:30,251 [grpc-default-executor-1] INFO  client.GrpcClientProtocolClient (GrpcClientProtocolClient.java:onNext(255)) - client-54CC064C3FCE->8224e767-71c1-41fc-a01a-d172d48fd9d8: receive RaftClientReply:client-54CC064C3FCE->8224e767-71c1-41fc-a01a-d172d48fd9d8@group-F6B37CC92441, cid=2458, SUCCESS, logIndex=3638, commits[8224e767-71c1-41fc-a01a-d172d48fd9d8:c3640, 6eae0c21-01aa-4169-956f-5952b26ea7ba:c3636, 8d7dcba1-3b82-4d94-a832-514ef5c79cf8:c3636]
2019-08-21 02:17:30,251 | INFO  | DNAudit | user=null | ip=null | op=PUT_BLOCK {blockData=[blockId=conID: 1 locID: 102652565928936013 bcsId: 0,size=2097152]} | ret=SUCCESS |  
2019-08-21 02:17:30,251 [grpc-default-executor-1] INFO  client.GrpcClientProtocolClient (GrpcClientProtocolClient.java:onNext(255)) - client-54CC064C3FCE->8224e767-71c1-41fc-a01a-d172d48fd9d8: receive RaftClientReply:client-54CC064C3FCE->8224e767-71c1-41fc-a01a-d172d48fd9d8@group-F6B37CC92441, cid=2459, SUCCESS, logIndex=3639, commits[8224e767-71c1-41fc-a01a-d172d48fd9d8:c3641, 6eae0c21-01aa-4169-956f-5952b26ea7ba:c3638, 8d7dcba1-3b82-4d94-a832-514ef5c79cf8:c3636]
2019-08-21 02:17:30,252 [grpc-default-executor-1] INFO  client.GrpcClientProtocolClient (GrpcClientProtocolClient.java:onNext(255)) - client-54CC064C3FCE->8224e767-71c1-41fc-a01a-d172d48fd9d8: receive RaftClientReply:client-54CC064C3FCE->8224e767-71c1-41fc-a01a-d172d48fd9d8@group-F6B37CC92441, cid=2460, SUCCESS, logIndex=3640, commits[8224e767-71c1-41fc-a01a-d172d48fd9d8:c3641, 6eae0c21-01aa-4169-956f-5952b26ea7ba:c3638, 8d7dcba1-3b82-4d94-a832-514ef5c79cf8:c3636]
2019-08-21 02:17:30,253 | INFO  | DNAudit | user=null | ip=null | op=WRITE_CHUNK {blockData=conID: 1 locID: 102652565928936013 bcsId: 0} | ret=SUCCESS |  
2019-08-21 02:17:30,253 | INFO  | DNAudit | user=null | ip=null | op=PUT_BLOCK {blockData=[blockId=conID: 1 locID: 102652565928936013 bcsId: 0,size=1048576]} | ret=SUCCESS |  
2019-08-21 02:17:30,254 | INFO  | DNAudit | user=null | ip=null | op=WRITE_CHUNK {blockData=conID: 1 locID: 102652565928936013 bcsId: 0} | ret=SUCCESS |  
2019-08-21 02:17:30,254 [grpc-default-executor-1] INFO  client.GrpcClientProtocolClient (GrpcClientProtocolClient.java:onNext(255)) - client-54CC064C3FCE->8224e767-71c1-41fc-a01a-d172d48fd9d8: receive RaftClientReply:client-54CC064C3FCE->8224e767-71c1-41fc-a01a-d172d48fd9d8@group-F6B37CC92441, cid=2461, SUCCESS, logIndex=0, commits[8224e767-71c1-41fc-a01a-d172d48fd9d8:c3641, 6eae0c21-01aa-4169-956f-5952b26ea7ba:c3638, 8d7dcba1-3b82-4d94-a832-514ef5c79cf8:c3638]
2019-08-21 02:17:30,255 | INFO  | DNAudit | user=null | ip=null | op=WRITE_CHUNK {blockData=conID: 1 locID: 102652565928936013 bcsId: 0} | ret=SUCCESS |  
2019-08-21 02:17:30,255 | INFO  | DNAudit | user=null | ip=null | op=PUT_BLOCK {blockData=[blockId=conID: 1 locID: 102652565928936013 bcsId: 0,size=2097152]} | ret=SUCCESS |  
2019-08-21 02:17:30,255 | INFO  | DNAudit | user=null | ip=null | op=PUT_BLOCK {blockData=[blockId=conID: 1 locID: 102652565928936013 bcsId: 0,size=2097152]} | ret=SUCCESS |  
2019-08-21 02:17:30,260 | INFO  | DNAudit | user=null | ip=null | op=WRITE_CHUNK {blockData=conID: 1 locID: 102652565928936013 bcsId: 3640} | ret=SUCCESS |  
2019-08-21 02:17:30,262 | INFO  | DNAudit | user=null | ip=null | op=WRITE_CHUNK {blockData=conID: 1 locID: 102652565928936013 bcsId: 3640} | ret=SUCCESS |  
2019-08-21 02:17:30,263 | INFO  | DNAudit | user=null | ip=null | op=WRITE_CHUNK {blockData=conID: 1 locID: 102652565928936013 bcsId: 3640} | ret=SUCCESS |  
2019-08-21 02:17:30,286 | INFO  | DNAudit | user=null | ip=null | op=WRITE_CHUNK {blockData=conID: 1 locID: 102652565928936013 bcsId: 3640} | ret=SUCCESS |  
2019-08-21 02:17:30,286 | INFO  | DNAudit | user=null | ip=null | op=PUT_BLOCK {blockData=[blockId=conID: 1 locID: 102652565928936013 bcsId: 0,size=3145728]} | ret=SUCCESS |  
2019-08-21 02:17:30,286 [grpc-default-executor-3] INFO  client.GrpcClientProtocolClient (GrpcClientProtocolClient.java:onNext(255)) - client-54CC064C3FCE->8224e767-71c1-41fc-a01a-d172d48fd9d8: receive RaftClientReply:client-54CC064C3FCE->8224e767-71c1-41fc-a01a-d172d48fd9d8@group-F6B37CC92441, cid=2462, SUCCESS, logIndex=3645, commits[8224e767-71c1-41fc-a01a-d172d48fd9d8:c3646, 6eae0c21-01aa-4169-956f-5952b26ea7ba:c3644, 8d7dcba1-3b82-4d94-a832-514ef5c79cf8:c3640]
2019-08-21 02:17:30,287 [grpc-default-executor-3] INFO  client.GrpcClientProtocolClient (GrpcClientProtocolClient.java:onNext(255)) - client-54CC064C3FCE->8224e767-71c1-41fc-a01a-d172d48fd9d8: receive RaftClientReply:client-54CC064C3FCE->8224e767-71c1-41fc-a01a-d172d48fd9d8@group-F6B37CC92441, cid=2463, SUCCESS, logIndex=3646, commits[8224e767-71c1-41fc-a01a-d172d48fd9d8:c3646, 6eae0c21-01aa-4169-956f-5952b26ea7ba:c3644, 8d7dcba1-3b82-4d94-a832-514ef5c79cf8:c3644]
2019-08-21 02:17:30,287 | INFO  | DNAudit | user=null | ip=null | op=WRITE_CHUNK {blockData=conID: 1 locID: 102652565928936013 bcsId: 3640} | ret=SUCCESS |  
2019-08-21 02:17:30,287 | INFO  | DNAudit | user=null | ip=null | op=WRITE_CHUNK {blockData=conID: 1 locID: 102652565928936013 bcsId: 3640} | ret=SUCCESS |  
2019-08-21 02:17:30,287 | INFO  | DNAudit | user=null | ip=null | op=PUT_BLOCK {blockData=[blockId=conID: 1 locID: 102652565928936013 bcsId: 0,size=3145728]} | ret=SUCCESS |  
2019-08-21 02:17:30,287 | INFO  | DNAudit | user=null | ip=null | op=PUT_BLOCK {blockData=[blockId=conID: 1 locID: 102652565928936013 bcsId: 0,size=3145728]} | ret=SUCCESS |  
2019-08-21 02:17:30,293 | INFO  | DNAudit | user=null | ip=null | op=WRITE_CHUNK {blockData=conID: 1 locID: 102652565928936013 bcsId: 3646} | ret=SUCCESS |  
2019-08-21 02:17:30,295 | INFO  | DNAudit | user=null | ip=null | op=WRITE_CHUNK {blockData=conID: 1 locID: 102652565928936013 bcsId: 3646} | ret=SUCCESS |  
2019-08-21 02:17:30,296 | INFO  | DNAudit | user=null | ip=null | op=WRITE_CHUNK {blockData=conID: 1 locID: 102652565928936013 bcsId: 3646} | ret=SUCCESS |  
2019-08-21 02:17:30,306 | INFO  | DNAudit | user=null | ip=null | op=WRITE_CHUNK {blockData=conID: 1 locID: 102652565928936013 bcsId: 3646} | ret=SUCCESS |  
2019-08-21 02:17:30,306 | INFO  | DNAudit | user=null | ip=null | op=PUT_BLOCK {blockData=[blockId=conID: 1 locID: 102652565928936013 bcsId: 0,size=4194304]} | ret=SUCCESS |  
2019-08-21 02:17:30,306 [grpc-default-executor-1] INFO  client.GrpcClientProtocolClient (GrpcClientProtocolClient.java:onNext(255)) - client-54CC064C3FCE->8224e767-71c1-41fc-a01a-d172d48fd9d8: receive RaftClientReply:client-54CC064C3FCE->8224e767-71c1-41fc-a01a-d172d48fd9d8@group-F6B37CC92441, cid=2464, SUCCESS, logIndex=3649, commits[8224e767-71c1-41fc-a01a-d172d48fd9d8:c3650, 6eae0c21-01aa-4169-956f-5952b26ea7ba:c3648, 8d7dcba1-3b82-4d94-a832-514ef5c79cf8:c3648]
2019-08-21 02:17:30,307 [grpc-default-executor-1] INFO  client.GrpcClientProtocolClient (GrpcClientProtocolClient.java:onNext(255)) - client-54CC064C3FCE->8224e767-71c1-41fc-a01a-d172d48fd9d8: receive RaftClientReply:client-54CC064C3FCE->8224e767-71c1-41fc-a01a-d172d48fd9d8@group-F6B37CC92441, cid=2465, SUCCESS, logIndex=3650, commits[8224e767-71c1-41fc-a01a-d172d48fd9d8:c3650, 6eae0c21-01aa-4169-956f-5952b26ea7ba:c3648, 8d7dcba1-3b82-4d94-a832-514ef5c79cf8:c3648]
2019-08-21 02:17:30,317 | INFO  | DNAudit | user=null | ip=null | op=WRITE_CHUNK {blockData=conID: 1 locID: 102652565928936013 bcsId: 3646} | ret=SUCCESS |  
2019-08-21 02:17:30,317 | INFO  | DNAudit | user=null | ip=null | op=WRITE_CHUNK {blockData=conID: 1 locID: 102652565928936013 bcsId: 3646} | ret=SUCCESS |  
2019-08-21 02:17:30,317 | INFO  | DNAudit | user=null | ip=null | op=PUT_BLOCK {blockData=[blockId=conID: 1 locID: 102652565928936013 bcsId: 0,size=4194304]} | ret=SUCCESS |  
2019-08-21 02:17:30,318 | INFO  | DNAudit | user=null | ip=null | op=PUT_BLOCK {blockData=[blockId=conID: 1 locID: 102652565928936013 bcsId: 0,size=4194304]} | ret=SUCCESS |  
2019-08-21 02:17:30,318 [grpc-default-executor-1] INFO  client.GrpcClientProtocolClient (GrpcClientProtocolClient.java:onNext(255)) - client-54CC064C3FCE->8224e767-71c1-41fc-a01a-d172d48fd9d8: receive RaftClientReply:client-54CC064C3FCE->8224e767-71c1-41fc-a01a-d172d48fd9d8@group-F6B37CC92441, cid=2466, SUCCESS, logIndex=0, commits[8224e767-71c1-41fc-a01a-d172d48fd9d8:c3651, 6eae0c21-01aa-4169-956f-5952b26ea7ba:c3650, 8d7dcba1-3b82-4d94-a832-514ef5c79cf8:c3650]
2019-08-21 02:17:30,322 | INFO  | SCMAudit | user=jenkins1000 | ip=192.168.34.10 | op=ALLOCATE_BLOCK {owner=b6f66289-f2a0-4058-b052-0a85e40df67b, size=4194304, type=RATIS, factor=THREE} | ret=SUCCESS |  
2019-08-21 02:17:30,325 | INFO  | OMAudit | user=jenkins1000 | ip=127.0.0.1 | op=ALLOCATE_BLOCK {volume=vol-0-90982, bucket=bucket-0-24269, key=key-0-81262, dataSize=0, replicationType=null, replicationFactor=null, keyLocationInfo=null, clientID=102652564580991378} | ret=SUCCESS |  
2019-08-21 02:17:30,332 | INFO  | DNAudit | user=null | ip=null | op=WRITE_CHUNK {blockData=conID: 2 locID: 102652565934703182 bcsId: 0} | ret=SUCCESS |  
2019-08-21 02:17:30,333 | INFO  | DNAudit | user=null | ip=null | op=WRITE_CHUNK {blockData=conID: 2 locID: 102652565934703182 bcsId: 0} | ret=SUCCESS |  
2019-08-21 02:17:30,334 | INFO  | DNAudit | user=null | ip=null | op=WRITE_CHUNK {blockData=conID: 2 locID: 102652565934703182 bcsId: 0} | ret=SUCCESS |  
2019-08-21 02:17:30,334 | INFO  | DNAudit | user=null | ip=null | op=WRITE_CHUNK {blockData=conID: 2 locID: 102652565934703182 bcsId: 0} | ret=SUCCESS |  
2019-08-21 02:17:30,336 | INFO  | DNAudit | user=null | ip=null | op=WRITE_CHUNK {blockData=conID: 2 locID: 102652565934703182 bcsId: 0} | ret=SUCCESS |  
2019-08-21 02:17:30,336 | INFO  | DNAudit | user=null | ip=null | op=WRITE_CHUNK {blockData=conID: 2 locID: 102652565934703182 bcsId: 0} | ret=SUCCESS |  
2019-08-21 02:17:30,347 | INFO  | DNAudit | user=null | ip=null | op=WRITE_CHUNK {blockData=conID: 2 locID: 102652565934703182 bcsId: 0} | ret=SUCCESS |  
2019-08-21 02:17:30,347 | INFO  | DNAudit | user=null | ip=null | op=PUT_BLOCK {blockData=[blockId=conID: 2 locID: 102652565934703182 bcsId: 0,size=1048576]} | ret=SUCCESS |  
2019-08-21 02:17:30,347 | INFO  | DNAudit | user=null | ip=null | op=WRITE_CHUNK {blockData=conID: 2 locID: 102652565934703182 bcsId: 0} | ret=SUCCESS |  
2019-08-21 02:17:30,347 [grpc-default-executor-0] INFO  client.GrpcClientProtocolClient (GrpcClientProtocolClient.java:onNext(255)) - client-54CC064C3FCE->8224e767-71c1-41fc-a01a-d172d48fd9d8: receive RaftClientReply:client-54CC064C3FCE->8224e767-71c1-41fc-a01a-d172d48fd9d8@group-F6B37CC92441, cid=2467, SUCCESS, logIndex=3653, commits[8224e767-71c1-41fc-a01a-d172d48fd9d8:c3655, 6eae0c21-01aa-4169-956f-5952b26ea7ba:c3652, 8d7dcba1-3b82-4d94-a832-514ef5c79cf8:c3652]
2019-08-21 02:17:30,348 | INFO  | DNAudit | user=null | ip=null | op=PUT_BLOCK {blockData=[blockId=conID: 2 locID: 102652565934703182 bcsId: 0,size=2097152]} | ret=SUCCESS |  
2019-08-21 02:17:30,348 [grpc-default-executor-0] INFO  client.GrpcClientProtocolClient (GrpcClientProtocolClient.java:onNext(255)) - client-54CC064C3FCE->8224e767-71c1-41fc-a01a-d172d48fd9d8: receive RaftClientReply:client-54CC064C3FCE->8224e767-71c1-41fc-a01a-d172d48fd9d8@group-F6B37CC92441, cid=2468, SUCCESS, logIndex=3654, commits[8224e767-71c1-41fc-a01a-d172d48fd9d8:c3656, 6eae0c21-01aa-4169-956f-5952b26ea7ba:c3652, 8d7dcba1-3b82-4d94-a832-514ef5c79cf8:c3652]
2019-08-21 02:17:30,348 [grpc-default-executor-0] INFO  client.GrpcClientProtocolClient (GrpcClientProtocolClient.java:onNext(255)) - client-54CC064C3FCE->8224e767-71c1-41fc-a01a-d172d48fd9d8: receive RaftClientReply:client-54CC064C3FCE->8224e767-71c1-41fc-a01a-d172d48fd9d8@group-F6B37CC92441, cid=2469, SUCCESS, logIndex=3655, commits[8224e767-71c1-41fc-a01a-d172d48fd9d8:c3656, 6eae0c21-01aa-4169-956f-5952b26ea7ba:c3652, 8d7dcba1-3b82-4d94-a832-514ef5c79cf8:c3652]
2019-08-21 02:17:30,348 [grpc-default-executor-0] INFO  client.GrpcClientProtocolClient (GrpcClientProtocolClient.java:onNext(255)) - client-54CC064C3FCE->8224e767-71c1-41fc-a01a-d172d48fd9d8: receive RaftClientReply:client-54CC064C3FCE->8224e767-71c1-41fc-a01a-d172d48fd9d8@group-F6B37CC92441, cid=2470, SUCCESS, logIndex=3656, commits[8224e767-71c1-41fc-a01a-d172d48fd9d8:c3656, 6eae0c21-01aa-4169-956f-5952b26ea7ba:c3652, 8d7dcba1-3b82-4d94-a832-514ef5c79cf8:c3652]
2019-08-21 02:17:30,359 | INFO  | DNAudit | user=null | ip=null | op=WRITE_CHUNK {blockData=conID: 2 locID: 102652565934703182 bcsId: 0} | ret=SUCCESS |  
2019-08-21 02:17:30,359 | INFO  | DNAudit | user=null | ip=null | op=WRITE_CHUNK {blockData=conID: 2 locID: 102652565934703182 bcsId: 0} | ret=SUCCESS |  
2019-08-21 02:17:30,359 | INFO  | DNAudit | user=null | ip=null | op=PUT_BLOCK {blockData=[blockId=conID: 2 locID: 102652565934703182 bcsId: 0,size=1048576]} | ret=SUCCESS |  
2019-08-21 02:17:30,359 | INFO  | DNAudit | user=null | ip=null | op=PUT_BLOCK {blockData=[blockId=conID: 2 locID: 102652565934703182 bcsId: 0,size=1048576]} | ret=SUCCESS |  
2019-08-21 02:17:30,359 [grpc-default-executor-0] INFO  client.GrpcClientProtocolClient (GrpcClientProtocolClient.java:onNext(255)) - client-54CC064C3FCE->8224e767-71c1-41fc-a01a-d172d48fd9d8: receive RaftClientReply:client-54CC064C3FCE->8224e767-71c1-41fc-a01a-d172d48fd9d8@group-F6B37CC92441, cid=2471, SUCCESS, logIndex=0, commits[8224e767-71c1-41fc-a01a-d172d48fd9d8:c3657, 6eae0c21-01aa-4169-956f-5952b26ea7ba:c3654, 8d7dcba1-3b82-4d94-a832-514ef5c79cf8:c3654]
2019-08-21 02:17:30,360 | INFO  | DNAudit | user=null | ip=null | op=WRITE_CHUNK {blockData=conID: 2 locID: 102652565934703182 bcsId: 0} | ret=SUCCESS |  
2019-08-21 02:17:30,360 | INFO  | DNAudit | user=null | ip=null | op=PUT_BLOCK {blockData=[blockId=conID: 2 locID: 102652565934703182 bcsId: 0,size=2097152]} | ret=SUCCESS |  
2019-08-21 02:17:30,360 | INFO  | DNAudit | user=null | ip=null | op=WRITE_CHUNK {blockData=conID: 2 locID: 102652565934703182 bcsId: 0} | ret=SUCCESS |  
2019-08-21 02:17:30,360 | INFO  | DNAudit | user=null | ip=null | op=PUT_BLOCK {blockData=[blockId=conID: 2 locID: 102652565934703182 bcsId: 0,size=2097152]} | ret=SUCCESS |  
2019-08-21 02:17:30,366 | INFO  | DNAudit | user=null | ip=null | op=WRITE_CHUNK {blockData=conID: 2 locID: 102652565934703182 bcsId: 3656} | ret=SUCCESS |  
2019-08-21 02:17:30,368 | INFO  | DNAudit | user=null | ip=null | op=WRITE_CHUNK {blockData=conID: 2 locID: 102652565934703182 bcsId: 3656} | ret=SUCCESS |  
2019-08-21 02:17:30,368 | INFO  | DNAudit | user=null | ip=null | op=WRITE_CHUNK {blockData=conID: 2 locID: 102652565934703182 bcsId: 3656} | ret=SUCCESS |  
2019-08-21 02:17:30,378 | INFO  | DNAudit | user=null | ip=null | op=WRITE_CHUNK {blockData=conID: 2 locID: 102652565934703182 bcsId: 3656} | ret=SUCCESS |  
2019-08-21 02:17:30,379 | INFO  | DNAudit | user=null | ip=null | op=PUT_BLOCK {blockData=[blockId=conID: 2 locID: 102652565934703182 bcsId: 0,size=3145728]} | ret=SUCCESS |  
2019-08-21 02:17:30,379 [grpc-default-executor-1] INFO  client.GrpcClientProtocolClient (GrpcClientProtocolClient.java:onNext(255)) - client-54CC064C3FCE->8224e767-71c1-41fc-a01a-d172d48fd9d8: receive RaftClientReply:client-54CC064C3FCE->8224e767-71c1-41fc-a01a-d172d48fd9d8@group-F6B37CC92441, cid=2472, SUCCESS, logIndex=3661, commits[8224e767-71c1-41fc-a01a-d172d48fd9d8:c3662, 6eae0c21-01aa-4169-956f-5952b26ea7ba:c3660, 8d7dcba1-3b82-4d94-a832-514ef5c79cf8:c3660]
2019-08-21 02:17:30,379 [grpc-default-executor-1] INFO  client.GrpcClientProtocolClient (GrpcClientProtocolClient.java:onNext(255)) - client-54CC064C3FCE->8224e767-71c1-41fc-a01a-d172d48fd9d8: receive RaftClientReply:client-54CC064C3FCE->8224e767-71c1-41fc-a01a-d172d48fd9d8@group-F6B37CC92441, cid=2473, SUCCESS, logIndex=3662, commits[8224e767-71c1-41fc-a01a-d172d48fd9d8:c3662, 6eae0c21-01aa-4169-956f-5952b26ea7ba:c3660, 8d7dcba1-3b82-4d94-a832-514ef5c79cf8:c3660]
2019-08-21 02:17:30,386 | INFO  | DNAudit | user=null | ip=null | op=WRITE_CHUNK {blockData=conID: 2 locID: 102652565934703182 bcsId: 3662} | ret=SUCCESS |  
2019-08-21 02:17:30,387 | INFO  | DNAudit | user=null | ip=null | op=WRITE_CHUNK {blockData=conID: 2 locID: 102652565934703182 bcsId: 3662} | ret=SUCCESS |  
2019-08-21 02:17:30,388 | INFO  | DNAudit | user=null | ip=null | op=WRITE_CHUNK {blockData=conID: 2 locID: 102652565934703182 bcsId: 3662} | ret=SUCCESS |  
2019-08-21 02:17:30,390 | INFO  | DNAudit | user=null | ip=null | op=WRITE_CHUNK {blockData=conID: 2 locID: 102652565934703182 bcsId: 3656} | ret=SUCCESS |  
2019-08-21 02:17:30,390 | INFO  | DNAudit | user=null | ip=null | op=WRITE_CHUNK {blockData=conID: 2 locID: 102652565934703182 bcsId: 3656} | ret=SUCCESS |  
2019-08-21 02:17:30,393 | INFO  | DNAudit | user=null | ip=null | op=PUT_BLOCK {blockData=[blockId=conID: 2 locID: 102652565934703182 bcsId: 0,size=3145728]} | ret=SUCCESS |  
2019-08-21 02:17:30,393 | INFO  | DNAudit | user=null | ip=null | op=WRITE_CHUNK {blockData=conID: 2 locID: 102652565934703182 bcsId: 3662} | ret=SUCCESS |  
2019-08-21 02:17:30,393 | INFO  | DNAudit | user=null | ip=null | op=PUT_BLOCK {blockData=[blockId=conID: 2 locID: 102652565934703182 bcsId: 0,size=3145728]} | ret=SUCCESS |  
2019-08-21 02:17:30,394 | INFO  | DNAudit | user=null | ip=null | op=PUT_BLOCK {blockData=[blockId=conID: 2 locID: 102652565934703182 bcsId: 0,size=4194304]} | ret=SUCCESS |  
2019-08-21 02:17:30,394 [grpc-default-executor-0] INFO  client.GrpcClientProtocolClient (GrpcClientProtocolClient.java:onNext(255)) - client-54CC064C3FCE->8224e767-71c1-41fc-a01a-d172d48fd9d8: receive RaftClientReply:client-54CC064C3FCE->8224e767-71c1-41fc-a01a-d172d48fd9d8@group-F6B37CC92441, cid=2474, SUCCESS, logIndex=3665, commits[8224e767-71c1-41fc-a01a-d172d48fd9d8:c3666, 6eae0c21-01aa-4169-956f-5952b26ea7ba:c3662, 8d7dcba1-3b82-4d94-a832-514ef5c79cf8:c3661]
2019-08-21 02:17:30,394 [grpc-default-executor-0] INFO  client.GrpcClientProtocolClient (GrpcClientProtocolClient.java:onNext(255)) - client-54CC064C3FCE->8224e767-71c1-41fc-a01a-d172d48fd9d8: receive RaftClientReply:client-54CC064C3FCE->8224e767-71c1-41fc-a01a-d172d48fd9d8@group-F6B37CC92441, cid=2475, SUCCESS, logIndex=3666, commits[8224e767-71c1-41fc-a01a-d172d48fd9d8:c3666, 6eae0c21-01aa-4169-956f-5952b26ea7ba:c3662, 8d7dcba1-3b82-4d94-a832-514ef5c79cf8:c3662]
2019-08-21 02:17:30,405 | INFO  | DNAudit | user=null | ip=null | op=WRITE_CHUNK {blockData=conID: 2 locID: 102652565934703182 bcsId: 3662} | ret=SUCCESS |  
2019-08-21 02:17:30,405 | INFO  | DNAudit | user=null | ip=null | op=WRITE_CHUNK {blockData=conID: 2 locID: 102652565934703182 bcsId: 3662} | ret=SUCCESS |  
2019-08-21 02:17:30,407 | INFO  | DNAudit | user=null | ip=null | op=PUT_BLOCK {blockData=[blockId=conID: 2 locID: 102652565934703182 bcsId: 0,size=4194304]} | ret=SUCCESS |  
2019-08-21 02:17:30,407 | INFO  | DNAudit | user=null | ip=null | op=PUT_BLOCK {blockData=[blockId=conID: 2 locID: 102652565934703182 bcsId: 0,size=4194304]} | ret=SUCCESS |  
2019-08-21 02:17:30,408 [grpc-default-executor-0] INFO  client.GrpcClientProtocolClient (GrpcClientProtocolClient.java:onNext(255)) - client-54CC064C3FCE->8224e767-71c1-41fc-a01a-d172d48fd9d8: receive RaftClientReply:client-54CC064C3FCE->8224e767-71c1-41fc-a01a-d172d48fd9d8@group-F6B37CC92441, cid=2476, SUCCESS, logIndex=0, commits[8224e767-71c1-41fc-a01a-d172d48fd9d8:c3668, 6eae0c21-01aa-4169-956f-5952b26ea7ba:c3666, 8d7dcba1-3b82-4d94-a832-514ef5c79cf8:c3666]
2019-08-21 02:17:30,413 | INFO  | SCMAudit | user=jenkins1000 | ip=192.168.34.10 | op=ALLOCATE_BLOCK {owner=b6f66289-f2a0-4058-b052-0a85e40df67b, size=4194304, type=RATIS, factor=THREE} | ret=SUCCESS |  
2019-08-21 02:17:30,416 | INFO  | OMAudit | user=jenkins1000 | ip=127.0.0.1 | op=ALLOCATE_BLOCK {volume=vol-0-90982, bucket=bucket-0-24269, key=key-0-81262, dataSize=0, replicationType=null, replicationFactor=null, keyLocationInfo=null, clientID=102652564580991378} | ret=SUCCESS |  
2019-08-21 02:17:30,422 | INFO  | DNAudit | user=null | ip=null | op=WRITE_CHUNK {blockData=conID: 3 locID: 102652565940666959 bcsId: 0} | ret=SUCCESS |  
2019-08-21 02:17:30,424 | INFO  | DNAudit | user=null | ip=null | op=WRITE_CHUNK {blockData=conID: 3 locID: 102652565940666959 bcsId: 0} | ret=SUCCESS |  
2019-08-21 02:17:30,424 | INFO  | DNAudit | user=null | ip=null | op=WRITE_CHUNK {blockData=conID: 3 locID: 102652565940666959 bcsId: 0} | ret=SUCCESS |  
2019-08-21 02:17:30,425 | INFO  | DNAudit | user=null | ip=null | op=WRITE_CHUNK {blockData=conID: 3 locID: 102652565940666959 bcsId: 0} | ret=SUCCESS |  
2019-08-21 02:17:30,425 | INFO  | DNAudit | user=null | ip=null | op=WRITE_CHUNK {blockData=conID: 3 locID: 102652565940666959 bcsId: 0} | ret=SUCCESS |  
2019-08-21 02:17:30,426 | INFO  | DNAudit | user=null | ip=null | op=WRITE_CHUNK {blockData=conID: 3 locID: 102652565940666959 bcsId: 0} | ret=SUCCESS |  
2019-08-21 02:17:30,436 | INFO  | DNAudit | user=null | ip=null | op=WRITE_CHUNK {blockData=conID: 3 locID: 102652565940666959 bcsId: 0} | ret=SUCCESS |  
2019-08-21 02:17:30,437 | INFO  | DNAudit | user=null | ip=null | op=PUT_BLOCK {blockData=[blockId=conID: 3 locID: 102652565940666959 bcsId: 0,size=1048576]} | ret=SUCCESS |  
2019-08-21 02:17:30,437 [grpc-default-executor-3] INFO  client.GrpcClientProtocolClient (GrpcClientProtocolClient.java:onNext(255)) - client-54CC064C3FCE->8224e767-71c1-41fc-a01a-d172d48fd9d8: receive RaftClientReply:client-54CC064C3FCE->8224e767-71c1-41fc-a01a-d172d48fd9d8@group-F6B37CC92441, cid=2477, SUCCESS, logIndex=3669, commits[8224e767-71c1-41fc-a01a-d172d48fd9d8:c3670, 6eae0c21-01aa-4169-956f-5952b26ea7ba:c3668, 8d7dcba1-3b82-4d94-a832-514ef5c79cf8:c3668]
2019-08-21 02:17:30,438 | INFO  | DNAudit | user=null | ip=null | op=WRITE_CHUNK {blockData=conID: 3 locID: 102652565940666959 bcsId: 0} | ret=SUCCESS |  
2019-08-21 02:17:30,438 [grpc-default-executor-3] INFO  client.GrpcClientProtocolClient (GrpcClientProtocolClient.java:onNext(255)) - client-54CC064C3FCE->8224e767-71c1-41fc-a01a-d172d48fd9d8: receive RaftClientReply:client-54CC064C3FCE->8224e767-71c1-41fc-a01a-d172d48fd9d8@group-F6B37CC92441, cid=2478, SUCCESS, logIndex=3670, commits[8224e767-71c1-41fc-a01a-d172d48fd9d8:c3672, 6eae0c21-01aa-4169-956f-5952b26ea7ba:c3668, 8d7dcba1-3b82-4d94-a832-514ef5c79cf8:c3668]
2019-08-21 02:17:30,438 | INFO  | DNAudit | user=null | ip=null | op=PUT_BLOCK {blockData=[blockId=conID: 3 locID: 102652565940666959 bcsId: 0,size=2097152]} | ret=SUCCESS |  
2019-08-21 02:17:30,438 [grpc-default-executor-3] INFO  client.GrpcClientProtocolClient (GrpcClientProtocolClient.java:onNext(255)) - client-54CC064C3FCE->8224e767-71c1-41fc-a01a-d172d48fd9d8: receive RaftClientReply:client-54CC064C3FCE->8224e767-71c1-41fc-a01a-d172d48fd9d8@group-F6B37CC92441, cid=2479, SUCCESS, logIndex=3671, commits[8224e767-71c1-41fc-a01a-d172d48fd9d8:c3672, 6eae0c21-01aa-4169-956f-5952b26ea7ba:c3668, 8d7dcba1-3b82-4d94-a832-514ef5c79cf8:c3668]
2019-08-21 02:17:30,438 [grpc-default-executor-3] INFO  client.GrpcClientProtocolClient (GrpcClientProtocolClient.java:onNext(255)) - client-54CC064C3FCE->8224e767-71c1-41fc-a01a-d172d48fd9d8: receive RaftClientReply:client-54CC064C3FCE->8224e767-71c1-41fc-a01a-d172d48fd9d8@group-F6B37CC92441, cid=2480, SUCCESS, logIndex=3672, commits[8224e767-71c1-41fc-a01a-d172d48fd9d8:c3672, 6eae0c21-01aa-4169-956f-5952b26ea7ba:c3668, 8d7dcba1-3b82-4d94-a832-514ef5c79cf8:c3668]
2019-08-21 02:17:30,448 | INFO  | DNAudit | user=null | ip=null | op=WRITE_CHUNK {blockData=conID: 3 locID: 102652565940666959 bcsId: 0} | ret=SUCCESS |  
2019-08-21 02:17:30,448 | INFO  | DNAudit | user=null | ip=null | op=WRITE_CHUNK {blockData=conID: 3 locID: 102652565940666959 bcsId: 0} | ret=SUCCESS |  
2019-08-21 02:17:30,448 | INFO  | DNAudit | user=null | ip=null | op=PUT_BLOCK {blockData=[blockId=conID: 3 locID: 102652565940666959 bcsId: 0,size=1048576]} | ret=SUCCESS |  
2019-08-21 02:17:30,448 | INFO  | DNAudit | user=null | ip=null | op=PUT_BLOCK {blockData=[blockId=conID: 3 locID: 102652565940666959 bcsId: 0,size=1048576]} | ret=SUCCESS |  
2019-08-21 02:17:30,448 [grpc-default-executor-3] INFO  client.GrpcClientProtocolClient (GrpcClientProtocolClient.java:onNext(255)) - client-54CC064C3FCE->8224e767-71c1-41fc-a01a-d172d48fd9d8: receive RaftClientReply:client-54CC064C3FCE->8224e767-71c1-41fc-a01a-d172d48fd9d8@group-F6B37CC92441, cid=2481, SUCCESS, logIndex=0, commits[8224e767-71c1-41fc-a01a-d172d48fd9d8:c3673, 6eae0c21-01aa-4169-956f-5952b26ea7ba:c3670, 8d7dcba1-3b82-4d94-a832-514ef5c79cf8:c3670]
2019-08-21 02:17:30,451 | INFO  | DNAudit | user=null | ip=null | op=WRITE_CHUNK {blockData=conID: 3 locID: 102652565940666959 bcsId: 0} | ret=SUCCESS |  
2019-08-21 02:17:30,451 | INFO  | DNAudit | user=null | ip=null | op=WRITE_CHUNK {blockData=conID: 3 locID: 102652565940666959 bcsId: 0} | ret=SUCCESS |  
2019-08-21 02:17:30,451 | INFO  | DNAudit | user=null | ip=null | op=PUT_BLOCK {blockData=[blockId=conID: 3 locID: 102652565940666959 bcsId: 0,size=2097152]} | ret=SUCCESS |  
2019-08-21 02:17:30,451 | INFO  | DNAudit | user=null | ip=null | op=PUT_BLOCK {blockData=[blockId=conID: 3 locID: 102652565940666959 bcsId: 0,size=2097152]} | ret=SUCCESS |  
2019-08-21 02:17:30,454 | INFO  | DNAudit | user=null | ip=null | op=WRITE_CHUNK {blockData=conID: 3 locID: 102652565940666959 bcsId: 3672} | ret=SUCCESS |  
2019-08-21 02:17:30,456 | INFO  | DNAudit | user=null | ip=null | op=WRITE_CHUNK {blockData=conID: 3 locID: 102652565940666959 bcsId: 3672} | ret=SUCCESS |  
2019-08-21 02:17:30,456 | INFO  | DNAudit | user=null | ip=null | op=WRITE_CHUNK {blockData=conID: 3 locID: 102652565940666959 bcsId: 3672} | ret=SUCCESS |  
2019-08-21 02:17:30,467 | INFO  | DNAudit | user=null | ip=null | op=WRITE_CHUNK {blockData=conID: 3 locID: 102652565940666959 bcsId: 3672} | ret=SUCCESS |  
2019-08-21 02:17:30,467 | INFO  | DNAudit | user=null | ip=null | op=PUT_BLOCK {blockData=[blockId=conID: 3 locID: 102652565940666959 bcsId: 0,size=3145728]} | ret=SUCCESS |  
2019-08-21 02:17:30,467 [grpc-default-executor-0] INFO  client.GrpcClientProtocolClient (GrpcClientProtocolClient.java:onNext(255)) - client-54CC064C3FCE->8224e767-71c1-41fc-a01a-d172d48fd9d8: receive RaftClientReply:client-54CC064C3FCE->8224e767-71c1-41fc-a01a-d172d48fd9d8@group-F6B37CC92441, cid=2482, SUCCESS, logIndex=3676, commits[8224e767-71c1-41fc-a01a-d172d48fd9d8:c3677, 6eae0c21-01aa-4169-956f-5952b26ea7ba:c3675, 8d7dcba1-3b82-4d94-a832-514ef5c79cf8:c3675]
2019-08-21 02:17:30,467 [grpc-default-executor-0] INFO  client.GrpcClientProtocolClient (GrpcClientProtocolClient.java:onNext(255)) - client-54CC064C3FCE->8224e767-71c1-41fc-a01a-d172d48fd9d8: receive RaftClientReply:client-54CC064C3FCE->8224e767-71c1-41fc-a01a-d172d48fd9d8@group-F6B37CC92441, cid=2483, SUCCESS, logIndex=3677, commits[8224e767-71c1-41fc-a01a-d172d48fd9d8:c3677, 6eae0c21-01aa-4169-956f-5952b26ea7ba:c3675, 8d7dcba1-3b82-4d94-a832-514ef5c79cf8:c3675]
2019-08-21 02:17:30,473 | INFO  | DNAudit | user=null | ip=null | op=WRITE_CHUNK {blockData=conID: 3 locID: 102652565940666959 bcsId: 3677} | ret=SUCCESS |  
2019-08-21 02:17:30,475 | INFO  | DNAudit | user=null | ip=null | op=WRITE_CHUNK {blockData=conID: 3 locID: 102652565940666959 bcsId: 3677} | ret=SUCCESS |  
2019-08-21 02:17:30,475 | INFO  | DNAudit | user=null | ip=null | op=WRITE_CHUNK {blockData=conID: 3 locID: 102652565940666959 bcsId: 3677} | ret=SUCCESS |  
2019-08-21 02:17:30,480 | INFO  | DNAudit | user=null | ip=null | op=WRITE_CHUNK {blockData=conID: 3 locID: 102652565940666959 bcsId: 3672} | ret=SUCCESS |  
2019-08-21 02:17:30,480 | INFO  | DNAudit | user=null | ip=null | op=WRITE_CHUNK {blockData=conID: 3 locID: 102652565940666959 bcsId: 3672} | ret=SUCCESS |  
2019-08-21 02:17:30,483 | INFO  | DNAudit | user=null | ip=null | op=PUT_BLOCK {blockData=[blockId=conID: 3 locID: 102652565940666959 bcsId: 0,size=3145728]} | ret=SUCCESS |  
2019-08-21 02:17:30,483 | INFO  | DNAudit | user=null | ip=null | op=PUT_BLOCK {blockData=[blockId=conID: 3 locID: 102652565940666959 bcsId: 0,size=3145728]} | ret=SUCCESS |  
2019-08-21 02:17:30,484 | INFO  | DNAudit | user=null | ip=null | op=WRITE_CHUNK {blockData=conID: 3 locID: 102652565940666959 bcsId: 3677} | ret=SUCCESS |  
2019-08-21 02:17:30,484 | INFO  | DNAudit | user=null | ip=null | op=PUT_BLOCK {blockData=[blockId=conID: 3 locID: 102652565940666959 bcsId: 0,size=4194304]} | ret=SUCCESS |  
2019-08-21 02:17:30,484 [grpc-default-executor-1] INFO  client.GrpcClientProtocolClient (GrpcClientProtocolClient.java:onNext(255)) - client-54CC064C3FCE->8224e767-71c1-41fc-a01a-d172d48fd9d8: receive RaftClientReply:client-54CC064C3FCE->8224e767-71c1-41fc-a01a-d172d48fd9d8@group-F6B37CC92441, cid=2484, SUCCESS, logIndex=3680, commits[8224e767-71c1-41fc-a01a-d172d48fd9d8:c3681, 6eae0c21-01aa-4169-956f-5952b26ea7ba:c3677, 8d7dcba1-3b82-4d94-a832-514ef5c79cf8:c3677]
2019-08-21 02:17:30,485 [grpc-default-executor-1] INFO  client.GrpcClientProtocolClient (GrpcClientProtocolClient.java:onNext(255)) - client-54CC064C3FCE->8224e767-71c1-41fc-a01a-d172d48fd9d8: receive RaftClientReply:client-54CC064C3FCE->8224e767-71c1-41fc-a01a-d172d48fd9d8@group-F6B37CC92441, cid=2485, SUCCESS, logIndex=3681, commits[8224e767-71c1-41fc-a01a-d172d48fd9d8:c3681, 6eae0c21-01aa-4169-956f-5952b26ea7ba:c3677, 8d7dcba1-3b82-4d94-a832-514ef5c79cf8:c3677]
2019-08-21 02:17:30,486 | INFO  | DNAudit | user=null | ip=null | op=WRITE_CHUNK {blockData=conID: 3 locID: 102652565940666959 bcsId: 3677} | ret=SUCCESS |  
2019-08-21 02:17:30,486 | INFO  | DNAudit | user=null | ip=null | op=WRITE_CHUNK {blockData=conID: 3 locID: 102652565940666959 bcsId: 3677} | ret=SUCCESS |  
2019-08-21 02:17:30,489 | INFO  | DNAudit | user=null | ip=null | op=PUT_BLOCK {blockData=[blockId=conID: 3 locID: 102652565940666959 bcsId: 0,size=4194304]} | ret=SUCCESS |  
2019-08-21 02:17:30,489 | INFO  | DNAudit | user=null | ip=null | op=PUT_BLOCK {blockData=[blockId=conID: 3 locID: 102652565940666959 bcsId: 0,size=4194304]} | ret=SUCCESS |  
2019-08-21 02:17:30,489 [grpc-default-executor-1] INFO  client.GrpcClientProtocolClient (GrpcClientProtocolClient.java:onNext(255)) - client-54CC064C3FCE->8224e767-71c1-41fc-a01a-d172d48fd9d8: receive RaftClientReply:client-54CC064C3FCE->8224e767-71c1-41fc-a01a-d172d48fd9d8@group-F6B37CC92441, cid=2486, SUCCESS, logIndex=0, commits[8224e767-71c1-41fc-a01a-d172d48fd9d8:c3683, 6eae0c21-01aa-4169-956f-5952b26ea7ba:c3681, 8d7dcba1-3b82-4d94-a832-514ef5c79cf8:c3681]
2019-08-21 02:17:30,493 | INFO  | SCMAudit | user=jenkins1000 | ip=192.168.34.10 | op=ALLOCATE_BLOCK {owner=b6f66289-f2a0-4058-b052-0a85e40df67b, size=4194304, type=RATIS, factor=THREE} | ret=SUCCESS |  
2019-08-21 02:17:30,496 | INFO  | OMAudit | user=jenkins1000 | ip=127.0.0.1 | op=ALLOCATE_BLOCK {volume=vol-0-90982, bucket=bucket-0-24269, key=key-0-81262, dataSize=0, replicationType=null, replicationFactor=null, keyLocationInfo=null, clientID=102652564580991378} | ret=SUCCESS |  
2019-08-21 02:17:30,501 | INFO  | DNAudit | user=null | ip=null | op=WRITE_CHUNK {blockData=conID: 1 locID: 102652565945909840 bcsId: 0} | ret=SUCCESS |  
2019-08-21 02:17:30,503 | INFO  | DNAudit | user=null | ip=null | op=WRITE_CHUNK {blockData=conID: 1 locID: 102652565945909840 bcsId: 0} | ret=SUCCESS |  
2019-08-21 02:17:30,503 | INFO  | DNAudit | user=null | ip=null | op=WRITE_CHUNK {blockData=conID: 1 locID: 102652565945909840 bcsId: 0} | ret=SUCCESS |  
2019-08-21 02:17:30,504 | INFO  | DNAudit | user=null | ip=null | op=WRITE_CHUNK {blockData=conID: 1 locID: 102652565945909840 bcsId: 0} | ret=SUCCESS |  
2019-08-21 02:17:30,505 | INFO  | DNAudit | user=null | ip=null | op=WRITE_CHUNK {blockData=conID: 1 locID: 102652565945909840 bcsId: 0} | ret=SUCCESS |  
2019-08-21 02:17:30,505 | INFO  | DNAudit | user=null | ip=null | op=WRITE_CHUNK {blockData=conID: 1 locID: 102652565945909840 bcsId: 0} | ret=SUCCESS |  
2019-08-21 02:17:30,548 | INFO  | DNAudit | user=null | ip=null | op=WRITE_CHUNK {blockData=conID: 1 locID: 102652565945909840 bcsId: 0} | ret=SUCCESS |  
2019-08-21 02:17:30,549 | INFO  | DNAudit | user=null | ip=null | op=PUT_BLOCK {blockData=[blockId=conID: 1 locID: 102652565945909840 bcsId: 0,size=1048576]} | ret=SUCCESS |  
2019-08-21 02:17:30,549 | INFO  | DNAudit | user=null | ip=null | op=WRITE_CHUNK {blockData=conID: 1 locID: 102652565945909840 bcsId: 0} | ret=SUCCESS |  
2019-08-21 02:17:30,549 [grpc-default-executor-3] INFO  client.GrpcClientProtocolClient (GrpcClientProtocolClient.java:onNext(255)) - client-54CC064C3FCE->8224e767-71c1-41fc-a01a-d172d48fd9d8: receive RaftClientReply:client-54CC064C3FCE->8224e767-71c1-41fc-a01a-d172d48fd9d8@group-F6B37CC92441, cid=2487, SUCCESS, logIndex=3684, commits[8224e767-71c1-41fc-a01a-d172d48fd9d8:c3685, 6eae0c21-01aa-4169-956f-5952b26ea7ba:c3683, 8d7dcba1-3b82-4d94-a832-514ef5c79cf8:c3683]
2019-08-21 02:17:30,550 | INFO  | DNAudit | user=null | ip=null | op=PUT_BLOCK {blockData=[blockId=conID: 1 locID: 102652565945909840 bcsId: 0,size=2097152]} | ret=SUCCESS |  
2019-08-21 02:17:30,550 [grpc-default-executor-3] INFO  client.GrpcClientProtocolClient (GrpcClientProtocolClient.java:onNext(255)) - client-54CC064C3FCE->8224e767-71c1-41fc-a01a-d172d48fd9d8: receive RaftClientReply:client-54CC064C3FCE->8224e767-71c1-41fc-a01a-d172d48fd9d8@group-F6B37CC92441, cid=2488, SUCCESS, logIndex=3685, commits[8224e767-71c1-41fc-a01a-d172d48fd9d8:c3687, 6eae0c21-01aa-4169-956f-5952b26ea7ba:c3683, 8d7dcba1-3b82-4d94-a832-514ef5c79cf8:c3683]
2019-08-21 02:17:30,550 [grpc-default-executor-3] INFO  client.GrpcClientProtocolClient (GrpcClientProtocolClient.java:onNext(255)) - client-54CC064C3FCE->8224e767-71c1-41fc-a01a-d172d48fd9d8: receive RaftClientReply:client-54CC064C3FCE->8224e767-71c1-41fc-a01a-d172d48fd9d8@group-F6B37CC92441, cid=2489, SUCCESS, logIndex=3686, commits[8224e767-71c1-41fc-a01a-d172d48fd9d8:c3687, 6eae0c21-01aa-4169-956f-5952b26ea7ba:c3683, 8d7dcba1-3b82-4d94-a832-514ef5c79cf8:c3683]
2019-08-21 02:17:30,551 [grpc-default-executor-3] INFO  client.GrpcClientProtocolClient (GrpcClientProtocolClient.java:onNext(255)) - client-54CC064C3FCE->8224e767-71c1-41fc-a01a-d172d48fd9d8: receive RaftClientReply:client-54CC064C3FCE->8224e767-71c1-41fc-a01a-d172d48fd9d8@group-F6B37CC92441, cid=2490, SUCCESS, logIndex=3687, commits[8224e767-71c1-41fc-a01a-d172d48fd9d8:c3687, 6eae0c21-01aa-4169-956f-5952b26ea7ba:c3683, 8d7dcba1-3b82-4d94-a832-514ef5c79cf8:c3683]
2019-08-21 02:17:30,562 | INFO  | DNAudit | user=null | ip=null | op=WRITE_CHUNK {blockData=conID: 1 locID: 102652565945909840 bcsId: 0} | ret=SUCCESS |  
2019-08-21 02:17:30,562 | INFO  | DNAudit | user=null | ip=null | op=WRITE_CHUNK {blockData=conID: 1 locID: 102652565945909840 bcsId: 0} | ret=SUCCESS |  
2019-08-21 02:17:30,562 | INFO  | DNAudit | user=null | ip=null | op=PUT_BLOCK {blockData=[blockId=conID: 1 locID: 102652565945909840 bcsId: 0,size=1048576]} | ret=SUCCESS |  
2019-08-21 02:17:30,563 | INFO  | DNAudit | user=null | ip=null | op=PUT_BLOCK {blockData=[blockId=conID: 1 locID: 102652565945909840 bcsId: 0,size=1048576]} | ret=SUCCESS |  
2019-08-21 02:17:30,563 [grpc-default-executor-3] INFO  client.GrpcClientProtocolClient (GrpcClientProtocolClient.java:onNext(255)) - client-54CC064C3FCE->8224e767-71c1-41fc-a01a-d172d48fd9d8: receive RaftClientReply:client-54CC064C3FCE->8224e767-71c1-41fc-a01a-d172d48fd9d8@group-F6B37CC92441, cid=2491, SUCCESS, logIndex=0, commits[8224e767-71c1-41fc-a01a-d172d48fd9d8:c3688, 6eae0c21-01aa-4169-956f-5952b26ea7ba:c3685, 8d7dcba1-3b82-4d94-a832-514ef5c79cf8:c3685]
2019-08-21 02:17:30,563 | INFO  | DNAudit | user=null | ip=null | op=WRITE_CHUNK {blockData=conID: 1 locID: 102652565945909840 bcsId: 0} | ret=SUCCESS |  
2019-08-21 02:17:30,564 | INFO  | DNAudit | user=null | ip=null | op=PUT_BLOCK {blockData=[blockId=conID: 1 locID: 102652565945909840 bcsId: 0,size=2097152]} | ret=SUCCESS |  
2019-08-21 02:17:30,564 | INFO  | DNAudit | user=null | ip=null | op=WRITE_CHUNK {blockData=conID: 1 locID: 102652565945909840 bcsId: 0} | ret=SUCCESS |  
2019-08-21 02:17:30,564 | INFO  | DNAudit | user=null | ip=null | op=PUT_BLOCK {blockData=[blockId=conID: 1 locID: 102652565945909840 bcsId: 0,size=2097152]} | ret=SUCCESS |  
2019-08-21 02:17:30,570 | INFO  | DNAudit | user=null | ip=null | op=WRITE_CHUNK {blockData=conID: 1 locID: 102652565945909840 bcsId: 3687} | ret=SUCCESS |  
2019-08-21 02:17:30,573 | INFO  | DNAudit | user=null | ip=null | op=WRITE_CHUNK {blockData=conID: 1 locID: 102652565945909840 bcsId: 3687} | ret=SUCCESS |  
2019-08-21 02:17:30,573 | INFO  | DNAudit | user=null | ip=null | op=WRITE_CHUNK {blockData=conID: 1 locID: 102652565945909840 bcsId: 3687} | ret=SUCCESS |  
2019-08-21 02:17:30,584 | INFO  | DNAudit | user=null | ip=null | op=WRITE_CHUNK {blockData=conID: 1 locID: 102652565945909840 bcsId: 3687} | ret=SUCCESS |  
2019-08-21 02:17:30,584 | INFO  | DNAudit | user=null | ip=null | op=PUT_BLOCK {blockData=[blockId=conID: 1 locID: 102652565945909840 bcsId: 0,size=3145728]} | ret=SUCCESS |  
2019-08-21 02:17:30,584 [grpc-default-executor-3] INFO  client.GrpcClientProtocolClient (GrpcClientProtocolClient.java:onNext(255)) - client-54CC064C3FCE->8224e767-71c1-41fc-a01a-d172d48fd9d8: receive RaftClientReply:client-54CC064C3FCE->8224e767-71c1-41fc-a01a-d172d48fd9d8@group-F6B37CC92441, cid=2492, SUCCESS, logIndex=3692, commits[8224e767-71c1-41fc-a01a-d172d48fd9d8:c3693, 6eae0c21-01aa-4169-956f-5952b26ea7ba:c3691, 8d7dcba1-3b82-4d94-a832-514ef5c79cf8:c3691]
2019-08-21 02:17:30,720 | INFO  | DNAudit | user=null | ip=null | op=WRITE_CHUNK {blockData=conID: 1 locID: 102652565945909840 bcsId: 3687} | ret=SUCCESS |  
2019-08-21 02:17:30,719 [grpc-default-executor-1] INFO  client.GrpcClientProtocolClient (GrpcClientProtocolClient.java:onNext(255)) - client-54CC064C3FCE->8224e767-71c1-41fc-a01a-d172d48fd9d8: receive RaftClientReply:client-54CC064C3FCE->8224e767-71c1-41fc-a01a-d172d48fd9d8@group-F6B37CC92441, cid=2493, SUCCESS, logIndex=3693, commits[8224e767-71c1-41fc-a01a-d172d48fd9d8:c3693, 6eae0c21-01aa-4169-956f-5952b26ea7ba:c3691, 8d7dcba1-3b82-4d94-a832-514ef5c79cf8:c3691]
2019-08-21 02:17:30,720 | INFO  | DNAudit | user=null | ip=null | op=WRITE_CHUNK {blockData=conID: 1 locID: 102652565945909840 bcsId: 3687} | ret=SUCCESS |  
2019-08-21 02:17:30,727 | INFO  | DNAudit | user=null | ip=null | op=WRITE_CHUNK {blockData=conID: 1 locID: 102652565945909840 bcsId: 3693} | ret=SUCCESS |  
2019-08-21 02:17:30,730 | INFO  | DNAudit | user=null | ip=null | op=WRITE_CHUNK {blockData=conID: 1 locID: 102652565945909840 bcsId: 3693} | ret=SUCCESS |  
2019-08-21 02:17:30,730 | INFO  | DNAudit | user=null | ip=null | op=WRITE_CHUNK {blockData=conID: 1 locID: 102652565945909840 bcsId: 3693} | ret=SUCCESS |  
2019-08-21 02:17:30,731 | INFO  | DNAudit | user=null | ip=null | op=PUT_BLOCK {blockData=[blockId=conID: 1 locID: 102652565945909840 bcsId: 0,size=3145728]} | ret=SUCCESS |  
2019-08-21 02:17:30,731 | INFO  | DNAudit | user=null | ip=null | op=PUT_BLOCK {blockData=[blockId=conID: 1 locID: 102652565945909840 bcsId: 0,size=3145728]} | ret=SUCCESS |  
2019-08-21 02:17:30,732 | INFO  | DNAudit | user=null | ip=null | op=WRITE_CHUNK {blockData=conID: 1 locID: 102652565945909840 bcsId: 3693} | ret=SUCCESS |  
2019-08-21 02:17:30,732 | INFO  | DNAudit | user=null | ip=null | op=PUT_BLOCK {blockData=[blockId=conID: 1 locID: 102652565945909840 bcsId: 0,size=4194304]} | ret=SUCCESS |  
2019-08-21 02:17:30,733 [grpc-default-executor-0] INFO  client.GrpcClientProtocolClient (GrpcClientProtocolClient.java:onNext(255)) - client-54CC064C3FCE->8224e767-71c1-41fc-a01a-d172d48fd9d8: receive RaftClientReply:client-54CC064C3FCE->8224e767-71c1-41fc-a01a-d172d48fd9d8@group-F6B37CC92441, cid=2494, SUCCESS, logIndex=3696, commits[8224e767-71c1-41fc-a01a-d172d48fd9d8:c3697, 6eae0c21-01aa-4169-956f-5952b26ea7ba:c3694, 8d7dcba1-3b82-4d94-a832-514ef5c79cf8:c3694]
2019-08-21 02:17:30,733 [grpc-default-executor-0] INFO  client.GrpcClientProtocolClient (GrpcClientProtocolClient.java:onNext(255)) - client-54CC064C3FCE->8224e767-71c1-41fc-a01a-d172d48fd9d8: receive RaftClientReply:client-54CC064C3FCE->8224e767-71c1-41fc-a01a-d172d48fd9d8@group-F6B37CC92441, cid=2495, SUCCESS, logIndex=3697, commits[8224e767-71c1-41fc-a01a-d172d48fd9d8:c3697, 6eae0c21-01aa-4169-956f-5952b26ea7ba:c3694, 8d7dcba1-3b82-4d94-a832-514ef5c79cf8:c3694]
2019-08-21 02:17:30,745 | INFO  | DNAudit | user=null | ip=null | op=WRITE_CHUNK {blockData=conID: 1 locID: 102652565945909840 bcsId: 3693} | ret=SUCCESS |  
2019-08-21 02:17:30,745 | INFO  | DNAudit | user=null | ip=null | op=WRITE_CHUNK {blockData=conID: 1 locID: 102652565945909840 bcsId: 3693} | ret=SUCCESS |  
2019-08-21 02:17:30,757 | INFO  | DNAudit | user=null | ip=null | op=PUT_BLOCK {blockData=[blockId=conID: 1 locID: 102652565945909840 bcsId: 0,size=4194304]} | ret=SUCCESS |  
2019-08-21 02:17:30,757 | INFO  | DNAudit | user=null | ip=null | op=PUT_BLOCK {blockData=[blockId=conID: 1 locID: 102652565945909840 bcsId: 0,size=4194304]} | ret=SUCCESS |  
2019-08-21 02:17:30,757 [grpc-default-executor-0] INFO  client.GrpcClientProtocolClient (GrpcClientProtocolClient.java:onNext(255)) - client-54CC064C3FCE->8224e767-71c1-41fc-a01a-d172d48fd9d8: receive RaftClientReply:client-54CC064C3FCE->8224e767-71c1-41fc-a01a-d172d48fd9d8@group-F6B37CC92441, cid=2496, SUCCESS, logIndex=0, commits[8224e767-71c1-41fc-a01a-d172d48fd9d8:c3698, 6eae0c21-01aa-4169-956f-5952b26ea7ba:c3697, 8d7dcba1-3b82-4d94-a832-514ef5c79cf8:c3697]
2019-08-21 02:17:30,764 | INFO  | SCMAudit | user=jenkins1000 | ip=192.168.34.10 | op=ALLOCATE_BLOCK {owner=b6f66289-f2a0-4058-b052-0a85e40df67b, size=4194304, type=RATIS, factor=THREE} | ret=SUCCESS |  
2019-08-21 02:17:30,769 | INFO  | OMAudit | user=jenkins1000 | ip=127.0.0.1 | op=ALLOCATE_BLOCK {volume=vol-0-90982, bucket=bucket-0-24269, key=key-0-81262, dataSize=0, replicationType=null, replicationFactor=null, keyLocationInfo=null, clientID=102652564580991378} | ret=SUCCESS |  
2019-08-21 02:17:30,779 | INFO  | DNAudit | user=null | ip=null | op=WRITE_CHUNK {blockData=conID: 2 locID: 102652565963670097 bcsId: 0} | ret=SUCCESS |  
2019-08-21 02:17:30,782 | INFO  | DNAudit | user=null | ip=null | op=WRITE_CHUNK {blockData=conID: 2 locID: 102652565963670097 bcsId: 0} | ret=SUCCESS |  
2019-08-21 02:17:30,782 | INFO  | DNAudit | user=null | ip=null | op=WRITE_CHUNK {blockData=conID: 2 locID: 102652565963670097 bcsId: 0} | ret=SUCCESS |  
2019-08-21 02:17:30,782 | INFO  | DNAudit | user=null | ip=null | op=WRITE_CHUNK {blockData=conID: 2 locID: 102652565963670097 bcsId: 0} | ret=SUCCESS |  
2019-08-21 02:17:30,784 | INFO  | DNAudit | user=null | ip=null | op=WRITE_CHUNK {blockData=conID: 2 locID: 102652565963670097 bcsId: 0} | ret=SUCCESS |  
2019-08-21 02:17:30,784 | INFO  | DNAudit | user=null | ip=null | op=WRITE_CHUNK {blockData=conID: 2 locID: 102652565963670097 bcsId: 0} | ret=SUCCESS |  
2019-08-21 02:17:30,789 | INFO  | DNAudit | user=null | ip=null | op=WRITE_CHUNK {blockData=conID: 2 locID: 102652565963670097 bcsId: 0} | ret=SUCCESS |  
2019-08-21 02:17:30,789 | INFO  | DNAudit | user=null | ip=null | op=PUT_BLOCK {blockData=[blockId=conID: 2 locID: 102652565963670097 bcsId: 0,size=1048576]} | ret=SUCCESS |  
2019-08-21 02:17:30,790 [grpc-default-executor-1] INFO  client.GrpcClientProtocolClient (GrpcClientProtocolClient.java:onNext(255)) - client-54CC064C3FCE->8224e767-71c1-41fc-a01a-d172d48fd9d8: receive RaftClientReply:client-54CC064C3FCE->8224e767-71c1-41fc-a01a-d172d48fd9d8@group-F6B37CC92441, cid=2497, SUCCESS, logIndex=3700, commits[8224e767-71c1-41fc-a01a-d172d48fd9d8:c3703, 6eae0c21-01aa-4169-956f-5952b26ea7ba:c3699, 8d7dcba1-3b82-4d94-a832-514ef5c79cf8:c3699]
2019-08-21 02:17:30,790 | INFO  | DNAudit | user=null | ip=null | op=WRITE_CHUNK {blockData=conID: 2 locID: 102652565963670097 bcsId: 0} | ret=SUCCESS |  
2019-08-21 02:17:30,790 | INFO  | DNAudit | user=null | ip=null | op=WRITE_CHUNK {blockData=conID: 2 locID: 102652565963670097 bcsId: 0} | ret=SUCCESS |  
2019-08-21 02:17:30,790 | INFO  | DNAudit | user=null | ip=null | op=WRITE_CHUNK {blockData=conID: 2 locID: 102652565963670097 bcsId: 0} | ret=SUCCESS |  
2019-08-21 02:17:30,790 | INFO  | DNAudit | user=null | ip=null | op=PUT_BLOCK {blockData=[blockId=conID: 2 locID: 102652565963670097 bcsId: 0,size=1048576]} | ret=SUCCESS |  
2019-08-21 02:17:30,790 | INFO  | DNAudit | user=null | ip=null | op=PUT_BLOCK {blockData=[blockId=conID: 2 locID: 102652565963670097 bcsId: 0,size=2097152]} | ret=SUCCESS |  
2019-08-21 02:17:30,790 | INFO  | DNAudit | user=null | ip=null | op=PUT_BLOCK {blockData=[blockId=conID: 2 locID: 102652565963670097 bcsId: 0,size=1048576]} | ret=SUCCESS |  
2019-08-21 02:17:30,790 [grpc-default-executor-1] INFO  client.GrpcClientProtocolClient (GrpcClientProtocolClient.java:onNext(255)) - client-54CC064C3FCE->8224e767-71c1-41fc-a01a-d172d48fd9d8: receive RaftClientReply:client-54CC064C3FCE->8224e767-71c1-41fc-a01a-d172d48fd9d8@group-F6B37CC92441, cid=2498, SUCCESS, logIndex=3701, commits[8224e767-71c1-41fc-a01a-d172d48fd9d8:c3703, 6eae0c21-01aa-4169-956f-5952b26ea7ba:c3699, 8d7dcba1-3b82-4d94-a832-514ef5c79cf8:c3699]
2019-08-21 02:17:30,791 [grpc-default-executor-1] INFO  client.GrpcClientProtocolClient (GrpcClientProtocolClient.java:onNext(255)) - client-54CC064C3FCE->8224e767-71c1-41fc-a01a-d172d48fd9d8: receive RaftClientReply:client-54CC064C3FCE->8224e767-71c1-41fc-a01a-d172d48fd9d8@group-F6B37CC92441, cid=2499, SUCCESS, logIndex=3702, commits[8224e767-71c1-41fc-a01a-d172d48fd9d8:c3704, 6eae0c21-01aa-4169-956f-5952b26ea7ba:c3701, 8d7dcba1-3b82-4d94-a832-514ef5c79cf8:c3699]
2019-08-21 02:17:30,791 [grpc-default-executor-1] INFO  client.GrpcClientProtocolClient (GrpcClientProtocolClient.java:onNext(255)) - client-54CC064C3FCE->8224e767-71c1-41fc-a01a-d172d48fd9d8: receive RaftClientReply:client-54CC064C3FCE->8224e767-71c1-41fc-a01a-d172d48fd9d8@group-F6B37CC92441, cid=2500, SUCCESS, logIndex=3703, commits[8224e767-71c1-41fc-a01a-d172d48fd9d8:c3705, 6eae0c21-01aa-4169-956f-5952b26ea7ba:c3701, 8d7dcba1-3b82-4d94-a832-514ef5c79cf8:c3701]
2019-08-21 02:17:30,791 | INFO  | DNAudit | user=null | ip=null | op=WRITE_CHUNK {blockData=conID: 2 locID: 102652565963670097 bcsId: 0} | ret=SUCCESS |  
2019-08-21 02:17:30,792 | INFO  | DNAudit | user=null | ip=null | op=PUT_BLOCK {blockData=[blockId=conID: 2 locID: 102652565963670097 bcsId: 0,size=2097152]} | ret=SUCCESS |  
2019-08-21 02:17:30,792 | INFO  | DNAudit | user=null | ip=null | op=WRITE_CHUNK {blockData=conID: 2 locID: 102652565963670097 bcsId: 0} | ret=SUCCESS |  
2019-08-21 02:17:30,792 | INFO  | DNAudit | user=null | ip=null | op=PUT_BLOCK {blockData=[blockId=conID: 2 locID: 102652565963670097 bcsId: 0,size=2097152]} | ret=SUCCESS |  
2019-08-21 02:17:30,798 | INFO  | DNAudit | user=null | ip=null | op=WRITE_CHUNK {blockData=conID: 2 locID: 102652565963670097 bcsId: 3703} | ret=SUCCESS |  
2019-08-21 02:17:30,800 | INFO  | DNAudit | user=null | ip=null | op=WRITE_CHUNK {blockData=conID: 2 locID: 102652565963670097 bcsId: 3703} | ret=SUCCESS |  
2019-08-21 02:17:30,800 | INFO  | DNAudit | user=null | ip=null | op=WRITE_CHUNK {blockData=conID: 2 locID: 102652565963670097 bcsId: 3703} | ret=SUCCESS |  
2019-08-21 02:17:30,811 | INFO  | DNAudit | user=null | ip=null | op=WRITE_CHUNK {blockData=conID: 2 locID: 102652565963670097 bcsId: 3703} | ret=SUCCESS |  
2019-08-21 02:17:30,811 | INFO  | DNAudit | user=null | ip=null | op=PUT_BLOCK {blockData=[blockId=conID: 2 locID: 102652565963670097 bcsId: 0,size=3145728]} | ret=SUCCESS |  
2019-08-21 02:17:30,811 [grpc-default-executor-0] INFO  client.GrpcClientProtocolClient (GrpcClientProtocolClient.java:onNext(255)) - client-54CC064C3FCE->8224e767-71c1-41fc-a01a-d172d48fd9d8: receive RaftClientReply:client-54CC064C3FCE->8224e767-71c1-41fc-a01a-d172d48fd9d8@group-F6B37CC92441, cid=2501, SUCCESS, logIndex=3708, commits[8224e767-71c1-41fc-a01a-d172d48fd9d8:c3709, 6eae0c21-01aa-4169-956f-5952b26ea7ba:c3707, 8d7dcba1-3b82-4d94-a832-514ef5c79cf8:c3707]
2019-08-21 02:17:30,812 [grpc-default-executor-0] INFO  client.GrpcClientProtocolClient (GrpcClientProtocolClient.java:onNext(255)) - client-54CC064C3FCE->8224e767-71c1-41fc-a01a-d172d48fd9d8: receive RaftClientReply:client-54CC064C3FCE->8224e767-71c1-41fc-a01a-d172d48fd9d8@group-F6B37CC92441, cid=2502, SUCCESS, logIndex=3709, commits[8224e767-71c1-41fc-a01a-d172d48fd9d8:c3709, 6eae0c21-01aa-4169-956f-5952b26ea7ba:c3707, 8d7dcba1-3b82-4d94-a832-514ef5c79cf8:c3707]
2019-08-21 02:17:30,819 | INFO  | DNAudit | user=null | ip=null | op=WRITE_CHUNK {blockData=conID: 2 locID: 102652565963670097 bcsId: 3709} | ret=SUCCESS |  
2019-08-21 02:17:30,821 | INFO  | DNAudit | user=null | ip=null | op=WRITE_CHUNK {blockData=conID: 2 locID: 102652565963670097 bcsId: 3709} | ret=SUCCESS |  
2019-08-21 02:17:30,821 | INFO  | DNAudit | user=null | ip=null | op=WRITE_CHUNK {blockData=conID: 2 locID: 102652565963670097 bcsId: 3709} | ret=SUCCESS |  
2019-08-21 02:17:30,822 | INFO  | DNAudit | user=null | ip=null | op=WRITE_CHUNK {blockData=conID: 2 locID: 102652565963670097 bcsId: 3703} | ret=SUCCESS |  
2019-08-21 02:17:30,822 | INFO  | DNAudit | user=null | ip=null | op=WRITE_CHUNK {blockData=conID: 2 locID: 102652565963670097 bcsId: 3703} | ret=SUCCESS |  
2019-08-21 02:17:30,825 | INFO  | DNAudit | user=null | ip=null | op=PUT_BLOCK {blockData=[blockId=conID: 2 locID: 102652565963670097 bcsId: 0,size=3145728]} | ret=SUCCESS |  
2019-08-21 02:17:30,825 | INFO  | DNAudit | user=null | ip=null | op=PUT_BLOCK {blockData=[blockId=conID: 2 locID: 102652565963670097 bcsId: 0,size=3145728]} | ret=SUCCESS |  
2019-08-21 02:17:30,826 | INFO  | DNAudit | user=null | ip=null | op=WRITE_CHUNK {blockData=conID: 2 locID: 102652565963670097 bcsId: 3709} | ret=SUCCESS |  
2019-08-21 02:17:30,827 | INFO  | DNAudit | user=null | ip=null | op=PUT_BLOCK {blockData=[blockId=conID: 2 locID: 102652565963670097 bcsId: 0,size=4194304]} | ret=SUCCESS |  
2019-08-21 02:17:30,827 [grpc-default-executor-4] INFO  client.GrpcClientProtocolClient (GrpcClientProtocolClient.java:onNext(255)) - client-54CC064C3FCE->8224e767-71c1-41fc-a01a-d172d48fd9d8: receive RaftClientReply:client-54CC064C3FCE->8224e767-71c1-41fc-a01a-d172d48fd9d8@group-F6B37CC92441, cid=2503, SUCCESS, logIndex=3712, commits[8224e767-71c1-41fc-a01a-d172d48fd9d8:c3713, 6eae0c21-01aa-4169-956f-5952b26ea7ba:c3709, 8d7dcba1-3b82-4d94-a832-514ef5c79cf8:c3709]
2019-08-21 02:17:30,827 [grpc-default-executor-4] INFO  client.GrpcClientProtocolClient (GrpcClientProtocolClient.java:onNext(255)) - client-54CC064C3FCE->8224e767-71c1-41fc-a01a-d172d48fd9d8: receive RaftClientReply:client-54CC064C3FCE->8224e767-71c1-41fc-a01a-d172d48fd9d8@group-F6B37CC92441, cid=2504, SUCCESS, logIndex=3713, commits[8224e767-71c1-41fc-a01a-d172d48fd9d8:c3713, 6eae0c21-01aa-4169-956f-5952b26ea7ba:c3709, 8d7dcba1-3b82-4d94-a832-514ef5c79cf8:c3709]
2019-08-21 02:17:30,838 | INFO  | DNAudit | user=null | ip=null | op=WRITE_CHUNK {blockData=conID: 2 locID: 102652565963670097 bcsId: 3709} | ret=SUCCESS |  
2019-08-21 02:17:30,838 | INFO  | DNAudit | user=null | ip=null | op=WRITE_CHUNK {blockData=conID: 2 locID: 102652565963670097 bcsId: 3709} | ret=SUCCESS |  
2019-08-21 02:17:30,838 | INFO  | DNAudit | user=null | ip=null | op=PUT_BLOCK {blockData=[blockId=conID: 2 locID: 102652565963670097 bcsId: 0,size=4194304]} | ret=SUCCESS |  
2019-08-21 02:17:30,838 | INFO  | DNAudit | user=null | ip=null | op=PUT_BLOCK {blockData=[blockId=conID: 2 locID: 102652565963670097 bcsId: 0,size=4194304]} | ret=SUCCESS |  
2019-08-21 02:17:30,839 [grpc-default-executor-4] INFO  client.GrpcClientProtocolClient (GrpcClientProtocolClient.java:onNext(255)) - client-54CC064C3FCE->8224e767-71c1-41fc-a01a-d172d48fd9d8: receive RaftClientReply:client-54CC064C3FCE->8224e767-71c1-41fc-a01a-d172d48fd9d8@group-F6B37CC92441, cid=2505, SUCCESS, logIndex=0, commits[8224e767-71c1-41fc-a01a-d172d48fd9d8:c3714, 6eae0c21-01aa-4169-956f-5952b26ea7ba:c3713, 8d7dcba1-3b82-4d94-a832-514ef5c79cf8:c3713]
2019-08-21 02:17:30,844 | INFO  | SCMAudit | user=jenkins1000 | ip=192.168.34.10 | op=ALLOCATE_BLOCK {owner=b6f66289-f2a0-4058-b052-0a85e40df67b, size=4194304, type=RATIS, factor=THREE} | ret=SUCCESS |  
2019-08-21 02:17:30,847 | INFO  | OMAudit | user=jenkins1000 | ip=127.0.0.1 | op=ALLOCATE_BLOCK {volume=vol-0-90982, bucket=bucket-0-24269, key=key-0-81262, dataSize=0, replicationType=null, replicationFactor=null, keyLocationInfo=null, clientID=102652564580991378} | ret=SUCCESS |  
2019-08-21 02:17:30,855 | INFO  | DNAudit | user=null | ip=null | op=WRITE_CHUNK {blockData=conID: 3 locID: 102652565968912978 bcsId: 0} | ret=SUCCESS |  
2019-08-21 02:17:30,858 | INFO  | DNAudit | user=null | ip=null | op=WRITE_CHUNK {blockData=conID: 3 locID: 102652565968912978 bcsId: 0} | ret=SUCCESS |  
2019-08-21 02:17:30,859 | INFO  | DNAudit | user=null | ip=null | op=WRITE_CHUNK {blockData=conID: 3 locID: 102652565968912978 bcsId: 0} | ret=SUCCESS |  
2019-08-21 02:17:30,859 | INFO  | DNAudit | user=null | ip=null | op=WRITE_CHUNK {blockData=conID: 3 locID: 102652565968912978 bcsId: 0} | ret=SUCCESS |  
2019-08-21 02:17:30,861 | INFO  | DNAudit | user=null | ip=null | op=WRITE_CHUNK {blockData=conID: 3 locID: 102652565968912978 bcsId: 0} | ret=SUCCESS |  
2019-08-21 02:17:30,861 | INFO  | DNAudit | user=null | ip=null | op=WRITE_CHUNK {blockData=conID: 3 locID: 102652565968912978 bcsId: 0} | ret=SUCCESS |  
2019-08-21 02:17:30,868 | INFO  | DNAudit | user=null | ip=null | op=WRITE_CHUNK {blockData=conID: 3 locID: 102652565968912978 bcsId: 0} | ret=SUCCESS |  
2019-08-21 02:17:30,868 | INFO  | DNAudit | user=null | ip=null | op=PUT_BLOCK {blockData=[blockId=conID: 3 locID: 102652565968912978 bcsId: 0,size=1048576]} | ret=SUCCESS |  
2019-08-21 02:17:30,869 [grpc-default-executor-4] INFO  client.GrpcClientProtocolClient (GrpcClientProtocolClient.java:onNext(255)) - client-54CC064C3FCE->8224e767-71c1-41fc-a01a-d172d48fd9d8: receive RaftClientReply:client-54CC064C3FCE->8224e767-71c1-41fc-a01a-d172d48fd9d8@group-F6B37CC92441, cid=2506, SUCCESS, logIndex=3716, commits[8224e767-71c1-41fc-a01a-d172d48fd9d8:c3718, 6eae0c21-01aa-4169-956f-5952b26ea7ba:c3715, 8d7dcba1-3b82-4d94-a832-514ef5c79cf8:c3715]
2019-08-21 02:17:30,869 | INFO  | DNAudit | user=null | ip=null | op=WRITE_CHUNK {blockData=conID: 3 locID: 102652565968912978 bcsId: 0} | ret=SUCCESS |  
2019-08-21 02:17:30,869 | INFO  | DNAudit | user=null | ip=null | op=WRITE_CHUNK {blockData=conID: 3 locID: 102652565968912978 bcsId: 0} | ret=SUCCESS |  
2019-08-21 02:17:30,869 [grpc-default-executor-4] INFO  client.GrpcClientProtocolClient (GrpcClientProtocolClient.java:onNext(255)) - client-54CC064C3FCE->8224e767-71c1-41fc-a01a-d172d48fd9d8: receive RaftClientReply:client-54CC064C3FCE->8224e767-71c1-41fc-a01a-d172d48fd9d8@group-F6B37CC92441, cid=2507, SUCCESS, logIndex=3717, commits[8224e767-71c1-41fc-a01a-d172d48fd9d8:c3719, 6eae0c21-01aa-4169-956f-5952b26ea7ba:c3715, 8d7dcba1-3b82-4d94-a832-514ef5c79cf8:c3715]
2019-08-21 02:17:30,869 | INFO  | DNAudit | user=null | ip=null | op=PUT_BLOCK {blockData=[blockId=conID: 3 locID: 102652565968912978 bcsId: 0,size=2097152]} | ret=SUCCESS |  
2019-08-21 02:17:30,870 [grpc-default-executor-4] INFO  client.GrpcClientProtocolClient (GrpcClientProtocolClient.java:onNext(255)) - client-54CC064C3FCE->8224e767-71c1-41fc-a01a-d172d48fd9d8: receive RaftClientReply:client-54CC064C3FCE->8224e767-71c1-41fc-a01a-d172d48fd9d8@group-F6B37CC92441, cid=2508, SUCCESS, logIndex=3718, commits[8224e767-71c1-41fc-a01a-d172d48fd9d8:c3719, 6eae0c21-01aa-4169-956f-5952b26ea7ba:c3715, 8d7dcba1-3b82-4d94-a832-514ef5c79cf8:c3715]
2019-08-21 02:17:30,870 [grpc-default-executor-4] INFO  client.GrpcClientProtocolClient (GrpcClientProtocolClient.java:onNext(255)) - client-54CC064C3FCE->8224e767-71c1-41fc-a01a-d172d48fd9d8: receive RaftClientReply:client-54CC064C3FCE->8224e767-71c1-41fc-a01a-d172d48fd9d8@group-F6B37CC92441, cid=2509, SUCCESS, logIndex=3719, commits[8224e767-71c1-41fc-a01a-d172d48fd9d8:c3720, 6eae0c21-01aa-4169-956f-5952b26ea7ba:c3716, 8d7dcba1-3b82-4d94-a832-514ef5c79cf8:c3715]
2019-08-21 02:17:30,871 | INFO  | DNAudit | user=null | ip=null | op=WRITE_CHUNK {blockData=conID: 3 locID: 102652565968912978 bcsId: 0} | ret=SUCCESS |  
2019-08-21 02:17:30,872 | INFO  | DNAudit | user=null | ip=null | op=PUT_BLOCK {blockData=[blockId=conID: 3 locID: 102652565968912978 bcsId: 0,size=1048576]} | ret=SUCCESS |  
2019-08-21 02:17:30,882 | INFO  | DNAudit | user=null | ip=null | op=PUT_BLOCK {blockData=[blockId=conID: 3 locID: 102652565968912978 bcsId: 0,size=1048576]} | ret=SUCCESS |  
2019-08-21 02:17:30,882 | INFO  | DNAudit | user=null | ip=null | op=WRITE_CHUNK {blockData=conID: 3 locID: 102652565968912978 bcsId: 0} | ret=SUCCESS |  
2019-08-21 02:17:30,882 | INFO  | DNAudit | user=null | ip=null | op=PUT_BLOCK {blockData=[blockId=conID: 3 locID: 102652565968912978 bcsId: 0,size=2097152]} | ret=SUCCESS |  
2019-08-21 02:17:30,883 [grpc-default-executor-4] INFO  client.GrpcClientProtocolClient (GrpcClientProtocolClient.java:onNext(255)) - client-54CC064C3FCE->8224e767-71c1-41fc-a01a-d172d48fd9d8: receive RaftClientReply:client-54CC064C3FCE->8224e767-71c1-41fc-a01a-d172d48fd9d8@group-F6B37CC92441, cid=2510, SUCCESS, logIndex=0, commits[8224e767-71c1-41fc-a01a-d172d48fd9d8:c3721, 6eae0c21-01aa-4169-956f-5952b26ea7ba:c3717, 8d7dcba1-3b82-4d94-a832-514ef5c79cf8:c3717]
2019-08-21 02:17:30,883 | INFO  | DNAudit | user=null | ip=null | op=WRITE_CHUNK {blockData=conID: 3 locID: 102652565968912978 bcsId: 0} | ret=SUCCESS |  
2019-08-21 02:17:30,883 | INFO  | DNAudit | user=null | ip=null | op=PUT_BLOCK {blockData=[blockId=conID: 3 locID: 102652565968912978 bcsId: 0,size=2097152]} | ret=SUCCESS |  
2019-08-21 02:17:30,890 | INFO  | DNAudit | user=null | ip=null | op=WRITE_CHUNK {blockData=conID: 3 locID: 102652565968912978 bcsId: 3719} | ret=SUCCESS |  
2019-08-21 02:17:30,892 | INFO  | DNAudit | user=null | ip=null | op=WRITE_CHUNK {blockData=conID: 3 locID: 102652565968912978 bcsId: 3719} | ret=SUCCESS |  
2019-08-21 02:17:30,893 | INFO  | DNAudit | user=null | ip=null | op=WRITE_CHUNK {blockData=conID: 3 locID: 102652565968912978 bcsId: 3719} | ret=SUCCESS |  
2019-08-21 02:17:30,903 | INFO  | DNAudit | user=null | ip=null | op=WRITE_CHUNK {blockData=conID: 3 locID: 102652565968912978 bcsId: 3719} | ret=SUCCESS |  
2019-08-21 02:17:30,903 | INFO  | DNAudit | user=null | ip=null | op=PUT_BLOCK {blockData=[blockId=conID: 3 locID: 102652565968912978 bcsId: 0,size=3145728]} | ret=SUCCESS |  
2019-08-21 02:17:30,903 [grpc-default-executor-1] INFO  client.GrpcClientProtocolClient (GrpcClientProtocolClient.java:onNext(255)) - client-54CC064C3FCE->8224e767-71c1-41fc-a01a-d172d48fd9d8: receive RaftClientReply:client-54CC064C3FCE->8224e767-71c1-41fc-a01a-d172d48fd9d8@group-F6B37CC92441, cid=2511, SUCCESS, logIndex=3724, commits[8224e767-71c1-41fc-a01a-d172d48fd9d8:c3725, 6eae0c21-01aa-4169-956f-5952b26ea7ba:c3723, 8d7dcba1-3b82-4d94-a832-514ef5c79cf8:c3723]
2019-08-21 02:17:30,904 [grpc-default-executor-1] INFO  client.GrpcClientProtocolClient (GrpcClientProtocolClient.java:onNext(255)) - client-54CC064C3FCE->8224e767-71c1-41fc-a01a-d172d48fd9d8: receive RaftClientReply:client-54CC064C3FCE->8224e767-71c1-41fc-a01a-d172d48fd9d8@group-F6B37CC92441, cid=2512, SUCCESS, logIndex=3725, commits[8224e767-71c1-41fc-a01a-d172d48fd9d8:c3725, 6eae0c21-01aa-4169-956f-5952b26ea7ba:c3723, 8d7dcba1-3b82-4d94-a832-514ef5c79cf8:c3723]
2019-08-21 02:17:30,911 | INFO  | DNAudit | user=null | ip=null | op=WRITE_CHUNK {blockData=conID: 3 locID: 102652565968912978 bcsId: 3725} | ret=SUCCESS |  
2019-08-21 02:17:30,913 | INFO  | DNAudit | user=null | ip=null | op=WRITE_CHUNK {blockData=conID: 3 locID: 102652565968912978 bcsId: 3725} | ret=SUCCESS |  
2019-08-21 02:17:30,913 | INFO  | DNAudit | user=null | ip=null | op=WRITE_CHUNK {blockData=conID: 3 locID: 102652565968912978 bcsId: 3725} | ret=SUCCESS |  
2019-08-21 02:17:30,914 | INFO  | DNAudit | user=null | ip=null | op=WRITE_CHUNK {blockData=conID: 3 locID: 102652565968912978 bcsId: 3719} | ret=SUCCESS |  
2019-08-21 02:17:30,914 | INFO  | DNAudit | user=null | ip=null | op=WRITE_CHUNK {blockData=conID: 3 locID: 102652565968912978 bcsId: 3719} | ret=SUCCESS |  
2019-08-21 02:17:30,917 | INFO  | DNAudit | user=null | ip=null | op=PUT_BLOCK {blockData=[blockId=conID: 3 locID: 102652565968912978 bcsId: 0,size=3145728]} | ret=SUCCESS |  
2019-08-21 02:17:30,917 | INFO  | DNAudit | user=null | ip=null | op=PUT_BLOCK {blockData=[blockId=conID: 3 locID: 102652565968912978 bcsId: 0,size=3145728]} | ret=SUCCESS |  
2019-08-21 02:17:30,918 | INFO  | DNAudit | user=null | ip=null | op=WRITE_CHUNK {blockData=conID: 3 locID: 102652565968912978 bcsId: 3725} | ret=SUCCESS |  
2019-08-21 02:17:30,918 | INFO  | DNAudit | user=null | ip=null | op=PUT_BLOCK {blockData=[blockId=conID: 3 locID: 102652565968912978 bcsId: 0,size=4194304]} | ret=SUCCESS |  
2019-08-21 02:17:30,919 [grpc-default-executor-3] INFO  client.GrpcClientProtocolClient (GrpcClientProtocolClient.java:onNext(255)) - client-54CC064C3FCE->8224e767-71c1-41fc-a01a-d172d48fd9d8: receive RaftClientReply:client-54CC064C3FCE->8224e767-71c1-41fc-a01a-d172d48fd9d8@group-F6B37CC92441, cid=2513, SUCCESS, logIndex=3728, commits[8224e767-71c1-41fc-a01a-d172d48fd9d8:c3729, 6eae0c21-01aa-4169-956f-5952b26ea7ba:c3725, 8d7dcba1-3b82-4d94-a832-514ef5c79cf8:c3725]
2019-08-21 02:17:30,919 [grpc-default-executor-3] INFO  client.GrpcClientProtocolClient (GrpcClientProtocolClient.java:onNext(255)) - client-54CC064C3FCE->8224e767-71c1-41fc-a01a-d172d48fd9d8: receive RaftClientReply:client-54CC064C3FCE->8224e767-71c1-41fc-a01a-d172d48fd9d8@group-F6B37CC92441, cid=2514, SUCCESS, logIndex=3729, commits[8224e767-71c1-41fc-a01a-d172d48fd9d8:c3729, 6eae0c21-01aa-4169-956f-5952b26ea7ba:c3725, 8d7dcba1-3b82-4d94-a832-514ef5c79cf8:c3725]
2019-08-21 02:17:30,930 | INFO  | DNAudit | user=null | ip=null | op=WRITE_CHUNK {blockData=conID: 3 locID: 102652565968912978 bcsId: 3725} | ret=SUCCESS |  
2019-08-21 02:17:30,930 | INFO  | DNAudit | user=null | ip=null | op=WRITE_CHUNK {blockData=conID: 3 locID: 102652565968912978 bcsId: 3725} | ret=SUCCESS |  
2019-08-21 02:17:30,932 | INFO  | DNAudit | user=null | ip=null | op=PUT_BLOCK {blockData=[blockId=conID: 3 locID: 102652565968912978 bcsId: 0,size=4194304]} | ret=SUCCESS |  
2019-08-21 02:17:30,932 | INFO  | DNAudit | user=null | ip=null | op=PUT_BLOCK {blockData=[blockId=conID: 3 locID: 102652565968912978 bcsId: 0,size=4194304]} | ret=SUCCESS |  
2019-08-21 02:17:30,933 [grpc-default-executor-3] INFO  client.GrpcClientProtocolClient (GrpcClientProtocolClient.java:onNext(255)) - client-54CC064C3FCE->8224e767-71c1-41fc-a01a-d172d48fd9d8: receive RaftClientReply:client-54CC064C3FCE->8224e767-71c1-41fc-a01a-d172d48fd9d8@group-F6B37CC92441, cid=2515, SUCCESS, logIndex=0, commits[8224e767-71c1-41fc-a01a-d172d48fd9d8:c3731, 6eae0c21-01aa-4169-956f-5952b26ea7ba:c3729, 8d7dcba1-3b82-4d94-a832-514ef5c79cf8:c3729]
2019-08-21 02:17:30,939 | INFO  | SCMAudit | user=jenkins1000 | ip=192.168.34.10 | op=ALLOCATE_BLOCK {owner=b6f66289-f2a0-4058-b052-0a85e40df67b, size=4194304, type=RATIS, factor=THREE} | ret=SUCCESS |  
2019-08-21 02:17:30,943 | INFO  | OMAudit | user=jenkins1000 | ip=127.0.0.1 | op=ALLOCATE_BLOCK {volume=vol-0-90982, bucket=bucket-0-24269, key=key-0-81262, dataSize=0, replicationType=null, replicationFactor=null, keyLocationInfo=null, clientID=102652564580991378} | ret=SUCCESS |  
2019-08-21 02:17:30,950 | INFO  | DNAudit | user=null | ip=null | op=WRITE_CHUNK {blockData=conID: 1 locID: 102652565975138899 bcsId: 0} | ret=SUCCESS |  
2019-08-21 02:17:30,952 | INFO  | DNAudit | user=null | ip=null | op=WRITE_CHUNK {blockData=conID: 1 locID: 102652565975138899 bcsId: 0} | ret=SUCCESS |  
2019-08-21 02:17:30,954 | INFO  | DNAudit | user=null | ip=null | op=WRITE_CHUNK {blockData=conID: 1 locID: 102652565975138899 bcsId: 0} | ret=SUCCESS |  
2019-08-21 02:17:30,954 | INFO  | DNAudit | user=null | ip=null | op=WRITE_CHUNK {blockData=conID: 1 locID: 102652565975138899 bcsId: 0} | ret=SUCCESS |  
2019-08-21 02:17:30,956 | INFO  | DNAudit | user=null | ip=null | op=WRITE_CHUNK {blockData=conID: 1 locID: 102652565975138899 bcsId: 0} | ret=SUCCESS |  
2019-08-21 02:17:30,956 | INFO  | DNAudit | user=null | ip=null | op=WRITE_CHUNK {blockData=conID: 1 locID: 102652565975138899 bcsId: 0} | ret=SUCCESS |  
2019-08-21 02:17:30,965 | INFO  | DNAudit | user=null | ip=null | op=WRITE_CHUNK {blockData=conID: 1 locID: 102652565975138899 bcsId: 0} | ret=SUCCESS |  
2019-08-21 02:17:30,966 | INFO  | DNAudit | user=null | ip=null | op=PUT_BLOCK {blockData=[blockId=conID: 1 locID: 102652565975138899 bcsId: 0,size=1048576]} | ret=SUCCESS |  
2019-08-21 02:17:30,966 [grpc-default-executor-4] INFO  client.GrpcClientProtocolClient (GrpcClientProtocolClient.java:onNext(255)) - client-54CC064C3FCE->8224e767-71c1-41fc-a01a-d172d48fd9d8: receive RaftClientReply:client-54CC064C3FCE->8224e767-71c1-41fc-a01a-d172d48fd9d8@group-F6B37CC92441, cid=2516, SUCCESS, logIndex=3732, commits[8224e767-71c1-41fc-a01a-d172d48fd9d8:c3734, 6eae0c21-01aa-4169-956f-5952b26ea7ba:c3731, 8d7dcba1-3b82-4d94-a832-514ef5c79cf8:c3731]
2019-08-21 02:17:30,966 | INFO  | DNAudit | user=null | ip=null | op=WRITE_CHUNK {blockData=conID: 1 locID: 102652565975138899 bcsId: 0} | ret=SUCCESS |  
2019-08-21 02:17:30,966 [grpc-default-executor-4] INFO  client.GrpcClientProtocolClient (GrpcClientProtocolClient.java:onNext(255)) - client-54CC064C3FCE->8224e767-71c1-41fc-a01a-d172d48fd9d8: receive RaftClientReply:client-54CC064C3FCE->8224e767-71c1-41fc-a01a-d172d48fd9d8@group-F6B37CC92441, cid=2517, SUCCESS, logIndex=3733, commits[8224e767-71c1-41fc-a01a-d172d48fd9d8:c3735, 6eae0c21-01aa-4169-956f-5952b26ea7ba:c3731, 8d7dcba1-3b82-4d94-a832-514ef5c79cf8:c3731]
2019-08-21 02:17:30,966 | INFO  | DNAudit | user=null | ip=null | op=PUT_BLOCK {blockData=[blockId=conID: 1 locID: 102652565975138899 bcsId: 0,size=2097152]} | ret=SUCCESS |  
2019-08-21 02:17:30,967 [grpc-default-executor-4] INFO  client.GrpcClientProtocolClient (GrpcClientProtocolClient.java:onNext(255)) - client-54CC064C3FCE->8224e767-71c1-41fc-a01a-d172d48fd9d8: receive RaftClientReply:client-54CC064C3FCE->8224e767-71c1-41fc-a01a-d172d48fd9d8@group-F6B37CC92441, cid=2518, SUCCESS, logIndex=3734, commits[8224e767-71c1-41fc-a01a-d172d48fd9d8:c3735, 6eae0c21-01aa-4169-956f-5952b26ea7ba:c3731, 8d7dcba1-3b82-4d94-a832-514ef5c79cf8:c3731]
2019-08-21 02:17:30,967 [grpc-default-executor-4] INFO  client.GrpcClientProtocolClient (GrpcClientProtocolClient.java:onNext(255)) - client-54CC064C3FCE->8224e767-71c1-41fc-a01a-d172d48fd9d8: receive RaftClientReply:client-54CC064C3FCE->8224e767-71c1-41fc-a01a-d172d48fd9d8@group-F6B37CC92441, cid=2519, SUCCESS, logIndex=3735, commits[8224e767-71c1-41fc-a01a-d172d48fd9d8:c3735, 6eae0c21-01aa-4169-956f-5952b26ea7ba:c3731, 8d7dcba1-3b82-4d94-a832-514ef5c79cf8:c3731]
2019-08-21 02:17:30,976 | INFO  | DNAudit | user=null | ip=null | op=WRITE_CHUNK {blockData=conID: 1 locID: 102652565975138899 bcsId: 0} | ret=SUCCESS |  
2019-08-21 02:17:30,976 | INFO  | DNAudit | user=null | ip=null | op=WRITE_CHUNK {blockData=conID: 1 locID: 102652565975138899 bcsId: 0} | ret=SUCCESS |  
2019-08-21 02:17:30,976 | INFO  | DNAudit | user=null | ip=null | op=PUT_BLOCK {blockData=[blockId=conID: 1 locID: 102652565975138899 bcsId: 0,size=1048576]} | ret=SUCCESS |  
2019-08-21 02:17:30,977 | INFO  | DNAudit | user=null | ip=null | op=PUT_BLOCK {blockData=[blockId=conID: 1 locID: 102652565975138899 bcsId: 0,size=1048576]} | ret=SUCCESS |  
2019-08-21 02:17:30,977 [grpc-default-executor-1] INFO  client.GrpcClientProtocolClient (GrpcClientProtocolClient.java:onNext(255)) - client-54CC064C3FCE->8224e767-71c1-41fc-a01a-d172d48fd9d8: receive RaftClientReply:client-54CC064C3FCE->8224e767-71c1-41fc-a01a-d172d48fd9d8@group-F6B37CC92441, cid=2520, SUCCESS, logIndex=0, commits[8224e767-71c1-41fc-a01a-d172d48fd9d8:c3736, 6eae0c21-01aa-4169-956f-5952b26ea7ba:c3733, 8d7dcba1-3b82-4d94-a832-514ef5c79cf8:c3733]
2019-08-21 02:17:30,979 | INFO  | DNAudit | user=null | ip=null | op=WRITE_CHUNK {blockData=conID: 1 locID: 102652565975138899 bcsId: 0} | ret=SUCCESS |  
2019-08-21 02:17:30,980 | INFO  | DNAudit | user=null | ip=null | op=WRITE_CHUNK {blockData=conID: 1 locID: 102652565975138899 bcsId: 0} | ret=SUCCESS |  
2019-08-21 02:17:30,980 | INFO  | DNAudit | user=null | ip=null | op=PUT_BLOCK {blockData=[blockId=conID: 1 locID: 102652565975138899 bcsId: 0,size=2097152]} | ret=SUCCESS |  
2019-08-21 02:17:30,980 | INFO  | DNAudit | user=null | ip=null | op=PUT_BLOCK {blockData=[blockId=conID: 1 locID: 102652565975138899 bcsId: 0,size=2097152]} | ret=SUCCESS |  
2019-08-21 02:17:30,983 | INFO  | DNAudit | user=null | ip=null | op=WRITE_CHUNK {blockData=conID: 1 locID: 102652565975138899 bcsId: 3735} | ret=SUCCESS |  
2019-08-21 02:17:30,986 | INFO  | DNAudit | user=null | ip=null | op=WRITE_CHUNK {blockData=conID: 1 locID: 102652565975138899 bcsId: 3735} | ret=SUCCESS |  
2019-08-21 02:17:30,986 | INFO  | DNAudit | user=null | ip=null | op=WRITE_CHUNK {blockData=conID: 1 locID: 102652565975138899 bcsId: 3735} | ret=SUCCESS |  
2019-08-21 02:17:30,996 | INFO  | DNAudit | user=null | ip=null | op=WRITE_CHUNK {blockData=conID: 1 locID: 102652565975138899 bcsId: 3735} | ret=SUCCESS |  
2019-08-21 02:17:30,996 | INFO  | DNAudit | user=null | ip=null | op=PUT_BLOCK {blockData=[blockId=conID: 1 locID: 102652565975138899 bcsId: 0,size=3145728]} | ret=SUCCESS |  
2019-08-21 02:17:30,996 [grpc-default-executor-1] INFO  client.GrpcClientProtocolClient (GrpcClientProtocolClient.java:onNext(255)) - client-54CC064C3FCE->8224e767-71c1-41fc-a01a-d172d48fd9d8: receive RaftClientReply:client-54CC064C3FCE->8224e767-71c1-41fc-a01a-d172d48fd9d8@group-F6B37CC92441, cid=2521, SUCCESS, logIndex=3740, commits[8224e767-71c1-41fc-a01a-d172d48fd9d8:c3741, 6eae0c21-01aa-4169-956f-5952b26ea7ba:c3739, 8d7dcba1-3b82-4d94-a832-514ef5c79cf8:c3739]
2019-08-21 02:17:30,997 [grpc-default-executor-1] INFO  client.GrpcClientProtocolClient (GrpcClientProtocolClient.java:onNext(255)) - client-54CC064C3FCE->8224e767-71c1-41fc-a01a-d172d48fd9d8: receive RaftClientReply:client-54CC064C3FCE->8224e767-71c1-41fc-a01a-d172d48fd9d8@group-F6B37CC92441, cid=2522, SUCCESS, logIndex=3741, commits[8224e767-71c1-41fc-a01a-d172d48fd9d8:c3741, 6eae0c21-01aa-4169-956f-5952b26ea7ba:c3739, 8d7dcba1-3b82-4d94-a832-514ef5c79cf8:c3739]
2019-08-21 02:17:30,998 | INFO  | DNAudit | user=null | ip=null | op=WRITE_CHUNK {blockData=conID: 1 locID: 102652565975138899 bcsId: 3735} | ret=SUCCESS |  
2019-08-21 02:17:30,998 | INFO  | DNAudit | user=null | ip=null | op=WRITE_CHUNK {blockData=conID: 1 locID: 102652565975138899 bcsId: 3735} | ret=SUCCESS |  
2019-08-21 02:17:31,000 | INFO  | DNAudit | user=null | ip=null | op=PUT_BLOCK {blockData=[blockId=conID: 1 locID: 102652565975138899 bcsId: 0,size=3145728]} | ret=SUCCESS |  
2019-08-21 02:17:31,000 | INFO  | DNAudit | user=null | ip=null | op=PUT_BLOCK {blockData=[blockId=conID: 1 locID: 102652565975138899 bcsId: 0,size=3145728]} | ret=SUCCESS |  
2019-08-21 02:17:31,002 | INFO  | DNAudit | user=null | ip=null | op=WRITE_CHUNK {blockData=conID: 1 locID: 102652565975138899 bcsId: 3741} | ret=SUCCESS |  
2019-08-21 02:17:31,005 | INFO  | DNAudit | user=null | ip=null | op=WRITE_CHUNK {blockData=conID: 1 locID: 102652565975138899 bcsId: 3741} | ret=SUCCESS |  
2019-08-21 02:17:31,005 | INFO  | DNAudit | user=null | ip=null | op=WRITE_CHUNK {blockData=conID: 1 locID: 102652565975138899 bcsId: 3741} | ret=SUCCESS |  
2019-08-21 02:17:31,007 | INFO  | DNAudit | user=null | ip=null | op=WRITE_CHUNK {blockData=conID: 1 locID: 102652565975138899 bcsId: 3741} | ret=SUCCESS |  
2019-08-21 02:17:31,008 | INFO  | DNAudit | user=null | ip=null | op=PUT_BLOCK {blockData=[blockId=conID: 1 locID: 102652565975138899 bcsId: 0,size=4194304]} | ret=SUCCESS |  
2019-08-21 02:17:31,008 [grpc-default-executor-1] INFO  client.GrpcClientProtocolClient (GrpcClientProtocolClient.java:onNext(255)) - client-54CC064C3FCE->8224e767-71c1-41fc-a01a-d172d48fd9d8: receive RaftClientReply:client-54CC064C3FCE->8224e767-71c1-41fc-a01a-d172d48fd9d8@group-F6B37CC92441, cid=2523, SUCCESS, logIndex=3744, commits[8224e767-71c1-41fc-a01a-d172d48fd9d8:c3745, 6eae0c21-01aa-4169-956f-5952b26ea7ba:c3743, 8d7dcba1-3b82-4d94-a832-514ef5c79cf8:c3741]
2019-08-21 02:17:31,008 [grpc-default-executor-1] INFO  client.GrpcClientProtocolClient (GrpcClientProtocolClient.java:onNext(255)) - client-54CC064C3FCE->8224e767-71c1-41fc-a01a-d172d48fd9d8: receive RaftClientReply:client-54CC064C3FCE->8224e767-71c1-41fc-a01a-d172d48fd9d8@group-F6B37CC92441, cid=2524, SUCCESS, logIndex=3745, commits[8224e767-71c1-41fc-a01a-d172d48fd9d8:c3745, 6eae0c21-01aa-4169-956f-5952b26ea7ba:c3743, 8d7dcba1-3b82-4d94-a832-514ef5c79cf8:c3741]
2019-08-21 02:17:31,024 | INFO  | DNAudit | user=null | ip=null | op=WRITE_CHUNK {blockData=conID: 1 locID: 102652565975138899 bcsId: 3741} | ret=SUCCESS |  
2019-08-21 02:17:31,025 | INFO  | DNAudit | user=null | ip=null | op=WRITE_CHUNK {blockData=conID: 1 locID: 102652565975138899 bcsId: 3741} | ret=SUCCESS |  
2019-08-21 02:17:31,025 | INFO  | DNAudit | user=null | ip=null | op=PUT_BLOCK {blockData=[blockId=conID: 1 locID: 102652565975138899 bcsId: 0,size=4194304]} | ret=SUCCESS |  
2019-08-21 02:17:31,025 | INFO  | DNAudit | user=null | ip=null | op=PUT_BLOCK {blockData=[blockId=conID: 1 locID: 102652565975138899 bcsId: 0,size=4194304]} | ret=SUCCESS |  
2019-08-21 02:17:31,026 [grpc-default-executor-1] INFO  client.GrpcClientProtocolClient (GrpcClientProtocolClient.java:onNext(255)) - client-54CC064C3FCE->8224e767-71c1-41fc-a01a-d172d48fd9d8: receive RaftClientReply:client-54CC064C3FCE->8224e767-71c1-41fc-a01a-d172d48fd9d8@group-F6B37CC92441, cid=2525, SUCCESS, logIndex=0, commits[8224e767-71c1-41fc-a01a-d172d48fd9d8:c3747, 6eae0c21-01aa-4169-956f-5952b26ea7ba:c3745, 8d7dcba1-3b82-4d94-a832-514ef5c79cf8:c3745]
2019-08-21 02:17:31,032 | INFO  | SCMAudit | user=jenkins1000 | ip=192.168.34.10 | op=ALLOCATE_BLOCK {owner=b6f66289-f2a0-4058-b052-0a85e40df67b, size=4194304, type=RATIS, factor=THREE} | ret=SUCCESS |  
2019-08-21 02:17:31,035 | INFO  | OMAudit | user=jenkins1000 | ip=127.0.0.1 | op=ALLOCATE_BLOCK {volume=vol-0-90982, bucket=bucket-0-24269, key=key-0-81262, dataSize=0, replicationType=null, replicationFactor=null, keyLocationInfo=null, clientID=102652564580991378} | ret=SUCCESS |  
2019-08-21 02:17:31,042 | INFO  | DNAudit | user=null | ip=null | op=WRITE_CHUNK {blockData=conID: 2 locID: 102652565981168212 bcsId: 0} | ret=SUCCESS |  
2019-08-21 02:17:31,043 | INFO  | DNAudit | user=null | ip=null | op=WRITE_CHUNK {blockData=conID: 2 locID: 102652565981168212 bcsId: 0} | ret=SUCCESS |  
2019-08-21 02:17:31,045 | INFO  | DNAudit | user=null | ip=null | op=WRITE_CHUNK {blockData=conID: 2 locID: 102652565981168212 bcsId: 0} | ret=SUCCESS |  
2019-08-21 02:17:31,045 | INFO  | DNAudit | user=null | ip=null | op=WRITE_CHUNK {blockData=conID: 2 locID: 102652565981168212 bcsId: 0} | ret=SUCCESS |  
2019-08-21 02:17:31,046 | INFO  | DNAudit | user=null | ip=null | op=WRITE_CHUNK {blockData=conID: 2 locID: 102652565981168212 bcsId: 0} | ret=SUCCESS |  
2019-08-21 02:17:31,046 | INFO  | DNAudit | user=null | ip=null | op=WRITE_CHUNK {blockData=conID: 2 locID: 102652565981168212 bcsId: 0} | ret=SUCCESS |  
2019-08-21 02:17:31,054 | INFO  | DNAudit | user=null | ip=null | op=WRITE_CHUNK {blockData=conID: 2 locID: 102652565981168212 bcsId: 0} | ret=SUCCESS |  
2019-08-21 02:17:31,055 | INFO  | DNAudit | user=null | ip=null | op=PUT_BLOCK {blockData=[blockId=conID: 2 locID: 102652565981168212 bcsId: 0,size=1048576]} | ret=SUCCESS |  
2019-08-21 02:17:31,055 [grpc-default-executor-4] INFO  client.GrpcClientProtocolClient (GrpcClientProtocolClient.java:onNext(255)) - client-54CC064C3FCE->8224e767-71c1-41fc-a01a-d172d48fd9d8: receive RaftClientReply:client-54CC064C3FCE->8224e767-71c1-41fc-a01a-d172d48fd9d8@group-F6B37CC92441, cid=2526, SUCCESS, logIndex=3748, commits[8224e767-71c1-41fc-a01a-d172d48fd9d8:c3750, 6eae0c21-01aa-4169-956f-5952b26ea7ba:c3747, 8d7dcba1-3b82-4d94-a832-514ef5c79cf8:c3747]
2019-08-21 02:17:31,055 | INFO  | DNAudit | user=null | ip=null | op=WRITE_CHUNK {blockData=conID: 2 locID: 102652565981168212 bcsId: 0} | ret=SUCCESS |  
2019-08-21 02:17:31,055 [grpc-default-executor-4] INFO  client.GrpcClientProtocolClient (GrpcClientProtocolClient.java:onNext(255)) - client-54CC064C3FCE->8224e767-71c1-41fc-a01a-d172d48fd9d8: receive RaftClientReply:client-54CC064C3FCE->8224e767-71c1-41fc-a01a-d172d48fd9d8@group-F6B37CC92441, cid=2527, SUCCESS, logIndex=3749, commits[8224e767-71c1-41fc-a01a-d172d48fd9d8:c3751, 6eae0c21-01aa-4169-956f-5952b26ea7ba:c3747, 8d7dcba1-3b82-4d94-a832-514ef5c79cf8:c3747]
2019-08-21 02:17:31,056 | INFO  | DNAudit | user=null | ip=null | op=PUT_BLOCK {blockData=[blockId=conID: 2 locID: 102652565981168212 bcsId: 0,size=2097152]} | ret=SUCCESS |  
2019-08-21 02:17:31,056 [grpc-default-executor-4] INFO  client.GrpcClientProtocolClient (GrpcClientProtocolClient.java:onNext(255)) - client-54CC064C3FCE->8224e767-71c1-41fc-a01a-d172d48fd9d8: receive RaftClientReply:client-54CC064C3FCE->8224e767-71c1-41fc-a01a-d172d48fd9d8@group-F6B37CC92441, cid=2528, SUCCESS, logIndex=3750, commits[8224e767-71c1-41fc-a01a-d172d48fd9d8:c3751, 6eae0c21-01aa-4169-956f-5952b26ea7ba:c3747, 8d7dcba1-3b82-4d94-a832-514ef5c79cf8:c3747]
2019-08-21 02:17:31,056 [grpc-default-executor-4] INFO  client.GrpcClientProtocolClient (GrpcClientProtocolClient.java:onNext(255)) - client-54CC064C3FCE->8224e767-71c1-41fc-a01a-d172d48fd9d8: receive RaftClientReply:client-54CC064C3FCE->8224e767-71c1-41fc-a01a-d172d48fd9d8@group-F6B37CC92441, cid=2529, SUCCESS, logIndex=3751, commits[8224e767-71c1-41fc-a01a-d172d48fd9d8:c3751, 6eae0c21-01aa-4169-956f-5952b26ea7ba:c3747, 8d7dcba1-3b82-4d94-a832-514ef5c79cf8:c3747]
2019-08-21 02:17:31,066 | INFO  | DNAudit | user=null | ip=null | op=WRITE_CHUNK {blockData=conID: 2 locID: 102652565981168212 bcsId: 0} | ret=SUCCESS |  
2019-08-21 02:17:31,066 | INFO  | DNAudit | user=null | ip=null | op=WRITE_CHUNK {blockData=conID: 2 locID: 102652565981168212 bcsId: 0} | ret=SUCCESS |  
2019-08-21 02:17:31,066 | INFO  | DNAudit | user=null | ip=null | op=PUT_BLOCK {blockData=[blockId=conID: 2 locID: 102652565981168212 bcsId: 0,size=1048576]} | ret=SUCCESS |  
2019-08-21 02:17:31,067 | INFO  | DNAudit | user=null | ip=null | op=PUT_BLOCK {blockData=[blockId=conID: 2 locID: 102652565981168212 bcsId: 0,size=1048576]} | ret=SUCCESS |  
2019-08-21 02:17:31,067 | INFO  | DNAudit | user=null | ip=null | op=WRITE_CHUNK {blockData=conID: 2 locID: 102652565981168212 bcsId: 0} | ret=SUCCESS |  
2019-08-21 02:17:31,067 | INFO  | DNAudit | user=null | ip=null | op=PUT_BLOCK {blockData=[blockId=conID: 2 locID: 102652565981168212 bcsId: 0,size=2097152]} | ret=SUCCESS |  
2019-08-21 02:17:31,068 | INFO  | DNAudit | user=null | ip=null | op=WRITE_CHUNK {blockData=conID: 2 locID: 102652565981168212 bcsId: 0} | ret=SUCCESS |  
2019-08-21 02:17:31,068 [grpc-default-executor-0] INFO  client.GrpcClientProtocolClient (GrpcClientProtocolClient.java:onNext(255)) - client-54CC064C3FCE->8224e767-71c1-41fc-a01a-d172d48fd9d8: receive RaftClientReply:client-54CC064C3FCE->8224e767-71c1-41fc-a01a-d172d48fd9d8@group-F6B37CC92441, cid=2530, SUCCESS, logIndex=0, commits[8224e767-71c1-41fc-a01a-d172d48fd9d8:c3753, 6eae0c21-01aa-4169-956f-5952b26ea7ba:c3749, 8d7dcba1-3b82-4d94-a832-514ef5c79cf8:c3749]
2019-08-21 02:17:31,068 | INFO  | DNAudit | user=null | ip=null | op=PUT_BLOCK {blockData=[blockId=conID: 2 locID: 102652565981168212 bcsId: 0,size=2097152]} | ret=SUCCESS |  
2019-08-21 02:17:31,074 | INFO  | DNAudit | user=null | ip=null | op=WRITE_CHUNK {blockData=conID: 2 locID: 102652565981168212 bcsId: 3751} | ret=SUCCESS |  
2019-08-21 02:17:31,077 | INFO  | DNAudit | user=null | ip=null | op=WRITE_CHUNK {blockData=conID: 2 locID: 102652565981168212 bcsId: 3751} | ret=SUCCESS |  
2019-08-21 02:17:31,078 | INFO  | DNAudit | user=null | ip=null | op=WRITE_CHUNK {blockData=conID: 2 locID: 102652565981168212 bcsId: 3751} | ret=SUCCESS |  
2019-08-21 02:17:31,087 | INFO  | DNAudit | user=null | ip=null | op=WRITE_CHUNK {blockData=conID: 2 locID: 102652565981168212 bcsId: 3751} | ret=SUCCESS |  
2019-08-21 02:17:31,087 | INFO  | DNAudit | user=null | ip=null | op=PUT_BLOCK {blockData=[blockId=conID: 2 locID: 102652565981168212 bcsId: 0,size=3145728]} | ret=SUCCESS |  
2019-08-21 02:17:31,088 [grpc-default-executor-4] INFO  client.GrpcClientProtocolClient (GrpcClientProtocolClient.java:onNext(255)) - client-54CC064C3FCE->8224e767-71c1-41fc-a01a-d172d48fd9d8: receive RaftClientReply:client-54CC064C3FCE->8224e767-71c1-41fc-a01a-d172d48fd9d8@group-F6B37CC92441, cid=2531, SUCCESS, logIndex=3756, commits[8224e767-71c1-41fc-a01a-d172d48fd9d8:c3757, 6eae0c21-01aa-4169-956f-5952b26ea7ba:c3755, 8d7dcba1-3b82-4d94-a832-514ef5c79cf8:c3755]
2019-08-21 02:17:31,088 [grpc-default-executor-4] INFO  client.GrpcClientProtocolClient (GrpcClientProtocolClient.java:onNext(255)) - client-54CC064C3FCE->8224e767-71c1-41fc-a01a-d172d48fd9d8: receive RaftClientReply:client-54CC064C3FCE->8224e767-71c1-41fc-a01a-d172d48fd9d8@group-F6B37CC92441, cid=2532, SUCCESS, logIndex=3757, commits[8224e767-71c1-41fc-a01a-d172d48fd9d8:c3757, 6eae0c21-01aa-4169-956f-5952b26ea7ba:c3755, 8d7dcba1-3b82-4d94-a832-514ef5c79cf8:c3755]
2019-08-21 02:17:31,094 | INFO  | DNAudit | user=null | ip=null | op=WRITE_CHUNK {blockData=conID: 2 locID: 102652565981168212 bcsId: 3757} | ret=SUCCESS |  
2019-08-21 02:17:31,096 | INFO  | DNAudit | user=null | ip=null | op=WRITE_CHUNK {blockData=conID: 2 locID: 102652565981168212 bcsId: 3757} | ret=SUCCESS |  
2019-08-21 02:17:31,097 | INFO  | DNAudit | user=null | ip=null | op=WRITE_CHUNK {blockData=conID: 2 locID: 102652565981168212 bcsId: 3757} | ret=SUCCESS |  
2019-08-21 02:17:31,098 | INFO  | DNAudit | user=null | ip=null | op=WRITE_CHUNK {blockData=conID: 2 locID: 102652565981168212 bcsId: 3751} | ret=SUCCESS |  
2019-08-21 02:17:31,099 | INFO  | DNAudit | user=null | ip=null | op=WRITE_CHUNK {blockData=conID: 2 locID: 102652565981168212 bcsId: 3751} | ret=SUCCESS |  
2019-08-21 02:17:31,099 | INFO  | SCMAudit | user=jenkins1000 | ip=192.168.34.10 | op=SEND_HEARTBEAT {datanodeUUID=94764dae-819c-4b7e-92f1-9cd6c64427b7, command=[]} | ret=SUCCESS |  
2019-08-21 02:17:31,099 | INFO  | SCMAudit | user=jenkins1000 | ip=192.168.34.10 | op=SEND_HEARTBEAT {datanodeUUID=3def7c30-cb13-4f41-8119-6188f246ad27, command=[]} | ret=SUCCESS |  
 0.00% |█                                                                                                    |  0/1 Time: 0:00:212019-08-21 02:17:31,101 | INFO  | DNAudit | user=null | ip=null | op=PUT_BLOCK {blockData=[blockId=conID: 2 locID: 102652565981168212 bcsId: 0,size=3145728]} | ret=SUCCESS |  
2019-08-21 02:17:31,101 | INFO  | DNAudit | user=null | ip=null | op=PUT_BLOCK {blockData=[blockId=conID: 2 locID: 102652565981168212 bcsId: 0,size=3145728]} | ret=SUCCESS |  
2019-08-21 02:17:31,102 | INFO  | DNAudit | user=null | ip=null | op=WRITE_CHUNK {blockData=conID: 2 locID: 102652565981168212 bcsId: 3757} | ret=SUCCESS |  
2019-08-21 02:17:31,102 | INFO  | DNAudit | user=null | ip=null | op=PUT_BLOCK {blockData=[blockId=conID: 2 locID: 102652565981168212 bcsId: 0,size=4194304]} | ret=SUCCESS |  
2019-08-21 02:17:31,102 [grpc-default-executor-4] INFO  client.GrpcClientProtocolClient (GrpcClientProtocolClient.java:onNext(255)) - client-54CC064C3FCE->8224e767-71c1-41fc-a01a-d172d48fd9d8: receive RaftClientReply:client-54CC064C3FCE->8224e767-71c1-41fc-a01a-d172d48fd9d8@group-F6B37CC92441, cid=2533, SUCCESS, logIndex=3760, commits[8224e767-71c1-41fc-a01a-d172d48fd9d8:c3761, 6eae0c21-01aa-4169-956f-5952b26ea7ba:c3757, 8d7dcba1-3b82-4d94-a832-514ef5c79cf8:c3757]
2019-08-21 02:17:31,103 [grpc-default-executor-4] INFO  client.GrpcClientProtocolClient (GrpcClientProtocolClient.java:onNext(255)) - client-54CC064C3FCE->8224e767-71c1-41fc-a01a-d172d48fd9d8: receive RaftClientReply:client-54CC064C3FCE->8224e767-71c1-41fc-a01a-d172d48fd9d8@group-F6B37CC92441, cid=2534, SUCCESS, logIndex=3761, commits[8224e767-71c1-41fc-a01a-d172d48fd9d8:c3761, 6eae0c21-01aa-4169-956f-5952b26ea7ba:c3757, 8d7dcba1-3b82-4d94-a832-514ef5c79cf8:c3757]
2019-08-21 02:17:31,106 | INFO  | SCMAudit | user=jenkins1000 | ip=192.168.34.10 | op=SEND_HEARTBEAT {datanodeUUID=8224e767-71c1-41fc-a01a-d172d48fd9d8, command=[]} | ret=SUCCESS |  
2019-08-21 02:17:31,106 | INFO  | SCMAudit | user=jenkins1000 | ip=192.168.34.10 | op=SEND_HEARTBEAT {datanodeUUID=6eae0c21-01aa-4169-956f-5952b26ea7ba, command=[]} | ret=SUCCESS |  
2019-08-21 02:17:31,106 | INFO  | SCMAudit | user=jenkins1000 | ip=192.168.34.10 | op=SEND_HEARTBEAT {datanodeUUID=8d7dcba1-3b82-4d94-a832-514ef5c79cf8, command=[]} | ret=SUCCESS |  
2019-08-21 02:17:31,113 | INFO  | DNAudit | user=null | ip=null | op=WRITE_CHUNK {blockData=conID: 2 locID: 102652565981168212 bcsId: 3757} | ret=SUCCESS |  
2019-08-21 02:17:31,114 | INFO  | DNAudit | user=null | ip=null | op=WRITE_CHUNK {blockData=conID: 2 locID: 102652565981168212 bcsId: 3757} | ret=SUCCESS |  
2019-08-21 02:17:31,114 | INFO  | DNAudit | user=null | ip=null | op=PUT_BLOCK {blockData=[blockId=conID: 2 locID: 102652565981168212 bcsId: 0,size=4194304]} | ret=SUCCESS |  
2019-08-21 02:17:31,114 | INFO  | DNAudit | user=null | ip=null | op=PUT_BLOCK {blockData=[blockId=conID: 2 locID: 102652565981168212 bcsId: 0,size=4194304]} | ret=SUCCESS |  
2019-08-21 02:17:31,114 [grpc-default-executor-3] INFO  client.GrpcClientProtocolClient (GrpcClientProtocolClient.java:onNext(255)) - client-54CC064C3FCE->8224e767-71c1-41fc-a01a-d172d48fd9d8: receive RaftClientReply:client-54CC064C3FCE->8224e767-71c1-41fc-a01a-d172d48fd9d8@group-F6B37CC92441, cid=2535, SUCCESS, logIndex=0, commits[8224e767-71c1-41fc-a01a-d172d48fd9d8:c3762, 6eae0c21-01aa-4169-956f-5952b26ea7ba:c3761, 8d7dcba1-3b82-4d94-a832-514ef5c79cf8:c3761]
2019-08-21 02:17:31,119 | INFO  | SCMAudit | user=jenkins1000 | ip=192.168.34.10 | op=ALLOCATE_BLOCK {owner=b6f66289-f2a0-4058-b052-0a85e40df67b, size=4194304, type=RATIS, factor=THREE} | ret=SUCCESS |  
2019-08-21 02:17:31,121 | INFO  | OMAudit | user=jenkins1000 | ip=127.0.0.1 | op=ALLOCATE_BLOCK {volume=vol-0-90982, bucket=bucket-0-24269, key=key-0-81262, dataSize=0, replicationType=null, replicationFactor=null, keyLocationInfo=null, clientID=102652564580991378} | ret=SUCCESS |  
2019-08-21 02:17:31,128 | INFO  | DNAudit | user=null | ip=null | op=WRITE_CHUNK {blockData=conID: 3 locID: 102652565986935381 bcsId: 0} | ret=SUCCESS |  
2019-08-21 02:17:31,130 | INFO  | DNAudit | user=null | ip=null | op=WRITE_CHUNK {blockData=conID: 3 locID: 102652565986935381 bcsId: 0} | ret=SUCCESS |  
2019-08-21 02:17:31,130 | INFO  | DNAudit | user=null | ip=null | op=WRITE_CHUNK {blockData=conID: 3 locID: 102652565986935381 bcsId: 0} | ret=SUCCESS |  
2019-08-21 02:17:31,130 | INFO  | DNAudit | user=null | ip=null | op=WRITE_CHUNK {blockData=conID: 3 locID: 102652565986935381 bcsId: 0} | ret=SUCCESS |  
2019-08-21 02:17:31,132 | INFO  | DNAudit | user=null | ip=null | op=WRITE_CHUNK {blockData=conID: 3 locID: 102652565986935381 bcsId: 0} | ret=SUCCESS |  
2019-08-21 02:17:31,132 | INFO  | DNAudit | user=null | ip=null | op=WRITE_CHUNK {blockData=conID: 3 locID: 102652565986935381 bcsId: 0} | ret=SUCCESS |  
2019-08-21 02:17:31,140 | INFO  | DNAudit | user=null | ip=null | op=WRITE_CHUNK {blockData=conID: 3 locID: 102652565986935381 bcsId: 0} | ret=SUCCESS |  
2019-08-21 02:17:31,141 | INFO  | DNAudit | user=null | ip=null | op=PUT_BLOCK {blockData=[blockId=conID: 3 locID: 102652565986935381 bcsId: 0,size=1048576]} | ret=SUCCESS |  
2019-08-21 02:17:31,141 [grpc-default-executor-3] INFO  client.GrpcClientProtocolClient (GrpcClientProtocolClient.java:onNext(255)) - client-54CC064C3FCE->8224e767-71c1-41fc-a01a-d172d48fd9d8: receive RaftClientReply:client-54CC064C3FCE->8224e767-71c1-41fc-a01a-d172d48fd9d8@group-F6B37CC92441, cid=2536, SUCCESS, logIndex=3764, commits[8224e767-71c1-41fc-a01a-d172d48fd9d8:c3766, 6eae0c21-01aa-4169-956f-5952b26ea7ba:c3763, 8d7dcba1-3b82-4d94-a832-514ef5c79cf8:c3763]
2019-08-21 02:17:31,141 | INFO  | DNAudit | user=null | ip=null | op=WRITE_CHUNK {blockData=conID: 3 locID: 102652565986935381 bcsId: 0} | ret=SUCCESS |  
2019-08-21 02:17:31,141 | INFO  | DNAudit | user=null | ip=null | op=WRITE_CHUNK {blockData=conID: 3 locID: 102652565986935381 bcsId: 0} | ret=SUCCESS |  
2019-08-21 02:17:31,141 | INFO  | DNAudit | user=null | ip=null | op=PUT_BLOCK {blockData=[blockId=conID: 3 locID: 102652565986935381 bcsId: 0,size=1048576]} | ret=SUCCESS |  
2019-08-21 02:17:31,141 [grpc-default-executor-3] INFO  client.GrpcClientProtocolClient (GrpcClientProtocolClient.java:onNext(255)) - client-54CC064C3FCE->8224e767-71c1-41fc-a01a-d172d48fd9d8: receive RaftClientReply:client-54CC064C3FCE->8224e767-71c1-41fc-a01a-d172d48fd9d8@group-F6B37CC92441, cid=2537, SUCCESS, logIndex=3765, commits[8224e767-71c1-41fc-a01a-d172d48fd9d8:c3767, 6eae0c21-01aa-4169-956f-5952b26ea7ba:c3763, 8d7dcba1-3b82-4d94-a832-514ef5c79cf8:c3763]
2019-08-21 02:17:31,142 | INFO  | DNAudit | user=null | ip=null | op=WRITE_CHUNK {blockData=conID: 3 locID: 102652565986935381 bcsId: 0} | ret=SUCCESS |  
2019-08-21 02:17:31,142 | INFO  | DNAudit | user=null | ip=null | op=PUT_BLOCK {blockData=[blockId=conID: 3 locID: 102652565986935381 bcsId: 0,size=2097152]} | ret=SUCCESS |  
2019-08-21 02:17:31,142 | INFO  | DNAudit | user=null | ip=null | op=PUT_BLOCK {blockData=[blockId=conID: 3 locID: 102652565986935381 bcsId: 0,size=1048576]} | ret=SUCCESS |  
2019-08-21 02:17:31,142 [grpc-default-executor-3] INFO  client.GrpcClientProtocolClient (GrpcClientProtocolClient.java:onNext(255)) - client-54CC064C3FCE->8224e767-71c1-41fc-a01a-d172d48fd9d8: receive RaftClientReply:client-54CC064C3FCE->8224e767-71c1-41fc-a01a-d172d48fd9d8@group-F6B37CC92441, cid=2538, SUCCESS, logIndex=3766, commits[8224e767-71c1-41fc-a01a-d172d48fd9d8:c3768, 6eae0c21-01aa-4169-956f-5952b26ea7ba:c3763, 8d7dcba1-3b82-4d94-a832-514ef5c79cf8:c3765]
2019-08-21 02:17:31,142 | INFO  | DNAudit | user=null | ip=null | op=WRITE_CHUNK {blockData=conID: 3 locID: 102652565986935381 bcsId: 0} | ret=SUCCESS |  
2019-08-21 02:17:31,142 [grpc-default-executor-3] INFO  client.GrpcClientProtocolClient (GrpcClientProtocolClient.java:onNext(255)) - client-54CC064C3FCE->8224e767-71c1-41fc-a01a-d172d48fd9d8: receive RaftClientReply:client-54CC064C3FCE->8224e767-71c1-41fc-a01a-d172d48fd9d8@group-F6B37CC92441, cid=2539, SUCCESS, logIndex=3767, commits[8224e767-71c1-41fc-a01a-d172d48fd9d8:c3768, 6eae0c21-01aa-4169-956f-5952b26ea7ba:c3764, 8d7dcba1-3b82-4d94-a832-514ef5c79cf8:c3765]
2019-08-21 02:17:31,143 | INFO  | DNAudit | user=null | ip=null | op=PUT_BLOCK {blockData=[blockId=conID: 3 locID: 102652565986935381 bcsId: 0,size=2097152]} | ret=SUCCESS |  
2019-08-21 02:17:31,143 | INFO  | DNAudit | user=null | ip=null | op=WRITE_CHUNK {blockData=conID: 3 locID: 102652565986935381 bcsId: 0} | ret=SUCCESS |  
2019-08-21 02:17:31,143 | INFO  | DNAudit | user=null | ip=null | op=PUT_BLOCK {blockData=[blockId=conID: 3 locID: 102652565986935381 bcsId: 0,size=2097152]} | ret=SUCCESS |  
2019-08-21 02:17:31,144 [grpc-default-executor-2] INFO  client.GrpcClientProtocolClient (GrpcClientProtocolClient.java:onNext(255)) - client-54CC064C3FCE->8224e767-71c1-41fc-a01a-d172d48fd9d8: receive RaftClientReply:client-54CC064C3FCE->8224e767-71c1-41fc-a01a-d172d48fd9d8@group-F6B37CC92441, cid=2540, SUCCESS, logIndex=0, commits[8224e767-71c1-41fc-a01a-d172d48fd9d8:c3771, 6eae0c21-01aa-4169-956f-5952b26ea7ba:c3767, 8d7dcba1-3b82-4d94-a832-514ef5c79cf8:c3767]
2019-08-21 02:17:31,149 | INFO  | DNAudit | user=null | ip=null | op=WRITE_CHUNK {blockData=conID: 3 locID: 102652565986935381 bcsId: 3767} | ret=SUCCESS |  
2019-08-21 02:17:31,152 | INFO  | DNAudit | user=null | ip=null | op=WRITE_CHUNK {blockData=conID: 3 locID: 102652565986935381 bcsId: 3767} | ret=SUCCESS |  
2019-08-21 02:17:31,152 | INFO  | DNAudit | user=null | ip=null | op=WRITE_CHUNK {blockData=conID: 3 locID: 102652565986935381 bcsId: 3767} | ret=SUCCESS |  
2019-08-21 02:17:31,162 | INFO  | DNAudit | user=null | ip=null | op=WRITE_CHUNK {blockData=conID: 3 locID: 102652565986935381 bcsId: 3767} | ret=SUCCESS |  
2019-08-21 02:17:31,163 | INFO  | DNAudit | user=null | ip=null | op=PUT_BLOCK {blockData=[blockId=conID: 3 locID: 102652565986935381 bcsId: 0,size=3145728]} | ret=SUCCESS |  
2019-08-21 02:17:31,163 [grpc-default-executor-3] INFO  client.GrpcClientProtocolClient (GrpcClientProtocolClient.java:onNext(255)) - client-54CC064C3FCE->8224e767-71c1-41fc-a01a-d172d48fd9d8: receive RaftClientReply:client-54CC064C3FCE->8224e767-71c1-41fc-a01a-d172d48fd9d8@group-F6B37CC92441, cid=2541, SUCCESS, logIndex=3772, commits[8224e767-71c1-41fc-a01a-d172d48fd9d8:c3773, 6eae0c21-01aa-4169-956f-5952b26ea7ba:c3771, 8d7dcba1-3b82-4d94-a832-514ef5c79cf8:c3771]
2019-08-21 02:17:31,163 [grpc-default-executor-3] INFO  client.GrpcClientProtocolClient (GrpcClientProtocolClient.java:onNext(255)) - client-54CC064C3FCE->8224e767-71c1-41fc-a01a-d172d48fd9d8: receive RaftClientReply:client-54CC064C3FCE->8224e767-71c1-41fc-a01a-d172d48fd9d8@group-F6B37CC92441, cid=2542, SUCCESS, logIndex=3773, commits[8224e767-71c1-41fc-a01a-d172d48fd9d8:c3773, 6eae0c21-01aa-4169-956f-5952b26ea7ba:c3771, 8d7dcba1-3b82-4d94-a832-514ef5c79cf8:c3771]
2019-08-21 02:17:31,169 | INFO  | DNAudit | user=null | ip=null | op=WRITE_CHUNK {blockData=conID: 3 locID: 102652565986935381 bcsId: 3773} | ret=SUCCESS |  
2019-08-21 02:17:31,171 | INFO  | DNAudit | user=null | ip=null | op=WRITE_CHUNK {blockData=conID: 3 locID: 102652565986935381 bcsId: 3773} | ret=SUCCESS |  
2019-08-21 02:17:31,172 | INFO  | DNAudit | user=null | ip=null | op=WRITE_CHUNK {blockData=conID: 3 locID: 102652565986935381 bcsId: 3773} | ret=SUCCESS |  
2019-08-21 02:17:31,173 | INFO  | DNAudit | user=null | ip=null | op=WRITE_CHUNK {blockData=conID: 3 locID: 102652565986935381 bcsId: 3767} | ret=SUCCESS |  
2019-08-21 02:17:31,173 | INFO  | DNAudit | user=null | ip=null | op=WRITE_CHUNK {blockData=conID: 3 locID: 102652565986935381 bcsId: 3767} | ret=SUCCESS |  
2019-08-21 02:17:31,176 | INFO  | DNAudit | user=null | ip=null | op=PUT_BLOCK {blockData=[blockId=conID: 3 locID: 102652565986935381 bcsId: 0,size=3145728]} | ret=SUCCESS |  
2019-08-21 02:17:31,176 | INFO  | DNAudit | user=null | ip=null | op=PUT_BLOCK {blockData=[blockId=conID: 3 locID: 102652565986935381 bcsId: 0,size=3145728]} | ret=SUCCESS |  
2019-08-21 02:17:31,177 | INFO  | DNAudit | user=null | ip=null | op=WRITE_CHUNK {blockData=conID: 3 locID: 102652565986935381 bcsId: 3773} | ret=SUCCESS |  
2019-08-21 02:17:31,177 | INFO  | DNAudit | user=null | ip=null | op=PUT_BLOCK {blockData=[blockId=conID: 3 locID: 102652565986935381 bcsId: 0,size=4194304]} | ret=SUCCESS |  
2019-08-21 02:17:31,177 [grpc-default-executor-2] INFO  client.GrpcClientProtocolClient (GrpcClientProtocolClient.java:onNext(255)) - client-54CC064C3FCE->8224e767-71c1-41fc-a01a-d172d48fd9d8: receive RaftClientReply:client-54CC064C3FCE->8224e767-71c1-41fc-a01a-d172d48fd9d8@group-F6B37CC92441, cid=2543, SUCCESS, logIndex=3776, commits[8224e767-71c1-41fc-a01a-d172d48fd9d8:c3777, 6eae0c21-01aa-4169-956f-5952b26ea7ba:c3773, 8d7dcba1-3b82-4d94-a832-514ef5c79cf8:c3773]
2019-08-21 02:17:31,178 [grpc-default-executor-2] INFO  client.GrpcClientProtocolClient (GrpcClientProtocolClient.java:onNext(255)) - client-54CC064C3FCE->8224e767-71c1-41fc-a01a-d172d48fd9d8: receive RaftClientReply:client-54CC064C3FCE->8224e767-71c1-41fc-a01a-d172d48fd9d8@group-F6B37CC92441, cid=2544, SUCCESS, logIndex=3777, commits[8224e767-71c1-41fc-a01a-d172d48fd9d8:c3777, 6eae0c21-01aa-4169-956f-5952b26ea7ba:c3773, 8d7dcba1-3b82-4d94-a832-514ef5c79cf8:c3773]
2019-08-21 02:17:31,188 | INFO  | DNAudit | user=null | ip=null | op=WRITE_CHUNK {blockData=conID: 3 locID: 102652565986935381 bcsId: 3773} | ret=SUCCESS |  
2019-08-21 02:17:31,188 | INFO  | DNAudit | user=null | ip=null | op=WRITE_CHUNK {blockData=conID: 3 locID: 102652565986935381 bcsId: 3773} | ret=SUCCESS |  
2019-08-21 02:17:31,189 | INFO  | DNAudit | user=null | ip=null | op=PUT_BLOCK {blockData=[blockId=conID: 3 locID: 102652565986935381 bcsId: 0,size=4194304]} | ret=SUCCESS |  
2019-08-21 02:17:31,190 | INFO  | DNAudit | user=null | ip=null | op=PUT_BLOCK {blockData=[blockId=conID: 3 locID: 102652565986935381 bcsId: 0,size=4194304]} | ret=SUCCESS |  
2019-08-21 02:17:31,190 [grpc-default-executor-1] INFO  client.GrpcClientProtocolClient (GrpcClientProtocolClient.java:onNext(255)) - client-54CC064C3FCE->8224e767-71c1-41fc-a01a-d172d48fd9d8: receive RaftClientReply:client-54CC064C3FCE->8224e767-71c1-41fc-a01a-d172d48fd9d8@group-F6B37CC92441, cid=2545, SUCCESS, logIndex=0, commits[8224e767-71c1-41fc-a01a-d172d48fd9d8:c3779, 6eae0c21-01aa-4169-956f-5952b26ea7ba:c3777, 8d7dcba1-3b82-4d94-a832-514ef5c79cf8:c3777]
2019-08-21 02:17:31,194 | INFO  | SCMAudit | user=jenkins1000 | ip=192.168.34.10 | op=ALLOCATE_BLOCK {owner=b6f66289-f2a0-4058-b052-0a85e40df67b, size=4194304, type=RATIS, factor=THREE} | ret=SUCCESS |  
2019-08-21 02:17:31,197 | INFO  | OMAudit | user=jenkins1000 | ip=127.0.0.1 | op=ALLOCATE_BLOCK {volume=vol-0-90982, bucket=bucket-0-24269, key=key-0-81262, dataSize=0, replicationType=null, replicationFactor=null, keyLocationInfo=null, clientID=102652564580991378} | ret=SUCCESS |  
2019-08-21 02:17:31,203 | INFO  | DNAudit | user=null | ip=null | op=WRITE_CHUNK {blockData=conID: 1 locID: 102652565991850582 bcsId: 0} | ret=SUCCESS |  
2019-08-21 02:17:31,205 | INFO  | DNAudit | user=null | ip=null | op=WRITE_CHUNK {blockData=conID: 1 locID: 102652565991850582 bcsId: 0} | ret=SUCCESS |  
2019-08-21 02:17:31,205 | INFO  | DNAudit | user=null | ip=null | op=WRITE_CHUNK {blockData=conID: 1 locID: 102652565991850582 bcsId: 0} | ret=SUCCESS |  
2019-08-21 02:17:31,206 | INFO  | DNAudit | user=null | ip=null | op=WRITE_CHUNK {blockData=conID: 1 locID: 102652565991850582 bcsId: 0} | ret=SUCCESS |  
2019-08-21 02:17:31,207 | INFO  | DNAudit | user=null | ip=null | op=WRITE_CHUNK {blockData=conID: 1 locID: 102652565991850582 bcsId: 0} | ret=SUCCESS |  
2019-08-21 02:17:31,207 | INFO  | DNAudit | user=null | ip=null | op=WRITE_CHUNK {blockData=conID: 1 locID: 102652565991850582 bcsId: 0} | ret=SUCCESS |  
2019-08-21 02:17:31,218 | INFO  | DNAudit | user=null | ip=null | op=WRITE_CHUNK {blockData=conID: 1 locID: 102652565991850582 bcsId: 0} | ret=SUCCESS |  
2019-08-21 02:17:31,218 | INFO  | DNAudit | user=null | ip=null | op=PUT_BLOCK {blockData=[blockId=conID: 1 locID: 102652565991850582 bcsId: 0,size=1048576]} | ret=SUCCESS |  
2019-08-21 02:17:31,219 | INFO  | DNAudit | user=null | ip=null | op=WRITE_CHUNK {blockData=conID: 1 locID: 102652565991850582 bcsId: 0} | ret=SUCCESS |  
2019-08-21 02:17:31,219 [grpc-default-executor-4] INFO  client.GrpcClientProtocolClient (GrpcClientProtocolClient.java:onNext(255)) - client-54CC064C3FCE->8224e767-71c1-41fc-a01a-d172d48fd9d8: receive RaftClientReply:client-54CC064C3FCE->8224e767-71c1-41fc-a01a-d172d48fd9d8@group-F6B37CC92441, cid=2546, SUCCESS, logIndex=3780, commits[8224e767-71c1-41fc-a01a-d172d48fd9d8:c3783, 6eae0c21-01aa-4169-956f-5952b26ea7ba:c3779, 8d7dcba1-3b82-4d94-a832-514ef5c79cf8:c3779]
2019-08-21 02:17:31,219 | INFO  | DNAudit | user=null | ip=null | op=PUT_BLOCK {blockData=[blockId=conID: 1 locID: 102652565991850582 bcsId: 0,size=2097152]} | ret=SUCCESS |  
2019-08-21 02:17:31,219 [grpc-default-executor-4] INFO  client.GrpcClientProtocolClient (GrpcClientProtocolClient.java:onNext(255)) - client-54CC064C3FCE->8224e767-71c1-41fc-a01a-d172d48fd9d8: receive RaftClientReply:client-54CC064C3FCE->8224e767-71c1-41fc-a01a-d172d48fd9d8@group-F6B37CC92441, cid=2547, SUCCESS, logIndex=3781, commits[8224e767-71c1-41fc-a01a-d172d48fd9d8:c3783, 6eae0c21-01aa-4169-956f-5952b26ea7ba:c3779, 8d7dcba1-3b82-4d94-a832-514ef5c79cf8:c3779]
2019-08-21 02:17:31,219 [grpc-default-executor-4] INFO  client.GrpcClientProtocolClient (GrpcClientProtocolClient.java:onNext(255)) - client-54CC064C3FCE->8224e767-71c1-41fc-a01a-d172d48fd9d8: receive RaftClientReply:client-54CC064C3FCE->8224e767-71c1-41fc-a01a-d172d48fd9d8@group-F6B37CC92441, cid=2548, SUCCESS, logIndex=3782, commits[8224e767-71c1-41fc-a01a-d172d48fd9d8:c3783, 6eae0c21-01aa-4169-956f-5952b26ea7ba:c3779, 8d7dcba1-3b82-4d94-a832-514ef5c79cf8:c3779]
2019-08-21 02:17:31,220 | INFO  | DNAudit | user=null | ip=null | op=WRITE_CHUNK {blockData=conID: 1 locID: 102652565991850582 bcsId: 0} | ret=SUCCESS |  
2019-08-21 02:17:31,220 [grpc-default-executor-4] INFO  client.GrpcClientProtocolClient (GrpcClientProtocolClient.java:onNext(255)) - client-54CC064C3FCE->8224e767-71c1-41fc-a01a-d172d48fd9d8: receive RaftClientReply:client-54CC064C3FCE->8224e767-71c1-41fc-a01a-d172d48fd9d8@group-F6B37CC92441, cid=2549, SUCCESS, logIndex=3783, commits[8224e767-71c1-41fc-a01a-d172d48fd9d8:c3783, 6eae0c21-01aa-4169-956f-5952b26ea7ba:c3779, 8d7dcba1-3b82-4d94-a832-514ef5c79cf8:c3779]
2019-08-21 02:17:31,220 | INFO  | DNAudit | user=null | ip=null | op=WRITE_CHUNK {blockData=conID: 1 locID: 102652565991850582 bcsId: 0} | ret=SUCCESS |  
2019-08-21 02:17:31,220 | INFO  | DNAudit | user=null | ip=null | op=PUT_BLOCK {blockData=[blockId=conID: 1 locID: 102652565991850582 bcsId: 0,size=1048576]} | ret=SUCCESS |  
2019-08-21 02:17:31,220 | INFO  | DNAudit | user=null | ip=null | op=PUT_BLOCK {blockData=[blockId=conID: 1 locID: 102652565991850582 bcsId: 0,size=1048576]} | ret=SUCCESS |  
2019-08-21 02:17:31,220 | INFO  | DNAudit | user=null | ip=null | op=WRITE_CHUNK {blockData=conID: 1 locID: 102652565991850582 bcsId: 0} | ret=SUCCESS |  
2019-08-21 02:17:31,220 | INFO  | DNAudit | user=null | ip=null | op=WRITE_CHUNK {blockData=conID: 1 locID: 102652565991850582 bcsId: 0} | ret=SUCCESS |  
2019-08-21 02:17:31,220 [grpc-default-executor-4] INFO  client.GrpcClientProtocolClient (GrpcClientProtocolClient.java:onNext(255)) - client-54CC064C3FCE->8224e767-71c1-41fc-a01a-d172d48fd9d8: receive RaftClientReply:client-54CC064C3FCE->8224e767-71c1-41fc-a01a-d172d48fd9d8@group-F6B37CC92441, cid=2550, SUCCESS, logIndex=0, commits[8224e767-71c1-41fc-a01a-d172d48fd9d8:c3784, 6eae0c21-01aa-4169-956f-5952b26ea7ba:c3782, 8d7dcba1-3b82-4d94-a832-514ef5c79cf8:c3782]
2019-08-21 02:17:31,223 | INFO  | DNAudit | user=null | ip=null | op=PUT_BLOCK {blockData=[blockId=conID: 1 locID: 102652565991850582 bcsId: 0,size=2097152]} | ret=SUCCESS |  
2019-08-21 02:17:31,223 | INFO  | DNAudit | user=null | ip=null | op=PUT_BLOCK {blockData=[blockId=conID: 1 locID: 102652565991850582 bcsId: 0,size=2097152]} | ret=SUCCESS |  
2019-08-21 02:17:31,226 | INFO  | DNAudit | user=null | ip=null | op=WRITE_CHUNK {blockData=conID: 1 locID: 102652565991850582 bcsId: 3783} | ret=SUCCESS |  
2019-08-21 02:17:31,228 | INFO  | DNAudit | user=null | ip=null | op=WRITE_CHUNK {blockData=conID: 1 locID: 102652565991850582 bcsId: 3783} | ret=SUCCESS |  
2019-08-21 02:17:31,228 | INFO  | DNAudit | user=null | ip=null | op=WRITE_CHUNK {blockData=conID: 1 locID: 102652565991850582 bcsId: 3783} | ret=SUCCESS |  
2019-08-21 02:17:31,230 | INFO  | DNAudit | user=null | ip=null | op=WRITE_CHUNK {blockData=conID: 1 locID: 102652565991850582 bcsId: 3783} | ret=SUCCESS |  
2019-08-21 02:17:31,230 | INFO  | DNAudit | user=null | ip=null | op=PUT_BLOCK {blockData=[blockId=conID: 1 locID: 102652565991850582 bcsId: 0,size=3145728]} | ret=SUCCESS |  
2019-08-21 02:17:31,230 [grpc-default-executor-3] INFO  client.GrpcClientProtocolClient (GrpcClientProtocolClient.java:onNext(255)) - client-54CC064C3FCE->8224e767-71c1-41fc-a01a-d172d48fd9d8: receive RaftClientReply:client-54CC064C3FCE->8224e767-71c1-41fc-a01a-d172d48fd9d8@group-F6B37CC92441, cid=2551, SUCCESS, logIndex=3787, commits[8224e767-71c1-41fc-a01a-d172d48fd9d8:c3788, 6eae0c21-01aa-4169-956f-5952b26ea7ba:c3786, 8d7dcba1-3b82-4d94-a832-514ef5c79cf8:c3783]
2019-08-21 02:17:31,230 [grpc-default-executor-3] INFO  client.GrpcClientProtocolClient (GrpcClientProtocolClient.java:onNext(255)) - client-54CC064C3FCE->8224e767-71c1-41fc-a01a-d172d48fd9d8: receive RaftClientReply:client-54CC064C3FCE->8224e767-71c1-41fc-a01a-d172d48fd9d8@group-F6B37CC92441, cid=2552, SUCCESS, logIndex=3788, commits[8224e767-71c1-41fc-a01a-d172d48fd9d8:c3788, 6eae0c21-01aa-4169-956f-5952b26ea7ba:c3786, 8d7dcba1-3b82-4d94-a832-514ef5c79cf8:c3786]
2019-08-21 02:17:31,231 | INFO  | DNAudit | user=null | ip=null | op=WRITE_CHUNK {blockData=conID: 1 locID: 102652565991850582 bcsId: 3783} | ret=SUCCESS |  
2019-08-21 02:17:31,231 | INFO  | DNAudit | user=null | ip=null | op=PUT_BLOCK {blockData=[blockId=conID: 1 locID: 102652565991850582 bcsId: 0,size=3145728]} | ret=SUCCESS |  
2019-08-21 02:17:31,233 | INFO  | DNAudit | user=null | ip=null | op=WRITE_CHUNK {blockData=conID: 1 locID: 102652565991850582 bcsId: 3783} | ret=SUCCESS |  
2019-08-21 02:17:31,234 | INFO  | DNAudit | user=null | ip=null | op=PUT_BLOCK {blockData=[blockId=conID: 1 locID: 102652565991850582 bcsId: 0,size=3145728]} | ret=SUCCESS |  
2019-08-21 02:17:31,235 | INFO  | DNAudit | user=null | ip=null | op=WRITE_CHUNK {blockData=conID: 1 locID: 102652565991850582 bcsId: 3788} | ret=SUCCESS |  
2019-08-21 02:17:31,238 | INFO  | DNAudit | user=null | ip=null | op=WRITE_CHUNK {blockData=conID: 1 locID: 102652565991850582 bcsId: 3788} | ret=SUCCESS |  
2019-08-21 02:17:31,238 | INFO  | DNAudit | user=null | ip=null | op=WRITE_CHUNK {blockData=conID: 1 locID: 102652565991850582 bcsId: 3788} | ret=SUCCESS |  
2019-08-21 02:17:31,240 | INFO  | DNAudit | user=null | ip=null | op=WRITE_CHUNK {blockData=conID: 1 locID: 102652565991850582 bcsId: 3788} | ret=SUCCESS |  
2019-08-21 02:17:31,240 | INFO  | DNAudit | user=null | ip=null | op=PUT_BLOCK {blockData=[blockId=conID: 1 locID: 102652565991850582 bcsId: 0,size=4194304]} | ret=SUCCESS |  
2019-08-21 02:17:31,240 [grpc-default-executor-3] INFO  client.GrpcClientProtocolClient (GrpcClientProtocolClient.java:onNext(255)) - client-54CC064C3FCE->8224e767-71c1-41fc-a01a-d172d48fd9d8: receive RaftClientReply:client-54CC064C3FCE->8224e767-71c1-41fc-a01a-d172d48fd9d8@group-F6B37CC92441, cid=2553, SUCCESS, logIndex=3791, commits[8224e767-71c1-41fc-a01a-d172d48fd9d8:c3792, 6eae0c21-01aa-4169-956f-5952b26ea7ba:c3788, 8d7dcba1-3b82-4d94-a832-514ef5c79cf8:c3789]
2019-08-21 02:17:31,241 [grpc-default-executor-3] INFO  client.GrpcClientProtocolClient (GrpcClientProtocolClient.java:onNext(255)) - client-54CC064C3FCE->8224e767-71c1-41fc-a01a-d172d48fd9d8: receive RaftClientReply:client-54CC064C3FCE->8224e767-71c1-41fc-a01a-d172d48fd9d8@group-F6B37CC92441, cid=2554, SUCCESS, logIndex=3792, commits[8224e767-71c1-41fc-a01a-d172d48fd9d8:c3792, 6eae0c21-01aa-4169-956f-5952b26ea7ba:c3789, 8d7dcba1-3b82-4d94-a832-514ef5c79cf8:c3789]
2019-08-21 02:17:31,242 | INFO  | DNAudit | user=null | ip=null | op=WRITE_CHUNK {blockData=conID: 1 locID: 102652565991850582 bcsId: 3788} | ret=SUCCESS |  
2019-08-21 02:17:31,242 | INFO  | DNAudit | user=null | ip=null | op=WRITE_CHUNK {blockData=conID: 1 locID: 102652565991850582 bcsId: 3788} | ret=SUCCESS |  
2019-08-21 02:17:31,242 | INFO  | DNAudit | user=null | ip=null | op=PUT_BLOCK {blockData=[blockId=conID: 1 locID: 102652565991850582 bcsId: 0,size=4194304]} | ret=SUCCESS |  
2019-08-21 02:17:31,242 | INFO  | DNAudit | user=null | ip=null | op=PUT_BLOCK {blockData=[blockId=conID: 1 locID: 102652565991850582 bcsId: 0,size=4194304]} | ret=SUCCESS |  
2019-08-21 02:17:31,242 [grpc-default-executor-3] INFO  client.GrpcClientProtocolClient (GrpcClientProtocolClient.java:onNext(255)) - client-54CC064C3FCE->8224e767-71c1-41fc-a01a-d172d48fd9d8: receive RaftClientReply:client-54CC064C3FCE->8224e767-71c1-41fc-a01a-d172d48fd9d8@group-F6B37CC92441, cid=2555, SUCCESS, logIndex=0, commits[8224e767-71c1-41fc-a01a-d172d48fd9d8:c3793, 6eae0c21-01aa-4169-956f-5952b26ea7ba:c3792, 8d7dcba1-3b82-4d94-a832-514ef5c79cf8:c3792]
2019-08-21 02:17:31,247 | INFO  | SCMAudit | user=jenkins1000 | ip=192.168.34.10 | op=ALLOCATE_BLOCK {owner=b6f66289-f2a0-4058-b052-0a85e40df67b, size=4194304, type=RATIS, factor=THREE} | ret=SUCCESS |  
2019-08-21 02:17:31,249 | INFO  | OMAudit | user=jenkins1000 | ip=127.0.0.1 | op=ALLOCATE_BLOCK {volume=vol-0-90982, bucket=bucket-0-24269, key=key-0-81262, dataSize=0, replicationType=null, replicationFactor=null, keyLocationInfo=null, clientID=102652564580991378} | ret=SUCCESS |  
2019-08-21 02:17:31,255 | INFO  | DNAudit | user=null | ip=null | op=WRITE_CHUNK {blockData=conID: 2 locID: 102652565995258455 bcsId: 0} | ret=SUCCESS |  
2019-08-21 02:17:31,257 | INFO  | DNAudit | user=null | ip=null | op=WRITE_CHUNK {blockData=conID: 2 locID: 102652565995258455 bcsId: 0} | ret=SUCCESS |  
2019-08-21 02:17:31,258 | INFO  | DNAudit | user=null | ip=null | op=WRITE_CHUNK {blockData=conID: 2 locID: 102652565995258455 bcsId: 0} | ret=SUCCESS |  
2019-08-21 02:17:31,258 | INFO  | DNAudit | user=null | ip=null | op=WRITE_CHUNK {blockData=conID: 2 locID: 102652565995258455 bcsId: 0} | ret=SUCCESS |  
2019-08-21 02:17:31,259 | INFO  | DNAudit | user=null | ip=null | op=WRITE_CHUNK {blockData=conID: 2 locID: 102652565995258455 bcsId: 0} | ret=SUCCESS |  
2019-08-21 02:17:31,260 | INFO  | DNAudit | user=null | ip=null | op=WRITE_CHUNK {blockData=conID: 2 locID: 102652565995258455 bcsId: 0} | ret=SUCCESS |  
2019-08-21 02:17:31,274 | INFO  | DNAudit | user=null | ip=null | op=WRITE_CHUNK {blockData=conID: 2 locID: 102652565995258455 bcsId: 0} | ret=SUCCESS |  
2019-08-21 02:17:31,275 | INFO  | DNAudit | user=null | ip=null | op=PUT_BLOCK {blockData=[blockId=conID: 2 locID: 102652565995258455 bcsId: 0,size=1048576]} | ret=SUCCESS |  
2019-08-21 02:17:31,275 [grpc-default-executor-3] INFO  client.GrpcClientProtocolClient (GrpcClientProtocolClient.java:onNext(255)) - client-54CC064C3FCE->8224e767-71c1-41fc-a01a-d172d48fd9d8: receive RaftClientReply:client-54CC064C3FCE->8224e767-71c1-41fc-a01a-d172d48fd9d8@group-F6B37CC92441, cid=2556, SUCCESS, logIndex=3795, commits[8224e767-71c1-41fc-a01a-d172d48fd9d8:c3796, 6eae0c21-01aa-4169-956f-5952b26ea7ba:c3792, 8d7dcba1-3b82-4d94-a832-514ef5c79cf8:c3794]
2019-08-21 02:17:31,276 [grpc-default-executor-3] INFO  client.GrpcClientProtocolClient (GrpcClientProtocolClient.java:onNext(255)) - client-54CC064C3FCE->8224e767-71c1-41fc-a01a-d172d48fd9d8: receive RaftClientReply:client-54CC064C3FCE->8224e767-71c1-41fc-a01a-d172d48fd9d8@group-F6B37CC92441, cid=2557, SUCCESS, logIndex=3796, commits[8224e767-71c1-41fc-a01a-d172d48fd9d8:c3796, 6eae0c21-01aa-4169-956f-5952b26ea7ba:c3792, 8d7dcba1-3b82-4d94-a832-514ef5c79cf8:c3794]
2019-08-21 02:17:31,288 | INFO  | DNAudit | user=null | ip=null | op=WRITE_CHUNK {blockData=conID: 2 locID: 102652565995258455 bcsId: 0} | ret=SUCCESS |  
2019-08-21 02:17:31,288 | INFO  | DNAudit | user=null | ip=null | op=PUT_BLOCK {blockData=[blockId=conID: 2 locID: 102652565995258455 bcsId: 0,size=2097152]} | ret=SUCCESS |  
2019-08-21 02:17:31,288 | INFO  | DNAudit | user=null | ip=null | op=WRITE_CHUNK {blockData=conID: 2 locID: 102652565995258455 bcsId: 0} | ret=SUCCESS |  
2019-08-21 02:17:31,288 [grpc-default-executor-2] INFO  client.GrpcClientProtocolClient (GrpcClientProtocolClient.java:onNext(255)) - client-54CC064C3FCE->8224e767-71c1-41fc-a01a-d172d48fd9d8: receive RaftClientReply:client-54CC064C3FCE->8224e767-71c1-41fc-a01a-d172d48fd9d8@group-F6B37CC92441, cid=2558, SUCCESS, logIndex=3797, commits[8224e767-71c1-41fc-a01a-d172d48fd9d8:c3798, 6eae0c21-01aa-4169-956f-5952b26ea7ba:c3794, 8d7dcba1-3b82-4d94-a832-514ef5c79cf8:c3794]
2019-08-21 02:17:31,288 | INFO  | DNAudit | user=null | ip=null | op=PUT_BLOCK {blockData=[blockId=conID: 2 locID: 102652565995258455 bcsId: 0,size=1048576]} | ret=SUCCESS |  
2019-08-21 02:17:31,288 [grpc-default-executor-2] INFO  client.GrpcClientProtocolClient (GrpcClientProtocolClient.java:onNext(255)) - client-54CC064C3FCE->8224e767-71c1-41fc-a01a-d172d48fd9d8: receive RaftClientReply:client-54CC064C3FCE->8224e767-71c1-41fc-a01a-d172d48fd9d8@group-F6B37CC92441, cid=2559, SUCCESS, logIndex=3798, commits[8224e767-71c1-41fc-a01a-d172d48fd9d8:c3798, 6eae0c21-01aa-4169-956f-5952b26ea7ba:c3794, 8d7dcba1-3b82-4d94-a832-514ef5c79cf8:c3794]
2019-08-21 02:17:31,289 | INFO  | DNAudit | user=null | ip=null | op=WRITE_CHUNK {blockData=conID: 2 locID: 102652565995258455 bcsId: 0} | ret=SUCCESS |  
2019-08-21 02:17:31,289 | INFO  | DNAudit | user=null | ip=null | op=PUT_BLOCK {blockData=[blockId=conID: 2 locID: 102652565995258455 bcsId: 0,size=1048576]} | ret=SUCCESS |  
2019-08-21 02:17:31,289 | INFO  | DNAudit | user=null | ip=null | op=WRITE_CHUNK {blockData=conID: 2 locID: 102652565995258455 bcsId: 0} | ret=SUCCESS |  
2019-08-21 02:17:31,290 | INFO  | DNAudit | user=null | ip=null | op=PUT_BLOCK {blockData=[blockId=conID: 2 locID: 102652565995258455 bcsId: 0,size=2097152]} | ret=SUCCESS |  
2019-08-21 02:17:31,290 [grpc-default-executor-4] INFO  client.GrpcClientProtocolClient (GrpcClientProtocolClient.java:onNext(255)) - client-54CC064C3FCE->8224e767-71c1-41fc-a01a-d172d48fd9d8: receive RaftClientReply:client-54CC064C3FCE->8224e767-71c1-41fc-a01a-d172d48fd9d8@group-F6B37CC92441, cid=2560, SUCCESS, logIndex=0, commits[8224e767-71c1-41fc-a01a-d172d48fd9d8:c3799, 6eae0c21-01aa-4169-956f-5952b26ea7ba:c3796, 8d7dcba1-3b82-4d94-a832-514ef5c79cf8:c3796]
2019-08-21 02:17:31,290 | INFO  | DNAudit | user=null | ip=null | op=WRITE_CHUNK {blockData=conID: 2 locID: 102652565995258455 bcsId: 0} | ret=SUCCESS |  
2019-08-21 02:17:31,290 | INFO  | DNAudit | user=null | ip=null | op=PUT_BLOCK {blockData=[blockId=conID: 2 locID: 102652565995258455 bcsId: 0,size=2097152]} | ret=SUCCESS |  
2019-08-21 02:17:31,295 | INFO  | DNAudit | user=null | ip=null | op=WRITE_CHUNK {blockData=conID: 2 locID: 102652565995258455 bcsId: 3798} | ret=SUCCESS |  
2019-08-21 02:17:31,297 | INFO  | DNAudit | user=null | ip=null | op=WRITE_CHUNK {blockData=conID: 2 locID: 102652565995258455 bcsId: 3798} | ret=SUCCESS |  
2019-08-21 02:17:31,298 | INFO  | DNAudit | user=null | ip=null | op=WRITE_CHUNK {blockData=conID: 2 locID: 102652565995258455 bcsId: 3798} | ret=SUCCESS |  
2019-08-21 02:17:31,304 | INFO  | DNAudit | user=null | ip=null | op=WRITE_CHUNK {blockData=conID: 2 locID: 102652565995258455 bcsId: 3798} | ret=SUCCESS |  
2019-08-21 02:17:31,305 | INFO  | DNAudit | user=null | ip=null | op=PUT_BLOCK {blockData=[blockId=conID: 2 locID: 102652565995258455 bcsId: 0,size=3145728]} | ret=SUCCESS |  
2019-08-21 02:17:31,305 [grpc-default-executor-4] INFO  client.GrpcClientProtocolClient (GrpcClientProtocolClient.java:onNext(255)) - client-54CC064C3FCE->8224e767-71c1-41fc-a01a-d172d48fd9d8: receive RaftClientReply:client-54CC064C3FCE->8224e767-71c1-41fc-a01a-d172d48fd9d8@group-F6B37CC92441, cid=2561, SUCCESS, logIndex=3802, commits[8224e767-71c1-41fc-a01a-d172d48fd9d8:c3803, 6eae0c21-01aa-4169-956f-5952b26ea7ba:c3801, 8d7dcba1-3b82-4d94-a832-514ef5c79cf8:c3801]
2019-08-21 02:17:31,305 [grpc-default-executor-4] INFO  client.GrpcClientProtocolClient (GrpcClientProtocolClient.java:onNext(255)) - client-54CC064C3FCE->8224e767-71c1-41fc-a01a-d172d48fd9d8: receive RaftClientReply:client-54CC064C3FCE->8224e767-71c1-41fc-a01a-d172d48fd9d8@group-F6B37CC92441, cid=2562, SUCCESS, logIndex=3803, commits[8224e767-71c1-41fc-a01a-d172d48fd9d8:c3803, 6eae0c21-01aa-4169-956f-5952b26ea7ba:c3801, 8d7dcba1-3b82-4d94-a832-514ef5c79cf8:c3801]
2019-08-21 02:17:31,310 | INFO  | DNAudit | user=null | ip=null | op=WRITE_CHUNK {blockData=conID: 2 locID: 102652565995258455 bcsId: 3803} | ret=SUCCESS |  
2019-08-21 02:17:31,312 | INFO  | DNAudit | user=null | ip=null | op=WRITE_CHUNK {blockData=conID: 2 locID: 102652565995258455 bcsId: 3803} | ret=SUCCESS |  
2019-08-21 02:17:31,313 | INFO  | DNAudit | user=null | ip=null | op=WRITE_CHUNK {blockData=conID: 2 locID: 102652565995258455 bcsId: 3803} | ret=SUCCESS |  
2019-08-21 02:17:31,316 | INFO  | DNAudit | user=null | ip=null | op=WRITE_CHUNK {blockData=conID: 2 locID: 102652565995258455 bcsId: 3798} | ret=SUCCESS |  
2019-08-21 02:17:31,316 | INFO  | DNAudit | user=null | ip=null | op=WRITE_CHUNK {blockData=conID: 2 locID: 102652565995258455 bcsId: 3798} | ret=SUCCESS |  
2019-08-21 02:17:31,317 | INFO  | DNAudit | user=null | ip=null | op=PUT_BLOCK {blockData=[blockId=conID: 2 locID: 102652565995258455 bcsId: 0,size=3145728]} | ret=SUCCESS |  
2019-08-21 02:17:31,317 | INFO  | DNAudit | user=null | ip=null | op=PUT_BLOCK {blockData=[blockId=conID: 2 locID: 102652565995258455 bcsId: 0,size=3145728]} | ret=SUCCESS |  
2019-08-21 02:17:31,320 | INFO  | DNAudit | user=null | ip=null | op=WRITE_CHUNK {blockData=conID: 2 locID: 102652565995258455 bcsId: 3803} | ret=SUCCESS |  
2019-08-21 02:17:31,320 | INFO  | DNAudit | user=null | ip=null | op=PUT_BLOCK {blockData=[blockId=conID: 2 locID: 102652565995258455 bcsId: 0,size=4194304]} | ret=SUCCESS |  
2019-08-21 02:17:31,320 [grpc-default-executor-2] INFO  client.GrpcClientProtocolClient (GrpcClientProtocolClient.java:onNext(255)) - client-54CC064C3FCE->8224e767-71c1-41fc-a01a-d172d48fd9d8: receive RaftClientReply:client-54CC064C3FCE->8224e767-71c1-41fc-a01a-d172d48fd9d8@group-F6B37CC92441, cid=2563, SUCCESS, logIndex=3806, commits[8224e767-71c1-41fc-a01a-d172d48fd9d8:c3807, 6eae0c21-01aa-4169-956f-5952b26ea7ba:c3803, 8d7dcba1-3b82-4d94-a832-514ef5c79cf8:c3803]
2019-08-21 02:17:31,321 [grpc-default-executor-2] INFO  client.GrpcClientProtocolClient (GrpcClientProtocolClient.java:onNext(255)) - client-54CC064C3FCE->8224e767-71c1-41fc-a01a-d172d48fd9d8: receive RaftClientReply:client-54CC064C3FCE->8224e767-71c1-41fc-a01a-d172d48fd9d8@group-F6B37CC92441, cid=2564, SUCCESS, logIndex=3807, commits[8224e767-71c1-41fc-a01a-d172d48fd9d8:c3807, 6eae0c21-01aa-4169-956f-5952b26ea7ba:c3803, 8d7dcba1-3b82-4d94-a832-514ef5c79cf8:c3803]
2019-08-21 02:17:31,331 | INFO  | DNAudit | user=null | ip=null | op=WRITE_CHUNK {blockData=conID: 2 locID: 102652565995258455 bcsId: 3803} | ret=SUCCESS |  
2019-08-21 02:17:31,331 | INFO  | DNAudit | user=null | ip=null | op=WRITE_CHUNK {blockData=conID: 2 locID: 102652565995258455 bcsId: 3803} | ret=SUCCESS |  
2019-08-21 02:17:31,334 | INFO  | DNAudit | user=null | ip=null | op=PUT_BLOCK {blockData=[blockId=conID: 2 locID: 102652565995258455 bcsId: 0,size=4194304]} | ret=SUCCESS |  
2019-08-21 02:17:31,334 | INFO  | DNAudit | user=null | ip=null | op=PUT_BLOCK {blockData=[blockId=conID: 2 locID: 102652565995258455 bcsId: 0,size=4194304]} | ret=SUCCESS |  
2019-08-21 02:17:31,334 [grpc-default-executor-2] INFO  client.GrpcClientProtocolClient (GrpcClientProtocolClient.java:onNext(255)) - client-54CC064C3FCE->8224e767-71c1-41fc-a01a-d172d48fd9d8: receive RaftClientReply:client-54CC064C3FCE->8224e767-71c1-41fc-a01a-d172d48fd9d8@group-F6B37CC92441, cid=2565, SUCCESS, logIndex=0, commits[8224e767-71c1-41fc-a01a-d172d48fd9d8:c3809, 6eae0c21-01aa-4169-956f-5952b26ea7ba:c3807, 8d7dcba1-3b82-4d94-a832-514ef5c79cf8:c3807]
2019-08-21 02:17:31,340 | INFO  | SCMAudit | user=jenkins1000 | ip=192.168.34.10 | op=ALLOCATE_BLOCK {owner=b6f66289-f2a0-4058-b052-0a85e40df67b, size=4194304, type=RATIS, factor=THREE} | ret=SUCCESS |  
2019-08-21 02:17:31,344 | INFO  | OMAudit | user=jenkins1000 | ip=127.0.0.1 | op=ALLOCATE_BLOCK {volume=vol-0-90982, bucket=bucket-0-24269, key=key-0-81262, dataSize=0, replicationType=null, replicationFactor=null, keyLocationInfo=null, clientID=102652564580991378} | ret=SUCCESS |  
2019-08-21 02:17:31,350 | INFO  | DNAudit | user=null | ip=null | op=WRITE_CHUNK {blockData=conID: 3 locID: 102652566001418840 bcsId: 0} | ret=SUCCESS |  
2019-08-21 02:17:31,352 | INFO  | DNAudit | user=null | ip=null | op=WRITE_CHUNK {blockData=conID: 3 locID: 102652566001418840 bcsId: 0} | ret=SUCCESS |  
2019-08-21 02:17:31,353 | INFO  | DNAudit | user=null | ip=null | op=WRITE_CHUNK {blockData=conID: 3 locID: 102652566001418840 bcsId: 0} | ret=SUCCESS |  
2019-08-21 02:17:31,353 | INFO  | DNAudit | user=null | ip=null | op=WRITE_CHUNK {blockData=conID: 3 locID: 102652566001418840 bcsId: 0} | ret=SUCCESS |  
2019-08-21 02:17:31,354 | INFO  | DNAudit | user=null | ip=null | op=WRITE_CHUNK {blockData=conID: 3 locID: 102652566001418840 bcsId: 0} | ret=SUCCESS |  
2019-08-21 02:17:31,355 | INFO  | DNAudit | user=null | ip=null | op=WRITE_CHUNK {blockData=conID: 3 locID: 102652566001418840 bcsId: 0} | ret=SUCCESS |  
2019-08-21 02:17:31,363 | INFO  | DNAudit | user=null | ip=null | op=WRITE_CHUNK {blockData=conID: 3 locID: 102652566001418840 bcsId: 0} | ret=SUCCESS |  
2019-08-21 02:17:31,363 | INFO  | DNAudit | user=null | ip=null | op=PUT_BLOCK {blockData=[blockId=conID: 3 locID: 102652566001418840 bcsId: 0,size=1048576]} | ret=SUCCESS |  
2019-08-21 02:17:31,363 [grpc-default-executor-2] INFO  client.GrpcClientProtocolClient (GrpcClientProtocolClient.java:onNext(255)) - client-54CC064C3FCE->8224e767-71c1-41fc-a01a-d172d48fd9d8: receive RaftClientReply:client-54CC064C3FCE->8224e767-71c1-41fc-a01a-d172d48fd9d8@group-F6B37CC92441, cid=2566, SUCCESS, logIndex=3810, commits[8224e767-71c1-41fc-a01a-d172d48fd9d8:c3811, 6eae0c21-01aa-4169-956f-5952b26ea7ba:c3809, 8d7dcba1-3b82-4d94-a832-514ef5c79cf8:c3809]
2019-08-21 02:17:31,363 | INFO  | DNAudit | user=null | ip=null | op=WRITE_CHUNK {blockData=conID: 3 locID: 102652566001418840 bcsId: 0} | ret=SUCCESS |  
2019-08-21 02:17:31,364 [grpc-default-executor-2] INFO  client.GrpcClientProtocolClient (GrpcClientProtocolClient.java:onNext(255)) - client-54CC064C3FCE->8224e767-71c1-41fc-a01a-d172d48fd9d8: receive RaftClientReply:client-54CC064C3FCE->8224e767-71c1-41fc-a01a-d172d48fd9d8@group-F6B37CC92441, cid=2567, SUCCESS, logIndex=3811, commits[8224e767-71c1-41fc-a01a-d172d48fd9d8:c3813, 6eae0c21-01aa-4169-956f-5952b26ea7ba:c3809, 8d7dcba1-3b82-4d94-a832-514ef5c79cf8:c3809]
2019-08-21 02:17:31,364 | INFO  | DNAudit | user=null | ip=null | op=PUT_BLOCK {blockData=[blockId=conID: 3 locID: 102652566001418840 bcsId: 0,size=2097152]} | ret=SUCCESS |  
2019-08-21 02:17:31,364 [grpc-default-executor-2] INFO  client.GrpcClientProtocolClient (GrpcClientProtocolClient.java:onNext(255)) - client-54CC064C3FCE->8224e767-71c1-41fc-a01a-d172d48fd9d8: receive RaftClientReply:client-54CC064C3FCE->8224e767-71c1-41fc-a01a-d172d48fd9d8@group-F6B37CC92441, cid=2568, SUCCESS, logIndex=3812, commits[8224e767-71c1-41fc-a01a-d172d48fd9d8:c3813, 6eae0c21-01aa-4169-956f-5952b26ea7ba:c3809, 8d7dcba1-3b82-4d94-a832-514ef5c79cf8:c3809]
2019-08-21 02:17:31,364 [grpc-default-executor-2] INFO  client.GrpcClientProtocolClient (GrpcClientProtocolClient.java:onNext(255)) - client-54CC064C3FCE->8224e767-71c1-41fc-a01a-d172d48fd9d8: receive RaftClientReply:client-54CC064C3FCE->8224e767-71c1-41fc-a01a-d172d48fd9d8@group-F6B37CC92441, cid=2569, SUCCESS, logIndex=3813, commits[8224e767-71c1-41fc-a01a-d172d48fd9d8:c3813, 6eae0c21-01aa-4169-956f-5952b26ea7ba:c3809, 8d7dcba1-3b82-4d94-a832-514ef5c79cf8:c3809]
2019-08-21 02:17:31,365 | INFO  | DNAudit | user=null | ip=null | op=WRITE_CHUNK {blockData=conID: 3 locID: 102652566001418840 bcsId: 0} | ret=SUCCESS |  
2019-08-21 02:17:31,376 | INFO  | DNAudit | user=null | ip=null | op=WRITE_CHUNK {blockData=conID: 3 locID: 102652566001418840 bcsId: 0} | ret=SUCCESS |  
2019-08-21 02:17:31,376 | INFO  | DNAudit | user=null | ip=null | op=PUT_BLOCK {blockData=[blockId=conID: 3 locID: 102652566001418840 bcsId: 0,size=1048576]} | ret=SUCCESS |  
2019-08-21 02:17:31,377 | INFO  | DNAudit | user=null | ip=null | op=PUT_BLOCK {blockData=[blockId=conID: 3 locID: 102652566001418840 bcsId: 0,size=1048576]} | ret=SUCCESS |  
2019-08-21 02:17:31,377 | INFO  | DNAudit | user=null | ip=null | op=WRITE_CHUNK {blockData=conID: 3 locID: 102652566001418840 bcsId: 0} | ret=SUCCESS |  
2019-08-21 02:17:31,377 | INFO  | DNAudit | user=null | ip=null | op=PUT_BLOCK {blockData=[blockId=conID: 3 locID: 102652566001418840 bcsId: 0,size=2097152]} | ret=SUCCESS |  
2019-08-21 02:17:31,377 | INFO  | DNAudit | user=null | ip=null | op=WRITE_CHUNK {blockData=conID: 3 locID: 102652566001418840 bcsId: 0} | ret=SUCCESS |  
2019-08-21 02:17:31,377 [grpc-default-executor-2] INFO  client.GrpcClientProtocolClient (GrpcClientProtocolClient.java:onNext(255)) - client-54CC064C3FCE->8224e767-71c1-41fc-a01a-d172d48fd9d8: receive RaftClientReply:client-54CC064C3FCE->8224e767-71c1-41fc-a01a-d172d48fd9d8@group-F6B37CC92441, cid=2570, SUCCESS, logIndex=0, commits[8224e767-71c1-41fc-a01a-d172d48fd9d8:c3815, 6eae0c21-01aa-4169-956f-5952b26ea7ba:c3811, 8d7dcba1-3b82-4d94-a832-514ef5c79cf8:c3811]
2019-08-21 02:17:31,377 | INFO  | DNAudit | user=null | ip=null | op=PUT_BLOCK {blockData=[blockId=conID: 3 locID: 102652566001418840 bcsId: 0,size=2097152]} | ret=SUCCESS |  
2019-08-21 02:17:31,383 | INFO  | DNAudit | user=null | ip=null | op=WRITE_CHUNK {blockData=conID: 3 locID: 102652566001418840 bcsId: 3813} | ret=SUCCESS |  
2019-08-21 02:17:31,385 | INFO  | DNAudit | user=null | ip=null | op=WRITE_CHUNK {blockData=conID: 3 locID: 102652566001418840 bcsId: 3813} | ret=SUCCESS |  
2019-08-21 02:17:31,385 | INFO  | DNAudit | user=null | ip=null | op=WRITE_CHUNK {blockData=conID: 3 locID: 102652566001418840 bcsId: 3813} | ret=SUCCESS |  
2019-08-21 02:17:31,396 | INFO  | DNAudit | user=null | ip=null | op=WRITE_CHUNK {blockData=conID: 3 locID: 102652566001418840 bcsId: 3813} | ret=SUCCESS |  
2019-08-21 02:17:31,396 | INFO  | DNAudit | user=null | ip=null | op=PUT_BLOCK {blockData=[blockId=conID: 3 locID: 102652566001418840 bcsId: 0,size=3145728]} | ret=SUCCESS |  
2019-08-21 02:17:31,396 [grpc-default-executor-2] INFO  client.GrpcClientProtocolClient (GrpcClientProtocolClient.java:onNext(255)) - client-54CC064C3FCE->8224e767-71c1-41fc-a01a-d172d48fd9d8: receive RaftClientReply:client-54CC064C3FCE->8224e767-71c1-41fc-a01a-d172d48fd9d8@group-F6B37CC92441, cid=2571, SUCCESS, logIndex=3818, commits[8224e767-71c1-41fc-a01a-d172d48fd9d8:c3819, 6eae0c21-01aa-4169-956f-5952b26ea7ba:c3817, 8d7dcba1-3b82-4d94-a832-514ef5c79cf8:c3817]
2019-08-21 02:17:31,397 [grpc-default-executor-2] INFO  client.GrpcClientProtocolClient (GrpcClientProtocolClient.java:onNext(255)) - client-54CC064C3FCE->8224e767-71c1-41fc-a01a-d172d48fd9d8: receive RaftClientReply:client-54CC064C3FCE->8224e767-71c1-41fc-a01a-d172d48fd9d8@group-F6B37CC92441, cid=2572, SUCCESS, logIndex=3819, commits[8224e767-71c1-41fc-a01a-d172d48fd9d8:c3819, 6eae0c21-01aa-4169-956f-5952b26ea7ba:c3817, 8d7dcba1-3b82-4d94-a832-514ef5c79cf8:c3817]
2019-08-21 02:17:31,402 | INFO  | DNAudit | user=null | ip=null | op=WRITE_CHUNK {blockData=conID: 3 locID: 102652566001418840 bcsId: 3819} | ret=SUCCESS |  
2019-08-21 02:17:31,404 | INFO  | DNAudit | user=null | ip=null | op=WRITE_CHUNK {blockData=conID: 3 locID: 102652566001418840 bcsId: 3819} | ret=SUCCESS |  
2019-08-21 02:17:31,405 | INFO  | DNAudit | user=null | ip=null | op=WRITE_CHUNK {blockData=conID: 3 locID: 102652566001418840 bcsId: 3819} | ret=SUCCESS |  
2019-08-21 02:17:31,408 | INFO  | DNAudit | user=null | ip=null | op=WRITE_CHUNK {blockData=conID: 3 locID: 102652566001418840 bcsId: 3813} | ret=SUCCESS |  
2019-08-21 02:17:31,408 | INFO  | DNAudit | user=null | ip=null | op=WRITE_CHUNK {blockData=conID: 3 locID: 102652566001418840 bcsId: 3813} | ret=SUCCESS |  
2019-08-21 02:17:31,408 | INFO  | DNAudit | user=null | ip=null | op=PUT_BLOCK {blockData=[blockId=conID: 3 locID: 102652566001418840 bcsId: 0,size=3145728]} | ret=SUCCESS |  
2019-08-21 02:17:31,408 | INFO  | DNAudit | user=null | ip=null | op=PUT_BLOCK {blockData=[blockId=conID: 3 locID: 102652566001418840 bcsId: 0,size=3145728]} | ret=SUCCESS |  
2019-08-21 02:17:31,411 | INFO  | DNAudit | user=null | ip=null | op=WRITE_CHUNK {blockData=conID: 3 locID: 102652566001418840 bcsId: 3819} | ret=SUCCESS |  
2019-08-21 02:17:31,411 | INFO  | DNAudit | user=null | ip=null | op=PUT_BLOCK {blockData=[blockId=conID: 3 locID: 102652566001418840 bcsId: 0,size=4194304]} | ret=SUCCESS |  
2019-08-21 02:17:31,411 [grpc-default-executor-4] INFO  client.GrpcClientProtocolClient (GrpcClientProtocolClient.java:onNext(255)) - client-54CC064C3FCE->8224e767-71c1-41fc-a01a-d172d48fd9d8: receive RaftClientReply:client-54CC064C3FCE->8224e767-71c1-41fc-a01a-d172d48fd9d8@group-F6B37CC92441, cid=2573, SUCCESS, logIndex=3821, commits[8224e767-71c1-41fc-a01a-d172d48fd9d8:c3822, 6eae0c21-01aa-4169-956f-5952b26ea7ba:c3819, 8d7dcba1-3b82-4d94-a832-514ef5c79cf8:c3819]
2019-08-21 02:17:31,412 [grpc-default-executor-4] INFO  client.GrpcClientProtocolClient (GrpcClientProtocolClient.java:onNext(255)) - client-54CC064C3FCE->8224e767-71c1-41fc-a01a-d172d48fd9d8: receive RaftClientReply:client-54CC064C3FCE->8224e767-71c1-41fc-a01a-d172d48fd9d8@group-F6B37CC92441, cid=2574, SUCCESS, logIndex=3822, commits[8224e767-71c1-41fc-a01a-d172d48fd9d8:c3822, 6eae0c21-01aa-4169-956f-5952b26ea7ba:c3819, 8d7dcba1-3b82-4d94-a832-514ef5c79cf8:c3819]
2019-08-21 02:17:31,422 | INFO  | DNAudit | user=null | ip=null | op=WRITE_CHUNK {blockData=conID: 3 locID: 102652566001418840 bcsId: 3819} | ret=SUCCESS |  
2019-08-21 02:17:31,422 | INFO  | DNAudit | user=null | ip=null | op=WRITE_CHUNK {blockData=conID: 3 locID: 102652566001418840 bcsId: 3819} | ret=SUCCESS |  
2019-08-21 02:17:31,425 | INFO  | DNAudit | user=null | ip=null | op=PUT_BLOCK {blockData=[blockId=conID: 3 locID: 102652566001418840 bcsId: 0,size=4194304]} | ret=SUCCESS |  
2019-08-21 02:17:31,425 | INFO  | DNAudit | user=null | ip=null | op=PUT_BLOCK {blockData=[blockId=conID: 3 locID: 102652566001418840 bcsId: 0,size=4194304]} | ret=SUCCESS |  
2019-08-21 02:17:31,425 [grpc-default-executor-4] INFO  client.GrpcClientProtocolClient (GrpcClientProtocolClient.java:onNext(255)) - client-54CC064C3FCE->8224e767-71c1-41fc-a01a-d172d48fd9d8: receive RaftClientReply:client-54CC064C3FCE->8224e767-71c1-41fc-a01a-d172d48fd9d8@group-F6B37CC92441, cid=2575, SUCCESS, logIndex=0, commits[8224e767-71c1-41fc-a01a-d172d48fd9d8:c3824, 6eae0c21-01aa-4169-956f-5952b26ea7ba:c3822, 8d7dcba1-3b82-4d94-a832-514ef5c79cf8:c3822]
2019-08-21 02:17:31,430 | INFO  | SCMAudit | user=jenkins1000 | ip=192.168.34.10 | op=ALLOCATE_BLOCK {owner=b6f66289-f2a0-4058-b052-0a85e40df67b, size=4194304, type=RATIS, factor=THREE} | ret=SUCCESS |  
2019-08-21 02:17:31,433 | INFO  | OMAudit | user=jenkins1000 | ip=127.0.0.1 | op=ALLOCATE_BLOCK {volume=vol-0-90982, bucket=bucket-0-24269, key=key-0-81262, dataSize=0, replicationType=null, replicationFactor=null, keyLocationInfo=null, clientID=102652564580991378} | ret=SUCCESS |  
2019-08-21 02:17:31,439 | INFO  | DNAudit | user=null | ip=null | op=WRITE_CHUNK {blockData=conID: 1 locID: 102652566007317081 bcsId: 0} | ret=SUCCESS |  
2019-08-21 02:17:31,441 | INFO  | DNAudit | user=null | ip=null | op=WRITE_CHUNK {blockData=conID: 1 locID: 102652566007317081 bcsId: 0} | ret=SUCCESS |  
2019-08-21 02:17:31,441 | INFO  | DNAudit | user=null | ip=null | op=WRITE_CHUNK {blockData=conID: 1 locID: 102652566007317081 bcsId: 0} | ret=SUCCESS |  
2019-08-21 02:17:31,441 | INFO  | DNAudit | user=null | ip=null | op=WRITE_CHUNK {blockData=conID: 1 locID: 102652566007317081 bcsId: 0} | ret=SUCCESS |  
2019-08-21 02:17:31,442 | INFO  | DNAudit | user=null | ip=null | op=WRITE_CHUNK {blockData=conID: 1 locID: 102652566007317081 bcsId: 0} | ret=SUCCESS |  
2019-08-21 02:17:31,442 | INFO  | DNAudit | user=null | ip=null | op=WRITE_CHUNK {blockData=conID: 1 locID: 102652566007317081 bcsId: 0} | ret=SUCCESS |  
2019-08-21 02:17:31,454 | INFO  | DNAudit | user=null | ip=null | op=WRITE_CHUNK {blockData=conID: 1 locID: 102652566007317081 bcsId: 0} | ret=SUCCESS |  
2019-08-21 02:17:31,454 | INFO  | DNAudit | user=null | ip=null | op=PUT_BLOCK {blockData=[blockId=conID: 1 locID: 102652566007317081 bcsId: 0,size=1048576]} | ret=SUCCESS |  
2019-08-21 02:17:31,454 | INFO  | DNAudit | user=null | ip=null | op=WRITE_CHUNK {blockData=conID: 1 locID: 102652566007317081 bcsId: 0} | ret=SUCCESS |  
2019-08-21 02:17:31,454 [grpc-default-executor-4] INFO  client.GrpcClientProtocolClient (GrpcClientProtocolClient.java:onNext(255)) - client-54CC064C3FCE->8224e767-71c1-41fc-a01a-d172d48fd9d8: receive RaftClientReply:client-54CC064C3FCE->8224e767-71c1-41fc-a01a-d172d48fd9d8@group-F6B37CC92441, cid=2576, SUCCESS, logIndex=3825, commits[8224e767-71c1-41fc-a01a-d172d48fd9d8:c3828, 6eae0c21-01aa-4169-956f-5952b26ea7ba:c3824, 8d7dcba1-3b82-4d94-a832-514ef5c79cf8:c3824]
2019-08-21 02:17:31,454 | INFO  | DNAudit | user=null | ip=null | op=PUT_BLOCK {blockData=[blockId=conID: 1 locID: 102652566007317081 bcsId: 0,size=2097152]} | ret=SUCCESS |  
2019-08-21 02:17:31,455 [grpc-default-executor-4] INFO  client.GrpcClientProtocolClient (GrpcClientProtocolClient.java:onNext(255)) - client-54CC064C3FCE->8224e767-71c1-41fc-a01a-d172d48fd9d8: receive RaftClientReply:client-54CC064C3FCE->8224e767-71c1-41fc-a01a-d172d48fd9d8@group-F6B37CC92441, cid=2577, SUCCESS, logIndex=3826, commits[8224e767-71c1-41fc-a01a-d172d48fd9d8:c3828, 6eae0c21-01aa-4169-956f-5952b26ea7ba:c3824, 8d7dcba1-3b82-4d94-a832-514ef5c79cf8:c3824]
2019-08-21 02:17:31,455 [grpc-default-executor-4] INFO  client.GrpcClientProtocolClient (GrpcClientProtocolClient.java:onNext(255)) - client-54CC064C3FCE->8224e767-71c1-41fc-a01a-d172d48fd9d8: receive RaftClientReply:client-54CC064C3FCE->8224e767-71c1-41fc-a01a-d172d48fd9d8@group-F6B37CC92441, cid=2578, SUCCESS, logIndex=3827, commits[8224e767-71c1-41fc-a01a-d172d48fd9d8:c3828, 6eae0c21-01aa-4169-956f-5952b26ea7ba:c3824, 8d7dcba1-3b82-4d94-a832-514ef5c79cf8:c3824]
2019-08-21 02:17:31,455 [grpc-default-executor-4] INFO  client.GrpcClientProtocolClient (GrpcClientProtocolClient.java:onNext(255)) - client-54CC064C3FCE->8224e767-71c1-41fc-a01a-d172d48fd9d8: receive RaftClientReply:client-54CC064C3FCE->8224e767-71c1-41fc-a01a-d172d48fd9d8@group-F6B37CC92441, cid=2579, SUCCESS, logIndex=3828, commits[8224e767-71c1-41fc-a01a-d172d48fd9d8:c3828, 6eae0c21-01aa-4169-956f-5952b26ea7ba:c3824, 8d7dcba1-3b82-4d94-a832-514ef5c79cf8:c3824]
2019-08-21 02:17:31,575 | INFO  | DNAudit | user=null | ip=null | op=WRITE_CHUNK {blockData=conID: 1 locID: 102652566007317081 bcsId: 0} | ret=SUCCESS |  
2019-08-21 02:17:31,584 | INFO  | DNAudit | user=null | ip=null | op=PUT_BLOCK {blockData=[blockId=conID: 1 locID: 102652566007317081 bcsId: 0,size=1048576]} | ret=SUCCESS |  
2019-08-21 02:17:31,584 | INFO  | DNAudit | user=null | ip=null | op=WRITE_CHUNK {blockData=conID: 1 locID: 102652566007317081 bcsId: 0} | ret=SUCCESS |  
2019-08-21 02:17:31,584 | INFO  | DNAudit | user=null | ip=null | op=WRITE_CHUNK {blockData=conID: 1 locID: 102652566007317081 bcsId: 0} | ret=SUCCESS |  
2019-08-21 02:17:31,584 | INFO  | DNAudit | user=null | ip=null | op=PUT_BLOCK {blockData=[blockId=conID: 1 locID: 102652566007317081 bcsId: 0,size=1048576]} | ret=SUCCESS |  
2019-08-21 02:17:31,585 | INFO  | DNAudit | user=null | ip=null | op=PUT_BLOCK {blockData=[blockId=conID: 1 locID: 102652566007317081 bcsId: 0,size=2097152]} | ret=SUCCESS |  
2019-08-21 02:17:31,585 | INFO  | DNAudit | user=null | ip=null | op=WRITE_CHUNK {blockData=conID: 1 locID: 102652566007317081 bcsId: 0} | ret=SUCCESS |  
2019-08-21 02:17:31,585 | INFO  | DNAudit | user=null | ip=null | op=PUT_BLOCK {blockData=[blockId=conID: 1 locID: 102652566007317081 bcsId: 0,size=2097152]} | ret=SUCCESS |  
2019-08-21 02:17:31,585 [grpc-default-executor-4] INFO  client.GrpcClientProtocolClient (GrpcClientProtocolClient.java:onNext(255)) - client-54CC064C3FCE->8224e767-71c1-41fc-a01a-d172d48fd9d8: receive RaftClientReply:client-54CC064C3FCE->8224e767-71c1-41fc-a01a-d172d48fd9d8@group-F6B37CC92441, cid=2580, SUCCESS, logIndex=0, commits[8224e767-71c1-41fc-a01a-d172d48fd9d8:c3829, 6eae0c21-01aa-4169-956f-5952b26ea7ba:c3827, 8d7dcba1-3b82-4d94-a832-514ef5c79cf8:c3827]
2019-08-21 02:17:31,591 | INFO  | DNAudit | user=null | ip=null | op=WRITE_CHUNK {blockData=conID: 1 locID: 102652566007317081 bcsId: 3828} | ret=SUCCESS |  
2019-08-21 02:17:31,593 | INFO  | DNAudit | user=null | ip=null | op=WRITE_CHUNK {blockData=conID: 1 locID: 102652566007317081 bcsId: 3828} | ret=SUCCESS |  
2019-08-21 02:17:31,594 | INFO  | DNAudit | user=null | ip=null | op=WRITE_CHUNK {blockData=conID: 1 locID: 102652566007317081 bcsId: 3828} | ret=SUCCESS |  
2019-08-21 02:17:31,604 | INFO  | DNAudit | user=null | ip=null | op=WRITE_CHUNK {blockData=conID: 1 locID: 102652566007317081 bcsId: 3828} | ret=SUCCESS |  
2019-08-21 02:17:31,604 | INFO  | DNAudit | user=null | ip=null | op=PUT_BLOCK {blockData=[blockId=conID: 1 locID: 102652566007317081 bcsId: 0,size=3145728]} | ret=SUCCESS |  
2019-08-21 02:17:31,604 [grpc-default-executor-4] INFO  client.GrpcClientProtocolClient (GrpcClientProtocolClient.java:onNext(255)) - client-54CC064C3FCE->8224e767-71c1-41fc-a01a-d172d48fd9d8: receive RaftClientReply:client-54CC064C3FCE->8224e767-71c1-41fc-a01a-d172d48fd9d8@group-F6B37CC92441, cid=2581, SUCCESS, logIndex=3832, commits[8224e767-71c1-41fc-a01a-d172d48fd9d8:c3833, 6eae0c21-01aa-4169-956f-5952b26ea7ba:c3831, 8d7dcba1-3b82-4d94-a832-514ef5c79cf8:c3831]
2019-08-21 02:17:31,605 [grpc-default-executor-4] INFO  client.GrpcClientProtocolClient (GrpcClientProtocolClient.java:onNext(255)) - client-54CC064C3FCE->8224e767-71c1-41fc-a01a-d172d48fd9d8: receive RaftClientReply:client-54CC064C3FCE->8224e767-71c1-41fc-a01a-d172d48fd9d8@group-F6B37CC92441, cid=2582, SUCCESS, logIndex=3833, commits[8224e767-71c1-41fc-a01a-d172d48fd9d8:c3833, 6eae0c21-01aa-4169-956f-5952b26ea7ba:c3831, 8d7dcba1-3b82-4d94-a832-514ef5c79cf8:c3831]
2019-08-21 02:17:31,611 | INFO  | DNAudit | user=null | ip=null | op=WRITE_CHUNK {blockData=conID: 1 locID: 102652566007317081 bcsId: 3833} | ret=SUCCESS |  
2019-08-21 02:17:31,613 | INFO  | DNAudit | user=null | ip=null | op=WRITE_CHUNK {blockData=conID: 1 locID: 102652566007317081 bcsId: 3833} | ret=SUCCESS |  
2019-08-21 02:17:31,613 | INFO  | DNAudit | user=null | ip=null | op=WRITE_CHUNK {blockData=conID: 1 locID: 102652566007317081 bcsId: 3833} | ret=SUCCESS |  
2019-08-21 02:17:31,615 | INFO  | DNAudit | user=null | ip=null | op=WRITE_CHUNK {blockData=conID: 1 locID: 102652566007317081 bcsId: 3828} | ret=SUCCESS |  
2019-08-21 02:17:31,615 | INFO  | DNAudit | user=null | ip=null | op=WRITE_CHUNK {blockData=conID: 1 locID: 102652566007317081 bcsId: 3828} | ret=SUCCESS |  
2019-08-21 02:17:31,618 | INFO  | DNAudit | user=null | ip=null | op=PUT_BLOCK {blockData=[blockId=conID: 1 locID: 102652566007317081 bcsId: 0,size=3145728]} | ret=SUCCESS |  
2019-08-21 02:17:31,618 | INFO  | DNAudit | user=null | ip=null | op=PUT_BLOCK {blockData=[blockId=conID: 1 locID: 102652566007317081 bcsId: 0,size=3145728]} | ret=SUCCESS |  
2019-08-21 02:17:31,618 | INFO  | DNAudit | user=null | ip=null | op=WRITE_CHUNK {blockData=conID: 1 locID: 102652566007317081 bcsId: 3833} | ret=SUCCESS |  
2019-08-21 02:17:31,619 | INFO  | DNAudit | user=null | ip=null | op=PUT_BLOCK {blockData=[blockId=conID: 1 locID: 102652566007317081 bcsId: 0,size=4194304]} | ret=SUCCESS |  
2019-08-21 02:17:31,619 [grpc-default-executor-1] INFO  client.GrpcClientProtocolClient (GrpcClientProtocolClient.java:onNext(255)) - client-54CC064C3FCE->8224e767-71c1-41fc-a01a-d172d48fd9d8: receive RaftClientReply:client-54CC064C3FCE->8224e767-71c1-41fc-a01a-d172d48fd9d8@group-F6B37CC92441, cid=2583, SUCCESS, logIndex=3836, commits[8224e767-71c1-41fc-a01a-d172d48fd9d8:c3836, 6eae0c21-01aa-4169-956f-5952b26ea7ba:c3833, 8d7dcba1-3b82-4d94-a832-514ef5c79cf8:c3833]
2019-08-21 02:17:31,619 [grpc-default-executor-1] INFO  client.GrpcClientProtocolClient (GrpcClientProtocolClient.java:onNext(255)) - client-54CC064C3FCE->8224e767-71c1-41fc-a01a-d172d48fd9d8: receive RaftClientReply:client-54CC064C3FCE->8224e767-71c1-41fc-a01a-d172d48fd9d8@group-F6B37CC92441, cid=2584, SUCCESS, logIndex=3837, commits[8224e767-71c1-41fc-a01a-d172d48fd9d8:c3837, 6eae0c21-01aa-4169-956f-5952b26ea7ba:c3833, 8d7dcba1-3b82-4d94-a832-514ef5c79cf8:c3833]
2019-08-21 02:17:31,630 | INFO  | DNAudit | user=null | ip=null | op=WRITE_CHUNK {blockData=conID: 1 locID: 102652566007317081 bcsId: 3833} | ret=SUCCESS |  
2019-08-21 02:17:31,630 | INFO  | DNAudit | user=null | ip=null | op=WRITE_CHUNK {blockData=conID: 1 locID: 102652566007317081 bcsId: 3833} | ret=SUCCESS |  
2019-08-21 02:17:31,633 | INFO  | DNAudit | user=null | ip=null | op=PUT_BLOCK {blockData=[blockId=conID: 1 locID: 102652566007317081 bcsId: 0,size=4194304]} | ret=SUCCESS |  
2019-08-21 02:17:31,633 | INFO  | DNAudit | user=null | ip=null | op=PUT_BLOCK {blockData=[blockId=conID: 1 locID: 102652566007317081 bcsId: 0,size=4194304]} | ret=SUCCESS |  
2019-08-21 02:17:31,634 [grpc-default-executor-2] INFO  client.GrpcClientProtocolClient (GrpcClientProtocolClient.java:onNext(255)) - client-54CC064C3FCE->8224e767-71c1-41fc-a01a-d172d48fd9d8: receive RaftClientReply:client-54CC064C3FCE->8224e767-71c1-41fc-a01a-d172d48fd9d8@group-F6B37CC92441, cid=2585, SUCCESS, logIndex=0, commits[8224e767-71c1-41fc-a01a-d172d48fd9d8:c3839, 6eae0c21-01aa-4169-956f-5952b26ea7ba:c3837, 8d7dcba1-3b82-4d94-a832-514ef5c79cf8:c3837]
2019-08-21 02:17:31,639 | INFO  | SCMAudit | user=jenkins1000 | ip=192.168.34.10 | op=ALLOCATE_BLOCK {owner=b6f66289-f2a0-4058-b052-0a85e40df67b, size=4194304, type=RATIS, factor=THREE} | ret=SUCCESS |  
2019-08-21 02:17:31,643 | INFO  | OMAudit | user=jenkins1000 | ip=127.0.0.1 | op=ALLOCATE_BLOCK {volume=vol-0-90982, bucket=bucket-0-24269, key=key-0-81262, dataSize=0, replicationType=null, replicationFactor=null, keyLocationInfo=null, clientID=102652564580991378} | ret=SUCCESS |  
2019-08-21 02:17:31,649 | INFO  | DNAudit | user=null | ip=null | op=WRITE_CHUNK {blockData=conID: 2 locID: 102652566021014106 bcsId: 0} | ret=SUCCESS |  
2019-08-21 02:17:31,651 | INFO  | DNAudit | user=null | ip=null | op=WRITE_CHUNK {blockData=conID: 2 locID: 102652566021014106 bcsId: 0} | ret=SUCCESS |  
2019-08-21 02:17:31,652 | INFO  | DNAudit | user=null | ip=null | op=WRITE_CHUNK {blockData=conID: 2 locID: 102652566021014106 bcsId: 0} | ret=SUCCESS |  
2019-08-21 02:17:31,652 | INFO  | DNAudit | user=null | ip=null | op=WRITE_CHUNK {blockData=conID: 2 locID: 102652566021014106 bcsId: 0} | ret=SUCCESS |  
2019-08-21 02:17:31,653 | INFO  | DNAudit | user=null | ip=null | op=WRITE_CHUNK {blockData=conID: 2 locID: 102652566021014106 bcsId: 0} | ret=SUCCESS |  
2019-08-21 02:17:31,654 | INFO  | DNAudit | user=null | ip=null | op=WRITE_CHUNK {blockData=conID: 2 locID: 102652566021014106 bcsId: 0} | ret=SUCCESS |  
2019-08-21 02:17:31,664 | INFO  | DNAudit | user=null | ip=null | op=WRITE_CHUNK {blockData=conID: 2 locID: 102652566021014106 bcsId: 0} | ret=SUCCESS |  
2019-08-21 02:17:31,664 | INFO  | DNAudit | user=null | ip=null | op=PUT_BLOCK {blockData=[blockId=conID: 2 locID: 102652566021014106 bcsId: 0,size=1048576]} | ret=SUCCESS |  
2019-08-21 02:17:31,664 [grpc-default-executor-1] INFO  client.GrpcClientProtocolClient (GrpcClientProtocolClient.java:onNext(255)) - client-54CC064C3FCE->8224e767-71c1-41fc-a01a-d172d48fd9d8: receive RaftClientReply:client-54CC064C3FCE->8224e767-71c1-41fc-a01a-d172d48fd9d8@group-F6B37CC92441, cid=2586, SUCCESS, logIndex=3840, commits[8224e767-71c1-41fc-a01a-d172d48fd9d8:c3842, 6eae0c21-01aa-4169-956f-5952b26ea7ba:c3839, 8d7dcba1-3b82-4d94-a832-514ef5c79cf8:c3839]
2019-08-21 02:17:31,665 | INFO  | DNAudit | user=null | ip=null | op=WRITE_CHUNK {blockData=conID: 2 locID: 102652566021014106 bcsId: 0} | ret=SUCCESS |  
2019-08-21 02:17:31,665 [grpc-default-executor-1] INFO  client.GrpcClientProtocolClient (GrpcClientProtocolClient.java:onNext(255)) - client-54CC064C3FCE->8224e767-71c1-41fc-a01a-d172d48fd9d8: receive RaftClientReply:client-54CC064C3FCE->8224e767-71c1-41fc-a01a-d172d48fd9d8@group-F6B37CC92441, cid=2587, SUCCESS, logIndex=3841, commits[8224e767-71c1-41fc-a01a-d172d48fd9d8:c3843, 6eae0c21-01aa-4169-956f-5952b26ea7ba:c3839, 8d7dcba1-3b82-4d94-a832-514ef5c79cf8:c3839]
2019-08-21 02:17:31,665 | INFO  | DNAudit | user=null | ip=null | op=PUT_BLOCK {blockData=[blockId=conID: 2 locID: 102652566021014106 bcsId: 0,size=2097152]} | ret=SUCCESS |  
2019-08-21 02:17:31,665 [grpc-default-executor-1] INFO  client.GrpcClientProtocolClient (GrpcClientProtocolClient.java:onNext(255)) - client-54CC064C3FCE->8224e767-71c1-41fc-a01a-d172d48fd9d8: receive RaftClientReply:client-54CC064C3FCE->8224e767-71c1-41fc-a01a-d172d48fd9d8@group-F6B37CC92441, cid=2588, SUCCESS, logIndex=3842, commits[8224e767-71c1-41fc-a01a-d172d48fd9d8:c3843, 6eae0c21-01aa-4169-956f-5952b26ea7ba:c3839, 8d7dcba1-3b82-4d94-a832-514ef5c79cf8:c3839]
2019-08-21 02:17:31,665 [grpc-default-executor-1] INFO  client.GrpcClientProtocolClient (GrpcClientProtocolClient.java:onNext(255)) - client-54CC064C3FCE->8224e767-71c1-41fc-a01a-d172d48fd9d8: receive RaftClientReply:client-54CC064C3FCE->8224e767-71c1-41fc-a01a-d172d48fd9d8@group-F6B37CC92441, cid=2589, SUCCESS, logIndex=3843, commits[8224e767-71c1-41fc-a01a-d172d48fd9d8:c3843, 6eae0c21-01aa-4169-956f-5952b26ea7ba:c3839, 8d7dcba1-3b82-4d94-a832-514ef5c79cf8:c3839]
2019-08-21 02:17:31,675 | INFO  | DNAudit | user=null | ip=null | op=WRITE_CHUNK {blockData=conID: 2 locID: 102652566021014106 bcsId: 0} | ret=SUCCESS |  
2019-08-21 02:17:31,675 | INFO  | DNAudit | user=null | ip=null | op=WRITE_CHUNK {blockData=conID: 2 locID: 102652566021014106 bcsId: 0} | ret=SUCCESS |  
2019-08-21 02:17:31,675 | INFO  | DNAudit | user=null | ip=null | op=PUT_BLOCK {blockData=[blockId=conID: 2 locID: 102652566021014106 bcsId: 0,size=1048576]} | ret=SUCCESS |  
2019-08-21 02:17:31,675 | INFO  | DNAudit | user=null | ip=null | op=PUT_BLOCK {blockData=[blockId=conID: 2 locID: 102652566021014106 bcsId: 0,size=1048576]} | ret=SUCCESS |  
2019-08-21 02:17:31,676 [grpc-default-executor-3] INFO  client.GrpcClientProtocolClient (GrpcClientProtocolClient.java:onNext(255)) - client-54CC064C3FCE->8224e767-71c1-41fc-a01a-d172d48fd9d8: receive RaftClientReply:client-54CC064C3FCE->8224e767-71c1-41fc-a01a-d172d48fd9d8@group-F6B37CC92441, cid=2590, SUCCESS, logIndex=0, commits[8224e767-71c1-41fc-a01a-d172d48fd9d8:c3844, 6eae0c21-01aa-4169-956f-5952b26ea7ba:c3841, 8d7dcba1-3b82-4d94-a832-514ef5c79cf8:c3841]
2019-08-21 02:17:31,677 | INFO  | DNAudit | user=null | ip=null | op=WRITE_CHUNK {blockData=conID: 2 locID: 102652566021014106 bcsId: 0} | ret=SUCCESS |  
2019-08-21 02:17:31,677 | INFO  | DNAudit | user=null | ip=null | op=PUT_BLOCK {blockData=[blockId=conID: 2 locID: 102652566021014106 bcsId: 0,size=2097152]} | ret=SUCCESS |  
2019-08-21 02:17:31,677 | INFO  | DNAudit | user=null | ip=null | op=WRITE_CHUNK {blockData=conID: 2 locID: 102652566021014106 bcsId: 0} | ret=SUCCESS |  
2019-08-21 02:17:31,677 | INFO  | DNAudit | user=null | ip=null | op=PUT_BLOCK {blockData=[blockId=conID: 2 locID: 102652566021014106 bcsId: 0,size=2097152]} | ret=SUCCESS |  
2019-08-21 02:17:31,682 | INFO  | DNAudit | user=null | ip=null | op=WRITE_CHUNK {blockData=conID: 2 locID: 102652566021014106 bcsId: 3843} | ret=SUCCESS |  
2019-08-21 02:17:31,685 | INFO  | DNAudit | user=null | ip=null | op=WRITE_CHUNK {blockData=conID: 2 locID: 102652566021014106 bcsId: 3843} | ret=SUCCESS |  
2019-08-21 02:17:31,685 | INFO  | DNAudit | user=null | ip=null | op=WRITE_CHUNK {blockData=conID: 2 locID: 102652566021014106 bcsId: 3843} | ret=SUCCESS |  
2019-08-21 02:17:31,695 | INFO  | DNAudit | user=null | ip=null | op=WRITE_CHUNK {blockData=conID: 2 locID: 102652566021014106 bcsId: 3843} | ret=SUCCESS |  
2019-08-21 02:17:31,695 | INFO  | DNAudit | user=null | ip=null | op=PUT_BLOCK {blockData=[blockId=conID: 2 locID: 102652566021014106 bcsId: 0,size=3145728]} | ret=SUCCESS |  
2019-08-21 02:17:31,695 [grpc-default-executor-4] INFO  client.GrpcClientProtocolClient (GrpcClientProtocolClient.java:onNext(255)) - client-54CC064C3FCE->8224e767-71c1-41fc-a01a-d172d48fd9d8: receive RaftClientReply:client-54CC064C3FCE->8224e767-71c1-41fc-a01a-d172d48fd9d8@group-F6B37CC92441, cid=2591, SUCCESS, logIndex=3848, commits[8224e767-71c1-41fc-a01a-d172d48fd9d8:c3849, 6eae0c21-01aa-4169-956f-5952b26ea7ba:c3847, 8d7dcba1-3b82-4d94-a832-514ef5c79cf8:c3847]
2019-08-21 02:17:31,696 [grpc-default-executor-4] INFO  client.GrpcClientProtocolClient (GrpcClientProtocolClient.java:onNext(255)) - client-54CC064C3FCE->8224e767-71c1-41fc-a01a-d172d48fd9d8: receive RaftClientReply:client-54CC064C3FCE->8224e767-71c1-41fc-a01a-d172d48fd9d8@group-F6B37CC92441, cid=2592, SUCCESS, logIndex=3849, commits[8224e767-71c1-41fc-a01a-d172d48fd9d8:c3849, 6eae0c21-01aa-4169-956f-5952b26ea7ba:c3847, 8d7dcba1-3b82-4d94-a832-514ef5c79cf8:c3847]
2019-08-21 02:17:31,702 | INFO  | DNAudit | user=null | ip=null | op=WRITE_CHUNK {blockData=conID: 2 locID: 102652566021014106 bcsId: 3849} | ret=SUCCESS |  
2019-08-21 02:17:31,704 | INFO  | DNAudit | user=null | ip=null | op=WRITE_CHUNK {blockData=conID: 2 locID: 102652566021014106 bcsId: 3849} | ret=SUCCESS |  
2019-08-21 02:17:31,704 | INFO  | DNAudit | user=null | ip=null | op=WRITE_CHUNK {blockData=conID: 2 locID: 102652566021014106 bcsId: 3849} | ret=SUCCESS |  
2019-08-21 02:17:31,707 | INFO  | DNAudit | user=null | ip=null | op=WRITE_CHUNK {blockData=conID: 2 locID: 102652566021014106 bcsId: 3843} | ret=SUCCESS |  
2019-08-21 02:17:31,707 | INFO  | DNAudit | user=null | ip=null | op=WRITE_CHUNK {blockData=conID: 2 locID: 102652566021014106 bcsId: 3843} | ret=SUCCESS |  
2019-08-21 02:17:31,707 | INFO  | DNAudit | user=null | ip=null | op=PUT_BLOCK {blockData=[blockId=conID: 2 locID: 102652566021014106 bcsId: 0,size=3145728]} | ret=SUCCESS |  
2019-08-21 02:17:31,707 | INFO  | DNAudit | user=null | ip=null | op=PUT_BLOCK {blockData=[blockId=conID: 2 locID: 102652566021014106 bcsId: 0,size=3145728]} | ret=SUCCESS |  
2019-08-21 02:17:31,708 | INFO  | DNAudit | user=null | ip=null | op=WRITE_CHUNK {blockData=conID: 2 locID: 102652566021014106 bcsId: 3849} | ret=SUCCESS |  
2019-08-21 02:17:31,709 | INFO  | DNAudit | user=null | ip=null | op=PUT_BLOCK {blockData=[blockId=conID: 2 locID: 102652566021014106 bcsId: 0,size=4194304]} | ret=SUCCESS |  
2019-08-21 02:17:31,709 [grpc-default-executor-4] INFO  client.GrpcClientProtocolClient (GrpcClientProtocolClient.java:onNext(255)) - client-54CC064C3FCE->8224e767-71c1-41fc-a01a-d172d48fd9d8: receive RaftClientReply:client-54CC064C3FCE->8224e767-71c1-41fc-a01a-d172d48fd9d8@group-F6B37CC92441, cid=2593, SUCCESS, logIndex=3852, commits[8224e767-71c1-41fc-a01a-d172d48fd9d8:c3853, 6eae0c21-01aa-4169-956f-5952b26ea7ba:c3849, 8d7dcba1-3b82-4d94-a832-514ef5c79cf8:c3849]
2019-08-21 02:17:31,709 [grpc-default-executor-4] INFO  client.GrpcClientProtocolClient (GrpcClientProtocolClient.java:onNext(255)) - client-54CC064C3FCE->8224e767-71c1-41fc-a01a-d172d48fd9d8: receive RaftClientReply:client-54CC064C3FCE->8224e767-71c1-41fc-a01a-d172d48fd9d8@group-F6B37CC92441, cid=2594, SUCCESS, logIndex=3853, commits[8224e767-71c1-41fc-a01a-d172d48fd9d8:c3853, 6eae0c21-01aa-4169-956f-5952b26ea7ba:c3849, 8d7dcba1-3b82-4d94-a832-514ef5c79cf8:c3849]
2019-08-21 02:17:31,720 | INFO  | DNAudit | user=null | ip=null | op=WRITE_CHUNK {blockData=conID: 2 locID: 102652566021014106 bcsId: 3849} | ret=SUCCESS |  
2019-08-21 02:17:31,720 | INFO  | DNAudit | user=null | ip=null | op=WRITE_CHUNK {blockData=conID: 2 locID: 102652566021014106 bcsId: 3849} | ret=SUCCESS |  
2019-08-21 02:17:31,723 | INFO  | DNAudit | user=null | ip=null | op=PUT_BLOCK {blockData=[blockId=conID: 2 locID: 102652566021014106 bcsId: 0,size=4194304]} | ret=SUCCESS |  
2019-08-21 02:17:31,723 | INFO  | DNAudit | user=null | ip=null | op=PUT_BLOCK {blockData=[blockId=conID: 2 locID: 102652566021014106 bcsId: 0,size=4194304]} | ret=SUCCESS |  
2019-08-21 02:17:31,723 [grpc-default-executor-4] INFO  client.GrpcClientProtocolClient (GrpcClientProtocolClient.java:onNext(255)) - client-54CC064C3FCE->8224e767-71c1-41fc-a01a-d172d48fd9d8: receive RaftClientReply:client-54CC064C3FCE->8224e767-71c1-41fc-a01a-d172d48fd9d8@group-F6B37CC92441, cid=2595, SUCCESS, logIndex=0, commits[8224e767-71c1-41fc-a01a-d172d48fd9d8:c3855, 6eae0c21-01aa-4169-956f-5952b26ea7ba:c3853, 8d7dcba1-3b82-4d94-a832-514ef5c79cf8:c3853]
2019-08-21 02:17:31,729 | INFO  | SCMAudit | user=jenkins1000 | ip=192.168.34.10 | op=ALLOCATE_BLOCK {owner=b6f66289-f2a0-4058-b052-0a85e40df67b, size=4194304, type=RATIS, factor=THREE} | ret=SUCCESS |  
2019-08-21 02:17:31,732 | INFO  | OMAudit | user=jenkins1000 | ip=127.0.0.1 | op=ALLOCATE_BLOCK {volume=vol-0-90982, bucket=bucket-0-24269, key=key-0-81262, dataSize=0, replicationType=null, replicationFactor=null, keyLocationInfo=null, clientID=102652564580991378} | ret=SUCCESS |  
2019-08-21 02:17:31,739 | INFO  | DNAudit | user=null | ip=null | op=WRITE_CHUNK {blockData=conID: 3 locID: 102652566026912347 bcsId: 0} | ret=SUCCESS |  
2019-08-21 02:17:31,742 | INFO  | DNAudit | user=null | ip=null | op=WRITE_CHUNK {blockData=conID: 3 locID: 102652566026912347 bcsId: 0} | ret=SUCCESS |  
2019-08-21 02:17:31,742 | INFO  | DNAudit | user=null | ip=null | op=WRITE_CHUNK {blockData=conID: 3 locID: 102652566026912347 bcsId: 0} | ret=SUCCESS |  
2019-08-21 02:17:31,743 | INFO  | DNAudit | user=null | ip=null | op=WRITE_CHUNK {blockData=conID: 3 locID: 102652566026912347 bcsId: 0} | ret=SUCCESS |  
2019-08-21 02:17:31,745 | INFO  | DNAudit | user=null | ip=null | op=WRITE_CHUNK {blockData=conID: 3 locID: 102652566026912347 bcsId: 0} | ret=SUCCESS |  
2019-08-21 02:17:31,745 | INFO  | DNAudit | user=null | ip=null | op=WRITE_CHUNK {blockData=conID: 3 locID: 102652566026912347 bcsId: 0} | ret=SUCCESS |  
2019-08-21 02:17:31,752 | INFO  | DNAudit | user=null | ip=null | op=WRITE_CHUNK {blockData=conID: 3 locID: 102652566026912347 bcsId: 0} | ret=SUCCESS |  
2019-08-21 02:17:31,753 | INFO  | DNAudit | user=null | ip=null | op=PUT_BLOCK {blockData=[blockId=conID: 3 locID: 102652566026912347 bcsId: 0,size=1048576]} | ret=SUCCESS |  
2019-08-21 02:17:31,753 [grpc-default-executor-1] INFO  client.GrpcClientProtocolClient (GrpcClientProtocolClient.java:onNext(255)) - client-54CC064C3FCE->8224e767-71c1-41fc-a01a-d172d48fd9d8: receive RaftClientReply:client-54CC064C3FCE->8224e767-71c1-41fc-a01a-d172d48fd9d8@group-F6B37CC92441, cid=2596, SUCCESS, logIndex=3856, commits[8224e767-71c1-41fc-a01a-d172d48fd9d8:c3857, 6eae0c21-01aa-4169-956f-5952b26ea7ba:c3855, 8d7dcba1-3b82-4d94-a832-514ef5c79cf8:c3855]
2019-08-21 02:17:31,753 [grpc-default-executor-1] INFO  client.GrpcClientProtocolClient (GrpcClientProtocolClient.java:onNext(255)) - client-54CC064C3FCE->8224e767-71c1-41fc-a01a-d172d48fd9d8: receive RaftClientReply:client-54CC064C3FCE->8224e767-71c1-41fc-a01a-d172d48fd9d8@group-F6B37CC92441, cid=2597, SUCCESS, logIndex=3857, commits[8224e767-71c1-41fc-a01a-d172d48fd9d8:c3857, 6eae0c21-01aa-4169-956f-5952b26ea7ba:c3855, 8d7dcba1-3b82-4d94-a832-514ef5c79cf8:c3855]
2019-08-21 02:17:31,763 | INFO  | DNAudit | user=null | ip=null | op=WRITE_CHUNK {blockData=conID: 3 locID: 102652566026912347 bcsId: 0} | ret=SUCCESS |  
2019-08-21 02:17:31,764 | INFO  | DNAudit | user=null | ip=null | op=WRITE_CHUNK {blockData=conID: 3 locID: 102652566026912347 bcsId: 0} | ret=SUCCESS |  
2019-08-21 02:17:31,764 | INFO  | DNAudit | user=null | ip=null | op=PUT_BLOCK {blockData=[blockId=conID: 3 locID: 102652566026912347 bcsId: 0,size=2097152]} | ret=SUCCESS |  
2019-08-21 02:17:31,764 | INFO  | DNAudit | user=null | ip=null | op=WRITE_CHUNK {blockData=conID: 3 locID: 102652566026912347 bcsId: 0} | ret=SUCCESS |  
2019-08-21 02:17:31,764 [grpc-default-executor-4] INFO  client.GrpcClientProtocolClient (GrpcClientProtocolClient.java:onNext(255)) - client-54CC064C3FCE->8224e767-71c1-41fc-a01a-d172d48fd9d8: receive RaftClientReply:client-54CC064C3FCE->8224e767-71c1-41fc-a01a-d172d48fd9d8@group-F6B37CC92441, cid=2598, SUCCESS, logIndex=3858, commits[8224e767-71c1-41fc-a01a-d172d48fd9d8:c3859, 6eae0c21-01aa-4169-956f-5952b26ea7ba:c3855, 8d7dcba1-3b82-4d94-a832-514ef5c79cf8:c3855]
2019-08-21 02:17:31,764 | INFO  | DNAudit | user=null | ip=null | op=PUT_BLOCK {blockData=[blockId=conID: 3 locID: 102652566026912347 bcsId: 0,size=1048576]} | ret=SUCCESS |  
2019-08-21 02:17:31,765 | INFO  | DNAudit | user=null | ip=null | op=PUT_BLOCK {blockData=[blockId=conID: 3 locID: 102652566026912347 bcsId: 0,size=1048576]} | ret=SUCCESS |  
2019-08-21 02:17:31,765 [grpc-default-executor-4] INFO  client.GrpcClientProtocolClient (GrpcClientProtocolClient.java:onNext(255)) - client-54CC064C3FCE->8224e767-71c1-41fc-a01a-d172d48fd9d8: receive RaftClientReply:client-54CC064C3FCE->8224e767-71c1-41fc-a01a-d172d48fd9d8@group-F6B37CC92441, cid=2599, SUCCESS, logIndex=3859, commits[8224e767-71c1-41fc-a01a-d172d48fd9d8:c3861, 6eae0c21-01aa-4169-956f-5952b26ea7ba:c3857, 8d7dcba1-3b82-4d94-a832-514ef5c79cf8:c3855]
2019-08-21 02:17:31,765 [grpc-default-executor-4] INFO  client.GrpcClientProtocolClient (GrpcClientProtocolClient.java:onNext(255)) - client-54CC064C3FCE->8224e767-71c1-41fc-a01a-d172d48fd9d8: receive RaftClientReply:client-54CC064C3FCE->8224e767-71c1-41fc-a01a-d172d48fd9d8@group-F6B37CC92441, cid=2600, SUCCESS, logIndex=0, commits[8224e767-71c1-41fc-a01a-d172d48fd9d8:c3861, 6eae0c21-01aa-4169-956f-5952b26ea7ba:c3857, 8d7dcba1-3b82-4d94-a832-514ef5c79cf8:c3857]
2019-08-21 02:17:31,766 | INFO  | DNAudit | user=null | ip=null | op=WRITE_CHUNK {blockData=conID: 3 locID: 102652566026912347 bcsId: 0} | ret=SUCCESS |  
2019-08-21 02:17:31,767 | INFO  | DNAudit | user=null | ip=null | op=PUT_BLOCK {blockData=[blockId=conID: 3 locID: 102652566026912347 bcsId: 0,size=2097152]} | ret=SUCCESS |  
2019-08-21 02:17:31,768 | INFO  | DNAudit | user=null | ip=null | op=WRITE_CHUNK {blockData=conID: 3 locID: 102652566026912347 bcsId: 0} | ret=SUCCESS |  
2019-08-21 02:17:31,768 | INFO  | DNAudit | user=null | ip=null | op=PUT_BLOCK {blockData=[blockId=conID: 3 locID: 102652566026912347 bcsId: 0,size=2097152]} | ret=SUCCESS |  
2019-08-21 02:17:31,773 | INFO  | DNAudit | user=null | ip=null | op=WRITE_CHUNK {blockData=conID: 3 locID: 102652566026912347 bcsId: 3859} | ret=SUCCESS |  
2019-08-21 02:17:31,775 | INFO  | DNAudit | user=null | ip=null | op=WRITE_CHUNK {blockData=conID: 3 locID: 102652566026912347 bcsId: 3859} | ret=SUCCESS |  
2019-08-21 02:17:31,776 | INFO  | DNAudit | user=null | ip=null | op=WRITE_CHUNK {blockData=conID: 3 locID: 102652566026912347 bcsId: 3859} | ret=SUCCESS |  
2019-08-21 02:17:31,778 | INFO  | DNAudit | user=null | ip=null | op=WRITE_CHUNK {blockData=conID: 3 locID: 102652566026912347 bcsId: 3859} | ret=SUCCESS |  
2019-08-21 02:17:31,779 | INFO  | DNAudit | user=null | ip=null | op=PUT_BLOCK {blockData=[blockId=conID: 3 locID: 102652566026912347 bcsId: 0,size=3145728]} | ret=SUCCESS |  
2019-08-21 02:17:31,779 [grpc-default-executor-1] INFO  client.GrpcClientProtocolClient (GrpcClientProtocolClient.java:onNext(255)) - client-54CC064C3FCE->8224e767-71c1-41fc-a01a-d172d48fd9d8: receive RaftClientReply:client-54CC064C3FCE->8224e767-71c1-41fc-a01a-d172d48fd9d8@group-F6B37CC92441, cid=2601, SUCCESS, logIndex=3864, commits[8224e767-71c1-41fc-a01a-d172d48fd9d8:c3865, 6eae0c21-01aa-4169-956f-5952b26ea7ba:c3863, 8d7dcba1-3b82-4d94-a832-514ef5c79cf8:c3863]
2019-08-21 02:17:31,779 [grpc-default-executor-1] INFO  client.GrpcClientProtocolClient (GrpcClientProtocolClient.java:onNext(255)) - client-54CC064C3FCE->8224e767-71c1-41fc-a01a-d172d48fd9d8: receive RaftClientReply:client-54CC064C3FCE->8224e767-71c1-41fc-a01a-d172d48fd9d8@group-F6B37CC92441, cid=2602, SUCCESS, logIndex=3865, commits[8224e767-71c1-41fc-a01a-d172d48fd9d8:c3865, 6eae0c21-01aa-4169-956f-5952b26ea7ba:c3863, 8d7dcba1-3b82-4d94-a832-514ef5c79cf8:c3863]
2019-08-21 02:17:31,780 | INFO  | DNAudit | user=null | ip=null | op=WRITE_CHUNK {blockData=conID: 3 locID: 102652566026912347 bcsId: 3859} | ret=SUCCESS |  
2019-08-21 02:17:31,780 | INFO  | DNAudit | user=null | ip=null | op=WRITE_CHUNK {blockData=conID: 3 locID: 102652566026912347 bcsId: 3859} | ret=SUCCESS |  
2019-08-21 02:17:31,780 | INFO  | DNAudit | user=null | ip=null | op=PUT_BLOCK {blockData=[blockId=conID: 3 locID: 102652566026912347 bcsId: 0,size=3145728]} | ret=SUCCESS |  
2019-08-21 02:17:31,780 | INFO  | DNAudit | user=null | ip=null | op=PUT_BLOCK {blockData=[blockId=conID: 3 locID: 102652566026912347 bcsId: 0,size=3145728]} | ret=SUCCESS |  
2019-08-21 02:17:31,786 | INFO  | DNAudit | user=null | ip=null | op=WRITE_CHUNK {blockData=conID: 3 locID: 102652566026912347 bcsId: 3865} | ret=SUCCESS |  
2019-08-21 02:17:31,787 | INFO  | DNAudit | user=null | ip=null | op=WRITE_CHUNK {blockData=conID: 3 locID: 102652566026912347 bcsId: 3865} | ret=SUCCESS |  
2019-08-21 02:17:31,788 | INFO  | DNAudit | user=null | ip=null | op=WRITE_CHUNK {blockData=conID: 3 locID: 102652566026912347 bcsId: 3865} | ret=SUCCESS |  
2019-08-21 02:17:31,790 | INFO  | DNAudit | user=null | ip=null | op=WRITE_CHUNK {blockData=conID: 3 locID: 102652566026912347 bcsId: 3865} | ret=SUCCESS |  
2019-08-21 02:17:31,790 | INFO  | DNAudit | user=null | ip=null | op=PUT_BLOCK {blockData=[blockId=conID: 3 locID: 102652566026912347 bcsId: 0,size=4194304]} | ret=SUCCESS |  
2019-08-21 02:17:31,790 [grpc-default-executor-1] INFO  client.GrpcClientProtocolClient (GrpcClientProtocolClient.java:onNext(255)) - client-54CC064C3FCE->8224e767-71c1-41fc-a01a-d172d48fd9d8: receive RaftClientReply:client-54CC064C3FCE->8224e767-71c1-41fc-a01a-d172d48fd9d8@group-F6B37CC92441, cid=2603, SUCCESS, logIndex=3868, commits[8224e767-71c1-41fc-a01a-d172d48fd9d8:c3869, 6eae0c21-01aa-4169-956f-5952b26ea7ba:c3867, 8d7dcba1-3b82-4d94-a832-514ef5c79cf8:c3867]
2019-08-21 02:17:31,791 [grpc-default-executor-1] INFO  client.GrpcClientProtocolClient (GrpcClientProtocolClient.java:onNext(255)) - client-54CC064C3FCE->8224e767-71c1-41fc-a01a-d172d48fd9d8: receive RaftClientReply:client-54CC064C3FCE->8224e767-71c1-41fc-a01a-d172d48fd9d8@group-F6B37CC92441, cid=2604, SUCCESS, logIndex=3869, commits[8224e767-71c1-41fc-a01a-d172d48fd9d8:c3869, 6eae0c21-01aa-4169-956f-5952b26ea7ba:c3867, 8d7dcba1-3b82-4d94-a832-514ef5c79cf8:c3867]
2019-08-21 02:17:31,791 | INFO  | DNAudit | user=null | ip=null | op=WRITE_CHUNK {blockData=conID: 3 locID: 102652566026912347 bcsId: 3865} | ret=SUCCESS |  
2019-08-21 02:17:31,791 | INFO  | DNAudit | user=null | ip=null | op=WRITE_CHUNK {blockData=conID: 3 locID: 102652566026912347 bcsId: 3865} | ret=SUCCESS |  
2019-08-21 02:17:31,791 | INFO  | DNAudit | user=null | ip=null | op=PUT_BLOCK {blockData=[blockId=conID: 3 locID: 102652566026912347 bcsId: 0,size=4194304]} | ret=SUCCESS |  
2019-08-21 02:17:31,791 | INFO  | DNAudit | user=null | ip=null | op=PUT_BLOCK {blockData=[blockId=conID: 3 locID: 102652566026912347 bcsId: 0,size=4194304]} | ret=SUCCESS |  
2019-08-21 02:17:31,792 [grpc-default-executor-4] INFO  client.GrpcClientProtocolClient (GrpcClientProtocolClient.java:onNext(255)) - client-54CC064C3FCE->8224e767-71c1-41fc-a01a-d172d48fd9d8: receive RaftClientReply:client-54CC064C3FCE->8224e767-71c1-41fc-a01a-d172d48fd9d8@group-F6B37CC92441, cid=2605, SUCCESS, logIndex=0, commits[8224e767-71c1-41fc-a01a-d172d48fd9d8:c3870, 6eae0c21-01aa-4169-956f-5952b26ea7ba:c3869, 8d7dcba1-3b82-4d94-a832-514ef5c79cf8:c3869]
2019-08-21 02:17:31,798 | INFO  | SCMAudit | user=jenkins1000 | ip=192.168.34.10 | op=ALLOCATE_BLOCK {owner=b6f66289-f2a0-4058-b052-0a85e40df67b, size=4194304, type=RATIS, factor=THREE} | ret=SUCCESS |  
2019-08-21 02:17:31,802 | INFO  | OMAudit | user=jenkins1000 | ip=127.0.0.1 | op=ALLOCATE_BLOCK {volume=vol-0-90982, bucket=bucket-0-24269, key=key-0-81262, dataSize=0, replicationType=null, replicationFactor=null, keyLocationInfo=null, clientID=102652564580991378} | ret=SUCCESS |  
2019-08-21 02:17:31,809 | INFO  | DNAudit | user=null | ip=null | op=WRITE_CHUNK {blockData=conID: 1 locID: 102652566031434332 bcsId: 0} | ret=SUCCESS |  
2019-08-21 02:17:31,811 | INFO  | DNAudit | user=null | ip=null | op=WRITE_CHUNK {blockData=conID: 1 locID: 102652566031434332 bcsId: 0} | ret=SUCCESS |  
2019-08-21 02:17:31,812 | INFO  | DNAudit | user=null | ip=null | op=WRITE_CHUNK {blockData=conID: 1 locID: 102652566031434332 bcsId: 0} | ret=SUCCESS |  
2019-08-21 02:17:31,812 | INFO  | DNAudit | user=null | ip=null | op=WRITE_CHUNK {blockData=conID: 1 locID: 102652566031434332 bcsId: 0} | ret=SUCCESS |  
2019-08-21 02:17:31,814 | INFO  | DNAudit | user=null | ip=null | op=WRITE_CHUNK {blockData=conID: 1 locID: 102652566031434332 bcsId: 0} | ret=SUCCESS |  
2019-08-21 02:17:31,814 | INFO  | DNAudit | user=null | ip=null | op=WRITE_CHUNK {blockData=conID: 1 locID: 102652566031434332 bcsId: 0} | ret=SUCCESS |  
2019-08-21 02:17:31,833 | INFO  | DNAudit | user=null | ip=null | op=WRITE_CHUNK {blockData=conID: 1 locID: 102652566031434332 bcsId: 0} | ret=SUCCESS |  
2019-08-21 02:17:31,834 | INFO  | DNAudit | user=null | ip=null | op=PUT_BLOCK {blockData=[blockId=conID: 1 locID: 102652566031434332 bcsId: 0,size=1048576]} | ret=SUCCESS |  
2019-08-21 02:17:31,834 [grpc-default-executor-4] INFO  client.GrpcClientProtocolClient (GrpcClientProtocolClient.java:onNext(255)) - client-54CC064C3FCE->8224e767-71c1-41fc-a01a-d172d48fd9d8: receive RaftClientReply:client-54CC064C3FCE->8224e767-71c1-41fc-a01a-d172d48fd9d8@group-F6B37CC92441, cid=2606, SUCCESS, logIndex=3872, commits[8224e767-71c1-41fc-a01a-d172d48fd9d8:c3873, 6eae0c21-01aa-4169-956f-5952b26ea7ba:c3871, 8d7dcba1-3b82-4d94-a832-514ef5c79cf8:c3871]
2019-08-21 02:17:31,834 [grpc-default-executor-4] INFO  client.GrpcClientProtocolClient (GrpcClientProtocolClient.java:onNext(255)) - client-54CC064C3FCE->8224e767-71c1-41fc-a01a-d172d48fd9d8: receive RaftClientReply:client-54CC064C3FCE->8224e767-71c1-41fc-a01a-d172d48fd9d8@group-F6B37CC92441, cid=2607, SUCCESS, logIndex=3873, commits[8224e767-71c1-41fc-a01a-d172d48fd9d8:c3873, 6eae0c21-01aa-4169-956f-5952b26ea7ba:c3871, 8d7dcba1-3b82-4d94-a832-514ef5c79cf8:c3871]
2019-08-21 02:17:31,844 | INFO  | DNAudit | user=null | ip=null | op=WRITE_CHUNK {blockData=conID: 1 locID: 102652566031434332 bcsId: 0} | ret=SUCCESS |  
2019-08-21 02:17:31,845 | INFO  | DNAudit | user=null | ip=null | op=PUT_BLOCK {blockData=[blockId=conID: 1 locID: 102652566031434332 bcsId: 0,size=2097152]} | ret=SUCCESS |  
2019-08-21 02:17:31,845 | INFO  | DNAudit | user=null | ip=null | op=WRITE_CHUNK {blockData=conID: 1 locID: 102652566031434332 bcsId: 0} | ret=SUCCESS |  
2019-08-21 02:17:31,845 [grpc-default-executor-3] INFO  client.GrpcClientProtocolClient (GrpcClientProtocolClient.java:onNext(255)) - client-54CC064C3FCE->8224e767-71c1-41fc-a01a-d172d48fd9d8: receive RaftClientReply:client-54CC064C3FCE->8224e767-71c1-41fc-a01a-d172d48fd9d8@group-F6B37CC92441, cid=2608, SUCCESS, logIndex=3874, commits[8224e767-71c1-41fc-a01a-d172d48fd9d8:c3875, 6eae0c21-01aa-4169-956f-5952b26ea7ba:c3871, 8d7dcba1-3b82-4d94-a832-514ef5c79cf8:c3871]
2019-08-21 02:17:31,845 | INFO  | DNAudit | user=null | ip=null | op=PUT_BLOCK {blockData=[blockId=conID: 1 locID: 102652566031434332 bcsId: 0,size=1048576]} | ret=SUCCESS |  
2019-08-21 02:17:31,845 [grpc-default-executor-3] INFO  client.GrpcClientProtocolClient (GrpcClientProtocolClient.java:onNext(255)) - client-54CC064C3FCE->8224e767-71c1-41fc-a01a-d172d48fd9d8: receive RaftClientReply:client-54CC064C3FCE->8224e767-71c1-41fc-a01a-d172d48fd9d8@group-F6B37CC92441, cid=2609, SUCCESS, logIndex=3875, commits[8224e767-71c1-41fc-a01a-d172d48fd9d8:c3875, 6eae0c21-01aa-4169-956f-5952b26ea7ba:c3871, 8d7dcba1-3b82-4d94-a832-514ef5c79cf8:c3871]
2019-08-21 02:17:31,847 | INFO  | DNAudit | user=null | ip=null | op=WRITE_CHUNK {blockData=conID: 1 locID: 102652566031434332 bcsId: 0} | ret=SUCCESS |  
2019-08-21 02:17:31,847 | INFO  | DNAudit | user=null | ip=null | op=PUT_BLOCK {blockData=[blockId=conID: 1 locID: 102652566031434332 bcsId: 0,size=1048576]} | ret=SUCCESS |  
2019-08-21 02:17:31,848 [grpc-default-executor-3] INFO  client.GrpcClientProtocolClient (GrpcClientProtocolClient.java:onNext(255)) - client-54CC064C3FCE->8224e767-71c1-41fc-a01a-d172d48fd9d8: receive RaftClientReply:client-54CC064C3FCE->8224e767-71c1-41fc-a01a-d172d48fd9d8@group-F6B37CC92441, cid=2610, SUCCESS, logIndex=0, commits[8224e767-71c1-41fc-a01a-d172d48fd9d8:c3877, 6eae0c21-01aa-4169-956f-5952b26ea7ba:c3873, 8d7dcba1-3b82-4d94-a832-514ef5c79cf8:c3873]
2019-08-21 02:17:31,855 | INFO  | DNAudit | user=null | ip=null | op=WRITE_CHUNK {blockData=conID: 1 locID: 102652566031434332 bcsId: 3875} | ret=SUCCESS |  
2019-08-21 02:17:31,857 | INFO  | DNAudit | user=null | ip=null | op=WRITE_CHUNK {blockData=conID: 1 locID: 102652566031434332 bcsId: 3875} | ret=SUCCESS |  
2019-08-21 02:17:31,857 | INFO  | DNAudit | user=null | ip=null | op=WRITE_CHUNK {blockData=conID: 1 locID: 102652566031434332 bcsId: 3875} | ret=SUCCESS |  
2019-08-21 02:17:31,858 | INFO  | DNAudit | user=null | ip=null | op=WRITE_CHUNK {blockData=conID: 1 locID: 102652566031434332 bcsId: 0} | ret=SUCCESS |  
2019-08-21 02:17:31,858 | INFO  | DNAudit | user=null | ip=null | op=PUT_BLOCK {blockData=[blockId=conID: 1 locID: 102652566031434332 bcsId: 0,size=2097152]} | ret=SUCCESS |  
2019-08-21 02:17:31,858 | INFO  | DNAudit | user=null | ip=null | op=WRITE_CHUNK {blockData=conID: 1 locID: 102652566031434332 bcsId: 0} | ret=SUCCESS |  
2019-08-21 02:17:31,859 | INFO  | DNAudit | user=null | ip=null | op=PUT_BLOCK {blockData=[blockId=conID: 1 locID: 102652566031434332 bcsId: 0,size=2097152]} | ret=SUCCESS |  
2019-08-21 02:17:31,859 | INFO  | DNAudit | user=null | ip=null | op=WRITE_CHUNK {blockData=conID: 1 locID: 102652566031434332 bcsId: 3875} | ret=SUCCESS |  
2019-08-21 02:17:31,860 | INFO  | DNAudit | user=null | ip=null | op=PUT_BLOCK {blockData=[blockId=conID: 1 locID: 102652566031434332 bcsId: 0,size=3145728]} | ret=SUCCESS |  
2019-08-21 02:17:31,860 [grpc-default-executor-3] INFO  client.GrpcClientProtocolClient (GrpcClientProtocolClient.java:onNext(255)) - client-54CC064C3FCE->8224e767-71c1-41fc-a01a-d172d48fd9d8: receive RaftClientReply:client-54CC064C3FCE->8224e767-71c1-41fc-a01a-d172d48fd9d8@group-F6B37CC92441, cid=2611, SUCCESS, logIndex=3880, commits[8224e767-71c1-41fc-a01a-d172d48fd9d8:c3881, 6eae0c21-01aa-4169-956f-5952b26ea7ba:c3877, 8d7dcba1-3b82-4d94-a832-514ef5c79cf8:c3877]
2019-08-21 02:17:31,860 [grpc-default-executor-3] INFO  client.GrpcClientProtocolClient (GrpcClientProtocolClient.java:onNext(255)) - client-54CC064C3FCE->8224e767-71c1-41fc-a01a-d172d48fd9d8: receive RaftClientReply:client-54CC064C3FCE->8224e767-71c1-41fc-a01a-d172d48fd9d8@group-F6B37CC92441, cid=2612, SUCCESS, logIndex=3881, commits[8224e767-71c1-41fc-a01a-d172d48fd9d8:c3881, 6eae0c21-01aa-4169-956f-5952b26ea7ba:c3877, 8d7dcba1-3b82-4d94-a832-514ef5c79cf8:c3877]
2019-08-21 02:17:31,861 | INFO  | DNAudit | user=null | ip=null | op=WRITE_CHUNK {blockData=conID: 1 locID: 102652566031434332 bcsId: 3875} | ret=SUCCESS |  
2019-08-21 02:17:31,861 | INFO  | DNAudit | user=null | ip=null | op=PUT_BLOCK {blockData=[blockId=conID: 1 locID: 102652566031434332 bcsId: 0,size=3145728]} | ret=SUCCESS |  
2019-08-21 02:17:31,861 | INFO  | DNAudit | user=null | ip=null | op=WRITE_CHUNK {blockData=conID: 1 locID: 102652566031434332 bcsId: 3875} | ret=SUCCESS |  
2019-08-21 02:17:31,862 | INFO  | DNAudit | user=null | ip=null | op=PUT_BLOCK {blockData=[blockId=conID: 1 locID: 102652566031434332 bcsId: 0,size=3145728]} | ret=SUCCESS |  
2019-08-21 02:17:31,867 | INFO  | DNAudit | user=null | ip=null | op=WRITE_CHUNK {blockData=conID: 1 locID: 102652566031434332 bcsId: 3881} | ret=SUCCESS |  
2019-08-21 02:17:31,869 | INFO  | DNAudit | user=null | ip=null | op=WRITE_CHUNK {blockData=conID: 1 locID: 102652566031434332 bcsId: 3881} | ret=SUCCESS |  
2019-08-21 02:17:31,871 | INFO  | DNAudit | user=null | ip=null | op=WRITE_CHUNK {blockData=conID: 1 locID: 102652566031434332 bcsId: 3881} | ret=SUCCESS |  
2019-08-21 02:17:31,880 | INFO  | DNAudit | user=null | ip=null | op=WRITE_CHUNK {blockData=conID: 1 locID: 102652566031434332 bcsId: 3881} | ret=SUCCESS |  
2019-08-21 02:17:31,880 | INFO  | DNAudit | user=null | ip=null | op=PUT_BLOCK {blockData=[blockId=conID: 1 locID: 102652566031434332 bcsId: 0,size=4194304]} | ret=SUCCESS |  
2019-08-21 02:17:31,880 [grpc-default-executor-1] INFO  client.GrpcClientProtocolClient (GrpcClientProtocolClient.java:onNext(255)) - client-54CC064C3FCE->8224e767-71c1-41fc-a01a-d172d48fd9d8: receive RaftClientReply:client-54CC064C3FCE->8224e767-71c1-41fc-a01a-d172d48fd9d8@group-F6B37CC92441, cid=2613, SUCCESS, logIndex=3883, commits[8224e767-71c1-41fc-a01a-d172d48fd9d8:c3884, 6eae0c21-01aa-4169-956f-5952b26ea7ba:c3882, 8d7dcba1-3b82-4d94-a832-514ef5c79cf8:c3882]
2019-08-21 02:17:31,881 [grpc-default-executor-1] INFO  client.GrpcClientProtocolClient (GrpcClientProtocolClient.java:onNext(255)) - client-54CC064C3FCE->8224e767-71c1-41fc-a01a-d172d48fd9d8: receive RaftClientReply:client-54CC064C3FCE->8224e767-71c1-41fc-a01a-d172d48fd9d8@group-F6B37CC92441, cid=2614, SUCCESS, logIndex=3884, commits[8224e767-71c1-41fc-a01a-d172d48fd9d8:c3884, 6eae0c21-01aa-4169-956f-5952b26ea7ba:c3882, 8d7dcba1-3b82-4d94-a832-514ef5c79cf8:c3882]
2019-08-21 02:17:31,891 | INFO  | DNAudit | user=null | ip=null | op=WRITE_CHUNK {blockData=conID: 1 locID: 102652566031434332 bcsId: 3881} | ret=SUCCESS |  
2019-08-21 02:17:31,892 | INFO  | DNAudit | user=null | ip=null | op=WRITE_CHUNK {blockData=conID: 1 locID: 102652566031434332 bcsId: 3881} | ret=SUCCESS |  
2019-08-21 02:17:31,892 | INFO  | DNAudit | user=null | ip=null | op=PUT_BLOCK {blockData=[blockId=conID: 1 locID: 102652566031434332 bcsId: 0,size=4194304]} | ret=SUCCESS |  
2019-08-21 02:17:31,892 | INFO  | DNAudit | user=null | ip=null | op=PUT_BLOCK {blockData=[blockId=conID: 1 locID: 102652566031434332 bcsId: 0,size=4194304]} | ret=SUCCESS |  
2019-08-21 02:17:31,892 [grpc-default-executor-1] INFO  client.GrpcClientProtocolClient (GrpcClientProtocolClient.java:onNext(255)) - client-54CC064C3FCE->8224e767-71c1-41fc-a01a-d172d48fd9d8: receive RaftClientReply:client-54CC064C3FCE->8224e767-71c1-41fc-a01a-d172d48fd9d8@group-F6B37CC92441, cid=2615, SUCCESS, logIndex=0, commits[8224e767-71c1-41fc-a01a-d172d48fd9d8:c3885, 6eae0c21-01aa-4169-956f-5952b26ea7ba:c3884, 8d7dcba1-3b82-4d94-a832-514ef5c79cf8:c3884]
2019-08-21 02:17:31,898 | INFO  | SCMAudit | user=jenkins1000 | ip=192.168.34.10 | op=ALLOCATE_BLOCK {owner=b6f66289-f2a0-4058-b052-0a85e40df67b, size=4194304, type=RATIS, factor=THREE} | ret=SUCCESS |  
2019-08-21 02:17:31,902 | INFO  | OMAudit | user=jenkins1000 | ip=127.0.0.1 | op=ALLOCATE_BLOCK {volume=vol-0-90982, bucket=bucket-0-24269, key=key-0-81262, dataSize=0, replicationType=null, replicationFactor=null, keyLocationInfo=null, clientID=102652564580991378} | ret=SUCCESS |  
2019-08-21 02:17:31,909 | INFO  | DNAudit | user=null | ip=null | op=WRITE_CHUNK {blockData=conID: 2 locID: 102652566037987933 bcsId: 0} | ret=SUCCESS |  
2019-08-21 02:17:31,910 | INFO  | DNAudit | user=null | ip=null | op=WRITE_CHUNK {blockData=conID: 2 locID: 102652566037987933 bcsId: 0} | ret=SUCCESS |  
2019-08-21 02:17:31,911 | INFO  | DNAudit | user=null | ip=null | op=WRITE_CHUNK {blockData=conID: 2 locID: 102652566037987933 bcsId: 0} | ret=SUCCESS |  
2019-08-21 02:17:31,911 | INFO  | DNAudit | user=null | ip=null | op=WRITE_CHUNK {blockData=conID: 2 locID: 102652566037987933 bcsId: 0} | ret=SUCCESS |  
2019-08-21 02:17:31,912 | INFO  | DNAudit | user=null | ip=null | op=WRITE_CHUNK {blockData=conID: 2 locID: 102652566037987933 bcsId: 0} | ret=SUCCESS |  
2019-08-21 02:17:31,912 | INFO  | DNAudit | user=null | ip=null | op=WRITE_CHUNK {blockData=conID: 2 locID: 102652566037987933 bcsId: 0} | ret=SUCCESS |  
2019-08-21 02:17:31,921 | INFO  | DNAudit | user=null | ip=null | op=WRITE_CHUNK {blockData=conID: 2 locID: 102652566037987933 bcsId: 0} | ret=SUCCESS |  
2019-08-21 02:17:31,922 | INFO  | DNAudit | user=null | ip=null | op=PUT_BLOCK {blockData=[blockId=conID: 2 locID: 102652566037987933 bcsId: 0,size=1048576]} | ret=SUCCESS |  
2019-08-21 02:17:31,922 [grpc-default-executor-1] INFO  client.GrpcClientProtocolClient (GrpcClientProtocolClient.java:onNext(255)) - client-54CC064C3FCE->8224e767-71c1-41fc-a01a-d172d48fd9d8: receive RaftClientReply:client-54CC064C3FCE->8224e767-71c1-41fc-a01a-d172d48fd9d8@group-F6B37CC92441, cid=2616, SUCCESS, logIndex=3887, commits[8224e767-71c1-41fc-a01a-d172d48fd9d8:c3889, 6eae0c21-01aa-4169-956f-5952b26ea7ba:c3886, 8d7dcba1-3b82-4d94-a832-514ef5c79cf8:c3886]
2019-08-21 02:17:31,922 | INFO  | DNAudit | user=null | ip=null | op=WRITE_CHUNK {blockData=conID: 2 locID: 102652566037987933 bcsId: 0} | ret=SUCCESS |  
2019-08-21 02:17:31,923 | INFO  | DNAudit | user=null | ip=null | op=WRITE_CHUNK {blockData=conID: 2 locID: 102652566037987933 bcsId: 0} | ret=SUCCESS |  
2019-08-21 02:17:31,922 [grpc-default-executor-1] INFO  client.GrpcClientProtocolClient (GrpcClientProtocolClient.java:onNext(255)) - client-54CC064C3FCE->8224e767-71c1-41fc-a01a-d172d48fd9d8: receive RaftClientReply:client-54CC064C3FCE->8224e767-71c1-41fc-a01a-d172d48fd9d8@group-F6B37CC92441, cid=2617, SUCCESS, logIndex=3888, commits[8224e767-71c1-41fc-a01a-d172d48fd9d8:c3890, 6eae0c21-01aa-4169-956f-5952b26ea7ba:c3886, 8d7dcba1-3b82-4d94-a832-514ef5c79cf8:c3886]
2019-08-21 02:17:31,923 | INFO  | DNAudit | user=null | ip=null | op=PUT_BLOCK {blockData=[blockId=conID: 2 locID: 102652566037987933 bcsId: 0,size=1048576]} | ret=SUCCESS |  
2019-08-21 02:17:31,923 | INFO  | DNAudit | user=null | ip=null | op=PUT_BLOCK {blockData=[blockId=conID: 2 locID: 102652566037987933 bcsId: 0,size=2097152]} | ret=SUCCESS |  
2019-08-21 02:17:31,923 [grpc-default-executor-1] INFO  client.GrpcClientProtocolClient (GrpcClientProtocolClient.java:onNext(255)) - client-54CC064C3FCE->8224e767-71c1-41fc-a01a-d172d48fd9d8: receive RaftClientReply:client-54CC064C3FCE->8224e767-71c1-41fc-a01a-d172d48fd9d8@group-F6B37CC92441, cid=2618, SUCCESS, logIndex=3889, commits[8224e767-71c1-41fc-a01a-d172d48fd9d8:c3890, 6eae0c21-01aa-4169-956f-5952b26ea7ba:c3886, 8d7dcba1-3b82-4d94-a832-514ef5c79cf8:c3886]
2019-08-21 02:17:31,923 [grpc-default-executor-1] INFO  client.GrpcClientProtocolClient (GrpcClientProtocolClient.java:onNext(255)) - client-54CC064C3FCE->8224e767-71c1-41fc-a01a-d172d48fd9d8: receive RaftClientReply:client-54CC064C3FCE->8224e767-71c1-41fc-a01a-d172d48fd9d8@group-F6B37CC92441, cid=2619, SUCCESS, logIndex=3890, commits[8224e767-71c1-41fc-a01a-d172d48fd9d8:c3891, 6eae0c21-01aa-4169-956f-5952b26ea7ba:c3888, 8d7dcba1-3b82-4d94-a832-514ef5c79cf8:c3886]
2019-08-21 02:17:31,925 | INFO  | DNAudit | user=null | ip=null | op=WRITE_CHUNK {blockData=conID: 2 locID: 102652566037987933 bcsId: 0} | ret=SUCCESS |  
2019-08-21 02:17:31,925 | INFO  | DNAudit | user=null | ip=null | op=PUT_BLOCK {blockData=[blockId=conID: 2 locID: 102652566037987933 bcsId: 0,size=1048576]} | ret=SUCCESS |  
2019-08-21 02:17:31,925 [grpc-default-executor-1] INFO  client.GrpcClientProtocolClient (GrpcClientProtocolClient.java:onNext(255)) - client-54CC064C3FCE->8224e767-71c1-41fc-a01a-d172d48fd9d8: receive RaftClientReply:client-54CC064C3FCE->8224e767-71c1-41fc-a01a-d172d48fd9d8@group-F6B37CC92441, cid=2620, SUCCESS, logIndex=0, commits[8224e767-71c1-41fc-a01a-d172d48fd9d8:c3891, 6eae0c21-01aa-4169-956f-5952b26ea7ba:c3888, 8d7dcba1-3b82-4d94-a832-514ef5c79cf8:c3888]
2019-08-21 02:17:31,932 | INFO  | DNAudit | user=null | ip=null | op=WRITE_CHUNK {blockData=conID: 2 locID: 102652566037987933 bcsId: 3890} | ret=SUCCESS |  
2019-08-21 02:17:31,933 | INFO  | DNAudit | user=null | ip=null | op=WRITE_CHUNK {blockData=conID: 2 locID: 102652566037987933 bcsId: 3890} | ret=SUCCESS |  
2019-08-21 02:17:31,934 | INFO  | DNAudit | user=null | ip=null | op=WRITE_CHUNK {blockData=conID: 2 locID: 102652566037987933 bcsId: 3890} | ret=SUCCESS |  
2019-08-21 02:17:31,936 | INFO  | DNAudit | user=null | ip=null | op=WRITE_CHUNK {blockData=conID: 2 locID: 102652566037987933 bcsId: 0} | ret=SUCCESS |  
2019-08-21 02:17:31,936 | INFO  | DNAudit | user=null | ip=null | op=PUT_BLOCK {blockData=[blockId=conID: 2 locID: 102652566037987933 bcsId: 0,size=2097152]} | ret=SUCCESS |  
2019-08-21 02:17:31,936 | INFO  | DNAudit | user=null | ip=null | op=WRITE_CHUNK {blockData=conID: 2 locID: 102652566037987933 bcsId: 0} | ret=SUCCESS |  
2019-08-21 02:17:31,937 | INFO  | DNAudit | user=null | ip=null | op=PUT_BLOCK {blockData=[blockId=conID: 2 locID: 102652566037987933 bcsId: 0,size=2097152]} | ret=SUCCESS |  
2019-08-21 02:17:31,937 | INFO  | DNAudit | user=null | ip=null | op=WRITE_CHUNK {blockData=conID: 2 locID: 102652566037987933 bcsId: 3890} | ret=SUCCESS |  
2019-08-21 02:17:31,938 | INFO  | DNAudit | user=null | ip=null | op=PUT_BLOCK {blockData=[blockId=conID: 2 locID: 102652566037987933 bcsId: 0,size=3145728]} | ret=SUCCESS |  
2019-08-21 02:17:31,938 [grpc-default-executor-1] INFO  client.GrpcClientProtocolClient (GrpcClientProtocolClient.java:onNext(255)) - client-54CC064C3FCE->8224e767-71c1-41fc-a01a-d172d48fd9d8: receive RaftClientReply:client-54CC064C3FCE->8224e767-71c1-41fc-a01a-d172d48fd9d8@group-F6B37CC92441, cid=2621, SUCCESS, logIndex=3895, commits[8224e767-71c1-41fc-a01a-d172d48fd9d8:c3896, 6eae0c21-01aa-4169-956f-5952b26ea7ba:c3892, 8d7dcba1-3b82-4d94-a832-514ef5c79cf8:c3890]
2019-08-21 02:17:31,938 [grpc-default-executor-1] INFO  client.GrpcClientProtocolClient (GrpcClientProtocolClient.java:onNext(255)) - client-54CC064C3FCE->8224e767-71c1-41fc-a01a-d172d48fd9d8: receive RaftClientReply:client-54CC064C3FCE->8224e767-71c1-41fc-a01a-d172d48fd9d8@group-F6B37CC92441, cid=2622, SUCCESS, logIndex=3896, commits[8224e767-71c1-41fc-a01a-d172d48fd9d8:c3896, 6eae0c21-01aa-4169-956f-5952b26ea7ba:c3892, 8d7dcba1-3b82-4d94-a832-514ef5c79cf8:c3892]
2019-08-21 02:17:31,941 | INFO  | DNAudit | user=null | ip=null | op=WRITE_CHUNK {blockData=conID: 2 locID: 102652566037987933 bcsId: 3890} | ret=SUCCESS |  
2019-08-21 02:17:31,941 | INFO  | DNAudit | user=null | ip=null | op=WRITE_CHUNK {blockData=conID: 2 locID: 102652566037987933 bcsId: 3890} | ret=SUCCESS |  
2019-08-21 02:17:31,941 | INFO  | DNAudit | user=null | ip=null | op=PUT_BLOCK {blockData=[blockId=conID: 2 locID: 102652566037987933 bcsId: 0,size=3145728]} | ret=SUCCESS |  
2019-08-21 02:17:31,941 | INFO  | DNAudit | user=null | ip=null | op=PUT_BLOCK {blockData=[blockId=conID: 2 locID: 102652566037987933 bcsId: 0,size=3145728]} | ret=SUCCESS |  
2019-08-21 02:17:31,944 | INFO  | DNAudit | user=null | ip=null | op=WRITE_CHUNK {blockData=conID: 2 locID: 102652566037987933 bcsId: 3896} | ret=SUCCESS |  
2019-08-21 02:17:31,946 | INFO  | DNAudit | user=null | ip=null | op=WRITE_CHUNK {blockData=conID: 2 locID: 102652566037987933 bcsId: 3896} | ret=SUCCESS |  
2019-08-21 02:17:31,947 | INFO  | DNAudit | user=null | ip=null | op=WRITE_CHUNK {blockData=conID: 2 locID: 102652566037987933 bcsId: 3896} | ret=SUCCESS |  
2019-08-21 02:17:31,952 | INFO  | DNAudit | user=null | ip=null | op=WRITE_CHUNK {blockData=conID: 2 locID: 102652566037987933 bcsId: 3896} | ret=SUCCESS |  
2019-08-21 02:17:31,953 | INFO  | DNAudit | user=null | ip=null | op=PUT_BLOCK {blockData=[blockId=conID: 2 locID: 102652566037987933 bcsId: 0,size=4194304]} | ret=SUCCESS |  
2019-08-21 02:17:31,953 [grpc-default-executor-3] INFO  client.GrpcClientProtocolClient (GrpcClientProtocolClient.java:onNext(255)) - client-54CC064C3FCE->8224e767-71c1-41fc-a01a-d172d48fd9d8: receive RaftClientReply:client-54CC064C3FCE->8224e767-71c1-41fc-a01a-d172d48fd9d8@group-F6B37CC92441, cid=2623, SUCCESS, logIndex=3899, commits[8224e767-71c1-41fc-a01a-d172d48fd9d8:c3900, 6eae0c21-01aa-4169-956f-5952b26ea7ba:c3896, 8d7dcba1-3b82-4d94-a832-514ef5c79cf8:c3898]
2019-08-21 02:17:31,953 [grpc-default-executor-3] INFO  client.GrpcClientProtocolClient (GrpcClientProtocolClient.java:onNext(255)) - client-54CC064C3FCE->8224e767-71c1-41fc-a01a-d172d48fd9d8: receive RaftClientReply:client-54CC064C3FCE->8224e767-71c1-41fc-a01a-d172d48fd9d8@group-F6B37CC92441, cid=2624, SUCCESS, logIndex=3900, commits[8224e767-71c1-41fc-a01a-d172d48fd9d8:c3900, 6eae0c21-01aa-4169-956f-5952b26ea7ba:c3898, 8d7dcba1-3b82-4d94-a832-514ef5c79cf8:c3898]
2019-08-21 02:17:31,953 | INFO  | DNAudit | user=null | ip=null | op=WRITE_CHUNK {blockData=conID: 2 locID: 102652566037987933 bcsId: 3896} | ret=SUCCESS |  
2019-08-21 02:17:31,954 | INFO  | DNAudit | user=null | ip=null | op=WRITE_CHUNK {blockData=conID: 2 locID: 102652566037987933 bcsId: 3896} | ret=SUCCESS |  
2019-08-21 02:17:31,954 | INFO  | DNAudit | user=null | ip=null | op=PUT_BLOCK {blockData=[blockId=conID: 2 locID: 102652566037987933 bcsId: 0,size=4194304]} | ret=SUCCESS |  
2019-08-21 02:17:31,954 | INFO  | DNAudit | user=null | ip=null | op=PUT_BLOCK {blockData=[blockId=conID: 2 locID: 102652566037987933 bcsId: 0,size=4194304]} | ret=SUCCESS |  
2019-08-21 02:17:31,954 [grpc-default-executor-4] INFO  client.GrpcClientProtocolClient (GrpcClientProtocolClient.java:onNext(255)) - client-54CC064C3FCE->8224e767-71c1-41fc-a01a-d172d48fd9d8: receive RaftClientReply:client-54CC064C3FCE->8224e767-71c1-41fc-a01a-d172d48fd9d8@group-F6B37CC92441, cid=2625, SUCCESS, logIndex=0, commits[8224e767-71c1-41fc-a01a-d172d48fd9d8:c3901, 6eae0c21-01aa-4169-956f-5952b26ea7ba:c3900, 8d7dcba1-3b82-4d94-a832-514ef5c79cf8:c3900]
2019-08-21 02:17:31,959 | INFO  | SCMAudit | user=jenkins1000 | ip=192.168.34.10 | op=ALLOCATE_BLOCK {owner=b6f66289-f2a0-4058-b052-0a85e40df67b, size=4194304, type=RATIS, factor=THREE} | ret=SUCCESS |  
2019-08-21 02:17:31,962 | INFO  | OMAudit | user=jenkins1000 | ip=127.0.0.1 | op=ALLOCATE_BLOCK {volume=vol-0-90982, bucket=bucket-0-24269, key=key-0-81262, dataSize=0, replicationType=null, replicationFactor=null, keyLocationInfo=null, clientID=102652564580991378} | ret=SUCCESS |  
2019-08-21 02:17:31,968 | INFO  | DNAudit | user=null | ip=null | op=WRITE_CHUNK {blockData=conID: 3 locID: 102652566041985630 bcsId: 0} | ret=SUCCESS |  
2019-08-21 02:17:31,970 | INFO  | DNAudit | user=null | ip=null | op=WRITE_CHUNK {blockData=conID: 3 locID: 102652566041985630 bcsId: 0} | ret=SUCCESS |  
2019-08-21 02:17:31,971 | INFO  | DNAudit | user=null | ip=null | op=WRITE_CHUNK {blockData=conID: 3 locID: 102652566041985630 bcsId: 0} | ret=SUCCESS |  
2019-08-21 02:17:31,971 | INFO  | DNAudit | user=null | ip=null | op=WRITE_CHUNK {blockData=conID: 3 locID: 102652566041985630 bcsId: 0} | ret=SUCCESS |  
2019-08-21 02:17:31,972 | INFO  | DNAudit | user=null | ip=null | op=WRITE_CHUNK {blockData=conID: 3 locID: 102652566041985630 bcsId: 0} | ret=SUCCESS |  
2019-08-21 02:17:31,973 | INFO  | DNAudit | user=null | ip=null | op=WRITE_CHUNK {blockData=conID: 3 locID: 102652566041985630 bcsId: 0} | ret=SUCCESS |  
2019-08-21 02:17:31,982 | INFO  | DNAudit | user=null | ip=null | op=WRITE_CHUNK {blockData=conID: 3 locID: 102652566041985630 bcsId: 0} | ret=SUCCESS |  
2019-08-21 02:17:31,982 | INFO  | DNAudit | user=null | ip=null | op=PUT_BLOCK {blockData=[blockId=conID: 3 locID: 102652566041985630 bcsId: 0,size=1048576]} | ret=SUCCESS |  
2019-08-21 02:17:31,983 [grpc-default-executor-1] INFO  client.GrpcClientProtocolClient (GrpcClientProtocolClient.java:onNext(255)) - client-54CC064C3FCE->8224e767-71c1-41fc-a01a-d172d48fd9d8: receive RaftClientReply:client-54CC064C3FCE->8224e767-71c1-41fc-a01a-d172d48fd9d8@group-F6B37CC92441, cid=2626, SUCCESS, logIndex=3903, commits[8224e767-71c1-41fc-a01a-d172d48fd9d8:c3904, 6eae0c21-01aa-4169-956f-5952b26ea7ba:c3902, 8d7dcba1-3b82-4d94-a832-514ef5c79cf8:c3900]
2019-08-21 02:17:31,983 [grpc-default-executor-3] INFO  client.GrpcClientProtocolClient (GrpcClientProtocolClient.java:onNext(255)) - client-54CC064C3FCE->8224e767-71c1-41fc-a01a-d172d48fd9d8: receive RaftClientReply:client-54CC064C3FCE->8224e767-71c1-41fc-a01a-d172d48fd9d8@group-F6B37CC92441, cid=2627, SUCCESS, logIndex=3904, commits[8224e767-71c1-41fc-a01a-d172d48fd9d8:c3904, 6eae0c21-01aa-4169-956f-5952b26ea7ba:c3902, 8d7dcba1-3b82-4d94-a832-514ef5c79cf8:c3900]
2019-08-21 02:17:31,985 | INFO  | DNAudit | user=null | ip=null | op=WRITE_CHUNK {blockData=conID: 3 locID: 102652566041985630 bcsId: 0} | ret=SUCCESS |  
2019-08-21 02:17:31,985 | INFO  | DNAudit | user=null | ip=null | op=WRITE_CHUNK {blockData=conID: 3 locID: 102652566041985630 bcsId: 0} | ret=SUCCESS |  
2019-08-21 02:17:31,985 | INFO  | DNAudit | user=null | ip=null | op=PUT_BLOCK {blockData=[blockId=conID: 3 locID: 102652566041985630 bcsId: 0,size=2097152]} | ret=SUCCESS |  
2019-08-21 02:17:31,985 | INFO  | DNAudit | user=null | ip=null | op=PUT_BLOCK {blockData=[blockId=conID: 3 locID: 102652566041985630 bcsId: 0,size=1048576]} | ret=SUCCESS |  
2019-08-21 02:17:31,985 [grpc-default-executor-1] INFO  client.GrpcClientProtocolClient (GrpcClientProtocolClient.java:onNext(255)) - client-54CC064C3FCE->8224e767-71c1-41fc-a01a-d172d48fd9d8: receive RaftClientReply:client-54CC064C3FCE->8224e767-71c1-41fc-a01a-d172d48fd9d8@group-F6B37CC92441, cid=2628, SUCCESS, logIndex=3905, commits[8224e767-71c1-41fc-a01a-d172d48fd9d8:c3906, 6eae0c21-01aa-4169-956f-5952b26ea7ba:c3902, 8d7dcba1-3b82-4d94-a832-514ef5c79cf8:c3902]
2019-08-21 02:17:31,986 [grpc-default-executor-1] INFO  client.GrpcClientProtocolClient (GrpcClientProtocolClient.java:onNext(255)) - client-54CC064C3FCE->8224e767-71c1-41fc-a01a-d172d48fd9d8: receive RaftClientReply:client-54CC064C3FCE->8224e767-71c1-41fc-a01a-d172d48fd9d8@group-F6B37CC92441, cid=2629, SUCCESS, logIndex=3906, commits[8224e767-71c1-41fc-a01a-d172d48fd9d8:c3907, 6eae0c21-01aa-4169-956f-5952b26ea7ba:c3902, 8d7dcba1-3b82-4d94-a832-514ef5c79cf8:c3904]
2019-08-21 02:17:31,987 | INFO  | DNAudit | user=null | ip=null | op=WRITE_CHUNK {blockData=conID: 3 locID: 102652566041985630 bcsId: 0} | ret=SUCCESS |  
2019-08-21 02:17:31,987 | INFO  | DNAudit | user=null | ip=null | op=PUT_BLOCK {blockData=[blockId=conID: 3 locID: 102652566041985630 bcsId: 0,size=1048576]} | ret=SUCCESS |  
2019-08-21 02:17:31,987 [grpc-default-executor-1] INFO  client.GrpcClientProtocolClient (GrpcClientProtocolClient.java:onNext(255)) - client-54CC064C3FCE->8224e767-71c1-41fc-a01a-d172d48fd9d8: receive RaftClientReply:client-54CC064C3FCE->8224e767-71c1-41fc-a01a-d172d48fd9d8@group-F6B37CC92441, cid=2630, SUCCESS, logIndex=0, commits[8224e767-71c1-41fc-a01a-d172d48fd9d8:c3908, 6eae0c21-01aa-4169-956f-5952b26ea7ba:c3904, 8d7dcba1-3b82-4d94-a832-514ef5c79cf8:c3904]
2019-08-21 02:17:31,994 | INFO  | DNAudit | user=null | ip=null | op=WRITE_CHUNK {blockData=conID: 3 locID: 102652566041985630 bcsId: 3906} | ret=SUCCESS |  
2019-08-21 02:17:31,996 | INFO  | DNAudit | user=null | ip=null | op=WRITE_CHUNK {blockData=conID: 3 locID: 102652566041985630 bcsId: 3906} | ret=SUCCESS |  
2019-08-21 02:17:31,996 | INFO  | DNAudit | user=null | ip=null | op=WRITE_CHUNK {blockData=conID: 3 locID: 102652566041985630 bcsId: 3906} | ret=SUCCESS |  
2019-08-21 02:17:31,997 | INFO  | DNAudit | user=null | ip=null | op=WRITE_CHUNK {blockData=conID: 3 locID: 102652566041985630 bcsId: 0} | ret=SUCCESS |  
2019-08-21 02:17:31,997 | INFO  | DNAudit | user=null | ip=null | op=PUT_BLOCK {blockData=[blockId=conID: 3 locID: 102652566041985630 bcsId: 0,size=2097152]} | ret=SUCCESS |  
2019-08-21 02:17:31,998 | INFO  | DNAudit | user=null | ip=null | op=WRITE_CHUNK {blockData=conID: 3 locID: 102652566041985630 bcsId: 0} | ret=SUCCESS |  
2019-08-21 02:17:31,998 | INFO  | DNAudit | user=null | ip=null | op=PUT_BLOCK {blockData=[blockId=conID: 3 locID: 102652566041985630 bcsId: 0,size=2097152]} | ret=SUCCESS |  
2019-08-21 02:17:31,999 | INFO  | DNAudit | user=null | ip=null | op=WRITE_CHUNK {blockData=conID: 3 locID: 102652566041985630 bcsId: 3906} | ret=SUCCESS |  
2019-08-21 02:17:31,999 | INFO  | DNAudit | user=null | ip=null | op=PUT_BLOCK {blockData=[blockId=conID: 3 locID: 102652566041985630 bcsId: 0,size=3145728]} | ret=SUCCESS |  
2019-08-21 02:17:32,000 [grpc-default-executor-1] INFO  client.GrpcClientProtocolClient (GrpcClientProtocolClient.java:onNext(255)) - client-54CC064C3FCE->8224e767-71c1-41fc-a01a-d172d48fd9d8: receive RaftClientReply:client-54CC064C3FCE->8224e767-71c1-41fc-a01a-d172d48fd9d8@group-F6B37CC92441, cid=2631, SUCCESS, logIndex=3911, commits[8224e767-71c1-41fc-a01a-d172d48fd9d8:c3912, 6eae0c21-01aa-4169-956f-5952b26ea7ba:c3906, 8d7dcba1-3b82-4d94-a832-514ef5c79cf8:c3908]
2019-08-21 02:17:32,000 [grpc-default-executor-1] INFO  client.GrpcClientProtocolClient (GrpcClientProtocolClient.java:onNext(255)) - client-54CC064C3FCE->8224e767-71c1-41fc-a01a-d172d48fd9d8: receive RaftClientReply:client-54CC064C3FCE->8224e767-71c1-41fc-a01a-d172d48fd9d8@group-F6B37CC92441, cid=2632, SUCCESS, logIndex=3912, commits[8224e767-71c1-41fc-a01a-d172d48fd9d8:c3912, 6eae0c21-01aa-4169-956f-5952b26ea7ba:c3908, 8d7dcba1-3b82-4d94-a832-514ef5c79cf8:c3908]
2019-08-21 02:17:32,002 | INFO  | DNAudit | user=null | ip=null | op=WRITE_CHUNK {blockData=conID: 3 locID: 102652566041985630 bcsId: 3906} | ret=SUCCESS |  
2019-08-21 02:17:32,002 | INFO  | DNAudit | user=null | ip=null | op=WRITE_CHUNK {blockData=conID: 3 locID: 102652566041985630 bcsId: 3906} | ret=SUCCESS |  
2019-08-21 02:17:32,002 | INFO  | DNAudit | user=null | ip=null | op=PUT_BLOCK {blockData=[blockId=conID: 3 locID: 102652566041985630 bcsId: 0,size=3145728]} | ret=SUCCESS |  
2019-08-21 02:17:32,006 | INFO  | DNAudit | user=null | ip=null | op=WRITE_CHUNK {blockData=conID: 3 locID: 102652566041985630 bcsId: 3912} | ret=SUCCESS |  
2019-08-21 02:17:32,009 | INFO  | DNAudit | user=null | ip=null | op=WRITE_CHUNK {blockData=conID: 3 locID: 102652566041985630 bcsId: 3912} | ret=SUCCESS |  
2019-08-21 02:17:32,009 | INFO  | DNAudit | user=null | ip=null | op=WRITE_CHUNK {blockData=conID: 3 locID: 102652566041985630 bcsId: 3912} | ret=SUCCESS |  
2019-08-21 02:17:32,013 | INFO  | DNAudit | user=null | ip=null | op=PUT_BLOCK {blockData=[blockId=conID: 3 locID: 102652566041985630 bcsId: 0,size=3145728]} | ret=SUCCESS |  
2019-08-21 02:17:32,017 | INFO  | DNAudit | user=null | ip=null | op=WRITE_CHUNK {blockData=conID: 3 locID: 102652566041985630 bcsId: 3912} | ret=SUCCESS |  
2019-08-21 02:17:32,017 | INFO  | DNAudit | user=null | ip=null | op=PUT_BLOCK {blockData=[blockId=conID: 3 locID: 102652566041985630 bcsId: 0,size=4194304]} | ret=SUCCESS |  
2019-08-21 02:17:32,017 [grpc-default-executor-4] INFO  client.GrpcClientProtocolClient (GrpcClientProtocolClient.java:onNext(255)) - client-54CC064C3FCE->8224e767-71c1-41fc-a01a-d172d48fd9d8: receive RaftClientReply:client-54CC064C3FCE->8224e767-71c1-41fc-a01a-d172d48fd9d8@group-F6B37CC92441, cid=2633, SUCCESS, logIndex=3915, commits[8224e767-71c1-41fc-a01a-d172d48fd9d8:c3916, 6eae0c21-01aa-4169-956f-5952b26ea7ba:c3913, 8d7dcba1-3b82-4d94-a832-514ef5c79cf8:c3913]
2019-08-21 02:17:32,018 [grpc-default-executor-4] INFO  client.GrpcClientProtocolClient (GrpcClientProtocolClient.java:onNext(255)) - client-54CC064C3FCE->8224e767-71c1-41fc-a01a-d172d48fd9d8: receive RaftClientReply:client-54CC064C3FCE->8224e767-71c1-41fc-a01a-d172d48fd9d8@group-F6B37CC92441, cid=2634, SUCCESS, logIndex=3916, commits[8224e767-71c1-41fc-a01a-d172d48fd9d8:c3916, 6eae0c21-01aa-4169-956f-5952b26ea7ba:c3913, 8d7dcba1-3b82-4d94-a832-514ef5c79cf8:c3913]
2019-08-21 02:17:32,019 | INFO  | DNAudit | user=null | ip=null | op=WRITE_CHUNK {blockData=conID: 3 locID: 102652566041985630 bcsId: 3912} | ret=SUCCESS |  
2019-08-21 02:17:32,019 | INFO  | DNAudit | user=null | ip=null | op=WRITE_CHUNK {blockData=conID: 3 locID: 102652566041985630 bcsId: 3912} | ret=SUCCESS |  
2019-08-21 02:17:32,021 | INFO  | DNAudit | user=null | ip=null | op=PUT_BLOCK {blockData=[blockId=conID: 3 locID: 102652566041985630 bcsId: 0,size=4194304]} | ret=SUCCESS |  
2019-08-21 02:17:32,022 | INFO  | DNAudit | user=null | ip=null | op=PUT_BLOCK {blockData=[blockId=conID: 3 locID: 102652566041985630 bcsId: 0,size=4194304]} | ret=SUCCESS |  
2019-08-21 02:17:32,023 [grpc-default-executor-4] INFO  client.GrpcClientProtocolClient (GrpcClientProtocolClient.java:onNext(255)) - client-54CC064C3FCE->8224e767-71c1-41fc-a01a-d172d48fd9d8: receive RaftClientReply:client-54CC064C3FCE->8224e767-71c1-41fc-a01a-d172d48fd9d8@group-F6B37CC92441, cid=2635, SUCCESS, logIndex=0, commits[8224e767-71c1-41fc-a01a-d172d48fd9d8:c3918, 6eae0c21-01aa-4169-956f-5952b26ea7ba:c3916, 8d7dcba1-3b82-4d94-a832-514ef5c79cf8:c3916]
2019-08-21 02:17:32,029 | INFO  | SCMAudit | user=jenkins1000 | ip=192.168.34.10 | op=ALLOCATE_BLOCK {owner=b6f66289-f2a0-4058-b052-0a85e40df67b, size=4194304, type=RATIS, factor=THREE} | ret=SUCCESS |  
2019-08-21 02:17:32,033 | INFO  | OMAudit | user=jenkins1000 | ip=127.0.0.1 | op=ALLOCATE_BLOCK {volume=vol-0-90982, bucket=bucket-0-24269, key=key-0-81262, dataSize=0, replicationType=null, replicationFactor=null, keyLocationInfo=null, clientID=102652564580991378} | ret=SUCCESS |  
2019-08-21 02:17:32,040 | INFO  | DNAudit | user=null | ip=null | op=WRITE_CHUNK {blockData=conID: 1 locID: 102652566046573151 bcsId: 0} | ret=SUCCESS |  
2019-08-21 02:17:32,042 | INFO  | DNAudit | user=null | ip=null | op=WRITE_CHUNK {blockData=conID: 1 locID: 102652566046573151 bcsId: 0} | ret=SUCCESS |  
2019-08-21 02:17:32,043 | INFO  | DNAudit | user=null | ip=null | op=WRITE_CHUNK {blockData=conID: 1 locID: 102652566046573151 bcsId: 0} | ret=SUCCESS |  
2019-08-21 02:17:32,043 | INFO  | DNAudit | user=null | ip=null | op=WRITE_CHUNK {blockData=conID: 1 locID: 102652566046573151 bcsId: 0} | ret=SUCCESS |  
2019-08-21 02:17:32,044 | INFO  | DNAudit | user=null | ip=null | op=WRITE_CHUNK {blockData=conID: 1 locID: 102652566046573151 bcsId: 0} | ret=SUCCESS |  
2019-08-21 02:17:32,045 | INFO  | DNAudit | user=null | ip=null | op=WRITE_CHUNK {blockData=conID: 1 locID: 102652566046573151 bcsId: 0} | ret=SUCCESS |  
2019-08-21 02:17:32,045 | INFO  | DNAudit | user=null | ip=null | op=WRITE_CHUNK {blockData=conID: 1 locID: 102652566046573151 bcsId: 0} | ret=SUCCESS |  
2019-08-21 02:17:32,046 | INFO  | DNAudit | user=null | ip=null | op=PUT_BLOCK {blockData=[blockId=conID: 1 locID: 102652566046573151 bcsId: 0,size=1048576]} | ret=SUCCESS |  
2019-08-21 02:17:32,046 [grpc-default-executor-3] INFO  client.GrpcClientProtocolClient (GrpcClientProtocolClient.java:onNext(255)) - client-54CC064C3FCE->8224e767-71c1-41fc-a01a-d172d48fd9d8: receive RaftClientReply:client-54CC064C3FCE->8224e767-71c1-41fc-a01a-d172d48fd9d8@group-F6B37CC92441, cid=2636, SUCCESS, logIndex=3919, commits[8224e767-71c1-41fc-a01a-d172d48fd9d8:c3920, 6eae0c21-01aa-4169-956f-5952b26ea7ba:c3916, 8d7dcba1-3b82-4d94-a832-514ef5c79cf8:c3918]
2019-08-21 02:17:32,046 [grpc-default-executor-1] INFO  client.GrpcClientProtocolClient (GrpcClientProtocolClient.java:onNext(255)) - client-54CC064C3FCE->8224e767-71c1-41fc-a01a-d172d48fd9d8: receive RaftClientReply:client-54CC064C3FCE->8224e767-71c1-41fc-a01a-d172d48fd9d8@group-F6B37CC92441, cid=2637, SUCCESS, logIndex=3920, commits[8224e767-71c1-41fc-a01a-d172d48fd9d8:c3920, 6eae0c21-01aa-4169-956f-5952b26ea7ba:c3916, 8d7dcba1-3b82-4d94-a832-514ef5c79cf8:c3918]
2019-08-21 02:17:32,047 | INFO  | DNAudit | user=null | ip=null | op=WRITE_CHUNK {blockData=conID: 1 locID: 102652566046573151 bcsId: 0} | ret=SUCCESS |  
2019-08-21 02:17:32,047 | INFO  | DNAudit | user=null | ip=null | op=PUT_BLOCK {blockData=[blockId=conID: 1 locID: 102652566046573151 bcsId: 0,size=2097152]} | ret=SUCCESS |  
2019-08-21 02:17:32,047 [grpc-default-executor-4] INFO  client.GrpcClientProtocolClient (GrpcClientProtocolClient.java:onNext(255)) - client-54CC064C3FCE->8224e767-71c1-41fc-a01a-d172d48fd9d8: receive RaftClientReply:client-54CC064C3FCE->8224e767-71c1-41fc-a01a-d172d48fd9d8@group-F6B37CC92441, cid=2638, SUCCESS, logIndex=3921, commits[8224e767-71c1-41fc-a01a-d172d48fd9d8:c3922, 6eae0c21-01aa-4169-956f-5952b26ea7ba:c3918, 8d7dcba1-3b82-4d94-a832-514ef5c79cf8:c3918]
2019-08-21 02:17:32,048 [grpc-default-executor-4] INFO  client.GrpcClientProtocolClient (GrpcClientProtocolClient.java:onNext(255)) - client-54CC064C3FCE->8224e767-71c1-41fc-a01a-d172d48fd9d8: receive RaftClientReply:client-54CC064C3FCE->8224e767-71c1-41fc-a01a-d172d48fd9d8@group-F6B37CC92441, cid=2639, SUCCESS, logIndex=3922, commits[8224e767-71c1-41fc-a01a-d172d48fd9d8:c3922, 6eae0c21-01aa-4169-956f-5952b26ea7ba:c3918, 8d7dcba1-3b82-4d94-a832-514ef5c79cf8:c3918]
2019-08-21 02:17:32,048 | INFO  | DNAudit | user=null | ip=null | op=WRITE_CHUNK {blockData=conID: 1 locID: 102652566046573151 bcsId: 0} | ret=SUCCESS |  
2019-08-21 02:17:32,050 | INFO  | DNAudit | user=null | ip=null | op=WRITE_CHUNK {blockData=conID: 1 locID: 102652566046573151 bcsId: 0} | ret=SUCCESS |  
2019-08-21 02:17:32,050 | INFO  | DNAudit | user=null | ip=null | op=PUT_BLOCK {blockData=[blockId=conID: 1 locID: 102652566046573151 bcsId: 0,size=1048576]} | ret=SUCCESS |  
2019-08-21 02:17:32,050 | INFO  | DNAudit | user=null | ip=null | op=PUT_BLOCK {blockData=[blockId=conID: 1 locID: 102652566046573151 bcsId: 0,size=1048576]} | ret=SUCCESS |  
2019-08-21 02:17:32,050 | INFO  | DNAudit | user=null | ip=null | op=WRITE_CHUNK {blockData=conID: 1 locID: 102652566046573151 bcsId: 0} | ret=SUCCESS |  
2019-08-21 02:17:32,050 | INFO  | DNAudit | user=null | ip=null | op=PUT_BLOCK {blockData=[blockId=conID: 1 locID: 102652566046573151 bcsId: 0,size=2097152]} | ret=SUCCESS |  
2019-08-21 02:17:32,051 [grpc-default-executor-2] INFO  client.GrpcClientProtocolClient (GrpcClientProtocolClient.java:onNext(255)) - client-54CC064C3FCE->8224e767-71c1-41fc-a01a-d172d48fd9d8: receive RaftClientReply:client-54CC064C3FCE->8224e767-71c1-41fc-a01a-d172d48fd9d8@group-F6B37CC92441, cid=2640, SUCCESS, logIndex=0, commits[8224e767-71c1-41fc-a01a-d172d48fd9d8:c3924, 6eae0c21-01aa-4169-956f-5952b26ea7ba:c3920, 8d7dcba1-3b82-4d94-a832-514ef5c79cf8:c3920]
2019-08-21 02:17:32,051 | INFO  | DNAudit | user=null | ip=null | op=WRITE_CHUNK {blockData=conID: 1 locID: 102652566046573151 bcsId: 0} | ret=SUCCESS |  
2019-08-21 02:17:32,051 | INFO  | DNAudit | user=null | ip=null | op=PUT_BLOCK {blockData=[blockId=conID: 1 locID: 102652566046573151 bcsId: 0,size=2097152]} | ret=SUCCESS |  
2019-08-21 02:17:32,059 | INFO  | DNAudit | user=null | ip=null | op=WRITE_CHUNK {blockData=conID: 1 locID: 102652566046573151 bcsId: 3922} | ret=SUCCESS |  
2019-08-21 02:17:32,061 | INFO  | DNAudit | user=null | ip=null | op=WRITE_CHUNK {blockData=conID: 1 locID: 102652566046573151 bcsId: 3922} | ret=SUCCESS |  
2019-08-21 02:17:32,061 | INFO  | DNAudit | user=null | ip=null | op=WRITE_CHUNK {blockData=conID: 1 locID: 102652566046573151 bcsId: 3922} | ret=SUCCESS |  
2019-08-21 02:17:32,084 | INFO  | DNAudit | user=null | ip=null | op=WRITE_CHUNK {blockData=conID: 1 locID: 102652566046573151 bcsId: 3922} | ret=SUCCESS |  
2019-08-21 02:17:32,085 | INFO  | DNAudit | user=null | ip=null | op=PUT_BLOCK {blockData=[blockId=conID: 1 locID: 102652566046573151 bcsId: 0,size=3145728]} | ret=SUCCESS |  
2019-08-21 02:17:32,085 [grpc-default-executor-4] INFO  client.GrpcClientProtocolClient (GrpcClientProtocolClient.java:onNext(255)) - client-54CC064C3FCE->8224e767-71c1-41fc-a01a-d172d48fd9d8: receive RaftClientReply:client-54CC064C3FCE->8224e767-71c1-41fc-a01a-d172d48fd9d8@group-F6B37CC92441, cid=2641, SUCCESS, logIndex=3927, commits[8224e767-71c1-41fc-a01a-d172d48fd9d8:c3928, 6eae0c21-01aa-4169-956f-5952b26ea7ba:c3926, 8d7dcba1-3b82-4d94-a832-514ef5c79cf8:c3926]
2019-08-21 02:17:32,085 [grpc-default-executor-4] INFO  client.GrpcClientProtocolClient (GrpcClientProtocolClient.java:onNext(255)) - client-54CC064C3FCE->8224e767-71c1-41fc-a01a-d172d48fd9d8: receive RaftClientReply:client-54CC064C3FCE->8224e767-71c1-41fc-a01a-d172d48fd9d8@group-F6B37CC92441, cid=2642, SUCCESS, logIndex=3928, commits[8224e767-71c1-41fc-a01a-d172d48fd9d8:c3928, 6eae0c21-01aa-4169-956f-5952b26ea7ba:c3926, 8d7dcba1-3b82-4d94-a832-514ef5c79cf8:c3926]
2019-08-21 02:17:32,093 | INFO  | DNAudit | user=null | ip=null | op=WRITE_CHUNK {blockData=conID: 1 locID: 102652566046573151 bcsId: 3928} | ret=SUCCESS |  
2019-08-21 02:17:32,095 | INFO  | DNAudit | user=null | ip=null | op=WRITE_CHUNK {blockData=conID: 1 locID: 102652566046573151 bcsId: 3928} | ret=SUCCESS |  
2019-08-21 02:17:32,095 | INFO  | DNAudit | user=null | ip=null | op=WRITE_CHUNK {blockData=conID: 1 locID: 102652566046573151 bcsId: 3928} | ret=SUCCESS |  
2019-08-21 02:17:32,096 | INFO  | DNAudit | user=null | ip=null | op=WRITE_CHUNK {blockData=conID: 1 locID: 102652566046573151 bcsId: 3922} | ret=SUCCESS |  
2019-08-21 02:17:32,096 | INFO  | DNAudit | user=null | ip=null | op=WRITE_CHUNK {blockData=conID: 1 locID: 102652566046573151 bcsId: 3922} | ret=SUCCESS |  
2019-08-21 02:17:32,096 | INFO  | DNAudit | user=null | ip=null | op=PUT_BLOCK {blockData=[blockId=conID: 1 locID: 102652566046573151 bcsId: 0,size=3145728]} | ret=SUCCESS |  
2019-08-21 02:17:32,096 | INFO  | DNAudit | user=null | ip=null | op=PUT_BLOCK {blockData=[blockId=conID: 1 locID: 102652566046573151 bcsId: 0,size=3145728]} | ret=SUCCESS |  
2019-08-21 02:17:32,097 | INFO  | DNAudit | user=null | ip=null | op=WRITE_CHUNK {blockData=conID: 1 locID: 102652566046573151 bcsId: 3928} | ret=SUCCESS |  
2019-08-21 02:17:32,098 | INFO  | DNAudit | user=null | ip=null | op=PUT_BLOCK {blockData=[blockId=conID: 1 locID: 102652566046573151 bcsId: 0,size=4194304]} | ret=SUCCESS |  
2019-08-21 02:17:32,098 [grpc-default-executor-4] INFO  client.GrpcClientProtocolClient (GrpcClientProtocolClient.java:onNext(255)) - client-54CC064C3FCE->8224e767-71c1-41fc-a01a-d172d48fd9d8: receive RaftClientReply:client-54CC064C3FCE->8224e767-71c1-41fc-a01a-d172d48fd9d8@group-F6B37CC92441, cid=2643, SUCCESS, logIndex=3930, commits[8224e767-71c1-41fc-a01a-d172d48fd9d8:c3931, 6eae0c21-01aa-4169-956f-5952b26ea7ba:c3928, 8d7dcba1-3b82-4d94-a832-514ef5c79cf8:c3928]
2019-08-21 02:17:32,098 [grpc-default-executor-4] INFO  client.GrpcClientProtocolClient (GrpcClientProtocolClient.java:onNext(255)) - client-54CC064C3FCE->8224e767-71c1-41fc-a01a-d172d48fd9d8: receive RaftClientReply:client-54CC064C3FCE->8224e767-71c1-41fc-a01a-d172d48fd9d8@group-F6B37CC92441, cid=2644, SUCCESS, logIndex=3931, commits[8224e767-71c1-41fc-a01a-d172d48fd9d8:c3931, 6eae0c21-01aa-4169-956f-5952b26ea7ba:c3928, 8d7dcba1-3b82-4d94-a832-514ef5c79cf8:c3928]
 0.00% |█                                                                                                    |  0/1 Time: 0:00:222019-08-21 02:17:32,102 | INFO  | SCMAudit | user=jenkins1000 | ip=192.168.34.10 | op=SEND_HEARTBEAT {datanodeUUID=94764dae-819c-4b7e-92f1-9cd6c64427b7, command=[]} | ret=SUCCESS |  
2019-08-21 02:17:32,103 | INFO  | SCMAudit | user=jenkins1000 | ip=192.168.34.10 | op=SEND_HEARTBEAT {datanodeUUID=3def7c30-cb13-4f41-8119-6188f246ad27, command=[]} | ret=SUCCESS |  
2019-08-21 02:17:32,106 | INFO  | SCMAudit | user=jenkins1000 | ip=192.168.34.10 | op=SEND_HEARTBEAT {datanodeUUID=8d7dcba1-3b82-4d94-a832-514ef5c79cf8, command=[]} | ret=SUCCESS |  
2019-08-21 02:17:32,107 | INFO  | SCMAudit | user=jenkins1000 | ip=192.168.34.10 | op=SEND_HEARTBEAT {datanodeUUID=8224e767-71c1-41fc-a01a-d172d48fd9d8, command=[]} | ret=SUCCESS |  
2019-08-21 02:17:32,107 | INFO  | SCMAudit | user=jenkins1000 | ip=192.168.34.10 | op=SEND_HEARTBEAT {datanodeUUID=6eae0c21-01aa-4169-956f-5952b26ea7ba, command=[]} | ret=SUCCESS |  
2019-08-21 02:17:32,109 | INFO  | DNAudit | user=null | ip=null | op=WRITE_CHUNK {blockData=conID: 1 locID: 102652566046573151 bcsId: 3928} | ret=SUCCESS |  
2019-08-21 02:17:32,109 | INFO  | DNAudit | user=null | ip=null | op=WRITE_CHUNK {blockData=conID: 1 locID: 102652566046573151 bcsId: 3928} | ret=SUCCESS |  
2019-08-21 02:17:32,110 | INFO  | DNAudit | user=null | ip=null | op=PUT_BLOCK {blockData=[blockId=conID: 1 locID: 102652566046573151 bcsId: 0,size=4194304]} | ret=SUCCESS |  
2019-08-21 02:17:32,110 | INFO  | DNAudit | user=null | ip=null | op=PUT_BLOCK {blockData=[blockId=conID: 1 locID: 102652566046573151 bcsId: 0,size=4194304]} | ret=SUCCESS |  
2019-08-21 02:17:32,111 [grpc-default-executor-4] INFO  client.GrpcClientProtocolClient (GrpcClientProtocolClient.java:onNext(255)) - client-54CC064C3FCE->8224e767-71c1-41fc-a01a-d172d48fd9d8: receive RaftClientReply:client-54CC064C3FCE->8224e767-71c1-41fc-a01a-d172d48fd9d8@group-F6B37CC92441, cid=2645, SUCCESS, logIndex=0, commits[8224e767-71c1-41fc-a01a-d172d48fd9d8:c3932, 6eae0c21-01aa-4169-956f-5952b26ea7ba:c3931, 8d7dcba1-3b82-4d94-a832-514ef5c79cf8:c3931]
2019-08-21 02:17:32,116 | INFO  | SCMAudit | user=jenkins1000 | ip=192.168.34.10 | op=ALLOCATE_BLOCK {owner=b6f66289-f2a0-4058-b052-0a85e40df67b, size=4194304, type=RATIS, factor=THREE} | ret=SUCCESS |  
2019-08-21 02:17:32,118 | INFO  | OMAudit | user=jenkins1000 | ip=127.0.0.1 | op=ALLOCATE_BLOCK {volume=vol-0-90982, bucket=bucket-0-24269, key=key-0-81262, dataSize=0, replicationType=null, replicationFactor=null, keyLocationInfo=null, clientID=102652564580991378} | ret=SUCCESS |  
2019-08-21 02:17:32,125 | INFO  | DNAudit | user=null | ip=null | op=WRITE_CHUNK {blockData=conID: 2 locID: 102652566052209248 bcsId: 0} | ret=SUCCESS |  
2019-08-21 02:17:32,127 | INFO  | DNAudit | user=null | ip=null | op=WRITE_CHUNK {blockData=conID: 2 locID: 102652566052209248 bcsId: 0} | ret=SUCCESS |  
2019-08-21 02:17:32,128 | INFO  | DNAudit | user=null | ip=null | op=WRITE_CHUNK {blockData=conID: 2 locID: 102652566052209248 bcsId: 0} | ret=SUCCESS |  
2019-08-21 02:17:32,129 | INFO  | DNAudit | user=null | ip=null | op=WRITE_CHUNK {blockData=conID: 2 locID: 102652566052209248 bcsId: 0} | ret=SUCCESS |  
2019-08-21 02:17:32,129 | INFO  | DNAudit | user=null | ip=null | op=WRITE_CHUNK {blockData=conID: 2 locID: 102652566052209248 bcsId: 0} | ret=SUCCESS |  
2019-08-21 02:17:32,130 | INFO  | DNAudit | user=null | ip=null | op=WRITE_CHUNK {blockData=conID: 2 locID: 102652566052209248 bcsId: 0} | ret=SUCCESS |  
2019-08-21 02:17:32,138 | INFO  | DNAudit | user=null | ip=null | op=WRITE_CHUNK {blockData=conID: 2 locID: 102652566052209248 bcsId: 0} | ret=SUCCESS |  
2019-08-21 02:17:32,138 | INFO  | DNAudit | user=null | ip=null | op=PUT_BLOCK {blockData=[blockId=conID: 2 locID: 102652566052209248 bcsId: 0,size=1048576]} | ret=SUCCESS |  
2019-08-21 02:17:32,139 | INFO  | DNAudit | user=null | ip=null | op=WRITE_CHUNK {blockData=conID: 2 locID: 102652566052209248 bcsId: 0} | ret=SUCCESS |  
2019-08-21 02:17:32,139 [grpc-default-executor-3] INFO  client.GrpcClientProtocolClient (GrpcClientProtocolClient.java:onNext(255)) - client-54CC064C3FCE->8224e767-71c1-41fc-a01a-d172d48fd9d8: receive RaftClientReply:client-54CC064C3FCE->8224e767-71c1-41fc-a01a-d172d48fd9d8@group-F6B37CC92441, cid=2646, SUCCESS, logIndex=3934, commits[8224e767-71c1-41fc-a01a-d172d48fd9d8:c3935, 6eae0c21-01aa-4169-956f-5952b26ea7ba:c3933, 8d7dcba1-3b82-4d94-a832-514ef5c79cf8:c3933]
2019-08-21 02:17:32,139 | INFO  | DNAudit | user=null | ip=null | op=WRITE_CHUNK {blockData=conID: 2 locID: 102652566052209248 bcsId: 0} | ret=SUCCESS |  
2019-08-21 02:17:32,139 | INFO  | DNAudit | user=null | ip=null | op=PUT_BLOCK {blockData=[blockId=conID: 2 locID: 102652566052209248 bcsId: 0,size=2097152]} | ret=SUCCESS |  
2019-08-21 02:17:32,139 | INFO  | DNAudit | user=null | ip=null | op=WRITE_CHUNK {blockData=conID: 2 locID: 102652566052209248 bcsId: 0} | ret=SUCCESS |  
2019-08-21 02:17:32,139 [grpc-default-executor-3] INFO  client.GrpcClientProtocolClient (GrpcClientProtocolClient.java:onNext(255)) - client-54CC064C3FCE->8224e767-71c1-41fc-a01a-d172d48fd9d8: receive RaftClientReply:client-54CC064C3FCE->8224e767-71c1-41fc-a01a-d172d48fd9d8@group-F6B37CC92441, cid=2647, SUCCESS, logIndex=3935, commits[8224e767-71c1-41fc-a01a-d172d48fd9d8:c3937, 6eae0c21-01aa-4169-956f-5952b26ea7ba:c3933, 8d7dcba1-3b82-4d94-a832-514ef5c79cf8:c3933]
2019-08-21 02:17:32,139 | INFO  | DNAudit | user=null | ip=null | op=PUT_BLOCK {blockData=[blockId=conID: 2 locID: 102652566052209248 bcsId: 0,size=1048576]} | ret=SUCCESS |  
2019-08-21 02:17:32,139 [grpc-default-executor-1] INFO  client.GrpcClientProtocolClient (GrpcClientProtocolClient.java:onNext(255)) - client-54CC064C3FCE->8224e767-71c1-41fc-a01a-d172d48fd9d8: receive RaftClientReply:client-54CC064C3FCE->8224e767-71c1-41fc-a01a-d172d48fd9d8@group-F6B37CC92441, cid=2648, SUCCESS, logIndex=3936, commits[8224e767-71c1-41fc-a01a-d172d48fd9d8:c3937, 6eae0c21-01aa-4169-956f-5952b26ea7ba:c3933, 8d7dcba1-3b82-4d94-a832-514ef5c79cf8:c3933]
2019-08-21 02:17:32,140 [grpc-default-executor-1] INFO  client.GrpcClientProtocolClient (GrpcClientProtocolClient.java:onNext(255)) - client-54CC064C3FCE->8224e767-71c1-41fc-a01a-d172d48fd9d8: receive RaftClientReply:client-54CC064C3FCE->8224e767-71c1-41fc-a01a-d172d48fd9d8@group-F6B37CC92441, cid=2649, SUCCESS, logIndex=3937, commits[8224e767-71c1-41fc-a01a-d172d48fd9d8:c3937, 6eae0c21-01aa-4169-956f-5952b26ea7ba:c3933, 8d7dcba1-3b82-4d94-a832-514ef5c79cf8:c3933]
2019-08-21 02:17:32,140 | INFO  | DNAudit | user=null | ip=null | op=PUT_BLOCK {blockData=[blockId=conID: 2 locID: 102652566052209248 bcsId: 0,size=1048576]} | ret=SUCCESS |  
2019-08-21 02:17:32,141 | INFO  | DNAudit | user=null | ip=null | op=WRITE_CHUNK {blockData=conID: 2 locID: 102652566052209248 bcsId: 0} | ret=SUCCESS |  
2019-08-21 02:17:32,141 | INFO  | DNAudit | user=null | ip=null | op=WRITE_CHUNK {blockData=conID: 2 locID: 102652566052209248 bcsId: 0} | ret=SUCCESS |  
2019-08-21 02:17:32,141 | INFO  | DNAudit | user=null | ip=null | op=PUT_BLOCK {blockData=[blockId=conID: 2 locID: 102652566052209248 bcsId: 0,size=2097152]} | ret=SUCCESS |  
2019-08-21 02:17:32,141 | INFO  | DNAudit | user=null | ip=null | op=PUT_BLOCK {blockData=[blockId=conID: 2 locID: 102652566052209248 bcsId: 0,size=2097152]} | ret=SUCCESS |  
2019-08-21 02:17:32,141 [grpc-default-executor-3] INFO  client.GrpcClientProtocolClient (GrpcClientProtocolClient.java:onNext(255)) - client-54CC064C3FCE->8224e767-71c1-41fc-a01a-d172d48fd9d8: receive RaftClientReply:client-54CC064C3FCE->8224e767-71c1-41fc-a01a-d172d48fd9d8@group-F6B37CC92441, cid=2650, SUCCESS, logIndex=0, commits[8224e767-71c1-41fc-a01a-d172d48fd9d8:c3938, 6eae0c21-01aa-4169-956f-5952b26ea7ba:c3935, 8d7dcba1-3b82-4d94-a832-514ef5c79cf8:c3935]
2019-08-21 02:17:32,148 | INFO  | DNAudit | user=null | ip=null | op=WRITE_CHUNK {blockData=conID: 2 locID: 102652566052209248 bcsId: 3937} | ret=SUCCESS |  
2019-08-21 02:17:32,150 | INFO  | DNAudit | user=null | ip=null | op=WRITE_CHUNK {blockData=conID: 2 locID: 102652566052209248 bcsId: 3937} | ret=SUCCESS |  
2019-08-21 02:17:32,150 | INFO  | DNAudit | user=null | ip=null | op=WRITE_CHUNK {blockData=conID: 2 locID: 102652566052209248 bcsId: 3937} | ret=SUCCESS |  
2019-08-21 02:17:32,160 | INFO  | DNAudit | user=null | ip=null | op=WRITE_CHUNK {blockData=conID: 2 locID: 102652566052209248 bcsId: 3937} | ret=SUCCESS |  
2019-08-21 02:17:32,160 | INFO  | DNAudit | user=null | ip=null | op=PUT_BLOCK {blockData=[blockId=conID: 2 locID: 102652566052209248 bcsId: 0,size=3145728]} | ret=SUCCESS |  
2019-08-21 02:17:32,161 [grpc-default-executor-4] INFO  client.GrpcClientProtocolClient (GrpcClientProtocolClient.java:onNext(255)) - client-54CC064C3FCE->8224e767-71c1-41fc-a01a-d172d48fd9d8: receive RaftClientReply:client-54CC064C3FCE->8224e767-71c1-41fc-a01a-d172d48fd9d8@group-F6B37CC92441, cid=2651, SUCCESS, logIndex=3941, commits[8224e767-71c1-41fc-a01a-d172d48fd9d8:c3942, 6eae0c21-01aa-4169-956f-5952b26ea7ba:c3940, 8d7dcba1-3b82-4d94-a832-514ef5c79cf8:c3940]
2019-08-21 02:17:32,161 [grpc-default-executor-4] INFO  client.GrpcClientProtocolClient (GrpcClientProtocolClient.java:onNext(255)) - client-54CC064C3FCE->8224e767-71c1-41fc-a01a-d172d48fd9d8: receive RaftClientReply:client-54CC064C3FCE->8224e767-71c1-41fc-a01a-d172d48fd9d8@group-F6B37CC92441, cid=2652, SUCCESS, logIndex=3942, commits[8224e767-71c1-41fc-a01a-d172d48fd9d8:c3942, 6eae0c21-01aa-4169-956f-5952b26ea7ba:c3940, 8d7dcba1-3b82-4d94-a832-514ef5c79cf8:c3940]
2019-08-21 02:17:32,168 | INFO  | DNAudit | user=null | ip=null | op=WRITE_CHUNK {blockData=conID: 2 locID: 102652566052209248 bcsId: 3942} | ret=SUCCESS |  
2019-08-21 02:17:32,170 | INFO  | DNAudit | user=null | ip=null | op=WRITE_CHUNK {blockData=conID: 2 locID: 102652566052209248 bcsId: 3942} | ret=SUCCESS |  
2019-08-21 02:17:32,170 | INFO  | DNAudit | user=null | ip=null | op=WRITE_CHUNK {blockData=conID: 2 locID: 102652566052209248 bcsId: 3942} | ret=SUCCESS |  
2019-08-21 02:17:32,180 | INFO  | DNAudit | user=null | ip=null | op=WRITE_CHUNK {blockData=conID: 2 locID: 102652566052209248 bcsId: 3937} | ret=SUCCESS |  
2019-08-21 02:17:32,180 | INFO  | DNAudit | user=null | ip=null | op=WRITE_CHUNK {blockData=conID: 2 locID: 102652566052209248 bcsId: 3937} | ret=SUCCESS |  
2019-08-21 02:17:32,182 | INFO  | DNAudit | user=null | ip=null | op=PUT_BLOCK {blockData=[blockId=conID: 2 locID: 102652566052209248 bcsId: 0,size=3145728]} | ret=SUCCESS |  
2019-08-21 02:17:32,182 | INFO  | DNAudit | user=null | ip=null | op=PUT_BLOCK {blockData=[blockId=conID: 2 locID: 102652566052209248 bcsId: 0,size=3145728]} | ret=SUCCESS |  
2019-08-21 02:17:32,182 | INFO  | DNAudit | user=null | ip=null | op=WRITE_CHUNK {blockData=conID: 2 locID: 102652566052209248 bcsId: 3942} | ret=SUCCESS |  
2019-08-21 02:17:32,183 | INFO  | DNAudit | user=null | ip=null | op=PUT_BLOCK {blockData=[blockId=conID: 2 locID: 102652566052209248 bcsId: 0,size=4194304]} | ret=SUCCESS |  
2019-08-21 02:17:32,183 [grpc-default-executor-3] INFO  client.GrpcClientProtocolClient (GrpcClientProtocolClient.java:onNext(255)) - client-54CC064C3FCE->8224e767-71c1-41fc-a01a-d172d48fd9d8: receive RaftClientReply:client-54CC064C3FCE->8224e767-71c1-41fc-a01a-d172d48fd9d8@group-F6B37CC92441, cid=2653, SUCCESS, logIndex=3945, commits[8224e767-71c1-41fc-a01a-d172d48fd9d8:c3946, 6eae0c21-01aa-4169-956f-5952b26ea7ba:c3942, 8d7dcba1-3b82-4d94-a832-514ef5c79cf8:c3942]
2019-08-21 02:17:32,184 [grpc-default-executor-3] INFO  client.GrpcClientProtocolClient (GrpcClientProtocolClient.java:onNext(255)) - client-54CC064C3FCE->8224e767-71c1-41fc-a01a-d172d48fd9d8: receive RaftClientReply:client-54CC064C3FCE->8224e767-71c1-41fc-a01a-d172d48fd9d8@group-F6B37CC92441, cid=2654, SUCCESS, logIndex=3946, commits[8224e767-71c1-41fc-a01a-d172d48fd9d8:c3946, 6eae0c21-01aa-4169-956f-5952b26ea7ba:c3942, 8d7dcba1-3b82-4d94-a832-514ef5c79cf8:c3942]
2019-08-21 02:17:32,194 | INFO  | DNAudit | user=null | ip=null | op=WRITE_CHUNK {blockData=conID: 2 locID: 102652566052209248 bcsId: 3942} | ret=SUCCESS |  
2019-08-21 02:17:32,194 | INFO  | DNAudit | user=null | ip=null | op=WRITE_CHUNK {blockData=conID: 2 locID: 102652566052209248 bcsId: 3942} | ret=SUCCESS |  
2019-08-21 02:17:32,194 | INFO  | DNAudit | user=null | ip=null | op=PUT_BLOCK {blockData=[blockId=conID: 2 locID: 102652566052209248 bcsId: 0,size=4194304]} | ret=SUCCESS |  
2019-08-21 02:17:32,197 | INFO  | DNAudit | user=null | ip=null | op=PUT_BLOCK {blockData=[blockId=conID: 2 locID: 102652566052209248 bcsId: 0,size=4194304]} | ret=SUCCESS |  
2019-08-21 02:17:32,197 [grpc-default-executor-3] INFO  client.GrpcClientProtocolClient (GrpcClientProtocolClient.java:onNext(255)) - client-54CC064C3FCE->8224e767-71c1-41fc-a01a-d172d48fd9d8: receive RaftClientReply:client-54CC064C3FCE->8224e767-71c1-41fc-a01a-d172d48fd9d8@group-F6B37CC92441, cid=2655, SUCCESS, logIndex=0, commits[8224e767-71c1-41fc-a01a-d172d48fd9d8:c3947, 6eae0c21-01aa-4169-956f-5952b26ea7ba:c3946, 8d7dcba1-3b82-4d94-a832-514ef5c79cf8:c3946]
2019-08-21 02:17:32,203 | INFO  | SCMAudit | user=jenkins1000 | ip=192.168.34.10 | op=ALLOCATE_BLOCK {owner=b6f66289-f2a0-4058-b052-0a85e40df67b, size=4194304, type=RATIS, factor=THREE} | ret=SUCCESS |  
2019-08-21 02:17:32,207 | INFO  | OMAudit | user=jenkins1000 | ip=127.0.0.1 | op=ALLOCATE_BLOCK {volume=vol-0-90982, bucket=bucket-0-24269, key=key-0-81262, dataSize=0, replicationType=null, replicationFactor=null, keyLocationInfo=null, clientID=102652564580991378} | ret=SUCCESS |  
2019-08-21 02:17:32,213 | INFO  | DNAudit | user=null | ip=null | op=WRITE_CHUNK {blockData=conID: 3 locID: 102652566057976417 bcsId: 0} | ret=SUCCESS |  
2019-08-21 02:17:32,216 | INFO  | DNAudit | user=null | ip=null | op=WRITE_CHUNK {blockData=conID: 3 locID: 102652566057976417 bcsId: 0} | ret=SUCCESS |  
2019-08-21 02:17:32,216 | INFO  | DNAudit | user=null | ip=null | op=WRITE_CHUNK {blockData=conID: 3 locID: 102652566057976417 bcsId: 0} | ret=SUCCESS |  
2019-08-21 02:17:32,216 | INFO  | DNAudit | user=null | ip=null | op=WRITE_CHUNK {blockData=conID: 3 locID: 102652566057976417 bcsId: 0} | ret=SUCCESS |  
2019-08-21 02:17:32,216 | INFO  | DNAudit | user=null | ip=null | op=WRITE_CHUNK {blockData=conID: 3 locID: 102652566057976417 bcsId: 0} | ret=SUCCESS |  
2019-08-21 02:17:32,217 | INFO  | DNAudit | user=null | ip=null | op=WRITE_CHUNK {blockData=conID: 3 locID: 102652566057976417 bcsId: 0} | ret=SUCCESS |  
2019-08-21 02:17:32,229 | INFO  | DNAudit | user=null | ip=null | op=WRITE_CHUNK {blockData=conID: 3 locID: 102652566057976417 bcsId: 0} | ret=SUCCESS |  
2019-08-21 02:17:32,230 | INFO  | DNAudit | user=null | ip=null | op=PUT_BLOCK {blockData=[blockId=conID: 3 locID: 102652566057976417 bcsId: 0,size=1048576]} | ret=SUCCESS |  
2019-08-21 02:17:32,230 | INFO  | DNAudit | user=null | ip=null | op=WRITE_CHUNK {blockData=conID: 3 locID: 102652566057976417 bcsId: 0} | ret=SUCCESS |  
2019-08-21 02:17:32,230 [grpc-default-executor-3] INFO  client.GrpcClientProtocolClient (GrpcClientProtocolClient.java:onNext(255)) - client-54CC064C3FCE->8224e767-71c1-41fc-a01a-d172d48fd9d8: receive RaftClientReply:client-54CC064C3FCE->8224e767-71c1-41fc-a01a-d172d48fd9d8@group-F6B37CC92441, cid=2656, SUCCESS, logIndex=3949, commits[8224e767-71c1-41fc-a01a-d172d48fd9d8:c3950, 6eae0c21-01aa-4169-956f-5952b26ea7ba:c3948, 8d7dcba1-3b82-4d94-a832-514ef5c79cf8:c3948]
2019-08-21 02:17:32,230 | INFO  | DNAudit | user=null | ip=null | op=PUT_BLOCK {blockData=[blockId=conID: 3 locID: 102652566057976417 bcsId: 0,size=2097152]} | ret=SUCCESS |  
2019-08-21 02:17:32,231 [grpc-default-executor-3] INFO  client.GrpcClientProtocolClient (GrpcClientProtocolClient.java:onNext(255)) - client-54CC064C3FCE->8224e767-71c1-41fc-a01a-d172d48fd9d8: receive RaftClientReply:client-54CC064C3FCE->8224e767-71c1-41fc-a01a-d172d48fd9d8@group-F6B37CC92441, cid=2657, SUCCESS, logIndex=3950, commits[8224e767-71c1-41fc-a01a-d172d48fd9d8:c3952, 6eae0c21-01aa-4169-956f-5952b26ea7ba:c3948, 8d7dcba1-3b82-4d94-a832-514ef5c79cf8:c3948]
2019-08-21 02:17:32,231 [grpc-default-executor-3] INFO  client.GrpcClientProtocolClient (GrpcClientProtocolClient.java:onNext(255)) - client-54CC064C3FCE->8224e767-71c1-41fc-a01a-d172d48fd9d8: receive RaftClientReply:client-54CC064C3FCE->8224e767-71c1-41fc-a01a-d172d48fd9d8@group-F6B37CC92441, cid=2658, SUCCESS, logIndex=3951, commits[8224e767-71c1-41fc-a01a-d172d48fd9d8:c3952, 6eae0c21-01aa-4169-956f-5952b26ea7ba:c3948, 8d7dcba1-3b82-4d94-a832-514ef5c79cf8:c3948]
2019-08-21 02:17:32,231 [grpc-default-executor-3] INFO  client.GrpcClientProtocolClient (GrpcClientProtocolClient.java:onNext(255)) - client-54CC064C3FCE->8224e767-71c1-41fc-a01a-d172d48fd9d8: receive RaftClientReply:client-54CC064C3FCE->8224e767-71c1-41fc-a01a-d172d48fd9d8@group-F6B37CC92441, cid=2659, SUCCESS, logIndex=3952, commits[8224e767-71c1-41fc-a01a-d172d48fd9d8:c3952, 6eae0c21-01aa-4169-956f-5952b26ea7ba:c3948, 8d7dcba1-3b82-4d94-a832-514ef5c79cf8:c3948]
2019-08-21 02:17:32,240 | INFO  | DNAudit | user=null | ip=null | op=WRITE_CHUNK {blockData=conID: 3 locID: 102652566057976417 bcsId: 0} | ret=SUCCESS |  
2019-08-21 02:17:32,240 | INFO  | DNAudit | user=null | ip=null | op=WRITE_CHUNK {blockData=conID: 3 locID: 102652566057976417 bcsId: 0} | ret=SUCCESS |  
2019-08-21 02:17:32,240 | INFO  | DNAudit | user=null | ip=null | op=PUT_BLOCK {blockData=[blockId=conID: 3 locID: 102652566057976417 bcsId: 0,size=1048576]} | ret=SUCCESS |  
2019-08-21 02:17:32,243 | INFO  | DNAudit | user=null | ip=null | op=PUT_BLOCK {blockData=[blockId=conID: 3 locID: 102652566057976417 bcsId: 0,size=1048576]} | ret=SUCCESS |  
2019-08-21 02:17:32,243 | INFO  | DNAudit | user=null | ip=null | op=WRITE_CHUNK {blockData=conID: 3 locID: 102652566057976417 bcsId: 0} | ret=SUCCESS |  
2019-08-21 02:17:32,243 | INFO  | DNAudit | user=null | ip=null | op=WRITE_CHUNK {blockData=conID: 3 locID: 102652566057976417 bcsId: 0} | ret=SUCCESS |  
2019-08-21 02:17:32,243 | INFO  | DNAudit | user=null | ip=null | op=PUT_BLOCK {blockData=[blockId=conID: 3 locID: 102652566057976417 bcsId: 0,size=2097152]} | ret=SUCCESS |  
2019-08-21 02:17:32,243 | INFO  | DNAudit | user=null | ip=null | op=PUT_BLOCK {blockData=[blockId=conID: 3 locID: 102652566057976417 bcsId: 0,size=2097152]} | ret=SUCCESS |  
2019-08-21 02:17:32,243 [grpc-default-executor-3] INFO  client.GrpcClientProtocolClient (GrpcClientProtocolClient.java:onNext(255)) - client-54CC064C3FCE->8224e767-71c1-41fc-a01a-d172d48fd9d8: receive RaftClientReply:client-54CC064C3FCE->8224e767-71c1-41fc-a01a-d172d48fd9d8@group-F6B37CC92441, cid=2660, SUCCESS, logIndex=0, commits[8224e767-71c1-41fc-a01a-d172d48fd9d8:c3954, 6eae0c21-01aa-4169-956f-5952b26ea7ba:c3950, 8d7dcba1-3b82-4d94-a832-514ef5c79cf8:c3950]
2019-08-21 02:17:32,249 | INFO  | DNAudit | user=null | ip=null | op=WRITE_CHUNK {blockData=conID: 3 locID: 102652566057976417 bcsId: 3952} | ret=SUCCESS |  
2019-08-21 02:17:32,251 | INFO  | DNAudit | user=null | ip=null | op=WRITE_CHUNK {blockData=conID: 3 locID: 102652566057976417 bcsId: 3952} | ret=SUCCESS |  
2019-08-21 02:17:32,252 | INFO  | DNAudit | user=null | ip=null | op=WRITE_CHUNK {blockData=conID: 3 locID: 102652566057976417 bcsId: 3952} | ret=SUCCESS |  
2019-08-21 02:17:32,262 | INFO  | DNAudit | user=null | ip=null | op=WRITE_CHUNK {blockData=conID: 3 locID: 102652566057976417 bcsId: 3952} | ret=SUCCESS |  
2019-08-21 02:17:32,262 | INFO  | DNAudit | user=null | ip=null | op=PUT_BLOCK {blockData=[blockId=conID: 3 locID: 102652566057976417 bcsId: 0,size=3145728]} | ret=SUCCESS |  
2019-08-21 02:17:32,262 [grpc-default-executor-1] INFO  client.GrpcClientProtocolClient (GrpcClientProtocolClient.java:onNext(255)) - client-54CC064C3FCE->8224e767-71c1-41fc-a01a-d172d48fd9d8: receive RaftClientReply:client-54CC064C3FCE->8224e767-71c1-41fc-a01a-d172d48fd9d8@group-F6B37CC92441, cid=2661, SUCCESS, logIndex=3956, commits[8224e767-71c1-41fc-a01a-d172d48fd9d8:c3957, 6eae0c21-01aa-4169-956f-5952b26ea7ba:c3955, 8d7dcba1-3b82-4d94-a832-514ef5c79cf8:c3955]
2019-08-21 02:17:32,263 [grpc-default-executor-1] INFO  client.GrpcClientProtocolClient (GrpcClientProtocolClient.java:onNext(255)) - client-54CC064C3FCE->8224e767-71c1-41fc-a01a-d172d48fd9d8: receive RaftClientReply:client-54CC064C3FCE->8224e767-71c1-41fc-a01a-d172d48fd9d8@group-F6B37CC92441, cid=2662, SUCCESS, logIndex=3957, commits[8224e767-71c1-41fc-a01a-d172d48fd9d8:c3957, 6eae0c21-01aa-4169-956f-5952b26ea7ba:c3955, 8d7dcba1-3b82-4d94-a832-514ef5c79cf8:c3955]
2019-08-21 02:17:32,269 | INFO  | DNAudit | user=null | ip=null | op=WRITE_CHUNK {blockData=conID: 3 locID: 102652566057976417 bcsId: 3957} | ret=SUCCESS |  
2019-08-21 02:17:32,271 | INFO  | DNAudit | user=null | ip=null | op=WRITE_CHUNK {blockData=conID: 3 locID: 102652566057976417 bcsId: 3957} | ret=SUCCESS |  
2019-08-21 02:17:32,272 | INFO  | DNAudit | user=null | ip=null | op=WRITE_CHUNK {blockData=conID: 3 locID: 102652566057976417 bcsId: 3957} | ret=SUCCESS |  
2019-08-21 02:17:32,273 | INFO  | DNAudit | user=null | ip=null | op=WRITE_CHUNK {blockData=conID: 3 locID: 102652566057976417 bcsId: 3952} | ret=SUCCESS |  
2019-08-21 02:17:32,273 | INFO  | DNAudit | user=null | ip=null | op=WRITE_CHUNK {blockData=conID: 3 locID: 102652566057976417 bcsId: 3952} | ret=SUCCESS |  
2019-08-21 02:17:32,274 | INFO  | DNAudit | user=null | ip=null | op=PUT_BLOCK {blockData=[blockId=conID: 3 locID: 102652566057976417 bcsId: 0,size=3145728]} | ret=SUCCESS |  
2019-08-21 02:17:32,274 | INFO  | DNAudit | user=null | ip=null | op=PUT_BLOCK {blockData=[blockId=conID: 3 locID: 102652566057976417 bcsId: 0,size=3145728]} | ret=SUCCESS |  
2019-08-21 02:17:32,275 | INFO  | DNAudit | user=null | ip=null | op=WRITE_CHUNK {blockData=conID: 3 locID: 102652566057976417 bcsId: 3957} | ret=SUCCESS |  
2019-08-21 02:17:32,275 | INFO  | DNAudit | user=null | ip=null | op=PUT_BLOCK {blockData=[blockId=conID: 3 locID: 102652566057976417 bcsId: 0,size=4194304]} | ret=SUCCESS |  
2019-08-21 02:17:32,275 [grpc-default-executor-4] INFO  client.GrpcClientProtocolClient (GrpcClientProtocolClient.java:onNext(255)) - client-54CC064C3FCE->8224e767-71c1-41fc-a01a-d172d48fd9d8: receive RaftClientReply:client-54CC064C3FCE->8224e767-71c1-41fc-a01a-d172d48fd9d8@group-F6B37CC92441, cid=2663, SUCCESS, logIndex=3960, commits[8224e767-71c1-41fc-a01a-d172d48fd9d8:c3961, 6eae0c21-01aa-4169-956f-5952b26ea7ba:c3957, 8d7dcba1-3b82-4d94-a832-514ef5c79cf8:c3957]
2019-08-21 02:17:32,276 [grpc-default-executor-4] INFO  client.GrpcClientProtocolClient (GrpcClientProtocolClient.java:onNext(255)) - client-54CC064C3FCE->8224e767-71c1-41fc-a01a-d172d48fd9d8: receive RaftClientReply:client-54CC064C3FCE->8224e767-71c1-41fc-a01a-d172d48fd9d8@group-F6B37CC92441, cid=2664, SUCCESS, logIndex=3961, commits[8224e767-71c1-41fc-a01a-d172d48fd9d8:c3961, 6eae0c21-01aa-4169-956f-5952b26ea7ba:c3957, 8d7dcba1-3b82-4d94-a832-514ef5c79cf8:c3957]
2019-08-21 02:17:32,287 | INFO  | DNAudit | user=null | ip=null | op=WRITE_CHUNK {blockData=conID: 3 locID: 102652566057976417 bcsId: 3957} | ret=SUCCESS |  
2019-08-21 02:17:32,287 | INFO  | DNAudit | user=null | ip=null | op=WRITE_CHUNK {blockData=conID: 3 locID: 102652566057976417 bcsId: 3957} | ret=SUCCESS |  
2019-08-21 02:17:32,290 | INFO  | DNAudit | user=null | ip=null | op=PUT_BLOCK {blockData=[blockId=conID: 3 locID: 102652566057976417 bcsId: 0,size=4194304]} | ret=SUCCESS |  
2019-08-21 02:17:32,290 | INFO  | DNAudit | user=null | ip=null | op=PUT_BLOCK {blockData=[blockId=conID: 3 locID: 102652566057976417 bcsId: 0,size=4194304]} | ret=SUCCESS |  
2019-08-21 02:17:32,290 [grpc-default-executor-1] INFO  client.GrpcClientProtocolClient (GrpcClientProtocolClient.java:onNext(255)) - client-54CC064C3FCE->8224e767-71c1-41fc-a01a-d172d48fd9d8: receive RaftClientReply:client-54CC064C3FCE->8224e767-71c1-41fc-a01a-d172d48fd9d8@group-F6B37CC92441, cid=2665, SUCCESS, logIndex=0, commits[8224e767-71c1-41fc-a01a-d172d48fd9d8:c3963, 6eae0c21-01aa-4169-956f-5952b26ea7ba:c3961, 8d7dcba1-3b82-4d94-a832-514ef5c79cf8:c3961]
2019-08-21 02:17:32,295 | INFO  | SCMAudit | user=jenkins1000 | ip=192.168.34.10 | op=ALLOCATE_BLOCK {owner=b6f66289-f2a0-4058-b052-0a85e40df67b, size=4194304, type=RATIS, factor=THREE} | ret=SUCCESS |  
2019-08-21 02:17:32,298 | INFO  | OMAudit | user=jenkins1000 | ip=127.0.0.1 | op=ALLOCATE_BLOCK {volume=vol-0-90982, bucket=bucket-0-24269, key=key-0-81262, dataSize=0, replicationType=null, replicationFactor=null, keyLocationInfo=null, clientID=102652564580991378} | ret=SUCCESS |  
2019-08-21 02:17:32,304 | INFO  | DNAudit | user=null | ip=null | op=WRITE_CHUNK {blockData=conID: 1 locID: 102652566064005730 bcsId: 0} | ret=SUCCESS |  
2019-08-21 02:17:32,411 | INFO  | DNAudit | user=null | ip=null | op=WRITE_CHUNK {blockData=conID: 1 locID: 102652566064005730 bcsId: 0} | ret=SUCCESS |  
2019-08-21 02:17:32,413 | INFO  | DNAudit | user=null | ip=null | op=WRITE_CHUNK {blockData=conID: 1 locID: 102652566064005730 bcsId: 0} | ret=SUCCESS |  
2019-08-21 02:17:32,414 | INFO  | DNAudit | user=null | ip=null | op=WRITE_CHUNK {blockData=conID: 1 locID: 102652566064005730 bcsId: 0} | ret=SUCCESS |  
2019-08-21 02:17:32,416 | INFO  | DNAudit | user=null | ip=null | op=WRITE_CHUNK {blockData=conID: 1 locID: 102652566064005730 bcsId: 0} | ret=SUCCESS |  
2019-08-21 02:17:32,416 | INFO  | DNAudit | user=null | ip=null | op=WRITE_CHUNK {blockData=conID: 1 locID: 102652566064005730 bcsId: 0} | ret=SUCCESS |  
2019-08-21 02:17:32,424 | INFO  | DNAudit | user=null | ip=null | op=WRITE_CHUNK {blockData=conID: 1 locID: 102652566064005730 bcsId: 0} | ret=SUCCESS |  
2019-08-21 02:17:32,425 | INFO  | DNAudit | user=null | ip=null | op=PUT_BLOCK {blockData=[blockId=conID: 1 locID: 102652566064005730 bcsId: 0,size=1048576]} | ret=SUCCESS |  
2019-08-21 02:17:32,425 | INFO  | DNAudit | user=null | ip=null | op=WRITE_CHUNK {blockData=conID: 1 locID: 102652566064005730 bcsId: 0} | ret=SUCCESS |  
2019-08-21 02:17:32,425 [grpc-default-executor-4] INFO  client.GrpcClientProtocolClient (GrpcClientProtocolClient.java:onNext(255)) - client-54CC064C3FCE->8224e767-71c1-41fc-a01a-d172d48fd9d8: receive RaftClientReply:client-54CC064C3FCE->8224e767-71c1-41fc-a01a-d172d48fd9d8@group-F6B37CC92441, cid=2666, SUCCESS, logIndex=3964, commits[8224e767-71c1-41fc-a01a-d172d48fd9d8:c3967, 6eae0c21-01aa-4169-956f-5952b26ea7ba:c3963, 8d7dcba1-3b82-4d94-a832-514ef5c79cf8:c3963]
2019-08-21 02:17:32,426 | INFO  | DNAudit | user=null | ip=null | op=PUT_BLOCK {blockData=[blockId=conID: 1 locID: 102652566064005730 bcsId: 0,size=2097152]} | ret=SUCCESS |  
2019-08-21 02:17:32,426 [grpc-default-executor-4] INFO  client.GrpcClientProtocolClient (GrpcClientProtocolClient.java:onNext(255)) - client-54CC064C3FCE->8224e767-71c1-41fc-a01a-d172d48fd9d8: receive RaftClientReply:client-54CC064C3FCE->8224e767-71c1-41fc-a01a-d172d48fd9d8@group-F6B37CC92441, cid=2667, SUCCESS, logIndex=3965, commits[8224e767-71c1-41fc-a01a-d172d48fd9d8:c3967, 6eae0c21-01aa-4169-956f-5952b26ea7ba:c3963, 8d7dcba1-3b82-4d94-a832-514ef5c79cf8:c3963]
2019-08-21 02:17:32,426 [grpc-default-executor-4] INFO  client.GrpcClientProtocolClient (GrpcClientProtocolClient.java:onNext(255)) - client-54CC064C3FCE->8224e767-71c1-41fc-a01a-d172d48fd9d8: receive RaftClientReply:client-54CC064C3FCE->8224e767-71c1-41fc-a01a-d172d48fd9d8@group-F6B37CC92441, cid=2668, SUCCESS, logIndex=3966, commits[8224e767-71c1-41fc-a01a-d172d48fd9d8:c3967, 6eae0c21-01aa-4169-956f-5952b26ea7ba:c3963, 8d7dcba1-3b82-4d94-a832-514ef5c79cf8:c3963]
2019-08-21 02:17:32,426 [grpc-default-executor-4] INFO  client.GrpcClientProtocolClient (GrpcClientProtocolClient.java:onNext(255)) - client-54CC064C3FCE->8224e767-71c1-41fc-a01a-d172d48fd9d8: receive RaftClientReply:client-54CC064C3FCE->8224e767-71c1-41fc-a01a-d172d48fd9d8@group-F6B37CC92441, cid=2669, SUCCESS, logIndex=3967, commits[8224e767-71c1-41fc-a01a-d172d48fd9d8:c3967, 6eae0c21-01aa-4169-956f-5952b26ea7ba:c3963, 8d7dcba1-3b82-4d94-a832-514ef5c79cf8:c3963]
2019-08-21 02:17:32,436 | INFO  | DNAudit | user=null | ip=null | op=WRITE_CHUNK {blockData=conID: 1 locID: 102652566064005730 bcsId: 0} | ret=SUCCESS |  
2019-08-21 02:17:32,436 | INFO  | DNAudit | user=null | ip=null | op=WRITE_CHUNK {blockData=conID: 1 locID: 102652566064005730 bcsId: 0} | ret=SUCCESS |  
2019-08-21 02:17:32,438 | INFO  | DNAudit | user=null | ip=null | op=PUT_BLOCK {blockData=[blockId=conID: 1 locID: 102652566064005730 bcsId: 0,size=1048576]} | ret=SUCCESS |  
2019-08-21 02:17:32,439 | INFO  | DNAudit | user=null | ip=null | op=PUT_BLOCK {blockData=[blockId=conID: 1 locID: 102652566064005730 bcsId: 0,size=1048576]} | ret=SUCCESS |  
2019-08-21 02:17:32,439 | INFO  | DNAudit | user=null | ip=null | op=WRITE_CHUNK {blockData=conID: 1 locID: 102652566064005730 bcsId: 0} | ret=SUCCESS |  
2019-08-21 02:17:32,439 | INFO  | DNAudit | user=null | ip=null | op=WRITE_CHUNK {blockData=conID: 1 locID: 102652566064005730 bcsId: 0} | ret=SUCCESS |  
2019-08-21 02:17:32,439 | INFO  | DNAudit | user=null | ip=null | op=PUT_BLOCK {blockData=[blockId=conID: 1 locID: 102652566064005730 bcsId: 0,size=2097152]} | ret=SUCCESS |  
2019-08-21 02:17:32,439 | INFO  | DNAudit | user=null | ip=null | op=PUT_BLOCK {blockData=[blockId=conID: 1 locID: 102652566064005730 bcsId: 0,size=2097152]} | ret=SUCCESS |  
2019-08-21 02:17:32,439 [grpc-default-executor-4] INFO  client.GrpcClientProtocolClient (GrpcClientProtocolClient.java:onNext(255)) - client-54CC064C3FCE->8224e767-71c1-41fc-a01a-d172d48fd9d8: receive RaftClientReply:client-54CC064C3FCE->8224e767-71c1-41fc-a01a-d172d48fd9d8@group-F6B37CC92441, cid=2670, SUCCESS, logIndex=0, commits[8224e767-71c1-41fc-a01a-d172d48fd9d8:c3969, 6eae0c21-01aa-4169-956f-5952b26ea7ba:c3967, 8d7dcba1-3b82-4d94-a832-514ef5c79cf8:c3967]
2019-08-21 02:17:32,447 | INFO  | DNAudit | user=null | ip=null | op=WRITE_CHUNK {blockData=conID: 1 locID: 102652566064005730 bcsId: 3967} | ret=SUCCESS |  
2019-08-21 02:17:32,449 | INFO  | DNAudit | user=null | ip=null | op=WRITE_CHUNK {blockData=conID: 1 locID: 102652566064005730 bcsId: 3967} | ret=SUCCESS |  
2019-08-21 02:17:32,450 | INFO  | DNAudit | user=null | ip=null | op=WRITE_CHUNK {blockData=conID: 1 locID: 102652566064005730 bcsId: 3967} | ret=SUCCESS |  
2019-08-21 02:17:32,460 | INFO  | DNAudit | user=null | ip=null | op=WRITE_CHUNK {blockData=conID: 1 locID: 102652566064005730 bcsId: 3967} | ret=SUCCESS |  
2019-08-21 02:17:32,460 | INFO  | DNAudit | user=null | ip=null | op=PUT_BLOCK {blockData=[blockId=conID: 1 locID: 102652566064005730 bcsId: 0,size=3145728]} | ret=SUCCESS |  
2019-08-21 02:17:32,460 [grpc-default-executor-4] INFO  client.GrpcClientProtocolClient (GrpcClientProtocolClient.java:onNext(255)) - client-54CC064C3FCE->8224e767-71c1-41fc-a01a-d172d48fd9d8: receive RaftClientReply:client-54CC064C3FCE->8224e767-71c1-41fc-a01a-d172d48fd9d8@group-F6B37CC92441, cid=2671, SUCCESS, logIndex=3971, commits[8224e767-71c1-41fc-a01a-d172d48fd9d8:c3972, 6eae0c21-01aa-4169-956f-5952b26ea7ba:c3970, 8d7dcba1-3b82-4d94-a832-514ef5c79cf8:c3970]
2019-08-21 02:17:32,461 [grpc-default-executor-4] INFO  client.GrpcClientProtocolClient (GrpcClientProtocolClient.java:onNext(255)) - client-54CC064C3FCE->8224e767-71c1-41fc-a01a-d172d48fd9d8: receive RaftClientReply:client-54CC064C3FCE->8224e767-71c1-41fc-a01a-d172d48fd9d8@group-F6B37CC92441, cid=2672, SUCCESS, logIndex=3972, commits[8224e767-71c1-41fc-a01a-d172d48fd9d8:c3972, 6eae0c21-01aa-4169-956f-5952b26ea7ba:c3970, 8d7dcba1-3b82-4d94-a832-514ef5c79cf8:c3970]
2019-08-21 02:17:32,468 | INFO  | DNAudit | user=null | ip=null | op=WRITE_CHUNK {blockData=conID: 1 locID: 102652566064005730 bcsId: 3972} | ret=SUCCESS |  
2019-08-21 02:17:32,470 | INFO  | DNAudit | user=null | ip=null | op=WRITE_CHUNK {blockData=conID: 1 locID: 102652566064005730 bcsId: 3972} | ret=SUCCESS |  
2019-08-21 02:17:32,470 | INFO  | DNAudit | user=null | ip=null | op=WRITE_CHUNK {blockData=conID: 1 locID: 102652566064005730 bcsId: 3972} | ret=SUCCESS |  
2019-08-21 02:17:32,471 | INFO  | DNAudit | user=null | ip=null | op=WRITE_CHUNK {blockData=conID: 1 locID: 102652566064005730 bcsId: 3967} | ret=SUCCESS |  
2019-08-21 02:17:32,471 | INFO  | DNAudit | user=null | ip=null | op=WRITE_CHUNK {blockData=conID: 1 locID: 102652566064005730 bcsId: 3967} | ret=SUCCESS |  
2019-08-21 02:17:32,474 | INFO  | DNAudit | user=null | ip=null | op=PUT_BLOCK {blockData=[blockId=conID: 1 locID: 102652566064005730 bcsId: 0,size=3145728]} | ret=SUCCESS |  
2019-08-21 02:17:32,474 | INFO  | DNAudit | user=null | ip=null | op=PUT_BLOCK {blockData=[blockId=conID: 1 locID: 102652566064005730 bcsId: 0,size=3145728]} | ret=SUCCESS |  
2019-08-21 02:17:32,474 | INFO  | DNAudit | user=null | ip=null | op=WRITE_CHUNK {blockData=conID: 1 locID: 102652566064005730 bcsId: 3972} | ret=SUCCESS |  
2019-08-21 02:17:32,475 | INFO  | DNAudit | user=null | ip=null | op=PUT_BLOCK {blockData=[blockId=conID: 1 locID: 102652566064005730 bcsId: 0,size=4194304]} | ret=SUCCESS |  
2019-08-21 02:17:32,475 [grpc-default-executor-4] INFO  client.GrpcClientProtocolClient (GrpcClientProtocolClient.java:onNext(255)) - client-54CC064C3FCE->8224e767-71c1-41fc-a01a-d172d48fd9d8: receive RaftClientReply:client-54CC064C3FCE->8224e767-71c1-41fc-a01a-d172d48fd9d8@group-F6B37CC92441, cid=2673, SUCCESS, logIndex=3975, commits[8224e767-71c1-41fc-a01a-d172d48fd9d8:c3975, 6eae0c21-01aa-4169-956f-5952b26ea7ba:c3972, 8d7dcba1-3b82-4d94-a832-514ef5c79cf8:c3972]
2019-08-21 02:17:32,475 [grpc-default-executor-4] INFO  client.GrpcClientProtocolClient (GrpcClientProtocolClient.java:onNext(255)) - client-54CC064C3FCE->8224e767-71c1-41fc-a01a-d172d48fd9d8: receive RaftClientReply:client-54CC064C3FCE->8224e767-71c1-41fc-a01a-d172d48fd9d8@group-F6B37CC92441, cid=2674, SUCCESS, logIndex=3976, commits[8224e767-71c1-41fc-a01a-d172d48fd9d8:c3976, 6eae0c21-01aa-4169-956f-5952b26ea7ba:c3972, 8d7dcba1-3b82-4d94-a832-514ef5c79cf8:c3972]
2019-08-21 02:17:32,486 | INFO  | DNAudit | user=null | ip=null | op=WRITE_CHUNK {blockData=conID: 1 locID: 102652566064005730 bcsId: 3972} | ret=SUCCESS |  
2019-08-21 02:17:32,486 | INFO  | DNAudit | user=null | ip=null | op=WRITE_CHUNK {blockData=conID: 1 locID: 102652566064005730 bcsId: 3972} | ret=SUCCESS |  
2019-08-21 02:17:32,489 | INFO  | DNAudit | user=null | ip=null | op=PUT_BLOCK {blockData=[blockId=conID: 1 locID: 102652566064005730 bcsId: 0,size=4194304]} | ret=SUCCESS |  
2019-08-21 02:17:32,489 | INFO  | DNAudit | user=null | ip=null | op=PUT_BLOCK {blockData=[blockId=conID: 1 locID: 102652566064005730 bcsId: 0,size=4194304]} | ret=SUCCESS |  
2019-08-21 02:17:32,489 [grpc-default-executor-1] INFO  client.GrpcClientProtocolClient (GrpcClientProtocolClient.java:onNext(255)) - client-54CC064C3FCE->8224e767-71c1-41fc-a01a-d172d48fd9d8: receive RaftClientReply:client-54CC064C3FCE->8224e767-71c1-41fc-a01a-d172d48fd9d8@group-F6B37CC92441, cid=2675, SUCCESS, logIndex=0, commits[8224e767-71c1-41fc-a01a-d172d48fd9d8:c3977, 6eae0c21-01aa-4169-956f-5952b26ea7ba:c3976, 8d7dcba1-3b82-4d94-a832-514ef5c79cf8:c3976]
2019-08-21 02:17:32,495 | INFO  | SCMAudit | user=jenkins1000 | ip=192.168.34.10 | op=ALLOCATE_BLOCK {owner=b6f66289-f2a0-4058-b052-0a85e40df67b, size=4194304, type=RATIS, factor=THREE} | ret=SUCCESS |  
2019-08-21 02:17:32,498 | INFO  | OMAudit | user=jenkins1000 | ip=127.0.0.1 | op=ALLOCATE_BLOCK {volume=vol-0-90982, bucket=bucket-0-24269, key=key-0-81262, dataSize=0, replicationType=null, replicationFactor=null, keyLocationInfo=null, clientID=102652564580991378} | ret=SUCCESS |  
2019-08-21 02:17:32,505 | INFO  | DNAudit | user=null | ip=null | op=WRITE_CHUNK {blockData=conID: 2 locID: 102652566077112931 bcsId: 0} | ret=SUCCESS |  
2019-08-21 02:17:32,508 | INFO  | DNAudit | user=null | ip=null | op=WRITE_CHUNK {blockData=conID: 2 locID: 102652566077112931 bcsId: 0} | ret=SUCCESS |  
2019-08-21 02:17:32,508 | INFO  | DNAudit | user=null | ip=null | op=WRITE_CHUNK {blockData=conID: 2 locID: 102652566077112931 bcsId: 0} | ret=SUCCESS |  
2019-08-21 02:17:32,508 | INFO  | DNAudit | user=null | ip=null | op=WRITE_CHUNK {blockData=conID: 2 locID: 102652566077112931 bcsId: 0} | ret=SUCCESS |  
2019-08-21 02:17:32,511 | INFO  | DNAudit | user=null | ip=null | op=WRITE_CHUNK {blockData=conID: 2 locID: 102652566077112931 bcsId: 0} | ret=SUCCESS |  
2019-08-21 02:17:32,511 | INFO  | DNAudit | user=null | ip=null | op=WRITE_CHUNK {blockData=conID: 2 locID: 102652566077112931 bcsId: 0} | ret=SUCCESS |  
2019-08-21 02:17:32,518 | INFO  | DNAudit | user=null | ip=null | op=WRITE_CHUNK {blockData=conID: 2 locID: 102652566077112931 bcsId: 0} | ret=SUCCESS |  
2019-08-21 02:17:32,518 | INFO  | DNAudit | user=null | ip=null | op=PUT_BLOCK {blockData=[blockId=conID: 2 locID: 102652566077112931 bcsId: 0,size=1048576]} | ret=SUCCESS |  
2019-08-21 02:17:32,518 [grpc-default-executor-3] INFO  client.GrpcClientProtocolClient (GrpcClientProtocolClient.java:onNext(255)) - client-54CC064C3FCE->8224e767-71c1-41fc-a01a-d172d48fd9d8: receive RaftClientReply:client-54CC064C3FCE->8224e767-71c1-41fc-a01a-d172d48fd9d8@group-F6B37CC92441, cid=2676, SUCCESS, logIndex=3979, commits[8224e767-71c1-41fc-a01a-d172d48fd9d8:c3980, 6eae0c21-01aa-4169-956f-5952b26ea7ba:c3978, 8d7dcba1-3b82-4d94-a832-514ef5c79cf8:c3978]
2019-08-21 02:17:32,519 | INFO  | DNAudit | user=null | ip=null | op=WRITE_CHUNK {blockData=conID: 2 locID: 102652566077112931 bcsId: 0} | ret=SUCCESS |  
2019-08-21 02:17:32,519 | INFO  | DNAudit | user=null | ip=null | op=PUT_BLOCK {blockData=[blockId=conID: 2 locID: 102652566077112931 bcsId: 0,size=2097152]} | ret=SUCCESS |  
2019-08-21 02:17:32,519 [grpc-default-executor-3] INFO  client.GrpcClientProtocolClient (GrpcClientProtocolClient.java:onNext(255)) - client-54CC064C3FCE->8224e767-71c1-41fc-a01a-d172d48fd9d8: receive RaftClientReply:client-54CC064C3FCE->8224e767-71c1-41fc-a01a-d172d48fd9d8@group-F6B37CC92441, cid=2677, SUCCESS, logIndex=3980, commits[8224e767-71c1-41fc-a01a-d172d48fd9d8:c3980, 6eae0c21-01aa-4169-956f-5952b26ea7ba:c3978, 8d7dcba1-3b82-4d94-a832-514ef5c79cf8:c3978]
2019-08-21 02:17:32,519 | INFO  | DNAudit | user=null | ip=null | op=WRITE_CHUNK {blockData=conID: 2 locID: 102652566077112931 bcsId: 0} | ret=SUCCESS |  
2019-08-21 02:17:32,519 [grpc-default-executor-2] INFO  client.GrpcClientProtocolClient (GrpcClientProtocolClient.java:onNext(255)) - client-54CC064C3FCE->8224e767-71c1-41fc-a01a-d172d48fd9d8: receive RaftClientReply:client-54CC064C3FCE->8224e767-71c1-41fc-a01a-d172d48fd9d8@group-F6B37CC92441, cid=2678, SUCCESS, logIndex=3981, commits[8224e767-71c1-41fc-a01a-d172d48fd9d8:c3982, 6eae0c21-01aa-4169-956f-5952b26ea7ba:c3978, 8d7dcba1-3b82-4d94-a832-514ef5c79cf8:c3978]
2019-08-21 02:17:32,520 | INFO  | DNAudit | user=null | ip=null | op=PUT_BLOCK {blockData=[blockId=conID: 2 locID: 102652566077112931 bcsId: 0,size=1048576]} | ret=SUCCESS |  
2019-08-21 02:17:32,520 [grpc-default-executor-2] INFO  client.GrpcClientProtocolClient (GrpcClientProtocolClient.java:onNext(255)) - client-54CC064C3FCE->8224e767-71c1-41fc-a01a-d172d48fd9d8: receive RaftClientReply:client-54CC064C3FCE->8224e767-71c1-41fc-a01a-d172d48fd9d8@group-F6B37CC92441, cid=2679, SUCCESS, logIndex=3982, commits[8224e767-71c1-41fc-a01a-d172d48fd9d8:c3982, 6eae0c21-01aa-4169-956f-5952b26ea7ba:c3978, 8d7dcba1-3b82-4d94-a832-514ef5c79cf8:c3978]
2019-08-21 02:17:32,520 | INFO  | DNAudit | user=null | ip=null | op=WRITE_CHUNK {blockData=conID: 2 locID: 102652566077112931 bcsId: 0} | ret=SUCCESS |  
2019-08-21 02:17:32,520 | INFO  | DNAudit | user=null | ip=null | op=PUT_BLOCK {blockData=[blockId=conID: 2 locID: 102652566077112931 bcsId: 0,size=1048576]} | ret=SUCCESS |  
2019-08-21 02:17:32,521 [grpc-default-executor-3] INFO  client.GrpcClientProtocolClient (GrpcClientProtocolClient.java:onNext(255)) - client-54CC064C3FCE->8224e767-71c1-41fc-a01a-d172d48fd9d8: receive RaftClientReply:client-54CC064C3FCE->8224e767-71c1-41fc-a01a-d172d48fd9d8@group-F6B37CC92441, cid=2680, SUCCESS, logIndex=0, commits[8224e767-71c1-41fc-a01a-d172d48fd9d8:c3984, 6eae0c21-01aa-4169-956f-5952b26ea7ba:c3980, 8d7dcba1-3b82-4d94-a832-514ef5c79cf8:c3980]
2019-08-21 02:17:32,521 | INFO  | DNAudit | user=null | ip=null | op=WRITE_CHUNK {blockData=conID: 2 locID: 102652566077112931 bcsId: 0} | ret=SUCCESS |  
2019-08-21 02:17:32,521 | INFO  | DNAudit | user=null | ip=null | op=PUT_BLOCK {blockData=[blockId=conID: 2 locID: 102652566077112931 bcsId: 0,size=2097152]} | ret=SUCCESS |  
2019-08-21 02:17:32,521 | INFO  | DNAudit | user=null | ip=null | op=WRITE_CHUNK {blockData=conID: 2 locID: 102652566077112931 bcsId: 0} | ret=SUCCESS |  
2019-08-21 02:17:32,522 | INFO  | DNAudit | user=null | ip=null | op=PUT_BLOCK {blockData=[blockId=conID: 2 locID: 102652566077112931 bcsId: 0,size=2097152]} | ret=SUCCESS |  
2019-08-21 02:17:32,527 | INFO  | DNAudit | user=null | ip=null | op=WRITE_CHUNK {blockData=conID: 2 locID: 102652566077112931 bcsId: 3982} | ret=SUCCESS |  
2019-08-21 02:17:32,529 | INFO  | DNAudit | user=null | ip=null | op=WRITE_CHUNK {blockData=conID: 2 locID: 102652566077112931 bcsId: 3982} | ret=SUCCESS |  
2019-08-21 02:17:32,529 | INFO  | DNAudit | user=null | ip=null | op=WRITE_CHUNK {blockData=conID: 2 locID: 102652566077112931 bcsId: 3982} | ret=SUCCESS |  
2019-08-21 02:17:32,540 | INFO  | DNAudit | user=null | ip=null | op=WRITE_CHUNK {blockData=conID: 2 locID: 102652566077112931 bcsId: 3982} | ret=SUCCESS |  
2019-08-21 02:17:32,541 | INFO  | DNAudit | user=null | ip=null | op=PUT_BLOCK {blockData=[blockId=conID: 2 locID: 102652566077112931 bcsId: 0,size=3145728]} | ret=SUCCESS |  
2019-08-21 02:17:32,541 [grpc-default-executor-3] INFO  client.GrpcClientProtocolClient (GrpcClientProtocolClient.java:onNext(255)) - client-54CC064C3FCE->8224e767-71c1-41fc-a01a-d172d48fd9d8: receive RaftClientReply:client-54CC064C3FCE->8224e767-71c1-41fc-a01a-d172d48fd9d8@group-F6B37CC92441, cid=2681, SUCCESS, logIndex=3987, commits[8224e767-71c1-41fc-a01a-d172d48fd9d8:c3988, 6eae0c21-01aa-4169-956f-5952b26ea7ba:c3986, 8d7dcba1-3b82-4d94-a832-514ef5c79cf8:c3986]
2019-08-21 02:17:32,541 [grpc-default-executor-3] INFO  client.GrpcClientProtocolClient (GrpcClientProtocolClient.java:onNext(255)) - client-54CC064C3FCE->8224e767-71c1-41fc-a01a-d172d48fd9d8: receive RaftClientReply:client-54CC064C3FCE->8224e767-71c1-41fc-a01a-d172d48fd9d8@group-F6B37CC92441, cid=2682, SUCCESS, logIndex=3988, commits[8224e767-71c1-41fc-a01a-d172d48fd9d8:c3988, 6eae0c21-01aa-4169-956f-5952b26ea7ba:c3986, 8d7dcba1-3b82-4d94-a832-514ef5c79cf8:c3986]
2019-08-21 02:17:32,548 | INFO  | DNAudit | user=null | ip=null | op=WRITE_CHUNK {blockData=conID: 2 locID: 102652566077112931 bcsId: 3988} | ret=SUCCESS |  
2019-08-21 02:17:32,549 | INFO  | DNAudit | user=null | ip=null | op=WRITE_CHUNK {blockData=conID: 2 locID: 102652566077112931 bcsId: 3988} | ret=SUCCESS |  
2019-08-21 02:17:32,550 | INFO  | DNAudit | user=null | ip=null | op=WRITE_CHUNK {blockData=conID: 2 locID: 102652566077112931 bcsId: 3988} | ret=SUCCESS |  
2019-08-21 02:17:32,552 | INFO  | DNAudit | user=null | ip=null | op=WRITE_CHUNK {blockData=conID: 2 locID: 102652566077112931 bcsId: 3982} | ret=SUCCESS |  
2019-08-21 02:17:32,552 | INFO  | DNAudit | user=null | ip=null | op=WRITE_CHUNK {blockData=conID: 2 locID: 102652566077112931 bcsId: 3982} | ret=SUCCESS |  
2019-08-21 02:17:32,553 | INFO  | DNAudit | user=null | ip=null | op=PUT_BLOCK {blockData=[blockId=conID: 2 locID: 102652566077112931 bcsId: 0,size=3145728]} | ret=SUCCESS |  
2019-08-21 02:17:32,553 | INFO  | DNAudit | user=null | ip=null | op=PUT_BLOCK {blockData=[blockId=conID: 2 locID: 102652566077112931 bcsId: 0,size=3145728]} | ret=SUCCESS |  
2019-08-21 02:17:32,554 | INFO  | DNAudit | user=null | ip=null | op=WRITE_CHUNK {blockData=conID: 2 locID: 102652566077112931 bcsId: 3988} | ret=SUCCESS |  
2019-08-21 02:17:32,554 | INFO  | DNAudit | user=null | ip=null | op=PUT_BLOCK {blockData=[blockId=conID: 2 locID: 102652566077112931 bcsId: 0,size=4194304]} | ret=SUCCESS |  
2019-08-21 02:17:32,554 [grpc-default-executor-2] INFO  client.GrpcClientProtocolClient (GrpcClientProtocolClient.java:onNext(255)) - client-54CC064C3FCE->8224e767-71c1-41fc-a01a-d172d48fd9d8: receive RaftClientReply:client-54CC064C3FCE->8224e767-71c1-41fc-a01a-d172d48fd9d8@group-F6B37CC92441, cid=2683, SUCCESS, logIndex=3991, commits[8224e767-71c1-41fc-a01a-d172d48fd9d8:c3992, 6eae0c21-01aa-4169-956f-5952b26ea7ba:c3988, 8d7dcba1-3b82-4d94-a832-514ef5c79cf8:c3988]
2019-08-21 02:17:32,555 [grpc-default-executor-2] INFO  client.GrpcClientProtocolClient (GrpcClientProtocolClient.java:onNext(255)) - client-54CC064C3FCE->8224e767-71c1-41fc-a01a-d172d48fd9d8: receive RaftClientReply:client-54CC064C3FCE->8224e767-71c1-41fc-a01a-d172d48fd9d8@group-F6B37CC92441, cid=2684, SUCCESS, logIndex=3992, commits[8224e767-71c1-41fc-a01a-d172d48fd9d8:c3992, 6eae0c21-01aa-4169-956f-5952b26ea7ba:c3988, 8d7dcba1-3b82-4d94-a832-514ef5c79cf8:c3988]
2019-08-21 02:17:32,565 | INFO  | DNAudit | user=null | ip=null | op=WRITE_CHUNK {blockData=conID: 2 locID: 102652566077112931 bcsId: 3988} | ret=SUCCESS |  
2019-08-21 02:17:32,565 | INFO  | DNAudit | user=null | ip=null | op=WRITE_CHUNK {blockData=conID: 2 locID: 102652566077112931 bcsId: 3988} | ret=SUCCESS |  
2019-08-21 02:17:32,568 | INFO  | DNAudit | user=null | ip=null | op=PUT_BLOCK {blockData=[blockId=conID: 2 locID: 102652566077112931 bcsId: 0,size=4194304]} | ret=SUCCESS |  
2019-08-21 02:17:32,568 | INFO  | DNAudit | user=null | ip=null | op=PUT_BLOCK {blockData=[blockId=conID: 2 locID: 102652566077112931 bcsId: 0,size=4194304]} | ret=SUCCESS |  
2019-08-21 02:17:32,568 [grpc-default-executor-2] INFO  client.GrpcClientProtocolClient (GrpcClientProtocolClient.java:onNext(255)) - client-54CC064C3FCE->8224e767-71c1-41fc-a01a-d172d48fd9d8: receive RaftClientReply:client-54CC064C3FCE->8224e767-71c1-41fc-a01a-d172d48fd9d8@group-F6B37CC92441, cid=2685, SUCCESS, logIndex=0, commits[8224e767-71c1-41fc-a01a-d172d48fd9d8:c3994, 6eae0c21-01aa-4169-956f-5952b26ea7ba:c3992, 8d7dcba1-3b82-4d94-a832-514ef5c79cf8:c3992]
2019-08-21 02:17:32,575 | INFO  | SCMAudit | user=jenkins1000 | ip=192.168.34.10 | op=ALLOCATE_BLOCK {owner=b6f66289-f2a0-4058-b052-0a85e40df67b, size=4194304, type=RATIS, factor=THREE} | ret=SUCCESS |  
2019-08-21 02:17:32,579 | INFO  | OMAudit | user=jenkins1000 | ip=127.0.0.1 | op=ALLOCATE_BLOCK {volume=vol-0-90982, bucket=bucket-0-24269, key=key-0-81262, dataSize=0, replicationType=null, replicationFactor=null, keyLocationInfo=null, clientID=102652564580991378} | ret=SUCCESS |  
2019-08-21 02:17:32,586 | INFO  | DNAudit | user=null | ip=null | op=WRITE_CHUNK {blockData=conID: 3 locID: 102652566082355812 bcsId: 0} | ret=SUCCESS |  
2019-08-21 02:17:32,589 | INFO  | DNAudit | user=null | ip=null | op=WRITE_CHUNK {blockData=conID: 3 locID: 102652566082355812 bcsId: 0} | ret=SUCCESS |  
2019-08-21 02:17:32,590 | INFO  | DNAudit | user=null | ip=null | op=WRITE_CHUNK {blockData=conID: 3 locID: 102652566082355812 bcsId: 0} | ret=SUCCESS |  
2019-08-21 02:17:32,590 | INFO  | DNAudit | user=null | ip=null | op=WRITE_CHUNK {blockData=conID: 3 locID: 102652566082355812 bcsId: 0} | ret=SUCCESS |  
2019-08-21 02:17:32,592 | INFO  | DNAudit | user=null | ip=null | op=WRITE_CHUNK {blockData=conID: 3 locID: 102652566082355812 bcsId: 0} | ret=SUCCESS |  
2019-08-21 02:17:32,593 | INFO  | DNAudit | user=null | ip=null | op=WRITE_CHUNK {blockData=conID: 3 locID: 102652566082355812 bcsId: 0} | ret=SUCCESS |  
2019-08-21 02:17:32,593 | INFO  | DNAudit | user=null | ip=null | op=WRITE_CHUNK {blockData=conID: 3 locID: 102652566082355812 bcsId: 0} | ret=SUCCESS |  
2019-08-21 02:17:32,593 | INFO  | DNAudit | user=null | ip=null | op=PUT_BLOCK {blockData=[blockId=conID: 3 locID: 102652566082355812 bcsId: 0,size=1048576]} | ret=SUCCESS |  
2019-08-21 02:17:32,593 [grpc-default-executor-1] INFO  client.GrpcClientProtocolClient (GrpcClientProtocolClient.java:onNext(255)) - client-54CC064C3FCE->8224e767-71c1-41fc-a01a-d172d48fd9d8: receive RaftClientReply:client-54CC064C3FCE->8224e767-71c1-41fc-a01a-d172d48fd9d8@group-F6B37CC92441, cid=2686, SUCCESS, logIndex=3995, commits[8224e767-71c1-41fc-a01a-d172d48fd9d8:c3996, 6eae0c21-01aa-4169-956f-5952b26ea7ba:c3992, 8d7dcba1-3b82-4d94-a832-514ef5c79cf8:c3994]
2019-08-21 02:17:32,594 [grpc-default-executor-3] INFO  client.GrpcClientProtocolClient (GrpcClientProtocolClient.java:onNext(255)) - client-54CC064C3FCE->8224e767-71c1-41fc-a01a-d172d48fd9d8: receive RaftClientReply:client-54CC064C3FCE->8224e767-71c1-41fc-a01a-d172d48fd9d8@group-F6B37CC92441, cid=2687, SUCCESS, logIndex=3996, commits[8224e767-71c1-41fc-a01a-d172d48fd9d8:c3996, 6eae0c21-01aa-4169-956f-5952b26ea7ba:c3992, 8d7dcba1-3b82-4d94-a832-514ef5c79cf8:c3994]
2019-08-21 02:17:32,595 | INFO  | DNAudit | user=null | ip=null | op=WRITE_CHUNK {blockData=conID: 3 locID: 102652566082355812 bcsId: 0} | ret=SUCCESS |  
2019-08-21 02:17:32,595 | INFO  | DNAudit | user=null | ip=null | op=PUT_BLOCK {blockData=[blockId=conID: 3 locID: 102652566082355812 bcsId: 0,size=2097152]} | ret=SUCCESS |  
2019-08-21 02:17:32,595 | INFO  | DNAudit | user=null | ip=null | op=WRITE_CHUNK {blockData=conID: 3 locID: 102652566082355812 bcsId: 0} | ret=SUCCESS |  
2019-08-21 02:17:32,595 [grpc-default-executor-3] INFO  client.GrpcClientProtocolClient (GrpcClientProtocolClient.java:onNext(255)) - client-54CC064C3FCE->8224e767-71c1-41fc-a01a-d172d48fd9d8: receive RaftClientReply:client-54CC064C3FCE->8224e767-71c1-41fc-a01a-d172d48fd9d8@group-F6B37CC92441, cid=2688, SUCCESS, logIndex=3997, commits[8224e767-71c1-41fc-a01a-d172d48fd9d8:c3998, 6eae0c21-01aa-4169-956f-5952b26ea7ba:c3994, 8d7dcba1-3b82-4d94-a832-514ef5c79cf8:c3994]
2019-08-21 02:17:32,596 | INFO  | DNAudit | user=null | ip=null | op=WRITE_CHUNK {blockData=conID: 3 locID: 102652566082355812 bcsId: 0} | ret=SUCCESS |  
2019-08-21 02:17:32,596 | INFO  | DNAudit | user=null | ip=null | op=PUT_BLOCK {blockData=[blockId=conID: 3 locID: 102652566082355812 bcsId: 0,size=1048576]} | ret=SUCCESS |  
2019-08-21 02:17:32,596 | INFO  | DNAudit | user=null | ip=null | op=PUT_BLOCK {blockData=[blockId=conID: 3 locID: 102652566082355812 bcsId: 0,size=1048576]} | ret=SUCCESS |  
2019-08-21 02:17:32,596 [grpc-default-executor-3] INFO  client.GrpcClientProtocolClient (GrpcClientProtocolClient.java:onNext(255)) - client-54CC064C3FCE->8224e767-71c1-41fc-a01a-d172d48fd9d8: receive RaftClientReply:client-54CC064C3FCE->8224e767-71c1-41fc-a01a-d172d48fd9d8@group-F6B37CC92441, cid=2689, SUCCESS, logIndex=3998, commits[8224e767-71c1-41fc-a01a-d172d48fd9d8:c3999, 6eae0c21-01aa-4169-956f-5952b26ea7ba:c3994, 8d7dcba1-3b82-4d94-a832-514ef5c79cf8:c3995]
2019-08-21 02:17:32,596 | INFO  | DNAudit | user=null | ip=null | op=WRITE_CHUNK {blockData=conID: 3 locID: 102652566082355812 bcsId: 0} | ret=SUCCESS |  
2019-08-21 02:17:32,596 | INFO  | DNAudit | user=null | ip=null | op=PUT_BLOCK {blockData=[blockId=conID: 3 locID: 102652566082355812 bcsId: 0,size=2097152]} | ret=SUCCESS |  
2019-08-21 02:17:32,597 | INFO  | DNAudit | user=null | ip=null | op=WRITE_CHUNK {blockData=conID: 3 locID: 102652566082355812 bcsId: 0} | ret=SUCCESS |  
2019-08-21 02:17:32,597 | INFO  | DNAudit | user=null | ip=null | op=PUT_BLOCK {blockData=[blockId=conID: 3 locID: 102652566082355812 bcsId: 0,size=2097152]} | ret=SUCCESS |  
2019-08-21 02:17:32,597 [grpc-default-executor-3] INFO  client.GrpcClientProtocolClient (GrpcClientProtocolClient.java:onNext(255)) - client-54CC064C3FCE->8224e767-71c1-41fc-a01a-d172d48fd9d8: receive RaftClientReply:client-54CC064C3FCE->8224e767-71c1-41fc-a01a-d172d48fd9d8@group-F6B37CC92441, cid=2690, SUCCESS, logIndex=0, commits[8224e767-71c1-41fc-a01a-d172d48fd9d8:c4002, 6eae0c21-01aa-4169-956f-5952b26ea7ba:c3996, 8d7dcba1-3b82-4d94-a832-514ef5c79cf8:c3998]
2019-08-21 02:17:32,605 | INFO  | DNAudit | user=null | ip=null | op=WRITE_CHUNK {blockData=conID: 3 locID: 102652566082355812 bcsId: 3998} | ret=SUCCESS |  
2019-08-21 02:17:32,607 | INFO  | DNAudit | user=null | ip=null | op=WRITE_CHUNK {blockData=conID: 3 locID: 102652566082355812 bcsId: 3998} | ret=SUCCESS |  
2019-08-21 02:17:32,607 | INFO  | DNAudit | user=null | ip=null | op=WRITE_CHUNK {blockData=conID: 3 locID: 102652566082355812 bcsId: 3998} | ret=SUCCESS |  
2019-08-21 02:17:32,617 | INFO  | DNAudit | user=null | ip=null | op=WRITE_CHUNK {blockData=conID: 3 locID: 102652566082355812 bcsId: 3998} | ret=SUCCESS |  
2019-08-21 02:17:32,617 | INFO  | DNAudit | user=null | ip=null | op=PUT_BLOCK {blockData=[blockId=conID: 3 locID: 102652566082355812 bcsId: 0,size=3145728]} | ret=SUCCESS |  
2019-08-21 02:17:32,618 [grpc-default-executor-3] INFO  client.GrpcClientProtocolClient (GrpcClientProtocolClient.java:onNext(255)) - client-54CC064C3FCE->8224e767-71c1-41fc-a01a-d172d48fd9d8: receive RaftClientReply:client-54CC064C3FCE->8224e767-71c1-41fc-a01a-d172d48fd9d8@group-F6B37CC92441, cid=2691, SUCCESS, logIndex=4003, commits[8224e767-71c1-41fc-a01a-d172d48fd9d8:c4004, 6eae0c21-01aa-4169-956f-5952b26ea7ba:c4002, 8d7dcba1-3b82-4d94-a832-514ef5c79cf8:c4002]
2019-08-21 02:17:32,618 [grpc-default-executor-3] INFO  client.GrpcClientProtocolClient (GrpcClientProtocolClient.java:onNext(255)) - client-54CC064C3FCE->8224e767-71c1-41fc-a01a-d172d48fd9d8: receive RaftClientReply:client-54CC064C3FCE->8224e767-71c1-41fc-a01a-d172d48fd9d8@group-F6B37CC92441, cid=2692, SUCCESS, logIndex=4004, commits[8224e767-71c1-41fc-a01a-d172d48fd9d8:c4004, 6eae0c21-01aa-4169-956f-5952b26ea7ba:c4002, 8d7dcba1-3b82-4d94-a832-514ef5c79cf8:c4002]
2019-08-21 02:17:32,625 | INFO  | DNAudit | user=null | ip=null | op=WRITE_CHUNK {blockData=conID: 3 locID: 102652566082355812 bcsId: 4004} | ret=SUCCESS |  
2019-08-21 02:17:32,627 | INFO  | DNAudit | user=null | ip=null | op=WRITE_CHUNK {blockData=conID: 3 locID: 102652566082355812 bcsId: 4004} | ret=SUCCESS |  
2019-08-21 02:17:32,627 | INFO  | DNAudit | user=null | ip=null | op=WRITE_CHUNK {blockData=conID: 3 locID: 102652566082355812 bcsId: 4004} | ret=SUCCESS |  
2019-08-21 02:17:32,628 | INFO  | DNAudit | user=null | ip=null | op=WRITE_CHUNK {blockData=conID: 3 locID: 102652566082355812 bcsId: 3998} | ret=SUCCESS |  
2019-08-21 02:17:32,629 | INFO  | DNAudit | user=null | ip=null | op=PUT_BLOCK {blockData=[blockId=conID: 3 locID: 102652566082355812 bcsId: 0,size=3145728]} | ret=SUCCESS |  
2019-08-21 02:17:32,629 | INFO  | DNAudit | user=null | ip=null | op=WRITE_CHUNK {blockData=conID: 3 locID: 102652566082355812 bcsId: 3998} | ret=SUCCESS |  
2019-08-21 02:17:32,629 | INFO  | DNAudit | user=null | ip=null | op=PUT_BLOCK {blockData=[blockId=conID: 3 locID: 102652566082355812 bcsId: 0,size=3145728]} | ret=SUCCESS |  
2019-08-21 02:17:32,631 | INFO  | DNAudit | user=null | ip=null | op=WRITE_CHUNK {blockData=conID: 3 locID: 102652566082355812 bcsId: 4004} | ret=SUCCESS |  
2019-08-21 02:17:32,631 | INFO  | DNAudit | user=null | ip=null | op=PUT_BLOCK {blockData=[blockId=conID: 3 locID: 102652566082355812 bcsId: 0,size=4194304]} | ret=SUCCESS |  
2019-08-21 02:17:32,631 [grpc-default-executor-3] INFO  client.GrpcClientProtocolClient (GrpcClientProtocolClient.java:onNext(255)) - client-54CC064C3FCE->8224e767-71c1-41fc-a01a-d172d48fd9d8: receive RaftClientReply:client-54CC064C3FCE->8224e767-71c1-41fc-a01a-d172d48fd9d8@group-F6B37CC92441, cid=2693, SUCCESS, logIndex=4007, commits[8224e767-71c1-41fc-a01a-d172d48fd9d8:c4008, 6eae0c21-01aa-4169-956f-5952b26ea7ba:c4004, 8d7dcba1-3b82-4d94-a832-514ef5c79cf8:c4004]
2019-08-21 02:17:32,632 [grpc-default-executor-3] INFO  client.GrpcClientProtocolClient (GrpcClientProtocolClient.java:onNext(255)) - client-54CC064C3FCE->8224e767-71c1-41fc-a01a-d172d48fd9d8: receive RaftClientReply:client-54CC064C3FCE->8224e767-71c1-41fc-a01a-d172d48fd9d8@group-F6B37CC92441, cid=2694, SUCCESS, logIndex=4008, commits[8224e767-71c1-41fc-a01a-d172d48fd9d8:c4008, 6eae0c21-01aa-4169-956f-5952b26ea7ba:c4004, 8d7dcba1-3b82-4d94-a832-514ef5c79cf8:c4004]
2019-08-21 02:17:32,642 | INFO  | DNAudit | user=null | ip=null | op=WRITE_CHUNK {blockData=conID: 3 locID: 102652566082355812 bcsId: 4004} | ret=SUCCESS |  
2019-08-21 02:17:32,642 | INFO  | DNAudit | user=null | ip=null | op=WRITE_CHUNK {blockData=conID: 3 locID: 102652566082355812 bcsId: 4004} | ret=SUCCESS |  
2019-08-21 02:17:32,645 | INFO  | DNAudit | user=null | ip=null | op=PUT_BLOCK {blockData=[blockId=conID: 3 locID: 102652566082355812 bcsId: 0,size=4194304]} | ret=SUCCESS |  
2019-08-21 02:17:32,645 | INFO  | DNAudit | user=null | ip=null | op=PUT_BLOCK {blockData=[blockId=conID: 3 locID: 102652566082355812 bcsId: 0,size=4194304]} | ret=SUCCESS |  
2019-08-21 02:17:32,646 [grpc-default-executor-1] INFO  client.GrpcClientProtocolClient (GrpcClientProtocolClient.java:onNext(255)) - client-54CC064C3FCE->8224e767-71c1-41fc-a01a-d172d48fd9d8: receive RaftClientReply:client-54CC064C3FCE->8224e767-71c1-41fc-a01a-d172d48fd9d8@group-F6B37CC92441, cid=2695, SUCCESS, logIndex=0, commits[8224e767-71c1-41fc-a01a-d172d48fd9d8:c4010, 6eae0c21-01aa-4169-956f-5952b26ea7ba:c4008, 8d7dcba1-3b82-4d94-a832-514ef5c79cf8:c4008]
2019-08-21 02:17:32,652 | INFO  | SCMAudit | user=jenkins1000 | ip=192.168.34.10 | op=ALLOCATE_BLOCK {owner=b6f66289-f2a0-4058-b052-0a85e40df67b, size=4194304, type=RATIS, factor=THREE} | ret=SUCCESS |  
2019-08-21 02:17:32,656 | INFO  | OMAudit | user=jenkins1000 | ip=127.0.0.1 | op=ALLOCATE_BLOCK {volume=vol-0-90982, bucket=bucket-0-24269, key=key-0-81262, dataSize=0, replicationType=null, replicationFactor=null, keyLocationInfo=null, clientID=102652564580991378} | ret=SUCCESS |  
2019-08-21 02:17:32,664 | INFO  | DNAudit | user=null | ip=null | op=WRITE_CHUNK {blockData=conID: 1 locID: 102652566087402085 bcsId: 0} | ret=SUCCESS |  
2019-08-21 02:17:32,666 | INFO  | DNAudit | user=null | ip=null | op=WRITE_CHUNK {blockData=conID: 1 locID: 102652566087402085 bcsId: 0} | ret=SUCCESS |  
2019-08-21 02:17:32,667 | INFO  | DNAudit | user=null | ip=null | op=WRITE_CHUNK {blockData=conID: 1 locID: 102652566087402085 bcsId: 0} | ret=SUCCESS |  
2019-08-21 02:17:32,668 | INFO  | DNAudit | user=null | ip=null | op=WRITE_CHUNK {blockData=conID: 1 locID: 102652566087402085 bcsId: 0} | ret=SUCCESS |  
2019-08-21 02:17:32,669 | INFO  | DNAudit | user=null | ip=null | op=WRITE_CHUNK {blockData=conID: 1 locID: 102652566087402085 bcsId: 0} | ret=SUCCESS |  
2019-08-21 02:17:32,670 | INFO  | DNAudit | user=null | ip=null | op=WRITE_CHUNK {blockData=conID: 1 locID: 102652566087402085 bcsId: 0} | ret=SUCCESS |  
2019-08-21 02:17:32,678 | INFO  | DNAudit | user=null | ip=null | op=WRITE_CHUNK {blockData=conID: 1 locID: 102652566087402085 bcsId: 0} | ret=SUCCESS |  
2019-08-21 02:17:32,678 | INFO  | DNAudit | user=null | ip=null | op=PUT_BLOCK {blockData=[blockId=conID: 1 locID: 102652566087402085 bcsId: 0,size=1048576]} | ret=SUCCESS |  
2019-08-21 02:17:32,678 [grpc-default-executor-1] INFO  client.GrpcClientProtocolClient (GrpcClientProtocolClient.java:onNext(255)) - client-54CC064C3FCE->8224e767-71c1-41fc-a01a-d172d48fd9d8: receive RaftClientReply:client-54CC064C3FCE->8224e767-71c1-41fc-a01a-d172d48fd9d8@group-F6B37CC92441, cid=2696, SUCCESS, logIndex=4011, commits[8224e767-71c1-41fc-a01a-d172d48fd9d8:c4012, 6eae0c21-01aa-4169-956f-5952b26ea7ba:c4008, 8d7dcba1-3b82-4d94-a832-514ef5c79cf8:c4010]
2019-08-21 02:17:32,679 [grpc-default-executor-1] INFO  client.GrpcClientProtocolClient (GrpcClientProtocolClient.java:onNext(255)) - client-54CC064C3FCE->8224e767-71c1-41fc-a01a-d172d48fd9d8: receive RaftClientReply:client-54CC064C3FCE->8224e767-71c1-41fc-a01a-d172d48fd9d8@group-F6B37CC92441, cid=2697, SUCCESS, logIndex=4012, commits[8224e767-71c1-41fc-a01a-d172d48fd9d8:c4012, 6eae0c21-01aa-4169-956f-5952b26ea7ba:c4008, 8d7dcba1-3b82-4d94-a832-514ef5c79cf8:c4010]
2019-08-21 02:17:32,680 | INFO  | DNAudit | user=null | ip=null | op=WRITE_CHUNK {blockData=conID: 1 locID: 102652566087402085 bcsId: 0} | ret=SUCCESS |  
2019-08-21 02:17:32,680 | INFO  | DNAudit | user=null | ip=null | op=PUT_BLOCK {blockData=[blockId=conID: 1 locID: 102652566087402085 bcsId: 0,size=2097152]} | ret=SUCCESS |  
2019-08-21 02:17:32,680 [grpc-default-executor-1] INFO  client.GrpcClientProtocolClient (GrpcClientProtocolClient.java:onNext(255)) - client-54CC064C3FCE->8224e767-71c1-41fc-a01a-d172d48fd9d8: receive RaftClientReply:client-54CC064C3FCE->8224e767-71c1-41fc-a01a-d172d48fd9d8@group-F6B37CC92441, cid=2698, SUCCESS, logIndex=4013, commits[8224e767-71c1-41fc-a01a-d172d48fd9d8:c4014, 6eae0c21-01aa-4169-956f-5952b26ea7ba:c4010, 8d7dcba1-3b82-4d94-a832-514ef5c79cf8:c4010]
2019-08-21 02:17:32,681 [grpc-default-executor-1] INFO  client.GrpcClientProtocolClient (GrpcClientProtocolClient.java:onNext(255)) - client-54CC064C3FCE->8224e767-71c1-41fc-a01a-d172d48fd9d8: receive RaftClientReply:client-54CC064C3FCE->8224e767-71c1-41fc-a01a-d172d48fd9d8@group-F6B37CC92441, cid=2699, SUCCESS, logIndex=4014, commits[8224e767-71c1-41fc-a01a-d172d48fd9d8:c4014, 6eae0c21-01aa-4169-956f-5952b26ea7ba:c4010, 8d7dcba1-3b82-4d94-a832-514ef5c79cf8:c4010]
2019-08-21 02:17:32,682 | INFO  | DNAudit | user=null | ip=null | op=WRITE_CHUNK {blockData=conID: 1 locID: 102652566087402085 bcsId: 0} | ret=SUCCESS |  
2019-08-21 02:17:32,682 | INFO  | DNAudit | user=null | ip=null | op=PUT_BLOCK {blockData=[blockId=conID: 1 locID: 102652566087402085 bcsId: 0,size=1048576]} | ret=SUCCESS |  
2019-08-21 02:17:32,683 | INFO  | DNAudit | user=null | ip=null | op=WRITE_CHUNK {blockData=conID: 1 locID: 102652566087402085 bcsId: 0} | ret=SUCCESS |  
2019-08-21 02:17:32,683 | INFO  | DNAudit | user=null | ip=null | op=PUT_BLOCK {blockData=[blockId=conID: 1 locID: 102652566087402085 bcsId: 0,size=1048576]} | ret=SUCCESS |  
2019-08-21 02:17:32,683 [grpc-default-executor-3] INFO  client.GrpcClientProtocolClient (GrpcClientProtocolClient.java:onNext(255)) - client-54CC064C3FCE->8224e767-71c1-41fc-a01a-d172d48fd9d8: receive RaftClientReply:client-54CC064C3FCE->8224e767-71c1-41fc-a01a-d172d48fd9d8@group-F6B37CC92441, cid=2700, SUCCESS, logIndex=0, commits[8224e767-71c1-41fc-a01a-d172d48fd9d8:c4016, 6eae0c21-01aa-4169-956f-5952b26ea7ba:c4012, 8d7dcba1-3b82-4d94-a832-514ef5c79cf8:c4012]
2019-08-21 02:17:32,683 | INFO  | DNAudit | user=null | ip=null | op=WRITE_CHUNK {blockData=conID: 1 locID: 102652566087402085 bcsId: 0} | ret=SUCCESS |  
2019-08-21 02:17:32,684 | INFO  | DNAudit | user=null | ip=null | op=PUT_BLOCK {blockData=[blockId=conID: 1 locID: 102652566087402085 bcsId: 0,size=2097152]} | ret=SUCCESS |  
2019-08-21 02:17:32,684 | INFO  | DNAudit | user=null | ip=null | op=WRITE_CHUNK {blockData=conID: 1 locID: 102652566087402085 bcsId: 0} | ret=SUCCESS |  
2019-08-21 02:17:32,684 | INFO  | DNAudit | user=null | ip=null | op=PUT_BLOCK {blockData=[blockId=conID: 1 locID: 102652566087402085 bcsId: 0,size=2097152]} | ret=SUCCESS |  
2019-08-21 02:17:32,690 | INFO  | DNAudit | user=null | ip=null | op=WRITE_CHUNK {blockData=conID: 1 locID: 102652566087402085 bcsId: 4014} | ret=SUCCESS |  
2019-08-21 02:17:32,693 | INFO  | DNAudit | user=null | ip=null | op=WRITE_CHUNK {blockData=conID: 1 locID: 102652566087402085 bcsId: 4014} | ret=SUCCESS |  
2019-08-21 02:17:32,693 | INFO  | DNAudit | user=null | ip=null | op=WRITE_CHUNK {blockData=conID: 1 locID: 102652566087402085 bcsId: 4014} | ret=SUCCESS |  
2019-08-21 02:17:32,703 | INFO  | DNAudit | user=null | ip=null | op=WRITE_CHUNK {blockData=conID: 1 locID: 102652566087402085 bcsId: 4014} | ret=SUCCESS |  
2019-08-21 02:17:32,703 | INFO  | DNAudit | user=null | ip=null | op=PUT_BLOCK {blockData=[blockId=conID: 1 locID: 102652566087402085 bcsId: 0,size=3145728]} | ret=SUCCESS |  
2019-08-21 02:17:32,703 [grpc-default-executor-2] INFO  client.GrpcClientProtocolClient (GrpcClientProtocolClient.java:onNext(255)) - client-54CC064C3FCE->8224e767-71c1-41fc-a01a-d172d48fd9d8: receive RaftClientReply:client-54CC064C3FCE->8224e767-71c1-41fc-a01a-d172d48fd9d8@group-F6B37CC92441, cid=2701, SUCCESS, logIndex=4019, commits[8224e767-71c1-41fc-a01a-d172d48fd9d8:c4020, 6eae0c21-01aa-4169-956f-5952b26ea7ba:c4018, 8d7dcba1-3b82-4d94-a832-514ef5c79cf8:c4018]
2019-08-21 02:17:32,704 [grpc-default-executor-2] INFO  client.GrpcClientProtocolClient (GrpcClientProtocolClient.java:onNext(255)) - client-54CC064C3FCE->8224e767-71c1-41fc-a01a-d172d48fd9d8: receive RaftClientReply:client-54CC064C3FCE->8224e767-71c1-41fc-a01a-d172d48fd9d8@group-F6B37CC92441, cid=2702, SUCCESS, logIndex=4020, commits[8224e767-71c1-41fc-a01a-d172d48fd9d8:c4020, 6eae0c21-01aa-4169-956f-5952b26ea7ba:c4018, 8d7dcba1-3b82-4d94-a832-514ef5c79cf8:c4018]
2019-08-21 02:17:32,710 | INFO  | DNAudit | user=null | ip=null | op=WRITE_CHUNK {blockData=conID: 1 locID: 102652566087402085 bcsId: 4020} | ret=SUCCESS |  
2019-08-21 02:17:32,713 | INFO  | DNAudit | user=null | ip=null | op=WRITE_CHUNK {blockData=conID: 1 locID: 102652566087402085 bcsId: 4020} | ret=SUCCESS |  
2019-08-21 02:17:32,713 | INFO  | DNAudit | user=null | ip=null | op=WRITE_CHUNK {blockData=conID: 1 locID: 102652566087402085 bcsId: 4020} | ret=SUCCESS |  
2019-08-21 02:17:32,714 | INFO  | DNAudit | user=null | ip=null | op=WRITE_CHUNK {blockData=conID: 1 locID: 102652566087402085 bcsId: 4014} | ret=SUCCESS |  
2019-08-21 02:17:32,714 | INFO  | DNAudit | user=null | ip=null | op=WRITE_CHUNK {blockData=conID: 1 locID: 102652566087402085 bcsId: 4014} | ret=SUCCESS |  
2019-08-21 02:17:32,717 | INFO  | DNAudit | user=null | ip=null | op=PUT_BLOCK {blockData=[blockId=conID: 1 locID: 102652566087402085 bcsId: 0,size=3145728]} | ret=SUCCESS |  
2019-08-21 02:17:32,717 | INFO  | DNAudit | user=null | ip=null | op=PUT_BLOCK {blockData=[blockId=conID: 1 locID: 102652566087402085 bcsId: 0,size=3145728]} | ret=SUCCESS |  
2019-08-21 02:17:32,717 | INFO  | DNAudit | user=null | ip=null | op=WRITE_CHUNK {blockData=conID: 1 locID: 102652566087402085 bcsId: 4020} | ret=SUCCESS |  
2019-08-21 02:17:32,718 | INFO  | DNAudit | user=null | ip=null | op=PUT_BLOCK {blockData=[blockId=conID: 1 locID: 102652566087402085 bcsId: 0,size=4194304]} | ret=SUCCESS |  
2019-08-21 02:17:32,718 [grpc-default-executor-3] INFO  client.GrpcClientProtocolClient (GrpcClientProtocolClient.java:onNext(255)) - client-54CC064C3FCE->8224e767-71c1-41fc-a01a-d172d48fd9d8: receive RaftClientReply:client-54CC064C3FCE->8224e767-71c1-41fc-a01a-d172d48fd9d8@group-F6B37CC92441, cid=2703, SUCCESS, logIndex=4023, commits[8224e767-71c1-41fc-a01a-d172d48fd9d8:c4024, 6eae0c21-01aa-4169-956f-5952b26ea7ba:c4020, 8d7dcba1-3b82-4d94-a832-514ef5c79cf8:c4020]
2019-08-21 02:17:32,718 [grpc-default-executor-3] INFO  client.GrpcClientProtocolClient (GrpcClientProtocolClient.java:onNext(255)) - client-54CC064C3FCE->8224e767-71c1-41fc-a01a-d172d48fd9d8: receive RaftClientReply:client-54CC064C3FCE->8224e767-71c1-41fc-a01a-d172d48fd9d8@group-F6B37CC92441, cid=2704, SUCCESS, logIndex=4024, commits[8224e767-71c1-41fc-a01a-d172d48fd9d8:c4024, 6eae0c21-01aa-4169-956f-5952b26ea7ba:c4020, 8d7dcba1-3b82-4d94-a832-514ef5c79cf8:c4020]
2019-08-21 02:17:32,729 | INFO  | DNAudit | user=null | ip=null | op=WRITE_CHUNK {blockData=conID: 1 locID: 102652566087402085 bcsId: 4020} | ret=SUCCESS |  
2019-08-21 02:17:32,729 | INFO  | DNAudit | user=null | ip=null | op=WRITE_CHUNK {blockData=conID: 1 locID: 102652566087402085 bcsId: 4020} | ret=SUCCESS |  
2019-08-21 02:17:32,731 | INFO  | DNAudit | user=null | ip=null | op=PUT_BLOCK {blockData=[blockId=conID: 1 locID: 102652566087402085 bcsId: 0,size=4194304]} | ret=SUCCESS |  
2019-08-21 02:17:32,732 | INFO  | DNAudit | user=null | ip=null | op=PUT_BLOCK {blockData=[blockId=conID: 1 locID: 102652566087402085 bcsId: 0,size=4194304]} | ret=SUCCESS |  
2019-08-21 02:17:32,732 [grpc-default-executor-3] INFO  client.GrpcClientProtocolClient (GrpcClientProtocolClient.java:onNext(255)) - client-54CC064C3FCE->8224e767-71c1-41fc-a01a-d172d48fd9d8: receive RaftClientReply:client-54CC064C3FCE->8224e767-71c1-41fc-a01a-d172d48fd9d8@group-F6B37CC92441, cid=2705, SUCCESS, logIndex=0, commits[8224e767-71c1-41fc-a01a-d172d48fd9d8:c4026, 6eae0c21-01aa-4169-956f-5952b26ea7ba:c4024, 8d7dcba1-3b82-4d94-a832-514ef5c79cf8:c4024]
2019-08-21 02:17:32,738 | INFO  | SCMAudit | user=jenkins1000 | ip=192.168.34.10 | op=ALLOCATE_BLOCK {owner=b6f66289-f2a0-4058-b052-0a85e40df67b, size=4194304, type=RATIS, factor=THREE} | ret=SUCCESS |  
2019-08-21 02:17:32,742 | INFO  | OMAudit | user=jenkins1000 | ip=127.0.0.1 | op=ALLOCATE_BLOCK {volume=vol-0-90982, bucket=bucket-0-24269, key=key-0-81262, dataSize=0, replicationType=null, replicationFactor=null, keyLocationInfo=null, clientID=102652564580991378} | ret=SUCCESS |  
2019-08-21 02:17:32,750 | INFO  | DNAudit | user=null | ip=null | op=WRITE_CHUNK {blockData=conID: 2 locID: 102652566093038182 bcsId: 0} | ret=SUCCESS |  
2019-08-21 02:17:32,752 | INFO  | DNAudit | user=null | ip=null | op=WRITE_CHUNK {blockData=conID: 2 locID: 102652566093038182 bcsId: 0} | ret=SUCCESS |  
2019-08-21 02:17:32,753 | INFO  | DNAudit | user=null | ip=null | op=WRITE_CHUNK {blockData=conID: 2 locID: 102652566093038182 bcsId: 0} | ret=SUCCESS |  
2019-08-21 02:17:32,754 | INFO  | DNAudit | user=null | ip=null | op=WRITE_CHUNK {blockData=conID: 2 locID: 102652566093038182 bcsId: 0} | ret=SUCCESS |  
2019-08-21 02:17:32,755 | INFO  | DNAudit | user=null | ip=null | op=WRITE_CHUNK {blockData=conID: 2 locID: 102652566093038182 bcsId: 0} | ret=SUCCESS |  
2019-08-21 02:17:32,756 | INFO  | DNAudit | user=null | ip=null | op=WRITE_CHUNK {blockData=conID: 2 locID: 102652566093038182 bcsId: 0} | ret=SUCCESS |  
2019-08-21 02:17:32,762 | INFO  | DNAudit | user=null | ip=null | op=WRITE_CHUNK {blockData=conID: 2 locID: 102652566093038182 bcsId: 0} | ret=SUCCESS |  
2019-08-21 02:17:32,763 | INFO  | DNAudit | user=null | ip=null | op=PUT_BLOCK {blockData=[blockId=conID: 2 locID: 102652566093038182 bcsId: 0,size=1048576]} | ret=SUCCESS |  
2019-08-21 02:17:32,763 [grpc-default-executor-3] INFO  client.GrpcClientProtocolClient (GrpcClientProtocolClient.java:onNext(255)) - client-54CC064C3FCE->8224e767-71c1-41fc-a01a-d172d48fd9d8: receive RaftClientReply:client-54CC064C3FCE->8224e767-71c1-41fc-a01a-d172d48fd9d8@group-F6B37CC92441, cid=2706, SUCCESS, logIndex=4027, commits[8224e767-71c1-41fc-a01a-d172d48fd9d8:c4028, 6eae0c21-01aa-4169-956f-5952b26ea7ba:c4026, 8d7dcba1-3b82-4d94-a832-514ef5c79cf8:c4026]
2019-08-21 02:17:32,763 | INFO  | DNAudit | user=null | ip=null | op=WRITE_CHUNK {blockData=conID: 2 locID: 102652566093038182 bcsId: 0} | ret=SUCCESS |  
2019-08-21 02:17:32,763 [grpc-default-executor-3] INFO  client.GrpcClientProtocolClient (GrpcClientProtocolClient.java:onNext(255)) - client-54CC064C3FCE->8224e767-71c1-41fc-a01a-d172d48fd9d8: receive RaftClientReply:client-54CC064C3FCE->8224e767-71c1-41fc-a01a-d172d48fd9d8@group-F6B37CC92441, cid=2707, SUCCESS, logIndex=4028, commits[8224e767-71c1-41fc-a01a-d172d48fd9d8:c4028, 6eae0c21-01aa-4169-956f-5952b26ea7ba:c4026, 8d7dcba1-3b82-4d94-a832-514ef5c79cf8:c4026]
2019-08-21 02:17:32,764 | INFO  | DNAudit | user=null | ip=null | op=PUT_BLOCK {blockData=[blockId=conID: 2 locID: 102652566093038182 bcsId: 0,size=2097152]} | ret=SUCCESS |  
2019-08-21 02:17:32,764 [grpc-default-executor-3] INFO  client.GrpcClientProtocolClient (GrpcClientProtocolClient.java:onNext(255)) - client-54CC064C3FCE->8224e767-71c1-41fc-a01a-d172d48fd9d8: receive RaftClientReply:client-54CC064C3FCE->8224e767-71c1-41fc-a01a-d172d48fd9d8@group-F6B37CC92441, cid=2708, SUCCESS, logIndex=4029, commits[8224e767-71c1-41fc-a01a-d172d48fd9d8:c4030, 6eae0c21-01aa-4169-956f-5952b26ea7ba:c4026, 8d7dcba1-3b82-4d94-a832-514ef5c79cf8:c4026]
2019-08-21 02:17:32,764 [grpc-default-executor-3] INFO  client.GrpcClientProtocolClient (GrpcClientProtocolClient.java:onNext(255)) - client-54CC064C3FCE->8224e767-71c1-41fc-a01a-d172d48fd9d8: receive RaftClientReply:client-54CC064C3FCE->8224e767-71c1-41fc-a01a-d172d48fd9d8@group-F6B37CC92441, cid=2709, SUCCESS, logIndex=4030, commits[8224e767-71c1-41fc-a01a-d172d48fd9d8:c4030, 6eae0c21-01aa-4169-956f-5952b26ea7ba:c4026, 8d7dcba1-3b82-4d94-a832-514ef5c79cf8:c4026]
2019-08-21 02:17:32,776 | INFO  | DNAudit | user=null | ip=null | op=WRITE_CHUNK {blockData=conID: 2 locID: 102652566093038182 bcsId: 0} | ret=SUCCESS |  
2019-08-21 02:17:32,776 | INFO  | DNAudit | user=null | ip=null | op=PUT_BLOCK {blockData=[blockId=conID: 2 locID: 102652566093038182 bcsId: 0,size=1048576]} | ret=SUCCESS |  
2019-08-21 02:17:32,776 | INFO  | DNAudit | user=null | ip=null | op=WRITE_CHUNK {blockData=conID: 2 locID: 102652566093038182 bcsId: 0} | ret=SUCCESS |  
2019-08-21 02:17:32,777 | INFO  | DNAudit | user=null | ip=null | op=PUT_BLOCK {blockData=[blockId=conID: 2 locID: 102652566093038182 bcsId: 0,size=1048576]} | ret=SUCCESS |  
2019-08-21 02:17:32,777 | INFO  | DNAudit | user=null | ip=null | op=WRITE_CHUNK {blockData=conID: 2 locID: 102652566093038182 bcsId: 0} | ret=SUCCESS |  
2019-08-21 02:17:32,777 | INFO  | DNAudit | user=null | ip=null | op=PUT_BLOCK {blockData=[blockId=conID: 2 locID: 102652566093038182 bcsId: 0,size=2097152]} | ret=SUCCESS |  
2019-08-21 02:17:32,777 | INFO  | DNAudit | user=null | ip=null | op=WRITE_CHUNK {blockData=conID: 2 locID: 102652566093038182 bcsId: 0} | ret=SUCCESS |  
2019-08-21 02:17:32,777 [grpc-default-executor-1] INFO  client.GrpcClientProtocolClient (GrpcClientProtocolClient.java:onNext(255)) - client-54CC064C3FCE->8224e767-71c1-41fc-a01a-d172d48fd9d8: receive RaftClientReply:client-54CC064C3FCE->8224e767-71c1-41fc-a01a-d172d48fd9d8@group-F6B37CC92441, cid=2710, SUCCESS, logIndex=0, commits[8224e767-71c1-41fc-a01a-d172d48fd9d8:c4032, 6eae0c21-01aa-4169-956f-5952b26ea7ba:c4028, 8d7dcba1-3b82-4d94-a832-514ef5c79cf8:c4028]
2019-08-21 02:17:32,777 | INFO  | DNAudit | user=null | ip=null | op=PUT_BLOCK {blockData=[blockId=conID: 2 locID: 102652566093038182 bcsId: 0,size=2097152]} | ret=SUCCESS |  
2019-08-21 02:17:32,784 | INFO  | DNAudit | user=null | ip=null | op=WRITE_CHUNK {blockData=conID: 2 locID: 102652566093038182 bcsId: 4030} | ret=SUCCESS |  
2019-08-21 02:17:32,786 | INFO  | DNAudit | user=null | ip=null | op=WRITE_CHUNK {blockData=conID: 2 locID: 102652566093038182 bcsId: 4030} | ret=SUCCESS |  
2019-08-21 02:17:32,787 | INFO  | DNAudit | user=null | ip=null | op=WRITE_CHUNK {blockData=conID: 2 locID: 102652566093038182 bcsId: 4030} | ret=SUCCESS |  
2019-08-21 02:17:32,796 | INFO  | DNAudit | user=null | ip=null | op=WRITE_CHUNK {blockData=conID: 2 locID: 102652566093038182 bcsId: 4030} | ret=SUCCESS |  
2019-08-21 02:17:32,797 | INFO  | DNAudit | user=null | ip=null | op=PUT_BLOCK {blockData=[blockId=conID: 2 locID: 102652566093038182 bcsId: 0,size=3145728]} | ret=SUCCESS |  
2019-08-21 02:17:32,797 [grpc-default-executor-1] INFO  client.GrpcClientProtocolClient (GrpcClientProtocolClient.java:onNext(255)) - client-54CC064C3FCE->8224e767-71c1-41fc-a01a-d172d48fd9d8: receive RaftClientReply:client-54CC064C3FCE->8224e767-71c1-41fc-a01a-d172d48fd9d8@group-F6B37CC92441, cid=2711, SUCCESS, logIndex=4035, commits[8224e767-71c1-41fc-a01a-d172d48fd9d8:c4036, 6eae0c21-01aa-4169-956f-5952b26ea7ba:c4034, 8d7dcba1-3b82-4d94-a832-514ef5c79cf8:c4034]
2019-08-21 02:17:32,797 [grpc-default-executor-1] INFO  client.GrpcClientProtocolClient (GrpcClientProtocolClient.java:onNext(255)) - client-54CC064C3FCE->8224e767-71c1-41fc-a01a-d172d48fd9d8: receive RaftClientReply:client-54CC064C3FCE->8224e767-71c1-41fc-a01a-d172d48fd9d8@group-F6B37CC92441, cid=2712, SUCCESS, logIndex=4036, commits[8224e767-71c1-41fc-a01a-d172d48fd9d8:c4036, 6eae0c21-01aa-4169-956f-5952b26ea7ba:c4034, 8d7dcba1-3b82-4d94-a832-514ef5c79cf8:c4034]
2019-08-21 02:17:32,798 | INFO  | DNAudit | user=null | ip=null | op=WRITE_CHUNK {blockData=conID: 2 locID: 102652566093038182 bcsId: 4030} | ret=SUCCESS |  
2019-08-21 02:17:32,798 | INFO  | DNAudit | user=null | ip=null | op=WRITE_CHUNK {blockData=conID: 2 locID: 102652566093038182 bcsId: 4030} | ret=SUCCESS |  
2019-08-21 02:17:32,799 | INFO  | DNAudit | user=null | ip=null | op=PUT_BLOCK {blockData=[blockId=conID: 2 locID: 102652566093038182 bcsId: 0,size=3145728]} | ret=SUCCESS |  
2019-08-21 02:17:32,801 | INFO  | DNAudit | user=null | ip=null | op=PUT_BLOCK {blockData=[blockId=conID: 2 locID: 102652566093038182 bcsId: 0,size=3145728]} | ret=SUCCESS |  
2019-08-21 02:17:32,804 | INFO  | DNAudit | user=null | ip=null | op=WRITE_CHUNK {blockData=conID: 2 locID: 102652566093038182 bcsId: 4036} | ret=SUCCESS |  
2019-08-21 02:17:32,806 | INFO  | DNAudit | user=null | ip=null | op=WRITE_CHUNK {blockData=conID: 2 locID: 102652566093038182 bcsId: 4036} | ret=SUCCESS |  
2019-08-21 02:17:32,806 | INFO  | DNAudit | user=null | ip=null | op=WRITE_CHUNK {blockData=conID: 2 locID: 102652566093038182 bcsId: 4036} | ret=SUCCESS |  
2019-08-21 02:17:32,807 | INFO  | DNAudit | user=null | ip=null | op=WRITE_CHUNK {blockData=conID: 2 locID: 102652566093038182 bcsId: 4036} | ret=SUCCESS |  
2019-08-21 02:17:32,808 | INFO  | DNAudit | user=null | ip=null | op=PUT_BLOCK {blockData=[blockId=conID: 2 locID: 102652566093038182 bcsId: 0,size=4194304]} | ret=SUCCESS |  
2019-08-21 02:17:32,808 [grpc-default-executor-2] INFO  client.GrpcClientProtocolClient (GrpcClientProtocolClient.java:onNext(255)) - client-54CC064C3FCE->8224e767-71c1-41fc-a01a-d172d48fd9d8: receive RaftClientReply:client-54CC064C3FCE->8224e767-71c1-41fc-a01a-d172d48fd9d8@group-F6B37CC92441, cid=2713, SUCCESS, logIndex=4039, commits[8224e767-71c1-41fc-a01a-d172d48fd9d8:c4040, 6eae0c21-01aa-4169-956f-5952b26ea7ba:c4036, 8d7dcba1-3b82-4d94-a832-514ef5c79cf8:c4038]
2019-08-21 02:17:32,808 [grpc-default-executor-2] INFO  client.GrpcClientProtocolClient (GrpcClientProtocolClient.java:onNext(255)) - client-54CC064C3FCE->8224e767-71c1-41fc-a01a-d172d48fd9d8: receive RaftClientReply:client-54CC064C3FCE->8224e767-71c1-41fc-a01a-d172d48fd9d8@group-F6B37CC92441, cid=2714, SUCCESS, logIndex=4040, commits[8224e767-71c1-41fc-a01a-d172d48fd9d8:c4040, 6eae0c21-01aa-4169-956f-5952b26ea7ba:c4038, 8d7dcba1-3b82-4d94-a832-514ef5c79cf8:c4038]
2019-08-21 02:17:32,809 | INFO  | DNAudit | user=null | ip=null | op=WRITE_CHUNK {blockData=conID: 2 locID: 102652566093038182 bcsId: 4036} | ret=SUCCESS |  
2019-08-21 02:17:32,809 | INFO  | DNAudit | user=null | ip=null | op=PUT_BLOCK {blockData=[blockId=conID: 2 locID: 102652566093038182 bcsId: 0,size=4194304]} | ret=SUCCESS |  
2019-08-21 02:17:32,811 | INFO  | DNAudit | user=null | ip=null | op=WRITE_CHUNK {blockData=conID: 2 locID: 102652566093038182 bcsId: 4036} | ret=SUCCESS |  
2019-08-21 02:17:32,811 | INFO  | DNAudit | user=null | ip=null | op=PUT_BLOCK {blockData=[blockId=conID: 2 locID: 102652566093038182 bcsId: 0,size=4194304]} | ret=SUCCESS |  
2019-08-21 02:17:32,812 [grpc-default-executor-2] INFO  client.GrpcClientProtocolClient (GrpcClientProtocolClient.java:onNext(255)) - client-54CC064C3FCE->8224e767-71c1-41fc-a01a-d172d48fd9d8: receive RaftClientReply:client-54CC064C3FCE->8224e767-71c1-41fc-a01a-d172d48fd9d8@group-F6B37CC92441, cid=2715, SUCCESS, logIndex=0, commits[8224e767-71c1-41fc-a01a-d172d48fd9d8:c4041, 6eae0c21-01aa-4169-956f-5952b26ea7ba:c4040, 8d7dcba1-3b82-4d94-a832-514ef5c79cf8:c4040]
2019-08-21 02:17:32,818 | INFO  | SCMAudit | user=jenkins1000 | ip=192.168.34.10 | op=ALLOCATE_BLOCK {owner=b6f66289-f2a0-4058-b052-0a85e40df67b, size=4194304, type=RATIS, factor=THREE} | ret=SUCCESS |  
2019-08-21 02:17:32,822 | INFO  | OMAudit | user=jenkins1000 | ip=127.0.0.1 | op=ALLOCATE_BLOCK {volume=vol-0-90982, bucket=bucket-0-24269, key=key-0-81262, dataSize=0, replicationType=null, replicationFactor=null, keyLocationInfo=null, clientID=102652564580991378} | ret=SUCCESS |  
2019-08-21 02:17:32,829 | INFO  | DNAudit | user=null | ip=null | op=WRITE_CHUNK {blockData=conID: 3 locID: 102652566098281063 bcsId: 0} | ret=SUCCESS |  
2019-08-21 02:17:32,831 | INFO  | DNAudit | user=null | ip=null | op=WRITE_CHUNK {blockData=conID: 3 locID: 102652566098281063 bcsId: 0} | ret=SUCCESS |  
2019-08-21 02:17:32,831 | INFO  | DNAudit | user=null | ip=null | op=WRITE_CHUNK {blockData=conID: 3 locID: 102652566098281063 bcsId: 0} | ret=SUCCESS |  
2019-08-21 02:17:32,832 | INFO  | DNAudit | user=null | ip=null | op=WRITE_CHUNK {blockData=conID: 3 locID: 102652566098281063 bcsId: 0} | ret=SUCCESS |  
2019-08-21 02:17:32,833 | INFO  | DNAudit | user=null | ip=null | op=WRITE_CHUNK {blockData=conID: 3 locID: 102652566098281063 bcsId: 0} | ret=SUCCESS |  
2019-08-21 02:17:32,833 | INFO  | DNAudit | user=null | ip=null | op=WRITE_CHUNK {blockData=conID: 3 locID: 102652566098281063 bcsId: 0} | ret=SUCCESS |  
2019-08-21 02:17:32,859 | INFO  | DNAudit | user=null | ip=null | op=WRITE_CHUNK {blockData=conID: 3 locID: 102652566098281063 bcsId: 0} | ret=SUCCESS |  
2019-08-21 02:17:32,859 | INFO  | DNAudit | user=null | ip=null | op=PUT_BLOCK {blockData=[blockId=conID: 3 locID: 102652566098281063 bcsId: 0,size=1048576]} | ret=SUCCESS |  
2019-08-21 02:17:32,860 | INFO  | DNAudit | user=null | ip=null | op=WRITE_CHUNK {blockData=conID: 3 locID: 102652566098281063 bcsId: 0} | ret=SUCCESS |  
2019-08-21 02:17:32,860 [grpc-default-executor-4] INFO  client.GrpcClientProtocolClient (GrpcClientProtocolClient.java:onNext(255)) - client-54CC064C3FCE->8224e767-71c1-41fc-a01a-d172d48fd9d8: receive RaftClientReply:client-54CC064C3FCE->8224e767-71c1-41fc-a01a-d172d48fd9d8@group-F6B37CC92441, cid=2716, SUCCESS, logIndex=4043, commits[8224e767-71c1-41fc-a01a-d172d48fd9d8:c4046, 6eae0c21-01aa-4169-956f-5952b26ea7ba:c4042, 8d7dcba1-3b82-4d94-a832-514ef5c79cf8:c4042]
2019-08-21 02:17:32,860 | INFO  | DNAudit | user=null | ip=null | op=PUT_BLOCK {blockData=[blockId=conID: 3 locID: 102652566098281063 bcsId: 0,size=2097152]} | ret=SUCCESS |  
2019-08-21 02:17:32,860 [grpc-default-executor-4] INFO  client.GrpcClientProtocolClient (GrpcClientProtocolClient.java:onNext(255)) - client-54CC064C3FCE->8224e767-71c1-41fc-a01a-d172d48fd9d8: receive RaftClientReply:client-54CC064C3FCE->8224e767-71c1-41fc-a01a-d172d48fd9d8@group-F6B37CC92441, cid=2717, SUCCESS, logIndex=4044, commits[8224e767-71c1-41fc-a01a-d172d48fd9d8:c4046, 6eae0c21-01aa-4169-956f-5952b26ea7ba:c4042, 8d7dcba1-3b82-4d94-a832-514ef5c79cf8:c4042]
2019-08-21 02:17:32,861 [grpc-default-executor-4] INFO  client.GrpcClientProtocolClient (GrpcClientProtocolClient.java:onNext(255)) - client-54CC064C3FCE->8224e767-71c1-41fc-a01a-d172d48fd9d8: receive RaftClientReply:client-54CC064C3FCE->8224e767-71c1-41fc-a01a-d172d48fd9d8@group-F6B37CC92441, cid=2718, SUCCESS, logIndex=4045, commits[8224e767-71c1-41fc-a01a-d172d48fd9d8:c4046, 6eae0c21-01aa-4169-956f-5952b26ea7ba:c4042, 8d7dcba1-3b82-4d94-a832-514ef5c79cf8:c4042]
2019-08-21 02:17:32,861 [grpc-default-executor-4] INFO  client.GrpcClientProtocolClient (GrpcClientProtocolClient.java:onNext(255)) - client-54CC064C3FCE->8224e767-71c1-41fc-a01a-d172d48fd9d8: receive RaftClientReply:client-54CC064C3FCE->8224e767-71c1-41fc-a01a-d172d48fd9d8@group-F6B37CC92441, cid=2719, SUCCESS, logIndex=4046, commits[8224e767-71c1-41fc-a01a-d172d48fd9d8:c4046, 6eae0c21-01aa-4169-956f-5952b26ea7ba:c4042, 8d7dcba1-3b82-4d94-a832-514ef5c79cf8:c4042]
2019-08-21 02:17:32,878 | INFO  | DNAudit | user=null | ip=null | op=WRITE_CHUNK {blockData=conID: 3 locID: 102652566098281063 bcsId: 0} | ret=SUCCESS |  
2019-08-21 02:17:32,878 | INFO  | DNAudit | user=null | ip=null | op=WRITE_CHUNK {blockData=conID: 3 locID: 102652566098281063 bcsId: 0} | ret=SUCCESS |  
2019-08-21 02:17:32,878 | INFO  | DNAudit | user=null | ip=null | op=PUT_BLOCK {blockData=[blockId=conID: 3 locID: 102652566098281063 bcsId: 0,size=1048576]} | ret=SUCCESS |  
2019-08-21 02:17:32,879 | INFO  | DNAudit | user=null | ip=null | op=PUT_BLOCK {blockData=[blockId=conID: 3 locID: 102652566098281063 bcsId: 0,size=1048576]} | ret=SUCCESS |  
2019-08-21 02:17:32,880 | INFO  | DNAudit | user=null | ip=null | op=WRITE_CHUNK {blockData=conID: 3 locID: 102652566098281063 bcsId: 0} | ret=SUCCESS |  
2019-08-21 02:17:32,880 | INFO  | DNAudit | user=null | ip=null | op=PUT_BLOCK {blockData=[blockId=conID: 3 locID: 102652566098281063 bcsId: 0,size=2097152]} | ret=SUCCESS |  
2019-08-21 02:17:32,880 | INFO  | DNAudit | user=null | ip=null | op=WRITE_CHUNK {blockData=conID: 3 locID: 102652566098281063 bcsId: 0} | ret=SUCCESS |  
2019-08-21 02:17:32,880 | INFO  | DNAudit | user=null | ip=null | op=PUT_BLOCK {blockData=[blockId=conID: 3 locID: 102652566098281063 bcsId: 0,size=2097152]} | ret=SUCCESS |  
2019-08-21 02:17:32,880 [grpc-default-executor-2] INFO  client.GrpcClientProtocolClient (GrpcClientProtocolClient.java:onNext(255)) - client-54CC064C3FCE->8224e767-71c1-41fc-a01a-d172d48fd9d8: receive RaftClientReply:client-54CC064C3FCE->8224e767-71c1-41fc-a01a-d172d48fd9d8@group-F6B37CC92441, cid=2720, SUCCESS, logIndex=0, commits[8224e767-71c1-41fc-a01a-d172d48fd9d8:c4048, 6eae0c21-01aa-4169-956f-5952b26ea7ba:c4044, 8d7dcba1-3b82-4d94-a832-514ef5c79cf8:c4044]
2019-08-21 02:17:32,888 | INFO  | DNAudit | user=null | ip=null | op=WRITE_CHUNK {blockData=conID: 3 locID: 102652566098281063 bcsId: 4046} | ret=SUCCESS |  
2019-08-21 02:17:32,890 | INFO  | DNAudit | user=null | ip=null | op=WRITE_CHUNK {blockData=conID: 3 locID: 102652566098281063 bcsId: 4046} | ret=SUCCESS |  
2019-08-21 02:17:32,890 | INFO  | DNAudit | user=null | ip=null | op=WRITE_CHUNK {blockData=conID: 3 locID: 102652566098281063 bcsId: 4046} | ret=SUCCESS |  
2019-08-21 02:17:32,900 | INFO  | DNAudit | user=null | ip=null | op=WRITE_CHUNK {blockData=conID: 3 locID: 102652566098281063 bcsId: 4046} | ret=SUCCESS |  
2019-08-21 02:17:32,901 | INFO  | DNAudit | user=null | ip=null | op=PUT_BLOCK {blockData=[blockId=conID: 3 locID: 102652566098281063 bcsId: 0,size=3145728]} | ret=SUCCESS |  
2019-08-21 02:17:32,901 [grpc-default-executor-2] INFO  client.GrpcClientProtocolClient (GrpcClientProtocolClient.java:onNext(255)) - client-54CC064C3FCE->8224e767-71c1-41fc-a01a-d172d48fd9d8: receive RaftClientReply:client-54CC064C3FCE->8224e767-71c1-41fc-a01a-d172d48fd9d8@group-F6B37CC92441, cid=2721, SUCCESS, logIndex=4051, commits[8224e767-71c1-41fc-a01a-d172d48fd9d8:c4052, 6eae0c21-01aa-4169-956f-5952b26ea7ba:c4050, 8d7dcba1-3b82-4d94-a832-514ef5c79cf8:c4050]
2019-08-21 02:17:32,901 [grpc-default-executor-2] INFO  client.GrpcClientProtocolClient (GrpcClientProtocolClient.java:onNext(255)) - client-54CC064C3FCE->8224e767-71c1-41fc-a01a-d172d48fd9d8: receive RaftClientReply:client-54CC064C3FCE->8224e767-71c1-41fc-a01a-d172d48fd9d8@group-F6B37CC92441, cid=2722, SUCCESS, logIndex=4052, commits[8224e767-71c1-41fc-a01a-d172d48fd9d8:c4052, 6eae0c21-01aa-4169-956f-5952b26ea7ba:c4050, 8d7dcba1-3b82-4d94-a832-514ef5c79cf8:c4050]
2019-08-21 02:17:32,907 | INFO  | DNAudit | user=null | ip=null | op=WRITE_CHUNK {blockData=conID: 3 locID: 102652566098281063 bcsId: 4052} | ret=SUCCESS |  
2019-08-21 02:17:32,910 | INFO  | DNAudit | user=null | ip=null | op=WRITE_CHUNK {blockData=conID: 3 locID: 102652566098281063 bcsId: 4052} | ret=SUCCESS |  
2019-08-21 02:17:32,911 | INFO  | DNAudit | user=null | ip=null | op=WRITE_CHUNK {blockData=conID: 3 locID: 102652566098281063 bcsId: 4052} | ret=SUCCESS |  
2019-08-21 02:17:32,912 | INFO  | DNAudit | user=null | ip=null | op=WRITE_CHUNK {blockData=conID: 3 locID: 102652566098281063 bcsId: 4046} | ret=SUCCESS |  
2019-08-21 02:17:32,912 | INFO  | DNAudit | user=null | ip=null | op=WRITE_CHUNK {blockData=conID: 3 locID: 102652566098281063 bcsId: 4046} | ret=SUCCESS |  
2019-08-21 02:17:32,914 | INFO  | DNAudit | user=null | ip=null | op=PUT_BLOCK {blockData=[blockId=conID: 3 locID: 102652566098281063 bcsId: 0,size=3145728]} | ret=SUCCESS |  
2019-08-21 02:17:32,915 | INFO  | DNAudit | user=null | ip=null | op=PUT_BLOCK {blockData=[blockId=conID: 3 locID: 102652566098281063 bcsId: 0,size=3145728]} | ret=SUCCESS |  
2019-08-21 02:17:32,915 | INFO  | DNAudit | user=null | ip=null | op=WRITE_CHUNK {blockData=conID: 3 locID: 102652566098281063 bcsId: 4052} | ret=SUCCESS |  
2019-08-21 02:17:32,916 | INFO  | DNAudit | user=null | ip=null | op=PUT_BLOCK {blockData=[blockId=conID: 3 locID: 102652566098281063 bcsId: 0,size=4194304]} | ret=SUCCESS |  
2019-08-21 02:17:32,916 [grpc-default-executor-2] INFO  client.GrpcClientProtocolClient (GrpcClientProtocolClient.java:onNext(255)) - client-54CC064C3FCE->8224e767-71c1-41fc-a01a-d172d48fd9d8: receive RaftClientReply:client-54CC064C3FCE->8224e767-71c1-41fc-a01a-d172d48fd9d8@group-F6B37CC92441, cid=2723, SUCCESS, logIndex=4055, commits[8224e767-71c1-41fc-a01a-d172d48fd9d8:c4056, 6eae0c21-01aa-4169-956f-5952b26ea7ba:c4052, 8d7dcba1-3b82-4d94-a832-514ef5c79cf8:c4052]
2019-08-21 02:17:32,916 [grpc-default-executor-2] INFO  client.GrpcClientProtocolClient (GrpcClientProtocolClient.java:onNext(255)) - client-54CC064C3FCE->8224e767-71c1-41fc-a01a-d172d48fd9d8: receive RaftClientReply:client-54CC064C3FCE->8224e767-71c1-41fc-a01a-d172d48fd9d8@group-F6B37CC92441, cid=2724, SUCCESS, logIndex=4056, commits[8224e767-71c1-41fc-a01a-d172d48fd9d8:c4056, 6eae0c21-01aa-4169-956f-5952b26ea7ba:c4052, 8d7dcba1-3b82-4d94-a832-514ef5c79cf8:c4052]
2019-08-21 02:17:32,927 | INFO  | DNAudit | user=null | ip=null | op=WRITE_CHUNK {blockData=conID: 3 locID: 102652566098281063 bcsId: 4052} | ret=SUCCESS |  
2019-08-21 02:17:32,927 | INFO  | DNAudit | user=null | ip=null | op=WRITE_CHUNK {blockData=conID: 3 locID: 102652566098281063 bcsId: 4052} | ret=SUCCESS |  
2019-08-21 02:17:32,929 | INFO  | DNAudit | user=null | ip=null | op=PUT_BLOCK {blockData=[blockId=conID: 3 locID: 102652566098281063 bcsId: 0,size=4194304]} | ret=SUCCESS |  
2019-08-21 02:17:32,929 | INFO  | DNAudit | user=null | ip=null | op=PUT_BLOCK {blockData=[blockId=conID: 3 locID: 102652566098281063 bcsId: 0,size=4194304]} | ret=SUCCESS |  
2019-08-21 02:17:32,930 [grpc-default-executor-1] INFO  client.GrpcClientProtocolClient (GrpcClientProtocolClient.java:onNext(255)) - client-54CC064C3FCE->8224e767-71c1-41fc-a01a-d172d48fd9d8: receive RaftClientReply:client-54CC064C3FCE->8224e767-71c1-41fc-a01a-d172d48fd9d8@group-F6B37CC92441, cid=2725, SUCCESS, logIndex=0, commits[8224e767-71c1-41fc-a01a-d172d48fd9d8:c4058, 6eae0c21-01aa-4169-956f-5952b26ea7ba:c4056, 8d7dcba1-3b82-4d94-a832-514ef5c79cf8:c4056]
2019-08-21 02:17:32,936 | INFO  | SCMAudit | user=jenkins1000 | ip=192.168.34.10 | op=ALLOCATE_BLOCK {owner=b6f66289-f2a0-4058-b052-0a85e40df67b, size=4194304, type=RATIS, factor=THREE} | ret=SUCCESS |  
2019-08-21 02:17:32,940 | INFO  | OMAudit | user=jenkins1000 | ip=127.0.0.1 | op=ALLOCATE_BLOCK {volume=vol-0-90982, bucket=bucket-0-24269, key=key-0-81262, dataSize=0, replicationType=null, replicationFactor=null, keyLocationInfo=null, clientID=102652564580991378} | ret=SUCCESS |  
2019-08-21 02:17:32,947 | INFO  | DNAudit | user=null | ip=null | op=WRITE_CHUNK {blockData=conID: 1 locID: 102652566106014312 bcsId: 0} | ret=SUCCESS |  
2019-08-21 02:17:32,949 | INFO  | DNAudit | user=null | ip=null | op=WRITE_CHUNK {blockData=conID: 1 locID: 102652566106014312 bcsId: 0} | ret=SUCCESS |  
2019-08-21 02:17:32,949 | INFO  | DNAudit | user=null | ip=null | op=WRITE_CHUNK {blockData=conID: 1 locID: 102652566106014312 bcsId: 0} | ret=SUCCESS |  
2019-08-21 02:17:32,950 | INFO  | DNAudit | user=null | ip=null | op=WRITE_CHUNK {blockData=conID: 1 locID: 102652566106014312 bcsId: 0} | ret=SUCCESS |  
2019-08-21 02:17:32,952 | INFO  | DNAudit | user=null | ip=null | op=WRITE_CHUNK {blockData=conID: 1 locID: 102652566106014312 bcsId: 0} | ret=SUCCESS |  
2019-08-21 02:17:32,953 | INFO  | DNAudit | user=null | ip=null | op=WRITE_CHUNK {blockData=conID: 1 locID: 102652566106014312 bcsId: 0} | ret=SUCCESS |  
2019-08-21 02:17:32,960 | INFO  | DNAudit | user=null | ip=null | op=WRITE_CHUNK {blockData=conID: 1 locID: 102652566106014312 bcsId: 0} | ret=SUCCESS |  
2019-08-21 02:17:32,961 | INFO  | DNAudit | user=null | ip=null | op=PUT_BLOCK {blockData=[blockId=conID: 1 locID: 102652566106014312 bcsId: 0,size=1048576]} | ret=SUCCESS |  
2019-08-21 02:17:32,961 [grpc-default-executor-1] INFO  client.GrpcClientProtocolClient (GrpcClientProtocolClient.java:onNext(255)) - client-54CC064C3FCE->8224e767-71c1-41fc-a01a-d172d48fd9d8: receive RaftClientReply:client-54CC064C3FCE->8224e767-71c1-41fc-a01a-d172d48fd9d8@group-F6B37CC92441, cid=2726, SUCCESS, logIndex=4059, commits[8224e767-71c1-41fc-a01a-d172d48fd9d8:c4060, 6eae0c21-01aa-4169-956f-5952b26ea7ba:c4058, 8d7dcba1-3b82-4d94-a832-514ef5c79cf8:c4058]
2019-08-21 02:17:32,961 | INFO  | DNAudit | user=null | ip=null | op=WRITE_CHUNK {blockData=conID: 1 locID: 102652566106014312 bcsId: 0} | ret=SUCCESS |  
2019-08-21 02:17:32,961 [grpc-default-executor-1] INFO  client.GrpcClientProtocolClient (GrpcClientProtocolClient.java:onNext(255)) - client-54CC064C3FCE->8224e767-71c1-41fc-a01a-d172d48fd9d8: receive RaftClientReply:client-54CC064C3FCE->8224e767-71c1-41fc-a01a-d172d48fd9d8@group-F6B37CC92441, cid=2727, SUCCESS, logIndex=4060, commits[8224e767-71c1-41fc-a01a-d172d48fd9d8:c4062, 6eae0c21-01aa-4169-956f-5952b26ea7ba:c4058, 8d7dcba1-3b82-4d94-a832-514ef5c79cf8:c4058]
2019-08-21 02:17:32,962 | INFO  | DNAudit | user=null | ip=null | op=PUT_BLOCK {blockData=[blockId=conID: 1 locID: 102652566106014312 bcsId: 0,size=2097152]} | ret=SUCCESS |  
2019-08-21 02:17:32,962 [grpc-default-executor-1] INFO  client.GrpcClientProtocolClient (GrpcClientProtocolClient.java:onNext(255)) - client-54CC064C3FCE->8224e767-71c1-41fc-a01a-d172d48fd9d8: receive RaftClientReply:client-54CC064C3FCE->8224e767-71c1-41fc-a01a-d172d48fd9d8@group-F6B37CC92441, cid=2728, SUCCESS, logIndex=4061, commits[8224e767-71c1-41fc-a01a-d172d48fd9d8:c4062, 6eae0c21-01aa-4169-956f-5952b26ea7ba:c4058, 8d7dcba1-3b82-4d94-a832-514ef5c79cf8:c4058]
2019-08-21 02:17:32,962 | INFO  | DNAudit | user=null | ip=null | op=WRITE_CHUNK {blockData=conID: 1 locID: 102652566106014312 bcsId: 0} | ret=SUCCESS |  
2019-08-21 02:17:32,962 | INFO  | DNAudit | user=null | ip=null | op=WRITE_CHUNK {blockData=conID: 1 locID: 102652566106014312 bcsId: 0} | ret=SUCCESS |  
2019-08-21 02:17:32,962 [grpc-default-executor-1] INFO  client.GrpcClientProtocolClient (GrpcClientProtocolClient.java:onNext(255)) - client-54CC064C3FCE->8224e767-71c1-41fc-a01a-d172d48fd9d8: receive RaftClientReply:client-54CC064C3FCE->8224e767-71c1-41fc-a01a-d172d48fd9d8@group-F6B37CC92441, cid=2729, SUCCESS, logIndex=4062, commits[8224e767-71c1-41fc-a01a-d172d48fd9d8:c4062, 6eae0c21-01aa-4169-956f-5952b26ea7ba:c4058, 8d7dcba1-3b82-4d94-a832-514ef5c79cf8:c4058]
2019-08-21 02:17:32,962 | INFO  | DNAudit | user=null | ip=null | op=PUT_BLOCK {blockData=[blockId=conID: 1 locID: 102652566106014312 bcsId: 0,size=1048576]} | ret=SUCCESS |  
2019-08-21 02:17:32,963 | INFO  | DNAudit | user=null | ip=null | op=WRITE_CHUNK {blockData=conID: 1 locID: 102652566106014312 bcsId: 0} | ret=SUCCESS |  
2019-08-21 02:17:32,963 | INFO  | DNAudit | user=null | ip=null | op=PUT_BLOCK {blockData=[blockId=conID: 1 locID: 102652566106014312 bcsId: 0,size=1048576]} | ret=SUCCESS |  
2019-08-21 02:17:32,963 | INFO  | DNAudit | user=null | ip=null | op=WRITE_CHUNK {blockData=conID: 1 locID: 102652566106014312 bcsId: 0} | ret=SUCCESS |  
2019-08-21 02:17:32,964 | INFO  | DNAudit | user=null | ip=null | op=PUT_BLOCK {blockData=[blockId=conID: 1 locID: 102652566106014312 bcsId: 0,size=2097152]} | ret=SUCCESS |  
2019-08-21 02:17:32,964 [grpc-default-executor-2] INFO  client.GrpcClientProtocolClient (GrpcClientProtocolClient.java:onNext(255)) - client-54CC064C3FCE->8224e767-71c1-41fc-a01a-d172d48fd9d8: receive RaftClientReply:client-54CC064C3FCE->8224e767-71c1-41fc-a01a-d172d48fd9d8@group-F6B37CC92441, cid=2730, SUCCESS, logIndex=0, commits[8224e767-71c1-41fc-a01a-d172d48fd9d8:c4065, 6eae0c21-01aa-4169-956f-5952b26ea7ba:c4060, 8d7dcba1-3b82-4d94-a832-514ef5c79cf8:c4061]
2019-08-21 02:17:32,964 | INFO  | DNAudit | user=null | ip=null | op=PUT_BLOCK {blockData=[blockId=conID: 1 locID: 102652566106014312 bcsId: 0,size=2097152]} | ret=SUCCESS |  
2019-08-21 02:17:32,970 | INFO  | DNAudit | user=null | ip=null | op=WRITE_CHUNK {blockData=conID: 1 locID: 102652566106014312 bcsId: 4062} | ret=SUCCESS |  
2019-08-21 02:17:32,972 | INFO  | DNAudit | user=null | ip=null | op=WRITE_CHUNK {blockData=conID: 1 locID: 102652566106014312 bcsId: 4062} | ret=SUCCESS |  
2019-08-21 02:17:32,972 | INFO  | DNAudit | user=null | ip=null | op=WRITE_CHUNK {blockData=conID: 1 locID: 102652566106014312 bcsId: 4062} | ret=SUCCESS |  
2019-08-21 02:17:32,982 | INFO  | DNAudit | user=null | ip=null | op=WRITE_CHUNK {blockData=conID: 1 locID: 102652566106014312 bcsId: 4062} | ret=SUCCESS |  
2019-08-21 02:17:32,982 | INFO  | DNAudit | user=null | ip=null | op=PUT_BLOCK {blockData=[blockId=conID: 1 locID: 102652566106014312 bcsId: 0,size=3145728]} | ret=SUCCESS |  
2019-08-21 02:17:32,983 [grpc-default-executor-2] INFO  client.GrpcClientProtocolClient (GrpcClientProtocolClient.java:onNext(255)) - client-54CC064C3FCE->8224e767-71c1-41fc-a01a-d172d48fd9d8: receive RaftClientReply:client-54CC064C3FCE->8224e767-71c1-41fc-a01a-d172d48fd9d8@group-F6B37CC92441, cid=2731, SUCCESS, logIndex=4067, commits[8224e767-71c1-41fc-a01a-d172d48fd9d8:c4068, 6eae0c21-01aa-4169-956f-5952b26ea7ba:c4066, 8d7dcba1-3b82-4d94-a832-514ef5c79cf8:c4066]
2019-08-21 02:17:32,983 [grpc-default-executor-2] INFO  client.GrpcClientProtocolClient (GrpcClientProtocolClient.java:onNext(255)) - client-54CC064C3FCE->8224e767-71c1-41fc-a01a-d172d48fd9d8: receive RaftClientReply:client-54CC064C3FCE->8224e767-71c1-41fc-a01a-d172d48fd9d8@group-F6B37CC92441, cid=2732, SUCCESS, logIndex=4068, commits[8224e767-71c1-41fc-a01a-d172d48fd9d8:c4068, 6eae0c21-01aa-4169-956f-5952b26ea7ba:c4066, 8d7dcba1-3b82-4d94-a832-514ef5c79cf8:c4066]
2019-08-21 02:17:32,989 | INFO  | DNAudit | user=null | ip=null | op=WRITE_CHUNK {blockData=conID: 1 locID: 102652566106014312 bcsId: 4068} | ret=SUCCESS |  
2019-08-21 02:17:32,991 | INFO  | DNAudit | user=null | ip=null | op=WRITE_CHUNK {blockData=conID: 1 locID: 102652566106014312 bcsId: 4068} | ret=SUCCESS |  
2019-08-21 02:17:32,991 | INFO  | DNAudit | user=null | ip=null | op=WRITE_CHUNK {blockData=conID: 1 locID: 102652566106014312 bcsId: 4068} | ret=SUCCESS |  
2019-08-21 02:17:32,994 | INFO  | DNAudit | user=null | ip=null | op=WRITE_CHUNK {blockData=conID: 1 locID: 102652566106014312 bcsId: 4062} | ret=SUCCESS |  
2019-08-21 02:17:32,994 | INFO  | DNAudit | user=null | ip=null | op=WRITE_CHUNK {blockData=conID: 1 locID: 102652566106014312 bcsId: 4062} | ret=SUCCESS |  
2019-08-21 02:17:32,995 | INFO  | DNAudit | user=null | ip=null | op=PUT_BLOCK {blockData=[blockId=conID: 1 locID: 102652566106014312 bcsId: 0,size=3145728]} | ret=SUCCESS |  
2019-08-21 02:17:32,995 | INFO  | DNAudit | user=null | ip=null | op=PUT_BLOCK {blockData=[blockId=conID: 1 locID: 102652566106014312 bcsId: 0,size=3145728]} | ret=SUCCESS |  
2019-08-21 02:17:32,996 | INFO  | DNAudit | user=null | ip=null | op=WRITE_CHUNK {blockData=conID: 1 locID: 102652566106014312 bcsId: 4068} | ret=SUCCESS |  
2019-08-21 02:17:32,996 | INFO  | DNAudit | user=null | ip=null | op=PUT_BLOCK {blockData=[blockId=conID: 1 locID: 102652566106014312 bcsId: 0,size=4194304]} | ret=SUCCESS |  
2019-08-21 02:17:32,996 [grpc-default-executor-4] INFO  client.GrpcClientProtocolClient (GrpcClientProtocolClient.java:onNext(255)) - client-54CC064C3FCE->8224e767-71c1-41fc-a01a-d172d48fd9d8: receive RaftClientReply:client-54CC064C3FCE->8224e767-71c1-41fc-a01a-d172d48fd9d8@group-F6B37CC92441, cid=2733, SUCCESS, logIndex=4071, commits[8224e767-71c1-41fc-a01a-d172d48fd9d8:c4072, 6eae0c21-01aa-4169-956f-5952b26ea7ba:c4068, 8d7dcba1-3b82-4d94-a832-514ef5c79cf8:c4068]
2019-08-21 02:17:32,997 [grpc-default-executor-4] INFO  client.GrpcClientProtocolClient (GrpcClientProtocolClient.java:onNext(255)) - client-54CC064C3FCE->8224e767-71c1-41fc-a01a-d172d48fd9d8: receive RaftClientReply:client-54CC064C3FCE->8224e767-71c1-41fc-a01a-d172d48fd9d8@group-F6B37CC92441, cid=2734, SUCCESS, logIndex=4072, commits[8224e767-71c1-41fc-a01a-d172d48fd9d8:c4072, 6eae0c21-01aa-4169-956f-5952b26ea7ba:c4068, 8d7dcba1-3b82-4d94-a832-514ef5c79cf8:c4068]
2019-08-21 02:17:33,007 | INFO  | DNAudit | user=null | ip=null | op=WRITE_CHUNK {blockData=conID: 1 locID: 102652566106014312 bcsId: 4068} | ret=SUCCESS |  
2019-08-21 02:17:33,007 | INFO  | DNAudit | user=null | ip=null | op=WRITE_CHUNK {blockData=conID: 1 locID: 102652566106014312 bcsId: 4068} | ret=SUCCESS |  
2019-08-21 02:17:33,007 | INFO  | DNAudit | user=null | ip=null | op=PUT_BLOCK {blockData=[blockId=conID: 1 locID: 102652566106014312 bcsId: 0,size=4194304]} | ret=SUCCESS |  
2019-08-21 02:17:33,007 | INFO  | DNAudit | user=null | ip=null | op=PUT_BLOCK {blockData=[blockId=conID: 1 locID: 102652566106014312 bcsId: 0,size=4194304]} | ret=SUCCESS |  
2019-08-21 02:17:33,008 [grpc-default-executor-4] INFO  client.GrpcClientProtocolClient (GrpcClientProtocolClient.java:onNext(255)) - client-54CC064C3FCE->8224e767-71c1-41fc-a01a-d172d48fd9d8: receive RaftClientReply:client-54CC064C3FCE->8224e767-71c1-41fc-a01a-d172d48fd9d8@group-F6B37CC92441, cid=2735, SUCCESS, logIndex=0, commits[8224e767-71c1-41fc-a01a-d172d48fd9d8:c4073, 6eae0c21-01aa-4169-956f-5952b26ea7ba:c4072, 8d7dcba1-3b82-4d94-a832-514ef5c79cf8:c4072]
2019-08-21 02:17:33,014 | INFO  | SCMAudit | user=jenkins1000 | ip=192.168.34.10 | op=ALLOCATE_BLOCK {owner=b6f66289-f2a0-4058-b052-0a85e40df67b, size=4194304, type=RATIS, factor=THREE} | ret=SUCCESS |  
2019-08-21 02:17:33,017 | INFO  | OMAudit | user=jenkins1000 | ip=127.0.0.1 | op=ALLOCATE_BLOCK {volume=vol-0-90982, bucket=bucket-0-24269, key=key-0-81262, dataSize=0, replicationType=null, replicationFactor=null, keyLocationInfo=null, clientID=102652564580991378} | ret=SUCCESS |  
2019-08-21 02:17:33,024 | INFO  | DNAudit | user=null | ip=null | op=WRITE_CHUNK {blockData=conID: 2 locID: 102652566111060585 bcsId: 0} | ret=SUCCESS |  
2019-08-21 02:17:33,027 | INFO  | DNAudit | user=null | ip=null | op=WRITE_CHUNK {blockData=conID: 2 locID: 102652566111060585 bcsId: 0} | ret=SUCCESS |  
2019-08-21 02:17:33,028 | INFO  | DNAudit | user=null | ip=null | op=WRITE_CHUNK {blockData=conID: 2 locID: 102652566111060585 bcsId: 0} | ret=SUCCESS |  
2019-08-21 02:17:33,028 | INFO  | DNAudit | user=null | ip=null | op=WRITE_CHUNK {blockData=conID: 2 locID: 102652566111060585 bcsId: 0} | ret=SUCCESS |  
2019-08-21 02:17:33,029 | INFO  | DNAudit | user=null | ip=null | op=WRITE_CHUNK {blockData=conID: 2 locID: 102652566111060585 bcsId: 0} | ret=SUCCESS |  
2019-08-21 02:17:33,030 | INFO  | DNAudit | user=null | ip=null | op=WRITE_CHUNK {blockData=conID: 2 locID: 102652566111060585 bcsId: 0} | ret=SUCCESS |  
2019-08-21 02:17:33,036 | INFO  | DNAudit | user=null | ip=null | op=WRITE_CHUNK {blockData=conID: 2 locID: 102652566111060585 bcsId: 0} | ret=SUCCESS |  
2019-08-21 02:17:33,037 | INFO  | DNAudit | user=null | ip=null | op=PUT_BLOCK {blockData=[blockId=conID: 2 locID: 102652566111060585 bcsId: 0,size=1048576]} | ret=SUCCESS |  
2019-08-21 02:17:33,037 | INFO  | DNAudit | user=null | ip=null | op=WRITE_CHUNK {blockData=conID: 2 locID: 102652566111060585 bcsId: 0} | ret=SUCCESS |  
2019-08-21 02:17:33,037 [grpc-default-executor-4] INFO  client.GrpcClientProtocolClient (GrpcClientProtocolClient.java:onNext(255)) - client-54CC064C3FCE->8224e767-71c1-41fc-a01a-d172d48fd9d8: receive RaftClientReply:client-54CC064C3FCE->8224e767-71c1-41fc-a01a-d172d48fd9d8@group-F6B37CC92441, cid=2736, SUCCESS, logIndex=4075, commits[8224e767-71c1-41fc-a01a-d172d48fd9d8:c4076, 6eae0c21-01aa-4169-956f-5952b26ea7ba:c4074, 8d7dcba1-3b82-4d94-a832-514ef5c79cf8:c4074]
2019-08-21 02:17:33,038 | INFO  | DNAudit | user=null | ip=null | op=PUT_BLOCK {blockData=[blockId=conID: 2 locID: 102652566111060585 bcsId: 0,size=2097152]} | ret=SUCCESS |  
2019-08-21 02:17:33,038 [grpc-default-executor-4] INFO  client.GrpcClientProtocolClient (GrpcClientProtocolClient.java:onNext(255)) - client-54CC064C3FCE->8224e767-71c1-41fc-a01a-d172d48fd9d8: receive RaftClientReply:client-54CC064C3FCE->8224e767-71c1-41fc-a01a-d172d48fd9d8@group-F6B37CC92441, cid=2737, SUCCESS, logIndex=4076, commits[8224e767-71c1-41fc-a01a-d172d48fd9d8:c4078, 6eae0c21-01aa-4169-956f-5952b26ea7ba:c4074, 8d7dcba1-3b82-4d94-a832-514ef5c79cf8:c4074]
2019-08-21 02:17:33,038 [grpc-default-executor-4] INFO  client.GrpcClientProtocolClient (GrpcClientProtocolClient.java:onNext(255)) - client-54CC064C3FCE->8224e767-71c1-41fc-a01a-d172d48fd9d8: receive RaftClientReply:client-54CC064C3FCE->8224e767-71c1-41fc-a01a-d172d48fd9d8@group-F6B37CC92441, cid=2738, SUCCESS, logIndex=4077, commits[8224e767-71c1-41fc-a01a-d172d48fd9d8:c4078, 6eae0c21-01aa-4169-956f-5952b26ea7ba:c4074, 8d7dcba1-3b82-4d94-a832-514ef5c79cf8:c4074]
2019-08-21 02:17:33,038 [grpc-default-executor-4] INFO  client.GrpcClientProtocolClient (GrpcClientProtocolClient.java:onNext(255)) - client-54CC064C3FCE->8224e767-71c1-41fc-a01a-d172d48fd9d8: receive RaftClientReply:client-54CC064C3FCE->8224e767-71c1-41fc-a01a-d172d48fd9d8@group-F6B37CC92441, cid=2739, SUCCESS, logIndex=4078, commits[8224e767-71c1-41fc-a01a-d172d48fd9d8:c4078, 6eae0c21-01aa-4169-956f-5952b26ea7ba:c4074, 8d7dcba1-3b82-4d94-a832-514ef5c79cf8:c4074]
2019-08-21 02:17:33,039 | INFO  | DNAudit | user=null | ip=null | op=WRITE_CHUNK {blockData=conID: 2 locID: 102652566111060585 bcsId: 0} | ret=SUCCESS |  
2019-08-21 02:17:33,050 | INFO  | DNAudit | user=null | ip=null | op=WRITE_CHUNK {blockData=conID: 2 locID: 102652566111060585 bcsId: 0} | ret=SUCCESS |  
2019-08-21 02:17:33,050 | INFO  | DNAudit | user=null | ip=null | op=PUT_BLOCK {blockData=[blockId=conID: 2 locID: 102652566111060585 bcsId: 0,size=1048576]} | ret=SUCCESS |  
2019-08-21 02:17:33,050 | INFO  | DNAudit | user=null | ip=null | op=PUT_BLOCK {blockData=[blockId=conID: 2 locID: 102652566111060585 bcsId: 0,size=1048576]} | ret=SUCCESS |  
2019-08-21 02:17:33,051 | INFO  | DNAudit | user=null | ip=null | op=WRITE_CHUNK {blockData=conID: 2 locID: 102652566111060585 bcsId: 0} | ret=SUCCESS |  
2019-08-21 02:17:33,051 | INFO  | DNAudit | user=null | ip=null | op=PUT_BLOCK {blockData=[blockId=conID: 2 locID: 102652566111060585 bcsId: 0,size=2097152]} | ret=SUCCESS |  
2019-08-21 02:17:33,051 | INFO  | DNAudit | user=null | ip=null | op=WRITE_CHUNK {blockData=conID: 2 locID: 102652566111060585 bcsId: 0} | ret=SUCCESS |  
2019-08-21 02:17:33,051 | INFO  | DNAudit | user=null | ip=null | op=PUT_BLOCK {blockData=[blockId=conID: 2 locID: 102652566111060585 bcsId: 0,size=2097152]} | ret=SUCCESS |  
2019-08-21 02:17:33,051 [grpc-default-executor-2] INFO  client.GrpcClientProtocolClient (GrpcClientProtocolClient.java:onNext(255)) - client-54CC064C3FCE->8224e767-71c1-41fc-a01a-d172d48fd9d8: receive RaftClientReply:client-54CC064C3FCE->8224e767-71c1-41fc-a01a-d172d48fd9d8@group-F6B37CC92441, cid=2740, SUCCESS, logIndex=0, commits[8224e767-71c1-41fc-a01a-d172d48fd9d8:c4080, 6eae0c21-01aa-4169-956f-5952b26ea7ba:c4076, 8d7dcba1-3b82-4d94-a832-514ef5c79cf8:c4076]
2019-08-21 02:17:33,058 | INFO  | DNAudit | user=null | ip=null | op=WRITE_CHUNK {blockData=conID: 2 locID: 102652566111060585 bcsId: 4078} | ret=SUCCESS |  
2019-08-21 02:17:33,060 | INFO  | DNAudit | user=null | ip=null | op=WRITE_CHUNK {blockData=conID: 2 locID: 102652566111060585 bcsId: 4078} | ret=SUCCESS |  
2019-08-21 02:17:33,060 | INFO  | DNAudit | user=null | ip=null | op=WRITE_CHUNK {blockData=conID: 2 locID: 102652566111060585 bcsId: 4078} | ret=SUCCESS |  
2019-08-21 02:17:33,070 | INFO  | DNAudit | user=null | ip=null | op=WRITE_CHUNK {blockData=conID: 2 locID: 102652566111060585 bcsId: 4078} | ret=SUCCESS |  
2019-08-21 02:17:33,070 | INFO  | DNAudit | user=null | ip=null | op=PUT_BLOCK {blockData=[blockId=conID: 2 locID: 102652566111060585 bcsId: 0,size=3145728]} | ret=SUCCESS |  
2019-08-21 02:17:33,071 [grpc-default-executor-4] INFO  client.GrpcClientProtocolClient (GrpcClientProtocolClient.java:onNext(255)) - client-54CC064C3FCE->8224e767-71c1-41fc-a01a-d172d48fd9d8: receive RaftClientReply:client-54CC064C3FCE->8224e767-71c1-41fc-a01a-d172d48fd9d8@group-F6B37CC92441, cid=2741, SUCCESS, logIndex=4083, commits[8224e767-71c1-41fc-a01a-d172d48fd9d8:c4084, 6eae0c21-01aa-4169-956f-5952b26ea7ba:c4082, 8d7dcba1-3b82-4d94-a832-514ef5c79cf8:c4082]
2019-08-21 02:17:33,071 [grpc-default-executor-4] INFO  client.GrpcClientProtocolClient (GrpcClientProtocolClient.java:onNext(255)) - client-54CC064C3FCE->8224e767-71c1-41fc-a01a-d172d48fd9d8: receive RaftClientReply:client-54CC064C3FCE->8224e767-71c1-41fc-a01a-d172d48fd9d8@group-F6B37CC92441, cid=2742, SUCCESS, logIndex=4084, commits[8224e767-71c1-41fc-a01a-d172d48fd9d8:c4084, 6eae0c21-01aa-4169-956f-5952b26ea7ba:c4082, 8d7dcba1-3b82-4d94-a832-514ef5c79cf8:c4082]
2019-08-21 02:17:33,078 | INFO  | DNAudit | user=null | ip=null | op=WRITE_CHUNK {blockData=conID: 2 locID: 102652566111060585 bcsId: 4084} | ret=SUCCESS |  
2019-08-21 02:17:33,080 | INFO  | DNAudit | user=null | ip=null | op=WRITE_CHUNK {blockData=conID: 2 locID: 102652566111060585 bcsId: 4084} | ret=SUCCESS |  
2019-08-21 02:17:33,080 | INFO  | DNAudit | user=null | ip=null | op=WRITE_CHUNK {blockData=conID: 2 locID: 102652566111060585 bcsId: 4084} | ret=SUCCESS |  
2019-08-21 02:17:33,082 | INFO  | DNAudit | user=null | ip=null | op=WRITE_CHUNK {blockData=conID: 2 locID: 102652566111060585 bcsId: 4078} | ret=SUCCESS |  
2019-08-21 02:17:33,082 | INFO  | DNAudit | user=null | ip=null | op=WRITE_CHUNK {blockData=conID: 2 locID: 102652566111060585 bcsId: 4078} | ret=SUCCESS |  
2019-08-21 02:17:33,084 | INFO  | DNAudit | user=null | ip=null | op=PUT_BLOCK {blockData=[blockId=conID: 2 locID: 102652566111060585 bcsId: 0,size=3145728]} | ret=SUCCESS |  
2019-08-21 02:17:33,085 | INFO  | DNAudit | user=null | ip=null | op=PUT_BLOCK {blockData=[blockId=conID: 2 locID: 102652566111060585 bcsId: 0,size=3145728]} | ret=SUCCESS |  
2019-08-21 02:17:33,085 | INFO  | DNAudit | user=null | ip=null | op=WRITE_CHUNK {blockData=conID: 2 locID: 102652566111060585 bcsId: 4084} | ret=SUCCESS |  
2019-08-21 02:17:33,085 | INFO  | DNAudit | user=null | ip=null | op=PUT_BLOCK {blockData=[blockId=conID: 2 locID: 102652566111060585 bcsId: 0,size=4194304]} | ret=SUCCESS |  
2019-08-21 02:17:33,086 [grpc-default-executor-4] INFO  client.GrpcClientProtocolClient (GrpcClientProtocolClient.java:onNext(255)) - client-54CC064C3FCE->8224e767-71c1-41fc-a01a-d172d48fd9d8: receive RaftClientReply:client-54CC064C3FCE->8224e767-71c1-41fc-a01a-d172d48fd9d8@group-F6B37CC92441, cid=2743, SUCCESS, logIndex=4087, commits[8224e767-71c1-41fc-a01a-d172d48fd9d8:c4088, 6eae0c21-01aa-4169-956f-5952b26ea7ba:c4084, 8d7dcba1-3b82-4d94-a832-514ef5c79cf8:c4084]
2019-08-21 02:17:33,086 [grpc-default-executor-4] INFO  client.GrpcClientProtocolClient (GrpcClientProtocolClient.java:onNext(255)) - client-54CC064C3FCE->8224e767-71c1-41fc-a01a-d172d48fd9d8: receive RaftClientReply:client-54CC064C3FCE->8224e767-71c1-41fc-a01a-d172d48fd9d8@group-F6B37CC92441, cid=2744, SUCCESS, logIndex=4088, commits[8224e767-71c1-41fc-a01a-d172d48fd9d8:c4088, 6eae0c21-01aa-4169-956f-5952b26ea7ba:c4084, 8d7dcba1-3b82-4d94-a832-514ef5c79cf8:c4084]
2019-08-21 02:17:33,100 | INFO  | SCMAudit | user=jenkins1000 | ip=192.168.34.10 | op=SEND_HEARTBEAT {datanodeUUID=94764dae-819c-4b7e-92f1-9cd6c64427b7, command=[]} | ret=SUCCESS |  
2019-08-21 02:17:33,100 | INFO  | SCMAudit | user=jenkins1000 | ip=192.168.34.10 | op=SEND_HEARTBEAT {datanodeUUID=3def7c30-cb13-4f41-8119-6188f246ad27, command=[]} | ret=SUCCESS |  
 0.00% |█                                                                                                    |  0/1 Time: 0:00:232019-08-21 02:17:33,106 | INFO  | SCMAudit | user=jenkins1000 | ip=192.168.34.10 | op=SEND_HEARTBEAT {datanodeUUID=8d7dcba1-3b82-4d94-a832-514ef5c79cf8, command=[]} | ret=SUCCESS |  
2019-08-21 02:17:33,106 | INFO  | SCMAudit | user=jenkins1000 | ip=192.168.34.10 | op=SEND_HEARTBEAT {datanodeUUID=8224e767-71c1-41fc-a01a-d172d48fd9d8, command=[]} | ret=SUCCESS |  
2019-08-21 02:17:33,106 | INFO  | SCMAudit | user=jenkins1000 | ip=192.168.34.10 | op=SEND_HEARTBEAT {datanodeUUID=6eae0c21-01aa-4169-956f-5952b26ea7ba, command=[]} | ret=SUCCESS |  
2019-08-21 02:17:33,109 | INFO  | DNAudit | user=null | ip=null | op=WRITE_CHUNK {blockData=conID: 2 locID: 102652566111060585 bcsId: 4084} | ret=SUCCESS |  
2019-08-21 02:17:33,109 | INFO  | DNAudit | user=null | ip=null | op=WRITE_CHUNK {blockData=conID: 2 locID: 102652566111060585 bcsId: 4084} | ret=SUCCESS |  
2019-08-21 02:17:33,111 | INFO  | DNAudit | user=null | ip=null | op=PUT_BLOCK {blockData=[blockId=conID: 2 locID: 102652566111060585 bcsId: 0,size=4194304]} | ret=SUCCESS |  
2019-08-21 02:17:33,111 | INFO  | DNAudit | user=null | ip=null | op=PUT_BLOCK {blockData=[blockId=conID: 2 locID: 102652566111060585 bcsId: 0,size=4194304]} | ret=SUCCESS |  
2019-08-21 02:17:33,112 [grpc-default-executor-2] INFO  client.GrpcClientProtocolClient (GrpcClientProtocolClient.java:onNext(255)) - client-54CC064C3FCE->8224e767-71c1-41fc-a01a-d172d48fd9d8: receive RaftClientReply:client-54CC064C3FCE->8224e767-71c1-41fc-a01a-d172d48fd9d8@group-F6B37CC92441, cid=2745, SUCCESS, logIndex=0, commits[8224e767-71c1-41fc-a01a-d172d48fd9d8:c4089, 6eae0c21-01aa-4169-956f-5952b26ea7ba:c4088, 8d7dcba1-3b82-4d94-a832-514ef5c79cf8:c4088]
2019-08-21 02:17:33,117 | INFO  | SCMAudit | user=jenkins1000 | ip=192.168.34.10 | op=ALLOCATE_BLOCK {owner=b6f66289-f2a0-4058-b052-0a85e40df67b, size=4194304, type=RATIS, factor=THREE} | ret=SUCCESS |  
2019-08-21 02:17:33,122 | INFO  | OMAudit | user=jenkins1000 | ip=127.0.0.1 | op=ALLOCATE_BLOCK {volume=vol-0-90982, bucket=bucket-0-24269, key=key-0-81262, dataSize=0, replicationType=null, replicationFactor=null, keyLocationInfo=null, clientID=102652564580991378} | ret=SUCCESS |  
2019-08-21 02:17:33,129 | INFO  | DNAudit | user=null | ip=null | op=WRITE_CHUNK {blockData=conID: 3 locID: 102652566117876330 bcsId: 0} | ret=SUCCESS |  
2019-08-21 02:17:33,131 | INFO  | DNAudit | user=null | ip=null | op=WRITE_CHUNK {blockData=conID: 3 locID: 102652566117876330 bcsId: 0} | ret=SUCCESS |  
2019-08-21 02:17:33,132 | INFO  | DNAudit | user=null | ip=null | op=WRITE_CHUNK {blockData=conID: 3 locID: 102652566117876330 bcsId: 0} | ret=SUCCESS |  
2019-08-21 02:17:33,132 | INFO  | DNAudit | user=null | ip=null | op=WRITE_CHUNK {blockData=conID: 3 locID: 102652566117876330 bcsId: 0} | ret=SUCCESS |  
2019-08-21 02:17:33,134 | INFO  | DNAudit | user=null | ip=null | op=WRITE_CHUNK {blockData=conID: 3 locID: 102652566117876330 bcsId: 0} | ret=SUCCESS |  
2019-08-21 02:17:33,134 | INFO  | DNAudit | user=null | ip=null | op=WRITE_CHUNK {blockData=conID: 3 locID: 102652566117876330 bcsId: 0} | ret=SUCCESS |  
2019-08-21 02:17:33,141 | INFO  | DNAudit | user=null | ip=null | op=WRITE_CHUNK {blockData=conID: 3 locID: 102652566117876330 bcsId: 0} | ret=SUCCESS |  
2019-08-21 02:17:33,142 | INFO  | DNAudit | user=null | ip=null | op=PUT_BLOCK {blockData=[blockId=conID: 3 locID: 102652566117876330 bcsId: 0,size=1048576]} | ret=SUCCESS |  
2019-08-21 02:17:33,142 [grpc-default-executor-4] INFO  client.GrpcClientProtocolClient (GrpcClientProtocolClient.java:onNext(255)) - client-54CC064C3FCE->8224e767-71c1-41fc-a01a-d172d48fd9d8: receive RaftClientReply:client-54CC064C3FCE->8224e767-71c1-41fc-a01a-d172d48fd9d8@group-F6B37CC92441, cid=2746, SUCCESS, logIndex=4091, commits[8224e767-71c1-41fc-a01a-d172d48fd9d8:c4092, 6eae0c21-01aa-4169-956f-5952b26ea7ba:c4090, 8d7dcba1-3b82-4d94-a832-514ef5c79cf8:c4090]
2019-08-21 02:17:33,143 [grpc-default-executor-4] INFO  client.GrpcClientProtocolClient (GrpcClientProtocolClient.java:onNext(255)) - client-54CC064C3FCE->8224e767-71c1-41fc-a01a-d172d48fd9d8: receive RaftClientReply:client-54CC064C3FCE->8224e767-71c1-41fc-a01a-d172d48fd9d8@group-F6B37CC92441, cid=2747, SUCCESS, logIndex=4092, commits[8224e767-71c1-41fc-a01a-d172d48fd9d8:c4092, 6eae0c21-01aa-4169-956f-5952b26ea7ba:c4090, 8d7dcba1-3b82-4d94-a832-514ef5c79cf8:c4090]
2019-08-21 02:17:33,144 | INFO  | DNAudit | user=null | ip=null | op=WRITE_CHUNK {blockData=conID: 3 locID: 102652566117876330 bcsId: 0} | ret=SUCCESS |  
2019-08-21 02:17:33,144 | INFO  | DNAudit | user=null | ip=null | op=PUT_BLOCK {blockData=[blockId=conID: 3 locID: 102652566117876330 bcsId: 0,size=2097152]} | ret=SUCCESS |  
2019-08-21 02:17:33,144 [grpc-default-executor-2] INFO  client.GrpcClientProtocolClient (GrpcClientProtocolClient.java:onNext(255)) - client-54CC064C3FCE->8224e767-71c1-41fc-a01a-d172d48fd9d8: receive RaftClientReply:client-54CC064C3FCE->8224e767-71c1-41fc-a01a-d172d48fd9d8@group-F6B37CC92441, cid=2748, SUCCESS, logIndex=4093, commits[8224e767-71c1-41fc-a01a-d172d48fd9d8:c4094, 6eae0c21-01aa-4169-956f-5952b26ea7ba:c4090, 8d7dcba1-3b82-4d94-a832-514ef5c79cf8:c4090]
2019-08-21 02:17:33,145 [grpc-default-executor-2] INFO  client.GrpcClientProtocolClient (GrpcClientProtocolClient.java:onNext(255)) - client-54CC064C3FCE->8224e767-71c1-41fc-a01a-d172d48fd9d8: receive RaftClientReply:client-54CC064C3FCE->8224e767-71c1-41fc-a01a-d172d48fd9d8@group-F6B37CC92441, cid=2749, SUCCESS, logIndex=4094, commits[8224e767-71c1-41fc-a01a-d172d48fd9d8:c4094, 6eae0c21-01aa-4169-956f-5952b26ea7ba:c4090, 8d7dcba1-3b82-4d94-a832-514ef5c79cf8:c4090]
2019-08-21 02:17:33,155 | INFO  | DNAudit | user=null | ip=null | op=WRITE_CHUNK {blockData=conID: 3 locID: 102652566117876330 bcsId: 0} | ret=SUCCESS |  
2019-08-21 02:17:33,155 | INFO  | DNAudit | user=null | ip=null | op=WRITE_CHUNK {blockData=conID: 3 locID: 102652566117876330 bcsId: 0} | ret=SUCCESS |  
2019-08-21 02:17:33,155 | INFO  | DNAudit | user=null | ip=null | op=PUT_BLOCK {blockData=[blockId=conID: 3 locID: 102652566117876330 bcsId: 0,size=1048576]} | ret=SUCCESS |  
2019-08-21 02:17:33,155 | INFO  | DNAudit | user=null | ip=null | op=PUT_BLOCK {blockData=[blockId=conID: 3 locID: 102652566117876330 bcsId: 0,size=1048576]} | ret=SUCCESS |  
2019-08-21 02:17:33,156 [grpc-default-executor-1] INFO  client.GrpcClientProtocolClient (GrpcClientProtocolClient.java:onNext(255)) - client-54CC064C3FCE->8224e767-71c1-41fc-a01a-d172d48fd9d8: receive RaftClientReply:client-54CC064C3FCE->8224e767-71c1-41fc-a01a-d172d48fd9d8@group-F6B37CC92441, cid=2750, SUCCESS, logIndex=0, commits[8224e767-71c1-41fc-a01a-d172d48fd9d8:c4095, 6eae0c21-01aa-4169-956f-5952b26ea7ba:c4092, 8d7dcba1-3b82-4d94-a832-514ef5c79cf8:c4092]
2019-08-21 02:17:33,158 | INFO  | DNAudit | user=null | ip=null | op=WRITE_CHUNK {blockData=conID: 3 locID: 102652566117876330 bcsId: 0} | ret=SUCCESS |  
2019-08-21 02:17:33,158 | INFO  | DNAudit | user=null | ip=null | op=WRITE_CHUNK {blockData=conID: 3 locID: 102652566117876330 bcsId: 0} | ret=SUCCESS |  
2019-08-21 02:17:33,158 | INFO  | DNAudit | user=null | ip=null | op=PUT_BLOCK {blockData=[blockId=conID: 3 locID: 102652566117876330 bcsId: 0,size=2097152]} | ret=SUCCESS |  
2019-08-21 02:17:33,158 | INFO  | DNAudit | user=null | ip=null | op=PUT_BLOCK {blockData=[blockId=conID: 3 locID: 102652566117876330 bcsId: 0,size=2097152]} | ret=SUCCESS |  
2019-08-21 02:17:33,163 | INFO  | DNAudit | user=null | ip=null | op=WRITE_CHUNK {blockData=conID: 3 locID: 102652566117876330 bcsId: 4094} | ret=SUCCESS |  
2019-08-21 02:17:33,164 | INFO  | DNAudit | user=null | ip=null | op=WRITE_CHUNK {blockData=conID: 3 locID: 102652566117876330 bcsId: 4094} | ret=SUCCESS |  
2019-08-21 02:17:33,164 | INFO  | DNAudit | user=null | ip=null | op=WRITE_CHUNK {blockData=conID: 3 locID: 102652566117876330 bcsId: 4094} | ret=SUCCESS |  
2019-08-21 02:17:33,175 | INFO  | DNAudit | user=null | ip=null | op=WRITE_CHUNK {blockData=conID: 3 locID: 102652566117876330 bcsId: 4094} | ret=SUCCESS |  
2019-08-21 02:17:33,176 | INFO  | DNAudit | user=null | ip=null | op=PUT_BLOCK {blockData=[blockId=conID: 3 locID: 102652566117876330 bcsId: 0,size=3145728]} | ret=SUCCESS |  
2019-08-21 02:17:33,176 [grpc-default-executor-2] INFO  client.GrpcClientProtocolClient (GrpcClientProtocolClient.java:onNext(255)) - client-54CC064C3FCE->8224e767-71c1-41fc-a01a-d172d48fd9d8: receive RaftClientReply:client-54CC064C3FCE->8224e767-71c1-41fc-a01a-d172d48fd9d8@group-F6B37CC92441, cid=2751, SUCCESS, logIndex=4099, commits[8224e767-71c1-41fc-a01a-d172d48fd9d8:c4100, 6eae0c21-01aa-4169-956f-5952b26ea7ba:c4098, 8d7dcba1-3b82-4d94-a832-514ef5c79cf8:c4098]
2019-08-21 02:17:33,176 [grpc-default-executor-2] INFO  client.GrpcClientProtocolClient (GrpcClientProtocolClient.java:onNext(255)) - client-54CC064C3FCE->8224e767-71c1-41fc-a01a-d172d48fd9d8: receive RaftClientReply:client-54CC064C3FCE->8224e767-71c1-41fc-a01a-d172d48fd9d8@group-F6B37CC92441, cid=2752, SUCCESS, logIndex=4100, commits[8224e767-71c1-41fc-a01a-d172d48fd9d8:c4100, 6eae0c21-01aa-4169-956f-5952b26ea7ba:c4098, 8d7dcba1-3b82-4d94-a832-514ef5c79cf8:c4098]
2019-08-21 02:17:33,184 | INFO  | DNAudit | user=null | ip=null | op=WRITE_CHUNK {blockData=conID: 3 locID: 102652566117876330 bcsId: 4100} | ret=SUCCESS |  
2019-08-21 02:17:33,186 | INFO  | DNAudit | user=null | ip=null | op=WRITE_CHUNK {blockData=conID: 3 locID: 102652566117876330 bcsId: 4100} | ret=SUCCESS |  
2019-08-21 02:17:33,186 | INFO  | DNAudit | user=null | ip=null | op=WRITE_CHUNK {blockData=conID: 3 locID: 102652566117876330 bcsId: 4100} | ret=SUCCESS |  
2019-08-21 02:17:33,186 | INFO  | DNAudit | user=null | ip=null | op=WRITE_CHUNK {blockData=conID: 3 locID: 102652566117876330 bcsId: 4094} | ret=SUCCESS |  
2019-08-21 02:17:33,186 | INFO  | DNAudit | user=null | ip=null | op=WRITE_CHUNK {blockData=conID: 3 locID: 102652566117876330 bcsId: 4094} | ret=SUCCESS |  
2019-08-21 02:17:33,189 | INFO  | DNAudit | user=null | ip=null | op=PUT_BLOCK {blockData=[blockId=conID: 3 locID: 102652566117876330 bcsId: 0,size=3145728]} | ret=SUCCESS |  
2019-08-21 02:17:33,189 | INFO  | DNAudit | user=null | ip=null | op=PUT_BLOCK {blockData=[blockId=conID: 3 locID: 102652566117876330 bcsId: 0,size=3145728]} | ret=SUCCESS |  
2019-08-21 02:17:33,190 | INFO  | DNAudit | user=null | ip=null | op=WRITE_CHUNK {blockData=conID: 3 locID: 102652566117876330 bcsId: 4100} | ret=SUCCESS |  
2019-08-21 02:17:33,190 | INFO  | DNAudit | user=null | ip=null | op=PUT_BLOCK {blockData=[blockId=conID: 3 locID: 102652566117876330 bcsId: 0,size=4194304]} | ret=SUCCESS |  
2019-08-21 02:17:33,190 [grpc-default-executor-2] INFO  client.GrpcClientProtocolClient (GrpcClientProtocolClient.java:onNext(255)) - client-54CC064C3FCE->8224e767-71c1-41fc-a01a-d172d48fd9d8: receive RaftClientReply:client-54CC064C3FCE->8224e767-71c1-41fc-a01a-d172d48fd9d8@group-F6B37CC92441, cid=2753, SUCCESS, logIndex=4103, commits[8224e767-71c1-41fc-a01a-d172d48fd9d8:c4104, 6eae0c21-01aa-4169-956f-5952b26ea7ba:c4100, 8d7dcba1-3b82-4d94-a832-514ef5c79cf8:c4100]
2019-08-21 02:17:33,191 [grpc-default-executor-2] INFO  client.GrpcClientProtocolClient (GrpcClientProtocolClient.java:onNext(255)) - client-54CC064C3FCE->8224e767-71c1-41fc-a01a-d172d48fd9d8: receive RaftClientReply:client-54CC064C3FCE->8224e767-71c1-41fc-a01a-d172d48fd9d8@group-F6B37CC92441, cid=2754, SUCCESS, logIndex=4104, commits[8224e767-71c1-41fc-a01a-d172d48fd9d8:c4104, 6eae0c21-01aa-4169-956f-5952b26ea7ba:c4100, 8d7dcba1-3b82-4d94-a832-514ef5c79cf8:c4100]
2019-08-21 02:17:33,202 | INFO  | DNAudit | user=null | ip=null | op=WRITE_CHUNK {blockData=conID: 3 locID: 102652566117876330 bcsId: 4100} | ret=SUCCESS |  
2019-08-21 02:17:33,202 | INFO  | DNAudit | user=null | ip=null | op=WRITE_CHUNK {blockData=conID: 3 locID: 102652566117876330 bcsId: 4100} | ret=SUCCESS |  
2019-08-21 02:17:33,202 | INFO  | DNAudit | user=null | ip=null | op=PUT_BLOCK {blockData=[blockId=conID: 3 locID: 102652566117876330 bcsId: 0,size=4194304]} | ret=SUCCESS |  
2019-08-21 02:17:33,202 | INFO  | DNAudit | user=null | ip=null | op=PUT_BLOCK {blockData=[blockId=conID: 3 locID: 102652566117876330 bcsId: 0,size=4194304]} | ret=SUCCESS |  
2019-08-21 02:17:33,203 [grpc-default-executor-2] INFO  client.GrpcClientProtocolClient (GrpcClientProtocolClient.java:onNext(255)) - client-54CC064C3FCE->8224e767-71c1-41fc-a01a-d172d48fd9d8: receive RaftClientReply:client-54CC064C3FCE->8224e767-71c1-41fc-a01a-d172d48fd9d8@group-F6B37CC92441, cid=2755, SUCCESS, logIndex=0, commits[8224e767-71c1-41fc-a01a-d172d48fd9d8:c4105, 6eae0c21-01aa-4169-956f-5952b26ea7ba:c4104, 8d7dcba1-3b82-4d94-a832-514ef5c79cf8:c4104]
2019-08-21 02:17:33,209 | INFO  | SCMAudit | user=jenkins1000 | ip=192.168.34.10 | op=ALLOCATE_BLOCK {owner=b6f66289-f2a0-4058-b052-0a85e40df67b, size=4194304, type=RATIS, factor=THREE} | ret=SUCCESS |  
2019-08-21 02:17:33,214 | INFO  | OMAudit | user=jenkins1000 | ip=127.0.0.1 | op=ALLOCATE_BLOCK {volume=vol-0-90982, bucket=bucket-0-24269, key=key-0-81262, dataSize=0, replicationType=null, replicationFactor=null, keyLocationInfo=null, clientID=102652564580991378} | ret=SUCCESS |  
2019-08-21 02:17:33,221 | INFO  | DNAudit | user=null | ip=null | op=WRITE_CHUNK {blockData=conID: 1 locID: 102652566123905643 bcsId: 0} | ret=SUCCESS |  
2019-08-21 02:17:33,330 | INFO  | DNAudit | user=null | ip=null | op=WRITE_CHUNK {blockData=conID: 1 locID: 102652566123905643 bcsId: 0} | ret=SUCCESS |  
2019-08-21 02:17:33,331 | INFO  | DNAudit | user=null | ip=null | op=WRITE_CHUNK {blockData=conID: 1 locID: 102652566123905643 bcsId: 0} | ret=SUCCESS |  
2019-08-21 02:17:33,332 | INFO  | DNAudit | user=null | ip=null | op=WRITE_CHUNK {blockData=conID: 1 locID: 102652566123905643 bcsId: 0} | ret=SUCCESS |  
2019-08-21 02:17:33,334 | INFO  | DNAudit | user=null | ip=null | op=WRITE_CHUNK {blockData=conID: 1 locID: 102652566123905643 bcsId: 0} | ret=SUCCESS |  
2019-08-21 02:17:33,335 | INFO  | DNAudit | user=null | ip=null | op=WRITE_CHUNK {blockData=conID: 1 locID: 102652566123905643 bcsId: 0} | ret=SUCCESS |  
2019-08-21 02:17:33,343 | INFO  | DNAudit | user=null | ip=null | op=WRITE_CHUNK {blockData=conID: 1 locID: 102652566123905643 bcsId: 0} | ret=SUCCESS |  
2019-08-21 02:17:33,343 | INFO  | DNAudit | user=null | ip=null | op=PUT_BLOCK {blockData=[blockId=conID: 1 locID: 102652566123905643 bcsId: 0,size=1048576]} | ret=SUCCESS |  
2019-08-21 02:17:33,344 | INFO  | DNAudit | user=null | ip=null | op=WRITE_CHUNK {blockData=conID: 1 locID: 102652566123905643 bcsId: 0} | ret=SUCCESS |  
2019-08-21 02:17:33,344 | INFO  | DNAudit | user=null | ip=null | op=PUT_BLOCK {blockData=[blockId=conID: 1 locID: 102652566123905643 bcsId: 0,size=2097152]} | ret=SUCCESS |  
2019-08-21 02:17:33,344 [grpc-default-executor-2] INFO  client.GrpcClientProtocolClient (GrpcClientProtocolClient.java:onNext(255)) - client-54CC064C3FCE->8224e767-71c1-41fc-a01a-d172d48fd9d8: receive RaftClientReply:client-54CC064C3FCE->8224e767-71c1-41fc-a01a-d172d48fd9d8@group-F6B37CC92441, cid=2756, SUCCESS, logIndex=4107, commits[8224e767-71c1-41fc-a01a-d172d48fd9d8:c4108, 6eae0c21-01aa-4169-956f-5952b26ea7ba:c4106, 8d7dcba1-3b82-4d94-a832-514ef5c79cf8:c4106]
2019-08-21 02:17:33,344 [grpc-default-executor-2] INFO  client.GrpcClientProtocolClient (GrpcClientProtocolClient.java:onNext(255)) - client-54CC064C3FCE->8224e767-71c1-41fc-a01a-d172d48fd9d8: receive RaftClientReply:client-54CC064C3FCE->8224e767-71c1-41fc-a01a-d172d48fd9d8@group-F6B37CC92441, cid=2757, SUCCESS, logIndex=4108, commits[8224e767-71c1-41fc-a01a-d172d48fd9d8:c4109, 6eae0c21-01aa-4169-956f-5952b26ea7ba:c4106, 8d7dcba1-3b82-4d94-a832-514ef5c79cf8:c4106]
2019-08-21 02:17:33,345 [grpc-default-executor-2] INFO  client.GrpcClientProtocolClient (GrpcClientProtocolClient.java:onNext(255)) - client-54CC064C3FCE->8224e767-71c1-41fc-a01a-d172d48fd9d8: receive RaftClientReply:client-54CC064C3FCE->8224e767-71c1-41fc-a01a-d172d48fd9d8@group-F6B37CC92441, cid=2758, SUCCESS, logIndex=4109, commits[8224e767-71c1-41fc-a01a-d172d48fd9d8:c4110, 6eae0c21-01aa-4169-956f-5952b26ea7ba:c4106, 8d7dcba1-3b82-4d94-a832-514ef5c79cf8:c4106]
2019-08-21 02:17:33,345 [grpc-default-executor-2] INFO  client.GrpcClientProtocolClient (GrpcClientProtocolClient.java:onNext(255)) - client-54CC064C3FCE->8224e767-71c1-41fc-a01a-d172d48fd9d8: receive RaftClientReply:client-54CC064C3FCE->8224e767-71c1-41fc-a01a-d172d48fd9d8@group-F6B37CC92441, cid=2759, SUCCESS, logIndex=4110, commits[8224e767-71c1-41fc-a01a-d172d48fd9d8:c4110, 6eae0c21-01aa-4169-956f-5952b26ea7ba:c4106, 8d7dcba1-3b82-4d94-a832-514ef5c79cf8:c4106]
2019-08-21 02:17:33,356 | INFO  | DNAudit | user=null | ip=null | op=WRITE_CHUNK {blockData=conID: 1 locID: 102652566123905643 bcsId: 0} | ret=SUCCESS |  
2019-08-21 02:17:33,357 | INFO  | DNAudit | user=null | ip=null | op=PUT_BLOCK {blockData=[blockId=conID: 1 locID: 102652566123905643 bcsId: 0,size=1048576]} | ret=SUCCESS |  
2019-08-21 02:17:33,357 | INFO  | DNAudit | user=null | ip=null | op=WRITE_CHUNK {blockData=conID: 1 locID: 102652566123905643 bcsId: 0} | ret=SUCCESS |  
2019-08-21 02:17:33,357 | INFO  | DNAudit | user=null | ip=null | op=PUT_BLOCK {blockData=[blockId=conID: 1 locID: 102652566123905643 bcsId: 0,size=1048576]} | ret=SUCCESS |  
2019-08-21 02:17:33,357 | INFO  | DNAudit | user=null | ip=null | op=WRITE_CHUNK {blockData=conID: 1 locID: 102652566123905643 bcsId: 0} | ret=SUCCESS |  
2019-08-21 02:17:33,357 | INFO  | DNAudit | user=null | ip=null | op=PUT_BLOCK {blockData=[blockId=conID: 1 locID: 102652566123905643 bcsId: 0,size=2097152]} | ret=SUCCESS |  
2019-08-21 02:17:33,357 | INFO  | DNAudit | user=null | ip=null | op=WRITE_CHUNK {blockData=conID: 1 locID: 102652566123905643 bcsId: 0} | ret=SUCCESS |  
2019-08-21 02:17:33,358 [grpc-default-executor-4] INFO  client.GrpcClientProtocolClient (GrpcClientProtocolClient.java:onNext(255)) - client-54CC064C3FCE->8224e767-71c1-41fc-a01a-d172d48fd9d8: receive RaftClientReply:client-54CC064C3FCE->8224e767-71c1-41fc-a01a-d172d48fd9d8@group-F6B37CC92441, cid=2760, SUCCESS, logIndex=0, commits[8224e767-71c1-41fc-a01a-d172d48fd9d8:c4112, 6eae0c21-01aa-4169-956f-5952b26ea7ba:c4108, 8d7dcba1-3b82-4d94-a832-514ef5c79cf8:c4108]
2019-08-21 02:17:33,358 | INFO  | DNAudit | user=null | ip=null | op=PUT_BLOCK {blockData=[blockId=conID: 1 locID: 102652566123905643 bcsId: 0,size=2097152]} | ret=SUCCESS |  
2019-08-21 02:17:33,365 | INFO  | DNAudit | user=null | ip=null | op=WRITE_CHUNK {blockData=conID: 1 locID: 102652566123905643 bcsId: 4110} | ret=SUCCESS |  
2019-08-21 02:17:33,368 | INFO  | DNAudit | user=null | ip=null | op=WRITE_CHUNK {blockData=conID: 1 locID: 102652566123905643 bcsId: 4110} | ret=SUCCESS |  
2019-08-21 02:17:33,368 | INFO  | DNAudit | user=null | ip=null | op=WRITE_CHUNK {blockData=conID: 1 locID: 102652566123905643 bcsId: 4110} | ret=SUCCESS |  
2019-08-21 02:17:33,376 | INFO  | DNAudit | user=null | ip=null | op=WRITE_CHUNK {blockData=conID: 1 locID: 102652566123905643 bcsId: 4110} | ret=SUCCESS |  
2019-08-21 02:17:33,376 | INFO  | DNAudit | user=null | ip=null | op=PUT_BLOCK {blockData=[blockId=conID: 1 locID: 102652566123905643 bcsId: 0,size=3145728]} | ret=SUCCESS |  
2019-08-21 02:17:33,377 [grpc-default-executor-1] INFO  client.GrpcClientProtocolClient (GrpcClientProtocolClient.java:onNext(255)) - client-54CC064C3FCE->8224e767-71c1-41fc-a01a-d172d48fd9d8: receive RaftClientReply:client-54CC064C3FCE->8224e767-71c1-41fc-a01a-d172d48fd9d8@group-F6B37CC92441, cid=2761, SUCCESS, logIndex=4115, commits[8224e767-71c1-41fc-a01a-d172d48fd9d8:c4116, 6eae0c21-01aa-4169-956f-5952b26ea7ba:c4114, 8d7dcba1-3b82-4d94-a832-514ef5c79cf8:c4114]
2019-08-21 02:17:33,377 [grpc-default-executor-1] INFO  client.GrpcClientProtocolClient (GrpcClientProtocolClient.java:onNext(255)) - client-54CC064C3FCE->8224e767-71c1-41fc-a01a-d172d48fd9d8: receive RaftClientReply:client-54CC064C3FCE->8224e767-71c1-41fc-a01a-d172d48fd9d8@group-F6B37CC92441, cid=2762, SUCCESS, logIndex=4116, commits[8224e767-71c1-41fc-a01a-d172d48fd9d8:c4116, 6eae0c21-01aa-4169-956f-5952b26ea7ba:c4114, 8d7dcba1-3b82-4d94-a832-514ef5c79cf8:c4114]
2019-08-21 02:17:33,384 | INFO  | DNAudit | user=null | ip=null | op=WRITE_CHUNK {blockData=conID: 1 locID: 102652566123905643 bcsId: 4116} | ret=SUCCESS |  
2019-08-21 02:17:33,386 | INFO  | DNAudit | user=null | ip=null | op=WRITE_CHUNK {blockData=conID: 1 locID: 102652566123905643 bcsId: 4116} | ret=SUCCESS |  
2019-08-21 02:17:33,387 | INFO  | DNAudit | user=null | ip=null | op=WRITE_CHUNK {blockData=conID: 1 locID: 102652566123905643 bcsId: 4116} | ret=SUCCESS |  
2019-08-21 02:17:33,388 | INFO  | DNAudit | user=null | ip=null | op=WRITE_CHUNK {blockData=conID: 1 locID: 102652566123905643 bcsId: 4110} | ret=SUCCESS |  
2019-08-21 02:17:33,388 | INFO  | DNAudit | user=null | ip=null | op=WRITE_CHUNK {blockData=conID: 1 locID: 102652566123905643 bcsId: 4110} | ret=SUCCESS |  
2019-08-21 02:17:33,390 | INFO  | DNAudit | user=null | ip=null | op=PUT_BLOCK {blockData=[blockId=conID: 1 locID: 102652566123905643 bcsId: 0,size=3145728]} | ret=SUCCESS |  
2019-08-21 02:17:33,390 | INFO  | DNAudit | user=null | ip=null | op=PUT_BLOCK {blockData=[blockId=conID: 1 locID: 102652566123905643 bcsId: 0,size=3145728]} | ret=SUCCESS |  
2019-08-21 02:17:33,391 | INFO  | DNAudit | user=null | ip=null | op=WRITE_CHUNK {blockData=conID: 1 locID: 102652566123905643 bcsId: 4116} | ret=SUCCESS |  
2019-08-21 02:17:33,391 | INFO  | DNAudit | user=null | ip=null | op=PUT_BLOCK {blockData=[blockId=conID: 1 locID: 102652566123905643 bcsId: 0,size=4194304]} | ret=SUCCESS |  
2019-08-21 02:17:33,392 [grpc-default-executor-4] INFO  client.GrpcClientProtocolClient (GrpcClientProtocolClient.java:onNext(255)) - client-54CC064C3FCE->8224e767-71c1-41fc-a01a-d172d48fd9d8: receive RaftClientReply:client-54CC064C3FCE->8224e767-71c1-41fc-a01a-d172d48fd9d8@group-F6B37CC92441, cid=2763, SUCCESS, logIndex=4119, commits[8224e767-71c1-41fc-a01a-d172d48fd9d8:c4120, 6eae0c21-01aa-4169-956f-5952b26ea7ba:c4116, 8d7dcba1-3b82-4d94-a832-514ef5c79cf8:c4116]
2019-08-21 02:17:33,392 [grpc-default-executor-4] INFO  client.GrpcClientProtocolClient (GrpcClientProtocolClient.java:onNext(255)) - client-54CC064C3FCE->8224e767-71c1-41fc-a01a-d172d48fd9d8: receive RaftClientReply:client-54CC064C3FCE->8224e767-71c1-41fc-a01a-d172d48fd9d8@group-F6B37CC92441, cid=2764, SUCCESS, logIndex=4120, commits[8224e767-71c1-41fc-a01a-d172d48fd9d8:c4120, 6eae0c21-01aa-4169-956f-5952b26ea7ba:c4116, 8d7dcba1-3b82-4d94-a832-514ef5c79cf8:c4116]
2019-08-21 02:17:33,404 | INFO  | DNAudit | user=null | ip=null | op=WRITE_CHUNK {blockData=conID: 1 locID: 102652566123905643 bcsId: 4116} | ret=SUCCESS |  
2019-08-21 02:17:33,404 | INFO  | DNAudit | user=null | ip=null | op=WRITE_CHUNK {blockData=conID: 1 locID: 102652566123905643 bcsId: 4116} | ret=SUCCESS |  
2019-08-21 02:17:33,406 | INFO  | DNAudit | user=null | ip=null | op=PUT_BLOCK {blockData=[blockId=conID: 1 locID: 102652566123905643 bcsId: 0,size=4194304]} | ret=SUCCESS |  
2019-08-21 02:17:33,406 | INFO  | DNAudit | user=null | ip=null | op=PUT_BLOCK {blockData=[blockId=conID: 1 locID: 102652566123905643 bcsId: 0,size=4194304]} | ret=SUCCESS |  
2019-08-21 02:17:33,407 [grpc-default-executor-4] INFO  client.GrpcClientProtocolClient (GrpcClientProtocolClient.java:onNext(255)) - client-54CC064C3FCE->8224e767-71c1-41fc-a01a-d172d48fd9d8: receive RaftClientReply:client-54CC064C3FCE->8224e767-71c1-41fc-a01a-d172d48fd9d8@group-F6B37CC92441, cid=2765, SUCCESS, logIndex=0, commits[8224e767-71c1-41fc-a01a-d172d48fd9d8:c4122, 6eae0c21-01aa-4169-956f-5952b26ea7ba:c4120, 8d7dcba1-3b82-4d94-a832-514ef5c79cf8:c4120]
2019-08-21 02:17:33,413 | INFO  | SCMAudit | user=jenkins1000 | ip=192.168.34.10 | op=ALLOCATE_BLOCK {owner=b6f66289-f2a0-4058-b052-0a85e40df67b, size=4194304, type=RATIS, factor=THREE} | ret=SUCCESS |  
2019-08-21 02:17:33,418 | INFO  | OMAudit | user=jenkins1000 | ip=127.0.0.1 | op=ALLOCATE_BLOCK {volume=vol-0-90982, bucket=bucket-0-24269, key=key-0-81262, dataSize=0, replicationType=null, replicationFactor=null, keyLocationInfo=null, clientID=102652564580991378} | ret=SUCCESS |  
2019-08-21 02:17:33,425 | INFO  | DNAudit | user=null | ip=null | op=WRITE_CHUNK {blockData=conID: 2 locID: 102652566137274988 bcsId: 0} | ret=SUCCESS |  
2019-08-21 02:17:33,428 | INFO  | DNAudit | user=null | ip=null | op=WRITE_CHUNK {blockData=conID: 2 locID: 102652566137274988 bcsId: 0} | ret=SUCCESS |  
2019-08-21 02:17:33,429 | INFO  | DNAudit | user=null | ip=null | op=WRITE_CHUNK {blockData=conID: 2 locID: 102652566137274988 bcsId: 0} | ret=SUCCESS |  
2019-08-21 02:17:33,429 | INFO  | DNAudit | user=null | ip=null | op=WRITE_CHUNK {blockData=conID: 2 locID: 102652566137274988 bcsId: 0} | ret=SUCCESS |  
2019-08-21 02:17:33,430 | INFO  | DNAudit | user=null | ip=null | op=WRITE_CHUNK {blockData=conID: 2 locID: 102652566137274988 bcsId: 0} | ret=SUCCESS |  
2019-08-21 02:17:33,431 | INFO  | DNAudit | user=null | ip=null | op=WRITE_CHUNK {blockData=conID: 2 locID: 102652566137274988 bcsId: 0} | ret=SUCCESS |  
2019-08-21 02:17:33,440 | INFO  | DNAudit | user=null | ip=null | op=WRITE_CHUNK {blockData=conID: 2 locID: 102652566137274988 bcsId: 0} | ret=SUCCESS |  
2019-08-21 02:17:33,440 | INFO  | DNAudit | user=null | ip=null | op=PUT_BLOCK {blockData=[blockId=conID: 2 locID: 102652566137274988 bcsId: 0,size=1048576]} | ret=SUCCESS |  
2019-08-21 02:17:33,440 [grpc-default-executor-4] INFO  client.GrpcClientProtocolClient (GrpcClientProtocolClient.java:onNext(255)) - client-54CC064C3FCE->8224e767-71c1-41fc-a01a-d172d48fd9d8: receive RaftClientReply:client-54CC064C3FCE->8224e767-71c1-41fc-a01a-d172d48fd9d8@group-F6B37CC92441, cid=2766, SUCCESS, logIndex=4123, commits[8224e767-71c1-41fc-a01a-d172d48fd9d8:c4124, 6eae0c21-01aa-4169-956f-5952b26ea7ba:c4120, 8d7dcba1-3b82-4d94-a832-514ef5c79cf8:c4122]
2019-08-21 02:17:33,441 [grpc-default-executor-4] INFO  client.GrpcClientProtocolClient (GrpcClientProtocolClient.java:onNext(255)) - client-54CC064C3FCE->8224e767-71c1-41fc-a01a-d172d48fd9d8: receive RaftClientReply:client-54CC064C3FCE->8224e767-71c1-41fc-a01a-d172d48fd9d8@group-F6B37CC92441, cid=2767, SUCCESS, logIndex=4124, commits[8224e767-71c1-41fc-a01a-d172d48fd9d8:c4124, 6eae0c21-01aa-4169-956f-5952b26ea7ba:c4120, 8d7dcba1-3b82-4d94-a832-514ef5c79cf8:c4122]
2019-08-21 02:17:33,442 | INFO  | DNAudit | user=null | ip=null | op=WRITE_CHUNK {blockData=conID: 2 locID: 102652566137274988 bcsId: 0} | ret=SUCCESS |  
2019-08-21 02:17:33,443 | INFO  | DNAudit | user=null | ip=null | op=PUT_BLOCK {blockData=[blockId=conID: 2 locID: 102652566137274988 bcsId: 0,size=2097152]} | ret=SUCCESS |  
2019-08-21 02:17:33,443 [grpc-default-executor-1] INFO  client.GrpcClientProtocolClient (GrpcClientProtocolClient.java:onNext(255)) - client-54CC064C3FCE->8224e767-71c1-41fc-a01a-d172d48fd9d8: receive RaftClientReply:client-54CC064C3FCE->8224e767-71c1-41fc-a01a-d172d48fd9d8@group-F6B37CC92441, cid=2768, SUCCESS, logIndex=4125, commits[8224e767-71c1-41fc-a01a-d172d48fd9d8:c4126, 6eae0c21-01aa-4169-956f-5952b26ea7ba:c4122, 8d7dcba1-3b82-4d94-a832-514ef5c79cf8:c4122]
2019-08-21 02:17:33,443 [grpc-default-executor-1] INFO  client.GrpcClientProtocolClient (GrpcClientProtocolClient.java:onNext(255)) - client-54CC064C3FCE->8224e767-71c1-41fc-a01a-d172d48fd9d8: receive RaftClientReply:client-54CC064C3FCE->8224e767-71c1-41fc-a01a-d172d48fd9d8@group-F6B37CC92441, cid=2769, SUCCESS, logIndex=4126, commits[8224e767-71c1-41fc-a01a-d172d48fd9d8:c4126, 6eae0c21-01aa-4169-956f-5952b26ea7ba:c4122, 8d7dcba1-3b82-4d94-a832-514ef5c79cf8:c4122]
2019-08-21 02:17:33,443 | INFO  | DNAudit | user=null | ip=null | op=WRITE_CHUNK {blockData=conID: 2 locID: 102652566137274988 bcsId: 0} | ret=SUCCESS |  
2019-08-21 02:17:33,444 | INFO  | DNAudit | user=null | ip=null | op=PUT_BLOCK {blockData=[blockId=conID: 2 locID: 102652566137274988 bcsId: 0,size=1048576]} | ret=SUCCESS |  
2019-08-21 02:17:33,444 | INFO  | DNAudit | user=null | ip=null | op=WRITE_CHUNK {blockData=conID: 2 locID: 102652566137274988 bcsId: 0} | ret=SUCCESS |  
2019-08-21 02:17:33,444 | INFO  | DNAudit | user=null | ip=null | op=PUT_BLOCK {blockData=[blockId=conID: 2 locID: 102652566137274988 bcsId: 0,size=1048576]} | ret=SUCCESS |  
2019-08-21 02:17:33,445 [grpc-default-executor-1] INFO  client.GrpcClientProtocolClient (GrpcClientProtocolClient.java:onNext(255)) - client-54CC064C3FCE->8224e767-71c1-41fc-a01a-d172d48fd9d8: receive RaftClientReply:client-54CC064C3FCE->8224e767-71c1-41fc-a01a-d172d48fd9d8@group-F6B37CC92441, cid=2770, SUCCESS, logIndex=0, commits[8224e767-71c1-41fc-a01a-d172d48fd9d8:c4128, 6eae0c21-01aa-4169-956f-5952b26ea7ba:c4124, 8d7dcba1-3b82-4d94-a832-514ef5c79cf8:c4124]
2019-08-21 02:17:33,451 | INFO  | DNAudit | user=null | ip=null | op=WRITE_CHUNK {blockData=conID: 2 locID: 102652566137274988 bcsId: 4126} | ret=SUCCESS |  
2019-08-21 02:17:33,453 | INFO  | DNAudit | user=null | ip=null | op=WRITE_CHUNK {blockData=conID: 2 locID: 102652566137274988 bcsId: 4126} | ret=SUCCESS |  
2019-08-21 02:17:33,453 | INFO  | DNAudit | user=null | ip=null | op=WRITE_CHUNK {blockData=conID: 2 locID: 102652566137274988 bcsId: 4126} | ret=SUCCESS |  
2019-08-21 02:17:33,455 | INFO  | DNAudit | user=null | ip=null | op=WRITE_CHUNK {blockData=conID: 2 locID: 102652566137274988 bcsId: 0} | ret=SUCCESS |  
2019-08-21 02:17:33,455 | INFO  | DNAudit | user=null | ip=null | op=PUT_BLOCK {blockData=[blockId=conID: 2 locID: 102652566137274988 bcsId: 0,size=2097152]} | ret=SUCCESS |  
2019-08-21 02:17:33,455 | INFO  | DNAudit | user=null | ip=null | op=WRITE_CHUNK {blockData=conID: 2 locID: 102652566137274988 bcsId: 0} | ret=SUCCESS |  
2019-08-21 02:17:33,455 | INFO  | DNAudit | user=null | ip=null | op=PUT_BLOCK {blockData=[blockId=conID: 2 locID: 102652566137274988 bcsId: 0,size=2097152]} | ret=SUCCESS |  
2019-08-21 02:17:33,456 | INFO  | DNAudit | user=null | ip=null | op=WRITE_CHUNK {blockData=conID: 2 locID: 102652566137274988 bcsId: 4126} | ret=SUCCESS |  
2019-08-21 02:17:33,456 | INFO  | DNAudit | user=null | ip=null | op=PUT_BLOCK {blockData=[blockId=conID: 2 locID: 102652566137274988 bcsId: 0,size=3145728]} | ret=SUCCESS |  
2019-08-21 02:17:33,456 [grpc-default-executor-1] INFO  client.GrpcClientProtocolClient (GrpcClientProtocolClient.java:onNext(255)) - client-54CC064C3FCE->8224e767-71c1-41fc-a01a-d172d48fd9d8: receive RaftClientReply:client-54CC064C3FCE->8224e767-71c1-41fc-a01a-d172d48fd9d8@group-F6B37CC92441, cid=2771, SUCCESS, logIndex=4131, commits[8224e767-71c1-41fc-a01a-d172d48fd9d8:c4132, 6eae0c21-01aa-4169-956f-5952b26ea7ba:c4128, 8d7dcba1-3b82-4d94-a832-514ef5c79cf8:c4126]
2019-08-21 02:17:33,457 [grpc-default-executor-1] INFO  client.GrpcClientProtocolClient (GrpcClientProtocolClient.java:onNext(255)) - client-54CC064C3FCE->8224e767-71c1-41fc-a01a-d172d48fd9d8: receive RaftClientReply:client-54CC064C3FCE->8224e767-71c1-41fc-a01a-d172d48fd9d8@group-F6B37CC92441, cid=2772, SUCCESS, logIndex=4132, commits[8224e767-71c1-41fc-a01a-d172d48fd9d8:c4132, 6eae0c21-01aa-4169-956f-5952b26ea7ba:c4128, 8d7dcba1-3b82-4d94-a832-514ef5c79cf8:c4128]
2019-08-21 02:17:33,459 | INFO  | DNAudit | user=null | ip=null | op=WRITE_CHUNK {blockData=conID: 2 locID: 102652566137274988 bcsId: 4126} | ret=SUCCESS |  
2019-08-21 02:17:33,459 | INFO  | DNAudit | user=null | ip=null | op=WRITE_CHUNK {blockData=conID: 2 locID: 102652566137274988 bcsId: 4126} | ret=SUCCESS |  
2019-08-21 02:17:33,460 | INFO  | DNAudit | user=null | ip=null | op=PUT_BLOCK {blockData=[blockId=conID: 2 locID: 102652566137274988 bcsId: 0,size=3145728]} | ret=SUCCESS |  
2019-08-21 02:17:33,460 | INFO  | DNAudit | user=null | ip=null | op=PUT_BLOCK {blockData=[blockId=conID: 2 locID: 102652566137274988 bcsId: 0,size=3145728]} | ret=SUCCESS |  
2019-08-21 02:17:33,463 | INFO  | DNAudit | user=null | ip=null | op=WRITE_CHUNK {blockData=conID: 2 locID: 102652566137274988 bcsId: 4132} | ret=SUCCESS |  
2019-08-21 02:17:33,465 | INFO  | DNAudit | user=null | ip=null | op=WRITE_CHUNK {blockData=conID: 2 locID: 102652566137274988 bcsId: 4132} | ret=SUCCESS |  
2019-08-21 02:17:33,466 | INFO  | DNAudit | user=null | ip=null | op=WRITE_CHUNK {blockData=conID: 2 locID: 102652566137274988 bcsId: 4132} | ret=SUCCESS |  
2019-08-21 02:17:33,474 | INFO  | DNAudit | user=null | ip=null | op=WRITE_CHUNK {blockData=conID: 2 locID: 102652566137274988 bcsId: 4132} | ret=SUCCESS |  
2019-08-21 02:17:33,474 | INFO  | DNAudit | user=null | ip=null | op=PUT_BLOCK {blockData=[blockId=conID: 2 locID: 102652566137274988 bcsId: 0,size=4194304]} | ret=SUCCESS |  
2019-08-21 02:17:33,474 [grpc-default-executor-2] INFO  client.GrpcClientProtocolClient (GrpcClientProtocolClient.java:onNext(255)) - client-54CC064C3FCE->8224e767-71c1-41fc-a01a-d172d48fd9d8: receive RaftClientReply:client-54CC064C3FCE->8224e767-71c1-41fc-a01a-d172d48fd9d8@group-F6B37CC92441, cid=2773, SUCCESS, logIndex=4135, commits[8224e767-71c1-41fc-a01a-d172d48fd9d8:c4136, 6eae0c21-01aa-4169-956f-5952b26ea7ba:c4133, 8d7dcba1-3b82-4d94-a832-514ef5c79cf8:c4133]
2019-08-21 02:17:33,474 [grpc-default-executor-2] INFO  client.GrpcClientProtocolClient (GrpcClientProtocolClient.java:onNext(255)) - client-54CC064C3FCE->8224e767-71c1-41fc-a01a-d172d48fd9d8: receive RaftClientReply:client-54CC064C3FCE->8224e767-71c1-41fc-a01a-d172d48fd9d8@group-F6B37CC92441, cid=2774, SUCCESS, logIndex=4136, commits[8224e767-71c1-41fc-a01a-d172d48fd9d8:c4136, 6eae0c21-01aa-4169-956f-5952b26ea7ba:c4133, 8d7dcba1-3b82-4d94-a832-514ef5c79cf8:c4133]
2019-08-21 02:17:33,487 | INFO  | DNAudit | user=null | ip=null | op=WRITE_CHUNK {blockData=conID: 2 locID: 102652566137274988 bcsId: 4132} | ret=SUCCESS |  
2019-08-21 02:17:33,487 | INFO  | DNAudit | user=null | ip=null | op=WRITE_CHUNK {blockData=conID: 2 locID: 102652566137274988 bcsId: 4132} | ret=SUCCESS |  
2019-08-21 02:17:33,498 | INFO  | DNAudit | user=null | ip=null | op=PUT_BLOCK {blockData=[blockId=conID: 2 locID: 102652566137274988 bcsId: 0,size=4194304]} | ret=SUCCESS |  
2019-08-21 02:17:33,498 | INFO  | DNAudit | user=null | ip=null | op=PUT_BLOCK {blockData=[blockId=conID: 2 locID: 102652566137274988 bcsId: 0,size=4194304]} | ret=SUCCESS |  
2019-08-21 02:17:33,499 [grpc-default-executor-2] INFO  client.GrpcClientProtocolClient (GrpcClientProtocolClient.java:onNext(255)) - client-54CC064C3FCE->8224e767-71c1-41fc-a01a-d172d48fd9d8: receive RaftClientReply:client-54CC064C3FCE->8224e767-71c1-41fc-a01a-d172d48fd9d8@group-F6B37CC92441, cid=2775, SUCCESS, logIndex=0, commits[8224e767-71c1-41fc-a01a-d172d48fd9d8:c4138, 6eae0c21-01aa-4169-956f-5952b26ea7ba:c4136, 8d7dcba1-3b82-4d94-a832-514ef5c79cf8:c4136]
2019-08-21 02:17:33,506 | INFO  | SCMAudit | user=jenkins1000 | ip=192.168.34.10 | op=ALLOCATE_BLOCK {owner=b6f66289-f2a0-4058-b052-0a85e40df67b, size=4194304, type=RATIS, factor=THREE} | ret=SUCCESS |  
2019-08-21 02:17:33,518 | INFO  | OMAudit | user=jenkins1000 | ip=127.0.0.1 | op=ALLOCATE_BLOCK {volume=vol-0-90982, bucket=bucket-0-24269, key=key-0-81262, dataSize=0, replicationType=null, replicationFactor=null, keyLocationInfo=null, clientID=102652564580991378} | ret=SUCCESS |  
2019-08-21 02:17:33,547 | INFO  | DNAudit | user=null | ip=null | op=WRITE_CHUNK {blockData=conID: 3 locID: 102652566143369837 bcsId: 0} | ret=SUCCESS |  
2019-08-21 02:17:33,547 | INFO  | DNAudit | user=null | ip=null | op=WRITE_CHUNK {blockData=conID: 3 locID: 102652566143369837 bcsId: 0} | ret=SUCCESS |  
2019-08-21 02:17:33,548 | INFO  | DNAudit | user=null | ip=null | op=WRITE_CHUNK {blockData=conID: 3 locID: 102652566143369837 bcsId: 0} | ret=SUCCESS |  
2019-08-21 02:17:33,548 | INFO  | DNAudit | user=null | ip=null | op=WRITE_CHUNK {blockData=conID: 3 locID: 102652566143369837 bcsId: 0} | ret=SUCCESS |  
2019-08-21 02:17:33,548 | INFO  | DNAudit | user=null | ip=null | op=WRITE_CHUNK {blockData=conID: 3 locID: 102652566143369837 bcsId: 0} | ret=SUCCESS |  
2019-08-21 02:17:33,548 | INFO  | DNAudit | user=null | ip=null | op=WRITE_CHUNK {blockData=conID: 3 locID: 102652566143369837 bcsId: 0} | ret=SUCCESS |  
2019-08-21 02:17:33,559 | INFO  | DNAudit | user=null | ip=null | op=WRITE_CHUNK {blockData=conID: 3 locID: 102652566143369837 bcsId: 0} | ret=SUCCESS |  
2019-08-21 02:17:33,559 | INFO  | DNAudit | user=null | ip=null | op=PUT_BLOCK {blockData=[blockId=conID: 3 locID: 102652566143369837 bcsId: 0,size=1048576]} | ret=SUCCESS |  
2019-08-21 02:17:33,559 | INFO  | DNAudit | user=null | ip=null | op=WRITE_CHUNK {blockData=conID: 3 locID: 102652566143369837 bcsId: 0} | ret=SUCCESS |  
2019-08-21 02:17:33,559 [grpc-default-executor-3] INFO  client.GrpcClientProtocolClient (GrpcClientProtocolClient.java:onNext(255)) - client-54CC064C3FCE->8224e767-71c1-41fc-a01a-d172d48fd9d8: receive RaftClientReply:client-54CC064C3FCE->8224e767-71c1-41fc-a01a-d172d48fd9d8@group-F6B37CC92441, cid=2776, SUCCESS, logIndex=4139, commits[8224e767-71c1-41fc-a01a-d172d48fd9d8:c4142, 6eae0c21-01aa-4169-956f-5952b26ea7ba:c4138, 8d7dcba1-3b82-4d94-a832-514ef5c79cf8:c4138]
2019-08-21 02:17:33,560 | INFO  | DNAudit | user=null | ip=null | op=PUT_BLOCK {blockData=[blockId=conID: 3 locID: 102652566143369837 bcsId: 0,size=2097152]} | ret=SUCCESS |  
2019-08-21 02:17:33,560 [grpc-default-executor-3] INFO  client.GrpcClientProtocolClient (GrpcClientProtocolClient.java:onNext(255)) - client-54CC064C3FCE->8224e767-71c1-41fc-a01a-d172d48fd9d8: receive RaftClientReply:client-54CC064C3FCE->8224e767-71c1-41fc-a01a-d172d48fd9d8@group-F6B37CC92441, cid=2777, SUCCESS, logIndex=4140, commits[8224e767-71c1-41fc-a01a-d172d48fd9d8:c4142, 6eae0c21-01aa-4169-956f-5952b26ea7ba:c4138, 8d7dcba1-3b82-4d94-a832-514ef5c79cf8:c4138]
2019-08-21 02:17:33,560 [grpc-default-executor-3] INFO  client.GrpcClientProtocolClient (GrpcClientProtocolClient.java:onNext(255)) - client-54CC064C3FCE->8224e767-71c1-41fc-a01a-d172d48fd9d8: receive RaftClientReply:client-54CC064C3FCE->8224e767-71c1-41fc-a01a-d172d48fd9d8@group-F6B37CC92441, cid=2778, SUCCESS, logIndex=4141, commits[8224e767-71c1-41fc-a01a-d172d48fd9d8:c4142, 6eae0c21-01aa-4169-956f-5952b26ea7ba:c4138, 8d7dcba1-3b82-4d94-a832-514ef5c79cf8:c4138]
2019-08-21 02:17:33,560 [grpc-default-executor-3] INFO  client.GrpcClientProtocolClient (GrpcClientProtocolClient.java:onNext(255)) - client-54CC064C3FCE->8224e767-71c1-41fc-a01a-d172d48fd9d8: receive RaftClientReply:client-54CC064C3FCE->8224e767-71c1-41fc-a01a-d172d48fd9d8@group-F6B37CC92441, cid=2779, SUCCESS, logIndex=4142, commits[8224e767-71c1-41fc-a01a-d172d48fd9d8:c4142, 6eae0c21-01aa-4169-956f-5952b26ea7ba:c4138, 8d7dcba1-3b82-4d94-a832-514ef5c79cf8:c4138]
2019-08-21 02:17:33,570 | INFO  | DNAudit | user=null | ip=null | op=WRITE_CHUNK {blockData=conID: 3 locID: 102652566143369837 bcsId: 0} | ret=SUCCESS |  
2019-08-21 02:17:33,570 | INFO  | DNAudit | user=null | ip=null | op=WRITE_CHUNK {blockData=conID: 3 locID: 102652566143369837 bcsId: 0} | ret=SUCCESS |  
2019-08-21 02:17:33,571 | INFO  | DNAudit | user=null | ip=null | op=PUT_BLOCK {blockData=[blockId=conID: 3 locID: 102652566143369837 bcsId: 0,size=1048576]} | ret=SUCCESS |  
2019-08-21 02:17:33,571 | INFO  | DNAudit | user=null | ip=null | op=WRITE_CHUNK {blockData=conID: 3 locID: 102652566143369837 bcsId: 0} | ret=SUCCESS |  
2019-08-21 02:17:33,571 | INFO  | DNAudit | user=null | ip=null | op=PUT_BLOCK {blockData=[blockId=conID: 3 locID: 102652566143369837 bcsId: 0,size=1048576]} | ret=SUCCESS |  
2019-08-21 02:17:33,572 | INFO  | DNAudit | user=null | ip=null | op=WRITE_CHUNK {blockData=conID: 3 locID: 102652566143369837 bcsId: 0} | ret=SUCCESS |  
2019-08-21 02:17:33,572 | INFO  | DNAudit | user=null | ip=null | op=PUT_BLOCK {blockData=[blockId=conID: 3 locID: 102652566143369837 bcsId: 0,size=2097152]} | ret=SUCCESS |  
2019-08-21 02:17:33,572 | INFO  | DNAudit | user=null | ip=null | op=PUT_BLOCK {blockData=[blockId=conID: 3 locID: 102652566143369837 bcsId: 0,size=2097152]} | ret=SUCCESS |  
2019-08-21 02:17:33,572 [grpc-default-executor-4] INFO  client.GrpcClientProtocolClient (GrpcClientProtocolClient.java:onNext(255)) - client-54CC064C3FCE->8224e767-71c1-41fc-a01a-d172d48fd9d8: receive RaftClientReply:client-54CC064C3FCE->8224e767-71c1-41fc-a01a-d172d48fd9d8@group-F6B37CC92441, cid=2780, SUCCESS, logIndex=0, commits[8224e767-71c1-41fc-a01a-d172d48fd9d8:c4145, 6eae0c21-01aa-4169-956f-5952b26ea7ba:c4142, 8d7dcba1-3b82-4d94-a832-514ef5c79cf8:c4141]
2019-08-21 02:17:33,579 | INFO  | DNAudit | user=null | ip=null | op=WRITE_CHUNK {blockData=conID: 3 locID: 102652566143369837 bcsId: 4142} | ret=SUCCESS |  
2019-08-21 02:17:33,584 | INFO  | DNAudit | user=null | ip=null | op=WRITE_CHUNK {blockData=conID: 3 locID: 102652566143369837 bcsId: 4142} | ret=SUCCESS |  
2019-08-21 02:17:33,585 | INFO  | DNAudit | user=null | ip=null | op=WRITE_CHUNK {blockData=conID: 3 locID: 102652566143369837 bcsId: 4142} | ret=SUCCESS |  
2019-08-21 02:17:33,589 | INFO  | DNAudit | user=null | ip=null | op=WRITE_CHUNK {blockData=conID: 3 locID: 102652566143369837 bcsId: 4142} | ret=SUCCESS |  
2019-08-21 02:17:33,590 | INFO  | DNAudit | user=null | ip=null | op=PUT_BLOCK {blockData=[blockId=conID: 3 locID: 102652566143369837 bcsId: 0,size=3145728]} | ret=SUCCESS |  
2019-08-21 02:17:33,590 [grpc-default-executor-1] INFO  client.GrpcClientProtocolClient (GrpcClientProtocolClient.java:onNext(255)) - client-54CC064C3FCE->8224e767-71c1-41fc-a01a-d172d48fd9d8: receive RaftClientReply:client-54CC064C3FCE->8224e767-71c1-41fc-a01a-d172d48fd9d8@group-F6B37CC92441, cid=2781, SUCCESS, logIndex=4147, commits[8224e767-71c1-41fc-a01a-d172d48fd9d8:c4148, 6eae0c21-01aa-4169-956f-5952b26ea7ba:c4146, 8d7dcba1-3b82-4d94-a832-514ef5c79cf8:c4146]
2019-08-21 02:17:33,590 [grpc-default-executor-1] INFO  client.GrpcClientProtocolClient (GrpcClientProtocolClient.java:onNext(255)) - client-54CC064C3FCE->8224e767-71c1-41fc-a01a-d172d48fd9d8: receive RaftClientReply:client-54CC064C3FCE->8224e767-71c1-41fc-a01a-d172d48fd9d8@group-F6B37CC92441, cid=2782, SUCCESS, logIndex=4148, commits[8224e767-71c1-41fc-a01a-d172d48fd9d8:c4148, 6eae0c21-01aa-4169-956f-5952b26ea7ba:c4146, 8d7dcba1-3b82-4d94-a832-514ef5c79cf8:c4146]
2019-08-21 02:17:33,595 | INFO  | DNAudit | user=null | ip=null | op=WRITE_CHUNK {blockData=conID: 3 locID: 102652566143369837 bcsId: 4148} | ret=SUCCESS |  
2019-08-21 02:17:33,597 | INFO  | DNAudit | user=null | ip=null | op=WRITE_CHUNK {blockData=conID: 3 locID: 102652566143369837 bcsId: 4148} | ret=SUCCESS |  
2019-08-21 02:17:33,598 | INFO  | DNAudit | user=null | ip=null | op=WRITE_CHUNK {blockData=conID: 3 locID: 102652566143369837 bcsId: 4148} | ret=SUCCESS |  
2019-08-21 02:17:33,601 | INFO  | DNAudit | user=null | ip=null | op=WRITE_CHUNK {blockData=conID: 3 locID: 102652566143369837 bcsId: 4142} | ret=SUCCESS |  
2019-08-21 02:17:33,601 | INFO  | DNAudit | user=null | ip=null | op=PUT_BLOCK {blockData=[blockId=conID: 3 locID: 102652566143369837 bcsId: 0,size=3145728]} | ret=SUCCESS |  
2019-08-21 02:17:33,601 | INFO  | DNAudit | user=null | ip=null | op=WRITE_CHUNK {blockData=conID: 3 locID: 102652566143369837 bcsId: 4142} | ret=SUCCESS |  
2019-08-21 02:17:33,601 | INFO  | DNAudit | user=null | ip=null | op=PUT_BLOCK {blockData=[blockId=conID: 3 locID: 102652566143369837 bcsId: 0,size=3145728]} | ret=SUCCESS |  
2019-08-21 02:17:33,602 | INFO  | DNAudit | user=null | ip=null | op=WRITE_CHUNK {blockData=conID: 3 locID: 102652566143369837 bcsId: 4148} | ret=SUCCESS |  
2019-08-21 02:17:33,603 | INFO  | DNAudit | user=null | ip=null | op=PUT_BLOCK {blockData=[blockId=conID: 3 locID: 102652566143369837 bcsId: 0,size=4194304]} | ret=SUCCESS |  
2019-08-21 02:17:33,603 [grpc-default-executor-3] INFO  client.GrpcClientProtocolClient (GrpcClientProtocolClient.java:onNext(255)) - client-54CC064C3FCE->8224e767-71c1-41fc-a01a-d172d48fd9d8: receive RaftClientReply:client-54CC064C3FCE->8224e767-71c1-41fc-a01a-d172d48fd9d8@group-F6B37CC92441, cid=2783, SUCCESS, logIndex=4151, commits[8224e767-71c1-41fc-a01a-d172d48fd9d8:c4152, 6eae0c21-01aa-4169-956f-5952b26ea7ba:c4148, 8d7dcba1-3b82-4d94-a832-514ef5c79cf8:c4148]
2019-08-21 02:17:33,603 [grpc-default-executor-3] INFO  client.GrpcClientProtocolClient (GrpcClientProtocolClient.java:onNext(255)) - client-54CC064C3FCE->8224e767-71c1-41fc-a01a-d172d48fd9d8: receive RaftClientReply:client-54CC064C3FCE->8224e767-71c1-41fc-a01a-d172d48fd9d8@group-F6B37CC92441, cid=2784, SUCCESS, logIndex=4152, commits[8224e767-71c1-41fc-a01a-d172d48fd9d8:c4152, 6eae0c21-01aa-4169-956f-5952b26ea7ba:c4148, 8d7dcba1-3b82-4d94-a832-514ef5c79cf8:c4148]
2019-08-21 02:17:33,603 | INFO  | DNAudit | user=null | ip=null | op=WRITE_CHUNK {blockData=conID: 3 locID: 102652566143369837 bcsId: 4148} | ret=SUCCESS |  
2019-08-21 02:17:33,604 | INFO  | DNAudit | user=null | ip=null | op=PUT_BLOCK {blockData=[blockId=conID: 3 locID: 102652566143369837 bcsId: 0,size=4194304]} | ret=SUCCESS |  
2019-08-21 02:17:33,604 | INFO  | DNAudit | user=null | ip=null | op=WRITE_CHUNK {blockData=conID: 3 locID: 102652566143369837 bcsId: 4148} | ret=SUCCESS |  
2019-08-21 02:17:33,604 | INFO  | DNAudit | user=null | ip=null | op=PUT_BLOCK {blockData=[blockId=conID: 3 locID: 102652566143369837 bcsId: 0,size=4194304]} | ret=SUCCESS |  
2019-08-21 02:17:33,604 [grpc-default-executor-1] INFO  client.GrpcClientProtocolClient (GrpcClientProtocolClient.java:onNext(255)) - client-54CC064C3FCE->8224e767-71c1-41fc-a01a-d172d48fd9d8: receive RaftClientReply:client-54CC064C3FCE->8224e767-71c1-41fc-a01a-d172d48fd9d8@group-F6B37CC92441, cid=2785, SUCCESS, logIndex=0, commits[8224e767-71c1-41fc-a01a-d172d48fd9d8:c4153, 6eae0c21-01aa-4169-956f-5952b26ea7ba:c4152, 8d7dcba1-3b82-4d94-a832-514ef5c79cf8:c4152]
2019-08-21 02:17:33,609 | INFO  | SCMAudit | user=jenkins1000 | ip=192.168.34.10 | op=ALLOCATE_BLOCK {owner=b6f66289-f2a0-4058-b052-0a85e40df67b, size=4194304, type=RATIS, factor=THREE} | ret=SUCCESS |  
2019-08-21 02:17:33,613 | INFO  | OMAudit | user=jenkins1000 | ip=127.0.0.1 | op=ALLOCATE_BLOCK {volume=vol-0-90982, bucket=bucket-0-24269, key=key-0-81262, dataSize=0, replicationType=null, replicationFactor=null, keyLocationInfo=null, clientID=102652564580991378} | ret=SUCCESS |  
2019-08-21 02:17:33,619 | INFO  | DNAudit | user=null | ip=null | op=WRITE_CHUNK {blockData=conID: 1 locID: 102652566150120046 bcsId: 0} | ret=SUCCESS |  
2019-08-21 02:17:33,622 | INFO  | DNAudit | user=null | ip=null | op=WRITE_CHUNK {blockData=conID: 1 locID: 102652566150120046 bcsId: 0} | ret=SUCCESS |  
2019-08-21 02:17:33,622 | INFO  | DNAudit | user=null | ip=null | op=WRITE_CHUNK {blockData=conID: 1 locID: 102652566150120046 bcsId: 0} | ret=SUCCESS |  
2019-08-21 02:17:33,622 | INFO  | DNAudit | user=null | ip=null | op=WRITE_CHUNK {blockData=conID: 1 locID: 102652566150120046 bcsId: 0} | ret=SUCCESS |  
2019-08-21 02:17:33,623 | INFO  | DNAudit | user=null | ip=null | op=WRITE_CHUNK {blockData=conID: 1 locID: 102652566150120046 bcsId: 0} | ret=SUCCESS |  
2019-08-21 02:17:33,624 | INFO  | DNAudit | user=null | ip=null | op=WRITE_CHUNK {blockData=conID: 1 locID: 102652566150120046 bcsId: 0} | ret=SUCCESS |  
2019-08-21 02:17:33,628 | INFO  | DNAudit | user=null | ip=null | op=WRITE_CHUNK {blockData=conID: 1 locID: 102652566150120046 bcsId: 0} | ret=SUCCESS |  
2019-08-21 02:17:33,628 | INFO  | DNAudit | user=null | ip=null | op=PUT_BLOCK {blockData=[blockId=conID: 1 locID: 102652566150120046 bcsId: 0,size=1048576]} | ret=SUCCESS |  
2019-08-21 02:17:33,628 [grpc-default-executor-1] INFO  client.GrpcClientProtocolClient (GrpcClientProtocolClient.java:onNext(255)) - client-54CC064C3FCE->8224e767-71c1-41fc-a01a-d172d48fd9d8: receive RaftClientReply:client-54CC064C3FCE->8224e767-71c1-41fc-a01a-d172d48fd9d8@group-F6B37CC92441, cid=2786, SUCCESS, logIndex=4154, commits[8224e767-71c1-41fc-a01a-d172d48fd9d8:c4156, 6eae0c21-01aa-4169-956f-5952b26ea7ba:c4153, 8d7dcba1-3b82-4d94-a832-514ef5c79cf8:c4152]
2019-08-21 02:17:33,628 | INFO  | DNAudit | user=null | ip=null | op=WRITE_CHUNK {blockData=conID: 1 locID: 102652566150120046 bcsId: 0} | ret=SUCCESS |  
2019-08-21 02:17:33,629 [grpc-default-executor-1] INFO  client.GrpcClientProtocolClient (GrpcClientProtocolClient.java:onNext(255)) - client-54CC064C3FCE->8224e767-71c1-41fc-a01a-d172d48fd9d8: receive RaftClientReply:client-54CC064C3FCE->8224e767-71c1-41fc-a01a-d172d48fd9d8@group-F6B37CC92441, cid=2787, SUCCESS, logIndex=4155, commits[8224e767-71c1-41fc-a01a-d172d48fd9d8:c4157, 6eae0c21-01aa-4169-956f-5952b26ea7ba:c4153, 8d7dcba1-3b82-4d94-a832-514ef5c79cf8:c4153]
2019-08-21 02:17:33,629 | INFO  | DNAudit | user=null | ip=null | op=PUT_BLOCK {blockData=[blockId=conID: 1 locID: 102652566150120046 bcsId: 0,size=2097152]} | ret=SUCCESS |  
2019-08-21 02:17:33,629 [grpc-default-executor-1] INFO  client.GrpcClientProtocolClient (GrpcClientProtocolClient.java:onNext(255)) - client-54CC064C3FCE->8224e767-71c1-41fc-a01a-d172d48fd9d8: receive RaftClientReply:client-54CC064C3FCE->8224e767-71c1-41fc-a01a-d172d48fd9d8@group-F6B37CC92441, cid=2788, SUCCESS, logIndex=4156, commits[8224e767-71c1-41fc-a01a-d172d48fd9d8:c4157, 6eae0c21-01aa-4169-956f-5952b26ea7ba:c4153, 8d7dcba1-3b82-4d94-a832-514ef5c79cf8:c4153]
2019-08-21 02:17:33,629 | INFO  | DNAudit | user=null | ip=null | op=WRITE_CHUNK {blockData=conID: 1 locID: 102652566150120046 bcsId: 0} | ret=SUCCESS |  
2019-08-21 02:17:33,629 | INFO  | DNAudit | user=null | ip=null | op=PUT_BLOCK {blockData=[blockId=conID: 1 locID: 102652566150120046 bcsId: 0,size=1048576]} | ret=SUCCESS |  
2019-08-21 02:17:33,629 [grpc-default-executor-1] INFO  client.GrpcClientProtocolClient (GrpcClientProtocolClient.java:onNext(255)) - client-54CC064C3FCE->8224e767-71c1-41fc-a01a-d172d48fd9d8: receive RaftClientReply:client-54CC064C3FCE->8224e767-71c1-41fc-a01a-d172d48fd9d8@group-F6B37CC92441, cid=2789, SUCCESS, logIndex=4157, commits[8224e767-71c1-41fc-a01a-d172d48fd9d8:c4157, 6eae0c21-01aa-4169-956f-5952b26ea7ba:c4153, 8d7dcba1-3b82-4d94-a832-514ef5c79cf8:c4153]
2019-08-21 02:17:33,630 | INFO  | DNAudit | user=null | ip=null | op=WRITE_CHUNK {blockData=conID: 1 locID: 102652566150120046 bcsId: 0} | ret=SUCCESS |  
2019-08-21 02:17:33,630 | INFO  | DNAudit | user=null | ip=null | op=PUT_BLOCK {blockData=[blockId=conID: 1 locID: 102652566150120046 bcsId: 0,size=1048576]} | ret=SUCCESS |  
2019-08-21 02:17:33,630 [grpc-default-executor-1] INFO  client.GrpcClientProtocolClient (GrpcClientProtocolClient.java:onNext(255)) - client-54CC064C3FCE->8224e767-71c1-41fc-a01a-d172d48fd9d8: receive RaftClientReply:client-54CC064C3FCE->8224e767-71c1-41fc-a01a-d172d48fd9d8@group-F6B37CC92441, cid=2790, SUCCESS, logIndex=0, commits[8224e767-71c1-41fc-a01a-d172d48fd9d8:c4158, 6eae0c21-01aa-4169-956f-5952b26ea7ba:c4155, 8d7dcba1-3b82-4d94-a832-514ef5c79cf8:c4155]
2019-08-21 02:17:33,630 | INFO  | DNAudit | user=null | ip=null | op=WRITE_CHUNK {blockData=conID: 1 locID: 102652566150120046 bcsId: 0} | ret=SUCCESS |  
2019-08-21 02:17:33,630 | INFO  | DNAudit | user=null | ip=null | op=WRITE_CHUNK {blockData=conID: 1 locID: 102652566150120046 bcsId: 0} | ret=SUCCESS |  
2019-08-21 02:17:33,630 | INFO  | DNAudit | user=null | ip=null | op=PUT_BLOCK {blockData=[blockId=conID: 1 locID: 102652566150120046 bcsId: 0,size=2097152]} | ret=SUCCESS |  
2019-08-21 02:17:33,630 | INFO  | DNAudit | user=null | ip=null | op=PUT_BLOCK {blockData=[blockId=conID: 1 locID: 102652566150120046 bcsId: 0,size=2097152]} | ret=SUCCESS |  
2019-08-21 02:17:33,636 | INFO  | DNAudit | user=null | ip=null | op=WRITE_CHUNK {blockData=conID: 1 locID: 102652566150120046 bcsId: 4157} | ret=SUCCESS |  
2019-08-21 02:17:33,637 | INFO  | DNAudit | user=null | ip=null | op=WRITE_CHUNK {blockData=conID: 1 locID: 102652566150120046 bcsId: 4157} | ret=SUCCESS |  
2019-08-21 02:17:33,637 | INFO  | DNAudit | user=null | ip=null | op=WRITE_CHUNK {blockData=conID: 1 locID: 102652566150120046 bcsId: 4157} | ret=SUCCESS |  
2019-08-21 02:17:33,646 | INFO  | DNAudit | user=null | ip=null | op=WRITE_CHUNK {blockData=conID: 1 locID: 102652566150120046 bcsId: 4157} | ret=SUCCESS |  
2019-08-21 02:17:33,647 | INFO  | DNAudit | user=null | ip=null | op=PUT_BLOCK {blockData=[blockId=conID: 1 locID: 102652566150120046 bcsId: 0,size=3145728]} | ret=SUCCESS |  
2019-08-21 02:17:33,647 [grpc-default-executor-1] INFO  client.GrpcClientProtocolClient (GrpcClientProtocolClient.java:onNext(255)) - client-54CC064C3FCE->8224e767-71c1-41fc-a01a-d172d48fd9d8: receive RaftClientReply:client-54CC064C3FCE->8224e767-71c1-41fc-a01a-d172d48fd9d8@group-F6B37CC92441, cid=2791, SUCCESS, logIndex=4162, commits[8224e767-71c1-41fc-a01a-d172d48fd9d8:c4163, 6eae0c21-01aa-4169-956f-5952b26ea7ba:c4161, 8d7dcba1-3b82-4d94-a832-514ef5c79cf8:c4161]
2019-08-21 02:17:33,647 [grpc-default-executor-1] INFO  client.GrpcClientProtocolClient (GrpcClientProtocolClient.java:onNext(255)) - client-54CC064C3FCE->8224e767-71c1-41fc-a01a-d172d48fd9d8: receive RaftClientReply:client-54CC064C3FCE->8224e767-71c1-41fc-a01a-d172d48fd9d8@group-F6B37CC92441, cid=2792, SUCCESS, logIndex=4163, commits[8224e767-71c1-41fc-a01a-d172d48fd9d8:c4163, 6eae0c21-01aa-4169-956f-5952b26ea7ba:c4161, 8d7dcba1-3b82-4d94-a832-514ef5c79cf8:c4161]
2019-08-21 02:17:33,652 | INFO  | DNAudit | user=null | ip=null | op=WRITE_CHUNK {blockData=conID: 1 locID: 102652566150120046 bcsId: 4163} | ret=SUCCESS |  
2019-08-21 02:17:33,654 | INFO  | DNAudit | user=null | ip=null | op=WRITE_CHUNK {blockData=conID: 1 locID: 102652566150120046 bcsId: 4163} | ret=SUCCESS |  
2019-08-21 02:17:33,655 | INFO  | DNAudit | user=null | ip=null | op=WRITE_CHUNK {blockData=conID: 1 locID: 102652566150120046 bcsId: 4163} | ret=SUCCESS |  
2019-08-21 02:17:33,658 | INFO  | DNAudit | user=null | ip=null | op=WRITE_CHUNK {blockData=conID: 1 locID: 102652566150120046 bcsId: 4157} | ret=SUCCESS |  
2019-08-21 02:17:33,658 | INFO  | DNAudit | user=null | ip=null | op=WRITE_CHUNK {blockData=conID: 1 locID: 102652566150120046 bcsId: 4157} | ret=SUCCESS |  
2019-08-21 02:17:33,658 | INFO  | DNAudit | user=null | ip=null | op=PUT_BLOCK {blockData=[blockId=conID: 1 locID: 102652566150120046 bcsId: 0,size=3145728]} | ret=SUCCESS |  
2019-08-21 02:17:33,659 | INFO  | DNAudit | user=null | ip=null | op=PUT_BLOCK {blockData=[blockId=conID: 1 locID: 102652566150120046 bcsId: 0,size=3145728]} | ret=SUCCESS |  
2019-08-21 02:17:33,660 | INFO  | DNAudit | user=null | ip=null | op=WRITE_CHUNK {blockData=conID: 1 locID: 102652566150120046 bcsId: 4163} | ret=SUCCESS |  
2019-08-21 02:17:33,660 | INFO  | DNAudit | user=null | ip=null | op=PUT_BLOCK {blockData=[blockId=conID: 1 locID: 102652566150120046 bcsId: 0,size=4194304]} | ret=SUCCESS |  
2019-08-21 02:17:33,660 [grpc-default-executor-3] INFO  client.GrpcClientProtocolClient (GrpcClientProtocolClient.java:onNext(255)) - client-54CC064C3FCE->8224e767-71c1-41fc-a01a-d172d48fd9d8: receive RaftClientReply:client-54CC064C3FCE->8224e767-71c1-41fc-a01a-d172d48fd9d8@group-F6B37CC92441, cid=2793, SUCCESS, logIndex=4166, commits[8224e767-71c1-41fc-a01a-d172d48fd9d8:c4167, 6eae0c21-01aa-4169-956f-5952b26ea7ba:c4163, 8d7dcba1-3b82-4d94-a832-514ef5c79cf8:c4163]
2019-08-21 02:17:33,661 [grpc-default-executor-3] INFO  client.GrpcClientProtocolClient (GrpcClientProtocolClient.java:onNext(255)) - client-54CC064C3FCE->8224e767-71c1-41fc-a01a-d172d48fd9d8: receive RaftClientReply:client-54CC064C3FCE->8224e767-71c1-41fc-a01a-d172d48fd9d8@group-F6B37CC92441, cid=2794, SUCCESS, logIndex=4167, commits[8224e767-71c1-41fc-a01a-d172d48fd9d8:c4167, 6eae0c21-01aa-4169-956f-5952b26ea7ba:c4163, 8d7dcba1-3b82-4d94-a832-514ef5c79cf8:c4163]
2019-08-21 02:17:33,671 | INFO  | DNAudit | user=null | ip=null | op=WRITE_CHUNK {blockData=conID: 1 locID: 102652566150120046 bcsId: 4163} | ret=SUCCESS |  
2019-08-21 02:17:33,671 | INFO  | DNAudit | user=null | ip=null | op=WRITE_CHUNK {blockData=conID: 1 locID: 102652566150120046 bcsId: 4163} | ret=SUCCESS |  
2019-08-21 02:17:33,674 | INFO  | DNAudit | user=null | ip=null | op=PUT_BLOCK {blockData=[blockId=conID: 1 locID: 102652566150120046 bcsId: 0,size=4194304]} | ret=SUCCESS |  
2019-08-21 02:17:33,674 | INFO  | DNAudit | user=null | ip=null | op=PUT_BLOCK {blockData=[blockId=conID: 1 locID: 102652566150120046 bcsId: 0,size=4194304]} | ret=SUCCESS |  
2019-08-21 02:17:33,675 [grpc-default-executor-1] INFO  client.GrpcClientProtocolClient (GrpcClientProtocolClient.java:onNext(255)) - client-54CC064C3FCE->8224e767-71c1-41fc-a01a-d172d48fd9d8: receive RaftClientReply:client-54CC064C3FCE->8224e767-71c1-41fc-a01a-d172d48fd9d8@group-F6B37CC92441, cid=2795, SUCCESS, logIndex=0, commits[8224e767-71c1-41fc-a01a-d172d48fd9d8:c4169, 6eae0c21-01aa-4169-956f-5952b26ea7ba:c4167, 8d7dcba1-3b82-4d94-a832-514ef5c79cf8:c4167]
2019-08-21 02:17:33,681 | INFO  | SCMAudit | user=jenkins1000 | ip=192.168.34.10 | op=ALLOCATE_BLOCK {owner=b6f66289-f2a0-4058-b052-0a85e40df67b, size=4194304, type=RATIS, factor=THREE} | ret=SUCCESS |  
2019-08-21 02:17:33,684 | INFO  | OMAudit | user=jenkins1000 | ip=127.0.0.1 | op=ALLOCATE_BLOCK {volume=vol-0-90982, bucket=bucket-0-24269, key=key-0-81262, dataSize=0, replicationType=null, replicationFactor=null, keyLocationInfo=null, clientID=102652564580991378} | ret=SUCCESS |  
2019-08-21 02:17:33,691 | INFO  | DNAudit | user=null | ip=null | op=WRITE_CHUNK {blockData=conID: 2 locID: 102652566154773103 bcsId: 0} | ret=SUCCESS |  
2019-08-21 02:17:33,693 | INFO  | DNAudit | user=null | ip=null | op=WRITE_CHUNK {blockData=conID: 2 locID: 102652566154773103 bcsId: 0} | ret=SUCCESS |  
2019-08-21 02:17:33,693 | INFO  | DNAudit | user=null | ip=null | op=WRITE_CHUNK {blockData=conID: 2 locID: 102652566154773103 bcsId: 0} | ret=SUCCESS |  
2019-08-21 02:17:33,693 | INFO  | DNAudit | user=null | ip=null | op=WRITE_CHUNK {blockData=conID: 2 locID: 102652566154773103 bcsId: 0} | ret=SUCCESS |  
2019-08-21 02:17:33,695 | INFO  | DNAudit | user=null | ip=null | op=WRITE_CHUNK {blockData=conID: 2 locID: 102652566154773103 bcsId: 0} | ret=SUCCESS |  
2019-08-21 02:17:33,695 | INFO  | DNAudit | user=null | ip=null | op=WRITE_CHUNK {blockData=conID: 2 locID: 102652566154773103 bcsId: 0} | ret=SUCCESS |  
2019-08-21 02:17:33,697 | INFO  | DNAudit | user=null | ip=null | op=WRITE_CHUNK {blockData=conID: 2 locID: 102652566154773103 bcsId: 0} | ret=SUCCESS |  
2019-08-21 02:17:33,698 | INFO  | DNAudit | user=null | ip=null | op=PUT_BLOCK {blockData=[blockId=conID: 2 locID: 102652566154773103 bcsId: 0,size=1048576]} | ret=SUCCESS |  
2019-08-21 02:17:33,698 [grpc-default-executor-4] INFO  client.GrpcClientProtocolClient (GrpcClientProtocolClient.java:onNext(255)) - client-54CC064C3FCE->8224e767-71c1-41fc-a01a-d172d48fd9d8: receive RaftClientReply:client-54CC064C3FCE->8224e767-71c1-41fc-a01a-d172d48fd9d8@group-F6B37CC92441, cid=2796, SUCCESS, logIndex=4170, commits[8224e767-71c1-41fc-a01a-d172d48fd9d8:c4170, 6eae0c21-01aa-4169-956f-5952b26ea7ba:c4169, 8d7dcba1-3b82-4d94-a832-514ef5c79cf8:c4169]
2019-08-21 02:17:33,699 | INFO  | DNAudit | user=null | ip=null | op=WRITE_CHUNK {blockData=conID: 2 locID: 102652566154773103 bcsId: 0} | ret=SUCCESS |  
2019-08-21 02:17:33,699 [grpc-default-executor-4] INFO  client.GrpcClientProtocolClient (GrpcClientProtocolClient.java:onNext(255)) - client-54CC064C3FCE->8224e767-71c1-41fc-a01a-d172d48fd9d8: receive RaftClientReply:client-54CC064C3FCE->8224e767-71c1-41fc-a01a-d172d48fd9d8@group-F6B37CC92441, cid=2797, SUCCESS, logIndex=4171, commits[8224e767-71c1-41fc-a01a-d172d48fd9d8:c4171, 6eae0c21-01aa-4169-956f-5952b26ea7ba:c4169, 8d7dcba1-3b82-4d94-a832-514ef5c79cf8:c4169]
2019-08-21 02:17:33,699 | INFO  | DNAudit | user=null | ip=null | op=PUT_BLOCK {blockData=[blockId=conID: 2 locID: 102652566154773103 bcsId: 0,size=2097152]} | ret=SUCCESS |  
2019-08-21 02:17:33,699 [grpc-default-executor-4] INFO  client.GrpcClientProtocolClient (GrpcClientProtocolClient.java:onNext(255)) - client-54CC064C3FCE->8224e767-71c1-41fc-a01a-d172d48fd9d8: receive RaftClientReply:client-54CC064C3FCE->8224e767-71c1-41fc-a01a-d172d48fd9d8@group-F6B37CC92441, cid=2798, SUCCESS, logIndex=4172, commits[8224e767-71c1-41fc-a01a-d172d48fd9d8:c4173, 6eae0c21-01aa-4169-956f-5952b26ea7ba:c4169, 8d7dcba1-3b82-4d94-a832-514ef5c79cf8:c4169]
2019-08-21 02:17:33,699 [grpc-default-executor-4] INFO  client.GrpcClientProtocolClient (GrpcClientProtocolClient.java:onNext(255)) - client-54CC064C3FCE->8224e767-71c1-41fc-a01a-d172d48fd9d8: receive RaftClientReply:client-54CC064C3FCE->8224e767-71c1-41fc-a01a-d172d48fd9d8@group-F6B37CC92441, cid=2799, SUCCESS, logIndex=4173, commits[8224e767-71c1-41fc-a01a-d172d48fd9d8:c4173, 6eae0c21-01aa-4169-956f-5952b26ea7ba:c4169, 8d7dcba1-3b82-4d94-a832-514ef5c79cf8:c4169]
2019-08-21 02:17:33,711 | INFO  | DNAudit | user=null | ip=null | op=WRITE_CHUNK {blockData=conID: 2 locID: 102652566154773103 bcsId: 0} | ret=SUCCESS |  
2019-08-21 02:17:33,712 | INFO  | DNAudit | user=null | ip=null | op=WRITE_CHUNK {blockData=conID: 2 locID: 102652566154773103 bcsId: 0} | ret=SUCCESS |  
2019-08-21 02:17:33,712 | INFO  | DNAudit | user=null | ip=null | op=PUT_BLOCK {blockData=[blockId=conID: 2 locID: 102652566154773103 bcsId: 0,size=1048576]} | ret=SUCCESS |  
2019-08-21 02:17:33,712 | INFO  | DNAudit | user=null | ip=null | op=PUT_BLOCK {blockData=[blockId=conID: 2 locID: 102652566154773103 bcsId: 0,size=1048576]} | ret=SUCCESS |  
2019-08-21 02:17:33,712 | INFO  | DNAudit | user=null | ip=null | op=WRITE_CHUNK {blockData=conID: 2 locID: 102652566154773103 bcsId: 0} | ret=SUCCESS |  
2019-08-21 02:17:33,712 [grpc-default-executor-4] INFO  client.GrpcClientProtocolClient (GrpcClientProtocolClient.java:onNext(255)) - client-54CC064C3FCE->8224e767-71c1-41fc-a01a-d172d48fd9d8: receive RaftClientReply:client-54CC064C3FCE->8224e767-71c1-41fc-a01a-d172d48fd9d8@group-F6B37CC92441, cid=2800, SUCCESS, logIndex=0, commits[8224e767-71c1-41fc-a01a-d172d48fd9d8:c4174, 6eae0c21-01aa-4169-956f-5952b26ea7ba:c4171, 8d7dcba1-3b82-4d94-a832-514ef5c79cf8:c4171]
2019-08-21 02:17:33,712 | INFO  | DNAudit | user=null | ip=null | op=PUT_BLOCK {blockData=[blockId=conID: 2 locID: 102652566154773103 bcsId: 0,size=2097152]} | ret=SUCCESS |  
2019-08-21 02:17:33,712 | INFO  | DNAudit | user=null | ip=null | op=WRITE_CHUNK {blockData=conID: 2 locID: 102652566154773103 bcsId: 0} | ret=SUCCESS |  
2019-08-21 02:17:33,713 | INFO  | DNAudit | user=null | ip=null | op=PUT_BLOCK {blockData=[blockId=conID: 2 locID: 102652566154773103 bcsId: 0,size=2097152]} | ret=SUCCESS |  
2019-08-21 02:17:33,718 | INFO  | DNAudit | user=null | ip=null | op=WRITE_CHUNK {blockData=conID: 2 locID: 102652566154773103 bcsId: 4173} | ret=SUCCESS |  
2019-08-21 02:17:33,720 | INFO  | DNAudit | user=null | ip=null | op=WRITE_CHUNK {blockData=conID: 2 locID: 102652566154773103 bcsId: 4173} | ret=SUCCESS |  
2019-08-21 02:17:33,720 | INFO  | DNAudit | user=null | ip=null | op=WRITE_CHUNK {blockData=conID: 2 locID: 102652566154773103 bcsId: 4173} | ret=SUCCESS |  
2019-08-21 02:17:33,724 | INFO  | DNAudit | user=null | ip=null | op=WRITE_CHUNK {blockData=conID: 2 locID: 102652566154773103 bcsId: 4173} | ret=SUCCESS |  
2019-08-21 02:17:33,725 | INFO  | DNAudit | user=null | ip=null | op=PUT_BLOCK {blockData=[blockId=conID: 2 locID: 102652566154773103 bcsId: 0,size=3145728]} | ret=SUCCESS |  
2019-08-21 02:17:33,725 [grpc-default-executor-3] INFO  client.GrpcClientProtocolClient (GrpcClientProtocolClient.java:onNext(255)) - client-54CC064C3FCE->8224e767-71c1-41fc-a01a-d172d48fd9d8: receive RaftClientReply:client-54CC064C3FCE->8224e767-71c1-41fc-a01a-d172d48fd9d8@group-F6B37CC92441, cid=2801, SUCCESS, logIndex=4177, commits[8224e767-71c1-41fc-a01a-d172d48fd9d8:c4178, 6eae0c21-01aa-4169-956f-5952b26ea7ba:c4176, 8d7dcba1-3b82-4d94-a832-514ef5c79cf8:c4176]
2019-08-21 02:17:33,725 [grpc-default-executor-3] INFO  client.GrpcClientProtocolClient (GrpcClientProtocolClient.java:onNext(255)) - client-54CC064C3FCE->8224e767-71c1-41fc-a01a-d172d48fd9d8: receive RaftClientReply:client-54CC064C3FCE->8224e767-71c1-41fc-a01a-d172d48fd9d8@group-F6B37CC92441, cid=2802, SUCCESS, logIndex=4178, commits[8224e767-71c1-41fc-a01a-d172d48fd9d8:c4178, 6eae0c21-01aa-4169-956f-5952b26ea7ba:c4176, 8d7dcba1-3b82-4d94-a832-514ef5c79cf8:c4176]
2019-08-21 02:17:33,731 | INFO  | DNAudit | user=null | ip=null | op=WRITE_CHUNK {blockData=conID: 2 locID: 102652566154773103 bcsId: 4178} | ret=SUCCESS |  
2019-08-21 02:17:33,732 | INFO  | DNAudit | user=null | ip=null | op=WRITE_CHUNK {blockData=conID: 2 locID: 102652566154773103 bcsId: 4178} | ret=SUCCESS |  
2019-08-21 02:17:33,732 | INFO  | DNAudit | user=null | ip=null | op=WRITE_CHUNK {blockData=conID: 2 locID: 102652566154773103 bcsId: 4178} | ret=SUCCESS |  
2019-08-21 02:17:33,736 | INFO  | DNAudit | user=null | ip=null | op=WRITE_CHUNK {blockData=conID: 2 locID: 102652566154773103 bcsId: 4173} | ret=SUCCESS |  
2019-08-21 02:17:33,736 | INFO  | DNAudit | user=null | ip=null | op=WRITE_CHUNK {blockData=conID: 2 locID: 102652566154773103 bcsId: 4173} | ret=SUCCESS |  
2019-08-21 02:17:33,737 | INFO  | DNAudit | user=null | ip=null | op=PUT_BLOCK {blockData=[blockId=conID: 2 locID: 102652566154773103 bcsId: 0,size=3145728]} | ret=SUCCESS |  
2019-08-21 02:17:33,737 | INFO  | DNAudit | user=null | ip=null | op=PUT_BLOCK {blockData=[blockId=conID: 2 locID: 102652566154773103 bcsId: 0,size=3145728]} | ret=SUCCESS |  
2019-08-21 02:17:33,738 | INFO  | DNAudit | user=null | ip=null | op=WRITE_CHUNK {blockData=conID: 2 locID: 102652566154773103 bcsId: 4178} | ret=SUCCESS |  
2019-08-21 02:17:33,738 | INFO  | DNAudit | user=null | ip=null | op=PUT_BLOCK {blockData=[blockId=conID: 2 locID: 102652566154773103 bcsId: 0,size=4194304]} | ret=SUCCESS |  
2019-08-21 02:17:33,738 [grpc-default-executor-3] INFO  client.GrpcClientProtocolClient (GrpcClientProtocolClient.java:onNext(255)) - client-54CC064C3FCE->8224e767-71c1-41fc-a01a-d172d48fd9d8: receive RaftClientReply:client-54CC064C3FCE->8224e767-71c1-41fc-a01a-d172d48fd9d8@group-F6B37CC92441, cid=2803, SUCCESS, logIndex=4181, commits[8224e767-71c1-41fc-a01a-d172d48fd9d8:c4182, 6eae0c21-01aa-4169-956f-5952b26ea7ba:c4178, 8d7dcba1-3b82-4d94-a832-514ef5c79cf8:c4178]
2019-08-21 02:17:33,738 [grpc-default-executor-3] INFO  client.GrpcClientProtocolClient (GrpcClientProtocolClient.java:onNext(255)) - client-54CC064C3FCE->8224e767-71c1-41fc-a01a-d172d48fd9d8: receive RaftClientReply:client-54CC064C3FCE->8224e767-71c1-41fc-a01a-d172d48fd9d8@group-F6B37CC92441, cid=2804, SUCCESS, logIndex=4182, commits[8224e767-71c1-41fc-a01a-d172d48fd9d8:c4182, 6eae0c21-01aa-4169-956f-5952b26ea7ba:c4178, 8d7dcba1-3b82-4d94-a832-514ef5c79cf8:c4178]
2019-08-21 02:17:33,749 | INFO  | DNAudit | user=null | ip=null | op=WRITE_CHUNK {blockData=conID: 2 locID: 102652566154773103 bcsId: 4178} | ret=SUCCESS |  
2019-08-21 02:17:33,749 | INFO  | DNAudit | user=null | ip=null | op=WRITE_CHUNK {blockData=conID: 2 locID: 102652566154773103 bcsId: 4178} | ret=SUCCESS |  
2019-08-21 02:17:33,749 | INFO  | DNAudit | user=null | ip=null | op=PUT_BLOCK {blockData=[blockId=conID: 2 locID: 102652566154773103 bcsId: 0,size=4194304]} | ret=SUCCESS |  
2019-08-21 02:17:33,749 | INFO  | DNAudit | user=null | ip=null | op=PUT_BLOCK {blockData=[blockId=conID: 2 locID: 102652566154773103 bcsId: 0,size=4194304]} | ret=SUCCESS |  
2019-08-21 02:17:33,749 [grpc-default-executor-3] INFO  client.GrpcClientProtocolClient (GrpcClientProtocolClient.java:onNext(255)) - client-54CC064C3FCE->8224e767-71c1-41fc-a01a-d172d48fd9d8: receive RaftClientReply:client-54CC064C3FCE->8224e767-71c1-41fc-a01a-d172d48fd9d8@group-F6B37CC92441, cid=2805, SUCCESS, logIndex=0, commits[8224e767-71c1-41fc-a01a-d172d48fd9d8:c4183, 6eae0c21-01aa-4169-956f-5952b26ea7ba:c4182, 8d7dcba1-3b82-4d94-a832-514ef5c79cf8:c4182]
2019-08-21 02:17:33,753 | INFO  | SCMAudit | user=jenkins1000 | ip=192.168.34.10 | op=ALLOCATE_BLOCK {owner=b6f66289-f2a0-4058-b052-0a85e40df67b, size=4194304, type=RATIS, factor=THREE} | ret=SUCCESS |  
2019-08-21 02:17:33,756 | INFO  | OMAudit | user=jenkins1000 | ip=127.0.0.1 | op=ALLOCATE_BLOCK {volume=vol-0-90982, bucket=bucket-0-24269, key=key-0-81262, dataSize=0, replicationType=null, replicationFactor=null, keyLocationInfo=null, clientID=102652564580991378} | ret=SUCCESS |  
2019-08-21 02:17:33,762 | INFO  | DNAudit | user=null | ip=null | op=WRITE_CHUNK {blockData=conID: 3 locID: 102652566159557232 bcsId: 0} | ret=SUCCESS |  
2019-08-21 02:17:33,764 | INFO  | DNAudit | user=null | ip=null | op=WRITE_CHUNK {blockData=conID: 3 locID: 102652566159557232 bcsId: 0} | ret=SUCCESS |  
2019-08-21 02:17:33,765 | INFO  | DNAudit | user=null | ip=null | op=WRITE_CHUNK {blockData=conID: 3 locID: 102652566159557232 bcsId: 0} | ret=SUCCESS |  
2019-08-21 02:17:33,765 | INFO  | DNAudit | user=null | ip=null | op=WRITE_CHUNK {blockData=conID: 3 locID: 102652566159557232 bcsId: 0} | ret=SUCCESS |  
2019-08-21 02:17:33,766 | INFO  | DNAudit | user=null | ip=null | op=WRITE_CHUNK {blockData=conID: 3 locID: 102652566159557232 bcsId: 0} | ret=SUCCESS |  
2019-08-21 02:17:33,766 | INFO  | DNAudit | user=null | ip=null | op=WRITE_CHUNK {blockData=conID: 3 locID: 102652566159557232 bcsId: 0} | ret=SUCCESS |  
2019-08-21 02:17:33,781 | INFO  | DNAudit | user=null | ip=null | op=WRITE_CHUNK {blockData=conID: 3 locID: 102652566159557232 bcsId: 0} | ret=SUCCESS |  
2019-08-21 02:17:33,781 | INFO  | DNAudit | user=null | ip=null | op=PUT_BLOCK {blockData=[blockId=conID: 3 locID: 102652566159557232 bcsId: 0,size=1048576]} | ret=SUCCESS |  
2019-08-21 02:17:33,781 [grpc-default-executor-2] INFO  client.GrpcClientProtocolClient (GrpcClientProtocolClient.java:onNext(255)) - client-54CC064C3FCE->8224e767-71c1-41fc-a01a-d172d48fd9d8: receive RaftClientReply:client-54CC064C3FCE->8224e767-71c1-41fc-a01a-d172d48fd9d8@group-F6B37CC92441, cid=2806, SUCCESS, logIndex=4185, commits[8224e767-71c1-41fc-a01a-d172d48fd9d8:c4186, 6eae0c21-01aa-4169-956f-5952b26ea7ba:c4184, 8d7dcba1-3b82-4d94-a832-514ef5c79cf8:c4184]
2019-08-21 02:17:33,781 | INFO  | DNAudit | user=null | ip=null | op=WRITE_CHUNK {blockData=conID: 3 locID: 102652566159557232 bcsId: 0} | ret=SUCCESS |  
2019-08-21 02:17:33,782 [grpc-default-executor-2] INFO  client.GrpcClientProtocolClient (GrpcClientProtocolClient.java:onNext(255)) - client-54CC064C3FCE->8224e767-71c1-41fc-a01a-d172d48fd9d8: receive RaftClientReply:client-54CC064C3FCE->8224e767-71c1-41fc-a01a-d172d48fd9d8@group-F6B37CC92441, cid=2807, SUCCESS, logIndex=4186, commits[8224e767-71c1-41fc-a01a-d172d48fd9d8:c4186, 6eae0c21-01aa-4169-956f-5952b26ea7ba:c4184, 8d7dcba1-3b82-4d94-a832-514ef5c79cf8:c4184]
2019-08-21 02:17:33,782 | INFO  | DNAudit | user=null | ip=null | op=PUT_BLOCK {blockData=[blockId=conID: 3 locID: 102652566159557232 bcsId: 0,size=2097152]} | ret=SUCCESS |  
2019-08-21 02:17:33,782 [grpc-default-executor-2] INFO  client.GrpcClientProtocolClient (GrpcClientProtocolClient.java:onNext(255)) - client-54CC064C3FCE->8224e767-71c1-41fc-a01a-d172d48fd9d8: receive RaftClientReply:client-54CC064C3FCE->8224e767-71c1-41fc-a01a-d172d48fd9d8@group-F6B37CC92441, cid=2808, SUCCESS, logIndex=4187, commits[8224e767-71c1-41fc-a01a-d172d48fd9d8:c4188, 6eae0c21-01aa-4169-956f-5952b26ea7ba:c4184, 8d7dcba1-3b82-4d94-a832-514ef5c79cf8:c4184]
2019-08-21 02:17:33,782 [grpc-default-executor-2] INFO  client.GrpcClientProtocolClient (GrpcClientProtocolClient.java:onNext(255)) - client-54CC064C3FCE->8224e767-71c1-41fc-a01a-d172d48fd9d8: receive RaftClientReply:client-54CC064C3FCE->8224e767-71c1-41fc-a01a-d172d48fd9d8@group-F6B37CC92441, cid=2809, SUCCESS, logIndex=4188, commits[8224e767-71c1-41fc-a01a-d172d48fd9d8:c4188, 6eae0c21-01aa-4169-956f-5952b26ea7ba:c4184, 8d7dcba1-3b82-4d94-a832-514ef5c79cf8:c4184]
2019-08-21 02:17:33,782 | INFO  | DNAudit | user=null | ip=null | op=WRITE_CHUNK {blockData=conID: 3 locID: 102652566159557232 bcsId: 0} | ret=SUCCESS |  
2019-08-21 02:17:33,783 | INFO  | DNAudit | user=null | ip=null | op=PUT_BLOCK {blockData=[blockId=conID: 3 locID: 102652566159557232 bcsId: 0,size=1048576]} | ret=SUCCESS |  
2019-08-21 02:17:33,783 | INFO  | DNAudit | user=null | ip=null | op=WRITE_CHUNK {blockData=conID: 3 locID: 102652566159557232 bcsId: 0} | ret=SUCCESS |  
2019-08-21 02:17:33,783 | INFO  | DNAudit | user=null | ip=null | op=PUT_BLOCK {blockData=[blockId=conID: 3 locID: 102652566159557232 bcsId: 0,size=1048576]} | ret=SUCCESS |  
2019-08-21 02:17:33,783 | INFO  | DNAudit | user=null | ip=null | op=WRITE_CHUNK {blockData=conID: 3 locID: 102652566159557232 bcsId: 0} | ret=SUCCESS |  
2019-08-21 02:17:33,783 [grpc-default-executor-3] INFO  client.GrpcClientProtocolClient (GrpcClientProtocolClient.java:onNext(255)) - client-54CC064C3FCE->8224e767-71c1-41fc-a01a-d172d48fd9d8: receive RaftClientReply:client-54CC064C3FCE->8224e767-71c1-41fc-a01a-d172d48fd9d8@group-F6B37CC92441, cid=2810, SUCCESS, logIndex=0, commits[8224e767-71c1-41fc-a01a-d172d48fd9d8:c4190, 6eae0c21-01aa-4169-956f-5952b26ea7ba:c4186, 8d7dcba1-3b82-4d94-a832-514ef5c79cf8:c4186]
2019-08-21 02:17:33,784 | INFO  | DNAudit | user=null | ip=null | op=WRITE_CHUNK {blockData=conID: 3 locID: 102652566159557232 bcsId: 0} | ret=SUCCESS |  
2019-08-21 02:17:33,784 | INFO  | DNAudit | user=null | ip=null | op=PUT_BLOCK {blockData=[blockId=conID: 3 locID: 102652566159557232 bcsId: 0,size=2097152]} | ret=SUCCESS |  
2019-08-21 02:17:33,784 | INFO  | DNAudit | user=null | ip=null | op=PUT_BLOCK {blockData=[blockId=conID: 3 locID: 102652566159557232 bcsId: 0,size=2097152]} | ret=SUCCESS |  
2019-08-21 02:17:33,790 | INFO  | DNAudit | user=null | ip=null | op=WRITE_CHUNK {blockData=conID: 3 locID: 102652566159557232 bcsId: 4188} | ret=SUCCESS |  
2019-08-21 02:17:33,791 | INFO  | DNAudit | user=null | ip=null | op=WRITE_CHUNK {blockData=conID: 3 locID: 102652566159557232 bcsId: 4188} | ret=SUCCESS |  
2019-08-21 02:17:33,791 | INFO  | DNAudit | user=null | ip=null | op=WRITE_CHUNK {blockData=conID: 3 locID: 102652566159557232 bcsId: 4188} | ret=SUCCESS |  
2019-08-21 02:17:33,802 | INFO  | DNAudit | user=null | ip=null | op=WRITE_CHUNK {blockData=conID: 3 locID: 102652566159557232 bcsId: 4188} | ret=SUCCESS |  
2019-08-21 02:17:33,803 | INFO  | DNAudit | user=null | ip=null | op=PUT_BLOCK {blockData=[blockId=conID: 3 locID: 102652566159557232 bcsId: 0,size=3145728]} | ret=SUCCESS |  
2019-08-21 02:17:33,803 [grpc-default-executor-3] INFO  client.GrpcClientProtocolClient (GrpcClientProtocolClient.java:onNext(255)) - client-54CC064C3FCE->8224e767-71c1-41fc-a01a-d172d48fd9d8: receive RaftClientReply:client-54CC064C3FCE->8224e767-71c1-41fc-a01a-d172d48fd9d8@group-F6B37CC92441, cid=2811, SUCCESS, logIndex=4193, commits[8224e767-71c1-41fc-a01a-d172d48fd9d8:c4194, 6eae0c21-01aa-4169-956f-5952b26ea7ba:c4192, 8d7dcba1-3b82-4d94-a832-514ef5c79cf8:c4192]
2019-08-21 02:17:33,803 [grpc-default-executor-3] INFO  client.GrpcClientProtocolClient (GrpcClientProtocolClient.java:onNext(255)) - client-54CC064C3FCE->8224e767-71c1-41fc-a01a-d172d48fd9d8: receive RaftClientReply:client-54CC064C3FCE->8224e767-71c1-41fc-a01a-d172d48fd9d8@group-F6B37CC92441, cid=2812, SUCCESS, logIndex=4194, commits[8224e767-71c1-41fc-a01a-d172d48fd9d8:c4194, 6eae0c21-01aa-4169-956f-5952b26ea7ba:c4192, 8d7dcba1-3b82-4d94-a832-514ef5c79cf8:c4192]
2019-08-21 02:17:33,809 | INFO  | DNAudit | user=null | ip=null | op=WRITE_CHUNK {blockData=conID: 3 locID: 102652566159557232 bcsId: 4194} | ret=SUCCESS |  
2019-08-21 02:17:33,810 | INFO  | DNAudit | user=null | ip=null | op=WRITE_CHUNK {blockData=conID: 3 locID: 102652566159557232 bcsId: 4194} | ret=SUCCESS |  
2019-08-21 02:17:33,811 | INFO  | DNAudit | user=null | ip=null | op=WRITE_CHUNK {blockData=conID: 3 locID: 102652566159557232 bcsId: 4194} | ret=SUCCESS |  
2019-08-21 02:17:33,814 | INFO  | DNAudit | user=null | ip=null | op=WRITE_CHUNK {blockData=conID: 3 locID: 102652566159557232 bcsId: 4188} | ret=SUCCESS |  
2019-08-21 02:17:33,814 | INFO  | DNAudit | user=null | ip=null | op=WRITE_CHUNK {blockData=conID: 3 locID: 102652566159557232 bcsId: 4188} | ret=SUCCESS |  
2019-08-21 02:17:33,815 | INFO  | DNAudit | user=null | ip=null | op=PUT_BLOCK {blockData=[blockId=conID: 3 locID: 102652566159557232 bcsId: 0,size=3145728]} | ret=SUCCESS |  
2019-08-21 02:17:33,815 | INFO  | DNAudit | user=null | ip=null | op=PUT_BLOCK {blockData=[blockId=conID: 3 locID: 102652566159557232 bcsId: 0,size=3145728]} | ret=SUCCESS |  
2019-08-21 02:17:33,815 | INFO  | DNAudit | user=null | ip=null | op=WRITE_CHUNK {blockData=conID: 3 locID: 102652566159557232 bcsId: 4194} | ret=SUCCESS |  
2019-08-21 02:17:33,816 | INFO  | DNAudit | user=null | ip=null | op=PUT_BLOCK {blockData=[blockId=conID: 3 locID: 102652566159557232 bcsId: 0,size=4194304]} | ret=SUCCESS |  
2019-08-21 02:17:33,816 [grpc-default-executor-2] INFO  client.GrpcClientProtocolClient (GrpcClientProtocolClient.java:onNext(255)) - client-54CC064C3FCE->8224e767-71c1-41fc-a01a-d172d48fd9d8: receive RaftClientReply:client-54CC064C3FCE->8224e767-71c1-41fc-a01a-d172d48fd9d8@group-F6B37CC92441, cid=2813, SUCCESS, logIndex=4197, commits[8224e767-71c1-41fc-a01a-d172d48fd9d8:c4198, 6eae0c21-01aa-4169-956f-5952b26ea7ba:c4194, 8d7dcba1-3b82-4d94-a832-514ef5c79cf8:c4194]
2019-08-21 02:17:33,816 [grpc-default-executor-2] INFO  client.GrpcClientProtocolClient (GrpcClientProtocolClient.java:onNext(255)) - client-54CC064C3FCE->8224e767-71c1-41fc-a01a-d172d48fd9d8: receive RaftClientReply:client-54CC064C3FCE->8224e767-71c1-41fc-a01a-d172d48fd9d8@group-F6B37CC92441, cid=2814, SUCCESS, logIndex=4198, commits[8224e767-71c1-41fc-a01a-d172d48fd9d8:c4198, 6eae0c21-01aa-4169-956f-5952b26ea7ba:c4194, 8d7dcba1-3b82-4d94-a832-514ef5c79cf8:c4194]
2019-08-21 02:17:33,827 | INFO  | DNAudit | user=null | ip=null | op=WRITE_CHUNK {blockData=conID: 3 locID: 102652566159557232 bcsId: 4194} | ret=SUCCESS |  
2019-08-21 02:17:33,827 | INFO  | DNAudit | user=null | ip=null | op=WRITE_CHUNK {blockData=conID: 3 locID: 102652566159557232 bcsId: 4194} | ret=SUCCESS |  
2019-08-21 02:17:33,828 | INFO  | DNAudit | user=null | ip=null | op=PUT_BLOCK {blockData=[blockId=conID: 3 locID: 102652566159557232 bcsId: 0,size=4194304]} | ret=SUCCESS |  
2019-08-21 02:17:33,828 | INFO  | DNAudit | user=null | ip=null | op=PUT_BLOCK {blockData=[blockId=conID: 3 locID: 102652566159557232 bcsId: 0,size=4194304]} | ret=SUCCESS |  
2019-08-21 02:17:33,829 [grpc-default-executor-4] INFO  client.GrpcClientProtocolClient (GrpcClientProtocolClient.java:onNext(255)) - client-54CC064C3FCE->8224e767-71c1-41fc-a01a-d172d48fd9d8: receive RaftClientReply:client-54CC064C3FCE->8224e767-71c1-41fc-a01a-d172d48fd9d8@group-F6B37CC92441, cid=2815, SUCCESS, logIndex=0, commits[8224e767-71c1-41fc-a01a-d172d48fd9d8:c4200, 6eae0c21-01aa-4169-956f-5952b26ea7ba:c4198, 8d7dcba1-3b82-4d94-a832-514ef5c79cf8:c4198]
2019-08-21 02:17:33,833 | INFO  | SCMAudit | user=jenkins1000 | ip=192.168.34.10 | op=ALLOCATE_BLOCK {owner=b6f66289-f2a0-4058-b052-0a85e40df67b, size=4194304, type=RATIS, factor=THREE} | ret=SUCCESS |  
2019-08-21 02:17:33,836 | INFO  | OMAudit | user=jenkins1000 | ip=127.0.0.1 | op=ALLOCATE_BLOCK {volume=vol-0-90982, bucket=bucket-0-24269, key=key-0-81262, dataSize=0, replicationType=null, replicationFactor=null, keyLocationInfo=null, clientID=102652564580991378} | ret=SUCCESS |  
2019-08-21 02:17:33,842 | INFO  | DNAudit | user=null | ip=null | op=WRITE_CHUNK {blockData=conID: 1 locID: 102652566164800113 bcsId: 0} | ret=SUCCESS |  
2019-08-21 02:17:33,844 | INFO  | DNAudit | user=null | ip=null | op=WRITE_CHUNK {blockData=conID: 1 locID: 102652566164800113 bcsId: 0} | ret=SUCCESS |  
2019-08-21 02:17:33,845 | INFO  | DNAudit | user=null | ip=null | op=WRITE_CHUNK {blockData=conID: 1 locID: 102652566164800113 bcsId: 0} | ret=SUCCESS |  
2019-08-21 02:17:33,845 | INFO  | DNAudit | user=null | ip=null | op=WRITE_CHUNK {blockData=conID: 1 locID: 102652566164800113 bcsId: 0} | ret=SUCCESS |  
2019-08-21 02:17:33,846 | INFO  | DNAudit | user=null | ip=null | op=WRITE_CHUNK {blockData=conID: 1 locID: 102652566164800113 bcsId: 0} | ret=SUCCESS |  
2019-08-21 02:17:33,846 | INFO  | DNAudit | user=null | ip=null | op=WRITE_CHUNK {blockData=conID: 1 locID: 102652566164800113 bcsId: 0} | ret=SUCCESS |  
2019-08-21 02:17:33,855 | INFO  | DNAudit | user=null | ip=null | op=WRITE_CHUNK {blockData=conID: 1 locID: 102652566164800113 bcsId: 0} | ret=SUCCESS |  
2019-08-21 02:17:33,855 | INFO  | DNAudit | user=null | ip=null | op=PUT_BLOCK {blockData=[blockId=conID: 1 locID: 102652566164800113 bcsId: 0,size=1048576]} | ret=SUCCESS |  
2019-08-21 02:17:33,855 [grpc-default-executor-3] INFO  client.GrpcClientProtocolClient (GrpcClientProtocolClient.java:onNext(255)) - client-54CC064C3FCE->8224e767-71c1-41fc-a01a-d172d48fd9d8: receive RaftClientReply:client-54CC064C3FCE->8224e767-71c1-41fc-a01a-d172d48fd9d8@group-F6B37CC92441, cid=2816, SUCCESS, logIndex=4201, commits[8224e767-71c1-41fc-a01a-d172d48fd9d8:c4202, 6eae0c21-01aa-4169-956f-5952b26ea7ba:c4200, 8d7dcba1-3b82-4d94-a832-514ef5c79cf8:c4200]
2019-08-21 02:17:33,856 | INFO  | DNAudit | user=null | ip=null | op=WRITE_CHUNK {blockData=conID: 1 locID: 102652566164800113 bcsId: 0} | ret=SUCCESS |  
2019-08-21 02:17:33,856 [grpc-default-executor-2] INFO  client.GrpcClientProtocolClient (GrpcClientProtocolClient.java:onNext(255)) - client-54CC064C3FCE->8224e767-71c1-41fc-a01a-d172d48fd9d8: receive RaftClientReply:client-54CC064C3FCE->8224e767-71c1-41fc-a01a-d172d48fd9d8@group-F6B37CC92441, cid=2817, SUCCESS, logIndex=4202, commits[8224e767-71c1-41fc-a01a-d172d48fd9d8:c4204, 6eae0c21-01aa-4169-956f-5952b26ea7ba:c4200, 8d7dcba1-3b82-4d94-a832-514ef5c79cf8:c4200]
2019-08-21 02:17:33,856 | INFO  | DNAudit | user=null | ip=null | op=PUT_BLOCK {blockData=[blockId=conID: 1 locID: 102652566164800113 bcsId: 0,size=2097152]} | ret=SUCCESS |  
2019-08-21 02:17:33,856 [grpc-default-executor-2] INFO  client.GrpcClientProtocolClient (GrpcClientProtocolClient.java:onNext(255)) - client-54CC064C3FCE->8224e767-71c1-41fc-a01a-d172d48fd9d8: receive RaftClientReply:client-54CC064C3FCE->8224e767-71c1-41fc-a01a-d172d48fd9d8@group-F6B37CC92441, cid=2818, SUCCESS, logIndex=4203, commits[8224e767-71c1-41fc-a01a-d172d48fd9d8:c4204, 6eae0c21-01aa-4169-956f-5952b26ea7ba:c4200, 8d7dcba1-3b82-4d94-a832-514ef5c79cf8:c4200]
2019-08-21 02:17:33,856 | INFO  | DNAudit | user=null | ip=null | op=WRITE_CHUNK {blockData=conID: 1 locID: 102652566164800113 bcsId: 0} | ret=SUCCESS |  
2019-08-21 02:17:33,857 [grpc-default-executor-2] INFO  client.GrpcClientProtocolClient (GrpcClientProtocolClient.java:onNext(255)) - client-54CC064C3FCE->8224e767-71c1-41fc-a01a-d172d48fd9d8: receive RaftClientReply:client-54CC064C3FCE->8224e767-71c1-41fc-a01a-d172d48fd9d8@group-F6B37CC92441, cid=2819, SUCCESS, logIndex=4204, commits[8224e767-71c1-41fc-a01a-d172d48fd9d8:c4204, 6eae0c21-01aa-4169-956f-5952b26ea7ba:c4200, 8d7dcba1-3b82-4d94-a832-514ef5c79cf8:c4200]
2019-08-21 02:17:33,857 | INFO  | DNAudit | user=null | ip=null | op=WRITE_CHUNK {blockData=conID: 1 locID: 102652566164800113 bcsId: 0} | ret=SUCCESS |  
2019-08-21 02:17:33,857 | INFO  | DNAudit | user=null | ip=null | op=PUT_BLOCK {blockData=[blockId=conID: 1 locID: 102652566164800113 bcsId: 0,size=1048576]} | ret=SUCCESS |  
2019-08-21 02:17:33,857 | INFO  | DNAudit | user=null | ip=null | op=WRITE_CHUNK {blockData=conID: 1 locID: 102652566164800113 bcsId: 0} | ret=SUCCESS |  
2019-08-21 02:17:33,857 | INFO  | DNAudit | user=null | ip=null | op=PUT_BLOCK {blockData=[blockId=conID: 1 locID: 102652566164800113 bcsId: 0,size=2097152]} | ret=SUCCESS |  
2019-08-21 02:17:33,857 | INFO  | DNAudit | user=null | ip=null | op=PUT_BLOCK {blockData=[blockId=conID: 1 locID: 102652566164800113 bcsId: 0,size=1048576]} | ret=SUCCESS |  
2019-08-21 02:17:33,858 | INFO  | DNAudit | user=null | ip=null | op=WRITE_CHUNK {blockData=conID: 1 locID: 102652566164800113 bcsId: 0} | ret=SUCCESS |  
2019-08-21 02:17:33,858 | INFO  | DNAudit | user=null | ip=null | op=PUT_BLOCK {blockData=[blockId=conID: 1 locID: 102652566164800113 bcsId: 0,size=2097152]} | ret=SUCCESS |  
2019-08-21 02:17:33,858 [grpc-default-executor-3] INFO  client.GrpcClientProtocolClient (GrpcClientProtocolClient.java:onNext(255)) - client-54CC064C3FCE->8224e767-71c1-41fc-a01a-d172d48fd9d8: receive RaftClientReply:client-54CC064C3FCE->8224e767-71c1-41fc-a01a-d172d48fd9d8@group-F6B37CC92441, cid=2820, SUCCESS, logIndex=0, commits[8224e767-71c1-41fc-a01a-d172d48fd9d8:c4208, 6eae0c21-01aa-4169-956f-5952b26ea7ba:c4202, 8d7dcba1-3b82-4d94-a832-514ef5c79cf8:c4204]
2019-08-21 02:17:33,863 | INFO  | DNAudit | user=null | ip=null | op=WRITE_CHUNK {blockData=conID: 1 locID: 102652566164800113 bcsId: 4204} | ret=SUCCESS |  
2019-08-21 02:17:33,864 | INFO  | DNAudit | user=null | ip=null | op=WRITE_CHUNK {blockData=conID: 1 locID: 102652566164800113 bcsId: 4204} | ret=SUCCESS |  
2019-08-21 02:17:33,865 | INFO  | DNAudit | user=null | ip=null | op=WRITE_CHUNK {blockData=conID: 1 locID: 102652566164800113 bcsId: 4204} | ret=SUCCESS |  
2019-08-21 02:17:33,875 | INFO  | DNAudit | user=null | ip=null | op=WRITE_CHUNK {blockData=conID: 1 locID: 102652566164800113 bcsId: 4204} | ret=SUCCESS |  
2019-08-21 02:17:33,875 | INFO  | DNAudit | user=null | ip=null | op=PUT_BLOCK {blockData=[blockId=conID: 1 locID: 102652566164800113 bcsId: 0,size=3145728]} | ret=SUCCESS |  
2019-08-21 02:17:33,875 [grpc-default-executor-2] INFO  client.GrpcClientProtocolClient (GrpcClientProtocolClient.java:onNext(255)) - client-54CC064C3FCE->8224e767-71c1-41fc-a01a-d172d48fd9d8: receive RaftClientReply:client-54CC064C3FCE->8224e767-71c1-41fc-a01a-d172d48fd9d8@group-F6B37CC92441, cid=2821, SUCCESS, logIndex=4209, commits[8224e767-71c1-41fc-a01a-d172d48fd9d8:c4210, 6eae0c21-01aa-4169-956f-5952b26ea7ba:c4208, 8d7dcba1-3b82-4d94-a832-514ef5c79cf8:c4208]
2019-08-21 02:17:33,876 [grpc-default-executor-2] INFO  client.GrpcClientProtocolClient (GrpcClientProtocolClient.java:onNext(255)) - client-54CC064C3FCE->8224e767-71c1-41fc-a01a-d172d48fd9d8: receive RaftClientReply:client-54CC064C3FCE->8224e767-71c1-41fc-a01a-d172d48fd9d8@group-F6B37CC92441, cid=2822, SUCCESS, logIndex=4210, commits[8224e767-71c1-41fc-a01a-d172d48fd9d8:c4210, 6eae0c21-01aa-4169-956f-5952b26ea7ba:c4208, 8d7dcba1-3b82-4d94-a832-514ef5c79cf8:c4208]
2019-08-21 02:17:33,881 | INFO  | DNAudit | user=null | ip=null | op=WRITE_CHUNK {blockData=conID: 1 locID: 102652566164800113 bcsId: 4210} | ret=SUCCESS |  
2019-08-21 02:17:33,882 | INFO  | DNAudit | user=null | ip=null | op=WRITE_CHUNK {blockData=conID: 1 locID: 102652566164800113 bcsId: 4210} | ret=SUCCESS |  
2019-08-21 02:17:33,883 | INFO  | DNAudit | user=null | ip=null | op=WRITE_CHUNK {blockData=conID: 1 locID: 102652566164800113 bcsId: 4210} | ret=SUCCESS |  
2019-08-21 02:17:33,887 | INFO  | DNAudit | user=null | ip=null | op=WRITE_CHUNK {blockData=conID: 1 locID: 102652566164800113 bcsId: 4204} | ret=SUCCESS |  
2019-08-21 02:17:33,887 | INFO  | DNAudit | user=null | ip=null | op=WRITE_CHUNK {blockData=conID: 1 locID: 102652566164800113 bcsId: 4204} | ret=SUCCESS |  
2019-08-21 02:17:33,888 | INFO  | DNAudit | user=null | ip=null | op=PUT_BLOCK {blockData=[blockId=conID: 1 locID: 102652566164800113 bcsId: 0,size=3145728]} | ret=SUCCESS |  
2019-08-21 02:17:33,888 | INFO  | DNAudit | user=null | ip=null | op=PUT_BLOCK {blockData=[blockId=conID: 1 locID: 102652566164800113 bcsId: 0,size=3145728]} | ret=SUCCESS |  
2019-08-21 02:17:33,888 | INFO  | DNAudit | user=null | ip=null | op=WRITE_CHUNK {blockData=conID: 1 locID: 102652566164800113 bcsId: 4210} | ret=SUCCESS |  
2019-08-21 02:17:33,889 | INFO  | DNAudit | user=null | ip=null | op=PUT_BLOCK {blockData=[blockId=conID: 1 locID: 102652566164800113 bcsId: 0,size=4194304]} | ret=SUCCESS |  
2019-08-21 02:17:33,889 [grpc-default-executor-3] INFO  client.GrpcClientProtocolClient (GrpcClientProtocolClient.java:onNext(255)) - client-54CC064C3FCE->8224e767-71c1-41fc-a01a-d172d48fd9d8: receive RaftClientReply:client-54CC064C3FCE->8224e767-71c1-41fc-a01a-d172d48fd9d8@group-F6B37CC92441, cid=2823, SUCCESS, logIndex=4213, commits[8224e767-71c1-41fc-a01a-d172d48fd9d8:c4214, 6eae0c21-01aa-4169-956f-5952b26ea7ba:c4210, 8d7dcba1-3b82-4d94-a832-514ef5c79cf8:c4210]
2019-08-21 02:17:33,889 [grpc-default-executor-3] INFO  client.GrpcClientProtocolClient (GrpcClientProtocolClient.java:onNext(255)) - client-54CC064C3FCE->8224e767-71c1-41fc-a01a-d172d48fd9d8: receive RaftClientReply:client-54CC064C3FCE->8224e767-71c1-41fc-a01a-d172d48fd9d8@group-F6B37CC92441, cid=2824, SUCCESS, logIndex=4214, commits[8224e767-71c1-41fc-a01a-d172d48fd9d8:c4214, 6eae0c21-01aa-4169-956f-5952b26ea7ba:c4210, 8d7dcba1-3b82-4d94-a832-514ef5c79cf8:c4210]
2019-08-21 02:17:33,900 | INFO  | DNAudit | user=null | ip=null | op=WRITE_CHUNK {blockData=conID: 1 locID: 102652566164800113 bcsId: 4210} | ret=SUCCESS |  
2019-08-21 02:17:33,900 | INFO  | DNAudit | user=null | ip=null | op=WRITE_CHUNK {blockData=conID: 1 locID: 102652566164800113 bcsId: 4210} | ret=SUCCESS |  
2019-08-21 02:17:33,901 | INFO  | DNAudit | user=null | ip=null | op=PUT_BLOCK {blockData=[blockId=conID: 1 locID: 102652566164800113 bcsId: 0,size=4194304]} | ret=SUCCESS |  
2019-08-21 02:17:33,901 | INFO  | DNAudit | user=null | ip=null | op=PUT_BLOCK {blockData=[blockId=conID: 1 locID: 102652566164800113 bcsId: 0,size=4194304]} | ret=SUCCESS |  
2019-08-21 02:17:33,902 [grpc-default-executor-3] INFO  client.GrpcClientProtocolClient (GrpcClientProtocolClient.java:onNext(255)) - client-54CC064C3FCE->8224e767-71c1-41fc-a01a-d172d48fd9d8: receive RaftClientReply:client-54CC064C3FCE->8224e767-71c1-41fc-a01a-d172d48fd9d8@group-F6B37CC92441, cid=2825, SUCCESS, logIndex=0, commits[8224e767-71c1-41fc-a01a-d172d48fd9d8:c4216, 6eae0c21-01aa-4169-956f-5952b26ea7ba:c4214, 8d7dcba1-3b82-4d94-a832-514ef5c79cf8:c4214]
2019-08-21 02:17:33,906 | INFO  | SCMAudit | user=jenkins1000 | ip=192.168.34.10 | op=ALLOCATE_BLOCK {owner=b6f66289-f2a0-4058-b052-0a85e40df67b, size=4194304, type=RATIS, factor=THREE} | ret=SUCCESS |  
2019-08-21 02:17:33,909 | INFO  | OMAudit | user=jenkins1000 | ip=127.0.0.1 | op=ALLOCATE_BLOCK {volume=vol-0-90982, bucket=bucket-0-24269, key=key-0-81262, dataSize=0, replicationType=null, replicationFactor=null, keyLocationInfo=null, clientID=102652564580991378} | ret=SUCCESS |  
2019-08-21 02:17:33,914 | INFO  | DNAudit | user=null | ip=null | op=WRITE_CHUNK {blockData=conID: 2 locID: 102652566169584242 bcsId: 0} | ret=SUCCESS |  
2019-08-21 02:17:33,916 | INFO  | DNAudit | user=null | ip=null | op=WRITE_CHUNK {blockData=conID: 2 locID: 102652566169584242 bcsId: 0} | ret=SUCCESS |  
2019-08-21 02:17:33,916 | INFO  | DNAudit | user=null | ip=null | op=WRITE_CHUNK {blockData=conID: 2 locID: 102652566169584242 bcsId: 0} | ret=SUCCESS |  
2019-08-21 02:17:33,917 | INFO  | DNAudit | user=null | ip=null | op=WRITE_CHUNK {blockData=conID: 2 locID: 102652566169584242 bcsId: 0} | ret=SUCCESS |  
2019-08-21 02:17:33,918 | INFO  | DNAudit | user=null | ip=null | op=WRITE_CHUNK {blockData=conID: 2 locID: 102652566169584242 bcsId: 0} | ret=SUCCESS |  
2019-08-21 02:17:33,918 | INFO  | DNAudit | user=null | ip=null | op=WRITE_CHUNK {blockData=conID: 2 locID: 102652566169584242 bcsId: 0} | ret=SUCCESS |  
2019-08-21 02:17:33,925 | INFO  | DNAudit | user=null | ip=null | op=WRITE_CHUNK {blockData=conID: 2 locID: 102652566169584242 bcsId: 0} | ret=SUCCESS |  
2019-08-21 02:17:33,926 | INFO  | DNAudit | user=null | ip=null | op=PUT_BLOCK {blockData=[blockId=conID: 2 locID: 102652566169584242 bcsId: 0,size=1048576]} | ret=SUCCESS |  
2019-08-21 02:17:33,926 [grpc-default-executor-2] INFO  client.GrpcClientProtocolClient (GrpcClientProtocolClient.java:onNext(255)) - client-54CC064C3FCE->8224e767-71c1-41fc-a01a-d172d48fd9d8: receive RaftClientReply:client-54CC064C3FCE->8224e767-71c1-41fc-a01a-d172d48fd9d8@group-F6B37CC92441, cid=2826, SUCCESS, logIndex=4217, commits[8224e767-71c1-41fc-a01a-d172d48fd9d8:c4218, 6eae0c21-01aa-4169-956f-5952b26ea7ba:c4216, 8d7dcba1-3b82-4d94-a832-514ef5c79cf8:c4216]
2019-08-21 02:17:33,926 | INFO  | DNAudit | user=null | ip=null | op=WRITE_CHUNK {blockData=conID: 2 locID: 102652566169584242 bcsId: 0} | ret=SUCCESS |  
2019-08-21 02:17:33,926 | INFO  | DNAudit | user=null | ip=null | op=PUT_BLOCK {blockData=[blockId=conID: 2 locID: 102652566169584242 bcsId: 0,size=2097152]} | ret=SUCCESS |  
2019-08-21 02:17:33,927 | INFO  | DNAudit | user=null | ip=null | op=WRITE_CHUNK {blockData=conID: 2 locID: 102652566169584242 bcsId: 0} | ret=SUCCESS |  
2019-08-21 02:17:33,927 | INFO  | DNAudit | user=null | ip=null | op=PUT_BLOCK {blockData=[blockId=conID: 2 locID: 102652566169584242 bcsId: 0,size=1048576]} | ret=SUCCESS |  
2019-08-21 02:17:33,927 [grpc-default-executor-3] INFO  client.GrpcClientProtocolClient (GrpcClientProtocolClient.java:onNext(255)) - client-54CC064C3FCE->8224e767-71c1-41fc-a01a-d172d48fd9d8: receive RaftClientReply:client-54CC064C3FCE->8224e767-71c1-41fc-a01a-d172d48fd9d8@group-F6B37CC92441, cid=2827, SUCCESS, logIndex=4218, commits[8224e767-71c1-41fc-a01a-d172d48fd9d8:c4218, 6eae0c21-01aa-4169-956f-5952b26ea7ba:c4216, 8d7dcba1-3b82-4d94-a832-514ef5c79cf8:c4216]
2019-08-21 02:17:33,927 | INFO  | DNAudit | user=null | ip=null | op=WRITE_CHUNK {blockData=conID: 2 locID: 102652566169584242 bcsId: 0} | ret=SUCCESS |  
2019-08-21 02:17:33,928 [grpc-default-executor-1] INFO  client.GrpcClientProtocolClient (GrpcClientProtocolClient.java:onNext(255)) - client-54CC064C3FCE->8224e767-71c1-41fc-a01a-d172d48fd9d8: receive RaftClientReply:client-54CC064C3FCE->8224e767-71c1-41fc-a01a-d172d48fd9d8@group-F6B37CC92441, cid=2828, SUCCESS, logIndex=4219, commits[8224e767-71c1-41fc-a01a-d172d48fd9d8:c4220, 6eae0c21-01aa-4169-956f-5952b26ea7ba:c4216, 8d7dcba1-3b82-4d94-a832-514ef5c79cf8:c4216]
2019-08-21 02:17:33,928 | INFO  | DNAudit | user=null | ip=null | op=PUT_BLOCK {blockData=[blockId=conID: 2 locID: 102652566169584242 bcsId: 0,size=1048576]} | ret=SUCCESS |  
2019-08-21 02:17:33,928 [grpc-default-executor-1] INFO  client.GrpcClientProtocolClient (GrpcClientProtocolClient.java:onNext(255)) - client-54CC064C3FCE->8224e767-71c1-41fc-a01a-d172d48fd9d8: receive RaftClientReply:client-54CC064C3FCE->8224e767-71c1-41fc-a01a-d172d48fd9d8@group-F6B37CC92441, cid=2829, SUCCESS, logIndex=4220, commits[8224e767-71c1-41fc-a01a-d172d48fd9d8:c4220, 6eae0c21-01aa-4169-956f-5952b26ea7ba:c4216, 8d7dcba1-3b82-4d94-a832-514ef5c79cf8:c4216]
2019-08-21 02:17:33,928 | INFO  | DNAudit | user=null | ip=null | op=WRITE_CHUNK {blockData=conID: 2 locID: 102652566169584242 bcsId: 0} | ret=SUCCESS |  
2019-08-21 02:17:33,928 | INFO  | DNAudit | user=null | ip=null | op=PUT_BLOCK {blockData=[blockId=conID: 2 locID: 102652566169584242 bcsId: 0,size=2097152]} | ret=SUCCESS |  
2019-08-21 02:17:33,928 | INFO  | DNAudit | user=null | ip=null | op=WRITE_CHUNK {blockData=conID: 2 locID: 102652566169584242 bcsId: 0} | ret=SUCCESS |  
2019-08-21 02:17:33,928 [grpc-default-executor-1] INFO  client.GrpcClientProtocolClient (GrpcClientProtocolClient.java:onNext(255)) - client-54CC064C3FCE->8224e767-71c1-41fc-a01a-d172d48fd9d8: receive RaftClientReply:client-54CC064C3FCE->8224e767-71c1-41fc-a01a-d172d48fd9d8@group-F6B37CC92441, cid=2830, SUCCESS, logIndex=0, commits[8224e767-71c1-41fc-a01a-d172d48fd9d8:c4224, 6eae0c21-01aa-4169-956f-5952b26ea7ba:c4218, 8d7dcba1-3b82-4d94-a832-514ef5c79cf8:c4220]
2019-08-21 02:17:33,929 | INFO  | DNAudit | user=null | ip=null | op=PUT_BLOCK {blockData=[blockId=conID: 2 locID: 102652566169584242 bcsId: 0,size=2097152]} | ret=SUCCESS |  
2019-08-21 02:17:33,933 | INFO  | DNAudit | user=null | ip=null | op=WRITE_CHUNK {blockData=conID: 2 locID: 102652566169584242 bcsId: 4220} | ret=SUCCESS |  
2019-08-21 02:17:33,935 | INFO  | DNAudit | user=null | ip=null | op=WRITE_CHUNK {blockData=conID: 2 locID: 102652566169584242 bcsId: 4220} | ret=SUCCESS |  
2019-08-21 02:17:33,935 | INFO  | DNAudit | user=null | ip=null | op=WRITE_CHUNK {blockData=conID: 2 locID: 102652566169584242 bcsId: 4220} | ret=SUCCESS |  
2019-08-21 02:17:33,946 | INFO  | DNAudit | user=null | ip=null | op=WRITE_CHUNK {blockData=conID: 2 locID: 102652566169584242 bcsId: 4220} | ret=SUCCESS |  
2019-08-21 02:17:33,946 | INFO  | DNAudit | user=null | ip=null | op=PUT_BLOCK {blockData=[blockId=conID: 2 locID: 102652566169584242 bcsId: 0,size=3145728]} | ret=SUCCESS |  
2019-08-21 02:17:33,946 [grpc-default-executor-1] INFO  client.GrpcClientProtocolClient (GrpcClientProtocolClient.java:onNext(255)) - client-54CC064C3FCE->8224e767-71c1-41fc-a01a-d172d48fd9d8: receive RaftClientReply:client-54CC064C3FCE->8224e767-71c1-41fc-a01a-d172d48fd9d8@group-F6B37CC92441, cid=2831, SUCCESS, logIndex=4225, commits[8224e767-71c1-41fc-a01a-d172d48fd9d8:c4226, 6eae0c21-01aa-4169-956f-5952b26ea7ba:c4224, 8d7dcba1-3b82-4d94-a832-514ef5c79cf8:c4224]
2019-08-21 02:17:33,947 [grpc-default-executor-1] INFO  client.GrpcClientProtocolClient (GrpcClientProtocolClient.java:onNext(255)) - client-54CC064C3FCE->8224e767-71c1-41fc-a01a-d172d48fd9d8: receive RaftClientReply:client-54CC064C3FCE->8224e767-71c1-41fc-a01a-d172d48fd9d8@group-F6B37CC92441, cid=2832, SUCCESS, logIndex=4226, commits[8224e767-71c1-41fc-a01a-d172d48fd9d8:c4226, 6eae0c21-01aa-4169-956f-5952b26ea7ba:c4224, 8d7dcba1-3b82-4d94-a832-514ef5c79cf8:c4224]
2019-08-21 02:17:33,952 | INFO  | DNAudit | user=null | ip=null | op=WRITE_CHUNK {blockData=conID: 2 locID: 102652566169584242 bcsId: 4226} | ret=SUCCESS |  
2019-08-21 02:17:33,954 | INFO  | DNAudit | user=null | ip=null | op=WRITE_CHUNK {blockData=conID: 2 locID: 102652566169584242 bcsId: 4226} | ret=SUCCESS |  
2019-08-21 02:17:33,954 | INFO  | DNAudit | user=null | ip=null | op=WRITE_CHUNK {blockData=conID: 2 locID: 102652566169584242 bcsId: 4226} | ret=SUCCESS |  
2019-08-21 02:17:33,957 | INFO  | DNAudit | user=null | ip=null | op=WRITE_CHUNK {blockData=conID: 2 locID: 102652566169584242 bcsId: 4220} | ret=SUCCESS |  
2019-08-21 02:17:33,957 | INFO  | DNAudit | user=null | ip=null | op=WRITE_CHUNK {blockData=conID: 2 locID: 102652566169584242 bcsId: 4220} | ret=SUCCESS |  
2019-08-21 02:17:33,960 | INFO  | DNAudit | user=null | ip=null | op=PUT_BLOCK {blockData=[blockId=conID: 2 locID: 102652566169584242 bcsId: 0,size=3145728]} | ret=SUCCESS |  
2019-08-21 02:17:33,960 | INFO  | DNAudit | user=null | ip=null | op=PUT_BLOCK {blockData=[blockId=conID: 2 locID: 102652566169584242 bcsId: 0,size=3145728]} | ret=SUCCESS |  
2019-08-21 02:17:33,961 | INFO  | DNAudit | user=null | ip=null | op=WRITE_CHUNK {blockData=conID: 2 locID: 102652566169584242 bcsId: 4226} | ret=SUCCESS |  
2019-08-21 02:17:33,961 | INFO  | DNAudit | user=null | ip=null | op=PUT_BLOCK {blockData=[blockId=conID: 2 locID: 102652566169584242 bcsId: 0,size=4194304]} | ret=SUCCESS |  
2019-08-21 02:17:33,961 [grpc-default-executor-2] INFO  client.GrpcClientProtocolClient (GrpcClientProtocolClient.java:onNext(255)) - client-54CC064C3FCE->8224e767-71c1-41fc-a01a-d172d48fd9d8: receive RaftClientReply:client-54CC064C3FCE->8224e767-71c1-41fc-a01a-d172d48fd9d8@group-F6B37CC92441, cid=2833, SUCCESS, logIndex=4229, commits[8224e767-71c1-41fc-a01a-d172d48fd9d8:c4230, 6eae0c21-01aa-4169-956f-5952b26ea7ba:c4226, 8d7dcba1-3b82-4d94-a832-514ef5c79cf8:c4226]
2019-08-21 02:17:33,962 [grpc-default-executor-2] INFO  client.GrpcClientProtocolClient (GrpcClientProtocolClient.java:onNext(255)) - client-54CC064C3FCE->8224e767-71c1-41fc-a01a-d172d48fd9d8: receive RaftClientReply:client-54CC064C3FCE->8224e767-71c1-41fc-a01a-d172d48fd9d8@group-F6B37CC92441, cid=2834, SUCCESS, logIndex=4230, commits[8224e767-71c1-41fc-a01a-d172d48fd9d8:c4230, 6eae0c21-01aa-4169-956f-5952b26ea7ba:c4226, 8d7dcba1-3b82-4d94-a832-514ef5c79cf8:c4226]
2019-08-21 02:17:33,972 | INFO  | DNAudit | user=null | ip=null | op=WRITE_CHUNK {blockData=conID: 2 locID: 102652566169584242 bcsId: 4226} | ret=SUCCESS |  
2019-08-21 02:17:33,972 | INFO  | DNAudit | user=null | ip=null | op=WRITE_CHUNK {blockData=conID: 2 locID: 102652566169584242 bcsId: 4226} | ret=SUCCESS |  
2019-08-21 02:17:33,972 | INFO  | DNAudit | user=null | ip=null | op=PUT_BLOCK {blockData=[blockId=conID: 2 locID: 102652566169584242 bcsId: 0,size=4194304]} | ret=SUCCESS |  
2019-08-21 02:17:33,972 | INFO  | DNAudit | user=null | ip=null | op=PUT_BLOCK {blockData=[blockId=conID: 2 locID: 102652566169584242 bcsId: 0,size=4194304]} | ret=SUCCESS |  
2019-08-21 02:17:33,973 [grpc-default-executor-2] INFO  client.GrpcClientProtocolClient (GrpcClientProtocolClient.java:onNext(255)) - client-54CC064C3FCE->8224e767-71c1-41fc-a01a-d172d48fd9d8: receive RaftClientReply:client-54CC064C3FCE->8224e767-71c1-41fc-a01a-d172d48fd9d8@group-F6B37CC92441, cid=2835, SUCCESS, logIndex=0, commits[8224e767-71c1-41fc-a01a-d172d48fd9d8:c4231, 6eae0c21-01aa-4169-956f-5952b26ea7ba:c4230, 8d7dcba1-3b82-4d94-a832-514ef5c79cf8:c4230]
2019-08-21 02:17:33,977 | INFO  | SCMAudit | user=jenkins1000 | ip=192.168.34.10 | op=ALLOCATE_BLOCK {owner=b6f66289-f2a0-4058-b052-0a85e40df67b, size=4194304, type=RATIS, factor=THREE} | ret=SUCCESS |  
2019-08-21 02:17:33,981 | INFO  | OMAudit | user=jenkins1000 | ip=127.0.0.1 | op=ALLOCATE_BLOCK {volume=vol-0-90982, bucket=bucket-0-24269, key=key-0-81262, dataSize=0, replicationType=null, replicationFactor=null, keyLocationInfo=null, clientID=102652564580991378} | ret=SUCCESS |  
2019-08-21 02:17:33,987 | INFO  | DNAudit | user=null | ip=null | op=WRITE_CHUNK {blockData=conID: 3 locID: 102652566174237299 bcsId: 0} | ret=SUCCESS |  
2019-08-21 02:17:33,988 | INFO  | DNAudit | user=null | ip=null | op=WRITE_CHUNK {blockData=conID: 3 locID: 102652566174237299 bcsId: 0} | ret=SUCCESS |  
2019-08-21 02:17:33,989 | INFO  | DNAudit | user=null | ip=null | op=WRITE_CHUNK {blockData=conID: 3 locID: 102652566174237299 bcsId: 0} | ret=SUCCESS |  
2019-08-21 02:17:33,989 | INFO  | DNAudit | user=null | ip=null | op=WRITE_CHUNK {blockData=conID: 3 locID: 102652566174237299 bcsId: 0} | ret=SUCCESS |  
2019-08-21 02:17:33,990 | INFO  | DNAudit | user=null | ip=null | op=WRITE_CHUNK {blockData=conID: 3 locID: 102652566174237299 bcsId: 0} | ret=SUCCESS |  
2019-08-21 02:17:33,990 | INFO  | DNAudit | user=null | ip=null | op=WRITE_CHUNK {blockData=conID: 3 locID: 102652566174237299 bcsId: 0} | ret=SUCCESS |  
2019-08-21 02:17:34,000 | INFO  | DNAudit | user=null | ip=null | op=WRITE_CHUNK {blockData=conID: 3 locID: 102652566174237299 bcsId: 0} | ret=SUCCESS |  
2019-08-21 02:17:34,001 | INFO  | DNAudit | user=null | ip=null | op=PUT_BLOCK {blockData=[blockId=conID: 3 locID: 102652566174237299 bcsId: 0,size=1048576]} | ret=SUCCESS |  
2019-08-21 02:17:34,001 [grpc-default-executor-4] INFO  client.GrpcClientProtocolClient (GrpcClientProtocolClient.java:onNext(255)) - client-54CC064C3FCE->8224e767-71c1-41fc-a01a-d172d48fd9d8: receive RaftClientReply:client-54CC064C3FCE->8224e767-71c1-41fc-a01a-d172d48fd9d8@group-F6B37CC92441, cid=2836, SUCCESS, logIndex=4233, commits[8224e767-71c1-41fc-a01a-d172d48fd9d8:c4234, 6eae0c21-01aa-4169-956f-5952b26ea7ba:c4230, 8d7dcba1-3b82-4d94-a832-514ef5c79cf8:c4232]
2019-08-21 02:17:34,002 [grpc-default-executor-1] INFO  client.GrpcClientProtocolClient (GrpcClientProtocolClient.java:onNext(255)) - client-54CC064C3FCE->8224e767-71c1-41fc-a01a-d172d48fd9d8: receive RaftClientReply:client-54CC064C3FCE->8224e767-71c1-41fc-a01a-d172d48fd9d8@group-F6B37CC92441, cid=2837, SUCCESS, logIndex=4234, commits[8224e767-71c1-41fc-a01a-d172d48fd9d8:c4234, 6eae0c21-01aa-4169-956f-5952b26ea7ba:c4230, 8d7dcba1-3b82-4d94-a832-514ef5c79cf8:c4232]
2019-08-21 02:17:34,003 | INFO  | DNAudit | user=null | ip=null | op=WRITE_CHUNK {blockData=conID: 3 locID: 102652566174237299 bcsId: 0} | ret=SUCCESS |  
2019-08-21 02:17:34,003 | INFO  | DNAudit | user=null | ip=null | op=WRITE_CHUNK {blockData=conID: 3 locID: 102652566174237299 bcsId: 0} | ret=SUCCESS |  
2019-08-21 02:17:34,003 | INFO  | DNAudit | user=null | ip=null | op=PUT_BLOCK {blockData=[blockId=conID: 3 locID: 102652566174237299 bcsId: 0,size=1048576]} | ret=SUCCESS |  
2019-08-21 02:17:34,003 | INFO  | DNAudit | user=null | ip=null | op=PUT_BLOCK {blockData=[blockId=conID: 3 locID: 102652566174237299 bcsId: 0,size=2097152]} | ret=SUCCESS |  
2019-08-21 02:17:34,003 [grpc-default-executor-3] INFO  client.GrpcClientProtocolClient (GrpcClientProtocolClient.java:onNext(255)) - client-54CC064C3FCE->8224e767-71c1-41fc-a01a-d172d48fd9d8: receive RaftClientReply:client-54CC064C3FCE->8224e767-71c1-41fc-a01a-d172d48fd9d8@group-F6B37CC92441, cid=2838, SUCCESS, logIndex=4235, commits[8224e767-71c1-41fc-a01a-d172d48fd9d8:c4238, 6eae0c21-01aa-4169-956f-5952b26ea7ba:c4234, 8d7dcba1-3b82-4d94-a832-514ef5c79cf8:c4232]
2019-08-21 02:17:34,003 [grpc-default-executor-3] INFO  client.GrpcClientProtocolClient (GrpcClientProtocolClient.java:onNext(255)) - client-54CC064C3FCE->8224e767-71c1-41fc-a01a-d172d48fd9d8: receive RaftClientReply:client-54CC064C3FCE->8224e767-71c1-41fc-a01a-d172d48fd9d8@group-F6B37CC92441, cid=2839, SUCCESS, logIndex=4236, commits[8224e767-71c1-41fc-a01a-d172d48fd9d8:c4238, 6eae0c21-01aa-4169-956f-5952b26ea7ba:c4234, 8d7dcba1-3b82-4d94-a832-514ef5c79cf8:c4232]
2019-08-21 02:17:34,003 | INFO  | DNAudit | user=null | ip=null | op=WRITE_CHUNK {blockData=conID: 3 locID: 102652566174237299 bcsId: 0} | ret=SUCCESS |  
2019-08-21 02:17:34,004 | INFO  | DNAudit | user=null | ip=null | op=WRITE_CHUNK {blockData=conID: 3 locID: 102652566174237299 bcsId: 0} | ret=SUCCESS |  
2019-08-21 02:17:34,004 | INFO  | DNAudit | user=null | ip=null | op=PUT_BLOCK {blockData=[blockId=conID: 3 locID: 102652566174237299 bcsId: 0,size=1048576]} | ret=SUCCESS |  
2019-08-21 02:17:34,004 | INFO  | DNAudit | user=null | ip=null | op=PUT_BLOCK {blockData=[blockId=conID: 3 locID: 102652566174237299 bcsId: 0,size=2097152]} | ret=SUCCESS |  
2019-08-21 02:17:34,004 [grpc-default-executor-4] INFO  client.GrpcClientProtocolClient (GrpcClientProtocolClient.java:onNext(255)) - client-54CC064C3FCE->8224e767-71c1-41fc-a01a-d172d48fd9d8: receive RaftClientReply:client-54CC064C3FCE->8224e767-71c1-41fc-a01a-d172d48fd9d8@group-F6B37CC92441, cid=2840, SUCCESS, logIndex=0, commits[8224e767-71c1-41fc-a01a-d172d48fd9d8:c4239, 6eae0c21-01aa-4169-956f-5952b26ea7ba:c4235, 8d7dcba1-3b82-4d94-a832-514ef5c79cf8:c4234]
2019-08-21 02:17:34,005 | INFO  | DNAudit | user=null | ip=null | op=WRITE_CHUNK {blockData=conID: 3 locID: 102652566174237299 bcsId: 0} | ret=SUCCESS |  
2019-08-21 02:17:34,005 | INFO  | DNAudit | user=null | ip=null | op=PUT_BLOCK {blockData=[blockId=conID: 3 locID: 102652566174237299 bcsId: 0,size=2097152]} | ret=SUCCESS |  
2019-08-21 02:17:34,009 | INFO  | DNAudit | user=null | ip=null | op=WRITE_CHUNK {blockData=conID: 3 locID: 102652566174237299 bcsId: 4236} | ret=SUCCESS |  
2019-08-21 02:17:34,011 | INFO  | DNAudit | user=null | ip=null | op=WRITE_CHUNK {blockData=conID: 3 locID: 102652566174237299 bcsId: 4236} | ret=SUCCESS |  
2019-08-21 02:17:34,011 | INFO  | DNAudit | user=null | ip=null | op=WRITE_CHUNK {blockData=conID: 3 locID: 102652566174237299 bcsId: 4236} | ret=SUCCESS |  
2019-08-21 02:17:34,021 | INFO  | DNAudit | user=null | ip=null | op=WRITE_CHUNK {blockData=conID: 3 locID: 102652566174237299 bcsId: 4236} | ret=SUCCESS |  
2019-08-21 02:17:34,022 | INFO  | DNAudit | user=null | ip=null | op=PUT_BLOCK {blockData=[blockId=conID: 3 locID: 102652566174237299 bcsId: 0,size=3145728]} | ret=SUCCESS |  
2019-08-21 02:17:34,022 [grpc-default-executor-3] INFO  client.GrpcClientProtocolClient (GrpcClientProtocolClient.java:onNext(255)) - client-54CC064C3FCE->8224e767-71c1-41fc-a01a-d172d48fd9d8: receive RaftClientReply:client-54CC064C3FCE->8224e767-71c1-41fc-a01a-d172d48fd9d8@group-F6B37CC92441, cid=2841, SUCCESS, logIndex=4241, commits[8224e767-71c1-41fc-a01a-d172d48fd9d8:c4241, 6eae0c21-01aa-4169-956f-5952b26ea7ba:c4240, 8d7dcba1-3b82-4d94-a832-514ef5c79cf8:c4240]
2019-08-21 02:17:34,022 [grpc-default-executor-3] INFO  client.GrpcClientProtocolClient (GrpcClientProtocolClient.java:onNext(255)) - client-54CC064C3FCE->8224e767-71c1-41fc-a01a-d172d48fd9d8: receive RaftClientReply:client-54CC064C3FCE->8224e767-71c1-41fc-a01a-d172d48fd9d8@group-F6B37CC92441, cid=2842, SUCCESS, logIndex=4242, commits[8224e767-71c1-41fc-a01a-d172d48fd9d8:c4242, 6eae0c21-01aa-4169-956f-5952b26ea7ba:c4240, 8d7dcba1-3b82-4d94-a832-514ef5c79cf8:c4240]
2019-08-21 02:17:34,027 | INFO  | DNAudit | user=null | ip=null | op=WRITE_CHUNK {blockData=conID: 3 locID: 102652566174237299 bcsId: 4242} | ret=SUCCESS |  
2019-08-21 02:17:34,029 | INFO  | DNAudit | user=null | ip=null | op=WRITE_CHUNK {blockData=conID: 3 locID: 102652566174237299 bcsId: 4242} | ret=SUCCESS |  
2019-08-21 02:17:34,029 | INFO  | DNAudit | user=null | ip=null | op=WRITE_CHUNK {blockData=conID: 3 locID: 102652566174237299 bcsId: 4242} | ret=SUCCESS |  
2019-08-21 02:17:34,033 | INFO  | DNAudit | user=null | ip=null | op=WRITE_CHUNK {blockData=conID: 3 locID: 102652566174237299 bcsId: 4236} | ret=SUCCESS |  
2019-08-21 02:17:34,033 | INFO  | DNAudit | user=null | ip=null | op=WRITE_CHUNK {blockData=conID: 3 locID: 102652566174237299 bcsId: 4236} | ret=SUCCESS |  
2019-08-21 02:17:34,034 | INFO  | DNAudit | user=null | ip=null | op=PUT_BLOCK {blockData=[blockId=conID: 3 locID: 102652566174237299 bcsId: 0,size=3145728]} | ret=SUCCESS |  
2019-08-21 02:17:34,034 | INFO  | DNAudit | user=null | ip=null | op=PUT_BLOCK {blockData=[blockId=conID: 3 locID: 102652566174237299 bcsId: 0,size=3145728]} | ret=SUCCESS |  
2019-08-21 02:17:34,034 | INFO  | DNAudit | user=null | ip=null | op=WRITE_CHUNK {blockData=conID: 3 locID: 102652566174237299 bcsId: 4242} | ret=SUCCESS |  
2019-08-21 02:17:34,034 | INFO  | DNAudit | user=null | ip=null | op=PUT_BLOCK {blockData=[blockId=conID: 3 locID: 102652566174237299 bcsId: 0,size=4194304]} | ret=SUCCESS |  
2019-08-21 02:17:34,034 [grpc-default-executor-1] INFO  client.GrpcClientProtocolClient (GrpcClientProtocolClient.java:onNext(255)) - client-54CC064C3FCE->8224e767-71c1-41fc-a01a-d172d48fd9d8: receive RaftClientReply:client-54CC064C3FCE->8224e767-71c1-41fc-a01a-d172d48fd9d8@group-F6B37CC92441, cid=2843, SUCCESS, logIndex=4245, commits[8224e767-71c1-41fc-a01a-d172d48fd9d8:c4246, 6eae0c21-01aa-4169-956f-5952b26ea7ba:c4242, 8d7dcba1-3b82-4d94-a832-514ef5c79cf8:c4242]
2019-08-21 02:17:34,035 [grpc-default-executor-1] INFO  client.GrpcClientProtocolClient (GrpcClientProtocolClient.java:onNext(255)) - client-54CC064C3FCE->8224e767-71c1-41fc-a01a-d172d48fd9d8: receive RaftClientReply:client-54CC064C3FCE->8224e767-71c1-41fc-a01a-d172d48fd9d8@group-F6B37CC92441, cid=2844, SUCCESS, logIndex=4246, commits[8224e767-71c1-41fc-a01a-d172d48fd9d8:c4246, 6eae0c21-01aa-4169-956f-5952b26ea7ba:c4242, 8d7dcba1-3b82-4d94-a832-514ef5c79cf8:c4242]
2019-08-21 02:17:34,045 | INFO  | DNAudit | user=null | ip=null | op=WRITE_CHUNK {blockData=conID: 3 locID: 102652566174237299 bcsId: 4242} | ret=SUCCESS |  
2019-08-21 02:17:34,046 | INFO  | DNAudit | user=null | ip=null | op=WRITE_CHUNK {blockData=conID: 3 locID: 102652566174237299 bcsId: 4242} | ret=SUCCESS |  
2019-08-21 02:17:34,046 | INFO  | DNAudit | user=null | ip=null | op=PUT_BLOCK {blockData=[blockId=conID: 3 locID: 102652566174237299 bcsId: 0,size=4194304]} | ret=SUCCESS |  
2019-08-21 02:17:34,048 | INFO  | DNAudit | user=null | ip=null | op=PUT_BLOCK {blockData=[blockId=conID: 3 locID: 102652566174237299 bcsId: 0,size=4194304]} | ret=SUCCESS |  
2019-08-21 02:17:34,048 [grpc-default-executor-3] INFO  client.GrpcClientProtocolClient (GrpcClientProtocolClient.java:onNext(255)) - client-54CC064C3FCE->8224e767-71c1-41fc-a01a-d172d48fd9d8: receive RaftClientReply:client-54CC064C3FCE->8224e767-71c1-41fc-a01a-d172d48fd9d8@group-F6B37CC92441, cid=2845, SUCCESS, logIndex=0, commits[8224e767-71c1-41fc-a01a-d172d48fd9d8:c4247, 6eae0c21-01aa-4169-956f-5952b26ea7ba:c4246, 8d7dcba1-3b82-4d94-a832-514ef5c79cf8:c4246]
2019-08-21 02:17:34,053 | INFO  | SCMAudit | user=jenkins1000 | ip=192.168.34.10 | op=ALLOCATE_BLOCK {owner=b6f66289-f2a0-4058-b052-0a85e40df67b, size=4194304, type=RATIS, factor=THREE} | ret=SUCCESS |  
2019-08-21 02:17:34,056 | INFO  | OMAudit | user=jenkins1000 | ip=127.0.0.1 | op=ALLOCATE_BLOCK {volume=vol-0-90982, bucket=bucket-0-24269, key=key-0-81262, dataSize=0, replicationType=null, replicationFactor=null, keyLocationInfo=null, clientID=102652564580991378} | ret=SUCCESS |  
 0.00% |█                                                                                                    |  0/1 Time: 0:00:242019-08-21 02:17:34,163 | INFO  | SCMAudit | user=jenkins1000 | ip=192.168.34.10 | op=SEND_HEARTBEAT {datanodeUUID=8224e767-71c1-41fc-a01a-d172d48fd9d8, command=[]} | ret=SUCCESS |  
2019-08-21 02:17:34,163 | INFO  | SCMAudit | user=jenkins1000 | ip=192.168.34.10 | op=SEND_HEARTBEAT {datanodeUUID=6eae0c21-01aa-4169-956f-5952b26ea7ba, command=[]} | ret=SUCCESS |  
2019-08-21 02:17:34,163 | INFO  | SCMAudit | user=jenkins1000 | ip=192.168.34.10 | op=SEND_HEARTBEAT {datanodeUUID=8d7dcba1-3b82-4d94-a832-514ef5c79cf8, command=[]} | ret=SUCCESS |  
2019-08-21 02:17:34,163 | INFO  | SCMAudit | user=jenkins1000 | ip=192.168.34.10 | op=SEND_HEARTBEAT {datanodeUUID=3def7c30-cb13-4f41-8119-6188f246ad27, command=[]} | ret=SUCCESS |  
2019-08-21 02:17:34,163 | INFO  | DNAudit | user=null | ip=null | op=WRITE_CHUNK {blockData=conID: 1 locID: 102652566179218036 bcsId: 0} | ret=SUCCESS |  
2019-08-21 02:17:34,164 | INFO  | SCMAudit | user=jenkins1000 | ip=192.168.34.10 | op=SEND_HEARTBEAT {datanodeUUID=94764dae-819c-4b7e-92f1-9cd6c64427b7, command=[]} | ret=SUCCESS |  
2019-08-21 02:17:34,166 | INFO  | DNAudit | user=null | ip=null | op=WRITE_CHUNK {blockData=conID: 1 locID: 102652566179218036 bcsId: 0} | ret=SUCCESS |  
2019-08-21 02:17:34,167 | INFO  | DNAudit | user=null | ip=null | op=WRITE_CHUNK {blockData=conID: 1 locID: 102652566179218036 bcsId: 0} | ret=SUCCESS |  
2019-08-21 02:17:34,167 | INFO  | DNAudit | user=null | ip=null | op=WRITE_CHUNK {blockData=conID: 1 locID: 102652566179218036 bcsId: 0} | ret=SUCCESS |  
2019-08-21 02:17:34,169 | INFO  | DNAudit | user=null | ip=null | op=WRITE_CHUNK {blockData=conID: 1 locID: 102652566179218036 bcsId: 0} | ret=SUCCESS |  
2019-08-21 02:17:34,170 | INFO  | DNAudit | user=null | ip=null | op=WRITE_CHUNK {blockData=conID: 1 locID: 102652566179218036 bcsId: 0} | ret=SUCCESS |  
2019-08-21 02:17:34,181 | INFO  | DNAudit | user=null | ip=null | op=WRITE_CHUNK {blockData=conID: 1 locID: 102652566179218036 bcsId: 0} | ret=SUCCESS |  
2019-08-21 02:17:34,181 | INFO  | DNAudit | user=null | ip=null | op=PUT_BLOCK {blockData=[blockId=conID: 1 locID: 102652566179218036 bcsId: 0,size=1048576]} | ret=SUCCESS |  
2019-08-21 02:17:34,181 [grpc-default-executor-3] INFO  client.GrpcClientProtocolClient (GrpcClientProtocolClient.java:onNext(255)) - client-54CC064C3FCE->8224e767-71c1-41fc-a01a-d172d48fd9d8: receive RaftClientReply:client-54CC064C3FCE->8224e767-71c1-41fc-a01a-d172d48fd9d8@group-F6B37CC92441, cid=2846, SUCCESS, logIndex=4249, commits[8224e767-71c1-41fc-a01a-d172d48fd9d8:c4250, 6eae0c21-01aa-4169-956f-5952b26ea7ba:c4248, 8d7dcba1-3b82-4d94-a832-514ef5c79cf8:c4248]
2019-08-21 02:17:34,181 | INFO  | DNAudit | user=null | ip=null | op=WRITE_CHUNK {blockData=conID: 1 locID: 102652566179218036 bcsId: 0} | ret=SUCCESS |  
2019-08-21 02:17:34,182 | INFO  | DNAudit | user=null | ip=null | op=PUT_BLOCK {blockData=[blockId=conID: 1 locID: 102652566179218036 bcsId: 0,size=2097152]} | ret=SUCCESS |  
2019-08-21 02:17:34,182 [grpc-default-executor-3] INFO  client.GrpcClientProtocolClient (GrpcClientProtocolClient.java:onNext(255)) - client-54CC064C3FCE->8224e767-71c1-41fc-a01a-d172d48fd9d8: receive RaftClientReply:client-54CC064C3FCE->8224e767-71c1-41fc-a01a-d172d48fd9d8@group-F6B37CC92441, cid=2847, SUCCESS, logIndex=4250, commits[8224e767-71c1-41fc-a01a-d172d48fd9d8:c4250, 6eae0c21-01aa-4169-956f-5952b26ea7ba:c4248, 8d7dcba1-3b82-4d94-a832-514ef5c79cf8:c4248]
2019-08-21 02:17:34,182 [grpc-default-executor-3] INFO  client.GrpcClientProtocolClient (GrpcClientProtocolClient.java:onNext(255)) - client-54CC064C3FCE->8224e767-71c1-41fc-a01a-d172d48fd9d8: receive RaftClientReply:client-54CC064C3FCE->8224e767-71c1-41fc-a01a-d172d48fd9d8@group-F6B37CC92441, cid=2848, SUCCESS, logIndex=4251, commits[8224e767-71c1-41fc-a01a-d172d48fd9d8:c4252, 6eae0c21-01aa-4169-956f-5952b26ea7ba:c4248, 8d7dcba1-3b82-4d94-a832-514ef5c79cf8:c4248]
2019-08-21 02:17:34,182 [grpc-default-executor-3] INFO  client.GrpcClientProtocolClient (GrpcClientProtocolClient.java:onNext(255)) - client-54CC064C3FCE->8224e767-71c1-41fc-a01a-d172d48fd9d8: receive RaftClientReply:client-54CC064C3FCE->8224e767-71c1-41fc-a01a-d172d48fd9d8@group-F6B37CC92441, cid=2849, SUCCESS, logIndex=4252, commits[8224e767-71c1-41fc-a01a-d172d48fd9d8:c4252, 6eae0c21-01aa-4169-956f-5952b26ea7ba:c4248, 8d7dcba1-3b82-4d94-a832-514ef5c79cf8:c4248]
2019-08-21 02:17:34,194 | INFO  | DNAudit | user=null | ip=null | op=WRITE_CHUNK {blockData=conID: 1 locID: 102652566179218036 bcsId: 0} | ret=SUCCESS |  
2019-08-21 02:17:34,195 | INFO  | DNAudit | user=null | ip=null | op=PUT_BLOCK {blockData=[blockId=conID: 1 locID: 102652566179218036 bcsId: 0,size=1048576]} | ret=SUCCESS |  
2019-08-21 02:17:34,195 | INFO  | DNAudit | user=null | ip=null | op=WRITE_CHUNK {blockData=conID: 1 locID: 102652566179218036 bcsId: 0} | ret=SUCCESS |  
2019-08-21 02:17:34,195 | INFO  | DNAudit | user=null | ip=null | op=PUT_BLOCK {blockData=[blockId=conID: 1 locID: 102652566179218036 bcsId: 0,size=1048576]} | ret=SUCCESS |  
2019-08-21 02:17:34,196 | INFO  | DNAudit | user=null | ip=null | op=WRITE_CHUNK {blockData=conID: 1 locID: 102652566179218036 bcsId: 0} | ret=SUCCESS |  
2019-08-21 02:17:34,195 [grpc-default-executor-3] INFO  client.GrpcClientProtocolClient (GrpcClientProtocolClient.java:onNext(255)) - client-54CC064C3FCE->8224e767-71c1-41fc-a01a-d172d48fd9d8: receive RaftClientReply:client-54CC064C3FCE->8224e767-71c1-41fc-a01a-d172d48fd9d8@group-F6B37CC92441, cid=2850, SUCCESS, logIndex=0, commits[8224e767-71c1-41fc-a01a-d172d48fd9d8:c4254, 6eae0c21-01aa-4169-956f-5952b26ea7ba:c4250, 8d7dcba1-3b82-4d94-a832-514ef5c79cf8:c4250]
2019-08-21 02:17:34,196 | INFO  | DNAudit | user=null | ip=null | op=WRITE_CHUNK {blockData=conID: 1 locID: 102652566179218036 bcsId: 0} | ret=SUCCESS |  
2019-08-21 02:17:34,196 | INFO  | DNAudit | user=null | ip=null | op=PUT_BLOCK {blockData=[blockId=conID: 1 locID: 102652566179218036 bcsId: 0,size=2097152]} | ret=SUCCESS |  
2019-08-21 02:17:34,196 | INFO  | DNAudit | user=null | ip=null | op=PUT_BLOCK {blockData=[blockId=conID: 1 locID: 102652566179218036 bcsId: 0,size=2097152]} | ret=SUCCESS |  
2019-08-21 02:17:34,202 | INFO  | DNAudit | user=null | ip=null | op=WRITE_CHUNK {blockData=conID: 1 locID: 102652566179218036 bcsId: 4252} | ret=SUCCESS |  
2019-08-21 02:17:34,204 | INFO  | DNAudit | user=null | ip=null | op=WRITE_CHUNK {blockData=conID: 1 locID: 102652566179218036 bcsId: 4252} | ret=SUCCESS |  
2019-08-21 02:17:34,204 | INFO  | DNAudit | user=null | ip=null | op=WRITE_CHUNK {blockData=conID: 1 locID: 102652566179218036 bcsId: 4252} | ret=SUCCESS |  
2019-08-21 02:17:34,214 | INFO  | DNAudit | user=null | ip=null | op=WRITE_CHUNK {blockData=conID: 1 locID: 102652566179218036 bcsId: 4252} | ret=SUCCESS |  
2019-08-21 02:17:34,215 | INFO  | DNAudit | user=null | ip=null | op=PUT_BLOCK {blockData=[blockId=conID: 1 locID: 102652566179218036 bcsId: 0,size=3145728]} | ret=SUCCESS |  
2019-08-21 02:17:34,215 [grpc-default-executor-1] INFO  client.GrpcClientProtocolClient (GrpcClientProtocolClient.java:onNext(255)) - client-54CC064C3FCE->8224e767-71c1-41fc-a01a-d172d48fd9d8: receive RaftClientReply:client-54CC064C3FCE->8224e767-71c1-41fc-a01a-d172d48fd9d8@group-F6B37CC92441, cid=2851, SUCCESS, logIndex=4257, commits[8224e767-71c1-41fc-a01a-d172d48fd9d8:c4258, 6eae0c21-01aa-4169-956f-5952b26ea7ba:c4256, 8d7dcba1-3b82-4d94-a832-514ef5c79cf8:c4256]
2019-08-21 02:17:34,215 [grpc-default-executor-1] INFO  client.GrpcClientProtocolClient (GrpcClientProtocolClient.java:onNext(255)) - client-54CC064C3FCE->8224e767-71c1-41fc-a01a-d172d48fd9d8: receive RaftClientReply:client-54CC064C3FCE->8224e767-71c1-41fc-a01a-d172d48fd9d8@group-F6B37CC92441, cid=2852, SUCCESS, logIndex=4258, commits[8224e767-71c1-41fc-a01a-d172d48fd9d8:c4258, 6eae0c21-01aa-4169-956f-5952b26ea7ba:c4256, 8d7dcba1-3b82-4d94-a832-514ef5c79cf8:c4256]
2019-08-21 02:17:34,221 | INFO  | DNAudit | user=null | ip=null | op=WRITE_CHUNK {blockData=conID: 1 locID: 102652566179218036 bcsId: 4258} | ret=SUCCESS |  
2019-08-21 02:17:34,224 | INFO  | DNAudit | user=null | ip=null | op=WRITE_CHUNK {blockData=conID: 1 locID: 102652566179218036 bcsId: 4258} | ret=SUCCESS |  
2019-08-21 02:17:34,224 | INFO  | DNAudit | user=null | ip=null | op=WRITE_CHUNK {blockData=conID: 1 locID: 102652566179218036 bcsId: 4258} | ret=SUCCESS |  
2019-08-21 02:17:34,226 | INFO  | DNAudit | user=null | ip=null | op=WRITE_CHUNK {blockData=conID: 1 locID: 102652566179218036 bcsId: 4252} | ret=SUCCESS |  
2019-08-21 02:17:34,226 | INFO  | DNAudit | user=null | ip=null | op=WRITE_CHUNK {blockData=conID: 1 locID: 102652566179218036 bcsId: 4252} | ret=SUCCESS |  
2019-08-21 02:17:34,229 | INFO  | DNAudit | user=null | ip=null | op=PUT_BLOCK {blockData=[blockId=conID: 1 locID: 102652566179218036 bcsId: 0,size=3145728]} | ret=SUCCESS |  
2019-08-21 02:17:34,229 | INFO  | DNAudit | user=null | ip=null | op=PUT_BLOCK {blockData=[blockId=conID: 1 locID: 102652566179218036 bcsId: 0,size=3145728]} | ret=SUCCESS |  
2019-08-21 02:17:34,230 | INFO  | DNAudit | user=null | ip=null | op=WRITE_CHUNK {blockData=conID: 1 locID: 102652566179218036 bcsId: 4258} | ret=SUCCESS |  
2019-08-21 02:17:34,230 | INFO  | DNAudit | user=null | ip=null | op=PUT_BLOCK {blockData=[blockId=conID: 1 locID: 102652566179218036 bcsId: 0,size=4194304]} | ret=SUCCESS |  
2019-08-21 02:17:34,230 [grpc-default-executor-1] INFO  client.GrpcClientProtocolClient (GrpcClientProtocolClient.java:onNext(255)) - client-54CC064C3FCE->8224e767-71c1-41fc-a01a-d172d48fd9d8: receive RaftClientReply:client-54CC064C3FCE->8224e767-71c1-41fc-a01a-d172d48fd9d8@group-F6B37CC92441, cid=2853, SUCCESS, logIndex=4261, commits[8224e767-71c1-41fc-a01a-d172d48fd9d8:c4262, 6eae0c21-01aa-4169-956f-5952b26ea7ba:c4258, 8d7dcba1-3b82-4d94-a832-514ef5c79cf8:c4258]
2019-08-21 02:17:34,230 [grpc-default-executor-1] INFO  client.GrpcClientProtocolClient (GrpcClientProtocolClient.java:onNext(255)) - client-54CC064C3FCE->8224e767-71c1-41fc-a01a-d172d48fd9d8: receive RaftClientReply:client-54CC064C3FCE->8224e767-71c1-41fc-a01a-d172d48fd9d8@group-F6B37CC92441, cid=2854, SUCCESS, logIndex=4262, commits[8224e767-71c1-41fc-a01a-d172d48fd9d8:c4262, 6eae0c21-01aa-4169-956f-5952b26ea7ba:c4258, 8d7dcba1-3b82-4d94-a832-514ef5c79cf8:c4258]
2019-08-21 02:17:34,241 | INFO  | DNAudit | user=null | ip=null | op=WRITE_CHUNK {blockData=conID: 1 locID: 102652566179218036 bcsId: 4258} | ret=SUCCESS |  
2019-08-21 02:17:34,241 | INFO  | DNAudit | user=null | ip=null | op=WRITE_CHUNK {blockData=conID: 1 locID: 102652566179218036 bcsId: 4258} | ret=SUCCESS |  
2019-08-21 02:17:34,241 | INFO  | DNAudit | user=null | ip=null | op=PUT_BLOCK {blockData=[blockId=conID: 1 locID: 102652566179218036 bcsId: 0,size=4194304]} | ret=SUCCESS |  
2019-08-21 02:17:34,241 | INFO  | DNAudit | user=null | ip=null | op=PUT_BLOCK {blockData=[blockId=conID: 1 locID: 102652566179218036 bcsId: 0,size=4194304]} | ret=SUCCESS |  
2019-08-21 02:17:34,242 [grpc-default-executor-1] INFO  client.GrpcClientProtocolClient (GrpcClientProtocolClient.java:onNext(255)) - client-54CC064C3FCE->8224e767-71c1-41fc-a01a-d172d48fd9d8: receive RaftClientReply:client-54CC064C3FCE->8224e767-71c1-41fc-a01a-d172d48fd9d8@group-F6B37CC92441, cid=2855, SUCCESS, logIndex=0, commits[8224e767-71c1-41fc-a01a-d172d48fd9d8:c4263, 6eae0c21-01aa-4169-956f-5952b26ea7ba:c4262, 8d7dcba1-3b82-4d94-a832-514ef5c79cf8:c4262]
2019-08-21 02:17:34,247 | INFO  | SCMAudit | user=jenkins1000 | ip=192.168.34.10 | op=ALLOCATE_BLOCK {owner=b6f66289-f2a0-4058-b052-0a85e40df67b, size=4194304, type=RATIS, factor=THREE} | ret=SUCCESS |  
2019-08-21 02:17:34,250 | INFO  | OMAudit | user=jenkins1000 | ip=127.0.0.1 | op=ALLOCATE_BLOCK {volume=vol-0-90982, bucket=bucket-0-24269, key=key-0-81262, dataSize=0, replicationType=null, replicationFactor=null, keyLocationInfo=null, clientID=102652564580991378} | ret=SUCCESS |  
2019-08-21 02:17:34,257 | INFO  | DNAudit | user=null | ip=null | op=WRITE_CHUNK {blockData=conID: 2 locID: 102652566191932021 bcsId: 0} | ret=SUCCESS |  
2019-08-21 02:17:34,258 | INFO  | DNAudit | user=null | ip=null | op=WRITE_CHUNK {blockData=conID: 2 locID: 102652566191932021 bcsId: 0} | ret=SUCCESS |  
2019-08-21 02:17:34,258 | INFO  | DNAudit | user=null | ip=null | op=WRITE_CHUNK {blockData=conID: 2 locID: 102652566191932021 bcsId: 0} | ret=SUCCESS |  
2019-08-21 02:17:34,259 | INFO  | DNAudit | user=null | ip=null | op=WRITE_CHUNK {blockData=conID: 2 locID: 102652566191932021 bcsId: 0} | ret=SUCCESS |  
2019-08-21 02:17:34,260 | INFO  | DNAudit | user=null | ip=null | op=WRITE_CHUNK {blockData=conID: 2 locID: 102652566191932021 bcsId: 0} | ret=SUCCESS |  
2019-08-21 02:17:34,260 | INFO  | DNAudit | user=null | ip=null | op=WRITE_CHUNK {blockData=conID: 2 locID: 102652566191932021 bcsId: 0} | ret=SUCCESS |  
2019-08-21 02:17:34,271 | INFO  | DNAudit | user=null | ip=null | op=WRITE_CHUNK {blockData=conID: 2 locID: 102652566191932021 bcsId: 0} | ret=SUCCESS |  
2019-08-21 02:17:34,272 | INFO  | DNAudit | user=null | ip=null | op=PUT_BLOCK {blockData=[blockId=conID: 2 locID: 102652566191932021 bcsId: 0,size=1048576]} | ret=SUCCESS |  
2019-08-21 02:17:34,272 | INFO  | DNAudit | user=null | ip=null | op=WRITE_CHUNK {blockData=conID: 2 locID: 102652566191932021 bcsId: 0} | ret=SUCCESS |  
2019-08-21 02:17:34,272 [grpc-default-executor-1] INFO  client.GrpcClientProtocolClient (GrpcClientProtocolClient.java:onNext(255)) - client-54CC064C3FCE->8224e767-71c1-41fc-a01a-d172d48fd9d8: receive RaftClientReply:client-54CC064C3FCE->8224e767-71c1-41fc-a01a-d172d48fd9d8@group-F6B37CC92441, cid=2856, SUCCESS, logIndex=4265, commits[8224e767-71c1-41fc-a01a-d172d48fd9d8:c4267, 6eae0c21-01aa-4169-956f-5952b26ea7ba:c4264, 8d7dcba1-3b82-4d94-a832-514ef5c79cf8:c4264]
2019-08-21 02:17:34,272 | INFO  | DNAudit | user=null | ip=null | op=PUT_BLOCK {blockData=[blockId=conID: 2 locID: 102652566191932021 bcsId: 0,size=2097152]} | ret=SUCCESS |  
2019-08-21 02:17:34,272 [grpc-default-executor-1] INFO  client.GrpcClientProtocolClient (GrpcClientProtocolClient.java:onNext(255)) - client-54CC064C3FCE->8224e767-71c1-41fc-a01a-d172d48fd9d8: receive RaftClientReply:client-54CC064C3FCE->8224e767-71c1-41fc-a01a-d172d48fd9d8@group-F6B37CC92441, cid=2857, SUCCESS, logIndex=4266, commits[8224e767-71c1-41fc-a01a-d172d48fd9d8:c4268, 6eae0c21-01aa-4169-956f-5952b26ea7ba:c4264, 8d7dcba1-3b82-4d94-a832-514ef5c79cf8:c4264]
2019-08-21 02:17:34,272 [grpc-default-executor-1] INFO  client.GrpcClientProtocolClient (GrpcClientProtocolClient.java:onNext(255)) - client-54CC064C3FCE->8224e767-71c1-41fc-a01a-d172d48fd9d8: receive RaftClientReply:client-54CC064C3FCE->8224e767-71c1-41fc-a01a-d172d48fd9d8@group-F6B37CC92441, cid=2858, SUCCESS, logIndex=4267, commits[8224e767-71c1-41fc-a01a-d172d48fd9d8:c4268, 6eae0c21-01aa-4169-956f-5952b26ea7ba:c4264, 8d7dcba1-3b82-4d94-a832-514ef5c79cf8:c4264]
2019-08-21 02:17:34,273 [grpc-default-executor-1] INFO  client.GrpcClientProtocolClient (GrpcClientProtocolClient.java:onNext(255)) - client-54CC064C3FCE->8224e767-71c1-41fc-a01a-d172d48fd9d8: receive RaftClientReply:client-54CC064C3FCE->8224e767-71c1-41fc-a01a-d172d48fd9d8@group-F6B37CC92441, cid=2859, SUCCESS, logIndex=4268, commits[8224e767-71c1-41fc-a01a-d172d48fd9d8:c4268, 6eae0c21-01aa-4169-956f-5952b26ea7ba:c4264, 8d7dcba1-3b82-4d94-a832-514ef5c79cf8:c4264]
2019-08-21 02:17:34,282 | INFO  | DNAudit | user=null | ip=null | op=WRITE_CHUNK {blockData=conID: 2 locID: 102652566191932021 bcsId: 0} | ret=SUCCESS |  
2019-08-21 02:17:34,282 | INFO  | DNAudit | user=null | ip=null | op=WRITE_CHUNK {blockData=conID: 2 locID: 102652566191932021 bcsId: 0} | ret=SUCCESS |  
2019-08-21 02:17:34,283 | INFO  | DNAudit | user=null | ip=null | op=PUT_BLOCK {blockData=[blockId=conID: 2 locID: 102652566191932021 bcsId: 0,size=1048576]} | ret=SUCCESS |  
2019-08-21 02:17:34,283 | INFO  | DNAudit | user=null | ip=null | op=PUT_BLOCK {blockData=[blockId=conID: 2 locID: 102652566191932021 bcsId: 0,size=1048576]} | ret=SUCCESS |  
2019-08-21 02:17:34,283 | INFO  | DNAudit | user=null | ip=null | op=WRITE_CHUNK {blockData=conID: 2 locID: 102652566191932021 bcsId: 0} | ret=SUCCESS |  
2019-08-21 02:17:34,284 | INFO  | DNAudit | user=null | ip=null | op=PUT_BLOCK {blockData=[blockId=conID: 2 locID: 102652566191932021 bcsId: 0,size=2097152]} | ret=SUCCESS |  
2019-08-21 02:17:34,284 [grpc-default-executor-3] INFO  client.GrpcClientProtocolClient (GrpcClientProtocolClient.java:onNext(255)) - client-54CC064C3FCE->8224e767-71c1-41fc-a01a-d172d48fd9d8: receive RaftClientReply:client-54CC064C3FCE->8224e767-71c1-41fc-a01a-d172d48fd9d8@group-F6B37CC92441, cid=2860, SUCCESS, logIndex=0, commits[8224e767-71c1-41fc-a01a-d172d48fd9d8:c4270, 6eae0c21-01aa-4169-956f-5952b26ea7ba:c4266, 8d7dcba1-3b82-4d94-a832-514ef5c79cf8:c4266]
2019-08-21 02:17:34,284 | INFO  | DNAudit | user=null | ip=null | op=WRITE_CHUNK {blockData=conID: 2 locID: 102652566191932021 bcsId: 0} | ret=SUCCESS |  
2019-08-21 02:17:34,284 | INFO  | DNAudit | user=null | ip=null | op=PUT_BLOCK {blockData=[blockId=conID: 2 locID: 102652566191932021 bcsId: 0,size=2097152]} | ret=SUCCESS |  
2019-08-21 02:17:34,290 | INFO  | DNAudit | user=null | ip=null | op=WRITE_CHUNK {blockData=conID: 2 locID: 102652566191932021 bcsId: 4268} | ret=SUCCESS |  
2019-08-21 02:17:34,293 | INFO  | DNAudit | user=null | ip=null | op=WRITE_CHUNK {blockData=conID: 2 locID: 102652566191932021 bcsId: 4268} | ret=SUCCESS |  
2019-08-21 02:17:34,293 | INFO  | DNAudit | user=null | ip=null | op=WRITE_CHUNK {blockData=conID: 2 locID: 102652566191932021 bcsId: 4268} | ret=SUCCESS |  
2019-08-21 02:17:34,302 | INFO  | DNAudit | user=null | ip=null | op=WRITE_CHUNK {blockData=conID: 2 locID: 102652566191932021 bcsId: 4268} | ret=SUCCESS |  
2019-08-21 02:17:34,303 | INFO  | DNAudit | user=null | ip=null | op=PUT_BLOCK {blockData=[blockId=conID: 2 locID: 102652566191932021 bcsId: 0,size=3145728]} | ret=SUCCESS |  
2019-08-21 02:17:34,303 [grpc-default-executor-1] INFO  client.GrpcClientProtocolClient (GrpcClientProtocolClient.java:onNext(255)) - client-54CC064C3FCE->8224e767-71c1-41fc-a01a-d172d48fd9d8: receive RaftClientReply:client-54CC064C3FCE->8224e767-71c1-41fc-a01a-d172d48fd9d8@group-F6B37CC92441, cid=2861, SUCCESS, logIndex=4273, commits[8224e767-71c1-41fc-a01a-d172d48fd9d8:c4274, 6eae0c21-01aa-4169-956f-5952b26ea7ba:c4272, 8d7dcba1-3b82-4d94-a832-514ef5c79cf8:c4272]
2019-08-21 02:17:34,304 [grpc-default-executor-1] INFO  client.GrpcClientProtocolClient (GrpcClientProtocolClient.java:onNext(255)) - client-54CC064C3FCE->8224e767-71c1-41fc-a01a-d172d48fd9d8: receive RaftClientReply:client-54CC064C3FCE->8224e767-71c1-41fc-a01a-d172d48fd9d8@group-F6B37CC92441, cid=2862, SUCCESS, logIndex=4274, commits[8224e767-71c1-41fc-a01a-d172d48fd9d8:c4274, 6eae0c21-01aa-4169-956f-5952b26ea7ba:c4272, 8d7dcba1-3b82-4d94-a832-514ef5c79cf8:c4272]
2019-08-21 02:17:34,310 | INFO  | DNAudit | user=null | ip=null | op=WRITE_CHUNK {blockData=conID: 2 locID: 102652566191932021 bcsId: 4274} | ret=SUCCESS |  
2019-08-21 02:17:34,312 | INFO  | DNAudit | user=null | ip=null | op=WRITE_CHUNK {blockData=conID: 2 locID: 102652566191932021 bcsId: 4274} | ret=SUCCESS |  
2019-08-21 02:17:34,312 | INFO  | DNAudit | user=null | ip=null | op=WRITE_CHUNK {blockData=conID: 2 locID: 102652566191932021 bcsId: 4274} | ret=SUCCESS |  
2019-08-21 02:17:34,314 | INFO  | DNAudit | user=null | ip=null | op=WRITE_CHUNK {blockData=conID: 2 locID: 102652566191932021 bcsId: 4268} | ret=SUCCESS |  
2019-08-21 02:17:34,314 | INFO  | DNAudit | user=null | ip=null | op=WRITE_CHUNK {blockData=conID: 2 locID: 102652566191932021 bcsId: 4268} | ret=SUCCESS |  
2019-08-21 02:17:34,317 | INFO  | DNAudit | user=null | ip=null | op=PUT_BLOCK {blockData=[blockId=conID: 2 locID: 102652566191932021 bcsId: 0,size=3145728]} | ret=SUCCESS |  
2019-08-21 02:17:34,317 | INFO  | DNAudit | user=null | ip=null | op=PUT_BLOCK {blockData=[blockId=conID: 2 locID: 102652566191932021 bcsId: 0,size=3145728]} | ret=SUCCESS |  
2019-08-21 02:17:34,317 | INFO  | DNAudit | user=null | ip=null | op=WRITE_CHUNK {blockData=conID: 2 locID: 102652566191932021 bcsId: 4274} | ret=SUCCESS |  
2019-08-21 02:17:34,318 | INFO  | DNAudit | user=null | ip=null | op=PUT_BLOCK {blockData=[blockId=conID: 2 locID: 102652566191932021 bcsId: 0,size=4194304]} | ret=SUCCESS |  
2019-08-21 02:17:34,318 [grpc-default-executor-3] INFO  client.GrpcClientProtocolClient (GrpcClientProtocolClient.java:onNext(255)) - client-54CC064C3FCE->8224e767-71c1-41fc-a01a-d172d48fd9d8: receive RaftClientReply:client-54CC064C3FCE->8224e767-71c1-41fc-a01a-d172d48fd9d8@group-F6B37CC92441, cid=2863, SUCCESS, logIndex=4277, commits[8224e767-71c1-41fc-a01a-d172d48fd9d8:c4278, 6eae0c21-01aa-4169-956f-5952b26ea7ba:c4274, 8d7dcba1-3b82-4d94-a832-514ef5c79cf8:c4274]
2019-08-21 02:17:34,318 [grpc-default-executor-3] INFO  client.GrpcClientProtocolClient (GrpcClientProtocolClient.java:onNext(255)) - client-54CC064C3FCE->8224e767-71c1-41fc-a01a-d172d48fd9d8: receive RaftClientReply:client-54CC064C3FCE->8224e767-71c1-41fc-a01a-d172d48fd9d8@group-F6B37CC92441, cid=2864, SUCCESS, logIndex=4278, commits[8224e767-71c1-41fc-a01a-d172d48fd9d8:c4278, 6eae0c21-01aa-4169-956f-5952b26ea7ba:c4274, 8d7dcba1-3b82-4d94-a832-514ef5c79cf8:c4274]
2019-08-21 02:17:34,329 | INFO  | DNAudit | user=null | ip=null | op=WRITE_CHUNK {blockData=conID: 2 locID: 102652566191932021 bcsId: 4274} | ret=SUCCESS |  
2019-08-21 02:17:34,329 | INFO  | DNAudit | user=null | ip=null | op=WRITE_CHUNK {blockData=conID: 2 locID: 102652566191932021 bcsId: 4274} | ret=SUCCESS |  
2019-08-21 02:17:34,329 | INFO  | DNAudit | user=null | ip=null | op=PUT_BLOCK {blockData=[blockId=conID: 2 locID: 102652566191932021 bcsId: 0,size=4194304]} | ret=SUCCESS |  
2019-08-21 02:17:34,329 | INFO  | DNAudit | user=null | ip=null | op=PUT_BLOCK {blockData=[blockId=conID: 2 locID: 102652566191932021 bcsId: 0,size=4194304]} | ret=SUCCESS |  
2019-08-21 02:17:34,329 [grpc-default-executor-3] INFO  client.GrpcClientProtocolClient (GrpcClientProtocolClient.java:onNext(255)) - client-54CC064C3FCE->8224e767-71c1-41fc-a01a-d172d48fd9d8: receive RaftClientReply:client-54CC064C3FCE->8224e767-71c1-41fc-a01a-d172d48fd9d8@group-F6B37CC92441, cid=2865, SUCCESS, logIndex=0, commits[8224e767-71c1-41fc-a01a-d172d48fd9d8:c4279, 6eae0c21-01aa-4169-956f-5952b26ea7ba:c4278, 8d7dcba1-3b82-4d94-a832-514ef5c79cf8:c4278]
2019-08-21 02:17:34,334 | INFO  | SCMAudit | user=jenkins1000 | ip=192.168.34.10 | op=ALLOCATE_BLOCK {owner=b6f66289-f2a0-4058-b052-0a85e40df67b, size=4194304, type=RATIS, factor=THREE} | ret=SUCCESS |  
2019-08-21 02:17:34,337 | INFO  | OMAudit | user=jenkins1000 | ip=127.0.0.1 | op=ALLOCATE_BLOCK {volume=vol-0-90982, bucket=bucket-0-24269, key=key-0-81262, dataSize=0, replicationType=null, replicationFactor=null, keyLocationInfo=null, clientID=102652564580991378} | ret=SUCCESS |  
2019-08-21 02:17:34,344 | INFO  | DNAudit | user=null | ip=null | op=WRITE_CHUNK {blockData=conID: 3 locID: 102652566197568118 bcsId: 0} | ret=SUCCESS |  
2019-08-21 02:17:34,345 | INFO  | DNAudit | user=null | ip=null | op=WRITE_CHUNK {blockData=conID: 3 locID: 102652566197568118 bcsId: 0} | ret=SUCCESS |  
2019-08-21 02:17:34,345 | INFO  | DNAudit | user=null | ip=null | op=WRITE_CHUNK {blockData=conID: 3 locID: 102652566197568118 bcsId: 0} | ret=SUCCESS |  
2019-08-21 02:17:34,346 | INFO  | DNAudit | user=null | ip=null | op=WRITE_CHUNK {blockData=conID: 3 locID: 102652566197568118 bcsId: 0} | ret=SUCCESS |  
2019-08-21 02:17:34,347 | INFO  | DNAudit | user=null | ip=null | op=WRITE_CHUNK {blockData=conID: 3 locID: 102652566197568118 bcsId: 0} | ret=SUCCESS |  
2019-08-21 02:17:34,347 | INFO  | DNAudit | user=null | ip=null | op=WRITE_CHUNK {blockData=conID: 3 locID: 102652566197568118 bcsId: 0} | ret=SUCCESS |  
2019-08-21 02:17:34,357 | INFO  | DNAudit | user=null | ip=null | op=WRITE_CHUNK {blockData=conID: 3 locID: 102652566197568118 bcsId: 0} | ret=SUCCESS |  
2019-08-21 02:17:34,358 | INFO  | DNAudit | user=null | ip=null | op=PUT_BLOCK {blockData=[blockId=conID: 3 locID: 102652566197568118 bcsId: 0,size=1048576]} | ret=SUCCESS |  
2019-08-21 02:17:34,358 [grpc-default-executor-3] INFO  client.GrpcClientProtocolClient (GrpcClientProtocolClient.java:onNext(255)) - client-54CC064C3FCE->8224e767-71c1-41fc-a01a-d172d48fd9d8: receive RaftClientReply:client-54CC064C3FCE->8224e767-71c1-41fc-a01a-d172d48fd9d8@group-F6B37CC92441, cid=2866, SUCCESS, logIndex=4281, commits[8224e767-71c1-41fc-a01a-d172d48fd9d8:c4283, 6eae0c21-01aa-4169-956f-5952b26ea7ba:c4280, 8d7dcba1-3b82-4d94-a832-514ef5c79cf8:c4280]
2019-08-21 02:17:34,358 | INFO  | DNAudit | user=null | ip=null | op=WRITE_CHUNK {blockData=conID: 3 locID: 102652566197568118 bcsId: 0} | ret=SUCCESS |  
2019-08-21 02:17:34,358 [grpc-default-executor-3] INFO  client.GrpcClientProtocolClient (GrpcClientProtocolClient.java:onNext(255)) - client-54CC064C3FCE->8224e767-71c1-41fc-a01a-d172d48fd9d8: receive RaftClientReply:client-54CC064C3FCE->8224e767-71c1-41fc-a01a-d172d48fd9d8@group-F6B37CC92441, cid=2867, SUCCESS, logIndex=4282, commits[8224e767-71c1-41fc-a01a-d172d48fd9d8:c4284, 6eae0c21-01aa-4169-956f-5952b26ea7ba:c4280, 8d7dcba1-3b82-4d94-a832-514ef5c79cf8:c4280]
2019-08-21 02:17:34,359 | INFO  | DNAudit | user=null | ip=null | op=PUT_BLOCK {blockData=[blockId=conID: 3 locID: 102652566197568118 bcsId: 0,size=2097152]} | ret=SUCCESS |  
2019-08-21 02:17:34,359 [grpc-default-executor-3] INFO  client.GrpcClientProtocolClient (GrpcClientProtocolClient.java:onNext(255)) - client-54CC064C3FCE->8224e767-71c1-41fc-a01a-d172d48fd9d8: receive RaftClientReply:client-54CC064C3FCE->8224e767-71c1-41fc-a01a-d172d48fd9d8@group-F6B37CC92441, cid=2868, SUCCESS, logIndex=4283, commits[8224e767-71c1-41fc-a01a-d172d48fd9d8:c4284, 6eae0c21-01aa-4169-956f-5952b26ea7ba:c4280, 8d7dcba1-3b82-4d94-a832-514ef5c79cf8:c4280]
2019-08-21 02:17:34,359 | INFO  | DNAudit | user=null | ip=null | op=WRITE_CHUNK {blockData=conID: 3 locID: 102652566197568118 bcsId: 0} | ret=SUCCESS |  
2019-08-21 02:17:34,359 [grpc-default-executor-3] INFO  client.GrpcClientProtocolClient (GrpcClientProtocolClient.java:onNext(255)) - client-54CC064C3FCE->8224e767-71c1-41fc-a01a-d172d48fd9d8: receive RaftClientReply:client-54CC064C3FCE->8224e767-71c1-41fc-a01a-d172d48fd9d8@group-F6B37CC92441, cid=2869, SUCCESS, logIndex=4284, commits[8224e767-71c1-41fc-a01a-d172d48fd9d8:c4284, 6eae0c21-01aa-4169-956f-5952b26ea7ba:c4280, 8d7dcba1-3b82-4d94-a832-514ef5c79cf8:c4280]
2019-08-21 02:17:34,359 | INFO  | DNAudit | user=null | ip=null | op=WRITE_CHUNK {blockData=conID: 3 locID: 102652566197568118 bcsId: 0} | ret=SUCCESS |  
2019-08-21 02:17:34,360 | INFO  | DNAudit | user=null | ip=null | op=PUT_BLOCK {blockData=[blockId=conID: 3 locID: 102652566197568118 bcsId: 0,size=1048576]} | ret=SUCCESS |  
2019-08-21 02:17:34,362 | INFO  | DNAudit | user=null | ip=null | op=PUT_BLOCK {blockData=[blockId=conID: 3 locID: 102652566197568118 bcsId: 0,size=1048576]} | ret=SUCCESS |  
2019-08-21 02:17:34,362 | INFO  | DNAudit | user=null | ip=null | op=WRITE_CHUNK {blockData=conID: 3 locID: 102652566197568118 bcsId: 0} | ret=SUCCESS |  
2019-08-21 02:17:34,362 | INFO  | DNAudit | user=null | ip=null | op=WRITE_CHUNK {blockData=conID: 3 locID: 102652566197568118 bcsId: 0} | ret=SUCCESS |  
2019-08-21 02:17:34,362 | INFO  | DNAudit | user=null | ip=null | op=PUT_BLOCK {blockData=[blockId=conID: 3 locID: 102652566197568118 bcsId: 0,size=2097152]} | ret=SUCCESS |  
2019-08-21 02:17:34,362 | INFO  | DNAudit | user=null | ip=null | op=PUT_BLOCK {blockData=[blockId=conID: 3 locID: 102652566197568118 bcsId: 0,size=2097152]} | ret=SUCCESS |  
2019-08-21 02:17:34,363 [grpc-default-executor-3] INFO  client.GrpcClientProtocolClient (GrpcClientProtocolClient.java:onNext(255)) - client-54CC064C3FCE->8224e767-71c1-41fc-a01a-d172d48fd9d8: receive RaftClientReply:client-54CC064C3FCE->8224e767-71c1-41fc-a01a-d172d48fd9d8@group-F6B37CC92441, cid=2870, SUCCESS, logIndex=0, commits[8224e767-71c1-41fc-a01a-d172d48fd9d8:c4286, 6eae0c21-01aa-4169-956f-5952b26ea7ba:c4282, 8d7dcba1-3b82-4d94-a832-514ef5c79cf8:c4282]
2019-08-21 02:17:34,370 | INFO  | DNAudit | user=null | ip=null | op=WRITE_CHUNK {blockData=conID: 3 locID: 102652566197568118 bcsId: 4284} | ret=SUCCESS |  
2019-08-21 02:17:34,372 | INFO  | DNAudit | user=null | ip=null | op=WRITE_CHUNK {blockData=conID: 3 locID: 102652566197568118 bcsId: 4284} | ret=SUCCESS |  
2019-08-21 02:17:34,372 | INFO  | DNAudit | user=null | ip=null | op=WRITE_CHUNK {blockData=conID: 3 locID: 102652566197568118 bcsId: 4284} | ret=SUCCESS |  
2019-08-21 02:17:34,374 | INFO  | DNAudit | user=null | ip=null | op=WRITE_CHUNK {blockData=conID: 3 locID: 102652566197568118 bcsId: 4284} | ret=SUCCESS |  
2019-08-21 02:17:34,375 | INFO  | DNAudit | user=null | ip=null | op=PUT_BLOCK {blockData=[blockId=conID: 3 locID: 102652566197568118 bcsId: 0,size=3145728]} | ret=SUCCESS |  
2019-08-21 02:17:34,375 [grpc-default-executor-4] INFO  client.GrpcClientProtocolClient (GrpcClientProtocolClient.java:onNext(255)) - client-54CC064C3FCE->8224e767-71c1-41fc-a01a-d172d48fd9d8: receive RaftClientReply:client-54CC064C3FCE->8224e767-71c1-41fc-a01a-d172d48fd9d8@group-F6B37CC92441, cid=2871, SUCCESS, logIndex=4289, commits[8224e767-71c1-41fc-a01a-d172d48fd9d8:c4290, 6eae0c21-01aa-4169-956f-5952b26ea7ba:c4288, 8d7dcba1-3b82-4d94-a832-514ef5c79cf8:c4284]
2019-08-21 02:17:34,375 [grpc-default-executor-4] INFO  client.GrpcClientProtocolClient (GrpcClientProtocolClient.java:onNext(255)) - client-54CC064C3FCE->8224e767-71c1-41fc-a01a-d172d48fd9d8: receive RaftClientReply:client-54CC064C3FCE->8224e767-71c1-41fc-a01a-d172d48fd9d8@group-F6B37CC92441, cid=2872, SUCCESS, logIndex=4290, commits[8224e767-71c1-41fc-a01a-d172d48fd9d8:c4290, 6eae0c21-01aa-4169-956f-5952b26ea7ba:c4288, 8d7dcba1-3b82-4d94-a832-514ef5c79cf8:c4288]
2019-08-21 02:17:34,376 | INFO  | DNAudit | user=null | ip=null | op=WRITE_CHUNK {blockData=conID: 3 locID: 102652566197568118 bcsId: 4284} | ret=SUCCESS |  
2019-08-21 02:17:34,376 | INFO  | DNAudit | user=null | ip=null | op=WRITE_CHUNK {blockData=conID: 3 locID: 102652566197568118 bcsId: 4284} | ret=SUCCESS |  
2019-08-21 02:17:34,376 | INFO  | DNAudit | user=null | ip=null | op=PUT_BLOCK {blockData=[blockId=conID: 3 locID: 102652566197568118 bcsId: 0,size=3145728]} | ret=SUCCESS |  
2019-08-21 02:17:34,376 | INFO  | DNAudit | user=null | ip=null | op=PUT_BLOCK {blockData=[blockId=conID: 3 locID: 102652566197568118 bcsId: 0,size=3145728]} | ret=SUCCESS |  
2019-08-21 02:17:34,381 | INFO  | DNAudit | user=null | ip=null | op=WRITE_CHUNK {blockData=conID: 3 locID: 102652566197568118 bcsId: 4290} | ret=SUCCESS |  
2019-08-21 02:17:34,383 | INFO  | DNAudit | user=null | ip=null | op=WRITE_CHUNK {blockData=conID: 3 locID: 102652566197568118 bcsId: 4290} | ret=SUCCESS |  
2019-08-21 02:17:34,384 | INFO  | DNAudit | user=null | ip=null | op=WRITE_CHUNK {blockData=conID: 3 locID: 102652566197568118 bcsId: 4290} | ret=SUCCESS |  
2019-08-21 02:17:34,386 | INFO  | DNAudit | user=null | ip=null | op=WRITE_CHUNK {blockData=conID: 3 locID: 102652566197568118 bcsId: 4290} | ret=SUCCESS |  
2019-08-21 02:17:34,386 | INFO  | DNAudit | user=null | ip=null | op=PUT_BLOCK {blockData=[blockId=conID: 3 locID: 102652566197568118 bcsId: 0,size=4194304]} | ret=SUCCESS |  
2019-08-21 02:17:34,386 [grpc-default-executor-1] INFO  client.GrpcClientProtocolClient (GrpcClientProtocolClient.java:onNext(255)) - client-54CC064C3FCE->8224e767-71c1-41fc-a01a-d172d48fd9d8: receive RaftClientReply:client-54CC064C3FCE->8224e767-71c1-41fc-a01a-d172d48fd9d8@group-F6B37CC92441, cid=2873, SUCCESS, logIndex=4293, commits[8224e767-71c1-41fc-a01a-d172d48fd9d8:c4294, 6eae0c21-01aa-4169-956f-5952b26ea7ba:c4292, 8d7dcba1-3b82-4d94-a832-514ef5c79cf8:c4292]
2019-08-21 02:17:34,387 [grpc-default-executor-1] INFO  client.GrpcClientProtocolClient (GrpcClientProtocolClient.java:onNext(255)) - client-54CC064C3FCE->8224e767-71c1-41fc-a01a-d172d48fd9d8: receive RaftClientReply:client-54CC064C3FCE->8224e767-71c1-41fc-a01a-d172d48fd9d8@group-F6B37CC92441, cid=2874, SUCCESS, logIndex=4294, commits[8224e767-71c1-41fc-a01a-d172d48fd9d8:c4294, 6eae0c21-01aa-4169-956f-5952b26ea7ba:c4292, 8d7dcba1-3b82-4d94-a832-514ef5c79cf8:c4292]
2019-08-21 02:17:34,387 | INFO  | DNAudit | user=null | ip=null | op=WRITE_CHUNK {blockData=conID: 3 locID: 102652566197568118 bcsId: 4290} | ret=SUCCESS |  
2019-08-21 02:17:34,387 | INFO  | DNAudit | user=null | ip=null | op=WRITE_CHUNK {blockData=conID: 3 locID: 102652566197568118 bcsId: 4290} | ret=SUCCESS |  
2019-08-21 02:17:34,387 | INFO  | DNAudit | user=null | ip=null | op=PUT_BLOCK {blockData=[blockId=conID: 3 locID: 102652566197568118 bcsId: 0,size=4194304]} | ret=SUCCESS |  
2019-08-21 02:17:34,389 | INFO  | DNAudit | user=null | ip=null | op=PUT_BLOCK {blockData=[blockId=conID: 3 locID: 102652566197568118 bcsId: 0,size=4194304]} | ret=SUCCESS |  
2019-08-21 02:17:34,389 [grpc-default-executor-4] INFO  client.GrpcClientProtocolClient (GrpcClientProtocolClient.java:onNext(255)) - client-54CC064C3FCE->8224e767-71c1-41fc-a01a-d172d48fd9d8: receive RaftClientReply:client-54CC064C3FCE->8224e767-71c1-41fc-a01a-d172d48fd9d8@group-F6B37CC92441, cid=2875, SUCCESS, logIndex=0, commits[8224e767-71c1-41fc-a01a-d172d48fd9d8:c4296, 6eae0c21-01aa-4169-956f-5952b26ea7ba:c4294, 8d7dcba1-3b82-4d94-a832-514ef5c79cf8:c4294]
2019-08-21 02:17:34,396 | INFO  | SCMAudit | user=jenkins1000 | ip=192.168.34.10 | op=ALLOCATE_BLOCK {owner=b6f66289-f2a0-4058-b052-0a85e40df67b, size=4194304, type=RATIS, factor=THREE} | ret=SUCCESS |  
2019-08-21 02:17:34,401 | INFO  | OMAudit | user=jenkins1000 | ip=127.0.0.1 | op=ALLOCATE_BLOCK {volume=vol-0-90982, bucket=bucket-0-24269, key=key-0-81262, dataSize=0, replicationType=null, replicationFactor=null, keyLocationInfo=null, clientID=102652564580991378} | ret=SUCCESS |  
2019-08-21 02:17:34,408 | INFO  | DNAudit | user=null | ip=null | op=WRITE_CHUNK {blockData=conID: 1 locID: 102652566201696887 bcsId: 0} | ret=SUCCESS |  
2019-08-21 02:17:34,410 | INFO  | DNAudit | user=null | ip=null | op=WRITE_CHUNK {blockData=conID: 1 locID: 102652566201696887 bcsId: 0} | ret=SUCCESS |  
2019-08-21 02:17:34,411 | INFO  | DNAudit | user=null | ip=null | op=WRITE_CHUNK {blockData=conID: 1 locID: 102652566201696887 bcsId: 0} | ret=SUCCESS |  
2019-08-21 02:17:34,411 | INFO  | DNAudit | user=null | ip=null | op=WRITE_CHUNK {blockData=conID: 1 locID: 102652566201696887 bcsId: 0} | ret=SUCCESS |  
2019-08-21 02:17:34,413 | INFO  | DNAudit | user=null | ip=null | op=WRITE_CHUNK {blockData=conID: 1 locID: 102652566201696887 bcsId: 0} | ret=SUCCESS |  
2019-08-21 02:17:34,413 | INFO  | DNAudit | user=null | ip=null | op=PUT_BLOCK {blockData=[blockId=conID: 1 locID: 102652566201696887 bcsId: 0,size=1048576]} | ret=SUCCESS |  
2019-08-21 02:17:34,413 | INFO  | DNAudit | user=null | ip=null | op=WRITE_CHUNK {blockData=conID: 1 locID: 102652566201696887 bcsId: 0} | ret=SUCCESS |  
2019-08-21 02:17:34,413 [grpc-default-executor-1] INFO  client.GrpcClientProtocolClient (GrpcClientProtocolClient.java:onNext(255)) - client-54CC064C3FCE->8224e767-71c1-41fc-a01a-d172d48fd9d8: receive RaftClientReply:client-54CC064C3FCE->8224e767-71c1-41fc-a01a-d172d48fd9d8@group-F6B37CC92441, cid=2876, SUCCESS, logIndex=4297, commits[8224e767-71c1-41fc-a01a-d172d48fd9d8:c4298, 6eae0c21-01aa-4169-956f-5952b26ea7ba:c4296, 8d7dcba1-3b82-4d94-a832-514ef5c79cf8:c4296]
2019-08-21 02:17:34,413 | INFO  | DNAudit | user=null | ip=null | op=WRITE_CHUNK {blockData=conID: 1 locID: 102652566201696887 bcsId: 0} | ret=SUCCESS |  
2019-08-21 02:17:34,414 [grpc-default-executor-1] INFO  client.GrpcClientProtocolClient (GrpcClientProtocolClient.java:onNext(255)) - client-54CC064C3FCE->8224e767-71c1-41fc-a01a-d172d48fd9d8: receive RaftClientReply:client-54CC064C3FCE->8224e767-71c1-41fc-a01a-d172d48fd9d8@group-F6B37CC92441, cid=2877, SUCCESS, logIndex=4298, commits[8224e767-71c1-41fc-a01a-d172d48fd9d8:c4298, 6eae0c21-01aa-4169-956f-5952b26ea7ba:c4296, 8d7dcba1-3b82-4d94-a832-514ef5c79cf8:c4296]
2019-08-21 02:17:34,416 | INFO  | DNAudit | user=null | ip=null | op=WRITE_CHUNK {blockData=conID: 1 locID: 102652566201696887 bcsId: 0} | ret=SUCCESS |  
2019-08-21 02:17:34,416 | INFO  | DNAudit | user=null | ip=null | op=WRITE_CHUNK {blockData=conID: 1 locID: 102652566201696887 bcsId: 0} | ret=SUCCESS |  
2019-08-21 02:17:34,416 | INFO  | DNAudit | user=null | ip=null | op=PUT_BLOCK {blockData=[blockId=conID: 1 locID: 102652566201696887 bcsId: 0,size=1048576]} | ret=SUCCESS |  
2019-08-21 02:17:34,416 | INFO  | DNAudit | user=null | ip=null | op=WRITE_CHUNK {blockData=conID: 1 locID: 102652566201696887 bcsId: 0} | ret=SUCCESS |  
2019-08-21 02:17:34,416 | INFO  | DNAudit | user=null | ip=null | op=PUT_BLOCK {blockData=[blockId=conID: 1 locID: 102652566201696887 bcsId: 0,size=2097152]} | ret=SUCCESS |  
2019-08-21 02:17:34,416 | INFO  | DNAudit | user=null | ip=null | op=PUT_BLOCK {blockData=[blockId=conID: 1 locID: 102652566201696887 bcsId: 0,size=1048576]} | ret=SUCCESS |  
2019-08-21 02:17:34,416 [grpc-default-executor-4] INFO  client.GrpcClientProtocolClient (GrpcClientProtocolClient.java:onNext(255)) - client-54CC064C3FCE->8224e767-71c1-41fc-a01a-d172d48fd9d8: receive RaftClientReply:client-54CC064C3FCE->8224e767-71c1-41fc-a01a-d172d48fd9d8@group-F6B37CC92441, cid=2878, SUCCESS, logIndex=4299, commits[8224e767-71c1-41fc-a01a-d172d48fd9d8:c4301, 6eae0c21-01aa-4169-956f-5952b26ea7ba:c4298, 8d7dcba1-3b82-4d94-a832-514ef5c79cf8:c4296]
2019-08-21 02:17:34,417 [grpc-default-executor-4] INFO  client.GrpcClientProtocolClient (GrpcClientProtocolClient.java:onNext(255)) - client-54CC064C3FCE->8224e767-71c1-41fc-a01a-d172d48fd9d8: receive RaftClientReply:client-54CC064C3FCE->8224e767-71c1-41fc-a01a-d172d48fd9d8@group-F6B37CC92441, cid=2879, SUCCESS, logIndex=4300, commits[8224e767-71c1-41fc-a01a-d172d48fd9d8:c4302, 6eae0c21-01aa-4169-956f-5952b26ea7ba:c4298, 8d7dcba1-3b82-4d94-a832-514ef5c79cf8:c4298]
2019-08-21 02:17:34,417 | INFO  | DNAudit | user=null | ip=null | op=WRITE_CHUNK {blockData=conID: 1 locID: 102652566201696887 bcsId: 0} | ret=SUCCESS |  
2019-08-21 02:17:34,418 | INFO  | DNAudit | user=null | ip=null | op=WRITE_CHUNK {blockData=conID: 1 locID: 102652566201696887 bcsId: 0} | ret=SUCCESS |  
2019-08-21 02:17:34,419 | INFO  | DNAudit | user=null | ip=null | op=PUT_BLOCK {blockData=[blockId=conID: 1 locID: 102652566201696887 bcsId: 0,size=2097152]} | ret=SUCCESS |  
2019-08-21 02:17:34,420 | INFO  | DNAudit | user=null | ip=null | op=PUT_BLOCK {blockData=[blockId=conID: 1 locID: 102652566201696887 bcsId: 0,size=2097152]} | ret=SUCCESS |  
2019-08-21 02:17:34,422 | INFO  | DNAudit | user=null | ip=null | op=WRITE_CHUNK {blockData=conID: 1 locID: 102652566201696887 bcsId: 4300} | ret=SUCCESS |  
2019-08-21 02:17:34,426 | INFO  | DNAudit | user=null | ip=null | op=WRITE_CHUNK {blockData=conID: 1 locID: 102652566201696887 bcsId: 4300} | ret=SUCCESS |  
2019-08-21 02:17:34,427 | INFO  | DNAudit | user=null | ip=null | op=WRITE_CHUNK {blockData=conID: 1 locID: 102652566201696887 bcsId: 4300} | ret=SUCCESS |  
2019-08-21 02:17:34,440 | INFO  | DNAudit | user=null | ip=null | op=WRITE_CHUNK {blockData=conID: 1 locID: 102652566201696887 bcsId: 4300} | ret=SUCCESS |  
2019-08-21 02:17:34,441 | INFO  | DNAudit | user=null | ip=null | op=PUT_BLOCK {blockData=[blockId=conID: 1 locID: 102652566201696887 bcsId: 0,size=3145728]} | ret=SUCCESS |  
2019-08-21 02:17:34,441 [grpc-default-executor-1] INFO  client.GrpcClientProtocolClient (GrpcClientProtocolClient.java:onNext(255)) - client-54CC064C3FCE->8224e767-71c1-41fc-a01a-d172d48fd9d8: receive RaftClientReply:client-54CC064C3FCE->8224e767-71c1-41fc-a01a-d172d48fd9d8@group-F6B37CC92441, cid=2880, SUCCESS, logIndex=4305, commits[8224e767-71c1-41fc-a01a-d172d48fd9d8:c4306, 6eae0c21-01aa-4169-956f-5952b26ea7ba:c4304, 8d7dcba1-3b82-4d94-a832-514ef5c79cf8:c4304]
2019-08-21 02:17:34,441 [grpc-default-executor-1] INFO  client.GrpcClientProtocolClient (GrpcClientProtocolClient.java:onNext(255)) - client-54CC064C3FCE->8224e767-71c1-41fc-a01a-d172d48fd9d8: receive RaftClientReply:client-54CC064C3FCE->8224e767-71c1-41fc-a01a-d172d48fd9d8@group-F6B37CC92441, cid=2881, SUCCESS, logIndex=4306, commits[8224e767-71c1-41fc-a01a-d172d48fd9d8:c4306, 6eae0c21-01aa-4169-956f-5952b26ea7ba:c4304, 8d7dcba1-3b82-4d94-a832-514ef5c79cf8:c4304]
2019-08-21 02:17:34,447 | INFO  | DNAudit | user=null | ip=null | op=WRITE_CHUNK {blockData=conID: 1 locID: 102652566201696887 bcsId: 4306} | ret=SUCCESS |  
2019-08-21 02:17:34,449 | INFO  | DNAudit | user=null | ip=null | op=WRITE_CHUNK {blockData=conID: 1 locID: 102652566201696887 bcsId: 4306} | ret=SUCCESS |  
2019-08-21 02:17:34,450 | INFO  | DNAudit | user=null | ip=null | op=WRITE_CHUNK {blockData=conID: 1 locID: 102652566201696887 bcsId: 4306} | ret=SUCCESS |  
2019-08-21 02:17:34,451 | INFO  | DNAudit | user=null | ip=null | op=WRITE_CHUNK {blockData=conID: 1 locID: 102652566201696887 bcsId: 4300} | ret=SUCCESS |  
2019-08-21 02:17:34,451 | INFO  | DNAudit | user=null | ip=null | op=WRITE_CHUNK {blockData=conID: 1 locID: 102652566201696887 bcsId: 4300} | ret=SUCCESS |  
2019-08-21 02:17:34,451 | INFO  | DNAudit | user=null | ip=null | op=PUT_BLOCK {blockData=[blockId=conID: 1 locID: 102652566201696887 bcsId: 0,size=3145728]} | ret=SUCCESS |  
2019-08-21 02:17:34,451 | INFO  | DNAudit | user=null | ip=null | op=PUT_BLOCK {blockData=[blockId=conID: 1 locID: 102652566201696887 bcsId: 0,size=3145728]} | ret=SUCCESS |  
2019-08-21 02:17:34,452 | INFO  | DNAudit | user=null | ip=null | op=WRITE_CHUNK {blockData=conID: 1 locID: 102652566201696887 bcsId: 4306} | ret=SUCCESS |  
2019-08-21 02:17:34,453 | INFO  | DNAudit | user=null | ip=null | op=PUT_BLOCK {blockData=[blockId=conID: 1 locID: 102652566201696887 bcsId: 0,size=4194304]} | ret=SUCCESS |  
2019-08-21 02:17:34,453 [grpc-default-executor-4] INFO  client.GrpcClientProtocolClient (GrpcClientProtocolClient.java:onNext(255)) - client-54CC064C3FCE->8224e767-71c1-41fc-a01a-d172d48fd9d8: receive RaftClientReply:client-54CC064C3FCE->8224e767-71c1-41fc-a01a-d172d48fd9d8@group-F6B37CC92441, cid=2882, SUCCESS, logIndex=4309, commits[8224e767-71c1-41fc-a01a-d172d48fd9d8:c4310, 6eae0c21-01aa-4169-956f-5952b26ea7ba:c4306, 8d7dcba1-3b82-4d94-a832-514ef5c79cf8:c4306]
2019-08-21 02:17:34,453 [grpc-default-executor-4] INFO  client.GrpcClientProtocolClient (GrpcClientProtocolClient.java:onNext(255)) - client-54CC064C3FCE->8224e767-71c1-41fc-a01a-d172d48fd9d8: receive RaftClientReply:client-54CC064C3FCE->8224e767-71c1-41fc-a01a-d172d48fd9d8@group-F6B37CC92441, cid=2883, SUCCESS, logIndex=4310, commits[8224e767-71c1-41fc-a01a-d172d48fd9d8:c4310, 6eae0c21-01aa-4169-956f-5952b26ea7ba:c4306, 8d7dcba1-3b82-4d94-a832-514ef5c79cf8:c4306]
2019-08-21 02:17:34,454 | INFO  | DNAudit | user=null | ip=null | op=WRITE_CHUNK {blockData=conID: 1 locID: 102652566201696887 bcsId: 4306} | ret=SUCCESS |  
2019-08-21 02:17:34,454 | INFO  | DNAudit | user=null | ip=null | op=WRITE_CHUNK {blockData=conID: 1 locID: 102652566201696887 bcsId: 4306} | ret=SUCCESS |  
2019-08-21 02:17:34,457 | INFO  | DNAudit | user=null | ip=null | op=PUT_BLOCK {blockData=[blockId=conID: 1 locID: 102652566201696887 bcsId: 0,size=4194304]} | ret=SUCCESS |  
2019-08-21 02:17:34,457 | INFO  | DNAudit | user=null | ip=null | op=PUT_BLOCK {blockData=[blockId=conID: 1 locID: 102652566201696887 bcsId: 0,size=4194304]} | ret=SUCCESS |  
2019-08-21 02:17:34,458 [grpc-default-executor-2] INFO  client.GrpcClientProtocolClient (GrpcClientProtocolClient.java:onNext(255)) - client-54CC064C3FCE->8224e767-71c1-41fc-a01a-d172d48fd9d8: receive RaftClientReply:client-54CC064C3FCE->8224e767-71c1-41fc-a01a-d172d48fd9d8@group-F6B37CC92441, cid=2884, SUCCESS, logIndex=0, commits[8224e767-71c1-41fc-a01a-d172d48fd9d8:c4312, 6eae0c21-01aa-4169-956f-5952b26ea7ba:c4310, 8d7dcba1-3b82-4d94-a832-514ef5c79cf8:c4310]
2019-08-21 02:17:34,463 | INFO  | SCMAudit | user=jenkins1000 | ip=192.168.34.10 | op=ALLOCATE_BLOCK {owner=b6f66289-f2a0-4058-b052-0a85e40df67b, size=4194304, type=RATIS, factor=THREE} | ret=SUCCESS |  
2019-08-21 02:17:34,466 | INFO  | OMAudit | user=jenkins1000 | ip=127.0.0.1 | op=ALLOCATE_BLOCK {volume=vol-0-90982, bucket=bucket-0-24269, key=key-0-81262, dataSize=0, replicationType=null, replicationFactor=null, keyLocationInfo=null, clientID=102652564580991378} | ret=SUCCESS |  
2019-08-21 02:17:34,473 | INFO  | DNAudit | user=null | ip=null | op=WRITE_CHUNK {blockData=conID: 2 locID: 102652566206087800 bcsId: 0} | ret=SUCCESS |  
2019-08-21 02:17:34,474 | INFO  | DNAudit | user=null | ip=null | op=WRITE_CHUNK {blockData=conID: 2 locID: 102652566206087800 bcsId: 0} | ret=SUCCESS |  
2019-08-21 02:17:34,475 | INFO  | DNAudit | user=null | ip=null | op=WRITE_CHUNK {blockData=conID: 2 locID: 102652566206087800 bcsId: 0} | ret=SUCCESS |  
2019-08-21 02:17:34,475 | INFO  | DNAudit | user=null | ip=null | op=WRITE_CHUNK {blockData=conID: 2 locID: 102652566206087800 bcsId: 0} | ret=SUCCESS |  
2019-08-21 02:17:34,477 | INFO  | DNAudit | user=null | ip=null | op=WRITE_CHUNK {blockData=conID: 2 locID: 102652566206087800 bcsId: 0} | ret=SUCCESS |  
2019-08-21 02:17:34,477 | INFO  | DNAudit | user=null | ip=null | op=WRITE_CHUNK {blockData=conID: 2 locID: 102652566206087800 bcsId: 0} | ret=SUCCESS |  
2019-08-21 02:17:34,485 | INFO  | DNAudit | user=null | ip=null | op=WRITE_CHUNK {blockData=conID: 2 locID: 102652566206087800 bcsId: 0} | ret=SUCCESS |  
2019-08-21 02:17:34,486 | INFO  | DNAudit | user=null | ip=null | op=PUT_BLOCK {blockData=[blockId=conID: 2 locID: 102652566206087800 bcsId: 0,size=1048576]} | ret=SUCCESS |  
2019-08-21 02:17:34,486 [grpc-default-executor-1] INFO  client.GrpcClientProtocolClient (GrpcClientProtocolClient.java:onNext(255)) - client-54CC064C3FCE->8224e767-71c1-41fc-a01a-d172d48fd9d8: receive RaftClientReply:client-54CC064C3FCE->8224e767-71c1-41fc-a01a-d172d48fd9d8@group-F6B37CC92441, cid=2885, SUCCESS, logIndex=4313, commits[8224e767-71c1-41fc-a01a-d172d48fd9d8:c4314, 6eae0c21-01aa-4169-956f-5952b26ea7ba:c4312, 8d7dcba1-3b82-4d94-a832-514ef5c79cf8:c4312]
2019-08-21 02:17:34,487 [grpc-default-executor-1] INFO  client.GrpcClientProtocolClient (GrpcClientProtocolClient.java:onNext(255)) - client-54CC064C3FCE->8224e767-71c1-41fc-a01a-d172d48fd9d8: receive RaftClientReply:client-54CC064C3FCE->8224e767-71c1-41fc-a01a-d172d48fd9d8@group-F6B37CC92441, cid=2886, SUCCESS, logIndex=4314, commits[8224e767-71c1-41fc-a01a-d172d48fd9d8:c4314, 6eae0c21-01aa-4169-956f-5952b26ea7ba:c4312, 8d7dcba1-3b82-4d94-a832-514ef5c79cf8:c4312]
2019-08-21 02:17:34,488 | INFO  | DNAudit | user=null | ip=null | op=WRITE_CHUNK {blockData=conID: 2 locID: 102652566206087800 bcsId: 0} | ret=SUCCESS |  
2019-08-21 02:17:34,488 | INFO  | DNAudit | user=null | ip=null | op=PUT_BLOCK {blockData=[blockId=conID: 2 locID: 102652566206087800 bcsId: 0,size=2097152]} | ret=SUCCESS |  
2019-08-21 02:17:34,488 [grpc-default-executor-4] INFO  client.GrpcClientProtocolClient (GrpcClientProtocolClient.java:onNext(255)) - client-54CC064C3FCE->8224e767-71c1-41fc-a01a-d172d48fd9d8: receive RaftClientReply:client-54CC064C3FCE->8224e767-71c1-41fc-a01a-d172d48fd9d8@group-F6B37CC92441, cid=2887, SUCCESS, logIndex=4315, commits[8224e767-71c1-41fc-a01a-d172d48fd9d8:c4316, 6eae0c21-01aa-4169-956f-5952b26ea7ba:c4312, 8d7dcba1-3b82-4d94-a832-514ef5c79cf8:c4312]
2019-08-21 02:17:34,488 [grpc-default-executor-4] INFO  client.GrpcClientProtocolClient (GrpcClientProtocolClient.java:onNext(255)) - client-54CC064C3FCE->8224e767-71c1-41fc-a01a-d172d48fd9d8: receive RaftClientReply:client-54CC064C3FCE->8224e767-71c1-41fc-a01a-d172d48fd9d8@group-F6B37CC92441, cid=2888, SUCCESS, logIndex=4316, commits[8224e767-71c1-41fc-a01a-d172d48fd9d8:c4316, 6eae0c21-01aa-4169-956f-5952b26ea7ba:c4312, 8d7dcba1-3b82-4d94-a832-514ef5c79cf8:c4312]
2019-08-21 02:17:34,499 | INFO  | DNAudit | user=null | ip=null | op=WRITE_CHUNK {blockData=conID: 2 locID: 102652566206087800 bcsId: 0} | ret=SUCCESS |  
2019-08-21 02:17:34,499 | INFO  | DNAudit | user=null | ip=null | op=PUT_BLOCK {blockData=[blockId=conID: 2 locID: 102652566206087800 bcsId: 0,size=1048576]} | ret=SUCCESS |  
2019-08-21 02:17:34,500 | INFO  | DNAudit | user=null | ip=null | op=WRITE_CHUNK {blockData=conID: 2 locID: 102652566206087800 bcsId: 0} | ret=SUCCESS |  
2019-08-21 02:17:34,500 | INFO  | DNAudit | user=null | ip=null | op=PUT_BLOCK {blockData=[blockId=conID: 2 locID: 102652566206087800 bcsId: 0,size=1048576]} | ret=SUCCESS |  
2019-08-21 02:17:34,500 | INFO  | DNAudit | user=null | ip=null | op=WRITE_CHUNK {blockData=conID: 2 locID: 102652566206087800 bcsId: 0} | ret=SUCCESS |  
2019-08-21 02:17:34,500 [grpc-default-executor-4] INFO  client.GrpcClientProtocolClient (GrpcClientProtocolClient.java:onNext(255)) - client-54CC064C3FCE->8224e767-71c1-41fc-a01a-d172d48fd9d8: receive RaftClientReply:client-54CC064C3FCE->8224e767-71c1-41fc-a01a-d172d48fd9d8@group-F6B37CC92441, cid=2889, SUCCESS, logIndex=0, commits[8224e767-71c1-41fc-a01a-d172d48fd9d8:c4317, 6eae0c21-01aa-4169-956f-5952b26ea7ba:c4314, 8d7dcba1-3b82-4d94-a832-514ef5c79cf8:c4314]
2019-08-21 02:17:34,500 | INFO  | DNAudit | user=null | ip=null | op=PUT_BLOCK {blockData=[blockId=conID: 2 locID: 102652566206087800 bcsId: 0,size=2097152]} | ret=SUCCESS |  
2019-08-21 02:17:34,502 | INFO  | DNAudit | user=null | ip=null | op=WRITE_CHUNK {blockData=conID: 2 locID: 102652566206087800 bcsId: 0} | ret=SUCCESS |  
2019-08-21 02:17:34,502 | INFO  | DNAudit | user=null | ip=null | op=PUT_BLOCK {blockData=[blockId=conID: 2 locID: 102652566206087800 bcsId: 0,size=2097152]} | ret=SUCCESS |  
2019-08-21 02:17:34,506 | INFO  | DNAudit | user=null | ip=null | op=WRITE_CHUNK {blockData=conID: 2 locID: 102652566206087800 bcsId: 4316} | ret=SUCCESS |  
2019-08-21 02:17:34,508 | INFO  | DNAudit | user=null | ip=null | op=WRITE_CHUNK {blockData=conID: 2 locID: 102652566206087800 bcsId: 4316} | ret=SUCCESS |  
2019-08-21 02:17:34,509 | INFO  | DNAudit | user=null | ip=null | op=WRITE_CHUNK {blockData=conID: 2 locID: 102652566206087800 bcsId: 4316} | ret=SUCCESS |  
2019-08-21 02:17:34,518 | INFO  | DNAudit | user=null | ip=null | op=WRITE_CHUNK {blockData=conID: 2 locID: 102652566206087800 bcsId: 4316} | ret=SUCCESS |  
2019-08-21 02:17:34,519 | INFO  | DNAudit | user=null | ip=null | op=PUT_BLOCK {blockData=[blockId=conID: 2 locID: 102652566206087800 bcsId: 0,size=3145728]} | ret=SUCCESS |  
2019-08-21 02:17:34,519 [grpc-default-executor-4] INFO  client.GrpcClientProtocolClient (GrpcClientProtocolClient.java:onNext(255)) - client-54CC064C3FCE->8224e767-71c1-41fc-a01a-d172d48fd9d8: receive RaftClientReply:client-54CC064C3FCE->8224e767-71c1-41fc-a01a-d172d48fd9d8@group-F6B37CC92441, cid=2890, SUCCESS, logIndex=4321, commits[8224e767-71c1-41fc-a01a-d172d48fd9d8:c4322, 6eae0c21-01aa-4169-956f-5952b26ea7ba:c4320, 8d7dcba1-3b82-4d94-a832-514ef5c79cf8:c4320]
2019-08-21 02:17:34,520 [grpc-default-executor-4] INFO  client.GrpcClientProtocolClient (GrpcClientProtocolClient.java:onNext(255)) - client-54CC064C3FCE->8224e767-71c1-41fc-a01a-d172d48fd9d8: receive RaftClientReply:client-54CC064C3FCE->8224e767-71c1-41fc-a01a-d172d48fd9d8@group-F6B37CC92441, cid=2891, SUCCESS, logIndex=4322, commits[8224e767-71c1-41fc-a01a-d172d48fd9d8:c4322, 6eae0c21-01aa-4169-956f-5952b26ea7ba:c4320, 8d7dcba1-3b82-4d94-a832-514ef5c79cf8:c4320]
2019-08-21 02:17:34,526 | INFO  | DNAudit | user=null | ip=null | op=WRITE_CHUNK {blockData=conID: 2 locID: 102652566206087800 bcsId: 4322} | ret=SUCCESS |  
2019-08-21 02:17:34,528 | INFO  | DNAudit | user=null | ip=null | op=WRITE_CHUNK {blockData=conID: 2 locID: 102652566206087800 bcsId: 4322} | ret=SUCCESS |  
2019-08-21 02:17:34,528 | INFO  | DNAudit | user=null | ip=null | op=WRITE_CHUNK {blockData=conID: 2 locID: 102652566206087800 bcsId: 4322} | ret=SUCCESS |  
2019-08-21 02:17:34,530 | INFO  | DNAudit | user=null | ip=null | op=WRITE_CHUNK {blockData=conID: 2 locID: 102652566206087800 bcsId: 4316} | ret=SUCCESS |  
2019-08-21 02:17:34,530 | INFO  | DNAudit | user=null | ip=null | op=WRITE_CHUNK {blockData=conID: 2 locID: 102652566206087800 bcsId: 4316} | ret=SUCCESS |  
2019-08-21 02:17:34,533 | INFO  | DNAudit | user=null | ip=null | op=PUT_BLOCK {blockData=[blockId=conID: 2 locID: 102652566206087800 bcsId: 0,size=3145728]} | ret=SUCCESS |  
2019-08-21 02:17:34,533 | INFO  | DNAudit | user=null | ip=null | op=PUT_BLOCK {blockData=[blockId=conID: 2 locID: 102652566206087800 bcsId: 0,size=3145728]} | ret=SUCCESS |  
2019-08-21 02:17:34,534 | INFO  | DNAudit | user=null | ip=null | op=WRITE_CHUNK {blockData=conID: 2 locID: 102652566206087800 bcsId: 4322} | ret=SUCCESS |  
2019-08-21 02:17:34,534 | INFO  | DNAudit | user=null | ip=null | op=PUT_BLOCK {blockData=[blockId=conID: 2 locID: 102652566206087800 bcsId: 0,size=4194304]} | ret=SUCCESS |  
2019-08-21 02:17:34,534 [grpc-default-executor-4] INFO  client.GrpcClientProtocolClient (GrpcClientProtocolClient.java:onNext(255)) - client-54CC064C3FCE->8224e767-71c1-41fc-a01a-d172d48fd9d8: receive RaftClientReply:client-54CC064C3FCE->8224e767-71c1-41fc-a01a-d172d48fd9d8@group-F6B37CC92441, cid=2892, SUCCESS, logIndex=4325, commits[8224e767-71c1-41fc-a01a-d172d48fd9d8:c4326, 6eae0c21-01aa-4169-956f-5952b26ea7ba:c4322, 8d7dcba1-3b82-4d94-a832-514ef5c79cf8:c4322]
2019-08-21 02:17:34,535 [grpc-default-executor-4] INFO  client.GrpcClientProtocolClient (GrpcClientProtocolClient.java:onNext(255)) - client-54CC064C3FCE->8224e767-71c1-41fc-a01a-d172d48fd9d8: receive RaftClientReply:client-54CC064C3FCE->8224e767-71c1-41fc-a01a-d172d48fd9d8@group-F6B37CC92441, cid=2893, SUCCESS, logIndex=4326, commits[8224e767-71c1-41fc-a01a-d172d48fd9d8:c4326, 6eae0c21-01aa-4169-956f-5952b26ea7ba:c4322, 8d7dcba1-3b82-4d94-a832-514ef5c79cf8:c4322]
2019-08-21 02:17:34,545 | INFO  | DNAudit | user=null | ip=null | op=WRITE_CHUNK {blockData=conID: 2 locID: 102652566206087800 bcsId: 4322} | ret=SUCCESS |  
2019-08-21 02:17:34,545 | INFO  | DNAudit | user=null | ip=null | op=WRITE_CHUNK {blockData=conID: 2 locID: 102652566206087800 bcsId: 4322} | ret=SUCCESS |  
2019-08-21 02:17:34,545 | INFO  | DNAudit | user=null | ip=null | op=PUT_BLOCK {blockData=[blockId=conID: 2 locID: 102652566206087800 bcsId: 0,size=4194304]} | ret=SUCCESS |  
2019-08-21 02:17:34,545 | INFO  | DNAudit | user=null | ip=null | op=PUT_BLOCK {blockData=[blockId=conID: 2 locID: 102652566206087800 bcsId: 0,size=4194304]} | ret=SUCCESS |  
2019-08-21 02:17:34,546 [grpc-default-executor-4] INFO  client.GrpcClientProtocolClient (GrpcClientProtocolClient.java:onNext(255)) - client-54CC064C3FCE->8224e767-71c1-41fc-a01a-d172d48fd9d8: receive RaftClientReply:client-54CC064C3FCE->8224e767-71c1-41fc-a01a-d172d48fd9d8@group-F6B37CC92441, cid=2894, SUCCESS, logIndex=0, commits[8224e767-71c1-41fc-a01a-d172d48fd9d8:c4327, 6eae0c21-01aa-4169-956f-5952b26ea7ba:c4326, 8d7dcba1-3b82-4d94-a832-514ef5c79cf8:c4326]
2019-08-21 02:17:34,551 | INFO  | SCMAudit | user=jenkins1000 | ip=192.168.34.10 | op=ALLOCATE_BLOCK {owner=b6f66289-f2a0-4058-b052-0a85e40df67b, size=4194304, type=RATIS, factor=THREE} | ret=SUCCESS |  
2019-08-21 02:17:34,555 | INFO  | OMAudit | user=jenkins1000 | ip=127.0.0.1 | op=ALLOCATE_BLOCK {volume=vol-0-90982, bucket=bucket-0-24269, key=key-0-81262, dataSize=0, replicationType=null, replicationFactor=null, keyLocationInfo=null, clientID=102652564580991378} | ret=SUCCESS |  
2019-08-21 02:17:34,561 | INFO  | DNAudit | user=null | ip=null | op=WRITE_CHUNK {blockData=conID: 3 locID: 102652566211854969 bcsId: 0} | ret=SUCCESS |  
2019-08-21 02:17:34,563 | INFO  | DNAudit | user=null | ip=null | op=WRITE_CHUNK {blockData=conID: 3 locID: 102652566211854969 bcsId: 0} | ret=SUCCESS |  
2019-08-21 02:17:34,564 | INFO  | DNAudit | user=null | ip=null | op=WRITE_CHUNK {blockData=conID: 3 locID: 102652566211854969 bcsId: 0} | ret=SUCCESS |  
2019-08-21 02:17:34,565 | INFO  | DNAudit | user=null | ip=null | op=WRITE_CHUNK {blockData=conID: 3 locID: 102652566211854969 bcsId: 0} | ret=SUCCESS |  
2019-08-21 02:17:34,567 | INFO  | DNAudit | user=null | ip=null | op=WRITE_CHUNK {blockData=conID: 3 locID: 102652566211854969 bcsId: 0} | ret=SUCCESS |  
2019-08-21 02:17:34,567 | INFO  | DNAudit | user=null | ip=null | op=WRITE_CHUNK {blockData=conID: 3 locID: 102652566211854969 bcsId: 0} | ret=SUCCESS |  
2019-08-21 02:17:34,574 | INFO  | DNAudit | user=null | ip=null | op=WRITE_CHUNK {blockData=conID: 3 locID: 102652566211854969 bcsId: 0} | ret=SUCCESS |  
2019-08-21 02:17:34,574 | INFO  | DNAudit | user=null | ip=null | op=PUT_BLOCK {blockData=[blockId=conID: 3 locID: 102652566211854969 bcsId: 0,size=1048576]} | ret=SUCCESS |  
2019-08-21 02:17:34,575 | INFO  | DNAudit | user=null | ip=null | op=WRITE_CHUNK {blockData=conID: 3 locID: 102652566211854969 bcsId: 0} | ret=SUCCESS |  
2019-08-21 02:17:34,574 [grpc-default-executor-4] INFO  client.GrpcClientProtocolClient (GrpcClientProtocolClient.java:onNext(255)) - client-54CC064C3FCE->8224e767-71c1-41fc-a01a-d172d48fd9d8: receive RaftClientReply:client-54CC064C3FCE->8224e767-71c1-41fc-a01a-d172d48fd9d8@group-F6B37CC92441, cid=2895, SUCCESS, logIndex=4329, commits[8224e767-71c1-41fc-a01a-d172d48fd9d8:c4330, 6eae0c21-01aa-4169-956f-5952b26ea7ba:c4328, 8d7dcba1-3b82-4d94-a832-514ef5c79cf8:c4328]
2019-08-21 02:17:34,575 | INFO  | DNAudit | user=null | ip=null | op=PUT_BLOCK {blockData=[blockId=conID: 3 locID: 102652566211854969 bcsId: 0,size=2097152]} | ret=SUCCESS |  
2019-08-21 02:17:34,575 [grpc-default-executor-4] INFO  client.GrpcClientProtocolClient (GrpcClientProtocolClient.java:onNext(255)) - client-54CC064C3FCE->8224e767-71c1-41fc-a01a-d172d48fd9d8: receive RaftClientReply:client-54CC064C3FCE->8224e767-71c1-41fc-a01a-d172d48fd9d8@group-F6B37CC92441, cid=2896, SUCCESS, logIndex=4330, commits[8224e767-71c1-41fc-a01a-d172d48fd9d8:c4331, 6eae0c21-01aa-4169-956f-5952b26ea7ba:c4328, 8d7dcba1-3b82-4d94-a832-514ef5c79cf8:c4328]
2019-08-21 02:17:34,575 [grpc-default-executor-4] INFO  client.GrpcClientProtocolClient (GrpcClientProtocolClient.java:onNext(255)) - client-54CC064C3FCE->8224e767-71c1-41fc-a01a-d172d48fd9d8: receive RaftClientReply:client-54CC064C3FCE->8224e767-71c1-41fc-a01a-d172d48fd9d8@group-F6B37CC92441, cid=2897, SUCCESS, logIndex=4331, commits[8224e767-71c1-41fc-a01a-d172d48fd9d8:c4332, 6eae0c21-01aa-4169-956f-5952b26ea7ba:c4328, 8d7dcba1-3b82-4d94-a832-514ef5c79cf8:c4328]
2019-08-21 02:17:34,576 | INFO  | DNAudit | user=null | ip=null | op=WRITE_CHUNK {blockData=conID: 3 locID: 102652566211854969 bcsId: 0} | ret=SUCCESS |  
2019-08-21 02:17:34,575 [grpc-default-executor-4] INFO  client.GrpcClientProtocolClient (GrpcClientProtocolClient.java:onNext(255)) - client-54CC064C3FCE->8224e767-71c1-41fc-a01a-d172d48fd9d8: receive RaftClientReply:client-54CC064C3FCE->8224e767-71c1-41fc-a01a-d172d48fd9d8@group-F6B37CC92441, cid=2898, SUCCESS, logIndex=4332, commits[8224e767-71c1-41fc-a01a-d172d48fd9d8:c4332, 6eae0c21-01aa-4169-956f-5952b26ea7ba:c4328, 8d7dcba1-3b82-4d94-a832-514ef5c79cf8:c4328]
2019-08-21 02:17:34,576 | INFO  | DNAudit | user=null | ip=null | op=PUT_BLOCK {blockData=[blockId=conID: 3 locID: 102652566211854969 bcsId: 0,size=1048576]} | ret=SUCCESS |  
2019-08-21 02:17:34,578 | INFO  | DNAudit | user=null | ip=null | op=WRITE_CHUNK {blockData=conID: 3 locID: 102652566211854969 bcsId: 0} | ret=SUCCESS |  
2019-08-21 02:17:34,578 | INFO  | DNAudit | user=null | ip=null | op=PUT_BLOCK {blockData=[blockId=conID: 3 locID: 102652566211854969 bcsId: 0,size=1048576]} | ret=SUCCESS |  
2019-08-21 02:17:34,578 | INFO  | DNAudit | user=null | ip=null | op=WRITE_CHUNK {blockData=conID: 3 locID: 102652566211854969 bcsId: 0} | ret=SUCCESS |  
2019-08-21 02:17:34,578 [grpc-default-executor-2] INFO  client.GrpcClientProtocolClient (GrpcClientProtocolClient.java:onNext(255)) - client-54CC064C3FCE->8224e767-71c1-41fc-a01a-d172d48fd9d8: receive RaftClientReply:client-54CC064C3FCE->8224e767-71c1-41fc-a01a-d172d48fd9d8@group-F6B37CC92441, cid=2899, SUCCESS, logIndex=0, commits[8224e767-71c1-41fc-a01a-d172d48fd9d8:c4334, 6eae0c21-01aa-4169-956f-5952b26ea7ba:c4330, 8d7dcba1-3b82-4d94-a832-514ef5c79cf8:c4330]
2019-08-21 02:17:34,584 | INFO  | DNAudit | user=null | ip=null | op=WRITE_CHUNK {blockData=conID: 3 locID: 102652566211854969 bcsId: 4332} | ret=SUCCESS |  
2019-08-21 02:17:34,586 | INFO  | DNAudit | user=null | ip=null | op=WRITE_CHUNK {blockData=conID: 3 locID: 102652566211854969 bcsId: 4332} | ret=SUCCESS |  
2019-08-21 02:17:34,586 | INFO  | DNAudit | user=null | ip=null | op=WRITE_CHUNK {blockData=conID: 3 locID: 102652566211854969 bcsId: 4332} | ret=SUCCESS |  
2019-08-21 02:17:34,589 | INFO  | DNAudit | user=null | ip=null | op=WRITE_CHUNK {blockData=conID: 3 locID: 102652566211854969 bcsId: 0} | ret=SUCCESS |  
2019-08-21 02:17:34,589 | INFO  | DNAudit | user=null | ip=null | op=PUT_BLOCK {blockData=[blockId=conID: 3 locID: 102652566211854969 bcsId: 0,size=2097152]} | ret=SUCCESS |  
2019-08-21 02:17:34,591 | INFO  | DNAudit | user=null | ip=null | op=PUT_BLOCK {blockData=[blockId=conID: 3 locID: 102652566211854969 bcsId: 0,size=2097152]} | ret=SUCCESS |  
2019-08-21 02:17:34,602 | INFO  | DNAudit | user=null | ip=null | op=WRITE_CHUNK {blockData=conID: 3 locID: 102652566211854969 bcsId: 4332} | ret=SUCCESS |  
2019-08-21 02:17:34,602 | INFO  | DNAudit | user=null | ip=null | op=PUT_BLOCK {blockData=[blockId=conID: 3 locID: 102652566211854969 bcsId: 0,size=3145728]} | ret=SUCCESS |  
2019-08-21 02:17:34,602 [grpc-default-executor-2] INFO  client.GrpcClientProtocolClient (GrpcClientProtocolClient.java:onNext(255)) - client-54CC064C3FCE->8224e767-71c1-41fc-a01a-d172d48fd9d8: receive RaftClientReply:client-54CC064C3FCE->8224e767-71c1-41fc-a01a-d172d48fd9d8@group-F6B37CC92441, cid=2900, SUCCESS, logIndex=4337, commits[8224e767-71c1-41fc-a01a-d172d48fd9d8:c4338, 6eae0c21-01aa-4169-956f-5952b26ea7ba:c4335, 8d7dcba1-3b82-4d94-a832-514ef5c79cf8:c4332]
2019-08-21 02:17:34,603 [grpc-default-executor-2] INFO  client.GrpcClientProtocolClient (GrpcClientProtocolClient.java:onNext(255)) - client-54CC064C3FCE->8224e767-71c1-41fc-a01a-d172d48fd9d8: receive RaftClientReply:client-54CC064C3FCE->8224e767-71c1-41fc-a01a-d172d48fd9d8@group-F6B37CC92441, cid=2901, SUCCESS, logIndex=4338, commits[8224e767-71c1-41fc-a01a-d172d48fd9d8:c4338, 6eae0c21-01aa-4169-956f-5952b26ea7ba:c4335, 8d7dcba1-3b82-4d94-a832-514ef5c79cf8:c4335]
2019-08-21 02:17:34,605 | INFO  | DNAudit | user=null | ip=null | op=WRITE_CHUNK {blockData=conID: 3 locID: 102652566211854969 bcsId: 4332} | ret=SUCCESS |  
2019-08-21 02:17:34,605 | INFO  | DNAudit | user=null | ip=null | op=WRITE_CHUNK {blockData=conID: 3 locID: 102652566211854969 bcsId: 4332} | ret=SUCCESS |  
2019-08-21 02:17:34,605 | INFO  | DNAudit | user=null | ip=null | op=PUT_BLOCK {blockData=[blockId=conID: 3 locID: 102652566211854969 bcsId: 0,size=3145728]} | ret=SUCCESS |  
2019-08-21 02:17:34,605 | INFO  | DNAudit | user=null | ip=null | op=PUT_BLOCK {blockData=[blockId=conID: 3 locID: 102652566211854969 bcsId: 0,size=3145728]} | ret=SUCCESS |  
2019-08-21 02:17:34,609 | INFO  | DNAudit | user=null | ip=null | op=WRITE_CHUNK {blockData=conID: 3 locID: 102652566211854969 bcsId: 4338} | ret=SUCCESS |  
2019-08-21 02:17:34,611 | INFO  | DNAudit | user=null | ip=null | op=WRITE_CHUNK {blockData=conID: 3 locID: 102652566211854969 bcsId: 4338} | ret=SUCCESS |  
2019-08-21 02:17:34,611 | INFO  | DNAudit | user=null | ip=null | op=WRITE_CHUNK {blockData=conID: 3 locID: 102652566211854969 bcsId: 4338} | ret=SUCCESS |  
2019-08-21 02:17:34,630 | INFO  | DNAudit | user=null | ip=null | op=WRITE_CHUNK {blockData=conID: 3 locID: 102652566211854969 bcsId: 4338} | ret=SUCCESS |  
2019-08-21 02:17:34,631 | INFO  | DNAudit | user=null | ip=null | op=PUT_BLOCK {blockData=[blockId=conID: 3 locID: 102652566211854969 bcsId: 0,size=4194304]} | ret=SUCCESS |  
2019-08-21 02:17:34,631 [grpc-default-executor-2] INFO  client.GrpcClientProtocolClient (GrpcClientProtocolClient.java:onNext(255)) - client-54CC064C3FCE->8224e767-71c1-41fc-a01a-d172d48fd9d8: receive RaftClientReply:client-54CC064C3FCE->8224e767-71c1-41fc-a01a-d172d48fd9d8@group-F6B37CC92441, cid=2902, SUCCESS, logIndex=4341, commits[8224e767-71c1-41fc-a01a-d172d48fd9d8:c4342, 6eae0c21-01aa-4169-956f-5952b26ea7ba:c4339, 8d7dcba1-3b82-4d94-a832-514ef5c79cf8:c4339]
2019-08-21 02:17:34,631 [grpc-default-executor-2] INFO  client.GrpcClientProtocolClient (GrpcClientProtocolClient.java:onNext(255)) - client-54CC064C3FCE->8224e767-71c1-41fc-a01a-d172d48fd9d8: receive RaftClientReply:client-54CC064C3FCE->8224e767-71c1-41fc-a01a-d172d48fd9d8@group-F6B37CC92441, cid=2903, SUCCESS, logIndex=4342, commits[8224e767-71c1-41fc-a01a-d172d48fd9d8:c4342, 6eae0c21-01aa-4169-956f-5952b26ea7ba:c4339, 8d7dcba1-3b82-4d94-a832-514ef5c79cf8:c4339]
2019-08-21 02:17:34,633 | INFO  | DNAudit | user=null | ip=null | op=WRITE_CHUNK {blockData=conID: 3 locID: 102652566211854969 bcsId: 4338} | ret=SUCCESS |  
2019-08-21 02:17:34,633 | INFO  | DNAudit | user=null | ip=null | op=PUT_BLOCK {blockData=[blockId=conID: 3 locID: 102652566211854969 bcsId: 0,size=4194304]} | ret=SUCCESS |  
2019-08-21 02:17:34,634 | INFO  | DNAudit | user=null | ip=null | op=WRITE_CHUNK {blockData=conID: 3 locID: 102652566211854969 bcsId: 4338} | ret=SUCCESS |  
2019-08-21 02:17:34,634 | INFO  | DNAudit | user=null | ip=null | op=PUT_BLOCK {blockData=[blockId=conID: 3 locID: 102652566211854969 bcsId: 0,size=4194304]} | ret=SUCCESS |  
2019-08-21 02:17:34,634 [grpc-default-executor-1] INFO  client.GrpcClientProtocolClient (GrpcClientProtocolClient.java:onNext(255)) - client-54CC064C3FCE->8224e767-71c1-41fc-a01a-d172d48fd9d8: receive RaftClientReply:client-54CC064C3FCE->8224e767-71c1-41fc-a01a-d172d48fd9d8@group-F6B37CC92441, cid=2904, SUCCESS, logIndex=0, commits[8224e767-71c1-41fc-a01a-d172d48fd9d8:c4344, 6eae0c21-01aa-4169-956f-5952b26ea7ba:c4342, 8d7dcba1-3b82-4d94-a832-514ef5c79cf8:c4342]
2019-08-21 02:17:34,640 | INFO  | SCMAudit | user=jenkins1000 | ip=192.168.34.10 | op=ALLOCATE_BLOCK {owner=b6f66289-f2a0-4058-b052-0a85e40df67b, size=4194304, type=RATIS, factor=THREE} | ret=SUCCESS |  
2019-08-21 02:17:34,643 | INFO  | OMAudit | user=jenkins1000 | ip=127.0.0.1 | op=ALLOCATE_BLOCK {volume=vol-0-90982, bucket=bucket-0-24269, key=key-0-81262, dataSize=0, replicationType=null, replicationFactor=null, keyLocationInfo=null, clientID=102652564580991378} | ret=SUCCESS |  
2019-08-21 02:17:34,649 | INFO  | DNAudit | user=null | ip=null | op=WRITE_CHUNK {blockData=conID: 1 locID: 102652566217687674 bcsId: 0} | ret=SUCCESS |  
2019-08-21 02:17:34,651 | INFO  | DNAudit | user=null | ip=null | op=WRITE_CHUNK {blockData=conID: 1 locID: 102652566217687674 bcsId: 0} | ret=SUCCESS |  
2019-08-21 02:17:34,651 | INFO  | DNAudit | user=null | ip=null | op=WRITE_CHUNK {blockData=conID: 1 locID: 102652566217687674 bcsId: 0} | ret=SUCCESS |  
2019-08-21 02:17:34,651 | INFO  | DNAudit | user=null | ip=null | op=WRITE_CHUNK {blockData=conID: 1 locID: 102652566217687674 bcsId: 0} | ret=SUCCESS |  
2019-08-21 02:17:34,652 | INFO  | DNAudit | user=null | ip=null | op=WRITE_CHUNK {blockData=conID: 1 locID: 102652566217687674 bcsId: 0} | ret=SUCCESS |  
2019-08-21 02:17:34,653 | INFO  | DNAudit | user=null | ip=null | op=WRITE_CHUNK {blockData=conID: 1 locID: 102652566217687674 bcsId: 0} | ret=SUCCESS |  
2019-08-21 02:17:34,659 | INFO  | DNAudit | user=null | ip=null | op=WRITE_CHUNK {blockData=conID: 1 locID: 102652566217687674 bcsId: 0} | ret=SUCCESS |  
2019-08-21 02:17:34,659 | INFO  | DNAudit | user=null | ip=null | op=PUT_BLOCK {blockData=[blockId=conID: 1 locID: 102652566217687674 bcsId: 0,size=1048576]} | ret=SUCCESS |  
2019-08-21 02:17:34,660 [grpc-default-executor-4] INFO  client.GrpcClientProtocolClient (GrpcClientProtocolClient.java:onNext(255)) - client-54CC064C3FCE->8224e767-71c1-41fc-a01a-d172d48fd9d8: receive RaftClientReply:client-54CC064C3FCE->8224e767-71c1-41fc-a01a-d172d48fd9d8@group-F6B37CC92441, cid=2905, SUCCESS, logIndex=4345, commits[8224e767-71c1-41fc-a01a-d172d48fd9d8:c4346, 6eae0c21-01aa-4169-956f-5952b26ea7ba:c4342, 8d7dcba1-3b82-4d94-a832-514ef5c79cf8:c4344]
2019-08-21 02:17:34,660 | INFO  | DNAudit | user=null | ip=null | op=WRITE_CHUNK {blockData=conID: 1 locID: 102652566217687674 bcsId: 0} | ret=SUCCESS |  
2019-08-21 02:17:34,660 [grpc-default-executor-4] INFO  client.GrpcClientProtocolClient (GrpcClientProtocolClient.java:onNext(255)) - client-54CC064C3FCE->8224e767-71c1-41fc-a01a-d172d48fd9d8: receive RaftClientReply:client-54CC064C3FCE->8224e767-71c1-41fc-a01a-d172d48fd9d8@group-F6B37CC92441, cid=2906, SUCCESS, logIndex=4346, commits[8224e767-71c1-41fc-a01a-d172d48fd9d8:c4346, 6eae0c21-01aa-4169-956f-5952b26ea7ba:c4342, 8d7dcba1-3b82-4d94-a832-514ef5c79cf8:c4344]
2019-08-21 02:17:34,661 | INFO  | DNAudit | user=null | ip=null | op=PUT_BLOCK {blockData=[blockId=conID: 1 locID: 102652566217687674 bcsId: 0,size=2097152]} | ret=SUCCESS |  
2019-08-21 02:17:34,661 [grpc-default-executor-4] INFO  client.GrpcClientProtocolClient (GrpcClientProtocolClient.java:onNext(255)) - client-54CC064C3FCE->8224e767-71c1-41fc-a01a-d172d48fd9d8: receive RaftClientReply:client-54CC064C3FCE->8224e767-71c1-41fc-a01a-d172d48fd9d8@group-F6B37CC92441, cid=2907, SUCCESS, logIndex=4347, commits[8224e767-71c1-41fc-a01a-d172d48fd9d8:c4347, 6eae0c21-01aa-4169-956f-5952b26ea7ba:c4344, 8d7dcba1-3b82-4d94-a832-514ef5c79cf8:c4344]
2019-08-21 02:17:34,661 [grpc-default-executor-4] INFO  client.GrpcClientProtocolClient (GrpcClientProtocolClient.java:onNext(255)) - client-54CC064C3FCE->8224e767-71c1-41fc-a01a-d172d48fd9d8: receive RaftClientReply:client-54CC064C3FCE->8224e767-71c1-41fc-a01a-d172d48fd9d8@group-F6B37CC92441, cid=2908, SUCCESS, logIndex=4348, commits[8224e767-71c1-41fc-a01a-d172d48fd9d8:c4348, 6eae0c21-01aa-4169-956f-5952b26ea7ba:c4344, 8d7dcba1-3b82-4d94-a832-514ef5c79cf8:c4344]
2019-08-21 02:17:34,662 | INFO  | DNAudit | user=null | ip=null | op=WRITE_CHUNK {blockData=conID: 1 locID: 102652566217687674 bcsId: 0} | ret=SUCCESS |  
2019-08-21 02:17:34,662 | INFO  | DNAudit | user=null | ip=null | op=PUT_BLOCK {blockData=[blockId=conID: 1 locID: 102652566217687674 bcsId: 0,size=1048576]} | ret=SUCCESS |  
2019-08-21 02:17:34,662 | INFO  | DNAudit | user=null | ip=null | op=WRITE_CHUNK {blockData=conID: 1 locID: 102652566217687674 bcsId: 0} | ret=SUCCESS |  
2019-08-21 02:17:34,662 | INFO  | DNAudit | user=null | ip=null | op=PUT_BLOCK {blockData=[blockId=conID: 1 locID: 102652566217687674 bcsId: 0,size=1048576]} | ret=SUCCESS |  
2019-08-21 02:17:34,662 | INFO  | DNAudit | user=null | ip=null | op=WRITE_CHUNK {blockData=conID: 1 locID: 102652566217687674 bcsId: 0} | ret=SUCCESS |  
2019-08-21 02:17:34,663 | INFO  | DNAudit | user=null | ip=null | op=WRITE_CHUNK {blockData=conID: 1 locID: 102652566217687674 bcsId: 0} | ret=SUCCESS |  
2019-08-21 02:17:34,662 [grpc-default-executor-4] INFO  client.GrpcClientProtocolClient (GrpcClientProtocolClient.java:onNext(255)) - client-54CC064C3FCE->8224e767-71c1-41fc-a01a-d172d48fd9d8: receive RaftClientReply:client-54CC064C3FCE->8224e767-71c1-41fc-a01a-d172d48fd9d8@group-F6B37CC92441, cid=2909, SUCCESS, logIndex=0, commits[8224e767-71c1-41fc-a01a-d172d48fd9d8:c4349, 6eae0c21-01aa-4169-956f-5952b26ea7ba:c4346, 8d7dcba1-3b82-4d94-a832-514ef5c79cf8:c4346]
2019-08-21 02:17:34,663 | INFO  | DNAudit | user=null | ip=null | op=PUT_BLOCK {blockData=[blockId=conID: 1 locID: 102652566217687674 bcsId: 0,size=2097152]} | ret=SUCCESS |  
2019-08-21 02:17:34,665 | INFO  | DNAudit | user=null | ip=null | op=PUT_BLOCK {blockData=[blockId=conID: 1 locID: 102652566217687674 bcsId: 0,size=2097152]} | ret=SUCCESS |  
2019-08-21 02:17:34,668 | INFO  | DNAudit | user=null | ip=null | op=WRITE_CHUNK {blockData=conID: 1 locID: 102652566217687674 bcsId: 4348} | ret=SUCCESS |  
2019-08-21 02:17:34,670 | INFO  | DNAudit | user=null | ip=null | op=WRITE_CHUNK {blockData=conID: 1 locID: 102652566217687674 bcsId: 4348} | ret=SUCCESS |  
2019-08-21 02:17:34,671 | INFO  | DNAudit | user=null | ip=null | op=WRITE_CHUNK {blockData=conID: 1 locID: 102652566217687674 bcsId: 4348} | ret=SUCCESS |  
2019-08-21 02:17:34,699 | INFO  | DNAudit | user=null | ip=null | op=WRITE_CHUNK {blockData=conID: 1 locID: 102652566217687674 bcsId: 4348} | ret=SUCCESS |  
2019-08-21 02:17:34,700 | INFO  | DNAudit | user=null | ip=null | op=PUT_BLOCK {blockData=[blockId=conID: 1 locID: 102652566217687674 bcsId: 0,size=3145728]} | ret=SUCCESS |  
2019-08-21 02:17:34,700 [grpc-default-executor-3] INFO  client.GrpcClientProtocolClient (GrpcClientProtocolClient.java:onNext(255)) - client-54CC064C3FCE->8224e767-71c1-41fc-a01a-d172d48fd9d8: receive RaftClientReply:client-54CC064C3FCE->8224e767-71c1-41fc-a01a-d172d48fd9d8@group-F6B37CC92441, cid=2910, SUCCESS, logIndex=4352, commits[8224e767-71c1-41fc-a01a-d172d48fd9d8:c4353, 6eae0c21-01aa-4169-956f-5952b26ea7ba:c4351, 8d7dcba1-3b82-4d94-a832-514ef5c79cf8:c4351]
2019-08-21 02:17:34,700 [grpc-default-executor-3] INFO  client.GrpcClientProtocolClient (GrpcClientProtocolClient.java:onNext(255)) - client-54CC064C3FCE->8224e767-71c1-41fc-a01a-d172d48fd9d8: receive RaftClientReply:client-54CC064C3FCE->8224e767-71c1-41fc-a01a-d172d48fd9d8@group-F6B37CC92441, cid=2911, SUCCESS, logIndex=4353, commits[8224e767-71c1-41fc-a01a-d172d48fd9d8:c4353, 6eae0c21-01aa-4169-956f-5952b26ea7ba:c4351, 8d7dcba1-3b82-4d94-a832-514ef5c79cf8:c4351]
2019-08-21 02:17:34,708 | INFO  | DNAudit | user=null | ip=null | op=WRITE_CHUNK {blockData=conID: 1 locID: 102652566217687674 bcsId: 4353} | ret=SUCCESS |  
2019-08-21 02:17:34,709 | INFO  | DNAudit | user=null | ip=null | op=WRITE_CHUNK {blockData=conID: 1 locID: 102652566217687674 bcsId: 4348} | ret=SUCCESS |  
2019-08-21 02:17:34,709 | INFO  | DNAudit | user=null | ip=null | op=WRITE_CHUNK {blockData=conID: 1 locID: 102652566217687674 bcsId: 4348} | ret=SUCCESS |  
2019-08-21 02:17:34,710 | INFO  | DNAudit | user=null | ip=null | op=PUT_BLOCK {blockData=[blockId=conID: 1 locID: 102652566217687674 bcsId: 0,size=3145728]} | ret=SUCCESS |  
2019-08-21 02:17:34,710 | INFO  | DNAudit | user=null | ip=null | op=PUT_BLOCK {blockData=[blockId=conID: 1 locID: 102652566217687674 bcsId: 0,size=3145728]} | ret=SUCCESS |  
2019-08-21 02:17:34,711 | INFO  | DNAudit | user=null | ip=null | op=WRITE_CHUNK {blockData=conID: 1 locID: 102652566217687674 bcsId: 4353} | ret=SUCCESS |  
2019-08-21 02:17:34,712 | INFO  | DNAudit | user=null | ip=null | op=WRITE_CHUNK {blockData=conID: 1 locID: 102652566217687674 bcsId: 4353} | ret=SUCCESS |  
2019-08-21 02:17:34,723 | INFO  | DNAudit | user=null | ip=null | op=WRITE_CHUNK {blockData=conID: 1 locID: 102652566217687674 bcsId: 4353} | ret=SUCCESS |  
2019-08-21 02:17:34,723 | INFO  | DNAudit | user=null | ip=null | op=PUT_BLOCK {blockData=[blockId=conID: 1 locID: 102652566217687674 bcsId: 0,size=4194304]} | ret=SUCCESS |  
2019-08-21 02:17:34,723 [grpc-default-executor-3] INFO  client.GrpcClientProtocolClient (GrpcClientProtocolClient.java:onNext(255)) - client-54CC064C3FCE->8224e767-71c1-41fc-a01a-d172d48fd9d8: receive RaftClientReply:client-54CC064C3FCE->8224e767-71c1-41fc-a01a-d172d48fd9d8@group-F6B37CC92441, cid=2912, SUCCESS, logIndex=4356, commits[8224e767-71c1-41fc-a01a-d172d48fd9d8:c4357, 6eae0c21-01aa-4169-956f-5952b26ea7ba:c4353, 8d7dcba1-3b82-4d94-a832-514ef5c79cf8:c4353]
2019-08-21 02:17:34,724 [grpc-default-executor-3] INFO  client.GrpcClientProtocolClient (GrpcClientProtocolClient.java:onNext(255)) - client-54CC064C3FCE->8224e767-71c1-41fc-a01a-d172d48fd9d8: receive RaftClientReply:client-54CC064C3FCE->8224e767-71c1-41fc-a01a-d172d48fd9d8@group-F6B37CC92441, cid=2913, SUCCESS, logIndex=4357, commits[8224e767-71c1-41fc-a01a-d172d48fd9d8:c4357, 6eae0c21-01aa-4169-956f-5952b26ea7ba:c4353, 8d7dcba1-3b82-4d94-a832-514ef5c79cf8:c4353]
2019-08-21 02:17:34,732 | INFO  | DNAudit | user=null | ip=null | op=WRITE_CHUNK {blockData=conID: 1 locID: 102652566217687674 bcsId: 4353} | ret=SUCCESS |  
2019-08-21 02:17:34,732 | INFO  | DNAudit | user=null | ip=null | op=WRITE_CHUNK {blockData=conID: 1 locID: 102652566217687674 bcsId: 4353} | ret=SUCCESS |  
2019-08-21 02:17:34,732 | INFO  | DNAudit | user=null | ip=null | op=PUT_BLOCK {blockData=[blockId=conID: 1 locID: 102652566217687674 bcsId: 0,size=4194304]} | ret=SUCCESS |  
2019-08-21 02:17:34,733 | INFO  | DNAudit | user=null | ip=null | op=PUT_BLOCK {blockData=[blockId=conID: 1 locID: 102652566217687674 bcsId: 0,size=4194304]} | ret=SUCCESS |  
2019-08-21 02:17:34,733 [grpc-default-executor-3] INFO  client.GrpcClientProtocolClient (GrpcClientProtocolClient.java:onNext(255)) - client-54CC064C3FCE->8224e767-71c1-41fc-a01a-d172d48fd9d8: receive RaftClientReply:client-54CC064C3FCE->8224e767-71c1-41fc-a01a-d172d48fd9d8@group-F6B37CC92441, cid=2914, SUCCESS, logIndex=0, commits[8224e767-71c1-41fc-a01a-d172d48fd9d8:c4358, 6eae0c21-01aa-4169-956f-5952b26ea7ba:c4357, 8d7dcba1-3b82-4d94-a832-514ef5c79cf8:c4357]
2019-08-21 02:17:34,738 | INFO  | SCMAudit | user=jenkins1000 | ip=192.168.34.10 | op=ALLOCATE_BLOCK {owner=b6f66289-f2a0-4058-b052-0a85e40df67b, size=4194304, type=RATIS, factor=THREE} | ret=SUCCESS |  
2019-08-21 02:17:34,742 | INFO  | OMAudit | user=jenkins1000 | ip=127.0.0.1 | op=ALLOCATE_BLOCK {volume=vol-0-90982, bucket=bucket-0-24269, key=key-0-81262, dataSize=0, replicationType=null, replicationFactor=null, keyLocationInfo=null, clientID=102652564580991378} | ret=SUCCESS |  
2019-08-21 02:17:34,750 | INFO  | DNAudit | user=null | ip=null | op=WRITE_CHUNK {blockData=conID: 2 locID: 102652566224110203 bcsId: 0} | ret=SUCCESS |  
2019-08-21 02:17:34,752 | INFO  | DNAudit | user=null | ip=null | op=WRITE_CHUNK {blockData=conID: 2 locID: 102652566224110203 bcsId: 0} | ret=SUCCESS |  
2019-08-21 02:17:34,752 | INFO  | DNAudit | user=null | ip=null | op=WRITE_CHUNK {blockData=conID: 2 locID: 102652566224110203 bcsId: 0} | ret=SUCCESS |  
2019-08-21 02:17:34,753 | INFO  | DNAudit | user=null | ip=null | op=WRITE_CHUNK {blockData=conID: 2 locID: 102652566224110203 bcsId: 0} | ret=SUCCESS |  
2019-08-21 02:17:34,756 | INFO  | DNAudit | user=null | ip=null | op=WRITE_CHUNK {blockData=conID: 2 locID: 102652566224110203 bcsId: 0} | ret=SUCCESS |  
2019-08-21 02:17:34,756 | INFO  | DNAudit | user=null | ip=null | op=WRITE_CHUNK {blockData=conID: 2 locID: 102652566224110203 bcsId: 0} | ret=SUCCESS |  
2019-08-21 02:17:34,763 | INFO  | DNAudit | user=null | ip=null | op=WRITE_CHUNK {blockData=conID: 2 locID: 102652566224110203 bcsId: 0} | ret=SUCCESS |  
2019-08-21 02:17:34,763 | INFO  | DNAudit | user=null | ip=null | op=PUT_BLOCK {blockData=[blockId=conID: 2 locID: 102652566224110203 bcsId: 0,size=1048576]} | ret=SUCCESS |  
2019-08-21 02:17:34,764 | INFO  | DNAudit | user=null | ip=null | op=WRITE_CHUNK {blockData=conID: 2 locID: 102652566224110203 bcsId: 0} | ret=SUCCESS |  
2019-08-21 02:17:34,764 [grpc-default-executor-2] INFO  client.GrpcClientProtocolClient (GrpcClientProtocolClient.java:onNext(255)) - client-54CC064C3FCE->8224e767-71c1-41fc-a01a-d172d48fd9d8: receive RaftClientReply:client-54CC064C3FCE->8224e767-71c1-41fc-a01a-d172d48fd9d8@group-F6B37CC92441, cid=2915, SUCCESS, logIndex=4360, commits[8224e767-71c1-41fc-a01a-d172d48fd9d8:c4361, 6eae0c21-01aa-4169-956f-5952b26ea7ba:c4359, 8d7dcba1-3b82-4d94-a832-514ef5c79cf8:c4359]
2019-08-21 02:17:34,764 | INFO  | DNAudit | user=null | ip=null | op=PUT_BLOCK {blockData=[blockId=conID: 2 locID: 102652566224110203 bcsId: 0,size=2097152]} | ret=SUCCESS |  
2019-08-21 02:17:34,764 [grpc-default-executor-2] INFO  client.GrpcClientProtocolClient (GrpcClientProtocolClient.java:onNext(255)) - client-54CC064C3FCE->8224e767-71c1-41fc-a01a-d172d48fd9d8: receive RaftClientReply:client-54CC064C3FCE->8224e767-71c1-41fc-a01a-d172d48fd9d8@group-F6B37CC92441, cid=2916, SUCCESS, logIndex=4361, commits[8224e767-71c1-41fc-a01a-d172d48fd9d8:c4363, 6eae0c21-01aa-4169-956f-5952b26ea7ba:c4359, 8d7dcba1-3b82-4d94-a832-514ef5c79cf8:c4359]
2019-08-21 02:17:34,764 [grpc-default-executor-2] INFO  client.GrpcClientProtocolClient (GrpcClientProtocolClient.java:onNext(255)) - client-54CC064C3FCE->8224e767-71c1-41fc-a01a-d172d48fd9d8: receive RaftClientReply:client-54CC064C3FCE->8224e767-71c1-41fc-a01a-d172d48fd9d8@group-F6B37CC92441, cid=2917, SUCCESS, logIndex=4362, commits[8224e767-71c1-41fc-a01a-d172d48fd9d8:c4363, 6eae0c21-01aa-4169-956f-5952b26ea7ba:c4359, 8d7dcba1-3b82-4d94-a832-514ef5c79cf8:c4359]
2019-08-21 02:17:34,764 [grpc-default-executor-2] INFO  client.GrpcClientProtocolClient (GrpcClientProtocolClient.java:onNext(255)) - client-54CC064C3FCE->8224e767-71c1-41fc-a01a-d172d48fd9d8: receive RaftClientReply:client-54CC064C3FCE->8224e767-71c1-41fc-a01a-d172d48fd9d8@group-F6B37CC92441, cid=2918, SUCCESS, logIndex=4363, commits[8224e767-71c1-41fc-a01a-d172d48fd9d8:c4363, 6eae0c21-01aa-4169-956f-5952b26ea7ba:c4359, 8d7dcba1-3b82-4d94-a832-514ef5c79cf8:c4359]
2019-08-21 02:17:34,776 | INFO  | DNAudit | user=null | ip=null | op=WRITE_CHUNK {blockData=conID: 2 locID: 102652566224110203 bcsId: 0} | ret=SUCCESS |  
2019-08-21 02:17:34,777 | INFO  | DNAudit | user=null | ip=null | op=WRITE_CHUNK {blockData=conID: 2 locID: 102652566224110203 bcsId: 0} | ret=SUCCESS |  
2019-08-21 02:17:34,777 | INFO  | DNAudit | user=null | ip=null | op=PUT_BLOCK {blockData=[blockId=conID: 2 locID: 102652566224110203 bcsId: 0,size=1048576]} | ret=SUCCESS |  
2019-08-21 02:17:34,777 | INFO  | DNAudit | user=null | ip=null | op=PUT_BLOCK {blockData=[blockId=conID: 2 locID: 102652566224110203 bcsId: 0,size=1048576]} | ret=SUCCESS |  
2019-08-21 02:17:34,777 | INFO  | DNAudit | user=null | ip=null | op=WRITE_CHUNK {blockData=conID: 2 locID: 102652566224110203 bcsId: 0} | ret=SUCCESS |  
2019-08-21 02:17:34,777 [grpc-default-executor-2] INFO  client.GrpcClientProtocolClient (GrpcClientProtocolClient.java:onNext(255)) - client-54CC064C3FCE->8224e767-71c1-41fc-a01a-d172d48fd9d8: receive RaftClientReply:client-54CC064C3FCE->8224e767-71c1-41fc-a01a-d172d48fd9d8@group-F6B37CC92441, cid=2919, SUCCESS, logIndex=0, commits[8224e767-71c1-41fc-a01a-d172d48fd9d8:c4364, 6eae0c21-01aa-4169-956f-5952b26ea7ba:c4361, 8d7dcba1-3b82-4d94-a832-514ef5c79cf8:c4361]
2019-08-21 02:17:34,777 | INFO  | DNAudit | user=null | ip=null | op=WRITE_CHUNK {blockData=conID: 2 locID: 102652566224110203 bcsId: 0} | ret=SUCCESS |  
2019-08-21 02:17:34,778 | INFO  | DNAudit | user=null | ip=null | op=PUT_BLOCK {blockData=[blockId=conID: 2 locID: 102652566224110203 bcsId: 0,size=2097152]} | ret=SUCCESS |  
2019-08-21 02:17:34,778 | INFO  | DNAudit | user=null | ip=null | op=PUT_BLOCK {blockData=[blockId=conID: 2 locID: 102652566224110203 bcsId: 0,size=2097152]} | ret=SUCCESS |  
2019-08-21 02:17:34,784 | INFO  | DNAudit | user=null | ip=null | op=WRITE_CHUNK {blockData=conID: 2 locID: 102652566224110203 bcsId: 4363} | ret=SUCCESS |  
2019-08-21 02:17:34,786 | INFO  | DNAudit | user=null | ip=null | op=WRITE_CHUNK {blockData=conID: 2 locID: 102652566224110203 bcsId: 4363} | ret=SUCCESS |  
2019-08-21 02:17:34,787 | INFO  | DNAudit | user=null | ip=null | op=WRITE_CHUNK {blockData=conID: 2 locID: 102652566224110203 bcsId: 4363} | ret=SUCCESS |  
2019-08-21 02:17:34,797 | INFO  | DNAudit | user=null | ip=null | op=WRITE_CHUNK {blockData=conID: 2 locID: 102652566224110203 bcsId: 4363} | ret=SUCCESS |  
2019-08-21 02:17:34,798 | INFO  | DNAudit | user=null | ip=null | op=PUT_BLOCK {blockData=[blockId=conID: 2 locID: 102652566224110203 bcsId: 0,size=3145728]} | ret=SUCCESS |  
2019-08-21 02:17:34,798 [grpc-default-executor-2] INFO  client.GrpcClientProtocolClient (GrpcClientProtocolClient.java:onNext(255)) - client-54CC064C3FCE->8224e767-71c1-41fc-a01a-d172d48fd9d8: receive RaftClientReply:client-54CC064C3FCE->8224e767-71c1-41fc-a01a-d172d48fd9d8@group-F6B37CC92441, cid=2920, SUCCESS, logIndex=4367, commits[8224e767-71c1-41fc-a01a-d172d48fd9d8:c4368, 6eae0c21-01aa-4169-956f-5952b26ea7ba:c4366, 8d7dcba1-3b82-4d94-a832-514ef5c79cf8:c4366]
2019-08-21 02:17:34,798 [grpc-default-executor-2] INFO  client.GrpcClientProtocolClient (GrpcClientProtocolClient.java:onNext(255)) - client-54CC064C3FCE->8224e767-71c1-41fc-a01a-d172d48fd9d8: receive RaftClientReply:client-54CC064C3FCE->8224e767-71c1-41fc-a01a-d172d48fd9d8@group-F6B37CC92441, cid=2921, SUCCESS, logIndex=4368, commits[8224e767-71c1-41fc-a01a-d172d48fd9d8:c4368, 6eae0c21-01aa-4169-956f-5952b26ea7ba:c4366, 8d7dcba1-3b82-4d94-a832-514ef5c79cf8:c4366]
2019-08-21 02:17:34,805 | INFO  | DNAudit | user=null | ip=null | op=WRITE_CHUNK {blockData=conID: 2 locID: 102652566224110203 bcsId: 4368} | ret=SUCCESS |  
2019-08-21 02:17:34,807 | INFO  | DNAudit | user=null | ip=null | op=WRITE_CHUNK {blockData=conID: 2 locID: 102652566224110203 bcsId: 4368} | ret=SUCCESS |  
2019-08-21 02:17:34,808 | INFO  | DNAudit | user=null | ip=null | op=WRITE_CHUNK {blockData=conID: 2 locID: 102652566224110203 bcsId: 4368} | ret=SUCCESS |  
2019-08-21 02:17:34,809 | INFO  | DNAudit | user=null | ip=null | op=WRITE_CHUNK {blockData=conID: 2 locID: 102652566224110203 bcsId: 4363} | ret=SUCCESS |  
2019-08-21 02:17:34,809 | INFO  | DNAudit | user=null | ip=null | op=WRITE_CHUNK {blockData=conID: 2 locID: 102652566224110203 bcsId: 4363} | ret=SUCCESS |  
2019-08-21 02:17:34,810 | INFO  | DNAudit | user=null | ip=null | op=PUT_BLOCK {blockData=[blockId=conID: 2 locID: 102652566224110203 bcsId: 0,size=3145728]} | ret=SUCCESS |  
2019-08-21 02:17:34,810 | INFO  | DNAudit | user=null | ip=null | op=PUT_BLOCK {blockData=[blockId=conID: 2 locID: 102652566224110203 bcsId: 0,size=3145728]} | ret=SUCCESS |  
2019-08-21 02:17:34,812 | INFO  | DNAudit | user=null | ip=null | op=WRITE_CHUNK {blockData=conID: 2 locID: 102652566224110203 bcsId: 4368} | ret=SUCCESS |  
2019-08-21 02:17:34,813 | INFO  | DNAudit | user=null | ip=null | op=PUT_BLOCK {blockData=[blockId=conID: 2 locID: 102652566224110203 bcsId: 0,size=4194304]} | ret=SUCCESS |  
2019-08-21 02:17:34,813 [grpc-default-executor-4] INFO  client.GrpcClientProtocolClient (GrpcClientProtocolClient.java:onNext(255)) - client-54CC064C3FCE->8224e767-71c1-41fc-a01a-d172d48fd9d8: receive RaftClientReply:client-54CC064C3FCE->8224e767-71c1-41fc-a01a-d172d48fd9d8@group-F6B37CC92441, cid=2922, SUCCESS, logIndex=4371, commits[8224e767-71c1-41fc-a01a-d172d48fd9d8:c4372, 6eae0c21-01aa-4169-956f-5952b26ea7ba:c4368, 8d7dcba1-3b82-4d94-a832-514ef5c79cf8:c4368]
2019-08-21 02:17:34,813 [grpc-default-executor-4] INFO  client.GrpcClientProtocolClient (GrpcClientProtocolClient.java:onNext(255)) - client-54CC064C3FCE->8224e767-71c1-41fc-a01a-d172d48fd9d8: receive RaftClientReply:client-54CC064C3FCE->8224e767-71c1-41fc-a01a-d172d48fd9d8@group-F6B37CC92441, cid=2923, SUCCESS, logIndex=4372, commits[8224e767-71c1-41fc-a01a-d172d48fd9d8:c4372, 6eae0c21-01aa-4169-956f-5952b26ea7ba:c4368, 8d7dcba1-3b82-4d94-a832-514ef5c79cf8:c4368]
2019-08-21 02:17:34,824 | INFO  | DNAudit | user=null | ip=null | op=WRITE_CHUNK {blockData=conID: 2 locID: 102652566224110203 bcsId: 4368} | ret=SUCCESS |  
2019-08-21 02:17:34,824 | INFO  | DNAudit | user=null | ip=null | op=WRITE_CHUNK {blockData=conID: 2 locID: 102652566224110203 bcsId: 4368} | ret=SUCCESS |  
2019-08-21 02:17:34,827 | INFO  | DNAudit | user=null | ip=null | op=PUT_BLOCK {blockData=[blockId=conID: 2 locID: 102652566224110203 bcsId: 0,size=4194304]} | ret=SUCCESS |  
2019-08-21 02:17:34,827 | INFO  | DNAudit | user=null | ip=null | op=PUT_BLOCK {blockData=[blockId=conID: 2 locID: 102652566224110203 bcsId: 0,size=4194304]} | ret=SUCCESS |  
2019-08-21 02:17:34,827 [grpc-default-executor-2] INFO  client.GrpcClientProtocolClient (GrpcClientProtocolClient.java:onNext(255)) - client-54CC064C3FCE->8224e767-71c1-41fc-a01a-d172d48fd9d8: receive RaftClientReply:client-54CC064C3FCE->8224e767-71c1-41fc-a01a-d172d48fd9d8@group-F6B37CC92441, cid=2924, SUCCESS, logIndex=0, commits[8224e767-71c1-41fc-a01a-d172d48fd9d8:c4374, 6eae0c21-01aa-4169-956f-5952b26ea7ba:c4372, 8d7dcba1-3b82-4d94-a832-514ef5c79cf8:c4372]
2019-08-21 02:17:34,835 | INFO  | SCMAudit | user=jenkins1000 | ip=192.168.34.10 | op=ALLOCATE_BLOCK {owner=b6f66289-f2a0-4058-b052-0a85e40df67b, size=4194304, type=RATIS, factor=THREE} | ret=SUCCESS |  
2019-08-21 02:17:34,838 | INFO  | OMAudit | user=jenkins1000 | ip=127.0.0.1 | op=ALLOCATE_BLOCK {volume=vol-0-90982, bucket=bucket-0-24269, key=key-0-81262, dataSize=0, replicationType=null, replicationFactor=null, keyLocationInfo=null, clientID=102652564580991378} | ret=SUCCESS |  
2019-08-21 02:17:34,845 | INFO  | DNAudit | user=null | ip=null | op=WRITE_CHUNK {blockData=conID: 3 locID: 102652566230467196 bcsId: 0} | ret=SUCCESS |  
2019-08-21 02:17:34,849 | INFO  | DNAudit | user=null | ip=null | op=WRITE_CHUNK {blockData=conID: 3 locID: 102652566230467196 bcsId: 0} | ret=SUCCESS |  
2019-08-21 02:17:34,849 | INFO  | DNAudit | user=null | ip=null | op=WRITE_CHUNK {blockData=conID: 3 locID: 102652566230467196 bcsId: 0} | ret=SUCCESS |  
2019-08-21 02:17:34,849 | INFO  | DNAudit | user=null | ip=null | op=WRITE_CHUNK {blockData=conID: 3 locID: 102652566230467196 bcsId: 0} | ret=SUCCESS |  
2019-08-21 02:17:34,850 | INFO  | DNAudit | user=null | ip=null | op=WRITE_CHUNK {blockData=conID: 3 locID: 102652566230467196 bcsId: 0} | ret=SUCCESS |  
2019-08-21 02:17:34,851 | INFO  | DNAudit | user=null | ip=null | op=WRITE_CHUNK {blockData=conID: 3 locID: 102652566230467196 bcsId: 0} | ret=SUCCESS |  
2019-08-21 02:17:34,858 | INFO  | DNAudit | user=null | ip=null | op=WRITE_CHUNK {blockData=conID: 3 locID: 102652566230467196 bcsId: 0} | ret=SUCCESS |  
2019-08-21 02:17:34,858 | INFO  | DNAudit | user=null | ip=null | op=PUT_BLOCK {blockData=[blockId=conID: 3 locID: 102652566230467196 bcsId: 0,size=1048576]} | ret=SUCCESS |  
2019-08-21 02:17:34,858 [grpc-default-executor-1] INFO  client.GrpcClientProtocolClient (GrpcClientProtocolClient.java:onNext(255)) - client-54CC064C3FCE->8224e767-71c1-41fc-a01a-d172d48fd9d8: receive RaftClientReply:client-54CC064C3FCE->8224e767-71c1-41fc-a01a-d172d48fd9d8@group-F6B37CC92441, cid=2925, SUCCESS, logIndex=4375, commits[8224e767-71c1-41fc-a01a-d172d48fd9d8:c4377, 6eae0c21-01aa-4169-956f-5952b26ea7ba:c4374, 8d7dcba1-3b82-4d94-a832-514ef5c79cf8:c4374]
2019-08-21 02:17:34,859 | INFO  | DNAudit | user=null | ip=null | op=WRITE_CHUNK {blockData=conID: 3 locID: 102652566230467196 bcsId: 0} | ret=SUCCESS |  
2019-08-21 02:17:34,859 [grpc-default-executor-1] INFO  client.GrpcClientProtocolClient (GrpcClientProtocolClient.java:onNext(255)) - client-54CC064C3FCE->8224e767-71c1-41fc-a01a-d172d48fd9d8: receive RaftClientReply:client-54CC064C3FCE->8224e767-71c1-41fc-a01a-d172d48fd9d8@group-F6B37CC92441, cid=2926, SUCCESS, logIndex=4376, commits[8224e767-71c1-41fc-a01a-d172d48fd9d8:c4378, 6eae0c21-01aa-4169-956f-5952b26ea7ba:c4374, 8d7dcba1-3b82-4d94-a832-514ef5c79cf8:c4374]
2019-08-21 02:17:34,859 | INFO  | DNAudit | user=null | ip=null | op=PUT_BLOCK {blockData=[blockId=conID: 3 locID: 102652566230467196 bcsId: 0,size=2097152]} | ret=SUCCESS |  
2019-08-21 02:17:34,860 | INFO  | DNAudit | user=null | ip=null | op=WRITE_CHUNK {blockData=conID: 3 locID: 102652566230467196 bcsId: 0} | ret=SUCCESS |  
2019-08-21 02:17:34,860 [grpc-default-executor-1] INFO  client.GrpcClientProtocolClient (GrpcClientProtocolClient.java:onNext(255)) - client-54CC064C3FCE->8224e767-71c1-41fc-a01a-d172d48fd9d8: receive RaftClientReply:client-54CC064C3FCE->8224e767-71c1-41fc-a01a-d172d48fd9d8@group-F6B37CC92441, cid=2927, SUCCESS, logIndex=4377, commits[8224e767-71c1-41fc-a01a-d172d48fd9d8:c4378, 6eae0c21-01aa-4169-956f-5952b26ea7ba:c4374, 8d7dcba1-3b82-4d94-a832-514ef5c79cf8:c4374]
2019-08-21 02:17:34,860 | INFO  | DNAudit | user=null | ip=null | op=PUT_BLOCK {blockData=[blockId=conID: 3 locID: 102652566230467196 bcsId: 0,size=1048576]} | ret=SUCCESS |  
2019-08-21 02:17:34,860 | INFO  | DNAudit | user=null | ip=null | op=WRITE_CHUNK {blockData=conID: 3 locID: 102652566230467196 bcsId: 0} | ret=SUCCESS |  
2019-08-21 02:17:34,860 [grpc-default-executor-3] INFO  client.GrpcClientProtocolClient (GrpcClientProtocolClient.java:onNext(255)) - client-54CC064C3FCE->8224e767-71c1-41fc-a01a-d172d48fd9d8: receive RaftClientReply:client-54CC064C3FCE->8224e767-71c1-41fc-a01a-d172d48fd9d8@group-F6B37CC92441, cid=2928, SUCCESS, logIndex=4378, commits[8224e767-71c1-41fc-a01a-d172d48fd9d8:c4378, 6eae0c21-01aa-4169-956f-5952b26ea7ba:c4374, 8d7dcba1-3b82-4d94-a832-514ef5c79cf8:c4374]
2019-08-21 02:17:34,861 | INFO  | DNAudit | user=null | ip=null | op=PUT_BLOCK {blockData=[blockId=conID: 3 locID: 102652566230467196 bcsId: 0,size=1048576]} | ret=SUCCESS |  
2019-08-21 02:17:34,861 | INFO  | DNAudit | user=null | ip=null | op=WRITE_CHUNK {blockData=conID: 3 locID: 102652566230467196 bcsId: 0} | ret=SUCCESS |  
2019-08-21 02:17:34,861 [grpc-default-executor-1] INFO  client.GrpcClientProtocolClient (GrpcClientProtocolClient.java:onNext(255)) - client-54CC064C3FCE->8224e767-71c1-41fc-a01a-d172d48fd9d8: receive RaftClientReply:client-54CC064C3FCE->8224e767-71c1-41fc-a01a-d172d48fd9d8@group-F6B37CC92441, cid=2929, SUCCESS, logIndex=0, commits[8224e767-71c1-41fc-a01a-d172d48fd9d8:c4381, 6eae0c21-01aa-4169-956f-5952b26ea7ba:c4377, 8d7dcba1-3b82-4d94-a832-514ef5c79cf8:c4376]
2019-08-21 02:17:34,861 | INFO  | DNAudit | user=null | ip=null | op=PUT_BLOCK {blockData=[blockId=conID: 3 locID: 102652566230467196 bcsId: 0,size=2097152]} | ret=SUCCESS |  
2019-08-21 02:17:34,861 | INFO  | DNAudit | user=null | ip=null | op=WRITE_CHUNK {blockData=conID: 3 locID: 102652566230467196 bcsId: 0} | ret=SUCCESS |  
2019-08-21 02:17:34,861 | INFO  | DNAudit | user=null | ip=null | op=PUT_BLOCK {blockData=[blockId=conID: 3 locID: 102652566230467196 bcsId: 0,size=2097152]} | ret=SUCCESS |  
2019-08-21 02:17:34,868 | INFO  | DNAudit | user=null | ip=null | op=WRITE_CHUNK {blockData=conID: 3 locID: 102652566230467196 bcsId: 4378} | ret=SUCCESS |  
2019-08-21 02:17:34,870 | INFO  | DNAudit | user=null | ip=null | op=WRITE_CHUNK {blockData=conID: 3 locID: 102652566230467196 bcsId: 4378} | ret=SUCCESS |  
2019-08-21 02:17:34,870 | INFO  | DNAudit | user=null | ip=null | op=WRITE_CHUNK {blockData=conID: 3 locID: 102652566230467196 bcsId: 4378} | ret=SUCCESS |  
2019-08-21 02:17:34,880 | INFO  | DNAudit | user=null | ip=null | op=WRITE_CHUNK {blockData=conID: 3 locID: 102652566230467196 bcsId: 4378} | ret=SUCCESS |  
2019-08-21 02:17:34,880 | INFO  | DNAudit | user=null | ip=null | op=PUT_BLOCK {blockData=[blockId=conID: 3 locID: 102652566230467196 bcsId: 0,size=3145728]} | ret=SUCCESS |  
2019-08-21 02:17:34,881 [grpc-default-executor-1] INFO  client.GrpcClientProtocolClient (GrpcClientProtocolClient.java:onNext(255)) - client-54CC064C3FCE->8224e767-71c1-41fc-a01a-d172d48fd9d8: receive RaftClientReply:client-54CC064C3FCE->8224e767-71c1-41fc-a01a-d172d48fd9d8@group-F6B37CC92441, cid=2930, SUCCESS, logIndex=4383, commits[8224e767-71c1-41fc-a01a-d172d48fd9d8:c4384, 6eae0c21-01aa-4169-956f-5952b26ea7ba:c4382, 8d7dcba1-3b82-4d94-a832-514ef5c79cf8:c4382]
2019-08-21 02:17:34,881 [grpc-default-executor-1] INFO  client.GrpcClientProtocolClient (GrpcClientProtocolClient.java:onNext(255)) - client-54CC064C3FCE->8224e767-71c1-41fc-a01a-d172d48fd9d8: receive RaftClientReply:client-54CC064C3FCE->8224e767-71c1-41fc-a01a-d172d48fd9d8@group-F6B37CC92441, cid=2931, SUCCESS, logIndex=4384, commits[8224e767-71c1-41fc-a01a-d172d48fd9d8:c4384, 6eae0c21-01aa-4169-956f-5952b26ea7ba:c4382, 8d7dcba1-3b82-4d94-a832-514ef5c79cf8:c4382]
2019-08-21 02:17:34,888 | INFO  | DNAudit | user=null | ip=null | op=WRITE_CHUNK {blockData=conID: 3 locID: 102652566230467196 bcsId: 4384} | ret=SUCCESS |  
2019-08-21 02:17:34,890 | INFO  | DNAudit | user=null | ip=null | op=WRITE_CHUNK {blockData=conID: 3 locID: 102652566230467196 bcsId: 4384} | ret=SUCCESS |  
2019-08-21 02:17:34,890 | INFO  | DNAudit | user=null | ip=null | op=WRITE_CHUNK {blockData=conID: 3 locID: 102652566230467196 bcsId: 4384} | ret=SUCCESS |  
2019-08-21 02:17:34,891 | INFO  | DNAudit | user=null | ip=null | op=WRITE_CHUNK {blockData=conID: 3 locID: 102652566230467196 bcsId: 4378} | ret=SUCCESS |  
2019-08-21 02:17:34,891 | INFO  | DNAudit | user=null | ip=null | op=WRITE_CHUNK {blockData=conID: 3 locID: 102652566230467196 bcsId: 4378} | ret=SUCCESS |  
2019-08-21 02:17:34,894 | INFO  | DNAudit | user=null | ip=null | op=PUT_BLOCK {blockData=[blockId=conID: 3 locID: 102652566230467196 bcsId: 0,size=3145728]} | ret=SUCCESS |  
2019-08-21 02:17:34,894 | INFO  | DNAudit | user=null | ip=null | op=PUT_BLOCK {blockData=[blockId=conID: 3 locID: 102652566230467196 bcsId: 0,size=3145728]} | ret=SUCCESS |  
2019-08-21 02:17:34,894 | INFO  | DNAudit | user=null | ip=null | op=WRITE_CHUNK {blockData=conID: 3 locID: 102652566230467196 bcsId: 4384} | ret=SUCCESS |  
2019-08-21 02:17:34,895 | INFO  | DNAudit | user=null | ip=null | op=PUT_BLOCK {blockData=[blockId=conID: 3 locID: 102652566230467196 bcsId: 0,size=4194304]} | ret=SUCCESS |  
2019-08-21 02:17:34,895 [grpc-default-executor-2] INFO  client.GrpcClientProtocolClient (GrpcClientProtocolClient.java:onNext(255)) - client-54CC064C3FCE->8224e767-71c1-41fc-a01a-d172d48fd9d8: receive RaftClientReply:client-54CC064C3FCE->8224e767-71c1-41fc-a01a-d172d48fd9d8@group-F6B37CC92441, cid=2932, SUCCESS, logIndex=4387, commits[8224e767-71c1-41fc-a01a-d172d48fd9d8:c4388, 6eae0c21-01aa-4169-956f-5952b26ea7ba:c4384, 8d7dcba1-3b82-4d94-a832-514ef5c79cf8:c4384]
2019-08-21 02:17:34,895 [grpc-default-executor-2] INFO  client.GrpcClientProtocolClient (GrpcClientProtocolClient.java:onNext(255)) - client-54CC064C3FCE->8224e767-71c1-41fc-a01a-d172d48fd9d8: receive RaftClientReply:client-54CC064C3FCE->8224e767-71c1-41fc-a01a-d172d48fd9d8@group-F6B37CC92441, cid=2933, SUCCESS, logIndex=4388, commits[8224e767-71c1-41fc-a01a-d172d48fd9d8:c4388, 6eae0c21-01aa-4169-956f-5952b26ea7ba:c4384, 8d7dcba1-3b82-4d94-a832-514ef5c79cf8:c4384]
2019-08-21 02:17:34,896 | INFO  | DNAudit | user=null | ip=null | op=WRITE_CHUNK {blockData=conID: 3 locID: 102652566230467196 bcsId: 4384} | ret=SUCCESS |  
2019-08-21 02:17:34,896 | INFO  | DNAudit | user=null | ip=null | op=WRITE_CHUNK {blockData=conID: 3 locID: 102652566230467196 bcsId: 4384} | ret=SUCCESS |  
2019-08-21 02:17:34,899 | INFO  | DNAudit | user=null | ip=null | op=PUT_BLOCK {blockData=[blockId=conID: 3 locID: 102652566230467196 bcsId: 0,size=4194304]} | ret=SUCCESS |  
2019-08-21 02:17:34,899 | INFO  | DNAudit | user=null | ip=null | op=PUT_BLOCK {blockData=[blockId=conID: 3 locID: 102652566230467196 bcsId: 0,size=4194304]} | ret=SUCCESS |  
2019-08-21 02:17:34,900 [grpc-default-executor-2] INFO  client.GrpcClientProtocolClient (GrpcClientProtocolClient.java:onNext(255)) - client-54CC064C3FCE->8224e767-71c1-41fc-a01a-d172d48fd9d8: receive RaftClientReply:client-54CC064C3FCE->8224e767-71c1-41fc-a01a-d172d48fd9d8@group-F6B37CC92441, cid=2934, SUCCESS, logIndex=0, commits[8224e767-71c1-41fc-a01a-d172d48fd9d8:c4390, 6eae0c21-01aa-4169-956f-5952b26ea7ba:c4388, 8d7dcba1-3b82-4d94-a832-514ef5c79cf8:c4388]
2019-08-21 02:17:34,905 | INFO  | SCMAudit | user=jenkins1000 | ip=192.168.34.10 | op=ALLOCATE_BLOCK {owner=b6f66289-f2a0-4058-b052-0a85e40df67b, size=4194304, type=RATIS, factor=THREE} | ret=SUCCESS |  
2019-08-21 02:17:34,908 | INFO  | OMAudit | user=jenkins1000 | ip=127.0.0.1 | op=ALLOCATE_BLOCK {volume=vol-0-90982, bucket=bucket-0-24269, key=key-0-81262, dataSize=0, replicationType=null, replicationFactor=null, keyLocationInfo=null, clientID=102652564580991378} | ret=SUCCESS |  
2019-08-21 02:17:34,915 | INFO  | DNAudit | user=null | ip=null | op=WRITE_CHUNK {blockData=conID: 1 locID: 102652566235054717 bcsId: 0} | ret=SUCCESS |  
2019-08-21 02:17:35,015 | INFO  | DNAudit | user=null | ip=null | op=WRITE_CHUNK {blockData=conID: 1 locID: 102652566235054717 bcsId: 0} | ret=SUCCESS |  
2019-08-21 02:17:35,017 | INFO  | DNAudit | user=null | ip=null | op=WRITE_CHUNK {blockData=conID: 1 locID: 102652566235054717 bcsId: 0} | ret=SUCCESS |  
2019-08-21 02:17:35,017 | INFO  | DNAudit | user=null | ip=null | op=WRITE_CHUNK {blockData=conID: 1 locID: 102652566235054717 bcsId: 0} | ret=SUCCESS |  
2019-08-21 02:17:35,020 | INFO  | DNAudit | user=null | ip=null | op=WRITE_CHUNK {blockData=conID: 1 locID: 102652566235054717 bcsId: 0} | ret=SUCCESS |  
2019-08-21 02:17:35,020 | INFO  | DNAudit | user=null | ip=null | op=WRITE_CHUNK {blockData=conID: 1 locID: 102652566235054717 bcsId: 0} | ret=SUCCESS |  
2019-08-21 02:17:35,028 | INFO  | DNAudit | user=null | ip=null | op=WRITE_CHUNK {blockData=conID: 1 locID: 102652566235054717 bcsId: 0} | ret=SUCCESS |  
2019-08-21 02:17:35,029 | INFO  | DNAudit | user=null | ip=null | op=PUT_BLOCK {blockData=[blockId=conID: 1 locID: 102652566235054717 bcsId: 0,size=1048576]} | ret=SUCCESS |  
2019-08-21 02:17:35,029 | INFO  | DNAudit | user=null | ip=null | op=WRITE_CHUNK {blockData=conID: 1 locID: 102652566235054717 bcsId: 0} | ret=SUCCESS |  
2019-08-21 02:17:35,029 [grpc-default-executor-1] INFO  client.GrpcClientProtocolClient (GrpcClientProtocolClient.java:onNext(255)) - client-54CC064C3FCE->8224e767-71c1-41fc-a01a-d172d48fd9d8: receive RaftClientReply:client-54CC064C3FCE->8224e767-71c1-41fc-a01a-d172d48fd9d8@group-F6B37CC92441, cid=2935, SUCCESS, logIndex=4391, commits[8224e767-71c1-41fc-a01a-d172d48fd9d8:c4394, 6eae0c21-01aa-4169-956f-5952b26ea7ba:c4390, 8d7dcba1-3b82-4d94-a832-514ef5c79cf8:c4390]
2019-08-21 02:17:35,029 | INFO  | DNAudit | user=null | ip=null | op=PUT_BLOCK {blockData=[blockId=conID: 1 locID: 102652566235054717 bcsId: 0,size=2097152]} | ret=SUCCESS |  
2019-08-21 02:17:35,030 [grpc-default-executor-1] INFO  client.GrpcClientProtocolClient (GrpcClientProtocolClient.java:onNext(255)) - client-54CC064C3FCE->8224e767-71c1-41fc-a01a-d172d48fd9d8: receive RaftClientReply:client-54CC064C3FCE->8224e767-71c1-41fc-a01a-d172d48fd9d8@group-F6B37CC92441, cid=2936, SUCCESS, logIndex=4392, commits[8224e767-71c1-41fc-a01a-d172d48fd9d8:c4394, 6eae0c21-01aa-4169-956f-5952b26ea7ba:c4390, 8d7dcba1-3b82-4d94-a832-514ef5c79cf8:c4390]
2019-08-21 02:17:35,030 [grpc-default-executor-1] INFO  client.GrpcClientProtocolClient (GrpcClientProtocolClient.java:onNext(255)) - client-54CC064C3FCE->8224e767-71c1-41fc-a01a-d172d48fd9d8: receive RaftClientReply:client-54CC064C3FCE->8224e767-71c1-41fc-a01a-d172d48fd9d8@group-F6B37CC92441, cid=2937, SUCCESS, logIndex=4393, commits[8224e767-71c1-41fc-a01a-d172d48fd9d8:c4394, 6eae0c21-01aa-4169-956f-5952b26ea7ba:c4390, 8d7dcba1-3b82-4d94-a832-514ef5c79cf8:c4390]
2019-08-21 02:17:35,030 [grpc-default-executor-1] INFO  client.GrpcClientProtocolClient (GrpcClientProtocolClient.java:onNext(255)) - client-54CC064C3FCE->8224e767-71c1-41fc-a01a-d172d48fd9d8: receive RaftClientReply:client-54CC064C3FCE->8224e767-71c1-41fc-a01a-d172d48fd9d8@group-F6B37CC92441, cid=2938, SUCCESS, logIndex=4394, commits[8224e767-71c1-41fc-a01a-d172d48fd9d8:c4394, 6eae0c21-01aa-4169-956f-5952b26ea7ba:c4390, 8d7dcba1-3b82-4d94-a832-514ef5c79cf8:c4390]
2019-08-21 02:17:35,031 | INFO  | DNAudit | user=null | ip=null | op=WRITE_CHUNK {blockData=conID: 1 locID: 102652566235054717 bcsId: 0} | ret=SUCCESS |  
2019-08-21 02:17:35,031 | INFO  | DNAudit | user=null | ip=null | op=PUT_BLOCK {blockData=[blockId=conID: 1 locID: 102652566235054717 bcsId: 0,size=1048576]} | ret=SUCCESS |  
2019-08-21 02:17:35,042 | INFO  | DNAudit | user=null | ip=null | op=WRITE_CHUNK {blockData=conID: 1 locID: 102652566235054717 bcsId: 0} | ret=SUCCESS |  
2019-08-21 02:17:35,042 | INFO  | DNAudit | user=null | ip=null | op=PUT_BLOCK {blockData=[blockId=conID: 1 locID: 102652566235054717 bcsId: 0,size=1048576]} | ret=SUCCESS |  
2019-08-21 02:17:35,042 | INFO  | DNAudit | user=null | ip=null | op=WRITE_CHUNK {blockData=conID: 1 locID: 102652566235054717 bcsId: 0} | ret=SUCCESS |  
2019-08-21 02:17:35,043 | INFO  | DNAudit | user=null | ip=null | op=PUT_BLOCK {blockData=[blockId=conID: 1 locID: 102652566235054717 bcsId: 0,size=2097152]} | ret=SUCCESS |  
2019-08-21 02:17:35,043 | INFO  | DNAudit | user=null | ip=null | op=WRITE_CHUNK {blockData=conID: 1 locID: 102652566235054717 bcsId: 0} | ret=SUCCESS |  
2019-08-21 02:17:35,043 [grpc-default-executor-2] INFO  client.GrpcClientProtocolClient (GrpcClientProtocolClient.java:onNext(255)) - client-54CC064C3FCE->8224e767-71c1-41fc-a01a-d172d48fd9d8: receive RaftClientReply:client-54CC064C3FCE->8224e767-71c1-41fc-a01a-d172d48fd9d8@group-F6B37CC92441, cid=2939, SUCCESS, logIndex=0, commits[8224e767-71c1-41fc-a01a-d172d48fd9d8:c4395, 6eae0c21-01aa-4169-956f-5952b26ea7ba:c4392, 8d7dcba1-3b82-4d94-a832-514ef5c79cf8:c4392]
2019-08-21 02:17:35,043 | INFO  | DNAudit | user=null | ip=null | op=PUT_BLOCK {blockData=[blockId=conID: 1 locID: 102652566235054717 bcsId: 0,size=2097152]} | ret=SUCCESS |  
2019-08-21 02:17:35,049 | INFO  | DNAudit | user=null | ip=null | op=WRITE_CHUNK {blockData=conID: 1 locID: 102652566235054717 bcsId: 4394} | ret=SUCCESS |  
2019-08-21 02:17:35,052 | INFO  | DNAudit | user=null | ip=null | op=WRITE_CHUNK {blockData=conID: 1 locID: 102652566235054717 bcsId: 4394} | ret=SUCCESS |  
2019-08-21 02:17:35,052 | INFO  | DNAudit | user=null | ip=null | op=WRITE_CHUNK {blockData=conID: 1 locID: 102652566235054717 bcsId: 4394} | ret=SUCCESS |  
2019-08-21 02:17:35,062 | INFO  | DNAudit | user=null | ip=null | op=WRITE_CHUNK {blockData=conID: 1 locID: 102652566235054717 bcsId: 4394} | ret=SUCCESS |  
2019-08-21 02:17:35,062 | INFO  | DNAudit | user=null | ip=null | op=PUT_BLOCK {blockData=[blockId=conID: 1 locID: 102652566235054717 bcsId: 0,size=3145728]} | ret=SUCCESS |  
2019-08-21 02:17:35,062 [grpc-default-executor-1] INFO  client.GrpcClientProtocolClient (GrpcClientProtocolClient.java:onNext(255)) - client-54CC064C3FCE->8224e767-71c1-41fc-a01a-d172d48fd9d8: receive RaftClientReply:client-54CC064C3FCE->8224e767-71c1-41fc-a01a-d172d48fd9d8@group-F6B37CC92441, cid=2940, SUCCESS, logIndex=4399, commits[8224e767-71c1-41fc-a01a-d172d48fd9d8:c4400, 6eae0c21-01aa-4169-956f-5952b26ea7ba:c4398, 8d7dcba1-3b82-4d94-a832-514ef5c79cf8:c4398]
2019-08-21 02:17:35,063 [grpc-default-executor-1] INFO  client.GrpcClientProtocolClient (GrpcClientProtocolClient.java:onNext(255)) - client-54CC064C3FCE->8224e767-71c1-41fc-a01a-d172d48fd9d8: receive RaftClientReply:client-54CC064C3FCE->8224e767-71c1-41fc-a01a-d172d48fd9d8@group-F6B37CC92441, cid=2941, SUCCESS, logIndex=4400, commits[8224e767-71c1-41fc-a01a-d172d48fd9d8:c4400, 6eae0c21-01aa-4169-956f-5952b26ea7ba:c4398, 8d7dcba1-3b82-4d94-a832-514ef5c79cf8:c4398]
2019-08-21 02:17:35,069 | INFO  | DNAudit | user=null | ip=null | op=WRITE_CHUNK {blockData=conID: 1 locID: 102652566235054717 bcsId: 4400} | ret=SUCCESS |  
2019-08-21 02:17:35,071 | INFO  | DNAudit | user=null | ip=null | op=WRITE_CHUNK {blockData=conID: 1 locID: 102652566235054717 bcsId: 4400} | ret=SUCCESS |  
2019-08-21 02:17:35,071 | INFO  | DNAudit | user=null | ip=null | op=WRITE_CHUNK {blockData=conID: 1 locID: 102652566235054717 bcsId: 4400} | ret=SUCCESS |  
2019-08-21 02:17:35,073 | INFO  | DNAudit | user=null | ip=null | op=WRITE_CHUNK {blockData=conID: 1 locID: 102652566235054717 bcsId: 4394} | ret=SUCCESS |  
2019-08-21 02:17:35,073 | INFO  | DNAudit | user=null | ip=null | op=WRITE_CHUNK {blockData=conID: 1 locID: 102652566235054717 bcsId: 4394} | ret=SUCCESS |  
2019-08-21 02:17:35,074 | INFO  | DNAudit | user=null | ip=null | op=PUT_BLOCK {blockData=[blockId=conID: 1 locID: 102652566235054717 bcsId: 0,size=3145728]} | ret=SUCCESS |  
2019-08-21 02:17:35,074 | INFO  | DNAudit | user=null | ip=null | op=PUT_BLOCK {blockData=[blockId=conID: 1 locID: 102652566235054717 bcsId: 0,size=3145728]} | ret=SUCCESS |  
2019-08-21 02:17:35,075 | INFO  | DNAudit | user=null | ip=null | op=WRITE_CHUNK {blockData=conID: 1 locID: 102652566235054717 bcsId: 4400} | ret=SUCCESS |  
2019-08-21 02:17:35,075 | INFO  | DNAudit | user=null | ip=null | op=PUT_BLOCK {blockData=[blockId=conID: 1 locID: 102652566235054717 bcsId: 0,size=4194304]} | ret=SUCCESS |  
2019-08-21 02:17:35,075 [grpc-default-executor-1] INFO  client.GrpcClientProtocolClient (GrpcClientProtocolClient.java:onNext(255)) - client-54CC064C3FCE->8224e767-71c1-41fc-a01a-d172d48fd9d8: receive RaftClientReply:client-54CC064C3FCE->8224e767-71c1-41fc-a01a-d172d48fd9d8@group-F6B37CC92441, cid=2942, SUCCESS, logIndex=4403, commits[8224e767-71c1-41fc-a01a-d172d48fd9d8:c4404, 6eae0c21-01aa-4169-956f-5952b26ea7ba:c4400, 8d7dcba1-3b82-4d94-a832-514ef5c79cf8:c4400]
2019-08-21 02:17:35,076 [grpc-default-executor-1] INFO  client.GrpcClientProtocolClient (GrpcClientProtocolClient.java:onNext(255)) - client-54CC064C3FCE->8224e767-71c1-41fc-a01a-d172d48fd9d8: receive RaftClientReply:client-54CC064C3FCE->8224e767-71c1-41fc-a01a-d172d48fd9d8@group-F6B37CC92441, cid=2943, SUCCESS, logIndex=4404, commits[8224e767-71c1-41fc-a01a-d172d48fd9d8:c4404, 6eae0c21-01aa-4169-956f-5952b26ea7ba:c4400, 8d7dcba1-3b82-4d94-a832-514ef5c79cf8:c4400]
2019-08-21 02:17:35,086 | INFO  | DNAudit | user=null | ip=null | op=WRITE_CHUNK {blockData=conID: 1 locID: 102652566235054717 bcsId: 4400} | ret=SUCCESS |  
2019-08-21 02:17:35,086 | INFO  | DNAudit | user=null | ip=null | op=WRITE_CHUNK {blockData=conID: 1 locID: 102652566235054717 bcsId: 4400} | ret=SUCCESS |  
2019-08-21 02:17:35,088 | INFO  | DNAudit | user=null | ip=null | op=PUT_BLOCK {blockData=[blockId=conID: 1 locID: 102652566235054717 bcsId: 0,size=4194304]} | ret=SUCCESS |  
2019-08-21 02:17:35,088 | INFO  | DNAudit | user=null | ip=null | op=PUT_BLOCK {blockData=[blockId=conID: 1 locID: 102652566235054717 bcsId: 0,size=4194304]} | ret=SUCCESS |  
2019-08-21 02:17:35,088 [grpc-default-executor-1] INFO  client.GrpcClientProtocolClient (GrpcClientProtocolClient.java:onNext(255)) - client-54CC064C3FCE->8224e767-71c1-41fc-a01a-d172d48fd9d8: receive RaftClientReply:client-54CC064C3FCE->8224e767-71c1-41fc-a01a-d172d48fd9d8@group-F6B37CC92441, cid=2944, SUCCESS, logIndex=0, commits[8224e767-71c1-41fc-a01a-d172d48fd9d8:c4406, 6eae0c21-01aa-4169-956f-5952b26ea7ba:c4404, 8d7dcba1-3b82-4d94-a832-514ef5c79cf8:c4404]
2019-08-21 02:17:35,097 | INFO  | SCMAudit | user=jenkins1000 | ip=192.168.34.10 | op=ALLOCATE_BLOCK {owner=b6f66289-f2a0-4058-b052-0a85e40df67b, size=4194304, type=RATIS, factor=THREE} | ret=SUCCESS |  
2019-08-21 02:17:35,101 | INFO  | OMAudit | user=jenkins1000 | ip=127.0.0.1 | op=ALLOCATE_BLOCK {volume=vol-0-90982, bucket=bucket-0-24269, key=key-0-81262, dataSize=0, replicationType=null, replicationFactor=null, keyLocationInfo=null, clientID=102652564580991378} | ret=SUCCESS |  
2019-08-21 02:17:35,107 | INFO  | DNAudit | user=null | ip=null | op=WRITE_CHUNK {blockData=conID: 2 locID: 102652566247637630 bcsId: 0} | ret=SUCCESS |  
2019-08-21 02:17:35,111 | INFO  | DNAudit | user=null | ip=null | op=WRITE_CHUNK {blockData=conID: 2 locID: 102652566247637630 bcsId: 0} | ret=SUCCESS |  
2019-08-21 02:17:35,111 | INFO  | DNAudit | user=null | ip=null | op=WRITE_CHUNK {blockData=conID: 2 locID: 102652566247637630 bcsId: 0} | ret=SUCCESS |  
2019-08-21 02:17:35,112 | INFO  | DNAudit | user=null | ip=null | op=WRITE_CHUNK {blockData=conID: 2 locID: 102652566247637630 bcsId: 0} | ret=SUCCESS |  
2019-08-21 02:17:35,113 | INFO  | DNAudit | user=null | ip=null | op=WRITE_CHUNK {blockData=conID: 2 locID: 102652566247637630 bcsId: 0} | ret=SUCCESS |  
2019-08-21 02:17:35,113 | INFO  | DNAudit | user=null | ip=null | op=WRITE_CHUNK {blockData=conID: 2 locID: 102652566247637630 bcsId: 0} | ret=SUCCESS |  
2019-08-21 02:17:35,121 | INFO  | DNAudit | user=null | ip=null | op=WRITE_CHUNK {blockData=conID: 2 locID: 102652566247637630 bcsId: 0} | ret=SUCCESS |  
2019-08-21 02:17:35,122 | INFO  | DNAudit | user=null | ip=null | op=PUT_BLOCK {blockData=[blockId=conID: 2 locID: 102652566247637630 bcsId: 0,size=1048576]} | ret=SUCCESS |  
2019-08-21 02:17:35,122 [grpc-default-executor-2] INFO  client.GrpcClientProtocolClient (GrpcClientProtocolClient.java:onNext(255)) - client-54CC064C3FCE->8224e767-71c1-41fc-a01a-d172d48fd9d8: receive RaftClientReply:client-54CC064C3FCE->8224e767-71c1-41fc-a01a-d172d48fd9d8@group-F6B37CC92441, cid=2945, SUCCESS, logIndex=4407, commits[8224e767-71c1-41fc-a01a-d172d48fd9d8:c4410, 6eae0c21-01aa-4169-956f-5952b26ea7ba:c4406, 8d7dcba1-3b82-4d94-a832-514ef5c79cf8:c4406]
2019-08-21 02:17:35,122 | INFO  | DNAudit | user=null | ip=null | op=WRITE_CHUNK {blockData=conID: 2 locID: 102652566247637630 bcsId: 0} | ret=SUCCESS |  
2019-08-21 02:17:35,123 | INFO  | DNAudit | user=null | ip=null | op=PUT_BLOCK {blockData=[blockId=conID: 2 locID: 102652566247637630 bcsId: 0,size=2097152]} | ret=SUCCESS |  
2019-08-21 02:17:35,123 [grpc-default-executor-2] INFO  client.GrpcClientProtocolClient (GrpcClientProtocolClient.java:onNext(255)) - client-54CC064C3FCE->8224e767-71c1-41fc-a01a-d172d48fd9d8: receive RaftClientReply:client-54CC064C3FCE->8224e767-71c1-41fc-a01a-d172d48fd9d8@group-F6B37CC92441, cid=2946, SUCCESS, logIndex=4408, commits[8224e767-71c1-41fc-a01a-d172d48fd9d8:c4410, 6eae0c21-01aa-4169-956f-5952b26ea7ba:c4406, 8d7dcba1-3b82-4d94-a832-514ef5c79cf8:c4406]
2019-08-21 02:17:35,123 [grpc-default-executor-2] INFO  client.GrpcClientProtocolClient (GrpcClientProtocolClient.java:onNext(255)) - client-54CC064C3FCE->8224e767-71c1-41fc-a01a-d172d48fd9d8: receive RaftClientReply:client-54CC064C3FCE->8224e767-71c1-41fc-a01a-d172d48fd9d8@group-F6B37CC92441, cid=2947, SUCCESS, logIndex=4409, commits[8224e767-71c1-41fc-a01a-d172d48fd9d8:c4410, 6eae0c21-01aa-4169-956f-5952b26ea7ba:c4406, 8d7dcba1-3b82-4d94-a832-514ef5c79cf8:c4406]
2019-08-21 02:17:35,123 [grpc-default-executor-2] INFO  client.GrpcClientProtocolClient (GrpcClientProtocolClient.java:onNext(255)) - client-54CC064C3FCE->8224e767-71c1-41fc-a01a-d172d48fd9d8: receive RaftClientReply:client-54CC064C3FCE->8224e767-71c1-41fc-a01a-d172d48fd9d8@group-F6B37CC92441, cid=2948, SUCCESS, logIndex=4410, commits[8224e767-71c1-41fc-a01a-d172d48fd9d8:c4410, 6eae0c21-01aa-4169-956f-5952b26ea7ba:c4406, 8d7dcba1-3b82-4d94-a832-514ef5c79cf8:c4406]
2019-08-21 02:17:35,132 | INFO  | DNAudit | user=null | ip=null | op=WRITE_CHUNK {blockData=conID: 2 locID: 102652566247637630 bcsId: 0} | ret=SUCCESS |  
2019-08-21 02:17:35,132 | INFO  | DNAudit | user=null | ip=null | op=WRITE_CHUNK {blockData=conID: 2 locID: 102652566247637630 bcsId: 0} | ret=SUCCESS |  
2019-08-21 02:17:35,132 | INFO  | DNAudit | user=null | ip=null | op=PUT_BLOCK {blockData=[blockId=conID: 2 locID: 102652566247637630 bcsId: 0,size=1048576]} | ret=SUCCESS |  
2019-08-21 02:17:35,132 | INFO  | DNAudit | user=null | ip=null | op=WRITE_CHUNK {blockData=conID: 2 locID: 102652566247637630 bcsId: 0} | ret=SUCCESS |  
2019-08-21 02:17:35,132 | INFO  | DNAudit | user=null | ip=null | op=PUT_BLOCK {blockData=[blockId=conID: 2 locID: 102652566247637630 bcsId: 0,size=2097152]} | ret=SUCCESS |  
2019-08-21 02:17:35,134 | INFO  | DNAudit | user=null | ip=null | op=PUT_BLOCK {blockData=[blockId=conID: 2 locID: 102652566247637630 bcsId: 0,size=1048576]} | ret=SUCCESS |  
2019-08-21 02:17:35,135 | INFO  | DNAudit | user=null | ip=null | op=WRITE_CHUNK {blockData=conID: 2 locID: 102652566247637630 bcsId: 0} | ret=SUCCESS |  
2019-08-21 02:17:35,135 | INFO  | DNAudit | user=null | ip=null | op=PUT_BLOCK {blockData=[blockId=conID: 2 locID: 102652566247637630 bcsId: 0,size=2097152]} | ret=SUCCESS |  
2019-08-21 02:17:35,135 [grpc-default-executor-4] INFO  client.GrpcClientProtocolClient (GrpcClientProtocolClient.java:onNext(255)) - client-54CC064C3FCE->8224e767-71c1-41fc-a01a-d172d48fd9d8: receive RaftClientReply:client-54CC064C3FCE->8224e767-71c1-41fc-a01a-d172d48fd9d8@group-F6B37CC92441, cid=2949, SUCCESS, logIndex=0, commits[8224e767-71c1-41fc-a01a-d172d48fd9d8:c4411, 6eae0c21-01aa-4169-956f-5952b26ea7ba:c4410, 8d7dcba1-3b82-4d94-a832-514ef5c79cf8:c4410]
2019-08-21 02:17:35,142 | INFO  | DNAudit | user=null | ip=null | op=WRITE_CHUNK {blockData=conID: 2 locID: 102652566247637630 bcsId: 4410} | ret=SUCCESS |  
2019-08-21 02:17:35,144 | INFO  | DNAudit | user=null | ip=null | op=WRITE_CHUNK {blockData=conID: 2 locID: 102652566247637630 bcsId: 4410} | ret=SUCCESS |  
2019-08-21 02:17:35,144 | INFO  | DNAudit | user=null | ip=null | op=WRITE_CHUNK {blockData=conID: 2 locID: 102652566247637630 bcsId: 4410} | ret=SUCCESS |  
2019-08-21 02:17:35,154 | INFO  | DNAudit | user=null | ip=null | op=WRITE_CHUNK {blockData=conID: 2 locID: 102652566247637630 bcsId: 4410} | ret=SUCCESS |  
2019-08-21 02:17:35,155 | INFO  | DNAudit | user=null | ip=null | op=PUT_BLOCK {blockData=[blockId=conID: 2 locID: 102652566247637630 bcsId: 0,size=3145728]} | ret=SUCCESS |  
2019-08-21 02:17:35,155 [grpc-default-executor-4] INFO  client.GrpcClientProtocolClient (GrpcClientProtocolClient.java:onNext(255)) - client-54CC064C3FCE->8224e767-71c1-41fc-a01a-d172d48fd9d8: receive RaftClientReply:client-54CC064C3FCE->8224e767-71c1-41fc-a01a-d172d48fd9d8@group-F6B37CC92441, cid=2950, SUCCESS, logIndex=4413, commits[8224e767-71c1-41fc-a01a-d172d48fd9d8:c4414, 6eae0c21-01aa-4169-956f-5952b26ea7ba:c4412, 8d7dcba1-3b82-4d94-a832-514ef5c79cf8:c4412]
2019-08-21 02:17:35,155 [grpc-default-executor-4] INFO  client.GrpcClientProtocolClient (GrpcClientProtocolClient.java:onNext(255)) - client-54CC064C3FCE->8224e767-71c1-41fc-a01a-d172d48fd9d8: receive RaftClientReply:client-54CC064C3FCE->8224e767-71c1-41fc-a01a-d172d48fd9d8@group-F6B37CC92441, cid=2951, SUCCESS, logIndex=4414, commits[8224e767-71c1-41fc-a01a-d172d48fd9d8:c4414, 6eae0c21-01aa-4169-956f-5952b26ea7ba:c4412, 8d7dcba1-3b82-4d94-a832-514ef5c79cf8:c4412]
2019-08-21 02:17:35,161 | INFO  | DNAudit | user=null | ip=null | op=WRITE_CHUNK {blockData=conID: 2 locID: 102652566247637630 bcsId: 4414} | ret=SUCCESS |  
 0.00% |█                                                                                                    |  0/1 Time: 0:00:252019-08-21 02:17:35,164 | INFO  | SCMAudit | user=jenkins1000 | ip=192.168.34.10 | op=SEND_HEARTBEAT {datanodeUUID=94764dae-819c-4b7e-92f1-9cd6c64427b7, command=[]} | ret=SUCCESS |  
2019-08-21 02:17:35,164 | INFO  | SCMAudit | user=jenkins1000 | ip=192.168.34.10 | op=SEND_HEARTBEAT {datanodeUUID=8d7dcba1-3b82-4d94-a832-514ef5c79cf8, command=[]} | ret=SUCCESS |  
2019-08-21 02:17:35,164 | INFO  | SCMAudit | user=jenkins1000 | ip=192.168.34.10 | op=SEND_HEARTBEAT {datanodeUUID=3def7c30-cb13-4f41-8119-6188f246ad27, command=[]} | ret=SUCCESS |  
2019-08-21 02:17:35,164 | INFO  | DNAudit | user=null | ip=null | op=WRITE_CHUNK {blockData=conID: 2 locID: 102652566247637630 bcsId: 4414} | ret=SUCCESS |  
2019-08-21 02:17:35,164 | INFO  | SCMAudit | user=jenkins1000 | ip=192.168.34.10 | op=SEND_HEARTBEAT {datanodeUUID=8224e767-71c1-41fc-a01a-d172d48fd9d8, command=[]} | ret=SUCCESS |  
2019-08-21 02:17:35,164 | INFO  | SCMAudit | user=jenkins1000 | ip=192.168.34.10 | op=SEND_HEARTBEAT {datanodeUUID=6eae0c21-01aa-4169-956f-5952b26ea7ba, command=[]} | ret=SUCCESS |  
2019-08-21 02:17:35,165 | INFO  | DNAudit | user=null | ip=null | op=WRITE_CHUNK {blockData=conID: 2 locID: 102652566247637630 bcsId: 4414} | ret=SUCCESS |  
2019-08-21 02:17:35,166 | INFO  | DNAudit | user=null | ip=null | op=WRITE_CHUNK {blockData=conID: 2 locID: 102652566247637630 bcsId: 4410} | ret=SUCCESS |  
2019-08-21 02:17:35,166 | INFO  | DNAudit | user=null | ip=null | op=WRITE_CHUNK {blockData=conID: 2 locID: 102652566247637630 bcsId: 4410} | ret=SUCCESS |  
2019-08-21 02:17:35,169 | INFO  | DNAudit | user=null | ip=null | op=PUT_BLOCK {blockData=[blockId=conID: 2 locID: 102652566247637630 bcsId: 0,size=3145728]} | ret=SUCCESS |  
2019-08-21 02:17:35,169 | INFO  | DNAudit | user=null | ip=null | op=PUT_BLOCK {blockData=[blockId=conID: 2 locID: 102652566247637630 bcsId: 0,size=3145728]} | ret=SUCCESS |  
2019-08-21 02:17:35,170 | INFO  | DNAudit | user=null | ip=null | op=WRITE_CHUNK {blockData=conID: 2 locID: 102652566247637630 bcsId: 4414} | ret=SUCCESS |  
2019-08-21 02:17:35,170 | INFO  | DNAudit | user=null | ip=null | op=PUT_BLOCK {blockData=[blockId=conID: 2 locID: 102652566247637630 bcsId: 0,size=4194304]} | ret=SUCCESS |  
2019-08-21 02:17:35,170 [grpc-default-executor-4] INFO  client.GrpcClientProtocolClient (GrpcClientProtocolClient.java:onNext(255)) - client-54CC064C3FCE->8224e767-71c1-41fc-a01a-d172d48fd9d8: receive RaftClientReply:client-54CC064C3FCE->8224e767-71c1-41fc-a01a-d172d48fd9d8@group-F6B37CC92441, cid=2952, SUCCESS, logIndex=4417, commits[8224e767-71c1-41fc-a01a-d172d48fd9d8:c4417, 6eae0c21-01aa-4169-956f-5952b26ea7ba:c4414, 8d7dcba1-3b82-4d94-a832-514ef5c79cf8:c4414]
2019-08-21 02:17:35,171 [grpc-default-executor-4] INFO  client.GrpcClientProtocolClient (GrpcClientProtocolClient.java:onNext(255)) - client-54CC064C3FCE->8224e767-71c1-41fc-a01a-d172d48fd9d8: receive RaftClientReply:client-54CC064C3FCE->8224e767-71c1-41fc-a01a-d172d48fd9d8@group-F6B37CC92441, cid=2953, SUCCESS, logIndex=4418, commits[8224e767-71c1-41fc-a01a-d172d48fd9d8:c4418, 6eae0c21-01aa-4169-956f-5952b26ea7ba:c4414, 8d7dcba1-3b82-4d94-a832-514ef5c79cf8:c4414]
2019-08-21 02:17:35,189 | INFO  | DNAudit | user=null | ip=null | op=WRITE_CHUNK {blockData=conID: 2 locID: 102652566247637630 bcsId: 4414} | ret=SUCCESS |  
2019-08-21 02:17:35,189 | INFO  | DNAudit | user=null | ip=null | op=WRITE_CHUNK {blockData=conID: 2 locID: 102652566247637630 bcsId: 4414} | ret=SUCCESS |  
2019-08-21 02:17:35,190 | INFO  | DNAudit | user=null | ip=null | op=PUT_BLOCK {blockData=[blockId=conID: 2 locID: 102652566247637630 bcsId: 0,size=4194304]} | ret=SUCCESS |  
2019-08-21 02:17:35,190 | INFO  | DNAudit | user=null | ip=null | op=PUT_BLOCK {blockData=[blockId=conID: 2 locID: 102652566247637630 bcsId: 0,size=4194304]} | ret=SUCCESS |  
2019-08-21 02:17:35,191 [grpc-default-executor-4] INFO  client.GrpcClientProtocolClient (GrpcClientProtocolClient.java:onNext(255)) - client-54CC064C3FCE->8224e767-71c1-41fc-a01a-d172d48fd9d8: receive RaftClientReply:client-54CC064C3FCE->8224e767-71c1-41fc-a01a-d172d48fd9d8@group-F6B37CC92441, cid=2954, SUCCESS, logIndex=0, commits[8224e767-71c1-41fc-a01a-d172d48fd9d8:c4420, 6eae0c21-01aa-4169-956f-5952b26ea7ba:c4418, 8d7dcba1-3b82-4d94-a832-514ef5c79cf8:c4418]
2019-08-21 02:17:35,200 | INFO  | SCMAudit | user=jenkins1000 | ip=192.168.34.10 | op=ALLOCATE_BLOCK {owner=b6f66289-f2a0-4058-b052-0a85e40df67b, size=4194304, type=RATIS, factor=THREE} | ret=SUCCESS |  
2019-08-21 02:17:35,204 | INFO  | OMAudit | user=jenkins1000 | ip=127.0.0.1 | op=ALLOCATE_BLOCK {volume=vol-0-90982, bucket=bucket-0-24269, key=key-0-81262, dataSize=0, replicationType=null, replicationFactor=null, keyLocationInfo=null, clientID=102652564580991378} | ret=SUCCESS |  
2019-08-21 02:17:35,212 | INFO  | DNAudit | user=null | ip=null | op=WRITE_CHUNK {blockData=conID: 3 locID: 102652566254387839 bcsId: 0} | ret=SUCCESS |  
2019-08-21 02:17:35,215 | INFO  | DNAudit | user=null | ip=null | op=WRITE_CHUNK {blockData=conID: 3 locID: 102652566254387839 bcsId: 0} | ret=SUCCESS |  
2019-08-21 02:17:35,215 | INFO  | DNAudit | user=null | ip=null | op=WRITE_CHUNK {blockData=conID: 3 locID: 102652566254387839 bcsId: 0} | ret=SUCCESS |  
2019-08-21 02:17:35,215 | INFO  | DNAudit | user=null | ip=null | op=WRITE_CHUNK {blockData=conID: 3 locID: 102652566254387839 bcsId: 0} | ret=SUCCESS |  
2019-08-21 02:17:35,218 | INFO  | DNAudit | user=null | ip=null | op=WRITE_CHUNK {blockData=conID: 3 locID: 102652566254387839 bcsId: 0} | ret=SUCCESS |  
2019-08-21 02:17:35,218 | INFO  | DNAudit | user=null | ip=null | op=WRITE_CHUNK {blockData=conID: 3 locID: 102652566254387839 bcsId: 0} | ret=SUCCESS |  
2019-08-21 02:17:35,224 | INFO  | DNAudit | user=null | ip=null | op=WRITE_CHUNK {blockData=conID: 3 locID: 102652566254387839 bcsId: 0} | ret=SUCCESS |  
2019-08-21 02:17:35,225 | INFO  | DNAudit | user=null | ip=null | op=PUT_BLOCK {blockData=[blockId=conID: 3 locID: 102652566254387839 bcsId: 0,size=1048576]} | ret=SUCCESS |  
2019-08-21 02:17:35,225 | INFO  | DNAudit | user=null | ip=null | op=WRITE_CHUNK {blockData=conID: 3 locID: 102652566254387839 bcsId: 0} | ret=SUCCESS |  
2019-08-21 02:17:35,225 [grpc-default-executor-1] INFO  client.GrpcClientProtocolClient (GrpcClientProtocolClient.java:onNext(255)) - client-54CC064C3FCE->8224e767-71c1-41fc-a01a-d172d48fd9d8: receive RaftClientReply:client-54CC064C3FCE->8224e767-71c1-41fc-a01a-d172d48fd9d8@group-F6B37CC92441, cid=2955, SUCCESS, logIndex=4421, commits[8224e767-71c1-41fc-a01a-d172d48fd9d8:c4423, 6eae0c21-01aa-4169-956f-5952b26ea7ba:c4420, 8d7dcba1-3b82-4d94-a832-514ef5c79cf8:c4420]
2019-08-21 02:17:35,226 | INFO  | DNAudit | user=null | ip=null | op=PUT_BLOCK {blockData=[blockId=conID: 3 locID: 102652566254387839 bcsId: 0,size=2097152]} | ret=SUCCESS |  
2019-08-21 02:17:35,226 [grpc-default-executor-1] INFO  client.GrpcClientProtocolClient (GrpcClientProtocolClient.java:onNext(255)) - client-54CC064C3FCE->8224e767-71c1-41fc-a01a-d172d48fd9d8: receive RaftClientReply:client-54CC064C3FCE->8224e767-71c1-41fc-a01a-d172d48fd9d8@group-F6B37CC92441, cid=2956, SUCCESS, logIndex=4422, commits[8224e767-71c1-41fc-a01a-d172d48fd9d8:c4424, 6eae0c21-01aa-4169-956f-5952b26ea7ba:c4420, 8d7dcba1-3b82-4d94-a832-514ef5c79cf8:c4420]
2019-08-21 02:17:35,226 [grpc-default-executor-1] INFO  client.GrpcClientProtocolClient (GrpcClientProtocolClient.java:onNext(255)) - client-54CC064C3FCE->8224e767-71c1-41fc-a01a-d172d48fd9d8: receive RaftClientReply:client-54CC064C3FCE->8224e767-71c1-41fc-a01a-d172d48fd9d8@group-F6B37CC92441, cid=2957, SUCCESS, logIndex=4423, commits[8224e767-71c1-41fc-a01a-d172d48fd9d8:c4424, 6eae0c21-01aa-4169-956f-5952b26ea7ba:c4420, 8d7dcba1-3b82-4d94-a832-514ef5c79cf8:c4420]
2019-08-21 02:17:35,226 [grpc-default-executor-1] INFO  client.GrpcClientProtocolClient (GrpcClientProtocolClient.java:onNext(255)) - client-54CC064C3FCE->8224e767-71c1-41fc-a01a-d172d48fd9d8: receive RaftClientReply:client-54CC064C3FCE->8224e767-71c1-41fc-a01a-d172d48fd9d8@group-F6B37CC92441, cid=2958, SUCCESS, logIndex=4424, commits[8224e767-71c1-41fc-a01a-d172d48fd9d8:c4424, 6eae0c21-01aa-4169-956f-5952b26ea7ba:c4420, 8d7dcba1-3b82-4d94-a832-514ef5c79cf8:c4420]
2019-08-21 02:17:35,236 | INFO  | DNAudit | user=null | ip=null | op=WRITE_CHUNK {blockData=conID: 3 locID: 102652566254387839 bcsId: 0} | ret=SUCCESS |  
2019-08-21 02:17:35,251 | INFO  | DNAudit | user=null | ip=null | op=PUT_BLOCK {blockData=[blockId=conID: 3 locID: 102652566254387839 bcsId: 0,size=1048576]} | ret=SUCCESS |  
2019-08-21 02:17:35,251 | INFO  | DNAudit | user=null | ip=null | op=WRITE_CHUNK {blockData=conID: 3 locID: 102652566254387839 bcsId: 0} | ret=SUCCESS |  
2019-08-21 02:17:35,251 | INFO  | DNAudit | user=null | ip=null | op=PUT_BLOCK {blockData=[blockId=conID: 3 locID: 102652566254387839 bcsId: 0,size=1048576]} | ret=SUCCESS |  
2019-08-21 02:17:35,251 | INFO  | DNAudit | user=null | ip=null | op=WRITE_CHUNK {blockData=conID: 3 locID: 102652566254387839 bcsId: 0} | ret=SUCCESS |  
2019-08-21 02:17:35,252 | INFO  | DNAudit | user=null | ip=null | op=PUT_BLOCK {blockData=[blockId=conID: 3 locID: 102652566254387839 bcsId: 0,size=2097152]} | ret=SUCCESS |  
2019-08-21 02:17:35,251 | INFO  | DNAudit | user=null | ip=null | op=WRITE_CHUNK {blockData=conID: 3 locID: 102652566254387839 bcsId: 0} | ret=SUCCESS |  
2019-08-21 02:17:35,252 | INFO  | DNAudit | user=null | ip=null | op=PUT_BLOCK {blockData=[blockId=conID: 3 locID: 102652566254387839 bcsId: 0,size=2097152]} | ret=SUCCESS |  
2019-08-21 02:17:35,252 [grpc-default-executor-4] INFO  client.GrpcClientProtocolClient (GrpcClientProtocolClient.java:onNext(255)) - client-54CC064C3FCE->8224e767-71c1-41fc-a01a-d172d48fd9d8: receive RaftClientReply:client-54CC064C3FCE->8224e767-71c1-41fc-a01a-d172d48fd9d8@group-F6B37CC92441, cid=2959, SUCCESS, logIndex=0, commits[8224e767-71c1-41fc-a01a-d172d48fd9d8:c4427, 6eae0c21-01aa-4169-956f-5952b26ea7ba:c4424, 8d7dcba1-3b82-4d94-a832-514ef5c79cf8:c4422]
2019-08-21 02:17:35,260 | INFO  | DNAudit | user=null | ip=null | op=WRITE_CHUNK {blockData=conID: 3 locID: 102652566254387839 bcsId: 4424} | ret=SUCCESS |  
2019-08-21 02:17:35,263 | INFO  | DNAudit | user=null | ip=null | op=WRITE_CHUNK {blockData=conID: 3 locID: 102652566254387839 bcsId: 4424} | ret=SUCCESS |  
2019-08-21 02:17:35,263 | INFO  | DNAudit | user=null | ip=null | op=WRITE_CHUNK {blockData=conID: 3 locID: 102652566254387839 bcsId: 4424} | ret=SUCCESS |  
2019-08-21 02:17:35,273 | INFO  | DNAudit | user=null | ip=null | op=WRITE_CHUNK {blockData=conID: 3 locID: 102652566254387839 bcsId: 4424} | ret=SUCCESS |  
2019-08-21 02:17:35,273 | INFO  | DNAudit | user=null | ip=null | op=PUT_BLOCK {blockData=[blockId=conID: 3 locID: 102652566254387839 bcsId: 0,size=3145728]} | ret=SUCCESS |  
2019-08-21 02:17:35,274 [grpc-default-executor-1] INFO  client.GrpcClientProtocolClient (GrpcClientProtocolClient.java:onNext(255)) - client-54CC064C3FCE->8224e767-71c1-41fc-a01a-d172d48fd9d8: receive RaftClientReply:client-54CC064C3FCE->8224e767-71c1-41fc-a01a-d172d48fd9d8@group-F6B37CC92441, cid=2960, SUCCESS, logIndex=4429, commits[8224e767-71c1-41fc-a01a-d172d48fd9d8:c4430, 6eae0c21-01aa-4169-956f-5952b26ea7ba:c4428, 8d7dcba1-3b82-4d94-a832-514ef5c79cf8:c4428]
2019-08-21 02:17:35,274 [grpc-default-executor-1] INFO  client.GrpcClientProtocolClient (GrpcClientProtocolClient.java:onNext(255)) - client-54CC064C3FCE->8224e767-71c1-41fc-a01a-d172d48fd9d8: receive RaftClientReply:client-54CC064C3FCE->8224e767-71c1-41fc-a01a-d172d48fd9d8@group-F6B37CC92441, cid=2961, SUCCESS, logIndex=4430, commits[8224e767-71c1-41fc-a01a-d172d48fd9d8:c4430, 6eae0c21-01aa-4169-956f-5952b26ea7ba:c4428, 8d7dcba1-3b82-4d94-a832-514ef5c79cf8:c4428]
2019-08-21 02:17:35,281 | INFO  | DNAudit | user=null | ip=null | op=WRITE_CHUNK {blockData=conID: 3 locID: 102652566254387839 bcsId: 4430} | ret=SUCCESS |  
2019-08-21 02:17:35,283 | INFO  | DNAudit | user=null | ip=null | op=WRITE_CHUNK {blockData=conID: 3 locID: 102652566254387839 bcsId: 4430} | ret=SUCCESS |  
2019-08-21 02:17:35,285 | INFO  | DNAudit | user=null | ip=null | op=WRITE_CHUNK {blockData=conID: 3 locID: 102652566254387839 bcsId: 4430} | ret=SUCCESS |  
2019-08-21 02:17:35,287 | INFO  | DNAudit | user=null | ip=null | op=WRITE_CHUNK {blockData=conID: 3 locID: 102652566254387839 bcsId: 4424} | ret=SUCCESS |  
2019-08-21 02:17:35,287 | INFO  | DNAudit | user=null | ip=null | op=WRITE_CHUNK {blockData=conID: 3 locID: 102652566254387839 bcsId: 4424} | ret=SUCCESS |  
2019-08-21 02:17:35,287 | INFO  | DNAudit | user=null | ip=null | op=PUT_BLOCK {blockData=[blockId=conID: 3 locID: 102652566254387839 bcsId: 0,size=3145728]} | ret=SUCCESS |  
2019-08-21 02:17:35,290 | INFO  | DNAudit | user=null | ip=null | op=PUT_BLOCK {blockData=[blockId=conID: 3 locID: 102652566254387839 bcsId: 0,size=3145728]} | ret=SUCCESS |  
2019-08-21 02:17:35,290 | INFO  | DNAudit | user=null | ip=null | op=WRITE_CHUNK {blockData=conID: 3 locID: 102652566254387839 bcsId: 4430} | ret=SUCCESS |  
2019-08-21 02:17:35,290 | INFO  | DNAudit | user=null | ip=null | op=PUT_BLOCK {blockData=[blockId=conID: 3 locID: 102652566254387839 bcsId: 0,size=4194304]} | ret=SUCCESS |  
2019-08-21 02:17:35,290 [grpc-default-executor-2] INFO  client.GrpcClientProtocolClient (GrpcClientProtocolClient.java:onNext(255)) - client-54CC064C3FCE->8224e767-71c1-41fc-a01a-d172d48fd9d8: receive RaftClientReply:client-54CC064C3FCE->8224e767-71c1-41fc-a01a-d172d48fd9d8@group-F6B37CC92441, cid=2962, SUCCESS, logIndex=4433, commits[8224e767-71c1-41fc-a01a-d172d48fd9d8:c4434, 6eae0c21-01aa-4169-956f-5952b26ea7ba:c4430, 8d7dcba1-3b82-4d94-a832-514ef5c79cf8:c4430]
2019-08-21 02:17:35,291 [grpc-default-executor-2] INFO  client.GrpcClientProtocolClient (GrpcClientProtocolClient.java:onNext(255)) - client-54CC064C3FCE->8224e767-71c1-41fc-a01a-d172d48fd9d8: receive RaftClientReply:client-54CC064C3FCE->8224e767-71c1-41fc-a01a-d172d48fd9d8@group-F6B37CC92441, cid=2963, SUCCESS, logIndex=4434, commits[8224e767-71c1-41fc-a01a-d172d48fd9d8:c4434, 6eae0c21-01aa-4169-956f-5952b26ea7ba:c4430, 8d7dcba1-3b82-4d94-a832-514ef5c79cf8:c4430]
2019-08-21 02:17:35,301 | INFO  | DNAudit | user=null | ip=null | op=WRITE_CHUNK {blockData=conID: 3 locID: 102652566254387839 bcsId: 4430} | ret=SUCCESS |  
2019-08-21 02:17:35,302 | INFO  | DNAudit | user=null | ip=null | op=WRITE_CHUNK {blockData=conID: 3 locID: 102652566254387839 bcsId: 4430} | ret=SUCCESS |  
2019-08-21 02:17:35,304 | INFO  | DNAudit | user=null | ip=null | op=PUT_BLOCK {blockData=[blockId=conID: 3 locID: 102652566254387839 bcsId: 0,size=4194304]} | ret=SUCCESS |  
2019-08-21 02:17:35,304 | INFO  | DNAudit | user=null | ip=null | op=PUT_BLOCK {blockData=[blockId=conID: 3 locID: 102652566254387839 bcsId: 0,size=4194304]} | ret=SUCCESS |  
2019-08-21 02:17:35,305 [grpc-default-executor-2] INFO  client.GrpcClientProtocolClient (GrpcClientProtocolClient.java:onNext(255)) - client-54CC064C3FCE->8224e767-71c1-41fc-a01a-d172d48fd9d8: receive RaftClientReply:client-54CC064C3FCE->8224e767-71c1-41fc-a01a-d172d48fd9d8@group-F6B37CC92441, cid=2964, SUCCESS, logIndex=0, commits[8224e767-71c1-41fc-a01a-d172d48fd9d8:c4436, 6eae0c21-01aa-4169-956f-5952b26ea7ba:c4434, 8d7dcba1-3b82-4d94-a832-514ef5c79cf8:c4434]
2019-08-21 02:17:35,312 | INFO  | SCMAudit | user=jenkins1000 | ip=192.168.34.10 | op=ALLOCATE_BLOCK {owner=b6f66289-f2a0-4058-b052-0a85e40df67b, size=4194304, type=RATIS, factor=THREE} | ret=SUCCESS |  
2019-08-21 02:17:35,316 | INFO  | OMAudit | user=jenkins1000 | ip=127.0.0.1 | op=ALLOCATE_BLOCK {volume=vol-0-90982, bucket=bucket-0-24269, key=key-0-81262, dataSize=0, replicationType=null, replicationFactor=null, keyLocationInfo=null, clientID=102652564580991378} | ret=SUCCESS |  
2019-08-21 02:17:35,325 | INFO  | DNAudit | user=null | ip=null | op=WRITE_CHUNK {blockData=conID: 1 locID: 102652566261727872 bcsId: 0} | ret=SUCCESS |  
2019-08-21 02:17:35,328 | INFO  | DNAudit | user=null | ip=null | op=WRITE_CHUNK {blockData=conID: 1 locID: 102652566261727872 bcsId: 0} | ret=SUCCESS |  
2019-08-21 02:17:35,329 | INFO  | DNAudit | user=null | ip=null | op=WRITE_CHUNK {blockData=conID: 1 locID: 102652566261727872 bcsId: 0} | ret=SUCCESS |  
2019-08-21 02:17:35,329 | INFO  | DNAudit | user=null | ip=null | op=WRITE_CHUNK {blockData=conID: 1 locID: 102652566261727872 bcsId: 0} | ret=SUCCESS |  
2019-08-21 02:17:35,331 | INFO  | DNAudit | user=null | ip=null | op=WRITE_CHUNK {blockData=conID: 1 locID: 102652566261727872 bcsId: 0} | ret=SUCCESS |  
2019-08-21 02:17:35,331 | INFO  | DNAudit | user=null | ip=null | op=WRITE_CHUNK {blockData=conID: 1 locID: 102652566261727872 bcsId: 0} | ret=SUCCESS |  
2019-08-21 02:17:35,338 | INFO  | DNAudit | user=null | ip=null | op=WRITE_CHUNK {blockData=conID: 1 locID: 102652566261727872 bcsId: 0} | ret=SUCCESS |  
2019-08-21 02:17:35,339 | INFO  | DNAudit | user=null | ip=null | op=PUT_BLOCK {blockData=[blockId=conID: 1 locID: 102652566261727872 bcsId: 0,size=1048576]} | ret=SUCCESS |  
2019-08-21 02:17:35,339 [grpc-default-executor-1] INFO  client.GrpcClientProtocolClient (GrpcClientProtocolClient.java:onNext(255)) - client-54CC064C3FCE->8224e767-71c1-41fc-a01a-d172d48fd9d8: receive RaftClientReply:client-54CC064C3FCE->8224e767-71c1-41fc-a01a-d172d48fd9d8@group-F6B37CC92441, cid=2965, SUCCESS, logIndex=4437, commits[8224e767-71c1-41fc-a01a-d172d48fd9d8:c4440, 6eae0c21-01aa-4169-956f-5952b26ea7ba:c4436, 8d7dcba1-3b82-4d94-a832-514ef5c79cf8:c4436]
2019-08-21 02:17:35,339 | INFO  | DNAudit | user=null | ip=null | op=WRITE_CHUNK {blockData=conID: 1 locID: 102652566261727872 bcsId: 0} | ret=SUCCESS |  
2019-08-21 02:17:35,340 | INFO  | DNAudit | user=null | ip=null | op=WRITE_CHUNK {blockData=conID: 1 locID: 102652566261727872 bcsId: 0} | ret=SUCCESS |  
2019-08-21 02:17:35,340 [grpc-default-executor-1] INFO  client.GrpcClientProtocolClient (GrpcClientProtocolClient.java:onNext(255)) - client-54CC064C3FCE->8224e767-71c1-41fc-a01a-d172d48fd9d8: receive RaftClientReply:client-54CC064C3FCE->8224e767-71c1-41fc-a01a-d172d48fd9d8@group-F6B37CC92441, cid=2966, SUCCESS, logIndex=4438, commits[8224e767-71c1-41fc-a01a-d172d48fd9d8:c4440, 6eae0c21-01aa-4169-956f-5952b26ea7ba:c4436, 8d7dcba1-3b82-4d94-a832-514ef5c79cf8:c4436]
2019-08-21 02:17:35,340 | INFO  | DNAudit | user=null | ip=null | op=PUT_BLOCK {blockData=[blockId=conID: 1 locID: 102652566261727872 bcsId: 0,size=2097152]} | ret=SUCCESS |  
2019-08-21 02:17:35,340 [grpc-default-executor-1] INFO  client.GrpcClientProtocolClient (GrpcClientProtocolClient.java:onNext(255)) - client-54CC064C3FCE->8224e767-71c1-41fc-a01a-d172d48fd9d8: receive RaftClientReply:client-54CC064C3FCE->8224e767-71c1-41fc-a01a-d172d48fd9d8@group-F6B37CC92441, cid=2967, SUCCESS, logIndex=4439, commits[8224e767-71c1-41fc-a01a-d172d48fd9d8:c4441, 6eae0c21-01aa-4169-956f-5952b26ea7ba:c4437, 8d7dcba1-3b82-4d94-a832-514ef5c79cf8:c4436]
2019-08-21 02:17:35,340 | INFO  | DNAudit | user=null | ip=null | op=WRITE_CHUNK {blockData=conID: 1 locID: 102652566261727872 bcsId: 0} | ret=SUCCESS |  
2019-08-21 02:17:35,341 [grpc-default-executor-4] INFO  client.GrpcClientProtocolClient (GrpcClientProtocolClient.java:onNext(255)) - client-54CC064C3FCE->8224e767-71c1-41fc-a01a-d172d48fd9d8: receive RaftClientReply:client-54CC064C3FCE->8224e767-71c1-41fc-a01a-d172d48fd9d8@group-F6B37CC92441, cid=2968, SUCCESS, logIndex=4440, commits[8224e767-71c1-41fc-a01a-d172d48fd9d8:c4441, 6eae0c21-01aa-4169-956f-5952b26ea7ba:c4437, 8d7dcba1-3b82-4d94-a832-514ef5c79cf8:c4436]
2019-08-21 02:17:35,341 | INFO  | DNAudit | user=null | ip=null | op=PUT_BLOCK {blockData=[blockId=conID: 1 locID: 102652566261727872 bcsId: 0,size=1048576]} | ret=SUCCESS |  
2019-08-21 02:17:35,341 | INFO  | DNAudit | user=null | ip=null | op=WRITE_CHUNK {blockData=conID: 1 locID: 102652566261727872 bcsId: 0} | ret=SUCCESS |  
2019-08-21 02:17:35,341 | INFO  | DNAudit | user=null | ip=null | op=PUT_BLOCK {blockData=[blockId=conID: 1 locID: 102652566261727872 bcsId: 0,size=2097152]} | ret=SUCCESS |  
2019-08-21 02:17:35,341 | INFO  | DNAudit | user=null | ip=null | op=PUT_BLOCK {blockData=[blockId=conID: 1 locID: 102652566261727872 bcsId: 0,size=1048576]} | ret=SUCCESS |  
2019-08-21 02:17:35,342 | INFO  | DNAudit | user=null | ip=null | op=WRITE_CHUNK {blockData=conID: 1 locID: 102652566261727872 bcsId: 0} | ret=SUCCESS |  
2019-08-21 02:17:35,342 | INFO  | DNAudit | user=null | ip=null | op=PUT_BLOCK {blockData=[blockId=conID: 1 locID: 102652566261727872 bcsId: 0,size=2097152]} | ret=SUCCESS |  
2019-08-21 02:17:35,342 [grpc-default-executor-1] INFO  client.GrpcClientProtocolClient (GrpcClientProtocolClient.java:onNext(255)) - client-54CC064C3FCE->8224e767-71c1-41fc-a01a-d172d48fd9d8: receive RaftClientReply:client-54CC064C3FCE->8224e767-71c1-41fc-a01a-d172d48fd9d8@group-F6B37CC92441, cid=2969, SUCCESS, logIndex=0, commits[8224e767-71c1-41fc-a01a-d172d48fd9d8:c4444, 6eae0c21-01aa-4169-956f-5952b26ea7ba:c4440, 8d7dcba1-3b82-4d94-a832-514ef5c79cf8:c4438]
2019-08-21 02:17:35,349 | INFO  | DNAudit | user=null | ip=null | op=WRITE_CHUNK {blockData=conID: 1 locID: 102652566261727872 bcsId: 4440} | ret=SUCCESS |  
2019-08-21 02:17:35,352 | INFO  | DNAudit | user=null | ip=null | op=WRITE_CHUNK {blockData=conID: 1 locID: 102652566261727872 bcsId: 4440} | ret=SUCCESS |  
2019-08-21 02:17:35,352 | INFO  | DNAudit | user=null | ip=null | op=WRITE_CHUNK {blockData=conID: 1 locID: 102652566261727872 bcsId: 4440} | ret=SUCCESS |  
2019-08-21 02:17:35,362 | INFO  | DNAudit | user=null | ip=null | op=WRITE_CHUNK {blockData=conID: 1 locID: 102652566261727872 bcsId: 4440} | ret=SUCCESS |  
2019-08-21 02:17:35,362 | INFO  | DNAudit | user=null | ip=null | op=PUT_BLOCK {blockData=[blockId=conID: 1 locID: 102652566261727872 bcsId: 0,size=3145728]} | ret=SUCCESS |  
2019-08-21 02:17:35,362 [grpc-default-executor-2] INFO  client.GrpcClientProtocolClient (GrpcClientProtocolClient.java:onNext(255)) - client-54CC064C3FCE->8224e767-71c1-41fc-a01a-d172d48fd9d8: receive RaftClientReply:client-54CC064C3FCE->8224e767-71c1-41fc-a01a-d172d48fd9d8@group-F6B37CC92441, cid=2970, SUCCESS, logIndex=4445, commits[8224e767-71c1-41fc-a01a-d172d48fd9d8:c4446, 6eae0c21-01aa-4169-956f-5952b26ea7ba:c4444, 8d7dcba1-3b82-4d94-a832-514ef5c79cf8:c4444]
2019-08-21 02:17:35,363 [grpc-default-executor-2] INFO  client.GrpcClientProtocolClient (GrpcClientProtocolClient.java:onNext(255)) - client-54CC064C3FCE->8224e767-71c1-41fc-a01a-d172d48fd9d8: receive RaftClientReply:client-54CC064C3FCE->8224e767-71c1-41fc-a01a-d172d48fd9d8@group-F6B37CC92441, cid=2971, SUCCESS, logIndex=4446, commits[8224e767-71c1-41fc-a01a-d172d48fd9d8:c4446, 6eae0c21-01aa-4169-956f-5952b26ea7ba:c4444, 8d7dcba1-3b82-4d94-a832-514ef5c79cf8:c4444]
2019-08-21 02:17:35,370 | INFO  | DNAudit | user=null | ip=null | op=WRITE_CHUNK {blockData=conID: 1 locID: 102652566261727872 bcsId: 4446} | ret=SUCCESS |  
2019-08-21 02:17:35,372 | INFO  | DNAudit | user=null | ip=null | op=WRITE_CHUNK {blockData=conID: 1 locID: 102652566261727872 bcsId: 4446} | ret=SUCCESS |  
2019-08-21 02:17:35,372 | INFO  | DNAudit | user=null | ip=null | op=WRITE_CHUNK {blockData=conID: 1 locID: 102652566261727872 bcsId: 4446} | ret=SUCCESS |  
2019-08-21 02:17:35,373 | INFO  | DNAudit | user=null | ip=null | op=WRITE_CHUNK {blockData=conID: 1 locID: 102652566261727872 bcsId: 4440} | ret=SUCCESS |  
2019-08-21 02:17:35,373 | INFO  | DNAudit | user=null | ip=null | op=WRITE_CHUNK {blockData=conID: 1 locID: 102652566261727872 bcsId: 4440} | ret=SUCCESS |  
2019-08-21 02:17:35,376 | INFO  | DNAudit | user=null | ip=null | op=PUT_BLOCK {blockData=[blockId=conID: 1 locID: 102652566261727872 bcsId: 0,size=3145728]} | ret=SUCCESS |  
2019-08-21 02:17:35,376 | INFO  | DNAudit | user=null | ip=null | op=PUT_BLOCK {blockData=[blockId=conID: 1 locID: 102652566261727872 bcsId: 0,size=3145728]} | ret=SUCCESS |  
2019-08-21 02:17:35,377 | INFO  | DNAudit | user=null | ip=null | op=WRITE_CHUNK {blockData=conID: 1 locID: 102652566261727872 bcsId: 4446} | ret=SUCCESS |  
2019-08-21 02:17:35,377 | INFO  | DNAudit | user=null | ip=null | op=PUT_BLOCK {blockData=[blockId=conID: 1 locID: 102652566261727872 bcsId: 0,size=4194304]} | ret=SUCCESS |  
2019-08-21 02:17:35,377 [grpc-default-executor-4] INFO  client.GrpcClientProtocolClient (GrpcClientProtocolClient.java:onNext(255)) - client-54CC064C3FCE->8224e767-71c1-41fc-a01a-d172d48fd9d8: receive RaftClientReply:client-54CC064C3FCE->8224e767-71c1-41fc-a01a-d172d48fd9d8@group-F6B37CC92441, cid=2972, SUCCESS, logIndex=4449, commits[8224e767-71c1-41fc-a01a-d172d48fd9d8:c4450, 6eae0c21-01aa-4169-956f-5952b26ea7ba:c4446, 8d7dcba1-3b82-4d94-a832-514ef5c79cf8:c4446]
2019-08-21 02:17:35,378 [grpc-default-executor-4] INFO  client.GrpcClientProtocolClient (GrpcClientProtocolClient.java:onNext(255)) - client-54CC064C3FCE->8224e767-71c1-41fc-a01a-d172d48fd9d8: receive RaftClientReply:client-54CC064C3FCE->8224e767-71c1-41fc-a01a-d172d48fd9d8@group-F6B37CC92441, cid=2973, SUCCESS, logIndex=4450, commits[8224e767-71c1-41fc-a01a-d172d48fd9d8:c4450, 6eae0c21-01aa-4169-956f-5952b26ea7ba:c4446, 8d7dcba1-3b82-4d94-a832-514ef5c79cf8:c4446]
2019-08-21 02:17:35,378 | INFO  | DNAudit | user=null | ip=null | op=WRITE_CHUNK {blockData=conID: 1 locID: 102652566261727872 bcsId: 4446} | ret=SUCCESS |  
2019-08-21 02:17:35,379 | INFO  | DNAudit | user=null | ip=null | op=WRITE_CHUNK {blockData=conID: 1 locID: 102652566261727872 bcsId: 4446} | ret=SUCCESS |  
2019-08-21 02:17:35,379 | INFO  | DNAudit | user=null | ip=null | op=PUT_BLOCK {blockData=[blockId=conID: 1 locID: 102652566261727872 bcsId: 0,size=4194304]} | ret=SUCCESS |  
2019-08-21 02:17:35,381 | INFO  | DNAudit | user=null | ip=null | op=PUT_BLOCK {blockData=[blockId=conID: 1 locID: 102652566261727872 bcsId: 0,size=4194304]} | ret=SUCCESS |  
2019-08-21 02:17:35,382 [grpc-default-executor-4] INFO  client.GrpcClientProtocolClient (GrpcClientProtocolClient.java:onNext(255)) - client-54CC064C3FCE->8224e767-71c1-41fc-a01a-d172d48fd9d8: receive RaftClientReply:client-54CC064C3FCE->8224e767-71c1-41fc-a01a-d172d48fd9d8@group-F6B37CC92441, cid=2974, SUCCESS, logIndex=0, commits[8224e767-71c1-41fc-a01a-d172d48fd9d8:c4452, 6eae0c21-01aa-4169-956f-5952b26ea7ba:c4450, 8d7dcba1-3b82-4d94-a832-514ef5c79cf8:c4450]
2019-08-21 02:17:35,388 | INFO  | SCMAudit | user=jenkins1000 | ip=192.168.34.10 | op=ALLOCATE_BLOCK {owner=b6f66289-f2a0-4058-b052-0a85e40df67b, size=4194304, type=RATIS, factor=THREE} | ret=SUCCESS |  
2019-08-21 02:17:35,392 | INFO  | OMAudit | user=jenkins1000 | ip=127.0.0.1 | op=ALLOCATE_BLOCK {volume=vol-0-90982, bucket=bucket-0-24269, key=key-0-81262, dataSize=0, replicationType=null, replicationFactor=null, keyLocationInfo=null, clientID=102652564580991378} | ret=SUCCESS |  
2019-08-21 02:17:35,400 | INFO  | DNAudit | user=null | ip=null | op=WRITE_CHUNK {blockData=conID: 2 locID: 102652566266708609 bcsId: 0} | ret=SUCCESS |  
2019-08-21 02:17:35,403 | INFO  | DNAudit | user=null | ip=null | op=WRITE_CHUNK {blockData=conID: 2 locID: 102652566266708609 bcsId: 0} | ret=SUCCESS |  
2019-08-21 02:17:35,403 | INFO  | DNAudit | user=null | ip=null | op=WRITE_CHUNK {blockData=conID: 2 locID: 102652566266708609 bcsId: 0} | ret=SUCCESS |  
2019-08-21 02:17:35,403 | INFO  | DNAudit | user=null | ip=null | op=WRITE_CHUNK {blockData=conID: 2 locID: 102652566266708609 bcsId: 0} | ret=SUCCESS |  
2019-08-21 02:17:35,406 | INFO  | DNAudit | user=null | ip=null | op=WRITE_CHUNK {blockData=conID: 2 locID: 102652566266708609 bcsId: 0} | ret=SUCCESS |  
2019-08-21 02:17:35,406 | INFO  | DNAudit | user=null | ip=null | op=WRITE_CHUNK {blockData=conID: 2 locID: 102652566266708609 bcsId: 0} | ret=SUCCESS |  
2019-08-21 02:17:35,407 | INFO  | DNAudit | user=null | ip=null | op=WRITE_CHUNK {blockData=conID: 2 locID: 102652566266708609 bcsId: 0} | ret=SUCCESS |  
2019-08-21 02:17:35,407 | INFO  | DNAudit | user=null | ip=null | op=PUT_BLOCK {blockData=[blockId=conID: 2 locID: 102652566266708609 bcsId: 0,size=1048576]} | ret=SUCCESS |  
2019-08-21 02:17:35,407 [grpc-default-executor-2] INFO  client.GrpcClientProtocolClient (GrpcClientProtocolClient.java:onNext(255)) - client-54CC064C3FCE->8224e767-71c1-41fc-a01a-d172d48fd9d8: receive RaftClientReply:client-54CC064C3FCE->8224e767-71c1-41fc-a01a-d172d48fd9d8@group-F6B37CC92441, cid=2975, SUCCESS, logIndex=4453, commits[8224e767-71c1-41fc-a01a-d172d48fd9d8:c4454, 6eae0c21-01aa-4169-956f-5952b26ea7ba:c4452, 8d7dcba1-3b82-4d94-a832-514ef5c79cf8:c4452]
2019-08-21 02:17:35,408 [grpc-default-executor-2] INFO  client.GrpcClientProtocolClient (GrpcClientProtocolClient.java:onNext(255)) - client-54CC064C3FCE->8224e767-71c1-41fc-a01a-d172d48fd9d8: receive RaftClientReply:client-54CC064C3FCE->8224e767-71c1-41fc-a01a-d172d48fd9d8@group-F6B37CC92441, cid=2976, SUCCESS, logIndex=4454, commits[8224e767-71c1-41fc-a01a-d172d48fd9d8:c4454, 6eae0c21-01aa-4169-956f-5952b26ea7ba:c4452, 8d7dcba1-3b82-4d94-a832-514ef5c79cf8:c4452]
2019-08-21 02:17:35,412 | INFO  | DNAudit | user=null | ip=null | op=WRITE_CHUNK {blockData=conID: 2 locID: 102652566266708609 bcsId: 0} | ret=SUCCESS |  
2019-08-21 02:17:35,412 | INFO  | DNAudit | user=null | ip=null | op=WRITE_CHUNK {blockData=conID: 2 locID: 102652566266708609 bcsId: 0} | ret=SUCCESS |  
2019-08-21 02:17:35,412 | INFO  | DNAudit | user=null | ip=null | op=PUT_BLOCK {blockData=[blockId=conID: 2 locID: 102652566266708609 bcsId: 0,size=2097152]} | ret=SUCCESS |  
2019-08-21 02:17:35,413 | INFO  | DNAudit | user=null | ip=null | op=PUT_BLOCK {blockData=[blockId=conID: 2 locID: 102652566266708609 bcsId: 0,size=1048576]} | ret=SUCCESS |  
2019-08-21 02:17:35,413 | INFO  | DNAudit | user=null | ip=null | op=WRITE_CHUNK {blockData=conID: 2 locID: 102652566266708609 bcsId: 0} | ret=SUCCESS |  
2019-08-21 02:17:35,413 [grpc-default-executor-2] INFO  client.GrpcClientProtocolClient (GrpcClientProtocolClient.java:onNext(255)) - client-54CC064C3FCE->8224e767-71c1-41fc-a01a-d172d48fd9d8: receive RaftClientReply:client-54CC064C3FCE->8224e767-71c1-41fc-a01a-d172d48fd9d8@group-F6B37CC92441, cid=2977, SUCCESS, logIndex=4455, commits[8224e767-71c1-41fc-a01a-d172d48fd9d8:c4455, 6eae0c21-01aa-4169-956f-5952b26ea7ba:c4452, 8d7dcba1-3b82-4d94-a832-514ef5c79cf8:c4452]
2019-08-21 02:17:35,413 | INFO  | DNAudit | user=null | ip=null | op=PUT_BLOCK {blockData=[blockId=conID: 2 locID: 102652566266708609 bcsId: 0,size=1048576]} | ret=SUCCESS |  
2019-08-21 02:17:35,413 [grpc-default-executor-2] INFO  client.GrpcClientProtocolClient (GrpcClientProtocolClient.java:onNext(255)) - client-54CC064C3FCE->8224e767-71c1-41fc-a01a-d172d48fd9d8: receive RaftClientReply:client-54CC064C3FCE->8224e767-71c1-41fc-a01a-d172d48fd9d8@group-F6B37CC92441, cid=2978, SUCCESS, logIndex=4456, commits[8224e767-71c1-41fc-a01a-d172d48fd9d8:c4458, 6eae0c21-01aa-4169-956f-5952b26ea7ba:c4454, 8d7dcba1-3b82-4d94-a832-514ef5c79cf8:c4452]
2019-08-21 02:17:35,414 | INFO  | DNAudit | user=null | ip=null | op=WRITE_CHUNK {blockData=conID: 2 locID: 102652566266708609 bcsId: 0} | ret=SUCCESS |  
2019-08-21 02:17:35,414 | INFO  | DNAudit | user=null | ip=null | op=WRITE_CHUNK {blockData=conID: 2 locID: 102652566266708609 bcsId: 0} | ret=SUCCESS |  
2019-08-21 02:17:35,414 [grpc-default-executor-2] INFO  client.GrpcClientProtocolClient (GrpcClientProtocolClient.java:onNext(255)) - client-54CC064C3FCE->8224e767-71c1-41fc-a01a-d172d48fd9d8: receive RaftClientReply:client-54CC064C3FCE->8224e767-71c1-41fc-a01a-d172d48fd9d8@group-F6B37CC92441, cid=2979, SUCCESS, logIndex=0, commits[8224e767-71c1-41fc-a01a-d172d48fd9d8:c4459, 6eae0c21-01aa-4169-956f-5952b26ea7ba:c4455, 8d7dcba1-3b82-4d94-a832-514ef5c79cf8:c4454]
2019-08-21 02:17:35,421 | INFO  | DNAudit | user=null | ip=null | op=WRITE_CHUNK {blockData=conID: 2 locID: 102652566266708609 bcsId: 4456} | ret=SUCCESS |  
2019-08-21 02:17:35,423 | INFO  | DNAudit | user=null | ip=null | op=WRITE_CHUNK {blockData=conID: 2 locID: 102652566266708609 bcsId: 4456} | ret=SUCCESS |  
2019-08-21 02:17:35,423 | INFO  | DNAudit | user=null | ip=null | op=WRITE_CHUNK {blockData=conID: 2 locID: 102652566266708609 bcsId: 4456} | ret=SUCCESS |  
2019-08-21 02:17:35,442 | INFO  | DNAudit | user=null | ip=null | op=PUT_BLOCK {blockData=[blockId=conID: 2 locID: 102652566266708609 bcsId: 0,size=2097152]} | ret=SUCCESS |  
2019-08-21 02:17:35,442 | INFO  | DNAudit | user=null | ip=null | op=WRITE_CHUNK {blockData=conID: 2 locID: 102652566266708609 bcsId: 4456} | ret=SUCCESS |  
2019-08-21 02:17:35,442 | INFO  | DNAudit | user=null | ip=null | op=PUT_BLOCK {blockData=[blockId=conID: 2 locID: 102652566266708609 bcsId: 0,size=2097152]} | ret=SUCCESS |  
2019-08-21 02:17:35,443 | INFO  | DNAudit | user=null | ip=null | op=PUT_BLOCK {blockData=[blockId=conID: 2 locID: 102652566266708609 bcsId: 0,size=3145728]} | ret=SUCCESS |  
2019-08-21 02:17:35,443 [grpc-default-executor-2] INFO  client.GrpcClientProtocolClient (GrpcClientProtocolClient.java:onNext(255)) - client-54CC064C3FCE->8224e767-71c1-41fc-a01a-d172d48fd9d8: receive RaftClientReply:client-54CC064C3FCE->8224e767-71c1-41fc-a01a-d172d48fd9d8@group-F6B37CC92441, cid=2980, SUCCESS, logIndex=4460, commits[8224e767-71c1-41fc-a01a-d172d48fd9d8:c4461, 6eae0c21-01aa-4169-956f-5952b26ea7ba:c4459, 8d7dcba1-3b82-4d94-a832-514ef5c79cf8:c4455]
2019-08-21 02:17:35,443 [grpc-default-executor-2] INFO  client.GrpcClientProtocolClient (GrpcClientProtocolClient.java:onNext(255)) - client-54CC064C3FCE->8224e767-71c1-41fc-a01a-d172d48fd9d8: receive RaftClientReply:client-54CC064C3FCE->8224e767-71c1-41fc-a01a-d172d48fd9d8@group-F6B37CC92441, cid=2981, SUCCESS, logIndex=4461, commits[8224e767-71c1-41fc-a01a-d172d48fd9d8:c4461, 6eae0c21-01aa-4169-956f-5952b26ea7ba:c4459, 8d7dcba1-3b82-4d94-a832-514ef5c79cf8:c4459]
2019-08-21 02:17:35,444 | INFO  | DNAudit | user=null | ip=null | op=WRITE_CHUNK {blockData=conID: 2 locID: 102652566266708609 bcsId: 4456} | ret=SUCCESS |  
2019-08-21 02:17:35,444 | INFO  | DNAudit | user=null | ip=null | op=WRITE_CHUNK {blockData=conID: 2 locID: 102652566266708609 bcsId: 4456} | ret=SUCCESS |  
2019-08-21 02:17:35,444 | INFO  | DNAudit | user=null | ip=null | op=PUT_BLOCK {blockData=[blockId=conID: 2 locID: 102652566266708609 bcsId: 0,size=3145728]} | ret=SUCCESS |  
2019-08-21 02:17:35,444 | INFO  | DNAudit | user=null | ip=null | op=PUT_BLOCK {blockData=[blockId=conID: 2 locID: 102652566266708609 bcsId: 0,size=3145728]} | ret=SUCCESS |  
2019-08-21 02:17:35,451 | INFO  | DNAudit | user=null | ip=null | op=WRITE_CHUNK {blockData=conID: 2 locID: 102652566266708609 bcsId: 4461} | ret=SUCCESS |  
2019-08-21 02:17:35,453 | INFO  | DNAudit | user=null | ip=null | op=WRITE_CHUNK {blockData=conID: 2 locID: 102652566266708609 bcsId: 4461} | ret=SUCCESS |  
2019-08-21 02:17:35,453 | INFO  | DNAudit | user=null | ip=null | op=WRITE_CHUNK {blockData=conID: 2 locID: 102652566266708609 bcsId: 4461} | ret=SUCCESS |  
2019-08-21 02:17:35,456 | INFO  | DNAudit | user=null | ip=null | op=WRITE_CHUNK {blockData=conID: 2 locID: 102652566266708609 bcsId: 4461} | ret=SUCCESS |  
2019-08-21 02:17:35,456 | INFO  | DNAudit | user=null | ip=null | op=PUT_BLOCK {blockData=[blockId=conID: 2 locID: 102652566266708609 bcsId: 0,size=4194304]} | ret=SUCCESS |  
2019-08-21 02:17:35,457 [grpc-default-executor-2] INFO  client.GrpcClientProtocolClient (GrpcClientProtocolClient.java:onNext(255)) - client-54CC064C3FCE->8224e767-71c1-41fc-a01a-d172d48fd9d8: receive RaftClientReply:client-54CC064C3FCE->8224e767-71c1-41fc-a01a-d172d48fd9d8@group-F6B37CC92441, cid=2982, SUCCESS, logIndex=4464, commits[8224e767-71c1-41fc-a01a-d172d48fd9d8:c4465, 6eae0c21-01aa-4169-956f-5952b26ea7ba:c4463, 8d7dcba1-3b82-4d94-a832-514ef5c79cf8:c4463]
2019-08-21 02:17:35,457 [grpc-default-executor-2] INFO  client.GrpcClientProtocolClient (GrpcClientProtocolClient.java:onNext(255)) - client-54CC064C3FCE->8224e767-71c1-41fc-a01a-d172d48fd9d8: receive RaftClientReply:client-54CC064C3FCE->8224e767-71c1-41fc-a01a-d172d48fd9d8@group-F6B37CC92441, cid=2983, SUCCESS, logIndex=4465, commits[8224e767-71c1-41fc-a01a-d172d48fd9d8:c4465, 6eae0c21-01aa-4169-956f-5952b26ea7ba:c4463, 8d7dcba1-3b82-4d94-a832-514ef5c79cf8:c4463]
2019-08-21 02:17:35,467 | INFO  | DNAudit | user=null | ip=null | op=WRITE_CHUNK {blockData=conID: 2 locID: 102652566266708609 bcsId: 4461} | ret=SUCCESS |  
2019-08-21 02:17:35,467 | INFO  | DNAudit | user=null | ip=null | op=WRITE_CHUNK {blockData=conID: 2 locID: 102652566266708609 bcsId: 4461} | ret=SUCCESS |  
2019-08-21 02:17:35,472 | INFO  | DNAudit | user=null | ip=null | op=PUT_BLOCK {blockData=[blockId=conID: 2 locID: 102652566266708609 bcsId: 0,size=4194304]} | ret=SUCCESS |  
2019-08-21 02:17:35,473 | INFO  | DNAudit | user=null | ip=null | op=PUT_BLOCK {blockData=[blockId=conID: 2 locID: 102652566266708609 bcsId: 0,size=4194304]} | ret=SUCCESS |  
2019-08-21 02:17:35,473 [grpc-default-executor-3] INFO  client.GrpcClientProtocolClient (GrpcClientProtocolClient.java:onNext(255)) - client-54CC064C3FCE->8224e767-71c1-41fc-a01a-d172d48fd9d8: receive RaftClientReply:client-54CC064C3FCE->8224e767-71c1-41fc-a01a-d172d48fd9d8@group-F6B37CC92441, cid=2984, SUCCESS, logIndex=0, commits[8224e767-71c1-41fc-a01a-d172d48fd9d8:c4467, 6eae0c21-01aa-4169-956f-5952b26ea7ba:c4465, 8d7dcba1-3b82-4d94-a832-514ef5c79cf8:c4465]
2019-08-21 02:17:35,480 | INFO  | SCMAudit | user=jenkins1000 | ip=192.168.34.10 | op=ALLOCATE_BLOCK {owner=b6f66289-f2a0-4058-b052-0a85e40df67b, size=4194304, type=RATIS, factor=THREE} | ret=SUCCESS |  
2019-08-21 02:17:35,484 | INFO  | OMAudit | user=jenkins1000 | ip=127.0.0.1 | op=ALLOCATE_BLOCK {volume=vol-0-90982, bucket=bucket-0-24269, key=key-0-81262, dataSize=0, replicationType=null, replicationFactor=null, keyLocationInfo=null, clientID=102652564580991378} | ret=SUCCESS |  
2019-08-21 02:17:35,493 | INFO  | DNAudit | user=null | ip=null | op=WRITE_CHUNK {blockData=conID: 3 locID: 102652566272737922 bcsId: 0} | ret=SUCCESS |  
2019-08-21 02:17:35,496 | INFO  | DNAudit | user=null | ip=null | op=WRITE_CHUNK {blockData=conID: 3 locID: 102652566272737922 bcsId: 0} | ret=SUCCESS |  
2019-08-21 02:17:35,497 | INFO  | DNAudit | user=null | ip=null | op=WRITE_CHUNK {blockData=conID: 3 locID: 102652566272737922 bcsId: 0} | ret=SUCCESS |  
2019-08-21 02:17:35,498 | INFO  | DNAudit | user=null | ip=null | op=WRITE_CHUNK {blockData=conID: 3 locID: 102652566272737922 bcsId: 0} | ret=SUCCESS |  
2019-08-21 02:17:35,499 | INFO  | DNAudit | user=null | ip=null | op=WRITE_CHUNK {blockData=conID: 3 locID: 102652566272737922 bcsId: 0} | ret=SUCCESS |  
2019-08-21 02:17:35,499 | INFO  | DNAudit | user=null | ip=null | op=WRITE_CHUNK {blockData=conID: 3 locID: 102652566272737922 bcsId: 0} | ret=SUCCESS |  
2019-08-21 02:17:35,506 | INFO  | DNAudit | user=null | ip=null | op=WRITE_CHUNK {blockData=conID: 3 locID: 102652566272737922 bcsId: 0} | ret=SUCCESS |  
2019-08-21 02:17:35,506 | INFO  | DNAudit | user=null | ip=null | op=PUT_BLOCK {blockData=[blockId=conID: 3 locID: 102652566272737922 bcsId: 0,size=1048576]} | ret=SUCCESS |  
2019-08-21 02:17:35,507 [grpc-default-executor-1] INFO  client.GrpcClientProtocolClient (GrpcClientProtocolClient.java:onNext(255)) - client-54CC064C3FCE->8224e767-71c1-41fc-a01a-d172d48fd9d8: receive RaftClientReply:client-54CC064C3FCE->8224e767-71c1-41fc-a01a-d172d48fd9d8@group-F6B37CC92441, cid=2985, SUCCESS, logIndex=4468, commits[8224e767-71c1-41fc-a01a-d172d48fd9d8:c4469, 6eae0c21-01aa-4169-956f-5952b26ea7ba:c4467, 8d7dcba1-3b82-4d94-a832-514ef5c79cf8:c4467]
2019-08-21 02:17:35,507 | INFO  | DNAudit | user=null | ip=null | op=WRITE_CHUNK {blockData=conID: 3 locID: 102652566272737922 bcsId: 0} | ret=SUCCESS |  
2019-08-21 02:17:35,507 [grpc-default-executor-1] INFO  client.GrpcClientProtocolClient (GrpcClientProtocolClient.java:onNext(255)) - client-54CC064C3FCE->8224e767-71c1-41fc-a01a-d172d48fd9d8: receive RaftClientReply:client-54CC064C3FCE->8224e767-71c1-41fc-a01a-d172d48fd9d8@group-F6B37CC92441, cid=2986, SUCCESS, logIndex=4469, commits[8224e767-71c1-41fc-a01a-d172d48fd9d8:c4471, 6eae0c21-01aa-4169-956f-5952b26ea7ba:c4467, 8d7dcba1-3b82-4d94-a832-514ef5c79cf8:c4467]
2019-08-21 02:17:35,507 | INFO  | DNAudit | user=null | ip=null | op=WRITE_CHUNK {blockData=conID: 3 locID: 102652566272737922 bcsId: 0} | ret=SUCCESS |  
2019-08-21 02:17:35,507 | INFO  | DNAudit | user=null | ip=null | op=PUT_BLOCK {blockData=[blockId=conID: 3 locID: 102652566272737922 bcsId: 0,size=2097152]} | ret=SUCCESS |  
2019-08-21 02:17:35,508 [grpc-default-executor-1] INFO  client.GrpcClientProtocolClient (GrpcClientProtocolClient.java:onNext(255)) - client-54CC064C3FCE->8224e767-71c1-41fc-a01a-d172d48fd9d8: receive RaftClientReply:client-54CC064C3FCE->8224e767-71c1-41fc-a01a-d172d48fd9d8@group-F6B37CC92441, cid=2987, SUCCESS, logIndex=4470, commits[8224e767-71c1-41fc-a01a-d172d48fd9d8:c4471, 6eae0c21-01aa-4169-956f-5952b26ea7ba:c4467, 8d7dcba1-3b82-4d94-a832-514ef5c79cf8:c4467]
2019-08-21 02:17:35,508 | INFO  | DNAudit | user=null | ip=null | op=WRITE_CHUNK {blockData=conID: 3 locID: 102652566272737922 bcsId: 0} | ret=SUCCESS |  
2019-08-21 02:17:35,508 | INFO  | DNAudit | user=null | ip=null | op=PUT_BLOCK {blockData=[blockId=conID: 3 locID: 102652566272737922 bcsId: 0,size=1048576]} | ret=SUCCESS |  
2019-08-21 02:17:35,508 [grpc-default-executor-1] INFO  client.GrpcClientProtocolClient (GrpcClientProtocolClient.java:onNext(255)) - client-54CC064C3FCE->8224e767-71c1-41fc-a01a-d172d48fd9d8: receive RaftClientReply:client-54CC064C3FCE->8224e767-71c1-41fc-a01a-d172d48fd9d8@group-F6B37CC92441, cid=2988, SUCCESS, logIndex=4471, commits[8224e767-71c1-41fc-a01a-d172d48fd9d8:c4472, 6eae0c21-01aa-4169-956f-5952b26ea7ba:c4468, 8d7dcba1-3b82-4d94-a832-514ef5c79cf8:c4467]
2019-08-21 02:17:35,509 | INFO  | DNAudit | user=null | ip=null | op=PUT_BLOCK {blockData=[blockId=conID: 3 locID: 102652566272737922 bcsId: 0,size=1048576]} | ret=SUCCESS |  
2019-08-21 02:17:35,509 | INFO  | DNAudit | user=null | ip=null | op=WRITE_CHUNK {blockData=conID: 3 locID: 102652566272737922 bcsId: 0} | ret=SUCCESS |  
2019-08-21 02:17:35,510 | INFO  | DNAudit | user=null | ip=null | op=WRITE_CHUNK {blockData=conID: 3 locID: 102652566272737922 bcsId: 0} | ret=SUCCESS |  
2019-08-21 02:17:35,509 [grpc-default-executor-3] INFO  client.GrpcClientProtocolClient (GrpcClientProtocolClient.java:onNext(255)) - client-54CC064C3FCE->8224e767-71c1-41fc-a01a-d172d48fd9d8: receive RaftClientReply:client-54CC064C3FCE->8224e767-71c1-41fc-a01a-d172d48fd9d8@group-F6B37CC92441, cid=2989, SUCCESS, logIndex=0, commits[8224e767-71c1-41fc-a01a-d172d48fd9d8:c4473, 6eae0c21-01aa-4169-956f-5952b26ea7ba:c4469, 8d7dcba1-3b82-4d94-a832-514ef5c79cf8:c4469]
2019-08-21 02:17:35,510 | INFO  | DNAudit | user=null | ip=null | op=PUT_BLOCK {blockData=[blockId=conID: 3 locID: 102652566272737922 bcsId: 0,size=2097152]} | ret=SUCCESS |  
2019-08-21 02:17:35,510 | INFO  | DNAudit | user=null | ip=null | op=PUT_BLOCK {blockData=[blockId=conID: 3 locID: 102652566272737922 bcsId: 0,size=2097152]} | ret=SUCCESS |  
2019-08-21 02:17:35,517 | INFO  | DNAudit | user=null | ip=null | op=WRITE_CHUNK {blockData=conID: 3 locID: 102652566272737922 bcsId: 4471} | ret=SUCCESS |  
2019-08-21 02:17:35,519 | INFO  | DNAudit | user=null | ip=null | op=WRITE_CHUNK {blockData=conID: 3 locID: 102652566272737922 bcsId: 4471} | ret=SUCCESS |  
2019-08-21 02:17:35,519 | INFO  | DNAudit | user=null | ip=null | op=WRITE_CHUNK {blockData=conID: 3 locID: 102652566272737922 bcsId: 4471} | ret=SUCCESS |  
2019-08-21 02:17:35,529 | INFO  | DNAudit | user=null | ip=null | op=WRITE_CHUNK {blockData=conID: 3 locID: 102652566272737922 bcsId: 4471} | ret=SUCCESS |  
2019-08-21 02:17:35,529 | INFO  | DNAudit | user=null | ip=null | op=PUT_BLOCK {blockData=[blockId=conID: 3 locID: 102652566272737922 bcsId: 0,size=3145728]} | ret=SUCCESS |  
2019-08-21 02:17:35,530 [grpc-default-executor-4] INFO  client.GrpcClientProtocolClient (GrpcClientProtocolClient.java:onNext(255)) - client-54CC064C3FCE->8224e767-71c1-41fc-a01a-d172d48fd9d8: receive RaftClientReply:client-54CC064C3FCE->8224e767-71c1-41fc-a01a-d172d48fd9d8@group-F6B37CC92441, cid=2990, SUCCESS, logIndex=4476, commits[8224e767-71c1-41fc-a01a-d172d48fd9d8:c4477, 6eae0c21-01aa-4169-956f-5952b26ea7ba:c4475, 8d7dcba1-3b82-4d94-a832-514ef5c79cf8:c4475]
2019-08-21 02:17:35,530 [grpc-default-executor-4] INFO  client.GrpcClientProtocolClient (GrpcClientProtocolClient.java:onNext(255)) - client-54CC064C3FCE->8224e767-71c1-41fc-a01a-d172d48fd9d8: receive RaftClientReply:client-54CC064C3FCE->8224e767-71c1-41fc-a01a-d172d48fd9d8@group-F6B37CC92441, cid=2991, SUCCESS, logIndex=4477, commits[8224e767-71c1-41fc-a01a-d172d48fd9d8:c4477, 6eae0c21-01aa-4169-956f-5952b26ea7ba:c4475, 8d7dcba1-3b82-4d94-a832-514ef5c79cf8:c4475]
2019-08-21 02:17:35,537 | INFO  | DNAudit | user=null | ip=null | op=WRITE_CHUNK {blockData=conID: 3 locID: 102652566272737922 bcsId: 4477} | ret=SUCCESS |  
2019-08-21 02:17:35,539 | INFO  | DNAudit | user=null | ip=null | op=WRITE_CHUNK {blockData=conID: 3 locID: 102652566272737922 bcsId: 4477} | ret=SUCCESS |  
2019-08-21 02:17:35,539 | INFO  | DNAudit | user=null | ip=null | op=WRITE_CHUNK {blockData=conID: 3 locID: 102652566272737922 bcsId: 4477} | ret=SUCCESS |  
2019-08-21 02:17:35,541 | INFO  | DNAudit | user=null | ip=null | op=WRITE_CHUNK {blockData=conID: 3 locID: 102652566272737922 bcsId: 4471} | ret=SUCCESS |  
2019-08-21 02:17:35,541 | INFO  | DNAudit | user=null | ip=null | op=WRITE_CHUNK {blockData=conID: 3 locID: 102652566272737922 bcsId: 4471} | ret=SUCCESS |  
2019-08-21 02:17:35,542 | INFO  | DNAudit | user=null | ip=null | op=PUT_BLOCK {blockData=[blockId=conID: 3 locID: 102652566272737922 bcsId: 0,size=3145728]} | ret=SUCCESS |  
2019-08-21 02:17:35,542 | INFO  | DNAudit | user=null | ip=null | op=PUT_BLOCK {blockData=[blockId=conID: 3 locID: 102652566272737922 bcsId: 0,size=3145728]} | ret=SUCCESS |  
2019-08-21 02:17:35,542 | INFO  | DNAudit | user=null | ip=null | op=WRITE_CHUNK {blockData=conID: 3 locID: 102652566272737922 bcsId: 4477} | ret=SUCCESS |  
2019-08-21 02:17:35,543 | INFO  | DNAudit | user=null | ip=null | op=PUT_BLOCK {blockData=[blockId=conID: 3 locID: 102652566272737922 bcsId: 0,size=4194304]} | ret=SUCCESS |  
2019-08-21 02:17:35,543 [grpc-default-executor-2] INFO  client.GrpcClientProtocolClient (GrpcClientProtocolClient.java:onNext(255)) - client-54CC064C3FCE->8224e767-71c1-41fc-a01a-d172d48fd9d8: receive RaftClientReply:client-54CC064C3FCE->8224e767-71c1-41fc-a01a-d172d48fd9d8@group-F6B37CC92441, cid=2992, SUCCESS, logIndex=4480, commits[8224e767-71c1-41fc-a01a-d172d48fd9d8:c4481, 6eae0c21-01aa-4169-956f-5952b26ea7ba:c4477, 8d7dcba1-3b82-4d94-a832-514ef5c79cf8:c4477]
2019-08-21 02:17:35,543 [grpc-default-executor-2] INFO  client.GrpcClientProtocolClient (GrpcClientProtocolClient.java:onNext(255)) - client-54CC064C3FCE->8224e767-71c1-41fc-a01a-d172d48fd9d8: receive RaftClientReply:client-54CC064C3FCE->8224e767-71c1-41fc-a01a-d172d48fd9d8@group-F6B37CC92441, cid=2993, SUCCESS, logIndex=4481, commits[8224e767-71c1-41fc-a01a-d172d48fd9d8:c4481, 6eae0c21-01aa-4169-956f-5952b26ea7ba:c4477, 8d7dcba1-3b82-4d94-a832-514ef5c79cf8:c4477]
2019-08-21 02:17:35,554 | INFO  | DNAudit | user=null | ip=null | op=WRITE_CHUNK {blockData=conID: 3 locID: 102652566272737922 bcsId: 4477} | ret=SUCCESS |  
2019-08-21 02:17:35,554 | INFO  | DNAudit | user=null | ip=null | op=WRITE_CHUNK {blockData=conID: 3 locID: 102652566272737922 bcsId: 4477} | ret=SUCCESS |  
2019-08-21 02:17:35,557 | INFO  | DNAudit | user=null | ip=null | op=PUT_BLOCK {blockData=[blockId=conID: 3 locID: 102652566272737922 bcsId: 0,size=4194304]} | ret=SUCCESS |  
2019-08-21 02:17:35,557 | INFO  | DNAudit | user=null | ip=null | op=PUT_BLOCK {blockData=[blockId=conID: 3 locID: 102652566272737922 bcsId: 0,size=4194304]} | ret=SUCCESS |  
2019-08-21 02:17:35,558 [grpc-default-executor-4] INFO  client.GrpcClientProtocolClient (GrpcClientProtocolClient.java:onNext(255)) - client-54CC064C3FCE->8224e767-71c1-41fc-a01a-d172d48fd9d8: receive RaftClientReply:client-54CC064C3FCE->8224e767-71c1-41fc-a01a-d172d48fd9d8@group-F6B37CC92441, cid=2994, SUCCESS, logIndex=0, commits[8224e767-71c1-41fc-a01a-d172d48fd9d8:c4483, 6eae0c21-01aa-4169-956f-5952b26ea7ba:c4481, 8d7dcba1-3b82-4d94-a832-514ef5c79cf8:c4481]
2019-08-21 02:17:35,563 | INFO  | SCMAudit | user=jenkins1000 | ip=192.168.34.10 | op=ALLOCATE_BLOCK {owner=b6f66289-f2a0-4058-b052-0a85e40df67b, size=4194304, type=RATIS, factor=THREE} | ret=SUCCESS |  
2019-08-21 02:17:35,567 | INFO  | OMAudit | user=jenkins1000 | ip=127.0.0.1 | op=ALLOCATE_BLOCK {volume=vol-0-90982, bucket=bucket-0-24269, key=key-0-81262, dataSize=0, replicationType=null, replicationFactor=null, keyLocationInfo=null, clientID=102652564580991378} | ret=SUCCESS |  
2019-08-21 02:17:35,575 | INFO  | DNAudit | user=null | ip=null | op=WRITE_CHUNK {blockData=conID: 1 locID: 102652566278177411 bcsId: 0} | ret=SUCCESS |  
2019-08-21 02:17:35,578 | INFO  | DNAudit | user=null | ip=null | op=WRITE_CHUNK {blockData=conID: 1 locID: 102652566278177411 bcsId: 0} | ret=SUCCESS |  
2019-08-21 02:17:35,579 | INFO  | DNAudit | user=null | ip=null | op=WRITE_CHUNK {blockData=conID: 1 locID: 102652566278177411 bcsId: 0} | ret=SUCCESS |  
2019-08-21 02:17:35,579 | INFO  | DNAudit | user=null | ip=null | op=WRITE_CHUNK {blockData=conID: 1 locID: 102652566278177411 bcsId: 0} | ret=SUCCESS |  
2019-08-21 02:17:35,581 | INFO  | DNAudit | user=null | ip=null | op=WRITE_CHUNK {blockData=conID: 1 locID: 102652566278177411 bcsId: 0} | ret=SUCCESS |  
2019-08-21 02:17:35,581 | INFO  | DNAudit | user=null | ip=null | op=WRITE_CHUNK {blockData=conID: 1 locID: 102652566278177411 bcsId: 0} | ret=SUCCESS |  
2019-08-21 02:17:35,588 | INFO  | DNAudit | user=null | ip=null | op=WRITE_CHUNK {blockData=conID: 1 locID: 102652566278177411 bcsId: 0} | ret=SUCCESS |  
2019-08-21 02:17:35,588 | INFO  | DNAudit | user=null | ip=null | op=PUT_BLOCK {blockData=[blockId=conID: 1 locID: 102652566278177411 bcsId: 0,size=1048576]} | ret=SUCCESS |  
2019-08-21 02:17:35,589 [grpc-default-executor-2] INFO  client.GrpcClientProtocolClient (GrpcClientProtocolClient.java:onNext(255)) - client-54CC064C3FCE->8224e767-71c1-41fc-a01a-d172d48fd9d8: receive RaftClientReply:client-54CC064C3FCE->8224e767-71c1-41fc-a01a-d172d48fd9d8@group-F6B37CC92441, cid=2995, SUCCESS, logIndex=4484, commits[8224e767-71c1-41fc-a01a-d172d48fd9d8:c4485, 6eae0c21-01aa-4169-956f-5952b26ea7ba:c4483, 8d7dcba1-3b82-4d94-a832-514ef5c79cf8:c4483]
2019-08-21 02:17:35,589 [grpc-default-executor-2] INFO  client.GrpcClientProtocolClient (GrpcClientProtocolClient.java:onNext(255)) - client-54CC064C3FCE->8224e767-71c1-41fc-a01a-d172d48fd9d8: receive RaftClientReply:client-54CC064C3FCE->8224e767-71c1-41fc-a01a-d172d48fd9d8@group-F6B37CC92441, cid=2996, SUCCESS, logIndex=4485, commits[8224e767-71c1-41fc-a01a-d172d48fd9d8:c4485, 6eae0c21-01aa-4169-956f-5952b26ea7ba:c4483, 8d7dcba1-3b82-4d94-a832-514ef5c79cf8:c4483]
2019-08-21 02:17:35,589 | INFO  | DNAudit | user=null | ip=null | op=WRITE_CHUNK {blockData=conID: 1 locID: 102652566278177411 bcsId: 0} | ret=SUCCESS |  
2019-08-21 02:17:35,590 | INFO  | DNAudit | user=null | ip=null | op=PUT_BLOCK {blockData=[blockId=conID: 1 locID: 102652566278177411 bcsId: 0,size=2097152]} | ret=SUCCESS |  
2019-08-21 02:17:35,590 [grpc-default-executor-2] INFO  client.GrpcClientProtocolClient (GrpcClientProtocolClient.java:onNext(255)) - client-54CC064C3FCE->8224e767-71c1-41fc-a01a-d172d48fd9d8: receive RaftClientReply:client-54CC064C3FCE->8224e767-71c1-41fc-a01a-d172d48fd9d8@group-F6B37CC92441, cid=2997, SUCCESS, logIndex=4486, commits[8224e767-71c1-41fc-a01a-d172d48fd9d8:c4487, 6eae0c21-01aa-4169-956f-5952b26ea7ba:c4483, 8d7dcba1-3b82-4d94-a832-514ef5c79cf8:c4483]
2019-08-21 02:17:35,590 [grpc-default-executor-2] INFO  client.GrpcClientProtocolClient (GrpcClientProtocolClient.java:onNext(255)) - client-54CC064C3FCE->8224e767-71c1-41fc-a01a-d172d48fd9d8: receive RaftClientReply:client-54CC064C3FCE->8224e767-71c1-41fc-a01a-d172d48fd9d8@group-F6B37CC92441, cid=2998, SUCCESS, logIndex=4487, commits[8224e767-71c1-41fc-a01a-d172d48fd9d8:c4487, 6eae0c21-01aa-4169-956f-5952b26ea7ba:c4483, 8d7dcba1-3b82-4d94-a832-514ef5c79cf8:c4483]
2019-08-21 02:17:35,602 | INFO  | DNAudit | user=null | ip=null | op=WRITE_CHUNK {blockData=conID: 1 locID: 102652566278177411 bcsId: 0} | ret=SUCCESS |  
2019-08-21 02:17:35,602 | INFO  | DNAudit | user=null | ip=null | op=PUT_BLOCK {blockData=[blockId=conID: 1 locID: 102652566278177411 bcsId: 0,size=1048576]} | ret=SUCCESS |  
2019-08-21 02:17:35,603 | INFO  | DNAudit | user=null | ip=null | op=WRITE_CHUNK {blockData=conID: 1 locID: 102652566278177411 bcsId: 0} | ret=SUCCESS |  
2019-08-21 02:17:35,603 | INFO  | DNAudit | user=null | ip=null | op=PUT_BLOCK {blockData=[blockId=conID: 1 locID: 102652566278177411 bcsId: 0,size=1048576]} | ret=SUCCESS |  
2019-08-21 02:17:35,603 | INFO  | DNAudit | user=null | ip=null | op=WRITE_CHUNK {blockData=conID: 1 locID: 102652566278177411 bcsId: 0} | ret=SUCCESS |  
2019-08-21 02:17:35,603 | INFO  | DNAudit | user=null | ip=null | op=WRITE_CHUNK {blockData=conID: 1 locID: 102652566278177411 bcsId: 0} | ret=SUCCESS |  
2019-08-21 02:17:35,603 | INFO  | DNAudit | user=null | ip=null | op=PUT_BLOCK {blockData=[blockId=conID: 1 locID: 102652566278177411 bcsId: 0,size=2097152]} | ret=SUCCESS |  
2019-08-21 02:17:35,603 | INFO  | DNAudit | user=null | ip=null | op=PUT_BLOCK {blockData=[blockId=conID: 1 locID: 102652566278177411 bcsId: 0,size=2097152]} | ret=SUCCESS |  
2019-08-21 02:17:35,603 [grpc-default-executor-2] INFO  client.GrpcClientProtocolClient (GrpcClientProtocolClient.java:onNext(255)) - client-54CC064C3FCE->8224e767-71c1-41fc-a01a-d172d48fd9d8: receive RaftClientReply:client-54CC064C3FCE->8224e767-71c1-41fc-a01a-d172d48fd9d8@group-F6B37CC92441, cid=2999, SUCCESS, logIndex=0, commits[8224e767-71c1-41fc-a01a-d172d48fd9d8:c4489, 6eae0c21-01aa-4169-956f-5952b26ea7ba:c4485, 8d7dcba1-3b82-4d94-a832-514ef5c79cf8:c4485]
2019-08-21 02:17:35,611 | INFO  | DNAudit | user=null | ip=null | op=WRITE_CHUNK {blockData=conID: 1 locID: 102652566278177411 bcsId: 4487} | ret=SUCCESS |  
2019-08-21 02:17:35,612 | INFO  | DNAudit | user=null | ip=null | op=WRITE_CHUNK {blockData=conID: 1 locID: 102652566278177411 bcsId: 4487} | ret=SUCCESS |  
2019-08-21 02:17:35,613 | INFO  | DNAudit | user=null | ip=null | op=WRITE_CHUNK {blockData=conID: 1 locID: 102652566278177411 bcsId: 4487} | ret=SUCCESS |  
2019-08-21 02:17:35,623 | INFO  | DNAudit | user=null | ip=null | op=WRITE_CHUNK {blockData=conID: 1 locID: 102652566278177411 bcsId: 4487} | ret=SUCCESS |  
2019-08-21 02:17:35,624 | INFO  | DNAudit | user=null | ip=null | op=PUT_BLOCK {blockData=[blockId=conID: 1 locID: 102652566278177411 bcsId: 0,size=3145728]} | ret=SUCCESS |  
2019-08-21 02:17:35,624 [grpc-default-executor-2] INFO  client.GrpcClientProtocolClient (GrpcClientProtocolClient.java:onNext(255)) - client-54CC064C3FCE->8224e767-71c1-41fc-a01a-d172d48fd9d8: receive RaftClientReply:client-54CC064C3FCE->8224e767-71c1-41fc-a01a-d172d48fd9d8@group-F6B37CC92441, cid=3000, SUCCESS, logIndex=4492, commits[8224e767-71c1-41fc-a01a-d172d48fd9d8:c4493, 6eae0c21-01aa-4169-956f-5952b26ea7ba:c4491, 8d7dcba1-3b82-4d94-a832-514ef5c79cf8:c4491]
2019-08-21 02:17:35,624 [grpc-default-executor-2] INFO  client.GrpcClientProtocolClient (GrpcClientProtocolClient.java:onNext(255)) - client-54CC064C3FCE->8224e767-71c1-41fc-a01a-d172d48fd9d8: receive RaftClientReply:client-54CC064C3FCE->8224e767-71c1-41fc-a01a-d172d48fd9d8@group-F6B37CC92441, cid=3001, SUCCESS, logIndex=4493, commits[8224e767-71c1-41fc-a01a-d172d48fd9d8:c4493, 6eae0c21-01aa-4169-956f-5952b26ea7ba:c4491, 8d7dcba1-3b82-4d94-a832-514ef5c79cf8:c4491]
2019-08-21 02:17:35,633 | INFO  | DNAudit | user=null | ip=null | op=WRITE_CHUNK {blockData=conID: 1 locID: 102652566278177411 bcsId: 4493} | ret=SUCCESS |  
2019-08-21 02:17:35,635 | INFO  | DNAudit | user=null | ip=null | op=WRITE_CHUNK {blockData=conID: 1 locID: 102652566278177411 bcsId: 4487} | ret=SUCCESS |  
2019-08-21 02:17:35,635 | INFO  | DNAudit | user=null | ip=null | op=WRITE_CHUNK {blockData=conID: 1 locID: 102652566278177411 bcsId: 4487} | ret=SUCCESS |  
2019-08-21 02:17:35,635 | INFO  | DNAudit | user=null | ip=null | op=PUT_BLOCK {blockData=[blockId=conID: 1 locID: 102652566278177411 bcsId: 0,size=3145728]} | ret=SUCCESS |  
2019-08-21 02:17:35,635 | INFO  | DNAudit | user=null | ip=null | op=PUT_BLOCK {blockData=[blockId=conID: 1 locID: 102652566278177411 bcsId: 0,size=3145728]} | ret=SUCCESS |  
2019-08-21 02:17:35,635 | INFO  | DNAudit | user=null | ip=null | op=WRITE_CHUNK {blockData=conID: 1 locID: 102652566278177411 bcsId: 4493} | ret=SUCCESS |  
2019-08-21 02:17:35,636 | INFO  | DNAudit | user=null | ip=null | op=WRITE_CHUNK {blockData=conID: 1 locID: 102652566278177411 bcsId: 4493} | ret=SUCCESS |  
2019-08-21 02:17:35,640 | INFO  | DNAudit | user=null | ip=null | op=WRITE_CHUNK {blockData=conID: 1 locID: 102652566278177411 bcsId: 4493} | ret=SUCCESS |  
2019-08-21 02:17:35,641 | INFO  | DNAudit | user=null | ip=null | op=PUT_BLOCK {blockData=[blockId=conID: 1 locID: 102652566278177411 bcsId: 0,size=4194304]} | ret=SUCCESS |  
2019-08-21 02:17:35,641 [grpc-default-executor-4] INFO  client.GrpcClientProtocolClient (GrpcClientProtocolClient.java:onNext(255)) - client-54CC064C3FCE->8224e767-71c1-41fc-a01a-d172d48fd9d8: receive RaftClientReply:client-54CC064C3FCE->8224e767-71c1-41fc-a01a-d172d48fd9d8@group-F6B37CC92441, cid=3002, SUCCESS, logIndex=4496, commits[8224e767-71c1-41fc-a01a-d172d48fd9d8:c4497, 6eae0c21-01aa-4169-956f-5952b26ea7ba:c4493, 8d7dcba1-3b82-4d94-a832-514ef5c79cf8:c4493]
2019-08-21 02:17:35,641 [grpc-default-executor-4] INFO  client.GrpcClientProtocolClient (GrpcClientProtocolClient.java:onNext(255)) - client-54CC064C3FCE->8224e767-71c1-41fc-a01a-d172d48fd9d8: receive RaftClientReply:client-54CC064C3FCE->8224e767-71c1-41fc-a01a-d172d48fd9d8@group-F6B37CC92441, cid=3003, SUCCESS, logIndex=4497, commits[8224e767-71c1-41fc-a01a-d172d48fd9d8:c4497, 6eae0c21-01aa-4169-956f-5952b26ea7ba:c4493, 8d7dcba1-3b82-4d94-a832-514ef5c79cf8:c4493]
2019-08-21 02:17:35,643 | INFO  | DNAudit | user=null | ip=null | op=WRITE_CHUNK {blockData=conID: 1 locID: 102652566278177411 bcsId: 4493} | ret=SUCCESS |  
2019-08-21 02:17:35,643 | INFO  | DNAudit | user=null | ip=null | op=WRITE_CHUNK {blockData=conID: 1 locID: 102652566278177411 bcsId: 4493} | ret=SUCCESS |  
2019-08-21 02:17:35,644 | INFO  | DNAudit | user=null | ip=null | op=PUT_BLOCK {blockData=[blockId=conID: 1 locID: 102652566278177411 bcsId: 0,size=4194304]} | ret=SUCCESS |  
2019-08-21 02:17:35,644 | INFO  | DNAudit | user=null | ip=null | op=PUT_BLOCK {blockData=[blockId=conID: 1 locID: 102652566278177411 bcsId: 0,size=4194304]} | ret=SUCCESS |  
2019-08-21 02:17:35,645 [grpc-default-executor-4] INFO  client.GrpcClientProtocolClient (GrpcClientProtocolClient.java:onNext(255)) - client-54CC064C3FCE->8224e767-71c1-41fc-a01a-d172d48fd9d8: receive RaftClientReply:client-54CC064C3FCE->8224e767-71c1-41fc-a01a-d172d48fd9d8@group-F6B37CC92441, cid=3004, SUCCESS, logIndex=0, commits[8224e767-71c1-41fc-a01a-d172d48fd9d8:c4499, 6eae0c21-01aa-4169-956f-5952b26ea7ba:c4497, 8d7dcba1-3b82-4d94-a832-514ef5c79cf8:c4497]
2019-08-21 02:17:35,653 | INFO  | SCMAudit | user=jenkins1000 | ip=192.168.34.10 | op=ALLOCATE_BLOCK {owner=b6f66289-f2a0-4058-b052-0a85e40df67b, size=4194304, type=RATIS, factor=THREE} | ret=SUCCESS |  
2019-08-21 02:17:35,658 | INFO  | OMAudit | user=jenkins1000 | ip=127.0.0.1 | op=ALLOCATE_BLOCK {volume=vol-0-90982, bucket=bucket-0-24269, key=key-0-81262, dataSize=0, replicationType=null, replicationFactor=null, keyLocationInfo=null, clientID=102652564580991378} | ret=SUCCESS |  
2019-08-21 02:17:35,668 | INFO  | DNAudit | user=null | ip=null | op=WRITE_CHUNK {blockData=conID: 2 locID: 102652566284075652 bcsId: 0} | ret=SUCCESS |  
2019-08-21 02:17:35,671 | INFO  | DNAudit | user=null | ip=null | op=WRITE_CHUNK {blockData=conID: 2 locID: 102652566284075652 bcsId: 0} | ret=SUCCESS |  
2019-08-21 02:17:35,672 | INFO  | DNAudit | user=null | ip=null | op=WRITE_CHUNK {blockData=conID: 2 locID: 102652566284075652 bcsId: 0} | ret=SUCCESS |  
2019-08-21 02:17:35,672 | INFO  | DNAudit | user=null | ip=null | op=WRITE_CHUNK {blockData=conID: 2 locID: 102652566284075652 bcsId: 0} | ret=SUCCESS |  
2019-08-21 02:17:35,673 | INFO  | DNAudit | user=null | ip=null | op=WRITE_CHUNK {blockData=conID: 2 locID: 102652566284075652 bcsId: 0} | ret=SUCCESS |  
2019-08-21 02:17:35,673 | INFO  | DNAudit | user=null | ip=null | op=WRITE_CHUNK {blockData=conID: 2 locID: 102652566284075652 bcsId: 0} | ret=SUCCESS |  
2019-08-21 02:17:35,673 | INFO  | DNAudit | user=null | ip=null | op=WRITE_CHUNK {blockData=conID: 2 locID: 102652566284075652 bcsId: 0} | ret=SUCCESS |  
2019-08-21 02:17:35,674 | INFO  | DNAudit | user=null | ip=null | op=PUT_BLOCK {blockData=[blockId=conID: 2 locID: 102652566284075652 bcsId: 0,size=1048576]} | ret=SUCCESS |  
2019-08-21 02:17:35,674 [grpc-default-executor-4] INFO  client.GrpcClientProtocolClient (GrpcClientProtocolClient.java:onNext(255)) - client-54CC064C3FCE->8224e767-71c1-41fc-a01a-d172d48fd9d8: receive RaftClientReply:client-54CC064C3FCE->8224e767-71c1-41fc-a01a-d172d48fd9d8@group-F6B37CC92441, cid=3005, SUCCESS, logIndex=4500, commits[8224e767-71c1-41fc-a01a-d172d48fd9d8:c4501, 6eae0c21-01aa-4169-956f-5952b26ea7ba:c4497, 8d7dcba1-3b82-4d94-a832-514ef5c79cf8:c4499]
2019-08-21 02:17:35,675 [grpc-default-executor-4] INFO  client.GrpcClientProtocolClient (GrpcClientProtocolClient.java:onNext(255)) - client-54CC064C3FCE->8224e767-71c1-41fc-a01a-d172d48fd9d8: receive RaftClientReply:client-54CC064C3FCE->8224e767-71c1-41fc-a01a-d172d48fd9d8@group-F6B37CC92441, cid=3006, SUCCESS, logIndex=4501, commits[8224e767-71c1-41fc-a01a-d172d48fd9d8:c4501, 6eae0c21-01aa-4169-956f-5952b26ea7ba:c4497, 8d7dcba1-3b82-4d94-a832-514ef5c79cf8:c4499]
2019-08-21 02:17:35,677 | INFO  | DNAudit | user=null | ip=null | op=WRITE_CHUNK {blockData=conID: 2 locID: 102652566284075652 bcsId: 0} | ret=SUCCESS |  
2019-08-21 02:17:35,677 | INFO  | DNAudit | user=null | ip=null | op=WRITE_CHUNK {blockData=conID: 2 locID: 102652566284075652 bcsId: 0} | ret=SUCCESS |  
2019-08-21 02:17:35,677 | INFO  | DNAudit | user=null | ip=null | op=PUT_BLOCK {blockData=[blockId=conID: 2 locID: 102652566284075652 bcsId: 0,size=2097152]} | ret=SUCCESS |  
2019-08-21 02:17:35,677 | INFO  | DNAudit | user=null | ip=null | op=PUT_BLOCK {blockData=[blockId=conID: 2 locID: 102652566284075652 bcsId: 0,size=1048576]} | ret=SUCCESS |  
2019-08-21 02:17:35,677 [grpc-default-executor-2] INFO  client.GrpcClientProtocolClient (GrpcClientProtocolClient.java:onNext(255)) - client-54CC064C3FCE->8224e767-71c1-41fc-a01a-d172d48fd9d8: receive RaftClientReply:client-54CC064C3FCE->8224e767-71c1-41fc-a01a-d172d48fd9d8@group-F6B37CC92441, cid=3007, SUCCESS, logIndex=4502, commits[8224e767-71c1-41fc-a01a-d172d48fd9d8:c4502, 6eae0c21-01aa-4169-956f-5952b26ea7ba:c4499, 8d7dcba1-3b82-4d94-a832-514ef5c79cf8:c4499]
2019-08-21 02:17:35,678 | INFO  | DNAudit | user=null | ip=null | op=WRITE_CHUNK {blockData=conID: 2 locID: 102652566284075652 bcsId: 0} | ret=SUCCESS |  
2019-08-21 02:17:35,678 | INFO  | DNAudit | user=null | ip=null | op=PUT_BLOCK {blockData=[blockId=conID: 2 locID: 102652566284075652 bcsId: 0,size=1048576]} | ret=SUCCESS |  
2019-08-21 02:17:35,678 [grpc-default-executor-2] INFO  client.GrpcClientProtocolClient (GrpcClientProtocolClient.java:onNext(255)) - client-54CC064C3FCE->8224e767-71c1-41fc-a01a-d172d48fd9d8: receive RaftClientReply:client-54CC064C3FCE->8224e767-71c1-41fc-a01a-d172d48fd9d8@group-F6B37CC92441, cid=3008, SUCCESS, logIndex=4503, commits[8224e767-71c1-41fc-a01a-d172d48fd9d8:c4504, 6eae0c21-01aa-4169-956f-5952b26ea7ba:c4499, 8d7dcba1-3b82-4d94-a832-514ef5c79cf8:c4501]
2019-08-21 02:17:35,679 [grpc-default-executor-2] INFO  client.GrpcClientProtocolClient (GrpcClientProtocolClient.java:onNext(255)) - client-54CC064C3FCE->8224e767-71c1-41fc-a01a-d172d48fd9d8: receive RaftClientReply:client-54CC064C3FCE->8224e767-71c1-41fc-a01a-d172d48fd9d8@group-F6B37CC92441, cid=3009, SUCCESS, logIndex=0, commits[8224e767-71c1-41fc-a01a-d172d48fd9d8:c4505, 6eae0c21-01aa-4169-956f-5952b26ea7ba:c4501, 8d7dcba1-3b82-4d94-a832-514ef5c79cf8:c4501]
2019-08-21 02:17:35,686 | INFO  | DNAudit | user=null | ip=null | op=WRITE_CHUNK {blockData=conID: 2 locID: 102652566284075652 bcsId: 4503} | ret=SUCCESS |  
2019-08-21 02:17:35,688 | INFO  | DNAudit | user=null | ip=null | op=WRITE_CHUNK {blockData=conID: 2 locID: 102652566284075652 bcsId: 4503} | ret=SUCCESS |  
2019-08-21 02:17:35,688 | INFO  | DNAudit | user=null | ip=null | op=WRITE_CHUNK {blockData=conID: 2 locID: 102652566284075652 bcsId: 4503} | ret=SUCCESS |  
2019-08-21 02:17:35,694 | INFO  | DNAudit | user=null | ip=null | op=WRITE_CHUNK {blockData=conID: 2 locID: 102652566284075652 bcsId: 0} | ret=SUCCESS |  
2019-08-21 02:17:35,694 | INFO  | DNAudit | user=null | ip=null | op=WRITE_CHUNK {blockData=conID: 2 locID: 102652566284075652 bcsId: 0} | ret=SUCCESS |  
2019-08-21 02:17:35,694 | INFO  | DNAudit | user=null | ip=null | op=PUT_BLOCK {blockData=[blockId=conID: 2 locID: 102652566284075652 bcsId: 0,size=2097152]} | ret=SUCCESS |  
2019-08-21 02:17:35,695 | INFO  | DNAudit | user=null | ip=null | op=PUT_BLOCK {blockData=[blockId=conID: 2 locID: 102652566284075652 bcsId: 0,size=2097152]} | ret=SUCCESS |  
2019-08-21 02:17:35,695 | INFO  | DNAudit | user=null | ip=null | op=WRITE_CHUNK {blockData=conID: 2 locID: 102652566284075652 bcsId: 4503} | ret=SUCCESS |  
2019-08-21 02:17:35,695 | INFO  | DNAudit | user=null | ip=null | op=PUT_BLOCK {blockData=[blockId=conID: 2 locID: 102652566284075652 bcsId: 0,size=3145728]} | ret=SUCCESS |  
2019-08-21 02:17:35,696 [grpc-default-executor-2] INFO  client.GrpcClientProtocolClient (GrpcClientProtocolClient.java:onNext(255)) - client-54CC064C3FCE->8224e767-71c1-41fc-a01a-d172d48fd9d8: receive RaftClientReply:client-54CC064C3FCE->8224e767-71c1-41fc-a01a-d172d48fd9d8@group-F6B37CC92441, cid=3010, SUCCESS, logIndex=4508, commits[8224e767-71c1-41fc-a01a-d172d48fd9d8:c4509, 6eae0c21-01aa-4169-956f-5952b26ea7ba:c4505, 8d7dcba1-3b82-4d94-a832-514ef5c79cf8:c4505]
2019-08-21 02:17:35,696 [grpc-default-executor-2] INFO  client.GrpcClientProtocolClient (GrpcClientProtocolClient.java:onNext(255)) - client-54CC064C3FCE->8224e767-71c1-41fc-a01a-d172d48fd9d8: receive RaftClientReply:client-54CC064C3FCE->8224e767-71c1-41fc-a01a-d172d48fd9d8@group-F6B37CC92441, cid=3011, SUCCESS, logIndex=4509, commits[8224e767-71c1-41fc-a01a-d172d48fd9d8:c4509, 6eae0c21-01aa-4169-956f-5952b26ea7ba:c4505, 8d7dcba1-3b82-4d94-a832-514ef5c79cf8:c4505]
2019-08-21 02:17:35,702 | INFO  | DNAudit | user=null | ip=null | op=WRITE_CHUNK {blockData=conID: 2 locID: 102652566284075652 bcsId: 4509} | ret=SUCCESS |  
2019-08-21 02:17:35,705 | INFO  | DNAudit | user=null | ip=null | op=WRITE_CHUNK {blockData=conID: 2 locID: 102652566284075652 bcsId: 4509} | ret=SUCCESS |  
2019-08-21 02:17:35,705 | INFO  | DNAudit | user=null | ip=null | op=WRITE_CHUNK {blockData=conID: 2 locID: 102652566284075652 bcsId: 4509} | ret=SUCCESS |  
2019-08-21 02:17:35,707 | INFO  | DNAudit | user=null | ip=null | op=WRITE_CHUNK {blockData=conID: 2 locID: 102652566284075652 bcsId: 4503} | ret=SUCCESS |  
2019-08-21 02:17:35,707 | INFO  | DNAudit | user=null | ip=null | op=WRITE_CHUNK {blockData=conID: 2 locID: 102652566284075652 bcsId: 4503} | ret=SUCCESS |  
2019-08-21 02:17:35,708 | INFO  | DNAudit | user=null | ip=null | op=PUT_BLOCK {blockData=[blockId=conID: 2 locID: 102652566284075652 bcsId: 0,size=3145728]} | ret=SUCCESS |  
2019-08-21 02:17:35,708 | INFO  | DNAudit | user=null | ip=null | op=PUT_BLOCK {blockData=[blockId=conID: 2 locID: 102652566284075652 bcsId: 0,size=3145728]} | ret=SUCCESS |  
2019-08-21 02:17:35,709 | INFO  | DNAudit | user=null | ip=null | op=WRITE_CHUNK {blockData=conID: 2 locID: 102652566284075652 bcsId: 4509} | ret=SUCCESS |  
2019-08-21 02:17:35,709 | INFO  | DNAudit | user=null | ip=null | op=PUT_BLOCK {blockData=[blockId=conID: 2 locID: 102652566284075652 bcsId: 0,size=4194304]} | ret=SUCCESS |  
2019-08-21 02:17:35,709 [grpc-default-executor-1] INFO  client.GrpcClientProtocolClient (GrpcClientProtocolClient.java:onNext(255)) - client-54CC064C3FCE->8224e767-71c1-41fc-a01a-d172d48fd9d8: receive RaftClientReply:client-54CC064C3FCE->8224e767-71c1-41fc-a01a-d172d48fd9d8@group-F6B37CC92441, cid=3012, SUCCESS, logIndex=4512, commits[8224e767-71c1-41fc-a01a-d172d48fd9d8:c4513, 6eae0c21-01aa-4169-956f-5952b26ea7ba:c4509, 8d7dcba1-3b82-4d94-a832-514ef5c79cf8:c4509]
2019-08-21 02:17:35,710 [grpc-default-executor-1] INFO  client.GrpcClientProtocolClient (GrpcClientProtocolClient.java:onNext(255)) - client-54CC064C3FCE->8224e767-71c1-41fc-a01a-d172d48fd9d8: receive RaftClientReply:client-54CC064C3FCE->8224e767-71c1-41fc-a01a-d172d48fd9d8@group-F6B37CC92441, cid=3013, SUCCESS, logIndex=4513, commits[8224e767-71c1-41fc-a01a-d172d48fd9d8:c4513, 6eae0c21-01aa-4169-956f-5952b26ea7ba:c4509, 8d7dcba1-3b82-4d94-a832-514ef5c79cf8:c4509]
2019-08-21 02:17:35,723 | INFO  | DNAudit | user=null | ip=null | op=WRITE_CHUNK {blockData=conID: 2 locID: 102652566284075652 bcsId: 4509} | ret=SUCCESS |  
2019-08-21 02:17:35,723 | INFO  | DNAudit | user=null | ip=null | op=WRITE_CHUNK {blockData=conID: 2 locID: 102652566284075652 bcsId: 4509} | ret=SUCCESS |  
2019-08-21 02:17:35,726 | INFO  | DNAudit | user=null | ip=null | op=PUT_BLOCK {blockData=[blockId=conID: 2 locID: 102652566284075652 bcsId: 0,size=4194304]} | ret=SUCCESS |  
2019-08-21 02:17:35,726 | INFO  | DNAudit | user=null | ip=null | op=PUT_BLOCK {blockData=[blockId=conID: 2 locID: 102652566284075652 bcsId: 0,size=4194304]} | ret=SUCCESS |  
2019-08-21 02:17:35,726 [grpc-default-executor-2] INFO  client.GrpcClientProtocolClient (GrpcClientProtocolClient.java:onNext(255)) - client-54CC064C3FCE->8224e767-71c1-41fc-a01a-d172d48fd9d8: receive RaftClientReply:client-54CC064C3FCE->8224e767-71c1-41fc-a01a-d172d48fd9d8@group-F6B37CC92441, cid=3014, SUCCESS, logIndex=0, commits[8224e767-71c1-41fc-a01a-d172d48fd9d8:c4515, 6eae0c21-01aa-4169-956f-5952b26ea7ba:c4513, 8d7dcba1-3b82-4d94-a832-514ef5c79cf8:c4513]
2019-08-21 02:17:35,734 | INFO  | SCMAudit | user=jenkins1000 | ip=192.168.34.10 | op=ALLOCATE_BLOCK {owner=b6f66289-f2a0-4058-b052-0a85e40df67b, size=4194304, type=RATIS, factor=THREE} | ret=SUCCESS |  
2019-08-21 02:17:35,739 | INFO  | OMAudit | user=jenkins1000 | ip=127.0.0.1 | op=ALLOCATE_BLOCK {volume=vol-0-90982, bucket=bucket-0-24269, key=key-0-81262, dataSize=0, replicationType=null, replicationFactor=null, keyLocationInfo=null, clientID=102652564580991378} | ret=SUCCESS |  
2019-08-21 02:17:35,746 | INFO  | DNAudit | user=null | ip=null | op=WRITE_CHUNK {blockData=conID: 3 locID: 102652566289318533 bcsId: 0} | ret=SUCCESS |  
2019-08-21 02:17:35,749 | INFO  | DNAudit | user=null | ip=null | op=WRITE_CHUNK {blockData=conID: 3 locID: 102652566289318533 bcsId: 0} | ret=SUCCESS |  
2019-08-21 02:17:35,749 | INFO  | DNAudit | user=null | ip=null | op=WRITE_CHUNK {blockData=conID: 3 locID: 102652566289318533 bcsId: 0} | ret=SUCCESS |  
2019-08-21 02:17:35,750 | INFO  | DNAudit | user=null | ip=null | op=WRITE_CHUNK {blockData=conID: 3 locID: 102652566289318533 bcsId: 0} | ret=SUCCESS |  
2019-08-21 02:17:35,752 | INFO  | DNAudit | user=null | ip=null | op=WRITE_CHUNK {blockData=conID: 3 locID: 102652566289318533 bcsId: 0} | ret=SUCCESS |  
2019-08-21 02:17:35,752 | INFO  | DNAudit | user=null | ip=null | op=WRITE_CHUNK {blockData=conID: 3 locID: 102652566289318533 bcsId: 0} | ret=SUCCESS |  
2019-08-21 02:17:35,759 | INFO  | DNAudit | user=null | ip=null | op=WRITE_CHUNK {blockData=conID: 3 locID: 102652566289318533 bcsId: 0} | ret=SUCCESS |  
2019-08-21 02:17:35,760 | INFO  | DNAudit | user=null | ip=null | op=PUT_BLOCK {blockData=[blockId=conID: 3 locID: 102652566289318533 bcsId: 0,size=1048576]} | ret=SUCCESS |  
2019-08-21 02:17:35,760 [grpc-default-executor-3] INFO  client.GrpcClientProtocolClient (GrpcClientProtocolClient.java:onNext(255)) - client-54CC064C3FCE->8224e767-71c1-41fc-a01a-d172d48fd9d8: receive RaftClientReply:client-54CC064C3FCE->8224e767-71c1-41fc-a01a-d172d48fd9d8@group-F6B37CC92441, cid=3015, SUCCESS, logIndex=4516, commits[8224e767-71c1-41fc-a01a-d172d48fd9d8:c4517, 6eae0c21-01aa-4169-956f-5952b26ea7ba:c4515, 8d7dcba1-3b82-4d94-a832-514ef5c79cf8:c4515]
2019-08-21 02:17:35,760 | INFO  | DNAudit | user=null | ip=null | op=WRITE_CHUNK {blockData=conID: 3 locID: 102652566289318533 bcsId: 0} | ret=SUCCESS |  
2019-08-21 02:17:35,760 [grpc-default-executor-4] INFO  client.GrpcClientProtocolClient (GrpcClientProtocolClient.java:onNext(255)) - client-54CC064C3FCE->8224e767-71c1-41fc-a01a-d172d48fd9d8: receive RaftClientReply:client-54CC064C3FCE->8224e767-71c1-41fc-a01a-d172d48fd9d8@group-F6B37CC92441, cid=3016, SUCCESS, logIndex=4517, commits[8224e767-71c1-41fc-a01a-d172d48fd9d8:c4518, 6eae0c21-01aa-4169-956f-5952b26ea7ba:c4515, 8d7dcba1-3b82-4d94-a832-514ef5c79cf8:c4515]
2019-08-21 02:17:35,761 | INFO  | DNAudit | user=null | ip=null | op=PUT_BLOCK {blockData=[blockId=conID: 3 locID: 102652566289318533 bcsId: 0,size=2097152]} | ret=SUCCESS |  
2019-08-21 02:17:35,761 [grpc-default-executor-4] INFO  client.GrpcClientProtocolClient (GrpcClientProtocolClient.java:onNext(255)) - client-54CC064C3FCE->8224e767-71c1-41fc-a01a-d172d48fd9d8: receive RaftClientReply:client-54CC064C3FCE->8224e767-71c1-41fc-a01a-d172d48fd9d8@group-F6B37CC92441, cid=3017, SUCCESS, logIndex=4518, commits[8224e767-71c1-41fc-a01a-d172d48fd9d8:c4519, 6eae0c21-01aa-4169-956f-5952b26ea7ba:c4515, 8d7dcba1-3b82-4d94-a832-514ef5c79cf8:c4515]
2019-08-21 02:17:35,761 [grpc-default-executor-2] INFO  client.GrpcClientProtocolClient (GrpcClientProtocolClient.java:onNext(255)) - client-54CC064C3FCE->8224e767-71c1-41fc-a01a-d172d48fd9d8: receive RaftClientReply:client-54CC064C3FCE->8224e767-71c1-41fc-a01a-d172d48fd9d8@group-F6B37CC92441, cid=3018, SUCCESS, logIndex=4519, commits[8224e767-71c1-41fc-a01a-d172d48fd9d8:c4519, 6eae0c21-01aa-4169-956f-5952b26ea7ba:c4515, 8d7dcba1-3b82-4d94-a832-514ef5c79cf8:c4515]
2019-08-21 02:17:35,772 | INFO  | DNAudit | user=null | ip=null | op=WRITE_CHUNK {blockData=conID: 3 locID: 102652566289318533 bcsId: 0} | ret=SUCCESS |  
2019-08-21 02:17:35,772 | INFO  | DNAudit | user=null | ip=null | op=PUT_BLOCK {blockData=[blockId=conID: 3 locID: 102652566289318533 bcsId: 0,size=1048576]} | ret=SUCCESS |  
2019-08-21 02:17:35,772 | INFO  | DNAudit | user=null | ip=null | op=WRITE_CHUNK {blockData=conID: 3 locID: 102652566289318533 bcsId: 0} | ret=SUCCESS |  
2019-08-21 02:17:35,773 | INFO  | DNAudit | user=null | ip=null | op=PUT_BLOCK {blockData=[blockId=conID: 3 locID: 102652566289318533 bcsId: 0,size=1048576]} | ret=SUCCESS |  
2019-08-21 02:17:35,773 | INFO  | DNAudit | user=null | ip=null | op=WRITE_CHUNK {blockData=conID: 3 locID: 102652566289318533 bcsId: 0} | ret=SUCCESS |  
2019-08-21 02:17:35,773 | INFO  | DNAudit | user=null | ip=null | op=WRITE_CHUNK {blockData=conID: 3 locID: 102652566289318533 bcsId: 0} | ret=SUCCESS |  
2019-08-21 02:17:35,773 | INFO  | DNAudit | user=null | ip=null | op=PUT_BLOCK {blockData=[blockId=conID: 3 locID: 102652566289318533 bcsId: 0,size=2097152]} | ret=SUCCESS |  
2019-08-21 02:17:35,773 | INFO  | DNAudit | user=null | ip=null | op=PUT_BLOCK {blockData=[blockId=conID: 3 locID: 102652566289318533 bcsId: 0,size=2097152]} | ret=SUCCESS |  
2019-08-21 02:17:35,773 [grpc-default-executor-4] INFO  client.GrpcClientProtocolClient (GrpcClientProtocolClient.java:onNext(255)) - client-54CC064C3FCE->8224e767-71c1-41fc-a01a-d172d48fd9d8: receive RaftClientReply:client-54CC064C3FCE->8224e767-71c1-41fc-a01a-d172d48fd9d8@group-F6B37CC92441, cid=3019, SUCCESS, logIndex=0, commits[8224e767-71c1-41fc-a01a-d172d48fd9d8:c4521, 6eae0c21-01aa-4169-956f-5952b26ea7ba:c4517, 8d7dcba1-3b82-4d94-a832-514ef5c79cf8:c4517]
2019-08-21 02:17:35,780 | INFO  | DNAudit | user=null | ip=null | op=WRITE_CHUNK {blockData=conID: 3 locID: 102652566289318533 bcsId: 4519} | ret=SUCCESS |  
2019-08-21 02:17:35,782 | INFO  | DNAudit | user=null | ip=null | op=WRITE_CHUNK {blockData=conID: 3 locID: 102652566289318533 bcsId: 4519} | ret=SUCCESS |  
2019-08-21 02:17:35,783 | INFO  | DNAudit | user=null | ip=null | op=WRITE_CHUNK {blockData=conID: 3 locID: 102652566289318533 bcsId: 4519} | ret=SUCCESS |  
2019-08-21 02:17:35,793 | INFO  | DNAudit | user=null | ip=null | op=WRITE_CHUNK {blockData=conID: 3 locID: 102652566289318533 bcsId: 4519} | ret=SUCCESS |  
2019-08-21 02:17:35,794 | INFO  | DNAudit | user=null | ip=null | op=PUT_BLOCK {blockData=[blockId=conID: 3 locID: 102652566289318533 bcsId: 0,size=3145728]} | ret=SUCCESS |  
2019-08-21 02:17:35,794 [grpc-default-executor-3] INFO  client.GrpcClientProtocolClient (GrpcClientProtocolClient.java:onNext(255)) - client-54CC064C3FCE->8224e767-71c1-41fc-a01a-d172d48fd9d8: receive RaftClientReply:client-54CC064C3FCE->8224e767-71c1-41fc-a01a-d172d48fd9d8@group-F6B37CC92441, cid=3020, SUCCESS, logIndex=4524, commits[8224e767-71c1-41fc-a01a-d172d48fd9d8:c4525, 6eae0c21-01aa-4169-956f-5952b26ea7ba:c4523, 8d7dcba1-3b82-4d94-a832-514ef5c79cf8:c4523]
2019-08-21 02:17:35,794 [grpc-default-executor-3] INFO  client.GrpcClientProtocolClient (GrpcClientProtocolClient.java:onNext(255)) - client-54CC064C3FCE->8224e767-71c1-41fc-a01a-d172d48fd9d8: receive RaftClientReply:client-54CC064C3FCE->8224e767-71c1-41fc-a01a-d172d48fd9d8@group-F6B37CC92441, cid=3021, SUCCESS, logIndex=4525, commits[8224e767-71c1-41fc-a01a-d172d48fd9d8:c4525, 6eae0c21-01aa-4169-956f-5952b26ea7ba:c4523, 8d7dcba1-3b82-4d94-a832-514ef5c79cf8:c4523]
2019-08-21 02:17:35,800 | INFO  | DNAudit | user=null | ip=null | op=WRITE_CHUNK {blockData=conID: 3 locID: 102652566289318533 bcsId: 4525} | ret=SUCCESS |  
2019-08-21 02:17:35,803 | INFO  | DNAudit | user=null | ip=null | op=WRITE_CHUNK {blockData=conID: 3 locID: 102652566289318533 bcsId: 4525} | ret=SUCCESS |  
2019-08-21 02:17:35,804 | INFO  | DNAudit | user=null | ip=null | op=WRITE_CHUNK {blockData=conID: 3 locID: 102652566289318533 bcsId: 4525} | ret=SUCCESS |  
2019-08-21 02:17:35,805 | INFO  | DNAudit | user=null | ip=null | op=WRITE_CHUNK {blockData=conID: 3 locID: 102652566289318533 bcsId: 4519} | ret=SUCCESS |  
2019-08-21 02:17:35,805 | INFO  | DNAudit | user=null | ip=null | op=WRITE_CHUNK {blockData=conID: 3 locID: 102652566289318533 bcsId: 4519} | ret=SUCCESS |  
2019-08-21 02:17:35,805 | INFO  | DNAudit | user=null | ip=null | op=PUT_BLOCK {blockData=[blockId=conID: 3 locID: 102652566289318533 bcsId: 0,size=3145728]} | ret=SUCCESS |  
2019-08-21 02:17:35,805 | INFO  | DNAudit | user=null | ip=null | op=PUT_BLOCK {blockData=[blockId=conID: 3 locID: 102652566289318533 bcsId: 0,size=3145728]} | ret=SUCCESS |  
2019-08-21 02:17:35,808 | INFO  | DNAudit | user=null | ip=null | op=WRITE_CHUNK {blockData=conID: 3 locID: 102652566289318533 bcsId: 4525} | ret=SUCCESS |  
2019-08-21 02:17:35,809 | INFO  | DNAudit | user=null | ip=null | op=PUT_BLOCK {blockData=[blockId=conID: 3 locID: 102652566289318533 bcsId: 0,size=4194304]} | ret=SUCCESS |  
2019-08-21 02:17:35,809 [grpc-default-executor-2] INFO  client.GrpcClientProtocolClient (GrpcClientProtocolClient.java:onNext(255)) - client-54CC064C3FCE->8224e767-71c1-41fc-a01a-d172d48fd9d8: receive RaftClientReply:client-54CC064C3FCE->8224e767-71c1-41fc-a01a-d172d48fd9d8@group-F6B37CC92441, cid=3022, SUCCESS, logIndex=4528, commits[8224e767-71c1-41fc-a01a-d172d48fd9d8:c4529, 6eae0c21-01aa-4169-956f-5952b26ea7ba:c4525, 8d7dcba1-3b82-4d94-a832-514ef5c79cf8:c4525]
2019-08-21 02:17:35,810 [grpc-default-executor-2] INFO  client.GrpcClientProtocolClient (GrpcClientProtocolClient.java:onNext(255)) - client-54CC064C3FCE->8224e767-71c1-41fc-a01a-d172d48fd9d8: receive RaftClientReply:client-54CC064C3FCE->8224e767-71c1-41fc-a01a-d172d48fd9d8@group-F6B37CC92441, cid=3023, SUCCESS, logIndex=4529, commits[8224e767-71c1-41fc-a01a-d172d48fd9d8:c4529, 6eae0c21-01aa-4169-956f-5952b26ea7ba:c4525, 8d7dcba1-3b82-4d94-a832-514ef5c79cf8:c4525]
2019-08-21 02:17:35,820 | INFO  | DNAudit | user=null | ip=null | op=WRITE_CHUNK {blockData=conID: 3 locID: 102652566289318533 bcsId: 4525} | ret=SUCCESS |  
2019-08-21 02:17:35,820 | INFO  | DNAudit | user=null | ip=null | op=WRITE_CHUNK {blockData=conID: 3 locID: 102652566289318533 bcsId: 4525} | ret=SUCCESS |  
2019-08-21 02:17:35,820 | INFO  | DNAudit | user=null | ip=null | op=PUT_BLOCK {blockData=[blockId=conID: 3 locID: 102652566289318533 bcsId: 0,size=4194304]} | ret=SUCCESS |  
2019-08-21 02:17:35,821 | INFO  | DNAudit | user=null | ip=null | op=PUT_BLOCK {blockData=[blockId=conID: 3 locID: 102652566289318533 bcsId: 0,size=4194304]} | ret=SUCCESS |  
2019-08-21 02:17:35,821 [grpc-default-executor-2] INFO  client.GrpcClientProtocolClient (GrpcClientProtocolClient.java:onNext(255)) - client-54CC064C3FCE->8224e767-71c1-41fc-a01a-d172d48fd9d8: receive RaftClientReply:client-54CC064C3FCE->8224e767-71c1-41fc-a01a-d172d48fd9d8@group-F6B37CC92441, cid=3024, SUCCESS, logIndex=0, commits[8224e767-71c1-41fc-a01a-d172d48fd9d8:c4530, 6eae0c21-01aa-4169-956f-5952b26ea7ba:c4529, 8d7dcba1-3b82-4d94-a832-514ef5c79cf8:c4529]
2019-08-21 02:17:35,829 | INFO  | SCMAudit | user=jenkins1000 | ip=192.168.34.10 | op=ALLOCATE_BLOCK {owner=b6f66289-f2a0-4058-b052-0a85e40df67b, size=4194304, type=RATIS, factor=THREE} | ret=SUCCESS |  
2019-08-21 02:17:35,834 | INFO  | OMAudit | user=jenkins1000 | ip=127.0.0.1 | op=ALLOCATE_BLOCK {volume=vol-0-90982, bucket=bucket-0-24269, key=key-0-81262, dataSize=0, replicationType=null, replicationFactor=null, keyLocationInfo=null, clientID=102652564580991378} | ret=SUCCESS |  
2019-08-21 02:17:35,974 | INFO  | DNAudit | user=null | ip=null | op=WRITE_CHUNK {blockData=conID: 1 locID: 102652566295609990 bcsId: 0} | ret=SUCCESS |  
2019-08-21 02:17:35,977 | INFO  | DNAudit | user=null | ip=null | op=WRITE_CHUNK {blockData=conID: 1 locID: 102652566295609990 bcsId: 0} | ret=SUCCESS |  
2019-08-21 02:17:35,977 | INFO  | DNAudit | user=null | ip=null | op=WRITE_CHUNK {blockData=conID: 1 locID: 102652566295609990 bcsId: 0} | ret=SUCCESS |  
2019-08-21 02:17:35,978 | INFO  | DNAudit | user=null | ip=null | op=WRITE_CHUNK {blockData=conID: 1 locID: 102652566295609990 bcsId: 0} | ret=SUCCESS |  
2019-08-21 02:17:35,981 | INFO  | DNAudit | user=null | ip=null | op=WRITE_CHUNK {blockData=conID: 1 locID: 102652566295609990 bcsId: 0} | ret=SUCCESS |  
2019-08-21 02:17:35,981 | INFO  | DNAudit | user=null | ip=null | op=WRITE_CHUNK {blockData=conID: 1 locID: 102652566295609990 bcsId: 0} | ret=SUCCESS |  
2019-08-21 02:17:35,981 | INFO  | DNAudit | user=null | ip=null | op=WRITE_CHUNK {blockData=conID: 1 locID: 102652566295609990 bcsId: 0} | ret=SUCCESS |  
2019-08-21 02:17:35,981 | INFO  | DNAudit | user=null | ip=null | op=PUT_BLOCK {blockData=[blockId=conID: 1 locID: 102652566295609990 bcsId: 0,size=1048576]} | ret=SUCCESS |  
2019-08-21 02:17:35,982 [grpc-default-executor-3] INFO  client.GrpcClientProtocolClient (GrpcClientProtocolClient.java:onNext(255)) - client-54CC064C3FCE->8224e767-71c1-41fc-a01a-d172d48fd9d8: receive RaftClientReply:client-54CC064C3FCE->8224e767-71c1-41fc-a01a-d172d48fd9d8@group-F6B37CC92441, cid=3025, SUCCESS, logIndex=4532, commits[8224e767-71c1-41fc-a01a-d172d48fd9d8:c4533, 6eae0c21-01aa-4169-956f-5952b26ea7ba:c4531, 8d7dcba1-3b82-4d94-a832-514ef5c79cf8:c4531]
2019-08-21 02:17:35,983 [grpc-default-executor-3] INFO  client.GrpcClientProtocolClient (GrpcClientProtocolClient.java:onNext(255)) - client-54CC064C3FCE->8224e767-71c1-41fc-a01a-d172d48fd9d8: receive RaftClientReply:client-54CC064C3FCE->8224e767-71c1-41fc-a01a-d172d48fd9d8@group-F6B37CC92441, cid=3026, SUCCESS, logIndex=4533, commits[8224e767-71c1-41fc-a01a-d172d48fd9d8:c4533, 6eae0c21-01aa-4169-956f-5952b26ea7ba:c4531, 8d7dcba1-3b82-4d94-a832-514ef5c79cf8:c4531]
2019-08-21 02:17:35,983 | INFO  | DNAudit | user=null | ip=null | op=WRITE_CHUNK {blockData=conID: 1 locID: 102652566295609990 bcsId: 0} | ret=SUCCESS |  
2019-08-21 02:17:35,983 | INFO  | DNAudit | user=null | ip=null | op=WRITE_CHUNK {blockData=conID: 1 locID: 102652566295609990 bcsId: 0} | ret=SUCCESS |  
2019-08-21 02:17:35,984 | INFO  | DNAudit | user=null | ip=null | op=WRITE_CHUNK {blockData=conID: 1 locID: 102652566295609990 bcsId: 0} | ret=SUCCESS |  
2019-08-21 02:17:35,984 | INFO  | DNAudit | user=null | ip=null | op=PUT_BLOCK {blockData=[blockId=conID: 1 locID: 102652566295609990 bcsId: 0,size=2097152]} | ret=SUCCESS |  
2019-08-21 02:17:35,984 [grpc-default-executor-3] INFO  client.GrpcClientProtocolClient (GrpcClientProtocolClient.java:onNext(255)) - client-54CC064C3FCE->8224e767-71c1-41fc-a01a-d172d48fd9d8: receive RaftClientReply:client-54CC064C3FCE->8224e767-71c1-41fc-a01a-d172d48fd9d8@group-F6B37CC92441, cid=3027, SUCCESS, logIndex=4534, commits[8224e767-71c1-41fc-a01a-d172d48fd9d8:c4535, 6eae0c21-01aa-4169-956f-5952b26ea7ba:c4531, 8d7dcba1-3b82-4d94-a832-514ef5c79cf8:c4531]
2019-08-21 02:17:35,984 [grpc-default-executor-3] INFO  client.GrpcClientProtocolClient (GrpcClientProtocolClient.java:onNext(255)) - client-54CC064C3FCE->8224e767-71c1-41fc-a01a-d172d48fd9d8: receive RaftClientReply:client-54CC064C3FCE->8224e767-71c1-41fc-a01a-d172d48fd9d8@group-F6B37CC92441, cid=3028, SUCCESS, logIndex=4535, commits[8224e767-71c1-41fc-a01a-d172d48fd9d8:c4536, 6eae0c21-01aa-4169-956f-5952b26ea7ba:c4532, 8d7dcba1-3b82-4d94-a832-514ef5c79cf8:c4532]
2019-08-21 02:17:35,984 | INFO  | DNAudit | user=null | ip=null | op=PUT_BLOCK {blockData=[blockId=conID: 1 locID: 102652566295609990 bcsId: 0,size=1048576]} | ret=SUCCESS |  
2019-08-21 02:17:35,985 | INFO  | DNAudit | user=null | ip=null | op=PUT_BLOCK {blockData=[blockId=conID: 1 locID: 102652566295609990 bcsId: 0,size=1048576]} | ret=SUCCESS |  
2019-08-21 02:17:35,985 | INFO  | DNAudit | user=null | ip=null | op=WRITE_CHUNK {blockData=conID: 1 locID: 102652566295609990 bcsId: 0} | ret=SUCCESS |  
2019-08-21 02:17:35,985 | INFO  | DNAudit | user=null | ip=null | op=PUT_BLOCK {blockData=[blockId=conID: 1 locID: 102652566295609990 bcsId: 0,size=2097152]} | ret=SUCCESS |  
2019-08-21 02:17:35,985 [grpc-default-executor-3] INFO  client.GrpcClientProtocolClient (GrpcClientProtocolClient.java:onNext(255)) - client-54CC064C3FCE->8224e767-71c1-41fc-a01a-d172d48fd9d8: receive RaftClientReply:client-54CC064C3FCE->8224e767-71c1-41fc-a01a-d172d48fd9d8@group-F6B37CC92441, cid=3029, SUCCESS, logIndex=0, commits[8224e767-71c1-41fc-a01a-d172d48fd9d8:c4537, 6eae0c21-01aa-4169-956f-5952b26ea7ba:c4533, 8d7dcba1-3b82-4d94-a832-514ef5c79cf8:c4533]
2019-08-21 02:17:35,986 | INFO  | DNAudit | user=null | ip=null | op=WRITE_CHUNK {blockData=conID: 1 locID: 102652566295609990 bcsId: 0} | ret=SUCCESS |  
2019-08-21 02:17:35,986 | INFO  | DNAudit | user=null | ip=null | op=PUT_BLOCK {blockData=[blockId=conID: 1 locID: 102652566295609990 bcsId: 0,size=2097152]} | ret=SUCCESS |  
2019-08-21 02:17:35,996 | INFO  | DNAudit | user=null | ip=null | op=WRITE_CHUNK {blockData=conID: 1 locID: 102652566295609990 bcsId: 4535} | ret=SUCCESS |  
2019-08-21 02:17:35,999 | INFO  | DNAudit | user=null | ip=null | op=WRITE_CHUNK {blockData=conID: 1 locID: 102652566295609990 bcsId: 4535} | ret=SUCCESS |  
2019-08-21 02:17:35,999 | INFO  | DNAudit | user=null | ip=null | op=WRITE_CHUNK {blockData=conID: 1 locID: 102652566295609990 bcsId: 4535} | ret=SUCCESS |  
2019-08-21 02:17:36,010 | INFO  | DNAudit | user=null | ip=null | op=WRITE_CHUNK {blockData=conID: 1 locID: 102652566295609990 bcsId: 4535} | ret=SUCCESS |  
2019-08-21 02:17:36,010 | INFO  | DNAudit | user=null | ip=null | op=PUT_BLOCK {blockData=[blockId=conID: 1 locID: 102652566295609990 bcsId: 0,size=3145728]} | ret=SUCCESS |  
2019-08-21 02:17:36,010 [grpc-default-executor-2] INFO  client.GrpcClientProtocolClient (GrpcClientProtocolClient.java:onNext(255)) - client-54CC064C3FCE->8224e767-71c1-41fc-a01a-d172d48fd9d8: receive RaftClientReply:client-54CC064C3FCE->8224e767-71c1-41fc-a01a-d172d48fd9d8@group-F6B37CC92441, cid=3030, SUCCESS, logIndex=4540, commits[8224e767-71c1-41fc-a01a-d172d48fd9d8:c4541, 6eae0c21-01aa-4169-956f-5952b26ea7ba:c4539, 8d7dcba1-3b82-4d94-a832-514ef5c79cf8:c4539]
2019-08-21 02:17:36,011 [grpc-default-executor-2] INFO  client.GrpcClientProtocolClient (GrpcClientProtocolClient.java:onNext(255)) - client-54CC064C3FCE->8224e767-71c1-41fc-a01a-d172d48fd9d8: receive RaftClientReply:client-54CC064C3FCE->8224e767-71c1-41fc-a01a-d172d48fd9d8@group-F6B37CC92441, cid=3031, SUCCESS, logIndex=4541, commits[8224e767-71c1-41fc-a01a-d172d48fd9d8:c4541, 6eae0c21-01aa-4169-956f-5952b26ea7ba:c4539, 8d7dcba1-3b82-4d94-a832-514ef5c79cf8:c4539]
2019-08-21 02:17:36,018 | INFO  | DNAudit | user=null | ip=null | op=WRITE_CHUNK {blockData=conID: 1 locID: 102652566295609990 bcsId: 4541} | ret=SUCCESS |  
2019-08-21 02:17:36,020 | INFO  | DNAudit | user=null | ip=null | op=WRITE_CHUNK {blockData=conID: 1 locID: 102652566295609990 bcsId: 4541} | ret=SUCCESS |  
2019-08-21 02:17:36,021 | INFO  | DNAudit | user=null | ip=null | op=WRITE_CHUNK {blockData=conID: 1 locID: 102652566295609990 bcsId: 4541} | ret=SUCCESS |  
2019-08-21 02:17:36,021 | INFO  | DNAudit | user=null | ip=null | op=WRITE_CHUNK {blockData=conID: 1 locID: 102652566295609990 bcsId: 4535} | ret=SUCCESS |  
2019-08-21 02:17:36,021 | INFO  | DNAudit | user=null | ip=null | op=WRITE_CHUNK {blockData=conID: 1 locID: 102652566295609990 bcsId: 4535} | ret=SUCCESS |  
2019-08-21 02:17:36,022 | INFO  | DNAudit | user=null | ip=null | op=PUT_BLOCK {blockData=[blockId=conID: 1 locID: 102652566295609990 bcsId: 0,size=3145728]} | ret=SUCCESS |  
2019-08-21 02:17:36,022 | INFO  | DNAudit | user=null | ip=null | op=PUT_BLOCK {blockData=[blockId=conID: 1 locID: 102652566295609990 bcsId: 0,size=3145728]} | ret=SUCCESS |  
2019-08-21 02:17:36,025 | INFO  | DNAudit | user=null | ip=null | op=WRITE_CHUNK {blockData=conID: 1 locID: 102652566295609990 bcsId: 4541} | ret=SUCCESS |  
2019-08-21 02:17:36,025 | INFO  | DNAudit | user=null | ip=null | op=PUT_BLOCK {blockData=[blockId=conID: 1 locID: 102652566295609990 bcsId: 0,size=4194304]} | ret=SUCCESS |  
2019-08-21 02:17:36,025 [grpc-default-executor-3] INFO  client.GrpcClientProtocolClient (GrpcClientProtocolClient.java:onNext(255)) - client-54CC064C3FCE->8224e767-71c1-41fc-a01a-d172d48fd9d8: receive RaftClientReply:client-54CC064C3FCE->8224e767-71c1-41fc-a01a-d172d48fd9d8@group-F6B37CC92441, cid=3032, SUCCESS, logIndex=4544, commits[8224e767-71c1-41fc-a01a-d172d48fd9d8:c4545, 6eae0c21-01aa-4169-956f-5952b26ea7ba:c4541, 8d7dcba1-3b82-4d94-a832-514ef5c79cf8:c4541]
2019-08-21 02:17:36,026 [grpc-default-executor-3] INFO  client.GrpcClientProtocolClient (GrpcClientProtocolClient.java:onNext(255)) - client-54CC064C3FCE->8224e767-71c1-41fc-a01a-d172d48fd9d8: receive RaftClientReply:client-54CC064C3FCE->8224e767-71c1-41fc-a01a-d172d48fd9d8@group-F6B37CC92441, cid=3033, SUCCESS, logIndex=4545, commits[8224e767-71c1-41fc-a01a-d172d48fd9d8:c4545, 6eae0c21-01aa-4169-956f-5952b26ea7ba:c4541, 8d7dcba1-3b82-4d94-a832-514ef5c79cf8:c4541]
2019-08-21 02:17:36,036 | INFO  | DNAudit | user=null | ip=null | op=WRITE_CHUNK {blockData=conID: 1 locID: 102652566295609990 bcsId: 4541} | ret=SUCCESS |  
2019-08-21 02:17:36,036 | INFO  | DNAudit | user=null | ip=null | op=WRITE_CHUNK {blockData=conID: 1 locID: 102652566295609990 bcsId: 4541} | ret=SUCCESS |  
2019-08-21 02:17:36,036 | INFO  | DNAudit | user=null | ip=null | op=PUT_BLOCK {blockData=[blockId=conID: 1 locID: 102652566295609990 bcsId: 0,size=4194304]} | ret=SUCCESS |  
2019-08-21 02:17:36,036 | INFO  | DNAudit | user=null | ip=null | op=PUT_BLOCK {blockData=[blockId=conID: 1 locID: 102652566295609990 bcsId: 0,size=4194304]} | ret=SUCCESS |  
2019-08-21 02:17:36,037 [grpc-default-executor-3] INFO  client.GrpcClientProtocolClient (GrpcClientProtocolClient.java:onNext(255)) - client-54CC064C3FCE->8224e767-71c1-41fc-a01a-d172d48fd9d8: receive RaftClientReply:client-54CC064C3FCE->8224e767-71c1-41fc-a01a-d172d48fd9d8@group-F6B37CC92441, cid=3034, SUCCESS, logIndex=0, commits[8224e767-71c1-41fc-a01a-d172d48fd9d8:c4546, 6eae0c21-01aa-4169-956f-5952b26ea7ba:c4545, 8d7dcba1-3b82-4d94-a832-514ef5c79cf8:c4545]
2019-08-21 02:17:36,045 | INFO  | SCMAudit | user=jenkins1000 | ip=192.168.34.10 | op=ALLOCATE_BLOCK {owner=b6f66289-f2a0-4058-b052-0a85e40df67b, size=4194304, type=RATIS, factor=THREE} | ret=SUCCESS |  
2019-08-21 02:17:36,051 | INFO  | OMAudit | user=jenkins1000 | ip=127.0.0.1 | op=ALLOCATE_BLOCK {volume=vol-0-90982, bucket=bucket-0-24269, key=key-0-81262, dataSize=0, replicationType=null, replicationFactor=null, keyLocationInfo=null, clientID=102652564580991378} | ret=SUCCESS |  
2019-08-21 02:17:36,060 | INFO  | DNAudit | user=null | ip=null | op=WRITE_CHUNK {blockData=conID: 2 locID: 102652566309765767 bcsId: 0} | ret=SUCCESS |  
2019-08-21 02:17:36,063 | INFO  | DNAudit | user=null | ip=null | op=WRITE_CHUNK {blockData=conID: 2 locID: 102652566309765767 bcsId: 0} | ret=SUCCESS |  
2019-08-21 02:17:36,063 | INFO  | DNAudit | user=null | ip=null | op=WRITE_CHUNK {blockData=conID: 2 locID: 102652566309765767 bcsId: 0} | ret=SUCCESS |  
2019-08-21 02:17:36,064 | INFO  | DNAudit | user=null | ip=null | op=WRITE_CHUNK {blockData=conID: 2 locID: 102652566309765767 bcsId: 0} | ret=SUCCESS |  
2019-08-21 02:17:36,067 | INFO  | DNAudit | user=null | ip=null | op=WRITE_CHUNK {blockData=conID: 2 locID: 102652566309765767 bcsId: 0} | ret=SUCCESS |  
2019-08-21 02:17:36,067 | INFO  | DNAudit | user=null | ip=null | op=WRITE_CHUNK {blockData=conID: 2 locID: 102652566309765767 bcsId: 0} | ret=SUCCESS |  
2019-08-21 02:17:36,073 | INFO  | DNAudit | user=null | ip=null | op=WRITE_CHUNK {blockData=conID: 2 locID: 102652566309765767 bcsId: 0} | ret=SUCCESS |  
2019-08-21 02:17:36,073 | INFO  | DNAudit | user=null | ip=null | op=PUT_BLOCK {blockData=[blockId=conID: 2 locID: 102652566309765767 bcsId: 0,size=1048576]} | ret=SUCCESS |  
2019-08-21 02:17:36,074 | INFO  | DNAudit | user=null | ip=null | op=WRITE_CHUNK {blockData=conID: 2 locID: 102652566309765767 bcsId: 0} | ret=SUCCESS |  
2019-08-21 02:17:36,073 [grpc-default-executor-1] INFO  client.GrpcClientProtocolClient (GrpcClientProtocolClient.java:onNext(255)) - client-54CC064C3FCE->8224e767-71c1-41fc-a01a-d172d48fd9d8: receive RaftClientReply:client-54CC064C3FCE->8224e767-71c1-41fc-a01a-d172d48fd9d8@group-F6B37CC92441, cid=3035, SUCCESS, logIndex=4548, commits[8224e767-71c1-41fc-a01a-d172d48fd9d8:c4549, 6eae0c21-01aa-4169-956f-5952b26ea7ba:c4547, 8d7dcba1-3b82-4d94-a832-514ef5c79cf8:c4547]
2019-08-21 02:17:36,074 | INFO  | DNAudit | user=null | ip=null | op=PUT_BLOCK {blockData=[blockId=conID: 2 locID: 102652566309765767 bcsId: 0,size=2097152]} | ret=SUCCESS |  
2019-08-21 02:17:36,074 [grpc-default-executor-1] INFO  client.GrpcClientProtocolClient (GrpcClientProtocolClient.java:onNext(255)) - client-54CC064C3FCE->8224e767-71c1-41fc-a01a-d172d48fd9d8: receive RaftClientReply:client-54CC064C3FCE->8224e767-71c1-41fc-a01a-d172d48fd9d8@group-F6B37CC92441, cid=3036, SUCCESS, logIndex=4549, commits[8224e767-71c1-41fc-a01a-d172d48fd9d8:c4550, 6eae0c21-01aa-4169-956f-5952b26ea7ba:c4547, 8d7dcba1-3b82-4d94-a832-514ef5c79cf8:c4547]
2019-08-21 02:17:36,075 [grpc-default-executor-1] INFO  client.GrpcClientProtocolClient (GrpcClientProtocolClient.java:onNext(255)) - client-54CC064C3FCE->8224e767-71c1-41fc-a01a-d172d48fd9d8: receive RaftClientReply:client-54CC064C3FCE->8224e767-71c1-41fc-a01a-d172d48fd9d8@group-F6B37CC92441, cid=3037, SUCCESS, logIndex=4550, commits[8224e767-71c1-41fc-a01a-d172d48fd9d8:c4551, 6eae0c21-01aa-4169-956f-5952b26ea7ba:c4547, 8d7dcba1-3b82-4d94-a832-514ef5c79cf8:c4547]
2019-08-21 02:17:36,075 [grpc-default-executor-1] INFO  client.GrpcClientProtocolClient (GrpcClientProtocolClient.java:onNext(255)) - client-54CC064C3FCE->8224e767-71c1-41fc-a01a-d172d48fd9d8: receive RaftClientReply:client-54CC064C3FCE->8224e767-71c1-41fc-a01a-d172d48fd9d8@group-F6B37CC92441, cid=3038, SUCCESS, logIndex=4551, commits[8224e767-71c1-41fc-a01a-d172d48fd9d8:c4551, 6eae0c21-01aa-4169-956f-5952b26ea7ba:c4547, 8d7dcba1-3b82-4d94-a832-514ef5c79cf8:c4547]
2019-08-21 02:17:36,086 | INFO  | DNAudit | user=null | ip=null | op=WRITE_CHUNK {blockData=conID: 2 locID: 102652566309765767 bcsId: 0} | ret=SUCCESS |  
2019-08-21 02:17:36,087 | INFO  | DNAudit | user=null | ip=null | op=PUT_BLOCK {blockData=[blockId=conID: 2 locID: 102652566309765767 bcsId: 0,size=1048576]} | ret=SUCCESS |  
2019-08-21 02:17:36,087 | INFO  | DNAudit | user=null | ip=null | op=WRITE_CHUNK {blockData=conID: 2 locID: 102652566309765767 bcsId: 0} | ret=SUCCESS |  
2019-08-21 02:17:36,087 | INFO  | DNAudit | user=null | ip=null | op=PUT_BLOCK {blockData=[blockId=conID: 2 locID: 102652566309765767 bcsId: 0,size=1048576]} | ret=SUCCESS |  
2019-08-21 02:17:36,087 | INFO  | DNAudit | user=null | ip=null | op=WRITE_CHUNK {blockData=conID: 2 locID: 102652566309765767 bcsId: 0} | ret=SUCCESS |  
2019-08-21 02:17:36,088 | INFO  | DNAudit | user=null | ip=null | op=WRITE_CHUNK {blockData=conID: 2 locID: 102652566309765767 bcsId: 0} | ret=SUCCESS |  
2019-08-21 02:17:36,088 | INFO  | DNAudit | user=null | ip=null | op=PUT_BLOCK {blockData=[blockId=conID: 2 locID: 102652566309765767 bcsId: 0,size=2097152]} | ret=SUCCESS |  
2019-08-21 02:17:36,088 | INFO  | DNAudit | user=null | ip=null | op=PUT_BLOCK {blockData=[blockId=conID: 2 locID: 102652566309765767 bcsId: 0,size=2097152]} | ret=SUCCESS |  
2019-08-21 02:17:36,088 [grpc-default-executor-4] INFO  client.GrpcClientProtocolClient (GrpcClientProtocolClient.java:onNext(255)) - client-54CC064C3FCE->8224e767-71c1-41fc-a01a-d172d48fd9d8: receive RaftClientReply:client-54CC064C3FCE->8224e767-71c1-41fc-a01a-d172d48fd9d8@group-F6B37CC92441, cid=3039, SUCCESS, logIndex=0, commits[8224e767-71c1-41fc-a01a-d172d48fd9d8:c4553, 6eae0c21-01aa-4169-956f-5952b26ea7ba:c4549, 8d7dcba1-3b82-4d94-a832-514ef5c79cf8:c4549]
2019-08-21 02:17:36,096 | INFO  | DNAudit | user=null | ip=null | op=WRITE_CHUNK {blockData=conID: 2 locID: 102652566309765767 bcsId: 4551} | ret=SUCCESS |  
2019-08-21 02:17:36,098 | INFO  | DNAudit | user=null | ip=null | op=WRITE_CHUNK {blockData=conID: 2 locID: 102652566309765767 bcsId: 4551} | ret=SUCCESS |  
2019-08-21 02:17:36,099 | INFO  | DNAudit | user=null | ip=null | op=WRITE_CHUNK {blockData=conID: 2 locID: 102652566309765767 bcsId: 4551} | ret=SUCCESS |  
2019-08-21 02:17:36,108 | INFO  | DNAudit | user=null | ip=null | op=WRITE_CHUNK {blockData=conID: 2 locID: 102652566309765767 bcsId: 4551} | ret=SUCCESS |  
2019-08-21 02:17:36,108 | INFO  | DNAudit | user=null | ip=null | op=PUT_BLOCK {blockData=[blockId=conID: 2 locID: 102652566309765767 bcsId: 0,size=3145728]} | ret=SUCCESS |  
2019-08-21 02:17:36,109 [grpc-default-executor-1] INFO  client.GrpcClientProtocolClient (GrpcClientProtocolClient.java:onNext(255)) - client-54CC064C3FCE->8224e767-71c1-41fc-a01a-d172d48fd9d8: receive RaftClientReply:client-54CC064C3FCE->8224e767-71c1-41fc-a01a-d172d48fd9d8@group-F6B37CC92441, cid=3040, SUCCESS, logIndex=4556, commits[8224e767-71c1-41fc-a01a-d172d48fd9d8:c4557, 6eae0c21-01aa-4169-956f-5952b26ea7ba:c4555, 8d7dcba1-3b82-4d94-a832-514ef5c79cf8:c4555]
2019-08-21 02:17:36,109 [grpc-default-executor-1] INFO  client.GrpcClientProtocolClient (GrpcClientProtocolClient.java:onNext(255)) - client-54CC064C3FCE->8224e767-71c1-41fc-a01a-d172d48fd9d8: receive RaftClientReply:client-54CC064C3FCE->8224e767-71c1-41fc-a01a-d172d48fd9d8@group-F6B37CC92441, cid=3041, SUCCESS, logIndex=4557, commits[8224e767-71c1-41fc-a01a-d172d48fd9d8:c4557, 6eae0c21-01aa-4169-956f-5952b26ea7ba:c4555, 8d7dcba1-3b82-4d94-a832-514ef5c79cf8:c4555]
2019-08-21 02:17:36,117 | INFO  | DNAudit | user=null | ip=null | op=WRITE_CHUNK {blockData=conID: 2 locID: 102652566309765767 bcsId: 4557} | ret=SUCCESS |  
2019-08-21 02:17:36,119 | INFO  | DNAudit | user=null | ip=null | op=WRITE_CHUNK {blockData=conID: 2 locID: 102652566309765767 bcsId: 4557} | ret=SUCCESS |  
2019-08-21 02:17:36,120 | INFO  | DNAudit | user=null | ip=null | op=WRITE_CHUNK {blockData=conID: 2 locID: 102652566309765767 bcsId: 4557} | ret=SUCCESS |  
2019-08-21 02:17:36,120 | INFO  | DNAudit | user=null | ip=null | op=WRITE_CHUNK {blockData=conID: 2 locID: 102652566309765767 bcsId: 4551} | ret=SUCCESS |  
2019-08-21 02:17:36,120 | INFO  | DNAudit | user=null | ip=null | op=WRITE_CHUNK {blockData=conID: 2 locID: 102652566309765767 bcsId: 4551} | ret=SUCCESS |  
2019-08-21 02:17:36,121 | INFO  | DNAudit | user=null | ip=null | op=PUT_BLOCK {blockData=[blockId=conID: 2 locID: 102652566309765767 bcsId: 0,size=3145728]} | ret=SUCCESS |  
2019-08-21 02:17:36,121 | INFO  | DNAudit | user=null | ip=null | op=PUT_BLOCK {blockData=[blockId=conID: 2 locID: 102652566309765767 bcsId: 0,size=3145728]} | ret=SUCCESS |  
2019-08-21 02:17:36,122 | INFO  | DNAudit | user=null | ip=null | op=WRITE_CHUNK {blockData=conID: 2 locID: 102652566309765767 bcsId: 4557} | ret=SUCCESS |  
2019-08-21 02:17:36,122 | INFO  | DNAudit | user=null | ip=null | op=PUT_BLOCK {blockData=[blockId=conID: 2 locID: 102652566309765767 bcsId: 0,size=4194304]} | ret=SUCCESS |  
2019-08-21 02:17:36,122 [grpc-default-executor-4] INFO  client.GrpcClientProtocolClient (GrpcClientProtocolClient.java:onNext(255)) - client-54CC064C3FCE->8224e767-71c1-41fc-a01a-d172d48fd9d8: receive RaftClientReply:client-54CC064C3FCE->8224e767-71c1-41fc-a01a-d172d48fd9d8@group-F6B37CC92441, cid=3042, SUCCESS, logIndex=4560, commits[8224e767-71c1-41fc-a01a-d172d48fd9d8:c4560, 6eae0c21-01aa-4169-956f-5952b26ea7ba:c4557, 8d7dcba1-3b82-4d94-a832-514ef5c79cf8:c4557]
2019-08-21 02:17:36,123 [grpc-default-executor-4] INFO  client.GrpcClientProtocolClient (GrpcClientProtocolClient.java:onNext(255)) - client-54CC064C3FCE->8224e767-71c1-41fc-a01a-d172d48fd9d8: receive RaftClientReply:client-54CC064C3FCE->8224e767-71c1-41fc-a01a-d172d48fd9d8@group-F6B37CC92441, cid=3043, SUCCESS, logIndex=4561, commits[8224e767-71c1-41fc-a01a-d172d48fd9d8:c4561, 6eae0c21-01aa-4169-956f-5952b26ea7ba:c4557, 8d7dcba1-3b82-4d94-a832-514ef5c79cf8:c4557]
2019-08-21 02:17:36,133 | INFO  | DNAudit | user=null | ip=null | op=WRITE_CHUNK {blockData=conID: 2 locID: 102652566309765767 bcsId: 4557} | ret=SUCCESS |  
2019-08-21 02:17:36,134 | INFO  | DNAudit | user=null | ip=null | op=WRITE_CHUNK {blockData=conID: 2 locID: 102652566309765767 bcsId: 4557} | ret=SUCCESS |  
2019-08-21 02:17:36,136 | INFO  | DNAudit | user=null | ip=null | op=PUT_BLOCK {blockData=[blockId=conID: 2 locID: 102652566309765767 bcsId: 0,size=4194304]} | ret=SUCCESS |  
2019-08-21 02:17:36,136 | INFO  | DNAudit | user=null | ip=null | op=PUT_BLOCK {blockData=[blockId=conID: 2 locID: 102652566309765767 bcsId: 0,size=4194304]} | ret=SUCCESS |  
2019-08-21 02:17:36,137 [grpc-default-executor-4] INFO  client.GrpcClientProtocolClient (GrpcClientProtocolClient.java:onNext(255)) - client-54CC064C3FCE->8224e767-71c1-41fc-a01a-d172d48fd9d8: receive RaftClientReply:client-54CC064C3FCE->8224e767-71c1-41fc-a01a-d172d48fd9d8@group-F6B37CC92441, cid=3044, SUCCESS, logIndex=0, commits[8224e767-71c1-41fc-a01a-d172d48fd9d8:c4563, 6eae0c21-01aa-4169-956f-5952b26ea7ba:c4561, 8d7dcba1-3b82-4d94-a832-514ef5c79cf8:c4561]
2019-08-21 02:17:36,144 | INFO  | SCMAudit | user=jenkins1000 | ip=192.168.34.10 | op=ALLOCATE_BLOCK {owner=b6f66289-f2a0-4058-b052-0a85e40df67b, size=4194304, type=RATIS, factor=THREE} | ret=SUCCESS |  
2019-08-21 02:17:36,149 | INFO  | OMAudit | user=jenkins1000 | ip=127.0.0.1 | op=ALLOCATE_BLOCK {volume=vol-0-90982, bucket=bucket-0-24269, key=key-0-81262, dataSize=0, replicationType=null, replicationFactor=null, keyLocationInfo=null, clientID=102652564580991378} | ret=SUCCESS |  
2019-08-21 02:17:36,158 | INFO  | DNAudit | user=null | ip=null | op=WRITE_CHUNK {blockData=conID: 3 locID: 102652566316253832 bcsId: 0} | ret=SUCCESS |  
2019-08-21 02:17:36,162 | INFO  | DNAudit | user=null | ip=null | op=WRITE_CHUNK {blockData=conID: 3 locID: 102652566316253832 bcsId: 0} | ret=SUCCESS |  
2019-08-21 02:17:36,162 | INFO  | DNAudit | user=null | ip=null | op=WRITE_CHUNK {blockData=conID: 3 locID: 102652566316253832 bcsId: 0} | ret=SUCCESS |  
2019-08-21 02:17:36,162 | INFO  | DNAudit | user=null | ip=null | op=WRITE_CHUNK {blockData=conID: 3 locID: 102652566316253832 bcsId: 0} | ret=SUCCESS |  
2019-08-21 02:17:36,163 | INFO  | SCMAudit | user=jenkins1000 | ip=192.168.34.10 | op=SEND_HEARTBEAT {datanodeUUID=6eae0c21-01aa-4169-956f-5952b26ea7ba, command=[]} | ret=SUCCESS |  
2019-08-21 02:17:36,163 | INFO  | SCMAudit | user=jenkins1000 | ip=192.168.34.10 | op=SEND_HEARTBEAT {datanodeUUID=94764dae-819c-4b7e-92f1-9cd6c64427b7, command=[]} | ret=SUCCESS |  
2019-08-21 02:17:36,163 | INFO  | SCMAudit | user=jenkins1000 | ip=192.168.34.10 | op=SEND_HEARTBEAT {datanodeUUID=8224e767-71c1-41fc-a01a-d172d48fd9d8, command=[]} | ret=SUCCESS |  
2019-08-21 02:17:36,163 | INFO  | SCMAudit | user=jenkins1000 | ip=192.168.34.10 | op=SEND_HEARTBEAT {datanodeUUID=3def7c30-cb13-4f41-8119-6188f246ad27, command=[]} | ret=SUCCESS |  
 0.00% |█                                                                                                    |  0/1 Time: 0:00:262019-08-21 02:17:36,164 | INFO  | DNAudit | user=null | ip=null | op=WRITE_CHUNK {blockData=conID: 3 locID: 102652566316253832 bcsId: 0} | ret=SUCCESS |  
2019-08-21 02:17:36,165 | INFO  | DNAudit | user=null | ip=null | op=WRITE_CHUNK {blockData=conID: 3 locID: 102652566316253832 bcsId: 0} | ret=SUCCESS |  
2019-08-21 02:17:36,165 | INFO  | SCMAudit | user=jenkins1000 | ip=192.168.34.10 | op=SEND_HEARTBEAT {datanodeUUID=8d7dcba1-3b82-4d94-a832-514ef5c79cf8, command=[]} | ret=SUCCESS |  
2019-08-21 02:17:36,174 | INFO  | DNAudit | user=null | ip=null | op=WRITE_CHUNK {blockData=conID: 3 locID: 102652566316253832 bcsId: 0} | ret=SUCCESS |  
2019-08-21 02:17:36,174 | INFO  | DNAudit | user=null | ip=null | op=PUT_BLOCK {blockData=[blockId=conID: 3 locID: 102652566316253832 bcsId: 0,size=1048576]} | ret=SUCCESS |  
2019-08-21 02:17:36,174 [grpc-default-executor-1] INFO  client.GrpcClientProtocolClient (GrpcClientProtocolClient.java:onNext(255)) - client-54CC064C3FCE->8224e767-71c1-41fc-a01a-d172d48fd9d8: receive RaftClientReply:client-54CC064C3FCE->8224e767-71c1-41fc-a01a-d172d48fd9d8@group-F6B37CC92441, cid=3045, SUCCESS, logIndex=4564, commits[8224e767-71c1-41fc-a01a-d172d48fd9d8:c4565, 6eae0c21-01aa-4169-956f-5952b26ea7ba:c4563, 8d7dcba1-3b82-4d94-a832-514ef5c79cf8:c4563]
2019-08-21 02:17:36,175 [grpc-default-executor-1] INFO  client.GrpcClientProtocolClient (GrpcClientProtocolClient.java:onNext(255)) - client-54CC064C3FCE->8224e767-71c1-41fc-a01a-d172d48fd9d8: receive RaftClientReply:client-54CC064C3FCE->8224e767-71c1-41fc-a01a-d172d48fd9d8@group-F6B37CC92441, cid=3046, SUCCESS, logIndex=4565, commits[8224e767-71c1-41fc-a01a-d172d48fd9d8:c4565, 6eae0c21-01aa-4169-956f-5952b26ea7ba:c4563, 8d7dcba1-3b82-4d94-a832-514ef5c79cf8:c4563]
2019-08-21 02:17:36,176 | INFO  | DNAudit | user=null | ip=null | op=WRITE_CHUNK {blockData=conID: 3 locID: 102652566316253832 bcsId: 0} | ret=SUCCESS |  
2019-08-21 02:17:36,176 | INFO  | DNAudit | user=null | ip=null | op=WRITE_CHUNK {blockData=conID: 3 locID: 102652566316253832 bcsId: 0} | ret=SUCCESS |  
2019-08-21 02:17:36,176 | INFO  | DNAudit | user=null | ip=null | op=PUT_BLOCK {blockData=[blockId=conID: 3 locID: 102652566316253832 bcsId: 0,size=2097152]} | ret=SUCCESS |  
2019-08-21 02:17:36,176 | INFO  | DNAudit | user=null | ip=null | op=PUT_BLOCK {blockData=[blockId=conID: 3 locID: 102652566316253832 bcsId: 0,size=1048576]} | ret=SUCCESS |  
2019-08-21 02:17:36,176 [grpc-default-executor-2] INFO  client.GrpcClientProtocolClient (GrpcClientProtocolClient.java:onNext(255)) - client-54CC064C3FCE->8224e767-71c1-41fc-a01a-d172d48fd9d8: receive RaftClientReply:client-54CC064C3FCE->8224e767-71c1-41fc-a01a-d172d48fd9d8@group-F6B37CC92441, cid=3047, SUCCESS, logIndex=4566, commits[8224e767-71c1-41fc-a01a-d172d48fd9d8:c4567, 6eae0c21-01aa-4169-956f-5952b26ea7ba:c4563, 8d7dcba1-3b82-4d94-a832-514ef5c79cf8:c4563]
2019-08-21 02:17:36,177 [grpc-default-executor-2] INFO  client.GrpcClientProtocolClient (GrpcClientProtocolClient.java:onNext(255)) - client-54CC064C3FCE->8224e767-71c1-41fc-a01a-d172d48fd9d8: receive RaftClientReply:client-54CC064C3FCE->8224e767-71c1-41fc-a01a-d172d48fd9d8@group-F6B37CC92441, cid=3048, SUCCESS, logIndex=4567, commits[8224e767-71c1-41fc-a01a-d172d48fd9d8:c4568, 6eae0c21-01aa-4169-956f-5952b26ea7ba:c4565, 8d7dcba1-3b82-4d94-a832-514ef5c79cf8:c4563]
2019-08-21 02:17:36,178 | INFO  | DNAudit | user=null | ip=null | op=WRITE_CHUNK {blockData=conID: 3 locID: 102652566316253832 bcsId: 0} | ret=SUCCESS |  
2019-08-21 02:17:36,178 | INFO  | DNAudit | user=null | ip=null | op=PUT_BLOCK {blockData=[blockId=conID: 3 locID: 102652566316253832 bcsId: 0,size=1048576]} | ret=SUCCESS |  
2019-08-21 02:17:36,178 [grpc-default-executor-2] INFO  client.GrpcClientProtocolClient (GrpcClientProtocolClient.java:onNext(255)) - client-54CC064C3FCE->8224e767-71c1-41fc-a01a-d172d48fd9d8: receive RaftClientReply:client-54CC064C3FCE->8224e767-71c1-41fc-a01a-d172d48fd9d8@group-F6B37CC92441, cid=3049, SUCCESS, logIndex=0, commits[8224e767-71c1-41fc-a01a-d172d48fd9d8:c4569, 6eae0c21-01aa-4169-956f-5952b26ea7ba:c4565, 8d7dcba1-3b82-4d94-a832-514ef5c79cf8:c4565]
2019-08-21 02:17:36,178 | INFO  | DNAudit | user=null | ip=null | op=WRITE_CHUNK {blockData=conID: 3 locID: 102652566316253832 bcsId: 0} | ret=SUCCESS |  
2019-08-21 02:17:36,179 | INFO  | DNAudit | user=null | ip=null | op=PUT_BLOCK {blockData=[blockId=conID: 3 locID: 102652566316253832 bcsId: 0,size=2097152]} | ret=SUCCESS |  
2019-08-21 02:17:36,180 | INFO  | DNAudit | user=null | ip=null | op=WRITE_CHUNK {blockData=conID: 3 locID: 102652566316253832 bcsId: 0} | ret=SUCCESS |  
2019-08-21 02:17:36,180 | INFO  | DNAudit | user=null | ip=null | op=PUT_BLOCK {blockData=[blockId=conID: 3 locID: 102652566316253832 bcsId: 0,size=2097152]} | ret=SUCCESS |  
2019-08-21 02:17:36,186 | INFO  | DNAudit | user=null | ip=null | op=WRITE_CHUNK {blockData=conID: 3 locID: 102652566316253832 bcsId: 4567} | ret=SUCCESS |  
2019-08-21 02:17:36,189 | INFO  | DNAudit | user=null | ip=null | op=WRITE_CHUNK {blockData=conID: 3 locID: 102652566316253832 bcsId: 4567} | ret=SUCCESS |  
2019-08-21 02:17:36,189 | INFO  | DNAudit | user=null | ip=null | op=WRITE_CHUNK {blockData=conID: 3 locID: 102652566316253832 bcsId: 4567} | ret=SUCCESS |  
2019-08-21 02:17:36,192 | INFO  | DNAudit | user=null | ip=null | op=WRITE_CHUNK {blockData=conID: 3 locID: 102652566316253832 bcsId: 4567} | ret=SUCCESS |  
2019-08-21 02:17:36,192 | INFO  | DNAudit | user=null | ip=null | op=PUT_BLOCK {blockData=[blockId=conID: 3 locID: 102652566316253832 bcsId: 0,size=3145728]} | ret=SUCCESS |  
2019-08-21 02:17:36,192 [grpc-default-executor-1] INFO  client.GrpcClientProtocolClient (GrpcClientProtocolClient.java:onNext(255)) - client-54CC064C3FCE->8224e767-71c1-41fc-a01a-d172d48fd9d8: receive RaftClientReply:client-54CC064C3FCE->8224e767-71c1-41fc-a01a-d172d48fd9d8@group-F6B37CC92441, cid=3050, SUCCESS, logIndex=4571, commits[8224e767-71c1-41fc-a01a-d172d48fd9d8:c4572, 6eae0c21-01aa-4169-956f-5952b26ea7ba:c4570, 8d7dcba1-3b82-4d94-a832-514ef5c79cf8:c4570]
2019-08-21 02:17:36,193 [grpc-default-executor-1] INFO  client.GrpcClientProtocolClient (GrpcClientProtocolClient.java:onNext(255)) - client-54CC064C3FCE->8224e767-71c1-41fc-a01a-d172d48fd9d8: receive RaftClientReply:client-54CC064C3FCE->8224e767-71c1-41fc-a01a-d172d48fd9d8@group-F6B37CC92441, cid=3051, SUCCESS, logIndex=4572, commits[8224e767-71c1-41fc-a01a-d172d48fd9d8:c4572, 6eae0c21-01aa-4169-956f-5952b26ea7ba:c4570, 8d7dcba1-3b82-4d94-a832-514ef5c79cf8:c4570]
2019-08-21 02:17:36,194 | INFO  | DNAudit | user=null | ip=null | op=WRITE_CHUNK {blockData=conID: 3 locID: 102652566316253832 bcsId: 4567} | ret=SUCCESS |  
2019-08-21 02:17:36,194 | INFO  | DNAudit | user=null | ip=null | op=PUT_BLOCK {blockData=[blockId=conID: 3 locID: 102652566316253832 bcsId: 0,size=3145728]} | ret=SUCCESS |  
2019-08-21 02:17:36,194 | INFO  | DNAudit | user=null | ip=null | op=WRITE_CHUNK {blockData=conID: 3 locID: 102652566316253832 bcsId: 4567} | ret=SUCCESS |  
2019-08-21 02:17:36,195 | INFO  | DNAudit | user=null | ip=null | op=PUT_BLOCK {blockData=[blockId=conID: 3 locID: 102652566316253832 bcsId: 0,size=3145728]} | ret=SUCCESS |  
2019-08-21 02:17:36,200 | INFO  | DNAudit | user=null | ip=null | op=WRITE_CHUNK {blockData=conID: 3 locID: 102652566316253832 bcsId: 4572} | ret=SUCCESS |  
2019-08-21 02:17:36,202 | INFO  | DNAudit | user=null | ip=null | op=WRITE_CHUNK {blockData=conID: 3 locID: 102652566316253832 bcsId: 4572} | ret=SUCCESS |  
2019-08-21 02:17:36,202 | INFO  | DNAudit | user=null | ip=null | op=WRITE_CHUNK {blockData=conID: 3 locID: 102652566316253832 bcsId: 4572} | ret=SUCCESS |  
2019-08-21 02:17:36,205 | INFO  | DNAudit | user=null | ip=null | op=WRITE_CHUNK {blockData=conID: 3 locID: 102652566316253832 bcsId: 4572} | ret=SUCCESS |  
2019-08-21 02:17:36,205 | INFO  | DNAudit | user=null | ip=null | op=PUT_BLOCK {blockData=[blockId=conID: 3 locID: 102652566316253832 bcsId: 0,size=4194304]} | ret=SUCCESS |  
2019-08-21 02:17:36,205 [grpc-default-executor-4] INFO  client.GrpcClientProtocolClient (GrpcClientProtocolClient.java:onNext(255)) - client-54CC064C3FCE->8224e767-71c1-41fc-a01a-d172d48fd9d8: receive RaftClientReply:client-54CC064C3FCE->8224e767-71c1-41fc-a01a-d172d48fd9d8@group-F6B37CC92441, cid=3052, SUCCESS, logIndex=4575, commits[8224e767-71c1-41fc-a01a-d172d48fd9d8:c4576, 6eae0c21-01aa-4169-956f-5952b26ea7ba:c4572, 8d7dcba1-3b82-4d94-a832-514ef5c79cf8:c4574]
2019-08-21 02:17:36,206 [grpc-default-executor-4] INFO  client.GrpcClientProtocolClient (GrpcClientProtocolClient.java:onNext(255)) - client-54CC064C3FCE->8224e767-71c1-41fc-a01a-d172d48fd9d8: receive RaftClientReply:client-54CC064C3FCE->8224e767-71c1-41fc-a01a-d172d48fd9d8@group-F6B37CC92441, cid=3053, SUCCESS, logIndex=4576, commits[8224e767-71c1-41fc-a01a-d172d48fd9d8:c4576, 6eae0c21-01aa-4169-956f-5952b26ea7ba:c4574, 8d7dcba1-3b82-4d94-a832-514ef5c79cf8:c4574]
2019-08-21 02:17:36,208 | INFO  | DNAudit | user=null | ip=null | op=WRITE_CHUNK {blockData=conID: 3 locID: 102652566316253832 bcsId: 4572} | ret=SUCCESS |  
2019-08-21 02:17:36,208 | INFO  | DNAudit | user=null | ip=null | op=WRITE_CHUNK {blockData=conID: 3 locID: 102652566316253832 bcsId: 4572} | ret=SUCCESS |  
2019-08-21 02:17:36,209 | INFO  | DNAudit | user=null | ip=null | op=PUT_BLOCK {blockData=[blockId=conID: 3 locID: 102652566316253832 bcsId: 0,size=4194304]} | ret=SUCCESS |  
2019-08-21 02:17:36,209 | INFO  | DNAudit | user=null | ip=null | op=PUT_BLOCK {blockData=[blockId=conID: 3 locID: 102652566316253832 bcsId: 0,size=4194304]} | ret=SUCCESS |  
2019-08-21 02:17:36,209 [grpc-default-executor-4] INFO  client.GrpcClientProtocolClient (GrpcClientProtocolClient.java:onNext(255)) - client-54CC064C3FCE->8224e767-71c1-41fc-a01a-d172d48fd9d8: receive RaftClientReply:client-54CC064C3FCE->8224e767-71c1-41fc-a01a-d172d48fd9d8@group-F6B37CC92441, cid=3054, SUCCESS, logIndex=0, commits[8224e767-71c1-41fc-a01a-d172d48fd9d8:c4577, 6eae0c21-01aa-4169-956f-5952b26ea7ba:c4576, 8d7dcba1-3b82-4d94-a832-514ef5c79cf8:c4576]
2019-08-21 02:17:36,217 | INFO  | SCMAudit | user=jenkins1000 | ip=192.168.34.10 | op=ALLOCATE_BLOCK {owner=b6f66289-f2a0-4058-b052-0a85e40df67b, size=4194304, type=RATIS, factor=THREE} | ret=SUCCESS |  
2019-08-21 02:17:36,222 | INFO  | OMAudit | user=jenkins1000 | ip=127.0.0.1 | op=ALLOCATE_BLOCK {volume=vol-0-90982, bucket=bucket-0-24269, key=key-0-81262, dataSize=0, replicationType=null, replicationFactor=null, keyLocationInfo=null, clientID=102652564580991378} | ret=SUCCESS |  
2019-08-21 02:17:36,229 | INFO  | DNAudit | user=null | ip=null | op=WRITE_CHUNK {blockData=conID: 1 locID: 102652566321037961 bcsId: 0} | ret=SUCCESS |  
2019-08-21 02:17:36,231 | INFO  | DNAudit | user=null | ip=null | op=WRITE_CHUNK {blockData=conID: 1 locID: 102652566321037961 bcsId: 0} | ret=SUCCESS |  
2019-08-21 02:17:36,231 | INFO  | DNAudit | user=null | ip=null | op=WRITE_CHUNK {blockData=conID: 1 locID: 102652566321037961 bcsId: 0} | ret=SUCCESS |  
2019-08-21 02:17:36,231 | INFO  | DNAudit | user=null | ip=null | op=WRITE_CHUNK {blockData=conID: 1 locID: 102652566321037961 bcsId: 0} | ret=SUCCESS |  
2019-08-21 02:17:36,232 | INFO  | DNAudit | user=null | ip=null | op=WRITE_CHUNK {blockData=conID: 1 locID: 102652566321037961 bcsId: 0} | ret=SUCCESS |  
2019-08-21 02:17:36,233 | INFO  | DNAudit | user=null | ip=null | op=WRITE_CHUNK {blockData=conID: 1 locID: 102652566321037961 bcsId: 0} | ret=SUCCESS |  
2019-08-21 02:17:36,250 | INFO  | DNAudit | user=null | ip=null | op=WRITE_CHUNK {blockData=conID: 1 locID: 102652566321037961 bcsId: 0} | ret=SUCCESS |  
2019-08-21 02:17:36,251 | INFO  | DNAudit | user=null | ip=null | op=PUT_BLOCK {blockData=[blockId=conID: 1 locID: 102652566321037961 bcsId: 0,size=1048576]} | ret=SUCCESS |  
2019-08-21 02:17:36,251 [grpc-default-executor-1] INFO  client.GrpcClientProtocolClient (GrpcClientProtocolClient.java:onNext(255)) - client-54CC064C3FCE->8224e767-71c1-41fc-a01a-d172d48fd9d8: receive RaftClientReply:client-54CC064C3FCE->8224e767-71c1-41fc-a01a-d172d48fd9d8@group-F6B37CC92441, cid=3055, SUCCESS, logIndex=4579, commits[8224e767-71c1-41fc-a01a-d172d48fd9d8:c4581, 6eae0c21-01aa-4169-956f-5952b26ea7ba:c4578, 8d7dcba1-3b82-4d94-a832-514ef5c79cf8:c4578]
2019-08-21 02:17:36,251 | INFO  | DNAudit | user=null | ip=null | op=WRITE_CHUNK {blockData=conID: 1 locID: 102652566321037961 bcsId: 0} | ret=SUCCESS |  
2019-08-21 02:17:36,251 [grpc-default-executor-1] INFO  client.GrpcClientProtocolClient (GrpcClientProtocolClient.java:onNext(255)) - client-54CC064C3FCE->8224e767-71c1-41fc-a01a-d172d48fd9d8: receive RaftClientReply:client-54CC064C3FCE->8224e767-71c1-41fc-a01a-d172d48fd9d8@group-F6B37CC92441, cid=3056, SUCCESS, logIndex=4580, commits[8224e767-71c1-41fc-a01a-d172d48fd9d8:c4582, 6eae0c21-01aa-4169-956f-5952b26ea7ba:c4578, 8d7dcba1-3b82-4d94-a832-514ef5c79cf8:c4578]
2019-08-21 02:17:36,252 | INFO  | DNAudit | user=null | ip=null | op=PUT_BLOCK {blockData=[blockId=conID: 1 locID: 102652566321037961 bcsId: 0,size=2097152]} | ret=SUCCESS |  
2019-08-21 02:17:36,252 [grpc-default-executor-1] INFO  client.GrpcClientProtocolClient (GrpcClientProtocolClient.java:onNext(255)) - client-54CC064C3FCE->8224e767-71c1-41fc-a01a-d172d48fd9d8: receive RaftClientReply:client-54CC064C3FCE->8224e767-71c1-41fc-a01a-d172d48fd9d8@group-F6B37CC92441, cid=3057, SUCCESS, logIndex=4581, commits[8224e767-71c1-41fc-a01a-d172d48fd9d8:c4582, 6eae0c21-01aa-4169-956f-5952b26ea7ba:c4578, 8d7dcba1-3b82-4d94-a832-514ef5c79cf8:c4578]
2019-08-21 02:17:36,252 [grpc-default-executor-1] INFO  client.GrpcClientProtocolClient (GrpcClientProtocolClient.java:onNext(255)) - client-54CC064C3FCE->8224e767-71c1-41fc-a01a-d172d48fd9d8: receive RaftClientReply:client-54CC064C3FCE->8224e767-71c1-41fc-a01a-d172d48fd9d8@group-F6B37CC92441, cid=3058, SUCCESS, logIndex=4582, commits[8224e767-71c1-41fc-a01a-d172d48fd9d8:c4582, 6eae0c21-01aa-4169-956f-5952b26ea7ba:c4578, 8d7dcba1-3b82-4d94-a832-514ef5c79cf8:c4578]
2019-08-21 02:17:36,262 | INFO  | DNAudit | user=null | ip=null | op=WRITE_CHUNK {blockData=conID: 1 locID: 102652566321037961 bcsId: 0} | ret=SUCCESS |  
2019-08-21 02:17:36,262 | INFO  | DNAudit | user=null | ip=null | op=WRITE_CHUNK {blockData=conID: 1 locID: 102652566321037961 bcsId: 0} | ret=SUCCESS |  
2019-08-21 02:17:36,262 | INFO  | DNAudit | user=null | ip=null | op=PUT_BLOCK {blockData=[blockId=conID: 1 locID: 102652566321037961 bcsId: 0,size=1048576]} | ret=SUCCESS |  
2019-08-21 02:17:36,264 | INFO  | DNAudit | user=null | ip=null | op=PUT_BLOCK {blockData=[blockId=conID: 1 locID: 102652566321037961 bcsId: 0,size=1048576]} | ret=SUCCESS |  
2019-08-21 02:17:36,265 | INFO  | DNAudit | user=null | ip=null | op=WRITE_CHUNK {blockData=conID: 1 locID: 102652566321037961 bcsId: 0} | ret=SUCCESS |  
2019-08-21 02:17:36,265 | INFO  | DNAudit | user=null | ip=null | op=WRITE_CHUNK {blockData=conID: 1 locID: 102652566321037961 bcsId: 0} | ret=SUCCESS |  
2019-08-21 02:17:36,265 | INFO  | DNAudit | user=null | ip=null | op=PUT_BLOCK {blockData=[blockId=conID: 1 locID: 102652566321037961 bcsId: 0,size=2097152]} | ret=SUCCESS |  
2019-08-21 02:17:36,265 | INFO  | DNAudit | user=null | ip=null | op=PUT_BLOCK {blockData=[blockId=conID: 1 locID: 102652566321037961 bcsId: 0,size=2097152]} | ret=SUCCESS |  
2019-08-21 02:17:36,265 [grpc-default-executor-4] INFO  client.GrpcClientProtocolClient (GrpcClientProtocolClient.java:onNext(255)) - client-54CC064C3FCE->8224e767-71c1-41fc-a01a-d172d48fd9d8: receive RaftClientReply:client-54CC064C3FCE->8224e767-71c1-41fc-a01a-d172d48fd9d8@group-F6B37CC92441, cid=3059, SUCCESS, logIndex=0, commits[8224e767-71c1-41fc-a01a-d172d48fd9d8:c4584, 6eae0c21-01aa-4169-956f-5952b26ea7ba:c4580, 8d7dcba1-3b82-4d94-a832-514ef5c79cf8:c4580]
2019-08-21 02:17:36,271 | INFO  | DNAudit | user=null | ip=null | op=WRITE_CHUNK {blockData=conID: 1 locID: 102652566321037961 bcsId: 4582} | ret=SUCCESS |  
2019-08-21 02:17:36,274 | INFO  | DNAudit | user=null | ip=null | op=WRITE_CHUNK {blockData=conID: 1 locID: 102652566321037961 bcsId: 4582} | ret=SUCCESS |  
2019-08-21 02:17:36,274 | INFO  | DNAudit | user=null | ip=null | op=WRITE_CHUNK {blockData=conID: 1 locID: 102652566321037961 bcsId: 4582} | ret=SUCCESS |  
2019-08-21 02:17:36,292 | INFO  | DNAudit | user=null | ip=null | op=WRITE_CHUNK {blockData=conID: 1 locID: 102652566321037961 bcsId: 4582} | ret=SUCCESS |  
2019-08-21 02:17:36,293 | INFO  | DNAudit | user=null | ip=null | op=PUT_BLOCK {blockData=[blockId=conID: 1 locID: 102652566321037961 bcsId: 0,size=3145728]} | ret=SUCCESS |  
2019-08-21 02:17:36,293 [grpc-default-executor-2] INFO  client.GrpcClientProtocolClient (GrpcClientProtocolClient.java:onNext(255)) - client-54CC064C3FCE->8224e767-71c1-41fc-a01a-d172d48fd9d8: receive RaftClientReply:client-54CC064C3FCE->8224e767-71c1-41fc-a01a-d172d48fd9d8@group-F6B37CC92441, cid=3060, SUCCESS, logIndex=4587, commits[8224e767-71c1-41fc-a01a-d172d48fd9d8:c4588, 6eae0c21-01aa-4169-956f-5952b26ea7ba:c4586, 8d7dcba1-3b82-4d94-a832-514ef5c79cf8:c4586]
2019-08-21 02:17:36,293 [grpc-default-executor-2] INFO  client.GrpcClientProtocolClient (GrpcClientProtocolClient.java:onNext(255)) - client-54CC064C3FCE->8224e767-71c1-41fc-a01a-d172d48fd9d8: receive RaftClientReply:client-54CC064C3FCE->8224e767-71c1-41fc-a01a-d172d48fd9d8@group-F6B37CC92441, cid=3061, SUCCESS, logIndex=4588, commits[8224e767-71c1-41fc-a01a-d172d48fd9d8:c4588, 6eae0c21-01aa-4169-956f-5952b26ea7ba:c4586, 8d7dcba1-3b82-4d94-a832-514ef5c79cf8:c4586]
2019-08-21 02:17:36,300 | INFO  | DNAudit | user=null | ip=null | op=WRITE_CHUNK {blockData=conID: 1 locID: 102652566321037961 bcsId: 4588} | ret=SUCCESS |  
2019-08-21 02:17:36,303 | INFO  | DNAudit | user=null | ip=null | op=WRITE_CHUNK {blockData=conID: 1 locID: 102652566321037961 bcsId: 4588} | ret=SUCCESS |  
2019-08-21 02:17:36,303 | INFO  | DNAudit | user=null | ip=null | op=WRITE_CHUNK {blockData=conID: 1 locID: 102652566321037961 bcsId: 4588} | ret=SUCCESS |  
2019-08-21 02:17:36,304 | INFO  | DNAudit | user=null | ip=null | op=WRITE_CHUNK {blockData=conID: 1 locID: 102652566321037961 bcsId: 4582} | ret=SUCCESS |  
2019-08-21 02:17:36,304 | INFO  | DNAudit | user=null | ip=null | op=WRITE_CHUNK {blockData=conID: 1 locID: 102652566321037961 bcsId: 4582} | ret=SUCCESS |  
2019-08-21 02:17:36,305 | INFO  | DNAudit | user=null | ip=null | op=PUT_BLOCK {blockData=[blockId=conID: 1 locID: 102652566321037961 bcsId: 0,size=3145728]} | ret=SUCCESS |  
2019-08-21 02:17:36,305 | INFO  | DNAudit | user=null | ip=null | op=PUT_BLOCK {blockData=[blockId=conID: 1 locID: 102652566321037961 bcsId: 0,size=3145728]} | ret=SUCCESS |  
2019-08-21 02:17:36,305 | INFO  | DNAudit | user=null | ip=null | op=WRITE_CHUNK {blockData=conID: 1 locID: 102652566321037961 bcsId: 4588} | ret=SUCCESS |  
2019-08-21 02:17:36,306 | INFO  | DNAudit | user=null | ip=null | op=PUT_BLOCK {blockData=[blockId=conID: 1 locID: 102652566321037961 bcsId: 0,size=4194304]} | ret=SUCCESS |  
2019-08-21 02:17:36,306 [grpc-default-executor-1] INFO  client.GrpcClientProtocolClient (GrpcClientProtocolClient.java:onNext(255)) - client-54CC064C3FCE->8224e767-71c1-41fc-a01a-d172d48fd9d8: receive RaftClientReply:client-54CC064C3FCE->8224e767-71c1-41fc-a01a-d172d48fd9d8@group-F6B37CC92441, cid=3062, SUCCESS, logIndex=4591, commits[8224e767-71c1-41fc-a01a-d172d48fd9d8:c4591, 6eae0c21-01aa-4169-956f-5952b26ea7ba:c4588, 8d7dcba1-3b82-4d94-a832-514ef5c79cf8:c4588]
2019-08-21 02:17:36,307 [grpc-default-executor-1] INFO  client.GrpcClientProtocolClient (GrpcClientProtocolClient.java:onNext(255)) - client-54CC064C3FCE->8224e767-71c1-41fc-a01a-d172d48fd9d8: receive RaftClientReply:client-54CC064C3FCE->8224e767-71c1-41fc-a01a-d172d48fd9d8@group-F6B37CC92441, cid=3063, SUCCESS, logIndex=4592, commits[8224e767-71c1-41fc-a01a-d172d48fd9d8:c4592, 6eae0c21-01aa-4169-956f-5952b26ea7ba:c4588, 8d7dcba1-3b82-4d94-a832-514ef5c79cf8:c4588]
2019-08-21 02:17:36,317 | INFO  | DNAudit | user=null | ip=null | op=WRITE_CHUNK {blockData=conID: 1 locID: 102652566321037961 bcsId: 4588} | ret=SUCCESS |  
2019-08-21 02:17:36,317 | INFO  | DNAudit | user=null | ip=null | op=WRITE_CHUNK {blockData=conID: 1 locID: 102652566321037961 bcsId: 4588} | ret=SUCCESS |  
2019-08-21 02:17:36,320 | INFO  | DNAudit | user=null | ip=null | op=PUT_BLOCK {blockData=[blockId=conID: 1 locID: 102652566321037961 bcsId: 0,size=4194304]} | ret=SUCCESS |  
2019-08-21 02:17:36,320 | INFO  | DNAudit | user=null | ip=null | op=PUT_BLOCK {blockData=[blockId=conID: 1 locID: 102652566321037961 bcsId: 0,size=4194304]} | ret=SUCCESS |  
2019-08-21 02:17:36,320 [grpc-default-executor-1] INFO  client.GrpcClientProtocolClient (GrpcClientProtocolClient.java:onNext(255)) - client-54CC064C3FCE->8224e767-71c1-41fc-a01a-d172d48fd9d8: receive RaftClientReply:client-54CC064C3FCE->8224e767-71c1-41fc-a01a-d172d48fd9d8@group-F6B37CC92441, cid=3064, SUCCESS, logIndex=0, commits[8224e767-71c1-41fc-a01a-d172d48fd9d8:c4594, 6eae0c21-01aa-4169-956f-5952b26ea7ba:c4592, 8d7dcba1-3b82-4d94-a832-514ef5c79cf8:c4592]
2019-08-21 02:17:36,328 | INFO  | SCMAudit | user=jenkins1000 | ip=192.168.34.10 | op=ALLOCATE_BLOCK {owner=b6f66289-f2a0-4058-b052-0a85e40df67b, size=4194304, type=RATIS, factor=THREE} | ret=SUCCESS |  
2019-08-21 02:17:36,332 | INFO  | OMAudit | user=jenkins1000 | ip=127.0.0.1 | op=ALLOCATE_BLOCK {volume=vol-0-90982, bucket=bucket-0-24269, key=key-0-81262, dataSize=0, replicationType=null, replicationFactor=null, keyLocationInfo=null, clientID=102652564580991378} | ret=SUCCESS |  
2019-08-21 02:17:36,340 | INFO  | DNAudit | user=null | ip=null | op=WRITE_CHUNK {blockData=conID: 2 locID: 102652566328312458 bcsId: 0} | ret=SUCCESS |  
2019-08-21 02:17:36,343 | INFO  | DNAudit | user=null | ip=null | op=WRITE_CHUNK {blockData=conID: 2 locID: 102652566328312458 bcsId: 0} | ret=SUCCESS |  
2019-08-21 02:17:36,344 | INFO  | DNAudit | user=null | ip=null | op=WRITE_CHUNK {blockData=conID: 2 locID: 102652566328312458 bcsId: 0} | ret=SUCCESS |  
2019-08-21 02:17:36,344 | INFO  | DNAudit | user=null | ip=null | op=WRITE_CHUNK {blockData=conID: 2 locID: 102652566328312458 bcsId: 0} | ret=SUCCESS |  
2019-08-21 02:17:36,345 | INFO  | DNAudit | user=null | ip=null | op=WRITE_CHUNK {blockData=conID: 2 locID: 102652566328312458 bcsId: 0} | ret=SUCCESS |  
2019-08-21 02:17:36,346 | INFO  | DNAudit | user=null | ip=null | op=WRITE_CHUNK {blockData=conID: 2 locID: 102652566328312458 bcsId: 0} | ret=SUCCESS |  
2019-08-21 02:17:36,352 | INFO  | DNAudit | user=null | ip=null | op=WRITE_CHUNK {blockData=conID: 2 locID: 102652566328312458 bcsId: 0} | ret=SUCCESS |  
2019-08-21 02:17:36,353 | INFO  | DNAudit | user=null | ip=null | op=PUT_BLOCK {blockData=[blockId=conID: 2 locID: 102652566328312458 bcsId: 0,size=1048576]} | ret=SUCCESS |  
2019-08-21 02:17:36,353 | INFO  | DNAudit | user=null | ip=null | op=WRITE_CHUNK {blockData=conID: 2 locID: 102652566328312458 bcsId: 0} | ret=SUCCESS |  
2019-08-21 02:17:36,353 [grpc-default-executor-4] INFO  client.GrpcClientProtocolClient (GrpcClientProtocolClient.java:onNext(255)) - client-54CC064C3FCE->8224e767-71c1-41fc-a01a-d172d48fd9d8: receive RaftClientReply:client-54CC064C3FCE->8224e767-71c1-41fc-a01a-d172d48fd9d8@group-F6B37CC92441, cid=3065, SUCCESS, logIndex=4595, commits[8224e767-71c1-41fc-a01a-d172d48fd9d8:c4597, 6eae0c21-01aa-4169-956f-5952b26ea7ba:c4594, 8d7dcba1-3b82-4d94-a832-514ef5c79cf8:c4594]
2019-08-21 02:17:36,353 | INFO  | DNAudit | user=null | ip=null | op=PUT_BLOCK {blockData=[blockId=conID: 2 locID: 102652566328312458 bcsId: 0,size=2097152]} | ret=SUCCESS |  
2019-08-21 02:17:36,354 [grpc-default-executor-4] INFO  client.GrpcClientProtocolClient (GrpcClientProtocolClient.java:onNext(255)) - client-54CC064C3FCE->8224e767-71c1-41fc-a01a-d172d48fd9d8: receive RaftClientReply:client-54CC064C3FCE->8224e767-71c1-41fc-a01a-d172d48fd9d8@group-F6B37CC92441, cid=3066, SUCCESS, logIndex=4596, commits[8224e767-71c1-41fc-a01a-d172d48fd9d8:c4598, 6eae0c21-01aa-4169-956f-5952b26ea7ba:c4594, 8d7dcba1-3b82-4d94-a832-514ef5c79cf8:c4594]
2019-08-21 02:17:36,354 | INFO  | DNAudit | user=null | ip=null | op=WRITE_CHUNK {blockData=conID: 2 locID: 102652566328312458 bcsId: 0} | ret=SUCCESS |  
2019-08-21 02:17:36,354 [grpc-default-executor-4] INFO  client.GrpcClientProtocolClient (GrpcClientProtocolClient.java:onNext(255)) - client-54CC064C3FCE->8224e767-71c1-41fc-a01a-d172d48fd9d8: receive RaftClientReply:client-54CC064C3FCE->8224e767-71c1-41fc-a01a-d172d48fd9d8@group-F6B37CC92441, cid=3067, SUCCESS, logIndex=4597, commits[8224e767-71c1-41fc-a01a-d172d48fd9d8:c4598, 6eae0c21-01aa-4169-956f-5952b26ea7ba:c4594, 8d7dcba1-3b82-4d94-a832-514ef5c79cf8:c4594]
2019-08-21 02:17:36,354 | INFO  | DNAudit | user=null | ip=null | op=PUT_BLOCK {blockData=[blockId=conID: 2 locID: 102652566328312458 bcsId: 0,size=1048576]} | ret=SUCCESS |  
2019-08-21 02:17:36,354 [grpc-default-executor-4] INFO  client.GrpcClientProtocolClient (GrpcClientProtocolClient.java:onNext(255)) - client-54CC064C3FCE->8224e767-71c1-41fc-a01a-d172d48fd9d8: receive RaftClientReply:client-54CC064C3FCE->8224e767-71c1-41fc-a01a-d172d48fd9d8@group-F6B37CC92441, cid=3068, SUCCESS, logIndex=4598, commits[8224e767-71c1-41fc-a01a-d172d48fd9d8:c4598, 6eae0c21-01aa-4169-956f-5952b26ea7ba:c4594, 8d7dcba1-3b82-4d94-a832-514ef5c79cf8:c4594]
2019-08-21 02:17:36,355 | INFO  | DNAudit | user=null | ip=null | op=WRITE_CHUNK {blockData=conID: 2 locID: 102652566328312458 bcsId: 0} | ret=SUCCESS |  
2019-08-21 02:17:36,355 | INFO  | DNAudit | user=null | ip=null | op=PUT_BLOCK {blockData=[blockId=conID: 2 locID: 102652566328312458 bcsId: 0,size=1048576]} | ret=SUCCESS |  
2019-08-21 02:17:36,355 [grpc-default-executor-2] INFO  client.GrpcClientProtocolClient (GrpcClientProtocolClient.java:onNext(255)) - client-54CC064C3FCE->8224e767-71c1-41fc-a01a-d172d48fd9d8: receive RaftClientReply:client-54CC064C3FCE->8224e767-71c1-41fc-a01a-d172d48fd9d8@group-F6B37CC92441, cid=3069, SUCCESS, logIndex=0, commits[8224e767-71c1-41fc-a01a-d172d48fd9d8:c4599, 6eae0c21-01aa-4169-956f-5952b26ea7ba:c4596, 8d7dcba1-3b82-4d94-a832-514ef5c79cf8:c4596]
2019-08-21 02:17:36,356 | INFO  | DNAudit | user=null | ip=null | op=WRITE_CHUNK {blockData=conID: 2 locID: 102652566328312458 bcsId: 0} | ret=SUCCESS |  
2019-08-21 02:17:36,356 | INFO  | DNAudit | user=null | ip=null | op=WRITE_CHUNK {blockData=conID: 2 locID: 102652566328312458 bcsId: 0} | ret=SUCCESS |  
2019-08-21 02:17:36,356 | INFO  | DNAudit | user=null | ip=null | op=PUT_BLOCK {blockData=[blockId=conID: 2 locID: 102652566328312458 bcsId: 0,size=2097152]} | ret=SUCCESS |  
2019-08-21 02:17:36,356 | INFO  | DNAudit | user=null | ip=null | op=PUT_BLOCK {blockData=[blockId=conID: 2 locID: 102652566328312458 bcsId: 0,size=2097152]} | ret=SUCCESS |  
2019-08-21 02:17:36,362 | INFO  | DNAudit | user=null | ip=null | op=WRITE_CHUNK {blockData=conID: 2 locID: 102652566328312458 bcsId: 4598} | ret=SUCCESS |  
2019-08-21 02:17:36,363 | INFO  | DNAudit | user=null | ip=null | op=WRITE_CHUNK {blockData=conID: 2 locID: 102652566328312458 bcsId: 4598} | ret=SUCCESS |  
2019-08-21 02:17:36,363 | INFO  | DNAudit | user=null | ip=null | op=WRITE_CHUNK {blockData=conID: 2 locID: 102652566328312458 bcsId: 4598} | ret=SUCCESS |  
2019-08-21 02:17:36,374 | INFO  | DNAudit | user=null | ip=null | op=WRITE_CHUNK {blockData=conID: 2 locID: 102652566328312458 bcsId: 4598} | ret=SUCCESS |  
2019-08-21 02:17:36,375 | INFO  | DNAudit | user=null | ip=null | op=PUT_BLOCK {blockData=[blockId=conID: 2 locID: 102652566328312458 bcsId: 0,size=3145728]} | ret=SUCCESS |  
2019-08-21 02:17:36,375 [grpc-default-executor-4] INFO  client.GrpcClientProtocolClient (GrpcClientProtocolClient.java:onNext(255)) - client-54CC064C3FCE->8224e767-71c1-41fc-a01a-d172d48fd9d8: receive RaftClientReply:client-54CC064C3FCE->8224e767-71c1-41fc-a01a-d172d48fd9d8@group-F6B37CC92441, cid=3070, SUCCESS, logIndex=4603, commits[8224e767-71c1-41fc-a01a-d172d48fd9d8:c4604, 6eae0c21-01aa-4169-956f-5952b26ea7ba:c4602, 8d7dcba1-3b82-4d94-a832-514ef5c79cf8:c4602]
2019-08-21 02:17:36,375 [grpc-default-executor-4] INFO  client.GrpcClientProtocolClient (GrpcClientProtocolClient.java:onNext(255)) - client-54CC064C3FCE->8224e767-71c1-41fc-a01a-d172d48fd9d8: receive RaftClientReply:client-54CC064C3FCE->8224e767-71c1-41fc-a01a-d172d48fd9d8@group-F6B37CC92441, cid=3071, SUCCESS, logIndex=4604, commits[8224e767-71c1-41fc-a01a-d172d48fd9d8:c4604, 6eae0c21-01aa-4169-956f-5952b26ea7ba:c4602, 8d7dcba1-3b82-4d94-a832-514ef5c79cf8:c4602]
2019-08-21 02:17:36,381 | INFO  | DNAudit | user=null | ip=null | op=WRITE_CHUNK {blockData=conID: 2 locID: 102652566328312458 bcsId: 4604} | ret=SUCCESS |  
2019-08-21 02:17:36,383 | INFO  | DNAudit | user=null | ip=null | op=WRITE_CHUNK {blockData=conID: 2 locID: 102652566328312458 bcsId: 4604} | ret=SUCCESS |  
2019-08-21 02:17:36,384 | INFO  | DNAudit | user=null | ip=null | op=WRITE_CHUNK {blockData=conID: 2 locID: 102652566328312458 bcsId: 4604} | ret=SUCCESS |  
2019-08-21 02:17:36,386 | INFO  | DNAudit | user=null | ip=null | op=WRITE_CHUNK {blockData=conID: 2 locID: 102652566328312458 bcsId: 4598} | ret=SUCCESS |  
2019-08-21 02:17:36,386 | INFO  | DNAudit | user=null | ip=null | op=WRITE_CHUNK {blockData=conID: 2 locID: 102652566328312458 bcsId: 4598} | ret=SUCCESS |  
2019-08-21 02:17:36,386 | INFO  | DNAudit | user=null | ip=null | op=PUT_BLOCK {blockData=[blockId=conID: 2 locID: 102652566328312458 bcsId: 0,size=3145728]} | ret=SUCCESS |  
2019-08-21 02:17:36,386 | INFO  | DNAudit | user=null | ip=null | op=PUT_BLOCK {blockData=[blockId=conID: 2 locID: 102652566328312458 bcsId: 0,size=3145728]} | ret=SUCCESS |  
2019-08-21 02:17:36,389 | INFO  | DNAudit | user=null | ip=null | op=WRITE_CHUNK {blockData=conID: 2 locID: 102652566328312458 bcsId: 4604} | ret=SUCCESS |  
2019-08-21 02:17:36,389 | INFO  | DNAudit | user=null | ip=null | op=PUT_BLOCK {blockData=[blockId=conID: 2 locID: 102652566328312458 bcsId: 0,size=4194304]} | ret=SUCCESS |  
2019-08-21 02:17:36,389 [grpc-default-executor-2] INFO  client.GrpcClientProtocolClient (GrpcClientProtocolClient.java:onNext(255)) - client-54CC064C3FCE->8224e767-71c1-41fc-a01a-d172d48fd9d8: receive RaftClientReply:client-54CC064C3FCE->8224e767-71c1-41fc-a01a-d172d48fd9d8@group-F6B37CC92441, cid=3072, SUCCESS, logIndex=4607, commits[8224e767-71c1-41fc-a01a-d172d48fd9d8:c4607, 6eae0c21-01aa-4169-956f-5952b26ea7ba:c4604, 8d7dcba1-3b82-4d94-a832-514ef5c79cf8:c4604]
2019-08-21 02:17:36,390 [grpc-default-executor-2] INFO  client.GrpcClientProtocolClient (GrpcClientProtocolClient.java:onNext(255)) - client-54CC064C3FCE->8224e767-71c1-41fc-a01a-d172d48fd9d8: receive RaftClientReply:client-54CC064C3FCE->8224e767-71c1-41fc-a01a-d172d48fd9d8@group-F6B37CC92441, cid=3073, SUCCESS, logIndex=4608, commits[8224e767-71c1-41fc-a01a-d172d48fd9d8:c4608, 6eae0c21-01aa-4169-956f-5952b26ea7ba:c4604, 8d7dcba1-3b82-4d94-a832-514ef5c79cf8:c4604]
2019-08-21 02:17:36,400 | INFO  | DNAudit | user=null | ip=null | op=WRITE_CHUNK {blockData=conID: 2 locID: 102652566328312458 bcsId: 4604} | ret=SUCCESS |  
2019-08-21 02:17:36,400 | INFO  | DNAudit | user=null | ip=null | op=WRITE_CHUNK {blockData=conID: 2 locID: 102652566328312458 bcsId: 4604} | ret=SUCCESS |  
2019-08-21 02:17:36,403 | INFO  | DNAudit | user=null | ip=null | op=PUT_BLOCK {blockData=[blockId=conID: 2 locID: 102652566328312458 bcsId: 0,size=4194304]} | ret=SUCCESS |  
2019-08-21 02:17:36,403 | INFO  | DNAudit | user=null | ip=null | op=PUT_BLOCK {blockData=[blockId=conID: 2 locID: 102652566328312458 bcsId: 0,size=4194304]} | ret=SUCCESS |  
2019-08-21 02:17:36,404 [grpc-default-executor-2] INFO  client.GrpcClientProtocolClient (GrpcClientProtocolClient.java:onNext(255)) - client-54CC064C3FCE->8224e767-71c1-41fc-a01a-d172d48fd9d8: receive RaftClientReply:client-54CC064C3FCE->8224e767-71c1-41fc-a01a-d172d48fd9d8@group-F6B37CC92441, cid=3074, SUCCESS, logIndex=0, commits[8224e767-71c1-41fc-a01a-d172d48fd9d8:c4610, 6eae0c21-01aa-4169-956f-5952b26ea7ba:c4608, 8d7dcba1-3b82-4d94-a832-514ef5c79cf8:c4608]
2019-08-21 02:17:36,410 | INFO  | SCMAudit | user=jenkins1000 | ip=192.168.34.10 | op=ALLOCATE_BLOCK {owner=b6f66289-f2a0-4058-b052-0a85e40df67b, size=4194304, type=RATIS, factor=THREE} | ret=SUCCESS |  
2019-08-21 02:17:36,414 | INFO  | OMAudit | user=jenkins1000 | ip=127.0.0.1 | op=ALLOCATE_BLOCK {volume=vol-0-90982, bucket=bucket-0-24269, key=key-0-81262, dataSize=0, replicationType=null, replicationFactor=null, keyLocationInfo=null, clientID=102652564580991378} | ret=SUCCESS |  
2019-08-21 02:17:36,420 | INFO  | DNAudit | user=null | ip=null | op=WRITE_CHUNK {blockData=conID: 3 locID: 102652566333686411 bcsId: 0} | ret=SUCCESS |  
2019-08-21 02:17:36,423 | INFO  | DNAudit | user=null | ip=null | op=WRITE_CHUNK {blockData=conID: 3 locID: 102652566333686411 bcsId: 0} | ret=SUCCESS |  
2019-08-21 02:17:36,424 | INFO  | DNAudit | user=null | ip=null | op=WRITE_CHUNK {blockData=conID: 3 locID: 102652566333686411 bcsId: 0} | ret=SUCCESS |  
2019-08-21 02:17:36,424 | INFO  | DNAudit | user=null | ip=null | op=WRITE_CHUNK {blockData=conID: 3 locID: 102652566333686411 bcsId: 0} | ret=SUCCESS |  
2019-08-21 02:17:36,425 | INFO  | DNAudit | user=null | ip=null | op=WRITE_CHUNK {blockData=conID: 3 locID: 102652566333686411 bcsId: 0} | ret=SUCCESS |  
2019-08-21 02:17:36,426 | INFO  | DNAudit | user=null | ip=null | op=WRITE_CHUNK {blockData=conID: 3 locID: 102652566333686411 bcsId: 0} | ret=SUCCESS |  
2019-08-21 02:17:36,433 | INFO  | DNAudit | user=null | ip=null | op=WRITE_CHUNK {blockData=conID: 3 locID: 102652566333686411 bcsId: 0} | ret=SUCCESS |  
2019-08-21 02:17:36,433 | INFO  | DNAudit | user=null | ip=null | op=PUT_BLOCK {blockData=[blockId=conID: 3 locID: 102652566333686411 bcsId: 0,size=1048576]} | ret=SUCCESS |  
2019-08-21 02:17:36,434 | INFO  | DNAudit | user=null | ip=null | op=WRITE_CHUNK {blockData=conID: 3 locID: 102652566333686411 bcsId: 0} | ret=SUCCESS |  
2019-08-21 02:17:36,434 [grpc-default-executor-1] INFO  client.GrpcClientProtocolClient (GrpcClientProtocolClient.java:onNext(255)) - client-54CC064C3FCE->8224e767-71c1-41fc-a01a-d172d48fd9d8: receive RaftClientReply:client-54CC064C3FCE->8224e767-71c1-41fc-a01a-d172d48fd9d8@group-F6B37CC92441, cid=3075, SUCCESS, logIndex=4611, commits[8224e767-71c1-41fc-a01a-d172d48fd9d8:c4612, 6eae0c21-01aa-4169-956f-5952b26ea7ba:c4610, 8d7dcba1-3b82-4d94-a832-514ef5c79cf8:c4610]
2019-08-21 02:17:36,434 | INFO  | DNAudit | user=null | ip=null | op=PUT_BLOCK {blockData=[blockId=conID: 3 locID: 102652566333686411 bcsId: 0,size=2097152]} | ret=SUCCESS |  
2019-08-21 02:17:36,434 [grpc-default-executor-1] INFO  client.GrpcClientProtocolClient (GrpcClientProtocolClient.java:onNext(255)) - client-54CC064C3FCE->8224e767-71c1-41fc-a01a-d172d48fd9d8: receive RaftClientReply:client-54CC064C3FCE->8224e767-71c1-41fc-a01a-d172d48fd9d8@group-F6B37CC92441, cid=3076, SUCCESS, logIndex=4612, commits[8224e767-71c1-41fc-a01a-d172d48fd9d8:c4612, 6eae0c21-01aa-4169-956f-5952b26ea7ba:c4610, 8d7dcba1-3b82-4d94-a832-514ef5c79cf8:c4610]
2019-08-21 02:17:36,435 [grpc-default-executor-1] INFO  client.GrpcClientProtocolClient (GrpcClientProtocolClient.java:onNext(255)) - client-54CC064C3FCE->8224e767-71c1-41fc-a01a-d172d48fd9d8: receive RaftClientReply:client-54CC064C3FCE->8224e767-71c1-41fc-a01a-d172d48fd9d8@group-F6B37CC92441, cid=3077, SUCCESS, logIndex=4613, commits[8224e767-71c1-41fc-a01a-d172d48fd9d8:c4614, 6eae0c21-01aa-4169-956f-5952b26ea7ba:c4610, 8d7dcba1-3b82-4d94-a832-514ef5c79cf8:c4610]
2019-08-21 02:17:36,435 [grpc-default-executor-1] INFO  client.GrpcClientProtocolClient (GrpcClientProtocolClient.java:onNext(255)) - client-54CC064C3FCE->8224e767-71c1-41fc-a01a-d172d48fd9d8: receive RaftClientReply:client-54CC064C3FCE->8224e767-71c1-41fc-a01a-d172d48fd9d8@group-F6B37CC92441, cid=3078, SUCCESS, logIndex=4614, commits[8224e767-71c1-41fc-a01a-d172d48fd9d8:c4614, 6eae0c21-01aa-4169-956f-5952b26ea7ba:c4610, 8d7dcba1-3b82-4d94-a832-514ef5c79cf8:c4610]
2019-08-21 02:17:36,447 | INFO  | DNAudit | user=null | ip=null | op=WRITE_CHUNK {blockData=conID: 3 locID: 102652566333686411 bcsId: 0} | ret=SUCCESS |  
2019-08-21 02:17:36,447 | INFO  | DNAudit | user=null | ip=null | op=PUT_BLOCK {blockData=[blockId=conID: 3 locID: 102652566333686411 bcsId: 0,size=1048576]} | ret=SUCCESS |  
2019-08-21 02:17:36,448 | INFO  | DNAudit | user=null | ip=null | op=WRITE_CHUNK {blockData=conID: 3 locID: 102652566333686411 bcsId: 0} | ret=SUCCESS |  
2019-08-21 02:17:36,448 | INFO  | DNAudit | user=null | ip=null | op=PUT_BLOCK {blockData=[blockId=conID: 3 locID: 102652566333686411 bcsId: 0,size=1048576]} | ret=SUCCESS |  
2019-08-21 02:17:36,448 | INFO  | DNAudit | user=null | ip=null | op=WRITE_CHUNK {blockData=conID: 3 locID: 102652566333686411 bcsId: 0} | ret=SUCCESS |  
2019-08-21 02:17:36,448 | INFO  | DNAudit | user=null | ip=null | op=PUT_BLOCK {blockData=[blockId=conID: 3 locID: 102652566333686411 bcsId: 0,size=2097152]} | ret=SUCCESS |  
2019-08-21 02:17:36,449 | INFO  | DNAudit | user=null | ip=null | op=WRITE_CHUNK {blockData=conID: 3 locID: 102652566333686411 bcsId: 0} | ret=SUCCESS |  
2019-08-21 02:17:36,449 [grpc-default-executor-1] INFO  client.GrpcClientProtocolClient (GrpcClientProtocolClient.java:onNext(255)) - client-54CC064C3FCE->8224e767-71c1-41fc-a01a-d172d48fd9d8: receive RaftClientReply:client-54CC064C3FCE->8224e767-71c1-41fc-a01a-d172d48fd9d8@group-F6B37CC92441, cid=3079, SUCCESS, logIndex=0, commits[8224e767-71c1-41fc-a01a-d172d48fd9d8:c4616, 6eae0c21-01aa-4169-956f-5952b26ea7ba:c4612, 8d7dcba1-3b82-4d94-a832-514ef5c79cf8:c4612]
2019-08-21 02:17:36,449 | INFO  | DNAudit | user=null | ip=null | op=PUT_BLOCK {blockData=[blockId=conID: 3 locID: 102652566333686411 bcsId: 0,size=2097152]} | ret=SUCCESS |  
2019-08-21 02:17:36,457 | INFO  | DNAudit | user=null | ip=null | op=WRITE_CHUNK {blockData=conID: 3 locID: 102652566333686411 bcsId: 4614} | ret=SUCCESS |  
2019-08-21 02:17:36,458 | INFO  | DNAudit | user=null | ip=null | op=WRITE_CHUNK {blockData=conID: 3 locID: 102652566333686411 bcsId: 4614} | ret=SUCCESS |  
2019-08-21 02:17:36,458 | INFO  | DNAudit | user=null | ip=null | op=WRITE_CHUNK {blockData=conID: 3 locID: 102652566333686411 bcsId: 4614} | ret=SUCCESS |  
2019-08-21 02:17:36,469 | INFO  | DNAudit | user=null | ip=null | op=WRITE_CHUNK {blockData=conID: 3 locID: 102652566333686411 bcsId: 4614} | ret=SUCCESS |  
2019-08-21 02:17:36,469 | INFO  | DNAudit | user=null | ip=null | op=PUT_BLOCK {blockData=[blockId=conID: 3 locID: 102652566333686411 bcsId: 0,size=3145728]} | ret=SUCCESS |  
2019-08-21 02:17:36,469 [grpc-default-executor-2] INFO  client.GrpcClientProtocolClient (GrpcClientProtocolClient.java:onNext(255)) - client-54CC064C3FCE->8224e767-71c1-41fc-a01a-d172d48fd9d8: receive RaftClientReply:client-54CC064C3FCE->8224e767-71c1-41fc-a01a-d172d48fd9d8@group-F6B37CC92441, cid=3080, SUCCESS, logIndex=4618, commits[8224e767-71c1-41fc-a01a-d172d48fd9d8:c4619, 6eae0c21-01aa-4169-956f-5952b26ea7ba:c4617, 8d7dcba1-3b82-4d94-a832-514ef5c79cf8:c4617]
2019-08-21 02:17:36,470 [grpc-default-executor-2] INFO  client.GrpcClientProtocolClient (GrpcClientProtocolClient.java:onNext(255)) - client-54CC064C3FCE->8224e767-71c1-41fc-a01a-d172d48fd9d8: receive RaftClientReply:client-54CC064C3FCE->8224e767-71c1-41fc-a01a-d172d48fd9d8@group-F6B37CC92441, cid=3081, SUCCESS, logIndex=4619, commits[8224e767-71c1-41fc-a01a-d172d48fd9d8:c4619, 6eae0c21-01aa-4169-956f-5952b26ea7ba:c4617, 8d7dcba1-3b82-4d94-a832-514ef5c79cf8:c4617]
2019-08-21 02:17:36,471 | INFO  | DNAudit | user=null | ip=null | op=WRITE_CHUNK {blockData=conID: 3 locID: 102652566333686411 bcsId: 4614} | ret=SUCCESS |  
2019-08-21 02:17:36,471 | INFO  | DNAudit | user=null | ip=null | op=WRITE_CHUNK {blockData=conID: 3 locID: 102652566333686411 bcsId: 4614} | ret=SUCCESS |  
2019-08-21 02:17:36,471 | INFO  | DNAudit | user=null | ip=null | op=PUT_BLOCK {blockData=[blockId=conID: 3 locID: 102652566333686411 bcsId: 0,size=3145728]} | ret=SUCCESS |  
2019-08-21 02:17:36,471 | INFO  | DNAudit | user=null | ip=null | op=PUT_BLOCK {blockData=[blockId=conID: 3 locID: 102652566333686411 bcsId: 0,size=3145728]} | ret=SUCCESS |  
2019-08-21 02:17:36,476 | INFO  | DNAudit | user=null | ip=null | op=WRITE_CHUNK {blockData=conID: 3 locID: 102652566333686411 bcsId: 4619} | ret=SUCCESS |  
2019-08-21 02:17:36,479 | INFO  | DNAudit | user=null | ip=null | op=WRITE_CHUNK {blockData=conID: 3 locID: 102652566333686411 bcsId: 4619} | ret=SUCCESS |  
2019-08-21 02:17:36,479 | INFO  | DNAudit | user=null | ip=null | op=WRITE_CHUNK {blockData=conID: 3 locID: 102652566333686411 bcsId: 4619} | ret=SUCCESS |  
2019-08-21 02:17:36,493 | INFO  | DNAudit | user=null | ip=null | op=WRITE_CHUNK {blockData=conID: 3 locID: 102652566333686411 bcsId: 4619} | ret=SUCCESS |  
2019-08-21 02:17:36,494 | INFO  | DNAudit | user=null | ip=null | op=PUT_BLOCK {blockData=[blockId=conID: 3 locID: 102652566333686411 bcsId: 0,size=4194304]} | ret=SUCCESS |  
2019-08-21 02:17:36,494 [grpc-default-executor-2] INFO  client.GrpcClientProtocolClient (GrpcClientProtocolClient.java:onNext(255)) - client-54CC064C3FCE->8224e767-71c1-41fc-a01a-d172d48fd9d8: receive RaftClientReply:client-54CC064C3FCE->8224e767-71c1-41fc-a01a-d172d48fd9d8@group-F6B37CC92441, cid=3082, SUCCESS, logIndex=4622, commits[8224e767-71c1-41fc-a01a-d172d48fd9d8:c4623, 6eae0c21-01aa-4169-956f-5952b26ea7ba:c4621, 8d7dcba1-3b82-4d94-a832-514ef5c79cf8:c4621]
2019-08-21 02:17:36,494 [grpc-default-executor-2] INFO  client.GrpcClientProtocolClient (GrpcClientProtocolClient.java:onNext(255)) - client-54CC064C3FCE->8224e767-71c1-41fc-a01a-d172d48fd9d8: receive RaftClientReply:client-54CC064C3FCE->8224e767-71c1-41fc-a01a-d172d48fd9d8@group-F6B37CC92441, cid=3083, SUCCESS, logIndex=4623, commits[8224e767-71c1-41fc-a01a-d172d48fd9d8:c4623, 6eae0c21-01aa-4169-956f-5952b26ea7ba:c4621, 8d7dcba1-3b82-4d94-a832-514ef5c79cf8:c4621]
2019-08-21 02:17:36,505 | INFO  | DNAudit | user=null | ip=null | op=WRITE_CHUNK {blockData=conID: 3 locID: 102652566333686411 bcsId: 4619} | ret=SUCCESS |  
2019-08-21 02:17:36,505 | INFO  | DNAudit | user=null | ip=null | op=WRITE_CHUNK {blockData=conID: 3 locID: 102652566333686411 bcsId: 4619} | ret=SUCCESS |  
2019-08-21 02:17:36,508 | INFO  | DNAudit | user=null | ip=null | op=PUT_BLOCK {blockData=[blockId=conID: 3 locID: 102652566333686411 bcsId: 0,size=4194304]} | ret=SUCCESS |  
2019-08-21 02:17:36,508 | INFO  | DNAudit | user=null | ip=null | op=PUT_BLOCK {blockData=[blockId=conID: 3 locID: 102652566333686411 bcsId: 0,size=4194304]} | ret=SUCCESS |  
2019-08-21 02:17:36,509 [grpc-default-executor-2] INFO  client.GrpcClientProtocolClient (GrpcClientProtocolClient.java:onNext(255)) - client-54CC064C3FCE->8224e767-71c1-41fc-a01a-d172d48fd9d8: receive RaftClientReply:client-54CC064C3FCE->8224e767-71c1-41fc-a01a-d172d48fd9d8@group-F6B37CC92441, cid=3084, SUCCESS, logIndex=0, commits[8224e767-71c1-41fc-a01a-d172d48fd9d8:c4625, 6eae0c21-01aa-4169-956f-5952b26ea7ba:c4623, 8d7dcba1-3b82-4d94-a832-514ef5c79cf8:c4623]
2019-08-21 02:17:36,516 | INFO  | SCMAudit | user=jenkins1000 | ip=192.168.34.10 | op=ALLOCATE_BLOCK {owner=b6f66289-f2a0-4058-b052-0a85e40df67b, size=4194304, type=RATIS, factor=THREE} | ret=SUCCESS |  
2019-08-21 02:17:36,523 | INFO  | OMAudit | user=jenkins1000 | ip=127.0.0.1 | op=ALLOCATE_BLOCK {volume=vol-0-90982, bucket=bucket-0-24269, key=key-0-81262, dataSize=0, replicationType=null, replicationFactor=null, keyLocationInfo=null, clientID=102652564580991378} | ret=SUCCESS |  
2019-08-21 02:17:36,530 | INFO  | DNAudit | user=null | ip=null | op=WRITE_CHUNK {blockData=conID: 1 locID: 102652566340633228 bcsId: 0} | ret=SUCCESS |  
2019-08-21 02:17:36,531 | INFO  | DNAudit | user=null | ip=null | op=WRITE_CHUNK {blockData=conID: 1 locID: 102652566340633228 bcsId: 0} | ret=SUCCESS |  
2019-08-21 02:17:36,532 | INFO  | DNAudit | user=null | ip=null | op=WRITE_CHUNK {blockData=conID: 1 locID: 102652566340633228 bcsId: 0} | ret=SUCCESS |  
2019-08-21 02:17:36,533 | INFO  | DNAudit | user=null | ip=null | op=WRITE_CHUNK {blockData=conID: 1 locID: 102652566340633228 bcsId: 0} | ret=SUCCESS |  
2019-08-21 02:17:36,536 | INFO  | DNAudit | user=null | ip=null | op=WRITE_CHUNK {blockData=conID: 1 locID: 102652566340633228 bcsId: 0} | ret=SUCCESS |  
2019-08-21 02:17:36,536 | INFO  | DNAudit | user=null | ip=null | op=WRITE_CHUNK {blockData=conID: 1 locID: 102652566340633228 bcsId: 0} | ret=SUCCESS |  
2019-08-21 02:17:36,543 | INFO  | DNAudit | user=null | ip=null | op=WRITE_CHUNK {blockData=conID: 1 locID: 102652566340633228 bcsId: 0} | ret=SUCCESS |  
2019-08-21 02:17:36,543 | INFO  | DNAudit | user=null | ip=null | op=PUT_BLOCK {blockData=[blockId=conID: 1 locID: 102652566340633228 bcsId: 0,size=1048576]} | ret=SUCCESS |  
2019-08-21 02:17:36,543 [grpc-default-executor-4] INFO  client.GrpcClientProtocolClient (GrpcClientProtocolClient.java:onNext(255)) - client-54CC064C3FCE->8224e767-71c1-41fc-a01a-d172d48fd9d8: receive RaftClientReply:client-54CC064C3FCE->8224e767-71c1-41fc-a01a-d172d48fd9d8@group-F6B37CC92441, cid=3085, SUCCESS, logIndex=4626, commits[8224e767-71c1-41fc-a01a-d172d48fd9d8:c4627, 6eae0c21-01aa-4169-956f-5952b26ea7ba:c4625, 8d7dcba1-3b82-4d94-a832-514ef5c79cf8:c4625]
2019-08-21 02:17:36,544 | INFO  | DNAudit | user=null | ip=null | op=WRITE_CHUNK {blockData=conID: 1 locID: 102652566340633228 bcsId: 0} | ret=SUCCESS |  
2019-08-21 02:17:36,544 | INFO  | DNAudit | user=null | ip=null | op=PUT_BLOCK {blockData=[blockId=conID: 1 locID: 102652566340633228 bcsId: 0,size=2097152]} | ret=SUCCESS |  
2019-08-21 02:17:36,544 | INFO  | DNAudit | user=null | ip=null | op=WRITE_CHUNK {blockData=conID: 1 locID: 102652566340633228 bcsId: 0} | ret=SUCCESS |  
2019-08-21 02:17:36,545 [grpc-default-executor-4] INFO  client.GrpcClientProtocolClient (GrpcClientProtocolClient.java:onNext(255)) - client-54CC064C3FCE->8224e767-71c1-41fc-a01a-d172d48fd9d8: receive RaftClientReply:client-54CC064C3FCE->8224e767-71c1-41fc-a01a-d172d48fd9d8@group-F6B37CC92441, cid=3086, SUCCESS, logIndex=4627, commits[8224e767-71c1-41fc-a01a-d172d48fd9d8:c4628, 6eae0c21-01aa-4169-956f-5952b26ea7ba:c4625, 8d7dcba1-3b82-4d94-a832-514ef5c79cf8:c4625]
2019-08-21 02:17:36,545 | INFO  | DNAudit | user=null | ip=null | op=WRITE_CHUNK {blockData=conID: 1 locID: 102652566340633228 bcsId: 0} | ret=SUCCESS |  
2019-08-21 02:17:36,545 | INFO  | DNAudit | user=null | ip=null | op=PUT_BLOCK {blockData=[blockId=conID: 1 locID: 102652566340633228 bcsId: 0,size=1048576]} | ret=SUCCESS |  
2019-08-21 02:17:36,545 | INFO  | DNAudit | user=null | ip=null | op=PUT_BLOCK {blockData=[blockId=conID: 1 locID: 102652566340633228 bcsId: 0,size=1048576]} | ret=SUCCESS |  
2019-08-21 02:17:36,545 [grpc-default-executor-1] INFO  client.GrpcClientProtocolClient (GrpcClientProtocolClient.java:onNext(255)) - client-54CC064C3FCE->8224e767-71c1-41fc-a01a-d172d48fd9d8: receive RaftClientReply:client-54CC064C3FCE->8224e767-71c1-41fc-a01a-d172d48fd9d8@group-F6B37CC92441, cid=3087, SUCCESS, logIndex=4628, commits[8224e767-71c1-41fc-a01a-d172d48fd9d8:c4629, 6eae0c21-01aa-4169-956f-5952b26ea7ba:c4625, 8d7dcba1-3b82-4d94-a832-514ef5c79cf8:c4625]
2019-08-21 02:17:36,546 | INFO  | DNAudit | user=null | ip=null | op=WRITE_CHUNK {blockData=conID: 1 locID: 102652566340633228 bcsId: 0} | ret=SUCCESS |  
2019-08-21 02:17:36,546 | INFO  | DNAudit | user=null | ip=null | op=WRITE_CHUNK {blockData=conID: 1 locID: 102652566340633228 bcsId: 0} | ret=SUCCESS |  
2019-08-21 02:17:36,546 | INFO  | DNAudit | user=null | ip=null | op=PUT_BLOCK {blockData=[blockId=conID: 1 locID: 102652566340633228 bcsId: 0,size=2097152]} | ret=SUCCESS |  
2019-08-21 02:17:36,546 [grpc-default-executor-1] INFO  client.GrpcClientProtocolClient (GrpcClientProtocolClient.java:onNext(255)) - client-54CC064C3FCE->8224e767-71c1-41fc-a01a-d172d48fd9d8: receive RaftClientReply:client-54CC064C3FCE->8224e767-71c1-41fc-a01a-d172d48fd9d8@group-F6B37CC92441, cid=3088, SUCCESS, logIndex=4629, commits[8224e767-71c1-41fc-a01a-d172d48fd9d8:c4629, 6eae0c21-01aa-4169-956f-5952b26ea7ba:c4625, 8d7dcba1-3b82-4d94-a832-514ef5c79cf8:c4625]
2019-08-21 02:17:36,546 | INFO  | DNAudit | user=null | ip=null | op=PUT_BLOCK {blockData=[blockId=conID: 1 locID: 102652566340633228 bcsId: 0,size=2097152]} | ret=SUCCESS |  
2019-08-21 02:17:36,547 [grpc-default-executor-1] INFO  client.GrpcClientProtocolClient (GrpcClientProtocolClient.java:onNext(255)) - client-54CC064C3FCE->8224e767-71c1-41fc-a01a-d172d48fd9d8: receive RaftClientReply:client-54CC064C3FCE->8224e767-71c1-41fc-a01a-d172d48fd9d8@group-F6B37CC92441, cid=3089, SUCCESS, logIndex=0, commits[8224e767-71c1-41fc-a01a-d172d48fd9d8:c4633, 6eae0c21-01aa-4169-956f-5952b26ea7ba:c4629, 8d7dcba1-3b82-4d94-a832-514ef5c79cf8:c4629]
2019-08-21 02:17:36,555 | INFO  | DNAudit | user=null | ip=null | op=WRITE_CHUNK {blockData=conID: 1 locID: 102652566340633228 bcsId: 4629} | ret=SUCCESS |  
2019-08-21 02:17:36,557 | INFO  | DNAudit | user=null | ip=null | op=WRITE_CHUNK {blockData=conID: 1 locID: 102652566340633228 bcsId: 4629} | ret=SUCCESS |  
2019-08-21 02:17:36,558 | INFO  | DNAudit | user=null | ip=null | op=WRITE_CHUNK {blockData=conID: 1 locID: 102652566340633228 bcsId: 4629} | ret=SUCCESS |  
2019-08-21 02:17:36,567 | INFO  | DNAudit | user=null | ip=null | op=WRITE_CHUNK {blockData=conID: 1 locID: 102652566340633228 bcsId: 4629} | ret=SUCCESS |  
2019-08-21 02:17:36,568 | INFO  | DNAudit | user=null | ip=null | op=PUT_BLOCK {blockData=[blockId=conID: 1 locID: 102652566340633228 bcsId: 0,size=3145728]} | ret=SUCCESS |  
2019-08-21 02:17:36,568 [grpc-default-executor-2] INFO  client.GrpcClientProtocolClient (GrpcClientProtocolClient.java:onNext(255)) - client-54CC064C3FCE->8224e767-71c1-41fc-a01a-d172d48fd9d8: receive RaftClientReply:client-54CC064C3FCE->8224e767-71c1-41fc-a01a-d172d48fd9d8@group-F6B37CC92441, cid=3090, SUCCESS, logIndex=4634, commits[8224e767-71c1-41fc-a01a-d172d48fd9d8:c4635, 6eae0c21-01aa-4169-956f-5952b26ea7ba:c4633, 8d7dcba1-3b82-4d94-a832-514ef5c79cf8:c4633]
2019-08-21 02:17:36,568 [grpc-default-executor-2] INFO  client.GrpcClientProtocolClient (GrpcClientProtocolClient.java:onNext(255)) - client-54CC064C3FCE->8224e767-71c1-41fc-a01a-d172d48fd9d8: receive RaftClientReply:client-54CC064C3FCE->8224e767-71c1-41fc-a01a-d172d48fd9d8@group-F6B37CC92441, cid=3091, SUCCESS, logIndex=4635, commits[8224e767-71c1-41fc-a01a-d172d48fd9d8:c4635, 6eae0c21-01aa-4169-956f-5952b26ea7ba:c4633, 8d7dcba1-3b82-4d94-a832-514ef5c79cf8:c4633]
2019-08-21 02:17:36,576 | INFO  | DNAudit | user=null | ip=null | op=WRITE_CHUNK {blockData=conID: 1 locID: 102652566340633228 bcsId: 4635} | ret=SUCCESS |  
2019-08-21 02:17:36,578 | INFO  | DNAudit | user=null | ip=null | op=WRITE_CHUNK {blockData=conID: 1 locID: 102652566340633228 bcsId: 4635} | ret=SUCCESS |  
2019-08-21 02:17:36,579 | INFO  | DNAudit | user=null | ip=null | op=WRITE_CHUNK {blockData=conID: 1 locID: 102652566340633228 bcsId: 4635} | ret=SUCCESS |  
2019-08-21 02:17:36,579 | INFO  | DNAudit | user=null | ip=null | op=WRITE_CHUNK {blockData=conID: 1 locID: 102652566340633228 bcsId: 4629} | ret=SUCCESS |  
2019-08-21 02:17:36,579 | INFO  | DNAudit | user=null | ip=null | op=WRITE_CHUNK {blockData=conID: 1 locID: 102652566340633228 bcsId: 4629} | ret=SUCCESS |  
2019-08-21 02:17:36,579 | INFO  | DNAudit | user=null | ip=null | op=PUT_BLOCK {blockData=[blockId=conID: 1 locID: 102652566340633228 bcsId: 0,size=3145728]} | ret=SUCCESS |  
2019-08-21 02:17:36,579 | INFO  | DNAudit | user=null | ip=null | op=PUT_BLOCK {blockData=[blockId=conID: 1 locID: 102652566340633228 bcsId: 0,size=3145728]} | ret=SUCCESS |  
2019-08-21 02:17:36,582 | INFO  | DNAudit | user=null | ip=null | op=WRITE_CHUNK {blockData=conID: 1 locID: 102652566340633228 bcsId: 4635} | ret=SUCCESS |  
2019-08-21 02:17:36,583 | INFO  | DNAudit | user=null | ip=null | op=PUT_BLOCK {blockData=[blockId=conID: 1 locID: 102652566340633228 bcsId: 0,size=4194304]} | ret=SUCCESS |  
2019-08-21 02:17:36,583 [grpc-default-executor-1] INFO  client.GrpcClientProtocolClient (GrpcClientProtocolClient.java:onNext(255)) - client-54CC064C3FCE->8224e767-71c1-41fc-a01a-d172d48fd9d8: receive RaftClientReply:client-54CC064C3FCE->8224e767-71c1-41fc-a01a-d172d48fd9d8@group-F6B37CC92441, cid=3092, SUCCESS, logIndex=4638, commits[8224e767-71c1-41fc-a01a-d172d48fd9d8:c4638, 6eae0c21-01aa-4169-956f-5952b26ea7ba:c4635, 8d7dcba1-3b82-4d94-a832-514ef5c79cf8:c4635]
2019-08-21 02:17:36,583 [grpc-default-executor-1] INFO  client.GrpcClientProtocolClient (GrpcClientProtocolClient.java:onNext(255)) - client-54CC064C3FCE->8224e767-71c1-41fc-a01a-d172d48fd9d8: receive RaftClientReply:client-54CC064C3FCE->8224e767-71c1-41fc-a01a-d172d48fd9d8@group-F6B37CC92441, cid=3093, SUCCESS, logIndex=4639, commits[8224e767-71c1-41fc-a01a-d172d48fd9d8:c4639, 6eae0c21-01aa-4169-956f-5952b26ea7ba:c4635, 8d7dcba1-3b82-4d94-a832-514ef5c79cf8:c4635]
2019-08-21 02:17:36,594 | INFO  | DNAudit | user=null | ip=null | op=WRITE_CHUNK {blockData=conID: 1 locID: 102652566340633228 bcsId: 4635} | ret=SUCCESS |  
2019-08-21 02:17:36,594 | INFO  | DNAudit | user=null | ip=null | op=WRITE_CHUNK {blockData=conID: 1 locID: 102652566340633228 bcsId: 4635} | ret=SUCCESS |  
2019-08-21 02:17:36,597 | INFO  | DNAudit | user=null | ip=null | op=PUT_BLOCK {blockData=[blockId=conID: 1 locID: 102652566340633228 bcsId: 0,size=4194304]} | ret=SUCCESS |  
2019-08-21 02:17:36,597 | INFO  | DNAudit | user=null | ip=null | op=PUT_BLOCK {blockData=[blockId=conID: 1 locID: 102652566340633228 bcsId: 0,size=4194304]} | ret=SUCCESS |  
2019-08-21 02:17:36,598 [grpc-default-executor-1] INFO  client.GrpcClientProtocolClient (GrpcClientProtocolClient.java:onNext(255)) - client-54CC064C3FCE->8224e767-71c1-41fc-a01a-d172d48fd9d8: receive RaftClientReply:client-54CC064C3FCE->8224e767-71c1-41fc-a01a-d172d48fd9d8@group-F6B37CC92441, cid=3094, SUCCESS, logIndex=0, commits[8224e767-71c1-41fc-a01a-d172d48fd9d8:c4641, 6eae0c21-01aa-4169-956f-5952b26ea7ba:c4639, 8d7dcba1-3b82-4d94-a832-514ef5c79cf8:c4639]
2019-08-21 02:17:36,606 | INFO  | SCMAudit | user=jenkins1000 | ip=192.168.34.10 | op=ALLOCATE_BLOCK {owner=b6f66289-f2a0-4058-b052-0a85e40df67b, size=4194304, type=RATIS, factor=THREE} | ret=SUCCESS |  
2019-08-21 02:17:36,611 | INFO  | OMAudit | user=jenkins1000 | ip=127.0.0.1 | op=ALLOCATE_BLOCK {volume=vol-0-90982, bucket=bucket-0-24269, key=key-0-81262, dataSize=0, replicationType=null, replicationFactor=null, keyLocationInfo=null, clientID=102652564580991378} | ret=SUCCESS |  
2019-08-21 02:17:36,619 | INFO  | DNAudit | user=null | ip=null | op=WRITE_CHUNK {blockData=conID: 2 locID: 102652566346531469 bcsId: 0} | ret=SUCCESS |  
2019-08-21 02:17:36,621 | INFO  | DNAudit | user=null | ip=null | op=WRITE_CHUNK {blockData=conID: 2 locID: 102652566346531469 bcsId: 0} | ret=SUCCESS |  
2019-08-21 02:17:36,621 | INFO  | DNAudit | user=null | ip=null | op=WRITE_CHUNK {blockData=conID: 2 locID: 102652566346531469 bcsId: 0} | ret=SUCCESS |  
2019-08-21 02:17:36,623 | INFO  | DNAudit | user=null | ip=null | op=WRITE_CHUNK {blockData=conID: 2 locID: 102652566346531469 bcsId: 0} | ret=SUCCESS |  
2019-08-21 02:17:36,626 | INFO  | DNAudit | user=null | ip=null | op=WRITE_CHUNK {blockData=conID: 2 locID: 102652566346531469 bcsId: 0} | ret=SUCCESS |  
2019-08-21 02:17:36,627 | INFO  | DNAudit | user=null | ip=null | op=WRITE_CHUNK {blockData=conID: 2 locID: 102652566346531469 bcsId: 0} | ret=SUCCESS |  
2019-08-21 02:17:36,632 | INFO  | DNAudit | user=null | ip=null | op=WRITE_CHUNK {blockData=conID: 2 locID: 102652566346531469 bcsId: 0} | ret=SUCCESS |  
2019-08-21 02:17:36,633 | INFO  | DNAudit | user=null | ip=null | op=PUT_BLOCK {blockData=[blockId=conID: 2 locID: 102652566346531469 bcsId: 0,size=1048576]} | ret=SUCCESS |  
2019-08-21 02:17:36,633 | INFO  | DNAudit | user=null | ip=null | op=WRITE_CHUNK {blockData=conID: 2 locID: 102652566346531469 bcsId: 0} | ret=SUCCESS |  
2019-08-21 02:17:36,634 | INFO  | DNAudit | user=null | ip=null | op=PUT_BLOCK {blockData=[blockId=conID: 2 locID: 102652566346531469 bcsId: 0,size=2097152]} | ret=SUCCESS |  
2019-08-21 02:17:36,634 [grpc-default-executor-4] INFO  client.GrpcClientProtocolClient (GrpcClientProtocolClient.java:onNext(255)) - client-54CC064C3FCE->8224e767-71c1-41fc-a01a-d172d48fd9d8: receive RaftClientReply:client-54CC064C3FCE->8224e767-71c1-41fc-a01a-d172d48fd9d8@group-F6B37CC92441, cid=3095, SUCCESS, logIndex=4642, commits[8224e767-71c1-41fc-a01a-d172d48fd9d8:c4643, 6eae0c21-01aa-4169-956f-5952b26ea7ba:c4641, 8d7dcba1-3b82-4d94-a832-514ef5c79cf8:c4641]
2019-08-21 02:17:36,634 | INFO  | DNAudit | user=null | ip=null | op=WRITE_CHUNK {blockData=conID: 2 locID: 102652566346531469 bcsId: 0} | ret=SUCCESS |  
2019-08-21 02:17:36,635 | INFO  | DNAudit | user=null | ip=null | op=PUT_BLOCK {blockData=[blockId=conID: 2 locID: 102652566346531469 bcsId: 0,size=1048576]} | ret=SUCCESS |  
2019-08-21 02:17:36,635 | INFO  | DNAudit | user=null | ip=null | op=WRITE_CHUNK {blockData=conID: 2 locID: 102652566346531469 bcsId: 0} | ret=SUCCESS |  
2019-08-21 02:17:36,635 [grpc-default-executor-4] INFO  client.GrpcClientProtocolClient (GrpcClientProtocolClient.java:onNext(255)) - client-54CC064C3FCE->8224e767-71c1-41fc-a01a-d172d48fd9d8: receive RaftClientReply:client-54CC064C3FCE->8224e767-71c1-41fc-a01a-d172d48fd9d8@group-F6B37CC92441, cid=3096, SUCCESS, logIndex=4643, commits[8224e767-71c1-41fc-a01a-d172d48fd9d8:c4644, 6eae0c21-01aa-4169-956f-5952b26ea7ba:c4641, 8d7dcba1-3b82-4d94-a832-514ef5c79cf8:c4641]
2019-08-21 02:17:36,635 | INFO  | DNAudit | user=null | ip=null | op=PUT_BLOCK {blockData=[blockId=conID: 2 locID: 102652566346531469 bcsId: 0,size=1048576]} | ret=SUCCESS |  
2019-08-21 02:17:36,635 [grpc-default-executor-4] INFO  client.GrpcClientProtocolClient (GrpcClientProtocolClient.java:onNext(255)) - client-54CC064C3FCE->8224e767-71c1-41fc-a01a-d172d48fd9d8: receive RaftClientReply:client-54CC064C3FCE->8224e767-71c1-41fc-a01a-d172d48fd9d8@group-F6B37CC92441, cid=3097, SUCCESS, logIndex=4644, commits[8224e767-71c1-41fc-a01a-d172d48fd9d8:c4645, 6eae0c21-01aa-4169-956f-5952b26ea7ba:c4641, 8d7dcba1-3b82-4d94-a832-514ef5c79cf8:c4641]
2019-08-21 02:17:36,636 | INFO  | DNAudit | user=null | ip=null | op=WRITE_CHUNK {blockData=conID: 2 locID: 102652566346531469 bcsId: 0} | ret=SUCCESS |  
2019-08-21 02:17:36,636 | INFO  | DNAudit | user=null | ip=null | op=PUT_BLOCK {blockData=[blockId=conID: 2 locID: 102652566346531469 bcsId: 0,size=2097152]} | ret=SUCCESS |  
2019-08-21 02:17:36,637 [grpc-default-executor-4] INFO  client.GrpcClientProtocolClient (GrpcClientProtocolClient.java:onNext(255)) - client-54CC064C3FCE->8224e767-71c1-41fc-a01a-d172d48fd9d8: receive RaftClientReply:client-54CC064C3FCE->8224e767-71c1-41fc-a01a-d172d48fd9d8@group-F6B37CC92441, cid=3098, SUCCESS, logIndex=4645, commits[8224e767-71c1-41fc-a01a-d172d48fd9d8:c4645, 6eae0c21-01aa-4169-956f-5952b26ea7ba:c4641, 8d7dcba1-3b82-4d94-a832-514ef5c79cf8:c4641]
2019-08-21 02:17:36,638 | INFO  | DNAudit | user=null | ip=null | op=WRITE_CHUNK {blockData=conID: 2 locID: 102652566346531469 bcsId: 0} | ret=SUCCESS |  
2019-08-21 02:17:36,638 | INFO  | DNAudit | user=null | ip=null | op=PUT_BLOCK {blockData=[blockId=conID: 2 locID: 102652566346531469 bcsId: 0,size=2097152]} | ret=SUCCESS |  
2019-08-21 02:17:36,639 [grpc-default-executor-4] INFO  client.GrpcClientProtocolClient (GrpcClientProtocolClient.java:onNext(255)) - client-54CC064C3FCE->8224e767-71c1-41fc-a01a-d172d48fd9d8: receive RaftClientReply:client-54CC064C3FCE->8224e767-71c1-41fc-a01a-d172d48fd9d8@group-F6B37CC92441, cid=3099, SUCCESS, logIndex=0, commits[8224e767-71c1-41fc-a01a-d172d48fd9d8:c4649, 6eae0c21-01aa-4169-956f-5952b26ea7ba:c4643, 8d7dcba1-3b82-4d94-a832-514ef5c79cf8:c4645]
2019-08-21 02:17:36,648 | INFO  | DNAudit | user=null | ip=null | op=WRITE_CHUNK {blockData=conID: 2 locID: 102652566346531469 bcsId: 4645} | ret=SUCCESS |  
2019-08-21 02:17:36,651 | INFO  | DNAudit | user=null | ip=null | op=WRITE_CHUNK {blockData=conID: 2 locID: 102652566346531469 bcsId: 4645} | ret=SUCCESS |  
2019-08-21 02:17:36,651 | INFO  | DNAudit | user=null | ip=null | op=WRITE_CHUNK {blockData=conID: 2 locID: 102652566346531469 bcsId: 4645} | ret=SUCCESS |  
2019-08-21 02:17:36,661 | INFO  | DNAudit | user=null | ip=null | op=WRITE_CHUNK {blockData=conID: 2 locID: 102652566346531469 bcsId: 4645} | ret=SUCCESS |  
2019-08-21 02:17:36,662 | INFO  | DNAudit | user=null | ip=null | op=PUT_BLOCK {blockData=[blockId=conID: 2 locID: 102652566346531469 bcsId: 0,size=3145728]} | ret=SUCCESS |  
2019-08-21 02:17:36,662 [grpc-default-executor-1] INFO  client.GrpcClientProtocolClient (GrpcClientProtocolClient.java:onNext(255)) - client-54CC064C3FCE->8224e767-71c1-41fc-a01a-d172d48fd9d8: receive RaftClientReply:client-54CC064C3FCE->8224e767-71c1-41fc-a01a-d172d48fd9d8@group-F6B37CC92441, cid=3100, SUCCESS, logIndex=4650, commits[8224e767-71c1-41fc-a01a-d172d48fd9d8:c4651, 6eae0c21-01aa-4169-956f-5952b26ea7ba:c4649, 8d7dcba1-3b82-4d94-a832-514ef5c79cf8:c4649]
2019-08-21 02:17:36,663 [grpc-default-executor-1] INFO  client.GrpcClientProtocolClient (GrpcClientProtocolClient.java:onNext(255)) - client-54CC064C3FCE->8224e767-71c1-41fc-a01a-d172d48fd9d8: receive RaftClientReply:client-54CC064C3FCE->8224e767-71c1-41fc-a01a-d172d48fd9d8@group-F6B37CC92441, cid=3101, SUCCESS, logIndex=4651, commits[8224e767-71c1-41fc-a01a-d172d48fd9d8:c4651, 6eae0c21-01aa-4169-956f-5952b26ea7ba:c4649, 8d7dcba1-3b82-4d94-a832-514ef5c79cf8:c4649]
2019-08-21 02:17:36,672 | INFO  | DNAudit | user=null | ip=null | op=WRITE_CHUNK {blockData=conID: 2 locID: 102652566346531469 bcsId: 4651} | ret=SUCCESS |  
2019-08-21 02:17:36,673 | INFO  | DNAudit | user=null | ip=null | op=WRITE_CHUNK {blockData=conID: 2 locID: 102652566346531469 bcsId: 4645} | ret=SUCCESS |  
2019-08-21 02:17:36,673 | INFO  | DNAudit | user=null | ip=null | op=WRITE_CHUNK {blockData=conID: 2 locID: 102652566346531469 bcsId: 4645} | ret=SUCCESS |  
2019-08-21 02:17:36,673 | INFO  | DNAudit | user=null | ip=null | op=PUT_BLOCK {blockData=[blockId=conID: 2 locID: 102652566346531469 bcsId: 0,size=3145728]} | ret=SUCCESS |  
2019-08-21 02:17:36,673 | INFO  | DNAudit | user=null | ip=null | op=PUT_BLOCK {blockData=[blockId=conID: 2 locID: 102652566346531469 bcsId: 0,size=3145728]} | ret=SUCCESS |  
2019-08-21 02:17:36,675 | INFO  | DNAudit | user=null | ip=null | op=WRITE_CHUNK {blockData=conID: 2 locID: 102652566346531469 bcsId: 4651} | ret=SUCCESS |  
2019-08-21 02:17:36,675 | INFO  | DNAudit | user=null | ip=null | op=WRITE_CHUNK {blockData=conID: 2 locID: 102652566346531469 bcsId: 4651} | ret=SUCCESS |  
2019-08-21 02:17:36,687 | INFO  | DNAudit | user=null | ip=null | op=WRITE_CHUNK {blockData=conID: 2 locID: 102652566346531469 bcsId: 4651} | ret=SUCCESS |  
2019-08-21 02:17:36,688 | INFO  | DNAudit | user=null | ip=null | op=PUT_BLOCK {blockData=[blockId=conID: 2 locID: 102652566346531469 bcsId: 0,size=4194304]} | ret=SUCCESS |  
2019-08-21 02:17:36,688 [grpc-default-executor-4] INFO  client.GrpcClientProtocolClient (GrpcClientProtocolClient.java:onNext(255)) - client-54CC064C3FCE->8224e767-71c1-41fc-a01a-d172d48fd9d8: receive RaftClientReply:client-54CC064C3FCE->8224e767-71c1-41fc-a01a-d172d48fd9d8@group-F6B37CC92441, cid=3102, SUCCESS, logIndex=4654, commits[8224e767-71c1-41fc-a01a-d172d48fd9d8:c4655, 6eae0c21-01aa-4169-956f-5952b26ea7ba:c4651, 8d7dcba1-3b82-4d94-a832-514ef5c79cf8:c4651]
2019-08-21 02:17:36,688 [grpc-default-executor-4] INFO  client.GrpcClientProtocolClient (GrpcClientProtocolClient.java:onNext(255)) - client-54CC064C3FCE->8224e767-71c1-41fc-a01a-d172d48fd9d8: receive RaftClientReply:client-54CC064C3FCE->8224e767-71c1-41fc-a01a-d172d48fd9d8@group-F6B37CC92441, cid=3103, SUCCESS, logIndex=4655, commits[8224e767-71c1-41fc-a01a-d172d48fd9d8:c4655, 6eae0c21-01aa-4169-956f-5952b26ea7ba:c4651, 8d7dcba1-3b82-4d94-a832-514ef5c79cf8:c4651]
2019-08-21 02:17:36,699 | INFO  | DNAudit | user=null | ip=null | op=WRITE_CHUNK {blockData=conID: 2 locID: 102652566346531469 bcsId: 4651} | ret=SUCCESS |  
2019-08-21 02:17:36,699 | INFO  | DNAudit | user=null | ip=null | op=WRITE_CHUNK {blockData=conID: 2 locID: 102652566346531469 bcsId: 4651} | ret=SUCCESS |  
2019-08-21 02:17:36,699 | INFO  | DNAudit | user=null | ip=null | op=PUT_BLOCK {blockData=[blockId=conID: 2 locID: 102652566346531469 bcsId: 0,size=4194304]} | ret=SUCCESS |  
2019-08-21 02:17:36,699 | INFO  | DNAudit | user=null | ip=null | op=PUT_BLOCK {blockData=[blockId=conID: 2 locID: 102652566346531469 bcsId: 0,size=4194304]} | ret=SUCCESS |  
2019-08-21 02:17:36,699 [grpc-default-executor-4] INFO  client.GrpcClientProtocolClient (GrpcClientProtocolClient.java:onNext(255)) - client-54CC064C3FCE->8224e767-71c1-41fc-a01a-d172d48fd9d8: receive RaftClientReply:client-54CC064C3FCE->8224e767-71c1-41fc-a01a-d172d48fd9d8@group-F6B37CC92441, cid=3104, SUCCESS, logIndex=0, commits[8224e767-71c1-41fc-a01a-d172d48fd9d8:c4656, 6eae0c21-01aa-4169-956f-5952b26ea7ba:c4655, 8d7dcba1-3b82-4d94-a832-514ef5c79cf8:c4655]
2019-08-21 02:17:36,709 | INFO  | SCMAudit | user=jenkins1000 | ip=192.168.34.10 | op=ALLOCATE_BLOCK {owner=b6f66289-f2a0-4058-b052-0a85e40df67b, size=4194304, type=RATIS, factor=THREE} | ret=SUCCESS |  
2019-08-21 02:17:36,715 | INFO  | OMAudit | user=jenkins1000 | ip=127.0.0.1 | op=ALLOCATE_BLOCK {volume=vol-0-90982, bucket=bucket-0-24269, key=key-0-81262, dataSize=0, replicationType=null, replicationFactor=null, keyLocationInfo=null, clientID=102652564580991378} | ret=SUCCESS |  
2019-08-21 02:17:36,724 | INFO  | DNAudit | user=null | ip=null | op=WRITE_CHUNK {blockData=conID: 3 locID: 102652566353281678 bcsId: 0} | ret=SUCCESS |  
2019-08-21 02:17:36,728 | INFO  | DNAudit | user=null | ip=null | op=WRITE_CHUNK {blockData=conID: 3 locID: 102652566353281678 bcsId: 0} | ret=SUCCESS |  
2019-08-21 02:17:36,729 | INFO  | DNAudit | user=null | ip=null | op=WRITE_CHUNK {blockData=conID: 3 locID: 102652566353281678 bcsId: 0} | ret=SUCCESS |  
2019-08-21 02:17:36,730 | INFO  | DNAudit | user=null | ip=null | op=WRITE_CHUNK {blockData=conID: 3 locID: 102652566353281678 bcsId: 0} | ret=SUCCESS |  
2019-08-21 02:17:36,733 | INFO  | DNAudit | user=null | ip=null | op=WRITE_CHUNK {blockData=conID: 3 locID: 102652566353281678 bcsId: 0} | ret=SUCCESS |  
2019-08-21 02:17:36,734 | INFO  | DNAudit | user=null | ip=null | op=WRITE_CHUNK {blockData=conID: 3 locID: 102652566353281678 bcsId: 0} | ret=SUCCESS |  
2019-08-21 02:17:36,739 | INFO  | DNAudit | user=null | ip=null | op=WRITE_CHUNK {blockData=conID: 3 locID: 102652566353281678 bcsId: 0} | ret=SUCCESS |  
2019-08-21 02:17:36,739 | INFO  | DNAudit | user=null | ip=null | op=PUT_BLOCK {blockData=[blockId=conID: 3 locID: 102652566353281678 bcsId: 0,size=1048576]} | ret=SUCCESS |  
2019-08-21 02:17:36,739 [grpc-default-executor-4] INFO  client.GrpcClientProtocolClient (GrpcClientProtocolClient.java:onNext(255)) - client-54CC064C3FCE->8224e767-71c1-41fc-a01a-d172d48fd9d8: receive RaftClientReply:client-54CC064C3FCE->8224e767-71c1-41fc-a01a-d172d48fd9d8@group-F6B37CC92441, cid=3105, SUCCESS, logIndex=4658, commits[8224e767-71c1-41fc-a01a-d172d48fd9d8:c4659, 6eae0c21-01aa-4169-956f-5952b26ea7ba:c4657, 8d7dcba1-3b82-4d94-a832-514ef5c79cf8:c4657]
2019-08-21 02:17:36,740 [grpc-default-executor-4] INFO  client.GrpcClientProtocolClient (GrpcClientProtocolClient.java:onNext(255)) - client-54CC064C3FCE->8224e767-71c1-41fc-a01a-d172d48fd9d8: receive RaftClientReply:client-54CC064C3FCE->8224e767-71c1-41fc-a01a-d172d48fd9d8@group-F6B37CC92441, cid=3106, SUCCESS, logIndex=4659, commits[8224e767-71c1-41fc-a01a-d172d48fd9d8:c4659, 6eae0c21-01aa-4169-956f-5952b26ea7ba:c4657, 8d7dcba1-3b82-4d94-a832-514ef5c79cf8:c4657]
2019-08-21 02:17:36,742 | INFO  | DNAudit | user=null | ip=null | op=WRITE_CHUNK {blockData=conID: 3 locID: 102652566353281678 bcsId: 0} | ret=SUCCESS |  
2019-08-21 02:17:36,742 | INFO  | DNAudit | user=null | ip=null | op=PUT_BLOCK {blockData=[blockId=conID: 3 locID: 102652566353281678 bcsId: 0,size=2097152]} | ret=SUCCESS |  
2019-08-21 02:17:36,742 [grpc-default-executor-4] INFO  client.GrpcClientProtocolClient (GrpcClientProtocolClient.java:onNext(255)) - client-54CC064C3FCE->8224e767-71c1-41fc-a01a-d172d48fd9d8: receive RaftClientReply:client-54CC064C3FCE->8224e767-71c1-41fc-a01a-d172d48fd9d8@group-F6B37CC92441, cid=3107, SUCCESS, logIndex=4660, commits[8224e767-71c1-41fc-a01a-d172d48fd9d8:c4661, 6eae0c21-01aa-4169-956f-5952b26ea7ba:c4657, 8d7dcba1-3b82-4d94-a832-514ef5c79cf8:c4657]
2019-08-21 02:17:36,743 [grpc-default-executor-4] INFO  client.GrpcClientProtocolClient (GrpcClientProtocolClient.java:onNext(255)) - client-54CC064C3FCE->8224e767-71c1-41fc-a01a-d172d48fd9d8: receive RaftClientReply:client-54CC064C3FCE->8224e767-71c1-41fc-a01a-d172d48fd9d8@group-F6B37CC92441, cid=3108, SUCCESS, logIndex=4661, commits[8224e767-71c1-41fc-a01a-d172d48fd9d8:c4661, 6eae0c21-01aa-4169-956f-5952b26ea7ba:c4657, 8d7dcba1-3b82-4d94-a832-514ef5c79cf8:c4657]
2019-08-21 02:17:36,744 | INFO  | DNAudit | user=null | ip=null | op=WRITE_CHUNK {blockData=conID: 3 locID: 102652566353281678 bcsId: 0} | ret=SUCCESS |  
2019-08-21 02:17:36,745 | INFO  | DNAudit | user=null | ip=null | op=WRITE_CHUNK {blockData=conID: 3 locID: 102652566353281678 bcsId: 0} | ret=SUCCESS |  
2019-08-21 02:17:36,745 | INFO  | DNAudit | user=null | ip=null | op=PUT_BLOCK {blockData=[blockId=conID: 3 locID: 102652566353281678 bcsId: 0,size=1048576]} | ret=SUCCESS |  
2019-08-21 02:17:36,745 | INFO  | DNAudit | user=null | ip=null | op=PUT_BLOCK {blockData=[blockId=conID: 3 locID: 102652566353281678 bcsId: 0,size=1048576]} | ret=SUCCESS |  
2019-08-21 02:17:36,746 [grpc-default-executor-4] INFO  client.GrpcClientProtocolClient (GrpcClientProtocolClient.java:onNext(255)) - client-54CC064C3FCE->8224e767-71c1-41fc-a01a-d172d48fd9d8: receive RaftClientReply:client-54CC064C3FCE->8224e767-71c1-41fc-a01a-d172d48fd9d8@group-F6B37CC92441, cid=3109, SUCCESS, logIndex=0, commits[8224e767-71c1-41fc-a01a-d172d48fd9d8:c4663, 6eae0c21-01aa-4169-956f-5952b26ea7ba:c4659, 8d7dcba1-3b82-4d94-a832-514ef5c79cf8:c4659]
2019-08-21 02:17:36,748 | INFO  | DNAudit | user=null | ip=null | op=WRITE_CHUNK {blockData=conID: 3 locID: 102652566353281678 bcsId: 0} | ret=SUCCESS |  
2019-08-21 02:17:36,748 | INFO  | DNAudit | user=null | ip=null | op=WRITE_CHUNK {blockData=conID: 3 locID: 102652566353281678 bcsId: 0} | ret=SUCCESS |  
2019-08-21 02:17:36,748 | INFO  | DNAudit | user=null | ip=null | op=PUT_BLOCK {blockData=[blockId=conID: 3 locID: 102652566353281678 bcsId: 0,size=2097152]} | ret=SUCCESS |  
2019-08-21 02:17:36,748 | INFO  | DNAudit | user=null | ip=null | op=PUT_BLOCK {blockData=[blockId=conID: 3 locID: 102652566353281678 bcsId: 0,size=2097152]} | ret=SUCCESS |  
2019-08-21 02:17:36,755 | INFO  | DNAudit | user=null | ip=null | op=WRITE_CHUNK {blockData=conID: 3 locID: 102652566353281678 bcsId: 4661} | ret=SUCCESS |  
2019-08-21 02:17:36,758 | INFO  | DNAudit | user=null | ip=null | op=WRITE_CHUNK {blockData=conID: 3 locID: 102652566353281678 bcsId: 4661} | ret=SUCCESS |  
2019-08-21 02:17:36,758 | INFO  | DNAudit | user=null | ip=null | op=WRITE_CHUNK {blockData=conID: 3 locID: 102652566353281678 bcsId: 4661} | ret=SUCCESS |  
2019-08-21 02:17:36,769 | INFO  | DNAudit | user=null | ip=null | op=WRITE_CHUNK {blockData=conID: 3 locID: 102652566353281678 bcsId: 4661} | ret=SUCCESS |  
2019-08-21 02:17:36,770 | INFO  | DNAudit | user=null | ip=null | op=PUT_BLOCK {blockData=[blockId=conID: 3 locID: 102652566353281678 bcsId: 0,size=3145728]} | ret=SUCCESS |  
2019-08-21 02:17:36,770 [grpc-default-executor-4] INFO  client.GrpcClientProtocolClient (GrpcClientProtocolClient.java:onNext(255)) - client-54CC064C3FCE->8224e767-71c1-41fc-a01a-d172d48fd9d8: receive RaftClientReply:client-54CC064C3FCE->8224e767-71c1-41fc-a01a-d172d48fd9d8@group-F6B37CC92441, cid=3110, SUCCESS, logIndex=4666, commits[8224e767-71c1-41fc-a01a-d172d48fd9d8:c4667, 6eae0c21-01aa-4169-956f-5952b26ea7ba:c4665, 8d7dcba1-3b82-4d94-a832-514ef5c79cf8:c4665]
2019-08-21 02:17:36,770 [grpc-default-executor-4] INFO  client.GrpcClientProtocolClient (GrpcClientProtocolClient.java:onNext(255)) - client-54CC064C3FCE->8224e767-71c1-41fc-a01a-d172d48fd9d8: receive RaftClientReply:client-54CC064C3FCE->8224e767-71c1-41fc-a01a-d172d48fd9d8@group-F6B37CC92441, cid=3111, SUCCESS, logIndex=4667, commits[8224e767-71c1-41fc-a01a-d172d48fd9d8:c4667, 6eae0c21-01aa-4169-956f-5952b26ea7ba:c4665, 8d7dcba1-3b82-4d94-a832-514ef5c79cf8:c4665]
2019-08-21 02:17:36,780 | INFO  | DNAudit | user=null | ip=null | op=WRITE_CHUNK {blockData=conID: 3 locID: 102652566353281678 bcsId: 4667} | ret=SUCCESS |  
2019-08-21 02:17:36,780 | INFO  | DNAudit | user=null | ip=null | op=WRITE_CHUNK {blockData=conID: 3 locID: 102652566353281678 bcsId: 4661} | ret=SUCCESS |  
2019-08-21 02:17:36,780 | INFO  | DNAudit | user=null | ip=null | op=WRITE_CHUNK {blockData=conID: 3 locID: 102652566353281678 bcsId: 4661} | ret=SUCCESS |  
2019-08-21 02:17:36,780 | INFO  | DNAudit | user=null | ip=null | op=PUT_BLOCK {blockData=[blockId=conID: 3 locID: 102652566353281678 bcsId: 0,size=3145728]} | ret=SUCCESS |  
2019-08-21 02:17:36,781 | INFO  | DNAudit | user=null | ip=null | op=PUT_BLOCK {blockData=[blockId=conID: 3 locID: 102652566353281678 bcsId: 0,size=3145728]} | ret=SUCCESS |  
2019-08-21 02:17:36,782 | INFO  | DNAudit | user=null | ip=null | op=WRITE_CHUNK {blockData=conID: 3 locID: 102652566353281678 bcsId: 4667} | ret=SUCCESS |  
2019-08-21 02:17:36,782 | INFO  | DNAudit | user=null | ip=null | op=WRITE_CHUNK {blockData=conID: 3 locID: 102652566353281678 bcsId: 4667} | ret=SUCCESS |  
2019-08-21 02:17:36,798 | INFO  | DNAudit | user=null | ip=null | op=WRITE_CHUNK {blockData=conID: 3 locID: 102652566353281678 bcsId: 4667} | ret=SUCCESS |  
2019-08-21 02:17:36,798 | INFO  | DNAudit | user=null | ip=null | op=PUT_BLOCK {blockData=[blockId=conID: 3 locID: 102652566353281678 bcsId: 0,size=4194304]} | ret=SUCCESS |  
2019-08-21 02:17:36,799 [grpc-default-executor-1] INFO  client.GrpcClientProtocolClient (GrpcClientProtocolClient.java:onNext(255)) - client-54CC064C3FCE->8224e767-71c1-41fc-a01a-d172d48fd9d8: receive RaftClientReply:client-54CC064C3FCE->8224e767-71c1-41fc-a01a-d172d48fd9d8@group-F6B37CC92441, cid=3112, SUCCESS, logIndex=4670, commits[8224e767-71c1-41fc-a01a-d172d48fd9d8:c4671, 6eae0c21-01aa-4169-956f-5952b26ea7ba:c4667, 8d7dcba1-3b82-4d94-a832-514ef5c79cf8:c4667]
2019-08-21 02:17:36,799 [grpc-default-executor-1] INFO  client.GrpcClientProtocolClient (GrpcClientProtocolClient.java:onNext(255)) - client-54CC064C3FCE->8224e767-71c1-41fc-a01a-d172d48fd9d8: receive RaftClientReply:client-54CC064C3FCE->8224e767-71c1-41fc-a01a-d172d48fd9d8@group-F6B37CC92441, cid=3113, SUCCESS, logIndex=4671, commits[8224e767-71c1-41fc-a01a-d172d48fd9d8:c4671, 6eae0c21-01aa-4169-956f-5952b26ea7ba:c4667, 8d7dcba1-3b82-4d94-a832-514ef5c79cf8:c4667]
2019-08-21 02:17:36,806 | INFO  | DNAudit | user=null | ip=null | op=WRITE_CHUNK {blockData=conID: 3 locID: 102652566353281678 bcsId: 4667} | ret=SUCCESS |  
2019-08-21 02:17:36,806 | INFO  | DNAudit | user=null | ip=null | op=WRITE_CHUNK {blockData=conID: 3 locID: 102652566353281678 bcsId: 4667} | ret=SUCCESS |  
2019-08-21 02:17:36,806 | INFO  | DNAudit | user=null | ip=null | op=PUT_BLOCK {blockData=[blockId=conID: 3 locID: 102652566353281678 bcsId: 0,size=4194304]} | ret=SUCCESS |  
2019-08-21 02:17:36,806 | INFO  | DNAudit | user=null | ip=null | op=PUT_BLOCK {blockData=[blockId=conID: 3 locID: 102652566353281678 bcsId: 0,size=4194304]} | ret=SUCCESS |  
2019-08-21 02:17:36,807 [grpc-default-executor-1] INFO  client.GrpcClientProtocolClient (GrpcClientProtocolClient.java:onNext(255)) - client-54CC064C3FCE->8224e767-71c1-41fc-a01a-d172d48fd9d8: receive RaftClientReply:client-54CC064C3FCE->8224e767-71c1-41fc-a01a-d172d48fd9d8@group-F6B37CC92441, cid=3114, SUCCESS, logIndex=0, commits[8224e767-71c1-41fc-a01a-d172d48fd9d8:c4672, 6eae0c21-01aa-4169-956f-5952b26ea7ba:c4671, 8d7dcba1-3b82-4d94-a832-514ef5c79cf8:c4671]
2019-08-21 02:17:36,817 | INFO  | SCMAudit | user=jenkins1000 | ip=192.168.34.10 | op=ALLOCATE_BLOCK {owner=b6f66289-f2a0-4058-b052-0a85e40df67b, size=4194304, type=RATIS, factor=THREE} | ret=SUCCESS |  
2019-08-21 02:17:36,823 | INFO  | OMAudit | user=jenkins1000 | ip=127.0.0.1 | op=ALLOCATE_BLOCK {volume=vol-0-90982, bucket=bucket-0-24269, key=key-0-81262, dataSize=0, replicationType=null, replicationFactor=null, keyLocationInfo=null, clientID=102652564580991378} | ret=SUCCESS |  
2019-08-21 02:17:36,832 | INFO  | DNAudit | user=null | ip=null | op=WRITE_CHUNK {blockData=conID: 1 locID: 102652566360359567 bcsId: 0} | ret=SUCCESS |  
2019-08-21 02:17:37,047 | INFO  | DNAudit | user=null | ip=null | op=WRITE_CHUNK {blockData=conID: 1 locID: 102652566360359567 bcsId: 0} | ret=SUCCESS |  
2019-08-21 02:17:37,047 | INFO  | DNAudit | user=null | ip=null | op=WRITE_CHUNK {blockData=conID: 1 locID: 102652566360359567 bcsId: 0} | ret=SUCCESS |  
2019-08-21 02:17:37,047 | INFO  | DNAudit | user=null | ip=null | op=WRITE_CHUNK {blockData=conID: 1 locID: 102652566360359567 bcsId: 0} | ret=SUCCESS |  
2019-08-21 02:17:37,048 | INFO  | DNAudit | user=null | ip=null | op=WRITE_CHUNK {blockData=conID: 1 locID: 102652566360359567 bcsId: 0} | ret=SUCCESS |  
2019-08-21 02:17:37,049 | INFO  | DNAudit | user=null | ip=null | op=WRITE_CHUNK {blockData=conID: 1 locID: 102652566360359567 bcsId: 0} | ret=SUCCESS |  
2019-08-21 02:17:37,061 | INFO  | DNAudit | user=null | ip=null | op=WRITE_CHUNK {blockData=conID: 1 locID: 102652566360359567 bcsId: 0} | ret=SUCCESS |  
2019-08-21 02:17:37,062 | INFO  | DNAudit | user=null | ip=null | op=PUT_BLOCK {blockData=[blockId=conID: 1 locID: 102652566360359567 bcsId: 0,size=1048576]} | ret=SUCCESS |  
2019-08-21 02:17:37,062 [grpc-default-executor-1] INFO  client.GrpcClientProtocolClient (GrpcClientProtocolClient.java:onNext(255)) - client-54CC064C3FCE->8224e767-71c1-41fc-a01a-d172d48fd9d8: receive RaftClientReply:client-54CC064C3FCE->8224e767-71c1-41fc-a01a-d172d48fd9d8@group-F6B37CC92441, cid=3115, SUCCESS, logIndex=4674, commits[8224e767-71c1-41fc-a01a-d172d48fd9d8:c4675, 6eae0c21-01aa-4169-956f-5952b26ea7ba:c4673, 8d7dcba1-3b82-4d94-a832-514ef5c79cf8:c4671]
2019-08-21 02:17:37,063 [grpc-default-executor-4] INFO  client.GrpcClientProtocolClient (GrpcClientProtocolClient.java:onNext(255)) - client-54CC064C3FCE->8224e767-71c1-41fc-a01a-d172d48fd9d8: receive RaftClientReply:client-54CC064C3FCE->8224e767-71c1-41fc-a01a-d172d48fd9d8@group-F6B37CC92441, cid=3116, SUCCESS, logIndex=4675, commits[8224e767-71c1-41fc-a01a-d172d48fd9d8:c4675, 6eae0c21-01aa-4169-956f-5952b26ea7ba:c4673, 8d7dcba1-3b82-4d94-a832-514ef5c79cf8:c4671]
2019-08-21 02:17:37,064 | INFO  | DNAudit | user=null | ip=null | op=WRITE_CHUNK {blockData=conID: 1 locID: 102652566360359567 bcsId: 0} | ret=SUCCESS |  
2019-08-21 02:17:37,064 | INFO  | DNAudit | user=null | ip=null | op=PUT_BLOCK {blockData=[blockId=conID: 1 locID: 102652566360359567 bcsId: 0,size=2097152]} | ret=SUCCESS |  
2019-08-21 02:17:37,064 [grpc-default-executor-4] INFO  client.GrpcClientProtocolClient (GrpcClientProtocolClient.java:onNext(255)) - client-54CC064C3FCE->8224e767-71c1-41fc-a01a-d172d48fd9d8: receive RaftClientReply:client-54CC064C3FCE->8224e767-71c1-41fc-a01a-d172d48fd9d8@group-F6B37CC92441, cid=3117, SUCCESS, logIndex=4676, commits[8224e767-71c1-41fc-a01a-d172d48fd9d8:c4676, 6eae0c21-01aa-4169-956f-5952b26ea7ba:c4673, 8d7dcba1-3b82-4d94-a832-514ef5c79cf8:c4673]
2019-08-21 02:17:37,065 [grpc-default-executor-4] INFO  client.GrpcClientProtocolClient (GrpcClientProtocolClient.java:onNext(255)) - client-54CC064C3FCE->8224e767-71c1-41fc-a01a-d172d48fd9d8: receive RaftClientReply:client-54CC064C3FCE->8224e767-71c1-41fc-a01a-d172d48fd9d8@group-F6B37CC92441, cid=3118, SUCCESS, logIndex=4677, commits[8224e767-71c1-41fc-a01a-d172d48fd9d8:c4677, 6eae0c21-01aa-4169-956f-5952b26ea7ba:c4673, 8d7dcba1-3b82-4d94-a832-514ef5c79cf8:c4673]
2019-08-21 02:17:37,076 | INFO  | DNAudit | user=null | ip=null | op=WRITE_CHUNK {blockData=conID: 1 locID: 102652566360359567 bcsId: 0} | ret=SUCCESS |  
2019-08-21 02:17:37,077 | INFO  | DNAudit | user=null | ip=null | op=PUT_BLOCK {blockData=[blockId=conID: 1 locID: 102652566360359567 bcsId: 0,size=1048576]} | ret=SUCCESS |  
2019-08-21 02:17:37,077 | INFO  | DNAudit | user=null | ip=null | op=WRITE_CHUNK {blockData=conID: 1 locID: 102652566360359567 bcsId: 0} | ret=SUCCESS |  
2019-08-21 02:17:37,077 | INFO  | DNAudit | user=null | ip=null | op=PUT_BLOCK {blockData=[blockId=conID: 1 locID: 102652566360359567 bcsId: 0,size=1048576]} | ret=SUCCESS |  
2019-08-21 02:17:37,077 | INFO  | DNAudit | user=null | ip=null | op=WRITE_CHUNK {blockData=conID: 1 locID: 102652566360359567 bcsId: 0} | ret=SUCCESS |  
2019-08-21 02:17:37,077 [grpc-default-executor-4] INFO  client.GrpcClientProtocolClient (GrpcClientProtocolClient.java:onNext(255)) - client-54CC064C3FCE->8224e767-71c1-41fc-a01a-d172d48fd9d8: receive RaftClientReply:client-54CC064C3FCE->8224e767-71c1-41fc-a01a-d172d48fd9d8@group-F6B37CC92441, cid=3119, SUCCESS, logIndex=0, commits[8224e767-71c1-41fc-a01a-d172d48fd9d8:c4679, 6eae0c21-01aa-4169-956f-5952b26ea7ba:c4675, 8d7dcba1-3b82-4d94-a832-514ef5c79cf8:c4675]
2019-08-21 02:17:37,077 | INFO  | DNAudit | user=null | ip=null | op=PUT_BLOCK {blockData=[blockId=conID: 1 locID: 102652566360359567 bcsId: 0,size=2097152]} | ret=SUCCESS |  
2019-08-21 02:17:37,078 | INFO  | DNAudit | user=null | ip=null | op=WRITE_CHUNK {blockData=conID: 1 locID: 102652566360359567 bcsId: 0} | ret=SUCCESS |  
2019-08-21 02:17:37,078 | INFO  | DNAudit | user=null | ip=null | op=PUT_BLOCK {blockData=[blockId=conID: 1 locID: 102652566360359567 bcsId: 0,size=2097152]} | ret=SUCCESS |  
2019-08-21 02:17:37,085 | INFO  | DNAudit | user=null | ip=null | op=WRITE_CHUNK {blockData=conID: 1 locID: 102652566360359567 bcsId: 4677} | ret=SUCCESS |  
2019-08-21 02:17:37,088 | INFO  | DNAudit | user=null | ip=null | op=WRITE_CHUNK {blockData=conID: 1 locID: 102652566360359567 bcsId: 4677} | ret=SUCCESS |  
2019-08-21 02:17:37,088 | INFO  | DNAudit | user=null | ip=null | op=WRITE_CHUNK {blockData=conID: 1 locID: 102652566360359567 bcsId: 4677} | ret=SUCCESS |  
2019-08-21 02:17:37,097 | INFO  | DNAudit | user=null | ip=null | op=WRITE_CHUNK {blockData=conID: 1 locID: 102652566360359567 bcsId: 4677} | ret=SUCCESS |  
2019-08-21 02:17:37,098 | INFO  | DNAudit | user=null | ip=null | op=PUT_BLOCK {blockData=[blockId=conID: 1 locID: 102652566360359567 bcsId: 0,size=3145728]} | ret=SUCCESS |  
2019-08-21 02:17:37,098 [grpc-default-executor-1] INFO  client.GrpcClientProtocolClient (GrpcClientProtocolClient.java:onNext(255)) - client-54CC064C3FCE->8224e767-71c1-41fc-a01a-d172d48fd9d8: receive RaftClientReply:client-54CC064C3FCE->8224e767-71c1-41fc-a01a-d172d48fd9d8@group-F6B37CC92441, cid=3120, SUCCESS, logIndex=4682, commits[8224e767-71c1-41fc-a01a-d172d48fd9d8:c4683, 6eae0c21-01aa-4169-956f-5952b26ea7ba:c4681, 8d7dcba1-3b82-4d94-a832-514ef5c79cf8:c4681]
2019-08-21 02:17:37,098 [grpc-default-executor-1] INFO  client.GrpcClientProtocolClient (GrpcClientProtocolClient.java:onNext(255)) - client-54CC064C3FCE->8224e767-71c1-41fc-a01a-d172d48fd9d8: receive RaftClientReply:client-54CC064C3FCE->8224e767-71c1-41fc-a01a-d172d48fd9d8@group-F6B37CC92441, cid=3121, SUCCESS, logIndex=4683, commits[8224e767-71c1-41fc-a01a-d172d48fd9d8:c4683, 6eae0c21-01aa-4169-956f-5952b26ea7ba:c4681, 8d7dcba1-3b82-4d94-a832-514ef5c79cf8:c4681]
2019-08-21 02:17:37,106 | INFO  | DNAudit | user=null | ip=null | op=WRITE_CHUNK {blockData=conID: 1 locID: 102652566360359567 bcsId: 4683} | ret=SUCCESS |  
2019-08-21 02:17:37,109 | INFO  | DNAudit | user=null | ip=null | op=WRITE_CHUNK {blockData=conID: 1 locID: 102652566360359567 bcsId: 4677} | ret=SUCCESS |  
2019-08-21 02:17:37,109 | INFO  | DNAudit | user=null | ip=null | op=WRITE_CHUNK {blockData=conID: 1 locID: 102652566360359567 bcsId: 4677} | ret=SUCCESS |  
2019-08-21 02:17:37,109 | INFO  | DNAudit | user=null | ip=null | op=WRITE_CHUNK {blockData=conID: 1 locID: 102652566360359567 bcsId: 4683} | ret=SUCCESS |  
2019-08-21 02:17:37,110 | INFO  | DNAudit | user=null | ip=null | op=WRITE_CHUNK {blockData=conID: 1 locID: 102652566360359567 bcsId: 4683} | ret=SUCCESS |  
2019-08-21 02:17:37,121 | INFO  | DNAudit | user=null | ip=null | op=PUT_BLOCK {blockData=[blockId=conID: 1 locID: 102652566360359567 bcsId: 0,size=3145728]} | ret=SUCCESS |  
2019-08-21 02:17:37,122 | INFO  | DNAudit | user=null | ip=null | op=WRITE_CHUNK {blockData=conID: 1 locID: 102652566360359567 bcsId: 4683} | ret=SUCCESS |  
2019-08-21 02:17:37,122 | INFO  | DNAudit | user=null | ip=null | op=PUT_BLOCK {blockData=[blockId=conID: 1 locID: 102652566360359567 bcsId: 0,size=3145728]} | ret=SUCCESS |  
2019-08-21 02:17:37,122 | INFO  | DNAudit | user=null | ip=null | op=PUT_BLOCK {blockData=[blockId=conID: 1 locID: 102652566360359567 bcsId: 0,size=4194304]} | ret=SUCCESS |  
2019-08-21 02:17:37,123 [grpc-default-executor-4] INFO  client.GrpcClientProtocolClient (GrpcClientProtocolClient.java:onNext(255)) - client-54CC064C3FCE->8224e767-71c1-41fc-a01a-d172d48fd9d8: receive RaftClientReply:client-54CC064C3FCE->8224e767-71c1-41fc-a01a-d172d48fd9d8@group-F6B37CC92441, cid=3122, SUCCESS, logIndex=4686, commits[8224e767-71c1-41fc-a01a-d172d48fd9d8:c4687, 6eae0c21-01aa-4169-956f-5952b26ea7ba:c4683, 8d7dcba1-3b82-4d94-a832-514ef5c79cf8:c4682]
2019-08-21 02:17:37,123 [grpc-default-executor-4] INFO  client.GrpcClientProtocolClient (GrpcClientProtocolClient.java:onNext(255)) - client-54CC064C3FCE->8224e767-71c1-41fc-a01a-d172d48fd9d8: receive RaftClientReply:client-54CC064C3FCE->8224e767-71c1-41fc-a01a-d172d48fd9d8@group-F6B37CC92441, cid=3123, SUCCESS, logIndex=4687, commits[8224e767-71c1-41fc-a01a-d172d48fd9d8:c4687, 6eae0c21-01aa-4169-956f-5952b26ea7ba:c4683, 8d7dcba1-3b82-4d94-a832-514ef5c79cf8:c4683]
2019-08-21 02:17:37,133 | INFO  | DNAudit | user=null | ip=null | op=WRITE_CHUNK {blockData=conID: 1 locID: 102652566360359567 bcsId: 4683} | ret=SUCCESS |  
2019-08-21 02:17:37,133 | INFO  | DNAudit | user=null | ip=null | op=WRITE_CHUNK {blockData=conID: 1 locID: 102652566360359567 bcsId: 4683} | ret=SUCCESS |  
2019-08-21 02:17:37,134 | INFO  | DNAudit | user=null | ip=null | op=PUT_BLOCK {blockData=[blockId=conID: 1 locID: 102652566360359567 bcsId: 0,size=4194304]} | ret=SUCCESS |  
2019-08-21 02:17:37,135 | INFO  | DNAudit | user=null | ip=null | op=PUT_BLOCK {blockData=[blockId=conID: 1 locID: 102652566360359567 bcsId: 0,size=4194304]} | ret=SUCCESS |  
2019-08-21 02:17:37,136 [grpc-default-executor-4] INFO  client.GrpcClientProtocolClient (GrpcClientProtocolClient.java:onNext(255)) - client-54CC064C3FCE->8224e767-71c1-41fc-a01a-d172d48fd9d8: receive RaftClientReply:client-54CC064C3FCE->8224e767-71c1-41fc-a01a-d172d48fd9d8@group-F6B37CC92441, cid=3124, SUCCESS, logIndex=0, commits[8224e767-71c1-41fc-a01a-d172d48fd9d8:c4689, 6eae0c21-01aa-4169-956f-5952b26ea7ba:c4687, 8d7dcba1-3b82-4d94-a832-514ef5c79cf8:c4687]
2019-08-21 02:17:37,147 | INFO  | SCMAudit | user=jenkins1000 | ip=192.168.34.10 | op=ALLOCATE_BLOCK {owner=b6f66289-f2a0-4058-b052-0a85e40df67b, size=4194304, type=RATIS, factor=THREE} | ret=SUCCESS |  
2019-08-21 02:17:37,152 | INFO  | OMAudit | user=jenkins1000 | ip=127.0.0.1 | op=ALLOCATE_BLOCK {volume=vol-0-90982, bucket=bucket-0-24269, key=key-0-81262, dataSize=0, replicationType=null, replicationFactor=null, keyLocationInfo=null, clientID=102652564580991378} | ret=SUCCESS |  
2019-08-21 02:17:37,163 | INFO  | SCMAudit | user=jenkins1000 | ip=192.168.34.10 | op=SEND_HEARTBEAT {datanodeUUID=6eae0c21-01aa-4169-956f-5952b26ea7ba, command=[]} | ret=SUCCESS |  
2019-08-21 02:17:37,163 | INFO  | DNAudit | user=null | ip=null | op=WRITE_CHUNK {blockData=conID: 2 locID: 102652566381986448 bcsId: 0} | ret=SUCCESS |  
2019-08-21 02:17:37,164 | INFO  | SCMAudit | user=jenkins1000 | ip=192.168.34.10 | op=SEND_HEARTBEAT {datanodeUUID=94764dae-819c-4b7e-92f1-9cd6c64427b7, command=[]} | ret=SUCCESS |  
2019-08-21 02:17:37,164 | INFO  | SCMAudit | user=jenkins1000 | ip=192.168.34.10 | op=SEND_HEARTBEAT {datanodeUUID=3def7c30-cb13-4f41-8119-6188f246ad27, command=[]} | ret=SUCCESS |  
2019-08-21 02:17:37,164 | INFO  | SCMAudit | user=jenkins1000 | ip=192.168.34.10 | op=SEND_HEARTBEAT {datanodeUUID=8d7dcba1-3b82-4d94-a832-514ef5c79cf8, command=[]} | ret=SUCCESS |  
2019-08-21 02:17:37,164 | INFO  | SCMAudit | user=jenkins1000 | ip=192.168.34.10 | op=SEND_HEARTBEAT {datanodeUUID=8224e767-71c1-41fc-a01a-d172d48fd9d8, command=[]} | ret=SUCCESS |  
 0.00% |█                                                                                                    |  0/1 Time: 0:00:272019-08-21 02:17:37,168 | INFO  | DNAudit | user=null | ip=null | op=WRITE_CHUNK {blockData=conID: 2 locID: 102652566381986448 bcsId: 0} | ret=SUCCESS |  
2019-08-21 02:17:37,169 | INFO  | DNAudit | user=null | ip=null | op=WRITE_CHUNK {blockData=conID: 2 locID: 102652566381986448 bcsId: 0} | ret=SUCCESS |  
2019-08-21 02:17:37,170 | INFO  | DNAudit | user=null | ip=null | op=WRITE_CHUNK {blockData=conID: 2 locID: 102652566381986448 bcsId: 0} | ret=SUCCESS |  
2019-08-21 02:17:37,172 | INFO  | DNAudit | user=null | ip=null | op=WRITE_CHUNK {blockData=conID: 2 locID: 102652566381986448 bcsId: 0} | ret=SUCCESS |  
2019-08-21 02:17:37,172 | INFO  | DNAudit | user=null | ip=null | op=WRITE_CHUNK {blockData=conID: 2 locID: 102652566381986448 bcsId: 0} | ret=SUCCESS |  
2019-08-21 02:17:37,178 | INFO  | DNAudit | user=null | ip=null | op=WRITE_CHUNK {blockData=conID: 2 locID: 102652566381986448 bcsId: 0} | ret=SUCCESS |  
2019-08-21 02:17:37,179 | INFO  | DNAudit | user=null | ip=null | op=PUT_BLOCK {blockData=[blockId=conID: 2 locID: 102652566381986448 bcsId: 0,size=1048576]} | ret=SUCCESS |  
2019-08-21 02:17:37,180 | INFO  | DNAudit | user=null | ip=null | op=WRITE_CHUNK {blockData=conID: 2 locID: 102652566381986448 bcsId: 0} | ret=SUCCESS |  
2019-08-21 02:17:37,180 [grpc-default-executor-4] INFO  client.GrpcClientProtocolClient (GrpcClientProtocolClient.java:onNext(255)) - client-54CC064C3FCE->8224e767-71c1-41fc-a01a-d172d48fd9d8: receive RaftClientReply:client-54CC064C3FCE->8224e767-71c1-41fc-a01a-d172d48fd9d8@group-F6B37CC92441, cid=3125, SUCCESS, logIndex=4690, commits[8224e767-71c1-41fc-a01a-d172d48fd9d8:c4691, 6eae0c21-01aa-4169-956f-5952b26ea7ba:c4689, 8d7dcba1-3b82-4d94-a832-514ef5c79cf8:c4689]
2019-08-21 02:17:37,182 [grpc-default-executor-4] INFO  client.GrpcClientProtocolClient (GrpcClientProtocolClient.java:onNext(255)) - client-54CC064C3FCE->8224e767-71c1-41fc-a01a-d172d48fd9d8: receive RaftClientReply:client-54CC064C3FCE->8224e767-71c1-41fc-a01a-d172d48fd9d8@group-F6B37CC92441, cid=3126, SUCCESS, logIndex=4691, commits[8224e767-71c1-41fc-a01a-d172d48fd9d8:c4692, 6eae0c21-01aa-4169-956f-5952b26ea7ba:c4689, 8d7dcba1-3b82-4d94-a832-514ef5c79cf8:c4689]
2019-08-21 02:17:37,183 | INFO  | DNAudit | user=null | ip=null | op=WRITE_CHUNK {blockData=conID: 2 locID: 102652566381986448 bcsId: 0} | ret=SUCCESS |  
2019-08-21 02:17:37,183 | INFO  | DNAudit | user=null | ip=null | op=PUT_BLOCK {blockData=[blockId=conID: 2 locID: 102652566381986448 bcsId: 0,size=1048576]} | ret=SUCCESS |  
2019-08-21 02:17:37,184 [grpc-default-executor-4] INFO  client.GrpcClientProtocolClient (GrpcClientProtocolClient.java:onNext(255)) - client-54CC064C3FCE->8224e767-71c1-41fc-a01a-d172d48fd9d8: receive RaftClientReply:client-54CC064C3FCE->8224e767-71c1-41fc-a01a-d172d48fd9d8@group-F6B37CC92441, cid=3127, SUCCESS, logIndex=4692, commits[8224e767-71c1-41fc-a01a-d172d48fd9d8:c4693, 6eae0c21-01aa-4169-956f-5952b26ea7ba:c4689, 8d7dcba1-3b82-4d94-a832-514ef5c79cf8:c4689]
2019-08-21 02:17:37,184 | INFO  | DNAudit | user=null | ip=null | op=WRITE_CHUNK {blockData=conID: 2 locID: 102652566381986448 bcsId: 0} | ret=SUCCESS |  
2019-08-21 02:17:37,184 | INFO  | DNAudit | user=null | ip=null | op=PUT_BLOCK {blockData=[blockId=conID: 2 locID: 102652566381986448 bcsId: 0,size=2097152]} | ret=SUCCESS |  
2019-08-21 02:17:37,188 | INFO  | DNAudit | user=null | ip=null | op=PUT_BLOCK {blockData=[blockId=conID: 2 locID: 102652566381986448 bcsId: 0,size=2097152]} | ret=SUCCESS |  
2019-08-21 02:17:37,188 | INFO  | DNAudit | user=null | ip=null | op=WRITE_CHUNK {blockData=conID: 2 locID: 102652566381986448 bcsId: 0} | ret=SUCCESS |  
2019-08-21 02:17:37,189 | INFO  | DNAudit | user=null | ip=null | op=PUT_BLOCK {blockData=[blockId=conID: 2 locID: 102652566381986448 bcsId: 0,size=1048576]} | ret=SUCCESS |  
2019-08-21 02:17:37,189 | INFO  | DNAudit | user=null | ip=null | op=WRITE_CHUNK {blockData=conID: 2 locID: 102652566381986448 bcsId: 0} | ret=SUCCESS |  
2019-08-21 02:17:37,189 [grpc-default-executor-4] INFO  client.GrpcClientProtocolClient (GrpcClientProtocolClient.java:onNext(255)) - client-54CC064C3FCE->8224e767-71c1-41fc-a01a-d172d48fd9d8: receive RaftClientReply:client-54CC064C3FCE->8224e767-71c1-41fc-a01a-d172d48fd9d8@group-F6B37CC92441, cid=3128, SUCCESS, logIndex=4693, commits[8224e767-71c1-41fc-a01a-d172d48fd9d8:c4697, 6eae0c21-01aa-4169-956f-5952b26ea7ba:c4693, 8d7dcba1-3b82-4d94-a832-514ef5c79cf8:c4693]
2019-08-21 02:17:37,189 | INFO  | DNAudit | user=null | ip=null | op=PUT_BLOCK {blockData=[blockId=conID: 2 locID: 102652566381986448 bcsId: 0,size=2097152]} | ret=SUCCESS |  
2019-08-21 02:17:37,197 | INFO  | DNAudit | user=null | ip=null | op=WRITE_CHUNK {blockData=conID: 2 locID: 102652566381986448 bcsId: 4693} | ret=SUCCESS |  
2019-08-21 02:17:37,200 | INFO  | DNAudit | user=null | ip=null | op=WRITE_CHUNK {blockData=conID: 2 locID: 102652566381986448 bcsId: 4693} | ret=SUCCESS |  
2019-08-21 02:17:37,201 | INFO  | DNAudit | user=null | ip=null | op=WRITE_CHUNK {blockData=conID: 2 locID: 102652566381986448 bcsId: 4693} | ret=SUCCESS |  
2019-08-21 02:17:37,201 | INFO  | DNAudit | user=null | ip=null | op=WRITE_CHUNK {blockData=conID: 2 locID: 102652566381986448 bcsId: 4693} | ret=SUCCESS |  
2019-08-21 02:17:37,202 | INFO  | DNAudit | user=null | ip=null | op=WRITE_CHUNK {blockData=conID: 2 locID: 102652566381986448 bcsId: 4693} | ret=SUCCESS |  
2019-08-21 02:17:37,202 | INFO  | DNAudit | user=null | ip=null | op=WRITE_CHUNK {blockData=conID: 2 locID: 102652566381986448 bcsId: 4693} | ret=SUCCESS |  
2019-08-21 02:17:37,204 | INFO  | DNAudit | user=null | ip=null | op=WRITE_CHUNK {blockData=conID: 2 locID: 102652566381986448 bcsId: 4693} | ret=SUCCESS |  
2019-08-21 02:17:37,205 | INFO  | DNAudit | user=null | ip=null | op=PUT_BLOCK {blockData=[blockId=conID: 2 locID: 102652566381986448 bcsId: 0,size=3145728]} | ret=SUCCESS |  
2019-08-21 02:17:37,205 [grpc-default-executor-2] INFO  client.GrpcClientProtocolClient (GrpcClientProtocolClient.java:onNext(255)) - client-54CC064C3FCE->8224e767-71c1-41fc-a01a-d172d48fd9d8: receive RaftClientReply:client-54CC064C3FCE->8224e767-71c1-41fc-a01a-d172d48fd9d8@group-F6B37CC92441, cid=3129, SUCCESS, logIndex=4698, commits[8224e767-71c1-41fc-a01a-d172d48fd9d8:c4701, 6eae0c21-01aa-4169-956f-5952b26ea7ba:c4697, 8d7dcba1-3b82-4d94-a832-514ef5c79cf8:c4697]
2019-08-21 02:17:37,205 | INFO  | DNAudit | user=null | ip=null | op=WRITE_CHUNK {blockData=conID: 2 locID: 102652566381986448 bcsId: 4693} | ret=SUCCESS |  
2019-08-21 02:17:37,206 | INFO  | DNAudit | user=null | ip=null | op=WRITE_CHUNK {blockData=conID: 2 locID: 102652566381986448 bcsId: 4693} | ret=SUCCESS |  
2019-08-21 02:17:37,206 [grpc-default-executor-2] INFO  client.GrpcClientProtocolClient (GrpcClientProtocolClient.java:onNext(255)) - client-54CC064C3FCE->8224e767-71c1-41fc-a01a-d172d48fd9d8: receive RaftClientReply:client-54CC064C3FCE->8224e767-71c1-41fc-a01a-d172d48fd9d8@group-F6B37CC92441, cid=3130, SUCCESS, logIndex=4699, commits[8224e767-71c1-41fc-a01a-d172d48fd9d8:c4701, 6eae0c21-01aa-4169-956f-5952b26ea7ba:c4697, 8d7dcba1-3b82-4d94-a832-514ef5c79cf8:c4697]
2019-08-21 02:17:37,206 | INFO  | DNAudit | user=null | ip=null | op=PUT_BLOCK {blockData=[blockId=conID: 2 locID: 102652566381986448 bcsId: 0,size=3145728]} | ret=SUCCESS |  
2019-08-21 02:17:37,206 | INFO  | DNAudit | user=null | ip=null | op=PUT_BLOCK {blockData=[blockId=conID: 2 locID: 102652566381986448 bcsId: 0,size=4194304]} | ret=SUCCESS |  
2019-08-21 02:17:37,206 [grpc-default-executor-2] INFO  client.GrpcClientProtocolClient (GrpcClientProtocolClient.java:onNext(255)) - client-54CC064C3FCE->8224e767-71c1-41fc-a01a-d172d48fd9d8: receive RaftClientReply:client-54CC064C3FCE->8224e767-71c1-41fc-a01a-d172d48fd9d8@group-F6B37CC92441, cid=3131, SUCCESS, logIndex=4700, commits[8224e767-71c1-41fc-a01a-d172d48fd9d8:c4702, 6eae0c21-01aa-4169-956f-5952b26ea7ba:c4697, 8d7dcba1-3b82-4d94-a832-514ef5c79cf8:c4699]
2019-08-21 02:17:37,206 [grpc-default-executor-2] INFO  client.GrpcClientProtocolClient (GrpcClientProtocolClient.java:onNext(255)) - client-54CC064C3FCE->8224e767-71c1-41fc-a01a-d172d48fd9d8: receive RaftClientReply:client-54CC064C3FCE->8224e767-71c1-41fc-a01a-d172d48fd9d8@group-F6B37CC92441, cid=3132, SUCCESS, logIndex=4701, commits[8224e767-71c1-41fc-a01a-d172d48fd9d8:c4702, 6eae0c21-01aa-4169-956f-5952b26ea7ba:c4697, 8d7dcba1-3b82-4d94-a832-514ef5c79cf8:c4699]
2019-08-21 02:17:37,207 | INFO  | DNAudit | user=null | ip=null | op=WRITE_CHUNK {blockData=conID: 2 locID: 102652566381986448 bcsId: 4693} | ret=SUCCESS |  
2019-08-21 02:17:37,207 | INFO  | DNAudit | user=null | ip=null | op=PUT_BLOCK {blockData=[blockId=conID: 2 locID: 102652566381986448 bcsId: 0,size=3145728]} | ret=SUCCESS |  
2019-08-21 02:17:37,207 | INFO  | DNAudit | user=null | ip=null | op=WRITE_CHUNK {blockData=conID: 2 locID: 102652566381986448 bcsId: 4693} | ret=SUCCESS |  
2019-08-21 02:17:37,208 [grpc-default-executor-4] INFO  client.GrpcClientProtocolClient (GrpcClientProtocolClient.java:onNext(255)) - client-54CC064C3FCE->8224e767-71c1-41fc-a01a-d172d48fd9d8: receive RaftClientReply:client-54CC064C3FCE->8224e767-71c1-41fc-a01a-d172d48fd9d8@group-F6B37CC92441, cid=3133, SUCCESS, logIndex=0, commits[8224e767-71c1-41fc-a01a-d172d48fd9d8:c4702, 6eae0c21-01aa-4169-956f-5952b26ea7ba:c4699, 8d7dcba1-3b82-4d94-a832-514ef5c79cf8:c4699]
2019-08-21 02:17:37,208 | INFO  | DNAudit | user=null | ip=null | op=PUT_BLOCK {blockData=[blockId=conID: 2 locID: 102652566381986448 bcsId: 0,size=4194304]} | ret=SUCCESS |  
2019-08-21 02:17:37,208 | INFO  | DNAudit | user=null | ip=null | op=WRITE_CHUNK {blockData=conID: 2 locID: 102652566381986448 bcsId: 4693} | ret=SUCCESS |  
2019-08-21 02:17:37,209 | INFO  | DNAudit | user=null | ip=null | op=PUT_BLOCK {blockData=[blockId=conID: 2 locID: 102652566381986448 bcsId: 0,size=4194304]} | ret=SUCCESS |  
2019-08-21 02:17:37,209 [grpc-default-executor-4] INFO  client.GrpcClientProtocolClient (GrpcClientProtocolClient.java:onNext(255)) - client-54CC064C3FCE->8224e767-71c1-41fc-a01a-d172d48fd9d8: receive RaftClientReply:client-54CC064C3FCE->8224e767-71c1-41fc-a01a-d172d48fd9d8@group-F6B37CC92441, cid=3134, SUCCESS, logIndex=0, commits[8224e767-71c1-41fc-a01a-d172d48fd9d8:c4705, 6eae0c21-01aa-4169-956f-5952b26ea7ba:c4701, 8d7dcba1-3b82-4d94-a832-514ef5c79cf8:c4701]
2019-08-21 02:17:37,219 | INFO  | SCMAudit | user=jenkins1000 | ip=192.168.34.10 | op=ALLOCATE_BLOCK {owner=b6f66289-f2a0-4058-b052-0a85e40df67b, size=4194304, type=RATIS, factor=THREE} | ret=SUCCESS |  
2019-08-21 02:17:37,223 | INFO  | OMAudit | user=jenkins1000 | ip=127.0.0.1 | op=ALLOCATE_BLOCK {volume=vol-0-90982, bucket=bucket-0-24269, key=key-0-81262, dataSize=0, replicationType=null, replicationFactor=null, keyLocationInfo=null, clientID=102652564580991378} | ret=SUCCESS |  
2019-08-21 02:17:37,232 | INFO  | DNAudit | user=null | ip=null | op=WRITE_CHUNK {blockData=conID: 3 locID: 102652566386705041 bcsId: 0} | ret=SUCCESS |  
2019-08-21 02:17:37,234 | INFO  | DNAudit | user=null | ip=null | op=WRITE_CHUNK {blockData=conID: 3 locID: 102652566386705041 bcsId: 0} | ret=SUCCESS |  
2019-08-21 02:17:37,235 | INFO  | DNAudit | user=null | ip=null | op=WRITE_CHUNK {blockData=conID: 3 locID: 102652566386705041 bcsId: 0} | ret=SUCCESS |  
2019-08-21 02:17:37,235 | INFO  | DNAudit | user=null | ip=null | op=WRITE_CHUNK {blockData=conID: 3 locID: 102652566386705041 bcsId: 0} | ret=SUCCESS |  
2019-08-21 02:17:37,235 | INFO  | DNAudit | user=null | ip=null | op=WRITE_CHUNK {blockData=conID: 3 locID: 102652566386705041 bcsId: 0} | ret=SUCCESS |  
2019-08-21 02:17:37,236 | INFO  | DNAudit | user=null | ip=null | op=WRITE_CHUNK {blockData=conID: 3 locID: 102652566386705041 bcsId: 0} | ret=SUCCESS |  
2019-08-21 02:17:37,237 | INFO  | DNAudit | user=null | ip=null | op=WRITE_CHUNK {blockData=conID: 3 locID: 102652566386705041 bcsId: 0} | ret=SUCCESS |  
2019-08-21 02:17:37,238 | INFO  | DNAudit | user=null | ip=null | op=PUT_BLOCK {blockData=[blockId=conID: 3 locID: 102652566386705041 bcsId: 0,size=1048576]} | ret=SUCCESS |  
2019-08-21 02:17:37,238 [grpc-default-executor-2] INFO  client.GrpcClientProtocolClient (GrpcClientProtocolClient.java:onNext(255)) - client-54CC064C3FCE->8224e767-71c1-41fc-a01a-d172d48fd9d8: receive RaftClientReply:client-54CC064C3FCE->8224e767-71c1-41fc-a01a-d172d48fd9d8@group-F6B37CC92441, cid=3135, SUCCESS, logIndex=4706, commits[8224e767-71c1-41fc-a01a-d172d48fd9d8:c4709, 6eae0c21-01aa-4169-956f-5952b26ea7ba:c4705, 8d7dcba1-3b82-4d94-a832-514ef5c79cf8:c4705]
2019-08-21 02:17:37,239 | INFO  | DNAudit | user=null | ip=null | op=WRITE_CHUNK {blockData=conID: 3 locID: 102652566386705041 bcsId: 0} | ret=SUCCESS |  
2019-08-21 02:17:37,239 | INFO  | DNAudit | user=null | ip=null | op=WRITE_CHUNK {blockData=conID: 3 locID: 102652566386705041 bcsId: 0} | ret=SUCCESS |  
2019-08-21 02:17:37,239 [grpc-default-executor-2] INFO  client.GrpcClientProtocolClient (GrpcClientProtocolClient.java:onNext(255)) - client-54CC064C3FCE->8224e767-71c1-41fc-a01a-d172d48fd9d8: receive RaftClientReply:client-54CC064C3FCE->8224e767-71c1-41fc-a01a-d172d48fd9d8@group-F6B37CC92441, cid=3136, SUCCESS, logIndex=4707, commits[8224e767-71c1-41fc-a01a-d172d48fd9d8:c4709, 6eae0c21-01aa-4169-956f-5952b26ea7ba:c4705, 8d7dcba1-3b82-4d94-a832-514ef5c79cf8:c4705]
2019-08-21 02:17:37,239 | INFO  | DNAudit | user=null | ip=null | op=PUT_BLOCK {blockData=[blockId=conID: 3 locID: 102652566386705041 bcsId: 0,size=2097152]} | ret=SUCCESS |  
2019-08-21 02:17:37,239 [grpc-default-executor-2] INFO  client.GrpcClientProtocolClient (GrpcClientProtocolClient.java:onNext(255)) - client-54CC064C3FCE->8224e767-71c1-41fc-a01a-d172d48fd9d8: receive RaftClientReply:client-54CC064C3FCE->8224e767-71c1-41fc-a01a-d172d48fd9d8@group-F6B37CC92441, cid=3137, SUCCESS, logIndex=4708, commits[8224e767-71c1-41fc-a01a-d172d48fd9d8:c4710, 6eae0c21-01aa-4169-956f-5952b26ea7ba:c4707, 8d7dcba1-3b82-4d94-a832-514ef5c79cf8:c4705]
2019-08-21 02:17:37,240 | INFO  | DNAudit | user=null | ip=null | op=PUT_BLOCK {blockData=[blockId=conID: 3 locID: 102652566386705041 bcsId: 0,size=1048576]} | ret=SUCCESS |  
2019-08-21 02:17:37,240 [grpc-default-executor-2] INFO  client.GrpcClientProtocolClient (GrpcClientProtocolClient.java:onNext(255)) - client-54CC064C3FCE->8224e767-71c1-41fc-a01a-d172d48fd9d8: receive RaftClientReply:client-54CC064C3FCE->8224e767-71c1-41fc-a01a-d172d48fd9d8@group-F6B37CC92441, cid=3138, SUCCESS, logIndex=4709, commits[8224e767-71c1-41fc-a01a-d172d48fd9d8:c4710, 6eae0c21-01aa-4169-956f-5952b26ea7ba:c4707, 8d7dcba1-3b82-4d94-a832-514ef5c79cf8:c4705]
2019-08-21 02:17:37,241 | INFO  | DNAudit | user=null | ip=null | op=WRITE_CHUNK {blockData=conID: 3 locID: 102652566386705041 bcsId: 0} | ret=SUCCESS |  
2019-08-21 02:17:37,241 | INFO  | DNAudit | user=null | ip=null | op=PUT_BLOCK {blockData=[blockId=conID: 3 locID: 102652566386705041 bcsId: 0,size=1048576]} | ret=SUCCESS |  
2019-08-21 02:17:37,241 [grpc-default-executor-2] INFO  client.GrpcClientProtocolClient (GrpcClientProtocolClient.java:onNext(255)) - client-54CC064C3FCE->8224e767-71c1-41fc-a01a-d172d48fd9d8: receive RaftClientReply:client-54CC064C3FCE->8224e767-71c1-41fc-a01a-d172d48fd9d8@group-F6B37CC92441, cid=3139, SUCCESS, logIndex=0, commits[8224e767-71c1-41fc-a01a-d172d48fd9d8:c4710, 6eae0c21-01aa-4169-956f-5952b26ea7ba:c4707, 8d7dcba1-3b82-4d94-a832-514ef5c79cf8:c4707]
2019-08-21 02:17:37,241 | INFO  | DNAudit | user=null | ip=null | op=WRITE_CHUNK {blockData=conID: 3 locID: 102652566386705041 bcsId: 0} | ret=SUCCESS |  
2019-08-21 02:17:37,242 | INFO  | DNAudit | user=null | ip=null | op=WRITE_CHUNK {blockData=conID: 3 locID: 102652566386705041 bcsId: 0} | ret=SUCCESS |  
2019-08-21 02:17:37,242 | INFO  | DNAudit | user=null | ip=null | op=PUT_BLOCK {blockData=[blockId=conID: 3 locID: 102652566386705041 bcsId: 0,size=2097152]} | ret=SUCCESS |  
2019-08-21 02:17:37,243 | INFO  | DNAudit | user=null | ip=null | op=PUT_BLOCK {blockData=[blockId=conID: 3 locID: 102652566386705041 bcsId: 0,size=2097152]} | ret=SUCCESS |  
2019-08-21 02:17:37,248 | INFO  | DNAudit | user=null | ip=null | op=WRITE_CHUNK {blockData=conID: 3 locID: 102652566386705041 bcsId: 4709} | ret=SUCCESS |  
2019-08-21 02:17:37,250 | INFO  | DNAudit | user=null | ip=null | op=WRITE_CHUNK {blockData=conID: 3 locID: 102652566386705041 bcsId: 4709} | ret=SUCCESS |  
2019-08-21 02:17:37,251 | INFO  | DNAudit | user=null | ip=null | op=WRITE_CHUNK {blockData=conID: 3 locID: 102652566386705041 bcsId: 4709} | ret=SUCCESS |  
2019-08-21 02:17:37,253 | INFO  | DNAudit | user=null | ip=null | op=WRITE_CHUNK {blockData=conID: 3 locID: 102652566386705041 bcsId: 4709} | ret=SUCCESS |  
2019-08-21 02:17:37,253 | INFO  | DNAudit | user=null | ip=null | op=PUT_BLOCK {blockData=[blockId=conID: 3 locID: 102652566386705041 bcsId: 0,size=3145728]} | ret=SUCCESS |  
2019-08-21 02:17:37,253 [grpc-default-executor-4] INFO  client.GrpcClientProtocolClient (GrpcClientProtocolClient.java:onNext(255)) - client-54CC064C3FCE->8224e767-71c1-41fc-a01a-d172d48fd9d8: receive RaftClientReply:client-54CC064C3FCE->8224e767-71c1-41fc-a01a-d172d48fd9d8@group-F6B37CC92441, cid=3140, SUCCESS, logIndex=4714, commits[8224e767-71c1-41fc-a01a-d172d48fd9d8:c4715, 6eae0c21-01aa-4169-956f-5952b26ea7ba:c4713, 8d7dcba1-3b82-4d94-a832-514ef5c79cf8:c4713]
2019-08-21 02:17:37,253 [grpc-default-executor-4] INFO  client.GrpcClientProtocolClient (GrpcClientProtocolClient.java:onNext(255)) - client-54CC064C3FCE->8224e767-71c1-41fc-a01a-d172d48fd9d8: receive RaftClientReply:client-54CC064C3FCE->8224e767-71c1-41fc-a01a-d172d48fd9d8@group-F6B37CC92441, cid=3141, SUCCESS, logIndex=4715, commits[8224e767-71c1-41fc-a01a-d172d48fd9d8:c4715, 6eae0c21-01aa-4169-956f-5952b26ea7ba:c4713, 8d7dcba1-3b82-4d94-a832-514ef5c79cf8:c4713]
2019-08-21 02:17:37,254 | INFO  | DNAudit | user=null | ip=null | op=WRITE_CHUNK {blockData=conID: 3 locID: 102652566386705041 bcsId: 4709} | ret=SUCCESS |  
2019-08-21 02:17:37,254 | INFO  | DNAudit | user=null | ip=null | op=WRITE_CHUNK {blockData=conID: 3 locID: 102652566386705041 bcsId: 4709} | ret=SUCCESS |  
2019-08-21 02:17:37,254 | INFO  | DNAudit | user=null | ip=null | op=PUT_BLOCK {blockData=[blockId=conID: 3 locID: 102652566386705041 bcsId: 0,size=3145728]} | ret=SUCCESS |  
2019-08-21 02:17:37,255 | INFO  | DNAudit | user=null | ip=null | op=PUT_BLOCK {blockData=[blockId=conID: 3 locID: 102652566386705041 bcsId: 0,size=3145728]} | ret=SUCCESS |  
2019-08-21 02:17:37,260 | INFO  | DNAudit | user=null | ip=null | op=WRITE_CHUNK {blockData=conID: 3 locID: 102652566386705041 bcsId: 4715} | ret=SUCCESS |  
2019-08-21 02:17:37,262 | INFO  | DNAudit | user=null | ip=null | op=WRITE_CHUNK {blockData=conID: 3 locID: 102652566386705041 bcsId: 4715} | ret=SUCCESS |  
2019-08-21 02:17:37,263 | INFO  | DNAudit | user=null | ip=null | op=WRITE_CHUNK {blockData=conID: 3 locID: 102652566386705041 bcsId: 4715} | ret=SUCCESS |  
2019-08-21 02:17:37,278 | INFO  | DNAudit | user=null | ip=null | op=WRITE_CHUNK {blockData=conID: 3 locID: 102652566386705041 bcsId: 4715} | ret=SUCCESS |  
2019-08-21 02:17:37,278 | INFO  | DNAudit | user=null | ip=null | op=PUT_BLOCK {blockData=[blockId=conID: 3 locID: 102652566386705041 bcsId: 0,size=4194304]} | ret=SUCCESS |  
2019-08-21 02:17:37,278 [grpc-default-executor-3] INFO  client.GrpcClientProtocolClient (GrpcClientProtocolClient.java:onNext(255)) - client-54CC064C3FCE->8224e767-71c1-41fc-a01a-d172d48fd9d8: receive RaftClientReply:client-54CC064C3FCE->8224e767-71c1-41fc-a01a-d172d48fd9d8@group-F6B37CC92441, cid=3142, SUCCESS, logIndex=4718, commits[8224e767-71c1-41fc-a01a-d172d48fd9d8:c4719, 6eae0c21-01aa-4169-956f-5952b26ea7ba:c4717, 8d7dcba1-3b82-4d94-a832-514ef5c79cf8:c4717]
2019-08-21 02:17:37,279 [grpc-default-executor-3] INFO  client.GrpcClientProtocolClient (GrpcClientProtocolClient.java:onNext(255)) - client-54CC064C3FCE->8224e767-71c1-41fc-a01a-d172d48fd9d8: receive RaftClientReply:client-54CC064C3FCE->8224e767-71c1-41fc-a01a-d172d48fd9d8@group-F6B37CC92441, cid=3143, SUCCESS, logIndex=4719, commits[8224e767-71c1-41fc-a01a-d172d48fd9d8:c4719, 6eae0c21-01aa-4169-956f-5952b26ea7ba:c4717, 8d7dcba1-3b82-4d94-a832-514ef5c79cf8:c4717]
2019-08-21 02:17:37,289 | INFO  | DNAudit | user=null | ip=null | op=WRITE_CHUNK {blockData=conID: 3 locID: 102652566386705041 bcsId: 4715} | ret=SUCCESS |  
2019-08-21 02:17:37,290 | INFO  | DNAudit | user=null | ip=null | op=WRITE_CHUNK {blockData=conID: 3 locID: 102652566386705041 bcsId: 4715} | ret=SUCCESS |  
2019-08-21 02:17:37,292 | INFO  | DNAudit | user=null | ip=null | op=PUT_BLOCK {blockData=[blockId=conID: 3 locID: 102652566386705041 bcsId: 0,size=4194304]} | ret=SUCCESS |  
2019-08-21 02:17:37,292 | INFO  | DNAudit | user=null | ip=null | op=PUT_BLOCK {blockData=[blockId=conID: 3 locID: 102652566386705041 bcsId: 0,size=4194304]} | ret=SUCCESS |  
2019-08-21 02:17:37,293 [grpc-default-executor-3] INFO  client.GrpcClientProtocolClient (GrpcClientProtocolClient.java:onNext(255)) - client-54CC064C3FCE->8224e767-71c1-41fc-a01a-d172d48fd9d8: receive RaftClientReply:client-54CC064C3FCE->8224e767-71c1-41fc-a01a-d172d48fd9d8@group-F6B37CC92441, cid=3144, SUCCESS, logIndex=0, commits[8224e767-71c1-41fc-a01a-d172d48fd9d8:c4721, 6eae0c21-01aa-4169-956f-5952b26ea7ba:c4719, 8d7dcba1-3b82-4d94-a832-514ef5c79cf8:c4719]
2019-08-21 02:17:37,304 | INFO  | SCMAudit | user=jenkins1000 | ip=192.168.34.10 | op=ALLOCATE_BLOCK {owner=b6f66289-f2a0-4058-b052-0a85e40df67b, size=4194304, type=RATIS, factor=THREE} | ret=SUCCESS |  
2019-08-21 02:17:37,309 | INFO  | OMAudit | user=jenkins1000 | ip=127.0.0.1 | op=ALLOCATE_BLOCK {volume=vol-0-90982, bucket=bucket-0-24269, key=key-0-81262, dataSize=0, replicationType=null, replicationFactor=null, keyLocationInfo=null, clientID=102652564580991378} | ret=SUCCESS |  
2019-08-21 02:17:37,319 | INFO  | DNAudit | user=null | ip=null | op=WRITE_CHUNK {blockData=conID: 1 locID: 102652566392275602 bcsId: 0} | ret=SUCCESS |  
2019-08-21 02:17:37,321 | INFO  | DNAudit | user=null | ip=null | op=WRITE_CHUNK {blockData=conID: 1 locID: 102652566392275602 bcsId: 0} | ret=SUCCESS |  
2019-08-21 02:17:37,323 | INFO  | DNAudit | user=null | ip=null | op=WRITE_CHUNK {blockData=conID: 1 locID: 102652566392275602 bcsId: 0} | ret=SUCCESS |  
2019-08-21 02:17:37,323 | INFO  | DNAudit | user=null | ip=null | op=WRITE_CHUNK {blockData=conID: 1 locID: 102652566392275602 bcsId: 0} | ret=SUCCESS |  
2019-08-21 02:17:37,325 | INFO  | DNAudit | user=null | ip=null | op=WRITE_CHUNK {blockData=conID: 1 locID: 102652566392275602 bcsId: 0} | ret=SUCCESS |  
2019-08-21 02:17:37,325 | INFO  | DNAudit | user=null | ip=null | op=WRITE_CHUNK {blockData=conID: 1 locID: 102652566392275602 bcsId: 0} | ret=SUCCESS |  
2019-08-21 02:17:37,335 | INFO  | DNAudit | user=null | ip=null | op=WRITE_CHUNK {blockData=conID: 1 locID: 102652566392275602 bcsId: 0} | ret=SUCCESS |  
2019-08-21 02:17:37,335 | INFO  | DNAudit | user=null | ip=null | op=PUT_BLOCK {blockData=[blockId=conID: 1 locID: 102652566392275602 bcsId: 0,size=1048576]} | ret=SUCCESS |  
2019-08-21 02:17:37,335 | INFO  | DNAudit | user=null | ip=null | op=WRITE_CHUNK {blockData=conID: 1 locID: 102652566392275602 bcsId: 0} | ret=SUCCESS |  
2019-08-21 02:17:37,335 [grpc-default-executor-0] INFO  client.GrpcClientProtocolClient (GrpcClientProtocolClient.java:onNext(255)) - client-54CC064C3FCE->8224e767-71c1-41fc-a01a-d172d48fd9d8: receive RaftClientReply:client-54CC064C3FCE->8224e767-71c1-41fc-a01a-d172d48fd9d8@group-F6B37CC92441, cid=3145, SUCCESS, logIndex=4722, commits[8224e767-71c1-41fc-a01a-d172d48fd9d8:c4725, 6eae0c21-01aa-4169-956f-5952b26ea7ba:c4721, 8d7dcba1-3b82-4d94-a832-514ef5c79cf8:c4721]
2019-08-21 02:17:37,336 | INFO  | DNAudit | user=null | ip=null | op=PUT_BLOCK {blockData=[blockId=conID: 1 locID: 102652566392275602 bcsId: 0,size=2097152]} | ret=SUCCESS |  
2019-08-21 02:17:37,336 [grpc-default-executor-0] INFO  client.GrpcClientProtocolClient (GrpcClientProtocolClient.java:onNext(255)) - client-54CC064C3FCE->8224e767-71c1-41fc-a01a-d172d48fd9d8: receive RaftClientReply:client-54CC064C3FCE->8224e767-71c1-41fc-a01a-d172d48fd9d8@group-F6B37CC92441, cid=3146, SUCCESS, logIndex=4723, commits[8224e767-71c1-41fc-a01a-d172d48fd9d8:c4725, 6eae0c21-01aa-4169-956f-5952b26ea7ba:c4721, 8d7dcba1-3b82-4d94-a832-514ef5c79cf8:c4721]
2019-08-21 02:17:37,337 [grpc-default-executor-0] INFO  client.GrpcClientProtocolClient (GrpcClientProtocolClient.java:onNext(255)) - client-54CC064C3FCE->8224e767-71c1-41fc-a01a-d172d48fd9d8: receive RaftClientReply:client-54CC064C3FCE->8224e767-71c1-41fc-a01a-d172d48fd9d8@group-F6B37CC92441, cid=3147, SUCCESS, logIndex=4724, commits[8224e767-71c1-41fc-a01a-d172d48fd9d8:c4725, 6eae0c21-01aa-4169-956f-5952b26ea7ba:c4721, 8d7dcba1-3b82-4d94-a832-514ef5c79cf8:c4721]
2019-08-21 02:17:37,337 [grpc-default-executor-0] INFO  client.GrpcClientProtocolClient (GrpcClientProtocolClient.java:onNext(255)) - client-54CC064C3FCE->8224e767-71c1-41fc-a01a-d172d48fd9d8: receive RaftClientReply:client-54CC064C3FCE->8224e767-71c1-41fc-a01a-d172d48fd9d8@group-F6B37CC92441, cid=3148, SUCCESS, logIndex=4725, commits[8224e767-71c1-41fc-a01a-d172d48fd9d8:c4725, 6eae0c21-01aa-4169-956f-5952b26ea7ba:c4721, 8d7dcba1-3b82-4d94-a832-514ef5c79cf8:c4721]
2019-08-21 02:17:37,346 | INFO  | DNAudit | user=null | ip=null | op=WRITE_CHUNK {blockData=conID: 1 locID: 102652566392275602 bcsId: 0} | ret=SUCCESS |  
2019-08-21 02:17:37,346 | INFO  | DNAudit | user=null | ip=null | op=WRITE_CHUNK {blockData=conID: 1 locID: 102652566392275602 bcsId: 0} | ret=SUCCESS |  
2019-08-21 02:17:37,346 | INFO  | DNAudit | user=null | ip=null | op=PUT_BLOCK {blockData=[blockId=conID: 1 locID: 102652566392275602 bcsId: 0,size=1048576]} | ret=SUCCESS |  
2019-08-21 02:17:37,347 | INFO  | DNAudit | user=null | ip=null | op=WRITE_CHUNK {blockData=conID: 1 locID: 102652566392275602 bcsId: 0} | ret=SUCCESS |  
2019-08-21 02:17:37,348 | INFO  | DNAudit | user=null | ip=null | op=PUT_BLOCK {blockData=[blockId=conID: 1 locID: 102652566392275602 bcsId: 0,size=1048576]} | ret=SUCCESS |  
2019-08-21 02:17:37,349 | INFO  | DNAudit | user=null | ip=null | op=PUT_BLOCK {blockData=[blockId=conID: 1 locID: 102652566392275602 bcsId: 0,size=2097152]} | ret=SUCCESS |  
2019-08-21 02:17:37,349 | INFO  | DNAudit | user=null | ip=null | op=WRITE_CHUNK {blockData=conID: 1 locID: 102652566392275602 bcsId: 0} | ret=SUCCESS |  
2019-08-21 02:17:37,349 | INFO  | DNAudit | user=null | ip=null | op=PUT_BLOCK {blockData=[blockId=conID: 1 locID: 102652566392275602 bcsId: 0,size=2097152]} | ret=SUCCESS |  
2019-08-21 02:17:37,349 [grpc-default-executor-0] INFO  client.GrpcClientProtocolClient (GrpcClientProtocolClient.java:onNext(255)) - client-54CC064C3FCE->8224e767-71c1-41fc-a01a-d172d48fd9d8: receive RaftClientReply:client-54CC064C3FCE->8224e767-71c1-41fc-a01a-d172d48fd9d8@group-F6B37CC92441, cid=3149, SUCCESS, logIndex=0, commits[8224e767-71c1-41fc-a01a-d172d48fd9d8:c4727, 6eae0c21-01aa-4169-956f-5952b26ea7ba:c4724, 8d7dcba1-3b82-4d94-a832-514ef5c79cf8:c4724]
2019-08-21 02:17:37,358 | INFO  | DNAudit | user=null | ip=null | op=WRITE_CHUNK {blockData=conID: 1 locID: 102652566392275602 bcsId: 4725} | ret=SUCCESS |  
2019-08-21 02:17:37,361 | INFO  | DNAudit | user=null | ip=null | op=WRITE_CHUNK {blockData=conID: 1 locID: 102652566392275602 bcsId: 4725} | ret=SUCCESS |  
2019-08-21 02:17:37,361 | INFO  | DNAudit | user=null | ip=null | op=WRITE_CHUNK {blockData=conID: 1 locID: 102652566392275602 bcsId: 4725} | ret=SUCCESS |  
2019-08-21 02:17:37,371 | INFO  | DNAudit | user=null | ip=null | op=WRITE_CHUNK {blockData=conID: 1 locID: 102652566392275602 bcsId: 4725} | ret=SUCCESS |  
2019-08-21 02:17:37,372 | INFO  | DNAudit | user=null | ip=null | op=PUT_BLOCK {blockData=[blockId=conID: 1 locID: 102652566392275602 bcsId: 0,size=3145728]} | ret=SUCCESS |  
2019-08-21 02:17:37,372 [grpc-default-executor-0] INFO  client.GrpcClientProtocolClient (GrpcClientProtocolClient.java:onNext(255)) - client-54CC064C3FCE->8224e767-71c1-41fc-a01a-d172d48fd9d8: receive RaftClientReply:client-54CC064C3FCE->8224e767-71c1-41fc-a01a-d172d48fd9d8@group-F6B37CC92441, cid=3150, SUCCESS, logIndex=4729, commits[8224e767-71c1-41fc-a01a-d172d48fd9d8:c4730, 6eae0c21-01aa-4169-956f-5952b26ea7ba:c4728, 8d7dcba1-3b82-4d94-a832-514ef5c79cf8:c4728]
2019-08-21 02:17:37,372 [grpc-default-executor-0] INFO  client.GrpcClientProtocolClient (GrpcClientProtocolClient.java:onNext(255)) - client-54CC064C3FCE->8224e767-71c1-41fc-a01a-d172d48fd9d8: receive RaftClientReply:client-54CC064C3FCE->8224e767-71c1-41fc-a01a-d172d48fd9d8@group-F6B37CC92441, cid=3151, SUCCESS, logIndex=4730, commits[8224e767-71c1-41fc-a01a-d172d48fd9d8:c4730, 6eae0c21-01aa-4169-956f-5952b26ea7ba:c4728, 8d7dcba1-3b82-4d94-a832-514ef5c79cf8:c4728]
2019-08-21 02:17:37,381 | INFO  | DNAudit | user=null | ip=null | op=WRITE_CHUNK {blockData=conID: 1 locID: 102652566392275602 bcsId: 4730} | ret=SUCCESS |  
2019-08-21 02:17:37,383 | INFO  | DNAudit | user=null | ip=null | op=WRITE_CHUNK {blockData=conID: 1 locID: 102652566392275602 bcsId: 4725} | ret=SUCCESS |  
2019-08-21 02:17:37,383 | INFO  | DNAudit | user=null | ip=null | op=WRITE_CHUNK {blockData=conID: 1 locID: 102652566392275602 bcsId: 4725} | ret=SUCCESS |  
2019-08-21 02:17:37,385 | INFO  | DNAudit | user=null | ip=null | op=WRITE_CHUNK {blockData=conID: 1 locID: 102652566392275602 bcsId: 4730} | ret=SUCCESS |  
2019-08-21 02:17:37,385 | INFO  | DNAudit | user=null | ip=null | op=WRITE_CHUNK {blockData=conID: 1 locID: 102652566392275602 bcsId: 4730} | ret=SUCCESS |  
2019-08-21 02:17:37,397 | INFO  | DNAudit | user=null | ip=null | op=PUT_BLOCK {blockData=[blockId=conID: 1 locID: 102652566392275602 bcsId: 0,size=3145728]} | ret=SUCCESS |  
2019-08-21 02:17:37,397 | INFO  | DNAudit | user=null | ip=null | op=PUT_BLOCK {blockData=[blockId=conID: 1 locID: 102652566392275602 bcsId: 0,size=3145728]} | ret=SUCCESS |  
2019-08-21 02:17:37,397 | INFO  | DNAudit | user=null | ip=null | op=WRITE_CHUNK {blockData=conID: 1 locID: 102652566392275602 bcsId: 4730} | ret=SUCCESS |  
2019-08-21 02:17:37,397 | INFO  | DNAudit | user=null | ip=null | op=PUT_BLOCK {blockData=[blockId=conID: 1 locID: 102652566392275602 bcsId: 0,size=4194304]} | ret=SUCCESS |  
2019-08-21 02:17:37,398 [grpc-default-executor-4] INFO  client.GrpcClientProtocolClient (GrpcClientProtocolClient.java:onNext(255)) - client-54CC064C3FCE->8224e767-71c1-41fc-a01a-d172d48fd9d8: receive RaftClientReply:client-54CC064C3FCE->8224e767-71c1-41fc-a01a-d172d48fd9d8@group-F6B37CC92441, cid=3152, SUCCESS, logIndex=4733, commits[8224e767-71c1-41fc-a01a-d172d48fd9d8:c4734, 6eae0c21-01aa-4169-956f-5952b26ea7ba:c4730, 8d7dcba1-3b82-4d94-a832-514ef5c79cf8:c4730]
2019-08-21 02:17:37,398 [grpc-default-executor-4] INFO  client.GrpcClientProtocolClient (GrpcClientProtocolClient.java:onNext(255)) - client-54CC064C3FCE->8224e767-71c1-41fc-a01a-d172d48fd9d8: receive RaftClientReply:client-54CC064C3FCE->8224e767-71c1-41fc-a01a-d172d48fd9d8@group-F6B37CC92441, cid=3153, SUCCESS, logIndex=4734, commits[8224e767-71c1-41fc-a01a-d172d48fd9d8:c4734, 6eae0c21-01aa-4169-956f-5952b26ea7ba:c4730, 8d7dcba1-3b82-4d94-a832-514ef5c79cf8:c4730]
2019-08-21 02:17:37,408 | INFO  | DNAudit | user=null | ip=null | op=WRITE_CHUNK {blockData=conID: 1 locID: 102652566392275602 bcsId: 4730} | ret=SUCCESS |  
2019-08-21 02:17:37,409 | INFO  | DNAudit | user=null | ip=null | op=WRITE_CHUNK {blockData=conID: 1 locID: 102652566392275602 bcsId: 4730} | ret=SUCCESS |  
2019-08-21 02:17:37,410 | INFO  | DNAudit | user=null | ip=null | op=PUT_BLOCK {blockData=[blockId=conID: 1 locID: 102652566392275602 bcsId: 0,size=4194304]} | ret=SUCCESS |  
2019-08-21 02:17:37,410 | INFO  | DNAudit | user=null | ip=null | op=PUT_BLOCK {blockData=[blockId=conID: 1 locID: 102652566392275602 bcsId: 0,size=4194304]} | ret=SUCCESS |  
2019-08-21 02:17:37,410 [grpc-default-executor-4] INFO  client.GrpcClientProtocolClient (GrpcClientProtocolClient.java:onNext(255)) - client-54CC064C3FCE->8224e767-71c1-41fc-a01a-d172d48fd9d8: receive RaftClientReply:client-54CC064C3FCE->8224e767-71c1-41fc-a01a-d172d48fd9d8@group-F6B37CC92441, cid=3154, SUCCESS, logIndex=0, commits[8224e767-71c1-41fc-a01a-d172d48fd9d8:c4736, 6eae0c21-01aa-4169-956f-5952b26ea7ba:c4734, 8d7dcba1-3b82-4d94-a832-514ef5c79cf8:c4734]
2019-08-21 02:17:37,419 | INFO  | SCMAudit | user=jenkins1000 | ip=192.168.34.10 | op=ALLOCATE_BLOCK {owner=b6f66289-f2a0-4058-b052-0a85e40df67b, size=4194304, type=RATIS, factor=THREE} | ret=SUCCESS |  
2019-08-21 02:17:37,424 | INFO  | OMAudit | user=jenkins1000 | ip=127.0.0.1 | op=ALLOCATE_BLOCK {volume=vol-0-90982, bucket=bucket-0-24269, key=key-0-81262, dataSize=0, replicationType=null, replicationFactor=null, keyLocationInfo=null, clientID=102652564580991378} | ret=SUCCESS |  
2019-08-21 02:17:37,433 | INFO  | DNAudit | user=null | ip=null | op=WRITE_CHUNK {blockData=conID: 2 locID: 102652566399812243 bcsId: 0} | ret=SUCCESS |  
2019-08-21 02:17:37,437 | INFO  | DNAudit | user=null | ip=null | op=WRITE_CHUNK {blockData=conID: 2 locID: 102652566399812243 bcsId: 0} | ret=SUCCESS |  
2019-08-21 02:17:37,438 | INFO  | DNAudit | user=null | ip=null | op=WRITE_CHUNK {blockData=conID: 2 locID: 102652566399812243 bcsId: 0} | ret=SUCCESS |  
2019-08-21 02:17:37,439 | INFO  | DNAudit | user=null | ip=null | op=WRITE_CHUNK {blockData=conID: 2 locID: 102652566399812243 bcsId: 0} | ret=SUCCESS |  
2019-08-21 02:17:37,443 | INFO  | DNAudit | user=null | ip=null | op=WRITE_CHUNK {blockData=conID: 2 locID: 102652566399812243 bcsId: 0} | ret=SUCCESS |  
2019-08-21 02:17:37,443 | INFO  | DNAudit | user=null | ip=null | op=WRITE_CHUNK {blockData=conID: 2 locID: 102652566399812243 bcsId: 0} | ret=SUCCESS |  
2019-08-21 02:17:37,448 | INFO  | DNAudit | user=null | ip=null | op=WRITE_CHUNK {blockData=conID: 2 locID: 102652566399812243 bcsId: 0} | ret=SUCCESS |  
2019-08-21 02:17:37,449 | INFO  | DNAudit | user=null | ip=null | op=PUT_BLOCK {blockData=[blockId=conID: 2 locID: 102652566399812243 bcsId: 0,size=1048576]} | ret=SUCCESS |  
2019-08-21 02:17:37,449 [grpc-default-executor-3] INFO  client.GrpcClientProtocolClient (GrpcClientProtocolClient.java:onNext(255)) - client-54CC064C3FCE->8224e767-71c1-41fc-a01a-d172d48fd9d8: receive RaftClientReply:client-54CC064C3FCE->8224e767-71c1-41fc-a01a-d172d48fd9d8@group-F6B37CC92441, cid=3155, SUCCESS, logIndex=4737, commits[8224e767-71c1-41fc-a01a-d172d48fd9d8:c4738, 6eae0c21-01aa-4169-956f-5952b26ea7ba:c4736, 8d7dcba1-3b82-4d94-a832-514ef5c79cf8:c4736]
2019-08-21 02:17:37,450 [grpc-default-executor-3] INFO  client.GrpcClientProtocolClient (GrpcClientProtocolClient.java:onNext(255)) - client-54CC064C3FCE->8224e767-71c1-41fc-a01a-d172d48fd9d8: receive RaftClientReply:client-54CC064C3FCE->8224e767-71c1-41fc-a01a-d172d48fd9d8@group-F6B37CC92441, cid=3156, SUCCESS, logIndex=4738, commits[8224e767-71c1-41fc-a01a-d172d48fd9d8:c4738, 6eae0c21-01aa-4169-956f-5952b26ea7ba:c4736, 8d7dcba1-3b82-4d94-a832-514ef5c79cf8:c4736]
2019-08-21 02:17:37,459 | INFO  | DNAudit | user=null | ip=null | op=WRITE_CHUNK {blockData=conID: 2 locID: 102652566399812243 bcsId: 0} | ret=SUCCESS |  
2019-08-21 02:17:37,459 | INFO  | DNAudit | user=null | ip=null | op=PUT_BLOCK {blockData=[blockId=conID: 2 locID: 102652566399812243 bcsId: 0,size=2097152]} | ret=SUCCESS |  
2019-08-21 02:17:37,460 | INFO  | DNAudit | user=null | ip=null | op=WRITE_CHUNK {blockData=conID: 2 locID: 102652566399812243 bcsId: 0} | ret=SUCCESS |  
2019-08-21 02:17:37,460 [grpc-default-executor-3] INFO  client.GrpcClientProtocolClient (GrpcClientProtocolClient.java:onNext(255)) - client-54CC064C3FCE->8224e767-71c1-41fc-a01a-d172d48fd9d8: receive RaftClientReply:client-54CC064C3FCE->8224e767-71c1-41fc-a01a-d172d48fd9d8@group-F6B37CC92441, cid=3157, SUCCESS, logIndex=4739, commits[8224e767-71c1-41fc-a01a-d172d48fd9d8:c4740, 6eae0c21-01aa-4169-956f-5952b26ea7ba:c4736, 8d7dcba1-3b82-4d94-a832-514ef5c79cf8:c4736]
2019-08-21 02:17:37,460 | INFO  | DNAudit | user=null | ip=null | op=PUT_BLOCK {blockData=[blockId=conID: 2 locID: 102652566399812243 bcsId: 0,size=1048576]} | ret=SUCCESS |  
2019-08-21 02:17:37,460 [grpc-default-executor-3] INFO  client.GrpcClientProtocolClient (GrpcClientProtocolClient.java:onNext(255)) - client-54CC064C3FCE->8224e767-71c1-41fc-a01a-d172d48fd9d8: receive RaftClientReply:client-54CC064C3FCE->8224e767-71c1-41fc-a01a-d172d48fd9d8@group-F6B37CC92441, cid=3158, SUCCESS, logIndex=4740, commits[8224e767-71c1-41fc-a01a-d172d48fd9d8:c4740, 6eae0c21-01aa-4169-956f-5952b26ea7ba:c4736, 8d7dcba1-3b82-4d94-a832-514ef5c79cf8:c4736]
2019-08-21 02:17:37,462 | INFO  | DNAudit | user=null | ip=null | op=WRITE_CHUNK {blockData=conID: 2 locID: 102652566399812243 bcsId: 0} | ret=SUCCESS |  
2019-08-21 02:17:37,462 | INFO  | DNAudit | user=null | ip=null | op=PUT_BLOCK {blockData=[blockId=conID: 2 locID: 102652566399812243 bcsId: 0,size=1048576]} | ret=SUCCESS |  
2019-08-21 02:17:37,463 [grpc-default-executor-3] INFO  client.GrpcClientProtocolClient (GrpcClientProtocolClient.java:onNext(255)) - client-54CC064C3FCE->8224e767-71c1-41fc-a01a-d172d48fd9d8: receive RaftClientReply:client-54CC064C3FCE->8224e767-71c1-41fc-a01a-d172d48fd9d8@group-F6B37CC92441, cid=3159, SUCCESS, logIndex=0, commits[8224e767-71c1-41fc-a01a-d172d48fd9d8:c4742, 6eae0c21-01aa-4169-956f-5952b26ea7ba:c4738, 8d7dcba1-3b82-4d94-a832-514ef5c79cf8:c4738]
2019-08-21 02:17:37,472 | INFO  | DNAudit | user=null | ip=null | op=WRITE_CHUNK {blockData=conID: 2 locID: 102652566399812243 bcsId: 4740} | ret=SUCCESS |  
2019-08-21 02:17:37,474 | INFO  | DNAudit | user=null | ip=null | op=WRITE_CHUNK {blockData=conID: 2 locID: 102652566399812243 bcsId: 0} | ret=SUCCESS |  
2019-08-21 02:17:37,474 | INFO  | DNAudit | user=null | ip=null | op=WRITE_CHUNK {blockData=conID: 2 locID: 102652566399812243 bcsId: 0} | ret=SUCCESS |  
2019-08-21 02:17:37,474 | INFO  | DNAudit | user=null | ip=null | op=PUT_BLOCK {blockData=[blockId=conID: 2 locID: 102652566399812243 bcsId: 0,size=2097152]} | ret=SUCCESS |  
2019-08-21 02:17:37,474 | INFO  | DNAudit | user=null | ip=null | op=PUT_BLOCK {blockData=[blockId=conID: 2 locID: 102652566399812243 bcsId: 0,size=2097152]} | ret=SUCCESS |  
2019-08-21 02:17:37,475 | INFO  | DNAudit | user=null | ip=null | op=WRITE_CHUNK {blockData=conID: 2 locID: 102652566399812243 bcsId: 4740} | ret=SUCCESS |  
2019-08-21 02:17:37,475 | INFO  | DNAudit | user=null | ip=null | op=WRITE_CHUNK {blockData=conID: 2 locID: 102652566399812243 bcsId: 4740} | ret=SUCCESS |  
2019-08-21 02:17:37,487 | INFO  | DNAudit | user=null | ip=null | op=WRITE_CHUNK {blockData=conID: 2 locID: 102652566399812243 bcsId: 4740} | ret=SUCCESS |  
2019-08-21 02:17:37,487 | INFO  | DNAudit | user=null | ip=null | op=PUT_BLOCK {blockData=[blockId=conID: 2 locID: 102652566399812243 bcsId: 0,size=3145728]} | ret=SUCCESS |  
2019-08-21 02:17:37,487 [grpc-default-executor-3] INFO  client.GrpcClientProtocolClient (GrpcClientProtocolClient.java:onNext(255)) - client-54CC064C3FCE->8224e767-71c1-41fc-a01a-d172d48fd9d8: receive RaftClientReply:client-54CC064C3FCE->8224e767-71c1-41fc-a01a-d172d48fd9d8@group-F6B37CC92441, cid=3160, SUCCESS, logIndex=4745, commits[8224e767-71c1-41fc-a01a-d172d48fd9d8:c4746, 6eae0c21-01aa-4169-956f-5952b26ea7ba:c4742, 8d7dcba1-3b82-4d94-a832-514ef5c79cf8:c4742]
2019-08-21 02:17:37,488 [grpc-default-executor-3] INFO  client.GrpcClientProtocolClient (GrpcClientProtocolClient.java:onNext(255)) - client-54CC064C3FCE->8224e767-71c1-41fc-a01a-d172d48fd9d8: receive RaftClientReply:client-54CC064C3FCE->8224e767-71c1-41fc-a01a-d172d48fd9d8@group-F6B37CC92441, cid=3161, SUCCESS, logIndex=4746, commits[8224e767-71c1-41fc-a01a-d172d48fd9d8:c4746, 6eae0c21-01aa-4169-956f-5952b26ea7ba:c4742, 8d7dcba1-3b82-4d94-a832-514ef5c79cf8:c4742]
2019-08-21 02:17:37,489 | INFO  | DNAudit | user=null | ip=null | op=WRITE_CHUNK {blockData=conID: 2 locID: 102652566399812243 bcsId: 4740} | ret=SUCCESS |  
2019-08-21 02:17:37,489 | INFO  | DNAudit | user=null | ip=null | op=WRITE_CHUNK {blockData=conID: 2 locID: 102652566399812243 bcsId: 4740} | ret=SUCCESS |  
2019-08-21 02:17:37,489 | INFO  | DNAudit | user=null | ip=null | op=PUT_BLOCK {blockData=[blockId=conID: 2 locID: 102652566399812243 bcsId: 0,size=3145728]} | ret=SUCCESS |  
2019-08-21 02:17:37,489 | INFO  | DNAudit | user=null | ip=null | op=PUT_BLOCK {blockData=[blockId=conID: 2 locID: 102652566399812243 bcsId: 0,size=3145728]} | ret=SUCCESS |  
2019-08-21 02:17:37,497 | INFO  | DNAudit | user=null | ip=null | op=WRITE_CHUNK {blockData=conID: 2 locID: 102652566399812243 bcsId: 4746} | ret=SUCCESS |  
2019-08-21 02:17:37,499 | INFO  | DNAudit | user=null | ip=null | op=WRITE_CHUNK {blockData=conID: 2 locID: 102652566399812243 bcsId: 4746} | ret=SUCCESS |  
2019-08-21 02:17:37,500 | INFO  | DNAudit | user=null | ip=null | op=WRITE_CHUNK {blockData=conID: 2 locID: 102652566399812243 bcsId: 4746} | ret=SUCCESS |  
2019-08-21 02:17:37,502 | INFO  | DNAudit | user=null | ip=null | op=WRITE_CHUNK {blockData=conID: 2 locID: 102652566399812243 bcsId: 4746} | ret=SUCCESS |  
2019-08-21 02:17:37,502 | INFO  | DNAudit | user=null | ip=null | op=PUT_BLOCK {blockData=[blockId=conID: 2 locID: 102652566399812243 bcsId: 0,size=4194304]} | ret=SUCCESS |  
2019-08-21 02:17:37,502 [grpc-default-executor-4] INFO  client.GrpcClientProtocolClient (GrpcClientProtocolClient.java:onNext(255)) - client-54CC064C3FCE->8224e767-71c1-41fc-a01a-d172d48fd9d8: receive RaftClientReply:client-54CC064C3FCE->8224e767-71c1-41fc-a01a-d172d48fd9d8@group-F6B37CC92441, cid=3162, SUCCESS, logIndex=4749, commits[8224e767-71c1-41fc-a01a-d172d48fd9d8:c4750, 6eae0c21-01aa-4169-956f-5952b26ea7ba:c4748, 8d7dcba1-3b82-4d94-a832-514ef5c79cf8:c4746]
2019-08-21 02:17:37,503 [grpc-default-executor-4] INFO  client.GrpcClientProtocolClient (GrpcClientProtocolClient.java:onNext(255)) - client-54CC064C3FCE->8224e767-71c1-41fc-a01a-d172d48fd9d8: receive RaftClientReply:client-54CC064C3FCE->8224e767-71c1-41fc-a01a-d172d48fd9d8@group-F6B37CC92441, cid=3163, SUCCESS, logIndex=4750, commits[8224e767-71c1-41fc-a01a-d172d48fd9d8:c4750, 6eae0c21-01aa-4169-956f-5952b26ea7ba:c4748, 8d7dcba1-3b82-4d94-a832-514ef5c79cf8:c4748]
2019-08-21 02:17:37,504 | INFO  | DNAudit | user=null | ip=null | op=WRITE_CHUNK {blockData=conID: 2 locID: 102652566399812243 bcsId: 4746} | ret=SUCCESS |  
2019-08-21 02:17:37,504 | INFO  | DNAudit | user=null | ip=null | op=WRITE_CHUNK {blockData=conID: 2 locID: 102652566399812243 bcsId: 4746} | ret=SUCCESS |  
2019-08-21 02:17:37,505 | INFO  | DNAudit | user=null | ip=null | op=PUT_BLOCK {blockData=[blockId=conID: 2 locID: 102652566399812243 bcsId: 0,size=4194304]} | ret=SUCCESS |  
2019-08-21 02:17:37,507 | INFO  | DNAudit | user=null | ip=null | op=PUT_BLOCK {blockData=[blockId=conID: 2 locID: 102652566399812243 bcsId: 0,size=4194304]} | ret=SUCCESS |  
2019-08-21 02:17:37,508 [grpc-default-executor-3] INFO  client.GrpcClientProtocolClient (GrpcClientProtocolClient.java:onNext(255)) - client-54CC064C3FCE->8224e767-71c1-41fc-a01a-d172d48fd9d8: receive RaftClientReply:client-54CC064C3FCE->8224e767-71c1-41fc-a01a-d172d48fd9d8@group-F6B37CC92441, cid=3164, SUCCESS, logIndex=0, commits[8224e767-71c1-41fc-a01a-d172d48fd9d8:c4751, 6eae0c21-01aa-4169-956f-5952b26ea7ba:c4750, 8d7dcba1-3b82-4d94-a832-514ef5c79cf8:c4750]
2019-08-21 02:17:37,516 | INFO  | SCMAudit | user=jenkins1000 | ip=192.168.34.10 | op=ALLOCATE_BLOCK {owner=b6f66289-f2a0-4058-b052-0a85e40df67b, size=4194304, type=RATIS, factor=THREE} | ret=SUCCESS |  
2019-08-21 02:17:37,521 | INFO  | OMAudit | user=jenkins1000 | ip=127.0.0.1 | op=ALLOCATE_BLOCK {volume=vol-0-90982, bucket=bucket-0-24269, key=key-0-81262, dataSize=0, replicationType=null, replicationFactor=null, keyLocationInfo=null, clientID=102652564580991378} | ret=SUCCESS |  
2019-08-21 02:17:37,529 | INFO  | DNAudit | user=null | ip=null | op=WRITE_CHUNK {blockData=conID: 3 locID: 102652566406169236 bcsId: 0} | ret=SUCCESS |  
2019-08-21 02:17:37,532 | INFO  | DNAudit | user=null | ip=null | op=WRITE_CHUNK {blockData=conID: 3 locID: 102652566406169236 bcsId: 0} | ret=SUCCESS |  
2019-08-21 02:17:37,533 | INFO  | DNAudit | user=null | ip=null | op=WRITE_CHUNK {blockData=conID: 3 locID: 102652566406169236 bcsId: 0} | ret=SUCCESS |  
2019-08-21 02:17:37,533 | INFO  | DNAudit | user=null | ip=null | op=WRITE_CHUNK {blockData=conID: 3 locID: 102652566406169236 bcsId: 0} | ret=SUCCESS |  
2019-08-21 02:17:37,534 | INFO  | DNAudit | user=null | ip=null | op=WRITE_CHUNK {blockData=conID: 3 locID: 102652566406169236 bcsId: 0} | ret=SUCCESS |  
2019-08-21 02:17:37,535 | INFO  | DNAudit | user=null | ip=null | op=WRITE_CHUNK {blockData=conID: 3 locID: 102652566406169236 bcsId: 0} | ret=SUCCESS |  
2019-08-21 02:17:37,542 | INFO  | DNAudit | user=null | ip=null | op=WRITE_CHUNK {blockData=conID: 3 locID: 102652566406169236 bcsId: 0} | ret=SUCCESS |  
2019-08-21 02:17:37,543 | INFO  | DNAudit | user=null | ip=null | op=PUT_BLOCK {blockData=[blockId=conID: 3 locID: 102652566406169236 bcsId: 0,size=1048576]} | ret=SUCCESS |  
2019-08-21 02:17:37,543 | INFO  | DNAudit | user=null | ip=null | op=WRITE_CHUNK {blockData=conID: 3 locID: 102652566406169236 bcsId: 0} | ret=SUCCESS |  
2019-08-21 02:17:37,543 [grpc-default-executor-4] INFO  client.GrpcClientProtocolClient (GrpcClientProtocolClient.java:onNext(255)) - client-54CC064C3FCE->8224e767-71c1-41fc-a01a-d172d48fd9d8: receive RaftClientReply:client-54CC064C3FCE->8224e767-71c1-41fc-a01a-d172d48fd9d8@group-F6B37CC92441, cid=3165, SUCCESS, logIndex=4753, commits[8224e767-71c1-41fc-a01a-d172d48fd9d8:c4755, 6eae0c21-01aa-4169-956f-5952b26ea7ba:c4752, 8d7dcba1-3b82-4d94-a832-514ef5c79cf8:c4752]
2019-08-21 02:17:37,544 | INFO  | DNAudit | user=null | ip=null | op=PUT_BLOCK {blockData=[blockId=conID: 3 locID: 102652566406169236 bcsId: 0,size=2097152]} | ret=SUCCESS |  
2019-08-21 02:17:37,544 | INFO  | DNAudit | user=null | ip=null | op=WRITE_CHUNK {blockData=conID: 3 locID: 102652566406169236 bcsId: 0} | ret=SUCCESS |  
2019-08-21 02:17:37,544 | INFO  | DNAudit | user=null | ip=null | op=WRITE_CHUNK {blockData=conID: 3 locID: 102652566406169236 bcsId: 0} | ret=SUCCESS |  
2019-08-21 02:17:37,544 [grpc-default-executor-1] INFO  client.GrpcClientProtocolClient (GrpcClientProtocolClient.java:onNext(255)) - client-54CC064C3FCE->8224e767-71c1-41fc-a01a-d172d48fd9d8: receive RaftClientReply:client-54CC064C3FCE->8224e767-71c1-41fc-a01a-d172d48fd9d8@group-F6B37CC92441, cid=3166, SUCCESS, logIndex=4754, commits[8224e767-71c1-41fc-a01a-d172d48fd9d8:c4756, 6eae0c21-01aa-4169-956f-5952b26ea7ba:c4752, 8d7dcba1-3b82-4d94-a832-514ef5c79cf8:c4752]
2019-08-21 02:17:37,545 | INFO  | DNAudit | user=null | ip=null | op=PUT_BLOCK {blockData=[blockId=conID: 3 locID: 102652566406169236 bcsId: 0,size=1048576]} | ret=SUCCESS |  
2019-08-21 02:17:37,545 [grpc-default-executor-1] INFO  client.GrpcClientProtocolClient (GrpcClientProtocolClient.java:onNext(255)) - client-54CC064C3FCE->8224e767-71c1-41fc-a01a-d172d48fd9d8: receive RaftClientReply:client-54CC064C3FCE->8224e767-71c1-41fc-a01a-d172d48fd9d8@group-F6B37CC92441, cid=3167, SUCCESS, logIndex=4755, commits[8224e767-71c1-41fc-a01a-d172d48fd9d8:c4756, 6eae0c21-01aa-4169-956f-5952b26ea7ba:c4752, 8d7dcba1-3b82-4d94-a832-514ef5c79cf8:c4752]
2019-08-21 02:17:37,545 [grpc-default-executor-1] INFO  client.GrpcClientProtocolClient (GrpcClientProtocolClient.java:onNext(255)) - client-54CC064C3FCE->8224e767-71c1-41fc-a01a-d172d48fd9d8: receive RaftClientReply:client-54CC064C3FCE->8224e767-71c1-41fc-a01a-d172d48fd9d8@group-F6B37CC92441, cid=3168, SUCCESS, logIndex=4756, commits[8224e767-71c1-41fc-a01a-d172d48fd9d8:c4756, 6eae0c21-01aa-4169-956f-5952b26ea7ba:c4752, 8d7dcba1-3b82-4d94-a832-514ef5c79cf8:c4752]
2019-08-21 02:17:37,545 | INFO  | DNAudit | user=null | ip=null | op=PUT_BLOCK {blockData=[blockId=conID: 3 locID: 102652566406169236 bcsId: 0,size=1048576]} | ret=SUCCESS |  
2019-08-21 02:17:37,546 | INFO  | DNAudit | user=null | ip=null | op=WRITE_CHUNK {blockData=conID: 3 locID: 102652566406169236 bcsId: 0} | ret=SUCCESS |  
2019-08-21 02:17:37,546 | INFO  | DNAudit | user=null | ip=null | op=WRITE_CHUNK {blockData=conID: 3 locID: 102652566406169236 bcsId: 0} | ret=SUCCESS |  
2019-08-21 02:17:37,546 | INFO  | DNAudit | user=null | ip=null | op=PUT_BLOCK {blockData=[blockId=conID: 3 locID: 102652566406169236 bcsId: 0,size=2097152]} | ret=SUCCESS |  
2019-08-21 02:17:37,546 | INFO  | DNAudit | user=null | ip=null | op=PUT_BLOCK {blockData=[blockId=conID: 3 locID: 102652566406169236 bcsId: 0,size=2097152]} | ret=SUCCESS |  
2019-08-21 02:17:37,546 [grpc-default-executor-1] INFO  client.GrpcClientProtocolClient (GrpcClientProtocolClient.java:onNext(255)) - client-54CC064C3FCE->8224e767-71c1-41fc-a01a-d172d48fd9d8: receive RaftClientReply:client-54CC064C3FCE->8224e767-71c1-41fc-a01a-d172d48fd9d8@group-F6B37CC92441, cid=3169, SUCCESS, logIndex=0, commits[8224e767-71c1-41fc-a01a-d172d48fd9d8:c4759, 6eae0c21-01aa-4169-956f-5952b26ea7ba:c4755, 8d7dcba1-3b82-4d94-a832-514ef5c79cf8:c4754]
2019-08-21 02:17:37,555 | INFO  | DNAudit | user=null | ip=null | op=WRITE_CHUNK {blockData=conID: 3 locID: 102652566406169236 bcsId: 4756} | ret=SUCCESS |  
2019-08-21 02:17:37,558 | INFO  | DNAudit | user=null | ip=null | op=WRITE_CHUNK {blockData=conID: 3 locID: 102652566406169236 bcsId: 4756} | ret=SUCCESS |  
2019-08-21 02:17:37,558 | INFO  | DNAudit | user=null | ip=null | op=WRITE_CHUNK {blockData=conID: 3 locID: 102652566406169236 bcsId: 4756} | ret=SUCCESS |  
2019-08-21 02:17:37,568 | INFO  | DNAudit | user=null | ip=null | op=WRITE_CHUNK {blockData=conID: 3 locID: 102652566406169236 bcsId: 4756} | ret=SUCCESS |  
2019-08-21 02:17:37,569 | INFO  | DNAudit | user=null | ip=null | op=PUT_BLOCK {blockData=[blockId=conID: 3 locID: 102652566406169236 bcsId: 0,size=3145728]} | ret=SUCCESS |  
2019-08-21 02:17:37,569 [grpc-default-executor-3] INFO  client.GrpcClientProtocolClient (GrpcClientProtocolClient.java:onNext(255)) - client-54CC064C3FCE->8224e767-71c1-41fc-a01a-d172d48fd9d8: receive RaftClientReply:client-54CC064C3FCE->8224e767-71c1-41fc-a01a-d172d48fd9d8@group-F6B37CC92441, cid=3170, SUCCESS, logIndex=4761, commits[8224e767-71c1-41fc-a01a-d172d48fd9d8:c4762, 6eae0c21-01aa-4169-956f-5952b26ea7ba:c4760, 8d7dcba1-3b82-4d94-a832-514ef5c79cf8:c4760]
2019-08-21 02:17:37,569 [grpc-default-executor-3] INFO  client.GrpcClientProtocolClient (GrpcClientProtocolClient.java:onNext(255)) - client-54CC064C3FCE->8224e767-71c1-41fc-a01a-d172d48fd9d8: receive RaftClientReply:client-54CC064C3FCE->8224e767-71c1-41fc-a01a-d172d48fd9d8@group-F6B37CC92441, cid=3171, SUCCESS, logIndex=4762, commits[8224e767-71c1-41fc-a01a-d172d48fd9d8:c4762, 6eae0c21-01aa-4169-956f-5952b26ea7ba:c4760, 8d7dcba1-3b82-4d94-a832-514ef5c79cf8:c4760]
2019-08-21 02:17:37,578 | INFO  | DNAudit | user=null | ip=null | op=WRITE_CHUNK {blockData=conID: 3 locID: 102652566406169236 bcsId: 4762} | ret=SUCCESS |  
2019-08-21 02:17:37,580 | INFO  | DNAudit | user=null | ip=null | op=WRITE_CHUNK {blockData=conID: 3 locID: 102652566406169236 bcsId: 4756} | ret=SUCCESS |  
2019-08-21 02:17:37,580 | INFO  | DNAudit | user=null | ip=null | op=WRITE_CHUNK {blockData=conID: 3 locID: 102652566406169236 bcsId: 4762} | ret=SUCCESS |  
2019-08-21 02:17:37,580 | INFO  | DNAudit | user=null | ip=null | op=WRITE_CHUNK {blockData=conID: 3 locID: 102652566406169236 bcsId: 4756} | ret=SUCCESS |  
2019-08-21 02:17:37,580 | INFO  | DNAudit | user=null | ip=null | op=PUT_BLOCK {blockData=[blockId=conID: 3 locID: 102652566406169236 bcsId: 0,size=3145728]} | ret=SUCCESS |  
2019-08-21 02:17:37,581 | INFO  | DNAudit | user=null | ip=null | op=PUT_BLOCK {blockData=[blockId=conID: 3 locID: 102652566406169236 bcsId: 0,size=3145728]} | ret=SUCCESS |  
2019-08-21 02:17:37,581 | INFO  | DNAudit | user=null | ip=null | op=WRITE_CHUNK {blockData=conID: 3 locID: 102652566406169236 bcsId: 4762} | ret=SUCCESS |  
2019-08-21 02:17:37,593 | INFO  | DNAudit | user=null | ip=null | op=WRITE_CHUNK {blockData=conID: 3 locID: 102652566406169236 bcsId: 4762} | ret=SUCCESS |  
2019-08-21 02:17:37,593 | INFO  | DNAudit | user=null | ip=null | op=PUT_BLOCK {blockData=[blockId=conID: 3 locID: 102652566406169236 bcsId: 0,size=4194304]} | ret=SUCCESS |  
2019-08-21 02:17:37,593 [grpc-default-executor-3] INFO  client.GrpcClientProtocolClient (GrpcClientProtocolClient.java:onNext(255)) - client-54CC064C3FCE->8224e767-71c1-41fc-a01a-d172d48fd9d8: receive RaftClientReply:client-54CC064C3FCE->8224e767-71c1-41fc-a01a-d172d48fd9d8@group-F6B37CC92441, cid=3172, SUCCESS, logIndex=4765, commits[8224e767-71c1-41fc-a01a-d172d48fd9d8:c4766, 6eae0c21-01aa-4169-956f-5952b26ea7ba:c4762, 8d7dcba1-3b82-4d94-a832-514ef5c79cf8:c4762]
2019-08-21 02:17:37,594 [grpc-default-executor-3] INFO  client.GrpcClientProtocolClient (GrpcClientProtocolClient.java:onNext(255)) - client-54CC064C3FCE->8224e767-71c1-41fc-a01a-d172d48fd9d8: receive RaftClientReply:client-54CC064C3FCE->8224e767-71c1-41fc-a01a-d172d48fd9d8@group-F6B37CC92441, cid=3173, SUCCESS, logIndex=4766, commits[8224e767-71c1-41fc-a01a-d172d48fd9d8:c4766, 6eae0c21-01aa-4169-956f-5952b26ea7ba:c4762, 8d7dcba1-3b82-4d94-a832-514ef5c79cf8:c4762]
2019-08-21 02:17:37,605 | INFO  | DNAudit | user=null | ip=null | op=WRITE_CHUNK {blockData=conID: 3 locID: 102652566406169236 bcsId: 4762} | ret=SUCCESS |  
2019-08-21 02:17:37,605 | INFO  | DNAudit | user=null | ip=null | op=WRITE_CHUNK {blockData=conID: 3 locID: 102652566406169236 bcsId: 4762} | ret=SUCCESS |  
2019-08-21 02:17:37,606 | INFO  | DNAudit | user=null | ip=null | op=PUT_BLOCK {blockData=[blockId=conID: 3 locID: 102652566406169236 bcsId: 0,size=4194304]} | ret=SUCCESS |  
2019-08-21 02:17:37,606 | INFO  | DNAudit | user=null | ip=null | op=PUT_BLOCK {blockData=[blockId=conID: 3 locID: 102652566406169236 bcsId: 0,size=4194304]} | ret=SUCCESS |  
2019-08-21 02:17:37,607 [grpc-default-executor-1] INFO  client.GrpcClientProtocolClient (GrpcClientProtocolClient.java:onNext(255)) - client-54CC064C3FCE->8224e767-71c1-41fc-a01a-d172d48fd9d8: receive RaftClientReply:client-54CC064C3FCE->8224e767-71c1-41fc-a01a-d172d48fd9d8@group-F6B37CC92441, cid=3174, SUCCESS, logIndex=0, commits[8224e767-71c1-41fc-a01a-d172d48fd9d8:c4767, 6eae0c21-01aa-4169-956f-5952b26ea7ba:c4766, 8d7dcba1-3b82-4d94-a832-514ef5c79cf8:c4766]
2019-08-21 02:17:37,617 | INFO  | SCMAudit | user=jenkins1000 | ip=192.168.34.10 | op=ALLOCATE_BLOCK {owner=b6f66289-f2a0-4058-b052-0a85e40df67b, size=4194304, type=RATIS, factor=THREE} | ret=SUCCESS |  
2019-08-21 02:17:37,624 | INFO  | OMAudit | user=jenkins1000 | ip=127.0.0.1 | op=ALLOCATE_BLOCK {volume=vol-0-90982, bucket=bucket-0-24269, key=key-0-81262, dataSize=0, replicationType=null, replicationFactor=null, keyLocationInfo=null, clientID=102652564580991378} | ret=SUCCESS |  
2019-08-21 02:17:37,634 | INFO  | DNAudit | user=null | ip=null | op=WRITE_CHUNK {blockData=conID: 1 locID: 102652566412788373 bcsId: 0} | ret=SUCCESS |  
2019-08-21 02:17:37,637 | INFO  | DNAudit | user=null | ip=null | op=WRITE_CHUNK {blockData=conID: 1 locID: 102652566412788373 bcsId: 0} | ret=SUCCESS |  
2019-08-21 02:17:37,637 | INFO  | DNAudit | user=null | ip=null | op=WRITE_CHUNK {blockData=conID: 1 locID: 102652566412788373 bcsId: 0} | ret=SUCCESS |  
2019-08-21 02:17:37,638 | INFO  | DNAudit | user=null | ip=null | op=WRITE_CHUNK {blockData=conID: 1 locID: 102652566412788373 bcsId: 0} | ret=SUCCESS |  
2019-08-21 02:17:37,641 | INFO  | DNAudit | user=null | ip=null | op=WRITE_CHUNK {blockData=conID: 1 locID: 102652566412788373 bcsId: 0} | ret=SUCCESS |  
2019-08-21 02:17:37,641 | INFO  | DNAudit | user=null | ip=null | op=WRITE_CHUNK {blockData=conID: 1 locID: 102652566412788373 bcsId: 0} | ret=SUCCESS |  
2019-08-21 02:17:37,647 | INFO  | DNAudit | user=null | ip=null | op=WRITE_CHUNK {blockData=conID: 1 locID: 102652566412788373 bcsId: 0} | ret=SUCCESS |  
2019-08-21 02:17:37,648 | INFO  | DNAudit | user=null | ip=null | op=PUT_BLOCK {blockData=[blockId=conID: 1 locID: 102652566412788373 bcsId: 0,size=1048576]} | ret=SUCCESS |  
2019-08-21 02:17:37,648 [grpc-default-executor-1] INFO  client.GrpcClientProtocolClient (GrpcClientProtocolClient.java:onNext(255)) - client-54CC064C3FCE->8224e767-71c1-41fc-a01a-d172d48fd9d8: receive RaftClientReply:client-54CC064C3FCE->8224e767-71c1-41fc-a01a-d172d48fd9d8@group-F6B37CC92441, cid=3175, SUCCESS, logIndex=4769, commits[8224e767-71c1-41fc-a01a-d172d48fd9d8:c4770, 6eae0c21-01aa-4169-956f-5952b26ea7ba:c4768, 8d7dcba1-3b82-4d94-a832-514ef5c79cf8:c4768]
2019-08-21 02:17:37,650 | INFO  | DNAudit | user=null | ip=null | op=WRITE_CHUNK {blockData=conID: 1 locID: 102652566412788373 bcsId: 0} | ret=SUCCESS |  
2019-08-21 02:17:37,650 | INFO  | DNAudit | user=null | ip=null | op=WRITE_CHUNK {blockData=conID: 1 locID: 102652566412788373 bcsId: 0} | ret=SUCCESS |  
2019-08-21 02:17:37,651 | INFO  | DNAudit | user=null | ip=null | op=WRITE_CHUNK {blockData=conID: 1 locID: 102652566412788373 bcsId: 0} | ret=SUCCESS |  
2019-08-21 02:17:37,651 | INFO  | DNAudit | user=null | ip=null | op=PUT_BLOCK {blockData=[blockId=conID: 1 locID: 102652566412788373 bcsId: 0,size=1048576]} | ret=SUCCESS |  
2019-08-21 02:17:37,651 [grpc-default-executor-1] INFO  client.GrpcClientProtocolClient (GrpcClientProtocolClient.java:onNext(255)) - client-54CC064C3FCE->8224e767-71c1-41fc-a01a-d172d48fd9d8: receive RaftClientReply:client-54CC064C3FCE->8224e767-71c1-41fc-a01a-d172d48fd9d8@group-F6B37CC92441, cid=3176, SUCCESS, logIndex=4770, commits[8224e767-71c1-41fc-a01a-d172d48fd9d8:c4771, 6eae0c21-01aa-4169-956f-5952b26ea7ba:c4768, 8d7dcba1-3b82-4d94-a832-514ef5c79cf8:c4768]
2019-08-21 02:17:37,651 | INFO  | DNAudit | user=null | ip=null | op=PUT_BLOCK {blockData=[blockId=conID: 1 locID: 102652566412788373 bcsId: 0,size=1048576]} | ret=SUCCESS |  
2019-08-21 02:17:37,651 | INFO  | DNAudit | user=null | ip=null | op=PUT_BLOCK {blockData=[blockId=conID: 1 locID: 102652566412788373 bcsId: 0,size=2097152]} | ret=SUCCESS |  
2019-08-21 02:17:37,651 [grpc-default-executor-1] INFO  client.GrpcClientProtocolClient (GrpcClientProtocolClient.java:onNext(255)) - client-54CC064C3FCE->8224e767-71c1-41fc-a01a-d172d48fd9d8: receive RaftClientReply:client-54CC064C3FCE->8224e767-71c1-41fc-a01a-d172d48fd9d8@group-F6B37CC92441, cid=3177, SUCCESS, logIndex=4771, commits[8224e767-71c1-41fc-a01a-d172d48fd9d8:c4772, 6eae0c21-01aa-4169-956f-5952b26ea7ba:c4768, 8d7dcba1-3b82-4d94-a832-514ef5c79cf8:c4768]
2019-08-21 02:17:37,652 [grpc-default-executor-1] INFO  client.GrpcClientProtocolClient (GrpcClientProtocolClient.java:onNext(255)) - client-54CC064C3FCE->8224e767-71c1-41fc-a01a-d172d48fd9d8: receive RaftClientReply:client-54CC064C3FCE->8224e767-71c1-41fc-a01a-d172d48fd9d8@group-F6B37CC92441, cid=3178, SUCCESS, logIndex=4772, commits[8224e767-71c1-41fc-a01a-d172d48fd9d8:c4774, 6eae0c21-01aa-4169-956f-5952b26ea7ba:c4770, 8d7dcba1-3b82-4d94-a832-514ef5c79cf8:c4770]
2019-08-21 02:17:37,661 | INFO  | DNAudit | user=null | ip=null | op=WRITE_CHUNK {blockData=conID: 1 locID: 102652566412788373 bcsId: 4772} | ret=SUCCESS |  
2019-08-21 02:17:37,662 | INFO  | DNAudit | user=null | ip=null | op=WRITE_CHUNK {blockData=conID: 1 locID: 102652566412788373 bcsId: 0} | ret=SUCCESS |  
2019-08-21 02:17:37,662 | INFO  | DNAudit | user=null | ip=null | op=WRITE_CHUNK {blockData=conID: 1 locID: 102652566412788373 bcsId: 0} | ret=SUCCESS |  
2019-08-21 02:17:37,663 | INFO  | DNAudit | user=null | ip=null | op=PUT_BLOCK {blockData=[blockId=conID: 1 locID: 102652566412788373 bcsId: 0,size=2097152]} | ret=SUCCESS |  
2019-08-21 02:17:37,663 | INFO  | DNAudit | user=null | ip=null | op=PUT_BLOCK {blockData=[blockId=conID: 1 locID: 102652566412788373 bcsId: 0,size=2097152]} | ret=SUCCESS |  
2019-08-21 02:17:37,663 | INFO  | DNAudit | user=null | ip=null | op=WRITE_CHUNK {blockData=conID: 1 locID: 102652566412788373 bcsId: 4772} | ret=SUCCESS |  
2019-08-21 02:17:37,664 | INFO  | DNAudit | user=null | ip=null | op=WRITE_CHUNK {blockData=conID: 1 locID: 102652566412788373 bcsId: 4772} | ret=SUCCESS |  
2019-08-21 02:17:37,676 | INFO  | DNAudit | user=null | ip=null | op=WRITE_CHUNK {blockData=conID: 1 locID: 102652566412788373 bcsId: 4772} | ret=SUCCESS |  
2019-08-21 02:17:37,676 | INFO  | DNAudit | user=null | ip=null | op=PUT_BLOCK {blockData=[blockId=conID: 1 locID: 102652566412788373 bcsId: 0,size=3145728]} | ret=SUCCESS |  
2019-08-21 02:17:37,677 [grpc-default-executor-4] INFO  client.GrpcClientProtocolClient (GrpcClientProtocolClient.java:onNext(255)) - client-54CC064C3FCE->8224e767-71c1-41fc-a01a-d172d48fd9d8: receive RaftClientReply:client-54CC064C3FCE->8224e767-71c1-41fc-a01a-d172d48fd9d8@group-F6B37CC92441, cid=3179, SUCCESS, logIndex=4777, commits[8224e767-71c1-41fc-a01a-d172d48fd9d8:c4778, 6eae0c21-01aa-4169-956f-5952b26ea7ba:c4774, 8d7dcba1-3b82-4d94-a832-514ef5c79cf8:c4774]
2019-08-21 02:17:37,677 [grpc-default-executor-4] INFO  client.GrpcClientProtocolClient (GrpcClientProtocolClient.java:onNext(255)) - client-54CC064C3FCE->8224e767-71c1-41fc-a01a-d172d48fd9d8: receive RaftClientReply:client-54CC064C3FCE->8224e767-71c1-41fc-a01a-d172d48fd9d8@group-F6B37CC92441, cid=3180, SUCCESS, logIndex=4778, commits[8224e767-71c1-41fc-a01a-d172d48fd9d8:c4778, 6eae0c21-01aa-4169-956f-5952b26ea7ba:c4774, 8d7dcba1-3b82-4d94-a832-514ef5c79cf8:c4774]
2019-08-21 02:17:37,686 | INFO  | DNAudit | user=null | ip=null | op=WRITE_CHUNK {blockData=conID: 1 locID: 102652566412788373 bcsId: 4778} | ret=SUCCESS |  
2019-08-21 02:17:37,688 | INFO  | DNAudit | user=null | ip=null | op=WRITE_CHUNK {blockData=conID: 1 locID: 102652566412788373 bcsId: 4772} | ret=SUCCESS |  
2019-08-21 02:17:37,688 | INFO  | DNAudit | user=null | ip=null | op=WRITE_CHUNK {blockData=conID: 1 locID: 102652566412788373 bcsId: 4772} | ret=SUCCESS |  
2019-08-21 02:17:37,688 | INFO  | DNAudit | user=null | ip=null | op=PUT_BLOCK {blockData=[blockId=conID: 1 locID: 102652566412788373 bcsId: 0,size=3145728]} | ret=SUCCESS |  
2019-08-21 02:17:37,688 | INFO  | DNAudit | user=null | ip=null | op=PUT_BLOCK {blockData=[blockId=conID: 1 locID: 102652566412788373 bcsId: 0,size=3145728]} | ret=SUCCESS |  
2019-08-21 02:17:37,689 | INFO  | DNAudit | user=null | ip=null | op=WRITE_CHUNK {blockData=conID: 1 locID: 102652566412788373 bcsId: 4778} | ret=SUCCESS |  
2019-08-21 02:17:37,689 | INFO  | DNAudit | user=null | ip=null | op=WRITE_CHUNK {blockData=conID: 1 locID: 102652566412788373 bcsId: 4778} | ret=SUCCESS |  
2019-08-21 02:17:37,700 | INFO  | DNAudit | user=null | ip=null | op=WRITE_CHUNK {blockData=conID: 1 locID: 102652566412788373 bcsId: 4778} | ret=SUCCESS |  
2019-08-21 02:17:37,701 | INFO  | DNAudit | user=null | ip=null | op=PUT_BLOCK {blockData=[blockId=conID: 1 locID: 102652566412788373 bcsId: 0,size=4194304]} | ret=SUCCESS |  
2019-08-21 02:17:37,701 [grpc-default-executor-1] INFO  client.GrpcClientProtocolClient (GrpcClientProtocolClient.java:onNext(255)) - client-54CC064C3FCE->8224e767-71c1-41fc-a01a-d172d48fd9d8: receive RaftClientReply:client-54CC064C3FCE->8224e767-71c1-41fc-a01a-d172d48fd9d8@group-F6B37CC92441, cid=3181, SUCCESS, logIndex=4781, commits[8224e767-71c1-41fc-a01a-d172d48fd9d8:c4782, 6eae0c21-01aa-4169-956f-5952b26ea7ba:c4778, 8d7dcba1-3b82-4d94-a832-514ef5c79cf8:c4778]
2019-08-21 02:17:37,702 [grpc-default-executor-1] INFO  client.GrpcClientProtocolClient (GrpcClientProtocolClient.java:onNext(255)) - client-54CC064C3FCE->8224e767-71c1-41fc-a01a-d172d48fd9d8: receive RaftClientReply:client-54CC064C3FCE->8224e767-71c1-41fc-a01a-d172d48fd9d8@group-F6B37CC92441, cid=3182, SUCCESS, logIndex=4782, commits[8224e767-71c1-41fc-a01a-d172d48fd9d8:c4782, 6eae0c21-01aa-4169-956f-5952b26ea7ba:c4778, 8d7dcba1-3b82-4d94-a832-514ef5c79cf8:c4778]
2019-08-21 02:17:37,703 | INFO  | DNAudit | user=null | ip=null | op=WRITE_CHUNK {blockData=conID: 1 locID: 102652566412788373 bcsId: 4778} | ret=SUCCESS |  
2019-08-21 02:17:37,703 | INFO  | DNAudit | user=null | ip=null | op=WRITE_CHUNK {blockData=conID: 1 locID: 102652566412788373 bcsId: 4778} | ret=SUCCESS |  
2019-08-21 02:17:37,705 | INFO  | DNAudit | user=null | ip=null | op=PUT_BLOCK {blockData=[blockId=conID: 1 locID: 102652566412788373 bcsId: 0,size=4194304]} | ret=SUCCESS |  
2019-08-21 02:17:37,705 | INFO  | DNAudit | user=null | ip=null | op=PUT_BLOCK {blockData=[blockId=conID: 1 locID: 102652566412788373 bcsId: 0,size=4194304]} | ret=SUCCESS |  
2019-08-21 02:17:37,706 [grpc-default-executor-3] INFO  client.GrpcClientProtocolClient (GrpcClientProtocolClient.java:onNext(255)) - client-54CC064C3FCE->8224e767-71c1-41fc-a01a-d172d48fd9d8: receive RaftClientReply:client-54CC064C3FCE->8224e767-71c1-41fc-a01a-d172d48fd9d8@group-F6B37CC92441, cid=3183, SUCCESS, logIndex=0, commits[8224e767-71c1-41fc-a01a-d172d48fd9d8:c4784, 6eae0c21-01aa-4169-956f-5952b26ea7ba:c4782, 8d7dcba1-3b82-4d94-a832-514ef5c79cf8:c4782]
2019-08-21 02:17:37,714 | INFO  | SCMAudit | user=jenkins1000 | ip=192.168.34.10 | op=ALLOCATE_BLOCK {owner=b6f66289-f2a0-4058-b052-0a85e40df67b, size=4194304, type=RATIS, factor=THREE} | ret=SUCCESS |  
2019-08-21 02:17:37,719 | INFO  | OMAudit | user=jenkins1000 | ip=127.0.0.1 | op=ALLOCATE_BLOCK {volume=vol-0-90982, bucket=bucket-0-24269, key=key-0-81262, dataSize=0, replicationType=null, replicationFactor=null, keyLocationInfo=null, clientID=102652564580991378} | ret=SUCCESS |  
2019-08-21 02:17:37,727 | INFO  | DNAudit | user=null | ip=null | op=WRITE_CHUNK {blockData=conID: 2 locID: 102652566419145366 bcsId: 0} | ret=SUCCESS |  
2019-08-21 02:17:37,729 | INFO  | DNAudit | user=null | ip=null | op=WRITE_CHUNK {blockData=conID: 2 locID: 102652566419145366 bcsId: 0} | ret=SUCCESS |  
2019-08-21 02:17:37,730 | INFO  | DNAudit | user=null | ip=null | op=WRITE_CHUNK {blockData=conID: 2 locID: 102652566419145366 bcsId: 0} | ret=SUCCESS |  
2019-08-21 02:17:37,730 | INFO  | DNAudit | user=null | ip=null | op=WRITE_CHUNK {blockData=conID: 2 locID: 102652566419145366 bcsId: 0} | ret=SUCCESS |  
2019-08-21 02:17:37,732 | INFO  | DNAudit | user=null | ip=null | op=WRITE_CHUNK {blockData=conID: 2 locID: 102652566419145366 bcsId: 0} | ret=SUCCESS |  
2019-08-21 02:17:37,732 | INFO  | DNAudit | user=null | ip=null | op=WRITE_CHUNK {blockData=conID: 2 locID: 102652566419145366 bcsId: 0} | ret=SUCCESS |  
2019-08-21 02:17:37,739 | INFO  | DNAudit | user=null | ip=null | op=WRITE_CHUNK {blockData=conID: 2 locID: 102652566419145366 bcsId: 0} | ret=SUCCESS |  
2019-08-21 02:17:37,740 | INFO  | DNAudit | user=null | ip=null | op=PUT_BLOCK {blockData=[blockId=conID: 2 locID: 102652566419145366 bcsId: 0,size=1048576]} | ret=SUCCESS |  
2019-08-21 02:17:37,740 | INFO  | DNAudit | user=null | ip=null | op=WRITE_CHUNK {blockData=conID: 2 locID: 102652566419145366 bcsId: 0} | ret=SUCCESS |  
2019-08-21 02:17:37,740 [grpc-default-executor-4] INFO  client.GrpcClientProtocolClient (GrpcClientProtocolClient.java:onNext(255)) - client-54CC064C3FCE->8224e767-71c1-41fc-a01a-d172d48fd9d8: receive RaftClientReply:client-54CC064C3FCE->8224e767-71c1-41fc-a01a-d172d48fd9d8@group-F6B37CC92441, cid=3184, SUCCESS, logIndex=4785, commits[8224e767-71c1-41fc-a01a-d172d48fd9d8:c4786, 6eae0c21-01aa-4169-956f-5952b26ea7ba:c4784, 8d7dcba1-3b82-4d94-a832-514ef5c79cf8:c4784]
2019-08-21 02:17:37,740 | INFO  | DNAudit | user=null | ip=null | op=PUT_BLOCK {blockData=[blockId=conID: 2 locID: 102652566419145366 bcsId: 0,size=2097152]} | ret=SUCCESS |  
2019-08-21 02:17:37,740 [grpc-default-executor-4] INFO  client.GrpcClientProtocolClient (GrpcClientProtocolClient.java:onNext(255)) - client-54CC064C3FCE->8224e767-71c1-41fc-a01a-d172d48fd9d8: receive RaftClientReply:client-54CC064C3FCE->8224e767-71c1-41fc-a01a-d172d48fd9d8@group-F6B37CC92441, cid=3185, SUCCESS, logIndex=4786, commits[8224e767-71c1-41fc-a01a-d172d48fd9d8:c4788, 6eae0c21-01aa-4169-956f-5952b26ea7ba:c4784, 8d7dcba1-3b82-4d94-a832-514ef5c79cf8:c4784]
2019-08-21 02:17:37,741 [grpc-default-executor-4] INFO  client.GrpcClientProtocolClient (GrpcClientProtocolClient.java:onNext(255)) - client-54CC064C3FCE->8224e767-71c1-41fc-a01a-d172d48fd9d8: receive RaftClientReply:client-54CC064C3FCE->8224e767-71c1-41fc-a01a-d172d48fd9d8@group-F6B37CC92441, cid=3186, SUCCESS, logIndex=4787, commits[8224e767-71c1-41fc-a01a-d172d48fd9d8:c4788, 6eae0c21-01aa-4169-956f-5952b26ea7ba:c4784, 8d7dcba1-3b82-4d94-a832-514ef5c79cf8:c4784]
2019-08-21 02:17:37,741 [grpc-default-executor-4] INFO  client.GrpcClientProtocolClient (GrpcClientProtocolClient.java:onNext(255)) - client-54CC064C3FCE->8224e767-71c1-41fc-a01a-d172d48fd9d8: receive RaftClientReply:client-54CC064C3FCE->8224e767-71c1-41fc-a01a-d172d48fd9d8@group-F6B37CC92441, cid=3187, SUCCESS, logIndex=4788, commits[8224e767-71c1-41fc-a01a-d172d48fd9d8:c4788, 6eae0c21-01aa-4169-956f-5952b26ea7ba:c4784, 8d7dcba1-3b82-4d94-a832-514ef5c79cf8:c4784]
2019-08-21 02:17:37,741 | INFO  | DNAudit | user=null | ip=null | op=WRITE_CHUNK {blockData=conID: 2 locID: 102652566419145366 bcsId: 0} | ret=SUCCESS |  
2019-08-21 02:17:37,741 | INFO  | DNAudit | user=null | ip=null | op=WRITE_CHUNK {blockData=conID: 2 locID: 102652566419145366 bcsId: 0} | ret=SUCCESS |  
2019-08-21 02:17:37,741 | INFO  | DNAudit | user=null | ip=null | op=PUT_BLOCK {blockData=[blockId=conID: 2 locID: 102652566419145366 bcsId: 0,size=1048576]} | ret=SUCCESS |  
2019-08-21 02:17:37,741 | INFO  | DNAudit | user=null | ip=null | op=PUT_BLOCK {blockData=[blockId=conID: 2 locID: 102652566419145366 bcsId: 0,size=1048576]} | ret=SUCCESS |  
2019-08-21 02:17:37,742 [grpc-default-executor-4] INFO  client.GrpcClientProtocolClient (GrpcClientProtocolClient.java:onNext(255)) - client-54CC064C3FCE->8224e767-71c1-41fc-a01a-d172d48fd9d8: receive RaftClientReply:client-54CC064C3FCE->8224e767-71c1-41fc-a01a-d172d48fd9d8@group-F6B37CC92441, cid=3188, SUCCESS, logIndex=0, commits[8224e767-71c1-41fc-a01a-d172d48fd9d8:c4790, 6eae0c21-01aa-4169-956f-5952b26ea7ba:c4786, 8d7dcba1-3b82-4d94-a832-514ef5c79cf8:c4786]
2019-08-21 02:17:37,742 | INFO  | DNAudit | user=null | ip=null | op=WRITE_CHUNK {blockData=conID: 2 locID: 102652566419145366 bcsId: 0} | ret=SUCCESS |  
2019-08-21 02:17:37,742 | INFO  | DNAudit | user=null | ip=null | op=WRITE_CHUNK {blockData=conID: 2 locID: 102652566419145366 bcsId: 0} | ret=SUCCESS |  
2019-08-21 02:17:37,742 | INFO  | DNAudit | user=null | ip=null | op=PUT_BLOCK {blockData=[blockId=conID: 2 locID: 102652566419145366 bcsId: 0,size=2097152]} | ret=SUCCESS |  
2019-08-21 02:17:37,742 | INFO  | DNAudit | user=null | ip=null | op=PUT_BLOCK {blockData=[blockId=conID: 2 locID: 102652566419145366 bcsId: 0,size=2097152]} | ret=SUCCESS |  
2019-08-21 02:17:37,749 | INFO  | DNAudit | user=null | ip=null | op=WRITE_CHUNK {blockData=conID: 2 locID: 102652566419145366 bcsId: 4788} | ret=SUCCESS |  
2019-08-21 02:17:37,752 | INFO  | DNAudit | user=null | ip=null | op=WRITE_CHUNK {blockData=conID: 2 locID: 102652566419145366 bcsId: 4788} | ret=SUCCESS |  
2019-08-21 02:17:37,752 | INFO  | DNAudit | user=null | ip=null | op=WRITE_CHUNK {blockData=conID: 2 locID: 102652566419145366 bcsId: 4788} | ret=SUCCESS |  
2019-08-21 02:17:37,754 | INFO  | DNAudit | user=null | ip=null | op=WRITE_CHUNK {blockData=conID: 2 locID: 102652566419145366 bcsId: 4788} | ret=SUCCESS |  
2019-08-21 02:17:37,754 | INFO  | DNAudit | user=null | ip=null | op=PUT_BLOCK {blockData=[blockId=conID: 2 locID: 102652566419145366 bcsId: 0,size=3145728]} | ret=SUCCESS |  
2019-08-21 02:17:37,754 [grpc-default-executor-3] INFO  client.GrpcClientProtocolClient (GrpcClientProtocolClient.java:onNext(255)) - client-54CC064C3FCE->8224e767-71c1-41fc-a01a-d172d48fd9d8: receive RaftClientReply:client-54CC064C3FCE->8224e767-71c1-41fc-a01a-d172d48fd9d8@group-F6B37CC92441, cid=3189, SUCCESS, logIndex=4793, commits[8224e767-71c1-41fc-a01a-d172d48fd9d8:c4794, 6eae0c21-01aa-4169-956f-5952b26ea7ba:c4792, 8d7dcba1-3b82-4d94-a832-514ef5c79cf8:c4792]
2019-08-21 02:17:37,755 [grpc-default-executor-3] INFO  client.GrpcClientProtocolClient (GrpcClientProtocolClient.java:onNext(255)) - client-54CC064C3FCE->8224e767-71c1-41fc-a01a-d172d48fd9d8: receive RaftClientReply:client-54CC064C3FCE->8224e767-71c1-41fc-a01a-d172d48fd9d8@group-F6B37CC92441, cid=3190, SUCCESS, logIndex=4794, commits[8224e767-71c1-41fc-a01a-d172d48fd9d8:c4794, 6eae0c21-01aa-4169-956f-5952b26ea7ba:c4792, 8d7dcba1-3b82-4d94-a832-514ef5c79cf8:c4792]
2019-08-21 02:17:37,755 | INFO  | DNAudit | user=null | ip=null | op=WRITE_CHUNK {blockData=conID: 2 locID: 102652566419145366 bcsId: 4788} | ret=SUCCESS |  
2019-08-21 02:17:37,755 | INFO  | DNAudit | user=null | ip=null | op=PUT_BLOCK {blockData=[blockId=conID: 2 locID: 102652566419145366 bcsId: 0,size=3145728]} | ret=SUCCESS |  
2019-08-21 02:17:37,757 | INFO  | DNAudit | user=null | ip=null | op=WRITE_CHUNK {blockData=conID: 2 locID: 102652566419145366 bcsId: 4788} | ret=SUCCESS |  
2019-08-21 02:17:37,758 | INFO  | DNAudit | user=null | ip=null | op=PUT_BLOCK {blockData=[blockId=conID: 2 locID: 102652566419145366 bcsId: 0,size=3145728]} | ret=SUCCESS |  
2019-08-21 02:17:37,761 | INFO  | DNAudit | user=null | ip=null | op=WRITE_CHUNK {blockData=conID: 2 locID: 102652566419145366 bcsId: 4794} | ret=SUCCESS |  
2019-08-21 02:17:37,764 | INFO  | DNAudit | user=null | ip=null | op=WRITE_CHUNK {blockData=conID: 2 locID: 102652566419145366 bcsId: 4794} | ret=SUCCESS |  
2019-08-21 02:17:37,764 | INFO  | DNAudit | user=null | ip=null | op=WRITE_CHUNK {blockData=conID: 2 locID: 102652566419145366 bcsId: 4794} | ret=SUCCESS |  
2019-08-21 02:17:37,781 | INFO  | DNAudit | user=null | ip=null | op=WRITE_CHUNK {blockData=conID: 2 locID: 102652566419145366 bcsId: 4794} | ret=SUCCESS |  
2019-08-21 02:17:37,781 | INFO  | DNAudit | user=null | ip=null | op=PUT_BLOCK {blockData=[blockId=conID: 2 locID: 102652566419145366 bcsId: 0,size=4194304]} | ret=SUCCESS |  
2019-08-21 02:17:37,781 [grpc-default-executor-1] INFO  client.GrpcClientProtocolClient (GrpcClientProtocolClient.java:onNext(255)) - client-54CC064C3FCE->8224e767-71c1-41fc-a01a-d172d48fd9d8: receive RaftClientReply:client-54CC064C3FCE->8224e767-71c1-41fc-a01a-d172d48fd9d8@group-F6B37CC92441, cid=3191, SUCCESS, logIndex=4797, commits[8224e767-71c1-41fc-a01a-d172d48fd9d8:c4798, 6eae0c21-01aa-4169-956f-5952b26ea7ba:c4796, 8d7dcba1-3b82-4d94-a832-514ef5c79cf8:c4796]
2019-08-21 02:17:37,782 [grpc-default-executor-1] INFO  client.GrpcClientProtocolClient (GrpcClientProtocolClient.java:onNext(255)) - client-54CC064C3FCE->8224e767-71c1-41fc-a01a-d172d48fd9d8: receive RaftClientReply:client-54CC064C3FCE->8224e767-71c1-41fc-a01a-d172d48fd9d8@group-F6B37CC92441, cid=3192, SUCCESS, logIndex=4798, commits[8224e767-71c1-41fc-a01a-d172d48fd9d8:c4798, 6eae0c21-01aa-4169-956f-5952b26ea7ba:c4796, 8d7dcba1-3b82-4d94-a832-514ef5c79cf8:c4796]
2019-08-21 02:17:37,792 | INFO  | DNAudit | user=null | ip=null | op=WRITE_CHUNK {blockData=conID: 2 locID: 102652566419145366 bcsId: 4794} | ret=SUCCESS |  
2019-08-21 02:17:37,792 | INFO  | DNAudit | user=null | ip=null | op=WRITE_CHUNK {blockData=conID: 2 locID: 102652566419145366 bcsId: 4794} | ret=SUCCESS |  
2019-08-21 02:17:37,795 | INFO  | DNAudit | user=null | ip=null | op=PUT_BLOCK {blockData=[blockId=conID: 2 locID: 102652566419145366 bcsId: 0,size=4194304]} | ret=SUCCESS |  
2019-08-21 02:17:37,796 | INFO  | DNAudit | user=null | ip=null | op=PUT_BLOCK {blockData=[blockId=conID: 2 locID: 102652566419145366 bcsId: 0,size=4194304]} | ret=SUCCESS |  
2019-08-21 02:17:37,796 [grpc-default-executor-1] INFO  client.GrpcClientProtocolClient (GrpcClientProtocolClient.java:onNext(255)) - client-54CC064C3FCE->8224e767-71c1-41fc-a01a-d172d48fd9d8: receive RaftClientReply:client-54CC064C3FCE->8224e767-71c1-41fc-a01a-d172d48fd9d8@group-F6B37CC92441, cid=3193, SUCCESS, logIndex=0, commits[8224e767-71c1-41fc-a01a-d172d48fd9d8:c4800, 6eae0c21-01aa-4169-956f-5952b26ea7ba:c4798, 8d7dcba1-3b82-4d94-a832-514ef5c79cf8:c4798]
2019-08-21 02:17:37,805 | INFO  | SCMAudit | user=jenkins1000 | ip=192.168.34.10 | op=ALLOCATE_BLOCK {owner=b6f66289-f2a0-4058-b052-0a85e40df67b, size=4194304, type=RATIS, factor=THREE} | ret=SUCCESS |  
2019-08-21 02:17:37,809 | INFO  | OMAudit | user=jenkins1000 | ip=127.0.0.1 | op=ALLOCATE_BLOCK {volume=vol-0-90982, bucket=bucket-0-24269, key=key-0-81262, dataSize=0, replicationType=null, replicationFactor=null, keyLocationInfo=null, clientID=102652564580991378} | ret=SUCCESS |  
2019-08-21 02:17:37,816 | INFO  | DNAudit | user=null | ip=null | op=WRITE_CHUNK {blockData=conID: 3 locID: 102652566425109143 bcsId: 0} | ret=SUCCESS |  
2019-08-21 02:17:37,819 | INFO  | DNAudit | user=null | ip=null | op=WRITE_CHUNK {blockData=conID: 3 locID: 102652566425109143 bcsId: 0} | ret=SUCCESS |  
2019-08-21 02:17:37,819 | INFO  | DNAudit | user=null | ip=null | op=WRITE_CHUNK {blockData=conID: 3 locID: 102652566425109143 bcsId: 0} | ret=SUCCESS |  
2019-08-21 02:17:37,820 | INFO  | DNAudit | user=null | ip=null | op=WRITE_CHUNK {blockData=conID: 3 locID: 102652566425109143 bcsId: 0} | ret=SUCCESS |  
2019-08-21 02:17:37,820 | INFO  | DNAudit | user=null | ip=null | op=WRITE_CHUNK {blockData=conID: 3 locID: 102652566425109143 bcsId: 0} | ret=SUCCESS |  
2019-08-21 02:17:37,821 | INFO  | DNAudit | user=null | ip=null | op=WRITE_CHUNK {blockData=conID: 3 locID: 102652566425109143 bcsId: 0} | ret=SUCCESS |  
2019-08-21 02:17:37,831 | INFO  | DNAudit | user=null | ip=null | op=WRITE_CHUNK {blockData=conID: 3 locID: 102652566425109143 bcsId: 0} | ret=SUCCESS |  
2019-08-21 02:17:37,832 | INFO  | DNAudit | user=null | ip=null | op=PUT_BLOCK {blockData=[blockId=conID: 3 locID: 102652566425109143 bcsId: 0,size=1048576]} | ret=SUCCESS |  
2019-08-21 02:17:37,832 [grpc-default-executor-4] INFO  client.GrpcClientProtocolClient (GrpcClientProtocolClient.java:onNext(255)) - client-54CC064C3FCE->8224e767-71c1-41fc-a01a-d172d48fd9d8: receive RaftClientReply:client-54CC064C3FCE->8224e767-71c1-41fc-a01a-d172d48fd9d8@group-F6B37CC92441, cid=3194, SUCCESS, logIndex=4801, commits[8224e767-71c1-41fc-a01a-d172d48fd9d8:c4803, 6eae0c21-01aa-4169-956f-5952b26ea7ba:c4800, 8d7dcba1-3b82-4d94-a832-514ef5c79cf8:c4800]
2019-08-21 02:17:37,832 | INFO  | DNAudit | user=null | ip=null | op=WRITE_CHUNK {blockData=conID: 3 locID: 102652566425109143 bcsId: 0} | ret=SUCCESS |  
2019-08-21 02:17:37,832 | INFO  | DNAudit | user=null | ip=null | op=PUT_BLOCK {blockData=[blockId=conID: 3 locID: 102652566425109143 bcsId: 0,size=2097152]} | ret=SUCCESS |  
2019-08-21 02:17:37,832 [grpc-default-executor-4] INFO  client.GrpcClientProtocolClient (GrpcClientProtocolClient.java:onNext(255)) - client-54CC064C3FCE->8224e767-71c1-41fc-a01a-d172d48fd9d8: receive RaftClientReply:client-54CC064C3FCE->8224e767-71c1-41fc-a01a-d172d48fd9d8@group-F6B37CC92441, cid=3195, SUCCESS, logIndex=4802, commits[8224e767-71c1-41fc-a01a-d172d48fd9d8:c4804, 6eae0c21-01aa-4169-956f-5952b26ea7ba:c4800, 8d7dcba1-3b82-4d94-a832-514ef5c79cf8:c4800]
2019-08-21 02:17:37,833 [grpc-default-executor-4] INFO  client.GrpcClientProtocolClient (GrpcClientProtocolClient.java:onNext(255)) - client-54CC064C3FCE->8224e767-71c1-41fc-a01a-d172d48fd9d8: receive RaftClientReply:client-54CC064C3FCE->8224e767-71c1-41fc-a01a-d172d48fd9d8@group-F6B37CC92441, cid=3196, SUCCESS, logIndex=4803, commits[8224e767-71c1-41fc-a01a-d172d48fd9d8:c4804, 6eae0c21-01aa-4169-956f-5952b26ea7ba:c4800, 8d7dcba1-3b82-4d94-a832-514ef5c79cf8:c4800]
2019-08-21 02:17:37,833 [grpc-default-executor-4] INFO  client.GrpcClientProtocolClient (GrpcClientProtocolClient.java:onNext(255)) - client-54CC064C3FCE->8224e767-71c1-41fc-a01a-d172d48fd9d8: receive RaftClientReply:client-54CC064C3FCE->8224e767-71c1-41fc-a01a-d172d48fd9d8@group-F6B37CC92441, cid=3197, SUCCESS, logIndex=4804, commits[8224e767-71c1-41fc-a01a-d172d48fd9d8:c4804, 6eae0c21-01aa-4169-956f-5952b26ea7ba:c4800, 8d7dcba1-3b82-4d94-a832-514ef5c79cf8:c4800]
2019-08-21 02:17:37,843 | INFO  | DNAudit | user=null | ip=null | op=WRITE_CHUNK {blockData=conID: 3 locID: 102652566425109143 bcsId: 0} | ret=SUCCESS |  
2019-08-21 02:17:37,843 | INFO  | DNAudit | user=null | ip=null | op=WRITE_CHUNK {blockData=conID: 3 locID: 102652566425109143 bcsId: 0} | ret=SUCCESS |  
2019-08-21 02:17:37,844 | INFO  | DNAudit | user=null | ip=null | op=PUT_BLOCK {blockData=[blockId=conID: 3 locID: 102652566425109143 bcsId: 0,size=1048576]} | ret=SUCCESS |  
2019-08-21 02:17:37,844 | INFO  | DNAudit | user=null | ip=null | op=PUT_BLOCK {blockData=[blockId=conID: 3 locID: 102652566425109143 bcsId: 0,size=1048576]} | ret=SUCCESS |  
2019-08-21 02:17:37,844 [grpc-default-executor-1] INFO  client.GrpcClientProtocolClient (GrpcClientProtocolClient.java:onNext(255)) - client-54CC064C3FCE->8224e767-71c1-41fc-a01a-d172d48fd9d8: receive RaftClientReply:client-54CC064C3FCE->8224e767-71c1-41fc-a01a-d172d48fd9d8@group-F6B37CC92441, cid=3198, SUCCESS, logIndex=0, commits[8224e767-71c1-41fc-a01a-d172d48fd9d8:c4805, 6eae0c21-01aa-4169-956f-5952b26ea7ba:c4802, 8d7dcba1-3b82-4d94-a832-514ef5c79cf8:c4802]
2019-08-21 02:17:37,845 | INFO  | DNAudit | user=null | ip=null | op=WRITE_CHUNK {blockData=conID: 3 locID: 102652566425109143 bcsId: 0} | ret=SUCCESS |  
2019-08-21 02:17:37,845 | INFO  | DNAudit | user=null | ip=null | op=PUT_BLOCK {blockData=[blockId=conID: 3 locID: 102652566425109143 bcsId: 0,size=2097152]} | ret=SUCCESS |  
2019-08-21 02:17:37,845 | INFO  | DNAudit | user=null | ip=null | op=WRITE_CHUNK {blockData=conID: 3 locID: 102652566425109143 bcsId: 0} | ret=SUCCESS |  
2019-08-21 02:17:37,846 | INFO  | DNAudit | user=null | ip=null | op=PUT_BLOCK {blockData=[blockId=conID: 3 locID: 102652566425109143 bcsId: 0,size=2097152]} | ret=SUCCESS |  
2019-08-21 02:17:37,851 | INFO  | DNAudit | user=null | ip=null | op=WRITE_CHUNK {blockData=conID: 3 locID: 102652566425109143 bcsId: 4804} | ret=SUCCESS |  
2019-08-21 02:17:37,853 | INFO  | DNAudit | user=null | ip=null | op=WRITE_CHUNK {blockData=conID: 3 locID: 102652566425109143 bcsId: 4804} | ret=SUCCESS |  
2019-08-21 02:17:37,854 | INFO  | DNAudit | user=null | ip=null | op=WRITE_CHUNK {blockData=conID: 3 locID: 102652566425109143 bcsId: 4804} | ret=SUCCESS |  
2019-08-21 02:17:37,866 | INFO  | DNAudit | user=null | ip=null | op=WRITE_CHUNK {blockData=conID: 3 locID: 102652566425109143 bcsId: 4804} | ret=SUCCESS |  
2019-08-21 02:17:37,866 | INFO  | DNAudit | user=null | ip=null | op=PUT_BLOCK {blockData=[blockId=conID: 3 locID: 102652566425109143 bcsId: 0,size=3145728]} | ret=SUCCESS |  
2019-08-21 02:17:37,867 [grpc-default-executor-3] INFO  client.GrpcClientProtocolClient (GrpcClientProtocolClient.java:onNext(255)) - client-54CC064C3FCE->8224e767-71c1-41fc-a01a-d172d48fd9d8: receive RaftClientReply:client-54CC064C3FCE->8224e767-71c1-41fc-a01a-d172d48fd9d8@group-F6B37CC92441, cid=3199, SUCCESS, logIndex=4809, commits[8224e767-71c1-41fc-a01a-d172d48fd9d8:c4810, 6eae0c21-01aa-4169-956f-5952b26ea7ba:c4808, 8d7dcba1-3b82-4d94-a832-514ef5c79cf8:c4808]
2019-08-21 02:17:37,867 [grpc-default-executor-3] INFO  client.GrpcClientProtocolClient (GrpcClientProtocolClient.java:onNext(255)) - client-54CC064C3FCE->8224e767-71c1-41fc-a01a-d172d48fd9d8: receive RaftClientReply:client-54CC064C3FCE->8224e767-71c1-41fc-a01a-d172d48fd9d8@group-F6B37CC92441, cid=3200, SUCCESS, logIndex=4810, commits[8224e767-71c1-41fc-a01a-d172d48fd9d8:c4810, 6eae0c21-01aa-4169-956f-5952b26ea7ba:c4808, 8d7dcba1-3b82-4d94-a832-514ef5c79cf8:c4808]
2019-08-21 02:17:37,874 | INFO  | DNAudit | user=null | ip=null | op=WRITE_CHUNK {blockData=conID: 3 locID: 102652566425109143 bcsId: 4810} | ret=SUCCESS |  
2019-08-21 02:17:37,876 | INFO  | DNAudit | user=null | ip=null | op=WRITE_CHUNK {blockData=conID: 3 locID: 102652566425109143 bcsId: 4810} | ret=SUCCESS |  
2019-08-21 02:17:37,876 | INFO  | DNAudit | user=null | ip=null | op=WRITE_CHUNK {blockData=conID: 3 locID: 102652566425109143 bcsId: 4810} | ret=SUCCESS |  
2019-08-21 02:17:37,877 | INFO  | DNAudit | user=null | ip=null | op=WRITE_CHUNK {blockData=conID: 3 locID: 102652566425109143 bcsId: 4804} | ret=SUCCESS |  
2019-08-21 02:17:37,877 | INFO  | DNAudit | user=null | ip=null | op=WRITE_CHUNK {blockData=conID: 3 locID: 102652566425109143 bcsId: 4804} | ret=SUCCESS |  
2019-08-21 02:17:37,877 | INFO  | DNAudit | user=null | ip=null | op=PUT_BLOCK {blockData=[blockId=conID: 3 locID: 102652566425109143 bcsId: 0,size=3145728]} | ret=SUCCESS |  
2019-08-21 02:17:37,877 | INFO  | DNAudit | user=null | ip=null | op=PUT_BLOCK {blockData=[blockId=conID: 3 locID: 102652566425109143 bcsId: 0,size=3145728]} | ret=SUCCESS |  
2019-08-21 02:17:37,880 | INFO  | DNAudit | user=null | ip=null | op=WRITE_CHUNK {blockData=conID: 3 locID: 102652566425109143 bcsId: 4810} | ret=SUCCESS |  
2019-08-21 02:17:37,880 | INFO  | DNAudit | user=null | ip=null | op=PUT_BLOCK {blockData=[blockId=conID: 3 locID: 102652566425109143 bcsId: 0,size=4194304]} | ret=SUCCESS |  
2019-08-21 02:17:37,880 [grpc-default-executor-1] INFO  client.GrpcClientProtocolClient (GrpcClientProtocolClient.java:onNext(255)) - client-54CC064C3FCE->8224e767-71c1-41fc-a01a-d172d48fd9d8: receive RaftClientReply:client-54CC064C3FCE->8224e767-71c1-41fc-a01a-d172d48fd9d8@group-F6B37CC92441, cid=3201, SUCCESS, logIndex=4813, commits[8224e767-71c1-41fc-a01a-d172d48fd9d8:c4814, 6eae0c21-01aa-4169-956f-5952b26ea7ba:c4810, 8d7dcba1-3b82-4d94-a832-514ef5c79cf8:c4810]
2019-08-21 02:17:37,881 [grpc-default-executor-1] INFO  client.GrpcClientProtocolClient (GrpcClientProtocolClient.java:onNext(255)) - client-54CC064C3FCE->8224e767-71c1-41fc-a01a-d172d48fd9d8: receive RaftClientReply:client-54CC064C3FCE->8224e767-71c1-41fc-a01a-d172d48fd9d8@group-F6B37CC92441, cid=3202, SUCCESS, logIndex=4814, commits[8224e767-71c1-41fc-a01a-d172d48fd9d8:c4814, 6eae0c21-01aa-4169-956f-5952b26ea7ba:c4810, 8d7dcba1-3b82-4d94-a832-514ef5c79cf8:c4810]
2019-08-21 02:17:37,893 | INFO  | DNAudit | user=null | ip=null | op=WRITE_CHUNK {blockData=conID: 3 locID: 102652566425109143 bcsId: 4810} | ret=SUCCESS |  
2019-08-21 02:17:37,893 | INFO  | DNAudit | user=null | ip=null | op=WRITE_CHUNK {blockData=conID: 3 locID: 102652566425109143 bcsId: 4810} | ret=SUCCESS |  
2019-08-21 02:17:37,904 | INFO  | DNAudit | user=null | ip=null | op=PUT_BLOCK {blockData=[blockId=conID: 3 locID: 102652566425109143 bcsId: 0,size=4194304]} | ret=SUCCESS |  
2019-08-21 02:17:37,904 | INFO  | DNAudit | user=null | ip=null | op=PUT_BLOCK {blockData=[blockId=conID: 3 locID: 102652566425109143 bcsId: 0,size=4194304]} | ret=SUCCESS |  
2019-08-21 02:17:37,905 [grpc-default-executor-4] INFO  client.GrpcClientProtocolClient (GrpcClientProtocolClient.java:onNext(255)) - client-54CC064C3FCE->8224e767-71c1-41fc-a01a-d172d48fd9d8: receive RaftClientReply:client-54CC064C3FCE->8224e767-71c1-41fc-a01a-d172d48fd9d8@group-F6B37CC92441, cid=3203, SUCCESS, logIndex=0, commits[8224e767-71c1-41fc-a01a-d172d48fd9d8:c4816, 6eae0c21-01aa-4169-956f-5952b26ea7ba:c4814, 8d7dcba1-3b82-4d94-a832-514ef5c79cf8:c4814]
2019-08-21 02:17:37,911 | INFO  | SCMAudit | user=jenkins1000 | ip=192.168.34.10 | op=ALLOCATE_BLOCK {owner=b6f66289-f2a0-4058-b052-0a85e40df67b, size=4194304, type=RATIS, factor=THREE} | ret=SUCCESS |  
2019-08-21 02:17:37,915 | INFO  | OMAudit | user=jenkins1000 | ip=127.0.0.1 | op=ALLOCATE_BLOCK {volume=vol-0-90982, bucket=bucket-0-24269, key=key-0-81262, dataSize=0, replicationType=null, replicationFactor=null, keyLocationInfo=null, clientID=102652564580991378} | ret=SUCCESS |  
2019-08-21 02:17:38,668 [Thread-291] WARN  util.JavaUtils (JavaUtils.java:sleep(250)) - Unexpected long sleep: sleep(5134ms) actually took 5457ms which is over the threshold 300ms
2019-08-21 02:17:38,668 [Thread-290] WARN  util.JavaUtils (JavaUtils.java:sleep(250)) - Unexpected long sleep: sleep(5045ms) actually took 5514ms which is over the threshold 300ms
 0.00% |█                                                                                                    |  0/1 Time: 0:00:292019-08-21 02:17:37,921 | INFO  | DNAudit | user=null | ip=null | op=WRITE_CHUNK {blockData=conID: 1 locID: 102652566432055960 bcsId: 0} | ret=SUCCESS |  
2019-08-21 02:17:38,674 | INFO  | SCMAudit | user=jenkins1000 | ip=192.168.34.10 | op=SEND_HEARTBEAT {datanodeUUID=94764dae-819c-4b7e-92f1-9cd6c64427b7, command=[]} | ret=SUCCESS |  
2019-08-21 02:17:38,674 | INFO  | SCMAudit | user=jenkins1000 | ip=192.168.34.10 | op=SEND_HEARTBEAT {datanodeUUID=8d7dcba1-3b82-4d94-a832-514ef5c79cf8, command=[]} | ret=SUCCESS |  
2019-08-21 02:17:38,674 | INFO  | SCMAudit | user=jenkins1000 | ip=192.168.34.10 | op=SEND_HEARTBEAT {datanodeUUID=3def7c30-cb13-4f41-8119-6188f246ad27, command=[]} | ret=SUCCESS |  
2019-08-21 02:17:38,675 | INFO  | SCMAudit | user=jenkins1000 | ip=192.168.34.10 | op=SEND_HEARTBEAT {datanodeUUID=8224e767-71c1-41fc-a01a-d172d48fd9d8, command=[]} | ret=SUCCESS |  
2019-08-21 02:17:38,675 | INFO  | DNAudit | user=null | ip=null | op=WRITE_CHUNK {blockData=conID: 1 locID: 102652566432055960 bcsId: 0} | ret=SUCCESS |  
2019-08-21 02:17:38,675 | INFO  | SCMAudit | user=jenkins1000 | ip=192.168.34.10 | op=SEND_HEARTBEAT {datanodeUUID=6eae0c21-01aa-4169-956f-5952b26ea7ba, command=[]} | ret=SUCCESS |  
2019-08-21 02:17:38,679 | INFO  | DNAudit | user=null | ip=null | op=WRITE_CHUNK {blockData=conID: 1 locID: 102652566432055960 bcsId: 0} | ret=SUCCESS |  
2019-08-21 02:17:38,679 | INFO  | DNAudit | user=null | ip=null | op=WRITE_CHUNK {blockData=conID: 1 locID: 102652566432055960 bcsId: 0} | ret=SUCCESS |  
2019-08-21 02:17:38,680 | INFO  | DNAudit | user=null | ip=null | op=WRITE_CHUNK {blockData=conID: 1 locID: 102652566432055960 bcsId: 0} | ret=SUCCESS |  
2019-08-21 02:17:38,681 | INFO  | DNAudit | user=null | ip=null | op=WRITE_CHUNK {blockData=conID: 1 locID: 102652566432055960 bcsId: 0} | ret=SUCCESS |  
2019-08-21 02:17:38,688 | INFO  | DNAudit | user=null | ip=null | op=WRITE_CHUNK {blockData=conID: 1 locID: 102652566432055960 bcsId: 0} | ret=SUCCESS |  
2019-08-21 02:17:38,689 | INFO  | DNAudit | user=null | ip=null | op=PUT_BLOCK {blockData=[blockId=conID: 1 locID: 102652566432055960 bcsId: 0,size=1048576]} | ret=SUCCESS |  
2019-08-21 02:17:38,690 | INFO  | DNAudit | user=null | ip=null | op=WRITE_CHUNK {blockData=conID: 1 locID: 102652566432055960 bcsId: 0} | ret=SUCCESS |  
2019-08-21 02:17:38,690 | INFO  | DNAudit | user=null | ip=null | op=WRITE_CHUNK {blockData=conID: 1 locID: 102652566432055960 bcsId: 0} | ret=SUCCESS |  
2019-08-21 02:17:38,689 [grpc-default-executor-3] INFO  client.GrpcClientProtocolClient (GrpcClientProtocolClient.java:onNext(255)) - client-54CC064C3FCE->8224e767-71c1-41fc-a01a-d172d48fd9d8: receive RaftClientReply:client-54CC064C3FCE->8224e767-71c1-41fc-a01a-d172d48fd9d8@group-F6B37CC92441, cid=3204, SUCCESS, logIndex=4817, commits[8224e767-71c1-41fc-a01a-d172d48fd9d8:c4819, 6eae0c21-01aa-4169-956f-5952b26ea7ba:c4816, 8d7dcba1-3b82-4d94-a832-514ef5c79cf8:c4816]
2019-08-21 02:17:38,690 | INFO  | DNAudit | user=null | ip=null | op=PUT_BLOCK {blockData=[blockId=conID: 1 locID: 102652566432055960 bcsId: 0,size=2097152]} | ret=SUCCESS |  
2019-08-21 02:17:38,690 [grpc-default-executor-3] INFO  client.GrpcClientProtocolClient (GrpcClientProtocolClient.java:onNext(255)) - client-54CC064C3FCE->8224e767-71c1-41fc-a01a-d172d48fd9d8: receive RaftClientReply:client-54CC064C3FCE->8224e767-71c1-41fc-a01a-d172d48fd9d8@group-F6B37CC92441, cid=3205, SUCCESS, logIndex=4818, commits[8224e767-71c1-41fc-a01a-d172d48fd9d8:c4820, 6eae0c21-01aa-4169-956f-5952b26ea7ba:c4816, 8d7dcba1-3b82-4d94-a832-514ef5c79cf8:c4816]
2019-08-21 02:17:38,690 [grpc-default-executor-3] INFO  client.GrpcClientProtocolClient (GrpcClientProtocolClient.java:onNext(255)) - client-54CC064C3FCE->8224e767-71c1-41fc-a01a-d172d48fd9d8: receive RaftClientReply:client-54CC064C3FCE->8224e767-71c1-41fc-a01a-d172d48fd9d8@group-F6B37CC92441, cid=3206, SUCCESS, logIndex=4819, commits[8224e767-71c1-41fc-a01a-d172d48fd9d8:c4820, 6eae0c21-01aa-4169-956f-5952b26ea7ba:c4816, 8d7dcba1-3b82-4d94-a832-514ef5c79cf8:c4817]
2019-08-21 02:17:38,691 [grpc-default-executor-3] INFO  client.GrpcClientProtocolClient (GrpcClientProtocolClient.java:onNext(255)) - client-54CC064C3FCE->8224e767-71c1-41fc-a01a-d172d48fd9d8: receive RaftClientReply:client-54CC064C3FCE->8224e767-71c1-41fc-a01a-d172d48fd9d8@group-F6B37CC92441, cid=3207, SUCCESS, logIndex=4820, commits[8224e767-71c1-41fc-a01a-d172d48fd9d8:c4820, 6eae0c21-01aa-4169-956f-5952b26ea7ba:c4816, 8d7dcba1-3b82-4d94-a832-514ef5c79cf8:c4817]
2019-08-21 02:17:38,691 | INFO  | DNAudit | user=null | ip=null | op=WRITE_CHUNK {blockData=conID: 1 locID: 102652566432055960 bcsId: 0} | ret=SUCCESS |  
2019-08-21 02:17:38,692 | INFO  | DNAudit | user=null | ip=null | op=PUT_BLOCK {blockData=[blockId=conID: 1 locID: 102652566432055960 bcsId: 0,size=1048576]} | ret=SUCCESS |  
2019-08-21 02:17:38,702 | INFO  | DNAudit | user=null | ip=null | op=PUT_BLOCK {blockData=[blockId=conID: 1 locID: 102652566432055960 bcsId: 0,size=1048576]} | ret=SUCCESS |  
2019-08-21 02:17:38,703 | INFO  | DNAudit | user=null | ip=null | op=WRITE_CHUNK {blockData=conID: 1 locID: 102652566432055960 bcsId: 0} | ret=SUCCESS |  
2019-08-21 02:17:38,703 | INFO  | DNAudit | user=null | ip=null | op=WRITE_CHUNK {blockData=conID: 1 locID: 102652566432055960 bcsId: 0} | ret=SUCCESS |  
2019-08-21 02:17:38,703 | INFO  | DNAudit | user=null | ip=null | op=PUT_BLOCK {blockData=[blockId=conID: 1 locID: 102652566432055960 bcsId: 0,size=2097152]} | ret=SUCCESS |  
2019-08-21 02:17:38,703 | INFO  | DNAudit | user=null | ip=null | op=PUT_BLOCK {blockData=[blockId=conID: 1 locID: 102652566432055960 bcsId: 0,size=2097152]} | ret=SUCCESS |  
2019-08-21 02:17:38,703 [grpc-default-executor-1] INFO  client.GrpcClientProtocolClient (GrpcClientProtocolClient.java:onNext(255)) - client-54CC064C3FCE->8224e767-71c1-41fc-a01a-d172d48fd9d8: receive RaftClientReply:client-54CC064C3FCE->8224e767-71c1-41fc-a01a-d172d48fd9d8@group-F6B37CC92441, cid=3208, SUCCESS, logIndex=0, commits[8224e767-71c1-41fc-a01a-d172d48fd9d8:c4822, 6eae0c21-01aa-4169-956f-5952b26ea7ba:c4818, 8d7dcba1-3b82-4d94-a832-514ef5c79cf8:c4818]
2019-08-21 02:17:38,711 | INFO  | DNAudit | user=null | ip=null | op=WRITE_CHUNK {blockData=conID: 1 locID: 102652566432055960 bcsId: 4820} | ret=SUCCESS |  
2019-08-21 02:17:38,714 | INFO  | DNAudit | user=null | ip=null | op=WRITE_CHUNK {blockData=conID: 1 locID: 102652566432055960 bcsId: 4820} | ret=SUCCESS |  
2019-08-21 02:17:38,714 | INFO  | DNAudit | user=null | ip=null | op=WRITE_CHUNK {blockData=conID: 1 locID: 102652566432055960 bcsId: 4820} | ret=SUCCESS |  
2019-08-21 02:17:38,725 | INFO  | DNAudit | user=null | ip=null | op=WRITE_CHUNK {blockData=conID: 1 locID: 102652566432055960 bcsId: 4820} | ret=SUCCESS |  
2019-08-21 02:17:38,726 | INFO  | DNAudit | user=null | ip=null | op=PUT_BLOCK {blockData=[blockId=conID: 1 locID: 102652566432055960 bcsId: 0,size=3145728]} | ret=SUCCESS |  
2019-08-21 02:17:38,726 [grpc-default-executor-3] INFO  client.GrpcClientProtocolClient (GrpcClientProtocolClient.java:onNext(255)) - client-54CC064C3FCE->8224e767-71c1-41fc-a01a-d172d48fd9d8: receive RaftClientReply:client-54CC064C3FCE->8224e767-71c1-41fc-a01a-d172d48fd9d8@group-F6B37CC92441, cid=3209, SUCCESS, logIndex=4825, commits[8224e767-71c1-41fc-a01a-d172d48fd9d8:c4826, 6eae0c21-01aa-4169-956f-5952b26ea7ba:c4824, 8d7dcba1-3b82-4d94-a832-514ef5c79cf8:c4824]
2019-08-21 02:17:38,726 [grpc-default-executor-3] INFO  client.GrpcClientProtocolClient (GrpcClientProtocolClient.java:onNext(255)) - client-54CC064C3FCE->8224e767-71c1-41fc-a01a-d172d48fd9d8: receive RaftClientReply:client-54CC064C3FCE->8224e767-71c1-41fc-a01a-d172d48fd9d8@group-F6B37CC92441, cid=3210, SUCCESS, logIndex=4826, commits[8224e767-71c1-41fc-a01a-d172d48fd9d8:c4826, 6eae0c21-01aa-4169-956f-5952b26ea7ba:c4824, 8d7dcba1-3b82-4d94-a832-514ef5c79cf8:c4824]
2019-08-21 02:17:38,734 | INFO  | DNAudit | user=null | ip=null | op=WRITE_CHUNK {blockData=conID: 1 locID: 102652566432055960 bcsId: 4826} | ret=SUCCESS |  
2019-08-21 02:17:38,736 | INFO  | DNAudit | user=null | ip=null | op=WRITE_CHUNK {blockData=conID: 1 locID: 102652566432055960 bcsId: 4826} | ret=SUCCESS |  
2019-08-21 02:17:38,736 | INFO  | DNAudit | user=null | ip=null | op=WRITE_CHUNK {blockData=conID: 1 locID: 102652566432055960 bcsId: 4826} | ret=SUCCESS |  
2019-08-21 02:17:38,739 | INFO  | DNAudit | user=null | ip=null | op=WRITE_CHUNK {blockData=conID: 1 locID: 102652566432055960 bcsId: 4820} | ret=SUCCESS |  
2019-08-21 02:17:38,739 | INFO  | DNAudit | user=null | ip=null | op=WRITE_CHUNK {blockData=conID: 1 locID: 102652566432055960 bcsId: 4820} | ret=SUCCESS |  
2019-08-21 02:17:38,750 | INFO  | DNAudit | user=null | ip=null | op=PUT_BLOCK {blockData=[blockId=conID: 1 locID: 102652566432055960 bcsId: 0,size=3145728]} | ret=SUCCESS |  
2019-08-21 02:17:38,750 | INFO  | DNAudit | user=null | ip=null | op=PUT_BLOCK {blockData=[blockId=conID: 1 locID: 102652566432055960 bcsId: 0,size=3145728]} | ret=SUCCESS |  
2019-08-21 02:17:38,751 | INFO  | DNAudit | user=null | ip=null | op=WRITE_CHUNK {blockData=conID: 1 locID: 102652566432055960 bcsId: 4826} | ret=SUCCESS |  
2019-08-21 02:17:38,751 | INFO  | DNAudit | user=null | ip=null | op=PUT_BLOCK {blockData=[blockId=conID: 1 locID: 102652566432055960 bcsId: 0,size=4194304]} | ret=SUCCESS |  
2019-08-21 02:17:38,751 [grpc-default-executor-3] INFO  client.GrpcClientProtocolClient (GrpcClientProtocolClient.java:onNext(255)) - client-54CC064C3FCE->8224e767-71c1-41fc-a01a-d172d48fd9d8: receive RaftClientReply:client-54CC064C3FCE->8224e767-71c1-41fc-a01a-d172d48fd9d8@group-F6B37CC92441, cid=3211, SUCCESS, logIndex=4829, commits[8224e767-71c1-41fc-a01a-d172d48fd9d8:c4830, 6eae0c21-01aa-4169-956f-5952b26ea7ba:c4826, 8d7dcba1-3b82-4d94-a832-514ef5c79cf8:c4826]
2019-08-21 02:17:38,752 [grpc-default-executor-3] INFO  client.GrpcClientProtocolClient (GrpcClientProtocolClient.java:onNext(255)) - client-54CC064C3FCE->8224e767-71c1-41fc-a01a-d172d48fd9d8: receive RaftClientReply:client-54CC064C3FCE->8224e767-71c1-41fc-a01a-d172d48fd9d8@group-F6B37CC92441, cid=3212, SUCCESS, logIndex=4830, commits[8224e767-71c1-41fc-a01a-d172d48fd9d8:c4830, 6eae0c21-01aa-4169-956f-5952b26ea7ba:c4826, 8d7dcba1-3b82-4d94-a832-514ef5c79cf8:c4826]
2019-08-21 02:17:38,762 | INFO  | DNAudit | user=null | ip=null | op=WRITE_CHUNK {blockData=conID: 1 locID: 102652566432055960 bcsId: 4826} | ret=SUCCESS |  
2019-08-21 02:17:38,763 | INFO  | DNAudit | user=null | ip=null | op=WRITE_CHUNK {blockData=conID: 1 locID: 102652566432055960 bcsId: 4826} | ret=SUCCESS |  
2019-08-21 02:17:38,765 | INFO  | DNAudit | user=null | ip=null | op=PUT_BLOCK {blockData=[blockId=conID: 1 locID: 102652566432055960 bcsId: 0,size=4194304]} | ret=SUCCESS |  
2019-08-21 02:17:38,765 | INFO  | DNAudit | user=null | ip=null | op=PUT_BLOCK {blockData=[blockId=conID: 1 locID: 102652566432055960 bcsId: 0,size=4194304]} | ret=SUCCESS |  
2019-08-21 02:17:38,765 [grpc-default-executor-0] INFO  client.GrpcClientProtocolClient (GrpcClientProtocolClient.java:onNext(255)) - client-54CC064C3FCE->8224e767-71c1-41fc-a01a-d172d48fd9d8: receive RaftClientReply:client-54CC064C3FCE->8224e767-71c1-41fc-a01a-d172d48fd9d8@group-F6B37CC92441, cid=3213, SUCCESS, logIndex=0, commits[8224e767-71c1-41fc-a01a-d172d48fd9d8:c4832, 6eae0c21-01aa-4169-956f-5952b26ea7ba:c4830, 8d7dcba1-3b82-4d94-a832-514ef5c79cf8:c4830]
2019-08-21 02:17:38,774 | INFO  | SCMAudit | user=jenkins1000 | ip=192.168.34.10 | op=ALLOCATE_BLOCK {owner=b6f66289-f2a0-4058-b052-0a85e40df67b, size=4194304, type=RATIS, factor=THREE} | ret=SUCCESS |  
2019-08-21 02:17:38,779 | INFO  | OMAudit | user=jenkins1000 | ip=127.0.0.1 | op=ALLOCATE_BLOCK {volume=vol-0-90982, bucket=bucket-0-24269, key=key-0-81262, dataSize=0, replicationType=null, replicationFactor=null, keyLocationInfo=null, clientID=102652564580991378} | ret=SUCCESS |  
2019-08-21 02:17:38,787 | INFO  | DNAudit | user=null | ip=null | op=WRITE_CHUNK {blockData=conID: 2 locID: 102652566488547993 bcsId: 0} | ret=SUCCESS |  
2019-08-21 02:17:38,789 | INFO  | DNAudit | user=null | ip=null | op=WRITE_CHUNK {blockData=conID: 2 locID: 102652566488547993 bcsId: 0} | ret=SUCCESS |  
2019-08-21 02:17:38,790 | INFO  | DNAudit | user=null | ip=null | op=WRITE_CHUNK {blockData=conID: 2 locID: 102652566488547993 bcsId: 0} | ret=SUCCESS |  
2019-08-21 02:17:38,792 | INFO  | DNAudit | user=null | ip=null | op=WRITE_CHUNK {blockData=conID: 2 locID: 102652566488547993 bcsId: 0} | ret=SUCCESS |  
2019-08-21 02:17:38,793 | INFO  | DNAudit | user=null | ip=null | op=WRITE_CHUNK {blockData=conID: 2 locID: 102652566488547993 bcsId: 0} | ret=SUCCESS |  
2019-08-21 02:17:38,793 | INFO  | DNAudit | user=null | ip=null | op=WRITE_CHUNK {blockData=conID: 2 locID: 102652566488547993 bcsId: 0} | ret=SUCCESS |  
2019-08-21 02:17:38,803 | INFO  | DNAudit | user=null | ip=null | op=WRITE_CHUNK {blockData=conID: 2 locID: 102652566488547993 bcsId: 0} | ret=SUCCESS |  
2019-08-21 02:17:38,804 | INFO  | DNAudit | user=null | ip=null | op=PUT_BLOCK {blockData=[blockId=conID: 2 locID: 102652566488547993 bcsId: 0,size=1048576]} | ret=SUCCESS |  
2019-08-21 02:17:38,804 [grpc-default-executor-3] INFO  client.GrpcClientProtocolClient (GrpcClientProtocolClient.java:onNext(255)) - client-54CC064C3FCE->8224e767-71c1-41fc-a01a-d172d48fd9d8: receive RaftClientReply:client-54CC064C3FCE->8224e767-71c1-41fc-a01a-d172d48fd9d8@group-F6B37CC92441, cid=3214, SUCCESS, logIndex=4833, commits[8224e767-71c1-41fc-a01a-d172d48fd9d8:c4834, 6eae0c21-01aa-4169-956f-5952b26ea7ba:c4832, 8d7dcba1-3b82-4d94-a832-514ef5c79cf8:c4832]
2019-08-21 02:17:38,805 | INFO  | DNAudit | user=null | ip=null | op=WRITE_CHUNK {blockData=conID: 2 locID: 102652566488547993 bcsId: 0} | ret=SUCCESS |  
2019-08-21 02:17:38,805 [grpc-default-executor-3] INFO  client.GrpcClientProtocolClient (GrpcClientProtocolClient.java:onNext(255)) - client-54CC064C3FCE->8224e767-71c1-41fc-a01a-d172d48fd9d8: receive RaftClientReply:client-54CC064C3FCE->8224e767-71c1-41fc-a01a-d172d48fd9d8@group-F6B37CC92441, cid=3215, SUCCESS, logIndex=4834, commits[8224e767-71c1-41fc-a01a-d172d48fd9d8:c4836, 6eae0c21-01aa-4169-956f-5952b26ea7ba:c4832, 8d7dcba1-3b82-4d94-a832-514ef5c79cf8:c4832]
2019-08-21 02:17:38,805 | INFO  | DNAudit | user=null | ip=null | op=PUT_BLOCK {blockData=[blockId=conID: 2 locID: 102652566488547993 bcsId: 0,size=2097152]} | ret=SUCCESS |  
2019-08-21 02:17:38,806 [grpc-default-executor-3] INFO  client.GrpcClientProtocolClient (GrpcClientProtocolClient.java:onNext(255)) - client-54CC064C3FCE->8224e767-71c1-41fc-a01a-d172d48fd9d8: receive RaftClientReply:client-54CC064C3FCE->8224e767-71c1-41fc-a01a-d172d48fd9d8@group-F6B37CC92441, cid=3216, SUCCESS, logIndex=4835, commits[8224e767-71c1-41fc-a01a-d172d48fd9d8:c4836, 6eae0c21-01aa-4169-956f-5952b26ea7ba:c4832, 8d7dcba1-3b82-4d94-a832-514ef5c79cf8:c4832]
2019-08-21 02:17:38,806 [grpc-default-executor-3] INFO  client.GrpcClientProtocolClient (GrpcClientProtocolClient.java:onNext(255)) - client-54CC064C3FCE->8224e767-71c1-41fc-a01a-d172d48fd9d8: receive RaftClientReply:client-54CC064C3FCE->8224e767-71c1-41fc-a01a-d172d48fd9d8@group-F6B37CC92441, cid=3217, SUCCESS, logIndex=4836, commits[8224e767-71c1-41fc-a01a-d172d48fd9d8:c4836, 6eae0c21-01aa-4169-956f-5952b26ea7ba:c4832, 8d7dcba1-3b82-4d94-a832-514ef5c79cf8:c4832]
2019-08-21 02:17:38,827 | INFO  | DNAudit | user=null | ip=null | op=WRITE_CHUNK {blockData=conID: 2 locID: 102652566488547993 bcsId: 0} | ret=SUCCESS |  
2019-08-21 02:17:38,827 | INFO  | DNAudit | user=null | ip=null | op=PUT_BLOCK {blockData=[blockId=conID: 2 locID: 102652566488547993 bcsId: 0,size=1048576]} | ret=SUCCESS |  
2019-08-21 02:17:38,827 | INFO  | DNAudit | user=null | ip=null | op=WRITE_CHUNK {blockData=conID: 2 locID: 102652566488547993 bcsId: 0} | ret=SUCCESS |  
2019-08-21 02:17:38,828 | INFO  | DNAudit | user=null | ip=null | op=PUT_BLOCK {blockData=[blockId=conID: 2 locID: 102652566488547993 bcsId: 0,size=1048576]} | ret=SUCCESS |  
2019-08-21 02:17:38,828 | INFO  | DNAudit | user=null | ip=null | op=WRITE_CHUNK {blockData=conID: 2 locID: 102652566488547993 bcsId: 0} | ret=SUCCESS |  
2019-08-21 02:17:38,828 | INFO  | DNAudit | user=null | ip=null | op=WRITE_CHUNK {blockData=conID: 2 locID: 102652566488547993 bcsId: 0} | ret=SUCCESS |  
2019-08-21 02:17:38,829 | INFO  | DNAudit | user=null | ip=null | op=PUT_BLOCK {blockData=[blockId=conID: 2 locID: 102652566488547993 bcsId: 0,size=2097152]} | ret=SUCCESS |  
2019-08-21 02:17:38,829 | INFO  | DNAudit | user=null | ip=null | op=PUT_BLOCK {blockData=[blockId=conID: 2 locID: 102652566488547993 bcsId: 0,size=2097152]} | ret=SUCCESS |  
2019-08-21 02:17:38,829 [grpc-default-executor-3] INFO  client.GrpcClientProtocolClient (GrpcClientProtocolClient.java:onNext(255)) - client-54CC064C3FCE->8224e767-71c1-41fc-a01a-d172d48fd9d8: receive RaftClientReply:client-54CC064C3FCE->8224e767-71c1-41fc-a01a-d172d48fd9d8@group-F6B37CC92441, cid=3218, SUCCESS, logIndex=0, commits[8224e767-71c1-41fc-a01a-d172d48fd9d8:c4838, 6eae0c21-01aa-4169-956f-5952b26ea7ba:c4834, 8d7dcba1-3b82-4d94-a832-514ef5c79cf8:c4834]
2019-08-21 02:17:38,836 | INFO  | DNAudit | user=null | ip=null | op=WRITE_CHUNK {blockData=conID: 2 locID: 102652566488547993 bcsId: 4836} | ret=SUCCESS |  
2019-08-21 02:17:38,838 | INFO  | DNAudit | user=null | ip=null | op=WRITE_CHUNK {blockData=conID: 2 locID: 102652566488547993 bcsId: 4836} | ret=SUCCESS |  
2019-08-21 02:17:38,838 | INFO  | DNAudit | user=null | ip=null | op=WRITE_CHUNK {blockData=conID: 2 locID: 102652566488547993 bcsId: 4836} | ret=SUCCESS |  
2019-08-21 02:17:38,844 | INFO  | DNAudit | user=null | ip=null | op=WRITE_CHUNK {blockData=conID: 2 locID: 102652566488547993 bcsId: 4836} | ret=SUCCESS |  
2019-08-21 02:17:38,844 | INFO  | DNAudit | user=null | ip=null | op=PUT_BLOCK {blockData=[blockId=conID: 2 locID: 102652566488547993 bcsId: 0,size=3145728]} | ret=SUCCESS |  
2019-08-21 02:17:38,844 [grpc-default-executor-3] INFO  client.GrpcClientProtocolClient (GrpcClientProtocolClient.java:onNext(255)) - client-54CC064C3FCE->8224e767-71c1-41fc-a01a-d172d48fd9d8: receive RaftClientReply:client-54CC064C3FCE->8224e767-71c1-41fc-a01a-d172d48fd9d8@group-F6B37CC92441, cid=3219, SUCCESS, logIndex=4840, commits[8224e767-71c1-41fc-a01a-d172d48fd9d8:c4841, 6eae0c21-01aa-4169-956f-5952b26ea7ba:c4839, 8d7dcba1-3b82-4d94-a832-514ef5c79cf8:c4839]
2019-08-21 02:17:38,845 [grpc-default-executor-3] INFO  client.GrpcClientProtocolClient (GrpcClientProtocolClient.java:onNext(255)) - client-54CC064C3FCE->8224e767-71c1-41fc-a01a-d172d48fd9d8: receive RaftClientReply:client-54CC064C3FCE->8224e767-71c1-41fc-a01a-d172d48fd9d8@group-F6B37CC92441, cid=3220, SUCCESS, logIndex=4841, commits[8224e767-71c1-41fc-a01a-d172d48fd9d8:c4841, 6eae0c21-01aa-4169-956f-5952b26ea7ba:c4839, 8d7dcba1-3b82-4d94-a832-514ef5c79cf8:c4839]
2019-08-21 02:17:38,852 | INFO  | DNAudit | user=null | ip=null | op=WRITE_CHUNK {blockData=conID: 2 locID: 102652566488547993 bcsId: 4841} | ret=SUCCESS |  
2019-08-21 02:17:38,854 | INFO  | DNAudit | user=null | ip=null | op=WRITE_CHUNK {blockData=conID: 2 locID: 102652566488547993 bcsId: 4841} | ret=SUCCESS |  
2019-08-21 02:17:38,854 | INFO  | DNAudit | user=null | ip=null | op=WRITE_CHUNK {blockData=conID: 2 locID: 102652566488547993 bcsId: 4841} | ret=SUCCESS |  
2019-08-21 02:17:38,856 | INFO  | DNAudit | user=null | ip=null | op=WRITE_CHUNK {blockData=conID: 2 locID: 102652566488547993 bcsId: 4836} | ret=SUCCESS |  
2019-08-21 02:17:38,856 | INFO  | DNAudit | user=null | ip=null | op=WRITE_CHUNK {blockData=conID: 2 locID: 102652566488547993 bcsId: 4836} | ret=SUCCESS |  
2019-08-21 02:17:38,857 | INFO  | DNAudit | user=null | ip=null | op=PUT_BLOCK {blockData=[blockId=conID: 2 locID: 102652566488547993 bcsId: 0,size=3145728]} | ret=SUCCESS |  
2019-08-21 02:17:38,857 | INFO  | DNAudit | user=null | ip=null | op=PUT_BLOCK {blockData=[blockId=conID: 2 locID: 102652566488547993 bcsId: 0,size=3145728]} | ret=SUCCESS |  
2019-08-21 02:17:38,857 | INFO  | DNAudit | user=null | ip=null | op=WRITE_CHUNK {blockData=conID: 2 locID: 102652566488547993 bcsId: 4841} | ret=SUCCESS |  
2019-08-21 02:17:38,858 | INFO  | DNAudit | user=null | ip=null | op=PUT_BLOCK {blockData=[blockId=conID: 2 locID: 102652566488547993 bcsId: 0,size=4194304]} | ret=SUCCESS |  
2019-08-21 02:17:38,858 [grpc-default-executor-3] INFO  client.GrpcClientProtocolClient (GrpcClientProtocolClient.java:onNext(255)) - client-54CC064C3FCE->8224e767-71c1-41fc-a01a-d172d48fd9d8: receive RaftClientReply:client-54CC064C3FCE->8224e767-71c1-41fc-a01a-d172d48fd9d8@group-F6B37CC92441, cid=3221, SUCCESS, logIndex=4844, commits[8224e767-71c1-41fc-a01a-d172d48fd9d8:c4845, 6eae0c21-01aa-4169-956f-5952b26ea7ba:c4841, 8d7dcba1-3b82-4d94-a832-514ef5c79cf8:c4841]
2019-08-21 02:17:38,858 [grpc-default-executor-3] INFO  client.GrpcClientProtocolClient (GrpcClientProtocolClient.java:onNext(255)) - client-54CC064C3FCE->8224e767-71c1-41fc-a01a-d172d48fd9d8: receive RaftClientReply:client-54CC064C3FCE->8224e767-71c1-41fc-a01a-d172d48fd9d8@group-F6B37CC92441, cid=3222, SUCCESS, logIndex=4845, commits[8224e767-71c1-41fc-a01a-d172d48fd9d8:c4845, 6eae0c21-01aa-4169-956f-5952b26ea7ba:c4841, 8d7dcba1-3b82-4d94-a832-514ef5c79cf8:c4841]
2019-08-21 02:17:38,870 | INFO  | DNAudit | user=null | ip=null | op=WRITE_CHUNK {blockData=conID: 2 locID: 102652566488547993 bcsId: 4841} | ret=SUCCESS |  
2019-08-21 02:17:38,870 | INFO  | DNAudit | user=null | ip=null | op=WRITE_CHUNK {blockData=conID: 2 locID: 102652566488547993 bcsId: 4841} | ret=SUCCESS |  
2019-08-21 02:17:38,870 | INFO  | DNAudit | user=null | ip=null | op=PUT_BLOCK {blockData=[blockId=conID: 2 locID: 102652566488547993 bcsId: 0,size=4194304]} | ret=SUCCESS |  
2019-08-21 02:17:38,870 | INFO  | DNAudit | user=null | ip=null | op=PUT_BLOCK {blockData=[blockId=conID: 2 locID: 102652566488547993 bcsId: 0,size=4194304]} | ret=SUCCESS |  
2019-08-21 02:17:38,871 [grpc-default-executor-3] INFO  client.GrpcClientProtocolClient (GrpcClientProtocolClient.java:onNext(255)) - client-54CC064C3FCE->8224e767-71c1-41fc-a01a-d172d48fd9d8: receive RaftClientReply:client-54CC064C3FCE->8224e767-71c1-41fc-a01a-d172d48fd9d8@group-F6B37CC92441, cid=3223, SUCCESS, logIndex=0, commits[8224e767-71c1-41fc-a01a-d172d48fd9d8:c4846, 6eae0c21-01aa-4169-956f-5952b26ea7ba:c4845, 8d7dcba1-3b82-4d94-a832-514ef5c79cf8:c4845]
2019-08-21 02:17:38,876 | INFO  | SCMAudit | user=jenkins1000 | ip=192.168.34.10 | op=ALLOCATE_BLOCK {owner=b6f66289-f2a0-4058-b052-0a85e40df67b, size=4194304, type=RATIS, factor=THREE} | ret=SUCCESS |  
2019-08-21 02:17:38,880 | INFO  | OMAudit | user=jenkins1000 | ip=127.0.0.1 | op=ALLOCATE_BLOCK {volume=vol-0-90982, bucket=bucket-0-24269, key=key-0-81262, dataSize=0, replicationType=null, replicationFactor=null, keyLocationInfo=null, clientID=102652564580991378} | ret=SUCCESS |  
2019-08-21 02:17:38,887 | INFO  | DNAudit | user=null | ip=null | op=WRITE_CHUNK {blockData=conID: 3 locID: 102652566495298202 bcsId: 0} | ret=SUCCESS |  
2019-08-21 02:17:38,889 | INFO  | DNAudit | user=null | ip=null | op=WRITE_CHUNK {blockData=conID: 3 locID: 102652566495298202 bcsId: 0} | ret=SUCCESS |  
2019-08-21 02:17:38,890 | INFO  | DNAudit | user=null | ip=null | op=WRITE_CHUNK {blockData=conID: 3 locID: 102652566495298202 bcsId: 0} | ret=SUCCESS |  
2019-08-21 02:17:38,890 | INFO  | DNAudit | user=null | ip=null | op=WRITE_CHUNK {blockData=conID: 3 locID: 102652566495298202 bcsId: 0} | ret=SUCCESS |  
2019-08-21 02:17:38,891 | INFO  | DNAudit | user=null | ip=null | op=WRITE_CHUNK {blockData=conID: 3 locID: 102652566495298202 bcsId: 0} | ret=SUCCESS |  
2019-08-21 02:17:38,892 | INFO  | DNAudit | user=null | ip=null | op=WRITE_CHUNK {blockData=conID: 3 locID: 102652566495298202 bcsId: 0} | ret=SUCCESS |  
2019-08-21 02:17:38,901 | INFO  | DNAudit | user=null | ip=null | op=WRITE_CHUNK {blockData=conID: 3 locID: 102652566495298202 bcsId: 0} | ret=SUCCESS |  
2019-08-21 02:17:38,902 | INFO  | DNAudit | user=null | ip=null | op=PUT_BLOCK {blockData=[blockId=conID: 3 locID: 102652566495298202 bcsId: 0,size=1048576]} | ret=SUCCESS |  
2019-08-21 02:17:38,902 [grpc-default-executor-0] INFO  client.GrpcClientProtocolClient (GrpcClientProtocolClient.java:onNext(255)) - client-54CC064C3FCE->8224e767-71c1-41fc-a01a-d172d48fd9d8: receive RaftClientReply:client-54CC064C3FCE->8224e767-71c1-41fc-a01a-d172d48fd9d8@group-F6B37CC92441, cid=3224, SUCCESS, logIndex=4848, commits[8224e767-71c1-41fc-a01a-d172d48fd9d8:c4849, 6eae0c21-01aa-4169-956f-5952b26ea7ba:c4847, 8d7dcba1-3b82-4d94-a832-514ef5c79cf8:c4847]
2019-08-21 02:17:38,902 [grpc-default-executor-0] INFO  client.GrpcClientProtocolClient (GrpcClientProtocolClient.java:onNext(255)) - client-54CC064C3FCE->8224e767-71c1-41fc-a01a-d172d48fd9d8: receive RaftClientReply:client-54CC064C3FCE->8224e767-71c1-41fc-a01a-d172d48fd9d8@group-F6B37CC92441, cid=3225, SUCCESS, logIndex=4849, commits[8224e767-71c1-41fc-a01a-d172d48fd9d8:c4849, 6eae0c21-01aa-4169-956f-5952b26ea7ba:c4847, 8d7dcba1-3b82-4d94-a832-514ef5c79cf8:c4847]
2019-08-21 02:17:38,911 | INFO  | DNAudit | user=null | ip=null | op=WRITE_CHUNK {blockData=conID: 3 locID: 102652566495298202 bcsId: 0} | ret=SUCCESS |  
2019-08-21 02:17:38,911 | INFO  | DNAudit | user=null | ip=null | op=PUT_BLOCK {blockData=[blockId=conID: 3 locID: 102652566495298202 bcsId: 0,size=2097152]} | ret=SUCCESS |  
2019-08-21 02:17:38,912 [grpc-default-executor-0] INFO  client.GrpcClientProtocolClient (GrpcClientProtocolClient.java:onNext(255)) - client-54CC064C3FCE->8224e767-71c1-41fc-a01a-d172d48fd9d8: receive RaftClientReply:client-54CC064C3FCE->8224e767-71c1-41fc-a01a-d172d48fd9d8@group-F6B37CC92441, cid=3226, SUCCESS, logIndex=4850, commits[8224e767-71c1-41fc-a01a-d172d48fd9d8:c4851, 6eae0c21-01aa-4169-956f-5952b26ea7ba:c4847, 8d7dcba1-3b82-4d94-a832-514ef5c79cf8:c4847]
2019-08-21 02:17:38,912 [grpc-default-executor-0] INFO  client.GrpcClientProtocolClient (GrpcClientProtocolClient.java:onNext(255)) - client-54CC064C3FCE->8224e767-71c1-41fc-a01a-d172d48fd9d8: receive RaftClientReply:client-54CC064C3FCE->8224e767-71c1-41fc-a01a-d172d48fd9d8@group-F6B37CC92441, cid=3227, SUCCESS, logIndex=4851, commits[8224e767-71c1-41fc-a01a-d172d48fd9d8:c4851, 6eae0c21-01aa-4169-956f-5952b26ea7ba:c4847, 8d7dcba1-3b82-4d94-a832-514ef5c79cf8:c4847]
2019-08-21 02:17:38,913 | INFO  | DNAudit | user=null | ip=null | op=WRITE_CHUNK {blockData=conID: 3 locID: 102652566495298202 bcsId: 0} | ret=SUCCESS |  
2019-08-21 02:17:38,913 | INFO  | DNAudit | user=null | ip=null | op=WRITE_CHUNK {blockData=conID: 3 locID: 102652566495298202 bcsId: 0} | ret=SUCCESS |  
2019-08-21 02:17:38,914 | INFO  | DNAudit | user=null | ip=null | op=PUT_BLOCK {blockData=[blockId=conID: 3 locID: 102652566495298202 bcsId: 0,size=1048576]} | ret=SUCCESS |  
2019-08-21 02:17:38,929 [grpc-default-executor-0] INFO  client.GrpcClientProtocolClient (GrpcClientProtocolClient.java:onNext(255)) - client-54CC064C3FCE->8224e767-71c1-41fc-a01a-d172d48fd9d8: receive RaftClientReply:client-54CC064C3FCE->8224e767-71c1-41fc-a01a-d172d48fd9d8@group-F6B37CC92441, cid=3228, SUCCESS, logIndex=0, commits[8224e767-71c1-41fc-a01a-d172d48fd9d8:c4853, 6eae0c21-01aa-4169-956f-5952b26ea7ba:c4849, 8d7dcba1-3b82-4d94-a832-514ef5c79cf8:c4849]
2019-08-21 02:17:38,930 | INFO  | DNAudit | user=null | ip=null | op=PUT_BLOCK {blockData=[blockId=conID: 3 locID: 102652566495298202 bcsId: 0,size=1048576]} | ret=SUCCESS |  
2019-08-21 02:17:38,939 | INFO  | DNAudit | user=null | ip=null | op=WRITE_CHUNK {blockData=conID: 3 locID: 102652566495298202 bcsId: 4851} | ret=SUCCESS |  
2019-08-21 02:17:38,939 | INFO  | DNAudit | user=null | ip=null | op=WRITE_CHUNK {blockData=conID: 3 locID: 102652566495298202 bcsId: 4851} | ret=SUCCESS |  
2019-08-21 02:17:38,939 | INFO  | DNAudit | user=null | ip=null | op=WRITE_CHUNK {blockData=conID: 3 locID: 102652566495298202 bcsId: 4851} | ret=SUCCESS |  
2019-08-21 02:17:38,950 | INFO  | DNAudit | user=null | ip=null | op=WRITE_CHUNK {blockData=conID: 3 locID: 102652566495298202 bcsId: 0} | ret=SUCCESS |  
2019-08-21 02:17:38,950 | INFO  | DNAudit | user=null | ip=null | op=PUT_BLOCK {blockData=[blockId=conID: 3 locID: 102652566495298202 bcsId: 0,size=2097152]} | ret=SUCCESS |  
2019-08-21 02:17:38,950 | INFO  | DNAudit | user=null | ip=null | op=WRITE_CHUNK {blockData=conID: 3 locID: 102652566495298202 bcsId: 4851} | ret=SUCCESS |  
2019-08-21 02:17:38,950 | INFO  | DNAudit | user=null | ip=null | op=WRITE_CHUNK {blockData=conID: 3 locID: 102652566495298202 bcsId: 0} | ret=SUCCESS |  
2019-08-21 02:17:38,951 | INFO  | DNAudit | user=null | ip=null | op=PUT_BLOCK {blockData=[blockId=conID: 3 locID: 102652566495298202 bcsId: 0,size=2097152]} | ret=SUCCESS |  
2019-08-21 02:17:38,951 | INFO  | DNAudit | user=null | ip=null | op=PUT_BLOCK {blockData=[blockId=conID: 3 locID: 102652566495298202 bcsId: 0,size=3145728]} | ret=SUCCESS |  
2019-08-21 02:17:38,951 [grpc-default-executor-4] INFO  client.GrpcClientProtocolClient (GrpcClientProtocolClient.java:onNext(255)) - client-54CC064C3FCE->8224e767-71c1-41fc-a01a-d172d48fd9d8: receive RaftClientReply:client-54CC064C3FCE->8224e767-71c1-41fc-a01a-d172d48fd9d8@group-F6B37CC92441, cid=3229, SUCCESS, logIndex=4856, commits[8224e767-71c1-41fc-a01a-d172d48fd9d8:c4857, 6eae0c21-01aa-4169-956f-5952b26ea7ba:c4855, 8d7dcba1-3b82-4d94-a832-514ef5c79cf8:c4855]
2019-08-21 02:17:38,951 [grpc-default-executor-4] INFO  client.GrpcClientProtocolClient (GrpcClientProtocolClient.java:onNext(255)) - client-54CC064C3FCE->8224e767-71c1-41fc-a01a-d172d48fd9d8: receive RaftClientReply:client-54CC064C3FCE->8224e767-71c1-41fc-a01a-d172d48fd9d8@group-F6B37CC92441, cid=3230, SUCCESS, logIndex=4857, commits[8224e767-71c1-41fc-a01a-d172d48fd9d8:c4857, 6eae0c21-01aa-4169-956f-5952b26ea7ba:c4855, 8d7dcba1-3b82-4d94-a832-514ef5c79cf8:c4855]
2019-08-21 02:17:38,952 | INFO  | DNAudit | user=null | ip=null | op=WRITE_CHUNK {blockData=conID: 3 locID: 102652566495298202 bcsId: 4851} | ret=SUCCESS |  
2019-08-21 02:17:38,952 | INFO  | DNAudit | user=null | ip=null | op=PUT_BLOCK {blockData=[blockId=conID: 3 locID: 102652566495298202 bcsId: 0,size=3145728]} | ret=SUCCESS |  
2019-08-21 02:17:38,957 | INFO  | DNAudit | user=null | ip=null | op=WRITE_CHUNK {blockData=conID: 3 locID: 102652566495298202 bcsId: 4851} | ret=SUCCESS |  
2019-08-21 02:17:38,957 | INFO  | DNAudit | user=null | ip=null | op=PUT_BLOCK {blockData=[blockId=conID: 3 locID: 102652566495298202 bcsId: 0,size=3145728]} | ret=SUCCESS |  
2019-08-21 02:17:38,959 | INFO  | DNAudit | user=null | ip=null | op=WRITE_CHUNK {blockData=conID: 3 locID: 102652566495298202 bcsId: 4857} | ret=SUCCESS |  
2019-08-21 02:17:38,961 | INFO  | DNAudit | user=null | ip=null | op=WRITE_CHUNK {blockData=conID: 3 locID: 102652566495298202 bcsId: 4857} | ret=SUCCESS |  
2019-08-21 02:17:38,961 | INFO  | DNAudit | user=null | ip=null | op=WRITE_CHUNK {blockData=conID: 3 locID: 102652566495298202 bcsId: 4857} | ret=SUCCESS |  
2019-08-21 02:17:38,973 | INFO  | DNAudit | user=null | ip=null | op=WRITE_CHUNK {blockData=conID: 3 locID: 102652566495298202 bcsId: 4857} | ret=SUCCESS |  
2019-08-21 02:17:38,974 | INFO  | DNAudit | user=null | ip=null | op=PUT_BLOCK {blockData=[blockId=conID: 3 locID: 102652566495298202 bcsId: 0,size=4194304]} | ret=SUCCESS |  
2019-08-21 02:17:38,974 [grpc-default-executor-4] INFO  client.GrpcClientProtocolClient (GrpcClientProtocolClient.java:onNext(255)) - client-54CC064C3FCE->8224e767-71c1-41fc-a01a-d172d48fd9d8: receive RaftClientReply:client-54CC064C3FCE->8224e767-71c1-41fc-a01a-d172d48fd9d8@group-F6B37CC92441, cid=3231, SUCCESS, logIndex=4859, commits[8224e767-71c1-41fc-a01a-d172d48fd9d8:c4860, 6eae0c21-01aa-4169-956f-5952b26ea7ba:c4858, 8d7dcba1-3b82-4d94-a832-514ef5c79cf8:c4858]
2019-08-21 02:17:38,974 [grpc-default-executor-4] INFO  client.GrpcClientProtocolClient (GrpcClientProtocolClient.java:onNext(255)) - client-54CC064C3FCE->8224e767-71c1-41fc-a01a-d172d48fd9d8: receive RaftClientReply:client-54CC064C3FCE->8224e767-71c1-41fc-a01a-d172d48fd9d8@group-F6B37CC92441, cid=3232, SUCCESS, logIndex=4860, commits[8224e767-71c1-41fc-a01a-d172d48fd9d8:c4860, 6eae0c21-01aa-4169-956f-5952b26ea7ba:c4858, 8d7dcba1-3b82-4d94-a832-514ef5c79cf8:c4858]
2019-08-21 02:17:38,986 | INFO  | DNAudit | user=null | ip=null | op=WRITE_CHUNK {blockData=conID: 3 locID: 102652566495298202 bcsId: 4857} | ret=SUCCESS |  
2019-08-21 02:17:38,986 | INFO  | DNAudit | user=null | ip=null | op=WRITE_CHUNK {blockData=conID: 3 locID: 102652566495298202 bcsId: 4857} | ret=SUCCESS |  
2019-08-21 02:17:38,999 | INFO  | DNAudit | user=null | ip=null | op=PUT_BLOCK {blockData=[blockId=conID: 3 locID: 102652566495298202 bcsId: 0,size=4194304]} | ret=SUCCESS |  
2019-08-21 02:17:38,999 | INFO  | DNAudit | user=null | ip=null | op=PUT_BLOCK {blockData=[blockId=conID: 3 locID: 102652566495298202 bcsId: 0,size=4194304]} | ret=SUCCESS |  
2019-08-21 02:17:38,999 [grpc-default-executor-4] INFO  client.GrpcClientProtocolClient (GrpcClientProtocolClient.java:onNext(255)) - client-54CC064C3FCE->8224e767-71c1-41fc-a01a-d172d48fd9d8: receive RaftClientReply:client-54CC064C3FCE->8224e767-71c1-41fc-a01a-d172d48fd9d8@group-F6B37CC92441, cid=3233, SUCCESS, logIndex=0, commits[8224e767-71c1-41fc-a01a-d172d48fd9d8:c4862, 6eae0c21-01aa-4169-956f-5952b26ea7ba:c4860, 8d7dcba1-3b82-4d94-a832-514ef5c79cf8:c4860]
2019-08-21 02:17:39,006 | INFO  | SCMAudit | user=jenkins1000 | ip=192.168.34.10 | op=ALLOCATE_BLOCK {owner=b6f66289-f2a0-4058-b052-0a85e40df67b, size=4194304, type=RATIS, factor=THREE} | ret=SUCCESS |  
2019-08-21 02:17:39,011 | INFO  | OMAudit | user=jenkins1000 | ip=127.0.0.1 | op=ALLOCATE_BLOCK {volume=vol-0-90982, bucket=bucket-0-24269, key=key-0-81262, dataSize=0, replicationType=null, replicationFactor=null, keyLocationInfo=null, clientID=102652564580991378} | ret=SUCCESS |  
2019-08-21 02:17:39,019 | INFO  | DNAudit | user=null | ip=null | op=WRITE_CHUNK {blockData=conID: 1 locID: 102652566503817883 bcsId: 0} | ret=SUCCESS |  
2019-08-21 02:17:39,020 | INFO  | DNAudit | user=null | ip=null | op=WRITE_CHUNK {blockData=conID: 1 locID: 102652566503817883 bcsId: 0} | ret=SUCCESS |  
2019-08-21 02:17:39,020 | INFO  | DNAudit | user=null | ip=null | op=WRITE_CHUNK {blockData=conID: 1 locID: 102652566503817883 bcsId: 0} | ret=SUCCESS |  
2019-08-21 02:17:39,021 | INFO  | DNAudit | user=null | ip=null | op=WRITE_CHUNK {blockData=conID: 1 locID: 102652566503817883 bcsId: 0} | ret=SUCCESS |  
2019-08-21 02:17:39,022 | INFO  | DNAudit | user=null | ip=null | op=WRITE_CHUNK {blockData=conID: 1 locID: 102652566503817883 bcsId: 0} | ret=SUCCESS |  
2019-08-21 02:17:39,022 | INFO  | DNAudit | user=null | ip=null | op=PUT_BLOCK {blockData=[blockId=conID: 1 locID: 102652566503817883 bcsId: 0,size=1048576]} | ret=SUCCESS |  
2019-08-21 02:17:39,022 [grpc-default-executor-3] INFO  client.GrpcClientProtocolClient (GrpcClientProtocolClient.java:onNext(255)) - client-54CC064C3FCE->8224e767-71c1-41fc-a01a-d172d48fd9d8: receive RaftClientReply:client-54CC064C3FCE->8224e767-71c1-41fc-a01a-d172d48fd9d8@group-F6B37CC92441, cid=3234, SUCCESS, logIndex=4863, commits[8224e767-71c1-41fc-a01a-d172d48fd9d8:c4864, 6eae0c21-01aa-4169-956f-5952b26ea7ba:c4862, 8d7dcba1-3b82-4d94-a832-514ef5c79cf8:c4860]
2019-08-21 02:17:39,023 [grpc-default-executor-3] INFO  client.GrpcClientProtocolClient (GrpcClientProtocolClient.java:onNext(255)) - client-54CC064C3FCE->8224e767-71c1-41fc-a01a-d172d48fd9d8: receive RaftClientReply:client-54CC064C3FCE->8224e767-71c1-41fc-a01a-d172d48fd9d8@group-F6B37CC92441, cid=3235, SUCCESS, logIndex=4864, commits[8224e767-71c1-41fc-a01a-d172d48fd9d8:c4864, 6eae0c21-01aa-4169-956f-5952b26ea7ba:c4862, 8d7dcba1-3b82-4d94-a832-514ef5c79cf8:c4862]
2019-08-21 02:17:39,024 | INFO  | DNAudit | user=null | ip=null | op=WRITE_CHUNK {blockData=conID: 1 locID: 102652566503817883 bcsId: 0} | ret=SUCCESS |  
2019-08-21 02:17:39,025 | INFO  | DNAudit | user=null | ip=null | op=WRITE_CHUNK {blockData=conID: 1 locID: 102652566503817883 bcsId: 0} | ret=SUCCESS |  
2019-08-21 02:17:39,027 | INFO  | DNAudit | user=null | ip=null | op=WRITE_CHUNK {blockData=conID: 1 locID: 102652566503817883 bcsId: 0} | ret=SUCCESS |  
2019-08-21 02:17:39,027 | INFO  | DNAudit | user=null | ip=null | op=WRITE_CHUNK {blockData=conID: 1 locID: 102652566503817883 bcsId: 0} | ret=SUCCESS |  
2019-08-21 02:17:39,027 | INFO  | DNAudit | user=null | ip=null | op=PUT_BLOCK {blockData=[blockId=conID: 1 locID: 102652566503817883 bcsId: 0,size=1048576]} | ret=SUCCESS |  
2019-08-21 02:17:39,027 | INFO  | DNAudit | user=null | ip=null | op=WRITE_CHUNK {blockData=conID: 1 locID: 102652566503817883 bcsId: 0} | ret=SUCCESS |  
2019-08-21 02:17:39,028 | INFO  | DNAudit | user=null | ip=null | op=PUT_BLOCK {blockData=[blockId=conID: 1 locID: 102652566503817883 bcsId: 0,size=1048576]} | ret=SUCCESS |  
2019-08-21 02:17:39,028 | INFO  | DNAudit | user=null | ip=null | op=PUT_BLOCK {blockData=[blockId=conID: 1 locID: 102652566503817883 bcsId: 0,size=2097152]} | ret=SUCCESS |  
2019-08-21 02:17:39,028 [grpc-default-executor-0] INFO  client.GrpcClientProtocolClient (GrpcClientProtocolClient.java:onNext(255)) - client-54CC064C3FCE->8224e767-71c1-41fc-a01a-d172d48fd9d8: receive RaftClientReply:client-54CC064C3FCE->8224e767-71c1-41fc-a01a-d172d48fd9d8@group-F6B37CC92441, cid=3236, SUCCESS, logIndex=4865, commits[8224e767-71c1-41fc-a01a-d172d48fd9d8:c4866, 6eae0c21-01aa-4169-956f-5952b26ea7ba:c4863, 8d7dcba1-3b82-4d94-a832-514ef5c79cf8:c4862]
2019-08-21 02:17:39,028 | INFO  | DNAudit | user=null | ip=null | op=WRITE_CHUNK {blockData=conID: 1 locID: 102652566503817883 bcsId: 0} | ret=SUCCESS |  
2019-08-21 02:17:39,028 [grpc-default-executor-3] INFO  client.GrpcClientProtocolClient (GrpcClientProtocolClient.java:onNext(255)) - client-54CC064C3FCE->8224e767-71c1-41fc-a01a-d172d48fd9d8: receive RaftClientReply:client-54CC064C3FCE->8224e767-71c1-41fc-a01a-d172d48fd9d8@group-F6B37CC92441, cid=3237, SUCCESS, logIndex=4866, commits[8224e767-71c1-41fc-a01a-d172d48fd9d8:c4868, 6eae0c21-01aa-4169-956f-5952b26ea7ba:c4864, 8d7dcba1-3b82-4d94-a832-514ef5c79cf8:c4864]
2019-08-21 02:17:39,030 | INFO  | DNAudit | user=null | ip=null | op=WRITE_CHUNK {blockData=conID: 1 locID: 102652566503817883 bcsId: 0} | ret=SUCCESS |  
2019-08-21 02:17:39,031 | INFO  | DNAudit | user=null | ip=null | op=PUT_BLOCK {blockData=[blockId=conID: 1 locID: 102652566503817883 bcsId: 0,size=2097152]} | ret=SUCCESS |  
2019-08-21 02:17:39,032 | INFO  | DNAudit | user=null | ip=null | op=PUT_BLOCK {blockData=[blockId=conID: 1 locID: 102652566503817883 bcsId: 0,size=2097152]} | ret=SUCCESS |  
2019-08-21 02:17:39,036 | INFO  | DNAudit | user=null | ip=null | op=WRITE_CHUNK {blockData=conID: 1 locID: 102652566503817883 bcsId: 4866} | ret=SUCCESS |  
2019-08-21 02:17:39,039 | INFO  | DNAudit | user=null | ip=null | op=WRITE_CHUNK {blockData=conID: 1 locID: 102652566503817883 bcsId: 4866} | ret=SUCCESS |  
2019-08-21 02:17:39,039 | INFO  | DNAudit | user=null | ip=null | op=WRITE_CHUNK {blockData=conID: 1 locID: 102652566503817883 bcsId: 4866} | ret=SUCCESS |  
2019-08-21 02:17:39,041 | INFO  | DNAudit | user=null | ip=null | op=WRITE_CHUNK {blockData=conID: 1 locID: 102652566503817883 bcsId: 4866} | ret=SUCCESS |  
2019-08-21 02:17:39,041 | INFO  | DNAudit | user=null | ip=null | op=PUT_BLOCK {blockData=[blockId=conID: 1 locID: 102652566503817883 bcsId: 0,size=3145728]} | ret=SUCCESS |  
2019-08-21 02:17:39,041 [grpc-default-executor-4] INFO  client.GrpcClientProtocolClient (GrpcClientProtocolClient.java:onNext(255)) - client-54CC064C3FCE->8224e767-71c1-41fc-a01a-d172d48fd9d8: receive RaftClientReply:client-54CC064C3FCE->8224e767-71c1-41fc-a01a-d172d48fd9d8@group-F6B37CC92441, cid=3238, SUCCESS, logIndex=4871, commits[8224e767-71c1-41fc-a01a-d172d48fd9d8:c4872, 6eae0c21-01aa-4169-956f-5952b26ea7ba:c4870, 8d7dcba1-3b82-4d94-a832-514ef5c79cf8:c4866]
2019-08-21 02:17:39,042 [grpc-default-executor-4] INFO  client.GrpcClientProtocolClient (GrpcClientProtocolClient.java:onNext(255)) - client-54CC064C3FCE->8224e767-71c1-41fc-a01a-d172d48fd9d8: receive RaftClientReply:client-54CC064C3FCE->8224e767-71c1-41fc-a01a-d172d48fd9d8@group-F6B37CC92441, cid=3239, SUCCESS, logIndex=4872, commits[8224e767-71c1-41fc-a01a-d172d48fd9d8:c4872, 6eae0c21-01aa-4169-956f-5952b26ea7ba:c4870, 8d7dcba1-3b82-4d94-a832-514ef5c79cf8:c4870]
2019-08-21 02:17:39,043 | INFO  | DNAudit | user=null | ip=null | op=WRITE_CHUNK {blockData=conID: 1 locID: 102652566503817883 bcsId: 4866} | ret=SUCCESS |  
2019-08-21 02:17:39,043 | INFO  | DNAudit | user=null | ip=null | op=WRITE_CHUNK {blockData=conID: 1 locID: 102652566503817883 bcsId: 4866} | ret=SUCCESS |  
2019-08-21 02:17:39,043 | INFO  | DNAudit | user=null | ip=null | op=PUT_BLOCK {blockData=[blockId=conID: 1 locID: 102652566503817883 bcsId: 0,size=3145728]} | ret=SUCCESS |  
2019-08-21 02:17:39,045 | INFO  | DNAudit | user=null | ip=null | op=PUT_BLOCK {blockData=[blockId=conID: 1 locID: 102652566503817883 bcsId: 0,size=3145728]} | ret=SUCCESS |  
2019-08-21 02:17:39,048 | INFO  | DNAudit | user=null | ip=null | op=WRITE_CHUNK {blockData=conID: 1 locID: 102652566503817883 bcsId: 4872} | ret=SUCCESS |  
2019-08-21 02:17:39,050 | INFO  | DNAudit | user=null | ip=null | op=WRITE_CHUNK {blockData=conID: 1 locID: 102652566503817883 bcsId: 4872} | ret=SUCCESS |  
2019-08-21 02:17:39,051 | INFO  | DNAudit | user=null | ip=null | op=WRITE_CHUNK {blockData=conID: 1 locID: 102652566503817883 bcsId: 4872} | ret=SUCCESS |  
2019-08-21 02:17:39,064 | INFO  | DNAudit | user=null | ip=null | op=WRITE_CHUNK {blockData=conID: 1 locID: 102652566503817883 bcsId: 4872} | ret=SUCCESS |  
2019-08-21 02:17:39,064 | INFO  | DNAudit | user=null | ip=null | op=PUT_BLOCK {blockData=[blockId=conID: 1 locID: 102652566503817883 bcsId: 0,size=4194304]} | ret=SUCCESS |  
2019-08-21 02:17:39,064 [grpc-default-executor-0] INFO  client.GrpcClientProtocolClient (GrpcClientProtocolClient.java:onNext(255)) - client-54CC064C3FCE->8224e767-71c1-41fc-a01a-d172d48fd9d8: receive RaftClientReply:client-54CC064C3FCE->8224e767-71c1-41fc-a01a-d172d48fd9d8@group-F6B37CC92441, cid=3240, SUCCESS, logIndex=4875, commits[8224e767-71c1-41fc-a01a-d172d48fd9d8:c4876, 6eae0c21-01aa-4169-956f-5952b26ea7ba:c4874, 8d7dcba1-3b82-4d94-a832-514ef5c79cf8:c4874]
2019-08-21 02:17:39,065 [grpc-default-executor-0] INFO  client.GrpcClientProtocolClient (GrpcClientProtocolClient.java:onNext(255)) - client-54CC064C3FCE->8224e767-71c1-41fc-a01a-d172d48fd9d8: receive RaftClientReply:client-54CC064C3FCE->8224e767-71c1-41fc-a01a-d172d48fd9d8@group-F6B37CC92441, cid=3241, SUCCESS, logIndex=4876, commits[8224e767-71c1-41fc-a01a-d172d48fd9d8:c4876, 6eae0c21-01aa-4169-956f-5952b26ea7ba:c4874, 8d7dcba1-3b82-4d94-a832-514ef5c79cf8:c4874]
2019-08-21 02:17:39,075 | INFO  | DNAudit | user=null | ip=null | op=WRITE_CHUNK {blockData=conID: 1 locID: 102652566503817883 bcsId: 4872} | ret=SUCCESS |  
2019-08-21 02:17:39,075 | INFO  | DNAudit | user=null | ip=null | op=WRITE_CHUNK {blockData=conID: 1 locID: 102652566503817883 bcsId: 4872} | ret=SUCCESS |  
2019-08-21 02:17:39,078 | INFO  | DNAudit | user=null | ip=null | op=PUT_BLOCK {blockData=[blockId=conID: 1 locID: 102652566503817883 bcsId: 0,size=4194304]} | ret=SUCCESS |  
2019-08-21 02:17:39,078 | INFO  | DNAudit | user=null | ip=null | op=PUT_BLOCK {blockData=[blockId=conID: 1 locID: 102652566503817883 bcsId: 0,size=4194304]} | ret=SUCCESS |  
2019-08-21 02:17:39,079 [grpc-default-executor-0] INFO  client.GrpcClientProtocolClient (GrpcClientProtocolClient.java:onNext(255)) - client-54CC064C3FCE->8224e767-71c1-41fc-a01a-d172d48fd9d8: receive RaftClientReply:client-54CC064C3FCE->8224e767-71c1-41fc-a01a-d172d48fd9d8@group-F6B37CC92441, cid=3242, SUCCESS, logIndex=0, commits[8224e767-71c1-41fc-a01a-d172d48fd9d8:c4878, 6eae0c21-01aa-4169-956f-5952b26ea7ba:c4876, 8d7dcba1-3b82-4d94-a832-514ef5c79cf8:c4876]
2019-08-21 02:17:39,085 | INFO  | SCMAudit | user=jenkins1000 | ip=192.168.34.10 | op=ALLOCATE_BLOCK {owner=b6f66289-f2a0-4058-b052-0a85e40df67b, size=4194304, type=RATIS, factor=THREE} | ret=SUCCESS |  
2019-08-21 02:17:39,090 | INFO  | OMAudit | user=jenkins1000 | ip=127.0.0.1 | op=ALLOCATE_BLOCK {volume=vol-0-90982, bucket=bucket-0-24269, key=key-0-81262, dataSize=0, replicationType=null, replicationFactor=null, keyLocationInfo=null, clientID=102652564580991378} | ret=SUCCESS |  
2019-08-21 02:17:39,097 | INFO  | DNAudit | user=null | ip=null | op=WRITE_CHUNK {blockData=conID: 2 locID: 102652566508995228 bcsId: 0} | ret=SUCCESS |  
2019-08-21 02:17:39,099 | INFO  | DNAudit | user=null | ip=null | op=WRITE_CHUNK {blockData=conID: 2 locID: 102652566508995228 bcsId: 0} | ret=SUCCESS |  
2019-08-21 02:17:39,100 | INFO  | DNAudit | user=null | ip=null | op=WRITE_CHUNK {blockData=conID: 2 locID: 102652566508995228 bcsId: 0} | ret=SUCCESS |  
2019-08-21 02:17:39,100 | INFO  | DNAudit | user=null | ip=null | op=WRITE_CHUNK {blockData=conID: 2 locID: 102652566508995228 bcsId: 0} | ret=SUCCESS |  
2019-08-21 02:17:39,103 | INFO  | DNAudit | user=null | ip=null | op=WRITE_CHUNK {blockData=conID: 2 locID: 102652566508995228 bcsId: 0} | ret=SUCCESS |  
2019-08-21 02:17:39,103 | INFO  | DNAudit | user=null | ip=null | op=WRITE_CHUNK {blockData=conID: 2 locID: 102652566508995228 bcsId: 0} | ret=SUCCESS |  
2019-08-21 02:17:39,110 | INFO  | DNAudit | user=null | ip=null | op=WRITE_CHUNK {blockData=conID: 2 locID: 102652566508995228 bcsId: 0} | ret=SUCCESS |  
2019-08-21 02:17:39,110 | INFO  | DNAudit | user=null | ip=null | op=PUT_BLOCK {blockData=[blockId=conID: 2 locID: 102652566508995228 bcsId: 0,size=1048576]} | ret=SUCCESS |  
2019-08-21 02:17:39,110 [grpc-default-executor-0] INFO  client.GrpcClientProtocolClient (GrpcClientProtocolClient.java:onNext(255)) - client-54CC064C3FCE->8224e767-71c1-41fc-a01a-d172d48fd9d8: receive RaftClientReply:client-54CC064C3FCE->8224e767-71c1-41fc-a01a-d172d48fd9d8@group-F6B37CC92441, cid=3243, SUCCESS, logIndex=4879, commits[8224e767-71c1-41fc-a01a-d172d48fd9d8:c4880, 6eae0c21-01aa-4169-956f-5952b26ea7ba:c4878, 8d7dcba1-3b82-4d94-a832-514ef5c79cf8:c4878]
2019-08-21 02:17:39,111 [grpc-default-executor-0] INFO  client.GrpcClientProtocolClient (GrpcClientProtocolClient.java:onNext(255)) - client-54CC064C3FCE->8224e767-71c1-41fc-a01a-d172d48fd9d8: receive RaftClientReply:client-54CC064C3FCE->8224e767-71c1-41fc-a01a-d172d48fd9d8@group-F6B37CC92441, cid=3244, SUCCESS, logIndex=4880, commits[8224e767-71c1-41fc-a01a-d172d48fd9d8:c4880, 6eae0c21-01aa-4169-956f-5952b26ea7ba:c4878, 8d7dcba1-3b82-4d94-a832-514ef5c79cf8:c4878]
2019-08-21 02:17:39,112 | INFO  | DNAudit | user=null | ip=null | op=WRITE_CHUNK {blockData=conID: 2 locID: 102652566508995228 bcsId: 0} | ret=SUCCESS |  
2019-08-21 02:17:39,113 | INFO  | DNAudit | user=null | ip=null | op=PUT_BLOCK {blockData=[blockId=conID: 2 locID: 102652566508995228 bcsId: 0,size=2097152]} | ret=SUCCESS |  
2019-08-21 02:17:39,113 [grpc-default-executor-0] INFO  client.GrpcClientProtocolClient (GrpcClientProtocolClient.java:onNext(255)) - client-54CC064C3FCE->8224e767-71c1-41fc-a01a-d172d48fd9d8: receive RaftClientReply:client-54CC064C3FCE->8224e767-71c1-41fc-a01a-d172d48fd9d8@group-F6B37CC92441, cid=3245, SUCCESS, logIndex=4881, commits[8224e767-71c1-41fc-a01a-d172d48fd9d8:c4881, 6eae0c21-01aa-4169-956f-5952b26ea7ba:c4878, 8d7dcba1-3b82-4d94-a832-514ef5c79cf8:c4878]
2019-08-21 02:17:39,113 [grpc-default-executor-0] INFO  client.GrpcClientProtocolClient (GrpcClientProtocolClient.java:onNext(255)) - client-54CC064C3FCE->8224e767-71c1-41fc-a01a-d172d48fd9d8: receive RaftClientReply:client-54CC064C3FCE->8224e767-71c1-41fc-a01a-d172d48fd9d8@group-F6B37CC92441, cid=3246, SUCCESS, logIndex=4882, commits[8224e767-71c1-41fc-a01a-d172d48fd9d8:c4882, 6eae0c21-01aa-4169-956f-5952b26ea7ba:c4878, 8d7dcba1-3b82-4d94-a832-514ef5c79cf8:c4878]
2019-08-21 02:17:39,123 | INFO  | DNAudit | user=null | ip=null | op=WRITE_CHUNK {blockData=conID: 2 locID: 102652566508995228 bcsId: 0} | ret=SUCCESS |  
2019-08-21 02:17:39,123 | INFO  | DNAudit | user=null | ip=null | op=WRITE_CHUNK {blockData=conID: 2 locID: 102652566508995228 bcsId: 0} | ret=SUCCESS |  
2019-08-21 02:17:39,124 | INFO  | DNAudit | user=null | ip=null | op=PUT_BLOCK {blockData=[blockId=conID: 2 locID: 102652566508995228 bcsId: 0,size=1048576]} | ret=SUCCESS |  
2019-08-21 02:17:39,124 | INFO  | DNAudit | user=null | ip=null | op=PUT_BLOCK {blockData=[blockId=conID: 2 locID: 102652566508995228 bcsId: 0,size=1048576]} | ret=SUCCESS |  
2019-08-21 02:17:39,124 [grpc-default-executor-0] INFO  client.GrpcClientProtocolClient (GrpcClientProtocolClient.java:onNext(255)) - client-54CC064C3FCE->8224e767-71c1-41fc-a01a-d172d48fd9d8: receive RaftClientReply:client-54CC064C3FCE->8224e767-71c1-41fc-a01a-d172d48fd9d8@group-F6B37CC92441, cid=3247, SUCCESS, logIndex=0, commits[8224e767-71c1-41fc-a01a-d172d48fd9d8:c4884, 6eae0c21-01aa-4169-956f-5952b26ea7ba:c4880, 8d7dcba1-3b82-4d94-a832-514ef5c79cf8:c4880]
2019-08-21 02:17:39,124 | INFO  | DNAudit | user=null | ip=null | op=WRITE_CHUNK {blockData=conID: 2 locID: 102652566508995228 bcsId: 0} | ret=SUCCESS |  
2019-08-21 02:17:39,125 | INFO  | DNAudit | user=null | ip=null | op=PUT_BLOCK {blockData=[blockId=conID: 2 locID: 102652566508995228 bcsId: 0,size=2097152]} | ret=SUCCESS |  
2019-08-21 02:17:39,127 | INFO  | DNAudit | user=null | ip=null | op=WRITE_CHUNK {blockData=conID: 2 locID: 102652566508995228 bcsId: 0} | ret=SUCCESS |  
2019-08-21 02:17:39,128 | INFO  | DNAudit | user=null | ip=null | op=PUT_BLOCK {blockData=[blockId=conID: 2 locID: 102652566508995228 bcsId: 0,size=2097152]} | ret=SUCCESS |  
2019-08-21 02:17:39,131 | INFO  | DNAudit | user=null | ip=null | op=WRITE_CHUNK {blockData=conID: 2 locID: 102652566508995228 bcsId: 4882} | ret=SUCCESS |  
2019-08-21 02:17:39,134 | INFO  | DNAudit | user=null | ip=null | op=WRITE_CHUNK {blockData=conID: 2 locID: 102652566508995228 bcsId: 4882} | ret=SUCCESS |  
2019-08-21 02:17:39,134 | INFO  | DNAudit | user=null | ip=null | op=WRITE_CHUNK {blockData=conID: 2 locID: 102652566508995228 bcsId: 4882} | ret=SUCCESS |  
2019-08-21 02:17:39,144 | INFO  | DNAudit | user=null | ip=null | op=WRITE_CHUNK {blockData=conID: 2 locID: 102652566508995228 bcsId: 4882} | ret=SUCCESS |  
2019-08-21 02:17:39,144 | INFO  | DNAudit | user=null | ip=null | op=PUT_BLOCK {blockData=[blockId=conID: 2 locID: 102652566508995228 bcsId: 0,size=3145728]} | ret=SUCCESS |  
2019-08-21 02:17:39,144 [grpc-default-executor-3] INFO  client.GrpcClientProtocolClient (GrpcClientProtocolClient.java:onNext(255)) - client-54CC064C3FCE->8224e767-71c1-41fc-a01a-d172d48fd9d8: receive RaftClientReply:client-54CC064C3FCE->8224e767-71c1-41fc-a01a-d172d48fd9d8@group-F6B37CC92441, cid=3248, SUCCESS, logIndex=4887, commits[8224e767-71c1-41fc-a01a-d172d48fd9d8:c4888, 6eae0c21-01aa-4169-956f-5952b26ea7ba:c4886, 8d7dcba1-3b82-4d94-a832-514ef5c79cf8:c4886]
2019-08-21 02:17:39,144 [grpc-default-executor-3] INFO  client.GrpcClientProtocolClient (GrpcClientProtocolClient.java:onNext(255)) - client-54CC064C3FCE->8224e767-71c1-41fc-a01a-d172d48fd9d8: receive RaftClientReply:client-54CC064C3FCE->8224e767-71c1-41fc-a01a-d172d48fd9d8@group-F6B37CC92441, cid=3249, SUCCESS, logIndex=4888, commits[8224e767-71c1-41fc-a01a-d172d48fd9d8:c4888, 6eae0c21-01aa-4169-956f-5952b26ea7ba:c4886, 8d7dcba1-3b82-4d94-a832-514ef5c79cf8:c4886]
2019-08-21 02:17:39,151 | INFO  | DNAudit | user=null | ip=null | op=WRITE_CHUNK {blockData=conID: 2 locID: 102652566508995228 bcsId: 4888} | ret=SUCCESS |  
2019-08-21 02:17:39,152 | INFO  | DNAudit | user=null | ip=null | op=WRITE_CHUNK {blockData=conID: 2 locID: 102652566508995228 bcsId: 4888} | ret=SUCCESS |  
2019-08-21 02:17:39,153 | INFO  | DNAudit | user=null | ip=null | op=WRITE_CHUNK {blockData=conID: 2 locID: 102652566508995228 bcsId: 4888} | ret=SUCCESS |  
2019-08-21 02:17:39,157 | INFO  | DNAudit | user=null | ip=null | op=WRITE_CHUNK {blockData=conID: 2 locID: 102652566508995228 bcsId: 4882} | ret=SUCCESS |  
2019-08-21 02:17:39,157 | INFO  | DNAudit | user=null | ip=null | op=WRITE_CHUNK {blockData=conID: 2 locID: 102652566508995228 bcsId: 4882} | ret=SUCCESS |  
2019-08-21 02:17:39,170 | INFO  | DNAudit | user=null | ip=null | op=PUT_BLOCK {blockData=[blockId=conID: 2 locID: 102652566508995228 bcsId: 0,size=3145728]} | ret=SUCCESS |  
2019-08-21 02:17:39,170 | INFO  | DNAudit | user=null | ip=null | op=PUT_BLOCK {blockData=[blockId=conID: 2 locID: 102652566508995228 bcsId: 0,size=3145728]} | ret=SUCCESS |  
2019-08-21 02:17:39,170 | INFO  | DNAudit | user=null | ip=null | op=WRITE_CHUNK {blockData=conID: 2 locID: 102652566508995228 bcsId: 4888} | ret=SUCCESS |  
2019-08-21 02:17:39,170 | INFO  | DNAudit | user=null | ip=null | op=PUT_BLOCK {blockData=[blockId=conID: 2 locID: 102652566508995228 bcsId: 0,size=4194304]} | ret=SUCCESS |  
2019-08-21 02:17:39,171 [grpc-default-executor-0] INFO  client.GrpcClientProtocolClient (GrpcClientProtocolClient.java:onNext(255)) - client-54CC064C3FCE->8224e767-71c1-41fc-a01a-d172d48fd9d8: receive RaftClientReply:client-54CC064C3FCE->8224e767-71c1-41fc-a01a-d172d48fd9d8@group-F6B37CC92441, cid=3250, SUCCESS, logIndex=4891, commits[8224e767-71c1-41fc-a01a-d172d48fd9d8:c4891, 6eae0c21-01aa-4169-956f-5952b26ea7ba:c4888, 8d7dcba1-3b82-4d94-a832-514ef5c79cf8:c4888]
2019-08-21 02:17:39,171 [grpc-default-executor-0] INFO  client.GrpcClientProtocolClient (GrpcClientProtocolClient.java:onNext(255)) - client-54CC064C3FCE->8224e767-71c1-41fc-a01a-d172d48fd9d8: receive RaftClientReply:client-54CC064C3FCE->8224e767-71c1-41fc-a01a-d172d48fd9d8@group-F6B37CC92441, cid=3251, SUCCESS, logIndex=4892, commits[8224e767-71c1-41fc-a01a-d172d48fd9d8:c4892, 6eae0c21-01aa-4169-956f-5952b26ea7ba:c4888, 8d7dcba1-3b82-4d94-a832-514ef5c79cf8:c4888]
2019-08-21 02:17:39,183 | INFO  | DNAudit | user=null | ip=null | op=WRITE_CHUNK {blockData=conID: 2 locID: 102652566508995228 bcsId: 4888} | ret=SUCCESS |  
2019-08-21 02:17:39,183 | INFO  | DNAudit | user=null | ip=null | op=WRITE_CHUNK {blockData=conID: 2 locID: 102652566508995228 bcsId: 4888} | ret=SUCCESS |  
2019-08-21 02:17:39,196 | INFO  | DNAudit | user=null | ip=null | op=PUT_BLOCK {blockData=[blockId=conID: 2 locID: 102652566508995228 bcsId: 0,size=4194304]} | ret=SUCCESS |  
2019-08-21 02:17:39,196 | INFO  | DNAudit | user=null | ip=null | op=PUT_BLOCK {blockData=[blockId=conID: 2 locID: 102652566508995228 bcsId: 0,size=4194304]} | ret=SUCCESS |  
2019-08-21 02:17:39,196 [grpc-default-executor-0] INFO  client.GrpcClientProtocolClient (GrpcClientProtocolClient.java:onNext(255)) - client-54CC064C3FCE->8224e767-71c1-41fc-a01a-d172d48fd9d8: receive RaftClientReply:client-54CC064C3FCE->8224e767-71c1-41fc-a01a-d172d48fd9d8@group-F6B37CC92441, cid=3252, SUCCESS, logIndex=0, commits[8224e767-71c1-41fc-a01a-d172d48fd9d8:c4894, 6eae0c21-01aa-4169-956f-5952b26ea7ba:c4892, 8d7dcba1-3b82-4d94-a832-514ef5c79cf8:c4892]
2019-08-21 02:17:39,202 | INFO  | SCMAudit | user=jenkins1000 | ip=192.168.34.10 | op=ALLOCATE_BLOCK {owner=b6f66289-f2a0-4058-b052-0a85e40df67b, size=4194304, type=RATIS, factor=THREE} | ret=SUCCESS |  
2019-08-21 02:17:39,206 | INFO  | OMAudit | user=jenkins1000 | ip=127.0.0.1 | op=ALLOCATE_BLOCK {volume=vol-0-90982, bucket=bucket-0-24269, key=key-0-81262, dataSize=0, replicationType=null, replicationFactor=null, keyLocationInfo=null, clientID=102652564580991378} | ret=SUCCESS |  
2019-08-21 02:17:39,213 | INFO  | DNAudit | user=null | ip=null | op=WRITE_CHUNK {blockData=conID: 3 locID: 102652566516662941 bcsId: 0} | ret=SUCCESS |  
2019-08-21 02:17:39,216 | INFO  | DNAudit | user=null | ip=null | op=WRITE_CHUNK {blockData=conID: 3 locID: 102652566516662941 bcsId: 0} | ret=SUCCESS |  
2019-08-21 02:17:39,216 | INFO  | DNAudit | user=null | ip=null | op=WRITE_CHUNK {blockData=conID: 3 locID: 102652566516662941 bcsId: 0} | ret=SUCCESS |  
2019-08-21 02:17:39,217 | INFO  | DNAudit | user=null | ip=null | op=WRITE_CHUNK {blockData=conID: 3 locID: 102652566516662941 bcsId: 0} | ret=SUCCESS |  
2019-08-21 02:17:39,217 | INFO  | DNAudit | user=null | ip=null | op=WRITE_CHUNK {blockData=conID: 3 locID: 102652566516662941 bcsId: 0} | ret=SUCCESS |  
2019-08-21 02:17:39,218 | INFO  | DNAudit | user=null | ip=null | op=WRITE_CHUNK {blockData=conID: 3 locID: 102652566516662941 bcsId: 0} | ret=SUCCESS |  
2019-08-21 02:17:39,243 | INFO  | DNAudit | user=null | ip=null | op=WRITE_CHUNK {blockData=conID: 3 locID: 102652566516662941 bcsId: 0} | ret=SUCCESS |  
2019-08-21 02:17:39,243 | INFO  | DNAudit | user=null | ip=null | op=PUT_BLOCK {blockData=[blockId=conID: 3 locID: 102652566516662941 bcsId: 0,size=1048576]} | ret=SUCCESS |  
2019-08-21 02:17:39,243 [grpc-default-executor-3] INFO  client.GrpcClientProtocolClient (GrpcClientProtocolClient.java:onNext(255)) - client-54CC064C3FCE->8224e767-71c1-41fc-a01a-d172d48fd9d8: receive RaftClientReply:client-54CC064C3FCE->8224e767-71c1-41fc-a01a-d172d48fd9d8@group-F6B37CC92441, cid=3253, SUCCESS, logIndex=4895, commits[8224e767-71c1-41fc-a01a-d172d48fd9d8:c4898, 6eae0c21-01aa-4169-956f-5952b26ea7ba:c4894, 8d7dcba1-3b82-4d94-a832-514ef5c79cf8:c4894]
2019-08-21 02:17:39,244 | INFO  | DNAudit | user=null | ip=null | op=WRITE_CHUNK {blockData=conID: 3 locID: 102652566516662941 bcsId: 0} | ret=SUCCESS |  
2019-08-21 02:17:39,244 [grpc-default-executor-3] INFO  client.GrpcClientProtocolClient (GrpcClientProtocolClient.java:onNext(255)) - client-54CC064C3FCE->8224e767-71c1-41fc-a01a-d172d48fd9d8: receive RaftClientReply:client-54CC064C3FCE->8224e767-71c1-41fc-a01a-d172d48fd9d8@group-F6B37CC92441, cid=3254, SUCCESS, logIndex=4896, commits[8224e767-71c1-41fc-a01a-d172d48fd9d8:c4898, 6eae0c21-01aa-4169-956f-5952b26ea7ba:c4894, 8d7dcba1-3b82-4d94-a832-514ef5c79cf8:c4894]
2019-08-21 02:17:39,244 | INFO  | DNAudit | user=null | ip=null | op=PUT_BLOCK {blockData=[blockId=conID: 3 locID: 102652566516662941 bcsId: 0,size=2097152]} | ret=SUCCESS |  
2019-08-21 02:17:39,244 [grpc-default-executor-3] INFO  client.GrpcClientProtocolClient (GrpcClientProtocolClient.java:onNext(255)) - client-54CC064C3FCE->8224e767-71c1-41fc-a01a-d172d48fd9d8: receive RaftClientReply:client-54CC064C3FCE->8224e767-71c1-41fc-a01a-d172d48fd9d8@group-F6B37CC92441, cid=3255, SUCCESS, logIndex=4897, commits[8224e767-71c1-41fc-a01a-d172d48fd9d8:c4898, 6eae0c21-01aa-4169-956f-5952b26ea7ba:c4894, 8d7dcba1-3b82-4d94-a832-514ef5c79cf8:c4894]
2019-08-21 02:17:39,245 [grpc-default-executor-3] INFO  client.GrpcClientProtocolClient (GrpcClientProtocolClient.java:onNext(255)) - client-54CC064C3FCE->8224e767-71c1-41fc-a01a-d172d48fd9d8: receive RaftClientReply:client-54CC064C3FCE->8224e767-71c1-41fc-a01a-d172d48fd9d8@group-F6B37CC92441, cid=3256, SUCCESS, logIndex=4898, commits[8224e767-71c1-41fc-a01a-d172d48fd9d8:c4898, 6eae0c21-01aa-4169-956f-5952b26ea7ba:c4894, 8d7dcba1-3b82-4d94-a832-514ef5c79cf8:c4894]
2019-08-21 02:17:39,255 | INFO  | DNAudit | user=null | ip=null | op=WRITE_CHUNK {blockData=conID: 3 locID: 102652566516662941 bcsId: 0} | ret=SUCCESS |  
2019-08-21 02:17:39,255 | INFO  | DNAudit | user=null | ip=null | op=WRITE_CHUNK {blockData=conID: 3 locID: 102652566516662941 bcsId: 0} | ret=SUCCESS |  
2019-08-21 02:17:39,256 | INFO  | DNAudit | user=null | ip=null | op=PUT_BLOCK {blockData=[blockId=conID: 3 locID: 102652566516662941 bcsId: 0,size=1048576]} | ret=SUCCESS |  
2019-08-21 02:17:39,256 | INFO  | DNAudit | user=null | ip=null | op=WRITE_CHUNK {blockData=conID: 3 locID: 102652566516662941 bcsId: 0} | ret=SUCCESS |  
2019-08-21 02:17:39,258 | INFO  | DNAudit | user=null | ip=null | op=PUT_BLOCK {blockData=[blockId=conID: 3 locID: 102652566516662941 bcsId: 0,size=2097152]} | ret=SUCCESS |  
2019-08-21 02:17:39,259 | INFO  | DNAudit | user=null | ip=null | op=PUT_BLOCK {blockData=[blockId=conID: 3 locID: 102652566516662941 bcsId: 0,size=1048576]} | ret=SUCCESS |  
2019-08-21 02:17:39,259 | INFO  | DNAudit | user=null | ip=null | op=WRITE_CHUNK {blockData=conID: 3 locID: 102652566516662941 bcsId: 0} | ret=SUCCESS |  
2019-08-21 02:17:39,259 | INFO  | DNAudit | user=null | ip=null | op=PUT_BLOCK {blockData=[blockId=conID: 3 locID: 102652566516662941 bcsId: 0,size=2097152]} | ret=SUCCESS |  
2019-08-21 02:17:39,259 [grpc-default-executor-3] INFO  client.GrpcClientProtocolClient (GrpcClientProtocolClient.java:onNext(255)) - client-54CC064C3FCE->8224e767-71c1-41fc-a01a-d172d48fd9d8: receive RaftClientReply:client-54CC064C3FCE->8224e767-71c1-41fc-a01a-d172d48fd9d8@group-F6B37CC92441, cid=3257, SUCCESS, logIndex=0, commits[8224e767-71c1-41fc-a01a-d172d48fd9d8:c4902, 6eae0c21-01aa-4169-956f-5952b26ea7ba:c4898, 8d7dcba1-3b82-4d94-a832-514ef5c79cf8:c4897]
2019-08-21 02:17:39,266 | INFO  | DNAudit | user=null | ip=null | op=WRITE_CHUNK {blockData=conID: 3 locID: 102652566516662941 bcsId: 4898} | ret=SUCCESS |  
2019-08-21 02:17:39,268 | INFO  | DNAudit | user=null | ip=null | op=WRITE_CHUNK {blockData=conID: 3 locID: 102652566516662941 bcsId: 4898} | ret=SUCCESS |  
2019-08-21 02:17:39,269 | INFO  | DNAudit | user=null | ip=null | op=WRITE_CHUNK {blockData=conID: 3 locID: 102652566516662941 bcsId: 4898} | ret=SUCCESS |  
2019-08-21 02:17:39,270 | INFO  | DNAudit | user=null | ip=null | op=WRITE_CHUNK {blockData=conID: 3 locID: 102652566516662941 bcsId: 4898} | ret=SUCCESS |  
2019-08-21 02:17:39,270 | INFO  | DNAudit | user=null | ip=null | op=PUT_BLOCK {blockData=[blockId=conID: 3 locID: 102652566516662941 bcsId: 0,size=3145728]} | ret=SUCCESS |  
2019-08-21 02:17:39,270 [grpc-default-executor-3] INFO  client.GrpcClientProtocolClient (GrpcClientProtocolClient.java:onNext(255)) - client-54CC064C3FCE->8224e767-71c1-41fc-a01a-d172d48fd9d8: receive RaftClientReply:client-54CC064C3FCE->8224e767-71c1-41fc-a01a-d172d48fd9d8@group-F6B37CC92441, cid=3258, SUCCESS, logIndex=4903, commits[8224e767-71c1-41fc-a01a-d172d48fd9d8:c4904, 6eae0c21-01aa-4169-956f-5952b26ea7ba:c4898, 8d7dcba1-3b82-4d94-a832-514ef5c79cf8:c4902]
2019-08-21 02:17:39,271 [grpc-default-executor-3] INFO  client.GrpcClientProtocolClient (GrpcClientProtocolClient.java:onNext(255)) - client-54CC064C3FCE->8224e767-71c1-41fc-a01a-d172d48fd9d8: receive RaftClientReply:client-54CC064C3FCE->8224e767-71c1-41fc-a01a-d172d48fd9d8@group-F6B37CC92441, cid=3259, SUCCESS, logIndex=4904, commits[8224e767-71c1-41fc-a01a-d172d48fd9d8:c4904, 6eae0c21-01aa-4169-956f-5952b26ea7ba:c4902, 8d7dcba1-3b82-4d94-a832-514ef5c79cf8:c4902]
2019-08-21 02:17:39,273 | INFO  | DNAudit | user=null | ip=null | op=WRITE_CHUNK {blockData=conID: 3 locID: 102652566516662941 bcsId: 4898} | ret=SUCCESS |  
2019-08-21 02:17:39,273 | INFO  | DNAudit | user=null | ip=null | op=WRITE_CHUNK {blockData=conID: 3 locID: 102652566516662941 bcsId: 4898} | ret=SUCCESS |  
2019-08-21 02:17:39,276 | INFO  | DNAudit | user=null | ip=null | op=PUT_BLOCK {blockData=[blockId=conID: 3 locID: 102652566516662941 bcsId: 0,size=3145728]} | ret=SUCCESS |  
2019-08-21 02:17:39,276 | INFO  | DNAudit | user=null | ip=null | op=PUT_BLOCK {blockData=[blockId=conID: 3 locID: 102652566516662941 bcsId: 0,size=3145728]} | ret=SUCCESS |  
2019-08-21 02:17:39,279 | INFO  | DNAudit | user=null | ip=null | op=WRITE_CHUNK {blockData=conID: 3 locID: 102652566516662941 bcsId: 4904} | ret=SUCCESS |  
2019-08-21 02:17:39,281 | INFO  | DNAudit | user=null | ip=null | op=WRITE_CHUNK {blockData=conID: 3 locID: 102652566516662941 bcsId: 4904} | ret=SUCCESS |  
2019-08-21 02:17:39,281 | INFO  | DNAudit | user=null | ip=null | op=WRITE_CHUNK {blockData=conID: 3 locID: 102652566516662941 bcsId: 4904} | ret=SUCCESS |  
2019-08-21 02:17:39,283 | INFO  | DNAudit | user=null | ip=null | op=WRITE_CHUNK {blockData=conID: 3 locID: 102652566516662941 bcsId: 4904} | ret=SUCCESS |  
2019-08-21 02:17:39,284 | INFO  | DNAudit | user=null | ip=null | op=PUT_BLOCK {blockData=[blockId=conID: 3 locID: 102652566516662941 bcsId: 0,size=4194304]} | ret=SUCCESS |  
2019-08-21 02:17:39,284 [grpc-default-executor-0] INFO  client.GrpcClientProtocolClient (GrpcClientProtocolClient.java:onNext(255)) - client-54CC064C3FCE->8224e767-71c1-41fc-a01a-d172d48fd9d8: receive RaftClientReply:client-54CC064C3FCE->8224e767-71c1-41fc-a01a-d172d48fd9d8@group-F6B37CC92441, cid=3260, SUCCESS, logIndex=4907, commits[8224e767-71c1-41fc-a01a-d172d48fd9d8:c4908, 6eae0c21-01aa-4169-956f-5952b26ea7ba:c4906, 8d7dcba1-3b82-4d94-a832-514ef5c79cf8:c4904]
2019-08-21 02:17:39,284 [grpc-default-executor-0] INFO  client.GrpcClientProtocolClient (GrpcClientProtocolClient.java:onNext(255)) - client-54CC064C3FCE->8224e767-71c1-41fc-a01a-d172d48fd9d8: receive RaftClientReply:client-54CC064C3FCE->8224e767-71c1-41fc-a01a-d172d48fd9d8@group-F6B37CC92441, cid=3261, SUCCESS, logIndex=4908, commits[8224e767-71c1-41fc-a01a-d172d48fd9d8:c4908, 6eae0c21-01aa-4169-956f-5952b26ea7ba:c4906, 8d7dcba1-3b82-4d94-a832-514ef5c79cf8:c4906]
2019-08-21 02:17:39,286 | INFO  | DNAudit | user=null | ip=null | op=WRITE_CHUNK {blockData=conID: 3 locID: 102652566516662941 bcsId: 4904} | ret=SUCCESS |  
2019-08-21 02:17:39,286 | INFO  | DNAudit | user=null | ip=null | op=WRITE_CHUNK {blockData=conID: 3 locID: 102652566516662941 bcsId: 4904} | ret=SUCCESS |  
2019-08-21 02:17:39,286 | INFO  | DNAudit | user=null | ip=null | op=PUT_BLOCK {blockData=[blockId=conID: 3 locID: 102652566516662941 bcsId: 0,size=4194304]} | ret=SUCCESS |  
2019-08-21 02:17:39,286 | INFO  | DNAudit | user=null | ip=null | op=PUT_BLOCK {blockData=[blockId=conID: 3 locID: 102652566516662941 bcsId: 0,size=4194304]} | ret=SUCCESS |  
2019-08-21 02:17:39,286 [grpc-default-executor-0] INFO  client.GrpcClientProtocolClient (GrpcClientProtocolClient.java:onNext(255)) - client-54CC064C3FCE->8224e767-71c1-41fc-a01a-d172d48fd9d8: receive RaftClientReply:client-54CC064C3FCE->8224e767-71c1-41fc-a01a-d172d48fd9d8@group-F6B37CC92441, cid=3262, SUCCESS, logIndex=0, commits[8224e767-71c1-41fc-a01a-d172d48fd9d8:c4909, 6eae0c21-01aa-4169-956f-5952b26ea7ba:c4908, 8d7dcba1-3b82-4d94-a832-514ef5c79cf8:c4908]
2019-08-21 02:17:39,291 | INFO  | SCMAudit | user=jenkins1000 | ip=192.168.34.10 | op=ALLOCATE_BLOCK {owner=b6f66289-f2a0-4058-b052-0a85e40df67b, size=4194304, type=RATIS, factor=THREE} | ret=SUCCESS |  
2019-08-21 02:17:39,294 | INFO  | OMAudit | user=jenkins1000 | ip=127.0.0.1 | op=ALLOCATE_BLOCK {volume=vol-0-90982, bucket=bucket-0-24269, key=key-0-81262, dataSize=0, replicationType=null, replicationFactor=null, keyLocationInfo=null, clientID=102652564580991378} | ret=SUCCESS |  
2019-08-21 02:17:39,301 | INFO  | DNAudit | user=null | ip=null | op=WRITE_CHUNK {blockData=conID: 1 locID: 102652566522495646 bcsId: 0} | ret=SUCCESS |  
2019-08-21 02:17:39,304 | INFO  | DNAudit | user=null | ip=null | op=WRITE_CHUNK {blockData=conID: 1 locID: 102652566522495646 bcsId: 0} | ret=SUCCESS |  
2019-08-21 02:17:39,304 | INFO  | DNAudit | user=null | ip=null | op=WRITE_CHUNK {blockData=conID: 1 locID: 102652566522495646 bcsId: 0} | ret=SUCCESS |  
2019-08-21 02:17:39,305 | INFO  | DNAudit | user=null | ip=null | op=WRITE_CHUNK {blockData=conID: 1 locID: 102652566522495646 bcsId: 0} | ret=SUCCESS |  
2019-08-21 02:17:39,305 | INFO  | DNAudit | user=null | ip=null | op=WRITE_CHUNK {blockData=conID: 1 locID: 102652566522495646 bcsId: 0} | ret=SUCCESS |  
2019-08-21 02:17:39,305 | INFO  | DNAudit | user=null | ip=null | op=WRITE_CHUNK {blockData=conID: 1 locID: 102652566522495646 bcsId: 0} | ret=SUCCESS |  
2019-08-21 02:17:39,307 | INFO  | DNAudit | user=null | ip=null | op=WRITE_CHUNK {blockData=conID: 1 locID: 102652566522495646 bcsId: 0} | ret=SUCCESS |  
2019-08-21 02:17:39,308 | INFO  | DNAudit | user=null | ip=null | op=PUT_BLOCK {blockData=[blockId=conID: 1 locID: 102652566522495646 bcsId: 0,size=1048576]} | ret=SUCCESS |  
2019-08-21 02:17:39,308 [grpc-default-executor-3] INFO  client.GrpcClientProtocolClient (GrpcClientProtocolClient.java:onNext(255)) - client-54CC064C3FCE->8224e767-71c1-41fc-a01a-d172d48fd9d8: receive RaftClientReply:client-54CC064C3FCE->8224e767-71c1-41fc-a01a-d172d48fd9d8@group-F6B37CC92441, cid=3263, SUCCESS, logIndex=4910, commits[8224e767-71c1-41fc-a01a-d172d48fd9d8:c4912, 6eae0c21-01aa-4169-956f-5952b26ea7ba:c4909, 8d7dcba1-3b82-4d94-a832-514ef5c79cf8:c4909]
2019-08-21 02:17:39,308 | INFO  | DNAudit | user=null | ip=null | op=WRITE_CHUNK {blockData=conID: 1 locID: 102652566522495646 bcsId: 0} | ret=SUCCESS |  
2019-08-21 02:17:39,309 | INFO  | DNAudit | user=null | ip=null | op=PUT_BLOCK {blockData=[blockId=conID: 1 locID: 102652566522495646 bcsId: 0,size=2097152]} | ret=SUCCESS |  
2019-08-21 02:17:39,309 [grpc-default-executor-3] INFO  client.GrpcClientProtocolClient (GrpcClientProtocolClient.java:onNext(255)) - client-54CC064C3FCE->8224e767-71c1-41fc-a01a-d172d48fd9d8: receive RaftClientReply:client-54CC064C3FCE->8224e767-71c1-41fc-a01a-d172d48fd9d8@group-F6B37CC92441, cid=3264, SUCCESS, logIndex=4911, commits[8224e767-71c1-41fc-a01a-d172d48fd9d8:c4913, 6eae0c21-01aa-4169-956f-5952b26ea7ba:c4909, 8d7dcba1-3b82-4d94-a832-514ef5c79cf8:c4909]
2019-08-21 02:17:39,309 [grpc-default-executor-3] INFO  client.GrpcClientProtocolClient (GrpcClientProtocolClient.java:onNext(255)) - client-54CC064C3FCE->8224e767-71c1-41fc-a01a-d172d48fd9d8: receive RaftClientReply:client-54CC064C3FCE->8224e767-71c1-41fc-a01a-d172d48fd9d8@group-F6B37CC92441, cid=3265, SUCCESS, logIndex=4912, commits[8224e767-71c1-41fc-a01a-d172d48fd9d8:c4913, 6eae0c21-01aa-4169-956f-5952b26ea7ba:c4909, 8d7dcba1-3b82-4d94-a832-514ef5c79cf8:c4909]
2019-08-21 02:17:39,309 [grpc-default-executor-3] INFO  client.GrpcClientProtocolClient (GrpcClientProtocolClient.java:onNext(255)) - client-54CC064C3FCE->8224e767-71c1-41fc-a01a-d172d48fd9d8: receive RaftClientReply:client-54CC064C3FCE->8224e767-71c1-41fc-a01a-d172d48fd9d8@group-F6B37CC92441, cid=3266, SUCCESS, logIndex=4913, commits[8224e767-71c1-41fc-a01a-d172d48fd9d8:c4913, 6eae0c21-01aa-4169-956f-5952b26ea7ba:c4909, 8d7dcba1-3b82-4d94-a832-514ef5c79cf8:c4909]
2019-08-21 02:17:39,311 | INFO  | DNAudit | user=null | ip=null | op=WRITE_CHUNK {blockData=conID: 1 locID: 102652566522495646 bcsId: 0} | ret=SUCCESS |  
2019-08-21 02:17:39,311 | INFO  | DNAudit | user=null | ip=null | op=WRITE_CHUNK {blockData=conID: 1 locID: 102652566522495646 bcsId: 0} | ret=SUCCESS |  
2019-08-21 02:17:39,311 | INFO  | DNAudit | user=null | ip=null | op=PUT_BLOCK {blockData=[blockId=conID: 1 locID: 102652566522495646 bcsId: 0,size=1048576]} | ret=SUCCESS |  
2019-08-21 02:17:39,311 | INFO  | DNAudit | user=null | ip=null | op=WRITE_CHUNK {blockData=conID: 1 locID: 102652566522495646 bcsId: 0} | ret=SUCCESS |  
2019-08-21 02:17:39,314 | INFO  | DNAudit | user=null | ip=null | op=PUT_BLOCK {blockData=[blockId=conID: 1 locID: 102652566522495646 bcsId: 0,size=2097152]} | ret=SUCCESS |  
2019-08-21 02:17:39,314 | INFO  | DNAudit | user=null | ip=null | op=PUT_BLOCK {blockData=[blockId=conID: 1 locID: 102652566522495646 bcsId: 0,size=1048576]} | ret=SUCCESS |  
2019-08-21 02:17:39,315 | INFO  | DNAudit | user=null | ip=null | op=WRITE_CHUNK {blockData=conID: 1 locID: 102652566522495646 bcsId: 0} | ret=SUCCESS |  
2019-08-21 02:17:39,315 | INFO  | DNAudit | user=null | ip=null | op=PUT_BLOCK {blockData=[blockId=conID: 1 locID: 102652566522495646 bcsId: 0,size=2097152]} | ret=SUCCESS |  
2019-08-21 02:17:39,315 [grpc-default-executor-3] INFO  client.GrpcClientProtocolClient (GrpcClientProtocolClient.java:onNext(255)) - client-54CC064C3FCE->8224e767-71c1-41fc-a01a-d172d48fd9d8: receive RaftClientReply:client-54CC064C3FCE->8224e767-71c1-41fc-a01a-d172d48fd9d8@group-F6B37CC92441, cid=3267, SUCCESS, logIndex=0, commits[8224e767-71c1-41fc-a01a-d172d48fd9d8:c4917, 6eae0c21-01aa-4169-956f-5952b26ea7ba:c4913, 8d7dcba1-3b82-4d94-a832-514ef5c79cf8:c4912]
2019-08-21 02:17:39,322 | INFO  | DNAudit | user=null | ip=null | op=WRITE_CHUNK {blockData=conID: 1 locID: 102652566522495646 bcsId: 4913} | ret=SUCCESS |  
2019-08-21 02:17:39,324 | INFO  | DNAudit | user=null | ip=null | op=WRITE_CHUNK {blockData=conID: 1 locID: 102652566522495646 bcsId: 4913} | ret=SUCCESS |  
2019-08-21 02:17:39,324 | INFO  | DNAudit | user=null | ip=null | op=WRITE_CHUNK {blockData=conID: 1 locID: 102652566522495646 bcsId: 4913} | ret=SUCCESS |  
2019-08-21 02:17:39,338 | INFO  | DNAudit | user=null | ip=null | op=WRITE_CHUNK {blockData=conID: 1 locID: 102652566522495646 bcsId: 4913} | ret=SUCCESS |  
2019-08-21 02:17:39,339 | INFO  | DNAudit | user=null | ip=null | op=PUT_BLOCK {blockData=[blockId=conID: 1 locID: 102652566522495646 bcsId: 0,size=3145728]} | ret=SUCCESS |  
2019-08-21 02:17:39,339 [grpc-default-executor-3] INFO  client.GrpcClientProtocolClient (GrpcClientProtocolClient.java:onNext(255)) - client-54CC064C3FCE->8224e767-71c1-41fc-a01a-d172d48fd9d8: receive RaftClientReply:client-54CC064C3FCE->8224e767-71c1-41fc-a01a-d172d48fd9d8@group-F6B37CC92441, cid=3268, SUCCESS, logIndex=4918, commits[8224e767-71c1-41fc-a01a-d172d48fd9d8:c4919, 6eae0c21-01aa-4169-956f-5952b26ea7ba:c4917, 8d7dcba1-3b82-4d94-a832-514ef5c79cf8:c4917]
2019-08-21 02:17:39,339 [grpc-default-executor-3] INFO  client.GrpcClientProtocolClient (GrpcClientProtocolClient.java:onNext(255)) - client-54CC064C3FCE->8224e767-71c1-41fc-a01a-d172d48fd9d8: receive RaftClientReply:client-54CC064C3FCE->8224e767-71c1-41fc-a01a-d172d48fd9d8@group-F6B37CC92441, cid=3269, SUCCESS, logIndex=4919, commits[8224e767-71c1-41fc-a01a-d172d48fd9d8:c4919, 6eae0c21-01aa-4169-956f-5952b26ea7ba:c4917, 8d7dcba1-3b82-4d94-a832-514ef5c79cf8:c4917]
2019-08-21 02:17:39,346 | INFO  | DNAudit | user=null | ip=null | op=WRITE_CHUNK {blockData=conID: 1 locID: 102652566522495646 bcsId: 4919} | ret=SUCCESS |  
2019-08-21 02:17:39,347 | INFO  | DNAudit | user=null | ip=null | op=WRITE_CHUNK {blockData=conID: 1 locID: 102652566522495646 bcsId: 4919} | ret=SUCCESS |  
2019-08-21 02:17:39,348 | INFO  | DNAudit | user=null | ip=null | op=WRITE_CHUNK {blockData=conID: 1 locID: 102652566522495646 bcsId: 4919} | ret=SUCCESS |  
2019-08-21 02:17:39,351 | INFO  | DNAudit | user=null | ip=null | op=WRITE_CHUNK {blockData=conID: 1 locID: 102652566522495646 bcsId: 4913} | ret=SUCCESS |  
2019-08-21 02:17:39,351 | INFO  | DNAudit | user=null | ip=null | op=WRITE_CHUNK {blockData=conID: 1 locID: 102652566522495646 bcsId: 4913} | ret=SUCCESS |  
2019-08-21 02:17:39,353 | INFO  | DNAudit | user=null | ip=null | op=PUT_BLOCK {blockData=[blockId=conID: 1 locID: 102652566522495646 bcsId: 0,size=3145728]} | ret=SUCCESS |  
2019-08-21 02:17:39,353 | INFO  | DNAudit | user=null | ip=null | op=PUT_BLOCK {blockData=[blockId=conID: 1 locID: 102652566522495646 bcsId: 0,size=3145728]} | ret=SUCCESS |  
2019-08-21 02:17:39,354 | INFO  | DNAudit | user=null | ip=null | op=WRITE_CHUNK {blockData=conID: 1 locID: 102652566522495646 bcsId: 4919} | ret=SUCCESS |  
2019-08-21 02:17:39,355 | INFO  | DNAudit | user=null | ip=null | op=PUT_BLOCK {blockData=[blockId=conID: 1 locID: 102652566522495646 bcsId: 0,size=4194304]} | ret=SUCCESS |  
2019-08-21 02:17:39,355 [grpc-default-executor-3] INFO  client.GrpcClientProtocolClient (GrpcClientProtocolClient.java:onNext(255)) - client-54CC064C3FCE->8224e767-71c1-41fc-a01a-d172d48fd9d8: receive RaftClientReply:client-54CC064C3FCE->8224e767-71c1-41fc-a01a-d172d48fd9d8@group-F6B37CC92441, cid=3270, SUCCESS, logIndex=4922, commits[8224e767-71c1-41fc-a01a-d172d48fd9d8:c4923, 6eae0c21-01aa-4169-956f-5952b26ea7ba:c4919, 8d7dcba1-3b82-4d94-a832-514ef5c79cf8:c4919]
2019-08-21 02:17:39,355 [grpc-default-executor-3] INFO  client.GrpcClientProtocolClient (GrpcClientProtocolClient.java:onNext(255)) - client-54CC064C3FCE->8224e767-71c1-41fc-a01a-d172d48fd9d8: receive RaftClientReply:client-54CC064C3FCE->8224e767-71c1-41fc-a01a-d172d48fd9d8@group-F6B37CC92441, cid=3271, SUCCESS, logIndex=4923, commits[8224e767-71c1-41fc-a01a-d172d48fd9d8:c4923, 6eae0c21-01aa-4169-956f-5952b26ea7ba:c4919, 8d7dcba1-3b82-4d94-a832-514ef5c79cf8:c4919]
2019-08-21 02:17:39,374 | INFO  | DNAudit | user=null | ip=null | op=WRITE_CHUNK {blockData=conID: 1 locID: 102652566522495646 bcsId: 4919} | ret=SUCCESS |  
2019-08-21 02:17:39,374 | INFO  | DNAudit | user=null | ip=null | op=WRITE_CHUNK {blockData=conID: 1 locID: 102652566522495646 bcsId: 4919} | ret=SUCCESS |  
2019-08-21 02:17:39,377 | INFO  | DNAudit | user=null | ip=null | op=PUT_BLOCK {blockData=[blockId=conID: 1 locID: 102652566522495646 bcsId: 0,size=4194304]} | ret=SUCCESS |  
2019-08-21 02:17:39,377 | INFO  | DNAudit | user=null | ip=null | op=PUT_BLOCK {blockData=[blockId=conID: 1 locID: 102652566522495646 bcsId: 0,size=4194304]} | ret=SUCCESS |  
2019-08-21 02:17:39,377 [grpc-default-executor-3] INFO  client.GrpcClientProtocolClient (GrpcClientProtocolClient.java:onNext(255)) - client-54CC064C3FCE->8224e767-71c1-41fc-a01a-d172d48fd9d8: receive RaftClientReply:client-54CC064C3FCE->8224e767-71c1-41fc-a01a-d172d48fd9d8@group-F6B37CC92441, cid=3272, SUCCESS, logIndex=0, commits[8224e767-71c1-41fc-a01a-d172d48fd9d8:c4925, 6eae0c21-01aa-4169-956f-5952b26ea7ba:c4923, 8d7dcba1-3b82-4d94-a832-514ef5c79cf8:c4923]
2019-08-21 02:17:39,384 | INFO  | SCMAudit | user=jenkins1000 | ip=192.168.34.10 | op=ALLOCATE_BLOCK {owner=b6f66289-f2a0-4058-b052-0a85e40df67b, size=4194304, type=RATIS, factor=THREE} | ret=SUCCESS |  
2019-08-21 02:17:39,389 | INFO  | OMAudit | user=jenkins1000 | ip=127.0.0.1 | op=ALLOCATE_BLOCK {volume=vol-0-90982, bucket=bucket-0-24269, key=key-0-81262, dataSize=0, replicationType=null, replicationFactor=null, keyLocationInfo=null, clientID=102652564580991378} | ret=SUCCESS |  
2019-08-21 02:17:39,396 | INFO  | DNAudit | user=null | ip=null | op=WRITE_CHUNK {blockData=conID: 2 locID: 102652566528590495 bcsId: 0} | ret=SUCCESS |  
2019-08-21 02:17:39,398 | INFO  | DNAudit | user=null | ip=null | op=WRITE_CHUNK {blockData=conID: 2 locID: 102652566528590495 bcsId: 0} | ret=SUCCESS |  
2019-08-21 02:17:39,398 | INFO  | DNAudit | user=null | ip=null | op=WRITE_CHUNK {blockData=conID: 2 locID: 102652566528590495 bcsId: 0} | ret=SUCCESS |  
2019-08-21 02:17:39,399 | INFO  | DNAudit | user=null | ip=null | op=WRITE_CHUNK {blockData=conID: 2 locID: 102652566528590495 bcsId: 0} | ret=SUCCESS |  
2019-08-21 02:17:39,400 | INFO  | DNAudit | user=null | ip=null | op=WRITE_CHUNK {blockData=conID: 2 locID: 102652566528590495 bcsId: 0} | ret=SUCCESS |  
2019-08-21 02:17:39,401 | INFO  | DNAudit | user=null | ip=null | op=WRITE_CHUNK {blockData=conID: 2 locID: 102652566528590495 bcsId: 0} | ret=SUCCESS |  
2019-08-21 02:17:39,410 | INFO  | DNAudit | user=null | ip=null | op=WRITE_CHUNK {blockData=conID: 2 locID: 102652566528590495 bcsId: 0} | ret=SUCCESS |  
2019-08-21 02:17:39,410 | INFO  | DNAudit | user=null | ip=null | op=PUT_BLOCK {blockData=[blockId=conID: 2 locID: 102652566528590495 bcsId: 0,size=1048576]} | ret=SUCCESS |  
2019-08-21 02:17:39,411 [grpc-default-executor-4] INFO  client.GrpcClientProtocolClient (GrpcClientProtocolClient.java:onNext(255)) - client-54CC064C3FCE->8224e767-71c1-41fc-a01a-d172d48fd9d8: receive RaftClientReply:client-54CC064C3FCE->8224e767-71c1-41fc-a01a-d172d48fd9d8@group-F6B37CC92441, cid=3273, SUCCESS, logIndex=4926, commits[8224e767-71c1-41fc-a01a-d172d48fd9d8:c4927, 6eae0c21-01aa-4169-956f-5952b26ea7ba:c4925, 8d7dcba1-3b82-4d94-a832-514ef5c79cf8:c4925]
2019-08-21 02:17:39,411 | INFO  | DNAudit | user=null | ip=null | op=WRITE_CHUNK {blockData=conID: 2 locID: 102652566528590495 bcsId: 0} | ret=SUCCESS |  
2019-08-21 02:17:39,411 [grpc-default-executor-4] INFO  client.GrpcClientProtocolClient (GrpcClientProtocolClient.java:onNext(255)) - client-54CC064C3FCE->8224e767-71c1-41fc-a01a-d172d48fd9d8: receive RaftClientReply:client-54CC064C3FCE->8224e767-71c1-41fc-a01a-d172d48fd9d8@group-F6B37CC92441, cid=3274, SUCCESS, logIndex=4927, commits[8224e767-71c1-41fc-a01a-d172d48fd9d8:c4929, 6eae0c21-01aa-4169-956f-5952b26ea7ba:c4925, 8d7dcba1-3b82-4d94-a832-514ef5c79cf8:c4925]
2019-08-21 02:17:39,411 | INFO  | DNAudit | user=null | ip=null | op=PUT_BLOCK {blockData=[blockId=conID: 2 locID: 102652566528590495 bcsId: 0,size=2097152]} | ret=SUCCESS |  
2019-08-21 02:17:39,412 [grpc-default-executor-4] INFO  client.GrpcClientProtocolClient (GrpcClientProtocolClient.java:onNext(255)) - client-54CC064C3FCE->8224e767-71c1-41fc-a01a-d172d48fd9d8: receive RaftClientReply:client-54CC064C3FCE->8224e767-71c1-41fc-a01a-d172d48fd9d8@group-F6B37CC92441, cid=3275, SUCCESS, logIndex=4928, commits[8224e767-71c1-41fc-a01a-d172d48fd9d8:c4929, 6eae0c21-01aa-4169-956f-5952b26ea7ba:c4925, 8d7dcba1-3b82-4d94-a832-514ef5c79cf8:c4925]
2019-08-21 02:17:39,412 | INFO  | DNAudit | user=null | ip=null | op=WRITE_CHUNK {blockData=conID: 2 locID: 102652566528590495 bcsId: 0} | ret=SUCCESS |  
2019-08-21 02:17:39,412 [grpc-default-executor-0] INFO  client.GrpcClientProtocolClient (GrpcClientProtocolClient.java:onNext(255)) - client-54CC064C3FCE->8224e767-71c1-41fc-a01a-d172d48fd9d8: receive RaftClientReply:client-54CC064C3FCE->8224e767-71c1-41fc-a01a-d172d48fd9d8@group-F6B37CC92441, cid=3276, SUCCESS, logIndex=4929, commits[8224e767-71c1-41fc-a01a-d172d48fd9d8:c4929, 6eae0c21-01aa-4169-956f-5952b26ea7ba:c4925, 8d7dcba1-3b82-4d94-a832-514ef5c79cf8:c4925]
2019-08-21 02:17:39,412 | INFO  | DNAudit | user=null | ip=null | op=PUT_BLOCK {blockData=[blockId=conID: 2 locID: 102652566528590495 bcsId: 0,size=1048576]} | ret=SUCCESS |  
2019-08-21 02:17:39,414 | INFO  | DNAudit | user=null | ip=null | op=WRITE_CHUNK {blockData=conID: 2 locID: 102652566528590495 bcsId: 0} | ret=SUCCESS |  
2019-08-21 02:17:39,414 | INFO  | DNAudit | user=null | ip=null | op=PUT_BLOCK {blockData=[blockId=conID: 2 locID: 102652566528590495 bcsId: 0,size=1048576]} | ret=SUCCESS |  
2019-08-21 02:17:39,414 | INFO  | DNAudit | user=null | ip=null | op=WRITE_CHUNK {blockData=conID: 2 locID: 102652566528590495 bcsId: 0} | ret=SUCCESS |  
2019-08-21 02:17:39,414 | INFO  | DNAudit | user=null | ip=null | op=PUT_BLOCK {blockData=[blockId=conID: 2 locID: 102652566528590495 bcsId: 0,size=2097152]} | ret=SUCCESS |  
2019-08-21 02:17:39,414 [grpc-default-executor-0] INFO  client.GrpcClientProtocolClient (GrpcClientProtocolClient.java:onNext(255)) - client-54CC064C3FCE->8224e767-71c1-41fc-a01a-d172d48fd9d8: receive RaftClientReply:client-54CC064C3FCE->8224e767-71c1-41fc-a01a-d172d48fd9d8@group-F6B37CC92441, cid=3277, SUCCESS, logIndex=0, commits[8224e767-71c1-41fc-a01a-d172d48fd9d8:c4930, 6eae0c21-01aa-4169-956f-5952b26ea7ba:c4927, 8d7dcba1-3b82-4d94-a832-514ef5c79cf8:c4927]
2019-08-21 02:17:39,421 | INFO  | DNAudit | user=null | ip=null | op=WRITE_CHUNK {blockData=conID: 2 locID: 102652566528590495 bcsId: 4929} | ret=SUCCESS |  
2019-08-21 02:17:39,422 | INFO  | DNAudit | user=null | ip=null | op=WRITE_CHUNK {blockData=conID: 2 locID: 102652566528590495 bcsId: 4929} | ret=SUCCESS |  
2019-08-21 02:17:39,423 | INFO  | DNAudit | user=null | ip=null | op=WRITE_CHUNK {blockData=conID: 2 locID: 102652566528590495 bcsId: 4929} | ret=SUCCESS |  
2019-08-21 02:17:39,425 | INFO  | DNAudit | user=null | ip=null | op=WRITE_CHUNK {blockData=conID: 2 locID: 102652566528590495 bcsId: 0} | ret=SUCCESS |  
2019-08-21 02:17:39,426 | INFO  | DNAudit | user=null | ip=null | op=PUT_BLOCK {blockData=[blockId=conID: 2 locID: 102652566528590495 bcsId: 0,size=2097152]} | ret=SUCCESS |  
2019-08-21 02:17:39,426 | INFO  | DNAudit | user=null | ip=null | op=WRITE_CHUNK {blockData=conID: 2 locID: 102652566528590495 bcsId: 4929} | ret=SUCCESS |  
2019-08-21 02:17:39,427 | INFO  | DNAudit | user=null | ip=null | op=PUT_BLOCK {blockData=[blockId=conID: 2 locID: 102652566528590495 bcsId: 0,size=3145728]} | ret=SUCCESS |  
2019-08-21 02:17:39,427 [grpc-default-executor-0] INFO  client.GrpcClientProtocolClient (GrpcClientProtocolClient.java:onNext(255)) - client-54CC064C3FCE->8224e767-71c1-41fc-a01a-d172d48fd9d8: receive RaftClientReply:client-54CC064C3FCE->8224e767-71c1-41fc-a01a-d172d48fd9d8@group-F6B37CC92441, cid=3278, SUCCESS, logIndex=4934, commits[8224e767-71c1-41fc-a01a-d172d48fd9d8:c4935, 6eae0c21-01aa-4169-956f-5952b26ea7ba:c4932, 8d7dcba1-3b82-4d94-a832-514ef5c79cf8:c4932]
2019-08-21 02:17:39,427 [grpc-default-executor-0] INFO  client.GrpcClientProtocolClient (GrpcClientProtocolClient.java:onNext(255)) - client-54CC064C3FCE->8224e767-71c1-41fc-a01a-d172d48fd9d8: receive RaftClientReply:client-54CC064C3FCE->8224e767-71c1-41fc-a01a-d172d48fd9d8@group-F6B37CC92441, cid=3279, SUCCESS, logIndex=4935, commits[8224e767-71c1-41fc-a01a-d172d48fd9d8:c4935, 6eae0c21-01aa-4169-956f-5952b26ea7ba:c4932, 8d7dcba1-3b82-4d94-a832-514ef5c79cf8:c4932]
2019-08-21 02:17:39,429 | INFO  | DNAudit | user=null | ip=null | op=WRITE_CHUNK {blockData=conID: 2 locID: 102652566528590495 bcsId: 4929} | ret=SUCCESS |  
2019-08-21 02:17:39,429 | INFO  | DNAudit | user=null | ip=null | op=WRITE_CHUNK {blockData=conID: 2 locID: 102652566528590495 bcsId: 4929} | ret=SUCCESS |  
2019-08-21 02:17:39,429 | INFO  | DNAudit | user=null | ip=null | op=PUT_BLOCK {blockData=[blockId=conID: 2 locID: 102652566528590495 bcsId: 0,size=3145728]} | ret=SUCCESS |  
2019-08-21 02:17:39,429 | INFO  | DNAudit | user=null | ip=null | op=PUT_BLOCK {blockData=[blockId=conID: 2 locID: 102652566528590495 bcsId: 0,size=3145728]} | ret=SUCCESS |  
2019-08-21 02:17:39,433 | INFO  | DNAudit | user=null | ip=null | op=WRITE_CHUNK {blockData=conID: 2 locID: 102652566528590495 bcsId: 4935} | ret=SUCCESS |  
2019-08-21 02:17:39,434 | INFO  | DNAudit | user=null | ip=null | op=WRITE_CHUNK {blockData=conID: 2 locID: 102652566528590495 bcsId: 4935} | ret=SUCCESS |  
2019-08-21 02:17:39,434 | INFO  | DNAudit | user=null | ip=null | op=WRITE_CHUNK {blockData=conID: 2 locID: 102652566528590495 bcsId: 4935} | ret=SUCCESS |  
2019-08-21 02:17:39,445 | INFO  | DNAudit | user=null | ip=null | op=WRITE_CHUNK {blockData=conID: 2 locID: 102652566528590495 bcsId: 4935} | ret=SUCCESS |  
2019-08-21 02:17:39,446 | INFO  | DNAudit | user=null | ip=null | op=PUT_BLOCK {blockData=[blockId=conID: 2 locID: 102652566528590495 bcsId: 0,size=4194304]} | ret=SUCCESS |  
2019-08-21 02:17:39,446 [grpc-default-executor-3] INFO  client.GrpcClientProtocolClient (GrpcClientProtocolClient.java:onNext(255)) - client-54CC064C3FCE->8224e767-71c1-41fc-a01a-d172d48fd9d8: receive RaftClientReply:client-54CC064C3FCE->8224e767-71c1-41fc-a01a-d172d48fd9d8@group-F6B37CC92441, cid=3280, SUCCESS, logIndex=4937, commits[8224e767-71c1-41fc-a01a-d172d48fd9d8:c4938, 6eae0c21-01aa-4169-956f-5952b26ea7ba:c4936, 8d7dcba1-3b82-4d94-a832-514ef5c79cf8:c4936]
2019-08-21 02:17:39,446 [grpc-default-executor-3] INFO  client.GrpcClientProtocolClient (GrpcClientProtocolClient.java:onNext(255)) - client-54CC064C3FCE->8224e767-71c1-41fc-a01a-d172d48fd9d8: receive RaftClientReply:client-54CC064C3FCE->8224e767-71c1-41fc-a01a-d172d48fd9d8@group-F6B37CC92441, cid=3281, SUCCESS, logIndex=4938, commits[8224e767-71c1-41fc-a01a-d172d48fd9d8:c4938, 6eae0c21-01aa-4169-956f-5952b26ea7ba:c4936, 8d7dcba1-3b82-4d94-a832-514ef5c79cf8:c4936]
2019-08-21 02:17:39,457 | INFO  | DNAudit | user=null | ip=null | op=WRITE_CHUNK {blockData=conID: 2 locID: 102652566528590495 bcsId: 4935} | ret=SUCCESS |  
2019-08-21 02:17:39,457 | INFO  | DNAudit | user=null | ip=null | op=WRITE_CHUNK {blockData=conID: 2 locID: 102652566528590495 bcsId: 4935} | ret=SUCCESS |  
2019-08-21 02:17:39,460 | INFO  | DNAudit | user=null | ip=null | op=PUT_BLOCK {blockData=[blockId=conID: 2 locID: 102652566528590495 bcsId: 0,size=4194304]} | ret=SUCCESS |  
2019-08-21 02:17:39,460 | INFO  | DNAudit | user=null | ip=null | op=PUT_BLOCK {blockData=[blockId=conID: 2 locID: 102652566528590495 bcsId: 0,size=4194304]} | ret=SUCCESS |  
2019-08-21 02:17:39,460 [grpc-default-executor-3] INFO  client.GrpcClientProtocolClient (GrpcClientProtocolClient.java:onNext(255)) - client-54CC064C3FCE->8224e767-71c1-41fc-a01a-d172d48fd9d8: receive RaftClientReply:client-54CC064C3FCE->8224e767-71c1-41fc-a01a-d172d48fd9d8@group-F6B37CC92441, cid=3282, SUCCESS, logIndex=0, commits[8224e767-71c1-41fc-a01a-d172d48fd9d8:c4940, 6eae0c21-01aa-4169-956f-5952b26ea7ba:c4938, 8d7dcba1-3b82-4d94-a832-514ef5c79cf8:c4938]
2019-08-21 02:17:39,468 | INFO  | SCMAudit | user=jenkins1000 | ip=192.168.34.10 | op=ALLOCATE_BLOCK {owner=b6f66289-f2a0-4058-b052-0a85e40df67b, size=4194304, type=RATIS, factor=THREE} | ret=SUCCESS |  
2019-08-21 02:17:39,473 | INFO  | OMAudit | user=jenkins1000 | ip=127.0.0.1 | op=ALLOCATE_BLOCK {volume=vol-0-90982, bucket=bucket-0-24269, key=key-0-81262, dataSize=0, replicationType=null, replicationFactor=null, keyLocationInfo=null, clientID=102652564580991378} | ret=SUCCESS |  
2019-08-21 02:17:39,481 | INFO  | DNAudit | user=null | ip=null | op=WRITE_CHUNK {blockData=conID: 3 locID: 102652566534095520 bcsId: 0} | ret=SUCCESS |  
2019-08-21 02:17:39,483 | INFO  | DNAudit | user=null | ip=null | op=WRITE_CHUNK {blockData=conID: 3 locID: 102652566534095520 bcsId: 0} | ret=SUCCESS |  
2019-08-21 02:17:39,483 | INFO  | DNAudit | user=null | ip=null | op=WRITE_CHUNK {blockData=conID: 3 locID: 102652566534095520 bcsId: 0} | ret=SUCCESS |  
2019-08-21 02:17:39,484 | INFO  | DNAudit | user=null | ip=null | op=WRITE_CHUNK {blockData=conID: 3 locID: 102652566534095520 bcsId: 0} | ret=SUCCESS |  
2019-08-21 02:17:39,486 | INFO  | DNAudit | user=null | ip=null | op=WRITE_CHUNK {blockData=conID: 3 locID: 102652566534095520 bcsId: 0} | ret=SUCCESS |  
2019-08-21 02:17:39,486 | INFO  | DNAudit | user=null | ip=null | op=WRITE_CHUNK {blockData=conID: 3 locID: 102652566534095520 bcsId: 0} | ret=SUCCESS |  
2019-08-21 02:17:39,493 | INFO  | DNAudit | user=null | ip=null | op=WRITE_CHUNK {blockData=conID: 3 locID: 102652566534095520 bcsId: 0} | ret=SUCCESS |  
2019-08-21 02:17:39,493 | INFO  | DNAudit | user=null | ip=null | op=PUT_BLOCK {blockData=[blockId=conID: 3 locID: 102652566534095520 bcsId: 0,size=1048576]} | ret=SUCCESS |  
2019-08-21 02:17:39,494 [grpc-default-executor-3] INFO  client.GrpcClientProtocolClient (GrpcClientProtocolClient.java:onNext(255)) - client-54CC064C3FCE->8224e767-71c1-41fc-a01a-d172d48fd9d8: receive RaftClientReply:client-54CC064C3FCE->8224e767-71c1-41fc-a01a-d172d48fd9d8@group-F6B37CC92441, cid=3283, SUCCESS, logIndex=4941, commits[8224e767-71c1-41fc-a01a-d172d48fd9d8:c4942, 6eae0c21-01aa-4169-956f-5952b26ea7ba:c4940, 8d7dcba1-3b82-4d94-a832-514ef5c79cf8:c4940]
2019-08-21 02:17:39,494 | INFO  | DNAudit | user=null | ip=null | op=WRITE_CHUNK {blockData=conID: 3 locID: 102652566534095520 bcsId: 0} | ret=SUCCESS |  
2019-08-21 02:17:39,494 [grpc-default-executor-1] INFO  client.GrpcClientProtocolClient (GrpcClientProtocolClient.java:onNext(255)) - client-54CC064C3FCE->8224e767-71c1-41fc-a01a-d172d48fd9d8: receive RaftClientReply:client-54CC064C3FCE->8224e767-71c1-41fc-a01a-d172d48fd9d8@group-F6B37CC92441, cid=3284, SUCCESS, logIndex=4942, commits[8224e767-71c1-41fc-a01a-d172d48fd9d8:c4942, 6eae0c21-01aa-4169-956f-5952b26ea7ba:c4940, 8d7dcba1-3b82-4d94-a832-514ef5c79cf8:c4940]
2019-08-21 02:17:39,494 | INFO  | DNAudit | user=null | ip=null | op=PUT_BLOCK {blockData=[blockId=conID: 3 locID: 102652566534095520 bcsId: 0,size=2097152]} | ret=SUCCESS |  
2019-08-21 02:17:39,494 [grpc-default-executor-1] INFO  client.GrpcClientProtocolClient (GrpcClientProtocolClient.java:onNext(255)) - client-54CC064C3FCE->8224e767-71c1-41fc-a01a-d172d48fd9d8: receive RaftClientReply:client-54CC064C3FCE->8224e767-71c1-41fc-a01a-d172d48fd9d8@group-F6B37CC92441, cid=3285, SUCCESS, logIndex=4943, commits[8224e767-71c1-41fc-a01a-d172d48fd9d8:c4944, 6eae0c21-01aa-4169-956f-5952b26ea7ba:c4940, 8d7dcba1-3b82-4d94-a832-514ef5c79cf8:c4940]
2019-08-21 02:17:39,495 | INFO  | DNAudit | user=null | ip=null | op=WRITE_CHUNK {blockData=conID: 3 locID: 102652566534095520 bcsId: 0} | ret=SUCCESS |  
2019-08-21 02:17:39,495 [grpc-default-executor-1] INFO  client.GrpcClientProtocolClient (GrpcClientProtocolClient.java:onNext(255)) - client-54CC064C3FCE->8224e767-71c1-41fc-a01a-d172d48fd9d8: receive RaftClientReply:client-54CC064C3FCE->8224e767-71c1-41fc-a01a-d172d48fd9d8@group-F6B37CC92441, cid=3286, SUCCESS, logIndex=4944, commits[8224e767-71c1-41fc-a01a-d172d48fd9d8:c4944, 6eae0c21-01aa-4169-956f-5952b26ea7ba:c4940, 8d7dcba1-3b82-4d94-a832-514ef5c79cf8:c4940]
2019-08-21 02:17:39,495 | INFO  | DNAudit | user=null | ip=null | op=PUT_BLOCK {blockData=[blockId=conID: 3 locID: 102652566534095520 bcsId: 0,size=1048576]} | ret=SUCCESS |  
2019-08-21 02:17:39,497 | INFO  | DNAudit | user=null | ip=null | op=WRITE_CHUNK {blockData=conID: 3 locID: 102652566534095520 bcsId: 0} | ret=SUCCESS |  
2019-08-21 02:17:39,497 | INFO  | DNAudit | user=null | ip=null | op=PUT_BLOCK {blockData=[blockId=conID: 3 locID: 102652566534095520 bcsId: 0,size=1048576]} | ret=SUCCESS |  
2019-08-21 02:17:39,497 [grpc-default-executor-1] INFO  client.GrpcClientProtocolClient (GrpcClientProtocolClient.java:onNext(255)) - client-54CC064C3FCE->8224e767-71c1-41fc-a01a-d172d48fd9d8: receive RaftClientReply:client-54CC064C3FCE->8224e767-71c1-41fc-a01a-d172d48fd9d8@group-F6B37CC92441, cid=3287, SUCCESS, logIndex=0, commits[8224e767-71c1-41fc-a01a-d172d48fd9d8:c4946, 6eae0c21-01aa-4169-956f-5952b26ea7ba:c4942, 8d7dcba1-3b82-4d94-a832-514ef5c79cf8:c4942]
2019-08-21 02:17:39,504 | INFO  | DNAudit | user=null | ip=null | op=WRITE_CHUNK {blockData=conID: 3 locID: 102652566534095520 bcsId: 4944} | ret=SUCCESS |  
2019-08-21 02:17:39,505 | INFO  | DNAudit | user=null | ip=null | op=WRITE_CHUNK {blockData=conID: 3 locID: 102652566534095520 bcsId: 4944} | ret=SUCCESS |  
2019-08-21 02:17:39,506 | INFO  | DNAudit | user=null | ip=null | op=WRITE_CHUNK {blockData=conID: 3 locID: 102652566534095520 bcsId: 4944} | ret=SUCCESS |  
2019-08-21 02:17:39,508 | INFO  | DNAudit | user=null | ip=null | op=WRITE_CHUNK {blockData=conID: 3 locID: 102652566534095520 bcsId: 0} | ret=SUCCESS |  
2019-08-21 02:17:39,509 | INFO  | DNAudit | user=null | ip=null | op=WRITE_CHUNK {blockData=conID: 3 locID: 102652566534095520 bcsId: 0} | ret=SUCCESS |  
2019-08-21 02:17:39,509 | INFO  | DNAudit | user=null | ip=null | op=PUT_BLOCK {blockData=[blockId=conID: 3 locID: 102652566534095520 bcsId: 0,size=2097152]} | ret=SUCCESS |  
2019-08-21 02:17:39,509 | INFO  | DNAudit | user=null | ip=null | op=PUT_BLOCK {blockData=[blockId=conID: 3 locID: 102652566534095520 bcsId: 0,size=2097152]} | ret=SUCCESS |  
2019-08-21 02:17:39,512 | INFO  | DNAudit | user=null | ip=null | op=WRITE_CHUNK {blockData=conID: 3 locID: 102652566534095520 bcsId: 4944} | ret=SUCCESS |  
2019-08-21 02:17:39,512 | INFO  | DNAudit | user=null | ip=null | op=PUT_BLOCK {blockData=[blockId=conID: 3 locID: 102652566534095520 bcsId: 0,size=3145728]} | ret=SUCCESS |  
2019-08-21 02:17:39,512 [grpc-default-executor-3] INFO  client.GrpcClientProtocolClient (GrpcClientProtocolClient.java:onNext(255)) - client-54CC064C3FCE->8224e767-71c1-41fc-a01a-d172d48fd9d8: receive RaftClientReply:client-54CC064C3FCE->8224e767-71c1-41fc-a01a-d172d48fd9d8@group-F6B37CC92441, cid=3288, SUCCESS, logIndex=4949, commits[8224e767-71c1-41fc-a01a-d172d48fd9d8:c4950, 6eae0c21-01aa-4169-956f-5952b26ea7ba:c4946, 8d7dcba1-3b82-4d94-a832-514ef5c79cf8:c4946]
2019-08-21 02:17:39,513 [grpc-default-executor-3] INFO  client.GrpcClientProtocolClient (GrpcClientProtocolClient.java:onNext(255)) - client-54CC064C3FCE->8224e767-71c1-41fc-a01a-d172d48fd9d8: receive RaftClientReply:client-54CC064C3FCE->8224e767-71c1-41fc-a01a-d172d48fd9d8@group-F6B37CC92441, cid=3289, SUCCESS, logIndex=4950, commits[8224e767-71c1-41fc-a01a-d172d48fd9d8:c4950, 6eae0c21-01aa-4169-956f-5952b26ea7ba:c4946, 8d7dcba1-3b82-4d94-a832-514ef5c79cf8:c4946]
2019-08-21 02:17:39,519 | INFO  | DNAudit | user=null | ip=null | op=WRITE_CHUNK {blockData=conID: 3 locID: 102652566534095520 bcsId: 4950} | ret=SUCCESS |  
2019-08-21 02:17:39,520 | INFO  | DNAudit | user=null | ip=null | op=WRITE_CHUNK {blockData=conID: 3 locID: 102652566534095520 bcsId: 4950} | ret=SUCCESS |  
2019-08-21 02:17:39,521 | INFO  | DNAudit | user=null | ip=null | op=WRITE_CHUNK {blockData=conID: 3 locID: 102652566534095520 bcsId: 4950} | ret=SUCCESS |  
2019-08-21 02:17:39,523 | INFO  | DNAudit | user=null | ip=null | op=WRITE_CHUNK {blockData=conID: 3 locID: 102652566534095520 bcsId: 4944} | ret=SUCCESS |  
2019-08-21 02:17:39,523 | INFO  | DNAudit | user=null | ip=null | op=PUT_BLOCK {blockData=[blockId=conID: 3 locID: 102652566534095520 bcsId: 0,size=3145728]} | ret=SUCCESS |  
2019-08-21 02:17:39,523 | INFO  | DNAudit | user=null | ip=null | op=WRITE_CHUNK {blockData=conID: 3 locID: 102652566534095520 bcsId: 4944} | ret=SUCCESS |  
2019-08-21 02:17:39,523 | INFO  | DNAudit | user=null | ip=null | op=PUT_BLOCK {blockData=[blockId=conID: 3 locID: 102652566534095520 bcsId: 0,size=3145728]} | ret=SUCCESS |  
2019-08-21 02:17:39,526 | INFO  | DNAudit | user=null | ip=null | op=WRITE_CHUNK {blockData=conID: 3 locID: 102652566534095520 bcsId: 4950} | ret=SUCCESS |  
2019-08-21 02:17:39,526 | INFO  | DNAudit | user=null | ip=null | op=PUT_BLOCK {blockData=[blockId=conID: 3 locID: 102652566534095520 bcsId: 0,size=4194304]} | ret=SUCCESS |  
2019-08-21 02:17:39,526 [grpc-default-executor-3] INFO  client.GrpcClientProtocolClient (GrpcClientProtocolClient.java:onNext(255)) - client-54CC064C3FCE->8224e767-71c1-41fc-a01a-d172d48fd9d8: receive RaftClientReply:client-54CC064C3FCE->8224e767-71c1-41fc-a01a-d172d48fd9d8@group-F6B37CC92441, cid=3290, SUCCESS, logIndex=4952, commits[8224e767-71c1-41fc-a01a-d172d48fd9d8:c4953, 6eae0c21-01aa-4169-956f-5952b26ea7ba:c4950, 8d7dcba1-3b82-4d94-a832-514ef5c79cf8:c4950]
2019-08-21 02:17:39,527 [grpc-default-executor-3] INFO  client.GrpcClientProtocolClient (GrpcClientProtocolClient.java:onNext(255)) - client-54CC064C3FCE->8224e767-71c1-41fc-a01a-d172d48fd9d8: receive RaftClientReply:client-54CC064C3FCE->8224e767-71c1-41fc-a01a-d172d48fd9d8@group-F6B37CC92441, cid=3291, SUCCESS, logIndex=4953, commits[8224e767-71c1-41fc-a01a-d172d48fd9d8:c4953, 6eae0c21-01aa-4169-956f-5952b26ea7ba:c4950, 8d7dcba1-3b82-4d94-a832-514ef5c79cf8:c4950]
2019-08-21 02:17:39,539 | INFO  | DNAudit | user=null | ip=null | op=WRITE_CHUNK {blockData=conID: 3 locID: 102652566534095520 bcsId: 4950} | ret=SUCCESS |  
2019-08-21 02:17:39,539 | INFO  | DNAudit | user=null | ip=null | op=WRITE_CHUNK {blockData=conID: 3 locID: 102652566534095520 bcsId: 4950} | ret=SUCCESS |  
2019-08-21 02:17:39,552 | INFO  | DNAudit | user=null | ip=null | op=PUT_BLOCK {blockData=[blockId=conID: 3 locID: 102652566534095520 bcsId: 0,size=4194304]} | ret=SUCCESS |  
2019-08-21 02:17:39,552 | INFO  | DNAudit | user=null | ip=null | op=PUT_BLOCK {blockData=[blockId=conID: 3 locID: 102652566534095520 bcsId: 0,size=4194304]} | ret=SUCCESS |  
2019-08-21 02:17:39,552 [grpc-default-executor-3] INFO  client.GrpcClientProtocolClient (GrpcClientProtocolClient.java:onNext(255)) - client-54CC064C3FCE->8224e767-71c1-41fc-a01a-d172d48fd9d8: receive RaftClientReply:client-54CC064C3FCE->8224e767-71c1-41fc-a01a-d172d48fd9d8@group-F6B37CC92441, cid=3292, SUCCESS, logIndex=0, commits[8224e767-71c1-41fc-a01a-d172d48fd9d8:c4955, 6eae0c21-01aa-4169-956f-5952b26ea7ba:c4953, 8d7dcba1-3b82-4d94-a832-514ef5c79cf8:c4953]
2019-08-21 02:17:39,561 | INFO  | SCMAudit | user=jenkins1000 | ip=192.168.34.10 | op=ALLOCATE_BLOCK {owner=b6f66289-f2a0-4058-b052-0a85e40df67b, size=4194304, type=RATIS, factor=THREE} | ret=SUCCESS |  
2019-08-21 02:17:39,566 | INFO  | OMAudit | user=jenkins1000 | ip=127.0.0.1 | op=ALLOCATE_BLOCK {volume=vol-0-90982, bucket=bucket-0-24269, key=key-0-81262, dataSize=0, replicationType=null, replicationFactor=null, keyLocationInfo=null, clientID=102652564580991378} | ret=SUCCESS |  
2019-08-21 02:17:39,573 | INFO  | DNAudit | user=null | ip=null | op=WRITE_CHUNK {blockData=conID: 1 locID: 102652566540190369 bcsId: 0} | ret=SUCCESS |  
 0.00% |█                                                                                                    |  0/1 Time: 0:00:302019-08-21 02:17:39,681 | INFO  | SCMAudit | user=jenkins1000 | ip=192.168.34.10 | op=SEND_HEARTBEAT {datanodeUUID=3def7c30-cb13-4f41-8119-6188f246ad27, command=[]} | ret=SUCCESS |  
2019-08-21 02:17:39,681 | INFO  | SCMAudit | user=jenkins1000 | ip=192.168.34.10 | op=SEND_HEARTBEAT {datanodeUUID=94764dae-819c-4b7e-92f1-9cd6c64427b7, command=[]} | ret=SUCCESS |  
2019-08-21 02:17:39,681 | INFO  | SCMAudit | user=jenkins1000 | ip=192.168.34.10 | op=SEND_HEARTBEAT {datanodeUUID=8d7dcba1-3b82-4d94-a832-514ef5c79cf8, command=[]} | ret=SUCCESS |  
2019-08-21 02:17:39,681 | INFO  | SCMAudit | user=jenkins1000 | ip=192.168.34.10 | op=SEND_HEARTBEAT {datanodeUUID=6eae0c21-01aa-4169-956f-5952b26ea7ba, command=[]} | ret=SUCCESS |  
2019-08-21 02:17:39,682 | INFO  | SCMAudit | user=jenkins1000 | ip=192.168.34.10 | op=SEND_HEARTBEAT {datanodeUUID=8224e767-71c1-41fc-a01a-d172d48fd9d8, command=[]} | ret=SUCCESS |  
2019-08-21 02:17:39,682 | INFO  | DNAudit | user=null | ip=null | op=WRITE_CHUNK {blockData=conID: 1 locID: 102652566540190369 bcsId: 0} | ret=SUCCESS |  
2019-08-21 02:17:39,683 | INFO  | DNAudit | user=null | ip=null | op=WRITE_CHUNK {blockData=conID: 1 locID: 102652566540190369 bcsId: 0} | ret=SUCCESS |  
2019-08-21 02:17:39,684 | INFO  | DNAudit | user=null | ip=null | op=WRITE_CHUNK {blockData=conID: 1 locID: 102652566540190369 bcsId: 0} | ret=SUCCESS |  
2019-08-21 02:17:39,687 | INFO  | DNAudit | user=null | ip=null | op=WRITE_CHUNK {blockData=conID: 1 locID: 102652566540190369 bcsId: 0} | ret=SUCCESS |  
2019-08-21 02:17:39,690 | INFO  | DNAudit | user=null | ip=null | op=WRITE_CHUNK {blockData=conID: 1 locID: 102652566540190369 bcsId: 0} | ret=SUCCESS |  
2019-08-21 02:17:39,694 | INFO  | DNAudit | user=null | ip=null | op=WRITE_CHUNK {blockData=conID: 1 locID: 102652566540190369 bcsId: 0} | ret=SUCCESS |  
2019-08-21 02:17:39,695 | INFO  | DNAudit | user=null | ip=null | op=PUT_BLOCK {blockData=[blockId=conID: 1 locID: 102652566540190369 bcsId: 0,size=1048576]} | ret=SUCCESS |  
2019-08-21 02:17:39,695 | INFO  | DNAudit | user=null | ip=null | op=WRITE_CHUNK {blockData=conID: 1 locID: 102652566540190369 bcsId: 0} | ret=SUCCESS |  
2019-08-21 02:17:39,695 [grpc-default-executor-4] INFO  client.GrpcClientProtocolClient (GrpcClientProtocolClient.java:onNext(255)) - client-54CC064C3FCE->8224e767-71c1-41fc-a01a-d172d48fd9d8: receive RaftClientReply:client-54CC064C3FCE->8224e767-71c1-41fc-a01a-d172d48fd9d8@group-F6B37CC92441, cid=3293, SUCCESS, logIndex=4956, commits[8224e767-71c1-41fc-a01a-d172d48fd9d8:c4957, 6eae0c21-01aa-4169-956f-5952b26ea7ba:c4955, 8d7dcba1-3b82-4d94-a832-514ef5c79cf8:c4955]
2019-08-21 02:17:39,695 | INFO  | DNAudit | user=null | ip=null | op=PUT_BLOCK {blockData=[blockId=conID: 1 locID: 102652566540190369 bcsId: 0,size=2097152]} | ret=SUCCESS |  
2019-08-21 02:17:39,696 [grpc-default-executor-4] INFO  client.GrpcClientProtocolClient (GrpcClientProtocolClient.java:onNext(255)) - client-54CC064C3FCE->8224e767-71c1-41fc-a01a-d172d48fd9d8: receive RaftClientReply:client-54CC064C3FCE->8224e767-71c1-41fc-a01a-d172d48fd9d8@group-F6B37CC92441, cid=3294, SUCCESS, logIndex=4957, commits[8224e767-71c1-41fc-a01a-d172d48fd9d8:c4959, 6eae0c21-01aa-4169-956f-5952b26ea7ba:c4955, 8d7dcba1-3b82-4d94-a832-514ef5c79cf8:c4955]
2019-08-21 02:17:39,696 [grpc-default-executor-4] INFO  client.GrpcClientProtocolClient (GrpcClientProtocolClient.java:onNext(255)) - client-54CC064C3FCE->8224e767-71c1-41fc-a01a-d172d48fd9d8: receive RaftClientReply:client-54CC064C3FCE->8224e767-71c1-41fc-a01a-d172d48fd9d8@group-F6B37CC92441, cid=3295, SUCCESS, logIndex=4958, commits[8224e767-71c1-41fc-a01a-d172d48fd9d8:c4959, 6eae0c21-01aa-4169-956f-5952b26ea7ba:c4955, 8d7dcba1-3b82-4d94-a832-514ef5c79cf8:c4955]
2019-08-21 02:17:39,696 [grpc-default-executor-4] INFO  client.GrpcClientProtocolClient (GrpcClientProtocolClient.java:onNext(255)) - client-54CC064C3FCE->8224e767-71c1-41fc-a01a-d172d48fd9d8: receive RaftClientReply:client-54CC064C3FCE->8224e767-71c1-41fc-a01a-d172d48fd9d8@group-F6B37CC92441, cid=3296, SUCCESS, logIndex=4959, commits[8224e767-71c1-41fc-a01a-d172d48fd9d8:c4959, 6eae0c21-01aa-4169-956f-5952b26ea7ba:c4955, 8d7dcba1-3b82-4d94-a832-514ef5c79cf8:c4955]
2019-08-21 02:17:39,697 | INFO  | DNAudit | user=null | ip=null | op=WRITE_CHUNK {blockData=conID: 1 locID: 102652566540190369 bcsId: 0} | ret=SUCCESS |  
2019-08-21 02:17:39,697 | INFO  | DNAudit | user=null | ip=null | op=PUT_BLOCK {blockData=[blockId=conID: 1 locID: 102652566540190369 bcsId: 0,size=1048576]} | ret=SUCCESS |  
2019-08-21 02:17:39,708 | INFO  | DNAudit | user=null | ip=null | op=WRITE_CHUNK {blockData=conID: 1 locID: 102652566540190369 bcsId: 0} | ret=SUCCESS |  
2019-08-21 02:17:39,708 | INFO  | DNAudit | user=null | ip=null | op=PUT_BLOCK {blockData=[blockId=conID: 1 locID: 102652566540190369 bcsId: 0,size=2097152]} | ret=SUCCESS |  
2019-08-21 02:17:39,708 | INFO  | DNAudit | user=null | ip=null | op=WRITE_CHUNK {blockData=conID: 1 locID: 102652566540190369 bcsId: 0} | ret=SUCCESS |  
2019-08-21 02:17:39,708 | INFO  | DNAudit | user=null | ip=null | op=PUT_BLOCK {blockData=[blockId=conID: 1 locID: 102652566540190369 bcsId: 0,size=1048576]} | ret=SUCCESS |  
2019-08-21 02:17:39,709 | INFO  | DNAudit | user=null | ip=null | op=WRITE_CHUNK {blockData=conID: 1 locID: 102652566540190369 bcsId: 0} | ret=SUCCESS |  
2019-08-21 02:17:39,709 [grpc-default-executor-4] INFO  client.GrpcClientProtocolClient (GrpcClientProtocolClient.java:onNext(255)) - client-54CC064C3FCE->8224e767-71c1-41fc-a01a-d172d48fd9d8: receive RaftClientReply:client-54CC064C3FCE->8224e767-71c1-41fc-a01a-d172d48fd9d8@group-F6B37CC92441, cid=3297, SUCCESS, logIndex=0, commits[8224e767-71c1-41fc-a01a-d172d48fd9d8:c4962, 6eae0c21-01aa-4169-956f-5952b26ea7ba:c4958, 8d7dcba1-3b82-4d94-a832-514ef5c79cf8:c4957]
2019-08-21 02:17:39,709 | INFO  | DNAudit | user=null | ip=null | op=PUT_BLOCK {blockData=[blockId=conID: 1 locID: 102652566540190369 bcsId: 0,size=2097152]} | ret=SUCCESS |  
2019-08-21 02:17:39,717 | INFO  | DNAudit | user=null | ip=null | op=WRITE_CHUNK {blockData=conID: 1 locID: 102652566540190369 bcsId: 4959} | ret=SUCCESS |  
2019-08-21 02:17:39,719 | INFO  | DNAudit | user=null | ip=null | op=WRITE_CHUNK {blockData=conID: 1 locID: 102652566540190369 bcsId: 4959} | ret=SUCCESS |  
2019-08-21 02:17:39,719 | INFO  | DNAudit | user=null | ip=null | op=WRITE_CHUNK {blockData=conID: 1 locID: 102652566540190369 bcsId: 4959} | ret=SUCCESS |  
2019-08-21 02:17:39,729 | INFO  | DNAudit | user=null | ip=null | op=WRITE_CHUNK {blockData=conID: 1 locID: 102652566540190369 bcsId: 4959} | ret=SUCCESS |  
2019-08-21 02:17:39,730 | INFO  | DNAudit | user=null | ip=null | op=PUT_BLOCK {blockData=[blockId=conID: 1 locID: 102652566540190369 bcsId: 0,size=3145728]} | ret=SUCCESS |  
2019-08-21 02:17:39,730 [grpc-default-executor-1] INFO  client.GrpcClientProtocolClient (GrpcClientProtocolClient.java:onNext(255)) - client-54CC064C3FCE->8224e767-71c1-41fc-a01a-d172d48fd9d8: receive RaftClientReply:client-54CC064C3FCE->8224e767-71c1-41fc-a01a-d172d48fd9d8@group-F6B37CC92441, cid=3298, SUCCESS, logIndex=4964, commits[8224e767-71c1-41fc-a01a-d172d48fd9d8:c4964, 6eae0c21-01aa-4169-956f-5952b26ea7ba:c4963, 8d7dcba1-3b82-4d94-a832-514ef5c79cf8:c4963]
2019-08-21 02:17:39,730 [grpc-default-executor-1] INFO  client.GrpcClientProtocolClient (GrpcClientProtocolClient.java:onNext(255)) - client-54CC064C3FCE->8224e767-71c1-41fc-a01a-d172d48fd9d8: receive RaftClientReply:client-54CC064C3FCE->8224e767-71c1-41fc-a01a-d172d48fd9d8@group-F6B37CC92441, cid=3299, SUCCESS, logIndex=4965, commits[8224e767-71c1-41fc-a01a-d172d48fd9d8:c4965, 6eae0c21-01aa-4169-956f-5952b26ea7ba:c4963, 8d7dcba1-3b82-4d94-a832-514ef5c79cf8:c4963]
2019-08-21 02:17:39,738 | INFO  | DNAudit | user=null | ip=null | op=WRITE_CHUNK {blockData=conID: 1 locID: 102652566540190369 bcsId: 4965} | ret=SUCCESS |  
2019-08-21 02:17:39,740 | INFO  | DNAudit | user=null | ip=null | op=WRITE_CHUNK {blockData=conID: 1 locID: 102652566540190369 bcsId: 4965} | ret=SUCCESS |  
2019-08-21 02:17:39,740 | INFO  | DNAudit | user=null | ip=null | op=WRITE_CHUNK {blockData=conID: 1 locID: 102652566540190369 bcsId: 4965} | ret=SUCCESS |  
2019-08-21 02:17:39,743 | INFO  | DNAudit | user=null | ip=null | op=WRITE_CHUNK {blockData=conID: 1 locID: 102652566540190369 bcsId: 4959} | ret=SUCCESS |  
2019-08-21 02:17:39,743 | INFO  | DNAudit | user=null | ip=null | op=WRITE_CHUNK {blockData=conID: 1 locID: 102652566540190369 bcsId: 4959} | ret=SUCCESS |  
2019-08-21 02:17:39,755 | INFO  | DNAudit | user=null | ip=null | op=PUT_BLOCK {blockData=[blockId=conID: 1 locID: 102652566540190369 bcsId: 0,size=3145728]} | ret=SUCCESS |  
2019-08-21 02:17:39,756 | INFO  | DNAudit | user=null | ip=null | op=PUT_BLOCK {blockData=[blockId=conID: 1 locID: 102652566540190369 bcsId: 0,size=3145728]} | ret=SUCCESS |  
2019-08-21 02:17:39,757 | INFO  | DNAudit | user=null | ip=null | op=WRITE_CHUNK {blockData=conID: 1 locID: 102652566540190369 bcsId: 4965} | ret=SUCCESS |  
2019-08-21 02:17:39,757 | INFO  | DNAudit | user=null | ip=null | op=PUT_BLOCK {blockData=[blockId=conID: 1 locID: 102652566540190369 bcsId: 0,size=4194304]} | ret=SUCCESS |  
2019-08-21 02:17:39,757 [grpc-default-executor-1] INFO  client.GrpcClientProtocolClient (GrpcClientProtocolClient.java:onNext(255)) - client-54CC064C3FCE->8224e767-71c1-41fc-a01a-d172d48fd9d8: receive RaftClientReply:client-54CC064C3FCE->8224e767-71c1-41fc-a01a-d172d48fd9d8@group-F6B37CC92441, cid=3300, SUCCESS, logIndex=4968, commits[8224e767-71c1-41fc-a01a-d172d48fd9d8:c4969, 6eae0c21-01aa-4169-956f-5952b26ea7ba:c4965, 8d7dcba1-3b82-4d94-a832-514ef5c79cf8:c4965]
2019-08-21 02:17:39,758 [grpc-default-executor-1] INFO  client.GrpcClientProtocolClient (GrpcClientProtocolClient.java:onNext(255)) - client-54CC064C3FCE->8224e767-71c1-41fc-a01a-d172d48fd9d8: receive RaftClientReply:client-54CC064C3FCE->8224e767-71c1-41fc-a01a-d172d48fd9d8@group-F6B37CC92441, cid=3301, SUCCESS, logIndex=4969, commits[8224e767-71c1-41fc-a01a-d172d48fd9d8:c4969, 6eae0c21-01aa-4169-956f-5952b26ea7ba:c4965, 8d7dcba1-3b82-4d94-a832-514ef5c79cf8:c4965]
2019-08-21 02:17:39,770 | INFO  | DNAudit | user=null | ip=null | op=WRITE_CHUNK {blockData=conID: 1 locID: 102652566540190369 bcsId: 4965} | ret=SUCCESS |  
2019-08-21 02:17:39,770 | INFO  | DNAudit | user=null | ip=null | op=WRITE_CHUNK {blockData=conID: 1 locID: 102652566540190369 bcsId: 4965} | ret=SUCCESS |  
2019-08-21 02:17:39,783 | INFO  | DNAudit | user=null | ip=null | op=PUT_BLOCK {blockData=[blockId=conID: 1 locID: 102652566540190369 bcsId: 0,size=4194304]} | ret=SUCCESS |  
2019-08-21 02:17:39,783 | INFO  | DNAudit | user=null | ip=null | op=PUT_BLOCK {blockData=[blockId=conID: 1 locID: 102652566540190369 bcsId: 0,size=4194304]} | ret=SUCCESS |  
2019-08-21 02:17:39,784 [grpc-default-executor-1] INFO  client.GrpcClientProtocolClient (GrpcClientProtocolClient.java:onNext(255)) - client-54CC064C3FCE->8224e767-71c1-41fc-a01a-d172d48fd9d8: receive RaftClientReply:client-54CC064C3FCE->8224e767-71c1-41fc-a01a-d172d48fd9d8@group-F6B37CC92441, cid=3302, SUCCESS, logIndex=0, commits[8224e767-71c1-41fc-a01a-d172d48fd9d8:c4971, 6eae0c21-01aa-4169-956f-5952b26ea7ba:c4969, 8d7dcba1-3b82-4d94-a832-514ef5c79cf8:c4969]
2019-08-21 02:17:39,792 | INFO  | SCMAudit | user=jenkins1000 | ip=192.168.34.10 | op=ALLOCATE_BLOCK {owner=b6f66289-f2a0-4058-b052-0a85e40df67b, size=4194304, type=RATIS, factor=THREE} | ret=SUCCESS |  
2019-08-21 02:17:39,798 | INFO  | OMAudit | user=jenkins1000 | ip=127.0.0.1 | op=ALLOCATE_BLOCK {volume=vol-0-90982, bucket=bucket-0-24269, key=key-0-81262, dataSize=0, replicationType=null, replicationFactor=null, keyLocationInfo=null, clientID=102652564580991378} | ret=SUCCESS |  
2019-08-21 02:17:39,807 | INFO  | DNAudit | user=null | ip=null | op=WRITE_CHUNK {blockData=conID: 2 locID: 102652566555329186 bcsId: 0} | ret=SUCCESS |  
2019-08-21 02:17:39,810 | INFO  | DNAudit | user=null | ip=null | op=WRITE_CHUNK {blockData=conID: 2 locID: 102652566555329186 bcsId: 0} | ret=SUCCESS |  
2019-08-21 02:17:39,811 | INFO  | DNAudit | user=null | ip=null | op=WRITE_CHUNK {blockData=conID: 2 locID: 102652566555329186 bcsId: 0} | ret=SUCCESS |  
2019-08-21 02:17:39,812 | INFO  | DNAudit | user=null | ip=null | op=WRITE_CHUNK {blockData=conID: 2 locID: 102652566555329186 bcsId: 0} | ret=SUCCESS |  
2019-08-21 02:17:39,816 | INFO  | DNAudit | user=null | ip=null | op=WRITE_CHUNK {blockData=conID: 2 locID: 102652566555329186 bcsId: 0} | ret=SUCCESS |  
2019-08-21 02:17:39,816 | INFO  | DNAudit | user=null | ip=null | op=WRITE_CHUNK {blockData=conID: 2 locID: 102652566555329186 bcsId: 0} | ret=SUCCESS |  
2019-08-21 02:17:39,820 | INFO  | DNAudit | user=null | ip=null | op=WRITE_CHUNK {blockData=conID: 2 locID: 102652566555329186 bcsId: 0} | ret=SUCCESS |  
2019-08-21 02:17:39,821 | INFO  | DNAudit | user=null | ip=null | op=PUT_BLOCK {blockData=[blockId=conID: 2 locID: 102652566555329186 bcsId: 0,size=1048576]} | ret=SUCCESS |  
2019-08-21 02:17:39,821 | INFO  | DNAudit | user=null | ip=null | op=WRITE_CHUNK {blockData=conID: 2 locID: 102652566555329186 bcsId: 0} | ret=SUCCESS |  
2019-08-21 02:17:39,821 [grpc-default-executor-0] INFO  client.GrpcClientProtocolClient (GrpcClientProtocolClient.java:onNext(255)) - client-54CC064C3FCE->8224e767-71c1-41fc-a01a-d172d48fd9d8: receive RaftClientReply:client-54CC064C3FCE->8224e767-71c1-41fc-a01a-d172d48fd9d8@group-F6B37CC92441, cid=3303, SUCCESS, logIndex=4972, commits[8224e767-71c1-41fc-a01a-d172d48fd9d8:c4973, 6eae0c21-01aa-4169-956f-5952b26ea7ba:c4971, 8d7dcba1-3b82-4d94-a832-514ef5c79cf8:c4971]
2019-08-21 02:17:39,822 | INFO  | DNAudit | user=null | ip=null | op=PUT_BLOCK {blockData=[blockId=conID: 2 locID: 102652566555329186 bcsId: 0,size=2097152]} | ret=SUCCESS |  
2019-08-21 02:17:39,822 [grpc-default-executor-0] INFO  client.GrpcClientProtocolClient (GrpcClientProtocolClient.java:onNext(255)) - client-54CC064C3FCE->8224e767-71c1-41fc-a01a-d172d48fd9d8: receive RaftClientReply:client-54CC064C3FCE->8224e767-71c1-41fc-a01a-d172d48fd9d8@group-F6B37CC92441, cid=3304, SUCCESS, logIndex=4973, commits[8224e767-71c1-41fc-a01a-d172d48fd9d8:c4973, 6eae0c21-01aa-4169-956f-5952b26ea7ba:c4971, 8d7dcba1-3b82-4d94-a832-514ef5c79cf8:c4971]
2019-08-21 02:17:39,823 [grpc-default-executor-0] INFO  client.GrpcClientProtocolClient (GrpcClientProtocolClient.java:onNext(255)) - client-54CC064C3FCE->8224e767-71c1-41fc-a01a-d172d48fd9d8: receive RaftClientReply:client-54CC064C3FCE->8224e767-71c1-41fc-a01a-d172d48fd9d8@group-F6B37CC92441, cid=3305, SUCCESS, logIndex=4974, commits[8224e767-71c1-41fc-a01a-d172d48fd9d8:c4975, 6eae0c21-01aa-4169-956f-5952b26ea7ba:c4971, 8d7dcba1-3b82-4d94-a832-514ef5c79cf8:c4971]
2019-08-21 02:17:39,823 [grpc-default-executor-0] INFO  client.GrpcClientProtocolClient (GrpcClientProtocolClient.java:onNext(255)) - client-54CC064C3FCE->8224e767-71c1-41fc-a01a-d172d48fd9d8: receive RaftClientReply:client-54CC064C3FCE->8224e767-71c1-41fc-a01a-d172d48fd9d8@group-F6B37CC92441, cid=3306, SUCCESS, logIndex=4975, commits[8224e767-71c1-41fc-a01a-d172d48fd9d8:c4975, 6eae0c21-01aa-4169-956f-5952b26ea7ba:c4971, 8d7dcba1-3b82-4d94-a832-514ef5c79cf8:c4971]
2019-08-21 02:17:39,823 | INFO  | DNAudit | user=null | ip=null | op=WRITE_CHUNK {blockData=conID: 2 locID: 102652566555329186 bcsId: 0} | ret=SUCCESS |  
2019-08-21 02:17:39,834 | INFO  | DNAudit | user=null | ip=null | op=WRITE_CHUNK {blockData=conID: 2 locID: 102652566555329186 bcsId: 0} | ret=SUCCESS |  
2019-08-21 02:17:39,834 | INFO  | DNAudit | user=null | ip=null | op=PUT_BLOCK {blockData=[blockId=conID: 2 locID: 102652566555329186 bcsId: 0,size=1048576]} | ret=SUCCESS |  
2019-08-21 02:17:39,834 | INFO  | DNAudit | user=null | ip=null | op=PUT_BLOCK {blockData=[blockId=conID: 2 locID: 102652566555329186 bcsId: 0,size=1048576]} | ret=SUCCESS |  
2019-08-21 02:17:39,834 | INFO  | DNAudit | user=null | ip=null | op=WRITE_CHUNK {blockData=conID: 2 locID: 102652566555329186 bcsId: 0} | ret=SUCCESS |  
2019-08-21 02:17:39,835 | INFO  | DNAudit | user=null | ip=null | op=WRITE_CHUNK {blockData=conID: 2 locID: 102652566555329186 bcsId: 0} | ret=SUCCESS |  
2019-08-21 02:17:39,835 | INFO  | DNAudit | user=null | ip=null | op=PUT_BLOCK {blockData=[blockId=conID: 2 locID: 102652566555329186 bcsId: 0,size=2097152]} | ret=SUCCESS |  
2019-08-21 02:17:39,835 | INFO  | DNAudit | user=null | ip=null | op=PUT_BLOCK {blockData=[blockId=conID: 2 locID: 102652566555329186 bcsId: 0,size=2097152]} | ret=SUCCESS |  
2019-08-21 02:17:39,835 [grpc-default-executor-1] INFO  client.GrpcClientProtocolClient (GrpcClientProtocolClient.java:onNext(255)) - client-54CC064C3FCE->8224e767-71c1-41fc-a01a-d172d48fd9d8: receive RaftClientReply:client-54CC064C3FCE->8224e767-71c1-41fc-a01a-d172d48fd9d8@group-F6B37CC92441, cid=3307, SUCCESS, logIndex=0, commits[8224e767-71c1-41fc-a01a-d172d48fd9d8:c4977, 6eae0c21-01aa-4169-956f-5952b26ea7ba:c4973, 8d7dcba1-3b82-4d94-a832-514ef5c79cf8:c4973]
2019-08-21 02:17:39,843 | INFO  | DNAudit | user=null | ip=null | op=WRITE_CHUNK {blockData=conID: 2 locID: 102652566555329186 bcsId: 4975} | ret=SUCCESS |  
2019-08-21 02:17:39,846 | INFO  | DNAudit | user=null | ip=null | op=WRITE_CHUNK {blockData=conID: 2 locID: 102652566555329186 bcsId: 4975} | ret=SUCCESS |  
2019-08-21 02:17:39,846 | INFO  | DNAudit | user=null | ip=null | op=WRITE_CHUNK {blockData=conID: 2 locID: 102652566555329186 bcsId: 4975} | ret=SUCCESS |  
2019-08-21 02:17:39,856 | INFO  | DNAudit | user=null | ip=null | op=WRITE_CHUNK {blockData=conID: 2 locID: 102652566555329186 bcsId: 4975} | ret=SUCCESS |  
2019-08-21 02:17:39,857 | INFO  | DNAudit | user=null | ip=null | op=PUT_BLOCK {blockData=[blockId=conID: 2 locID: 102652566555329186 bcsId: 0,size=3145728]} | ret=SUCCESS |  
2019-08-21 02:17:39,857 [grpc-default-executor-4] INFO  client.GrpcClientProtocolClient (GrpcClientProtocolClient.java:onNext(255)) - client-54CC064C3FCE->8224e767-71c1-41fc-a01a-d172d48fd9d8: receive RaftClientReply:client-54CC064C3FCE->8224e767-71c1-41fc-a01a-d172d48fd9d8@group-F6B37CC92441, cid=3308, SUCCESS, logIndex=4979, commits[8224e767-71c1-41fc-a01a-d172d48fd9d8:c4980, 6eae0c21-01aa-4169-956f-5952b26ea7ba:c4978, 8d7dcba1-3b82-4d94-a832-514ef5c79cf8:c4978]
2019-08-21 02:17:39,857 [grpc-default-executor-4] INFO  client.GrpcClientProtocolClient (GrpcClientProtocolClient.java:onNext(255)) - client-54CC064C3FCE->8224e767-71c1-41fc-a01a-d172d48fd9d8: receive RaftClientReply:client-54CC064C3FCE->8224e767-71c1-41fc-a01a-d172d48fd9d8@group-F6B37CC92441, cid=3309, SUCCESS, logIndex=4980, commits[8224e767-71c1-41fc-a01a-d172d48fd9d8:c4980, 6eae0c21-01aa-4169-956f-5952b26ea7ba:c4978, 8d7dcba1-3b82-4d94-a832-514ef5c79cf8:c4978]
2019-08-21 02:17:39,865 | INFO  | DNAudit | user=null | ip=null | op=WRITE_CHUNK {blockData=conID: 2 locID: 102652566555329186 bcsId: 4980} | ret=SUCCESS |  
2019-08-21 02:17:39,868 | INFO  | DNAudit | user=null | ip=null | op=WRITE_CHUNK {blockData=conID: 2 locID: 102652566555329186 bcsId: 4975} | ret=SUCCESS |  
2019-08-21 02:17:39,868 | INFO  | DNAudit | user=null | ip=null | op=WRITE_CHUNK {blockData=conID: 2 locID: 102652566555329186 bcsId: 4975} | ret=SUCCESS |  
2019-08-21 02:17:39,868 | INFO  | DNAudit | user=null | ip=null | op=WRITE_CHUNK {blockData=conID: 2 locID: 102652566555329186 bcsId: 4980} | ret=SUCCESS |  
2019-08-21 02:17:39,868 | INFO  | DNAudit | user=null | ip=null | op=WRITE_CHUNK {blockData=conID: 2 locID: 102652566555329186 bcsId: 4980} | ret=SUCCESS |  
2019-08-21 02:17:39,869 | INFO  | DNAudit | user=null | ip=null | op=PUT_BLOCK {blockData=[blockId=conID: 2 locID: 102652566555329186 bcsId: 0,size=3145728]} | ret=SUCCESS |  
2019-08-21 02:17:39,870 | INFO  | DNAudit | user=null | ip=null | op=PUT_BLOCK {blockData=[blockId=conID: 2 locID: 102652566555329186 bcsId: 0,size=3145728]} | ret=SUCCESS |  
2019-08-21 02:17:39,870 | INFO  | DNAudit | user=null | ip=null | op=WRITE_CHUNK {blockData=conID: 2 locID: 102652566555329186 bcsId: 4980} | ret=SUCCESS |  
2019-08-21 02:17:39,871 | INFO  | DNAudit | user=null | ip=null | op=PUT_BLOCK {blockData=[blockId=conID: 2 locID: 102652566555329186 bcsId: 0,size=4194304]} | ret=SUCCESS |  
2019-08-21 02:17:39,871 [grpc-default-executor-0] INFO  client.GrpcClientProtocolClient (GrpcClientProtocolClient.java:onNext(255)) - client-54CC064C3FCE->8224e767-71c1-41fc-a01a-d172d48fd9d8: receive RaftClientReply:client-54CC064C3FCE->8224e767-71c1-41fc-a01a-d172d48fd9d8@group-F6B37CC92441, cid=3310, SUCCESS, logIndex=4983, commits[8224e767-71c1-41fc-a01a-d172d48fd9d8:c4984, 6eae0c21-01aa-4169-956f-5952b26ea7ba:c4980, 8d7dcba1-3b82-4d94-a832-514ef5c79cf8:c4980]
2019-08-21 02:17:39,872 [grpc-default-executor-0] INFO  client.GrpcClientProtocolClient (GrpcClientProtocolClient.java:onNext(255)) - client-54CC064C3FCE->8224e767-71c1-41fc-a01a-d172d48fd9d8: receive RaftClientReply:client-54CC064C3FCE->8224e767-71c1-41fc-a01a-d172d48fd9d8@group-F6B37CC92441, cid=3311, SUCCESS, logIndex=4984, commits[8224e767-71c1-41fc-a01a-d172d48fd9d8:c4984, 6eae0c21-01aa-4169-956f-5952b26ea7ba:c4980, 8d7dcba1-3b82-4d94-a832-514ef5c79cf8:c4980]
2019-08-21 02:17:39,907 | INFO  | DNAudit | user=null | ip=null | op=WRITE_CHUNK {blockData=conID: 2 locID: 102652566555329186 bcsId: 4980} | ret=SUCCESS |  
2019-08-21 02:17:39,907 | INFO  | DNAudit | user=null | ip=null | op=WRITE_CHUNK {blockData=conID: 2 locID: 102652566555329186 bcsId: 4980} | ret=SUCCESS |  
2019-08-21 02:17:39,910 | INFO  | DNAudit | user=null | ip=null | op=PUT_BLOCK {blockData=[blockId=conID: 2 locID: 102652566555329186 bcsId: 0,size=4194304]} | ret=SUCCESS |  
2019-08-21 02:17:39,910 | INFO  | DNAudit | user=null | ip=null | op=PUT_BLOCK {blockData=[blockId=conID: 2 locID: 102652566555329186 bcsId: 0,size=4194304]} | ret=SUCCESS |  
2019-08-21 02:17:39,910 [grpc-default-executor-4] INFO  client.GrpcClientProtocolClient (GrpcClientProtocolClient.java:onNext(255)) - client-54CC064C3FCE->8224e767-71c1-41fc-a01a-d172d48fd9d8: receive RaftClientReply:client-54CC064C3FCE->8224e767-71c1-41fc-a01a-d172d48fd9d8@group-F6B37CC92441, cid=3312, SUCCESS, logIndex=0, commits[8224e767-71c1-41fc-a01a-d172d48fd9d8:c4986, 6eae0c21-01aa-4169-956f-5952b26ea7ba:c4984, 8d7dcba1-3b82-4d94-a832-514ef5c79cf8:c4984]
2019-08-21 02:17:39,920 | INFO  | SCMAudit | user=jenkins1000 | ip=192.168.34.10 | op=ALLOCATE_BLOCK {owner=b6f66289-f2a0-4058-b052-0a85e40df67b, size=4194304, type=RATIS, factor=THREE} | ret=SUCCESS |  
2019-08-21 02:17:39,926 | INFO  | OMAudit | user=jenkins1000 | ip=127.0.0.1 | op=ALLOCATE_BLOCK {volume=vol-0-90982, bucket=bucket-0-24269, key=key-0-81262, dataSize=0, replicationType=null, replicationFactor=null, keyLocationInfo=null, clientID=102652564580991378} | ret=SUCCESS |  
2019-08-21 02:17:39,934 | INFO  | DNAudit | user=null | ip=null | op=WRITE_CHUNK {blockData=conID: 3 locID: 102652566563717795 bcsId: 0} | ret=SUCCESS |  
2019-08-21 02:17:39,938 | INFO  | DNAudit | user=null | ip=null | op=WRITE_CHUNK {blockData=conID: 3 locID: 102652566563717795 bcsId: 0} | ret=SUCCESS |  
2019-08-21 02:17:39,938 | INFO  | DNAudit | user=null | ip=null | op=WRITE_CHUNK {blockData=conID: 3 locID: 102652566563717795 bcsId: 0} | ret=SUCCESS |  
2019-08-21 02:17:39,938 | INFO  | DNAudit | user=null | ip=null | op=WRITE_CHUNK {blockData=conID: 3 locID: 102652566563717795 bcsId: 0} | ret=SUCCESS |  
2019-08-21 02:17:39,941 | INFO  | DNAudit | user=null | ip=null | op=WRITE_CHUNK {blockData=conID: 3 locID: 102652566563717795 bcsId: 0} | ret=SUCCESS |  
2019-08-21 02:17:39,944 | INFO  | DNAudit | user=null | ip=null | op=WRITE_CHUNK {blockData=conID: 3 locID: 102652566563717795 bcsId: 0} | ret=SUCCESS |  
2019-08-21 02:17:39,947 | INFO  | DNAudit | user=null | ip=null | op=WRITE_CHUNK {blockData=conID: 3 locID: 102652566563717795 bcsId: 0} | ret=SUCCESS |  
2019-08-21 02:17:39,947 | INFO  | DNAudit | user=null | ip=null | op=PUT_BLOCK {blockData=[blockId=conID: 3 locID: 102652566563717795 bcsId: 0,size=1048576]} | ret=SUCCESS |  
2019-08-21 02:17:39,948 [grpc-default-executor-0] INFO  client.GrpcClientProtocolClient (GrpcClientProtocolClient.java:onNext(255)) - client-54CC064C3FCE->8224e767-71c1-41fc-a01a-d172d48fd9d8: receive RaftClientReply:client-54CC064C3FCE->8224e767-71c1-41fc-a01a-d172d48fd9d8@group-F6B37CC92441, cid=3313, SUCCESS, logIndex=4987, commits[8224e767-71c1-41fc-a01a-d172d48fd9d8:c4988, 6eae0c21-01aa-4169-956f-5952b26ea7ba:c4986, 8d7dcba1-3b82-4d94-a832-514ef5c79cf8:c4986]
2019-08-21 02:17:39,948 | INFO  | DNAudit | user=null | ip=null | op=WRITE_CHUNK {blockData=conID: 3 locID: 102652566563717795 bcsId: 0} | ret=SUCCESS |  
2019-08-21 02:17:39,948 [grpc-default-executor-0] INFO  client.GrpcClientProtocolClient (GrpcClientProtocolClient.java:onNext(255)) - client-54CC064C3FCE->8224e767-71c1-41fc-a01a-d172d48fd9d8: receive RaftClientReply:client-54CC064C3FCE->8224e767-71c1-41fc-a01a-d172d48fd9d8@group-F6B37CC92441, cid=3314, SUCCESS, logIndex=4988, commits[8224e767-71c1-41fc-a01a-d172d48fd9d8:c4989, 6eae0c21-01aa-4169-956f-5952b26ea7ba:c4986, 8d7dcba1-3b82-4d94-a832-514ef5c79cf8:c4986]
2019-08-21 02:17:39,948 | INFO  | DNAudit | user=null | ip=null | op=PUT_BLOCK {blockData=[blockId=conID: 3 locID: 102652566563717795 bcsId: 0,size=2097152]} | ret=SUCCESS |  
2019-08-21 02:17:39,949 [grpc-default-executor-0] INFO  client.GrpcClientProtocolClient (GrpcClientProtocolClient.java:onNext(255)) - client-54CC064C3FCE->8224e767-71c1-41fc-a01a-d172d48fd9d8: receive RaftClientReply:client-54CC064C3FCE->8224e767-71c1-41fc-a01a-d172d48fd9d8@group-F6B37CC92441, cid=3315, SUCCESS, logIndex=4989, commits[8224e767-71c1-41fc-a01a-d172d48fd9d8:c4990, 6eae0c21-01aa-4169-956f-5952b26ea7ba:c4986, 8d7dcba1-3b82-4d94-a832-514ef5c79cf8:c4986]
2019-08-21 02:17:39,949 [grpc-default-executor-0] INFO  client.GrpcClientProtocolClient (GrpcClientProtocolClient.java:onNext(255)) - client-54CC064C3FCE->8224e767-71c1-41fc-a01a-d172d48fd9d8: receive RaftClientReply:client-54CC064C3FCE->8224e767-71c1-41fc-a01a-d172d48fd9d8@group-F6B37CC92441, cid=3316, SUCCESS, logIndex=4990, commits[8224e767-71c1-41fc-a01a-d172d48fd9d8:c4990, 6eae0c21-01aa-4169-956f-5952b26ea7ba:c4986, 8d7dcba1-3b82-4d94-a832-514ef5c79cf8:c4986]
2019-08-21 02:17:39,960 | INFO  | DNAudit | user=null | ip=null | op=WRITE_CHUNK {blockData=conID: 3 locID: 102652566563717795 bcsId: 0} | ret=SUCCESS |  
2019-08-21 02:17:39,960 | INFO  | DNAudit | user=null | ip=null | op=PUT_BLOCK {blockData=[blockId=conID: 3 locID: 102652566563717795 bcsId: 0,size=1048576]} | ret=SUCCESS |  
2019-08-21 02:17:39,961 | INFO  | DNAudit | user=null | ip=null | op=WRITE_CHUNK {blockData=conID: 3 locID: 102652566563717795 bcsId: 0} | ret=SUCCESS |  
2019-08-21 02:17:39,961 | INFO  | DNAudit | user=null | ip=null | op=PUT_BLOCK {blockData=[blockId=conID: 3 locID: 102652566563717795 bcsId: 0,size=1048576]} | ret=SUCCESS |  
2019-08-21 02:17:39,961 | INFO  | DNAudit | user=null | ip=null | op=WRITE_CHUNK {blockData=conID: 3 locID: 102652566563717795 bcsId: 0} | ret=SUCCESS |  
2019-08-21 02:17:39,961 | INFO  | DNAudit | user=null | ip=null | op=WRITE_CHUNK {blockData=conID: 3 locID: 102652566563717795 bcsId: 0} | ret=SUCCESS |  
2019-08-21 02:17:39,962 | INFO  | DNAudit | user=null | ip=null | op=PUT_BLOCK {blockData=[blockId=conID: 3 locID: 102652566563717795 bcsId: 0,size=2097152]} | ret=SUCCESS |  
2019-08-21 02:17:39,961 [grpc-default-executor-4] INFO  client.GrpcClientProtocolClient (GrpcClientProtocolClient.java:onNext(255)) - client-54CC064C3FCE->8224e767-71c1-41fc-a01a-d172d48fd9d8: receive RaftClientReply:client-54CC064C3FCE->8224e767-71c1-41fc-a01a-d172d48fd9d8@group-F6B37CC92441, cid=3317, SUCCESS, logIndex=0, commits[8224e767-71c1-41fc-a01a-d172d48fd9d8:c4992, 6eae0c21-01aa-4169-956f-5952b26ea7ba:c4988, 8d7dcba1-3b82-4d94-a832-514ef5c79cf8:c4988]
2019-08-21 02:17:39,962 | INFO  | DNAudit | user=null | ip=null | op=PUT_BLOCK {blockData=[blockId=conID: 3 locID: 102652566563717795 bcsId: 0,size=2097152]} | ret=SUCCESS |  
2019-08-21 02:17:39,970 | INFO  | DNAudit | user=null | ip=null | op=WRITE_CHUNK {blockData=conID: 3 locID: 102652566563717795 bcsId: 4990} | ret=SUCCESS |  
2019-08-21 02:17:39,972 | INFO  | DNAudit | user=null | ip=null | op=WRITE_CHUNK {blockData=conID: 3 locID: 102652566563717795 bcsId: 4990} | ret=SUCCESS |  
2019-08-21 02:17:39,973 | INFO  | DNAudit | user=null | ip=null | op=WRITE_CHUNK {blockData=conID: 3 locID: 102652566563717795 bcsId: 4990} | ret=SUCCESS |  
2019-08-21 02:17:39,983 | INFO  | DNAudit | user=null | ip=null | op=WRITE_CHUNK {blockData=conID: 3 locID: 102652566563717795 bcsId: 4990} | ret=SUCCESS |  
2019-08-21 02:17:39,983 | INFO  | DNAudit | user=null | ip=null | op=PUT_BLOCK {blockData=[blockId=conID: 3 locID: 102652566563717795 bcsId: 0,size=3145728]} | ret=SUCCESS |  
2019-08-21 02:17:39,984 [grpc-default-executor-4] INFO  client.GrpcClientProtocolClient (GrpcClientProtocolClient.java:onNext(255)) - client-54CC064C3FCE->8224e767-71c1-41fc-a01a-d172d48fd9d8: receive RaftClientReply:client-54CC064C3FCE->8224e767-71c1-41fc-a01a-d172d48fd9d8@group-F6B37CC92441, cid=3318, SUCCESS, logIndex=4995, commits[8224e767-71c1-41fc-a01a-d172d48fd9d8:c4996, 6eae0c21-01aa-4169-956f-5952b26ea7ba:c4994, 8d7dcba1-3b82-4d94-a832-514ef5c79cf8:c4994]
2019-08-21 02:17:39,984 [grpc-default-executor-4] INFO  client.GrpcClientProtocolClient (GrpcClientProtocolClient.java:onNext(255)) - client-54CC064C3FCE->8224e767-71c1-41fc-a01a-d172d48fd9d8: receive RaftClientReply:client-54CC064C3FCE->8224e767-71c1-41fc-a01a-d172d48fd9d8@group-F6B37CC92441, cid=3319, SUCCESS, logIndex=4996, commits[8224e767-71c1-41fc-a01a-d172d48fd9d8:c4996, 6eae0c21-01aa-4169-956f-5952b26ea7ba:c4994, 8d7dcba1-3b82-4d94-a832-514ef5c79cf8:c4994]
2019-08-21 02:17:39,992 | INFO  | DNAudit | user=null | ip=null | op=WRITE_CHUNK {blockData=conID: 3 locID: 102652566563717795 bcsId: 4996} | ret=SUCCESS |  
2019-08-21 02:17:39,994 | INFO  | DNAudit | user=null | ip=null | op=WRITE_CHUNK {blockData=conID: 3 locID: 102652566563717795 bcsId: 4996} | ret=SUCCESS |  
2019-08-21 02:17:39,994 | INFO  | DNAudit | user=null | ip=null | op=WRITE_CHUNK {blockData=conID: 3 locID: 102652566563717795 bcsId: 4990} | ret=SUCCESS |  
2019-08-21 02:17:39,994 | INFO  | DNAudit | user=null | ip=null | op=WRITE_CHUNK {blockData=conID: 3 locID: 102652566563717795 bcsId: 4990} | ret=SUCCESS |  
2019-08-21 02:17:39,995 | INFO  | DNAudit | user=null | ip=null | op=WRITE_CHUNK {blockData=conID: 3 locID: 102652566563717795 bcsId: 4996} | ret=SUCCESS |  
2019-08-21 02:17:39,996 | INFO  | DNAudit | user=null | ip=null | op=PUT_BLOCK {blockData=[blockId=conID: 3 locID: 102652566563717795 bcsId: 0,size=3145728]} | ret=SUCCESS |  
2019-08-21 02:17:39,996 | INFO  | DNAudit | user=null | ip=null | op=PUT_BLOCK {blockData=[blockId=conID: 3 locID: 102652566563717795 bcsId: 0,size=3145728]} | ret=SUCCESS |  
2019-08-21 02:17:39,996 | INFO  | DNAudit | user=null | ip=null | op=WRITE_CHUNK {blockData=conID: 3 locID: 102652566563717795 bcsId: 4996} | ret=SUCCESS |  
2019-08-21 02:17:39,997 | INFO  | DNAudit | user=null | ip=null | op=PUT_BLOCK {blockData=[blockId=conID: 3 locID: 102652566563717795 bcsId: 0,size=4194304]} | ret=SUCCESS |  
2019-08-21 02:17:39,997 [grpc-default-executor-0] INFO  client.GrpcClientProtocolClient (GrpcClientProtocolClient.java:onNext(255)) - client-54CC064C3FCE->8224e767-71c1-41fc-a01a-d172d48fd9d8: receive RaftClientReply:client-54CC064C3FCE->8224e767-71c1-41fc-a01a-d172d48fd9d8@group-F6B37CC92441, cid=3320, SUCCESS, logIndex=4999, commits[8224e767-71c1-41fc-a01a-d172d48fd9d8:c5000, 6eae0c21-01aa-4169-956f-5952b26ea7ba:c4996, 8d7dcba1-3b82-4d94-a832-514ef5c79cf8:c4996]
2019-08-21 02:17:39,997 [grpc-default-executor-0] INFO  client.GrpcClientProtocolClient (GrpcClientProtocolClient.java:onNext(255)) - client-54CC064C3FCE->8224e767-71c1-41fc-a01a-d172d48fd9d8: receive RaftClientReply:client-54CC064C3FCE->8224e767-71c1-41fc-a01a-d172d48fd9d8@group-F6B37CC92441, cid=3321, SUCCESS, logIndex=5000, commits[8224e767-71c1-41fc-a01a-d172d48fd9d8:c5000, 6eae0c21-01aa-4169-956f-5952b26ea7ba:c4996, 8d7dcba1-3b82-4d94-a832-514ef5c79cf8:c4996]
2019-08-21 02:17:39,998 | INFO  | DNAudit | user=null | ip=null | op=WRITE_CHUNK {blockData=conID: 3 locID: 102652566563717795 bcsId: 4996} | ret=SUCCESS |  
2019-08-21 02:17:39,998 | INFO  | DNAudit | user=null | ip=null | op=PUT_BLOCK {blockData=[blockId=conID: 3 locID: 102652566563717795 bcsId: 0,size=4194304]} | ret=SUCCESS |  
2019-08-21 02:17:39,998 | INFO  | DNAudit | user=null | ip=null | op=WRITE_CHUNK {blockData=conID: 3 locID: 102652566563717795 bcsId: 4996} | ret=SUCCESS |  
2019-08-21 02:17:39,998 | INFO  | DNAudit | user=null | ip=null | op=PUT_BLOCK {blockData=[blockId=conID: 3 locID: 102652566563717795 bcsId: 0,size=4194304]} | ret=SUCCESS |  
2019-08-21 02:17:39,999 [grpc-default-executor-0] INFO  client.GrpcClientProtocolClient (GrpcClientProtocolClient.java:onNext(255)) - client-54CC064C3FCE->8224e767-71c1-41fc-a01a-d172d48fd9d8: receive RaftClientReply:client-54CC064C3FCE->8224e767-71c1-41fc-a01a-d172d48fd9d8@group-F6B37CC92441, cid=3322, SUCCESS, logIndex=0, commits[8224e767-71c1-41fc-a01a-d172d48fd9d8:c5001, 6eae0c21-01aa-4169-956f-5952b26ea7ba:c5000, 8d7dcba1-3b82-4d94-a832-514ef5c79cf8:c5000]
2019-08-21 02:17:40,006 | INFO  | SCMAudit | user=jenkins1000 | ip=192.168.34.10 | op=ALLOCATE_BLOCK {owner=b6f66289-f2a0-4058-b052-0a85e40df67b, size=4194304, type=RATIS, factor=THREE} | ret=SUCCESS |  
2019-08-21 02:17:40,011 | INFO  | OMAudit | user=jenkins1000 | ip=127.0.0.1 | op=ALLOCATE_BLOCK {volume=vol-0-90982, bucket=bucket-0-24269, key=key-0-81262, dataSize=0, replicationType=null, replicationFactor=null, keyLocationInfo=null, clientID=102652564580991378} | ret=SUCCESS |  
2019-08-21 02:17:40,019 | INFO  | DNAudit | user=null | ip=null | op=WRITE_CHUNK {blockData=conID: 1 locID: 102652566569353892 bcsId: 0} | ret=SUCCESS |  
2019-08-21 02:17:40,024 | INFO  | DNAudit | user=null | ip=null | op=WRITE_CHUNK {blockData=conID: 1 locID: 102652566569353892 bcsId: 0} | ret=SUCCESS |  
2019-08-21 02:17:40,025 | INFO  | DNAudit | user=null | ip=null | op=WRITE_CHUNK {blockData=conID: 1 locID: 102652566569353892 bcsId: 0} | ret=SUCCESS |  
2019-08-21 02:17:40,025 | INFO  | DNAudit | user=null | ip=null | op=WRITE_CHUNK {blockData=conID: 1 locID: 102652566569353892 bcsId: 0} | ret=SUCCESS |  
2019-08-21 02:17:40,026 | INFO  | DNAudit | user=null | ip=null | op=WRITE_CHUNK {blockData=conID: 1 locID: 102652566569353892 bcsId: 0} | ret=SUCCESS |  
2019-08-21 02:17:40,027 | INFO  | DNAudit | user=null | ip=null | op=WRITE_CHUNK {blockData=conID: 1 locID: 102652566569353892 bcsId: 0} | ret=SUCCESS |  
2019-08-21 02:17:40,032 | INFO  | DNAudit | user=null | ip=null | op=WRITE_CHUNK {blockData=conID: 1 locID: 102652566569353892 bcsId: 0} | ret=SUCCESS |  
2019-08-21 02:17:40,033 | INFO  | DNAudit | user=null | ip=null | op=PUT_BLOCK {blockData=[blockId=conID: 1 locID: 102652566569353892 bcsId: 0,size=1048576]} | ret=SUCCESS |  
2019-08-21 02:17:40,033 [grpc-default-executor-1] INFO  client.GrpcClientProtocolClient (GrpcClientProtocolClient.java:onNext(255)) - client-54CC064C3FCE->8224e767-71c1-41fc-a01a-d172d48fd9d8: receive RaftClientReply:client-54CC064C3FCE->8224e767-71c1-41fc-a01a-d172d48fd9d8@group-F6B37CC92441, cid=3323, SUCCESS, logIndex=5003, commits[8224e767-71c1-41fc-a01a-d172d48fd9d8:c5005, 6eae0c21-01aa-4169-956f-5952b26ea7ba:c5002, 8d7dcba1-3b82-4d94-a832-514ef5c79cf8:c5002]
2019-08-21 02:17:40,033 | INFO  | DNAudit | user=null | ip=null | op=WRITE_CHUNK {blockData=conID: 1 locID: 102652566569353892 bcsId: 0} | ret=SUCCESS |  
2019-08-21 02:17:40,034 | INFO  | DNAudit | user=null | ip=null | op=PUT_BLOCK {blockData=[blockId=conID: 1 locID: 102652566569353892 bcsId: 0,size=2097152]} | ret=SUCCESS |  
2019-08-21 02:17:40,034 [grpc-default-executor-1] INFO  client.GrpcClientProtocolClient (GrpcClientProtocolClient.java:onNext(255)) - client-54CC064C3FCE->8224e767-71c1-41fc-a01a-d172d48fd9d8: receive RaftClientReply:client-54CC064C3FCE->8224e767-71c1-41fc-a01a-d172d48fd9d8@group-F6B37CC92441, cid=3324, SUCCESS, logIndex=5004, commits[8224e767-71c1-41fc-a01a-d172d48fd9d8:c5006, 6eae0c21-01aa-4169-956f-5952b26ea7ba:c5002, 8d7dcba1-3b82-4d94-a832-514ef5c79cf8:c5002]
2019-08-21 02:17:40,034 [grpc-default-executor-1] INFO  client.GrpcClientProtocolClient (GrpcClientProtocolClient.java:onNext(255)) - client-54CC064C3FCE->8224e767-71c1-41fc-a01a-d172d48fd9d8: receive RaftClientReply:client-54CC064C3FCE->8224e767-71c1-41fc-a01a-d172d48fd9d8@group-F6B37CC92441, cid=3325, SUCCESS, logIndex=5005, commits[8224e767-71c1-41fc-a01a-d172d48fd9d8:c5006, 6eae0c21-01aa-4169-956f-5952b26ea7ba:c5002, 8d7dcba1-3b82-4d94-a832-514ef5c79cf8:c5002]
2019-08-21 02:17:40,034 [grpc-default-executor-1] INFO  client.GrpcClientProtocolClient (GrpcClientProtocolClient.java:onNext(255)) - client-54CC064C3FCE->8224e767-71c1-41fc-a01a-d172d48fd9d8: receive RaftClientReply:client-54CC064C3FCE->8224e767-71c1-41fc-a01a-d172d48fd9d8@group-F6B37CC92441, cid=3326, SUCCESS, logIndex=5006, commits[8224e767-71c1-41fc-a01a-d172d48fd9d8:c5006, 6eae0c21-01aa-4169-956f-5952b26ea7ba:c5002, 8d7dcba1-3b82-4d94-a832-514ef5c79cf8:c5002]
2019-08-21 02:17:40,048 | INFO  | DNAudit | user=null | ip=null | op=WRITE_CHUNK {blockData=conID: 1 locID: 102652566569353892 bcsId: 0} | ret=SUCCESS |  
2019-08-21 02:17:40,049 | INFO  | DNAudit | user=null | ip=null | op=WRITE_CHUNK {blockData=conID: 1 locID: 102652566569353892 bcsId: 0} | ret=SUCCESS |  
2019-08-21 02:17:40,050 | INFO  | DNAudit | user=null | ip=null | op=PUT_BLOCK {blockData=[blockId=conID: 1 locID: 102652566569353892 bcsId: 0,size=1048576]} | ret=SUCCESS |  
2019-08-21 02:17:40,050 | INFO  | DNAudit | user=null | ip=null | op=WRITE_CHUNK {blockData=conID: 1 locID: 102652566569353892 bcsId: 0} | ret=SUCCESS |  
2019-08-21 02:17:40,050 | INFO  | DNAudit | user=null | ip=null | op=PUT_BLOCK {blockData=[blockId=conID: 1 locID: 102652566569353892 bcsId: 0,size=1048576]} | ret=SUCCESS |  
2019-08-21 02:17:40,051 | INFO  | DNAudit | user=null | ip=null | op=PUT_BLOCK {blockData=[blockId=conID: 1 locID: 102652566569353892 bcsId: 0,size=2097152]} | ret=SUCCESS |  
2019-08-21 02:17:40,051 | INFO  | DNAudit | user=null | ip=null | op=WRITE_CHUNK {blockData=conID: 1 locID: 102652566569353892 bcsId: 0} | ret=SUCCESS |  
2019-08-21 02:17:40,051 | INFO  | DNAudit | user=null | ip=null | op=PUT_BLOCK {blockData=[blockId=conID: 1 locID: 102652566569353892 bcsId: 0,size=2097152]} | ret=SUCCESS |  
2019-08-21 02:17:40,052 [grpc-default-executor-1] INFO  client.GrpcClientProtocolClient (GrpcClientProtocolClient.java:onNext(255)) - client-54CC064C3FCE->8224e767-71c1-41fc-a01a-d172d48fd9d8: receive RaftClientReply:client-54CC064C3FCE->8224e767-71c1-41fc-a01a-d172d48fd9d8@group-F6B37CC92441, cid=3327, SUCCESS, logIndex=0, commits[8224e767-71c1-41fc-a01a-d172d48fd9d8:c5010, 6eae0c21-01aa-4169-956f-5952b26ea7ba:c5004, 8d7dcba1-3b82-4d94-a832-514ef5c79cf8:c5006]
2019-08-21 02:17:40,059 | INFO  | DNAudit | user=null | ip=null | op=WRITE_CHUNK {blockData=conID: 1 locID: 102652566569353892 bcsId: 5006} | ret=SUCCESS |  
2019-08-21 02:17:40,062 | INFO  | DNAudit | user=null | ip=null | op=WRITE_CHUNK {blockData=conID: 1 locID: 102652566569353892 bcsId: 5006} | ret=SUCCESS |  
2019-08-21 02:17:40,063 | INFO  | DNAudit | user=null | ip=null | op=WRITE_CHUNK {blockData=conID: 1 locID: 102652566569353892 bcsId: 5006} | ret=SUCCESS |  
2019-08-21 02:17:40,072 | INFO  | DNAudit | user=null | ip=null | op=WRITE_CHUNK {blockData=conID: 1 locID: 102652566569353892 bcsId: 5006} | ret=SUCCESS |  
2019-08-21 02:17:40,072 | INFO  | DNAudit | user=null | ip=null | op=PUT_BLOCK {blockData=[blockId=conID: 1 locID: 102652566569353892 bcsId: 0,size=3145728]} | ret=SUCCESS |  
2019-08-21 02:17:40,073 [grpc-default-executor-3] INFO  client.GrpcClientProtocolClient (GrpcClientProtocolClient.java:onNext(255)) - client-54CC064C3FCE->8224e767-71c1-41fc-a01a-d172d48fd9d8: receive RaftClientReply:client-54CC064C3FCE->8224e767-71c1-41fc-a01a-d172d48fd9d8@group-F6B37CC92441, cid=3328, SUCCESS, logIndex=5011, commits[8224e767-71c1-41fc-a01a-d172d48fd9d8:c5012, 6eae0c21-01aa-4169-956f-5952b26ea7ba:c5010, 8d7dcba1-3b82-4d94-a832-514ef5c79cf8:c5010]
2019-08-21 02:17:40,073 [grpc-default-executor-3] INFO  client.GrpcClientProtocolClient (GrpcClientProtocolClient.java:onNext(255)) - client-54CC064C3FCE->8224e767-71c1-41fc-a01a-d172d48fd9d8: receive RaftClientReply:client-54CC064C3FCE->8224e767-71c1-41fc-a01a-d172d48fd9d8@group-F6B37CC92441, cid=3329, SUCCESS, logIndex=5012, commits[8224e767-71c1-41fc-a01a-d172d48fd9d8:c5012, 6eae0c21-01aa-4169-956f-5952b26ea7ba:c5010, 8d7dcba1-3b82-4d94-a832-514ef5c79cf8:c5010]
2019-08-21 02:17:40,082 | INFO  | DNAudit | user=null | ip=null | op=WRITE_CHUNK {blockData=conID: 1 locID: 102652566569353892 bcsId: 5012} | ret=SUCCESS |  
2019-08-21 02:17:40,084 | INFO  | DNAudit | user=null | ip=null | op=WRITE_CHUNK {blockData=conID: 1 locID: 102652566569353892 bcsId: 5012} | ret=SUCCESS |  
2019-08-21 02:17:40,084 | INFO  | DNAudit | user=null | ip=null | op=WRITE_CHUNK {blockData=conID: 1 locID: 102652566569353892 bcsId: 5012} | ret=SUCCESS |  
2019-08-21 02:17:40,089 | INFO  | DNAudit | user=null | ip=null | op=WRITE_CHUNK {blockData=conID: 1 locID: 102652566569353892 bcsId: 5006} | ret=SUCCESS |  
2019-08-21 02:17:40,089 | INFO  | DNAudit | user=null | ip=null | op=WRITE_CHUNK {blockData=conID: 1 locID: 102652566569353892 bcsId: 5006} | ret=SUCCESS |  
2019-08-21 02:17:40,090 | INFO  | DNAudit | user=null | ip=null | op=PUT_BLOCK {blockData=[blockId=conID: 1 locID: 102652566569353892 bcsId: 0,size=3145728]} | ret=SUCCESS |  
2019-08-21 02:17:40,090 | INFO  | DNAudit | user=null | ip=null | op=WRITE_CHUNK {blockData=conID: 1 locID: 102652566569353892 bcsId: 5012} | ret=SUCCESS |  
2019-08-21 02:17:40,091 | INFO  | DNAudit | user=null | ip=null | op=PUT_BLOCK {blockData=[blockId=conID: 1 locID: 102652566569353892 bcsId: 0,size=3145728]} | ret=SUCCESS |  
2019-08-21 02:17:40,091 | INFO  | DNAudit | user=null | ip=null | op=PUT_BLOCK {blockData=[blockId=conID: 1 locID: 102652566569353892 bcsId: 0,size=4194304]} | ret=SUCCESS |  
2019-08-21 02:17:40,091 [grpc-default-executor-0] INFO  client.GrpcClientProtocolClient (GrpcClientProtocolClient.java:onNext(255)) - client-54CC064C3FCE->8224e767-71c1-41fc-a01a-d172d48fd9d8: receive RaftClientReply:client-54CC064C3FCE->8224e767-71c1-41fc-a01a-d172d48fd9d8@group-F6B37CC92441, cid=3330, SUCCESS, logIndex=5015, commits[8224e767-71c1-41fc-a01a-d172d48fd9d8:c5016, 6eae0c21-01aa-4169-956f-5952b26ea7ba:c5012, 8d7dcba1-3b82-4d94-a832-514ef5c79cf8:c5012]
2019-08-21 02:17:40,092 | INFO  | DNAudit | user=null | ip=null | op=WRITE_CHUNK {blockData=conID: 1 locID: 102652566569353892 bcsId: 5012} | ret=SUCCESS |  
2019-08-21 02:17:40,092 [grpc-default-executor-0] INFO  client.GrpcClientProtocolClient (GrpcClientProtocolClient.java:onNext(255)) - client-54CC064C3FCE->8224e767-71c1-41fc-a01a-d172d48fd9d8: receive RaftClientReply:client-54CC064C3FCE->8224e767-71c1-41fc-a01a-d172d48fd9d8@group-F6B37CC92441, cid=3331, SUCCESS, logIndex=5016, commits[8224e767-71c1-41fc-a01a-d172d48fd9d8:c5016, 6eae0c21-01aa-4169-956f-5952b26ea7ba:c5012, 8d7dcba1-3b82-4d94-a832-514ef5c79cf8:c5012]
2019-08-21 02:17:40,092 | INFO  | DNAudit | user=null | ip=null | op=WRITE_CHUNK {blockData=conID: 1 locID: 102652566569353892 bcsId: 5012} | ret=SUCCESS |  
2019-08-21 02:17:40,093 | INFO  | DNAudit | user=null | ip=null | op=PUT_BLOCK {blockData=[blockId=conID: 1 locID: 102652566569353892 bcsId: 0,size=4194304]} | ret=SUCCESS |  
2019-08-21 02:17:40,094 | INFO  | DNAudit | user=null | ip=null | op=PUT_BLOCK {blockData=[blockId=conID: 1 locID: 102652566569353892 bcsId: 0,size=4194304]} | ret=SUCCESS |  
2019-08-21 02:17:40,094 [grpc-default-executor-0] INFO  client.GrpcClientProtocolClient (GrpcClientProtocolClient.java:onNext(255)) - client-54CC064C3FCE->8224e767-71c1-41fc-a01a-d172d48fd9d8: receive RaftClientReply:client-54CC064C3FCE->8224e767-71c1-41fc-a01a-d172d48fd9d8@group-F6B37CC92441, cid=3332, SUCCESS, logIndex=0, commits[8224e767-71c1-41fc-a01a-d172d48fd9d8:c5018, 6eae0c21-01aa-4169-956f-5952b26ea7ba:c5016, 8d7dcba1-3b82-4d94-a832-514ef5c79cf8:c5016]
2019-08-21 02:17:40,104 | INFO  | SCMAudit | user=jenkins1000 | ip=192.168.34.10 | op=ALLOCATE_BLOCK {owner=b6f66289-f2a0-4058-b052-0a85e40df67b, size=4194304, type=RATIS, factor=THREE} | ret=SUCCESS |  
2019-08-21 02:17:40,109 | INFO  | OMAudit | user=jenkins1000 | ip=127.0.0.1 | op=ALLOCATE_BLOCK {volume=vol-0-90982, bucket=bucket-0-24269, key=key-0-81262, dataSize=0, replicationType=null, replicationFactor=null, keyLocationInfo=null, clientID=102652564580991378} | ret=SUCCESS |  
2019-08-21 02:17:40,117 | INFO  | DNAudit | user=null | ip=null | op=WRITE_CHUNK {blockData=conID: 2 locID: 102652566575776421 bcsId: 0} | ret=SUCCESS |  
2019-08-21 02:17:40,119 | INFO  | DNAudit | user=null | ip=null | op=WRITE_CHUNK {blockData=conID: 2 locID: 102652566575776421 bcsId: 0} | ret=SUCCESS |  
2019-08-21 02:17:40,120 | INFO  | DNAudit | user=null | ip=null | op=WRITE_CHUNK {blockData=conID: 2 locID: 102652566575776421 bcsId: 0} | ret=SUCCESS |  
2019-08-21 02:17:40,121 | INFO  | DNAudit | user=null | ip=null | op=WRITE_CHUNK {blockData=conID: 2 locID: 102652566575776421 bcsId: 0} | ret=SUCCESS |  
2019-08-21 02:17:40,122 | INFO  | DNAudit | user=null | ip=null | op=WRITE_CHUNK {blockData=conID: 2 locID: 102652566575776421 bcsId: 0} | ret=SUCCESS |  
2019-08-21 02:17:40,123 | INFO  | DNAudit | user=null | ip=null | op=WRITE_CHUNK {blockData=conID: 2 locID: 102652566575776421 bcsId: 0} | ret=SUCCESS |  
2019-08-21 02:17:40,129 | INFO  | DNAudit | user=null | ip=null | op=WRITE_CHUNK {blockData=conID: 2 locID: 102652566575776421 bcsId: 0} | ret=SUCCESS |  
2019-08-21 02:17:40,130 | INFO  | DNAudit | user=null | ip=null | op=PUT_BLOCK {blockData=[blockId=conID: 2 locID: 102652566575776421 bcsId: 0,size=1048576]} | ret=SUCCESS |  
2019-08-21 02:17:40,130 [grpc-default-executor-4] INFO  client.GrpcClientProtocolClient (GrpcClientProtocolClient.java:onNext(255)) - client-54CC064C3FCE->8224e767-71c1-41fc-a01a-d172d48fd9d8: receive RaftClientReply:client-54CC064C3FCE->8224e767-71c1-41fc-a01a-d172d48fd9d8@group-F6B37CC92441, cid=3333, SUCCESS, logIndex=5019, commits[8224e767-71c1-41fc-a01a-d172d48fd9d8:c5021, 6eae0c21-01aa-4169-956f-5952b26ea7ba:c5018, 8d7dcba1-3b82-4d94-a832-514ef5c79cf8:c5018]
2019-08-21 02:17:40,130 | INFO  | DNAudit | user=null | ip=null | op=WRITE_CHUNK {blockData=conID: 2 locID: 102652566575776421 bcsId: 0} | ret=SUCCESS |  
2019-08-21 02:17:40,130 [grpc-default-executor-4] INFO  client.GrpcClientProtocolClient (GrpcClientProtocolClient.java:onNext(255)) - client-54CC064C3FCE->8224e767-71c1-41fc-a01a-d172d48fd9d8: receive RaftClientReply:client-54CC064C3FCE->8224e767-71c1-41fc-a01a-d172d48fd9d8@group-F6B37CC92441, cid=3334, SUCCESS, logIndex=5020, commits[8224e767-71c1-41fc-a01a-d172d48fd9d8:c5022, 6eae0c21-01aa-4169-956f-5952b26ea7ba:c5018, 8d7dcba1-3b82-4d94-a832-514ef5c79cf8:c5018]
2019-08-21 02:17:40,130 | INFO  | DNAudit | user=null | ip=null | op=PUT_BLOCK {blockData=[blockId=conID: 2 locID: 102652566575776421 bcsId: 0,size=2097152]} | ret=SUCCESS |  
2019-08-21 02:17:40,130 [grpc-default-executor-4] INFO  client.GrpcClientProtocolClient (GrpcClientProtocolClient.java:onNext(255)) - client-54CC064C3FCE->8224e767-71c1-41fc-a01a-d172d48fd9d8: receive RaftClientReply:client-54CC064C3FCE->8224e767-71c1-41fc-a01a-d172d48fd9d8@group-F6B37CC92441, cid=3335, SUCCESS, logIndex=5021, commits[8224e767-71c1-41fc-a01a-d172d48fd9d8:c5022, 6eae0c21-01aa-4169-956f-5952b26ea7ba:c5018, 8d7dcba1-3b82-4d94-a832-514ef5c79cf8:c5018]
2019-08-21 02:17:40,131 | INFO  | DNAudit | user=null | ip=null | op=WRITE_CHUNK {blockData=conID: 2 locID: 102652566575776421 bcsId: 0} | ret=SUCCESS |  
2019-08-21 02:17:40,131 | INFO  | DNAudit | user=null | ip=null | op=WRITE_CHUNK {blockData=conID: 2 locID: 102652566575776421 bcsId: 0} | ret=SUCCESS |  
2019-08-21 02:17:40,131 [grpc-default-executor-4] INFO  client.GrpcClientProtocolClient (GrpcClientProtocolClient.java:onNext(255)) - client-54CC064C3FCE->8224e767-71c1-41fc-a01a-d172d48fd9d8: receive RaftClientReply:client-54CC064C3FCE->8224e767-71c1-41fc-a01a-d172d48fd9d8@group-F6B37CC92441, cid=3336, SUCCESS, logIndex=5022, commits[8224e767-71c1-41fc-a01a-d172d48fd9d8:c5022, 6eae0c21-01aa-4169-956f-5952b26ea7ba:c5018, 8d7dcba1-3b82-4d94-a832-514ef5c79cf8:c5018]
2019-08-21 02:17:40,131 | INFO  | DNAudit | user=null | ip=null | op=PUT_BLOCK {blockData=[blockId=conID: 2 locID: 102652566575776421 bcsId: 0,size=1048576]} | ret=SUCCESS |  
2019-08-21 02:17:40,131 | INFO  | DNAudit | user=null | ip=null | op=PUT_BLOCK {blockData=[blockId=conID: 2 locID: 102652566575776421 bcsId: 0,size=1048576]} | ret=SUCCESS |  
2019-08-21 02:17:40,131 | INFO  | DNAudit | user=null | ip=null | op=WRITE_CHUNK {blockData=conID: 2 locID: 102652566575776421 bcsId: 0} | ret=SUCCESS |  
2019-08-21 02:17:40,131 | INFO  | DNAudit | user=null | ip=null | op=PUT_BLOCK {blockData=[blockId=conID: 2 locID: 102652566575776421 bcsId: 0,size=2097152]} | ret=SUCCESS |  
2019-08-21 02:17:40,132 [grpc-default-executor-4] INFO  client.GrpcClientProtocolClient (GrpcClientProtocolClient.java:onNext(255)) - client-54CC064C3FCE->8224e767-71c1-41fc-a01a-d172d48fd9d8: receive RaftClientReply:client-54CC064C3FCE->8224e767-71c1-41fc-a01a-d172d48fd9d8@group-F6B37CC92441, cid=3337, SUCCESS, logIndex=0, commits[8224e767-71c1-41fc-a01a-d172d48fd9d8:c5024, 6eae0c21-01aa-4169-956f-5952b26ea7ba:c5021, 8d7dcba1-3b82-4d94-a832-514ef5c79cf8:c5020]
2019-08-21 02:17:40,132 | INFO  | DNAudit | user=null | ip=null | op=WRITE_CHUNK {blockData=conID: 2 locID: 102652566575776421 bcsId: 0} | ret=SUCCESS |  
2019-08-21 02:17:40,132 | INFO  | DNAudit | user=null | ip=null | op=PUT_BLOCK {blockData=[blockId=conID: 2 locID: 102652566575776421 bcsId: 0,size=2097152]} | ret=SUCCESS |  
2019-08-21 02:17:40,138 | INFO  | DNAudit | user=null | ip=null | op=WRITE_CHUNK {blockData=conID: 2 locID: 102652566575776421 bcsId: 5022} | ret=SUCCESS |  
2019-08-21 02:17:40,140 | INFO  | DNAudit | user=null | ip=null | op=WRITE_CHUNK {blockData=conID: 2 locID: 102652566575776421 bcsId: 5022} | ret=SUCCESS |  
2019-08-21 02:17:40,140 | INFO  | DNAudit | user=null | ip=null | op=WRITE_CHUNK {blockData=conID: 2 locID: 102652566575776421 bcsId: 5022} | ret=SUCCESS |  
2019-08-21 02:17:40,150 | INFO  | DNAudit | user=null | ip=null | op=WRITE_CHUNK {blockData=conID: 2 locID: 102652566575776421 bcsId: 5022} | ret=SUCCESS |  
2019-08-21 02:17:40,150 | INFO  | DNAudit | user=null | ip=null | op=PUT_BLOCK {blockData=[blockId=conID: 2 locID: 102652566575776421 bcsId: 0,size=3145728]} | ret=SUCCESS |  
2019-08-21 02:17:40,151 [grpc-default-executor-0] INFO  client.GrpcClientProtocolClient (GrpcClientProtocolClient.java:onNext(255)) - client-54CC064C3FCE->8224e767-71c1-41fc-a01a-d172d48fd9d8: receive RaftClientReply:client-54CC064C3FCE->8224e767-71c1-41fc-a01a-d172d48fd9d8@group-F6B37CC92441, cid=3338, SUCCESS, logIndex=5027, commits[8224e767-71c1-41fc-a01a-d172d48fd9d8:c5028, 6eae0c21-01aa-4169-956f-5952b26ea7ba:c5026, 8d7dcba1-3b82-4d94-a832-514ef5c79cf8:c5026]
2019-08-21 02:17:40,151 [grpc-default-executor-0] INFO  client.GrpcClientProtocolClient (GrpcClientProtocolClient.java:onNext(255)) - client-54CC064C3FCE->8224e767-71c1-41fc-a01a-d172d48fd9d8: receive RaftClientReply:client-54CC064C3FCE->8224e767-71c1-41fc-a01a-d172d48fd9d8@group-F6B37CC92441, cid=3339, SUCCESS, logIndex=5028, commits[8224e767-71c1-41fc-a01a-d172d48fd9d8:c5028, 6eae0c21-01aa-4169-956f-5952b26ea7ba:c5026, 8d7dcba1-3b82-4d94-a832-514ef5c79cf8:c5026]
2019-08-21 02:17:40,158 | INFO  | DNAudit | user=null | ip=null | op=WRITE_CHUNK {blockData=conID: 2 locID: 102652566575776421 bcsId: 5028} | ret=SUCCESS |  
2019-08-21 02:17:40,159 | INFO  | DNAudit | user=null | ip=null | op=WRITE_CHUNK {blockData=conID: 2 locID: 102652566575776421 bcsId: 5028} | ret=SUCCESS |  
2019-08-21 02:17:40,160 | INFO  | DNAudit | user=null | ip=null | op=WRITE_CHUNK {blockData=conID: 2 locID: 102652566575776421 bcsId: 5028} | ret=SUCCESS |  
2019-08-21 02:17:40,162 | INFO  | DNAudit | user=null | ip=null | op=WRITE_CHUNK {blockData=conID: 2 locID: 102652566575776421 bcsId: 5022} | ret=SUCCESS |  
2019-08-21 02:17:40,162 | INFO  | DNAudit | user=null | ip=null | op=WRITE_CHUNK {blockData=conID: 2 locID: 102652566575776421 bcsId: 5022} | ret=SUCCESS |  
2019-08-21 02:17:40,165 | INFO  | DNAudit | user=null | ip=null | op=PUT_BLOCK {blockData=[blockId=conID: 2 locID: 102652566575776421 bcsId: 0,size=3145728]} | ret=SUCCESS |  
2019-08-21 02:17:40,165 | INFO  | DNAudit | user=null | ip=null | op=PUT_BLOCK {blockData=[blockId=conID: 2 locID: 102652566575776421 bcsId: 0,size=3145728]} | ret=SUCCESS |  
2019-08-21 02:17:40,165 | INFO  | DNAudit | user=null | ip=null | op=WRITE_CHUNK {blockData=conID: 2 locID: 102652566575776421 bcsId: 5028} | ret=SUCCESS |  
2019-08-21 02:17:40,165 | INFO  | DNAudit | user=null | ip=null | op=PUT_BLOCK {blockData=[blockId=conID: 2 locID: 102652566575776421 bcsId: 0,size=4194304]} | ret=SUCCESS |  
2019-08-21 02:17:40,166 [grpc-default-executor-0] INFO  client.GrpcClientProtocolClient (GrpcClientProtocolClient.java:onNext(255)) - client-54CC064C3FCE->8224e767-71c1-41fc-a01a-d172d48fd9d8: receive RaftClientReply:client-54CC064C3FCE->8224e767-71c1-41fc-a01a-d172d48fd9d8@group-F6B37CC92441, cid=3340, SUCCESS, logIndex=5031, commits[8224e767-71c1-41fc-a01a-d172d48fd9d8:c5032, 6eae0c21-01aa-4169-956f-5952b26ea7ba:c5028, 8d7dcba1-3b82-4d94-a832-514ef5c79cf8:c5028]
2019-08-21 02:17:40,166 [grpc-default-executor-0] INFO  client.GrpcClientProtocolClient (GrpcClientProtocolClient.java:onNext(255)) - client-54CC064C3FCE->8224e767-71c1-41fc-a01a-d172d48fd9d8: receive RaftClientReply:client-54CC064C3FCE->8224e767-71c1-41fc-a01a-d172d48fd9d8@group-F6B37CC92441, cid=3341, SUCCESS, logIndex=5032, commits[8224e767-71c1-41fc-a01a-d172d48fd9d8:c5032, 6eae0c21-01aa-4169-956f-5952b26ea7ba:c5028, 8d7dcba1-3b82-4d94-a832-514ef5c79cf8:c5028]
2019-08-21 02:17:40,176 | INFO  | DNAudit | user=null | ip=null | op=WRITE_CHUNK {blockData=conID: 2 locID: 102652566575776421 bcsId: 5028} | ret=SUCCESS |  
2019-08-21 02:17:40,176 | INFO  | DNAudit | user=null | ip=null | op=WRITE_CHUNK {blockData=conID: 2 locID: 102652566575776421 bcsId: 5028} | ret=SUCCESS |  
2019-08-21 02:17:40,179 | INFO  | DNAudit | user=null | ip=null | op=PUT_BLOCK {blockData=[blockId=conID: 2 locID: 102652566575776421 bcsId: 0,size=4194304]} | ret=SUCCESS |  
2019-08-21 02:17:40,180 | INFO  | DNAudit | user=null | ip=null | op=PUT_BLOCK {blockData=[blockId=conID: 2 locID: 102652566575776421 bcsId: 0,size=4194304]} | ret=SUCCESS |  
2019-08-21 02:17:40,180 [grpc-default-executor-0] INFO  client.GrpcClientProtocolClient (GrpcClientProtocolClient.java:onNext(255)) - client-54CC064C3FCE->8224e767-71c1-41fc-a01a-d172d48fd9d8: receive RaftClientReply:client-54CC064C3FCE->8224e767-71c1-41fc-a01a-d172d48fd9d8@group-F6B37CC92441, cid=3342, SUCCESS, logIndex=0, commits[8224e767-71c1-41fc-a01a-d172d48fd9d8:c5034, 6eae0c21-01aa-4169-956f-5952b26ea7ba:c5032, 8d7dcba1-3b82-4d94-a832-514ef5c79cf8:c5032]
2019-08-21 02:17:40,186 | INFO  | SCMAudit | user=jenkins1000 | ip=192.168.34.10 | op=ALLOCATE_BLOCK {owner=b6f66289-f2a0-4058-b052-0a85e40df67b, size=4194304, type=RATIS, factor=THREE} | ret=SUCCESS |  
2019-08-21 02:17:40,190 | INFO  | OMAudit | user=jenkins1000 | ip=127.0.0.1 | op=ALLOCATE_BLOCK {volume=vol-0-90982, bucket=bucket-0-24269, key=key-0-81262, dataSize=0, replicationType=null, replicationFactor=null, keyLocationInfo=null, clientID=102652564580991378} | ret=SUCCESS |  
2019-08-21 02:17:40,198 | INFO  | DNAudit | user=null | ip=null | op=WRITE_CHUNK {blockData=conID: 3 locID: 102652566581150374 bcsId: 0} | ret=SUCCESS |  
2019-08-21 02:17:40,200 | INFO  | DNAudit | user=null | ip=null | op=WRITE_CHUNK {blockData=conID: 3 locID: 102652566581150374 bcsId: 0} | ret=SUCCESS |  
2019-08-21 02:17:40,201 | INFO  | DNAudit | user=null | ip=null | op=WRITE_CHUNK {blockData=conID: 3 locID: 102652566581150374 bcsId: 0} | ret=SUCCESS |  
2019-08-21 02:17:40,201 | INFO  | DNAudit | user=null | ip=null | op=WRITE_CHUNK {blockData=conID: 3 locID: 102652566581150374 bcsId: 0} | ret=SUCCESS |  
2019-08-21 02:17:40,203 | INFO  | DNAudit | user=null | ip=null | op=WRITE_CHUNK {blockData=conID: 3 locID: 102652566581150374 bcsId: 0} | ret=SUCCESS |  
2019-08-21 02:17:40,203 | INFO  | DNAudit | user=null | ip=null | op=WRITE_CHUNK {blockData=conID: 3 locID: 102652566581150374 bcsId: 0} | ret=SUCCESS |  
2019-08-21 02:17:40,211 | INFO  | DNAudit | user=null | ip=null | op=WRITE_CHUNK {blockData=conID: 3 locID: 102652566581150374 bcsId: 0} | ret=SUCCESS |  
2019-08-21 02:17:40,211 | INFO  | DNAudit | user=null | ip=null | op=PUT_BLOCK {blockData=[blockId=conID: 3 locID: 102652566581150374 bcsId: 0,size=1048576]} | ret=SUCCESS |  
2019-08-21 02:17:40,211 [grpc-default-executor-4] INFO  client.GrpcClientProtocolClient (GrpcClientProtocolClient.java:onNext(255)) - client-54CC064C3FCE->8224e767-71c1-41fc-a01a-d172d48fd9d8: receive RaftClientReply:client-54CC064C3FCE->8224e767-71c1-41fc-a01a-d172d48fd9d8@group-F6B37CC92441, cid=3343, SUCCESS, logIndex=5035, commits[8224e767-71c1-41fc-a01a-d172d48fd9d8:c5037, 6eae0c21-01aa-4169-956f-5952b26ea7ba:c5034, 8d7dcba1-3b82-4d94-a832-514ef5c79cf8:c5034]
2019-08-21 02:17:40,211 | INFO  | DNAudit | user=null | ip=null | op=WRITE_CHUNK {blockData=conID: 3 locID: 102652566581150374 bcsId: 0} | ret=SUCCESS |  
2019-08-21 02:17:40,212 [grpc-default-executor-4] INFO  client.GrpcClientProtocolClient (GrpcClientProtocolClient.java:onNext(255)) - client-54CC064C3FCE->8224e767-71c1-41fc-a01a-d172d48fd9d8: receive RaftClientReply:client-54CC064C3FCE->8224e767-71c1-41fc-a01a-d172d48fd9d8@group-F6B37CC92441, cid=3344, SUCCESS, logIndex=5036, commits[8224e767-71c1-41fc-a01a-d172d48fd9d8:c5038, 6eae0c21-01aa-4169-956f-5952b26ea7ba:c5034, 8d7dcba1-3b82-4d94-a832-514ef5c79cf8:c5034]
2019-08-21 02:17:40,212 | INFO  | DNAudit | user=null | ip=null | op=PUT_BLOCK {blockData=[blockId=conID: 3 locID: 102652566581150374 bcsId: 0,size=2097152]} | ret=SUCCESS |  
2019-08-21 02:17:40,212 | INFO  | DNAudit | user=null | ip=null | op=WRITE_CHUNK {blockData=conID: 3 locID: 102652566581150374 bcsId: 0} | ret=SUCCESS |  
2019-08-21 02:17:40,212 [grpc-default-executor-0] INFO  client.GrpcClientProtocolClient (GrpcClientProtocolClient.java:onNext(255)) - client-54CC064C3FCE->8224e767-71c1-41fc-a01a-d172d48fd9d8: receive RaftClientReply:client-54CC064C3FCE->8224e767-71c1-41fc-a01a-d172d48fd9d8@group-F6B37CC92441, cid=3345, SUCCESS, logIndex=5037, commits[8224e767-71c1-41fc-a01a-d172d48fd9d8:c5038, 6eae0c21-01aa-4169-956f-5952b26ea7ba:c5034, 8d7dcba1-3b82-4d94-a832-514ef5c79cf8:c5034]
2019-08-21 02:17:40,212 [grpc-default-executor-0] INFO  client.GrpcClientProtocolClient (GrpcClientProtocolClient.java:onNext(255)) - client-54CC064C3FCE->8224e767-71c1-41fc-a01a-d172d48fd9d8: receive RaftClientReply:client-54CC064C3FCE->8224e767-71c1-41fc-a01a-d172d48fd9d8@group-F6B37CC92441, cid=3346, SUCCESS, logIndex=5038, commits[8224e767-71c1-41fc-a01a-d172d48fd9d8:c5039, 6eae0c21-01aa-4169-956f-5952b26ea7ba:c5035, 8d7dcba1-3b82-4d94-a832-514ef5c79cf8:c5034]
2019-08-21 02:17:40,213 | INFO  | DNAudit | user=null | ip=null | op=WRITE_CHUNK {blockData=conID: 3 locID: 102652566581150374 bcsId: 0} | ret=SUCCESS |  
2019-08-21 02:17:40,214 | INFO  | DNAudit | user=null | ip=null | op=PUT_BLOCK {blockData=[blockId=conID: 3 locID: 102652566581150374 bcsId: 0,size=1048576]} | ret=SUCCESS |  
2019-08-21 02:17:40,214 | INFO  | DNAudit | user=null | ip=null | op=WRITE_CHUNK {blockData=conID: 3 locID: 102652566581150374 bcsId: 0} | ret=SUCCESS |  
2019-08-21 02:17:40,214 | INFO  | DNAudit | user=null | ip=null | op=PUT_BLOCK {blockData=[blockId=conID: 3 locID: 102652566581150374 bcsId: 0,size=2097152]} | ret=SUCCESS |  
2019-08-21 02:17:40,224 | INFO  | DNAudit | user=null | ip=null | op=PUT_BLOCK {blockData=[blockId=conID: 3 locID: 102652566581150374 bcsId: 0,size=1048576]} | ret=SUCCESS |  
2019-08-21 02:17:40,224 | INFO  | DNAudit | user=null | ip=null | op=WRITE_CHUNK {blockData=conID: 3 locID: 102652566581150374 bcsId: 0} | ret=SUCCESS |  
2019-08-21 02:17:40,224 | INFO  | DNAudit | user=null | ip=null | op=PUT_BLOCK {blockData=[blockId=conID: 3 locID: 102652566581150374 bcsId: 0,size=2097152]} | ret=SUCCESS |  
2019-08-21 02:17:40,224 [grpc-default-executor-0] INFO  client.GrpcClientProtocolClient (GrpcClientProtocolClient.java:onNext(255)) - client-54CC064C3FCE->8224e767-71c1-41fc-a01a-d172d48fd9d8: receive RaftClientReply:client-54CC064C3FCE->8224e767-71c1-41fc-a01a-d172d48fd9d8@group-F6B37CC92441, cid=3347, SUCCESS, logIndex=0, commits[8224e767-71c1-41fc-a01a-d172d48fd9d8:c5042, 6eae0c21-01aa-4169-956f-5952b26ea7ba:c5036, 8d7dcba1-3b82-4d94-a832-514ef5c79cf8:c5038]
2019-08-21 02:17:40,233 | INFO  | DNAudit | user=null | ip=null | op=WRITE_CHUNK {blockData=conID: 3 locID: 102652566581150374 bcsId: 5038} | ret=SUCCESS |  
2019-08-21 02:17:40,235 | INFO  | DNAudit | user=null | ip=null | op=WRITE_CHUNK {blockData=conID: 3 locID: 102652566581150374 bcsId: 5038} | ret=SUCCESS |  
2019-08-21 02:17:40,235 | INFO  | DNAudit | user=null | ip=null | op=WRITE_CHUNK {blockData=conID: 3 locID: 102652566581150374 bcsId: 5038} | ret=SUCCESS |  
2019-08-21 02:17:40,248 | INFO  | DNAudit | user=null | ip=null | op=WRITE_CHUNK {blockData=conID: 3 locID: 102652566581150374 bcsId: 5038} | ret=SUCCESS |  
2019-08-21 02:17:40,248 | INFO  | DNAudit | user=null | ip=null | op=PUT_BLOCK {blockData=[blockId=conID: 3 locID: 102652566581150374 bcsId: 0,size=3145728]} | ret=SUCCESS |  
2019-08-21 02:17:40,249 [grpc-default-executor-4] INFO  client.GrpcClientProtocolClient (GrpcClientProtocolClient.java:onNext(255)) - client-54CC064C3FCE->8224e767-71c1-41fc-a01a-d172d48fd9d8: receive RaftClientReply:client-54CC064C3FCE->8224e767-71c1-41fc-a01a-d172d48fd9d8@group-F6B37CC92441, cid=3348, SUCCESS, logIndex=5043, commits[8224e767-71c1-41fc-a01a-d172d48fd9d8:c5044, 6eae0c21-01aa-4169-956f-5952b26ea7ba:c5042, 8d7dcba1-3b82-4d94-a832-514ef5c79cf8:c5042]
2019-08-21 02:17:40,249 [grpc-default-executor-4] INFO  client.GrpcClientProtocolClient (GrpcClientProtocolClient.java:onNext(255)) - client-54CC064C3FCE->8224e767-71c1-41fc-a01a-d172d48fd9d8: receive RaftClientReply:client-54CC064C3FCE->8224e767-71c1-41fc-a01a-d172d48fd9d8@group-F6B37CC92441, cid=3349, SUCCESS, logIndex=5044, commits[8224e767-71c1-41fc-a01a-d172d48fd9d8:c5044, 6eae0c21-01aa-4169-956f-5952b26ea7ba:c5042, 8d7dcba1-3b82-4d94-a832-514ef5c79cf8:c5042]
2019-08-21 02:17:40,258 | INFO  | DNAudit | user=null | ip=null | op=WRITE_CHUNK {blockData=conID: 3 locID: 102652566581150374 bcsId: 5044} | ret=SUCCESS |  
2019-08-21 02:17:40,259 | INFO  | DNAudit | user=null | ip=null | op=WRITE_CHUNK {blockData=conID: 3 locID: 102652566581150374 bcsId: 5044} | ret=SUCCESS |  
2019-08-21 02:17:40,260 | INFO  | DNAudit | user=null | ip=null | op=WRITE_CHUNK {blockData=conID: 3 locID: 102652566581150374 bcsId: 5044} | ret=SUCCESS |  
2019-08-21 02:17:40,261 | INFO  | DNAudit | user=null | ip=null | op=WRITE_CHUNK {blockData=conID: 3 locID: 102652566581150374 bcsId: 5038} | ret=SUCCESS |  
2019-08-21 02:17:40,261 | INFO  | DNAudit | user=null | ip=null | op=WRITE_CHUNK {blockData=conID: 3 locID: 102652566581150374 bcsId: 5038} | ret=SUCCESS |  
2019-08-21 02:17:40,261 | INFO  | DNAudit | user=null | ip=null | op=PUT_BLOCK {blockData=[blockId=conID: 3 locID: 102652566581150374 bcsId: 0,size=3145728]} | ret=SUCCESS |  
2019-08-21 02:17:40,261 | INFO  | DNAudit | user=null | ip=null | op=PUT_BLOCK {blockData=[blockId=conID: 3 locID: 102652566581150374 bcsId: 0,size=3145728]} | ret=SUCCESS |  
2019-08-21 02:17:40,275 | INFO  | DNAudit | user=null | ip=null | op=WRITE_CHUNK {blockData=conID: 3 locID: 102652566581150374 bcsId: 5044} | ret=SUCCESS |  
2019-08-21 02:17:40,276 | INFO  | DNAudit | user=null | ip=null | op=PUT_BLOCK {blockData=[blockId=conID: 3 locID: 102652566581150374 bcsId: 0,size=4194304]} | ret=SUCCESS |  
2019-08-21 02:17:40,276 [grpc-default-executor-0] INFO  client.GrpcClientProtocolClient (GrpcClientProtocolClient.java:onNext(255)) - client-54CC064C3FCE->8224e767-71c1-41fc-a01a-d172d48fd9d8: receive RaftClientReply:client-54CC064C3FCE->8224e767-71c1-41fc-a01a-d172d48fd9d8@group-F6B37CC92441, cid=3350, SUCCESS, logIndex=5047, commits[8224e767-71c1-41fc-a01a-d172d48fd9d8:c5048, 6eae0c21-01aa-4169-956f-5952b26ea7ba:c5044, 8d7dcba1-3b82-4d94-a832-514ef5c79cf8:c5044]
2019-08-21 02:17:40,276 [grpc-default-executor-0] INFO  client.GrpcClientProtocolClient (GrpcClientProtocolClient.java:onNext(255)) - client-54CC064C3FCE->8224e767-71c1-41fc-a01a-d172d48fd9d8: receive RaftClientReply:client-54CC064C3FCE->8224e767-71c1-41fc-a01a-d172d48fd9d8@group-F6B37CC92441, cid=3351, SUCCESS, logIndex=5048, commits[8224e767-71c1-41fc-a01a-d172d48fd9d8:c5048, 6eae0c21-01aa-4169-956f-5952b26ea7ba:c5044, 8d7dcba1-3b82-4d94-a832-514ef5c79cf8:c5044]
2019-08-21 02:17:40,288 | INFO  | DNAudit | user=null | ip=null | op=WRITE_CHUNK {blockData=conID: 3 locID: 102652566581150374 bcsId: 5044} | ret=SUCCESS |  
2019-08-21 02:17:40,288 | INFO  | DNAudit | user=null | ip=null | op=WRITE_CHUNK {blockData=conID: 3 locID: 102652566581150374 bcsId: 5044} | ret=SUCCESS |  
2019-08-21 02:17:40,288 | INFO  | DNAudit | user=null | ip=null | op=PUT_BLOCK {blockData=[blockId=conID: 3 locID: 102652566581150374 bcsId: 0,size=4194304]} | ret=SUCCESS |  
2019-08-21 02:17:40,288 | INFO  | DNAudit | user=null | ip=null | op=PUT_BLOCK {blockData=[blockId=conID: 3 locID: 102652566581150374 bcsId: 0,size=4194304]} | ret=SUCCESS |  
2019-08-21 02:17:40,289 [grpc-default-executor-0] INFO  client.GrpcClientProtocolClient (GrpcClientProtocolClient.java:onNext(255)) - client-54CC064C3FCE->8224e767-71c1-41fc-a01a-d172d48fd9d8: receive RaftClientReply:client-54CC064C3FCE->8224e767-71c1-41fc-a01a-d172d48fd9d8@group-F6B37CC92441, cid=3352, SUCCESS, logIndex=0, commits[8224e767-71c1-41fc-a01a-d172d48fd9d8:c5049, 6eae0c21-01aa-4169-956f-5952b26ea7ba:c5048, 8d7dcba1-3b82-4d94-a832-514ef5c79cf8:c5048]
2019-08-21 02:17:40,301 | INFO  | SCMAudit | user=jenkins1000 | ip=192.168.34.10 | op=ALLOCATE_BLOCK {owner=b6f66289-f2a0-4058-b052-0a85e40df67b, size=4194304, type=RATIS, factor=THREE} | ret=SUCCESS |  
2019-08-21 02:17:40,307 | INFO  | OMAudit | user=jenkins1000 | ip=127.0.0.1 | op=ALLOCATE_BLOCK {volume=vol-0-90982, bucket=bucket-0-24269, key=key-0-81262, dataSize=0, replicationType=null, replicationFactor=null, keyLocationInfo=null, clientID=102652564580991378} | ret=SUCCESS |  
2019-08-21 02:17:40,315 | INFO  | DNAudit | user=null | ip=null | op=WRITE_CHUNK {blockData=conID: 1 locID: 102652566588687015 bcsId: 0} | ret=SUCCESS |  
2019-08-21 02:17:40,316 | INFO  | DNAudit | user=null | ip=null | op=WRITE_CHUNK {blockData=conID: 1 locID: 102652566588687015 bcsId: 0} | ret=SUCCESS |  
2019-08-21 02:17:40,317 | INFO  | DNAudit | user=null | ip=null | op=WRITE_CHUNK {blockData=conID: 1 locID: 102652566588687015 bcsId: 0} | ret=SUCCESS |  
2019-08-21 02:17:40,318 | INFO  | DNAudit | user=null | ip=null | op=WRITE_CHUNK {blockData=conID: 1 locID: 102652566588687015 bcsId: 0} | ret=SUCCESS |  
2019-08-21 02:17:40,319 | INFO  | DNAudit | user=null | ip=null | op=WRITE_CHUNK {blockData=conID: 1 locID: 102652566588687015 bcsId: 0} | ret=SUCCESS |  
2019-08-21 02:17:40,319 | INFO  | DNAudit | user=null | ip=null | op=WRITE_CHUNK {blockData=conID: 1 locID: 102652566588687015 bcsId: 0} | ret=SUCCESS |  
2019-08-21 02:17:40,345 | INFO  | DNAudit | user=null | ip=null | op=WRITE_CHUNK {blockData=conID: 1 locID: 102652566588687015 bcsId: 0} | ret=SUCCESS |  
2019-08-21 02:17:40,346 | INFO  | DNAudit | user=null | ip=null | op=PUT_BLOCK {blockData=[blockId=conID: 1 locID: 102652566588687015 bcsId: 0,size=1048576]} | ret=SUCCESS |  
2019-08-21 02:17:40,346 [grpc-default-executor-1] INFO  client.GrpcClientProtocolClient (GrpcClientProtocolClient.java:onNext(255)) - client-54CC064C3FCE->8224e767-71c1-41fc-a01a-d172d48fd9d8: receive RaftClientReply:client-54CC064C3FCE->8224e767-71c1-41fc-a01a-d172d48fd9d8@group-F6B37CC92441, cid=3353, SUCCESS, logIndex=5051, commits[8224e767-71c1-41fc-a01a-d172d48fd9d8:c5054, 6eae0c21-01aa-4169-956f-5952b26ea7ba:c5050, 8d7dcba1-3b82-4d94-a832-514ef5c79cf8:c5050]
2019-08-21 02:17:40,346 | INFO  | DNAudit | user=null | ip=null | op=WRITE_CHUNK {blockData=conID: 1 locID: 102652566588687015 bcsId: 0} | ret=SUCCESS |  
2019-08-21 02:17:40,346 [grpc-default-executor-1] INFO  client.GrpcClientProtocolClient (GrpcClientProtocolClient.java:onNext(255)) - client-54CC064C3FCE->8224e767-71c1-41fc-a01a-d172d48fd9d8: receive RaftClientReply:client-54CC064C3FCE->8224e767-71c1-41fc-a01a-d172d48fd9d8@group-F6B37CC92441, cid=3354, SUCCESS, logIndex=5052, commits[8224e767-71c1-41fc-a01a-d172d48fd9d8:c5054, 6eae0c21-01aa-4169-956f-5952b26ea7ba:c5050, 8d7dcba1-3b82-4d94-a832-514ef5c79cf8:c5050]
2019-08-21 02:17:40,347 | INFO  | DNAudit | user=null | ip=null | op=PUT_BLOCK {blockData=[blockId=conID: 1 locID: 102652566588687015 bcsId: 0,size=2097152]} | ret=SUCCESS |  
2019-08-21 02:17:40,347 [grpc-default-executor-1] INFO  client.GrpcClientProtocolClient (GrpcClientProtocolClient.java:onNext(255)) - client-54CC064C3FCE->8224e767-71c1-41fc-a01a-d172d48fd9d8: receive RaftClientReply:client-54CC064C3FCE->8224e767-71c1-41fc-a01a-d172d48fd9d8@group-F6B37CC92441, cid=3355, SUCCESS, logIndex=5053, commits[8224e767-71c1-41fc-a01a-d172d48fd9d8:c5054, 6eae0c21-01aa-4169-956f-5952b26ea7ba:c5050, 8d7dcba1-3b82-4d94-a832-514ef5c79cf8:c5050]
2019-08-21 02:17:40,347 [grpc-default-executor-1] INFO  client.GrpcClientProtocolClient (GrpcClientProtocolClient.java:onNext(255)) - client-54CC064C3FCE->8224e767-71c1-41fc-a01a-d172d48fd9d8: receive RaftClientReply:client-54CC064C3FCE->8224e767-71c1-41fc-a01a-d172d48fd9d8@group-F6B37CC92441, cid=3356, SUCCESS, logIndex=5054, commits[8224e767-71c1-41fc-a01a-d172d48fd9d8:c5054, 6eae0c21-01aa-4169-956f-5952b26ea7ba:c5050, 8d7dcba1-3b82-4d94-a832-514ef5c79cf8:c5050]
2019-08-21 02:17:40,356 | INFO  | DNAudit | user=null | ip=null | op=WRITE_CHUNK {blockData=conID: 1 locID: 102652566588687015 bcsId: 0} | ret=SUCCESS |  
2019-08-21 02:17:40,356 | INFO  | DNAudit | user=null | ip=null | op=WRITE_CHUNK {blockData=conID: 1 locID: 102652566588687015 bcsId: 0} | ret=SUCCESS |  
2019-08-21 02:17:40,357 | INFO  | DNAudit | user=null | ip=null | op=PUT_BLOCK {blockData=[blockId=conID: 1 locID: 102652566588687015 bcsId: 0,size=1048576]} | ret=SUCCESS |  
2019-08-21 02:17:40,357 | INFO  | DNAudit | user=null | ip=null | op=PUT_BLOCK {blockData=[blockId=conID: 1 locID: 102652566588687015 bcsId: 0,size=1048576]} | ret=SUCCESS |  
2019-08-21 02:17:40,357 [grpc-default-executor-0] INFO  client.GrpcClientProtocolClient (GrpcClientProtocolClient.java:onNext(255)) - client-54CC064C3FCE->8224e767-71c1-41fc-a01a-d172d48fd9d8: receive RaftClientReply:client-54CC064C3FCE->8224e767-71c1-41fc-a01a-d172d48fd9d8@group-F6B37CC92441, cid=3357, SUCCESS, logIndex=0, commits[8224e767-71c1-41fc-a01a-d172d48fd9d8:c5055, 6eae0c21-01aa-4169-956f-5952b26ea7ba:c5052, 8d7dcba1-3b82-4d94-a832-514ef5c79cf8:c5052]
2019-08-21 02:17:40,357 | INFO  | DNAudit | user=null | ip=null | op=WRITE_CHUNK {blockData=conID: 1 locID: 102652566588687015 bcsId: 0} | ret=SUCCESS |  
2019-08-21 02:17:40,358 | INFO  | DNAudit | user=null | ip=null | op=PUT_BLOCK {blockData=[blockId=conID: 1 locID: 102652566588687015 bcsId: 0,size=2097152]} | ret=SUCCESS |  
2019-08-21 02:17:40,358 | INFO  | DNAudit | user=null | ip=null | op=WRITE_CHUNK {blockData=conID: 1 locID: 102652566588687015 bcsId: 0} | ret=SUCCESS |  
2019-08-21 02:17:40,358 | INFO  | DNAudit | user=null | ip=null | op=PUT_BLOCK {blockData=[blockId=conID: 1 locID: 102652566588687015 bcsId: 0,size=2097152]} | ret=SUCCESS |  
2019-08-21 02:17:40,365 | INFO  | DNAudit | user=null | ip=null | op=WRITE_CHUNK {blockData=conID: 1 locID: 102652566588687015 bcsId: 5054} | ret=SUCCESS |  
2019-08-21 02:17:40,367 | INFO  | DNAudit | user=null | ip=null | op=WRITE_CHUNK {blockData=conID: 1 locID: 102652566588687015 bcsId: 5054} | ret=SUCCESS |  
2019-08-21 02:17:40,367 | INFO  | DNAudit | user=null | ip=null | op=WRITE_CHUNK {blockData=conID: 1 locID: 102652566588687015 bcsId: 5054} | ret=SUCCESS |  
2019-08-21 02:17:40,378 | INFO  | DNAudit | user=null | ip=null | op=WRITE_CHUNK {blockData=conID: 1 locID: 102652566588687015 bcsId: 5054} | ret=SUCCESS |  
2019-08-21 02:17:40,379 | INFO  | DNAudit | user=null | ip=null | op=PUT_BLOCK {blockData=[blockId=conID: 1 locID: 102652566588687015 bcsId: 0,size=3145728]} | ret=SUCCESS |  
2019-08-21 02:17:40,379 [grpc-default-executor-0] INFO  client.GrpcClientProtocolClient (GrpcClientProtocolClient.java:onNext(255)) - client-54CC064C3FCE->8224e767-71c1-41fc-a01a-d172d48fd9d8: receive RaftClientReply:client-54CC064C3FCE->8224e767-71c1-41fc-a01a-d172d48fd9d8@group-F6B37CC92441, cid=3358, SUCCESS, logIndex=5059, commits[8224e767-71c1-41fc-a01a-d172d48fd9d8:c5060, 6eae0c21-01aa-4169-956f-5952b26ea7ba:c5058, 8d7dcba1-3b82-4d94-a832-514ef5c79cf8:c5058]
2019-08-21 02:17:40,380 [grpc-default-executor-0] INFO  client.GrpcClientProtocolClient (GrpcClientProtocolClient.java:onNext(255)) - client-54CC064C3FCE->8224e767-71c1-41fc-a01a-d172d48fd9d8: receive RaftClientReply:client-54CC064C3FCE->8224e767-71c1-41fc-a01a-d172d48fd9d8@group-F6B37CC92441, cid=3359, SUCCESS, logIndex=5060, commits[8224e767-71c1-41fc-a01a-d172d48fd9d8:c5060, 6eae0c21-01aa-4169-956f-5952b26ea7ba:c5058, 8d7dcba1-3b82-4d94-a832-514ef5c79cf8:c5058]
2019-08-21 02:17:40,388 | INFO  | DNAudit | user=null | ip=null | op=WRITE_CHUNK {blockData=conID: 1 locID: 102652566588687015 bcsId: 5060} | ret=SUCCESS |  
2019-08-21 02:17:40,389 | INFO  | DNAudit | user=null | ip=null | op=WRITE_CHUNK {blockData=conID: 1 locID: 102652566588687015 bcsId: 5060} | ret=SUCCESS |  
2019-08-21 02:17:40,390 | INFO  | DNAudit | user=null | ip=null | op=WRITE_CHUNK {blockData=conID: 1 locID: 102652566588687015 bcsId: 5054} | ret=SUCCESS |  
2019-08-21 02:17:40,390 | INFO  | DNAudit | user=null | ip=null | op=WRITE_CHUNK {blockData=conID: 1 locID: 102652566588687015 bcsId: 5054} | ret=SUCCESS |  
2019-08-21 02:17:40,390 | INFO  | DNAudit | user=null | ip=null | op=WRITE_CHUNK {blockData=conID: 1 locID: 102652566588687015 bcsId: 5060} | ret=SUCCESS |  
2019-08-21 02:17:40,391 | INFO  | DNAudit | user=null | ip=null | op=PUT_BLOCK {blockData=[blockId=conID: 1 locID: 102652566588687015 bcsId: 0,size=3145728]} | ret=SUCCESS |  
2019-08-21 02:17:40,392 | INFO  | DNAudit | user=null | ip=null | op=PUT_BLOCK {blockData=[blockId=conID: 1 locID: 102652566588687015 bcsId: 0,size=3145728]} | ret=SUCCESS |  
2019-08-21 02:17:40,392 | INFO  | DNAudit | user=null | ip=null | op=WRITE_CHUNK {blockData=conID: 1 locID: 102652566588687015 bcsId: 5060} | ret=SUCCESS |  
2019-08-21 02:17:40,393 | INFO  | DNAudit | user=null | ip=null | op=PUT_BLOCK {blockData=[blockId=conID: 1 locID: 102652566588687015 bcsId: 0,size=4194304]} | ret=SUCCESS |  
2019-08-21 02:17:40,393 [grpc-default-executor-0] INFO  client.GrpcClientProtocolClient (GrpcClientProtocolClient.java:onNext(255)) - client-54CC064C3FCE->8224e767-71c1-41fc-a01a-d172d48fd9d8: receive RaftClientReply:client-54CC064C3FCE->8224e767-71c1-41fc-a01a-d172d48fd9d8@group-F6B37CC92441, cid=3360, SUCCESS, logIndex=5063, commits[8224e767-71c1-41fc-a01a-d172d48fd9d8:c5064, 6eae0c21-01aa-4169-956f-5952b26ea7ba:c5060, 8d7dcba1-3b82-4d94-a832-514ef5c79cf8:c5060]
2019-08-21 02:17:40,393 [grpc-default-executor-0] INFO  client.GrpcClientProtocolClient (GrpcClientProtocolClient.java:onNext(255)) - client-54CC064C3FCE->8224e767-71c1-41fc-a01a-d172d48fd9d8: receive RaftClientReply:client-54CC064C3FCE->8224e767-71c1-41fc-a01a-d172d48fd9d8@group-F6B37CC92441, cid=3361, SUCCESS, logIndex=5064, commits[8224e767-71c1-41fc-a01a-d172d48fd9d8:c5064, 6eae0c21-01aa-4169-956f-5952b26ea7ba:c5060, 8d7dcba1-3b82-4d94-a832-514ef5c79cf8:c5060]
2019-08-21 02:17:40,404 | INFO  | DNAudit | user=null | ip=null | op=WRITE_CHUNK {blockData=conID: 1 locID: 102652566588687015 bcsId: 5060} | ret=SUCCESS |  
2019-08-21 02:17:40,404 | INFO  | DNAudit | user=null | ip=null | op=WRITE_CHUNK {blockData=conID: 1 locID: 102652566588687015 bcsId: 5060} | ret=SUCCESS |  
2019-08-21 02:17:40,407 | INFO  | DNAudit | user=null | ip=null | op=PUT_BLOCK {blockData=[blockId=conID: 1 locID: 102652566588687015 bcsId: 0,size=4194304]} | ret=SUCCESS |  
2019-08-21 02:17:40,407 | INFO  | DNAudit | user=null | ip=null | op=PUT_BLOCK {blockData=[blockId=conID: 1 locID: 102652566588687015 bcsId: 0,size=4194304]} | ret=SUCCESS |  
2019-08-21 02:17:40,407 [grpc-default-executor-0] INFO  client.GrpcClientProtocolClient (GrpcClientProtocolClient.java:onNext(255)) - client-54CC064C3FCE->8224e767-71c1-41fc-a01a-d172d48fd9d8: receive RaftClientReply:client-54CC064C3FCE->8224e767-71c1-41fc-a01a-d172d48fd9d8@group-F6B37CC92441, cid=3362, SUCCESS, logIndex=0, commits[8224e767-71c1-41fc-a01a-d172d48fd9d8:c5066, 6eae0c21-01aa-4169-956f-5952b26ea7ba:c5064, 8d7dcba1-3b82-4d94-a832-514ef5c79cf8:c5064]
2019-08-21 02:17:40,413 | INFO  | SCMAudit | user=jenkins1000 | ip=192.168.34.10 | op=ALLOCATE_BLOCK {owner=b6f66289-f2a0-4058-b052-0a85e40df67b, size=4194304, type=RATIS, factor=THREE} | ret=SUCCESS |  
2019-08-21 02:17:40,417 | INFO  | OMAudit | user=jenkins1000 | ip=127.0.0.1 | op=ALLOCATE_BLOCK {volume=vol-0-90982, bucket=bucket-0-24269, key=key-0-81262, dataSize=0, replicationType=null, replicationFactor=null, keyLocationInfo=null, clientID=102652564580991378} | ret=SUCCESS |  
2019-08-21 02:17:40,426 | INFO  | DNAudit | user=null | ip=null | op=WRITE_CHUNK {blockData=conID: 2 locID: 102652566596027048 bcsId: 0} | ret=SUCCESS |  
2019-08-21 02:17:40,431 | INFO  | DNAudit | user=null | ip=null | op=WRITE_CHUNK {blockData=conID: 2 locID: 102652566596027048 bcsId: 0} | ret=SUCCESS |  
2019-08-21 02:17:40,432 | INFO  | DNAudit | user=null | ip=null | op=WRITE_CHUNK {blockData=conID: 2 locID: 102652566596027048 bcsId: 0} | ret=SUCCESS |  
2019-08-21 02:17:40,433 | INFO  | DNAudit | user=null | ip=null | op=WRITE_CHUNK {blockData=conID: 2 locID: 102652566596027048 bcsId: 0} | ret=SUCCESS |  
2019-08-21 02:17:40,436 | INFO  | DNAudit | user=null | ip=null | op=WRITE_CHUNK {blockData=conID: 2 locID: 102652566596027048 bcsId: 0} | ret=SUCCESS |  
2019-08-21 02:17:40,437 | INFO  | DNAudit | user=null | ip=null | op=WRITE_CHUNK {blockData=conID: 2 locID: 102652566596027048 bcsId: 0} | ret=SUCCESS |  
2019-08-21 02:17:40,439 | INFO  | DNAudit | user=null | ip=null | op=WRITE_CHUNK {blockData=conID: 2 locID: 102652566596027048 bcsId: 0} | ret=SUCCESS |  
2019-08-21 02:17:40,440 | INFO  | DNAudit | user=null | ip=null | op=PUT_BLOCK {blockData=[blockId=conID: 2 locID: 102652566596027048 bcsId: 0,size=1048576]} | ret=SUCCESS |  
2019-08-21 02:17:40,440 [grpc-default-executor-4] INFO  client.GrpcClientProtocolClient (GrpcClientProtocolClient.java:onNext(255)) - client-54CC064C3FCE->8224e767-71c1-41fc-a01a-d172d48fd9d8: receive RaftClientReply:client-54CC064C3FCE->8224e767-71c1-41fc-a01a-d172d48fd9d8@group-F6B37CC92441, cid=3363, SUCCESS, logIndex=5067, commits[8224e767-71c1-41fc-a01a-d172d48fd9d8:c5068, 6eae0c21-01aa-4169-956f-5952b26ea7ba:c5066, 8d7dcba1-3b82-4d94-a832-514ef5c79cf8:c5066]
2019-08-21 02:17:40,441 [grpc-default-executor-4] INFO  client.GrpcClientProtocolClient (GrpcClientProtocolClient.java:onNext(255)) - client-54CC064C3FCE->8224e767-71c1-41fc-a01a-d172d48fd9d8: receive RaftClientReply:client-54CC064C3FCE->8224e767-71c1-41fc-a01a-d172d48fd9d8@group-F6B37CC92441, cid=3364, SUCCESS, logIndex=5068, commits[8224e767-71c1-41fc-a01a-d172d48fd9d8:c5068, 6eae0c21-01aa-4169-956f-5952b26ea7ba:c5066, 8d7dcba1-3b82-4d94-a832-514ef5c79cf8:c5066]
2019-08-21 02:17:40,450 | INFO  | DNAudit | user=null | ip=null | op=WRITE_CHUNK {blockData=conID: 2 locID: 102652566596027048 bcsId: 0} | ret=SUCCESS |  
2019-08-21 02:17:40,451 | INFO  | DNAudit | user=null | ip=null | op=PUT_BLOCK {blockData=[blockId=conID: 2 locID: 102652566596027048 bcsId: 0,size=2097152]} | ret=SUCCESS |  
2019-08-21 02:17:40,451 [grpc-default-executor-4] INFO  client.GrpcClientProtocolClient (GrpcClientProtocolClient.java:onNext(255)) - client-54CC064C3FCE->8224e767-71c1-41fc-a01a-d172d48fd9d8: receive RaftClientReply:client-54CC064C3FCE->8224e767-71c1-41fc-a01a-d172d48fd9d8@group-F6B37CC92441, cid=3365, SUCCESS, logIndex=5069, commits[8224e767-71c1-41fc-a01a-d172d48fd9d8:c5070, 6eae0c21-01aa-4169-956f-5952b26ea7ba:c5066, 8d7dcba1-3b82-4d94-a832-514ef5c79cf8:c5066]
2019-08-21 02:17:40,452 [grpc-default-executor-4] INFO  client.GrpcClientProtocolClient (GrpcClientProtocolClient.java:onNext(255)) - client-54CC064C3FCE->8224e767-71c1-41fc-a01a-d172d48fd9d8: receive RaftClientReply:client-54CC064C3FCE->8224e767-71c1-41fc-a01a-d172d48fd9d8@group-F6B37CC92441, cid=3366, SUCCESS, logIndex=5070, commits[8224e767-71c1-41fc-a01a-d172d48fd9d8:c5070, 6eae0c21-01aa-4169-956f-5952b26ea7ba:c5066, 8d7dcba1-3b82-4d94-a832-514ef5c79cf8:c5066]
2019-08-21 02:17:40,463 | INFO  | DNAudit | user=null | ip=null | op=WRITE_CHUNK {blockData=conID: 2 locID: 102652566596027048 bcsId: 0} | ret=SUCCESS |  
2019-08-21 02:17:40,463 | INFO  | DNAudit | user=null | ip=null | op=PUT_BLOCK {blockData=[blockId=conID: 2 locID: 102652566596027048 bcsId: 0,size=1048576]} | ret=SUCCESS |  
2019-08-21 02:17:40,473 | INFO  | DNAudit | user=null | ip=null | op=WRITE_CHUNK {blockData=conID: 2 locID: 102652566596027048 bcsId: 0} | ret=SUCCESS |  
2019-08-21 02:17:40,474 | INFO  | DNAudit | user=null | ip=null | op=PUT_BLOCK {blockData=[blockId=conID: 2 locID: 102652566596027048 bcsId: 0,size=1048576]} | ret=SUCCESS |  
2019-08-21 02:17:40,474 | INFO  | DNAudit | user=null | ip=null | op=WRITE_CHUNK {blockData=conID: 2 locID: 102652566596027048 bcsId: 0} | ret=SUCCESS |  
2019-08-21 02:17:40,474 | INFO  | DNAudit | user=null | ip=null | op=PUT_BLOCK {blockData=[blockId=conID: 2 locID: 102652566596027048 bcsId: 0,size=2097152]} | ret=SUCCESS |  
2019-08-21 02:17:40,475 | INFO  | DNAudit | user=null | ip=null | op=WRITE_CHUNK {blockData=conID: 2 locID: 102652566596027048 bcsId: 0} | ret=SUCCESS |  
2019-08-21 02:17:40,475 [grpc-default-executor-4] INFO  client.GrpcClientProtocolClient (GrpcClientProtocolClient.java:onNext(255)) - client-54CC064C3FCE->8224e767-71c1-41fc-a01a-d172d48fd9d8: receive RaftClientReply:client-54CC064C3FCE->8224e767-71c1-41fc-a01a-d172d48fd9d8@group-F6B37CC92441, cid=3367, SUCCESS, logIndex=0, commits[8224e767-71c1-41fc-a01a-d172d48fd9d8:c5071, 6eae0c21-01aa-4169-956f-5952b26ea7ba:c5068, 8d7dcba1-3b82-4d94-a832-514ef5c79cf8:c5068]
2019-08-21 02:17:40,476 | INFO  | DNAudit | user=null | ip=null | op=PUT_BLOCK {blockData=[blockId=conID: 2 locID: 102652566596027048 bcsId: 0,size=2097152]} | ret=SUCCESS |  
2019-08-21 02:17:40,486 | INFO  | DNAudit | user=null | ip=null | op=WRITE_CHUNK {blockData=conID: 2 locID: 102652566596027048 bcsId: 5070} | ret=SUCCESS |  
2019-08-21 02:17:40,488 | INFO  | DNAudit | user=null | ip=null | op=WRITE_CHUNK {blockData=conID: 2 locID: 102652566596027048 bcsId: 5070} | ret=SUCCESS |  
2019-08-21 02:17:40,489 | INFO  | DNAudit | user=null | ip=null | op=WRITE_CHUNK {blockData=conID: 2 locID: 102652566596027048 bcsId: 5070} | ret=SUCCESS |  
2019-08-21 02:17:40,500 | INFO  | DNAudit | user=null | ip=null | op=WRITE_CHUNK {blockData=conID: 2 locID: 102652566596027048 bcsId: 5070} | ret=SUCCESS |  
2019-08-21 02:17:40,501 | INFO  | DNAudit | user=null | ip=null | op=PUT_BLOCK {blockData=[blockId=conID: 2 locID: 102652566596027048 bcsId: 0,size=3145728]} | ret=SUCCESS |  
2019-08-21 02:17:40,501 [grpc-default-executor-4] INFO  client.GrpcClientProtocolClient (GrpcClientProtocolClient.java:onNext(255)) - client-54CC064C3FCE->8224e767-71c1-41fc-a01a-d172d48fd9d8: receive RaftClientReply:client-54CC064C3FCE->8224e767-71c1-41fc-a01a-d172d48fd9d8@group-F6B37CC92441, cid=3368, SUCCESS, logIndex=5075, commits[8224e767-71c1-41fc-a01a-d172d48fd9d8:c5075, 6eae0c21-01aa-4169-956f-5952b26ea7ba:c5074, 8d7dcba1-3b82-4d94-a832-514ef5c79cf8:c5070]
2019-08-21 02:17:40,501 [grpc-default-executor-4] INFO  client.GrpcClientProtocolClient (GrpcClientProtocolClient.java:onNext(255)) - client-54CC064C3FCE->8224e767-71c1-41fc-a01a-d172d48fd9d8: receive RaftClientReply:client-54CC064C3FCE->8224e767-71c1-41fc-a01a-d172d48fd9d8@group-F6B37CC92441, cid=3369, SUCCESS, logIndex=5076, commits[8224e767-71c1-41fc-a01a-d172d48fd9d8:c5076, 6eae0c21-01aa-4169-956f-5952b26ea7ba:c5074, 8d7dcba1-3b82-4d94-a832-514ef5c79cf8:c5074]
2019-08-21 02:17:40,511 | INFO  | DNAudit | user=null | ip=null | op=WRITE_CHUNK {blockData=conID: 2 locID: 102652566596027048 bcsId: 5076} | ret=SUCCESS |  
2019-08-21 02:17:40,513 | INFO  | DNAudit | user=null | ip=null | op=WRITE_CHUNK {blockData=conID: 2 locID: 102652566596027048 bcsId: 5070} | ret=SUCCESS |  
2019-08-21 02:17:40,513 | INFO  | DNAudit | user=null | ip=null | op=WRITE_CHUNK {blockData=conID: 2 locID: 102652566596027048 bcsId: 5070} | ret=SUCCESS |  
2019-08-21 02:17:40,514 | INFO  | DNAudit | user=null | ip=null | op=WRITE_CHUNK {blockData=conID: 2 locID: 102652566596027048 bcsId: 5076} | ret=SUCCESS |  
2019-08-21 02:17:40,514 | INFO  | DNAudit | user=null | ip=null | op=WRITE_CHUNK {blockData=conID: 2 locID: 102652566596027048 bcsId: 5076} | ret=SUCCESS |  
2019-08-21 02:17:40,526 | INFO  | DNAudit | user=null | ip=null | op=PUT_BLOCK {blockData=[blockId=conID: 2 locID: 102652566596027048 bcsId: 0,size=3145728]} | ret=SUCCESS |  
2019-08-21 02:17:40,526 | INFO  | DNAudit | user=null | ip=null | op=PUT_BLOCK {blockData=[blockId=conID: 2 locID: 102652566596027048 bcsId: 0,size=3145728]} | ret=SUCCESS |  
2019-08-21 02:17:40,527 | INFO  | DNAudit | user=null | ip=null | op=WRITE_CHUNK {blockData=conID: 2 locID: 102652566596027048 bcsId: 5076} | ret=SUCCESS |  
2019-08-21 02:17:40,527 | INFO  | DNAudit | user=null | ip=null | op=PUT_BLOCK {blockData=[blockId=conID: 2 locID: 102652566596027048 bcsId: 0,size=4194304]} | ret=SUCCESS |  
2019-08-21 02:17:40,528 [grpc-default-executor-1] INFO  client.GrpcClientProtocolClient (GrpcClientProtocolClient.java:onNext(255)) - client-54CC064C3FCE->8224e767-71c1-41fc-a01a-d172d48fd9d8: receive RaftClientReply:client-54CC064C3FCE->8224e767-71c1-41fc-a01a-d172d48fd9d8@group-F6B37CC92441, cid=3370, SUCCESS, logIndex=5079, commits[8224e767-71c1-41fc-a01a-d172d48fd9d8:c5080, 6eae0c21-01aa-4169-956f-5952b26ea7ba:c5076, 8d7dcba1-3b82-4d94-a832-514ef5c79cf8:c5076]
2019-08-21 02:17:40,528 [grpc-default-executor-1] INFO  client.GrpcClientProtocolClient (GrpcClientProtocolClient.java:onNext(255)) - client-54CC064C3FCE->8224e767-71c1-41fc-a01a-d172d48fd9d8: receive RaftClientReply:client-54CC064C3FCE->8224e767-71c1-41fc-a01a-d172d48fd9d8@group-F6B37CC92441, cid=3371, SUCCESS, logIndex=5080, commits[8224e767-71c1-41fc-a01a-d172d48fd9d8:c5080, 6eae0c21-01aa-4169-956f-5952b26ea7ba:c5076, 8d7dcba1-3b82-4d94-a832-514ef5c79cf8:c5076]
2019-08-21 02:17:40,540 | INFO  | DNAudit | user=null | ip=null | op=WRITE_CHUNK {blockData=conID: 2 locID: 102652566596027048 bcsId: 5076} | ret=SUCCESS |  
2019-08-21 02:17:40,540 | INFO  | DNAudit | user=null | ip=null | op=WRITE_CHUNK {blockData=conID: 2 locID: 102652566596027048 bcsId: 5076} | ret=SUCCESS |  
2019-08-21 02:17:40,550 | INFO  | DNAudit | user=null | ip=null | op=PUT_BLOCK {blockData=[blockId=conID: 2 locID: 102652566596027048 bcsId: 0,size=4194304]} | ret=SUCCESS |  
2019-08-21 02:17:40,550 | INFO  | DNAudit | user=null | ip=null | op=PUT_BLOCK {blockData=[blockId=conID: 2 locID: 102652566596027048 bcsId: 0,size=4194304]} | ret=SUCCESS |  
2019-08-21 02:17:40,552 [grpc-default-executor-1] INFO  client.GrpcClientProtocolClient (GrpcClientProtocolClient.java:onNext(255)) - client-54CC064C3FCE->8224e767-71c1-41fc-a01a-d172d48fd9d8: receive RaftClientReply:client-54CC064C3FCE->8224e767-71c1-41fc-a01a-d172d48fd9d8@group-F6B37CC92441, cid=3372, SUCCESS, logIndex=0, commits[8224e767-71c1-41fc-a01a-d172d48fd9d8:c5082, 6eae0c21-01aa-4169-956f-5952b26ea7ba:c5080, 8d7dcba1-3b82-4d94-a832-514ef5c79cf8:c5080]
2019-08-21 02:17:40,562 | INFO  | SCMAudit | user=jenkins1000 | ip=192.168.34.10 | op=ALLOCATE_BLOCK {owner=b6f66289-f2a0-4058-b052-0a85e40df67b, size=4194304, type=RATIS, factor=THREE} | ret=SUCCESS |  
2019-08-21 02:17:40,569 | INFO  | OMAudit | user=jenkins1000 | ip=127.0.0.1 | op=ALLOCATE_BLOCK {volume=vol-0-90982, bucket=bucket-0-24269, key=key-0-81262, dataSize=0, replicationType=null, replicationFactor=null, keyLocationInfo=null, clientID=102652564580991378} | ret=SUCCESS |  
2019-08-21 02:17:40,579 | INFO  | DNAudit | user=null | ip=null | op=WRITE_CHUNK {blockData=conID: 3 locID: 102652566605791913 bcsId: 0} | ret=SUCCESS |  
2019-08-21 02:17:40,581 | INFO  | DNAudit | user=null | ip=null | op=WRITE_CHUNK {blockData=conID: 3 locID: 102652566605791913 bcsId: 0} | ret=SUCCESS |  
2019-08-21 02:17:40,582 | INFO  | DNAudit | user=null | ip=null | op=WRITE_CHUNK {blockData=conID: 3 locID: 102652566605791913 bcsId: 0} | ret=SUCCESS |  
2019-08-21 02:17:40,583 | INFO  | DNAudit | user=null | ip=null | op=WRITE_CHUNK {blockData=conID: 3 locID: 102652566605791913 bcsId: 0} | ret=SUCCESS |  
2019-08-21 02:17:40,585 | INFO  | DNAudit | user=null | ip=null | op=WRITE_CHUNK {blockData=conID: 3 locID: 102652566605791913 bcsId: 0} | ret=SUCCESS |  
2019-08-21 02:17:40,586 | INFO  | DNAudit | user=null | ip=null | op=WRITE_CHUNK {blockData=conID: 3 locID: 102652566605791913 bcsId: 0} | ret=SUCCESS |  
2019-08-21 02:17:40,590 | INFO  | DNAudit | user=null | ip=null | op=WRITE_CHUNK {blockData=conID: 3 locID: 102652566605791913 bcsId: 0} | ret=SUCCESS |  
2019-08-21 02:17:40,592 | INFO  | DNAudit | user=null | ip=null | op=PUT_BLOCK {blockData=[blockId=conID: 3 locID: 102652566605791913 bcsId: 0,size=1048576]} | ret=SUCCESS |  
2019-08-21 02:17:40,592 | INFO  | DNAudit | user=null | ip=null | op=WRITE_CHUNK {blockData=conID: 3 locID: 102652566605791913 bcsId: 0} | ret=SUCCESS |  
2019-08-21 02:17:40,592 | INFO  | DNAudit | user=null | ip=null | op=WRITE_CHUNK {blockData=conID: 3 locID: 102652566605791913 bcsId: 0} | ret=SUCCESS |  
2019-08-21 02:17:40,592 [grpc-default-executor-1] INFO  client.GrpcClientProtocolClient (GrpcClientProtocolClient.java:onNext(255)) - client-54CC064C3FCE->8224e767-71c1-41fc-a01a-d172d48fd9d8: receive RaftClientReply:client-54CC064C3FCE->8224e767-71c1-41fc-a01a-d172d48fd9d8@group-F6B37CC92441, cid=3373, SUCCESS, logIndex=5083, commits[8224e767-71c1-41fc-a01a-d172d48fd9d8:c5083, 6eae0c21-01aa-4169-956f-5952b26ea7ba:c5082, 8d7dcba1-3b82-4d94-a832-514ef5c79cf8:c5080]
2019-08-21 02:17:40,593 | INFO  | DNAudit | user=null | ip=null | op=PUT_BLOCK {blockData=[blockId=conID: 3 locID: 102652566605791913 bcsId: 0,size=2097152]} | ret=SUCCESS |  
2019-08-21 02:17:40,594 [grpc-default-executor-1] INFO  client.GrpcClientProtocolClient (GrpcClientProtocolClient.java:onNext(255)) - client-54CC064C3FCE->8224e767-71c1-41fc-a01a-d172d48fd9d8: receive RaftClientReply:client-54CC064C3FCE->8224e767-71c1-41fc-a01a-d172d48fd9d8@group-F6B37CC92441, cid=3374, SUCCESS, logIndex=5084, commits[8224e767-71c1-41fc-a01a-d172d48fd9d8:c5086, 6eae0c21-01aa-4169-956f-5952b26ea7ba:c5082, 8d7dcba1-3b82-4d94-a832-514ef5c79cf8:c5082]
2019-08-21 02:17:40,595 | INFO  | DNAudit | user=null | ip=null | op=PUT_BLOCK {blockData=[blockId=conID: 3 locID: 102652566605791913 bcsId: 0,size=1048576]} | ret=SUCCESS |  
2019-08-21 02:17:40,595 [grpc-default-executor-1] INFO  client.GrpcClientProtocolClient (GrpcClientProtocolClient.java:onNext(255)) - client-54CC064C3FCE->8224e767-71c1-41fc-a01a-d172d48fd9d8: receive RaftClientReply:client-54CC064C3FCE->8224e767-71c1-41fc-a01a-d172d48fd9d8@group-F6B37CC92441, cid=3375, SUCCESS, logIndex=5085, commits[8224e767-71c1-41fc-a01a-d172d48fd9d8:c5086, 6eae0c21-01aa-4169-956f-5952b26ea7ba:c5082, 8d7dcba1-3b82-4d94-a832-514ef5c79cf8:c5082]
2019-08-21 02:17:40,595 | INFO  | DNAudit | user=null | ip=null | op=WRITE_CHUNK {blockData=conID: 3 locID: 102652566605791913 bcsId: 0} | ret=SUCCESS |  
2019-08-21 02:17:40,595 [grpc-default-executor-1] INFO  client.GrpcClientProtocolClient (GrpcClientProtocolClient.java:onNext(255)) - client-54CC064C3FCE->8224e767-71c1-41fc-a01a-d172d48fd9d8: receive RaftClientReply:client-54CC064C3FCE->8224e767-71c1-41fc-a01a-d172d48fd9d8@group-F6B37CC92441, cid=3376, SUCCESS, logIndex=5086, commits[8224e767-71c1-41fc-a01a-d172d48fd9d8:c5086, 6eae0c21-01aa-4169-956f-5952b26ea7ba:c5082, 8d7dcba1-3b82-4d94-a832-514ef5c79cf8:c5082]
2019-08-21 02:17:40,596 | INFO  | DNAudit | user=null | ip=null | op=PUT_BLOCK {blockData=[blockId=conID: 3 locID: 102652566605791913 bcsId: 0,size=1048576]} | ret=SUCCESS |  
2019-08-21 02:17:40,597 [grpc-default-executor-4] INFO  client.GrpcClientProtocolClient (GrpcClientProtocolClient.java:onNext(255)) - client-54CC064C3FCE->8224e767-71c1-41fc-a01a-d172d48fd9d8: receive RaftClientReply:client-54CC064C3FCE->8224e767-71c1-41fc-a01a-d172d48fd9d8@group-F6B37CC92441, cid=3377, SUCCESS, logIndex=0, commits[8224e767-71c1-41fc-a01a-d172d48fd9d8:c5088, 6eae0c21-01aa-4169-956f-5952b26ea7ba:c5084, 8d7dcba1-3b82-4d94-a832-514ef5c79cf8:c5084]
2019-08-21 02:17:40,598 | INFO  | DNAudit | user=null | ip=null | op=WRITE_CHUNK {blockData=conID: 3 locID: 102652566605791913 bcsId: 0} | ret=SUCCESS |  
2019-08-21 02:17:40,599 | INFO  | DNAudit | user=null | ip=null | op=WRITE_CHUNK {blockData=conID: 3 locID: 102652566605791913 bcsId: 0} | ret=SUCCESS |  
2019-08-21 02:17:40,599 | INFO  | DNAudit | user=null | ip=null | op=PUT_BLOCK {blockData=[blockId=conID: 3 locID: 102652566605791913 bcsId: 0,size=2097152]} | ret=SUCCESS |  
2019-08-21 02:17:40,599 | INFO  | DNAudit | user=null | ip=null | op=PUT_BLOCK {blockData=[blockId=conID: 3 locID: 102652566605791913 bcsId: 0,size=2097152]} | ret=SUCCESS |  
2019-08-21 02:17:40,605 | INFO  | DNAudit | user=null | ip=null | op=WRITE_CHUNK {blockData=conID: 3 locID: 102652566605791913 bcsId: 5086} | ret=SUCCESS |  
2019-08-21 02:17:40,608 | INFO  | DNAudit | user=null | ip=null | op=WRITE_CHUNK {blockData=conID: 3 locID: 102652566605791913 bcsId: 5086} | ret=SUCCESS |  
2019-08-21 02:17:40,608 | INFO  | DNAudit | user=null | ip=null | op=WRITE_CHUNK {blockData=conID: 3 locID: 102652566605791913 bcsId: 5086} | ret=SUCCESS |  
2019-08-21 02:17:40,619 | INFO  | DNAudit | user=null | ip=null | op=WRITE_CHUNK {blockData=conID: 3 locID: 102652566605791913 bcsId: 5086} | ret=SUCCESS |  
2019-08-21 02:17:40,619 | INFO  | DNAudit | user=null | ip=null | op=PUT_BLOCK {blockData=[blockId=conID: 3 locID: 102652566605791913 bcsId: 0,size=3145728]} | ret=SUCCESS |  
2019-08-21 02:17:40,619 [grpc-default-executor-1] INFO  client.GrpcClientProtocolClient (GrpcClientProtocolClient.java:onNext(255)) - client-54CC064C3FCE->8224e767-71c1-41fc-a01a-d172d48fd9d8: receive RaftClientReply:client-54CC064C3FCE->8224e767-71c1-41fc-a01a-d172d48fd9d8@group-F6B37CC92441, cid=3378, SUCCESS, logIndex=5091, commits[8224e767-71c1-41fc-a01a-d172d48fd9d8:c5092, 6eae0c21-01aa-4169-956f-5952b26ea7ba:c5090, 8d7dcba1-3b82-4d94-a832-514ef5c79cf8:c5090]
2019-08-21 02:17:40,620 [grpc-default-executor-1] INFO  client.GrpcClientProtocolClient (GrpcClientProtocolClient.java:onNext(255)) - client-54CC064C3FCE->8224e767-71c1-41fc-a01a-d172d48fd9d8: receive RaftClientReply:client-54CC064C3FCE->8224e767-71c1-41fc-a01a-d172d48fd9d8@group-F6B37CC92441, cid=3379, SUCCESS, logIndex=5092, commits[8224e767-71c1-41fc-a01a-d172d48fd9d8:c5092, 6eae0c21-01aa-4169-956f-5952b26ea7ba:c5090, 8d7dcba1-3b82-4d94-a832-514ef5c79cf8:c5090]
2019-08-21 02:17:40,628 | INFO  | DNAudit | user=null | ip=null | op=WRITE_CHUNK {blockData=conID: 3 locID: 102652566605791913 bcsId: 5092} | ret=SUCCESS |  
2019-08-21 02:17:40,630 | INFO  | DNAudit | user=null | ip=null | op=WRITE_CHUNK {blockData=conID: 3 locID: 102652566605791913 bcsId: 5092} | ret=SUCCESS |  
2019-08-21 02:17:40,630 | INFO  | DNAudit | user=null | ip=null | op=WRITE_CHUNK {blockData=conID: 3 locID: 102652566605791913 bcsId: 5086} | ret=SUCCESS |  
2019-08-21 02:17:40,630 | INFO  | DNAudit | user=null | ip=null | op=WRITE_CHUNK {blockData=conID: 3 locID: 102652566605791913 bcsId: 5086} | ret=SUCCESS |  
2019-08-21 02:17:40,630 | INFO  | DNAudit | user=null | ip=null | op=PUT_BLOCK {blockData=[blockId=conID: 3 locID: 102652566605791913 bcsId: 0,size=3145728]} | ret=SUCCESS |  
2019-08-21 02:17:40,631 | INFO  | DNAudit | user=null | ip=null | op=PUT_BLOCK {blockData=[blockId=conID: 3 locID: 102652566605791913 bcsId: 0,size=3145728]} | ret=SUCCESS |  
2019-08-21 02:17:40,631 | INFO  | DNAudit | user=null | ip=null | op=WRITE_CHUNK {blockData=conID: 3 locID: 102652566605791913 bcsId: 5092} | ret=SUCCESS |  
2019-08-21 02:17:40,632 | INFO  | DNAudit | user=null | ip=null | op=WRITE_CHUNK {blockData=conID: 3 locID: 102652566605791913 bcsId: 5092} | ret=SUCCESS |  
2019-08-21 02:17:40,632 | INFO  | DNAudit | user=null | ip=null | op=PUT_BLOCK {blockData=[blockId=conID: 3 locID: 102652566605791913 bcsId: 0,size=4194304]} | ret=SUCCESS |  
2019-08-21 02:17:40,633 [grpc-default-executor-3] INFO  client.GrpcClientProtocolClient (GrpcClientProtocolClient.java:onNext(255)) - client-54CC064C3FCE->8224e767-71c1-41fc-a01a-d172d48fd9d8: receive RaftClientReply:client-54CC064C3FCE->8224e767-71c1-41fc-a01a-d172d48fd9d8@group-F6B37CC92441, cid=3380, SUCCESS, logIndex=5095, commits[8224e767-71c1-41fc-a01a-d172d48fd9d8:c5096, 6eae0c21-01aa-4169-956f-5952b26ea7ba:c5092, 8d7dcba1-3b82-4d94-a832-514ef5c79cf8:c5092]
2019-08-21 02:17:40,633 [grpc-default-executor-3] INFO  client.GrpcClientProtocolClient (GrpcClientProtocolClient.java:onNext(255)) - client-54CC064C3FCE->8224e767-71c1-41fc-a01a-d172d48fd9d8: receive RaftClientReply:client-54CC064C3FCE->8224e767-71c1-41fc-a01a-d172d48fd9d8@group-F6B37CC92441, cid=3381, SUCCESS, logIndex=5096, commits[8224e767-71c1-41fc-a01a-d172d48fd9d8:c5096, 6eae0c21-01aa-4169-956f-5952b26ea7ba:c5092, 8d7dcba1-3b82-4d94-a832-514ef5c79cf8:c5092]
2019-08-21 02:17:40,635 | INFO  | DNAudit | user=null | ip=null | op=WRITE_CHUNK {blockData=conID: 3 locID: 102652566605791913 bcsId: 5092} | ret=SUCCESS |  
2019-08-21 02:17:40,635 | INFO  | DNAudit | user=null | ip=null | op=WRITE_CHUNK {blockData=conID: 3 locID: 102652566605791913 bcsId: 5092} | ret=SUCCESS |  
2019-08-21 02:17:40,635 | INFO  | DNAudit | user=null | ip=null | op=PUT_BLOCK {blockData=[blockId=conID: 3 locID: 102652566605791913 bcsId: 0,size=4194304]} | ret=SUCCESS |  
2019-08-21 02:17:40,635 | INFO  | DNAudit | user=null | ip=null | op=PUT_BLOCK {blockData=[blockId=conID: 3 locID: 102652566605791913 bcsId: 0,size=4194304]} | ret=SUCCESS |  
2019-08-21 02:17:40,635 [grpc-default-executor-3] INFO  client.GrpcClientProtocolClient (GrpcClientProtocolClient.java:onNext(255)) - client-54CC064C3FCE->8224e767-71c1-41fc-a01a-d172d48fd9d8: receive RaftClientReply:client-54CC064C3FCE->8224e767-71c1-41fc-a01a-d172d48fd9d8@group-F6B37CC92441, cid=3382, SUCCESS, logIndex=0, commits[8224e767-71c1-41fc-a01a-d172d48fd9d8:c5097, 6eae0c21-01aa-4169-956f-5952b26ea7ba:c5096, 8d7dcba1-3b82-4d94-a832-514ef5c79cf8:c5096]
2019-08-21 02:17:40,646 | INFO  | SCMAudit | user=jenkins1000 | ip=192.168.34.10 | op=ALLOCATE_BLOCK {owner=b6f66289-f2a0-4058-b052-0a85e40df67b, size=4194304, type=RATIS, factor=THREE} | ret=SUCCESS |  
2019-08-21 02:17:40,652 | INFO  | OMAudit | user=jenkins1000 | ip=127.0.0.1 | op=ALLOCATE_BLOCK {volume=vol-0-90982, bucket=bucket-0-24269, key=key-0-81262, dataSize=0, replicationType=null, replicationFactor=null, keyLocationInfo=null, clientID=102652564580991378} | ret=SUCCESS |  
2019-08-21 02:17:40,662 | INFO  | DNAudit | user=null | ip=null | op=WRITE_CHUNK {blockData=conID: 1 locID: 102652566611231402 bcsId: 0} | ret=SUCCESS |  
 0.00% |█                                                                                                    |  0/1 Time: 0:00:312019-08-21 02:17:40,880 | INFO  | SCMAudit | user=jenkins1000 | ip=192.168.34.10 | op=SEND_HEARTBEAT {datanodeUUID=8d7dcba1-3b82-4d94-a832-514ef5c79cf8, command=[]} | ret=SUCCESS |  
2019-08-21 02:17:40,880 | INFO  | SCMAudit | user=jenkins1000 | ip=192.168.34.10 | op=SEND_HEARTBEAT {datanodeUUID=3def7c30-cb13-4f41-8119-6188f246ad27, command=[]} | ret=SUCCESS |  
2019-08-21 02:17:40,880 | INFO  | SCMAudit | user=jenkins1000 | ip=192.168.34.10 | op=SEND_HEARTBEAT {datanodeUUID=6eae0c21-01aa-4169-956f-5952b26ea7ba, command=[]} | ret=SUCCESS |  
2019-08-21 02:17:40,880 | INFO  | DNAudit | user=null | ip=null | op=WRITE_CHUNK {blockData=conID: 1 locID: 102652566611231402 bcsId: 0} | ret=SUCCESS |  
2019-08-21 02:17:40,880 | INFO  | SCMAudit | user=jenkins1000 | ip=192.168.34.10 | op=SEND_HEARTBEAT {datanodeUUID=8224e767-71c1-41fc-a01a-d172d48fd9d8, command=[]} | ret=SUCCESS |  
2019-08-21 02:17:40,880 | INFO  | DNAudit | user=null | ip=null | op=WRITE_CHUNK {blockData=conID: 1 locID: 102652566611231402 bcsId: 0} | ret=SUCCESS |  
2019-08-21 02:17:40,880 | INFO  | SCMAudit | user=jenkins1000 | ip=192.168.34.10 | op=SEND_HEARTBEAT {datanodeUUID=94764dae-819c-4b7e-92f1-9cd6c64427b7, command=[]} | ret=SUCCESS |  
2019-08-21 02:17:40,882 | INFO  | DNAudit | user=null | ip=null | op=WRITE_CHUNK {blockData=conID: 1 locID: 102652566611231402 bcsId: 0} | ret=SUCCESS |  
2019-08-21 02:17:40,884 | INFO  | DNAudit | user=null | ip=null | op=WRITE_CHUNK {blockData=conID: 1 locID: 102652566611231402 bcsId: 0} | ret=SUCCESS |  
2019-08-21 02:17:40,885 | INFO  | DNAudit | user=null | ip=null | op=WRITE_CHUNK {blockData=conID: 1 locID: 102652566611231402 bcsId: 0} | ret=SUCCESS |  
2019-08-21 02:17:40,893 | INFO  | DNAudit | user=null | ip=null | op=WRITE_CHUNK {blockData=conID: 1 locID: 102652566611231402 bcsId: 0} | ret=SUCCESS |  
2019-08-21 02:17:40,894 [grpc-default-executor-1] INFO  client.GrpcClientProtocolClient (GrpcClientProtocolClient.java:onNext(255)) - client-54CC064C3FCE->8224e767-71c1-41fc-a01a-d172d48fd9d8: receive RaftClientReply:client-54CC064C3FCE->8224e767-71c1-41fc-a01a-d172d48fd9d8@group-F6B37CC92441, cid=3383, SUCCESS, logIndex=5099, commits[8224e767-71c1-41fc-a01a-d172d48fd9d8:c5102, 6eae0c21-01aa-4169-956f-5952b26ea7ba:c5098, 8d7dcba1-3b82-4d94-a832-514ef5c79cf8:c5098]
2019-08-21 02:17:40,894 | INFO  | DNAudit | user=null | ip=null | op=PUT_BLOCK {blockData=[blockId=conID: 1 locID: 102652566611231402 bcsId: 0,size=1048576]} | ret=SUCCESS |  
2019-08-21 02:17:40,895 | INFO  | DNAudit | user=null | ip=null | op=WRITE_CHUNK {blockData=conID: 1 locID: 102652566611231402 bcsId: 0} | ret=SUCCESS |  
2019-08-21 02:17:40,895 [grpc-default-executor-1] INFO  client.GrpcClientProtocolClient (GrpcClientProtocolClient.java:onNext(255)) - client-54CC064C3FCE->8224e767-71c1-41fc-a01a-d172d48fd9d8: receive RaftClientReply:client-54CC064C3FCE->8224e767-71c1-41fc-a01a-d172d48fd9d8@group-F6B37CC92441, cid=3384, SUCCESS, logIndex=5100, commits[8224e767-71c1-41fc-a01a-d172d48fd9d8:c5102, 6eae0c21-01aa-4169-956f-5952b26ea7ba:c5098, 8d7dcba1-3b82-4d94-a832-514ef5c79cf8:c5098]
2019-08-21 02:17:40,895 | INFO  | DNAudit | user=null | ip=null | op=PUT_BLOCK {blockData=[blockId=conID: 1 locID: 102652566611231402 bcsId: 0,size=2097152]} | ret=SUCCESS |  
2019-08-21 02:17:40,895 [grpc-default-executor-1] INFO  client.GrpcClientProtocolClient (GrpcClientProtocolClient.java:onNext(255)) - client-54CC064C3FCE->8224e767-71c1-41fc-a01a-d172d48fd9d8: receive RaftClientReply:client-54CC064C3FCE->8224e767-71c1-41fc-a01a-d172d48fd9d8@group-F6B37CC92441, cid=3385, SUCCESS, logIndex=5101, commits[8224e767-71c1-41fc-a01a-d172d48fd9d8:c5102, 6eae0c21-01aa-4169-956f-5952b26ea7ba:c5098, 8d7dcba1-3b82-4d94-a832-514ef5c79cf8:c5098]
2019-08-21 02:17:40,896 [grpc-default-executor-1] INFO  client.GrpcClientProtocolClient (GrpcClientProtocolClient.java:onNext(255)) - client-54CC064C3FCE->8224e767-71c1-41fc-a01a-d172d48fd9d8: receive RaftClientReply:client-54CC064C3FCE->8224e767-71c1-41fc-a01a-d172d48fd9d8@group-F6B37CC92441, cid=3386, SUCCESS, logIndex=5102, commits[8224e767-71c1-41fc-a01a-d172d48fd9d8:c5102, 6eae0c21-01aa-4169-956f-5952b26ea7ba:c5098, 8d7dcba1-3b82-4d94-a832-514ef5c79cf8:c5098]
2019-08-21 02:17:40,896 | INFO  | DNAudit | user=null | ip=null | op=WRITE_CHUNK {blockData=conID: 1 locID: 102652566611231402 bcsId: 0} | ret=SUCCESS |  
2019-08-21 02:17:40,896 | INFO  | DNAudit | user=null | ip=null | op=WRITE_CHUNK {blockData=conID: 1 locID: 102652566611231402 bcsId: 0} | ret=SUCCESS |  
2019-08-21 02:17:40,897 | INFO  | DNAudit | user=null | ip=null | op=PUT_BLOCK {blockData=[blockId=conID: 1 locID: 102652566611231402 bcsId: 0,size=1048576]} | ret=SUCCESS |  
2019-08-21 02:17:40,897 | INFO  | DNAudit | user=null | ip=null | op=PUT_BLOCK {blockData=[blockId=conID: 1 locID: 102652566611231402 bcsId: 0,size=1048576]} | ret=SUCCESS |  
2019-08-21 02:17:40,897 [grpc-default-executor-3] INFO  client.GrpcClientProtocolClient (GrpcClientProtocolClient.java:onNext(255)) - client-54CC064C3FCE->8224e767-71c1-41fc-a01a-d172d48fd9d8: receive RaftClientReply:client-54CC064C3FCE->8224e767-71c1-41fc-a01a-d172d48fd9d8@group-F6B37CC92441, cid=3387, SUCCESS, logIndex=0, commits[8224e767-71c1-41fc-a01a-d172d48fd9d8:c5103, 6eae0c21-01aa-4169-956f-5952b26ea7ba:c5101, 8d7dcba1-3b82-4d94-a832-514ef5c79cf8:c5100]
2019-08-21 02:17:40,897 | INFO  | DNAudit | user=null | ip=null | op=WRITE_CHUNK {blockData=conID: 1 locID: 102652566611231402 bcsId: 0} | ret=SUCCESS |  
2019-08-21 02:17:40,898 | INFO  | DNAudit | user=null | ip=null | op=PUT_BLOCK {blockData=[blockId=conID: 1 locID: 102652566611231402 bcsId: 0,size=2097152]} | ret=SUCCESS |  
2019-08-21 02:17:40,905 | INFO  | DNAudit | user=null | ip=null | op=WRITE_CHUNK {blockData=conID: 1 locID: 102652566611231402 bcsId: 5102} | ret=SUCCESS |  
2019-08-21 02:17:40,908 | INFO  | DNAudit | user=null | ip=null | op=WRITE_CHUNK {blockData=conID: 1 locID: 102652566611231402 bcsId: 0} | ret=SUCCESS |  
2019-08-21 02:17:40,908 | INFO  | DNAudit | user=null | ip=null | op=WRITE_CHUNK {blockData=conID: 1 locID: 102652566611231402 bcsId: 5102} | ret=SUCCESS |  
2019-08-21 02:17:40,908 | INFO  | DNAudit | user=null | ip=null | op=PUT_BLOCK {blockData=[blockId=conID: 1 locID: 102652566611231402 bcsId: 0,size=2097152]} | ret=SUCCESS |  
2019-08-21 02:17:40,909 | INFO  | DNAudit | user=null | ip=null | op=WRITE_CHUNK {blockData=conID: 1 locID: 102652566611231402 bcsId: 5102} | ret=SUCCESS |  
2019-08-21 02:17:40,910 | INFO  | DNAudit | user=null | ip=null | op=WRITE_CHUNK {blockData=conID: 1 locID: 102652566611231402 bcsId: 5102} | ret=SUCCESS |  
2019-08-21 02:17:40,911 | INFO  | DNAudit | user=null | ip=null | op=PUT_BLOCK {blockData=[blockId=conID: 1 locID: 102652566611231402 bcsId: 0,size=3145728]} | ret=SUCCESS |  
2019-08-21 02:17:40,911 [grpc-default-executor-3] INFO  client.GrpcClientProtocolClient (GrpcClientProtocolClient.java:onNext(255)) - client-54CC064C3FCE->8224e767-71c1-41fc-a01a-d172d48fd9d8: receive RaftClientReply:client-54CC064C3FCE->8224e767-71c1-41fc-a01a-d172d48fd9d8@group-F6B37CC92441, cid=3388, SUCCESS, logIndex=5107, commits[8224e767-71c1-41fc-a01a-d172d48fd9d8:c5108, 6eae0c21-01aa-4169-956f-5952b26ea7ba:c5103, 8d7dcba1-3b82-4d94-a832-514ef5c79cf8:c5103]
2019-08-21 02:17:40,911 [grpc-default-executor-3] INFO  client.GrpcClientProtocolClient (GrpcClientProtocolClient.java:onNext(255)) - client-54CC064C3FCE->8224e767-71c1-41fc-a01a-d172d48fd9d8: receive RaftClientReply:client-54CC064C3FCE->8224e767-71c1-41fc-a01a-d172d48fd9d8@group-F6B37CC92441, cid=3389, SUCCESS, logIndex=5108, commits[8224e767-71c1-41fc-a01a-d172d48fd9d8:c5108, 6eae0c21-01aa-4169-956f-5952b26ea7ba:c5103, 8d7dcba1-3b82-4d94-a832-514ef5c79cf8:c5103]
2019-08-21 02:17:40,913 | INFO  | DNAudit | user=null | ip=null | op=WRITE_CHUNK {blockData=conID: 1 locID: 102652566611231402 bcsId: 5102} | ret=SUCCESS |  
2019-08-21 02:17:40,913 | INFO  | DNAudit | user=null | ip=null | op=WRITE_CHUNK {blockData=conID: 1 locID: 102652566611231402 bcsId: 5102} | ret=SUCCESS |  
2019-08-21 02:17:40,914 | INFO  | DNAudit | user=null | ip=null | op=PUT_BLOCK {blockData=[blockId=conID: 1 locID: 102652566611231402 bcsId: 0,size=3145728]} | ret=SUCCESS |  
2019-08-21 02:17:40,914 | INFO  | DNAudit | user=null | ip=null | op=PUT_BLOCK {blockData=[blockId=conID: 1 locID: 102652566611231402 bcsId: 0,size=3145728]} | ret=SUCCESS |  
2019-08-21 02:17:40,919 | INFO  | DNAudit | user=null | ip=null | op=WRITE_CHUNK {blockData=conID: 1 locID: 102652566611231402 bcsId: 5108} | ret=SUCCESS |  
2019-08-21 02:17:40,921 | INFO  | DNAudit | user=null | ip=null | op=WRITE_CHUNK {blockData=conID: 1 locID: 102652566611231402 bcsId: 5108} | ret=SUCCESS |  
2019-08-21 02:17:40,921 | INFO  | DNAudit | user=null | ip=null | op=WRITE_CHUNK {blockData=conID: 1 locID: 102652566611231402 bcsId: 5108} | ret=SUCCESS |  
2019-08-21 02:17:40,940 | INFO  | DNAudit | user=null | ip=null | op=WRITE_CHUNK {blockData=conID: 1 locID: 102652566611231402 bcsId: 5108} | ret=SUCCESS |  
2019-08-21 02:17:40,940 | INFO  | DNAudit | user=null | ip=null | op=PUT_BLOCK {blockData=[blockId=conID: 1 locID: 102652566611231402 bcsId: 0,size=4194304]} | ret=SUCCESS |  
2019-08-21 02:17:40,940 [grpc-default-executor-4] INFO  client.GrpcClientProtocolClient (GrpcClientProtocolClient.java:onNext(255)) - client-54CC064C3FCE->8224e767-71c1-41fc-a01a-d172d48fd9d8: receive RaftClientReply:client-54CC064C3FCE->8224e767-71c1-41fc-a01a-d172d48fd9d8@group-F6B37CC92441, cid=3390, SUCCESS, logIndex=5111, commits[8224e767-71c1-41fc-a01a-d172d48fd9d8:c5112, 6eae0c21-01aa-4169-956f-5952b26ea7ba:c5109, 8d7dcba1-3b82-4d94-a832-514ef5c79cf8:c5109]
2019-08-21 02:17:40,941 [grpc-default-executor-4] INFO  client.GrpcClientProtocolClient (GrpcClientProtocolClient.java:onNext(255)) - client-54CC064C3FCE->8224e767-71c1-41fc-a01a-d172d48fd9d8: receive RaftClientReply:client-54CC064C3FCE->8224e767-71c1-41fc-a01a-d172d48fd9d8@group-F6B37CC92441, cid=3391, SUCCESS, logIndex=5112, commits[8224e767-71c1-41fc-a01a-d172d48fd9d8:c5112, 6eae0c21-01aa-4169-956f-5952b26ea7ba:c5109, 8d7dcba1-3b82-4d94-a832-514ef5c79cf8:c5109]
2019-08-21 02:17:40,953 | INFO  | DNAudit | user=null | ip=null | op=WRITE_CHUNK {blockData=conID: 1 locID: 102652566611231402 bcsId: 5108} | ret=SUCCESS |  
2019-08-21 02:17:40,953 | INFO  | DNAudit | user=null | ip=null | op=WRITE_CHUNK {blockData=conID: 1 locID: 102652566611231402 bcsId: 5108} | ret=SUCCESS |  
2019-08-21 02:17:40,954 | INFO  | DNAudit | user=null | ip=null | op=PUT_BLOCK {blockData=[blockId=conID: 1 locID: 102652566611231402 bcsId: 0,size=4194304]} | ret=SUCCESS |  
2019-08-21 02:17:40,954 | INFO  | DNAudit | user=null | ip=null | op=PUT_BLOCK {blockData=[blockId=conID: 1 locID: 102652566611231402 bcsId: 0,size=4194304]} | ret=SUCCESS |  
2019-08-21 02:17:40,954 [grpc-default-executor-4] INFO  client.GrpcClientProtocolClient (GrpcClientProtocolClient.java:onNext(255)) - client-54CC064C3FCE->8224e767-71c1-41fc-a01a-d172d48fd9d8: receive RaftClientReply:client-54CC064C3FCE->8224e767-71c1-41fc-a01a-d172d48fd9d8@group-F6B37CC92441, cid=3392, SUCCESS, logIndex=0, commits[8224e767-71c1-41fc-a01a-d172d48fd9d8:c5113, 6eae0c21-01aa-4169-956f-5952b26ea7ba:c5112, 8d7dcba1-3b82-4d94-a832-514ef5c79cf8:c5112]
2019-08-21 02:17:40,960 | INFO  | SCMAudit | user=jenkins1000 | ip=192.168.34.10 | op=ALLOCATE_BLOCK {owner=b6f66289-f2a0-4058-b052-0a85e40df67b, size=4194304, type=RATIS, factor=THREE} | ret=SUCCESS |  
2019-08-21 02:17:40,967 | INFO  | OMAudit | user=jenkins1000 | ip=127.0.0.1 | op=ALLOCATE_BLOCK {volume=vol-0-90982, bucket=bucket-0-24269, key=key-0-81262, dataSize=0, replicationType=null, replicationFactor=null, keyLocationInfo=null, clientID=102652564580991378} | ret=SUCCESS |  
2019-08-21 02:17:40,973 | INFO  | DNAudit | user=null | ip=null | op=WRITE_CHUNK {blockData=conID: 2 locID: 102652566631875243 bcsId: 0} | ret=SUCCESS |  
2019-08-21 02:17:40,976 | INFO  | DNAudit | user=null | ip=null | op=WRITE_CHUNK {blockData=conID: 2 locID: 102652566631875243 bcsId: 0} | ret=SUCCESS |  
2019-08-21 02:17:40,977 | INFO  | DNAudit | user=null | ip=null | op=WRITE_CHUNK {blockData=conID: 2 locID: 102652566631875243 bcsId: 0} | ret=SUCCESS |  
2019-08-21 02:17:40,977 | INFO  | DNAudit | user=null | ip=null | op=WRITE_CHUNK {blockData=conID: 2 locID: 102652566631875243 bcsId: 0} | ret=SUCCESS |  
2019-08-21 02:17:40,978 | INFO  | DNAudit | user=null | ip=null | op=WRITE_CHUNK {blockData=conID: 2 locID: 102652566631875243 bcsId: 0} | ret=SUCCESS |  
2019-08-21 02:17:40,978 | INFO  | DNAudit | user=null | ip=null | op=WRITE_CHUNK {blockData=conID: 2 locID: 102652566631875243 bcsId: 0} | ret=SUCCESS |  
2019-08-21 02:17:40,988 | INFO  | DNAudit | user=null | ip=null | op=WRITE_CHUNK {blockData=conID: 2 locID: 102652566631875243 bcsId: 0} | ret=SUCCESS |  
2019-08-21 02:17:40,989 | INFO  | DNAudit | user=null | ip=null | op=PUT_BLOCK {blockData=[blockId=conID: 2 locID: 102652566631875243 bcsId: 0,size=1048576]} | ret=SUCCESS |  
2019-08-21 02:17:40,989 [grpc-default-executor-4] INFO  client.GrpcClientProtocolClient (GrpcClientProtocolClient.java:onNext(255)) - client-54CC064C3FCE->8224e767-71c1-41fc-a01a-d172d48fd9d8: receive RaftClientReply:client-54CC064C3FCE->8224e767-71c1-41fc-a01a-d172d48fd9d8@group-F6B37CC92441, cid=3393, SUCCESS, logIndex=5115, commits[8224e767-71c1-41fc-a01a-d172d48fd9d8:c5116, 6eae0c21-01aa-4169-956f-5952b26ea7ba:c5114, 8d7dcba1-3b82-4d94-a832-514ef5c79cf8:c5114]
2019-08-21 02:17:40,989 [grpc-default-executor-4] INFO  client.GrpcClientProtocolClient (GrpcClientProtocolClient.java:onNext(255)) - client-54CC064C3FCE->8224e767-71c1-41fc-a01a-d172d48fd9d8: receive RaftClientReply:client-54CC064C3FCE->8224e767-71c1-41fc-a01a-d172d48fd9d8@group-F6B37CC92441, cid=3394, SUCCESS, logIndex=5116, commits[8224e767-71c1-41fc-a01a-d172d48fd9d8:c5116, 6eae0c21-01aa-4169-956f-5952b26ea7ba:c5114, 8d7dcba1-3b82-4d94-a832-514ef5c79cf8:c5114]
2019-08-21 02:17:40,997 | INFO  | DNAudit | user=null | ip=null | op=WRITE_CHUNK {blockData=conID: 2 locID: 102652566631875243 bcsId: 0} | ret=SUCCESS |  
2019-08-21 02:17:40,998 | INFO  | DNAudit | user=null | ip=null | op=PUT_BLOCK {blockData=[blockId=conID: 2 locID: 102652566631875243 bcsId: 0,size=2097152]} | ret=SUCCESS |  
2019-08-21 02:17:40,998 [grpc-default-executor-3] INFO  client.GrpcClientProtocolClient (GrpcClientProtocolClient.java:onNext(255)) - client-54CC064C3FCE->8224e767-71c1-41fc-a01a-d172d48fd9d8: receive RaftClientReply:client-54CC064C3FCE->8224e767-71c1-41fc-a01a-d172d48fd9d8@group-F6B37CC92441, cid=3395, SUCCESS, logIndex=5117, commits[8224e767-71c1-41fc-a01a-d172d48fd9d8:c5118, 6eae0c21-01aa-4169-956f-5952b26ea7ba:c5114, 8d7dcba1-3b82-4d94-a832-514ef5c79cf8:c5114]
2019-08-21 02:17:40,998 [grpc-default-executor-3] INFO  client.GrpcClientProtocolClient (GrpcClientProtocolClient.java:onNext(255)) - client-54CC064C3FCE->8224e767-71c1-41fc-a01a-d172d48fd9d8: receive RaftClientReply:client-54CC064C3FCE->8224e767-71c1-41fc-a01a-d172d48fd9d8@group-F6B37CC92441, cid=3396, SUCCESS, logIndex=5118, commits[8224e767-71c1-41fc-a01a-d172d48fd9d8:c5118, 6eae0c21-01aa-4169-956f-5952b26ea7ba:c5114, 8d7dcba1-3b82-4d94-a832-514ef5c79cf8:c5114]
2019-08-21 02:17:41,014 | INFO  | DNAudit | user=null | ip=null | op=WRITE_CHUNK {blockData=conID: 2 locID: 102652566631875243 bcsId: 0} | ret=SUCCESS |  
2019-08-21 02:17:41,015 | INFO  | DNAudit | user=null | ip=null | op=WRITE_CHUNK {blockData=conID: 2 locID: 102652566631875243 bcsId: 0} | ret=SUCCESS |  
2019-08-21 02:17:41,015 | INFO  | DNAudit | user=null | ip=null | op=PUT_BLOCK {blockData=[blockId=conID: 2 locID: 102652566631875243 bcsId: 0,size=1048576]} | ret=SUCCESS |  
2019-08-21 02:17:41,015 | INFO  | DNAudit | user=null | ip=null | op=PUT_BLOCK {blockData=[blockId=conID: 2 locID: 102652566631875243 bcsId: 0,size=1048576]} | ret=SUCCESS |  
2019-08-21 02:17:41,016 [grpc-default-executor-3] INFO  client.GrpcClientProtocolClient (GrpcClientProtocolClient.java:onNext(255)) - client-54CC064C3FCE->8224e767-71c1-41fc-a01a-d172d48fd9d8: receive RaftClientReply:client-54CC064C3FCE->8224e767-71c1-41fc-a01a-d172d48fd9d8@group-F6B37CC92441, cid=3397, SUCCESS, logIndex=0, commits[8224e767-71c1-41fc-a01a-d172d48fd9d8:c5120, 6eae0c21-01aa-4169-956f-5952b26ea7ba:c5116, 8d7dcba1-3b82-4d94-a832-514ef5c79cf8:c5116]
2019-08-21 02:17:41,022 | INFO  | DNAudit | user=null | ip=null | op=WRITE_CHUNK {blockData=conID: 2 locID: 102652566631875243 bcsId: 5118} | ret=SUCCESS |  
2019-08-21 02:17:41,024 | INFO  | DNAudit | user=null | ip=null | op=WRITE_CHUNK {blockData=conID: 2 locID: 102652566631875243 bcsId: 5118} | ret=SUCCESS |  
2019-08-21 02:17:41,024 | INFO  | DNAudit | user=null | ip=null | op=WRITE_CHUNK {blockData=conID: 2 locID: 102652566631875243 bcsId: 5118} | ret=SUCCESS |  
2019-08-21 02:17:41,030 | INFO  | DNAudit | user=null | ip=null | op=WRITE_CHUNK {blockData=conID: 2 locID: 102652566631875243 bcsId: 0} | ret=SUCCESS |  
2019-08-21 02:17:41,030 | INFO  | DNAudit | user=null | ip=null | op=WRITE_CHUNK {blockData=conID: 2 locID: 102652566631875243 bcsId: 5118} | ret=SUCCESS |  
2019-08-21 02:17:41,030 | INFO  | DNAudit | user=null | ip=null | op=PUT_BLOCK {blockData=[blockId=conID: 2 locID: 102652566631875243 bcsId: 0,size=2097152]} | ret=SUCCESS |  
2019-08-21 02:17:41,030 | INFO  | DNAudit | user=null | ip=null | op=WRITE_CHUNK {blockData=conID: 2 locID: 102652566631875243 bcsId: 0} | ret=SUCCESS |  
2019-08-21 02:17:41,030 | INFO  | DNAudit | user=null | ip=null | op=PUT_BLOCK {blockData=[blockId=conID: 2 locID: 102652566631875243 bcsId: 0,size=3145728]} | ret=SUCCESS |  
2019-08-21 02:17:41,030 | INFO  | DNAudit | user=null | ip=null | op=PUT_BLOCK {blockData=[blockId=conID: 2 locID: 102652566631875243 bcsId: 0,size=2097152]} | ret=SUCCESS |  
2019-08-21 02:17:41,031 [grpc-default-executor-0] INFO  client.GrpcClientProtocolClient (GrpcClientProtocolClient.java:onNext(255)) - client-54CC064C3FCE->8224e767-71c1-41fc-a01a-d172d48fd9d8: receive RaftClientReply:client-54CC064C3FCE->8224e767-71c1-41fc-a01a-d172d48fd9d8@group-F6B37CC92441, cid=3398, SUCCESS, logIndex=5123, commits[8224e767-71c1-41fc-a01a-d172d48fd9d8:c5124, 6eae0c21-01aa-4169-956f-5952b26ea7ba:c5121, 8d7dcba1-3b82-4d94-a832-514ef5c79cf8:c5121]
2019-08-21 02:17:41,031 [grpc-default-executor-0] INFO  client.GrpcClientProtocolClient (GrpcClientProtocolClient.java:onNext(255)) - client-54CC064C3FCE->8224e767-71c1-41fc-a01a-d172d48fd9d8: receive RaftClientReply:client-54CC064C3FCE->8224e767-71c1-41fc-a01a-d172d48fd9d8@group-F6B37CC92441, cid=3399, SUCCESS, logIndex=5124, commits[8224e767-71c1-41fc-a01a-d172d48fd9d8:c5124, 6eae0c21-01aa-4169-956f-5952b26ea7ba:c5121, 8d7dcba1-3b82-4d94-a832-514ef5c79cf8:c5121]
2019-08-21 02:17:41,034 | INFO  | DNAudit | user=null | ip=null | op=WRITE_CHUNK {blockData=conID: 2 locID: 102652566631875243 bcsId: 5118} | ret=SUCCESS |  
2019-08-21 02:17:41,036 | INFO  | DNAudit | user=null | ip=null | op=WRITE_CHUNK {blockData=conID: 2 locID: 102652566631875243 bcsId: 5118} | ret=SUCCESS |  
2019-08-21 02:17:41,037 | INFO  | DNAudit | user=null | ip=null | op=WRITE_CHUNK {blockData=conID: 2 locID: 102652566631875243 bcsId: 5124} | ret=SUCCESS |  
2019-08-21 02:17:41,037 | INFO  | DNAudit | user=null | ip=null | op=PUT_BLOCK {blockData=[blockId=conID: 2 locID: 102652566631875243 bcsId: 0,size=3145728]} | ret=SUCCESS |  
2019-08-21 02:17:41,038 | INFO  | DNAudit | user=null | ip=null | op=PUT_BLOCK {blockData=[blockId=conID: 2 locID: 102652566631875243 bcsId: 0,size=3145728]} | ret=SUCCESS |  
2019-08-21 02:17:41,039 | INFO  | DNAudit | user=null | ip=null | op=WRITE_CHUNK {blockData=conID: 2 locID: 102652566631875243 bcsId: 5124} | ret=SUCCESS |  
2019-08-21 02:17:41,040 | INFO  | DNAudit | user=null | ip=null | op=WRITE_CHUNK {blockData=conID: 2 locID: 102652566631875243 bcsId: 5124} | ret=SUCCESS |  
2019-08-21 02:17:41,041 | INFO  | DNAudit | user=null | ip=null | op=WRITE_CHUNK {blockData=conID: 2 locID: 102652566631875243 bcsId: 5124} | ret=SUCCESS |  
2019-08-21 02:17:41,042 | INFO  | DNAudit | user=null | ip=null | op=PUT_BLOCK {blockData=[blockId=conID: 2 locID: 102652566631875243 bcsId: 0,size=4194304]} | ret=SUCCESS |  
2019-08-21 02:17:41,042 [grpc-default-executor-4] INFO  client.GrpcClientProtocolClient (GrpcClientProtocolClient.java:onNext(255)) - client-54CC064C3FCE->8224e767-71c1-41fc-a01a-d172d48fd9d8: receive RaftClientReply:client-54CC064C3FCE->8224e767-71c1-41fc-a01a-d172d48fd9d8@group-F6B37CC92441, cid=3400, SUCCESS, logIndex=5127, commits[8224e767-71c1-41fc-a01a-d172d48fd9d8:c5127, 6eae0c21-01aa-4169-956f-5952b26ea7ba:c5125, 8d7dcba1-3b82-4d94-a832-514ef5c79cf8:c5124]
2019-08-21 02:17:41,042 [grpc-default-executor-3] INFO  client.GrpcClientProtocolClient (GrpcClientProtocolClient.java:onNext(255)) - client-54CC064C3FCE->8224e767-71c1-41fc-a01a-d172d48fd9d8: receive RaftClientReply:client-54CC064C3FCE->8224e767-71c1-41fc-a01a-d172d48fd9d8@group-F6B37CC92441, cid=3401, SUCCESS, logIndex=5128, commits[8224e767-71c1-41fc-a01a-d172d48fd9d8:c5128, 6eae0c21-01aa-4169-956f-5952b26ea7ba:c5125, 8d7dcba1-3b82-4d94-a832-514ef5c79cf8:c5124]
2019-08-21 02:17:41,043 | INFO  | DNAudit | user=null | ip=null | op=WRITE_CHUNK {blockData=conID: 2 locID: 102652566631875243 bcsId: 5124} | ret=SUCCESS |  
2019-08-21 02:17:41,044 | INFO  | DNAudit | user=null | ip=null | op=WRITE_CHUNK {blockData=conID: 2 locID: 102652566631875243 bcsId: 5124} | ret=SUCCESS |  
2019-08-21 02:17:41,045 | INFO  | DNAudit | user=null | ip=null | op=PUT_BLOCK {blockData=[blockId=conID: 2 locID: 102652566631875243 bcsId: 0,size=4194304]} | ret=SUCCESS |  
2019-08-21 02:17:41,046 | INFO  | DNAudit | user=null | ip=null | op=PUT_BLOCK {blockData=[blockId=conID: 2 locID: 102652566631875243 bcsId: 0,size=4194304]} | ret=SUCCESS |  
2019-08-21 02:17:41,046 [grpc-default-executor-3] INFO  client.GrpcClientProtocolClient (GrpcClientProtocolClient.java:onNext(255)) - client-54CC064C3FCE->8224e767-71c1-41fc-a01a-d172d48fd9d8: receive RaftClientReply:client-54CC064C3FCE->8224e767-71c1-41fc-a01a-d172d48fd9d8@group-F6B37CC92441, cid=3402, SUCCESS, logIndex=0, commits[8224e767-71c1-41fc-a01a-d172d48fd9d8:c5130, 6eae0c21-01aa-4169-956f-5952b26ea7ba:c5128, 8d7dcba1-3b82-4d94-a832-514ef5c79cf8:c5128]
2019-08-21 02:17:41,052 | INFO  | SCMAudit | user=jenkins1000 | ip=192.168.34.10 | op=ALLOCATE_BLOCK {owner=b6f66289-f2a0-4058-b052-0a85e40df67b, size=4194304, type=RATIS, factor=THREE} | ret=SUCCESS |  
2019-08-21 02:17:41,055 | INFO  | OMAudit | user=jenkins1000 | ip=127.0.0.1 | op=ALLOCATE_BLOCK {volume=vol-0-90982, bucket=bucket-0-24269, key=key-0-81262, dataSize=0, replicationType=null, replicationFactor=null, keyLocationInfo=null, clientID=102652564580991378} | ret=SUCCESS |  
2019-08-21 02:17:41,062 | INFO  | DNAudit | user=null | ip=null | op=WRITE_CHUNK {blockData=conID: 3 locID: 102652566637904556 bcsId: 0} | ret=SUCCESS |  
2019-08-21 02:17:41,064 | INFO  | DNAudit | user=null | ip=null | op=WRITE_CHUNK {blockData=conID: 3 locID: 102652566637904556 bcsId: 0} | ret=SUCCESS |  
2019-08-21 02:17:41,065 | INFO  | DNAudit | user=null | ip=null | op=WRITE_CHUNK {blockData=conID: 3 locID: 102652566637904556 bcsId: 0} | ret=SUCCESS |  
2019-08-21 02:17:41,066 | INFO  | DNAudit | user=null | ip=null | op=WRITE_CHUNK {blockData=conID: 3 locID: 102652566637904556 bcsId: 0} | ret=SUCCESS |  
2019-08-21 02:17:41,067 | INFO  | DNAudit | user=null | ip=null | op=WRITE_CHUNK {blockData=conID: 3 locID: 102652566637904556 bcsId: 0} | ret=SUCCESS |  
2019-08-21 02:17:41,067 | INFO  | DNAudit | user=null | ip=null | op=WRITE_CHUNK {blockData=conID: 3 locID: 102652566637904556 bcsId: 0} | ret=SUCCESS |  
2019-08-21 02:17:41,067 | INFO  | DNAudit | user=null | ip=null | op=WRITE_CHUNK {blockData=conID: 3 locID: 102652566637904556 bcsId: 0} | ret=SUCCESS |  
2019-08-21 02:17:41,067 | INFO  | DNAudit | user=null | ip=null | op=PUT_BLOCK {blockData=[blockId=conID: 3 locID: 102652566637904556 bcsId: 0,size=1048576]} | ret=SUCCESS |  
2019-08-21 02:17:41,067 [grpc-default-executor-1] INFO  client.GrpcClientProtocolClient (GrpcClientProtocolClient.java:onNext(255)) - client-54CC064C3FCE->8224e767-71c1-41fc-a01a-d172d48fd9d8: receive RaftClientReply:client-54CC064C3FCE->8224e767-71c1-41fc-a01a-d172d48fd9d8@group-F6B37CC92441, cid=3403, SUCCESS, logIndex=5131, commits[8224e767-71c1-41fc-a01a-d172d48fd9d8:c5132, 6eae0c21-01aa-4169-956f-5952b26ea7ba:c5128, 8d7dcba1-3b82-4d94-a832-514ef5c79cf8:c5130]
2019-08-21 02:17:41,068 [grpc-default-executor-1] INFO  client.GrpcClientProtocolClient (GrpcClientProtocolClient.java:onNext(255)) - client-54CC064C3FCE->8224e767-71c1-41fc-a01a-d172d48fd9d8: receive RaftClientReply:client-54CC064C3FCE->8224e767-71c1-41fc-a01a-d172d48fd9d8@group-F6B37CC92441, cid=3404, SUCCESS, logIndex=5132, commits[8224e767-71c1-41fc-a01a-d172d48fd9d8:c5132, 6eae0c21-01aa-4169-956f-5952b26ea7ba:c5128, 8d7dcba1-3b82-4d94-a832-514ef5c79cf8:c5130]
2019-08-21 02:17:41,070 | INFO  | DNAudit | user=null | ip=null | op=WRITE_CHUNK {blockData=conID: 3 locID: 102652566637904556 bcsId: 0} | ret=SUCCESS |  
2019-08-21 02:17:41,070 | INFO  | DNAudit | user=null | ip=null | op=WRITE_CHUNK {blockData=conID: 3 locID: 102652566637904556 bcsId: 0} | ret=SUCCESS |  
2019-08-21 02:17:41,070 | INFO  | DNAudit | user=null | ip=null | op=PUT_BLOCK {blockData=[blockId=conID: 3 locID: 102652566637904556 bcsId: 0,size=1048576]} | ret=SUCCESS |  
2019-08-21 02:17:41,070 | INFO  | DNAudit | user=null | ip=null | op=PUT_BLOCK {blockData=[blockId=conID: 3 locID: 102652566637904556 bcsId: 0,size=2097152]} | ret=SUCCESS |  
2019-08-21 02:17:41,070 [grpc-default-executor-4] INFO  client.GrpcClientProtocolClient (GrpcClientProtocolClient.java:onNext(255)) - client-54CC064C3FCE->8224e767-71c1-41fc-a01a-d172d48fd9d8: receive RaftClientReply:client-54CC064C3FCE->8224e767-71c1-41fc-a01a-d172d48fd9d8@group-F6B37CC92441, cid=3405, SUCCESS, logIndex=5133, commits[8224e767-71c1-41fc-a01a-d172d48fd9d8:c5135, 6eae0c21-01aa-4169-956f-5952b26ea7ba:c5128, 8d7dcba1-3b82-4d94-a832-514ef5c79cf8:c5132]
2019-08-21 02:17:41,070 [grpc-default-executor-4] INFO  client.GrpcClientProtocolClient (GrpcClientProtocolClient.java:onNext(255)) - client-54CC064C3FCE->8224e767-71c1-41fc-a01a-d172d48fd9d8: receive RaftClientReply:client-54CC064C3FCE->8224e767-71c1-41fc-a01a-d172d48fd9d8@group-F6B37CC92441, cid=3406, SUCCESS, logIndex=5134, commits[8224e767-71c1-41fc-a01a-d172d48fd9d8:c5135, 6eae0c21-01aa-4169-956f-5952b26ea7ba:c5128, 8d7dcba1-3b82-4d94-a832-514ef5c79cf8:c5132]
2019-08-21 02:17:41,071 | INFO  | DNAudit | user=null | ip=null | op=WRITE_CHUNK {blockData=conID: 3 locID: 102652566637904556 bcsId: 0} | ret=SUCCESS |  
2019-08-21 02:17:41,071 | INFO  | DNAudit | user=null | ip=null | op=PUT_BLOCK {blockData=[blockId=conID: 3 locID: 102652566637904556 bcsId: 0,size=1048576]} | ret=SUCCESS |  
2019-08-21 02:17:41,071 | INFO  | DNAudit | user=null | ip=null | op=WRITE_CHUNK {blockData=conID: 3 locID: 102652566637904556 bcsId: 0} | ret=SUCCESS |  
2019-08-21 02:17:41,071 [grpc-default-executor-4] INFO  client.GrpcClientProtocolClient (GrpcClientProtocolClient.java:onNext(255)) - client-54CC064C3FCE->8224e767-71c1-41fc-a01a-d172d48fd9d8: receive RaftClientReply:client-54CC064C3FCE->8224e767-71c1-41fc-a01a-d172d48fd9d8@group-F6B37CC92441, cid=3407, SUCCESS, logIndex=0, commits[8224e767-71c1-41fc-a01a-d172d48fd9d8:c5135, 6eae0c21-01aa-4169-956f-5952b26ea7ba:c5132, 8d7dcba1-3b82-4d94-a832-514ef5c79cf8:c5132]
2019-08-21 02:17:41,072 | INFO  | DNAudit | user=null | ip=null | op=WRITE_CHUNK {blockData=conID: 3 locID: 102652566637904556 bcsId: 0} | ret=SUCCESS |  
2019-08-21 02:17:41,072 | INFO  | DNAudit | user=null | ip=null | op=PUT_BLOCK {blockData=[blockId=conID: 3 locID: 102652566637904556 bcsId: 0,size=2097152]} | ret=SUCCESS |  
2019-08-21 02:17:41,072 | INFO  | DNAudit | user=null | ip=null | op=PUT_BLOCK {blockData=[blockId=conID: 3 locID: 102652566637904556 bcsId: 0,size=2097152]} | ret=SUCCESS |  
2019-08-21 02:17:41,077 | INFO  | DNAudit | user=null | ip=null | op=WRITE_CHUNK {blockData=conID: 3 locID: 102652566637904556 bcsId: 5134} | ret=SUCCESS |  
2019-08-21 02:17:41,080 | INFO  | DNAudit | user=null | ip=null | op=WRITE_CHUNK {blockData=conID: 3 locID: 102652566637904556 bcsId: 5134} | ret=SUCCESS |  
2019-08-21 02:17:41,080 | INFO  | DNAudit | user=null | ip=null | op=WRITE_CHUNK {blockData=conID: 3 locID: 102652566637904556 bcsId: 5134} | ret=SUCCESS |  
2019-08-21 02:17:41,082 | INFO  | DNAudit | user=null | ip=null | op=WRITE_CHUNK {blockData=conID: 3 locID: 102652566637904556 bcsId: 5134} | ret=SUCCESS |  
2019-08-21 02:17:41,082 | INFO  | DNAudit | user=null | ip=null | op=PUT_BLOCK {blockData=[blockId=conID: 3 locID: 102652566637904556 bcsId: 0,size=3145728]} | ret=SUCCESS |  
2019-08-21 02:17:41,082 [grpc-default-executor-4] INFO  client.GrpcClientProtocolClient (GrpcClientProtocolClient.java:onNext(255)) - client-54CC064C3FCE->8224e767-71c1-41fc-a01a-d172d48fd9d8: receive RaftClientReply:client-54CC064C3FCE->8224e767-71c1-41fc-a01a-d172d48fd9d8@group-F6B37CC92441, cid=3408, SUCCESS, logIndex=5138, commits[8224e767-71c1-41fc-a01a-d172d48fd9d8:c5139, 6eae0c21-01aa-4169-956f-5952b26ea7ba:c5137, 8d7dcba1-3b82-4d94-a832-514ef5c79cf8:c5137]
2019-08-21 02:17:41,083 [grpc-default-executor-4] INFO  client.GrpcClientProtocolClient (GrpcClientProtocolClient.java:onNext(255)) - client-54CC064C3FCE->8224e767-71c1-41fc-a01a-d172d48fd9d8: receive RaftClientReply:client-54CC064C3FCE->8224e767-71c1-41fc-a01a-d172d48fd9d8@group-F6B37CC92441, cid=3409, SUCCESS, logIndex=5139, commits[8224e767-71c1-41fc-a01a-d172d48fd9d8:c5139, 6eae0c21-01aa-4169-956f-5952b26ea7ba:c5137, 8d7dcba1-3b82-4d94-a832-514ef5c79cf8:c5137]
2019-08-21 02:17:41,084 | INFO  | DNAudit | user=null | ip=null | op=WRITE_CHUNK {blockData=conID: 3 locID: 102652566637904556 bcsId: 5134} | ret=SUCCESS |  
2019-08-21 02:17:41,084 | INFO  | DNAudit | user=null | ip=null | op=WRITE_CHUNK {blockData=conID: 3 locID: 102652566637904556 bcsId: 5134} | ret=SUCCESS |  
2019-08-21 02:17:41,084 | INFO  | DNAudit | user=null | ip=null | op=PUT_BLOCK {blockData=[blockId=conID: 3 locID: 102652566637904556 bcsId: 0,size=3145728]} | ret=SUCCESS |  
2019-08-21 02:17:41,085 | INFO  | DNAudit | user=null | ip=null | op=PUT_BLOCK {blockData=[blockId=conID: 3 locID: 102652566637904556 bcsId: 0,size=3145728]} | ret=SUCCESS |  
2019-08-21 02:17:41,088 | INFO  | DNAudit | user=null | ip=null | op=WRITE_CHUNK {blockData=conID: 3 locID: 102652566637904556 bcsId: 5139} | ret=SUCCESS |  
2019-08-21 02:17:41,090 | INFO  | DNAudit | user=null | ip=null | op=WRITE_CHUNK {blockData=conID: 3 locID: 102652566637904556 bcsId: 5139} | ret=SUCCESS |  
2019-08-21 02:17:41,090 | INFO  | DNAudit | user=null | ip=null | op=WRITE_CHUNK {blockData=conID: 3 locID: 102652566637904556 bcsId: 5139} | ret=SUCCESS |  
2019-08-21 02:17:41,092 | INFO  | DNAudit | user=null | ip=null | op=WRITE_CHUNK {blockData=conID: 3 locID: 102652566637904556 bcsId: 5139} | ret=SUCCESS |  
2019-08-21 02:17:41,093 | INFO  | DNAudit | user=null | ip=null | op=PUT_BLOCK {blockData=[blockId=conID: 3 locID: 102652566637904556 bcsId: 0,size=4194304]} | ret=SUCCESS |  
2019-08-21 02:17:41,093 [grpc-default-executor-4] INFO  client.GrpcClientProtocolClient (GrpcClientProtocolClient.java:onNext(255)) - client-54CC064C3FCE->8224e767-71c1-41fc-a01a-d172d48fd9d8: receive RaftClientReply:client-54CC064C3FCE->8224e767-71c1-41fc-a01a-d172d48fd9d8@group-F6B37CC92441, cid=3410, SUCCESS, logIndex=5142, commits[8224e767-71c1-41fc-a01a-d172d48fd9d8:c5143, 6eae0c21-01aa-4169-956f-5952b26ea7ba:c5141, 8d7dcba1-3b82-4d94-a832-514ef5c79cf8:c5139]
2019-08-21 02:17:41,093 [grpc-default-executor-4] INFO  client.GrpcClientProtocolClient (GrpcClientProtocolClient.java:onNext(255)) - client-54CC064C3FCE->8224e767-71c1-41fc-a01a-d172d48fd9d8: receive RaftClientReply:client-54CC064C3FCE->8224e767-71c1-41fc-a01a-d172d48fd9d8@group-F6B37CC92441, cid=3411, SUCCESS, logIndex=5143, commits[8224e767-71c1-41fc-a01a-d172d48fd9d8:c5143, 6eae0c21-01aa-4169-956f-5952b26ea7ba:c5141, 8d7dcba1-3b82-4d94-a832-514ef5c79cf8:c5141]
2019-08-21 02:17:41,095 | INFO  | DNAudit | user=null | ip=null | op=WRITE_CHUNK {blockData=conID: 3 locID: 102652566637904556 bcsId: 5139} | ret=SUCCESS |  
2019-08-21 02:17:41,095 | INFO  | DNAudit | user=null | ip=null | op=WRITE_CHUNK {blockData=conID: 3 locID: 102652566637904556 bcsId: 5139} | ret=SUCCESS |  
2019-08-21 02:17:41,096 | INFO  | DNAudit | user=null | ip=null | op=PUT_BLOCK {blockData=[blockId=conID: 3 locID: 102652566637904556 bcsId: 0,size=4194304]} | ret=SUCCESS |  
2019-08-21 02:17:41,096 | INFO  | DNAudit | user=null | ip=null | op=PUT_BLOCK {blockData=[blockId=conID: 3 locID: 102652566637904556 bcsId: 0,size=4194304]} | ret=SUCCESS |  
2019-08-21 02:17:41,096 [grpc-default-executor-4] INFO  client.GrpcClientProtocolClient (GrpcClientProtocolClient.java:onNext(255)) - client-54CC064C3FCE->8224e767-71c1-41fc-a01a-d172d48fd9d8: receive RaftClientReply:client-54CC064C3FCE->8224e767-71c1-41fc-a01a-d172d48fd9d8@group-F6B37CC92441, cid=3412, SUCCESS, logIndex=0, commits[8224e767-71c1-41fc-a01a-d172d48fd9d8:c5144, 6eae0c21-01aa-4169-956f-5952b26ea7ba:c5143, 8d7dcba1-3b82-4d94-a832-514ef5c79cf8:c5143]
2019-08-21 02:17:41,102 | INFO  | SCMAudit | user=jenkins1000 | ip=192.168.34.10 | op=ALLOCATE_BLOCK {owner=b6f66289-f2a0-4058-b052-0a85e40df67b, size=4194304, type=RATIS, factor=THREE} | ret=SUCCESS |  
2019-08-21 02:17:41,105 | INFO  | OMAudit | user=jenkins1000 | ip=127.0.0.1 | op=ALLOCATE_BLOCK {volume=vol-0-90982, bucket=bucket-0-24269, key=key-0-81262, dataSize=0, replicationType=null, replicationFactor=null, keyLocationInfo=null, clientID=102652564580991378} | ret=SUCCESS |  
2019-08-21 02:17:41,112 | INFO  | DNAudit | user=null | ip=null | op=WRITE_CHUNK {blockData=conID: 1 locID: 102652566641181357 bcsId: 0} | ret=SUCCESS |  
2019-08-21 02:17:41,118 | INFO  | DNAudit | user=null | ip=null | op=WRITE_CHUNK {blockData=conID: 1 locID: 102652566641181357 bcsId: 0} | ret=SUCCESS |  
2019-08-21 02:17:41,118 | INFO  | DNAudit | user=null | ip=null | op=WRITE_CHUNK {blockData=conID: 1 locID: 102652566641181357 bcsId: 0} | ret=SUCCESS |  
2019-08-21 02:17:41,118 | INFO  | DNAudit | user=null | ip=null | op=WRITE_CHUNK {blockData=conID: 1 locID: 102652566641181357 bcsId: 0} | ret=SUCCESS |  
2019-08-21 02:17:41,120 | INFO  | DNAudit | user=null | ip=null | op=WRITE_CHUNK {blockData=conID: 1 locID: 102652566641181357 bcsId: 0} | ret=SUCCESS |  
2019-08-21 02:17:41,120 | INFO  | DNAudit | user=null | ip=null | op=WRITE_CHUNK {blockData=conID: 1 locID: 102652566641181357 bcsId: 0} | ret=SUCCESS |  
2019-08-21 02:17:41,135 | INFO  | DNAudit | user=null | ip=null | op=WRITE_CHUNK {blockData=conID: 1 locID: 102652566641181357 bcsId: 0} | ret=SUCCESS |  
2019-08-21 02:17:41,136 | INFO  | DNAudit | user=null | ip=null | op=PUT_BLOCK {blockData=[blockId=conID: 1 locID: 102652566641181357 bcsId: 0,size=1048576]} | ret=SUCCESS |  
2019-08-21 02:17:41,136 [grpc-default-executor-3] INFO  client.GrpcClientProtocolClient (GrpcClientProtocolClient.java:onNext(255)) - client-54CC064C3FCE->8224e767-71c1-41fc-a01a-d172d48fd9d8: receive RaftClientReply:client-54CC064C3FCE->8224e767-71c1-41fc-a01a-d172d48fd9d8@group-F6B37CC92441, cid=3413, SUCCESS, logIndex=5146, commits[8224e767-71c1-41fc-a01a-d172d48fd9d8:c5149, 6eae0c21-01aa-4169-956f-5952b26ea7ba:c5145, 8d7dcba1-3b82-4d94-a832-514ef5c79cf8:c5145]
2019-08-21 02:17:41,136 | INFO  | DNAudit | user=null | ip=null | op=WRITE_CHUNK {blockData=conID: 1 locID: 102652566641181357 bcsId: 0} | ret=SUCCESS |  
2019-08-21 02:17:41,137 | INFO  | DNAudit | user=null | ip=null | op=PUT_BLOCK {blockData=[blockId=conID: 1 locID: 102652566641181357 bcsId: 0,size=2097152]} | ret=SUCCESS |  
2019-08-21 02:17:41,137 [grpc-default-executor-3] INFO  client.GrpcClientProtocolClient (GrpcClientProtocolClient.java:onNext(255)) - client-54CC064C3FCE->8224e767-71c1-41fc-a01a-d172d48fd9d8: receive RaftClientReply:client-54CC064C3FCE->8224e767-71c1-41fc-a01a-d172d48fd9d8@group-F6B37CC92441, cid=3414, SUCCESS, logIndex=5147, commits[8224e767-71c1-41fc-a01a-d172d48fd9d8:c5149, 6eae0c21-01aa-4169-956f-5952b26ea7ba:c5145, 8d7dcba1-3b82-4d94-a832-514ef5c79cf8:c5145]
2019-08-21 02:17:41,137 [grpc-default-executor-3] INFO  client.GrpcClientProtocolClient (GrpcClientProtocolClient.java:onNext(255)) - client-54CC064C3FCE->8224e767-71c1-41fc-a01a-d172d48fd9d8: receive RaftClientReply:client-54CC064C3FCE->8224e767-71c1-41fc-a01a-d172d48fd9d8@group-F6B37CC92441, cid=3415, SUCCESS, logIndex=5148, commits[8224e767-71c1-41fc-a01a-d172d48fd9d8:c5149, 6eae0c21-01aa-4169-956f-5952b26ea7ba:c5145, 8d7dcba1-3b82-4d94-a832-514ef5c79cf8:c5145]
2019-08-21 02:17:41,137 [grpc-default-executor-3] INFO  client.GrpcClientProtocolClient (GrpcClientProtocolClient.java:onNext(255)) - client-54CC064C3FCE->8224e767-71c1-41fc-a01a-d172d48fd9d8: receive RaftClientReply:client-54CC064C3FCE->8224e767-71c1-41fc-a01a-d172d48fd9d8@group-F6B37CC92441, cid=3416, SUCCESS, logIndex=5149, commits[8224e767-71c1-41fc-a01a-d172d48fd9d8:c5149, 6eae0c21-01aa-4169-956f-5952b26ea7ba:c5145, 8d7dcba1-3b82-4d94-a832-514ef5c79cf8:c5145]
2019-08-21 02:17:41,147 | INFO  | DNAudit | user=null | ip=null | op=WRITE_CHUNK {blockData=conID: 1 locID: 102652566641181357 bcsId: 0} | ret=SUCCESS |  
2019-08-21 02:17:41,147 | INFO  | DNAudit | user=null | ip=null | op=WRITE_CHUNK {blockData=conID: 1 locID: 102652566641181357 bcsId: 0} | ret=SUCCESS |  
2019-08-21 02:17:41,148 | INFO  | DNAudit | user=null | ip=null | op=PUT_BLOCK {blockData=[blockId=conID: 1 locID: 102652566641181357 bcsId: 0,size=1048576]} | ret=SUCCESS |  
2019-08-21 02:17:41,148 | INFO  | DNAudit | user=null | ip=null | op=PUT_BLOCK {blockData=[blockId=conID: 1 locID: 102652566641181357 bcsId: 0,size=1048576]} | ret=SUCCESS |  
2019-08-21 02:17:41,148 | INFO  | DNAudit | user=null | ip=null | op=WRITE_CHUNK {blockData=conID: 1 locID: 102652566641181357 bcsId: 0} | ret=SUCCESS |  
2019-08-21 02:17:41,148 | INFO  | DNAudit | user=null | ip=null | op=WRITE_CHUNK {blockData=conID: 1 locID: 102652566641181357 bcsId: 0} | ret=SUCCESS |  
2019-08-21 02:17:41,148 [grpc-default-executor-3] INFO  client.GrpcClientProtocolClient (GrpcClientProtocolClient.java:onNext(255)) - client-54CC064C3FCE->8224e767-71c1-41fc-a01a-d172d48fd9d8: receive RaftClientReply:client-54CC064C3FCE->8224e767-71c1-41fc-a01a-d172d48fd9d8@group-F6B37CC92441, cid=3417, SUCCESS, logIndex=0, commits[8224e767-71c1-41fc-a01a-d172d48fd9d8:c5150, 6eae0c21-01aa-4169-956f-5952b26ea7ba:c5148, 8d7dcba1-3b82-4d94-a832-514ef5c79cf8:c5148]
2019-08-21 02:17:41,150 | INFO  | DNAudit | user=null | ip=null | op=PUT_BLOCK {blockData=[blockId=conID: 1 locID: 102652566641181357 bcsId: 0,size=2097152]} | ret=SUCCESS |  
2019-08-21 02:17:41,150 | INFO  | DNAudit | user=null | ip=null | op=PUT_BLOCK {blockData=[blockId=conID: 1 locID: 102652566641181357 bcsId: 0,size=2097152]} | ret=SUCCESS |  
2019-08-21 02:17:41,155 | INFO  | DNAudit | user=null | ip=null | op=WRITE_CHUNK {blockData=conID: 1 locID: 102652566641181357 bcsId: 5149} | ret=SUCCESS |  
2019-08-21 02:17:41,156 | INFO  | DNAudit | user=null | ip=null | op=WRITE_CHUNK {blockData=conID: 1 locID: 102652566641181357 bcsId: 5149} | ret=SUCCESS |  
2019-08-21 02:17:41,156 | INFO  | DNAudit | user=null | ip=null | op=WRITE_CHUNK {blockData=conID: 1 locID: 102652566641181357 bcsId: 5149} | ret=SUCCESS |  
2019-08-21 02:17:41,164 | INFO  | DNAudit | user=null | ip=null | op=WRITE_CHUNK {blockData=conID: 1 locID: 102652566641181357 bcsId: 5149} | ret=SUCCESS |  
2019-08-21 02:17:41,165 | INFO  | DNAudit | user=null | ip=null | op=PUT_BLOCK {blockData=[blockId=conID: 1 locID: 102652566641181357 bcsId: 0,size=3145728]} | ret=SUCCESS |  
2019-08-21 02:17:41,165 [grpc-default-executor-0] INFO  client.GrpcClientProtocolClient (GrpcClientProtocolClient.java:onNext(255)) - client-54CC064C3FCE->8224e767-71c1-41fc-a01a-d172d48fd9d8: receive RaftClientReply:client-54CC064C3FCE->8224e767-71c1-41fc-a01a-d172d48fd9d8@group-F6B37CC92441, cid=3418, SUCCESS, logIndex=5153, commits[8224e767-71c1-41fc-a01a-d172d48fd9d8:c5154, 6eae0c21-01aa-4169-956f-5952b26ea7ba:c5152, 8d7dcba1-3b82-4d94-a832-514ef5c79cf8:c5152]
2019-08-21 02:17:41,165 [grpc-default-executor-0] INFO  client.GrpcClientProtocolClient (GrpcClientProtocolClient.java:onNext(255)) - client-54CC064C3FCE->8224e767-71c1-41fc-a01a-d172d48fd9d8: receive RaftClientReply:client-54CC064C3FCE->8224e767-71c1-41fc-a01a-d172d48fd9d8@group-F6B37CC92441, cid=3419, SUCCESS, logIndex=5154, commits[8224e767-71c1-41fc-a01a-d172d48fd9d8:c5154, 6eae0c21-01aa-4169-956f-5952b26ea7ba:c5152, 8d7dcba1-3b82-4d94-a832-514ef5c79cf8:c5152]
2019-08-21 02:17:41,171 | INFO  | DNAudit | user=null | ip=null | op=WRITE_CHUNK {blockData=conID: 1 locID: 102652566641181357 bcsId: 5154} | ret=SUCCESS |  
2019-08-21 02:17:41,172 | INFO  | DNAudit | user=null | ip=null | op=WRITE_CHUNK {blockData=conID: 1 locID: 102652566641181357 bcsId: 5154} | ret=SUCCESS |  
2019-08-21 02:17:41,173 | INFO  | DNAudit | user=null | ip=null | op=WRITE_CHUNK {blockData=conID: 1 locID: 102652566641181357 bcsId: 5154} | ret=SUCCESS |  
2019-08-21 02:17:41,176 | INFO  | DNAudit | user=null | ip=null | op=WRITE_CHUNK {blockData=conID: 1 locID: 102652566641181357 bcsId: 5149} | ret=SUCCESS |  
2019-08-21 02:17:41,176 | INFO  | DNAudit | user=null | ip=null | op=WRITE_CHUNK {blockData=conID: 1 locID: 102652566641181357 bcsId: 5149} | ret=SUCCESS |  
2019-08-21 02:17:41,178 | INFO  | DNAudit | user=null | ip=null | op=PUT_BLOCK {blockData=[blockId=conID: 1 locID: 102652566641181357 bcsId: 0,size=3145728]} | ret=SUCCESS |  
2019-08-21 02:17:41,179 | INFO  | DNAudit | user=null | ip=null | op=PUT_BLOCK {blockData=[blockId=conID: 1 locID: 102652566641181357 bcsId: 0,size=3145728]} | ret=SUCCESS |  
2019-08-21 02:17:41,179 | INFO  | DNAudit | user=null | ip=null | op=WRITE_CHUNK {blockData=conID: 1 locID: 102652566641181357 bcsId: 5154} | ret=SUCCESS |  
2019-08-21 02:17:41,179 | INFO  | DNAudit | user=null | ip=null | op=PUT_BLOCK {blockData=[blockId=conID: 1 locID: 102652566641181357 bcsId: 0,size=4194304]} | ret=SUCCESS |  
2019-08-21 02:17:41,180 [grpc-default-executor-3] INFO  client.GrpcClientProtocolClient (GrpcClientProtocolClient.java:onNext(255)) - client-54CC064C3FCE->8224e767-71c1-41fc-a01a-d172d48fd9d8: receive RaftClientReply:client-54CC064C3FCE->8224e767-71c1-41fc-a01a-d172d48fd9d8@group-F6B37CC92441, cid=3420, SUCCESS, logIndex=5157, commits[8224e767-71c1-41fc-a01a-d172d48fd9d8:c5158, 6eae0c21-01aa-4169-956f-5952b26ea7ba:c5154, 8d7dcba1-3b82-4d94-a832-514ef5c79cf8:c5154]
2019-08-21 02:17:41,180 [grpc-default-executor-3] INFO  client.GrpcClientProtocolClient (GrpcClientProtocolClient.java:onNext(255)) - client-54CC064C3FCE->8224e767-71c1-41fc-a01a-d172d48fd9d8: receive RaftClientReply:client-54CC064C3FCE->8224e767-71c1-41fc-a01a-d172d48fd9d8@group-F6B37CC92441, cid=3421, SUCCESS, logIndex=5158, commits[8224e767-71c1-41fc-a01a-d172d48fd9d8:c5158, 6eae0c21-01aa-4169-956f-5952b26ea7ba:c5154, 8d7dcba1-3b82-4d94-a832-514ef5c79cf8:c5154]
2019-08-21 02:17:41,190 | INFO  | DNAudit | user=null | ip=null | op=WRITE_CHUNK {blockData=conID: 1 locID: 102652566641181357 bcsId: 5154} | ret=SUCCESS |  
2019-08-21 02:17:41,191 | INFO  | DNAudit | user=null | ip=null | op=WRITE_CHUNK {blockData=conID: 1 locID: 102652566641181357 bcsId: 5154} | ret=SUCCESS |  
2019-08-21 02:17:41,191 | INFO  | DNAudit | user=null | ip=null | op=PUT_BLOCK {blockData=[blockId=conID: 1 locID: 102652566641181357 bcsId: 0,size=4194304]} | ret=SUCCESS |  
2019-08-21 02:17:41,191 | INFO  | DNAudit | user=null | ip=null | op=PUT_BLOCK {blockData=[blockId=conID: 1 locID: 102652566641181357 bcsId: 0,size=4194304]} | ret=SUCCESS |  
2019-08-21 02:17:41,191 [grpc-default-executor-3] INFO  client.GrpcClientProtocolClient (GrpcClientProtocolClient.java:onNext(255)) - client-54CC064C3FCE->8224e767-71c1-41fc-a01a-d172d48fd9d8: receive RaftClientReply:client-54CC064C3FCE->8224e767-71c1-41fc-a01a-d172d48fd9d8@group-F6B37CC92441, cid=3422, SUCCESS, logIndex=0, commits[8224e767-71c1-41fc-a01a-d172d48fd9d8:c5159, 6eae0c21-01aa-4169-956f-5952b26ea7ba:c5158, 8d7dcba1-3b82-4d94-a832-514ef5c79cf8:c5158]
2019-08-21 02:17:41,196 | INFO  | SCMAudit | user=jenkins1000 | ip=192.168.34.10 | op=ALLOCATE_BLOCK {owner=b6f66289-f2a0-4058-b052-0a85e40df67b, size=4194304, type=RATIS, factor=THREE} | ret=SUCCESS |  
2019-08-21 02:17:41,200 | INFO  | OMAudit | user=jenkins1000 | ip=127.0.0.1 | op=ALLOCATE_BLOCK {volume=vol-0-90982, bucket=bucket-0-24269, key=key-0-81262, dataSize=0, replicationType=null, replicationFactor=null, keyLocationInfo=null, clientID=102652564580991378} | ret=SUCCESS |  
2019-08-21 02:17:41,206 | INFO  | DNAudit | user=null | ip=null | op=WRITE_CHUNK {blockData=conID: 2 locID: 102652566647341742 bcsId: 0} | ret=SUCCESS |  
2019-08-21 02:17:41,208 | INFO  | DNAudit | user=null | ip=null | op=WRITE_CHUNK {blockData=conID: 2 locID: 102652566647341742 bcsId: 0} | ret=SUCCESS |  
2019-08-21 02:17:41,208 | INFO  | DNAudit | user=null | ip=null | op=WRITE_CHUNK {blockData=conID: 2 locID: 102652566647341742 bcsId: 0} | ret=SUCCESS |  
2019-08-21 02:17:41,209 | INFO  | DNAudit | user=null | ip=null | op=WRITE_CHUNK {blockData=conID: 2 locID: 102652566647341742 bcsId: 0} | ret=SUCCESS |  
2019-08-21 02:17:41,210 | INFO  | DNAudit | user=null | ip=null | op=WRITE_CHUNK {blockData=conID: 2 locID: 102652566647341742 bcsId: 0} | ret=SUCCESS |  
2019-08-21 02:17:41,210 | INFO  | DNAudit | user=null | ip=null | op=WRITE_CHUNK {blockData=conID: 2 locID: 102652566647341742 bcsId: 0} | ret=SUCCESS |  
2019-08-21 02:17:41,218 | INFO  | DNAudit | user=null | ip=null | op=WRITE_CHUNK {blockData=conID: 2 locID: 102652566647341742 bcsId: 0} | ret=SUCCESS |  
2019-08-21 02:17:41,219 | INFO  | DNAudit | user=null | ip=null | op=PUT_BLOCK {blockData=[blockId=conID: 2 locID: 102652566647341742 bcsId: 0,size=1048576]} | ret=SUCCESS |  
2019-08-21 02:17:41,219 | INFO  | DNAudit | user=null | ip=null | op=WRITE_CHUNK {blockData=conID: 2 locID: 102652566647341742 bcsId: 0} | ret=SUCCESS |  
2019-08-21 02:17:41,219 [grpc-default-executor-0] INFO  client.GrpcClientProtocolClient (GrpcClientProtocolClient.java:onNext(255)) - client-54CC064C3FCE->8224e767-71c1-41fc-a01a-d172d48fd9d8: receive RaftClientReply:client-54CC064C3FCE->8224e767-71c1-41fc-a01a-d172d48fd9d8@group-F6B37CC92441, cid=3423, SUCCESS, logIndex=5161, commits[8224e767-71c1-41fc-a01a-d172d48fd9d8:c5162, 6eae0c21-01aa-4169-956f-5952b26ea7ba:c5160, 8d7dcba1-3b82-4d94-a832-514ef5c79cf8:c5160]
2019-08-21 02:17:41,219 | INFO  | DNAudit | user=null | ip=null | op=PUT_BLOCK {blockData=[blockId=conID: 2 locID: 102652566647341742 bcsId: 0,size=2097152]} | ret=SUCCESS |  
2019-08-21 02:17:41,219 [grpc-default-executor-0] INFO  client.GrpcClientProtocolClient (GrpcClientProtocolClient.java:onNext(255)) - client-54CC064C3FCE->8224e767-71c1-41fc-a01a-d172d48fd9d8: receive RaftClientReply:client-54CC064C3FCE->8224e767-71c1-41fc-a01a-d172d48fd9d8@group-F6B37CC92441, cid=3424, SUCCESS, logIndex=5162, commits[8224e767-71c1-41fc-a01a-d172d48fd9d8:c5163, 6eae0c21-01aa-4169-956f-5952b26ea7ba:c5160, 8d7dcba1-3b82-4d94-a832-514ef5c79cf8:c5160]
2019-08-21 02:17:41,219 [grpc-default-executor-0] INFO  client.GrpcClientProtocolClient (GrpcClientProtocolClient.java:onNext(255)) - client-54CC064C3FCE->8224e767-71c1-41fc-a01a-d172d48fd9d8: receive RaftClientReply:client-54CC064C3FCE->8224e767-71c1-41fc-a01a-d172d48fd9d8@group-F6B37CC92441, cid=3425, SUCCESS, logIndex=5163, commits[8224e767-71c1-41fc-a01a-d172d48fd9d8:c5164, 6eae0c21-01aa-4169-956f-5952b26ea7ba:c5160, 8d7dcba1-3b82-4d94-a832-514ef5c79cf8:c5160]
2019-08-21 02:17:41,220 [grpc-default-executor-0] INFO  client.GrpcClientProtocolClient (GrpcClientProtocolClient.java:onNext(255)) - client-54CC064C3FCE->8224e767-71c1-41fc-a01a-d172d48fd9d8: receive RaftClientReply:client-54CC064C3FCE->8224e767-71c1-41fc-a01a-d172d48fd9d8@group-F6B37CC92441, cid=3426, SUCCESS, logIndex=5164, commits[8224e767-71c1-41fc-a01a-d172d48fd9d8:c5164, 6eae0c21-01aa-4169-956f-5952b26ea7ba:c5160, 8d7dcba1-3b82-4d94-a832-514ef5c79cf8:c5160]
2019-08-21 02:17:41,221 | INFO  | DNAudit | user=null | ip=null | op=WRITE_CHUNK {blockData=conID: 2 locID: 102652566647341742 bcsId: 0} | ret=SUCCESS |  
2019-08-21 02:17:41,221 | INFO  | DNAudit | user=null | ip=null | op=PUT_BLOCK {blockData=[blockId=conID: 2 locID: 102652566647341742 bcsId: 0,size=1048576]} | ret=SUCCESS |  
2019-08-21 02:17:41,232 | INFO  | DNAudit | user=null | ip=null | op=WRITE_CHUNK {blockData=conID: 2 locID: 102652566647341742 bcsId: 0} | ret=SUCCESS |  
2019-08-21 02:17:41,232 | INFO  | DNAudit | user=null | ip=null | op=PUT_BLOCK {blockData=[blockId=conID: 2 locID: 102652566647341742 bcsId: 0,size=1048576]} | ret=SUCCESS |  
2019-08-21 02:17:41,233 | INFO  | DNAudit | user=null | ip=null | op=WRITE_CHUNK {blockData=conID: 2 locID: 102652566647341742 bcsId: 0} | ret=SUCCESS |  
2019-08-21 02:17:41,233 [grpc-default-executor-1] INFO  client.GrpcClientProtocolClient (GrpcClientProtocolClient.java:onNext(255)) - client-54CC064C3FCE->8224e767-71c1-41fc-a01a-d172d48fd9d8: receive RaftClientReply:client-54CC064C3FCE->8224e767-71c1-41fc-a01a-d172d48fd9d8@group-F6B37CC92441, cid=3427, SUCCESS, logIndex=0, commits[8224e767-71c1-41fc-a01a-d172d48fd9d8:c5166, 6eae0c21-01aa-4169-956f-5952b26ea7ba:c5162, 8d7dcba1-3b82-4d94-a832-514ef5c79cf8:c5162]
2019-08-21 02:17:41,233 | INFO  | DNAudit | user=null | ip=null | op=PUT_BLOCK {blockData=[blockId=conID: 2 locID: 102652566647341742 bcsId: 0,size=2097152]} | ret=SUCCESS |  
2019-08-21 02:17:41,233 | INFO  | DNAudit | user=null | ip=null | op=WRITE_CHUNK {blockData=conID: 2 locID: 102652566647341742 bcsId: 0} | ret=SUCCESS |  
2019-08-21 02:17:41,233 | INFO  | DNAudit | user=null | ip=null | op=PUT_BLOCK {blockData=[blockId=conID: 2 locID: 102652566647341742 bcsId: 0,size=2097152]} | ret=SUCCESS |  
2019-08-21 02:17:41,238 | INFO  | DNAudit | user=null | ip=null | op=WRITE_CHUNK {blockData=conID: 2 locID: 102652566647341742 bcsId: 5164} | ret=SUCCESS |  
2019-08-21 02:17:41,239 | INFO  | DNAudit | user=null | ip=null | op=WRITE_CHUNK {blockData=conID: 2 locID: 102652566647341742 bcsId: 5164} | ret=SUCCESS |  
2019-08-21 02:17:41,241 | INFO  | DNAudit | user=null | ip=null | op=WRITE_CHUNK {blockData=conID: 2 locID: 102652566647341742 bcsId: 5164} | ret=SUCCESS |  
2019-08-21 02:17:41,251 | INFO  | DNAudit | user=null | ip=null | op=WRITE_CHUNK {blockData=conID: 2 locID: 102652566647341742 bcsId: 5164} | ret=SUCCESS |  
2019-08-21 02:17:41,251 | INFO  | DNAudit | user=null | ip=null | op=PUT_BLOCK {blockData=[blockId=conID: 2 locID: 102652566647341742 bcsId: 0,size=3145728]} | ret=SUCCESS |  
2019-08-21 02:17:41,251 [grpc-default-executor-0] INFO  client.GrpcClientProtocolClient (GrpcClientProtocolClient.java:onNext(255)) - client-54CC064C3FCE->8224e767-71c1-41fc-a01a-d172d48fd9d8: receive RaftClientReply:client-54CC064C3FCE->8224e767-71c1-41fc-a01a-d172d48fd9d8@group-F6B37CC92441, cid=3428, SUCCESS, logIndex=5169, commits[8224e767-71c1-41fc-a01a-d172d48fd9d8:c5170, 6eae0c21-01aa-4169-956f-5952b26ea7ba:c5168, 8d7dcba1-3b82-4d94-a832-514ef5c79cf8:c5168]
2019-08-21 02:17:41,252 [grpc-default-executor-0] INFO  client.GrpcClientProtocolClient (GrpcClientProtocolClient.java:onNext(255)) - client-54CC064C3FCE->8224e767-71c1-41fc-a01a-d172d48fd9d8: receive RaftClientReply:client-54CC064C3FCE->8224e767-71c1-41fc-a01a-d172d48fd9d8@group-F6B37CC92441, cid=3429, SUCCESS, logIndex=5170, commits[8224e767-71c1-41fc-a01a-d172d48fd9d8:c5170, 6eae0c21-01aa-4169-956f-5952b26ea7ba:c5168, 8d7dcba1-3b82-4d94-a832-514ef5c79cf8:c5168]
2019-08-21 02:17:41,257 | INFO  | DNAudit | user=null | ip=null | op=WRITE_CHUNK {blockData=conID: 2 locID: 102652566647341742 bcsId: 5170} | ret=SUCCESS |  
2019-08-21 02:17:41,258 | INFO  | DNAudit | user=null | ip=null | op=WRITE_CHUNK {blockData=conID: 2 locID: 102652566647341742 bcsId: 5170} | ret=SUCCESS |  
2019-08-21 02:17:41,259 | INFO  | DNAudit | user=null | ip=null | op=WRITE_CHUNK {blockData=conID: 2 locID: 102652566647341742 bcsId: 5170} | ret=SUCCESS |  
2019-08-21 02:17:41,264 | INFO  | DNAudit | user=null | ip=null | op=WRITE_CHUNK {blockData=conID: 2 locID: 102652566647341742 bcsId: 5164} | ret=SUCCESS |  
2019-08-21 02:17:41,264 | INFO  | DNAudit | user=null | ip=null | op=WRITE_CHUNK {blockData=conID: 2 locID: 102652566647341742 bcsId: 5164} | ret=SUCCESS |  
2019-08-21 02:17:41,275 | INFO  | DNAudit | user=null | ip=null | op=PUT_BLOCK {blockData=[blockId=conID: 2 locID: 102652566647341742 bcsId: 0,size=3145728]} | ret=SUCCESS |  
2019-08-21 02:17:41,275 | INFO  | DNAudit | user=null | ip=null | op=PUT_BLOCK {blockData=[blockId=conID: 2 locID: 102652566647341742 bcsId: 0,size=3145728]} | ret=SUCCESS |  
2019-08-21 02:17:41,276 | INFO  | DNAudit | user=null | ip=null | op=WRITE_CHUNK {blockData=conID: 2 locID: 102652566647341742 bcsId: 5170} | ret=SUCCESS |  
2019-08-21 02:17:41,276 | INFO  | DNAudit | user=null | ip=null | op=PUT_BLOCK {blockData=[blockId=conID: 2 locID: 102652566647341742 bcsId: 0,size=4194304]} | ret=SUCCESS |  
2019-08-21 02:17:41,276 [grpc-default-executor-3] INFO  client.GrpcClientProtocolClient (GrpcClientProtocolClient.java:onNext(255)) - client-54CC064C3FCE->8224e767-71c1-41fc-a01a-d172d48fd9d8: receive RaftClientReply:client-54CC064C3FCE->8224e767-71c1-41fc-a01a-d172d48fd9d8@group-F6B37CC92441, cid=3430, SUCCESS, logIndex=5173, commits[8224e767-71c1-41fc-a01a-d172d48fd9d8:c5174, 6eae0c21-01aa-4169-956f-5952b26ea7ba:c5170, 8d7dcba1-3b82-4d94-a832-514ef5c79cf8:c5170]
2019-08-21 02:17:41,277 [grpc-default-executor-3] INFO  client.GrpcClientProtocolClient (GrpcClientProtocolClient.java:onNext(255)) - client-54CC064C3FCE->8224e767-71c1-41fc-a01a-d172d48fd9d8: receive RaftClientReply:client-54CC064C3FCE->8224e767-71c1-41fc-a01a-d172d48fd9d8@group-F6B37CC92441, cid=3431, SUCCESS, logIndex=5174, commits[8224e767-71c1-41fc-a01a-d172d48fd9d8:c5174, 6eae0c21-01aa-4169-956f-5952b26ea7ba:c5170, 8d7dcba1-3b82-4d94-a832-514ef5c79cf8:c5170]
2019-08-21 02:17:41,289 | INFO  | DNAudit | user=null | ip=null | op=WRITE_CHUNK {blockData=conID: 2 locID: 102652566647341742 bcsId: 5170} | ret=SUCCESS |  
2019-08-21 02:17:41,289 | INFO  | DNAudit | user=null | ip=null | op=WRITE_CHUNK {blockData=conID: 2 locID: 102652566647341742 bcsId: 5170} | ret=SUCCESS |  
2019-08-21 02:17:41,302 | INFO  | DNAudit | user=null | ip=null | op=PUT_BLOCK {blockData=[blockId=conID: 2 locID: 102652566647341742 bcsId: 0,size=4194304]} | ret=SUCCESS |  
2019-08-21 02:17:41,302 | INFO  | DNAudit | user=null | ip=null | op=PUT_BLOCK {blockData=[blockId=conID: 2 locID: 102652566647341742 bcsId: 0,size=4194304]} | ret=SUCCESS |  
2019-08-21 02:17:41,302 [grpc-default-executor-3] INFO  client.GrpcClientProtocolClient (GrpcClientProtocolClient.java:onNext(255)) - client-54CC064C3FCE->8224e767-71c1-41fc-a01a-d172d48fd9d8: receive RaftClientReply:client-54CC064C3FCE->8224e767-71c1-41fc-a01a-d172d48fd9d8@group-F6B37CC92441, cid=3432, SUCCESS, logIndex=0, commits[8224e767-71c1-41fc-a01a-d172d48fd9d8:c5176, 6eae0c21-01aa-4169-956f-5952b26ea7ba:c5174, 8d7dcba1-3b82-4d94-a832-514ef5c79cf8:c5174]
2019-08-21 02:17:41,310 | INFO  | SCMAudit | user=jenkins1000 | ip=192.168.34.10 | op=ALLOCATE_BLOCK {owner=b6f66289-f2a0-4058-b052-0a85e40df67b, size=4194304, type=RATIS, factor=THREE} | ret=SUCCESS |  
2019-08-21 02:17:41,316 | INFO  | OMAudit | user=jenkins1000 | ip=127.0.0.1 | op=ALLOCATE_BLOCK {volume=vol-0-90982, bucket=bucket-0-24269, key=key-0-81262, dataSize=0, replicationType=null, replicationFactor=null, keyLocationInfo=null, clientID=102652564580991378} | ret=SUCCESS |  
2019-08-21 02:17:41,322 | INFO  | DNAudit | user=null | ip=null | op=WRITE_CHUNK {blockData=conID: 3 locID: 102652566654812847 bcsId: 0} | ret=SUCCESS |  
2019-08-21 02:17:41,325 | INFO  | DNAudit | user=null | ip=null | op=WRITE_CHUNK {blockData=conID: 3 locID: 102652566654812847 bcsId: 0} | ret=SUCCESS |  
2019-08-21 02:17:41,326 | INFO  | DNAudit | user=null | ip=null | op=WRITE_CHUNK {blockData=conID: 3 locID: 102652566654812847 bcsId: 0} | ret=SUCCESS |  
2019-08-21 02:17:41,326 | INFO  | DNAudit | user=null | ip=null | op=WRITE_CHUNK {blockData=conID: 3 locID: 102652566654812847 bcsId: 0} | ret=SUCCESS |  
2019-08-21 02:17:41,327 | INFO  | DNAudit | user=null | ip=null | op=WRITE_CHUNK {blockData=conID: 3 locID: 102652566654812847 bcsId: 0} | ret=SUCCESS |  
2019-08-21 02:17:41,328 | INFO  | DNAudit | user=null | ip=null | op=WRITE_CHUNK {blockData=conID: 3 locID: 102652566654812847 bcsId: 0} | ret=SUCCESS |  
2019-08-21 02:17:41,336 | INFO  | DNAudit | user=null | ip=null | op=WRITE_CHUNK {blockData=conID: 3 locID: 102652566654812847 bcsId: 0} | ret=SUCCESS |  
2019-08-21 02:17:41,336 | INFO  | DNAudit | user=null | ip=null | op=PUT_BLOCK {blockData=[blockId=conID: 3 locID: 102652566654812847 bcsId: 0,size=1048576]} | ret=SUCCESS |  
2019-08-21 02:17:41,337 [grpc-default-executor-1] INFO  client.GrpcClientProtocolClient (GrpcClientProtocolClient.java:onNext(255)) - client-54CC064C3FCE->8224e767-71c1-41fc-a01a-d172d48fd9d8: receive RaftClientReply:client-54CC064C3FCE->8224e767-71c1-41fc-a01a-d172d48fd9d8@group-F6B37CC92441, cid=3433, SUCCESS, logIndex=5177, commits[8224e767-71c1-41fc-a01a-d172d48fd9d8:c5178, 6eae0c21-01aa-4169-956f-5952b26ea7ba:c5176, 8d7dcba1-3b82-4d94-a832-514ef5c79cf8:c5176]
2019-08-21 02:17:41,337 [grpc-default-executor-1] INFO  client.GrpcClientProtocolClient (GrpcClientProtocolClient.java:onNext(255)) - client-54CC064C3FCE->8224e767-71c1-41fc-a01a-d172d48fd9d8: receive RaftClientReply:client-54CC064C3FCE->8224e767-71c1-41fc-a01a-d172d48fd9d8@group-F6B37CC92441, cid=3434, SUCCESS, logIndex=5178, commits[8224e767-71c1-41fc-a01a-d172d48fd9d8:c5178, 6eae0c21-01aa-4169-956f-5952b26ea7ba:c5176, 8d7dcba1-3b82-4d94-a832-514ef5c79cf8:c5176]
2019-08-21 02:17:41,349 | INFO  | DNAudit | user=null | ip=null | op=WRITE_CHUNK {blockData=conID: 3 locID: 102652566654812847 bcsId: 0} | ret=SUCCESS |  
2019-08-21 02:17:41,350 | INFO  | DNAudit | user=null | ip=null | op=PUT_BLOCK {blockData=[blockId=conID: 3 locID: 102652566654812847 bcsId: 0,size=2097152]} | ret=SUCCESS |  
2019-08-21 02:17:41,350 [grpc-default-executor-0] INFO  client.GrpcClientProtocolClient (GrpcClientProtocolClient.java:onNext(255)) - client-54CC064C3FCE->8224e767-71c1-41fc-a01a-d172d48fd9d8: receive RaftClientReply:client-54CC064C3FCE->8224e767-71c1-41fc-a01a-d172d48fd9d8@group-F6B37CC92441, cid=3435, SUCCESS, logIndex=5179, commits[8224e767-71c1-41fc-a01a-d172d48fd9d8:c5180, 6eae0c21-01aa-4169-956f-5952b26ea7ba:c5176, 8d7dcba1-3b82-4d94-a832-514ef5c79cf8:c5176]
2019-08-21 02:17:41,350 [grpc-default-executor-0] INFO  client.GrpcClientProtocolClient (GrpcClientProtocolClient.java:onNext(255)) - client-54CC064C3FCE->8224e767-71c1-41fc-a01a-d172d48fd9d8: receive RaftClientReply:client-54CC064C3FCE->8224e767-71c1-41fc-a01a-d172d48fd9d8@group-F6B37CC92441, cid=3436, SUCCESS, logIndex=5180, commits[8224e767-71c1-41fc-a01a-d172d48fd9d8:c5180, 6eae0c21-01aa-4169-956f-5952b26ea7ba:c5176, 8d7dcba1-3b82-4d94-a832-514ef5c79cf8:c5176]
2019-08-21 02:17:41,351 | INFO  | DNAudit | user=null | ip=null | op=WRITE_CHUNK {blockData=conID: 3 locID: 102652566654812847 bcsId: 0} | ret=SUCCESS |  
2019-08-21 02:17:41,351 | INFO  | DNAudit | user=null | ip=null | op=PUT_BLOCK {blockData=[blockId=conID: 3 locID: 102652566654812847 bcsId: 0,size=1048576]} | ret=SUCCESS |  
2019-08-21 02:17:41,351 | INFO  | DNAudit | user=null | ip=null | op=WRITE_CHUNK {blockData=conID: 3 locID: 102652566654812847 bcsId: 0} | ret=SUCCESS |  
2019-08-21 02:17:41,352 | INFO  | DNAudit | user=null | ip=null | op=PUT_BLOCK {blockData=[blockId=conID: 3 locID: 102652566654812847 bcsId: 0,size=1048576]} | ret=SUCCESS |  
2019-08-21 02:17:41,352 [grpc-default-executor-3] INFO  client.GrpcClientProtocolClient (GrpcClientProtocolClient.java:onNext(255)) - client-54CC064C3FCE->8224e767-71c1-41fc-a01a-d172d48fd9d8: receive RaftClientReply:client-54CC064C3FCE->8224e767-71c1-41fc-a01a-d172d48fd9d8@group-F6B37CC92441, cid=3437, SUCCESS, logIndex=0, commits[8224e767-71c1-41fc-a01a-d172d48fd9d8:c5181, 6eae0c21-01aa-4169-956f-5952b26ea7ba:c5178, 8d7dcba1-3b82-4d94-a832-514ef5c79cf8:c5178]
2019-08-21 02:17:41,355 | INFO  | DNAudit | user=null | ip=null | op=WRITE_CHUNK {blockData=conID: 3 locID: 102652566654812847 bcsId: 0} | ret=SUCCESS |  
2019-08-21 02:17:41,355 | INFO  | DNAudit | user=null | ip=null | op=WRITE_CHUNK {blockData=conID: 3 locID: 102652566654812847 bcsId: 0} | ret=SUCCESS |  
2019-08-21 02:17:41,355 | INFO  | DNAudit | user=null | ip=null | op=PUT_BLOCK {blockData=[blockId=conID: 3 locID: 102652566654812847 bcsId: 0,size=2097152]} | ret=SUCCESS |  
2019-08-21 02:17:41,356 | INFO  | DNAudit | user=null | ip=null | op=PUT_BLOCK {blockData=[blockId=conID: 3 locID: 102652566654812847 bcsId: 0,size=2097152]} | ret=SUCCESS |  
2019-08-21 02:17:41,357 | INFO  | DNAudit | user=null | ip=null | op=WRITE_CHUNK {blockData=conID: 3 locID: 102652566654812847 bcsId: 5180} | ret=SUCCESS |  
2019-08-21 02:17:41,361 | INFO  | DNAudit | user=null | ip=null | op=WRITE_CHUNK {blockData=conID: 3 locID: 102652566654812847 bcsId: 5180} | ret=SUCCESS |  
2019-08-21 02:17:41,361 | INFO  | DNAudit | user=null | ip=null | op=WRITE_CHUNK {blockData=conID: 3 locID: 102652566654812847 bcsId: 5180} | ret=SUCCESS |  
2019-08-21 02:17:41,363 | INFO  | DNAudit | user=null | ip=null | op=WRITE_CHUNK {blockData=conID: 3 locID: 102652566654812847 bcsId: 5180} | ret=SUCCESS |  
2019-08-21 02:17:41,363 | INFO  | DNAudit | user=null | ip=null | op=PUT_BLOCK {blockData=[blockId=conID: 3 locID: 102652566654812847 bcsId: 0,size=3145728]} | ret=SUCCESS |  
2019-08-21 02:17:41,363 [grpc-default-executor-3] INFO  client.GrpcClientProtocolClient (GrpcClientProtocolClient.java:onNext(255)) - client-54CC064C3FCE->8224e767-71c1-41fc-a01a-d172d48fd9d8: receive RaftClientReply:client-54CC064C3FCE->8224e767-71c1-41fc-a01a-d172d48fd9d8@group-F6B37CC92441, cid=3438, SUCCESS, logIndex=5185, commits[8224e767-71c1-41fc-a01a-d172d48fd9d8:c5186, 6eae0c21-01aa-4169-956f-5952b26ea7ba:c5180, 8d7dcba1-3b82-4d94-a832-514ef5c79cf8:c5184]
2019-08-21 02:17:41,364 [grpc-default-executor-3] INFO  client.GrpcClientProtocolClient (GrpcClientProtocolClient.java:onNext(255)) - client-54CC064C3FCE->8224e767-71c1-41fc-a01a-d172d48fd9d8: receive RaftClientReply:client-54CC064C3FCE->8224e767-71c1-41fc-a01a-d172d48fd9d8@group-F6B37CC92441, cid=3439, SUCCESS, logIndex=5186, commits[8224e767-71c1-41fc-a01a-d172d48fd9d8:c5186, 6eae0c21-01aa-4169-956f-5952b26ea7ba:c5180, 8d7dcba1-3b82-4d94-a832-514ef5c79cf8:c5184]
2019-08-21 02:17:41,366 | INFO  | DNAudit | user=null | ip=null | op=WRITE_CHUNK {blockData=conID: 3 locID: 102652566654812847 bcsId: 5180} | ret=SUCCESS |  
2019-08-21 02:17:41,366 | INFO  | DNAudit | user=null | ip=null | op=PUT_BLOCK {blockData=[blockId=conID: 3 locID: 102652566654812847 bcsId: 0,size=3145728]} | ret=SUCCESS |  
2019-08-21 02:17:41,368 | INFO  | DNAudit | user=null | ip=null | op=WRITE_CHUNK {blockData=conID: 3 locID: 102652566654812847 bcsId: 5180} | ret=SUCCESS |  
2019-08-21 02:17:41,368 | INFO  | DNAudit | user=null | ip=null | op=PUT_BLOCK {blockData=[blockId=conID: 3 locID: 102652566654812847 bcsId: 0,size=3145728]} | ret=SUCCESS |  
2019-08-21 02:17:41,371 | INFO  | DNAudit | user=null | ip=null | op=WRITE_CHUNK {blockData=conID: 3 locID: 102652566654812847 bcsId: 5186} | ret=SUCCESS |  
2019-08-21 02:17:41,371 | INFO  | DNAudit | user=null | ip=null | op=WRITE_CHUNK {blockData=conID: 3 locID: 102652566654812847 bcsId: 5186} | ret=SUCCESS |  
2019-08-21 02:17:41,372 | INFO  | DNAudit | user=null | ip=null | op=WRITE_CHUNK {blockData=conID: 3 locID: 102652566654812847 bcsId: 5186} | ret=SUCCESS |  
2019-08-21 02:17:41,389 | INFO  | DNAudit | user=null | ip=null | op=WRITE_CHUNK {blockData=conID: 3 locID: 102652566654812847 bcsId: 5186} | ret=SUCCESS |  
2019-08-21 02:17:41,390 | INFO  | DNAudit | user=null | ip=null | op=PUT_BLOCK {blockData=[blockId=conID: 3 locID: 102652566654812847 bcsId: 0,size=4194304]} | ret=SUCCESS |  
2019-08-21 02:17:41,390 [grpc-default-executor-3] INFO  client.GrpcClientProtocolClient (GrpcClientProtocolClient.java:onNext(255)) - client-54CC064C3FCE->8224e767-71c1-41fc-a01a-d172d48fd9d8: receive RaftClientReply:client-54CC064C3FCE->8224e767-71c1-41fc-a01a-d172d48fd9d8@group-F6B37CC92441, cid=3440, SUCCESS, logIndex=5189, commits[8224e767-71c1-41fc-a01a-d172d48fd9d8:c5190, 6eae0c21-01aa-4169-956f-5952b26ea7ba:c5188, 8d7dcba1-3b82-4d94-a832-514ef5c79cf8:c5188]
2019-08-21 02:17:41,390 [grpc-default-executor-3] INFO  client.GrpcClientProtocolClient (GrpcClientProtocolClient.java:onNext(255)) - client-54CC064C3FCE->8224e767-71c1-41fc-a01a-d172d48fd9d8: receive RaftClientReply:client-54CC064C3FCE->8224e767-71c1-41fc-a01a-d172d48fd9d8@group-F6B37CC92441, cid=3441, SUCCESS, logIndex=5190, commits[8224e767-71c1-41fc-a01a-d172d48fd9d8:c5190, 6eae0c21-01aa-4169-956f-5952b26ea7ba:c5188, 8d7dcba1-3b82-4d94-a832-514ef5c79cf8:c5188]
2019-08-21 02:17:41,401 | INFO  | DNAudit | user=null | ip=null | op=WRITE_CHUNK {blockData=conID: 3 locID: 102652566654812847 bcsId: 5186} | ret=SUCCESS |  
2019-08-21 02:17:41,401 | INFO  | DNAudit | user=null | ip=null | op=WRITE_CHUNK {blockData=conID: 3 locID: 102652566654812847 bcsId: 5186} | ret=SUCCESS |  
2019-08-21 02:17:41,401 | INFO  | DNAudit | user=null | ip=null | op=PUT_BLOCK {blockData=[blockId=conID: 3 locID: 102652566654812847 bcsId: 0,size=4194304]} | ret=SUCCESS |  
2019-08-21 02:17:41,401 | INFO  | DNAudit | user=null | ip=null | op=PUT_BLOCK {blockData=[blockId=conID: 3 locID: 102652566654812847 bcsId: 0,size=4194304]} | ret=SUCCESS |  
2019-08-21 02:17:41,401 [grpc-default-executor-3] INFO  client.GrpcClientProtocolClient (GrpcClientProtocolClient.java:onNext(255)) - client-54CC064C3FCE->8224e767-71c1-41fc-a01a-d172d48fd9d8: receive RaftClientReply:client-54CC064C3FCE->8224e767-71c1-41fc-a01a-d172d48fd9d8@group-F6B37CC92441, cid=3442, SUCCESS, logIndex=0, commits[8224e767-71c1-41fc-a01a-d172d48fd9d8:c5191, 6eae0c21-01aa-4169-956f-5952b26ea7ba:c5190, 8d7dcba1-3b82-4d94-a832-514ef5c79cf8:c5190]
2019-08-21 02:17:41,406 | INFO  | SCMAudit | user=jenkins1000 | ip=192.168.34.10 | op=ALLOCATE_BLOCK {owner=b6f66289-f2a0-4058-b052-0a85e40df67b, size=4194304, type=RATIS, factor=THREE} | ret=SUCCESS |  
2019-08-21 02:17:41,410 | INFO  | OMAudit | user=jenkins1000 | ip=127.0.0.1 | op=ALLOCATE_BLOCK {volume=vol-0-90982, bucket=bucket-0-24269, key=key-0-81262, dataSize=0, replicationType=null, replicationFactor=null, keyLocationInfo=null, clientID=102652564580991378} | ret=SUCCESS |  
2019-08-21 02:17:41,416 | INFO  | DNAudit | user=null | ip=null | op=WRITE_CHUNK {blockData=conID: 1 locID: 102652566661104304 bcsId: 0} | ret=SUCCESS |  
2019-08-21 02:17:41,419 | INFO  | DNAudit | user=null | ip=null | op=WRITE_CHUNK {blockData=conID: 1 locID: 102652566661104304 bcsId: 0} | ret=SUCCESS |  
2019-08-21 02:17:41,419 | INFO  | DNAudit | user=null | ip=null | op=WRITE_CHUNK {blockData=conID: 1 locID: 102652566661104304 bcsId: 0} | ret=SUCCESS |  
2019-08-21 02:17:41,419 | INFO  | DNAudit | user=null | ip=null | op=WRITE_CHUNK {blockData=conID: 1 locID: 102652566661104304 bcsId: 0} | ret=SUCCESS |  
2019-08-21 02:17:41,421 | INFO  | DNAudit | user=null | ip=null | op=WRITE_CHUNK {blockData=conID: 1 locID: 102652566661104304 bcsId: 0} | ret=SUCCESS |  
2019-08-21 02:17:41,421 | INFO  | DNAudit | user=null | ip=null | op=WRITE_CHUNK {blockData=conID: 1 locID: 102652566661104304 bcsId: 0} | ret=SUCCESS |  
2019-08-21 02:17:41,429 | INFO  | DNAudit | user=null | ip=null | op=WRITE_CHUNK {blockData=conID: 1 locID: 102652566661104304 bcsId: 0} | ret=SUCCESS |  
2019-08-21 02:17:41,429 | INFO  | DNAudit | user=null | ip=null | op=PUT_BLOCK {blockData=[blockId=conID: 1 locID: 102652566661104304 bcsId: 0,size=1048576]} | ret=SUCCESS |  
2019-08-21 02:17:41,430 | INFO  | DNAudit | user=null | ip=null | op=WRITE_CHUNK {blockData=conID: 1 locID: 102652566661104304 bcsId: 0} | ret=SUCCESS |  
2019-08-21 02:17:41,429 [grpc-default-executor-1] INFO  client.GrpcClientProtocolClient (GrpcClientProtocolClient.java:onNext(255)) - client-54CC064C3FCE->8224e767-71c1-41fc-a01a-d172d48fd9d8: receive RaftClientReply:client-54CC064C3FCE->8224e767-71c1-41fc-a01a-d172d48fd9d8@group-F6B37CC92441, cid=3443, SUCCESS, logIndex=5193, commits[8224e767-71c1-41fc-a01a-d172d48fd9d8:c5195, 6eae0c21-01aa-4169-956f-5952b26ea7ba:c5192, 8d7dcba1-3b82-4d94-a832-514ef5c79cf8:c5192]
2019-08-21 02:17:41,430 | INFO  | DNAudit | user=null | ip=null | op=PUT_BLOCK {blockData=[blockId=conID: 1 locID: 102652566661104304 bcsId: 0,size=2097152]} | ret=SUCCESS |  
2019-08-21 02:17:41,430 [grpc-default-executor-1] INFO  client.GrpcClientProtocolClient (GrpcClientProtocolClient.java:onNext(255)) - client-54CC064C3FCE->8224e767-71c1-41fc-a01a-d172d48fd9d8: receive RaftClientReply:client-54CC064C3FCE->8224e767-71c1-41fc-a01a-d172d48fd9d8@group-F6B37CC92441, cid=3444, SUCCESS, logIndex=5194, commits[8224e767-71c1-41fc-a01a-d172d48fd9d8:c5196, 6eae0c21-01aa-4169-956f-5952b26ea7ba:c5192, 8d7dcba1-3b82-4d94-a832-514ef5c79cf8:c5192]
2019-08-21 02:17:41,430 [grpc-default-executor-1] INFO  client.GrpcClientProtocolClient (GrpcClientProtocolClient.java:onNext(255)) - client-54CC064C3FCE->8224e767-71c1-41fc-a01a-d172d48fd9d8: receive RaftClientReply:client-54CC064C3FCE->8224e767-71c1-41fc-a01a-d172d48fd9d8@group-F6B37CC92441, cid=3445, SUCCESS, logIndex=5195, commits[8224e767-71c1-41fc-a01a-d172d48fd9d8:c5196, 6eae0c21-01aa-4169-956f-5952b26ea7ba:c5192, 8d7dcba1-3b82-4d94-a832-514ef5c79cf8:c5192]
2019-08-21 02:17:41,430 [grpc-default-executor-1] INFO  client.GrpcClientProtocolClient (GrpcClientProtocolClient.java:onNext(255)) - client-54CC064C3FCE->8224e767-71c1-41fc-a01a-d172d48fd9d8: receive RaftClientReply:client-54CC064C3FCE->8224e767-71c1-41fc-a01a-d172d48fd9d8@group-F6B37CC92441, cid=3446, SUCCESS, logIndex=5196, commits[8224e767-71c1-41fc-a01a-d172d48fd9d8:c5196, 6eae0c21-01aa-4169-956f-5952b26ea7ba:c5192, 8d7dcba1-3b82-4d94-a832-514ef5c79cf8:c5192]
2019-08-21 02:17:41,442 | INFO  | DNAudit | user=null | ip=null | op=WRITE_CHUNK {blockData=conID: 1 locID: 102652566661104304 bcsId: 0} | ret=SUCCESS |  
2019-08-21 02:17:41,442 | INFO  | DNAudit | user=null | ip=null | op=WRITE_CHUNK {blockData=conID: 1 locID: 102652566661104304 bcsId: 0} | ret=SUCCESS |  
2019-08-21 02:17:41,442 | INFO  | DNAudit | user=null | ip=null | op=PUT_BLOCK {blockData=[blockId=conID: 1 locID: 102652566661104304 bcsId: 0,size=1048576]} | ret=SUCCESS |  
2019-08-21 02:17:41,442 | INFO  | DNAudit | user=null | ip=null | op=PUT_BLOCK {blockData=[blockId=conID: 1 locID: 102652566661104304 bcsId: 0,size=1048576]} | ret=SUCCESS |  
2019-08-21 02:17:41,443 | INFO  | DNAudit | user=null | ip=null | op=WRITE_CHUNK {blockData=conID: 1 locID: 102652566661104304 bcsId: 0} | ret=SUCCESS |  
2019-08-21 02:17:41,443 | INFO  | DNAudit | user=null | ip=null | op=WRITE_CHUNK {blockData=conID: 1 locID: 102652566661104304 bcsId: 0} | ret=SUCCESS |  
2019-08-21 02:17:41,443 | INFO  | DNAudit | user=null | ip=null | op=PUT_BLOCK {blockData=[blockId=conID: 1 locID: 102652566661104304 bcsId: 0,size=2097152]} | ret=SUCCESS |  
2019-08-21 02:17:41,443 [grpc-default-executor-1] INFO  client.GrpcClientProtocolClient (GrpcClientProtocolClient.java:onNext(255)) - client-54CC064C3FCE->8224e767-71c1-41fc-a01a-d172d48fd9d8: receive RaftClientReply:client-54CC064C3FCE->8224e767-71c1-41fc-a01a-d172d48fd9d8@group-F6B37CC92441, cid=3447, SUCCESS, logIndex=0, commits[8224e767-71c1-41fc-a01a-d172d48fd9d8:c5198, 6eae0c21-01aa-4169-956f-5952b26ea7ba:c5194, 8d7dcba1-3b82-4d94-a832-514ef5c79cf8:c5194]
2019-08-21 02:17:41,443 | INFO  | DNAudit | user=null | ip=null | op=PUT_BLOCK {blockData=[blockId=conID: 1 locID: 102652566661104304 bcsId: 0,size=2097152]} | ret=SUCCESS |  
2019-08-21 02:17:41,449 | INFO  | DNAudit | user=null | ip=null | op=WRITE_CHUNK {blockData=conID: 1 locID: 102652566661104304 bcsId: 5196} | ret=SUCCESS |  
2019-08-21 02:17:41,451 | INFO  | DNAudit | user=null | ip=null | op=WRITE_CHUNK {blockData=conID: 1 locID: 102652566661104304 bcsId: 5196} | ret=SUCCESS |  
2019-08-21 02:17:41,451 | INFO  | DNAudit | user=null | ip=null | op=WRITE_CHUNK {blockData=conID: 1 locID: 102652566661104304 bcsId: 5196} | ret=SUCCESS |  
2019-08-21 02:17:41,463 | INFO  | DNAudit | user=null | ip=null | op=WRITE_CHUNK {blockData=conID: 1 locID: 102652566661104304 bcsId: 5196} | ret=SUCCESS |  
2019-08-21 02:17:41,463 | INFO  | DNAudit | user=null | ip=null | op=PUT_BLOCK {blockData=[blockId=conID: 1 locID: 102652566661104304 bcsId: 0,size=3145728]} | ret=SUCCESS |  
2019-08-21 02:17:41,463 [grpc-default-executor-3] INFO  client.GrpcClientProtocolClient (GrpcClientProtocolClient.java:onNext(255)) - client-54CC064C3FCE->8224e767-71c1-41fc-a01a-d172d48fd9d8: receive RaftClientReply:client-54CC064C3FCE->8224e767-71c1-41fc-a01a-d172d48fd9d8@group-F6B37CC92441, cid=3448, SUCCESS, logIndex=5201, commits[8224e767-71c1-41fc-a01a-d172d48fd9d8:c5202, 6eae0c21-01aa-4169-956f-5952b26ea7ba:c5200, 8d7dcba1-3b82-4d94-a832-514ef5c79cf8:c5200]
2019-08-21 02:17:41,464 [grpc-default-executor-3] INFO  client.GrpcClientProtocolClient (GrpcClientProtocolClient.java:onNext(255)) - client-54CC064C3FCE->8224e767-71c1-41fc-a01a-d172d48fd9d8: receive RaftClientReply:client-54CC064C3FCE->8224e767-71c1-41fc-a01a-d172d48fd9d8@group-F6B37CC92441, cid=3449, SUCCESS, logIndex=5202, commits[8224e767-71c1-41fc-a01a-d172d48fd9d8:c5202, 6eae0c21-01aa-4169-956f-5952b26ea7ba:c5200, 8d7dcba1-3b82-4d94-a832-514ef5c79cf8:c5200]
2019-08-21 02:17:41,469 | INFO  | DNAudit | user=null | ip=null | op=WRITE_CHUNK {blockData=conID: 1 locID: 102652566661104304 bcsId: 5202} | ret=SUCCESS |  
2019-08-21 02:17:41,471 | INFO  | DNAudit | user=null | ip=null | op=WRITE_CHUNK {blockData=conID: 1 locID: 102652566661104304 bcsId: 5202} | ret=SUCCESS |  
2019-08-21 02:17:41,471 | INFO  | DNAudit | user=null | ip=null | op=WRITE_CHUNK {blockData=conID: 1 locID: 102652566661104304 bcsId: 5202} | ret=SUCCESS |  
2019-08-21 02:17:41,474 | INFO  | DNAudit | user=null | ip=null | op=WRITE_CHUNK {blockData=conID: 1 locID: 102652566661104304 bcsId: 5196} | ret=SUCCESS |  
2019-08-21 02:17:41,475 | INFO  | DNAudit | user=null | ip=null | op=WRITE_CHUNK {blockData=conID: 1 locID: 102652566661104304 bcsId: 5196} | ret=SUCCESS |  
2019-08-21 02:17:41,475 | INFO  | DNAudit | user=null | ip=null | op=PUT_BLOCK {blockData=[blockId=conID: 1 locID: 102652566661104304 bcsId: 0,size=3145728]} | ret=SUCCESS |  
2019-08-21 02:17:41,475 | INFO  | DNAudit | user=null | ip=null | op=PUT_BLOCK {blockData=[blockId=conID: 1 locID: 102652566661104304 bcsId: 0,size=3145728]} | ret=SUCCESS |  
2019-08-21 02:17:41,476 | INFO  | DNAudit | user=null | ip=null | op=WRITE_CHUNK {blockData=conID: 1 locID: 102652566661104304 bcsId: 5202} | ret=SUCCESS |  
2019-08-21 02:17:41,476 | INFO  | DNAudit | user=null | ip=null | op=PUT_BLOCK {blockData=[blockId=conID: 1 locID: 102652566661104304 bcsId: 0,size=4194304]} | ret=SUCCESS |  
2019-08-21 02:17:41,476 [grpc-default-executor-0] INFO  client.GrpcClientProtocolClient (GrpcClientProtocolClient.java:onNext(255)) - client-54CC064C3FCE->8224e767-71c1-41fc-a01a-d172d48fd9d8: receive RaftClientReply:client-54CC064C3FCE->8224e767-71c1-41fc-a01a-d172d48fd9d8@group-F6B37CC92441, cid=3450, SUCCESS, logIndex=5205, commits[8224e767-71c1-41fc-a01a-d172d48fd9d8:c5206, 6eae0c21-01aa-4169-956f-5952b26ea7ba:c5202, 8d7dcba1-3b82-4d94-a832-514ef5c79cf8:c5202]
2019-08-21 02:17:41,477 [grpc-default-executor-0] INFO  client.GrpcClientProtocolClient (GrpcClientProtocolClient.java:onNext(255)) - client-54CC064C3FCE->8224e767-71c1-41fc-a01a-d172d48fd9d8: receive RaftClientReply:client-54CC064C3FCE->8224e767-71c1-41fc-a01a-d172d48fd9d8@group-F6B37CC92441, cid=3451, SUCCESS, logIndex=5206, commits[8224e767-71c1-41fc-a01a-d172d48fd9d8:c5206, 6eae0c21-01aa-4169-956f-5952b26ea7ba:c5202, 8d7dcba1-3b82-4d94-a832-514ef5c79cf8:c5202]
2019-08-21 02:17:41,491 | INFO  | DNAudit | user=null | ip=null | op=WRITE_CHUNK {blockData=conID: 1 locID: 102652566661104304 bcsId: 5202} | ret=SUCCESS |  
2019-08-21 02:17:41,491 | INFO  | DNAudit | user=null | ip=null | op=WRITE_CHUNK {blockData=conID: 1 locID: 102652566661104304 bcsId: 5202} | ret=SUCCESS |  
2019-08-21 02:17:41,491 | INFO  | DNAudit | user=null | ip=null | op=PUT_BLOCK {blockData=[blockId=conID: 1 locID: 102652566661104304 bcsId: 0,size=4194304]} | ret=SUCCESS |  
2019-08-21 02:17:41,491 | INFO  | DNAudit | user=null | ip=null | op=PUT_BLOCK {blockData=[blockId=conID: 1 locID: 102652566661104304 bcsId: 0,size=4194304]} | ret=SUCCESS |  
2019-08-21 02:17:41,491 [grpc-default-executor-0] INFO  client.GrpcClientProtocolClient (GrpcClientProtocolClient.java:onNext(255)) - client-54CC064C3FCE->8224e767-71c1-41fc-a01a-d172d48fd9d8: receive RaftClientReply:client-54CC064C3FCE->8224e767-71c1-41fc-a01a-d172d48fd9d8@group-F6B37CC92441, cid=3452, SUCCESS, logIndex=0, commits[8224e767-71c1-41fc-a01a-d172d48fd9d8:c5207, 6eae0c21-01aa-4169-956f-5952b26ea7ba:c5206, 8d7dcba1-3b82-4d94-a832-514ef5c79cf8:c5206]
2019-08-21 02:17:41,497 | INFO  | SCMAudit | user=jenkins1000 | ip=192.168.34.10 | op=ALLOCATE_BLOCK {owner=b6f66289-f2a0-4058-b052-0a85e40df67b, size=4194304, type=RATIS, factor=THREE} | ret=SUCCESS |  
2019-08-21 02:17:41,500 | INFO  | OMAudit | user=jenkins1000 | ip=127.0.0.1 | op=ALLOCATE_BLOCK {volume=vol-0-90982, bucket=bucket-0-24269, key=key-0-81262, dataSize=0, replicationType=null, replicationFactor=null, keyLocationInfo=null, clientID=102652564580991378} | ret=SUCCESS |  
2019-08-21 02:17:41,506 | INFO  | DNAudit | user=null | ip=null | op=WRITE_CHUNK {blockData=conID: 2 locID: 102652566667002545 bcsId: 0} | ret=SUCCESS |  
2019-08-21 02:17:41,508 | INFO  | DNAudit | user=null | ip=null | op=WRITE_CHUNK {blockData=conID: 2 locID: 102652566667002545 bcsId: 0} | ret=SUCCESS |  
2019-08-21 02:17:41,508 | INFO  | DNAudit | user=null | ip=null | op=WRITE_CHUNK {blockData=conID: 2 locID: 102652566667002545 bcsId: 0} | ret=SUCCESS |  
2019-08-21 02:17:41,509 | INFO  | DNAudit | user=null | ip=null | op=WRITE_CHUNK {blockData=conID: 2 locID: 102652566667002545 bcsId: 0} | ret=SUCCESS |  
2019-08-21 02:17:41,510 | INFO  | DNAudit | user=null | ip=null | op=WRITE_CHUNK {blockData=conID: 2 locID: 102652566667002545 bcsId: 0} | ret=SUCCESS |  
2019-08-21 02:17:41,510 | INFO  | DNAudit | user=null | ip=null | op=WRITE_CHUNK {blockData=conID: 2 locID: 102652566667002545 bcsId: 0} | ret=SUCCESS |  
2019-08-21 02:17:41,520 | INFO  | DNAudit | user=null | ip=null | op=WRITE_CHUNK {blockData=conID: 2 locID: 102652566667002545 bcsId: 0} | ret=SUCCESS |  
2019-08-21 02:17:41,520 | INFO  | DNAudit | user=null | ip=null | op=PUT_BLOCK {blockData=[blockId=conID: 2 locID: 102652566667002545 bcsId: 0,size=1048576]} | ret=SUCCESS |  
2019-08-21 02:17:41,520 [grpc-default-executor-2] INFO  client.GrpcClientProtocolClient (GrpcClientProtocolClient.java:onNext(255)) - client-54CC064C3FCE->8224e767-71c1-41fc-a01a-d172d48fd9d8: receive RaftClientReply:client-54CC064C3FCE->8224e767-71c1-41fc-a01a-d172d48fd9d8@group-F6B37CC92441, cid=3453, SUCCESS, logIndex=5209, commits[8224e767-71c1-41fc-a01a-d172d48fd9d8:c5210, 6eae0c21-01aa-4169-956f-5952b26ea7ba:c5208, 8d7dcba1-3b82-4d94-a832-514ef5c79cf8:c5208]
2019-08-21 02:17:41,521 [grpc-default-executor-2] INFO  client.GrpcClientProtocolClient (GrpcClientProtocolClient.java:onNext(255)) - client-54CC064C3FCE->8224e767-71c1-41fc-a01a-d172d48fd9d8: receive RaftClientReply:client-54CC064C3FCE->8224e767-71c1-41fc-a01a-d172d48fd9d8@group-F6B37CC92441, cid=3454, SUCCESS, logIndex=5210, commits[8224e767-71c1-41fc-a01a-d172d48fd9d8:c5210, 6eae0c21-01aa-4169-956f-5952b26ea7ba:c5208, 8d7dcba1-3b82-4d94-a832-514ef5c79cf8:c5208]
2019-08-21 02:17:41,529 | INFO  | DNAudit | user=null | ip=null | op=WRITE_CHUNK {blockData=conID: 2 locID: 102652566667002545 bcsId: 0} | ret=SUCCESS |  
2019-08-21 02:17:41,530 | INFO  | DNAudit | user=null | ip=null | op=PUT_BLOCK {blockData=[blockId=conID: 2 locID: 102652566667002545 bcsId: 0,size=2097152]} | ret=SUCCESS |  
2019-08-21 02:17:41,530 [grpc-default-executor-2] INFO  client.GrpcClientProtocolClient (GrpcClientProtocolClient.java:onNext(255)) - client-54CC064C3FCE->8224e767-71c1-41fc-a01a-d172d48fd9d8: receive RaftClientReply:client-54CC064C3FCE->8224e767-71c1-41fc-a01a-d172d48fd9d8@group-F6B37CC92441, cid=3455, SUCCESS, logIndex=5211, commits[8224e767-71c1-41fc-a01a-d172d48fd9d8:c5212, 6eae0c21-01aa-4169-956f-5952b26ea7ba:c5208, 8d7dcba1-3b82-4d94-a832-514ef5c79cf8:c5208]
2019-08-21 02:17:41,530 [grpc-default-executor-2] INFO  client.GrpcClientProtocolClient (GrpcClientProtocolClient.java:onNext(255)) - client-54CC064C3FCE->8224e767-71c1-41fc-a01a-d172d48fd9d8: receive RaftClientReply:client-54CC064C3FCE->8224e767-71c1-41fc-a01a-d172d48fd9d8@group-F6B37CC92441, cid=3456, SUCCESS, logIndex=5212, commits[8224e767-71c1-41fc-a01a-d172d48fd9d8:c5212, 6eae0c21-01aa-4169-956f-5952b26ea7ba:c5208, 8d7dcba1-3b82-4d94-a832-514ef5c79cf8:c5208]
2019-08-21 02:17:41,532 | INFO  | DNAudit | user=null | ip=null | op=WRITE_CHUNK {blockData=conID: 2 locID: 102652566667002545 bcsId: 0} | ret=SUCCESS |  
2019-08-21 02:17:41,532 | INFO  | DNAudit | user=null | ip=null | op=PUT_BLOCK {blockData=[blockId=conID: 2 locID: 102652566667002545 bcsId: 0,size=1048576]} | ret=SUCCESS |  
2019-08-21 02:17:41,544 | INFO  | DNAudit | user=null | ip=null | op=WRITE_CHUNK {blockData=conID: 2 locID: 102652566667002545 bcsId: 0} | ret=SUCCESS |  
2019-08-21 02:17:41,544 | INFO  | DNAudit | user=null | ip=null | op=PUT_BLOCK {blockData=[blockId=conID: 2 locID: 102652566667002545 bcsId: 0,size=1048576]} | ret=SUCCESS |  
2019-08-21 02:17:41,545 | INFO  | DNAudit | user=null | ip=null | op=WRITE_CHUNK {blockData=conID: 2 locID: 102652566667002545 bcsId: 0} | ret=SUCCESS |  
2019-08-21 02:17:41,545 | INFO  | DNAudit | user=null | ip=null | op=WRITE_CHUNK {blockData=conID: 2 locID: 102652566667002545 bcsId: 0} | ret=SUCCESS |  
2019-08-21 02:17:41,545 | INFO  | DNAudit | user=null | ip=null | op=PUT_BLOCK {blockData=[blockId=conID: 2 locID: 102652566667002545 bcsId: 0,size=2097152]} | ret=SUCCESS |  
2019-08-21 02:17:41,545 | INFO  | DNAudit | user=null | ip=null | op=PUT_BLOCK {blockData=[blockId=conID: 2 locID: 102652566667002545 bcsId: 0,size=2097152]} | ret=SUCCESS |  
2019-08-21 02:17:41,545 [grpc-default-executor-0] INFO  client.GrpcClientProtocolClient (GrpcClientProtocolClient.java:onNext(255)) - client-54CC064C3FCE->8224e767-71c1-41fc-a01a-d172d48fd9d8: receive RaftClientReply:client-54CC064C3FCE->8224e767-71c1-41fc-a01a-d172d48fd9d8@group-F6B37CC92441, cid=3457, SUCCESS, logIndex=0, commits[8224e767-71c1-41fc-a01a-d172d48fd9d8:c5214, 6eae0c21-01aa-4169-956f-5952b26ea7ba:c5210, 8d7dcba1-3b82-4d94-a832-514ef5c79cf8:c5210]
2019-08-21 02:17:41,552 | INFO  | DNAudit | user=null | ip=null | op=WRITE_CHUNK {blockData=conID: 2 locID: 102652566667002545 bcsId: 5212} | ret=SUCCESS |  
2019-08-21 02:17:41,553 | INFO  | DNAudit | user=null | ip=null | op=WRITE_CHUNK {blockData=conID: 2 locID: 102652566667002545 bcsId: 5212} | ret=SUCCESS |  
2019-08-21 02:17:41,553 | INFO  | DNAudit | user=null | ip=null | op=WRITE_CHUNK {blockData=conID: 2 locID: 102652566667002545 bcsId: 5212} | ret=SUCCESS |  
2019-08-21 02:17:41,558 | INFO  | DNAudit | user=null | ip=null | op=WRITE_CHUNK {blockData=conID: 2 locID: 102652566667002545 bcsId: 5212} | ret=SUCCESS |  
2019-08-21 02:17:41,559 | INFO  | DNAudit | user=null | ip=null | op=PUT_BLOCK {blockData=[blockId=conID: 2 locID: 102652566667002545 bcsId: 0,size=3145728]} | ret=SUCCESS |  
2019-08-21 02:17:41,559 [grpc-default-executor-0] INFO  client.GrpcClientProtocolClient (GrpcClientProtocolClient.java:onNext(255)) - client-54CC064C3FCE->8224e767-71c1-41fc-a01a-d172d48fd9d8: receive RaftClientReply:client-54CC064C3FCE->8224e767-71c1-41fc-a01a-d172d48fd9d8@group-F6B37CC92441, cid=3458, SUCCESS, logIndex=5216, commits[8224e767-71c1-41fc-a01a-d172d48fd9d8:c5217, 6eae0c21-01aa-4169-956f-5952b26ea7ba:c5214, 8d7dcba1-3b82-4d94-a832-514ef5c79cf8:c5214]
2019-08-21 02:17:41,559 [grpc-default-executor-0] INFO  client.GrpcClientProtocolClient (GrpcClientProtocolClient.java:onNext(255)) - client-54CC064C3FCE->8224e767-71c1-41fc-a01a-d172d48fd9d8: receive RaftClientReply:client-54CC064C3FCE->8224e767-71c1-41fc-a01a-d172d48fd9d8@group-F6B37CC92441, cid=3459, SUCCESS, logIndex=5217, commits[8224e767-71c1-41fc-a01a-d172d48fd9d8:c5217, 6eae0c21-01aa-4169-956f-5952b26ea7ba:c5214, 8d7dcba1-3b82-4d94-a832-514ef5c79cf8:c5214]
2019-08-21 02:17:41,564 | INFO  | DNAudit | user=null | ip=null | op=WRITE_CHUNK {blockData=conID: 2 locID: 102652566667002545 bcsId: 5217} | ret=SUCCESS |  
2019-08-21 02:17:41,566 | INFO  | DNAudit | user=null | ip=null | op=WRITE_CHUNK {blockData=conID: 2 locID: 102652566667002545 bcsId: 5217} | ret=SUCCESS |  
2019-08-21 02:17:41,566 | INFO  | DNAudit | user=null | ip=null | op=WRITE_CHUNK {blockData=conID: 2 locID: 102652566667002545 bcsId: 5217} | ret=SUCCESS |  
2019-08-21 02:17:41,568 | INFO  | DNAudit | user=null | ip=null | op=WRITE_CHUNK {blockData=conID: 2 locID: 102652566667002545 bcsId: 5212} | ret=SUCCESS |  
2019-08-21 02:17:41,568 | INFO  | DNAudit | user=null | ip=null | op=WRITE_CHUNK {blockData=conID: 2 locID: 102652566667002545 bcsId: 5217} | ret=SUCCESS |  
2019-08-21 02:17:41,568 | INFO  | DNAudit | user=null | ip=null | op=PUT_BLOCK {blockData=[blockId=conID: 2 locID: 102652566667002545 bcsId: 0,size=3145728]} | ret=SUCCESS |  
2019-08-21 02:17:41,568 | INFO  | DNAudit | user=null | ip=null | op=WRITE_CHUNK {blockData=conID: 2 locID: 102652566667002545 bcsId: 5212} | ret=SUCCESS |  
2019-08-21 02:17:41,569 | INFO  | DNAudit | user=null | ip=null | op=PUT_BLOCK {blockData=[blockId=conID: 2 locID: 102652566667002545 bcsId: 0,size=3145728]} | ret=SUCCESS |  
2019-08-21 02:17:41,569 | INFO  | DNAudit | user=null | ip=null | op=PUT_BLOCK {blockData=[blockId=conID: 2 locID: 102652566667002545 bcsId: 0,size=4194304]} | ret=SUCCESS |  
2019-08-21 02:17:41,569 [grpc-default-executor-2] INFO  client.GrpcClientProtocolClient (GrpcClientProtocolClient.java:onNext(255)) - client-54CC064C3FCE->8224e767-71c1-41fc-a01a-d172d48fd9d8: receive RaftClientReply:client-54CC064C3FCE->8224e767-71c1-41fc-a01a-d172d48fd9d8@group-F6B37CC92441, cid=3460, SUCCESS, logIndex=5220, commits[8224e767-71c1-41fc-a01a-d172d48fd9d8:c5221, 6eae0c21-01aa-4169-956f-5952b26ea7ba:c5218, 8d7dcba1-3b82-4d94-a832-514ef5c79cf8:c5215]
2019-08-21 02:17:41,569 [grpc-default-executor-2] INFO  client.GrpcClientProtocolClient (GrpcClientProtocolClient.java:onNext(255)) - client-54CC064C3FCE->8224e767-71c1-41fc-a01a-d172d48fd9d8: receive RaftClientReply:client-54CC064C3FCE->8224e767-71c1-41fc-a01a-d172d48fd9d8@group-F6B37CC92441, cid=3461, SUCCESS, logIndex=5221, commits[8224e767-71c1-41fc-a01a-d172d48fd9d8:c5221, 6eae0c21-01aa-4169-956f-5952b26ea7ba:c5218, 8d7dcba1-3b82-4d94-a832-514ef5c79cf8:c5218]
2019-08-21 02:17:41,570 | INFO  | DNAudit | user=null | ip=null | op=WRITE_CHUNK {blockData=conID: 2 locID: 102652566667002545 bcsId: 5217} | ret=SUCCESS |  
2019-08-21 02:17:41,570 | INFO  | DNAudit | user=null | ip=null | op=WRITE_CHUNK {blockData=conID: 2 locID: 102652566667002545 bcsId: 5217} | ret=SUCCESS |  
2019-08-21 02:17:41,574 | INFO  | DNAudit | user=null | ip=null | op=PUT_BLOCK {blockData=[blockId=conID: 2 locID: 102652566667002545 bcsId: 0,size=4194304]} | ret=SUCCESS |  
2019-08-21 02:17:41,574 | INFO  | DNAudit | user=null | ip=null | op=PUT_BLOCK {blockData=[blockId=conID: 2 locID: 102652566667002545 bcsId: 0,size=4194304]} | ret=SUCCESS |  
2019-08-21 02:17:41,574 [grpc-default-executor-3] INFO  client.GrpcClientProtocolClient (GrpcClientProtocolClient.java:onNext(255)) - client-54CC064C3FCE->8224e767-71c1-41fc-a01a-d172d48fd9d8: receive RaftClientReply:client-54CC064C3FCE->8224e767-71c1-41fc-a01a-d172d48fd9d8@group-F6B37CC92441, cid=3462, SUCCESS, logIndex=0, commits[8224e767-71c1-41fc-a01a-d172d48fd9d8:c5223, 6eae0c21-01aa-4169-956f-5952b26ea7ba:c5221, 8d7dcba1-3b82-4d94-a832-514ef5c79cf8:c5221]
2019-08-21 02:17:41,579 | INFO  | SCMAudit | user=jenkins1000 | ip=192.168.34.10 | op=ALLOCATE_BLOCK {owner=b6f66289-f2a0-4058-b052-0a85e40df67b, size=4194304, type=RATIS, factor=THREE} | ret=SUCCESS |  
2019-08-21 02:17:41,583 | INFO  | OMAudit | user=jenkins1000 | ip=127.0.0.1 | op=ALLOCATE_BLOCK {volume=vol-0-90982, bucket=bucket-0-24269, key=key-0-81262, dataSize=0, replicationType=null, replicationFactor=null, keyLocationInfo=null, clientID=102652564580991378} | ret=SUCCESS |  
2019-08-21 02:17:41,589 | INFO  | DNAudit | user=null | ip=null | op=WRITE_CHUNK {blockData=conID: 3 locID: 102652566672442034 bcsId: 0} | ret=SUCCESS |  
2019-08-21 02:17:41,590 | INFO  | DNAudit | user=null | ip=null | op=WRITE_CHUNK {blockData=conID: 3 locID: 102652566672442034 bcsId: 0} | ret=SUCCESS |  
2019-08-21 02:17:41,591 | INFO  | DNAudit | user=null | ip=null | op=WRITE_CHUNK {blockData=conID: 3 locID: 102652566672442034 bcsId: 0} | ret=SUCCESS |  
2019-08-21 02:17:41,591 | INFO  | DNAudit | user=null | ip=null | op=WRITE_CHUNK {blockData=conID: 3 locID: 102652566672442034 bcsId: 0} | ret=SUCCESS |  
2019-08-21 02:17:41,592 | INFO  | DNAudit | user=null | ip=null | op=WRITE_CHUNK {blockData=conID: 3 locID: 102652566672442034 bcsId: 0} | ret=SUCCESS |  
2019-08-21 02:17:41,593 | INFO  | DNAudit | user=null | ip=null | op=WRITE_CHUNK {blockData=conID: 3 locID: 102652566672442034 bcsId: 0} | ret=SUCCESS |  
2019-08-21 02:17:41,595 | INFO  | DNAudit | user=null | ip=null | op=WRITE_CHUNK {blockData=conID: 3 locID: 102652566672442034 bcsId: 0} | ret=SUCCESS |  
2019-08-21 02:17:41,595 | INFO  | DNAudit | user=null | ip=null | op=PUT_BLOCK {blockData=[blockId=conID: 3 locID: 102652566672442034 bcsId: 0,size=1048576]} | ret=SUCCESS |  
2019-08-21 02:17:41,595 | INFO  | DNAudit | user=null | ip=null | op=WRITE_CHUNK {blockData=conID: 3 locID: 102652566672442034 bcsId: 0} | ret=SUCCESS |  
2019-08-21 02:17:41,595 [grpc-default-executor-0] INFO  client.GrpcClientProtocolClient (GrpcClientProtocolClient.java:onNext(255)) - client-54CC064C3FCE->8224e767-71c1-41fc-a01a-d172d48fd9d8: receive RaftClientReply:client-54CC064C3FCE->8224e767-71c1-41fc-a01a-d172d48fd9d8@group-F6B37CC92441, cid=3463, SUCCESS, logIndex=5224, commits[8224e767-71c1-41fc-a01a-d172d48fd9d8:c5227, 6eae0c21-01aa-4169-956f-5952b26ea7ba:c5223, 8d7dcba1-3b82-4d94-a832-514ef5c79cf8:c5221]
2019-08-21 02:17:41,595 | INFO  | DNAudit | user=null | ip=null | op=PUT_BLOCK {blockData=[blockId=conID: 3 locID: 102652566672442034 bcsId: 0,size=2097152]} | ret=SUCCESS |  
2019-08-21 02:17:41,596 [grpc-default-executor-0] INFO  client.GrpcClientProtocolClient (GrpcClientProtocolClient.java:onNext(255)) - client-54CC064C3FCE->8224e767-71c1-41fc-a01a-d172d48fd9d8: receive RaftClientReply:client-54CC064C3FCE->8224e767-71c1-41fc-a01a-d172d48fd9d8@group-F6B37CC92441, cid=3464, SUCCESS, logIndex=5225, commits[8224e767-71c1-41fc-a01a-d172d48fd9d8:c5227, 6eae0c21-01aa-4169-956f-5952b26ea7ba:c5223, 8d7dcba1-3b82-4d94-a832-514ef5c79cf8:c5223]
2019-08-21 02:17:41,596 [grpc-default-executor-0] INFO  client.GrpcClientProtocolClient (GrpcClientProtocolClient.java:onNext(255)) - client-54CC064C3FCE->8224e767-71c1-41fc-a01a-d172d48fd9d8: receive RaftClientReply:client-54CC064C3FCE->8224e767-71c1-41fc-a01a-d172d48fd9d8@group-F6B37CC92441, cid=3465, SUCCESS, logIndex=5226, commits[8224e767-71c1-41fc-a01a-d172d48fd9d8:c5227, 6eae0c21-01aa-4169-956f-5952b26ea7ba:c5223, 8d7dcba1-3b82-4d94-a832-514ef5c79cf8:c5223]
2019-08-21 02:17:41,596 [grpc-default-executor-0] INFO  client.GrpcClientProtocolClient (GrpcClientProtocolClient.java:onNext(255)) - client-54CC064C3FCE->8224e767-71c1-41fc-a01a-d172d48fd9d8: receive RaftClientReply:client-54CC064C3FCE->8224e767-71c1-41fc-a01a-d172d48fd9d8@group-F6B37CC92441, cid=3466, SUCCESS, logIndex=5227, commits[8224e767-71c1-41fc-a01a-d172d48fd9d8:c5227, 6eae0c21-01aa-4169-956f-5952b26ea7ba:c5223, 8d7dcba1-3b82-4d94-a832-514ef5c79cf8:c5223]
2019-08-21 02:17:41,597 | INFO  | DNAudit | user=null | ip=null | op=WRITE_CHUNK {blockData=conID: 3 locID: 102652566672442034 bcsId: 0} | ret=SUCCESS |  
2019-08-21 02:17:41,597 | INFO  | DNAudit | user=null | ip=null | op=WRITE_CHUNK {blockData=conID: 3 locID: 102652566672442034 bcsId: 0} | ret=SUCCESS |  
2019-08-21 02:17:41,597 | INFO  | DNAudit | user=null | ip=null | op=PUT_BLOCK {blockData=[blockId=conID: 3 locID: 102652566672442034 bcsId: 0,size=1048576]} | ret=SUCCESS |  
2019-08-21 02:17:41,600 | INFO  | DNAudit | user=null | ip=null | op=WRITE_CHUNK {blockData=conID: 3 locID: 102652566672442034 bcsId: 0} | ret=SUCCESS |  
2019-08-21 02:17:41,600 | INFO  | DNAudit | user=null | ip=null | op=PUT_BLOCK {blockData=[blockId=conID: 3 locID: 102652566672442034 bcsId: 0,size=2097152]} | ret=SUCCESS |  
2019-08-21 02:17:41,600 | INFO  | DNAudit | user=null | ip=null | op=PUT_BLOCK {blockData=[blockId=conID: 3 locID: 102652566672442034 bcsId: 0,size=1048576]} | ret=SUCCESS |  
2019-08-21 02:17:41,601 | INFO  | DNAudit | user=null | ip=null | op=WRITE_CHUNK {blockData=conID: 3 locID: 102652566672442034 bcsId: 0} | ret=SUCCESS |  
2019-08-21 02:17:41,601 | INFO  | DNAudit | user=null | ip=null | op=PUT_BLOCK {blockData=[blockId=conID: 3 locID: 102652566672442034 bcsId: 0,size=2097152]} | ret=SUCCESS |  
2019-08-21 02:17:41,601 [grpc-default-executor-0] INFO  client.GrpcClientProtocolClient (GrpcClientProtocolClient.java:onNext(255)) - client-54CC064C3FCE->8224e767-71c1-41fc-a01a-d172d48fd9d8: receive RaftClientReply:client-54CC064C3FCE->8224e767-71c1-41fc-a01a-d172d48fd9d8@group-F6B37CC92441, cid=3467, SUCCESS, logIndex=0, commits[8224e767-71c1-41fc-a01a-d172d48fd9d8:c5230, 6eae0c21-01aa-4169-956f-5952b26ea7ba:c5225, 8d7dcba1-3b82-4d94-a832-514ef5c79cf8:c5227]
2019-08-21 02:17:41,607 | INFO  | DNAudit | user=null | ip=null | op=WRITE_CHUNK {blockData=conID: 3 locID: 102652566672442034 bcsId: 5227} | ret=SUCCESS |  
2019-08-21 02:17:41,610 | INFO  | DNAudit | user=null | ip=null | op=WRITE_CHUNK {blockData=conID: 3 locID: 102652566672442034 bcsId: 5227} | ret=SUCCESS |  
2019-08-21 02:17:41,610 | INFO  | DNAudit | user=null | ip=null | op=WRITE_CHUNK {blockData=conID: 3 locID: 102652566672442034 bcsId: 5227} | ret=SUCCESS |  
2019-08-21 02:17:41,616 | INFO  | DNAudit | user=null | ip=null | op=WRITE_CHUNK {blockData=conID: 3 locID: 102652566672442034 bcsId: 5227} | ret=SUCCESS |  
2019-08-21 02:17:41,617 | INFO  | DNAudit | user=null | ip=null | op=PUT_BLOCK {blockData=[blockId=conID: 3 locID: 102652566672442034 bcsId: 0,size=3145728]} | ret=SUCCESS |  
2019-08-21 02:17:41,617 [grpc-default-executor-0] INFO  client.GrpcClientProtocolClient (GrpcClientProtocolClient.java:onNext(255)) - client-54CC064C3FCE->8224e767-71c1-41fc-a01a-d172d48fd9d8: receive RaftClientReply:client-54CC064C3FCE->8224e767-71c1-41fc-a01a-d172d48fd9d8@group-F6B37CC92441, cid=3468, SUCCESS, logIndex=5231, commits[8224e767-71c1-41fc-a01a-d172d48fd9d8:c5232, 6eae0c21-01aa-4169-956f-5952b26ea7ba:c5230, 8d7dcba1-3b82-4d94-a832-514ef5c79cf8:c5230]
2019-08-21 02:17:41,617 [grpc-default-executor-0] INFO  client.GrpcClientProtocolClient (GrpcClientProtocolClient.java:onNext(255)) - client-54CC064C3FCE->8224e767-71c1-41fc-a01a-d172d48fd9d8: receive RaftClientReply:client-54CC064C3FCE->8224e767-71c1-41fc-a01a-d172d48fd9d8@group-F6B37CC92441, cid=3469, SUCCESS, logIndex=5232, commits[8224e767-71c1-41fc-a01a-d172d48fd9d8:c5232, 6eae0c21-01aa-4169-956f-5952b26ea7ba:c5230, 8d7dcba1-3b82-4d94-a832-514ef5c79cf8:c5230]
2019-08-21 02:17:41,620 | INFO  | DNAudit | user=null | ip=null | op=WRITE_CHUNK {blockData=conID: 3 locID: 102652566672442034 bcsId: 5227} | ret=SUCCESS |  
2019-08-21 02:17:41,620 | INFO  | DNAudit | user=null | ip=null | op=WRITE_CHUNK {blockData=conID: 3 locID: 102652566672442034 bcsId: 5227} | ret=SUCCESS |  
2019-08-21 02:17:41,622 | INFO  | DNAudit | user=null | ip=null | op=WRITE_CHUNK {blockData=conID: 3 locID: 102652566672442034 bcsId: 5232} | ret=SUCCESS |  
2019-08-21 02:17:41,623 | INFO  | DNAudit | user=null | ip=null | op=PUT_BLOCK {blockData=[blockId=conID: 3 locID: 102652566672442034 bcsId: 0,size=3145728]} | ret=SUCCESS |  
2019-08-21 02:17:41,623 | INFO  | DNAudit | user=null | ip=null | op=PUT_BLOCK {blockData=[blockId=conID: 3 locID: 102652566672442034 bcsId: 0,size=3145728]} | ret=SUCCESS |  
2019-08-21 02:17:41,625 | INFO  | DNAudit | user=null | ip=null | op=WRITE_CHUNK {blockData=conID: 3 locID: 102652566672442034 bcsId: 5232} | ret=SUCCESS |  
2019-08-21 02:17:41,626 | INFO  | DNAudit | user=null | ip=null | op=WRITE_CHUNK {blockData=conID: 3 locID: 102652566672442034 bcsId: 5232} | ret=SUCCESS |  
2019-08-21 02:17:41,647 | INFO  | DNAudit | user=null | ip=null | op=WRITE_CHUNK {blockData=conID: 3 locID: 102652566672442034 bcsId: 5232} | ret=SUCCESS |  
2019-08-21 02:17:41,648 | INFO  | DNAudit | user=null | ip=null | op=PUT_BLOCK {blockData=[blockId=conID: 3 locID: 102652566672442034 bcsId: 0,size=4194304]} | ret=SUCCESS |  
2019-08-21 02:17:41,648 [grpc-default-executor-2] INFO  client.GrpcClientProtocolClient (GrpcClientProtocolClient.java:onNext(255)) - client-54CC064C3FCE->8224e767-71c1-41fc-a01a-d172d48fd9d8: receive RaftClientReply:client-54CC064C3FCE->8224e767-71c1-41fc-a01a-d172d48fd9d8@group-F6B37CC92441, cid=3470, SUCCESS, logIndex=5235, commits[8224e767-71c1-41fc-a01a-d172d48fd9d8:c5236, 6eae0c21-01aa-4169-956f-5952b26ea7ba:c5233, 8d7dcba1-3b82-4d94-a832-514ef5c79cf8:c5233]
2019-08-21 02:17:41,648 [grpc-default-executor-2] INFO  client.GrpcClientProtocolClient (GrpcClientProtocolClient.java:onNext(255)) - client-54CC064C3FCE->8224e767-71c1-41fc-a01a-d172d48fd9d8: receive RaftClientReply:client-54CC064C3FCE->8224e767-71c1-41fc-a01a-d172d48fd9d8@group-F6B37CC92441, cid=3471, SUCCESS, logIndex=5236, commits[8224e767-71c1-41fc-a01a-d172d48fd9d8:c5236, 6eae0c21-01aa-4169-956f-5952b26ea7ba:c5233, 8d7dcba1-3b82-4d94-a832-514ef5c79cf8:c5233]
2019-08-21 02:17:41,649 | INFO  | DNAudit | user=null | ip=null | op=WRITE_CHUNK {blockData=conID: 3 locID: 102652566672442034 bcsId: 5232} | ret=SUCCESS |  
2019-08-21 02:17:41,649 | INFO  | DNAudit | user=null | ip=null | op=WRITE_CHUNK {blockData=conID: 3 locID: 102652566672442034 bcsId: 5232} | ret=SUCCESS |  
2019-08-21 02:17:41,653 | INFO  | DNAudit | user=null | ip=null | op=PUT_BLOCK {blockData=[blockId=conID: 3 locID: 102652566672442034 bcsId: 0,size=4194304]} | ret=SUCCESS |  
2019-08-21 02:17:41,653 | INFO  | DNAudit | user=null | ip=null | op=PUT_BLOCK {blockData=[blockId=conID: 3 locID: 102652566672442034 bcsId: 0,size=4194304]} | ret=SUCCESS |  
2019-08-21 02:17:41,653 [grpc-default-executor-0] INFO  client.GrpcClientProtocolClient (GrpcClientProtocolClient.java:onNext(255)) - client-54CC064C3FCE->8224e767-71c1-41fc-a01a-d172d48fd9d8: receive RaftClientReply:client-54CC064C3FCE->8224e767-71c1-41fc-a01a-d172d48fd9d8@group-F6B37CC92441, cid=3472, SUCCESS, logIndex=0, commits[8224e767-71c1-41fc-a01a-d172d48fd9d8:c5238, 6eae0c21-01aa-4169-956f-5952b26ea7ba:c5236, 8d7dcba1-3b82-4d94-a832-514ef5c79cf8:c5236]
2019-08-21 02:17:41,661 | INFO  | SCMAudit | user=jenkins1000 | ip=192.168.34.10 | op=ALLOCATE_BLOCK {owner=b6f66289-f2a0-4058-b052-0a85e40df67b, size=4194304, type=RATIS, factor=THREE} | ret=SUCCESS |  
2019-08-21 02:17:41,666 | INFO  | OMAudit | user=jenkins1000 | ip=127.0.0.1 | op=ALLOCATE_BLOCK {volume=vol-0-90982, bucket=bucket-0-24269, key=key-0-81262, dataSize=0, replicationType=null, replicationFactor=null, keyLocationInfo=null, clientID=102652564580991378} | ret=SUCCESS |  
2019-08-21 02:17:41,673 | INFO  | DNAudit | user=null | ip=null | op=WRITE_CHUNK {blockData=conID: 1 locID: 102652566677815987 bcsId: 0} | ret=SUCCESS |  
2019-08-21 02:17:41,675 | INFO  | DNAudit | user=null | ip=null | op=WRITE_CHUNK {blockData=conID: 1 locID: 102652566677815987 bcsId: 0} | ret=SUCCESS |  
2019-08-21 02:17:41,676 | INFO  | DNAudit | user=null | ip=null | op=WRITE_CHUNK {blockData=conID: 1 locID: 102652566677815987 bcsId: 0} | ret=SUCCESS |  
2019-08-21 02:17:41,677 | INFO  | DNAudit | user=null | ip=null | op=WRITE_CHUNK {blockData=conID: 1 locID: 102652566677815987 bcsId: 0} | ret=SUCCESS |  
2019-08-21 02:17:41,678 | INFO  | DNAudit | user=null | ip=null | op=WRITE_CHUNK {blockData=conID: 1 locID: 102652566677815987 bcsId: 0} | ret=SUCCESS |  
2019-08-21 02:17:41,679 | INFO  | DNAudit | user=null | ip=null | op=WRITE_CHUNK {blockData=conID: 1 locID: 102652566677815987 bcsId: 0} | ret=SUCCESS |  
2019-08-21 02:17:41,848 | INFO  | DNAudit | user=null | ip=null | op=WRITE_CHUNK {blockData=conID: 1 locID: 102652566677815987 bcsId: 0} | ret=SUCCESS |  
2019-08-21 02:17:41,849 | INFO  | DNAudit | user=null | ip=null | op=PUT_BLOCK {blockData=[blockId=conID: 1 locID: 102652566677815987 bcsId: 0,size=1048576]} | ret=SUCCESS |  
2019-08-21 02:17:41,849 | INFO  | DNAudit | user=null | ip=null | op=WRITE_CHUNK {blockData=conID: 1 locID: 102652566677815987 bcsId: 0} | ret=SUCCESS |  
2019-08-21 02:17:41,849 [grpc-default-executor-0] INFO  client.GrpcClientProtocolClient (GrpcClientProtocolClient.java:onNext(255)) - client-54CC064C3FCE->8224e767-71c1-41fc-a01a-d172d48fd9d8: receive RaftClientReply:client-54CC064C3FCE->8224e767-71c1-41fc-a01a-d172d48fd9d8@group-F6B37CC92441, cid=3473, SUCCESS, logIndex=5239, commits[8224e767-71c1-41fc-a01a-d172d48fd9d8:c5240, 6eae0c21-01aa-4169-956f-5952b26ea7ba:c5238, 8d7dcba1-3b82-4d94-a832-514ef5c79cf8:c5238]
2019-08-21 02:17:41,849 | INFO  | DNAudit | user=null | ip=null | op=PUT_BLOCK {blockData=[blockId=conID: 1 locID: 102652566677815987 bcsId: 0,size=2097152]} | ret=SUCCESS |  
2019-08-21 02:17:41,850 [grpc-default-executor-0] INFO  client.GrpcClientProtocolClient (GrpcClientProtocolClient.java:onNext(255)) - client-54CC064C3FCE->8224e767-71c1-41fc-a01a-d172d48fd9d8: receive RaftClientReply:client-54CC064C3FCE->8224e767-71c1-41fc-a01a-d172d48fd9d8@group-F6B37CC92441, cid=3474, SUCCESS, logIndex=5240, commits[8224e767-71c1-41fc-a01a-d172d48fd9d8:c5242, 6eae0c21-01aa-4169-956f-5952b26ea7ba:c5238, 8d7dcba1-3b82-4d94-a832-514ef5c79cf8:c5238]
2019-08-21 02:17:41,850 [grpc-default-executor-0] INFO  client.GrpcClientProtocolClient (GrpcClientProtocolClient.java:onNext(255)) - client-54CC064C3FCE->8224e767-71c1-41fc-a01a-d172d48fd9d8: receive RaftClientReply:client-54CC064C3FCE->8224e767-71c1-41fc-a01a-d172d48fd9d8@group-F6B37CC92441, cid=3475, SUCCESS, logIndex=5241, commits[8224e767-71c1-41fc-a01a-d172d48fd9d8:c5242, 6eae0c21-01aa-4169-956f-5952b26ea7ba:c5238, 8d7dcba1-3b82-4d94-a832-514ef5c79cf8:c5238]
2019-08-21 02:17:41,850 [grpc-default-executor-0] INFO  client.GrpcClientProtocolClient (GrpcClientProtocolClient.java:onNext(255)) - client-54CC064C3FCE->8224e767-71c1-41fc-a01a-d172d48fd9d8: receive RaftClientReply:client-54CC064C3FCE->8224e767-71c1-41fc-a01a-d172d48fd9d8@group-F6B37CC92441, cid=3476, SUCCESS, logIndex=5242, commits[8224e767-71c1-41fc-a01a-d172d48fd9d8:c5242, 6eae0c21-01aa-4169-956f-5952b26ea7ba:c5238, 8d7dcba1-3b82-4d94-a832-514ef5c79cf8:c5238]
2019-08-21 02:17:41,861 | INFO  | DNAudit | user=null | ip=null | op=WRITE_CHUNK {blockData=conID: 1 locID: 102652566677815987 bcsId: 0} | ret=SUCCESS |  
2019-08-21 02:17:41,861 | INFO  | DNAudit | user=null | ip=null | op=WRITE_CHUNK {blockData=conID: 1 locID: 102652566677815987 bcsId: 0} | ret=SUCCESS |  
2019-08-21 02:17:41,862 | INFO  | DNAudit | user=null | ip=null | op=PUT_BLOCK {blockData=[blockId=conID: 1 locID: 102652566677815987 bcsId: 0,size=1048576]} | ret=SUCCESS |  
2019-08-21 02:17:41,862 | INFO  | DNAudit | user=null | ip=null | op=PUT_BLOCK {blockData=[blockId=conID: 1 locID: 102652566677815987 bcsId: 0,size=1048576]} | ret=SUCCESS |  
2019-08-21 02:17:41,862 [grpc-default-executor-0] INFO  client.GrpcClientProtocolClient (GrpcClientProtocolClient.java:onNext(255)) - client-54CC064C3FCE->8224e767-71c1-41fc-a01a-d172d48fd9d8: receive RaftClientReply:client-54CC064C3FCE->8224e767-71c1-41fc-a01a-d172d48fd9d8@group-F6B37CC92441, cid=3477, SUCCESS, logIndex=0, commits[8224e767-71c1-41fc-a01a-d172d48fd9d8:c5243, 6eae0c21-01aa-4169-956f-5952b26ea7ba:c5240, 8d7dcba1-3b82-4d94-a832-514ef5c79cf8:c5240]
2019-08-21 02:17:41,870 | INFO  | DNAudit | user=null | ip=null | op=WRITE_CHUNK {blockData=conID: 1 locID: 102652566677815987 bcsId: 5242} | ret=SUCCESS |  
2019-08-21 02:17:41,872 | INFO  | DNAudit | user=null | ip=null | op=WRITE_CHUNK {blockData=conID: 1 locID: 102652566677815987 bcsId: 5242} | ret=SUCCESS |  
2019-08-21 02:17:41,872 | INFO  | DNAudit | user=null | ip=null | op=WRITE_CHUNK {blockData=conID: 1 locID: 102652566677815987 bcsId: 5242} | ret=SUCCESS |  
2019-08-21 02:17:41,875 | INFO  | DNAudit | user=null | ip=null | op=WRITE_CHUNK {blockData=conID: 1 locID: 102652566677815987 bcsId: 0} | ret=SUCCESS |  
2019-08-21 02:17:41,875 | INFO  | DNAudit | user=null | ip=null | op=WRITE_CHUNK {blockData=conID: 1 locID: 102652566677815987 bcsId: 0} | ret=SUCCESS |  
2019-08-21 02:17:41,875 | INFO  | DNAudit | user=null | ip=null | op=PUT_BLOCK {blockData=[blockId=conID: 1 locID: 102652566677815987 bcsId: 0,size=2097152]} | ret=SUCCESS |  
2019-08-21 02:17:41,875 | INFO  | DNAudit | user=null | ip=null | op=PUT_BLOCK {blockData=[blockId=conID: 1 locID: 102652566677815987 bcsId: 0,size=2097152]} | ret=SUCCESS |  
2019-08-21 02:17:41,879 | INFO  | SCMAudit | user=jenkins1000 | ip=192.168.34.10 | op=SEND_HEARTBEAT {datanodeUUID=8d7dcba1-3b82-4d94-a832-514ef5c79cf8, command=[]} | ret=SUCCESS |  
 0.00% |█                                                                                                    |  0/1 Time: 0:00:322019-08-21 02:17:41,879 | INFO  | SCMAudit | user=jenkins1000 | ip=192.168.34.10 | op=SEND_HEARTBEAT {datanodeUUID=3def7c30-cb13-4f41-8119-6188f246ad27, command=[]} | ret=SUCCESS |  
2019-08-21 02:17:41,879 | INFO  | SCMAudit | user=jenkins1000 | ip=192.168.34.10 | op=SEND_HEARTBEAT {datanodeUUID=6eae0c21-01aa-4169-956f-5952b26ea7ba, command=[]} | ret=SUCCESS |  
2019-08-21 02:17:41,879 | INFO  | SCMAudit | user=jenkins1000 | ip=192.168.34.10 | op=SEND_HEARTBEAT {datanodeUUID=94764dae-819c-4b7e-92f1-9cd6c64427b7, command=[]} | ret=SUCCESS |  
2019-08-21 02:17:41,880 | INFO  | SCMAudit | user=jenkins1000 | ip=192.168.34.10 | op=SEND_HEARTBEAT {datanodeUUID=8224e767-71c1-41fc-a01a-d172d48fd9d8, command=[]} | ret=SUCCESS |  
2019-08-21 02:17:41,888 | INFO  | DNAudit | user=null | ip=null | op=WRITE_CHUNK {blockData=conID: 1 locID: 102652566677815987 bcsId: 5242} | ret=SUCCESS |  
2019-08-21 02:17:41,888 | INFO  | DNAudit | user=null | ip=null | op=PUT_BLOCK {blockData=[blockId=conID: 1 locID: 102652566677815987 bcsId: 0,size=3145728]} | ret=SUCCESS |  
2019-08-21 02:17:41,888 [grpc-default-executor-3] INFO  client.GrpcClientProtocolClient (GrpcClientProtocolClient.java:onNext(255)) - client-54CC064C3FCE->8224e767-71c1-41fc-a01a-d172d48fd9d8: receive RaftClientReply:client-54CC064C3FCE->8224e767-71c1-41fc-a01a-d172d48fd9d8@group-F6B37CC92441, cid=3478, SUCCESS, logIndex=5246, commits[8224e767-71c1-41fc-a01a-d172d48fd9d8:c5247, 6eae0c21-01aa-4169-956f-5952b26ea7ba:c5243, 8d7dcba1-3b82-4d94-a832-514ef5c79cf8:c5243]
2019-08-21 02:17:41,889 [grpc-default-executor-3] INFO  client.GrpcClientProtocolClient (GrpcClientProtocolClient.java:onNext(255)) - client-54CC064C3FCE->8224e767-71c1-41fc-a01a-d172d48fd9d8: receive RaftClientReply:client-54CC064C3FCE->8224e767-71c1-41fc-a01a-d172d48fd9d8@group-F6B37CC92441, cid=3479, SUCCESS, logIndex=5247, commits[8224e767-71c1-41fc-a01a-d172d48fd9d8:c5247, 6eae0c21-01aa-4169-956f-5952b26ea7ba:c5243, 8d7dcba1-3b82-4d94-a832-514ef5c79cf8:c5243]
2019-08-21 02:17:41,897 | INFO  | DNAudit | user=null | ip=null | op=WRITE_CHUNK {blockData=conID: 1 locID: 102652566677815987 bcsId: 5247} | ret=SUCCESS |  
2019-08-21 02:17:41,899 | INFO  | DNAudit | user=null | ip=null | op=WRITE_CHUNK {blockData=conID: 1 locID: 102652566677815987 bcsId: 5247} | ret=SUCCESS |  
2019-08-21 02:17:41,899 | INFO  | DNAudit | user=null | ip=null | op=WRITE_CHUNK {blockData=conID: 1 locID: 102652566677815987 bcsId: 5247} | ret=SUCCESS |  
2019-08-21 02:17:41,902 | INFO  | DNAudit | user=null | ip=null | op=WRITE_CHUNK {blockData=conID: 1 locID: 102652566677815987 bcsId: 5242} | ret=SUCCESS |  
2019-08-21 02:17:41,902 | INFO  | DNAudit | user=null | ip=null | op=WRITE_CHUNK {blockData=conID: 1 locID: 102652566677815987 bcsId: 5242} | ret=SUCCESS |  
2019-08-21 02:17:41,904 | INFO  | DNAudit | user=null | ip=null | op=PUT_BLOCK {blockData=[blockId=conID: 1 locID: 102652566677815987 bcsId: 0,size=3145728]} | ret=SUCCESS |  
2019-08-21 02:17:41,904 | INFO  | DNAudit | user=null | ip=null | op=PUT_BLOCK {blockData=[blockId=conID: 1 locID: 102652566677815987 bcsId: 0,size=3145728]} | ret=SUCCESS |  
2019-08-21 02:17:41,905 | INFO  | DNAudit | user=null | ip=null | op=WRITE_CHUNK {blockData=conID: 1 locID: 102652566677815987 bcsId: 5247} | ret=SUCCESS |  
2019-08-21 02:17:41,905 | INFO  | DNAudit | user=null | ip=null | op=PUT_BLOCK {blockData=[blockId=conID: 1 locID: 102652566677815987 bcsId: 0,size=4194304]} | ret=SUCCESS |  
2019-08-21 02:17:41,906 [grpc-default-executor-0] INFO  client.GrpcClientProtocolClient (GrpcClientProtocolClient.java:onNext(255)) - client-54CC064C3FCE->8224e767-71c1-41fc-a01a-d172d48fd9d8: receive RaftClientReply:client-54CC064C3FCE->8224e767-71c1-41fc-a01a-d172d48fd9d8@group-F6B37CC92441, cid=3480, SUCCESS, logIndex=5250, commits[8224e767-71c1-41fc-a01a-d172d48fd9d8:c5251, 6eae0c21-01aa-4169-956f-5952b26ea7ba:c5247, 8d7dcba1-3b82-4d94-a832-514ef5c79cf8:c5247]
2019-08-21 02:17:41,906 [grpc-default-executor-0] INFO  client.GrpcClientProtocolClient (GrpcClientProtocolClient.java:onNext(255)) - client-54CC064C3FCE->8224e767-71c1-41fc-a01a-d172d48fd9d8: receive RaftClientReply:client-54CC064C3FCE->8224e767-71c1-41fc-a01a-d172d48fd9d8@group-F6B37CC92441, cid=3481, SUCCESS, logIndex=5251, commits[8224e767-71c1-41fc-a01a-d172d48fd9d8:c5251, 6eae0c21-01aa-4169-956f-5952b26ea7ba:c5247, 8d7dcba1-3b82-4d94-a832-514ef5c79cf8:c5247]
2019-08-21 02:17:41,916 | INFO  | DNAudit | user=null | ip=null | op=WRITE_CHUNK {blockData=conID: 1 locID: 102652566677815987 bcsId: 5247} | ret=SUCCESS |  
2019-08-21 02:17:41,916 | INFO  | DNAudit | user=null | ip=null | op=WRITE_CHUNK {blockData=conID: 1 locID: 102652566677815987 bcsId: 5247} | ret=SUCCESS |  
2019-08-21 02:17:41,917 | INFO  | DNAudit | user=null | ip=null | op=PUT_BLOCK {blockData=[blockId=conID: 1 locID: 102652566677815987 bcsId: 0,size=4194304]} | ret=SUCCESS |  
2019-08-21 02:17:41,917 | INFO  | DNAudit | user=null | ip=null | op=PUT_BLOCK {blockData=[blockId=conID: 1 locID: 102652566677815987 bcsId: 0,size=4194304]} | ret=SUCCESS |  
2019-08-21 02:17:41,917 [grpc-default-executor-1] INFO  client.GrpcClientProtocolClient (GrpcClientProtocolClient.java:onNext(255)) - client-54CC064C3FCE->8224e767-71c1-41fc-a01a-d172d48fd9d8: receive RaftClientReply:client-54CC064C3FCE->8224e767-71c1-41fc-a01a-d172d48fd9d8@group-F6B37CC92441, cid=3482, SUCCESS, logIndex=0, commits[8224e767-71c1-41fc-a01a-d172d48fd9d8:c5252, 6eae0c21-01aa-4169-956f-5952b26ea7ba:c5251, 8d7dcba1-3b82-4d94-a832-514ef5c79cf8:c5251]
2019-08-21 02:17:41,925 | INFO  | SCMAudit | user=jenkins1000 | ip=192.168.34.10 | op=ALLOCATE_BLOCK {owner=b6f66289-f2a0-4058-b052-0a85e40df67b, size=4194304, type=RATIS, factor=THREE} | ret=SUCCESS |  
2019-08-21 02:17:41,930 | INFO  | OMAudit | user=jenkins1000 | ip=127.0.0.1 | op=ALLOCATE_BLOCK {volume=vol-0-90982, bucket=bucket-0-24269, key=key-0-81262, dataSize=0, replicationType=null, replicationFactor=null, keyLocationInfo=null, clientID=102652564580991378} | ret=SUCCESS |  
2019-08-21 02:17:41,937 | INFO  | DNAudit | user=null | ip=null | op=WRITE_CHUNK {blockData=conID: 2 locID: 102652566695117492 bcsId: 0} | ret=SUCCESS |  
2019-08-21 02:17:41,941 | INFO  | DNAudit | user=null | ip=null | op=WRITE_CHUNK {blockData=conID: 2 locID: 102652566695117492 bcsId: 0} | ret=SUCCESS |  
2019-08-21 02:17:41,941 | INFO  | DNAudit | user=null | ip=null | op=WRITE_CHUNK {blockData=conID: 2 locID: 102652566695117492 bcsId: 0} | ret=SUCCESS |  
2019-08-21 02:17:41,941 | INFO  | DNAudit | user=null | ip=null | op=WRITE_CHUNK {blockData=conID: 2 locID: 102652566695117492 bcsId: 0} | ret=SUCCESS |  
2019-08-21 02:17:41,943 | INFO  | DNAudit | user=null | ip=null | op=WRITE_CHUNK {blockData=conID: 2 locID: 102652566695117492 bcsId: 0} | ret=SUCCESS |  
2019-08-21 02:17:41,943 | INFO  | DNAudit | user=null | ip=null | op=WRITE_CHUNK {blockData=conID: 2 locID: 102652566695117492 bcsId: 0} | ret=SUCCESS |  
2019-08-21 02:17:41,950 | INFO  | DNAudit | user=null | ip=null | op=WRITE_CHUNK {blockData=conID: 2 locID: 102652566695117492 bcsId: 0} | ret=SUCCESS |  
2019-08-21 02:17:41,950 | INFO  | DNAudit | user=null | ip=null | op=PUT_BLOCK {blockData=[blockId=conID: 2 locID: 102652566695117492 bcsId: 0,size=1048576]} | ret=SUCCESS |  
2019-08-21 02:17:41,950 | INFO  | DNAudit | user=null | ip=null | op=WRITE_CHUNK {blockData=conID: 2 locID: 102652566695117492 bcsId: 0} | ret=SUCCESS |  
2019-08-21 02:17:41,950 [grpc-default-executor-3] INFO  client.GrpcClientProtocolClient (GrpcClientProtocolClient.java:onNext(255)) - client-54CC064C3FCE->8224e767-71c1-41fc-a01a-d172d48fd9d8: receive RaftClientReply:client-54CC064C3FCE->8224e767-71c1-41fc-a01a-d172d48fd9d8@group-F6B37CC92441, cid=3483, SUCCESS, logIndex=5254, commits[8224e767-71c1-41fc-a01a-d172d48fd9d8:c5256, 6eae0c21-01aa-4169-956f-5952b26ea7ba:c5253, 8d7dcba1-3b82-4d94-a832-514ef5c79cf8:c5253]
2019-08-21 02:17:41,951 | INFO  | DNAudit | user=null | ip=null | op=PUT_BLOCK {blockData=[blockId=conID: 2 locID: 102652566695117492 bcsId: 0,size=2097152]} | ret=SUCCESS |  
2019-08-21 02:17:41,951 | INFO  | DNAudit | user=null | ip=null | op=WRITE_CHUNK {blockData=conID: 2 locID: 102652566695117492 bcsId: 0} | ret=SUCCESS |  
2019-08-21 02:17:41,951 [grpc-default-executor-1] INFO  client.GrpcClientProtocolClient (GrpcClientProtocolClient.java:onNext(255)) - client-54CC064C3FCE->8224e767-71c1-41fc-a01a-d172d48fd9d8: receive RaftClientReply:client-54CC064C3FCE->8224e767-71c1-41fc-a01a-d172d48fd9d8@group-F6B37CC92441, cid=3484, SUCCESS, logIndex=5255, commits[8224e767-71c1-41fc-a01a-d172d48fd9d8:c5257, 6eae0c21-01aa-4169-956f-5952b26ea7ba:c5253, 8d7dcba1-3b82-4d94-a832-514ef5c79cf8:c5253]
2019-08-21 02:17:41,951 | INFO  | DNAudit | user=null | ip=null | op=WRITE_CHUNK {blockData=conID: 2 locID: 102652566695117492 bcsId: 0} | ret=SUCCESS |  
2019-08-21 02:17:41,952 | INFO  | DNAudit | user=null | ip=null | op=PUT_BLOCK {blockData=[blockId=conID: 2 locID: 102652566695117492 bcsId: 0,size=1048576]} | ret=SUCCESS |  
2019-08-21 02:17:41,952 | INFO  | DNAudit | user=null | ip=null | op=WRITE_CHUNK {blockData=conID: 2 locID: 102652566695117492 bcsId: 0} | ret=SUCCESS |  
2019-08-21 02:17:41,952 | INFO  | DNAudit | user=null | ip=null | op=PUT_BLOCK {blockData=[blockId=conID: 2 locID: 102652566695117492 bcsId: 0,size=2097152]} | ret=SUCCESS |  
2019-08-21 02:17:41,952 [grpc-default-executor-1] INFO  client.GrpcClientProtocolClient (GrpcClientProtocolClient.java:onNext(255)) - client-54CC064C3FCE->8224e767-71c1-41fc-a01a-d172d48fd9d8: receive RaftClientReply:client-54CC064C3FCE->8224e767-71c1-41fc-a01a-d172d48fd9d8@group-F6B37CC92441, cid=3485, SUCCESS, logIndex=5256, commits[8224e767-71c1-41fc-a01a-d172d48fd9d8:c5257, 6eae0c21-01aa-4169-956f-5952b26ea7ba:c5253, 8d7dcba1-3b82-4d94-a832-514ef5c79cf8:c5253]
2019-08-21 02:17:41,953 | INFO  | DNAudit | user=null | ip=null | op=PUT_BLOCK {blockData=[blockId=conID: 2 locID: 102652566695117492 bcsId: 0,size=1048576]} | ret=SUCCESS |  
2019-08-21 02:17:41,953 [grpc-default-executor-1] INFO  client.GrpcClientProtocolClient (GrpcClientProtocolClient.java:onNext(255)) - client-54CC064C3FCE->8224e767-71c1-41fc-a01a-d172d48fd9d8: receive RaftClientReply:client-54CC064C3FCE->8224e767-71c1-41fc-a01a-d172d48fd9d8@group-F6B37CC92441, cid=3486, SUCCESS, logIndex=5257, commits[8224e767-71c1-41fc-a01a-d172d48fd9d8:c5257, 6eae0c21-01aa-4169-956f-5952b26ea7ba:c5253, 8d7dcba1-3b82-4d94-a832-514ef5c79cf8:c5253]
2019-08-21 02:17:41,953 | INFO  | DNAudit | user=null | ip=null | op=WRITE_CHUNK {blockData=conID: 2 locID: 102652566695117492 bcsId: 0} | ret=SUCCESS |  
2019-08-21 02:17:41,953 | INFO  | DNAudit | user=null | ip=null | op=PUT_BLOCK {blockData=[blockId=conID: 2 locID: 102652566695117492 bcsId: 0,size=2097152]} | ret=SUCCESS |  
2019-08-21 02:17:41,954 [grpc-default-executor-1] INFO  client.GrpcClientProtocolClient (GrpcClientProtocolClient.java:onNext(255)) - client-54CC064C3FCE->8224e767-71c1-41fc-a01a-d172d48fd9d8: receive RaftClientReply:client-54CC064C3FCE->8224e767-71c1-41fc-a01a-d172d48fd9d8@group-F6B37CC92441, cid=3487, SUCCESS, logIndex=0, commits[8224e767-71c1-41fc-a01a-d172d48fd9d8:c5261, 6eae0c21-01aa-4169-956f-5952b26ea7ba:c5257, 8d7dcba1-3b82-4d94-a832-514ef5c79cf8:c5257]
2019-08-21 02:17:41,961 | INFO  | DNAudit | user=null | ip=null | op=WRITE_CHUNK {blockData=conID: 2 locID: 102652566695117492 bcsId: 5257} | ret=SUCCESS |  
2019-08-21 02:17:41,962 | INFO  | DNAudit | user=null | ip=null | op=WRITE_CHUNK {blockData=conID: 2 locID: 102652566695117492 bcsId: 5257} | ret=SUCCESS |  
2019-08-21 02:17:41,963 | INFO  | DNAudit | user=null | ip=null | op=WRITE_CHUNK {blockData=conID: 2 locID: 102652566695117492 bcsId: 5257} | ret=SUCCESS |  
2019-08-21 02:17:41,974 | INFO  | DNAudit | user=null | ip=null | op=WRITE_CHUNK {blockData=conID: 2 locID: 102652566695117492 bcsId: 5257} | ret=SUCCESS |  
2019-08-21 02:17:41,975 | INFO  | DNAudit | user=null | ip=null | op=PUT_BLOCK {blockData=[blockId=conID: 2 locID: 102652566695117492 bcsId: 0,size=3145728]} | ret=SUCCESS |  
2019-08-21 02:17:41,975 [grpc-default-executor-0] INFO  client.GrpcClientProtocolClient (GrpcClientProtocolClient.java:onNext(255)) - client-54CC064C3FCE->8224e767-71c1-41fc-a01a-d172d48fd9d8: receive RaftClientReply:client-54CC064C3FCE->8224e767-71c1-41fc-a01a-d172d48fd9d8@group-F6B37CC92441, cid=3488, SUCCESS, logIndex=5262, commits[8224e767-71c1-41fc-a01a-d172d48fd9d8:c5263, 6eae0c21-01aa-4169-956f-5952b26ea7ba:c5261, 8d7dcba1-3b82-4d94-a832-514ef5c79cf8:c5261]
2019-08-21 02:17:41,975 [grpc-default-executor-0] INFO  client.GrpcClientProtocolClient (GrpcClientProtocolClient.java:onNext(255)) - client-54CC064C3FCE->8224e767-71c1-41fc-a01a-d172d48fd9d8: receive RaftClientReply:client-54CC064C3FCE->8224e767-71c1-41fc-a01a-d172d48fd9d8@group-F6B37CC92441, cid=3489, SUCCESS, logIndex=5263, commits[8224e767-71c1-41fc-a01a-d172d48fd9d8:c5263, 6eae0c21-01aa-4169-956f-5952b26ea7ba:c5261, 8d7dcba1-3b82-4d94-a832-514ef5c79cf8:c5261]
2019-08-21 02:17:41,982 | INFO  | DNAudit | user=null | ip=null | op=WRITE_CHUNK {blockData=conID: 2 locID: 102652566695117492 bcsId: 5263} | ret=SUCCESS |  
2019-08-21 02:17:41,983 | INFO  | DNAudit | user=null | ip=null | op=WRITE_CHUNK {blockData=conID: 2 locID: 102652566695117492 bcsId: 5263} | ret=SUCCESS |  
2019-08-21 02:17:41,984 | INFO  | DNAudit | user=null | ip=null | op=WRITE_CHUNK {blockData=conID: 2 locID: 102652566695117492 bcsId: 5263} | ret=SUCCESS |  
2019-08-21 02:17:41,986 | INFO  | DNAudit | user=null | ip=null | op=WRITE_CHUNK {blockData=conID: 2 locID: 102652566695117492 bcsId: 5257} | ret=SUCCESS |  
2019-08-21 02:17:41,986 | INFO  | DNAudit | user=null | ip=null | op=WRITE_CHUNK {blockData=conID: 2 locID: 102652566695117492 bcsId: 5257} | ret=SUCCESS |  
2019-08-21 02:17:41,989 | INFO  | DNAudit | user=null | ip=null | op=PUT_BLOCK {blockData=[blockId=conID: 2 locID: 102652566695117492 bcsId: 0,size=3145728]} | ret=SUCCESS |  
2019-08-21 02:17:41,989 | INFO  | DNAudit | user=null | ip=null | op=PUT_BLOCK {blockData=[blockId=conID: 2 locID: 102652566695117492 bcsId: 0,size=3145728]} | ret=SUCCESS |  
2019-08-21 02:17:41,989 | INFO  | DNAudit | user=null | ip=null | op=WRITE_CHUNK {blockData=conID: 2 locID: 102652566695117492 bcsId: 5263} | ret=SUCCESS |  
2019-08-21 02:17:41,989 | INFO  | DNAudit | user=null | ip=null | op=PUT_BLOCK {blockData=[blockId=conID: 2 locID: 102652566695117492 bcsId: 0,size=4194304]} | ret=SUCCESS |  
2019-08-21 02:17:41,990 [grpc-default-executor-1] INFO  client.GrpcClientProtocolClient (GrpcClientProtocolClient.java:onNext(255)) - client-54CC064C3FCE->8224e767-71c1-41fc-a01a-d172d48fd9d8: receive RaftClientReply:client-54CC064C3FCE->8224e767-71c1-41fc-a01a-d172d48fd9d8@group-F6B37CC92441, cid=3490, SUCCESS, logIndex=5266, commits[8224e767-71c1-41fc-a01a-d172d48fd9d8:c5267, 6eae0c21-01aa-4169-956f-5952b26ea7ba:c5263, 8d7dcba1-3b82-4d94-a832-514ef5c79cf8:c5263]
2019-08-21 02:17:41,990 [grpc-default-executor-1] INFO  client.GrpcClientProtocolClient (GrpcClientProtocolClient.java:onNext(255)) - client-54CC064C3FCE->8224e767-71c1-41fc-a01a-d172d48fd9d8: receive RaftClientReply:client-54CC064C3FCE->8224e767-71c1-41fc-a01a-d172d48fd9d8@group-F6B37CC92441, cid=3491, SUCCESS, logIndex=5267, commits[8224e767-71c1-41fc-a01a-d172d48fd9d8:c5267, 6eae0c21-01aa-4169-956f-5952b26ea7ba:c5263, 8d7dcba1-3b82-4d94-a832-514ef5c79cf8:c5263]
2019-08-21 02:17:42,002 | INFO  | DNAudit | user=null | ip=null | op=WRITE_CHUNK {blockData=conID: 2 locID: 102652566695117492 bcsId: 5263} | ret=SUCCESS |  
2019-08-21 02:17:42,002 | INFO  | DNAudit | user=null | ip=null | op=WRITE_CHUNK {blockData=conID: 2 locID: 102652566695117492 bcsId: 5263} | ret=SUCCESS |  
2019-08-21 02:17:42,015 | INFO  | DNAudit | user=null | ip=null | op=PUT_BLOCK {blockData=[blockId=conID: 2 locID: 102652566695117492 bcsId: 0,size=4194304]} | ret=SUCCESS |  
2019-08-21 02:17:42,015 | INFO  | DNAudit | user=null | ip=null | op=PUT_BLOCK {blockData=[blockId=conID: 2 locID: 102652566695117492 bcsId: 0,size=4194304]} | ret=SUCCESS |  
2019-08-21 02:17:42,016 [grpc-default-executor-3] INFO  client.GrpcClientProtocolClient (GrpcClientProtocolClient.java:onNext(255)) - client-54CC064C3FCE->8224e767-71c1-41fc-a01a-d172d48fd9d8: receive RaftClientReply:client-54CC064C3FCE->8224e767-71c1-41fc-a01a-d172d48fd9d8@group-F6B37CC92441, cid=3492, SUCCESS, logIndex=0, commits[8224e767-71c1-41fc-a01a-d172d48fd9d8:c5268, 6eae0c21-01aa-4169-956f-5952b26ea7ba:c5267, 8d7dcba1-3b82-4d94-a832-514ef5c79cf8:c5267]
2019-08-21 02:17:42,021 | INFO  | SCMAudit | user=jenkins1000 | ip=192.168.34.10 | op=ALLOCATE_BLOCK {owner=b6f66289-f2a0-4058-b052-0a85e40df67b, size=4194304, type=RATIS, factor=THREE} | ret=SUCCESS |  
2019-08-21 02:17:42,025 | INFO  | OMAudit | user=jenkins1000 | ip=127.0.0.1 | op=ALLOCATE_BLOCK {volume=vol-0-90982, bucket=bucket-0-24269, key=key-0-81262, dataSize=0, replicationType=null, replicationFactor=null, keyLocationInfo=null, clientID=102652564580991378} | ret=SUCCESS |  
2019-08-21 02:17:42,032 | INFO  | DNAudit | user=null | ip=null | op=WRITE_CHUNK {blockData=conID: 3 locID: 102652566701408949 bcsId: 0} | ret=SUCCESS |  
2019-08-21 02:17:42,035 | INFO  | DNAudit | user=null | ip=null | op=WRITE_CHUNK {blockData=conID: 3 locID: 102652566701408949 bcsId: 0} | ret=SUCCESS |  
2019-08-21 02:17:42,035 | INFO  | DNAudit | user=null | ip=null | op=WRITE_CHUNK {blockData=conID: 3 locID: 102652566701408949 bcsId: 0} | ret=SUCCESS |  
2019-08-21 02:17:42,036 | INFO  | DNAudit | user=null | ip=null | op=WRITE_CHUNK {blockData=conID: 3 locID: 102652566701408949 bcsId: 0} | ret=SUCCESS |  
2019-08-21 02:17:42,037 | INFO  | DNAudit | user=null | ip=null | op=WRITE_CHUNK {blockData=conID: 3 locID: 102652566701408949 bcsId: 0} | ret=SUCCESS |  
2019-08-21 02:17:42,038 | INFO  | DNAudit | user=null | ip=null | op=WRITE_CHUNK {blockData=conID: 3 locID: 102652566701408949 bcsId: 0} | ret=SUCCESS |  
2019-08-21 02:17:42,046 | INFO  | DNAudit | user=null | ip=null | op=WRITE_CHUNK {blockData=conID: 3 locID: 102652566701408949 bcsId: 0} | ret=SUCCESS |  
2019-08-21 02:17:42,047 | INFO  | DNAudit | user=null | ip=null | op=PUT_BLOCK {blockData=[blockId=conID: 3 locID: 102652566701408949 bcsId: 0,size=1048576]} | ret=SUCCESS |  
2019-08-21 02:17:42,047 [grpc-default-executor-3] INFO  client.GrpcClientProtocolClient (GrpcClientProtocolClient.java:onNext(255)) - client-54CC064C3FCE->8224e767-71c1-41fc-a01a-d172d48fd9d8: receive RaftClientReply:client-54CC064C3FCE->8224e767-71c1-41fc-a01a-d172d48fd9d8@group-F6B37CC92441, cid=3493, SUCCESS, logIndex=5270, commits[8224e767-71c1-41fc-a01a-d172d48fd9d8:c5271, 6eae0c21-01aa-4169-956f-5952b26ea7ba:c5269, 8d7dcba1-3b82-4d94-a832-514ef5c79cf8:c5269]
2019-08-21 02:17:42,048 [grpc-default-executor-3] INFO  client.GrpcClientProtocolClient (GrpcClientProtocolClient.java:onNext(255)) - client-54CC064C3FCE->8224e767-71c1-41fc-a01a-d172d48fd9d8: receive RaftClientReply:client-54CC064C3FCE->8224e767-71c1-41fc-a01a-d172d48fd9d8@group-F6B37CC92441, cid=3494, SUCCESS, logIndex=5271, commits[8224e767-71c1-41fc-a01a-d172d48fd9d8:c5271, 6eae0c21-01aa-4169-956f-5952b26ea7ba:c5269, 8d7dcba1-3b82-4d94-a832-514ef5c79cf8:c5269]
2019-08-21 02:17:42,056 | INFO  | DNAudit | user=null | ip=null | op=WRITE_CHUNK {blockData=conID: 3 locID: 102652566701408949 bcsId: 0} | ret=SUCCESS |  
2019-08-21 02:17:42,056 | INFO  | DNAudit | user=null | ip=null | op=PUT_BLOCK {blockData=[blockId=conID: 3 locID: 102652566701408949 bcsId: 0,size=2097152]} | ret=SUCCESS |  
2019-08-21 02:17:42,057 [grpc-default-executor-1] INFO  client.GrpcClientProtocolClient (GrpcClientProtocolClient.java:onNext(255)) - client-54CC064C3FCE->8224e767-71c1-41fc-a01a-d172d48fd9d8: receive RaftClientReply:client-54CC064C3FCE->8224e767-71c1-41fc-a01a-d172d48fd9d8@group-F6B37CC92441, cid=3495, SUCCESS, logIndex=5272, commits[8224e767-71c1-41fc-a01a-d172d48fd9d8:c5273, 6eae0c21-01aa-4169-956f-5952b26ea7ba:c5269, 8d7dcba1-3b82-4d94-a832-514ef5c79cf8:c5269]
2019-08-21 02:17:42,057 | INFO  | DNAudit | user=null | ip=null | op=WRITE_CHUNK {blockData=conID: 3 locID: 102652566701408949 bcsId: 0} | ret=SUCCESS |  
2019-08-21 02:17:42,057 [grpc-default-executor-1] INFO  client.GrpcClientProtocolClient (GrpcClientProtocolClient.java:onNext(255)) - client-54CC064C3FCE->8224e767-71c1-41fc-a01a-d172d48fd9d8: receive RaftClientReply:client-54CC064C3FCE->8224e767-71c1-41fc-a01a-d172d48fd9d8@group-F6B37CC92441, cid=3496, SUCCESS, logIndex=5273, commits[8224e767-71c1-41fc-a01a-d172d48fd9d8:c5273, 6eae0c21-01aa-4169-956f-5952b26ea7ba:c5269, 8d7dcba1-3b82-4d94-a832-514ef5c79cf8:c5269]
2019-08-21 02:17:42,059 | INFO  | DNAudit | user=null | ip=null | op=PUT_BLOCK {blockData=[blockId=conID: 3 locID: 102652566701408949 bcsId: 0,size=1048576]} | ret=SUCCESS |  
2019-08-21 02:17:42,059 | INFO  | DNAudit | user=null | ip=null | op=WRITE_CHUNK {blockData=conID: 3 locID: 102652566701408949 bcsId: 0} | ret=SUCCESS |  
2019-08-21 02:17:42,059 | INFO  | DNAudit | user=null | ip=null | op=PUT_BLOCK {blockData=[blockId=conID: 3 locID: 102652566701408949 bcsId: 0,size=2097152]} | ret=SUCCESS |  
2019-08-21 02:17:42,060 | INFO  | DNAudit | user=null | ip=null | op=WRITE_CHUNK {blockData=conID: 3 locID: 102652566701408949 bcsId: 0} | ret=SUCCESS |  
2019-08-21 02:17:42,060 | INFO  | DNAudit | user=null | ip=null | op=PUT_BLOCK {blockData=[blockId=conID: 3 locID: 102652566701408949 bcsId: 0,size=1048576]} | ret=SUCCESS |  
2019-08-21 02:17:42,060 | INFO  | DNAudit | user=null | ip=null | op=WRITE_CHUNK {blockData=conID: 3 locID: 102652566701408949 bcsId: 0} | ret=SUCCESS |  
2019-08-21 02:17:42,060 | INFO  | DNAudit | user=null | ip=null | op=PUT_BLOCK {blockData=[blockId=conID: 3 locID: 102652566701408949 bcsId: 0,size=2097152]} | ret=SUCCESS |  
2019-08-21 02:17:42,060 [grpc-default-executor-1] INFO  client.GrpcClientProtocolClient (GrpcClientProtocolClient.java:onNext(255)) - client-54CC064C3FCE->8224e767-71c1-41fc-a01a-d172d48fd9d8: receive RaftClientReply:client-54CC064C3FCE->8224e767-71c1-41fc-a01a-d172d48fd9d8@group-F6B37CC92441, cid=3497, SUCCESS, logIndex=0, commits[8224e767-71c1-41fc-a01a-d172d48fd9d8:c5276, 6eae0c21-01aa-4169-956f-5952b26ea7ba:c5273, 8d7dcba1-3b82-4d94-a832-514ef5c79cf8:c5271]
2019-08-21 02:17:42,067 | INFO  | DNAudit | user=null | ip=null | op=WRITE_CHUNK {blockData=conID: 3 locID: 102652566701408949 bcsId: 5273} | ret=SUCCESS |  
2019-08-21 02:17:42,070 | INFO  | DNAudit | user=null | ip=null | op=WRITE_CHUNK {blockData=conID: 3 locID: 102652566701408949 bcsId: 5273} | ret=SUCCESS |  
2019-08-21 02:17:42,070 | INFO  | DNAudit | user=null | ip=null | op=WRITE_CHUNK {blockData=conID: 3 locID: 102652566701408949 bcsId: 5273} | ret=SUCCESS |  
2019-08-21 02:17:42,081 | INFO  | DNAudit | user=null | ip=null | op=WRITE_CHUNK {blockData=conID: 3 locID: 102652566701408949 bcsId: 5273} | ret=SUCCESS |  
2019-08-21 02:17:42,081 | INFO  | DNAudit | user=null | ip=null | op=PUT_BLOCK {blockData=[blockId=conID: 3 locID: 102652566701408949 bcsId: 0,size=3145728]} | ret=SUCCESS |  
2019-08-21 02:17:42,081 [grpc-default-executor-0] INFO  client.GrpcClientProtocolClient (GrpcClientProtocolClient.java:onNext(255)) - client-54CC064C3FCE->8224e767-71c1-41fc-a01a-d172d48fd9d8: receive RaftClientReply:client-54CC064C3FCE->8224e767-71c1-41fc-a01a-d172d48fd9d8@group-F6B37CC92441, cid=3498, SUCCESS, logIndex=5277, commits[8224e767-71c1-41fc-a01a-d172d48fd9d8:c5278, 6eae0c21-01aa-4169-956f-5952b26ea7ba:c5276, 8d7dcba1-3b82-4d94-a832-514ef5c79cf8:c5276]
2019-08-21 02:17:42,082 [grpc-default-executor-0] INFO  client.GrpcClientProtocolClient (GrpcClientProtocolClient.java:onNext(255)) - client-54CC064C3FCE->8224e767-71c1-41fc-a01a-d172d48fd9d8: receive RaftClientReply:client-54CC064C3FCE->8224e767-71c1-41fc-a01a-d172d48fd9d8@group-F6B37CC92441, cid=3499, SUCCESS, logIndex=5278, commits[8224e767-71c1-41fc-a01a-d172d48fd9d8:c5278, 6eae0c21-01aa-4169-956f-5952b26ea7ba:c5276, 8d7dcba1-3b82-4d94-a832-514ef5c79cf8:c5276]
2019-08-21 02:17:42,088 | INFO  | DNAudit | user=null | ip=null | op=WRITE_CHUNK {blockData=conID: 3 locID: 102652566701408949 bcsId: 5278} | ret=SUCCESS |  
2019-08-21 02:17:42,090 | INFO  | DNAudit | user=null | ip=null | op=WRITE_CHUNK {blockData=conID: 3 locID: 102652566701408949 bcsId: 5278} | ret=SUCCESS |  
2019-08-21 02:17:42,091 | INFO  | DNAudit | user=null | ip=null | op=WRITE_CHUNK {blockData=conID: 3 locID: 102652566701408949 bcsId: 5278} | ret=SUCCESS |  
2019-08-21 02:17:42,094 | INFO  | DNAudit | user=null | ip=null | op=WRITE_CHUNK {blockData=conID: 3 locID: 102652566701408949 bcsId: 5273} | ret=SUCCESS |  
2019-08-21 02:17:42,094 | INFO  | DNAudit | user=null | ip=null | op=WRITE_CHUNK {blockData=conID: 3 locID: 102652566701408949 bcsId: 5273} | ret=SUCCESS |  
2019-08-21 02:17:42,094 | INFO  | DNAudit | user=null | ip=null | op=PUT_BLOCK {blockData=[blockId=conID: 3 locID: 102652566701408949 bcsId: 0,size=3145728]} | ret=SUCCESS |  
2019-08-21 02:17:42,094 | INFO  | DNAudit | user=null | ip=null | op=PUT_BLOCK {blockData=[blockId=conID: 3 locID: 102652566701408949 bcsId: 0,size=3145728]} | ret=SUCCESS |  
2019-08-21 02:17:42,108 | INFO  | DNAudit | user=null | ip=null | op=WRITE_CHUNK {blockData=conID: 3 locID: 102652566701408949 bcsId: 5278} | ret=SUCCESS |  
2019-08-21 02:17:42,108 | INFO  | DNAudit | user=null | ip=null | op=PUT_BLOCK {blockData=[blockId=conID: 3 locID: 102652566701408949 bcsId: 0,size=4194304]} | ret=SUCCESS |  
2019-08-21 02:17:42,108 [grpc-default-executor-1] INFO  client.GrpcClientProtocolClient (GrpcClientProtocolClient.java:onNext(255)) - client-54CC064C3FCE->8224e767-71c1-41fc-a01a-d172d48fd9d8: receive RaftClientReply:client-54CC064C3FCE->8224e767-71c1-41fc-a01a-d172d48fd9d8@group-F6B37CC92441, cid=3500, SUCCESS, logIndex=5281, commits[8224e767-71c1-41fc-a01a-d172d48fd9d8:c5282, 6eae0c21-01aa-4169-956f-5952b26ea7ba:c5278, 8d7dcba1-3b82-4d94-a832-514ef5c79cf8:c5278]
2019-08-21 02:17:42,109 [grpc-default-executor-1] INFO  client.GrpcClientProtocolClient (GrpcClientProtocolClient.java:onNext(255)) - client-54CC064C3FCE->8224e767-71c1-41fc-a01a-d172d48fd9d8: receive RaftClientReply:client-54CC064C3FCE->8224e767-71c1-41fc-a01a-d172d48fd9d8@group-F6B37CC92441, cid=3501, SUCCESS, logIndex=5282, commits[8224e767-71c1-41fc-a01a-d172d48fd9d8:c5282, 6eae0c21-01aa-4169-956f-5952b26ea7ba:c5278, 8d7dcba1-3b82-4d94-a832-514ef5c79cf8:c5278]
2019-08-21 02:17:42,121 | INFO  | DNAudit | user=null | ip=null | op=WRITE_CHUNK {blockData=conID: 3 locID: 102652566701408949 bcsId: 5278} | ret=SUCCESS |  
2019-08-21 02:17:42,121 | INFO  | DNAudit | user=null | ip=null | op=PUT_BLOCK {blockData=[blockId=conID: 3 locID: 102652566701408949 bcsId: 0,size=4194304]} | ret=SUCCESS |  
2019-08-21 02:17:42,121 | INFO  | DNAudit | user=null | ip=null | op=WRITE_CHUNK {blockData=conID: 3 locID: 102652566701408949 bcsId: 5278} | ret=SUCCESS |  
2019-08-21 02:17:42,121 | INFO  | DNAudit | user=null | ip=null | op=PUT_BLOCK {blockData=[blockId=conID: 3 locID: 102652566701408949 bcsId: 0,size=4194304]} | ret=SUCCESS |  
2019-08-21 02:17:42,122 [grpc-default-executor-1] INFO  client.GrpcClientProtocolClient (GrpcClientProtocolClient.java:onNext(255)) - client-54CC064C3FCE->8224e767-71c1-41fc-a01a-d172d48fd9d8: receive RaftClientReply:client-54CC064C3FCE->8224e767-71c1-41fc-a01a-d172d48fd9d8@group-F6B37CC92441, cid=3502, SUCCESS, logIndex=0, commits[8224e767-71c1-41fc-a01a-d172d48fd9d8:c5283, 6eae0c21-01aa-4169-956f-5952b26ea7ba:c5282, 8d7dcba1-3b82-4d94-a832-514ef5c79cf8:c5282]
2019-08-21 02:17:42,131 | INFO  | SCMAudit | user=jenkins1000 | ip=192.168.34.10 | op=ALLOCATE_BLOCK {owner=b6f66289-f2a0-4058-b052-0a85e40df67b, size=4194304, type=RATIS, factor=THREE} | ret=SUCCESS |  
2019-08-21 02:17:42,137 | INFO  | OMAudit | user=jenkins1000 | ip=127.0.0.1 | op=ALLOCATE_BLOCK {volume=vol-0-90982, bucket=bucket-0-24269, key=key-0-81262, dataSize=0, replicationType=null, replicationFactor=null, keyLocationInfo=null, clientID=102652564580991378} | ret=SUCCESS |  
2019-08-21 02:17:42,146 | INFO  | DNAudit | user=null | ip=null | op=WRITE_CHUNK {blockData=conID: 1 locID: 102652566708617910 bcsId: 0} | ret=SUCCESS |  
2019-08-21 02:17:42,148 | INFO  | DNAudit | user=null | ip=null | op=WRITE_CHUNK {blockData=conID: 1 locID: 102652566708617910 bcsId: 0} | ret=SUCCESS |  
2019-08-21 02:17:42,149 | INFO  | DNAudit | user=null | ip=null | op=WRITE_CHUNK {blockData=conID: 1 locID: 102652566708617910 bcsId: 0} | ret=SUCCESS |  
2019-08-21 02:17:42,150 | INFO  | DNAudit | user=null | ip=null | op=WRITE_CHUNK {blockData=conID: 1 locID: 102652566708617910 bcsId: 0} | ret=SUCCESS |  
2019-08-21 02:17:42,152 | INFO  | DNAudit | user=null | ip=null | op=WRITE_CHUNK {blockData=conID: 1 locID: 102652566708617910 bcsId: 0} | ret=SUCCESS |  
2019-08-21 02:17:42,153 | INFO  | DNAudit | user=null | ip=null | op=WRITE_CHUNK {blockData=conID: 1 locID: 102652566708617910 bcsId: 0} | ret=SUCCESS |  
2019-08-21 02:17:42,195 | INFO  | DNAudit | user=null | ip=null | op=WRITE_CHUNK {blockData=conID: 1 locID: 102652566708617910 bcsId: 0} | ret=SUCCESS |  
2019-08-21 02:17:42,195 | INFO  | DNAudit | user=null | ip=null | op=PUT_BLOCK {blockData=[blockId=conID: 1 locID: 102652566708617910 bcsId: 0,size=1048576]} | ret=SUCCESS |  
2019-08-21 02:17:42,196 [grpc-default-executor-3] INFO  client.GrpcClientProtocolClient (GrpcClientProtocolClient.java:onNext(255)) - client-54CC064C3FCE->8224e767-71c1-41fc-a01a-d172d48fd9d8: receive RaftClientReply:client-54CC064C3FCE->8224e767-71c1-41fc-a01a-d172d48fd9d8@group-F6B37CC92441, cid=3503, SUCCESS, logIndex=5285, commits[8224e767-71c1-41fc-a01a-d172d48fd9d8:c5288, 6eae0c21-01aa-4169-956f-5952b26ea7ba:c5284, 8d7dcba1-3b82-4d94-a832-514ef5c79cf8:c5284]
2019-08-21 02:17:42,196 | INFO  | DNAudit | user=null | ip=null | op=WRITE_CHUNK {blockData=conID: 1 locID: 102652566708617910 bcsId: 0} | ret=SUCCESS |  
2019-08-21 02:17:42,196 [grpc-default-executor-3] INFO  client.GrpcClientProtocolClient (GrpcClientProtocolClient.java:onNext(255)) - client-54CC064C3FCE->8224e767-71c1-41fc-a01a-d172d48fd9d8: receive RaftClientReply:client-54CC064C3FCE->8224e767-71c1-41fc-a01a-d172d48fd9d8@group-F6B37CC92441, cid=3504, SUCCESS, logIndex=5286, commits[8224e767-71c1-41fc-a01a-d172d48fd9d8:c5288, 6eae0c21-01aa-4169-956f-5952b26ea7ba:c5284, 8d7dcba1-3b82-4d94-a832-514ef5c79cf8:c5284]
2019-08-21 02:17:42,196 | INFO  | DNAudit | user=null | ip=null | op=PUT_BLOCK {blockData=[blockId=conID: 1 locID: 102652566708617910 bcsId: 0,size=2097152]} | ret=SUCCESS |  
2019-08-21 02:17:42,196 [grpc-default-executor-3] INFO  client.GrpcClientProtocolClient (GrpcClientProtocolClient.java:onNext(255)) - client-54CC064C3FCE->8224e767-71c1-41fc-a01a-d172d48fd9d8: receive RaftClientReply:client-54CC064C3FCE->8224e767-71c1-41fc-a01a-d172d48fd9d8@group-F6B37CC92441, cid=3505, SUCCESS, logIndex=5287, commits[8224e767-71c1-41fc-a01a-d172d48fd9d8:c5288, 6eae0c21-01aa-4169-956f-5952b26ea7ba:c5284, 8d7dcba1-3b82-4d94-a832-514ef5c79cf8:c5284]
2019-08-21 02:17:42,197 [grpc-default-executor-3] INFO  client.GrpcClientProtocolClient (GrpcClientProtocolClient.java:onNext(255)) - client-54CC064C3FCE->8224e767-71c1-41fc-a01a-d172d48fd9d8: receive RaftClientReply:client-54CC064C3FCE->8224e767-71c1-41fc-a01a-d172d48fd9d8@group-F6B37CC92441, cid=3506, SUCCESS, logIndex=5288, commits[8224e767-71c1-41fc-a01a-d172d48fd9d8:c5288, 6eae0c21-01aa-4169-956f-5952b26ea7ba:c5284, 8d7dcba1-3b82-4d94-a832-514ef5c79cf8:c5284]
2019-08-21 02:17:42,206 | INFO  | DNAudit | user=null | ip=null | op=WRITE_CHUNK {blockData=conID: 1 locID: 102652566708617910 bcsId: 0} | ret=SUCCESS |  
2019-08-21 02:17:42,206 | INFO  | DNAudit | user=null | ip=null | op=PUT_BLOCK {blockData=[blockId=conID: 1 locID: 102652566708617910 bcsId: 0,size=1048576]} | ret=SUCCESS |  
2019-08-21 02:17:42,207 | INFO  | DNAudit | user=null | ip=null | op=WRITE_CHUNK {blockData=conID: 1 locID: 102652566708617910 bcsId: 0} | ret=SUCCESS |  
2019-08-21 02:17:42,207 | INFO  | DNAudit | user=null | ip=null | op=PUT_BLOCK {blockData=[blockId=conID: 1 locID: 102652566708617910 bcsId: 0,size=2097152]} | ret=SUCCESS |  
2019-08-21 02:17:42,207 | INFO  | DNAudit | user=null | ip=null | op=WRITE_CHUNK {blockData=conID: 1 locID: 102652566708617910 bcsId: 0} | ret=SUCCESS |  
2019-08-21 02:17:42,208 | INFO  | DNAudit | user=null | ip=null | op=PUT_BLOCK {blockData=[blockId=conID: 1 locID: 102652566708617910 bcsId: 0,size=1048576]} | ret=SUCCESS |  
2019-08-21 02:17:42,208 | INFO  | DNAudit | user=null | ip=null | op=WRITE_CHUNK {blockData=conID: 1 locID: 102652566708617910 bcsId: 0} | ret=SUCCESS |  
2019-08-21 02:17:42,208 | INFO  | DNAudit | user=null | ip=null | op=PUT_BLOCK {blockData=[blockId=conID: 1 locID: 102652566708617910 bcsId: 0,size=2097152]} | ret=SUCCESS |  
2019-08-21 02:17:42,208 [grpc-default-executor-3] INFO  client.GrpcClientProtocolClient (GrpcClientProtocolClient.java:onNext(255)) - client-54CC064C3FCE->8224e767-71c1-41fc-a01a-d172d48fd9d8: receive RaftClientReply:client-54CC064C3FCE->8224e767-71c1-41fc-a01a-d172d48fd9d8@group-F6B37CC92441, cid=3507, SUCCESS, logIndex=0, commits[8224e767-71c1-41fc-a01a-d172d48fd9d8:c5292, 6eae0c21-01aa-4169-956f-5952b26ea7ba:c5286, 8d7dcba1-3b82-4d94-a832-514ef5c79cf8:c5288]
2019-08-21 02:17:42,214 | INFO  | DNAudit | user=null | ip=null | op=WRITE_CHUNK {blockData=conID: 1 locID: 102652566708617910 bcsId: 5288} | ret=SUCCESS |  
2019-08-21 02:17:42,217 | INFO  | DNAudit | user=null | ip=null | op=WRITE_CHUNK {blockData=conID: 1 locID: 102652566708617910 bcsId: 5288} | ret=SUCCESS |  
2019-08-21 02:17:42,217 | INFO  | DNAudit | user=null | ip=null | op=WRITE_CHUNK {blockData=conID: 1 locID: 102652566708617910 bcsId: 5288} | ret=SUCCESS |  
2019-08-21 02:17:42,227 | INFO  | DNAudit | user=null | ip=null | op=WRITE_CHUNK {blockData=conID: 1 locID: 102652566708617910 bcsId: 5288} | ret=SUCCESS |  
2019-08-21 02:17:42,228 | INFO  | DNAudit | user=null | ip=null | op=PUT_BLOCK {blockData=[blockId=conID: 1 locID: 102652566708617910 bcsId: 0,size=3145728]} | ret=SUCCESS |  
2019-08-21 02:17:42,228 [grpc-default-executor-1] INFO  client.GrpcClientProtocolClient (GrpcClientProtocolClient.java:onNext(255)) - client-54CC064C3FCE->8224e767-71c1-41fc-a01a-d172d48fd9d8: receive RaftClientReply:client-54CC064C3FCE->8224e767-71c1-41fc-a01a-d172d48fd9d8@group-F6B37CC92441, cid=3508, SUCCESS, logIndex=5293, commits[8224e767-71c1-41fc-a01a-d172d48fd9d8:c5294, 6eae0c21-01aa-4169-956f-5952b26ea7ba:c5292, 8d7dcba1-3b82-4d94-a832-514ef5c79cf8:c5292]
2019-08-21 02:17:42,228 [grpc-default-executor-1] INFO  client.GrpcClientProtocolClient (GrpcClientProtocolClient.java:onNext(255)) - client-54CC064C3FCE->8224e767-71c1-41fc-a01a-d172d48fd9d8: receive RaftClientReply:client-54CC064C3FCE->8224e767-71c1-41fc-a01a-d172d48fd9d8@group-F6B37CC92441, cid=3509, SUCCESS, logIndex=5294, commits[8224e767-71c1-41fc-a01a-d172d48fd9d8:c5294, 6eae0c21-01aa-4169-956f-5952b26ea7ba:c5292, 8d7dcba1-3b82-4d94-a832-514ef5c79cf8:c5292]
2019-08-21 02:17:42,235 | INFO  | DNAudit | user=null | ip=null | op=WRITE_CHUNK {blockData=conID: 1 locID: 102652566708617910 bcsId: 5294} | ret=SUCCESS |  
2019-08-21 02:17:42,237 | INFO  | DNAudit | user=null | ip=null | op=WRITE_CHUNK {blockData=conID: 1 locID: 102652566708617910 bcsId: 5294} | ret=SUCCESS |  
2019-08-21 02:17:42,237 | INFO  | DNAudit | user=null | ip=null | op=WRITE_CHUNK {blockData=conID: 1 locID: 102652566708617910 bcsId: 5294} | ret=SUCCESS |  
2019-08-21 02:17:42,239 | INFO  | DNAudit | user=null | ip=null | op=WRITE_CHUNK {blockData=conID: 1 locID: 102652566708617910 bcsId: 5288} | ret=SUCCESS |  
2019-08-21 02:17:42,239 | INFO  | DNAudit | user=null | ip=null | op=WRITE_CHUNK {blockData=conID: 1 locID: 102652566708617910 bcsId: 5288} | ret=SUCCESS |  
2019-08-21 02:17:42,241 | INFO  | DNAudit | user=null | ip=null | op=PUT_BLOCK {blockData=[blockId=conID: 1 locID: 102652566708617910 bcsId: 0,size=3145728]} | ret=SUCCESS |  
2019-08-21 02:17:42,242 | INFO  | DNAudit | user=null | ip=null | op=WRITE_CHUNK {blockData=conID: 1 locID: 102652566708617910 bcsId: 5294} | ret=SUCCESS |  
2019-08-21 02:17:42,242 | INFO  | DNAudit | user=null | ip=null | op=PUT_BLOCK {blockData=[blockId=conID: 1 locID: 102652566708617910 bcsId: 0,size=4194304]} | ret=SUCCESS |  
2019-08-21 02:17:42,242 [grpc-default-executor-1] INFO  client.GrpcClientProtocolClient (GrpcClientProtocolClient.java:onNext(255)) - client-54CC064C3FCE->8224e767-71c1-41fc-a01a-d172d48fd9d8: receive RaftClientReply:client-54CC064C3FCE->8224e767-71c1-41fc-a01a-d172d48fd9d8@group-F6B37CC92441, cid=3510, SUCCESS, logIndex=5297, commits[8224e767-71c1-41fc-a01a-d172d48fd9d8:c5298, 6eae0c21-01aa-4169-956f-5952b26ea7ba:c5294, 8d7dcba1-3b82-4d94-a832-514ef5c79cf8:c5293]
2019-08-21 02:17:42,243 [grpc-default-executor-1] INFO  client.GrpcClientProtocolClient (GrpcClientProtocolClient.java:onNext(255)) - client-54CC064C3FCE->8224e767-71c1-41fc-a01a-d172d48fd9d8: receive RaftClientReply:client-54CC064C3FCE->8224e767-71c1-41fc-a01a-d172d48fd9d8@group-F6B37CC92441, cid=3511, SUCCESS, logIndex=5298, commits[8224e767-71c1-41fc-a01a-d172d48fd9d8:c5298, 6eae0c21-01aa-4169-956f-5952b26ea7ba:c5294, 8d7dcba1-3b82-4d94-a832-514ef5c79cf8:c5293]
2019-08-21 02:17:42,252 | INFO  | DNAudit | user=null | ip=null | op=PUT_BLOCK {blockData=[blockId=conID: 1 locID: 102652566708617910 bcsId: 0,size=3145728]} | ret=SUCCESS |  
2019-08-21 02:17:42,253 [grpc-default-executor-1] INFO  client.GrpcClientProtocolClient (GrpcClientProtocolClient.java:onNext(255)) - client-54CC064C3FCE->8224e767-71c1-41fc-a01a-d172d48fd9d8: receive RaftClientReply:client-54CC064C3FCE->8224e767-71c1-41fc-a01a-d172d48fd9d8@group-F6B37CC92441, cid=3512, SUCCESS, logIndex=0, commits[8224e767-71c1-41fc-a01a-d172d48fd9d8:c5298, 6eae0c21-01aa-4169-956f-5952b26ea7ba:c5294, 8d7dcba1-3b82-4d94-a832-514ef5c79cf8:c5294]
2019-08-21 02:17:42,254 | INFO  | DNAudit | user=null | ip=null | op=WRITE_CHUNK {blockData=conID: 1 locID: 102652566708617910 bcsId: 5294} | ret=SUCCESS |  
2019-08-21 02:17:42,265 | INFO  | DNAudit | user=null | ip=null | op=WRITE_CHUNK {blockData=conID: 1 locID: 102652566708617910 bcsId: 5294} | ret=SUCCESS |  
2019-08-21 02:17:42,265 | INFO  | DNAudit | user=null | ip=null | op=PUT_BLOCK {blockData=[blockId=conID: 1 locID: 102652566708617910 bcsId: 0,size=4194304]} | ret=SUCCESS |  
2019-08-21 02:17:42,266 | INFO  | DNAudit | user=null | ip=null | op=PUT_BLOCK {blockData=[blockId=conID: 1 locID: 102652566708617910 bcsId: 0,size=4194304]} | ret=SUCCESS |  
2019-08-21 02:17:42,266 [grpc-default-executor-1] INFO  client.GrpcClientProtocolClient (GrpcClientProtocolClient.java:onNext(255)) - client-54CC064C3FCE->8224e767-71c1-41fc-a01a-d172d48fd9d8: receive RaftClientReply:client-54CC064C3FCE->8224e767-71c1-41fc-a01a-d172d48fd9d8@group-F6B37CC92441, cid=3513, SUCCESS, logIndex=0, commits[8224e767-71c1-41fc-a01a-d172d48fd9d8:c5300, 6eae0c21-01aa-4169-956f-5952b26ea7ba:c5298, 8d7dcba1-3b82-4d94-a832-514ef5c79cf8:c5298]
2019-08-21 02:17:42,273 | INFO  | SCMAudit | user=jenkins1000 | ip=192.168.34.10 | op=ALLOCATE_BLOCK {owner=b6f66289-f2a0-4058-b052-0a85e40df67b, size=4194304, type=RATIS, factor=THREE} | ret=SUCCESS |  
2019-08-21 02:17:42,278 | INFO  | OMAudit | user=jenkins1000 | ip=127.0.0.1 | op=ALLOCATE_BLOCK {volume=vol-0-90982, bucket=bucket-0-24269, key=key-0-81262, dataSize=0, replicationType=null, replicationFactor=null, keyLocationInfo=null, clientID=102652564580991378} | ret=SUCCESS |  
2019-08-21 02:17:42,285 | INFO  | DNAudit | user=null | ip=null | op=WRITE_CHUNK {blockData=conID: 2 locID: 102652566717924023 bcsId: 0} | ret=SUCCESS |  
2019-08-21 02:17:42,287 | INFO  | DNAudit | user=null | ip=null | op=WRITE_CHUNK {blockData=conID: 2 locID: 102652566717924023 bcsId: 0} | ret=SUCCESS |  
2019-08-21 02:17:42,288 | INFO  | DNAudit | user=null | ip=null | op=WRITE_CHUNK {blockData=conID: 2 locID: 102652566717924023 bcsId: 0} | ret=SUCCESS |  
2019-08-21 02:17:42,288 | INFO  | DNAudit | user=null | ip=null | op=WRITE_CHUNK {blockData=conID: 2 locID: 102652566717924023 bcsId: 0} | ret=SUCCESS |  
2019-08-21 02:17:42,289 | INFO  | DNAudit | user=null | ip=null | op=WRITE_CHUNK {blockData=conID: 2 locID: 102652566717924023 bcsId: 0} | ret=SUCCESS |  
2019-08-21 02:17:42,290 | INFO  | DNAudit | user=null | ip=null | op=WRITE_CHUNK {blockData=conID: 2 locID: 102652566717924023 bcsId: 0} | ret=SUCCESS |  
2019-08-21 02:17:42,299 | INFO  | DNAudit | user=null | ip=null | op=WRITE_CHUNK {blockData=conID: 2 locID: 102652566717924023 bcsId: 0} | ret=SUCCESS |  
2019-08-21 02:17:42,299 | INFO  | DNAudit | user=null | ip=null | op=PUT_BLOCK {blockData=[blockId=conID: 2 locID: 102652566717924023 bcsId: 0,size=1048576]} | ret=SUCCESS |  
2019-08-21 02:17:42,300 [grpc-default-executor-3] INFO  client.GrpcClientProtocolClient (GrpcClientProtocolClient.java:onNext(255)) - client-54CC064C3FCE->8224e767-71c1-41fc-a01a-d172d48fd9d8: receive RaftClientReply:client-54CC064C3FCE->8224e767-71c1-41fc-a01a-d172d48fd9d8@group-F6B37CC92441, cid=3514, SUCCESS, logIndex=5301, commits[8224e767-71c1-41fc-a01a-d172d48fd9d8:c5302, 6eae0c21-01aa-4169-956f-5952b26ea7ba:c5300, 8d7dcba1-3b82-4d94-a832-514ef5c79cf8:c5300]
2019-08-21 02:17:42,300 [grpc-default-executor-3] INFO  client.GrpcClientProtocolClient (GrpcClientProtocolClient.java:onNext(255)) - client-54CC064C3FCE->8224e767-71c1-41fc-a01a-d172d48fd9d8: receive RaftClientReply:client-54CC064C3FCE->8224e767-71c1-41fc-a01a-d172d48fd9d8@group-F6B37CC92441, cid=3515, SUCCESS, logIndex=5302, commits[8224e767-71c1-41fc-a01a-d172d48fd9d8:c5302, 6eae0c21-01aa-4169-956f-5952b26ea7ba:c5300, 8d7dcba1-3b82-4d94-a832-514ef5c79cf8:c5300]
2019-08-21 02:17:42,309 | INFO  | DNAudit | user=null | ip=null | op=WRITE_CHUNK {blockData=conID: 2 locID: 102652566717924023 bcsId: 0} | ret=SUCCESS |  
2019-08-21 02:17:42,309 | INFO  | DNAudit | user=null | ip=null | op=PUT_BLOCK {blockData=[blockId=conID: 2 locID: 102652566717924023 bcsId: 0,size=2097152]} | ret=SUCCESS |  
2019-08-21 02:17:42,309 [grpc-default-executor-3] INFO  client.GrpcClientProtocolClient (GrpcClientProtocolClient.java:onNext(255)) - client-54CC064C3FCE->8224e767-71c1-41fc-a01a-d172d48fd9d8: receive RaftClientReply:client-54CC064C3FCE->8224e767-71c1-41fc-a01a-d172d48fd9d8@group-F6B37CC92441, cid=3516, SUCCESS, logIndex=5303, commits[8224e767-71c1-41fc-a01a-d172d48fd9d8:c5304, 6eae0c21-01aa-4169-956f-5952b26ea7ba:c5300, 8d7dcba1-3b82-4d94-a832-514ef5c79cf8:c5300]
2019-08-21 02:17:42,310 [grpc-default-executor-3] INFO  client.GrpcClientProtocolClient (GrpcClientProtocolClient.java:onNext(255)) - client-54CC064C3FCE->8224e767-71c1-41fc-a01a-d172d48fd9d8: receive RaftClientReply:client-54CC064C3FCE->8224e767-71c1-41fc-a01a-d172d48fd9d8@group-F6B37CC92441, cid=3517, SUCCESS, logIndex=5304, commits[8224e767-71c1-41fc-a01a-d172d48fd9d8:c5304, 6eae0c21-01aa-4169-956f-5952b26ea7ba:c5300, 8d7dcba1-3b82-4d94-a832-514ef5c79cf8:c5300]
2019-08-21 02:17:42,311 | INFO  | DNAudit | user=null | ip=null | op=WRITE_CHUNK {blockData=conID: 2 locID: 102652566717924023 bcsId: 0} | ret=SUCCESS |  
2019-08-21 02:17:42,311 | INFO  | DNAudit | user=null | ip=null | op=WRITE_CHUNK {blockData=conID: 2 locID: 102652566717924023 bcsId: 0} | ret=SUCCESS |  
2019-08-21 02:17:42,324 | INFO  | DNAudit | user=null | ip=null | op=PUT_BLOCK {blockData=[blockId=conID: 2 locID: 102652566717924023 bcsId: 0,size=1048576]} | ret=SUCCESS |  
2019-08-21 02:17:42,324 | INFO  | DNAudit | user=null | ip=null | op=PUT_BLOCK {blockData=[blockId=conID: 2 locID: 102652566717924023 bcsId: 0,size=1048576]} | ret=SUCCESS |  
2019-08-21 02:17:42,325 [grpc-default-executor-3] INFO  client.GrpcClientProtocolClient (GrpcClientProtocolClient.java:onNext(255)) - client-54CC064C3FCE->8224e767-71c1-41fc-a01a-d172d48fd9d8: receive RaftClientReply:client-54CC064C3FCE->8224e767-71c1-41fc-a01a-d172d48fd9d8@group-F6B37CC92441, cid=3518, SUCCESS, logIndex=0, commits[8224e767-71c1-41fc-a01a-d172d48fd9d8:c5306, 6eae0c21-01aa-4169-956f-5952b26ea7ba:c5302, 8d7dcba1-3b82-4d94-a832-514ef5c79cf8:c5302]
2019-08-21 02:17:42,331 | INFO  | DNAudit | user=null | ip=null | op=WRITE_CHUNK {blockData=conID: 2 locID: 102652566717924023 bcsId: 5304} | ret=SUCCESS |  
2019-08-21 02:17:42,333 | INFO  | DNAudit | user=null | ip=null | op=WRITE_CHUNK {blockData=conID: 2 locID: 102652566717924023 bcsId: 5304} | ret=SUCCESS |  
2019-08-21 02:17:42,333 | INFO  | DNAudit | user=null | ip=null | op=WRITE_CHUNK {blockData=conID: 2 locID: 102652566717924023 bcsId: 5304} | ret=SUCCESS |  
2019-08-21 02:17:42,344 | INFO  | DNAudit | user=null | ip=null | op=WRITE_CHUNK {blockData=conID: 2 locID: 102652566717924023 bcsId: 0} | ret=SUCCESS |  
2019-08-21 02:17:42,345 | INFO  | DNAudit | user=null | ip=null | op=WRITE_CHUNK {blockData=conID: 2 locID: 102652566717924023 bcsId: 0} | ret=SUCCESS |  
2019-08-21 02:17:42,345 | INFO  | DNAudit | user=null | ip=null | op=PUT_BLOCK {blockData=[blockId=conID: 2 locID: 102652566717924023 bcsId: 0,size=2097152]} | ret=SUCCESS |  
2019-08-21 02:17:42,345 | INFO  | DNAudit | user=null | ip=null | op=PUT_BLOCK {blockData=[blockId=conID: 2 locID: 102652566717924023 bcsId: 0,size=2097152]} | ret=SUCCESS |  
2019-08-21 02:17:42,345 | INFO  | DNAudit | user=null | ip=null | op=WRITE_CHUNK {blockData=conID: 2 locID: 102652566717924023 bcsId: 5304} | ret=SUCCESS |  
2019-08-21 02:17:42,345 | INFO  | DNAudit | user=null | ip=null | op=PUT_BLOCK {blockData=[blockId=conID: 2 locID: 102652566717924023 bcsId: 0,size=3145728]} | ret=SUCCESS |  
2019-08-21 02:17:42,345 [grpc-default-executor-0] INFO  client.GrpcClientProtocolClient (GrpcClientProtocolClient.java:onNext(255)) - client-54CC064C3FCE->8224e767-71c1-41fc-a01a-d172d48fd9d8: receive RaftClientReply:client-54CC064C3FCE->8224e767-71c1-41fc-a01a-d172d48fd9d8@group-F6B37CC92441, cid=3519, SUCCESS, logIndex=5309, commits[8224e767-71c1-41fc-a01a-d172d48fd9d8:c5310, 6eae0c21-01aa-4169-956f-5952b26ea7ba:c5308, 8d7dcba1-3b82-4d94-a832-514ef5c79cf8:c5308]
2019-08-21 02:17:42,346 [grpc-default-executor-0] INFO  client.GrpcClientProtocolClient (GrpcClientProtocolClient.java:onNext(255)) - client-54CC064C3FCE->8224e767-71c1-41fc-a01a-d172d48fd9d8: receive RaftClientReply:client-54CC064C3FCE->8224e767-71c1-41fc-a01a-d172d48fd9d8@group-F6B37CC92441, cid=3520, SUCCESS, logIndex=5310, commits[8224e767-71c1-41fc-a01a-d172d48fd9d8:c5310, 6eae0c21-01aa-4169-956f-5952b26ea7ba:c5308, 8d7dcba1-3b82-4d94-a832-514ef5c79cf8:c5308]
2019-08-21 02:17:42,351 | INFO  | DNAudit | user=null | ip=null | op=WRITE_CHUNK {blockData=conID: 2 locID: 102652566717924023 bcsId: 5310} | ret=SUCCESS |  
2019-08-21 02:17:42,353 | INFO  | DNAudit | user=null | ip=null | op=WRITE_CHUNK {blockData=conID: 2 locID: 102652566717924023 bcsId: 5310} | ret=SUCCESS |  
2019-08-21 02:17:42,353 | INFO  | DNAudit | user=null | ip=null | op=WRITE_CHUNK {blockData=conID: 2 locID: 102652566717924023 bcsId: 5310} | ret=SUCCESS |  
2019-08-21 02:17:42,358 | INFO  | DNAudit | user=null | ip=null | op=WRITE_CHUNK {blockData=conID: 2 locID: 102652566717924023 bcsId: 5304} | ret=SUCCESS |  
2019-08-21 02:17:42,358 | INFO  | DNAudit | user=null | ip=null | op=WRITE_CHUNK {blockData=conID: 2 locID: 102652566717924023 bcsId: 5304} | ret=SUCCESS |  
2019-08-21 02:17:42,369 | INFO  | DNAudit | user=null | ip=null | op=PUT_BLOCK {blockData=[blockId=conID: 2 locID: 102652566717924023 bcsId: 0,size=3145728]} | ret=SUCCESS |  
2019-08-21 02:17:42,369 | INFO  | DNAudit | user=null | ip=null | op=PUT_BLOCK {blockData=[blockId=conID: 2 locID: 102652566717924023 bcsId: 0,size=3145728]} | ret=SUCCESS |  
2019-08-21 02:17:42,369 | INFO  | DNAudit | user=null | ip=null | op=WRITE_CHUNK {blockData=conID: 2 locID: 102652566717924023 bcsId: 5310} | ret=SUCCESS |  
2019-08-21 02:17:42,370 | INFO  | DNAudit | user=null | ip=null | op=PUT_BLOCK {blockData=[blockId=conID: 2 locID: 102652566717924023 bcsId: 0,size=4194304]} | ret=SUCCESS |  
2019-08-21 02:17:42,370 [grpc-default-executor-3] INFO  client.GrpcClientProtocolClient (GrpcClientProtocolClient.java:onNext(255)) - client-54CC064C3FCE->8224e767-71c1-41fc-a01a-d172d48fd9d8: receive RaftClientReply:client-54CC064C3FCE->8224e767-71c1-41fc-a01a-d172d48fd9d8@group-F6B37CC92441, cid=3521, SUCCESS, logIndex=5313, commits[8224e767-71c1-41fc-a01a-d172d48fd9d8:c5314, 6eae0c21-01aa-4169-956f-5952b26ea7ba:c5310, 8d7dcba1-3b82-4d94-a832-514ef5c79cf8:c5310]
2019-08-21 02:17:42,370 [grpc-default-executor-3] INFO  client.GrpcClientProtocolClient (GrpcClientProtocolClient.java:onNext(255)) - client-54CC064C3FCE->8224e767-71c1-41fc-a01a-d172d48fd9d8: receive RaftClientReply:client-54CC064C3FCE->8224e767-71c1-41fc-a01a-d172d48fd9d8@group-F6B37CC92441, cid=3522, SUCCESS, logIndex=5314, commits[8224e767-71c1-41fc-a01a-d172d48fd9d8:c5314, 6eae0c21-01aa-4169-956f-5952b26ea7ba:c5310, 8d7dcba1-3b82-4d94-a832-514ef5c79cf8:c5310]
2019-08-21 02:17:42,373 | INFO  | DNAudit | user=null | ip=null | op=WRITE_CHUNK {blockData=conID: 2 locID: 102652566717924023 bcsId: 5310} | ret=SUCCESS |  
2019-08-21 02:17:42,373 | INFO  | DNAudit | user=null | ip=null | op=WRITE_CHUNK {blockData=conID: 2 locID: 102652566717924023 bcsId: 5310} | ret=SUCCESS |  
2019-08-21 02:17:42,377 | INFO  | DNAudit | user=null | ip=null | op=PUT_BLOCK {blockData=[blockId=conID: 2 locID: 102652566717924023 bcsId: 0,size=4194304]} | ret=SUCCESS |  
2019-08-21 02:17:42,377 | INFO  | DNAudit | user=null | ip=null | op=PUT_BLOCK {blockData=[blockId=conID: 2 locID: 102652566717924023 bcsId: 0,size=4194304]} | ret=SUCCESS |  
2019-08-21 02:17:42,377 [grpc-default-executor-3] INFO  client.GrpcClientProtocolClient (GrpcClientProtocolClient.java:onNext(255)) - client-54CC064C3FCE->8224e767-71c1-41fc-a01a-d172d48fd9d8: receive RaftClientReply:client-54CC064C3FCE->8224e767-71c1-41fc-a01a-d172d48fd9d8@group-F6B37CC92441, cid=3523, SUCCESS, logIndex=0, commits[8224e767-71c1-41fc-a01a-d172d48fd9d8:c5316, 6eae0c21-01aa-4169-956f-5952b26ea7ba:c5314, 8d7dcba1-3b82-4d94-a832-514ef5c79cf8:c5314]
2019-08-21 02:17:42,383 | INFO  | SCMAudit | user=jenkins1000 | ip=192.168.34.10 | op=ALLOCATE_BLOCK {owner=b6f66289-f2a0-4058-b052-0a85e40df67b, size=4194304, type=RATIS, factor=THREE} | ret=SUCCESS |  
2019-08-21 02:17:42,387 | INFO  | OMAudit | user=jenkins1000 | ip=127.0.0.1 | op=ALLOCATE_BLOCK {volume=vol-0-90982, bucket=bucket-0-24269, key=key-0-81262, dataSize=0, replicationType=null, replicationFactor=null, keyLocationInfo=null, clientID=102652564580991378} | ret=SUCCESS |  
2019-08-21 02:17:42,393 | INFO  | DNAudit | user=null | ip=null | op=WRITE_CHUNK {blockData=conID: 3 locID: 102652566725132984 bcsId: 0} | ret=SUCCESS |  
2019-08-21 02:17:42,396 | INFO  | DNAudit | user=null | ip=null | op=WRITE_CHUNK {blockData=conID: 3 locID: 102652566725132984 bcsId: 0} | ret=SUCCESS |  
2019-08-21 02:17:42,396 | INFO  | DNAudit | user=null | ip=null | op=WRITE_CHUNK {blockData=conID: 3 locID: 102652566725132984 bcsId: 0} | ret=SUCCESS |  
2019-08-21 02:17:42,397 | INFO  | DNAudit | user=null | ip=null | op=WRITE_CHUNK {blockData=conID: 3 locID: 102652566725132984 bcsId: 0} | ret=SUCCESS |  
2019-08-21 02:17:42,397 | INFO  | DNAudit | user=null | ip=null | op=WRITE_CHUNK {blockData=conID: 3 locID: 102652566725132984 bcsId: 0} | ret=SUCCESS |  
2019-08-21 02:17:42,397 | INFO  | DNAudit | user=null | ip=null | op=WRITE_CHUNK {blockData=conID: 3 locID: 102652566725132984 bcsId: 0} | ret=SUCCESS |  
2019-08-21 02:17:42,399 | INFO  | DNAudit | user=null | ip=null | op=WRITE_CHUNK {blockData=conID: 3 locID: 102652566725132984 bcsId: 0} | ret=SUCCESS |  
2019-08-21 02:17:42,400 | INFO  | DNAudit | user=null | ip=null | op=PUT_BLOCK {blockData=[blockId=conID: 3 locID: 102652566725132984 bcsId: 0,size=1048576]} | ret=SUCCESS |  
2019-08-21 02:17:42,400 | INFO  | DNAudit | user=null | ip=null | op=WRITE_CHUNK {blockData=conID: 3 locID: 102652566725132984 bcsId: 0} | ret=SUCCESS |  
2019-08-21 02:17:42,400 [grpc-default-executor-1] INFO  client.GrpcClientProtocolClient (GrpcClientProtocolClient.java:onNext(255)) - client-54CC064C3FCE->8224e767-71c1-41fc-a01a-d172d48fd9d8: receive RaftClientReply:client-54CC064C3FCE->8224e767-71c1-41fc-a01a-d172d48fd9d8@group-F6B37CC92441, cid=3524, SUCCESS, logIndex=5317, commits[8224e767-71c1-41fc-a01a-d172d48fd9d8:c5319, 6eae0c21-01aa-4169-956f-5952b26ea7ba:c5314, 8d7dcba1-3b82-4d94-a832-514ef5c79cf8:c5316]
2019-08-21 02:17:42,400 | INFO  | DNAudit | user=null | ip=null | op=PUT_BLOCK {blockData=[blockId=conID: 3 locID: 102652566725132984 bcsId: 0,size=2097152]} | ret=SUCCESS |  
2019-08-21 02:17:42,400 | INFO  | DNAudit | user=null | ip=null | op=WRITE_CHUNK {blockData=conID: 3 locID: 102652566725132984 bcsId: 0} | ret=SUCCESS |  
2019-08-21 02:17:42,400 [grpc-default-executor-1] INFO  client.GrpcClientProtocolClient (GrpcClientProtocolClient.java:onNext(255)) - client-54CC064C3FCE->8224e767-71c1-41fc-a01a-d172d48fd9d8: receive RaftClientReply:client-54CC064C3FCE->8224e767-71c1-41fc-a01a-d172d48fd9d8@group-F6B37CC92441, cid=3525, SUCCESS, logIndex=5318, commits[8224e767-71c1-41fc-a01a-d172d48fd9d8:c5320, 6eae0c21-01aa-4169-956f-5952b26ea7ba:c5316, 8d7dcba1-3b82-4d94-a832-514ef5c79cf8:c5316]
2019-08-21 02:17:42,401 [grpc-default-executor-1] INFO  client.GrpcClientProtocolClient (GrpcClientProtocolClient.java:onNext(255)) - client-54CC064C3FCE->8224e767-71c1-41fc-a01a-d172d48fd9d8: receive RaftClientReply:client-54CC064C3FCE->8224e767-71c1-41fc-a01a-d172d48fd9d8@group-F6B37CC92441, cid=3526, SUCCESS, logIndex=5319, commits[8224e767-71c1-41fc-a01a-d172d48fd9d8:c5320, 6eae0c21-01aa-4169-956f-5952b26ea7ba:c5316, 8d7dcba1-3b82-4d94-a832-514ef5c79cf8:c5316]
2019-08-21 02:17:42,401 [grpc-default-executor-1] INFO  client.GrpcClientProtocolClient (GrpcClientProtocolClient.java:onNext(255)) - client-54CC064C3FCE->8224e767-71c1-41fc-a01a-d172d48fd9d8: receive RaftClientReply:client-54CC064C3FCE->8224e767-71c1-41fc-a01a-d172d48fd9d8@group-F6B37CC92441, cid=3527, SUCCESS, logIndex=5320, commits[8224e767-71c1-41fc-a01a-d172d48fd9d8:c5320, 6eae0c21-01aa-4169-956f-5952b26ea7ba:c5316, 8d7dcba1-3b82-4d94-a832-514ef5c79cf8:c5316]
2019-08-21 02:17:42,401 | INFO  | DNAudit | user=null | ip=null | op=WRITE_CHUNK {blockData=conID: 3 locID: 102652566725132984 bcsId: 0} | ret=SUCCESS |  
2019-08-21 02:17:42,402 | INFO  | DNAudit | user=null | ip=null | op=PUT_BLOCK {blockData=[blockId=conID: 3 locID: 102652566725132984 bcsId: 0,size=1048576]} | ret=SUCCESS |  
2019-08-21 02:17:42,403 | INFO  | DNAudit | user=null | ip=null | op=PUT_BLOCK {blockData=[blockId=conID: 3 locID: 102652566725132984 bcsId: 0,size=1048576]} | ret=SUCCESS |  
2019-08-21 02:17:42,403 | INFO  | DNAudit | user=null | ip=null | op=WRITE_CHUNK {blockData=conID: 3 locID: 102652566725132984 bcsId: 0} | ret=SUCCESS |  
2019-08-21 02:17:42,403 | INFO  | DNAudit | user=null | ip=null | op=PUT_BLOCK {blockData=[blockId=conID: 3 locID: 102652566725132984 bcsId: 0,size=2097152]} | ret=SUCCESS |  
2019-08-21 02:17:42,403 [grpc-default-executor-1] INFO  client.GrpcClientProtocolClient (GrpcClientProtocolClient.java:onNext(255)) - client-54CC064C3FCE->8224e767-71c1-41fc-a01a-d172d48fd9d8: receive RaftClientReply:client-54CC064C3FCE->8224e767-71c1-41fc-a01a-d172d48fd9d8@group-F6B37CC92441, cid=3528, SUCCESS, logIndex=0, commits[8224e767-71c1-41fc-a01a-d172d48fd9d8:c5322, 6eae0c21-01aa-4169-956f-5952b26ea7ba:c5318, 8d7dcba1-3b82-4d94-a832-514ef5c79cf8:c5318]
2019-08-21 02:17:42,405 | INFO  | DNAudit | user=null | ip=null | op=WRITE_CHUNK {blockData=conID: 3 locID: 102652566725132984 bcsId: 0} | ret=SUCCESS |  
2019-08-21 02:17:42,405 | INFO  | DNAudit | user=null | ip=null | op=PUT_BLOCK {blockData=[blockId=conID: 3 locID: 102652566725132984 bcsId: 0,size=2097152]} | ret=SUCCESS |  
2019-08-21 02:17:42,410 | INFO  | DNAudit | user=null | ip=null | op=WRITE_CHUNK {blockData=conID: 3 locID: 102652566725132984 bcsId: 5320} | ret=SUCCESS |  
2019-08-21 02:17:42,411 | INFO  | DNAudit | user=null | ip=null | op=WRITE_CHUNK {blockData=conID: 3 locID: 102652566725132984 bcsId: 5320} | ret=SUCCESS |  
2019-08-21 02:17:42,413 | INFO  | DNAudit | user=null | ip=null | op=WRITE_CHUNK {blockData=conID: 3 locID: 102652566725132984 bcsId: 5320} | ret=SUCCESS |  
2019-08-21 02:17:42,423 | INFO  | DNAudit | user=null | ip=null | op=WRITE_CHUNK {blockData=conID: 3 locID: 102652566725132984 bcsId: 5320} | ret=SUCCESS |  
2019-08-21 02:17:42,423 | INFO  | DNAudit | user=null | ip=null | op=PUT_BLOCK {blockData=[blockId=conID: 3 locID: 102652566725132984 bcsId: 0,size=3145728]} | ret=SUCCESS |  
2019-08-21 02:17:42,423 [grpc-default-executor-0] INFO  client.GrpcClientProtocolClient (GrpcClientProtocolClient.java:onNext(255)) - client-54CC064C3FCE->8224e767-71c1-41fc-a01a-d172d48fd9d8: receive RaftClientReply:client-54CC064C3FCE->8224e767-71c1-41fc-a01a-d172d48fd9d8@group-F6B37CC92441, cid=3529, SUCCESS, logIndex=5325, commits[8224e767-71c1-41fc-a01a-d172d48fd9d8:c5325, 6eae0c21-01aa-4169-956f-5952b26ea7ba:c5324, 8d7dcba1-3b82-4d94-a832-514ef5c79cf8:c5324]
2019-08-21 02:17:42,424 [grpc-default-executor-0] INFO  client.GrpcClientProtocolClient (GrpcClientProtocolClient.java:onNext(255)) - client-54CC064C3FCE->8224e767-71c1-41fc-a01a-d172d48fd9d8: receive RaftClientReply:client-54CC064C3FCE->8224e767-71c1-41fc-a01a-d172d48fd9d8@group-F6B37CC92441, cid=3530, SUCCESS, logIndex=5326, commits[8224e767-71c1-41fc-a01a-d172d48fd9d8:c5326, 6eae0c21-01aa-4169-956f-5952b26ea7ba:c5324, 8d7dcba1-3b82-4d94-a832-514ef5c79cf8:c5324]
2019-08-21 02:17:42,430 | INFO  | DNAudit | user=null | ip=null | op=WRITE_CHUNK {blockData=conID: 3 locID: 102652566725132984 bcsId: 5326} | ret=SUCCESS |  
2019-08-21 02:17:42,432 | INFO  | DNAudit | user=null | ip=null | op=WRITE_CHUNK {blockData=conID: 3 locID: 102652566725132984 bcsId: 5326} | ret=SUCCESS |  
2019-08-21 02:17:42,432 | INFO  | DNAudit | user=null | ip=null | op=WRITE_CHUNK {blockData=conID: 3 locID: 102652566725132984 bcsId: 5326} | ret=SUCCESS |  
2019-08-21 02:17:42,435 | INFO  | DNAudit | user=null | ip=null | op=WRITE_CHUNK {blockData=conID: 3 locID: 102652566725132984 bcsId: 5320} | ret=SUCCESS |  
2019-08-21 02:17:42,435 | INFO  | DNAudit | user=null | ip=null | op=WRITE_CHUNK {blockData=conID: 3 locID: 102652566725132984 bcsId: 5320} | ret=SUCCESS |  
2019-08-21 02:17:42,437 | INFO  | DNAudit | user=null | ip=null | op=PUT_BLOCK {blockData=[blockId=conID: 3 locID: 102652566725132984 bcsId: 0,size=3145728]} | ret=SUCCESS |  
2019-08-21 02:17:42,437 | INFO  | DNAudit | user=null | ip=null | op=PUT_BLOCK {blockData=[blockId=conID: 3 locID: 102652566725132984 bcsId: 0,size=3145728]} | ret=SUCCESS |  
2019-08-21 02:17:42,438 | INFO  | DNAudit | user=null | ip=null | op=WRITE_CHUNK {blockData=conID: 3 locID: 102652566725132984 bcsId: 5326} | ret=SUCCESS |  
2019-08-21 02:17:42,438 | INFO  | DNAudit | user=null | ip=null | op=PUT_BLOCK {blockData=[blockId=conID: 3 locID: 102652566725132984 bcsId: 0,size=4194304]} | ret=SUCCESS |  
2019-08-21 02:17:42,439 [grpc-default-executor-0] INFO  client.GrpcClientProtocolClient (GrpcClientProtocolClient.java:onNext(255)) - client-54CC064C3FCE->8224e767-71c1-41fc-a01a-d172d48fd9d8: receive RaftClientReply:client-54CC064C3FCE->8224e767-71c1-41fc-a01a-d172d48fd9d8@group-F6B37CC92441, cid=3531, SUCCESS, logIndex=5329, commits[8224e767-71c1-41fc-a01a-d172d48fd9d8:c5330, 6eae0c21-01aa-4169-956f-5952b26ea7ba:c5326, 8d7dcba1-3b82-4d94-a832-514ef5c79cf8:c5326]
2019-08-21 02:17:42,439 [grpc-default-executor-0] INFO  client.GrpcClientProtocolClient (GrpcClientProtocolClient.java:onNext(255)) - client-54CC064C3FCE->8224e767-71c1-41fc-a01a-d172d48fd9d8: receive RaftClientReply:client-54CC064C3FCE->8224e767-71c1-41fc-a01a-d172d48fd9d8@group-F6B37CC92441, cid=3532, SUCCESS, logIndex=5330, commits[8224e767-71c1-41fc-a01a-d172d48fd9d8:c5330, 6eae0c21-01aa-4169-956f-5952b26ea7ba:c5326, 8d7dcba1-3b82-4d94-a832-514ef5c79cf8:c5326]
2019-08-21 02:17:42,452 | INFO  | DNAudit | user=null | ip=null | op=WRITE_CHUNK {blockData=conID: 3 locID: 102652566725132984 bcsId: 5326} | ret=SUCCESS |  
2019-08-21 02:17:42,452 | INFO  | DNAudit | user=null | ip=null | op=WRITE_CHUNK {blockData=conID: 3 locID: 102652566725132984 bcsId: 5326} | ret=SUCCESS |  
2019-08-21 02:17:42,454 | INFO  | DNAudit | user=null | ip=null | op=PUT_BLOCK {blockData=[blockId=conID: 3 locID: 102652566725132984 bcsId: 0,size=4194304]} | ret=SUCCESS |  
2019-08-21 02:17:42,454 | INFO  | DNAudit | user=null | ip=null | op=PUT_BLOCK {blockData=[blockId=conID: 3 locID: 102652566725132984 bcsId: 0,size=4194304]} | ret=SUCCESS |  
2019-08-21 02:17:42,454 [grpc-default-executor-0] INFO  client.GrpcClientProtocolClient (GrpcClientProtocolClient.java:onNext(255)) - client-54CC064C3FCE->8224e767-71c1-41fc-a01a-d172d48fd9d8: receive RaftClientReply:client-54CC064C3FCE->8224e767-71c1-41fc-a01a-d172d48fd9d8@group-F6B37CC92441, cid=3533, SUCCESS, logIndex=0, commits[8224e767-71c1-41fc-a01a-d172d48fd9d8:c5332, 6eae0c21-01aa-4169-956f-5952b26ea7ba:c5330, 8d7dcba1-3b82-4d94-a832-514ef5c79cf8:c5330]
2019-08-21 02:17:42,460 | INFO  | SCMAudit | user=jenkins1000 | ip=192.168.34.10 | op=ALLOCATE_BLOCK {owner=b6f66289-f2a0-4058-b052-0a85e40df67b, size=4194304, type=RATIS, factor=THREE} | ret=SUCCESS |  
2019-08-21 02:17:42,464 | INFO  | OMAudit | user=jenkins1000 | ip=127.0.0.1 | op=ALLOCATE_BLOCK {volume=vol-0-90982, bucket=bucket-0-24269, key=key-0-81262, dataSize=0, replicationType=null, replicationFactor=null, keyLocationInfo=null, clientID=102652564580991378} | ret=SUCCESS |  
2019-08-21 02:17:42,471 | INFO  | DNAudit | user=null | ip=null | op=WRITE_CHUNK {blockData=conID: 1 locID: 102652566730179257 bcsId: 0} | ret=SUCCESS |  
2019-08-21 02:17:42,473 | INFO  | DNAudit | user=null | ip=null | op=WRITE_CHUNK {blockData=conID: 1 locID: 102652566730179257 bcsId: 0} | ret=SUCCESS |  
2019-08-21 02:17:42,473 | INFO  | DNAudit | user=null | ip=null | op=WRITE_CHUNK {blockData=conID: 1 locID: 102652566730179257 bcsId: 0} | ret=SUCCESS |  
2019-08-21 02:17:42,474 | INFO  | DNAudit | user=null | ip=null | op=WRITE_CHUNK {blockData=conID: 1 locID: 102652566730179257 bcsId: 0} | ret=SUCCESS |  
2019-08-21 02:17:42,475 | INFO  | DNAudit | user=null | ip=null | op=WRITE_CHUNK {blockData=conID: 1 locID: 102652566730179257 bcsId: 0} | ret=SUCCESS |  
2019-08-21 02:17:42,475 | INFO  | DNAudit | user=null | ip=null | op=WRITE_CHUNK {blockData=conID: 1 locID: 102652566730179257 bcsId: 0} | ret=SUCCESS |  
2019-08-21 02:17:42,484 | INFO  | DNAudit | user=null | ip=null | op=WRITE_CHUNK {blockData=conID: 1 locID: 102652566730179257 bcsId: 0} | ret=SUCCESS |  
2019-08-21 02:17:42,485 | INFO  | DNAudit | user=null | ip=null | op=PUT_BLOCK {blockData=[blockId=conID: 1 locID: 102652566730179257 bcsId: 0,size=1048576]} | ret=SUCCESS |  
2019-08-21 02:17:42,485 [grpc-default-executor-3] INFO  client.GrpcClientProtocolClient (GrpcClientProtocolClient.java:onNext(255)) - client-54CC064C3FCE->8224e767-71c1-41fc-a01a-d172d48fd9d8: receive RaftClientReply:client-54CC064C3FCE->8224e767-71c1-41fc-a01a-d172d48fd9d8@group-F6B37CC92441, cid=3534, SUCCESS, logIndex=5333, commits[8224e767-71c1-41fc-a01a-d172d48fd9d8:c5335, 6eae0c21-01aa-4169-956f-5952b26ea7ba:c5332, 8d7dcba1-3b82-4d94-a832-514ef5c79cf8:c5332]
2019-08-21 02:17:42,485 | INFO  | DNAudit | user=null | ip=null | op=WRITE_CHUNK {blockData=conID: 1 locID: 102652566730179257 bcsId: 0} | ret=SUCCESS |  
2019-08-21 02:17:42,485 | INFO  | DNAudit | user=null | ip=null | op=WRITE_CHUNK {blockData=conID: 1 locID: 102652566730179257 bcsId: 0} | ret=SUCCESS |  
2019-08-21 02:17:42,485 [grpc-default-executor-2] INFO  client.GrpcClientProtocolClient (GrpcClientProtocolClient.java:onNext(255)) - client-54CC064C3FCE->8224e767-71c1-41fc-a01a-d172d48fd9d8: receive RaftClientReply:client-54CC064C3FCE->8224e767-71c1-41fc-a01a-d172d48fd9d8@group-F6B37CC92441, cid=3535, SUCCESS, logIndex=5334, commits[8224e767-71c1-41fc-a01a-d172d48fd9d8:c5336, 6eae0c21-01aa-4169-956f-5952b26ea7ba:c5332, 8d7dcba1-3b82-4d94-a832-514ef5c79cf8:c5332]
2019-08-21 02:17:42,486 | INFO  | DNAudit | user=null | ip=null | op=PUT_BLOCK {blockData=[blockId=conID: 1 locID: 102652566730179257 bcsId: 0,size=2097152]} | ret=SUCCESS |  
2019-08-21 02:17:42,486 [grpc-default-executor-2] INFO  client.GrpcClientProtocolClient (GrpcClientProtocolClient.java:onNext(255)) - client-54CC064C3FCE->8224e767-71c1-41fc-a01a-d172d48fd9d8: receive RaftClientReply:client-54CC064C3FCE->8224e767-71c1-41fc-a01a-d172d48fd9d8@group-F6B37CC92441, cid=3536, SUCCESS, logIndex=5335, commits[8224e767-71c1-41fc-a01a-d172d48fd9d8:c5337, 6eae0c21-01aa-4169-956f-5952b26ea7ba:c5333, 8d7dcba1-3b82-4d94-a832-514ef5c79cf8:c5332]
2019-08-21 02:17:42,486 [grpc-default-executor-2] INFO  client.GrpcClientProtocolClient (GrpcClientProtocolClient.java:onNext(255)) - client-54CC064C3FCE->8224e767-71c1-41fc-a01a-d172d48fd9d8: receive RaftClientReply:client-54CC064C3FCE->8224e767-71c1-41fc-a01a-d172d48fd9d8@group-F6B37CC92441, cid=3537, SUCCESS, logIndex=5336, commits[8224e767-71c1-41fc-a01a-d172d48fd9d8:c5337, 6eae0c21-01aa-4169-956f-5952b26ea7ba:c5333, 8d7dcba1-3b82-4d94-a832-514ef5c79cf8:c5332]
2019-08-21 02:17:42,487 | INFO  | DNAudit | user=null | ip=null | op=WRITE_CHUNK {blockData=conID: 1 locID: 102652566730179257 bcsId: 0} | ret=SUCCESS |  
2019-08-21 02:17:42,488 | INFO  | DNAudit | user=null | ip=null | op=PUT_BLOCK {blockData=[blockId=conID: 1 locID: 102652566730179257 bcsId: 0,size=1048576]} | ret=SUCCESS |  
2019-08-21 02:17:42,488 | INFO  | DNAudit | user=null | ip=null | op=WRITE_CHUNK {blockData=conID: 1 locID: 102652566730179257 bcsId: 0} | ret=SUCCESS |  
2019-08-21 02:17:42,498 | INFO  | DNAudit | user=null | ip=null | op=PUT_BLOCK {blockData=[blockId=conID: 1 locID: 102652566730179257 bcsId: 0,size=1048576]} | ret=SUCCESS |  
2019-08-21 02:17:42,499 | INFO  | DNAudit | user=null | ip=null | op=WRITE_CHUNK {blockData=conID: 1 locID: 102652566730179257 bcsId: 0} | ret=SUCCESS |  
2019-08-21 02:17:42,499 | INFO  | DNAudit | user=null | ip=null | op=PUT_BLOCK {blockData=[blockId=conID: 1 locID: 102652566730179257 bcsId: 0,size=2097152]} | ret=SUCCESS |  
2019-08-21 02:17:42,499 | INFO  | DNAudit | user=null | ip=null | op=PUT_BLOCK {blockData=[blockId=conID: 1 locID: 102652566730179257 bcsId: 0,size=2097152]} | ret=SUCCESS |  
2019-08-21 02:17:42,499 [grpc-default-executor-2] INFO  client.GrpcClientProtocolClient (GrpcClientProtocolClient.java:onNext(255)) - client-54CC064C3FCE->8224e767-71c1-41fc-a01a-d172d48fd9d8: receive RaftClientReply:client-54CC064C3FCE->8224e767-71c1-41fc-a01a-d172d48fd9d8@group-F6B37CC92441, cid=3538, SUCCESS, logIndex=0, commits[8224e767-71c1-41fc-a01a-d172d48fd9d8:c5339, 6eae0c21-01aa-4169-956f-5952b26ea7ba:c5334, 8d7dcba1-3b82-4d94-a832-514ef5c79cf8:c5335]
2019-08-21 02:17:42,505 | INFO  | DNAudit | user=null | ip=null | op=WRITE_CHUNK {blockData=conID: 1 locID: 102652566730179257 bcsId: 5336} | ret=SUCCESS |  
2019-08-21 02:17:42,508 | INFO  | DNAudit | user=null | ip=null | op=WRITE_CHUNK {blockData=conID: 1 locID: 102652566730179257 bcsId: 5336} | ret=SUCCESS |  
2019-08-21 02:17:42,508 | INFO  | DNAudit | user=null | ip=null | op=WRITE_CHUNK {blockData=conID: 1 locID: 102652566730179257 bcsId: 5336} | ret=SUCCESS |  
2019-08-21 02:17:42,522 | INFO  | DNAudit | user=null | ip=null | op=WRITE_CHUNK {blockData=conID: 1 locID: 102652566730179257 bcsId: 5336} | ret=SUCCESS |  
2019-08-21 02:17:42,523 | INFO  | DNAudit | user=null | ip=null | op=PUT_BLOCK {blockData=[blockId=conID: 1 locID: 102652566730179257 bcsId: 0,size=3145728]} | ret=SUCCESS |  
2019-08-21 02:17:42,523 [grpc-default-executor-0] INFO  client.GrpcClientProtocolClient (GrpcClientProtocolClient.java:onNext(255)) - client-54CC064C3FCE->8224e767-71c1-41fc-a01a-d172d48fd9d8: receive RaftClientReply:client-54CC064C3FCE->8224e767-71c1-41fc-a01a-d172d48fd9d8@group-F6B37CC92441, cid=3539, SUCCESS, logIndex=5341, commits[8224e767-71c1-41fc-a01a-d172d48fd9d8:c5342, 6eae0c21-01aa-4169-956f-5952b26ea7ba:c5340, 8d7dcba1-3b82-4d94-a832-514ef5c79cf8:c5340]
2019-08-21 02:17:42,523 [grpc-default-executor-0] INFO  client.GrpcClientProtocolClient (GrpcClientProtocolClient.java:onNext(255)) - client-54CC064C3FCE->8224e767-71c1-41fc-a01a-d172d48fd9d8: receive RaftClientReply:client-54CC064C3FCE->8224e767-71c1-41fc-a01a-d172d48fd9d8@group-F6B37CC92441, cid=3540, SUCCESS, logIndex=5342, commits[8224e767-71c1-41fc-a01a-d172d48fd9d8:c5342, 6eae0c21-01aa-4169-956f-5952b26ea7ba:c5340, 8d7dcba1-3b82-4d94-a832-514ef5c79cf8:c5340]
2019-08-21 02:17:42,531 | INFO  | DNAudit | user=null | ip=null | op=WRITE_CHUNK {blockData=conID: 1 locID: 102652566730179257 bcsId: 5342} | ret=SUCCESS |  
2019-08-21 02:17:42,532 | INFO  | DNAudit | user=null | ip=null | op=WRITE_CHUNK {blockData=conID: 1 locID: 102652566730179257 bcsId: 5342} | ret=SUCCESS |  
2019-08-21 02:17:42,533 | INFO  | DNAudit | user=null | ip=null | op=WRITE_CHUNK {blockData=conID: 1 locID: 102652566730179257 bcsId: 5342} | ret=SUCCESS |  
2019-08-21 02:17:42,535 | INFO  | DNAudit | user=null | ip=null | op=WRITE_CHUNK {blockData=conID: 1 locID: 102652566730179257 bcsId: 5336} | ret=SUCCESS |  
2019-08-21 02:17:42,536 | INFO  | DNAudit | user=null | ip=null | op=WRITE_CHUNK {blockData=conID: 1 locID: 102652566730179257 bcsId: 5336} | ret=SUCCESS |  
2019-08-21 02:17:42,549 | INFO  | DNAudit | user=null | ip=null | op=PUT_BLOCK {blockData=[blockId=conID: 1 locID: 102652566730179257 bcsId: 0,size=3145728]} | ret=SUCCESS |  
2019-08-21 02:17:42,549 | INFO  | DNAudit | user=null | ip=null | op=PUT_BLOCK {blockData=[blockId=conID: 1 locID: 102652566730179257 bcsId: 0,size=3145728]} | ret=SUCCESS |  
2019-08-21 02:17:42,549 | INFO  | DNAudit | user=null | ip=null | op=WRITE_CHUNK {blockData=conID: 1 locID: 102652566730179257 bcsId: 5342} | ret=SUCCESS |  
2019-08-21 02:17:42,550 | INFO  | DNAudit | user=null | ip=null | op=PUT_BLOCK {blockData=[blockId=conID: 1 locID: 102652566730179257 bcsId: 0,size=4194304]} | ret=SUCCESS |  
2019-08-21 02:17:42,550 [grpc-default-executor-3] INFO  client.GrpcClientProtocolClient (GrpcClientProtocolClient.java:onNext(255)) - client-54CC064C3FCE->8224e767-71c1-41fc-a01a-d172d48fd9d8: receive RaftClientReply:client-54CC064C3FCE->8224e767-71c1-41fc-a01a-d172d48fd9d8@group-F6B37CC92441, cid=3541, SUCCESS, logIndex=5345, commits[8224e767-71c1-41fc-a01a-d172d48fd9d8:c5345, 6eae0c21-01aa-4169-956f-5952b26ea7ba:c5342, 8d7dcba1-3b82-4d94-a832-514ef5c79cf8:c5342]
2019-08-21 02:17:42,550 [grpc-default-executor-3] INFO  client.GrpcClientProtocolClient (GrpcClientProtocolClient.java:onNext(255)) - client-54CC064C3FCE->8224e767-71c1-41fc-a01a-d172d48fd9d8: receive RaftClientReply:client-54CC064C3FCE->8224e767-71c1-41fc-a01a-d172d48fd9d8@group-F6B37CC92441, cid=3542, SUCCESS, logIndex=5346, commits[8224e767-71c1-41fc-a01a-d172d48fd9d8:c5346, 6eae0c21-01aa-4169-956f-5952b26ea7ba:c5342, 8d7dcba1-3b82-4d94-a832-514ef5c79cf8:c5342]
2019-08-21 02:17:42,563 | INFO  | DNAudit | user=null | ip=null | op=WRITE_CHUNK {blockData=conID: 1 locID: 102652566730179257 bcsId: 5342} | ret=SUCCESS |  
2019-08-21 02:17:42,563 | INFO  | DNAudit | user=null | ip=null | op=WRITE_CHUNK {blockData=conID: 1 locID: 102652566730179257 bcsId: 5342} | ret=SUCCESS |  
2019-08-21 02:17:42,575 | INFO  | DNAudit | user=null | ip=null | op=PUT_BLOCK {blockData=[blockId=conID: 1 locID: 102652566730179257 bcsId: 0,size=4194304]} | ret=SUCCESS |  
2019-08-21 02:17:42,575 | INFO  | DNAudit | user=null | ip=null | op=PUT_BLOCK {blockData=[blockId=conID: 1 locID: 102652566730179257 bcsId: 0,size=4194304]} | ret=SUCCESS |  
2019-08-21 02:17:42,576 [grpc-default-executor-3] INFO  client.GrpcClientProtocolClient (GrpcClientProtocolClient.java:onNext(255)) - client-54CC064C3FCE->8224e767-71c1-41fc-a01a-d172d48fd9d8: receive RaftClientReply:client-54CC064C3FCE->8224e767-71c1-41fc-a01a-d172d48fd9d8@group-F6B37CC92441, cid=3543, SUCCESS, logIndex=0, commits[8224e767-71c1-41fc-a01a-d172d48fd9d8:c5348, 6eae0c21-01aa-4169-956f-5952b26ea7ba:c5346, 8d7dcba1-3b82-4d94-a832-514ef5c79cf8:c5346]
2019-08-21 02:17:42,584 | INFO  | SCMAudit | user=jenkins1000 | ip=192.168.34.10 | op=ALLOCATE_BLOCK {owner=b6f66289-f2a0-4058-b052-0a85e40df67b, size=4194304, type=RATIS, factor=THREE} | ret=SUCCESS |  
2019-08-21 02:17:42,589 | INFO  | OMAudit | user=jenkins1000 | ip=127.0.0.1 | op=ALLOCATE_BLOCK {volume=vol-0-90982, bucket=bucket-0-24269, key=key-0-81262, dataSize=0, replicationType=null, replicationFactor=null, keyLocationInfo=null, clientID=102652564580991378} | ret=SUCCESS |  
2019-08-21 02:17:42,596 | INFO  | DNAudit | user=null | ip=null | op=WRITE_CHUNK {blockData=conID: 2 locID: 102652566738305722 bcsId: 0} | ret=SUCCESS |  
2019-08-21 02:17:42,600 | INFO  | DNAudit | user=null | ip=null | op=WRITE_CHUNK {blockData=conID: 2 locID: 102652566738305722 bcsId: 0} | ret=SUCCESS |  
2019-08-21 02:17:42,600 | INFO  | DNAudit | user=null | ip=null | op=WRITE_CHUNK {blockData=conID: 2 locID: 102652566738305722 bcsId: 0} | ret=SUCCESS |  
2019-08-21 02:17:42,601 | INFO  | DNAudit | user=null | ip=null | op=WRITE_CHUNK {blockData=conID: 2 locID: 102652566738305722 bcsId: 0} | ret=SUCCESS |  
2019-08-21 02:17:42,603 | INFO  | DNAudit | user=null | ip=null | op=WRITE_CHUNK {blockData=conID: 2 locID: 102652566738305722 bcsId: 0} | ret=SUCCESS |  
2019-08-21 02:17:42,603 | INFO  | DNAudit | user=null | ip=null | op=WRITE_CHUNK {blockData=conID: 2 locID: 102652566738305722 bcsId: 0} | ret=SUCCESS |  
2019-08-21 02:17:42,609 | INFO  | DNAudit | user=null | ip=null | op=WRITE_CHUNK {blockData=conID: 2 locID: 102652566738305722 bcsId: 0} | ret=SUCCESS |  
2019-08-21 02:17:42,609 | INFO  | DNAudit | user=null | ip=null | op=PUT_BLOCK {blockData=[blockId=conID: 2 locID: 102652566738305722 bcsId: 0,size=1048576]} | ret=SUCCESS |  
2019-08-21 02:17:42,609 [grpc-default-executor-3] INFO  client.GrpcClientProtocolClient (GrpcClientProtocolClient.java:onNext(255)) - client-54CC064C3FCE->8224e767-71c1-41fc-a01a-d172d48fd9d8: receive RaftClientReply:client-54CC064C3FCE->8224e767-71c1-41fc-a01a-d172d48fd9d8@group-F6B37CC92441, cid=3544, SUCCESS, logIndex=5349, commits[8224e767-71c1-41fc-a01a-d172d48fd9d8:c5350, 6eae0c21-01aa-4169-956f-5952b26ea7ba:c5348, 8d7dcba1-3b82-4d94-a832-514ef5c79cf8:c5348]
2019-08-21 02:17:42,610 [grpc-default-executor-3] INFO  client.GrpcClientProtocolClient (GrpcClientProtocolClient.java:onNext(255)) - client-54CC064C3FCE->8224e767-71c1-41fc-a01a-d172d48fd9d8: receive RaftClientReply:client-54CC064C3FCE->8224e767-71c1-41fc-a01a-d172d48fd9d8@group-F6B37CC92441, cid=3545, SUCCESS, logIndex=5350, commits[8224e767-71c1-41fc-a01a-d172d48fd9d8:c5350, 6eae0c21-01aa-4169-956f-5952b26ea7ba:c5348, 8d7dcba1-3b82-4d94-a832-514ef5c79cf8:c5348]
2019-08-21 02:17:42,612 | INFO  | DNAudit | user=null | ip=null | op=WRITE_CHUNK {blockData=conID: 2 locID: 102652566738305722 bcsId: 0} | ret=SUCCESS |  
2019-08-21 02:17:42,612 | INFO  | DNAudit | user=null | ip=null | op=PUT_BLOCK {blockData=[blockId=conID: 2 locID: 102652566738305722 bcsId: 0,size=2097152]} | ret=SUCCESS |  
2019-08-21 02:17:42,612 [grpc-default-executor-3] INFO  client.GrpcClientProtocolClient (GrpcClientProtocolClient.java:onNext(255)) - client-54CC064C3FCE->8224e767-71c1-41fc-a01a-d172d48fd9d8: receive RaftClientReply:client-54CC064C3FCE->8224e767-71c1-41fc-a01a-d172d48fd9d8@group-F6B37CC92441, cid=3546, SUCCESS, logIndex=5351, commits[8224e767-71c1-41fc-a01a-d172d48fd9d8:c5352, 6eae0c21-01aa-4169-956f-5952b26ea7ba:c5348, 8d7dcba1-3b82-4d94-a832-514ef5c79cf8:c5348]
2019-08-21 02:17:42,613 [grpc-default-executor-3] INFO  client.GrpcClientProtocolClient (GrpcClientProtocolClient.java:onNext(255)) - client-54CC064C3FCE->8224e767-71c1-41fc-a01a-d172d48fd9d8: receive RaftClientReply:client-54CC064C3FCE->8224e767-71c1-41fc-a01a-d172d48fd9d8@group-F6B37CC92441, cid=3547, SUCCESS, logIndex=5352, commits[8224e767-71c1-41fc-a01a-d172d48fd9d8:c5352, 6eae0c21-01aa-4169-956f-5952b26ea7ba:c5348, 8d7dcba1-3b82-4d94-a832-514ef5c79cf8:c5348]
2019-08-21 02:17:42,622 | INFO  | DNAudit | user=null | ip=null | op=WRITE_CHUNK {blockData=conID: 2 locID: 102652566738305722 bcsId: 0} | ret=SUCCESS |  
2019-08-21 02:17:42,622 | INFO  | DNAudit | user=null | ip=null | op=WRITE_CHUNK {blockData=conID: 2 locID: 102652566738305722 bcsId: 0} | ret=SUCCESS |  
2019-08-21 02:17:42,623 | INFO  | DNAudit | user=null | ip=null | op=PUT_BLOCK {blockData=[blockId=conID: 2 locID: 102652566738305722 bcsId: 0,size=1048576]} | ret=SUCCESS |  
2019-08-21 02:17:42,623 | INFO  | DNAudit | user=null | ip=null | op=PUT_BLOCK {blockData=[blockId=conID: 2 locID: 102652566738305722 bcsId: 0,size=1048576]} | ret=SUCCESS |  
2019-08-21 02:17:42,623 [grpc-default-executor-3] INFO  client.GrpcClientProtocolClient (GrpcClientProtocolClient.java:onNext(255)) - client-54CC064C3FCE->8224e767-71c1-41fc-a01a-d172d48fd9d8: receive RaftClientReply:client-54CC064C3FCE->8224e767-71c1-41fc-a01a-d172d48fd9d8@group-F6B37CC92441, cid=3548, SUCCESS, logIndex=0, commits[8224e767-71c1-41fc-a01a-d172d48fd9d8:c5354, 6eae0c21-01aa-4169-956f-5952b26ea7ba:c5350, 8d7dcba1-3b82-4d94-a832-514ef5c79cf8:c5350]
2019-08-21 02:17:42,623 | INFO  | DNAudit | user=null | ip=null | op=WRITE_CHUNK {blockData=conID: 2 locID: 102652566738305722 bcsId: 0} | ret=SUCCESS |  
2019-08-21 02:17:42,624 | INFO  | DNAudit | user=null | ip=null | op=PUT_BLOCK {blockData=[blockId=conID: 2 locID: 102652566738305722 bcsId: 0,size=2097152]} | ret=SUCCESS |  
2019-08-21 02:17:42,626 | INFO  | DNAudit | user=null | ip=null | op=WRITE_CHUNK {blockData=conID: 2 locID: 102652566738305722 bcsId: 0} | ret=SUCCESS |  
2019-08-21 02:17:42,626 | INFO  | DNAudit | user=null | ip=null | op=PUT_BLOCK {blockData=[blockId=conID: 2 locID: 102652566738305722 bcsId: 0,size=2097152]} | ret=SUCCESS |  
2019-08-21 02:17:42,631 | INFO  | DNAudit | user=null | ip=null | op=WRITE_CHUNK {blockData=conID: 2 locID: 102652566738305722 bcsId: 5352} | ret=SUCCESS |  
2019-08-21 02:17:42,632 | INFO  | DNAudit | user=null | ip=null | op=WRITE_CHUNK {blockData=conID: 2 locID: 102652566738305722 bcsId: 5352} | ret=SUCCESS |  
2019-08-21 02:17:42,633 | INFO  | DNAudit | user=null | ip=null | op=WRITE_CHUNK {blockData=conID: 2 locID: 102652566738305722 bcsId: 5352} | ret=SUCCESS |  
2019-08-21 02:17:42,645 | INFO  | DNAudit | user=null | ip=null | op=WRITE_CHUNK {blockData=conID: 2 locID: 102652566738305722 bcsId: 5352} | ret=SUCCESS |  
2019-08-21 02:17:42,645 | INFO  | DNAudit | user=null | ip=null | op=PUT_BLOCK {blockData=[blockId=conID: 2 locID: 102652566738305722 bcsId: 0,size=3145728]} | ret=SUCCESS |  
2019-08-21 02:17:42,645 [grpc-default-executor-0] INFO  client.GrpcClientProtocolClient (GrpcClientProtocolClient.java:onNext(255)) - client-54CC064C3FCE->8224e767-71c1-41fc-a01a-d172d48fd9d8: receive RaftClientReply:client-54CC064C3FCE->8224e767-71c1-41fc-a01a-d172d48fd9d8@group-F6B37CC92441, cid=3549, SUCCESS, logIndex=5357, commits[8224e767-71c1-41fc-a01a-d172d48fd9d8:c5358, 6eae0c21-01aa-4169-956f-5952b26ea7ba:c5356, 8d7dcba1-3b82-4d94-a832-514ef5c79cf8:c5356]
2019-08-21 02:17:42,646 [grpc-default-executor-0] INFO  client.GrpcClientProtocolClient (GrpcClientProtocolClient.java:onNext(255)) - client-54CC064C3FCE->8224e767-71c1-41fc-a01a-d172d48fd9d8: receive RaftClientReply:client-54CC064C3FCE->8224e767-71c1-41fc-a01a-d172d48fd9d8@group-F6B37CC92441, cid=3550, SUCCESS, logIndex=5358, commits[8224e767-71c1-41fc-a01a-d172d48fd9d8:c5358, 6eae0c21-01aa-4169-956f-5952b26ea7ba:c5356, 8d7dcba1-3b82-4d94-a832-514ef5c79cf8:c5356]
2019-08-21 02:17:42,647 | INFO  | DNAudit | user=null | ip=null | op=WRITE_CHUNK {blockData=conID: 2 locID: 102652566738305722 bcsId: 5352} | ret=SUCCESS |  
2019-08-21 02:17:42,648 | INFO  | DNAudit | user=null | ip=null | op=WRITE_CHUNK {blockData=conID: 2 locID: 102652566738305722 bcsId: 5352} | ret=SUCCESS |  
2019-08-21 02:17:42,651 | INFO  | DNAudit | user=null | ip=null | op=PUT_BLOCK {blockData=[blockId=conID: 2 locID: 102652566738305722 bcsId: 0,size=3145728]} | ret=SUCCESS |  
2019-08-21 02:17:42,651 | INFO  | DNAudit | user=null | ip=null | op=PUT_BLOCK {blockData=[blockId=conID: 2 locID: 102652566738305722 bcsId: 0,size=3145728]} | ret=SUCCESS |  
2019-08-21 02:17:42,653 | INFO  | DNAudit | user=null | ip=null | op=WRITE_CHUNK {blockData=conID: 2 locID: 102652566738305722 bcsId: 5358} | ret=SUCCESS |  
2019-08-21 02:17:42,655 | INFO  | DNAudit | user=null | ip=null | op=WRITE_CHUNK {blockData=conID: 2 locID: 102652566738305722 bcsId: 5358} | ret=SUCCESS |  
2019-08-21 02:17:42,656 | INFO  | DNAudit | user=null | ip=null | op=WRITE_CHUNK {blockData=conID: 2 locID: 102652566738305722 bcsId: 5358} | ret=SUCCESS |  
2019-08-21 02:17:42,668 | INFO  | DNAudit | user=null | ip=null | op=WRITE_CHUNK {blockData=conID: 2 locID: 102652566738305722 bcsId: 5358} | ret=SUCCESS |  
2019-08-21 02:17:42,669 | INFO  | DNAudit | user=null | ip=null | op=PUT_BLOCK {blockData=[blockId=conID: 2 locID: 102652566738305722 bcsId: 0,size=4194304]} | ret=SUCCESS |  
2019-08-21 02:17:42,669 [grpc-default-executor-3] INFO  client.GrpcClientProtocolClient (GrpcClientProtocolClient.java:onNext(255)) - client-54CC064C3FCE->8224e767-71c1-41fc-a01a-d172d48fd9d8: receive RaftClientReply:client-54CC064C3FCE->8224e767-71c1-41fc-a01a-d172d48fd9d8@group-F6B37CC92441, cid=3551, SUCCESS, logIndex=5361, commits[8224e767-71c1-41fc-a01a-d172d48fd9d8:c5362, 6eae0c21-01aa-4169-956f-5952b26ea7ba:c5360, 8d7dcba1-3b82-4d94-a832-514ef5c79cf8:c5360]
2019-08-21 02:17:42,669 [grpc-default-executor-3] INFO  client.GrpcClientProtocolClient (GrpcClientProtocolClient.java:onNext(255)) - client-54CC064C3FCE->8224e767-71c1-41fc-a01a-d172d48fd9d8: receive RaftClientReply:client-54CC064C3FCE->8224e767-71c1-41fc-a01a-d172d48fd9d8@group-F6B37CC92441, cid=3552, SUCCESS, logIndex=5362, commits[8224e767-71c1-41fc-a01a-d172d48fd9d8:c5362, 6eae0c21-01aa-4169-956f-5952b26ea7ba:c5360, 8d7dcba1-3b82-4d94-a832-514ef5c79cf8:c5360]
2019-08-21 02:17:42,680 | INFO  | DNAudit | user=null | ip=null | op=WRITE_CHUNK {blockData=conID: 2 locID: 102652566738305722 bcsId: 5358} | ret=SUCCESS |  
2019-08-21 02:17:42,680 | INFO  | DNAudit | user=null | ip=null | op=WRITE_CHUNK {blockData=conID: 2 locID: 102652566738305722 bcsId: 5358} | ret=SUCCESS |  
2019-08-21 02:17:42,680 | INFO  | DNAudit | user=null | ip=null | op=PUT_BLOCK {blockData=[blockId=conID: 2 locID: 102652566738305722 bcsId: 0,size=4194304]} | ret=SUCCESS |  
2019-08-21 02:17:42,680 | INFO  | DNAudit | user=null | ip=null | op=PUT_BLOCK {blockData=[blockId=conID: 2 locID: 102652566738305722 bcsId: 0,size=4194304]} | ret=SUCCESS |  
2019-08-21 02:17:42,681 [grpc-default-executor-3] INFO  client.GrpcClientProtocolClient (GrpcClientProtocolClient.java:onNext(255)) - client-54CC064C3FCE->8224e767-71c1-41fc-a01a-d172d48fd9d8: receive RaftClientReply:client-54CC064C3FCE->8224e767-71c1-41fc-a01a-d172d48fd9d8@group-F6B37CC92441, cid=3553, SUCCESS, logIndex=0, commits[8224e767-71c1-41fc-a01a-d172d48fd9d8:c5363, 6eae0c21-01aa-4169-956f-5952b26ea7ba:c5362, 8d7dcba1-3b82-4d94-a832-514ef5c79cf8:c5362]
2019-08-21 02:17:42,689 | INFO  | SCMAudit | user=jenkins1000 | ip=192.168.34.10 | op=ALLOCATE_BLOCK {owner=b6f66289-f2a0-4058-b052-0a85e40df67b, size=4194304, type=RATIS, factor=THREE} | ret=SUCCESS |  
2019-08-21 02:17:42,694 | INFO  | OMAudit | user=jenkins1000 | ip=127.0.0.1 | op=ALLOCATE_BLOCK {volume=vol-0-90982, bucket=bucket-0-24269, key=key-0-81262, dataSize=0, replicationType=null, replicationFactor=null, keyLocationInfo=null, clientID=102652564580991378} | ret=SUCCESS |  
2019-08-21 02:17:42,702 | INFO  | DNAudit | user=null | ip=null | op=WRITE_CHUNK {blockData=conID: 3 locID: 102652566745187003 bcsId: 0} | ret=SUCCESS |  
2019-08-21 02:17:42,704 | INFO  | DNAudit | user=null | ip=null | op=WRITE_CHUNK {blockData=conID: 3 locID: 102652566745187003 bcsId: 0} | ret=SUCCESS |  
2019-08-21 02:17:42,704 | INFO  | DNAudit | user=null | ip=null | op=WRITE_CHUNK {blockData=conID: 3 locID: 102652566745187003 bcsId: 0} | ret=SUCCESS |  
2019-08-21 02:17:42,705 | INFO  | DNAudit | user=null | ip=null | op=WRITE_CHUNK {blockData=conID: 3 locID: 102652566745187003 bcsId: 0} | ret=SUCCESS |  
2019-08-21 02:17:42,706 | INFO  | DNAudit | user=null | ip=null | op=WRITE_CHUNK {blockData=conID: 3 locID: 102652566745187003 bcsId: 0} | ret=SUCCESS |  
2019-08-21 02:17:42,707 | INFO  | DNAudit | user=null | ip=null | op=WRITE_CHUNK {blockData=conID: 3 locID: 102652566745187003 bcsId: 0} | ret=SUCCESS |  
2019-08-21 02:17:42,715 | INFO  | DNAudit | user=null | ip=null | op=WRITE_CHUNK {blockData=conID: 3 locID: 102652566745187003 bcsId: 0} | ret=SUCCESS |  
2019-08-21 02:17:42,715 | INFO  | DNAudit | user=null | ip=null | op=PUT_BLOCK {blockData=[blockId=conID: 3 locID: 102652566745187003 bcsId: 0,size=1048576]} | ret=SUCCESS |  
2019-08-21 02:17:42,715 [grpc-default-executor-3] INFO  client.GrpcClientProtocolClient (GrpcClientProtocolClient.java:onNext(255)) - client-54CC064C3FCE->8224e767-71c1-41fc-a01a-d172d48fd9d8: receive RaftClientReply:client-54CC064C3FCE->8224e767-71c1-41fc-a01a-d172d48fd9d8@group-F6B37CC92441, cid=3554, SUCCESS, logIndex=5365, commits[8224e767-71c1-41fc-a01a-d172d48fd9d8:c5367, 6eae0c21-01aa-4169-956f-5952b26ea7ba:c5364, 8d7dcba1-3b82-4d94-a832-514ef5c79cf8:c5364]
2019-08-21 02:17:42,716 | INFO  | DNAudit | user=null | ip=null | op=WRITE_CHUNK {blockData=conID: 3 locID: 102652566745187003 bcsId: 0} | ret=SUCCESS |  
2019-08-21 02:17:42,716 [grpc-default-executor-3] INFO  client.GrpcClientProtocolClient (GrpcClientProtocolClient.java:onNext(255)) - client-54CC064C3FCE->8224e767-71c1-41fc-a01a-d172d48fd9d8: receive RaftClientReply:client-54CC064C3FCE->8224e767-71c1-41fc-a01a-d172d48fd9d8@group-F6B37CC92441, cid=3555, SUCCESS, logIndex=5366, commits[8224e767-71c1-41fc-a01a-d172d48fd9d8:c5368, 6eae0c21-01aa-4169-956f-5952b26ea7ba:c5364, 8d7dcba1-3b82-4d94-a832-514ef5c79cf8:c5364]
2019-08-21 02:17:42,716 | INFO  | DNAudit | user=null | ip=null | op=WRITE_CHUNK {blockData=conID: 3 locID: 102652566745187003 bcsId: 0} | ret=SUCCESS |  
2019-08-21 02:17:42,717 | INFO  | DNAudit | user=null | ip=null | op=PUT_BLOCK {blockData=[blockId=conID: 3 locID: 102652566745187003 bcsId: 0,size=2097152]} | ret=SUCCESS |  
2019-08-21 02:17:42,717 [grpc-default-executor-3] INFO  client.GrpcClientProtocolClient (GrpcClientProtocolClient.java:onNext(255)) - client-54CC064C3FCE->8224e767-71c1-41fc-a01a-d172d48fd9d8: receive RaftClientReply:client-54CC064C3FCE->8224e767-71c1-41fc-a01a-d172d48fd9d8@group-F6B37CC92441, cid=3556, SUCCESS, logIndex=5367, commits[8224e767-71c1-41fc-a01a-d172d48fd9d8:c5368, 6eae0c21-01aa-4169-956f-5952b26ea7ba:c5364, 8d7dcba1-3b82-4d94-a832-514ef5c79cf8:c5364]
2019-08-21 02:17:42,717 [grpc-default-executor-3] INFO  client.GrpcClientProtocolClient (GrpcClientProtocolClient.java:onNext(255)) - client-54CC064C3FCE->8224e767-71c1-41fc-a01a-d172d48fd9d8: receive RaftClientReply:client-54CC064C3FCE->8224e767-71c1-41fc-a01a-d172d48fd9d8@group-F6B37CC92441, cid=3557, SUCCESS, logIndex=5368, commits[8224e767-71c1-41fc-a01a-d172d48fd9d8:c5369, 6eae0c21-01aa-4169-956f-5952b26ea7ba:c5365, 8d7dcba1-3b82-4d94-a832-514ef5c79cf8:c5364]
2019-08-21 02:17:42,718 | INFO  | DNAudit | user=null | ip=null | op=WRITE_CHUNK {blockData=conID: 3 locID: 102652566745187003 bcsId: 0} | ret=SUCCESS |  
2019-08-21 02:17:42,729 | INFO  | DNAudit | user=null | ip=null | op=PUT_BLOCK {blockData=[blockId=conID: 3 locID: 102652566745187003 bcsId: 0,size=1048576]} | ret=SUCCESS |  
2019-08-21 02:17:42,730 | INFO  | DNAudit | user=null | ip=null | op=WRITE_CHUNK {blockData=conID: 3 locID: 102652566745187003 bcsId: 0} | ret=SUCCESS |  
2019-08-21 02:17:42,730 | INFO  | DNAudit | user=null | ip=null | op=PUT_BLOCK {blockData=[blockId=conID: 3 locID: 102652566745187003 bcsId: 0,size=2097152]} | ret=SUCCESS |  
2019-08-21 02:17:42,731 | INFO  | DNAudit | user=null | ip=null | op=PUT_BLOCK {blockData=[blockId=conID: 3 locID: 102652566745187003 bcsId: 0,size=1048576]} | ret=SUCCESS |  
2019-08-21 02:17:42,732 | INFO  | DNAudit | user=null | ip=null | op=WRITE_CHUNK {blockData=conID: 3 locID: 102652566745187003 bcsId: 0} | ret=SUCCESS |  
2019-08-21 02:17:42,732 | INFO  | DNAudit | user=null | ip=null | op=PUT_BLOCK {blockData=[blockId=conID: 3 locID: 102652566745187003 bcsId: 0,size=2097152]} | ret=SUCCESS |  
2019-08-21 02:17:42,732 [grpc-default-executor-3] INFO  client.GrpcClientProtocolClient (GrpcClientProtocolClient.java:onNext(255)) - client-54CC064C3FCE->8224e767-71c1-41fc-a01a-d172d48fd9d8: receive RaftClientReply:client-54CC064C3FCE->8224e767-71c1-41fc-a01a-d172d48fd9d8@group-F6B37CC92441, cid=3558, SUCCESS, logIndex=0, commits[8224e767-71c1-41fc-a01a-d172d48fd9d8:c5372, 6eae0c21-01aa-4169-956f-5952b26ea7ba:c5368, 8d7dcba1-3b82-4d94-a832-514ef5c79cf8:c5366]
2019-08-21 02:17:42,739 | INFO  | DNAudit | user=null | ip=null | op=WRITE_CHUNK {blockData=conID: 3 locID: 102652566745187003 bcsId: 5368} | ret=SUCCESS |  
2019-08-21 02:17:42,741 | INFO  | DNAudit | user=null | ip=null | op=WRITE_CHUNK {blockData=conID: 3 locID: 102652566745187003 bcsId: 5368} | ret=SUCCESS |  
2019-08-21 02:17:42,741 | INFO  | DNAudit | user=null | ip=null | op=WRITE_CHUNK {blockData=conID: 3 locID: 102652566745187003 bcsId: 5368} | ret=SUCCESS |  
2019-08-21 02:17:42,751 | INFO  | DNAudit | user=null | ip=null | op=WRITE_CHUNK {blockData=conID: 3 locID: 102652566745187003 bcsId: 5368} | ret=SUCCESS |  
2019-08-21 02:17:42,752 | INFO  | DNAudit | user=null | ip=null | op=PUT_BLOCK {blockData=[blockId=conID: 3 locID: 102652566745187003 bcsId: 0,size=3145728]} | ret=SUCCESS |  
2019-08-21 02:17:42,752 [grpc-default-executor-3] INFO  client.GrpcClientProtocolClient (GrpcClientProtocolClient.java:onNext(255)) - client-54CC064C3FCE->8224e767-71c1-41fc-a01a-d172d48fd9d8: receive RaftClientReply:client-54CC064C3FCE->8224e767-71c1-41fc-a01a-d172d48fd9d8@group-F6B37CC92441, cid=3559, SUCCESS, logIndex=5373, commits[8224e767-71c1-41fc-a01a-d172d48fd9d8:c5374, 6eae0c21-01aa-4169-956f-5952b26ea7ba:c5372, 8d7dcba1-3b82-4d94-a832-514ef5c79cf8:c5372]
2019-08-21 02:17:42,752 [grpc-default-executor-3] INFO  client.GrpcClientProtocolClient (GrpcClientProtocolClient.java:onNext(255)) - client-54CC064C3FCE->8224e767-71c1-41fc-a01a-d172d48fd9d8: receive RaftClientReply:client-54CC064C3FCE->8224e767-71c1-41fc-a01a-d172d48fd9d8@group-F6B37CC92441, cid=3560, SUCCESS, logIndex=5374, commits[8224e767-71c1-41fc-a01a-d172d48fd9d8:c5374, 6eae0c21-01aa-4169-956f-5952b26ea7ba:c5372, 8d7dcba1-3b82-4d94-a832-514ef5c79cf8:c5372]
2019-08-21 02:17:42,759 | INFO  | DNAudit | user=null | ip=null | op=WRITE_CHUNK {blockData=conID: 3 locID: 102652566745187003 bcsId: 5374} | ret=SUCCESS |  
2019-08-21 02:17:42,761 | INFO  | DNAudit | user=null | ip=null | op=WRITE_CHUNK {blockData=conID: 3 locID: 102652566745187003 bcsId: 5374} | ret=SUCCESS |  
2019-08-21 02:17:42,761 | INFO  | DNAudit | user=null | ip=null | op=WRITE_CHUNK {blockData=conID: 3 locID: 102652566745187003 bcsId: 5374} | ret=SUCCESS |  
2019-08-21 02:17:42,764 | INFO  | DNAudit | user=null | ip=null | op=WRITE_CHUNK {blockData=conID: 3 locID: 102652566745187003 bcsId: 5368} | ret=SUCCESS |  
2019-08-21 02:17:42,765 | INFO  | DNAudit | user=null | ip=null | op=WRITE_CHUNK {blockData=conID: 3 locID: 102652566745187003 bcsId: 5368} | ret=SUCCESS |  
2019-08-21 02:17:42,778 | INFO  | DNAudit | user=null | ip=null | op=PUT_BLOCK {blockData=[blockId=conID: 3 locID: 102652566745187003 bcsId: 0,size=3145728]} | ret=SUCCESS |  
2019-08-21 02:17:42,778 | INFO  | DNAudit | user=null | ip=null | op=PUT_BLOCK {blockData=[blockId=conID: 3 locID: 102652566745187003 bcsId: 0,size=3145728]} | ret=SUCCESS |  
2019-08-21 02:17:42,778 | INFO  | DNAudit | user=null | ip=null | op=WRITE_CHUNK {blockData=conID: 3 locID: 102652566745187003 bcsId: 5374} | ret=SUCCESS |  
2019-08-21 02:17:42,779 | INFO  | DNAudit | user=null | ip=null | op=PUT_BLOCK {blockData=[blockId=conID: 3 locID: 102652566745187003 bcsId: 0,size=4194304]} | ret=SUCCESS |  
2019-08-21 02:17:42,779 [grpc-default-executor-2] INFO  client.GrpcClientProtocolClient (GrpcClientProtocolClient.java:onNext(255)) - client-54CC064C3FCE->8224e767-71c1-41fc-a01a-d172d48fd9d8: receive RaftClientReply:client-54CC064C3FCE->8224e767-71c1-41fc-a01a-d172d48fd9d8@group-F6B37CC92441, cid=3561, SUCCESS, logIndex=5377, commits[8224e767-71c1-41fc-a01a-d172d48fd9d8:c5378, 6eae0c21-01aa-4169-956f-5952b26ea7ba:c5374, 8d7dcba1-3b82-4d94-a832-514ef5c79cf8:c5374]
2019-08-21 02:17:42,779 [grpc-default-executor-2] INFO  client.GrpcClientProtocolClient (GrpcClientProtocolClient.java:onNext(255)) - client-54CC064C3FCE->8224e767-71c1-41fc-a01a-d172d48fd9d8: receive RaftClientReply:client-54CC064C3FCE->8224e767-71c1-41fc-a01a-d172d48fd9d8@group-F6B37CC92441, cid=3562, SUCCESS, logIndex=5378, commits[8224e767-71c1-41fc-a01a-d172d48fd9d8:c5378, 6eae0c21-01aa-4169-956f-5952b26ea7ba:c5374, 8d7dcba1-3b82-4d94-a832-514ef5c79cf8:c5374]
2019-08-21 02:17:42,791 | INFO  | DNAudit | user=null | ip=null | op=WRITE_CHUNK {blockData=conID: 3 locID: 102652566745187003 bcsId: 5374} | ret=SUCCESS |  
2019-08-21 02:17:42,791 | INFO  | DNAudit | user=null | ip=null | op=WRITE_CHUNK {blockData=conID: 3 locID: 102652566745187003 bcsId: 5374} | ret=SUCCESS |  
2019-08-21 02:17:42,804 | INFO  | DNAudit | user=null | ip=null | op=PUT_BLOCK {blockData=[blockId=conID: 3 locID: 102652566745187003 bcsId: 0,size=4194304]} | ret=SUCCESS |  
2019-08-21 02:17:42,804 | INFO  | DNAudit | user=null | ip=null | op=PUT_BLOCK {blockData=[blockId=conID: 3 locID: 102652566745187003 bcsId: 0,size=4194304]} | ret=SUCCESS |  
2019-08-21 02:17:42,805 [grpc-default-executor-2] INFO  client.GrpcClientProtocolClient (GrpcClientProtocolClient.java:onNext(255)) - client-54CC064C3FCE->8224e767-71c1-41fc-a01a-d172d48fd9d8: receive RaftClientReply:client-54CC064C3FCE->8224e767-71c1-41fc-a01a-d172d48fd9d8@group-F6B37CC92441, cid=3563, SUCCESS, logIndex=0, commits[8224e767-71c1-41fc-a01a-d172d48fd9d8:c5380, 6eae0c21-01aa-4169-956f-5952b26ea7ba:c5378, 8d7dcba1-3b82-4d94-a832-514ef5c79cf8:c5378]
2019-08-21 02:17:42,811 | INFO  | SCMAudit | user=jenkins1000 | ip=192.168.34.10 | op=ALLOCATE_BLOCK {owner=b6f66289-f2a0-4058-b052-0a85e40df67b, size=4194304, type=RATIS, factor=THREE} | ret=SUCCESS |  
2019-08-21 02:17:42,815 | INFO  | OMAudit | user=jenkins1000 | ip=127.0.0.1 | op=ALLOCATE_BLOCK {volume=vol-0-90982, bucket=bucket-0-24269, key=key-0-81262, dataSize=0, replicationType=null, replicationFactor=null, keyLocationInfo=null, clientID=102652564580991378} | ret=SUCCESS |  
2019-08-21 02:17:42,823 | INFO  | DNAudit | user=null | ip=null | op=WRITE_CHUNK {blockData=conID: 1 locID: 102652566753182396 bcsId: 0} | ret=SUCCESS |  
2019-08-21 02:17:42,825 | INFO  | DNAudit | user=null | ip=null | op=WRITE_CHUNK {blockData=conID: 1 locID: 102652566753182396 bcsId: 0} | ret=SUCCESS |  
2019-08-21 02:17:42,827 | INFO  | DNAudit | user=null | ip=null | op=WRITE_CHUNK {blockData=conID: 1 locID: 102652566753182396 bcsId: 0} | ret=SUCCESS |  
 0.00% |█                                                                                                    |  0/1 Time: 0:00:332019-08-21 02:17:42,994 | INFO  | DNAudit | user=null | ip=null | op=WRITE_CHUNK {blockData=conID: 1 locID: 102652566753182396 bcsId: 0} | ret=SUCCESS |  
2019-08-21 02:17:42,994 | INFO  | DNAudit | user=null | ip=null | op=WRITE_CHUNK {blockData=conID: 1 locID: 102652566753182396 bcsId: 0} | ret=SUCCESS |  
2019-08-21 02:17:42,994 | INFO  | SCMAudit | user=jenkins1000 | ip=192.168.34.10 | op=SEND_HEARTBEAT {datanodeUUID=8224e767-71c1-41fc-a01a-d172d48fd9d8, command=[]} | ret=SUCCESS |  
2019-08-21 02:17:42,994 | INFO  | SCMAudit | user=jenkins1000 | ip=192.168.34.10 | op=SEND_HEARTBEAT {datanodeUUID=3def7c30-cb13-4f41-8119-6188f246ad27, command=[]} | ret=SUCCESS |  
2019-08-21 02:17:42,994 | INFO  | SCMAudit | user=jenkins1000 | ip=192.168.34.10 | op=SEND_HEARTBEAT {datanodeUUID=8d7dcba1-3b82-4d94-a832-514ef5c79cf8, command=[]} | ret=SUCCESS |  
2019-08-21 02:17:42,994 | INFO  | SCMAudit | user=jenkins1000 | ip=192.168.34.10 | op=SEND_HEARTBEAT {datanodeUUID=6eae0c21-01aa-4169-956f-5952b26ea7ba, command=[]} | ret=SUCCESS |  
2019-08-21 02:17:42,994 | INFO  | SCMAudit | user=jenkins1000 | ip=192.168.34.10 | op=SEND_HEARTBEAT {datanodeUUID=94764dae-819c-4b7e-92f1-9cd6c64427b7, command=[]} | ret=SUCCESS |  
2019-08-21 02:17:42,995 | INFO  | DNAudit | user=null | ip=null | op=WRITE_CHUNK {blockData=conID: 1 locID: 102652566753182396 bcsId: 0} | ret=SUCCESS |  
2019-08-21 02:17:42,996 | INFO  | DNAudit | user=null | ip=null | op=PUT_BLOCK {blockData=[blockId=conID: 1 locID: 102652566753182396 bcsId: 0,size=1048576]} | ret=SUCCESS |  
2019-08-21 02:17:42,996 [grpc-default-executor-3] INFO  client.GrpcClientProtocolClient (GrpcClientProtocolClient.java:onNext(255)) - client-54CC064C3FCE->8224e767-71c1-41fc-a01a-d172d48fd9d8: receive RaftClientReply:client-54CC064C3FCE->8224e767-71c1-41fc-a01a-d172d48fd9d8@group-F6B37CC92441, cid=3564, SUCCESS, logIndex=5381, commits[8224e767-71c1-41fc-a01a-d172d48fd9d8:c5382, 6eae0c21-01aa-4169-956f-5952b26ea7ba:c5378, 8d7dcba1-3b82-4d94-a832-514ef5c79cf8:c5380]
2019-08-21 02:17:42,996 [grpc-default-executor-3] INFO  client.GrpcClientProtocolClient (GrpcClientProtocolClient.java:onNext(255)) - client-54CC064C3FCE->8224e767-71c1-41fc-a01a-d172d48fd9d8: receive RaftClientReply:client-54CC064C3FCE->8224e767-71c1-41fc-a01a-d172d48fd9d8@group-F6B37CC92441, cid=3565, SUCCESS, logIndex=5382, commits[8224e767-71c1-41fc-a01a-d172d48fd9d8:c5382, 6eae0c21-01aa-4169-956f-5952b26ea7ba:c5378, 8d7dcba1-3b82-4d94-a832-514ef5c79cf8:c5380]
2019-08-21 02:17:42,997 | INFO  | DNAudit | user=null | ip=null | op=WRITE_CHUNK {blockData=conID: 1 locID: 102652566753182396 bcsId: 0} | ret=SUCCESS |  
2019-08-21 02:17:43,006 | INFO  | DNAudit | user=null | ip=null | op=WRITE_CHUNK {blockData=conID: 1 locID: 102652566753182396 bcsId: 0} | ret=SUCCESS |  
2019-08-21 02:17:43,006 | INFO  | DNAudit | user=null | ip=null | op=WRITE_CHUNK {blockData=conID: 1 locID: 102652566753182396 bcsId: 0} | ret=SUCCESS |  
2019-08-21 02:17:43,007 | INFO  | DNAudit | user=null | ip=null | op=WRITE_CHUNK {blockData=conID: 1 locID: 102652566753182396 bcsId: 0} | ret=SUCCESS |  
2019-08-21 02:17:43,007 | INFO  | DNAudit | user=null | ip=null | op=PUT_BLOCK {blockData=[blockId=conID: 1 locID: 102652566753182396 bcsId: 0,size=1048576]} | ret=SUCCESS |  
2019-08-21 02:17:43,007 | INFO  | DNAudit | user=null | ip=null | op=PUT_BLOCK {blockData=[blockId=conID: 1 locID: 102652566753182396 bcsId: 0,size=2097152]} | ret=SUCCESS |  
2019-08-21 02:17:43,007 | INFO  | DNAudit | user=null | ip=null | op=PUT_BLOCK {blockData=[blockId=conID: 1 locID: 102652566753182396 bcsId: 0,size=1048576]} | ret=SUCCESS |  
2019-08-21 02:17:43,007 [grpc-default-executor-3] INFO  client.GrpcClientProtocolClient (GrpcClientProtocolClient.java:onNext(255)) - client-54CC064C3FCE->8224e767-71c1-41fc-a01a-d172d48fd9d8: receive RaftClientReply:client-54CC064C3FCE->8224e767-71c1-41fc-a01a-d172d48fd9d8@group-F6B37CC92441, cid=3566, SUCCESS, logIndex=5383, commits[8224e767-71c1-41fc-a01a-d172d48fd9d8:c5385, 6eae0c21-01aa-4169-956f-5952b26ea7ba:c5380, 8d7dcba1-3b82-4d94-a832-514ef5c79cf8:c5381]
2019-08-21 02:17:43,008 [grpc-default-executor-3] INFO  client.GrpcClientProtocolClient (GrpcClientProtocolClient.java:onNext(255)) - client-54CC064C3FCE->8224e767-71c1-41fc-a01a-d172d48fd9d8: receive RaftClientReply:client-54CC064C3FCE->8224e767-71c1-41fc-a01a-d172d48fd9d8@group-F6B37CC92441, cid=3567, SUCCESS, logIndex=5384, commits[8224e767-71c1-41fc-a01a-d172d48fd9d8:c5386, 6eae0c21-01aa-4169-956f-5952b26ea7ba:c5381, 8d7dcba1-3b82-4d94-a832-514ef5c79cf8:c5382]
2019-08-21 02:17:43,008 | INFO  | DNAudit | user=null | ip=null | op=WRITE_CHUNK {blockData=conID: 1 locID: 102652566753182396 bcsId: 0} | ret=SUCCESS |  
2019-08-21 02:17:43,008 | INFO  | DNAudit | user=null | ip=null | op=PUT_BLOCK {blockData=[blockId=conID: 1 locID: 102652566753182396 bcsId: 0,size=2097152]} | ret=SUCCESS |  
2019-08-21 02:17:43,008 | INFO  | DNAudit | user=null | ip=null | op=WRITE_CHUNK {blockData=conID: 1 locID: 102652566753182396 bcsId: 0} | ret=SUCCESS |  
2019-08-21 02:17:43,009 | INFO  | DNAudit | user=null | ip=null | op=PUT_BLOCK {blockData=[blockId=conID: 1 locID: 102652566753182396 bcsId: 0,size=2097152]} | ret=SUCCESS |  
2019-08-21 02:17:43,009 [grpc-default-executor-3] INFO  client.GrpcClientProtocolClient (GrpcClientProtocolClient.java:onNext(255)) - client-54CC064C3FCE->8224e767-71c1-41fc-a01a-d172d48fd9d8: receive RaftClientReply:client-54CC064C3FCE->8224e767-71c1-41fc-a01a-d172d48fd9d8@group-F6B37CC92441, cid=3568, SUCCESS, logIndex=0, commits[8224e767-71c1-41fc-a01a-d172d48fd9d8:c5388, 6eae0c21-01aa-4169-956f-5952b26ea7ba:c5382, 8d7dcba1-3b82-4d94-a832-514ef5c79cf8:c5384]
2019-08-21 02:17:43,016 | INFO  | DNAudit | user=null | ip=null | op=WRITE_CHUNK {blockData=conID: 1 locID: 102652566753182396 bcsId: 5384} | ret=SUCCESS |  
2019-08-21 02:17:43,018 | INFO  | DNAudit | user=null | ip=null | op=WRITE_CHUNK {blockData=conID: 1 locID: 102652566753182396 bcsId: 5384} | ret=SUCCESS |  
2019-08-21 02:17:43,019 | INFO  | DNAudit | user=null | ip=null | op=WRITE_CHUNK {blockData=conID: 1 locID: 102652566753182396 bcsId: 5384} | ret=SUCCESS |  
2019-08-21 02:17:43,029 | INFO  | DNAudit | user=null | ip=null | op=WRITE_CHUNK {blockData=conID: 1 locID: 102652566753182396 bcsId: 5384} | ret=SUCCESS |  
2019-08-21 02:17:43,029 | INFO  | DNAudit | user=null | ip=null | op=PUT_BLOCK {blockData=[blockId=conID: 1 locID: 102652566753182396 bcsId: 0,size=3145728]} | ret=SUCCESS |  
2019-08-21 02:17:43,029 [grpc-default-executor-2] INFO  client.GrpcClientProtocolClient (GrpcClientProtocolClient.java:onNext(255)) - client-54CC064C3FCE->8224e767-71c1-41fc-a01a-d172d48fd9d8: receive RaftClientReply:client-54CC064C3FCE->8224e767-71c1-41fc-a01a-d172d48fd9d8@group-F6B37CC92441, cid=3569, SUCCESS, logIndex=5389, commits[8224e767-71c1-41fc-a01a-d172d48fd9d8:c5390, 6eae0c21-01aa-4169-956f-5952b26ea7ba:c5388, 8d7dcba1-3b82-4d94-a832-514ef5c79cf8:c5388]
2019-08-21 02:17:43,030 [grpc-default-executor-2] INFO  client.GrpcClientProtocolClient (GrpcClientProtocolClient.java:onNext(255)) - client-54CC064C3FCE->8224e767-71c1-41fc-a01a-d172d48fd9d8: receive RaftClientReply:client-54CC064C3FCE->8224e767-71c1-41fc-a01a-d172d48fd9d8@group-F6B37CC92441, cid=3570, SUCCESS, logIndex=5390, commits[8224e767-71c1-41fc-a01a-d172d48fd9d8:c5390, 6eae0c21-01aa-4169-956f-5952b26ea7ba:c5388, 8d7dcba1-3b82-4d94-a832-514ef5c79cf8:c5388]
2019-08-21 02:17:43,037 | INFO  | DNAudit | user=null | ip=null | op=WRITE_CHUNK {blockData=conID: 1 locID: 102652566753182396 bcsId: 5390} | ret=SUCCESS |  
2019-08-21 02:17:43,039 | INFO  | DNAudit | user=null | ip=null | op=WRITE_CHUNK {blockData=conID: 1 locID: 102652566753182396 bcsId: 5390} | ret=SUCCESS |  
2019-08-21 02:17:43,040 | INFO  | DNAudit | user=null | ip=null | op=WRITE_CHUNK {blockData=conID: 1 locID: 102652566753182396 bcsId: 5390} | ret=SUCCESS |  
2019-08-21 02:17:43,040 | INFO  | DNAudit | user=null | ip=null | op=WRITE_CHUNK {blockData=conID: 1 locID: 102652566753182396 bcsId: 5384} | ret=SUCCESS |  
2019-08-21 02:17:43,041 | INFO  | DNAudit | user=null | ip=null | op=WRITE_CHUNK {blockData=conID: 1 locID: 102652566753182396 bcsId: 5384} | ret=SUCCESS |  
2019-08-21 02:17:43,043 | INFO  | DNAudit | user=null | ip=null | op=PUT_BLOCK {blockData=[blockId=conID: 1 locID: 102652566753182396 bcsId: 0,size=3145728]} | ret=SUCCESS |  
2019-08-21 02:17:43,043 | INFO  | DNAudit | user=null | ip=null | op=PUT_BLOCK {blockData=[blockId=conID: 1 locID: 102652566753182396 bcsId: 0,size=3145728]} | ret=SUCCESS |  
2019-08-21 02:17:43,044 | INFO  | DNAudit | user=null | ip=null | op=WRITE_CHUNK {blockData=conID: 1 locID: 102652566753182396 bcsId: 5390} | ret=SUCCESS |  
2019-08-21 02:17:43,045 | INFO  | DNAudit | user=null | ip=null | op=PUT_BLOCK {blockData=[blockId=conID: 1 locID: 102652566753182396 bcsId: 0,size=4194304]} | ret=SUCCESS |  
2019-08-21 02:17:43,045 [grpc-default-executor-3] INFO  client.GrpcClientProtocolClient (GrpcClientProtocolClient.java:onNext(255)) - client-54CC064C3FCE->8224e767-71c1-41fc-a01a-d172d48fd9d8: receive RaftClientReply:client-54CC064C3FCE->8224e767-71c1-41fc-a01a-d172d48fd9d8@group-F6B37CC92441, cid=3571, SUCCESS, logIndex=5393, commits[8224e767-71c1-41fc-a01a-d172d48fd9d8:c5394, 6eae0c21-01aa-4169-956f-5952b26ea7ba:c5390, 8d7dcba1-3b82-4d94-a832-514ef5c79cf8:c5390]
2019-08-21 02:17:43,045 [grpc-default-executor-3] INFO  client.GrpcClientProtocolClient (GrpcClientProtocolClient.java:onNext(255)) - client-54CC064C3FCE->8224e767-71c1-41fc-a01a-d172d48fd9d8: receive RaftClientReply:client-54CC064C3FCE->8224e767-71c1-41fc-a01a-d172d48fd9d8@group-F6B37CC92441, cid=3572, SUCCESS, logIndex=5394, commits[8224e767-71c1-41fc-a01a-d172d48fd9d8:c5394, 6eae0c21-01aa-4169-956f-5952b26ea7ba:c5390, 8d7dcba1-3b82-4d94-a832-514ef5c79cf8:c5390]
2019-08-21 02:17:43,057 | INFO  | DNAudit | user=null | ip=null | op=WRITE_CHUNK {blockData=conID: 1 locID: 102652566753182396 bcsId: 5390} | ret=SUCCESS |  
2019-08-21 02:17:43,058 | INFO  | DNAudit | user=null | ip=null | op=WRITE_CHUNK {blockData=conID: 1 locID: 102652566753182396 bcsId: 5390} | ret=SUCCESS |  
2019-08-21 02:17:43,058 | INFO  | DNAudit | user=null | ip=null | op=PUT_BLOCK {blockData=[blockId=conID: 1 locID: 102652566753182396 bcsId: 0,size=4194304]} | ret=SUCCESS |  
2019-08-21 02:17:43,058 | INFO  | DNAudit | user=null | ip=null | op=PUT_BLOCK {blockData=[blockId=conID: 1 locID: 102652566753182396 bcsId: 0,size=4194304]} | ret=SUCCESS |  
2019-08-21 02:17:43,058 [grpc-default-executor-3] INFO  client.GrpcClientProtocolClient (GrpcClientProtocolClient.java:onNext(255)) - client-54CC064C3FCE->8224e767-71c1-41fc-a01a-d172d48fd9d8: receive RaftClientReply:client-54CC064C3FCE->8224e767-71c1-41fc-a01a-d172d48fd9d8@group-F6B37CC92441, cid=3573, SUCCESS, logIndex=0, commits[8224e767-71c1-41fc-a01a-d172d48fd9d8:c5395, 6eae0c21-01aa-4169-956f-5952b26ea7ba:c5394, 8d7dcba1-3b82-4d94-a832-514ef5c79cf8:c5394]
2019-08-21 02:17:43,067 | INFO  | SCMAudit | user=jenkins1000 | ip=192.168.34.10 | op=ALLOCATE_BLOCK {owner=b6f66289-f2a0-4058-b052-0a85e40df67b, size=4194304, type=RATIS, factor=THREE} | ret=SUCCESS |  
2019-08-21 02:17:43,073 | INFO  | OMAudit | user=jenkins1000 | ip=127.0.0.1 | op=ALLOCATE_BLOCK {volume=vol-0-90982, bucket=bucket-0-24269, key=key-0-81262, dataSize=0, replicationType=null, replicationFactor=null, keyLocationInfo=null, clientID=102652564580991378} | ret=SUCCESS |  
2019-08-21 02:17:43,080 | INFO  | DNAudit | user=null | ip=null | op=WRITE_CHUNK {blockData=conID: 2 locID: 102652566769959613 bcsId: 0} | ret=SUCCESS |  
2019-08-21 02:17:43,084 | INFO  | DNAudit | user=null | ip=null | op=WRITE_CHUNK {blockData=conID: 2 locID: 102652566769959613 bcsId: 0} | ret=SUCCESS |  
2019-08-21 02:17:43,084 | INFO  | DNAudit | user=null | ip=null | op=WRITE_CHUNK {blockData=conID: 2 locID: 102652566769959613 bcsId: 0} | ret=SUCCESS |  
2019-08-21 02:17:43,084 | INFO  | DNAudit | user=null | ip=null | op=WRITE_CHUNK {blockData=conID: 2 locID: 102652566769959613 bcsId: 0} | ret=SUCCESS |  
2019-08-21 02:17:43,086 | INFO  | DNAudit | user=null | ip=null | op=WRITE_CHUNK {blockData=conID: 2 locID: 102652566769959613 bcsId: 0} | ret=SUCCESS |  
2019-08-21 02:17:43,086 | INFO  | DNAudit | user=null | ip=null | op=WRITE_CHUNK {blockData=conID: 2 locID: 102652566769959613 bcsId: 0} | ret=SUCCESS |  
2019-08-21 02:17:43,094 | INFO  | DNAudit | user=null | ip=null | op=WRITE_CHUNK {blockData=conID: 2 locID: 102652566769959613 bcsId: 0} | ret=SUCCESS |  
2019-08-21 02:17:43,095 | INFO  | DNAudit | user=null | ip=null | op=PUT_BLOCK {blockData=[blockId=conID: 2 locID: 102652566769959613 bcsId: 0,size=1048576]} | ret=SUCCESS |  
2019-08-21 02:17:43,095 [grpc-default-executor-2] INFO  client.GrpcClientProtocolClient (GrpcClientProtocolClient.java:onNext(255)) - client-54CC064C3FCE->8224e767-71c1-41fc-a01a-d172d48fd9d8: receive RaftClientReply:client-54CC064C3FCE->8224e767-71c1-41fc-a01a-d172d48fd9d8@group-F6B37CC92441, cid=3574, SUCCESS, logIndex=5397, commits[8224e767-71c1-41fc-a01a-d172d48fd9d8:c5398, 6eae0c21-01aa-4169-956f-5952b26ea7ba:c5396, 8d7dcba1-3b82-4d94-a832-514ef5c79cf8:c5396]
2019-08-21 02:17:43,095 [grpc-default-executor-2] INFO  client.GrpcClientProtocolClient (GrpcClientProtocolClient.java:onNext(255)) - client-54CC064C3FCE->8224e767-71c1-41fc-a01a-d172d48fd9d8: receive RaftClientReply:client-54CC064C3FCE->8224e767-71c1-41fc-a01a-d172d48fd9d8@group-F6B37CC92441, cid=3575, SUCCESS, logIndex=5398, commits[8224e767-71c1-41fc-a01a-d172d48fd9d8:c5398, 6eae0c21-01aa-4169-956f-5952b26ea7ba:c5396, 8d7dcba1-3b82-4d94-a832-514ef5c79cf8:c5396]
2019-08-21 02:17:43,104 | INFO  | DNAudit | user=null | ip=null | op=WRITE_CHUNK {blockData=conID: 2 locID: 102652566769959613 bcsId: 0} | ret=SUCCESS |  
2019-08-21 02:17:43,105 | INFO  | DNAudit | user=null | ip=null | op=PUT_BLOCK {blockData=[blockId=conID: 2 locID: 102652566769959613 bcsId: 0,size=2097152]} | ret=SUCCESS |  
2019-08-21 02:17:43,105 [grpc-default-executor-0] INFO  client.GrpcClientProtocolClient (GrpcClientProtocolClient.java:onNext(255)) - client-54CC064C3FCE->8224e767-71c1-41fc-a01a-d172d48fd9d8: receive RaftClientReply:client-54CC064C3FCE->8224e767-71c1-41fc-a01a-d172d48fd9d8@group-F6B37CC92441, cid=3576, SUCCESS, logIndex=5399, commits[8224e767-71c1-41fc-a01a-d172d48fd9d8:c5400, 6eae0c21-01aa-4169-956f-5952b26ea7ba:c5396, 8d7dcba1-3b82-4d94-a832-514ef5c79cf8:c5396]
2019-08-21 02:17:43,105 [grpc-default-executor-0] INFO  client.GrpcClientProtocolClient (GrpcClientProtocolClient.java:onNext(255)) - client-54CC064C3FCE->8224e767-71c1-41fc-a01a-d172d48fd9d8: receive RaftClientReply:client-54CC064C3FCE->8224e767-71c1-41fc-a01a-d172d48fd9d8@group-F6B37CC92441, cid=3577, SUCCESS, logIndex=5400, commits[8224e767-71c1-41fc-a01a-d172d48fd9d8:c5400, 6eae0c21-01aa-4169-956f-5952b26ea7ba:c5396, 8d7dcba1-3b82-4d94-a832-514ef5c79cf8:c5396]
2019-08-21 02:17:43,107 | INFO  | DNAudit | user=null | ip=null | op=WRITE_CHUNK {blockData=conID: 2 locID: 102652566769959613 bcsId: 0} | ret=SUCCESS |  
2019-08-21 02:17:43,120 | INFO  | DNAudit | user=null | ip=null | op=PUT_BLOCK {blockData=[blockId=conID: 2 locID: 102652566769959613 bcsId: 0,size=1048576]} | ret=SUCCESS |  
2019-08-21 02:17:43,120 | INFO  | DNAudit | user=null | ip=null | op=WRITE_CHUNK {blockData=conID: 2 locID: 102652566769959613 bcsId: 0} | ret=SUCCESS |  
2019-08-21 02:17:43,120 | INFO  | DNAudit | user=null | ip=null | op=WRITE_CHUNK {blockData=conID: 2 locID: 102652566769959613 bcsId: 0} | ret=SUCCESS |  
2019-08-21 02:17:43,120 | INFO  | DNAudit | user=null | ip=null | op=PUT_BLOCK {blockData=[blockId=conID: 2 locID: 102652566769959613 bcsId: 0,size=1048576]} | ret=SUCCESS |  
2019-08-21 02:17:43,120 | INFO  | DNAudit | user=null | ip=null | op=PUT_BLOCK {blockData=[blockId=conID: 2 locID: 102652566769959613 bcsId: 0,size=2097152]} | ret=SUCCESS |  
2019-08-21 02:17:43,120 | INFO  | DNAudit | user=null | ip=null | op=WRITE_CHUNK {blockData=conID: 2 locID: 102652566769959613 bcsId: 0} | ret=SUCCESS |  
2019-08-21 02:17:43,120 | INFO  | DNAudit | user=null | ip=null | op=PUT_BLOCK {blockData=[blockId=conID: 2 locID: 102652566769959613 bcsId: 0,size=2097152]} | ret=SUCCESS |  
2019-08-21 02:17:43,121 [grpc-default-executor-0] INFO  client.GrpcClientProtocolClient (GrpcClientProtocolClient.java:onNext(255)) - client-54CC064C3FCE->8224e767-71c1-41fc-a01a-d172d48fd9d8: receive RaftClientReply:client-54CC064C3FCE->8224e767-71c1-41fc-a01a-d172d48fd9d8@group-F6B37CC92441, cid=3578, SUCCESS, logIndex=0, commits[8224e767-71c1-41fc-a01a-d172d48fd9d8:c5402, 6eae0c21-01aa-4169-956f-5952b26ea7ba:c5400, 8d7dcba1-3b82-4d94-a832-514ef5c79cf8:c5398]
2019-08-21 02:17:43,127 | INFO  | DNAudit | user=null | ip=null | op=WRITE_CHUNK {blockData=conID: 2 locID: 102652566769959613 bcsId: 5400} | ret=SUCCESS |  
2019-08-21 02:17:43,130 | INFO  | DNAudit | user=null | ip=null | op=WRITE_CHUNK {blockData=conID: 2 locID: 102652566769959613 bcsId: 5400} | ret=SUCCESS |  
2019-08-21 02:17:43,130 | INFO  | DNAudit | user=null | ip=null | op=WRITE_CHUNK {blockData=conID: 2 locID: 102652566769959613 bcsId: 5400} | ret=SUCCESS |  
2019-08-21 02:17:43,133 | INFO  | DNAudit | user=null | ip=null | op=WRITE_CHUNK {blockData=conID: 2 locID: 102652566769959613 bcsId: 5400} | ret=SUCCESS |  
2019-08-21 02:17:43,133 | INFO  | DNAudit | user=null | ip=null | op=PUT_BLOCK {blockData=[blockId=conID: 2 locID: 102652566769959613 bcsId: 0,size=3145728]} | ret=SUCCESS |  
2019-08-21 02:17:43,133 [grpc-default-executor-2] INFO  client.GrpcClientProtocolClient (GrpcClientProtocolClient.java:onNext(255)) - client-54CC064C3FCE->8224e767-71c1-41fc-a01a-d172d48fd9d8: receive RaftClientReply:client-54CC064C3FCE->8224e767-71c1-41fc-a01a-d172d48fd9d8@group-F6B37CC92441, cid=3579, SUCCESS, logIndex=5404, commits[8224e767-71c1-41fc-a01a-d172d48fd9d8:c5405, 6eae0c21-01aa-4169-956f-5952b26ea7ba:c5402, 8d7dcba1-3b82-4d94-a832-514ef5c79cf8:c5400]
2019-08-21 02:17:43,133 [grpc-default-executor-2] INFO  client.GrpcClientProtocolClient (GrpcClientProtocolClient.java:onNext(255)) - client-54CC064C3FCE->8224e767-71c1-41fc-a01a-d172d48fd9d8: receive RaftClientReply:client-54CC064C3FCE->8224e767-71c1-41fc-a01a-d172d48fd9d8@group-F6B37CC92441, cid=3580, SUCCESS, logIndex=5405, commits[8224e767-71c1-41fc-a01a-d172d48fd9d8:c5405, 6eae0c21-01aa-4169-956f-5952b26ea7ba:c5402, 8d7dcba1-3b82-4d94-a832-514ef5c79cf8:c5402]
2019-08-21 02:17:43,136 | INFO  | DNAudit | user=null | ip=null | op=WRITE_CHUNK {blockData=conID: 2 locID: 102652566769959613 bcsId: 5400} | ret=SUCCESS |  
2019-08-21 02:17:43,136 | INFO  | DNAudit | user=null | ip=null | op=WRITE_CHUNK {blockData=conID: 2 locID: 102652566769959613 bcsId: 5400} | ret=SUCCESS |  
2019-08-21 02:17:43,136 | INFO  | DNAudit | user=null | ip=null | op=PUT_BLOCK {blockData=[blockId=conID: 2 locID: 102652566769959613 bcsId: 0,size=3145728]} | ret=SUCCESS |  
2019-08-21 02:17:43,136 | INFO  | DNAudit | user=null | ip=null | op=PUT_BLOCK {blockData=[blockId=conID: 2 locID: 102652566769959613 bcsId: 0,size=3145728]} | ret=SUCCESS |  
2019-08-21 02:17:43,140 | INFO  | DNAudit | user=null | ip=null | op=WRITE_CHUNK {blockData=conID: 2 locID: 102652566769959613 bcsId: 5405} | ret=SUCCESS |  
2019-08-21 02:17:43,142 | INFO  | DNAudit | user=null | ip=null | op=WRITE_CHUNK {blockData=conID: 2 locID: 102652566769959613 bcsId: 5405} | ret=SUCCESS |  
2019-08-21 02:17:43,143 | INFO  | DNAudit | user=null | ip=null | op=WRITE_CHUNK {blockData=conID: 2 locID: 102652566769959613 bcsId: 5405} | ret=SUCCESS |  
2019-08-21 02:17:43,152 | INFO  | DNAudit | user=null | ip=null | op=WRITE_CHUNK {blockData=conID: 2 locID: 102652566769959613 bcsId: 5405} | ret=SUCCESS |  
2019-08-21 02:17:43,152 | INFO  | DNAudit | user=null | ip=null | op=PUT_BLOCK {blockData=[blockId=conID: 2 locID: 102652566769959613 bcsId: 0,size=4194304]} | ret=SUCCESS |  
2019-08-21 02:17:43,153 [grpc-default-executor-3] INFO  client.GrpcClientProtocolClient (GrpcClientProtocolClient.java:onNext(255)) - client-54CC064C3FCE->8224e767-71c1-41fc-a01a-d172d48fd9d8: receive RaftClientReply:client-54CC064C3FCE->8224e767-71c1-41fc-a01a-d172d48fd9d8@group-F6B37CC92441, cid=3581, SUCCESS, logIndex=5408, commits[8224e767-71c1-41fc-a01a-d172d48fd9d8:c5409, 6eae0c21-01aa-4169-956f-5952b26ea7ba:c5406, 8d7dcba1-3b82-4d94-a832-514ef5c79cf8:c5406]
2019-08-21 02:17:43,153 [grpc-default-executor-3] INFO  client.GrpcClientProtocolClient (GrpcClientProtocolClient.java:onNext(255)) - client-54CC064C3FCE->8224e767-71c1-41fc-a01a-d172d48fd9d8: receive RaftClientReply:client-54CC064C3FCE->8224e767-71c1-41fc-a01a-d172d48fd9d8@group-F6B37CC92441, cid=3582, SUCCESS, logIndex=5409, commits[8224e767-71c1-41fc-a01a-d172d48fd9d8:c5409, 6eae0c21-01aa-4169-956f-5952b26ea7ba:c5406, 8d7dcba1-3b82-4d94-a832-514ef5c79cf8:c5406]
2019-08-21 02:17:43,156 | INFO  | DNAudit | user=null | ip=null | op=WRITE_CHUNK {blockData=conID: 2 locID: 102652566769959613 bcsId: 5405} | ret=SUCCESS |  
2019-08-21 02:17:43,156 | INFO  | DNAudit | user=null | ip=null | op=WRITE_CHUNK {blockData=conID: 2 locID: 102652566769959613 bcsId: 5405} | ret=SUCCESS |  
2019-08-21 02:17:43,159 | INFO  | DNAudit | user=null | ip=null | op=PUT_BLOCK {blockData=[blockId=conID: 2 locID: 102652566769959613 bcsId: 0,size=4194304]} | ret=SUCCESS |  
2019-08-21 02:17:43,159 | INFO  | DNAudit | user=null | ip=null | op=PUT_BLOCK {blockData=[blockId=conID: 2 locID: 102652566769959613 bcsId: 0,size=4194304]} | ret=SUCCESS |  
2019-08-21 02:17:43,160 [grpc-default-executor-3] INFO  client.GrpcClientProtocolClient (GrpcClientProtocolClient.java:onNext(255)) - client-54CC064C3FCE->8224e767-71c1-41fc-a01a-d172d48fd9d8: receive RaftClientReply:client-54CC064C3FCE->8224e767-71c1-41fc-a01a-d172d48fd9d8@group-F6B37CC92441, cid=3583, SUCCESS, logIndex=0, commits[8224e767-71c1-41fc-a01a-d172d48fd9d8:c5411, 6eae0c21-01aa-4169-956f-5952b26ea7ba:c5409, 8d7dcba1-3b82-4d94-a832-514ef5c79cf8:c5409]
2019-08-21 02:17:43,165 | INFO  | SCMAudit | user=jenkins1000 | ip=192.168.34.10 | op=ALLOCATE_BLOCK {owner=b6f66289-f2a0-4058-b052-0a85e40df67b, size=4194304, type=RATIS, factor=THREE} | ret=SUCCESS |  
2019-08-21 02:17:43,169 | INFO  | OMAudit | user=jenkins1000 | ip=127.0.0.1 | op=ALLOCATE_BLOCK {volume=vol-0-90982, bucket=bucket-0-24269, key=key-0-81262, dataSize=0, replicationType=null, replicationFactor=null, keyLocationInfo=null, clientID=102652564580991378} | ret=SUCCESS |  
2019-08-21 02:17:43,176 | INFO  | DNAudit | user=null | ip=null | op=WRITE_CHUNK {blockData=conID: 3 locID: 102652566776382142 bcsId: 0} | ret=SUCCESS |  
2019-08-21 02:17:43,179 | INFO  | DNAudit | user=null | ip=null | op=WRITE_CHUNK {blockData=conID: 3 locID: 102652566776382142 bcsId: 0} | ret=SUCCESS |  
2019-08-21 02:17:43,180 | INFO  | DNAudit | user=null | ip=null | op=WRITE_CHUNK {blockData=conID: 3 locID: 102652566776382142 bcsId: 0} | ret=SUCCESS |  
2019-08-21 02:17:43,180 | INFO  | DNAudit | user=null | ip=null | op=WRITE_CHUNK {blockData=conID: 3 locID: 102652566776382142 bcsId: 0} | ret=SUCCESS |  
2019-08-21 02:17:43,181 | INFO  | DNAudit | user=null | ip=null | op=WRITE_CHUNK {blockData=conID: 3 locID: 102652566776382142 bcsId: 0} | ret=SUCCESS |  
2019-08-21 02:17:43,181 | INFO  | DNAudit | user=null | ip=null | op=PUT_BLOCK {blockData=[blockId=conID: 3 locID: 102652566776382142 bcsId: 0,size=1048576]} | ret=SUCCESS |  
2019-08-21 02:17:43,182 | INFO  | DNAudit | user=null | ip=null | op=WRITE_CHUNK {blockData=conID: 3 locID: 102652566776382142 bcsId: 0} | ret=SUCCESS |  
2019-08-21 02:17:43,182 [grpc-default-executor-0] INFO  client.GrpcClientProtocolClient (GrpcClientProtocolClient.java:onNext(255)) - client-54CC064C3FCE->8224e767-71c1-41fc-a01a-d172d48fd9d8: receive RaftClientReply:client-54CC064C3FCE->8224e767-71c1-41fc-a01a-d172d48fd9d8@group-F6B37CC92441, cid=3584, SUCCESS, logIndex=5412, commits[8224e767-71c1-41fc-a01a-d172d48fd9d8:c5413, 6eae0c21-01aa-4169-956f-5952b26ea7ba:c5411, 8d7dcba1-3b82-4d94-a832-514ef5c79cf8:c5409]
2019-08-21 02:17:43,182 | INFO  | DNAudit | user=null | ip=null | op=WRITE_CHUNK {blockData=conID: 3 locID: 102652566776382142 bcsId: 0} | ret=SUCCESS |  
2019-08-21 02:17:43,182 [grpc-default-executor-0] INFO  client.GrpcClientProtocolClient (GrpcClientProtocolClient.java:onNext(255)) - client-54CC064C3FCE->8224e767-71c1-41fc-a01a-d172d48fd9d8: receive RaftClientReply:client-54CC064C3FCE->8224e767-71c1-41fc-a01a-d172d48fd9d8@group-F6B37CC92441, cid=3585, SUCCESS, logIndex=5413, commits[8224e767-71c1-41fc-a01a-d172d48fd9d8:c5413, 6eae0c21-01aa-4169-956f-5952b26ea7ba:c5411, 8d7dcba1-3b82-4d94-a832-514ef5c79cf8:c5411]
2019-08-21 02:17:43,185 | INFO  | DNAudit | user=null | ip=null | op=WRITE_CHUNK {blockData=conID: 3 locID: 102652566776382142 bcsId: 0} | ret=SUCCESS |  
2019-08-21 02:17:43,185 | INFO  | DNAudit | user=null | ip=null | op=WRITE_CHUNK {blockData=conID: 3 locID: 102652566776382142 bcsId: 0} | ret=SUCCESS |  
2019-08-21 02:17:43,185 | INFO  | DNAudit | user=null | ip=null | op=PUT_BLOCK {blockData=[blockId=conID: 3 locID: 102652566776382142 bcsId: 0,size=1048576]} | ret=SUCCESS |  
2019-08-21 02:17:43,185 | INFO  | DNAudit | user=null | ip=null | op=PUT_BLOCK {blockData=[blockId=conID: 3 locID: 102652566776382142 bcsId: 0,size=2097152]} | ret=SUCCESS |  
2019-08-21 02:17:43,186 [grpc-default-executor-3] INFO  client.GrpcClientProtocolClient (GrpcClientProtocolClient.java:onNext(255)) - client-54CC064C3FCE->8224e767-71c1-41fc-a01a-d172d48fd9d8: receive RaftClientReply:client-54CC064C3FCE->8224e767-71c1-41fc-a01a-d172d48fd9d8@group-F6B37CC92441, cid=3586, SUCCESS, logIndex=5414, commits[8224e767-71c1-41fc-a01a-d172d48fd9d8:c5415, 6eae0c21-01aa-4169-956f-5952b26ea7ba:c5411, 8d7dcba1-3b82-4d94-a832-514ef5c79cf8:c5411]
2019-08-21 02:17:43,186 [grpc-default-executor-3] INFO  client.GrpcClientProtocolClient (GrpcClientProtocolClient.java:onNext(255)) - client-54CC064C3FCE->8224e767-71c1-41fc-a01a-d172d48fd9d8: receive RaftClientReply:client-54CC064C3FCE->8224e767-71c1-41fc-a01a-d172d48fd9d8@group-F6B37CC92441, cid=3587, SUCCESS, logIndex=5415, commits[8224e767-71c1-41fc-a01a-d172d48fd9d8:c5417, 6eae0c21-01aa-4169-956f-5952b26ea7ba:c5413, 8d7dcba1-3b82-4d94-a832-514ef5c79cf8:c5411]
2019-08-21 02:17:43,196 | INFO  | DNAudit | user=null | ip=null | op=WRITE_CHUNK {blockData=conID: 3 locID: 102652566776382142 bcsId: 0} | ret=SUCCESS |  
2019-08-21 02:17:43,196 | INFO  | DNAudit | user=null | ip=null | op=PUT_BLOCK {blockData=[blockId=conID: 3 locID: 102652566776382142 bcsId: 0,size=1048576]} | ret=SUCCESS |  
2019-08-21 02:17:43,196 | INFO  | DNAudit | user=null | ip=null | op=WRITE_CHUNK {blockData=conID: 3 locID: 102652566776382142 bcsId: 0} | ret=SUCCESS |  
2019-08-21 02:17:43,197 | INFO  | DNAudit | user=null | ip=null | op=PUT_BLOCK {blockData=[blockId=conID: 3 locID: 102652566776382142 bcsId: 0,size=2097152]} | ret=SUCCESS |  
2019-08-21 02:17:43,197 [grpc-default-executor-2] INFO  client.GrpcClientProtocolClient (GrpcClientProtocolClient.java:onNext(255)) - client-54CC064C3FCE->8224e767-71c1-41fc-a01a-d172d48fd9d8: receive RaftClientReply:client-54CC064C3FCE->8224e767-71c1-41fc-a01a-d172d48fd9d8@group-F6B37CC92441, cid=3588, SUCCESS, logIndex=0, commits[8224e767-71c1-41fc-a01a-d172d48fd9d8:c5417, 6eae0c21-01aa-4169-956f-5952b26ea7ba:c5413, 8d7dcba1-3b82-4d94-a832-514ef5c79cf8:c5413]
2019-08-21 02:17:43,197 | INFO  | DNAudit | user=null | ip=null | op=WRITE_CHUNK {blockData=conID: 3 locID: 102652566776382142 bcsId: 0} | ret=SUCCESS |  
2019-08-21 02:17:43,197 | INFO  | DNAudit | user=null | ip=null | op=PUT_BLOCK {blockData=[blockId=conID: 3 locID: 102652566776382142 bcsId: 0,size=2097152]} | ret=SUCCESS |  
2019-08-21 02:17:43,204 | INFO  | DNAudit | user=null | ip=null | op=WRITE_CHUNK {blockData=conID: 3 locID: 102652566776382142 bcsId: 5415} | ret=SUCCESS |  
2019-08-21 02:17:43,207 | INFO  | DNAudit | user=null | ip=null | op=WRITE_CHUNK {blockData=conID: 3 locID: 102652566776382142 bcsId: 5415} | ret=SUCCESS |  
2019-08-21 02:17:43,207 | INFO  | DNAudit | user=null | ip=null | op=WRITE_CHUNK {blockData=conID: 3 locID: 102652566776382142 bcsId: 5415} | ret=SUCCESS |  
2019-08-21 02:17:43,218 | INFO  | DNAudit | user=null | ip=null | op=WRITE_CHUNK {blockData=conID: 3 locID: 102652566776382142 bcsId: 5415} | ret=SUCCESS |  
2019-08-21 02:17:43,219 | INFO  | DNAudit | user=null | ip=null | op=PUT_BLOCK {blockData=[blockId=conID: 3 locID: 102652566776382142 bcsId: 0,size=3145728]} | ret=SUCCESS |  
2019-08-21 02:17:43,219 [grpc-default-executor-2] INFO  client.GrpcClientProtocolClient (GrpcClientProtocolClient.java:onNext(255)) - client-54CC064C3FCE->8224e767-71c1-41fc-a01a-d172d48fd9d8: receive RaftClientReply:client-54CC064C3FCE->8224e767-71c1-41fc-a01a-d172d48fd9d8@group-F6B37CC92441, cid=3589, SUCCESS, logIndex=5420, commits[8224e767-71c1-41fc-a01a-d172d48fd9d8:c5421, 6eae0c21-01aa-4169-956f-5952b26ea7ba:c5419, 8d7dcba1-3b82-4d94-a832-514ef5c79cf8:c5419]
2019-08-21 02:17:43,219 [grpc-default-executor-2] INFO  client.GrpcClientProtocolClient (GrpcClientProtocolClient.java:onNext(255)) - client-54CC064C3FCE->8224e767-71c1-41fc-a01a-d172d48fd9d8: receive RaftClientReply:client-54CC064C3FCE->8224e767-71c1-41fc-a01a-d172d48fd9d8@group-F6B37CC92441, cid=3590, SUCCESS, logIndex=5421, commits[8224e767-71c1-41fc-a01a-d172d48fd9d8:c5421, 6eae0c21-01aa-4169-956f-5952b26ea7ba:c5419, 8d7dcba1-3b82-4d94-a832-514ef5c79cf8:c5419]
2019-08-21 02:17:43,227 | INFO  | DNAudit | user=null | ip=null | op=WRITE_CHUNK {blockData=conID: 3 locID: 102652566776382142 bcsId: 5421} | ret=SUCCESS |  
2019-08-21 02:17:43,228 | INFO  | DNAudit | user=null | ip=null | op=WRITE_CHUNK {blockData=conID: 3 locID: 102652566776382142 bcsId: 5421} | ret=SUCCESS |  
2019-08-21 02:17:43,229 | INFO  | DNAudit | user=null | ip=null | op=WRITE_CHUNK {blockData=conID: 3 locID: 102652566776382142 bcsId: 5421} | ret=SUCCESS |  
2019-08-21 02:17:43,231 | INFO  | DNAudit | user=null | ip=null | op=WRITE_CHUNK {blockData=conID: 3 locID: 102652566776382142 bcsId: 5415} | ret=SUCCESS |  
2019-08-21 02:17:43,232 | INFO  | DNAudit | user=null | ip=null | op=WRITE_CHUNK {blockData=conID: 3 locID: 102652566776382142 bcsId: 5415} | ret=SUCCESS |  
2019-08-21 02:17:43,243 | INFO  | DNAudit | user=null | ip=null | op=PUT_BLOCK {blockData=[blockId=conID: 3 locID: 102652566776382142 bcsId: 0,size=3145728]} | ret=SUCCESS |  
2019-08-21 02:17:43,243 | INFO  | DNAudit | user=null | ip=null | op=PUT_BLOCK {blockData=[blockId=conID: 3 locID: 102652566776382142 bcsId: 0,size=3145728]} | ret=SUCCESS |  
2019-08-21 02:17:43,243 | INFO  | DNAudit | user=null | ip=null | op=WRITE_CHUNK {blockData=conID: 3 locID: 102652566776382142 bcsId: 5421} | ret=SUCCESS |  
2019-08-21 02:17:43,244 | INFO  | DNAudit | user=null | ip=null | op=PUT_BLOCK {blockData=[blockId=conID: 3 locID: 102652566776382142 bcsId: 0,size=4194304]} | ret=SUCCESS |  
2019-08-21 02:17:43,244 [grpc-default-executor-2] INFO  client.GrpcClientProtocolClient (GrpcClientProtocolClient.java:onNext(255)) - client-54CC064C3FCE->8224e767-71c1-41fc-a01a-d172d48fd9d8: receive RaftClientReply:client-54CC064C3FCE->8224e767-71c1-41fc-a01a-d172d48fd9d8@group-F6B37CC92441, cid=3591, SUCCESS, logIndex=5424, commits[8224e767-71c1-41fc-a01a-d172d48fd9d8:c5425, 6eae0c21-01aa-4169-956f-5952b26ea7ba:c5421, 8d7dcba1-3b82-4d94-a832-514ef5c79cf8:c5421]
2019-08-21 02:17:43,244 [grpc-default-executor-2] INFO  client.GrpcClientProtocolClient (GrpcClientProtocolClient.java:onNext(255)) - client-54CC064C3FCE->8224e767-71c1-41fc-a01a-d172d48fd9d8: receive RaftClientReply:client-54CC064C3FCE->8224e767-71c1-41fc-a01a-d172d48fd9d8@group-F6B37CC92441, cid=3592, SUCCESS, logIndex=5425, commits[8224e767-71c1-41fc-a01a-d172d48fd9d8:c5425, 6eae0c21-01aa-4169-956f-5952b26ea7ba:c5421, 8d7dcba1-3b82-4d94-a832-514ef5c79cf8:c5421]
2019-08-21 02:17:43,257 | INFO  | DNAudit | user=null | ip=null | op=WRITE_CHUNK {blockData=conID: 3 locID: 102652566776382142 bcsId: 5421} | ret=SUCCESS |  
2019-08-21 02:17:43,257 | INFO  | DNAudit | user=null | ip=null | op=PUT_BLOCK {blockData=[blockId=conID: 3 locID: 102652566776382142 bcsId: 0,size=4194304]} | ret=SUCCESS |  
2019-08-21 02:17:43,257 | INFO  | DNAudit | user=null | ip=null | op=WRITE_CHUNK {blockData=conID: 3 locID: 102652566776382142 bcsId: 5421} | ret=SUCCESS |  
2019-08-21 02:17:43,258 | INFO  | DNAudit | user=null | ip=null | op=PUT_BLOCK {blockData=[blockId=conID: 3 locID: 102652566776382142 bcsId: 0,size=4194304]} | ret=SUCCESS |  
2019-08-21 02:17:43,258 [grpc-default-executor-2] INFO  client.GrpcClientProtocolClient (GrpcClientProtocolClient.java:onNext(255)) - client-54CC064C3FCE->8224e767-71c1-41fc-a01a-d172d48fd9d8: receive RaftClientReply:client-54CC064C3FCE->8224e767-71c1-41fc-a01a-d172d48fd9d8@group-F6B37CC92441, cid=3593, SUCCESS, logIndex=0, commits[8224e767-71c1-41fc-a01a-d172d48fd9d8:c5426, 6eae0c21-01aa-4169-956f-5952b26ea7ba:c5425, 8d7dcba1-3b82-4d94-a832-514ef5c79cf8:c5425]
2019-08-21 02:17:43,265 | INFO  | SCMAudit | user=jenkins1000 | ip=192.168.34.10 | op=ALLOCATE_BLOCK {owner=b6f66289-f2a0-4058-b052-0a85e40df67b, size=4194304, type=RATIS, factor=THREE} | ret=SUCCESS |  
2019-08-21 02:17:43,269 | INFO  | OMAudit | user=jenkins1000 | ip=127.0.0.1 | op=ALLOCATE_BLOCK {volume=vol-0-90982, bucket=bucket-0-24269, key=key-0-81262, dataSize=0, replicationType=null, replicationFactor=null, keyLocationInfo=null, clientID=102652564580991378} | ret=SUCCESS |  
2019-08-21 02:17:43,276 | INFO  | DNAudit | user=null | ip=null | op=WRITE_CHUNK {blockData=conID: 1 locID: 102652566782935743 bcsId: 0} | ret=SUCCESS |  
2019-08-21 02:17:43,279 | INFO  | DNAudit | user=null | ip=null | op=WRITE_CHUNK {blockData=conID: 1 locID: 102652566782935743 bcsId: 0} | ret=SUCCESS |  
2019-08-21 02:17:43,279 | INFO  | DNAudit | user=null | ip=null | op=WRITE_CHUNK {blockData=conID: 1 locID: 102652566782935743 bcsId: 0} | ret=SUCCESS |  
2019-08-21 02:17:43,280 | INFO  | DNAudit | user=null | ip=null | op=WRITE_CHUNK {blockData=conID: 1 locID: 102652566782935743 bcsId: 0} | ret=SUCCESS |  
2019-08-21 02:17:43,281 | INFO  | DNAudit | user=null | ip=null | op=WRITE_CHUNK {blockData=conID: 1 locID: 102652566782935743 bcsId: 0} | ret=SUCCESS |  
2019-08-21 02:17:43,281 | INFO  | DNAudit | user=null | ip=null | op=WRITE_CHUNK {blockData=conID: 1 locID: 102652566782935743 bcsId: 0} | ret=SUCCESS |  
2019-08-21 02:17:43,290 | INFO  | DNAudit | user=null | ip=null | op=WRITE_CHUNK {blockData=conID: 1 locID: 102652566782935743 bcsId: 0} | ret=SUCCESS |  
2019-08-21 02:17:43,290 | INFO  | DNAudit | user=null | ip=null | op=PUT_BLOCK {blockData=[blockId=conID: 1 locID: 102652566782935743 bcsId: 0,size=1048576]} | ret=SUCCESS |  
2019-08-21 02:17:43,291 [grpc-default-executor-0] INFO  client.GrpcClientProtocolClient (GrpcClientProtocolClient.java:onNext(255)) - client-54CC064C3FCE->8224e767-71c1-41fc-a01a-d172d48fd9d8: receive RaftClientReply:client-54CC064C3FCE->8224e767-71c1-41fc-a01a-d172d48fd9d8@group-F6B37CC92441, cid=3594, SUCCESS, logIndex=5428, commits[8224e767-71c1-41fc-a01a-d172d48fd9d8:c5429, 6eae0c21-01aa-4169-956f-5952b26ea7ba:c5427, 8d7dcba1-3b82-4d94-a832-514ef5c79cf8:c5427]
2019-08-21 02:17:43,291 [grpc-default-executor-0] INFO  client.GrpcClientProtocolClient (GrpcClientProtocolClient.java:onNext(255)) - client-54CC064C3FCE->8224e767-71c1-41fc-a01a-d172d48fd9d8: receive RaftClientReply:client-54CC064C3FCE->8224e767-71c1-41fc-a01a-d172d48fd9d8@group-F6B37CC92441, cid=3595, SUCCESS, logIndex=5429, commits[8224e767-71c1-41fc-a01a-d172d48fd9d8:c5429, 6eae0c21-01aa-4169-956f-5952b26ea7ba:c5427, 8d7dcba1-3b82-4d94-a832-514ef5c79cf8:c5427]
2019-08-21 02:17:43,300 | INFO  | DNAudit | user=null | ip=null | op=WRITE_CHUNK {blockData=conID: 1 locID: 102652566782935743 bcsId: 0} | ret=SUCCESS |  
2019-08-21 02:17:43,300 | INFO  | DNAudit | user=null | ip=null | op=PUT_BLOCK {blockData=[blockId=conID: 1 locID: 102652566782935743 bcsId: 0,size=2097152]} | ret=SUCCESS |  
2019-08-21 02:17:43,301 [grpc-default-executor-3] INFO  client.GrpcClientProtocolClient (GrpcClientProtocolClient.java:onNext(255)) - client-54CC064C3FCE->8224e767-71c1-41fc-a01a-d172d48fd9d8: receive RaftClientReply:client-54CC064C3FCE->8224e767-71c1-41fc-a01a-d172d48fd9d8@group-F6B37CC92441, cid=3596, SUCCESS, logIndex=5430, commits[8224e767-71c1-41fc-a01a-d172d48fd9d8:c5431, 6eae0c21-01aa-4169-956f-5952b26ea7ba:c5427, 8d7dcba1-3b82-4d94-a832-514ef5c79cf8:c5427]
2019-08-21 02:17:43,301 [grpc-default-executor-3] INFO  client.GrpcClientProtocolClient (GrpcClientProtocolClient.java:onNext(255)) - client-54CC064C3FCE->8224e767-71c1-41fc-a01a-d172d48fd9d8: receive RaftClientReply:client-54CC064C3FCE->8224e767-71c1-41fc-a01a-d172d48fd9d8@group-F6B37CC92441, cid=3597, SUCCESS, logIndex=5431, commits[8224e767-71c1-41fc-a01a-d172d48fd9d8:c5431, 6eae0c21-01aa-4169-956f-5952b26ea7ba:c5427, 8d7dcba1-3b82-4d94-a832-514ef5c79cf8:c5427]
2019-08-21 02:17:43,302 | INFO  | DNAudit | user=null | ip=null | op=WRITE_CHUNK {blockData=conID: 1 locID: 102652566782935743 bcsId: 0} | ret=SUCCESS |  
2019-08-21 02:17:43,315 | INFO  | DNAudit | user=null | ip=null | op=PUT_BLOCK {blockData=[blockId=conID: 1 locID: 102652566782935743 bcsId: 0,size=1048576]} | ret=SUCCESS |  
2019-08-21 02:17:43,315 | INFO  | DNAudit | user=null | ip=null | op=WRITE_CHUNK {blockData=conID: 1 locID: 102652566782935743 bcsId: 0} | ret=SUCCESS |  
2019-08-21 02:17:43,315 | INFO  | DNAudit | user=null | ip=null | op=WRITE_CHUNK {blockData=conID: 1 locID: 102652566782935743 bcsId: 0} | ret=SUCCESS |  
2019-08-21 02:17:43,315 | INFO  | DNAudit | user=null | ip=null | op=PUT_BLOCK {blockData=[blockId=conID: 1 locID: 102652566782935743 bcsId: 0,size=1048576]} | ret=SUCCESS |  
2019-08-21 02:17:43,316 | INFO  | DNAudit | user=null | ip=null | op=PUT_BLOCK {blockData=[blockId=conID: 1 locID: 102652566782935743 bcsId: 0,size=2097152]} | ret=SUCCESS |  
2019-08-21 02:17:43,316 | INFO  | DNAudit | user=null | ip=null | op=WRITE_CHUNK {blockData=conID: 1 locID: 102652566782935743 bcsId: 0} | ret=SUCCESS |  
2019-08-21 02:17:43,316 | INFO  | DNAudit | user=null | ip=null | op=PUT_BLOCK {blockData=[blockId=conID: 1 locID: 102652566782935743 bcsId: 0,size=2097152]} | ret=SUCCESS |  
2019-08-21 02:17:43,316 [grpc-default-executor-3] INFO  client.GrpcClientProtocolClient (GrpcClientProtocolClient.java:onNext(255)) - client-54CC064C3FCE->8224e767-71c1-41fc-a01a-d172d48fd9d8: receive RaftClientReply:client-54CC064C3FCE->8224e767-71c1-41fc-a01a-d172d48fd9d8@group-F6B37CC92441, cid=3598, SUCCESS, logIndex=0, commits[8224e767-71c1-41fc-a01a-d172d48fd9d8:c5433, 6eae0c21-01aa-4169-956f-5952b26ea7ba:c5431, 8d7dcba1-3b82-4d94-a832-514ef5c79cf8:c5429]
2019-08-21 02:17:43,322 | INFO  | DNAudit | user=null | ip=null | op=WRITE_CHUNK {blockData=conID: 1 locID: 102652566782935743 bcsId: 5431} | ret=SUCCESS |  
2019-08-21 02:17:43,324 | INFO  | DNAudit | user=null | ip=null | op=WRITE_CHUNK {blockData=conID: 1 locID: 102652566782935743 bcsId: 5431} | ret=SUCCESS |  
2019-08-21 02:17:43,325 | INFO  | DNAudit | user=null | ip=null | op=WRITE_CHUNK {blockData=conID: 1 locID: 102652566782935743 bcsId: 5431} | ret=SUCCESS |  
2019-08-21 02:17:43,328 | INFO  | DNAudit | user=null | ip=null | op=WRITE_CHUNK {blockData=conID: 1 locID: 102652566782935743 bcsId: 5431} | ret=SUCCESS |  
2019-08-21 02:17:43,329 | INFO  | DNAudit | user=null | ip=null | op=PUT_BLOCK {blockData=[blockId=conID: 1 locID: 102652566782935743 bcsId: 0,size=3145728]} | ret=SUCCESS |  
2019-08-21 02:17:43,329 [grpc-default-executor-1] INFO  client.GrpcClientProtocolClient (GrpcClientProtocolClient.java:onNext(255)) - client-54CC064C3FCE->8224e767-71c1-41fc-a01a-d172d48fd9d8: receive RaftClientReply:client-54CC064C3FCE->8224e767-71c1-41fc-a01a-d172d48fd9d8@group-F6B37CC92441, cid=3599, SUCCESS, logIndex=5435, commits[8224e767-71c1-41fc-a01a-d172d48fd9d8:c5436, 6eae0c21-01aa-4169-956f-5952b26ea7ba:c5433, 8d7dcba1-3b82-4d94-a832-514ef5c79cf8:c5431]
2019-08-21 02:17:43,329 [grpc-default-executor-1] INFO  client.GrpcClientProtocolClient (GrpcClientProtocolClient.java:onNext(255)) - client-54CC064C3FCE->8224e767-71c1-41fc-a01a-d172d48fd9d8: receive RaftClientReply:client-54CC064C3FCE->8224e767-71c1-41fc-a01a-d172d48fd9d8@group-F6B37CC92441, cid=3600, SUCCESS, logIndex=5436, commits[8224e767-71c1-41fc-a01a-d172d48fd9d8:c5436, 6eae0c21-01aa-4169-956f-5952b26ea7ba:c5433, 8d7dcba1-3b82-4d94-a832-514ef5c79cf8:c5433]
2019-08-21 02:17:43,332 | INFO  | DNAudit | user=null | ip=null | op=WRITE_CHUNK {blockData=conID: 1 locID: 102652566782935743 bcsId: 5431} | ret=SUCCESS |  
2019-08-21 02:17:43,332 | INFO  | DNAudit | user=null | ip=null | op=WRITE_CHUNK {blockData=conID: 1 locID: 102652566782935743 bcsId: 5431} | ret=SUCCESS |  
2019-08-21 02:17:43,332 | INFO  | DNAudit | user=null | ip=null | op=PUT_BLOCK {blockData=[blockId=conID: 1 locID: 102652566782935743 bcsId: 0,size=3145728]} | ret=SUCCESS |  
2019-08-21 02:17:43,332 | INFO  | DNAudit | user=null | ip=null | op=PUT_BLOCK {blockData=[blockId=conID: 1 locID: 102652566782935743 bcsId: 0,size=3145728]} | ret=SUCCESS |  
2019-08-21 02:17:43,336 | INFO  | DNAudit | user=null | ip=null | op=WRITE_CHUNK {blockData=conID: 1 locID: 102652566782935743 bcsId: 5436} | ret=SUCCESS |  
2019-08-21 02:17:43,338 | INFO  | DNAudit | user=null | ip=null | op=WRITE_CHUNK {blockData=conID: 1 locID: 102652566782935743 bcsId: 5436} | ret=SUCCESS |  
2019-08-21 02:17:43,338 | INFO  | DNAudit | user=null | ip=null | op=WRITE_CHUNK {blockData=conID: 1 locID: 102652566782935743 bcsId: 5436} | ret=SUCCESS |  
2019-08-21 02:17:43,340 | INFO  | DNAudit | user=null | ip=null | op=WRITE_CHUNK {blockData=conID: 1 locID: 102652566782935743 bcsId: 5436} | ret=SUCCESS |  
2019-08-21 02:17:43,340 | INFO  | DNAudit | user=null | ip=null | op=PUT_BLOCK {blockData=[blockId=conID: 1 locID: 102652566782935743 bcsId: 0,size=4194304]} | ret=SUCCESS |  
2019-08-21 02:17:43,340 [grpc-default-executor-3] INFO  client.GrpcClientProtocolClient (GrpcClientProtocolClient.java:onNext(255)) - client-54CC064C3FCE->8224e767-71c1-41fc-a01a-d172d48fd9d8: receive RaftClientReply:client-54CC064C3FCE->8224e767-71c1-41fc-a01a-d172d48fd9d8@group-F6B37CC92441, cid=3601, SUCCESS, logIndex=5438, commits[8224e767-71c1-41fc-a01a-d172d48fd9d8:c5439, 6eae0c21-01aa-4169-956f-5952b26ea7ba:c5437, 8d7dcba1-3b82-4d94-a832-514ef5c79cf8:c5437]
2019-08-21 02:17:43,341 [grpc-default-executor-3] INFO  client.GrpcClientProtocolClient (GrpcClientProtocolClient.java:onNext(255)) - client-54CC064C3FCE->8224e767-71c1-41fc-a01a-d172d48fd9d8: receive RaftClientReply:client-54CC064C3FCE->8224e767-71c1-41fc-a01a-d172d48fd9d8@group-F6B37CC92441, cid=3602, SUCCESS, logIndex=5439, commits[8224e767-71c1-41fc-a01a-d172d48fd9d8:c5439, 6eae0c21-01aa-4169-956f-5952b26ea7ba:c5437, 8d7dcba1-3b82-4d94-a832-514ef5c79cf8:c5437]
2019-08-21 02:17:43,343 | INFO  | DNAudit | user=null | ip=null | op=WRITE_CHUNK {blockData=conID: 1 locID: 102652566782935743 bcsId: 5436} | ret=SUCCESS |  
2019-08-21 02:17:43,343 | INFO  | DNAudit | user=null | ip=null | op=WRITE_CHUNK {blockData=conID: 1 locID: 102652566782935743 bcsId: 5436} | ret=SUCCESS |  
2019-08-21 02:17:43,343 | INFO  | DNAudit | user=null | ip=null | op=PUT_BLOCK {blockData=[blockId=conID: 1 locID: 102652566782935743 bcsId: 0,size=4194304]} | ret=SUCCESS |  
2019-08-21 02:17:43,343 | INFO  | DNAudit | user=null | ip=null | op=PUT_BLOCK {blockData=[blockId=conID: 1 locID: 102652566782935743 bcsId: 0,size=4194304]} | ret=SUCCESS |  
2019-08-21 02:17:43,344 [grpc-default-executor-3] INFO  client.GrpcClientProtocolClient (GrpcClientProtocolClient.java:onNext(255)) - client-54CC064C3FCE->8224e767-71c1-41fc-a01a-d172d48fd9d8: receive RaftClientReply:client-54CC064C3FCE->8224e767-71c1-41fc-a01a-d172d48fd9d8@group-F6B37CC92441, cid=3603, SUCCESS, logIndex=0, commits[8224e767-71c1-41fc-a01a-d172d48fd9d8:c5440, 6eae0c21-01aa-4169-956f-5952b26ea7ba:c5439, 8d7dcba1-3b82-4d94-a832-514ef5c79cf8:c5439]
2019-08-21 02:17:43,350 | INFO  | SCMAudit | user=jenkins1000 | ip=192.168.34.10 | op=ALLOCATE_BLOCK {owner=b6f66289-f2a0-4058-b052-0a85e40df67b, size=4194304, type=RATIS, factor=THREE} | ret=SUCCESS |  
2019-08-21 02:17:43,354 | INFO  | OMAudit | user=jenkins1000 | ip=127.0.0.1 | op=ALLOCATE_BLOCK {volume=vol-0-90982, bucket=bucket-0-24269, key=key-0-81262, dataSize=0, replicationType=null, replicationFactor=null, keyLocationInfo=null, clientID=102652564580991378} | ret=SUCCESS |  
2019-08-21 02:17:43,360 | INFO  | DNAudit | user=null | ip=null | op=WRITE_CHUNK {blockData=conID: 2 locID: 102652566788506304 bcsId: 0} | ret=SUCCESS |  
2019-08-21 02:17:43,364 | INFO  | DNAudit | user=null | ip=null | op=WRITE_CHUNK {blockData=conID: 2 locID: 102652566788506304 bcsId: 0} | ret=SUCCESS |  
2019-08-21 02:17:43,364 | INFO  | DNAudit | user=null | ip=null | op=WRITE_CHUNK {blockData=conID: 2 locID: 102652566788506304 bcsId: 0} | ret=SUCCESS |  
2019-08-21 02:17:43,364 | INFO  | DNAudit | user=null | ip=null | op=WRITE_CHUNK {blockData=conID: 2 locID: 102652566788506304 bcsId: 0} | ret=SUCCESS |  
2019-08-21 02:17:43,365 | INFO  | DNAudit | user=null | ip=null | op=WRITE_CHUNK {blockData=conID: 2 locID: 102652566788506304 bcsId: 0} | ret=SUCCESS |  
2019-08-21 02:17:43,365 | INFO  | DNAudit | user=null | ip=null | op=WRITE_CHUNK {blockData=conID: 2 locID: 102652566788506304 bcsId: 0} | ret=SUCCESS |  
2019-08-21 02:17:43,366 | INFO  | DNAudit | user=null | ip=null | op=WRITE_CHUNK {blockData=conID: 2 locID: 102652566788506304 bcsId: 0} | ret=SUCCESS |  
2019-08-21 02:17:43,367 | INFO  | DNAudit | user=null | ip=null | op=PUT_BLOCK {blockData=[blockId=conID: 2 locID: 102652566788506304 bcsId: 0,size=1048576]} | ret=SUCCESS |  
2019-08-21 02:17:43,367 [grpc-default-executor-2] INFO  client.GrpcClientProtocolClient (GrpcClientProtocolClient.java:onNext(255)) - client-54CC064C3FCE->8224e767-71c1-41fc-a01a-d172d48fd9d8: receive RaftClientReply:client-54CC064C3FCE->8224e767-71c1-41fc-a01a-d172d48fd9d8@group-F6B37CC92441, cid=3604, SUCCESS, logIndex=5442, commits[8224e767-71c1-41fc-a01a-d172d48fd9d8:c5443, 6eae0c21-01aa-4169-956f-5952b26ea7ba:c5439, 8d7dcba1-3b82-4d94-a832-514ef5c79cf8:c5441]
2019-08-21 02:17:43,367 [grpc-default-executor-2] INFO  client.GrpcClientProtocolClient (GrpcClientProtocolClient.java:onNext(255)) - client-54CC064C3FCE->8224e767-71c1-41fc-a01a-d172d48fd9d8: receive RaftClientReply:client-54CC064C3FCE->8224e767-71c1-41fc-a01a-d172d48fd9d8@group-F6B37CC92441, cid=3605, SUCCESS, logIndex=5443, commits[8224e767-71c1-41fc-a01a-d172d48fd9d8:c5443, 6eae0c21-01aa-4169-956f-5952b26ea7ba:c5439, 8d7dcba1-3b82-4d94-a832-514ef5c79cf8:c5441]
2019-08-21 02:17:43,369 | INFO  | DNAudit | user=null | ip=null | op=WRITE_CHUNK {blockData=conID: 2 locID: 102652566788506304 bcsId: 0} | ret=SUCCESS |  
2019-08-21 02:17:43,369 | INFO  | DNAudit | user=null | ip=null | op=PUT_BLOCK {blockData=[blockId=conID: 2 locID: 102652566788506304 bcsId: 0,size=2097152]} | ret=SUCCESS |  
2019-08-21 02:17:43,370 [grpc-default-executor-3] INFO  client.GrpcClientProtocolClient (GrpcClientProtocolClient.java:onNext(255)) - client-54CC064C3FCE->8224e767-71c1-41fc-a01a-d172d48fd9d8: receive RaftClientReply:client-54CC064C3FCE->8224e767-71c1-41fc-a01a-d172d48fd9d8@group-F6B37CC92441, cid=3606, SUCCESS, logIndex=5444, commits[8224e767-71c1-41fc-a01a-d172d48fd9d8:c5445, 6eae0c21-01aa-4169-956f-5952b26ea7ba:c5441, 8d7dcba1-3b82-4d94-a832-514ef5c79cf8:c5441]
2019-08-21 02:17:43,370 [grpc-default-executor-3] INFO  client.GrpcClientProtocolClient (GrpcClientProtocolClient.java:onNext(255)) - client-54CC064C3FCE->8224e767-71c1-41fc-a01a-d172d48fd9d8: receive RaftClientReply:client-54CC064C3FCE->8224e767-71c1-41fc-a01a-d172d48fd9d8@group-F6B37CC92441, cid=3607, SUCCESS, logIndex=5445, commits[8224e767-71c1-41fc-a01a-d172d48fd9d8:c5445, 6eae0c21-01aa-4169-956f-5952b26ea7ba:c5441, 8d7dcba1-3b82-4d94-a832-514ef5c79cf8:c5441]
2019-08-21 02:17:43,372 | INFO  | DNAudit | user=null | ip=null | op=WRITE_CHUNK {blockData=conID: 2 locID: 102652566788506304 bcsId: 0} | ret=SUCCESS |  
2019-08-21 02:17:43,372 | INFO  | DNAudit | user=null | ip=null | op=PUT_BLOCK {blockData=[blockId=conID: 2 locID: 102652566788506304 bcsId: 0,size=1048576]} | ret=SUCCESS |  
2019-08-21 02:17:43,372 | INFO  | DNAudit | user=null | ip=null | op=WRITE_CHUNK {blockData=conID: 2 locID: 102652566788506304 bcsId: 0} | ret=SUCCESS |  
2019-08-21 02:17:43,372 | INFO  | DNAudit | user=null | ip=null | op=PUT_BLOCK {blockData=[blockId=conID: 2 locID: 102652566788506304 bcsId: 0,size=1048576]} | ret=SUCCESS |  
2019-08-21 02:17:43,373 [grpc-default-executor-3] INFO  client.GrpcClientProtocolClient (GrpcClientProtocolClient.java:onNext(255)) - client-54CC064C3FCE->8224e767-71c1-41fc-a01a-d172d48fd9d8: receive RaftClientReply:client-54CC064C3FCE->8224e767-71c1-41fc-a01a-d172d48fd9d8@group-F6B37CC92441, cid=3608, SUCCESS, logIndex=0, commits[8224e767-71c1-41fc-a01a-d172d48fd9d8:c5446, 6eae0c21-01aa-4169-956f-5952b26ea7ba:c5443, 8d7dcba1-3b82-4d94-a832-514ef5c79cf8:c5443]
2019-08-21 02:17:43,375 | INFO  | DNAudit | user=null | ip=null | op=WRITE_CHUNK {blockData=conID: 2 locID: 102652566788506304 bcsId: 0} | ret=SUCCESS |  
2019-08-21 02:17:43,375 | INFO  | DNAudit | user=null | ip=null | op=WRITE_CHUNK {blockData=conID: 2 locID: 102652566788506304 bcsId: 0} | ret=SUCCESS |  
2019-08-21 02:17:43,375 | INFO  | DNAudit | user=null | ip=null | op=PUT_BLOCK {blockData=[blockId=conID: 2 locID: 102652566788506304 bcsId: 0,size=2097152]} | ret=SUCCESS |  
2019-08-21 02:17:43,376 | INFO  | DNAudit | user=null | ip=null | op=PUT_BLOCK {blockData=[blockId=conID: 2 locID: 102652566788506304 bcsId: 0,size=2097152]} | ret=SUCCESS |  
2019-08-21 02:17:43,379 | INFO  | DNAudit | user=null | ip=null | op=WRITE_CHUNK {blockData=conID: 2 locID: 102652566788506304 bcsId: 5445} | ret=SUCCESS |  
2019-08-21 02:17:43,381 | INFO  | DNAudit | user=null | ip=null | op=WRITE_CHUNK {blockData=conID: 2 locID: 102652566788506304 bcsId: 5445} | ret=SUCCESS |  
2019-08-21 02:17:43,381 | INFO  | DNAudit | user=null | ip=null | op=WRITE_CHUNK {blockData=conID: 2 locID: 102652566788506304 bcsId: 5445} | ret=SUCCESS |  
2019-08-21 02:17:43,388 | INFO  | DNAudit | user=null | ip=null | op=WRITE_CHUNK {blockData=conID: 2 locID: 102652566788506304 bcsId: 5445} | ret=SUCCESS |  
2019-08-21 02:17:43,388 | INFO  | DNAudit | user=null | ip=null | op=PUT_BLOCK {blockData=[blockId=conID: 2 locID: 102652566788506304 bcsId: 0,size=3145728]} | ret=SUCCESS |  
2019-08-21 02:17:43,388 [grpc-default-executor-3] INFO  client.GrpcClientProtocolClient (GrpcClientProtocolClient.java:onNext(255)) - client-54CC064C3FCE->8224e767-71c1-41fc-a01a-d172d48fd9d8: receive RaftClientReply:client-54CC064C3FCE->8224e767-71c1-41fc-a01a-d172d48fd9d8@group-F6B37CC92441, cid=3609, SUCCESS, logIndex=5450, commits[8224e767-71c1-41fc-a01a-d172d48fd9d8:c5451, 6eae0c21-01aa-4169-956f-5952b26ea7ba:c5449, 8d7dcba1-3b82-4d94-a832-514ef5c79cf8:c5449]
2019-08-21 02:17:43,389 [grpc-default-executor-3] INFO  client.GrpcClientProtocolClient (GrpcClientProtocolClient.java:onNext(255)) - client-54CC064C3FCE->8224e767-71c1-41fc-a01a-d172d48fd9d8: receive RaftClientReply:client-54CC064C3FCE->8224e767-71c1-41fc-a01a-d172d48fd9d8@group-F6B37CC92441, cid=3610, SUCCESS, logIndex=5451, commits[8224e767-71c1-41fc-a01a-d172d48fd9d8:c5451, 6eae0c21-01aa-4169-956f-5952b26ea7ba:c5449, 8d7dcba1-3b82-4d94-a832-514ef5c79cf8:c5449]
2019-08-21 02:17:43,391 | INFO  | DNAudit | user=null | ip=null | op=WRITE_CHUNK {blockData=conID: 2 locID: 102652566788506304 bcsId: 5445} | ret=SUCCESS |  
2019-08-21 02:17:43,391 | INFO  | DNAudit | user=null | ip=null | op=WRITE_CHUNK {blockData=conID: 2 locID: 102652566788506304 bcsId: 5445} | ret=SUCCESS |  
2019-08-21 02:17:43,392 | INFO  | DNAudit | user=null | ip=null | op=PUT_BLOCK {blockData=[blockId=conID: 2 locID: 102652566788506304 bcsId: 0,size=3145728]} | ret=SUCCESS |  
2019-08-21 02:17:43,392 | INFO  | DNAudit | user=null | ip=null | op=PUT_BLOCK {blockData=[blockId=conID: 2 locID: 102652566788506304 bcsId: 0,size=3145728]} | ret=SUCCESS |  
2019-08-21 02:17:43,395 | INFO  | DNAudit | user=null | ip=null | op=WRITE_CHUNK {blockData=conID: 2 locID: 102652566788506304 bcsId: 5451} | ret=SUCCESS |  
2019-08-21 02:17:43,397 | INFO  | DNAudit | user=null | ip=null | op=WRITE_CHUNK {blockData=conID: 2 locID: 102652566788506304 bcsId: 5451} | ret=SUCCESS |  
2019-08-21 02:17:43,397 | INFO  | DNAudit | user=null | ip=null | op=WRITE_CHUNK {blockData=conID: 2 locID: 102652566788506304 bcsId: 5451} | ret=SUCCESS |  
2019-08-21 02:17:43,399 | INFO  | DNAudit | user=null | ip=null | op=WRITE_CHUNK {blockData=conID: 2 locID: 102652566788506304 bcsId: 5451} | ret=SUCCESS |  
2019-08-21 02:17:43,400 | INFO  | DNAudit | user=null | ip=null | op=PUT_BLOCK {blockData=[blockId=conID: 2 locID: 102652566788506304 bcsId: 0,size=4194304]} | ret=SUCCESS |  
2019-08-21 02:17:43,400 [grpc-default-executor-3] INFO  client.GrpcClientProtocolClient (GrpcClientProtocolClient.java:onNext(255)) - client-54CC064C3FCE->8224e767-71c1-41fc-a01a-d172d48fd9d8: receive RaftClientReply:client-54CC064C3FCE->8224e767-71c1-41fc-a01a-d172d48fd9d8@group-F6B37CC92441, cid=3611, SUCCESS, logIndex=5454, commits[8224e767-71c1-41fc-a01a-d172d48fd9d8:c5455, 6eae0c21-01aa-4169-956f-5952b26ea7ba:c5452, 8d7dcba1-3b82-4d94-a832-514ef5c79cf8:c5451]
2019-08-21 02:17:43,400 [grpc-default-executor-3] INFO  client.GrpcClientProtocolClient (GrpcClientProtocolClient.java:onNext(255)) - client-54CC064C3FCE->8224e767-71c1-41fc-a01a-d172d48fd9d8: receive RaftClientReply:client-54CC064C3FCE->8224e767-71c1-41fc-a01a-d172d48fd9d8@group-F6B37CC92441, cid=3612, SUCCESS, logIndex=5455, commits[8224e767-71c1-41fc-a01a-d172d48fd9d8:c5455, 6eae0c21-01aa-4169-956f-5952b26ea7ba:c5452, 8d7dcba1-3b82-4d94-a832-514ef5c79cf8:c5452]
2019-08-21 02:17:43,402 | INFO  | DNAudit | user=null | ip=null | op=WRITE_CHUNK {blockData=conID: 2 locID: 102652566788506304 bcsId: 5451} | ret=SUCCESS |  
2019-08-21 02:17:43,402 | INFO  | DNAudit | user=null | ip=null | op=WRITE_CHUNK {blockData=conID: 2 locID: 102652566788506304 bcsId: 5451} | ret=SUCCESS |  
2019-08-21 02:17:43,405 | INFO  | DNAudit | user=null | ip=null | op=PUT_BLOCK {blockData=[blockId=conID: 2 locID: 102652566788506304 bcsId: 0,size=4194304]} | ret=SUCCESS |  
2019-08-21 02:17:43,405 | INFO  | DNAudit | user=null | ip=null | op=PUT_BLOCK {blockData=[blockId=conID: 2 locID: 102652566788506304 bcsId: 0,size=4194304]} | ret=SUCCESS |  
2019-08-21 02:17:43,406 [grpc-default-executor-3] INFO  client.GrpcClientProtocolClient (GrpcClientProtocolClient.java:onNext(255)) - client-54CC064C3FCE->8224e767-71c1-41fc-a01a-d172d48fd9d8: receive RaftClientReply:client-54CC064C3FCE->8224e767-71c1-41fc-a01a-d172d48fd9d8@group-F6B37CC92441, cid=3613, SUCCESS, logIndex=0, commits[8224e767-71c1-41fc-a01a-d172d48fd9d8:c5457, 6eae0c21-01aa-4169-956f-5952b26ea7ba:c5455, 8d7dcba1-3b82-4d94-a832-514ef5c79cf8:c5455]
2019-08-21 02:17:43,413 | INFO  | SCMAudit | user=jenkins1000 | ip=192.168.34.10 | op=ALLOCATE_BLOCK {owner=b6f66289-f2a0-4058-b052-0a85e40df67b, size=4194304, type=RATIS, factor=THREE} | ret=SUCCESS |  
2019-08-21 02:17:43,417 | INFO  | OMAudit | user=jenkins1000 | ip=127.0.0.1 | op=ALLOCATE_BLOCK {volume=vol-0-90982, bucket=bucket-0-24269, key=key-0-81262, dataSize=0, replicationType=null, replicationFactor=null, keyLocationInfo=null, clientID=102652564580991378} | ret=SUCCESS |  
2019-08-21 02:17:43,424 | INFO  | DNAudit | user=null | ip=null | op=WRITE_CHUNK {blockData=conID: 3 locID: 102652566792635073 bcsId: 0} | ret=SUCCESS |  
2019-08-21 02:17:43,426 | INFO  | DNAudit | user=null | ip=null | op=WRITE_CHUNK {blockData=conID: 3 locID: 102652566792635073 bcsId: 0} | ret=SUCCESS |  
2019-08-21 02:17:43,426 | INFO  | DNAudit | user=null | ip=null | op=WRITE_CHUNK {blockData=conID: 3 locID: 102652566792635073 bcsId: 0} | ret=SUCCESS |  
2019-08-21 02:17:43,427 | INFO  | DNAudit | user=null | ip=null | op=WRITE_CHUNK {blockData=conID: 3 locID: 102652566792635073 bcsId: 0} | ret=SUCCESS |  
2019-08-21 02:17:43,429 | INFO  | DNAudit | user=null | ip=null | op=WRITE_CHUNK {blockData=conID: 3 locID: 102652566792635073 bcsId: 0} | ret=SUCCESS |  
2019-08-21 02:17:43,429 | INFO  | DNAudit | user=null | ip=null | op=WRITE_CHUNK {blockData=conID: 3 locID: 102652566792635073 bcsId: 0} | ret=SUCCESS |  
2019-08-21 02:17:43,429 | INFO  | DNAudit | user=null | ip=null | op=WRITE_CHUNK {blockData=conID: 3 locID: 102652566792635073 bcsId: 0} | ret=SUCCESS |  
2019-08-21 02:17:43,429 | INFO  | DNAudit | user=null | ip=null | op=PUT_BLOCK {blockData=[blockId=conID: 3 locID: 102652566792635073 bcsId: 0,size=1048576]} | ret=SUCCESS |  
2019-08-21 02:17:43,430 [grpc-default-executor-1] INFO  client.GrpcClientProtocolClient (GrpcClientProtocolClient.java:onNext(255)) - client-54CC064C3FCE->8224e767-71c1-41fc-a01a-d172d48fd9d8: receive RaftClientReply:client-54CC064C3FCE->8224e767-71c1-41fc-a01a-d172d48fd9d8@group-F6B37CC92441, cid=3614, SUCCESS, logIndex=5458, commits[8224e767-71c1-41fc-a01a-d172d48fd9d8:c5459, 6eae0c21-01aa-4169-956f-5952b26ea7ba:c5457, 8d7dcba1-3b82-4d94-a832-514ef5c79cf8:c5455]
2019-08-21 02:17:43,430 [grpc-default-executor-1] INFO  client.GrpcClientProtocolClient (GrpcClientProtocolClient.java:onNext(255)) - client-54CC064C3FCE->8224e767-71c1-41fc-a01a-d172d48fd9d8: receive RaftClientReply:client-54CC064C3FCE->8224e767-71c1-41fc-a01a-d172d48fd9d8@group-F6B37CC92441, cid=3615, SUCCESS, logIndex=5459, commits[8224e767-71c1-41fc-a01a-d172d48fd9d8:c5459, 6eae0c21-01aa-4169-956f-5952b26ea7ba:c5457, 8d7dcba1-3b82-4d94-a832-514ef5c79cf8:c5455]
2019-08-21 02:17:43,432 | INFO  | DNAudit | user=null | ip=null | op=WRITE_CHUNK {blockData=conID: 3 locID: 102652566792635073 bcsId: 0} | ret=SUCCESS |  
2019-08-21 02:17:43,432 | INFO  | DNAudit | user=null | ip=null | op=WRITE_CHUNK {blockData=conID: 3 locID: 102652566792635073 bcsId: 0} | ret=SUCCESS |  
2019-08-21 02:17:43,432 | INFO  | DNAudit | user=null | ip=null | op=PUT_BLOCK {blockData=[blockId=conID: 3 locID: 102652566792635073 bcsId: 0,size=1048576]} | ret=SUCCESS |  
2019-08-21 02:17:43,432 | INFO  | DNAudit | user=null | ip=null | op=PUT_BLOCK {blockData=[blockId=conID: 3 locID: 102652566792635073 bcsId: 0,size=2097152]} | ret=SUCCESS |  
2019-08-21 02:17:43,433 [grpc-default-executor-2] INFO  client.GrpcClientProtocolClient (GrpcClientProtocolClient.java:onNext(255)) - client-54CC064C3FCE->8224e767-71c1-41fc-a01a-d172d48fd9d8: receive RaftClientReply:client-54CC064C3FCE->8224e767-71c1-41fc-a01a-d172d48fd9d8@group-F6B37CC92441, cid=3616, SUCCESS, logIndex=5460, commits[8224e767-71c1-41fc-a01a-d172d48fd9d8:c5461, 6eae0c21-01aa-4169-956f-5952b26ea7ba:c5459, 8d7dcba1-3b82-4d94-a832-514ef5c79cf8:c5457]
2019-08-21 02:17:43,433 [grpc-default-executor-2] INFO  client.GrpcClientProtocolClient (GrpcClientProtocolClient.java:onNext(255)) - client-54CC064C3FCE->8224e767-71c1-41fc-a01a-d172d48fd9d8: receive RaftClientReply:client-54CC064C3FCE->8224e767-71c1-41fc-a01a-d172d48fd9d8@group-F6B37CC92441, cid=3617, SUCCESS, logIndex=5461, commits[8224e767-71c1-41fc-a01a-d172d48fd9d8:c5461, 6eae0c21-01aa-4169-956f-5952b26ea7ba:c5459, 8d7dcba1-3b82-4d94-a832-514ef5c79cf8:c5457]
2019-08-21 02:17:43,434 | INFO  | DNAudit | user=null | ip=null | op=WRITE_CHUNK {blockData=conID: 3 locID: 102652566792635073 bcsId: 0} | ret=SUCCESS |  
2019-08-21 02:17:43,434 | INFO  | DNAudit | user=null | ip=null | op=PUT_BLOCK {blockData=[blockId=conID: 3 locID: 102652566792635073 bcsId: 0,size=1048576]} | ret=SUCCESS |  
2019-08-21 02:17:43,434 [grpc-default-executor-2] INFO  client.GrpcClientProtocolClient (GrpcClientProtocolClient.java:onNext(255)) - client-54CC064C3FCE->8224e767-71c1-41fc-a01a-d172d48fd9d8: receive RaftClientReply:client-54CC064C3FCE->8224e767-71c1-41fc-a01a-d172d48fd9d8@group-F6B37CC92441, cid=3618, SUCCESS, logIndex=0, commits[8224e767-71c1-41fc-a01a-d172d48fd9d8:c5463, 6eae0c21-01aa-4169-956f-5952b26ea7ba:c5459, 8d7dcba1-3b82-4d94-a832-514ef5c79cf8:c5459]
2019-08-21 02:17:43,435 | INFO  | DNAudit | user=null | ip=null | op=WRITE_CHUNK {blockData=conID: 3 locID: 102652566792635073 bcsId: 0} | ret=SUCCESS |  
2019-08-21 02:17:43,437 | INFO  | DNAudit | user=null | ip=null | op=WRITE_CHUNK {blockData=conID: 3 locID: 102652566792635073 bcsId: 0} | ret=SUCCESS |  
2019-08-21 02:17:43,437 | INFO  | DNAudit | user=null | ip=null | op=PUT_BLOCK {blockData=[blockId=conID: 3 locID: 102652566792635073 bcsId: 0,size=2097152]} | ret=SUCCESS |  
2019-08-21 02:17:43,438 | INFO  | DNAudit | user=null | ip=null | op=PUT_BLOCK {blockData=[blockId=conID: 3 locID: 102652566792635073 bcsId: 0,size=2097152]} | ret=SUCCESS |  
2019-08-21 02:17:43,441 | INFO  | DNAudit | user=null | ip=null | op=WRITE_CHUNK {blockData=conID: 3 locID: 102652566792635073 bcsId: 5461} | ret=SUCCESS |  
2019-08-21 02:17:43,443 | INFO  | DNAudit | user=null | ip=null | op=WRITE_CHUNK {blockData=conID: 3 locID: 102652566792635073 bcsId: 5461} | ret=SUCCESS |  
2019-08-21 02:17:43,443 | INFO  | DNAudit | user=null | ip=null | op=WRITE_CHUNK {blockData=conID: 3 locID: 102652566792635073 bcsId: 5461} | ret=SUCCESS |  
2019-08-21 02:17:43,460 | INFO  | DNAudit | user=null | ip=null | op=WRITE_CHUNK {blockData=conID: 3 locID: 102652566792635073 bcsId: 5461} | ret=SUCCESS |  
2019-08-21 02:17:43,461 | INFO  | DNAudit | user=null | ip=null | op=PUT_BLOCK {blockData=[blockId=conID: 3 locID: 102652566792635073 bcsId: 0,size=3145728]} | ret=SUCCESS |  
2019-08-21 02:17:43,461 [grpc-default-executor-1] INFO  client.GrpcClientProtocolClient (GrpcClientProtocolClient.java:onNext(255)) - client-54CC064C3FCE->8224e767-71c1-41fc-a01a-d172d48fd9d8: receive RaftClientReply:client-54CC064C3FCE->8224e767-71c1-41fc-a01a-d172d48fd9d8@group-F6B37CC92441, cid=3619, SUCCESS, logIndex=5466, commits[8224e767-71c1-41fc-a01a-d172d48fd9d8:c5467, 6eae0c21-01aa-4169-956f-5952b26ea7ba:c5465, 8d7dcba1-3b82-4d94-a832-514ef5c79cf8:c5465]
2019-08-21 02:17:43,461 [grpc-default-executor-1] INFO  client.GrpcClientProtocolClient (GrpcClientProtocolClient.java:onNext(255)) - client-54CC064C3FCE->8224e767-71c1-41fc-a01a-d172d48fd9d8: receive RaftClientReply:client-54CC064C3FCE->8224e767-71c1-41fc-a01a-d172d48fd9d8@group-F6B37CC92441, cid=3620, SUCCESS, logIndex=5467, commits[8224e767-71c1-41fc-a01a-d172d48fd9d8:c5467, 6eae0c21-01aa-4169-956f-5952b26ea7ba:c5465, 8d7dcba1-3b82-4d94-a832-514ef5c79cf8:c5465]
2019-08-21 02:17:43,468 | INFO  | DNAudit | user=null | ip=null | op=WRITE_CHUNK {blockData=conID: 3 locID: 102652566792635073 bcsId: 5467} | ret=SUCCESS |  
2019-08-21 02:17:43,470 | INFO  | DNAudit | user=null | ip=null | op=WRITE_CHUNK {blockData=conID: 3 locID: 102652566792635073 bcsId: 5467} | ret=SUCCESS |  
2019-08-21 02:17:43,471 | INFO  | DNAudit | user=null | ip=null | op=WRITE_CHUNK {blockData=conID: 3 locID: 102652566792635073 bcsId: 5467} | ret=SUCCESS |  
2019-08-21 02:17:43,480 | INFO  | DNAudit | user=null | ip=null | op=WRITE_CHUNK {blockData=conID: 3 locID: 102652566792635073 bcsId: 5461} | ret=SUCCESS |  
2019-08-21 02:17:43,480 | INFO  | DNAudit | user=null | ip=null | op=WRITE_CHUNK {blockData=conID: 3 locID: 102652566792635073 bcsId: 5461} | ret=SUCCESS |  
2019-08-21 02:17:43,483 | INFO  | DNAudit | user=null | ip=null | op=PUT_BLOCK {blockData=[blockId=conID: 3 locID: 102652566792635073 bcsId: 0,size=3145728]} | ret=SUCCESS |  
2019-08-21 02:17:43,483 | INFO  | DNAudit | user=null | ip=null | op=PUT_BLOCK {blockData=[blockId=conID: 3 locID: 102652566792635073 bcsId: 0,size=3145728]} | ret=SUCCESS |  
2019-08-21 02:17:43,484 | INFO  | DNAudit | user=null | ip=null | op=WRITE_CHUNK {blockData=conID: 3 locID: 102652566792635073 bcsId: 5467} | ret=SUCCESS |  
2019-08-21 02:17:43,484 | INFO  | DNAudit | user=null | ip=null | op=PUT_BLOCK {blockData=[blockId=conID: 3 locID: 102652566792635073 bcsId: 0,size=4194304]} | ret=SUCCESS |  
2019-08-21 02:17:43,484 [grpc-default-executor-2] INFO  client.GrpcClientProtocolClient (GrpcClientProtocolClient.java:onNext(255)) - client-54CC064C3FCE->8224e767-71c1-41fc-a01a-d172d48fd9d8: receive RaftClientReply:client-54CC064C3FCE->8224e767-71c1-41fc-a01a-d172d48fd9d8@group-F6B37CC92441, cid=3621, SUCCESS, logIndex=5470, commits[8224e767-71c1-41fc-a01a-d172d48fd9d8:c5471, 6eae0c21-01aa-4169-956f-5952b26ea7ba:c5467, 8d7dcba1-3b82-4d94-a832-514ef5c79cf8:c5467]
2019-08-21 02:17:43,485 [grpc-default-executor-2] INFO  client.GrpcClientProtocolClient (GrpcClientProtocolClient.java:onNext(255)) - client-54CC064C3FCE->8224e767-71c1-41fc-a01a-d172d48fd9d8: receive RaftClientReply:client-54CC064C3FCE->8224e767-71c1-41fc-a01a-d172d48fd9d8@group-F6B37CC92441, cid=3622, SUCCESS, logIndex=5471, commits[8224e767-71c1-41fc-a01a-d172d48fd9d8:c5471, 6eae0c21-01aa-4169-956f-5952b26ea7ba:c5467, 8d7dcba1-3b82-4d94-a832-514ef5c79cf8:c5467]
2019-08-21 02:17:43,495 | INFO  | DNAudit | user=null | ip=null | op=WRITE_CHUNK {blockData=conID: 3 locID: 102652566792635073 bcsId: 5467} | ret=SUCCESS |  
2019-08-21 02:17:43,495 | INFO  | DNAudit | user=null | ip=null | op=WRITE_CHUNK {blockData=conID: 3 locID: 102652566792635073 bcsId: 5467} | ret=SUCCESS |  
2019-08-21 02:17:43,496 | INFO  | DNAudit | user=null | ip=null | op=PUT_BLOCK {blockData=[blockId=conID: 3 locID: 102652566792635073 bcsId: 0,size=4194304]} | ret=SUCCESS |  
2019-08-21 02:17:43,496 | INFO  | DNAudit | user=null | ip=null | op=PUT_BLOCK {blockData=[blockId=conID: 3 locID: 102652566792635073 bcsId: 0,size=4194304]} | ret=SUCCESS |  
2019-08-21 02:17:43,496 [grpc-default-executor-3] INFO  client.GrpcClientProtocolClient (GrpcClientProtocolClient.java:onNext(255)) - client-54CC064C3FCE->8224e767-71c1-41fc-a01a-d172d48fd9d8: receive RaftClientReply:client-54CC064C3FCE->8224e767-71c1-41fc-a01a-d172d48fd9d8@group-F6B37CC92441, cid=3623, SUCCESS, logIndex=0, commits[8224e767-71c1-41fc-a01a-d172d48fd9d8:c5472, 6eae0c21-01aa-4169-956f-5952b26ea7ba:c5471, 8d7dcba1-3b82-4d94-a832-514ef5c79cf8:c5471]
2019-08-21 02:17:43,504 | INFO  | SCMAudit | user=jenkins1000 | ip=192.168.34.10 | op=ALLOCATE_BLOCK {owner=b6f66289-f2a0-4058-b052-0a85e40df67b, size=4194304, type=RATIS, factor=THREE} | ret=SUCCESS |  
2019-08-21 02:17:43,510 | INFO  | OMAudit | user=jenkins1000 | ip=127.0.0.1 | op=ALLOCATE_BLOCK {volume=vol-0-90982, bucket=bucket-0-24269, key=key-0-81262, dataSize=0, replicationType=null, replicationFactor=null, keyLocationInfo=null, clientID=102652564580991378} | ret=SUCCESS |  
2019-08-21 02:17:43,517 | INFO  | DNAudit | user=null | ip=null | op=WRITE_CHUNK {blockData=conID: 1 locID: 102652566798598850 bcsId: 0} | ret=SUCCESS |  
2019-08-21 02:17:43,519 | INFO  | DNAudit | user=null | ip=null | op=WRITE_CHUNK {blockData=conID: 1 locID: 102652566798598850 bcsId: 0} | ret=SUCCESS |  
2019-08-21 02:17:43,520 | INFO  | DNAudit | user=null | ip=null | op=WRITE_CHUNK {blockData=conID: 1 locID: 102652566798598850 bcsId: 0} | ret=SUCCESS |  
2019-08-21 02:17:43,521 | INFO  | DNAudit | user=null | ip=null | op=WRITE_CHUNK {blockData=conID: 1 locID: 102652566798598850 bcsId: 0} | ret=SUCCESS |  
2019-08-21 02:17:43,522 | INFO  | DNAudit | user=null | ip=null | op=WRITE_CHUNK {blockData=conID: 1 locID: 102652566798598850 bcsId: 0} | ret=SUCCESS |  
2019-08-21 02:17:43,523 | INFO  | DNAudit | user=null | ip=null | op=WRITE_CHUNK {blockData=conID: 1 locID: 102652566798598850 bcsId: 0} | ret=SUCCESS |  
2019-08-21 02:17:43,534 | INFO  | DNAudit | user=null | ip=null | op=WRITE_CHUNK {blockData=conID: 1 locID: 102652566798598850 bcsId: 0} | ret=SUCCESS |  
2019-08-21 02:17:43,534 | INFO  | DNAudit | user=null | ip=null | op=PUT_BLOCK {blockData=[blockId=conID: 1 locID: 102652566798598850 bcsId: 0,size=1048576]} | ret=SUCCESS |  
2019-08-21 02:17:43,534 [grpc-default-executor-2] INFO  client.GrpcClientProtocolClient (GrpcClientProtocolClient.java:onNext(255)) - client-54CC064C3FCE->8224e767-71c1-41fc-a01a-d172d48fd9d8: receive RaftClientReply:client-54CC064C3FCE->8224e767-71c1-41fc-a01a-d172d48fd9d8@group-F6B37CC92441, cid=3624, SUCCESS, logIndex=5474, commits[8224e767-71c1-41fc-a01a-d172d48fd9d8:c5475, 6eae0c21-01aa-4169-956f-5952b26ea7ba:c5473, 8d7dcba1-3b82-4d94-a832-514ef5c79cf8:c5473]
2019-08-21 02:17:43,535 [grpc-default-executor-2] INFO  client.GrpcClientProtocolClient (GrpcClientProtocolClient.java:onNext(255)) - client-54CC064C3FCE->8224e767-71c1-41fc-a01a-d172d48fd9d8: receive RaftClientReply:client-54CC064C3FCE->8224e767-71c1-41fc-a01a-d172d48fd9d8@group-F6B37CC92441, cid=3625, SUCCESS, logIndex=5475, commits[8224e767-71c1-41fc-a01a-d172d48fd9d8:c5475, 6eae0c21-01aa-4169-956f-5952b26ea7ba:c5473, 8d7dcba1-3b82-4d94-a832-514ef5c79cf8:c5473]
2019-08-21 02:17:43,731 | INFO  | DNAudit | user=null | ip=null | op=WRITE_CHUNK {blockData=conID: 1 locID: 102652566798598850 bcsId: 0} | ret=SUCCESS |  
2019-08-21 02:17:43,732 | INFO  | DNAudit | user=null | ip=null | op=PUT_BLOCK {blockData=[blockId=conID: 1 locID: 102652566798598850 bcsId: 0,size=2097152]} | ret=SUCCESS |  
2019-08-21 02:17:43,732 [grpc-default-executor-1] INFO  client.GrpcClientProtocolClient (GrpcClientProtocolClient.java:onNext(255)) - client-54CC064C3FCE->8224e767-71c1-41fc-a01a-d172d48fd9d8: receive RaftClientReply:client-54CC064C3FCE->8224e767-71c1-41fc-a01a-d172d48fd9d8@group-F6B37CC92441, cid=3626, SUCCESS, logIndex=5476, commits[8224e767-71c1-41fc-a01a-d172d48fd9d8:c5477, 6eae0c21-01aa-4169-956f-5952b26ea7ba:c5473, 8d7dcba1-3b82-4d94-a832-514ef5c79cf8:c5473]
2019-08-21 02:17:43,733 [grpc-default-executor-1] INFO  client.GrpcClientProtocolClient (GrpcClientProtocolClient.java:onNext(255)) - client-54CC064C3FCE->8224e767-71c1-41fc-a01a-d172d48fd9d8: receive RaftClientReply:client-54CC064C3FCE->8224e767-71c1-41fc-a01a-d172d48fd9d8@group-F6B37CC92441, cid=3627, SUCCESS, logIndex=5477, commits[8224e767-71c1-41fc-a01a-d172d48fd9d8:c5477, 6eae0c21-01aa-4169-956f-5952b26ea7ba:c5473, 8d7dcba1-3b82-4d94-a832-514ef5c79cf8:c5473]
 0.00% |█                                                                                                    |  0/1 Time: 0:00:342019-08-21 02:17:43,995 | INFO  | SCMAudit | user=jenkins1000 | ip=192.168.34.10 | op=SEND_HEARTBEAT {datanodeUUID=3def7c30-cb13-4f41-8119-6188f246ad27, command=[]} | ret=SUCCESS |  
2019-08-21 02:17:43,995 | INFO  | SCMAudit | user=jenkins1000 | ip=192.168.34.10 | op=SEND_HEARTBEAT {datanodeUUID=6eae0c21-01aa-4169-956f-5952b26ea7ba, command=[]} | ret=SUCCESS |  
2019-08-21 02:17:43,995 | INFO  | SCMAudit | user=jenkins1000 | ip=192.168.34.10 | op=SEND_HEARTBEAT {datanodeUUID=94764dae-819c-4b7e-92f1-9cd6c64427b7, command=[]} | ret=SUCCESS |  
2019-08-21 02:17:43,995 | INFO  | SCMAudit | user=jenkins1000 | ip=192.168.34.10 | op=SEND_HEARTBEAT {datanodeUUID=8224e767-71c1-41fc-a01a-d172d48fd9d8, command=[]} | ret=SUCCESS |  
2019-08-21 02:17:43,995 | INFO  | SCMAudit | user=jenkins1000 | ip=192.168.34.10 | op=SEND_HEARTBEAT {datanodeUUID=8d7dcba1-3b82-4d94-a832-514ef5c79cf8, command=[]} | ret=SUCCESS |  
 0.00% |█                                                                                                    |  0/1 Time: 0:00:352019-08-21 02:17:44,999 | INFO  | SCMAudit | user=jenkins1000 | ip=192.168.34.10 | op=SEND_HEARTBEAT {datanodeUUID=8224e767-71c1-41fc-a01a-d172d48fd9d8, command=[]} | ret=SUCCESS |  
2019-08-21 02:17:44,999 | INFO  | SCMAudit | user=jenkins1000 | ip=192.168.34.10 | op=SEND_HEARTBEAT {datanodeUUID=94764dae-819c-4b7e-92f1-9cd6c64427b7, command=[]} | ret=SUCCESS |  
2019-08-21 02:17:45,000 | INFO  | SCMAudit | user=jenkins1000 | ip=192.168.34.10 | op=SEND_HEARTBEAT {datanodeUUID=3def7c30-cb13-4f41-8119-6188f246ad27, command=[]} | ret=SUCCESS |  
2019-08-21 02:17:45,000 | INFO  | SCMAudit | user=jenkins1000 | ip=192.168.34.10 | op=SEND_HEARTBEAT {datanodeUUID=6eae0c21-01aa-4169-956f-5952b26ea7ba, command=[]} | ret=SUCCESS |  
2019-08-21 02:17:45,000 | INFO  | SCMAudit | user=jenkins1000 | ip=192.168.34.10 | op=SEND_HEARTBEAT {datanodeUUID=8d7dcba1-3b82-4d94-a832-514ef5c79cf8, command=[]} | ret=SUCCESS |  
 0.00% |█                                                                                                    |  0/1 Time: 0:00:362019-08-21 02:17:45,999 | INFO  | SCMAudit | user=jenkins1000 | ip=192.168.34.10 | op=SEND_HEARTBEAT {datanodeUUID=8224e767-71c1-41fc-a01a-d172d48fd9d8, command=[]} | ret=SUCCESS |  
2019-08-21 02:17:45,999 | INFO  | SCMAudit | user=jenkins1000 | ip=192.168.34.10 | op=SEND_HEARTBEAT {datanodeUUID=94764dae-819c-4b7e-92f1-9cd6c64427b7, command=[]} | ret=SUCCESS |  
2019-08-21 02:17:45,999 | INFO  | SCMAudit | user=jenkins1000 | ip=192.168.34.10 | op=SEND_HEARTBEAT {datanodeUUID=6eae0c21-01aa-4169-956f-5952b26ea7ba, command=[]} | ret=SUCCESS |  
2019-08-21 02:17:46,000 | INFO  | SCMAudit | user=jenkins1000 | ip=192.168.34.10 | op=SEND_HEARTBEAT {datanodeUUID=3def7c30-cb13-4f41-8119-6188f246ad27, command=[]} | ret=SUCCESS |  
2019-08-21 02:17:46,000 | INFO  | SCMAudit | user=jenkins1000 | ip=192.168.34.10 | op=SEND_HEARTBEAT {datanodeUUID=8d7dcba1-3b82-4d94-a832-514ef5c79cf8, command=[]} | ret=SUCCESS |  
2019-08-21 02:17:46,234 | INFO  | DNAudit | user=null | ip=null | op=WRITE_CHUNK {blockData=conID: 1 locID: 102652566798598850 bcsId: 0} | ret=SUCCESS |  
2019-08-21 02:17:46,234 | INFO  | DNAudit | user=null | ip=null | op=WRITE_CHUNK {blockData=conID: 1 locID: 102652566798598850 bcsId: 0} | ret=SUCCESS |  
2019-08-21 02:17:46,234 | INFO  | DNAudit | user=null | ip=null | op=PUT_BLOCK {blockData=[blockId=conID: 1 locID: 102652566798598850 bcsId: 0,size=1048576]} | ret=SUCCESS |  
2019-08-21 02:17:46,234 | INFO  | DNAudit | user=null | ip=null | op=PUT_BLOCK {blockData=[blockId=conID: 1 locID: 102652566798598850 bcsId: 0,size=1048576]} | ret=SUCCESS |  
2019-08-21 02:17:46,235 | INFO  | DNAudit | user=null | ip=null | op=WRITE_CHUNK {blockData=conID: 1 locID: 102652566798598850 bcsId: 0} | ret=SUCCESS |  
2019-08-21 02:17:46,235 | INFO  | DNAudit | user=null | ip=null | op=WRITE_CHUNK {blockData=conID: 1 locID: 102652566798598850 bcsId: 0} | ret=SUCCESS |  
2019-08-21 02:17:46,235 | INFO  | DNAudit | user=null | ip=null | op=PUT_BLOCK {blockData=[blockId=conID: 1 locID: 102652566798598850 bcsId: 0,size=2097152]} | ret=SUCCESS |  
2019-08-21 02:17:46,235 | INFO  | DNAudit | user=null | ip=null | op=PUT_BLOCK {blockData=[blockId=conID: 1 locID: 102652566798598850 bcsId: 0,size=2097152]} | ret=SUCCESS |  
2019-08-21 02:17:46,534 [java.util.concurrent.ThreadPoolExecutor$Worker@33f267bb[State = -1, empty queue]] WARN  server.GrpcLogAppender (GrpcLogAppender.java:timeoutAppendRequest(200)) - GrpcLogAppender(8224e767-71c1-41fc-a01a-d172d48fd9d8->8d7dcba1-3b82-4d94-a832-514ef5c79cf8): appendEntries Timeout, request=8224e767-71c1-41fc-a01a-d172d48fd9d8->8d7dcba1-3b82-4d94-a832-514ef5c79cf8#5485-t2, previous=(t:2, i:5477), leaderCommit=5474, initializing? false, entries: size=1, first=(t:2, i:5478), METADATAENTRY(c5474)
2019-08-21 02:17:46,534 [java.util.concurrent.ThreadPoolExecutor$Worker@78cf0ffd[State = -1, empty queue]] WARN  server.GrpcLogAppender (GrpcLogAppender.java:timeoutAppendRequest(200)) - GrpcLogAppender(8224e767-71c1-41fc-a01a-d172d48fd9d8->6eae0c21-01aa-4169-956f-5952b26ea7ba): appendEntries Timeout, request=8224e767-71c1-41fc-a01a-d172d48fd9d8->6eae0c21-01aa-4169-956f-5952b26ea7ba#5485-t2, previous=(t:2, i:5477), leaderCommit=5474, initializing? false, entries: size=1, first=(t:2, i:5478), METADATAENTRY(c5474)
2019-08-21 02:17:46,538 [java.util.concurrent.ThreadPoolExecutor$Worker@78cf0ffd[State = -1, empty queue]] WARN  server.GrpcLogAppender (GrpcLogAppender.java:timeoutAppendRequest(200)) - GrpcLogAppender(8224e767-71c1-41fc-a01a-d172d48fd9d8->6eae0c21-01aa-4169-956f-5952b26ea7ba): appendEntries Timeout, request=8224e767-71c1-41fc-a01a-d172d48fd9d8->6eae0c21-01aa-4169-956f-5952b26ea7ba#5486-t2, previous=(t:2, i:5478), leaderCommit=5475, initializing? false, entries: size=1, first=(t:2, i:5479), METADATAENTRY(c5475)
2019-08-21 02:17:46,538 [java.util.concurrent.ThreadPoolExecutor$Worker@33f267bb[State = -1, empty queue]] WARN  server.GrpcLogAppender (GrpcLogAppender.java:timeoutAppendRequest(200)) - GrpcLogAppender(8224e767-71c1-41fc-a01a-d172d48fd9d8->8d7dcba1-3b82-4d94-a832-514ef5c79cf8): appendEntries Timeout, request=8224e767-71c1-41fc-a01a-d172d48fd9d8->8d7dcba1-3b82-4d94-a832-514ef5c79cf8#5486-t2, previous=(t:2, i:5478), leaderCommit=5475, initializing? false, entries: size=1, first=(t:2, i:5479), METADATAENTRY(c5475)
2019-08-21 02:17:46,731 [java.util.concurrent.ThreadPoolExecutor$Worker@78cf0ffd[State = -1, empty queue]] WARN  server.GrpcLogAppender (GrpcLogAppender.java:timeoutAppendRequest(200)) - GrpcLogAppender(8224e767-71c1-41fc-a01a-d172d48fd9d8->6eae0c21-01aa-4169-956f-5952b26ea7ba): appendEntries Timeout, request=8224e767-71c1-41fc-a01a-d172d48fd9d8->6eae0c21-01aa-4169-956f-5952b26ea7ba#5487-t2, previous=(t:2, i:5479), leaderCommit=5476, initializing? false, entries: size=1, first=(t:2, i:5480), METADATAENTRY(c5476)
2019-08-21 02:17:46,731 [java.util.concurrent.ThreadPoolExecutor$Worker@33f267bb[State = -1, empty queue]] WARN  server.GrpcLogAppender (GrpcLogAppender.java:timeoutAppendRequest(200)) - GrpcLogAppender(8224e767-71c1-41fc-a01a-d172d48fd9d8->8d7dcba1-3b82-4d94-a832-514ef5c79cf8): appendEntries Timeout, request=8224e767-71c1-41fc-a01a-d172d48fd9d8->8d7dcba1-3b82-4d94-a832-514ef5c79cf8#5487-t2, previous=(t:2, i:5479), leaderCommit=5476, initializing? false, entries: size=1, first=(t:2, i:5480), METADATAENTRY(c5476)
2019-08-21 02:17:46,736 [java.util.concurrent.ThreadPoolExecutor$Worker@78cf0ffd[State = -1, empty queue]] WARN  server.GrpcLogAppender (GrpcLogAppender.java:timeoutAppendRequest(200)) - GrpcLogAppender(8224e767-71c1-41fc-a01a-d172d48fd9d8->6eae0c21-01aa-4169-956f-5952b26ea7ba): appendEntries Timeout, request=8224e767-71c1-41fc-a01a-d172d48fd9d8->6eae0c21-01aa-4169-956f-5952b26ea7ba#5488-t2, previous=(t:2, i:5480), leaderCommit=5477, initializing? false, entries: size=1, first=(t:2, i:5481), METADATAENTRY(c5477)
2019-08-21 02:17:46,738 [java.util.concurrent.ThreadPoolExecutor$Worker@33f267bb[State = -1, empty queue]] WARN  server.GrpcLogAppender (GrpcLogAppender.java:timeoutAppendRequest(200)) - GrpcLogAppender(8224e767-71c1-41fc-a01a-d172d48fd9d8->8d7dcba1-3b82-4d94-a832-514ef5c79cf8): appendEntries Timeout, request=8224e767-71c1-41fc-a01a-d172d48fd9d8->8d7dcba1-3b82-4d94-a832-514ef5c79cf8#5488-t2, previous=(t:2, i:5480), leaderCommit=5477, initializing? false, entries: size=1, first=(t:2, i:5481), METADATAENTRY(c5477)
2019-08-21 02:17:46,999 | INFO  | SCMAudit | user=jenkins1000 | ip=192.168.34.10 | op=SEND_HEARTBEAT {datanodeUUID=8224e767-71c1-41fc-a01a-d172d48fd9d8, command=[]} | ret=SUCCESS |  
 0.00% |█                                                                                                    |  0/1 Time: 0:00:372019-08-21 02:17:46,999 | INFO  | SCMAudit | user=jenkins1000 | ip=192.168.34.10 | op=SEND_HEARTBEAT {datanodeUUID=6eae0c21-01aa-4169-956f-5952b26ea7ba, command=[]} | ret=SUCCESS |  
2019-08-21 02:17:46,999 | INFO  | SCMAudit | user=jenkins1000 | ip=192.168.34.10 | op=SEND_HEARTBEAT {datanodeUUID=3def7c30-cb13-4f41-8119-6188f246ad27, command=[]} | ret=SUCCESS |  
2019-08-21 02:17:47,000 | INFO  | SCMAudit | user=jenkins1000 | ip=192.168.34.10 | op=SEND_HEARTBEAT {datanodeUUID=94764dae-819c-4b7e-92f1-9cd6c64427b7, command=[]} | ret=SUCCESS |  
2019-08-21 02:17:47,001 | INFO  | SCMAudit | user=jenkins1000 | ip=192.168.34.10 | op=SEND_HEARTBEAT {datanodeUUID=8d7dcba1-3b82-4d94-a832-514ef5c79cf8, command=[]} | ret=SUCCESS |  
2019-08-21 02:17:47,999 | INFO  | SCMAudit | user=jenkins1000 | ip=192.168.34.10 | op=SEND_HEARTBEAT {datanodeUUID=94764dae-819c-4b7e-92f1-9cd6c64427b7, command=[]} | ret=SUCCESS |  
2019-08-21 02:17:47,999 | INFO  | SCMAudit | user=jenkins1000 | ip=192.168.34.10 | op=SEND_HEARTBEAT {datanodeUUID=6eae0c21-01aa-4169-956f-5952b26ea7ba, command=[]} | ret=SUCCESS |  
2019-08-21 02:17:47,999 | INFO  | SCMAudit | user=jenkins1000 | ip=192.168.34.10 | op=SEND_HEARTBEAT {datanodeUUID=3def7c30-cb13-4f41-8119-6188f246ad27, command=[]} | ret=SUCCESS |  
2019-08-21 02:17:48,000 | INFO  | SCMAudit | user=jenkins1000 | ip=192.168.34.10 | op=SEND_HEARTBEAT {datanodeUUID=8224e767-71c1-41fc-a01a-d172d48fd9d8, command=[]} | ret=SUCCESS |  
 0.00% |█                                                                                                    |  0/1 Time: 0:00:382019-08-21 02:17:48,001 | INFO  | SCMAudit | user=jenkins1000 | ip=192.168.34.10 | op=SEND_HEARTBEAT {datanodeUUID=8d7dcba1-3b82-4d94-a832-514ef5c79cf8, command=[]} | ret=SUCCESS |  
2019-08-21 02:17:48,735 [pool-282-thread-1] WARN  scm.XceiverClientRatis (XceiverClientRatis.java:watchForCommit(262)) - 3 way commit failed on pipeline Pipeline[ Id: da9e8459-bb83-4176-a1fe-f6b37cc92441, Nodes: 8224e767-71c1-41fc-a01a-d172d48fd9d8{ip: 192.168.34.10, host: pr-hdds-1927-qfsst-2448355857, networkLocation: /default-rack, certSerialId: null}6eae0c21-01aa-4169-956f-5952b26ea7ba{ip: 192.168.34.10, host: pr-hdds-1927-qfsst-2448355857, networkLocation: /default-rack, certSerialId: null}8d7dcba1-3b82-4d94-a832-514ef5c79cf8{ip: 192.168.34.10, host: pr-hdds-1927-qfsst-2448355857, networkLocation: /default-rack, certSerialId: null}, Type:RATIS, Factor:THREE, State:OPEN]
java.util.concurrent.TimeoutException
	at java.util.concurrent.CompletableFuture.timedGet(CompletableFuture.java:1771)
	at java.util.concurrent.CompletableFuture.get(CompletableFuture.java:1915)
	at org.apache.hadoop.hdds.scm.XceiverClientRatis.watchForCommit(XceiverClientRatis.java:259)
	at org.apache.hadoop.hdds.scm.storage.CommitWatcher.watchForCommit(CommitWatcher.java:194)
	at org.apache.hadoop.hdds.scm.storage.CommitWatcher.watchOnFirstIndex(CommitWatcher.java:135)
	at org.apache.hadoop.hdds.scm.storage.BlockOutputStream.watchForCommit(BlockOutputStream.java:347)
	at org.apache.hadoop.hdds.scm.storage.BlockOutputStream.handleFullBuffer(BlockOutputStream.java:324)
	at org.apache.hadoop.hdds.scm.storage.BlockOutputStream.write(BlockOutputStream.java:251)
	at org.apache.hadoop.ozone.client.io.BlockOutputStreamEntry.write(BlockOutputStreamEntry.java:129)
	at org.apache.hadoop.ozone.client.io.KeyOutputStream.handleWrite(KeyOutputStream.java:211)
	at org.apache.hadoop.ozone.client.io.KeyOutputStream.write(KeyOutputStream.java:193)
	at org.apache.hadoop.ozone.client.io.OzoneOutputStream.write(OzoneOutputStream.java:49)
	at org.apache.hadoop.ozone.freon.RandomKeyGenerator.createKey(RandomKeyGenerator.java:699)
	at org.apache.hadoop.ozone.freon.RandomKeyGenerator.access$1100(RandomKeyGenerator.java:87)
	at org.apache.hadoop.ozone.freon.RandomKeyGenerator$ObjectCreator.run(RandomKeyGenerator.java:606)
	at java.util.concurrent.Executors$RunnableAdapter.call(Executors.java:511)
	at java.util.concurrent.FutureTask.run(FutureTask.java:266)
	at java.util.concurrent.ThreadPoolExecutor.runWorker(ThreadPoolExecutor.java:1149)
	at java.util.concurrent.ThreadPoolExecutor$Worker.run(ThreadPoolExecutor.java:624)
	at java.lang.Thread.run(Thread.java:748)
2019-08-21 02:17:48,905 [grpc-default-executor-1] WARN  server.GrpcLogAppender (GrpcLogAppender.java:onNextImpl(250)) - org.apache.ratis.grpc.server.GrpcLogAppender$AppendLogResponseHandler@1fdf65d0: Request not found, ignoring reply: 8224e767-71c1-41fc-a01a-d172d48fd9d8<-6eae0c21-01aa-4169-956f-5952b26ea7ba#5485:OK,SUCCESS,nextIndex:5479,term:2,followerCommit:5477
2019-08-21 02:17:48,908 [grpc-default-executor-0] WARN  server.GrpcLogAppender (GrpcLogAppender.java:onNextImpl(250)) - org.apache.ratis.grpc.server.GrpcLogAppender$AppendLogResponseHandler@591fe4b1: Request not found, ignoring reply: 8224e767-71c1-41fc-a01a-d172d48fd9d8<-8d7dcba1-3b82-4d94-a832-514ef5c79cf8#5485:OK,SUCCESS,nextIndex:5479,term:2,followerCommit:5477
2019-08-21 02:17:48,910 [grpc-default-executor-1] WARN  server.GrpcLogAppender (GrpcLogAppender.java:onNextImpl(250)) - org.apache.ratis.grpc.server.GrpcLogAppender$AppendLogResponseHandler@1fdf65d0: Request not found, ignoring reply: 8224e767-71c1-41fc-a01a-d172d48fd9d8<-6eae0c21-01aa-4169-956f-5952b26ea7ba#5486:OK,SUCCESS,nextIndex:5480,term:2,followerCommit:5477
2019-08-21 02:17:48,910 [grpc-default-executor-0] WARN  server.GrpcLogAppender (GrpcLogAppender.java:onNextImpl(250)) - org.apache.ratis.grpc.server.GrpcLogAppender$AppendLogResponseHandler@591fe4b1: Request not found, ignoring reply: 8224e767-71c1-41fc-a01a-d172d48fd9d8<-8d7dcba1-3b82-4d94-a832-514ef5c79cf8#5486:OK,SUCCESS,nextIndex:5480,term:2,followerCommit:5477
 0.00% |█                                                                                                    |  0/1 Time: 0:00:392019-08-21 02:17:49,000 | INFO  | SCMAudit | user=jenkins1000 | ip=192.168.34.10 | op=SEND_HEARTBEAT {datanodeUUID=6eae0c21-01aa-4169-956f-5952b26ea7ba, command=[]} | ret=SUCCESS |  
2019-08-21 02:17:49,000 | INFO  | SCMAudit | user=jenkins1000 | ip=192.168.34.10 | op=SEND_HEARTBEAT {datanodeUUID=8224e767-71c1-41fc-a01a-d172d48fd9d8, command=[]} | ret=SUCCESS |  
2019-08-21 02:17:49,000 | INFO  | SCMAudit | user=jenkins1000 | ip=192.168.34.10 | op=SEND_HEARTBEAT {datanodeUUID=3def7c30-cb13-4f41-8119-6188f246ad27, command=[]} | ret=SUCCESS |  
2019-08-21 02:17:49,000 | INFO  | SCMAudit | user=jenkins1000 | ip=192.168.34.10 | op=SEND_HEARTBEAT {datanodeUUID=94764dae-819c-4b7e-92f1-9cd6c64427b7, command=[]} | ret=SUCCESS |  
2019-08-21 02:17:49,001 | INFO  | SCMAudit | user=jenkins1000 | ip=192.168.34.10 | op=SEND_HEARTBEAT {datanodeUUID=8d7dcba1-3b82-4d94-a832-514ef5c79cf8, command=[]} | ret=SUCCESS |  
2019-08-21 02:17:49,232 [java.util.concurrent.ThreadPoolExecutor$Worker@78cf0ffd[State = -1, empty queue]] WARN  server.GrpcLogAppender (GrpcLogAppender.java:timeoutAppendRequest(200)) - GrpcLogAppender(8224e767-71c1-41fc-a01a-d172d48fd9d8->6eae0c21-01aa-4169-956f-5952b26ea7ba): appendEntries Timeout, request=8224e767-71c1-41fc-a01a-d172d48fd9d8->6eae0c21-01aa-4169-956f-5952b26ea7ba#5489-t2, previous=(t:2, i:5481), leaderCommit=5477, initializing? false, entries: <empty>
2019-08-21 02:17:49,232 [java.util.concurrent.ThreadPoolExecutor$Worker@33f267bb[State = -1, empty queue]] WARN  server.GrpcLogAppender (GrpcLogAppender.java:timeoutAppendRequest(200)) - GrpcLogAppender(8224e767-71c1-41fc-a01a-d172d48fd9d8->8d7dcba1-3b82-4d94-a832-514ef5c79cf8): appendEntries Timeout, request=8224e767-71c1-41fc-a01a-d172d48fd9d8->8d7dcba1-3b82-4d94-a832-514ef5c79cf8#5489-t2, previous=(t:2, i:5481), leaderCommit=5477, initializing? false, entries: <empty>
2019-08-21 02:17:50,000 | INFO  | SCMAudit | user=jenkins1000 | ip=192.168.34.10 | op=SEND_HEARTBEAT {datanodeUUID=94764dae-819c-4b7e-92f1-9cd6c64427b7, command=[]} | ret=SUCCESS |  
2019-08-21 02:17:50,000 | INFO  | SCMAudit | user=jenkins1000 | ip=192.168.34.10 | op=SEND_HEARTBEAT {datanodeUUID=8224e767-71c1-41fc-a01a-d172d48fd9d8, command=[]} | ret=SUCCESS |  
2019-08-21 02:17:50,000 | INFO  | SCMAudit | user=jenkins1000 | ip=192.168.34.10 | op=SEND_HEARTBEAT {datanodeUUID=6eae0c21-01aa-4169-956f-5952b26ea7ba, command=[]} | ret=SUCCESS |  
2019-08-21 02:17:50,000 | INFO  | SCMAudit | user=jenkins1000 | ip=192.168.34.10 | op=SEND_HEARTBEAT {datanodeUUID=3def7c30-cb13-4f41-8119-6188f246ad27, command=[]} | ret=SUCCESS |  
 0.00% |█                                                                                                    |  0/1 Time: 0:00:402019-08-21 02:17:50,001 | INFO  | SCMAudit | user=jenkins1000 | ip=192.168.34.10 | op=SEND_HEARTBEAT {datanodeUUID=8d7dcba1-3b82-4d94-a832-514ef5c79cf8, command=[]} | ret=SUCCESS |  
2019-08-21 02:17:50,999 | INFO  | SCMAudit | user=jenkins1000 | ip=192.168.34.10 | op=SEND_HEARTBEAT {datanodeUUID=94764dae-819c-4b7e-92f1-9cd6c64427b7, command=[]} | ret=SUCCESS |  
2019-08-21 02:17:50,999 | INFO  | SCMAudit | user=jenkins1000 | ip=192.168.34.10 | op=SEND_HEARTBEAT {datanodeUUID=8224e767-71c1-41fc-a01a-d172d48fd9d8, command=[]} | ret=SUCCESS |  
2019-08-21 02:17:51,000 | INFO  | SCMAudit | user=jenkins1000 | ip=192.168.34.10 | op=SEND_HEARTBEAT {datanodeUUID=3def7c30-cb13-4f41-8119-6188f246ad27, command=[]} | ret=SUCCESS |  
2019-08-21 02:17:51,000 | INFO  | SCMAudit | user=jenkins1000 | ip=192.168.34.10 | op=SEND_HEARTBEAT {datanodeUUID=6eae0c21-01aa-4169-956f-5952b26ea7ba, command=[]} | ret=SUCCESS |  
 0.00% |█                                                                                                    |  0/1 Time: 0:00:412019-08-21 02:17:51,001 | INFO  | SCMAudit | user=jenkins1000 | ip=192.168.34.10 | op=SEND_HEARTBEAT {datanodeUUID=8d7dcba1-3b82-4d94-a832-514ef5c79cf8, command=[]} | ret=SUCCESS |  
2019-08-21 02:17:51,732 [java.util.concurrent.ThreadPoolExecutor$Worker@33f267bb[State = -1, empty queue]] WARN  server.GrpcLogAppender (GrpcLogAppender.java:timeoutAppendRequest(200)) - GrpcLogAppender(8224e767-71c1-41fc-a01a-d172d48fd9d8->8d7dcba1-3b82-4d94-a832-514ef5c79cf8): appendEntries Timeout, request=8224e767-71c1-41fc-a01a-d172d48fd9d8->8d7dcba1-3b82-4d94-a832-514ef5c79cf8#5490-t2, previous=(t:2, i:5481), leaderCommit=5477, initializing? false, entries: <empty>
2019-08-21 02:17:51,732 [java.util.concurrent.ThreadPoolExecutor$Worker@78cf0ffd[State = -1, empty queue]] WARN  server.GrpcLogAppender (GrpcLogAppender.java:timeoutAppendRequest(200)) - GrpcLogAppender(8224e767-71c1-41fc-a01a-d172d48fd9d8->6eae0c21-01aa-4169-956f-5952b26ea7ba): appendEntries Timeout, request=8224e767-71c1-41fc-a01a-d172d48fd9d8->6eae0c21-01aa-4169-956f-5952b26ea7ba#5490-t2, previous=(t:2, i:5481), leaderCommit=5477, initializing? false, entries: <empty>
2019-08-21 02:17:52,000 | INFO  | SCMAudit | user=jenkins1000 | ip=192.168.34.10 | op=SEND_HEARTBEAT {datanodeUUID=8224e767-71c1-41fc-a01a-d172d48fd9d8, command=[]} | ret=SUCCESS |  
2019-08-21 02:17:52,000 | INFO  | SCMAudit | user=jenkins1000 | ip=192.168.34.10 | op=SEND_HEARTBEAT {datanodeUUID=94764dae-819c-4b7e-92f1-9cd6c64427b7, command=[]} | ret=SUCCESS |  
2019-08-21 02:17:52,000 | INFO  | SCMAudit | user=jenkins1000 | ip=192.168.34.10 | op=SEND_HEARTBEAT {datanodeUUID=3def7c30-cb13-4f41-8119-6188f246ad27, command=[]} | ret=SUCCESS |  
2019-08-21 02:17:52,000 | INFO  | SCMAudit | user=jenkins1000 | ip=192.168.34.10 | op=SEND_HEARTBEAT {datanodeUUID=6eae0c21-01aa-4169-956f-5952b26ea7ba, command=[]} | ret=SUCCESS |  
2019-08-21 02:17:52,001 | INFO  | SCMAudit | user=jenkins1000 | ip=192.168.34.10 | op=SEND_HEARTBEAT {datanodeUUID=8d7dcba1-3b82-4d94-a832-514ef5c79cf8, command=[]} | ret=SUCCESS |  
 0.00% |█                                                                                                    |  0/1 Time: 0:00:422019-08-21 02:17:53,000 | INFO  | SCMAudit | user=jenkins1000 | ip=192.168.34.10 | op=SEND_HEARTBEAT {datanodeUUID=94764dae-819c-4b7e-92f1-9cd6c64427b7, command=[]} | ret=SUCCESS |  
2019-08-21 02:17:53,000 | INFO  | SCMAudit | user=jenkins1000 | ip=192.168.34.10 | op=SEND_HEARTBEAT {datanodeUUID=8224e767-71c1-41fc-a01a-d172d48fd9d8, command=[]} | ret=SUCCESS |  
2019-08-21 02:17:53,000 | INFO  | SCMAudit | user=jenkins1000 | ip=192.168.34.10 | op=SEND_HEARTBEAT {datanodeUUID=3def7c30-cb13-4f41-8119-6188f246ad27, command=[]} | ret=SUCCESS |  
2019-08-21 02:17:53,000 | INFO  | SCMAudit | user=jenkins1000 | ip=192.168.34.10 | op=SEND_HEARTBEAT {datanodeUUID=6eae0c21-01aa-4169-956f-5952b26ea7ba, command=[]} | ret=SUCCESS |  
 0.00% |█                                                                                                    |  0/1 Time: 0:00:432019-08-21 02:17:53,002 | INFO  | SCMAudit | user=jenkins1000 | ip=192.168.34.10 | op=SEND_HEARTBEAT {datanodeUUID=8d7dcba1-3b82-4d94-a832-514ef5c79cf8, command=[]} | ret=SUCCESS |  
2019-08-21 02:17:53,742 [pool-282-thread-1] WARN  storage.CommitWatcher (CommitWatcher.java:watchForCommit(203)) - watchForCommit failed for index 5475
java.util.concurrent.TimeoutException
	at java.util.concurrent.CompletableFuture.timedGet(CompletableFuture.java:1771)
	at java.util.concurrent.CompletableFuture.get(CompletableFuture.java:1915)
	at org.apache.hadoop.hdds.scm.XceiverClientRatis.watchForCommit(XceiverClientRatis.java:268)
	at org.apache.hadoop.hdds.scm.storage.CommitWatcher.watchForCommit(CommitWatcher.java:194)
	at org.apache.hadoop.hdds.scm.storage.CommitWatcher.watchOnFirstIndex(CommitWatcher.java:135)
	at org.apache.hadoop.hdds.scm.storage.BlockOutputStream.watchForCommit(BlockOutputStream.java:347)
	at org.apache.hadoop.hdds.scm.storage.BlockOutputStream.handleFullBuffer(BlockOutputStream.java:324)
	at org.apache.hadoop.hdds.scm.storage.BlockOutputStream.write(BlockOutputStream.java:251)
	at org.apache.hadoop.ozone.client.io.BlockOutputStreamEntry.write(BlockOutputStreamEntry.java:129)
	at org.apache.hadoop.ozone.client.io.KeyOutputStream.handleWrite(KeyOutputStream.java:211)
	at org.apache.hadoop.ozone.client.io.KeyOutputStream.write(KeyOutputStream.java:193)
	at org.apache.hadoop.ozone.client.io.OzoneOutputStream.write(OzoneOutputStream.java:49)
	at org.apache.hadoop.ozone.freon.RandomKeyGenerator.createKey(RandomKeyGenerator.java:699)
	at org.apache.hadoop.ozone.freon.RandomKeyGenerator.access$1100(RandomKeyGenerator.java:87)
	at org.apache.hadoop.ozone.freon.RandomKeyGenerator$ObjectCreator.run(RandomKeyGenerator.java:606)
	at java.util.concurrent.Executors$RunnableAdapter.call(Executors.java:511)
	at java.util.concurrent.FutureTask.run(FutureTask.java:266)
	at java.util.concurrent.ThreadPoolExecutor.runWorker(ThreadPoolExecutor.java:1149)
	at java.util.concurrent.ThreadPoolExecutor$Worker.run(ThreadPoolExecutor.java:624)
	at java.lang.Thread.run(Thread.java:748)
2019-08-21 02:17:53,744 [pool-282-thread-1] WARN  io.KeyOutputStream (KeyOutputStream.java:handleException(276)) - Encountered exception java.io.IOException: Unexpected Storage Container Exception: java.io.IOException: Unexpected Storage Container Exception: java.util.concurrent.TimeoutException on the pipeline Pipeline[ Id: da9e8459-bb83-4176-a1fe-f6b37cc92441, Nodes: 8224e767-71c1-41fc-a01a-d172d48fd9d8{ip: 192.168.34.10, host: pr-hdds-1927-qfsst-2448355857, networkLocation: /default-rack, certSerialId: null}6eae0c21-01aa-4169-956f-5952b26ea7ba{ip: 192.168.34.10, host: pr-hdds-1927-qfsst-2448355857, networkLocation: /default-rack, certSerialId: null}8d7dcba1-3b82-4d94-a832-514ef5c79cf8{ip: 192.168.34.10, host: pr-hdds-1927-qfsst-2448355857, networkLocation: /default-rack, certSerialId: null}, Type:RATIS, Factor:THREE, State:OPEN]. The last committed block length is 0, uncommitted data length is 2097152 retry count 0
2019-08-21 02:17:53,761 [Thread-15746] INFO  client.GrpcClientProtocolService (GrpcClientProtocolService.java:lambda$processClientRequest$0(278)) - Failed RaftClientRequest:client-54CC064C3FCE->8224e767-71c1-41fc-a01a-d172d48fd9d8@group-F6B37CC92441, cid=3628, seq=0, Watch-ALL_COMMITTED(5475), Message:<EMPTY>, reply=RaftClientReply:client-54CC064C3FCE->8224e767-71c1-41fc-a01a-d172d48fd9d8@group-F6B37CC92441, cid=3628, FAILED org.apache.ratis.protocol.NotReplicatedException: Request with call Id 3628 and log index 5475 is not yet replicated to ALL_COMMITTED, logIndex=5475, commits[8224e767-71c1-41fc-a01a-d172d48fd9d8:c5477, 6eae0c21-01aa-4169-956f-5952b26ea7ba:c5473, 8d7dcba1-3b82-4d94-a832-514ef5c79cf8:c5473]
2019-08-21 02:17:53,782 [grpc-default-executor-0] INFO  client.GrpcClientProtocolClient (GrpcClientProtocolClient.java:onNext(255)) - client-54CC064C3FCE->8224e767-71c1-41fc-a01a-d172d48fd9d8: receive RaftClientReply:client-54CC064C3FCE->8224e767-71c1-41fc-a01a-d172d48fd9d8@group-F6B37CC92441, cid=3628, FAILED org.apache.ratis.protocol.NotReplicatedException: Request with call Id 3628 and log index 5475 is not yet replicated to ALL_COMMITTED, logIndex=5475, commits[8224e767-71c1-41fc-a01a-d172d48fd9d8:c5477, 6eae0c21-01aa-4169-956f-5952b26ea7ba:c5473, 8d7dcba1-3b82-4d94-a832-514ef5c79cf8:c5473]
2019-08-21 02:17:53,791 [IPC Server handler 14 on 41831] WARN  block.BlockManagerImpl (BlockManagerImpl.java:allocateBlock(192)) - Pipeline creation failed for type:RATIS factor:THREE. Retrying get pipelines call once.
org.apache.hadoop.hdds.scm.pipeline.InsufficientDatanodesException: Cannot create pipeline of factor 3 using 2 nodes.
	at org.apache.hadoop.hdds.scm.pipeline.RatisPipelineProvider.create(RatisPipelineProvider.java:151)
	at org.apache.hadoop.hdds.scm.pipeline.PipelineFactory.create(PipelineFactory.java:57)
	at org.apache.hadoop.hdds.scm.pipeline.SCMPipelineManager.createPipeline(SCMPipelineManager.java:149)
	at org.apache.hadoop.hdds.scm.block.BlockManagerImpl.allocateBlock(BlockManagerImpl.java:190)
	at org.apache.hadoop.hdds.scm.server.SCMBlockProtocolServer.allocateBlock(SCMBlockProtocolServer.java:175)
	at org.apache.hadoop.ozone.protocolPB.ScmBlockLocationProtocolServerSideTranslatorPB.allocateScmBlock(ScmBlockLocationProtocolServerSideTranslatorPB.java:153)
	at org.apache.hadoop.ozone.protocolPB.ScmBlockLocationProtocolServerSideTranslatorPB.send(ScmBlockLocationProtocolServerSideTranslatorPB.java:112)
	at org.apache.hadoop.hdds.protocol.proto.ScmBlockLocationProtocolProtos$ScmBlockLocationProtocolService$2.callBlockingMethod(ScmBlockLocationProtocolProtos.java:13157)
	at org.apache.hadoop.ipc.ProtobufRpcEngine$Server$ProtoBufRpcInvoker.call(ProtobufRpcEngine.java:524)
	at org.apache.hadoop.ipc.RPC$Server.call(RPC.java:1025)
	at org.apache.hadoop.ipc.Server$RpcCall.run(Server.java:876)
	at org.apache.hadoop.ipc.Server$RpcCall.run(Server.java:822)
	at java.security.AccessController.doPrivileged(Native Method)
	at javax.security.auth.Subject.doAs(Subject.java:422)
	at org.apache.hadoop.security.UserGroupInformation.doAs(UserGroupInformation.java:1730)
	at org.apache.hadoop.ipc.Server$Handler.run(Server.java:2682)
2019-08-21 02:17:53,794 [IPC Server handler 14 on 41831] INFO  block.BlockManagerImpl (BlockManagerImpl.java:allocateBlock(198)) - Could not find available pipeline of type:RATIS and factor:THREE even after retrying
2019-08-21 02:17:53,794 [IPC Server handler 14 on 41831] ERROR block.BlockManagerImpl (BlockManagerImpl.java:allocateBlock(222)) - Unable to allocate a block for the size: 4194304, type: RATIS, factor: THREE
2019-08-21 02:17:53,794 | INFO  | SCMAudit | user=jenkins1000 | ip=192.168.34.10 | op=ALLOCATE_BLOCK {owner=b6f66289-f2a0-4058-b052-0a85e40df67b, size=4194304, type=RATIS, factor=THREE} | ret=SUCCESS |  
2019-08-21 02:17:53,797 | ERROR | OMAudit | user=jenkins1000 | ip=127.0.0.1 | op=ALLOCATE_BLOCK {volume=vol-0-90982, bucket=bucket-0-24269, key=key-0-81262, dataSize=0, replicationType=null, replicationFactor=null, keyLocationInfo=null, clientID=102652564580991378} | ret=FAILURE | org.apache.hadoop.hdds.scm.exceptions.SCMException: Allocated 0 blocks. Requested 1 blocks
	at org.apache.hadoop.hdds.scm.protocolPB.ScmBlockLocationProtocolClientSideTranslatorPB.handleError(ScmBlockLocationProtocolClientSideTranslatorPB.java:118)
	at org.apache.hadoop.hdds.scm.protocolPB.ScmBlockLocationProtocolClientSideTranslatorPB.allocateBlock(ScmBlockLocationProtocolClientSideTranslatorPB.java:156) 
2019-08-21 02:17:53,802 [pool-282-thread-1] ERROR io.BlockOutputStreamEntryPool (BlockOutputStreamEntryPool.java:allocateBlockIfNeeded(299)) - Try to allocate more blocks for write failed, already allocated 0 blocks for this write.
INTERNAL_ERROR org.apache.hadoop.ozone.om.exceptions.OMException: Allocated 0 blocks. Requested 1 blocks
	at org.apache.hadoop.ozone.om.protocolPB.OzoneManagerProtocolClientSideTranslatorPB.handleError(OzoneManagerProtocolClientSideTranslatorPB.java:725)
	at org.apache.hadoop.ozone.om.protocolPB.OzoneManagerProtocolClientSideTranslatorPB.allocateBlock(OzoneManagerProtocolClientSideTranslatorPB.java:757)
	at org.apache.hadoop.ozone.client.io.BlockOutputStreamEntryPool.allocateNewBlock(BlockOutputStreamEntryPool.java:248)
	at org.apache.hadoop.ozone.client.io.BlockOutputStreamEntryPool.allocateBlockIfNeeded(BlockOutputStreamEntryPool.java:296)
	at org.apache.hadoop.ozone.client.io.KeyOutputStream.handleWrite(KeyOutputStream.java:201)
	at org.apache.hadoop.ozone.client.io.KeyOutputStream.handleRetry(KeyOutputStream.java:376)
	at org.apache.hadoop.ozone.client.io.KeyOutputStream.handleException(KeyOutputStream.java:325)
	at org.apache.hadoop.ozone.client.io.KeyOutputStream.handleWrite(KeyOutputStream.java:231)
	at org.apache.hadoop.ozone.client.io.KeyOutputStream.write(KeyOutputStream.java:193)
	at org.apache.hadoop.ozone.client.io.OzoneOutputStream.write(OzoneOutputStream.java:49)
	at org.apache.hadoop.ozone.freon.RandomKeyGenerator.createKey(RandomKeyGenerator.java:699)
	at org.apache.hadoop.ozone.freon.RandomKeyGenerator.access$1100(RandomKeyGenerator.java:87)
	at org.apache.hadoop.ozone.freon.RandomKeyGenerator$ObjectCreator.run(RandomKeyGenerator.java:606)
	at java.util.concurrent.Executors$RunnableAdapter.call(Executors.java:511)
	at java.util.concurrent.FutureTask.run(FutureTask.java:266)
	at java.util.concurrent.ThreadPoolExecutor.runWorker(ThreadPoolExecutor.java:1149)
	at java.util.concurrent.ThreadPoolExecutor$Worker.run(ThreadPoolExecutor.java:624)
	at java.lang.Thread.run(Thread.java:748)
2019-08-21 02:17:53,804 [pool-282-thread-1] ERROR freon.RandomKeyGenerator (RandomKeyGenerator.java:createKey(724)) - Exception while adding key: key-0-81262 in bucket: bucket-0-24269 of volume: vol-0-90982.
INTERNAL_ERROR org.apache.hadoop.ozone.om.exceptions.OMException: Allocated 0 blocks. Requested 1 blocks
	at org.apache.hadoop.ozone.om.protocolPB.OzoneManagerProtocolClientSideTranslatorPB.handleError(OzoneManagerProtocolClientSideTranslatorPB.java:725)
	at org.apache.hadoop.ozone.om.protocolPB.OzoneManagerProtocolClientSideTranslatorPB.allocateBlock(OzoneManagerProtocolClientSideTranslatorPB.java:757)
	at org.apache.hadoop.ozone.client.io.BlockOutputStreamEntryPool.allocateNewBlock(BlockOutputStreamEntryPool.java:248)
	at org.apache.hadoop.ozone.client.io.BlockOutputStreamEntryPool.allocateBlockIfNeeded(BlockOutputStreamEntryPool.java:296)
	at org.apache.hadoop.ozone.client.io.KeyOutputStream.handleWrite(KeyOutputStream.java:201)
	at org.apache.hadoop.ozone.client.io.KeyOutputStream.handleRetry(KeyOutputStream.java:376)
	at org.apache.hadoop.ozone.client.io.KeyOutputStream.handleException(KeyOutputStream.java:325)
	at org.apache.hadoop.ozone.client.io.KeyOutputStream.handleWrite(KeyOutputStream.java:231)
	at org.apache.hadoop.ozone.client.io.KeyOutputStream.write(KeyOutputStream.java:193)
	at org.apache.hadoop.ozone.client.io.OzoneOutputStream.write(OzoneOutputStream.java:49)
	at org.apache.hadoop.ozone.freon.RandomKeyGenerator.createKey(RandomKeyGenerator.java:699)
	at org.apache.hadoop.ozone.freon.RandomKeyGenerator.access$1100(RandomKeyGenerator.java:87)
	at org.apache.hadoop.ozone.freon.RandomKeyGenerator$ObjectCreator.run(RandomKeyGenerator.java:606)
	at java.util.concurrent.Executors$RunnableAdapter.call(Executors.java:511)
	at java.util.concurrent.FutureTask.run(FutureTask.java:266)
	at java.util.concurrent.ThreadPoolExecutor.runWorker(ThreadPoolExecutor.java:1149)
	at java.util.concurrent.ThreadPoolExecutor$Worker.run(ThreadPoolExecutor.java:624)
	at java.lang.Thread.run(Thread.java:748)
2019-08-21 02:17:53,999 | INFO  | SCMAudit | user=jenkins1000 | ip=192.168.34.10 | op=SEND_HEARTBEAT {datanodeUUID=8224e767-71c1-41fc-a01a-d172d48fd9d8, command=[]} | ret=SUCCESS |  
2019-08-21 02:17:53,999 | INFO  | SCMAudit | user=jenkins1000 | ip=192.168.34.10 | op=SEND_HEARTBEAT {datanodeUUID=94764dae-819c-4b7e-92f1-9cd6c64427b7, command=[]} | ret=SUCCESS |  
2019-08-21 02:17:54,000 | INFO  | SCMAudit | user=jenkins1000 | ip=192.168.34.10 | op=SEND_HEARTBEAT {datanodeUUID=3def7c30-cb13-4f41-8119-6188f246ad27, command=[]} | ret=SUCCESS |  
2019-08-21 02:17:54,000 | INFO  | SCMAudit | user=jenkins1000 | ip=192.168.34.10 | op=SEND_HEARTBEAT {datanodeUUID=6eae0c21-01aa-4169-956f-5952b26ea7ba, command=[]} | ret=SUCCESS |  
 0.00% |█                                                                                                    |  0/1 Time: 0:00:442019-08-21 02:17:54,002 | INFO  | SCMAudit | user=jenkins1000 | ip=192.168.34.10 | op=SEND_HEARTBEAT {datanodeUUID=8d7dcba1-3b82-4d94-a832-514ef5c79cf8, command=[]} | ret=SUCCESS |  
2019-08-21 02:17:54,060 [grpc-default-executor-0] WARN  server.GrpcLogAppender (GrpcLogAppender.java:onNextImpl(250)) - org.apache.ratis.grpc.server.GrpcLogAppender$AppendLogResponseHandler@591fe4b1: Request not found, ignoring reply: 8224e767-71c1-41fc-a01a-d172d48fd9d8<-8d7dcba1-3b82-4d94-a832-514ef5c79cf8#5487:OK,SUCCESS,nextIndex:5481,term:2,followerCommit:5477
2019-08-21 02:17:54,060 [grpc-default-executor-1] WARN  server.GrpcLogAppender (GrpcLogAppender.java:onNextImpl(250)) - org.apache.ratis.grpc.server.GrpcLogAppender$AppendLogResponseHandler@1fdf65d0: Request not found, ignoring reply: 8224e767-71c1-41fc-a01a-d172d48fd9d8<-6eae0c21-01aa-4169-956f-5952b26ea7ba#5487:OK,SUCCESS,nextIndex:5481,term:2,followerCommit:5477
2019-08-21 02:17:54,060 [grpc-default-executor-0] WARN  server.GrpcLogAppender (GrpcLogAppender.java:onNextImpl(250)) - org.apache.ratis.grpc.server.GrpcLogAppender$AppendLogResponseHandler@591fe4b1: Request not found, ignoring reply: 8224e767-71c1-41fc-a01a-d172d48fd9d8<-8d7dcba1-3b82-4d94-a832-514ef5c79cf8#5488:OK,SUCCESS,nextIndex:5482,term:2,followerCommit:5477
2019-08-21 02:17:54,061 [grpc-default-executor-1] WARN  server.GrpcLogAppender (GrpcLogAppender.java:onNextImpl(250)) - org.apache.ratis.grpc.server.GrpcLogAppender$AppendLogResponseHandler@1fdf65d0: Request not found, ignoring reply: 8224e767-71c1-41fc-a01a-d172d48fd9d8<-6eae0c21-01aa-4169-956f-5952b26ea7ba#5488:OK,SUCCESS,nextIndex:5482,term:2,followerCommit:5477
2019-08-21 02:17:54,061 [grpc-default-executor-0] WARN  server.GrpcLogAppender (GrpcLogAppender.java:onNextImpl(250)) - org.apache.ratis.grpc.server.GrpcLogAppender$AppendLogResponseHandler@591fe4b1: Request not found, ignoring reply: 8224e767-71c1-41fc-a01a-d172d48fd9d8<-8d7dcba1-3b82-4d94-a832-514ef5c79cf8#5489:OK,SUCCESS,nextIndex:5482,term:2,followerCommit:5477
2019-08-21 02:17:54,061 [grpc-default-executor-1] WARN  server.GrpcLogAppender (GrpcLogAppender.java:onNextImpl(250)) - org.apache.ratis.grpc.server.GrpcLogAppender$AppendLogResponseHandler@1fdf65d0: Request not found, ignoring reply: 8224e767-71c1-41fc-a01a-d172d48fd9d8<-6eae0c21-01aa-4169-956f-5952b26ea7ba#5489:OK,SUCCESS,nextIndex:5482,term:2,followerCommit:5477
2019-08-21 02:17:54,061 [grpc-default-executor-0] WARN  server.GrpcLogAppender (GrpcLogAppender.java:onNextImpl(250)) - org.apache.ratis.grpc.server.GrpcLogAppender$AppendLogResponseHandler@591fe4b1: Request not found, ignoring reply: 8224e767-71c1-41fc-a01a-d172d48fd9d8<-8d7dcba1-3b82-4d94-a832-514ef5c79cf8#5490:OK,SUCCESS,nextIndex:5482,term:2,followerCommit:5477
2019-08-21 02:17:54,061 [grpc-default-executor-1] WARN  server.GrpcLogAppender (GrpcLogAppender.java:onNextImpl(250)) - org.apache.ratis.grpc.server.GrpcLogAppender$AppendLogResponseHandler@1fdf65d0: Request not found, ignoring reply: 8224e767-71c1-41fc-a01a-d172d48fd9d8<-6eae0c21-01aa-4169-956f-5952b26ea7ba#5490:OK,SUCCESS,nextIndex:5482,term:2,followerCommit:5477
2019-08-21 02:17:54,062 [grpc-default-executor-0] INFO  client.GrpcClientProtocolClient (GrpcClientProtocolClient.java:onNext(255)) - client-54CC064C3FCE->8224e767-71c1-41fc-a01a-d172d48fd9d8: receive RaftClientReply:client-54CC064C3FCE->8224e767-71c1-41fc-a01a-d172d48fd9d8@group-F6B37CC92441, cid=3629, SUCCESS, logIndex=0, commits[8224e767-71c1-41fc-a01a-d172d48fd9d8:c5477, 6eae0c21-01aa-4169-956f-5952b26ea7ba:c5473, 8d7dcba1-3b82-4d94-a832-514ef5c79cf8:c5477]
2019-08-21 02:17:54,063 [grpc-default-executor-0] INFO  client.GrpcClientProtocolClient (GrpcClientProtocolClient.java:onNext(255)) - client-54CC064C3FCE->8224e767-71c1-41fc-a01a-d172d48fd9d8: receive RaftClientReply:client-54CC064C3FCE->8224e767-71c1-41fc-a01a-d172d48fd9d8@group-F6B37CC92441, cid=3629, SUCCESS, logIndex=0, commits[8224e767-71c1-41fc-a01a-d172d48fd9d8:c5477, 6eae0c21-01aa-4169-956f-5952b26ea7ba:c5477, 8d7dcba1-3b82-4d94-a832-514ef5c79cf8:c5477]
2019-08-21 02:17:54,063 [grpc-default-executor-0] INFO  client.GrpcClientProtocolClient (GrpcClientProtocolClient.java:onNext(255)) - client-54CC064C3FCE->8224e767-71c1-41fc-a01a-d172d48fd9d8: receive RaftClientReply:client-54CC064C3FCE->8224e767-71c1-41fc-a01a-d172d48fd9d8@group-F6B37CC92441, cid=3628, SUCCESS, logIndex=0, commits[8224e767-71c1-41fc-a01a-d172d48fd9d8:c5477, 6eae0c21-01aa-4169-956f-5952b26ea7ba:c5477, 8d7dcba1-3b82-4d94-a832-514ef5c79cf8:c5477]
2019-08-21 02:17:54,063 [grpc-default-executor-0] INFO  client.GrpcClientProtocolClient (GrpcClientProtocolClient.java:onNext(255)) - client-54CC064C3FCE->8224e767-71c1-41fc-a01a-d172d48fd9d8: receive RaftClientReply:client-54CC064C3FCE->8224e767-71c1-41fc-a01a-d172d48fd9d8@group-F6B37CC92441, cid=3628, SUCCESS, logIndex=0, commits[8224e767-71c1-41fc-a01a-d172d48fd9d8:c5477, 6eae0c21-01aa-4169-956f-5952b26ea7ba:c5477, 8d7dcba1-3b82-4d94-a832-514ef5c79cf8:c5477]
2019-08-21 02:17:55,001 | INFO  | SCMAudit | user=jenkins1000 | ip=192.168.34.10 | op=SEND_HEARTBEAT {datanodeUUID=3def7c30-cb13-4f41-8119-6188f246ad27, command=[]} | ret=SUCCESS |  
2019-08-21 02:17:55,001 | INFO  | SCMAudit | user=jenkins1000 | ip=192.168.34.10 | op=SEND_HEARTBEAT {datanodeUUID=6eae0c21-01aa-4169-956f-5952b26ea7ba, command=[]} | ret=SUCCESS |  
2019-08-21 02:17:55,001 | INFO  | SCMAudit | user=jenkins1000 | ip=192.168.34.10 | op=SEND_HEARTBEAT {datanodeUUID=8224e767-71c1-41fc-a01a-d172d48fd9d8, command=[]} | ret=SUCCESS |  
2019-08-21 02:17:55,001 | INFO  | SCMAudit | user=jenkins1000 | ip=192.168.34.10 | op=SEND_HEARTBEAT {datanodeUUID=94764dae-819c-4b7e-92f1-9cd6c64427b7, command=[]} | ret=SUCCESS |  
 0.00% |█                                                                                                    |  0/1 Time: 0:00:452019-08-21 02:17:55,002 | INFO  | SCMAudit | user=jenkins1000 | ip=192.168.34.10 | op=SEND_HEARTBEAT {datanodeUUID=8d7dcba1-3b82-4d94-a832-514ef5c79cf8, command=[]} | ret=SUCCESS |  
2019-08-21 02:17:56,001 | INFO  | SCMAudit | user=jenkins1000 | ip=192.168.34.10 | op=SEND_HEARTBEAT {datanodeUUID=6eae0c21-01aa-4169-956f-5952b26ea7ba, command=[]} | ret=SUCCESS |  
2019-08-21 02:17:56,001 | INFO  | SCMAudit | user=jenkins1000 | ip=192.168.34.10 | op=SEND_HEARTBEAT {datanodeUUID=8224e767-71c1-41fc-a01a-d172d48fd9d8, command=[]} | ret=SUCCESS |  
2019-08-21 02:17:56,001 | INFO  | SCMAudit | user=jenkins1000 | ip=192.168.34.10 | op=SEND_HEARTBEAT {datanodeUUID=94764dae-819c-4b7e-92f1-9cd6c64427b7, command=[]} | ret=SUCCESS |  
2019-08-21 02:17:56,001 | INFO  | SCMAudit | user=jenkins1000 | ip=192.168.34.10 | op=SEND_HEARTBEAT {datanodeUUID=3def7c30-cb13-4f41-8119-6188f246ad27, command=[]} | ret=SUCCESS |  
2019-08-21 02:17:56,002 | INFO  | SCMAudit | user=jenkins1000 | ip=192.168.34.10 | op=SEND_HEARTBEAT {datanodeUUID=8d7dcba1-3b82-4d94-a832-514ef5c79cf8, command=[]} | ret=SUCCESS |  
 100.00% |█████████████████████████████████████████████████████████████████████████████████████████████████████|  1/1 Time: 0:00:46
2019-08-21 02:17:57,000 | INFO  | SCMAudit | user=jenkins1000 | ip=192.168.34.10 | op=SEND_HEARTBEAT {datanodeUUID=94764dae-819c-4b7e-92f1-9cd6c64427b7, command=[]} | ret=SUCCESS |  
2019-08-21 02:17:57,000 | INFO  | SCMAudit | user=jenkins1000 | ip=192.168.34.10 | op=SEND_HEARTBEAT {datanodeUUID=8224e767-71c1-41fc-a01a-d172d48fd9d8, command=[]} | ret=SUCCESS |  
2019-08-21 02:17:57,000 | INFO  | SCMAudit | user=jenkins1000 | ip=192.168.34.10 | op=SEND_HEARTBEAT {datanodeUUID=6eae0c21-01aa-4169-956f-5952b26ea7ba, command=[]} | ret=SUCCESS |  
2019-08-21 02:17:57,002 | INFO  | SCMAudit | user=jenkins1000 | ip=192.168.34.10 | op=SEND_HEARTBEAT {datanodeUUID=3def7c30-cb13-4f41-8119-6188f246ad27, command=[]} | ret=SUCCESS |  
2019-08-21 02:17:57,002 | INFO  | SCMAudit | user=jenkins1000 | ip=192.168.34.10 | op=SEND_HEARTBEAT {datanodeUUID=8d7dcba1-3b82-4d94-a832-514ef5c79cf8, command=[]} | ret=SUCCESS |  
2019-08-21 02:17:57,999 | INFO  | SCMAudit | user=jenkins1000 | ip=192.168.34.10 | op=SEND_HEARTBEAT {datanodeUUID=94764dae-819c-4b7e-92f1-9cd6c64427b7, command=[]} | ret=SUCCESS |  
2019-08-21 02:17:57,999 | INFO  | SCMAudit | user=jenkins1000 | ip=192.168.34.10 | op=SEND_HEARTBEAT {datanodeUUID=8224e767-71c1-41fc-a01a-d172d48fd9d8, command=[]} | ret=SUCCESS |  
2019-08-21 02:17:58,001 | INFO  | SCMAudit | user=jenkins1000 | ip=192.168.34.10 | op=SEND_HEARTBEAT {datanodeUUID=6eae0c21-01aa-4169-956f-5952b26ea7ba, command=[]} | ret=SUCCESS |  
2019-08-21 02:17:58,002 | INFO  | SCMAudit | user=jenkins1000 | ip=192.168.34.10 | op=SEND_HEARTBEAT {datanodeUUID=3def7c30-cb13-4f41-8119-6188f246ad27, command=[]} | ret=SUCCESS |  
2019-08-21 02:17:58,002 | INFO  | SCMAudit | user=jenkins1000 | ip=192.168.34.10 | op=SEND_HEARTBEAT {datanodeUUID=8d7dcba1-3b82-4d94-a832-514ef5c79cf8, command=[]} | ret=SUCCESS |  
2019-08-21 02:17:59,000 | INFO  | SCMAudit | user=jenkins1000 | ip=192.168.34.10 | op=SEND_HEARTBEAT {datanodeUUID=8224e767-71c1-41fc-a01a-d172d48fd9d8, command=[]} | ret=SUCCESS |  
2019-08-21 02:17:59,000 | INFO  | SCMAudit | user=jenkins1000 | ip=192.168.34.10 | op=SEND_HEARTBEAT {datanodeUUID=94764dae-819c-4b7e-92f1-9cd6c64427b7, command=[]} | ret=SUCCESS |  
2019-08-21 02:17:59,000 | INFO  | SCMAudit | user=jenkins1000 | ip=192.168.34.10 | op=SEND_HEARTBEAT {datanodeUUID=6eae0c21-01aa-4169-956f-5952b26ea7ba, command=[]} | ret=SUCCESS |  
2019-08-21 02:17:59,001 | INFO  | SCMAudit | user=jenkins1000 | ip=192.168.34.10 | op=SEND_HEARTBEAT {datanodeUUID=3def7c30-cb13-4f41-8119-6188f246ad27, command=[]} | ret=SUCCESS |  
2019-08-21 02:17:59,002 | INFO  | SCMAudit | user=jenkins1000 | ip=192.168.34.10 | op=SEND_HEARTBEAT {datanodeUUID=8d7dcba1-3b82-4d94-a832-514ef5c79cf8, command=[]} | ret=SUCCESS |  
2019-08-21 02:17:59,999 | INFO  | SCMAudit | user=jenkins1000 | ip=192.168.34.10 | op=SEND_HEARTBEAT {datanodeUUID=94764dae-819c-4b7e-92f1-9cd6c64427b7, command=[]} | ret=SUCCESS |  
2019-08-21 02:17:59,999 | INFO  | SCMAudit | user=jenkins1000 | ip=192.168.34.10 | op=SEND_HEARTBEAT {datanodeUUID=8224e767-71c1-41fc-a01a-d172d48fd9d8, command=[]} | ret=SUCCESS |  
2019-08-21 02:18:00,000 | INFO  | SCMAudit | user=jenkins1000 | ip=192.168.34.10 | op=SEND_HEARTBEAT {datanodeUUID=6eae0c21-01aa-4169-956f-5952b26ea7ba, command=[]} | ret=SUCCESS |  
2019-08-21 02:18:00,002 | INFO  | SCMAudit | user=jenkins1000 | ip=192.168.34.10 | op=SEND_HEARTBEAT {datanodeUUID=3def7c30-cb13-4f41-8119-6188f246ad27, command=[]} | ret=SUCCESS |  
2019-08-21 02:18:00,003 | INFO  | SCMAudit | user=jenkins1000 | ip=192.168.34.10 | op=SEND_HEARTBEAT {datanodeUUID=8d7dcba1-3b82-4d94-a832-514ef5c79cf8, command=[]} | ret=SUCCESS |  
]]></system-out>
  </testcase>
  <testcase name="fileWithSizeZero" classname="org.apache.hadoop.ozone.freon.TestRandomKeyGenerator" time="9.542"/>
  <testcase name="multiThread" classname="org.apache.hadoop.ozone.freon.TestRandomKeyGenerator" time="5.028"/>
</testsuite>