<?xml version="1.0" encoding="UTF-8"?>
<testsuite xmlns:xsi="http://www.w3.org/2001/XMLSchema-instance" xsi:noNamespaceSchemaLocation="https://maven.apache.org/surefire/maven-surefire-plugin/xsd/surefire-test-report.xsd" name="org.apache.hadoop.ozone.client.rpc.TestContainerReplicationEndToEnd" time="26.501" tests="1" errors="1" skipped="0" failures="0">
  <properties>
    <property name="awt.toolkit" value="sun.awt.X11.XToolkit"/>
    <property name="file.encoding.pkg" value="sun.io"/>
    <property name="java.specification.version" value="1.8"/>
    <property name="sun.cpu.isalist" value=""/>
    <property name="sun.jnu.encoding" value="UTF-8"/>
    <property name="java.class.path" value="/workdir/hadoop-ozone/integration-test/target/test-classes:/workdir/hadoop-ozone/integration-test/target/classes:/home/user/.m2/repository/org/apache/hadoop/hadoop-ozone-common/0.5.0-SNAPSHOT/hadoop-ozone-common-0.5.0-SNAPSHOT.jar:/home/user/.m2/repository/org/apache/commons/commons-compress/1.4.1/commons-compress-1.4.1.jar:/home/user/.m2/repository/org/tukaani/xz/1.0/xz-1.0.jar:/home/user/.m2/repository/org/apache/hadoop/hadoop-common/3.2.0/hadoop-common-3.2.0.jar:/home/user/.m2/repository/org/apache/hadoop/hadoop-hdfs/3.2.0/hadoop-hdfs-3.2.0.jar:/home/user/.m2/repository/org/apache/hadoop/hadoop-hdfs-client/3.2.0/hadoop-hdfs-client-3.2.0.jar:/home/user/.m2/repository/com/fasterxml/jackson/core/jackson-annotations/2.9.9/jackson-annotations-2.9.9.jar:/home/user/.m2/repository/org/apache/hadoop/hadoop-hdds-common/0.5.0-SNAPSHOT/hadoop-hdds-common-0.5.0-SNAPSHOT.jar:/home/user/.m2/repository/javax/annotation/javax.annotation-api/1.2/javax.annotation-api-1.2.jar:/home/user/.m2/repository/org/apache/ratis/ratis-server/0.4.0-78e95b9-SNAPSHOT/ratis-server-0.4.0-78e95b9-SNAPSHOT.jar:/home/user/.m2/repository/org/apache/ratis/ratis-thirdparty-misc/0.2.0/ratis-thirdparty-misc-0.2.0.jar:/home/user/.m2/repository/org/apache/ratis/ratis-proto/0.4.0-78e95b9-SNAPSHOT/ratis-proto-0.4.0-78e95b9-SNAPSHOT.jar:/home/user/.m2/repository/org/apache/ratis/ratis-common/0.4.0-78e95b9-SNAPSHOT/ratis-common-0.4.0-78e95b9-SNAPSHOT.jar:/home/user/.m2/repository/org/apache/ratis/ratis-client/0.4.0-78e95b9-SNAPSHOT/ratis-client-0.4.0-78e95b9-SNAPSHOT.jar:/home/user/.m2/repository/org/apache/ratis/ratis-metrics/0.4.0-78e95b9-SNAPSHOT/ratis-metrics-0.4.0-78e95b9-SNAPSHOT.jar:/home/user/.m2/repository/com/github/joshelser/dropwizard-metrics-hadoop-metrics2-reporter/0.1.2/dropwizard-metrics-hadoop-metrics2-reporter-0.1.2.jar:/home/user/.m2/repository/io/dropwizard/metrics/metrics-jvm/3.2.5/metrics-jvm-3.2.5.jar:/home/user/.m2/repository/io/dropwizard/metrics/metrics-ganglia/3.2.5/metrics-ganglia-3.2.5.jar:/home/user/.m2/repository/info/ganglia/gmetric4j/gmetric4j/1.0.7/gmetric4j-1.0.7.jar:/home/user/.m2/repository/org/apache/ratis/ratis-netty/0.4.0-78e95b9-SNAPSHOT/ratis-netty-0.4.0-78e95b9-SNAPSHOT.jar:/home/user/.m2/repository/org/apache/ratis/ratis-grpc/0.4.0-78e95b9-SNAPSHOT/ratis-grpc-0.4.0-78e95b9-SNAPSHOT.jar:/home/user/.m2/repository/org/rocksdb/rocksdbjni/6.0.1/rocksdbjni-6.0.1.jar:/home/user/.m2/repository/org/apache/logging/log4j/log4j-api/2.11.0/log4j-api-2.11.0.jar:/home/user/.m2/repository/org/apache/logging/log4j/log4j-core/2.11.0/log4j-core-2.11.0.jar:/home/user/.m2/repository/com/lmax/disruptor/3.4.2/disruptor-3.4.2.jar:/home/user/.m2/repository/org/apache/commons/commons-pool2/2.6.0/commons-pool2-2.6.0.jar:/home/user/.m2/repository/org/bouncycastle/bcpkix-jdk15on/1.60/bcpkix-jdk15on-1.60.jar:/home/user/.m2/repository/commons-validator/commons-validator/1.6/commons-validator-1.6.jar:/home/user/.m2/repository/commons-digester/commons-digester/1.8.1/commons-digester-1.8.1.jar:/home/user/.m2/repository/io/jaegertracing/jaeger-client/0.33.1/jaeger-client-0.33.1.jar:/home/user/.m2/repository/io/jaegertracing/jaeger-thrift/0.33.1/jaeger-thrift-0.33.1.jar:/home/user/.m2/repository/org/apache/thrift/libthrift/0.11.0/libthrift-0.11.0.jar:/home/user/.m2/repository/com/squareup/okhttp3/okhttp/3.9.0/okhttp-3.9.0.jar:/home/user/.m2/repository/com/squareup/okio/okio/1.13.0/okio-1.13.0.jar:/home/user/.m2/repository/io/jaegertracing/jaeger-core/0.33.1/jaeger-core-0.33.1.jar:/home/user/.m2/repository/io/jaegertracing/jaeger-tracerresolver/0.33.1/jaeger-tracerresolver-0.33.1.jar:/home/user/.m2/repository/io/opentracing/contrib/opentracing-tracerresolver/0.1.5/opentracing-tracerresolver-0.1.5.jar:/home/user/.m2/repository/io/opentracing/opentracing-util/0.31.0/opentracing-util-0.31.0.jar:/home/user/.m2/repository/io/opentracing/opentracing-api/0.31.0/opentracing-api-0.31.0.jar:/home/user/.m2/repository/io/opentracing/opentracing-noop/0.31.0/opentracing-noop-0.31.0.jar:/home/user/.m2/repository/org/apache/hadoop/hadoop-hdds-server-framework/0.5.0-SNAPSHOT/hadoop-hdds-server-framework-0.5.0-SNAPSHOT.jar:/home/user/.m2/repository/org/apache/hadoop/hadoop-hdds-container-service/0.5.0-SNAPSHOT/hadoop-hdds-container-service-0.5.0-SNAPSHOT.jar:/home/user/.m2/repository/org/apache/hadoop/hadoop-hdds-client/0.5.0-SNAPSHOT/hadoop-hdds-client-0.5.0-SNAPSHOT.jar:/home/user/.m2/repository/org/apache/hadoop/hadoop-hdds-tools/0.5.0-SNAPSHOT/hadoop-hdds-tools-0.5.0-SNAPSHOT.jar:/home/user/.m2/repository/org/apache/hadoop/hadoop-hdds-server-scm/0.5.0-SNAPSHOT/hadoop-hdds-server-scm-0.5.0-SNAPSHOT.jar:/home/user/.m2/repository/org/apache/hadoop/hadoop-hdds-docs/0.5.0-SNAPSHOT/hadoop-hdds-docs-0.5.0-SNAPSHOT.jar:/home/user/.m2/repository/io/dropwizard/metrics/metrics-core/3.2.4/metrics-core-3.2.4.jar:/home/user/.m2/repository/org/hamcrest/hamcrest-all/1.3/hamcrest-all-1.3.jar:/home/user/.m2/repository/org/bouncycastle/bcprov-jdk15on/1.60/bcprov-jdk15on-1.60.jar:/home/user/.m2/repository/info/picocli/picocli/3.9.6/picocli-3.9.6.jar:/home/user/.m2/repository/com/google/protobuf/protobuf-java/2.5.0/protobuf-java-2.5.0.jar:/home/user/.m2/repository/com/google/guava/guava/11.0.2/guava-11.0.2.jar:/home/user/.m2/repository/org/apache/hadoop/hadoop-ozone-ozone-manager/0.5.0-SNAPSHOT/hadoop-ozone-ozone-manager-0.5.0-SNAPSHOT.jar:/home/user/.m2/repository/org/apache/hadoop/hadoop-minikdc/3.2.0/hadoop-minikdc-3.2.0.jar:/home/user/.m2/repository/commons-io/commons-io/2.5/commons-io-2.5.jar:/home/user/.m2/repository/org/apache/kerby/kerb-simplekdc/1.0.1/kerb-simplekdc-1.0.1.jar:/home/user/.m2/repository/org/apache/kerby/kerb-client/1.0.1/kerb-client-1.0.1.jar:/home/user/.m2/repository/org/apache/kerby/kerby-config/1.0.1/kerby-config-1.0.1.jar:/home/user/.m2/repository/org/apache/kerby/kerb-core/1.0.1/kerb-core-1.0.1.jar:/home/user/.m2/repository/org/apache/kerby/kerby-pkix/1.0.1/kerby-pkix-1.0.1.jar:/home/user/.m2/repository/org/apache/kerby/kerby-asn1/1.0.1/kerby-asn1-1.0.1.jar:/home/user/.m2/repository/org/apache/kerby/kerby-util/1.0.1/kerby-util-1.0.1.jar:/home/user/.m2/repository/org/apache/kerby/kerb-common/1.0.1/kerb-common-1.0.1.jar:/home/user/.m2/repository/org/apache/kerby/kerb-crypto/1.0.1/kerb-crypto-1.0.1.jar:/home/user/.m2/repository/org/apache/kerby/kerb-util/1.0.1/kerb-util-1.0.1.jar:/home/user/.m2/repository/org/apache/kerby/token-provider/1.0.1/token-provider-1.0.1.jar:/home/user/.m2/repository/org/apache/kerby/kerb-admin/1.0.1/kerb-admin-1.0.1.jar:/home/user/.m2/repository/org/apache/kerby/kerb-server/1.0.1/kerb-server-1.0.1.jar:/home/user/.m2/repository/org/apache/kerby/kerb-identity/1.0.1/kerb-identity-1.0.1.jar:/home/user/.m2/repository/org/apache/kerby/kerby-xdr/1.0.1/kerby-xdr-1.0.1.jar:/home/user/.m2/repository/org/slf4j/slf4j-log4j12/1.7.25/slf4j-log4j12-1.7.25.jar:/home/user/.m2/repository/org/apache/hadoop/hadoop-ozone-s3gateway/0.5.0-SNAPSHOT/hadoop-ozone-s3gateway-0.5.0-SNAPSHOT.jar:/home/user/.m2/repository/org/jboss/weld/servlet/weld-servlet/2.4.7.Final/weld-servlet-2.4.7.Final.jar:/home/user/.m2/repository/org/glassfish/jersey/containers/jersey-container-servlet-core/2.27/jersey-container-servlet-core-2.27.jar:/home/user/.m2/repository/org/glassfish/hk2/external/javax.inject/2.5.0-b42/javax.inject-2.5.0-b42.jar:/home/user/.m2/repository/org/glassfish/jersey/core/jersey-common/2.27/jersey-common-2.27.jar:/home/user/.m2/repository/org/glassfish/hk2/osgi-resource-locator/1.0.1/osgi-resource-locator-1.0.1.jar:/home/user/.m2/repository/javax/ws/rs/javax.ws.rs-api/2.1/javax.ws.rs-api-2.1.jar:/home/user/.m2/repository/org/glassfish/jersey/ext/cdi/jersey-cdi1x/2.27/jersey-cdi1x-2.27.jar:/home/user/.m2/repository/org/glassfish/jersey/inject/jersey-hk2/2.27/jersey-hk2-2.27.jar:/home/user/.m2/repository/org/glassfish/hk2/hk2-locator/2.5.0-b42/hk2-locator-2.5.0-b42.jar:/home/user/.m2/repository/org/javassist/javassist/3.22.0-CR2/javassist-3.22.0-CR2.jar:/home/user/.m2/repository/org/glassfish/hk2/hk2-api/2.5.0/hk2-api-2.5.0.jar:/home/user/.m2/repository/org/glassfish/hk2/external/jakarta.inject/2.5.0/jakarta.inject-2.5.0.jar:/home/user/.m2/repository/org/glassfish/hk2/hk2-utils/2.5.0/hk2-utils-2.5.0.jar:/home/user/.m2/repository/jakarta/annotation/jakarta.annotation-api/1.3.4/jakarta.annotation-api-1.3.4.jar:/home/user/.m2/repository/org/glassfish/hk2/external/aopalliance-repackaged/2.5.0/aopalliance-repackaged-2.5.0.jar:/home/user/.m2/repository/com/fasterxml/jackson/dataformat/jackson-dataformat-xml/2.9.0/jackson-dataformat-xml-2.9.0.jar:/home/user/.m2/repository/com/fasterxml/jackson/core/jackson-core/2.9.9/jackson-core-2.9.9.jar:/home/user/.m2/repository/com/fasterxml/jackson/module/jackson-module-jaxb-annotations/2.9.9/jackson-module-jaxb-annotations-2.9.9.jar:/home/user/.m2/repository/javax/enterprise/cdi-api/1.2/cdi-api-1.2.jar:/home/user/.m2/repository/javax/el/javax.el-api/3.0.0/javax.el-api-3.0.0.jar:/home/user/.m2/repository/javax/interceptor/javax.interceptor-api/1.2/javax.interceptor-api-1.2.jar:/home/user/.m2/repository/javax/inject/javax.inject/1/javax.inject-1.jar:/home/user/.m2/repository/com/sun/xml/bind/jaxb-impl/2.3.0.1/jaxb-impl-2.3.0.1.jar:/home/user/.m2/repository/com/sun/xml/bind/jaxb-core/2.3.0.1/jaxb-core-2.3.0.1.jar:/home/user/.m2/repository/javax/xml/bind/jaxb-api/2.3.0/jaxb-api-2.3.0.jar:/home/user/.m2/repository/javax/activation/activation/1.1.1/activation-1.1.1.jar:/home/user/.m2/repository/org/apache/hadoop/hadoop-ozone-csi/0.5.0-SNAPSHOT/hadoop-ozone-csi-0.5.0-SNAPSHOT.jar:/home/user/.m2/repository/com/google/protobuf/protobuf-java-util/3.5.1/protobuf-java-util-3.5.1.jar:/home/user/.m2/repository/org/apache/hadoop/hadoop-hdds-config/0.5.0-SNAPSHOT/hadoop-hdds-config-0.5.0-SNAPSHOT.jar:/home/user/.m2/repository/io/grpc/grpc-netty/1.17.1/grpc-netty-1.17.1.jar:/home/user/.m2/repository/io/grpc/grpc-core/1.17.1/grpc-core-1.17.1.jar:/home/user/.m2/repository/io/grpc/grpc-context/1.17.1/grpc-context-1.17.1.jar:/home/user/.m2/repository/com/google/errorprone/error_prone_annotations/2.2.0/error_prone_annotations-2.2.0.jar:/home/user/.m2/repository/org/codehaus/mojo/animal-sniffer-annotations/1.17/animal-sniffer-annotations-1.17.jar:/home/user/.m2/repository/io/opencensus/opencensus-api/0.17.0/opencensus-api-0.17.0.jar:/home/user/.m2/repository/io/opencensus/opencensus-contrib-grpc-metrics/0.17.0/opencensus-contrib-grpc-metrics-0.17.0.jar:/home/user/.m2/repository/io/netty/netty-codec-http2/4.1.30.Final/netty-codec-http2-4.1.30.Final.jar:/home/user/.m2/repository/io/netty/netty-codec-http/4.1.30.Final/netty-codec-http-4.1.30.Final.jar:/home/user/.m2/repository/io/netty/netty-codec/4.1.30.Final/netty-codec-4.1.30.Final.jar:/home/user/.m2/repository/io/netty/netty-handler/4.1.30.Final/netty-handler-4.1.30.Final.jar:/home/user/.m2/repository/io/netty/netty-handler-proxy/4.1.30.Final/netty-handler-proxy-4.1.30.Final.jar:/home/user/.m2/repository/io/netty/netty-codec-socks/4.1.30.Final/netty-codec-socks-4.1.30.Final.jar:/home/user/.m2/repository/io/netty/netty-transport-native-epoll/4.1.30.Final/netty-transport-native-epoll-4.1.30.Final.jar:/home/user/.m2/repository/io/netty/netty-common/4.1.30.Final/netty-common-4.1.30.Final.jar:/home/user/.m2/repository/io/netty/netty-buffer/4.1.30.Final/netty-buffer-4.1.30.Final.jar:/home/user/.m2/repository/io/netty/netty-transport/4.1.30.Final/netty-transport-4.1.30.Final.jar:/home/user/.m2/repository/io/netty/netty-resolver/4.1.30.Final/netty-resolver-4.1.30.Final.jar:/home/user/.m2/repository/io/netty/netty-transport-native-unix-common/4.1.30.Final/netty-transport-native-unix-common-4.1.30.Final.jar:/home/user/.m2/repository/io/grpc/grpc-protobuf/1.17.1/grpc-protobuf-1.17.1.jar:/home/user/.m2/repository/com/google/api/grpc/proto-google-common-protos/1.0.0/proto-google-common-protos-1.0.0.jar:/home/user/.m2/repository/io/grpc/grpc-protobuf-lite/1.17.1/grpc-protobuf-lite-1.17.1.jar:/home/user/.m2/repository/io/grpc/grpc-stub/1.17.1/grpc-stub-1.17.1.jar:/home/user/.m2/repository/org/apache/hadoop/hadoop-ozone-recon/0.5.0-SNAPSHOT/hadoop-ozone-recon-0.5.0-SNAPSHOT.jar:/home/user/.m2/repository/org/apache/hadoop/hadoop-ozone-reconcodegen/0.5.0-SNAPSHOT/hadoop-ozone-reconcodegen-0.5.0-SNAPSHOT.jar:/home/user/.m2/repository/com/google/inject/extensions/guice-multibindings/4.0/guice-multibindings-4.0.jar:/home/user/.m2/repository/com/google/inject/guice/4.0/guice-4.0.jar:/home/user/.m2/repository/aopalliance/aopalliance/1.0/aopalliance-1.0.jar:/home/user/.m2/repository/com/google/inject/extensions/guice-servlet/4.0/guice-servlet-4.0.jar:/home/user/.m2/repository/org/glassfish/jersey/containers/jersey-container-servlet/2.27/jersey-container-servlet-2.27.jar:/home/user/.m2/repository/org/glassfish/hk2/guice-bridge/2.5.0/guice-bridge-2.5.0.jar:/home/user/.m2/repository/org/glassfish/jersey/core/jersey-server/2.27/jersey-server-2.27.jar:/home/user/.m2/repository/org/glassfish/jersey/core/jersey-client/2.27/jersey-client-2.27.jar:/home/user/.m2/repository/org/glassfish/jersey/media/jersey-media-jaxb/2.27/jersey-media-jaxb-2.27.jar:/home/user/.m2/repository/javax/validation/validation-api/1.1.0.Final/validation-api-1.1.0.Final.jar:/home/user/.m2/repository/org/glassfish/jersey/media/jersey-media-json-jackson/2.27/jersey-media-json-jackson-2.27.jar:/home/user/.m2/repository/org/glassfish/jersey/ext/jersey-entity-filtering/2.27/jersey-entity-filtering-2.27.jar:/home/user/.m2/repository/com/google/inject/extensions/guice-assistedinject/4.0/guice-assistedinject-4.0.jar:/home/user/.m2/repository/org/jooq/jooq/3.11.10/jooq-3.11.10.jar:/home/user/.m2/repository/org/jooq/jooq-meta/3.11.10/jooq-meta-3.11.10.jar:/home/user/.m2/repository/org/jooq/jooq-codegen/3.11.10/jooq-codegen-3.11.10.jar:/home/user/.m2/repository/com/jolbox/bonecp/0.8.0.RELEASE/bonecp-0.8.0.RELEASE.jar:/home/user/.m2/repository/org/xerial/sqlite-jdbc/3.25.2/sqlite-jdbc-3.25.2.jar:/home/user/.m2/repository/org/springframework/spring-jdbc/5.1.3.RELEASE/spring-jdbc-5.1.3.RELEASE.jar:/home/user/.m2/repository/org/springframework/spring-beans/5.1.3.RELEASE/spring-beans-5.1.3.RELEASE.jar:/home/user/.m2/repository/org/springframework/spring-core/5.1.3.RELEASE/spring-core-5.1.3.RELEASE.jar:/home/user/.m2/repository/org/springframework/spring-jcl/5.1.3.RELEASE/spring-jcl-5.1.3.RELEASE.jar:/home/user/.m2/repository/org/springframework/spring-tx/5.1.3.RELEASE/spring-tx-5.1.3.RELEASE.jar:/home/user/.m2/repository/org/apache/hadoop/hadoop-ozone-client/0.5.0-SNAPSHOT/hadoop-ozone-client-0.5.0-SNAPSHOT.jar:/home/user/.m2/repository/commons-lang/commons-lang/2.6/commons-lang-2.6.jar:/home/user/.m2/repository/org/apache/hadoop/hadoop-ozone-ozone-manager/0.5.0-SNAPSHOT/hadoop-ozone-ozone-manager-0.5.0-SNAPSHOT-tests.jar:/home/user/.m2/repository/junit/junit/4.11/junit-4.11.jar:/home/user/.m2/repository/org/hamcrest/hamcrest-core/1.3/hamcrest-core-1.3.jar:/home/user/.m2/repository/org/openjdk/jmh/jmh-core/1.19/jmh-core-1.19.jar:/home/user/.m2/repository/net/sf/jopt-simple/jopt-simple/4.6/jopt-simple-4.6.jar:/home/user/.m2/repository/org/apache/commons/commons-math3/3.1.1/commons-math3-3.1.1.jar:/home/user/.m2/repository/org/openjdk/jmh/jmh-generator-annprocess/1.19/jmh-generator-annprocess-1.19.jar:/home/user/.m2/repository/org/mockito/mockito-all/1.8.5/mockito-all-1.8.5.jar:/home/user/.m2/repository/org/apache/hadoop/hadoop-kms/3.2.0/hadoop-kms-3.2.0.jar:/home/user/.m2/repository/org/apache/hadoop/hadoop-auth/3.2.0/hadoop-auth-3.2.0.jar:/home/user/.m2/repository/com/nimbusds/nimbus-jose-jwt/4.41.1/nimbus-jose-jwt-4.41.1.jar:/home/user/.m2/repository/com/github/stephenc/jcip/jcip-annotations/1.0-1/jcip-annotations-1.0-1.jar:/home/user/.m2/repository/net/minidev/json-smart/2.3/json-smart-2.3.jar:/home/user/.m2/repository/net/minidev/accessors-smart/1.2/accessors-smart-1.2.jar:/home/user/.m2/repository/org/ow2/asm/asm/5.0.4/asm-5.0.4.jar:/home/user/.m2/repository/org/apache/curator/curator-framework/2.12.0/curator-framework-2.12.0.jar:/home/user/.m2/repository/com/sun/jersey/jersey-core/1.19/jersey-core-1.19.jar:/home/user/.m2/repository/javax/ws/rs/jsr311-api/1.1.1/jsr311-api-1.1.1.jar:/home/user/.m2/repository/com/sun/jersey/jersey-server/1.19/jersey-server-1.19.jar:/home/user/.m2/repository/javax/servlet/javax.servlet-api/3.1.0/javax.servlet-api-3.1.0.jar:/home/user/.m2/repository/org/eclipse/jetty/jetty-server/9.3.24.v20180605/jetty-server-9.3.24.v20180605.jar:/home/user/.m2/repository/org/eclipse/jetty/jetty-http/9.3.24.v20180605/jetty-http-9.3.24.v20180605.jar:/home/user/.m2/repository/org/eclipse/jetty/jetty-io/9.3.24.v20180605/jetty-io-9.3.24.v20180605.jar:/home/user/.m2/repository/org/eclipse/jetty/jetty-webapp/9.3.24.v20180605/jetty-webapp-9.3.24.v20180605.jar:/home/user/.m2/repository/org/eclipse/jetty/jetty-xml/9.3.24.v20180605/jetty-xml-9.3.24.v20180605.jar:/home/user/.m2/repository/log4j/log4j/1.2.17/log4j-1.2.17.jar:/home/user/.m2/repository/org/slf4j/slf4j-api/1.7.25/slf4j-api-1.7.25.jar:/home/user/.m2/repository/org/slf4j/jul-to-slf4j/1.7.25/jul-to-slf4j-1.7.25.jar:/home/user/.m2/repository/org/eclipse/jetty/jetty-util/9.3.24.v20180605/jetty-util-9.3.24.v20180605.jar:/home/user/.m2/repository/com/fasterxml/jackson/core/jackson-databind/2.9.9/jackson-databind-2.9.9.jar:/home/user/.m2/repository/org/apache/hadoop/hadoop-kms/3.2.0/hadoop-kms-3.2.0-tests.jar:/home/user/.m2/repository/org/apache/hadoop/hadoop-hdds-server-scm/0.5.0-SNAPSHOT/hadoop-hdds-server-scm-0.5.0-SNAPSHOT-tests.jar:/home/user/.m2/repository/org/apache/hadoop/hadoop-hdds-container-service/0.5.0-SNAPSHOT/hadoop-hdds-container-service-0.5.0-SNAPSHOT-tests.jar:/home/user/.m2/repository/org/yaml/snakeyaml/1.16/snakeyaml-1.16.jar:/home/user/.m2/repository/org/apache/hadoop/hadoop-common/3.2.0/hadoop-common-3.2.0-tests.jar:/home/user/.m2/repository/org/apache/hadoop/hadoop-annotations/3.2.0/hadoop-annotations-3.2.0.jar:/usr/lib/jvm/java-1.8-openjdk/jre/../lib/tools.jar:/home/user/.m2/repository/commons-cli/commons-cli/1.2/commons-cli-1.2.jar:/home/user/.m2/repository/org/apache/httpcomponents/httpclient/4.5.2/httpclient-4.5.2.jar:/home/user/.m2/repository/org/apache/httpcomponents/httpcore/4.4.4/httpcore-4.4.4.jar:/home/user/.m2/repository/commons-codec/commons-codec/1.11/commons-codec-1.11.jar:/home/user/.m2/repository/commons-net/commons-net/3.6/commons-net-3.6.jar:/home/user/.m2/repository/commons-collections/commons-collections/3.2.2/commons-collections-3.2.2.jar:/home/user/.m2/repository/org/eclipse/jetty/jetty-servlet/9.3.24.v20180605/jetty-servlet-9.3.24.v20180605.jar:/home/user/.m2/repository/org/eclipse/jetty/jetty-security/9.3.24.v20180605/jetty-security-9.3.24.v20180605.jar:/home/user/.m2/repository/javax/servlet/jsp/jsp-api/2.1/jsp-api-2.1.jar:/home/user/.m2/repository/com/sun/jersey/jersey-servlet/1.19/jersey-servlet-1.19.jar:/home/user/.m2/repository/com/sun/jersey/jersey-json/1.19/jersey-json-1.19.jar:/home/user/.m2/repository/org/codehaus/jettison/jettison/1.1/jettison-1.1.jar:/home/user/.m2/repository/org/codehaus/jackson/jackson-core-asl/1.9.13/jackson-core-asl-1.9.13.jar:/home/user/.m2/repository/org/codehaus/jackson/jackson-mapper-asl/1.9.13/jackson-mapper-asl-1.9.13.jar:/home/user/.m2/repository/org/codehaus/jackson/jackson-jaxrs/1.9.13/jackson-jaxrs-1.9.13.jar:/home/user/.m2/repository/org/codehaus/jackson/jackson-xc/1.9.13/jackson-xc-1.9.13.jar:/home/user/.m2/repository/commons-logging/commons-logging/1.1.3/commons-logging-1.1.3.jar:/home/user/.m2/repository/commons-beanutils/commons-beanutils/1.9.4/commons-beanutils-1.9.4.jar:/home/user/.m2/repository/org/apache/commons/commons-configuration2/2.1.1/commons-configuration2-2.1.1.jar:/home/user/.m2/repository/org/apache/commons/commons-lang3/3.7/commons-lang3-3.7.jar:/home/user/.m2/repository/org/apache/commons/commons-text/1.4/commons-text-1.4.jar:/home/user/.m2/repository/org/apache/avro/avro/1.7.7/avro-1.7.7.jar:/home/user/.m2/repository/com/thoughtworks/paranamer/paranamer/2.3/paranamer-2.3.jar:/home/user/.m2/repository/org/xerial/snappy/snappy-java/1.0.5/snappy-java-1.0.5.jar:/home/user/.m2/repository/com/google/re2j/re2j/1.1/re2j-1.1.jar:/home/user/.m2/repository/com/google/code/gson/gson/2.2.4/gson-2.2.4.jar:/home/user/.m2/repository/com/jcraft/jsch/0.1.54/jsch-0.1.54.jar:/home/user/.m2/repository/org/apache/curator/curator-client/2.12.0/curator-client-2.12.0.jar:/home/user/.m2/repository/org/apache/curator/curator-recipes/2.12.0/curator-recipes-2.12.0.jar:/home/user/.m2/repository/com/google/code/findbugs/jsr305/3.0.0/jsr305-3.0.0.jar:/home/user/.m2/repository/org/apache/htrace/htrace-core4/4.1.0-incubating/htrace-core4-4.1.0-incubating.jar:/home/user/.m2/repository/org/apache/zookeeper/zookeeper/3.4.13/zookeeper-3.4.13.jar:/home/user/.m2/repository/org/apache/yetus/audience-annotations/0.5.0/audience-annotations-0.5.0.jar:/home/user/.m2/repository/org/codehaus/woodstox/stax2-api/3.1.4/stax2-api-3.1.4.jar:/home/user/.m2/repository/com/fasterxml/woodstox/woodstox-core/5.0.3/woodstox-core-5.0.3.jar:/home/user/.m2/repository/dnsjava/dnsjava/2.1.7/dnsjava-2.1.7.jar:/home/user/.m2/repository/org/apache/hadoop/hadoop-hdfs/3.2.0/hadoop-hdfs-3.2.0-tests.jar:/home/user/.m2/repository/org/eclipse/jetty/jetty-util-ajax/9.3.24.v20180605/jetty-util-ajax-9.3.24.v20180605.jar:/home/user/.m2/repository/commons-daemon/commons-daemon/1.0.13/commons-daemon-1.0.13.jar:/home/user/.m2/repository/io/netty/netty/3.10.5.Final/netty-3.10.5.Final.jar:/home/user/.m2/repository/io/netty/netty-all/4.0.52.Final/netty-all-4.0.52.Final.jar:/home/user/.m2/repository/org/fusesource/leveldbjni/leveldbjni-all/1.8/leveldbjni-all-1.8.jar:"/>
    <property name="java.vm.vendor" value="IcedTea"/>
    <property name="sun.arch.data.model" value="64"/>
    <property name="test.build.dir" value="/workdir/hadoop-ozone/integration-test/target/test-dir"/>
    <property name="test.cache.data" value=""/>
    <property name="java.vendor.url" value="https://icedtea.classpath.org"/>
    <property name="user.timezone" value=""/>
    <property name="java.vm.specification.version" value="1.8"/>
    <property name="os.name" value="Linux"/>
    <property name="test.build.data" value="/workdir/hadoop-ozone/integration-test/target/test-dir"/>
    <property name="user.country" value="US"/>
    <property name="sun.java.launcher" value="SUN_STANDARD"/>
    <property name="sun.boot.library.path" value="/usr/lib/jvm/java-1.8-openjdk/jre/lib/amd64"/>
    <property name="sun.java.command" value="/workdir/hadoop-ozone/integration-test/target/surefire/surefirebooter7712199135201985786.jar /workdir/hadoop-ozone/integration-test/target/surefire 2019-09-19T08-36-04_555-jvmRun1 surefire2091347998056802735tmp surefire_446801303003746629254tmp"/>
    <property name="test" value="!TestMiniChaosOzoneCluster"/>
    <property name="surefire.test.class.path" value="/workdir/hadoop-ozone/integration-test/target/test-classes:/workdir/hadoop-ozone/integration-test/target/classes:/home/user/.m2/repository/org/apache/hadoop/hadoop-ozone-common/0.5.0-SNAPSHOT/hadoop-ozone-common-0.5.0-SNAPSHOT.jar:/home/user/.m2/repository/org/apache/commons/commons-compress/1.4.1/commons-compress-1.4.1.jar:/home/user/.m2/repository/org/tukaani/xz/1.0/xz-1.0.jar:/home/user/.m2/repository/org/apache/hadoop/hadoop-common/3.2.0/hadoop-common-3.2.0.jar:/home/user/.m2/repository/org/apache/hadoop/hadoop-hdfs/3.2.0/hadoop-hdfs-3.2.0.jar:/home/user/.m2/repository/org/apache/hadoop/hadoop-hdfs-client/3.2.0/hadoop-hdfs-client-3.2.0.jar:/home/user/.m2/repository/com/fasterxml/jackson/core/jackson-annotations/2.9.9/jackson-annotations-2.9.9.jar:/home/user/.m2/repository/org/apache/hadoop/hadoop-hdds-common/0.5.0-SNAPSHOT/hadoop-hdds-common-0.5.0-SNAPSHOT.jar:/home/user/.m2/repository/javax/annotation/javax.annotation-api/1.2/javax.annotation-api-1.2.jar:/home/user/.m2/repository/org/apache/ratis/ratis-server/0.4.0-78e95b9-SNAPSHOT/ratis-server-0.4.0-78e95b9-SNAPSHOT.jar:/home/user/.m2/repository/org/apache/ratis/ratis-thirdparty-misc/0.2.0/ratis-thirdparty-misc-0.2.0.jar:/home/user/.m2/repository/org/apache/ratis/ratis-proto/0.4.0-78e95b9-SNAPSHOT/ratis-proto-0.4.0-78e95b9-SNAPSHOT.jar:/home/user/.m2/repository/org/apache/ratis/ratis-common/0.4.0-78e95b9-SNAPSHOT/ratis-common-0.4.0-78e95b9-SNAPSHOT.jar:/home/user/.m2/repository/org/apache/ratis/ratis-client/0.4.0-78e95b9-SNAPSHOT/ratis-client-0.4.0-78e95b9-SNAPSHOT.jar:/home/user/.m2/repository/org/apache/ratis/ratis-metrics/0.4.0-78e95b9-SNAPSHOT/ratis-metrics-0.4.0-78e95b9-SNAPSHOT.jar:/home/user/.m2/repository/com/github/joshelser/dropwizard-metrics-hadoop-metrics2-reporter/0.1.2/dropwizard-metrics-hadoop-metrics2-reporter-0.1.2.jar:/home/user/.m2/repository/io/dropwizard/metrics/metrics-jvm/3.2.5/metrics-jvm-3.2.5.jar:/home/user/.m2/repository/io/dropwizard/metrics/metrics-ganglia/3.2.5/metrics-ganglia-3.2.5.jar:/home/user/.m2/repository/info/ganglia/gmetric4j/gmetric4j/1.0.7/gmetric4j-1.0.7.jar:/home/user/.m2/repository/org/apache/ratis/ratis-netty/0.4.0-78e95b9-SNAPSHOT/ratis-netty-0.4.0-78e95b9-SNAPSHOT.jar:/home/user/.m2/repository/org/apache/ratis/ratis-grpc/0.4.0-78e95b9-SNAPSHOT/ratis-grpc-0.4.0-78e95b9-SNAPSHOT.jar:/home/user/.m2/repository/org/rocksdb/rocksdbjni/6.0.1/rocksdbjni-6.0.1.jar:/home/user/.m2/repository/org/apache/logging/log4j/log4j-api/2.11.0/log4j-api-2.11.0.jar:/home/user/.m2/repository/org/apache/logging/log4j/log4j-core/2.11.0/log4j-core-2.11.0.jar:/home/user/.m2/repository/com/lmax/disruptor/3.4.2/disruptor-3.4.2.jar:/home/user/.m2/repository/org/apache/commons/commons-pool2/2.6.0/commons-pool2-2.6.0.jar:/home/user/.m2/repository/org/bouncycastle/bcpkix-jdk15on/1.60/bcpkix-jdk15on-1.60.jar:/home/user/.m2/repository/commons-validator/commons-validator/1.6/commons-validator-1.6.jar:/home/user/.m2/repository/commons-digester/commons-digester/1.8.1/commons-digester-1.8.1.jar:/home/user/.m2/repository/io/jaegertracing/jaeger-client/0.33.1/jaeger-client-0.33.1.jar:/home/user/.m2/repository/io/jaegertracing/jaeger-thrift/0.33.1/jaeger-thrift-0.33.1.jar:/home/user/.m2/repository/org/apache/thrift/libthrift/0.11.0/libthrift-0.11.0.jar:/home/user/.m2/repository/com/squareup/okhttp3/okhttp/3.9.0/okhttp-3.9.0.jar:/home/user/.m2/repository/com/squareup/okio/okio/1.13.0/okio-1.13.0.jar:/home/user/.m2/repository/io/jaegertracing/jaeger-core/0.33.1/jaeger-core-0.33.1.jar:/home/user/.m2/repository/io/jaegertracing/jaeger-tracerresolver/0.33.1/jaeger-tracerresolver-0.33.1.jar:/home/user/.m2/repository/io/opentracing/contrib/opentracing-tracerresolver/0.1.5/opentracing-tracerresolver-0.1.5.jar:/home/user/.m2/repository/io/opentracing/opentracing-util/0.31.0/opentracing-util-0.31.0.jar:/home/user/.m2/repository/io/opentracing/opentracing-api/0.31.0/opentracing-api-0.31.0.jar:/home/user/.m2/repository/io/opentracing/opentracing-noop/0.31.0/opentracing-noop-0.31.0.jar:/home/user/.m2/repository/org/apache/hadoop/hadoop-hdds-server-framework/0.5.0-SNAPSHOT/hadoop-hdds-server-framework-0.5.0-SNAPSHOT.jar:/home/user/.m2/repository/org/apache/hadoop/hadoop-hdds-container-service/0.5.0-SNAPSHOT/hadoop-hdds-container-service-0.5.0-SNAPSHOT.jar:/home/user/.m2/repository/org/apache/hadoop/hadoop-hdds-client/0.5.0-SNAPSHOT/hadoop-hdds-client-0.5.0-SNAPSHOT.jar:/home/user/.m2/repository/org/apache/hadoop/hadoop-hdds-tools/0.5.0-SNAPSHOT/hadoop-hdds-tools-0.5.0-SNAPSHOT.jar:/home/user/.m2/repository/org/apache/hadoop/hadoop-hdds-server-scm/0.5.0-SNAPSHOT/hadoop-hdds-server-scm-0.5.0-SNAPSHOT.jar:/home/user/.m2/repository/org/apache/hadoop/hadoop-hdds-docs/0.5.0-SNAPSHOT/hadoop-hdds-docs-0.5.0-SNAPSHOT.jar:/home/user/.m2/repository/io/dropwizard/metrics/metrics-core/3.2.4/metrics-core-3.2.4.jar:/home/user/.m2/repository/org/hamcrest/hamcrest-all/1.3/hamcrest-all-1.3.jar:/home/user/.m2/repository/org/bouncycastle/bcprov-jdk15on/1.60/bcprov-jdk15on-1.60.jar:/home/user/.m2/repository/info/picocli/picocli/3.9.6/picocli-3.9.6.jar:/home/user/.m2/repository/com/google/protobuf/protobuf-java/2.5.0/protobuf-java-2.5.0.jar:/home/user/.m2/repository/com/google/guava/guava/11.0.2/guava-11.0.2.jar:/home/user/.m2/repository/org/apache/hadoop/hadoop-ozone-ozone-manager/0.5.0-SNAPSHOT/hadoop-ozone-ozone-manager-0.5.0-SNAPSHOT.jar:/home/user/.m2/repository/org/apache/hadoop/hadoop-minikdc/3.2.0/hadoop-minikdc-3.2.0.jar:/home/user/.m2/repository/commons-io/commons-io/2.5/commons-io-2.5.jar:/home/user/.m2/repository/org/apache/kerby/kerb-simplekdc/1.0.1/kerb-simplekdc-1.0.1.jar:/home/user/.m2/repository/org/apache/kerby/kerb-client/1.0.1/kerb-client-1.0.1.jar:/home/user/.m2/repository/org/apache/kerby/kerby-config/1.0.1/kerby-config-1.0.1.jar:/home/user/.m2/repository/org/apache/kerby/kerb-core/1.0.1/kerb-core-1.0.1.jar:/home/user/.m2/repository/org/apache/kerby/kerby-pkix/1.0.1/kerby-pkix-1.0.1.jar:/home/user/.m2/repository/org/apache/kerby/kerby-asn1/1.0.1/kerby-asn1-1.0.1.jar:/home/user/.m2/repository/org/apache/kerby/kerby-util/1.0.1/kerby-util-1.0.1.jar:/home/user/.m2/repository/org/apache/kerby/kerb-common/1.0.1/kerb-common-1.0.1.jar:/home/user/.m2/repository/org/apache/kerby/kerb-crypto/1.0.1/kerb-crypto-1.0.1.jar:/home/user/.m2/repository/org/apache/kerby/kerb-util/1.0.1/kerb-util-1.0.1.jar:/home/user/.m2/repository/org/apache/kerby/token-provider/1.0.1/token-provider-1.0.1.jar:/home/user/.m2/repository/org/apache/kerby/kerb-admin/1.0.1/kerb-admin-1.0.1.jar:/home/user/.m2/repository/org/apache/kerby/kerb-server/1.0.1/kerb-server-1.0.1.jar:/home/user/.m2/repository/org/apache/kerby/kerb-identity/1.0.1/kerb-identity-1.0.1.jar:/home/user/.m2/repository/org/apache/kerby/kerby-xdr/1.0.1/kerby-xdr-1.0.1.jar:/home/user/.m2/repository/org/slf4j/slf4j-log4j12/1.7.25/slf4j-log4j12-1.7.25.jar:/home/user/.m2/repository/org/apache/hadoop/hadoop-ozone-s3gateway/0.5.0-SNAPSHOT/hadoop-ozone-s3gateway-0.5.0-SNAPSHOT.jar:/home/user/.m2/repository/org/jboss/weld/servlet/weld-servlet/2.4.7.Final/weld-servlet-2.4.7.Final.jar:/home/user/.m2/repository/org/glassfish/jersey/containers/jersey-container-servlet-core/2.27/jersey-container-servlet-core-2.27.jar:/home/user/.m2/repository/org/glassfish/hk2/external/javax.inject/2.5.0-b42/javax.inject-2.5.0-b42.jar:/home/user/.m2/repository/org/glassfish/jersey/core/jersey-common/2.27/jersey-common-2.27.jar:/home/user/.m2/repository/org/glassfish/hk2/osgi-resource-locator/1.0.1/osgi-resource-locator-1.0.1.jar:/home/user/.m2/repository/javax/ws/rs/javax.ws.rs-api/2.1/javax.ws.rs-api-2.1.jar:/home/user/.m2/repository/org/glassfish/jersey/ext/cdi/jersey-cdi1x/2.27/jersey-cdi1x-2.27.jar:/home/user/.m2/repository/org/glassfish/jersey/inject/jersey-hk2/2.27/jersey-hk2-2.27.jar:/home/user/.m2/repository/org/glassfish/hk2/hk2-locator/2.5.0-b42/hk2-locator-2.5.0-b42.jar:/home/user/.m2/repository/org/javassist/javassist/3.22.0-CR2/javassist-3.22.0-CR2.jar:/home/user/.m2/repository/org/glassfish/hk2/hk2-api/2.5.0/hk2-api-2.5.0.jar:/home/user/.m2/repository/org/glassfish/hk2/external/jakarta.inject/2.5.0/jakarta.inject-2.5.0.jar:/home/user/.m2/repository/org/glassfish/hk2/hk2-utils/2.5.0/hk2-utils-2.5.0.jar:/home/user/.m2/repository/jakarta/annotation/jakarta.annotation-api/1.3.4/jakarta.annotation-api-1.3.4.jar:/home/user/.m2/repository/org/glassfish/hk2/external/aopalliance-repackaged/2.5.0/aopalliance-repackaged-2.5.0.jar:/home/user/.m2/repository/com/fasterxml/jackson/dataformat/jackson-dataformat-xml/2.9.0/jackson-dataformat-xml-2.9.0.jar:/home/user/.m2/repository/com/fasterxml/jackson/core/jackson-core/2.9.9/jackson-core-2.9.9.jar:/home/user/.m2/repository/com/fasterxml/jackson/module/jackson-module-jaxb-annotations/2.9.9/jackson-module-jaxb-annotations-2.9.9.jar:/home/user/.m2/repository/javax/enterprise/cdi-api/1.2/cdi-api-1.2.jar:/home/user/.m2/repository/javax/el/javax.el-api/3.0.0/javax.el-api-3.0.0.jar:/home/user/.m2/repository/javax/interceptor/javax.interceptor-api/1.2/javax.interceptor-api-1.2.jar:/home/user/.m2/repository/javax/inject/javax.inject/1/javax.inject-1.jar:/home/user/.m2/repository/com/sun/xml/bind/jaxb-impl/2.3.0.1/jaxb-impl-2.3.0.1.jar:/home/user/.m2/repository/com/sun/xml/bind/jaxb-core/2.3.0.1/jaxb-core-2.3.0.1.jar:/home/user/.m2/repository/javax/xml/bind/jaxb-api/2.3.0/jaxb-api-2.3.0.jar:/home/user/.m2/repository/javax/activation/activation/1.1.1/activation-1.1.1.jar:/home/user/.m2/repository/org/apache/hadoop/hadoop-ozone-csi/0.5.0-SNAPSHOT/hadoop-ozone-csi-0.5.0-SNAPSHOT.jar:/home/user/.m2/repository/com/google/protobuf/protobuf-java-util/3.5.1/protobuf-java-util-3.5.1.jar:/home/user/.m2/repository/org/apache/hadoop/hadoop-hdds-config/0.5.0-SNAPSHOT/hadoop-hdds-config-0.5.0-SNAPSHOT.jar:/home/user/.m2/repository/io/grpc/grpc-netty/1.17.1/grpc-netty-1.17.1.jar:/home/user/.m2/repository/io/grpc/grpc-core/1.17.1/grpc-core-1.17.1.jar:/home/user/.m2/repository/io/grpc/grpc-context/1.17.1/grpc-context-1.17.1.jar:/home/user/.m2/repository/com/google/errorprone/error_prone_annotations/2.2.0/error_prone_annotations-2.2.0.jar:/home/user/.m2/repository/org/codehaus/mojo/animal-sniffer-annotations/1.17/animal-sniffer-annotations-1.17.jar:/home/user/.m2/repository/io/opencensus/opencensus-api/0.17.0/opencensus-api-0.17.0.jar:/home/user/.m2/repository/io/opencensus/opencensus-contrib-grpc-metrics/0.17.0/opencensus-contrib-grpc-metrics-0.17.0.jar:/home/user/.m2/repository/io/netty/netty-codec-http2/4.1.30.Final/netty-codec-http2-4.1.30.Final.jar:/home/user/.m2/repository/io/netty/netty-codec-http/4.1.30.Final/netty-codec-http-4.1.30.Final.jar:/home/user/.m2/repository/io/netty/netty-codec/4.1.30.Final/netty-codec-4.1.30.Final.jar:/home/user/.m2/repository/io/netty/netty-handler/4.1.30.Final/netty-handler-4.1.30.Final.jar:/home/user/.m2/repository/io/netty/netty-handler-proxy/4.1.30.Final/netty-handler-proxy-4.1.30.Final.jar:/home/user/.m2/repository/io/netty/netty-codec-socks/4.1.30.Final/netty-codec-socks-4.1.30.Final.jar:/home/user/.m2/repository/io/netty/netty-transport-native-epoll/4.1.30.Final/netty-transport-native-epoll-4.1.30.Final.jar:/home/user/.m2/repository/io/netty/netty-common/4.1.30.Final/netty-common-4.1.30.Final.jar:/home/user/.m2/repository/io/netty/netty-buffer/4.1.30.Final/netty-buffer-4.1.30.Final.jar:/home/user/.m2/repository/io/netty/netty-transport/4.1.30.Final/netty-transport-4.1.30.Final.jar:/home/user/.m2/repository/io/netty/netty-resolver/4.1.30.Final/netty-resolver-4.1.30.Final.jar:/home/user/.m2/repository/io/netty/netty-transport-native-unix-common/4.1.30.Final/netty-transport-native-unix-common-4.1.30.Final.jar:/home/user/.m2/repository/io/grpc/grpc-protobuf/1.17.1/grpc-protobuf-1.17.1.jar:/home/user/.m2/repository/com/google/api/grpc/proto-google-common-protos/1.0.0/proto-google-common-protos-1.0.0.jar:/home/user/.m2/repository/io/grpc/grpc-protobuf-lite/1.17.1/grpc-protobuf-lite-1.17.1.jar:/home/user/.m2/repository/io/grpc/grpc-stub/1.17.1/grpc-stub-1.17.1.jar:/home/user/.m2/repository/org/apache/hadoop/hadoop-ozone-recon/0.5.0-SNAPSHOT/hadoop-ozone-recon-0.5.0-SNAPSHOT.jar:/home/user/.m2/repository/org/apache/hadoop/hadoop-ozone-reconcodegen/0.5.0-SNAPSHOT/hadoop-ozone-reconcodegen-0.5.0-SNAPSHOT.jar:/home/user/.m2/repository/com/google/inject/extensions/guice-multibindings/4.0/guice-multibindings-4.0.jar:/home/user/.m2/repository/com/google/inject/guice/4.0/guice-4.0.jar:/home/user/.m2/repository/aopalliance/aopalliance/1.0/aopalliance-1.0.jar:/home/user/.m2/repository/com/google/inject/extensions/guice-servlet/4.0/guice-servlet-4.0.jar:/home/user/.m2/repository/org/glassfish/jersey/containers/jersey-container-servlet/2.27/jersey-container-servlet-2.27.jar:/home/user/.m2/repository/org/glassfish/hk2/guice-bridge/2.5.0/guice-bridge-2.5.0.jar:/home/user/.m2/repository/org/glassfish/jersey/core/jersey-server/2.27/jersey-server-2.27.jar:/home/user/.m2/repository/org/glassfish/jersey/core/jersey-client/2.27/jersey-client-2.27.jar:/home/user/.m2/repository/org/glassfish/jersey/media/jersey-media-jaxb/2.27/jersey-media-jaxb-2.27.jar:/home/user/.m2/repository/javax/validation/validation-api/1.1.0.Final/validation-api-1.1.0.Final.jar:/home/user/.m2/repository/org/glassfish/jersey/media/jersey-media-json-jackson/2.27/jersey-media-json-jackson-2.27.jar:/home/user/.m2/repository/org/glassfish/jersey/ext/jersey-entity-filtering/2.27/jersey-entity-filtering-2.27.jar:/home/user/.m2/repository/com/google/inject/extensions/guice-assistedinject/4.0/guice-assistedinject-4.0.jar:/home/user/.m2/repository/org/jooq/jooq/3.11.10/jooq-3.11.10.jar:/home/user/.m2/repository/org/jooq/jooq-meta/3.11.10/jooq-meta-3.11.10.jar:/home/user/.m2/repository/org/jooq/jooq-codegen/3.11.10/jooq-codegen-3.11.10.jar:/home/user/.m2/repository/com/jolbox/bonecp/0.8.0.RELEASE/bonecp-0.8.0.RELEASE.jar:/home/user/.m2/repository/org/xerial/sqlite-jdbc/3.25.2/sqlite-jdbc-3.25.2.jar:/home/user/.m2/repository/org/springframework/spring-jdbc/5.1.3.RELEASE/spring-jdbc-5.1.3.RELEASE.jar:/home/user/.m2/repository/org/springframework/spring-beans/5.1.3.RELEASE/spring-beans-5.1.3.RELEASE.jar:/home/user/.m2/repository/org/springframework/spring-core/5.1.3.RELEASE/spring-core-5.1.3.RELEASE.jar:/home/user/.m2/repository/org/springframework/spring-jcl/5.1.3.RELEASE/spring-jcl-5.1.3.RELEASE.jar:/home/user/.m2/repository/org/springframework/spring-tx/5.1.3.RELEASE/spring-tx-5.1.3.RELEASE.jar:/home/user/.m2/repository/org/apache/hadoop/hadoop-ozone-client/0.5.0-SNAPSHOT/hadoop-ozone-client-0.5.0-SNAPSHOT.jar:/home/user/.m2/repository/commons-lang/commons-lang/2.6/commons-lang-2.6.jar:/home/user/.m2/repository/org/apache/hadoop/hadoop-ozone-ozone-manager/0.5.0-SNAPSHOT/hadoop-ozone-ozone-manager-0.5.0-SNAPSHOT-tests.jar:/home/user/.m2/repository/junit/junit/4.11/junit-4.11.jar:/home/user/.m2/repository/org/hamcrest/hamcrest-core/1.3/hamcrest-core-1.3.jar:/home/user/.m2/repository/org/openjdk/jmh/jmh-core/1.19/jmh-core-1.19.jar:/home/user/.m2/repository/net/sf/jopt-simple/jopt-simple/4.6/jopt-simple-4.6.jar:/home/user/.m2/repository/org/apache/commons/commons-math3/3.1.1/commons-math3-3.1.1.jar:/home/user/.m2/repository/org/openjdk/jmh/jmh-generator-annprocess/1.19/jmh-generator-annprocess-1.19.jar:/home/user/.m2/repository/org/mockito/mockito-all/1.8.5/mockito-all-1.8.5.jar:/home/user/.m2/repository/org/apache/hadoop/hadoop-kms/3.2.0/hadoop-kms-3.2.0.jar:/home/user/.m2/repository/org/apache/hadoop/hadoop-auth/3.2.0/hadoop-auth-3.2.0.jar:/home/user/.m2/repository/com/nimbusds/nimbus-jose-jwt/4.41.1/nimbus-jose-jwt-4.41.1.jar:/home/user/.m2/repository/com/github/stephenc/jcip/jcip-annotations/1.0-1/jcip-annotations-1.0-1.jar:/home/user/.m2/repository/net/minidev/json-smart/2.3/json-smart-2.3.jar:/home/user/.m2/repository/net/minidev/accessors-smart/1.2/accessors-smart-1.2.jar:/home/user/.m2/repository/org/ow2/asm/asm/5.0.4/asm-5.0.4.jar:/home/user/.m2/repository/org/apache/curator/curator-framework/2.12.0/curator-framework-2.12.0.jar:/home/user/.m2/repository/com/sun/jersey/jersey-core/1.19/jersey-core-1.19.jar:/home/user/.m2/repository/javax/ws/rs/jsr311-api/1.1.1/jsr311-api-1.1.1.jar:/home/user/.m2/repository/com/sun/jersey/jersey-server/1.19/jersey-server-1.19.jar:/home/user/.m2/repository/javax/servlet/javax.servlet-api/3.1.0/javax.servlet-api-3.1.0.jar:/home/user/.m2/repository/org/eclipse/jetty/jetty-server/9.3.24.v20180605/jetty-server-9.3.24.v20180605.jar:/home/user/.m2/repository/org/eclipse/jetty/jetty-http/9.3.24.v20180605/jetty-http-9.3.24.v20180605.jar:/home/user/.m2/repository/org/eclipse/jetty/jetty-io/9.3.24.v20180605/jetty-io-9.3.24.v20180605.jar:/home/user/.m2/repository/org/eclipse/jetty/jetty-webapp/9.3.24.v20180605/jetty-webapp-9.3.24.v20180605.jar:/home/user/.m2/repository/org/eclipse/jetty/jetty-xml/9.3.24.v20180605/jetty-xml-9.3.24.v20180605.jar:/home/user/.m2/repository/log4j/log4j/1.2.17/log4j-1.2.17.jar:/home/user/.m2/repository/org/slf4j/slf4j-api/1.7.25/slf4j-api-1.7.25.jar:/home/user/.m2/repository/org/slf4j/jul-to-slf4j/1.7.25/jul-to-slf4j-1.7.25.jar:/home/user/.m2/repository/org/eclipse/jetty/jetty-util/9.3.24.v20180605/jetty-util-9.3.24.v20180605.jar:/home/user/.m2/repository/com/fasterxml/jackson/core/jackson-databind/2.9.9/jackson-databind-2.9.9.jar:/home/user/.m2/repository/org/apache/hadoop/hadoop-kms/3.2.0/hadoop-kms-3.2.0-tests.jar:/home/user/.m2/repository/org/apache/hadoop/hadoop-hdds-server-scm/0.5.0-SNAPSHOT/hadoop-hdds-server-scm-0.5.0-SNAPSHOT-tests.jar:/home/user/.m2/repository/org/apache/hadoop/hadoop-hdds-container-service/0.5.0-SNAPSHOT/hadoop-hdds-container-service-0.5.0-SNAPSHOT-tests.jar:/home/user/.m2/repository/org/yaml/snakeyaml/1.16/snakeyaml-1.16.jar:/home/user/.m2/repository/org/apache/hadoop/hadoop-common/3.2.0/hadoop-common-3.2.0-tests.jar:/home/user/.m2/repository/org/apache/hadoop/hadoop-annotations/3.2.0/hadoop-annotations-3.2.0.jar:/usr/lib/jvm/java-1.8-openjdk/jre/../lib/tools.jar:/home/user/.m2/repository/commons-cli/commons-cli/1.2/commons-cli-1.2.jar:/home/user/.m2/repository/org/apache/httpcomponents/httpclient/4.5.2/httpclient-4.5.2.jar:/home/user/.m2/repository/org/apache/httpcomponents/httpcore/4.4.4/httpcore-4.4.4.jar:/home/user/.m2/repository/commons-codec/commons-codec/1.11/commons-codec-1.11.jar:/home/user/.m2/repository/commons-net/commons-net/3.6/commons-net-3.6.jar:/home/user/.m2/repository/commons-collections/commons-collections/3.2.2/commons-collections-3.2.2.jar:/home/user/.m2/repository/org/eclipse/jetty/jetty-servlet/9.3.24.v20180605/jetty-servlet-9.3.24.v20180605.jar:/home/user/.m2/repository/org/eclipse/jetty/jetty-security/9.3.24.v20180605/jetty-security-9.3.24.v20180605.jar:/home/user/.m2/repository/javax/servlet/jsp/jsp-api/2.1/jsp-api-2.1.jar:/home/user/.m2/repository/com/sun/jersey/jersey-servlet/1.19/jersey-servlet-1.19.jar:/home/user/.m2/repository/com/sun/jersey/jersey-json/1.19/jersey-json-1.19.jar:/home/user/.m2/repository/org/codehaus/jettison/jettison/1.1/jettison-1.1.jar:/home/user/.m2/repository/org/codehaus/jackson/jackson-core-asl/1.9.13/jackson-core-asl-1.9.13.jar:/home/user/.m2/repository/org/codehaus/jackson/jackson-mapper-asl/1.9.13/jackson-mapper-asl-1.9.13.jar:/home/user/.m2/repository/org/codehaus/jackson/jackson-jaxrs/1.9.13/jackson-jaxrs-1.9.13.jar:/home/user/.m2/repository/org/codehaus/jackson/jackson-xc/1.9.13/jackson-xc-1.9.13.jar:/home/user/.m2/repository/commons-logging/commons-logging/1.1.3/commons-logging-1.1.3.jar:/home/user/.m2/repository/commons-beanutils/commons-beanutils/1.9.4/commons-beanutils-1.9.4.jar:/home/user/.m2/repository/org/apache/commons/commons-configuration2/2.1.1/commons-configuration2-2.1.1.jar:/home/user/.m2/repository/org/apache/commons/commons-lang3/3.7/commons-lang3-3.7.jar:/home/user/.m2/repository/org/apache/commons/commons-text/1.4/commons-text-1.4.jar:/home/user/.m2/repository/org/apache/avro/avro/1.7.7/avro-1.7.7.jar:/home/user/.m2/repository/com/thoughtworks/paranamer/paranamer/2.3/paranamer-2.3.jar:/home/user/.m2/repository/org/xerial/snappy/snappy-java/1.0.5/snappy-java-1.0.5.jar:/home/user/.m2/repository/com/google/re2j/re2j/1.1/re2j-1.1.jar:/home/user/.m2/repository/com/google/code/gson/gson/2.2.4/gson-2.2.4.jar:/home/user/.m2/repository/com/jcraft/jsch/0.1.54/jsch-0.1.54.jar:/home/user/.m2/repository/org/apache/curator/curator-client/2.12.0/curator-client-2.12.0.jar:/home/user/.m2/repository/org/apache/curator/curator-recipes/2.12.0/curator-recipes-2.12.0.jar:/home/user/.m2/repository/com/google/code/findbugs/jsr305/3.0.0/jsr305-3.0.0.jar:/home/user/.m2/repository/org/apache/htrace/htrace-core4/4.1.0-incubating/htrace-core4-4.1.0-incubating.jar:/home/user/.m2/repository/org/apache/zookeeper/zookeeper/3.4.13/zookeeper-3.4.13.jar:/home/user/.m2/repository/org/apache/yetus/audience-annotations/0.5.0/audience-annotations-0.5.0.jar:/home/user/.m2/repository/org/codehaus/woodstox/stax2-api/3.1.4/stax2-api-3.1.4.jar:/home/user/.m2/repository/com/fasterxml/woodstox/woodstox-core/5.0.3/woodstox-core-5.0.3.jar:/home/user/.m2/repository/dnsjava/dnsjava/2.1.7/dnsjava-2.1.7.jar:/home/user/.m2/repository/org/apache/hadoop/hadoop-hdfs/3.2.0/hadoop-hdfs-3.2.0-tests.jar:/home/user/.m2/repository/org/eclipse/jetty/jetty-util-ajax/9.3.24.v20180605/jetty-util-ajax-9.3.24.v20180605.jar:/home/user/.m2/repository/commons-daemon/commons-daemon/1.0.13/commons-daemon-1.0.13.jar:/home/user/.m2/repository/io/netty/netty/3.10.5.Final/netty-3.10.5.Final.jar:/home/user/.m2/repository/io/netty/netty-all/4.0.52.Final/netty-all-4.0.52.Final.jar:/home/user/.m2/repository/org/fusesource/leveldbjni/leveldbjni-all/1.8/leveldbjni-all-1.8.jar:"/>
    <property name="sun.cpu.endian" value="little"/>
    <property name="user.home" value="/home/user"/>
    <property name="user.language" value="en"/>
    <property name="java.specification.vendor" value="Oracle Corporation"/>
    <property name="java.home" value="/usr/lib/jvm/java-1.8-openjdk/jre"/>
    <property name="java.security.krb5.conf" value="/workdir/hadoop-ozone/integration-test/target/test-classes/krb5.conf"/>
    <property name="basedir" value="/workdir/hadoop-ozone/integration-test"/>
    <property name="file.separator" value="/"/>
    <property name="line.separator" value="&#10;"/>
    <property name="java.vm.specification.vendor" value="Oracle Corporation"/>
    <property name="java.specification.name" value="Java Platform API Specification"/>
    <property name="java.awt.graphicsenv" value="sun.awt.X11GraphicsEnvironment"/>
    <property name="surefire.real.class.path" value="/workdir/hadoop-ozone/integration-test/target/surefire/surefirebooter7712199135201985786.jar"/>
    <property name="hadoop.log.dir" value="/workdir/hadoop-ozone/integration-test/target/log"/>
    <property name="sun.boot.class.path" value="/usr/lib/jvm/java-1.8-openjdk/jre/lib/resources.jar:/usr/lib/jvm/java-1.8-openjdk/jre/lib/rt.jar:/usr/lib/jvm/java-1.8-openjdk/jre/lib/sunrsasign.jar:/usr/lib/jvm/java-1.8-openjdk/jre/lib/jsse.jar:/usr/lib/jvm/java-1.8-openjdk/jre/lib/jce.jar:/usr/lib/jvm/java-1.8-openjdk/jre/lib/charsets.jar:/usr/lib/jvm/java-1.8-openjdk/jre/lib/jfr.jar:/usr/lib/jvm/java-1.8-openjdk/jre/classes"/>
    <property name="sun.management.compiler" value="HotSpot 64-Bit Tiered Compilers"/>
    <property name="java.runtime.version" value="1.8.0_212-b04"/>
    <property name="java.net.preferIPv4Stack" value="true"/>
    <property name="user.name" value="jenkins1000"/>
    <property name="path.separator" value=":"/>
    <property name="java.security.egd" value="file:///dev/urandom"/>
    <property name="os.version" value="3.10.0-957.12.2.el7.x86_64"/>
    <property name="java.endorsed.dirs" value="/usr/lib/jvm/java-1.8-openjdk/jre/lib/endorsed"/>
    <property name="java.runtime.name" value="OpenJDK Runtime Environment"/>
    <property name="file.encoding" value="UTF-8"/>
    <property name="java.vm.name" value="OpenJDK 64-Bit Server VM"/>
    <property name="test.build.webapps" value=""/>
    <property name="localRepository" value="/home/user/.m2/repository"/>
    <property name="java.vendor.url.bug" value="https://icedtea.classpath.org/bugzilla"/>
    <property name="java.io.tmpdir" value="/tmp"/>
    <property name="require.test.libhadoop" value=""/>
    <property name="java.version" value="1.8.0_212"/>
    <property name="user.dir" value="/workdir/hadoop-ozone/integration-test"/>
    <property name="os.arch" value="amd64"/>
    <property name="java.vm.specification.name" value="Java Virtual Machine Specification"/>
    <property name="test.build.classes" value="/workdir/hadoop-ozone/integration-test/target/test-classes"/>
    <property name="java.awt.printerjob" value="sun.print.PSPrinterJob"/>
    <property name="sun.os.patch.level" value="unknown"/>
    <property name="hadoop.tmp.dir" value="/workdir/hadoop-ozone/integration-test/target/tmp"/>
    <property name="java.library.path" value="/usr/lib/jvm/java-1.8-openjdk/jre/lib/amd64/server:/usr/lib/jvm/java-1.8-openjdk/jre/lib/amd64:/usr/lib/jvm/java-1.8-openjdk/jre/../lib/amd64:/workdir/hadoop-ozone/integration-test/target/native/target/usr/local/lib:/workdir/hadoop-ozone/integration-test/../../hadoop-common-project/hadoop-common/target/native/target/usr/local/lib:/usr/java/packages/lib/amd64:/usr/lib64:/lib64:/lib:/usr/lib"/>
    <property name="java.vm.info" value="mixed mode"/>
    <property name="java.vendor" value="IcedTea"/>
    <property name="java.vm.version" value="25.212-b04"/>
    <property name="java.ext.dirs" value="/usr/lib/jvm/java-1.8-openjdk/jre/lib/ext:/usr/java/packages/lib/ext"/>
    <property name="sun.io.unicode.encoding" value="UnicodeLittle"/>
    <property name="java.class.version" value="52.0"/>
  </properties>
  <testcase name="testContainerReplication" classname="org.apache.hadoop.ozone.client.rpc.TestContainerReplicationEndToEnd" time="5.249">
    <error message="Failed to update container state #1, reason: invalid state transition from state: CLOSING upon event: FINALIZE." type="org.apache.hadoop.hdds.scm.exceptions.SCMException">org.apache.hadoop.hdds.scm.exceptions.SCMException: Failed to update container state #1, reason: invalid state transition from state: CLOSING upon event: FINALIZE.
	at org.apache.hadoop.hdds.scm.container.ContainerStateManager.updateContainerState(ContainerStateManager.java:336)
	at org.apache.hadoop.hdds.scm.container.SCMContainerManager.updateContainerState(SCMContainerManager.java:312)
	at org.apache.hadoop.ozone.client.rpc.TestContainerReplicationEndToEnd.testContainerReplication(TestContainerReplicationEndToEnd.java:159)
	at sun.reflect.NativeMethodAccessorImpl.invoke0(Native Method)
	at sun.reflect.NativeMethodAccessorImpl.invoke(NativeMethodAccessorImpl.java:62)
	at sun.reflect.DelegatingMethodAccessorImpl.invoke(DelegatingMethodAccessorImpl.java:43)
	at java.lang.reflect.Method.invoke(Method.java:498)
	at org.junit.runners.model.FrameworkMethod$1.runReflectiveCall(FrameworkMethod.java:47)
	at org.junit.internal.runners.model.ReflectiveCallable.run(ReflectiveCallable.java:12)
	at org.junit.runners.model.FrameworkMethod.invokeExplosively(FrameworkMethod.java:44)
	at org.junit.internal.runners.statements.InvokeMethod.evaluate(InvokeMethod.java:17)
	at org.junit.runners.ParentRunner.runLeaf(ParentRunner.java:271)
	at org.junit.runners.BlockJUnit4ClassRunner.runChild(BlockJUnit4ClassRunner.java:70)
	at org.junit.runners.BlockJUnit4ClassRunner.runChild(BlockJUnit4ClassRunner.java:50)
	at org.junit.runners.ParentRunner$3.run(ParentRunner.java:238)
	at org.junit.runners.ParentRunner$1.schedule(ParentRunner.java:63)
	at org.junit.runners.ParentRunner.runChildren(ParentRunner.java:236)
	at org.junit.runners.ParentRunner.access$000(ParentRunner.java:53)
	at org.junit.runners.ParentRunner$2.evaluate(ParentRunner.java:229)
	at org.junit.internal.runners.statements.RunBefores.evaluate(RunBefores.java:26)
	at org.junit.internal.runners.statements.RunAfters.evaluate(RunAfters.java:27)
	at org.junit.runners.ParentRunner.run(ParentRunner.java:309)
	at org.apache.maven.surefire.junit4.JUnit4Provider.execute(JUnit4Provider.java:365)
	at org.apache.maven.surefire.junit4.JUnit4Provider.executeWithRerun(JUnit4Provider.java:273)
	at org.apache.maven.surefire.junit4.JUnit4Provider.executeTestSet(JUnit4Provider.java:238)
	at org.apache.maven.surefire.junit4.JUnit4Provider.invoke(JUnit4Provider.java:159)
	at org.apache.maven.surefire.booter.ForkedBooter.invokeProviderInSameClassLoader(ForkedBooter.java:384)
	at org.apache.maven.surefire.booter.ForkedBooter.runSuitesInProcess(ForkedBooter.java:345)
	at org.apache.maven.surefire.booter.ForkedBooter.execute(ForkedBooter.java:126)
	at org.apache.maven.surefire.booter.ForkedBooter.main(ForkedBooter.java:418)
</error>
    <system-out><![CDATA[2019-09-19 09:36:32,311 [main] WARN  server.ServerUtils (ServerUtils.java:getScmDbDir(145)) - ozone.scm.db.dirs is not configured. We recommend adding this setting. Falling back to ozone.metadata.dirs instead.
2019-09-19 09:36:32,445 [main] WARN  server.ServerUtils (ServerUtils.java:getScmDbDir(145)) - ozone.scm.db.dirs is not configured. We recommend adding this setting. Falling back to ozone.metadata.dirs instead.
2019-09-19 09:36:32,449 [main] WARN  server.ServerUtils (ServerUtils.java:getScmDbDir(145)) - ozone.scm.db.dirs is not configured. We recommend adding this setting. Falling back to ozone.metadata.dirs instead.
2019-09-19 09:36:32,468 [main] INFO  util.log (Log.java:initialized(192)) - Logging initialized @973ms
2019-09-19 09:36:32,575 [main] INFO  db.DBStoreBuilder (DBStoreBuilder.java:addTable(110)) - using custom profile for table: deletedBlocks
2019-09-19 09:36:32,575 [main] INFO  db.DBStoreBuilder (DBStoreBuilder.java:processTables(161)) - Using default column profile:DBProfile.DISK for Table:deletedBlocks
2019-09-19 09:36:32,576 [main] INFO  db.DBStoreBuilder (DBStoreBuilder.java:addTable(110)) - using custom profile for table: validCerts
2019-09-19 09:36:32,576 [main] INFO  db.DBStoreBuilder (DBStoreBuilder.java:processTables(161)) - Using default column profile:DBProfile.DISK for Table:validCerts
2019-09-19 09:36:32,576 [main] INFO  db.DBStoreBuilder (DBStoreBuilder.java:addTable(110)) - using custom profile for table: revokedCerts
2019-09-19 09:36:32,577 [main] INFO  db.DBStoreBuilder (DBStoreBuilder.java:processTables(161)) - Using default column profile:DBProfile.DISK for Table:revokedCerts
2019-09-19 09:36:32,589 [main] INFO  db.DBStoreBuilder (DBStoreBuilder.java:addTable(110)) - using custom profile for table: default
2019-09-19 09:36:32,590 [main] INFO  db.DBStoreBuilder (DBStoreBuilder.java:processTables(167)) - Using default column profile:DBProfile.DISK for Table:default
2019-09-19 09:36:32,591 [main] INFO  db.DBStoreBuilder (DBStoreBuilder.java:getDbProfile(198)) - Using default options. DBProfile.DISK
2019-09-19 09:36:32,908 [main] INFO  net.NodeSchemaLoader (NodeSchemaLoader.java:loadSchemaFromFile(125)) - Loading file from sun.misc.CompoundEnumeration@77888435
2019-09-19 09:36:32,910 [main] INFO  net.NodeSchemaLoader (NodeSchemaLoader.java:loadSchema(171)) - Loading network topology layer schema file
2019-09-19 09:36:32,981 [main] INFO  node.SCMNodeManager (SCMNodeManager.java:<init>(114)) - Entering startup safe mode.
2019-09-19 09:36:33,059 [main] INFO  algorithms.ContainerPlacementPolicyFactory (ContainerPlacementPolicyFactory.java:getPolicy(57)) - Create container placement policy of type org.apache.hadoop.hdds.scm.container.placement.algorithms.SCMContainerPlacementRandom
2019-09-19 09:36:33,075 [main] WARN  server.ServerUtils (ServerUtils.java:getScmDbDir(145)) - ozone.scm.db.dirs is not configured. We recommend adding this setting. Falling back to ozone.metadata.dirs instead.
2019-09-19 09:36:33,197 [main] INFO  pipeline.SCMPipelineManager (SCMPipelineManager.java:initializePipelineState(128)) - No pipeline exists in current db
2019-09-19 09:36:33,200 [main] WARN  server.ServerUtils (ServerUtils.java:getScmDbDir(145)) - ozone.scm.db.dirs is not configured. We recommend adding this setting. Falling back to ozone.metadata.dirs instead.
2019-09-19 09:36:33,360 [main] INFO  Configuration.deprecation (Configuration.java:logDeprecation(1394)) - No unit for hdds.scm.replication.thread.interval(2000) assuming MILLISECONDS
2019-09-19 09:36:33,385 [main] WARN  events.EventQueue (EventQueue.java:fireEvent(183)) - No event handler registered for event TypedEvent{payloadType=SafeModeStatus, name='SafeModeStatus'}
2019-09-19 09:36:33,741 [main] INFO  ipc.CallQueueManager (CallQueueManager.java:<init>(84)) - Using callQueue: class java.util.concurrent.LinkedBlockingQueue, queueCapacity: 2000, scheduler: class org.apache.hadoop.ipc.DefaultRpcScheduler, ipcBackoff: false.
2019-09-19 09:36:33,768 [Socket Reader #1 for port 38555] INFO  ipc.Server (Server.java:run(1074)) - Starting Socket Reader #1 for port 38555
2019-09-19 09:36:33,919 [main] INFO  ipc.CallQueueManager (CallQueueManager.java:<init>(84)) - Using callQueue: class java.util.concurrent.LinkedBlockingQueue, queueCapacity: 2000, scheduler: class org.apache.hadoop.ipc.DefaultRpcScheduler, ipcBackoff: false.
2019-09-19 09:36:33,920 [Socket Reader #1 for port 37645] INFO  ipc.Server (Server.java:run(1074)) - Starting Socket Reader #1 for port 37645
2019-09-19 09:36:33,931 [main] INFO  ipc.CallQueueManager (CallQueueManager.java:<init>(84)) - Using callQueue: class java.util.concurrent.LinkedBlockingQueue, queueCapacity: 2000, scheduler: class org.apache.hadoop.ipc.DefaultRpcScheduler, ipcBackoff: false.
2019-09-19 09:36:33,932 [Socket Reader #1 for port 37662] INFO  ipc.Server (Server.java:run(1074)) - Starting Socket Reader #1 for port 37662
2019-09-19 09:36:33,957 [main] INFO  hdfs.DFSUtil (DFSUtil.java:httpServerTemplateForNNAndJN(1641)) - Starting Web-server for scm at: http://0.0.0.0:0
2019-09-19 09:36:34,103 [main] INFO  server.AuthenticationFilter (AuthenticationFilter.java:constructSecretProvider(240)) - Unable to initialize FileSignerSecretProvider, falling back to use random secrets.
2019-09-19 09:36:34,111 [main] WARN  http.HttpRequestLog (HttpRequestLog.java:getRequestLog(97)) - Jetty request log can only be enabled using Log4j
2019-09-19 09:36:34,120 [main] INFO  http.HttpServer2 (HttpServer2.java:addGlobalFilter(975)) - Added global filter 'safety' (class=org.apache.hadoop.http.HttpServer2$QuotingInputFilter)
2019-09-19 09:36:34,122 [main] INFO  http.HttpServer2 (HttpServer2.java:addFilter(948)) - Added filter static_user_filter (class=org.apache.hadoop.http.lib.StaticUserWebFilter$StaticUserFilter) to context scm
2019-09-19 09:36:34,123 [main] INFO  http.HttpServer2 (HttpServer2.java:addFilter(958)) - Added filter static_user_filter (class=org.apache.hadoop.http.lib.StaticUserWebFilter$StaticUserFilter) to context static
2019-09-19 09:36:34,123 [main] INFO  http.HttpServer2 (HttpServer2.java:addFilter(958)) - Added filter static_user_filter (class=org.apache.hadoop.http.lib.StaticUserWebFilter$StaticUserFilter) to context logs
2019-09-19 09:36:34,158 [main] INFO  server.StorageContainerManager (StorageContainerManager.java:start(763)) - StorageContainerLocationProtocol RPC server is listening at /0.0.0.0:37662
2019-09-19 09:36:34,226 [main] WARN  impl.MetricsConfig (MetricsConfig.java:loadFirst(134)) - Cannot locate configuration: tried hadoop-metrics2-storagecontainermanager.properties,hadoop-metrics2.properties
2019-09-19 09:36:34,238 [main] INFO  impl.MetricsSystemImpl (MetricsSystemImpl.java:startTimer(374)) - Scheduled Metric snapshot period at 10 second(s).
2019-09-19 09:36:34,238 [main] INFO  impl.MetricsSystemImpl (MetricsSystemImpl.java:start(191)) - StorageContainerManager metrics system started
2019-09-19 09:36:34,444 [main] INFO  server.SCMClientProtocolServer (SCMClientProtocolServer.java:start(151)) - RPC server for Client  is listening at /0.0.0.0:37662
2019-09-19 09:36:34,445 [IPC Server listener on 37662] INFO  ipc.Server (Server.java:run(1153)) - IPC Server listener on 37662: starting
2019-09-19 09:36:34,445 [IPC Server Responder] INFO  ipc.Server (Server.java:run(1314)) - IPC Server Responder: starting
2019-09-19 09:36:34,448 [main] INFO  server.StorageContainerManager (StorageContainerManager.java:start(773)) - ScmBlockLocationProtocol RPC server is listening at /0.0.0.0:37645
2019-09-19 09:36:34,449 [main] INFO  server.SCMBlockProtocolServer (SCMBlockProtocolServer.java:start(146)) - RPC server for Block Protocol is listening at /0.0.0.0:37645
2019-09-19 09:36:34,450 [IPC Server Responder] INFO  ipc.Server (Server.java:run(1314)) - IPC Server Responder: starting
2019-09-19 09:36:34,450 [IPC Server listener on 37645] INFO  ipc.Server (Server.java:run(1153)) - IPC Server listener on 37645: starting
2019-09-19 09:36:34,452 [main] INFO  server.StorageContainerManager (StorageContainerManager.java:start(777)) - ScmDatanodeProtocl RPC server is listening at /0.0.0.0:38555
2019-09-19 09:36:34,452 [main] INFO  server.SCMDatanodeProtocolServer (SCMDatanodeProtocolServer.java:start(191)) - RPC server for DataNodes is listening at /0.0.0.0:38555
2019-09-19 09:36:34,453 [IPC Server Responder] INFO  ipc.Server (Server.java:run(1314)) - IPC Server Responder: starting
2019-09-19 09:36:34,453 [IPC Server listener on 38555] INFO  ipc.Server (Server.java:run(1153)) - IPC Server listener on 38555: starting
2019-09-19 09:36:34,457 [main] INFO  http.HttpServer2 (HttpServer2.java:bindListener(1191)) - Jetty bound to port 43695
2019-09-19 09:36:34,458 [main] INFO  server.Server (Server.java:doStart(351)) - jetty-9.3.24.v20180605, build timestamp: 2018-06-05T17:11:56Z, git hash: 84205aa28f11a4f31f2a3b86d1bba2cc8ab69827
2019-09-19 09:36:34,510 [main] INFO  handler.ContextHandler (ContextHandler.java:doStart(781)) - Started o.e.j.s.ServletContextHandler@6622fc65{/logs,file:///workdir/hadoop-ozone/integration-test/target/log,AVAILABLE}
2019-09-19 09:36:34,511 [main] INFO  handler.ContextHandler (ContextHandler.java:doStart(781)) - Started o.e.j.s.ServletContextHandler@23fb172e{/static,file:///workdir/hadoop-ozone/integration-test/target/test-classes/webapps/static,AVAILABLE}
2019-09-19 09:36:34,551 [main] INFO  handler.ContextHandler (ContextHandler.java:doStart(781)) - Started o.e.j.w.WebAppContext@3591009c{/,file:///workdir/hadoop-ozone/integration-test/target/test-classes/webapps/scm/,AVAILABLE}{/scm}
2019-09-19 09:36:34,558 [main] INFO  server.AbstractConnector (AbstractConnector.java:doStart(278)) - Started ServerConnector@2de366bb{HTTP/1.1,[http/1.1]}{0.0.0.0:43695}
2019-09-19 09:36:34,558 [main] INFO  server.Server (Server.java:doStart(419)) - Started @3063ms
2019-09-19 09:36:34,560 [main] INFO  impl.MetricsSinkAdapter (MetricsSinkAdapter.java:start(204)) - Sink prometheus started
2019-09-19 09:36:34,560 [main] INFO  impl.MetricsSystemImpl (MetricsSystemImpl.java:registerSink(301)) - Registered sink prometheus
2019-09-19 09:36:34,562 [main] INFO  server.BaseHttpServer (BaseHttpServer.java:updateConnectorAddress(215)) - HTTP server of SCM is listening at http://0.0.0.0:43695
2019-09-19 09:36:34,568 [org.apache.hadoop.util.JvmPauseMonitor$Monitor@64f857e7] INFO  util.JvmPauseMonitor (JvmPauseMonitor.java:run(188)) - Starting JVM pause monitor
2019-09-19 09:36:34,570 [main] WARN  server.ServerUtils (ServerUtils.java:getDBPath(222)) - ozone.om.db.dirs is not configured. We recommend adding this setting. Falling back to ozone.metadata.dirs instead.
2019-09-19 09:36:34,710 [main] WARN  server.ServerUtils (ServerUtils.java:getDBPath(222)) - ozone.om.db.dirs is not configured. We recommend adding this setting. Falling back to ozone.metadata.dirs instead.
2019-09-19 09:36:34,710 [main] WARN  server.ServerUtils (ServerUtils.java:getDBPath(222)) - ozone.om.db.dirs is not configured. We recommend adding this setting. Falling back to ozone.metadata.dirs instead.
2019-09-19 09:36:34,711 [main] INFO  om.OzoneManager (OzoneManager.java:setOMNodeDetails(649)) - OM Service ID is not set. Setting it to the default ID: omServiceIdDefault
2019-09-19 09:36:34,711 [main] INFO  om.OzoneManager (OzoneManager.java:setOMNodeDetails(655)) - OM Node ID is not set. Setting it to the OmStorage's OmID: c46c2bf4-fc6a-493f-be3f-e6d8ee9caaa6
2019-09-19 09:36:34,713 [main] INFO  om.OzoneManager (OzoneManager.java:loadOMHAConfigs(606)) - Found matching OM address with OMServiceId: null, OMNodeId: null, RPC Address: localhost:0 and Ratis port: 9872
2019-09-19 09:36:35,413 [main] WARN  server.ServerUtils (ServerUtils.java:getDBPath(222)) - ozone.om.db.dirs is not configured. We recommend adding this setting. Falling back to ozone.metadata.dirs instead.
2019-09-19 09:36:35,420 [main] INFO  db.DBStoreBuilder (DBStoreBuilder.java:addTable(110)) - using custom profile for table: userTable
2019-09-19 09:36:35,420 [main] INFO  db.DBStoreBuilder (DBStoreBuilder.java:processTables(161)) - Using default column profile:DBProfile.DISK for Table:userTable
2019-09-19 09:36:35,420 [main] INFO  db.DBStoreBuilder (DBStoreBuilder.java:addTable(110)) - using custom profile for table: volumeTable
2019-09-19 09:36:35,421 [main] INFO  db.DBStoreBuilder (DBStoreBuilder.java:processTables(161)) - Using default column profile:DBProfile.DISK for Table:volumeTable
2019-09-19 09:36:35,421 [main] INFO  db.DBStoreBuilder (DBStoreBuilder.java:addTable(110)) - using custom profile for table: bucketTable
2019-09-19 09:36:35,421 [main] INFO  db.DBStoreBuilder (DBStoreBuilder.java:processTables(161)) - Using default column profile:DBProfile.DISK for Table:bucketTable
2019-09-19 09:36:35,421 [main] INFO  db.DBStoreBuilder (DBStoreBuilder.java:addTable(110)) - using custom profile for table: keyTable
2019-09-19 09:36:35,421 [main] INFO  db.DBStoreBuilder (DBStoreBuilder.java:processTables(161)) - Using default column profile:DBProfile.DISK for Table:keyTable
2019-09-19 09:36:35,422 [main] INFO  db.DBStoreBuilder (DBStoreBuilder.java:addTable(110)) - using custom profile for table: deletedTable
2019-09-19 09:36:35,422 [main] INFO  db.DBStoreBuilder (DBStoreBuilder.java:processTables(161)) - Using default column profile:DBProfile.DISK for Table:deletedTable
2019-09-19 09:36:35,422 [main] INFO  db.DBStoreBuilder (DBStoreBuilder.java:addTable(110)) - using custom profile for table: openKeyTable
2019-09-19 09:36:35,422 [main] INFO  db.DBStoreBuilder (DBStoreBuilder.java:processTables(161)) - Using default column profile:DBProfile.DISK for Table:openKeyTable
2019-09-19 09:36:35,423 [main] INFO  db.DBStoreBuilder (DBStoreBuilder.java:addTable(110)) - using custom profile for table: s3Table
2019-09-19 09:36:35,423 [main] INFO  db.DBStoreBuilder (DBStoreBuilder.java:processTables(161)) - Using default column profile:DBProfile.DISK for Table:s3Table
2019-09-19 09:36:35,423 [main] INFO  db.DBStoreBuilder (DBStoreBuilder.java:addTable(110)) - using custom profile for table: multipartInfoTable
2019-09-19 09:36:35,423 [main] INFO  db.DBStoreBuilder (DBStoreBuilder.java:processTables(161)) - Using default column profile:DBProfile.DISK for Table:multipartInfoTable
2019-09-19 09:36:35,424 [main] INFO  db.DBStoreBuilder (DBStoreBuilder.java:addTable(110)) - using custom profile for table: dTokenTable
2019-09-19 09:36:35,424 [main] INFO  db.DBStoreBuilder (DBStoreBuilder.java:processTables(161)) - Using default column profile:DBProfile.DISK for Table:dTokenTable
2019-09-19 09:36:35,424 [main] INFO  db.DBStoreBuilder (DBStoreBuilder.java:addTable(110)) - using custom profile for table: s3SecretTable
2019-09-19 09:36:35,424 [main] INFO  db.DBStoreBuilder (DBStoreBuilder.java:processTables(161)) - Using default column profile:DBProfile.DISK for Table:s3SecretTable
2019-09-19 09:36:35,425 [main] INFO  db.DBStoreBuilder (DBStoreBuilder.java:addTable(110)) - using custom profile for table: prefixTable
2019-09-19 09:36:35,425 [main] INFO  db.DBStoreBuilder (DBStoreBuilder.java:processTables(161)) - Using default column profile:DBProfile.DISK for Table:prefixTable
2019-09-19 09:36:35,425 [main] INFO  db.DBStoreBuilder (DBStoreBuilder.java:addTable(110)) - using custom profile for table: default
2019-09-19 09:36:35,425 [main] INFO  db.DBStoreBuilder (DBStoreBuilder.java:processTables(167)) - Using default column profile:DBProfile.DISK for Table:default
2019-09-19 09:36:35,425 [main] INFO  db.DBStoreBuilder (DBStoreBuilder.java:getDbProfile(198)) - Using default options. DBProfile.DISK
2019-09-19 09:36:36,043 [main] INFO  ipc.CallQueueManager (CallQueueManager.java:<init>(84)) - Using callQueue: class java.util.concurrent.LinkedBlockingQueue, queueCapacity: 2000, scheduler: class org.apache.hadoop.ipc.DefaultRpcScheduler, ipcBackoff: false.
2019-09-19 09:36:36,044 [Socket Reader #1 for port 45728] INFO  ipc.Server (Server.java:run(1074)) - Starting Socket Reader #1 for port 45728
2019-09-19 09:36:36,066 [main] INFO  om.OzoneManager (OzoneManager.java:start(1240)) - OzoneManager RPC server is listening at localhost/127.0.0.1:45728
2019-09-19 09:36:36,066 [main] INFO  impl.MetricsSystemImpl (MetricsSystemImpl.java:init(158)) - OzoneManager metrics system started (again)
2019-09-19 09:36:36,067 [IPC Server Responder] INFO  ipc.Server (Server.java:run(1314)) - IPC Server Responder: starting
2019-09-19 09:36:36,067 [IPC Server listener on 45728] INFO  ipc.Server (Server.java:run(1153)) - IPC Server listener on 45728: starting
2019-09-19 09:36:36,073 [main] INFO  hdfs.DFSUtil (DFSUtil.java:httpServerTemplateForNNAndJN(1641)) - Starting Web-server for ozoneManager at: http://0.0.0.0:0
2019-09-19 09:36:36,075 [main] INFO  server.AuthenticationFilter (AuthenticationFilter.java:constructSecretProvider(240)) - Unable to initialize FileSignerSecretProvider, falling back to use random secrets.
2019-09-19 09:36:36,075 [main] WARN  http.HttpRequestLog (HttpRequestLog.java:getRequestLog(97)) - Jetty request log can only be enabled using Log4j
2019-09-19 09:36:36,078 [main] INFO  http.HttpServer2 (HttpServer2.java:addGlobalFilter(975)) - Added global filter 'safety' (class=org.apache.hadoop.http.HttpServer2$QuotingInputFilter)
2019-09-19 09:36:36,079 [main] INFO  http.HttpServer2 (HttpServer2.java:addFilter(948)) - Added filter static_user_filter (class=org.apache.hadoop.http.lib.StaticUserWebFilter$StaticUserFilter) to context ozoneManager
2019-09-19 09:36:36,079 [main] INFO  http.HttpServer2 (HttpServer2.java:addFilter(958)) - Added filter static_user_filter (class=org.apache.hadoop.http.lib.StaticUserWebFilter$StaticUserFilter) to context static
2019-09-19 09:36:36,079 [main] INFO  http.HttpServer2 (HttpServer2.java:addFilter(958)) - Added filter static_user_filter (class=org.apache.hadoop.http.lib.StaticUserWebFilter$StaticUserFilter) to context logs
2019-09-19 09:36:36,081 [main] INFO  http.HttpServer2 (HttpServer2.java:bindListener(1191)) - Jetty bound to port 43277
2019-09-19 09:36:36,082 [main] INFO  server.Server (Server.java:doStart(351)) - jetty-9.3.24.v20180605, build timestamp: 2018-06-05T17:11:56Z, git hash: 84205aa28f11a4f31f2a3b86d1bba2cc8ab69827
2019-09-19 09:36:36,083 [main] INFO  handler.ContextHandler (ContextHandler.java:doStart(781)) - Started o.e.j.s.ServletContextHandler@4fe875be{/logs,file:///workdir/hadoop-ozone/integration-test/target/log,AVAILABLE}
2019-09-19 09:36:36,084 [main] INFO  handler.ContextHandler (ContextHandler.java:doStart(781)) - Started o.e.j.s.ServletContextHandler@4a9486c0{/static,file:///workdir/hadoop-ozone/integration-test/target/test-classes/webapps/static,AVAILABLE}
2019-09-19 09:36:36,089 [main] INFO  handler.ContextHandler (ContextHandler.java:doStart(781)) - Started o.e.j.w.WebAppContext@3b569985{/,file:///workdir/hadoop-ozone/integration-test/target/test-classes/webapps/ozoneManager/,AVAILABLE}{/ozoneManager}
2019-09-19 09:36:36,090 [main] INFO  server.AbstractConnector (AbstractConnector.java:doStart(278)) - Started ServerConnector@3a022576{HTTP/1.1,[http/1.1]}{0.0.0.0:43277}
2019-09-19 09:36:36,091 [main] INFO  server.Server (Server.java:doStart(419)) - Started @4596ms
2019-09-19 09:36:36,091 [main] WARN  impl.MetricsSystemImpl (MetricsSystemImpl.java:register(276)) - Sink prometheus already exists!
2019-09-19 09:36:36,092 [main] INFO  server.BaseHttpServer (BaseHttpServer.java:updateConnectorAddress(215)) - HTTP server of OZONEMANAGER is listening at http://0.0.0.0:43277
2019-09-19 09:36:36,379 [main] INFO  impl.MetricsSystemImpl (MetricsSystemImpl.java:init(158)) - HddsDatanode metrics system started (again)
2019-09-19 09:36:36,429 [main] INFO  ozone.HddsDatanodeService (HddsDatanodeService.java:start(184)) - HddsDatanodeService host:pr-hdds-2147-wcr5g-3873981947 ip:192.168.157.214
2019-09-19 09:36:36,462 [main] INFO  volume.HddsVolume (HddsVolume.java:<init>(176)) - Creating Volume: /workdir/hadoop-ozone/integration-test/target/test-dir/MiniOzoneClusterImpl-45dce96e-52c4-4ef1-8e9d-b5da6780f9d8/datanode-0/data/containers/hdds of  storage type : DISK and capacity : 1482555576320
2019-09-19 09:36:36,465 [main] INFO  volume.VolumeSet (VolumeSet.java:initializeVolumeSet(170)) - Added Volume : /workdir/hadoop-ozone/integration-test/target/test-dir/MiniOzoneClusterImpl-45dce96e-52c4-4ef1-8e9d-b5da6780f9d8/datanode-0/data/containers/hdds to VolumeSet
2019-09-19 09:36:36,468 [main] INFO  volume.ThrottledAsyncChecker (ThrottledAsyncChecker.java:schedule(139)) - Scheduling a check for org.apache.hadoop.ozone.container.common.volume.HddsVolume@289fdb08
2019-09-19 09:36:36,488 [main] INFO  volume.HddsVolumeChecker (HddsVolumeChecker.java:checkAllVolumes(202)) - Scheduled health check for volume org.apache.hadoop.ozone.container.common.volume.HddsVolume@289fdb08
2019-09-19 09:36:36,637 [main] INFO  impl.RaftServerProxy (ConfUtils.java:logGet(43)) - raft.rpc.type = GRPC (default)
2019-09-19 09:36:36,735 [main] INFO  grpc.GrpcFactory (GrpcFactory.java:checkPooledByteBufAllocatorUseCacheForAllThreads(45)) - PERFORMANCE WARNING: useCacheForAllThreads is true that may cause Netty to create a lot garbage objects and, as a result, trigger GC.
	It is recommended to disable useCacheForAllThreads by setting -Dorg.apache.ratis.thirdparty.io.netty.allocator.useCacheForAllThreads=false in command line.
2019-09-19 09:36:36,742 [main] INFO  grpc.GrpcConfigKeys$Server (ConfUtils.java:logGet(43)) - raft.grpc.server.port = 0 (default)
2019-09-19 09:36:36,744 [main] INFO  server.GrpcService (ConfUtils.java:logGet(43)) - raft.grpc.message.size.max = 33570816 (custom)
2019-09-19 09:36:36,746 [main] INFO  server.RaftServerConfigKeys (ConfUtils.java:logGet(43)) - raft.server.log.appender.buffer.byte-limit = 33554432 (custom)
2019-09-19 09:36:36,747 [main] INFO  server.GrpcService (ConfUtils.java:logGet(43)) - raft.grpc.flow.control.window = 1MB (=1048576) (default)
2019-09-19 09:36:36,748 [main] INFO  server.RaftServerConfigKeys (ConfUtils.java:logGet(43)) - raft.server.rpc.request.timeout = 3000ms (default)
2019-09-19 09:36:36,931 [main] INFO  server.RaftServerConfigKeys (ConfUtils.java:logGet(43)) - raft.server.storage.dir = [/workdir/hadoop-ozone/integration-test/target/test-dir/MiniOzoneClusterImpl-45dce96e-52c4-4ef1-8e9d-b5da6780f9d8/datanode-0/data/ratis] (custom)
2019-09-19 09:36:37,013 [main] INFO  hdfs.DFSUtil (DFSUtil.java:httpServerTemplateForNNAndJN(1641)) - Starting Web-server for hddsDatanode at: http://0.0.0.0:0
2019-09-19 09:36:37,017 [main] INFO  server.AuthenticationFilter (AuthenticationFilter.java:constructSecretProvider(240)) - Unable to initialize FileSignerSecretProvider, falling back to use random secrets.
2019-09-19 09:36:37,019 [main] WARN  http.HttpRequestLog (HttpRequestLog.java:getRequestLog(97)) - Jetty request log can only be enabled using Log4j
2019-09-19 09:36:37,022 [main] INFO  http.HttpServer2 (HttpServer2.java:addGlobalFilter(975)) - Added global filter 'safety' (class=org.apache.hadoop.http.HttpServer2$QuotingInputFilter)
2019-09-19 09:36:37,023 [main] INFO  http.HttpServer2 (HttpServer2.java:addFilter(948)) - Added filter static_user_filter (class=org.apache.hadoop.http.lib.StaticUserWebFilter$StaticUserFilter) to context hddsDatanode
2019-09-19 09:36:37,023 [main] INFO  http.HttpServer2 (HttpServer2.java:addFilter(958)) - Added filter static_user_filter (class=org.apache.hadoop.http.lib.StaticUserWebFilter$StaticUserFilter) to context logs
2019-09-19 09:36:37,023 [main] INFO  http.HttpServer2 (HttpServer2.java:addFilter(958)) - Added filter static_user_filter (class=org.apache.hadoop.http.lib.StaticUserWebFilter$StaticUserFilter) to context static
2019-09-19 09:36:37,026 [main] INFO  http.HttpServer2 (HttpServer2.java:bindListener(1191)) - Jetty bound to port 36720
2019-09-19 09:36:37,026 [main] INFO  server.Server (Server.java:doStart(351)) - jetty-9.3.24.v20180605, build timestamp: 2018-06-05T17:11:56Z, git hash: 84205aa28f11a4f31f2a3b86d1bba2cc8ab69827
2019-09-19 09:36:37,029 [main] INFO  handler.ContextHandler (ContextHandler.java:doStart(781)) - Started o.e.j.s.ServletContextHandler@7b6860f9{/logs,file:///workdir/hadoop-ozone/integration-test/target/log,AVAILABLE}
2019-09-19 09:36:37,030 [main] INFO  handler.ContextHandler (ContextHandler.java:doStart(781)) - Started o.e.j.s.ServletContextHandler@31ee2fdb{/static,jar:file:/home/user/.m2/repository/org/apache/hadoop/hadoop-hdds-container-service/0.5.0-SNAPSHOT/hadoop-hdds-container-service-0.5.0-SNAPSHOT.jar!/webapps/static,AVAILABLE}
2019-09-19 09:36:37,067 [main] INFO  handler.ContextHandler (ContextHandler.java:doStart(781)) - Started o.e.j.w.WebAppContext@2849434b{/,file:///tmp/jetty-0.0.0.0-36720-hddsDatanode-_-any-3143755660651027630.dir/webapp/,AVAILABLE}{/hddsDatanode}
2019-09-19 09:36:37,068 [main] INFO  server.AbstractConnector (AbstractConnector.java:doStart(278)) - Started ServerConnector@60bbacfc{HTTP/1.1,[http/1.1]}{0.0.0.0:36720}
2019-09-19 09:36:37,069 [main] INFO  server.Server (Server.java:doStart(419)) - Started @5575ms
2019-09-19 09:36:37,069 [main] WARN  impl.MetricsSystemImpl (MetricsSystemImpl.java:register(276)) - Sink prometheus already exists!
2019-09-19 09:36:37,070 [main] INFO  server.BaseHttpServer (BaseHttpServer.java:updateConnectorAddress(215)) - HTTP server of HDDSDATANODE is listening at http://0.0.0.0:36720
2019-09-19 09:36:37,072 [main] INFO  impl.MetricsSystemImpl (MetricsSystemImpl.java:init(158)) - HddsDatanode metrics system started (again)
2019-09-19 09:36:37,077 [main] INFO  ozone.HddsDatanodeService (HddsDatanodeService.java:start(184)) - HddsDatanodeService host:pr-hdds-2147-wcr5g-3873981947 ip:192.168.157.214
2019-09-19 09:36:37,077 [org.apache.hadoop.util.JvmPauseMonitor$Monitor@52c521eb] INFO  util.JvmPauseMonitor (JvmPauseMonitor.java:run(188)) - Starting JVM pause monitor
2019-09-19 09:36:37,086 [main] INFO  volume.HddsVolume (HddsVolume.java:<init>(176)) - Creating Volume: /workdir/hadoop-ozone/integration-test/target/test-dir/MiniOzoneClusterImpl-45dce96e-52c4-4ef1-8e9d-b5da6780f9d8/datanode-1/data/containers/hdds of  storage type : DISK and capacity : 1482555576320
2019-09-19 09:36:37,087 [main] INFO  volume.VolumeSet (VolumeSet.java:initializeVolumeSet(170)) - Added Volume : /workdir/hadoop-ozone/integration-test/target/test-dir/MiniOzoneClusterImpl-45dce96e-52c4-4ef1-8e9d-b5da6780f9d8/datanode-1/data/containers/hdds to VolumeSet
2019-09-19 09:36:37,087 [main] INFO  volume.ThrottledAsyncChecker (ThrottledAsyncChecker.java:schedule(139)) - Scheduling a check for org.apache.hadoop.ozone.container.common.volume.HddsVolume@4c6007fb
2019-09-19 09:36:37,088 [main] INFO  volume.HddsVolumeChecker (HddsVolumeChecker.java:checkAllVolumes(202)) - Scheduled health check for volume org.apache.hadoop.ozone.container.common.volume.HddsVolume@4c6007fb
2019-09-19 09:36:37,103 [main] INFO  impl.RaftServerProxy (ConfUtils.java:logGet(43)) - raft.rpc.type = GRPC (default)
2019-09-19 09:36:37,103 [main] INFO  grpc.GrpcFactory (GrpcFactory.java:checkPooledByteBufAllocatorUseCacheForAllThreads(45)) - PERFORMANCE WARNING: useCacheForAllThreads is true that may cause Netty to create a lot garbage objects and, as a result, trigger GC.
	It is recommended to disable useCacheForAllThreads by setting -Dorg.apache.ratis.thirdparty.io.netty.allocator.useCacheForAllThreads=false in command line.
2019-09-19 09:36:37,104 [main] INFO  grpc.GrpcConfigKeys$Server (ConfUtils.java:logGet(43)) - raft.grpc.server.port = 0 (default)
2019-09-19 09:36:37,104 [main] INFO  server.GrpcService (ConfUtils.java:logGet(43)) - raft.grpc.message.size.max = 33570816 (custom)
2019-09-19 09:36:37,105 [main] INFO  server.RaftServerConfigKeys (ConfUtils.java:logGet(43)) - raft.server.log.appender.buffer.byte-limit = 33554432 (custom)
2019-09-19 09:36:37,105 [main] INFO  server.GrpcService (ConfUtils.java:logGet(43)) - raft.grpc.flow.control.window = 1MB (=1048576) (default)
2019-09-19 09:36:37,105 [main] INFO  server.RaftServerConfigKeys (ConfUtils.java:logGet(43)) - raft.server.rpc.request.timeout = 3000ms (default)
2019-09-19 09:36:37,106 [main] INFO  server.RaftServerConfigKeys (ConfUtils.java:logGet(43)) - raft.server.storage.dir = [/workdir/hadoop-ozone/integration-test/target/test-dir/MiniOzoneClusterImpl-45dce96e-52c4-4ef1-8e9d-b5da6780f9d8/datanode-1/data/ratis] (custom)
2019-09-19 09:36:37,109 [main] INFO  hdfs.DFSUtil (DFSUtil.java:httpServerTemplateForNNAndJN(1641)) - Starting Web-server for hddsDatanode at: http://0.0.0.0:0
2019-09-19 09:36:37,110 [main] INFO  server.AuthenticationFilter (AuthenticationFilter.java:constructSecretProvider(240)) - Unable to initialize FileSignerSecretProvider, falling back to use random secrets.
2019-09-19 09:36:37,111 [main] WARN  http.HttpRequestLog (HttpRequestLog.java:getRequestLog(97)) - Jetty request log can only be enabled using Log4j
2019-09-19 09:36:37,113 [main] INFO  http.HttpServer2 (HttpServer2.java:addGlobalFilter(975)) - Added global filter 'safety' (class=org.apache.hadoop.http.HttpServer2$QuotingInputFilter)
2019-09-19 09:36:37,114 [main] INFO  http.HttpServer2 (HttpServer2.java:addFilter(948)) - Added filter static_user_filter (class=org.apache.hadoop.http.lib.StaticUserWebFilter$StaticUserFilter) to context hddsDatanode
2019-09-19 09:36:37,114 [main] INFO  http.HttpServer2 (HttpServer2.java:addFilter(958)) - Added filter static_user_filter (class=org.apache.hadoop.http.lib.StaticUserWebFilter$StaticUserFilter) to context static
2019-09-19 09:36:37,114 [main] INFO  http.HttpServer2 (HttpServer2.java:addFilter(958)) - Added filter static_user_filter (class=org.apache.hadoop.http.lib.StaticUserWebFilter$StaticUserFilter) to context logs
2019-09-19 09:36:37,115 [main] INFO  http.HttpServer2 (HttpServer2.java:bindListener(1191)) - Jetty bound to port 39475
2019-09-19 09:36:37,115 [main] INFO  server.Server (Server.java:doStart(351)) - jetty-9.3.24.v20180605, build timestamp: 2018-06-05T17:11:56Z, git hash: 84205aa28f11a4f31f2a3b86d1bba2cc8ab69827
2019-09-19 09:36:37,118 [main] INFO  handler.ContextHandler (ContextHandler.java:doStart(781)) - Started o.e.j.s.ServletContextHandler@3dffc764{/logs,file:///workdir/hadoop-ozone/integration-test/target/log,AVAILABLE}
2019-09-19 09:36:37,119 [main] INFO  handler.ContextHandler (ContextHandler.java:doStart(781)) - Started o.e.j.s.ServletContextHandler@561b61ed{/static,jar:file:/home/user/.m2/repository/org/apache/hadoop/hadoop-hdds-container-service/0.5.0-SNAPSHOT/hadoop-hdds-container-service-0.5.0-SNAPSHOT.jar!/webapps/static,AVAILABLE}
2019-09-19 09:36:37,152 [main] INFO  handler.ContextHandler (ContextHandler.java:doStart(781)) - Started o.e.j.w.WebAppContext@3c3a0032{/,file:///tmp/jetty-0.0.0.0-39475-hddsDatanode-_-any-2097561151682535849.dir/webapp/,AVAILABLE}{/hddsDatanode}
2019-09-19 09:36:37,153 [main] INFO  server.AbstractConnector (AbstractConnector.java:doStart(278)) - Started ServerConnector@7ceb4478{HTTP/1.1,[http/1.1]}{0.0.0.0:39475}
2019-09-19 09:36:37,154 [main] INFO  server.Server (Server.java:doStart(419)) - Started @5660ms
2019-09-19 09:36:37,155 [main] WARN  impl.MetricsSystemImpl (MetricsSystemImpl.java:register(276)) - Sink prometheus already exists!
2019-09-19 09:36:37,156 [main] INFO  server.BaseHttpServer (BaseHttpServer.java:updateConnectorAddress(215)) - HTTP server of HDDSDATANODE is listening at http://0.0.0.0:39475
2019-09-19 09:36:37,156 [main] INFO  impl.MetricsSystemImpl (MetricsSystemImpl.java:init(158)) - HddsDatanode metrics system started (again)
2019-09-19 09:36:37,159 [org.apache.hadoop.util.JvmPauseMonitor$Monitor@3fd515b2] INFO  util.JvmPauseMonitor (JvmPauseMonitor.java:run(188)) - Starting JVM pause monitor
2019-09-19 09:36:37,159 [main] INFO  ozone.HddsDatanodeService (HddsDatanodeService.java:start(184)) - HddsDatanodeService host:pr-hdds-2147-wcr5g-3873981947 ip:192.168.157.214
2019-09-19 09:36:37,166 [main] INFO  volume.HddsVolume (HddsVolume.java:<init>(176)) - Creating Volume: /workdir/hadoop-ozone/integration-test/target/test-dir/MiniOzoneClusterImpl-45dce96e-52c4-4ef1-8e9d-b5da6780f9d8/datanode-2/data/containers/hdds of  storage type : DISK and capacity : 1482555576320
2019-09-19 09:36:37,166 [main] INFO  volume.VolumeSet (VolumeSet.java:initializeVolumeSet(170)) - Added Volume : /workdir/hadoop-ozone/integration-test/target/test-dir/MiniOzoneClusterImpl-45dce96e-52c4-4ef1-8e9d-b5da6780f9d8/datanode-2/data/containers/hdds to VolumeSet
2019-09-19 09:36:37,167 [main] INFO  volume.ThrottledAsyncChecker (ThrottledAsyncChecker.java:schedule(139)) - Scheduling a check for org.apache.hadoop.ozone.container.common.volume.HddsVolume@4da6d664
2019-09-19 09:36:37,167 [main] INFO  volume.HddsVolumeChecker (HddsVolumeChecker.java:checkAllVolumes(202)) - Scheduled health check for volume org.apache.hadoop.ozone.container.common.volume.HddsVolume@4da6d664
2019-09-19 09:36:37,181 [main] INFO  impl.RaftServerProxy (ConfUtils.java:logGet(43)) - raft.rpc.type = GRPC (default)
2019-09-19 09:36:37,182 [main] INFO  grpc.GrpcFactory (GrpcFactory.java:checkPooledByteBufAllocatorUseCacheForAllThreads(45)) - PERFORMANCE WARNING: useCacheForAllThreads is true that may cause Netty to create a lot garbage objects and, as a result, trigger GC.
	It is recommended to disable useCacheForAllThreads by setting -Dorg.apache.ratis.thirdparty.io.netty.allocator.useCacheForAllThreads=false in command line.
2019-09-19 09:36:37,182 [main] INFO  grpc.GrpcConfigKeys$Server (ConfUtils.java:logGet(43)) - raft.grpc.server.port = 0 (default)
2019-09-19 09:36:37,182 [main] INFO  server.GrpcService (ConfUtils.java:logGet(43)) - raft.grpc.message.size.max = 33570816 (custom)
2019-09-19 09:36:37,182 [main] INFO  server.RaftServerConfigKeys (ConfUtils.java:logGet(43)) - raft.server.log.appender.buffer.byte-limit = 33554432 (custom)
2019-09-19 09:36:37,183 [main] INFO  server.GrpcService (ConfUtils.java:logGet(43)) - raft.grpc.flow.control.window = 1MB (=1048576) (default)
2019-09-19 09:36:37,183 [main] INFO  server.RaftServerConfigKeys (ConfUtils.java:logGet(43)) - raft.server.rpc.request.timeout = 3000ms (default)
2019-09-19 09:36:37,184 [main] INFO  server.RaftServerConfigKeys (ConfUtils.java:logGet(43)) - raft.server.storage.dir = [/workdir/hadoop-ozone/integration-test/target/test-dir/MiniOzoneClusterImpl-45dce96e-52c4-4ef1-8e9d-b5da6780f9d8/datanode-2/data/ratis] (custom)
2019-09-19 09:36:37,186 [main] INFO  hdfs.DFSUtil (DFSUtil.java:httpServerTemplateForNNAndJN(1641)) - Starting Web-server for hddsDatanode at: http://0.0.0.0:0
2019-09-19 09:36:37,188 [main] INFO  server.AuthenticationFilter (AuthenticationFilter.java:constructSecretProvider(240)) - Unable to initialize FileSignerSecretProvider, falling back to use random secrets.
2019-09-19 09:36:37,189 [main] WARN  http.HttpRequestLog (HttpRequestLog.java:getRequestLog(97)) - Jetty request log can only be enabled using Log4j
2019-09-19 09:36:37,191 [main] INFO  http.HttpServer2 (HttpServer2.java:addGlobalFilter(975)) - Added global filter 'safety' (class=org.apache.hadoop.http.HttpServer2$QuotingInputFilter)
2019-09-19 09:36:37,191 [Datanode State Machine Thread - 0] INFO  datanode.InitDatanodeState (InitDatanodeState.java:persistContainerDatanodeDetails(140)) - DatanodeDetails is persisted to /workdir/hadoop-ozone/integration-test/target/test-dir/MiniOzoneClusterImpl-45dce96e-52c4-4ef1-8e9d-b5da6780f9d8/datanode-0/meta/datanode.id
2019-09-19 09:36:37,192 [main] INFO  http.HttpServer2 (HttpServer2.java:addFilter(948)) - Added filter static_user_filter (class=org.apache.hadoop.http.lib.StaticUserWebFilter$StaticUserFilter) to context hddsDatanode
2019-09-19 09:36:37,193 [main] INFO  http.HttpServer2 (HttpServer2.java:addFilter(958)) - Added filter static_user_filter (class=org.apache.hadoop.http.lib.StaticUserWebFilter$StaticUserFilter) to context static
2019-09-19 09:36:37,194 [main] INFO  http.HttpServer2 (HttpServer2.java:addFilter(958)) - Added filter static_user_filter (class=org.apache.hadoop.http.lib.StaticUserWebFilter$StaticUserFilter) to context logs
2019-09-19 09:36:37,194 [main] INFO  http.HttpServer2 (HttpServer2.java:bindListener(1191)) - Jetty bound to port 38805
2019-09-19 09:36:37,194 [Datanode State Machine Thread - 0] INFO  datanode.InitDatanodeState (InitDatanodeState.java:persistContainerDatanodeDetails(140)) - DatanodeDetails is persisted to /workdir/hadoop-ozone/integration-test/target/test-dir/MiniOzoneClusterImpl-45dce96e-52c4-4ef1-8e9d-b5da6780f9d8/datanode-1/meta/datanode.id
2019-09-19 09:36:37,195 [main] INFO  server.Server (Server.java:doStart(351)) - jetty-9.3.24.v20180605, build timestamp: 2018-06-05T17:11:56Z, git hash: 84205aa28f11a4f31f2a3b86d1bba2cc8ab69827
2019-09-19 09:36:37,197 [main] INFO  handler.ContextHandler (ContextHandler.java:doStart(781)) - Started o.e.j.s.ServletContextHandler@1aad0b1{/logs,file:///workdir/hadoop-ozone/integration-test/target/log,AVAILABLE}
2019-09-19 09:36:37,197 [main] INFO  handler.ContextHandler (ContextHandler.java:doStart(781)) - Started o.e.j.s.ServletContextHandler@5af8bb51{/static,jar:file:/home/user/.m2/repository/org/apache/hadoop/hadoop-hdds-container-service/0.5.0-SNAPSHOT/hadoop-hdds-container-service-0.5.0-SNAPSHOT.jar!/webapps/static,AVAILABLE}
2019-09-19 09:36:37,223 [main] INFO  handler.ContextHandler (ContextHandler.java:doStart(781)) - Started o.e.j.w.WebAppContext@56da7487{/,file:///tmp/jetty-0.0.0.0-38805-hddsDatanode-_-any-2944632757787426606.dir/webapp/,AVAILABLE}{/hddsDatanode}
2019-09-19 09:36:37,224 [main] INFO  server.AbstractConnector (AbstractConnector.java:doStart(278)) - Started ServerConnector@599e4d41{HTTP/1.1,[http/1.1]}{0.0.0.0:38805}
2019-09-19 09:36:37,224 [main] INFO  server.Server (Server.java:doStart(419)) - Started @5729ms
2019-09-19 09:36:37,225 [main] WARN  impl.MetricsSystemImpl (MetricsSystemImpl.java:register(276)) - Sink prometheus already exists!
2019-09-19 09:36:37,225 [main] INFO  server.BaseHttpServer (BaseHttpServer.java:updateConnectorAddress(215)) - HTTP server of HDDSDATANODE is listening at http://0.0.0.0:38805
2019-09-19 09:36:37,226 [main] INFO  impl.MetricsSystemImpl (MetricsSystemImpl.java:init(158)) - HddsDatanode metrics system started (again)
2019-09-19 09:36:37,228 [main] INFO  ozone.HddsDatanodeService (HddsDatanodeService.java:start(184)) - HddsDatanodeService host:pr-hdds-2147-wcr5g-3873981947 ip:192.168.157.214
2019-09-19 09:36:37,228 [org.apache.hadoop.util.JvmPauseMonitor$Monitor@72a14180] INFO  util.JvmPauseMonitor (JvmPauseMonitor.java:run(188)) - Starting JVM pause monitor
2019-09-19 09:36:37,232 [Datanode State Machine Thread - 0] INFO  datanode.InitDatanodeState (InitDatanodeState.java:persistContainerDatanodeDetails(140)) - DatanodeDetails is persisted to /workdir/hadoop-ozone/integration-test/target/test-dir/MiniOzoneClusterImpl-45dce96e-52c4-4ef1-8e9d-b5da6780f9d8/datanode-2/meta/datanode.id
2019-09-19 09:36:37,235 [main] INFO  volume.HddsVolume (HddsVolume.java:<init>(176)) - Creating Volume: /workdir/hadoop-ozone/integration-test/target/test-dir/MiniOzoneClusterImpl-45dce96e-52c4-4ef1-8e9d-b5da6780f9d8/datanode-3/data/containers/hdds of  storage type : DISK and capacity : 1482555576320
2019-09-19 09:36:37,235 [main] INFO  volume.VolumeSet (VolumeSet.java:initializeVolumeSet(170)) - Added Volume : /workdir/hadoop-ozone/integration-test/target/test-dir/MiniOzoneClusterImpl-45dce96e-52c4-4ef1-8e9d-b5da6780f9d8/datanode-3/data/containers/hdds to VolumeSet
2019-09-19 09:36:37,235 [main] INFO  volume.ThrottledAsyncChecker (ThrottledAsyncChecker.java:schedule(139)) - Scheduling a check for org.apache.hadoop.ozone.container.common.volume.HddsVolume@1981d861
2019-09-19 09:36:37,236 [main] INFO  volume.HddsVolumeChecker (HddsVolumeChecker.java:checkAllVolumes(202)) - Scheduled health check for volume org.apache.hadoop.ozone.container.common.volume.HddsVolume@1981d861
2019-09-19 09:36:37,249 [main] INFO  impl.RaftServerProxy (ConfUtils.java:logGet(43)) - raft.rpc.type = GRPC (default)
2019-09-19 09:36:37,249 [main] INFO  grpc.GrpcFactory (GrpcFactory.java:checkPooledByteBufAllocatorUseCacheForAllThreads(45)) - PERFORMANCE WARNING: useCacheForAllThreads is true that may cause Netty to create a lot garbage objects and, as a result, trigger GC.
	It is recommended to disable useCacheForAllThreads by setting -Dorg.apache.ratis.thirdparty.io.netty.allocator.useCacheForAllThreads=false in command line.
2019-09-19 09:36:37,249 [main] INFO  grpc.GrpcConfigKeys$Server (ConfUtils.java:logGet(43)) - raft.grpc.server.port = 0 (default)
2019-09-19 09:36:37,250 [main] INFO  server.GrpcService (ConfUtils.java:logGet(43)) - raft.grpc.message.size.max = 33570816 (custom)
2019-09-19 09:36:37,250 [main] INFO  server.RaftServerConfigKeys (ConfUtils.java:logGet(43)) - raft.server.log.appender.buffer.byte-limit = 33554432 (custom)
2019-09-19 09:36:37,250 [main] INFO  server.GrpcService (ConfUtils.java:logGet(43)) - raft.grpc.flow.control.window = 1MB (=1048576) (default)
2019-09-19 09:36:37,250 [main] INFO  server.RaftServerConfigKeys (ConfUtils.java:logGet(43)) - raft.server.rpc.request.timeout = 3000ms (default)
2019-09-19 09:36:37,251 [main] INFO  server.RaftServerConfigKeys (ConfUtils.java:logGet(43)) - raft.server.storage.dir = [/workdir/hadoop-ozone/integration-test/target/test-dir/MiniOzoneClusterImpl-45dce96e-52c4-4ef1-8e9d-b5da6780f9d8/datanode-3/data/ratis] (custom)
2019-09-19 09:36:37,252 [main] INFO  hdfs.DFSUtil (DFSUtil.java:httpServerTemplateForNNAndJN(1641)) - Starting Web-server for hddsDatanode at: http://0.0.0.0:0
2019-09-19 09:36:37,254 [main] INFO  server.AuthenticationFilter (AuthenticationFilter.java:constructSecretProvider(240)) - Unable to initialize FileSignerSecretProvider, falling back to use random secrets.
2019-09-19 09:36:37,254 [main] WARN  http.HttpRequestLog (HttpRequestLog.java:getRequestLog(97)) - Jetty request log can only be enabled using Log4j
2019-09-19 09:36:37,256 [main] INFO  http.HttpServer2 (HttpServer2.java:addGlobalFilter(975)) - Added global filter 'safety' (class=org.apache.hadoop.http.HttpServer2$QuotingInputFilter)
2019-09-19 09:36:37,257 [main] INFO  http.HttpServer2 (HttpServer2.java:addFilter(948)) - Added filter static_user_filter (class=org.apache.hadoop.http.lib.StaticUserWebFilter$StaticUserFilter) to context hddsDatanode
2019-09-19 09:36:37,257 [main] INFO  http.HttpServer2 (HttpServer2.java:addFilter(958)) - Added filter static_user_filter (class=org.apache.hadoop.http.lib.StaticUserWebFilter$StaticUserFilter) to context logs
2019-09-19 09:36:37,257 [main] INFO  http.HttpServer2 (HttpServer2.java:addFilter(958)) - Added filter static_user_filter (class=org.apache.hadoop.http.lib.StaticUserWebFilter$StaticUserFilter) to context static
2019-09-19 09:36:37,258 [main] INFO  http.HttpServer2 (HttpServer2.java:bindListener(1191)) - Jetty bound to port 35038
2019-09-19 09:36:37,258 [main] INFO  server.Server (Server.java:doStart(351)) - jetty-9.3.24.v20180605, build timestamp: 2018-06-05T17:11:56Z, git hash: 84205aa28f11a4f31f2a3b86d1bba2cc8ab69827
2019-09-19 09:36:37,262 [main] INFO  handler.ContextHandler (ContextHandler.java:doStart(781)) - Started o.e.j.s.ServletContextHandler@68ab0936{/logs,file:///workdir/hadoop-ozone/integration-test/target/log,AVAILABLE}
2019-09-19 09:36:37,263 [main] INFO  handler.ContextHandler (ContextHandler.java:doStart(781)) - Started o.e.j.s.ServletContextHandler@42b84286{/static,jar:file:/home/user/.m2/repository/org/apache/hadoop/hadoop-hdds-container-service/0.5.0-SNAPSHOT/hadoop-hdds-container-service-0.5.0-SNAPSHOT.jar!/webapps/static,AVAILABLE}
2019-09-19 09:36:37,288 [main] INFO  handler.ContextHandler (ContextHandler.java:doStart(781)) - Started o.e.j.w.WebAppContext@6caf7803{/,file:///tmp/jetty-0.0.0.0-35038-hddsDatanode-_-any-5630071106668160104.dir/webapp/,AVAILABLE}{/hddsDatanode}
2019-09-19 09:36:37,289 [main] INFO  server.AbstractConnector (AbstractConnector.java:doStart(278)) - Started ServerConnector@709ed6f3{HTTP/1.1,[http/1.1]}{0.0.0.0:35038}
2019-09-19 09:36:37,290 [main] INFO  server.Server (Server.java:doStart(419)) - Started @5795ms
2019-09-19 09:36:37,290 [main] WARN  impl.MetricsSystemImpl (MetricsSystemImpl.java:register(276)) - Sink prometheus already exists!
2019-09-19 09:36:37,291 [main] INFO  server.BaseHttpServer (BaseHttpServer.java:updateConnectorAddress(215)) - HTTP server of HDDSDATANODE is listening at http://0.0.0.0:35038
2019-09-19 09:36:37,293 [main] INFO  ozone.MiniOzoneClusterImpl (MiniOzoneClusterImpl.java:lambda$waitForClusterToBeReady$0(145)) - Waiting for cluster to be ready. Got 0 of 4 DN Heartbeats.
2019-09-19 09:36:37,293 [org.apache.hadoop.util.JvmPauseMonitor$Monitor@a85aa59] INFO  util.JvmPauseMonitor (JvmPauseMonitor.java:run(188)) - Starting JVM pause monitor
2019-09-19 09:36:37,296 [Datanode State Machine Thread - 0] INFO  datanode.InitDatanodeState (InitDatanodeState.java:persistContainerDatanodeDetails(140)) - DatanodeDetails is persisted to /workdir/hadoop-ozone/integration-test/target/test-dir/MiniOzoneClusterImpl-45dce96e-52c4-4ef1-8e9d-b5da6780f9d8/datanode-3/meta/datanode.id
2019-09-19 09:36:38,293 [main] INFO  ozone.MiniOzoneClusterImpl (MiniOzoneClusterImpl.java:lambda$waitForClusterToBeReady$0(145)) - Waiting for cluster to be ready. Got 0 of 4 DN Heartbeats.
2019-09-19 09:36:39,130 [Datanode State Machine Thread - 0] INFO  ozoneimpl.OzoneContainer (OzoneContainer.java:start(217)) - Attempting to start container services.
2019-09-19 09:36:39,133 [Datanode State Machine Thread - 0] INFO  ozoneimpl.OzoneContainer (OzoneContainer.java:startContainerScrub(179)) - Background container scanner has been disabled.
2019-09-19 09:36:39,134 [Datanode State Machine Thread - 0] INFO  ratis.XceiverServerRatis (XceiverServerRatis.java:start(411)) - Starting XceiverServerRatis 32051bbf-3767-4bb0-989a-93ed6f586f11 at port 0
2019-09-19 09:36:39,154 [Datanode State Machine Thread - 0] INFO  impl.RaftServerProxy (RaftServerProxy.java:lambda$start$3(299)) - 32051bbf-3767-4bb0-989a-93ed6f586f11: start RPC server
2019-09-19 09:36:39,177 [Datanode State Machine Thread - 0] INFO  ozoneimpl.OzoneContainer (OzoneContainer.java:start(217)) - Attempting to start container services.
2019-09-19 09:36:39,181 [Datanode State Machine Thread - 0] INFO  ozoneimpl.OzoneContainer (OzoneContainer.java:startContainerScrub(179)) - Background container scanner has been disabled.
2019-09-19 09:36:39,182 [Datanode State Machine Thread - 0] INFO  ratis.XceiverServerRatis (XceiverServerRatis.java:start(411)) - Starting XceiverServerRatis 451f4ed5-c660-4484-8ce4-c9759984cc56 at port 0
2019-09-19 09:36:39,198 [Datanode State Machine Thread - 0] INFO  impl.RaftServerProxy (RaftServerProxy.java:lambda$start$3(299)) - 451f4ed5-c660-4484-8ce4-c9759984cc56: start RPC server
2019-09-19 09:36:39,245 [Datanode State Machine Thread - 0] INFO  ozoneimpl.OzoneContainer (OzoneContainer.java:start(217)) - Attempting to start container services.
2019-09-19 09:36:39,247 [Datanode State Machine Thread - 0] INFO  ozoneimpl.OzoneContainer (OzoneContainer.java:startContainerScrub(179)) - Background container scanner has been disabled.
2019-09-19 09:36:39,248 [Datanode State Machine Thread - 0] INFO  ratis.XceiverServerRatis (XceiverServerRatis.java:start(411)) - Starting XceiverServerRatis f2f0d6de-755f-429e-94f7-8c9aba6d2b9e at port 0
2019-09-19 09:36:39,256 [Datanode State Machine Thread - 0] INFO  impl.RaftServerProxy (RaftServerProxy.java:lambda$start$3(299)) - f2f0d6de-755f-429e-94f7-8c9aba6d2b9e: start RPC server
2019-09-19 09:36:39,293 [main] INFO  ozone.MiniOzoneClusterImpl (MiniOzoneClusterImpl.java:lambda$waitForClusterToBeReady$0(145)) - Waiting for cluster to be ready. Got 0 of 4 DN Heartbeats.
2019-09-19 09:36:39,309 [Datanode State Machine Thread - 0] INFO  ozoneimpl.OzoneContainer (OzoneContainer.java:start(217)) - Attempting to start container services.
2019-09-19 09:36:39,311 [Datanode State Machine Thread - 0] INFO  ozoneimpl.OzoneContainer (OzoneContainer.java:startContainerScrub(179)) - Background container scanner has been disabled.
2019-09-19 09:36:39,311 [Datanode State Machine Thread - 0] INFO  ratis.XceiverServerRatis (XceiverServerRatis.java:start(411)) - Starting XceiverServerRatis b769f2d5-81f7-4208-a2ae-35a826bc5222 at port 0
2019-09-19 09:36:39,311 [Datanode State Machine Thread - 0] INFO  server.GrpcService (GrpcService.java:startImpl(158)) - f2f0d6de-755f-429e-94f7-8c9aba6d2b9e: GrpcService started, listening on 0.0.0.0/0.0.0.0:35943
2019-09-19 09:36:39,311 [Datanode State Machine Thread - 0] INFO  server.GrpcService (GrpcService.java:startImpl(158)) - 451f4ed5-c660-4484-8ce4-c9759984cc56: GrpcService started, listening on 0.0.0.0/0.0.0.0:40842
2019-09-19 09:36:39,311 [Datanode State Machine Thread - 0] INFO  server.GrpcService (GrpcService.java:startImpl(158)) - 32051bbf-3767-4bb0-989a-93ed6f586f11: GrpcService started, listening on 0.0.0.0/0.0.0.0:36828
2019-09-19 09:36:39,312 [Datanode State Machine Thread - 0] INFO  ratis.XceiverServerRatis (XceiverServerRatis.java:start(421)) - XceiverServerRatis 451f4ed5-c660-4484-8ce4-c9759984cc56 is started using port 40842
2019-09-19 09:36:39,312 [Datanode State Machine Thread - 0] INFO  ratis.XceiverServerRatis (XceiverServerRatis.java:start(421)) - XceiverServerRatis f2f0d6de-755f-429e-94f7-8c9aba6d2b9e is started using port 35943
2019-09-19 09:36:39,313 [Datanode State Machine Thread - 0] INFO  ratis.XceiverServerRatis (XceiverServerRatis.java:start(421)) - XceiverServerRatis 32051bbf-3767-4bb0-989a-93ed6f586f11 is started using port 36828
2019-09-19 09:36:39,320 [Datanode State Machine Thread - 0] INFO  server.XceiverServerGrpc (XceiverServerGrpc.java:start(163)) - XceiverServerGrpc f2f0d6de-755f-429e-94f7-8c9aba6d2b9e is started using port 44666
2019-09-19 09:36:39,320 [Datanode State Machine Thread - 0] INFO  server.XceiverServerGrpc (XceiverServerGrpc.java:start(163)) - XceiverServerGrpc 32051bbf-3767-4bb0-989a-93ed6f586f11 is started using port 37319
2019-09-19 09:36:39,320 [Datanode State Machine Thread - 0] INFO  server.XceiverServerGrpc (XceiverServerGrpc.java:start(163)) - XceiverServerGrpc 451f4ed5-c660-4484-8ce4-c9759984cc56 is started using port 36627
2019-09-19 09:36:39,327 [Datanode State Machine Thread - 0] INFO  impl.RaftServerProxy (RaftServerProxy.java:lambda$start$3(299)) - b769f2d5-81f7-4208-a2ae-35a826bc5222: start RPC server
2019-09-19 09:36:39,335 [Datanode State Machine Thread - 0] INFO  server.GrpcService (GrpcService.java:startImpl(158)) - b769f2d5-81f7-4208-a2ae-35a826bc5222: GrpcService started, listening on 0.0.0.0/0.0.0.0:42901
2019-09-19 09:36:39,336 [Datanode State Machine Thread - 0] INFO  ratis.XceiverServerRatis (XceiverServerRatis.java:start(421)) - XceiverServerRatis b769f2d5-81f7-4208-a2ae-35a826bc5222 is started using port 42901
2019-09-19 09:36:39,343 [Datanode State Machine Thread - 0] INFO  server.XceiverServerGrpc (XceiverServerGrpc.java:start(163)) - XceiverServerGrpc b769f2d5-81f7-4208-a2ae-35a826bc5222 is started using port 33521
2019-09-19 09:36:40,295 [main] INFO  ozone.MiniOzoneClusterImpl (MiniOzoneClusterImpl.java:lambda$waitForClusterToBeReady$0(145)) - Waiting for cluster to be ready. Got 0 of 4 DN Heartbeats.
2019-09-19 09:36:41,106 [IPC Server handler 0 on 38555] INFO  net.NetworkTopology (NetworkTopologyImpl.java:add(111)) - Added a new node: /default-rack/32051bbf-3767-4bb0-989a-93ed6f586f11
2019-09-19 09:36:41,106 [IPC Server handler 0 on 38555] INFO  node.SCMNodeManager (SCMNodeManager.java:register(266)) - Registered Data node : 32051bbf-3767-4bb0-989a-93ed6f586f11{ip: 192.168.157.214, host: pr-hdds-2147-wcr5g-3873981947, networkLocation: /default-rack, certSerialId: null}
2019-09-19 09:36:41,111 [EventQueue-NodeRegistrationContainerReportForDataNodeSafeModeRule] INFO  safemode.SCMSafeModeManager (DataNodeSafeModeRule.java:process(71)) - SCM in safe mode. 1 DataNodes registered, 1 required.
2019-09-19 09:36:41,111 [EventQueue-NodeRegistrationContainerReportForDataNodeSafeModeRule] INFO  safemode.SCMSafeModeManager (SCMSafeModeManager.java:validateSafeModeExitRules(177)) - ScmSafeModeManager, all rules are successfully validated
2019-09-19 09:36:41,111 [EventQueue-NodeRegistrationContainerReportForDataNodeSafeModeRule] INFO  safemode.SCMSafeModeManager (SCMSafeModeManager.java:exitSafeMode(193)) - SCM exiting safe mode.
2019-09-19 09:36:41,161 [IPC Server handler 1 on 38555] INFO  net.NetworkTopology (NetworkTopologyImpl.java:add(111)) - Added a new node: /default-rack/451f4ed5-c660-4484-8ce4-c9759984cc56
2019-09-19 09:36:41,162 [IPC Server handler 1 on 38555] INFO  node.SCMNodeManager (SCMNodeManager.java:register(266)) - Registered Data node : 451f4ed5-c660-4484-8ce4-c9759984cc56{ip: 192.168.157.214, host: pr-hdds-2147-wcr5g-3873981947, networkLocation: /default-rack, certSerialId: null}
2019-09-19 09:36:41,233 [IPC Server handler 3 on 38555] INFO  net.NetworkTopology (NetworkTopologyImpl.java:add(111)) - Added a new node: /default-rack/f2f0d6de-755f-429e-94f7-8c9aba6d2b9e
2019-09-19 09:36:41,233 [IPC Server handler 3 on 38555] INFO  node.SCMNodeManager (SCMNodeManager.java:register(266)) - Registered Data node : f2f0d6de-755f-429e-94f7-8c9aba6d2b9e{ip: 192.168.157.214, host: pr-hdds-2147-wcr5g-3873981947, networkLocation: /default-rack, certSerialId: null}
2019-09-19 09:36:41,297 [main] INFO  ozone.MiniOzoneClusterImpl (MiniOzoneClusterImpl.java:lambda$waitForClusterToBeReady$0(145)) - Waiting for cluster to be ready. Got 3 of 4 DN Heartbeats.
2019-09-19 09:36:41,298 [IPC Server handler 6 on 38555] INFO  net.NetworkTopology (NetworkTopologyImpl.java:add(111)) - Added a new node: /default-rack/b769f2d5-81f7-4208-a2ae-35a826bc5222
2019-09-19 09:36:41,299 [IPC Server handler 6 on 38555] INFO  node.SCMNodeManager (SCMNodeManager.java:register(266)) - Registered Data node : b769f2d5-81f7-4208-a2ae-35a826bc5222{ip: 192.168.157.214, host: pr-hdds-2147-wcr5g-3873981947, networkLocation: /default-rack, certSerialId: null}
2019-09-19 09:36:41,646 [grpc-default-executor-0] INFO  impl.RaftServerProxy (RaftServerProxy.java:addNew(89)) - 32051bbf-3767-4bb0-989a-93ed6f586f11: addNew group-4D1EF6C3E54E:[32051bbf-3767-4bb0-989a-93ed6f586f11:192.168.157.214:36828] returns group-4D1EF6C3E54E:java.util.concurrent.CompletableFuture@46e9a601[Not completed]
2019-09-19 09:36:41,669 [pool-27-thread-1] INFO  impl.RaftServerImpl (RaftServerImpl.java:<init>(95)) - 32051bbf-3767-4bb0-989a-93ed6f586f11: new RaftServerImpl for group-4D1EF6C3E54E:[32051bbf-3767-4bb0-989a-93ed6f586f11:192.168.157.214:36828] with ContainerStateMachine:uninitialized
2019-09-19 09:36:41,672 [pool-27-thread-1] INFO  server.RaftServerConfigKeys (ConfUtils.java:logGet(43)) - raft.server.rpc.timeout.min = 5s (custom)
2019-09-19 09:36:41,673 [pool-27-thread-1] INFO  server.RaftServerConfigKeys (ConfUtils.java:logGet(43)) - raft.server.rpc.timeout.max = 5200ms (custom)
2019-09-19 09:36:41,673 [pool-27-thread-1] INFO  server.RaftServerConfigKeys (ConfUtils.java:logGet(43)) - raft.server.rpcslowness.timeout = 1000s (custom)
2019-09-19 09:36:41,674 [pool-27-thread-1] INFO  server.RaftServerConfigKeys (ConfUtils.java:logGet(43)) - raft.server.sleep.deviation.threshold = 300 (default)
2019-09-19 09:36:41,675 [pool-27-thread-1] INFO  server.RaftServerConfigKeys (ConfUtils.java:logGet(43)) - raft.server.log.appender.install.snapshot.enabled = false (custom)
2019-09-19 09:36:41,686 [pool-27-thread-1] INFO  impl.RaftServerImpl (ServerState.java:<init>(103)) - 32051bbf-3767-4bb0-989a-93ed6f586f11@group-4D1EF6C3E54E: ConfigurationManager, init=-1: [32051bbf-3767-4bb0-989a-93ed6f586f11:192.168.157.214:36828], old=null, confs=<EMPTY_MAP>
2019-09-19 09:36:41,687 [pool-27-thread-1] INFO  server.RaftServerConfigKeys (ConfUtils.java:logGet(43)) - raft.server.storage.dir = [/workdir/hadoop-ozone/integration-test/target/test-dir/MiniOzoneClusterImpl-45dce96e-52c4-4ef1-8e9d-b5da6780f9d8/datanode-0/data/ratis] (custom)
2019-09-19 09:36:41,696 [pool-27-thread-1] INFO  storage.RaftStorageDirectory (RaftStorageDirectory.java:analyzeStorage(246)) - The storage directory /workdir/hadoop-ozone/integration-test/target/test-dir/MiniOzoneClusterImpl-45dce96e-52c4-4ef1-8e9d-b5da6780f9d8/datanode-0/data/ratis/9a51c112-e503-405b-90b7-4d1ef6c3e54e does not exist. Creating ...
2019-09-19 09:36:41,715 [pool-27-thread-1] INFO  storage.RaftStorageDirectory (RaftStorageDirectory.java:tryLock(328)) - Lock on /workdir/hadoop-ozone/integration-test/target/test-dir/MiniOzoneClusterImpl-45dce96e-52c4-4ef1-8e9d-b5da6780f9d8/datanode-0/data/ratis/9a51c112-e503-405b-90b7-4d1ef6c3e54e/in_use.lock acquired by nodename 17955@pr-hdds-2147-wcr5g-3873981947
2019-09-19 09:36:41,728 [pool-27-thread-1] INFO  storage.RaftStorage (RaftStorage.java:format(72)) - Storage directory /workdir/hadoop-ozone/integration-test/target/test-dir/MiniOzoneClusterImpl-45dce96e-52c4-4ef1-8e9d-b5da6780f9d8/datanode-0/data/ratis/9a51c112-e503-405b-90b7-4d1ef6c3e54e has been successfully formatted.
2019-09-19 09:36:41,731 [pool-27-thread-1] INFO  ratis.ContainerStateMachine (ContainerStateMachine.java:loadSnapshot(230)) - group-4D1EF6C3E54E: The snapshot info is null. Setting the last applied indexto:(t:0, i:~)
2019-09-19 09:36:41,731 [pool-27-thread-1] INFO  server.RaftServerConfigKeys (ConfUtils.java:logGet(43)) - raft.server.notification.no-leader.timeout = 1000s (custom)
2019-09-19 09:36:41,733 [pool-27-thread-1] INFO  server.RaftServerConfigKeys (ConfUtils.java:logGet(43)) - raft.server.log.use.memory = false (default)
2019-09-19 09:36:41,739 [pool-27-thread-1] INFO  server.RaftServerConfigKeys (ConfUtils.java:logGet(43)) - raft.server.log.purge.gap = 1000000 (custom)
2019-09-19 09:36:41,739 [pool-27-thread-1] INFO  server.RaftServerConfigKeys (ConfUtils.java:logGet(43)) - raft.server.log.appender.buffer.byte-limit = 33554432 (custom)
2019-09-19 09:36:41,741 [pool-27-thread-1] INFO  server.RaftServerConfigKeys (ConfUtils.java:logGet(43)) - raft.server.log.segment.size.max = 1048576 (custom)
2019-09-19 09:36:41,745 [pool-27-thread-1] INFO  server.RaftServerConfigKeys (ConfUtils.java:logGet(43)) - raft.server.log.segment.cache.num.max = 2 (custom)
2019-09-19 09:36:41,751 [pool-27-thread-1] INFO  segmented.SegmentedRaftLogWorker (SegmentedRaftLogWorker.java:<init>(172)) - new 32051bbf-3767-4bb0-989a-93ed6f586f11@group-4D1EF6C3E54E-SegmentedRaftLogWorker for RaftStorage:Storage Directory /workdir/hadoop-ozone/integration-test/target/test-dir/MiniOzoneClusterImpl-45dce96e-52c4-4ef1-8e9d-b5da6780f9d8/datanode-0/data/ratis/9a51c112-e503-405b-90b7-4d1ef6c3e54e
2019-09-19 09:36:41,752 [pool-27-thread-1] INFO  impl.MetricsSystemImpl (MetricsSystemImpl.java:init(158)) - ratis metrics system started (again)
2019-09-19 09:36:41,786 [pool-27-thread-1] INFO  server.RaftServerConfigKeys (ConfUtils.java:logGet(43)) - raft.server.log.queue.byte-limit = 2147483647 (custom)
2019-09-19 09:36:41,787 [pool-27-thread-1] INFO  server.RaftServerConfigKeys (ConfUtils.java:logGet(43)) - raft.server.log.queue.element-limit = 1024 (custom)
2019-09-19 09:36:41,789 [pool-27-thread-1] INFO  server.RaftServerConfigKeys (ConfUtils.java:logGet(43)) - raft.server.log.segment.size.max = 1048576 (custom)
2019-09-19 09:36:41,790 [pool-27-thread-1] INFO  server.RaftServerConfigKeys (ConfUtils.java:logGet(43)) - raft.server.log.preallocated.size = 16384 (custom)
2019-09-19 09:36:41,790 [pool-27-thread-1] INFO  server.RaftServerConfigKeys (ConfUtils.java:logGet(43)) - raft.server.log.write.buffer.size = 33554432 (custom)
2019-09-19 09:36:41,791 [pool-27-thread-1] INFO  server.RaftServerConfigKeys (ConfUtils.java:logGet(43)) - raft.server.log.force.sync.num = 128 (default)
2019-09-19 09:36:41,791 [pool-27-thread-1] INFO  server.RaftServerConfigKeys (ConfUtils.java:logGet(43)) - raft.server.log.statemachine.data.sync = true (default)
2019-09-19 09:36:41,792 [pool-27-thread-1] INFO  server.RaftServerConfigKeys (ConfUtils.java:logGet(43)) - raft.server.log.statemachine.data.sync.timeout = 10s (default)
2019-09-19 09:36:41,792 [pool-27-thread-1] INFO  server.RaftServerConfigKeys (ConfUtils.java:logGet(43)) - raft.server.log.statemachine.data.sync.timeout.retry = -1 (default)
2019-09-19 09:36:41,800 [pool-27-thread-1] INFO  server.RaftServerConfigKeys (ConfUtils.java:logGet(43)) - raft.server.log.statemachine.data.caching.enabled = true (custom)
2019-09-19 09:36:41,804 [pool-27-thread-1] INFO  segmented.SegmentedRaftLogWorker (SegmentedRaftLogWorker.java:lambda$new$0(132)) - 32051bbf-3767-4bb0-989a-93ed6f586f11@group-4D1EF6C3E54E-SegmentedRaftLogWorker: flushIndex: setUnconditionally 0 -> -1
2019-09-19 09:36:41,808 [pool-27-thread-1] INFO  server.RaftServerConfigKeys (ConfUtils.java:logGet(43)) - raft.server.snapshot.auto.trigger.enabled = true (custom)
2019-09-19 09:36:41,809 [pool-27-thread-1] INFO  server.RaftServerConfigKeys (ConfUtils.java:logGet(43)) - raft.server.snapshot.auto.trigger.threshold = 10000 (custom)
2019-09-19 09:36:41,810 [pool-27-thread-1] INFO  server.RaftServerConfigKeys (ConfUtils.java:logGet(43)) - raft.server.snapshot.retention.num.files = 5 (custom)
2019-09-19 09:36:41,810 [pool-27-thread-1] INFO  server.RaftServerConfigKeys (ConfUtils.java:logGet(43)) - raft.server.retrycache.expirytime = 600000ms (custom)
2019-09-19 09:36:41,847 [pool-27-thread-1] INFO  impl.RaftServerImpl (RaftServerImpl.java:start(185)) - 32051bbf-3767-4bb0-989a-93ed6f586f11@group-4D1EF6C3E54E: start as a follower, conf=-1: [32051bbf-3767-4bb0-989a-93ed6f586f11:192.168.157.214:36828], old=null
2019-09-19 09:36:41,849 [pool-27-thread-1] INFO  impl.RaftServerImpl (RaftServerImpl.java:setRole(174)) - 32051bbf-3767-4bb0-989a-93ed6f586f11@group-4D1EF6C3E54E: changes role from      null to FOLLOWER at term 0 for startAsFollower
2019-09-19 09:36:41,851 [pool-27-thread-1] INFO  impl.RoleInfo (RoleInfo.java:updateAndGet(143)) - 32051bbf-3767-4bb0-989a-93ed6f586f11: start FollowerState
2019-09-19 09:36:41,854 [pool-27-thread-1] INFO  util.JmxRegister (JmxRegister.java:tryRegister(44)) - Successfully registered JMX Bean with object name Ratis:service=RaftServer,group=group-4D1EF6C3E54E,id=32051bbf-3767-4bb0-989a-93ed6f586f11
2019-09-19 09:36:41,917 [RatisPipelineUtilsThread] INFO  pipeline.PipelineStateManager (PipelineStateManager.java:addPipeline(56)) - Created pipeline Pipeline[ Id: 9a51c112-e503-405b-90b7-4d1ef6c3e54e, Nodes: 32051bbf-3767-4bb0-989a-93ed6f586f11{ip: 192.168.157.214, host: pr-hdds-2147-wcr5g-3873981947, networkLocation: /default-rack, certSerialId: null}, Type:RATIS, Factor:ONE, State:OPEN]
2019-09-19 09:36:41,934 [grpc-default-executor-0] INFO  impl.RaftServerProxy (RaftServerProxy.java:addNew(89)) - f2f0d6de-755f-429e-94f7-8c9aba6d2b9e: addNew group-332F2E111336:[f2f0d6de-755f-429e-94f7-8c9aba6d2b9e:192.168.157.214:35943] returns group-332F2E111336:java.util.concurrent.CompletableFuture@3adb9bf8[Not completed]
2019-09-19 09:36:41,961 [pool-47-thread-1] INFO  impl.RaftServerImpl (RaftServerImpl.java:<init>(95)) - f2f0d6de-755f-429e-94f7-8c9aba6d2b9e: new RaftServerImpl for group-332F2E111336:[f2f0d6de-755f-429e-94f7-8c9aba6d2b9e:192.168.157.214:35943] with ContainerStateMachine:uninitialized
2019-09-19 09:36:41,963 [pool-47-thread-1] INFO  server.RaftServerConfigKeys (ConfUtils.java:logGet(43)) - raft.server.rpc.timeout.min = 5s (custom)
2019-09-19 09:36:41,963 [pool-47-thread-1] INFO  server.RaftServerConfigKeys (ConfUtils.java:logGet(43)) - raft.server.rpc.timeout.max = 5200ms (custom)
2019-09-19 09:36:41,964 [pool-47-thread-1] INFO  server.RaftServerConfigKeys (ConfUtils.java:logGet(43)) - raft.server.rpcslowness.timeout = 1000s (custom)
2019-09-19 09:36:41,964 [pool-47-thread-1] INFO  server.RaftServerConfigKeys (ConfUtils.java:logGet(43)) - raft.server.sleep.deviation.threshold = 300 (default)
2019-09-19 09:36:41,964 [pool-47-thread-1] INFO  server.RaftServerConfigKeys (ConfUtils.java:logGet(43)) - raft.server.log.appender.install.snapshot.enabled = false (custom)
2019-09-19 09:36:41,964 [pool-47-thread-1] INFO  impl.RaftServerImpl (ServerState.java:<init>(103)) - f2f0d6de-755f-429e-94f7-8c9aba6d2b9e@group-332F2E111336: ConfigurationManager, init=-1: [f2f0d6de-755f-429e-94f7-8c9aba6d2b9e:192.168.157.214:35943], old=null, confs=<EMPTY_MAP>
2019-09-19 09:36:41,965 [pool-47-thread-1] INFO  server.RaftServerConfigKeys (ConfUtils.java:logGet(43)) - raft.server.storage.dir = [/workdir/hadoop-ozone/integration-test/target/test-dir/MiniOzoneClusterImpl-45dce96e-52c4-4ef1-8e9d-b5da6780f9d8/datanode-2/data/ratis] (custom)
2019-09-19 09:36:41,965 [pool-47-thread-1] INFO  storage.RaftStorageDirectory (RaftStorageDirectory.java:analyzeStorage(246)) - The storage directory /workdir/hadoop-ozone/integration-test/target/test-dir/MiniOzoneClusterImpl-45dce96e-52c4-4ef1-8e9d-b5da6780f9d8/datanode-2/data/ratis/4d345d35-c84c-440b-8085-332f2e111336 does not exist. Creating ...
2019-09-19 09:36:41,980 [pool-47-thread-1] INFO  storage.RaftStorageDirectory (RaftStorageDirectory.java:tryLock(328)) - Lock on /workdir/hadoop-ozone/integration-test/target/test-dir/MiniOzoneClusterImpl-45dce96e-52c4-4ef1-8e9d-b5da6780f9d8/datanode-2/data/ratis/4d345d35-c84c-440b-8085-332f2e111336/in_use.lock acquired by nodename 17955@pr-hdds-2147-wcr5g-3873981947
2019-09-19 09:36:42,010 [pool-47-thread-1] INFO  storage.RaftStorage (RaftStorage.java:format(72)) - Storage directory /workdir/hadoop-ozone/integration-test/target/test-dir/MiniOzoneClusterImpl-45dce96e-52c4-4ef1-8e9d-b5da6780f9d8/datanode-2/data/ratis/4d345d35-c84c-440b-8085-332f2e111336 has been successfully formatted.
2019-09-19 09:36:42,012 [pool-47-thread-1] INFO  ratis.ContainerStateMachine (ContainerStateMachine.java:loadSnapshot(230)) - group-332F2E111336: The snapshot info is null. Setting the last applied indexto:(t:0, i:~)
2019-09-19 09:36:42,014 [pool-47-thread-1] INFO  server.RaftServerConfigKeys (ConfUtils.java:logGet(43)) - raft.server.notification.no-leader.timeout = 1000s (custom)
2019-09-19 09:36:42,014 [pool-47-thread-1] INFO  server.RaftServerConfigKeys (ConfUtils.java:logGet(43)) - raft.server.log.use.memory = false (default)
2019-09-19 09:36:42,014 [pool-47-thread-1] INFO  server.RaftServerConfigKeys (ConfUtils.java:logGet(43)) - raft.server.log.purge.gap = 1000000 (custom)
2019-09-19 09:36:42,014 [pool-47-thread-1] INFO  server.RaftServerConfigKeys (ConfUtils.java:logGet(43)) - raft.server.log.appender.buffer.byte-limit = 33554432 (custom)
2019-09-19 09:36:42,015 [pool-47-thread-1] INFO  server.RaftServerConfigKeys (ConfUtils.java:logGet(43)) - raft.server.log.segment.size.max = 1048576 (custom)
2019-09-19 09:36:42,015 [pool-47-thread-1] INFO  server.RaftServerConfigKeys (ConfUtils.java:logGet(43)) - raft.server.log.segment.cache.num.max = 2 (custom)
2019-09-19 09:36:42,015 [pool-47-thread-1] INFO  segmented.SegmentedRaftLogWorker (SegmentedRaftLogWorker.java:<init>(172)) - new f2f0d6de-755f-429e-94f7-8c9aba6d2b9e@group-332F2E111336-SegmentedRaftLogWorker for RaftStorage:Storage Directory /workdir/hadoop-ozone/integration-test/target/test-dir/MiniOzoneClusterImpl-45dce96e-52c4-4ef1-8e9d-b5da6780f9d8/datanode-2/data/ratis/4d345d35-c84c-440b-8085-332f2e111336
2019-09-19 09:36:42,021 [pool-47-thread-1] INFO  server.RaftServerConfigKeys (ConfUtils.java:logGet(43)) - raft.server.log.queue.byte-limit = 2147483647 (custom)
2019-09-19 09:36:42,021 [pool-47-thread-1] INFO  server.RaftServerConfigKeys (ConfUtils.java:logGet(43)) - raft.server.log.queue.element-limit = 1024 (custom)
2019-09-19 09:36:42,022 [pool-47-thread-1] INFO  server.RaftServerConfigKeys (ConfUtils.java:logGet(43)) - raft.server.log.segment.size.max = 1048576 (custom)
2019-09-19 09:36:42,022 [pool-47-thread-1] INFO  server.RaftServerConfigKeys (ConfUtils.java:logGet(43)) - raft.server.log.preallocated.size = 16384 (custom)
2019-09-19 09:36:42,022 [pool-47-thread-1] INFO  server.RaftServerConfigKeys (ConfUtils.java:logGet(43)) - raft.server.log.write.buffer.size = 33554432 (custom)
2019-09-19 09:36:42,022 [pool-47-thread-1] INFO  server.RaftServerConfigKeys (ConfUtils.java:logGet(43)) - raft.server.log.force.sync.num = 128 (default)
2019-09-19 09:36:42,022 [pool-47-thread-1] INFO  server.RaftServerConfigKeys (ConfUtils.java:logGet(43)) - raft.server.log.statemachine.data.sync = true (default)
2019-09-19 09:36:42,022 [pool-47-thread-1] INFO  server.RaftServerConfigKeys (ConfUtils.java:logGet(43)) - raft.server.log.statemachine.data.sync.timeout = 10s (default)
2019-09-19 09:36:42,023 [pool-47-thread-1] INFO  server.RaftServerConfigKeys (ConfUtils.java:logGet(43)) - raft.server.log.statemachine.data.sync.timeout.retry = -1 (default)
2019-09-19 09:36:42,023 [pool-47-thread-1] INFO  server.RaftServerConfigKeys (ConfUtils.java:logGet(43)) - raft.server.log.statemachine.data.caching.enabled = true (custom)
2019-09-19 09:36:42,023 [pool-47-thread-1] INFO  segmented.SegmentedRaftLogWorker (SegmentedRaftLogWorker.java:lambda$new$0(132)) - f2f0d6de-755f-429e-94f7-8c9aba6d2b9e@group-332F2E111336-SegmentedRaftLogWorker: flushIndex: setUnconditionally 0 -> -1
2019-09-19 09:36:42,024 [pool-47-thread-1] INFO  server.RaftServerConfigKeys (ConfUtils.java:logGet(43)) - raft.server.snapshot.auto.trigger.enabled = true (custom)
2019-09-19 09:36:42,024 [pool-47-thread-1] INFO  server.RaftServerConfigKeys (ConfUtils.java:logGet(43)) - raft.server.snapshot.auto.trigger.threshold = 10000 (custom)
2019-09-19 09:36:42,024 [pool-47-thread-1] INFO  server.RaftServerConfigKeys (ConfUtils.java:logGet(43)) - raft.server.snapshot.retention.num.files = 5 (custom)
2019-09-19 09:36:42,024 [pool-47-thread-1] INFO  server.RaftServerConfigKeys (ConfUtils.java:logGet(43)) - raft.server.retrycache.expirytime = 600000ms (custom)
2019-09-19 09:36:42,029 [pool-47-thread-1] INFO  impl.RaftServerImpl (RaftServerImpl.java:start(185)) - f2f0d6de-755f-429e-94f7-8c9aba6d2b9e@group-332F2E111336: start as a follower, conf=-1: [f2f0d6de-755f-429e-94f7-8c9aba6d2b9e:192.168.157.214:35943], old=null
2019-09-19 09:36:42,029 [pool-47-thread-1] INFO  impl.RaftServerImpl (RaftServerImpl.java:setRole(174)) - f2f0d6de-755f-429e-94f7-8c9aba6d2b9e@group-332F2E111336: changes role from      null to FOLLOWER at term 0 for startAsFollower
2019-09-19 09:36:42,030 [pool-47-thread-1] INFO  impl.RoleInfo (RoleInfo.java:updateAndGet(143)) - f2f0d6de-755f-429e-94f7-8c9aba6d2b9e: start FollowerState
2019-09-19 09:36:42,031 [pool-47-thread-1] INFO  util.JmxRegister (JmxRegister.java:tryRegister(44)) - Successfully registered JMX Bean with object name Ratis:service=RaftServer,group=group-332F2E111336,id=f2f0d6de-755f-429e-94f7-8c9aba6d2b9e
2019-09-19 09:36:42,041 [RatisPipelineUtilsThread] INFO  pipeline.PipelineStateManager (PipelineStateManager.java:addPipeline(56)) - Created pipeline Pipeline[ Id: 4d345d35-c84c-440b-8085-332f2e111336, Nodes: f2f0d6de-755f-429e-94f7-8c9aba6d2b9e{ip: 192.168.157.214, host: pr-hdds-2147-wcr5g-3873981947, networkLocation: /default-rack, certSerialId: null}, Type:RATIS, Factor:ONE, State:OPEN]
2019-09-19 09:36:42,059 [grpc-default-executor-0] INFO  impl.RaftServerProxy (RaftServerProxy.java:addNew(89)) - b769f2d5-81f7-4208-a2ae-35a826bc5222: addNew group-0047A8F3D1BE:[b769f2d5-81f7-4208-a2ae-35a826bc5222:192.168.157.214:42901] returns group-0047A8F3D1BE:java.util.concurrent.CompletableFuture@2fb64f5c[Not completed]
2019-09-19 09:36:42,080 [pool-57-thread-1] INFO  impl.RaftServerImpl (RaftServerImpl.java:<init>(95)) - b769f2d5-81f7-4208-a2ae-35a826bc5222: new RaftServerImpl for group-0047A8F3D1BE:[b769f2d5-81f7-4208-a2ae-35a826bc5222:192.168.157.214:42901] with ContainerStateMachine:uninitialized
2019-09-19 09:36:42,085 [pool-57-thread-1] INFO  server.RaftServerConfigKeys (ConfUtils.java:logGet(43)) - raft.server.rpc.timeout.min = 5s (custom)
2019-09-19 09:36:42,085 [pool-57-thread-1] INFO  server.RaftServerConfigKeys (ConfUtils.java:logGet(43)) - raft.server.rpc.timeout.max = 5200ms (custom)
2019-09-19 09:36:42,085 [pool-57-thread-1] INFO  server.RaftServerConfigKeys (ConfUtils.java:logGet(43)) - raft.server.rpcslowness.timeout = 1000s (custom)
2019-09-19 09:36:42,085 [pool-57-thread-1] INFO  server.RaftServerConfigKeys (ConfUtils.java:logGet(43)) - raft.server.sleep.deviation.threshold = 300 (default)
2019-09-19 09:36:42,085 [pool-57-thread-1] INFO  server.RaftServerConfigKeys (ConfUtils.java:logGet(43)) - raft.server.log.appender.install.snapshot.enabled = false (custom)
2019-09-19 09:36:42,086 [pool-57-thread-1] INFO  impl.RaftServerImpl (ServerState.java:<init>(103)) - b769f2d5-81f7-4208-a2ae-35a826bc5222@group-0047A8F3D1BE: ConfigurationManager, init=-1: [b769f2d5-81f7-4208-a2ae-35a826bc5222:192.168.157.214:42901], old=null, confs=<EMPTY_MAP>
2019-09-19 09:36:42,086 [pool-57-thread-1] INFO  server.RaftServerConfigKeys (ConfUtils.java:logGet(43)) - raft.server.storage.dir = [/workdir/hadoop-ozone/integration-test/target/test-dir/MiniOzoneClusterImpl-45dce96e-52c4-4ef1-8e9d-b5da6780f9d8/datanode-3/data/ratis] (custom)
2019-09-19 09:36:42,086 [pool-57-thread-1] INFO  storage.RaftStorageDirectory (RaftStorageDirectory.java:analyzeStorage(246)) - The storage directory /workdir/hadoop-ozone/integration-test/target/test-dir/MiniOzoneClusterImpl-45dce96e-52c4-4ef1-8e9d-b5da6780f9d8/datanode-3/data/ratis/09e68b32-fbf1-4298-9cf9-0047a8f3d1be does not exist. Creating ...
2019-09-19 09:36:42,100 [pool-57-thread-1] INFO  storage.RaftStorageDirectory (RaftStorageDirectory.java:tryLock(328)) - Lock on /workdir/hadoop-ozone/integration-test/target/test-dir/MiniOzoneClusterImpl-45dce96e-52c4-4ef1-8e9d-b5da6780f9d8/datanode-3/data/ratis/09e68b32-fbf1-4298-9cf9-0047a8f3d1be/in_use.lock acquired by nodename 17955@pr-hdds-2147-wcr5g-3873981947
2019-09-19 09:36:42,121 [pool-57-thread-1] INFO  storage.RaftStorage (RaftStorage.java:format(72)) - Storage directory /workdir/hadoop-ozone/integration-test/target/test-dir/MiniOzoneClusterImpl-45dce96e-52c4-4ef1-8e9d-b5da6780f9d8/datanode-3/data/ratis/09e68b32-fbf1-4298-9cf9-0047a8f3d1be has been successfully formatted.
2019-09-19 09:36:42,122 [pool-57-thread-1] INFO  ratis.ContainerStateMachine (ContainerStateMachine.java:loadSnapshot(230)) - group-0047A8F3D1BE: The snapshot info is null. Setting the last applied indexto:(t:0, i:~)
2019-09-19 09:36:42,122 [pool-57-thread-1] INFO  server.RaftServerConfigKeys (ConfUtils.java:logGet(43)) - raft.server.notification.no-leader.timeout = 1000s (custom)
2019-09-19 09:36:42,122 [pool-57-thread-1] INFO  server.RaftServerConfigKeys (ConfUtils.java:logGet(43)) - raft.server.log.use.memory = false (default)
2019-09-19 09:36:42,122 [pool-57-thread-1] INFO  server.RaftServerConfigKeys (ConfUtils.java:logGet(43)) - raft.server.log.purge.gap = 1000000 (custom)
2019-09-19 09:36:42,122 [pool-57-thread-1] INFO  server.RaftServerConfigKeys (ConfUtils.java:logGet(43)) - raft.server.log.appender.buffer.byte-limit = 33554432 (custom)
2019-09-19 09:36:42,123 [pool-57-thread-1] INFO  server.RaftServerConfigKeys (ConfUtils.java:logGet(43)) - raft.server.log.segment.size.max = 1048576 (custom)
2019-09-19 09:36:42,123 [pool-57-thread-1] INFO  server.RaftServerConfigKeys (ConfUtils.java:logGet(43)) - raft.server.log.segment.cache.num.max = 2 (custom)
2019-09-19 09:36:42,123 [pool-57-thread-1] INFO  segmented.SegmentedRaftLogWorker (SegmentedRaftLogWorker.java:<init>(172)) - new b769f2d5-81f7-4208-a2ae-35a826bc5222@group-0047A8F3D1BE-SegmentedRaftLogWorker for RaftStorage:Storage Directory /workdir/hadoop-ozone/integration-test/target/test-dir/MiniOzoneClusterImpl-45dce96e-52c4-4ef1-8e9d-b5da6780f9d8/datanode-3/data/ratis/09e68b32-fbf1-4298-9cf9-0047a8f3d1be
2019-09-19 09:36:42,148 [pool-57-thread-1] INFO  server.RaftServerConfigKeys (ConfUtils.java:logGet(43)) - raft.server.log.queue.byte-limit = 2147483647 (custom)
2019-09-19 09:36:42,149 [pool-57-thread-1] INFO  server.RaftServerConfigKeys (ConfUtils.java:logGet(43)) - raft.server.log.queue.element-limit = 1024 (custom)
2019-09-19 09:36:42,149 [pool-57-thread-1] INFO  server.RaftServerConfigKeys (ConfUtils.java:logGet(43)) - raft.server.log.segment.size.max = 1048576 (custom)
2019-09-19 09:36:42,149 [pool-57-thread-1] INFO  server.RaftServerConfigKeys (ConfUtils.java:logGet(43)) - raft.server.log.preallocated.size = 16384 (custom)
2019-09-19 09:36:42,150 [pool-57-thread-1] INFO  server.RaftServerConfigKeys (ConfUtils.java:logGet(43)) - raft.server.log.write.buffer.size = 33554432 (custom)
2019-09-19 09:36:42,150 [pool-57-thread-1] INFO  server.RaftServerConfigKeys (ConfUtils.java:logGet(43)) - raft.server.log.force.sync.num = 128 (default)
2019-09-19 09:36:42,150 [pool-57-thread-1] INFO  server.RaftServerConfigKeys (ConfUtils.java:logGet(43)) - raft.server.log.statemachine.data.sync = true (default)
2019-09-19 09:36:42,150 [pool-57-thread-1] INFO  server.RaftServerConfigKeys (ConfUtils.java:logGet(43)) - raft.server.log.statemachine.data.sync.timeout = 10s (default)
2019-09-19 09:36:42,151 [pool-57-thread-1] INFO  server.RaftServerConfigKeys (ConfUtils.java:logGet(43)) - raft.server.log.statemachine.data.sync.timeout.retry = -1 (default)
2019-09-19 09:36:42,151 [pool-57-thread-1] INFO  server.RaftServerConfigKeys (ConfUtils.java:logGet(43)) - raft.server.log.statemachine.data.caching.enabled = true (custom)
2019-09-19 09:36:42,152 [pool-57-thread-1] INFO  segmented.SegmentedRaftLogWorker (SegmentedRaftLogWorker.java:lambda$new$0(132)) - b769f2d5-81f7-4208-a2ae-35a826bc5222@group-0047A8F3D1BE-SegmentedRaftLogWorker: flushIndex: setUnconditionally 0 -> -1
2019-09-19 09:36:42,152 [pool-57-thread-1] INFO  server.RaftServerConfigKeys (ConfUtils.java:logGet(43)) - raft.server.snapshot.auto.trigger.enabled = true (custom)
2019-09-19 09:36:42,152 [pool-57-thread-1] INFO  server.RaftServerConfigKeys (ConfUtils.java:logGet(43)) - raft.server.snapshot.auto.trigger.threshold = 10000 (custom)
2019-09-19 09:36:42,152 [pool-57-thread-1] INFO  server.RaftServerConfigKeys (ConfUtils.java:logGet(43)) - raft.server.snapshot.retention.num.files = 5 (custom)
2019-09-19 09:36:42,153 [pool-57-thread-1] INFO  server.RaftServerConfigKeys (ConfUtils.java:logGet(43)) - raft.server.retrycache.expirytime = 600000ms (custom)
2019-09-19 09:36:42,158 [pool-57-thread-1] INFO  impl.RaftServerImpl (RaftServerImpl.java:start(185)) - b769f2d5-81f7-4208-a2ae-35a826bc5222@group-0047A8F3D1BE: start as a follower, conf=-1: [b769f2d5-81f7-4208-a2ae-35a826bc5222:192.168.157.214:42901], old=null
2019-09-19 09:36:42,158 [pool-57-thread-1] INFO  impl.RaftServerImpl (RaftServerImpl.java:setRole(174)) - b769f2d5-81f7-4208-a2ae-35a826bc5222@group-0047A8F3D1BE: changes role from      null to FOLLOWER at term 0 for startAsFollower
2019-09-19 09:36:42,159 [pool-57-thread-1] INFO  impl.RoleInfo (RoleInfo.java:updateAndGet(143)) - b769f2d5-81f7-4208-a2ae-35a826bc5222: start FollowerState
2019-09-19 09:36:42,159 [pool-57-thread-1] INFO  util.JmxRegister (JmxRegister.java:tryRegister(44)) - Successfully registered JMX Bean with object name Ratis:service=RaftServer,group=group-0047A8F3D1BE,id=b769f2d5-81f7-4208-a2ae-35a826bc5222
2019-09-19 09:36:42,169 [RatisPipelineUtilsThread] INFO  pipeline.PipelineStateManager (PipelineStateManager.java:addPipeline(56)) - Created pipeline Pipeline[ Id: 09e68b32-fbf1-4298-9cf9-0047a8f3d1be, Nodes: b769f2d5-81f7-4208-a2ae-35a826bc5222{ip: 192.168.157.214, host: pr-hdds-2147-wcr5g-3873981947, networkLocation: /default-rack, certSerialId: null}, Type:RATIS, Factor:ONE, State:OPEN]
2019-09-19 09:36:42,183 [grpc-default-executor-0] INFO  impl.RaftServerProxy (RaftServerProxy.java:addNew(89)) - 451f4ed5-c660-4484-8ce4-c9759984cc56: addNew group-1756E43695B0:[451f4ed5-c660-4484-8ce4-c9759984cc56:192.168.157.214:40842] returns group-1756E43695B0:java.util.concurrent.CompletableFuture@550c751a[Not completed]
2019-09-19 09:36:42,185 [pool-37-thread-1] INFO  impl.RaftServerImpl (RaftServerImpl.java:<init>(95)) - 451f4ed5-c660-4484-8ce4-c9759984cc56: new RaftServerImpl for group-1756E43695B0:[451f4ed5-c660-4484-8ce4-c9759984cc56:192.168.157.214:40842] with ContainerStateMachine:uninitialized
2019-09-19 09:36:42,186 [pool-37-thread-1] INFO  server.RaftServerConfigKeys (ConfUtils.java:logGet(43)) - raft.server.rpc.timeout.min = 5s (custom)
2019-09-19 09:36:42,186 [pool-37-thread-1] INFO  server.RaftServerConfigKeys (ConfUtils.java:logGet(43)) - raft.server.rpc.timeout.max = 5200ms (custom)
2019-09-19 09:36:42,186 [pool-37-thread-1] INFO  server.RaftServerConfigKeys (ConfUtils.java:logGet(43)) - raft.server.rpcslowness.timeout = 1000s (custom)
2019-09-19 09:36:42,186 [pool-37-thread-1] INFO  server.RaftServerConfigKeys (ConfUtils.java:logGet(43)) - raft.server.sleep.deviation.threshold = 300 (default)
2019-09-19 09:36:42,187 [pool-37-thread-1] INFO  server.RaftServerConfigKeys (ConfUtils.java:logGet(43)) - raft.server.log.appender.install.snapshot.enabled = false (custom)
2019-09-19 09:36:42,187 [pool-37-thread-1] INFO  impl.RaftServerImpl (ServerState.java:<init>(103)) - 451f4ed5-c660-4484-8ce4-c9759984cc56@group-1756E43695B0: ConfigurationManager, init=-1: [451f4ed5-c660-4484-8ce4-c9759984cc56:192.168.157.214:40842], old=null, confs=<EMPTY_MAP>
2019-09-19 09:36:42,187 [pool-37-thread-1] INFO  server.RaftServerConfigKeys (ConfUtils.java:logGet(43)) - raft.server.storage.dir = [/workdir/hadoop-ozone/integration-test/target/test-dir/MiniOzoneClusterImpl-45dce96e-52c4-4ef1-8e9d-b5da6780f9d8/datanode-1/data/ratis] (custom)
2019-09-19 09:36:42,188 [pool-37-thread-1] INFO  storage.RaftStorageDirectory (RaftStorageDirectory.java:analyzeStorage(246)) - The storage directory /workdir/hadoop-ozone/integration-test/target/test-dir/MiniOzoneClusterImpl-45dce96e-52c4-4ef1-8e9d-b5da6780f9d8/datanode-1/data/ratis/bfe14d16-3c34-4b2f-9b75-1756e43695b0 does not exist. Creating ...
2019-09-19 09:36:42,212 [pool-37-thread-1] INFO  storage.RaftStorageDirectory (RaftStorageDirectory.java:tryLock(328)) - Lock on /workdir/hadoop-ozone/integration-test/target/test-dir/MiniOzoneClusterImpl-45dce96e-52c4-4ef1-8e9d-b5da6780f9d8/datanode-1/data/ratis/bfe14d16-3c34-4b2f-9b75-1756e43695b0/in_use.lock acquired by nodename 17955@pr-hdds-2147-wcr5g-3873981947
2019-09-19 09:36:42,225 [pool-37-thread-1] INFO  storage.RaftStorage (RaftStorage.java:format(72)) - Storage directory /workdir/hadoop-ozone/integration-test/target/test-dir/MiniOzoneClusterImpl-45dce96e-52c4-4ef1-8e9d-b5da6780f9d8/datanode-1/data/ratis/bfe14d16-3c34-4b2f-9b75-1756e43695b0 has been successfully formatted.
2019-09-19 09:36:42,225 [pool-37-thread-1] INFO  ratis.ContainerStateMachine (ContainerStateMachine.java:loadSnapshot(230)) - group-1756E43695B0: The snapshot info is null. Setting the last applied indexto:(t:0, i:~)
2019-09-19 09:36:42,226 [pool-37-thread-1] INFO  server.RaftServerConfigKeys (ConfUtils.java:logGet(43)) - raft.server.notification.no-leader.timeout = 1000s (custom)
2019-09-19 09:36:42,226 [pool-37-thread-1] INFO  server.RaftServerConfigKeys (ConfUtils.java:logGet(43)) - raft.server.log.use.memory = false (default)
2019-09-19 09:36:42,226 [pool-37-thread-1] INFO  server.RaftServerConfigKeys (ConfUtils.java:logGet(43)) - raft.server.log.purge.gap = 1000000 (custom)
2019-09-19 09:36:42,226 [pool-37-thread-1] INFO  server.RaftServerConfigKeys (ConfUtils.java:logGet(43)) - raft.server.log.appender.buffer.byte-limit = 33554432 (custom)
2019-09-19 09:36:42,227 [pool-37-thread-1] INFO  server.RaftServerConfigKeys (ConfUtils.java:logGet(43)) - raft.server.log.segment.size.max = 1048576 (custom)
2019-09-19 09:36:42,227 [pool-37-thread-1] INFO  server.RaftServerConfigKeys (ConfUtils.java:logGet(43)) - raft.server.log.segment.cache.num.max = 2 (custom)
2019-09-19 09:36:42,227 [pool-37-thread-1] INFO  segmented.SegmentedRaftLogWorker (SegmentedRaftLogWorker.java:<init>(172)) - new 451f4ed5-c660-4484-8ce4-c9759984cc56@group-1756E43695B0-SegmentedRaftLogWorker for RaftStorage:Storage Directory /workdir/hadoop-ozone/integration-test/target/test-dir/MiniOzoneClusterImpl-45dce96e-52c4-4ef1-8e9d-b5da6780f9d8/datanode-1/data/ratis/bfe14d16-3c34-4b2f-9b75-1756e43695b0
2019-09-19 09:36:42,232 [pool-37-thread-1] INFO  server.RaftServerConfigKeys (ConfUtils.java:logGet(43)) - raft.server.log.queue.byte-limit = 2147483647 (custom)
2019-09-19 09:36:42,232 [pool-37-thread-1] INFO  server.RaftServerConfigKeys (ConfUtils.java:logGet(43)) - raft.server.log.queue.element-limit = 1024 (custom)
2019-09-19 09:36:42,232 [pool-37-thread-1] INFO  server.RaftServerConfigKeys (ConfUtils.java:logGet(43)) - raft.server.log.segment.size.max = 1048576 (custom)
2019-09-19 09:36:42,232 [pool-37-thread-1] INFO  server.RaftServerConfigKeys (ConfUtils.java:logGet(43)) - raft.server.log.preallocated.size = 16384 (custom)
2019-09-19 09:36:42,232 [pool-37-thread-1] INFO  server.RaftServerConfigKeys (ConfUtils.java:logGet(43)) - raft.server.log.write.buffer.size = 33554432 (custom)
2019-09-19 09:36:42,233 [pool-37-thread-1] INFO  server.RaftServerConfigKeys (ConfUtils.java:logGet(43)) - raft.server.log.force.sync.num = 128 (default)
2019-09-19 09:36:42,233 [pool-37-thread-1] INFO  server.RaftServerConfigKeys (ConfUtils.java:logGet(43)) - raft.server.log.statemachine.data.sync = true (default)
2019-09-19 09:36:42,233 [pool-37-thread-1] INFO  server.RaftServerConfigKeys (ConfUtils.java:logGet(43)) - raft.server.log.statemachine.data.sync.timeout = 10s (default)
2019-09-19 09:36:42,233 [pool-37-thread-1] INFO  server.RaftServerConfigKeys (ConfUtils.java:logGet(43)) - raft.server.log.statemachine.data.sync.timeout.retry = -1 (default)
2019-09-19 09:36:42,233 [pool-37-thread-1] INFO  server.RaftServerConfigKeys (ConfUtils.java:logGet(43)) - raft.server.log.statemachine.data.caching.enabled = true (custom)
2019-09-19 09:36:42,234 [pool-37-thread-1] INFO  segmented.SegmentedRaftLogWorker (SegmentedRaftLogWorker.java:lambda$new$0(132)) - 451f4ed5-c660-4484-8ce4-c9759984cc56@group-1756E43695B0-SegmentedRaftLogWorker: flushIndex: setUnconditionally 0 -> -1
2019-09-19 09:36:42,234 [pool-37-thread-1] INFO  server.RaftServerConfigKeys (ConfUtils.java:logGet(43)) - raft.server.snapshot.auto.trigger.enabled = true (custom)
2019-09-19 09:36:42,234 [pool-37-thread-1] INFO  server.RaftServerConfigKeys (ConfUtils.java:logGet(43)) - raft.server.snapshot.auto.trigger.threshold = 10000 (custom)
2019-09-19 09:36:42,234 [pool-37-thread-1] INFO  server.RaftServerConfigKeys (ConfUtils.java:logGet(43)) - raft.server.snapshot.retention.num.files = 5 (custom)
2019-09-19 09:36:42,234 [pool-37-thread-1] INFO  server.RaftServerConfigKeys (ConfUtils.java:logGet(43)) - raft.server.retrycache.expirytime = 600000ms (custom)
2019-09-19 09:36:42,238 [pool-37-thread-1] INFO  impl.RaftServerImpl (RaftServerImpl.java:start(185)) - 451f4ed5-c660-4484-8ce4-c9759984cc56@group-1756E43695B0: start as a follower, conf=-1: [451f4ed5-c660-4484-8ce4-c9759984cc56:192.168.157.214:40842], old=null
2019-09-19 09:36:42,238 [pool-37-thread-1] INFO  impl.RaftServerImpl (RaftServerImpl.java:setRole(174)) - 451f4ed5-c660-4484-8ce4-c9759984cc56@group-1756E43695B0: changes role from      null to FOLLOWER at term 0 for startAsFollower
2019-09-19 09:36:42,238 [pool-37-thread-1] INFO  impl.RoleInfo (RoleInfo.java:updateAndGet(143)) - 451f4ed5-c660-4484-8ce4-c9759984cc56: start FollowerState
2019-09-19 09:36:42,239 [pool-37-thread-1] INFO  util.JmxRegister (JmxRegister.java:tryRegister(44)) - Successfully registered JMX Bean with object name Ratis:service=RaftServer,group=group-1756E43695B0,id=451f4ed5-c660-4484-8ce4-c9759984cc56
2019-09-19 09:36:42,247 [RatisPipelineUtilsThread] INFO  pipeline.PipelineStateManager (PipelineStateManager.java:addPipeline(56)) - Created pipeline Pipeline[ Id: bfe14d16-3c34-4b2f-9b75-1756e43695b0, Nodes: 451f4ed5-c660-4484-8ce4-c9759984cc56{ip: 192.168.157.214, host: pr-hdds-2147-wcr5g-3873981947, networkLocation: /default-rack, certSerialId: null}, Type:RATIS, Factor:ONE, State:OPEN]
2019-09-19 09:36:42,288 [grpc-default-executor-1] INFO  impl.RaftServerProxy (RaftServerProxy.java:addNew(89)) - b769f2d5-81f7-4208-a2ae-35a826bc5222: addNew group-66AD49956D14:[f2f0d6de-755f-429e-94f7-8c9aba6d2b9e:192.168.157.214:35943, 32051bbf-3767-4bb0-989a-93ed6f586f11:192.168.157.214:36828, b769f2d5-81f7-4208-a2ae-35a826bc5222:192.168.157.214:42901] returns group-66AD49956D14:java.util.concurrent.CompletableFuture@1a743748[Not completed]
2019-09-19 09:36:42,290 [grpc-default-executor-0] INFO  impl.RaftServerProxy (RaftServerProxy.java:addNew(89)) - f2f0d6de-755f-429e-94f7-8c9aba6d2b9e: addNew group-66AD49956D14:[f2f0d6de-755f-429e-94f7-8c9aba6d2b9e:192.168.157.214:35943, 32051bbf-3767-4bb0-989a-93ed6f586f11:192.168.157.214:36828, b769f2d5-81f7-4208-a2ae-35a826bc5222:192.168.157.214:42901] returns group-66AD49956D14:java.util.concurrent.CompletableFuture@2a73a134[Not completed]
2019-09-19 09:36:42,293 [grpc-default-executor-2] INFO  impl.RaftServerProxy (RaftServerProxy.java:addNew(89)) - 32051bbf-3767-4bb0-989a-93ed6f586f11: addNew group-66AD49956D14:[f2f0d6de-755f-429e-94f7-8c9aba6d2b9e:192.168.157.214:35943, 32051bbf-3767-4bb0-989a-93ed6f586f11:192.168.157.214:36828, b769f2d5-81f7-4208-a2ae-35a826bc5222:192.168.157.214:42901] returns group-66AD49956D14:java.util.concurrent.CompletableFuture@1303f361[Not completed]
2019-09-19 09:36:42,293 [pool-57-thread-1] INFO  impl.RaftServerImpl (RaftServerImpl.java:<init>(95)) - b769f2d5-81f7-4208-a2ae-35a826bc5222: new RaftServerImpl for group-66AD49956D14:[f2f0d6de-755f-429e-94f7-8c9aba6d2b9e:192.168.157.214:35943, 32051bbf-3767-4bb0-989a-93ed6f586f11:192.168.157.214:36828, b769f2d5-81f7-4208-a2ae-35a826bc5222:192.168.157.214:42901] with ContainerStateMachine:uninitialized
2019-09-19 09:36:42,294 [pool-57-thread-1] INFO  server.RaftServerConfigKeys (ConfUtils.java:logGet(43)) - raft.server.rpc.timeout.min = 5s (custom)
2019-09-19 09:36:42,294 [pool-57-thread-1] INFO  server.RaftServerConfigKeys (ConfUtils.java:logGet(43)) - raft.server.rpc.timeout.max = 5200ms (custom)
2019-09-19 09:36:42,294 [pool-57-thread-1] INFO  server.RaftServerConfigKeys (ConfUtils.java:logGet(43)) - raft.server.rpcslowness.timeout = 1000s (custom)
2019-09-19 09:36:42,294 [pool-57-thread-1] INFO  server.RaftServerConfigKeys (ConfUtils.java:logGet(43)) - raft.server.sleep.deviation.threshold = 300 (default)
2019-09-19 09:36:42,294 [pool-57-thread-1] INFO  server.RaftServerConfigKeys (ConfUtils.java:logGet(43)) - raft.server.log.appender.install.snapshot.enabled = false (custom)
2019-09-19 09:36:42,295 [pool-47-thread-1] INFO  impl.RaftServerImpl (RaftServerImpl.java:<init>(95)) - f2f0d6de-755f-429e-94f7-8c9aba6d2b9e: new RaftServerImpl for group-66AD49956D14:[f2f0d6de-755f-429e-94f7-8c9aba6d2b9e:192.168.157.214:35943, 32051bbf-3767-4bb0-989a-93ed6f586f11:192.168.157.214:36828, b769f2d5-81f7-4208-a2ae-35a826bc5222:192.168.157.214:42901] with ContainerStateMachine:uninitialized
2019-09-19 09:36:42,295 [pool-57-thread-1] INFO  impl.RaftServerImpl (ServerState.java:<init>(103)) - b769f2d5-81f7-4208-a2ae-35a826bc5222@group-66AD49956D14: ConfigurationManager, init=-1: [f2f0d6de-755f-429e-94f7-8c9aba6d2b9e:192.168.157.214:35943, 32051bbf-3767-4bb0-989a-93ed6f586f11:192.168.157.214:36828, b769f2d5-81f7-4208-a2ae-35a826bc5222:192.168.157.214:42901], old=null, confs=<EMPTY_MAP>
2019-09-19 09:36:42,295 [pool-47-thread-1] INFO  server.RaftServerConfigKeys (ConfUtils.java:logGet(43)) - raft.server.rpc.timeout.min = 5s (custom)
2019-09-19 09:36:42,295 [pool-57-thread-1] INFO  server.RaftServerConfigKeys (ConfUtils.java:logGet(43)) - raft.server.storage.dir = [/workdir/hadoop-ozone/integration-test/target/test-dir/MiniOzoneClusterImpl-45dce96e-52c4-4ef1-8e9d-b5da6780f9d8/datanode-3/data/ratis] (custom)
2019-09-19 09:36:42,295 [pool-47-thread-1] INFO  server.RaftServerConfigKeys (ConfUtils.java:logGet(43)) - raft.server.rpc.timeout.max = 5200ms (custom)
2019-09-19 09:36:42,295 [pool-27-thread-1] INFO  impl.RaftServerImpl (RaftServerImpl.java:<init>(95)) - 32051bbf-3767-4bb0-989a-93ed6f586f11: new RaftServerImpl for group-66AD49956D14:[f2f0d6de-755f-429e-94f7-8c9aba6d2b9e:192.168.157.214:35943, 32051bbf-3767-4bb0-989a-93ed6f586f11:192.168.157.214:36828, b769f2d5-81f7-4208-a2ae-35a826bc5222:192.168.157.214:42901] with ContainerStateMachine:uninitialized
2019-09-19 09:36:42,295 [pool-47-thread-1] INFO  server.RaftServerConfigKeys (ConfUtils.java:logGet(43)) - raft.server.rpcslowness.timeout = 1000s (custom)
2019-09-19 09:36:42,295 [pool-27-thread-1] INFO  server.RaftServerConfigKeys (ConfUtils.java:logGet(43)) - raft.server.rpc.timeout.min = 5s (custom)
2019-09-19 09:36:42,295 [pool-57-thread-1] INFO  storage.RaftStorageDirectory (RaftStorageDirectory.java:analyzeStorage(246)) - The storage directory /workdir/hadoop-ozone/integration-test/target/test-dir/MiniOzoneClusterImpl-45dce96e-52c4-4ef1-8e9d-b5da6780f9d8/datanode-3/data/ratis/b1cabc74-5763-45f9-9258-66ad49956d14 does not exist. Creating ...
2019-09-19 09:36:42,295 [pool-47-thread-1] INFO  server.RaftServerConfigKeys (ConfUtils.java:logGet(43)) - raft.server.sleep.deviation.threshold = 300 (default)
2019-09-19 09:36:42,296 [pool-27-thread-1] INFO  server.RaftServerConfigKeys (ConfUtils.java:logGet(43)) - raft.server.rpc.timeout.max = 5200ms (custom)
2019-09-19 09:36:42,296 [pool-47-thread-1] INFO  server.RaftServerConfigKeys (ConfUtils.java:logGet(43)) - raft.server.log.appender.install.snapshot.enabled = false (custom)
2019-09-19 09:36:42,296 [pool-27-thread-1] INFO  server.RaftServerConfigKeys (ConfUtils.java:logGet(43)) - raft.server.rpcslowness.timeout = 1000s (custom)
2019-09-19 09:36:42,296 [pool-47-thread-1] INFO  impl.RaftServerImpl (ServerState.java:<init>(103)) - f2f0d6de-755f-429e-94f7-8c9aba6d2b9e@group-66AD49956D14: ConfigurationManager, init=-1: [f2f0d6de-755f-429e-94f7-8c9aba6d2b9e:192.168.157.214:35943, 32051bbf-3767-4bb0-989a-93ed6f586f11:192.168.157.214:36828, b769f2d5-81f7-4208-a2ae-35a826bc5222:192.168.157.214:42901], old=null, confs=<EMPTY_MAP>
2019-09-19 09:36:42,296 [pool-27-thread-1] INFO  server.RaftServerConfigKeys (ConfUtils.java:logGet(43)) - raft.server.sleep.deviation.threshold = 300 (default)
2019-09-19 09:36:42,296 [pool-27-thread-1] INFO  server.RaftServerConfigKeys (ConfUtils.java:logGet(43)) - raft.server.log.appender.install.snapshot.enabled = false (custom)
2019-09-19 09:36:42,296 [pool-47-thread-1] INFO  server.RaftServerConfigKeys (ConfUtils.java:logGet(43)) - raft.server.storage.dir = [/workdir/hadoop-ozone/integration-test/target/test-dir/MiniOzoneClusterImpl-45dce96e-52c4-4ef1-8e9d-b5da6780f9d8/datanode-2/data/ratis] (custom)
2019-09-19 09:36:42,296 [pool-27-thread-1] INFO  impl.RaftServerImpl (ServerState.java:<init>(103)) - 32051bbf-3767-4bb0-989a-93ed6f586f11@group-66AD49956D14: ConfigurationManager, init=-1: [f2f0d6de-755f-429e-94f7-8c9aba6d2b9e:192.168.157.214:35943, 32051bbf-3767-4bb0-989a-93ed6f586f11:192.168.157.214:36828, b769f2d5-81f7-4208-a2ae-35a826bc5222:192.168.157.214:42901], old=null, confs=<EMPTY_MAP>
2019-09-19 09:36:42,297 [pool-27-thread-1] INFO  server.RaftServerConfigKeys (ConfUtils.java:logGet(43)) - raft.server.storage.dir = [/workdir/hadoop-ozone/integration-test/target/test-dir/MiniOzoneClusterImpl-45dce96e-52c4-4ef1-8e9d-b5da6780f9d8/datanode-0/data/ratis] (custom)
2019-09-19 09:36:42,297 [pool-47-thread-1] INFO  storage.RaftStorageDirectory (RaftStorageDirectory.java:analyzeStorage(246)) - The storage directory /workdir/hadoop-ozone/integration-test/target/test-dir/MiniOzoneClusterImpl-45dce96e-52c4-4ef1-8e9d-b5da6780f9d8/datanode-2/data/ratis/b1cabc74-5763-45f9-9258-66ad49956d14 does not exist. Creating ...
2019-09-19 09:36:42,297 [pool-27-thread-1] INFO  storage.RaftStorageDirectory (RaftStorageDirectory.java:analyzeStorage(246)) - The storage directory /workdir/hadoop-ozone/integration-test/target/test-dir/MiniOzoneClusterImpl-45dce96e-52c4-4ef1-8e9d-b5da6780f9d8/datanode-0/data/ratis/b1cabc74-5763-45f9-9258-66ad49956d14 does not exist. Creating ...
2019-09-19 09:36:42,298 [main] INFO  ozone.MiniOzoneClusterImpl (MiniOzoneClusterImpl.java:lambda$waitForClusterToBeReady$0(145)) - Cluster is ready. Got 4 of 4 DN Heartbeats.
2019-09-19 09:36:42,302 [main] INFO  container.ReplicationManager (ReplicationManager.java:start(162)) - Starting Replication Monitor Thread.
2019-09-19 09:36:42,303 [ReplicationMonitor] INFO  container.ReplicationManager (ReplicationManager.java:run(225)) - Replication Monitor Thread took 1 milliseconds for processing 0 containers.
2019-09-19 09:36:42,310 [pool-57-thread-1] INFO  storage.RaftStorageDirectory (RaftStorageDirectory.java:tryLock(328)) - Lock on /workdir/hadoop-ozone/integration-test/target/test-dir/MiniOzoneClusterImpl-45dce96e-52c4-4ef1-8e9d-b5da6780f9d8/datanode-3/data/ratis/b1cabc74-5763-45f9-9258-66ad49956d14/in_use.lock acquired by nodename 17955@pr-hdds-2147-wcr5g-3873981947
2019-09-19 09:36:42,310 [pool-27-thread-1] INFO  storage.RaftStorageDirectory (RaftStorageDirectory.java:tryLock(328)) - Lock on /workdir/hadoop-ozone/integration-test/target/test-dir/MiniOzoneClusterImpl-45dce96e-52c4-4ef1-8e9d-b5da6780f9d8/datanode-0/data/ratis/b1cabc74-5763-45f9-9258-66ad49956d14/in_use.lock acquired by nodename 17955@pr-hdds-2147-wcr5g-3873981947
2019-09-19 09:36:42,310 [pool-47-thread-1] INFO  storage.RaftStorageDirectory (RaftStorageDirectory.java:tryLock(328)) - Lock on /workdir/hadoop-ozone/integration-test/target/test-dir/MiniOzoneClusterImpl-45dce96e-52c4-4ef1-8e9d-b5da6780f9d8/datanode-2/data/ratis/b1cabc74-5763-45f9-9258-66ad49956d14/in_use.lock acquired by nodename 17955@pr-hdds-2147-wcr5g-3873981947
2019-09-19 09:36:42,324 [pool-27-thread-1] INFO  storage.RaftStorage (RaftStorage.java:format(72)) - Storage directory /workdir/hadoop-ozone/integration-test/target/test-dir/MiniOzoneClusterImpl-45dce96e-52c4-4ef1-8e9d-b5da6780f9d8/datanode-0/data/ratis/b1cabc74-5763-45f9-9258-66ad49956d14 has been successfully formatted.
2019-09-19 09:36:42,324 [pool-47-thread-1] INFO  storage.RaftStorage (RaftStorage.java:format(72)) - Storage directory /workdir/hadoop-ozone/integration-test/target/test-dir/MiniOzoneClusterImpl-45dce96e-52c4-4ef1-8e9d-b5da6780f9d8/datanode-2/data/ratis/b1cabc74-5763-45f9-9258-66ad49956d14 has been successfully formatted.
2019-09-19 09:36:42,324 [pool-57-thread-1] INFO  storage.RaftStorage (RaftStorage.java:format(72)) - Storage directory /workdir/hadoop-ozone/integration-test/target/test-dir/MiniOzoneClusterImpl-45dce96e-52c4-4ef1-8e9d-b5da6780f9d8/datanode-3/data/ratis/b1cabc74-5763-45f9-9258-66ad49956d14 has been successfully formatted.
2019-09-19 09:36:42,324 [pool-47-thread-1] INFO  ratis.ContainerStateMachine (ContainerStateMachine.java:loadSnapshot(230)) - group-66AD49956D14: The snapshot info is null. Setting the last applied indexto:(t:0, i:~)
2019-09-19 09:36:42,324 [pool-27-thread-1] INFO  ratis.ContainerStateMachine (ContainerStateMachine.java:loadSnapshot(230)) - group-66AD49956D14: The snapshot info is null. Setting the last applied indexto:(t:0, i:~)
2019-09-19 09:36:42,325 [pool-47-thread-1] INFO  server.RaftServerConfigKeys (ConfUtils.java:logGet(43)) - raft.server.notification.no-leader.timeout = 1000s (custom)
2019-09-19 09:36:42,325 [pool-57-thread-1] INFO  ratis.ContainerStateMachine (ContainerStateMachine.java:loadSnapshot(230)) - group-66AD49956D14: The snapshot info is null. Setting the last applied indexto:(t:0, i:~)
2019-09-19 09:36:42,325 [pool-47-thread-1] INFO  server.RaftServerConfigKeys (ConfUtils.java:logGet(43)) - raft.server.log.use.memory = false (default)
2019-09-19 09:36:42,325 [pool-27-thread-1] INFO  server.RaftServerConfigKeys (ConfUtils.java:logGet(43)) - raft.server.notification.no-leader.timeout = 1000s (custom)
2019-09-19 09:36:42,325 [pool-47-thread-1] INFO  server.RaftServerConfigKeys (ConfUtils.java:logGet(43)) - raft.server.log.purge.gap = 1000000 (custom)
2019-09-19 09:36:42,325 [pool-57-thread-1] INFO  server.RaftServerConfigKeys (ConfUtils.java:logGet(43)) - raft.server.notification.no-leader.timeout = 1000s (custom)
2019-09-19 09:36:42,325 [pool-47-thread-1] INFO  server.RaftServerConfigKeys (ConfUtils.java:logGet(43)) - raft.server.log.appender.buffer.byte-limit = 33554432 (custom)
2019-09-19 09:36:42,325 [pool-27-thread-1] INFO  server.RaftServerConfigKeys (ConfUtils.java:logGet(43)) - raft.server.log.use.memory = false (default)
2019-09-19 09:36:42,326 [pool-47-thread-1] INFO  server.RaftServerConfigKeys (ConfUtils.java:logGet(43)) - raft.server.log.segment.size.max = 1048576 (custom)
2019-09-19 09:36:42,326 [pool-57-thread-1] INFO  server.RaftServerConfigKeys (ConfUtils.java:logGet(43)) - raft.server.log.use.memory = false (default)
2019-09-19 09:36:42,326 [pool-47-thread-1] INFO  server.RaftServerConfigKeys (ConfUtils.java:logGet(43)) - raft.server.log.segment.cache.num.max = 2 (custom)
2019-09-19 09:36:42,326 [pool-27-thread-1] INFO  server.RaftServerConfigKeys (ConfUtils.java:logGet(43)) - raft.server.log.purge.gap = 1000000 (custom)
2019-09-19 09:36:42,326 [pool-47-thread-1] INFO  segmented.SegmentedRaftLogWorker (SegmentedRaftLogWorker.java:<init>(172)) - new f2f0d6de-755f-429e-94f7-8c9aba6d2b9e@group-66AD49956D14-SegmentedRaftLogWorker for RaftStorage:Storage Directory /workdir/hadoop-ozone/integration-test/target/test-dir/MiniOzoneClusterImpl-45dce96e-52c4-4ef1-8e9d-b5da6780f9d8/datanode-2/data/ratis/b1cabc74-5763-45f9-9258-66ad49956d14
2019-09-19 09:36:42,326 [pool-57-thread-1] INFO  server.RaftServerConfigKeys (ConfUtils.java:logGet(43)) - raft.server.log.purge.gap = 1000000 (custom)
2019-09-19 09:36:42,327 [pool-47-thread-1] INFO  server.RaftServerConfigKeys (ConfUtils.java:logGet(43)) - raft.server.log.queue.byte-limit = 2147483647 (custom)
2019-09-19 09:36:42,326 [pool-27-thread-1] INFO  server.RaftServerConfigKeys (ConfUtils.java:logGet(43)) - raft.server.log.appender.buffer.byte-limit = 33554432 (custom)
2019-09-19 09:36:42,327 [pool-47-thread-1] INFO  server.RaftServerConfigKeys (ConfUtils.java:logGet(43)) - raft.server.log.queue.element-limit = 1024 (custom)
2019-09-19 09:36:42,327 [pool-57-thread-1] INFO  server.RaftServerConfigKeys (ConfUtils.java:logGet(43)) - raft.server.log.appender.buffer.byte-limit = 33554432 (custom)
2019-09-19 09:36:42,327 [pool-47-thread-1] INFO  server.RaftServerConfigKeys (ConfUtils.java:logGet(43)) - raft.server.log.segment.size.max = 1048576 (custom)
2019-09-19 09:36:42,327 [pool-27-thread-1] INFO  server.RaftServerConfigKeys (ConfUtils.java:logGet(43)) - raft.server.log.segment.size.max = 1048576 (custom)
2019-09-19 09:36:42,328 [pool-47-thread-1] INFO  server.RaftServerConfigKeys (ConfUtils.java:logGet(43)) - raft.server.log.preallocated.size = 16384 (custom)
2019-09-19 09:36:42,327 [pool-57-thread-1] INFO  server.RaftServerConfigKeys (ConfUtils.java:logGet(43)) - raft.server.log.segment.size.max = 1048576 (custom)
2019-09-19 09:36:42,328 [pool-47-thread-1] INFO  server.RaftServerConfigKeys (ConfUtils.java:logGet(43)) - raft.server.log.write.buffer.size = 33554432 (custom)
2019-09-19 09:36:42,328 [pool-27-thread-1] INFO  server.RaftServerConfigKeys (ConfUtils.java:logGet(43)) - raft.server.log.segment.cache.num.max = 2 (custom)
2019-09-19 09:36:42,328 [pool-47-thread-1] INFO  server.RaftServerConfigKeys (ConfUtils.java:logGet(43)) - raft.server.log.force.sync.num = 128 (default)
2019-09-19 09:36:42,328 [pool-57-thread-1] INFO  server.RaftServerConfigKeys (ConfUtils.java:logGet(43)) - raft.server.log.segment.cache.num.max = 2 (custom)
2019-09-19 09:36:42,328 [pool-47-thread-1] INFO  server.RaftServerConfigKeys (ConfUtils.java:logGet(43)) - raft.server.log.statemachine.data.sync = true (default)
2019-09-19 09:36:42,328 [pool-27-thread-1] INFO  segmented.SegmentedRaftLogWorker (SegmentedRaftLogWorker.java:<init>(172)) - new 32051bbf-3767-4bb0-989a-93ed6f586f11@group-66AD49956D14-SegmentedRaftLogWorker for RaftStorage:Storage Directory /workdir/hadoop-ozone/integration-test/target/test-dir/MiniOzoneClusterImpl-45dce96e-52c4-4ef1-8e9d-b5da6780f9d8/datanode-0/data/ratis/b1cabc74-5763-45f9-9258-66ad49956d14
2019-09-19 09:36:42,329 [pool-47-thread-1] INFO  server.RaftServerConfigKeys (ConfUtils.java:logGet(43)) - raft.server.log.statemachine.data.sync.timeout = 10s (default)
2019-09-19 09:36:42,329 [pool-57-thread-1] INFO  segmented.SegmentedRaftLogWorker (SegmentedRaftLogWorker.java:<init>(172)) - new b769f2d5-81f7-4208-a2ae-35a826bc5222@group-66AD49956D14-SegmentedRaftLogWorker for RaftStorage:Storage Directory /workdir/hadoop-ozone/integration-test/target/test-dir/MiniOzoneClusterImpl-45dce96e-52c4-4ef1-8e9d-b5da6780f9d8/datanode-3/data/ratis/b1cabc74-5763-45f9-9258-66ad49956d14
2019-09-19 09:36:42,329 [pool-47-thread-1] INFO  server.RaftServerConfigKeys (ConfUtils.java:logGet(43)) - raft.server.log.statemachine.data.sync.timeout.retry = -1 (default)
2019-09-19 09:36:42,329 [pool-27-thread-1] INFO  server.RaftServerConfigKeys (ConfUtils.java:logGet(43)) - raft.server.log.queue.byte-limit = 2147483647 (custom)
2019-09-19 09:36:42,329 [pool-57-thread-1] INFO  server.RaftServerConfigKeys (ConfUtils.java:logGet(43)) - raft.server.log.queue.byte-limit = 2147483647 (custom)
2019-09-19 09:36:42,330 [pool-27-thread-1] INFO  server.RaftServerConfigKeys (ConfUtils.java:logGet(43)) - raft.server.log.queue.element-limit = 1024 (custom)
2019-09-19 09:36:42,330 [pool-47-thread-1] INFO  server.RaftServerConfigKeys (ConfUtils.java:logGet(43)) - raft.server.log.statemachine.data.caching.enabled = true (custom)
2019-09-19 09:36:42,330 [pool-27-thread-1] INFO  server.RaftServerConfigKeys (ConfUtils.java:logGet(43)) - raft.server.log.segment.size.max = 1048576 (custom)
2019-09-19 09:36:42,330 [pool-57-thread-1] INFO  server.RaftServerConfigKeys (ConfUtils.java:logGet(43)) - raft.server.log.queue.element-limit = 1024 (custom)
2019-09-19 09:36:42,330 [pool-47-thread-1] INFO  segmented.SegmentedRaftLogWorker (SegmentedRaftLogWorker.java:lambda$new$0(132)) - f2f0d6de-755f-429e-94f7-8c9aba6d2b9e@group-66AD49956D14-SegmentedRaftLogWorker: flushIndex: setUnconditionally 0 -> -1
2019-09-19 09:36:42,330 [pool-27-thread-1] INFO  server.RaftServerConfigKeys (ConfUtils.java:logGet(43)) - raft.server.log.preallocated.size = 16384 (custom)
2019-09-19 09:36:42,330 [pool-57-thread-1] INFO  server.RaftServerConfigKeys (ConfUtils.java:logGet(43)) - raft.server.log.segment.size.max = 1048576 (custom)
2019-09-19 09:36:42,331 [pool-47-thread-1] INFO  server.RaftServerConfigKeys (ConfUtils.java:logGet(43)) - raft.server.snapshot.auto.trigger.enabled = true (custom)
2019-09-19 09:36:42,331 [pool-27-thread-1] INFO  server.RaftServerConfigKeys (ConfUtils.java:logGet(43)) - raft.server.log.write.buffer.size = 33554432 (custom)
2019-09-19 09:36:42,331 [pool-47-thread-1] INFO  server.RaftServerConfigKeys (ConfUtils.java:logGet(43)) - raft.server.snapshot.auto.trigger.threshold = 10000 (custom)
2019-09-19 09:36:42,331 [pool-57-thread-1] INFO  server.RaftServerConfigKeys (ConfUtils.java:logGet(43)) - raft.server.log.preallocated.size = 16384 (custom)
2019-09-19 09:36:42,331 [pool-47-thread-1] INFO  server.RaftServerConfigKeys (ConfUtils.java:logGet(43)) - raft.server.snapshot.retention.num.files = 5 (custom)
2019-09-19 09:36:42,331 [pool-27-thread-1] INFO  server.RaftServerConfigKeys (ConfUtils.java:logGet(43)) - raft.server.log.force.sync.num = 128 (default)
2019-09-19 09:36:42,332 [pool-47-thread-1] INFO  server.RaftServerConfigKeys (ConfUtils.java:logGet(43)) - raft.server.retrycache.expirytime = 600000ms (custom)
2019-09-19 09:36:42,331 [pool-57-thread-1] INFO  server.RaftServerConfigKeys (ConfUtils.java:logGet(43)) - raft.server.log.write.buffer.size = 33554432 (custom)
2019-09-19 09:36:42,332 [pool-27-thread-1] INFO  server.RaftServerConfigKeys (ConfUtils.java:logGet(43)) - raft.server.log.statemachine.data.sync = true (default)
2019-09-19 09:36:42,332 [pool-57-thread-1] INFO  server.RaftServerConfigKeys (ConfUtils.java:logGet(43)) - raft.server.log.force.sync.num = 128 (default)
2019-09-19 09:36:42,332 [pool-27-thread-1] INFO  server.RaftServerConfigKeys (ConfUtils.java:logGet(43)) - raft.server.log.statemachine.data.sync.timeout = 10s (default)
2019-09-19 09:36:42,332 [pool-57-thread-1] INFO  server.RaftServerConfigKeys (ConfUtils.java:logGet(43)) - raft.server.log.statemachine.data.sync = true (default)
2019-09-19 09:36:42,332 [pool-27-thread-1] INFO  server.RaftServerConfigKeys (ConfUtils.java:logGet(43)) - raft.server.log.statemachine.data.sync.timeout.retry = -1 (default)
2019-09-19 09:36:42,332 [pool-57-thread-1] INFO  server.RaftServerConfigKeys (ConfUtils.java:logGet(43)) - raft.server.log.statemachine.data.sync.timeout = 10s (default)
2019-09-19 09:36:42,333 [pool-27-thread-1] INFO  server.RaftServerConfigKeys (ConfUtils.java:logGet(43)) - raft.server.log.statemachine.data.caching.enabled = true (custom)
2019-09-19 09:36:42,333 [pool-57-thread-1] INFO  server.RaftServerConfigKeys (ConfUtils.java:logGet(43)) - raft.server.log.statemachine.data.sync.timeout.retry = -1 (default)
2019-09-19 09:36:42,333 [pool-27-thread-1] INFO  segmented.SegmentedRaftLogWorker (SegmentedRaftLogWorker.java:lambda$new$0(132)) - 32051bbf-3767-4bb0-989a-93ed6f586f11@group-66AD49956D14-SegmentedRaftLogWorker: flushIndex: setUnconditionally 0 -> -1
2019-09-19 09:36:42,333 [pool-57-thread-1] INFO  server.RaftServerConfigKeys (ConfUtils.java:logGet(43)) - raft.server.log.statemachine.data.caching.enabled = true (custom)
2019-09-19 09:36:42,333 [pool-27-thread-1] INFO  server.RaftServerConfigKeys (ConfUtils.java:logGet(43)) - raft.server.snapshot.auto.trigger.enabled = true (custom)
2019-09-19 09:36:42,333 [pool-27-thread-1] INFO  server.RaftServerConfigKeys (ConfUtils.java:logGet(43)) - raft.server.snapshot.auto.trigger.threshold = 10000 (custom)
2019-09-19 09:36:42,333 [pool-57-thread-1] INFO  segmented.SegmentedRaftLogWorker (SegmentedRaftLogWorker.java:lambda$new$0(132)) - b769f2d5-81f7-4208-a2ae-35a826bc5222@group-66AD49956D14-SegmentedRaftLogWorker: flushIndex: setUnconditionally 0 -> -1
2019-09-19 09:36:42,333 [pool-27-thread-1] INFO  server.RaftServerConfigKeys (ConfUtils.java:logGet(43)) - raft.server.snapshot.retention.num.files = 5 (custom)
2019-09-19 09:36:42,334 [pool-57-thread-1] INFO  server.RaftServerConfigKeys (ConfUtils.java:logGet(43)) - raft.server.snapshot.auto.trigger.enabled = true (custom)
2019-09-19 09:36:42,334 [pool-27-thread-1] INFO  server.RaftServerConfigKeys (ConfUtils.java:logGet(43)) - raft.server.retrycache.expirytime = 600000ms (custom)
2019-09-19 09:36:42,334 [pool-57-thread-1] INFO  server.RaftServerConfigKeys (ConfUtils.java:logGet(43)) - raft.server.snapshot.auto.trigger.threshold = 10000 (custom)
2019-09-19 09:36:42,334 [pool-57-thread-1] INFO  server.RaftServerConfigKeys (ConfUtils.java:logGet(43)) - raft.server.snapshot.retention.num.files = 5 (custom)
2019-09-19 09:36:42,334 [pool-57-thread-1] INFO  server.RaftServerConfigKeys (ConfUtils.java:logGet(43)) - raft.server.retrycache.expirytime = 600000ms (custom)
2019-09-19 09:36:42,336 [pool-47-thread-1] INFO  impl.RaftServerImpl (RaftServerImpl.java:start(185)) - f2f0d6de-755f-429e-94f7-8c9aba6d2b9e@group-66AD49956D14: start as a follower, conf=-1: [f2f0d6de-755f-429e-94f7-8c9aba6d2b9e:192.168.157.214:35943, 32051bbf-3767-4bb0-989a-93ed6f586f11:192.168.157.214:36828, b769f2d5-81f7-4208-a2ae-35a826bc5222:192.168.157.214:42901], old=null
2019-09-19 09:36:42,336 [pool-47-thread-1] INFO  impl.RaftServerImpl (RaftServerImpl.java:setRole(174)) - f2f0d6de-755f-429e-94f7-8c9aba6d2b9e@group-66AD49956D14: changes role from      null to FOLLOWER at term 0 for startAsFollower
2019-09-19 09:36:42,336 [pool-47-thread-1] INFO  impl.RoleInfo (RoleInfo.java:updateAndGet(143)) - f2f0d6de-755f-429e-94f7-8c9aba6d2b9e: start FollowerState
2019-09-19 09:36:42,336 [pool-47-thread-1] INFO  util.JmxRegister (JmxRegister.java:tryRegister(44)) - Successfully registered JMX Bean with object name Ratis:service=RaftServer,group=group-66AD49956D14,id=f2f0d6de-755f-429e-94f7-8c9aba6d2b9e
2019-09-19 09:36:42,337 [pool-27-thread-1] INFO  impl.RaftServerImpl (RaftServerImpl.java:start(185)) - 32051bbf-3767-4bb0-989a-93ed6f586f11@group-66AD49956D14: start as a follower, conf=-1: [f2f0d6de-755f-429e-94f7-8c9aba6d2b9e:192.168.157.214:35943, 32051bbf-3767-4bb0-989a-93ed6f586f11:192.168.157.214:36828, b769f2d5-81f7-4208-a2ae-35a826bc5222:192.168.157.214:42901], old=null
2019-09-19 09:36:42,337 [pool-27-thread-1] INFO  impl.RaftServerImpl (RaftServerImpl.java:setRole(174)) - 32051bbf-3767-4bb0-989a-93ed6f586f11@group-66AD49956D14: changes role from      null to FOLLOWER at term 0 for startAsFollower
2019-09-19 09:36:42,337 [pool-27-thread-1] INFO  impl.RoleInfo (RoleInfo.java:updateAndGet(143)) - 32051bbf-3767-4bb0-989a-93ed6f586f11: start FollowerState
2019-09-19 09:36:42,338 [pool-57-thread-1] INFO  impl.RaftServerImpl (RaftServerImpl.java:start(185)) - b769f2d5-81f7-4208-a2ae-35a826bc5222@group-66AD49956D14: start as a follower, conf=-1: [f2f0d6de-755f-429e-94f7-8c9aba6d2b9e:192.168.157.214:35943, 32051bbf-3767-4bb0-989a-93ed6f586f11:192.168.157.214:36828, b769f2d5-81f7-4208-a2ae-35a826bc5222:192.168.157.214:42901], old=null
2019-09-19 09:36:42,338 [pool-27-thread-1] INFO  util.JmxRegister (JmxRegister.java:tryRegister(44)) - Successfully registered JMX Bean with object name Ratis:service=RaftServer,group=group-66AD49956D14,id=32051bbf-3767-4bb0-989a-93ed6f586f11
2019-09-19 09:36:42,338 [pool-57-thread-1] INFO  impl.RaftServerImpl (RaftServerImpl.java:setRole(174)) - b769f2d5-81f7-4208-a2ae-35a826bc5222@group-66AD49956D14: changes role from      null to FOLLOWER at term 0 for startAsFollower
2019-09-19 09:36:42,341 [pool-57-thread-1] INFO  impl.RoleInfo (RoleInfo.java:updateAndGet(143)) - b769f2d5-81f7-4208-a2ae-35a826bc5222: start FollowerState
2019-09-19 09:36:42,341 [pool-57-thread-1] INFO  util.JmxRegister (JmxRegister.java:tryRegister(44)) - Successfully registered JMX Bean with object name Ratis:service=RaftServer,group=group-66AD49956D14,id=b769f2d5-81f7-4208-a2ae-35a826bc5222
2019-09-19 09:36:42,356 [RatisPipelineUtilsThread] INFO  pipeline.PipelineStateManager (PipelineStateManager.java:addPipeline(56)) - Created pipeline Pipeline[ Id: b1cabc74-5763-45f9-9258-66ad49956d14, Nodes: f2f0d6de-755f-429e-94f7-8c9aba6d2b9e{ip: 192.168.157.214, host: pr-hdds-2147-wcr5g-3873981947, networkLocation: /default-rack, certSerialId: null}32051bbf-3767-4bb0-989a-93ed6f586f11{ip: 192.168.157.214, host: pr-hdds-2147-wcr5g-3873981947, networkLocation: /default-rack, certSerialId: null}b769f2d5-81f7-4208-a2ae-35a826bc5222{ip: 192.168.157.214, host: pr-hdds-2147-wcr5g-3873981947, networkLocation: /default-rack, certSerialId: null}, Type:RATIS, Factor:THREE, State:OPEN]
2019-09-19 09:36:42,752 [main] INFO  rpc.RpcClient (RpcClient.java:createVolume(302)) - Creating Volume: testcontainerstatemachinefailures, with jenkins1000 as owner.
2019-09-19 09:36:42,843 [IPC Server handler 2 on 45728] INFO  volume.OMVolumeCreateRequest (OMVolumeCreateRequest.java:validateAndUpdateCache(189)) - created volume:testcontainerstatemachinefailures for user:jenkins1000
2019-09-19 09:36:42,868 [main] INFO  rpc.RpcClient (RpcClient.java:createBucket(441)) - Creating Bucket: testcontainerstatemachinefailures/testcontainerstatemachinefailures, with Versioning false and Storage Type set to DISK and Encryption set to false 
2019-09-19 09:36:43,328 [EventQueue-StaleNodeForStaleNodeHandler] INFO  node.StaleNodeHandler (StaleNodeHandler.java:onMessage(58)) - Datanode f2f0d6de-755f-429e-94f7-8c9aba6d2b9e{ip: 192.168.157.214, host: pr-hdds-2147-wcr5g-3873981947, networkLocation: /default-rack, certSerialId: null} moved to stale state. Finalizing its pipelines [PipelineID=b1cabc74-5763-45f9-9258-66ad49956d14, PipelineID=4d345d35-c84c-440b-8085-332f2e111336]
2019-09-19 09:36:43,328 [EventQueue-StaleNodeForStaleNodeHandler] INFO  pipeline.SCMPipelineManager (SCMPipelineManager.java:finalizeAndDestroyPipeline(311)) - destroying pipeline:Pipeline[ Id: b1cabc74-5763-45f9-9258-66ad49956d14, Nodes: f2f0d6de-755f-429e-94f7-8c9aba6d2b9e{ip: 192.168.157.214, host: pr-hdds-2147-wcr5g-3873981947, networkLocation: /default-rack, certSerialId: null}32051bbf-3767-4bb0-989a-93ed6f586f11{ip: 192.168.157.214, host: pr-hdds-2147-wcr5g-3873981947, networkLocation: /default-rack, certSerialId: null}b769f2d5-81f7-4208-a2ae-35a826bc5222{ip: 192.168.157.214, host: pr-hdds-2147-wcr5g-3873981947, networkLocation: /default-rack, certSerialId: null}, Type:RATIS, Factor:THREE, State:OPEN]
2019-09-19 09:36:43,330 [EventQueue-StaleNodeForStaleNodeHandler] INFO  pipeline.PipelineStateManager (PipelineStateManager.java:finalizePipeline(123)) - Pipeline Pipeline[ Id: b1cabc74-5763-45f9-9258-66ad49956d14, Nodes: f2f0d6de-755f-429e-94f7-8c9aba6d2b9e{ip: 192.168.157.214, host: pr-hdds-2147-wcr5g-3873981947, networkLocation: /default-rack, certSerialId: null}32051bbf-3767-4bb0-989a-93ed6f586f11{ip: 192.168.157.214, host: pr-hdds-2147-wcr5g-3873981947, networkLocation: /default-rack, certSerialId: null}b769f2d5-81f7-4208-a2ae-35a826bc5222{ip: 192.168.157.214, host: pr-hdds-2147-wcr5g-3873981947, networkLocation: /default-rack, certSerialId: null}, Type:RATIS, Factor:THREE, State:CLOSED] moved to CLOSED state
2019-09-19 09:36:43,330 [EventQueue-CloseContainerForCloseContainerEventHandler] INFO  container.CloseContainerEventHandler (CloseContainerEventHandler.java:onMessage(61)) - Close container Event triggered for container : #1
2019-09-19 09:36:43,333 [EventQueue-StaleNodeForStaleNodeHandler] INFO  pipeline.SCMPipelineManager (SCMPipelineManager.java:finalizeAndDestroyPipeline(311)) - destroying pipeline:Pipeline[ Id: 4d345d35-c84c-440b-8085-332f2e111336, Nodes: f2f0d6de-755f-429e-94f7-8c9aba6d2b9e{ip: 192.168.157.214, host: pr-hdds-2147-wcr5g-3873981947, networkLocation: /default-rack, certSerialId: null}, Type:RATIS, Factor:ONE, State:OPEN]
2019-09-19 09:36:43,364 [EventQueue-StaleNodeForStaleNodeHandler] INFO  pipeline.PipelineStateManager (PipelineStateManager.java:finalizePipeline(123)) - Pipeline Pipeline[ Id: 4d345d35-c84c-440b-8085-332f2e111336, Nodes: f2f0d6de-755f-429e-94f7-8c9aba6d2b9e{ip: 192.168.157.214, host: pr-hdds-2147-wcr5g-3873981947, networkLocation: /default-rack, certSerialId: null}, Type:RATIS, Factor:ONE, State:CLOSED] moved to CLOSED state
2019-09-19 09:36:43,366 [EventQueue-StaleNodeForStaleNodeHandler] INFO  node.StaleNodeHandler (StaleNodeHandler.java:onMessage(58)) - Datanode 32051bbf-3767-4bb0-989a-93ed6f586f11{ip: 192.168.157.214, host: pr-hdds-2147-wcr5g-3873981947, networkLocation: /default-rack, certSerialId: null} moved to stale state. Finalizing its pipelines [PipelineID=b1cabc74-5763-45f9-9258-66ad49956d14, PipelineID=9a51c112-e503-405b-90b7-4d1ef6c3e54e]
2019-09-19 09:36:43,366 [EventQueue-StaleNodeForStaleNodeHandler] INFO  pipeline.SCMPipelineManager (SCMPipelineManager.java:finalizeAndDestroyPipeline(311)) - destroying pipeline:Pipeline[ Id: b1cabc74-5763-45f9-9258-66ad49956d14, Nodes: f2f0d6de-755f-429e-94f7-8c9aba6d2b9e{ip: 192.168.157.214, host: pr-hdds-2147-wcr5g-3873981947, networkLocation: /default-rack, certSerialId: null}32051bbf-3767-4bb0-989a-93ed6f586f11{ip: 192.168.157.214, host: pr-hdds-2147-wcr5g-3873981947, networkLocation: /default-rack, certSerialId: null}b769f2d5-81f7-4208-a2ae-35a826bc5222{ip: 192.168.157.214, host: pr-hdds-2147-wcr5g-3873981947, networkLocation: /default-rack, certSerialId: null}, Type:RATIS, Factor:THREE, State:CLOSED]
2019-09-19 09:36:43,367 [EventQueue-StaleNodeForStaleNodeHandler] INFO  pipeline.SCMPipelineManager (SCMPipelineManager.java:finalizeAndDestroyPipeline(311)) - destroying pipeline:Pipeline[ Id: 9a51c112-e503-405b-90b7-4d1ef6c3e54e, Nodes: 32051bbf-3767-4bb0-989a-93ed6f586f11{ip: 192.168.157.214, host: pr-hdds-2147-wcr5g-3873981947, networkLocation: /default-rack, certSerialId: null}, Type:RATIS, Factor:ONE, State:OPEN]
2019-09-19 09:36:43,367 [EventQueue-StaleNodeForStaleNodeHandler] INFO  pipeline.PipelineStateManager (PipelineStateManager.java:finalizePipeline(123)) - Pipeline Pipeline[ Id: 9a51c112-e503-405b-90b7-4d1ef6c3e54e, Nodes: 32051bbf-3767-4bb0-989a-93ed6f586f11{ip: 192.168.157.214, host: pr-hdds-2147-wcr5g-3873981947, networkLocation: /default-rack, certSerialId: null}, Type:RATIS, Factor:ONE, State:CLOSED] moved to CLOSED state
2019-09-19 09:36:43,367 [EventQueue-StaleNodeForStaleNodeHandler] INFO  node.StaleNodeHandler (StaleNodeHandler.java:onMessage(58)) - Datanode b769f2d5-81f7-4208-a2ae-35a826bc5222{ip: 192.168.157.214, host: pr-hdds-2147-wcr5g-3873981947, networkLocation: /default-rack, certSerialId: null} moved to stale state. Finalizing its pipelines [PipelineID=b1cabc74-5763-45f9-9258-66ad49956d14, PipelineID=09e68b32-fbf1-4298-9cf9-0047a8f3d1be]
2019-09-19 09:36:43,367 [EventQueue-StaleNodeForStaleNodeHandler] INFO  pipeline.SCMPipelineManager (SCMPipelineManager.java:finalizeAndDestroyPipeline(311)) - destroying pipeline:Pipeline[ Id: b1cabc74-5763-45f9-9258-66ad49956d14, Nodes: f2f0d6de-755f-429e-94f7-8c9aba6d2b9e{ip: 192.168.157.214, host: pr-hdds-2147-wcr5g-3873981947, networkLocation: /default-rack, certSerialId: null}32051bbf-3767-4bb0-989a-93ed6f586f11{ip: 192.168.157.214, host: pr-hdds-2147-wcr5g-3873981947, networkLocation: /default-rack, certSerialId: null}b769f2d5-81f7-4208-a2ae-35a826bc5222{ip: 192.168.157.214, host: pr-hdds-2147-wcr5g-3873981947, networkLocation: /default-rack, certSerialId: null}, Type:RATIS, Factor:THREE, State:CLOSED]
2019-09-19 09:36:43,368 [EventQueue-StaleNodeForStaleNodeHandler] INFO  pipeline.SCMPipelineManager (SCMPipelineManager.java:finalizeAndDestroyPipeline(311)) - destroying pipeline:Pipeline[ Id: 09e68b32-fbf1-4298-9cf9-0047a8f3d1be, Nodes: b769f2d5-81f7-4208-a2ae-35a826bc5222{ip: 192.168.157.214, host: pr-hdds-2147-wcr5g-3873981947, networkLocation: /default-rack, certSerialId: null}, Type:RATIS, Factor:ONE, State:OPEN]
2019-09-19 09:36:43,368 [EventQueue-StaleNodeForStaleNodeHandler] INFO  pipeline.PipelineStateManager (PipelineStateManager.java:finalizePipeline(123)) - Pipeline Pipeline[ Id: 09e68b32-fbf1-4298-9cf9-0047a8f3d1be, Nodes: b769f2d5-81f7-4208-a2ae-35a826bc5222{ip: 192.168.157.214, host: pr-hdds-2147-wcr5g-3873981947, networkLocation: /default-rack, certSerialId: null}, Type:RATIS, Factor:ONE, State:CLOSED] moved to CLOSED state
2019-09-19 09:36:43,368 [EventQueue-StaleNodeForStaleNodeHandler] INFO  node.StaleNodeHandler (StaleNodeHandler.java:onMessage(58)) - Datanode 451f4ed5-c660-4484-8ce4-c9759984cc56{ip: 192.168.157.214, host: pr-hdds-2147-wcr5g-3873981947, networkLocation: /default-rack, certSerialId: null} moved to stale state. Finalizing its pipelines [PipelineID=bfe14d16-3c34-4b2f-9b75-1756e43695b0]
2019-09-19 09:36:43,369 [EventQueue-StaleNodeForStaleNodeHandler] INFO  pipeline.SCMPipelineManager (SCMPipelineManager.java:finalizeAndDestroyPipeline(311)) - destroying pipeline:Pipeline[ Id: bfe14d16-3c34-4b2f-9b75-1756e43695b0, Nodes: 451f4ed5-c660-4484-8ce4-c9759984cc56{ip: 192.168.157.214, host: pr-hdds-2147-wcr5g-3873981947, networkLocation: /default-rack, certSerialId: null}, Type:RATIS, Factor:ONE, State:OPEN]
2019-09-19 09:36:43,369 [EventQueue-StaleNodeForStaleNodeHandler] INFO  pipeline.PipelineStateManager (PipelineStateManager.java:finalizePipeline(123)) - Pipeline Pipeline[ Id: bfe14d16-3c34-4b2f-9b75-1756e43695b0, Nodes: 451f4ed5-c660-4484-8ce4-c9759984cc56{ip: 192.168.157.214, host: pr-hdds-2147-wcr5g-3873981947, networkLocation: /default-rack, certSerialId: null}, Type:RATIS, Factor:ONE, State:CLOSED] moved to CLOSED state
2019-09-19 09:36:43,397 [main] INFO  impl.MetricsSystemImpl (MetricsSystemImpl.java:init(158)) - XceiverClientMetrics metrics system started (again)
2019-09-19 09:36:43,441 [grpc-default-executor-2] INFO  impl.RaftServerProxy (RaftServerProxy.java:addNew(89)) - f2f0d6de-755f-429e-94f7-8c9aba6d2b9e: addNew group-D1F147D6491E:[f2f0d6de-755f-429e-94f7-8c9aba6d2b9e:192.168.157.214:35943] returns group-D1F147D6491E:java.util.concurrent.CompletableFuture@523ef95a[Not completed]
2019-09-19 09:36:43,442 [pool-47-thread-1] INFO  impl.RaftServerImpl (RaftServerImpl.java:<init>(95)) - f2f0d6de-755f-429e-94f7-8c9aba6d2b9e: new RaftServerImpl for group-D1F147D6491E:[f2f0d6de-755f-429e-94f7-8c9aba6d2b9e:192.168.157.214:35943] with ContainerStateMachine:uninitialized
2019-09-19 09:36:43,443 [pool-47-thread-1] INFO  server.RaftServerConfigKeys (ConfUtils.java:logGet(43)) - raft.server.rpc.timeout.min = 5s (custom)
2019-09-19 09:36:43,443 [pool-47-thread-1] INFO  server.RaftServerConfigKeys (ConfUtils.java:logGet(43)) - raft.server.rpc.timeout.max = 5200ms (custom)
2019-09-19 09:36:43,443 [pool-47-thread-1] INFO  server.RaftServerConfigKeys (ConfUtils.java:logGet(43)) - raft.server.rpcslowness.timeout = 1000s (custom)
2019-09-19 09:36:43,443 [pool-47-thread-1] INFO  server.RaftServerConfigKeys (ConfUtils.java:logGet(43)) - raft.server.sleep.deviation.threshold = 300 (default)
2019-09-19 09:36:43,443 [pool-47-thread-1] INFO  server.RaftServerConfigKeys (ConfUtils.java:logGet(43)) - raft.server.log.appender.install.snapshot.enabled = false (custom)
2019-09-19 09:36:43,443 [pool-47-thread-1] INFO  impl.RaftServerImpl (ServerState.java:<init>(103)) - f2f0d6de-755f-429e-94f7-8c9aba6d2b9e@group-D1F147D6491E: ConfigurationManager, init=-1: [f2f0d6de-755f-429e-94f7-8c9aba6d2b9e:192.168.157.214:35943], old=null, confs=<EMPTY_MAP>
2019-09-19 09:36:43,443 [pool-47-thread-1] INFO  server.RaftServerConfigKeys (ConfUtils.java:logGet(43)) - raft.server.storage.dir = [/workdir/hadoop-ozone/integration-test/target/test-dir/MiniOzoneClusterImpl-45dce96e-52c4-4ef1-8e9d-b5da6780f9d8/datanode-2/data/ratis] (custom)
2019-09-19 09:36:43,444 [pool-47-thread-1] INFO  storage.RaftStorageDirectory (RaftStorageDirectory.java:analyzeStorage(246)) - The storage directory /workdir/hadoop-ozone/integration-test/target/test-dir/MiniOzoneClusterImpl-45dce96e-52c4-4ef1-8e9d-b5da6780f9d8/datanode-2/data/ratis/182b2b38-8722-4d81-a424-d1f147d6491e does not exist. Creating ...
2019-09-19 09:36:43,457 [pool-47-thread-1] INFO  storage.RaftStorageDirectory (RaftStorageDirectory.java:tryLock(328)) - Lock on /workdir/hadoop-ozone/integration-test/target/test-dir/MiniOzoneClusterImpl-45dce96e-52c4-4ef1-8e9d-b5da6780f9d8/datanode-2/data/ratis/182b2b38-8722-4d81-a424-d1f147d6491e/in_use.lock acquired by nodename 17955@pr-hdds-2147-wcr5g-3873981947
2019-09-19 09:36:43,469 [pool-47-thread-1] INFO  storage.RaftStorage (RaftStorage.java:format(72)) - Storage directory /workdir/hadoop-ozone/integration-test/target/test-dir/MiniOzoneClusterImpl-45dce96e-52c4-4ef1-8e9d-b5da6780f9d8/datanode-2/data/ratis/182b2b38-8722-4d81-a424-d1f147d6491e has been successfully formatted.
2019-09-19 09:36:43,470 [pool-47-thread-1] INFO  ratis.ContainerStateMachine (ContainerStateMachine.java:loadSnapshot(230)) - group-D1F147D6491E: The snapshot info is null. Setting the last applied indexto:(t:0, i:~)
2019-09-19 09:36:43,470 [pool-47-thread-1] INFO  server.RaftServerConfigKeys (ConfUtils.java:logGet(43)) - raft.server.notification.no-leader.timeout = 1000s (custom)
2019-09-19 09:36:43,470 [pool-47-thread-1] INFO  server.RaftServerConfigKeys (ConfUtils.java:logGet(43)) - raft.server.log.use.memory = false (default)
2019-09-19 09:36:43,471 [pool-47-thread-1] INFO  server.RaftServerConfigKeys (ConfUtils.java:logGet(43)) - raft.server.log.purge.gap = 1000000 (custom)
2019-09-19 09:36:43,471 [pool-47-thread-1] INFO  server.RaftServerConfigKeys (ConfUtils.java:logGet(43)) - raft.server.log.appender.buffer.byte-limit = 33554432 (custom)
2019-09-19 09:36:43,471 [pool-47-thread-1] INFO  server.RaftServerConfigKeys (ConfUtils.java:logGet(43)) - raft.server.log.segment.size.max = 1048576 (custom)
2019-09-19 09:36:43,471 [pool-47-thread-1] INFO  server.RaftServerConfigKeys (ConfUtils.java:logGet(43)) - raft.server.log.segment.cache.num.max = 2 (custom)
2019-09-19 09:36:43,471 [pool-47-thread-1] INFO  segmented.SegmentedRaftLogWorker (SegmentedRaftLogWorker.java:<init>(172)) - new f2f0d6de-755f-429e-94f7-8c9aba6d2b9e@group-D1F147D6491E-SegmentedRaftLogWorker for RaftStorage:Storage Directory /workdir/hadoop-ozone/integration-test/target/test-dir/MiniOzoneClusterImpl-45dce96e-52c4-4ef1-8e9d-b5da6780f9d8/datanode-2/data/ratis/182b2b38-8722-4d81-a424-d1f147d6491e
2019-09-19 09:36:43,471 [pool-47-thread-1] INFO  server.RaftServerConfigKeys (ConfUtils.java:logGet(43)) - raft.server.log.queue.byte-limit = 2147483647 (custom)
2019-09-19 09:36:43,471 [pool-47-thread-1] INFO  server.RaftServerConfigKeys (ConfUtils.java:logGet(43)) - raft.server.log.queue.element-limit = 1024 (custom)
2019-09-19 09:36:43,472 [pool-47-thread-1] INFO  server.RaftServerConfigKeys (ConfUtils.java:logGet(43)) - raft.server.log.segment.size.max = 1048576 (custom)
2019-09-19 09:36:43,472 [pool-47-thread-1] INFO  server.RaftServerConfigKeys (ConfUtils.java:logGet(43)) - raft.server.log.preallocated.size = 16384 (custom)
2019-09-19 09:36:43,472 [pool-47-thread-1] INFO  server.RaftServerConfigKeys (ConfUtils.java:logGet(43)) - raft.server.log.write.buffer.size = 33554432 (custom)
2019-09-19 09:36:43,472 [pool-47-thread-1] INFO  server.RaftServerConfigKeys (ConfUtils.java:logGet(43)) - raft.server.log.force.sync.num = 128 (default)
2019-09-19 09:36:43,472 [pool-47-thread-1] INFO  server.RaftServerConfigKeys (ConfUtils.java:logGet(43)) - raft.server.log.statemachine.data.sync = true (default)
2019-09-19 09:36:43,472 [pool-47-thread-1] INFO  server.RaftServerConfigKeys (ConfUtils.java:logGet(43)) - raft.server.log.statemachine.data.sync.timeout = 10s (default)
2019-09-19 09:36:43,472 [pool-47-thread-1] INFO  server.RaftServerConfigKeys (ConfUtils.java:logGet(43)) - raft.server.log.statemachine.data.sync.timeout.retry = -1 (default)
2019-09-19 09:36:43,473 [pool-47-thread-1] INFO  server.RaftServerConfigKeys (ConfUtils.java:logGet(43)) - raft.server.log.statemachine.data.caching.enabled = true (custom)
2019-09-19 09:36:43,473 [pool-47-thread-1] INFO  segmented.SegmentedRaftLogWorker (SegmentedRaftLogWorker.java:lambda$new$0(132)) - f2f0d6de-755f-429e-94f7-8c9aba6d2b9e@group-D1F147D6491E-SegmentedRaftLogWorker: flushIndex: setUnconditionally 0 -> -1
2019-09-19 09:36:43,473 [pool-47-thread-1] INFO  server.RaftServerConfigKeys (ConfUtils.java:logGet(43)) - raft.server.snapshot.auto.trigger.enabled = true (custom)
2019-09-19 09:36:43,473 [pool-47-thread-1] INFO  server.RaftServerConfigKeys (ConfUtils.java:logGet(43)) - raft.server.snapshot.auto.trigger.threshold = 10000 (custom)
2019-09-19 09:36:43,474 [pool-47-thread-1] INFO  server.RaftServerConfigKeys (ConfUtils.java:logGet(43)) - raft.server.snapshot.retention.num.files = 5 (custom)
2019-09-19 09:36:43,474 [pool-47-thread-1] INFO  server.RaftServerConfigKeys (ConfUtils.java:logGet(43)) - raft.server.retrycache.expirytime = 600000ms (custom)
2019-09-19 09:36:43,477 [pool-47-thread-1] INFO  impl.RaftServerImpl (RaftServerImpl.java:start(185)) - f2f0d6de-755f-429e-94f7-8c9aba6d2b9e@group-D1F147D6491E: start as a follower, conf=-1: [f2f0d6de-755f-429e-94f7-8c9aba6d2b9e:192.168.157.214:35943], old=null
2019-09-19 09:36:43,478 [pool-47-thread-1] INFO  impl.RaftServerImpl (RaftServerImpl.java:setRole(174)) - f2f0d6de-755f-429e-94f7-8c9aba6d2b9e@group-D1F147D6491E: changes role from      null to FOLLOWER at term 0 for startAsFollower
2019-09-19 09:36:43,478 [pool-47-thread-1] INFO  impl.RoleInfo (RoleInfo.java:updateAndGet(143)) - f2f0d6de-755f-429e-94f7-8c9aba6d2b9e: start FollowerState
2019-09-19 09:36:43,478 [pool-47-thread-1] INFO  util.JmxRegister (JmxRegister.java:tryRegister(44)) - Successfully registered JMX Bean with object name Ratis:service=RaftServer,group=group-D1F147D6491E,id=f2f0d6de-755f-429e-94f7-8c9aba6d2b9e
2019-09-19 09:36:43,488 [RatisPipelineUtilsThread] INFO  pipeline.PipelineStateManager (PipelineStateManager.java:addPipeline(56)) - Created pipeline Pipeline[ Id: 182b2b38-8722-4d81-a424-d1f147d6491e, Nodes: f2f0d6de-755f-429e-94f7-8c9aba6d2b9e{ip: 192.168.157.214, host: pr-hdds-2147-wcr5g-3873981947, networkLocation: /default-rack, certSerialId: null}, Type:RATIS, Factor:ONE, State:OPEN]
2019-09-19 09:36:43,504 [grpc-default-executor-2] INFO  client.GrpcClientProtocolClient (GrpcClientProtocolClient.java:onNext(264)) - client-F627FB4FB0D0->f2f0d6de-755f-429e-94f7-8c9aba6d2b9e: receive RaftClientReply:client-F627FB4FB0D0->f2f0d6de-755f-429e-94f7-8c9aba6d2b9e@group-66AD49956D14, cid=8, FAILED org.apache.ratis.protocol.NotLeaderException: Server f2f0d6de-755f-429e-94f7-8c9aba6d2b9e@group-66AD49956D14 is not the leader, logIndex=0, commits[f2f0d6de-755f-429e-94f7-8c9aba6d2b9e:c-1]
2019-09-19 09:36:43,508 [grpc-default-executor-0] INFO  impl.RaftServerProxy (RaftServerProxy.java:addNew(89)) - 32051bbf-3767-4bb0-989a-93ed6f586f11: addNew group-E2B766814F8C:[32051bbf-3767-4bb0-989a-93ed6f586f11:192.168.157.214:36828] returns group-E2B766814F8C:java.util.concurrent.CompletableFuture@1c61a5c5[Not completed]
2019-09-19 09:36:43,513 [pool-27-thread-1] INFO  impl.RaftServerImpl (RaftServerImpl.java:<init>(95)) - 32051bbf-3767-4bb0-989a-93ed6f586f11: new RaftServerImpl for group-E2B766814F8C:[32051bbf-3767-4bb0-989a-93ed6f586f11:192.168.157.214:36828] with ContainerStateMachine:uninitialized
2019-09-19 09:36:43,513 [pool-27-thread-1] INFO  server.RaftServerConfigKeys (ConfUtils.java:logGet(43)) - raft.server.rpc.timeout.min = 5s (custom)
2019-09-19 09:36:43,514 [pool-27-thread-1] INFO  server.RaftServerConfigKeys (ConfUtils.java:logGet(43)) - raft.server.rpc.timeout.max = 5200ms (custom)
2019-09-19 09:36:43,514 [pool-27-thread-1] INFO  server.RaftServerConfigKeys (ConfUtils.java:logGet(43)) - raft.server.rpcslowness.timeout = 1000s (custom)
2019-09-19 09:36:43,514 [pool-27-thread-1] INFO  server.RaftServerConfigKeys (ConfUtils.java:logGet(43)) - raft.server.sleep.deviation.threshold = 300 (default)
2019-09-19 09:36:43,514 [pool-27-thread-1] INFO  server.RaftServerConfigKeys (ConfUtils.java:logGet(43)) - raft.server.log.appender.install.snapshot.enabled = false (custom)
2019-09-19 09:36:43,514 [pool-27-thread-1] INFO  impl.RaftServerImpl (ServerState.java:<init>(103)) - 32051bbf-3767-4bb0-989a-93ed6f586f11@group-E2B766814F8C: ConfigurationManager, init=-1: [32051bbf-3767-4bb0-989a-93ed6f586f11:192.168.157.214:36828], old=null, confs=<EMPTY_MAP>
2019-09-19 09:36:43,515 [pool-27-thread-1] INFO  server.RaftServerConfigKeys (ConfUtils.java:logGet(43)) - raft.server.storage.dir = [/workdir/hadoop-ozone/integration-test/target/test-dir/MiniOzoneClusterImpl-45dce96e-52c4-4ef1-8e9d-b5da6780f9d8/datanode-0/data/ratis] (custom)
2019-09-19 09:36:43,515 [pool-27-thread-1] INFO  storage.RaftStorageDirectory (RaftStorageDirectory.java:analyzeStorage(246)) - The storage directory /workdir/hadoop-ozone/integration-test/target/test-dir/MiniOzoneClusterImpl-45dce96e-52c4-4ef1-8e9d-b5da6780f9d8/datanode-0/data/ratis/1bdc888a-ed2d-4f91-8b94-e2b766814f8c does not exist. Creating ...
2019-09-19 09:36:43,536 [pool-27-thread-1] INFO  storage.RaftStorageDirectory (RaftStorageDirectory.java:tryLock(328)) - Lock on /workdir/hadoop-ozone/integration-test/target/test-dir/MiniOzoneClusterImpl-45dce96e-52c4-4ef1-8e9d-b5da6780f9d8/datanode-0/data/ratis/1bdc888a-ed2d-4f91-8b94-e2b766814f8c/in_use.lock acquired by nodename 17955@pr-hdds-2147-wcr5g-3873981947
2019-09-19 09:36:43,549 [pool-27-thread-1] INFO  storage.RaftStorage (RaftStorage.java:format(72)) - Storage directory /workdir/hadoop-ozone/integration-test/target/test-dir/MiniOzoneClusterImpl-45dce96e-52c4-4ef1-8e9d-b5da6780f9d8/datanode-0/data/ratis/1bdc888a-ed2d-4f91-8b94-e2b766814f8c has been successfully formatted.
2019-09-19 09:36:43,549 [pool-27-thread-1] INFO  ratis.ContainerStateMachine (ContainerStateMachine.java:loadSnapshot(230)) - group-E2B766814F8C: The snapshot info is null. Setting the last applied indexto:(t:0, i:~)
2019-09-19 09:36:43,549 [pool-27-thread-1] INFO  server.RaftServerConfigKeys (ConfUtils.java:logGet(43)) - raft.server.notification.no-leader.timeout = 1000s (custom)
2019-09-19 09:36:43,549 [pool-27-thread-1] INFO  server.RaftServerConfigKeys (ConfUtils.java:logGet(43)) - raft.server.log.use.memory = false (default)
2019-09-19 09:36:43,550 [pool-27-thread-1] INFO  server.RaftServerConfigKeys (ConfUtils.java:logGet(43)) - raft.server.log.purge.gap = 1000000 (custom)
2019-09-19 09:36:43,550 [pool-27-thread-1] INFO  server.RaftServerConfigKeys (ConfUtils.java:logGet(43)) - raft.server.log.appender.buffer.byte-limit = 33554432 (custom)
2019-09-19 09:36:43,550 [pool-27-thread-1] INFO  server.RaftServerConfigKeys (ConfUtils.java:logGet(43)) - raft.server.log.segment.size.max = 1048576 (custom)
2019-09-19 09:36:43,550 [pool-27-thread-1] INFO  server.RaftServerConfigKeys (ConfUtils.java:logGet(43)) - raft.server.log.segment.cache.num.max = 2 (custom)
2019-09-19 09:36:43,550 [pool-27-thread-1] INFO  segmented.SegmentedRaftLogWorker (SegmentedRaftLogWorker.java:<init>(172)) - new 32051bbf-3767-4bb0-989a-93ed6f586f11@group-E2B766814F8C-SegmentedRaftLogWorker for RaftStorage:Storage Directory /workdir/hadoop-ozone/integration-test/target/test-dir/MiniOzoneClusterImpl-45dce96e-52c4-4ef1-8e9d-b5da6780f9d8/datanode-0/data/ratis/1bdc888a-ed2d-4f91-8b94-e2b766814f8c
2019-09-19 09:36:43,550 [pool-27-thread-1] INFO  server.RaftServerConfigKeys (ConfUtils.java:logGet(43)) - raft.server.log.queue.byte-limit = 2147483647 (custom)
2019-09-19 09:36:43,550 [pool-27-thread-1] INFO  server.RaftServerConfigKeys (ConfUtils.java:logGet(43)) - raft.server.log.queue.element-limit = 1024 (custom)
2019-09-19 09:36:43,550 [pool-27-thread-1] INFO  server.RaftServerConfigKeys (ConfUtils.java:logGet(43)) - raft.server.log.segment.size.max = 1048576 (custom)
2019-09-19 09:36:43,550 [pool-27-thread-1] INFO  server.RaftServerConfigKeys (ConfUtils.java:logGet(43)) - raft.server.log.preallocated.size = 16384 (custom)
2019-09-19 09:36:43,551 [pool-27-thread-1] INFO  server.RaftServerConfigKeys (ConfUtils.java:logGet(43)) - raft.server.log.write.buffer.size = 33554432 (custom)
2019-09-19 09:36:43,551 [pool-27-thread-1] INFO  server.RaftServerConfigKeys (ConfUtils.java:logGet(43)) - raft.server.log.force.sync.num = 128 (default)
2019-09-19 09:36:43,551 [pool-27-thread-1] INFO  server.RaftServerConfigKeys (ConfUtils.java:logGet(43)) - raft.server.log.statemachine.data.sync = true (default)
2019-09-19 09:36:43,551 [pool-27-thread-1] INFO  server.RaftServerConfigKeys (ConfUtils.java:logGet(43)) - raft.server.log.statemachine.data.sync.timeout = 10s (default)
2019-09-19 09:36:43,551 [pool-27-thread-1] INFO  server.RaftServerConfigKeys (ConfUtils.java:logGet(43)) - raft.server.log.statemachine.data.sync.timeout.retry = -1 (default)
2019-09-19 09:36:43,551 [pool-27-thread-1] INFO  server.RaftServerConfigKeys (ConfUtils.java:logGet(43)) - raft.server.log.statemachine.data.caching.enabled = true (custom)
2019-09-19 09:36:43,551 [pool-27-thread-1] INFO  segmented.SegmentedRaftLogWorker (SegmentedRaftLogWorker.java:lambda$new$0(132)) - 32051bbf-3767-4bb0-989a-93ed6f586f11@group-E2B766814F8C-SegmentedRaftLogWorker: flushIndex: setUnconditionally 0 -> -1
2019-09-19 09:36:43,552 [pool-27-thread-1] INFO  server.RaftServerConfigKeys (ConfUtils.java:logGet(43)) - raft.server.snapshot.auto.trigger.enabled = true (custom)
2019-09-19 09:36:43,552 [pool-27-thread-1] INFO  server.RaftServerConfigKeys (ConfUtils.java:logGet(43)) - raft.server.snapshot.auto.trigger.threshold = 10000 (custom)
2019-09-19 09:36:43,552 [pool-27-thread-1] INFO  server.RaftServerConfigKeys (ConfUtils.java:logGet(43)) - raft.server.snapshot.retention.num.files = 5 (custom)
2019-09-19 09:36:43,552 [pool-27-thread-1] INFO  server.RaftServerConfigKeys (ConfUtils.java:logGet(43)) - raft.server.retrycache.expirytime = 600000ms (custom)
2019-09-19 09:36:43,554 [pool-27-thread-1] INFO  impl.RaftServerImpl (RaftServerImpl.java:start(185)) - 32051bbf-3767-4bb0-989a-93ed6f586f11@group-E2B766814F8C: start as a follower, conf=-1: [32051bbf-3767-4bb0-989a-93ed6f586f11:192.168.157.214:36828], old=null
2019-09-19 09:36:43,554 [pool-27-thread-1] INFO  impl.RaftServerImpl (RaftServerImpl.java:setRole(174)) - 32051bbf-3767-4bb0-989a-93ed6f586f11@group-E2B766814F8C: changes role from      null to FOLLOWER at term 0 for startAsFollower
2019-09-19 09:36:43,555 [pool-27-thread-1] INFO  impl.RoleInfo (RoleInfo.java:updateAndGet(143)) - 32051bbf-3767-4bb0-989a-93ed6f586f11: start FollowerState
2019-09-19 09:36:43,555 [pool-27-thread-1] INFO  util.JmxRegister (JmxRegister.java:tryRegister(44)) - Successfully registered JMX Bean with object name Ratis:service=RaftServer,group=group-E2B766814F8C,id=32051bbf-3767-4bb0-989a-93ed6f586f11
2019-09-19 09:36:43,562 [RatisPipelineUtilsThread] INFO  pipeline.PipelineStateManager (PipelineStateManager.java:addPipeline(56)) - Created pipeline Pipeline[ Id: 1bdc888a-ed2d-4f91-8b94-e2b766814f8c, Nodes: 32051bbf-3767-4bb0-989a-93ed6f586f11{ip: 192.168.157.214, host: pr-hdds-2147-wcr5g-3873981947, networkLocation: /default-rack, certSerialId: null}, Type:RATIS, Factor:ONE, State:OPEN]
2019-09-19 09:36:43,571 [grpc-default-executor-2] INFO  impl.RaftServerProxy (RaftServerProxy.java:addNew(89)) - b769f2d5-81f7-4208-a2ae-35a826bc5222: addNew group-7A7101494EDD:[b769f2d5-81f7-4208-a2ae-35a826bc5222:192.168.157.214:42901] returns group-7A7101494EDD:java.util.concurrent.CompletableFuture@335f7bd1[Not completed]
2019-09-19 09:36:43,572 [pool-57-thread-1] INFO  impl.RaftServerImpl (RaftServerImpl.java:<init>(95)) - b769f2d5-81f7-4208-a2ae-35a826bc5222: new RaftServerImpl for group-7A7101494EDD:[b769f2d5-81f7-4208-a2ae-35a826bc5222:192.168.157.214:42901] with ContainerStateMachine:uninitialized
2019-09-19 09:36:43,572 [pool-57-thread-1] INFO  server.RaftServerConfigKeys (ConfUtils.java:logGet(43)) - raft.server.rpc.timeout.min = 5s (custom)
2019-09-19 09:36:43,572 [pool-57-thread-1] INFO  server.RaftServerConfigKeys (ConfUtils.java:logGet(43)) - raft.server.rpc.timeout.max = 5200ms (custom)
2019-09-19 09:36:43,573 [pool-57-thread-1] INFO  server.RaftServerConfigKeys (ConfUtils.java:logGet(43)) - raft.server.rpcslowness.timeout = 1000s (custom)
2019-09-19 09:36:43,573 [pool-57-thread-1] INFO  server.RaftServerConfigKeys (ConfUtils.java:logGet(43)) - raft.server.sleep.deviation.threshold = 300 (default)
2019-09-19 09:36:43,573 [pool-57-thread-1] INFO  server.RaftServerConfigKeys (ConfUtils.java:logGet(43)) - raft.server.log.appender.install.snapshot.enabled = false (custom)
2019-09-19 09:36:43,573 [pool-57-thread-1] INFO  impl.RaftServerImpl (ServerState.java:<init>(103)) - b769f2d5-81f7-4208-a2ae-35a826bc5222@group-7A7101494EDD: ConfigurationManager, init=-1: [b769f2d5-81f7-4208-a2ae-35a826bc5222:192.168.157.214:42901], old=null, confs=<EMPTY_MAP>
2019-09-19 09:36:43,573 [pool-57-thread-1] INFO  server.RaftServerConfigKeys (ConfUtils.java:logGet(43)) - raft.server.storage.dir = [/workdir/hadoop-ozone/integration-test/target/test-dir/MiniOzoneClusterImpl-45dce96e-52c4-4ef1-8e9d-b5da6780f9d8/datanode-3/data/ratis] (custom)
2019-09-19 09:36:43,573 [pool-57-thread-1] INFO  storage.RaftStorageDirectory (RaftStorageDirectory.java:analyzeStorage(246)) - The storage directory /workdir/hadoop-ozone/integration-test/target/test-dir/MiniOzoneClusterImpl-45dce96e-52c4-4ef1-8e9d-b5da6780f9d8/datanode-3/data/ratis/efebe416-1352-4b5f-9d8c-7a7101494edd does not exist. Creating ...
2019-09-19 09:36:43,586 [pool-57-thread-1] INFO  storage.RaftStorageDirectory (RaftStorageDirectory.java:tryLock(328)) - Lock on /workdir/hadoop-ozone/integration-test/target/test-dir/MiniOzoneClusterImpl-45dce96e-52c4-4ef1-8e9d-b5da6780f9d8/datanode-3/data/ratis/efebe416-1352-4b5f-9d8c-7a7101494edd/in_use.lock acquired by nodename 17955@pr-hdds-2147-wcr5g-3873981947
2019-09-19 09:36:43,599 [pool-57-thread-1] INFO  storage.RaftStorage (RaftStorage.java:format(72)) - Storage directory /workdir/hadoop-ozone/integration-test/target/test-dir/MiniOzoneClusterImpl-45dce96e-52c4-4ef1-8e9d-b5da6780f9d8/datanode-3/data/ratis/efebe416-1352-4b5f-9d8c-7a7101494edd has been successfully formatted.
2019-09-19 09:36:43,599 [pool-57-thread-1] INFO  ratis.ContainerStateMachine (ContainerStateMachine.java:loadSnapshot(230)) - group-7A7101494EDD: The snapshot info is null. Setting the last applied indexto:(t:0, i:~)
2019-09-19 09:36:43,599 [pool-57-thread-1] INFO  server.RaftServerConfigKeys (ConfUtils.java:logGet(43)) - raft.server.notification.no-leader.timeout = 1000s (custom)
2019-09-19 09:36:43,599 [pool-57-thread-1] INFO  server.RaftServerConfigKeys (ConfUtils.java:logGet(43)) - raft.server.log.use.memory = false (default)
2019-09-19 09:36:43,599 [pool-57-thread-1] INFO  server.RaftServerConfigKeys (ConfUtils.java:logGet(43)) - raft.server.log.purge.gap = 1000000 (custom)
2019-09-19 09:36:43,599 [pool-57-thread-1] INFO  server.RaftServerConfigKeys (ConfUtils.java:logGet(43)) - raft.server.log.appender.buffer.byte-limit = 33554432 (custom)
2019-09-19 09:36:43,600 [pool-57-thread-1] INFO  server.RaftServerConfigKeys (ConfUtils.java:logGet(43)) - raft.server.log.segment.size.max = 1048576 (custom)
2019-09-19 09:36:43,600 [pool-57-thread-1] INFO  server.RaftServerConfigKeys (ConfUtils.java:logGet(43)) - raft.server.log.segment.cache.num.max = 2 (custom)
2019-09-19 09:36:43,600 [pool-57-thread-1] INFO  segmented.SegmentedRaftLogWorker (SegmentedRaftLogWorker.java:<init>(172)) - new b769f2d5-81f7-4208-a2ae-35a826bc5222@group-7A7101494EDD-SegmentedRaftLogWorker for RaftStorage:Storage Directory /workdir/hadoop-ozone/integration-test/target/test-dir/MiniOzoneClusterImpl-45dce96e-52c4-4ef1-8e9d-b5da6780f9d8/datanode-3/data/ratis/efebe416-1352-4b5f-9d8c-7a7101494edd
2019-09-19 09:36:43,600 [pool-57-thread-1] INFO  server.RaftServerConfigKeys (ConfUtils.java:logGet(43)) - raft.server.log.queue.byte-limit = 2147483647 (custom)
2019-09-19 09:36:43,600 [pool-57-thread-1] INFO  server.RaftServerConfigKeys (ConfUtils.java:logGet(43)) - raft.server.log.queue.element-limit = 1024 (custom)
2019-09-19 09:36:43,600 [pool-57-thread-1] INFO  server.RaftServerConfigKeys (ConfUtils.java:logGet(43)) - raft.server.log.segment.size.max = 1048576 (custom)
2019-09-19 09:36:43,600 [pool-57-thread-1] INFO  server.RaftServerConfigKeys (ConfUtils.java:logGet(43)) - raft.server.log.preallocated.size = 16384 (custom)
2019-09-19 09:36:43,600 [pool-57-thread-1] INFO  server.RaftServerConfigKeys (ConfUtils.java:logGet(43)) - raft.server.log.write.buffer.size = 33554432 (custom)
2019-09-19 09:36:43,600 [pool-57-thread-1] INFO  server.RaftServerConfigKeys (ConfUtils.java:logGet(43)) - raft.server.log.force.sync.num = 128 (default)
2019-09-19 09:36:43,601 [pool-57-thread-1] INFO  server.RaftServerConfigKeys (ConfUtils.java:logGet(43)) - raft.server.log.statemachine.data.sync = true (default)
2019-09-19 09:36:43,601 [pool-57-thread-1] INFO  server.RaftServerConfigKeys (ConfUtils.java:logGet(43)) - raft.server.log.statemachine.data.sync.timeout = 10s (default)
2019-09-19 09:36:43,601 [pool-57-thread-1] INFO  server.RaftServerConfigKeys (ConfUtils.java:logGet(43)) - raft.server.log.statemachine.data.sync.timeout.retry = -1 (default)
2019-09-19 09:36:43,601 [pool-57-thread-1] INFO  server.RaftServerConfigKeys (ConfUtils.java:logGet(43)) - raft.server.log.statemachine.data.caching.enabled = true (custom)
2019-09-19 09:36:43,601 [pool-57-thread-1] INFO  segmented.SegmentedRaftLogWorker (SegmentedRaftLogWorker.java:lambda$new$0(132)) - b769f2d5-81f7-4208-a2ae-35a826bc5222@group-7A7101494EDD-SegmentedRaftLogWorker: flushIndex: setUnconditionally 0 -> -1
2019-09-19 09:36:43,601 [pool-57-thread-1] INFO  server.RaftServerConfigKeys (ConfUtils.java:logGet(43)) - raft.server.snapshot.auto.trigger.enabled = true (custom)
2019-09-19 09:36:43,602 [pool-57-thread-1] INFO  server.RaftServerConfigKeys (ConfUtils.java:logGet(43)) - raft.server.snapshot.auto.trigger.threshold = 10000 (custom)
2019-09-19 09:36:43,602 [pool-57-thread-1] INFO  server.RaftServerConfigKeys (ConfUtils.java:logGet(43)) - raft.server.snapshot.retention.num.files = 5 (custom)
2019-09-19 09:36:43,602 [pool-57-thread-1] INFO  server.RaftServerConfigKeys (ConfUtils.java:logGet(43)) - raft.server.retrycache.expirytime = 600000ms (custom)
2019-09-19 09:36:43,604 [pool-57-thread-1] INFO  impl.RaftServerImpl (RaftServerImpl.java:start(185)) - b769f2d5-81f7-4208-a2ae-35a826bc5222@group-7A7101494EDD: start as a follower, conf=-1: [b769f2d5-81f7-4208-a2ae-35a826bc5222:192.168.157.214:42901], old=null
2019-09-19 09:36:43,604 [pool-57-thread-1] INFO  impl.RaftServerImpl (RaftServerImpl.java:setRole(174)) - b769f2d5-81f7-4208-a2ae-35a826bc5222@group-7A7101494EDD: changes role from      null to FOLLOWER at term 0 for startAsFollower
2019-09-19 09:36:43,604 [pool-57-thread-1] INFO  impl.RoleInfo (RoleInfo.java:updateAndGet(143)) - b769f2d5-81f7-4208-a2ae-35a826bc5222: start FollowerState
2019-09-19 09:36:43,604 [pool-57-thread-1] INFO  util.JmxRegister (JmxRegister.java:tryRegister(44)) - Successfully registered JMX Bean with object name Ratis:service=RaftServer,group=group-7A7101494EDD,id=b769f2d5-81f7-4208-a2ae-35a826bc5222
2019-09-19 09:36:43,612 [RatisPipelineUtilsThread] INFO  pipeline.PipelineStateManager (PipelineStateManager.java:addPipeline(56)) - Created pipeline Pipeline[ Id: efebe416-1352-4b5f-9d8c-7a7101494edd, Nodes: b769f2d5-81f7-4208-a2ae-35a826bc5222{ip: 192.168.157.214, host: pr-hdds-2147-wcr5g-3873981947, networkLocation: /default-rack, certSerialId: null}, Type:RATIS, Factor:ONE, State:OPEN]
2019-09-19 09:36:43,627 [grpc-default-executor-2] INFO  impl.RaftServerProxy (RaftServerProxy.java:addNew(89)) - 451f4ed5-c660-4484-8ce4-c9759984cc56: addNew group-74BF2696CF07:[451f4ed5-c660-4484-8ce4-c9759984cc56:192.168.157.214:40842] returns group-74BF2696CF07:java.util.concurrent.CompletableFuture@317579e1[Not completed]
2019-09-19 09:36:43,628 [pool-37-thread-1] INFO  impl.RaftServerImpl (RaftServerImpl.java:<init>(95)) - 451f4ed5-c660-4484-8ce4-c9759984cc56: new RaftServerImpl for group-74BF2696CF07:[451f4ed5-c660-4484-8ce4-c9759984cc56:192.168.157.214:40842] with ContainerStateMachine:uninitialized
2019-09-19 09:36:43,629 [pool-37-thread-1] INFO  server.RaftServerConfigKeys (ConfUtils.java:logGet(43)) - raft.server.rpc.timeout.min = 5s (custom)
2019-09-19 09:36:43,629 [pool-37-thread-1] INFO  server.RaftServerConfigKeys (ConfUtils.java:logGet(43)) - raft.server.rpc.timeout.max = 5200ms (custom)
2019-09-19 09:36:43,629 [pool-37-thread-1] INFO  server.RaftServerConfigKeys (ConfUtils.java:logGet(43)) - raft.server.rpcslowness.timeout = 1000s (custom)
2019-09-19 09:36:43,629 [pool-37-thread-1] INFO  server.RaftServerConfigKeys (ConfUtils.java:logGet(43)) - raft.server.sleep.deviation.threshold = 300 (default)
2019-09-19 09:36:43,629 [pool-37-thread-1] INFO  server.RaftServerConfigKeys (ConfUtils.java:logGet(43)) - raft.server.log.appender.install.snapshot.enabled = false (custom)
2019-09-19 09:36:43,629 [pool-37-thread-1] INFO  impl.RaftServerImpl (ServerState.java:<init>(103)) - 451f4ed5-c660-4484-8ce4-c9759984cc56@group-74BF2696CF07: ConfigurationManager, init=-1: [451f4ed5-c660-4484-8ce4-c9759984cc56:192.168.157.214:40842], old=null, confs=<EMPTY_MAP>
2019-09-19 09:36:43,630 [pool-37-thread-1] INFO  server.RaftServerConfigKeys (ConfUtils.java:logGet(43)) - raft.server.storage.dir = [/workdir/hadoop-ozone/integration-test/target/test-dir/MiniOzoneClusterImpl-45dce96e-52c4-4ef1-8e9d-b5da6780f9d8/datanode-1/data/ratis] (custom)
2019-09-19 09:36:43,630 [pool-37-thread-1] INFO  storage.RaftStorageDirectory (RaftStorageDirectory.java:analyzeStorage(246)) - The storage directory /workdir/hadoop-ozone/integration-test/target/test-dir/MiniOzoneClusterImpl-45dce96e-52c4-4ef1-8e9d-b5da6780f9d8/datanode-1/data/ratis/3c61432d-18f1-4aa7-bf3e-74bf2696cf07 does not exist. Creating ...
2019-09-19 09:36:43,643 [pool-37-thread-1] INFO  storage.RaftStorageDirectory (RaftStorageDirectory.java:tryLock(328)) - Lock on /workdir/hadoop-ozone/integration-test/target/test-dir/MiniOzoneClusterImpl-45dce96e-52c4-4ef1-8e9d-b5da6780f9d8/datanode-1/data/ratis/3c61432d-18f1-4aa7-bf3e-74bf2696cf07/in_use.lock acquired by nodename 17955@pr-hdds-2147-wcr5g-3873981947
2019-09-19 09:36:43,656 [pool-37-thread-1] INFO  storage.RaftStorage (RaftStorage.java:format(72)) - Storage directory /workdir/hadoop-ozone/integration-test/target/test-dir/MiniOzoneClusterImpl-45dce96e-52c4-4ef1-8e9d-b5da6780f9d8/datanode-1/data/ratis/3c61432d-18f1-4aa7-bf3e-74bf2696cf07 has been successfully formatted.
2019-09-19 09:36:43,657 [pool-37-thread-1] INFO  ratis.ContainerStateMachine (ContainerStateMachine.java:loadSnapshot(230)) - group-74BF2696CF07: The snapshot info is null. Setting the last applied indexto:(t:0, i:~)
2019-09-19 09:36:43,657 [pool-37-thread-1] INFO  server.RaftServerConfigKeys (ConfUtils.java:logGet(43)) - raft.server.notification.no-leader.timeout = 1000s (custom)
2019-09-19 09:36:43,657 [pool-37-thread-1] INFO  server.RaftServerConfigKeys (ConfUtils.java:logGet(43)) - raft.server.log.use.memory = false (default)
2019-09-19 09:36:43,657 [pool-37-thread-1] INFO  server.RaftServerConfigKeys (ConfUtils.java:logGet(43)) - raft.server.log.purge.gap = 1000000 (custom)
2019-09-19 09:36:43,657 [pool-37-thread-1] INFO  server.RaftServerConfigKeys (ConfUtils.java:logGet(43)) - raft.server.log.appender.buffer.byte-limit = 33554432 (custom)
2019-09-19 09:36:43,657 [pool-37-thread-1] INFO  server.RaftServerConfigKeys (ConfUtils.java:logGet(43)) - raft.server.log.segment.size.max = 1048576 (custom)
2019-09-19 09:36:43,658 [pool-37-thread-1] INFO  server.RaftServerConfigKeys (ConfUtils.java:logGet(43)) - raft.server.log.segment.cache.num.max = 2 (custom)
2019-09-19 09:36:43,658 [pool-37-thread-1] INFO  segmented.SegmentedRaftLogWorker (SegmentedRaftLogWorker.java:<init>(172)) - new 451f4ed5-c660-4484-8ce4-c9759984cc56@group-74BF2696CF07-SegmentedRaftLogWorker for RaftStorage:Storage Directory /workdir/hadoop-ozone/integration-test/target/test-dir/MiniOzoneClusterImpl-45dce96e-52c4-4ef1-8e9d-b5da6780f9d8/datanode-1/data/ratis/3c61432d-18f1-4aa7-bf3e-74bf2696cf07
2019-09-19 09:36:43,658 [pool-37-thread-1] INFO  server.RaftServerConfigKeys (ConfUtils.java:logGet(43)) - raft.server.log.queue.byte-limit = 2147483647 (custom)
2019-09-19 09:36:43,658 [pool-37-thread-1] INFO  server.RaftServerConfigKeys (ConfUtils.java:logGet(43)) - raft.server.log.queue.element-limit = 1024 (custom)
2019-09-19 09:36:43,658 [pool-37-thread-1] INFO  server.RaftServerConfigKeys (ConfUtils.java:logGet(43)) - raft.server.log.segment.size.max = 1048576 (custom)
2019-09-19 09:36:43,658 [pool-37-thread-1] INFO  server.RaftServerConfigKeys (ConfUtils.java:logGet(43)) - raft.server.log.preallocated.size = 16384 (custom)
2019-09-19 09:36:43,658 [pool-37-thread-1] INFO  server.RaftServerConfigKeys (ConfUtils.java:logGet(43)) - raft.server.log.write.buffer.size = 33554432 (custom)
2019-09-19 09:36:43,658 [pool-37-thread-1] INFO  server.RaftServerConfigKeys (ConfUtils.java:logGet(43)) - raft.server.log.force.sync.num = 128 (default)
2019-09-19 09:36:43,659 [pool-37-thread-1] INFO  server.RaftServerConfigKeys (ConfUtils.java:logGet(43)) - raft.server.log.statemachine.data.sync = true (default)
2019-09-19 09:36:43,659 [pool-37-thread-1] INFO  server.RaftServerConfigKeys (ConfUtils.java:logGet(43)) - raft.server.log.statemachine.data.sync.timeout = 10s (default)
2019-09-19 09:36:43,659 [pool-37-thread-1] INFO  server.RaftServerConfigKeys (ConfUtils.java:logGet(43)) - raft.server.log.statemachine.data.sync.timeout.retry = -1 (default)
2019-09-19 09:36:43,659 [pool-37-thread-1] INFO  server.RaftServerConfigKeys (ConfUtils.java:logGet(43)) - raft.server.log.statemachine.data.caching.enabled = true (custom)
2019-09-19 09:36:43,659 [pool-37-thread-1] INFO  segmented.SegmentedRaftLogWorker (SegmentedRaftLogWorker.java:lambda$new$0(132)) - 451f4ed5-c660-4484-8ce4-c9759984cc56@group-74BF2696CF07-SegmentedRaftLogWorker: flushIndex: setUnconditionally 0 -> -1
2019-09-19 09:36:43,660 [pool-37-thread-1] INFO  server.RaftServerConfigKeys (ConfUtils.java:logGet(43)) - raft.server.snapshot.auto.trigger.enabled = true (custom)
2019-09-19 09:36:43,660 [pool-37-thread-1] INFO  server.RaftServerConfigKeys (ConfUtils.java:logGet(43)) - raft.server.snapshot.auto.trigger.threshold = 10000 (custom)
2019-09-19 09:36:43,660 [pool-37-thread-1] INFO  server.RaftServerConfigKeys (ConfUtils.java:logGet(43)) - raft.server.snapshot.retention.num.files = 5 (custom)
2019-09-19 09:36:43,660 [pool-37-thread-1] INFO  server.RaftServerConfigKeys (ConfUtils.java:logGet(43)) - raft.server.retrycache.expirytime = 600000ms (custom)
2019-09-19 09:36:43,664 [pool-37-thread-1] INFO  impl.RaftServerImpl (RaftServerImpl.java:start(185)) - 451f4ed5-c660-4484-8ce4-c9759984cc56@group-74BF2696CF07: start as a follower, conf=-1: [451f4ed5-c660-4484-8ce4-c9759984cc56:192.168.157.214:40842], old=null
2019-09-19 09:36:43,665 [pool-37-thread-1] INFO  impl.RaftServerImpl (RaftServerImpl.java:setRole(174)) - 451f4ed5-c660-4484-8ce4-c9759984cc56@group-74BF2696CF07: changes role from      null to FOLLOWER at term 0 for startAsFollower
2019-09-19 09:36:43,665 [pool-37-thread-1] INFO  impl.RoleInfo (RoleInfo.java:updateAndGet(143)) - 451f4ed5-c660-4484-8ce4-c9759984cc56: start FollowerState
2019-09-19 09:36:43,665 [pool-37-thread-1] INFO  util.JmxRegister (JmxRegister.java:tryRegister(44)) - Successfully registered JMX Bean with object name Ratis:service=RaftServer,group=group-74BF2696CF07,id=451f4ed5-c660-4484-8ce4-c9759984cc56
2019-09-19 09:36:43,674 [RatisPipelineUtilsThread] INFO  pipeline.PipelineStateManager (PipelineStateManager.java:addPipeline(56)) - Created pipeline Pipeline[ Id: 3c61432d-18f1-4aa7-bf3e-74bf2696cf07, Nodes: 451f4ed5-c660-4484-8ce4-c9759984cc56{ip: 192.168.157.214, host: pr-hdds-2147-wcr5g-3873981947, networkLocation: /default-rack, certSerialId: null}, Type:RATIS, Factor:ONE, State:OPEN]
2019-09-19 09:36:43,695 [grpc-default-executor-1] INFO  impl.RaftServerProxy (RaftServerProxy.java:addNew(89)) - f2f0d6de-755f-429e-94f7-8c9aba6d2b9e: addNew group-A5650F062F3D:[f2f0d6de-755f-429e-94f7-8c9aba6d2b9e:192.168.157.214:35943, 32051bbf-3767-4bb0-989a-93ed6f586f11:192.168.157.214:36828, b769f2d5-81f7-4208-a2ae-35a826bc5222:192.168.157.214:42901] returns group-A5650F062F3D:java.util.concurrent.CompletableFuture@6ee374b4[Not completed]
2019-09-19 09:36:43,697 [grpc-default-executor-2] INFO  impl.RaftServerProxy (RaftServerProxy.java:addNew(89)) - b769f2d5-81f7-4208-a2ae-35a826bc5222: addNew group-A5650F062F3D:[f2f0d6de-755f-429e-94f7-8c9aba6d2b9e:192.168.157.214:35943, 32051bbf-3767-4bb0-989a-93ed6f586f11:192.168.157.214:36828, b769f2d5-81f7-4208-a2ae-35a826bc5222:192.168.157.214:42901] returns group-A5650F062F3D:java.util.concurrent.CompletableFuture@6a969cf[Not completed]
2019-09-19 09:36:43,698 [pool-47-thread-1] INFO  impl.RaftServerImpl (RaftServerImpl.java:<init>(95)) - f2f0d6de-755f-429e-94f7-8c9aba6d2b9e: new RaftServerImpl for group-A5650F062F3D:[f2f0d6de-755f-429e-94f7-8c9aba6d2b9e:192.168.157.214:35943, 32051bbf-3767-4bb0-989a-93ed6f586f11:192.168.157.214:36828, b769f2d5-81f7-4208-a2ae-35a826bc5222:192.168.157.214:42901] with ContainerStateMachine:uninitialized
2019-09-19 09:36:43,699 [pool-47-thread-1] INFO  server.RaftServerConfigKeys (ConfUtils.java:logGet(43)) - raft.server.rpc.timeout.min = 5s (custom)
2019-09-19 09:36:43,699 [pool-47-thread-1] INFO  server.RaftServerConfigKeys (ConfUtils.java:logGet(43)) - raft.server.rpc.timeout.max = 5200ms (custom)
2019-09-19 09:36:43,699 [pool-47-thread-1] INFO  server.RaftServerConfigKeys (ConfUtils.java:logGet(43)) - raft.server.rpcslowness.timeout = 1000s (custom)
2019-09-19 09:36:43,699 [grpc-default-executor-2] INFO  impl.RaftServerProxy (RaftServerProxy.java:addNew(89)) - 32051bbf-3767-4bb0-989a-93ed6f586f11: addNew group-A5650F062F3D:[f2f0d6de-755f-429e-94f7-8c9aba6d2b9e:192.168.157.214:35943, 32051bbf-3767-4bb0-989a-93ed6f586f11:192.168.157.214:36828, b769f2d5-81f7-4208-a2ae-35a826bc5222:192.168.157.214:42901] returns group-A5650F062F3D:java.util.concurrent.CompletableFuture@252cbba3[Not completed]
2019-09-19 09:36:43,699 [pool-47-thread-1] INFO  server.RaftServerConfigKeys (ConfUtils.java:logGet(43)) - raft.server.sleep.deviation.threshold = 300 (default)
2019-09-19 09:36:43,699 [pool-47-thread-1] INFO  server.RaftServerConfigKeys (ConfUtils.java:logGet(43)) - raft.server.log.appender.install.snapshot.enabled = false (custom)
2019-09-19 09:36:43,699 [pool-47-thread-1] INFO  impl.RaftServerImpl (ServerState.java:<init>(103)) - f2f0d6de-755f-429e-94f7-8c9aba6d2b9e@group-A5650F062F3D: ConfigurationManager, init=-1: [f2f0d6de-755f-429e-94f7-8c9aba6d2b9e:192.168.157.214:35943, 32051bbf-3767-4bb0-989a-93ed6f586f11:192.168.157.214:36828, b769f2d5-81f7-4208-a2ae-35a826bc5222:192.168.157.214:42901], old=null, confs=<EMPTY_MAP>
2019-09-19 09:36:43,700 [pool-47-thread-1] INFO  server.RaftServerConfigKeys (ConfUtils.java:logGet(43)) - raft.server.storage.dir = [/workdir/hadoop-ozone/integration-test/target/test-dir/MiniOzoneClusterImpl-45dce96e-52c4-4ef1-8e9d-b5da6780f9d8/datanode-2/data/ratis] (custom)
2019-09-19 09:36:43,700 [pool-57-thread-1] INFO  impl.RaftServerImpl (RaftServerImpl.java:<init>(95)) - b769f2d5-81f7-4208-a2ae-35a826bc5222: new RaftServerImpl for group-A5650F062F3D:[f2f0d6de-755f-429e-94f7-8c9aba6d2b9e:192.168.157.214:35943, 32051bbf-3767-4bb0-989a-93ed6f586f11:192.168.157.214:36828, b769f2d5-81f7-4208-a2ae-35a826bc5222:192.168.157.214:42901] with ContainerStateMachine:uninitialized
2019-09-19 09:36:43,700 [pool-57-thread-1] INFO  server.RaftServerConfigKeys (ConfUtils.java:logGet(43)) - raft.server.rpc.timeout.min = 5s (custom)
2019-09-19 09:36:43,700 [pool-47-thread-1] INFO  storage.RaftStorageDirectory (RaftStorageDirectory.java:analyzeStorage(246)) - The storage directory /workdir/hadoop-ozone/integration-test/target/test-dir/MiniOzoneClusterImpl-45dce96e-52c4-4ef1-8e9d-b5da6780f9d8/datanode-2/data/ratis/82aaba0a-7cbb-4696-9be0-a5650f062f3d does not exist. Creating ...
2019-09-19 09:36:43,700 [pool-57-thread-1] INFO  server.RaftServerConfigKeys (ConfUtils.java:logGet(43)) - raft.server.rpc.timeout.max = 5200ms (custom)
2019-09-19 09:36:43,700 [pool-57-thread-1] INFO  server.RaftServerConfigKeys (ConfUtils.java:logGet(43)) - raft.server.rpcslowness.timeout = 1000s (custom)
2019-09-19 09:36:43,700 [pool-57-thread-1] INFO  server.RaftServerConfigKeys (ConfUtils.java:logGet(43)) - raft.server.sleep.deviation.threshold = 300 (default)
2019-09-19 09:36:43,700 [pool-57-thread-1] INFO  server.RaftServerConfigKeys (ConfUtils.java:logGet(43)) - raft.server.log.appender.install.snapshot.enabled = false (custom)
2019-09-19 09:36:43,701 [pool-27-thread-1] INFO  impl.RaftServerImpl (RaftServerImpl.java:<init>(95)) - 32051bbf-3767-4bb0-989a-93ed6f586f11: new RaftServerImpl for group-A5650F062F3D:[f2f0d6de-755f-429e-94f7-8c9aba6d2b9e:192.168.157.214:35943, 32051bbf-3767-4bb0-989a-93ed6f586f11:192.168.157.214:36828, b769f2d5-81f7-4208-a2ae-35a826bc5222:192.168.157.214:42901] with ContainerStateMachine:uninitialized
2019-09-19 09:36:43,701 [pool-57-thread-1] INFO  impl.RaftServerImpl (ServerState.java:<init>(103)) - b769f2d5-81f7-4208-a2ae-35a826bc5222@group-A5650F062F3D: ConfigurationManager, init=-1: [f2f0d6de-755f-429e-94f7-8c9aba6d2b9e:192.168.157.214:35943, 32051bbf-3767-4bb0-989a-93ed6f586f11:192.168.157.214:36828, b769f2d5-81f7-4208-a2ae-35a826bc5222:192.168.157.214:42901], old=null, confs=<EMPTY_MAP>
2019-09-19 09:36:43,701 [pool-27-thread-1] INFO  server.RaftServerConfigKeys (ConfUtils.java:logGet(43)) - raft.server.rpc.timeout.min = 5s (custom)
2019-09-19 09:36:43,701 [pool-57-thread-1] INFO  server.RaftServerConfigKeys (ConfUtils.java:logGet(43)) - raft.server.storage.dir = [/workdir/hadoop-ozone/integration-test/target/test-dir/MiniOzoneClusterImpl-45dce96e-52c4-4ef1-8e9d-b5da6780f9d8/datanode-3/data/ratis] (custom)
2019-09-19 09:36:43,701 [pool-27-thread-1] INFO  server.RaftServerConfigKeys (ConfUtils.java:logGet(43)) - raft.server.rpc.timeout.max = 5200ms (custom)
2019-09-19 09:36:43,701 [pool-27-thread-1] INFO  server.RaftServerConfigKeys (ConfUtils.java:logGet(43)) - raft.server.rpcslowness.timeout = 1000s (custom)
2019-09-19 09:36:43,701 [pool-57-thread-1] INFO  storage.RaftStorageDirectory (RaftStorageDirectory.java:analyzeStorage(246)) - The storage directory /workdir/hadoop-ozone/integration-test/target/test-dir/MiniOzoneClusterImpl-45dce96e-52c4-4ef1-8e9d-b5da6780f9d8/datanode-3/data/ratis/82aaba0a-7cbb-4696-9be0-a5650f062f3d does not exist. Creating ...
2019-09-19 09:36:43,701 [pool-27-thread-1] INFO  server.RaftServerConfigKeys (ConfUtils.java:logGet(43)) - raft.server.sleep.deviation.threshold = 300 (default)
2019-09-19 09:36:43,702 [pool-27-thread-1] INFO  server.RaftServerConfigKeys (ConfUtils.java:logGet(43)) - raft.server.log.appender.install.snapshot.enabled = false (custom)
2019-09-19 09:36:43,702 [pool-27-thread-1] INFO  impl.RaftServerImpl (ServerState.java:<init>(103)) - 32051bbf-3767-4bb0-989a-93ed6f586f11@group-A5650F062F3D: ConfigurationManager, init=-1: [f2f0d6de-755f-429e-94f7-8c9aba6d2b9e:192.168.157.214:35943, 32051bbf-3767-4bb0-989a-93ed6f586f11:192.168.157.214:36828, b769f2d5-81f7-4208-a2ae-35a826bc5222:192.168.157.214:42901], old=null, confs=<EMPTY_MAP>
2019-09-19 09:36:43,702 [pool-27-thread-1] INFO  server.RaftServerConfigKeys (ConfUtils.java:logGet(43)) - raft.server.storage.dir = [/workdir/hadoop-ozone/integration-test/target/test-dir/MiniOzoneClusterImpl-45dce96e-52c4-4ef1-8e9d-b5da6780f9d8/datanode-0/data/ratis] (custom)
2019-09-19 09:36:43,702 [pool-27-thread-1] INFO  storage.RaftStorageDirectory (RaftStorageDirectory.java:analyzeStorage(246)) - The storage directory /workdir/hadoop-ozone/integration-test/target/test-dir/MiniOzoneClusterImpl-45dce96e-52c4-4ef1-8e9d-b5da6780f9d8/datanode-0/data/ratis/82aaba0a-7cbb-4696-9be0-a5650f062f3d does not exist. Creating ...
2019-09-19 09:36:43,715 [pool-57-thread-1] INFO  storage.RaftStorageDirectory (RaftStorageDirectory.java:tryLock(328)) - Lock on /workdir/hadoop-ozone/integration-test/target/test-dir/MiniOzoneClusterImpl-45dce96e-52c4-4ef1-8e9d-b5da6780f9d8/datanode-3/data/ratis/82aaba0a-7cbb-4696-9be0-a5650f062f3d/in_use.lock acquired by nodename 17955@pr-hdds-2147-wcr5g-3873981947
2019-09-19 09:36:43,715 [pool-47-thread-1] INFO  storage.RaftStorageDirectory (RaftStorageDirectory.java:tryLock(328)) - Lock on /workdir/hadoop-ozone/integration-test/target/test-dir/MiniOzoneClusterImpl-45dce96e-52c4-4ef1-8e9d-b5da6780f9d8/datanode-2/data/ratis/82aaba0a-7cbb-4696-9be0-a5650f062f3d/in_use.lock acquired by nodename 17955@pr-hdds-2147-wcr5g-3873981947
2019-09-19 09:36:43,715 [pool-27-thread-1] INFO  storage.RaftStorageDirectory (RaftStorageDirectory.java:tryLock(328)) - Lock on /workdir/hadoop-ozone/integration-test/target/test-dir/MiniOzoneClusterImpl-45dce96e-52c4-4ef1-8e9d-b5da6780f9d8/datanode-0/data/ratis/82aaba0a-7cbb-4696-9be0-a5650f062f3d/in_use.lock acquired by nodename 17955@pr-hdds-2147-wcr5g-3873981947
2019-09-19 09:36:43,729 [pool-47-thread-1] INFO  storage.RaftStorage (RaftStorage.java:format(72)) - Storage directory /workdir/hadoop-ozone/integration-test/target/test-dir/MiniOzoneClusterImpl-45dce96e-52c4-4ef1-8e9d-b5da6780f9d8/datanode-2/data/ratis/82aaba0a-7cbb-4696-9be0-a5650f062f3d has been successfully formatted.
2019-09-19 09:36:43,729 [pool-57-thread-1] INFO  storage.RaftStorage (RaftStorage.java:format(72)) - Storage directory /workdir/hadoop-ozone/integration-test/target/test-dir/MiniOzoneClusterImpl-45dce96e-52c4-4ef1-8e9d-b5da6780f9d8/datanode-3/data/ratis/82aaba0a-7cbb-4696-9be0-a5650f062f3d has been successfully formatted.
2019-09-19 09:36:43,729 [pool-47-thread-1] INFO  ratis.ContainerStateMachine (ContainerStateMachine.java:loadSnapshot(230)) - group-A5650F062F3D: The snapshot info is null. Setting the last applied indexto:(t:0, i:~)
2019-09-19 09:36:43,729 [pool-27-thread-1] INFO  storage.RaftStorage (RaftStorage.java:format(72)) - Storage directory /workdir/hadoop-ozone/integration-test/target/test-dir/MiniOzoneClusterImpl-45dce96e-52c4-4ef1-8e9d-b5da6780f9d8/datanode-0/data/ratis/82aaba0a-7cbb-4696-9be0-a5650f062f3d has been successfully formatted.
2019-09-19 09:36:43,729 [pool-57-thread-1] INFO  ratis.ContainerStateMachine (ContainerStateMachine.java:loadSnapshot(230)) - group-A5650F062F3D: The snapshot info is null. Setting the last applied indexto:(t:0, i:~)
2019-09-19 09:36:43,729 [pool-47-thread-1] INFO  server.RaftServerConfigKeys (ConfUtils.java:logGet(43)) - raft.server.notification.no-leader.timeout = 1000s (custom)
2019-09-19 09:36:43,730 [pool-57-thread-1] INFO  server.RaftServerConfigKeys (ConfUtils.java:logGet(43)) - raft.server.notification.no-leader.timeout = 1000s (custom)
2019-09-19 09:36:43,730 [pool-27-thread-1] INFO  ratis.ContainerStateMachine (ContainerStateMachine.java:loadSnapshot(230)) - group-A5650F062F3D: The snapshot info is null. Setting the last applied indexto:(t:0, i:~)
2019-09-19 09:36:43,730 [pool-57-thread-1] INFO  server.RaftServerConfigKeys (ConfUtils.java:logGet(43)) - raft.server.log.use.memory = false (default)
2019-09-19 09:36:43,730 [pool-47-thread-1] INFO  server.RaftServerConfigKeys (ConfUtils.java:logGet(43)) - raft.server.log.use.memory = false (default)
2019-09-19 09:36:43,730 [pool-57-thread-1] INFO  server.RaftServerConfigKeys (ConfUtils.java:logGet(43)) - raft.server.log.purge.gap = 1000000 (custom)
2019-09-19 09:36:43,730 [pool-27-thread-1] INFO  server.RaftServerConfigKeys (ConfUtils.java:logGet(43)) - raft.server.notification.no-leader.timeout = 1000s (custom)
2019-09-19 09:36:43,730 [pool-57-thread-1] INFO  server.RaftServerConfigKeys (ConfUtils.java:logGet(43)) - raft.server.log.appender.buffer.byte-limit = 33554432 (custom)
2019-09-19 09:36:43,730 [pool-47-thread-1] INFO  server.RaftServerConfigKeys (ConfUtils.java:logGet(43)) - raft.server.log.purge.gap = 1000000 (custom)
2019-09-19 09:36:43,731 [pool-57-thread-1] INFO  server.RaftServerConfigKeys (ConfUtils.java:logGet(43)) - raft.server.log.segment.size.max = 1048576 (custom)
2019-09-19 09:36:43,731 [pool-27-thread-1] INFO  server.RaftServerConfigKeys (ConfUtils.java:logGet(43)) - raft.server.log.use.memory = false (default)
2019-09-19 09:36:43,731 [pool-57-thread-1] INFO  server.RaftServerConfigKeys (ConfUtils.java:logGet(43)) - raft.server.log.segment.cache.num.max = 2 (custom)
2019-09-19 09:36:43,731 [pool-47-thread-1] INFO  server.RaftServerConfigKeys (ConfUtils.java:logGet(43)) - raft.server.log.appender.buffer.byte-limit = 33554432 (custom)
2019-09-19 09:36:43,731 [pool-57-thread-1] INFO  segmented.SegmentedRaftLogWorker (SegmentedRaftLogWorker.java:<init>(172)) - new b769f2d5-81f7-4208-a2ae-35a826bc5222@group-A5650F062F3D-SegmentedRaftLogWorker for RaftStorage:Storage Directory /workdir/hadoop-ozone/integration-test/target/test-dir/MiniOzoneClusterImpl-45dce96e-52c4-4ef1-8e9d-b5da6780f9d8/datanode-3/data/ratis/82aaba0a-7cbb-4696-9be0-a5650f062f3d
2019-09-19 09:36:43,731 [pool-27-thread-1] INFO  server.RaftServerConfigKeys (ConfUtils.java:logGet(43)) - raft.server.log.purge.gap = 1000000 (custom)
2019-09-19 09:36:43,731 [pool-57-thread-1] INFO  server.RaftServerConfigKeys (ConfUtils.java:logGet(43)) - raft.server.log.queue.byte-limit = 2147483647 (custom)
2019-09-19 09:36:43,731 [pool-47-thread-1] INFO  server.RaftServerConfigKeys (ConfUtils.java:logGet(43)) - raft.server.log.segment.size.max = 1048576 (custom)
2019-09-19 09:36:43,732 [pool-57-thread-1] INFO  server.RaftServerConfigKeys (ConfUtils.java:logGet(43)) - raft.server.log.queue.element-limit = 1024 (custom)
2019-09-19 09:36:43,732 [pool-27-thread-1] INFO  server.RaftServerConfigKeys (ConfUtils.java:logGet(43)) - raft.server.log.appender.buffer.byte-limit = 33554432 (custom)
2019-09-19 09:36:43,732 [pool-57-thread-1] INFO  server.RaftServerConfigKeys (ConfUtils.java:logGet(43)) - raft.server.log.segment.size.max = 1048576 (custom)
2019-09-19 09:36:43,732 [pool-47-thread-1] INFO  server.RaftServerConfigKeys (ConfUtils.java:logGet(43)) - raft.server.log.segment.cache.num.max = 2 (custom)
2019-09-19 09:36:43,732 [pool-57-thread-1] INFO  server.RaftServerConfigKeys (ConfUtils.java:logGet(43)) - raft.server.log.preallocated.size = 16384 (custom)
2019-09-19 09:36:43,732 [pool-27-thread-1] INFO  server.RaftServerConfigKeys (ConfUtils.java:logGet(43)) - raft.server.log.segment.size.max = 1048576 (custom)
2019-09-19 09:36:43,732 [pool-57-thread-1] INFO  server.RaftServerConfigKeys (ConfUtils.java:logGet(43)) - raft.server.log.write.buffer.size = 33554432 (custom)
2019-09-19 09:36:43,732 [pool-47-thread-1] INFO  segmented.SegmentedRaftLogWorker (SegmentedRaftLogWorker.java:<init>(172)) - new f2f0d6de-755f-429e-94f7-8c9aba6d2b9e@group-A5650F062F3D-SegmentedRaftLogWorker for RaftStorage:Storage Directory /workdir/hadoop-ozone/integration-test/target/test-dir/MiniOzoneClusterImpl-45dce96e-52c4-4ef1-8e9d-b5da6780f9d8/datanode-2/data/ratis/82aaba0a-7cbb-4696-9be0-a5650f062f3d
2019-09-19 09:36:43,733 [pool-57-thread-1] INFO  server.RaftServerConfigKeys (ConfUtils.java:logGet(43)) - raft.server.log.force.sync.num = 128 (default)
2019-09-19 09:36:43,733 [pool-27-thread-1] INFO  server.RaftServerConfigKeys (ConfUtils.java:logGet(43)) - raft.server.log.segment.cache.num.max = 2 (custom)
2019-09-19 09:36:43,733 [pool-57-thread-1] INFO  server.RaftServerConfigKeys (ConfUtils.java:logGet(43)) - raft.server.log.statemachine.data.sync = true (default)
2019-09-19 09:36:43,733 [pool-47-thread-1] INFO  server.RaftServerConfigKeys (ConfUtils.java:logGet(43)) - raft.server.log.queue.byte-limit = 2147483647 (custom)
2019-09-19 09:36:43,733 [pool-57-thread-1] INFO  server.RaftServerConfigKeys (ConfUtils.java:logGet(43)) - raft.server.log.statemachine.data.sync.timeout = 10s (default)
2019-09-19 09:36:43,733 [pool-27-thread-1] INFO  segmented.SegmentedRaftLogWorker (SegmentedRaftLogWorker.java:<init>(172)) - new 32051bbf-3767-4bb0-989a-93ed6f586f11@group-A5650F062F3D-SegmentedRaftLogWorker for RaftStorage:Storage Directory /workdir/hadoop-ozone/integration-test/target/test-dir/MiniOzoneClusterImpl-45dce96e-52c4-4ef1-8e9d-b5da6780f9d8/datanode-0/data/ratis/82aaba0a-7cbb-4696-9be0-a5650f062f3d
2019-09-19 09:36:43,733 [pool-57-thread-1] INFO  server.RaftServerConfigKeys (ConfUtils.java:logGet(43)) - raft.server.log.statemachine.data.sync.timeout.retry = -1 (default)
2019-09-19 09:36:43,733 [pool-47-thread-1] INFO  server.RaftServerConfigKeys (ConfUtils.java:logGet(43)) - raft.server.log.queue.element-limit = 1024 (custom)
2019-09-19 09:36:43,734 [pool-27-thread-1] INFO  server.RaftServerConfigKeys (ConfUtils.java:logGet(43)) - raft.server.log.queue.byte-limit = 2147483647 (custom)
2019-09-19 09:36:43,734 [pool-57-thread-1] INFO  server.RaftServerConfigKeys (ConfUtils.java:logGet(43)) - raft.server.log.statemachine.data.caching.enabled = true (custom)
2019-09-19 09:36:43,734 [pool-47-thread-1] INFO  server.RaftServerConfigKeys (ConfUtils.java:logGet(43)) - raft.server.log.segment.size.max = 1048576 (custom)
2019-09-19 09:36:43,734 [pool-27-thread-1] INFO  server.RaftServerConfigKeys (ConfUtils.java:logGet(43)) - raft.server.log.queue.element-limit = 1024 (custom)
2019-09-19 09:36:43,734 [pool-57-thread-1] INFO  segmented.SegmentedRaftLogWorker (SegmentedRaftLogWorker.java:lambda$new$0(132)) - b769f2d5-81f7-4208-a2ae-35a826bc5222@group-A5650F062F3D-SegmentedRaftLogWorker: flushIndex: setUnconditionally 0 -> -1
2019-09-19 09:36:43,734 [pool-47-thread-1] INFO  server.RaftServerConfigKeys (ConfUtils.java:logGet(43)) - raft.server.log.preallocated.size = 16384 (custom)
2019-09-19 09:36:43,734 [pool-27-thread-1] INFO  server.RaftServerConfigKeys (ConfUtils.java:logGet(43)) - raft.server.log.segment.size.max = 1048576 (custom)
2019-09-19 09:36:43,735 [pool-47-thread-1] INFO  server.RaftServerConfigKeys (ConfUtils.java:logGet(43)) - raft.server.log.write.buffer.size = 33554432 (custom)
2019-09-19 09:36:43,735 [pool-27-thread-1] INFO  server.RaftServerConfigKeys (ConfUtils.java:logGet(43)) - raft.server.log.preallocated.size = 16384 (custom)
2019-09-19 09:36:43,735 [pool-57-thread-1] INFO  server.RaftServerConfigKeys (ConfUtils.java:logGet(43)) - raft.server.snapshot.auto.trigger.enabled = true (custom)
2019-09-19 09:36:43,735 [pool-27-thread-1] INFO  server.RaftServerConfigKeys (ConfUtils.java:logGet(43)) - raft.server.log.write.buffer.size = 33554432 (custom)
2019-09-19 09:36:43,735 [pool-47-thread-1] INFO  server.RaftServerConfigKeys (ConfUtils.java:logGet(43)) - raft.server.log.force.sync.num = 128 (default)
2019-09-19 09:36:43,735 [pool-27-thread-1] INFO  server.RaftServerConfigKeys (ConfUtils.java:logGet(43)) - raft.server.log.force.sync.num = 128 (default)
2019-09-19 09:36:43,735 [pool-57-thread-1] INFO  server.RaftServerConfigKeys (ConfUtils.java:logGet(43)) - raft.server.snapshot.auto.trigger.threshold = 10000 (custom)
2019-09-19 09:36:43,735 [pool-27-thread-1] INFO  server.RaftServerConfigKeys (ConfUtils.java:logGet(43)) - raft.server.log.statemachine.data.sync = true (default)
2019-09-19 09:36:43,735 [pool-47-thread-1] INFO  server.RaftServerConfigKeys (ConfUtils.java:logGet(43)) - raft.server.log.statemachine.data.sync = true (default)
2019-09-19 09:36:43,736 [pool-27-thread-1] INFO  server.RaftServerConfigKeys (ConfUtils.java:logGet(43)) - raft.server.log.statemachine.data.sync.timeout = 10s (default)
2019-09-19 09:36:43,736 [pool-57-thread-1] INFO  server.RaftServerConfigKeys (ConfUtils.java:logGet(43)) - raft.server.snapshot.retention.num.files = 5 (custom)
2019-09-19 09:36:43,736 [pool-27-thread-1] INFO  server.RaftServerConfigKeys (ConfUtils.java:logGet(43)) - raft.server.log.statemachine.data.sync.timeout.retry = -1 (default)
2019-09-19 09:36:43,736 [pool-47-thread-1] INFO  server.RaftServerConfigKeys (ConfUtils.java:logGet(43)) - raft.server.log.statemachine.data.sync.timeout = 10s (default)
2019-09-19 09:36:43,736 [pool-27-thread-1] INFO  server.RaftServerConfigKeys (ConfUtils.java:logGet(43)) - raft.server.log.statemachine.data.caching.enabled = true (custom)
2019-09-19 09:36:43,736 [pool-57-thread-1] INFO  server.RaftServerConfigKeys (ConfUtils.java:logGet(43)) - raft.server.retrycache.expirytime = 600000ms (custom)
2019-09-19 09:36:43,736 [pool-47-thread-1] INFO  server.RaftServerConfigKeys (ConfUtils.java:logGet(43)) - raft.server.log.statemachine.data.sync.timeout.retry = -1 (default)
2019-09-19 09:36:43,737 [pool-27-thread-1] INFO  segmented.SegmentedRaftLogWorker (SegmentedRaftLogWorker.java:lambda$new$0(132)) - 32051bbf-3767-4bb0-989a-93ed6f586f11@group-A5650F062F3D-SegmentedRaftLogWorker: flushIndex: setUnconditionally 0 -> -1
2019-09-19 09:36:43,737 [pool-47-thread-1] INFO  server.RaftServerConfigKeys (ConfUtils.java:logGet(43)) - raft.server.log.statemachine.data.caching.enabled = true (custom)
2019-09-19 09:36:43,737 [pool-27-thread-1] INFO  server.RaftServerConfigKeys (ConfUtils.java:logGet(43)) - raft.server.snapshot.auto.trigger.enabled = true (custom)
2019-09-19 09:36:43,737 [pool-47-thread-1] INFO  segmented.SegmentedRaftLogWorker (SegmentedRaftLogWorker.java:lambda$new$0(132)) - f2f0d6de-755f-429e-94f7-8c9aba6d2b9e@group-A5650F062F3D-SegmentedRaftLogWorker: flushIndex: setUnconditionally 0 -> -1
2019-09-19 09:36:43,737 [pool-27-thread-1] INFO  server.RaftServerConfigKeys (ConfUtils.java:logGet(43)) - raft.server.snapshot.auto.trigger.threshold = 10000 (custom)
2019-09-19 09:36:43,737 [pool-47-thread-1] INFO  server.RaftServerConfigKeys (ConfUtils.java:logGet(43)) - raft.server.snapshot.auto.trigger.enabled = true (custom)
2019-09-19 09:36:43,737 [pool-27-thread-1] INFO  server.RaftServerConfigKeys (ConfUtils.java:logGet(43)) - raft.server.snapshot.retention.num.files = 5 (custom)
2019-09-19 09:36:43,738 [pool-47-thread-1] INFO  server.RaftServerConfigKeys (ConfUtils.java:logGet(43)) - raft.server.snapshot.auto.trigger.threshold = 10000 (custom)
2019-09-19 09:36:43,738 [pool-47-thread-1] INFO  server.RaftServerConfigKeys (ConfUtils.java:logGet(43)) - raft.server.snapshot.retention.num.files = 5 (custom)
2019-09-19 09:36:43,738 [pool-27-thread-1] INFO  server.RaftServerConfigKeys (ConfUtils.java:logGet(43)) - raft.server.retrycache.expirytime = 600000ms (custom)
2019-09-19 09:36:43,738 [pool-47-thread-1] INFO  server.RaftServerConfigKeys (ConfUtils.java:logGet(43)) - raft.server.retrycache.expirytime = 600000ms (custom)
2019-09-19 09:36:43,739 [pool-57-thread-1] INFO  impl.RaftServerImpl (RaftServerImpl.java:start(185)) - b769f2d5-81f7-4208-a2ae-35a826bc5222@group-A5650F062F3D: start as a follower, conf=-1: [f2f0d6de-755f-429e-94f7-8c9aba6d2b9e:192.168.157.214:35943, 32051bbf-3767-4bb0-989a-93ed6f586f11:192.168.157.214:36828, b769f2d5-81f7-4208-a2ae-35a826bc5222:192.168.157.214:42901], old=null
2019-09-19 09:36:43,739 [pool-57-thread-1] INFO  impl.RaftServerImpl (RaftServerImpl.java:setRole(174)) - b769f2d5-81f7-4208-a2ae-35a826bc5222@group-A5650F062F3D: changes role from      null to FOLLOWER at term 0 for startAsFollower
2019-09-19 09:36:43,739 [pool-57-thread-1] INFO  impl.RoleInfo (RoleInfo.java:updateAndGet(143)) - b769f2d5-81f7-4208-a2ae-35a826bc5222: start FollowerState
2019-09-19 09:36:43,740 [pool-57-thread-1] INFO  util.JmxRegister (JmxRegister.java:tryRegister(44)) - Successfully registered JMX Bean with object name Ratis:service=RaftServer,group=group-A5650F062F3D,id=b769f2d5-81f7-4208-a2ae-35a826bc5222
2019-09-19 09:36:43,742 [pool-47-thread-1] INFO  impl.RaftServerImpl (RaftServerImpl.java:start(185)) - f2f0d6de-755f-429e-94f7-8c9aba6d2b9e@group-A5650F062F3D: start as a follower, conf=-1: [f2f0d6de-755f-429e-94f7-8c9aba6d2b9e:192.168.157.214:35943, 32051bbf-3767-4bb0-989a-93ed6f586f11:192.168.157.214:36828, b769f2d5-81f7-4208-a2ae-35a826bc5222:192.168.157.214:42901], old=null
2019-09-19 09:36:43,742 [pool-47-thread-1] INFO  impl.RaftServerImpl (RaftServerImpl.java:setRole(174)) - f2f0d6de-755f-429e-94f7-8c9aba6d2b9e@group-A5650F062F3D: changes role from      null to FOLLOWER at term 0 for startAsFollower
2019-09-19 09:36:43,742 [pool-27-thread-1] INFO  impl.RaftServerImpl (RaftServerImpl.java:start(185)) - 32051bbf-3767-4bb0-989a-93ed6f586f11@group-A5650F062F3D: start as a follower, conf=-1: [f2f0d6de-755f-429e-94f7-8c9aba6d2b9e:192.168.157.214:35943, 32051bbf-3767-4bb0-989a-93ed6f586f11:192.168.157.214:36828, b769f2d5-81f7-4208-a2ae-35a826bc5222:192.168.157.214:42901], old=null
2019-09-19 09:36:43,744 [pool-47-thread-1] INFO  impl.RoleInfo (RoleInfo.java:updateAndGet(143)) - f2f0d6de-755f-429e-94f7-8c9aba6d2b9e: start FollowerState
2019-09-19 09:36:43,744 [pool-27-thread-1] INFO  impl.RaftServerImpl (RaftServerImpl.java:setRole(174)) - 32051bbf-3767-4bb0-989a-93ed6f586f11@group-A5650F062F3D: changes role from      null to FOLLOWER at term 0 for startAsFollower
2019-09-19 09:36:43,745 [pool-47-thread-1] INFO  util.JmxRegister (JmxRegister.java:tryRegister(44)) - Successfully registered JMX Bean with object name Ratis:service=RaftServer,group=group-A5650F062F3D,id=f2f0d6de-755f-429e-94f7-8c9aba6d2b9e
2019-09-19 09:36:43,745 [pool-27-thread-1] INFO  impl.RoleInfo (RoleInfo.java:updateAndGet(143)) - 32051bbf-3767-4bb0-989a-93ed6f586f11: start FollowerState
2019-09-19 09:36:43,747 [pool-27-thread-1] INFO  util.JmxRegister (JmxRegister.java:tryRegister(44)) - Successfully registered JMX Bean with object name Ratis:service=RaftServer,group=group-A5650F062F3D,id=32051bbf-3767-4bb0-989a-93ed6f586f11
2019-09-19 09:36:43,759 [RatisPipelineUtilsThread] INFO  pipeline.PipelineStateManager (PipelineStateManager.java:addPipeline(56)) - Created pipeline Pipeline[ Id: 82aaba0a-7cbb-4696-9be0-a5650f062f3d, Nodes: f2f0d6de-755f-429e-94f7-8c9aba6d2b9e{ip: 192.168.157.214, host: pr-hdds-2147-wcr5g-3873981947, networkLocation: /default-rack, certSerialId: null}32051bbf-3767-4bb0-989a-93ed6f586f11{ip: 192.168.157.214, host: pr-hdds-2147-wcr5g-3873981947, networkLocation: /default-rack, certSerialId: null}b769f2d5-81f7-4208-a2ae-35a826bc5222{ip: 192.168.157.214, host: pr-hdds-2147-wcr5g-3873981947, networkLocation: /default-rack, certSerialId: null}, Type:RATIS, Factor:THREE, State:OPEN]
2019-09-19 09:36:44,080 [Command processor thread] ERROR commandhandler.CloseContainerCommandHandler (CloseContainerCommandHandler.java:handle(84)) - Container #1 does not exist in datanode. Container close failed.
2019-09-19 09:36:44,113 [Thread-193] INFO  container.ReplicationManager (ReplicationManager.java:start(169)) - Replication Monitor Thread is already running.
2019-09-19 09:36:44,230 [Command processor thread] ERROR commandhandler.CloseContainerCommandHandler (CloseContainerCommandHandler.java:handle(84)) - Container #1 does not exist in datanode. Container close failed.
2019-09-19 09:36:44,294 [Command processor thread] ERROR commandhandler.CloseContainerCommandHandler (CloseContainerCommandHandler.java:handle(84)) - Container #1 does not exist in datanode. Container close failed.
2019-09-19 09:36:44,318 [ReplicationMonitor] INFO  container.ReplicationManager (ReplicationManager.java:run(225)) - Replication Monitor Thread took 13 milliseconds for processing 1 containers.
2019-09-19 09:36:44,538 [grpc-default-executor-2] INFO  client.GrpcClientProtocolClient (GrpcClientProtocolClient.java:onNext(264)) - client-F627FB4FB0D0->32051bbf-3767-4bb0-989a-93ed6f586f11: receive RaftClientReply:client-F627FB4FB0D0->32051bbf-3767-4bb0-989a-93ed6f586f11@group-66AD49956D14, cid=8, FAILED org.apache.ratis.protocol.NotLeaderException: Server 32051bbf-3767-4bb0-989a-93ed6f586f11@group-66AD49956D14 is not the leader, logIndex=0, commits[32051bbf-3767-4bb0-989a-93ed6f586f11:c-1]
2019-09-19 09:36:45,556 [grpc-default-executor-1] INFO  client.GrpcClientProtocolClient (GrpcClientProtocolClient.java:onNext(264)) - client-F627FB4FB0D0->f2f0d6de-755f-429e-94f7-8c9aba6d2b9e: receive RaftClientReply:client-F627FB4FB0D0->f2f0d6de-755f-429e-94f7-8c9aba6d2b9e@group-66AD49956D14, cid=8, FAILED org.apache.ratis.protocol.NotLeaderException: Server f2f0d6de-755f-429e-94f7-8c9aba6d2b9e@group-66AD49956D14 is not the leader, logIndex=0, commits[f2f0d6de-755f-429e-94f7-8c9aba6d2b9e:c-1]
2019-09-19 09:36:46,318 [ReplicationMonitor] INFO  container.ReplicationManager (ReplicationManager.java:run(225)) - Replication Monitor Thread took 1 milliseconds for processing 1 containers.
2019-09-19 09:36:46,575 [grpc-default-executor-2] INFO  client.GrpcClientProtocolClient (GrpcClientProtocolClient.java:onNext(264)) - client-F627FB4FB0D0->32051bbf-3767-4bb0-989a-93ed6f586f11: receive RaftClientReply:client-F627FB4FB0D0->32051bbf-3767-4bb0-989a-93ed6f586f11@group-66AD49956D14, cid=8, FAILED org.apache.ratis.protocol.NotLeaderException: Server 32051bbf-3767-4bb0-989a-93ed6f586f11@group-66AD49956D14 is not the leader, logIndex=0, commits[32051bbf-3767-4bb0-989a-93ed6f586f11:c-1]
2019-09-19 09:36:46,951 [Thread-195] INFO  impl.FollowerState (FollowerState.java:run(106)) - 32051bbf-3767-4bb0-989a-93ed6f586f11:group-4D1EF6C3E54E changes to CANDIDATE, lastRpcTime:5100, electionTimeout:5099ms
2019-09-19 09:36:46,955 [Thread-195] INFO  impl.RoleInfo (RoleInfo.java:shutdownFollowerState(121)) - 32051bbf-3767-4bb0-989a-93ed6f586f11: shutdown FollowerState
2019-09-19 09:36:46,955 [Thread-195] INFO  impl.RaftServerImpl (RaftServerImpl.java:setRole(174)) - 32051bbf-3767-4bb0-989a-93ed6f586f11@group-4D1EF6C3E54E: changes role from  FOLLOWER to CANDIDATE at term 0 for changeToCandidate
2019-09-19 09:36:46,962 [Thread-195] INFO  impl.RoleInfo (RoleInfo.java:updateAndGet(143)) - 32051bbf-3767-4bb0-989a-93ed6f586f11: start LeaderElection
2019-09-19 09:36:46,980 [32051bbf-3767-4bb0-989a-93ed6f586f11@group-4D1EF6C3E54E:LeaderElection1] INFO  impl.LeaderElection (LeaderElection.java:askForVotes(182)) - 32051bbf-3767-4bb0-989a-93ed6f586f11@group-4D1EF6C3E54E:LeaderElection1: begin an election at term 1 for -1: [32051bbf-3767-4bb0-989a-93ed6f586f11:192.168.157.214:36828], old=null
2019-09-19 09:36:46,982 [32051bbf-3767-4bb0-989a-93ed6f586f11@group-4D1EF6C3E54E:LeaderElection1] INFO  impl.RoleInfo (RoleInfo.java:shutdownLeaderElection(134)) - 32051bbf-3767-4bb0-989a-93ed6f586f11: shutdown LeaderElection
2019-09-19 09:36:46,983 [32051bbf-3767-4bb0-989a-93ed6f586f11@group-4D1EF6C3E54E:LeaderElection1] INFO  impl.RaftServerImpl (RaftServerImpl.java:setRole(174)) - 32051bbf-3767-4bb0-989a-93ed6f586f11@group-4D1EF6C3E54E: changes role from CANDIDATE to LEADER at term 1 for changeToLeader
2019-09-19 09:36:46,983 [32051bbf-3767-4bb0-989a-93ed6f586f11@group-4D1EF6C3E54E:LeaderElection1] INFO  impl.RaftServerImpl (ServerState.java:setLeader(253)) - 32051bbf-3767-4bb0-989a-93ed6f586f11@group-4D1EF6C3E54E: change Leader from null to 32051bbf-3767-4bb0-989a-93ed6f586f11 at term 1 for becomeLeader, leader elected after 5251ms
2019-09-19 09:36:46,990 [32051bbf-3767-4bb0-989a-93ed6f586f11@group-4D1EF6C3E54E:LeaderElection1] INFO  server.RaftServerConfigKeys (ConfUtils.java:logGet(43)) - raft.server.staging.catchup.gap = 1000 (default)
2019-09-19 09:36:46,990 [32051bbf-3767-4bb0-989a-93ed6f586f11@group-4D1EF6C3E54E:LeaderElection1] INFO  server.RaftServerConfigKeys (ConfUtils.java:logGet(43)) - raft.server.rpc.sleep.time = 25ms (default)
2019-09-19 09:36:46,993 [32051bbf-3767-4bb0-989a-93ed6f586f11@group-4D1EF6C3E54E:LeaderElection1] INFO  server.RaftServerConfigKeys (ConfUtils.java:logGet(43)) - raft.server.write.element-limit = 4096 (default)
2019-09-19 09:36:46,996 [32051bbf-3767-4bb0-989a-93ed6f586f11@group-4D1EF6C3E54E:LeaderElection1] INFO  server.RaftServerConfigKeys (ConfUtils.java:logGet(43)) - raft.server.watch.timeout = 10s (default)
2019-09-19 09:36:46,996 [32051bbf-3767-4bb0-989a-93ed6f586f11@group-4D1EF6C3E54E:LeaderElection1] INFO  server.RaftServerConfigKeys (ConfUtils.java:logGet(43)) - raft.server.watch.timeout.denomination = 1s (default)
2019-09-19 09:36:46,997 [32051bbf-3767-4bb0-989a-93ed6f586f11@group-4D1EF6C3E54E:LeaderElection1] INFO  server.RaftServerConfigKeys (ConfUtils.java:logGet(43)) - raft.server.watch.element-limit = 65536 (default)
2019-09-19 09:36:47,010 [32051bbf-3767-4bb0-989a-93ed6f586f11@group-4D1EF6C3E54E:LeaderElection1] INFO  impl.RoleInfo (RoleInfo.java:updateAndGet(143)) - 32051bbf-3767-4bb0-989a-93ed6f586f11: start LeaderState
2019-09-19 09:36:47,034 [32051bbf-3767-4bb0-989a-93ed6f586f11@group-4D1EF6C3E54E:LeaderElection1] INFO  segmented.SegmentedRaftLogWorker (SegmentedRaftLogWorker.java:startLogSegment(380)) - 32051bbf-3767-4bb0-989a-93ed6f586f11@group-4D1EF6C3E54E-SegmentedRaftLogWorker: Starting segment from index:0
2019-09-19 09:36:47,046 [32051bbf-3767-4bb0-989a-93ed6f586f11@group-4D1EF6C3E54E:LeaderElection1] INFO  impl.RaftServerImpl (ServerState.java:setRaftConf(354)) - 32051bbf-3767-4bb0-989a-93ed6f586f11@group-4D1EF6C3E54E: set configuration 0: [32051bbf-3767-4bb0-989a-93ed6f586f11:192.168.157.214:36828], old=null at 0
2019-09-19 09:36:47,087 [Thread-198] INFO  impl.FollowerState (FollowerState.java:run(106)) - f2f0d6de-755f-429e-94f7-8c9aba6d2b9e:group-332F2E111336 changes to CANDIDATE, lastRpcTime:5057, electionTimeout:5056ms
2019-09-19 09:36:47,093 [Thread-198] INFO  impl.RoleInfo (RoleInfo.java:shutdownFollowerState(121)) - f2f0d6de-755f-429e-94f7-8c9aba6d2b9e: shutdown FollowerState
2019-09-19 09:36:47,093 [Thread-198] INFO  impl.RaftServerImpl (RaftServerImpl.java:setRole(174)) - f2f0d6de-755f-429e-94f7-8c9aba6d2b9e@group-332F2E111336: changes role from  FOLLOWER to CANDIDATE at term 0 for changeToCandidate
2019-09-19 09:36:47,094 [Thread-198] INFO  impl.RoleInfo (RoleInfo.java:updateAndGet(143)) - f2f0d6de-755f-429e-94f7-8c9aba6d2b9e: start LeaderElection
2019-09-19 09:36:47,109 [f2f0d6de-755f-429e-94f7-8c9aba6d2b9e@group-332F2E111336:LeaderElection2] INFO  impl.LeaderElection (LeaderElection.java:askForVotes(182)) - f2f0d6de-755f-429e-94f7-8c9aba6d2b9e@group-332F2E111336:LeaderElection2: begin an election at term 1 for -1: [f2f0d6de-755f-429e-94f7-8c9aba6d2b9e:192.168.157.214:35943], old=null
2019-09-19 09:36:47,109 [f2f0d6de-755f-429e-94f7-8c9aba6d2b9e@group-332F2E111336:LeaderElection2] INFO  impl.RoleInfo (RoleInfo.java:shutdownLeaderElection(134)) - f2f0d6de-755f-429e-94f7-8c9aba6d2b9e: shutdown LeaderElection
2019-09-19 09:36:47,110 [f2f0d6de-755f-429e-94f7-8c9aba6d2b9e@group-332F2E111336:LeaderElection2] INFO  impl.RaftServerImpl (RaftServerImpl.java:setRole(174)) - f2f0d6de-755f-429e-94f7-8c9aba6d2b9e@group-332F2E111336: changes role from CANDIDATE to LEADER at term 1 for changeToLeader
2019-09-19 09:36:47,110 [f2f0d6de-755f-429e-94f7-8c9aba6d2b9e@group-332F2E111336:LeaderElection2] INFO  impl.RaftServerImpl (ServerState.java:setLeader(253)) - f2f0d6de-755f-429e-94f7-8c9aba6d2b9e@group-332F2E111336: change Leader from null to f2f0d6de-755f-429e-94f7-8c9aba6d2b9e at term 1 for becomeLeader, leader elected after 5096ms
2019-09-19 09:36:47,110 [f2f0d6de-755f-429e-94f7-8c9aba6d2b9e@group-332F2E111336:LeaderElection2] INFO  server.RaftServerConfigKeys (ConfUtils.java:logGet(43)) - raft.server.staging.catchup.gap = 1000 (default)
2019-09-19 09:36:47,110 [f2f0d6de-755f-429e-94f7-8c9aba6d2b9e@group-332F2E111336:LeaderElection2] INFO  server.RaftServerConfigKeys (ConfUtils.java:logGet(43)) - raft.server.rpc.sleep.time = 25ms (default)
2019-09-19 09:36:47,110 [f2f0d6de-755f-429e-94f7-8c9aba6d2b9e@group-332F2E111336:LeaderElection2] INFO  server.RaftServerConfigKeys (ConfUtils.java:logGet(43)) - raft.server.write.element-limit = 4096 (default)
2019-09-19 09:36:47,110 [f2f0d6de-755f-429e-94f7-8c9aba6d2b9e@group-332F2E111336:LeaderElection2] INFO  server.RaftServerConfigKeys (ConfUtils.java:logGet(43)) - raft.server.watch.timeout = 10s (default)
2019-09-19 09:36:47,110 [f2f0d6de-755f-429e-94f7-8c9aba6d2b9e@group-332F2E111336:LeaderElection2] INFO  server.RaftServerConfigKeys (ConfUtils.java:logGet(43)) - raft.server.watch.timeout.denomination = 1s (default)
2019-09-19 09:36:47,110 [f2f0d6de-755f-429e-94f7-8c9aba6d2b9e@group-332F2E111336:LeaderElection2] INFO  server.RaftServerConfigKeys (ConfUtils.java:logGet(43)) - raft.server.watch.element-limit = 65536 (default)
2019-09-19 09:36:47,112 [f2f0d6de-755f-429e-94f7-8c9aba6d2b9e@group-332F2E111336:LeaderElection2] INFO  impl.RoleInfo (RoleInfo.java:updateAndGet(143)) - f2f0d6de-755f-429e-94f7-8c9aba6d2b9e: start LeaderState
2019-09-19 09:36:47,112 [f2f0d6de-755f-429e-94f7-8c9aba6d2b9e@group-332F2E111336:LeaderElection2] INFO  segmented.SegmentedRaftLogWorker (SegmentedRaftLogWorker.java:startLogSegment(380)) - f2f0d6de-755f-429e-94f7-8c9aba6d2b9e@group-332F2E111336-SegmentedRaftLogWorker: Starting segment from index:0
2019-09-19 09:36:47,113 [f2f0d6de-755f-429e-94f7-8c9aba6d2b9e@group-332F2E111336:LeaderElection2] INFO  impl.RaftServerImpl (ServerState.java:setRaftConf(354)) - f2f0d6de-755f-429e-94f7-8c9aba6d2b9e@group-332F2E111336: set configuration 0: [f2f0d6de-755f-429e-94f7-8c9aba6d2b9e:192.168.157.214:35943], old=null at 0
2019-09-19 09:36:47,222 [Thread-201] INFO  impl.FollowerState (FollowerState.java:run(106)) - b769f2d5-81f7-4208-a2ae-35a826bc5222:group-0047A8F3D1BE changes to CANDIDATE, lastRpcTime:5063, electionTimeout:5063ms
2019-09-19 09:36:47,226 [Thread-201] INFO  impl.RoleInfo (RoleInfo.java:shutdownFollowerState(121)) - b769f2d5-81f7-4208-a2ae-35a826bc5222: shutdown FollowerState
2019-09-19 09:36:47,226 [Thread-201] INFO  impl.RaftServerImpl (RaftServerImpl.java:setRole(174)) - b769f2d5-81f7-4208-a2ae-35a826bc5222@group-0047A8F3D1BE: changes role from  FOLLOWER to CANDIDATE at term 0 for changeToCandidate
2019-09-19 09:36:47,226 [Thread-201] INFO  impl.RoleInfo (RoleInfo.java:updateAndGet(143)) - b769f2d5-81f7-4208-a2ae-35a826bc5222: start LeaderElection
2019-09-19 09:36:47,239 [32051bbf-3767-4bb0-989a-93ed6f586f11@group-4D1EF6C3E54E-SegmentedRaftLogWorker] INFO  segmented.SegmentedRaftLogWorker (SegmentedRaftLogWorker.java:execute(569)) - 32051bbf-3767-4bb0-989a-93ed6f586f11@group-4D1EF6C3E54E-SegmentedRaftLogWorker: created new log segment /workdir/hadoop-ozone/integration-test/target/test-dir/MiniOzoneClusterImpl-45dce96e-52c4-4ef1-8e9d-b5da6780f9d8/datanode-0/data/ratis/9a51c112-e503-405b-90b7-4d1ef6c3e54e/current/log_inprogress_0
2019-09-19 09:36:47,239 [b769f2d5-81f7-4208-a2ae-35a826bc5222@group-0047A8F3D1BE:LeaderElection3] INFO  impl.LeaderElection (LeaderElection.java:askForVotes(182)) - b769f2d5-81f7-4208-a2ae-35a826bc5222@group-0047A8F3D1BE:LeaderElection3: begin an election at term 1 for -1: [b769f2d5-81f7-4208-a2ae-35a826bc5222:192.168.157.214:42901], old=null
2019-09-19 09:36:47,239 [f2f0d6de-755f-429e-94f7-8c9aba6d2b9e@group-332F2E111336-SegmentedRaftLogWorker] INFO  segmented.SegmentedRaftLogWorker (SegmentedRaftLogWorker.java:execute(569)) - f2f0d6de-755f-429e-94f7-8c9aba6d2b9e@group-332F2E111336-SegmentedRaftLogWorker: created new log segment /workdir/hadoop-ozone/integration-test/target/test-dir/MiniOzoneClusterImpl-45dce96e-52c4-4ef1-8e9d-b5da6780f9d8/datanode-2/data/ratis/4d345d35-c84c-440b-8085-332f2e111336/current/log_inprogress_0
2019-09-19 09:36:47,241 [b769f2d5-81f7-4208-a2ae-35a826bc5222@group-0047A8F3D1BE:LeaderElection3] INFO  impl.RoleInfo (RoleInfo.java:shutdownLeaderElection(134)) - b769f2d5-81f7-4208-a2ae-35a826bc5222: shutdown LeaderElection
2019-09-19 09:36:47,241 [b769f2d5-81f7-4208-a2ae-35a826bc5222@group-0047A8F3D1BE:LeaderElection3] INFO  impl.RaftServerImpl (RaftServerImpl.java:setRole(174)) - b769f2d5-81f7-4208-a2ae-35a826bc5222@group-0047A8F3D1BE: changes role from CANDIDATE to LEADER at term 1 for changeToLeader
2019-09-19 09:36:47,241 [b769f2d5-81f7-4208-a2ae-35a826bc5222@group-0047A8F3D1BE:LeaderElection3] INFO  impl.RaftServerImpl (ServerState.java:setLeader(253)) - b769f2d5-81f7-4208-a2ae-35a826bc5222@group-0047A8F3D1BE: change Leader from null to b769f2d5-81f7-4208-a2ae-35a826bc5222 at term 1 for becomeLeader, leader elected after 5119ms
2019-09-19 09:36:47,242 [b769f2d5-81f7-4208-a2ae-35a826bc5222@group-0047A8F3D1BE:LeaderElection3] INFO  server.RaftServerConfigKeys (ConfUtils.java:logGet(43)) - raft.server.staging.catchup.gap = 1000 (default)
2019-09-19 09:36:47,242 [b769f2d5-81f7-4208-a2ae-35a826bc5222@group-0047A8F3D1BE:LeaderElection3] INFO  server.RaftServerConfigKeys (ConfUtils.java:logGet(43)) - raft.server.rpc.sleep.time = 25ms (default)
2019-09-19 09:36:47,242 [b769f2d5-81f7-4208-a2ae-35a826bc5222@group-0047A8F3D1BE:LeaderElection3] INFO  server.RaftServerConfigKeys (ConfUtils.java:logGet(43)) - raft.server.write.element-limit = 4096 (default)
2019-09-19 09:36:47,242 [b769f2d5-81f7-4208-a2ae-35a826bc5222@group-0047A8F3D1BE:LeaderElection3] INFO  server.RaftServerConfigKeys (ConfUtils.java:logGet(43)) - raft.server.watch.timeout = 10s (default)
2019-09-19 09:36:47,243 [b769f2d5-81f7-4208-a2ae-35a826bc5222@group-0047A8F3D1BE:LeaderElection3] INFO  server.RaftServerConfigKeys (ConfUtils.java:logGet(43)) - raft.server.watch.timeout.denomination = 1s (default)
2019-09-19 09:36:47,243 [b769f2d5-81f7-4208-a2ae-35a826bc5222@group-0047A8F3D1BE:LeaderElection3] INFO  server.RaftServerConfigKeys (ConfUtils.java:logGet(43)) - raft.server.watch.element-limit = 65536 (default)
2019-09-19 09:36:47,246 [b769f2d5-81f7-4208-a2ae-35a826bc5222@group-0047A8F3D1BE:LeaderElection3] INFO  impl.RoleInfo (RoleInfo.java:updateAndGet(143)) - b769f2d5-81f7-4208-a2ae-35a826bc5222: start LeaderState
2019-09-19 09:36:47,246 [b769f2d5-81f7-4208-a2ae-35a826bc5222@group-0047A8F3D1BE:LeaderElection3] INFO  segmented.SegmentedRaftLogWorker (SegmentedRaftLogWorker.java:startLogSegment(380)) - b769f2d5-81f7-4208-a2ae-35a826bc5222@group-0047A8F3D1BE-SegmentedRaftLogWorker: Starting segment from index:0
2019-09-19 09:36:47,246 [b769f2d5-81f7-4208-a2ae-35a826bc5222@group-0047A8F3D1BE:LeaderElection3] INFO  impl.RaftServerImpl (ServerState.java:setRaftConf(354)) - b769f2d5-81f7-4208-a2ae-35a826bc5222@group-0047A8F3D1BE: set configuration 0: [b769f2d5-81f7-4208-a2ae-35a826bc5222:192.168.157.214:42901], old=null at 0
2019-09-19 09:36:47,295 [b769f2d5-81f7-4208-a2ae-35a826bc5222@group-0047A8F3D1BE-SegmentedRaftLogWorker] INFO  segmented.SegmentedRaftLogWorker (SegmentedRaftLogWorker.java:execute(569)) - b769f2d5-81f7-4208-a2ae-35a826bc5222@group-0047A8F3D1BE-SegmentedRaftLogWorker: created new log segment /workdir/hadoop-ozone/integration-test/target/test-dir/MiniOzoneClusterImpl-45dce96e-52c4-4ef1-8e9d-b5da6780f9d8/datanode-3/data/ratis/09e68b32-fbf1-4298-9cf9-0047a8f3d1be/current/log_inprogress_0
2019-09-19 09:36:47,358 [Thread-210] INFO  impl.FollowerState (FollowerState.java:run(106)) - f2f0d6de-755f-429e-94f7-8c9aba6d2b9e:group-66AD49956D14 changes to CANDIDATE, lastRpcTime:5021, electionTimeout:5021ms
2019-09-19 09:36:47,358 [Thread-210] INFO  impl.RoleInfo (RoleInfo.java:shutdownFollowerState(121)) - f2f0d6de-755f-429e-94f7-8c9aba6d2b9e: shutdown FollowerState
2019-09-19 09:36:47,358 [Thread-210] INFO  impl.RaftServerImpl (RaftServerImpl.java:setRole(174)) - f2f0d6de-755f-429e-94f7-8c9aba6d2b9e@group-66AD49956D14: changes role from  FOLLOWER to CANDIDATE at term 0 for changeToCandidate
2019-09-19 09:36:47,358 [Thread-210] INFO  impl.RoleInfo (RoleInfo.java:updateAndGet(143)) - f2f0d6de-755f-429e-94f7-8c9aba6d2b9e: start LeaderElection
2019-09-19 09:36:47,385 [f2f0d6de-755f-429e-94f7-8c9aba6d2b9e@group-66AD49956D14:LeaderElection4] INFO  impl.LeaderElection (LeaderElection.java:askForVotes(182)) - f2f0d6de-755f-429e-94f7-8c9aba6d2b9e@group-66AD49956D14:LeaderElection4: begin an election at term 1 for -1: [f2f0d6de-755f-429e-94f7-8c9aba6d2b9e:192.168.157.214:35943, 32051bbf-3767-4bb0-989a-93ed6f586f11:192.168.157.214:36828, b769f2d5-81f7-4208-a2ae-35a826bc5222:192.168.157.214:42901], old=null
2019-09-19 09:36:47,386 [Thread-204] INFO  impl.FollowerState (FollowerState.java:run(106)) - 451f4ed5-c660-4484-8ce4-c9759984cc56:group-1756E43695B0 changes to CANDIDATE, lastRpcTime:5147, electionTimeout:5147ms
2019-09-19 09:36:47,386 [Thread-204] INFO  impl.RoleInfo (RoleInfo.java:shutdownFollowerState(121)) - 451f4ed5-c660-4484-8ce4-c9759984cc56: shutdown FollowerState
2019-09-19 09:36:47,386 [Thread-204] INFO  impl.RaftServerImpl (RaftServerImpl.java:setRole(174)) - 451f4ed5-c660-4484-8ce4-c9759984cc56@group-1756E43695B0: changes role from  FOLLOWER to CANDIDATE at term 0 for changeToCandidate
2019-09-19 09:36:47,387 [Thread-204] INFO  impl.RoleInfo (RoleInfo.java:updateAndGet(143)) - 451f4ed5-c660-4484-8ce4-c9759984cc56: start LeaderElection
2019-09-19 09:36:47,404 [451f4ed5-c660-4484-8ce4-c9759984cc56@group-1756E43695B0:LeaderElection5] INFO  impl.LeaderElection (LeaderElection.java:askForVotes(182)) - 451f4ed5-c660-4484-8ce4-c9759984cc56@group-1756E43695B0:LeaderElection5: begin an election at term 1 for -1: [451f4ed5-c660-4484-8ce4-c9759984cc56:192.168.157.214:40842], old=null
2019-09-19 09:36:47,405 [451f4ed5-c660-4484-8ce4-c9759984cc56@group-1756E43695B0:LeaderElection5] INFO  impl.RoleInfo (RoleInfo.java:shutdownLeaderElection(134)) - 451f4ed5-c660-4484-8ce4-c9759984cc56: shutdown LeaderElection
2019-09-19 09:36:47,405 [451f4ed5-c660-4484-8ce4-c9759984cc56@group-1756E43695B0:LeaderElection5] INFO  impl.RaftServerImpl (RaftServerImpl.java:setRole(174)) - 451f4ed5-c660-4484-8ce4-c9759984cc56@group-1756E43695B0: changes role from CANDIDATE to LEADER at term 1 for changeToLeader
2019-09-19 09:36:47,405 [451f4ed5-c660-4484-8ce4-c9759984cc56@group-1756E43695B0:LeaderElection5] INFO  impl.RaftServerImpl (ServerState.java:setLeader(253)) - 451f4ed5-c660-4484-8ce4-c9759984cc56@group-1756E43695B0: change Leader from null to 451f4ed5-c660-4484-8ce4-c9759984cc56 at term 1 for becomeLeader, leader elected after 5179ms
2019-09-19 09:36:47,407 [451f4ed5-c660-4484-8ce4-c9759984cc56@group-1756E43695B0:LeaderElection5] INFO  server.RaftServerConfigKeys (ConfUtils.java:logGet(43)) - raft.server.staging.catchup.gap = 1000 (default)
2019-09-19 09:36:47,407 [451f4ed5-c660-4484-8ce4-c9759984cc56@group-1756E43695B0:LeaderElection5] INFO  server.RaftServerConfigKeys (ConfUtils.java:logGet(43)) - raft.server.rpc.sleep.time = 25ms (default)
2019-09-19 09:36:47,407 [451f4ed5-c660-4484-8ce4-c9759984cc56@group-1756E43695B0:LeaderElection5] INFO  server.RaftServerConfigKeys (ConfUtils.java:logGet(43)) - raft.server.write.element-limit = 4096 (default)
2019-09-19 09:36:47,407 [451f4ed5-c660-4484-8ce4-c9759984cc56@group-1756E43695B0:LeaderElection5] INFO  server.RaftServerConfigKeys (ConfUtils.java:logGet(43)) - raft.server.watch.timeout = 10s (default)
2019-09-19 09:36:47,407 [451f4ed5-c660-4484-8ce4-c9759984cc56@group-1756E43695B0:LeaderElection5] INFO  server.RaftServerConfigKeys (ConfUtils.java:logGet(43)) - raft.server.watch.timeout.denomination = 1s (default)
2019-09-19 09:36:47,407 [451f4ed5-c660-4484-8ce4-c9759984cc56@group-1756E43695B0:LeaderElection5] INFO  server.RaftServerConfigKeys (ConfUtils.java:logGet(43)) - raft.server.watch.element-limit = 65536 (default)
2019-09-19 09:36:47,412 [451f4ed5-c660-4484-8ce4-c9759984cc56@group-1756E43695B0:LeaderElection5] INFO  impl.RoleInfo (RoleInfo.java:updateAndGet(143)) - 451f4ed5-c660-4484-8ce4-c9759984cc56: start LeaderState
2019-09-19 09:36:47,414 [451f4ed5-c660-4484-8ce4-c9759984cc56@group-1756E43695B0:LeaderElection5] INFO  segmented.SegmentedRaftLogWorker (SegmentedRaftLogWorker.java:startLogSegment(380)) - 451f4ed5-c660-4484-8ce4-c9759984cc56@group-1756E43695B0-SegmentedRaftLogWorker: Starting segment from index:0
2019-09-19 09:36:47,414 [451f4ed5-c660-4484-8ce4-c9759984cc56@group-1756E43695B0:LeaderElection5] INFO  impl.RaftServerImpl (ServerState.java:setRaftConf(354)) - 451f4ed5-c660-4484-8ce4-c9759984cc56@group-1756E43695B0: set configuration 0: [451f4ed5-c660-4484-8ce4-c9759984cc56:192.168.157.214:40842], old=null at 0
2019-09-19 09:36:47,444 [grpc-default-executor-2] INFO  impl.RaftServerImpl (RaftServerImpl.java:setRole(174)) - b769f2d5-81f7-4208-a2ae-35a826bc5222@group-66AD49956D14: changes role from  FOLLOWER to FOLLOWER at term 1 for recognizeCandidate:f2f0d6de-755f-429e-94f7-8c9aba6d2b9e
2019-09-19 09:36:47,444 [grpc-default-executor-1] INFO  impl.RaftServerImpl (RaftServerImpl.java:setRole(174)) - 32051bbf-3767-4bb0-989a-93ed6f586f11@group-66AD49956D14: changes role from  FOLLOWER to FOLLOWER at term 1 for recognizeCandidate:f2f0d6de-755f-429e-94f7-8c9aba6d2b9e
2019-09-19 09:36:47,444 [grpc-default-executor-2] INFO  impl.RoleInfo (RoleInfo.java:shutdownFollowerState(121)) - b769f2d5-81f7-4208-a2ae-35a826bc5222: shutdown FollowerState
2019-09-19 09:36:47,444 [grpc-default-executor-1] INFO  impl.RoleInfo (RoleInfo.java:shutdownFollowerState(121)) - 32051bbf-3767-4bb0-989a-93ed6f586f11: shutdown FollowerState
2019-09-19 09:36:47,445 [grpc-default-executor-2] INFO  impl.RoleInfo (RoleInfo.java:updateAndGet(143)) - b769f2d5-81f7-4208-a2ae-35a826bc5222: start FollowerState
2019-09-19 09:36:47,445 [Thread-212] INFO  impl.FollowerState (FollowerState.java:run(115)) - 32051bbf-3767-4bb0-989a-93ed6f586f11: FollowerState was interrupted: java.lang.InterruptedException: sleep interrupted
2019-09-19 09:36:47,445 [grpc-default-executor-1] INFO  impl.RoleInfo (RoleInfo.java:updateAndGet(143)) - 32051bbf-3767-4bb0-989a-93ed6f586f11: start FollowerState
2019-09-19 09:36:47,445 [Thread-213] INFO  impl.FollowerState (FollowerState.java:run(115)) - b769f2d5-81f7-4208-a2ae-35a826bc5222: FollowerState was interrupted: java.lang.InterruptedException: sleep interrupted
2019-09-19 09:36:47,455 [451f4ed5-c660-4484-8ce4-c9759984cc56@group-1756E43695B0-SegmentedRaftLogWorker] INFO  segmented.SegmentedRaftLogWorker (SegmentedRaftLogWorker.java:execute(569)) - 451f4ed5-c660-4484-8ce4-c9759984cc56@group-1756E43695B0-SegmentedRaftLogWorker: created new log segment /workdir/hadoop-ozone/integration-test/target/test-dir/MiniOzoneClusterImpl-45dce96e-52c4-4ef1-8e9d-b5da6780f9d8/datanode-1/data/ratis/bfe14d16-3c34-4b2f-9b75-1756e43695b0/current/log_inprogress_0
2019-09-19 09:36:47,467 [f2f0d6de-755f-429e-94f7-8c9aba6d2b9e@group-66AD49956D14:LeaderElection4] INFO  impl.LeaderElection (LeaderElection.java:logAndReturn(56)) - f2f0d6de-755f-429e-94f7-8c9aba6d2b9e@group-66AD49956D14:LeaderElection4: Election PASSED; received 1 response(s) [f2f0d6de-755f-429e-94f7-8c9aba6d2b9e<-32051bbf-3767-4bb0-989a-93ed6f586f11#0:OK-t1] and 0 exception(s); f2f0d6de-755f-429e-94f7-8c9aba6d2b9e@group-66AD49956D14:t1, leader=null, voted=f2f0d6de-755f-429e-94f7-8c9aba6d2b9e, raftlog=f2f0d6de-755f-429e-94f7-8c9aba6d2b9e@group-66AD49956D14-SegmentedRaftLog:OPENED:c-1,f-1,i0, conf=-1: [f2f0d6de-755f-429e-94f7-8c9aba6d2b9e:192.168.157.214:35943, 32051bbf-3767-4bb0-989a-93ed6f586f11:192.168.157.214:36828, b769f2d5-81f7-4208-a2ae-35a826bc5222:192.168.157.214:42901], old=null
2019-09-19 09:36:47,467 [f2f0d6de-755f-429e-94f7-8c9aba6d2b9e@group-66AD49956D14:LeaderElection4] INFO  impl.RoleInfo (RoleInfo.java:shutdownLeaderElection(134)) - f2f0d6de-755f-429e-94f7-8c9aba6d2b9e: shutdown LeaderElection
2019-09-19 09:36:47,467 [f2f0d6de-755f-429e-94f7-8c9aba6d2b9e@group-66AD49956D14:LeaderElection4] INFO  impl.RaftServerImpl (RaftServerImpl.java:setRole(174)) - f2f0d6de-755f-429e-94f7-8c9aba6d2b9e@group-66AD49956D14: changes role from CANDIDATE to LEADER at term 1 for changeToLeader
2019-09-19 09:36:47,468 [f2f0d6de-755f-429e-94f7-8c9aba6d2b9e@group-66AD49956D14:LeaderElection4] INFO  impl.RaftServerImpl (ServerState.java:setLeader(253)) - f2f0d6de-755f-429e-94f7-8c9aba6d2b9e@group-66AD49956D14: change Leader from null to f2f0d6de-755f-429e-94f7-8c9aba6d2b9e at term 1 for becomeLeader, leader elected after 5142ms
2019-09-19 09:36:47,469 [f2f0d6de-755f-429e-94f7-8c9aba6d2b9e@group-66AD49956D14:LeaderElection4] INFO  server.RaftServerConfigKeys (ConfUtils.java:logGet(43)) - raft.server.staging.catchup.gap = 1000 (default)
2019-09-19 09:36:47,469 [f2f0d6de-755f-429e-94f7-8c9aba6d2b9e@group-66AD49956D14:LeaderElection4] INFO  server.RaftServerConfigKeys (ConfUtils.java:logGet(43)) - raft.server.rpc.sleep.time = 25ms (default)
2019-09-19 09:36:47,470 [f2f0d6de-755f-429e-94f7-8c9aba6d2b9e@group-66AD49956D14:LeaderElection4] INFO  server.RaftServerConfigKeys (ConfUtils.java:logGet(43)) - raft.server.write.element-limit = 4096 (default)
2019-09-19 09:36:47,470 [f2f0d6de-755f-429e-94f7-8c9aba6d2b9e@group-66AD49956D14:LeaderElection4] INFO  server.RaftServerConfigKeys (ConfUtils.java:logGet(43)) - raft.server.watch.timeout = 10s (default)
2019-09-19 09:36:47,470 [f2f0d6de-755f-429e-94f7-8c9aba6d2b9e@group-66AD49956D14:LeaderElection4] INFO  server.RaftServerConfigKeys (ConfUtils.java:logGet(43)) - raft.server.watch.timeout.denomination = 1s (default)
2019-09-19 09:36:47,470 [f2f0d6de-755f-429e-94f7-8c9aba6d2b9e@group-66AD49956D14:LeaderElection4] INFO  server.RaftServerConfigKeys (ConfUtils.java:logGet(43)) - raft.server.watch.element-limit = 65536 (default)
2019-09-19 09:36:47,476 [f2f0d6de-755f-429e-94f7-8c9aba6d2b9e@group-66AD49956D14:LeaderElection4] INFO  server.RaftServerConfigKeys (ConfUtils.java:logGet(43)) - raft.server.log.appender.snapshot.chunk.size.max = 16MB (=16777216) (default)
2019-09-19 09:36:47,476 [f2f0d6de-755f-429e-94f7-8c9aba6d2b9e@group-66AD49956D14:LeaderElection4] INFO  server.RaftServerConfigKeys (ConfUtils.java:logGet(43)) - raft.server.log.appender.buffer.byte-limit = 33554432 (custom)
2019-09-19 09:36:47,477 [f2f0d6de-755f-429e-94f7-8c9aba6d2b9e@group-66AD49956D14:LeaderElection4] INFO  server.RaftServerConfigKeys (ConfUtils.java:logGet(43)) - raft.server.log.appender.buffer.element-limit = 1 (custom)
2019-09-19 09:36:47,481 [f2f0d6de-755f-429e-94f7-8c9aba6d2b9e@group-66AD49956D14:LeaderElection4] INFO  grpc.GrpcConfigKeys$Server (ConfUtils.java:logGet(43)) - raft.grpc.server.leader.outstanding.appends.max = 128 (default)
2019-09-19 09:36:47,481 [f2f0d6de-755f-429e-94f7-8c9aba6d2b9e@group-66AD49956D14:LeaderElection4] INFO  server.RaftServerConfigKeys (ConfUtils.java:logGet(43)) - raft.server.rpc.request.timeout = 3000ms (default)
2019-09-19 09:36:47,482 [f2f0d6de-755f-429e-94f7-8c9aba6d2b9e@group-66AD49956D14:LeaderElection4] INFO  server.RaftServerConfigKeys (ConfUtils.java:logGet(43)) - raft.server.log.appender.install.snapshot.enabled = false (custom)
2019-09-19 09:36:47,484 [f2f0d6de-755f-429e-94f7-8c9aba6d2b9e@group-66AD49956D14:LeaderElection4] INFO  server.RaftServerConfigKeys (ConfUtils.java:logGet(43)) - raft.server.log.appender.snapshot.chunk.size.max = 16MB (=16777216) (default)
2019-09-19 09:36:47,484 [f2f0d6de-755f-429e-94f7-8c9aba6d2b9e@group-66AD49956D14:LeaderElection4] INFO  server.RaftServerConfigKeys (ConfUtils.java:logGet(43)) - raft.server.log.appender.buffer.byte-limit = 33554432 (custom)
2019-09-19 09:36:47,484 [f2f0d6de-755f-429e-94f7-8c9aba6d2b9e@group-66AD49956D14:LeaderElection4] INFO  server.RaftServerConfigKeys (ConfUtils.java:logGet(43)) - raft.server.log.appender.buffer.element-limit = 1 (custom)
2019-09-19 09:36:47,484 [f2f0d6de-755f-429e-94f7-8c9aba6d2b9e@group-66AD49956D14:LeaderElection4] INFO  grpc.GrpcConfigKeys$Server (ConfUtils.java:logGet(43)) - raft.grpc.server.leader.outstanding.appends.max = 128 (default)
2019-09-19 09:36:47,485 [f2f0d6de-755f-429e-94f7-8c9aba6d2b9e@group-66AD49956D14:LeaderElection4] INFO  server.RaftServerConfigKeys (ConfUtils.java:logGet(43)) - raft.server.rpc.request.timeout = 3000ms (default)
2019-09-19 09:36:47,485 [f2f0d6de-755f-429e-94f7-8c9aba6d2b9e@group-66AD49956D14:LeaderElection4] INFO  server.RaftServerConfigKeys (ConfUtils.java:logGet(43)) - raft.server.log.appender.install.snapshot.enabled = false (custom)
2019-09-19 09:36:47,486 [f2f0d6de-755f-429e-94f7-8c9aba6d2b9e@group-66AD49956D14:LeaderElection4] INFO  impl.RoleInfo (RoleInfo.java:updateAndGet(143)) - f2f0d6de-755f-429e-94f7-8c9aba6d2b9e: start LeaderState
2019-09-19 09:36:47,487 [f2f0d6de-755f-429e-94f7-8c9aba6d2b9e@group-66AD49956D14:LeaderElection4] INFO  segmented.SegmentedRaftLogWorker (SegmentedRaftLogWorker.java:startLogSegment(380)) - f2f0d6de-755f-429e-94f7-8c9aba6d2b9e@group-66AD49956D14-SegmentedRaftLogWorker: Starting segment from index:0
2019-09-19 09:36:47,488 [f2f0d6de-755f-429e-94f7-8c9aba6d2b9e@group-66AD49956D14:LeaderElection4] INFO  impl.RaftServerImpl (ServerState.java:setRaftConf(354)) - f2f0d6de-755f-429e-94f7-8c9aba6d2b9e@group-66AD49956D14: set configuration 0: [f2f0d6de-755f-429e-94f7-8c9aba6d2b9e:192.168.157.214:35943, 32051bbf-3767-4bb0-989a-93ed6f586f11:192.168.157.214:36828, b769f2d5-81f7-4208-a2ae-35a826bc5222:192.168.157.214:42901], old=null at 0
2019-09-19 09:36:47,530 [f2f0d6de-755f-429e-94f7-8c9aba6d2b9e@group-66AD49956D14-SegmentedRaftLogWorker] INFO  segmented.SegmentedRaftLogWorker (SegmentedRaftLogWorker.java:execute(569)) - f2f0d6de-755f-429e-94f7-8c9aba6d2b9e@group-66AD49956D14-SegmentedRaftLogWorker: created new log segment /workdir/hadoop-ozone/integration-test/target/test-dir/MiniOzoneClusterImpl-45dce96e-52c4-4ef1-8e9d-b5da6780f9d8/datanode-2/data/ratis/b1cabc74-5763-45f9-9258-66ad49956d14/current/log_inprogress_0
2019-09-19 09:36:47,540 [grpc-default-executor-1] INFO  impl.RaftServerImpl (ServerState.java:setLeader(253)) - 32051bbf-3767-4bb0-989a-93ed6f586f11@group-66AD49956D14: change Leader from null to f2f0d6de-755f-429e-94f7-8c9aba6d2b9e at term 1 for appendEntries, leader elected after 5215ms
2019-09-19 09:36:47,540 [grpc-default-executor-2] INFO  impl.RaftServerImpl (ServerState.java:setLeader(253)) - b769f2d5-81f7-4208-a2ae-35a826bc5222@group-66AD49956D14: change Leader from null to f2f0d6de-755f-429e-94f7-8c9aba6d2b9e at term 1 for appendEntries, leader elected after 5214ms
2019-09-19 09:36:47,572 [grpc-default-executor-2] INFO  impl.RaftServerImpl (ServerState.java:setRaftConf(354)) - 32051bbf-3767-4bb0-989a-93ed6f586f11@group-66AD49956D14: set configuration 0: [f2f0d6de-755f-429e-94f7-8c9aba6d2b9e:192.168.157.214:35943, 32051bbf-3767-4bb0-989a-93ed6f586f11:192.168.157.214:36828, b769f2d5-81f7-4208-a2ae-35a826bc5222:192.168.157.214:42901], old=null at 0
2019-09-19 09:36:47,572 [grpc-default-executor-1] INFO  impl.RaftServerImpl (ServerState.java:setRaftConf(354)) - b769f2d5-81f7-4208-a2ae-35a826bc5222@group-66AD49956D14: set configuration 0: [f2f0d6de-755f-429e-94f7-8c9aba6d2b9e:192.168.157.214:35943, 32051bbf-3767-4bb0-989a-93ed6f586f11:192.168.157.214:36828, b769f2d5-81f7-4208-a2ae-35a826bc5222:192.168.157.214:42901], old=null at 0
2019-09-19 09:36:47,572 [grpc-default-executor-2] INFO  segmented.SegmentedRaftLogWorker (SegmentedRaftLogWorker.java:startLogSegment(380)) - 32051bbf-3767-4bb0-989a-93ed6f586f11@group-66AD49956D14-SegmentedRaftLogWorker: Starting segment from index:0
2019-09-19 09:36:47,573 [grpc-default-executor-1] INFO  segmented.SegmentedRaftLogWorker (SegmentedRaftLogWorker.java:startLogSegment(380)) - b769f2d5-81f7-4208-a2ae-35a826bc5222@group-66AD49956D14-SegmentedRaftLogWorker: Starting segment from index:0
2019-09-19 09:36:47,628 [32051bbf-3767-4bb0-989a-93ed6f586f11@group-66AD49956D14-SegmentedRaftLogWorker] INFO  segmented.SegmentedRaftLogWorker (SegmentedRaftLogWorker.java:execute(569)) - 32051bbf-3767-4bb0-989a-93ed6f586f11@group-66AD49956D14-SegmentedRaftLogWorker: created new log segment /workdir/hadoop-ozone/integration-test/target/test-dir/MiniOzoneClusterImpl-45dce96e-52c4-4ef1-8e9d-b5da6780f9d8/datanode-0/data/ratis/b1cabc74-5763-45f9-9258-66ad49956d14/current/log_inprogress_0
2019-09-19 09:36:47,628 [b769f2d5-81f7-4208-a2ae-35a826bc5222@group-66AD49956D14-SegmentedRaftLogWorker] INFO  segmented.SegmentedRaftLogWorker (SegmentedRaftLogWorker.java:execute(569)) - b769f2d5-81f7-4208-a2ae-35a826bc5222@group-66AD49956D14-SegmentedRaftLogWorker: created new log segment /workdir/hadoop-ozone/integration-test/target/test-dir/MiniOzoneClusterImpl-45dce96e-52c4-4ef1-8e9d-b5da6780f9d8/datanode-3/data/ratis/b1cabc74-5763-45f9-9258-66ad49956d14/current/log_inprogress_0
2019-09-19 09:36:48,001 [grpc-default-executor-2] INFO  client.GrpcClientProtocolClient (GrpcClientProtocolClient.java:onNext(264)) - client-F627FB4FB0D0->f2f0d6de-755f-429e-94f7-8c9aba6d2b9e: receive RaftClientReply:client-F627FB4FB0D0->f2f0d6de-755f-429e-94f7-8c9aba6d2b9e@group-66AD49956D14, cid=8, SUCCESS, logIndex=1, commits[f2f0d6de-755f-429e-94f7-8c9aba6d2b9e:c1, 32051bbf-3767-4bb0-989a-93ed6f586f11:c0, b769f2d5-81f7-4208-a2ae-35a826bc5222:c0]
2019-09-19 09:36:48,111 [grpc-default-executor-1] INFO  client.GrpcClientProtocolClient (GrpcClientProtocolClient.java:onNext(264)) - client-F627FB4FB0D0->f2f0d6de-755f-429e-94f7-8c9aba6d2b9e: receive RaftClientReply:client-F627FB4FB0D0->f2f0d6de-755f-429e-94f7-8c9aba6d2b9e@group-66AD49956D14, cid=9, SUCCESS, logIndex=3, commits[f2f0d6de-755f-429e-94f7-8c9aba6d2b9e:c4, 32051bbf-3767-4bb0-989a-93ed6f586f11:c3, b769f2d5-81f7-4208-a2ae-35a826bc5222:c3]
2019-09-19 09:36:48,131 [main] ERROR container.ContainerStateManager (ContainerStateManager.java:updateContainerState(335)) - Failed to update container state #1, reason: invalid state transition from state: CLOSING upon event: FINALIZE.
]]></system-out>
    <system-err><![CDATA[ERROR StatusLogger No Log4j 2 configuration file found. Using default configuration (logging only errors to the console), or user programmatically provided configurations. Set system property 'log4j2.debug' to show Log4j 2 internal initialization logging. See https://logging.apache.org/log4j/2.x/manual/configuration.html for instructions on how to configure Log4j 2
]]></system-err>
  </testcase>
</testsuite>