<?xml version="1.0" encoding="UTF-8"?>
<testsuite xmlns:xsi="http://www.w3.org/2001/XMLSchema-instance" xsi:noNamespaceSchemaLocation="https://maven.apache.org/surefire/maven-surefire-plugin/xsd/surefire-test-report.xsd" name="org.apache.hadoop.ozone.client.rpc.TestBlockOutputStreamWithFailures" time="741.037" tests="8" errors="0" skipped="0" failures="2">
  <properties>
    <property name="awt.toolkit" value="sun.awt.X11.XToolkit"/>
    <property name="file.encoding.pkg" value="sun.io"/>
    <property name="java.specification.version" value="1.8"/>
    <property name="sun.cpu.isalist" value=""/>
    <property name="sun.jnu.encoding" value="UTF-8"/>
    <property name="java.class.path" value="/workdir/hadoop-ozone/integration-test/target/test-classes:/workdir/hadoop-ozone/integration-test/target/classes:/home/user/.m2/repository/org/apache/hadoop/hadoop-ozone-common/0.5.0-SNAPSHOT/hadoop-ozone-common-0.5.0-SNAPSHOT.jar:/home/user/.m2/repository/org/apache/commons/commons-compress/1.4.1/commons-compress-1.4.1.jar:/home/user/.m2/repository/org/tukaani/xz/1.0/xz-1.0.jar:/home/user/.m2/repository/org/apache/hadoop/hadoop-common/3.2.0/hadoop-common-3.2.0.jar:/home/user/.m2/repository/org/apache/hadoop/hadoop-hdfs/3.2.0/hadoop-hdfs-3.2.0.jar:/home/user/.m2/repository/org/apache/hadoop/hadoop-hdfs-client/3.2.0/hadoop-hdfs-client-3.2.0.jar:/home/user/.m2/repository/com/fasterxml/jackson/core/jackson-annotations/2.9.9/jackson-annotations-2.9.9.jar:/home/user/.m2/repository/org/apache/hadoop/hadoop-hdds-common/0.5.0-SNAPSHOT/hadoop-hdds-common-0.5.0-SNAPSHOT.jar:/home/user/.m2/repository/javax/annotation/javax.annotation-api/1.2/javax.annotation-api-1.2.jar:/home/user/.m2/repository/org/apache/ratis/ratis-server/0.4.0-78e95b9-SNAPSHOT/ratis-server-0.4.0-78e95b9-SNAPSHOT.jar:/home/user/.m2/repository/org/apache/ratis/ratis-thirdparty-misc/0.2.0/ratis-thirdparty-misc-0.2.0.jar:/home/user/.m2/repository/org/apache/ratis/ratis-proto/0.4.0-78e95b9-SNAPSHOT/ratis-proto-0.4.0-78e95b9-SNAPSHOT.jar:/home/user/.m2/repository/org/apache/ratis/ratis-common/0.4.0-78e95b9-SNAPSHOT/ratis-common-0.4.0-78e95b9-SNAPSHOT.jar:/home/user/.m2/repository/org/apache/ratis/ratis-client/0.4.0-78e95b9-SNAPSHOT/ratis-client-0.4.0-78e95b9-SNAPSHOT.jar:/home/user/.m2/repository/org/apache/ratis/ratis-metrics/0.4.0-78e95b9-SNAPSHOT/ratis-metrics-0.4.0-78e95b9-SNAPSHOT.jar:/home/user/.m2/repository/com/github/joshelser/dropwizard-metrics-hadoop-metrics2-reporter/0.1.2/dropwizard-metrics-hadoop-metrics2-reporter-0.1.2.jar:/home/user/.m2/repository/io/dropwizard/metrics/metrics-jvm/3.2.5/metrics-jvm-3.2.5.jar:/home/user/.m2/repository/io/dropwizard/metrics/metrics-ganglia/3.2.5/metrics-ganglia-3.2.5.jar:/home/user/.m2/repository/info/ganglia/gmetric4j/gmetric4j/1.0.7/gmetric4j-1.0.7.jar:/home/user/.m2/repository/org/apache/ratis/ratis-netty/0.4.0-78e95b9-SNAPSHOT/ratis-netty-0.4.0-78e95b9-SNAPSHOT.jar:/home/user/.m2/repository/org/apache/ratis/ratis-grpc/0.4.0-78e95b9-SNAPSHOT/ratis-grpc-0.4.0-78e95b9-SNAPSHOT.jar:/home/user/.m2/repository/org/rocksdb/rocksdbjni/6.0.1/rocksdbjni-6.0.1.jar:/home/user/.m2/repository/org/apache/logging/log4j/log4j-api/2.11.0/log4j-api-2.11.0.jar:/home/user/.m2/repository/org/apache/logging/log4j/log4j-core/2.11.0/log4j-core-2.11.0.jar:/home/user/.m2/repository/com/lmax/disruptor/3.4.2/disruptor-3.4.2.jar:/home/user/.m2/repository/org/apache/commons/commons-pool2/2.6.0/commons-pool2-2.6.0.jar:/home/user/.m2/repository/org/bouncycastle/bcpkix-jdk15on/1.60/bcpkix-jdk15on-1.60.jar:/home/user/.m2/repository/commons-validator/commons-validator/1.6/commons-validator-1.6.jar:/home/user/.m2/repository/commons-digester/commons-digester/1.8.1/commons-digester-1.8.1.jar:/home/user/.m2/repository/io/jaegertracing/jaeger-client/0.33.1/jaeger-client-0.33.1.jar:/home/user/.m2/repository/io/jaegertracing/jaeger-thrift/0.33.1/jaeger-thrift-0.33.1.jar:/home/user/.m2/repository/org/apache/thrift/libthrift/0.11.0/libthrift-0.11.0.jar:/home/user/.m2/repository/com/squareup/okhttp3/okhttp/3.9.0/okhttp-3.9.0.jar:/home/user/.m2/repository/com/squareup/okio/okio/1.13.0/okio-1.13.0.jar:/home/user/.m2/repository/io/jaegertracing/jaeger-core/0.33.1/jaeger-core-0.33.1.jar:/home/user/.m2/repository/io/jaegertracing/jaeger-tracerresolver/0.33.1/jaeger-tracerresolver-0.33.1.jar:/home/user/.m2/repository/io/opentracing/contrib/opentracing-tracerresolver/0.1.5/opentracing-tracerresolver-0.1.5.jar:/home/user/.m2/repository/io/opentracing/opentracing-util/0.31.0/opentracing-util-0.31.0.jar:/home/user/.m2/repository/io/opentracing/opentracing-api/0.31.0/opentracing-api-0.31.0.jar:/home/user/.m2/repository/io/opentracing/opentracing-noop/0.31.0/opentracing-noop-0.31.0.jar:/home/user/.m2/repository/org/apache/hadoop/hadoop-hdds-server-framework/0.5.0-SNAPSHOT/hadoop-hdds-server-framework-0.5.0-SNAPSHOT.jar:/home/user/.m2/repository/org/apache/hadoop/hadoop-hdds-container-service/0.5.0-SNAPSHOT/hadoop-hdds-container-service-0.5.0-SNAPSHOT.jar:/home/user/.m2/repository/org/apache/hadoop/hadoop-hdds-client/0.5.0-SNAPSHOT/hadoop-hdds-client-0.5.0-SNAPSHOT.jar:/home/user/.m2/repository/org/apache/hadoop/hadoop-hdds-tools/0.5.0-SNAPSHOT/hadoop-hdds-tools-0.5.0-SNAPSHOT.jar:/home/user/.m2/repository/org/apache/hadoop/hadoop-hdds-server-scm/0.5.0-SNAPSHOT/hadoop-hdds-server-scm-0.5.0-SNAPSHOT.jar:/home/user/.m2/repository/org/apache/hadoop/hadoop-hdds-docs/0.5.0-SNAPSHOT/hadoop-hdds-docs-0.5.0-SNAPSHOT.jar:/home/user/.m2/repository/io/dropwizard/metrics/metrics-core/3.2.4/metrics-core-3.2.4.jar:/home/user/.m2/repository/org/hamcrest/hamcrest-all/1.3/hamcrest-all-1.3.jar:/home/user/.m2/repository/org/bouncycastle/bcprov-jdk15on/1.60/bcprov-jdk15on-1.60.jar:/home/user/.m2/repository/info/picocli/picocli/3.9.6/picocli-3.9.6.jar:/home/user/.m2/repository/com/google/protobuf/protobuf-java/2.5.0/protobuf-java-2.5.0.jar:/home/user/.m2/repository/com/google/guava/guava/11.0.2/guava-11.0.2.jar:/home/user/.m2/repository/org/apache/hadoop/hadoop-ozone-ozone-manager/0.5.0-SNAPSHOT/hadoop-ozone-ozone-manager-0.5.0-SNAPSHOT.jar:/home/user/.m2/repository/org/apache/hadoop/hadoop-minikdc/3.2.0/hadoop-minikdc-3.2.0.jar:/home/user/.m2/repository/commons-io/commons-io/2.5/commons-io-2.5.jar:/home/user/.m2/repository/org/apache/kerby/kerb-simplekdc/1.0.1/kerb-simplekdc-1.0.1.jar:/home/user/.m2/repository/org/apache/kerby/kerb-client/1.0.1/kerb-client-1.0.1.jar:/home/user/.m2/repository/org/apache/kerby/kerby-config/1.0.1/kerby-config-1.0.1.jar:/home/user/.m2/repository/org/apache/kerby/kerb-core/1.0.1/kerb-core-1.0.1.jar:/home/user/.m2/repository/org/apache/kerby/kerby-pkix/1.0.1/kerby-pkix-1.0.1.jar:/home/user/.m2/repository/org/apache/kerby/kerby-asn1/1.0.1/kerby-asn1-1.0.1.jar:/home/user/.m2/repository/org/apache/kerby/kerby-util/1.0.1/kerby-util-1.0.1.jar:/home/user/.m2/repository/org/apache/kerby/kerb-common/1.0.1/kerb-common-1.0.1.jar:/home/user/.m2/repository/org/apache/kerby/kerb-crypto/1.0.1/kerb-crypto-1.0.1.jar:/home/user/.m2/repository/org/apache/kerby/kerb-util/1.0.1/kerb-util-1.0.1.jar:/home/user/.m2/repository/org/apache/kerby/token-provider/1.0.1/token-provider-1.0.1.jar:/home/user/.m2/repository/org/apache/kerby/kerb-admin/1.0.1/kerb-admin-1.0.1.jar:/home/user/.m2/repository/org/apache/kerby/kerb-server/1.0.1/kerb-server-1.0.1.jar:/home/user/.m2/repository/org/apache/kerby/kerb-identity/1.0.1/kerb-identity-1.0.1.jar:/home/user/.m2/repository/org/apache/kerby/kerby-xdr/1.0.1/kerby-xdr-1.0.1.jar:/home/user/.m2/repository/org/slf4j/slf4j-log4j12/1.7.25/slf4j-log4j12-1.7.25.jar:/home/user/.m2/repository/org/apache/hadoop/hadoop-ozone-s3gateway/0.5.0-SNAPSHOT/hadoop-ozone-s3gateway-0.5.0-SNAPSHOT.jar:/home/user/.m2/repository/org/jboss/weld/servlet/weld-servlet/2.4.7.Final/weld-servlet-2.4.7.Final.jar:/home/user/.m2/repository/org/glassfish/jersey/containers/jersey-container-servlet-core/2.27/jersey-container-servlet-core-2.27.jar:/home/user/.m2/repository/org/glassfish/hk2/external/javax.inject/2.5.0-b42/javax.inject-2.5.0-b42.jar:/home/user/.m2/repository/org/glassfish/jersey/core/jersey-common/2.27/jersey-common-2.27.jar:/home/user/.m2/repository/org/glassfish/hk2/osgi-resource-locator/1.0.1/osgi-resource-locator-1.0.1.jar:/home/user/.m2/repository/javax/ws/rs/javax.ws.rs-api/2.1/javax.ws.rs-api-2.1.jar:/home/user/.m2/repository/org/glassfish/jersey/ext/cdi/jersey-cdi1x/2.27/jersey-cdi1x-2.27.jar:/home/user/.m2/repository/org/glassfish/jersey/inject/jersey-hk2/2.27/jersey-hk2-2.27.jar:/home/user/.m2/repository/org/glassfish/hk2/hk2-locator/2.5.0-b42/hk2-locator-2.5.0-b42.jar:/home/user/.m2/repository/org/javassist/javassist/3.22.0-CR2/javassist-3.22.0-CR2.jar:/home/user/.m2/repository/org/glassfish/hk2/hk2-api/2.5.0/hk2-api-2.5.0.jar:/home/user/.m2/repository/org/glassfish/hk2/external/jakarta.inject/2.5.0/jakarta.inject-2.5.0.jar:/home/user/.m2/repository/org/glassfish/hk2/hk2-utils/2.5.0/hk2-utils-2.5.0.jar:/home/user/.m2/repository/jakarta/annotation/jakarta.annotation-api/1.3.4/jakarta.annotation-api-1.3.4.jar:/home/user/.m2/repository/org/glassfish/hk2/external/aopalliance-repackaged/2.5.0/aopalliance-repackaged-2.5.0.jar:/home/user/.m2/repository/com/fasterxml/jackson/dataformat/jackson-dataformat-xml/2.9.0/jackson-dataformat-xml-2.9.0.jar:/home/user/.m2/repository/com/fasterxml/jackson/core/jackson-core/2.9.9/jackson-core-2.9.9.jar:/home/user/.m2/repository/com/fasterxml/jackson/module/jackson-module-jaxb-annotations/2.9.9/jackson-module-jaxb-annotations-2.9.9.jar:/home/user/.m2/repository/javax/enterprise/cdi-api/1.2/cdi-api-1.2.jar:/home/user/.m2/repository/javax/el/javax.el-api/3.0.0/javax.el-api-3.0.0.jar:/home/user/.m2/repository/javax/interceptor/javax.interceptor-api/1.2/javax.interceptor-api-1.2.jar:/home/user/.m2/repository/javax/inject/javax.inject/1/javax.inject-1.jar:/home/user/.m2/repository/com/sun/xml/bind/jaxb-impl/2.3.0.1/jaxb-impl-2.3.0.1.jar:/home/user/.m2/repository/com/sun/xml/bind/jaxb-core/2.3.0.1/jaxb-core-2.3.0.1.jar:/home/user/.m2/repository/javax/xml/bind/jaxb-api/2.3.0/jaxb-api-2.3.0.jar:/home/user/.m2/repository/javax/activation/activation/1.1.1/activation-1.1.1.jar:/home/user/.m2/repository/org/apache/hadoop/hadoop-ozone-csi/0.5.0-SNAPSHOT/hadoop-ozone-csi-0.5.0-SNAPSHOT.jar:/home/user/.m2/repository/com/google/protobuf/protobuf-java-util/3.5.1/protobuf-java-util-3.5.1.jar:/home/user/.m2/repository/org/apache/hadoop/hadoop-hdds-config/0.5.0-SNAPSHOT/hadoop-hdds-config-0.5.0-SNAPSHOT.jar:/home/user/.m2/repository/io/grpc/grpc-netty/1.17.1/grpc-netty-1.17.1.jar:/home/user/.m2/repository/io/grpc/grpc-core/1.17.1/grpc-core-1.17.1.jar:/home/user/.m2/repository/io/grpc/grpc-context/1.17.1/grpc-context-1.17.1.jar:/home/user/.m2/repository/com/google/errorprone/error_prone_annotations/2.2.0/error_prone_annotations-2.2.0.jar:/home/user/.m2/repository/org/codehaus/mojo/animal-sniffer-annotations/1.17/animal-sniffer-annotations-1.17.jar:/home/user/.m2/repository/io/opencensus/opencensus-api/0.17.0/opencensus-api-0.17.0.jar:/home/user/.m2/repository/io/opencensus/opencensus-contrib-grpc-metrics/0.17.0/opencensus-contrib-grpc-metrics-0.17.0.jar:/home/user/.m2/repository/io/netty/netty-codec-http2/4.1.30.Final/netty-codec-http2-4.1.30.Final.jar:/home/user/.m2/repository/io/netty/netty-codec-http/4.1.30.Final/netty-codec-http-4.1.30.Final.jar:/home/user/.m2/repository/io/netty/netty-codec/4.1.30.Final/netty-codec-4.1.30.Final.jar:/home/user/.m2/repository/io/netty/netty-handler/4.1.30.Final/netty-handler-4.1.30.Final.jar:/home/user/.m2/repository/io/netty/netty-handler-proxy/4.1.30.Final/netty-handler-proxy-4.1.30.Final.jar:/home/user/.m2/repository/io/netty/netty-codec-socks/4.1.30.Final/netty-codec-socks-4.1.30.Final.jar:/home/user/.m2/repository/io/netty/netty-transport-native-epoll/4.1.30.Final/netty-transport-native-epoll-4.1.30.Final.jar:/home/user/.m2/repository/io/netty/netty-common/4.1.30.Final/netty-common-4.1.30.Final.jar:/home/user/.m2/repository/io/netty/netty-buffer/4.1.30.Final/netty-buffer-4.1.30.Final.jar:/home/user/.m2/repository/io/netty/netty-transport/4.1.30.Final/netty-transport-4.1.30.Final.jar:/home/user/.m2/repository/io/netty/netty-resolver/4.1.30.Final/netty-resolver-4.1.30.Final.jar:/home/user/.m2/repository/io/netty/netty-transport-native-unix-common/4.1.30.Final/netty-transport-native-unix-common-4.1.30.Final.jar:/home/user/.m2/repository/io/grpc/grpc-protobuf/1.17.1/grpc-protobuf-1.17.1.jar:/home/user/.m2/repository/com/google/api/grpc/proto-google-common-protos/1.0.0/proto-google-common-protos-1.0.0.jar:/home/user/.m2/repository/io/grpc/grpc-protobuf-lite/1.17.1/grpc-protobuf-lite-1.17.1.jar:/home/user/.m2/repository/io/grpc/grpc-stub/1.17.1/grpc-stub-1.17.1.jar:/home/user/.m2/repository/org/apache/hadoop/hadoop-ozone-recon/0.5.0-SNAPSHOT/hadoop-ozone-recon-0.5.0-SNAPSHOT.jar:/home/user/.m2/repository/org/apache/hadoop/hadoop-ozone-reconcodegen/0.5.0-SNAPSHOT/hadoop-ozone-reconcodegen-0.5.0-SNAPSHOT.jar:/home/user/.m2/repository/com/google/inject/extensions/guice-multibindings/4.0/guice-multibindings-4.0.jar:/home/user/.m2/repository/com/google/inject/guice/4.0/guice-4.0.jar:/home/user/.m2/repository/aopalliance/aopalliance/1.0/aopalliance-1.0.jar:/home/user/.m2/repository/com/google/inject/extensions/guice-servlet/4.0/guice-servlet-4.0.jar:/home/user/.m2/repository/org/glassfish/jersey/containers/jersey-container-servlet/2.27/jersey-container-servlet-2.27.jar:/home/user/.m2/repository/org/glassfish/hk2/guice-bridge/2.5.0/guice-bridge-2.5.0.jar:/home/user/.m2/repository/org/glassfish/jersey/core/jersey-server/2.27/jersey-server-2.27.jar:/home/user/.m2/repository/org/glassfish/jersey/core/jersey-client/2.27/jersey-client-2.27.jar:/home/user/.m2/repository/org/glassfish/jersey/media/jersey-media-jaxb/2.27/jersey-media-jaxb-2.27.jar:/home/user/.m2/repository/javax/validation/validation-api/1.1.0.Final/validation-api-1.1.0.Final.jar:/home/user/.m2/repository/org/glassfish/jersey/media/jersey-media-json-jackson/2.27/jersey-media-json-jackson-2.27.jar:/home/user/.m2/repository/org/glassfish/jersey/ext/jersey-entity-filtering/2.27/jersey-entity-filtering-2.27.jar:/home/user/.m2/repository/com/google/inject/extensions/guice-assistedinject/4.0/guice-assistedinject-4.0.jar:/home/user/.m2/repository/org/jooq/jooq/3.11.10/jooq-3.11.10.jar:/home/user/.m2/repository/org/jooq/jooq-meta/3.11.10/jooq-meta-3.11.10.jar:/home/user/.m2/repository/org/jooq/jooq-codegen/3.11.10/jooq-codegen-3.11.10.jar:/home/user/.m2/repository/com/jolbox/bonecp/0.8.0.RELEASE/bonecp-0.8.0.RELEASE.jar:/home/user/.m2/repository/org/xerial/sqlite-jdbc/3.25.2/sqlite-jdbc-3.25.2.jar:/home/user/.m2/repository/org/springframework/spring-jdbc/5.1.3.RELEASE/spring-jdbc-5.1.3.RELEASE.jar:/home/user/.m2/repository/org/springframework/spring-beans/5.1.3.RELEASE/spring-beans-5.1.3.RELEASE.jar:/home/user/.m2/repository/org/springframework/spring-core/5.1.3.RELEASE/spring-core-5.1.3.RELEASE.jar:/home/user/.m2/repository/org/springframework/spring-jcl/5.1.3.RELEASE/spring-jcl-5.1.3.RELEASE.jar:/home/user/.m2/repository/org/springframework/spring-tx/5.1.3.RELEASE/spring-tx-5.1.3.RELEASE.jar:/home/user/.m2/repository/org/apache/hadoop/hadoop-ozone-client/0.5.0-SNAPSHOT/hadoop-ozone-client-0.5.0-SNAPSHOT.jar:/home/user/.m2/repository/commons-lang/commons-lang/2.6/commons-lang-2.6.jar:/home/user/.m2/repository/org/apache/hadoop/hadoop-ozone-ozone-manager/0.5.0-SNAPSHOT/hadoop-ozone-ozone-manager-0.5.0-SNAPSHOT-tests.jar:/home/user/.m2/repository/junit/junit/4.11/junit-4.11.jar:/home/user/.m2/repository/org/hamcrest/hamcrest-core/1.3/hamcrest-core-1.3.jar:/home/user/.m2/repository/org/openjdk/jmh/jmh-core/1.19/jmh-core-1.19.jar:/home/user/.m2/repository/net/sf/jopt-simple/jopt-simple/4.6/jopt-simple-4.6.jar:/home/user/.m2/repository/org/apache/commons/commons-math3/3.1.1/commons-math3-3.1.1.jar:/home/user/.m2/repository/org/openjdk/jmh/jmh-generator-annprocess/1.19/jmh-generator-annprocess-1.19.jar:/home/user/.m2/repository/org/mockito/mockito-all/1.8.5/mockito-all-1.8.5.jar:/home/user/.m2/repository/org/apache/hadoop/hadoop-kms/3.2.0/hadoop-kms-3.2.0.jar:/home/user/.m2/repository/org/apache/hadoop/hadoop-auth/3.2.0/hadoop-auth-3.2.0.jar:/home/user/.m2/repository/com/nimbusds/nimbus-jose-jwt/4.41.1/nimbus-jose-jwt-4.41.1.jar:/home/user/.m2/repository/com/github/stephenc/jcip/jcip-annotations/1.0-1/jcip-annotations-1.0-1.jar:/home/user/.m2/repository/net/minidev/json-smart/2.3/json-smart-2.3.jar:/home/user/.m2/repository/net/minidev/accessors-smart/1.2/accessors-smart-1.2.jar:/home/user/.m2/repository/org/ow2/asm/asm/5.0.4/asm-5.0.4.jar:/home/user/.m2/repository/org/apache/curator/curator-framework/2.12.0/curator-framework-2.12.0.jar:/home/user/.m2/repository/com/sun/jersey/jersey-core/1.19/jersey-core-1.19.jar:/home/user/.m2/repository/javax/ws/rs/jsr311-api/1.1.1/jsr311-api-1.1.1.jar:/home/user/.m2/repository/com/sun/jersey/jersey-server/1.19/jersey-server-1.19.jar:/home/user/.m2/repository/javax/servlet/javax.servlet-api/3.1.0/javax.servlet-api-3.1.0.jar:/home/user/.m2/repository/org/eclipse/jetty/jetty-server/9.3.24.v20180605/jetty-server-9.3.24.v20180605.jar:/home/user/.m2/repository/org/eclipse/jetty/jetty-http/9.3.24.v20180605/jetty-http-9.3.24.v20180605.jar:/home/user/.m2/repository/org/eclipse/jetty/jetty-io/9.3.24.v20180605/jetty-io-9.3.24.v20180605.jar:/home/user/.m2/repository/org/eclipse/jetty/jetty-webapp/9.3.24.v20180605/jetty-webapp-9.3.24.v20180605.jar:/home/user/.m2/repository/org/eclipse/jetty/jetty-xml/9.3.24.v20180605/jetty-xml-9.3.24.v20180605.jar:/home/user/.m2/repository/log4j/log4j/1.2.17/log4j-1.2.17.jar:/home/user/.m2/repository/org/slf4j/slf4j-api/1.7.25/slf4j-api-1.7.25.jar:/home/user/.m2/repository/org/slf4j/jul-to-slf4j/1.7.25/jul-to-slf4j-1.7.25.jar:/home/user/.m2/repository/org/eclipse/jetty/jetty-util/9.3.24.v20180605/jetty-util-9.3.24.v20180605.jar:/home/user/.m2/repository/com/fasterxml/jackson/core/jackson-databind/2.9.9/jackson-databind-2.9.9.jar:/home/user/.m2/repository/org/apache/hadoop/hadoop-kms/3.2.0/hadoop-kms-3.2.0-tests.jar:/home/user/.m2/repository/org/apache/hadoop/hadoop-hdds-server-scm/0.5.0-SNAPSHOT/hadoop-hdds-server-scm-0.5.0-SNAPSHOT-tests.jar:/home/user/.m2/repository/org/apache/hadoop/hadoop-hdds-container-service/0.5.0-SNAPSHOT/hadoop-hdds-container-service-0.5.0-SNAPSHOT-tests.jar:/home/user/.m2/repository/org/yaml/snakeyaml/1.16/snakeyaml-1.16.jar:/home/user/.m2/repository/org/apache/hadoop/hadoop-common/3.2.0/hadoop-common-3.2.0-tests.jar:/home/user/.m2/repository/org/apache/hadoop/hadoop-annotations/3.2.0/hadoop-annotations-3.2.0.jar:/usr/lib/jvm/java-1.8-openjdk/jre/../lib/tools.jar:/home/user/.m2/repository/commons-cli/commons-cli/1.2/commons-cli-1.2.jar:/home/user/.m2/repository/org/apache/httpcomponents/httpclient/4.5.2/httpclient-4.5.2.jar:/home/user/.m2/repository/org/apache/httpcomponents/httpcore/4.4.4/httpcore-4.4.4.jar:/home/user/.m2/repository/commons-codec/commons-codec/1.11/commons-codec-1.11.jar:/home/user/.m2/repository/commons-net/commons-net/3.6/commons-net-3.6.jar:/home/user/.m2/repository/commons-collections/commons-collections/3.2.2/commons-collections-3.2.2.jar:/home/user/.m2/repository/org/eclipse/jetty/jetty-servlet/9.3.24.v20180605/jetty-servlet-9.3.24.v20180605.jar:/home/user/.m2/repository/org/eclipse/jetty/jetty-security/9.3.24.v20180605/jetty-security-9.3.24.v20180605.jar:/home/user/.m2/repository/javax/servlet/jsp/jsp-api/2.1/jsp-api-2.1.jar:/home/user/.m2/repository/com/sun/jersey/jersey-servlet/1.19/jersey-servlet-1.19.jar:/home/user/.m2/repository/com/sun/jersey/jersey-json/1.19/jersey-json-1.19.jar:/home/user/.m2/repository/org/codehaus/jettison/jettison/1.1/jettison-1.1.jar:/home/user/.m2/repository/org/codehaus/jackson/jackson-core-asl/1.9.13/jackson-core-asl-1.9.13.jar:/home/user/.m2/repository/org/codehaus/jackson/jackson-mapper-asl/1.9.13/jackson-mapper-asl-1.9.13.jar:/home/user/.m2/repository/org/codehaus/jackson/jackson-jaxrs/1.9.13/jackson-jaxrs-1.9.13.jar:/home/user/.m2/repository/org/codehaus/jackson/jackson-xc/1.9.13/jackson-xc-1.9.13.jar:/home/user/.m2/repository/commons-logging/commons-logging/1.1.3/commons-logging-1.1.3.jar:/home/user/.m2/repository/commons-beanutils/commons-beanutils/1.9.4/commons-beanutils-1.9.4.jar:/home/user/.m2/repository/org/apache/commons/commons-configuration2/2.1.1/commons-configuration2-2.1.1.jar:/home/user/.m2/repository/org/apache/commons/commons-lang3/3.7/commons-lang3-3.7.jar:/home/user/.m2/repository/org/apache/commons/commons-text/1.4/commons-text-1.4.jar:/home/user/.m2/repository/org/apache/avro/avro/1.7.7/avro-1.7.7.jar:/home/user/.m2/repository/com/thoughtworks/paranamer/paranamer/2.3/paranamer-2.3.jar:/home/user/.m2/repository/org/xerial/snappy/snappy-java/1.0.5/snappy-java-1.0.5.jar:/home/user/.m2/repository/com/google/re2j/re2j/1.1/re2j-1.1.jar:/home/user/.m2/repository/com/google/code/gson/gson/2.2.4/gson-2.2.4.jar:/home/user/.m2/repository/com/jcraft/jsch/0.1.54/jsch-0.1.54.jar:/home/user/.m2/repository/org/apache/curator/curator-client/2.12.0/curator-client-2.12.0.jar:/home/user/.m2/repository/org/apache/curator/curator-recipes/2.12.0/curator-recipes-2.12.0.jar:/home/user/.m2/repository/com/google/code/findbugs/jsr305/3.0.0/jsr305-3.0.0.jar:/home/user/.m2/repository/org/apache/htrace/htrace-core4/4.1.0-incubating/htrace-core4-4.1.0-incubating.jar:/home/user/.m2/repository/org/apache/zookeeper/zookeeper/3.4.13/zookeeper-3.4.13.jar:/home/user/.m2/repository/org/apache/yetus/audience-annotations/0.5.0/audience-annotations-0.5.0.jar:/home/user/.m2/repository/org/codehaus/woodstox/stax2-api/3.1.4/stax2-api-3.1.4.jar:/home/user/.m2/repository/com/fasterxml/woodstox/woodstox-core/5.0.3/woodstox-core-5.0.3.jar:/home/user/.m2/repository/dnsjava/dnsjava/2.1.7/dnsjava-2.1.7.jar:/home/user/.m2/repository/org/apache/hadoop/hadoop-hdfs/3.2.0/hadoop-hdfs-3.2.0-tests.jar:/home/user/.m2/repository/org/eclipse/jetty/jetty-util-ajax/9.3.24.v20180605/jetty-util-ajax-9.3.24.v20180605.jar:/home/user/.m2/repository/commons-daemon/commons-daemon/1.0.13/commons-daemon-1.0.13.jar:/home/user/.m2/repository/io/netty/netty/3.10.5.Final/netty-3.10.5.Final.jar:/home/user/.m2/repository/io/netty/netty-all/4.0.52.Final/netty-all-4.0.52.Final.jar:/home/user/.m2/repository/org/fusesource/leveldbjni/leveldbjni-all/1.8/leveldbjni-all-1.8.jar:"/>
    <property name="java.vm.vendor" value="IcedTea"/>
    <property name="sun.arch.data.model" value="64"/>
    <property name="test.build.dir" value="/workdir/hadoop-ozone/integration-test/target/test-dir"/>
    <property name="test.cache.data" value=""/>
    <property name="java.vendor.url" value="https://icedtea.classpath.org"/>
    <property name="user.timezone" value=""/>
    <property name="java.vm.specification.version" value="1.8"/>
    <property name="os.name" value="Linux"/>
    <property name="test.build.data" value="/workdir/hadoop-ozone/integration-test/target/test-dir"/>
    <property name="user.country" value="US"/>
    <property name="sun.java.launcher" value="SUN_STANDARD"/>
    <property name="sun.boot.library.path" value="/usr/lib/jvm/java-1.8-openjdk/jre/lib/amd64"/>
    <property name="sun.java.command" value="/workdir/hadoop-ozone/integration-test/target/surefire/surefirebooter6976453970604100502.jar /workdir/hadoop-ozone/integration-test/target/surefire 2019-09-19T21-25-29_049-jvmRun1 surefire2183637466373096738tmp surefire_317680025479105462674tmp"/>
    <property name="test" value="!TestMiniChaosOzoneCluster"/>
    <property name="surefire.test.class.path" value="/workdir/hadoop-ozone/integration-test/target/test-classes:/workdir/hadoop-ozone/integration-test/target/classes:/home/user/.m2/repository/org/apache/hadoop/hadoop-ozone-common/0.5.0-SNAPSHOT/hadoop-ozone-common-0.5.0-SNAPSHOT.jar:/home/user/.m2/repository/org/apache/commons/commons-compress/1.4.1/commons-compress-1.4.1.jar:/home/user/.m2/repository/org/tukaani/xz/1.0/xz-1.0.jar:/home/user/.m2/repository/org/apache/hadoop/hadoop-common/3.2.0/hadoop-common-3.2.0.jar:/home/user/.m2/repository/org/apache/hadoop/hadoop-hdfs/3.2.0/hadoop-hdfs-3.2.0.jar:/home/user/.m2/repository/org/apache/hadoop/hadoop-hdfs-client/3.2.0/hadoop-hdfs-client-3.2.0.jar:/home/user/.m2/repository/com/fasterxml/jackson/core/jackson-annotations/2.9.9/jackson-annotations-2.9.9.jar:/home/user/.m2/repository/org/apache/hadoop/hadoop-hdds-common/0.5.0-SNAPSHOT/hadoop-hdds-common-0.5.0-SNAPSHOT.jar:/home/user/.m2/repository/javax/annotation/javax.annotation-api/1.2/javax.annotation-api-1.2.jar:/home/user/.m2/repository/org/apache/ratis/ratis-server/0.4.0-78e95b9-SNAPSHOT/ratis-server-0.4.0-78e95b9-SNAPSHOT.jar:/home/user/.m2/repository/org/apache/ratis/ratis-thirdparty-misc/0.2.0/ratis-thirdparty-misc-0.2.0.jar:/home/user/.m2/repository/org/apache/ratis/ratis-proto/0.4.0-78e95b9-SNAPSHOT/ratis-proto-0.4.0-78e95b9-SNAPSHOT.jar:/home/user/.m2/repository/org/apache/ratis/ratis-common/0.4.0-78e95b9-SNAPSHOT/ratis-common-0.4.0-78e95b9-SNAPSHOT.jar:/home/user/.m2/repository/org/apache/ratis/ratis-client/0.4.0-78e95b9-SNAPSHOT/ratis-client-0.4.0-78e95b9-SNAPSHOT.jar:/home/user/.m2/repository/org/apache/ratis/ratis-metrics/0.4.0-78e95b9-SNAPSHOT/ratis-metrics-0.4.0-78e95b9-SNAPSHOT.jar:/home/user/.m2/repository/com/github/joshelser/dropwizard-metrics-hadoop-metrics2-reporter/0.1.2/dropwizard-metrics-hadoop-metrics2-reporter-0.1.2.jar:/home/user/.m2/repository/io/dropwizard/metrics/metrics-jvm/3.2.5/metrics-jvm-3.2.5.jar:/home/user/.m2/repository/io/dropwizard/metrics/metrics-ganglia/3.2.5/metrics-ganglia-3.2.5.jar:/home/user/.m2/repository/info/ganglia/gmetric4j/gmetric4j/1.0.7/gmetric4j-1.0.7.jar:/home/user/.m2/repository/org/apache/ratis/ratis-netty/0.4.0-78e95b9-SNAPSHOT/ratis-netty-0.4.0-78e95b9-SNAPSHOT.jar:/home/user/.m2/repository/org/apache/ratis/ratis-grpc/0.4.0-78e95b9-SNAPSHOT/ratis-grpc-0.4.0-78e95b9-SNAPSHOT.jar:/home/user/.m2/repository/org/rocksdb/rocksdbjni/6.0.1/rocksdbjni-6.0.1.jar:/home/user/.m2/repository/org/apache/logging/log4j/log4j-api/2.11.0/log4j-api-2.11.0.jar:/home/user/.m2/repository/org/apache/logging/log4j/log4j-core/2.11.0/log4j-core-2.11.0.jar:/home/user/.m2/repository/com/lmax/disruptor/3.4.2/disruptor-3.4.2.jar:/home/user/.m2/repository/org/apache/commons/commons-pool2/2.6.0/commons-pool2-2.6.0.jar:/home/user/.m2/repository/org/bouncycastle/bcpkix-jdk15on/1.60/bcpkix-jdk15on-1.60.jar:/home/user/.m2/repository/commons-validator/commons-validator/1.6/commons-validator-1.6.jar:/home/user/.m2/repository/commons-digester/commons-digester/1.8.1/commons-digester-1.8.1.jar:/home/user/.m2/repository/io/jaegertracing/jaeger-client/0.33.1/jaeger-client-0.33.1.jar:/home/user/.m2/repository/io/jaegertracing/jaeger-thrift/0.33.1/jaeger-thrift-0.33.1.jar:/home/user/.m2/repository/org/apache/thrift/libthrift/0.11.0/libthrift-0.11.0.jar:/home/user/.m2/repository/com/squareup/okhttp3/okhttp/3.9.0/okhttp-3.9.0.jar:/home/user/.m2/repository/com/squareup/okio/okio/1.13.0/okio-1.13.0.jar:/home/user/.m2/repository/io/jaegertracing/jaeger-core/0.33.1/jaeger-core-0.33.1.jar:/home/user/.m2/repository/io/jaegertracing/jaeger-tracerresolver/0.33.1/jaeger-tracerresolver-0.33.1.jar:/home/user/.m2/repository/io/opentracing/contrib/opentracing-tracerresolver/0.1.5/opentracing-tracerresolver-0.1.5.jar:/home/user/.m2/repository/io/opentracing/opentracing-util/0.31.0/opentracing-util-0.31.0.jar:/home/user/.m2/repository/io/opentracing/opentracing-api/0.31.0/opentracing-api-0.31.0.jar:/home/user/.m2/repository/io/opentracing/opentracing-noop/0.31.0/opentracing-noop-0.31.0.jar:/home/user/.m2/repository/org/apache/hadoop/hadoop-hdds-server-framework/0.5.0-SNAPSHOT/hadoop-hdds-server-framework-0.5.0-SNAPSHOT.jar:/home/user/.m2/repository/org/apache/hadoop/hadoop-hdds-container-service/0.5.0-SNAPSHOT/hadoop-hdds-container-service-0.5.0-SNAPSHOT.jar:/home/user/.m2/repository/org/apache/hadoop/hadoop-hdds-client/0.5.0-SNAPSHOT/hadoop-hdds-client-0.5.0-SNAPSHOT.jar:/home/user/.m2/repository/org/apache/hadoop/hadoop-hdds-tools/0.5.0-SNAPSHOT/hadoop-hdds-tools-0.5.0-SNAPSHOT.jar:/home/user/.m2/repository/org/apache/hadoop/hadoop-hdds-server-scm/0.5.0-SNAPSHOT/hadoop-hdds-server-scm-0.5.0-SNAPSHOT.jar:/home/user/.m2/repository/org/apache/hadoop/hadoop-hdds-docs/0.5.0-SNAPSHOT/hadoop-hdds-docs-0.5.0-SNAPSHOT.jar:/home/user/.m2/repository/io/dropwizard/metrics/metrics-core/3.2.4/metrics-core-3.2.4.jar:/home/user/.m2/repository/org/hamcrest/hamcrest-all/1.3/hamcrest-all-1.3.jar:/home/user/.m2/repository/org/bouncycastle/bcprov-jdk15on/1.60/bcprov-jdk15on-1.60.jar:/home/user/.m2/repository/info/picocli/picocli/3.9.6/picocli-3.9.6.jar:/home/user/.m2/repository/com/google/protobuf/protobuf-java/2.5.0/protobuf-java-2.5.0.jar:/home/user/.m2/repository/com/google/guava/guava/11.0.2/guava-11.0.2.jar:/home/user/.m2/repository/org/apache/hadoop/hadoop-ozone-ozone-manager/0.5.0-SNAPSHOT/hadoop-ozone-ozone-manager-0.5.0-SNAPSHOT.jar:/home/user/.m2/repository/org/apache/hadoop/hadoop-minikdc/3.2.0/hadoop-minikdc-3.2.0.jar:/home/user/.m2/repository/commons-io/commons-io/2.5/commons-io-2.5.jar:/home/user/.m2/repository/org/apache/kerby/kerb-simplekdc/1.0.1/kerb-simplekdc-1.0.1.jar:/home/user/.m2/repository/org/apache/kerby/kerb-client/1.0.1/kerb-client-1.0.1.jar:/home/user/.m2/repository/org/apache/kerby/kerby-config/1.0.1/kerby-config-1.0.1.jar:/home/user/.m2/repository/org/apache/kerby/kerb-core/1.0.1/kerb-core-1.0.1.jar:/home/user/.m2/repository/org/apache/kerby/kerby-pkix/1.0.1/kerby-pkix-1.0.1.jar:/home/user/.m2/repository/org/apache/kerby/kerby-asn1/1.0.1/kerby-asn1-1.0.1.jar:/home/user/.m2/repository/org/apache/kerby/kerby-util/1.0.1/kerby-util-1.0.1.jar:/home/user/.m2/repository/org/apache/kerby/kerb-common/1.0.1/kerb-common-1.0.1.jar:/home/user/.m2/repository/org/apache/kerby/kerb-crypto/1.0.1/kerb-crypto-1.0.1.jar:/home/user/.m2/repository/org/apache/kerby/kerb-util/1.0.1/kerb-util-1.0.1.jar:/home/user/.m2/repository/org/apache/kerby/token-provider/1.0.1/token-provider-1.0.1.jar:/home/user/.m2/repository/org/apache/kerby/kerb-admin/1.0.1/kerb-admin-1.0.1.jar:/home/user/.m2/repository/org/apache/kerby/kerb-server/1.0.1/kerb-server-1.0.1.jar:/home/user/.m2/repository/org/apache/kerby/kerb-identity/1.0.1/kerb-identity-1.0.1.jar:/home/user/.m2/repository/org/apache/kerby/kerby-xdr/1.0.1/kerby-xdr-1.0.1.jar:/home/user/.m2/repository/org/slf4j/slf4j-log4j12/1.7.25/slf4j-log4j12-1.7.25.jar:/home/user/.m2/repository/org/apache/hadoop/hadoop-ozone-s3gateway/0.5.0-SNAPSHOT/hadoop-ozone-s3gateway-0.5.0-SNAPSHOT.jar:/home/user/.m2/repository/org/jboss/weld/servlet/weld-servlet/2.4.7.Final/weld-servlet-2.4.7.Final.jar:/home/user/.m2/repository/org/glassfish/jersey/containers/jersey-container-servlet-core/2.27/jersey-container-servlet-core-2.27.jar:/home/user/.m2/repository/org/glassfish/hk2/external/javax.inject/2.5.0-b42/javax.inject-2.5.0-b42.jar:/home/user/.m2/repository/org/glassfish/jersey/core/jersey-common/2.27/jersey-common-2.27.jar:/home/user/.m2/repository/org/glassfish/hk2/osgi-resource-locator/1.0.1/osgi-resource-locator-1.0.1.jar:/home/user/.m2/repository/javax/ws/rs/javax.ws.rs-api/2.1/javax.ws.rs-api-2.1.jar:/home/user/.m2/repository/org/glassfish/jersey/ext/cdi/jersey-cdi1x/2.27/jersey-cdi1x-2.27.jar:/home/user/.m2/repository/org/glassfish/jersey/inject/jersey-hk2/2.27/jersey-hk2-2.27.jar:/home/user/.m2/repository/org/glassfish/hk2/hk2-locator/2.5.0-b42/hk2-locator-2.5.0-b42.jar:/home/user/.m2/repository/org/javassist/javassist/3.22.0-CR2/javassist-3.22.0-CR2.jar:/home/user/.m2/repository/org/glassfish/hk2/hk2-api/2.5.0/hk2-api-2.5.0.jar:/home/user/.m2/repository/org/glassfish/hk2/external/jakarta.inject/2.5.0/jakarta.inject-2.5.0.jar:/home/user/.m2/repository/org/glassfish/hk2/hk2-utils/2.5.0/hk2-utils-2.5.0.jar:/home/user/.m2/repository/jakarta/annotation/jakarta.annotation-api/1.3.4/jakarta.annotation-api-1.3.4.jar:/home/user/.m2/repository/org/glassfish/hk2/external/aopalliance-repackaged/2.5.0/aopalliance-repackaged-2.5.0.jar:/home/user/.m2/repository/com/fasterxml/jackson/dataformat/jackson-dataformat-xml/2.9.0/jackson-dataformat-xml-2.9.0.jar:/home/user/.m2/repository/com/fasterxml/jackson/core/jackson-core/2.9.9/jackson-core-2.9.9.jar:/home/user/.m2/repository/com/fasterxml/jackson/module/jackson-module-jaxb-annotations/2.9.9/jackson-module-jaxb-annotations-2.9.9.jar:/home/user/.m2/repository/javax/enterprise/cdi-api/1.2/cdi-api-1.2.jar:/home/user/.m2/repository/javax/el/javax.el-api/3.0.0/javax.el-api-3.0.0.jar:/home/user/.m2/repository/javax/interceptor/javax.interceptor-api/1.2/javax.interceptor-api-1.2.jar:/home/user/.m2/repository/javax/inject/javax.inject/1/javax.inject-1.jar:/home/user/.m2/repository/com/sun/xml/bind/jaxb-impl/2.3.0.1/jaxb-impl-2.3.0.1.jar:/home/user/.m2/repository/com/sun/xml/bind/jaxb-core/2.3.0.1/jaxb-core-2.3.0.1.jar:/home/user/.m2/repository/javax/xml/bind/jaxb-api/2.3.0/jaxb-api-2.3.0.jar:/home/user/.m2/repository/javax/activation/activation/1.1.1/activation-1.1.1.jar:/home/user/.m2/repository/org/apache/hadoop/hadoop-ozone-csi/0.5.0-SNAPSHOT/hadoop-ozone-csi-0.5.0-SNAPSHOT.jar:/home/user/.m2/repository/com/google/protobuf/protobuf-java-util/3.5.1/protobuf-java-util-3.5.1.jar:/home/user/.m2/repository/org/apache/hadoop/hadoop-hdds-config/0.5.0-SNAPSHOT/hadoop-hdds-config-0.5.0-SNAPSHOT.jar:/home/user/.m2/repository/io/grpc/grpc-netty/1.17.1/grpc-netty-1.17.1.jar:/home/user/.m2/repository/io/grpc/grpc-core/1.17.1/grpc-core-1.17.1.jar:/home/user/.m2/repository/io/grpc/grpc-context/1.17.1/grpc-context-1.17.1.jar:/home/user/.m2/repository/com/google/errorprone/error_prone_annotations/2.2.0/error_prone_annotations-2.2.0.jar:/home/user/.m2/repository/org/codehaus/mojo/animal-sniffer-annotations/1.17/animal-sniffer-annotations-1.17.jar:/home/user/.m2/repository/io/opencensus/opencensus-api/0.17.0/opencensus-api-0.17.0.jar:/home/user/.m2/repository/io/opencensus/opencensus-contrib-grpc-metrics/0.17.0/opencensus-contrib-grpc-metrics-0.17.0.jar:/home/user/.m2/repository/io/netty/netty-codec-http2/4.1.30.Final/netty-codec-http2-4.1.30.Final.jar:/home/user/.m2/repository/io/netty/netty-codec-http/4.1.30.Final/netty-codec-http-4.1.30.Final.jar:/home/user/.m2/repository/io/netty/netty-codec/4.1.30.Final/netty-codec-4.1.30.Final.jar:/home/user/.m2/repository/io/netty/netty-handler/4.1.30.Final/netty-handler-4.1.30.Final.jar:/home/user/.m2/repository/io/netty/netty-handler-proxy/4.1.30.Final/netty-handler-proxy-4.1.30.Final.jar:/home/user/.m2/repository/io/netty/netty-codec-socks/4.1.30.Final/netty-codec-socks-4.1.30.Final.jar:/home/user/.m2/repository/io/netty/netty-transport-native-epoll/4.1.30.Final/netty-transport-native-epoll-4.1.30.Final.jar:/home/user/.m2/repository/io/netty/netty-common/4.1.30.Final/netty-common-4.1.30.Final.jar:/home/user/.m2/repository/io/netty/netty-buffer/4.1.30.Final/netty-buffer-4.1.30.Final.jar:/home/user/.m2/repository/io/netty/netty-transport/4.1.30.Final/netty-transport-4.1.30.Final.jar:/home/user/.m2/repository/io/netty/netty-resolver/4.1.30.Final/netty-resolver-4.1.30.Final.jar:/home/user/.m2/repository/io/netty/netty-transport-native-unix-common/4.1.30.Final/netty-transport-native-unix-common-4.1.30.Final.jar:/home/user/.m2/repository/io/grpc/grpc-protobuf/1.17.1/grpc-protobuf-1.17.1.jar:/home/user/.m2/repository/com/google/api/grpc/proto-google-common-protos/1.0.0/proto-google-common-protos-1.0.0.jar:/home/user/.m2/repository/io/grpc/grpc-protobuf-lite/1.17.1/grpc-protobuf-lite-1.17.1.jar:/home/user/.m2/repository/io/grpc/grpc-stub/1.17.1/grpc-stub-1.17.1.jar:/home/user/.m2/repository/org/apache/hadoop/hadoop-ozone-recon/0.5.0-SNAPSHOT/hadoop-ozone-recon-0.5.0-SNAPSHOT.jar:/home/user/.m2/repository/org/apache/hadoop/hadoop-ozone-reconcodegen/0.5.0-SNAPSHOT/hadoop-ozone-reconcodegen-0.5.0-SNAPSHOT.jar:/home/user/.m2/repository/com/google/inject/extensions/guice-multibindings/4.0/guice-multibindings-4.0.jar:/home/user/.m2/repository/com/google/inject/guice/4.0/guice-4.0.jar:/home/user/.m2/repository/aopalliance/aopalliance/1.0/aopalliance-1.0.jar:/home/user/.m2/repository/com/google/inject/extensions/guice-servlet/4.0/guice-servlet-4.0.jar:/home/user/.m2/repository/org/glassfish/jersey/containers/jersey-container-servlet/2.27/jersey-container-servlet-2.27.jar:/home/user/.m2/repository/org/glassfish/hk2/guice-bridge/2.5.0/guice-bridge-2.5.0.jar:/home/user/.m2/repository/org/glassfish/jersey/core/jersey-server/2.27/jersey-server-2.27.jar:/home/user/.m2/repository/org/glassfish/jersey/core/jersey-client/2.27/jersey-client-2.27.jar:/home/user/.m2/repository/org/glassfish/jersey/media/jersey-media-jaxb/2.27/jersey-media-jaxb-2.27.jar:/home/user/.m2/repository/javax/validation/validation-api/1.1.0.Final/validation-api-1.1.0.Final.jar:/home/user/.m2/repository/org/glassfish/jersey/media/jersey-media-json-jackson/2.27/jersey-media-json-jackson-2.27.jar:/home/user/.m2/repository/org/glassfish/jersey/ext/jersey-entity-filtering/2.27/jersey-entity-filtering-2.27.jar:/home/user/.m2/repository/com/google/inject/extensions/guice-assistedinject/4.0/guice-assistedinject-4.0.jar:/home/user/.m2/repository/org/jooq/jooq/3.11.10/jooq-3.11.10.jar:/home/user/.m2/repository/org/jooq/jooq-meta/3.11.10/jooq-meta-3.11.10.jar:/home/user/.m2/repository/org/jooq/jooq-codegen/3.11.10/jooq-codegen-3.11.10.jar:/home/user/.m2/repository/com/jolbox/bonecp/0.8.0.RELEASE/bonecp-0.8.0.RELEASE.jar:/home/user/.m2/repository/org/xerial/sqlite-jdbc/3.25.2/sqlite-jdbc-3.25.2.jar:/home/user/.m2/repository/org/springframework/spring-jdbc/5.1.3.RELEASE/spring-jdbc-5.1.3.RELEASE.jar:/home/user/.m2/repository/org/springframework/spring-beans/5.1.3.RELEASE/spring-beans-5.1.3.RELEASE.jar:/home/user/.m2/repository/org/springframework/spring-core/5.1.3.RELEASE/spring-core-5.1.3.RELEASE.jar:/home/user/.m2/repository/org/springframework/spring-jcl/5.1.3.RELEASE/spring-jcl-5.1.3.RELEASE.jar:/home/user/.m2/repository/org/springframework/spring-tx/5.1.3.RELEASE/spring-tx-5.1.3.RELEASE.jar:/home/user/.m2/repository/org/apache/hadoop/hadoop-ozone-client/0.5.0-SNAPSHOT/hadoop-ozone-client-0.5.0-SNAPSHOT.jar:/home/user/.m2/repository/commons-lang/commons-lang/2.6/commons-lang-2.6.jar:/home/user/.m2/repository/org/apache/hadoop/hadoop-ozone-ozone-manager/0.5.0-SNAPSHOT/hadoop-ozone-ozone-manager-0.5.0-SNAPSHOT-tests.jar:/home/user/.m2/repository/junit/junit/4.11/junit-4.11.jar:/home/user/.m2/repository/org/hamcrest/hamcrest-core/1.3/hamcrest-core-1.3.jar:/home/user/.m2/repository/org/openjdk/jmh/jmh-core/1.19/jmh-core-1.19.jar:/home/user/.m2/repository/net/sf/jopt-simple/jopt-simple/4.6/jopt-simple-4.6.jar:/home/user/.m2/repository/org/apache/commons/commons-math3/3.1.1/commons-math3-3.1.1.jar:/home/user/.m2/repository/org/openjdk/jmh/jmh-generator-annprocess/1.19/jmh-generator-annprocess-1.19.jar:/home/user/.m2/repository/org/mockito/mockito-all/1.8.5/mockito-all-1.8.5.jar:/home/user/.m2/repository/org/apache/hadoop/hadoop-kms/3.2.0/hadoop-kms-3.2.0.jar:/home/user/.m2/repository/org/apache/hadoop/hadoop-auth/3.2.0/hadoop-auth-3.2.0.jar:/home/user/.m2/repository/com/nimbusds/nimbus-jose-jwt/4.41.1/nimbus-jose-jwt-4.41.1.jar:/home/user/.m2/repository/com/github/stephenc/jcip/jcip-annotations/1.0-1/jcip-annotations-1.0-1.jar:/home/user/.m2/repository/net/minidev/json-smart/2.3/json-smart-2.3.jar:/home/user/.m2/repository/net/minidev/accessors-smart/1.2/accessors-smart-1.2.jar:/home/user/.m2/repository/org/ow2/asm/asm/5.0.4/asm-5.0.4.jar:/home/user/.m2/repository/org/apache/curator/curator-framework/2.12.0/curator-framework-2.12.0.jar:/home/user/.m2/repository/com/sun/jersey/jersey-core/1.19/jersey-core-1.19.jar:/home/user/.m2/repository/javax/ws/rs/jsr311-api/1.1.1/jsr311-api-1.1.1.jar:/home/user/.m2/repository/com/sun/jersey/jersey-server/1.19/jersey-server-1.19.jar:/home/user/.m2/repository/javax/servlet/javax.servlet-api/3.1.0/javax.servlet-api-3.1.0.jar:/home/user/.m2/repository/org/eclipse/jetty/jetty-server/9.3.24.v20180605/jetty-server-9.3.24.v20180605.jar:/home/user/.m2/repository/org/eclipse/jetty/jetty-http/9.3.24.v20180605/jetty-http-9.3.24.v20180605.jar:/home/user/.m2/repository/org/eclipse/jetty/jetty-io/9.3.24.v20180605/jetty-io-9.3.24.v20180605.jar:/home/user/.m2/repository/org/eclipse/jetty/jetty-webapp/9.3.24.v20180605/jetty-webapp-9.3.24.v20180605.jar:/home/user/.m2/repository/org/eclipse/jetty/jetty-xml/9.3.24.v20180605/jetty-xml-9.3.24.v20180605.jar:/home/user/.m2/repository/log4j/log4j/1.2.17/log4j-1.2.17.jar:/home/user/.m2/repository/org/slf4j/slf4j-api/1.7.25/slf4j-api-1.7.25.jar:/home/user/.m2/repository/org/slf4j/jul-to-slf4j/1.7.25/jul-to-slf4j-1.7.25.jar:/home/user/.m2/repository/org/eclipse/jetty/jetty-util/9.3.24.v20180605/jetty-util-9.3.24.v20180605.jar:/home/user/.m2/repository/com/fasterxml/jackson/core/jackson-databind/2.9.9/jackson-databind-2.9.9.jar:/home/user/.m2/repository/org/apache/hadoop/hadoop-kms/3.2.0/hadoop-kms-3.2.0-tests.jar:/home/user/.m2/repository/org/apache/hadoop/hadoop-hdds-server-scm/0.5.0-SNAPSHOT/hadoop-hdds-server-scm-0.5.0-SNAPSHOT-tests.jar:/home/user/.m2/repository/org/apache/hadoop/hadoop-hdds-container-service/0.5.0-SNAPSHOT/hadoop-hdds-container-service-0.5.0-SNAPSHOT-tests.jar:/home/user/.m2/repository/org/yaml/snakeyaml/1.16/snakeyaml-1.16.jar:/home/user/.m2/repository/org/apache/hadoop/hadoop-common/3.2.0/hadoop-common-3.2.0-tests.jar:/home/user/.m2/repository/org/apache/hadoop/hadoop-annotations/3.2.0/hadoop-annotations-3.2.0.jar:/usr/lib/jvm/java-1.8-openjdk/jre/../lib/tools.jar:/home/user/.m2/repository/commons-cli/commons-cli/1.2/commons-cli-1.2.jar:/home/user/.m2/repository/org/apache/httpcomponents/httpclient/4.5.2/httpclient-4.5.2.jar:/home/user/.m2/repository/org/apache/httpcomponents/httpcore/4.4.4/httpcore-4.4.4.jar:/home/user/.m2/repository/commons-codec/commons-codec/1.11/commons-codec-1.11.jar:/home/user/.m2/repository/commons-net/commons-net/3.6/commons-net-3.6.jar:/home/user/.m2/repository/commons-collections/commons-collections/3.2.2/commons-collections-3.2.2.jar:/home/user/.m2/repository/org/eclipse/jetty/jetty-servlet/9.3.24.v20180605/jetty-servlet-9.3.24.v20180605.jar:/home/user/.m2/repository/org/eclipse/jetty/jetty-security/9.3.24.v20180605/jetty-security-9.3.24.v20180605.jar:/home/user/.m2/repository/javax/servlet/jsp/jsp-api/2.1/jsp-api-2.1.jar:/home/user/.m2/repository/com/sun/jersey/jersey-servlet/1.19/jersey-servlet-1.19.jar:/home/user/.m2/repository/com/sun/jersey/jersey-json/1.19/jersey-json-1.19.jar:/home/user/.m2/repository/org/codehaus/jettison/jettison/1.1/jettison-1.1.jar:/home/user/.m2/repository/org/codehaus/jackson/jackson-core-asl/1.9.13/jackson-core-asl-1.9.13.jar:/home/user/.m2/repository/org/codehaus/jackson/jackson-mapper-asl/1.9.13/jackson-mapper-asl-1.9.13.jar:/home/user/.m2/repository/org/codehaus/jackson/jackson-jaxrs/1.9.13/jackson-jaxrs-1.9.13.jar:/home/user/.m2/repository/org/codehaus/jackson/jackson-xc/1.9.13/jackson-xc-1.9.13.jar:/home/user/.m2/repository/commons-logging/commons-logging/1.1.3/commons-logging-1.1.3.jar:/home/user/.m2/repository/commons-beanutils/commons-beanutils/1.9.4/commons-beanutils-1.9.4.jar:/home/user/.m2/repository/org/apache/commons/commons-configuration2/2.1.1/commons-configuration2-2.1.1.jar:/home/user/.m2/repository/org/apache/commons/commons-lang3/3.7/commons-lang3-3.7.jar:/home/user/.m2/repository/org/apache/commons/commons-text/1.4/commons-text-1.4.jar:/home/user/.m2/repository/org/apache/avro/avro/1.7.7/avro-1.7.7.jar:/home/user/.m2/repository/com/thoughtworks/paranamer/paranamer/2.3/paranamer-2.3.jar:/home/user/.m2/repository/org/xerial/snappy/snappy-java/1.0.5/snappy-java-1.0.5.jar:/home/user/.m2/repository/com/google/re2j/re2j/1.1/re2j-1.1.jar:/home/user/.m2/repository/com/google/code/gson/gson/2.2.4/gson-2.2.4.jar:/home/user/.m2/repository/com/jcraft/jsch/0.1.54/jsch-0.1.54.jar:/home/user/.m2/repository/org/apache/curator/curator-client/2.12.0/curator-client-2.12.0.jar:/home/user/.m2/repository/org/apache/curator/curator-recipes/2.12.0/curator-recipes-2.12.0.jar:/home/user/.m2/repository/com/google/code/findbugs/jsr305/3.0.0/jsr305-3.0.0.jar:/home/user/.m2/repository/org/apache/htrace/htrace-core4/4.1.0-incubating/htrace-core4-4.1.0-incubating.jar:/home/user/.m2/repository/org/apache/zookeeper/zookeeper/3.4.13/zookeeper-3.4.13.jar:/home/user/.m2/repository/org/apache/yetus/audience-annotations/0.5.0/audience-annotations-0.5.0.jar:/home/user/.m2/repository/org/codehaus/woodstox/stax2-api/3.1.4/stax2-api-3.1.4.jar:/home/user/.m2/repository/com/fasterxml/woodstox/woodstox-core/5.0.3/woodstox-core-5.0.3.jar:/home/user/.m2/repository/dnsjava/dnsjava/2.1.7/dnsjava-2.1.7.jar:/home/user/.m2/repository/org/apache/hadoop/hadoop-hdfs/3.2.0/hadoop-hdfs-3.2.0-tests.jar:/home/user/.m2/repository/org/eclipse/jetty/jetty-util-ajax/9.3.24.v20180605/jetty-util-ajax-9.3.24.v20180605.jar:/home/user/.m2/repository/commons-daemon/commons-daemon/1.0.13/commons-daemon-1.0.13.jar:/home/user/.m2/repository/io/netty/netty/3.10.5.Final/netty-3.10.5.Final.jar:/home/user/.m2/repository/io/netty/netty-all/4.0.52.Final/netty-all-4.0.52.Final.jar:/home/user/.m2/repository/org/fusesource/leveldbjni/leveldbjni-all/1.8/leveldbjni-all-1.8.jar:"/>
    <property name="sun.cpu.endian" value="little"/>
    <property name="user.home" value="/home/user"/>
    <property name="user.language" value="en"/>
    <property name="java.specification.vendor" value="Oracle Corporation"/>
    <property name="java.home" value="/usr/lib/jvm/java-1.8-openjdk/jre"/>
    <property name="java.security.krb5.conf" value="/workdir/hadoop-ozone/integration-test/target/test-classes/krb5.conf"/>
    <property name="basedir" value="/workdir/hadoop-ozone/integration-test"/>
    <property name="file.separator" value="/"/>
    <property name="line.separator" value="&#10;"/>
    <property name="java.vm.specification.vendor" value="Oracle Corporation"/>
    <property name="java.specification.name" value="Java Platform API Specification"/>
    <property name="java.awt.graphicsenv" value="sun.awt.X11GraphicsEnvironment"/>
    <property name="surefire.real.class.path" value="/workdir/hadoop-ozone/integration-test/target/surefire/surefirebooter6976453970604100502.jar"/>
    <property name="hadoop.log.dir" value="/workdir/hadoop-ozone/integration-test/target/log"/>
    <property name="sun.boot.class.path" value="/usr/lib/jvm/java-1.8-openjdk/jre/lib/resources.jar:/usr/lib/jvm/java-1.8-openjdk/jre/lib/rt.jar:/usr/lib/jvm/java-1.8-openjdk/jre/lib/sunrsasign.jar:/usr/lib/jvm/java-1.8-openjdk/jre/lib/jsse.jar:/usr/lib/jvm/java-1.8-openjdk/jre/lib/jce.jar:/usr/lib/jvm/java-1.8-openjdk/jre/lib/charsets.jar:/usr/lib/jvm/java-1.8-openjdk/jre/lib/jfr.jar:/usr/lib/jvm/java-1.8-openjdk/jre/classes"/>
    <property name="sun.management.compiler" value="HotSpot 64-Bit Tiered Compilers"/>
    <property name="java.runtime.version" value="1.8.0_212-b04"/>
    <property name="java.net.preferIPv4Stack" value="true"/>
    <property name="user.name" value="jenkins1000"/>
    <property name="path.separator" value=":"/>
    <property name="java.security.egd" value="file:///dev/urandom"/>
    <property name="os.version" value="3.10.0-957.12.2.el7.x86_64"/>
    <property name="java.endorsed.dirs" value="/usr/lib/jvm/java-1.8-openjdk/jre/lib/endorsed"/>
    <property name="java.runtime.name" value="OpenJDK Runtime Environment"/>
    <property name="file.encoding" value="UTF-8"/>
    <property name="java.vm.name" value="OpenJDK 64-Bit Server VM"/>
    <property name="test.build.webapps" value=""/>
    <property name="localRepository" value="/home/user/.m2/repository"/>
    <property name="java.vendor.url.bug" value="https://icedtea.classpath.org/bugzilla"/>
    <property name="java.io.tmpdir" value="/tmp"/>
    <property name="require.test.libhadoop" value=""/>
    <property name="java.version" value="1.8.0_212"/>
    <property name="user.dir" value="/workdir/hadoop-ozone/integration-test"/>
    <property name="os.arch" value="amd64"/>
    <property name="java.vm.specification.name" value="Java Virtual Machine Specification"/>
    <property name="test.build.classes" value="/workdir/hadoop-ozone/integration-test/target/test-classes"/>
    <property name="java.awt.printerjob" value="sun.print.PSPrinterJob"/>
    <property name="sun.os.patch.level" value="unknown"/>
    <property name="hadoop.tmp.dir" value="/workdir/hadoop-ozone/integration-test/target/tmp"/>
    <property name="java.library.path" value="/usr/lib/jvm/java-1.8-openjdk/jre/lib/amd64/server:/usr/lib/jvm/java-1.8-openjdk/jre/lib/amd64:/usr/lib/jvm/java-1.8-openjdk/jre/../lib/amd64:/workdir/hadoop-ozone/integration-test/target/native/target/usr/local/lib:/workdir/hadoop-ozone/integration-test/../../hadoop-common-project/hadoop-common/target/native/target/usr/local/lib:/usr/java/packages/lib/amd64:/usr/lib64:/lib64:/lib:/usr/lib"/>
    <property name="java.vm.info" value="mixed mode"/>
    <property name="java.vendor" value="IcedTea"/>
    <property name="java.vm.version" value="25.212-b04"/>
    <property name="java.ext.dirs" value="/usr/lib/jvm/java-1.8-openjdk/jre/lib/ext:/usr/java/packages/lib/ext"/>
    <property name="sun.io.unicode.encoding" value="UnicodeLittle"/>
    <property name="java.class.version" value="52.0"/>
  </properties>
  <testcase name="test2DatanodesFailure" classname="org.apache.hadoop.ozone.client.rpc.TestBlockOutputStreamWithFailures" time="104.458"/>
  <testcase name="testDatanodeFailureWithPreAllocation" classname="org.apache.hadoop.ozone.client.rpc.TestBlockOutputStreamWithFailures" time="223.586"/>
  <testcase name="testDatanodeFailureWithSingleNodeRatis" classname="org.apache.hadoop.ozone.client.rpc.TestBlockOutputStreamWithFailures" time="221.344"/>
  <testcase name="testWatchForCommitWithSingleNodeRatis" classname="org.apache.hadoop.ozone.client.rpc.TestBlockOutputStreamWithFailures" time="34.92"/>
  <testcase name="testWatchForCommitDatanodeFailure" classname="org.apache.hadoop.ozone.client.rpc.TestBlockOutputStreamWithFailures" time="38.458"/>
  <testcase name="testFailureWithPrimeSizedData" classname="org.apache.hadoop.ozone.client.rpc.TestBlockOutputStreamWithFailures" time="40.897">
    <failure message="expected:&lt;68&gt; but was:&lt;70&gt;" type="java.lang.AssertionError"><![CDATA[java.lang.AssertionError: expected:<68> but was:<70>
	at org.junit.Assert.fail(Assert.java:88)
	at org.junit.Assert.failNotEquals(Assert.java:743)
	at org.junit.Assert.assertEquals(Assert.java:118)
	at org.junit.Assert.assertEquals(Assert.java:555)
	at org.junit.Assert.assertEquals(Assert.java:542)
	at org.apache.hadoop.ozone.client.rpc.TestBlockOutputStreamWithFailures.testFailureWithPrimeSizedData(TestBlockOutputStreamWithFailures.java:605)
	at sun.reflect.NativeMethodAccessorImpl.invoke0(Native Method)
	at sun.reflect.NativeMethodAccessorImpl.invoke(NativeMethodAccessorImpl.java:62)
	at sun.reflect.DelegatingMethodAccessorImpl.invoke(DelegatingMethodAccessorImpl.java:43)
	at java.lang.reflect.Method.invoke(Method.java:498)
	at org.junit.runners.model.FrameworkMethod$1.runReflectiveCall(FrameworkMethod.java:47)
	at org.junit.internal.runners.model.ReflectiveCallable.run(ReflectiveCallable.java:12)
	at org.junit.runners.model.FrameworkMethod.invokeExplosively(FrameworkMethod.java:44)
	at org.junit.internal.runners.statements.InvokeMethod.evaluate(InvokeMethod.java:17)
	at org.junit.internal.runners.statements.RunBefores.evaluate(RunBefores.java:26)
	at org.junit.internal.runners.statements.RunAfters.evaluate(RunAfters.java:27)
	at org.junit.runners.ParentRunner.runLeaf(ParentRunner.java:271)
	at org.junit.runners.BlockJUnit4ClassRunner.runChild(BlockJUnit4ClassRunner.java:70)
	at org.junit.runners.BlockJUnit4ClassRunner.runChild(BlockJUnit4ClassRunner.java:50)
	at org.junit.runners.ParentRunner$3.run(ParentRunner.java:238)
	at org.junit.runners.ParentRunner$1.schedule(ParentRunner.java:63)
	at org.junit.runners.ParentRunner.runChildren(ParentRunner.java:236)
	at org.junit.runners.ParentRunner.access$000(ParentRunner.java:53)
	at org.junit.runners.ParentRunner$2.evaluate(ParentRunner.java:229)
	at org.junit.runners.ParentRunner.run(ParentRunner.java:309)
	at org.apache.maven.surefire.junit4.JUnit4Provider.execute(JUnit4Provider.java:365)
	at org.apache.maven.surefire.junit4.JUnit4Provider.executeWithRerun(JUnit4Provider.java:273)
	at org.apache.maven.surefire.junit4.JUnit4Provider.executeTestSet(JUnit4Provider.java:238)
	at org.apache.maven.surefire.junit4.JUnit4Provider.invoke(JUnit4Provider.java:159)
	at org.apache.maven.surefire.booter.ForkedBooter.invokeProviderInSameClassLoader(ForkedBooter.java:384)
	at org.apache.maven.surefire.booter.ForkedBooter.runSuitesInProcess(ForkedBooter.java:345)
	at org.apache.maven.surefire.booter.ForkedBooter.execute(ForkedBooter.java:126)
	at org.apache.maven.surefire.booter.ForkedBooter.main(ForkedBooter.java:418)
]]></failure>
    <system-out><![CDATA[2019-09-19 21:56:17,405 [main] WARN  server.ServerUtils (ServerUtils.java:getScmDbDir(145)) - ozone.scm.db.dirs is not configured. We recommend adding this setting. Falling back to ozone.metadata.dirs instead.
2019-09-19 21:56:17,431 [main] WARN  server.ServerUtils (ServerUtils.java:getScmDbDir(145)) - ozone.scm.db.dirs is not configured. We recommend adding this setting. Falling back to ozone.metadata.dirs instead.
2019-09-19 21:56:17,432 [main] WARN  server.ServerUtils (ServerUtils.java:getScmDbDir(145)) - ozone.scm.db.dirs is not configured. We recommend adding this setting. Falling back to ozone.metadata.dirs instead.
2019-09-19 21:56:17,432 [main] INFO  db.DBStoreBuilder (DBStoreBuilder.java:addTable(110)) - using custom profile for table: deletedBlocks
2019-09-19 21:56:17,433 [main] INFO  db.DBStoreBuilder (DBStoreBuilder.java:processTables(161)) - Using default column profile:DBProfile.DISK for Table:deletedBlocks
2019-09-19 21:56:17,433 [main] INFO  db.DBStoreBuilder (DBStoreBuilder.java:addTable(110)) - using custom profile for table: validCerts
2019-09-19 21:56:17,433 [main] INFO  db.DBStoreBuilder (DBStoreBuilder.java:processTables(161)) - Using default column profile:DBProfile.DISK for Table:validCerts
2019-09-19 21:56:17,434 [main] INFO  db.DBStoreBuilder (DBStoreBuilder.java:addTable(110)) - using custom profile for table: revokedCerts
2019-09-19 21:56:17,434 [main] INFO  db.DBStoreBuilder (DBStoreBuilder.java:processTables(161)) - Using default column profile:DBProfile.DISK for Table:revokedCerts
2019-09-19 21:56:17,434 [main] INFO  db.DBStoreBuilder (DBStoreBuilder.java:addTable(110)) - using custom profile for table: default
2019-09-19 21:56:17,435 [main] INFO  db.DBStoreBuilder (DBStoreBuilder.java:processTables(167)) - Using default column profile:DBProfile.DISK for Table:default
2019-09-19 21:56:17,435 [main] INFO  db.DBStoreBuilder (DBStoreBuilder.java:getDbProfile(198)) - Using default options. DBProfile.DISK
2019-09-19 21:56:17,621 [main] INFO  net.NodeSchemaLoader (NodeSchemaLoader.java:loadSchemaFromFile(125)) - Loading file from sun.misc.CompoundEnumeration@18cf5c52
2019-09-19 21:56:17,621 [main] INFO  net.NodeSchemaLoader (NodeSchemaLoader.java:loadSchema(171)) - Loading network topology layer schema file
2019-09-19 21:56:17,629 [main] INFO  node.SCMNodeManager (SCMNodeManager.java:<init>(114)) - Entering startup safe mode.
2019-09-19 21:56:17,630 [main] INFO  algorithms.ContainerPlacementPolicyFactory (ContainerPlacementPolicyFactory.java:getPolicy(57)) - Create container placement policy of type org.apache.hadoop.hdds.scm.container.placement.algorithms.SCMContainerPlacementRandom
2019-09-19 21:56:17,631 [main] WARN  server.ServerUtils (ServerUtils.java:getScmDbDir(145)) - ozone.scm.db.dirs is not configured. We recommend adding this setting. Falling back to ozone.metadata.dirs instead.
2019-09-19 21:56:17,683 [main] INFO  pipeline.SCMPipelineManager (SCMPipelineManager.java:initializePipelineState(132)) - No pipeline exists in current db
2019-09-19 21:56:17,683 [main] WARN  server.ServerUtils (ServerUtils.java:getScmDbDir(145)) - ozone.scm.db.dirs is not configured. We recommend adding this setting. Falling back to ozone.metadata.dirs instead.
2019-09-19 21:56:17,793 [main] WARN  events.EventQueue (EventQueue.java:fireEvent(183)) - No event handler registered for event TypedEvent{payloadType=SafeModeStatus, name='SafeModeStatus'}
2019-09-19 21:56:17,794 [main] INFO  ipc.CallQueueManager (CallQueueManager.java:<init>(84)) - Using callQueue: class java.util.concurrent.LinkedBlockingQueue, queueCapacity: 2000, scheduler: class org.apache.hadoop.ipc.DefaultRpcScheduler, ipcBackoff: false.
2019-09-19 21:56:17,795 [Socket Reader #1 for port 46365] INFO  ipc.Server (Server.java:run(1074)) - Starting Socket Reader #1 for port 46365
2019-09-19 21:56:17,798 [main] INFO  ipc.CallQueueManager (CallQueueManager.java:<init>(84)) - Using callQueue: class java.util.concurrent.LinkedBlockingQueue, queueCapacity: 2000, scheduler: class org.apache.hadoop.ipc.DefaultRpcScheduler, ipcBackoff: false.
2019-09-19 21:56:17,798 [Socket Reader #1 for port 32982] INFO  ipc.Server (Server.java:run(1074)) - Starting Socket Reader #1 for port 32982
2019-09-19 21:56:17,800 [main] INFO  ipc.CallQueueManager (CallQueueManager.java:<init>(84)) - Using callQueue: class java.util.concurrent.LinkedBlockingQueue, queueCapacity: 2000, scheduler: class org.apache.hadoop.ipc.DefaultRpcScheduler, ipcBackoff: false.
2019-09-19 21:56:17,801 [Socket Reader #1 for port 39031] INFO  ipc.Server (Server.java:run(1074)) - Starting Socket Reader #1 for port 39031
2019-09-19 21:56:17,807 [main] INFO  hdfs.DFSUtil (DFSUtil.java:httpServerTemplateForNNAndJN(1641)) - Starting Web-server for scm at: http://0.0.0.0:0
2019-09-19 21:56:17,812 [main] INFO  server.AuthenticationFilter (AuthenticationFilter.java:constructSecretProvider(240)) - Unable to initialize FileSignerSecretProvider, falling back to use random secrets.
2019-09-19 21:56:17,813 [main] WARN  http.HttpRequestLog (HttpRequestLog.java:getRequestLog(97)) - Jetty request log can only be enabled using Log4j
2019-09-19 21:56:17,814 [main] INFO  http.HttpServer2 (HttpServer2.java:addGlobalFilter(975)) - Added global filter 'safety' (class=org.apache.hadoop.http.HttpServer2$QuotingInputFilter)
2019-09-19 21:56:17,815 [main] INFO  http.HttpServer2 (HttpServer2.java:addFilter(948)) - Added filter static_user_filter (class=org.apache.hadoop.http.lib.StaticUserWebFilter$StaticUserFilter) to context scm
2019-09-19 21:56:17,815 [main] INFO  http.HttpServer2 (HttpServer2.java:addFilter(958)) - Added filter static_user_filter (class=org.apache.hadoop.http.lib.StaticUserWebFilter$StaticUserFilter) to context logs
2019-09-19 21:56:17,815 [main] INFO  http.HttpServer2 (HttpServer2.java:addFilter(958)) - Added filter static_user_filter (class=org.apache.hadoop.http.lib.StaticUserWebFilter$StaticUserFilter) to context static
2019-09-19 21:56:17,817 [main] INFO  server.StorageContainerManager (StorageContainerManager.java:start(770)) - StorageContainerLocationProtocol RPC server is listening at /0.0.0.0:39031
2019-09-19 21:56:17,819 [main] WARN  impl.MetricsConfig (MetricsConfig.java:loadFirst(134)) - Cannot locate configuration: tried hadoop-metrics2-storagecontainermanager.properties,hadoop-metrics2.properties
2019-09-19 21:56:17,820 [main] INFO  impl.MetricsSystemImpl (MetricsSystemImpl.java:startTimer(374)) - Scheduled Metric snapshot period at 10 second(s).
2019-09-19 21:56:17,820 [main] INFO  impl.MetricsSystemImpl (MetricsSystemImpl.java:start(191)) - StorageContainerManager metrics system started
2019-09-19 21:56:17,945 [main] WARN  impl.MetricsSystemImpl (MetricsSystemImpl.java:register(276)) - Sink prometheus already exists!
2019-09-19 21:56:17,993 [main] INFO  server.SCMClientProtocolServer (SCMClientProtocolServer.java:start(151)) - RPC server for Client  is listening at /0.0.0.0:39031
2019-09-19 21:56:17,994 [IPC Server Responder] INFO  ipc.Server (Server.java:run(1314)) - IPC Server Responder: starting
2019-09-19 21:56:17,994 [IPC Server listener on 39031] INFO  ipc.Server (Server.java:run(1153)) - IPC Server listener on 39031: starting
2019-09-19 21:56:17,999 [main] INFO  server.StorageContainerManager (StorageContainerManager.java:start(780)) - ScmBlockLocationProtocol RPC server is listening at /0.0.0.0:32982
2019-09-19 21:56:17,999 [main] INFO  server.SCMBlockProtocolServer (SCMBlockProtocolServer.java:start(146)) - RPC server for Block Protocol is listening at /0.0.0.0:32982
2019-09-19 21:56:17,999 [IPC Server Responder] INFO  ipc.Server (Server.java:run(1314)) - IPC Server Responder: starting
2019-09-19 21:56:18,000 [IPC Server listener on 32982] INFO  ipc.Server (Server.java:run(1153)) - IPC Server listener on 32982: starting
2019-09-19 21:56:18,004 [main] INFO  server.StorageContainerManager (StorageContainerManager.java:start(784)) - ScmDatanodeProtocl RPC server is listening at /0.0.0.0:46365
2019-09-19 21:56:18,005 [main] INFO  server.SCMDatanodeProtocolServer (SCMDatanodeProtocolServer.java:start(191)) - RPC server for DataNodes is listening at /0.0.0.0:46365
2019-09-19 21:56:18,005 [IPC Server Responder] INFO  ipc.Server (Server.java:run(1314)) - IPC Server Responder: starting
2019-09-19 21:56:18,005 [IPC Server listener on 46365] INFO  ipc.Server (Server.java:run(1153)) - IPC Server listener on 46365: starting
2019-09-19 21:56:18,015 [main] INFO  http.HttpServer2 (HttpServer2.java:bindListener(1191)) - Jetty bound to port 46476
2019-09-19 21:56:18,015 [main] INFO  server.Server (Server.java:doStart(351)) - jetty-9.3.24.v20180605, build timestamp: 2018-06-05T17:11:56Z, git hash: 84205aa28f11a4f31f2a3b86d1bba2cc8ab69827
2019-09-19 21:56:18,016 [main] INFO  handler.ContextHandler (ContextHandler.java:doStart(781)) - Started o.e.j.s.ServletContextHandler@59918c8f{/logs,file:///workdir/hadoop-ozone/integration-test/target/log,AVAILABLE}
2019-09-19 21:56:18,017 [main] INFO  handler.ContextHandler (ContextHandler.java:doStart(781)) - Started o.e.j.s.ServletContextHandler@1c74d19{/static,file:///workdir/hadoop-ozone/integration-test/target/test-classes/webapps/static,AVAILABLE}
2019-09-19 21:56:18,020 [main] INFO  handler.ContextHandler (ContextHandler.java:doStart(781)) - Started o.e.j.w.WebAppContext@70b33256{/,file:///workdir/hadoop-ozone/integration-test/target/test-classes/webapps/scm/,AVAILABLE}{/scm}
2019-09-19 21:56:18,020 [main] INFO  server.AbstractConnector (AbstractConnector.java:doStart(278)) - Started ServerConnector@33d230ce{HTTP/1.1,[http/1.1]}{0.0.0.0:46476}
2019-09-19 21:56:18,022 [main] INFO  server.Server (Server.java:doStart(419)) - Started @623923ms
2019-09-19 21:56:18,022 [main] WARN  impl.MetricsSystemImpl (MetricsSystemImpl.java:register(276)) - Sink prometheus already exists!
2019-09-19 21:56:18,023 [main] INFO  server.BaseHttpServer (BaseHttpServer.java:updateConnectorAddress(215)) - HTTP server of SCM is listening at http://0.0.0.0:46476
2019-09-19 21:56:18,023 [main] WARN  server.ServerUtils (ServerUtils.java:getDBPath(222)) - ozone.om.db.dirs is not configured. We recommend adding this setting. Falling back to ozone.metadata.dirs instead.
2019-09-19 21:56:18,025 [org.apache.hadoop.util.JvmPauseMonitor$Monitor@a316f6b] INFO  util.JvmPauseMonitor (JvmPauseMonitor.java:run(188)) - Starting JVM pause monitor
2019-09-19 21:56:18,039 [main] WARN  server.ServerUtils (ServerUtils.java:getDBPath(222)) - ozone.om.db.dirs is not configured. We recommend adding this setting. Falling back to ozone.metadata.dirs instead.
2019-09-19 21:56:18,039 [main] WARN  server.ServerUtils (ServerUtils.java:getDBPath(222)) - ozone.om.db.dirs is not configured. We recommend adding this setting. Falling back to ozone.metadata.dirs instead.
2019-09-19 21:56:18,039 [main] INFO  om.OzoneManager (OzoneManager.java:setOMNodeDetails(652)) - OM Service ID is not set. Setting it to the default ID: omServiceIdDefault
2019-09-19 21:56:18,040 [main] INFO  om.OzoneManager (OzoneManager.java:setOMNodeDetails(658)) - OM Node ID is not set. Setting it to the OmStorage's OmID: 629f8585-9668-4532-a0db-5217a228be53
2019-09-19 21:56:18,040 [main] INFO  om.OzoneManager (OzoneManager.java:loadOMHAConfigs(609)) - Found matching OM address with OMServiceId: null, OMNodeId: null, RPC Address: localhost:0 and Ratis port: 9872
2019-09-19 21:56:18,046 [main] WARN  server.ServerUtils (ServerUtils.java:getDBPath(222)) - ozone.om.db.dirs is not configured. We recommend adding this setting. Falling back to ozone.metadata.dirs instead.
2019-09-19 21:56:18,046 [main] INFO  db.DBStoreBuilder (DBStoreBuilder.java:addTable(110)) - using custom profile for table: userTable
2019-09-19 21:56:18,047 [main] INFO  db.DBStoreBuilder (DBStoreBuilder.java:processTables(161)) - Using default column profile:DBProfile.DISK for Table:userTable
2019-09-19 21:56:18,047 [main] INFO  db.DBStoreBuilder (DBStoreBuilder.java:addTable(110)) - using custom profile for table: volumeTable
2019-09-19 21:56:18,047 [main] INFO  db.DBStoreBuilder (DBStoreBuilder.java:processTables(161)) - Using default column profile:DBProfile.DISK for Table:volumeTable
2019-09-19 21:56:18,047 [main] INFO  db.DBStoreBuilder (DBStoreBuilder.java:addTable(110)) - using custom profile for table: bucketTable
2019-09-19 21:56:18,047 [main] INFO  db.DBStoreBuilder (DBStoreBuilder.java:processTables(161)) - Using default column profile:DBProfile.DISK for Table:bucketTable
2019-09-19 21:56:18,047 [main] INFO  db.DBStoreBuilder (DBStoreBuilder.java:addTable(110)) - using custom profile for table: keyTable
2019-09-19 21:56:18,047 [main] INFO  db.DBStoreBuilder (DBStoreBuilder.java:processTables(161)) - Using default column profile:DBProfile.DISK for Table:keyTable
2019-09-19 21:56:18,048 [main] INFO  db.DBStoreBuilder (DBStoreBuilder.java:addTable(110)) - using custom profile for table: deletedTable
2019-09-19 21:56:18,048 [main] INFO  db.DBStoreBuilder (DBStoreBuilder.java:processTables(161)) - Using default column profile:DBProfile.DISK for Table:deletedTable
2019-09-19 21:56:18,048 [main] INFO  db.DBStoreBuilder (DBStoreBuilder.java:addTable(110)) - using custom profile for table: openKeyTable
2019-09-19 21:56:18,048 [main] INFO  db.DBStoreBuilder (DBStoreBuilder.java:processTables(161)) - Using default column profile:DBProfile.DISK for Table:openKeyTable
2019-09-19 21:56:18,048 [main] INFO  db.DBStoreBuilder (DBStoreBuilder.java:addTable(110)) - using custom profile for table: s3Table
2019-09-19 21:56:18,048 [main] INFO  db.DBStoreBuilder (DBStoreBuilder.java:processTables(161)) - Using default column profile:DBProfile.DISK for Table:s3Table
2019-09-19 21:56:18,049 [main] INFO  db.DBStoreBuilder (DBStoreBuilder.java:addTable(110)) - using custom profile for table: multipartInfoTable
2019-09-19 21:56:18,049 [main] INFO  db.DBStoreBuilder (DBStoreBuilder.java:processTables(161)) - Using default column profile:DBProfile.DISK for Table:multipartInfoTable
2019-09-19 21:56:18,049 [main] INFO  db.DBStoreBuilder (DBStoreBuilder.java:addTable(110)) - using custom profile for table: dTokenTable
2019-09-19 21:56:18,049 [main] INFO  db.DBStoreBuilder (DBStoreBuilder.java:processTables(161)) - Using default column profile:DBProfile.DISK for Table:dTokenTable
2019-09-19 21:56:18,049 [main] INFO  db.DBStoreBuilder (DBStoreBuilder.java:addTable(110)) - using custom profile for table: s3SecretTable
2019-09-19 21:56:18,049 [main] INFO  db.DBStoreBuilder (DBStoreBuilder.java:processTables(161)) - Using default column profile:DBProfile.DISK for Table:s3SecretTable
2019-09-19 21:56:18,049 [main] INFO  db.DBStoreBuilder (DBStoreBuilder.java:addTable(110)) - using custom profile for table: prefixTable
2019-09-19 21:56:18,050 [main] INFO  db.DBStoreBuilder (DBStoreBuilder.java:processTables(161)) - Using default column profile:DBProfile.DISK for Table:prefixTable
2019-09-19 21:56:18,050 [main] INFO  db.DBStoreBuilder (DBStoreBuilder.java:addTable(110)) - using custom profile for table: default
2019-09-19 21:56:18,050 [main] INFO  db.DBStoreBuilder (DBStoreBuilder.java:processTables(167)) - Using default column profile:DBProfile.DISK for Table:default
2019-09-19 21:56:18,050 [main] INFO  db.DBStoreBuilder (DBStoreBuilder.java:getDbProfile(198)) - Using default options. DBProfile.DISK
2019-09-19 21:56:18,494 [main] INFO  ipc.CallQueueManager (CallQueueManager.java:<init>(84)) - Using callQueue: class java.util.concurrent.LinkedBlockingQueue, queueCapacity: 2000, scheduler: class org.apache.hadoop.ipc.DefaultRpcScheduler, ipcBackoff: false.
2019-09-19 21:56:18,495 [Socket Reader #1 for port 33208] INFO  ipc.Server (Server.java:run(1074)) - Starting Socket Reader #1 for port 33208
2019-09-19 21:56:18,509 [main] INFO  om.OzoneManager (OzoneManager.java:start(1243)) - OzoneManager RPC server is listening at localhost/127.0.0.1:33208
2019-09-19 21:56:18,509 [main] INFO  impl.MetricsSystemImpl (MetricsSystemImpl.java:init(158)) - OzoneManager metrics system started (again)
2019-09-19 21:56:18,510 [IPC Server Responder] INFO  ipc.Server (Server.java:run(1314)) - IPC Server Responder: starting
2019-09-19 21:56:18,510 [IPC Server listener on 33208] INFO  ipc.Server (Server.java:run(1153)) - IPC Server listener on 33208: starting
2019-09-19 21:56:18,517 [main] INFO  hdfs.DFSUtil (DFSUtil.java:httpServerTemplateForNNAndJN(1641)) - Starting Web-server for ozoneManager at: http://0.0.0.0:0
2019-09-19 21:56:18,518 [main] INFO  server.AuthenticationFilter (AuthenticationFilter.java:constructSecretProvider(240)) - Unable to initialize FileSignerSecretProvider, falling back to use random secrets.
2019-09-19 21:56:18,519 [main] WARN  http.HttpRequestLog (HttpRequestLog.java:getRequestLog(97)) - Jetty request log can only be enabled using Log4j
2019-09-19 21:56:18,521 [main] INFO  http.HttpServer2 (HttpServer2.java:addGlobalFilter(975)) - Added global filter 'safety' (class=org.apache.hadoop.http.HttpServer2$QuotingInputFilter)
2019-09-19 21:56:18,522 [main] INFO  http.HttpServer2 (HttpServer2.java:addFilter(948)) - Added filter static_user_filter (class=org.apache.hadoop.http.lib.StaticUserWebFilter$StaticUserFilter) to context ozoneManager
2019-09-19 21:56:18,522 [main] INFO  http.HttpServer2 (HttpServer2.java:addFilter(958)) - Added filter static_user_filter (class=org.apache.hadoop.http.lib.StaticUserWebFilter$StaticUserFilter) to context static
2019-09-19 21:56:18,522 [main] INFO  http.HttpServer2 (HttpServer2.java:addFilter(958)) - Added filter static_user_filter (class=org.apache.hadoop.http.lib.StaticUserWebFilter$StaticUserFilter) to context logs
2019-09-19 21:56:18,523 [main] INFO  http.HttpServer2 (HttpServer2.java:bindListener(1191)) - Jetty bound to port 33960
2019-09-19 21:56:18,523 [main] INFO  server.Server (Server.java:doStart(351)) - jetty-9.3.24.v20180605, build timestamp: 2018-06-05T17:11:56Z, git hash: 84205aa28f11a4f31f2a3b86d1bba2cc8ab69827
2019-09-19 21:56:18,525 [main] INFO  handler.ContextHandler (ContextHandler.java:doStart(781)) - Started o.e.j.s.ServletContextHandler@7f12094d{/logs,file:///workdir/hadoop-ozone/integration-test/target/log,AVAILABLE}
2019-09-19 21:56:18,525 [main] INFO  handler.ContextHandler (ContextHandler.java:doStart(781)) - Started o.e.j.s.ServletContextHandler@200d1a3d{/static,file:///workdir/hadoop-ozone/integration-test/target/test-classes/webapps/static,AVAILABLE}
2019-09-19 21:56:18,530 [main] INFO  handler.ContextHandler (ContextHandler.java:doStart(781)) - Started o.e.j.w.WebAppContext@2fdf22f7{/,file:///workdir/hadoop-ozone/integration-test/target/test-classes/webapps/ozoneManager/,AVAILABLE}{/ozoneManager}
2019-09-19 21:56:18,530 [main] INFO  server.AbstractConnector (AbstractConnector.java:doStart(278)) - Started ServerConnector@3a2546d6{HTTP/1.1,[http/1.1]}{0.0.0.0:33960}
2019-09-19 21:56:18,532 [main] INFO  server.Server (Server.java:doStart(419)) - Started @624433ms
2019-09-19 21:56:18,532 [main] WARN  impl.MetricsSystemImpl (MetricsSystemImpl.java:register(276)) - Sink prometheus already exists!
2019-09-19 21:56:18,533 [main] INFO  server.BaseHttpServer (BaseHttpServer.java:updateConnectorAddress(215)) - HTTP server of OZONEMANAGER is listening at http://0.0.0.0:33960
2019-09-19 21:56:18,550 [main] INFO  impl.MetricsSystemImpl (MetricsSystemImpl.java:init(158)) - HddsDatanode metrics system started (again)
2019-09-19 21:56:18,554 [main] INFO  ozone.HddsDatanodeService (HddsDatanodeService.java:start(184)) - HddsDatanodeService host:pr-hdds-2020-k2m72-150965138 ip:192.168.157.232
2019-09-19 21:56:18,562 [main] INFO  volume.HddsVolume (HddsVolume.java:<init>(176)) - Creating Volume: /workdir/hadoop-ozone/integration-test/target/test-dir/MiniOzoneClusterImpl-7574fd73-fa3b-42f5-86a6-8b7eb4322844/datanode-0/data/containers/hdds of  storage type : DISK and capacity : 1482555576320
2019-09-19 21:56:18,562 [main] INFO  volume.VolumeSet (VolumeSet.java:initializeVolumeSet(170)) - Added Volume : /workdir/hadoop-ozone/integration-test/target/test-dir/MiniOzoneClusterImpl-7574fd73-fa3b-42f5-86a6-8b7eb4322844/datanode-0/data/containers/hdds to VolumeSet
2019-09-19 21:56:18,562 [main] INFO  volume.ThrottledAsyncChecker (ThrottledAsyncChecker.java:schedule(139)) - Scheduling a check for org.apache.hadoop.ozone.container.common.volume.HddsVolume@611c3eae
2019-09-19 21:56:18,563 [main] INFO  volume.HddsVolumeChecker (HddsVolumeChecker.java:checkAllVolumes(202)) - Scheduled health check for volume org.apache.hadoop.ozone.container.common.volume.HddsVolume@611c3eae
2019-09-19 21:56:18,582 [main] INFO  impl.RaftServerProxy (ConfUtils.java:logGet(43)) - raft.rpc.type = GRPC (default)
2019-09-19 21:56:18,582 [main] INFO  grpc.GrpcFactory (GrpcFactory.java:checkPooledByteBufAllocatorUseCacheForAllThreads(45)) - PERFORMANCE WARNING: useCacheForAllThreads is true that may cause Netty to create a lot garbage objects and, as a result, trigger GC.
	It is recommended to disable useCacheForAllThreads by setting -Dorg.apache.ratis.thirdparty.io.netty.allocator.useCacheForAllThreads=false in command line.
2019-09-19 21:56:18,583 [main] INFO  grpc.GrpcConfigKeys$Server (ConfUtils.java:logGet(43)) - raft.grpc.server.port = 0 (default)
2019-09-19 21:56:18,583 [main] INFO  server.GrpcService (ConfUtils.java:logGet(43)) - raft.grpc.message.size.max = 33570816 (custom)
2019-09-19 21:56:18,583 [main] INFO  server.RaftServerConfigKeys (ConfUtils.java:logGet(43)) - raft.server.log.appender.buffer.byte-limit = 33554432 (custom)
2019-09-19 21:56:18,583 [main] INFO  server.GrpcService (ConfUtils.java:logGet(43)) - raft.grpc.flow.control.window = 1MB (=1048576) (default)
2019-09-19 21:56:18,583 [main] INFO  server.RaftServerConfigKeys (ConfUtils.java:logGet(43)) - raft.server.rpc.request.timeout = 3000ms (default)
2019-09-19 21:56:18,584 [main] INFO  server.RaftServerConfigKeys (ConfUtils.java:logGet(43)) - raft.server.storage.dir = [/workdir/hadoop-ozone/integration-test/target/test-dir/MiniOzoneClusterImpl-7574fd73-fa3b-42f5-86a6-8b7eb4322844/datanode-0/data/ratis] (custom)
2019-09-19 21:56:18,587 [main] INFO  hdfs.DFSUtil (DFSUtil.java:httpServerTemplateForNNAndJN(1641)) - Starting Web-server for hddsDatanode at: http://0.0.0.0:0
2019-09-19 21:56:18,588 [main] INFO  server.AuthenticationFilter (AuthenticationFilter.java:constructSecretProvider(240)) - Unable to initialize FileSignerSecretProvider, falling back to use random secrets.
2019-09-19 21:56:18,588 [main] WARN  http.HttpRequestLog (HttpRequestLog.java:getRequestLog(97)) - Jetty request log can only be enabled using Log4j
2019-09-19 21:56:18,590 [main] INFO  http.HttpServer2 (HttpServer2.java:addGlobalFilter(975)) - Added global filter 'safety' (class=org.apache.hadoop.http.HttpServer2$QuotingInputFilter)
2019-09-19 21:56:18,590 [main] INFO  http.HttpServer2 (HttpServer2.java:addFilter(948)) - Added filter static_user_filter (class=org.apache.hadoop.http.lib.StaticUserWebFilter$StaticUserFilter) to context hddsDatanode
2019-09-19 21:56:18,590 [main] INFO  http.HttpServer2 (HttpServer2.java:addFilter(958)) - Added filter static_user_filter (class=org.apache.hadoop.http.lib.StaticUserWebFilter$StaticUserFilter) to context static
2019-09-19 21:56:18,590 [main] INFO  http.HttpServer2 (HttpServer2.java:addFilter(958)) - Added filter static_user_filter (class=org.apache.hadoop.http.lib.StaticUserWebFilter$StaticUserFilter) to context logs
2019-09-19 21:56:18,591 [main] INFO  http.HttpServer2 (HttpServer2.java:bindListener(1191)) - Jetty bound to port 40473
2019-09-19 21:56:18,591 [main] INFO  server.Server (Server.java:doStart(351)) - jetty-9.3.24.v20180605, build timestamp: 2018-06-05T17:11:56Z, git hash: 84205aa28f11a4f31f2a3b86d1bba2cc8ab69827
2019-09-19 21:56:18,593 [main] INFO  handler.ContextHandler (ContextHandler.java:doStart(781)) - Started o.e.j.s.ServletContextHandler@1491cd6c{/logs,file:///workdir/hadoop-ozone/integration-test/target/log,AVAILABLE}
2019-09-19 21:56:18,593 [main] INFO  handler.ContextHandler (ContextHandler.java:doStart(781)) - Started o.e.j.s.ServletContextHandler@1aedf08d{/static,jar:file:/home/user/.m2/repository/org/apache/hadoop/hadoop-hdds-container-service/0.5.0-SNAPSHOT/hadoop-hdds-container-service-0.5.0-SNAPSHOT.jar!/webapps/static,AVAILABLE}
2019-09-19 21:56:18,627 [main] INFO  handler.ContextHandler (ContextHandler.java:doStart(781)) - Started o.e.j.w.WebAppContext@6537ac{/,file:///tmp/jetty-0.0.0.0-40473-hddsDatanode-_-any-6733968212631074145.dir/webapp/,AVAILABLE}{/hddsDatanode}
2019-09-19 21:56:18,627 [main] INFO  server.AbstractConnector (AbstractConnector.java:doStart(278)) - Started ServerConnector@3b218c74{HTTP/1.1,[http/1.1]}{0.0.0.0:40473}
2019-09-19 21:56:18,627 [main] INFO  server.Server (Server.java:doStart(419)) - Started @624528ms
2019-09-19 21:56:18,630 [main] WARN  impl.MetricsSystemImpl (MetricsSystemImpl.java:register(276)) - Sink prometheus already exists!
2019-09-19 21:56:18,630 [main] INFO  server.BaseHttpServer (BaseHttpServer.java:updateConnectorAddress(215)) - HTTP server of HDDSDATANODE is listening at http://0.0.0.0:40473
2019-09-19 21:56:18,631 [main] INFO  impl.MetricsSystemImpl (MetricsSystemImpl.java:init(158)) - HddsDatanode metrics system started (again)
2019-09-19 21:56:18,635 [org.apache.hadoop.util.JvmPauseMonitor$Monitor@4d7fcb55] INFO  util.JvmPauseMonitor (JvmPauseMonitor.java:run(188)) - Starting JVM pause monitor
2019-09-19 21:56:18,635 [main] INFO  ozone.HddsDatanodeService (HddsDatanodeService.java:start(184)) - HddsDatanodeService host:pr-hdds-2020-k2m72-150965138 ip:192.168.157.232
2019-09-19 21:56:18,637 [Datanode State Machine Thread - 0] INFO  datanode.InitDatanodeState (InitDatanodeState.java:persistContainerDatanodeDetails(140)) - DatanodeDetails is persisted to /workdir/hadoop-ozone/integration-test/target/test-dir/MiniOzoneClusterImpl-7574fd73-fa3b-42f5-86a6-8b7eb4322844/datanode-0/meta/datanode.id
2019-09-19 21:56:18,642 [main] INFO  volume.HddsVolume (HddsVolume.java:<init>(176)) - Creating Volume: /workdir/hadoop-ozone/integration-test/target/test-dir/MiniOzoneClusterImpl-7574fd73-fa3b-42f5-86a6-8b7eb4322844/datanode-1/data/containers/hdds of  storage type : DISK and capacity : 1482555576320
2019-09-19 21:56:18,643 [main] INFO  volume.VolumeSet (VolumeSet.java:initializeVolumeSet(170)) - Added Volume : /workdir/hadoop-ozone/integration-test/target/test-dir/MiniOzoneClusterImpl-7574fd73-fa3b-42f5-86a6-8b7eb4322844/datanode-1/data/containers/hdds to VolumeSet
2019-09-19 21:56:18,643 [main] INFO  volume.ThrottledAsyncChecker (ThrottledAsyncChecker.java:schedule(139)) - Scheduling a check for org.apache.hadoop.ozone.container.common.volume.HddsVolume@38c460e8
2019-09-19 21:56:18,643 [main] INFO  volume.HddsVolumeChecker (HddsVolumeChecker.java:checkAllVolumes(202)) - Scheduled health check for volume org.apache.hadoop.ozone.container.common.volume.HddsVolume@38c460e8
2019-09-19 21:56:18,657 [main] INFO  impl.RaftServerProxy (ConfUtils.java:logGet(43)) - raft.rpc.type = GRPC (default)
2019-09-19 21:56:18,657 [main] INFO  grpc.GrpcFactory (GrpcFactory.java:checkPooledByteBufAllocatorUseCacheForAllThreads(45)) - PERFORMANCE WARNING: useCacheForAllThreads is true that may cause Netty to create a lot garbage objects and, as a result, trigger GC.
	It is recommended to disable useCacheForAllThreads by setting -Dorg.apache.ratis.thirdparty.io.netty.allocator.useCacheForAllThreads=false in command line.
2019-09-19 21:56:18,657 [main] INFO  grpc.GrpcConfigKeys$Server (ConfUtils.java:logGet(43)) - raft.grpc.server.port = 0 (default)
2019-09-19 21:56:18,657 [main] INFO  server.GrpcService (ConfUtils.java:logGet(43)) - raft.grpc.message.size.max = 33570816 (custom)
2019-09-19 21:56:18,657 [main] INFO  server.RaftServerConfigKeys (ConfUtils.java:logGet(43)) - raft.server.log.appender.buffer.byte-limit = 33554432 (custom)
2019-09-19 21:56:18,657 [main] INFO  server.GrpcService (ConfUtils.java:logGet(43)) - raft.grpc.flow.control.window = 1MB (=1048576) (default)
2019-09-19 21:56:18,658 [main] INFO  server.RaftServerConfigKeys (ConfUtils.java:logGet(43)) - raft.server.rpc.request.timeout = 3000ms (default)
2019-09-19 21:56:18,658 [main] INFO  server.RaftServerConfigKeys (ConfUtils.java:logGet(43)) - raft.server.storage.dir = [/workdir/hadoop-ozone/integration-test/target/test-dir/MiniOzoneClusterImpl-7574fd73-fa3b-42f5-86a6-8b7eb4322844/datanode-1/data/ratis] (custom)
2019-09-19 21:56:18,659 [main] INFO  hdfs.DFSUtil (DFSUtil.java:httpServerTemplateForNNAndJN(1641)) - Starting Web-server for hddsDatanode at: http://0.0.0.0:0
2019-09-19 21:56:18,660 [main] INFO  server.AuthenticationFilter (AuthenticationFilter.java:constructSecretProvider(240)) - Unable to initialize FileSignerSecretProvider, falling back to use random secrets.
2019-09-19 21:56:18,660 [main] WARN  http.HttpRequestLog (HttpRequestLog.java:getRequestLog(97)) - Jetty request log can only be enabled using Log4j
2019-09-19 21:56:18,662 [main] INFO  http.HttpServer2 (HttpServer2.java:addGlobalFilter(975)) - Added global filter 'safety' (class=org.apache.hadoop.http.HttpServer2$QuotingInputFilter)
2019-09-19 21:56:18,662 [main] INFO  http.HttpServer2 (HttpServer2.java:addFilter(948)) - Added filter static_user_filter (class=org.apache.hadoop.http.lib.StaticUserWebFilter$StaticUserFilter) to context hddsDatanode
2019-09-19 21:56:18,662 [main] INFO  http.HttpServer2 (HttpServer2.java:addFilter(958)) - Added filter static_user_filter (class=org.apache.hadoop.http.lib.StaticUserWebFilter$StaticUserFilter) to context static
2019-09-19 21:56:18,662 [main] INFO  http.HttpServer2 (HttpServer2.java:addFilter(958)) - Added filter static_user_filter (class=org.apache.hadoop.http.lib.StaticUserWebFilter$StaticUserFilter) to context logs
2019-09-19 21:56:18,663 [main] INFO  http.HttpServer2 (HttpServer2.java:bindListener(1191)) - Jetty bound to port 37335
2019-09-19 21:56:18,663 [main] INFO  server.Server (Server.java:doStart(351)) - jetty-9.3.24.v20180605, build timestamp: 2018-06-05T17:11:56Z, git hash: 84205aa28f11a4f31f2a3b86d1bba2cc8ab69827
2019-09-19 21:56:18,664 [main] INFO  handler.ContextHandler (ContextHandler.java:doStart(781)) - Started o.e.j.s.ServletContextHandler@3b6c2be6{/logs,file:///workdir/hadoop-ozone/integration-test/target/log,AVAILABLE}
2019-09-19 21:56:18,665 [main] INFO  handler.ContextHandler (ContextHandler.java:doStart(781)) - Started o.e.j.s.ServletContextHandler@26d0ece6{/static,jar:file:/home/user/.m2/repository/org/apache/hadoop/hadoop-hdds-container-service/0.5.0-SNAPSHOT/hadoop-hdds-container-service-0.5.0-SNAPSHOT.jar!/webapps/static,AVAILABLE}
2019-09-19 21:56:18,691 [main] INFO  handler.ContextHandler (ContextHandler.java:doStart(781)) - Started o.e.j.w.WebAppContext@19eea77c{/,file:///tmp/jetty-0.0.0.0-37335-hddsDatanode-_-any-1598351934840814232.dir/webapp/,AVAILABLE}{/hddsDatanode}
2019-09-19 21:56:18,691 [main] INFO  server.AbstractConnector (AbstractConnector.java:doStart(278)) - Started ServerConnector@6682e6a5{HTTP/1.1,[http/1.1]}{0.0.0.0:37335}
2019-09-19 21:56:18,693 [main] INFO  server.Server (Server.java:doStart(419)) - Started @624594ms
2019-09-19 21:56:18,693 [main] WARN  impl.MetricsSystemImpl (MetricsSystemImpl.java:register(276)) - Sink prometheus already exists!
2019-09-19 21:56:18,694 [main] INFO  server.BaseHttpServer (BaseHttpServer.java:updateConnectorAddress(215)) - HTTP server of HDDSDATANODE is listening at http://0.0.0.0:37335
2019-09-19 21:56:18,694 [main] INFO  impl.MetricsSystemImpl (MetricsSystemImpl.java:init(158)) - HddsDatanode metrics system started (again)
2019-09-19 21:56:18,698 [org.apache.hadoop.util.JvmPauseMonitor$Monitor@25307afe] INFO  util.JvmPauseMonitor (JvmPauseMonitor.java:run(188)) - Starting JVM pause monitor
2019-09-19 21:56:18,698 [main] INFO  ozone.HddsDatanodeService (HddsDatanodeService.java:start(184)) - HddsDatanodeService host:pr-hdds-2020-k2m72-150965138 ip:192.168.157.232
2019-09-19 21:56:18,699 [Datanode State Machine Thread - 0] INFO  datanode.InitDatanodeState (InitDatanodeState.java:persistContainerDatanodeDetails(140)) - DatanodeDetails is persisted to /workdir/hadoop-ozone/integration-test/target/test-dir/MiniOzoneClusterImpl-7574fd73-fa3b-42f5-86a6-8b7eb4322844/datanode-1/meta/datanode.id
2019-09-19 21:56:18,705 [main] INFO  volume.HddsVolume (HddsVolume.java:<init>(176)) - Creating Volume: /workdir/hadoop-ozone/integration-test/target/test-dir/MiniOzoneClusterImpl-7574fd73-fa3b-42f5-86a6-8b7eb4322844/datanode-2/data/containers/hdds of  storage type : DISK and capacity : 1482555576320
2019-09-19 21:56:18,705 [main] INFO  volume.VolumeSet (VolumeSet.java:initializeVolumeSet(170)) - Added Volume : /workdir/hadoop-ozone/integration-test/target/test-dir/MiniOzoneClusterImpl-7574fd73-fa3b-42f5-86a6-8b7eb4322844/datanode-2/data/containers/hdds to VolumeSet
2019-09-19 21:56:18,705 [main] INFO  volume.ThrottledAsyncChecker (ThrottledAsyncChecker.java:schedule(139)) - Scheduling a check for org.apache.hadoop.ozone.container.common.volume.HddsVolume@773eca84
2019-09-19 21:56:18,705 [main] INFO  volume.HddsVolumeChecker (HddsVolumeChecker.java:checkAllVolumes(202)) - Scheduled health check for volume org.apache.hadoop.ozone.container.common.volume.HddsVolume@773eca84
2019-09-19 21:56:18,718 [main] INFO  impl.RaftServerProxy (ConfUtils.java:logGet(43)) - raft.rpc.type = GRPC (default)
2019-09-19 21:56:18,718 [main] INFO  grpc.GrpcFactory (GrpcFactory.java:checkPooledByteBufAllocatorUseCacheForAllThreads(45)) - PERFORMANCE WARNING: useCacheForAllThreads is true that may cause Netty to create a lot garbage objects and, as a result, trigger GC.
	It is recommended to disable useCacheForAllThreads by setting -Dorg.apache.ratis.thirdparty.io.netty.allocator.useCacheForAllThreads=false in command line.
2019-09-19 21:56:18,718 [main] INFO  grpc.GrpcConfigKeys$Server (ConfUtils.java:logGet(43)) - raft.grpc.server.port = 0 (default)
2019-09-19 21:56:18,718 [main] INFO  server.GrpcService (ConfUtils.java:logGet(43)) - raft.grpc.message.size.max = 33570816 (custom)
2019-09-19 21:56:18,718 [main] INFO  server.RaftServerConfigKeys (ConfUtils.java:logGet(43)) - raft.server.log.appender.buffer.byte-limit = 33554432 (custom)
2019-09-19 21:56:18,719 [main] INFO  server.GrpcService (ConfUtils.java:logGet(43)) - raft.grpc.flow.control.window = 1MB (=1048576) (default)
2019-09-19 21:56:18,719 [main] INFO  server.RaftServerConfigKeys (ConfUtils.java:logGet(43)) - raft.server.rpc.request.timeout = 3000ms (default)
2019-09-19 21:56:18,719 [main] INFO  server.RaftServerConfigKeys (ConfUtils.java:logGet(43)) - raft.server.storage.dir = [/workdir/hadoop-ozone/integration-test/target/test-dir/MiniOzoneClusterImpl-7574fd73-fa3b-42f5-86a6-8b7eb4322844/datanode-2/data/ratis] (custom)
2019-09-19 21:56:18,720 [main] INFO  hdfs.DFSUtil (DFSUtil.java:httpServerTemplateForNNAndJN(1641)) - Starting Web-server for hddsDatanode at: http://0.0.0.0:0
2019-09-19 21:56:18,721 [main] INFO  server.AuthenticationFilter (AuthenticationFilter.java:constructSecretProvider(240)) - Unable to initialize FileSignerSecretProvider, falling back to use random secrets.
2019-09-19 21:56:18,721 [main] WARN  http.HttpRequestLog (HttpRequestLog.java:getRequestLog(97)) - Jetty request log can only be enabled using Log4j
2019-09-19 21:56:18,722 [main] INFO  http.HttpServer2 (HttpServer2.java:addGlobalFilter(975)) - Added global filter 'safety' (class=org.apache.hadoop.http.HttpServer2$QuotingInputFilter)
2019-09-19 21:56:18,723 [main] INFO  http.HttpServer2 (HttpServer2.java:addFilter(948)) - Added filter static_user_filter (class=org.apache.hadoop.http.lib.StaticUserWebFilter$StaticUserFilter) to context hddsDatanode
2019-09-19 21:56:18,723 [main] INFO  http.HttpServer2 (HttpServer2.java:addFilter(958)) - Added filter static_user_filter (class=org.apache.hadoop.http.lib.StaticUserWebFilter$StaticUserFilter) to context static
2019-09-19 21:56:18,723 [main] INFO  http.HttpServer2 (HttpServer2.java:addFilter(958)) - Added filter static_user_filter (class=org.apache.hadoop.http.lib.StaticUserWebFilter$StaticUserFilter) to context logs
2019-09-19 21:56:18,724 [main] INFO  http.HttpServer2 (HttpServer2.java:bindListener(1191)) - Jetty bound to port 40805
2019-09-19 21:56:18,724 [main] INFO  server.Server (Server.java:doStart(351)) - jetty-9.3.24.v20180605, build timestamp: 2018-06-05T17:11:56Z, git hash: 84205aa28f11a4f31f2a3b86d1bba2cc8ab69827
2019-09-19 21:56:18,725 [main] INFO  handler.ContextHandler (ContextHandler.java:doStart(781)) - Started o.e.j.s.ServletContextHandler@852ef8d{/logs,file:///workdir/hadoop-ozone/integration-test/target/log,AVAILABLE}
2019-09-19 21:56:18,726 [main] INFO  handler.ContextHandler (ContextHandler.java:doStart(781)) - Started o.e.j.s.ServletContextHandler@7e94e331{/static,jar:file:/home/user/.m2/repository/org/apache/hadoop/hadoop-hdds-container-service/0.5.0-SNAPSHOT/hadoop-hdds-container-service-0.5.0-SNAPSHOT.jar!/webapps/static,AVAILABLE}
2019-09-19 21:56:18,752 [main] INFO  handler.ContextHandler (ContextHandler.java:doStart(781)) - Started o.e.j.w.WebAppContext@6d7b001b{/,file:///tmp/jetty-0.0.0.0-40805-hddsDatanode-_-any-149040676962977896.dir/webapp/,AVAILABLE}{/hddsDatanode}
2019-09-19 21:56:18,752 [main] INFO  server.AbstractConnector (AbstractConnector.java:doStart(278)) - Started ServerConnector@532dacf5{HTTP/1.1,[http/1.1]}{0.0.0.0:40805}
2019-09-19 21:56:18,754 [main] INFO  server.Server (Server.java:doStart(419)) - Started @624654ms
2019-09-19 21:56:18,754 [main] WARN  impl.MetricsSystemImpl (MetricsSystemImpl.java:register(276)) - Sink prometheus already exists!
2019-09-19 21:56:18,754 [main] INFO  server.BaseHttpServer (BaseHttpServer.java:updateConnectorAddress(215)) - HTTP server of HDDSDATANODE is listening at http://0.0.0.0:40805
2019-09-19 21:56:18,755 [main] INFO  impl.MetricsSystemImpl (MetricsSystemImpl.java:init(158)) - HddsDatanode metrics system started (again)
2019-09-19 21:56:18,759 [org.apache.hadoop.util.JvmPauseMonitor$Monitor@7ef265d7] INFO  util.JvmPauseMonitor (JvmPauseMonitor.java:run(188)) - Starting JVM pause monitor
2019-09-19 21:56:18,759 [main] INFO  ozone.HddsDatanodeService (HddsDatanodeService.java:start(184)) - HddsDatanodeService host:pr-hdds-2020-k2m72-150965138 ip:192.168.157.232
2019-09-19 21:56:18,760 [Datanode State Machine Thread - 0] INFO  datanode.InitDatanodeState (InitDatanodeState.java:persistContainerDatanodeDetails(140)) - DatanodeDetails is persisted to /workdir/hadoop-ozone/integration-test/target/test-dir/MiniOzoneClusterImpl-7574fd73-fa3b-42f5-86a6-8b7eb4322844/datanode-2/meta/datanode.id
2019-09-19 21:56:18,765 [main] INFO  volume.HddsVolume (HddsVolume.java:<init>(176)) - Creating Volume: /workdir/hadoop-ozone/integration-test/target/test-dir/MiniOzoneClusterImpl-7574fd73-fa3b-42f5-86a6-8b7eb4322844/datanode-3/data/containers/hdds of  storage type : DISK and capacity : 1482555576320
2019-09-19 21:56:18,765 [main] INFO  volume.VolumeSet (VolumeSet.java:initializeVolumeSet(170)) - Added Volume : /workdir/hadoop-ozone/integration-test/target/test-dir/MiniOzoneClusterImpl-7574fd73-fa3b-42f5-86a6-8b7eb4322844/datanode-3/data/containers/hdds to VolumeSet
2019-09-19 21:56:18,765 [main] INFO  volume.ThrottledAsyncChecker (ThrottledAsyncChecker.java:schedule(139)) - Scheduling a check for org.apache.hadoop.ozone.container.common.volume.HddsVolume@38de5daf
2019-09-19 21:56:18,766 [main] INFO  volume.HddsVolumeChecker (HddsVolumeChecker.java:checkAllVolumes(202)) - Scheduled health check for volume org.apache.hadoop.ozone.container.common.volume.HddsVolume@38de5daf
2019-09-19 21:56:18,777 [main] INFO  impl.RaftServerProxy (ConfUtils.java:logGet(43)) - raft.rpc.type = GRPC (default)
2019-09-19 21:56:18,777 [main] INFO  grpc.GrpcFactory (GrpcFactory.java:checkPooledByteBufAllocatorUseCacheForAllThreads(45)) - PERFORMANCE WARNING: useCacheForAllThreads is true that may cause Netty to create a lot garbage objects and, as a result, trigger GC.
	It is recommended to disable useCacheForAllThreads by setting -Dorg.apache.ratis.thirdparty.io.netty.allocator.useCacheForAllThreads=false in command line.
2019-09-19 21:56:18,777 [main] INFO  grpc.GrpcConfigKeys$Server (ConfUtils.java:logGet(43)) - raft.grpc.server.port = 0 (default)
2019-09-19 21:56:18,777 [main] INFO  server.GrpcService (ConfUtils.java:logGet(43)) - raft.grpc.message.size.max = 33570816 (custom)
2019-09-19 21:56:18,777 [main] INFO  server.RaftServerConfigKeys (ConfUtils.java:logGet(43)) - raft.server.log.appender.buffer.byte-limit = 33554432 (custom)
2019-09-19 21:56:18,778 [main] INFO  server.GrpcService (ConfUtils.java:logGet(43)) - raft.grpc.flow.control.window = 1MB (=1048576) (default)
2019-09-19 21:56:18,778 [main] INFO  server.RaftServerConfigKeys (ConfUtils.java:logGet(43)) - raft.server.rpc.request.timeout = 3000ms (default)
2019-09-19 21:56:18,778 [main] INFO  server.RaftServerConfigKeys (ConfUtils.java:logGet(43)) - raft.server.storage.dir = [/workdir/hadoop-ozone/integration-test/target/test-dir/MiniOzoneClusterImpl-7574fd73-fa3b-42f5-86a6-8b7eb4322844/datanode-3/data/ratis] (custom)
2019-09-19 21:56:18,779 [main] INFO  hdfs.DFSUtil (DFSUtil.java:httpServerTemplateForNNAndJN(1641)) - Starting Web-server for hddsDatanode at: http://0.0.0.0:0
2019-09-19 21:56:18,780 [main] INFO  server.AuthenticationFilter (AuthenticationFilter.java:constructSecretProvider(240)) - Unable to initialize FileSignerSecretProvider, falling back to use random secrets.
2019-09-19 21:56:18,780 [main] WARN  http.HttpRequestLog (HttpRequestLog.java:getRequestLog(97)) - Jetty request log can only be enabled using Log4j
2019-09-19 21:56:18,782 [main] INFO  http.HttpServer2 (HttpServer2.java:addGlobalFilter(975)) - Added global filter 'safety' (class=org.apache.hadoop.http.HttpServer2$QuotingInputFilter)
2019-09-19 21:56:18,782 [main] INFO  http.HttpServer2 (HttpServer2.java:addFilter(948)) - Added filter static_user_filter (class=org.apache.hadoop.http.lib.StaticUserWebFilter$StaticUserFilter) to context hddsDatanode
2019-09-19 21:56:18,782 [main] INFO  http.HttpServer2 (HttpServer2.java:addFilter(958)) - Added filter static_user_filter (class=org.apache.hadoop.http.lib.StaticUserWebFilter$StaticUserFilter) to context static
2019-09-19 21:56:18,782 [main] INFO  http.HttpServer2 (HttpServer2.java:addFilter(958)) - Added filter static_user_filter (class=org.apache.hadoop.http.lib.StaticUserWebFilter$StaticUserFilter) to context logs
2019-09-19 21:56:18,783 [main] INFO  http.HttpServer2 (HttpServer2.java:bindListener(1191)) - Jetty bound to port 45586
2019-09-19 21:56:18,783 [main] INFO  server.Server (Server.java:doStart(351)) - jetty-9.3.24.v20180605, build timestamp: 2018-06-05T17:11:56Z, git hash: 84205aa28f11a4f31f2a3b86d1bba2cc8ab69827
2019-09-19 21:56:18,784 [main] INFO  handler.ContextHandler (ContextHandler.java:doStart(781)) - Started o.e.j.s.ServletContextHandler@2fbd390{/logs,file:///workdir/hadoop-ozone/integration-test/target/log,AVAILABLE}
2019-09-19 21:56:18,785 [main] INFO  handler.ContextHandler (ContextHandler.java:doStart(781)) - Started o.e.j.s.ServletContextHandler@5e68be2{/static,jar:file:/home/user/.m2/repository/org/apache/hadoop/hadoop-hdds-container-service/0.5.0-SNAPSHOT/hadoop-hdds-container-service-0.5.0-SNAPSHOT.jar!/webapps/static,AVAILABLE}
2019-09-19 21:56:18,811 [main] INFO  handler.ContextHandler (ContextHandler.java:doStart(781)) - Started o.e.j.w.WebAppContext@79f5a6ed{/,file:///tmp/jetty-0.0.0.0-45586-hddsDatanode-_-any-2461104765356252752.dir/webapp/,AVAILABLE}{/hddsDatanode}
2019-09-19 21:56:18,812 [main] INFO  server.AbstractConnector (AbstractConnector.java:doStart(278)) - Started ServerConnector@722787b5{HTTP/1.1,[http/1.1]}{0.0.0.0:45586}
2019-09-19 21:56:18,812 [main] INFO  server.Server (Server.java:doStart(419)) - Started @624713ms
2019-09-19 21:56:18,813 [main] WARN  impl.MetricsSystemImpl (MetricsSystemImpl.java:register(276)) - Sink prometheus already exists!
2019-09-19 21:56:18,814 [main] INFO  server.BaseHttpServer (BaseHttpServer.java:updateConnectorAddress(215)) - HTTP server of HDDSDATANODE is listening at http://0.0.0.0:45586
2019-09-19 21:56:18,814 [main] INFO  impl.MetricsSystemImpl (MetricsSystemImpl.java:init(158)) - HddsDatanode metrics system started (again)
2019-09-19 21:56:18,819 [org.apache.hadoop.util.JvmPauseMonitor$Monitor@218be23d] INFO  util.JvmPauseMonitor (JvmPauseMonitor.java:run(188)) - Starting JVM pause monitor
2019-09-19 21:56:18,819 [main] INFO  ozone.HddsDatanodeService (HddsDatanodeService.java:start(184)) - HddsDatanodeService host:pr-hdds-2020-k2m72-150965138 ip:192.168.157.232
2019-09-19 21:56:18,820 [Datanode State Machine Thread - 0] INFO  datanode.InitDatanodeState (InitDatanodeState.java:persistContainerDatanodeDetails(140)) - DatanodeDetails is persisted to /workdir/hadoop-ozone/integration-test/target/test-dir/MiniOzoneClusterImpl-7574fd73-fa3b-42f5-86a6-8b7eb4322844/datanode-3/meta/datanode.id
2019-09-19 21:56:18,825 [main] INFO  volume.HddsVolume (HddsVolume.java:<init>(176)) - Creating Volume: /workdir/hadoop-ozone/integration-test/target/test-dir/MiniOzoneClusterImpl-7574fd73-fa3b-42f5-86a6-8b7eb4322844/datanode-4/data/containers/hdds of  storage type : DISK and capacity : 1482555576320
2019-09-19 21:56:18,825 [main] INFO  volume.VolumeSet (VolumeSet.java:initializeVolumeSet(170)) - Added Volume : /workdir/hadoop-ozone/integration-test/target/test-dir/MiniOzoneClusterImpl-7574fd73-fa3b-42f5-86a6-8b7eb4322844/datanode-4/data/containers/hdds to VolumeSet
2019-09-19 21:56:18,825 [main] INFO  volume.ThrottledAsyncChecker (ThrottledAsyncChecker.java:schedule(139)) - Scheduling a check for org.apache.hadoop.ozone.container.common.volume.HddsVolume@3c16528d
2019-09-19 21:56:18,826 [main] INFO  volume.HddsVolumeChecker (HddsVolumeChecker.java:checkAllVolumes(202)) - Scheduled health check for volume org.apache.hadoop.ozone.container.common.volume.HddsVolume@3c16528d
2019-09-19 21:56:18,837 [main] INFO  impl.RaftServerProxy (ConfUtils.java:logGet(43)) - raft.rpc.type = GRPC (default)
2019-09-19 21:56:18,837 [main] INFO  grpc.GrpcFactory (GrpcFactory.java:checkPooledByteBufAllocatorUseCacheForAllThreads(45)) - PERFORMANCE WARNING: useCacheForAllThreads is true that may cause Netty to create a lot garbage objects and, as a result, trigger GC.
	It is recommended to disable useCacheForAllThreads by setting -Dorg.apache.ratis.thirdparty.io.netty.allocator.useCacheForAllThreads=false in command line.
2019-09-19 21:56:18,837 [main] INFO  grpc.GrpcConfigKeys$Server (ConfUtils.java:logGet(43)) - raft.grpc.server.port = 0 (default)
2019-09-19 21:56:18,838 [main] INFO  server.GrpcService (ConfUtils.java:logGet(43)) - raft.grpc.message.size.max = 33570816 (custom)
2019-09-19 21:56:18,838 [main] INFO  server.RaftServerConfigKeys (ConfUtils.java:logGet(43)) - raft.server.log.appender.buffer.byte-limit = 33554432 (custom)
2019-09-19 21:56:18,838 [main] INFO  server.GrpcService (ConfUtils.java:logGet(43)) - raft.grpc.flow.control.window = 1MB (=1048576) (default)
2019-09-19 21:56:18,838 [main] INFO  server.RaftServerConfigKeys (ConfUtils.java:logGet(43)) - raft.server.rpc.request.timeout = 3000ms (default)
2019-09-19 21:56:18,839 [main] INFO  server.RaftServerConfigKeys (ConfUtils.java:logGet(43)) - raft.server.storage.dir = [/workdir/hadoop-ozone/integration-test/target/test-dir/MiniOzoneClusterImpl-7574fd73-fa3b-42f5-86a6-8b7eb4322844/datanode-4/data/ratis] (custom)
2019-09-19 21:56:18,840 [main] INFO  hdfs.DFSUtil (DFSUtil.java:httpServerTemplateForNNAndJN(1641)) - Starting Web-server for hddsDatanode at: http://0.0.0.0:0
2019-09-19 21:56:18,841 [main] INFO  server.AuthenticationFilter (AuthenticationFilter.java:constructSecretProvider(240)) - Unable to initialize FileSignerSecretProvider, falling back to use random secrets.
2019-09-19 21:56:18,841 [main] WARN  http.HttpRequestLog (HttpRequestLog.java:getRequestLog(97)) - Jetty request log can only be enabled using Log4j
2019-09-19 21:56:18,842 [main] INFO  http.HttpServer2 (HttpServer2.java:addGlobalFilter(975)) - Added global filter 'safety' (class=org.apache.hadoop.http.HttpServer2$QuotingInputFilter)
2019-09-19 21:56:18,842 [main] INFO  http.HttpServer2 (HttpServer2.java:addFilter(948)) - Added filter static_user_filter (class=org.apache.hadoop.http.lib.StaticUserWebFilter$StaticUserFilter) to context hddsDatanode
2019-09-19 21:56:18,843 [main] INFO  http.HttpServer2 (HttpServer2.java:addFilter(958)) - Added filter static_user_filter (class=org.apache.hadoop.http.lib.StaticUserWebFilter$StaticUserFilter) to context logs
2019-09-19 21:56:18,843 [main] INFO  http.HttpServer2 (HttpServer2.java:addFilter(958)) - Added filter static_user_filter (class=org.apache.hadoop.http.lib.StaticUserWebFilter$StaticUserFilter) to context static
2019-09-19 21:56:18,843 [main] INFO  http.HttpServer2 (HttpServer2.java:bindListener(1191)) - Jetty bound to port 45706
2019-09-19 21:56:18,843 [main] INFO  server.Server (Server.java:doStart(351)) - jetty-9.3.24.v20180605, build timestamp: 2018-06-05T17:11:56Z, git hash: 84205aa28f11a4f31f2a3b86d1bba2cc8ab69827
2019-09-19 21:56:18,845 [main] INFO  handler.ContextHandler (ContextHandler.java:doStart(781)) - Started o.e.j.s.ServletContextHandler@7574d4ad{/logs,file:///workdir/hadoop-ozone/integration-test/target/log,AVAILABLE}
2019-09-19 21:56:18,845 [main] INFO  handler.ContextHandler (ContextHandler.java:doStart(781)) - Started o.e.j.s.ServletContextHandler@713999c2{/static,jar:file:/home/user/.m2/repository/org/apache/hadoop/hadoop-hdds-container-service/0.5.0-SNAPSHOT/hadoop-hdds-container-service-0.5.0-SNAPSHOT.jar!/webapps/static,AVAILABLE}
2019-09-19 21:56:18,872 [main] INFO  handler.ContextHandler (ContextHandler.java:doStart(781)) - Started o.e.j.w.WebAppContext@28554ac8{/,file:///tmp/jetty-0.0.0.0-45706-hddsDatanode-_-any-1780061149289852381.dir/webapp/,AVAILABLE}{/hddsDatanode}
2019-09-19 21:56:18,872 [main] INFO  server.AbstractConnector (AbstractConnector.java:doStart(278)) - Started ServerConnector@72224107{HTTP/1.1,[http/1.1]}{0.0.0.0:45706}
2019-09-19 21:56:18,874 [main] INFO  server.Server (Server.java:doStart(419)) - Started @624775ms
2019-09-19 21:56:18,874 [main] WARN  impl.MetricsSystemImpl (MetricsSystemImpl.java:register(276)) - Sink prometheus already exists!
2019-09-19 21:56:18,875 [main] INFO  server.BaseHttpServer (BaseHttpServer.java:updateConnectorAddress(215)) - HTTP server of HDDSDATANODE is listening at http://0.0.0.0:45706
2019-09-19 21:56:18,875 [main] INFO  impl.MetricsSystemImpl (MetricsSystemImpl.java:init(158)) - HddsDatanode metrics system started (again)
2019-09-19 21:56:18,880 [org.apache.hadoop.util.JvmPauseMonitor$Monitor@4d4dc0e4] INFO  util.JvmPauseMonitor (JvmPauseMonitor.java:run(188)) - Starting JVM pause monitor
2019-09-19 21:56:18,881 [main] INFO  ozone.HddsDatanodeService (HddsDatanodeService.java:start(184)) - HddsDatanodeService host:pr-hdds-2020-k2m72-150965138 ip:192.168.157.232
2019-09-19 21:56:18,882 [Datanode State Machine Thread - 0] INFO  datanode.InitDatanodeState (InitDatanodeState.java:persistContainerDatanodeDetails(140)) - DatanodeDetails is persisted to /workdir/hadoop-ozone/integration-test/target/test-dir/MiniOzoneClusterImpl-7574fd73-fa3b-42f5-86a6-8b7eb4322844/datanode-4/meta/datanode.id
2019-09-19 21:56:18,897 [main] INFO  volume.HddsVolume (HddsVolume.java:<init>(176)) - Creating Volume: /workdir/hadoop-ozone/integration-test/target/test-dir/MiniOzoneClusterImpl-7574fd73-fa3b-42f5-86a6-8b7eb4322844/datanode-5/data/containers/hdds of  storage type : DISK and capacity : 1482555576320
2019-09-19 21:56:18,897 [main] INFO  volume.VolumeSet (VolumeSet.java:initializeVolumeSet(170)) - Added Volume : /workdir/hadoop-ozone/integration-test/target/test-dir/MiniOzoneClusterImpl-7574fd73-fa3b-42f5-86a6-8b7eb4322844/datanode-5/data/containers/hdds to VolumeSet
2019-09-19 21:56:18,897 [main] INFO  volume.ThrottledAsyncChecker (ThrottledAsyncChecker.java:schedule(139)) - Scheduling a check for org.apache.hadoop.ozone.container.common.volume.HddsVolume@32da97fd
2019-09-19 21:56:18,898 [main] INFO  volume.HddsVolumeChecker (HddsVolumeChecker.java:checkAllVolumes(202)) - Scheduled health check for volume org.apache.hadoop.ozone.container.common.volume.HddsVolume@32da97fd
2019-09-19 21:56:18,918 [main] INFO  impl.RaftServerProxy (ConfUtils.java:logGet(43)) - raft.rpc.type = GRPC (default)
2019-09-19 21:56:18,919 [main] INFO  grpc.GrpcFactory (GrpcFactory.java:checkPooledByteBufAllocatorUseCacheForAllThreads(45)) - PERFORMANCE WARNING: useCacheForAllThreads is true that may cause Netty to create a lot garbage objects and, as a result, trigger GC.
	It is recommended to disable useCacheForAllThreads by setting -Dorg.apache.ratis.thirdparty.io.netty.allocator.useCacheForAllThreads=false in command line.
2019-09-19 21:56:18,919 [main] INFO  grpc.GrpcConfigKeys$Server (ConfUtils.java:logGet(43)) - raft.grpc.server.port = 0 (default)
2019-09-19 21:56:18,919 [main] INFO  server.GrpcService (ConfUtils.java:logGet(43)) - raft.grpc.message.size.max = 33570816 (custom)
2019-09-19 21:56:18,919 [main] INFO  server.RaftServerConfigKeys (ConfUtils.java:logGet(43)) - raft.server.log.appender.buffer.byte-limit = 33554432 (custom)
2019-09-19 21:56:18,920 [main] INFO  server.GrpcService (ConfUtils.java:logGet(43)) - raft.grpc.flow.control.window = 1MB (=1048576) (default)
2019-09-19 21:56:18,920 [main] INFO  server.RaftServerConfigKeys (ConfUtils.java:logGet(43)) - raft.server.rpc.request.timeout = 3000ms (default)
2019-09-19 21:56:18,920 [main] INFO  server.RaftServerConfigKeys (ConfUtils.java:logGet(43)) - raft.server.storage.dir = [/workdir/hadoop-ozone/integration-test/target/test-dir/MiniOzoneClusterImpl-7574fd73-fa3b-42f5-86a6-8b7eb4322844/datanode-5/data/ratis] (custom)
2019-09-19 21:56:18,922 [main] INFO  hdfs.DFSUtil (DFSUtil.java:httpServerTemplateForNNAndJN(1641)) - Starting Web-server for hddsDatanode at: http://0.0.0.0:0
2019-09-19 21:56:18,923 [main] INFO  server.AuthenticationFilter (AuthenticationFilter.java:constructSecretProvider(240)) - Unable to initialize FileSignerSecretProvider, falling back to use random secrets.
2019-09-19 21:56:18,924 [main] WARN  http.HttpRequestLog (HttpRequestLog.java:getRequestLog(97)) - Jetty request log can only be enabled using Log4j
2019-09-19 21:56:18,925 [main] INFO  http.HttpServer2 (HttpServer2.java:addGlobalFilter(975)) - Added global filter 'safety' (class=org.apache.hadoop.http.HttpServer2$QuotingInputFilter)
2019-09-19 21:56:18,926 [main] INFO  http.HttpServer2 (HttpServer2.java:addFilter(948)) - Added filter static_user_filter (class=org.apache.hadoop.http.lib.StaticUserWebFilter$StaticUserFilter) to context hddsDatanode
2019-09-19 21:56:18,926 [main] INFO  http.HttpServer2 (HttpServer2.java:addFilter(958)) - Added filter static_user_filter (class=org.apache.hadoop.http.lib.StaticUserWebFilter$StaticUserFilter) to context static
2019-09-19 21:56:18,926 [main] INFO  http.HttpServer2 (HttpServer2.java:addFilter(958)) - Added filter static_user_filter (class=org.apache.hadoop.http.lib.StaticUserWebFilter$StaticUserFilter) to context logs
2019-09-19 21:56:18,927 [main] INFO  http.HttpServer2 (HttpServer2.java:bindListener(1191)) - Jetty bound to port 40048
2019-09-19 21:56:18,927 [main] INFO  server.Server (Server.java:doStart(351)) - jetty-9.3.24.v20180605, build timestamp: 2018-06-05T17:11:56Z, git hash: 84205aa28f11a4f31f2a3b86d1bba2cc8ab69827
2019-09-19 21:56:18,929 [main] INFO  handler.ContextHandler (ContextHandler.java:doStart(781)) - Started o.e.j.s.ServletContextHandler@7308c820{/logs,file:///workdir/hadoop-ozone/integration-test/target/log,AVAILABLE}
2019-09-19 21:56:18,929 [main] INFO  handler.ContextHandler (ContextHandler.java:doStart(781)) - Started o.e.j.s.ServletContextHandler@3ca17943{/static,jar:file:/home/user/.m2/repository/org/apache/hadoop/hadoop-hdds-container-service/0.5.0-SNAPSHOT/hadoop-hdds-container-service-0.5.0-SNAPSHOT.jar!/webapps/static,AVAILABLE}
2019-09-19 21:56:18,969 [main] INFO  handler.ContextHandler (ContextHandler.java:doStart(781)) - Started o.e.j.w.WebAppContext@7b377a53{/,file:///tmp/jetty-0.0.0.0-40048-hddsDatanode-_-any-8527471926674363220.dir/webapp/,AVAILABLE}{/hddsDatanode}
2019-09-19 21:56:18,970 [main] INFO  server.AbstractConnector (AbstractConnector.java:doStart(278)) - Started ServerConnector@1b0e031b{HTTP/1.1,[http/1.1]}{0.0.0.0:40048}
2019-09-19 21:56:18,972 [main] INFO  server.Server (Server.java:doStart(419)) - Started @624873ms
2019-09-19 21:56:18,972 [main] WARN  impl.MetricsSystemImpl (MetricsSystemImpl.java:register(276)) - Sink prometheus already exists!
2019-09-19 21:56:18,973 [main] INFO  server.BaseHttpServer (BaseHttpServer.java:updateConnectorAddress(215)) - HTTP server of HDDSDATANODE is listening at http://0.0.0.0:40048
2019-09-19 21:56:18,973 [main] INFO  impl.MetricsSystemImpl (MetricsSystemImpl.java:init(158)) - HddsDatanode metrics system started (again)
2019-09-19 21:56:18,979 [org.apache.hadoop.util.JvmPauseMonitor$Monitor@5a800786] INFO  util.JvmPauseMonitor (JvmPauseMonitor.java:run(188)) - Starting JVM pause monitor
2019-09-19 21:56:18,980 [main] INFO  ozone.HddsDatanodeService (HddsDatanodeService.java:start(184)) - HddsDatanodeService host:pr-hdds-2020-k2m72-150965138 ip:192.168.157.232
2019-09-19 21:56:18,980 [Datanode State Machine Thread - 0] INFO  datanode.InitDatanodeState (InitDatanodeState.java:persistContainerDatanodeDetails(140)) - DatanodeDetails is persisted to /workdir/hadoop-ozone/integration-test/target/test-dir/MiniOzoneClusterImpl-7574fd73-fa3b-42f5-86a6-8b7eb4322844/datanode-5/meta/datanode.id
2019-09-19 21:56:18,987 [main] INFO  volume.HddsVolume (HddsVolume.java:<init>(176)) - Creating Volume: /workdir/hadoop-ozone/integration-test/target/test-dir/MiniOzoneClusterImpl-7574fd73-fa3b-42f5-86a6-8b7eb4322844/datanode-6/data/containers/hdds of  storage type : DISK and capacity : 1482555576320
2019-09-19 21:56:18,987 [main] INFO  volume.VolumeSet (VolumeSet.java:initializeVolumeSet(170)) - Added Volume : /workdir/hadoop-ozone/integration-test/target/test-dir/MiniOzoneClusterImpl-7574fd73-fa3b-42f5-86a6-8b7eb4322844/datanode-6/data/containers/hdds to VolumeSet
2019-09-19 21:56:18,987 [main] INFO  volume.ThrottledAsyncChecker (ThrottledAsyncChecker.java:schedule(139)) - Scheduling a check for org.apache.hadoop.ozone.container.common.volume.HddsVolume@3a0896b3
2019-09-19 21:56:18,988 [main] INFO  volume.HddsVolumeChecker (HddsVolumeChecker.java:checkAllVolumes(202)) - Scheduled health check for volume org.apache.hadoop.ozone.container.common.volume.HddsVolume@3a0896b3
2019-09-19 21:56:19,003 [main] INFO  impl.RaftServerProxy (ConfUtils.java:logGet(43)) - raft.rpc.type = GRPC (default)
2019-09-19 21:56:19,003 [main] INFO  grpc.GrpcFactory (GrpcFactory.java:checkPooledByteBufAllocatorUseCacheForAllThreads(45)) - PERFORMANCE WARNING: useCacheForAllThreads is true that may cause Netty to create a lot garbage objects and, as a result, trigger GC.
	It is recommended to disable useCacheForAllThreads by setting -Dorg.apache.ratis.thirdparty.io.netty.allocator.useCacheForAllThreads=false in command line.
2019-09-19 21:56:19,004 [main] INFO  grpc.GrpcConfigKeys$Server (ConfUtils.java:logGet(43)) - raft.grpc.server.port = 0 (default)
2019-09-19 21:56:19,004 [main] INFO  server.GrpcService (ConfUtils.java:logGet(43)) - raft.grpc.message.size.max = 33570816 (custom)
2019-09-19 21:56:19,004 [main] INFO  server.RaftServerConfigKeys (ConfUtils.java:logGet(43)) - raft.server.log.appender.buffer.byte-limit = 33554432 (custom)
2019-09-19 21:56:19,004 [main] INFO  server.GrpcService (ConfUtils.java:logGet(43)) - raft.grpc.flow.control.window = 1MB (=1048576) (default)
2019-09-19 21:56:19,005 [main] INFO  server.RaftServerConfigKeys (ConfUtils.java:logGet(43)) - raft.server.rpc.request.timeout = 3000ms (default)
2019-09-19 21:56:19,005 [main] INFO  server.RaftServerConfigKeys (ConfUtils.java:logGet(43)) - raft.server.storage.dir = [/workdir/hadoop-ozone/integration-test/target/test-dir/MiniOzoneClusterImpl-7574fd73-fa3b-42f5-86a6-8b7eb4322844/datanode-6/data/ratis] (custom)
2019-09-19 21:56:19,006 [main] INFO  hdfs.DFSUtil (DFSUtil.java:httpServerTemplateForNNAndJN(1641)) - Starting Web-server for hddsDatanode at: http://0.0.0.0:0
2019-09-19 21:56:19,008 [main] INFO  server.AuthenticationFilter (AuthenticationFilter.java:constructSecretProvider(240)) - Unable to initialize FileSignerSecretProvider, falling back to use random secrets.
2019-09-19 21:56:19,009 [main] WARN  http.HttpRequestLog (HttpRequestLog.java:getRequestLog(97)) - Jetty request log can only be enabled using Log4j
2019-09-19 21:56:19,011 [main] INFO  http.HttpServer2 (HttpServer2.java:addGlobalFilter(975)) - Added global filter 'safety' (class=org.apache.hadoop.http.HttpServer2$QuotingInputFilter)
2019-09-19 21:56:19,011 [main] INFO  http.HttpServer2 (HttpServer2.java:addFilter(948)) - Added filter static_user_filter (class=org.apache.hadoop.http.lib.StaticUserWebFilter$StaticUserFilter) to context hddsDatanode
2019-09-19 21:56:19,012 [main] INFO  http.HttpServer2 (HttpServer2.java:addFilter(958)) - Added filter static_user_filter (class=org.apache.hadoop.http.lib.StaticUserWebFilter$StaticUserFilter) to context static
2019-09-19 21:56:19,012 [main] INFO  http.HttpServer2 (HttpServer2.java:addFilter(958)) - Added filter static_user_filter (class=org.apache.hadoop.http.lib.StaticUserWebFilter$StaticUserFilter) to context logs
2019-09-19 21:56:19,013 [main] INFO  http.HttpServer2 (HttpServer2.java:bindListener(1191)) - Jetty bound to port 43475
2019-09-19 21:56:19,013 [main] INFO  server.Server (Server.java:doStart(351)) - jetty-9.3.24.v20180605, build timestamp: 2018-06-05T17:11:56Z, git hash: 84205aa28f11a4f31f2a3b86d1bba2cc8ab69827
2019-09-19 21:56:19,015 [main] INFO  handler.ContextHandler (ContextHandler.java:doStart(781)) - Started o.e.j.s.ServletContextHandler@55adcf9e{/logs,file:///workdir/hadoop-ozone/integration-test/target/log,AVAILABLE}
2019-09-19 21:56:19,015 [main] INFO  handler.ContextHandler (ContextHandler.java:doStart(781)) - Started o.e.j.s.ServletContextHandler@7f5ce33e{/static,jar:file:/home/user/.m2/repository/org/apache/hadoop/hadoop-hdds-container-service/0.5.0-SNAPSHOT/hadoop-hdds-container-service-0.5.0-SNAPSHOT.jar!/webapps/static,AVAILABLE}
2019-09-19 21:56:19,058 [main] INFO  handler.ContextHandler (ContextHandler.java:doStart(781)) - Started o.e.j.w.WebAppContext@40dd552c{/,file:///tmp/jetty-0.0.0.0-43475-hddsDatanode-_-any-2747887403079166133.dir/webapp/,AVAILABLE}{/hddsDatanode}
2019-09-19 21:56:19,058 [main] INFO  server.AbstractConnector (AbstractConnector.java:doStart(278)) - Started ServerConnector@33f4c769{HTTP/1.1,[http/1.1]}{0.0.0.0:43475}
2019-09-19 21:56:19,063 [main] INFO  server.Server (Server.java:doStart(419)) - Started @624964ms
2019-09-19 21:56:19,063 [main] WARN  impl.MetricsSystemImpl (MetricsSystemImpl.java:register(276)) - Sink prometheus already exists!
2019-09-19 21:56:19,064 [main] INFO  server.BaseHttpServer (BaseHttpServer.java:updateConnectorAddress(215)) - HTTP server of HDDSDATANODE is listening at http://0.0.0.0:43475
2019-09-19 21:56:19,065 [main] INFO  ozone.MiniOzoneClusterImpl (MiniOzoneClusterImpl.java:lambda$waitForClusterToBeReady$0(145)) - Waiting for cluster to be ready. Got 0 of 7 DN Heartbeats.
2019-09-19 21:56:19,066 [org.apache.hadoop.util.JvmPauseMonitor$Monitor@785caf20] INFO  util.JvmPauseMonitor (JvmPauseMonitor.java:run(188)) - Starting JVM pause monitor
2019-09-19 21:56:19,067 [Datanode State Machine Thread - 0] INFO  datanode.InitDatanodeState (InitDatanodeState.java:persistContainerDatanodeDetails(140)) - DatanodeDetails is persisted to /workdir/hadoop-ozone/integration-test/target/test-dir/MiniOzoneClusterImpl-7574fd73-fa3b-42f5-86a6-8b7eb4322844/datanode-6/meta/datanode.id
2019-09-19 21:56:20,065 [main] INFO  ozone.MiniOzoneClusterImpl (MiniOzoneClusterImpl.java:lambda$waitForClusterToBeReady$0(145)) - Waiting for cluster to be ready. Got 0 of 7 DN Heartbeats.
2019-09-19 21:56:20,666 [Datanode State Machine Thread - 0] INFO  ozoneimpl.OzoneContainer (OzoneContainer.java:start(217)) - Attempting to start container services.
2019-09-19 21:56:20,667 [Datanode State Machine Thread - 0] INFO  ozoneimpl.OzoneContainer (OzoneContainer.java:startContainerScrub(179)) - Background container scanner has been disabled.
2019-09-19 21:56:20,668 [Datanode State Machine Thread - 0] INFO  ratis.XceiverServerRatis (XceiverServerRatis.java:start(411)) - Starting XceiverServerRatis c090c4eb-238d-48aa-a1ef-a702d3149c9b at port 0
2019-09-19 21:56:20,675 [Datanode State Machine Thread - 0] INFO  impl.RaftServerProxy (RaftServerProxy.java:lambda$start$3(299)) - c090c4eb-238d-48aa-a1ef-a702d3149c9b: start RPC server
2019-09-19 21:56:20,677 [Datanode State Machine Thread - 0] INFO  server.GrpcService (GrpcService.java:startImpl(158)) - c090c4eb-238d-48aa-a1ef-a702d3149c9b: GrpcService started, listening on 0.0.0.0/0.0.0.0:34121
2019-09-19 21:56:20,678 [Datanode State Machine Thread - 0] INFO  ratis.XceiverServerRatis (XceiverServerRatis.java:start(421)) - XceiverServerRatis c090c4eb-238d-48aa-a1ef-a702d3149c9b is started using port 34121
2019-09-19 21:56:20,678 [Datanode State Machine Thread - 0] INFO  server.XceiverServerGrpc (XceiverServerGrpc.java:start(149)) - XceiverServerGrpc c090c4eb-238d-48aa-a1ef-a702d3149c9b is started using port 36523
2019-09-19 21:56:20,714 [Datanode State Machine Thread - 0] INFO  ozoneimpl.OzoneContainer (OzoneContainer.java:start(217)) - Attempting to start container services.
2019-09-19 21:56:20,714 [Datanode State Machine Thread - 0] INFO  ozoneimpl.OzoneContainer (OzoneContainer.java:startContainerScrub(179)) - Background container scanner has been disabled.
2019-09-19 21:56:20,714 [Datanode State Machine Thread - 0] INFO  ratis.XceiverServerRatis (XceiverServerRatis.java:start(411)) - Starting XceiverServerRatis aa6381e5-8ca4-4c57-a2f0-4aafa8e23c85 at port 0
2019-09-19 21:56:20,720 [Datanode State Machine Thread - 0] INFO  impl.RaftServerProxy (RaftServerProxy.java:lambda$start$3(299)) - aa6381e5-8ca4-4c57-a2f0-4aafa8e23c85: start RPC server
2019-09-19 21:56:20,721 [Datanode State Machine Thread - 0] INFO  server.GrpcService (GrpcService.java:startImpl(158)) - aa6381e5-8ca4-4c57-a2f0-4aafa8e23c85: GrpcService started, listening on 0.0.0.0/0.0.0.0:37173
2019-09-19 21:56:20,721 [Datanode State Machine Thread - 0] INFO  ratis.XceiverServerRatis (XceiverServerRatis.java:start(421)) - XceiverServerRatis aa6381e5-8ca4-4c57-a2f0-4aafa8e23c85 is started using port 37173
2019-09-19 21:56:20,722 [Datanode State Machine Thread - 0] INFO  server.XceiverServerGrpc (XceiverServerGrpc.java:start(149)) - XceiverServerGrpc aa6381e5-8ca4-4c57-a2f0-4aafa8e23c85 is started using port 41583
2019-09-19 21:56:20,772 [Datanode State Machine Thread - 0] INFO  ozoneimpl.OzoneContainer (OzoneContainer.java:start(217)) - Attempting to start container services.
2019-09-19 21:56:20,772 [Datanode State Machine Thread - 0] INFO  ozoneimpl.OzoneContainer (OzoneContainer.java:startContainerScrub(179)) - Background container scanner has been disabled.
2019-09-19 21:56:20,773 [Datanode State Machine Thread - 0] INFO  ratis.XceiverServerRatis (XceiverServerRatis.java:start(411)) - Starting XceiverServerRatis d895ce11-0052-409f-8af8-4e205bd1ade4 at port 0
2019-09-19 21:56:20,779 [Datanode State Machine Thread - 0] INFO  impl.RaftServerProxy (RaftServerProxy.java:lambda$start$3(299)) - d895ce11-0052-409f-8af8-4e205bd1ade4: start RPC server
2019-09-19 21:56:20,782 [Datanode State Machine Thread - 0] INFO  server.GrpcService (GrpcService.java:startImpl(158)) - d895ce11-0052-409f-8af8-4e205bd1ade4: GrpcService started, listening on 0.0.0.0/0.0.0.0:44038
2019-09-19 21:56:20,782 [Datanode State Machine Thread - 0] INFO  ratis.XceiverServerRatis (XceiverServerRatis.java:start(421)) - XceiverServerRatis d895ce11-0052-409f-8af8-4e205bd1ade4 is started using port 44038
2019-09-19 21:56:20,795 [Datanode State Machine Thread - 0] INFO  server.XceiverServerGrpc (XceiverServerGrpc.java:start(149)) - XceiverServerGrpc d895ce11-0052-409f-8af8-4e205bd1ade4 is started using port 40364
2019-09-19 21:56:20,832 [Datanode State Machine Thread - 0] INFO  ozoneimpl.OzoneContainer (OzoneContainer.java:start(217)) - Attempting to start container services.
2019-09-19 21:56:20,833 [Datanode State Machine Thread - 0] INFO  ozoneimpl.OzoneContainer (OzoneContainer.java:startContainerScrub(179)) - Background container scanner has been disabled.
2019-09-19 21:56:20,833 [Datanode State Machine Thread - 0] INFO  ratis.XceiverServerRatis (XceiverServerRatis.java:start(411)) - Starting XceiverServerRatis afea28c8-2167-4e4f-8679-60ec4d623a67 at port 0
2019-09-19 21:56:20,840 [Datanode State Machine Thread - 0] INFO  impl.RaftServerProxy (RaftServerProxy.java:lambda$start$3(299)) - afea28c8-2167-4e4f-8679-60ec4d623a67: start RPC server
2019-09-19 21:56:20,841 [Datanode State Machine Thread - 0] INFO  server.GrpcService (GrpcService.java:startImpl(158)) - afea28c8-2167-4e4f-8679-60ec4d623a67: GrpcService started, listening on 0.0.0.0/0.0.0.0:39740
2019-09-19 21:56:20,841 [Datanode State Machine Thread - 0] INFO  ratis.XceiverServerRatis (XceiverServerRatis.java:start(421)) - XceiverServerRatis afea28c8-2167-4e4f-8679-60ec4d623a67 is started using port 39740
2019-09-19 21:56:20,841 [Datanode State Machine Thread - 0] INFO  server.XceiverServerGrpc (XceiverServerGrpc.java:start(149)) - XceiverServerGrpc afea28c8-2167-4e4f-8679-60ec4d623a67 is started using port 34778
2019-09-19 21:56:20,894 [Datanode State Machine Thread - 0] INFO  ozoneimpl.OzoneContainer (OzoneContainer.java:start(217)) - Attempting to start container services.
2019-09-19 21:56:20,895 [Datanode State Machine Thread - 0] INFO  ozoneimpl.OzoneContainer (OzoneContainer.java:startContainerScrub(179)) - Background container scanner has been disabled.
2019-09-19 21:56:20,895 [Datanode State Machine Thread - 0] INFO  ratis.XceiverServerRatis (XceiverServerRatis.java:start(411)) - Starting XceiverServerRatis bcf2dcee-3b1d-45e4-b716-31c033deb895 at port 0
2019-09-19 21:56:20,901 [Datanode State Machine Thread - 0] INFO  impl.RaftServerProxy (RaftServerProxy.java:lambda$start$3(299)) - bcf2dcee-3b1d-45e4-b716-31c033deb895: start RPC server
2019-09-19 21:56:20,901 [Datanode State Machine Thread - 0] INFO  server.GrpcService (GrpcService.java:startImpl(158)) - bcf2dcee-3b1d-45e4-b716-31c033deb895: GrpcService started, listening on 0.0.0.0/0.0.0.0:34727
2019-09-19 21:56:20,902 [Datanode State Machine Thread - 0] INFO  ratis.XceiverServerRatis (XceiverServerRatis.java:start(421)) - XceiverServerRatis bcf2dcee-3b1d-45e4-b716-31c033deb895 is started using port 34727
2019-09-19 21:56:20,902 [Datanode State Machine Thread - 0] INFO  server.XceiverServerGrpc (XceiverServerGrpc.java:start(149)) - XceiverServerGrpc bcf2dcee-3b1d-45e4-b716-31c033deb895 is started using port 39883
2019-09-19 21:56:20,992 [Datanode State Machine Thread - 0] INFO  ozoneimpl.OzoneContainer (OzoneContainer.java:start(217)) - Attempting to start container services.
2019-09-19 21:56:20,993 [Datanode State Machine Thread - 0] INFO  ozoneimpl.OzoneContainer (OzoneContainer.java:startContainerScrub(179)) - Background container scanner has been disabled.
2019-09-19 21:56:20,993 [Datanode State Machine Thread - 0] INFO  ratis.XceiverServerRatis (XceiverServerRatis.java:start(411)) - Starting XceiverServerRatis bd433f40-6668-460a-8e37-fb009828bf6c at port 0
2019-09-19 21:56:20,999 [Datanode State Machine Thread - 0] INFO  impl.RaftServerProxy (RaftServerProxy.java:lambda$start$3(299)) - bd433f40-6668-460a-8e37-fb009828bf6c: start RPC server
2019-09-19 21:56:20,999 [Datanode State Machine Thread - 0] INFO  server.GrpcService (GrpcService.java:startImpl(158)) - bd433f40-6668-460a-8e37-fb009828bf6c: GrpcService started, listening on 0.0.0.0/0.0.0.0:40358
2019-09-19 21:56:20,999 [Datanode State Machine Thread - 0] INFO  ratis.XceiverServerRatis (XceiverServerRatis.java:start(421)) - XceiverServerRatis bd433f40-6668-460a-8e37-fb009828bf6c is started using port 40358
2019-09-19 21:56:21,000 [Datanode State Machine Thread - 0] INFO  server.XceiverServerGrpc (XceiverServerGrpc.java:start(149)) - XceiverServerGrpc bd433f40-6668-460a-8e37-fb009828bf6c is started using port 41180
2019-09-19 21:56:21,066 [main] INFO  ozone.MiniOzoneClusterImpl (MiniOzoneClusterImpl.java:lambda$waitForClusterToBeReady$0(145)) - Waiting for cluster to be ready. Got 0 of 7 DN Heartbeats.
2019-09-19 21:56:21,092 [Datanode State Machine Thread - 0] INFO  ozoneimpl.OzoneContainer (OzoneContainer.java:start(217)) - Attempting to start container services.
2019-09-19 21:56:21,093 [Datanode State Machine Thread - 0] INFO  ozoneimpl.OzoneContainer (OzoneContainer.java:startContainerScrub(179)) - Background container scanner has been disabled.
2019-09-19 21:56:21,093 [Datanode State Machine Thread - 0] INFO  ratis.XceiverServerRatis (XceiverServerRatis.java:start(411)) - Starting XceiverServerRatis 5f70954e-fae9-4334-b863-8030dbc6c6f3 at port 0
2019-09-19 21:56:21,097 [Datanode State Machine Thread - 0] INFO  impl.RaftServerProxy (RaftServerProxy.java:lambda$start$3(299)) - 5f70954e-fae9-4334-b863-8030dbc6c6f3: start RPC server
2019-09-19 21:56:21,098 [Datanode State Machine Thread - 0] INFO  server.GrpcService (GrpcService.java:startImpl(158)) - 5f70954e-fae9-4334-b863-8030dbc6c6f3: GrpcService started, listening on 0.0.0.0/0.0.0.0:40657
2019-09-19 21:56:21,098 [Datanode State Machine Thread - 0] INFO  ratis.XceiverServerRatis (XceiverServerRatis.java:start(421)) - XceiverServerRatis 5f70954e-fae9-4334-b863-8030dbc6c6f3 is started using port 40657
2019-09-19 21:56:21,102 [Datanode State Machine Thread - 0] INFO  server.XceiverServerGrpc (XceiverServerGrpc.java:start(149)) - XceiverServerGrpc 5f70954e-fae9-4334-b863-8030dbc6c6f3 is started using port 44635
2019-09-19 21:56:22,067 [main] INFO  ozone.MiniOzoneClusterImpl (MiniOzoneClusterImpl.java:lambda$waitForClusterToBeReady$0(145)) - Waiting for cluster to be ready. Got 0 of 7 DN Heartbeats.
2019-09-19 21:56:22,641 [IPC Server handler 2 on 46365] INFO  net.NetworkTopology (NetworkTopologyImpl.java:add(111)) - Added a new node: /default-rack/c090c4eb-238d-48aa-a1ef-a702d3149c9b
2019-09-19 21:56:22,644 [IPC Server handler 2 on 46365] INFO  node.SCMNodeManager (SCMNodeManager.java:register(266)) - Registered Data node : c090c4eb-238d-48aa-a1ef-a702d3149c9b{ip: 192.168.157.232, host: pr-hdds-2020-k2m72-150965138, networkLocation: /default-rack, certSerialId: null}
2019-09-19 21:56:22,645 [EventQueue-NodeRegistrationContainerReportForDataNodeSafeModeRule] INFO  safemode.SCMSafeModeManager (DataNodeSafeModeRule.java:process(71)) - SCM in safe mode. 1 DataNodes registered, 1 required.
2019-09-19 21:56:22,648 [EventQueue-NodeRegistrationContainerReportForDataNodeSafeModeRule] INFO  safemode.SCMSafeModeManager (SCMSafeModeManager.java:validateSafeModeExitRules(177)) - ScmSafeModeManager, all rules are successfully validated
2019-09-19 21:56:22,648 [EventQueue-NodeRegistrationContainerReportForDataNodeSafeModeRule] INFO  safemode.SCMSafeModeManager (SCMSafeModeManager.java:exitSafeMode(193)) - SCM exiting safe mode.
2019-09-19 21:56:22,657 [grpc-default-executor-0] INFO  impl.RaftServerProxy (RaftServerProxy.java:addNew(89)) - c090c4eb-238d-48aa-a1ef-a702d3149c9b: addNew group-49ACA462D12E:[c090c4eb-238d-48aa-a1ef-a702d3149c9b:192.168.157.232:34121] returns group-49ACA462D12E:java.util.concurrent.CompletableFuture@22010f48[Not completed]
2019-09-19 21:56:22,660 [pool-499-thread-1] INFO  impl.RaftServerImpl (RaftServerImpl.java:<init>(95)) - c090c4eb-238d-48aa-a1ef-a702d3149c9b: new RaftServerImpl for group-49ACA462D12E:[c090c4eb-238d-48aa-a1ef-a702d3149c9b:192.168.157.232:34121] with ContainerStateMachine:uninitialized
2019-09-19 21:56:22,660 [pool-499-thread-1] INFO  server.RaftServerConfigKeys (ConfUtils.java:logGet(43)) - raft.server.rpc.timeout.min = 5s (custom)
2019-09-19 21:56:22,660 [pool-499-thread-1] INFO  server.RaftServerConfigKeys (ConfUtils.java:logGet(43)) - raft.server.rpc.timeout.max = 5200ms (custom)
2019-09-19 21:56:22,660 [pool-499-thread-1] INFO  server.RaftServerConfigKeys (ConfUtils.java:logGet(43)) - raft.server.rpcslowness.timeout = 120s (custom)
2019-09-19 21:56:22,660 [pool-499-thread-1] INFO  server.RaftServerConfigKeys (ConfUtils.java:logGet(43)) - raft.server.sleep.deviation.threshold = 300 (default)
2019-09-19 21:56:22,660 [pool-499-thread-1] INFO  server.RaftServerConfigKeys (ConfUtils.java:logGet(43)) - raft.server.log.appender.install.snapshot.enabled = false (custom)
2019-09-19 21:56:22,661 [pool-499-thread-1] INFO  impl.RaftServerImpl (ServerState.java:<init>(103)) - c090c4eb-238d-48aa-a1ef-a702d3149c9b@group-49ACA462D12E: ConfigurationManager, init=-1: [c090c4eb-238d-48aa-a1ef-a702d3149c9b:192.168.157.232:34121], old=null, confs=<EMPTY_MAP>
2019-09-19 21:56:22,661 [pool-499-thread-1] INFO  server.RaftServerConfigKeys (ConfUtils.java:logGet(43)) - raft.server.storage.dir = [/workdir/hadoop-ozone/integration-test/target/test-dir/MiniOzoneClusterImpl-7574fd73-fa3b-42f5-86a6-8b7eb4322844/datanode-0/data/ratis] (custom)
2019-09-19 21:56:22,661 [pool-499-thread-1] INFO  storage.RaftStorageDirectory (RaftStorageDirectory.java:analyzeStorage(246)) - The storage directory /workdir/hadoop-ozone/integration-test/target/test-dir/MiniOzoneClusterImpl-7574fd73-fa3b-42f5-86a6-8b7eb4322844/datanode-0/data/ratis/1a7d174a-fae6-47b2-b9be-49aca462d12e does not exist. Creating ...
2019-09-19 21:56:22,675 [pool-499-thread-1] INFO  storage.RaftStorageDirectory (RaftStorageDirectory.java:tryLock(328)) - Lock on /workdir/hadoop-ozone/integration-test/target/test-dir/MiniOzoneClusterImpl-7574fd73-fa3b-42f5-86a6-8b7eb4322844/datanode-0/data/ratis/1a7d174a-fae6-47b2-b9be-49aca462d12e/in_use.lock acquired by nodename 6076@pr-hdds-2020-k2m72-150965138
2019-09-19 21:56:22,696 [pool-499-thread-1] INFO  storage.RaftStorage (RaftStorage.java:format(72)) - Storage directory /workdir/hadoop-ozone/integration-test/target/test-dir/MiniOzoneClusterImpl-7574fd73-fa3b-42f5-86a6-8b7eb4322844/datanode-0/data/ratis/1a7d174a-fae6-47b2-b9be-49aca462d12e has been successfully formatted.
2019-09-19 21:56:22,696 [pool-499-thread-1] INFO  ratis.ContainerStateMachine (ContainerStateMachine.java:loadSnapshot(230)) - group-49ACA462D12E: The snapshot info is null. Setting the last applied indexto:(t:0, i:~)
2019-09-19 21:56:22,696 [pool-499-thread-1] INFO  server.RaftServerConfigKeys (ConfUtils.java:logGet(43)) - raft.server.notification.no-leader.timeout = 120s (custom)
2019-09-19 21:56:22,697 [pool-499-thread-1] INFO  server.RaftServerConfigKeys (ConfUtils.java:logGet(43)) - raft.server.log.use.memory = false (default)
2019-09-19 21:56:22,697 [pool-499-thread-1] INFO  server.RaftServerConfigKeys (ConfUtils.java:logGet(43)) - raft.server.log.purge.gap = 1000000 (custom)
2019-09-19 21:56:22,697 [pool-499-thread-1] INFO  server.RaftServerConfigKeys (ConfUtils.java:logGet(43)) - raft.server.log.appender.buffer.byte-limit = 33554432 (custom)
2019-09-19 21:56:22,697 [pool-499-thread-1] INFO  server.RaftServerConfigKeys (ConfUtils.java:logGet(43)) - raft.server.log.segment.size.max = 1048576 (custom)
2019-09-19 21:56:22,697 [pool-499-thread-1] INFO  server.RaftServerConfigKeys (ConfUtils.java:logGet(43)) - raft.server.log.segment.cache.num.max = 2 (custom)
2019-09-19 21:56:22,697 [pool-499-thread-1] INFO  segmented.SegmentedRaftLogWorker (SegmentedRaftLogWorker.java:<init>(172)) - new c090c4eb-238d-48aa-a1ef-a702d3149c9b@group-49ACA462D12E-SegmentedRaftLogWorker for RaftStorage:Storage Directory /workdir/hadoop-ozone/integration-test/target/test-dir/MiniOzoneClusterImpl-7574fd73-fa3b-42f5-86a6-8b7eb4322844/datanode-0/data/ratis/1a7d174a-fae6-47b2-b9be-49aca462d12e
2019-09-19 21:56:22,699 [IPC Server handler 3 on 46365] INFO  net.NetworkTopology (NetworkTopologyImpl.java:add(111)) - Added a new node: /default-rack/aa6381e5-8ca4-4c57-a2f0-4aafa8e23c85
2019-09-19 21:56:22,699 [IPC Server handler 3 on 46365] INFO  node.SCMNodeManager (SCMNodeManager.java:register(266)) - Registered Data node : aa6381e5-8ca4-4c57-a2f0-4aafa8e23c85{ip: 192.168.157.232, host: pr-hdds-2020-k2m72-150965138, networkLocation: /default-rack, certSerialId: null}
2019-09-19 21:56:22,700 [pool-499-thread-1] INFO  server.RaftServerConfigKeys (ConfUtils.java:logGet(43)) - raft.server.log.queue.byte-limit = 2147483647 (custom)
2019-09-19 21:56:22,700 [pool-499-thread-1] INFO  server.RaftServerConfigKeys (ConfUtils.java:logGet(43)) - raft.server.log.queue.element-limit = 1024 (custom)
2019-09-19 21:56:22,700 [pool-499-thread-1] INFO  server.RaftServerConfigKeys (ConfUtils.java:logGet(43)) - raft.server.log.segment.size.max = 1048576 (custom)
2019-09-19 21:56:22,700 [pool-499-thread-1] INFO  server.RaftServerConfigKeys (ConfUtils.java:logGet(43)) - raft.server.log.preallocated.size = 16384 (custom)
2019-09-19 21:56:22,701 [pool-499-thread-1] INFO  server.RaftServerConfigKeys (ConfUtils.java:logGet(43)) - raft.server.log.write.buffer.size = 33554432 (custom)
2019-09-19 21:56:22,701 [pool-499-thread-1] INFO  server.RaftServerConfigKeys (ConfUtils.java:logGet(43)) - raft.server.log.force.sync.num = 128 (default)
2019-09-19 21:56:22,701 [pool-499-thread-1] INFO  server.RaftServerConfigKeys (ConfUtils.java:logGet(43)) - raft.server.log.statemachine.data.sync = true (default)
2019-09-19 21:56:22,701 [pool-499-thread-1] INFO  server.RaftServerConfigKeys (ConfUtils.java:logGet(43)) - raft.server.log.statemachine.data.sync.timeout = 10s (default)
2019-09-19 21:56:22,701 [pool-499-thread-1] INFO  server.RaftServerConfigKeys (ConfUtils.java:logGet(43)) - raft.server.log.statemachine.data.sync.timeout.retry = -1 (default)
2019-09-19 21:56:22,701 [pool-499-thread-1] INFO  server.RaftServerConfigKeys (ConfUtils.java:logGet(43)) - raft.server.log.statemachine.data.caching.enabled = true (custom)
2019-09-19 21:56:22,702 [pool-499-thread-1] INFO  segmented.SegmentedRaftLogWorker (SegmentedRaftLogWorker.java:lambda$new$0(132)) - c090c4eb-238d-48aa-a1ef-a702d3149c9b@group-49ACA462D12E-SegmentedRaftLogWorker: flushIndex: setUnconditionally 0 -> -1
2019-09-19 21:56:22,702 [pool-499-thread-1] INFO  server.RaftServerConfigKeys (ConfUtils.java:logGet(43)) - raft.server.snapshot.auto.trigger.enabled = true (custom)
2019-09-19 21:56:22,702 [pool-499-thread-1] INFO  server.RaftServerConfigKeys (ConfUtils.java:logGet(43)) - raft.server.snapshot.auto.trigger.threshold = 10000 (custom)
2019-09-19 21:56:22,702 [pool-499-thread-1] INFO  server.RaftServerConfigKeys (ConfUtils.java:logGet(43)) - raft.server.snapshot.retention.num.files = 5 (custom)
2019-09-19 21:56:22,703 [pool-499-thread-1] INFO  server.RaftServerConfigKeys (ConfUtils.java:logGet(43)) - raft.server.retrycache.expirytime = 600000ms (custom)
2019-09-19 21:56:22,704 [pool-499-thread-1] INFO  impl.RaftServerImpl (RaftServerImpl.java:start(185)) - c090c4eb-238d-48aa-a1ef-a702d3149c9b@group-49ACA462D12E: start as a follower, conf=-1: [c090c4eb-238d-48aa-a1ef-a702d3149c9b:192.168.157.232:34121], old=null
2019-09-19 21:56:22,705 [pool-499-thread-1] INFO  impl.RaftServerImpl (RaftServerImpl.java:setRole(174)) - c090c4eb-238d-48aa-a1ef-a702d3149c9b@group-49ACA462D12E: changes role from      null to FOLLOWER at term 0 for startAsFollower
2019-09-19 21:56:22,705 [pool-499-thread-1] INFO  impl.RoleInfo (RoleInfo.java:updateAndGet(143)) - c090c4eb-238d-48aa-a1ef-a702d3149c9b: start FollowerState
2019-09-19 21:56:22,705 [pool-499-thread-1] INFO  util.JmxRegister (JmxRegister.java:tryRegister(44)) - Successfully registered JMX Bean with object name Ratis:service=RaftServer,group=group-49ACA462D12E,id=c090c4eb-238d-48aa-a1ef-a702d3149c9b
2019-09-19 21:56:22,709 [RatisPipelineUtilsThread] INFO  pipeline.PipelineStateManager (PipelineStateManager.java:addPipeline(56)) - Created pipeline Pipeline[ Id: 1a7d174a-fae6-47b2-b9be-49aca462d12e, Nodes: c090c4eb-238d-48aa-a1ef-a702d3149c9b{ip: 192.168.157.232, host: pr-hdds-2020-k2m72-150965138, networkLocation: /default-rack, certSerialId: null}, Type:RATIS, Factor:ONE, State:OPEN]
2019-09-19 21:56:22,716 [grpc-default-executor-0] INFO  impl.RaftServerProxy (RaftServerProxy.java:addNew(89)) - aa6381e5-8ca4-4c57-a2f0-4aafa8e23c85: addNew group-4AA1A672B33B:[aa6381e5-8ca4-4c57-a2f0-4aafa8e23c85:192.168.157.232:37173] returns group-4AA1A672B33B:java.util.concurrent.CompletableFuture@3b4f1c6f[Not completed]
2019-09-19 21:56:22,717 [pool-509-thread-1] INFO  impl.RaftServerImpl (RaftServerImpl.java:<init>(95)) - aa6381e5-8ca4-4c57-a2f0-4aafa8e23c85: new RaftServerImpl for group-4AA1A672B33B:[aa6381e5-8ca4-4c57-a2f0-4aafa8e23c85:192.168.157.232:37173] with ContainerStateMachine:uninitialized
2019-09-19 21:56:22,717 [pool-509-thread-1] INFO  server.RaftServerConfigKeys (ConfUtils.java:logGet(43)) - raft.server.rpc.timeout.min = 5s (custom)
2019-09-19 21:56:22,717 [pool-509-thread-1] INFO  server.RaftServerConfigKeys (ConfUtils.java:logGet(43)) - raft.server.rpc.timeout.max = 5200ms (custom)
2019-09-19 21:56:22,718 [pool-509-thread-1] INFO  server.RaftServerConfigKeys (ConfUtils.java:logGet(43)) - raft.server.rpcslowness.timeout = 120s (custom)
2019-09-19 21:56:22,718 [pool-509-thread-1] INFO  server.RaftServerConfigKeys (ConfUtils.java:logGet(43)) - raft.server.sleep.deviation.threshold = 300 (default)
2019-09-19 21:56:22,718 [pool-509-thread-1] INFO  server.RaftServerConfigKeys (ConfUtils.java:logGet(43)) - raft.server.log.appender.install.snapshot.enabled = false (custom)
2019-09-19 21:56:22,718 [pool-509-thread-1] INFO  impl.RaftServerImpl (ServerState.java:<init>(103)) - aa6381e5-8ca4-4c57-a2f0-4aafa8e23c85@group-4AA1A672B33B: ConfigurationManager, init=-1: [aa6381e5-8ca4-4c57-a2f0-4aafa8e23c85:192.168.157.232:37173], old=null, confs=<EMPTY_MAP>
2019-09-19 21:56:22,718 [pool-509-thread-1] INFO  server.RaftServerConfigKeys (ConfUtils.java:logGet(43)) - raft.server.storage.dir = [/workdir/hadoop-ozone/integration-test/target/test-dir/MiniOzoneClusterImpl-7574fd73-fa3b-42f5-86a6-8b7eb4322844/datanode-1/data/ratis] (custom)
2019-09-19 21:56:22,718 [pool-509-thread-1] INFO  storage.RaftStorageDirectory (RaftStorageDirectory.java:analyzeStorage(246)) - The storage directory /workdir/hadoop-ozone/integration-test/target/test-dir/MiniOzoneClusterImpl-7574fd73-fa3b-42f5-86a6-8b7eb4322844/datanode-1/data/ratis/370da7ac-12e7-4260-9bfd-4aa1a672b33b does not exist. Creating ...
2019-09-19 21:56:22,742 [pool-509-thread-1] INFO  storage.RaftStorageDirectory (RaftStorageDirectory.java:tryLock(328)) - Lock on /workdir/hadoop-ozone/integration-test/target/test-dir/MiniOzoneClusterImpl-7574fd73-fa3b-42f5-86a6-8b7eb4322844/datanode-1/data/ratis/370da7ac-12e7-4260-9bfd-4aa1a672b33b/in_use.lock acquired by nodename 6076@pr-hdds-2020-k2m72-150965138
2019-09-19 21:56:22,755 [pool-509-thread-1] INFO  storage.RaftStorage (RaftStorage.java:format(72)) - Storage directory /workdir/hadoop-ozone/integration-test/target/test-dir/MiniOzoneClusterImpl-7574fd73-fa3b-42f5-86a6-8b7eb4322844/datanode-1/data/ratis/370da7ac-12e7-4260-9bfd-4aa1a672b33b has been successfully formatted.
2019-09-19 21:56:22,755 [pool-509-thread-1] INFO  ratis.ContainerStateMachine (ContainerStateMachine.java:loadSnapshot(230)) - group-4AA1A672B33B: The snapshot info is null. Setting the last applied indexto:(t:0, i:~)
2019-09-19 21:56:22,755 [pool-509-thread-1] INFO  server.RaftServerConfigKeys (ConfUtils.java:logGet(43)) - raft.server.notification.no-leader.timeout = 120s (custom)
2019-09-19 21:56:22,755 [pool-509-thread-1] INFO  server.RaftServerConfigKeys (ConfUtils.java:logGet(43)) - raft.server.log.use.memory = false (default)
2019-09-19 21:56:22,755 [pool-509-thread-1] INFO  server.RaftServerConfigKeys (ConfUtils.java:logGet(43)) - raft.server.log.purge.gap = 1000000 (custom)
2019-09-19 21:56:22,755 [pool-509-thread-1] INFO  server.RaftServerConfigKeys (ConfUtils.java:logGet(43)) - raft.server.log.appender.buffer.byte-limit = 33554432 (custom)
2019-09-19 21:56:22,756 [pool-509-thread-1] INFO  server.RaftServerConfigKeys (ConfUtils.java:logGet(43)) - raft.server.log.segment.size.max = 1048576 (custom)
2019-09-19 21:56:22,756 [pool-509-thread-1] INFO  server.RaftServerConfigKeys (ConfUtils.java:logGet(43)) - raft.server.log.segment.cache.num.max = 2 (custom)
2019-09-19 21:56:22,756 [pool-509-thread-1] INFO  segmented.SegmentedRaftLogWorker (SegmentedRaftLogWorker.java:<init>(172)) - new aa6381e5-8ca4-4c57-a2f0-4aafa8e23c85@group-4AA1A672B33B-SegmentedRaftLogWorker for RaftStorage:Storage Directory /workdir/hadoop-ozone/integration-test/target/test-dir/MiniOzoneClusterImpl-7574fd73-fa3b-42f5-86a6-8b7eb4322844/datanode-1/data/ratis/370da7ac-12e7-4260-9bfd-4aa1a672b33b
2019-09-19 21:56:22,757 [pool-509-thread-1] INFO  server.RaftServerConfigKeys (ConfUtils.java:logGet(43)) - raft.server.log.queue.byte-limit = 2147483647 (custom)
2019-09-19 21:56:22,757 [pool-509-thread-1] INFO  server.RaftServerConfigKeys (ConfUtils.java:logGet(43)) - raft.server.log.queue.element-limit = 1024 (custom)
2019-09-19 21:56:22,757 [pool-509-thread-1] INFO  server.RaftServerConfigKeys (ConfUtils.java:logGet(43)) - raft.server.log.segment.size.max = 1048576 (custom)
2019-09-19 21:56:22,757 [pool-509-thread-1] INFO  server.RaftServerConfigKeys (ConfUtils.java:logGet(43)) - raft.server.log.preallocated.size = 16384 (custom)
2019-09-19 21:56:22,757 [pool-509-thread-1] INFO  server.RaftServerConfigKeys (ConfUtils.java:logGet(43)) - raft.server.log.write.buffer.size = 33554432 (custom)
2019-09-19 21:56:22,758 [pool-509-thread-1] INFO  server.RaftServerConfigKeys (ConfUtils.java:logGet(43)) - raft.server.log.force.sync.num = 128 (default)
2019-09-19 21:56:22,758 [pool-509-thread-1] INFO  server.RaftServerConfigKeys (ConfUtils.java:logGet(43)) - raft.server.log.statemachine.data.sync = true (default)
2019-09-19 21:56:22,758 [pool-509-thread-1] INFO  server.RaftServerConfigKeys (ConfUtils.java:logGet(43)) - raft.server.log.statemachine.data.sync.timeout = 10s (default)
2019-09-19 21:56:22,758 [pool-509-thread-1] INFO  server.RaftServerConfigKeys (ConfUtils.java:logGet(43)) - raft.server.log.statemachine.data.sync.timeout.retry = -1 (default)
2019-09-19 21:56:22,758 [pool-509-thread-1] INFO  server.RaftServerConfigKeys (ConfUtils.java:logGet(43)) - raft.server.log.statemachine.data.caching.enabled = true (custom)
2019-09-19 21:56:22,758 [pool-509-thread-1] INFO  segmented.SegmentedRaftLogWorker (SegmentedRaftLogWorker.java:lambda$new$0(132)) - aa6381e5-8ca4-4c57-a2f0-4aafa8e23c85@group-4AA1A672B33B-SegmentedRaftLogWorker: flushIndex: setUnconditionally 0 -> -1
2019-09-19 21:56:22,758 [pool-509-thread-1] INFO  server.RaftServerConfigKeys (ConfUtils.java:logGet(43)) - raft.server.snapshot.auto.trigger.enabled = true (custom)
2019-09-19 21:56:22,759 [pool-509-thread-1] INFO  server.RaftServerConfigKeys (ConfUtils.java:logGet(43)) - raft.server.snapshot.auto.trigger.threshold = 10000 (custom)
2019-09-19 21:56:22,759 [pool-509-thread-1] INFO  server.RaftServerConfigKeys (ConfUtils.java:logGet(43)) - raft.server.snapshot.retention.num.files = 5 (custom)
2019-09-19 21:56:22,759 [pool-509-thread-1] INFO  server.RaftServerConfigKeys (ConfUtils.java:logGet(43)) - raft.server.retrycache.expirytime = 600000ms (custom)
2019-09-19 21:56:22,760 [IPC Server handler 4 on 46365] INFO  net.NetworkTopology (NetworkTopologyImpl.java:add(111)) - Added a new node: /default-rack/d895ce11-0052-409f-8af8-4e205bd1ade4
2019-09-19 21:56:22,760 [pool-509-thread-1] INFO  impl.RaftServerImpl (RaftServerImpl.java:start(185)) - aa6381e5-8ca4-4c57-a2f0-4aafa8e23c85@group-4AA1A672B33B: start as a follower, conf=-1: [aa6381e5-8ca4-4c57-a2f0-4aafa8e23c85:192.168.157.232:37173], old=null
2019-09-19 21:56:22,760 [IPC Server handler 4 on 46365] INFO  node.SCMNodeManager (SCMNodeManager.java:register(266)) - Registered Data node : d895ce11-0052-409f-8af8-4e205bd1ade4{ip: 192.168.157.232, host: pr-hdds-2020-k2m72-150965138, networkLocation: /default-rack, certSerialId: null}
2019-09-19 21:56:22,760 [pool-509-thread-1] INFO  impl.RaftServerImpl (RaftServerImpl.java:setRole(174)) - aa6381e5-8ca4-4c57-a2f0-4aafa8e23c85@group-4AA1A672B33B: changes role from      null to FOLLOWER at term 0 for startAsFollower
2019-09-19 21:56:22,760 [pool-509-thread-1] INFO  impl.RoleInfo (RoleInfo.java:updateAndGet(143)) - aa6381e5-8ca4-4c57-a2f0-4aafa8e23c85: start FollowerState
2019-09-19 21:56:22,761 [pool-509-thread-1] INFO  util.JmxRegister (JmxRegister.java:tryRegister(44)) - Successfully registered JMX Bean with object name Ratis:service=RaftServer,group=group-4AA1A672B33B,id=aa6381e5-8ca4-4c57-a2f0-4aafa8e23c85
2019-09-19 21:56:22,762 [RatisPipelineUtilsThread] INFO  pipeline.PipelineStateManager (PipelineStateManager.java:addPipeline(56)) - Created pipeline Pipeline[ Id: 370da7ac-12e7-4260-9bfd-4aa1a672b33b, Nodes: aa6381e5-8ca4-4c57-a2f0-4aafa8e23c85{ip: 192.168.157.232, host: pr-hdds-2020-k2m72-150965138, networkLocation: /default-rack, certSerialId: null}, Type:RATIS, Factor:ONE, State:OPEN]
2019-09-19 21:56:22,769 [grpc-default-executor-0] INFO  impl.RaftServerProxy (RaftServerProxy.java:addNew(89)) - d895ce11-0052-409f-8af8-4e205bd1ade4: addNew group-6985D5009B63:[d895ce11-0052-409f-8af8-4e205bd1ade4:192.168.157.232:44038] returns group-6985D5009B63:java.util.concurrent.CompletableFuture@6136e97f[Not completed]
2019-09-19 21:56:22,770 [pool-519-thread-1] INFO  impl.RaftServerImpl (RaftServerImpl.java:<init>(95)) - d895ce11-0052-409f-8af8-4e205bd1ade4: new RaftServerImpl for group-6985D5009B63:[d895ce11-0052-409f-8af8-4e205bd1ade4:192.168.157.232:44038] with ContainerStateMachine:uninitialized
2019-09-19 21:56:22,770 [pool-519-thread-1] INFO  server.RaftServerConfigKeys (ConfUtils.java:logGet(43)) - raft.server.rpc.timeout.min = 5s (custom)
2019-09-19 21:56:22,770 [pool-519-thread-1] INFO  server.RaftServerConfigKeys (ConfUtils.java:logGet(43)) - raft.server.rpc.timeout.max = 5200ms (custom)
2019-09-19 21:56:22,770 [pool-519-thread-1] INFO  server.RaftServerConfigKeys (ConfUtils.java:logGet(43)) - raft.server.rpcslowness.timeout = 120s (custom)
2019-09-19 21:56:22,770 [pool-519-thread-1] INFO  server.RaftServerConfigKeys (ConfUtils.java:logGet(43)) - raft.server.sleep.deviation.threshold = 300 (default)
2019-09-19 21:56:22,770 [pool-519-thread-1] INFO  server.RaftServerConfigKeys (ConfUtils.java:logGet(43)) - raft.server.log.appender.install.snapshot.enabled = false (custom)
2019-09-19 21:56:22,771 [pool-519-thread-1] INFO  impl.RaftServerImpl (ServerState.java:<init>(103)) - d895ce11-0052-409f-8af8-4e205bd1ade4@group-6985D5009B63: ConfigurationManager, init=-1: [d895ce11-0052-409f-8af8-4e205bd1ade4:192.168.157.232:44038], old=null, confs=<EMPTY_MAP>
2019-09-19 21:56:22,771 [pool-519-thread-1] INFO  server.RaftServerConfigKeys (ConfUtils.java:logGet(43)) - raft.server.storage.dir = [/workdir/hadoop-ozone/integration-test/target/test-dir/MiniOzoneClusterImpl-7574fd73-fa3b-42f5-86a6-8b7eb4322844/datanode-2/data/ratis] (custom)
2019-09-19 21:56:22,771 [pool-519-thread-1] INFO  storage.RaftStorageDirectory (RaftStorageDirectory.java:analyzeStorage(246)) - The storage directory /workdir/hadoop-ozone/integration-test/target/test-dir/MiniOzoneClusterImpl-7574fd73-fa3b-42f5-86a6-8b7eb4322844/datanode-2/data/ratis/e4915c9e-2fff-48f7-826f-6985d5009b63 does not exist. Creating ...
2019-09-19 21:56:22,783 [pool-519-thread-1] INFO  storage.RaftStorageDirectory (RaftStorageDirectory.java:tryLock(328)) - Lock on /workdir/hadoop-ozone/integration-test/target/test-dir/MiniOzoneClusterImpl-7574fd73-fa3b-42f5-86a6-8b7eb4322844/datanode-2/data/ratis/e4915c9e-2fff-48f7-826f-6985d5009b63/in_use.lock acquired by nodename 6076@pr-hdds-2020-k2m72-150965138
2019-09-19 21:56:22,795 [pool-519-thread-1] INFO  storage.RaftStorage (RaftStorage.java:format(72)) - Storage directory /workdir/hadoop-ozone/integration-test/target/test-dir/MiniOzoneClusterImpl-7574fd73-fa3b-42f5-86a6-8b7eb4322844/datanode-2/data/ratis/e4915c9e-2fff-48f7-826f-6985d5009b63 has been successfully formatted.
2019-09-19 21:56:22,795 [pool-519-thread-1] INFO  ratis.ContainerStateMachine (ContainerStateMachine.java:loadSnapshot(230)) - group-6985D5009B63: The snapshot info is null. Setting the last applied indexto:(t:0, i:~)
2019-09-19 21:56:22,795 [pool-519-thread-1] INFO  server.RaftServerConfigKeys (ConfUtils.java:logGet(43)) - raft.server.notification.no-leader.timeout = 120s (custom)
2019-09-19 21:56:22,796 [pool-519-thread-1] INFO  server.RaftServerConfigKeys (ConfUtils.java:logGet(43)) - raft.server.log.use.memory = false (default)
2019-09-19 21:56:22,796 [pool-519-thread-1] INFO  server.RaftServerConfigKeys (ConfUtils.java:logGet(43)) - raft.server.log.purge.gap = 1000000 (custom)
2019-09-19 21:56:22,796 [pool-519-thread-1] INFO  server.RaftServerConfigKeys (ConfUtils.java:logGet(43)) - raft.server.log.appender.buffer.byte-limit = 33554432 (custom)
2019-09-19 21:56:22,796 [pool-519-thread-1] INFO  server.RaftServerConfigKeys (ConfUtils.java:logGet(43)) - raft.server.log.segment.size.max = 1048576 (custom)
2019-09-19 21:56:22,796 [pool-519-thread-1] INFO  server.RaftServerConfigKeys (ConfUtils.java:logGet(43)) - raft.server.log.segment.cache.num.max = 2 (custom)
2019-09-19 21:56:22,796 [pool-519-thread-1] INFO  segmented.SegmentedRaftLogWorker (SegmentedRaftLogWorker.java:<init>(172)) - new d895ce11-0052-409f-8af8-4e205bd1ade4@group-6985D5009B63-SegmentedRaftLogWorker for RaftStorage:Storage Directory /workdir/hadoop-ozone/integration-test/target/test-dir/MiniOzoneClusterImpl-7574fd73-fa3b-42f5-86a6-8b7eb4322844/datanode-2/data/ratis/e4915c9e-2fff-48f7-826f-6985d5009b63
2019-09-19 21:56:22,797 [pool-519-thread-1] INFO  server.RaftServerConfigKeys (ConfUtils.java:logGet(43)) - raft.server.log.queue.byte-limit = 2147483647 (custom)
2019-09-19 21:56:22,797 [pool-519-thread-1] INFO  server.RaftServerConfigKeys (ConfUtils.java:logGet(43)) - raft.server.log.queue.element-limit = 1024 (custom)
2019-09-19 21:56:22,797 [pool-519-thread-1] INFO  server.RaftServerConfigKeys (ConfUtils.java:logGet(43)) - raft.server.log.segment.size.max = 1048576 (custom)
2019-09-19 21:56:22,797 [pool-519-thread-1] INFO  server.RaftServerConfigKeys (ConfUtils.java:logGet(43)) - raft.server.log.preallocated.size = 16384 (custom)
2019-09-19 21:56:22,798 [pool-519-thread-1] INFO  server.RaftServerConfigKeys (ConfUtils.java:logGet(43)) - raft.server.log.write.buffer.size = 33554432 (custom)
2019-09-19 21:56:22,798 [pool-519-thread-1] INFO  server.RaftServerConfigKeys (ConfUtils.java:logGet(43)) - raft.server.log.force.sync.num = 128 (default)
2019-09-19 21:56:22,798 [pool-519-thread-1] INFO  server.RaftServerConfigKeys (ConfUtils.java:logGet(43)) - raft.server.log.statemachine.data.sync = true (default)
2019-09-19 21:56:22,798 [pool-519-thread-1] INFO  server.RaftServerConfigKeys (ConfUtils.java:logGet(43)) - raft.server.log.statemachine.data.sync.timeout = 10s (default)
2019-09-19 21:56:22,798 [pool-519-thread-1] INFO  server.RaftServerConfigKeys (ConfUtils.java:logGet(43)) - raft.server.log.statemachine.data.sync.timeout.retry = -1 (default)
2019-09-19 21:56:22,798 [pool-519-thread-1] INFO  server.RaftServerConfigKeys (ConfUtils.java:logGet(43)) - raft.server.log.statemachine.data.caching.enabled = true (custom)
2019-09-19 21:56:22,798 [pool-519-thread-1] INFO  segmented.SegmentedRaftLogWorker (SegmentedRaftLogWorker.java:lambda$new$0(132)) - d895ce11-0052-409f-8af8-4e205bd1ade4@group-6985D5009B63-SegmentedRaftLogWorker: flushIndex: setUnconditionally 0 -> -1
2019-09-19 21:56:22,798 [pool-519-thread-1] INFO  server.RaftServerConfigKeys (ConfUtils.java:logGet(43)) - raft.server.snapshot.auto.trigger.enabled = true (custom)
2019-09-19 21:56:22,799 [pool-519-thread-1] INFO  server.RaftServerConfigKeys (ConfUtils.java:logGet(43)) - raft.server.snapshot.auto.trigger.threshold = 10000 (custom)
2019-09-19 21:56:22,799 [pool-519-thread-1] INFO  server.RaftServerConfigKeys (ConfUtils.java:logGet(43)) - raft.server.snapshot.retention.num.files = 5 (custom)
2019-09-19 21:56:22,799 [pool-519-thread-1] INFO  server.RaftServerConfigKeys (ConfUtils.java:logGet(43)) - raft.server.retrycache.expirytime = 600000ms (custom)
2019-09-19 21:56:22,800 [pool-519-thread-1] INFO  impl.RaftServerImpl (RaftServerImpl.java:start(185)) - d895ce11-0052-409f-8af8-4e205bd1ade4@group-6985D5009B63: start as a follower, conf=-1: [d895ce11-0052-409f-8af8-4e205bd1ade4:192.168.157.232:44038], old=null
2019-09-19 21:56:22,800 [pool-519-thread-1] INFO  impl.RaftServerImpl (RaftServerImpl.java:setRole(174)) - d895ce11-0052-409f-8af8-4e205bd1ade4@group-6985D5009B63: changes role from      null to FOLLOWER at term 0 for startAsFollower
2019-09-19 21:56:22,800 [pool-519-thread-1] INFO  impl.RoleInfo (RoleInfo.java:updateAndGet(143)) - d895ce11-0052-409f-8af8-4e205bd1ade4: start FollowerState
2019-09-19 21:56:22,800 [pool-519-thread-1] INFO  util.JmxRegister (JmxRegister.java:tryRegister(44)) - Successfully registered JMX Bean with object name Ratis:service=RaftServer,group=group-6985D5009B63,id=d895ce11-0052-409f-8af8-4e205bd1ade4
2019-09-19 21:56:22,802 [RatisPipelineUtilsThread] INFO  pipeline.PipelineStateManager (PipelineStateManager.java:addPipeline(56)) - Created pipeline Pipeline[ Id: e4915c9e-2fff-48f7-826f-6985d5009b63, Nodes: d895ce11-0052-409f-8af8-4e205bd1ade4{ip: 192.168.157.232, host: pr-hdds-2020-k2m72-150965138, networkLocation: /default-rack, certSerialId: null}, Type:RATIS, Factor:ONE, State:OPEN]
2019-09-19 21:56:22,812 [grpc-default-executor-8] INFO  impl.RaftServerProxy (RaftServerProxy.java:addNew(89)) - aa6381e5-8ca4-4c57-a2f0-4aafa8e23c85: addNew group-AA581DA8BECB:[aa6381e5-8ca4-4c57-a2f0-4aafa8e23c85:192.168.157.232:37173, d895ce11-0052-409f-8af8-4e205bd1ade4:192.168.157.232:44038, c090c4eb-238d-48aa-a1ef-a702d3149c9b:192.168.157.232:34121] returns group-AA581DA8BECB:java.util.concurrent.CompletableFuture@58fc50f6[Not completed]
2019-09-19 21:56:22,813 [grpc-default-executor-7] INFO  impl.RaftServerProxy (RaftServerProxy.java:addNew(89)) - c090c4eb-238d-48aa-a1ef-a702d3149c9b: addNew group-AA581DA8BECB:[aa6381e5-8ca4-4c57-a2f0-4aafa8e23c85:192.168.157.232:37173, d895ce11-0052-409f-8af8-4e205bd1ade4:192.168.157.232:44038, c090c4eb-238d-48aa-a1ef-a702d3149c9b:192.168.157.232:34121] returns group-AA581DA8BECB:java.util.concurrent.CompletableFuture@6eea8160[Not completed]
2019-09-19 21:56:22,813 [pool-509-thread-1] INFO  impl.RaftServerImpl (RaftServerImpl.java:<init>(95)) - aa6381e5-8ca4-4c57-a2f0-4aafa8e23c85: new RaftServerImpl for group-AA581DA8BECB:[aa6381e5-8ca4-4c57-a2f0-4aafa8e23c85:192.168.157.232:37173, d895ce11-0052-409f-8af8-4e205bd1ade4:192.168.157.232:44038, c090c4eb-238d-48aa-a1ef-a702d3149c9b:192.168.157.232:34121] with ContainerStateMachine:uninitialized
2019-09-19 21:56:22,813 [grpc-default-executor-7] INFO  impl.RaftServerProxy (RaftServerProxy.java:addNew(89)) - d895ce11-0052-409f-8af8-4e205bd1ade4: addNew group-AA581DA8BECB:[aa6381e5-8ca4-4c57-a2f0-4aafa8e23c85:192.168.157.232:37173, d895ce11-0052-409f-8af8-4e205bd1ade4:192.168.157.232:44038, c090c4eb-238d-48aa-a1ef-a702d3149c9b:192.168.157.232:34121] returns group-AA581DA8BECB:java.util.concurrent.CompletableFuture@54c97046[Not completed]
2019-09-19 21:56:22,813 [pool-509-thread-1] INFO  server.RaftServerConfigKeys (ConfUtils.java:logGet(43)) - raft.server.rpc.timeout.min = 5s (custom)
2019-09-19 21:56:22,813 [pool-509-thread-1] INFO  server.RaftServerConfigKeys (ConfUtils.java:logGet(43)) - raft.server.rpc.timeout.max = 5200ms (custom)
2019-09-19 21:56:22,813 [pool-509-thread-1] INFO  server.RaftServerConfigKeys (ConfUtils.java:logGet(43)) - raft.server.rpcslowness.timeout = 120s (custom)
2019-09-19 21:56:22,813 [pool-509-thread-1] INFO  server.RaftServerConfigKeys (ConfUtils.java:logGet(43)) - raft.server.sleep.deviation.threshold = 300 (default)
2019-09-19 21:56:22,814 [pool-509-thread-1] INFO  server.RaftServerConfigKeys (ConfUtils.java:logGet(43)) - raft.server.log.appender.install.snapshot.enabled = false (custom)
2019-09-19 21:56:22,814 [pool-509-thread-1] INFO  impl.RaftServerImpl (ServerState.java:<init>(103)) - aa6381e5-8ca4-4c57-a2f0-4aafa8e23c85@group-AA581DA8BECB: ConfigurationManager, init=-1: [aa6381e5-8ca4-4c57-a2f0-4aafa8e23c85:192.168.157.232:37173, d895ce11-0052-409f-8af8-4e205bd1ade4:192.168.157.232:44038, c090c4eb-238d-48aa-a1ef-a702d3149c9b:192.168.157.232:34121], old=null, confs=<EMPTY_MAP>
2019-09-19 21:56:22,814 [pool-509-thread-1] INFO  server.RaftServerConfigKeys (ConfUtils.java:logGet(43)) - raft.server.storage.dir = [/workdir/hadoop-ozone/integration-test/target/test-dir/MiniOzoneClusterImpl-7574fd73-fa3b-42f5-86a6-8b7eb4322844/datanode-1/data/ratis] (custom)
2019-09-19 21:56:22,814 [pool-499-thread-1] INFO  impl.RaftServerImpl (RaftServerImpl.java:<init>(95)) - c090c4eb-238d-48aa-a1ef-a702d3149c9b: new RaftServerImpl for group-AA581DA8BECB:[aa6381e5-8ca4-4c57-a2f0-4aafa8e23c85:192.168.157.232:37173, d895ce11-0052-409f-8af8-4e205bd1ade4:192.168.157.232:44038, c090c4eb-238d-48aa-a1ef-a702d3149c9b:192.168.157.232:34121] with ContainerStateMachine:uninitialized
2019-09-19 21:56:22,814 [pool-509-thread-1] INFO  storage.RaftStorageDirectory (RaftStorageDirectory.java:analyzeStorage(246)) - The storage directory /workdir/hadoop-ozone/integration-test/target/test-dir/MiniOzoneClusterImpl-7574fd73-fa3b-42f5-86a6-8b7eb4322844/datanode-1/data/ratis/06cd9d9f-d8e1-44af-a6f3-aa581da8becb does not exist. Creating ...
2019-09-19 21:56:22,814 [pool-499-thread-1] INFO  server.RaftServerConfigKeys (ConfUtils.java:logGet(43)) - raft.server.rpc.timeout.min = 5s (custom)
2019-09-19 21:56:22,814 [pool-499-thread-1] INFO  server.RaftServerConfigKeys (ConfUtils.java:logGet(43)) - raft.server.rpc.timeout.max = 5200ms (custom)
2019-09-19 21:56:22,814 [pool-499-thread-1] INFO  server.RaftServerConfigKeys (ConfUtils.java:logGet(43)) - raft.server.rpcslowness.timeout = 120s (custom)
2019-09-19 21:56:22,814 [pool-519-thread-1] INFO  impl.RaftServerImpl (RaftServerImpl.java:<init>(95)) - d895ce11-0052-409f-8af8-4e205bd1ade4: new RaftServerImpl for group-AA581DA8BECB:[aa6381e5-8ca4-4c57-a2f0-4aafa8e23c85:192.168.157.232:37173, d895ce11-0052-409f-8af8-4e205bd1ade4:192.168.157.232:44038, c090c4eb-238d-48aa-a1ef-a702d3149c9b:192.168.157.232:34121] with ContainerStateMachine:uninitialized
2019-09-19 21:56:22,814 [pool-499-thread-1] INFO  server.RaftServerConfigKeys (ConfUtils.java:logGet(43)) - raft.server.sleep.deviation.threshold = 300 (default)
2019-09-19 21:56:22,815 [pool-519-thread-1] INFO  server.RaftServerConfigKeys (ConfUtils.java:logGet(43)) - raft.server.rpc.timeout.min = 5s (custom)
2019-09-19 21:56:22,815 [pool-499-thread-1] INFO  server.RaftServerConfigKeys (ConfUtils.java:logGet(43)) - raft.server.log.appender.install.snapshot.enabled = false (custom)
2019-09-19 21:56:22,815 [pool-519-thread-1] INFO  server.RaftServerConfigKeys (ConfUtils.java:logGet(43)) - raft.server.rpc.timeout.max = 5200ms (custom)
2019-09-19 21:56:22,815 [pool-499-thread-1] INFO  impl.RaftServerImpl (ServerState.java:<init>(103)) - c090c4eb-238d-48aa-a1ef-a702d3149c9b@group-AA581DA8BECB: ConfigurationManager, init=-1: [aa6381e5-8ca4-4c57-a2f0-4aafa8e23c85:192.168.157.232:37173, d895ce11-0052-409f-8af8-4e205bd1ade4:192.168.157.232:44038, c090c4eb-238d-48aa-a1ef-a702d3149c9b:192.168.157.232:34121], old=null, confs=<EMPTY_MAP>
2019-09-19 21:56:22,815 [pool-519-thread-1] INFO  server.RaftServerConfigKeys (ConfUtils.java:logGet(43)) - raft.server.rpcslowness.timeout = 120s (custom)
2019-09-19 21:56:22,815 [pool-499-thread-1] INFO  server.RaftServerConfigKeys (ConfUtils.java:logGet(43)) - raft.server.storage.dir = [/workdir/hadoop-ozone/integration-test/target/test-dir/MiniOzoneClusterImpl-7574fd73-fa3b-42f5-86a6-8b7eb4322844/datanode-0/data/ratis] (custom)
2019-09-19 21:56:22,815 [pool-519-thread-1] INFO  server.RaftServerConfigKeys (ConfUtils.java:logGet(43)) - raft.server.sleep.deviation.threshold = 300 (default)
2019-09-19 21:56:22,816 [pool-519-thread-1] INFO  server.RaftServerConfigKeys (ConfUtils.java:logGet(43)) - raft.server.log.appender.install.snapshot.enabled = false (custom)
2019-09-19 21:56:22,816 [pool-499-thread-1] INFO  storage.RaftStorageDirectory (RaftStorageDirectory.java:analyzeStorage(246)) - The storage directory /workdir/hadoop-ozone/integration-test/target/test-dir/MiniOzoneClusterImpl-7574fd73-fa3b-42f5-86a6-8b7eb4322844/datanode-0/data/ratis/06cd9d9f-d8e1-44af-a6f3-aa581da8becb does not exist. Creating ...
2019-09-19 21:56:22,816 [pool-519-thread-1] INFO  impl.RaftServerImpl (ServerState.java:<init>(103)) - d895ce11-0052-409f-8af8-4e205bd1ade4@group-AA581DA8BECB: ConfigurationManager, init=-1: [aa6381e5-8ca4-4c57-a2f0-4aafa8e23c85:192.168.157.232:37173, d895ce11-0052-409f-8af8-4e205bd1ade4:192.168.157.232:44038, c090c4eb-238d-48aa-a1ef-a702d3149c9b:192.168.157.232:34121], old=null, confs=<EMPTY_MAP>
2019-09-19 21:56:22,816 [pool-519-thread-1] INFO  server.RaftServerConfigKeys (ConfUtils.java:logGet(43)) - raft.server.storage.dir = [/workdir/hadoop-ozone/integration-test/target/test-dir/MiniOzoneClusterImpl-7574fd73-fa3b-42f5-86a6-8b7eb4322844/datanode-2/data/ratis] (custom)
2019-09-19 21:56:22,816 [pool-519-thread-1] INFO  storage.RaftStorageDirectory (RaftStorageDirectory.java:analyzeStorage(246)) - The storage directory /workdir/hadoop-ozone/integration-test/target/test-dir/MiniOzoneClusterImpl-7574fd73-fa3b-42f5-86a6-8b7eb4322844/datanode-2/data/ratis/06cd9d9f-d8e1-44af-a6f3-aa581da8becb does not exist. Creating ...
2019-09-19 21:56:22,820 [IPC Server handler 5 on 46365] INFO  net.NetworkTopology (NetworkTopologyImpl.java:add(111)) - Added a new node: /default-rack/afea28c8-2167-4e4f-8679-60ec4d623a67
2019-09-19 21:56:22,820 [IPC Server handler 5 on 46365] INFO  node.SCMNodeManager (SCMNodeManager.java:register(266)) - Registered Data node : afea28c8-2167-4e4f-8679-60ec4d623a67{ip: 192.168.157.232, host: pr-hdds-2020-k2m72-150965138, networkLocation: /default-rack, certSerialId: null}
2019-09-19 21:56:22,839 [pool-499-thread-1] INFO  storage.RaftStorageDirectory (RaftStorageDirectory.java:tryLock(328)) - Lock on /workdir/hadoop-ozone/integration-test/target/test-dir/MiniOzoneClusterImpl-7574fd73-fa3b-42f5-86a6-8b7eb4322844/datanode-0/data/ratis/06cd9d9f-d8e1-44af-a6f3-aa581da8becb/in_use.lock acquired by nodename 6076@pr-hdds-2020-k2m72-150965138
2019-09-19 21:56:22,839 [pool-519-thread-1] INFO  storage.RaftStorageDirectory (RaftStorageDirectory.java:tryLock(328)) - Lock on /workdir/hadoop-ozone/integration-test/target/test-dir/MiniOzoneClusterImpl-7574fd73-fa3b-42f5-86a6-8b7eb4322844/datanode-2/data/ratis/06cd9d9f-d8e1-44af-a6f3-aa581da8becb/in_use.lock acquired by nodename 6076@pr-hdds-2020-k2m72-150965138
2019-09-19 21:56:22,839 [pool-509-thread-1] INFO  storage.RaftStorageDirectory (RaftStorageDirectory.java:tryLock(328)) - Lock on /workdir/hadoop-ozone/integration-test/target/test-dir/MiniOzoneClusterImpl-7574fd73-fa3b-42f5-86a6-8b7eb4322844/datanode-1/data/ratis/06cd9d9f-d8e1-44af-a6f3-aa581da8becb/in_use.lock acquired by nodename 6076@pr-hdds-2020-k2m72-150965138
2019-09-19 21:56:22,865 [pool-519-thread-1] INFO  storage.RaftStorage (RaftStorage.java:format(72)) - Storage directory /workdir/hadoop-ozone/integration-test/target/test-dir/MiniOzoneClusterImpl-7574fd73-fa3b-42f5-86a6-8b7eb4322844/datanode-2/data/ratis/06cd9d9f-d8e1-44af-a6f3-aa581da8becb has been successfully formatted.
2019-09-19 21:56:22,865 [pool-499-thread-1] INFO  storage.RaftStorage (RaftStorage.java:format(72)) - Storage directory /workdir/hadoop-ozone/integration-test/target/test-dir/MiniOzoneClusterImpl-7574fd73-fa3b-42f5-86a6-8b7eb4322844/datanode-0/data/ratis/06cd9d9f-d8e1-44af-a6f3-aa581da8becb has been successfully formatted.
2019-09-19 21:56:22,865 [pool-509-thread-1] INFO  storage.RaftStorage (RaftStorage.java:format(72)) - Storage directory /workdir/hadoop-ozone/integration-test/target/test-dir/MiniOzoneClusterImpl-7574fd73-fa3b-42f5-86a6-8b7eb4322844/datanode-1/data/ratis/06cd9d9f-d8e1-44af-a6f3-aa581da8becb has been successfully formatted.
2019-09-19 21:56:22,865 [pool-499-thread-1] INFO  ratis.ContainerStateMachine (ContainerStateMachine.java:loadSnapshot(230)) - group-AA581DA8BECB: The snapshot info is null. Setting the last applied indexto:(t:0, i:~)
2019-09-19 21:56:22,865 [pool-519-thread-1] INFO  ratis.ContainerStateMachine (ContainerStateMachine.java:loadSnapshot(230)) - group-AA581DA8BECB: The snapshot info is null. Setting the last applied indexto:(t:0, i:~)
2019-09-19 21:56:22,866 [pool-499-thread-1] INFO  server.RaftServerConfigKeys (ConfUtils.java:logGet(43)) - raft.server.notification.no-leader.timeout = 120s (custom)
2019-09-19 21:56:22,865 [pool-509-thread-1] INFO  ratis.ContainerStateMachine (ContainerStateMachine.java:loadSnapshot(230)) - group-AA581DA8BECB: The snapshot info is null. Setting the last applied indexto:(t:0, i:~)
2019-09-19 21:56:22,866 [pool-499-thread-1] INFO  server.RaftServerConfigKeys (ConfUtils.java:logGet(43)) - raft.server.log.use.memory = false (default)
2019-09-19 21:56:22,866 [pool-519-thread-1] INFO  server.RaftServerConfigKeys (ConfUtils.java:logGet(43)) - raft.server.notification.no-leader.timeout = 120s (custom)
2019-09-19 21:56:22,866 [pool-499-thread-1] INFO  server.RaftServerConfigKeys (ConfUtils.java:logGet(43)) - raft.server.log.purge.gap = 1000000 (custom)
2019-09-19 21:56:22,866 [pool-509-thread-1] INFO  server.RaftServerConfigKeys (ConfUtils.java:logGet(43)) - raft.server.notification.no-leader.timeout = 120s (custom)
2019-09-19 21:56:22,866 [pool-499-thread-1] INFO  server.RaftServerConfigKeys (ConfUtils.java:logGet(43)) - raft.server.log.appender.buffer.byte-limit = 33554432 (custom)
2019-09-19 21:56:22,867 [pool-499-thread-1] INFO  server.RaftServerConfigKeys (ConfUtils.java:logGet(43)) - raft.server.log.segment.size.max = 1048576 (custom)
2019-09-19 21:56:22,866 [pool-519-thread-1] INFO  server.RaftServerConfigKeys (ConfUtils.java:logGet(43)) - raft.server.log.use.memory = false (default)
2019-09-19 21:56:22,867 [pool-499-thread-1] INFO  server.RaftServerConfigKeys (ConfUtils.java:logGet(43)) - raft.server.log.segment.cache.num.max = 2 (custom)
2019-09-19 21:56:22,867 [pool-499-thread-1] INFO  segmented.SegmentedRaftLogWorker (SegmentedRaftLogWorker.java:<init>(172)) - new c090c4eb-238d-48aa-a1ef-a702d3149c9b@group-AA581DA8BECB-SegmentedRaftLogWorker for RaftStorage:Storage Directory /workdir/hadoop-ozone/integration-test/target/test-dir/MiniOzoneClusterImpl-7574fd73-fa3b-42f5-86a6-8b7eb4322844/datanode-0/data/ratis/06cd9d9f-d8e1-44af-a6f3-aa581da8becb
2019-09-19 21:56:22,866 [pool-509-thread-1] INFO  server.RaftServerConfigKeys (ConfUtils.java:logGet(43)) - raft.server.log.use.memory = false (default)
2019-09-19 21:56:22,867 [pool-499-thread-1] INFO  server.RaftServerConfigKeys (ConfUtils.java:logGet(43)) - raft.server.log.queue.byte-limit = 2147483647 (custom)
2019-09-19 21:56:22,867 [pool-519-thread-1] INFO  server.RaftServerConfigKeys (ConfUtils.java:logGet(43)) - raft.server.log.purge.gap = 1000000 (custom)
2019-09-19 21:56:22,868 [pool-499-thread-1] INFO  server.RaftServerConfigKeys (ConfUtils.java:logGet(43)) - raft.server.log.queue.element-limit = 1024 (custom)
2019-09-19 21:56:22,868 [pool-509-thread-1] INFO  server.RaftServerConfigKeys (ConfUtils.java:logGet(43)) - raft.server.log.purge.gap = 1000000 (custom)
2019-09-19 21:56:22,868 [pool-499-thread-1] INFO  server.RaftServerConfigKeys (ConfUtils.java:logGet(43)) - raft.server.log.segment.size.max = 1048576 (custom)
2019-09-19 21:56:22,868 [pool-519-thread-1] INFO  server.RaftServerConfigKeys (ConfUtils.java:logGet(43)) - raft.server.log.appender.buffer.byte-limit = 33554432 (custom)
2019-09-19 21:56:22,868 [pool-499-thread-1] INFO  server.RaftServerConfigKeys (ConfUtils.java:logGet(43)) - raft.server.log.preallocated.size = 16384 (custom)
2019-09-19 21:56:22,868 [pool-509-thread-1] INFO  server.RaftServerConfigKeys (ConfUtils.java:logGet(43)) - raft.server.log.appender.buffer.byte-limit = 33554432 (custom)
2019-09-19 21:56:22,869 [pool-499-thread-1] INFO  server.RaftServerConfigKeys (ConfUtils.java:logGet(43)) - raft.server.log.write.buffer.size = 33554432 (custom)
2019-09-19 21:56:22,868 [pool-519-thread-1] INFO  server.RaftServerConfigKeys (ConfUtils.java:logGet(43)) - raft.server.log.segment.size.max = 1048576 (custom)
2019-09-19 21:56:22,869 [pool-499-thread-1] INFO  server.RaftServerConfigKeys (ConfUtils.java:logGet(43)) - raft.server.log.force.sync.num = 128 (default)
2019-09-19 21:56:22,869 [pool-499-thread-1] INFO  server.RaftServerConfigKeys (ConfUtils.java:logGet(43)) - raft.server.log.statemachine.data.sync = true (default)
2019-09-19 21:56:22,869 [pool-509-thread-1] INFO  server.RaftServerConfigKeys (ConfUtils.java:logGet(43)) - raft.server.log.segment.size.max = 1048576 (custom)
2019-09-19 21:56:22,869 [pool-499-thread-1] INFO  server.RaftServerConfigKeys (ConfUtils.java:logGet(43)) - raft.server.log.statemachine.data.sync.timeout = 10s (default)
2019-09-19 21:56:22,870 [pool-499-thread-1] INFO  server.RaftServerConfigKeys (ConfUtils.java:logGet(43)) - raft.server.log.statemachine.data.sync.timeout.retry = -1 (default)
2019-09-19 21:56:22,869 [pool-519-thread-1] INFO  server.RaftServerConfigKeys (ConfUtils.java:logGet(43)) - raft.server.log.segment.cache.num.max = 2 (custom)
2019-09-19 21:56:22,870 [pool-499-thread-1] INFO  server.RaftServerConfigKeys (ConfUtils.java:logGet(43)) - raft.server.log.statemachine.data.caching.enabled = true (custom)
2019-09-19 21:56:22,870 [pool-509-thread-1] INFO  server.RaftServerConfigKeys (ConfUtils.java:logGet(43)) - raft.server.log.segment.cache.num.max = 2 (custom)
2019-09-19 21:56:22,870 [pool-499-thread-1] INFO  segmented.SegmentedRaftLogWorker (SegmentedRaftLogWorker.java:lambda$new$0(132)) - c090c4eb-238d-48aa-a1ef-a702d3149c9b@group-AA581DA8BECB-SegmentedRaftLogWorker: flushIndex: setUnconditionally 0 -> -1
2019-09-19 21:56:22,870 [pool-519-thread-1] INFO  segmented.SegmentedRaftLogWorker (SegmentedRaftLogWorker.java:<init>(172)) - new d895ce11-0052-409f-8af8-4e205bd1ade4@group-AA581DA8BECB-SegmentedRaftLogWorker for RaftStorage:Storage Directory /workdir/hadoop-ozone/integration-test/target/test-dir/MiniOzoneClusterImpl-7574fd73-fa3b-42f5-86a6-8b7eb4322844/datanode-2/data/ratis/06cd9d9f-d8e1-44af-a6f3-aa581da8becb
2019-09-19 21:56:22,870 [pool-509-thread-1] INFO  segmented.SegmentedRaftLogWorker (SegmentedRaftLogWorker.java:<init>(172)) - new aa6381e5-8ca4-4c57-a2f0-4aafa8e23c85@group-AA581DA8BECB-SegmentedRaftLogWorker for RaftStorage:Storage Directory /workdir/hadoop-ozone/integration-test/target/test-dir/MiniOzoneClusterImpl-7574fd73-fa3b-42f5-86a6-8b7eb4322844/datanode-1/data/ratis/06cd9d9f-d8e1-44af-a6f3-aa581da8becb
2019-09-19 21:56:22,871 [pool-519-thread-1] INFO  server.RaftServerConfigKeys (ConfUtils.java:logGet(43)) - raft.server.log.queue.byte-limit = 2147483647 (custom)
2019-09-19 21:56:22,871 [pool-499-thread-1] INFO  server.RaftServerConfigKeys (ConfUtils.java:logGet(43)) - raft.server.snapshot.auto.trigger.enabled = true (custom)
2019-09-19 21:56:22,871 [pool-519-thread-1] INFO  server.RaftServerConfigKeys (ConfUtils.java:logGet(43)) - raft.server.log.queue.element-limit = 1024 (custom)
2019-09-19 21:56:22,871 [pool-509-thread-1] INFO  server.RaftServerConfigKeys (ConfUtils.java:logGet(43)) - raft.server.log.queue.byte-limit = 2147483647 (custom)
2019-09-19 21:56:22,871 [pool-519-thread-1] INFO  server.RaftServerConfigKeys (ConfUtils.java:logGet(43)) - raft.server.log.segment.size.max = 1048576 (custom)
2019-09-19 21:56:22,871 [pool-499-thread-1] INFO  server.RaftServerConfigKeys (ConfUtils.java:logGet(43)) - raft.server.snapshot.auto.trigger.threshold = 10000 (custom)
2019-09-19 21:56:22,872 [pool-519-thread-1] INFO  server.RaftServerConfigKeys (ConfUtils.java:logGet(43)) - raft.server.log.preallocated.size = 16384 (custom)
2019-09-19 21:56:22,871 [pool-509-thread-1] INFO  server.RaftServerConfigKeys (ConfUtils.java:logGet(43)) - raft.server.log.queue.element-limit = 1024 (custom)
2019-09-19 21:56:22,872 [pool-519-thread-1] INFO  server.RaftServerConfigKeys (ConfUtils.java:logGet(43)) - raft.server.log.write.buffer.size = 33554432 (custom)
2019-09-19 21:56:22,872 [pool-499-thread-1] INFO  server.RaftServerConfigKeys (ConfUtils.java:logGet(43)) - raft.server.snapshot.retention.num.files = 5 (custom)
2019-09-19 21:56:22,872 [pool-519-thread-1] INFO  server.RaftServerConfigKeys (ConfUtils.java:logGet(43)) - raft.server.log.force.sync.num = 128 (default)
2019-09-19 21:56:22,872 [pool-509-thread-1] INFO  server.RaftServerConfigKeys (ConfUtils.java:logGet(43)) - raft.server.log.segment.size.max = 1048576 (custom)
2019-09-19 21:56:22,872 [pool-519-thread-1] INFO  server.RaftServerConfigKeys (ConfUtils.java:logGet(43)) - raft.server.log.statemachine.data.sync = true (default)
2019-09-19 21:56:22,872 [pool-499-thread-1] INFO  server.RaftServerConfigKeys (ConfUtils.java:logGet(43)) - raft.server.retrycache.expirytime = 600000ms (custom)
2019-09-19 21:56:22,873 [pool-519-thread-1] INFO  server.RaftServerConfigKeys (ConfUtils.java:logGet(43)) - raft.server.log.statemachine.data.sync.timeout = 10s (default)
2019-09-19 21:56:22,873 [pool-509-thread-1] INFO  server.RaftServerConfigKeys (ConfUtils.java:logGet(43)) - raft.server.log.preallocated.size = 16384 (custom)
2019-09-19 21:56:22,873 [pool-519-thread-1] INFO  server.RaftServerConfigKeys (ConfUtils.java:logGet(43)) - raft.server.log.statemachine.data.sync.timeout.retry = -1 (default)
2019-09-19 21:56:22,873 [pool-509-thread-1] INFO  server.RaftServerConfigKeys (ConfUtils.java:logGet(43)) - raft.server.log.write.buffer.size = 33554432 (custom)
2019-09-19 21:56:22,873 [pool-519-thread-1] INFO  server.RaftServerConfigKeys (ConfUtils.java:logGet(43)) - raft.server.log.statemachine.data.caching.enabled = true (custom)
2019-09-19 21:56:22,874 [pool-509-thread-1] INFO  server.RaftServerConfigKeys (ConfUtils.java:logGet(43)) - raft.server.log.force.sync.num = 128 (default)
2019-09-19 21:56:22,874 [pool-509-thread-1] INFO  server.RaftServerConfigKeys (ConfUtils.java:logGet(43)) - raft.server.log.statemachine.data.sync = true (default)
2019-09-19 21:56:22,874 [pool-519-thread-1] INFO  segmented.SegmentedRaftLogWorker (SegmentedRaftLogWorker.java:lambda$new$0(132)) - d895ce11-0052-409f-8af8-4e205bd1ade4@group-AA581DA8BECB-SegmentedRaftLogWorker: flushIndex: setUnconditionally 0 -> -1
2019-09-19 21:56:22,874 [pool-509-thread-1] INFO  server.RaftServerConfigKeys (ConfUtils.java:logGet(43)) - raft.server.log.statemachine.data.sync.timeout = 10s (default)
2019-09-19 21:56:22,874 [pool-509-thread-1] INFO  server.RaftServerConfigKeys (ConfUtils.java:logGet(43)) - raft.server.log.statemachine.data.sync.timeout.retry = -1 (default)
2019-09-19 21:56:22,874 [pool-519-thread-1] INFO  server.RaftServerConfigKeys (ConfUtils.java:logGet(43)) - raft.server.snapshot.auto.trigger.enabled = true (custom)
2019-09-19 21:56:22,875 [pool-499-thread-1] INFO  impl.RaftServerImpl (RaftServerImpl.java:start(185)) - c090c4eb-238d-48aa-a1ef-a702d3149c9b@group-AA581DA8BECB: start as a follower, conf=-1: [aa6381e5-8ca4-4c57-a2f0-4aafa8e23c85:192.168.157.232:37173, d895ce11-0052-409f-8af8-4e205bd1ade4:192.168.157.232:44038, c090c4eb-238d-48aa-a1ef-a702d3149c9b:192.168.157.232:34121], old=null
2019-09-19 21:56:22,875 [pool-509-thread-1] INFO  server.RaftServerConfigKeys (ConfUtils.java:logGet(43)) - raft.server.log.statemachine.data.caching.enabled = true (custom)
2019-09-19 21:56:22,875 [pool-499-thread-1] INFO  impl.RaftServerImpl (RaftServerImpl.java:setRole(174)) - c090c4eb-238d-48aa-a1ef-a702d3149c9b@group-AA581DA8BECB: changes role from      null to FOLLOWER at term 0 for startAsFollower
2019-09-19 21:56:22,875 [pool-519-thread-1] INFO  server.RaftServerConfigKeys (ConfUtils.java:logGet(43)) - raft.server.snapshot.auto.trigger.threshold = 10000 (custom)
2019-09-19 21:56:22,875 [pool-509-thread-1] INFO  segmented.SegmentedRaftLogWorker (SegmentedRaftLogWorker.java:lambda$new$0(132)) - aa6381e5-8ca4-4c57-a2f0-4aafa8e23c85@group-AA581DA8BECB-SegmentedRaftLogWorker: flushIndex: setUnconditionally 0 -> -1
2019-09-19 21:56:22,875 [pool-499-thread-1] INFO  impl.RoleInfo (RoleInfo.java:updateAndGet(143)) - c090c4eb-238d-48aa-a1ef-a702d3149c9b: start FollowerState
2019-09-19 21:56:22,875 [pool-519-thread-1] INFO  server.RaftServerConfigKeys (ConfUtils.java:logGet(43)) - raft.server.snapshot.retention.num.files = 5 (custom)
2019-09-19 21:56:22,876 [pool-509-thread-1] INFO  server.RaftServerConfigKeys (ConfUtils.java:logGet(43)) - raft.server.snapshot.auto.trigger.enabled = true (custom)
2019-09-19 21:56:22,876 [pool-519-thread-1] INFO  server.RaftServerConfigKeys (ConfUtils.java:logGet(43)) - raft.server.retrycache.expirytime = 600000ms (custom)
2019-09-19 21:56:22,876 [pool-499-thread-1] INFO  util.JmxRegister (JmxRegister.java:tryRegister(44)) - Successfully registered JMX Bean with object name Ratis:service=RaftServer,group=group-AA581DA8BECB,id=c090c4eb-238d-48aa-a1ef-a702d3149c9b
2019-09-19 21:56:22,876 [pool-509-thread-1] INFO  server.RaftServerConfigKeys (ConfUtils.java:logGet(43)) - raft.server.snapshot.auto.trigger.threshold = 10000 (custom)
2019-09-19 21:56:22,876 [pool-509-thread-1] INFO  server.RaftServerConfigKeys (ConfUtils.java:logGet(43)) - raft.server.snapshot.retention.num.files = 5 (custom)
2019-09-19 21:56:22,876 [pool-509-thread-1] INFO  server.RaftServerConfigKeys (ConfUtils.java:logGet(43)) - raft.server.retrycache.expirytime = 600000ms (custom)
2019-09-19 21:56:22,879 [pool-519-thread-1] INFO  impl.RaftServerImpl (RaftServerImpl.java:start(185)) - d895ce11-0052-409f-8af8-4e205bd1ade4@group-AA581DA8BECB: start as a follower, conf=-1: [aa6381e5-8ca4-4c57-a2f0-4aafa8e23c85:192.168.157.232:37173, d895ce11-0052-409f-8af8-4e205bd1ade4:192.168.157.232:44038, c090c4eb-238d-48aa-a1ef-a702d3149c9b:192.168.157.232:34121], old=null
2019-09-19 21:56:22,879 [pool-519-thread-1] INFO  impl.RaftServerImpl (RaftServerImpl.java:setRole(174)) - d895ce11-0052-409f-8af8-4e205bd1ade4@group-AA581DA8BECB: changes role from      null to FOLLOWER at term 0 for startAsFollower
2019-09-19 21:56:22,879 [pool-509-thread-1] INFO  impl.RaftServerImpl (RaftServerImpl.java:start(185)) - aa6381e5-8ca4-4c57-a2f0-4aafa8e23c85@group-AA581DA8BECB: start as a follower, conf=-1: [aa6381e5-8ca4-4c57-a2f0-4aafa8e23c85:192.168.157.232:37173, d895ce11-0052-409f-8af8-4e205bd1ade4:192.168.157.232:44038, c090c4eb-238d-48aa-a1ef-a702d3149c9b:192.168.157.232:34121], old=null
2019-09-19 21:56:22,879 [pool-519-thread-1] INFO  impl.RoleInfo (RoleInfo.java:updateAndGet(143)) - d895ce11-0052-409f-8af8-4e205bd1ade4: start FollowerState
2019-09-19 21:56:22,879 [pool-509-thread-1] INFO  impl.RaftServerImpl (RaftServerImpl.java:setRole(174)) - aa6381e5-8ca4-4c57-a2f0-4aafa8e23c85@group-AA581DA8BECB: changes role from      null to FOLLOWER at term 0 for startAsFollower
2019-09-19 21:56:22,879 [pool-509-thread-1] INFO  impl.RoleInfo (RoleInfo.java:updateAndGet(143)) - aa6381e5-8ca4-4c57-a2f0-4aafa8e23c85: start FollowerState
2019-09-19 21:56:22,880 [pool-519-thread-1] INFO  util.JmxRegister (JmxRegister.java:tryRegister(44)) - Successfully registered JMX Bean with object name Ratis:service=RaftServer,group=group-AA581DA8BECB,id=d895ce11-0052-409f-8af8-4e205bd1ade4
2019-09-19 21:56:22,880 [pool-509-thread-1] INFO  util.JmxRegister (JmxRegister.java:tryRegister(44)) - Successfully registered JMX Bean with object name Ratis:service=RaftServer,group=group-AA581DA8BECB,id=aa6381e5-8ca4-4c57-a2f0-4aafa8e23c85
2019-09-19 21:56:22,882 [IPC Server handler 1 on 46365] INFO  net.NetworkTopology (NetworkTopologyImpl.java:add(111)) - Added a new node: /default-rack/bcf2dcee-3b1d-45e4-b716-31c033deb895
2019-09-19 21:56:22,882 [IPC Server handler 1 on 46365] INFO  node.SCMNodeManager (SCMNodeManager.java:register(266)) - Registered Data node : bcf2dcee-3b1d-45e4-b716-31c033deb895{ip: 192.168.157.232, host: pr-hdds-2020-k2m72-150965138, networkLocation: /default-rack, certSerialId: null}
2019-09-19 21:56:22,882 [RatisPipelineUtilsThread] INFO  pipeline.PipelineStateManager (PipelineStateManager.java:addPipeline(56)) - Created pipeline Pipeline[ Id: 06cd9d9f-d8e1-44af-a6f3-aa581da8becb, Nodes: d895ce11-0052-409f-8af8-4e205bd1ade4{ip: 192.168.157.232, host: pr-hdds-2020-k2m72-150965138, networkLocation: /default-rack, certSerialId: null}aa6381e5-8ca4-4c57-a2f0-4aafa8e23c85{ip: 192.168.157.232, host: pr-hdds-2020-k2m72-150965138, networkLocation: /default-rack, certSerialId: null}c090c4eb-238d-48aa-a1ef-a702d3149c9b{ip: 192.168.157.232, host: pr-hdds-2020-k2m72-150965138, networkLocation: /default-rack, certSerialId: null}, Type:RATIS, Factor:THREE, State:OPEN]
2019-09-19 21:56:22,905 [grpc-default-executor-7] INFO  impl.RaftServerProxy (RaftServerProxy.java:addNew(89)) - bcf2dcee-3b1d-45e4-b716-31c033deb895: addNew group-9F0B37419F64:[bcf2dcee-3b1d-45e4-b716-31c033deb895:192.168.157.232:34727] returns group-9F0B37419F64:java.util.concurrent.CompletableFuture@19c43110[Not completed]
2019-09-19 21:56:22,906 [pool-539-thread-1] INFO  impl.RaftServerImpl (RaftServerImpl.java:<init>(95)) - bcf2dcee-3b1d-45e4-b716-31c033deb895: new RaftServerImpl for group-9F0B37419F64:[bcf2dcee-3b1d-45e4-b716-31c033deb895:192.168.157.232:34727] with ContainerStateMachine:uninitialized
2019-09-19 21:56:22,909 [pool-539-thread-1] INFO  server.RaftServerConfigKeys (ConfUtils.java:logGet(43)) - raft.server.rpc.timeout.min = 5s (custom)
2019-09-19 21:56:22,909 [pool-539-thread-1] INFO  server.RaftServerConfigKeys (ConfUtils.java:logGet(43)) - raft.server.rpc.timeout.max = 5200ms (custom)
2019-09-19 21:56:22,909 [pool-539-thread-1] INFO  server.RaftServerConfigKeys (ConfUtils.java:logGet(43)) - raft.server.rpcslowness.timeout = 120s (custom)
2019-09-19 21:56:22,909 [pool-539-thread-1] INFO  server.RaftServerConfigKeys (ConfUtils.java:logGet(43)) - raft.server.sleep.deviation.threshold = 300 (default)
2019-09-19 21:56:22,910 [pool-539-thread-1] INFO  server.RaftServerConfigKeys (ConfUtils.java:logGet(43)) - raft.server.log.appender.install.snapshot.enabled = false (custom)
2019-09-19 21:56:22,910 [pool-539-thread-1] INFO  impl.RaftServerImpl (ServerState.java:<init>(103)) - bcf2dcee-3b1d-45e4-b716-31c033deb895@group-9F0B37419F64: ConfigurationManager, init=-1: [bcf2dcee-3b1d-45e4-b716-31c033deb895:192.168.157.232:34727], old=null, confs=<EMPTY_MAP>
2019-09-19 21:56:22,910 [pool-539-thread-1] INFO  server.RaftServerConfigKeys (ConfUtils.java:logGet(43)) - raft.server.storage.dir = [/workdir/hadoop-ozone/integration-test/target/test-dir/MiniOzoneClusterImpl-7574fd73-fa3b-42f5-86a6-8b7eb4322844/datanode-4/data/ratis] (custom)
2019-09-19 21:56:22,910 [pool-539-thread-1] INFO  storage.RaftStorageDirectory (RaftStorageDirectory.java:analyzeStorage(246)) - The storage directory /workdir/hadoop-ozone/integration-test/target/test-dir/MiniOzoneClusterImpl-7574fd73-fa3b-42f5-86a6-8b7eb4322844/datanode-4/data/ratis/532e2d0d-7ca1-48eb-b729-9f0b37419f64 does not exist. Creating ...
2019-09-19 21:56:22,923 [pool-539-thread-1] INFO  storage.RaftStorageDirectory (RaftStorageDirectory.java:tryLock(328)) - Lock on /workdir/hadoop-ozone/integration-test/target/test-dir/MiniOzoneClusterImpl-7574fd73-fa3b-42f5-86a6-8b7eb4322844/datanode-4/data/ratis/532e2d0d-7ca1-48eb-b729-9f0b37419f64/in_use.lock acquired by nodename 6076@pr-hdds-2020-k2m72-150965138
2019-09-19 21:56:22,927 [pool-539-thread-1] INFO  storage.RaftStorage (RaftStorage.java:format(72)) - Storage directory /workdir/hadoop-ozone/integration-test/target/test-dir/MiniOzoneClusterImpl-7574fd73-fa3b-42f5-86a6-8b7eb4322844/datanode-4/data/ratis/532e2d0d-7ca1-48eb-b729-9f0b37419f64 has been successfully formatted.
2019-09-19 21:56:22,927 [pool-539-thread-1] INFO  ratis.ContainerStateMachine (ContainerStateMachine.java:loadSnapshot(230)) - group-9F0B37419F64: The snapshot info is null. Setting the last applied indexto:(t:0, i:~)
2019-09-19 21:56:22,927 [pool-539-thread-1] INFO  server.RaftServerConfigKeys (ConfUtils.java:logGet(43)) - raft.server.notification.no-leader.timeout = 120s (custom)
2019-09-19 21:56:22,927 [pool-539-thread-1] INFO  server.RaftServerConfigKeys (ConfUtils.java:logGet(43)) - raft.server.log.use.memory = false (default)
2019-09-19 21:56:22,927 [pool-539-thread-1] INFO  server.RaftServerConfigKeys (ConfUtils.java:logGet(43)) - raft.server.log.purge.gap = 1000000 (custom)
2019-09-19 21:56:22,928 [pool-539-thread-1] INFO  server.RaftServerConfigKeys (ConfUtils.java:logGet(43)) - raft.server.log.appender.buffer.byte-limit = 33554432 (custom)
2019-09-19 21:56:22,928 [pool-539-thread-1] INFO  server.RaftServerConfigKeys (ConfUtils.java:logGet(43)) - raft.server.log.segment.size.max = 1048576 (custom)
2019-09-19 21:56:22,928 [pool-539-thread-1] INFO  server.RaftServerConfigKeys (ConfUtils.java:logGet(43)) - raft.server.log.segment.cache.num.max = 2 (custom)
2019-09-19 21:56:22,928 [pool-539-thread-1] INFO  segmented.SegmentedRaftLogWorker (SegmentedRaftLogWorker.java:<init>(172)) - new bcf2dcee-3b1d-45e4-b716-31c033deb895@group-9F0B37419F64-SegmentedRaftLogWorker for RaftStorage:Storage Directory /workdir/hadoop-ozone/integration-test/target/test-dir/MiniOzoneClusterImpl-7574fd73-fa3b-42f5-86a6-8b7eb4322844/datanode-4/data/ratis/532e2d0d-7ca1-48eb-b729-9f0b37419f64
2019-09-19 21:56:22,930 [pool-539-thread-1] INFO  server.RaftServerConfigKeys (ConfUtils.java:logGet(43)) - raft.server.log.queue.byte-limit = 2147483647 (custom)
2019-09-19 21:56:22,930 [pool-539-thread-1] INFO  server.RaftServerConfigKeys (ConfUtils.java:logGet(43)) - raft.server.log.queue.element-limit = 1024 (custom)
2019-09-19 21:56:22,930 [pool-539-thread-1] INFO  server.RaftServerConfigKeys (ConfUtils.java:logGet(43)) - raft.server.log.segment.size.max = 1048576 (custom)
2019-09-19 21:56:22,931 [pool-539-thread-1] INFO  server.RaftServerConfigKeys (ConfUtils.java:logGet(43)) - raft.server.log.preallocated.size = 16384 (custom)
2019-09-19 21:56:22,931 [pool-539-thread-1] INFO  server.RaftServerConfigKeys (ConfUtils.java:logGet(43)) - raft.server.log.write.buffer.size = 33554432 (custom)
2019-09-19 21:56:22,931 [pool-539-thread-1] INFO  server.RaftServerConfigKeys (ConfUtils.java:logGet(43)) - raft.server.log.force.sync.num = 128 (default)
2019-09-19 21:56:22,931 [pool-539-thread-1] INFO  server.RaftServerConfigKeys (ConfUtils.java:logGet(43)) - raft.server.log.statemachine.data.sync = true (default)
2019-09-19 21:56:22,931 [pool-539-thread-1] INFO  server.RaftServerConfigKeys (ConfUtils.java:logGet(43)) - raft.server.log.statemachine.data.sync.timeout = 10s (default)
2019-09-19 21:56:22,931 [pool-539-thread-1] INFO  server.RaftServerConfigKeys (ConfUtils.java:logGet(43)) - raft.server.log.statemachine.data.sync.timeout.retry = -1 (default)
2019-09-19 21:56:22,932 [pool-539-thread-1] INFO  server.RaftServerConfigKeys (ConfUtils.java:logGet(43)) - raft.server.log.statemachine.data.caching.enabled = true (custom)
2019-09-19 21:56:22,932 [pool-539-thread-1] INFO  segmented.SegmentedRaftLogWorker (SegmentedRaftLogWorker.java:lambda$new$0(132)) - bcf2dcee-3b1d-45e4-b716-31c033deb895@group-9F0B37419F64-SegmentedRaftLogWorker: flushIndex: setUnconditionally 0 -> -1
2019-09-19 21:56:22,932 [pool-539-thread-1] INFO  server.RaftServerConfigKeys (ConfUtils.java:logGet(43)) - raft.server.snapshot.auto.trigger.enabled = true (custom)
2019-09-19 21:56:22,932 [pool-539-thread-1] INFO  server.RaftServerConfigKeys (ConfUtils.java:logGet(43)) - raft.server.snapshot.auto.trigger.threshold = 10000 (custom)
2019-09-19 21:56:22,932 [pool-539-thread-1] INFO  server.RaftServerConfigKeys (ConfUtils.java:logGet(43)) - raft.server.snapshot.retention.num.files = 5 (custom)
2019-09-19 21:56:22,933 [pool-539-thread-1] INFO  server.RaftServerConfigKeys (ConfUtils.java:logGet(43)) - raft.server.retrycache.expirytime = 600000ms (custom)
2019-09-19 21:56:22,934 [pool-539-thread-1] INFO  impl.RaftServerImpl (RaftServerImpl.java:start(185)) - bcf2dcee-3b1d-45e4-b716-31c033deb895@group-9F0B37419F64: start as a follower, conf=-1: [bcf2dcee-3b1d-45e4-b716-31c033deb895:192.168.157.232:34727], old=null
2019-09-19 21:56:22,934 [pool-539-thread-1] INFO  impl.RaftServerImpl (RaftServerImpl.java:setRole(174)) - bcf2dcee-3b1d-45e4-b716-31c033deb895@group-9F0B37419F64: changes role from      null to FOLLOWER at term 0 for startAsFollower
2019-09-19 21:56:22,935 [pool-539-thread-1] INFO  impl.RoleInfo (RoleInfo.java:updateAndGet(143)) - bcf2dcee-3b1d-45e4-b716-31c033deb895: start FollowerState
2019-09-19 21:56:22,935 [pool-539-thread-1] INFO  util.JmxRegister (JmxRegister.java:tryRegister(44)) - Successfully registered JMX Bean with object name Ratis:service=RaftServer,group=group-9F0B37419F64,id=bcf2dcee-3b1d-45e4-b716-31c033deb895
2019-09-19 21:56:22,937 [RatisPipelineUtilsThread] INFO  pipeline.PipelineStateManager (PipelineStateManager.java:addPipeline(56)) - Created pipeline Pipeline[ Id: 532e2d0d-7ca1-48eb-b729-9f0b37419f64, Nodes: bcf2dcee-3b1d-45e4-b716-31c033deb895{ip: 192.168.157.232, host: pr-hdds-2020-k2m72-150965138, networkLocation: /default-rack, certSerialId: null}, Type:RATIS, Factor:ONE, State:OPEN]
2019-09-19 21:56:22,941 [grpc-default-executor-7] INFO  impl.RaftServerProxy (RaftServerProxy.java:addNew(89)) - afea28c8-2167-4e4f-8679-60ec4d623a67: addNew group-60067AD06215:[afea28c8-2167-4e4f-8679-60ec4d623a67:192.168.157.232:39740] returns group-60067AD06215:java.util.concurrent.CompletableFuture@30a08b43[Not completed]
2019-09-19 21:56:22,942 [pool-529-thread-1] INFO  impl.RaftServerImpl (RaftServerImpl.java:<init>(95)) - afea28c8-2167-4e4f-8679-60ec4d623a67: new RaftServerImpl for group-60067AD06215:[afea28c8-2167-4e4f-8679-60ec4d623a67:192.168.157.232:39740] with ContainerStateMachine:uninitialized
2019-09-19 21:56:22,943 [pool-529-thread-1] INFO  server.RaftServerConfigKeys (ConfUtils.java:logGet(43)) - raft.server.rpc.timeout.min = 5s (custom)
2019-09-19 21:56:22,943 [pool-529-thread-1] INFO  server.RaftServerConfigKeys (ConfUtils.java:logGet(43)) - raft.server.rpc.timeout.max = 5200ms (custom)
2019-09-19 21:56:22,943 [pool-529-thread-1] INFO  server.RaftServerConfigKeys (ConfUtils.java:logGet(43)) - raft.server.rpcslowness.timeout = 120s (custom)
2019-09-19 21:56:22,943 [pool-529-thread-1] INFO  server.RaftServerConfigKeys (ConfUtils.java:logGet(43)) - raft.server.sleep.deviation.threshold = 300 (default)
2019-09-19 21:56:22,943 [pool-529-thread-1] INFO  server.RaftServerConfigKeys (ConfUtils.java:logGet(43)) - raft.server.log.appender.install.snapshot.enabled = false (custom)
2019-09-19 21:56:22,943 [pool-529-thread-1] INFO  impl.RaftServerImpl (ServerState.java:<init>(103)) - afea28c8-2167-4e4f-8679-60ec4d623a67@group-60067AD06215: ConfigurationManager, init=-1: [afea28c8-2167-4e4f-8679-60ec4d623a67:192.168.157.232:39740], old=null, confs=<EMPTY_MAP>
2019-09-19 21:56:22,943 [pool-529-thread-1] INFO  server.RaftServerConfigKeys (ConfUtils.java:logGet(43)) - raft.server.storage.dir = [/workdir/hadoop-ozone/integration-test/target/test-dir/MiniOzoneClusterImpl-7574fd73-fa3b-42f5-86a6-8b7eb4322844/datanode-3/data/ratis] (custom)
2019-09-19 21:56:22,944 [pool-529-thread-1] INFO  storage.RaftStorageDirectory (RaftStorageDirectory.java:analyzeStorage(246)) - The storage directory /workdir/hadoop-ozone/integration-test/target/test-dir/MiniOzoneClusterImpl-7574fd73-fa3b-42f5-86a6-8b7eb4322844/datanode-3/data/ratis/3670f5fc-50b5-4365-aafe-60067ad06215 does not exist. Creating ...
2019-09-19 21:56:22,960 [pool-529-thread-1] INFO  storage.RaftStorageDirectory (RaftStorageDirectory.java:tryLock(328)) - Lock on /workdir/hadoop-ozone/integration-test/target/test-dir/MiniOzoneClusterImpl-7574fd73-fa3b-42f5-86a6-8b7eb4322844/datanode-3/data/ratis/3670f5fc-50b5-4365-aafe-60067ad06215/in_use.lock acquired by nodename 6076@pr-hdds-2020-k2m72-150965138
2019-09-19 21:56:22,974 [pool-529-thread-1] INFO  storage.RaftStorage (RaftStorage.java:format(72)) - Storage directory /workdir/hadoop-ozone/integration-test/target/test-dir/MiniOzoneClusterImpl-7574fd73-fa3b-42f5-86a6-8b7eb4322844/datanode-3/data/ratis/3670f5fc-50b5-4365-aafe-60067ad06215 has been successfully formatted.
2019-09-19 21:56:22,975 [pool-529-thread-1] INFO  ratis.ContainerStateMachine (ContainerStateMachine.java:loadSnapshot(230)) - group-60067AD06215: The snapshot info is null. Setting the last applied indexto:(t:0, i:~)
2019-09-19 21:56:22,975 [pool-529-thread-1] INFO  server.RaftServerConfigKeys (ConfUtils.java:logGet(43)) - raft.server.notification.no-leader.timeout = 120s (custom)
2019-09-19 21:56:22,975 [pool-529-thread-1] INFO  server.RaftServerConfigKeys (ConfUtils.java:logGet(43)) - raft.server.log.use.memory = false (default)
2019-09-19 21:56:22,975 [pool-529-thread-1] INFO  server.RaftServerConfigKeys (ConfUtils.java:logGet(43)) - raft.server.log.purge.gap = 1000000 (custom)
2019-09-19 21:56:22,975 [pool-529-thread-1] INFO  server.RaftServerConfigKeys (ConfUtils.java:logGet(43)) - raft.server.log.appender.buffer.byte-limit = 33554432 (custom)
2019-09-19 21:56:22,975 [pool-529-thread-1] INFO  server.RaftServerConfigKeys (ConfUtils.java:logGet(43)) - raft.server.log.segment.size.max = 1048576 (custom)
2019-09-19 21:56:22,975 [pool-529-thread-1] INFO  server.RaftServerConfigKeys (ConfUtils.java:logGet(43)) - raft.server.log.segment.cache.num.max = 2 (custom)
2019-09-19 21:56:22,975 [pool-529-thread-1] INFO  segmented.SegmentedRaftLogWorker (SegmentedRaftLogWorker.java:<init>(172)) - new afea28c8-2167-4e4f-8679-60ec4d623a67@group-60067AD06215-SegmentedRaftLogWorker for RaftStorage:Storage Directory /workdir/hadoop-ozone/integration-test/target/test-dir/MiniOzoneClusterImpl-7574fd73-fa3b-42f5-86a6-8b7eb4322844/datanode-3/data/ratis/3670f5fc-50b5-4365-aafe-60067ad06215
2019-09-19 21:56:22,977 [pool-529-thread-1] INFO  server.RaftServerConfigKeys (ConfUtils.java:logGet(43)) - raft.server.log.queue.byte-limit = 2147483647 (custom)
2019-09-19 21:56:22,977 [pool-529-thread-1] INFO  server.RaftServerConfigKeys (ConfUtils.java:logGet(43)) - raft.server.log.queue.element-limit = 1024 (custom)
2019-09-19 21:56:22,977 [pool-529-thread-1] INFO  server.RaftServerConfigKeys (ConfUtils.java:logGet(43)) - raft.server.log.segment.size.max = 1048576 (custom)
2019-09-19 21:56:22,978 [pool-529-thread-1] INFO  server.RaftServerConfigKeys (ConfUtils.java:logGet(43)) - raft.server.log.preallocated.size = 16384 (custom)
2019-09-19 21:56:22,978 [pool-529-thread-1] INFO  server.RaftServerConfigKeys (ConfUtils.java:logGet(43)) - raft.server.log.write.buffer.size = 33554432 (custom)
2019-09-19 21:56:22,978 [pool-529-thread-1] INFO  server.RaftServerConfigKeys (ConfUtils.java:logGet(43)) - raft.server.log.force.sync.num = 128 (default)
2019-09-19 21:56:22,978 [pool-529-thread-1] INFO  server.RaftServerConfigKeys (ConfUtils.java:logGet(43)) - raft.server.log.statemachine.data.sync = true (default)
2019-09-19 21:56:22,978 [pool-529-thread-1] INFO  server.RaftServerConfigKeys (ConfUtils.java:logGet(43)) - raft.server.log.statemachine.data.sync.timeout = 10s (default)
2019-09-19 21:56:22,978 [pool-529-thread-1] INFO  server.RaftServerConfigKeys (ConfUtils.java:logGet(43)) - raft.server.log.statemachine.data.sync.timeout.retry = -1 (default)
2019-09-19 21:56:22,978 [pool-529-thread-1] INFO  server.RaftServerConfigKeys (ConfUtils.java:logGet(43)) - raft.server.log.statemachine.data.caching.enabled = true (custom)
2019-09-19 21:56:22,979 [pool-529-thread-1] INFO  segmented.SegmentedRaftLogWorker (SegmentedRaftLogWorker.java:lambda$new$0(132)) - afea28c8-2167-4e4f-8679-60ec4d623a67@group-60067AD06215-SegmentedRaftLogWorker: flushIndex: setUnconditionally 0 -> -1
2019-09-19 21:56:22,979 [pool-529-thread-1] INFO  server.RaftServerConfigKeys (ConfUtils.java:logGet(43)) - raft.server.snapshot.auto.trigger.enabled = true (custom)
2019-09-19 21:56:22,979 [pool-529-thread-1] INFO  server.RaftServerConfigKeys (ConfUtils.java:logGet(43)) - raft.server.snapshot.auto.trigger.threshold = 10000 (custom)
2019-09-19 21:56:22,979 [pool-529-thread-1] INFO  server.RaftServerConfigKeys (ConfUtils.java:logGet(43)) - raft.server.snapshot.retention.num.files = 5 (custom)
2019-09-19 21:56:22,979 [pool-529-thread-1] INFO  server.RaftServerConfigKeys (ConfUtils.java:logGet(43)) - raft.server.retrycache.expirytime = 600000ms (custom)
2019-09-19 21:56:22,980 [IPC Server handler 6 on 46365] INFO  net.NetworkTopology (NetworkTopologyImpl.java:add(111)) - Added a new node: /default-rack/bd433f40-6668-460a-8e37-fb009828bf6c
2019-09-19 21:56:22,980 [IPC Server handler 6 on 46365] INFO  node.SCMNodeManager (SCMNodeManager.java:register(266)) - Registered Data node : bd433f40-6668-460a-8e37-fb009828bf6c{ip: 192.168.157.232, host: pr-hdds-2020-k2m72-150965138, networkLocation: /default-rack, certSerialId: null}
2019-09-19 21:56:22,981 [pool-529-thread-1] INFO  impl.RaftServerImpl (RaftServerImpl.java:start(185)) - afea28c8-2167-4e4f-8679-60ec4d623a67@group-60067AD06215: start as a follower, conf=-1: [afea28c8-2167-4e4f-8679-60ec4d623a67:192.168.157.232:39740], old=null
2019-09-19 21:56:22,982 [pool-529-thread-1] INFO  impl.RaftServerImpl (RaftServerImpl.java:setRole(174)) - afea28c8-2167-4e4f-8679-60ec4d623a67@group-60067AD06215: changes role from      null to FOLLOWER at term 0 for startAsFollower
2019-09-19 21:56:22,982 [pool-529-thread-1] INFO  impl.RoleInfo (RoleInfo.java:updateAndGet(143)) - afea28c8-2167-4e4f-8679-60ec4d623a67: start FollowerState
2019-09-19 21:56:22,982 [pool-529-thread-1] INFO  util.JmxRegister (JmxRegister.java:tryRegister(44)) - Successfully registered JMX Bean with object name Ratis:service=RaftServer,group=group-60067AD06215,id=afea28c8-2167-4e4f-8679-60ec4d623a67
2019-09-19 21:56:22,984 [RatisPipelineUtilsThread] INFO  pipeline.PipelineStateManager (PipelineStateManager.java:addPipeline(56)) - Created pipeline Pipeline[ Id: 3670f5fc-50b5-4365-aafe-60067ad06215, Nodes: afea28c8-2167-4e4f-8679-60ec4d623a67{ip: 192.168.157.232, host: pr-hdds-2020-k2m72-150965138, networkLocation: /default-rack, certSerialId: null}, Type:RATIS, Factor:ONE, State:OPEN]
2019-09-19 21:56:22,991 [grpc-default-executor-7] INFO  impl.RaftServerProxy (RaftServerProxy.java:addNew(89)) - bd433f40-6668-460a-8e37-fb009828bf6c: addNew group-E09721444494:[bd433f40-6668-460a-8e37-fb009828bf6c:192.168.157.232:40358] returns group-E09721444494:java.util.concurrent.CompletableFuture@317b375f[Not completed]
2019-09-19 21:56:22,993 [pool-549-thread-1] INFO  impl.RaftServerImpl (RaftServerImpl.java:<init>(95)) - bd433f40-6668-460a-8e37-fb009828bf6c: new RaftServerImpl for group-E09721444494:[bd433f40-6668-460a-8e37-fb009828bf6c:192.168.157.232:40358] with ContainerStateMachine:uninitialized
2019-09-19 21:56:22,993 [pool-549-thread-1] INFO  server.RaftServerConfigKeys (ConfUtils.java:logGet(43)) - raft.server.rpc.timeout.min = 5s (custom)
2019-09-19 21:56:22,993 [pool-549-thread-1] INFO  server.RaftServerConfigKeys (ConfUtils.java:logGet(43)) - raft.server.rpc.timeout.max = 5200ms (custom)
2019-09-19 21:56:22,993 [pool-549-thread-1] INFO  server.RaftServerConfigKeys (ConfUtils.java:logGet(43)) - raft.server.rpcslowness.timeout = 120s (custom)
2019-09-19 21:56:22,993 [pool-549-thread-1] INFO  server.RaftServerConfigKeys (ConfUtils.java:logGet(43)) - raft.server.sleep.deviation.threshold = 300 (default)
2019-09-19 21:56:22,993 [pool-549-thread-1] INFO  server.RaftServerConfigKeys (ConfUtils.java:logGet(43)) - raft.server.log.appender.install.snapshot.enabled = false (custom)
2019-09-19 21:56:22,993 [pool-549-thread-1] INFO  impl.RaftServerImpl (ServerState.java:<init>(103)) - bd433f40-6668-460a-8e37-fb009828bf6c@group-E09721444494: ConfigurationManager, init=-1: [bd433f40-6668-460a-8e37-fb009828bf6c:192.168.157.232:40358], old=null, confs=<EMPTY_MAP>
2019-09-19 21:56:22,993 [pool-549-thread-1] INFO  server.RaftServerConfigKeys (ConfUtils.java:logGet(43)) - raft.server.storage.dir = [/workdir/hadoop-ozone/integration-test/target/test-dir/MiniOzoneClusterImpl-7574fd73-fa3b-42f5-86a6-8b7eb4322844/datanode-5/data/ratis] (custom)
2019-09-19 21:56:22,994 [pool-549-thread-1] INFO  storage.RaftStorageDirectory (RaftStorageDirectory.java:analyzeStorage(246)) - The storage directory /workdir/hadoop-ozone/integration-test/target/test-dir/MiniOzoneClusterImpl-7574fd73-fa3b-42f5-86a6-8b7eb4322844/datanode-5/data/ratis/2c92351d-e349-4fdf-a97b-e09721444494 does not exist. Creating ...
2019-09-19 21:56:23,018 [pool-549-thread-1] INFO  storage.RaftStorageDirectory (RaftStorageDirectory.java:tryLock(328)) - Lock on /workdir/hadoop-ozone/integration-test/target/test-dir/MiniOzoneClusterImpl-7574fd73-fa3b-42f5-86a6-8b7eb4322844/datanode-5/data/ratis/2c92351d-e349-4fdf-a97b-e09721444494/in_use.lock acquired by nodename 6076@pr-hdds-2020-k2m72-150965138
2019-09-19 21:56:23,031 [pool-549-thread-1] INFO  storage.RaftStorage (RaftStorage.java:format(72)) - Storage directory /workdir/hadoop-ozone/integration-test/target/test-dir/MiniOzoneClusterImpl-7574fd73-fa3b-42f5-86a6-8b7eb4322844/datanode-5/data/ratis/2c92351d-e349-4fdf-a97b-e09721444494 has been successfully formatted.
2019-09-19 21:56:23,031 [pool-549-thread-1] INFO  ratis.ContainerStateMachine (ContainerStateMachine.java:loadSnapshot(230)) - group-E09721444494: The snapshot info is null. Setting the last applied indexto:(t:0, i:~)
2019-09-19 21:56:23,031 [pool-549-thread-1] INFO  server.RaftServerConfigKeys (ConfUtils.java:logGet(43)) - raft.server.notification.no-leader.timeout = 120s (custom)
2019-09-19 21:56:23,031 [pool-549-thread-1] INFO  server.RaftServerConfigKeys (ConfUtils.java:logGet(43)) - raft.server.log.use.memory = false (default)
2019-09-19 21:56:23,031 [pool-549-thread-1] INFO  server.RaftServerConfigKeys (ConfUtils.java:logGet(43)) - raft.server.log.purge.gap = 1000000 (custom)
2019-09-19 21:56:23,032 [pool-549-thread-1] INFO  server.RaftServerConfigKeys (ConfUtils.java:logGet(43)) - raft.server.log.appender.buffer.byte-limit = 33554432 (custom)
2019-09-19 21:56:23,032 [pool-549-thread-1] INFO  server.RaftServerConfigKeys (ConfUtils.java:logGet(43)) - raft.server.log.segment.size.max = 1048576 (custom)
2019-09-19 21:56:23,032 [pool-549-thread-1] INFO  server.RaftServerConfigKeys (ConfUtils.java:logGet(43)) - raft.server.log.segment.cache.num.max = 2 (custom)
2019-09-19 21:56:23,032 [pool-549-thread-1] INFO  segmented.SegmentedRaftLogWorker (SegmentedRaftLogWorker.java:<init>(172)) - new bd433f40-6668-460a-8e37-fb009828bf6c@group-E09721444494-SegmentedRaftLogWorker for RaftStorage:Storage Directory /workdir/hadoop-ozone/integration-test/target/test-dir/MiniOzoneClusterImpl-7574fd73-fa3b-42f5-86a6-8b7eb4322844/datanode-5/data/ratis/2c92351d-e349-4fdf-a97b-e09721444494
2019-09-19 21:56:23,033 [pool-549-thread-1] INFO  server.RaftServerConfigKeys (ConfUtils.java:logGet(43)) - raft.server.log.queue.byte-limit = 2147483647 (custom)
2019-09-19 21:56:23,033 [pool-549-thread-1] INFO  server.RaftServerConfigKeys (ConfUtils.java:logGet(43)) - raft.server.log.queue.element-limit = 1024 (custom)
2019-09-19 21:56:23,034 [pool-549-thread-1] INFO  server.RaftServerConfigKeys (ConfUtils.java:logGet(43)) - raft.server.log.segment.size.max = 1048576 (custom)
2019-09-19 21:56:23,034 [pool-549-thread-1] INFO  server.RaftServerConfigKeys (ConfUtils.java:logGet(43)) - raft.server.log.preallocated.size = 16384 (custom)
2019-09-19 21:56:23,034 [pool-549-thread-1] INFO  server.RaftServerConfigKeys (ConfUtils.java:logGet(43)) - raft.server.log.write.buffer.size = 33554432 (custom)
2019-09-19 21:56:23,034 [pool-549-thread-1] INFO  server.RaftServerConfigKeys (ConfUtils.java:logGet(43)) - raft.server.log.force.sync.num = 128 (default)
2019-09-19 21:56:23,034 [pool-549-thread-1] INFO  server.RaftServerConfigKeys (ConfUtils.java:logGet(43)) - raft.server.log.statemachine.data.sync = true (default)
2019-09-19 21:56:23,034 [pool-549-thread-1] INFO  server.RaftServerConfigKeys (ConfUtils.java:logGet(43)) - raft.server.log.statemachine.data.sync.timeout = 10s (default)
2019-09-19 21:56:23,034 [pool-549-thread-1] INFO  server.RaftServerConfigKeys (ConfUtils.java:logGet(43)) - raft.server.log.statemachine.data.sync.timeout.retry = -1 (default)
2019-09-19 21:56:23,034 [pool-549-thread-1] INFO  server.RaftServerConfigKeys (ConfUtils.java:logGet(43)) - raft.server.log.statemachine.data.caching.enabled = true (custom)
2019-09-19 21:56:23,035 [pool-549-thread-1] INFO  segmented.SegmentedRaftLogWorker (SegmentedRaftLogWorker.java:lambda$new$0(132)) - bd433f40-6668-460a-8e37-fb009828bf6c@group-E09721444494-SegmentedRaftLogWorker: flushIndex: setUnconditionally 0 -> -1
2019-09-19 21:56:23,035 [pool-549-thread-1] INFO  server.RaftServerConfigKeys (ConfUtils.java:logGet(43)) - raft.server.snapshot.auto.trigger.enabled = true (custom)
2019-09-19 21:56:23,035 [pool-549-thread-1] INFO  server.RaftServerConfigKeys (ConfUtils.java:logGet(43)) - raft.server.snapshot.auto.trigger.threshold = 10000 (custom)
2019-09-19 21:56:23,035 [pool-549-thread-1] INFO  server.RaftServerConfigKeys (ConfUtils.java:logGet(43)) - raft.server.snapshot.retention.num.files = 5 (custom)
2019-09-19 21:56:23,035 [pool-549-thread-1] INFO  server.RaftServerConfigKeys (ConfUtils.java:logGet(43)) - raft.server.retrycache.expirytime = 600000ms (custom)
2019-09-19 21:56:23,037 [pool-549-thread-1] INFO  impl.RaftServerImpl (RaftServerImpl.java:start(185)) - bd433f40-6668-460a-8e37-fb009828bf6c@group-E09721444494: start as a follower, conf=-1: [bd433f40-6668-460a-8e37-fb009828bf6c:192.168.157.232:40358], old=null
2019-09-19 21:56:23,037 [pool-549-thread-1] INFO  impl.RaftServerImpl (RaftServerImpl.java:setRole(174)) - bd433f40-6668-460a-8e37-fb009828bf6c@group-E09721444494: changes role from      null to FOLLOWER at term 0 for startAsFollower
2019-09-19 21:56:23,037 [pool-549-thread-1] INFO  impl.RoleInfo (RoleInfo.java:updateAndGet(143)) - bd433f40-6668-460a-8e37-fb009828bf6c: start FollowerState
2019-09-19 21:56:23,037 [pool-549-thread-1] INFO  util.JmxRegister (JmxRegister.java:tryRegister(44)) - Successfully registered JMX Bean with object name Ratis:service=RaftServer,group=group-E09721444494,id=bd433f40-6668-460a-8e37-fb009828bf6c
2019-09-19 21:56:23,039 [RatisPipelineUtilsThread] INFO  pipeline.PipelineStateManager (PipelineStateManager.java:addPipeline(56)) - Created pipeline Pipeline[ Id: 2c92351d-e349-4fdf-a97b-e09721444494, Nodes: bd433f40-6668-460a-8e37-fb009828bf6c{ip: 192.168.157.232, host: pr-hdds-2020-k2m72-150965138, networkLocation: /default-rack, certSerialId: null}, Type:RATIS, Factor:ONE, State:OPEN]
2019-09-19 21:56:23,056 [grpc-default-executor-8] INFO  impl.RaftServerProxy (RaftServerProxy.java:addNew(89)) - bcf2dcee-3b1d-45e4-b716-31c033deb895: addNew group-835F16A767BD:[bcf2dcee-3b1d-45e4-b716-31c033deb895:192.168.157.232:34727, afea28c8-2167-4e4f-8679-60ec4d623a67:192.168.157.232:39740, bd433f40-6668-460a-8e37-fb009828bf6c:192.168.157.232:40358] returns group-835F16A767BD:java.util.concurrent.CompletableFuture@1d7bd3fe[Not completed]
2019-09-19 21:56:23,056 [grpc-default-executor-7] INFO  impl.RaftServerProxy (RaftServerProxy.java:addNew(89)) - bd433f40-6668-460a-8e37-fb009828bf6c: addNew group-835F16A767BD:[bcf2dcee-3b1d-45e4-b716-31c033deb895:192.168.157.232:34727, afea28c8-2167-4e4f-8679-60ec4d623a67:192.168.157.232:39740, bd433f40-6668-460a-8e37-fb009828bf6c:192.168.157.232:40358] returns group-835F16A767BD:java.util.concurrent.CompletableFuture@2e4d4b20[Not completed]
2019-09-19 21:56:23,056 [grpc-default-executor-0] INFO  impl.RaftServerProxy (RaftServerProxy.java:addNew(89)) - afea28c8-2167-4e4f-8679-60ec4d623a67: addNew group-835F16A767BD:[bcf2dcee-3b1d-45e4-b716-31c033deb895:192.168.157.232:34727, afea28c8-2167-4e4f-8679-60ec4d623a67:192.168.157.232:39740, bd433f40-6668-460a-8e37-fb009828bf6c:192.168.157.232:40358] returns group-835F16A767BD:java.util.concurrent.CompletableFuture@5dcbe2b6[Not completed]
2019-09-19 21:56:23,057 [pool-529-thread-1] INFO  impl.RaftServerImpl (RaftServerImpl.java:<init>(95)) - afea28c8-2167-4e4f-8679-60ec4d623a67: new RaftServerImpl for group-835F16A767BD:[bcf2dcee-3b1d-45e4-b716-31c033deb895:192.168.157.232:34727, afea28c8-2167-4e4f-8679-60ec4d623a67:192.168.157.232:39740, bd433f40-6668-460a-8e37-fb009828bf6c:192.168.157.232:40358] with ContainerStateMachine:uninitialized
2019-09-19 21:56:23,058 [pool-529-thread-1] INFO  server.RaftServerConfigKeys (ConfUtils.java:logGet(43)) - raft.server.rpc.timeout.min = 5s (custom)
2019-09-19 21:56:23,058 [pool-529-thread-1] INFO  server.RaftServerConfigKeys (ConfUtils.java:logGet(43)) - raft.server.rpc.timeout.max = 5200ms (custom)
2019-09-19 21:56:23,058 [pool-529-thread-1] INFO  server.RaftServerConfigKeys (ConfUtils.java:logGet(43)) - raft.server.rpcslowness.timeout = 120s (custom)
2019-09-19 21:56:23,058 [pool-529-thread-1] INFO  server.RaftServerConfigKeys (ConfUtils.java:logGet(43)) - raft.server.sleep.deviation.threshold = 300 (default)
2019-09-19 21:56:23,058 [pool-549-thread-1] INFO  impl.RaftServerImpl (RaftServerImpl.java:<init>(95)) - bd433f40-6668-460a-8e37-fb009828bf6c: new RaftServerImpl for group-835F16A767BD:[bcf2dcee-3b1d-45e4-b716-31c033deb895:192.168.157.232:34727, afea28c8-2167-4e4f-8679-60ec4d623a67:192.168.157.232:39740, bd433f40-6668-460a-8e37-fb009828bf6c:192.168.157.232:40358] with ContainerStateMachine:uninitialized
2019-09-19 21:56:23,058 [pool-529-thread-1] INFO  server.RaftServerConfigKeys (ConfUtils.java:logGet(43)) - raft.server.log.appender.install.snapshot.enabled = false (custom)
2019-09-19 21:56:23,058 [pool-549-thread-1] INFO  server.RaftServerConfigKeys (ConfUtils.java:logGet(43)) - raft.server.rpc.timeout.min = 5s (custom)
2019-09-19 21:56:23,059 [pool-529-thread-1] INFO  impl.RaftServerImpl (ServerState.java:<init>(103)) - afea28c8-2167-4e4f-8679-60ec4d623a67@group-835F16A767BD: ConfigurationManager, init=-1: [bcf2dcee-3b1d-45e4-b716-31c033deb895:192.168.157.232:34727, afea28c8-2167-4e4f-8679-60ec4d623a67:192.168.157.232:39740, bd433f40-6668-460a-8e37-fb009828bf6c:192.168.157.232:40358], old=null, confs=<EMPTY_MAP>
2019-09-19 21:56:23,059 [pool-549-thread-1] INFO  server.RaftServerConfigKeys (ConfUtils.java:logGet(43)) - raft.server.rpc.timeout.max = 5200ms (custom)
2019-09-19 21:56:23,059 [pool-529-thread-1] INFO  server.RaftServerConfigKeys (ConfUtils.java:logGet(43)) - raft.server.storage.dir = [/workdir/hadoop-ozone/integration-test/target/test-dir/MiniOzoneClusterImpl-7574fd73-fa3b-42f5-86a6-8b7eb4322844/datanode-3/data/ratis] (custom)
2019-09-19 21:56:23,059 [pool-539-thread-1] INFO  impl.RaftServerImpl (RaftServerImpl.java:<init>(95)) - bcf2dcee-3b1d-45e4-b716-31c033deb895: new RaftServerImpl for group-835F16A767BD:[bcf2dcee-3b1d-45e4-b716-31c033deb895:192.168.157.232:34727, afea28c8-2167-4e4f-8679-60ec4d623a67:192.168.157.232:39740, bd433f40-6668-460a-8e37-fb009828bf6c:192.168.157.232:40358] with ContainerStateMachine:uninitialized
2019-09-19 21:56:23,059 [pool-539-thread-1] INFO  server.RaftServerConfigKeys (ConfUtils.java:logGet(43)) - raft.server.rpc.timeout.min = 5s (custom)
2019-09-19 21:56:23,059 [pool-549-thread-1] INFO  server.RaftServerConfigKeys (ConfUtils.java:logGet(43)) - raft.server.rpcslowness.timeout = 120s (custom)
2019-09-19 21:56:23,060 [pool-529-thread-1] INFO  storage.RaftStorageDirectory (RaftStorageDirectory.java:analyzeStorage(246)) - The storage directory /workdir/hadoop-ozone/integration-test/target/test-dir/MiniOzoneClusterImpl-7574fd73-fa3b-42f5-86a6-8b7eb4322844/datanode-3/data/ratis/7507ccc0-397d-430d-85d1-835f16a767bd does not exist. Creating ...
2019-09-19 21:56:23,060 [pool-539-thread-1] INFO  server.RaftServerConfigKeys (ConfUtils.java:logGet(43)) - raft.server.rpc.timeout.max = 5200ms (custom)
2019-09-19 21:56:23,060 [pool-549-thread-1] INFO  server.RaftServerConfigKeys (ConfUtils.java:logGet(43)) - raft.server.sleep.deviation.threshold = 300 (default)
2019-09-19 21:56:23,060 [pool-539-thread-1] INFO  server.RaftServerConfigKeys (ConfUtils.java:logGet(43)) - raft.server.rpcslowness.timeout = 120s (custom)
2019-09-19 21:56:23,060 [pool-549-thread-1] INFO  server.RaftServerConfigKeys (ConfUtils.java:logGet(43)) - raft.server.log.appender.install.snapshot.enabled = false (custom)
2019-09-19 21:56:23,060 [pool-539-thread-1] INFO  server.RaftServerConfigKeys (ConfUtils.java:logGet(43)) - raft.server.sleep.deviation.threshold = 300 (default)
2019-09-19 21:56:23,060 [pool-549-thread-1] INFO  impl.RaftServerImpl (ServerState.java:<init>(103)) - bd433f40-6668-460a-8e37-fb009828bf6c@group-835F16A767BD: ConfigurationManager, init=-1: [bcf2dcee-3b1d-45e4-b716-31c033deb895:192.168.157.232:34727, afea28c8-2167-4e4f-8679-60ec4d623a67:192.168.157.232:39740, bd433f40-6668-460a-8e37-fb009828bf6c:192.168.157.232:40358], old=null, confs=<EMPTY_MAP>
2019-09-19 21:56:23,060 [pool-539-thread-1] INFO  server.RaftServerConfigKeys (ConfUtils.java:logGet(43)) - raft.server.log.appender.install.snapshot.enabled = false (custom)
2019-09-19 21:56:23,061 [pool-549-thread-1] INFO  server.RaftServerConfigKeys (ConfUtils.java:logGet(43)) - raft.server.storage.dir = [/workdir/hadoop-ozone/integration-test/target/test-dir/MiniOzoneClusterImpl-7574fd73-fa3b-42f5-86a6-8b7eb4322844/datanode-5/data/ratis] (custom)
2019-09-19 21:56:23,061 [pool-539-thread-1] INFO  impl.RaftServerImpl (ServerState.java:<init>(103)) - bcf2dcee-3b1d-45e4-b716-31c033deb895@group-835F16A767BD: ConfigurationManager, init=-1: [bcf2dcee-3b1d-45e4-b716-31c033deb895:192.168.157.232:34727, afea28c8-2167-4e4f-8679-60ec4d623a67:192.168.157.232:39740, bd433f40-6668-460a-8e37-fb009828bf6c:192.168.157.232:40358], old=null, confs=<EMPTY_MAP>
2019-09-19 21:56:23,061 [pool-539-thread-1] INFO  server.RaftServerConfigKeys (ConfUtils.java:logGet(43)) - raft.server.storage.dir = [/workdir/hadoop-ozone/integration-test/target/test-dir/MiniOzoneClusterImpl-7574fd73-fa3b-42f5-86a6-8b7eb4322844/datanode-4/data/ratis] (custom)
2019-09-19 21:56:23,061 [pool-549-thread-1] INFO  storage.RaftStorageDirectory (RaftStorageDirectory.java:analyzeStorage(246)) - The storage directory /workdir/hadoop-ozone/integration-test/target/test-dir/MiniOzoneClusterImpl-7574fd73-fa3b-42f5-86a6-8b7eb4322844/datanode-5/data/ratis/7507ccc0-397d-430d-85d1-835f16a767bd does not exist. Creating ...
2019-09-19 21:56:23,061 [pool-539-thread-1] INFO  storage.RaftStorageDirectory (RaftStorageDirectory.java:analyzeStorage(246)) - The storage directory /workdir/hadoop-ozone/integration-test/target/test-dir/MiniOzoneClusterImpl-7574fd73-fa3b-42f5-86a6-8b7eb4322844/datanode-4/data/ratis/7507ccc0-397d-430d-85d1-835f16a767bd does not exist. Creating ...
2019-09-19 21:56:23,067 [main] INFO  ozone.MiniOzoneClusterImpl (MiniOzoneClusterImpl.java:lambda$waitForClusterToBeReady$0(145)) - Waiting for cluster to be ready. Got 6 of 7 DN Heartbeats.
2019-09-19 21:56:23,068 [IPC Server handler 0 on 46365] INFO  net.NetworkTopology (NetworkTopologyImpl.java:add(111)) - Added a new node: /default-rack/5f70954e-fae9-4334-b863-8030dbc6c6f3
2019-09-19 21:56:23,068 [IPC Server handler 0 on 46365] INFO  node.SCMNodeManager (SCMNodeManager.java:register(266)) - Registered Data node : 5f70954e-fae9-4334-b863-8030dbc6c6f3{ip: 192.168.157.232, host: pr-hdds-2020-k2m72-150965138, networkLocation: /default-rack, certSerialId: null}
2019-09-19 21:56:23,085 [pool-539-thread-1] INFO  storage.RaftStorageDirectory (RaftStorageDirectory.java:tryLock(328)) - Lock on /workdir/hadoop-ozone/integration-test/target/test-dir/MiniOzoneClusterImpl-7574fd73-fa3b-42f5-86a6-8b7eb4322844/datanode-4/data/ratis/7507ccc0-397d-430d-85d1-835f16a767bd/in_use.lock acquired by nodename 6076@pr-hdds-2020-k2m72-150965138
2019-09-19 21:56:23,085 [pool-549-thread-1] INFO  storage.RaftStorageDirectory (RaftStorageDirectory.java:tryLock(328)) - Lock on /workdir/hadoop-ozone/integration-test/target/test-dir/MiniOzoneClusterImpl-7574fd73-fa3b-42f5-86a6-8b7eb4322844/datanode-5/data/ratis/7507ccc0-397d-430d-85d1-835f16a767bd/in_use.lock acquired by nodename 6076@pr-hdds-2020-k2m72-150965138
2019-09-19 21:56:23,085 [pool-529-thread-1] INFO  storage.RaftStorageDirectory (RaftStorageDirectory.java:tryLock(328)) - Lock on /workdir/hadoop-ozone/integration-test/target/test-dir/MiniOzoneClusterImpl-7574fd73-fa3b-42f5-86a6-8b7eb4322844/datanode-3/data/ratis/7507ccc0-397d-430d-85d1-835f16a767bd/in_use.lock acquired by nodename 6076@pr-hdds-2020-k2m72-150965138
2019-09-19 21:56:23,111 [pool-529-thread-1] INFO  storage.RaftStorage (RaftStorage.java:format(72)) - Storage directory /workdir/hadoop-ozone/integration-test/target/test-dir/MiniOzoneClusterImpl-7574fd73-fa3b-42f5-86a6-8b7eb4322844/datanode-3/data/ratis/7507ccc0-397d-430d-85d1-835f16a767bd has been successfully formatted.
2019-09-19 21:56:23,111 [pool-539-thread-1] INFO  storage.RaftStorage (RaftStorage.java:format(72)) - Storage directory /workdir/hadoop-ozone/integration-test/target/test-dir/MiniOzoneClusterImpl-7574fd73-fa3b-42f5-86a6-8b7eb4322844/datanode-4/data/ratis/7507ccc0-397d-430d-85d1-835f16a767bd has been successfully formatted.
2019-09-19 21:56:23,111 [pool-549-thread-1] INFO  storage.RaftStorage (RaftStorage.java:format(72)) - Storage directory /workdir/hadoop-ozone/integration-test/target/test-dir/MiniOzoneClusterImpl-7574fd73-fa3b-42f5-86a6-8b7eb4322844/datanode-5/data/ratis/7507ccc0-397d-430d-85d1-835f16a767bd has been successfully formatted.
2019-09-19 21:56:23,111 [pool-539-thread-1] INFO  ratis.ContainerStateMachine (ContainerStateMachine.java:loadSnapshot(230)) - group-835F16A767BD: The snapshot info is null. Setting the last applied indexto:(t:0, i:~)
2019-09-19 21:56:23,111 [pool-529-thread-1] INFO  ratis.ContainerStateMachine (ContainerStateMachine.java:loadSnapshot(230)) - group-835F16A767BD: The snapshot info is null. Setting the last applied indexto:(t:0, i:~)
2019-09-19 21:56:23,112 [pool-539-thread-1] INFO  server.RaftServerConfigKeys (ConfUtils.java:logGet(43)) - raft.server.notification.no-leader.timeout = 120s (custom)
2019-09-19 21:56:23,112 [pool-549-thread-1] INFO  ratis.ContainerStateMachine (ContainerStateMachine.java:loadSnapshot(230)) - group-835F16A767BD: The snapshot info is null. Setting the last applied indexto:(t:0, i:~)
2019-09-19 21:56:23,112 [pool-539-thread-1] INFO  server.RaftServerConfigKeys (ConfUtils.java:logGet(43)) - raft.server.log.use.memory = false (default)
2019-09-19 21:56:23,112 [pool-529-thread-1] INFO  server.RaftServerConfigKeys (ConfUtils.java:logGet(43)) - raft.server.notification.no-leader.timeout = 120s (custom)
2019-09-19 21:56:23,112 [pool-539-thread-1] INFO  server.RaftServerConfigKeys (ConfUtils.java:logGet(43)) - raft.server.log.purge.gap = 1000000 (custom)
2019-09-19 21:56:23,112 [pool-549-thread-1] INFO  server.RaftServerConfigKeys (ConfUtils.java:logGet(43)) - raft.server.notification.no-leader.timeout = 120s (custom)
2019-09-19 21:56:23,112 [pool-539-thread-1] INFO  server.RaftServerConfigKeys (ConfUtils.java:logGet(43)) - raft.server.log.appender.buffer.byte-limit = 33554432 (custom)
2019-09-19 21:56:23,112 [pool-529-thread-1] INFO  server.RaftServerConfigKeys (ConfUtils.java:logGet(43)) - raft.server.log.use.memory = false (default)
2019-09-19 21:56:23,113 [pool-539-thread-1] INFO  server.RaftServerConfigKeys (ConfUtils.java:logGet(43)) - raft.server.log.segment.size.max = 1048576 (custom)
2019-09-19 21:56:23,113 [pool-549-thread-1] INFO  server.RaftServerConfigKeys (ConfUtils.java:logGet(43)) - raft.server.log.use.memory = false (default)
2019-09-19 21:56:23,113 [pool-539-thread-1] INFO  server.RaftServerConfigKeys (ConfUtils.java:logGet(43)) - raft.server.log.segment.cache.num.max = 2 (custom)
2019-09-19 21:56:23,113 [pool-529-thread-1] INFO  server.RaftServerConfigKeys (ConfUtils.java:logGet(43)) - raft.server.log.purge.gap = 1000000 (custom)
2019-09-19 21:56:23,113 [pool-539-thread-1] INFO  segmented.SegmentedRaftLogWorker (SegmentedRaftLogWorker.java:<init>(172)) - new bcf2dcee-3b1d-45e4-b716-31c033deb895@group-835F16A767BD-SegmentedRaftLogWorker for RaftStorage:Storage Directory /workdir/hadoop-ozone/integration-test/target/test-dir/MiniOzoneClusterImpl-7574fd73-fa3b-42f5-86a6-8b7eb4322844/datanode-4/data/ratis/7507ccc0-397d-430d-85d1-835f16a767bd
2019-09-19 21:56:23,113 [pool-549-thread-1] INFO  server.RaftServerConfigKeys (ConfUtils.java:logGet(43)) - raft.server.log.purge.gap = 1000000 (custom)
2019-09-19 21:56:23,114 [pool-539-thread-1] INFO  server.RaftServerConfigKeys (ConfUtils.java:logGet(43)) - raft.server.log.queue.byte-limit = 2147483647 (custom)
2019-09-19 21:56:23,113 [pool-529-thread-1] INFO  server.RaftServerConfigKeys (ConfUtils.java:logGet(43)) - raft.server.log.appender.buffer.byte-limit = 33554432 (custom)
2019-09-19 21:56:23,114 [pool-539-thread-1] INFO  server.RaftServerConfigKeys (ConfUtils.java:logGet(43)) - raft.server.log.queue.element-limit = 1024 (custom)
2019-09-19 21:56:23,114 [pool-549-thread-1] INFO  server.RaftServerConfigKeys (ConfUtils.java:logGet(43)) - raft.server.log.appender.buffer.byte-limit = 33554432 (custom)
2019-09-19 21:56:23,114 [pool-539-thread-1] INFO  server.RaftServerConfigKeys (ConfUtils.java:logGet(43)) - raft.server.log.segment.size.max = 1048576 (custom)
2019-09-19 21:56:23,114 [pool-529-thread-1] INFO  server.RaftServerConfigKeys (ConfUtils.java:logGet(43)) - raft.server.log.segment.size.max = 1048576 (custom)
2019-09-19 21:56:23,114 [pool-539-thread-1] INFO  server.RaftServerConfigKeys (ConfUtils.java:logGet(43)) - raft.server.log.preallocated.size = 16384 (custom)
2019-09-19 21:56:23,115 [pool-539-thread-1] INFO  server.RaftServerConfigKeys (ConfUtils.java:logGet(43)) - raft.server.log.write.buffer.size = 33554432 (custom)
2019-09-19 21:56:23,114 [pool-549-thread-1] INFO  server.RaftServerConfigKeys (ConfUtils.java:logGet(43)) - raft.server.log.segment.size.max = 1048576 (custom)
2019-09-19 21:56:23,115 [pool-539-thread-1] INFO  server.RaftServerConfigKeys (ConfUtils.java:logGet(43)) - raft.server.log.force.sync.num = 128 (default)
2019-09-19 21:56:23,114 [pool-529-thread-1] INFO  server.RaftServerConfigKeys (ConfUtils.java:logGet(43)) - raft.server.log.segment.cache.num.max = 2 (custom)
2019-09-19 21:56:23,115 [pool-539-thread-1] INFO  server.RaftServerConfigKeys (ConfUtils.java:logGet(43)) - raft.server.log.statemachine.data.sync = true (default)
2019-09-19 21:56:23,115 [pool-549-thread-1] INFO  server.RaftServerConfigKeys (ConfUtils.java:logGet(43)) - raft.server.log.segment.cache.num.max = 2 (custom)
2019-09-19 21:56:23,115 [pool-539-thread-1] INFO  server.RaftServerConfigKeys (ConfUtils.java:logGet(43)) - raft.server.log.statemachine.data.sync.timeout = 10s (default)
2019-09-19 21:56:23,116 [pool-539-thread-1] INFO  server.RaftServerConfigKeys (ConfUtils.java:logGet(43)) - raft.server.log.statemachine.data.sync.timeout.retry = -1 (default)
2019-09-19 21:56:23,115 [pool-529-thread-1] INFO  segmented.SegmentedRaftLogWorker (SegmentedRaftLogWorker.java:<init>(172)) - new afea28c8-2167-4e4f-8679-60ec4d623a67@group-835F16A767BD-SegmentedRaftLogWorker for RaftStorage:Storage Directory /workdir/hadoop-ozone/integration-test/target/test-dir/MiniOzoneClusterImpl-7574fd73-fa3b-42f5-86a6-8b7eb4322844/datanode-3/data/ratis/7507ccc0-397d-430d-85d1-835f16a767bd
2019-09-19 21:56:23,116 [pool-539-thread-1] INFO  server.RaftServerConfigKeys (ConfUtils.java:logGet(43)) - raft.server.log.statemachine.data.caching.enabled = true (custom)
2019-09-19 21:56:23,115 [pool-549-thread-1] INFO  segmented.SegmentedRaftLogWorker (SegmentedRaftLogWorker.java:<init>(172)) - new bd433f40-6668-460a-8e37-fb009828bf6c@group-835F16A767BD-SegmentedRaftLogWorker for RaftStorage:Storage Directory /workdir/hadoop-ozone/integration-test/target/test-dir/MiniOzoneClusterImpl-7574fd73-fa3b-42f5-86a6-8b7eb4322844/datanode-5/data/ratis/7507ccc0-397d-430d-85d1-835f16a767bd
2019-09-19 21:56:23,116 [pool-529-thread-1] INFO  server.RaftServerConfigKeys (ConfUtils.java:logGet(43)) - raft.server.log.queue.byte-limit = 2147483647 (custom)
2019-09-19 21:56:23,116 [pool-549-thread-1] INFO  server.RaftServerConfigKeys (ConfUtils.java:logGet(43)) - raft.server.log.queue.byte-limit = 2147483647 (custom)
2019-09-19 21:56:23,116 [pool-539-thread-1] INFO  segmented.SegmentedRaftLogWorker (SegmentedRaftLogWorker.java:lambda$new$0(132)) - bcf2dcee-3b1d-45e4-b716-31c033deb895@group-835F16A767BD-SegmentedRaftLogWorker: flushIndex: setUnconditionally 0 -> -1
2019-09-19 21:56:23,116 [pool-549-thread-1] INFO  server.RaftServerConfigKeys (ConfUtils.java:logGet(43)) - raft.server.log.queue.element-limit = 1024 (custom)
2019-09-19 21:56:23,116 [pool-529-thread-1] INFO  server.RaftServerConfigKeys (ConfUtils.java:logGet(43)) - raft.server.log.queue.element-limit = 1024 (custom)
2019-09-19 21:56:23,117 [pool-539-thread-1] INFO  server.RaftServerConfigKeys (ConfUtils.java:logGet(43)) - raft.server.snapshot.auto.trigger.enabled = true (custom)
2019-09-19 21:56:23,117 [pool-549-thread-1] INFO  server.RaftServerConfigKeys (ConfUtils.java:logGet(43)) - raft.server.log.segment.size.max = 1048576 (custom)
2019-09-19 21:56:23,117 [pool-539-thread-1] INFO  server.RaftServerConfigKeys (ConfUtils.java:logGet(43)) - raft.server.snapshot.auto.trigger.threshold = 10000 (custom)
2019-09-19 21:56:23,117 [pool-529-thread-1] INFO  server.RaftServerConfigKeys (ConfUtils.java:logGet(43)) - raft.server.log.segment.size.max = 1048576 (custom)
2019-09-19 21:56:23,117 [pool-539-thread-1] INFO  server.RaftServerConfigKeys (ConfUtils.java:logGet(43)) - raft.server.snapshot.retention.num.files = 5 (custom)
2019-09-19 21:56:23,117 [pool-549-thread-1] INFO  server.RaftServerConfigKeys (ConfUtils.java:logGet(43)) - raft.server.log.preallocated.size = 16384 (custom)
2019-09-19 21:56:23,117 [pool-539-thread-1] INFO  server.RaftServerConfigKeys (ConfUtils.java:logGet(43)) - raft.server.retrycache.expirytime = 600000ms (custom)
2019-09-19 21:56:23,117 [pool-529-thread-1] INFO  server.RaftServerConfigKeys (ConfUtils.java:logGet(43)) - raft.server.log.preallocated.size = 16384 (custom)
2019-09-19 21:56:23,118 [pool-549-thread-1] INFO  server.RaftServerConfigKeys (ConfUtils.java:logGet(43)) - raft.server.log.write.buffer.size = 33554432 (custom)
2019-09-19 21:56:23,118 [pool-529-thread-1] INFO  server.RaftServerConfigKeys (ConfUtils.java:logGet(43)) - raft.server.log.write.buffer.size = 33554432 (custom)
2019-09-19 21:56:23,118 [pool-549-thread-1] INFO  server.RaftServerConfigKeys (ConfUtils.java:logGet(43)) - raft.server.log.force.sync.num = 128 (default)
2019-09-19 21:56:23,118 [pool-529-thread-1] INFO  server.RaftServerConfigKeys (ConfUtils.java:logGet(43)) - raft.server.log.force.sync.num = 128 (default)
2019-09-19 21:56:23,118 [pool-549-thread-1] INFO  server.RaftServerConfigKeys (ConfUtils.java:logGet(43)) - raft.server.log.statemachine.data.sync = true (default)
2019-09-19 21:56:23,118 [pool-529-thread-1] INFO  server.RaftServerConfigKeys (ConfUtils.java:logGet(43)) - raft.server.log.statemachine.data.sync = true (default)
2019-09-19 21:56:23,119 [pool-549-thread-1] INFO  server.RaftServerConfigKeys (ConfUtils.java:logGet(43)) - raft.server.log.statemachine.data.sync.timeout = 10s (default)
2019-09-19 21:56:23,119 [pool-529-thread-1] INFO  server.RaftServerConfigKeys (ConfUtils.java:logGet(43)) - raft.server.log.statemachine.data.sync.timeout = 10s (default)
2019-09-19 21:56:23,119 [pool-549-thread-1] INFO  server.RaftServerConfigKeys (ConfUtils.java:logGet(43)) - raft.server.log.statemachine.data.sync.timeout.retry = -1 (default)
2019-09-19 21:56:23,119 [pool-529-thread-1] INFO  server.RaftServerConfigKeys (ConfUtils.java:logGet(43)) - raft.server.log.statemachine.data.sync.timeout.retry = -1 (default)
2019-09-19 21:56:23,119 [pool-549-thread-1] INFO  server.RaftServerConfigKeys (ConfUtils.java:logGet(43)) - raft.server.log.statemachine.data.caching.enabled = true (custom)
2019-09-19 21:56:23,119 [pool-529-thread-1] INFO  server.RaftServerConfigKeys (ConfUtils.java:logGet(43)) - raft.server.log.statemachine.data.caching.enabled = true (custom)
2019-09-19 21:56:23,120 [pool-549-thread-1] INFO  segmented.SegmentedRaftLogWorker (SegmentedRaftLogWorker.java:lambda$new$0(132)) - bd433f40-6668-460a-8e37-fb009828bf6c@group-835F16A767BD-SegmentedRaftLogWorker: flushIndex: setUnconditionally 0 -> -1
2019-09-19 21:56:23,120 [pool-529-thread-1] INFO  segmented.SegmentedRaftLogWorker (SegmentedRaftLogWorker.java:lambda$new$0(132)) - afea28c8-2167-4e4f-8679-60ec4d623a67@group-835F16A767BD-SegmentedRaftLogWorker: flushIndex: setUnconditionally 0 -> -1
2019-09-19 21:56:23,120 [pool-539-thread-1] INFO  impl.RaftServerImpl (RaftServerImpl.java:start(185)) - bcf2dcee-3b1d-45e4-b716-31c033deb895@group-835F16A767BD: start as a follower, conf=-1: [bcf2dcee-3b1d-45e4-b716-31c033deb895:192.168.157.232:34727, afea28c8-2167-4e4f-8679-60ec4d623a67:192.168.157.232:39740, bd433f40-6668-460a-8e37-fb009828bf6c:192.168.157.232:40358], old=null
2019-09-19 21:56:23,120 [pool-549-thread-1] INFO  server.RaftServerConfigKeys (ConfUtils.java:logGet(43)) - raft.server.snapshot.auto.trigger.enabled = true (custom)
2019-09-19 21:56:23,120 [pool-529-thread-1] INFO  server.RaftServerConfigKeys (ConfUtils.java:logGet(43)) - raft.server.snapshot.auto.trigger.enabled = true (custom)
2019-09-19 21:56:23,120 [pool-539-thread-1] INFO  impl.RaftServerImpl (RaftServerImpl.java:setRole(174)) - bcf2dcee-3b1d-45e4-b716-31c033deb895@group-835F16A767BD: changes role from      null to FOLLOWER at term 0 for startAsFollower
2019-09-19 21:56:23,120 [pool-529-thread-1] INFO  server.RaftServerConfigKeys (ConfUtils.java:logGet(43)) - raft.server.snapshot.auto.trigger.threshold = 10000 (custom)
2019-09-19 21:56:23,120 [pool-549-thread-1] INFO  server.RaftServerConfigKeys (ConfUtils.java:logGet(43)) - raft.server.snapshot.auto.trigger.threshold = 10000 (custom)
2019-09-19 21:56:23,121 [pool-529-thread-1] INFO  server.RaftServerConfigKeys (ConfUtils.java:logGet(43)) - raft.server.snapshot.retention.num.files = 5 (custom)
2019-09-19 21:56:23,120 [pool-539-thread-1] INFO  impl.RoleInfo (RoleInfo.java:updateAndGet(143)) - bcf2dcee-3b1d-45e4-b716-31c033deb895: start FollowerState
2019-09-19 21:56:23,121 [pool-529-thread-1] INFO  server.RaftServerConfigKeys (ConfUtils.java:logGet(43)) - raft.server.retrycache.expirytime = 600000ms (custom)
2019-09-19 21:56:23,121 [pool-549-thread-1] INFO  server.RaftServerConfigKeys (ConfUtils.java:logGet(43)) - raft.server.snapshot.retention.num.files = 5 (custom)
2019-09-19 21:56:23,121 [pool-539-thread-1] INFO  util.JmxRegister (JmxRegister.java:tryRegister(44)) - Successfully registered JMX Bean with object name Ratis:service=RaftServer,group=group-835F16A767BD,id=bcf2dcee-3b1d-45e4-b716-31c033deb895
2019-09-19 21:56:23,121 [pool-549-thread-1] INFO  server.RaftServerConfigKeys (ConfUtils.java:logGet(43)) - raft.server.retrycache.expirytime = 600000ms (custom)
2019-09-19 21:56:23,123 [pool-529-thread-1] INFO  impl.RaftServerImpl (RaftServerImpl.java:start(185)) - afea28c8-2167-4e4f-8679-60ec4d623a67@group-835F16A767BD: start as a follower, conf=-1: [bcf2dcee-3b1d-45e4-b716-31c033deb895:192.168.157.232:34727, afea28c8-2167-4e4f-8679-60ec4d623a67:192.168.157.232:39740, bd433f40-6668-460a-8e37-fb009828bf6c:192.168.157.232:40358], old=null
2019-09-19 21:56:23,124 [pool-529-thread-1] INFO  impl.RaftServerImpl (RaftServerImpl.java:setRole(174)) - afea28c8-2167-4e4f-8679-60ec4d623a67@group-835F16A767BD: changes role from      null to FOLLOWER at term 0 for startAsFollower
2019-09-19 21:56:23,124 [pool-529-thread-1] INFO  impl.RoleInfo (RoleInfo.java:updateAndGet(143)) - afea28c8-2167-4e4f-8679-60ec4d623a67: start FollowerState
2019-09-19 21:56:23,124 [pool-549-thread-1] INFO  impl.RaftServerImpl (RaftServerImpl.java:start(185)) - bd433f40-6668-460a-8e37-fb009828bf6c@group-835F16A767BD: start as a follower, conf=-1: [bcf2dcee-3b1d-45e4-b716-31c033deb895:192.168.157.232:34727, afea28c8-2167-4e4f-8679-60ec4d623a67:192.168.157.232:39740, bd433f40-6668-460a-8e37-fb009828bf6c:192.168.157.232:40358], old=null
2019-09-19 21:56:23,124 [pool-549-thread-1] INFO  impl.RaftServerImpl (RaftServerImpl.java:setRole(174)) - bd433f40-6668-460a-8e37-fb009828bf6c@group-835F16A767BD: changes role from      null to FOLLOWER at term 0 for startAsFollower
2019-09-19 21:56:23,124 [pool-529-thread-1] INFO  util.JmxRegister (JmxRegister.java:tryRegister(44)) - Successfully registered JMX Bean with object name Ratis:service=RaftServer,group=group-835F16A767BD,id=afea28c8-2167-4e4f-8679-60ec4d623a67
2019-09-19 21:56:23,124 [pool-549-thread-1] INFO  impl.RoleInfo (RoleInfo.java:updateAndGet(143)) - bd433f40-6668-460a-8e37-fb009828bf6c: start FollowerState
2019-09-19 21:56:23,125 [pool-549-thread-1] INFO  util.JmxRegister (JmxRegister.java:tryRegister(44)) - Successfully registered JMX Bean with object name Ratis:service=RaftServer,group=group-835F16A767BD,id=bd433f40-6668-460a-8e37-fb009828bf6c
2019-09-19 21:56:23,126 [RatisPipelineUtilsThread] INFO  pipeline.PipelineStateManager (PipelineStateManager.java:addPipeline(56)) - Created pipeline Pipeline[ Id: 7507ccc0-397d-430d-85d1-835f16a767bd, Nodes: bd433f40-6668-460a-8e37-fb009828bf6c{ip: 192.168.157.232, host: pr-hdds-2020-k2m72-150965138, networkLocation: /default-rack, certSerialId: null}bcf2dcee-3b1d-45e4-b716-31c033deb895{ip: 192.168.157.232, host: pr-hdds-2020-k2m72-150965138, networkLocation: /default-rack, certSerialId: null}afea28c8-2167-4e4f-8679-60ec4d623a67{ip: 192.168.157.232, host: pr-hdds-2020-k2m72-150965138, networkLocation: /default-rack, certSerialId: null}, Type:RATIS, Factor:THREE, State:OPEN]
2019-09-19 21:56:24,068 [main] INFO  ozone.MiniOzoneClusterImpl (MiniOzoneClusterImpl.java:lambda$waitForClusterToBeReady$0(145)) - Cluster is ready. Got 7 of 7 DN Heartbeats.
2019-09-19 21:56:24,110 [main] INFO  rpc.RpcClient (RpcClient.java:createVolume(276)) - Creating Volume: testblockoutputstream, with jenkins1000 as owner.
2019-09-19 21:56:24,113 [IPC Server handler 2 on 33208] INFO  volume.OMVolumeCreateRequest (OMVolumeCreateRequest.java:validateAndUpdateCache(189)) - created volume:testblockoutputstream for user:jenkins1000
2019-09-19 21:56:24,131 [main] INFO  rpc.RpcClient (RpcClient.java:createBucket(415)) - Creating Bucket: testblockoutputstream/testblockoutputstream, with Versioning false and Storage Type set to DISK and Encryption set to false 
2019-09-19 21:56:24,155 [grpc-default-executor-8] INFO  client.GrpcClientProtocolClient (GrpcClientProtocolClient.java:onNext(264)) - client-B30C634ADC94->d895ce11-0052-409f-8af8-4e205bd1ade4: receive RaftClientReply:client-B30C634ADC94->d895ce11-0052-409f-8af8-4e205bd1ade4@group-AA581DA8BECB, cid=213, FAILED org.apache.ratis.protocol.NotLeaderException: Server d895ce11-0052-409f-8af8-4e205bd1ade4@group-AA581DA8BECB is not the leader, logIndex=0, commits[d895ce11-0052-409f-8af8-4e205bd1ade4:c-1]
2019-09-19 21:56:25,167 [grpc-default-executor-8] INFO  client.GrpcClientProtocolClient (GrpcClientProtocolClient.java:onNext(264)) - client-B30C634ADC94->c090c4eb-238d-48aa-a1ef-a702d3149c9b: receive RaftClientReply:client-B30C634ADC94->c090c4eb-238d-48aa-a1ef-a702d3149c9b@group-AA581DA8BECB, cid=213, FAILED org.apache.ratis.protocol.NotLeaderException: Server c090c4eb-238d-48aa-a1ef-a702d3149c9b@group-AA581DA8BECB is not the leader, logIndex=0, commits[c090c4eb-238d-48aa-a1ef-a702d3149c9b:c-1]
2019-09-19 21:56:25,649 [Thread-3550] INFO  container.ReplicationManager (ReplicationManager.java:start(162)) - Starting Replication Monitor Thread.
2019-09-19 21:56:25,652 [ReplicationMonitor] INFO  container.ReplicationManager (ReplicationManager.java:run(225)) - Replication Monitor Thread took 0 milliseconds for processing 1 containers.
2019-09-19 21:56:26,174 [grpc-default-executor-7] INFO  client.GrpcClientProtocolClient (GrpcClientProtocolClient.java:onNext(264)) - client-B30C634ADC94->d895ce11-0052-409f-8af8-4e205bd1ade4: receive RaftClientReply:client-B30C634ADC94->d895ce11-0052-409f-8af8-4e205bd1ade4@group-AA581DA8BECB, cid=213, FAILED org.apache.ratis.protocol.NotLeaderException: Server d895ce11-0052-409f-8af8-4e205bd1ade4@group-AA581DA8BECB is not the leader, logIndex=0, commits[d895ce11-0052-409f-8af8-4e205bd1ade4:c-1]
2019-09-19 21:56:27,192 [grpc-default-executor-8] INFO  client.GrpcClientProtocolClient (GrpcClientProtocolClient.java:onNext(264)) - client-B30C634ADC94->c090c4eb-238d-48aa-a1ef-a702d3149c9b: receive RaftClientReply:client-B30C634ADC94->c090c4eb-238d-48aa-a1ef-a702d3149c9b@group-AA581DA8BECB, cid=213, FAILED org.apache.ratis.protocol.NotLeaderException: Server c090c4eb-238d-48aa-a1ef-a702d3149c9b@group-AA581DA8BECB is not the leader, logIndex=0, commits[c090c4eb-238d-48aa-a1ef-a702d3149c9b:c-1]
2019-09-19 21:56:27,772 [Thread-3555] INFO  impl.FollowerState (FollowerState.java:run(106)) - aa6381e5-8ca4-4c57-a2f0-4aafa8e23c85:group-4AA1A672B33B changes to CANDIDATE, lastRpcTime:5011, electionTimeout:5011ms
2019-09-19 21:56:27,774 [Thread-3555] INFO  impl.RoleInfo (RoleInfo.java:shutdownFollowerState(121)) - aa6381e5-8ca4-4c57-a2f0-4aafa8e23c85: shutdown FollowerState
2019-09-19 21:56:27,774 [Thread-3555] INFO  impl.RaftServerImpl (RaftServerImpl.java:setRole(174)) - aa6381e5-8ca4-4c57-a2f0-4aafa8e23c85@group-4AA1A672B33B: changes role from  FOLLOWER to CANDIDATE at term 0 for changeToCandidate
2019-09-19 21:56:27,775 [Thread-3555] INFO  impl.RoleInfo (RoleInfo.java:updateAndGet(143)) - aa6381e5-8ca4-4c57-a2f0-4aafa8e23c85: start LeaderElection
2019-09-19 21:56:27,804 [Thread-3552] INFO  impl.FollowerState (FollowerState.java:run(106)) - c090c4eb-238d-48aa-a1ef-a702d3149c9b:group-49ACA462D12E changes to CANDIDATE, lastRpcTime:5099, electionTimeout:5099ms
2019-09-19 21:56:27,805 [Thread-3552] INFO  impl.RoleInfo (RoleInfo.java:shutdownFollowerState(121)) - c090c4eb-238d-48aa-a1ef-a702d3149c9b: shutdown FollowerState
2019-09-19 21:56:27,805 [Thread-3552] INFO  impl.RaftServerImpl (RaftServerImpl.java:setRole(174)) - c090c4eb-238d-48aa-a1ef-a702d3149c9b@group-49ACA462D12E: changes role from  FOLLOWER to CANDIDATE at term 0 for changeToCandidate
2019-09-19 21:56:27,805 [Thread-3552] INFO  impl.RoleInfo (RoleInfo.java:updateAndGet(143)) - c090c4eb-238d-48aa-a1ef-a702d3149c9b: start LeaderElection
2019-09-19 21:56:27,811 [aa6381e5-8ca4-4c57-a2f0-4aafa8e23c85@group-4AA1A672B33B:LeaderElection84] INFO  impl.LeaderElection (LeaderElection.java:askForVotes(182)) - aa6381e5-8ca4-4c57-a2f0-4aafa8e23c85@group-4AA1A672B33B:LeaderElection84: begin an election at term 1 for -1: [aa6381e5-8ca4-4c57-a2f0-4aafa8e23c85:192.168.157.232:37173], old=null
2019-09-19 21:56:27,812 [aa6381e5-8ca4-4c57-a2f0-4aafa8e23c85@group-4AA1A672B33B:LeaderElection84] INFO  impl.RoleInfo (RoleInfo.java:shutdownLeaderElection(134)) - aa6381e5-8ca4-4c57-a2f0-4aafa8e23c85: shutdown LeaderElection
2019-09-19 21:56:27,812 [aa6381e5-8ca4-4c57-a2f0-4aafa8e23c85@group-4AA1A672B33B:LeaderElection84] INFO  impl.RaftServerImpl (RaftServerImpl.java:setRole(174)) - aa6381e5-8ca4-4c57-a2f0-4aafa8e23c85@group-4AA1A672B33B: changes role from CANDIDATE to LEADER at term 1 for changeToLeader
2019-09-19 21:56:27,812 [aa6381e5-8ca4-4c57-a2f0-4aafa8e23c85@group-4AA1A672B33B:LeaderElection84] INFO  impl.RaftServerImpl (ServerState.java:setLeader(253)) - aa6381e5-8ca4-4c57-a2f0-4aafa8e23c85@group-4AA1A672B33B: change Leader from null to aa6381e5-8ca4-4c57-a2f0-4aafa8e23c85 at term 1 for becomeLeader, leader elected after 5057ms
2019-09-19 21:56:27,813 [aa6381e5-8ca4-4c57-a2f0-4aafa8e23c85@group-4AA1A672B33B:LeaderElection84] INFO  server.RaftServerConfigKeys (ConfUtils.java:logGet(43)) - raft.server.staging.catchup.gap = 1000 (default)
2019-09-19 21:56:27,813 [aa6381e5-8ca4-4c57-a2f0-4aafa8e23c85@group-4AA1A672B33B:LeaderElection84] INFO  server.RaftServerConfigKeys (ConfUtils.java:logGet(43)) - raft.server.rpc.sleep.time = 25ms (default)
2019-09-19 21:56:27,813 [aa6381e5-8ca4-4c57-a2f0-4aafa8e23c85@group-4AA1A672B33B:LeaderElection84] INFO  server.RaftServerConfigKeys (ConfUtils.java:logGet(43)) - raft.server.write.element-limit = 4096 (default)
2019-09-19 21:56:27,813 [aa6381e5-8ca4-4c57-a2f0-4aafa8e23c85@group-4AA1A672B33B:LeaderElection84] INFO  server.RaftServerConfigKeys (ConfUtils.java:logGet(43)) - raft.server.watch.timeout = 10s (default)
2019-09-19 21:56:27,814 [aa6381e5-8ca4-4c57-a2f0-4aafa8e23c85@group-4AA1A672B33B:LeaderElection84] INFO  server.RaftServerConfigKeys (ConfUtils.java:logGet(43)) - raft.server.watch.timeout.denomination = 1s (default)
2019-09-19 21:56:27,814 [aa6381e5-8ca4-4c57-a2f0-4aafa8e23c85@group-4AA1A672B33B:LeaderElection84] INFO  server.RaftServerConfigKeys (ConfUtils.java:logGet(43)) - raft.server.watch.element-limit = 65536 (default)
2019-09-19 21:56:27,814 [c090c4eb-238d-48aa-a1ef-a702d3149c9b@group-49ACA462D12E:LeaderElection85] INFO  impl.LeaderElection (LeaderElection.java:askForVotes(182)) - c090c4eb-238d-48aa-a1ef-a702d3149c9b@group-49ACA462D12E:LeaderElection85: begin an election at term 1 for -1: [c090c4eb-238d-48aa-a1ef-a702d3149c9b:192.168.157.232:34121], old=null
2019-09-19 21:56:27,815 [c090c4eb-238d-48aa-a1ef-a702d3149c9b@group-49ACA462D12E:LeaderElection85] INFO  impl.RoleInfo (RoleInfo.java:shutdownLeaderElection(134)) - c090c4eb-238d-48aa-a1ef-a702d3149c9b: shutdown LeaderElection
2019-09-19 21:56:27,815 [c090c4eb-238d-48aa-a1ef-a702d3149c9b@group-49ACA462D12E:LeaderElection85] INFO  impl.RaftServerImpl (RaftServerImpl.java:setRole(174)) - c090c4eb-238d-48aa-a1ef-a702d3149c9b@group-49ACA462D12E: changes role from CANDIDATE to LEADER at term 1 for changeToLeader
2019-09-19 21:56:27,815 [c090c4eb-238d-48aa-a1ef-a702d3149c9b@group-49ACA462D12E:LeaderElection85] INFO  impl.RaftServerImpl (ServerState.java:setLeader(253)) - c090c4eb-238d-48aa-a1ef-a702d3149c9b@group-49ACA462D12E: change Leader from null to c090c4eb-238d-48aa-a1ef-a702d3149c9b at term 1 for becomeLeader, leader elected after 5118ms
2019-09-19 21:56:27,815 [c090c4eb-238d-48aa-a1ef-a702d3149c9b@group-49ACA462D12E:LeaderElection85] INFO  server.RaftServerConfigKeys (ConfUtils.java:logGet(43)) - raft.server.staging.catchup.gap = 1000 (default)
2019-09-19 21:56:27,815 [c090c4eb-238d-48aa-a1ef-a702d3149c9b@group-49ACA462D12E:LeaderElection85] INFO  server.RaftServerConfigKeys (ConfUtils.java:logGet(43)) - raft.server.rpc.sleep.time = 25ms (default)
2019-09-19 21:56:27,815 [c090c4eb-238d-48aa-a1ef-a702d3149c9b@group-49ACA462D12E:LeaderElection85] INFO  server.RaftServerConfigKeys (ConfUtils.java:logGet(43)) - raft.server.write.element-limit = 4096 (default)
2019-09-19 21:56:27,816 [c090c4eb-238d-48aa-a1ef-a702d3149c9b@group-49ACA462D12E:LeaderElection85] INFO  server.RaftServerConfigKeys (ConfUtils.java:logGet(43)) - raft.server.watch.timeout = 10s (default)
2019-09-19 21:56:27,816 [c090c4eb-238d-48aa-a1ef-a702d3149c9b@group-49ACA462D12E:LeaderElection85] INFO  server.RaftServerConfigKeys (ConfUtils.java:logGet(43)) - raft.server.watch.timeout.denomination = 1s (default)
2019-09-19 21:56:27,816 [c090c4eb-238d-48aa-a1ef-a702d3149c9b@group-49ACA462D12E:LeaderElection85] INFO  server.RaftServerConfigKeys (ConfUtils.java:logGet(43)) - raft.server.watch.element-limit = 65536 (default)
2019-09-19 21:56:27,819 [aa6381e5-8ca4-4c57-a2f0-4aafa8e23c85@group-4AA1A672B33B:LeaderElection84] INFO  impl.RoleInfo (RoleInfo.java:updateAndGet(143)) - aa6381e5-8ca4-4c57-a2f0-4aafa8e23c85: start LeaderState
2019-09-19 21:56:27,820 [c090c4eb-238d-48aa-a1ef-a702d3149c9b@group-49ACA462D12E:LeaderElection85] INFO  impl.RoleInfo (RoleInfo.java:updateAndGet(143)) - c090c4eb-238d-48aa-a1ef-a702d3149c9b: start LeaderState
2019-09-19 21:56:27,820 [aa6381e5-8ca4-4c57-a2f0-4aafa8e23c85@group-4AA1A672B33B:LeaderElection84] INFO  segmented.SegmentedRaftLogWorker (SegmentedRaftLogWorker.java:startLogSegment(380)) - aa6381e5-8ca4-4c57-a2f0-4aafa8e23c85@group-4AA1A672B33B-SegmentedRaftLogWorker: Starting segment from index:0
2019-09-19 21:56:27,820 [c090c4eb-238d-48aa-a1ef-a702d3149c9b@group-49ACA462D12E:LeaderElection85] INFO  segmented.SegmentedRaftLogWorker (SegmentedRaftLogWorker.java:startLogSegment(380)) - c090c4eb-238d-48aa-a1ef-a702d3149c9b@group-49ACA462D12E-SegmentedRaftLogWorker: Starting segment from index:0
2019-09-19 21:56:27,821 [aa6381e5-8ca4-4c57-a2f0-4aafa8e23c85@group-4AA1A672B33B:LeaderElection84] INFO  impl.RaftServerImpl (ServerState.java:setRaftConf(354)) - aa6381e5-8ca4-4c57-a2f0-4aafa8e23c85@group-4AA1A672B33B: set configuration 0: [aa6381e5-8ca4-4c57-a2f0-4aafa8e23c85:192.168.157.232:37173], old=null at 0
2019-09-19 21:56:27,821 [c090c4eb-238d-48aa-a1ef-a702d3149c9b@group-49ACA462D12E:LeaderElection85] INFO  impl.RaftServerImpl (ServerState.java:setRaftConf(354)) - c090c4eb-238d-48aa-a1ef-a702d3149c9b@group-49ACA462D12E: set configuration 0: [c090c4eb-238d-48aa-a1ef-a702d3149c9b:192.168.157.232:34121], old=null at 0
2019-09-19 21:56:27,850 [c090c4eb-238d-48aa-a1ef-a702d3149c9b@group-49ACA462D12E-SegmentedRaftLogWorker] INFO  segmented.SegmentedRaftLogWorker (SegmentedRaftLogWorker.java:execute(569)) - c090c4eb-238d-48aa-a1ef-a702d3149c9b@group-49ACA462D12E-SegmentedRaftLogWorker: created new log segment /workdir/hadoop-ozone/integration-test/target/test-dir/MiniOzoneClusterImpl-7574fd73-fa3b-42f5-86a6-8b7eb4322844/datanode-0/data/ratis/1a7d174a-fae6-47b2-b9be-49aca462d12e/current/log_inprogress_0
2019-09-19 21:56:27,850 [aa6381e5-8ca4-4c57-a2f0-4aafa8e23c85@group-4AA1A672B33B-SegmentedRaftLogWorker] INFO  segmented.SegmentedRaftLogWorker (SegmentedRaftLogWorker.java:execute(569)) - aa6381e5-8ca4-4c57-a2f0-4aafa8e23c85@group-4AA1A672B33B-SegmentedRaftLogWorker: created new log segment /workdir/hadoop-ozone/integration-test/target/test-dir/MiniOzoneClusterImpl-7574fd73-fa3b-42f5-86a6-8b7eb4322844/datanode-1/data/ratis/370da7ac-12e7-4260-9bfd-4aa1a672b33b/current/log_inprogress_0
2019-09-19 21:56:27,960 [Thread-3558] INFO  impl.FollowerState (FollowerState.java:run(106)) - d895ce11-0052-409f-8af8-4e205bd1ade4:group-6985D5009B63 changes to CANDIDATE, lastRpcTime:5160, electionTimeout:5160ms
2019-09-19 21:56:27,961 [Thread-3558] INFO  impl.RoleInfo (RoleInfo.java:shutdownFollowerState(121)) - d895ce11-0052-409f-8af8-4e205bd1ade4: shutdown FollowerState
2019-09-19 21:56:27,961 [Thread-3558] INFO  impl.RaftServerImpl (RaftServerImpl.java:setRole(174)) - d895ce11-0052-409f-8af8-4e205bd1ade4@group-6985D5009B63: changes role from  FOLLOWER to CANDIDATE at term 0 for changeToCandidate
2019-09-19 21:56:27,961 [Thread-3558] INFO  impl.RoleInfo (RoleInfo.java:updateAndGet(143)) - d895ce11-0052-409f-8af8-4e205bd1ade4: start LeaderElection
2019-09-19 21:56:27,983 [d895ce11-0052-409f-8af8-4e205bd1ade4@group-6985D5009B63:LeaderElection86] INFO  impl.LeaderElection (LeaderElection.java:askForVotes(182)) - d895ce11-0052-409f-8af8-4e205bd1ade4@group-6985D5009B63:LeaderElection86: begin an election at term 1 for -1: [d895ce11-0052-409f-8af8-4e205bd1ade4:192.168.157.232:44038], old=null
2019-09-19 21:56:27,983 [d895ce11-0052-409f-8af8-4e205bd1ade4@group-6985D5009B63:LeaderElection86] INFO  impl.RoleInfo (RoleInfo.java:shutdownLeaderElection(134)) - d895ce11-0052-409f-8af8-4e205bd1ade4: shutdown LeaderElection
2019-09-19 21:56:27,983 [d895ce11-0052-409f-8af8-4e205bd1ade4@group-6985D5009B63:LeaderElection86] INFO  impl.RaftServerImpl (RaftServerImpl.java:setRole(174)) - d895ce11-0052-409f-8af8-4e205bd1ade4@group-6985D5009B63: changes role from CANDIDATE to LEADER at term 1 for changeToLeader
2019-09-19 21:56:27,983 [d895ce11-0052-409f-8af8-4e205bd1ade4@group-6985D5009B63:LeaderElection86] INFO  impl.RaftServerImpl (ServerState.java:setLeader(253)) - d895ce11-0052-409f-8af8-4e205bd1ade4@group-6985D5009B63: change Leader from null to d895ce11-0052-409f-8af8-4e205bd1ade4 at term 1 for becomeLeader, leader elected after 5187ms
2019-09-19 21:56:27,983 [d895ce11-0052-409f-8af8-4e205bd1ade4@group-6985D5009B63:LeaderElection86] INFO  server.RaftServerConfigKeys (ConfUtils.java:logGet(43)) - raft.server.staging.catchup.gap = 1000 (default)
2019-09-19 21:56:27,983 [d895ce11-0052-409f-8af8-4e205bd1ade4@group-6985D5009B63:LeaderElection86] INFO  server.RaftServerConfigKeys (ConfUtils.java:logGet(43)) - raft.server.rpc.sleep.time = 25ms (default)
2019-09-19 21:56:27,983 [d895ce11-0052-409f-8af8-4e205bd1ade4@group-6985D5009B63:LeaderElection86] INFO  server.RaftServerConfigKeys (ConfUtils.java:logGet(43)) - raft.server.write.element-limit = 4096 (default)
2019-09-19 21:56:27,984 [d895ce11-0052-409f-8af8-4e205bd1ade4@group-6985D5009B63:LeaderElection86] INFO  server.RaftServerConfigKeys (ConfUtils.java:logGet(43)) - raft.server.watch.timeout = 10s (default)
2019-09-19 21:56:27,984 [d895ce11-0052-409f-8af8-4e205bd1ade4@group-6985D5009B63:LeaderElection86] INFO  server.RaftServerConfigKeys (ConfUtils.java:logGet(43)) - raft.server.watch.timeout.denomination = 1s (default)
2019-09-19 21:56:27,984 [d895ce11-0052-409f-8af8-4e205bd1ade4@group-6985D5009B63:LeaderElection86] INFO  server.RaftServerConfigKeys (ConfUtils.java:logGet(43)) - raft.server.watch.element-limit = 65536 (default)
2019-09-19 21:56:27,985 [d895ce11-0052-409f-8af8-4e205bd1ade4@group-6985D5009B63:LeaderElection86] INFO  impl.RoleInfo (RoleInfo.java:updateAndGet(143)) - d895ce11-0052-409f-8af8-4e205bd1ade4: start LeaderState
2019-09-19 21:56:27,986 [d895ce11-0052-409f-8af8-4e205bd1ade4@group-6985D5009B63:LeaderElection86] INFO  segmented.SegmentedRaftLogWorker (SegmentedRaftLogWorker.java:startLogSegment(380)) - d895ce11-0052-409f-8af8-4e205bd1ade4@group-6985D5009B63-SegmentedRaftLogWorker: Starting segment from index:0
2019-09-19 21:56:27,986 [d895ce11-0052-409f-8af8-4e205bd1ade4@group-6985D5009B63:LeaderElection86] INFO  impl.RaftServerImpl (ServerState.java:setRaftConf(354)) - d895ce11-0052-409f-8af8-4e205bd1ade4@group-6985D5009B63: set configuration 0: [d895ce11-0052-409f-8af8-4e205bd1ade4:192.168.157.232:44038], old=null at 0
2019-09-19 21:56:28,004 [Thread-3570] INFO  impl.FollowerState (FollowerState.java:run(106)) - bcf2dcee-3b1d-45e4-b716-31c033deb895:group-9F0B37419F64 changes to CANDIDATE, lastRpcTime:5069, electionTimeout:5069ms
2019-09-19 21:56:28,005 [Thread-3570] INFO  impl.RoleInfo (RoleInfo.java:shutdownFollowerState(121)) - bcf2dcee-3b1d-45e4-b716-31c033deb895: shutdown FollowerState
2019-09-19 21:56:28,005 [Thread-3570] INFO  impl.RaftServerImpl (RaftServerImpl.java:setRole(174)) - bcf2dcee-3b1d-45e4-b716-31c033deb895@group-9F0B37419F64: changes role from  FOLLOWER to CANDIDATE at term 0 for changeToCandidate
2019-09-19 21:56:28,005 [Thread-3570] INFO  impl.RoleInfo (RoleInfo.java:updateAndGet(143)) - bcf2dcee-3b1d-45e4-b716-31c033deb895: start LeaderElection
2019-09-19 21:56:28,023 [Thread-3561] INFO  impl.FollowerState (FollowerState.java:run(106)) - c090c4eb-238d-48aa-a1ef-a702d3149c9b:group-AA581DA8BECB changes to CANDIDATE, lastRpcTime:5148, electionTimeout:5145ms
2019-09-19 21:56:28,023 [Thread-3561] INFO  impl.RoleInfo (RoleInfo.java:shutdownFollowerState(121)) - c090c4eb-238d-48aa-a1ef-a702d3149c9b: shutdown FollowerState
2019-09-19 21:56:28,024 [Thread-3561] INFO  impl.RaftServerImpl (RaftServerImpl.java:setRole(174)) - c090c4eb-238d-48aa-a1ef-a702d3149c9b@group-AA581DA8BECB: changes role from  FOLLOWER to CANDIDATE at term 0 for changeToCandidate
2019-09-19 21:56:28,024 [Thread-3561] INFO  impl.RoleInfo (RoleInfo.java:updateAndGet(143)) - c090c4eb-238d-48aa-a1ef-a702d3149c9b: start LeaderElection
2019-09-19 21:56:28,034 [d895ce11-0052-409f-8af8-4e205bd1ade4@group-6985D5009B63-SegmentedRaftLogWorker] INFO  segmented.SegmentedRaftLogWorker (SegmentedRaftLogWorker.java:execute(569)) - d895ce11-0052-409f-8af8-4e205bd1ade4@group-6985D5009B63-SegmentedRaftLogWorker: created new log segment /workdir/hadoop-ozone/integration-test/target/test-dir/MiniOzoneClusterImpl-7574fd73-fa3b-42f5-86a6-8b7eb4322844/datanode-2/data/ratis/e4915c9e-2fff-48f7-826f-6985d5009b63/current/log_inprogress_0
2019-09-19 21:56:28,036 [Thread-3566] INFO  impl.FollowerState (FollowerState.java:run(106)) - aa6381e5-8ca4-4c57-a2f0-4aafa8e23c85:group-AA581DA8BECB changes to CANDIDATE, lastRpcTime:5156, electionTimeout:5156ms
2019-09-19 21:56:28,036 [Thread-3566] INFO  impl.RoleInfo (RoleInfo.java:shutdownFollowerState(121)) - aa6381e5-8ca4-4c57-a2f0-4aafa8e23c85: shutdown FollowerState
2019-09-19 21:56:28,036 [Thread-3566] INFO  impl.RaftServerImpl (RaftServerImpl.java:setRole(174)) - aa6381e5-8ca4-4c57-a2f0-4aafa8e23c85@group-AA581DA8BECB: changes role from  FOLLOWER to CANDIDATE at term 0 for changeToCandidate
2019-09-19 21:56:28,036 [Thread-3566] INFO  impl.RoleInfo (RoleInfo.java:updateAndGet(143)) - aa6381e5-8ca4-4c57-a2f0-4aafa8e23c85: start LeaderElection
2019-09-19 21:56:28,044 [bcf2dcee-3b1d-45e4-b716-31c033deb895@group-9F0B37419F64:LeaderElection87] INFO  impl.LeaderElection (LeaderElection.java:askForVotes(182)) - bcf2dcee-3b1d-45e4-b716-31c033deb895@group-9F0B37419F64:LeaderElection87: begin an election at term 1 for -1: [bcf2dcee-3b1d-45e4-b716-31c033deb895:192.168.157.232:34727], old=null
2019-09-19 21:56:28,044 [bcf2dcee-3b1d-45e4-b716-31c033deb895@group-9F0B37419F64:LeaderElection87] INFO  impl.RoleInfo (RoleInfo.java:shutdownLeaderElection(134)) - bcf2dcee-3b1d-45e4-b716-31c033deb895: shutdown LeaderElection
2019-09-19 21:56:28,044 [c090c4eb-238d-48aa-a1ef-a702d3149c9b@group-AA581DA8BECB:LeaderElection88] INFO  impl.LeaderElection (LeaderElection.java:askForVotes(182)) - c090c4eb-238d-48aa-a1ef-a702d3149c9b@group-AA581DA8BECB:LeaderElection88: begin an election at term 1 for -1: [aa6381e5-8ca4-4c57-a2f0-4aafa8e23c85:192.168.157.232:37173, d895ce11-0052-409f-8af8-4e205bd1ade4:192.168.157.232:44038, c090c4eb-238d-48aa-a1ef-a702d3149c9b:192.168.157.232:34121], old=null
2019-09-19 21:56:28,044 [bcf2dcee-3b1d-45e4-b716-31c033deb895@group-9F0B37419F64:LeaderElection87] INFO  impl.RaftServerImpl (RaftServerImpl.java:setRole(174)) - bcf2dcee-3b1d-45e4-b716-31c033deb895@group-9F0B37419F64: changes role from CANDIDATE to LEADER at term 1 for changeToLeader
2019-09-19 21:56:28,044 [bcf2dcee-3b1d-45e4-b716-31c033deb895@group-9F0B37419F64:LeaderElection87] INFO  impl.RaftServerImpl (ServerState.java:setLeader(253)) - bcf2dcee-3b1d-45e4-b716-31c033deb895@group-9F0B37419F64: change Leader from null to bcf2dcee-3b1d-45e4-b716-31c033deb895 at term 1 for becomeLeader, leader elected after 5117ms
2019-09-19 21:56:28,044 [bcf2dcee-3b1d-45e4-b716-31c033deb895@group-9F0B37419F64:LeaderElection87] INFO  server.RaftServerConfigKeys (ConfUtils.java:logGet(43)) - raft.server.staging.catchup.gap = 1000 (default)
2019-09-19 21:56:28,045 [bcf2dcee-3b1d-45e4-b716-31c033deb895@group-9F0B37419F64:LeaderElection87] INFO  server.RaftServerConfigKeys (ConfUtils.java:logGet(43)) - raft.server.rpc.sleep.time = 25ms (default)
2019-09-19 21:56:28,045 [bcf2dcee-3b1d-45e4-b716-31c033deb895@group-9F0B37419F64:LeaderElection87] INFO  server.RaftServerConfigKeys (ConfUtils.java:logGet(43)) - raft.server.write.element-limit = 4096 (default)
2019-09-19 21:56:28,045 [bcf2dcee-3b1d-45e4-b716-31c033deb895@group-9F0B37419F64:LeaderElection87] INFO  server.RaftServerConfigKeys (ConfUtils.java:logGet(43)) - raft.server.watch.timeout = 10s (default)
2019-09-19 21:56:28,045 [bcf2dcee-3b1d-45e4-b716-31c033deb895@group-9F0B37419F64:LeaderElection87] INFO  server.RaftServerConfigKeys (ConfUtils.java:logGet(43)) - raft.server.watch.timeout.denomination = 1s (default)
2019-09-19 21:56:28,045 [bcf2dcee-3b1d-45e4-b716-31c033deb895@group-9F0B37419F64:LeaderElection87] INFO  server.RaftServerConfigKeys (ConfUtils.java:logGet(43)) - raft.server.watch.element-limit = 65536 (default)
2019-09-19 21:56:28,046 [bcf2dcee-3b1d-45e4-b716-31c033deb895@group-9F0B37419F64:LeaderElection87] INFO  impl.RoleInfo (RoleInfo.java:updateAndGet(143)) - bcf2dcee-3b1d-45e4-b716-31c033deb895: start LeaderState
2019-09-19 21:56:28,047 [bcf2dcee-3b1d-45e4-b716-31c033deb895@group-9F0B37419F64:LeaderElection87] INFO  segmented.SegmentedRaftLogWorker (SegmentedRaftLogWorker.java:startLogSegment(380)) - bcf2dcee-3b1d-45e4-b716-31c033deb895@group-9F0B37419F64-SegmentedRaftLogWorker: Starting segment from index:0
2019-09-19 21:56:28,047 [bcf2dcee-3b1d-45e4-b716-31c033deb895@group-9F0B37419F64:LeaderElection87] INFO  impl.RaftServerImpl (ServerState.java:setRaftConf(354)) - bcf2dcee-3b1d-45e4-b716-31c033deb895@group-9F0B37419F64: set configuration 0: [bcf2dcee-3b1d-45e4-b716-31c033deb895:192.168.157.232:34727], old=null at 0
2019-09-19 21:56:28,047 [aa6381e5-8ca4-4c57-a2f0-4aafa8e23c85@group-AA581DA8BECB:LeaderElection89] INFO  impl.LeaderElection (LeaderElection.java:askForVotes(182)) - aa6381e5-8ca4-4c57-a2f0-4aafa8e23c85@group-AA581DA8BECB:LeaderElection89: begin an election at term 1 for -1: [aa6381e5-8ca4-4c57-a2f0-4aafa8e23c85:192.168.157.232:37173, d895ce11-0052-409f-8af8-4e205bd1ade4:192.168.157.232:44038, c090c4eb-238d-48aa-a1ef-a702d3149c9b:192.168.157.232:34121], old=null
2019-09-19 21:56:28,078 [Thread-3565] INFO  impl.FollowerState (FollowerState.java:run(106)) - d895ce11-0052-409f-8af8-4e205bd1ade4:group-AA581DA8BECB changes to CANDIDATE, lastRpcTime:5198, electionTimeout:5181ms
2019-09-19 21:56:28,078 [Thread-3576] INFO  impl.FollowerState (FollowerState.java:run(106)) - bd433f40-6668-460a-8e37-fb009828bf6c:group-E09721444494 changes to CANDIDATE, lastRpcTime:5040, electionTimeout:5015ms
2019-09-19 21:56:28,078 [Thread-3565] INFO  impl.RoleInfo (RoleInfo.java:shutdownFollowerState(121)) - d895ce11-0052-409f-8af8-4e205bd1ade4: shutdown FollowerState
2019-09-19 21:56:28,078 [Thread-3576] INFO  impl.RoleInfo (RoleInfo.java:shutdownFollowerState(121)) - bd433f40-6668-460a-8e37-fb009828bf6c: shutdown FollowerState
2019-09-19 21:56:28,078 [Thread-3565] INFO  impl.RaftServerImpl (RaftServerImpl.java:setRole(174)) - d895ce11-0052-409f-8af8-4e205bd1ade4@group-AA581DA8BECB: changes role from  FOLLOWER to CANDIDATE at term 0 for changeToCandidate
2019-09-19 21:56:28,078 [Thread-3576] INFO  impl.RaftServerImpl (RaftServerImpl.java:setRole(174)) - bd433f40-6668-460a-8e37-fb009828bf6c@group-E09721444494: changes role from  FOLLOWER to CANDIDATE at term 0 for changeToCandidate
2019-09-19 21:56:28,078 [Thread-3565] INFO  impl.RoleInfo (RoleInfo.java:updateAndGet(143)) - d895ce11-0052-409f-8af8-4e205bd1ade4: start LeaderElection
2019-09-19 21:56:28,078 [Thread-3576] INFO  impl.RoleInfo (RoleInfo.java:updateAndGet(143)) - bd433f40-6668-460a-8e37-fb009828bf6c: start LeaderElection
2019-09-19 21:56:28,084 [Thread-3573] INFO  impl.FollowerState (FollowerState.java:run(106)) - afea28c8-2167-4e4f-8679-60ec4d623a67:group-60067AD06215 changes to CANDIDATE, lastRpcTime:5101, electionTimeout:5100ms
2019-09-19 21:56:28,088 [Thread-3573] INFO  impl.RoleInfo (RoleInfo.java:shutdownFollowerState(121)) - afea28c8-2167-4e4f-8679-60ec4d623a67: shutdown FollowerState
2019-09-19 21:56:28,088 [Thread-3573] INFO  impl.RaftServerImpl (RaftServerImpl.java:setRole(174)) - afea28c8-2167-4e4f-8679-60ec4d623a67@group-60067AD06215: changes role from  FOLLOWER to CANDIDATE at term 0 for changeToCandidate
2019-09-19 21:56:28,088 [Thread-3573] INFO  impl.RoleInfo (RoleInfo.java:updateAndGet(143)) - afea28c8-2167-4e4f-8679-60ec4d623a67: start LeaderElection
2019-09-19 21:56:28,102 [bcf2dcee-3b1d-45e4-b716-31c033deb895@group-9F0B37419F64-SegmentedRaftLogWorker] INFO  segmented.SegmentedRaftLogWorker (SegmentedRaftLogWorker.java:execute(569)) - bcf2dcee-3b1d-45e4-b716-31c033deb895@group-9F0B37419F64-SegmentedRaftLogWorker: created new log segment /workdir/hadoop-ozone/integration-test/target/test-dir/MiniOzoneClusterImpl-7574fd73-fa3b-42f5-86a6-8b7eb4322844/datanode-4/data/ratis/532e2d0d-7ca1-48eb-b729-9f0b37419f64/current/log_inprogress_0
2019-09-19 21:56:28,102 [bd433f40-6668-460a-8e37-fb009828bf6c@group-E09721444494:LeaderElection91] INFO  impl.LeaderElection (LeaderElection.java:askForVotes(182)) - bd433f40-6668-460a-8e37-fb009828bf6c@group-E09721444494:LeaderElection91: begin an election at term 1 for -1: [bd433f40-6668-460a-8e37-fb009828bf6c:192.168.157.232:40358], old=null
2019-09-19 21:56:28,102 [d895ce11-0052-409f-8af8-4e205bd1ade4@group-AA581DA8BECB:LeaderElection90] INFO  impl.LeaderElection (LeaderElection.java:askForVotes(182)) - d895ce11-0052-409f-8af8-4e205bd1ade4@group-AA581DA8BECB:LeaderElection90: begin an election at term 1 for -1: [aa6381e5-8ca4-4c57-a2f0-4aafa8e23c85:192.168.157.232:37173, d895ce11-0052-409f-8af8-4e205bd1ade4:192.168.157.232:44038, c090c4eb-238d-48aa-a1ef-a702d3149c9b:192.168.157.232:34121], old=null
2019-09-19 21:56:28,102 [bd433f40-6668-460a-8e37-fb009828bf6c@group-E09721444494:LeaderElection91] INFO  impl.RoleInfo (RoleInfo.java:shutdownLeaderElection(134)) - bd433f40-6668-460a-8e37-fb009828bf6c: shutdown LeaderElection
2019-09-19 21:56:28,102 [afea28c8-2167-4e4f-8679-60ec4d623a67@group-60067AD06215:LeaderElection92] INFO  impl.LeaderElection (LeaderElection.java:askForVotes(182)) - afea28c8-2167-4e4f-8679-60ec4d623a67@group-60067AD06215:LeaderElection92: begin an election at term 1 for -1: [afea28c8-2167-4e4f-8679-60ec4d623a67:192.168.157.232:39740], old=null
2019-09-19 21:56:28,102 [bd433f40-6668-460a-8e37-fb009828bf6c@group-E09721444494:LeaderElection91] INFO  impl.RaftServerImpl (RaftServerImpl.java:setRole(174)) - bd433f40-6668-460a-8e37-fb009828bf6c@group-E09721444494: changes role from CANDIDATE to LEADER at term 1 for changeToLeader
2019-09-19 21:56:28,103 [afea28c8-2167-4e4f-8679-60ec4d623a67@group-60067AD06215:LeaderElection92] INFO  impl.RoleInfo (RoleInfo.java:shutdownLeaderElection(134)) - afea28c8-2167-4e4f-8679-60ec4d623a67: shutdown LeaderElection
2019-09-19 21:56:28,103 [bd433f40-6668-460a-8e37-fb009828bf6c@group-E09721444494:LeaderElection91] INFO  impl.RaftServerImpl (ServerState.java:setLeader(253)) - bd433f40-6668-460a-8e37-fb009828bf6c@group-E09721444494: change Leader from null to bd433f40-6668-460a-8e37-fb009828bf6c at term 1 for becomeLeader, leader elected after 5071ms
2019-09-19 21:56:28,103 [c090c4eb-238d-48aa-a1ef-a702d3149c9b@group-AA581DA8BECB:LeaderElection88] INFO  impl.LeaderElection (LeaderElection.java:logAndReturn(56)) - c090c4eb-238d-48aa-a1ef-a702d3149c9b@group-AA581DA8BECB:LeaderElection88: Election REJECTED; received 2 response(s) [c090c4eb-238d-48aa-a1ef-a702d3149c9b<-aa6381e5-8ca4-4c57-a2f0-4aafa8e23c85#0:FAIL-t1, c090c4eb-238d-48aa-a1ef-a702d3149c9b<-d895ce11-0052-409f-8af8-4e205bd1ade4#0:FAIL-t1] and 0 exception(s); c090c4eb-238d-48aa-a1ef-a702d3149c9b@group-AA581DA8BECB:t1, leader=null, voted=c090c4eb-238d-48aa-a1ef-a702d3149c9b, raftlog=c090c4eb-238d-48aa-a1ef-a702d3149c9b@group-AA581DA8BECB-SegmentedRaftLog:OPENED:c-1,f-1,i0, conf=-1: [aa6381e5-8ca4-4c57-a2f0-4aafa8e23c85:192.168.157.232:37173, d895ce11-0052-409f-8af8-4e205bd1ade4:192.168.157.232:44038, c090c4eb-238d-48aa-a1ef-a702d3149c9b:192.168.157.232:34121], old=null
2019-09-19 21:56:28,103 [afea28c8-2167-4e4f-8679-60ec4d623a67@group-60067AD06215:LeaderElection92] INFO  impl.RaftServerImpl (RaftServerImpl.java:setRole(174)) - afea28c8-2167-4e4f-8679-60ec4d623a67@group-60067AD06215: changes role from CANDIDATE to LEADER at term 1 for changeToLeader
2019-09-19 21:56:28,104 [afea28c8-2167-4e4f-8679-60ec4d623a67@group-60067AD06215:LeaderElection92] INFO  impl.RaftServerImpl (ServerState.java:setLeader(253)) - afea28c8-2167-4e4f-8679-60ec4d623a67@group-60067AD06215: change Leader from null to afea28c8-2167-4e4f-8679-60ec4d623a67 at term 1 for becomeLeader, leader elected after 5128ms
2019-09-19 21:56:28,103 [aa6381e5-8ca4-4c57-a2f0-4aafa8e23c85@group-AA581DA8BECB:LeaderElection89] INFO  impl.LeaderElection (LeaderElection.java:logAndReturn(56)) - aa6381e5-8ca4-4c57-a2f0-4aafa8e23c85@group-AA581DA8BECB:LeaderElection89: Election REJECTED; received 2 response(s) [aa6381e5-8ca4-4c57-a2f0-4aafa8e23c85<-d895ce11-0052-409f-8af8-4e205bd1ade4#0:FAIL-t1, aa6381e5-8ca4-4c57-a2f0-4aafa8e23c85<-c090c4eb-238d-48aa-a1ef-a702d3149c9b#0:FAIL-t1] and 0 exception(s); aa6381e5-8ca4-4c57-a2f0-4aafa8e23c85@group-AA581DA8BECB:t1, leader=null, voted=aa6381e5-8ca4-4c57-a2f0-4aafa8e23c85, raftlog=aa6381e5-8ca4-4c57-a2f0-4aafa8e23c85@group-AA581DA8BECB-SegmentedRaftLog:OPENED:c-1,f-1,i0, conf=-1: [aa6381e5-8ca4-4c57-a2f0-4aafa8e23c85:192.168.157.232:37173, d895ce11-0052-409f-8af8-4e205bd1ade4:192.168.157.232:44038, c090c4eb-238d-48aa-a1ef-a702d3149c9b:192.168.157.232:34121], old=null
2019-09-19 21:56:28,106 [afea28c8-2167-4e4f-8679-60ec4d623a67@group-60067AD06215:LeaderElection92] INFO  server.RaftServerConfigKeys (ConfUtils.java:logGet(43)) - raft.server.staging.catchup.gap = 1000 (default)
2019-09-19 21:56:28,106 [afea28c8-2167-4e4f-8679-60ec4d623a67@group-60067AD06215:LeaderElection92] INFO  server.RaftServerConfigKeys (ConfUtils.java:logGet(43)) - raft.server.rpc.sleep.time = 25ms (default)
2019-09-19 21:56:28,103 [c090c4eb-238d-48aa-a1ef-a702d3149c9b@group-AA581DA8BECB:LeaderElection88] INFO  impl.RaftServerImpl (RaftServerImpl.java:setRole(174)) - c090c4eb-238d-48aa-a1ef-a702d3149c9b@group-AA581DA8BECB: changes role from CANDIDATE to FOLLOWER at term 1 for DISCOVERED_A_NEW_TERM
2019-09-19 21:56:28,103 [bd433f40-6668-460a-8e37-fb009828bf6c@group-E09721444494:LeaderElection91] INFO  server.RaftServerConfigKeys (ConfUtils.java:logGet(43)) - raft.server.staging.catchup.gap = 1000 (default)
2019-09-19 21:56:28,108 [c090c4eb-238d-48aa-a1ef-a702d3149c9b@group-AA581DA8BECB:LeaderElection88] INFO  impl.RoleInfo (RoleInfo.java:shutdownLeaderElection(134)) - c090c4eb-238d-48aa-a1ef-a702d3149c9b: shutdown LeaderElection
2019-09-19 21:56:28,106 [afea28c8-2167-4e4f-8679-60ec4d623a67@group-60067AD06215:LeaderElection92] INFO  server.RaftServerConfigKeys (ConfUtils.java:logGet(43)) - raft.server.write.element-limit = 4096 (default)
2019-09-19 21:56:28,106 [aa6381e5-8ca4-4c57-a2f0-4aafa8e23c85@group-AA581DA8BECB:LeaderElection89] INFO  impl.RaftServerImpl (RaftServerImpl.java:setRole(174)) - aa6381e5-8ca4-4c57-a2f0-4aafa8e23c85@group-AA581DA8BECB: changes role from CANDIDATE to FOLLOWER at term 1 for DISCOVERED_A_NEW_TERM
2019-09-19 21:56:28,109 [afea28c8-2167-4e4f-8679-60ec4d623a67@group-60067AD06215:LeaderElection92] INFO  server.RaftServerConfigKeys (ConfUtils.java:logGet(43)) - raft.server.watch.timeout = 10s (default)
2019-09-19 21:56:28,108 [c090c4eb-238d-48aa-a1ef-a702d3149c9b@group-AA581DA8BECB:LeaderElection88] INFO  impl.RoleInfo (RoleInfo.java:updateAndGet(143)) - c090c4eb-238d-48aa-a1ef-a702d3149c9b: start FollowerState
2019-09-19 21:56:28,108 [bd433f40-6668-460a-8e37-fb009828bf6c@group-E09721444494:LeaderElection91] INFO  server.RaftServerConfigKeys (ConfUtils.java:logGet(43)) - raft.server.rpc.sleep.time = 25ms (default)
2019-09-19 21:56:28,109 [afea28c8-2167-4e4f-8679-60ec4d623a67@group-60067AD06215:LeaderElection92] INFO  server.RaftServerConfigKeys (ConfUtils.java:logGet(43)) - raft.server.watch.timeout.denomination = 1s (default)
2019-09-19 21:56:28,109 [aa6381e5-8ca4-4c57-a2f0-4aafa8e23c85@group-AA581DA8BECB:LeaderElection89] INFO  impl.RoleInfo (RoleInfo.java:shutdownLeaderElection(134)) - aa6381e5-8ca4-4c57-a2f0-4aafa8e23c85: shutdown LeaderElection
2019-09-19 21:56:28,109 [afea28c8-2167-4e4f-8679-60ec4d623a67@group-60067AD06215:LeaderElection92] INFO  server.RaftServerConfigKeys (ConfUtils.java:logGet(43)) - raft.server.watch.element-limit = 65536 (default)
2019-09-19 21:56:28,109 [bd433f40-6668-460a-8e37-fb009828bf6c@group-E09721444494:LeaderElection91] INFO  server.RaftServerConfigKeys (ConfUtils.java:logGet(43)) - raft.server.write.element-limit = 4096 (default)
2019-09-19 21:56:28,109 [aa6381e5-8ca4-4c57-a2f0-4aafa8e23c85@group-AA581DA8BECB:LeaderElection89] INFO  impl.RoleInfo (RoleInfo.java:updateAndGet(143)) - aa6381e5-8ca4-4c57-a2f0-4aafa8e23c85: start FollowerState
2019-09-19 21:56:28,110 [bd433f40-6668-460a-8e37-fb009828bf6c@group-E09721444494:LeaderElection91] INFO  server.RaftServerConfigKeys (ConfUtils.java:logGet(43)) - raft.server.watch.timeout = 10s (default)
2019-09-19 21:56:28,110 [bd433f40-6668-460a-8e37-fb009828bf6c@group-E09721444494:LeaderElection91] INFO  server.RaftServerConfigKeys (ConfUtils.java:logGet(43)) - raft.server.watch.timeout.denomination = 1s (default)
2019-09-19 21:56:28,110 [bd433f40-6668-460a-8e37-fb009828bf6c@group-E09721444494:LeaderElection91] INFO  server.RaftServerConfigKeys (ConfUtils.java:logGet(43)) - raft.server.watch.element-limit = 65536 (default)
2019-09-19 21:56:28,111 [d895ce11-0052-409f-8af8-4e205bd1ade4@group-AA581DA8BECB:LeaderElection90] INFO  impl.LeaderElection (LeaderElection.java:logAndReturn(56)) - d895ce11-0052-409f-8af8-4e205bd1ade4@group-AA581DA8BECB:LeaderElection90: Election REJECTED; received 2 response(s) [d895ce11-0052-409f-8af8-4e205bd1ade4<-aa6381e5-8ca4-4c57-a2f0-4aafa8e23c85#0:FAIL-t1, d895ce11-0052-409f-8af8-4e205bd1ade4<-c090c4eb-238d-48aa-a1ef-a702d3149c9b#0:FAIL-t1] and 0 exception(s); d895ce11-0052-409f-8af8-4e205bd1ade4@group-AA581DA8BECB:t1, leader=null, voted=d895ce11-0052-409f-8af8-4e205bd1ade4, raftlog=d895ce11-0052-409f-8af8-4e205bd1ade4@group-AA581DA8BECB-SegmentedRaftLog:OPENED:c-1,f-1,i0, conf=-1: [aa6381e5-8ca4-4c57-a2f0-4aafa8e23c85:192.168.157.232:37173, d895ce11-0052-409f-8af8-4e205bd1ade4:192.168.157.232:44038, c090c4eb-238d-48aa-a1ef-a702d3149c9b:192.168.157.232:34121], old=null
2019-09-19 21:56:28,111 [d895ce11-0052-409f-8af8-4e205bd1ade4@group-AA581DA8BECB:LeaderElection90] INFO  impl.RaftServerImpl (RaftServerImpl.java:setRole(174)) - d895ce11-0052-409f-8af8-4e205bd1ade4@group-AA581DA8BECB: changes role from CANDIDATE to FOLLOWER at term 1 for DISCOVERED_A_NEW_TERM
2019-09-19 21:56:28,111 [d895ce11-0052-409f-8af8-4e205bd1ade4@group-AA581DA8BECB:LeaderElection90] INFO  impl.RoleInfo (RoleInfo.java:shutdownLeaderElection(134)) - d895ce11-0052-409f-8af8-4e205bd1ade4: shutdown LeaderElection
2019-09-19 21:56:28,111 [d895ce11-0052-409f-8af8-4e205bd1ade4@group-AA581DA8BECB:LeaderElection90] INFO  impl.RoleInfo (RoleInfo.java:updateAndGet(143)) - d895ce11-0052-409f-8af8-4e205bd1ade4: start FollowerState
2019-09-19 21:56:28,112 [afea28c8-2167-4e4f-8679-60ec4d623a67@group-60067AD06215:LeaderElection92] INFO  impl.RoleInfo (RoleInfo.java:updateAndGet(143)) - afea28c8-2167-4e4f-8679-60ec4d623a67: start LeaderState
2019-09-19 21:56:28,114 [afea28c8-2167-4e4f-8679-60ec4d623a67@group-60067AD06215:LeaderElection92] INFO  segmented.SegmentedRaftLogWorker (SegmentedRaftLogWorker.java:startLogSegment(380)) - afea28c8-2167-4e4f-8679-60ec4d623a67@group-60067AD06215-SegmentedRaftLogWorker: Starting segment from index:0
2019-09-19 21:56:28,114 [afea28c8-2167-4e4f-8679-60ec4d623a67@group-60067AD06215:LeaderElection92] INFO  impl.RaftServerImpl (ServerState.java:setRaftConf(354)) - afea28c8-2167-4e4f-8679-60ec4d623a67@group-60067AD06215: set configuration 0: [afea28c8-2167-4e4f-8679-60ec4d623a67:192.168.157.232:39740], old=null at 0
2019-09-19 21:56:28,114 [bd433f40-6668-460a-8e37-fb009828bf6c@group-E09721444494:LeaderElection91] INFO  impl.RoleInfo (RoleInfo.java:updateAndGet(143)) - bd433f40-6668-460a-8e37-fb009828bf6c: start LeaderState
2019-09-19 21:56:28,114 [bd433f40-6668-460a-8e37-fb009828bf6c@group-E09721444494:LeaderElection91] INFO  segmented.SegmentedRaftLogWorker (SegmentedRaftLogWorker.java:startLogSegment(380)) - bd433f40-6668-460a-8e37-fb009828bf6c@group-E09721444494-SegmentedRaftLogWorker: Starting segment from index:0
2019-09-19 21:56:28,115 [bd433f40-6668-460a-8e37-fb009828bf6c@group-E09721444494:LeaderElection91] INFO  impl.RaftServerImpl (ServerState.java:setRaftConf(354)) - bd433f40-6668-460a-8e37-fb009828bf6c@group-E09721444494: set configuration 0: [bd433f40-6668-460a-8e37-fb009828bf6c:192.168.157.232:40358], old=null at 0
2019-09-19 21:56:28,124 [Thread-3583] INFO  impl.FollowerState (FollowerState.java:run(106)) - afea28c8-2167-4e4f-8679-60ec4d623a67:group-835F16A767BD changes to CANDIDATE, lastRpcTime:5000, electionTimeout:5000ms
2019-09-19 21:56:28,124 [Thread-3583] INFO  impl.RoleInfo (RoleInfo.java:shutdownFollowerState(121)) - afea28c8-2167-4e4f-8679-60ec4d623a67: shutdown FollowerState
2019-09-19 21:56:28,125 [Thread-3583] INFO  impl.RaftServerImpl (RaftServerImpl.java:setRole(174)) - afea28c8-2167-4e4f-8679-60ec4d623a67@group-835F16A767BD: changes role from  FOLLOWER to CANDIDATE at term 0 for changeToCandidate
2019-09-19 21:56:28,125 [Thread-3583] INFO  impl.RoleInfo (RoleInfo.java:updateAndGet(143)) - afea28c8-2167-4e4f-8679-60ec4d623a67: start LeaderElection
2019-09-19 21:56:28,168 [bd433f40-6668-460a-8e37-fb009828bf6c@group-E09721444494-SegmentedRaftLogWorker] INFO  segmented.SegmentedRaftLogWorker (SegmentedRaftLogWorker.java:execute(569)) - bd433f40-6668-460a-8e37-fb009828bf6c@group-E09721444494-SegmentedRaftLogWorker: created new log segment /workdir/hadoop-ozone/integration-test/target/test-dir/MiniOzoneClusterImpl-7574fd73-fa3b-42f5-86a6-8b7eb4322844/datanode-5/data/ratis/2c92351d-e349-4fdf-a97b-e09721444494/current/log_inprogress_0
2019-09-19 21:56:28,168 [afea28c8-2167-4e4f-8679-60ec4d623a67@group-835F16A767BD:LeaderElection93] INFO  impl.LeaderElection (LeaderElection.java:askForVotes(182)) - afea28c8-2167-4e4f-8679-60ec4d623a67@group-835F16A767BD:LeaderElection93: begin an election at term 1 for -1: [bcf2dcee-3b1d-45e4-b716-31c033deb895:192.168.157.232:34727, afea28c8-2167-4e4f-8679-60ec4d623a67:192.168.157.232:39740, bd433f40-6668-460a-8e37-fb009828bf6c:192.168.157.232:40358], old=null
2019-09-19 21:56:28,168 [afea28c8-2167-4e4f-8679-60ec4d623a67@group-60067AD06215-SegmentedRaftLogWorker] INFO  segmented.SegmentedRaftLogWorker (SegmentedRaftLogWorker.java:execute(569)) - afea28c8-2167-4e4f-8679-60ec4d623a67@group-60067AD06215-SegmentedRaftLogWorker: created new log segment /workdir/hadoop-ozone/integration-test/target/test-dir/MiniOzoneClusterImpl-7574fd73-fa3b-42f5-86a6-8b7eb4322844/datanode-3/data/ratis/3670f5fc-50b5-4365-aafe-60067ad06215/current/log_inprogress_0
2019-09-19 21:56:28,175 [grpc-default-executor-7] INFO  impl.RaftServerImpl (RaftServerImpl.java:setRole(174)) - bd433f40-6668-460a-8e37-fb009828bf6c@group-835F16A767BD: changes role from  FOLLOWER to FOLLOWER at term 1 for recognizeCandidate:afea28c8-2167-4e4f-8679-60ec4d623a67
2019-09-19 21:56:28,175 [grpc-default-executor-7] INFO  impl.RoleInfo (RoleInfo.java:shutdownFollowerState(121)) - bd433f40-6668-460a-8e37-fb009828bf6c: shutdown FollowerState
2019-09-19 21:56:28,178 [grpc-default-executor-8] INFO  impl.RaftServerImpl (RaftServerImpl.java:setRole(174)) - bcf2dcee-3b1d-45e4-b716-31c033deb895@group-835F16A767BD: changes role from  FOLLOWER to FOLLOWER at term 1 for recognizeCandidate:afea28c8-2167-4e4f-8679-60ec4d623a67
2019-09-19 21:56:28,178 [grpc-default-executor-7] INFO  impl.RoleInfo (RoleInfo.java:updateAndGet(143)) - bd433f40-6668-460a-8e37-fb009828bf6c: start FollowerState
2019-09-19 21:56:28,178 [Thread-3584] INFO  impl.FollowerState (FollowerState.java:run(115)) - bd433f40-6668-460a-8e37-fb009828bf6c: FollowerState was interrupted: java.lang.InterruptedException: sleep interrupted
2019-09-19 21:56:28,178 [grpc-default-executor-8] INFO  impl.RoleInfo (RoleInfo.java:shutdownFollowerState(121)) - bcf2dcee-3b1d-45e4-b716-31c033deb895: shutdown FollowerState
2019-09-19 21:56:28,181 [grpc-default-executor-8] INFO  impl.RoleInfo (RoleInfo.java:updateAndGet(143)) - bcf2dcee-3b1d-45e4-b716-31c033deb895: start FollowerState
2019-09-19 21:56:28,181 [Thread-3579] INFO  impl.FollowerState (FollowerState.java:run(115)) - bcf2dcee-3b1d-45e4-b716-31c033deb895: FollowerState was interrupted: java.lang.InterruptedException: sleep interrupted
2019-09-19 21:56:28,198 [grpc-default-executor-6] INFO  client.GrpcClientProtocolClient (GrpcClientProtocolClient.java:onNext(264)) - client-B30C634ADC94->aa6381e5-8ca4-4c57-a2f0-4aafa8e23c85: receive RaftClientReply:client-B30C634ADC94->aa6381e5-8ca4-4c57-a2f0-4aafa8e23c85@group-AA581DA8BECB, cid=213, FAILED org.apache.ratis.protocol.NotLeaderException: Server aa6381e5-8ca4-4c57-a2f0-4aafa8e23c85@group-AA581DA8BECB is not the leader, logIndex=0, commits[aa6381e5-8ca4-4c57-a2f0-4aafa8e23c85:c-1]
2019-09-19 21:56:28,208 [afea28c8-2167-4e4f-8679-60ec4d623a67@group-835F16A767BD:LeaderElection93] INFO  impl.LeaderElection (LeaderElection.java:logAndReturn(56)) - afea28c8-2167-4e4f-8679-60ec4d623a67@group-835F16A767BD:LeaderElection93: Election PASSED; received 1 response(s) [afea28c8-2167-4e4f-8679-60ec4d623a67<-bd433f40-6668-460a-8e37-fb009828bf6c#0:OK-t1] and 0 exception(s); afea28c8-2167-4e4f-8679-60ec4d623a67@group-835F16A767BD:t1, leader=null, voted=afea28c8-2167-4e4f-8679-60ec4d623a67, raftlog=afea28c8-2167-4e4f-8679-60ec4d623a67@group-835F16A767BD-SegmentedRaftLog:OPENED:c-1,f-1,i0, conf=-1: [bcf2dcee-3b1d-45e4-b716-31c033deb895:192.168.157.232:34727, afea28c8-2167-4e4f-8679-60ec4d623a67:192.168.157.232:39740, bd433f40-6668-460a-8e37-fb009828bf6c:192.168.157.232:40358], old=null
2019-09-19 21:56:28,208 [afea28c8-2167-4e4f-8679-60ec4d623a67@group-835F16A767BD:LeaderElection93] INFO  impl.RoleInfo (RoleInfo.java:shutdownLeaderElection(134)) - afea28c8-2167-4e4f-8679-60ec4d623a67: shutdown LeaderElection
2019-09-19 21:56:28,209 [afea28c8-2167-4e4f-8679-60ec4d623a67@group-835F16A767BD:LeaderElection93] INFO  impl.RaftServerImpl (RaftServerImpl.java:setRole(174)) - afea28c8-2167-4e4f-8679-60ec4d623a67@group-835F16A767BD: changes role from CANDIDATE to LEADER at term 1 for changeToLeader
2019-09-19 21:56:28,209 [afea28c8-2167-4e4f-8679-60ec4d623a67@group-835F16A767BD:LeaderElection93] INFO  impl.RaftServerImpl (ServerState.java:setLeader(253)) - afea28c8-2167-4e4f-8679-60ec4d623a67@group-835F16A767BD: change Leader from null to afea28c8-2167-4e4f-8679-60ec4d623a67 at term 1 for becomeLeader, leader elected after 5097ms
2019-09-19 21:56:28,209 [afea28c8-2167-4e4f-8679-60ec4d623a67@group-835F16A767BD:LeaderElection93] INFO  server.RaftServerConfigKeys (ConfUtils.java:logGet(43)) - raft.server.staging.catchup.gap = 1000 (default)
2019-09-19 21:56:28,209 [afea28c8-2167-4e4f-8679-60ec4d623a67@group-835F16A767BD:LeaderElection93] INFO  server.RaftServerConfigKeys (ConfUtils.java:logGet(43)) - raft.server.rpc.sleep.time = 25ms (default)
2019-09-19 21:56:28,209 [afea28c8-2167-4e4f-8679-60ec4d623a67@group-835F16A767BD:LeaderElection93] INFO  server.RaftServerConfigKeys (ConfUtils.java:logGet(43)) - raft.server.write.element-limit = 4096 (default)
2019-09-19 21:56:28,209 [afea28c8-2167-4e4f-8679-60ec4d623a67@group-835F16A767BD:LeaderElection93] INFO  server.RaftServerConfigKeys (ConfUtils.java:logGet(43)) - raft.server.watch.timeout = 10s (default)
2019-09-19 21:56:28,209 [afea28c8-2167-4e4f-8679-60ec4d623a67@group-835F16A767BD:LeaderElection93] INFO  server.RaftServerConfigKeys (ConfUtils.java:logGet(43)) - raft.server.watch.timeout.denomination = 1s (default)
2019-09-19 21:56:28,210 [afea28c8-2167-4e4f-8679-60ec4d623a67@group-835F16A767BD:LeaderElection93] INFO  server.RaftServerConfigKeys (ConfUtils.java:logGet(43)) - raft.server.watch.element-limit = 65536 (default)
2019-09-19 21:56:28,212 [afea28c8-2167-4e4f-8679-60ec4d623a67@group-835F16A767BD:LeaderElection93] INFO  server.RaftServerConfigKeys (ConfUtils.java:logGet(43)) - raft.server.log.appender.snapshot.chunk.size.max = 16MB (=16777216) (default)
2019-09-19 21:56:28,212 [afea28c8-2167-4e4f-8679-60ec4d623a67@group-835F16A767BD:LeaderElection93] INFO  server.RaftServerConfigKeys (ConfUtils.java:logGet(43)) - raft.server.log.appender.buffer.byte-limit = 33554432 (custom)
2019-09-19 21:56:28,212 [afea28c8-2167-4e4f-8679-60ec4d623a67@group-835F16A767BD:LeaderElection93] INFO  server.RaftServerConfigKeys (ConfUtils.java:logGet(43)) - raft.server.log.appender.buffer.element-limit = 1 (custom)
2019-09-19 21:56:28,213 [afea28c8-2167-4e4f-8679-60ec4d623a67@group-835F16A767BD:LeaderElection93] INFO  grpc.GrpcConfigKeys$Server (ConfUtils.java:logGet(43)) - raft.grpc.server.leader.outstanding.appends.max = 128 (default)
2019-09-19 21:56:28,213 [afea28c8-2167-4e4f-8679-60ec4d623a67@group-835F16A767BD:LeaderElection93] INFO  server.RaftServerConfigKeys (ConfUtils.java:logGet(43)) - raft.server.rpc.request.timeout = 3000ms (default)
2019-09-19 21:56:28,213 [afea28c8-2167-4e4f-8679-60ec4d623a67@group-835F16A767BD:LeaderElection93] INFO  server.RaftServerConfigKeys (ConfUtils.java:logGet(43)) - raft.server.log.appender.install.snapshot.enabled = false (custom)
2019-09-19 21:56:28,213 [afea28c8-2167-4e4f-8679-60ec4d623a67@group-835F16A767BD:LeaderElection93] INFO  server.RaftServerConfigKeys (ConfUtils.java:logGet(43)) - raft.server.log.appender.snapshot.chunk.size.max = 16MB (=16777216) (default)
2019-09-19 21:56:28,214 [afea28c8-2167-4e4f-8679-60ec4d623a67@group-835F16A767BD:LeaderElection93] INFO  server.RaftServerConfigKeys (ConfUtils.java:logGet(43)) - raft.server.log.appender.buffer.byte-limit = 33554432 (custom)
2019-09-19 21:56:28,214 [afea28c8-2167-4e4f-8679-60ec4d623a67@group-835F16A767BD:LeaderElection93] INFO  server.RaftServerConfigKeys (ConfUtils.java:logGet(43)) - raft.server.log.appender.buffer.element-limit = 1 (custom)
2019-09-19 21:56:28,214 [afea28c8-2167-4e4f-8679-60ec4d623a67@group-835F16A767BD:LeaderElection93] INFO  grpc.GrpcConfigKeys$Server (ConfUtils.java:logGet(43)) - raft.grpc.server.leader.outstanding.appends.max = 128 (default)
2019-09-19 21:56:28,214 [afea28c8-2167-4e4f-8679-60ec4d623a67@group-835F16A767BD:LeaderElection93] INFO  server.RaftServerConfigKeys (ConfUtils.java:logGet(43)) - raft.server.rpc.request.timeout = 3000ms (default)
2019-09-19 21:56:28,215 [afea28c8-2167-4e4f-8679-60ec4d623a67@group-835F16A767BD:LeaderElection93] INFO  server.RaftServerConfigKeys (ConfUtils.java:logGet(43)) - raft.server.log.appender.install.snapshot.enabled = false (custom)
2019-09-19 21:56:28,215 [afea28c8-2167-4e4f-8679-60ec4d623a67@group-835F16A767BD:LeaderElection93] INFO  impl.RoleInfo (RoleInfo.java:updateAndGet(143)) - afea28c8-2167-4e4f-8679-60ec4d623a67: start LeaderState
2019-09-19 21:56:28,215 [afea28c8-2167-4e4f-8679-60ec4d623a67@group-835F16A767BD:LeaderElection93] INFO  segmented.SegmentedRaftLogWorker (SegmentedRaftLogWorker.java:startLogSegment(380)) - afea28c8-2167-4e4f-8679-60ec4d623a67@group-835F16A767BD-SegmentedRaftLogWorker: Starting segment from index:0
2019-09-19 21:56:28,216 [afea28c8-2167-4e4f-8679-60ec4d623a67@group-835F16A767BD:LeaderElection93] INFO  impl.RaftServerImpl (ServerState.java:setRaftConf(354)) - afea28c8-2167-4e4f-8679-60ec4d623a67@group-835F16A767BD: set configuration 0: [bcf2dcee-3b1d-45e4-b716-31c033deb895:192.168.157.232:34727, afea28c8-2167-4e4f-8679-60ec4d623a67:192.168.157.232:39740, bd433f40-6668-460a-8e37-fb009828bf6c:192.168.157.232:40358], old=null at 0
2019-09-19 21:56:28,243 [grpc-default-executor-8] INFO  impl.RaftServerImpl (ServerState.java:setLeader(253)) - bcf2dcee-3b1d-45e4-b716-31c033deb895@group-835F16A767BD: change Leader from null to afea28c8-2167-4e4f-8679-60ec4d623a67 at term 1 for appendEntries, leader elected after 5131ms
2019-09-19 21:56:28,243 [grpc-default-executor-7] INFO  impl.RaftServerImpl (ServerState.java:setLeader(253)) - bd433f40-6668-460a-8e37-fb009828bf6c@group-835F16A767BD: change Leader from null to afea28c8-2167-4e4f-8679-60ec4d623a67 at term 1 for appendEntries, leader elected after 5130ms
2019-09-19 21:56:28,254 [grpc-default-executor-7] INFO  impl.RaftServerImpl (ServerState.java:setRaftConf(354)) - bd433f40-6668-460a-8e37-fb009828bf6c@group-835F16A767BD: set configuration 0: [bcf2dcee-3b1d-45e4-b716-31c033deb895:192.168.157.232:34727, afea28c8-2167-4e4f-8679-60ec4d623a67:192.168.157.232:39740, bd433f40-6668-460a-8e37-fb009828bf6c:192.168.157.232:40358], old=null at 0
2019-09-19 21:56:28,254 [grpc-default-executor-8] INFO  impl.RaftServerImpl (ServerState.java:setRaftConf(354)) - bcf2dcee-3b1d-45e4-b716-31c033deb895@group-835F16A767BD: set configuration 0: [bcf2dcee-3b1d-45e4-b716-31c033deb895:192.168.157.232:34727, afea28c8-2167-4e4f-8679-60ec4d623a67:192.168.157.232:39740, bd433f40-6668-460a-8e37-fb009828bf6c:192.168.157.232:40358], old=null at 0
2019-09-19 21:56:28,254 [grpc-default-executor-7] INFO  segmented.SegmentedRaftLogWorker (SegmentedRaftLogWorker.java:startLogSegment(380)) - bd433f40-6668-460a-8e37-fb009828bf6c@group-835F16A767BD-SegmentedRaftLogWorker: Starting segment from index:0
2019-09-19 21:56:28,254 [grpc-default-executor-8] INFO  segmented.SegmentedRaftLogWorker (SegmentedRaftLogWorker.java:startLogSegment(380)) - bcf2dcee-3b1d-45e4-b716-31c033deb895@group-835F16A767BD-SegmentedRaftLogWorker: Starting segment from index:0
2019-09-19 21:56:28,265 [afea28c8-2167-4e4f-8679-60ec4d623a67@group-835F16A767BD-SegmentedRaftLogWorker] INFO  segmented.SegmentedRaftLogWorker (SegmentedRaftLogWorker.java:execute(569)) - afea28c8-2167-4e4f-8679-60ec4d623a67@group-835F16A767BD-SegmentedRaftLogWorker: created new log segment /workdir/hadoop-ozone/integration-test/target/test-dir/MiniOzoneClusterImpl-7574fd73-fa3b-42f5-86a6-8b7eb4322844/datanode-3/data/ratis/7507ccc0-397d-430d-85d1-835f16a767bd/current/log_inprogress_0
2019-09-19 21:56:28,298 [bcf2dcee-3b1d-45e4-b716-31c033deb895@group-835F16A767BD-SegmentedRaftLogWorker] INFO  segmented.SegmentedRaftLogWorker (SegmentedRaftLogWorker.java:execute(569)) - bcf2dcee-3b1d-45e4-b716-31c033deb895@group-835F16A767BD-SegmentedRaftLogWorker: created new log segment /workdir/hadoop-ozone/integration-test/target/test-dir/MiniOzoneClusterImpl-7574fd73-fa3b-42f5-86a6-8b7eb4322844/datanode-4/data/ratis/7507ccc0-397d-430d-85d1-835f16a767bd/current/log_inprogress_0
2019-09-19 21:56:28,298 [bd433f40-6668-460a-8e37-fb009828bf6c@group-835F16A767BD-SegmentedRaftLogWorker] INFO  segmented.SegmentedRaftLogWorker (SegmentedRaftLogWorker.java:execute(569)) - bd433f40-6668-460a-8e37-fb009828bf6c@group-835F16A767BD-SegmentedRaftLogWorker: created new log segment /workdir/hadoop-ozone/integration-test/target/test-dir/MiniOzoneClusterImpl-7574fd73-fa3b-42f5-86a6-8b7eb4322844/datanode-5/data/ratis/7507ccc0-397d-430d-85d1-835f16a767bd/current/log_inprogress_0
2019-09-19 21:56:29,206 [grpc-default-executor-0] INFO  client.GrpcClientProtocolClient (GrpcClientProtocolClient.java:onNext(264)) - client-B30C634ADC94->d895ce11-0052-409f-8af8-4e205bd1ade4: receive RaftClientReply:client-B30C634ADC94->d895ce11-0052-409f-8af8-4e205bd1ade4@group-AA581DA8BECB, cid=213, FAILED org.apache.ratis.protocol.NotLeaderException: Server d895ce11-0052-409f-8af8-4e205bd1ade4@group-AA581DA8BECB is not the leader, logIndex=0, commits[d895ce11-0052-409f-8af8-4e205bd1ade4:c-1]
2019-09-19 21:56:30,214 [grpc-default-executor-8] INFO  client.GrpcClientProtocolClient (GrpcClientProtocolClient.java:onNext(264)) - client-B30C634ADC94->aa6381e5-8ca4-4c57-a2f0-4aafa8e23c85: receive RaftClientReply:client-B30C634ADC94->aa6381e5-8ca4-4c57-a2f0-4aafa8e23c85@group-AA581DA8BECB, cid=213, FAILED org.apache.ratis.protocol.NotLeaderException: Server aa6381e5-8ca4-4c57-a2f0-4aafa8e23c85@group-AA581DA8BECB is not the leader, logIndex=0, commits[aa6381e5-8ca4-4c57-a2f0-4aafa8e23c85:c-1]
2019-09-19 21:56:31,222 [grpc-default-executor-7] INFO  client.GrpcClientProtocolClient (GrpcClientProtocolClient.java:onNext(264)) - client-B30C634ADC94->c090c4eb-238d-48aa-a1ef-a702d3149c9b: receive RaftClientReply:client-B30C634ADC94->c090c4eb-238d-48aa-a1ef-a702d3149c9b@group-AA581DA8BECB, cid=213, FAILED org.apache.ratis.protocol.NotLeaderException: Server c090c4eb-238d-48aa-a1ef-a702d3149c9b@group-AA581DA8BECB is not the leader, logIndex=0, commits[c090c4eb-238d-48aa-a1ef-a702d3149c9b:c-1]
2019-09-19 21:56:32,232 [grpc-default-executor-7] INFO  client.GrpcClientProtocolClient (GrpcClientProtocolClient.java:onNext(264)) - client-B30C634ADC94->d895ce11-0052-409f-8af8-4e205bd1ade4: receive RaftClientReply:client-B30C634ADC94->d895ce11-0052-409f-8af8-4e205bd1ade4@group-AA581DA8BECB, cid=213, FAILED org.apache.ratis.protocol.NotLeaderException: Server d895ce11-0052-409f-8af8-4e205bd1ade4@group-AA581DA8BECB is not the leader, logIndex=0, commits[d895ce11-0052-409f-8af8-4e205bd1ade4:c-1]
2019-09-19 21:56:33,121 [Thread-3629] INFO  impl.FollowerState (FollowerState.java:run(106)) - c090c4eb-238d-48aa-a1ef-a702d3149c9b:group-AA581DA8BECB changes to CANDIDATE, lastRpcTime:5013, electionTimeout:5012ms
2019-09-19 21:56:33,122 [Thread-3629] INFO  impl.RoleInfo (RoleInfo.java:shutdownFollowerState(121)) - c090c4eb-238d-48aa-a1ef-a702d3149c9b: shutdown FollowerState
2019-09-19 21:56:33,122 [Thread-3629] INFO  impl.RaftServerImpl (RaftServerImpl.java:setRole(174)) - c090c4eb-238d-48aa-a1ef-a702d3149c9b@group-AA581DA8BECB: changes role from  FOLLOWER to CANDIDATE at term 1 for changeToCandidate
2019-09-19 21:56:33,122 [Thread-3629] INFO  impl.RoleInfo (RoleInfo.java:updateAndGet(143)) - c090c4eb-238d-48aa-a1ef-a702d3149c9b: start LeaderElection
2019-09-19 21:56:33,138 [c090c4eb-238d-48aa-a1ef-a702d3149c9b@group-AA581DA8BECB:LeaderElection94] INFO  impl.LeaderElection (LeaderElection.java:askForVotes(182)) - c090c4eb-238d-48aa-a1ef-a702d3149c9b@group-AA581DA8BECB:LeaderElection94: begin an election at term 2 for -1: [aa6381e5-8ca4-4c57-a2f0-4aafa8e23c85:192.168.157.232:37173, d895ce11-0052-409f-8af8-4e205bd1ade4:192.168.157.232:44038, c090c4eb-238d-48aa-a1ef-a702d3149c9b:192.168.157.232:34121], old=null
2019-09-19 21:56:33,141 [grpc-default-executor-7] INFO  impl.RaftServerImpl (RaftServerImpl.java:setRole(174)) - aa6381e5-8ca4-4c57-a2f0-4aafa8e23c85@group-AA581DA8BECB: changes role from  FOLLOWER to FOLLOWER at term 2 for recognizeCandidate:c090c4eb-238d-48aa-a1ef-a702d3149c9b
2019-09-19 21:56:33,142 [grpc-default-executor-7] INFO  impl.RoleInfo (RoleInfo.java:shutdownFollowerState(121)) - aa6381e5-8ca4-4c57-a2f0-4aafa8e23c85: shutdown FollowerState
2019-09-19 21:56:33,142 [grpc-default-executor-7] INFO  impl.RoleInfo (RoleInfo.java:updateAndGet(143)) - aa6381e5-8ca4-4c57-a2f0-4aafa8e23c85: start FollowerState
2019-09-19 21:56:33,142 [Thread-3631] INFO  impl.FollowerState (FollowerState.java:run(115)) - aa6381e5-8ca4-4c57-a2f0-4aafa8e23c85: FollowerState was interrupted: java.lang.InterruptedException: sleep interrupted
2019-09-19 21:56:33,142 [grpc-default-executor-8] INFO  impl.RaftServerImpl (RaftServerImpl.java:setRole(174)) - d895ce11-0052-409f-8af8-4e205bd1ade4@group-AA581DA8BECB: changes role from  FOLLOWER to FOLLOWER at term 2 for recognizeCandidate:c090c4eb-238d-48aa-a1ef-a702d3149c9b
2019-09-19 21:56:33,144 [grpc-default-executor-8] INFO  impl.RoleInfo (RoleInfo.java:shutdownFollowerState(121)) - d895ce11-0052-409f-8af8-4e205bd1ade4: shutdown FollowerState
2019-09-19 21:56:33,144 [grpc-default-executor-8] INFO  impl.RoleInfo (RoleInfo.java:updateAndGet(143)) - d895ce11-0052-409f-8af8-4e205bd1ade4: start FollowerState
2019-09-19 21:56:33,144 [Thread-3632] INFO  impl.FollowerState (FollowerState.java:run(115)) - d895ce11-0052-409f-8af8-4e205bd1ade4: FollowerState was interrupted: java.lang.InterruptedException: sleep interrupted
2019-09-19 21:56:33,171 [c090c4eb-238d-48aa-a1ef-a702d3149c9b@group-AA581DA8BECB:LeaderElection94] INFO  impl.LeaderElection (LeaderElection.java:logAndReturn(56)) - c090c4eb-238d-48aa-a1ef-a702d3149c9b@group-AA581DA8BECB:LeaderElection94: Election PASSED; received 1 response(s) [c090c4eb-238d-48aa-a1ef-a702d3149c9b<-aa6381e5-8ca4-4c57-a2f0-4aafa8e23c85#0:OK-t2] and 0 exception(s); c090c4eb-238d-48aa-a1ef-a702d3149c9b@group-AA581DA8BECB:t2, leader=null, voted=c090c4eb-238d-48aa-a1ef-a702d3149c9b, raftlog=c090c4eb-238d-48aa-a1ef-a702d3149c9b@group-AA581DA8BECB-SegmentedRaftLog:OPENED:c-1,f-1,i0, conf=-1: [aa6381e5-8ca4-4c57-a2f0-4aafa8e23c85:192.168.157.232:37173, d895ce11-0052-409f-8af8-4e205bd1ade4:192.168.157.232:44038, c090c4eb-238d-48aa-a1ef-a702d3149c9b:192.168.157.232:34121], old=null
2019-09-19 21:56:33,172 [c090c4eb-238d-48aa-a1ef-a702d3149c9b@group-AA581DA8BECB:LeaderElection94] INFO  impl.RoleInfo (RoleInfo.java:shutdownLeaderElection(134)) - c090c4eb-238d-48aa-a1ef-a702d3149c9b: shutdown LeaderElection
2019-09-19 21:56:33,172 [c090c4eb-238d-48aa-a1ef-a702d3149c9b@group-AA581DA8BECB:LeaderElection94] INFO  impl.RaftServerImpl (RaftServerImpl.java:setRole(174)) - c090c4eb-238d-48aa-a1ef-a702d3149c9b@group-AA581DA8BECB: changes role from CANDIDATE to LEADER at term 2 for changeToLeader
2019-09-19 21:56:33,172 [c090c4eb-238d-48aa-a1ef-a702d3149c9b@group-AA581DA8BECB:LeaderElection94] INFO  impl.RaftServerImpl (ServerState.java:setLeader(253)) - c090c4eb-238d-48aa-a1ef-a702d3149c9b@group-AA581DA8BECB: change Leader from null to c090c4eb-238d-48aa-a1ef-a702d3149c9b at term 2 for becomeLeader, leader elected after 10306ms
2019-09-19 21:56:33,172 [c090c4eb-238d-48aa-a1ef-a702d3149c9b@group-AA581DA8BECB:LeaderElection94] INFO  server.RaftServerConfigKeys (ConfUtils.java:logGet(43)) - raft.server.staging.catchup.gap = 1000 (default)
2019-09-19 21:56:33,172 [c090c4eb-238d-48aa-a1ef-a702d3149c9b@group-AA581DA8BECB:LeaderElection94] INFO  server.RaftServerConfigKeys (ConfUtils.java:logGet(43)) - raft.server.rpc.sleep.time = 25ms (default)
2019-09-19 21:56:33,173 [c090c4eb-238d-48aa-a1ef-a702d3149c9b@group-AA581DA8BECB:LeaderElection94] INFO  server.RaftServerConfigKeys (ConfUtils.java:logGet(43)) - raft.server.write.element-limit = 4096 (default)
2019-09-19 21:56:33,173 [c090c4eb-238d-48aa-a1ef-a702d3149c9b@group-AA581DA8BECB:LeaderElection94] INFO  server.RaftServerConfigKeys (ConfUtils.java:logGet(43)) - raft.server.watch.timeout = 10s (default)
2019-09-19 21:56:33,173 [c090c4eb-238d-48aa-a1ef-a702d3149c9b@group-AA581DA8BECB:LeaderElection94] INFO  server.RaftServerConfigKeys (ConfUtils.java:logGet(43)) - raft.server.watch.timeout.denomination = 1s (default)
2019-09-19 21:56:33,173 [c090c4eb-238d-48aa-a1ef-a702d3149c9b@group-AA581DA8BECB:LeaderElection94] INFO  server.RaftServerConfigKeys (ConfUtils.java:logGet(43)) - raft.server.watch.element-limit = 65536 (default)
2019-09-19 21:56:33,176 [c090c4eb-238d-48aa-a1ef-a702d3149c9b@group-AA581DA8BECB:LeaderElection94] INFO  server.RaftServerConfigKeys (ConfUtils.java:logGet(43)) - raft.server.log.appender.snapshot.chunk.size.max = 16MB (=16777216) (default)
2019-09-19 21:56:33,176 [c090c4eb-238d-48aa-a1ef-a702d3149c9b@group-AA581DA8BECB:LeaderElection94] INFO  server.RaftServerConfigKeys (ConfUtils.java:logGet(43)) - raft.server.log.appender.buffer.byte-limit = 33554432 (custom)
2019-09-19 21:56:33,176 [c090c4eb-238d-48aa-a1ef-a702d3149c9b@group-AA581DA8BECB:LeaderElection94] INFO  server.RaftServerConfigKeys (ConfUtils.java:logGet(43)) - raft.server.log.appender.buffer.element-limit = 1 (custom)
2019-09-19 21:56:33,177 [c090c4eb-238d-48aa-a1ef-a702d3149c9b@group-AA581DA8BECB:LeaderElection94] INFO  grpc.GrpcConfigKeys$Server (ConfUtils.java:logGet(43)) - raft.grpc.server.leader.outstanding.appends.max = 128 (default)
2019-09-19 21:56:33,177 [c090c4eb-238d-48aa-a1ef-a702d3149c9b@group-AA581DA8BECB:LeaderElection94] INFO  server.RaftServerConfigKeys (ConfUtils.java:logGet(43)) - raft.server.rpc.request.timeout = 3000ms (default)
2019-09-19 21:56:33,177 [c090c4eb-238d-48aa-a1ef-a702d3149c9b@group-AA581DA8BECB:LeaderElection94] INFO  server.RaftServerConfigKeys (ConfUtils.java:logGet(43)) - raft.server.log.appender.install.snapshot.enabled = false (custom)
2019-09-19 21:56:33,178 [c090c4eb-238d-48aa-a1ef-a702d3149c9b@group-AA581DA8BECB:LeaderElection94] INFO  server.RaftServerConfigKeys (ConfUtils.java:logGet(43)) - raft.server.log.appender.snapshot.chunk.size.max = 16MB (=16777216) (default)
2019-09-19 21:56:33,178 [c090c4eb-238d-48aa-a1ef-a702d3149c9b@group-AA581DA8BECB:LeaderElection94] INFO  server.RaftServerConfigKeys (ConfUtils.java:logGet(43)) - raft.server.log.appender.buffer.byte-limit = 33554432 (custom)
2019-09-19 21:56:33,178 [c090c4eb-238d-48aa-a1ef-a702d3149c9b@group-AA581DA8BECB:LeaderElection94] INFO  server.RaftServerConfigKeys (ConfUtils.java:logGet(43)) - raft.server.log.appender.buffer.element-limit = 1 (custom)
2019-09-19 21:56:33,178 [c090c4eb-238d-48aa-a1ef-a702d3149c9b@group-AA581DA8BECB:LeaderElection94] INFO  grpc.GrpcConfigKeys$Server (ConfUtils.java:logGet(43)) - raft.grpc.server.leader.outstanding.appends.max = 128 (default)
2019-09-19 21:56:33,178 [c090c4eb-238d-48aa-a1ef-a702d3149c9b@group-AA581DA8BECB:LeaderElection94] INFO  server.RaftServerConfigKeys (ConfUtils.java:logGet(43)) - raft.server.rpc.request.timeout = 3000ms (default)
2019-09-19 21:56:33,178 [c090c4eb-238d-48aa-a1ef-a702d3149c9b@group-AA581DA8BECB:LeaderElection94] INFO  server.RaftServerConfigKeys (ConfUtils.java:logGet(43)) - raft.server.log.appender.install.snapshot.enabled = false (custom)
2019-09-19 21:56:33,179 [c090c4eb-238d-48aa-a1ef-a702d3149c9b@group-AA581DA8BECB:LeaderElection94] INFO  impl.RoleInfo (RoleInfo.java:updateAndGet(143)) - c090c4eb-238d-48aa-a1ef-a702d3149c9b: start LeaderState
2019-09-19 21:56:33,179 [c090c4eb-238d-48aa-a1ef-a702d3149c9b@group-AA581DA8BECB:LeaderElection94] INFO  segmented.SegmentedRaftLogWorker (SegmentedRaftLogWorker.java:startLogSegment(380)) - c090c4eb-238d-48aa-a1ef-a702d3149c9b@group-AA581DA8BECB-SegmentedRaftLogWorker: Starting segment from index:0
2019-09-19 21:56:33,180 [c090c4eb-238d-48aa-a1ef-a702d3149c9b@group-AA581DA8BECB:LeaderElection94] INFO  impl.RaftServerImpl (ServerState.java:setRaftConf(354)) - c090c4eb-238d-48aa-a1ef-a702d3149c9b@group-AA581DA8BECB: set configuration 0: [aa6381e5-8ca4-4c57-a2f0-4aafa8e23c85:192.168.157.232:37173, d895ce11-0052-409f-8af8-4e205bd1ade4:192.168.157.232:44038, c090c4eb-238d-48aa-a1ef-a702d3149c9b:192.168.157.232:34121], old=null at 0
2019-09-19 21:56:33,181 [grpc-default-executor-8] INFO  impl.RaftServerImpl (ServerState.java:setLeader(253)) - aa6381e5-8ca4-4c57-a2f0-4aafa8e23c85@group-AA581DA8BECB: change Leader from null to c090c4eb-238d-48aa-a1ef-a702d3149c9b at term 2 for appendEntries, leader elected after 10314ms
2019-09-19 21:56:33,211 [grpc-default-executor-7] INFO  impl.RaftServerImpl (ServerState.java:setLeader(253)) - d895ce11-0052-409f-8af8-4e205bd1ade4@group-AA581DA8BECB: change Leader from null to c090c4eb-238d-48aa-a1ef-a702d3149c9b at term 2 for appendEntries, leader elected after 10345ms
2019-09-19 21:56:33,212 [grpc-default-executor-7] INFO  impl.RaftServerImpl (ServerState.java:setRaftConf(354)) - aa6381e5-8ca4-4c57-a2f0-4aafa8e23c85@group-AA581DA8BECB: set configuration 0: [aa6381e5-8ca4-4c57-a2f0-4aafa8e23c85:192.168.157.232:37173, d895ce11-0052-409f-8af8-4e205bd1ade4:192.168.157.232:44038, c090c4eb-238d-48aa-a1ef-a702d3149c9b:192.168.157.232:34121], old=null at 0
2019-09-19 21:56:33,213 [grpc-default-executor-7] INFO  segmented.SegmentedRaftLogWorker (SegmentedRaftLogWorker.java:startLogSegment(380)) - aa6381e5-8ca4-4c57-a2f0-4aafa8e23c85@group-AA581DA8BECB-SegmentedRaftLogWorker: Starting segment from index:0
2019-09-19 21:56:33,213 [grpc-default-executor-8] INFO  impl.RaftServerImpl (ServerState.java:setRaftConf(354)) - d895ce11-0052-409f-8af8-4e205bd1ade4@group-AA581DA8BECB: set configuration 0: [aa6381e5-8ca4-4c57-a2f0-4aafa8e23c85:192.168.157.232:37173, d895ce11-0052-409f-8af8-4e205bd1ade4:192.168.157.232:44038, c090c4eb-238d-48aa-a1ef-a702d3149c9b:192.168.157.232:34121], old=null at 0
2019-09-19 21:56:33,213 [grpc-default-executor-8] INFO  segmented.SegmentedRaftLogWorker (SegmentedRaftLogWorker.java:startLogSegment(380)) - d895ce11-0052-409f-8af8-4e205bd1ade4@group-AA581DA8BECB-SegmentedRaftLogWorker: Starting segment from index:0
2019-09-19 21:56:33,234 [c090c4eb-238d-48aa-a1ef-a702d3149c9b@group-AA581DA8BECB-SegmentedRaftLogWorker] INFO  segmented.SegmentedRaftLogWorker (SegmentedRaftLogWorker.java:execute(569)) - c090c4eb-238d-48aa-a1ef-a702d3149c9b@group-AA581DA8BECB-SegmentedRaftLogWorker: created new log segment /workdir/hadoop-ozone/integration-test/target/test-dir/MiniOzoneClusterImpl-7574fd73-fa3b-42f5-86a6-8b7eb4322844/datanode-0/data/ratis/06cd9d9f-d8e1-44af-a6f3-aa581da8becb/current/log_inprogress_0
2019-09-19 21:56:33,253 [grpc-default-executor-8] INFO  client.GrpcClientProtocolClient (GrpcClientProtocolClient.java:onNext(264)) - client-B30C634ADC94->c090c4eb-238d-48aa-a1ef-a702d3149c9b: receive RaftClientReply:client-B30C634ADC94->c090c4eb-238d-48aa-a1ef-a702d3149c9b@group-AA581DA8BECB, cid=213, FAILED org.apache.ratis.protocol.LeaderNotReadyException: c090c4eb-238d-48aa-a1ef-a702d3149c9b@group-AA581DA8BECB is in LEADER state but not ready yet., logIndex=0, commits[c090c4eb-238d-48aa-a1ef-a702d3149c9b:c-1, aa6381e5-8ca4-4c57-a2f0-4aafa8e23c85:c-1, d895ce11-0052-409f-8af8-4e205bd1ade4:c-1]
2019-09-19 21:56:33,264 [d895ce11-0052-409f-8af8-4e205bd1ade4@group-AA581DA8BECB-SegmentedRaftLogWorker] INFO  segmented.SegmentedRaftLogWorker (SegmentedRaftLogWorker.java:execute(569)) - d895ce11-0052-409f-8af8-4e205bd1ade4@group-AA581DA8BECB-SegmentedRaftLogWorker: created new log segment /workdir/hadoop-ozone/integration-test/target/test-dir/MiniOzoneClusterImpl-7574fd73-fa3b-42f5-86a6-8b7eb4322844/datanode-2/data/ratis/06cd9d9f-d8e1-44af-a6f3-aa581da8becb/current/log_inprogress_0
2019-09-19 21:56:33,265 [aa6381e5-8ca4-4c57-a2f0-4aafa8e23c85@group-AA581DA8BECB-SegmentedRaftLogWorker] INFO  segmented.SegmentedRaftLogWorker (SegmentedRaftLogWorker.java:execute(569)) - aa6381e5-8ca4-4c57-a2f0-4aafa8e23c85@group-AA581DA8BECB-SegmentedRaftLogWorker: created new log segment /workdir/hadoop-ozone/integration-test/target/test-dir/MiniOzoneClusterImpl-7574fd73-fa3b-42f5-86a6-8b7eb4322844/datanode-1/data/ratis/06cd9d9f-d8e1-44af-a6f3-aa581da8becb/current/log_inprogress_0
2019-09-19 21:56:35,423 [grpc-default-executor-8] INFO  client.GrpcClientProtocolClient (GrpcClientProtocolClient.java:onNext(264)) - client-B30C634ADC94->c090c4eb-238d-48aa-a1ef-a702d3149c9b: receive RaftClientReply:client-B30C634ADC94->c090c4eb-238d-48aa-a1ef-a702d3149c9b@group-AA581DA8BECB, cid=213, SUCCESS, logIndex=1, commits[c090c4eb-238d-48aa-a1ef-a702d3149c9b:c1, aa6381e5-8ca4-4c57-a2f0-4aafa8e23c85:c0, d895ce11-0052-409f-8af8-4e205bd1ade4:c0]
2019-09-19 21:56:35,436 [grpc-default-executor-8] INFO  client.GrpcClientProtocolClient (GrpcClientProtocolClient.java:onNext(264)) - client-B30C634ADC94->c090c4eb-238d-48aa-a1ef-a702d3149c9b: receive RaftClientReply:client-B30C634ADC94->c090c4eb-238d-48aa-a1ef-a702d3149c9b@group-AA581DA8BECB, cid=214, SUCCESS, logIndex=3, commits[c090c4eb-238d-48aa-a1ef-a702d3149c9b:c3, aa6381e5-8ca4-4c57-a2f0-4aafa8e23c85:c1, d895ce11-0052-409f-8af8-4e205bd1ade4:c1]
2019-09-19 21:56:35,465 [grpc-default-executor-8] INFO  client.GrpcClientProtocolClient (GrpcClientProtocolClient.java:onNext(264)) - client-B30C634ADC94->c090c4eb-238d-48aa-a1ef-a702d3149c9b: receive RaftClientReply:client-B30C634ADC94->c090c4eb-238d-48aa-a1ef-a702d3149c9b@group-AA581DA8BECB, cid=215, SUCCESS, logIndex=4, commits[c090c4eb-238d-48aa-a1ef-a702d3149c9b:c6, aa6381e5-8ca4-4c57-a2f0-4aafa8e23c85:c3, d895ce11-0052-409f-8af8-4e205bd1ade4:c3]
2019-09-19 21:56:36,467 [main] WARN  scm.XceiverClientRatis (XceiverClientRatis.java:watchForCommit(292)) - 3 way commit failed on pipeline Pipeline[ Id: 06cd9d9f-d8e1-44af-a6f3-aa581da8becb, Nodes: d895ce11-0052-409f-8af8-4e205bd1ade4{ip: 192.168.157.232, host: pr-hdds-2020-k2m72-150965138, networkLocation: /default-rack, certSerialId: null}aa6381e5-8ca4-4c57-a2f0-4aafa8e23c85{ip: 192.168.157.232, host: pr-hdds-2020-k2m72-150965138, networkLocation: /default-rack, certSerialId: null}c090c4eb-238d-48aa-a1ef-a702d3149c9b{ip: 192.168.157.232, host: pr-hdds-2020-k2m72-150965138, networkLocation: /default-rack, certSerialId: null}, Type:RATIS, Factor:THREE, State:OPEN]
java.util.concurrent.TimeoutException
	at java.util.concurrent.CompletableFuture.timedGet(CompletableFuture.java:1771)
	at java.util.concurrent.CompletableFuture.get(CompletableFuture.java:1915)
	at org.apache.hadoop.hdds.scm.XceiverClientRatis.watchForCommit(XceiverClientRatis.java:289)
	at org.apache.hadoop.hdds.scm.storage.CommitWatcher.watchForCommit(CommitWatcher.java:194)
	at org.apache.hadoop.hdds.scm.storage.CommitWatcher.watchOnLastIndex(CommitWatcher.java:157)
	at org.apache.hadoop.hdds.scm.storage.BlockOutputStream.watchForCommit(BlockOutputStream.java:347)
	at org.apache.hadoop.hdds.scm.storage.BlockOutputStream.handleFlush(BlockOutputStream.java:479)
	at org.apache.hadoop.hdds.scm.storage.BlockOutputStream.flush(BlockOutputStream.java:428)
	at org.apache.hadoop.ozone.client.io.BlockOutputStreamEntry.flush(BlockOutputStreamEntry.java:136)
	at org.apache.hadoop.ozone.client.io.KeyOutputStream.handleFlushOrClose(KeyOutputStream.java:443)
	at org.apache.hadoop.ozone.client.io.KeyOutputStream.flush(KeyOutputStream.java:397)
	at org.apache.hadoop.ozone.client.io.OzoneOutputStream.flush(OzoneOutputStream.java:54)
	at org.apache.hadoop.ozone.client.rpc.TestBlockOutputStreamWithFailures.testFailureWithPrimeSizedData(TestBlockOutputStreamWithFailures.java:599)
	at sun.reflect.NativeMethodAccessorImpl.invoke0(Native Method)
	at sun.reflect.NativeMethodAccessorImpl.invoke(NativeMethodAccessorImpl.java:62)
	at sun.reflect.DelegatingMethodAccessorImpl.invoke(DelegatingMethodAccessorImpl.java:43)
	at java.lang.reflect.Method.invoke(Method.java:498)
	at org.junit.runners.model.FrameworkMethod$1.runReflectiveCall(FrameworkMethod.java:47)
	at org.junit.internal.runners.model.ReflectiveCallable.run(ReflectiveCallable.java:12)
	at org.junit.runners.model.FrameworkMethod.invokeExplosively(FrameworkMethod.java:44)
	at org.junit.internal.runners.statements.InvokeMethod.evaluate(InvokeMethod.java:17)
	at org.junit.internal.runners.statements.RunBefores.evaluate(RunBefores.java:26)
	at org.junit.internal.runners.statements.RunAfters.evaluate(RunAfters.java:27)
	at org.junit.runners.ParentRunner.runLeaf(ParentRunner.java:271)
	at org.junit.runners.BlockJUnit4ClassRunner.runChild(BlockJUnit4ClassRunner.java:70)
	at org.junit.runners.BlockJUnit4ClassRunner.runChild(BlockJUnit4ClassRunner.java:50)
	at org.junit.runners.ParentRunner$3.run(ParentRunner.java:238)
	at org.junit.runners.ParentRunner$1.schedule(ParentRunner.java:63)
	at org.junit.runners.ParentRunner.runChildren(ParentRunner.java:236)
	at org.junit.runners.ParentRunner.access$000(ParentRunner.java:53)
	at org.junit.runners.ParentRunner$2.evaluate(ParentRunner.java:229)
	at org.junit.runners.ParentRunner.run(ParentRunner.java:309)
	at org.apache.maven.surefire.junit4.JUnit4Provider.execute(JUnit4Provider.java:365)
	at org.apache.maven.surefire.junit4.JUnit4Provider.executeWithRerun(JUnit4Provider.java:273)
	at org.apache.maven.surefire.junit4.JUnit4Provider.executeTestSet(JUnit4Provider.java:238)
	at org.apache.maven.surefire.junit4.JUnit4Provider.invoke(JUnit4Provider.java:159)
	at org.apache.maven.surefire.booter.ForkedBooter.invokeProviderInSameClassLoader(ForkedBooter.java:384)
	at org.apache.maven.surefire.booter.ForkedBooter.runSuitesInProcess(ForkedBooter.java:345)
	at org.apache.maven.surefire.booter.ForkedBooter.execute(ForkedBooter.java:126)
	at org.apache.maven.surefire.booter.ForkedBooter.main(ForkedBooter.java:418)
2019-09-19 21:56:37,468 [main] WARN  storage.CommitWatcher (CommitWatcher.java:watchForCommit(203)) - watchForCommit failed for index 4
java.util.concurrent.TimeoutException
	at java.util.concurrent.CompletableFuture.timedGet(CompletableFuture.java:1771)
	at java.util.concurrent.CompletableFuture.get(CompletableFuture.java:1915)
	at org.apache.hadoop.hdds.scm.XceiverClientRatis.watchForCommit(XceiverClientRatis.java:298)
	at org.apache.hadoop.hdds.scm.storage.CommitWatcher.watchForCommit(CommitWatcher.java:194)
	at org.apache.hadoop.hdds.scm.storage.CommitWatcher.watchOnLastIndex(CommitWatcher.java:157)
	at org.apache.hadoop.hdds.scm.storage.BlockOutputStream.watchForCommit(BlockOutputStream.java:347)
	at org.apache.hadoop.hdds.scm.storage.BlockOutputStream.handleFlush(BlockOutputStream.java:479)
	at org.apache.hadoop.hdds.scm.storage.BlockOutputStream.flush(BlockOutputStream.java:428)
	at org.apache.hadoop.ozone.client.io.BlockOutputStreamEntry.flush(BlockOutputStreamEntry.java:136)
	at org.apache.hadoop.ozone.client.io.KeyOutputStream.handleFlushOrClose(KeyOutputStream.java:443)
	at org.apache.hadoop.ozone.client.io.KeyOutputStream.flush(KeyOutputStream.java:397)
	at org.apache.hadoop.ozone.client.io.OzoneOutputStream.flush(OzoneOutputStream.java:54)
	at org.apache.hadoop.ozone.client.rpc.TestBlockOutputStreamWithFailures.testFailureWithPrimeSizedData(TestBlockOutputStreamWithFailures.java:599)
	at sun.reflect.NativeMethodAccessorImpl.invoke0(Native Method)
	at sun.reflect.NativeMethodAccessorImpl.invoke(NativeMethodAccessorImpl.java:62)
	at sun.reflect.DelegatingMethodAccessorImpl.invoke(DelegatingMethodAccessorImpl.java:43)
	at java.lang.reflect.Method.invoke(Method.java:498)
	at org.junit.runners.model.FrameworkMethod$1.runReflectiveCall(FrameworkMethod.java:47)
	at org.junit.internal.runners.model.ReflectiveCallable.run(ReflectiveCallable.java:12)
	at org.junit.runners.model.FrameworkMethod.invokeExplosively(FrameworkMethod.java:44)
	at org.junit.internal.runners.statements.InvokeMethod.evaluate(InvokeMethod.java:17)
	at org.junit.internal.runners.statements.RunBefores.evaluate(RunBefores.java:26)
	at org.junit.internal.runners.statements.RunAfters.evaluate(RunAfters.java:27)
	at org.junit.runners.ParentRunner.runLeaf(ParentRunner.java:271)
	at org.junit.runners.BlockJUnit4ClassRunner.runChild(BlockJUnit4ClassRunner.java:70)
	at org.junit.runners.BlockJUnit4ClassRunner.runChild(BlockJUnit4ClassRunner.java:50)
	at org.junit.runners.ParentRunner$3.run(ParentRunner.java:238)
	at org.junit.runners.ParentRunner$1.schedule(ParentRunner.java:63)
	at org.junit.runners.ParentRunner.runChildren(ParentRunner.java:236)
	at org.junit.runners.ParentRunner.access$000(ParentRunner.java:53)
	at org.junit.runners.ParentRunner$2.evaluate(ParentRunner.java:229)
	at org.junit.runners.ParentRunner.run(ParentRunner.java:309)
	at org.apache.maven.surefire.junit4.JUnit4Provider.execute(JUnit4Provider.java:365)
	at org.apache.maven.surefire.junit4.JUnit4Provider.executeWithRerun(JUnit4Provider.java:273)
	at org.apache.maven.surefire.junit4.JUnit4Provider.executeTestSet(JUnit4Provider.java:238)
	at org.apache.maven.surefire.junit4.JUnit4Provider.invoke(JUnit4Provider.java:159)
	at org.apache.maven.surefire.booter.ForkedBooter.invokeProviderInSameClassLoader(ForkedBooter.java:384)
	at org.apache.maven.surefire.booter.ForkedBooter.runSuitesInProcess(ForkedBooter.java:345)
	at org.apache.maven.surefire.booter.ForkedBooter.execute(ForkedBooter.java:126)
	at org.apache.maven.surefire.booter.ForkedBooter.main(ForkedBooter.java:418)
2019-09-19 21:56:37,470 [main] WARN  io.KeyOutputStream (KeyOutputStream.java:handleException(274)) - Encountered exception java.io.IOException: Unexpected Storage Container Exception: java.io.IOException: Unexpected Storage Container Exception: java.util.concurrent.TimeoutException on the pipeline Pipeline[ Id: 06cd9d9f-d8e1-44af-a6f3-aa581da8becb, Nodes: d895ce11-0052-409f-8af8-4e205bd1ade4{ip: 192.168.157.232, host: pr-hdds-2020-k2m72-150965138, networkLocation: /default-rack, certSerialId: null}aa6381e5-8ca4-4c57-a2f0-4aafa8e23c85{ip: 192.168.157.232, host: pr-hdds-2020-k2m72-150965138, networkLocation: /default-rack, certSerialId: null}c090c4eb-238d-48aa-a1ef-a702d3149c9b{ip: 192.168.157.232, host: pr-hdds-2020-k2m72-150965138, networkLocation: /default-rack, certSerialId: null}, Type:RATIS, Factor:THREE, State:OPEN]. The last committed block length is 0, uncommitted data length is 167 retry count 0
2019-09-19 21:56:37,529 [grpc-default-executor-0] INFO  client.GrpcClientProtocolClient (GrpcClientProtocolClient.java:onNext(264)) - client-7AA208826E9B->bd433f40-6668-460a-8e37-fb009828bf6c: receive RaftClientReply:client-7AA208826E9B->bd433f40-6668-460a-8e37-fb009828bf6c@group-835F16A767BD, cid=218, FAILED org.apache.ratis.protocol.NotLeaderException: Server bd433f40-6668-460a-8e37-fb009828bf6c@group-835F16A767BD is not the leader afea28c8-2167-4e4f-8679-60ec4d623a67:192.168.157.232:39740, logIndex=0, commits[bd433f40-6668-460a-8e37-fb009828bf6c:c0, bcf2dcee-3b1d-45e4-b716-31c033deb895:c0, afea28c8-2167-4e4f-8679-60ec4d623a67:c0]
2019-09-19 21:56:37,702 [grpc-default-executor-0] INFO  client.GrpcClientProtocolClient (GrpcClientProtocolClient.java:onNext(264)) - client-7AA208826E9B->afea28c8-2167-4e4f-8679-60ec4d623a67: receive RaftClientReply:client-7AA208826E9B->afea28c8-2167-4e4f-8679-60ec4d623a67@group-835F16A767BD, cid=218, SUCCESS, logIndex=1, commits[afea28c8-2167-4e4f-8679-60ec4d623a67:c1, bcf2dcee-3b1d-45e4-b716-31c033deb895:c0, bd433f40-6668-460a-8e37-fb009828bf6c:c0]
2019-09-19 21:56:37,727 [grpc-default-executor-8] INFO  client.GrpcClientProtocolClient (GrpcClientProtocolClient.java:onNext(264)) - client-7AA208826E9B->afea28c8-2167-4e4f-8679-60ec4d623a67: receive RaftClientReply:client-7AA208826E9B->afea28c8-2167-4e4f-8679-60ec4d623a67@group-835F16A767BD, cid=219, SUCCESS, logIndex=3, commits[afea28c8-2167-4e4f-8679-60ec4d623a67:c4, bcf2dcee-3b1d-45e4-b716-31c033deb895:c1, bd433f40-6668-460a-8e37-fb009828bf6c:c1]
2019-09-19 21:56:37,759 [grpc-default-executor-8] INFO  client.GrpcClientProtocolClient (GrpcClientProtocolClient.java:onNext(264)) - client-7AA208826E9B->afea28c8-2167-4e4f-8679-60ec4d623a67: receive RaftClientReply:client-7AA208826E9B->afea28c8-2167-4e4f-8679-60ec4d623a67@group-835F16A767BD, cid=220, SUCCESS, logIndex=4, commits[afea28c8-2167-4e4f-8679-60ec4d623a67:c6, bcf2dcee-3b1d-45e4-b716-31c033deb895:c4, bd433f40-6668-460a-8e37-fb009828bf6c:c4]
2019-09-19 21:56:37,762 [main] INFO  ozone.MiniOzoneClusterImpl (MiniOzoneClusterImpl.java:shutdown(312)) - Shutting down the Mini Ozone Cluster
2019-09-19 21:56:37,762 [main] INFO  ozone.MiniOzoneClusterImpl (MiniOzoneClusterImpl.java:stop(327)) - Stopping the Mini Ozone Cluster
2019-09-19 21:56:37,762 [main] INFO  ozone.MiniOzoneClusterImpl (MiniOzoneClusterImpl.java:stop(329)) - Stopping the OzoneManager
2019-09-19 21:56:37,763 [main] INFO  ipc.Server (Server.java:stop(3082)) - Stopping server on 33208
2019-09-19 21:56:37,772 [IPC Server listener on 33208] INFO  ipc.Server (Server.java:run(1185)) - Stopping IPC Server listener on 33208
2019-09-19 21:56:37,774 [main] INFO  ratis.OzoneManagerDoubleBuffer (OzoneManagerDoubleBuffer.java:stop(248)) - Stopping OMDoubleBuffer flush thread
2019-09-19 21:56:37,775 [IPC Server Responder] INFO  ipc.Server (Server.java:run(1319)) - Stopping IPC Server Responder
2019-09-19 21:56:37,777 [OMDoubleBufferFlushThread] INFO  ratis.OzoneManagerDoubleBuffer (OzoneManagerDoubleBuffer.java:flushTransactions(191)) - OMDoubleBuffer flush thread OMDoubleBufferFlushThread is interrupted and will exit. OMDoubleBufferFlushThread
2019-09-19 21:56:37,791 [main] INFO  utils.BackgroundService (BackgroundService.java:shutdown(148)) - Shutting down service KeyDeletingService
2019-09-19 21:56:37,793 [main] INFO  handler.ContextHandler (ContextHandler.java:doStop(910)) - Stopped o.e.j.w.WebAppContext@2fdf22f7{/,null,UNAVAILABLE}{/ozoneManager}
2019-09-19 21:56:37,794 [main] INFO  server.AbstractConnector (AbstractConnector.java:doStop(318)) - Stopped ServerConnector@3a2546d6{HTTP/1.1,[http/1.1]}{0.0.0.0:0}
2019-09-19 21:56:37,794 [main] INFO  handler.ContextHandler (ContextHandler.java:doStop(910)) - Stopped o.e.j.s.ServletContextHandler@200d1a3d{/static,file:///workdir/hadoop-ozone/integration-test/target/test-classes/webapps/static,UNAVAILABLE}
2019-09-19 21:56:37,795 [main] INFO  handler.ContextHandler (ContextHandler.java:doStop(910)) - Stopped o.e.j.s.ServletContextHandler@7f12094d{/logs,file:///workdir/hadoop-ozone/integration-test/target/log,UNAVAILABLE}
2019-09-19 21:56:37,797 [main] INFO  ozone.MiniOzoneClusterImpl (MiniOzoneClusterImpl.java:stop(335)) - Shutting the HddsDatanodes
2019-09-19 21:56:37,954 [grpc-default-executor-0] INFO  client.GrpcClientProtocolClient (GrpcClientProtocolClient.java:onNext(264)) - client-B30C634ADC94->c090c4eb-238d-48aa-a1ef-a702d3149c9b: receive RaftClientReply:client-B30C634ADC94->c090c4eb-238d-48aa-a1ef-a702d3149c9b@group-AA581DA8BECB, cid=217, SUCCESS, logIndex=0, commits[c090c4eb-238d-48aa-a1ef-a702d3149c9b:c6, aa6381e5-8ca4-4c57-a2f0-4aafa8e23c85:c3, d895ce11-0052-409f-8af8-4e205bd1ade4:c6]
2019-09-19 21:56:37,954 [grpc-default-executor-0] INFO  client.GrpcClientProtocolClient (GrpcClientProtocolClient.java:onNext(264)) - client-B30C634ADC94->c090c4eb-238d-48aa-a1ef-a702d3149c9b: receive RaftClientReply:client-B30C634ADC94->c090c4eb-238d-48aa-a1ef-a702d3149c9b@group-AA581DA8BECB, cid=216, SUCCESS, logIndex=0, commits[c090c4eb-238d-48aa-a1ef-a702d3149c9b:c6, aa6381e5-8ca4-4c57-a2f0-4aafa8e23c85:c6, d895ce11-0052-409f-8af8-4e205bd1ade4:c6]
2019-09-19 21:56:38,413 [Datanode State Machine Thread - 0] INFO  statemachine.DatanodeStateMachine (DatanodeStateMachine.java:lambda$startDaemon$0(350)) - Ozone container server started.
2019-09-19 21:56:38,685 [Datanode State Machine Thread - 0] INFO  statemachine.DatanodeStateMachine (DatanodeStateMachine.java:lambda$startDaemon$0(350)) - Ozone container server started.
2019-09-19 21:56:42,469 [EventQueue-StaleNodeForStaleNodeHandler] INFO  node.StaleNodeHandler (StaleNodeHandler.java:onMessage(58)) - Datanode aa6381e5-8ca4-4c57-a2f0-4aafa8e23c85{ip: 192.168.157.232, host: pr-hdds-2020-k2m72-150965138, networkLocation: /default-rack, certSerialId: null} moved to stale state. Finalizing its pipelines [PipelineID=370da7ac-12e7-4260-9bfd-4aa1a672b33b, PipelineID=06cd9d9f-d8e1-44af-a6f3-aa581da8becb]
2019-09-19 21:56:42,470 [EventQueue-StaleNodeForStaleNodeHandler] INFO  pipeline.SCMPipelineManager (SCMPipelineManager.java:finalizeAndDestroyPipeline(315)) - destroying pipeline:Pipeline[ Id: 370da7ac-12e7-4260-9bfd-4aa1a672b33b, Nodes: aa6381e5-8ca4-4c57-a2f0-4aafa8e23c85{ip: 192.168.157.232, host: pr-hdds-2020-k2m72-150965138, networkLocation: /default-rack, certSerialId: null}, Type:RATIS, Factor:ONE, State:OPEN]
2019-09-19 21:56:42,470 [EventQueue-StaleNodeForStaleNodeHandler] INFO  pipeline.PipelineStateManager (PipelineStateManager.java:finalizePipeline(123)) - Pipeline Pipeline[ Id: 370da7ac-12e7-4260-9bfd-4aa1a672b33b, Nodes: aa6381e5-8ca4-4c57-a2f0-4aafa8e23c85{ip: 192.168.157.232, host: pr-hdds-2020-k2m72-150965138, networkLocation: /default-rack, certSerialId: null}, Type:RATIS, Factor:ONE, State:CLOSED] moved to CLOSED state
2019-09-19 21:56:42,471 [EventQueue-StaleNodeForStaleNodeHandler] INFO  pipeline.SCMPipelineManager (SCMPipelineManager.java:finalizeAndDestroyPipeline(315)) - destroying pipeline:Pipeline[ Id: 06cd9d9f-d8e1-44af-a6f3-aa581da8becb, Nodes: d895ce11-0052-409f-8af8-4e205bd1ade4{ip: 192.168.157.232, host: pr-hdds-2020-k2m72-150965138, networkLocation: /default-rack, certSerialId: null}aa6381e5-8ca4-4c57-a2f0-4aafa8e23c85{ip: 192.168.157.232, host: pr-hdds-2020-k2m72-150965138, networkLocation: /default-rack, certSerialId: null}c090c4eb-238d-48aa-a1ef-a702d3149c9b{ip: 192.168.157.232, host: pr-hdds-2020-k2m72-150965138, networkLocation: /default-rack, certSerialId: null}, Type:RATIS, Factor:THREE, State:OPEN]
2019-09-19 21:56:42,471 [EventQueue-StaleNodeForStaleNodeHandler] INFO  pipeline.PipelineStateManager (PipelineStateManager.java:finalizePipeline(123)) - Pipeline Pipeline[ Id: 06cd9d9f-d8e1-44af-a6f3-aa581da8becb, Nodes: d895ce11-0052-409f-8af8-4e205bd1ade4{ip: 192.168.157.232, host: pr-hdds-2020-k2m72-150965138, networkLocation: /default-rack, certSerialId: null}aa6381e5-8ca4-4c57-a2f0-4aafa8e23c85{ip: 192.168.157.232, host: pr-hdds-2020-k2m72-150965138, networkLocation: /default-rack, certSerialId: null}c090c4eb-238d-48aa-a1ef-a702d3149c9b{ip: 192.168.157.232, host: pr-hdds-2020-k2m72-150965138, networkLocation: /default-rack, certSerialId: null}, Type:RATIS, Factor:THREE, State:CLOSED] moved to CLOSED state
2019-09-19 21:56:42,472 [EventQueue-CloseContainerForCloseContainerEventHandler] INFO  container.CloseContainerEventHandler (CloseContainerEventHandler.java:onMessage(61)) - Close container Event triggered for container : #1
2019-09-19 21:56:42,769 [EventQueue-StaleNodeForStaleNodeHandler] INFO  node.StaleNodeHandler (StaleNodeHandler.java:onMessage(58)) - Datanode bcf2dcee-3b1d-45e4-b716-31c033deb895{ip: 192.168.157.232, host: pr-hdds-2020-k2m72-150965138, networkLocation: /default-rack, certSerialId: null} moved to stale state. Finalizing its pipelines [PipelineID=7507ccc0-397d-430d-85d1-835f16a767bd, PipelineID=532e2d0d-7ca1-48eb-b729-9f0b37419f64]
2019-09-19 21:56:42,774 [EventQueue-StaleNodeForStaleNodeHandler] INFO  pipeline.SCMPipelineManager (SCMPipelineManager.java:finalizeAndDestroyPipeline(315)) - destroying pipeline:Pipeline[ Id: 7507ccc0-397d-430d-85d1-835f16a767bd, Nodes: bd433f40-6668-460a-8e37-fb009828bf6c{ip: 192.168.157.232, host: pr-hdds-2020-k2m72-150965138, networkLocation: /default-rack, certSerialId: null}bcf2dcee-3b1d-45e4-b716-31c033deb895{ip: 192.168.157.232, host: pr-hdds-2020-k2m72-150965138, networkLocation: /default-rack, certSerialId: null}afea28c8-2167-4e4f-8679-60ec4d623a67{ip: 192.168.157.232, host: pr-hdds-2020-k2m72-150965138, networkLocation: /default-rack, certSerialId: null}, Type:RATIS, Factor:THREE, State:OPEN]
2019-09-19 21:56:42,775 [EventQueue-StaleNodeForStaleNodeHandler] INFO  pipeline.PipelineStateManager (PipelineStateManager.java:finalizePipeline(123)) - Pipeline Pipeline[ Id: 7507ccc0-397d-430d-85d1-835f16a767bd, Nodes: bd433f40-6668-460a-8e37-fb009828bf6c{ip: 192.168.157.232, host: pr-hdds-2020-k2m72-150965138, networkLocation: /default-rack, certSerialId: null}bcf2dcee-3b1d-45e4-b716-31c033deb895{ip: 192.168.157.232, host: pr-hdds-2020-k2m72-150965138, networkLocation: /default-rack, certSerialId: null}afea28c8-2167-4e4f-8679-60ec4d623a67{ip: 192.168.157.232, host: pr-hdds-2020-k2m72-150965138, networkLocation: /default-rack, certSerialId: null}, Type:RATIS, Factor:THREE, State:CLOSED] moved to CLOSED state
2019-09-19 21:56:42,775 [EventQueue-CloseContainerForCloseContainerEventHandler] INFO  container.CloseContainerEventHandler (CloseContainerEventHandler.java:onMessage(61)) - Close container Event triggered for container : #2
2019-09-19 21:56:42,775 [EventQueue-StaleNodeForStaleNodeHandler] INFO  pipeline.SCMPipelineManager (SCMPipelineManager.java:finalizeAndDestroyPipeline(315)) - destroying pipeline:Pipeline[ Id: 532e2d0d-7ca1-48eb-b729-9f0b37419f64, Nodes: bcf2dcee-3b1d-45e4-b716-31c033deb895{ip: 192.168.157.232, host: pr-hdds-2020-k2m72-150965138, networkLocation: /default-rack, certSerialId: null}, Type:RATIS, Factor:ONE, State:OPEN]
2019-09-19 21:56:42,782 [EventQueue-StaleNodeForStaleNodeHandler] INFO  pipeline.PipelineStateManager (PipelineStateManager.java:finalizePipeline(123)) - Pipeline Pipeline[ Id: 532e2d0d-7ca1-48eb-b729-9f0b37419f64, Nodes: bcf2dcee-3b1d-45e4-b716-31c033deb895{ip: 192.168.157.232, host: pr-hdds-2020-k2m72-150965138, networkLocation: /default-rack, certSerialId: null}, Type:RATIS, Factor:ONE, State:CLOSED] moved to CLOSED state
2019-09-19 21:56:42,798 [main] INFO  ozoneimpl.OzoneContainer (OzoneContainer.java:stop(231)) - Attempting to stop container services.
2019-09-19 21:56:42,798 [ForkJoinPool.commonPool-worker-0] INFO  ozoneimpl.OzoneContainer (OzoneContainer.java:stop(231)) - Attempting to stop container services.
2019-09-19 21:56:42,800 [main] INFO  impl.RaftServerProxy (RaftServerProxy.java:lambda$close$4(314)) - bcf2dcee-3b1d-45e4-b716-31c033deb895: close
2019-09-19 21:56:42,800 [ForkJoinPool.commonPool-worker-0] INFO  impl.RaftServerProxy (RaftServerProxy.java:lambda$close$4(314)) - aa6381e5-8ca4-4c57-a2f0-4aafa8e23c85: close
2019-09-19 21:56:42,800 [main] INFO  impl.RaftServerImpl (RaftServerImpl.java:lambda$shutdown$3(251)) - bcf2dcee-3b1d-45e4-b716-31c033deb895@group-835F16A767BD: shutdown
2019-09-19 21:56:42,800 [ForkJoinPool.commonPool-worker-0] INFO  impl.RaftServerImpl (RaftServerImpl.java:lambda$shutdown$3(251)) - aa6381e5-8ca4-4c57-a2f0-4aafa8e23c85@group-4AA1A672B33B: shutdown
2019-09-19 21:56:42,801 [main] INFO  util.JmxRegister (JmxRegister.java:unregister(73)) - Successfully un-registered JMX Bean with object name Ratis:service=RaftServer,group=group-835F16A767BD,id=bcf2dcee-3b1d-45e4-b716-31c033deb895
2019-09-19 21:56:42,801 [ForkJoinPool.commonPool-worker-0] INFO  util.JmxRegister (JmxRegister.java:unregister(73)) - Successfully un-registered JMX Bean with object name Ratis:service=RaftServer,group=group-4AA1A672B33B,id=aa6381e5-8ca4-4c57-a2f0-4aafa8e23c85
2019-09-19 21:56:42,801 [main] INFO  impl.RoleInfo (RoleInfo.java:shutdownFollowerState(121)) - bcf2dcee-3b1d-45e4-b716-31c033deb895: shutdown FollowerState
2019-09-19 21:56:42,802 [ForkJoinPool.commonPool-worker-0] INFO  impl.RoleInfo (RoleInfo.java:shutdownLeaderState(104)) - aa6381e5-8ca4-4c57-a2f0-4aafa8e23c85: shutdown LeaderState
2019-09-19 21:56:42,802 [main] INFO  impl.StateMachineUpdater (StateMachineUpdater.java:stopAndJoin(125)) - bcf2dcee-3b1d-45e4-b716-31c033deb895@group-835F16A767BD-StateMachineUpdater: set stopIndex = 6
2019-09-19 21:56:42,802 [bcf2dcee-3b1d-45e4-b716-31c033deb895@group-835F16A767BD-StateMachineUpdater] INFO  ratis.ContainerStateMachine (ContainerStateMachine.java:takeSnapshot(289)) - group-835F16A767BD: Taking a snapshot at:(t:1, i:4) file /workdir/hadoop-ozone/integration-test/target/test-dir/MiniOzoneClusterImpl-7574fd73-fa3b-42f5-86a6-8b7eb4322844/datanode-4/data/ratis/7507ccc0-397d-430d-85d1-835f16a767bd/sm/snapshot.1_4
2019-09-19 21:56:42,802 [ForkJoinPool.commonPool-worker-0] INFO  impl.PendingRequests (PendingRequests.java:sendNotLeaderResponses(202)) - aa6381e5-8ca4-4c57-a2f0-4aafa8e23c85-PendingRequests: sendNotLeaderResponses
2019-09-19 21:56:42,802 [Thread-3637] INFO  impl.FollowerState (FollowerState.java:run(115)) - bcf2dcee-3b1d-45e4-b716-31c033deb895: FollowerState was interrupted: java.lang.InterruptedException: sleep interrupted
2019-09-19 21:56:42,805 [ForkJoinPool.commonPool-worker-0] INFO  impl.StateMachineUpdater (StateMachineUpdater.java:stopAndJoin(125)) - aa6381e5-8ca4-4c57-a2f0-4aafa8e23c85@group-4AA1A672B33B-StateMachineUpdater: set stopIndex = 0
2019-09-19 21:56:42,806 [ForkJoinPool.commonPool-worker-0] INFO  impl.RaftServerImpl (ServerState.java:close(385)) - aa6381e5-8ca4-4c57-a2f0-4aafa8e23c85@group-4AA1A672B33B: closes. applyIndex: 0
2019-09-19 21:56:42,806 [aa6381e5-8ca4-4c57-a2f0-4aafa8e23c85@group-4AA1A672B33B-SegmentedRaftLogWorker] INFO  segmented.SegmentedRaftLogWorker (SegmentedRaftLogWorker.java:run(313)) - aa6381e5-8ca4-4c57-a2f0-4aafa8e23c85@group-4AA1A672B33B-SegmentedRaftLogWorker was interrupted, exiting. There are 0 tasks remaining in the queue.
2019-09-19 21:56:42,808 [ForkJoinPool.commonPool-worker-0] INFO  segmented.SegmentedRaftLogWorker (SegmentedRaftLogWorker.java:close(228)) - aa6381e5-8ca4-4c57-a2f0-4aafa8e23c85@group-4AA1A672B33B-SegmentedRaftLogWorker close()
2019-09-19 21:56:42,812 [ForkJoinPool.commonPool-worker-0] INFO  impl.RaftServerImpl (RaftServerImpl.java:lambda$shutdown$3(251)) - aa6381e5-8ca4-4c57-a2f0-4aafa8e23c85@group-AA581DA8BECB: shutdown
2019-09-19 21:56:42,812 [ForkJoinPool.commonPool-worker-0] INFO  util.JmxRegister (JmxRegister.java:unregister(73)) - Successfully un-registered JMX Bean with object name Ratis:service=RaftServer,group=group-AA581DA8BECB,id=aa6381e5-8ca4-4c57-a2f0-4aafa8e23c85
2019-09-19 21:56:42,812 [ForkJoinPool.commonPool-worker-0] INFO  impl.RoleInfo (RoleInfo.java:shutdownFollowerState(121)) - aa6381e5-8ca4-4c57-a2f0-4aafa8e23c85: shutdown FollowerState
2019-09-19 21:56:42,812 [ForkJoinPool.commonPool-worker-0] INFO  impl.StateMachineUpdater (StateMachineUpdater.java:stopAndJoin(125)) - aa6381e5-8ca4-4c57-a2f0-4aafa8e23c85@group-AA581DA8BECB-StateMachineUpdater: set stopIndex = 6
2019-09-19 21:56:42,812 [Thread-3672] INFO  impl.FollowerState (FollowerState.java:run(115)) - aa6381e5-8ca4-4c57-a2f0-4aafa8e23c85: FollowerState was interrupted: java.lang.InterruptedException: sleep interrupted
2019-09-19 21:56:42,814 [aa6381e5-8ca4-4c57-a2f0-4aafa8e23c85@group-AA581DA8BECB-StateMachineUpdater] INFO  ratis.ContainerStateMachine (ContainerStateMachine.java:takeSnapshot(289)) - group-AA581DA8BECB: Taking a snapshot at:(t:2, i:6) file /workdir/hadoop-ozone/integration-test/target/test-dir/MiniOzoneClusterImpl-7574fd73-fa3b-42f5-86a6-8b7eb4322844/datanode-1/data/ratis/06cd9d9f-d8e1-44af-a6f3-aa581da8becb/sm/snapshot.2_6
2019-09-19 21:56:42,830 [bcf2dcee-3b1d-45e4-b716-31c033deb895@group-835F16A767BD-StateMachineUpdater] INFO  ratis.ContainerStateMachine (ContainerStateMachine.java:takeSnapshot(300)) - group-835F16A767BD: Finished taking a snapshot at:(t:1, i:4) file:/workdir/hadoop-ozone/integration-test/target/test-dir/MiniOzoneClusterImpl-7574fd73-fa3b-42f5-86a6-8b7eb4322844/datanode-4/data/ratis/7507ccc0-397d-430d-85d1-835f16a767bd/sm/snapshot.1_4 time:28
2019-09-19 21:56:42,830 [aa6381e5-8ca4-4c57-a2f0-4aafa8e23c85@group-AA581DA8BECB-StateMachineUpdater] INFO  ratis.ContainerStateMachine (ContainerStateMachine.java:takeSnapshot(300)) - group-AA581DA8BECB: Finished taking a snapshot at:(t:2, i:6) file:/workdir/hadoop-ozone/integration-test/target/test-dir/MiniOzoneClusterImpl-7574fd73-fa3b-42f5-86a6-8b7eb4322844/datanode-1/data/ratis/06cd9d9f-d8e1-44af-a6f3-aa581da8becb/sm/snapshot.2_6 time:18
2019-09-19 21:56:42,831 [bcf2dcee-3b1d-45e4-b716-31c033deb895@group-835F16A767BD-StateMachineUpdater] INFO  impl.StateMachineUpdater (StateMachineUpdater.java:takeSnapshot(258)) - bcf2dcee-3b1d-45e4-b716-31c033deb895@group-835F16A767BD-StateMachineUpdater: Took a snapshot at index 4
2019-09-19 21:56:42,831 [aa6381e5-8ca4-4c57-a2f0-4aafa8e23c85@group-AA581DA8BECB-StateMachineUpdater] INFO  impl.StateMachineUpdater (StateMachineUpdater.java:takeSnapshot(258)) - aa6381e5-8ca4-4c57-a2f0-4aafa8e23c85@group-AA581DA8BECB-StateMachineUpdater: Took a snapshot at index 6
2019-09-19 21:56:42,831 [bcf2dcee-3b1d-45e4-b716-31c033deb895@group-835F16A767BD-StateMachineUpdater] INFO  impl.StateMachineUpdater (StateMachineUpdater.java:lambda$new$0(83)) - bcf2dcee-3b1d-45e4-b716-31c033deb895@group-835F16A767BD-StateMachineUpdater: snapshotIndex: updateIncreasingly -1 -> 4
2019-09-19 21:56:42,831 [aa6381e5-8ca4-4c57-a2f0-4aafa8e23c85@group-AA581DA8BECB-StateMachineUpdater] INFO  impl.StateMachineUpdater (StateMachineUpdater.java:lambda$new$0(83)) - aa6381e5-8ca4-4c57-a2f0-4aafa8e23c85@group-AA581DA8BECB-StateMachineUpdater: snapshotIndex: updateIncreasingly -1 -> 6
2019-09-19 21:56:42,832 [bcf2dcee-3b1d-45e4-b716-31c033deb895@group-835F16A767BD-StateMachineUpdater] INFO  ratis.ContainerStateMachine (ContainerStateMachine.java:takeSnapshot(289)) - group-835F16A767BD: Taking a snapshot at:(t:1, i:4) file /workdir/hadoop-ozone/integration-test/target/test-dir/MiniOzoneClusterImpl-7574fd73-fa3b-42f5-86a6-8b7eb4322844/datanode-4/data/ratis/7507ccc0-397d-430d-85d1-835f16a767bd/sm/snapshot.1_4
2019-09-19 21:56:42,832 [ForkJoinPool.commonPool-worker-0] INFO  impl.RaftServerImpl (ServerState.java:close(385)) - aa6381e5-8ca4-4c57-a2f0-4aafa8e23c85@group-AA581DA8BECB: closes. applyIndex: 6
2019-09-19 21:56:42,832 [aa6381e5-8ca4-4c57-a2f0-4aafa8e23c85@group-AA581DA8BECB-SegmentedRaftLogWorker] INFO  segmented.SegmentedRaftLogWorker (SegmentedRaftLogWorker.java:run(313)) - aa6381e5-8ca4-4c57-a2f0-4aafa8e23c85@group-AA581DA8BECB-SegmentedRaftLogWorker was interrupted, exiting. There are 0 tasks remaining in the queue.
2019-09-19 21:56:42,834 [ForkJoinPool.commonPool-worker-0] INFO  segmented.SegmentedRaftLogWorker (SegmentedRaftLogWorker.java:close(228)) - aa6381e5-8ca4-4c57-a2f0-4aafa8e23c85@group-AA581DA8BECB-SegmentedRaftLogWorker close()
2019-09-19 21:56:42,838 [ForkJoinPool.commonPool-worker-0] INFO  server.GrpcService (GrpcService.java:closeImpl(164)) - aa6381e5-8ca4-4c57-a2f0-4aafa8e23c85: shutdown server with port 37173 now
2019-09-19 21:56:42,839 [grpc-default-executor-0] WARN  server.GrpcServerProtocolService (LogUtils.java:warn(134)) - aa6381e5-8ca4-4c57-a2f0-4aafa8e23c85: installSnapshot onError, lastRequest: c090c4eb-238d-48aa-a1ef-a702d3149c9b->aa6381e5-8ca4-4c57-a2f0-4aafa8e23c85#9-t2, previous=(t:2, i:6), leaderCommit=6, initializing? false, entries: <empty>: org.apache.ratis.thirdparty.io.grpc.StatusRuntimeException: CANCELLED: cancelled before receiving half close
2019-09-19 21:56:42,840 [ForkJoinPool.commonPool-worker-0] INFO  server.GrpcService (GrpcService.java:closeImpl(172)) - aa6381e5-8ca4-4c57-a2f0-4aafa8e23c85: shutdown server with port 37173 successfully
2019-09-19 21:56:42,840 [grpc-default-executor-7] WARN  server.GrpcLogAppender (LogUtils.java:warn(134)) - c090c4eb-238d-48aa-a1ef-a702d3149c9b@group-AA581DA8BECB->aa6381e5-8ca4-4c57-a2f0-4aafa8e23c85-AppendLogResponseHandler: Failed appendEntries: org.apache.ratis.thirdparty.io.grpc.StatusRuntimeException: CANCELLED: HTTP/2 error code: CANCEL
Received Rst Stream
2019-09-19 21:56:42,840 [grpc-default-executor-7] INFO  impl.FollowerInfo (FollowerInfo.java:lambda$new$0(51)) - c090c4eb-238d-48aa-a1ef-a702d3149c9b@group-AA581DA8BECB->aa6381e5-8ca4-4c57-a2f0-4aafa8e23c85: nextIndex: updateUnconditionally 7 -> 6
2019-09-19 21:56:42,843 [refreshUsed-/workdir/hadoop-ozone/integration-test/target/test-dir/MiniOzoneClusterImpl-7574fd73-fa3b-42f5-86a6-8b7eb4322844/datanode-1/data/containers] WARN  fs.CachingGetSpaceUsed (CachingGetSpaceUsed.java:run(183)) - Thread Interrupted waiting to refresh disk information: sleep interrupted
2019-09-19 21:56:42,856 [bcf2dcee-3b1d-45e4-b716-31c033deb895@group-835F16A767BD-StateMachineUpdater] INFO  ratis.ContainerStateMachine (ContainerStateMachine.java:takeSnapshot(300)) - group-835F16A767BD: Finished taking a snapshot at:(t:1, i:4) file:/workdir/hadoop-ozone/integration-test/target/test-dir/MiniOzoneClusterImpl-7574fd73-fa3b-42f5-86a6-8b7eb4322844/datanode-4/data/ratis/7507ccc0-397d-430d-85d1-835f16a767bd/sm/snapshot.1_4 time:25
2019-09-19 21:56:42,857 [bcf2dcee-3b1d-45e4-b716-31c033deb895@group-835F16A767BD-StateMachineUpdater] INFO  impl.StateMachineUpdater (StateMachineUpdater.java:takeSnapshot(258)) - bcf2dcee-3b1d-45e4-b716-31c033deb895@group-835F16A767BD-StateMachineUpdater: Took a snapshot at index 4
2019-09-19 21:56:42,857 [bcf2dcee-3b1d-45e4-b716-31c033deb895@group-835F16A767BD-StateMachineUpdater] INFO  impl.StateMachineUpdater (StateMachineUpdater.java:lambda$new$0(83)) - bcf2dcee-3b1d-45e4-b716-31c033deb895@group-835F16A767BD-StateMachineUpdater: snapshotIndex: updateIncreasingly 4 -> 4
2019-09-19 21:56:42,857 [main] INFO  impl.RaftServerImpl (ServerState.java:close(385)) - bcf2dcee-3b1d-45e4-b716-31c033deb895@group-835F16A767BD: closes. applyIndex: 6
2019-09-19 21:56:42,858 [bcf2dcee-3b1d-45e4-b716-31c033deb895@group-835F16A767BD-SegmentedRaftLogWorker] INFO  segmented.SegmentedRaftLogWorker (SegmentedRaftLogWorker.java:run(313)) - bcf2dcee-3b1d-45e4-b716-31c033deb895@group-835F16A767BD-SegmentedRaftLogWorker was interrupted, exiting. There are 0 tasks remaining in the queue.
2019-09-19 21:56:42,858 [ForkJoinPool.commonPool-worker-0] INFO  utils.BackgroundService (BackgroundService.java:shutdown(148)) - Shutting down service BlockDeletingService
2019-09-19 21:56:42,860 [main] INFO  segmented.SegmentedRaftLogWorker (SegmentedRaftLogWorker.java:close(228)) - bcf2dcee-3b1d-45e4-b716-31c033deb895@group-835F16A767BD-SegmentedRaftLogWorker close()
2019-09-19 21:56:42,878 [main] INFO  impl.RaftServerImpl (RaftServerImpl.java:lambda$shutdown$3(251)) - bcf2dcee-3b1d-45e4-b716-31c033deb895@group-9F0B37419F64: shutdown
2019-09-19 21:56:42,878 [main] INFO  util.JmxRegister (JmxRegister.java:unregister(73)) - Successfully un-registered JMX Bean with object name Ratis:service=RaftServer,group=group-9F0B37419F64,id=bcf2dcee-3b1d-45e4-b716-31c033deb895
2019-09-19 21:56:42,880 [ForkJoinPool.commonPool-worker-0] INFO  statemachine.DatanodeStateMachine (DatanodeStateMachine.java:stopDaemon(395)) - Ozone container server stopped.
2019-09-19 21:56:42,881 [main] INFO  impl.RoleInfo (RoleInfo.java:shutdownLeaderState(104)) - bcf2dcee-3b1d-45e4-b716-31c033deb895: shutdown LeaderState
2019-09-19 21:56:42,887 [main] INFO  impl.PendingRequests (PendingRequests.java:sendNotLeaderResponses(202)) - bcf2dcee-3b1d-45e4-b716-31c033deb895-PendingRequests: sendNotLeaderResponses
2019-09-19 21:56:42,890 [main] INFO  impl.StateMachineUpdater (StateMachineUpdater.java:stopAndJoin(125)) - bcf2dcee-3b1d-45e4-b716-31c033deb895@group-9F0B37419F64-StateMachineUpdater: set stopIndex = 0
2019-09-19 21:56:42,890 [ForkJoinPool.commonPool-worker-0] INFO  handler.ContextHandler (ContextHandler.java:doStop(910)) - Stopped o.e.j.w.WebAppContext@19eea77c{/,null,UNAVAILABLE}{/hddsDatanode}
2019-09-19 21:56:42,890 [main] INFO  impl.RaftServerImpl (ServerState.java:close(385)) - bcf2dcee-3b1d-45e4-b716-31c033deb895@group-9F0B37419F64: closes. applyIndex: 0
2019-09-19 21:56:42,891 [bcf2dcee-3b1d-45e4-b716-31c033deb895@group-9F0B37419F64-SegmentedRaftLogWorker] INFO  segmented.SegmentedRaftLogWorker (SegmentedRaftLogWorker.java:run(313)) - bcf2dcee-3b1d-45e4-b716-31c033deb895@group-9F0B37419F64-SegmentedRaftLogWorker was interrupted, exiting. There are 0 tasks remaining in the queue.
2019-09-19 21:56:42,894 [main] INFO  segmented.SegmentedRaftLogWorker (SegmentedRaftLogWorker.java:close(228)) - bcf2dcee-3b1d-45e4-b716-31c033deb895@group-9F0B37419F64-SegmentedRaftLogWorker close()
2019-09-19 21:56:42,894 [ForkJoinPool.commonPool-worker-0] INFO  server.AbstractConnector (AbstractConnector.java:doStop(318)) - Stopped ServerConnector@6682e6a5{HTTP/1.1,[http/1.1]}{0.0.0.0:0}
2019-09-19 21:56:42,899 [main] INFO  server.GrpcService (GrpcService.java:closeImpl(164)) - bcf2dcee-3b1d-45e4-b716-31c033deb895: shutdown server with port 34727 now
2019-09-19 21:56:42,908 [ForkJoinPool.commonPool-worker-0] INFO  handler.ContextHandler (ContextHandler.java:doStop(910)) - Stopped o.e.j.s.ServletContextHandler@26d0ece6{/static,jar:file:/home/user/.m2/repository/org/apache/hadoop/hadoop-hdds-container-service/0.5.0-SNAPSHOT/hadoop-hdds-container-service-0.5.0-SNAPSHOT.jar!/webapps/static,UNAVAILABLE}
2019-09-19 21:56:42,909 [ForkJoinPool.commonPool-worker-0] INFO  handler.ContextHandler (ContextHandler.java:doStop(910)) - Stopped o.e.j.s.ServletContextHandler@3b6c2be6{/logs,file:///workdir/hadoop-ozone/integration-test/target/log,UNAVAILABLE}
2019-09-19 21:56:42,909 [grpc-default-executor-7] WARN  server.GrpcServerProtocolService (LogUtils.java:warn(134)) - bcf2dcee-3b1d-45e4-b716-31c033deb895: installSnapshot onError, lastRequest: afea28c8-2167-4e4f-8679-60ec4d623a67->bcf2dcee-3b1d-45e4-b716-31c033deb895#12-t1, previous=(t:1, i:6), leaderCommit=6, initializing? false, entries: <empty>: org.apache.ratis.thirdparty.io.grpc.StatusRuntimeException: CANCELLED: cancelled before receiving half close
2019-09-19 21:56:42,909 [main] INFO  server.GrpcService (GrpcService.java:closeImpl(172)) - bcf2dcee-3b1d-45e4-b716-31c033deb895: shutdown server with port 34727 successfully
2019-09-19 21:56:42,910 [grpc-default-executor-8] WARN  server.GrpcLogAppender (LogUtils.java:warn(134)) - afea28c8-2167-4e4f-8679-60ec4d623a67@group-835F16A767BD->bcf2dcee-3b1d-45e4-b716-31c033deb895-AppendLogResponseHandler: Failed appendEntries: org.apache.ratis.thirdparty.io.grpc.StatusRuntimeException: CANCELLED: HTTP/2 error code: CANCEL
Received Rst Stream
2019-09-19 21:56:42,910 [grpc-default-executor-8] INFO  impl.FollowerInfo (FollowerInfo.java:lambda$new$0(51)) - afea28c8-2167-4e4f-8679-60ec4d623a67@group-835F16A767BD->bcf2dcee-3b1d-45e4-b716-31c033deb895: nextIndex: updateUnconditionally 7 -> 6
2019-09-19 21:56:42,913 [refreshUsed-/workdir/hadoop-ozone/integration-test/target/test-dir/MiniOzoneClusterImpl-7574fd73-fa3b-42f5-86a6-8b7eb4322844/datanode-4/data/containers] WARN  fs.CachingGetSpaceUsed (CachingGetSpaceUsed.java:run(183)) - Thread Interrupted waiting to refresh disk information: sleep interrupted
2019-09-19 21:56:42,929 [main] INFO  utils.BackgroundService (BackgroundService.java:shutdown(148)) - Shutting down service BlockDeletingService
2019-09-19 21:56:42,934 [main] INFO  statemachine.DatanodeStateMachine (DatanodeStateMachine.java:stopDaemon(395)) - Ozone container server stopped.
2019-09-19 21:56:42,935 [main] INFO  handler.ContextHandler (ContextHandler.java:doStop(910)) - Stopped o.e.j.w.WebAppContext@28554ac8{/,null,UNAVAILABLE}{/hddsDatanode}
2019-09-19 21:56:42,935 [main] INFO  server.AbstractConnector (AbstractConnector.java:doStop(318)) - Stopped ServerConnector@72224107{HTTP/1.1,[http/1.1]}{0.0.0.0:0}
2019-09-19 21:56:42,936 [main] INFO  handler.ContextHandler (ContextHandler.java:doStop(910)) - Stopped o.e.j.s.ServletContextHandler@713999c2{/static,jar:file:/home/user/.m2/repository/org/apache/hadoop/hadoop-hdds-container-service/0.5.0-SNAPSHOT/hadoop-hdds-container-service-0.5.0-SNAPSHOT.jar!/webapps/static,UNAVAILABLE}
2019-09-19 21:56:42,936 [main] INFO  handler.ContextHandler (ContextHandler.java:doStop(910)) - Stopped o.e.j.s.ServletContextHandler@7574d4ad{/logs,file:///workdir/hadoop-ozone/integration-test/target/log,UNAVAILABLE}
2019-09-19 21:56:42,953 [grpc-default-executor-8] WARN  server.GrpcLogAppender (LogUtils.java:warn(134)) - c090c4eb-238d-48aa-a1ef-a702d3149c9b@group-AA581DA8BECB->aa6381e5-8ca4-4c57-a2f0-4aafa8e23c85-AppendLogResponseHandler: Failed appendEntries: org.apache.ratis.thirdparty.io.grpc.StatusRuntimeException: UNAVAILABLE: io exception
2019-09-19 21:56:42,953 [grpc-default-executor-8] INFO  impl.FollowerInfo (FollowerInfo.java:lambda$new$0(51)) - c090c4eb-238d-48aa-a1ef-a702d3149c9b@group-AA581DA8BECB->aa6381e5-8ca4-4c57-a2f0-4aafa8e23c85: nextIndex: updateUnconditionally 6 -> 5
2019-09-19 21:56:43,414 [Datanode State Machine Thread - 0] INFO  statemachine.DatanodeStateMachine (DatanodeStateMachine.java:lambda$startDaemon$0(350)) - Ozone container server started.
2019-09-19 21:56:43,686 [Datanode State Machine Thread - 0] INFO  statemachine.DatanodeStateMachine (DatanodeStateMachine.java:lambda$startDaemon$0(350)) - Ozone container server started.
2019-09-19 21:56:44,437 [grpc-default-executor-0] WARN  server.GrpcLogAppender (LogUtils.java:warn(134)) - c090c4eb-238d-48aa-a1ef-a702d3149c9b@group-AA581DA8BECB->aa6381e5-8ca4-4c57-a2f0-4aafa8e23c85-AppendLogResponseHandler: Failed appendEntries: org.apache.ratis.thirdparty.io.grpc.StatusRuntimeException: UNAVAILABLE: io exception
2019-09-19 21:56:44,438 [grpc-default-executor-0] INFO  impl.FollowerInfo (FollowerInfo.java:lambda$new$0(51)) - c090c4eb-238d-48aa-a1ef-a702d3149c9b@group-AA581DA8BECB->aa6381e5-8ca4-4c57-a2f0-4aafa8e23c85: nextIndex: updateUnconditionally 6 -> 5
2019-09-19 21:56:44,450 [grpc-default-executor-8] WARN  server.GrpcLogAppender (LogUtils.java:warn(134)) - c090c4eb-238d-48aa-a1ef-a702d3149c9b@group-AA581DA8BECB->aa6381e5-8ca4-4c57-a2f0-4aafa8e23c85-AppendLogResponseHandler: Failed appendEntries: org.apache.ratis.thirdparty.io.grpc.StatusRuntimeException: UNAVAILABLE: io exception
2019-09-19 21:56:44,450 [grpc-default-executor-8] INFO  impl.FollowerInfo (FollowerInfo.java:lambda$new$0(51)) - c090c4eb-238d-48aa-a1ef-a702d3149c9b@group-AA581DA8BECB->aa6381e5-8ca4-4c57-a2f0-4aafa8e23c85: nextIndex: updateUnconditionally 6 -> 5
2019-09-19 21:56:44,464 [grpc-default-executor-0] WARN  server.GrpcLogAppender (LogUtils.java:warn(134)) - c090c4eb-238d-48aa-a1ef-a702d3149c9b@group-AA581DA8BECB->aa6381e5-8ca4-4c57-a2f0-4aafa8e23c85-AppendLogResponseHandler: Failed appendEntries: org.apache.ratis.thirdparty.io.grpc.StatusRuntimeException: UNAVAILABLE: io exception
2019-09-19 21:56:44,464 [grpc-default-executor-0] INFO  impl.FollowerInfo (FollowerInfo.java:lambda$new$0(51)) - c090c4eb-238d-48aa-a1ef-a702d3149c9b@group-AA581DA8BECB->aa6381e5-8ca4-4c57-a2f0-4aafa8e23c85: nextIndex: updateUnconditionally 6 -> 5
2019-09-19 21:56:44,486 [RatisApplyTransactionExecutor 1] INFO  interfaces.Container (KeyValueContainer.java:flushAndSyncDB(386)) - Container 1 is synced with bcsId 4.
2019-09-19 21:56:44,486 [RatisApplyTransactionExecutor 1] INFO  interfaces.Container (KeyValueContainer.java:flushAndSyncDB(386)) - Container 1 is synced with bcsId 4.
2019-09-19 21:56:44,512 [RatisApplyTransactionExecutor 1] INFO  interfaces.Container (KeyValueContainer.java:flushAndSyncDB(386)) - Container 1 is synced with bcsId 4.
2019-09-19 21:56:44,513 [RatisApplyTransactionExecutor 1] INFO  interfaces.Container (KeyValueContainer.java:flushAndSyncDB(386)) - Container 1 is synced with bcsId 4.
2019-09-19 21:56:44,513 [RatisApplyTransactionExecutor 1] INFO  interfaces.Container (KeyValueContainer.java:close(335)) - Container 1 is closed with bcsId 4.
2019-09-19 21:56:44,514 [EventQueue-IncrementalContainerReportForIncrementalContainerReportHandler] INFO  container.IncrementalContainerReportHandler (AbstractContainerReportHandler.java:updateContainerState(176)) - Moving container #1 to CLOSED state, datanode c090c4eb-238d-48aa-a1ef-a702d3149c9b{ip: 192.168.157.232, host: pr-hdds-2020-k2m72-150965138, networkLocation: /default-rack, certSerialId: null} reported CLOSED replica.
2019-09-19 21:56:44,528 [RatisApplyTransactionExecutor 1] INFO  interfaces.Container (KeyValueContainer.java:close(335)) - Container 1 is closed with bcsId 4.
2019-09-19 21:56:45,252 [grpc-default-executor-0] WARN  server.GrpcLogAppender (LogUtils.java:warn(134)) - afea28c8-2167-4e4f-8679-60ec4d623a67@group-835F16A767BD->bcf2dcee-3b1d-45e4-b716-31c033deb895-AppendLogResponseHandler: Failed appendEntries: org.apache.ratis.thirdparty.io.grpc.StatusRuntimeException: UNAVAILABLE: io exception
2019-09-19 21:56:45,253 [grpc-default-executor-0] INFO  impl.FollowerInfo (FollowerInfo.java:lambda$new$0(51)) - afea28c8-2167-4e4f-8679-60ec4d623a67@group-835F16A767BD->bcf2dcee-3b1d-45e4-b716-31c033deb895: nextIndex: updateUnconditionally 6 -> 5
2019-09-19 21:56:46,966 [grpc-default-executor-8] WARN  server.GrpcLogAppender (LogUtils.java:warn(134)) - c090c4eb-238d-48aa-a1ef-a702d3149c9b@group-AA581DA8BECB->aa6381e5-8ca4-4c57-a2f0-4aafa8e23c85-AppendLogResponseHandler: Failed appendEntries: org.apache.ratis.thirdparty.io.grpc.StatusRuntimeException: UNAVAILABLE: io exception
2019-09-19 21:56:46,968 [grpc-default-executor-8] INFO  impl.FollowerInfo (FollowerInfo.java:lambda$new$0(51)) - c090c4eb-238d-48aa-a1ef-a702d3149c9b@group-AA581DA8BECB->aa6381e5-8ca4-4c57-a2f0-4aafa8e23c85: nextIndex: updateUnconditionally 5 -> 4
2019-09-19 21:56:47,484 [EventQueue-StaleNodeForStaleNodeHandler] INFO  node.StaleNodeHandler (StaleNodeHandler.java:onMessage(58)) - Datanode d895ce11-0052-409f-8af8-4e205bd1ade4{ip: 192.168.157.232, host: pr-hdds-2020-k2m72-150965138, networkLocation: /default-rack, certSerialId: null} moved to stale state. Finalizing its pipelines [PipelineID=06cd9d9f-d8e1-44af-a6f3-aa581da8becb, PipelineID=e4915c9e-2fff-48f7-826f-6985d5009b63]
2019-09-19 21:56:47,486 [EventQueue-StaleNodeForStaleNodeHandler] INFO  pipeline.SCMPipelineManager (SCMPipelineManager.java:finalizeAndDestroyPipeline(315)) - destroying pipeline:Pipeline[ Id: 06cd9d9f-d8e1-44af-a6f3-aa581da8becb, Nodes: d895ce11-0052-409f-8af8-4e205bd1ade4{ip: 192.168.157.232, host: pr-hdds-2020-k2m72-150965138, networkLocation: /default-rack, certSerialId: null}aa6381e5-8ca4-4c57-a2f0-4aafa8e23c85{ip: 192.168.157.232, host: pr-hdds-2020-k2m72-150965138, networkLocation: /default-rack, certSerialId: null}c090c4eb-238d-48aa-a1ef-a702d3149c9b{ip: 192.168.157.232, host: pr-hdds-2020-k2m72-150965138, networkLocation: /default-rack, certSerialId: null}, Type:RATIS, Factor:THREE, State:CLOSED]
2019-09-19 21:56:47,487 [EventQueue-StaleNodeForStaleNodeHandler] INFO  pipeline.SCMPipelineManager (SCMPipelineManager.java:finalizeAndDestroyPipeline(315)) - destroying pipeline:Pipeline[ Id: e4915c9e-2fff-48f7-826f-6985d5009b63, Nodes: d895ce11-0052-409f-8af8-4e205bd1ade4{ip: 192.168.157.232, host: pr-hdds-2020-k2m72-150965138, networkLocation: /default-rack, certSerialId: null}, Type:RATIS, Factor:ONE, State:OPEN]
2019-09-19 21:56:47,487 [EventQueue-StaleNodeForStaleNodeHandler] INFO  pipeline.PipelineStateManager (PipelineStateManager.java:finalizePipeline(123)) - Pipeline Pipeline[ Id: e4915c9e-2fff-48f7-826f-6985d5009b63, Nodes: d895ce11-0052-409f-8af8-4e205bd1ade4{ip: 192.168.157.232, host: pr-hdds-2020-k2m72-150965138, networkLocation: /default-rack, certSerialId: null}, Type:RATIS, Factor:ONE, State:CLOSED] moved to CLOSED state
2019-09-19 21:56:47,754 [grpc-default-executor-7] WARN  server.GrpcLogAppender (LogUtils.java:warn(134)) - afea28c8-2167-4e4f-8679-60ec4d623a67@group-835F16A767BD->bcf2dcee-3b1d-45e4-b716-31c033deb895-AppendLogResponseHandler: Failed appendEntries: org.apache.ratis.thirdparty.io.grpc.StatusRuntimeException: UNAVAILABLE: io exception
2019-09-19 21:56:47,760 [grpc-default-executor-7] INFO  impl.FollowerInfo (FollowerInfo.java:lambda$new$0(51)) - afea28c8-2167-4e4f-8679-60ec4d623a67@group-835F16A767BD->bcf2dcee-3b1d-45e4-b716-31c033deb895: nextIndex: updateUnconditionally 5 -> 4
2019-09-19 21:56:47,784 [EventQueue-StaleNodeForStaleNodeHandler] INFO  node.StaleNodeHandler (StaleNodeHandler.java:onMessage(58)) - Datanode afea28c8-2167-4e4f-8679-60ec4d623a67{ip: 192.168.157.232, host: pr-hdds-2020-k2m72-150965138, networkLocation: /default-rack, certSerialId: null} moved to stale state. Finalizing its pipelines [PipelineID=3670f5fc-50b5-4365-aafe-60067ad06215, PipelineID=7507ccc0-397d-430d-85d1-835f16a767bd]
2019-09-19 21:56:47,785 [EventQueue-StaleNodeForStaleNodeHandler] INFO  pipeline.SCMPipelineManager (SCMPipelineManager.java:finalizeAndDestroyPipeline(315)) - destroying pipeline:Pipeline[ Id: 3670f5fc-50b5-4365-aafe-60067ad06215, Nodes: afea28c8-2167-4e4f-8679-60ec4d623a67{ip: 192.168.157.232, host: pr-hdds-2020-k2m72-150965138, networkLocation: /default-rack, certSerialId: null}, Type:RATIS, Factor:ONE, State:OPEN]
2019-09-19 21:56:47,785 [EventQueue-StaleNodeForStaleNodeHandler] INFO  pipeline.PipelineStateManager (PipelineStateManager.java:finalizePipeline(123)) - Pipeline Pipeline[ Id: 3670f5fc-50b5-4365-aafe-60067ad06215, Nodes: afea28c8-2167-4e4f-8679-60ec4d623a67{ip: 192.168.157.232, host: pr-hdds-2020-k2m72-150965138, networkLocation: /default-rack, certSerialId: null}, Type:RATIS, Factor:ONE, State:CLOSED] moved to CLOSED state
2019-09-19 21:56:47,785 [EventQueue-StaleNodeForStaleNodeHandler] INFO  pipeline.SCMPipelineManager (SCMPipelineManager.java:finalizeAndDestroyPipeline(315)) - destroying pipeline:Pipeline[ Id: 7507ccc0-397d-430d-85d1-835f16a767bd, Nodes: bd433f40-6668-460a-8e37-fb009828bf6c{ip: 192.168.157.232, host: pr-hdds-2020-k2m72-150965138, networkLocation: /default-rack, certSerialId: null}bcf2dcee-3b1d-45e4-b716-31c033deb895{ip: 192.168.157.232, host: pr-hdds-2020-k2m72-150965138, networkLocation: /default-rack, certSerialId: null}afea28c8-2167-4e4f-8679-60ec4d623a67{ip: 192.168.157.232, host: pr-hdds-2020-k2m72-150965138, networkLocation: /default-rack, certSerialId: null}, Type:RATIS, Factor:THREE, State:CLOSED]
2019-09-19 21:56:47,913 [ForkJoinPool.commonPool-worker-0] INFO  ozoneimpl.OzoneContainer (OzoneContainer.java:stop(231)) - Attempting to stop container services.
2019-09-19 21:56:47,914 [ForkJoinPool.commonPool-worker-0] INFO  impl.RaftServerProxy (RaftServerProxy.java:lambda$close$4(314)) - d895ce11-0052-409f-8af8-4e205bd1ade4: close
2019-09-19 21:56:47,915 [ForkJoinPool.commonPool-worker-0] INFO  impl.RaftServerImpl (RaftServerImpl.java:lambda$shutdown$3(251)) - d895ce11-0052-409f-8af8-4e205bd1ade4@group-AA581DA8BECB: shutdown
2019-09-19 21:56:47,915 [ForkJoinPool.commonPool-worker-0] INFO  util.JmxRegister (JmxRegister.java:unregister(73)) - Successfully un-registered JMX Bean with object name Ratis:service=RaftServer,group=group-AA581DA8BECB,id=d895ce11-0052-409f-8af8-4e205bd1ade4
2019-09-19 21:56:47,915 [ForkJoinPool.commonPool-worker-0] INFO  impl.RoleInfo (RoleInfo.java:shutdownFollowerState(121)) - d895ce11-0052-409f-8af8-4e205bd1ade4: shutdown FollowerState
2019-09-19 21:56:47,916 [ForkJoinPool.commonPool-worker-0] INFO  impl.StateMachineUpdater (StateMachineUpdater.java:stopAndJoin(125)) - d895ce11-0052-409f-8af8-4e205bd1ade4@group-AA581DA8BECB-StateMachineUpdater: set stopIndex = 8
2019-09-19 21:56:47,916 [d895ce11-0052-409f-8af8-4e205bd1ade4@group-AA581DA8BECB-StateMachineUpdater] INFO  ratis.ContainerStateMachine (ContainerStateMachine.java:takeSnapshot(289)) - group-AA581DA8BECB: Taking a snapshot at:(t:2, i:7) file /workdir/hadoop-ozone/integration-test/target/test-dir/MiniOzoneClusterImpl-7574fd73-fa3b-42f5-86a6-8b7eb4322844/datanode-2/data/ratis/06cd9d9f-d8e1-44af-a6f3-aa581da8becb/sm/snapshot.2_7
2019-09-19 21:56:47,918 [Thread-3673] INFO  impl.FollowerState (FollowerState.java:run(115)) - d895ce11-0052-409f-8af8-4e205bd1ade4: FollowerState was interrupted: java.lang.InterruptedException: sleep interrupted
2019-09-19 21:56:47,932 [d895ce11-0052-409f-8af8-4e205bd1ade4@group-AA581DA8BECB-StateMachineUpdater] INFO  ratis.ContainerStateMachine (ContainerStateMachine.java:takeSnapshot(300)) - group-AA581DA8BECB: Finished taking a snapshot at:(t:2, i:7) file:/workdir/hadoop-ozone/integration-test/target/test-dir/MiniOzoneClusterImpl-7574fd73-fa3b-42f5-86a6-8b7eb4322844/datanode-2/data/ratis/06cd9d9f-d8e1-44af-a6f3-aa581da8becb/sm/snapshot.2_7 time:17
2019-09-19 21:56:47,933 [d895ce11-0052-409f-8af8-4e205bd1ade4@group-AA581DA8BECB-StateMachineUpdater] INFO  impl.StateMachineUpdater (StateMachineUpdater.java:takeSnapshot(258)) - d895ce11-0052-409f-8af8-4e205bd1ade4@group-AA581DA8BECB-StateMachineUpdater: Took a snapshot at index 7
2019-09-19 21:56:47,933 [d895ce11-0052-409f-8af8-4e205bd1ade4@group-AA581DA8BECB-StateMachineUpdater] INFO  impl.StateMachineUpdater (StateMachineUpdater.java:lambda$new$0(83)) - d895ce11-0052-409f-8af8-4e205bd1ade4@group-AA581DA8BECB-StateMachineUpdater: snapshotIndex: updateIncreasingly -1 -> 7
2019-09-19 21:56:47,934 [d895ce11-0052-409f-8af8-4e205bd1ade4@group-AA581DA8BECB-StateMachineUpdater] INFO  ratis.ContainerStateMachine (ContainerStateMachine.java:takeSnapshot(289)) - group-AA581DA8BECB: Taking a snapshot at:(t:2, i:7) file /workdir/hadoop-ozone/integration-test/target/test-dir/MiniOzoneClusterImpl-7574fd73-fa3b-42f5-86a6-8b7eb4322844/datanode-2/data/ratis/06cd9d9f-d8e1-44af-a6f3-aa581da8becb/sm/snapshot.2_7
2019-09-19 21:56:47,939 [main] INFO  ozoneimpl.OzoneContainer (OzoneContainer.java:stop(231)) - Attempting to stop container services.
2019-09-19 21:56:47,940 [main] INFO  impl.RaftServerProxy (RaftServerProxy.java:lambda$close$4(314)) - afea28c8-2167-4e4f-8679-60ec4d623a67: close
2019-09-19 21:56:47,941 [main] INFO  impl.RaftServerImpl (RaftServerImpl.java:lambda$shutdown$3(251)) - afea28c8-2167-4e4f-8679-60ec4d623a67@group-60067AD06215: shutdown
2019-09-19 21:56:47,941 [main] INFO  util.JmxRegister (JmxRegister.java:unregister(73)) - Successfully un-registered JMX Bean with object name Ratis:service=RaftServer,group=group-60067AD06215,id=afea28c8-2167-4e4f-8679-60ec4d623a67
2019-09-19 21:56:47,942 [main] INFO  impl.RoleInfo (RoleInfo.java:shutdownLeaderState(104)) - afea28c8-2167-4e4f-8679-60ec4d623a67: shutdown LeaderState
2019-09-19 21:56:47,942 [main] INFO  impl.PendingRequests (PendingRequests.java:sendNotLeaderResponses(202)) - afea28c8-2167-4e4f-8679-60ec4d623a67-PendingRequests: sendNotLeaderResponses
2019-09-19 21:56:47,943 [main] INFO  impl.StateMachineUpdater (StateMachineUpdater.java:stopAndJoin(125)) - afea28c8-2167-4e4f-8679-60ec4d623a67@group-60067AD06215-StateMachineUpdater: set stopIndex = 0
2019-09-19 21:56:47,943 [main] INFO  impl.RaftServerImpl (ServerState.java:close(385)) - afea28c8-2167-4e4f-8679-60ec4d623a67@group-60067AD06215: closes. applyIndex: 0
2019-09-19 21:56:47,944 [afea28c8-2167-4e4f-8679-60ec4d623a67@group-60067AD06215-SegmentedRaftLogWorker] INFO  segmented.SegmentedRaftLogWorker (SegmentedRaftLogWorker.java:run(313)) - afea28c8-2167-4e4f-8679-60ec4d623a67@group-60067AD06215-SegmentedRaftLogWorker was interrupted, exiting. There are 0 tasks remaining in the queue.
2019-09-19 21:56:47,947 [d895ce11-0052-409f-8af8-4e205bd1ade4@group-AA581DA8BECB-StateMachineUpdater] INFO  ratis.ContainerStateMachine (ContainerStateMachine.java:takeSnapshot(300)) - group-AA581DA8BECB: Finished taking a snapshot at:(t:2, i:7) file:/workdir/hadoop-ozone/integration-test/target/test-dir/MiniOzoneClusterImpl-7574fd73-fa3b-42f5-86a6-8b7eb4322844/datanode-2/data/ratis/06cd9d9f-d8e1-44af-a6f3-aa581da8becb/sm/snapshot.2_7 time:14
2019-09-19 21:56:47,947 [d895ce11-0052-409f-8af8-4e205bd1ade4@group-AA581DA8BECB-StateMachineUpdater] INFO  impl.StateMachineUpdater (StateMachineUpdater.java:takeSnapshot(258)) - d895ce11-0052-409f-8af8-4e205bd1ade4@group-AA581DA8BECB-StateMachineUpdater: Took a snapshot at index 7
2019-09-19 21:56:47,947 [main] INFO  segmented.SegmentedRaftLogWorker (SegmentedRaftLogWorker.java:close(228)) - afea28c8-2167-4e4f-8679-60ec4d623a67@group-60067AD06215-SegmentedRaftLogWorker close()
2019-09-19 21:56:47,947 [d895ce11-0052-409f-8af8-4e205bd1ade4@group-AA581DA8BECB-StateMachineUpdater] INFO  impl.StateMachineUpdater (StateMachineUpdater.java:lambda$new$0(83)) - d895ce11-0052-409f-8af8-4e205bd1ade4@group-AA581DA8BECB-StateMachineUpdater: snapshotIndex: updateIncreasingly 7 -> 7
2019-09-19 21:56:47,950 [main] INFO  impl.RaftServerImpl (RaftServerImpl.java:lambda$shutdown$3(251)) - afea28c8-2167-4e4f-8679-60ec4d623a67@group-835F16A767BD: shutdown
2019-09-19 21:56:47,950 [ForkJoinPool.commonPool-worker-0] INFO  impl.RaftServerImpl (ServerState.java:close(385)) - d895ce11-0052-409f-8af8-4e205bd1ade4@group-AA581DA8BECB: closes. applyIndex: 8
2019-09-19 21:56:47,951 [main] INFO  util.JmxRegister (JmxRegister.java:unregister(73)) - Successfully un-registered JMX Bean with object name Ratis:service=RaftServer,group=group-835F16A767BD,id=afea28c8-2167-4e4f-8679-60ec4d623a67
2019-09-19 21:56:47,951 [d895ce11-0052-409f-8af8-4e205bd1ade4@group-AA581DA8BECB-SegmentedRaftLogWorker] INFO  segmented.SegmentedRaftLogWorker (SegmentedRaftLogWorker.java:run(313)) - d895ce11-0052-409f-8af8-4e205bd1ade4@group-AA581DA8BECB-SegmentedRaftLogWorker was interrupted, exiting. There are 0 tasks remaining in the queue.
2019-09-19 21:56:47,951 [main] INFO  impl.RoleInfo (RoleInfo.java:shutdownLeaderState(104)) - afea28c8-2167-4e4f-8679-60ec4d623a67: shutdown LeaderState
2019-09-19 21:56:47,953 [ForkJoinPool.commonPool-worker-0] INFO  segmented.SegmentedRaftLogWorker (SegmentedRaftLogWorker.java:close(228)) - d895ce11-0052-409f-8af8-4e205bd1ade4@group-AA581DA8BECB-SegmentedRaftLogWorker close()
2019-09-19 21:56:47,956 [org.apache.ratis.server.impl.LogAppender$AppenderDaemon$$Lambda$509/1310956685@4a4f77d3] WARN  server.GrpcLogAppender (GrpcLogAppender.java:mayWait(143)) - afea28c8-2167-4e4f-8679-60ec4d623a67@group-835F16A767BD->bcf2dcee-3b1d-45e4-b716-31c033deb895-GrpcLogAppender: Wait interrupted by java.lang.InterruptedException
2019-09-19 21:56:47,956 [org.apache.ratis.server.impl.LogAppender$AppenderDaemon$$Lambda$509/1310956685@634ab157] WARN  server.GrpcLogAppender (GrpcLogAppender.java:mayWait(143)) - afea28c8-2167-4e4f-8679-60ec4d623a67@group-835F16A767BD->bd433f40-6668-460a-8e37-fb009828bf6c-GrpcLogAppender: Wait interrupted by java.lang.InterruptedException
2019-09-19 21:56:47,956 [main] INFO  impl.PendingRequests (PendingRequests.java:sendNotLeaderResponses(202)) - afea28c8-2167-4e4f-8679-60ec4d623a67-PendingRequests: sendNotLeaderResponses
2019-09-19 21:56:47,959 [ForkJoinPool.commonPool-worker-0] INFO  impl.RaftServerImpl (RaftServerImpl.java:lambda$shutdown$3(251)) - d895ce11-0052-409f-8af8-4e205bd1ade4@group-6985D5009B63: shutdown
2019-09-19 21:56:47,963 [ForkJoinPool.commonPool-worker-0] INFO  util.JmxRegister (JmxRegister.java:unregister(73)) - Successfully un-registered JMX Bean with object name Ratis:service=RaftServer,group=group-6985D5009B63,id=d895ce11-0052-409f-8af8-4e205bd1ade4
2019-09-19 21:56:47,963 [afea28c8-2167-4e4f-8679-60ec4d623a67@group-835F16A767BD-StateMachineUpdater] INFO  ratis.ContainerStateMachine (ContainerStateMachine.java:takeSnapshot(289)) - group-835F16A767BD: Taking a snapshot at:(t:1, i:6) file /workdir/hadoop-ozone/integration-test/target/test-dir/MiniOzoneClusterImpl-7574fd73-fa3b-42f5-86a6-8b7eb4322844/datanode-3/data/ratis/7507ccc0-397d-430d-85d1-835f16a767bd/sm/snapshot.1_6
2019-09-19 21:56:47,963 [grpc-default-executor-7] INFO  server.GrpcServerProtocolService (GrpcServerProtocolService.java:onCompleted(113)) - bd433f40-6668-460a-8e37-fb009828bf6c: Completed APPEND_ENTRIES, lastRequest: afea28c8-2167-4e4f-8679-60ec4d623a67->bd433f40-6668-460a-8e37-fb009828bf6c#14-t1, previous=(t:1, i:6), leaderCommit=6, initializing? false, entries: <empty>
2019-09-19 21:56:47,963 [main] INFO  impl.StateMachineUpdater (StateMachineUpdater.java:stopAndJoin(125)) - afea28c8-2167-4e4f-8679-60ec4d623a67@group-835F16A767BD-StateMachineUpdater: set stopIndex = 6
2019-09-19 21:56:47,963 [ForkJoinPool.commonPool-worker-0] INFO  impl.RoleInfo (RoleInfo.java:shutdownLeaderState(104)) - d895ce11-0052-409f-8af8-4e205bd1ade4: shutdown LeaderState
2019-09-19 21:56:47,965 [grpc-default-executor-7] INFO  server.GrpcLogAppender (GrpcLogAppender.java:onCompleted(293)) - afea28c8-2167-4e4f-8679-60ec4d623a67@group-835F16A767BD->bd433f40-6668-460a-8e37-fb009828bf6c-AppendLogResponseHandler: follower responses appendEntries COMPLETED
2019-09-19 21:56:47,965 [ForkJoinPool.commonPool-worker-0] INFO  impl.PendingRequests (PendingRequests.java:sendNotLeaderResponses(202)) - d895ce11-0052-409f-8af8-4e205bd1ade4-PendingRequests: sendNotLeaderResponses
2019-09-19 21:56:47,965 [grpc-default-executor-7] INFO  impl.FollowerInfo (FollowerInfo.java:lambda$new$0(51)) - afea28c8-2167-4e4f-8679-60ec4d623a67@group-835F16A767BD->bd433f40-6668-460a-8e37-fb009828bf6c: nextIndex: updateUnconditionally 7 -> 6
2019-09-19 21:56:47,965 [ForkJoinPool.commonPool-worker-0] INFO  impl.StateMachineUpdater (StateMachineUpdater.java:stopAndJoin(125)) - d895ce11-0052-409f-8af8-4e205bd1ade4@group-6985D5009B63-StateMachineUpdater: set stopIndex = 0
2019-09-19 21:56:47,966 [ForkJoinPool.commonPool-worker-0] INFO  impl.RaftServerImpl (ServerState.java:close(385)) - d895ce11-0052-409f-8af8-4e205bd1ade4@group-6985D5009B63: closes. applyIndex: 0
2019-09-19 21:56:47,966 [d895ce11-0052-409f-8af8-4e205bd1ade4@group-6985D5009B63-SegmentedRaftLogWorker] INFO  segmented.SegmentedRaftLogWorker (SegmentedRaftLogWorker.java:run(313)) - d895ce11-0052-409f-8af8-4e205bd1ade4@group-6985D5009B63-SegmentedRaftLogWorker was interrupted, exiting. There are 0 tasks remaining in the queue.
2019-09-19 21:56:47,968 [ForkJoinPool.commonPool-worker-0] INFO  segmented.SegmentedRaftLogWorker (SegmentedRaftLogWorker.java:close(228)) - d895ce11-0052-409f-8af8-4e205bd1ade4@group-6985D5009B63-SegmentedRaftLogWorker close()
2019-09-19 21:56:47,971 [ForkJoinPool.commonPool-worker-0] INFO  server.GrpcService (GrpcService.java:closeImpl(164)) - d895ce11-0052-409f-8af8-4e205bd1ade4: shutdown server with port 44038 now
2019-09-19 21:56:47,972 [grpc-default-executor-8] WARN  server.GrpcServerProtocolService (LogUtils.java:warn(134)) - d895ce11-0052-409f-8af8-4e205bd1ade4: installSnapshot onError, lastRequest: c090c4eb-238d-48aa-a1ef-a702d3149c9b->d895ce11-0052-409f-8af8-4e205bd1ade4#13-t2, previous=(t:2, i:8), leaderCommit=8, initializing? false, entries: <empty>: org.apache.ratis.thirdparty.io.grpc.StatusRuntimeException: CANCELLED: cancelled before receiving half close
2019-09-19 21:56:47,972 [ForkJoinPool.commonPool-worker-0] INFO  server.GrpcService (GrpcService.java:closeImpl(172)) - d895ce11-0052-409f-8af8-4e205bd1ade4: shutdown server with port 44038 successfully
2019-09-19 21:56:47,972 [grpc-default-executor-0] WARN  server.GrpcLogAppender (LogUtils.java:warn(134)) - c090c4eb-238d-48aa-a1ef-a702d3149c9b@group-AA581DA8BECB->d895ce11-0052-409f-8af8-4e205bd1ade4-AppendLogResponseHandler: Failed appendEntries: org.apache.ratis.thirdparty.io.grpc.StatusRuntimeException: CANCELLED: HTTP/2 error code: CANCEL
Received Rst Stream
2019-09-19 21:56:47,973 [grpc-default-executor-0] INFO  impl.FollowerInfo (FollowerInfo.java:lambda$new$0(51)) - c090c4eb-238d-48aa-a1ef-a702d3149c9b@group-AA581DA8BECB->d895ce11-0052-409f-8af8-4e205bd1ade4: nextIndex: updateUnconditionally 9 -> 8
2019-09-19 21:56:47,984 [refreshUsed-/workdir/hadoop-ozone/integration-test/target/test-dir/MiniOzoneClusterImpl-7574fd73-fa3b-42f5-86a6-8b7eb4322844/datanode-2/data/containers] WARN  fs.CachingGetSpaceUsed (CachingGetSpaceUsed.java:run(183)) - Thread Interrupted waiting to refresh disk information: sleep interrupted
2019-09-19 21:56:47,985 [afea28c8-2167-4e4f-8679-60ec4d623a67@group-835F16A767BD-StateMachineUpdater] INFO  ratis.ContainerStateMachine (ContainerStateMachine.java:takeSnapshot(300)) - group-835F16A767BD: Finished taking a snapshot at:(t:1, i:6) file:/workdir/hadoop-ozone/integration-test/target/test-dir/MiniOzoneClusterImpl-7574fd73-fa3b-42f5-86a6-8b7eb4322844/datanode-3/data/ratis/7507ccc0-397d-430d-85d1-835f16a767bd/sm/snapshot.1_6 time:21
2019-09-19 21:56:47,985 [afea28c8-2167-4e4f-8679-60ec4d623a67@group-835F16A767BD-StateMachineUpdater] INFO  impl.StateMachineUpdater (StateMachineUpdater.java:takeSnapshot(258)) - afea28c8-2167-4e4f-8679-60ec4d623a67@group-835F16A767BD-StateMachineUpdater: Took a snapshot at index 6
2019-09-19 21:56:47,985 [afea28c8-2167-4e4f-8679-60ec4d623a67@group-835F16A767BD-StateMachineUpdater] INFO  impl.StateMachineUpdater (StateMachineUpdater.java:lambda$new$0(83)) - afea28c8-2167-4e4f-8679-60ec4d623a67@group-835F16A767BD-StateMachineUpdater: snapshotIndex: updateIncreasingly -1 -> 6
2019-09-19 21:56:47,986 [main] INFO  impl.RaftServerImpl (ServerState.java:close(385)) - afea28c8-2167-4e4f-8679-60ec4d623a67@group-835F16A767BD: closes. applyIndex: 6
2019-09-19 21:56:47,986 [afea28c8-2167-4e4f-8679-60ec4d623a67@group-835F16A767BD-SegmentedRaftLogWorker] INFO  segmented.SegmentedRaftLogWorker (SegmentedRaftLogWorker.java:run(313)) - afea28c8-2167-4e4f-8679-60ec4d623a67@group-835F16A767BD-SegmentedRaftLogWorker was interrupted, exiting. There are 0 tasks remaining in the queue.
2019-09-19 21:56:47,988 [main] INFO  segmented.SegmentedRaftLogWorker (SegmentedRaftLogWorker.java:close(228)) - afea28c8-2167-4e4f-8679-60ec4d623a67@group-835F16A767BD-SegmentedRaftLogWorker close()
2019-09-19 21:56:48,000 [main] INFO  server.GrpcService (GrpcService.java:closeImpl(164)) - afea28c8-2167-4e4f-8679-60ec4d623a67: shutdown server with port 39740 now
2019-09-19 21:56:48,003 [main] INFO  server.GrpcService (GrpcService.java:closeImpl(172)) - afea28c8-2167-4e4f-8679-60ec4d623a67: shutdown server with port 39740 successfully
2019-09-19 21:56:48,005 [refreshUsed-/workdir/hadoop-ozone/integration-test/target/test-dir/MiniOzoneClusterImpl-7574fd73-fa3b-42f5-86a6-8b7eb4322844/datanode-3/data/containers] WARN  fs.CachingGetSpaceUsed (CachingGetSpaceUsed.java:run(183)) - Thread Interrupted waiting to refresh disk information: sleep interrupted
2019-09-19 21:56:48,016 [main] INFO  utils.BackgroundService (BackgroundService.java:shutdown(148)) - Shutting down service BlockDeletingService
2019-09-19 21:56:48,019 [main] INFO  statemachine.DatanodeStateMachine (DatanodeStateMachine.java:stopDaemon(395)) - Ozone container server stopped.
2019-09-19 21:56:48,020 [ForkJoinPool.commonPool-worker-0] INFO  utils.BackgroundService (BackgroundService.java:shutdown(148)) - Shutting down service BlockDeletingService
2019-09-19 21:56:48,028 [ForkJoinPool.commonPool-worker-0] INFO  statemachine.DatanodeStateMachine (DatanodeStateMachine.java:stopDaemon(395)) - Ozone container server stopped.
2019-09-19 21:56:48,032 [main] INFO  handler.ContextHandler (ContextHandler.java:doStop(910)) - Stopped o.e.j.w.WebAppContext@79f5a6ed{/,null,UNAVAILABLE}{/hddsDatanode}
2019-09-19 21:56:48,032 [ForkJoinPool.commonPool-worker-0] INFO  handler.ContextHandler (ContextHandler.java:doStop(910)) - Stopped o.e.j.w.WebAppContext@6d7b001b{/,null,UNAVAILABLE}{/hddsDatanode}
2019-09-19 21:56:48,033 [main] INFO  server.AbstractConnector (AbstractConnector.java:doStop(318)) - Stopped ServerConnector@722787b5{HTTP/1.1,[http/1.1]}{0.0.0.0:0}
2019-09-19 21:56:48,033 [ForkJoinPool.commonPool-worker-0] INFO  server.AbstractConnector (AbstractConnector.java:doStop(318)) - Stopped ServerConnector@532dacf5{HTTP/1.1,[http/1.1]}{0.0.0.0:0}
2019-09-19 21:56:48,034 [main] INFO  handler.ContextHandler (ContextHandler.java:doStop(910)) - Stopped o.e.j.s.ServletContextHandler@5e68be2{/static,jar:file:/home/user/.m2/repository/org/apache/hadoop/hadoop-hdds-container-service/0.5.0-SNAPSHOT/hadoop-hdds-container-service-0.5.0-SNAPSHOT.jar!/webapps/static,UNAVAILABLE}
2019-09-19 21:56:48,034 [ForkJoinPool.commonPool-worker-0] INFO  handler.ContextHandler (ContextHandler.java:doStop(910)) - Stopped o.e.j.s.ServletContextHandler@7e94e331{/static,jar:file:/home/user/.m2/repository/org/apache/hadoop/hadoop-hdds-container-service/0.5.0-SNAPSHOT/hadoop-hdds-container-service-0.5.0-SNAPSHOT.jar!/webapps/static,UNAVAILABLE}
2019-09-19 21:56:48,034 [main] INFO  handler.ContextHandler (ContextHandler.java:doStop(910)) - Stopped o.e.j.s.ServletContextHandler@2fbd390{/logs,file:///workdir/hadoop-ozone/integration-test/target/log,UNAVAILABLE}
2019-09-19 21:56:48,034 [ForkJoinPool.commonPool-worker-0] INFO  handler.ContextHandler (ContextHandler.java:doStop(910)) - Stopped o.e.j.s.ServletContextHandler@852ef8d{/logs,file:///workdir/hadoop-ozone/integration-test/target/log,UNAVAILABLE}
2019-09-19 21:56:48,077 [Datanode State Machine Thread - 0] INFO  statemachine.DatanodeStateMachine (DatanodeStateMachine.java:lambda$startDaemon$0(350)) - Ozone container server started.
2019-09-19 21:56:48,515 [Datanode State Machine Thread - 0] INFO  statemachine.DatanodeStateMachine (DatanodeStateMachine.java:lambda$startDaemon$0(350)) - Ozone container server started.
2019-09-19 21:56:49,466 [grpc-default-executor-7] WARN  server.GrpcLogAppender (LogUtils.java:warn(134)) - c090c4eb-238d-48aa-a1ef-a702d3149c9b@group-AA581DA8BECB->aa6381e5-8ca4-4c57-a2f0-4aafa8e23c85-AppendLogResponseHandler: Failed appendEntries: org.apache.ratis.thirdparty.io.grpc.StatusRuntimeException: UNAVAILABLE: io exception
2019-09-19 21:56:49,466 [grpc-default-executor-7] INFO  impl.FollowerInfo (FollowerInfo.java:lambda$new$0(51)) - c090c4eb-238d-48aa-a1ef-a702d3149c9b@group-AA581DA8BECB->aa6381e5-8ca4-4c57-a2f0-4aafa8e23c85: nextIndex: updateUnconditionally 4 -> 3
2019-09-19 21:56:49,469 [grpc-default-executor-7] WARN  server.GrpcLogAppender (LogUtils.java:warn(134)) - c090c4eb-238d-48aa-a1ef-a702d3149c9b@group-AA581DA8BECB->d895ce11-0052-409f-8af8-4e205bd1ade4-AppendLogResponseHandler: Failed appendEntries: org.apache.ratis.thirdparty.io.grpc.StatusRuntimeException: UNAVAILABLE: io exception
2019-09-19 21:56:49,469 [grpc-default-executor-7] INFO  impl.FollowerInfo (FollowerInfo.java:lambda$new$0(51)) - c090c4eb-238d-48aa-a1ef-a702d3149c9b@group-AA581DA8BECB->d895ce11-0052-409f-8af8-4e205bd1ade4: nextIndex: updateUnconditionally 8 -> 7
2019-09-19 21:56:51,968 [grpc-default-executor-7] WARN  server.GrpcLogAppender (LogUtils.java:warn(134)) - c090c4eb-238d-48aa-a1ef-a702d3149c9b@group-AA581DA8BECB->aa6381e5-8ca4-4c57-a2f0-4aafa8e23c85-AppendLogResponseHandler: Failed appendEntries: org.apache.ratis.thirdparty.io.grpc.StatusRuntimeException: UNAVAILABLE: io exception
2019-09-19 21:56:51,969 [grpc-default-executor-7] INFO  impl.FollowerInfo (FollowerInfo.java:lambda$new$0(51)) - c090c4eb-238d-48aa-a1ef-a702d3149c9b@group-AA581DA8BECB->aa6381e5-8ca4-4c57-a2f0-4aafa8e23c85: nextIndex: updateUnconditionally 3 -> 2
2019-09-19 21:56:51,970 [grpc-default-executor-0] WARN  server.GrpcLogAppender (LogUtils.java:warn(134)) - c090c4eb-238d-48aa-a1ef-a702d3149c9b@group-AA581DA8BECB->d895ce11-0052-409f-8af8-4e205bd1ade4-AppendLogResponseHandler: Failed appendEntries: org.apache.ratis.thirdparty.io.grpc.StatusRuntimeException: UNAVAILABLE: io exception
2019-09-19 21:56:51,970 [grpc-default-executor-0] INFO  impl.FollowerInfo (FollowerInfo.java:lambda$new$0(51)) - c090c4eb-238d-48aa-a1ef-a702d3149c9b@group-AA581DA8BECB->d895ce11-0052-409f-8af8-4e205bd1ade4: nextIndex: updateUnconditionally 7 -> 6
2019-09-19 21:56:52,090 [EventQueue-StaleNodeForStaleNodeHandler] INFO  node.StaleNodeHandler (StaleNodeHandler.java:onMessage(58)) - Datanode 5f70954e-fae9-4334-b863-8030dbc6c6f3{ip: 192.168.157.232, host: pr-hdds-2020-k2m72-150965138, networkLocation: /default-rack, certSerialId: null} moved to stale state. Finalizing its pipelines []
2019-09-19 21:56:52,591 [EventQueue-StaleNodeForStaleNodeHandler] INFO  node.StaleNodeHandler (StaleNodeHandler.java:onMessage(58)) - Datanode c090c4eb-238d-48aa-a1ef-a702d3149c9b{ip: 192.168.157.232, host: pr-hdds-2020-k2m72-150965138, networkLocation: /default-rack, certSerialId: null} moved to stale state. Finalizing its pipelines [PipelineID=06cd9d9f-d8e1-44af-a6f3-aa581da8becb, PipelineID=1a7d174a-fae6-47b2-b9be-49aca462d12e]
2019-09-19 21:56:52,593 [EventQueue-StaleNodeForStaleNodeHandler] INFO  pipeline.SCMPipelineManager (SCMPipelineManager.java:finalizeAndDestroyPipeline(315)) - destroying pipeline:Pipeline[ Id: 06cd9d9f-d8e1-44af-a6f3-aa581da8becb, Nodes: d895ce11-0052-409f-8af8-4e205bd1ade4{ip: 192.168.157.232, host: pr-hdds-2020-k2m72-150965138, networkLocation: /default-rack, certSerialId: null}aa6381e5-8ca4-4c57-a2f0-4aafa8e23c85{ip: 192.168.157.232, host: pr-hdds-2020-k2m72-150965138, networkLocation: /default-rack, certSerialId: null}c090c4eb-238d-48aa-a1ef-a702d3149c9b{ip: 192.168.157.232, host: pr-hdds-2020-k2m72-150965138, networkLocation: /default-rack, certSerialId: null}, Type:RATIS, Factor:THREE, State:CLOSED]
2019-09-19 21:56:52,593 [EventQueue-StaleNodeForStaleNodeHandler] INFO  pipeline.SCMPipelineManager (SCMPipelineManager.java:finalizeAndDestroyPipeline(315)) - destroying pipeline:Pipeline[ Id: 1a7d174a-fae6-47b2-b9be-49aca462d12e, Nodes: c090c4eb-238d-48aa-a1ef-a702d3149c9b{ip: 192.168.157.232, host: pr-hdds-2020-k2m72-150965138, networkLocation: /default-rack, certSerialId: null}, Type:RATIS, Factor:ONE, State:OPEN]
2019-09-19 21:56:52,594 [EventQueue-StaleNodeForStaleNodeHandler] INFO  pipeline.PipelineStateManager (PipelineStateManager.java:finalizePipeline(123)) - Pipeline Pipeline[ Id: 1a7d174a-fae6-47b2-b9be-49aca462d12e, Nodes: c090c4eb-238d-48aa-a1ef-a702d3149c9b{ip: 192.168.157.232, host: pr-hdds-2020-k2m72-150965138, networkLocation: /default-rack, certSerialId: null}, Type:RATIS, Factor:ONE, State:CLOSED] moved to CLOSED state
2019-09-19 21:56:53,038 [ForkJoinPool.commonPool-worker-0] INFO  ozoneimpl.OzoneContainer (OzoneContainer.java:stop(231)) - Attempting to stop container services.
2019-09-19 21:56:53,038 [main] INFO  ozoneimpl.OzoneContainer (OzoneContainer.java:stop(231)) - Attempting to stop container services.
2019-09-19 21:56:53,041 [ForkJoinPool.commonPool-worker-0] INFO  impl.RaftServerProxy (RaftServerProxy.java:lambda$close$4(314)) - c090c4eb-238d-48aa-a1ef-a702d3149c9b: close
2019-09-19 21:56:53,042 [main] INFO  impl.RaftServerProxy (RaftServerProxy.java:lambda$close$4(314)) - 5f70954e-fae9-4334-b863-8030dbc6c6f3: close
2019-09-19 21:56:53,042 [ForkJoinPool.commonPool-worker-0] INFO  impl.RaftServerImpl (RaftServerImpl.java:lambda$shutdown$3(251)) - c090c4eb-238d-48aa-a1ef-a702d3149c9b@group-AA581DA8BECB: shutdown
2019-09-19 21:56:53,044 [main] INFO  server.GrpcService (GrpcService.java:closeImpl(164)) - 5f70954e-fae9-4334-b863-8030dbc6c6f3: shutdown server with port 40657 now
2019-09-19 21:56:53,044 [ForkJoinPool.commonPool-worker-0] INFO  util.JmxRegister (JmxRegister.java:unregister(73)) - Successfully un-registered JMX Bean with object name Ratis:service=RaftServer,group=group-AA581DA8BECB,id=c090c4eb-238d-48aa-a1ef-a702d3149c9b
2019-09-19 21:56:53,045 [ForkJoinPool.commonPool-worker-0] INFO  impl.RoleInfo (RoleInfo.java:shutdownLeaderState(104)) - c090c4eb-238d-48aa-a1ef-a702d3149c9b: shutdown LeaderState
2019-09-19 21:56:53,045 [main] INFO  server.GrpcService (GrpcService.java:closeImpl(172)) - 5f70954e-fae9-4334-b863-8030dbc6c6f3: shutdown server with port 40657 successfully
2019-09-19 21:56:53,048 [org.apache.ratis.server.impl.LogAppender$AppenderDaemon$$Lambda$509/1310956685@6b6f6ea8] WARN  server.GrpcLogAppender (GrpcLogAppender.java:mayWait(143)) - c090c4eb-238d-48aa-a1ef-a702d3149c9b@group-AA581DA8BECB->aa6381e5-8ca4-4c57-a2f0-4aafa8e23c85-GrpcLogAppender: Wait interrupted by java.lang.InterruptedException
2019-09-19 21:56:53,048 [ForkJoinPool.commonPool-worker-0] INFO  impl.PendingRequests (PendingRequests.java:sendNotLeaderResponses(202)) - c090c4eb-238d-48aa-a1ef-a702d3149c9b-PendingRequests: sendNotLeaderResponses
2019-09-19 21:56:53,048 [org.apache.ratis.server.impl.LogAppender$AppenderDaemon$$Lambda$509/1310956685@638183b2] WARN  server.GrpcLogAppender (GrpcLogAppender.java:mayWait(143)) - c090c4eb-238d-48aa-a1ef-a702d3149c9b@group-AA581DA8BECB->d895ce11-0052-409f-8af8-4e205bd1ade4-GrpcLogAppender: Wait interrupted by java.lang.InterruptedException
2019-09-19 21:56:53,054 [ForkJoinPool.commonPool-worker-0] INFO  impl.StateMachineUpdater (StateMachineUpdater.java:stopAndJoin(125)) - c090c4eb-238d-48aa-a1ef-a702d3149c9b@group-AA581DA8BECB-StateMachineUpdater: set stopIndex = 8
2019-09-19 21:56:53,054 [c090c4eb-238d-48aa-a1ef-a702d3149c9b@group-AA581DA8BECB-StateMachineUpdater] INFO  ratis.ContainerStateMachine (ContainerStateMachine.java:takeSnapshot(289)) - group-AA581DA8BECB: Taking a snapshot at:(t:2, i:8) file /workdir/hadoop-ozone/integration-test/target/test-dir/MiniOzoneClusterImpl-7574fd73-fa3b-42f5-86a6-8b7eb4322844/datanode-0/data/ratis/06cd9d9f-d8e1-44af-a6f3-aa581da8becb/sm/snapshot.2_8
2019-09-19 21:56:53,067 [refreshUsed-/workdir/hadoop-ozone/integration-test/target/test-dir/MiniOzoneClusterImpl-7574fd73-fa3b-42f5-86a6-8b7eb4322844/datanode-6/data/containers] WARN  fs.CachingGetSpaceUsed (CachingGetSpaceUsed.java:run(183)) - Thread Interrupted waiting to refresh disk information: sleep interrupted
2019-09-19 21:56:53,068 [c090c4eb-238d-48aa-a1ef-a702d3149c9b@group-AA581DA8BECB-StateMachineUpdater] INFO  ratis.ContainerStateMachine (ContainerStateMachine.java:takeSnapshot(300)) - group-AA581DA8BECB: Finished taking a snapshot at:(t:2, i:8) file:/workdir/hadoop-ozone/integration-test/target/test-dir/MiniOzoneClusterImpl-7574fd73-fa3b-42f5-86a6-8b7eb4322844/datanode-0/data/ratis/06cd9d9f-d8e1-44af-a6f3-aa581da8becb/sm/snapshot.2_8 time:14
2019-09-19 21:56:53,069 [c090c4eb-238d-48aa-a1ef-a702d3149c9b@group-AA581DA8BECB-StateMachineUpdater] INFO  impl.StateMachineUpdater (StateMachineUpdater.java:takeSnapshot(258)) - c090c4eb-238d-48aa-a1ef-a702d3149c9b@group-AA581DA8BECB-StateMachineUpdater: Took a snapshot at index 8
2019-09-19 21:56:53,069 [c090c4eb-238d-48aa-a1ef-a702d3149c9b@group-AA581DA8BECB-StateMachineUpdater] INFO  impl.StateMachineUpdater (StateMachineUpdater.java:lambda$new$0(83)) - c090c4eb-238d-48aa-a1ef-a702d3149c9b@group-AA581DA8BECB-StateMachineUpdater: snapshotIndex: updateIncreasingly -1 -> 8
2019-09-19 21:56:53,069 [ForkJoinPool.commonPool-worker-0] INFO  impl.RaftServerImpl (ServerState.java:close(385)) - c090c4eb-238d-48aa-a1ef-a702d3149c9b@group-AA581DA8BECB: closes. applyIndex: 8
2019-09-19 21:56:53,070 [c090c4eb-238d-48aa-a1ef-a702d3149c9b@group-AA581DA8BECB-SegmentedRaftLogWorker] INFO  segmented.SegmentedRaftLogWorker (SegmentedRaftLogWorker.java:run(313)) - c090c4eb-238d-48aa-a1ef-a702d3149c9b@group-AA581DA8BECB-SegmentedRaftLogWorker was interrupted, exiting. There are 0 tasks remaining in the queue.
2019-09-19 21:56:53,072 [ForkJoinPool.commonPool-worker-0] INFO  segmented.SegmentedRaftLogWorker (SegmentedRaftLogWorker.java:close(228)) - c090c4eb-238d-48aa-a1ef-a702d3149c9b@group-AA581DA8BECB-SegmentedRaftLogWorker close()
2019-09-19 21:56:53,074 [ForkJoinPool.commonPool-worker-0] INFO  impl.RaftServerImpl (RaftServerImpl.java:lambda$shutdown$3(251)) - c090c4eb-238d-48aa-a1ef-a702d3149c9b@group-49ACA462D12E: shutdown
2019-09-19 21:56:53,074 [ForkJoinPool.commonPool-worker-0] INFO  util.JmxRegister (JmxRegister.java:unregister(73)) - Successfully un-registered JMX Bean with object name Ratis:service=RaftServer,group=group-49ACA462D12E,id=c090c4eb-238d-48aa-a1ef-a702d3149c9b
2019-09-19 21:56:53,074 [ForkJoinPool.commonPool-worker-0] INFO  impl.RoleInfo (RoleInfo.java:shutdownLeaderState(104)) - c090c4eb-238d-48aa-a1ef-a702d3149c9b: shutdown LeaderState
2019-09-19 21:56:53,075 [ForkJoinPool.commonPool-worker-0] INFO  impl.PendingRequests (PendingRequests.java:sendNotLeaderResponses(202)) - c090c4eb-238d-48aa-a1ef-a702d3149c9b-PendingRequests: sendNotLeaderResponses
2019-09-19 21:56:53,075 [ForkJoinPool.commonPool-worker-0] INFO  impl.StateMachineUpdater (StateMachineUpdater.java:stopAndJoin(125)) - c090c4eb-238d-48aa-a1ef-a702d3149c9b@group-49ACA462D12E-StateMachineUpdater: set stopIndex = 0
2019-09-19 21:56:53,075 [ForkJoinPool.commonPool-worker-0] INFO  impl.RaftServerImpl (ServerState.java:close(385)) - c090c4eb-238d-48aa-a1ef-a702d3149c9b@group-49ACA462D12E: closes. applyIndex: 0
2019-09-19 21:56:53,076 [c090c4eb-238d-48aa-a1ef-a702d3149c9b@group-49ACA462D12E-SegmentedRaftLogWorker] INFO  segmented.SegmentedRaftLogWorker (SegmentedRaftLogWorker.java:run(313)) - c090c4eb-238d-48aa-a1ef-a702d3149c9b@group-49ACA462D12E-SegmentedRaftLogWorker was interrupted, exiting. There are 0 tasks remaining in the queue.
2019-09-19 21:56:53,077 [ForkJoinPool.commonPool-worker-0] INFO  segmented.SegmentedRaftLogWorker (SegmentedRaftLogWorker.java:close(228)) - c090c4eb-238d-48aa-a1ef-a702d3149c9b@group-49ACA462D12E-SegmentedRaftLogWorker close()
2019-09-19 21:56:53,087 [ForkJoinPool.commonPool-worker-0] INFO  server.GrpcService (GrpcService.java:closeImpl(164)) - c090c4eb-238d-48aa-a1ef-a702d3149c9b: shutdown server with port 34121 now
2019-09-19 21:56:53,087 [grpc-default-executor-0] WARN  client.GrpcClientProtocolService (LogUtils.java:warn(134)) - 5-UnorderedRequestStreamObserver5: onError: org.apache.ratis.thirdparty.io.grpc.StatusRuntimeException: CANCELLED: cancelled before receiving half close
2019-09-19 21:56:53,088 [ForkJoinPool.commonPool-worker-0] INFO  server.GrpcService (GrpcService.java:closeImpl(172)) - c090c4eb-238d-48aa-a1ef-a702d3149c9b: shutdown server with port 34121 successfully
2019-09-19 21:56:53,090 [refreshUsed-/workdir/hadoop-ozone/integration-test/target/test-dir/MiniOzoneClusterImpl-7574fd73-fa3b-42f5-86a6-8b7eb4322844/datanode-0/data/containers] WARN  fs.CachingGetSpaceUsed (CachingGetSpaceUsed.java:run(183)) - Thread Interrupted waiting to refresh disk information: sleep interrupted
2019-09-19 21:56:53,097 [main] INFO  utils.BackgroundService (BackgroundService.java:shutdown(148)) - Shutting down service BlockDeletingService
2019-09-19 21:56:53,100 [main] INFO  statemachine.DatanodeStateMachine (DatanodeStateMachine.java:stopDaemon(395)) - Ozone container server stopped.
2019-09-19 21:56:53,102 [main] INFO  handler.ContextHandler (ContextHandler.java:doStop(910)) - Stopped o.e.j.w.WebAppContext@40dd552c{/,null,UNAVAILABLE}{/hddsDatanode}
2019-09-19 21:56:53,103 [main] INFO  server.AbstractConnector (AbstractConnector.java:doStop(318)) - Stopped ServerConnector@33f4c769{HTTP/1.1,[http/1.1]}{0.0.0.0:0}
2019-09-19 21:56:53,103 [main] INFO  handler.ContextHandler (ContextHandler.java:doStop(910)) - Stopped o.e.j.s.ServletContextHandler@7f5ce33e{/static,jar:file:/home/user/.m2/repository/org/apache/hadoop/hadoop-hdds-container-service/0.5.0-SNAPSHOT/hadoop-hdds-container-service-0.5.0-SNAPSHOT.jar!/webapps/static,UNAVAILABLE}
2019-09-19 21:56:53,105 [main] INFO  handler.ContextHandler (ContextHandler.java:doStop(910)) - Stopped o.e.j.s.ServletContextHandler@55adcf9e{/logs,file:///workdir/hadoop-ozone/integration-test/target/log,UNAVAILABLE}
2019-09-19 21:56:53,107 [ForkJoinPool.commonPool-worker-0] INFO  utils.BackgroundService (BackgroundService.java:shutdown(148)) - Shutting down service BlockDeletingService
2019-09-19 21:56:53,113 [ForkJoinPool.commonPool-worker-0] INFO  statemachine.DatanodeStateMachine (DatanodeStateMachine.java:stopDaemon(395)) - Ozone container server stopped.
2019-09-19 21:56:53,116 [ForkJoinPool.commonPool-worker-0] INFO  handler.ContextHandler (ContextHandler.java:doStop(910)) - Stopped o.e.j.w.WebAppContext@6537ac{/,null,UNAVAILABLE}{/hddsDatanode}
2019-09-19 21:56:53,116 [ForkJoinPool.commonPool-worker-0] INFO  server.AbstractConnector (AbstractConnector.java:doStop(318)) - Stopped ServerConnector@3b218c74{HTTP/1.1,[http/1.1]}{0.0.0.0:0}
2019-09-19 21:56:53,117 [ForkJoinPool.commonPool-worker-0] INFO  handler.ContextHandler (ContextHandler.java:doStop(910)) - Stopped o.e.j.s.ServletContextHandler@1aedf08d{/static,jar:file:/home/user/.m2/repository/org/apache/hadoop/hadoop-hdds-container-service/0.5.0-SNAPSHOT/hadoop-hdds-container-service-0.5.0-SNAPSHOT.jar!/webapps/static,UNAVAILABLE}
2019-09-19 21:56:53,117 [ForkJoinPool.commonPool-worker-0] INFO  handler.ContextHandler (ContextHandler.java:doStop(910)) - Stopped o.e.j.s.ServletContextHandler@1491cd6c{/logs,file:///workdir/hadoop-ozone/integration-test/target/log,UNAVAILABLE}
2019-09-19 21:56:53,596 [Thread-3636] INFO  impl.FollowerState (FollowerState.java:run(106)) - bd433f40-6668-460a-8e37-fb009828bf6c:group-835F16A767BD changes to CANDIDATE, lastRpcTime:5842, electionTimeout:5051ms
2019-09-19 21:56:53,597 [Thread-3636] INFO  impl.RoleInfo (RoleInfo.java:shutdownFollowerState(121)) - bd433f40-6668-460a-8e37-fb009828bf6c: shutdown FollowerState
2019-09-19 21:56:53,597 [Thread-3636] INFO  impl.RaftServerImpl (RaftServerImpl.java:setRole(174)) - bd433f40-6668-460a-8e37-fb009828bf6c@group-835F16A767BD: changes role from  FOLLOWER to CANDIDATE at term 1 for changeToCandidate
2019-09-19 21:56:53,597 [Thread-3636] INFO  impl.RoleInfo (RoleInfo.java:updateAndGet(143)) - bd433f40-6668-460a-8e37-fb009828bf6c: start LeaderElection
2019-09-19 21:56:53,599 [bd433f40-6668-460a-8e37-fb009828bf6c@group-835F16A767BD:LeaderElection95] INFO  impl.RaftServerImpl (ServerState.java:setLeader(253)) - bd433f40-6668-460a-8e37-fb009828bf6c@group-835F16A767BD: change Leader from afea28c8-2167-4e4f-8679-60ec4d623a67 to null at term 1 for initElection
2019-09-19 21:56:53,626 [bd433f40-6668-460a-8e37-fb009828bf6c@group-835F16A767BD:LeaderElection95] INFO  impl.LeaderElection (LeaderElection.java:askForVotes(182)) - bd433f40-6668-460a-8e37-fb009828bf6c@group-835F16A767BD:LeaderElection95: begin an election at term 2 for 0: [bcf2dcee-3b1d-45e4-b716-31c033deb895:192.168.157.232:34727, afea28c8-2167-4e4f-8679-60ec4d623a67:192.168.157.232:39740, bd433f40-6668-460a-8e37-fb009828bf6c:192.168.157.232:40358], old=null
2019-09-19 21:56:53,628 [bd433f40-6668-460a-8e37-fb009828bf6c@group-835F16A767BD:LeaderElection95] INFO  impl.LeaderElection (LogUtils.java:infoOrTrace(149)) - bd433f40-6668-460a-8e37-fb009828bf6c@group-835F16A767BD:LeaderElection95 got exception when requesting votes: {}
java.util.concurrent.ExecutionException: org.apache.ratis.thirdparty.io.grpc.StatusRuntimeException: UNAVAILABLE: io exception
	at java.util.concurrent.FutureTask.report(FutureTask.java:122)
	at java.util.concurrent.FutureTask.get(FutureTask.java:192)
	at org.apache.ratis.server.impl.LeaderElection.waitForResults(LeaderElection.java:263)
	at org.apache.ratis.server.impl.LeaderElection.askForVotes(LeaderElection.java:201)
	at org.apache.ratis.server.impl.LeaderElection.run(LeaderElection.java:133)
	at java.lang.Thread.run(Thread.java:748)
Caused by: org.apache.ratis.thirdparty.io.grpc.StatusRuntimeException: UNAVAILABLE: io exception
	at org.apache.ratis.thirdparty.io.grpc.stub.ClientCalls.toStatusRuntimeException(ClientCalls.java:233)
	at org.apache.ratis.thirdparty.io.grpc.stub.ClientCalls.getUnchecked(ClientCalls.java:214)
	at org.apache.ratis.thirdparty.io.grpc.stub.ClientCalls.blockingUnaryCall(ClientCalls.java:139)
	at org.apache.ratis.proto.grpc.RaftServerProtocolServiceGrpc$RaftServerProtocolServiceBlockingStub.requestVote(RaftServerProtocolServiceGrpc.java:265)
	at org.apache.ratis.grpc.server.GrpcServerProtocolClient.requestVote(GrpcServerProtocolClient.java:90)
	at org.apache.ratis.grpc.server.GrpcService.requestVote(GrpcService.java:204)
	at org.apache.ratis.server.impl.LeaderElection.lambda$submitRequests$1(LeaderElection.java:238)
	at java.util.concurrent.FutureTask.run(FutureTask.java:266)
	at java.util.concurrent.Executors$RunnableAdapter.call(Executors.java:511)
	at java.util.concurrent.FutureTask.run(FutureTask.java:266)
	at java.util.concurrent.ThreadPoolExecutor.runWorker(ThreadPoolExecutor.java:1149)
	at java.util.concurrent.ThreadPoolExecutor$Worker.run(ThreadPoolExecutor.java:624)
	... 1 more
Caused by: org.apache.ratis.thirdparty.io.netty.channel.AbstractChannel$AnnotatedConnectException: Connection refused: /192.168.157.232:39740
	at sun.nio.ch.SocketChannelImpl.checkConnect(Native Method)
	at sun.nio.ch.SocketChannelImpl.finishConnect(SocketChannelImpl.java:717)
	at org.apache.ratis.thirdparty.io.netty.channel.socket.nio.NioSocketChannel.doFinishConnect(NioSocketChannel.java:327)
	at org.apache.ratis.thirdparty.io.netty.channel.nio.AbstractNioChannel$AbstractNioUnsafe.finishConnect(AbstractNioChannel.java:340)
	at org.apache.ratis.thirdparty.io.netty.channel.nio.NioEventLoop.processSelectedKey(NioEventLoop.java:632)
	at org.apache.ratis.thirdparty.io.netty.channel.nio.NioEventLoop.processSelectedKeysOptimized(NioEventLoop.java:579)
	at org.apache.ratis.thirdparty.io.netty.channel.nio.NioEventLoop.processSelectedKeys(NioEventLoop.java:496)
	at org.apache.ratis.thirdparty.io.netty.channel.nio.NioEventLoop.run(NioEventLoop.java:458)
	at org.apache.ratis.thirdparty.io.netty.util.concurrent.SingleThreadEventExecutor$5.run(SingleThreadEventExecutor.java:897)
	at org.apache.ratis.thirdparty.io.netty.util.concurrent.FastThreadLocalRunnable.run(FastThreadLocalRunnable.java:30)
	... 1 more
Caused by: java.net.ConnectException: Connection refused
	... 11 more
2019-09-19 21:56:53,630 [bd433f40-6668-460a-8e37-fb009828bf6c@group-835F16A767BD:LeaderElection95] INFO  impl.LeaderElection (LogUtils.java:infoOrTrace(149)) - bd433f40-6668-460a-8e37-fb009828bf6c@group-835F16A767BD:LeaderElection95 got exception when requesting votes: {}
java.util.concurrent.ExecutionException: org.apache.ratis.thirdparty.io.grpc.StatusRuntimeException: UNAVAILABLE: io exception
	at java.util.concurrent.FutureTask.report(FutureTask.java:122)
	at java.util.concurrent.FutureTask.get(FutureTask.java:192)
	at org.apache.ratis.server.impl.LeaderElection.waitForResults(LeaderElection.java:263)
	at org.apache.ratis.server.impl.LeaderElection.askForVotes(LeaderElection.java:201)
	at org.apache.ratis.server.impl.LeaderElection.run(LeaderElection.java:133)
	at java.lang.Thread.run(Thread.java:748)
Caused by: org.apache.ratis.thirdparty.io.grpc.StatusRuntimeException: UNAVAILABLE: io exception
	at org.apache.ratis.thirdparty.io.grpc.stub.ClientCalls.toStatusRuntimeException(ClientCalls.java:233)
	at org.apache.ratis.thirdparty.io.grpc.stub.ClientCalls.getUnchecked(ClientCalls.java:214)
	at org.apache.ratis.thirdparty.io.grpc.stub.ClientCalls.blockingUnaryCall(ClientCalls.java:139)
	at org.apache.ratis.proto.grpc.RaftServerProtocolServiceGrpc$RaftServerProtocolServiceBlockingStub.requestVote(RaftServerProtocolServiceGrpc.java:265)
	at org.apache.ratis.grpc.server.GrpcServerProtocolClient.requestVote(GrpcServerProtocolClient.java:90)
	at org.apache.ratis.grpc.server.GrpcService.requestVote(GrpcService.java:204)
	at org.apache.ratis.server.impl.LeaderElection.lambda$submitRequests$1(LeaderElection.java:238)
	at java.util.concurrent.FutureTask.run(FutureTask.java:266)
	at java.util.concurrent.Executors$RunnableAdapter.call(Executors.java:511)
	at java.util.concurrent.FutureTask.run(FutureTask.java:266)
	at java.util.concurrent.ThreadPoolExecutor.runWorker(ThreadPoolExecutor.java:1149)
	at java.util.concurrent.ThreadPoolExecutor$Worker.run(ThreadPoolExecutor.java:624)
	... 1 more
Caused by: org.apache.ratis.thirdparty.io.netty.channel.AbstractChannel$AnnotatedConnectException: Connection refused: /192.168.157.232:34727
	at sun.nio.ch.SocketChannelImpl.checkConnect(Native Method)
	at sun.nio.ch.SocketChannelImpl.finishConnect(SocketChannelImpl.java:717)
	at org.apache.ratis.thirdparty.io.netty.channel.socket.nio.NioSocketChannel.doFinishConnect(NioSocketChannel.java:327)
	at org.apache.ratis.thirdparty.io.netty.channel.nio.AbstractNioChannel$AbstractNioUnsafe.finishConnect(AbstractNioChannel.java:340)
	at org.apache.ratis.thirdparty.io.netty.channel.nio.NioEventLoop.processSelectedKey(NioEventLoop.java:632)
	at org.apache.ratis.thirdparty.io.netty.channel.nio.NioEventLoop.processSelectedKeysOptimized(NioEventLoop.java:579)
	at org.apache.ratis.thirdparty.io.netty.channel.nio.NioEventLoop.processSelectedKeys(NioEventLoop.java:496)
	at org.apache.ratis.thirdparty.io.netty.channel.nio.NioEventLoop.run(NioEventLoop.java:458)
	at org.apache.ratis.thirdparty.io.netty.util.concurrent.SingleThreadEventExecutor$5.run(SingleThreadEventExecutor.java:897)
	at org.apache.ratis.thirdparty.io.netty.util.concurrent.FastThreadLocalRunnable.run(FastThreadLocalRunnable.java:30)
	... 1 more
Caused by: java.net.ConnectException: Connection refused
	... 11 more
2019-09-19 21:56:53,632 [bd433f40-6668-460a-8e37-fb009828bf6c@group-835F16A767BD:LeaderElection95] INFO  impl.LeaderElection (LeaderElection.java:logAndReturn(56)) - bd433f40-6668-460a-8e37-fb009828bf6c@group-835F16A767BD:LeaderElection95: Election REJECTED; received 0 response(s) [] and 2 exception(s); bd433f40-6668-460a-8e37-fb009828bf6c@group-835F16A767BD:t2, leader=null, voted=bd433f40-6668-460a-8e37-fb009828bf6c, raftlog=bd433f40-6668-460a-8e37-fb009828bf6c@group-835F16A767BD-SegmentedRaftLog:OPENED:c6,f6,i6, conf=0: [bcf2dcee-3b1d-45e4-b716-31c033deb895:192.168.157.232:34727, afea28c8-2167-4e4f-8679-60ec4d623a67:192.168.157.232:39740, bd433f40-6668-460a-8e37-fb009828bf6c:192.168.157.232:40358], old=null
2019-09-19 21:56:53,632 [bd433f40-6668-460a-8e37-fb009828bf6c@group-835F16A767BD:LeaderElection95] INFO  impl.LeaderElection (LogUtils.java:infoOrTrace(149)) -   Exception 0: {}
java.util.concurrent.ExecutionException: org.apache.ratis.thirdparty.io.grpc.StatusRuntimeException: UNAVAILABLE: io exception
	at java.util.concurrent.FutureTask.report(FutureTask.java:122)
	at java.util.concurrent.FutureTask.get(FutureTask.java:192)
	at org.apache.ratis.server.impl.LeaderElection.waitForResults(LeaderElection.java:263)
	at org.apache.ratis.server.impl.LeaderElection.askForVotes(LeaderElection.java:201)
	at org.apache.ratis.server.impl.LeaderElection.run(LeaderElection.java:133)
	at java.lang.Thread.run(Thread.java:748)
Caused by: org.apache.ratis.thirdparty.io.grpc.StatusRuntimeException: UNAVAILABLE: io exception
	at org.apache.ratis.thirdparty.io.grpc.stub.ClientCalls.toStatusRuntimeException(ClientCalls.java:233)
	at org.apache.ratis.thirdparty.io.grpc.stub.ClientCalls.getUnchecked(ClientCalls.java:214)
	at org.apache.ratis.thirdparty.io.grpc.stub.ClientCalls.blockingUnaryCall(ClientCalls.java:139)
	at org.apache.ratis.proto.grpc.RaftServerProtocolServiceGrpc$RaftServerProtocolServiceBlockingStub.requestVote(RaftServerProtocolServiceGrpc.java:265)
	at org.apache.ratis.grpc.server.GrpcServerProtocolClient.requestVote(GrpcServerProtocolClient.java:90)
	at org.apache.ratis.grpc.server.GrpcService.requestVote(GrpcService.java:204)
	at org.apache.ratis.server.impl.LeaderElection.lambda$submitRequests$1(LeaderElection.java:238)
	at java.util.concurrent.FutureTask.run(FutureTask.java:266)
	at java.util.concurrent.Executors$RunnableAdapter.call(Executors.java:511)
	at java.util.concurrent.FutureTask.run(FutureTask.java:266)
	at java.util.concurrent.ThreadPoolExecutor.runWorker(ThreadPoolExecutor.java:1149)
	at java.util.concurrent.ThreadPoolExecutor$Worker.run(ThreadPoolExecutor.java:624)
	... 1 more
Caused by: org.apache.ratis.thirdparty.io.netty.channel.AbstractChannel$AnnotatedConnectException: Connection refused: /192.168.157.232:39740
	at sun.nio.ch.SocketChannelImpl.checkConnect(Native Method)
	at sun.nio.ch.SocketChannelImpl.finishConnect(SocketChannelImpl.java:717)
	at org.apache.ratis.thirdparty.io.netty.channel.socket.nio.NioSocketChannel.doFinishConnect(NioSocketChannel.java:327)
	at org.apache.ratis.thirdparty.io.netty.channel.nio.AbstractNioChannel$AbstractNioUnsafe.finishConnect(AbstractNioChannel.java:340)
	at org.apache.ratis.thirdparty.io.netty.channel.nio.NioEventLoop.processSelectedKey(NioEventLoop.java:632)
	at org.apache.ratis.thirdparty.io.netty.channel.nio.NioEventLoop.processSelectedKeysOptimized(NioEventLoop.java:579)
	at org.apache.ratis.thirdparty.io.netty.channel.nio.NioEventLoop.processSelectedKeys(NioEventLoop.java:496)
	at org.apache.ratis.thirdparty.io.netty.channel.nio.NioEventLoop.run(NioEventLoop.java:458)
	at org.apache.ratis.thirdparty.io.netty.util.concurrent.SingleThreadEventExecutor$5.run(SingleThreadEventExecutor.java:897)
	at org.apache.ratis.thirdparty.io.netty.util.concurrent.FastThreadLocalRunnable.run(FastThreadLocalRunnable.java:30)
	... 1 more
Caused by: java.net.ConnectException: Connection refused
	... 11 more
2019-09-19 21:56:53,633 [bd433f40-6668-460a-8e37-fb009828bf6c@group-835F16A767BD:LeaderElection95] INFO  impl.LeaderElection (LogUtils.java:infoOrTrace(149)) -   Exception 1: {}
java.util.concurrent.ExecutionException: org.apache.ratis.thirdparty.io.grpc.StatusRuntimeException: UNAVAILABLE: io exception
	at java.util.concurrent.FutureTask.report(FutureTask.java:122)
	at java.util.concurrent.FutureTask.get(FutureTask.java:192)
	at org.apache.ratis.server.impl.LeaderElection.waitForResults(LeaderElection.java:263)
	at org.apache.ratis.server.impl.LeaderElection.askForVotes(LeaderElection.java:201)
	at org.apache.ratis.server.impl.LeaderElection.run(LeaderElection.java:133)
	at java.lang.Thread.run(Thread.java:748)
Caused by: org.apache.ratis.thirdparty.io.grpc.StatusRuntimeException: UNAVAILABLE: io exception
	at org.apache.ratis.thirdparty.io.grpc.stub.ClientCalls.toStatusRuntimeException(ClientCalls.java:233)
	at org.apache.ratis.thirdparty.io.grpc.stub.ClientCalls.getUnchecked(ClientCalls.java:214)
	at org.apache.ratis.thirdparty.io.grpc.stub.ClientCalls.blockingUnaryCall(ClientCalls.java:139)
	at org.apache.ratis.proto.grpc.RaftServerProtocolServiceGrpc$RaftServerProtocolServiceBlockingStub.requestVote(RaftServerProtocolServiceGrpc.java:265)
	at org.apache.ratis.grpc.server.GrpcServerProtocolClient.requestVote(GrpcServerProtocolClient.java:90)
	at org.apache.ratis.grpc.server.GrpcService.requestVote(GrpcService.java:204)
	at org.apache.ratis.server.impl.LeaderElection.lambda$submitRequests$1(LeaderElection.java:238)
	at java.util.concurrent.FutureTask.run(FutureTask.java:266)
	at java.util.concurrent.Executors$RunnableAdapter.call(Executors.java:511)
	at java.util.concurrent.FutureTask.run(FutureTask.java:266)
	at java.util.concurrent.ThreadPoolExecutor.runWorker(ThreadPoolExecutor.java:1149)
	at java.util.concurrent.ThreadPoolExecutor$Worker.run(ThreadPoolExecutor.java:624)
	... 1 more
Caused by: org.apache.ratis.thirdparty.io.netty.channel.AbstractChannel$AnnotatedConnectException: Connection refused: /192.168.157.232:34727
	at sun.nio.ch.SocketChannelImpl.checkConnect(Native Method)
	at sun.nio.ch.SocketChannelImpl.finishConnect(SocketChannelImpl.java:717)
	at org.apache.ratis.thirdparty.io.netty.channel.socket.nio.NioSocketChannel.doFinishConnect(NioSocketChannel.java:327)
	at org.apache.ratis.thirdparty.io.netty.channel.nio.AbstractNioChannel$AbstractNioUnsafe.finishConnect(AbstractNioChannel.java:340)
	at org.apache.ratis.thirdparty.io.netty.channel.nio.NioEventLoop.processSelectedKey(NioEventLoop.java:632)
	at org.apache.ratis.thirdparty.io.netty.channel.nio.NioEventLoop.processSelectedKeysOptimized(NioEventLoop.java:579)
	at org.apache.ratis.thirdparty.io.netty.channel.nio.NioEventLoop.processSelectedKeys(NioEventLoop.java:496)
	at org.apache.ratis.thirdparty.io.netty.channel.nio.NioEventLoop.run(NioEventLoop.java:458)
	at org.apache.ratis.thirdparty.io.netty.util.concurrent.SingleThreadEventExecutor$5.run(SingleThreadEventExecutor.java:897)
	at org.apache.ratis.thirdparty.io.netty.util.concurrent.FastThreadLocalRunnable.run(FastThreadLocalRunnable.java:30)
	... 1 more
Caused by: java.net.ConnectException: Connection refused
	... 11 more
2019-09-19 21:56:53,633 [bd433f40-6668-460a-8e37-fb009828bf6c@group-835F16A767BD:LeaderElection95] INFO  impl.RaftServerImpl (RaftServerImpl.java:setRole(174)) - bd433f40-6668-460a-8e37-fb009828bf6c@group-835F16A767BD: changes role from CANDIDATE to FOLLOWER at term 2 for DISCOVERED_A_NEW_TERM
2019-09-19 21:56:53,633 [bd433f40-6668-460a-8e37-fb009828bf6c@group-835F16A767BD:LeaderElection95] INFO  impl.RoleInfo (RoleInfo.java:shutdownLeaderElection(134)) - bd433f40-6668-460a-8e37-fb009828bf6c: shutdown LeaderElection
2019-09-19 21:56:53,634 [bd433f40-6668-460a-8e37-fb009828bf6c@group-835F16A767BD:LeaderElection95] INFO  impl.RoleInfo (RoleInfo.java:updateAndGet(143)) - bd433f40-6668-460a-8e37-fb009828bf6c: start FollowerState
2019-09-19 21:56:53,705 [Datanode State Machine Thread - 0] INFO  statemachine.DatanodeStateMachine (DatanodeStateMachine.java:lambda$startDaemon$0(350)) - Ozone container server started.
2019-09-19 21:56:57,797 [EventQueue-StaleNodeForStaleNodeHandler] INFO  node.StaleNodeHandler (StaleNodeHandler.java:onMessage(58)) - Datanode bd433f40-6668-460a-8e37-fb009828bf6c{ip: 192.168.157.232, host: pr-hdds-2020-k2m72-150965138, networkLocation: /default-rack, certSerialId: null} moved to stale state. Finalizing its pipelines [PipelineID=7507ccc0-397d-430d-85d1-835f16a767bd, PipelineID=2c92351d-e349-4fdf-a97b-e09721444494]
2019-09-19 21:56:57,798 [EventQueue-StaleNodeForStaleNodeHandler] INFO  pipeline.SCMPipelineManager (SCMPipelineManager.java:finalizeAndDestroyPipeline(315)) - destroying pipeline:Pipeline[ Id: 7507ccc0-397d-430d-85d1-835f16a767bd, Nodes: bd433f40-6668-460a-8e37-fb009828bf6c{ip: 192.168.157.232, host: pr-hdds-2020-k2m72-150965138, networkLocation: /default-rack, certSerialId: null}bcf2dcee-3b1d-45e4-b716-31c033deb895{ip: 192.168.157.232, host: pr-hdds-2020-k2m72-150965138, networkLocation: /default-rack, certSerialId: null}afea28c8-2167-4e4f-8679-60ec4d623a67{ip: 192.168.157.232, host: pr-hdds-2020-k2m72-150965138, networkLocation: /default-rack, certSerialId: null}, Type:RATIS, Factor:THREE, State:CLOSED]
2019-09-19 21:56:57,798 [EventQueue-StaleNodeForStaleNodeHandler] INFO  pipeline.SCMPipelineManager (SCMPipelineManager.java:finalizeAndDestroyPipeline(315)) - destroying pipeline:Pipeline[ Id: 2c92351d-e349-4fdf-a97b-e09721444494, Nodes: bd433f40-6668-460a-8e37-fb009828bf6c{ip: 192.168.157.232, host: pr-hdds-2020-k2m72-150965138, networkLocation: /default-rack, certSerialId: null}, Type:RATIS, Factor:ONE, State:OPEN]
2019-09-19 21:56:57,798 [EventQueue-StaleNodeForStaleNodeHandler] INFO  pipeline.PipelineStateManager (PipelineStateManager.java:finalizePipeline(123)) - Pipeline Pipeline[ Id: 2c92351d-e349-4fdf-a97b-e09721444494, Nodes: bd433f40-6668-460a-8e37-fb009828bf6c{ip: 192.168.157.232, host: pr-hdds-2020-k2m72-150965138, networkLocation: /default-rack, certSerialId: null}, Type:RATIS, Factor:ONE, State:CLOSED] moved to CLOSED state
2019-09-19 21:56:58,107 [main] INFO  ozoneimpl.OzoneContainer (OzoneContainer.java:stop(231)) - Attempting to stop container services.
2019-09-19 21:56:58,110 [main] INFO  impl.RaftServerProxy (RaftServerProxy.java:lambda$close$4(314)) - bd433f40-6668-460a-8e37-fb009828bf6c: close
2019-09-19 21:56:58,111 [main] INFO  impl.RaftServerImpl (RaftServerImpl.java:lambda$shutdown$3(251)) - bd433f40-6668-460a-8e37-fb009828bf6c@group-835F16A767BD: shutdown
2019-09-19 21:56:58,112 [main] INFO  util.JmxRegister (JmxRegister.java:unregister(73)) - Successfully un-registered JMX Bean with object name Ratis:service=RaftServer,group=group-835F16A767BD,id=bd433f40-6668-460a-8e37-fb009828bf6c
2019-09-19 21:56:58,112 [main] INFO  impl.RoleInfo (RoleInfo.java:shutdownFollowerState(121)) - bd433f40-6668-460a-8e37-fb009828bf6c: shutdown FollowerState
2019-09-19 21:56:58,113 [main] INFO  impl.StateMachineUpdater (StateMachineUpdater.java:stopAndJoin(125)) - bd433f40-6668-460a-8e37-fb009828bf6c@group-835F16A767BD-StateMachineUpdater: set stopIndex = 6
2019-09-19 21:56:58,113 [bd433f40-6668-460a-8e37-fb009828bf6c@group-835F16A767BD-StateMachineUpdater] INFO  ratis.ContainerStateMachine (ContainerStateMachine.java:takeSnapshot(289)) - group-835F16A767BD: Taking a snapshot at:(t:1, i:4) file /workdir/hadoop-ozone/integration-test/target/test-dir/MiniOzoneClusterImpl-7574fd73-fa3b-42f5-86a6-8b7eb4322844/datanode-5/data/ratis/7507ccc0-397d-430d-85d1-835f16a767bd/sm/snapshot.1_4
2019-09-19 21:56:58,113 [Thread-3800] INFO  impl.FollowerState (FollowerState.java:run(115)) - bd433f40-6668-460a-8e37-fb009828bf6c: FollowerState was interrupted: java.lang.InterruptedException: sleep interrupted
2019-09-19 21:56:58,136 [bd433f40-6668-460a-8e37-fb009828bf6c@group-835F16A767BD-StateMachineUpdater] INFO  ratis.ContainerStateMachine (ContainerStateMachine.java:takeSnapshot(300)) - group-835F16A767BD: Finished taking a snapshot at:(t:1, i:4) file:/workdir/hadoop-ozone/integration-test/target/test-dir/MiniOzoneClusterImpl-7574fd73-fa3b-42f5-86a6-8b7eb4322844/datanode-5/data/ratis/7507ccc0-397d-430d-85d1-835f16a767bd/sm/snapshot.1_4 time:23
2019-09-19 21:56:58,136 [bd433f40-6668-460a-8e37-fb009828bf6c@group-835F16A767BD-StateMachineUpdater] INFO  impl.StateMachineUpdater (StateMachineUpdater.java:takeSnapshot(258)) - bd433f40-6668-460a-8e37-fb009828bf6c@group-835F16A767BD-StateMachineUpdater: Took a snapshot at index 4
2019-09-19 21:56:58,136 [bd433f40-6668-460a-8e37-fb009828bf6c@group-835F16A767BD-StateMachineUpdater] INFO  impl.StateMachineUpdater (StateMachineUpdater.java:lambda$new$0(83)) - bd433f40-6668-460a-8e37-fb009828bf6c@group-835F16A767BD-StateMachineUpdater: snapshotIndex: updateIncreasingly -1 -> 4
2019-09-19 21:56:58,137 [bd433f40-6668-460a-8e37-fb009828bf6c@group-835F16A767BD-StateMachineUpdater] INFO  ratis.ContainerStateMachine (ContainerStateMachine.java:takeSnapshot(289)) - group-835F16A767BD: Taking a snapshot at:(t:1, i:4) file /workdir/hadoop-ozone/integration-test/target/test-dir/MiniOzoneClusterImpl-7574fd73-fa3b-42f5-86a6-8b7eb4322844/datanode-5/data/ratis/7507ccc0-397d-430d-85d1-835f16a767bd/sm/snapshot.1_4
2019-09-19 21:56:58,140 [bd433f40-6668-460a-8e37-fb009828bf6c@group-835F16A767BD-StateMachineUpdater] INFO  ratis.ContainerStateMachine (ContainerStateMachine.java:takeSnapshot(300)) - group-835F16A767BD: Finished taking a snapshot at:(t:1, i:4) file:/workdir/hadoop-ozone/integration-test/target/test-dir/MiniOzoneClusterImpl-7574fd73-fa3b-42f5-86a6-8b7eb4322844/datanode-5/data/ratis/7507ccc0-397d-430d-85d1-835f16a767bd/sm/snapshot.1_4 time:3
2019-09-19 21:56:58,140 [bd433f40-6668-460a-8e37-fb009828bf6c@group-835F16A767BD-StateMachineUpdater] INFO  impl.StateMachineUpdater (StateMachineUpdater.java:takeSnapshot(258)) - bd433f40-6668-460a-8e37-fb009828bf6c@group-835F16A767BD-StateMachineUpdater: Took a snapshot at index 4
2019-09-19 21:56:58,140 [bd433f40-6668-460a-8e37-fb009828bf6c@group-835F16A767BD-StateMachineUpdater] INFO  impl.StateMachineUpdater (StateMachineUpdater.java:lambda$new$0(83)) - bd433f40-6668-460a-8e37-fb009828bf6c@group-835F16A767BD-StateMachineUpdater: snapshotIndex: updateIncreasingly 4 -> 4
2019-09-19 21:56:58,140 [main] INFO  impl.RaftServerImpl (ServerState.java:close(385)) - bd433f40-6668-460a-8e37-fb009828bf6c@group-835F16A767BD: closes. applyIndex: 6
2019-09-19 21:56:58,141 [bd433f40-6668-460a-8e37-fb009828bf6c@group-835F16A767BD-SegmentedRaftLogWorker] INFO  segmented.SegmentedRaftLogWorker (SegmentedRaftLogWorker.java:run(313)) - bd433f40-6668-460a-8e37-fb009828bf6c@group-835F16A767BD-SegmentedRaftLogWorker was interrupted, exiting. There are 0 tasks remaining in the queue.
2019-09-19 21:56:58,141 [main] INFO  segmented.SegmentedRaftLogWorker (SegmentedRaftLogWorker.java:close(228)) - bd433f40-6668-460a-8e37-fb009828bf6c@group-835F16A767BD-SegmentedRaftLogWorker close()
2019-09-19 21:56:58,142 [main] INFO  impl.RaftServerImpl (RaftServerImpl.java:lambda$shutdown$3(251)) - bd433f40-6668-460a-8e37-fb009828bf6c@group-E09721444494: shutdown
2019-09-19 21:56:58,142 [main] INFO  util.JmxRegister (JmxRegister.java:unregister(73)) - Successfully un-registered JMX Bean with object name Ratis:service=RaftServer,group=group-E09721444494,id=bd433f40-6668-460a-8e37-fb009828bf6c
2019-09-19 21:56:58,143 [main] INFO  impl.RoleInfo (RoleInfo.java:shutdownLeaderState(104)) - bd433f40-6668-460a-8e37-fb009828bf6c: shutdown LeaderState
2019-09-19 21:56:58,143 [main] INFO  impl.PendingRequests (PendingRequests.java:sendNotLeaderResponses(202)) - bd433f40-6668-460a-8e37-fb009828bf6c-PendingRequests: sendNotLeaderResponses
2019-09-19 21:56:58,144 [main] INFO  impl.StateMachineUpdater (StateMachineUpdater.java:stopAndJoin(125)) - bd433f40-6668-460a-8e37-fb009828bf6c@group-E09721444494-StateMachineUpdater: set stopIndex = 0
2019-09-19 21:56:58,144 [main] INFO  impl.RaftServerImpl (ServerState.java:close(385)) - bd433f40-6668-460a-8e37-fb009828bf6c@group-E09721444494: closes. applyIndex: 0
2019-09-19 21:56:58,144 [bd433f40-6668-460a-8e37-fb009828bf6c@group-E09721444494-SegmentedRaftLogWorker] INFO  segmented.SegmentedRaftLogWorker (SegmentedRaftLogWorker.java:run(313)) - bd433f40-6668-460a-8e37-fb009828bf6c@group-E09721444494-SegmentedRaftLogWorker was interrupted, exiting. There are 0 tasks remaining in the queue.
2019-09-19 21:56:58,145 [main] INFO  segmented.SegmentedRaftLogWorker (SegmentedRaftLogWorker.java:close(228)) - bd433f40-6668-460a-8e37-fb009828bf6c@group-E09721444494-SegmentedRaftLogWorker close()
2019-09-19 21:56:58,145 [main] INFO  server.GrpcService (GrpcService.java:closeImpl(164)) - bd433f40-6668-460a-8e37-fb009828bf6c: shutdown server with port 40358 now
2019-09-19 21:56:58,146 [main] INFO  server.GrpcService (GrpcService.java:closeImpl(172)) - bd433f40-6668-460a-8e37-fb009828bf6c: shutdown server with port 40358 successfully
2019-09-19 21:56:58,149 [refreshUsed-/workdir/hadoop-ozone/integration-test/target/test-dir/MiniOzoneClusterImpl-7574fd73-fa3b-42f5-86a6-8b7eb4322844/datanode-5/data/containers] WARN  fs.CachingGetSpaceUsed (CachingGetSpaceUsed.java:run(183)) - Thread Interrupted waiting to refresh disk information: sleep interrupted
2019-09-19 21:56:58,168 [main] INFO  utils.BackgroundService (BackgroundService.java:shutdown(148)) - Shutting down service BlockDeletingService
2019-09-19 21:56:58,169 [main] INFO  statemachine.DatanodeStateMachine (DatanodeStateMachine.java:stopDaemon(395)) - Ozone container server stopped.
2019-09-19 21:56:58,171 [main] INFO  handler.ContextHandler (ContextHandler.java:doStop(910)) - Stopped o.e.j.w.WebAppContext@7b377a53{/,null,UNAVAILABLE}{/hddsDatanode}
2019-09-19 21:56:58,172 [main] INFO  server.AbstractConnector (AbstractConnector.java:doStop(318)) - Stopped ServerConnector@1b0e031b{HTTP/1.1,[http/1.1]}{0.0.0.0:0}
2019-09-19 21:56:58,172 [main] INFO  handler.ContextHandler (ContextHandler.java:doStop(910)) - Stopped o.e.j.s.ServletContextHandler@3ca17943{/static,jar:file:/home/user/.m2/repository/org/apache/hadoop/hadoop-hdds-container-service/0.5.0-SNAPSHOT/hadoop-hdds-container-service-0.5.0-SNAPSHOT.jar!/webapps/static,UNAVAILABLE}
2019-09-19 21:56:58,173 [main] INFO  handler.ContextHandler (ContextHandler.java:doStop(910)) - Stopped o.e.j.s.ServletContextHandler@7308c820{/logs,file:///workdir/hadoop-ozone/integration-test/target/log,UNAVAILABLE}
2019-09-19 21:56:58,174 [main] INFO  ozone.MiniOzoneClusterImpl (MiniOzoneClusterImpl.java:stop(344)) - Stopping the StorageContainerManager
2019-09-19 21:56:58,174 [main] INFO  server.StorageContainerManager (StorageContainerManager.java:stop(808)) - Stopping Replication Manager Service.
2019-09-19 21:56:58,174 [main] INFO  container.ReplicationManager (ReplicationManager.java:stop(203)) - Stopping Replication Monitor Thread.
2019-09-19 21:56:58,174 [main] INFO  server.StorageContainerManager (StorageContainerManager.java:stop(815)) - Stopping Lease Manager of the command watchers
2019-09-19 21:56:58,174 [main] INFO  server.StorageContainerManager (StorageContainerManager.java:stop(822)) - Stopping datanode service RPC server
2019-09-19 21:56:58,174 [main] INFO  server.SCMDatanodeProtocolServer (SCMDatanodeProtocolServer.java:stop(367)) - Stopping the RPC server for DataNodes
2019-09-19 21:56:58,175 [main] INFO  ipc.Server (Server.java:stop(3082)) - Stopping server on 46365
2019-09-19 21:56:58,178 [IPC Server listener on 46365] INFO  ipc.Server (Server.java:run(1185)) - Stopping IPC Server listener on 46365
2019-09-19 21:56:58,178 [IPC Server Responder] INFO  ipc.Server (Server.java:run(1319)) - Stopping IPC Server Responder
2019-09-19 21:56:58,197 [SCM Heartbeat Processing Thread - 0] WARN  node.NodeStateManager (NodeStateManager.java:scheduleNextHealthCheck(646)) - Current Thread is interrupted, shutting down HB processing thread for Node Manager.
2019-09-19 21:56:58,197 [main] INFO  server.StorageContainerManager (StorageContainerManager.java:stop(830)) - Stopping block service RPC server
2019-09-19 21:56:58,197 [main] INFO  server.SCMBlockProtocolServer (SCMBlockProtocolServer.java:stop(155)) - Stopping the RPC server for Block Protocol
2019-09-19 21:56:58,198 [main] INFO  ipc.Server (Server.java:stop(3082)) - Stopping server on 32982
2019-09-19 21:56:58,200 [IPC Server listener on 32982] INFO  ipc.Server (Server.java:run(1185)) - Stopping IPC Server listener on 32982
2019-09-19 21:56:58,203 [main] INFO  server.StorageContainerManager (StorageContainerManager.java:stop(837)) - Stopping the StorageContainerLocationProtocol RPC server
2019-09-19 21:56:58,205 [IPC Server Responder] INFO  ipc.Server (Server.java:run(1319)) - Stopping IPC Server Responder
2019-09-19 21:56:58,205 [main] INFO  server.SCMClientProtocolServer (SCMClientProtocolServer.java:stop(159)) - Stopping the RPC server for Client Protocol
2019-09-19 21:56:58,205 [main] INFO  ipc.Server (Server.java:stop(3082)) - Stopping server on 39031
2019-09-19 21:56:58,209 [IPC Server listener on 39031] INFO  ipc.Server (Server.java:run(1185)) - Stopping IPC Server listener on 39031
2019-09-19 21:56:58,209 [main] INFO  server.StorageContainerManager (StorageContainerManager.java:stop(844)) - Stopping Storage Container Manager HTTP server.
2019-09-19 21:56:58,210 [IPC Server Responder] INFO  ipc.Server (Server.java:run(1319)) - Stopping IPC Server Responder
2019-09-19 21:56:58,211 [main] INFO  handler.ContextHandler (ContextHandler.java:doStop(910)) - Stopped o.e.j.w.WebAppContext@70b33256{/,null,UNAVAILABLE}{/scm}
2019-09-19 21:56:58,211 [main] INFO  server.AbstractConnector (AbstractConnector.java:doStop(318)) - Stopped ServerConnector@33d230ce{HTTP/1.1,[http/1.1]}{0.0.0.0:0}
2019-09-19 21:56:58,211 [main] INFO  handler.ContextHandler (ContextHandler.java:doStop(910)) - Stopped o.e.j.s.ServletContextHandler@1c74d19{/static,file:///workdir/hadoop-ozone/integration-test/target/test-classes/webapps/static,UNAVAILABLE}
2019-09-19 21:56:58,212 [main] INFO  handler.ContextHandler (ContextHandler.java:doStop(910)) - Stopped o.e.j.s.ServletContextHandler@59918c8f{/logs,file:///workdir/hadoop-ozone/integration-test/target/log,UNAVAILABLE}
2019-09-19 21:56:58,213 [main] INFO  server.StorageContainerManager (StorageContainerManager.java:stop(855)) - Stopping Block Manager Service.
2019-09-19 21:56:58,213 [main] INFO  utils.BackgroundService (BackgroundService.java:shutdown(148)) - Shutting down service SCMBlockDeletingService
2019-09-19 21:56:58,213 [main] INFO  utils.BackgroundService (BackgroundService.java:shutdown(148)) - Shutting down service SCMBlockDeletingService
2019-09-19 21:56:58,214 [main] INFO  server.StorageContainerManager (StorageContainerManager.java:stop(877)) - Stopping SCM Event Queue.
2019-09-19 21:56:58,218 [main] INFO  impl.MetricsSystemImpl (MetricsSystemImpl.java:stop(210)) - Stopping HddsDatanode metrics system...
2019-09-19 21:56:58,245 [main] INFO  impl.MetricsSystemImpl (MetricsSystemImpl.java:stop(216)) - HddsDatanode metrics system stopped.
]]></system-out>
    <system-err><![CDATA[Sep 19, 2019 9:56:42 PM org.apache.ratis.thirdparty.io.grpc.internal.SerializingExecutor run
SEVERE: Exception while executing runnable org.apache.ratis.thirdparty.io.grpc.internal.ServerImpl$JumpToApplicationThreadServerStreamListener$1Closed@1b9d129b
org.apache.ratis.thirdparty.io.grpc.StatusRuntimeException: CANCELLED: call already cancelled
	at org.apache.ratis.thirdparty.io.grpc.Status.asRuntimeException(Status.java:517)
	at org.apache.ratis.thirdparty.io.grpc.stub.ServerCalls$ServerCallStreamObserverImpl.onCompleted(ServerCalls.java:356)
	at org.apache.ratis.grpc.server.GrpcServerProtocolService$ServerRequestStreamObserver.onError(GrpcServerProtocolService.java:121)
	at org.apache.ratis.thirdparty.io.grpc.stub.ServerCalls$StreamingServerCallHandler$StreamingServerCallListener.onCancel(ServerCalls.java:269)
	at org.apache.ratis.thirdparty.io.grpc.internal.ServerCallImpl$ServerStreamListenerImpl.closed(ServerCallImpl.java:293)
	at org.apache.ratis.thirdparty.io.grpc.internal.ServerImpl$JumpToApplicationThreadServerStreamListener$1Closed.runInContext(ServerImpl.java:741)
	at org.apache.ratis.thirdparty.io.grpc.internal.ContextRunnable.run(ContextRunnable.java:37)
	at org.apache.ratis.thirdparty.io.grpc.internal.SerializingExecutor.run(SerializingExecutor.java:123)
	at java.util.concurrent.ThreadPoolExecutor.runWorker(ThreadPoolExecutor.java:1149)
	at java.util.concurrent.ThreadPoolExecutor$Worker.run(ThreadPoolExecutor.java:624)
	at java.lang.Thread.run(Thread.java:748)

Sep 19, 2019 9:56:42 PM org.apache.ratis.thirdparty.io.grpc.internal.SerializingExecutor run
SEVERE: Exception while executing runnable org.apache.ratis.thirdparty.io.grpc.internal.ServerImpl$JumpToApplicationThreadServerStreamListener$1Closed@22dfc206
org.apache.ratis.thirdparty.io.grpc.StatusRuntimeException: CANCELLED: call already cancelled
	at org.apache.ratis.thirdparty.io.grpc.Status.asRuntimeException(Status.java:517)
	at org.apache.ratis.thirdparty.io.grpc.stub.ServerCalls$ServerCallStreamObserverImpl.onCompleted(ServerCalls.java:356)
	at org.apache.ratis.grpc.server.GrpcServerProtocolService$ServerRequestStreamObserver.onError(GrpcServerProtocolService.java:121)
	at org.apache.ratis.thirdparty.io.grpc.stub.ServerCalls$StreamingServerCallHandler$StreamingServerCallListener.onCancel(ServerCalls.java:269)
	at org.apache.ratis.thirdparty.io.grpc.internal.ServerCallImpl$ServerStreamListenerImpl.closed(ServerCallImpl.java:293)
	at org.apache.ratis.thirdparty.io.grpc.internal.ServerImpl$JumpToApplicationThreadServerStreamListener$1Closed.runInContext(ServerImpl.java:741)
	at org.apache.ratis.thirdparty.io.grpc.internal.ContextRunnable.run(ContextRunnable.java:37)
	at org.apache.ratis.thirdparty.io.grpc.internal.SerializingExecutor.run(SerializingExecutor.java:123)
	at java.util.concurrent.ThreadPoolExecutor.runWorker(ThreadPoolExecutor.java:1149)
	at java.util.concurrent.ThreadPoolExecutor$Worker.run(ThreadPoolExecutor.java:624)
	at java.lang.Thread.run(Thread.java:748)

Sep 19, 2019 9:56:47 PM org.apache.ratis.thirdparty.io.grpc.internal.SerializingExecutor run
SEVERE: Exception while executing runnable org.apache.ratis.thirdparty.io.grpc.internal.ServerImpl$JumpToApplicationThreadServerStreamListener$1Closed@7d5242cc
org.apache.ratis.thirdparty.io.grpc.StatusRuntimeException: CANCELLED: call already cancelled
	at org.apache.ratis.thirdparty.io.grpc.Status.asRuntimeException(Status.java:517)
	at org.apache.ratis.thirdparty.io.grpc.stub.ServerCalls$ServerCallStreamObserverImpl.onCompleted(ServerCalls.java:356)
	at org.apache.ratis.grpc.server.GrpcServerProtocolService$ServerRequestStreamObserver.onError(GrpcServerProtocolService.java:121)
	at org.apache.ratis.thirdparty.io.grpc.stub.ServerCalls$StreamingServerCallHandler$StreamingServerCallListener.onCancel(ServerCalls.java:269)
	at org.apache.ratis.thirdparty.io.grpc.internal.ServerCallImpl$ServerStreamListenerImpl.closed(ServerCallImpl.java:293)
	at org.apache.ratis.thirdparty.io.grpc.internal.ServerImpl$JumpToApplicationThreadServerStreamListener$1Closed.runInContext(ServerImpl.java:741)
	at org.apache.ratis.thirdparty.io.grpc.internal.ContextRunnable.run(ContextRunnable.java:37)
	at org.apache.ratis.thirdparty.io.grpc.internal.SerializingExecutor.run(SerializingExecutor.java:123)
	at java.util.concurrent.ThreadPoolExecutor.runWorker(ThreadPoolExecutor.java:1149)
	at java.util.concurrent.ThreadPoolExecutor$Worker.run(ThreadPoolExecutor.java:624)
	at java.lang.Thread.run(Thread.java:748)

]]></system-err>
  </testcase>
  <testcase name="testWatchForCommitWithCloseContainerException" classname="org.apache.hadoop.ozone.client.rpc.TestBlockOutputStreamWithFailures" time="37.386"/>
  <testcase name="testExceptionDuringClose" classname="org.apache.hadoop.ozone.client.rpc.TestBlockOutputStreamWithFailures" time="39.784">
    <failure message="expected:&lt;90&gt; but was:&lt;92&gt;" type="java.lang.AssertionError"><![CDATA[java.lang.AssertionError: expected:<90> but was:<92>
	at org.junit.Assert.fail(Assert.java:88)
	at org.junit.Assert.failNotEquals(Assert.java:743)
	at org.junit.Assert.assertEquals(Assert.java:118)
	at org.junit.Assert.assertEquals(Assert.java:555)
	at org.junit.Assert.assertEquals(Assert.java:542)
	at org.apache.hadoop.ozone.client.rpc.TestBlockOutputStreamWithFailures.testExceptionDuringClose(TestBlockOutputStreamWithFailures.java:769)
	at sun.reflect.NativeMethodAccessorImpl.invoke0(Native Method)
	at sun.reflect.NativeMethodAccessorImpl.invoke(NativeMethodAccessorImpl.java:62)
	at sun.reflect.DelegatingMethodAccessorImpl.invoke(DelegatingMethodAccessorImpl.java:43)
	at java.lang.reflect.Method.invoke(Method.java:498)
	at org.junit.runners.model.FrameworkMethod$1.runReflectiveCall(FrameworkMethod.java:47)
	at org.junit.internal.runners.model.ReflectiveCallable.run(ReflectiveCallable.java:12)
	at org.junit.runners.model.FrameworkMethod.invokeExplosively(FrameworkMethod.java:44)
	at org.junit.internal.runners.statements.InvokeMethod.evaluate(InvokeMethod.java:17)
	at org.junit.internal.runners.statements.RunBefores.evaluate(RunBefores.java:26)
	at org.junit.internal.runners.statements.RunAfters.evaluate(RunAfters.java:27)
	at org.junit.runners.ParentRunner.runLeaf(ParentRunner.java:271)
	at org.junit.runners.BlockJUnit4ClassRunner.runChild(BlockJUnit4ClassRunner.java:70)
	at org.junit.runners.BlockJUnit4ClassRunner.runChild(BlockJUnit4ClassRunner.java:50)
	at org.junit.runners.ParentRunner$3.run(ParentRunner.java:238)
	at org.junit.runners.ParentRunner$1.schedule(ParentRunner.java:63)
	at org.junit.runners.ParentRunner.runChildren(ParentRunner.java:236)
	at org.junit.runners.ParentRunner.access$000(ParentRunner.java:53)
	at org.junit.runners.ParentRunner$2.evaluate(ParentRunner.java:229)
	at org.junit.runners.ParentRunner.run(ParentRunner.java:309)
	at org.apache.maven.surefire.junit4.JUnit4Provider.execute(JUnit4Provider.java:365)
	at org.apache.maven.surefire.junit4.JUnit4Provider.executeWithRerun(JUnit4Provider.java:273)
	at org.apache.maven.surefire.junit4.JUnit4Provider.executeTestSet(JUnit4Provider.java:238)
	at org.apache.maven.surefire.junit4.JUnit4Provider.invoke(JUnit4Provider.java:159)
	at org.apache.maven.surefire.booter.ForkedBooter.invokeProviderInSameClassLoader(ForkedBooter.java:384)
	at org.apache.maven.surefire.booter.ForkedBooter.runSuitesInProcess(ForkedBooter.java:345)
	at org.apache.maven.surefire.booter.ForkedBooter.execute(ForkedBooter.java:126)
	at org.apache.maven.surefire.booter.ForkedBooter.main(ForkedBooter.java:418)
]]></failure>
    <system-out><![CDATA[2019-09-19 21:57:35,686 [main] WARN  server.ServerUtils (ServerUtils.java:getScmDbDir(145)) - ozone.scm.db.dirs is not configured. We recommend adding this setting. Falling back to ozone.metadata.dirs instead.
2019-09-19 21:57:35,712 [main] WARN  server.ServerUtils (ServerUtils.java:getScmDbDir(145)) - ozone.scm.db.dirs is not configured. We recommend adding this setting. Falling back to ozone.metadata.dirs instead.
2019-09-19 21:57:35,712 [main] WARN  server.ServerUtils (ServerUtils.java:getScmDbDir(145)) - ozone.scm.db.dirs is not configured. We recommend adding this setting. Falling back to ozone.metadata.dirs instead.
2019-09-19 21:57:35,713 [main] INFO  db.DBStoreBuilder (DBStoreBuilder.java:addTable(110)) - using custom profile for table: deletedBlocks
2019-09-19 21:57:35,713 [main] INFO  db.DBStoreBuilder (DBStoreBuilder.java:processTables(161)) - Using default column profile:DBProfile.DISK for Table:deletedBlocks
2019-09-19 21:57:35,713 [main] INFO  db.DBStoreBuilder (DBStoreBuilder.java:addTable(110)) - using custom profile for table: validCerts
2019-09-19 21:57:35,713 [main] INFO  db.DBStoreBuilder (DBStoreBuilder.java:processTables(161)) - Using default column profile:DBProfile.DISK for Table:validCerts
2019-09-19 21:57:35,714 [main] INFO  db.DBStoreBuilder (DBStoreBuilder.java:addTable(110)) - using custom profile for table: revokedCerts
2019-09-19 21:57:35,714 [main] INFO  db.DBStoreBuilder (DBStoreBuilder.java:processTables(161)) - Using default column profile:DBProfile.DISK for Table:revokedCerts
2019-09-19 21:57:35,714 [main] INFO  db.DBStoreBuilder (DBStoreBuilder.java:addTable(110)) - using custom profile for table: default
2019-09-19 21:57:35,714 [main] INFO  db.DBStoreBuilder (DBStoreBuilder.java:processTables(167)) - Using default column profile:DBProfile.DISK for Table:default
2019-09-19 21:57:35,714 [main] INFO  db.DBStoreBuilder (DBStoreBuilder.java:getDbProfile(198)) - Using default options. DBProfile.DISK
2019-09-19 21:57:35,886 [main] INFO  net.NodeSchemaLoader (NodeSchemaLoader.java:loadSchemaFromFile(125)) - Loading file from sun.misc.CompoundEnumeration@65753724
2019-09-19 21:57:35,886 [main] INFO  net.NodeSchemaLoader (NodeSchemaLoader.java:loadSchema(171)) - Loading network topology layer schema file
2019-09-19 21:57:35,891 [main] INFO  node.SCMNodeManager (SCMNodeManager.java:<init>(114)) - Entering startup safe mode.
2019-09-19 21:57:35,892 [main] INFO  algorithms.ContainerPlacementPolicyFactory (ContainerPlacementPolicyFactory.java:getPolicy(57)) - Create container placement policy of type org.apache.hadoop.hdds.scm.container.placement.algorithms.SCMContainerPlacementRandom
2019-09-19 21:57:35,892 [main] WARN  server.ServerUtils (ServerUtils.java:getScmDbDir(145)) - ozone.scm.db.dirs is not configured. We recommend adding this setting. Falling back to ozone.metadata.dirs instead.
2019-09-19 21:57:35,952 [main] INFO  pipeline.SCMPipelineManager (SCMPipelineManager.java:initializePipelineState(132)) - No pipeline exists in current db
2019-09-19 21:57:35,952 [main] WARN  server.ServerUtils (ServerUtils.java:getScmDbDir(145)) - ozone.scm.db.dirs is not configured. We recommend adding this setting. Falling back to ozone.metadata.dirs instead.
2019-09-19 21:57:35,987 [main] WARN  events.EventQueue (EventQueue.java:fireEvent(183)) - No event handler registered for event TypedEvent{payloadType=SafeModeStatus, name='SafeModeStatus'}
2019-09-19 21:57:35,988 [main] INFO  ipc.CallQueueManager (CallQueueManager.java:<init>(84)) - Using callQueue: class java.util.concurrent.LinkedBlockingQueue, queueCapacity: 2000, scheduler: class org.apache.hadoop.ipc.DefaultRpcScheduler, ipcBackoff: false.
2019-09-19 21:57:35,989 [Socket Reader #1 for port 44998] INFO  ipc.Server (Server.java:run(1074)) - Starting Socket Reader #1 for port 44998
2019-09-19 21:57:35,992 [main] INFO  ipc.CallQueueManager (CallQueueManager.java:<init>(84)) - Using callQueue: class java.util.concurrent.LinkedBlockingQueue, queueCapacity: 2000, scheduler: class org.apache.hadoop.ipc.DefaultRpcScheduler, ipcBackoff: false.
2019-09-19 21:57:35,992 [Socket Reader #1 for port 38860] INFO  ipc.Server (Server.java:run(1074)) - Starting Socket Reader #1 for port 38860
2019-09-19 21:57:35,999 [main] INFO  ipc.CallQueueManager (CallQueueManager.java:<init>(84)) - Using callQueue: class java.util.concurrent.LinkedBlockingQueue, queueCapacity: 2000, scheduler: class org.apache.hadoop.ipc.DefaultRpcScheduler, ipcBackoff: false.
2019-09-19 21:57:36,000 [Socket Reader #1 for port 39582] INFO  ipc.Server (Server.java:run(1074)) - Starting Socket Reader #1 for port 39582
2019-09-19 21:57:36,004 [main] INFO  hdfs.DFSUtil (DFSUtil.java:httpServerTemplateForNNAndJN(1641)) - Starting Web-server for scm at: http://0.0.0.0:0
2019-09-19 21:57:36,005 [main] INFO  server.AuthenticationFilter (AuthenticationFilter.java:constructSecretProvider(240)) - Unable to initialize FileSignerSecretProvider, falling back to use random secrets.
2019-09-19 21:57:36,006 [main] WARN  http.HttpRequestLog (HttpRequestLog.java:getRequestLog(97)) - Jetty request log can only be enabled using Log4j
2019-09-19 21:57:36,007 [main] INFO  http.HttpServer2 (HttpServer2.java:addGlobalFilter(975)) - Added global filter 'safety' (class=org.apache.hadoop.http.HttpServer2$QuotingInputFilter)
2019-09-19 21:57:36,008 [main] INFO  http.HttpServer2 (HttpServer2.java:addFilter(948)) - Added filter static_user_filter (class=org.apache.hadoop.http.lib.StaticUserWebFilter$StaticUserFilter) to context scm
2019-09-19 21:57:36,008 [main] INFO  http.HttpServer2 (HttpServer2.java:addFilter(958)) - Added filter static_user_filter (class=org.apache.hadoop.http.lib.StaticUserWebFilter$StaticUserFilter) to context static
2019-09-19 21:57:36,008 [main] INFO  http.HttpServer2 (HttpServer2.java:addFilter(958)) - Added filter static_user_filter (class=org.apache.hadoop.http.lib.StaticUserWebFilter$StaticUserFilter) to context logs
2019-09-19 21:57:36,009 [main] INFO  server.StorageContainerManager (StorageContainerManager.java:start(770)) - StorageContainerLocationProtocol RPC server is listening at /0.0.0.0:39582
2019-09-19 21:57:36,011 [main] WARN  impl.MetricsConfig (MetricsConfig.java:loadFirst(134)) - Cannot locate configuration: tried hadoop-metrics2-storagecontainermanager.properties,hadoop-metrics2.properties
2019-09-19 21:57:36,012 [main] INFO  impl.MetricsSystemImpl (MetricsSystemImpl.java:startTimer(374)) - Scheduled Metric snapshot period at 10 second(s).
2019-09-19 21:57:36,012 [main] INFO  impl.MetricsSystemImpl (MetricsSystemImpl.java:start(191)) - StorageContainerManager metrics system started
2019-09-19 21:57:36,211 [main] WARN  impl.MetricsSystemImpl (MetricsSystemImpl.java:register(276)) - Sink prometheus already exists!
2019-09-19 21:57:36,291 [main] INFO  server.SCMClientProtocolServer (SCMClientProtocolServer.java:start(151)) - RPC server for Client  is listening at /0.0.0.0:39582
2019-09-19 21:57:36,292 [IPC Server Responder] INFO  ipc.Server (Server.java:run(1314)) - IPC Server Responder: starting
2019-09-19 21:57:36,292 [IPC Server listener on 39582] INFO  ipc.Server (Server.java:run(1153)) - IPC Server listener on 39582: starting
2019-09-19 21:57:36,296 [main] INFO  server.StorageContainerManager (StorageContainerManager.java:start(780)) - ScmBlockLocationProtocol RPC server is listening at /0.0.0.0:38860
2019-09-19 21:57:36,296 [main] INFO  server.SCMBlockProtocolServer (SCMBlockProtocolServer.java:start(146)) - RPC server for Block Protocol is listening at /0.0.0.0:38860
2019-09-19 21:57:36,297 [IPC Server listener on 38860] INFO  ipc.Server (Server.java:run(1153)) - IPC Server listener on 38860: starting
2019-09-19 21:57:36,297 [IPC Server Responder] INFO  ipc.Server (Server.java:run(1314)) - IPC Server Responder: starting
2019-09-19 21:57:36,301 [main] INFO  server.StorageContainerManager (StorageContainerManager.java:start(784)) - ScmDatanodeProtocl RPC server is listening at /0.0.0.0:44998
2019-09-19 21:57:36,301 [main] INFO  server.SCMDatanodeProtocolServer (SCMDatanodeProtocolServer.java:start(191)) - RPC server for DataNodes is listening at /0.0.0.0:44998
2019-09-19 21:57:36,301 [IPC Server Responder] INFO  ipc.Server (Server.java:run(1314)) - IPC Server Responder: starting
2019-09-19 21:57:36,301 [IPC Server listener on 44998] INFO  ipc.Server (Server.java:run(1153)) - IPC Server listener on 44998: starting
2019-09-19 21:57:36,308 [main] INFO  http.HttpServer2 (HttpServer2.java:bindListener(1191)) - Jetty bound to port 45159
2019-09-19 21:57:36,308 [main] INFO  server.Server (Server.java:doStart(351)) - jetty-9.3.24.v20180605, build timestamp: 2018-06-05T17:11:56Z, git hash: 84205aa28f11a4f31f2a3b86d1bba2cc8ab69827
2019-09-19 21:57:36,310 [main] INFO  handler.ContextHandler (ContextHandler.java:doStart(781)) - Started o.e.j.s.ServletContextHandler@49d42faf{/logs,file:///workdir/hadoop-ozone/integration-test/target/log,AVAILABLE}
2019-09-19 21:57:36,310 [main] INFO  handler.ContextHandler (ContextHandler.java:doStart(781)) - Started o.e.j.s.ServletContextHandler@502c2278{/static,file:///workdir/hadoop-ozone/integration-test/target/test-classes/webapps/static,AVAILABLE}
2019-09-19 21:57:36,314 [main] INFO  handler.ContextHandler (ContextHandler.java:doStart(781)) - Started o.e.j.w.WebAppContext@55053f81{/,file:///workdir/hadoop-ozone/integration-test/target/test-classes/webapps/scm/,AVAILABLE}{/scm}
2019-09-19 21:57:36,315 [main] INFO  server.AbstractConnector (AbstractConnector.java:doStart(278)) - Started ServerConnector@1fee4278{HTTP/1.1,[http/1.1]}{0.0.0.0:45159}
2019-09-19 21:57:36,318 [main] INFO  server.Server (Server.java:doStart(419)) - Started @702218ms
2019-09-19 21:57:36,318 [main] WARN  impl.MetricsSystemImpl (MetricsSystemImpl.java:register(276)) - Sink prometheus already exists!
2019-09-19 21:57:36,320 [main] INFO  server.BaseHttpServer (BaseHttpServer.java:updateConnectorAddress(215)) - HTTP server of SCM is listening at http://0.0.0.0:45159
2019-09-19 21:57:36,320 [main] WARN  server.ServerUtils (ServerUtils.java:getDBPath(222)) - ozone.om.db.dirs is not configured. We recommend adding this setting. Falling back to ozone.metadata.dirs instead.
2019-09-19 21:57:36,323 [org.apache.hadoop.util.JvmPauseMonitor$Monitor@20864cd1] INFO  util.JvmPauseMonitor (JvmPauseMonitor.java:run(188)) - Starting JVM pause monitor
2019-09-19 21:57:36,336 [main] WARN  server.ServerUtils (ServerUtils.java:getDBPath(222)) - ozone.om.db.dirs is not configured. We recommend adding this setting. Falling back to ozone.metadata.dirs instead.
2019-09-19 21:57:36,336 [main] WARN  server.ServerUtils (ServerUtils.java:getDBPath(222)) - ozone.om.db.dirs is not configured. We recommend adding this setting. Falling back to ozone.metadata.dirs instead.
2019-09-19 21:57:36,336 [main] INFO  om.OzoneManager (OzoneManager.java:setOMNodeDetails(652)) - OM Service ID is not set. Setting it to the default ID: omServiceIdDefault
2019-09-19 21:57:36,336 [main] INFO  om.OzoneManager (OzoneManager.java:setOMNodeDetails(658)) - OM Node ID is not set. Setting it to the OmStorage's OmID: e7227250-293d-4a1f-8b38-d1169d3f834d
2019-09-19 21:57:36,337 [main] INFO  om.OzoneManager (OzoneManager.java:loadOMHAConfigs(609)) - Found matching OM address with OMServiceId: null, OMNodeId: null, RPC Address: localhost:0 and Ratis port: 9872
2019-09-19 21:57:36,345 [main] WARN  server.ServerUtils (ServerUtils.java:getDBPath(222)) - ozone.om.db.dirs is not configured. We recommend adding this setting. Falling back to ozone.metadata.dirs instead.
2019-09-19 21:57:36,345 [main] INFO  db.DBStoreBuilder (DBStoreBuilder.java:addTable(110)) - using custom profile for table: userTable
2019-09-19 21:57:36,346 [main] INFO  db.DBStoreBuilder (DBStoreBuilder.java:processTables(161)) - Using default column profile:DBProfile.DISK for Table:userTable
2019-09-19 21:57:36,346 [main] INFO  db.DBStoreBuilder (DBStoreBuilder.java:addTable(110)) - using custom profile for table: volumeTable
2019-09-19 21:57:36,346 [main] INFO  db.DBStoreBuilder (DBStoreBuilder.java:processTables(161)) - Using default column profile:DBProfile.DISK for Table:volumeTable
2019-09-19 21:57:36,346 [main] INFO  db.DBStoreBuilder (DBStoreBuilder.java:addTable(110)) - using custom profile for table: bucketTable
2019-09-19 21:57:36,346 [main] INFO  db.DBStoreBuilder (DBStoreBuilder.java:processTables(161)) - Using default column profile:DBProfile.DISK for Table:bucketTable
2019-09-19 21:57:36,346 [main] INFO  db.DBStoreBuilder (DBStoreBuilder.java:addTable(110)) - using custom profile for table: keyTable
2019-09-19 21:57:36,347 [main] INFO  db.DBStoreBuilder (DBStoreBuilder.java:processTables(161)) - Using default column profile:DBProfile.DISK for Table:keyTable
2019-09-19 21:57:36,347 [main] INFO  db.DBStoreBuilder (DBStoreBuilder.java:addTable(110)) - using custom profile for table: deletedTable
2019-09-19 21:57:36,347 [main] INFO  db.DBStoreBuilder (DBStoreBuilder.java:processTables(161)) - Using default column profile:DBProfile.DISK for Table:deletedTable
2019-09-19 21:57:36,347 [main] INFO  db.DBStoreBuilder (DBStoreBuilder.java:addTable(110)) - using custom profile for table: openKeyTable
2019-09-19 21:57:36,347 [main] INFO  db.DBStoreBuilder (DBStoreBuilder.java:processTables(161)) - Using default column profile:DBProfile.DISK for Table:openKeyTable
2019-09-19 21:57:36,347 [main] INFO  db.DBStoreBuilder (DBStoreBuilder.java:addTable(110)) - using custom profile for table: s3Table
2019-09-19 21:57:36,348 [main] INFO  db.DBStoreBuilder (DBStoreBuilder.java:processTables(161)) - Using default column profile:DBProfile.DISK for Table:s3Table
2019-09-19 21:57:36,348 [main] INFO  db.DBStoreBuilder (DBStoreBuilder.java:addTable(110)) - using custom profile for table: multipartInfoTable
2019-09-19 21:57:36,348 [main] INFO  db.DBStoreBuilder (DBStoreBuilder.java:processTables(161)) - Using default column profile:DBProfile.DISK for Table:multipartInfoTable
2019-09-19 21:57:36,348 [main] INFO  db.DBStoreBuilder (DBStoreBuilder.java:addTable(110)) - using custom profile for table: dTokenTable
2019-09-19 21:57:36,348 [main] INFO  db.DBStoreBuilder (DBStoreBuilder.java:processTables(161)) - Using default column profile:DBProfile.DISK for Table:dTokenTable
2019-09-19 21:57:36,348 [main] INFO  db.DBStoreBuilder (DBStoreBuilder.java:addTable(110)) - using custom profile for table: s3SecretTable
2019-09-19 21:57:36,349 [main] INFO  db.DBStoreBuilder (DBStoreBuilder.java:processTables(161)) - Using default column profile:DBProfile.DISK for Table:s3SecretTable
2019-09-19 21:57:36,349 [main] INFO  db.DBStoreBuilder (DBStoreBuilder.java:addTable(110)) - using custom profile for table: prefixTable
2019-09-19 21:57:36,349 [main] INFO  db.DBStoreBuilder (DBStoreBuilder.java:processTables(161)) - Using default column profile:DBProfile.DISK for Table:prefixTable
2019-09-19 21:57:36,349 [main] INFO  db.DBStoreBuilder (DBStoreBuilder.java:addTable(110)) - using custom profile for table: default
2019-09-19 21:57:36,349 [main] INFO  db.DBStoreBuilder (DBStoreBuilder.java:processTables(167)) - Using default column profile:DBProfile.DISK for Table:default
2019-09-19 21:57:36,349 [main] INFO  db.DBStoreBuilder (DBStoreBuilder.java:getDbProfile(198)) - Using default options. DBProfile.DISK
2019-09-19 21:57:36,800 [main] INFO  ipc.CallQueueManager (CallQueueManager.java:<init>(84)) - Using callQueue: class java.util.concurrent.LinkedBlockingQueue, queueCapacity: 2000, scheduler: class org.apache.hadoop.ipc.DefaultRpcScheduler, ipcBackoff: false.
2019-09-19 21:57:36,801 [Socket Reader #1 for port 35897] INFO  ipc.Server (Server.java:run(1074)) - Starting Socket Reader #1 for port 35897
2019-09-19 21:57:36,813 [main] INFO  om.OzoneManager (OzoneManager.java:start(1243)) - OzoneManager RPC server is listening at localhost/127.0.0.1:35897
2019-09-19 21:57:36,813 [main] INFO  impl.MetricsSystemImpl (MetricsSystemImpl.java:init(158)) - OzoneManager metrics system started (again)
2019-09-19 21:57:36,814 [IPC Server Responder] INFO  ipc.Server (Server.java:run(1314)) - IPC Server Responder: starting
2019-09-19 21:57:36,814 [IPC Server listener on 35897] INFO  ipc.Server (Server.java:run(1153)) - IPC Server listener on 35897: starting
2019-09-19 21:57:36,820 [main] INFO  hdfs.DFSUtil (DFSUtil.java:httpServerTemplateForNNAndJN(1641)) - Starting Web-server for ozoneManager at: http://0.0.0.0:0
2019-09-19 21:57:36,822 [main] INFO  server.AuthenticationFilter (AuthenticationFilter.java:constructSecretProvider(240)) - Unable to initialize FileSignerSecretProvider, falling back to use random secrets.
2019-09-19 21:57:36,823 [main] WARN  http.HttpRequestLog (HttpRequestLog.java:getRequestLog(97)) - Jetty request log can only be enabled using Log4j
2019-09-19 21:57:36,825 [main] INFO  http.HttpServer2 (HttpServer2.java:addGlobalFilter(975)) - Added global filter 'safety' (class=org.apache.hadoop.http.HttpServer2$QuotingInputFilter)
2019-09-19 21:57:36,826 [main] INFO  http.HttpServer2 (HttpServer2.java:addFilter(948)) - Added filter static_user_filter (class=org.apache.hadoop.http.lib.StaticUserWebFilter$StaticUserFilter) to context ozoneManager
2019-09-19 21:57:36,827 [main] INFO  http.HttpServer2 (HttpServer2.java:addFilter(958)) - Added filter static_user_filter (class=org.apache.hadoop.http.lib.StaticUserWebFilter$StaticUserFilter) to context static
2019-09-19 21:57:36,827 [main] INFO  http.HttpServer2 (HttpServer2.java:addFilter(958)) - Added filter static_user_filter (class=org.apache.hadoop.http.lib.StaticUserWebFilter$StaticUserFilter) to context logs
2019-09-19 21:57:36,828 [main] INFO  http.HttpServer2 (HttpServer2.java:bindListener(1191)) - Jetty bound to port 44260
2019-09-19 21:57:36,828 [main] INFO  server.Server (Server.java:doStart(351)) - jetty-9.3.24.v20180605, build timestamp: 2018-06-05T17:11:56Z, git hash: 84205aa28f11a4f31f2a3b86d1bba2cc8ab69827
2019-09-19 21:57:36,830 [main] INFO  handler.ContextHandler (ContextHandler.java:doStart(781)) - Started o.e.j.s.ServletContextHandler@2bfa17b0{/logs,file:///workdir/hadoop-ozone/integration-test/target/log,AVAILABLE}
2019-09-19 21:57:36,831 [main] INFO  handler.ContextHandler (ContextHandler.java:doStart(781)) - Started o.e.j.s.ServletContextHandler@559fd5ec{/static,file:///workdir/hadoop-ozone/integration-test/target/test-classes/webapps/static,AVAILABLE}
2019-09-19 21:57:36,837 [main] INFO  handler.ContextHandler (ContextHandler.java:doStart(781)) - Started o.e.j.w.WebAppContext@47c96f2c{/,file:///workdir/hadoop-ozone/integration-test/target/test-classes/webapps/ozoneManager/,AVAILABLE}{/ozoneManager}
2019-09-19 21:57:36,837 [main] INFO  server.AbstractConnector (AbstractConnector.java:doStart(278)) - Started ServerConnector@210a26b{HTTP/1.1,[http/1.1]}{0.0.0.0:44260}
2019-09-19 21:57:36,839 [main] INFO  server.Server (Server.java:doStart(419)) - Started @702740ms
2019-09-19 21:57:36,840 [main] WARN  impl.MetricsSystemImpl (MetricsSystemImpl.java:register(276)) - Sink prometheus already exists!
2019-09-19 21:57:36,840 [main] INFO  server.BaseHttpServer (BaseHttpServer.java:updateConnectorAddress(215)) - HTTP server of OZONEMANAGER is listening at http://0.0.0.0:44260
2019-09-19 21:57:36,863 [main] INFO  impl.MetricsSystemImpl (MetricsSystemImpl.java:init(158)) - HddsDatanode metrics system started (again)
2019-09-19 21:57:36,870 [main] INFO  ozone.HddsDatanodeService (HddsDatanodeService.java:start(184)) - HddsDatanodeService host:pr-hdds-2020-k2m72-150965138 ip:192.168.157.232
2019-09-19 21:57:36,878 [main] INFO  volume.HddsVolume (HddsVolume.java:<init>(176)) - Creating Volume: /workdir/hadoop-ozone/integration-test/target/test-dir/MiniOzoneClusterImpl-fb7eb67c-97b9-49f2-b2a6-bf5c6712e8c0/datanode-0/data/containers/hdds of  storage type : DISK and capacity : 1482555576320
2019-09-19 21:57:36,878 [main] INFO  volume.VolumeSet (VolumeSet.java:initializeVolumeSet(170)) - Added Volume : /workdir/hadoop-ozone/integration-test/target/test-dir/MiniOzoneClusterImpl-fb7eb67c-97b9-49f2-b2a6-bf5c6712e8c0/datanode-0/data/containers/hdds to VolumeSet
2019-09-19 21:57:36,879 [main] INFO  volume.ThrottledAsyncChecker (ThrottledAsyncChecker.java:schedule(139)) - Scheduling a check for org.apache.hadoop.ozone.container.common.volume.HddsVolume@3f06ebe0
2019-09-19 21:57:36,879 [main] INFO  volume.HddsVolumeChecker (HddsVolumeChecker.java:checkAllVolumes(202)) - Scheduled health check for volume org.apache.hadoop.ozone.container.common.volume.HddsVolume@3f06ebe0
2019-09-19 21:57:36,897 [main] INFO  impl.RaftServerProxy (ConfUtils.java:logGet(43)) - raft.rpc.type = GRPC (default)
2019-09-19 21:57:36,898 [main] INFO  grpc.GrpcFactory (GrpcFactory.java:checkPooledByteBufAllocatorUseCacheForAllThreads(45)) - PERFORMANCE WARNING: useCacheForAllThreads is true that may cause Netty to create a lot garbage objects and, as a result, trigger GC.
	It is recommended to disable useCacheForAllThreads by setting -Dorg.apache.ratis.thirdparty.io.netty.allocator.useCacheForAllThreads=false in command line.
2019-09-19 21:57:36,898 [main] INFO  grpc.GrpcConfigKeys$Server (ConfUtils.java:logGet(43)) - raft.grpc.server.port = 0 (default)
2019-09-19 21:57:36,898 [main] INFO  server.GrpcService (ConfUtils.java:logGet(43)) - raft.grpc.message.size.max = 33570816 (custom)
2019-09-19 21:57:36,898 [main] INFO  server.RaftServerConfigKeys (ConfUtils.java:logGet(43)) - raft.server.log.appender.buffer.byte-limit = 33554432 (custom)
2019-09-19 21:57:36,899 [main] INFO  server.GrpcService (ConfUtils.java:logGet(43)) - raft.grpc.flow.control.window = 1MB (=1048576) (default)
2019-09-19 21:57:36,899 [main] INFO  server.RaftServerConfigKeys (ConfUtils.java:logGet(43)) - raft.server.rpc.request.timeout = 3000ms (default)
2019-09-19 21:57:36,900 [main] INFO  server.RaftServerConfigKeys (ConfUtils.java:logGet(43)) - raft.server.storage.dir = [/workdir/hadoop-ozone/integration-test/target/test-dir/MiniOzoneClusterImpl-fb7eb67c-97b9-49f2-b2a6-bf5c6712e8c0/datanode-0/data/ratis] (custom)
2019-09-19 21:57:36,901 [main] INFO  hdfs.DFSUtil (DFSUtil.java:httpServerTemplateForNNAndJN(1641)) - Starting Web-server for hddsDatanode at: http://0.0.0.0:0
2019-09-19 21:57:36,903 [main] INFO  server.AuthenticationFilter (AuthenticationFilter.java:constructSecretProvider(240)) - Unable to initialize FileSignerSecretProvider, falling back to use random secrets.
2019-09-19 21:57:36,903 [main] WARN  http.HttpRequestLog (HttpRequestLog.java:getRequestLog(97)) - Jetty request log can only be enabled using Log4j
2019-09-19 21:57:36,905 [main] INFO  http.HttpServer2 (HttpServer2.java:addGlobalFilter(975)) - Added global filter 'safety' (class=org.apache.hadoop.http.HttpServer2$QuotingInputFilter)
2019-09-19 21:57:36,906 [main] INFO  http.HttpServer2 (HttpServer2.java:addFilter(948)) - Added filter static_user_filter (class=org.apache.hadoop.http.lib.StaticUserWebFilter$StaticUserFilter) to context hddsDatanode
2019-09-19 21:57:36,906 [main] INFO  http.HttpServer2 (HttpServer2.java:addFilter(958)) - Added filter static_user_filter (class=org.apache.hadoop.http.lib.StaticUserWebFilter$StaticUserFilter) to context static
2019-09-19 21:57:36,906 [main] INFO  http.HttpServer2 (HttpServer2.java:addFilter(958)) - Added filter static_user_filter (class=org.apache.hadoop.http.lib.StaticUserWebFilter$StaticUserFilter) to context logs
2019-09-19 21:57:36,907 [main] INFO  http.HttpServer2 (HttpServer2.java:bindListener(1191)) - Jetty bound to port 35514
2019-09-19 21:57:36,907 [main] INFO  server.Server (Server.java:doStart(351)) - jetty-9.3.24.v20180605, build timestamp: 2018-06-05T17:11:56Z, git hash: 84205aa28f11a4f31f2a3b86d1bba2cc8ab69827
2019-09-19 21:57:36,909 [main] INFO  handler.ContextHandler (ContextHandler.java:doStart(781)) - Started o.e.j.s.ServletContextHandler@5350ab17{/logs,file:///workdir/hadoop-ozone/integration-test/target/log,AVAILABLE}
2019-09-19 21:57:36,909 [main] INFO  handler.ContextHandler (ContextHandler.java:doStart(781)) - Started o.e.j.s.ServletContextHandler@58cda03f{/static,jar:file:/home/user/.m2/repository/org/apache/hadoop/hadoop-hdds-container-service/0.5.0-SNAPSHOT/hadoop-hdds-container-service-0.5.0-SNAPSHOT.jar!/webapps/static,AVAILABLE}
2019-09-19 21:57:36,943 [main] INFO  handler.ContextHandler (ContextHandler.java:doStart(781)) - Started o.e.j.w.WebAppContext@4005e485{/,file:///tmp/jetty-0.0.0.0-35514-hddsDatanode-_-any-5040106018491999869.dir/webapp/,AVAILABLE}{/hddsDatanode}
2019-09-19 21:57:36,944 [main] INFO  server.AbstractConnector (AbstractConnector.java:doStart(278)) - Started ServerConnector@5f5c187d{HTTP/1.1,[http/1.1]}{0.0.0.0:35514}
2019-09-19 21:57:36,946 [main] INFO  server.Server (Server.java:doStart(419)) - Started @702846ms
2019-09-19 21:57:36,946 [main] WARN  impl.MetricsSystemImpl (MetricsSystemImpl.java:register(276)) - Sink prometheus already exists!
2019-09-19 21:57:36,947 [main] INFO  server.BaseHttpServer (BaseHttpServer.java:updateConnectorAddress(215)) - HTTP server of HDDSDATANODE is listening at http://0.0.0.0:35514
2019-09-19 21:57:36,947 [main] INFO  impl.MetricsSystemImpl (MetricsSystemImpl.java:init(158)) - HddsDatanode metrics system started (again)
2019-09-19 21:57:36,952 [org.apache.hadoop.util.JvmPauseMonitor$Monitor@a5ae768] INFO  util.JvmPauseMonitor (JvmPauseMonitor.java:run(188)) - Starting JVM pause monitor
2019-09-19 21:57:36,952 [main] INFO  ozone.HddsDatanodeService (HddsDatanodeService.java:start(184)) - HddsDatanodeService host:pr-hdds-2020-k2m72-150965138 ip:192.168.157.232
2019-09-19 21:57:36,953 [Datanode State Machine Thread - 0] INFO  datanode.InitDatanodeState (InitDatanodeState.java:persistContainerDatanodeDetails(140)) - DatanodeDetails is persisted to /workdir/hadoop-ozone/integration-test/target/test-dir/MiniOzoneClusterImpl-fb7eb67c-97b9-49f2-b2a6-bf5c6712e8c0/datanode-0/meta/datanode.id
2019-09-19 21:57:36,959 [main] INFO  volume.HddsVolume (HddsVolume.java:<init>(176)) - Creating Volume: /workdir/hadoop-ozone/integration-test/target/test-dir/MiniOzoneClusterImpl-fb7eb67c-97b9-49f2-b2a6-bf5c6712e8c0/datanode-1/data/containers/hdds of  storage type : DISK and capacity : 1482555576320
2019-09-19 21:57:36,959 [main] INFO  volume.VolumeSet (VolumeSet.java:initializeVolumeSet(170)) - Added Volume : /workdir/hadoop-ozone/integration-test/target/test-dir/MiniOzoneClusterImpl-fb7eb67c-97b9-49f2-b2a6-bf5c6712e8c0/datanode-1/data/containers/hdds to VolumeSet
2019-09-19 21:57:36,959 [main] INFO  volume.ThrottledAsyncChecker (ThrottledAsyncChecker.java:schedule(139)) - Scheduling a check for org.apache.hadoop.ozone.container.common.volume.HddsVolume@7f012923
2019-09-19 21:57:36,960 [main] INFO  volume.HddsVolumeChecker (HddsVolumeChecker.java:checkAllVolumes(202)) - Scheduled health check for volume org.apache.hadoop.ozone.container.common.volume.HddsVolume@7f012923
2019-09-19 21:57:36,971 [main] INFO  impl.RaftServerProxy (ConfUtils.java:logGet(43)) - raft.rpc.type = GRPC (default)
2019-09-19 21:57:36,971 [main] INFO  grpc.GrpcFactory (GrpcFactory.java:checkPooledByteBufAllocatorUseCacheForAllThreads(45)) - PERFORMANCE WARNING: useCacheForAllThreads is true that may cause Netty to create a lot garbage objects and, as a result, trigger GC.
	It is recommended to disable useCacheForAllThreads by setting -Dorg.apache.ratis.thirdparty.io.netty.allocator.useCacheForAllThreads=false in command line.
2019-09-19 21:57:36,971 [main] INFO  grpc.GrpcConfigKeys$Server (ConfUtils.java:logGet(43)) - raft.grpc.server.port = 0 (default)
2019-09-19 21:57:36,971 [main] INFO  server.GrpcService (ConfUtils.java:logGet(43)) - raft.grpc.message.size.max = 33570816 (custom)
2019-09-19 21:57:36,971 [main] INFO  server.RaftServerConfigKeys (ConfUtils.java:logGet(43)) - raft.server.log.appender.buffer.byte-limit = 33554432 (custom)
2019-09-19 21:57:36,971 [main] INFO  server.GrpcService (ConfUtils.java:logGet(43)) - raft.grpc.flow.control.window = 1MB (=1048576) (default)
2019-09-19 21:57:36,972 [main] INFO  server.RaftServerConfigKeys (ConfUtils.java:logGet(43)) - raft.server.rpc.request.timeout = 3000ms (default)
2019-09-19 21:57:36,972 [main] INFO  server.RaftServerConfigKeys (ConfUtils.java:logGet(43)) - raft.server.storage.dir = [/workdir/hadoop-ozone/integration-test/target/test-dir/MiniOzoneClusterImpl-fb7eb67c-97b9-49f2-b2a6-bf5c6712e8c0/datanode-1/data/ratis] (custom)
2019-09-19 21:57:36,973 [main] INFO  hdfs.DFSUtil (DFSUtil.java:httpServerTemplateForNNAndJN(1641)) - Starting Web-server for hddsDatanode at: http://0.0.0.0:0
2019-09-19 21:57:36,974 [main] INFO  server.AuthenticationFilter (AuthenticationFilter.java:constructSecretProvider(240)) - Unable to initialize FileSignerSecretProvider, falling back to use random secrets.
2019-09-19 21:57:36,974 [main] WARN  http.HttpRequestLog (HttpRequestLog.java:getRequestLog(97)) - Jetty request log can only be enabled using Log4j
2019-09-19 21:57:36,975 [main] INFO  http.HttpServer2 (HttpServer2.java:addGlobalFilter(975)) - Added global filter 'safety' (class=org.apache.hadoop.http.HttpServer2$QuotingInputFilter)
2019-09-19 21:57:36,976 [main] INFO  http.HttpServer2 (HttpServer2.java:addFilter(948)) - Added filter static_user_filter (class=org.apache.hadoop.http.lib.StaticUserWebFilter$StaticUserFilter) to context hddsDatanode
2019-09-19 21:57:36,976 [main] INFO  http.HttpServer2 (HttpServer2.java:addFilter(958)) - Added filter static_user_filter (class=org.apache.hadoop.http.lib.StaticUserWebFilter$StaticUserFilter) to context logs
2019-09-19 21:57:36,976 [main] INFO  http.HttpServer2 (HttpServer2.java:addFilter(958)) - Added filter static_user_filter (class=org.apache.hadoop.http.lib.StaticUserWebFilter$StaticUserFilter) to context static
2019-09-19 21:57:36,976 [main] INFO  http.HttpServer2 (HttpServer2.java:bindListener(1191)) - Jetty bound to port 44434
2019-09-19 21:57:36,977 [main] INFO  server.Server (Server.java:doStart(351)) - jetty-9.3.24.v20180605, build timestamp: 2018-06-05T17:11:56Z, git hash: 84205aa28f11a4f31f2a3b86d1bba2cc8ab69827
2019-09-19 21:57:36,978 [main] INFO  handler.ContextHandler (ContextHandler.java:doStart(781)) - Started o.e.j.s.ServletContextHandler@260d48f5{/logs,file:///workdir/hadoop-ozone/integration-test/target/log,AVAILABLE}
2019-09-19 21:57:36,978 [main] INFO  handler.ContextHandler (ContextHandler.java:doStart(781)) - Started o.e.j.s.ServletContextHandler@6f106af8{/static,jar:file:/home/user/.m2/repository/org/apache/hadoop/hadoop-hdds-container-service/0.5.0-SNAPSHOT/hadoop-hdds-container-service-0.5.0-SNAPSHOT.jar!/webapps/static,AVAILABLE}
2019-09-19 21:57:37,002 [main] INFO  handler.ContextHandler (ContextHandler.java:doStart(781)) - Started o.e.j.w.WebAppContext@7ed8b44{/,file:///tmp/jetty-0.0.0.0-44434-hddsDatanode-_-any-3002902705318345355.dir/webapp/,AVAILABLE}{/hddsDatanode}
2019-09-19 21:57:37,002 [main] INFO  server.AbstractConnector (AbstractConnector.java:doStart(278)) - Started ServerConnector@21280cbb{HTTP/1.1,[http/1.1]}{0.0.0.0:44434}
2019-09-19 21:57:37,003 [main] INFO  server.Server (Server.java:doStart(419)) - Started @702903ms
2019-09-19 21:57:37,004 [main] WARN  impl.MetricsSystemImpl (MetricsSystemImpl.java:register(276)) - Sink prometheus already exists!
2019-09-19 21:57:37,005 [main] INFO  server.BaseHttpServer (BaseHttpServer.java:updateConnectorAddress(215)) - HTTP server of HDDSDATANODE is listening at http://0.0.0.0:44434
2019-09-19 21:57:37,005 [main] INFO  impl.MetricsSystemImpl (MetricsSystemImpl.java:init(158)) - HddsDatanode metrics system started (again)
2019-09-19 21:57:37,010 [org.apache.hadoop.util.JvmPauseMonitor$Monitor@549d1af7] INFO  util.JvmPauseMonitor (JvmPauseMonitor.java:run(188)) - Starting JVM pause monitor
2019-09-19 21:57:37,010 [main] INFO  ozone.HddsDatanodeService (HddsDatanodeService.java:start(184)) - HddsDatanodeService host:pr-hdds-2020-k2m72-150965138 ip:192.168.157.232
2019-09-19 21:57:37,011 [Datanode State Machine Thread - 0] INFO  datanode.InitDatanodeState (InitDatanodeState.java:persistContainerDatanodeDetails(140)) - DatanodeDetails is persisted to /workdir/hadoop-ozone/integration-test/target/test-dir/MiniOzoneClusterImpl-fb7eb67c-97b9-49f2-b2a6-bf5c6712e8c0/datanode-1/meta/datanode.id
2019-09-19 21:57:37,016 [main] INFO  volume.HddsVolume (HddsVolume.java:<init>(176)) - Creating Volume: /workdir/hadoop-ozone/integration-test/target/test-dir/MiniOzoneClusterImpl-fb7eb67c-97b9-49f2-b2a6-bf5c6712e8c0/datanode-2/data/containers/hdds of  storage type : DISK and capacity : 1482555576320
2019-09-19 21:57:37,016 [main] INFO  volume.VolumeSet (VolumeSet.java:initializeVolumeSet(170)) - Added Volume : /workdir/hadoop-ozone/integration-test/target/test-dir/MiniOzoneClusterImpl-fb7eb67c-97b9-49f2-b2a6-bf5c6712e8c0/datanode-2/data/containers/hdds to VolumeSet
2019-09-19 21:57:37,016 [main] INFO  volume.ThrottledAsyncChecker (ThrottledAsyncChecker.java:schedule(139)) - Scheduling a check for org.apache.hadoop.ozone.container.common.volume.HddsVolume@182cc69e
2019-09-19 21:57:37,017 [main] INFO  volume.HddsVolumeChecker (HddsVolumeChecker.java:checkAllVolumes(202)) - Scheduled health check for volume org.apache.hadoop.ozone.container.common.volume.HddsVolume@182cc69e
2019-09-19 21:57:37,028 [main] INFO  impl.RaftServerProxy (ConfUtils.java:logGet(43)) - raft.rpc.type = GRPC (default)
2019-09-19 21:57:37,028 [main] INFO  grpc.GrpcFactory (GrpcFactory.java:checkPooledByteBufAllocatorUseCacheForAllThreads(45)) - PERFORMANCE WARNING: useCacheForAllThreads is true that may cause Netty to create a lot garbage objects and, as a result, trigger GC.
	It is recommended to disable useCacheForAllThreads by setting -Dorg.apache.ratis.thirdparty.io.netty.allocator.useCacheForAllThreads=false in command line.
2019-09-19 21:57:37,028 [main] INFO  grpc.GrpcConfigKeys$Server (ConfUtils.java:logGet(43)) - raft.grpc.server.port = 0 (default)
2019-09-19 21:57:37,028 [main] INFO  server.GrpcService (ConfUtils.java:logGet(43)) - raft.grpc.message.size.max = 33570816 (custom)
2019-09-19 21:57:37,028 [main] INFO  server.RaftServerConfigKeys (ConfUtils.java:logGet(43)) - raft.server.log.appender.buffer.byte-limit = 33554432 (custom)
2019-09-19 21:57:37,029 [main] INFO  server.GrpcService (ConfUtils.java:logGet(43)) - raft.grpc.flow.control.window = 1MB (=1048576) (default)
2019-09-19 21:57:37,029 [main] INFO  server.RaftServerConfigKeys (ConfUtils.java:logGet(43)) - raft.server.rpc.request.timeout = 3000ms (default)
2019-09-19 21:57:37,029 [main] INFO  server.RaftServerConfigKeys (ConfUtils.java:logGet(43)) - raft.server.storage.dir = [/workdir/hadoop-ozone/integration-test/target/test-dir/MiniOzoneClusterImpl-fb7eb67c-97b9-49f2-b2a6-bf5c6712e8c0/datanode-2/data/ratis] (custom)
2019-09-19 21:57:37,030 [main] INFO  hdfs.DFSUtil (DFSUtil.java:httpServerTemplateForNNAndJN(1641)) - Starting Web-server for hddsDatanode at: http://0.0.0.0:0
2019-09-19 21:57:37,031 [main] INFO  server.AuthenticationFilter (AuthenticationFilter.java:constructSecretProvider(240)) - Unable to initialize FileSignerSecretProvider, falling back to use random secrets.
2019-09-19 21:57:37,031 [main] WARN  http.HttpRequestLog (HttpRequestLog.java:getRequestLog(97)) - Jetty request log can only be enabled using Log4j
2019-09-19 21:57:37,032 [main] INFO  http.HttpServer2 (HttpServer2.java:addGlobalFilter(975)) - Added global filter 'safety' (class=org.apache.hadoop.http.HttpServer2$QuotingInputFilter)
2019-09-19 21:57:37,032 [main] INFO  http.HttpServer2 (HttpServer2.java:addFilter(948)) - Added filter static_user_filter (class=org.apache.hadoop.http.lib.StaticUserWebFilter$StaticUserFilter) to context hddsDatanode
2019-09-19 21:57:37,033 [main] INFO  http.HttpServer2 (HttpServer2.java:addFilter(958)) - Added filter static_user_filter (class=org.apache.hadoop.http.lib.StaticUserWebFilter$StaticUserFilter) to context static
2019-09-19 21:57:37,033 [main] INFO  http.HttpServer2 (HttpServer2.java:addFilter(958)) - Added filter static_user_filter (class=org.apache.hadoop.http.lib.StaticUserWebFilter$StaticUserFilter) to context logs
2019-09-19 21:57:37,033 [main] INFO  http.HttpServer2 (HttpServer2.java:bindListener(1191)) - Jetty bound to port 35343
2019-09-19 21:57:37,033 [main] INFO  server.Server (Server.java:doStart(351)) - jetty-9.3.24.v20180605, build timestamp: 2018-06-05T17:11:56Z, git hash: 84205aa28f11a4f31f2a3b86d1bba2cc8ab69827
2019-09-19 21:57:37,035 [main] INFO  handler.ContextHandler (ContextHandler.java:doStart(781)) - Started o.e.j.s.ServletContextHandler@7de6549d{/logs,file:///workdir/hadoop-ozone/integration-test/target/log,AVAILABLE}
2019-09-19 21:57:37,035 [main] INFO  handler.ContextHandler (ContextHandler.java:doStart(781)) - Started o.e.j.s.ServletContextHandler@756c67cd{/static,jar:file:/home/user/.m2/repository/org/apache/hadoop/hadoop-hdds-container-service/0.5.0-SNAPSHOT/hadoop-hdds-container-service-0.5.0-SNAPSHOT.jar!/webapps/static,AVAILABLE}
2019-09-19 21:57:37,059 [main] INFO  handler.ContextHandler (ContextHandler.java:doStart(781)) - Started o.e.j.w.WebAppContext@7fac18dc{/,file:///tmp/jetty-0.0.0.0-35343-hddsDatanode-_-any-2816183681256283558.dir/webapp/,AVAILABLE}{/hddsDatanode}
2019-09-19 21:57:37,059 [main] INFO  server.AbstractConnector (AbstractConnector.java:doStart(278)) - Started ServerConnector@50bf795f{HTTP/1.1,[http/1.1]}{0.0.0.0:35343}
2019-09-19 21:57:37,061 [main] INFO  server.Server (Server.java:doStart(419)) - Started @702962ms
2019-09-19 21:57:37,061 [main] WARN  impl.MetricsSystemImpl (MetricsSystemImpl.java:register(276)) - Sink prometheus already exists!
2019-09-19 21:57:37,062 [main] INFO  server.BaseHttpServer (BaseHttpServer.java:updateConnectorAddress(215)) - HTTP server of HDDSDATANODE is listening at http://0.0.0.0:35343
2019-09-19 21:57:37,062 [main] INFO  impl.MetricsSystemImpl (MetricsSystemImpl.java:init(158)) - HddsDatanode metrics system started (again)
2019-09-19 21:57:37,067 [org.apache.hadoop.util.JvmPauseMonitor$Monitor@3c194481] INFO  util.JvmPauseMonitor (JvmPauseMonitor.java:run(188)) - Starting JVM pause monitor
2019-09-19 21:57:37,068 [main] INFO  ozone.HddsDatanodeService (HddsDatanodeService.java:start(184)) - HddsDatanodeService host:pr-hdds-2020-k2m72-150965138 ip:192.168.157.232
2019-09-19 21:57:37,069 [Datanode State Machine Thread - 0] INFO  datanode.InitDatanodeState (InitDatanodeState.java:persistContainerDatanodeDetails(140)) - DatanodeDetails is persisted to /workdir/hadoop-ozone/integration-test/target/test-dir/MiniOzoneClusterImpl-fb7eb67c-97b9-49f2-b2a6-bf5c6712e8c0/datanode-2/meta/datanode.id
2019-09-19 21:57:37,074 [main] INFO  volume.HddsVolume (HddsVolume.java:<init>(176)) - Creating Volume: /workdir/hadoop-ozone/integration-test/target/test-dir/MiniOzoneClusterImpl-fb7eb67c-97b9-49f2-b2a6-bf5c6712e8c0/datanode-3/data/containers/hdds of  storage type : DISK and capacity : 1482555576320
2019-09-19 21:57:37,074 [main] INFO  volume.VolumeSet (VolumeSet.java:initializeVolumeSet(170)) - Added Volume : /workdir/hadoop-ozone/integration-test/target/test-dir/MiniOzoneClusterImpl-fb7eb67c-97b9-49f2-b2a6-bf5c6712e8c0/datanode-3/data/containers/hdds to VolumeSet
2019-09-19 21:57:37,074 [main] INFO  volume.ThrottledAsyncChecker (ThrottledAsyncChecker.java:schedule(139)) - Scheduling a check for org.apache.hadoop.ozone.container.common.volume.HddsVolume@6cf047cf
2019-09-19 21:57:37,075 [main] INFO  volume.HddsVolumeChecker (HddsVolumeChecker.java:checkAllVolumes(202)) - Scheduled health check for volume org.apache.hadoop.ozone.container.common.volume.HddsVolume@6cf047cf
2019-09-19 21:57:37,087 [main] INFO  impl.RaftServerProxy (ConfUtils.java:logGet(43)) - raft.rpc.type = GRPC (default)
2019-09-19 21:57:37,087 [main] INFO  grpc.GrpcFactory (GrpcFactory.java:checkPooledByteBufAllocatorUseCacheForAllThreads(45)) - PERFORMANCE WARNING: useCacheForAllThreads is true that may cause Netty to create a lot garbage objects and, as a result, trigger GC.
	It is recommended to disable useCacheForAllThreads by setting -Dorg.apache.ratis.thirdparty.io.netty.allocator.useCacheForAllThreads=false in command line.
2019-09-19 21:57:37,087 [main] INFO  grpc.GrpcConfigKeys$Server (ConfUtils.java:logGet(43)) - raft.grpc.server.port = 0 (default)
2019-09-19 21:57:37,087 [main] INFO  server.GrpcService (ConfUtils.java:logGet(43)) - raft.grpc.message.size.max = 33570816 (custom)
2019-09-19 21:57:37,087 [main] INFO  server.RaftServerConfigKeys (ConfUtils.java:logGet(43)) - raft.server.log.appender.buffer.byte-limit = 33554432 (custom)
2019-09-19 21:57:37,087 [main] INFO  server.GrpcService (ConfUtils.java:logGet(43)) - raft.grpc.flow.control.window = 1MB (=1048576) (default)
2019-09-19 21:57:37,088 [main] INFO  server.RaftServerConfigKeys (ConfUtils.java:logGet(43)) - raft.server.rpc.request.timeout = 3000ms (default)
2019-09-19 21:57:37,088 [main] INFO  server.RaftServerConfigKeys (ConfUtils.java:logGet(43)) - raft.server.storage.dir = [/workdir/hadoop-ozone/integration-test/target/test-dir/MiniOzoneClusterImpl-fb7eb67c-97b9-49f2-b2a6-bf5c6712e8c0/datanode-3/data/ratis] (custom)
2019-09-19 21:57:37,089 [main] INFO  hdfs.DFSUtil (DFSUtil.java:httpServerTemplateForNNAndJN(1641)) - Starting Web-server for hddsDatanode at: http://0.0.0.0:0
2019-09-19 21:57:37,090 [main] INFO  server.AuthenticationFilter (AuthenticationFilter.java:constructSecretProvider(240)) - Unable to initialize FileSignerSecretProvider, falling back to use random secrets.
2019-09-19 21:57:37,090 [main] WARN  http.HttpRequestLog (HttpRequestLog.java:getRequestLog(97)) - Jetty request log can only be enabled using Log4j
2019-09-19 21:57:37,091 [main] INFO  http.HttpServer2 (HttpServer2.java:addGlobalFilter(975)) - Added global filter 'safety' (class=org.apache.hadoop.http.HttpServer2$QuotingInputFilter)
2019-09-19 21:57:37,091 [main] INFO  http.HttpServer2 (HttpServer2.java:addFilter(948)) - Added filter static_user_filter (class=org.apache.hadoop.http.lib.StaticUserWebFilter$StaticUserFilter) to context hddsDatanode
2019-09-19 21:57:37,091 [main] INFO  http.HttpServer2 (HttpServer2.java:addFilter(958)) - Added filter static_user_filter (class=org.apache.hadoop.http.lib.StaticUserWebFilter$StaticUserFilter) to context static
2019-09-19 21:57:37,092 [main] INFO  http.HttpServer2 (HttpServer2.java:addFilter(958)) - Added filter static_user_filter (class=org.apache.hadoop.http.lib.StaticUserWebFilter$StaticUserFilter) to context logs
2019-09-19 21:57:37,092 [main] INFO  http.HttpServer2 (HttpServer2.java:bindListener(1191)) - Jetty bound to port 40624
2019-09-19 21:57:37,092 [main] INFO  server.Server (Server.java:doStart(351)) - jetty-9.3.24.v20180605, build timestamp: 2018-06-05T17:11:56Z, git hash: 84205aa28f11a4f31f2a3b86d1bba2cc8ab69827
2019-09-19 21:57:37,093 [main] INFO  handler.ContextHandler (ContextHandler.java:doStart(781)) - Started o.e.j.s.ServletContextHandler@733fae8{/logs,file:///workdir/hadoop-ozone/integration-test/target/log,AVAILABLE}
2019-09-19 21:57:37,094 [main] INFO  handler.ContextHandler (ContextHandler.java:doStart(781)) - Started o.e.j.s.ServletContextHandler@74764622{/static,jar:file:/home/user/.m2/repository/org/apache/hadoop/hadoop-hdds-container-service/0.5.0-SNAPSHOT/hadoop-hdds-container-service-0.5.0-SNAPSHOT.jar!/webapps/static,AVAILABLE}
2019-09-19 21:57:37,118 [main] INFO  handler.ContextHandler (ContextHandler.java:doStart(781)) - Started o.e.j.w.WebAppContext@47be41c6{/,file:///tmp/jetty-0.0.0.0-40624-hddsDatanode-_-any-6166443349959649685.dir/webapp/,AVAILABLE}{/hddsDatanode}
2019-09-19 21:57:37,119 [main] INFO  server.AbstractConnector (AbstractConnector.java:doStart(278)) - Started ServerConnector@608b35fa{HTTP/1.1,[http/1.1]}{0.0.0.0:40624}
2019-09-19 21:57:37,119 [main] INFO  server.Server (Server.java:doStart(419)) - Started @703019ms
2019-09-19 21:57:37,121 [main] WARN  impl.MetricsSystemImpl (MetricsSystemImpl.java:register(276)) - Sink prometheus already exists!
2019-09-19 21:57:37,121 [main] INFO  server.BaseHttpServer (BaseHttpServer.java:updateConnectorAddress(215)) - HTTP server of HDDSDATANODE is listening at http://0.0.0.0:40624
2019-09-19 21:57:37,122 [main] INFO  impl.MetricsSystemImpl (MetricsSystemImpl.java:init(158)) - HddsDatanode metrics system started (again)
2019-09-19 21:57:37,127 [org.apache.hadoop.util.JvmPauseMonitor$Monitor@3a79dcbf] INFO  util.JvmPauseMonitor (JvmPauseMonitor.java:run(188)) - Starting JVM pause monitor
2019-09-19 21:57:37,128 [main] INFO  ozone.HddsDatanodeService (HddsDatanodeService.java:start(184)) - HddsDatanodeService host:pr-hdds-2020-k2m72-150965138 ip:192.168.157.232
2019-09-19 21:57:37,129 [Datanode State Machine Thread - 0] INFO  datanode.InitDatanodeState (InitDatanodeState.java:persistContainerDatanodeDetails(140)) - DatanodeDetails is persisted to /workdir/hadoop-ozone/integration-test/target/test-dir/MiniOzoneClusterImpl-fb7eb67c-97b9-49f2-b2a6-bf5c6712e8c0/datanode-3/meta/datanode.id
2019-09-19 21:57:37,135 [main] INFO  volume.HddsVolume (HddsVolume.java:<init>(176)) - Creating Volume: /workdir/hadoop-ozone/integration-test/target/test-dir/MiniOzoneClusterImpl-fb7eb67c-97b9-49f2-b2a6-bf5c6712e8c0/datanode-4/data/containers/hdds of  storage type : DISK and capacity : 1482555576320
2019-09-19 21:57:37,135 [main] INFO  volume.VolumeSet (VolumeSet.java:initializeVolumeSet(170)) - Added Volume : /workdir/hadoop-ozone/integration-test/target/test-dir/MiniOzoneClusterImpl-fb7eb67c-97b9-49f2-b2a6-bf5c6712e8c0/datanode-4/data/containers/hdds to VolumeSet
2019-09-19 21:57:37,135 [main] INFO  volume.ThrottledAsyncChecker (ThrottledAsyncChecker.java:schedule(139)) - Scheduling a check for org.apache.hadoop.ozone.container.common.volume.HddsVolume@55e91e61
2019-09-19 21:57:37,136 [main] INFO  volume.HddsVolumeChecker (HddsVolumeChecker.java:checkAllVolumes(202)) - Scheduled health check for volume org.apache.hadoop.ozone.container.common.volume.HddsVolume@55e91e61
2019-09-19 21:57:37,147 [main] INFO  impl.RaftServerProxy (ConfUtils.java:logGet(43)) - raft.rpc.type = GRPC (default)
2019-09-19 21:57:37,147 [main] INFO  grpc.GrpcFactory (GrpcFactory.java:checkPooledByteBufAllocatorUseCacheForAllThreads(45)) - PERFORMANCE WARNING: useCacheForAllThreads is true that may cause Netty to create a lot garbage objects and, as a result, trigger GC.
	It is recommended to disable useCacheForAllThreads by setting -Dorg.apache.ratis.thirdparty.io.netty.allocator.useCacheForAllThreads=false in command line.
2019-09-19 21:57:37,148 [main] INFO  grpc.GrpcConfigKeys$Server (ConfUtils.java:logGet(43)) - raft.grpc.server.port = 0 (default)
2019-09-19 21:57:37,148 [main] INFO  server.GrpcService (ConfUtils.java:logGet(43)) - raft.grpc.message.size.max = 33570816 (custom)
2019-09-19 21:57:37,148 [main] INFO  server.RaftServerConfigKeys (ConfUtils.java:logGet(43)) - raft.server.log.appender.buffer.byte-limit = 33554432 (custom)
2019-09-19 21:57:37,148 [main] INFO  server.GrpcService (ConfUtils.java:logGet(43)) - raft.grpc.flow.control.window = 1MB (=1048576) (default)
2019-09-19 21:57:37,148 [main] INFO  server.RaftServerConfigKeys (ConfUtils.java:logGet(43)) - raft.server.rpc.request.timeout = 3000ms (default)
2019-09-19 21:57:37,149 [main] INFO  server.RaftServerConfigKeys (ConfUtils.java:logGet(43)) - raft.server.storage.dir = [/workdir/hadoop-ozone/integration-test/target/test-dir/MiniOzoneClusterImpl-fb7eb67c-97b9-49f2-b2a6-bf5c6712e8c0/datanode-4/data/ratis] (custom)
2019-09-19 21:57:37,150 [main] INFO  hdfs.DFSUtil (DFSUtil.java:httpServerTemplateForNNAndJN(1641)) - Starting Web-server for hddsDatanode at: http://0.0.0.0:0
2019-09-19 21:57:37,151 [main] INFO  server.AuthenticationFilter (AuthenticationFilter.java:constructSecretProvider(240)) - Unable to initialize FileSignerSecretProvider, falling back to use random secrets.
2019-09-19 21:57:37,151 [main] WARN  http.HttpRequestLog (HttpRequestLog.java:getRequestLog(97)) - Jetty request log can only be enabled using Log4j
2019-09-19 21:57:37,152 [main] INFO  http.HttpServer2 (HttpServer2.java:addGlobalFilter(975)) - Added global filter 'safety' (class=org.apache.hadoop.http.HttpServer2$QuotingInputFilter)
2019-09-19 21:57:37,152 [main] INFO  http.HttpServer2 (HttpServer2.java:addFilter(948)) - Added filter static_user_filter (class=org.apache.hadoop.http.lib.StaticUserWebFilter$StaticUserFilter) to context hddsDatanode
2019-09-19 21:57:37,152 [main] INFO  http.HttpServer2 (HttpServer2.java:addFilter(958)) - Added filter static_user_filter (class=org.apache.hadoop.http.lib.StaticUserWebFilter$StaticUserFilter) to context logs
2019-09-19 21:57:37,152 [main] INFO  http.HttpServer2 (HttpServer2.java:addFilter(958)) - Added filter static_user_filter (class=org.apache.hadoop.http.lib.StaticUserWebFilter$StaticUserFilter) to context static
2019-09-19 21:57:37,153 [main] INFO  http.HttpServer2 (HttpServer2.java:bindListener(1191)) - Jetty bound to port 41267
2019-09-19 21:57:37,153 [main] INFO  server.Server (Server.java:doStart(351)) - jetty-9.3.24.v20180605, build timestamp: 2018-06-05T17:11:56Z, git hash: 84205aa28f11a4f31f2a3b86d1bba2cc8ab69827
2019-09-19 21:57:37,154 [main] INFO  handler.ContextHandler (ContextHandler.java:doStart(781)) - Started o.e.j.s.ServletContextHandler@2d9de284{/logs,file:///workdir/hadoop-ozone/integration-test/target/log,AVAILABLE}
2019-09-19 21:57:37,155 [main] INFO  handler.ContextHandler (ContextHandler.java:doStart(781)) - Started o.e.j.s.ServletContextHandler@7540160e{/static,jar:file:/home/user/.m2/repository/org/apache/hadoop/hadoop-hdds-container-service/0.5.0-SNAPSHOT/hadoop-hdds-container-service-0.5.0-SNAPSHOT.jar!/webapps/static,AVAILABLE}
2019-09-19 21:57:37,179 [main] INFO  handler.ContextHandler (ContextHandler.java:doStart(781)) - Started o.e.j.w.WebAppContext@45c90a05{/,file:///tmp/jetty-0.0.0.0-41267-hddsDatanode-_-any-4144341638839782349.dir/webapp/,AVAILABLE}{/hddsDatanode}
2019-09-19 21:57:37,179 [main] INFO  server.AbstractConnector (AbstractConnector.java:doStart(278)) - Started ServerConnector@296676c4{HTTP/1.1,[http/1.1]}{0.0.0.0:41267}
2019-09-19 21:57:37,182 [main] INFO  server.Server (Server.java:doStart(419)) - Started @703082ms
2019-09-19 21:57:37,182 [main] WARN  impl.MetricsSystemImpl (MetricsSystemImpl.java:register(276)) - Sink prometheus already exists!
2019-09-19 21:57:37,182 [main] INFO  server.BaseHttpServer (BaseHttpServer.java:updateConnectorAddress(215)) - HTTP server of HDDSDATANODE is listening at http://0.0.0.0:41267
2019-09-19 21:57:37,183 [main] INFO  impl.MetricsSystemImpl (MetricsSystemImpl.java:init(158)) - HddsDatanode metrics system started (again)
2019-09-19 21:57:37,188 [org.apache.hadoop.util.JvmPauseMonitor$Monitor@37357dd6] INFO  util.JvmPauseMonitor (JvmPauseMonitor.java:run(188)) - Starting JVM pause monitor
2019-09-19 21:57:37,189 [main] INFO  ozone.HddsDatanodeService (HddsDatanodeService.java:start(184)) - HddsDatanodeService host:pr-hdds-2020-k2m72-150965138 ip:192.168.157.232
2019-09-19 21:57:37,189 [Datanode State Machine Thread - 0] INFO  datanode.InitDatanodeState (InitDatanodeState.java:persistContainerDatanodeDetails(140)) - DatanodeDetails is persisted to /workdir/hadoop-ozone/integration-test/target/test-dir/MiniOzoneClusterImpl-fb7eb67c-97b9-49f2-b2a6-bf5c6712e8c0/datanode-4/meta/datanode.id
2019-09-19 21:57:37,195 [main] INFO  volume.HddsVolume (HddsVolume.java:<init>(176)) - Creating Volume: /workdir/hadoop-ozone/integration-test/target/test-dir/MiniOzoneClusterImpl-fb7eb67c-97b9-49f2-b2a6-bf5c6712e8c0/datanode-5/data/containers/hdds of  storage type : DISK and capacity : 1482555576320
2019-09-19 21:57:37,195 [main] INFO  volume.VolumeSet (VolumeSet.java:initializeVolumeSet(170)) - Added Volume : /workdir/hadoop-ozone/integration-test/target/test-dir/MiniOzoneClusterImpl-fb7eb67c-97b9-49f2-b2a6-bf5c6712e8c0/datanode-5/data/containers/hdds to VolumeSet
2019-09-19 21:57:37,196 [main] INFO  volume.ThrottledAsyncChecker (ThrottledAsyncChecker.java:schedule(139)) - Scheduling a check for org.apache.hadoop.ozone.container.common.volume.HddsVolume@3d88ce0e
2019-09-19 21:57:37,196 [main] INFO  volume.HddsVolumeChecker (HddsVolumeChecker.java:checkAllVolumes(202)) - Scheduled health check for volume org.apache.hadoop.ozone.container.common.volume.HddsVolume@3d88ce0e
2019-09-19 21:57:37,207 [main] INFO  impl.RaftServerProxy (ConfUtils.java:logGet(43)) - raft.rpc.type = GRPC (default)
2019-09-19 21:57:37,207 [main] INFO  grpc.GrpcFactory (GrpcFactory.java:checkPooledByteBufAllocatorUseCacheForAllThreads(45)) - PERFORMANCE WARNING: useCacheForAllThreads is true that may cause Netty to create a lot garbage objects and, as a result, trigger GC.
	It is recommended to disable useCacheForAllThreads by setting -Dorg.apache.ratis.thirdparty.io.netty.allocator.useCacheForAllThreads=false in command line.
2019-09-19 21:57:37,207 [main] INFO  grpc.GrpcConfigKeys$Server (ConfUtils.java:logGet(43)) - raft.grpc.server.port = 0 (default)
2019-09-19 21:57:37,207 [main] INFO  server.GrpcService (ConfUtils.java:logGet(43)) - raft.grpc.message.size.max = 33570816 (custom)
2019-09-19 21:57:37,207 [main] INFO  server.RaftServerConfigKeys (ConfUtils.java:logGet(43)) - raft.server.log.appender.buffer.byte-limit = 33554432 (custom)
2019-09-19 21:57:37,207 [main] INFO  server.GrpcService (ConfUtils.java:logGet(43)) - raft.grpc.flow.control.window = 1MB (=1048576) (default)
2019-09-19 21:57:37,208 [main] INFO  server.RaftServerConfigKeys (ConfUtils.java:logGet(43)) - raft.server.rpc.request.timeout = 3000ms (default)
2019-09-19 21:57:37,208 [main] INFO  server.RaftServerConfigKeys (ConfUtils.java:logGet(43)) - raft.server.storage.dir = [/workdir/hadoop-ozone/integration-test/target/test-dir/MiniOzoneClusterImpl-fb7eb67c-97b9-49f2-b2a6-bf5c6712e8c0/datanode-5/data/ratis] (custom)
2019-09-19 21:57:37,209 [main] INFO  hdfs.DFSUtil (DFSUtil.java:httpServerTemplateForNNAndJN(1641)) - Starting Web-server for hddsDatanode at: http://0.0.0.0:0
2019-09-19 21:57:37,209 [main] INFO  server.AuthenticationFilter (AuthenticationFilter.java:constructSecretProvider(240)) - Unable to initialize FileSignerSecretProvider, falling back to use random secrets.
2019-09-19 21:57:37,210 [main] WARN  http.HttpRequestLog (HttpRequestLog.java:getRequestLog(97)) - Jetty request log can only be enabled using Log4j
2019-09-19 21:57:37,211 [main] INFO  http.HttpServer2 (HttpServer2.java:addGlobalFilter(975)) - Added global filter 'safety' (class=org.apache.hadoop.http.HttpServer2$QuotingInputFilter)
2019-09-19 21:57:37,211 [main] INFO  http.HttpServer2 (HttpServer2.java:addFilter(948)) - Added filter static_user_filter (class=org.apache.hadoop.http.lib.StaticUserWebFilter$StaticUserFilter) to context hddsDatanode
2019-09-19 21:57:37,211 [main] INFO  http.HttpServer2 (HttpServer2.java:addFilter(958)) - Added filter static_user_filter (class=org.apache.hadoop.http.lib.StaticUserWebFilter$StaticUserFilter) to context logs
2019-09-19 21:57:37,211 [main] INFO  http.HttpServer2 (HttpServer2.java:addFilter(958)) - Added filter static_user_filter (class=org.apache.hadoop.http.lib.StaticUserWebFilter$StaticUserFilter) to context static
2019-09-19 21:57:37,212 [main] INFO  http.HttpServer2 (HttpServer2.java:bindListener(1191)) - Jetty bound to port 42599
2019-09-19 21:57:37,212 [main] INFO  server.Server (Server.java:doStart(351)) - jetty-9.3.24.v20180605, build timestamp: 2018-06-05T17:11:56Z, git hash: 84205aa28f11a4f31f2a3b86d1bba2cc8ab69827
2019-09-19 21:57:37,213 [main] INFO  handler.ContextHandler (ContextHandler.java:doStart(781)) - Started o.e.j.s.ServletContextHandler@305aaedf{/logs,file:///workdir/hadoop-ozone/integration-test/target/log,AVAILABLE}
2019-09-19 21:57:37,213 [main] INFO  handler.ContextHandler (ContextHandler.java:doStart(781)) - Started o.e.j.s.ServletContextHandler@17d76ebb{/static,jar:file:/home/user/.m2/repository/org/apache/hadoop/hadoop-hdds-container-service/0.5.0-SNAPSHOT/hadoop-hdds-container-service-0.5.0-SNAPSHOT.jar!/webapps/static,AVAILABLE}
2019-09-19 21:57:37,238 [main] INFO  handler.ContextHandler (ContextHandler.java:doStart(781)) - Started o.e.j.w.WebAppContext@5f0d8937{/,file:///tmp/jetty-0.0.0.0-42599-hddsDatanode-_-any-5922218169812407111.dir/webapp/,AVAILABLE}{/hddsDatanode}
2019-09-19 21:57:37,238 [main] INFO  server.AbstractConnector (AbstractConnector.java:doStart(278)) - Started ServerConnector@105dc04d{HTTP/1.1,[http/1.1]}{0.0.0.0:42599}
2019-09-19 21:57:37,240 [main] INFO  server.Server (Server.java:doStart(419)) - Started @703141ms
2019-09-19 21:57:37,241 [main] WARN  impl.MetricsSystemImpl (MetricsSystemImpl.java:register(276)) - Sink prometheus already exists!
2019-09-19 21:57:37,241 [main] INFO  server.BaseHttpServer (BaseHttpServer.java:updateConnectorAddress(215)) - HTTP server of HDDSDATANODE is listening at http://0.0.0.0:42599
2019-09-19 21:57:37,241 [main] INFO  impl.MetricsSystemImpl (MetricsSystemImpl.java:init(158)) - HddsDatanode metrics system started (again)
2019-09-19 21:57:37,247 [org.apache.hadoop.util.JvmPauseMonitor$Monitor@7b5443bb] INFO  util.JvmPauseMonitor (JvmPauseMonitor.java:run(188)) - Starting JVM pause monitor
2019-09-19 21:57:37,248 [Datanode State Machine Thread - 0] INFO  datanode.InitDatanodeState (InitDatanodeState.java:persistContainerDatanodeDetails(140)) - DatanodeDetails is persisted to /workdir/hadoop-ozone/integration-test/target/test-dir/MiniOzoneClusterImpl-fb7eb67c-97b9-49f2-b2a6-bf5c6712e8c0/datanode-5/meta/datanode.id
2019-09-19 21:57:37,248 [main] INFO  ozone.HddsDatanodeService (HddsDatanodeService.java:start(184)) - HddsDatanodeService host:pr-hdds-2020-k2m72-150965138 ip:192.168.157.232
2019-09-19 21:57:37,255 [main] INFO  volume.HddsVolume (HddsVolume.java:<init>(176)) - Creating Volume: /workdir/hadoop-ozone/integration-test/target/test-dir/MiniOzoneClusterImpl-fb7eb67c-97b9-49f2-b2a6-bf5c6712e8c0/datanode-6/data/containers/hdds of  storage type : DISK and capacity : 1482555576320
2019-09-19 21:57:37,255 [main] INFO  volume.VolumeSet (VolumeSet.java:initializeVolumeSet(170)) - Added Volume : /workdir/hadoop-ozone/integration-test/target/test-dir/MiniOzoneClusterImpl-fb7eb67c-97b9-49f2-b2a6-bf5c6712e8c0/datanode-6/data/containers/hdds to VolumeSet
2019-09-19 21:57:37,256 [main] INFO  volume.ThrottledAsyncChecker (ThrottledAsyncChecker.java:schedule(139)) - Scheduling a check for org.apache.hadoop.ozone.container.common.volume.HddsVolume@386e9fd8
2019-09-19 21:57:37,256 [main] INFO  volume.HddsVolumeChecker (HddsVolumeChecker.java:checkAllVolumes(202)) - Scheduled health check for volume org.apache.hadoop.ozone.container.common.volume.HddsVolume@386e9fd8
2019-09-19 21:57:37,270 [main] INFO  impl.RaftServerProxy (ConfUtils.java:logGet(43)) - raft.rpc.type = GRPC (default)
2019-09-19 21:57:37,270 [main] INFO  grpc.GrpcFactory (GrpcFactory.java:checkPooledByteBufAllocatorUseCacheForAllThreads(45)) - PERFORMANCE WARNING: useCacheForAllThreads is true that may cause Netty to create a lot garbage objects and, as a result, trigger GC.
	It is recommended to disable useCacheForAllThreads by setting -Dorg.apache.ratis.thirdparty.io.netty.allocator.useCacheForAllThreads=false in command line.
2019-09-19 21:57:37,270 [main] INFO  grpc.GrpcConfigKeys$Server (ConfUtils.java:logGet(43)) - raft.grpc.server.port = 0 (default)
2019-09-19 21:57:37,270 [main] INFO  server.GrpcService (ConfUtils.java:logGet(43)) - raft.grpc.message.size.max = 33570816 (custom)
2019-09-19 21:57:37,270 [main] INFO  server.RaftServerConfigKeys (ConfUtils.java:logGet(43)) - raft.server.log.appender.buffer.byte-limit = 33554432 (custom)
2019-09-19 21:57:37,270 [main] INFO  server.GrpcService (ConfUtils.java:logGet(43)) - raft.grpc.flow.control.window = 1MB (=1048576) (default)
2019-09-19 21:57:37,271 [main] INFO  server.RaftServerConfigKeys (ConfUtils.java:logGet(43)) - raft.server.rpc.request.timeout = 3000ms (default)
2019-09-19 21:57:37,271 [main] INFO  server.RaftServerConfigKeys (ConfUtils.java:logGet(43)) - raft.server.storage.dir = [/workdir/hadoop-ozone/integration-test/target/test-dir/MiniOzoneClusterImpl-fb7eb67c-97b9-49f2-b2a6-bf5c6712e8c0/datanode-6/data/ratis] (custom)
2019-09-19 21:57:37,272 [main] INFO  hdfs.DFSUtil (DFSUtil.java:httpServerTemplateForNNAndJN(1641)) - Starting Web-server for hddsDatanode at: http://0.0.0.0:0
2019-09-19 21:57:37,273 [main] INFO  server.AuthenticationFilter (AuthenticationFilter.java:constructSecretProvider(240)) - Unable to initialize FileSignerSecretProvider, falling back to use random secrets.
2019-09-19 21:57:37,273 [main] WARN  http.HttpRequestLog (HttpRequestLog.java:getRequestLog(97)) - Jetty request log can only be enabled using Log4j
2019-09-19 21:57:37,275 [main] INFO  http.HttpServer2 (HttpServer2.java:addGlobalFilter(975)) - Added global filter 'safety' (class=org.apache.hadoop.http.HttpServer2$QuotingInputFilter)
2019-09-19 21:57:37,275 [main] INFO  http.HttpServer2 (HttpServer2.java:addFilter(948)) - Added filter static_user_filter (class=org.apache.hadoop.http.lib.StaticUserWebFilter$StaticUserFilter) to context hddsDatanode
2019-09-19 21:57:37,275 [main] INFO  http.HttpServer2 (HttpServer2.java:addFilter(958)) - Added filter static_user_filter (class=org.apache.hadoop.http.lib.StaticUserWebFilter$StaticUserFilter) to context logs
2019-09-19 21:57:37,276 [main] INFO  http.HttpServer2 (HttpServer2.java:addFilter(958)) - Added filter static_user_filter (class=org.apache.hadoop.http.lib.StaticUserWebFilter$StaticUserFilter) to context static
2019-09-19 21:57:37,276 [main] INFO  http.HttpServer2 (HttpServer2.java:bindListener(1191)) - Jetty bound to port 42130
2019-09-19 21:57:37,276 [main] INFO  server.Server (Server.java:doStart(351)) - jetty-9.3.24.v20180605, build timestamp: 2018-06-05T17:11:56Z, git hash: 84205aa28f11a4f31f2a3b86d1bba2cc8ab69827
2019-09-19 21:57:37,281 [main] INFO  handler.ContextHandler (ContextHandler.java:doStart(781)) - Started o.e.j.s.ServletContextHandler@4540c7{/logs,file:///workdir/hadoop-ozone/integration-test/target/log,AVAILABLE}
2019-09-19 21:57:37,282 [main] INFO  handler.ContextHandler (ContextHandler.java:doStart(781)) - Started o.e.j.s.ServletContextHandler@2bc0b8c8{/static,jar:file:/home/user/.m2/repository/org/apache/hadoop/hadoop-hdds-container-service/0.5.0-SNAPSHOT/hadoop-hdds-container-service-0.5.0-SNAPSHOT.jar!/webapps/static,AVAILABLE}
2019-09-19 21:57:37,320 [main] INFO  handler.ContextHandler (ContextHandler.java:doStart(781)) - Started o.e.j.w.WebAppContext@5f6e2ad9{/,file:///tmp/jetty-0.0.0.0-42130-hddsDatanode-_-any-2700874613653728232.dir/webapp/,AVAILABLE}{/hddsDatanode}
2019-09-19 21:57:37,321 [main] INFO  server.AbstractConnector (AbstractConnector.java:doStart(278)) - Started ServerConnector@3212bfd{HTTP/1.1,[http/1.1]}{0.0.0.0:42130}
2019-09-19 21:57:37,323 [main] INFO  server.Server (Server.java:doStart(419)) - Started @703224ms
2019-09-19 21:57:37,323 [main] WARN  impl.MetricsSystemImpl (MetricsSystemImpl.java:register(276)) - Sink prometheus already exists!
2019-09-19 21:57:37,324 [main] INFO  server.BaseHttpServer (BaseHttpServer.java:updateConnectorAddress(215)) - HTTP server of HDDSDATANODE is listening at http://0.0.0.0:42130
2019-09-19 21:57:37,324 [main] INFO  ozone.MiniOzoneClusterImpl (MiniOzoneClusterImpl.java:lambda$waitForClusterToBeReady$0(145)) - Waiting for cluster to be ready. Got 0 of 7 DN Heartbeats.
2019-09-19 21:57:37,325 [org.apache.hadoop.util.JvmPauseMonitor$Monitor@2353cce9] INFO  util.JvmPauseMonitor (JvmPauseMonitor.java:run(188)) - Starting JVM pause monitor
2019-09-19 21:57:37,327 [Datanode State Machine Thread - 0] INFO  datanode.InitDatanodeState (InitDatanodeState.java:persistContainerDatanodeDetails(140)) - DatanodeDetails is persisted to /workdir/hadoop-ozone/integration-test/target/test-dir/MiniOzoneClusterImpl-fb7eb67c-97b9-49f2-b2a6-bf5c6712e8c0/datanode-6/meta/datanode.id
2019-09-19 21:57:38,325 [main] INFO  ozone.MiniOzoneClusterImpl (MiniOzoneClusterImpl.java:lambda$waitForClusterToBeReady$0(145)) - Waiting for cluster to be ready. Got 0 of 7 DN Heartbeats.
2019-09-19 21:57:38,997 [Datanode State Machine Thread - 0] INFO  ozoneimpl.OzoneContainer (OzoneContainer.java:start(217)) - Attempting to start container services.
2019-09-19 21:57:38,998 [Datanode State Machine Thread - 0] INFO  ozoneimpl.OzoneContainer (OzoneContainer.java:startContainerScrub(179)) - Background container scanner has been disabled.
2019-09-19 21:57:38,998 [Datanode State Machine Thread - 0] INFO  ratis.XceiverServerRatis (XceiverServerRatis.java:start(411)) - Starting XceiverServerRatis b65e3305-f752-472a-8fac-d0a966ba274f at port 0
2019-09-19 21:57:39,005 [Datanode State Machine Thread - 0] INFO  impl.RaftServerProxy (RaftServerProxy.java:lambda$start$3(299)) - b65e3305-f752-472a-8fac-d0a966ba274f: start RPC server
2019-09-19 21:57:39,006 [Datanode State Machine Thread - 0] INFO  server.GrpcService (GrpcService.java:startImpl(158)) - b65e3305-f752-472a-8fac-d0a966ba274f: GrpcService started, listening on 0.0.0.0/0.0.0.0:36803
2019-09-19 21:57:39,006 [Datanode State Machine Thread - 0] INFO  ratis.XceiverServerRatis (XceiverServerRatis.java:start(421)) - XceiverServerRatis b65e3305-f752-472a-8fac-d0a966ba274f is started using port 36803
2019-09-19 21:57:39,007 [Datanode State Machine Thread - 0] INFO  server.XceiverServerGrpc (XceiverServerGrpc.java:start(149)) - XceiverServerGrpc b65e3305-f752-472a-8fac-d0a966ba274f is started using port 39393
2019-09-19 21:57:39,028 [Datanode State Machine Thread - 0] INFO  ozoneimpl.OzoneContainer (OzoneContainer.java:start(217)) - Attempting to start container services.
2019-09-19 21:57:39,029 [Datanode State Machine Thread - 0] INFO  ozoneimpl.OzoneContainer (OzoneContainer.java:startContainerScrub(179)) - Background container scanner has been disabled.
2019-09-19 21:57:39,029 [Datanode State Machine Thread - 0] INFO  ratis.XceiverServerRatis (XceiverServerRatis.java:start(411)) - Starting XceiverServerRatis d3ea050d-330d-45e5-8945-53fc2c9ea6b1 at port 0
2019-09-19 21:57:39,036 [Datanode State Machine Thread - 0] INFO  impl.RaftServerProxy (RaftServerProxy.java:lambda$start$3(299)) - d3ea050d-330d-45e5-8945-53fc2c9ea6b1: start RPC server
2019-09-19 21:57:39,039 [Datanode State Machine Thread - 0] INFO  server.GrpcService (GrpcService.java:startImpl(158)) - d3ea050d-330d-45e5-8945-53fc2c9ea6b1: GrpcService started, listening on 0.0.0.0/0.0.0.0:41304
2019-09-19 21:57:39,039 [Datanode State Machine Thread - 0] INFO  ratis.XceiverServerRatis (XceiverServerRatis.java:start(421)) - XceiverServerRatis d3ea050d-330d-45e5-8945-53fc2c9ea6b1 is started using port 41304
2019-09-19 21:57:39,042 [Datanode State Machine Thread - 0] INFO  server.XceiverServerGrpc (XceiverServerGrpc.java:start(149)) - XceiverServerGrpc d3ea050d-330d-45e5-8945-53fc2c9ea6b1 is started using port 37578
2019-09-19 21:57:39,083 [Datanode State Machine Thread - 0] INFO  ozoneimpl.OzoneContainer (OzoneContainer.java:start(217)) - Attempting to start container services.
2019-09-19 21:57:39,083 [Datanode State Machine Thread - 0] INFO  ozoneimpl.OzoneContainer (OzoneContainer.java:startContainerScrub(179)) - Background container scanner has been disabled.
2019-09-19 21:57:39,083 [Datanode State Machine Thread - 0] INFO  ratis.XceiverServerRatis (XceiverServerRatis.java:start(411)) - Starting XceiverServerRatis 8d1d72f7-50a1-491e-ad08-4d5969505416 at port 0
2019-09-19 21:57:39,091 [Datanode State Machine Thread - 0] INFO  impl.RaftServerProxy (RaftServerProxy.java:lambda$start$3(299)) - 8d1d72f7-50a1-491e-ad08-4d5969505416: start RPC server
2019-09-19 21:57:39,091 [Datanode State Machine Thread - 0] INFO  server.GrpcService (GrpcService.java:startImpl(158)) - 8d1d72f7-50a1-491e-ad08-4d5969505416: GrpcService started, listening on 0.0.0.0/0.0.0.0:39825
2019-09-19 21:57:39,091 [Datanode State Machine Thread - 0] INFO  ratis.XceiverServerRatis (XceiverServerRatis.java:start(421)) - XceiverServerRatis 8d1d72f7-50a1-491e-ad08-4d5969505416 is started using port 39825
2019-09-19 21:57:39,103 [Datanode State Machine Thread - 0] INFO  server.XceiverServerGrpc (XceiverServerGrpc.java:start(149)) - XceiverServerGrpc 8d1d72f7-50a1-491e-ad08-4d5969505416 is started using port 41222
2019-09-19 21:57:39,142 [Datanode State Machine Thread - 0] INFO  ozoneimpl.OzoneContainer (OzoneContainer.java:start(217)) - Attempting to start container services.
2019-09-19 21:57:39,143 [Datanode State Machine Thread - 0] INFO  ozoneimpl.OzoneContainer (OzoneContainer.java:startContainerScrub(179)) - Background container scanner has been disabled.
2019-09-19 21:57:39,143 [Datanode State Machine Thread - 0] INFO  ratis.XceiverServerRatis (XceiverServerRatis.java:start(411)) - Starting XceiverServerRatis 3e5fa3fc-d239-4b30-ad77-e8b793221ddf at port 0
2019-09-19 21:57:39,152 [Datanode State Machine Thread - 0] INFO  impl.RaftServerProxy (RaftServerProxy.java:lambda$start$3(299)) - 3e5fa3fc-d239-4b30-ad77-e8b793221ddf: start RPC server
2019-09-19 21:57:39,153 [Datanode State Machine Thread - 0] INFO  server.GrpcService (GrpcService.java:startImpl(158)) - 3e5fa3fc-d239-4b30-ad77-e8b793221ddf: GrpcService started, listening on 0.0.0.0/0.0.0.0:46026
2019-09-19 21:57:39,153 [Datanode State Machine Thread - 0] INFO  ratis.XceiverServerRatis (XceiverServerRatis.java:start(421)) - XceiverServerRatis 3e5fa3fc-d239-4b30-ad77-e8b793221ddf is started using port 46026
2019-09-19 21:57:39,157 [Datanode State Machine Thread - 0] INFO  server.XceiverServerGrpc (XceiverServerGrpc.java:start(149)) - XceiverServerGrpc 3e5fa3fc-d239-4b30-ad77-e8b793221ddf is started using port 44364
2019-09-19 21:57:39,202 [Datanode State Machine Thread - 0] INFO  ozoneimpl.OzoneContainer (OzoneContainer.java:start(217)) - Attempting to start container services.
2019-09-19 21:57:39,202 [Datanode State Machine Thread - 0] INFO  ozoneimpl.OzoneContainer (OzoneContainer.java:startContainerScrub(179)) - Background container scanner has been disabled.
2019-09-19 21:57:39,202 [Datanode State Machine Thread - 0] INFO  ratis.XceiverServerRatis (XceiverServerRatis.java:start(411)) - Starting XceiverServerRatis 38403d94-8e42-496f-83ea-8c437680f4f4 at port 0
2019-09-19 21:57:39,209 [Datanode State Machine Thread - 0] INFO  impl.RaftServerProxy (RaftServerProxy.java:lambda$start$3(299)) - 38403d94-8e42-496f-83ea-8c437680f4f4: start RPC server
2019-09-19 21:57:39,210 [Datanode State Machine Thread - 0] INFO  server.GrpcService (GrpcService.java:startImpl(158)) - 38403d94-8e42-496f-83ea-8c437680f4f4: GrpcService started, listening on 0.0.0.0/0.0.0.0:35432
2019-09-19 21:57:39,210 [Datanode State Machine Thread - 0] INFO  ratis.XceiverServerRatis (XceiverServerRatis.java:start(421)) - XceiverServerRatis 38403d94-8e42-496f-83ea-8c437680f4f4 is started using port 35432
2019-09-19 21:57:39,210 [Datanode State Machine Thread - 0] INFO  server.XceiverServerGrpc (XceiverServerGrpc.java:start(149)) - XceiverServerGrpc 38403d94-8e42-496f-83ea-8c437680f4f4 is started using port 41606
2019-09-19 21:57:39,261 [Datanode State Machine Thread - 0] INFO  ozoneimpl.OzoneContainer (OzoneContainer.java:start(217)) - Attempting to start container services.
2019-09-19 21:57:39,261 [Datanode State Machine Thread - 0] INFO  ozoneimpl.OzoneContainer (OzoneContainer.java:startContainerScrub(179)) - Background container scanner has been disabled.
2019-09-19 21:57:39,261 [Datanode State Machine Thread - 0] INFO  ratis.XceiverServerRatis (XceiverServerRatis.java:start(411)) - Starting XceiverServerRatis e51f7a00-4888-490c-aa50-986bb4a7b39b at port 0
2019-09-19 21:57:39,268 [Datanode State Machine Thread - 0] INFO  impl.RaftServerProxy (RaftServerProxy.java:lambda$start$3(299)) - e51f7a00-4888-490c-aa50-986bb4a7b39b: start RPC server
2019-09-19 21:57:39,269 [Datanode State Machine Thread - 0] INFO  server.GrpcService (GrpcService.java:startImpl(158)) - e51f7a00-4888-490c-aa50-986bb4a7b39b: GrpcService started, listening on 0.0.0.0/0.0.0.0:39792
2019-09-19 21:57:39,269 [Datanode State Machine Thread - 0] INFO  ratis.XceiverServerRatis (XceiverServerRatis.java:start(421)) - XceiverServerRatis e51f7a00-4888-490c-aa50-986bb4a7b39b is started using port 39792
2019-09-19 21:57:39,269 [Datanode State Machine Thread - 0] INFO  server.XceiverServerGrpc (XceiverServerGrpc.java:start(149)) - XceiverServerGrpc e51f7a00-4888-490c-aa50-986bb4a7b39b is started using port 33436
2019-09-19 21:57:39,326 [main] INFO  ozone.MiniOzoneClusterImpl (MiniOzoneClusterImpl.java:lambda$waitForClusterToBeReady$0(145)) - Waiting for cluster to be ready. Got 0 of 7 DN Heartbeats.
2019-09-19 21:57:39,352 [Datanode State Machine Thread - 0] INFO  ozoneimpl.OzoneContainer (OzoneContainer.java:start(217)) - Attempting to start container services.
2019-09-19 21:57:39,353 [Datanode State Machine Thread - 0] INFO  ozoneimpl.OzoneContainer (OzoneContainer.java:startContainerScrub(179)) - Background container scanner has been disabled.
2019-09-19 21:57:39,353 [Datanode State Machine Thread - 0] INFO  ratis.XceiverServerRatis (XceiverServerRatis.java:start(411)) - Starting XceiverServerRatis 07257f41-c861-482b-a7ad-de9864149e7d at port 0
2019-09-19 21:57:39,360 [Datanode State Machine Thread - 0] INFO  impl.RaftServerProxy (RaftServerProxy.java:lambda$start$3(299)) - 07257f41-c861-482b-a7ad-de9864149e7d: start RPC server
2019-09-19 21:57:39,361 [Datanode State Machine Thread - 0] INFO  server.GrpcService (GrpcService.java:startImpl(158)) - 07257f41-c861-482b-a7ad-de9864149e7d: GrpcService started, listening on 0.0.0.0/0.0.0.0:46844
2019-09-19 21:57:39,361 [Datanode State Machine Thread - 0] INFO  ratis.XceiverServerRatis (XceiverServerRatis.java:start(421)) - XceiverServerRatis 07257f41-c861-482b-a7ad-de9864149e7d is started using port 46844
2019-09-19 21:57:39,362 [Datanode State Machine Thread - 0] INFO  server.XceiverServerGrpc (XceiverServerGrpc.java:start(149)) - XceiverServerGrpc 07257f41-c861-482b-a7ad-de9864149e7d is started using port 38634
2019-09-19 21:57:40,327 [main] INFO  ozone.MiniOzoneClusterImpl (MiniOzoneClusterImpl.java:lambda$waitForClusterToBeReady$0(145)) - Waiting for cluster to be ready. Got 0 of 7 DN Heartbeats.
2019-09-19 21:57:40,958 [IPC Server handler 1 on 44998] INFO  net.NetworkTopology (NetworkTopologyImpl.java:add(111)) - Added a new node: /default-rack/b65e3305-f752-472a-8fac-d0a966ba274f
2019-09-19 21:57:40,962 [IPC Server handler 1 on 44998] INFO  node.SCMNodeManager (SCMNodeManager.java:register(266)) - Registered Data node : b65e3305-f752-472a-8fac-d0a966ba274f{ip: 192.168.157.232, host: pr-hdds-2020-k2m72-150965138, networkLocation: /default-rack, certSerialId: null}
2019-09-19 21:57:40,963 [EventQueue-NodeRegistrationContainerReportForDataNodeSafeModeRule] INFO  safemode.SCMSafeModeManager (DataNodeSafeModeRule.java:process(71)) - SCM in safe mode. 1 DataNodes registered, 1 required.
2019-09-19 21:57:40,966 [EventQueue-NodeRegistrationContainerReportForDataNodeSafeModeRule] INFO  safemode.SCMSafeModeManager (SCMSafeModeManager.java:validateSafeModeExitRules(177)) - ScmSafeModeManager, all rules are successfully validated
2019-09-19 21:57:40,966 [EventQueue-NodeRegistrationContainerReportForDataNodeSafeModeRule] INFO  safemode.SCMSafeModeManager (SCMSafeModeManager.java:exitSafeMode(193)) - SCM exiting safe mode.
2019-09-19 21:57:40,978 [grpc-default-executor-9] INFO  impl.RaftServerProxy (RaftServerProxy.java:addNew(89)) - b65e3305-f752-472a-8fac-d0a966ba274f: addNew group-4CE804424AFD:[b65e3305-f752-472a-8fac-d0a966ba274f:192.168.157.232:36803] returns group-4CE804424AFD:java.util.concurrent.CompletableFuture@3b9984f1[Not completed]
2019-09-19 21:57:40,982 [pool-679-thread-1] INFO  impl.RaftServerImpl (RaftServerImpl.java:<init>(95)) - b65e3305-f752-472a-8fac-d0a966ba274f: new RaftServerImpl for group-4CE804424AFD:[b65e3305-f752-472a-8fac-d0a966ba274f:192.168.157.232:36803] with ContainerStateMachine:uninitialized
2019-09-19 21:57:40,983 [pool-679-thread-1] INFO  server.RaftServerConfigKeys (ConfUtils.java:logGet(43)) - raft.server.rpc.timeout.min = 5s (custom)
2019-09-19 21:57:40,983 [pool-679-thread-1] INFO  server.RaftServerConfigKeys (ConfUtils.java:logGet(43)) - raft.server.rpc.timeout.max = 5200ms (custom)
2019-09-19 21:57:40,983 [pool-679-thread-1] INFO  server.RaftServerConfigKeys (ConfUtils.java:logGet(43)) - raft.server.rpcslowness.timeout = 120s (custom)
2019-09-19 21:57:40,983 [pool-679-thread-1] INFO  server.RaftServerConfigKeys (ConfUtils.java:logGet(43)) - raft.server.sleep.deviation.threshold = 300 (default)
2019-09-19 21:57:40,984 [pool-679-thread-1] INFO  server.RaftServerConfigKeys (ConfUtils.java:logGet(43)) - raft.server.log.appender.install.snapshot.enabled = false (custom)
2019-09-19 21:57:40,984 [pool-679-thread-1] INFO  impl.RaftServerImpl (ServerState.java:<init>(103)) - b65e3305-f752-472a-8fac-d0a966ba274f@group-4CE804424AFD: ConfigurationManager, init=-1: [b65e3305-f752-472a-8fac-d0a966ba274f:192.168.157.232:36803], old=null, confs=<EMPTY_MAP>
2019-09-19 21:57:40,984 [pool-679-thread-1] INFO  server.RaftServerConfigKeys (ConfUtils.java:logGet(43)) - raft.server.storage.dir = [/workdir/hadoop-ozone/integration-test/target/test-dir/MiniOzoneClusterImpl-fb7eb67c-97b9-49f2-b2a6-bf5c6712e8c0/datanode-0/data/ratis] (custom)
2019-09-19 21:57:40,985 [pool-679-thread-1] INFO  storage.RaftStorageDirectory (RaftStorageDirectory.java:analyzeStorage(246)) - The storage directory /workdir/hadoop-ozone/integration-test/target/test-dir/MiniOzoneClusterImpl-fb7eb67c-97b9-49f2-b2a6-bf5c6712e8c0/datanode-0/data/ratis/1b4192fa-19b8-4a23-8bbf-4ce804424afd does not exist. Creating ...
2019-09-19 21:57:40,998 [pool-679-thread-1] INFO  storage.RaftStorageDirectory (RaftStorageDirectory.java:tryLock(328)) - Lock on /workdir/hadoop-ozone/integration-test/target/test-dir/MiniOzoneClusterImpl-fb7eb67c-97b9-49f2-b2a6-bf5c6712e8c0/datanode-0/data/ratis/1b4192fa-19b8-4a23-8bbf-4ce804424afd/in_use.lock acquired by nodename 6076@pr-hdds-2020-k2m72-150965138
2019-09-19 21:57:41,011 [IPC Server handler 2 on 44998] INFO  net.NetworkTopology (NetworkTopologyImpl.java:add(111)) - Added a new node: /default-rack/d3ea050d-330d-45e5-8945-53fc2c9ea6b1
2019-09-19 21:57:41,011 [IPC Server handler 2 on 44998] INFO  node.SCMNodeManager (SCMNodeManager.java:register(266)) - Registered Data node : d3ea050d-330d-45e5-8945-53fc2c9ea6b1{ip: 192.168.157.232, host: pr-hdds-2020-k2m72-150965138, networkLocation: /default-rack, certSerialId: null}
2019-09-19 21:57:41,011 [pool-679-thread-1] INFO  storage.RaftStorage (RaftStorage.java:format(72)) - Storage directory /workdir/hadoop-ozone/integration-test/target/test-dir/MiniOzoneClusterImpl-fb7eb67c-97b9-49f2-b2a6-bf5c6712e8c0/datanode-0/data/ratis/1b4192fa-19b8-4a23-8bbf-4ce804424afd has been successfully formatted.
2019-09-19 21:57:41,012 [pool-679-thread-1] INFO  ratis.ContainerStateMachine (ContainerStateMachine.java:loadSnapshot(230)) - group-4CE804424AFD: The snapshot info is null. Setting the last applied indexto:(t:0, i:~)
2019-09-19 21:57:41,012 [pool-679-thread-1] INFO  server.RaftServerConfigKeys (ConfUtils.java:logGet(43)) - raft.server.notification.no-leader.timeout = 120s (custom)
2019-09-19 21:57:41,012 [pool-679-thread-1] INFO  server.RaftServerConfigKeys (ConfUtils.java:logGet(43)) - raft.server.log.use.memory = false (default)
2019-09-19 21:57:41,012 [pool-679-thread-1] INFO  server.RaftServerConfigKeys (ConfUtils.java:logGet(43)) - raft.server.log.purge.gap = 1000000 (custom)
2019-09-19 21:57:41,012 [pool-679-thread-1] INFO  server.RaftServerConfigKeys (ConfUtils.java:logGet(43)) - raft.server.log.appender.buffer.byte-limit = 33554432 (custom)
2019-09-19 21:57:41,012 [pool-679-thread-1] INFO  server.RaftServerConfigKeys (ConfUtils.java:logGet(43)) - raft.server.log.segment.size.max = 1048576 (custom)
2019-09-19 21:57:41,013 [pool-679-thread-1] INFO  server.RaftServerConfigKeys (ConfUtils.java:logGet(43)) - raft.server.log.segment.cache.num.max = 2 (custom)
2019-09-19 21:57:41,013 [pool-679-thread-1] INFO  segmented.SegmentedRaftLogWorker (SegmentedRaftLogWorker.java:<init>(172)) - new b65e3305-f752-472a-8fac-d0a966ba274f@group-4CE804424AFD-SegmentedRaftLogWorker for RaftStorage:Storage Directory /workdir/hadoop-ozone/integration-test/target/test-dir/MiniOzoneClusterImpl-fb7eb67c-97b9-49f2-b2a6-bf5c6712e8c0/datanode-0/data/ratis/1b4192fa-19b8-4a23-8bbf-4ce804424afd
2019-09-19 21:57:41,015 [pool-679-thread-1] INFO  server.RaftServerConfigKeys (ConfUtils.java:logGet(43)) - raft.server.log.queue.byte-limit = 2147483647 (custom)
2019-09-19 21:57:41,015 [pool-679-thread-1] INFO  server.RaftServerConfigKeys (ConfUtils.java:logGet(43)) - raft.server.log.queue.element-limit = 1024 (custom)
2019-09-19 21:57:41,015 [pool-679-thread-1] INFO  server.RaftServerConfigKeys (ConfUtils.java:logGet(43)) - raft.server.log.segment.size.max = 1048576 (custom)
2019-09-19 21:57:41,015 [pool-679-thread-1] INFO  server.RaftServerConfigKeys (ConfUtils.java:logGet(43)) - raft.server.log.preallocated.size = 16384 (custom)
2019-09-19 21:57:41,015 [pool-679-thread-1] INFO  server.RaftServerConfigKeys (ConfUtils.java:logGet(43)) - raft.server.log.write.buffer.size = 33554432 (custom)
2019-09-19 21:57:41,016 [pool-679-thread-1] INFO  server.RaftServerConfigKeys (ConfUtils.java:logGet(43)) - raft.server.log.force.sync.num = 128 (default)
2019-09-19 21:57:41,016 [pool-679-thread-1] INFO  server.RaftServerConfigKeys (ConfUtils.java:logGet(43)) - raft.server.log.statemachine.data.sync = true (default)
2019-09-19 21:57:41,016 [pool-679-thread-1] INFO  server.RaftServerConfigKeys (ConfUtils.java:logGet(43)) - raft.server.log.statemachine.data.sync.timeout = 10s (default)
2019-09-19 21:57:41,016 [pool-679-thread-1] INFO  server.RaftServerConfigKeys (ConfUtils.java:logGet(43)) - raft.server.log.statemachine.data.sync.timeout.retry = -1 (default)
2019-09-19 21:57:41,016 [pool-679-thread-1] INFO  server.RaftServerConfigKeys (ConfUtils.java:logGet(43)) - raft.server.log.statemachine.data.caching.enabled = true (custom)
2019-09-19 21:57:41,017 [pool-679-thread-1] INFO  segmented.SegmentedRaftLogWorker (SegmentedRaftLogWorker.java:lambda$new$0(132)) - b65e3305-f752-472a-8fac-d0a966ba274f@group-4CE804424AFD-SegmentedRaftLogWorker: flushIndex: setUnconditionally 0 -> -1
2019-09-19 21:57:41,017 [pool-679-thread-1] INFO  server.RaftServerConfigKeys (ConfUtils.java:logGet(43)) - raft.server.snapshot.auto.trigger.enabled = true (custom)
2019-09-19 21:57:41,017 [pool-679-thread-1] INFO  server.RaftServerConfigKeys (ConfUtils.java:logGet(43)) - raft.server.snapshot.auto.trigger.threshold = 10000 (custom)
2019-09-19 21:57:41,017 [pool-679-thread-1] INFO  server.RaftServerConfigKeys (ConfUtils.java:logGet(43)) - raft.server.snapshot.retention.num.files = 5 (custom)
2019-09-19 21:57:41,017 [pool-679-thread-1] INFO  server.RaftServerConfigKeys (ConfUtils.java:logGet(43)) - raft.server.retrycache.expirytime = 600000ms (custom)
2019-09-19 21:57:41,019 [pool-679-thread-1] INFO  impl.RaftServerImpl (RaftServerImpl.java:start(185)) - b65e3305-f752-472a-8fac-d0a966ba274f@group-4CE804424AFD: start as a follower, conf=-1: [b65e3305-f752-472a-8fac-d0a966ba274f:192.168.157.232:36803], old=null
2019-09-19 21:57:41,019 [pool-679-thread-1] INFO  impl.RaftServerImpl (RaftServerImpl.java:setRole(174)) - b65e3305-f752-472a-8fac-d0a966ba274f@group-4CE804424AFD: changes role from      null to FOLLOWER at term 0 for startAsFollower
2019-09-19 21:57:41,019 [pool-679-thread-1] INFO  impl.RoleInfo (RoleInfo.java:updateAndGet(143)) - b65e3305-f752-472a-8fac-d0a966ba274f: start FollowerState
2019-09-19 21:57:41,020 [pool-679-thread-1] INFO  util.JmxRegister (JmxRegister.java:tryRegister(44)) - Successfully registered JMX Bean with object name Ratis:service=RaftServer,group=group-4CE804424AFD,id=b65e3305-f752-472a-8fac-d0a966ba274f
2019-09-19 21:57:41,023 [RatisPipelineUtilsThread] INFO  pipeline.PipelineStateManager (PipelineStateManager.java:addPipeline(56)) - Created pipeline Pipeline[ Id: 1b4192fa-19b8-4a23-8bbf-4ce804424afd, Nodes: b65e3305-f752-472a-8fac-d0a966ba274f{ip: 192.168.157.232, host: pr-hdds-2020-k2m72-150965138, networkLocation: /default-rack, certSerialId: null}, Type:RATIS, Factor:ONE, State:OPEN]
2019-09-19 21:57:41,030 [grpc-default-executor-9] INFO  impl.RaftServerProxy (RaftServerProxy.java:addNew(89)) - d3ea050d-330d-45e5-8945-53fc2c9ea6b1: addNew group-DAE745381D64:[d3ea050d-330d-45e5-8945-53fc2c9ea6b1:192.168.157.232:41304] returns group-DAE745381D64:java.util.concurrent.CompletableFuture@5c12923c[Not completed]
2019-09-19 21:57:41,031 [pool-689-thread-1] INFO  impl.RaftServerImpl (RaftServerImpl.java:<init>(95)) - d3ea050d-330d-45e5-8945-53fc2c9ea6b1: new RaftServerImpl for group-DAE745381D64:[d3ea050d-330d-45e5-8945-53fc2c9ea6b1:192.168.157.232:41304] with ContainerStateMachine:uninitialized
2019-09-19 21:57:41,031 [pool-689-thread-1] INFO  server.RaftServerConfigKeys (ConfUtils.java:logGet(43)) - raft.server.rpc.timeout.min = 5s (custom)
2019-09-19 21:57:41,031 [pool-689-thread-1] INFO  server.RaftServerConfigKeys (ConfUtils.java:logGet(43)) - raft.server.rpc.timeout.max = 5200ms (custom)
2019-09-19 21:57:41,031 [pool-689-thread-1] INFO  server.RaftServerConfigKeys (ConfUtils.java:logGet(43)) - raft.server.rpcslowness.timeout = 120s (custom)
2019-09-19 21:57:41,031 [pool-689-thread-1] INFO  server.RaftServerConfigKeys (ConfUtils.java:logGet(43)) - raft.server.sleep.deviation.threshold = 300 (default)
2019-09-19 21:57:41,031 [pool-689-thread-1] INFO  server.RaftServerConfigKeys (ConfUtils.java:logGet(43)) - raft.server.log.appender.install.snapshot.enabled = false (custom)
2019-09-19 21:57:41,031 [pool-689-thread-1] INFO  impl.RaftServerImpl (ServerState.java:<init>(103)) - d3ea050d-330d-45e5-8945-53fc2c9ea6b1@group-DAE745381D64: ConfigurationManager, init=-1: [d3ea050d-330d-45e5-8945-53fc2c9ea6b1:192.168.157.232:41304], old=null, confs=<EMPTY_MAP>
2019-09-19 21:57:41,032 [pool-689-thread-1] INFO  server.RaftServerConfigKeys (ConfUtils.java:logGet(43)) - raft.server.storage.dir = [/workdir/hadoop-ozone/integration-test/target/test-dir/MiniOzoneClusterImpl-fb7eb67c-97b9-49f2-b2a6-bf5c6712e8c0/datanode-1/data/ratis] (custom)
2019-09-19 21:57:41,032 [pool-689-thread-1] INFO  storage.RaftStorageDirectory (RaftStorageDirectory.java:analyzeStorage(246)) - The storage directory /workdir/hadoop-ozone/integration-test/target/test-dir/MiniOzoneClusterImpl-fb7eb67c-97b9-49f2-b2a6-bf5c6712e8c0/datanode-1/data/ratis/7a2697f2-b34d-45d7-b371-dae745381d64 does not exist. Creating ...
2019-09-19 21:57:41,046 [pool-689-thread-1] INFO  storage.RaftStorageDirectory (RaftStorageDirectory.java:tryLock(328)) - Lock on /workdir/hadoop-ozone/integration-test/target/test-dir/MiniOzoneClusterImpl-fb7eb67c-97b9-49f2-b2a6-bf5c6712e8c0/datanode-1/data/ratis/7a2697f2-b34d-45d7-b371-dae745381d64/in_use.lock acquired by nodename 6076@pr-hdds-2020-k2m72-150965138
2019-09-19 21:57:41,058 [pool-689-thread-1] INFO  storage.RaftStorage (RaftStorage.java:format(72)) - Storage directory /workdir/hadoop-ozone/integration-test/target/test-dir/MiniOzoneClusterImpl-fb7eb67c-97b9-49f2-b2a6-bf5c6712e8c0/datanode-1/data/ratis/7a2697f2-b34d-45d7-b371-dae745381d64 has been successfully formatted.
2019-09-19 21:57:41,058 [pool-689-thread-1] INFO  ratis.ContainerStateMachine (ContainerStateMachine.java:loadSnapshot(230)) - group-DAE745381D64: The snapshot info is null. Setting the last applied indexto:(t:0, i:~)
2019-09-19 21:57:41,059 [pool-689-thread-1] INFO  server.RaftServerConfigKeys (ConfUtils.java:logGet(43)) - raft.server.notification.no-leader.timeout = 120s (custom)
2019-09-19 21:57:41,059 [pool-689-thread-1] INFO  server.RaftServerConfigKeys (ConfUtils.java:logGet(43)) - raft.server.log.use.memory = false (default)
2019-09-19 21:57:41,059 [pool-689-thread-1] INFO  server.RaftServerConfigKeys (ConfUtils.java:logGet(43)) - raft.server.log.purge.gap = 1000000 (custom)
2019-09-19 21:57:41,059 [pool-689-thread-1] INFO  server.RaftServerConfigKeys (ConfUtils.java:logGet(43)) - raft.server.log.appender.buffer.byte-limit = 33554432 (custom)
2019-09-19 21:57:41,059 [pool-689-thread-1] INFO  server.RaftServerConfigKeys (ConfUtils.java:logGet(43)) - raft.server.log.segment.size.max = 1048576 (custom)
2019-09-19 21:57:41,059 [pool-689-thread-1] INFO  server.RaftServerConfigKeys (ConfUtils.java:logGet(43)) - raft.server.log.segment.cache.num.max = 2 (custom)
2019-09-19 21:57:41,059 [pool-689-thread-1] INFO  segmented.SegmentedRaftLogWorker (SegmentedRaftLogWorker.java:<init>(172)) - new d3ea050d-330d-45e5-8945-53fc2c9ea6b1@group-DAE745381D64-SegmentedRaftLogWorker for RaftStorage:Storage Directory /workdir/hadoop-ozone/integration-test/target/test-dir/MiniOzoneClusterImpl-fb7eb67c-97b9-49f2-b2a6-bf5c6712e8c0/datanode-1/data/ratis/7a2697f2-b34d-45d7-b371-dae745381d64
2019-09-19 21:57:41,060 [pool-689-thread-1] INFO  server.RaftServerConfigKeys (ConfUtils.java:logGet(43)) - raft.server.log.queue.byte-limit = 2147483647 (custom)
2019-09-19 21:57:41,060 [pool-689-thread-1] INFO  server.RaftServerConfigKeys (ConfUtils.java:logGet(43)) - raft.server.log.queue.element-limit = 1024 (custom)
2019-09-19 21:57:41,060 [pool-689-thread-1] INFO  server.RaftServerConfigKeys (ConfUtils.java:logGet(43)) - raft.server.log.segment.size.max = 1048576 (custom)
2019-09-19 21:57:41,060 [pool-689-thread-1] INFO  server.RaftServerConfigKeys (ConfUtils.java:logGet(43)) - raft.server.log.preallocated.size = 16384 (custom)
2019-09-19 21:57:41,060 [pool-689-thread-1] INFO  server.RaftServerConfigKeys (ConfUtils.java:logGet(43)) - raft.server.log.write.buffer.size = 33554432 (custom)
2019-09-19 21:57:41,061 [pool-689-thread-1] INFO  server.RaftServerConfigKeys (ConfUtils.java:logGet(43)) - raft.server.log.force.sync.num = 128 (default)
2019-09-19 21:57:41,061 [pool-689-thread-1] INFO  server.RaftServerConfigKeys (ConfUtils.java:logGet(43)) - raft.server.log.statemachine.data.sync = true (default)
2019-09-19 21:57:41,061 [pool-689-thread-1] INFO  server.RaftServerConfigKeys (ConfUtils.java:logGet(43)) - raft.server.log.statemachine.data.sync.timeout = 10s (default)
2019-09-19 21:57:41,061 [pool-689-thread-1] INFO  server.RaftServerConfigKeys (ConfUtils.java:logGet(43)) - raft.server.log.statemachine.data.sync.timeout.retry = -1 (default)
2019-09-19 21:57:41,061 [pool-689-thread-1] INFO  server.RaftServerConfigKeys (ConfUtils.java:logGet(43)) - raft.server.log.statemachine.data.caching.enabled = true (custom)
2019-09-19 21:57:41,061 [pool-689-thread-1] INFO  segmented.SegmentedRaftLogWorker (SegmentedRaftLogWorker.java:lambda$new$0(132)) - d3ea050d-330d-45e5-8945-53fc2c9ea6b1@group-DAE745381D64-SegmentedRaftLogWorker: flushIndex: setUnconditionally 0 -> -1
2019-09-19 21:57:41,061 [pool-689-thread-1] INFO  server.RaftServerConfigKeys (ConfUtils.java:logGet(43)) - raft.server.snapshot.auto.trigger.enabled = true (custom)
2019-09-19 21:57:41,061 [pool-689-thread-1] INFO  server.RaftServerConfigKeys (ConfUtils.java:logGet(43)) - raft.server.snapshot.auto.trigger.threshold = 10000 (custom)
2019-09-19 21:57:41,061 [pool-689-thread-1] INFO  server.RaftServerConfigKeys (ConfUtils.java:logGet(43)) - raft.server.snapshot.retention.num.files = 5 (custom)
2019-09-19 21:57:41,062 [pool-689-thread-1] INFO  server.RaftServerConfigKeys (ConfUtils.java:logGet(43)) - raft.server.retrycache.expirytime = 600000ms (custom)
2019-09-19 21:57:41,063 [pool-689-thread-1] INFO  impl.RaftServerImpl (RaftServerImpl.java:start(185)) - d3ea050d-330d-45e5-8945-53fc2c9ea6b1@group-DAE745381D64: start as a follower, conf=-1: [d3ea050d-330d-45e5-8945-53fc2c9ea6b1:192.168.157.232:41304], old=null
2019-09-19 21:57:41,063 [pool-689-thread-1] INFO  impl.RaftServerImpl (RaftServerImpl.java:setRole(174)) - d3ea050d-330d-45e5-8945-53fc2c9ea6b1@group-DAE745381D64: changes role from      null to FOLLOWER at term 0 for startAsFollower
2019-09-19 21:57:41,063 [pool-689-thread-1] INFO  impl.RoleInfo (RoleInfo.java:updateAndGet(143)) - d3ea050d-330d-45e5-8945-53fc2c9ea6b1: start FollowerState
2019-09-19 21:57:41,063 [pool-689-thread-1] INFO  util.JmxRegister (JmxRegister.java:tryRegister(44)) - Successfully registered JMX Bean with object name Ratis:service=RaftServer,group=group-DAE745381D64,id=d3ea050d-330d-45e5-8945-53fc2c9ea6b1
2019-09-19 21:57:41,065 [RatisPipelineUtilsThread] INFO  pipeline.PipelineStateManager (PipelineStateManager.java:addPipeline(56)) - Created pipeline Pipeline[ Id: 7a2697f2-b34d-45d7-b371-dae745381d64, Nodes: d3ea050d-330d-45e5-8945-53fc2c9ea6b1{ip: 192.168.157.232, host: pr-hdds-2020-k2m72-150965138, networkLocation: /default-rack, certSerialId: null}, Type:RATIS, Factor:ONE, State:OPEN]
2019-09-19 21:57:41,069 [IPC Server handler 3 on 44998] INFO  net.NetworkTopology (NetworkTopologyImpl.java:add(111)) - Added a new node: /default-rack/8d1d72f7-50a1-491e-ad08-4d5969505416
2019-09-19 21:57:41,069 [IPC Server handler 3 on 44998] INFO  node.SCMNodeManager (SCMNodeManager.java:register(266)) - Registered Data node : 8d1d72f7-50a1-491e-ad08-4d5969505416{ip: 192.168.157.232, host: pr-hdds-2020-k2m72-150965138, networkLocation: /default-rack, certSerialId: null}
2019-09-19 21:57:41,076 [grpc-default-executor-9] INFO  impl.RaftServerProxy (RaftServerProxy.java:addNew(89)) - 8d1d72f7-50a1-491e-ad08-4d5969505416: addNew group-4B7126239BEB:[8d1d72f7-50a1-491e-ad08-4d5969505416:192.168.157.232:39825] returns group-4B7126239BEB:java.util.concurrent.CompletableFuture@3c04ded2[Not completed]
2019-09-19 21:57:41,077 [pool-699-thread-1] INFO  impl.RaftServerImpl (RaftServerImpl.java:<init>(95)) - 8d1d72f7-50a1-491e-ad08-4d5969505416: new RaftServerImpl for group-4B7126239BEB:[8d1d72f7-50a1-491e-ad08-4d5969505416:192.168.157.232:39825] with ContainerStateMachine:uninitialized
2019-09-19 21:57:41,077 [pool-699-thread-1] INFO  server.RaftServerConfigKeys (ConfUtils.java:logGet(43)) - raft.server.rpc.timeout.min = 5s (custom)
2019-09-19 21:57:41,077 [pool-699-thread-1] INFO  server.RaftServerConfigKeys (ConfUtils.java:logGet(43)) - raft.server.rpc.timeout.max = 5200ms (custom)
2019-09-19 21:57:41,077 [pool-699-thread-1] INFO  server.RaftServerConfigKeys (ConfUtils.java:logGet(43)) - raft.server.rpcslowness.timeout = 120s (custom)
2019-09-19 21:57:41,078 [pool-699-thread-1] INFO  server.RaftServerConfigKeys (ConfUtils.java:logGet(43)) - raft.server.sleep.deviation.threshold = 300 (default)
2019-09-19 21:57:41,078 [pool-699-thread-1] INFO  server.RaftServerConfigKeys (ConfUtils.java:logGet(43)) - raft.server.log.appender.install.snapshot.enabled = false (custom)
2019-09-19 21:57:41,078 [pool-699-thread-1] INFO  impl.RaftServerImpl (ServerState.java:<init>(103)) - 8d1d72f7-50a1-491e-ad08-4d5969505416@group-4B7126239BEB: ConfigurationManager, init=-1: [8d1d72f7-50a1-491e-ad08-4d5969505416:192.168.157.232:39825], old=null, confs=<EMPTY_MAP>
2019-09-19 21:57:41,078 [pool-699-thread-1] INFO  server.RaftServerConfigKeys (ConfUtils.java:logGet(43)) - raft.server.storage.dir = [/workdir/hadoop-ozone/integration-test/target/test-dir/MiniOzoneClusterImpl-fb7eb67c-97b9-49f2-b2a6-bf5c6712e8c0/datanode-2/data/ratis] (custom)
2019-09-19 21:57:41,078 [pool-699-thread-1] INFO  storage.RaftStorageDirectory (RaftStorageDirectory.java:analyzeStorage(246)) - The storage directory /workdir/hadoop-ozone/integration-test/target/test-dir/MiniOzoneClusterImpl-fb7eb67c-97b9-49f2-b2a6-bf5c6712e8c0/datanode-2/data/ratis/95063c14-993f-4ae7-b5a7-4b7126239beb does not exist. Creating ...
2019-09-19 21:57:41,081 [pool-699-thread-1] INFO  storage.RaftStorageDirectory (RaftStorageDirectory.java:tryLock(328)) - Lock on /workdir/hadoop-ozone/integration-test/target/test-dir/MiniOzoneClusterImpl-fb7eb67c-97b9-49f2-b2a6-bf5c6712e8c0/datanode-2/data/ratis/95063c14-993f-4ae7-b5a7-4b7126239beb/in_use.lock acquired by nodename 6076@pr-hdds-2020-k2m72-150965138
2019-09-19 21:57:41,084 [pool-699-thread-1] INFO  storage.RaftStorage (RaftStorage.java:format(72)) - Storage directory /workdir/hadoop-ozone/integration-test/target/test-dir/MiniOzoneClusterImpl-fb7eb67c-97b9-49f2-b2a6-bf5c6712e8c0/datanode-2/data/ratis/95063c14-993f-4ae7-b5a7-4b7126239beb has been successfully formatted.
2019-09-19 21:57:41,084 [pool-699-thread-1] INFO  ratis.ContainerStateMachine (ContainerStateMachine.java:loadSnapshot(230)) - group-4B7126239BEB: The snapshot info is null. Setting the last applied indexto:(t:0, i:~)
2019-09-19 21:57:41,084 [pool-699-thread-1] INFO  server.RaftServerConfigKeys (ConfUtils.java:logGet(43)) - raft.server.notification.no-leader.timeout = 120s (custom)
2019-09-19 21:57:41,084 [pool-699-thread-1] INFO  server.RaftServerConfigKeys (ConfUtils.java:logGet(43)) - raft.server.log.use.memory = false (default)
2019-09-19 21:57:41,085 [pool-699-thread-1] INFO  server.RaftServerConfigKeys (ConfUtils.java:logGet(43)) - raft.server.log.purge.gap = 1000000 (custom)
2019-09-19 21:57:41,085 [pool-699-thread-1] INFO  server.RaftServerConfigKeys (ConfUtils.java:logGet(43)) - raft.server.log.appender.buffer.byte-limit = 33554432 (custom)
2019-09-19 21:57:41,085 [pool-699-thread-1] INFO  server.RaftServerConfigKeys (ConfUtils.java:logGet(43)) - raft.server.log.segment.size.max = 1048576 (custom)
2019-09-19 21:57:41,085 [pool-699-thread-1] INFO  server.RaftServerConfigKeys (ConfUtils.java:logGet(43)) - raft.server.log.segment.cache.num.max = 2 (custom)
2019-09-19 21:57:41,085 [pool-699-thread-1] INFO  segmented.SegmentedRaftLogWorker (SegmentedRaftLogWorker.java:<init>(172)) - new 8d1d72f7-50a1-491e-ad08-4d5969505416@group-4B7126239BEB-SegmentedRaftLogWorker for RaftStorage:Storage Directory /workdir/hadoop-ozone/integration-test/target/test-dir/MiniOzoneClusterImpl-fb7eb67c-97b9-49f2-b2a6-bf5c6712e8c0/datanode-2/data/ratis/95063c14-993f-4ae7-b5a7-4b7126239beb
2019-09-19 21:57:41,086 [pool-699-thread-1] INFO  server.RaftServerConfigKeys (ConfUtils.java:logGet(43)) - raft.server.log.queue.byte-limit = 2147483647 (custom)
2019-09-19 21:57:41,086 [pool-699-thread-1] INFO  server.RaftServerConfigKeys (ConfUtils.java:logGet(43)) - raft.server.log.queue.element-limit = 1024 (custom)
2019-09-19 21:57:41,086 [pool-699-thread-1] INFO  server.RaftServerConfigKeys (ConfUtils.java:logGet(43)) - raft.server.log.segment.size.max = 1048576 (custom)
2019-09-19 21:57:41,086 [pool-699-thread-1] INFO  server.RaftServerConfigKeys (ConfUtils.java:logGet(43)) - raft.server.log.preallocated.size = 16384 (custom)
2019-09-19 21:57:41,086 [pool-699-thread-1] INFO  server.RaftServerConfigKeys (ConfUtils.java:logGet(43)) - raft.server.log.write.buffer.size = 33554432 (custom)
2019-09-19 21:57:41,086 [pool-699-thread-1] INFO  server.RaftServerConfigKeys (ConfUtils.java:logGet(43)) - raft.server.log.force.sync.num = 128 (default)
2019-09-19 21:57:41,086 [pool-699-thread-1] INFO  server.RaftServerConfigKeys (ConfUtils.java:logGet(43)) - raft.server.log.statemachine.data.sync = true (default)
2019-09-19 21:57:41,086 [pool-699-thread-1] INFO  server.RaftServerConfigKeys (ConfUtils.java:logGet(43)) - raft.server.log.statemachine.data.sync.timeout = 10s (default)
2019-09-19 21:57:41,086 [pool-699-thread-1] INFO  server.RaftServerConfigKeys (ConfUtils.java:logGet(43)) - raft.server.log.statemachine.data.sync.timeout.retry = -1 (default)
2019-09-19 21:57:41,087 [pool-699-thread-1] INFO  server.RaftServerConfigKeys (ConfUtils.java:logGet(43)) - raft.server.log.statemachine.data.caching.enabled = true (custom)
2019-09-19 21:57:41,087 [pool-699-thread-1] INFO  segmented.SegmentedRaftLogWorker (SegmentedRaftLogWorker.java:lambda$new$0(132)) - 8d1d72f7-50a1-491e-ad08-4d5969505416@group-4B7126239BEB-SegmentedRaftLogWorker: flushIndex: setUnconditionally 0 -> -1
2019-09-19 21:57:41,087 [pool-699-thread-1] INFO  server.RaftServerConfigKeys (ConfUtils.java:logGet(43)) - raft.server.snapshot.auto.trigger.enabled = true (custom)
2019-09-19 21:57:41,087 [pool-699-thread-1] INFO  server.RaftServerConfigKeys (ConfUtils.java:logGet(43)) - raft.server.snapshot.auto.trigger.threshold = 10000 (custom)
2019-09-19 21:57:41,087 [pool-699-thread-1] INFO  server.RaftServerConfigKeys (ConfUtils.java:logGet(43)) - raft.server.snapshot.retention.num.files = 5 (custom)
2019-09-19 21:57:41,087 [pool-699-thread-1] INFO  server.RaftServerConfigKeys (ConfUtils.java:logGet(43)) - raft.server.retrycache.expirytime = 600000ms (custom)
2019-09-19 21:57:41,088 [pool-699-thread-1] INFO  impl.RaftServerImpl (RaftServerImpl.java:start(185)) - 8d1d72f7-50a1-491e-ad08-4d5969505416@group-4B7126239BEB: start as a follower, conf=-1: [8d1d72f7-50a1-491e-ad08-4d5969505416:192.168.157.232:39825], old=null
2019-09-19 21:57:41,088 [pool-699-thread-1] INFO  impl.RaftServerImpl (RaftServerImpl.java:setRole(174)) - 8d1d72f7-50a1-491e-ad08-4d5969505416@group-4B7126239BEB: changes role from      null to FOLLOWER at term 0 for startAsFollower
2019-09-19 21:57:41,088 [pool-699-thread-1] INFO  impl.RoleInfo (RoleInfo.java:updateAndGet(143)) - 8d1d72f7-50a1-491e-ad08-4d5969505416: start FollowerState
2019-09-19 21:57:41,088 [pool-699-thread-1] INFO  util.JmxRegister (JmxRegister.java:tryRegister(44)) - Successfully registered JMX Bean with object name Ratis:service=RaftServer,group=group-4B7126239BEB,id=8d1d72f7-50a1-491e-ad08-4d5969505416
2019-09-19 21:57:41,091 [RatisPipelineUtilsThread] INFO  pipeline.PipelineStateManager (PipelineStateManager.java:addPipeline(56)) - Created pipeline Pipeline[ Id: 95063c14-993f-4ae7-b5a7-4b7126239beb, Nodes: 8d1d72f7-50a1-491e-ad08-4d5969505416{ip: 192.168.157.232, host: pr-hdds-2020-k2m72-150965138, networkLocation: /default-rack, certSerialId: null}, Type:RATIS, Factor:ONE, State:OPEN]
2019-09-19 21:57:41,106 [grpc-default-executor-7] INFO  impl.RaftServerProxy (RaftServerProxy.java:addNew(89)) - b65e3305-f752-472a-8fac-d0a966ba274f: addNew group-839CFB3610A3:[b65e3305-f752-472a-8fac-d0a966ba274f:192.168.157.232:36803, 8d1d72f7-50a1-491e-ad08-4d5969505416:192.168.157.232:39825, d3ea050d-330d-45e5-8945-53fc2c9ea6b1:192.168.157.232:41304] returns group-839CFB3610A3:java.util.concurrent.CompletableFuture@554b7eb[Not completed]
2019-09-19 21:57:41,106 [grpc-default-executor-0] INFO  impl.RaftServerProxy (RaftServerProxy.java:addNew(89)) - 8d1d72f7-50a1-491e-ad08-4d5969505416: addNew group-839CFB3610A3:[b65e3305-f752-472a-8fac-d0a966ba274f:192.168.157.232:36803, 8d1d72f7-50a1-491e-ad08-4d5969505416:192.168.157.232:39825, d3ea050d-330d-45e5-8945-53fc2c9ea6b1:192.168.157.232:41304] returns group-839CFB3610A3:java.util.concurrent.CompletableFuture@6b83a552[Not completed]
2019-09-19 21:57:41,106 [grpc-default-executor-9] INFO  impl.RaftServerProxy (RaftServerProxy.java:addNew(89)) - d3ea050d-330d-45e5-8945-53fc2c9ea6b1: addNew group-839CFB3610A3:[b65e3305-f752-472a-8fac-d0a966ba274f:192.168.157.232:36803, 8d1d72f7-50a1-491e-ad08-4d5969505416:192.168.157.232:39825, d3ea050d-330d-45e5-8945-53fc2c9ea6b1:192.168.157.232:41304] returns group-839CFB3610A3:java.util.concurrent.CompletableFuture@63c84e5[Not completed]
2019-09-19 21:57:41,107 [pool-689-thread-1] INFO  impl.RaftServerImpl (RaftServerImpl.java:<init>(95)) - d3ea050d-330d-45e5-8945-53fc2c9ea6b1: new RaftServerImpl for group-839CFB3610A3:[b65e3305-f752-472a-8fac-d0a966ba274f:192.168.157.232:36803, 8d1d72f7-50a1-491e-ad08-4d5969505416:192.168.157.232:39825, d3ea050d-330d-45e5-8945-53fc2c9ea6b1:192.168.157.232:41304] with ContainerStateMachine:uninitialized
2019-09-19 21:57:41,107 [pool-689-thread-1] INFO  server.RaftServerConfigKeys (ConfUtils.java:logGet(43)) - raft.server.rpc.timeout.min = 5s (custom)
2019-09-19 21:57:41,107 [pool-689-thread-1] INFO  server.RaftServerConfigKeys (ConfUtils.java:logGet(43)) - raft.server.rpc.timeout.max = 5200ms (custom)
2019-09-19 21:57:41,107 [pool-689-thread-1] INFO  server.RaftServerConfigKeys (ConfUtils.java:logGet(43)) - raft.server.rpcslowness.timeout = 120s (custom)
2019-09-19 21:57:41,107 [pool-689-thread-1] INFO  server.RaftServerConfigKeys (ConfUtils.java:logGet(43)) - raft.server.sleep.deviation.threshold = 300 (default)
2019-09-19 21:57:41,107 [pool-689-thread-1] INFO  server.RaftServerConfigKeys (ConfUtils.java:logGet(43)) - raft.server.log.appender.install.snapshot.enabled = false (custom)
2019-09-19 21:57:41,108 [pool-689-thread-1] INFO  impl.RaftServerImpl (ServerState.java:<init>(103)) - d3ea050d-330d-45e5-8945-53fc2c9ea6b1@group-839CFB3610A3: ConfigurationManager, init=-1: [b65e3305-f752-472a-8fac-d0a966ba274f:192.168.157.232:36803, 8d1d72f7-50a1-491e-ad08-4d5969505416:192.168.157.232:39825, d3ea050d-330d-45e5-8945-53fc2c9ea6b1:192.168.157.232:41304], old=null, confs=<EMPTY_MAP>
2019-09-19 21:57:41,108 [pool-689-thread-1] INFO  server.RaftServerConfigKeys (ConfUtils.java:logGet(43)) - raft.server.storage.dir = [/workdir/hadoop-ozone/integration-test/target/test-dir/MiniOzoneClusterImpl-fb7eb67c-97b9-49f2-b2a6-bf5c6712e8c0/datanode-1/data/ratis] (custom)
2019-09-19 21:57:41,108 [pool-679-thread-1] INFO  impl.RaftServerImpl (RaftServerImpl.java:<init>(95)) - b65e3305-f752-472a-8fac-d0a966ba274f: new RaftServerImpl for group-839CFB3610A3:[b65e3305-f752-472a-8fac-d0a966ba274f:192.168.157.232:36803, 8d1d72f7-50a1-491e-ad08-4d5969505416:192.168.157.232:39825, d3ea050d-330d-45e5-8945-53fc2c9ea6b1:192.168.157.232:41304] with ContainerStateMachine:uninitialized
2019-09-19 21:57:41,108 [pool-689-thread-1] INFO  storage.RaftStorageDirectory (RaftStorageDirectory.java:analyzeStorage(246)) - The storage directory /workdir/hadoop-ozone/integration-test/target/test-dir/MiniOzoneClusterImpl-fb7eb67c-97b9-49f2-b2a6-bf5c6712e8c0/datanode-1/data/ratis/92a7349c-cf6e-4788-9689-839cfb3610a3 does not exist. Creating ...
2019-09-19 21:57:41,108 [pool-679-thread-1] INFO  server.RaftServerConfigKeys (ConfUtils.java:logGet(43)) - raft.server.rpc.timeout.min = 5s (custom)
2019-09-19 21:57:41,108 [pool-679-thread-1] INFO  server.RaftServerConfigKeys (ConfUtils.java:logGet(43)) - raft.server.rpc.timeout.max = 5200ms (custom)
2019-09-19 21:57:41,108 [pool-679-thread-1] INFO  server.RaftServerConfigKeys (ConfUtils.java:logGet(43)) - raft.server.rpcslowness.timeout = 120s (custom)
2019-09-19 21:57:41,108 [pool-699-thread-1] INFO  impl.RaftServerImpl (RaftServerImpl.java:<init>(95)) - 8d1d72f7-50a1-491e-ad08-4d5969505416: new RaftServerImpl for group-839CFB3610A3:[b65e3305-f752-472a-8fac-d0a966ba274f:192.168.157.232:36803, 8d1d72f7-50a1-491e-ad08-4d5969505416:192.168.157.232:39825, d3ea050d-330d-45e5-8945-53fc2c9ea6b1:192.168.157.232:41304] with ContainerStateMachine:uninitialized
2019-09-19 21:57:41,108 [pool-679-thread-1] INFO  server.RaftServerConfigKeys (ConfUtils.java:logGet(43)) - raft.server.sleep.deviation.threshold = 300 (default)
2019-09-19 21:57:41,108 [pool-699-thread-1] INFO  server.RaftServerConfigKeys (ConfUtils.java:logGet(43)) - raft.server.rpc.timeout.min = 5s (custom)
2019-09-19 21:57:41,109 [pool-679-thread-1] INFO  server.RaftServerConfigKeys (ConfUtils.java:logGet(43)) - raft.server.log.appender.install.snapshot.enabled = false (custom)
2019-09-19 21:57:41,109 [pool-699-thread-1] INFO  server.RaftServerConfigKeys (ConfUtils.java:logGet(43)) - raft.server.rpc.timeout.max = 5200ms (custom)
2019-09-19 21:57:41,109 [pool-679-thread-1] INFO  impl.RaftServerImpl (ServerState.java:<init>(103)) - b65e3305-f752-472a-8fac-d0a966ba274f@group-839CFB3610A3: ConfigurationManager, init=-1: [b65e3305-f752-472a-8fac-d0a966ba274f:192.168.157.232:36803, 8d1d72f7-50a1-491e-ad08-4d5969505416:192.168.157.232:39825, d3ea050d-330d-45e5-8945-53fc2c9ea6b1:192.168.157.232:41304], old=null, confs=<EMPTY_MAP>
2019-09-19 21:57:41,109 [pool-699-thread-1] INFO  server.RaftServerConfigKeys (ConfUtils.java:logGet(43)) - raft.server.rpcslowness.timeout = 120s (custom)
2019-09-19 21:57:41,109 [pool-679-thread-1] INFO  server.RaftServerConfigKeys (ConfUtils.java:logGet(43)) - raft.server.storage.dir = [/workdir/hadoop-ozone/integration-test/target/test-dir/MiniOzoneClusterImpl-fb7eb67c-97b9-49f2-b2a6-bf5c6712e8c0/datanode-0/data/ratis] (custom)
2019-09-19 21:57:41,109 [pool-699-thread-1] INFO  server.RaftServerConfigKeys (ConfUtils.java:logGet(43)) - raft.server.sleep.deviation.threshold = 300 (default)
2019-09-19 21:57:41,109 [pool-699-thread-1] INFO  server.RaftServerConfigKeys (ConfUtils.java:logGet(43)) - raft.server.log.appender.install.snapshot.enabled = false (custom)
2019-09-19 21:57:41,109 [pool-679-thread-1] INFO  storage.RaftStorageDirectory (RaftStorageDirectory.java:analyzeStorage(246)) - The storage directory /workdir/hadoop-ozone/integration-test/target/test-dir/MiniOzoneClusterImpl-fb7eb67c-97b9-49f2-b2a6-bf5c6712e8c0/datanode-0/data/ratis/92a7349c-cf6e-4788-9689-839cfb3610a3 does not exist. Creating ...
2019-09-19 21:57:41,109 [pool-699-thread-1] INFO  impl.RaftServerImpl (ServerState.java:<init>(103)) - 8d1d72f7-50a1-491e-ad08-4d5969505416@group-839CFB3610A3: ConfigurationManager, init=-1: [b65e3305-f752-472a-8fac-d0a966ba274f:192.168.157.232:36803, 8d1d72f7-50a1-491e-ad08-4d5969505416:192.168.157.232:39825, d3ea050d-330d-45e5-8945-53fc2c9ea6b1:192.168.157.232:41304], old=null, confs=<EMPTY_MAP>
2019-09-19 21:57:41,110 [pool-699-thread-1] INFO  server.RaftServerConfigKeys (ConfUtils.java:logGet(43)) - raft.server.storage.dir = [/workdir/hadoop-ozone/integration-test/target/test-dir/MiniOzoneClusterImpl-fb7eb67c-97b9-49f2-b2a6-bf5c6712e8c0/datanode-2/data/ratis] (custom)
2019-09-19 21:57:41,110 [pool-699-thread-1] INFO  storage.RaftStorageDirectory (RaftStorageDirectory.java:analyzeStorage(246)) - The storage directory /workdir/hadoop-ozone/integration-test/target/test-dir/MiniOzoneClusterImpl-fb7eb67c-97b9-49f2-b2a6-bf5c6712e8c0/datanode-2/data/ratis/92a7349c-cf6e-4788-9689-839cfb3610a3 does not exist. Creating ...
2019-09-19 21:57:41,111 [pool-689-thread-1] INFO  storage.RaftStorageDirectory (RaftStorageDirectory.java:tryLock(328)) - Lock on /workdir/hadoop-ozone/integration-test/target/test-dir/MiniOzoneClusterImpl-fb7eb67c-97b9-49f2-b2a6-bf5c6712e8c0/datanode-1/data/ratis/92a7349c-cf6e-4788-9689-839cfb3610a3/in_use.lock acquired by nodename 6076@pr-hdds-2020-k2m72-150965138
2019-09-19 21:57:41,115 [pool-699-thread-1] INFO  storage.RaftStorageDirectory (RaftStorageDirectory.java:tryLock(328)) - Lock on /workdir/hadoop-ozone/integration-test/target/test-dir/MiniOzoneClusterImpl-fb7eb67c-97b9-49f2-b2a6-bf5c6712e8c0/datanode-2/data/ratis/92a7349c-cf6e-4788-9689-839cfb3610a3/in_use.lock acquired by nodename 6076@pr-hdds-2020-k2m72-150965138
2019-09-19 21:57:41,115 [pool-689-thread-1] INFO  storage.RaftStorage (RaftStorage.java:format(72)) - Storage directory /workdir/hadoop-ozone/integration-test/target/test-dir/MiniOzoneClusterImpl-fb7eb67c-97b9-49f2-b2a6-bf5c6712e8c0/datanode-1/data/ratis/92a7349c-cf6e-4788-9689-839cfb3610a3 has been successfully formatted.
2019-09-19 21:57:41,115 [pool-679-thread-1] INFO  storage.RaftStorageDirectory (RaftStorageDirectory.java:tryLock(328)) - Lock on /workdir/hadoop-ozone/integration-test/target/test-dir/MiniOzoneClusterImpl-fb7eb67c-97b9-49f2-b2a6-bf5c6712e8c0/datanode-0/data/ratis/92a7349c-cf6e-4788-9689-839cfb3610a3/in_use.lock acquired by nodename 6076@pr-hdds-2020-k2m72-150965138
2019-09-19 21:57:41,115 [pool-689-thread-1] INFO  ratis.ContainerStateMachine (ContainerStateMachine.java:loadSnapshot(230)) - group-839CFB3610A3: The snapshot info is null. Setting the last applied indexto:(t:0, i:~)
2019-09-19 21:57:41,116 [pool-689-thread-1] INFO  server.RaftServerConfigKeys (ConfUtils.java:logGet(43)) - raft.server.notification.no-leader.timeout = 120s (custom)
2019-09-19 21:57:41,116 [pool-689-thread-1] INFO  server.RaftServerConfigKeys (ConfUtils.java:logGet(43)) - raft.server.log.use.memory = false (default)
2019-09-19 21:57:41,116 [pool-689-thread-1] INFO  server.RaftServerConfigKeys (ConfUtils.java:logGet(43)) - raft.server.log.purge.gap = 1000000 (custom)
2019-09-19 21:57:41,116 [pool-689-thread-1] INFO  server.RaftServerConfigKeys (ConfUtils.java:logGet(43)) - raft.server.log.appender.buffer.byte-limit = 33554432 (custom)
2019-09-19 21:57:41,116 [pool-689-thread-1] INFO  server.RaftServerConfigKeys (ConfUtils.java:logGet(43)) - raft.server.log.segment.size.max = 1048576 (custom)
2019-09-19 21:57:41,116 [pool-689-thread-1] INFO  server.RaftServerConfigKeys (ConfUtils.java:logGet(43)) - raft.server.log.segment.cache.num.max = 2 (custom)
2019-09-19 21:57:41,117 [pool-689-thread-1] INFO  segmented.SegmentedRaftLogWorker (SegmentedRaftLogWorker.java:<init>(172)) - new d3ea050d-330d-45e5-8945-53fc2c9ea6b1@group-839CFB3610A3-SegmentedRaftLogWorker for RaftStorage:Storage Directory /workdir/hadoop-ozone/integration-test/target/test-dir/MiniOzoneClusterImpl-fb7eb67c-97b9-49f2-b2a6-bf5c6712e8c0/datanode-1/data/ratis/92a7349c-cf6e-4788-9689-839cfb3610a3
2019-09-19 21:57:41,117 [pool-689-thread-1] INFO  server.RaftServerConfigKeys (ConfUtils.java:logGet(43)) - raft.server.log.queue.byte-limit = 2147483647 (custom)
2019-09-19 21:57:41,117 [pool-689-thread-1] INFO  server.RaftServerConfigKeys (ConfUtils.java:logGet(43)) - raft.server.log.queue.element-limit = 1024 (custom)
2019-09-19 21:57:41,117 [pool-689-thread-1] INFO  server.RaftServerConfigKeys (ConfUtils.java:logGet(43)) - raft.server.log.segment.size.max = 1048576 (custom)
2019-09-19 21:57:41,117 [pool-689-thread-1] INFO  server.RaftServerConfigKeys (ConfUtils.java:logGet(43)) - raft.server.log.preallocated.size = 16384 (custom)
2019-09-19 21:57:41,117 [pool-689-thread-1] INFO  server.RaftServerConfigKeys (ConfUtils.java:logGet(43)) - raft.server.log.write.buffer.size = 33554432 (custom)
2019-09-19 21:57:41,117 [pool-689-thread-1] INFO  server.RaftServerConfigKeys (ConfUtils.java:logGet(43)) - raft.server.log.force.sync.num = 128 (default)
2019-09-19 21:57:41,118 [pool-689-thread-1] INFO  server.RaftServerConfigKeys (ConfUtils.java:logGet(43)) - raft.server.log.statemachine.data.sync = true (default)
2019-09-19 21:57:41,118 [pool-689-thread-1] INFO  server.RaftServerConfigKeys (ConfUtils.java:logGet(43)) - raft.server.log.statemachine.data.sync.timeout = 10s (default)
2019-09-19 21:57:41,118 [pool-689-thread-1] INFO  server.RaftServerConfigKeys (ConfUtils.java:logGet(43)) - raft.server.log.statemachine.data.sync.timeout.retry = -1 (default)
2019-09-19 21:57:41,118 [pool-689-thread-1] INFO  server.RaftServerConfigKeys (ConfUtils.java:logGet(43)) - raft.server.log.statemachine.data.caching.enabled = true (custom)
2019-09-19 21:57:41,120 [pool-689-thread-1] INFO  segmented.SegmentedRaftLogWorker (SegmentedRaftLogWorker.java:lambda$new$0(132)) - d3ea050d-330d-45e5-8945-53fc2c9ea6b1@group-839CFB3610A3-SegmentedRaftLogWorker: flushIndex: setUnconditionally 0 -> -1
2019-09-19 21:57:41,120 [pool-689-thread-1] INFO  server.RaftServerConfigKeys (ConfUtils.java:logGet(43)) - raft.server.snapshot.auto.trigger.enabled = true (custom)
2019-09-19 21:57:41,120 [pool-689-thread-1] INFO  server.RaftServerConfigKeys (ConfUtils.java:logGet(43)) - raft.server.snapshot.auto.trigger.threshold = 10000 (custom)
2019-09-19 21:57:41,120 [pool-689-thread-1] INFO  server.RaftServerConfigKeys (ConfUtils.java:logGet(43)) - raft.server.snapshot.retention.num.files = 5 (custom)
2019-09-19 21:57:41,120 [pool-689-thread-1] INFO  server.RaftServerConfigKeys (ConfUtils.java:logGet(43)) - raft.server.retrycache.expirytime = 600000ms (custom)
2019-09-19 21:57:41,121 [pool-679-thread-1] INFO  storage.RaftStorage (RaftStorage.java:format(72)) - Storage directory /workdir/hadoop-ozone/integration-test/target/test-dir/MiniOzoneClusterImpl-fb7eb67c-97b9-49f2-b2a6-bf5c6712e8c0/datanode-0/data/ratis/92a7349c-cf6e-4788-9689-839cfb3610a3 has been successfully formatted.
2019-09-19 21:57:41,121 [pool-699-thread-1] INFO  storage.RaftStorage (RaftStorage.java:format(72)) - Storage directory /workdir/hadoop-ozone/integration-test/target/test-dir/MiniOzoneClusterImpl-fb7eb67c-97b9-49f2-b2a6-bf5c6712e8c0/datanode-2/data/ratis/92a7349c-cf6e-4788-9689-839cfb3610a3 has been successfully formatted.
2019-09-19 21:57:41,121 [pool-679-thread-1] INFO  ratis.ContainerStateMachine (ContainerStateMachine.java:loadSnapshot(230)) - group-839CFB3610A3: The snapshot info is null. Setting the last applied indexto:(t:0, i:~)
2019-09-19 21:57:41,121 [pool-699-thread-1] INFO  ratis.ContainerStateMachine (ContainerStateMachine.java:loadSnapshot(230)) - group-839CFB3610A3: The snapshot info is null. Setting the last applied indexto:(t:0, i:~)
2019-09-19 21:57:41,121 [pool-679-thread-1] INFO  server.RaftServerConfigKeys (ConfUtils.java:logGet(43)) - raft.server.notification.no-leader.timeout = 120s (custom)
2019-09-19 21:57:41,121 [pool-699-thread-1] INFO  server.RaftServerConfigKeys (ConfUtils.java:logGet(43)) - raft.server.notification.no-leader.timeout = 120s (custom)
2019-09-19 21:57:41,121 [pool-679-thread-1] INFO  server.RaftServerConfigKeys (ConfUtils.java:logGet(43)) - raft.server.log.use.memory = false (default)
2019-09-19 21:57:41,122 [pool-699-thread-1] INFO  server.RaftServerConfigKeys (ConfUtils.java:logGet(43)) - raft.server.log.use.memory = false (default)
2019-09-19 21:57:41,122 [pool-679-thread-1] INFO  server.RaftServerConfigKeys (ConfUtils.java:logGet(43)) - raft.server.log.purge.gap = 1000000 (custom)
2019-09-19 21:57:41,122 [pool-699-thread-1] INFO  server.RaftServerConfigKeys (ConfUtils.java:logGet(43)) - raft.server.log.purge.gap = 1000000 (custom)
2019-09-19 21:57:41,122 [pool-679-thread-1] INFO  server.RaftServerConfigKeys (ConfUtils.java:logGet(43)) - raft.server.log.appender.buffer.byte-limit = 33554432 (custom)
2019-09-19 21:57:41,122 [pool-699-thread-1] INFO  server.RaftServerConfigKeys (ConfUtils.java:logGet(43)) - raft.server.log.appender.buffer.byte-limit = 33554432 (custom)
2019-09-19 21:57:41,122 [pool-689-thread-1] INFO  impl.RaftServerImpl (RaftServerImpl.java:start(185)) - d3ea050d-330d-45e5-8945-53fc2c9ea6b1@group-839CFB3610A3: start as a follower, conf=-1: [b65e3305-f752-472a-8fac-d0a966ba274f:192.168.157.232:36803, 8d1d72f7-50a1-491e-ad08-4d5969505416:192.168.157.232:39825, d3ea050d-330d-45e5-8945-53fc2c9ea6b1:192.168.157.232:41304], old=null
2019-09-19 21:57:41,122 [pool-679-thread-1] INFO  server.RaftServerConfigKeys (ConfUtils.java:logGet(43)) - raft.server.log.segment.size.max = 1048576 (custom)
2019-09-19 21:57:41,122 [pool-689-thread-1] INFO  impl.RaftServerImpl (RaftServerImpl.java:setRole(174)) - d3ea050d-330d-45e5-8945-53fc2c9ea6b1@group-839CFB3610A3: changes role from      null to FOLLOWER at term 0 for startAsFollower
2019-09-19 21:57:41,122 [pool-699-thread-1] INFO  server.RaftServerConfigKeys (ConfUtils.java:logGet(43)) - raft.server.log.segment.size.max = 1048576 (custom)
2019-09-19 21:57:41,123 [pool-689-thread-1] INFO  impl.RoleInfo (RoleInfo.java:updateAndGet(143)) - d3ea050d-330d-45e5-8945-53fc2c9ea6b1: start FollowerState
2019-09-19 21:57:41,123 [pool-679-thread-1] INFO  server.RaftServerConfigKeys (ConfUtils.java:logGet(43)) - raft.server.log.segment.cache.num.max = 2 (custom)
2019-09-19 21:57:41,123 [pool-699-thread-1] INFO  server.RaftServerConfigKeys (ConfUtils.java:logGet(43)) - raft.server.log.segment.cache.num.max = 2 (custom)
2019-09-19 21:57:41,123 [pool-689-thread-1] INFO  util.JmxRegister (JmxRegister.java:tryRegister(44)) - Successfully registered JMX Bean with object name Ratis:service=RaftServer,group=group-839CFB3610A3,id=d3ea050d-330d-45e5-8945-53fc2c9ea6b1
2019-09-19 21:57:41,123 [pool-679-thread-1] INFO  segmented.SegmentedRaftLogWorker (SegmentedRaftLogWorker.java:<init>(172)) - new b65e3305-f752-472a-8fac-d0a966ba274f@group-839CFB3610A3-SegmentedRaftLogWorker for RaftStorage:Storage Directory /workdir/hadoop-ozone/integration-test/target/test-dir/MiniOzoneClusterImpl-fb7eb67c-97b9-49f2-b2a6-bf5c6712e8c0/datanode-0/data/ratis/92a7349c-cf6e-4788-9689-839cfb3610a3
2019-09-19 21:57:41,123 [pool-699-thread-1] INFO  segmented.SegmentedRaftLogWorker (SegmentedRaftLogWorker.java:<init>(172)) - new 8d1d72f7-50a1-491e-ad08-4d5969505416@group-839CFB3610A3-SegmentedRaftLogWorker for RaftStorage:Storage Directory /workdir/hadoop-ozone/integration-test/target/test-dir/MiniOzoneClusterImpl-fb7eb67c-97b9-49f2-b2a6-bf5c6712e8c0/datanode-2/data/ratis/92a7349c-cf6e-4788-9689-839cfb3610a3
2019-09-19 21:57:41,123 [pool-679-thread-1] INFO  server.RaftServerConfigKeys (ConfUtils.java:logGet(43)) - raft.server.log.queue.byte-limit = 2147483647 (custom)
2019-09-19 21:57:41,123 [pool-699-thread-1] INFO  server.RaftServerConfigKeys (ConfUtils.java:logGet(43)) - raft.server.log.queue.byte-limit = 2147483647 (custom)
2019-09-19 21:57:41,124 [pool-679-thread-1] INFO  server.RaftServerConfigKeys (ConfUtils.java:logGet(43)) - raft.server.log.queue.element-limit = 1024 (custom)
2019-09-19 21:57:41,124 [pool-699-thread-1] INFO  server.RaftServerConfigKeys (ConfUtils.java:logGet(43)) - raft.server.log.queue.element-limit = 1024 (custom)
2019-09-19 21:57:41,124 [pool-679-thread-1] INFO  server.RaftServerConfigKeys (ConfUtils.java:logGet(43)) - raft.server.log.segment.size.max = 1048576 (custom)
2019-09-19 21:57:41,124 [pool-699-thread-1] INFO  server.RaftServerConfigKeys (ConfUtils.java:logGet(43)) - raft.server.log.segment.size.max = 1048576 (custom)
2019-09-19 21:57:41,124 [pool-679-thread-1] INFO  server.RaftServerConfigKeys (ConfUtils.java:logGet(43)) - raft.server.log.preallocated.size = 16384 (custom)
2019-09-19 21:57:41,124 [pool-699-thread-1] INFO  server.RaftServerConfigKeys (ConfUtils.java:logGet(43)) - raft.server.log.preallocated.size = 16384 (custom)
2019-09-19 21:57:41,124 [pool-679-thread-1] INFO  server.RaftServerConfigKeys (ConfUtils.java:logGet(43)) - raft.server.log.write.buffer.size = 33554432 (custom)
2019-09-19 21:57:41,125 [pool-699-thread-1] INFO  server.RaftServerConfigKeys (ConfUtils.java:logGet(43)) - raft.server.log.write.buffer.size = 33554432 (custom)
2019-09-19 21:57:41,125 [pool-679-thread-1] INFO  server.RaftServerConfigKeys (ConfUtils.java:logGet(43)) - raft.server.log.force.sync.num = 128 (default)
2019-09-19 21:57:41,125 [pool-699-thread-1] INFO  server.RaftServerConfigKeys (ConfUtils.java:logGet(43)) - raft.server.log.force.sync.num = 128 (default)
2019-09-19 21:57:41,125 [pool-679-thread-1] INFO  server.RaftServerConfigKeys (ConfUtils.java:logGet(43)) - raft.server.log.statemachine.data.sync = true (default)
2019-09-19 21:57:41,125 [pool-699-thread-1] INFO  server.RaftServerConfigKeys (ConfUtils.java:logGet(43)) - raft.server.log.statemachine.data.sync = true (default)
2019-09-19 21:57:41,125 [pool-679-thread-1] INFO  server.RaftServerConfigKeys (ConfUtils.java:logGet(43)) - raft.server.log.statemachine.data.sync.timeout = 10s (default)
2019-09-19 21:57:41,125 [pool-699-thread-1] INFO  server.RaftServerConfigKeys (ConfUtils.java:logGet(43)) - raft.server.log.statemachine.data.sync.timeout = 10s (default)
2019-09-19 21:57:41,126 [pool-679-thread-1] INFO  server.RaftServerConfigKeys (ConfUtils.java:logGet(43)) - raft.server.log.statemachine.data.sync.timeout.retry = -1 (default)
2019-09-19 21:57:41,126 [pool-699-thread-1] INFO  server.RaftServerConfigKeys (ConfUtils.java:logGet(43)) - raft.server.log.statemachine.data.sync.timeout.retry = -1 (default)
2019-09-19 21:57:41,126 [pool-679-thread-1] INFO  server.RaftServerConfigKeys (ConfUtils.java:logGet(43)) - raft.server.log.statemachine.data.caching.enabled = true (custom)
2019-09-19 21:57:41,126 [pool-699-thread-1] INFO  server.RaftServerConfigKeys (ConfUtils.java:logGet(43)) - raft.server.log.statemachine.data.caching.enabled = true (custom)
2019-09-19 21:57:41,126 [pool-679-thread-1] INFO  segmented.SegmentedRaftLogWorker (SegmentedRaftLogWorker.java:lambda$new$0(132)) - b65e3305-f752-472a-8fac-d0a966ba274f@group-839CFB3610A3-SegmentedRaftLogWorker: flushIndex: setUnconditionally 0 -> -1
2019-09-19 21:57:41,126 [pool-699-thread-1] INFO  segmented.SegmentedRaftLogWorker (SegmentedRaftLogWorker.java:lambda$new$0(132)) - 8d1d72f7-50a1-491e-ad08-4d5969505416@group-839CFB3610A3-SegmentedRaftLogWorker: flushIndex: setUnconditionally 0 -> -1
2019-09-19 21:57:41,126 [pool-679-thread-1] INFO  server.RaftServerConfigKeys (ConfUtils.java:logGet(43)) - raft.server.snapshot.auto.trigger.enabled = true (custom)
2019-09-19 21:57:41,127 [pool-679-thread-1] INFO  server.RaftServerConfigKeys (ConfUtils.java:logGet(43)) - raft.server.snapshot.auto.trigger.threshold = 10000 (custom)
2019-09-19 21:57:41,127 [pool-699-thread-1] INFO  server.RaftServerConfigKeys (ConfUtils.java:logGet(43)) - raft.server.snapshot.auto.trigger.enabled = true (custom)
2019-09-19 21:57:41,127 [pool-679-thread-1] INFO  server.RaftServerConfigKeys (ConfUtils.java:logGet(43)) - raft.server.snapshot.retention.num.files = 5 (custom)
2019-09-19 21:57:41,127 [pool-699-thread-1] INFO  server.RaftServerConfigKeys (ConfUtils.java:logGet(43)) - raft.server.snapshot.auto.trigger.threshold = 10000 (custom)
2019-09-19 21:57:41,127 [pool-679-thread-1] INFO  server.RaftServerConfigKeys (ConfUtils.java:logGet(43)) - raft.server.retrycache.expirytime = 600000ms (custom)
2019-09-19 21:57:41,127 [pool-699-thread-1] INFO  server.RaftServerConfigKeys (ConfUtils.java:logGet(43)) - raft.server.snapshot.retention.num.files = 5 (custom)
2019-09-19 21:57:41,127 [pool-699-thread-1] INFO  server.RaftServerConfigKeys (ConfUtils.java:logGet(43)) - raft.server.retrycache.expirytime = 600000ms (custom)
2019-09-19 21:57:41,128 [IPC Server handler 4 on 44998] INFO  net.NetworkTopology (NetworkTopologyImpl.java:add(111)) - Added a new node: /default-rack/3e5fa3fc-d239-4b30-ad77-e8b793221ddf
2019-09-19 21:57:41,128 [IPC Server handler 4 on 44998] INFO  node.SCMNodeManager (SCMNodeManager.java:register(266)) - Registered Data node : 3e5fa3fc-d239-4b30-ad77-e8b793221ddf{ip: 192.168.157.232, host: pr-hdds-2020-k2m72-150965138, networkLocation: /default-rack, certSerialId: null}
2019-09-19 21:57:41,129 [pool-679-thread-1] INFO  impl.RaftServerImpl (RaftServerImpl.java:start(185)) - b65e3305-f752-472a-8fac-d0a966ba274f@group-839CFB3610A3: start as a follower, conf=-1: [b65e3305-f752-472a-8fac-d0a966ba274f:192.168.157.232:36803, 8d1d72f7-50a1-491e-ad08-4d5969505416:192.168.157.232:39825, d3ea050d-330d-45e5-8945-53fc2c9ea6b1:192.168.157.232:41304], old=null
2019-09-19 21:57:41,129 [pool-679-thread-1] INFO  impl.RaftServerImpl (RaftServerImpl.java:setRole(174)) - b65e3305-f752-472a-8fac-d0a966ba274f@group-839CFB3610A3: changes role from      null to FOLLOWER at term 0 for startAsFollower
2019-09-19 21:57:41,129 [pool-679-thread-1] INFO  impl.RoleInfo (RoleInfo.java:updateAndGet(143)) - b65e3305-f752-472a-8fac-d0a966ba274f: start FollowerState
2019-09-19 21:57:41,129 [pool-699-thread-1] INFO  impl.RaftServerImpl (RaftServerImpl.java:start(185)) - 8d1d72f7-50a1-491e-ad08-4d5969505416@group-839CFB3610A3: start as a follower, conf=-1: [b65e3305-f752-472a-8fac-d0a966ba274f:192.168.157.232:36803, 8d1d72f7-50a1-491e-ad08-4d5969505416:192.168.157.232:39825, d3ea050d-330d-45e5-8945-53fc2c9ea6b1:192.168.157.232:41304], old=null
2019-09-19 21:57:41,129 [pool-699-thread-1] INFO  impl.RaftServerImpl (RaftServerImpl.java:setRole(174)) - 8d1d72f7-50a1-491e-ad08-4d5969505416@group-839CFB3610A3: changes role from      null to FOLLOWER at term 0 for startAsFollower
2019-09-19 21:57:41,129 [pool-679-thread-1] INFO  util.JmxRegister (JmxRegister.java:tryRegister(44)) - Successfully registered JMX Bean with object name Ratis:service=RaftServer,group=group-839CFB3610A3,id=b65e3305-f752-472a-8fac-d0a966ba274f
2019-09-19 21:57:41,130 [pool-699-thread-1] INFO  impl.RoleInfo (RoleInfo.java:updateAndGet(143)) - 8d1d72f7-50a1-491e-ad08-4d5969505416: start FollowerState
2019-09-19 21:57:41,130 [pool-699-thread-1] INFO  util.JmxRegister (JmxRegister.java:tryRegister(44)) - Successfully registered JMX Bean with object name Ratis:service=RaftServer,group=group-839CFB3610A3,id=8d1d72f7-50a1-491e-ad08-4d5969505416
2019-09-19 21:57:41,132 [RatisPipelineUtilsThread] INFO  pipeline.PipelineStateManager (PipelineStateManager.java:addPipeline(56)) - Created pipeline Pipeline[ Id: 92a7349c-cf6e-4788-9689-839cfb3610a3, Nodes: 8d1d72f7-50a1-491e-ad08-4d5969505416{ip: 192.168.157.232, host: pr-hdds-2020-k2m72-150965138, networkLocation: /default-rack, certSerialId: null}b65e3305-f752-472a-8fac-d0a966ba274f{ip: 192.168.157.232, host: pr-hdds-2020-k2m72-150965138, networkLocation: /default-rack, certSerialId: null}d3ea050d-330d-45e5-8945-53fc2c9ea6b1{ip: 192.168.157.232, host: pr-hdds-2020-k2m72-150965138, networkLocation: /default-rack, certSerialId: null}, Type:RATIS, Factor:THREE, State:OPEN]
2019-09-19 21:57:41,189 [IPC Server handler 5 on 44998] INFO  net.NetworkTopology (NetworkTopologyImpl.java:add(111)) - Added a new node: /default-rack/38403d94-8e42-496f-83ea-8c437680f4f4
2019-09-19 21:57:41,190 [IPC Server handler 5 on 44998] INFO  node.SCMNodeManager (SCMNodeManager.java:register(266)) - Registered Data node : 38403d94-8e42-496f-83ea-8c437680f4f4{ip: 192.168.157.232, host: pr-hdds-2020-k2m72-150965138, networkLocation: /default-rack, certSerialId: null}
2019-09-19 21:57:41,197 [grpc-default-executor-9] INFO  impl.RaftServerProxy (RaftServerProxy.java:addNew(89)) - 38403d94-8e42-496f-83ea-8c437680f4f4: addNew group-0FA218B273D1:[38403d94-8e42-496f-83ea-8c437680f4f4:192.168.157.232:35432] returns group-0FA218B273D1:java.util.concurrent.CompletableFuture@2d00816e[Not completed]
2019-09-19 21:57:41,201 [pool-719-thread-1] INFO  impl.RaftServerImpl (RaftServerImpl.java:<init>(95)) - 38403d94-8e42-496f-83ea-8c437680f4f4: new RaftServerImpl for group-0FA218B273D1:[38403d94-8e42-496f-83ea-8c437680f4f4:192.168.157.232:35432] with ContainerStateMachine:uninitialized
2019-09-19 21:57:41,202 [pool-719-thread-1] INFO  server.RaftServerConfigKeys (ConfUtils.java:logGet(43)) - raft.server.rpc.timeout.min = 5s (custom)
2019-09-19 21:57:41,202 [pool-719-thread-1] INFO  server.RaftServerConfigKeys (ConfUtils.java:logGet(43)) - raft.server.rpc.timeout.max = 5200ms (custom)
2019-09-19 21:57:41,202 [pool-719-thread-1] INFO  server.RaftServerConfigKeys (ConfUtils.java:logGet(43)) - raft.server.rpcslowness.timeout = 120s (custom)
2019-09-19 21:57:41,202 [pool-719-thread-1] INFO  server.RaftServerConfigKeys (ConfUtils.java:logGet(43)) - raft.server.sleep.deviation.threshold = 300 (default)
2019-09-19 21:57:41,202 [pool-719-thread-1] INFO  server.RaftServerConfigKeys (ConfUtils.java:logGet(43)) - raft.server.log.appender.install.snapshot.enabled = false (custom)
2019-09-19 21:57:41,202 [pool-719-thread-1] INFO  impl.RaftServerImpl (ServerState.java:<init>(103)) - 38403d94-8e42-496f-83ea-8c437680f4f4@group-0FA218B273D1: ConfigurationManager, init=-1: [38403d94-8e42-496f-83ea-8c437680f4f4:192.168.157.232:35432], old=null, confs=<EMPTY_MAP>
2019-09-19 21:57:41,202 [pool-719-thread-1] INFO  server.RaftServerConfigKeys (ConfUtils.java:logGet(43)) - raft.server.storage.dir = [/workdir/hadoop-ozone/integration-test/target/test-dir/MiniOzoneClusterImpl-fb7eb67c-97b9-49f2-b2a6-bf5c6712e8c0/datanode-4/data/ratis] (custom)
2019-09-19 21:57:41,203 [pool-719-thread-1] INFO  storage.RaftStorageDirectory (RaftStorageDirectory.java:analyzeStorage(246)) - The storage directory /workdir/hadoop-ozone/integration-test/target/test-dir/MiniOzoneClusterImpl-fb7eb67c-97b9-49f2-b2a6-bf5c6712e8c0/datanode-4/data/ratis/3387ac30-1069-4231-9dff-0fa218b273d1 does not exist. Creating ...
2019-09-19 21:57:41,216 [pool-719-thread-1] INFO  storage.RaftStorageDirectory (RaftStorageDirectory.java:tryLock(328)) - Lock on /workdir/hadoop-ozone/integration-test/target/test-dir/MiniOzoneClusterImpl-fb7eb67c-97b9-49f2-b2a6-bf5c6712e8c0/datanode-4/data/ratis/3387ac30-1069-4231-9dff-0fa218b273d1/in_use.lock acquired by nodename 6076@pr-hdds-2020-k2m72-150965138
2019-09-19 21:57:41,219 [pool-719-thread-1] INFO  storage.RaftStorage (RaftStorage.java:format(72)) - Storage directory /workdir/hadoop-ozone/integration-test/target/test-dir/MiniOzoneClusterImpl-fb7eb67c-97b9-49f2-b2a6-bf5c6712e8c0/datanode-4/data/ratis/3387ac30-1069-4231-9dff-0fa218b273d1 has been successfully formatted.
2019-09-19 21:57:41,219 [pool-719-thread-1] INFO  ratis.ContainerStateMachine (ContainerStateMachine.java:loadSnapshot(230)) - group-0FA218B273D1: The snapshot info is null. Setting the last applied indexto:(t:0, i:~)
2019-09-19 21:57:41,219 [pool-719-thread-1] INFO  server.RaftServerConfigKeys (ConfUtils.java:logGet(43)) - raft.server.notification.no-leader.timeout = 120s (custom)
2019-09-19 21:57:41,220 [pool-719-thread-1] INFO  server.RaftServerConfigKeys (ConfUtils.java:logGet(43)) - raft.server.log.use.memory = false (default)
2019-09-19 21:57:41,220 [pool-719-thread-1] INFO  server.RaftServerConfigKeys (ConfUtils.java:logGet(43)) - raft.server.log.purge.gap = 1000000 (custom)
2019-09-19 21:57:41,220 [pool-719-thread-1] INFO  server.RaftServerConfigKeys (ConfUtils.java:logGet(43)) - raft.server.log.appender.buffer.byte-limit = 33554432 (custom)
2019-09-19 21:57:41,220 [pool-719-thread-1] INFO  server.RaftServerConfigKeys (ConfUtils.java:logGet(43)) - raft.server.log.segment.size.max = 1048576 (custom)
2019-09-19 21:57:41,220 [pool-719-thread-1] INFO  server.RaftServerConfigKeys (ConfUtils.java:logGet(43)) - raft.server.log.segment.cache.num.max = 2 (custom)
2019-09-19 21:57:41,220 [pool-719-thread-1] INFO  segmented.SegmentedRaftLogWorker (SegmentedRaftLogWorker.java:<init>(172)) - new 38403d94-8e42-496f-83ea-8c437680f4f4@group-0FA218B273D1-SegmentedRaftLogWorker for RaftStorage:Storage Directory /workdir/hadoop-ozone/integration-test/target/test-dir/MiniOzoneClusterImpl-fb7eb67c-97b9-49f2-b2a6-bf5c6712e8c0/datanode-4/data/ratis/3387ac30-1069-4231-9dff-0fa218b273d1
2019-09-19 21:57:41,222 [pool-719-thread-1] INFO  server.RaftServerConfigKeys (ConfUtils.java:logGet(43)) - raft.server.log.queue.byte-limit = 2147483647 (custom)
2019-09-19 21:57:41,222 [pool-719-thread-1] INFO  server.RaftServerConfigKeys (ConfUtils.java:logGet(43)) - raft.server.log.queue.element-limit = 1024 (custom)
2019-09-19 21:57:41,222 [pool-719-thread-1] INFO  server.RaftServerConfigKeys (ConfUtils.java:logGet(43)) - raft.server.log.segment.size.max = 1048576 (custom)
2019-09-19 21:57:41,223 [pool-719-thread-1] INFO  server.RaftServerConfigKeys (ConfUtils.java:logGet(43)) - raft.server.log.preallocated.size = 16384 (custom)
2019-09-19 21:57:41,223 [pool-719-thread-1] INFO  server.RaftServerConfigKeys (ConfUtils.java:logGet(43)) - raft.server.log.write.buffer.size = 33554432 (custom)
2019-09-19 21:57:41,223 [pool-719-thread-1] INFO  server.RaftServerConfigKeys (ConfUtils.java:logGet(43)) - raft.server.log.force.sync.num = 128 (default)
2019-09-19 21:57:41,223 [pool-719-thread-1] INFO  server.RaftServerConfigKeys (ConfUtils.java:logGet(43)) - raft.server.log.statemachine.data.sync = true (default)
2019-09-19 21:57:41,223 [pool-719-thread-1] INFO  server.RaftServerConfigKeys (ConfUtils.java:logGet(43)) - raft.server.log.statemachine.data.sync.timeout = 10s (default)
2019-09-19 21:57:41,223 [pool-719-thread-1] INFO  server.RaftServerConfigKeys (ConfUtils.java:logGet(43)) - raft.server.log.statemachine.data.sync.timeout.retry = -1 (default)
2019-09-19 21:57:41,224 [pool-719-thread-1] INFO  server.RaftServerConfigKeys (ConfUtils.java:logGet(43)) - raft.server.log.statemachine.data.caching.enabled = true (custom)
2019-09-19 21:57:41,224 [pool-719-thread-1] INFO  segmented.SegmentedRaftLogWorker (SegmentedRaftLogWorker.java:lambda$new$0(132)) - 38403d94-8e42-496f-83ea-8c437680f4f4@group-0FA218B273D1-SegmentedRaftLogWorker: flushIndex: setUnconditionally 0 -> -1
2019-09-19 21:57:41,224 [pool-719-thread-1] INFO  server.RaftServerConfigKeys (ConfUtils.java:logGet(43)) - raft.server.snapshot.auto.trigger.enabled = true (custom)
2019-09-19 21:57:41,224 [pool-719-thread-1] INFO  server.RaftServerConfigKeys (ConfUtils.java:logGet(43)) - raft.server.snapshot.auto.trigger.threshold = 10000 (custom)
2019-09-19 21:57:41,224 [pool-719-thread-1] INFO  server.RaftServerConfigKeys (ConfUtils.java:logGet(43)) - raft.server.snapshot.retention.num.files = 5 (custom)
2019-09-19 21:57:41,225 [pool-719-thread-1] INFO  server.RaftServerConfigKeys (ConfUtils.java:logGet(43)) - raft.server.retrycache.expirytime = 600000ms (custom)
2019-09-19 21:57:41,226 [pool-719-thread-1] INFO  impl.RaftServerImpl (RaftServerImpl.java:start(185)) - 38403d94-8e42-496f-83ea-8c437680f4f4@group-0FA218B273D1: start as a follower, conf=-1: [38403d94-8e42-496f-83ea-8c437680f4f4:192.168.157.232:35432], old=null
2019-09-19 21:57:41,226 [pool-719-thread-1] INFO  impl.RaftServerImpl (RaftServerImpl.java:setRole(174)) - 38403d94-8e42-496f-83ea-8c437680f4f4@group-0FA218B273D1: changes role from      null to FOLLOWER at term 0 for startAsFollower
2019-09-19 21:57:41,226 [pool-719-thread-1] INFO  impl.RoleInfo (RoleInfo.java:updateAndGet(143)) - 38403d94-8e42-496f-83ea-8c437680f4f4: start FollowerState
2019-09-19 21:57:41,227 [pool-719-thread-1] INFO  util.JmxRegister (JmxRegister.java:tryRegister(44)) - Successfully registered JMX Bean with object name Ratis:service=RaftServer,group=group-0FA218B273D1,id=38403d94-8e42-496f-83ea-8c437680f4f4
2019-09-19 21:57:41,228 [RatisPipelineUtilsThread] INFO  pipeline.PipelineStateManager (PipelineStateManager.java:addPipeline(56)) - Created pipeline Pipeline[ Id: 3387ac30-1069-4231-9dff-0fa218b273d1, Nodes: 38403d94-8e42-496f-83ea-8c437680f4f4{ip: 192.168.157.232, host: pr-hdds-2020-k2m72-150965138, networkLocation: /default-rack, certSerialId: null}, Type:RATIS, Factor:ONE, State:OPEN]
2019-09-19 21:57:41,235 [grpc-default-executor-9] INFO  impl.RaftServerProxy (RaftServerProxy.java:addNew(89)) - 3e5fa3fc-d239-4b30-ad77-e8b793221ddf: addNew group-C95FD1007AC4:[3e5fa3fc-d239-4b30-ad77-e8b793221ddf:192.168.157.232:46026] returns group-C95FD1007AC4:java.util.concurrent.CompletableFuture@1090bbdc[Not completed]
2019-09-19 21:57:41,236 [pool-709-thread-1] INFO  impl.RaftServerImpl (RaftServerImpl.java:<init>(95)) - 3e5fa3fc-d239-4b30-ad77-e8b793221ddf: new RaftServerImpl for group-C95FD1007AC4:[3e5fa3fc-d239-4b30-ad77-e8b793221ddf:192.168.157.232:46026] with ContainerStateMachine:uninitialized
2019-09-19 21:57:41,236 [pool-709-thread-1] INFO  server.RaftServerConfigKeys (ConfUtils.java:logGet(43)) - raft.server.rpc.timeout.min = 5s (custom)
2019-09-19 21:57:41,236 [pool-709-thread-1] INFO  server.RaftServerConfigKeys (ConfUtils.java:logGet(43)) - raft.server.rpc.timeout.max = 5200ms (custom)
2019-09-19 21:57:41,236 [pool-709-thread-1] INFO  server.RaftServerConfigKeys (ConfUtils.java:logGet(43)) - raft.server.rpcslowness.timeout = 120s (custom)
2019-09-19 21:57:41,236 [pool-709-thread-1] INFO  server.RaftServerConfigKeys (ConfUtils.java:logGet(43)) - raft.server.sleep.deviation.threshold = 300 (default)
2019-09-19 21:57:41,236 [pool-709-thread-1] INFO  server.RaftServerConfigKeys (ConfUtils.java:logGet(43)) - raft.server.log.appender.install.snapshot.enabled = false (custom)
2019-09-19 21:57:41,236 [pool-709-thread-1] INFO  impl.RaftServerImpl (ServerState.java:<init>(103)) - 3e5fa3fc-d239-4b30-ad77-e8b793221ddf@group-C95FD1007AC4: ConfigurationManager, init=-1: [3e5fa3fc-d239-4b30-ad77-e8b793221ddf:192.168.157.232:46026], old=null, confs=<EMPTY_MAP>
2019-09-19 21:57:41,237 [pool-709-thread-1] INFO  server.RaftServerConfigKeys (ConfUtils.java:logGet(43)) - raft.server.storage.dir = [/workdir/hadoop-ozone/integration-test/target/test-dir/MiniOzoneClusterImpl-fb7eb67c-97b9-49f2-b2a6-bf5c6712e8c0/datanode-3/data/ratis] (custom)
2019-09-19 21:57:41,237 [pool-709-thread-1] INFO  storage.RaftStorageDirectory (RaftStorageDirectory.java:analyzeStorage(246)) - The storage directory /workdir/hadoop-ozone/integration-test/target/test-dir/MiniOzoneClusterImpl-fb7eb67c-97b9-49f2-b2a6-bf5c6712e8c0/datanode-3/data/ratis/08d41b70-4447-4385-b212-c95fd1007ac4 does not exist. Creating ...
2019-09-19 21:57:41,240 [pool-709-thread-1] INFO  storage.RaftStorageDirectory (RaftStorageDirectory.java:tryLock(328)) - Lock on /workdir/hadoop-ozone/integration-test/target/test-dir/MiniOzoneClusterImpl-fb7eb67c-97b9-49f2-b2a6-bf5c6712e8c0/datanode-3/data/ratis/08d41b70-4447-4385-b212-c95fd1007ac4/in_use.lock acquired by nodename 6076@pr-hdds-2020-k2m72-150965138
2019-09-19 21:57:41,243 [pool-709-thread-1] INFO  storage.RaftStorage (RaftStorage.java:format(72)) - Storage directory /workdir/hadoop-ozone/integration-test/target/test-dir/MiniOzoneClusterImpl-fb7eb67c-97b9-49f2-b2a6-bf5c6712e8c0/datanode-3/data/ratis/08d41b70-4447-4385-b212-c95fd1007ac4 has been successfully formatted.
2019-09-19 21:57:41,243 [pool-709-thread-1] INFO  ratis.ContainerStateMachine (ContainerStateMachine.java:loadSnapshot(230)) - group-C95FD1007AC4: The snapshot info is null. Setting the last applied indexto:(t:0, i:~)
2019-09-19 21:57:41,243 [pool-709-thread-1] INFO  server.RaftServerConfigKeys (ConfUtils.java:logGet(43)) - raft.server.notification.no-leader.timeout = 120s (custom)
2019-09-19 21:57:41,244 [pool-709-thread-1] INFO  server.RaftServerConfigKeys (ConfUtils.java:logGet(43)) - raft.server.log.use.memory = false (default)
2019-09-19 21:57:41,244 [pool-709-thread-1] INFO  server.RaftServerConfigKeys (ConfUtils.java:logGet(43)) - raft.server.log.purge.gap = 1000000 (custom)
2019-09-19 21:57:41,244 [pool-709-thread-1] INFO  server.RaftServerConfigKeys (ConfUtils.java:logGet(43)) - raft.server.log.appender.buffer.byte-limit = 33554432 (custom)
2019-09-19 21:57:41,244 [pool-709-thread-1] INFO  server.RaftServerConfigKeys (ConfUtils.java:logGet(43)) - raft.server.log.segment.size.max = 1048576 (custom)
2019-09-19 21:57:41,244 [pool-709-thread-1] INFO  server.RaftServerConfigKeys (ConfUtils.java:logGet(43)) - raft.server.log.segment.cache.num.max = 2 (custom)
2019-09-19 21:57:41,244 [pool-709-thread-1] INFO  segmented.SegmentedRaftLogWorker (SegmentedRaftLogWorker.java:<init>(172)) - new 3e5fa3fc-d239-4b30-ad77-e8b793221ddf@group-C95FD1007AC4-SegmentedRaftLogWorker for RaftStorage:Storage Directory /workdir/hadoop-ozone/integration-test/target/test-dir/MiniOzoneClusterImpl-fb7eb67c-97b9-49f2-b2a6-bf5c6712e8c0/datanode-3/data/ratis/08d41b70-4447-4385-b212-c95fd1007ac4
2019-09-19 21:57:41,246 [pool-709-thread-1] INFO  server.RaftServerConfigKeys (ConfUtils.java:logGet(43)) - raft.server.log.queue.byte-limit = 2147483647 (custom)
2019-09-19 21:57:41,246 [pool-709-thread-1] INFO  server.RaftServerConfigKeys (ConfUtils.java:logGet(43)) - raft.server.log.queue.element-limit = 1024 (custom)
2019-09-19 21:57:41,246 [pool-709-thread-1] INFO  server.RaftServerConfigKeys (ConfUtils.java:logGet(43)) - raft.server.log.segment.size.max = 1048576 (custom)
2019-09-19 21:57:41,246 [pool-709-thread-1] INFO  server.RaftServerConfigKeys (ConfUtils.java:logGet(43)) - raft.server.log.preallocated.size = 16384 (custom)
2019-09-19 21:57:41,246 [pool-709-thread-1] INFO  server.RaftServerConfigKeys (ConfUtils.java:logGet(43)) - raft.server.log.write.buffer.size = 33554432 (custom)
2019-09-19 21:57:41,247 [pool-709-thread-1] INFO  server.RaftServerConfigKeys (ConfUtils.java:logGet(43)) - raft.server.log.force.sync.num = 128 (default)
2019-09-19 21:57:41,247 [pool-709-thread-1] INFO  server.RaftServerConfigKeys (ConfUtils.java:logGet(43)) - raft.server.log.statemachine.data.sync = true (default)
2019-09-19 21:57:41,247 [pool-709-thread-1] INFO  server.RaftServerConfigKeys (ConfUtils.java:logGet(43)) - raft.server.log.statemachine.data.sync.timeout = 10s (default)
2019-09-19 21:57:41,247 [pool-709-thread-1] INFO  server.RaftServerConfigKeys (ConfUtils.java:logGet(43)) - raft.server.log.statemachine.data.sync.timeout.retry = -1 (default)
2019-09-19 21:57:41,247 [pool-709-thread-1] INFO  server.RaftServerConfigKeys (ConfUtils.java:logGet(43)) - raft.server.log.statemachine.data.caching.enabled = true (custom)
2019-09-19 21:57:41,247 [pool-709-thread-1] INFO  segmented.SegmentedRaftLogWorker (SegmentedRaftLogWorker.java:lambda$new$0(132)) - 3e5fa3fc-d239-4b30-ad77-e8b793221ddf@group-C95FD1007AC4-SegmentedRaftLogWorker: flushIndex: setUnconditionally 0 -> -1
2019-09-19 21:57:41,248 [pool-709-thread-1] INFO  server.RaftServerConfigKeys (ConfUtils.java:logGet(43)) - raft.server.snapshot.auto.trigger.enabled = true (custom)
2019-09-19 21:57:41,248 [pool-709-thread-1] INFO  server.RaftServerConfigKeys (ConfUtils.java:logGet(43)) - raft.server.snapshot.auto.trigger.threshold = 10000 (custom)
2019-09-19 21:57:41,248 [pool-709-thread-1] INFO  server.RaftServerConfigKeys (ConfUtils.java:logGet(43)) - raft.server.snapshot.retention.num.files = 5 (custom)
2019-09-19 21:57:41,248 [pool-709-thread-1] INFO  server.RaftServerConfigKeys (ConfUtils.java:logGet(43)) - raft.server.retrycache.expirytime = 600000ms (custom)
2019-09-19 21:57:41,249 [IPC Server handler 6 on 44998] INFO  net.NetworkTopology (NetworkTopologyImpl.java:add(111)) - Added a new node: /default-rack/e51f7a00-4888-490c-aa50-986bb4a7b39b
2019-09-19 21:57:41,249 [IPC Server handler 6 on 44998] INFO  node.SCMNodeManager (SCMNodeManager.java:register(266)) - Registered Data node : e51f7a00-4888-490c-aa50-986bb4a7b39b{ip: 192.168.157.232, host: pr-hdds-2020-k2m72-150965138, networkLocation: /default-rack, certSerialId: null}
2019-09-19 21:57:41,250 [pool-709-thread-1] INFO  impl.RaftServerImpl (RaftServerImpl.java:start(185)) - 3e5fa3fc-d239-4b30-ad77-e8b793221ddf@group-C95FD1007AC4: start as a follower, conf=-1: [3e5fa3fc-d239-4b30-ad77-e8b793221ddf:192.168.157.232:46026], old=null
2019-09-19 21:57:41,250 [pool-709-thread-1] INFO  impl.RaftServerImpl (RaftServerImpl.java:setRole(174)) - 3e5fa3fc-d239-4b30-ad77-e8b793221ddf@group-C95FD1007AC4: changes role from      null to FOLLOWER at term 0 for startAsFollower
2019-09-19 21:57:41,251 [pool-709-thread-1] INFO  impl.RoleInfo (RoleInfo.java:updateAndGet(143)) - 3e5fa3fc-d239-4b30-ad77-e8b793221ddf: start FollowerState
2019-09-19 21:57:41,251 [pool-709-thread-1] INFO  util.JmxRegister (JmxRegister.java:tryRegister(44)) - Successfully registered JMX Bean with object name Ratis:service=RaftServer,group=group-C95FD1007AC4,id=3e5fa3fc-d239-4b30-ad77-e8b793221ddf
2019-09-19 21:57:41,253 [RatisPipelineUtilsThread] INFO  pipeline.PipelineStateManager (PipelineStateManager.java:addPipeline(56)) - Created pipeline Pipeline[ Id: 08d41b70-4447-4385-b212-c95fd1007ac4, Nodes: 3e5fa3fc-d239-4b30-ad77-e8b793221ddf{ip: 192.168.157.232, host: pr-hdds-2020-k2m72-150965138, networkLocation: /default-rack, certSerialId: null}, Type:RATIS, Factor:ONE, State:OPEN]
2019-09-19 21:57:41,259 [grpc-default-executor-9] INFO  impl.RaftServerProxy (RaftServerProxy.java:addNew(89)) - e51f7a00-4888-490c-aa50-986bb4a7b39b: addNew group-F3CF3AB6ED74:[e51f7a00-4888-490c-aa50-986bb4a7b39b:192.168.157.232:39792] returns group-F3CF3AB6ED74:java.util.concurrent.CompletableFuture@149ee389[Not completed]
2019-09-19 21:57:41,260 [pool-729-thread-1] INFO  impl.RaftServerImpl (RaftServerImpl.java:<init>(95)) - e51f7a00-4888-490c-aa50-986bb4a7b39b: new RaftServerImpl for group-F3CF3AB6ED74:[e51f7a00-4888-490c-aa50-986bb4a7b39b:192.168.157.232:39792] with ContainerStateMachine:uninitialized
2019-09-19 21:57:41,261 [pool-729-thread-1] INFO  server.RaftServerConfigKeys (ConfUtils.java:logGet(43)) - raft.server.rpc.timeout.min = 5s (custom)
2019-09-19 21:57:41,261 [pool-729-thread-1] INFO  server.RaftServerConfigKeys (ConfUtils.java:logGet(43)) - raft.server.rpc.timeout.max = 5200ms (custom)
2019-09-19 21:57:41,261 [pool-729-thread-1] INFO  server.RaftServerConfigKeys (ConfUtils.java:logGet(43)) - raft.server.rpcslowness.timeout = 120s (custom)
2019-09-19 21:57:41,261 [pool-729-thread-1] INFO  server.RaftServerConfigKeys (ConfUtils.java:logGet(43)) - raft.server.sleep.deviation.threshold = 300 (default)
2019-09-19 21:57:41,261 [pool-729-thread-1] INFO  server.RaftServerConfigKeys (ConfUtils.java:logGet(43)) - raft.server.log.appender.install.snapshot.enabled = false (custom)
2019-09-19 21:57:41,261 [pool-729-thread-1] INFO  impl.RaftServerImpl (ServerState.java:<init>(103)) - e51f7a00-4888-490c-aa50-986bb4a7b39b@group-F3CF3AB6ED74: ConfigurationManager, init=-1: [e51f7a00-4888-490c-aa50-986bb4a7b39b:192.168.157.232:39792], old=null, confs=<EMPTY_MAP>
2019-09-19 21:57:41,262 [pool-729-thread-1] INFO  server.RaftServerConfigKeys (ConfUtils.java:logGet(43)) - raft.server.storage.dir = [/workdir/hadoop-ozone/integration-test/target/test-dir/MiniOzoneClusterImpl-fb7eb67c-97b9-49f2-b2a6-bf5c6712e8c0/datanode-5/data/ratis] (custom)
2019-09-19 21:57:41,262 [pool-729-thread-1] INFO  storage.RaftStorageDirectory (RaftStorageDirectory.java:analyzeStorage(246)) - The storage directory /workdir/hadoop-ozone/integration-test/target/test-dir/MiniOzoneClusterImpl-fb7eb67c-97b9-49f2-b2a6-bf5c6712e8c0/datanode-5/data/ratis/b6231304-cedb-471a-b59d-f3cf3ab6ed74 does not exist. Creating ...
2019-09-19 21:57:41,266 [pool-729-thread-1] INFO  storage.RaftStorageDirectory (RaftStorageDirectory.java:tryLock(328)) - Lock on /workdir/hadoop-ozone/integration-test/target/test-dir/MiniOzoneClusterImpl-fb7eb67c-97b9-49f2-b2a6-bf5c6712e8c0/datanode-5/data/ratis/b6231304-cedb-471a-b59d-f3cf3ab6ed74/in_use.lock acquired by nodename 6076@pr-hdds-2020-k2m72-150965138
2019-09-19 21:57:41,286 [pool-729-thread-1] INFO  storage.RaftStorage (RaftStorage.java:format(72)) - Storage directory /workdir/hadoop-ozone/integration-test/target/test-dir/MiniOzoneClusterImpl-fb7eb67c-97b9-49f2-b2a6-bf5c6712e8c0/datanode-5/data/ratis/b6231304-cedb-471a-b59d-f3cf3ab6ed74 has been successfully formatted.
2019-09-19 21:57:41,286 [pool-729-thread-1] INFO  ratis.ContainerStateMachine (ContainerStateMachine.java:loadSnapshot(230)) - group-F3CF3AB6ED74: The snapshot info is null. Setting the last applied indexto:(t:0, i:~)
2019-09-19 21:57:41,286 [pool-729-thread-1] INFO  server.RaftServerConfigKeys (ConfUtils.java:logGet(43)) - raft.server.notification.no-leader.timeout = 120s (custom)
2019-09-19 21:57:41,286 [pool-729-thread-1] INFO  server.RaftServerConfigKeys (ConfUtils.java:logGet(43)) - raft.server.log.use.memory = false (default)
2019-09-19 21:57:41,286 [pool-729-thread-1] INFO  server.RaftServerConfigKeys (ConfUtils.java:logGet(43)) - raft.server.log.purge.gap = 1000000 (custom)
2019-09-19 21:57:41,286 [pool-729-thread-1] INFO  server.RaftServerConfigKeys (ConfUtils.java:logGet(43)) - raft.server.log.appender.buffer.byte-limit = 33554432 (custom)
2019-09-19 21:57:41,287 [pool-729-thread-1] INFO  server.RaftServerConfigKeys (ConfUtils.java:logGet(43)) - raft.server.log.segment.size.max = 1048576 (custom)
2019-09-19 21:57:41,287 [pool-729-thread-1] INFO  server.RaftServerConfigKeys (ConfUtils.java:logGet(43)) - raft.server.log.segment.cache.num.max = 2 (custom)
2019-09-19 21:57:41,287 [pool-729-thread-1] INFO  segmented.SegmentedRaftLogWorker (SegmentedRaftLogWorker.java:<init>(172)) - new e51f7a00-4888-490c-aa50-986bb4a7b39b@group-F3CF3AB6ED74-SegmentedRaftLogWorker for RaftStorage:Storage Directory /workdir/hadoop-ozone/integration-test/target/test-dir/MiniOzoneClusterImpl-fb7eb67c-97b9-49f2-b2a6-bf5c6712e8c0/datanode-5/data/ratis/b6231304-cedb-471a-b59d-f3cf3ab6ed74
2019-09-19 21:57:41,289 [pool-729-thread-1] INFO  server.RaftServerConfigKeys (ConfUtils.java:logGet(43)) - raft.server.log.queue.byte-limit = 2147483647 (custom)
2019-09-19 21:57:41,289 [pool-729-thread-1] INFO  server.RaftServerConfigKeys (ConfUtils.java:logGet(43)) - raft.server.log.queue.element-limit = 1024 (custom)
2019-09-19 21:57:41,289 [pool-729-thread-1] INFO  server.RaftServerConfigKeys (ConfUtils.java:logGet(43)) - raft.server.log.segment.size.max = 1048576 (custom)
2019-09-19 21:57:41,289 [pool-729-thread-1] INFO  server.RaftServerConfigKeys (ConfUtils.java:logGet(43)) - raft.server.log.preallocated.size = 16384 (custom)
2019-09-19 21:57:41,289 [pool-729-thread-1] INFO  server.RaftServerConfigKeys (ConfUtils.java:logGet(43)) - raft.server.log.write.buffer.size = 33554432 (custom)
2019-09-19 21:57:41,289 [pool-729-thread-1] INFO  server.RaftServerConfigKeys (ConfUtils.java:logGet(43)) - raft.server.log.force.sync.num = 128 (default)
2019-09-19 21:57:41,290 [pool-729-thread-1] INFO  server.RaftServerConfigKeys (ConfUtils.java:logGet(43)) - raft.server.log.statemachine.data.sync = true (default)
2019-09-19 21:57:41,290 [pool-729-thread-1] INFO  server.RaftServerConfigKeys (ConfUtils.java:logGet(43)) - raft.server.log.statemachine.data.sync.timeout = 10s (default)
2019-09-19 21:57:41,290 [pool-729-thread-1] INFO  server.RaftServerConfigKeys (ConfUtils.java:logGet(43)) - raft.server.log.statemachine.data.sync.timeout.retry = -1 (default)
2019-09-19 21:57:41,290 [pool-729-thread-1] INFO  server.RaftServerConfigKeys (ConfUtils.java:logGet(43)) - raft.server.log.statemachine.data.caching.enabled = true (custom)
2019-09-19 21:57:41,290 [pool-729-thread-1] INFO  segmented.SegmentedRaftLogWorker (SegmentedRaftLogWorker.java:lambda$new$0(132)) - e51f7a00-4888-490c-aa50-986bb4a7b39b@group-F3CF3AB6ED74-SegmentedRaftLogWorker: flushIndex: setUnconditionally 0 -> -1
2019-09-19 21:57:41,291 [pool-729-thread-1] INFO  server.RaftServerConfigKeys (ConfUtils.java:logGet(43)) - raft.server.snapshot.auto.trigger.enabled = true (custom)
2019-09-19 21:57:41,291 [pool-729-thread-1] INFO  server.RaftServerConfigKeys (ConfUtils.java:logGet(43)) - raft.server.snapshot.auto.trigger.threshold = 10000 (custom)
2019-09-19 21:57:41,291 [pool-729-thread-1] INFO  server.RaftServerConfigKeys (ConfUtils.java:logGet(43)) - raft.server.snapshot.retention.num.files = 5 (custom)
2019-09-19 21:57:41,291 [pool-729-thread-1] INFO  server.RaftServerConfigKeys (ConfUtils.java:logGet(43)) - raft.server.retrycache.expirytime = 600000ms (custom)
2019-09-19 21:57:41,293 [pool-729-thread-1] INFO  impl.RaftServerImpl (RaftServerImpl.java:start(185)) - e51f7a00-4888-490c-aa50-986bb4a7b39b@group-F3CF3AB6ED74: start as a follower, conf=-1: [e51f7a00-4888-490c-aa50-986bb4a7b39b:192.168.157.232:39792], old=null
2019-09-19 21:57:41,293 [pool-729-thread-1] INFO  impl.RaftServerImpl (RaftServerImpl.java:setRole(174)) - e51f7a00-4888-490c-aa50-986bb4a7b39b@group-F3CF3AB6ED74: changes role from      null to FOLLOWER at term 0 for startAsFollower
2019-09-19 21:57:41,293 [pool-729-thread-1] INFO  impl.RoleInfo (RoleInfo.java:updateAndGet(143)) - e51f7a00-4888-490c-aa50-986bb4a7b39b: start FollowerState
2019-09-19 21:57:41,294 [pool-729-thread-1] INFO  util.JmxRegister (JmxRegister.java:tryRegister(44)) - Successfully registered JMX Bean with object name Ratis:service=RaftServer,group=group-F3CF3AB6ED74,id=e51f7a00-4888-490c-aa50-986bb4a7b39b
2019-09-19 21:57:41,295 [RatisPipelineUtilsThread] INFO  pipeline.PipelineStateManager (PipelineStateManager.java:addPipeline(56)) - Created pipeline Pipeline[ Id: b6231304-cedb-471a-b59d-f3cf3ab6ed74, Nodes: e51f7a00-4888-490c-aa50-986bb4a7b39b{ip: 192.168.157.232, host: pr-hdds-2020-k2m72-150965138, networkLocation: /default-rack, certSerialId: null}, Type:RATIS, Factor:ONE, State:OPEN]
2019-09-19 21:57:41,311 [grpc-default-executor-7] INFO  impl.RaftServerProxy (RaftServerProxy.java:addNew(89)) - 3e5fa3fc-d239-4b30-ad77-e8b793221ddf: addNew group-4F8965703114:[e51f7a00-4888-490c-aa50-986bb4a7b39b:192.168.157.232:39792, 38403d94-8e42-496f-83ea-8c437680f4f4:192.168.157.232:35432, 3e5fa3fc-d239-4b30-ad77-e8b793221ddf:192.168.157.232:46026] returns group-4F8965703114:java.util.concurrent.CompletableFuture@6113364[Not completed]
2019-09-19 21:57:41,311 [grpc-default-executor-0] INFO  impl.RaftServerProxy (RaftServerProxy.java:addNew(89)) - 38403d94-8e42-496f-83ea-8c437680f4f4: addNew group-4F8965703114:[e51f7a00-4888-490c-aa50-986bb4a7b39b:192.168.157.232:39792, 38403d94-8e42-496f-83ea-8c437680f4f4:192.168.157.232:35432, 3e5fa3fc-d239-4b30-ad77-e8b793221ddf:192.168.157.232:46026] returns group-4F8965703114:java.util.concurrent.CompletableFuture@2a37ce20[Not completed]
2019-09-19 21:57:41,311 [grpc-default-executor-9] INFO  impl.RaftServerProxy (RaftServerProxy.java:addNew(89)) - e51f7a00-4888-490c-aa50-986bb4a7b39b: addNew group-4F8965703114:[e51f7a00-4888-490c-aa50-986bb4a7b39b:192.168.157.232:39792, 38403d94-8e42-496f-83ea-8c437680f4f4:192.168.157.232:35432, 3e5fa3fc-d239-4b30-ad77-e8b793221ddf:192.168.157.232:46026] returns group-4F8965703114:java.util.concurrent.CompletableFuture@2ac6072f[Not completed]
2019-09-19 21:57:41,312 [pool-709-thread-1] INFO  impl.RaftServerImpl (RaftServerImpl.java:<init>(95)) - 3e5fa3fc-d239-4b30-ad77-e8b793221ddf: new RaftServerImpl for group-4F8965703114:[e51f7a00-4888-490c-aa50-986bb4a7b39b:192.168.157.232:39792, 38403d94-8e42-496f-83ea-8c437680f4f4:192.168.157.232:35432, 3e5fa3fc-d239-4b30-ad77-e8b793221ddf:192.168.157.232:46026] with ContainerStateMachine:uninitialized
2019-09-19 21:57:41,312 [pool-709-thread-1] INFO  server.RaftServerConfigKeys (ConfUtils.java:logGet(43)) - raft.server.rpc.timeout.min = 5s (custom)
2019-09-19 21:57:41,312 [pool-709-thread-1] INFO  server.RaftServerConfigKeys (ConfUtils.java:logGet(43)) - raft.server.rpc.timeout.max = 5200ms (custom)
2019-09-19 21:57:41,312 [pool-709-thread-1] INFO  server.RaftServerConfigKeys (ConfUtils.java:logGet(43)) - raft.server.rpcslowness.timeout = 120s (custom)
2019-09-19 21:57:41,312 [pool-709-thread-1] INFO  server.RaftServerConfigKeys (ConfUtils.java:logGet(43)) - raft.server.sleep.deviation.threshold = 300 (default)
2019-09-19 21:57:41,312 [pool-729-thread-1] INFO  impl.RaftServerImpl (RaftServerImpl.java:<init>(95)) - e51f7a00-4888-490c-aa50-986bb4a7b39b: new RaftServerImpl for group-4F8965703114:[e51f7a00-4888-490c-aa50-986bb4a7b39b:192.168.157.232:39792, 38403d94-8e42-496f-83ea-8c437680f4f4:192.168.157.232:35432, 3e5fa3fc-d239-4b30-ad77-e8b793221ddf:192.168.157.232:46026] with ContainerStateMachine:uninitialized
2019-09-19 21:57:41,312 [pool-709-thread-1] INFO  server.RaftServerConfigKeys (ConfUtils.java:logGet(43)) - raft.server.log.appender.install.snapshot.enabled = false (custom)
2019-09-19 21:57:41,312 [pool-729-thread-1] INFO  server.RaftServerConfigKeys (ConfUtils.java:logGet(43)) - raft.server.rpc.timeout.min = 5s (custom)
2019-09-19 21:57:41,312 [pool-709-thread-1] INFO  impl.RaftServerImpl (ServerState.java:<init>(103)) - 3e5fa3fc-d239-4b30-ad77-e8b793221ddf@group-4F8965703114: ConfigurationManager, init=-1: [e51f7a00-4888-490c-aa50-986bb4a7b39b:192.168.157.232:39792, 38403d94-8e42-496f-83ea-8c437680f4f4:192.168.157.232:35432, 3e5fa3fc-d239-4b30-ad77-e8b793221ddf:192.168.157.232:46026], old=null, confs=<EMPTY_MAP>
2019-09-19 21:57:41,313 [pool-729-thread-1] INFO  server.RaftServerConfigKeys (ConfUtils.java:logGet(43)) - raft.server.rpc.timeout.max = 5200ms (custom)
2019-09-19 21:57:41,313 [pool-709-thread-1] INFO  server.RaftServerConfigKeys (ConfUtils.java:logGet(43)) - raft.server.storage.dir = [/workdir/hadoop-ozone/integration-test/target/test-dir/MiniOzoneClusterImpl-fb7eb67c-97b9-49f2-b2a6-bf5c6712e8c0/datanode-3/data/ratis] (custom)
2019-09-19 21:57:41,313 [pool-719-thread-1] INFO  impl.RaftServerImpl (RaftServerImpl.java:<init>(95)) - 38403d94-8e42-496f-83ea-8c437680f4f4: new RaftServerImpl for group-4F8965703114:[e51f7a00-4888-490c-aa50-986bb4a7b39b:192.168.157.232:39792, 38403d94-8e42-496f-83ea-8c437680f4f4:192.168.157.232:35432, 3e5fa3fc-d239-4b30-ad77-e8b793221ddf:192.168.157.232:46026] with ContainerStateMachine:uninitialized
2019-09-19 21:57:41,313 [pool-729-thread-1] INFO  server.RaftServerConfigKeys (ConfUtils.java:logGet(43)) - raft.server.rpcslowness.timeout = 120s (custom)
2019-09-19 21:57:41,313 [pool-719-thread-1] INFO  server.RaftServerConfigKeys (ConfUtils.java:logGet(43)) - raft.server.rpc.timeout.min = 5s (custom)
2019-09-19 21:57:41,313 [pool-709-thread-1] INFO  storage.RaftStorageDirectory (RaftStorageDirectory.java:analyzeStorage(246)) - The storage directory /workdir/hadoop-ozone/integration-test/target/test-dir/MiniOzoneClusterImpl-fb7eb67c-97b9-49f2-b2a6-bf5c6712e8c0/datanode-3/data/ratis/78245385-087e-4daa-982c-4f8965703114 does not exist. Creating ...
2019-09-19 21:57:41,313 [pool-719-thread-1] INFO  server.RaftServerConfigKeys (ConfUtils.java:logGet(43)) - raft.server.rpc.timeout.max = 5200ms (custom)
2019-09-19 21:57:41,313 [pool-729-thread-1] INFO  server.RaftServerConfigKeys (ConfUtils.java:logGet(43)) - raft.server.sleep.deviation.threshold = 300 (default)
2019-09-19 21:57:41,314 [pool-719-thread-1] INFO  server.RaftServerConfigKeys (ConfUtils.java:logGet(43)) - raft.server.rpcslowness.timeout = 120s (custom)
2019-09-19 21:57:41,314 [pool-729-thread-1] INFO  server.RaftServerConfigKeys (ConfUtils.java:logGet(43)) - raft.server.log.appender.install.snapshot.enabled = false (custom)
2019-09-19 21:57:41,314 [pool-719-thread-1] INFO  server.RaftServerConfigKeys (ConfUtils.java:logGet(43)) - raft.server.sleep.deviation.threshold = 300 (default)
2019-09-19 21:57:41,314 [pool-729-thread-1] INFO  impl.RaftServerImpl (ServerState.java:<init>(103)) - e51f7a00-4888-490c-aa50-986bb4a7b39b@group-4F8965703114: ConfigurationManager, init=-1: [e51f7a00-4888-490c-aa50-986bb4a7b39b:192.168.157.232:39792, 38403d94-8e42-496f-83ea-8c437680f4f4:192.168.157.232:35432, 3e5fa3fc-d239-4b30-ad77-e8b793221ddf:192.168.157.232:46026], old=null, confs=<EMPTY_MAP>
2019-09-19 21:57:41,314 [pool-719-thread-1] INFO  server.RaftServerConfigKeys (ConfUtils.java:logGet(43)) - raft.server.log.appender.install.snapshot.enabled = false (custom)
2019-09-19 21:57:41,314 [pool-729-thread-1] INFO  server.RaftServerConfigKeys (ConfUtils.java:logGet(43)) - raft.server.storage.dir = [/workdir/hadoop-ozone/integration-test/target/test-dir/MiniOzoneClusterImpl-fb7eb67c-97b9-49f2-b2a6-bf5c6712e8c0/datanode-5/data/ratis] (custom)
2019-09-19 21:57:41,314 [pool-719-thread-1] INFO  impl.RaftServerImpl (ServerState.java:<init>(103)) - 38403d94-8e42-496f-83ea-8c437680f4f4@group-4F8965703114: ConfigurationManager, init=-1: [e51f7a00-4888-490c-aa50-986bb4a7b39b:192.168.157.232:39792, 38403d94-8e42-496f-83ea-8c437680f4f4:192.168.157.232:35432, 3e5fa3fc-d239-4b30-ad77-e8b793221ddf:192.168.157.232:46026], old=null, confs=<EMPTY_MAP>
2019-09-19 21:57:41,315 [pool-719-thread-1] INFO  server.RaftServerConfigKeys (ConfUtils.java:logGet(43)) - raft.server.storage.dir = [/workdir/hadoop-ozone/integration-test/target/test-dir/MiniOzoneClusterImpl-fb7eb67c-97b9-49f2-b2a6-bf5c6712e8c0/datanode-4/data/ratis] (custom)
2019-09-19 21:57:41,315 [pool-729-thread-1] INFO  storage.RaftStorageDirectory (RaftStorageDirectory.java:analyzeStorage(246)) - The storage directory /workdir/hadoop-ozone/integration-test/target/test-dir/MiniOzoneClusterImpl-fb7eb67c-97b9-49f2-b2a6-bf5c6712e8c0/datanode-5/data/ratis/78245385-087e-4daa-982c-4f8965703114 does not exist. Creating ...
2019-09-19 21:57:41,315 [pool-719-thread-1] INFO  storage.RaftStorageDirectory (RaftStorageDirectory.java:analyzeStorage(246)) - The storage directory /workdir/hadoop-ozone/integration-test/target/test-dir/MiniOzoneClusterImpl-fb7eb67c-97b9-49f2-b2a6-bf5c6712e8c0/datanode-4/data/ratis/78245385-087e-4daa-982c-4f8965703114 does not exist. Creating ...
2019-09-19 21:57:41,326 [IPC Server handler 0 on 44998] INFO  net.NetworkTopology (NetworkTopologyImpl.java:add(111)) - Added a new node: /default-rack/07257f41-c861-482b-a7ad-de9864149e7d
2019-09-19 21:57:41,327 [IPC Server handler 0 on 44998] INFO  node.SCMNodeManager (SCMNodeManager.java:register(266)) - Registered Data node : 07257f41-c861-482b-a7ad-de9864149e7d{ip: 192.168.157.232, host: pr-hdds-2020-k2m72-150965138, networkLocation: /default-rack, certSerialId: null}
2019-09-19 21:57:41,327 [pool-719-thread-1] INFO  storage.RaftStorageDirectory (RaftStorageDirectory.java:tryLock(328)) - Lock on /workdir/hadoop-ozone/integration-test/target/test-dir/MiniOzoneClusterImpl-fb7eb67c-97b9-49f2-b2a6-bf5c6712e8c0/datanode-4/data/ratis/78245385-087e-4daa-982c-4f8965703114/in_use.lock acquired by nodename 6076@pr-hdds-2020-k2m72-150965138
2019-09-19 21:57:41,327 [pool-709-thread-1] INFO  storage.RaftStorageDirectory (RaftStorageDirectory.java:tryLock(328)) - Lock on /workdir/hadoop-ozone/integration-test/target/test-dir/MiniOzoneClusterImpl-fb7eb67c-97b9-49f2-b2a6-bf5c6712e8c0/datanode-3/data/ratis/78245385-087e-4daa-982c-4f8965703114/in_use.lock acquired by nodename 6076@pr-hdds-2020-k2m72-150965138
2019-09-19 21:57:41,327 [pool-729-thread-1] INFO  storage.RaftStorageDirectory (RaftStorageDirectory.java:tryLock(328)) - Lock on /workdir/hadoop-ozone/integration-test/target/test-dir/MiniOzoneClusterImpl-fb7eb67c-97b9-49f2-b2a6-bf5c6712e8c0/datanode-5/data/ratis/78245385-087e-4daa-982c-4f8965703114/in_use.lock acquired by nodename 6076@pr-hdds-2020-k2m72-150965138
2019-09-19 21:57:41,328 [main] INFO  ozone.MiniOzoneClusterImpl (MiniOzoneClusterImpl.java:lambda$waitForClusterToBeReady$0(145)) - Cluster is ready. Got 7 of 7 DN Heartbeats.
2019-09-19 21:57:41,341 [pool-729-thread-1] INFO  storage.RaftStorage (RaftStorage.java:format(72)) - Storage directory /workdir/hadoop-ozone/integration-test/target/test-dir/MiniOzoneClusterImpl-fb7eb67c-97b9-49f2-b2a6-bf5c6712e8c0/datanode-5/data/ratis/78245385-087e-4daa-982c-4f8965703114 has been successfully formatted.
2019-09-19 21:57:41,341 [pool-719-thread-1] INFO  storage.RaftStorage (RaftStorage.java:format(72)) - Storage directory /workdir/hadoop-ozone/integration-test/target/test-dir/MiniOzoneClusterImpl-fb7eb67c-97b9-49f2-b2a6-bf5c6712e8c0/datanode-4/data/ratis/78245385-087e-4daa-982c-4f8965703114 has been successfully formatted.
2019-09-19 21:57:41,341 [pool-709-thread-1] INFO  storage.RaftStorage (RaftStorage.java:format(72)) - Storage directory /workdir/hadoop-ozone/integration-test/target/test-dir/MiniOzoneClusterImpl-fb7eb67c-97b9-49f2-b2a6-bf5c6712e8c0/datanode-3/data/ratis/78245385-087e-4daa-982c-4f8965703114 has been successfully formatted.
2019-09-19 21:57:41,341 [pool-719-thread-1] INFO  ratis.ContainerStateMachine (ContainerStateMachine.java:loadSnapshot(230)) - group-4F8965703114: The snapshot info is null. Setting the last applied indexto:(t:0, i:~)
2019-09-19 21:57:41,341 [pool-729-thread-1] INFO  ratis.ContainerStateMachine (ContainerStateMachine.java:loadSnapshot(230)) - group-4F8965703114: The snapshot info is null. Setting the last applied indexto:(t:0, i:~)
2019-09-19 21:57:41,342 [pool-719-thread-1] INFO  server.RaftServerConfigKeys (ConfUtils.java:logGet(43)) - raft.server.notification.no-leader.timeout = 120s (custom)
2019-09-19 21:57:41,341 [pool-709-thread-1] INFO  ratis.ContainerStateMachine (ContainerStateMachine.java:loadSnapshot(230)) - group-4F8965703114: The snapshot info is null. Setting the last applied indexto:(t:0, i:~)
2019-09-19 21:57:41,342 [pool-719-thread-1] INFO  server.RaftServerConfigKeys (ConfUtils.java:logGet(43)) - raft.server.log.use.memory = false (default)
2019-09-19 21:57:41,342 [pool-729-thread-1] INFO  server.RaftServerConfigKeys (ConfUtils.java:logGet(43)) - raft.server.notification.no-leader.timeout = 120s (custom)
2019-09-19 21:57:41,342 [pool-719-thread-1] INFO  server.RaftServerConfigKeys (ConfUtils.java:logGet(43)) - raft.server.log.purge.gap = 1000000 (custom)
2019-09-19 21:57:41,342 [pool-709-thread-1] INFO  server.RaftServerConfigKeys (ConfUtils.java:logGet(43)) - raft.server.notification.no-leader.timeout = 120s (custom)
2019-09-19 21:57:41,342 [pool-719-thread-1] INFO  server.RaftServerConfigKeys (ConfUtils.java:logGet(43)) - raft.server.log.appender.buffer.byte-limit = 33554432 (custom)
2019-09-19 21:57:41,342 [pool-729-thread-1] INFO  server.RaftServerConfigKeys (ConfUtils.java:logGet(43)) - raft.server.log.use.memory = false (default)
2019-09-19 21:57:41,345 [pool-719-thread-1] INFO  server.RaftServerConfigKeys (ConfUtils.java:logGet(43)) - raft.server.log.segment.size.max = 1048576 (custom)
2019-09-19 21:57:41,345 [pool-719-thread-1] INFO  server.RaftServerConfigKeys (ConfUtils.java:logGet(43)) - raft.server.log.segment.cache.num.max = 2 (custom)
2019-09-19 21:57:41,343 [pool-709-thread-1] INFO  server.RaftServerConfigKeys (ConfUtils.java:logGet(43)) - raft.server.log.use.memory = false (default)
2019-09-19 21:57:41,345 [pool-719-thread-1] INFO  segmented.SegmentedRaftLogWorker (SegmentedRaftLogWorker.java:<init>(172)) - new 38403d94-8e42-496f-83ea-8c437680f4f4@group-4F8965703114-SegmentedRaftLogWorker for RaftStorage:Storage Directory /workdir/hadoop-ozone/integration-test/target/test-dir/MiniOzoneClusterImpl-fb7eb67c-97b9-49f2-b2a6-bf5c6712e8c0/datanode-4/data/ratis/78245385-087e-4daa-982c-4f8965703114
2019-09-19 21:57:41,345 [pool-729-thread-1] INFO  server.RaftServerConfigKeys (ConfUtils.java:logGet(43)) - raft.server.log.purge.gap = 1000000 (custom)
2019-09-19 21:57:41,350 [pool-719-thread-1] INFO  server.RaftServerConfigKeys (ConfUtils.java:logGet(43)) - raft.server.log.queue.byte-limit = 2147483647 (custom)
2019-09-19 21:57:41,360 [pool-719-thread-1] INFO  server.RaftServerConfigKeys (ConfUtils.java:logGet(43)) - raft.server.log.queue.element-limit = 1024 (custom)
2019-09-19 21:57:41,346 [pool-709-thread-1] INFO  server.RaftServerConfigKeys (ConfUtils.java:logGet(43)) - raft.server.log.purge.gap = 1000000 (custom)
2019-09-19 21:57:41,360 [pool-719-thread-1] INFO  server.RaftServerConfigKeys (ConfUtils.java:logGet(43)) - raft.server.log.segment.size.max = 1048576 (custom)
2019-09-19 21:57:41,360 [pool-729-thread-1] INFO  server.RaftServerConfigKeys (ConfUtils.java:logGet(43)) - raft.server.log.appender.buffer.byte-limit = 33554432 (custom)
2019-09-19 21:57:41,361 [pool-719-thread-1] INFO  server.RaftServerConfigKeys (ConfUtils.java:logGet(43)) - raft.server.log.preallocated.size = 16384 (custom)
2019-09-19 21:57:41,361 [pool-719-thread-1] INFO  server.RaftServerConfigKeys (ConfUtils.java:logGet(43)) - raft.server.log.write.buffer.size = 33554432 (custom)
2019-09-19 21:57:41,360 [pool-709-thread-1] INFO  server.RaftServerConfigKeys (ConfUtils.java:logGet(43)) - raft.server.log.appender.buffer.byte-limit = 33554432 (custom)
2019-09-19 21:57:41,361 [pool-719-thread-1] INFO  server.RaftServerConfigKeys (ConfUtils.java:logGet(43)) - raft.server.log.force.sync.num = 128 (default)
2019-09-19 21:57:41,361 [pool-719-thread-1] INFO  server.RaftServerConfigKeys (ConfUtils.java:logGet(43)) - raft.server.log.statemachine.data.sync = true (default)
2019-09-19 21:57:41,361 [pool-729-thread-1] INFO  server.RaftServerConfigKeys (ConfUtils.java:logGet(43)) - raft.server.log.segment.size.max = 1048576 (custom)
2019-09-19 21:57:41,362 [pool-719-thread-1] INFO  server.RaftServerConfigKeys (ConfUtils.java:logGet(43)) - raft.server.log.statemachine.data.sync.timeout = 10s (default)
2019-09-19 21:57:41,362 [pool-719-thread-1] INFO  server.RaftServerConfigKeys (ConfUtils.java:logGet(43)) - raft.server.log.statemachine.data.sync.timeout.retry = -1 (default)
2019-09-19 21:57:41,361 [pool-709-thread-1] INFO  server.RaftServerConfigKeys (ConfUtils.java:logGet(43)) - raft.server.log.segment.size.max = 1048576 (custom)
2019-09-19 21:57:41,362 [pool-719-thread-1] INFO  server.RaftServerConfigKeys (ConfUtils.java:logGet(43)) - raft.server.log.statemachine.data.caching.enabled = true (custom)
2019-09-19 21:57:41,362 [pool-729-thread-1] INFO  server.RaftServerConfigKeys (ConfUtils.java:logGet(43)) - raft.server.log.segment.cache.num.max = 2 (custom)
2019-09-19 21:57:41,365 [pool-719-thread-1] INFO  segmented.SegmentedRaftLogWorker (SegmentedRaftLogWorker.java:lambda$new$0(132)) - 38403d94-8e42-496f-83ea-8c437680f4f4@group-4F8965703114-SegmentedRaftLogWorker: flushIndex: setUnconditionally 0 -> -1
2019-09-19 21:57:41,362 [pool-709-thread-1] INFO  server.RaftServerConfigKeys (ConfUtils.java:logGet(43)) - raft.server.log.segment.cache.num.max = 2 (custom)
2019-09-19 21:57:41,365 [pool-719-thread-1] INFO  server.RaftServerConfigKeys (ConfUtils.java:logGet(43)) - raft.server.snapshot.auto.trigger.enabled = true (custom)
2019-09-19 21:57:41,365 [pool-729-thread-1] INFO  segmented.SegmentedRaftLogWorker (SegmentedRaftLogWorker.java:<init>(172)) - new e51f7a00-4888-490c-aa50-986bb4a7b39b@group-4F8965703114-SegmentedRaftLogWorker for RaftStorage:Storage Directory /workdir/hadoop-ozone/integration-test/target/test-dir/MiniOzoneClusterImpl-fb7eb67c-97b9-49f2-b2a6-bf5c6712e8c0/datanode-5/data/ratis/78245385-087e-4daa-982c-4f8965703114
2019-09-19 21:57:41,365 [pool-719-thread-1] INFO  server.RaftServerConfigKeys (ConfUtils.java:logGet(43)) - raft.server.snapshot.auto.trigger.threshold = 10000 (custom)
2019-09-19 21:57:41,365 [pool-709-thread-1] INFO  segmented.SegmentedRaftLogWorker (SegmentedRaftLogWorker.java:<init>(172)) - new 3e5fa3fc-d239-4b30-ad77-e8b793221ddf@group-4F8965703114-SegmentedRaftLogWorker for RaftStorage:Storage Directory /workdir/hadoop-ozone/integration-test/target/test-dir/MiniOzoneClusterImpl-fb7eb67c-97b9-49f2-b2a6-bf5c6712e8c0/datanode-3/data/ratis/78245385-087e-4daa-982c-4f8965703114
2019-09-19 21:57:41,365 [pool-719-thread-1] INFO  server.RaftServerConfigKeys (ConfUtils.java:logGet(43)) - raft.server.snapshot.retention.num.files = 5 (custom)
2019-09-19 21:57:41,365 [pool-729-thread-1] INFO  server.RaftServerConfigKeys (ConfUtils.java:logGet(43)) - raft.server.log.queue.byte-limit = 2147483647 (custom)
2019-09-19 21:57:41,366 [pool-719-thread-1] INFO  server.RaftServerConfigKeys (ConfUtils.java:logGet(43)) - raft.server.retrycache.expirytime = 600000ms (custom)
2019-09-19 21:57:41,366 [pool-709-thread-1] INFO  server.RaftServerConfigKeys (ConfUtils.java:logGet(43)) - raft.server.log.queue.byte-limit = 2147483647 (custom)
2019-09-19 21:57:41,366 [pool-729-thread-1] INFO  server.RaftServerConfigKeys (ConfUtils.java:logGet(43)) - raft.server.log.queue.element-limit = 1024 (custom)
2019-09-19 21:57:41,366 [pool-709-thread-1] INFO  server.RaftServerConfigKeys (ConfUtils.java:logGet(43)) - raft.server.log.queue.element-limit = 1024 (custom)
2019-09-19 21:57:41,366 [main] INFO  rpc.RpcClient (RpcClient.java:createVolume(276)) - Creating Volume: testblockoutputstream, with jenkins1000 as owner.
2019-09-19 21:57:41,367 [pool-709-thread-1] INFO  server.RaftServerConfigKeys (ConfUtils.java:logGet(43)) - raft.server.log.segment.size.max = 1048576 (custom)
2019-09-19 21:57:41,366 [pool-729-thread-1] INFO  server.RaftServerConfigKeys (ConfUtils.java:logGet(43)) - raft.server.log.segment.size.max = 1048576 (custom)
2019-09-19 21:57:41,367 [pool-709-thread-1] INFO  server.RaftServerConfigKeys (ConfUtils.java:logGet(43)) - raft.server.log.preallocated.size = 16384 (custom)
2019-09-19 21:57:41,367 [pool-709-thread-1] INFO  server.RaftServerConfigKeys (ConfUtils.java:logGet(43)) - raft.server.log.write.buffer.size = 33554432 (custom)
2019-09-19 21:57:41,367 [pool-729-thread-1] INFO  server.RaftServerConfigKeys (ConfUtils.java:logGet(43)) - raft.server.log.preallocated.size = 16384 (custom)
2019-09-19 21:57:41,367 [pool-719-thread-1] INFO  impl.RaftServerImpl (RaftServerImpl.java:start(185)) - 38403d94-8e42-496f-83ea-8c437680f4f4@group-4F8965703114: start as a follower, conf=-1: [e51f7a00-4888-490c-aa50-986bb4a7b39b:192.168.157.232:39792, 38403d94-8e42-496f-83ea-8c437680f4f4:192.168.157.232:35432, 3e5fa3fc-d239-4b30-ad77-e8b793221ddf:192.168.157.232:46026], old=null
2019-09-19 21:57:41,367 [pool-709-thread-1] INFO  server.RaftServerConfigKeys (ConfUtils.java:logGet(43)) - raft.server.log.force.sync.num = 128 (default)
2019-09-19 21:57:41,368 [pool-719-thread-1] INFO  impl.RaftServerImpl (RaftServerImpl.java:setRole(174)) - 38403d94-8e42-496f-83ea-8c437680f4f4@group-4F8965703114: changes role from      null to FOLLOWER at term 0 for startAsFollower
2019-09-19 21:57:41,367 [pool-729-thread-1] INFO  server.RaftServerConfigKeys (ConfUtils.java:logGet(43)) - raft.server.log.write.buffer.size = 33554432 (custom)
2019-09-19 21:57:41,368 [pool-719-thread-1] INFO  impl.RoleInfo (RoleInfo.java:updateAndGet(143)) - 38403d94-8e42-496f-83ea-8c437680f4f4: start FollowerState
2019-09-19 21:57:41,368 [pool-709-thread-1] INFO  server.RaftServerConfigKeys (ConfUtils.java:logGet(43)) - raft.server.log.statemachine.data.sync = true (default)
2019-09-19 21:57:41,368 [pool-709-thread-1] INFO  server.RaftServerConfigKeys (ConfUtils.java:logGet(43)) - raft.server.log.statemachine.data.sync.timeout = 10s (default)
2019-09-19 21:57:41,368 [pool-729-thread-1] INFO  server.RaftServerConfigKeys (ConfUtils.java:logGet(43)) - raft.server.log.force.sync.num = 128 (default)
2019-09-19 21:57:41,369 [pool-709-thread-1] INFO  server.RaftServerConfigKeys (ConfUtils.java:logGet(43)) - raft.server.log.statemachine.data.sync.timeout.retry = -1 (default)
2019-09-19 21:57:41,368 [pool-719-thread-1] INFO  util.JmxRegister (JmxRegister.java:tryRegister(44)) - Successfully registered JMX Bean with object name Ratis:service=RaftServer,group=group-4F8965703114,id=38403d94-8e42-496f-83ea-8c437680f4f4
2019-09-19 21:57:41,369 [pool-709-thread-1] INFO  server.RaftServerConfigKeys (ConfUtils.java:logGet(43)) - raft.server.log.statemachine.data.caching.enabled = true (custom)
2019-09-19 21:57:41,369 [pool-729-thread-1] INFO  server.RaftServerConfigKeys (ConfUtils.java:logGet(43)) - raft.server.log.statemachine.data.sync = true (default)
2019-09-19 21:57:41,369 [pool-729-thread-1] INFO  server.RaftServerConfigKeys (ConfUtils.java:logGet(43)) - raft.server.log.statemachine.data.sync.timeout = 10s (default)
2019-09-19 21:57:41,369 [pool-709-thread-1] INFO  segmented.SegmentedRaftLogWorker (SegmentedRaftLogWorker.java:lambda$new$0(132)) - 3e5fa3fc-d239-4b30-ad77-e8b793221ddf@group-4F8965703114-SegmentedRaftLogWorker: flushIndex: setUnconditionally 0 -> -1
2019-09-19 21:57:41,369 [pool-729-thread-1] INFO  server.RaftServerConfigKeys (ConfUtils.java:logGet(43)) - raft.server.log.statemachine.data.sync.timeout.retry = -1 (default)
2019-09-19 21:57:41,370 [pool-729-thread-1] INFO  server.RaftServerConfigKeys (ConfUtils.java:logGet(43)) - raft.server.log.statemachine.data.caching.enabled = true (custom)
2019-09-19 21:57:41,370 [pool-709-thread-1] INFO  server.RaftServerConfigKeys (ConfUtils.java:logGet(43)) - raft.server.snapshot.auto.trigger.enabled = true (custom)
2019-09-19 21:57:41,370 [pool-729-thread-1] INFO  segmented.SegmentedRaftLogWorker (SegmentedRaftLogWorker.java:lambda$new$0(132)) - e51f7a00-4888-490c-aa50-986bb4a7b39b@group-4F8965703114-SegmentedRaftLogWorker: flushIndex: setUnconditionally 0 -> -1
2019-09-19 21:57:41,370 [pool-709-thread-1] INFO  server.RaftServerConfigKeys (ConfUtils.java:logGet(43)) - raft.server.snapshot.auto.trigger.threshold = 10000 (custom)
2019-09-19 21:57:41,370 [pool-729-thread-1] INFO  server.RaftServerConfigKeys (ConfUtils.java:logGet(43)) - raft.server.snapshot.auto.trigger.enabled = true (custom)
2019-09-19 21:57:41,370 [pool-709-thread-1] INFO  server.RaftServerConfigKeys (ConfUtils.java:logGet(43)) - raft.server.snapshot.retention.num.files = 5 (custom)
2019-09-19 21:57:41,370 [pool-729-thread-1] INFO  server.RaftServerConfigKeys (ConfUtils.java:logGet(43)) - raft.server.snapshot.auto.trigger.threshold = 10000 (custom)
2019-09-19 21:57:41,371 [pool-709-thread-1] INFO  server.RaftServerConfigKeys (ConfUtils.java:logGet(43)) - raft.server.retrycache.expirytime = 600000ms (custom)
2019-09-19 21:57:41,371 [pool-729-thread-1] INFO  server.RaftServerConfigKeys (ConfUtils.java:logGet(43)) - raft.server.snapshot.retention.num.files = 5 (custom)
2019-09-19 21:57:41,371 [pool-729-thread-1] INFO  server.RaftServerConfigKeys (ConfUtils.java:logGet(43)) - raft.server.retrycache.expirytime = 600000ms (custom)
2019-09-19 21:57:41,372 [IPC Server handler 2 on 35897] INFO  volume.OMVolumeCreateRequest (OMVolumeCreateRequest.java:validateAndUpdateCache(189)) - created volume:testblockoutputstream for user:jenkins1000
2019-09-19 21:57:41,374 [pool-709-thread-1] INFO  impl.RaftServerImpl (RaftServerImpl.java:start(185)) - 3e5fa3fc-d239-4b30-ad77-e8b793221ddf@group-4F8965703114: start as a follower, conf=-1: [e51f7a00-4888-490c-aa50-986bb4a7b39b:192.168.157.232:39792, 38403d94-8e42-496f-83ea-8c437680f4f4:192.168.157.232:35432, 3e5fa3fc-d239-4b30-ad77-e8b793221ddf:192.168.157.232:46026], old=null
2019-09-19 21:57:41,374 [pool-729-thread-1] INFO  impl.RaftServerImpl (RaftServerImpl.java:start(185)) - e51f7a00-4888-490c-aa50-986bb4a7b39b@group-4F8965703114: start as a follower, conf=-1: [e51f7a00-4888-490c-aa50-986bb4a7b39b:192.168.157.232:39792, 38403d94-8e42-496f-83ea-8c437680f4f4:192.168.157.232:35432, 3e5fa3fc-d239-4b30-ad77-e8b793221ddf:192.168.157.232:46026], old=null
2019-09-19 21:57:41,374 [pool-709-thread-1] INFO  impl.RaftServerImpl (RaftServerImpl.java:setRole(174)) - 3e5fa3fc-d239-4b30-ad77-e8b793221ddf@group-4F8965703114: changes role from      null to FOLLOWER at term 0 for startAsFollower
2019-09-19 21:57:41,374 [pool-729-thread-1] INFO  impl.RaftServerImpl (RaftServerImpl.java:setRole(174)) - e51f7a00-4888-490c-aa50-986bb4a7b39b@group-4F8965703114: changes role from      null to FOLLOWER at term 0 for startAsFollower
2019-09-19 21:57:41,376 [pool-729-thread-1] INFO  impl.RoleInfo (RoleInfo.java:updateAndGet(143)) - e51f7a00-4888-490c-aa50-986bb4a7b39b: start FollowerState
2019-09-19 21:57:41,376 [pool-709-thread-1] INFO  impl.RoleInfo (RoleInfo.java:updateAndGet(143)) - 3e5fa3fc-d239-4b30-ad77-e8b793221ddf: start FollowerState
2019-09-19 21:57:41,376 [pool-729-thread-1] INFO  util.JmxRegister (JmxRegister.java:tryRegister(44)) - Successfully registered JMX Bean with object name Ratis:service=RaftServer,group=group-4F8965703114,id=e51f7a00-4888-490c-aa50-986bb4a7b39b
2019-09-19 21:57:41,377 [pool-709-thread-1] INFO  util.JmxRegister (JmxRegister.java:tryRegister(44)) - Successfully registered JMX Bean with object name Ratis:service=RaftServer,group=group-4F8965703114,id=3e5fa3fc-d239-4b30-ad77-e8b793221ddf
2019-09-19 21:57:41,394 [main] INFO  rpc.RpcClient (RpcClient.java:createBucket(415)) - Creating Bucket: testblockoutputstream/testblockoutputstream, with Versioning false and Storage Type set to DISK and Encryption set to false 
2019-09-19 21:57:41,401 [RatisPipelineUtilsThread] INFO  pipeline.PipelineStateManager (PipelineStateManager.java:addPipeline(56)) - Created pipeline Pipeline[ Id: 78245385-087e-4daa-982c-4f8965703114, Nodes: 38403d94-8e42-496f-83ea-8c437680f4f4{ip: 192.168.157.232, host: pr-hdds-2020-k2m72-150965138, networkLocation: /default-rack, certSerialId: null}3e5fa3fc-d239-4b30-ad77-e8b793221ddf{ip: 192.168.157.232, host: pr-hdds-2020-k2m72-150965138, networkLocation: /default-rack, certSerialId: null}e51f7a00-4888-490c-aa50-986bb4a7b39b{ip: 192.168.157.232, host: pr-hdds-2020-k2m72-150965138, networkLocation: /default-rack, certSerialId: null}, Type:RATIS, Factor:THREE, State:OPEN]
2019-09-19 21:57:41,442 [grpc-default-executor-0] INFO  client.GrpcClientProtocolClient (GrpcClientProtocolClient.java:onNext(264)) - client-7D832FFDDB52->8d1d72f7-50a1-491e-ad08-4d5969505416: receive RaftClientReply:client-7D832FFDDB52->8d1d72f7-50a1-491e-ad08-4d5969505416@group-839CFB3610A3, cid=270, FAILED org.apache.ratis.protocol.NotLeaderException: Server 8d1d72f7-50a1-491e-ad08-4d5969505416@group-839CFB3610A3 is not the leader, logIndex=0, commits[8d1d72f7-50a1-491e-ad08-4d5969505416:c-1]
2019-09-19 21:57:42,457 [grpc-default-executor-0] INFO  client.GrpcClientProtocolClient (GrpcClientProtocolClient.java:onNext(264)) - client-7D832FFDDB52->b65e3305-f752-472a-8fac-d0a966ba274f: receive RaftClientReply:client-7D832FFDDB52->b65e3305-f752-472a-8fac-d0a966ba274f@group-839CFB3610A3, cid=270, FAILED org.apache.ratis.protocol.NotLeaderException: Server b65e3305-f752-472a-8fac-d0a966ba274f@group-839CFB3610A3 is not the leader, logIndex=0, commits[b65e3305-f752-472a-8fac-d0a966ba274f:c-1]
2019-09-19 21:57:43,467 [grpc-default-executor-9] INFO  client.GrpcClientProtocolClient (GrpcClientProtocolClient.java:onNext(264)) - client-7D832FFDDB52->d3ea050d-330d-45e5-8945-53fc2c9ea6b1: receive RaftClientReply:client-7D832FFDDB52->d3ea050d-330d-45e5-8945-53fc2c9ea6b1@group-839CFB3610A3, cid=270, FAILED org.apache.ratis.protocol.NotLeaderException: Server d3ea050d-330d-45e5-8945-53fc2c9ea6b1@group-839CFB3610A3 is not the leader, logIndex=0, commits[d3ea050d-330d-45e5-8945-53fc2c9ea6b1:c-1]
2019-09-19 21:57:43,968 [Thread-4598] INFO  container.ReplicationManager (ReplicationManager.java:start(162)) - Starting Replication Monitor Thread.
2019-09-19 21:57:43,973 [ReplicationMonitor] INFO  container.ReplicationManager (ReplicationManager.java:run(225)) - Replication Monitor Thread took 0 milliseconds for processing 1 containers.
2019-09-19 21:57:44,486 [grpc-default-executor-0] INFO  client.GrpcClientProtocolClient (GrpcClientProtocolClient.java:onNext(264)) - client-7D832FFDDB52->8d1d72f7-50a1-491e-ad08-4d5969505416: receive RaftClientReply:client-7D832FFDDB52->8d1d72f7-50a1-491e-ad08-4d5969505416@group-839CFB3610A3, cid=270, FAILED org.apache.ratis.protocol.NotLeaderException: Server 8d1d72f7-50a1-491e-ad08-4d5969505416@group-839CFB3610A3 is not the leader, logIndex=0, commits[8d1d72f7-50a1-491e-ad08-4d5969505416:c-1]
2019-09-19 21:57:45,508 [grpc-default-executor-7] INFO  client.GrpcClientProtocolClient (GrpcClientProtocolClient.java:onNext(264)) - client-7D832FFDDB52->b65e3305-f752-472a-8fac-d0a966ba274f: receive RaftClientReply:client-7D832FFDDB52->b65e3305-f752-472a-8fac-d0a966ba274f@group-839CFB3610A3, cid=270, FAILED org.apache.ratis.protocol.NotLeaderException: Server b65e3305-f752-472a-8fac-d0a966ba274f@group-839CFB3610A3 is not the leader, logIndex=0, commits[b65e3305-f752-472a-8fac-d0a966ba274f:c-1]
2019-09-19 21:57:46,119 [Thread-4603] INFO  impl.FollowerState (FollowerState.java:run(106)) - d3ea050d-330d-45e5-8945-53fc2c9ea6b1:group-DAE745381D64 changes to CANDIDATE, lastRpcTime:5056, electionTimeout:5056ms
2019-09-19 21:57:46,120 [Thread-4603] INFO  impl.RoleInfo (RoleInfo.java:shutdownFollowerState(121)) - d3ea050d-330d-45e5-8945-53fc2c9ea6b1: shutdown FollowerState
2019-09-19 21:57:46,120 [Thread-4603] INFO  impl.RaftServerImpl (RaftServerImpl.java:setRole(174)) - d3ea050d-330d-45e5-8945-53fc2c9ea6b1@group-DAE745381D64: changes role from  FOLLOWER to CANDIDATE at term 0 for changeToCandidate
2019-09-19 21:57:46,121 [Thread-4603] INFO  impl.RoleInfo (RoleInfo.java:updateAndGet(143)) - d3ea050d-330d-45e5-8945-53fc2c9ea6b1: start LeaderElection
2019-09-19 21:57:46,125 [Thread-4600] INFO  impl.FollowerState (FollowerState.java:run(106)) - b65e3305-f752-472a-8fac-d0a966ba274f:group-4CE804424AFD changes to CANDIDATE, lastRpcTime:5105, electionTimeout:5105ms
2019-09-19 21:57:46,131 [Thread-4600] INFO  impl.RoleInfo (RoleInfo.java:shutdownFollowerState(121)) - b65e3305-f752-472a-8fac-d0a966ba274f: shutdown FollowerState
2019-09-19 21:57:46,131 [Thread-4600] INFO  impl.RaftServerImpl (RaftServerImpl.java:setRole(174)) - b65e3305-f752-472a-8fac-d0a966ba274f@group-4CE804424AFD: changes role from  FOLLOWER to CANDIDATE at term 0 for changeToCandidate
2019-09-19 21:57:46,131 [Thread-4609] INFO  impl.FollowerState (FollowerState.java:run(106)) - d3ea050d-330d-45e5-8945-53fc2c9ea6b1:group-839CFB3610A3 changes to CANDIDATE, lastRpcTime:5008, electionTimeout:5005ms
2019-09-19 21:57:46,132 [Thread-4600] INFO  impl.RoleInfo (RoleInfo.java:updateAndGet(143)) - b65e3305-f752-472a-8fac-d0a966ba274f: start LeaderElection
2019-09-19 21:57:46,132 [Thread-4609] INFO  impl.RoleInfo (RoleInfo.java:shutdownFollowerState(121)) - d3ea050d-330d-45e5-8945-53fc2c9ea6b1: shutdown FollowerState
2019-09-19 21:57:46,132 [Thread-4609] INFO  impl.RaftServerImpl (RaftServerImpl.java:setRole(174)) - d3ea050d-330d-45e5-8945-53fc2c9ea6b1@group-839CFB3610A3: changes role from  FOLLOWER to CANDIDATE at term 0 for changeToCandidate
2019-09-19 21:57:46,140 [Thread-4609] INFO  impl.RoleInfo (RoleInfo.java:updateAndGet(143)) - d3ea050d-330d-45e5-8945-53fc2c9ea6b1: start LeaderElection
2019-09-19 21:57:46,170 [b65e3305-f752-472a-8fac-d0a966ba274f@group-4CE804424AFD:LeaderElection110] INFO  impl.LeaderElection (LeaderElection.java:askForVotes(182)) - b65e3305-f752-472a-8fac-d0a966ba274f@group-4CE804424AFD:LeaderElection110: begin an election at term 1 for -1: [b65e3305-f752-472a-8fac-d0a966ba274f:192.168.157.232:36803], old=null
2019-09-19 21:57:46,170 [d3ea050d-330d-45e5-8945-53fc2c9ea6b1@group-839CFB3610A3:LeaderElection111] INFO  impl.LeaderElection (LeaderElection.java:askForVotes(182)) - d3ea050d-330d-45e5-8945-53fc2c9ea6b1@group-839CFB3610A3:LeaderElection111: begin an election at term 1 for -1: [b65e3305-f752-472a-8fac-d0a966ba274f:192.168.157.232:36803, 8d1d72f7-50a1-491e-ad08-4d5969505416:192.168.157.232:39825, d3ea050d-330d-45e5-8945-53fc2c9ea6b1:192.168.157.232:41304], old=null
2019-09-19 21:57:46,170 [d3ea050d-330d-45e5-8945-53fc2c9ea6b1@group-DAE745381D64:LeaderElection109] INFO  impl.LeaderElection (LeaderElection.java:askForVotes(182)) - d3ea050d-330d-45e5-8945-53fc2c9ea6b1@group-DAE745381D64:LeaderElection109: begin an election at term 1 for -1: [d3ea050d-330d-45e5-8945-53fc2c9ea6b1:192.168.157.232:41304], old=null
2019-09-19 21:57:46,171 [b65e3305-f752-472a-8fac-d0a966ba274f@group-4CE804424AFD:LeaderElection110] INFO  impl.RoleInfo (RoleInfo.java:shutdownLeaderElection(134)) - b65e3305-f752-472a-8fac-d0a966ba274f: shutdown LeaderElection
2019-09-19 21:57:46,171 [d3ea050d-330d-45e5-8945-53fc2c9ea6b1@group-DAE745381D64:LeaderElection109] INFO  impl.RoleInfo (RoleInfo.java:shutdownLeaderElection(134)) - d3ea050d-330d-45e5-8945-53fc2c9ea6b1: shutdown LeaderElection
2019-09-19 21:57:46,171 [b65e3305-f752-472a-8fac-d0a966ba274f@group-4CE804424AFD:LeaderElection110] INFO  impl.RaftServerImpl (RaftServerImpl.java:setRole(174)) - b65e3305-f752-472a-8fac-d0a966ba274f@group-4CE804424AFD: changes role from CANDIDATE to LEADER at term 1 for changeToLeader
2019-09-19 21:57:46,171 [d3ea050d-330d-45e5-8945-53fc2c9ea6b1@group-DAE745381D64:LeaderElection109] INFO  impl.RaftServerImpl (RaftServerImpl.java:setRole(174)) - d3ea050d-330d-45e5-8945-53fc2c9ea6b1@group-DAE745381D64: changes role from CANDIDATE to LEADER at term 1 for changeToLeader
2019-09-19 21:57:46,171 [b65e3305-f752-472a-8fac-d0a966ba274f@group-4CE804424AFD:LeaderElection110] INFO  impl.RaftServerImpl (ServerState.java:setLeader(253)) - b65e3305-f752-472a-8fac-d0a966ba274f@group-4CE804424AFD: change Leader from null to b65e3305-f752-472a-8fac-d0a966ba274f at term 1 for becomeLeader, leader elected after 5159ms
2019-09-19 21:57:46,171 [d3ea050d-330d-45e5-8945-53fc2c9ea6b1@group-DAE745381D64:LeaderElection109] INFO  impl.RaftServerImpl (ServerState.java:setLeader(253)) - d3ea050d-330d-45e5-8945-53fc2c9ea6b1@group-DAE745381D64: change Leader from null to d3ea050d-330d-45e5-8945-53fc2c9ea6b1 at term 1 for becomeLeader, leader elected after 5112ms
2019-09-19 21:57:46,172 [b65e3305-f752-472a-8fac-d0a966ba274f@group-4CE804424AFD:LeaderElection110] INFO  server.RaftServerConfigKeys (ConfUtils.java:logGet(43)) - raft.server.staging.catchup.gap = 1000 (default)
2019-09-19 21:57:46,172 [d3ea050d-330d-45e5-8945-53fc2c9ea6b1@group-DAE745381D64:LeaderElection109] INFO  server.RaftServerConfigKeys (ConfUtils.java:logGet(43)) - raft.server.staging.catchup.gap = 1000 (default)
2019-09-19 21:57:46,172 [b65e3305-f752-472a-8fac-d0a966ba274f@group-4CE804424AFD:LeaderElection110] INFO  server.RaftServerConfigKeys (ConfUtils.java:logGet(43)) - raft.server.rpc.sleep.time = 25ms (default)
2019-09-19 21:57:46,172 [d3ea050d-330d-45e5-8945-53fc2c9ea6b1@group-DAE745381D64:LeaderElection109] INFO  server.RaftServerConfigKeys (ConfUtils.java:logGet(43)) - raft.server.rpc.sleep.time = 25ms (default)
2019-09-19 21:57:46,172 [b65e3305-f752-472a-8fac-d0a966ba274f@group-4CE804424AFD:LeaderElection110] INFO  server.RaftServerConfigKeys (ConfUtils.java:logGet(43)) - raft.server.write.element-limit = 4096 (default)
2019-09-19 21:57:46,172 [d3ea050d-330d-45e5-8945-53fc2c9ea6b1@group-DAE745381D64:LeaderElection109] INFO  server.RaftServerConfigKeys (ConfUtils.java:logGet(43)) - raft.server.write.element-limit = 4096 (default)
2019-09-19 21:57:46,172 [b65e3305-f752-472a-8fac-d0a966ba274f@group-4CE804424AFD:LeaderElection110] INFO  server.RaftServerConfigKeys (ConfUtils.java:logGet(43)) - raft.server.watch.timeout = 10s (default)
2019-09-19 21:57:46,173 [d3ea050d-330d-45e5-8945-53fc2c9ea6b1@group-DAE745381D64:LeaderElection109] INFO  server.RaftServerConfigKeys (ConfUtils.java:logGet(43)) - raft.server.watch.timeout = 10s (default)
2019-09-19 21:57:46,173 [b65e3305-f752-472a-8fac-d0a966ba274f@group-4CE804424AFD:LeaderElection110] INFO  server.RaftServerConfigKeys (ConfUtils.java:logGet(43)) - raft.server.watch.timeout.denomination = 1s (default)
2019-09-19 21:57:46,173 [d3ea050d-330d-45e5-8945-53fc2c9ea6b1@group-DAE745381D64:LeaderElection109] INFO  server.RaftServerConfigKeys (ConfUtils.java:logGet(43)) - raft.server.watch.timeout.denomination = 1s (default)
2019-09-19 21:57:46,173 [b65e3305-f752-472a-8fac-d0a966ba274f@group-4CE804424AFD:LeaderElection110] INFO  server.RaftServerConfigKeys (ConfUtils.java:logGet(43)) - raft.server.watch.element-limit = 65536 (default)
2019-09-19 21:57:46,173 [d3ea050d-330d-45e5-8945-53fc2c9ea6b1@group-DAE745381D64:LeaderElection109] INFO  server.RaftServerConfigKeys (ConfUtils.java:logGet(43)) - raft.server.watch.element-limit = 65536 (default)
2019-09-19 21:57:46,175 [grpc-default-executor-0] INFO  impl.RaftServerImpl (RaftServerImpl.java:setRole(174)) - b65e3305-f752-472a-8fac-d0a966ba274f@group-839CFB3610A3: changes role from  FOLLOWER to FOLLOWER at term 1 for recognizeCandidate:d3ea050d-330d-45e5-8945-53fc2c9ea6b1
2019-09-19 21:57:46,175 [grpc-default-executor-7] INFO  impl.RaftServerImpl (RaftServerImpl.java:setRole(174)) - 8d1d72f7-50a1-491e-ad08-4d5969505416@group-839CFB3610A3: changes role from  FOLLOWER to FOLLOWER at term 1 for recognizeCandidate:d3ea050d-330d-45e5-8945-53fc2c9ea6b1
2019-09-19 21:57:46,175 [grpc-default-executor-0] INFO  impl.RoleInfo (RoleInfo.java:shutdownFollowerState(121)) - b65e3305-f752-472a-8fac-d0a966ba274f: shutdown FollowerState
2019-09-19 21:57:46,176 [grpc-default-executor-7] INFO  impl.RoleInfo (RoleInfo.java:shutdownFollowerState(121)) - 8d1d72f7-50a1-491e-ad08-4d5969505416: shutdown FollowerState
2019-09-19 21:57:46,176 [Thread-4613] INFO  impl.FollowerState (FollowerState.java:run(115)) - b65e3305-f752-472a-8fac-d0a966ba274f: FollowerState was interrupted: java.lang.InterruptedException: sleep interrupted
2019-09-19 21:57:46,176 [grpc-default-executor-0] INFO  impl.RoleInfo (RoleInfo.java:updateAndGet(143)) - b65e3305-f752-472a-8fac-d0a966ba274f: start FollowerState
2019-09-19 21:57:46,176 [Thread-4614] INFO  impl.FollowerState (FollowerState.java:run(115)) - 8d1d72f7-50a1-491e-ad08-4d5969505416: FollowerState was interrupted: java.lang.InterruptedException: sleep interrupted
2019-09-19 21:57:46,176 [grpc-default-executor-7] INFO  impl.RoleInfo (RoleInfo.java:updateAndGet(143)) - 8d1d72f7-50a1-491e-ad08-4d5969505416: start FollowerState
2019-09-19 21:57:46,184 [b65e3305-f752-472a-8fac-d0a966ba274f@group-4CE804424AFD:LeaderElection110] INFO  impl.RoleInfo (RoleInfo.java:updateAndGet(143)) - b65e3305-f752-472a-8fac-d0a966ba274f: start LeaderState
2019-09-19 21:57:46,184 [d3ea050d-330d-45e5-8945-53fc2c9ea6b1@group-DAE745381D64:LeaderElection109] INFO  impl.RoleInfo (RoleInfo.java:updateAndGet(143)) - d3ea050d-330d-45e5-8945-53fc2c9ea6b1: start LeaderState
2019-09-19 21:57:46,184 [d3ea050d-330d-45e5-8945-53fc2c9ea6b1@group-DAE745381D64:LeaderElection109] INFO  segmented.SegmentedRaftLogWorker (SegmentedRaftLogWorker.java:startLogSegment(380)) - d3ea050d-330d-45e5-8945-53fc2c9ea6b1@group-DAE745381D64-SegmentedRaftLogWorker: Starting segment from index:0
2019-09-19 21:57:46,184 [b65e3305-f752-472a-8fac-d0a966ba274f@group-4CE804424AFD:LeaderElection110] INFO  segmented.SegmentedRaftLogWorker (SegmentedRaftLogWorker.java:startLogSegment(380)) - b65e3305-f752-472a-8fac-d0a966ba274f@group-4CE804424AFD-SegmentedRaftLogWorker: Starting segment from index:0
2019-09-19 21:57:46,185 [d3ea050d-330d-45e5-8945-53fc2c9ea6b1@group-DAE745381D64:LeaderElection109] INFO  impl.RaftServerImpl (ServerState.java:setRaftConf(354)) - d3ea050d-330d-45e5-8945-53fc2c9ea6b1@group-DAE745381D64: set configuration 0: [d3ea050d-330d-45e5-8945-53fc2c9ea6b1:192.168.157.232:41304], old=null at 0
2019-09-19 21:57:46,185 [b65e3305-f752-472a-8fac-d0a966ba274f@group-4CE804424AFD:LeaderElection110] INFO  impl.RaftServerImpl (ServerState.java:setRaftConf(354)) - b65e3305-f752-472a-8fac-d0a966ba274f@group-4CE804424AFD: set configuration 0: [b65e3305-f752-472a-8fac-d0a966ba274f:192.168.157.232:36803], old=null at 0
2019-09-19 21:57:46,209 [d3ea050d-330d-45e5-8945-53fc2c9ea6b1@group-839CFB3610A3:LeaderElection111] INFO  impl.LeaderElection (LeaderElection.java:logAndReturn(56)) - d3ea050d-330d-45e5-8945-53fc2c9ea6b1@group-839CFB3610A3:LeaderElection111: Election PASSED; received 1 response(s) [d3ea050d-330d-45e5-8945-53fc2c9ea6b1<-b65e3305-f752-472a-8fac-d0a966ba274f#0:OK-t1] and 0 exception(s); d3ea050d-330d-45e5-8945-53fc2c9ea6b1@group-839CFB3610A3:t1, leader=null, voted=d3ea050d-330d-45e5-8945-53fc2c9ea6b1, raftlog=d3ea050d-330d-45e5-8945-53fc2c9ea6b1@group-839CFB3610A3-SegmentedRaftLog:OPENED:c-1,f-1,i0, conf=-1: [b65e3305-f752-472a-8fac-d0a966ba274f:192.168.157.232:36803, 8d1d72f7-50a1-491e-ad08-4d5969505416:192.168.157.232:39825, d3ea050d-330d-45e5-8945-53fc2c9ea6b1:192.168.157.232:41304], old=null
2019-09-19 21:57:46,209 [d3ea050d-330d-45e5-8945-53fc2c9ea6b1@group-839CFB3610A3:LeaderElection111] INFO  impl.RoleInfo (RoleInfo.java:shutdownLeaderElection(134)) - d3ea050d-330d-45e5-8945-53fc2c9ea6b1: shutdown LeaderElection
2019-09-19 21:57:46,209 [d3ea050d-330d-45e5-8945-53fc2c9ea6b1@group-839CFB3610A3:LeaderElection111] INFO  impl.RaftServerImpl (RaftServerImpl.java:setRole(174)) - d3ea050d-330d-45e5-8945-53fc2c9ea6b1@group-839CFB3610A3: changes role from CANDIDATE to LEADER at term 1 for changeToLeader
2019-09-19 21:57:46,209 [d3ea050d-330d-45e5-8945-53fc2c9ea6b1@group-839CFB3610A3:LeaderElection111] INFO  impl.RaftServerImpl (ServerState.java:setLeader(253)) - d3ea050d-330d-45e5-8945-53fc2c9ea6b1@group-839CFB3610A3: change Leader from null to d3ea050d-330d-45e5-8945-53fc2c9ea6b1 at term 1 for becomeLeader, leader elected after 5093ms
2019-09-19 21:57:46,209 [d3ea050d-330d-45e5-8945-53fc2c9ea6b1@group-839CFB3610A3:LeaderElection111] INFO  server.RaftServerConfigKeys (ConfUtils.java:logGet(43)) - raft.server.staging.catchup.gap = 1000 (default)
2019-09-19 21:57:46,210 [d3ea050d-330d-45e5-8945-53fc2c9ea6b1@group-839CFB3610A3:LeaderElection111] INFO  server.RaftServerConfigKeys (ConfUtils.java:logGet(43)) - raft.server.rpc.sleep.time = 25ms (default)
2019-09-19 21:57:46,210 [d3ea050d-330d-45e5-8945-53fc2c9ea6b1@group-839CFB3610A3:LeaderElection111] INFO  server.RaftServerConfigKeys (ConfUtils.java:logGet(43)) - raft.server.write.element-limit = 4096 (default)
2019-09-19 21:57:46,210 [d3ea050d-330d-45e5-8945-53fc2c9ea6b1@group-839CFB3610A3:LeaderElection111] INFO  server.RaftServerConfigKeys (ConfUtils.java:logGet(43)) - raft.server.watch.timeout = 10s (default)
2019-09-19 21:57:46,210 [d3ea050d-330d-45e5-8945-53fc2c9ea6b1@group-839CFB3610A3:LeaderElection111] INFO  server.RaftServerConfigKeys (ConfUtils.java:logGet(43)) - raft.server.watch.timeout.denomination = 1s (default)
2019-09-19 21:57:46,210 [d3ea050d-330d-45e5-8945-53fc2c9ea6b1@group-839CFB3610A3:LeaderElection111] INFO  server.RaftServerConfigKeys (ConfUtils.java:logGet(43)) - raft.server.watch.element-limit = 65536 (default)
2019-09-19 21:57:46,212 [d3ea050d-330d-45e5-8945-53fc2c9ea6b1@group-839CFB3610A3:LeaderElection111] INFO  server.RaftServerConfigKeys (ConfUtils.java:logGet(43)) - raft.server.log.appender.snapshot.chunk.size.max = 16MB (=16777216) (default)
2019-09-19 21:57:46,213 [d3ea050d-330d-45e5-8945-53fc2c9ea6b1@group-839CFB3610A3:LeaderElection111] INFO  server.RaftServerConfigKeys (ConfUtils.java:logGet(43)) - raft.server.log.appender.buffer.byte-limit = 33554432 (custom)
2019-09-19 21:57:46,213 [d3ea050d-330d-45e5-8945-53fc2c9ea6b1@group-839CFB3610A3:LeaderElection111] INFO  server.RaftServerConfigKeys (ConfUtils.java:logGet(43)) - raft.server.log.appender.buffer.element-limit = 1 (custom)
2019-09-19 21:57:46,213 [d3ea050d-330d-45e5-8945-53fc2c9ea6b1@group-839CFB3610A3:LeaderElection111] INFO  grpc.GrpcConfigKeys$Server (ConfUtils.java:logGet(43)) - raft.grpc.server.leader.outstanding.appends.max = 128 (default)
2019-09-19 21:57:46,213 [d3ea050d-330d-45e5-8945-53fc2c9ea6b1@group-839CFB3610A3:LeaderElection111] INFO  server.RaftServerConfigKeys (ConfUtils.java:logGet(43)) - raft.server.rpc.request.timeout = 3000ms (default)
2019-09-19 21:57:46,214 [d3ea050d-330d-45e5-8945-53fc2c9ea6b1@group-839CFB3610A3:LeaderElection111] INFO  server.RaftServerConfigKeys (ConfUtils.java:logGet(43)) - raft.server.log.appender.install.snapshot.enabled = false (custom)
2019-09-19 21:57:46,214 [d3ea050d-330d-45e5-8945-53fc2c9ea6b1@group-839CFB3610A3:LeaderElection111] INFO  server.RaftServerConfigKeys (ConfUtils.java:logGet(43)) - raft.server.log.appender.snapshot.chunk.size.max = 16MB (=16777216) (default)
2019-09-19 21:57:46,214 [d3ea050d-330d-45e5-8945-53fc2c9ea6b1@group-839CFB3610A3:LeaderElection111] INFO  server.RaftServerConfigKeys (ConfUtils.java:logGet(43)) - raft.server.log.appender.buffer.byte-limit = 33554432 (custom)
2019-09-19 21:57:46,214 [d3ea050d-330d-45e5-8945-53fc2c9ea6b1@group-839CFB3610A3:LeaderElection111] INFO  server.RaftServerConfigKeys (ConfUtils.java:logGet(43)) - raft.server.log.appender.buffer.element-limit = 1 (custom)
2019-09-19 21:57:46,214 [d3ea050d-330d-45e5-8945-53fc2c9ea6b1@group-839CFB3610A3:LeaderElection111] INFO  grpc.GrpcConfigKeys$Server (ConfUtils.java:logGet(43)) - raft.grpc.server.leader.outstanding.appends.max = 128 (default)
2019-09-19 21:57:46,214 [d3ea050d-330d-45e5-8945-53fc2c9ea6b1@group-839CFB3610A3:LeaderElection111] INFO  server.RaftServerConfigKeys (ConfUtils.java:logGet(43)) - raft.server.rpc.request.timeout = 3000ms (default)
2019-09-19 21:57:46,215 [d3ea050d-330d-45e5-8945-53fc2c9ea6b1@group-839CFB3610A3:LeaderElection111] INFO  server.RaftServerConfigKeys (ConfUtils.java:logGet(43)) - raft.server.log.appender.install.snapshot.enabled = false (custom)
2019-09-19 21:57:46,215 [d3ea050d-330d-45e5-8945-53fc2c9ea6b1@group-839CFB3610A3:LeaderElection111] INFO  impl.RoleInfo (RoleInfo.java:updateAndGet(143)) - d3ea050d-330d-45e5-8945-53fc2c9ea6b1: start LeaderState
2019-09-19 21:57:46,215 [d3ea050d-330d-45e5-8945-53fc2c9ea6b1@group-839CFB3610A3:LeaderElection111] INFO  segmented.SegmentedRaftLogWorker (SegmentedRaftLogWorker.java:startLogSegment(380)) - d3ea050d-330d-45e5-8945-53fc2c9ea6b1@group-839CFB3610A3-SegmentedRaftLogWorker: Starting segment from index:0
2019-09-19 21:57:46,216 [d3ea050d-330d-45e5-8945-53fc2c9ea6b1@group-839CFB3610A3:LeaderElection111] INFO  impl.RaftServerImpl (ServerState.java:setRaftConf(354)) - d3ea050d-330d-45e5-8945-53fc2c9ea6b1@group-839CFB3610A3: set configuration 0: [b65e3305-f752-472a-8fac-d0a966ba274f:192.168.157.232:36803, 8d1d72f7-50a1-491e-ad08-4d5969505416:192.168.157.232:39825, d3ea050d-330d-45e5-8945-53fc2c9ea6b1:192.168.157.232:41304], old=null at 0
2019-09-19 21:57:46,217 [grpc-default-executor-0] INFO  impl.RaftServerImpl (ServerState.java:setLeader(253)) - b65e3305-f752-472a-8fac-d0a966ba274f@group-839CFB3610A3: change Leader from null to d3ea050d-330d-45e5-8945-53fc2c9ea6b1 at term 1 for appendEntries, leader elected after 5095ms
2019-09-19 21:57:46,250 [Thread-4618] INFO  impl.FollowerState (FollowerState.java:run(106)) - 38403d94-8e42-496f-83ea-8c437680f4f4:group-0FA218B273D1 changes to CANDIDATE, lastRpcTime:5024, electionTimeout:5021ms
2019-09-19 21:57:46,254 [Thread-4618] INFO  impl.RoleInfo (RoleInfo.java:shutdownFollowerState(121)) - 38403d94-8e42-496f-83ea-8c437680f4f4: shutdown FollowerState
2019-09-19 21:57:46,254 [Thread-4618] INFO  impl.RaftServerImpl (RaftServerImpl.java:setRole(174)) - 38403d94-8e42-496f-83ea-8c437680f4f4@group-0FA218B273D1: changes role from  FOLLOWER to CANDIDATE at term 0 for changeToCandidate
2019-09-19 21:57:46,254 [grpc-default-executor-7] INFO  impl.RaftServerImpl (ServerState.java:setLeader(253)) - 8d1d72f7-50a1-491e-ad08-4d5969505416@group-839CFB3610A3: change Leader from null to d3ea050d-330d-45e5-8945-53fc2c9ea6b1 at term 1 for appendEntries, leader elected after 5133ms
2019-09-19 21:57:46,255 [Thread-4618] INFO  impl.RoleInfo (RoleInfo.java:updateAndGet(143)) - 38403d94-8e42-496f-83ea-8c437680f4f4: start LeaderElection
2019-09-19 21:57:46,266 [d3ea050d-330d-45e5-8945-53fc2c9ea6b1@group-DAE745381D64-SegmentedRaftLogWorker] INFO  segmented.SegmentedRaftLogWorker (SegmentedRaftLogWorker.java:execute(569)) - d3ea050d-330d-45e5-8945-53fc2c9ea6b1@group-DAE745381D64-SegmentedRaftLogWorker: created new log segment /workdir/hadoop-ozone/integration-test/target/test-dir/MiniOzoneClusterImpl-fb7eb67c-97b9-49f2-b2a6-bf5c6712e8c0/datanode-1/data/ratis/7a2697f2-b34d-45d7-b371-dae745381d64/current/log_inprogress_0
2019-09-19 21:57:46,267 [b65e3305-f752-472a-8fac-d0a966ba274f@group-4CE804424AFD-SegmentedRaftLogWorker] INFO  segmented.SegmentedRaftLogWorker (SegmentedRaftLogWorker.java:execute(569)) - b65e3305-f752-472a-8fac-d0a966ba274f@group-4CE804424AFD-SegmentedRaftLogWorker: created new log segment /workdir/hadoop-ozone/integration-test/target/test-dir/MiniOzoneClusterImpl-fb7eb67c-97b9-49f2-b2a6-bf5c6712e8c0/datanode-0/data/ratis/1b4192fa-19b8-4a23-8bbf-4ce804424afd/current/log_inprogress_0
2019-09-19 21:57:46,266 [d3ea050d-330d-45e5-8945-53fc2c9ea6b1@group-839CFB3610A3-SegmentedRaftLogWorker] INFO  segmented.SegmentedRaftLogWorker (SegmentedRaftLogWorker.java:execute(569)) - d3ea050d-330d-45e5-8945-53fc2c9ea6b1@group-839CFB3610A3-SegmentedRaftLogWorker: created new log segment /workdir/hadoop-ozone/integration-test/target/test-dir/MiniOzoneClusterImpl-fb7eb67c-97b9-49f2-b2a6-bf5c6712e8c0/datanode-1/data/ratis/92a7349c-cf6e-4788-9689-839cfb3610a3/current/log_inprogress_0
2019-09-19 21:57:46,267 [Thread-4606] INFO  impl.FollowerState (FollowerState.java:run(106)) - 8d1d72f7-50a1-491e-ad08-4d5969505416:group-4B7126239BEB changes to CANDIDATE, lastRpcTime:5178, electionTimeout:5178ms
2019-09-19 21:57:46,267 [grpc-default-executor-0] INFO  impl.RaftServerImpl (ServerState.java:setRaftConf(354)) - b65e3305-f752-472a-8fac-d0a966ba274f@group-839CFB3610A3: set configuration 0: [b65e3305-f752-472a-8fac-d0a966ba274f:192.168.157.232:36803, 8d1d72f7-50a1-491e-ad08-4d5969505416:192.168.157.232:39825, d3ea050d-330d-45e5-8945-53fc2c9ea6b1:192.168.157.232:41304], old=null at 0
2019-09-19 21:57:46,267 [Thread-4606] INFO  impl.RoleInfo (RoleInfo.java:shutdownFollowerState(121)) - 8d1d72f7-50a1-491e-ad08-4d5969505416: shutdown FollowerState
2019-09-19 21:57:46,267 [grpc-default-executor-0] INFO  segmented.SegmentedRaftLogWorker (SegmentedRaftLogWorker.java:startLogSegment(380)) - b65e3305-f752-472a-8fac-d0a966ba274f@group-839CFB3610A3-SegmentedRaftLogWorker: Starting segment from index:0
2019-09-19 21:57:46,267 [grpc-default-executor-7] INFO  impl.RaftServerImpl (ServerState.java:setRaftConf(354)) - 8d1d72f7-50a1-491e-ad08-4d5969505416@group-839CFB3610A3: set configuration 0: [b65e3305-f752-472a-8fac-d0a966ba274f:192.168.157.232:36803, 8d1d72f7-50a1-491e-ad08-4d5969505416:192.168.157.232:39825, d3ea050d-330d-45e5-8945-53fc2c9ea6b1:192.168.157.232:41304], old=null at 0
2019-09-19 21:57:46,267 [Thread-4606] INFO  impl.RaftServerImpl (RaftServerImpl.java:setRole(174)) - 8d1d72f7-50a1-491e-ad08-4d5969505416@group-4B7126239BEB: changes role from  FOLLOWER to CANDIDATE at term 0 for changeToCandidate
2019-09-19 21:57:46,268 [grpc-default-executor-7] INFO  segmented.SegmentedRaftLogWorker (SegmentedRaftLogWorker.java:startLogSegment(380)) - 8d1d72f7-50a1-491e-ad08-4d5969505416@group-839CFB3610A3-SegmentedRaftLogWorker: Starting segment from index:0
2019-09-19 21:57:46,268 [Thread-4606] INFO  impl.RoleInfo (RoleInfo.java:updateAndGet(143)) - 8d1d72f7-50a1-491e-ad08-4d5969505416: start LeaderElection
2019-09-19 21:57:46,303 [38403d94-8e42-496f-83ea-8c437680f4f4@group-0FA218B273D1:LeaderElection112] INFO  impl.LeaderElection (LeaderElection.java:askForVotes(182)) - 38403d94-8e42-496f-83ea-8c437680f4f4@group-0FA218B273D1:LeaderElection112: begin an election at term 1 for -1: [38403d94-8e42-496f-83ea-8c437680f4f4:192.168.157.232:35432], old=null
2019-09-19 21:57:46,303 [38403d94-8e42-496f-83ea-8c437680f4f4@group-0FA218B273D1:LeaderElection112] INFO  impl.RoleInfo (RoleInfo.java:shutdownLeaderElection(134)) - 38403d94-8e42-496f-83ea-8c437680f4f4: shutdown LeaderElection
2019-09-19 21:57:46,303 [38403d94-8e42-496f-83ea-8c437680f4f4@group-0FA218B273D1:LeaderElection112] INFO  impl.RaftServerImpl (RaftServerImpl.java:setRole(174)) - 38403d94-8e42-496f-83ea-8c437680f4f4@group-0FA218B273D1: changes role from CANDIDATE to LEADER at term 1 for changeToLeader
2019-09-19 21:57:46,310 [38403d94-8e42-496f-83ea-8c437680f4f4@group-0FA218B273D1:LeaderElection112] INFO  impl.RaftServerImpl (ServerState.java:setLeader(253)) - 38403d94-8e42-496f-83ea-8c437680f4f4@group-0FA218B273D1: change Leader from null to 38403d94-8e42-496f-83ea-8c437680f4f4 at term 1 for becomeLeader, leader elected after 5090ms
2019-09-19 21:57:46,310 [38403d94-8e42-496f-83ea-8c437680f4f4@group-0FA218B273D1:LeaderElection112] INFO  server.RaftServerConfigKeys (ConfUtils.java:logGet(43)) - raft.server.staging.catchup.gap = 1000 (default)
2019-09-19 21:57:46,310 [38403d94-8e42-496f-83ea-8c437680f4f4@group-0FA218B273D1:LeaderElection112] INFO  server.RaftServerConfigKeys (ConfUtils.java:logGet(43)) - raft.server.rpc.sleep.time = 25ms (default)
2019-09-19 21:57:46,311 [38403d94-8e42-496f-83ea-8c437680f4f4@group-0FA218B273D1:LeaderElection112] INFO  server.RaftServerConfigKeys (ConfUtils.java:logGet(43)) - raft.server.write.element-limit = 4096 (default)
2019-09-19 21:57:46,311 [38403d94-8e42-496f-83ea-8c437680f4f4@group-0FA218B273D1:LeaderElection112] INFO  server.RaftServerConfigKeys (ConfUtils.java:logGet(43)) - raft.server.watch.timeout = 10s (default)
2019-09-19 21:57:46,311 [38403d94-8e42-496f-83ea-8c437680f4f4@group-0FA218B273D1:LeaderElection112] INFO  server.RaftServerConfigKeys (ConfUtils.java:logGet(43)) - raft.server.watch.timeout.denomination = 1s (default)
2019-09-19 21:57:46,311 [38403d94-8e42-496f-83ea-8c437680f4f4@group-0FA218B273D1:LeaderElection112] INFO  server.RaftServerConfigKeys (ConfUtils.java:logGet(43)) - raft.server.watch.element-limit = 65536 (default)
2019-09-19 21:57:46,313 [38403d94-8e42-496f-83ea-8c437680f4f4@group-0FA218B273D1:LeaderElection112] INFO  impl.RoleInfo (RoleInfo.java:updateAndGet(143)) - 38403d94-8e42-496f-83ea-8c437680f4f4: start LeaderState
2019-09-19 21:57:46,313 [38403d94-8e42-496f-83ea-8c437680f4f4@group-0FA218B273D1:LeaderElection112] INFO  segmented.SegmentedRaftLogWorker (SegmentedRaftLogWorker.java:startLogSegment(380)) - 38403d94-8e42-496f-83ea-8c437680f4f4@group-0FA218B273D1-SegmentedRaftLogWorker: Starting segment from index:0
2019-09-19 21:57:46,314 [38403d94-8e42-496f-83ea-8c437680f4f4@group-0FA218B273D1:LeaderElection112] INFO  impl.RaftServerImpl (ServerState.java:setRaftConf(354)) - 38403d94-8e42-496f-83ea-8c437680f4f4@group-0FA218B273D1: set configuration 0: [38403d94-8e42-496f-83ea-8c437680f4f4:192.168.157.232:35432], old=null at 0
2019-09-19 21:57:46,316 [b65e3305-f752-472a-8fac-d0a966ba274f@group-839CFB3610A3-SegmentedRaftLogWorker] INFO  segmented.SegmentedRaftLogWorker (SegmentedRaftLogWorker.java:execute(569)) - b65e3305-f752-472a-8fac-d0a966ba274f@group-839CFB3610A3-SegmentedRaftLogWorker: created new log segment /workdir/hadoop-ozone/integration-test/target/test-dir/MiniOzoneClusterImpl-fb7eb67c-97b9-49f2-b2a6-bf5c6712e8c0/datanode-0/data/ratis/92a7349c-cf6e-4788-9689-839cfb3610a3/current/log_inprogress_0
2019-09-19 21:57:46,316 [8d1d72f7-50a1-491e-ad08-4d5969505416@group-4B7126239BEB:LeaderElection113] INFO  impl.LeaderElection (LeaderElection.java:askForVotes(182)) - 8d1d72f7-50a1-491e-ad08-4d5969505416@group-4B7126239BEB:LeaderElection113: begin an election at term 1 for -1: [8d1d72f7-50a1-491e-ad08-4d5969505416:192.168.157.232:39825], old=null
2019-09-19 21:57:46,316 [8d1d72f7-50a1-491e-ad08-4d5969505416@group-4B7126239BEB:LeaderElection113] INFO  impl.RoleInfo (RoleInfo.java:shutdownLeaderElection(134)) - 8d1d72f7-50a1-491e-ad08-4d5969505416: shutdown LeaderElection
2019-09-19 21:57:46,316 [8d1d72f7-50a1-491e-ad08-4d5969505416@group-4B7126239BEB:LeaderElection113] INFO  impl.RaftServerImpl (RaftServerImpl.java:setRole(174)) - 8d1d72f7-50a1-491e-ad08-4d5969505416@group-4B7126239BEB: changes role from CANDIDATE to LEADER at term 1 for changeToLeader
2019-09-19 21:57:46,316 [8d1d72f7-50a1-491e-ad08-4d5969505416@group-4B7126239BEB:LeaderElection113] INFO  impl.RaftServerImpl (ServerState.java:setLeader(253)) - 8d1d72f7-50a1-491e-ad08-4d5969505416@group-4B7126239BEB: change Leader from null to 8d1d72f7-50a1-491e-ad08-4d5969505416 at term 1 for becomeLeader, leader elected after 5231ms
2019-09-19 21:57:46,317 [8d1d72f7-50a1-491e-ad08-4d5969505416@group-4B7126239BEB:LeaderElection113] INFO  server.RaftServerConfigKeys (ConfUtils.java:logGet(43)) - raft.server.staging.catchup.gap = 1000 (default)
2019-09-19 21:57:46,317 [8d1d72f7-50a1-491e-ad08-4d5969505416@group-4B7126239BEB:LeaderElection113] INFO  server.RaftServerConfigKeys (ConfUtils.java:logGet(43)) - raft.server.rpc.sleep.time = 25ms (default)
2019-09-19 21:57:46,317 [8d1d72f7-50a1-491e-ad08-4d5969505416@group-4B7126239BEB:LeaderElection113] INFO  server.RaftServerConfigKeys (ConfUtils.java:logGet(43)) - raft.server.write.element-limit = 4096 (default)
2019-09-19 21:57:46,317 [8d1d72f7-50a1-491e-ad08-4d5969505416@group-4B7126239BEB:LeaderElection113] INFO  server.RaftServerConfigKeys (ConfUtils.java:logGet(43)) - raft.server.watch.timeout = 10s (default)
2019-09-19 21:57:46,317 [8d1d72f7-50a1-491e-ad08-4d5969505416@group-4B7126239BEB:LeaderElection113] INFO  server.RaftServerConfigKeys (ConfUtils.java:logGet(43)) - raft.server.watch.timeout.denomination = 1s (default)
2019-09-19 21:57:46,317 [8d1d72f7-50a1-491e-ad08-4d5969505416@group-4B7126239BEB:LeaderElection113] INFO  server.RaftServerConfigKeys (ConfUtils.java:logGet(43)) - raft.server.watch.element-limit = 65536 (default)
2019-09-19 21:57:46,319 [8d1d72f7-50a1-491e-ad08-4d5969505416@group-4B7126239BEB:LeaderElection113] INFO  impl.RoleInfo (RoleInfo.java:updateAndGet(143)) - 8d1d72f7-50a1-491e-ad08-4d5969505416: start LeaderState
2019-09-19 21:57:46,319 [8d1d72f7-50a1-491e-ad08-4d5969505416@group-4B7126239BEB:LeaderElection113] INFO  segmented.SegmentedRaftLogWorker (SegmentedRaftLogWorker.java:startLogSegment(380)) - 8d1d72f7-50a1-491e-ad08-4d5969505416@group-4B7126239BEB-SegmentedRaftLogWorker: Starting segment from index:0
2019-09-19 21:57:46,320 [8d1d72f7-50a1-491e-ad08-4d5969505416@group-4B7126239BEB:LeaderElection113] INFO  impl.RaftServerImpl (ServerState.java:setRaftConf(354)) - 8d1d72f7-50a1-491e-ad08-4d5969505416@group-4B7126239BEB: set configuration 0: [8d1d72f7-50a1-491e-ad08-4d5969505416:192.168.157.232:39825], old=null at 0
2019-09-19 21:57:46,346 [8d1d72f7-50a1-491e-ad08-4d5969505416@group-839CFB3610A3-SegmentedRaftLogWorker] INFO  segmented.SegmentedRaftLogWorker (SegmentedRaftLogWorker.java:execute(569)) - 8d1d72f7-50a1-491e-ad08-4d5969505416@group-839CFB3610A3-SegmentedRaftLogWorker: created new log segment /workdir/hadoop-ozone/integration-test/target/test-dir/MiniOzoneClusterImpl-fb7eb67c-97b9-49f2-b2a6-bf5c6712e8c0/datanode-2/data/ratis/92a7349c-cf6e-4788-9689-839cfb3610a3/current/log_inprogress_0
2019-09-19 21:57:46,352 [8d1d72f7-50a1-491e-ad08-4d5969505416@group-4B7126239BEB-SegmentedRaftLogWorker] INFO  segmented.SegmentedRaftLogWorker (SegmentedRaftLogWorker.java:execute(569)) - 8d1d72f7-50a1-491e-ad08-4d5969505416@group-4B7126239BEB-SegmentedRaftLogWorker: created new log segment /workdir/hadoop-ozone/integration-test/target/test-dir/MiniOzoneClusterImpl-fb7eb67c-97b9-49f2-b2a6-bf5c6712e8c0/datanode-2/data/ratis/95063c14-993f-4ae7-b5a7-4b7126239beb/current/log_inprogress_0
2019-09-19 21:57:46,359 [38403d94-8e42-496f-83ea-8c437680f4f4@group-0FA218B273D1-SegmentedRaftLogWorker] INFO  segmented.SegmentedRaftLogWorker (SegmentedRaftLogWorker.java:execute(569)) - 38403d94-8e42-496f-83ea-8c437680f4f4@group-0FA218B273D1-SegmentedRaftLogWorker: created new log segment /workdir/hadoop-ozone/integration-test/target/test-dir/MiniOzoneClusterImpl-fb7eb67c-97b9-49f2-b2a6-bf5c6712e8c0/datanode-4/data/ratis/3387ac30-1069-4231-9dff-0fa218b273d1/current/log_inprogress_0
2019-09-19 21:57:46,392 [Thread-4624] INFO  impl.FollowerState (FollowerState.java:run(106)) - e51f7a00-4888-490c-aa50-986bb4a7b39b:group-F3CF3AB6ED74 changes to CANDIDATE, lastRpcTime:5098, electionTimeout:5098ms
2019-09-19 21:57:46,392 [Thread-4624] INFO  impl.RoleInfo (RoleInfo.java:shutdownFollowerState(121)) - e51f7a00-4888-490c-aa50-986bb4a7b39b: shutdown FollowerState
2019-09-19 21:57:46,392 [Thread-4624] INFO  impl.RaftServerImpl (RaftServerImpl.java:setRole(174)) - e51f7a00-4888-490c-aa50-986bb4a7b39b@group-F3CF3AB6ED74: changes role from  FOLLOWER to CANDIDATE at term 0 for changeToCandidate
2019-09-19 21:57:46,392 [Thread-4624] INFO  impl.RoleInfo (RoleInfo.java:updateAndGet(143)) - e51f7a00-4888-490c-aa50-986bb4a7b39b: start LeaderElection
2019-09-19 21:57:46,400 [Thread-4621] INFO  impl.FollowerState (FollowerState.java:run(106)) - 3e5fa3fc-d239-4b30-ad77-e8b793221ddf:group-C95FD1007AC4 changes to CANDIDATE, lastRpcTime:5149, electionTimeout:5145ms
2019-09-19 21:57:46,400 [Thread-4621] INFO  impl.RoleInfo (RoleInfo.java:shutdownFollowerState(121)) - 3e5fa3fc-d239-4b30-ad77-e8b793221ddf: shutdown FollowerState
2019-09-19 21:57:46,400 [Thread-4621] INFO  impl.RaftServerImpl (RaftServerImpl.java:setRole(174)) - 3e5fa3fc-d239-4b30-ad77-e8b793221ddf@group-C95FD1007AC4: changes role from  FOLLOWER to CANDIDATE at term 0 for changeToCandidate
2019-09-19 21:57:46,401 [Thread-4621] INFO  impl.RoleInfo (RoleInfo.java:updateAndGet(143)) - 3e5fa3fc-d239-4b30-ad77-e8b793221ddf: start LeaderElection
2019-09-19 21:57:46,414 [e51f7a00-4888-490c-aa50-986bb4a7b39b@group-F3CF3AB6ED74:LeaderElection114] INFO  impl.LeaderElection (LeaderElection.java:askForVotes(182)) - e51f7a00-4888-490c-aa50-986bb4a7b39b@group-F3CF3AB6ED74:LeaderElection114: begin an election at term 1 for -1: [e51f7a00-4888-490c-aa50-986bb4a7b39b:192.168.157.232:39792], old=null
2019-09-19 21:57:46,414 [3e5fa3fc-d239-4b30-ad77-e8b793221ddf@group-C95FD1007AC4:LeaderElection115] INFO  impl.LeaderElection (LeaderElection.java:askForVotes(182)) - 3e5fa3fc-d239-4b30-ad77-e8b793221ddf@group-C95FD1007AC4:LeaderElection115: begin an election at term 1 for -1: [3e5fa3fc-d239-4b30-ad77-e8b793221ddf:192.168.157.232:46026], old=null
2019-09-19 21:57:46,414 [e51f7a00-4888-490c-aa50-986bb4a7b39b@group-F3CF3AB6ED74:LeaderElection114] INFO  impl.RoleInfo (RoleInfo.java:shutdownLeaderElection(134)) - e51f7a00-4888-490c-aa50-986bb4a7b39b: shutdown LeaderElection
2019-09-19 21:57:46,414 [3e5fa3fc-d239-4b30-ad77-e8b793221ddf@group-C95FD1007AC4:LeaderElection115] INFO  impl.RoleInfo (RoleInfo.java:shutdownLeaderElection(134)) - 3e5fa3fc-d239-4b30-ad77-e8b793221ddf: shutdown LeaderElection
2019-09-19 21:57:46,414 [e51f7a00-4888-490c-aa50-986bb4a7b39b@group-F3CF3AB6ED74:LeaderElection114] INFO  impl.RaftServerImpl (RaftServerImpl.java:setRole(174)) - e51f7a00-4888-490c-aa50-986bb4a7b39b@group-F3CF3AB6ED74: changes role from CANDIDATE to LEADER at term 1 for changeToLeader
2019-09-19 21:57:46,414 [3e5fa3fc-d239-4b30-ad77-e8b793221ddf@group-C95FD1007AC4:LeaderElection115] INFO  impl.RaftServerImpl (RaftServerImpl.java:setRole(174)) - 3e5fa3fc-d239-4b30-ad77-e8b793221ddf@group-C95FD1007AC4: changes role from CANDIDATE to LEADER at term 1 for changeToLeader
2019-09-19 21:57:46,415 [e51f7a00-4888-490c-aa50-986bb4a7b39b@group-F3CF3AB6ED74:LeaderElection114] INFO  impl.RaftServerImpl (ServerState.java:setLeader(253)) - e51f7a00-4888-490c-aa50-986bb4a7b39b@group-F3CF3AB6ED74: change Leader from null to e51f7a00-4888-490c-aa50-986bb4a7b39b at term 1 for becomeLeader, leader elected after 5128ms
2019-09-19 21:57:46,415 [3e5fa3fc-d239-4b30-ad77-e8b793221ddf@group-C95FD1007AC4:LeaderElection115] INFO  impl.RaftServerImpl (ServerState.java:setLeader(253)) - 3e5fa3fc-d239-4b30-ad77-e8b793221ddf@group-C95FD1007AC4: change Leader from null to 3e5fa3fc-d239-4b30-ad77-e8b793221ddf at term 1 for becomeLeader, leader elected after 5171ms
2019-09-19 21:57:46,415 [e51f7a00-4888-490c-aa50-986bb4a7b39b@group-F3CF3AB6ED74:LeaderElection114] INFO  server.RaftServerConfigKeys (ConfUtils.java:logGet(43)) - raft.server.staging.catchup.gap = 1000 (default)
2019-09-19 21:57:46,415 [3e5fa3fc-d239-4b30-ad77-e8b793221ddf@group-C95FD1007AC4:LeaderElection115] INFO  server.RaftServerConfigKeys (ConfUtils.java:logGet(43)) - raft.server.staging.catchup.gap = 1000 (default)
2019-09-19 21:57:46,415 [e51f7a00-4888-490c-aa50-986bb4a7b39b@group-F3CF3AB6ED74:LeaderElection114] INFO  server.RaftServerConfigKeys (ConfUtils.java:logGet(43)) - raft.server.rpc.sleep.time = 25ms (default)
2019-09-19 21:57:46,415 [3e5fa3fc-d239-4b30-ad77-e8b793221ddf@group-C95FD1007AC4:LeaderElection115] INFO  server.RaftServerConfigKeys (ConfUtils.java:logGet(43)) - raft.server.rpc.sleep.time = 25ms (default)
2019-09-19 21:57:46,415 [e51f7a00-4888-490c-aa50-986bb4a7b39b@group-F3CF3AB6ED74:LeaderElection114] INFO  server.RaftServerConfigKeys (ConfUtils.java:logGet(43)) - raft.server.write.element-limit = 4096 (default)
2019-09-19 21:57:46,415 [3e5fa3fc-d239-4b30-ad77-e8b793221ddf@group-C95FD1007AC4:LeaderElection115] INFO  server.RaftServerConfigKeys (ConfUtils.java:logGet(43)) - raft.server.write.element-limit = 4096 (default)
2019-09-19 21:57:46,416 [e51f7a00-4888-490c-aa50-986bb4a7b39b@group-F3CF3AB6ED74:LeaderElection114] INFO  server.RaftServerConfigKeys (ConfUtils.java:logGet(43)) - raft.server.watch.timeout = 10s (default)
2019-09-19 21:57:46,416 [3e5fa3fc-d239-4b30-ad77-e8b793221ddf@group-C95FD1007AC4:LeaderElection115] INFO  server.RaftServerConfigKeys (ConfUtils.java:logGet(43)) - raft.server.watch.timeout = 10s (default)
2019-09-19 21:57:46,416 [e51f7a00-4888-490c-aa50-986bb4a7b39b@group-F3CF3AB6ED74:LeaderElection114] INFO  server.RaftServerConfigKeys (ConfUtils.java:logGet(43)) - raft.server.watch.timeout.denomination = 1s (default)
2019-09-19 21:57:46,416 [3e5fa3fc-d239-4b30-ad77-e8b793221ddf@group-C95FD1007AC4:LeaderElection115] INFO  server.RaftServerConfigKeys (ConfUtils.java:logGet(43)) - raft.server.watch.timeout.denomination = 1s (default)
2019-09-19 21:57:46,416 [e51f7a00-4888-490c-aa50-986bb4a7b39b@group-F3CF3AB6ED74:LeaderElection114] INFO  server.RaftServerConfigKeys (ConfUtils.java:logGet(43)) - raft.server.watch.element-limit = 65536 (default)
2019-09-19 21:57:46,416 [3e5fa3fc-d239-4b30-ad77-e8b793221ddf@group-C95FD1007AC4:LeaderElection115] INFO  server.RaftServerConfigKeys (ConfUtils.java:logGet(43)) - raft.server.watch.element-limit = 65536 (default)
2019-09-19 21:57:46,419 [e51f7a00-4888-490c-aa50-986bb4a7b39b@group-F3CF3AB6ED74:LeaderElection114] INFO  impl.RoleInfo (RoleInfo.java:updateAndGet(143)) - e51f7a00-4888-490c-aa50-986bb4a7b39b: start LeaderState
2019-09-19 21:57:46,419 [e51f7a00-4888-490c-aa50-986bb4a7b39b@group-F3CF3AB6ED74:LeaderElection114] INFO  segmented.SegmentedRaftLogWorker (SegmentedRaftLogWorker.java:startLogSegment(380)) - e51f7a00-4888-490c-aa50-986bb4a7b39b@group-F3CF3AB6ED74-SegmentedRaftLogWorker: Starting segment from index:0
2019-09-19 21:57:46,419 [3e5fa3fc-d239-4b30-ad77-e8b793221ddf@group-C95FD1007AC4:LeaderElection115] INFO  impl.RoleInfo (RoleInfo.java:updateAndGet(143)) - 3e5fa3fc-d239-4b30-ad77-e8b793221ddf: start LeaderState
2019-09-19 21:57:46,419 [3e5fa3fc-d239-4b30-ad77-e8b793221ddf@group-C95FD1007AC4:LeaderElection115] INFO  segmented.SegmentedRaftLogWorker (SegmentedRaftLogWorker.java:startLogSegment(380)) - 3e5fa3fc-d239-4b30-ad77-e8b793221ddf@group-C95FD1007AC4-SegmentedRaftLogWorker: Starting segment from index:0
2019-09-19 21:57:46,419 [e51f7a00-4888-490c-aa50-986bb4a7b39b@group-F3CF3AB6ED74:LeaderElection114] INFO  impl.RaftServerImpl (ServerState.java:setRaftConf(354)) - e51f7a00-4888-490c-aa50-986bb4a7b39b@group-F3CF3AB6ED74: set configuration 0: [e51f7a00-4888-490c-aa50-986bb4a7b39b:192.168.157.232:39792], old=null at 0
2019-09-19 21:57:46,420 [3e5fa3fc-d239-4b30-ad77-e8b793221ddf@group-C95FD1007AC4:LeaderElection115] INFO  impl.RaftServerImpl (ServerState.java:setRaftConf(354)) - 3e5fa3fc-d239-4b30-ad77-e8b793221ddf@group-C95FD1007AC4: set configuration 0: [3e5fa3fc-d239-4b30-ad77-e8b793221ddf:192.168.157.232:46026], old=null at 0
2019-09-19 21:57:46,435 [Thread-4633] INFO  impl.FollowerState (FollowerState.java:run(106)) - 3e5fa3fc-d239-4b30-ad77-e8b793221ddf:group-4F8965703114 changes to CANDIDATE, lastRpcTime:5060, electionTimeout:5058ms
2019-09-19 21:57:46,435 [Thread-4633] INFO  impl.RoleInfo (RoleInfo.java:shutdownFollowerState(121)) - 3e5fa3fc-d239-4b30-ad77-e8b793221ddf: shutdown FollowerState
2019-09-19 21:57:46,435 [Thread-4633] INFO  impl.RaftServerImpl (RaftServerImpl.java:setRole(174)) - 3e5fa3fc-d239-4b30-ad77-e8b793221ddf@group-4F8965703114: changes role from  FOLLOWER to CANDIDATE at term 0 for changeToCandidate
2019-09-19 21:57:46,435 [Thread-4633] INFO  impl.RoleInfo (RoleInfo.java:updateAndGet(143)) - 3e5fa3fc-d239-4b30-ad77-e8b793221ddf: start LeaderElection
2019-09-19 21:57:46,474 [Thread-4634] INFO  impl.FollowerState (FollowerState.java:run(106)) - e51f7a00-4888-490c-aa50-986bb4a7b39b:group-4F8965703114 changes to CANDIDATE, lastRpcTime:5097, electionTimeout:5097ms
2019-09-19 21:57:46,474 [Thread-4634] INFO  impl.RoleInfo (RoleInfo.java:shutdownFollowerState(121)) - e51f7a00-4888-490c-aa50-986bb4a7b39b: shutdown FollowerState
2019-09-19 21:57:46,474 [Thread-4634] INFO  impl.RaftServerImpl (RaftServerImpl.java:setRole(174)) - e51f7a00-4888-490c-aa50-986bb4a7b39b@group-4F8965703114: changes role from  FOLLOWER to CANDIDATE at term 0 for changeToCandidate
2019-09-19 21:57:46,474 [Thread-4634] INFO  impl.RoleInfo (RoleInfo.java:updateAndGet(143)) - e51f7a00-4888-490c-aa50-986bb4a7b39b: start LeaderElection
2019-09-19 21:57:46,481 [Thread-4629] INFO  impl.FollowerState (FollowerState.java:run(106)) - 38403d94-8e42-496f-83ea-8c437680f4f4:group-4F8965703114 changes to CANDIDATE, lastRpcTime:5112, electionTimeout:5112ms
2019-09-19 21:57:46,481 [Thread-4629] INFO  impl.RoleInfo (RoleInfo.java:shutdownFollowerState(121)) - 38403d94-8e42-496f-83ea-8c437680f4f4: shutdown FollowerState
2019-09-19 21:57:46,481 [Thread-4629] INFO  impl.RaftServerImpl (RaftServerImpl.java:setRole(174)) - 38403d94-8e42-496f-83ea-8c437680f4f4@group-4F8965703114: changes role from  FOLLOWER to CANDIDATE at term 0 for changeToCandidate
2019-09-19 21:57:46,481 [Thread-4629] INFO  impl.RoleInfo (RoleInfo.java:updateAndGet(143)) - 38403d94-8e42-496f-83ea-8c437680f4f4: start LeaderElection
2019-09-19 21:57:46,483 [e51f7a00-4888-490c-aa50-986bb4a7b39b@group-F3CF3AB6ED74-SegmentedRaftLogWorker] INFO  segmented.SegmentedRaftLogWorker (SegmentedRaftLogWorker.java:execute(569)) - e51f7a00-4888-490c-aa50-986bb4a7b39b@group-F3CF3AB6ED74-SegmentedRaftLogWorker: created new log segment /workdir/hadoop-ozone/integration-test/target/test-dir/MiniOzoneClusterImpl-fb7eb67c-97b9-49f2-b2a6-bf5c6712e8c0/datanode-5/data/ratis/b6231304-cedb-471a-b59d-f3cf3ab6ed74/current/log_inprogress_0
2019-09-19 21:57:46,483 [3e5fa3fc-d239-4b30-ad77-e8b793221ddf@group-4F8965703114:LeaderElection116] INFO  impl.LeaderElection (LeaderElection.java:askForVotes(182)) - 3e5fa3fc-d239-4b30-ad77-e8b793221ddf@group-4F8965703114:LeaderElection116: begin an election at term 1 for -1: [e51f7a00-4888-490c-aa50-986bb4a7b39b:192.168.157.232:39792, 38403d94-8e42-496f-83ea-8c437680f4f4:192.168.157.232:35432, 3e5fa3fc-d239-4b30-ad77-e8b793221ddf:192.168.157.232:46026], old=null
2019-09-19 21:57:46,483 [3e5fa3fc-d239-4b30-ad77-e8b793221ddf@group-C95FD1007AC4-SegmentedRaftLogWorker] INFO  segmented.SegmentedRaftLogWorker (SegmentedRaftLogWorker.java:execute(569)) - 3e5fa3fc-d239-4b30-ad77-e8b793221ddf@group-C95FD1007AC4-SegmentedRaftLogWorker: created new log segment /workdir/hadoop-ozone/integration-test/target/test-dir/MiniOzoneClusterImpl-fb7eb67c-97b9-49f2-b2a6-bf5c6712e8c0/datanode-3/data/ratis/08d41b70-4447-4385-b212-c95fd1007ac4/current/log_inprogress_0
2019-09-19 21:57:46,488 [e51f7a00-4888-490c-aa50-986bb4a7b39b@group-4F8965703114:LeaderElection117] INFO  impl.LeaderElection (LeaderElection.java:askForVotes(182)) - e51f7a00-4888-490c-aa50-986bb4a7b39b@group-4F8965703114:LeaderElection117: begin an election at term 1 for -1: [e51f7a00-4888-490c-aa50-986bb4a7b39b:192.168.157.232:39792, 38403d94-8e42-496f-83ea-8c437680f4f4:192.168.157.232:35432, 3e5fa3fc-d239-4b30-ad77-e8b793221ddf:192.168.157.232:46026], old=null
2019-09-19 21:57:46,505 [38403d94-8e42-496f-83ea-8c437680f4f4@group-4F8965703114:LeaderElection118] INFO  impl.LeaderElection (LeaderElection.java:askForVotes(182)) - 38403d94-8e42-496f-83ea-8c437680f4f4@group-4F8965703114:LeaderElection118: begin an election at term 1 for -1: [e51f7a00-4888-490c-aa50-986bb4a7b39b:192.168.157.232:39792, 38403d94-8e42-496f-83ea-8c437680f4f4:192.168.157.232:35432, 3e5fa3fc-d239-4b30-ad77-e8b793221ddf:192.168.157.232:46026], old=null
2019-09-19 21:57:46,513 [3e5fa3fc-d239-4b30-ad77-e8b793221ddf@group-4F8965703114:LeaderElection116] INFO  impl.LeaderElection (LeaderElection.java:logAndReturn(56)) - 3e5fa3fc-d239-4b30-ad77-e8b793221ddf@group-4F8965703114:LeaderElection116: Election REJECTED; received 2 response(s) [3e5fa3fc-d239-4b30-ad77-e8b793221ddf<-e51f7a00-4888-490c-aa50-986bb4a7b39b#0:FAIL-t1, 3e5fa3fc-d239-4b30-ad77-e8b793221ddf<-38403d94-8e42-496f-83ea-8c437680f4f4#0:FAIL-t1] and 0 exception(s); 3e5fa3fc-d239-4b30-ad77-e8b793221ddf@group-4F8965703114:t1, leader=null, voted=3e5fa3fc-d239-4b30-ad77-e8b793221ddf, raftlog=3e5fa3fc-d239-4b30-ad77-e8b793221ddf@group-4F8965703114-SegmentedRaftLog:OPENED:c-1,f-1,i0, conf=-1: [e51f7a00-4888-490c-aa50-986bb4a7b39b:192.168.157.232:39792, 38403d94-8e42-496f-83ea-8c437680f4f4:192.168.157.232:35432, 3e5fa3fc-d239-4b30-ad77-e8b793221ddf:192.168.157.232:46026], old=null
2019-09-19 21:57:46,513 [e51f7a00-4888-490c-aa50-986bb4a7b39b@group-4F8965703114:LeaderElection117] INFO  impl.LeaderElection (LeaderElection.java:logAndReturn(56)) - e51f7a00-4888-490c-aa50-986bb4a7b39b@group-4F8965703114:LeaderElection117: Election REJECTED; received 2 response(s) [e51f7a00-4888-490c-aa50-986bb4a7b39b<-38403d94-8e42-496f-83ea-8c437680f4f4#0:FAIL-t1, e51f7a00-4888-490c-aa50-986bb4a7b39b<-3e5fa3fc-d239-4b30-ad77-e8b793221ddf#0:FAIL-t1] and 0 exception(s); e51f7a00-4888-490c-aa50-986bb4a7b39b@group-4F8965703114:t1, leader=null, voted=e51f7a00-4888-490c-aa50-986bb4a7b39b, raftlog=e51f7a00-4888-490c-aa50-986bb4a7b39b@group-4F8965703114-SegmentedRaftLog:OPENED:c-1,f-1,i0, conf=-1: [e51f7a00-4888-490c-aa50-986bb4a7b39b:192.168.157.232:39792, 38403d94-8e42-496f-83ea-8c437680f4f4:192.168.157.232:35432, 3e5fa3fc-d239-4b30-ad77-e8b793221ddf:192.168.157.232:46026], old=null
2019-09-19 21:57:46,517 [3e5fa3fc-d239-4b30-ad77-e8b793221ddf@group-4F8965703114:LeaderElection116] INFO  impl.RaftServerImpl (RaftServerImpl.java:setRole(174)) - 3e5fa3fc-d239-4b30-ad77-e8b793221ddf@group-4F8965703114: changes role from CANDIDATE to FOLLOWER at term 1 for DISCOVERED_A_NEW_TERM
2019-09-19 21:57:46,520 [38403d94-8e42-496f-83ea-8c437680f4f4@group-4F8965703114:LeaderElection118] INFO  impl.LeaderElection (LeaderElection.java:logAndReturn(56)) - 38403d94-8e42-496f-83ea-8c437680f4f4@group-4F8965703114:LeaderElection118: Election REJECTED; received 2 response(s) [38403d94-8e42-496f-83ea-8c437680f4f4<-e51f7a00-4888-490c-aa50-986bb4a7b39b#0:FAIL-t1, 38403d94-8e42-496f-83ea-8c437680f4f4<-3e5fa3fc-d239-4b30-ad77-e8b793221ddf#0:FAIL-t1] and 0 exception(s); 38403d94-8e42-496f-83ea-8c437680f4f4@group-4F8965703114:t1, leader=null, voted=38403d94-8e42-496f-83ea-8c437680f4f4, raftlog=38403d94-8e42-496f-83ea-8c437680f4f4@group-4F8965703114-SegmentedRaftLog:OPENED:c-1,f-1,i0, conf=-1: [e51f7a00-4888-490c-aa50-986bb4a7b39b:192.168.157.232:39792, 38403d94-8e42-496f-83ea-8c437680f4f4:192.168.157.232:35432, 3e5fa3fc-d239-4b30-ad77-e8b793221ddf:192.168.157.232:46026], old=null
2019-09-19 21:57:46,520 [3e5fa3fc-d239-4b30-ad77-e8b793221ddf@group-4F8965703114:LeaderElection116] INFO  impl.RoleInfo (RoleInfo.java:shutdownLeaderElection(134)) - 3e5fa3fc-d239-4b30-ad77-e8b793221ddf: shutdown LeaderElection
2019-09-19 21:57:46,523 [e51f7a00-4888-490c-aa50-986bb4a7b39b@group-4F8965703114:LeaderElection117] INFO  impl.RaftServerImpl (RaftServerImpl.java:setRole(174)) - e51f7a00-4888-490c-aa50-986bb4a7b39b@group-4F8965703114: changes role from CANDIDATE to FOLLOWER at term 1 for DISCOVERED_A_NEW_TERM
2019-09-19 21:57:46,522 [38403d94-8e42-496f-83ea-8c437680f4f4@group-4F8965703114:LeaderElection118] INFO  impl.RaftServerImpl (RaftServerImpl.java:setRole(174)) - 38403d94-8e42-496f-83ea-8c437680f4f4@group-4F8965703114: changes role from CANDIDATE to FOLLOWER at term 1 for DISCOVERED_A_NEW_TERM
2019-09-19 21:57:46,525 [3e5fa3fc-d239-4b30-ad77-e8b793221ddf@group-4F8965703114:LeaderElection116] INFO  impl.RoleInfo (RoleInfo.java:updateAndGet(143)) - 3e5fa3fc-d239-4b30-ad77-e8b793221ddf: start FollowerState
2019-09-19 21:57:46,525 [e51f7a00-4888-490c-aa50-986bb4a7b39b@group-4F8965703114:LeaderElection117] INFO  impl.RoleInfo (RoleInfo.java:shutdownLeaderElection(134)) - e51f7a00-4888-490c-aa50-986bb4a7b39b: shutdown LeaderElection
2019-09-19 21:57:46,525 [38403d94-8e42-496f-83ea-8c437680f4f4@group-4F8965703114:LeaderElection118] INFO  impl.RoleInfo (RoleInfo.java:shutdownLeaderElection(134)) - 38403d94-8e42-496f-83ea-8c437680f4f4: shutdown LeaderElection
2019-09-19 21:57:46,526 [e51f7a00-4888-490c-aa50-986bb4a7b39b@group-4F8965703114:LeaderElection117] INFO  impl.RoleInfo (RoleInfo.java:updateAndGet(143)) - e51f7a00-4888-490c-aa50-986bb4a7b39b: start FollowerState
2019-09-19 21:57:46,526 [38403d94-8e42-496f-83ea-8c437680f4f4@group-4F8965703114:LeaderElection118] INFO  impl.RoleInfo (RoleInfo.java:updateAndGet(143)) - 38403d94-8e42-496f-83ea-8c437680f4f4: start FollowerState
2019-09-19 21:57:46,526 [grpc-default-executor-9] INFO  client.GrpcClientProtocolClient (GrpcClientProtocolClient.java:onNext(264)) - client-7D832FFDDB52->8d1d72f7-50a1-491e-ad08-4d5969505416: receive RaftClientReply:client-7D832FFDDB52->8d1d72f7-50a1-491e-ad08-4d5969505416@group-839CFB3610A3, cid=270, FAILED org.apache.ratis.protocol.NotLeaderException: Server 8d1d72f7-50a1-491e-ad08-4d5969505416@group-839CFB3610A3 is not the leader d3ea050d-330d-45e5-8945-53fc2c9ea6b1:192.168.157.232:41304, logIndex=0, commits[8d1d72f7-50a1-491e-ad08-4d5969505416:c-1, b65e3305-f752-472a-8fac-d0a966ba274f:c-1, d3ea050d-330d-45e5-8945-53fc2c9ea6b1:c-1]
2019-09-19 21:57:46,656 [grpc-default-executor-9] INFO  client.GrpcClientProtocolClient (GrpcClientProtocolClient.java:onNext(264)) - client-7D832FFDDB52->d3ea050d-330d-45e5-8945-53fc2c9ea6b1: receive RaftClientReply:client-7D832FFDDB52->d3ea050d-330d-45e5-8945-53fc2c9ea6b1@group-839CFB3610A3, cid=270, SUCCESS, logIndex=1, commits[d3ea050d-330d-45e5-8945-53fc2c9ea6b1:c1, b65e3305-f752-472a-8fac-d0a966ba274f:c0, 8d1d72f7-50a1-491e-ad08-4d5969505416:c-1]
2019-09-19 21:57:46,669 [grpc-default-executor-0] INFO  client.GrpcClientProtocolClient (GrpcClientProtocolClient.java:onNext(264)) - client-7D832FFDDB52->d3ea050d-330d-45e5-8945-53fc2c9ea6b1: receive RaftClientReply:client-7D832FFDDB52->d3ea050d-330d-45e5-8945-53fc2c9ea6b1@group-839CFB3610A3, cid=271, SUCCESS, logIndex=3, commits[d3ea050d-330d-45e5-8945-53fc2c9ea6b1:c3, b65e3305-f752-472a-8fac-d0a966ba274f:c2, 8d1d72f7-50a1-491e-ad08-4d5969505416:c2]
2019-09-19 21:57:46,704 [grpc-default-executor-8] INFO  client.GrpcClientProtocolClient (GrpcClientProtocolClient.java:onNext(264)) - client-7D832FFDDB52->d3ea050d-330d-45e5-8945-53fc2c9ea6b1: receive RaftClientReply:client-7D832FFDDB52->d3ea050d-330d-45e5-8945-53fc2c9ea6b1@group-839CFB3610A3, cid=272, SUCCESS, logIndex=4, commits[d3ea050d-330d-45e5-8945-53fc2c9ea6b1:c6, b65e3305-f752-472a-8fac-d0a966ba274f:c4, 8d1d72f7-50a1-491e-ad08-4d5969505416:c4]
2019-09-19 21:57:46,707 [EventQueue-CloseContainerForCloseContainerEventHandler] INFO  container.CloseContainerEventHandler (CloseContainerEventHandler.java:onMessage(61)) - Close container Event triggered for container : #1
2019-09-19 21:57:46,708 [EventQueue-CloseContainerForCloseContainerEventHandler] INFO  container.CloseContainerEventHandler (CloseContainerEventHandler.java:onMessage(61)) - Close container Event triggered for container : #1
2019-09-19 21:57:46,708 [EventQueue-CloseContainerForCloseContainerEventHandler] INFO  container.CloseContainerEventHandler (CloseContainerEventHandler.java:onMessage(61)) - Close container Event triggered for container : #1
2019-09-19 21:57:48,068 [RatisApplyTransactionExecutor 1] INFO  interfaces.Container (KeyValueContainer.java:flushAndSyncDB(386)) - Container 1 is synced with bcsId 4.
2019-09-19 21:57:48,068 [RatisApplyTransactionExecutor 1] INFO  interfaces.Container (KeyValueContainer.java:flushAndSyncDB(386)) - Container 1 is synced with bcsId 4.
2019-09-19 21:57:48,080 [RatisApplyTransactionExecutor 1] INFO  interfaces.Container (KeyValueContainer.java:flushAndSyncDB(386)) - Container 1 is synced with bcsId 4.
2019-09-19 21:57:48,080 [RatisApplyTransactionExecutor 1] INFO  interfaces.Container (KeyValueContainer.java:flushAndSyncDB(386)) - Container 1 is synced with bcsId 4.
2019-09-19 21:57:48,102 [RatisApplyTransactionExecutor 1] INFO  interfaces.Container (KeyValueContainer.java:close(335)) - Container 1 is closed with bcsId 4.
2019-09-19 21:57:48,103 [RatisApplyTransactionExecutor 1] INFO  interfaces.Container (KeyValueContainer.java:flushAndSyncDB(386)) - Container 1 is synced with bcsId 4.
2019-09-19 21:57:48,103 [RatisApplyTransactionExecutor 1] INFO  interfaces.Container (KeyValueContainer.java:flushAndSyncDB(386)) - Container 1 is synced with bcsId 4.
2019-09-19 21:57:48,103 [EventQueue-IncrementalContainerReportForIncrementalContainerReportHandler] INFO  container.IncrementalContainerReportHandler (AbstractContainerReportHandler.java:updateContainerState(176)) - Moving container #1 to CLOSED state, datanode d3ea050d-330d-45e5-8945-53fc2c9ea6b1{ip: 192.168.157.232, host: pr-hdds-2020-k2m72-150965138, networkLocation: /default-rack, certSerialId: null} reported CLOSED replica.
2019-09-19 21:57:48,103 [RatisApplyTransactionExecutor 1] INFO  interfaces.Container (KeyValueContainer.java:close(335)) - Container 1 is closed with bcsId 4.
2019-09-19 21:57:48,125 [RatisApplyTransactionExecutor 1] INFO  interfaces.Container (KeyValueContainer.java:close(335)) - Container 1 is closed with bcsId 4.
21:57:48.209 [grpc-default-executor-8] ERROR DNAudit - user=null | ip=null | op=WRITE_CHUNK {blockData=conID: 1 locID: 102821413612486678 bcsId: 4} | ret=FAILURE
org.apache.hadoop.hdds.scm.container.common.helpers.ContainerNotOpenException: Container 1 in CLOSED state
	at org.apache.hadoop.ozone.container.common.impl.HddsDispatcher.validateContainerCommand(HddsDispatcher.java:434) ~[hadoop-hdds-container-service-0.5.0-SNAPSHOT.jar:?]
	at org.apache.hadoop.ozone.container.common.transport.server.ratis.ContainerStateMachine.startTransaction(ContainerStateMachine.java:315) ~[hadoop-hdds-container-service-0.5.0-SNAPSHOT.jar:?]
	at org.apache.ratis.server.impl.RaftServerImpl.submitClientRequestAsync(RaftServerImpl.java:573) ~[ratis-server-0.4.0-78e95b9-SNAPSHOT.jar:0.4.0-78e95b9-SNAPSHOT]
	at org.apache.ratis.server.impl.RaftServerProxy.lambda$submitClientRequestAsync$7(RaftServerProxy.java:333) ~[ratis-server-0.4.0-78e95b9-SNAPSHOT.jar:0.4.0-78e95b9-SNAPSHOT]
	at org.apache.ratis.server.impl.RaftServerProxy.lambda$null$5(RaftServerProxy.java:328) ~[ratis-server-0.4.0-78e95b9-SNAPSHOT.jar:0.4.0-78e95b9-SNAPSHOT]
	at org.apache.ratis.util.JavaUtils.callAsUnchecked(JavaUtils.java:109) ~[ratis-common-0.4.0-78e95b9-SNAPSHOT.jar:0.4.0-78e95b9-SNAPSHOT]
	at org.apache.ratis.server.impl.RaftServerProxy.lambda$submitRequest$6(RaftServerProxy.java:328) ~[ratis-server-0.4.0-78e95b9-SNAPSHOT.jar:0.4.0-78e95b9-SNAPSHOT]
	at java.util.concurrent.CompletableFuture.uniComposeStage(CompletableFuture.java:981) ~[?:1.8.0_212]
	at java.util.concurrent.CompletableFuture.thenCompose(CompletableFuture.java:2124) ~[?:1.8.0_212]
	at org.apache.ratis.server.impl.RaftServerProxy.submitRequest(RaftServerProxy.java:327) ~[ratis-server-0.4.0-78e95b9-SNAPSHOT.jar:0.4.0-78e95b9-SNAPSHOT]
	at org.apache.ratis.server.impl.RaftServerProxy.submitClientRequestAsync(RaftServerProxy.java:333) ~[ratis-server-0.4.0-78e95b9-SNAPSHOT.jar:0.4.0-78e95b9-SNAPSHOT]
	at org.apache.ratis.grpc.client.GrpcClientProtocolService$RequestStreamObserver.processClientRequest(GrpcClientProtocolService.java:220) ~[ratis-grpc-0.4.0-78e95b9-SNAPSHOT.jar:0.4.0-78e95b9-SNAPSHOT]
	at org.apache.ratis.grpc.client.GrpcClientProtocolService$OrderedRequestStreamObserver.processClientRequest(GrpcClientProtocolService.java:326) ~[ratis-grpc-0.4.0-78e95b9-SNAPSHOT.jar:0.4.0-78e95b9-SNAPSHOT]
	at org.apache.ratis.util.SlidingWindow$Server.processRequestsFromHead(SlidingWindow.java:429) [ratis-common-0.4.0-78e95b9-SNAPSHOT.jar:0.4.0-78e95b9-SNAPSHOT]
	at org.apache.ratis.util.SlidingWindow$Server.receivedRequest(SlidingWindow.java:421) [ratis-common-0.4.0-78e95b9-SNAPSHOT.jar:0.4.0-78e95b9-SNAPSHOT]
	at org.apache.ratis.grpc.client.GrpcClientProtocolService$OrderedRequestStreamObserver.processClientRequest(GrpcClientProtocolService.java:345) [ratis-grpc-0.4.0-78e95b9-SNAPSHOT.jar:0.4.0-78e95b9-SNAPSHOT]
	at org.apache.ratis.grpc.client.GrpcClientProtocolService$RequestStreamObserver.onNext(GrpcClientProtocolService.java:240) [ratis-grpc-0.4.0-78e95b9-SNAPSHOT.jar:0.4.0-78e95b9-SNAPSHOT]
	at org.apache.ratis.grpc.client.GrpcClientProtocolService$RequestStreamObserver.onNext(GrpcClientProtocolService.java:168) [ratis-grpc-0.4.0-78e95b9-SNAPSHOT.jar:0.4.0-78e95b9-SNAPSHOT]
	at org.apache.ratis.thirdparty.io.grpc.stub.ServerCalls$StreamingServerCallHandler$StreamingServerCallListener.onMessage(ServerCalls.java:248) [ratis-thirdparty-misc-0.2.0.jar:0.2.0]
	at org.apache.ratis.thirdparty.io.grpc.internal.ServerCallImpl$ServerStreamListenerImpl.messagesAvailable(ServerCallImpl.java:263) [ratis-thirdparty-misc-0.2.0.jar:0.2.0]
	at org.apache.ratis.thirdparty.io.grpc.internal.ServerImpl$JumpToApplicationThreadServerStreamListener$1MessagesAvailable.runInContext(ServerImpl.java:686) [ratis-thirdparty-misc-0.2.0.jar:0.2.0]
	at org.apache.ratis.thirdparty.io.grpc.internal.ContextRunnable.run(ContextRunnable.java:37) [ratis-thirdparty-misc-0.2.0.jar:0.2.0]
	at org.apache.ratis.thirdparty.io.grpc.internal.SerializingExecutor.run(SerializingExecutor.java:123) [ratis-thirdparty-misc-0.2.0.jar:0.2.0]
	at java.util.concurrent.ThreadPoolExecutor.runWorker(ThreadPoolExecutor.java:1149) [?:1.8.0_212]
	at java.util.concurrent.ThreadPoolExecutor$Worker.run(ThreadPoolExecutor.java:624) [?:1.8.0_212]
	at java.lang.Thread.run(Thread.java:748) [?:1.8.0_212]
21:57:48.211 [grpc-default-executor-8] ERROR DNAudit - user=null | ip=null | op=WRITE_CHUNK {blockData=conID: 1 locID: 102821413612486678 bcsId: 4} | ret=FAILURE
org.apache.hadoop.hdds.scm.container.common.helpers.ContainerNotOpenException: Container 1 in CLOSED state
	at org.apache.hadoop.ozone.container.common.impl.HddsDispatcher.validateContainerCommand(HddsDispatcher.java:434) ~[hadoop-hdds-container-service-0.5.0-SNAPSHOT.jar:?]
	at org.apache.hadoop.ozone.container.common.transport.server.ratis.ContainerStateMachine.startTransaction(ContainerStateMachine.java:315) ~[hadoop-hdds-container-service-0.5.0-SNAPSHOT.jar:?]
	at org.apache.ratis.server.impl.RaftServerImpl.submitClientRequestAsync(RaftServerImpl.java:573) ~[ratis-server-0.4.0-78e95b9-SNAPSHOT.jar:0.4.0-78e95b9-SNAPSHOT]
	at org.apache.ratis.server.impl.RaftServerProxy.lambda$submitClientRequestAsync$7(RaftServerProxy.java:333) ~[ratis-server-0.4.0-78e95b9-SNAPSHOT.jar:0.4.0-78e95b9-SNAPSHOT]
	at org.apache.ratis.server.impl.RaftServerProxy.lambda$null$5(RaftServerProxy.java:328) ~[ratis-server-0.4.0-78e95b9-SNAPSHOT.jar:0.4.0-78e95b9-SNAPSHOT]
	at org.apache.ratis.util.JavaUtils.callAsUnchecked(JavaUtils.java:109) ~[ratis-common-0.4.0-78e95b9-SNAPSHOT.jar:0.4.0-78e95b9-SNAPSHOT]
	at org.apache.ratis.server.impl.RaftServerProxy.lambda$submitRequest$6(RaftServerProxy.java:328) ~[ratis-server-0.4.0-78e95b9-SNAPSHOT.jar:0.4.0-78e95b9-SNAPSHOT]
	at java.util.concurrent.CompletableFuture.uniComposeStage(CompletableFuture.java:981) ~[?:1.8.0_212]
	at java.util.concurrent.CompletableFuture.thenCompose(CompletableFuture.java:2124) ~[?:1.8.0_212]
	at org.apache.ratis.server.impl.RaftServerProxy.submitRequest(RaftServerProxy.java:327) ~[ratis-server-0.4.0-78e95b9-SNAPSHOT.jar:0.4.0-78e95b9-SNAPSHOT]
	at org.apache.ratis.server.impl.RaftServerProxy.submitClientRequestAsync(RaftServerProxy.java:333) ~[ratis-server-0.4.0-78e95b9-SNAPSHOT.jar:0.4.0-78e95b9-SNAPSHOT]
	at org.apache.ratis.grpc.client.GrpcClientProtocolService$RequestStreamObserver.processClientRequest(GrpcClientProtocolService.java:220) ~[ratis-grpc-0.4.0-78e95b9-SNAPSHOT.jar:0.4.0-78e95b9-SNAPSHOT]
	at org.apache.ratis.grpc.client.GrpcClientProtocolService$OrderedRequestStreamObserver.processClientRequest(GrpcClientProtocolService.java:326) ~[ratis-grpc-0.4.0-78e95b9-SNAPSHOT.jar:0.4.0-78e95b9-SNAPSHOT]
	at org.apache.ratis.util.SlidingWindow$Server.processRequestsFromHead(SlidingWindow.java:429) [ratis-common-0.4.0-78e95b9-SNAPSHOT.jar:0.4.0-78e95b9-SNAPSHOT]
	at org.apache.ratis.util.SlidingWindow$Server.receivedRequest(SlidingWindow.java:421) [ratis-common-0.4.0-78e95b9-SNAPSHOT.jar:0.4.0-78e95b9-SNAPSHOT]
	at org.apache.ratis.grpc.client.GrpcClientProtocolService$OrderedRequestStreamObserver.processClientRequest(GrpcClientProtocolService.java:345) [ratis-grpc-0.4.0-78e95b9-SNAPSHOT.jar:0.4.0-78e95b9-SNAPSHOT]
	at org.apache.ratis.grpc.client.GrpcClientProtocolService$RequestStreamObserver.onNext(GrpcClientProtocolService.java:240) [ratis-grpc-0.4.0-78e95b9-SNAPSHOT.jar:0.4.0-78e95b9-SNAPSHOT]
	at org.apache.ratis.grpc.client.GrpcClientProtocolService$RequestStreamObserver.onNext(GrpcClientProtocolService.java:168) [ratis-grpc-0.4.0-78e95b9-SNAPSHOT.jar:0.4.0-78e95b9-SNAPSHOT]
	at org.apache.ratis.thirdparty.io.grpc.stub.ServerCalls$StreamingServerCallHandler$StreamingServerCallListener.onMessage(ServerCalls.java:248) [ratis-thirdparty-misc-0.2.0.jar:0.2.0]
	at org.apache.ratis.thirdparty.io.grpc.internal.ServerCallImpl$ServerStreamListenerImpl.messagesAvailable(ServerCallImpl.java:263) [ratis-thirdparty-misc-0.2.0.jar:0.2.0]
	at org.apache.ratis.thirdparty.io.grpc.internal.ServerImpl$JumpToApplicationThreadServerStreamListener$1MessagesAvailable.runInContext(ServerImpl.java:686) [ratis-thirdparty-misc-0.2.0.jar:0.2.0]
	at org.apache.ratis.thirdparty.io.grpc.internal.ContextRunnable.run(ContextRunnable.java:37) [ratis-thirdparty-misc-0.2.0.jar:0.2.0]
	at org.apache.ratis.thirdparty.io.grpc.internal.SerializingExecutor.run(SerializingExecutor.java:123) [ratis-thirdparty-misc-0.2.0.jar:0.2.0]
	at java.util.concurrent.ThreadPoolExecutor.runWorker(ThreadPoolExecutor.java:1149) [?:1.8.0_212]
	at java.util.concurrent.ThreadPoolExecutor$Worker.run(ThreadPoolExecutor.java:624) [?:1.8.0_212]
	at java.lang.Thread.run(Thread.java:748) [?:1.8.0_212]
2019-09-19 21:57:48,229 [grpc-default-executor-9] INFO  client.GrpcClientProtocolClient (GrpcClientProtocolClient.java:onNext(264)) - client-7D832FFDDB52->d3ea050d-330d-45e5-8945-53fc2c9ea6b1: receive RaftClientReply:client-7D832FFDDB52->d3ea050d-330d-45e5-8945-53fc2c9ea6b1@group-839CFB3610A3, cid=273, FAILED org.apache.ratis.protocol.StateMachineException: org.apache.hadoop.hdds.scm.container.common.helpers.ContainerNotOpenException from Server d3ea050d-330d-45e5-8945-53fc2c9ea6b1@group-839CFB3610A3: Container 1 in CLOSED state, logIndex=0, commits[d3ea050d-330d-45e5-8945-53fc2c9ea6b1:c8, b65e3305-f752-472a-8fac-d0a966ba274f:c7, 8d1d72f7-50a1-491e-ad08-4d5969505416:c7]
21:57:48.229 [grpc-default-executor-8] ERROR DNAudit - user=null | ip=null | op=PUT_BLOCK {blockData=[blockId=conID: 1 locID: 102821413612486678 bcsId: 0,size=334]} | ret=FAILURE
org.apache.hadoop.hdds.scm.container.common.helpers.ContainerNotOpenException: Container 1 in CLOSED state
	at org.apache.hadoop.ozone.container.common.impl.HddsDispatcher.validateContainerCommand(HddsDispatcher.java:434) ~[hadoop-hdds-container-service-0.5.0-SNAPSHOT.jar:?]
	at org.apache.hadoop.ozone.container.common.transport.server.ratis.ContainerStateMachine.startTransaction(ContainerStateMachine.java:315) ~[hadoop-hdds-container-service-0.5.0-SNAPSHOT.jar:?]
	at org.apache.ratis.server.impl.RaftServerImpl.submitClientRequestAsync(RaftServerImpl.java:573) ~[ratis-server-0.4.0-78e95b9-SNAPSHOT.jar:0.4.0-78e95b9-SNAPSHOT]
	at org.apache.ratis.server.impl.RaftServerProxy.lambda$submitClientRequestAsync$7(RaftServerProxy.java:333) ~[ratis-server-0.4.0-78e95b9-SNAPSHOT.jar:0.4.0-78e95b9-SNAPSHOT]
	at org.apache.ratis.server.impl.RaftServerProxy.lambda$null$5(RaftServerProxy.java:328) ~[ratis-server-0.4.0-78e95b9-SNAPSHOT.jar:0.4.0-78e95b9-SNAPSHOT]
	at org.apache.ratis.util.JavaUtils.callAsUnchecked(JavaUtils.java:109) ~[ratis-common-0.4.0-78e95b9-SNAPSHOT.jar:0.4.0-78e95b9-SNAPSHOT]
	at org.apache.ratis.server.impl.RaftServerProxy.lambda$submitRequest$6(RaftServerProxy.java:328) ~[ratis-server-0.4.0-78e95b9-SNAPSHOT.jar:0.4.0-78e95b9-SNAPSHOT]
	at java.util.concurrent.CompletableFuture.uniComposeStage(CompletableFuture.java:981) ~[?:1.8.0_212]
	at java.util.concurrent.CompletableFuture.thenCompose(CompletableFuture.java:2124) ~[?:1.8.0_212]
	at org.apache.ratis.server.impl.RaftServerProxy.submitRequest(RaftServerProxy.java:327) ~[ratis-server-0.4.0-78e95b9-SNAPSHOT.jar:0.4.0-78e95b9-SNAPSHOT]
	at org.apache.ratis.server.impl.RaftServerProxy.submitClientRequestAsync(RaftServerProxy.java:333) ~[ratis-server-0.4.0-78e95b9-SNAPSHOT.jar:0.4.0-78e95b9-SNAPSHOT]
	at org.apache.ratis.grpc.client.GrpcClientProtocolService$RequestStreamObserver.processClientRequest(GrpcClientProtocolService.java:220) ~[ratis-grpc-0.4.0-78e95b9-SNAPSHOT.jar:0.4.0-78e95b9-SNAPSHOT]
	at org.apache.ratis.grpc.client.GrpcClientProtocolService$OrderedRequestStreamObserver.processClientRequest(GrpcClientProtocolService.java:326) ~[ratis-grpc-0.4.0-78e95b9-SNAPSHOT.jar:0.4.0-78e95b9-SNAPSHOT]
	at org.apache.ratis.util.SlidingWindow$Server.processRequestsFromHead(SlidingWindow.java:429) [ratis-common-0.4.0-78e95b9-SNAPSHOT.jar:0.4.0-78e95b9-SNAPSHOT]
	at org.apache.ratis.util.SlidingWindow$Server.receivedRequest(SlidingWindow.java:421) [ratis-common-0.4.0-78e95b9-SNAPSHOT.jar:0.4.0-78e95b9-SNAPSHOT]
	at org.apache.ratis.grpc.client.GrpcClientProtocolService$OrderedRequestStreamObserver.processClientRequest(GrpcClientProtocolService.java:345) [ratis-grpc-0.4.0-78e95b9-SNAPSHOT.jar:0.4.0-78e95b9-SNAPSHOT]
	at org.apache.ratis.grpc.client.GrpcClientProtocolService$RequestStreamObserver.onNext(GrpcClientProtocolService.java:240) [ratis-grpc-0.4.0-78e95b9-SNAPSHOT.jar:0.4.0-78e95b9-SNAPSHOT]
	at org.apache.ratis.grpc.client.GrpcClientProtocolService$RequestStreamObserver.onNext(GrpcClientProtocolService.java:168) [ratis-grpc-0.4.0-78e95b9-SNAPSHOT.jar:0.4.0-78e95b9-SNAPSHOT]
	at org.apache.ratis.thirdparty.io.grpc.stub.ServerCalls$StreamingServerCallHandler$StreamingServerCallListener.onMessage(ServerCalls.java:248) [ratis-thirdparty-misc-0.2.0.jar:0.2.0]
	at org.apache.ratis.thirdparty.io.grpc.internal.ServerCallImpl$ServerStreamListenerImpl.messagesAvailable(ServerCallImpl.java:263) [ratis-thirdparty-misc-0.2.0.jar:0.2.0]
	at org.apache.ratis.thirdparty.io.grpc.internal.ServerImpl$JumpToApplicationThreadServerStreamListener$1MessagesAvailable.runInContext(ServerImpl.java:686) [ratis-thirdparty-misc-0.2.0.jar:0.2.0]
	at org.apache.ratis.thirdparty.io.grpc.internal.ContextRunnable.run(ContextRunnable.java:37) [ratis-thirdparty-misc-0.2.0.jar:0.2.0]
	at org.apache.ratis.thirdparty.io.grpc.internal.SerializingExecutor.run(SerializingExecutor.java:123) [ratis-thirdparty-misc-0.2.0.jar:0.2.0]
	at java.util.concurrent.ThreadPoolExecutor.runWorker(ThreadPoolExecutor.java:1149) [?:1.8.0_212]
	at java.util.concurrent.ThreadPoolExecutor$Worker.run(ThreadPoolExecutor.java:624) [?:1.8.0_212]
	at java.lang.Thread.run(Thread.java:748) [?:1.8.0_212]
2019-09-19 21:57:48,230 [grpc-default-executor-9] INFO  client.GrpcClientProtocolClient (GrpcClientProtocolClient.java:onNext(264)) - client-7D832FFDDB52->d3ea050d-330d-45e5-8945-53fc2c9ea6b1: receive RaftClientReply:client-7D832FFDDB52->d3ea050d-330d-45e5-8945-53fc2c9ea6b1@group-839CFB3610A3, cid=274, FAILED org.apache.ratis.protocol.StateMachineException: org.apache.hadoop.hdds.scm.container.common.helpers.ContainerNotOpenException from Server d3ea050d-330d-45e5-8945-53fc2c9ea6b1@group-839CFB3610A3: Container 1 in CLOSED state, logIndex=0, commits[d3ea050d-330d-45e5-8945-53fc2c9ea6b1:c8, b65e3305-f752-472a-8fac-d0a966ba274f:c7, 8d1d72f7-50a1-491e-ad08-4d5969505416:c7]
2019-09-19 21:57:48,238 [grpc-default-executor-9] INFO  client.GrpcClientProtocolClient (GrpcClientProtocolClient.java:onNext(264)) - client-7D832FFDDB52->d3ea050d-330d-45e5-8945-53fc2c9ea6b1: receive RaftClientReply:client-7D832FFDDB52->d3ea050d-330d-45e5-8945-53fc2c9ea6b1@group-839CFB3610A3, cid=275, FAILED org.apache.ratis.protocol.StateMachineException: org.apache.hadoop.hdds.scm.container.common.helpers.ContainerNotOpenException from Server d3ea050d-330d-45e5-8945-53fc2c9ea6b1@group-839CFB3610A3: Container 1 in CLOSED state, logIndex=0, commits[d3ea050d-330d-45e5-8945-53fc2c9ea6b1:c8, b65e3305-f752-472a-8fac-d0a966ba274f:c7, 8d1d72f7-50a1-491e-ad08-4d5969505416:c7]
2019-09-19 21:57:48,272 [grpc-default-executor-9] INFO  client.GrpcClientProtocolClient (GrpcClientProtocolClient.java:onNext(264)) - client-FEEF57F28EE2->38403d94-8e42-496f-83ea-8c437680f4f4: receive RaftClientReply:client-FEEF57F28EE2->38403d94-8e42-496f-83ea-8c437680f4f4@group-4F8965703114, cid=276, FAILED org.apache.ratis.protocol.NotLeaderException: Server 38403d94-8e42-496f-83ea-8c437680f4f4@group-4F8965703114 is not the leader, logIndex=0, commits[38403d94-8e42-496f-83ea-8c437680f4f4:c-1]
2019-09-19 21:57:49,287 [grpc-default-executor-9] INFO  client.GrpcClientProtocolClient (GrpcClientProtocolClient.java:onNext(264)) - client-FEEF57F28EE2->e51f7a00-4888-490c-aa50-986bb4a7b39b: receive RaftClientReply:client-FEEF57F28EE2->e51f7a00-4888-490c-aa50-986bb4a7b39b@group-4F8965703114, cid=276, FAILED org.apache.ratis.protocol.NotLeaderException: Server e51f7a00-4888-490c-aa50-986bb4a7b39b@group-4F8965703114 is not the leader, logIndex=0, commits[e51f7a00-4888-490c-aa50-986bb4a7b39b:c-1]
2019-09-19 21:57:50,297 [grpc-default-executor-0] INFO  client.GrpcClientProtocolClient (GrpcClientProtocolClient.java:onNext(264)) - client-FEEF57F28EE2->3e5fa3fc-d239-4b30-ad77-e8b793221ddf: receive RaftClientReply:client-FEEF57F28EE2->3e5fa3fc-d239-4b30-ad77-e8b793221ddf@group-4F8965703114, cid=276, FAILED org.apache.ratis.protocol.NotLeaderException: Server 3e5fa3fc-d239-4b30-ad77-e8b793221ddf@group-4F8965703114 is not the leader, logIndex=0, commits[3e5fa3fc-d239-4b30-ad77-e8b793221ddf:c-1]
2019-09-19 21:57:51,315 [grpc-default-executor-0] INFO  client.GrpcClientProtocolClient (GrpcClientProtocolClient.java:onNext(264)) - client-FEEF57F28EE2->e51f7a00-4888-490c-aa50-986bb4a7b39b: receive RaftClientReply:client-FEEF57F28EE2->e51f7a00-4888-490c-aa50-986bb4a7b39b@group-4F8965703114, cid=276, FAILED org.apache.ratis.protocol.NotLeaderException: Server e51f7a00-4888-490c-aa50-986bb4a7b39b@group-4F8965703114 is not the leader, logIndex=0, commits[e51f7a00-4888-490c-aa50-986bb4a7b39b:c-1]
2019-09-19 21:57:51,565 [Thread-4696] INFO  impl.FollowerState (FollowerState.java:run(106)) - 3e5fa3fc-d239-4b30-ad77-e8b793221ddf:group-4F8965703114 changes to CANDIDATE, lastRpcTime:5039, electionTimeout:5039ms
2019-09-19 21:57:51,566 [Thread-4696] INFO  impl.RoleInfo (RoleInfo.java:shutdownFollowerState(121)) - 3e5fa3fc-d239-4b30-ad77-e8b793221ddf: shutdown FollowerState
2019-09-19 21:57:51,566 [Thread-4696] INFO  impl.RaftServerImpl (RaftServerImpl.java:setRole(174)) - 3e5fa3fc-d239-4b30-ad77-e8b793221ddf@group-4F8965703114: changes role from  FOLLOWER to CANDIDATE at term 1 for changeToCandidate
2019-09-19 21:57:51,566 [Thread-4696] INFO  impl.RoleInfo (RoleInfo.java:updateAndGet(143)) - 3e5fa3fc-d239-4b30-ad77-e8b793221ddf: start LeaderElection
2019-09-19 21:57:51,599 [3e5fa3fc-d239-4b30-ad77-e8b793221ddf@group-4F8965703114:LeaderElection119] INFO  impl.LeaderElection (LeaderElection.java:askForVotes(182)) - 3e5fa3fc-d239-4b30-ad77-e8b793221ddf@group-4F8965703114:LeaderElection119: begin an election at term 2 for -1: [e51f7a00-4888-490c-aa50-986bb4a7b39b:192.168.157.232:39792, 38403d94-8e42-496f-83ea-8c437680f4f4:192.168.157.232:35432, 3e5fa3fc-d239-4b30-ad77-e8b793221ddf:192.168.157.232:46026], old=null
2019-09-19 21:57:51,603 [grpc-default-executor-9] INFO  impl.RaftServerImpl (RaftServerImpl.java:setRole(174)) - e51f7a00-4888-490c-aa50-986bb4a7b39b@group-4F8965703114: changes role from  FOLLOWER to FOLLOWER at term 2 for recognizeCandidate:3e5fa3fc-d239-4b30-ad77-e8b793221ddf
2019-09-19 21:57:51,603 [grpc-default-executor-0] INFO  impl.RaftServerImpl (RaftServerImpl.java:setRole(174)) - 38403d94-8e42-496f-83ea-8c437680f4f4@group-4F8965703114: changes role from  FOLLOWER to FOLLOWER at term 2 for recognizeCandidate:3e5fa3fc-d239-4b30-ad77-e8b793221ddf
2019-09-19 21:57:51,603 [grpc-default-executor-0] INFO  impl.RoleInfo (RoleInfo.java:shutdownFollowerState(121)) - 38403d94-8e42-496f-83ea-8c437680f4f4: shutdown FollowerState
2019-09-19 21:57:51,603 [grpc-default-executor-9] INFO  impl.RoleInfo (RoleInfo.java:shutdownFollowerState(121)) - e51f7a00-4888-490c-aa50-986bb4a7b39b: shutdown FollowerState
2019-09-19 21:57:51,603 [grpc-default-executor-0] INFO  impl.RoleInfo (RoleInfo.java:updateAndGet(143)) - 38403d94-8e42-496f-83ea-8c437680f4f4: start FollowerState
2019-09-19 21:57:51,604 [Thread-4697] INFO  impl.FollowerState (FollowerState.java:run(115)) - e51f7a00-4888-490c-aa50-986bb4a7b39b: FollowerState was interrupted: java.lang.InterruptedException: sleep interrupted
2019-09-19 21:57:51,604 [grpc-default-executor-9] INFO  impl.RoleInfo (RoleInfo.java:updateAndGet(143)) - e51f7a00-4888-490c-aa50-986bb4a7b39b: start FollowerState
2019-09-19 21:57:51,604 [Thread-4698] INFO  impl.FollowerState (FollowerState.java:run(115)) - 38403d94-8e42-496f-83ea-8c437680f4f4: FollowerState was interrupted: java.lang.InterruptedException: sleep interrupted
2019-09-19 21:57:51,623 [3e5fa3fc-d239-4b30-ad77-e8b793221ddf@group-4F8965703114:LeaderElection119] INFO  impl.LeaderElection (LeaderElection.java:logAndReturn(56)) - 3e5fa3fc-d239-4b30-ad77-e8b793221ddf@group-4F8965703114:LeaderElection119: Election PASSED; received 1 response(s) [3e5fa3fc-d239-4b30-ad77-e8b793221ddf<-e51f7a00-4888-490c-aa50-986bb4a7b39b#0:OK-t2] and 0 exception(s); 3e5fa3fc-d239-4b30-ad77-e8b793221ddf@group-4F8965703114:t2, leader=null, voted=3e5fa3fc-d239-4b30-ad77-e8b793221ddf, raftlog=3e5fa3fc-d239-4b30-ad77-e8b793221ddf@group-4F8965703114-SegmentedRaftLog:OPENED:c-1,f-1,i0, conf=-1: [e51f7a00-4888-490c-aa50-986bb4a7b39b:192.168.157.232:39792, 38403d94-8e42-496f-83ea-8c437680f4f4:192.168.157.232:35432, 3e5fa3fc-d239-4b30-ad77-e8b793221ddf:192.168.157.232:46026], old=null
2019-09-19 21:57:51,623 [3e5fa3fc-d239-4b30-ad77-e8b793221ddf@group-4F8965703114:LeaderElection119] INFO  impl.RoleInfo (RoleInfo.java:shutdownLeaderElection(134)) - 3e5fa3fc-d239-4b30-ad77-e8b793221ddf: shutdown LeaderElection
2019-09-19 21:57:51,623 [3e5fa3fc-d239-4b30-ad77-e8b793221ddf@group-4F8965703114:LeaderElection119] INFO  impl.RaftServerImpl (RaftServerImpl.java:setRole(174)) - 3e5fa3fc-d239-4b30-ad77-e8b793221ddf@group-4F8965703114: changes role from CANDIDATE to LEADER at term 2 for changeToLeader
2019-09-19 21:57:51,624 [3e5fa3fc-d239-4b30-ad77-e8b793221ddf@group-4F8965703114:LeaderElection119] INFO  impl.RaftServerImpl (ServerState.java:setLeader(253)) - 3e5fa3fc-d239-4b30-ad77-e8b793221ddf@group-4F8965703114: change Leader from null to 3e5fa3fc-d239-4b30-ad77-e8b793221ddf at term 2 for becomeLeader, leader elected after 10281ms
2019-09-19 21:57:51,624 [3e5fa3fc-d239-4b30-ad77-e8b793221ddf@group-4F8965703114:LeaderElection119] INFO  server.RaftServerConfigKeys (ConfUtils.java:logGet(43)) - raft.server.staging.catchup.gap = 1000 (default)
2019-09-19 21:57:51,624 [3e5fa3fc-d239-4b30-ad77-e8b793221ddf@group-4F8965703114:LeaderElection119] INFO  server.RaftServerConfigKeys (ConfUtils.java:logGet(43)) - raft.server.rpc.sleep.time = 25ms (default)
2019-09-19 21:57:51,624 [3e5fa3fc-d239-4b30-ad77-e8b793221ddf@group-4F8965703114:LeaderElection119] INFO  server.RaftServerConfigKeys (ConfUtils.java:logGet(43)) - raft.server.write.element-limit = 4096 (default)
2019-09-19 21:57:51,624 [3e5fa3fc-d239-4b30-ad77-e8b793221ddf@group-4F8965703114:LeaderElection119] INFO  server.RaftServerConfigKeys (ConfUtils.java:logGet(43)) - raft.server.watch.timeout = 10s (default)
2019-09-19 21:57:51,624 [3e5fa3fc-d239-4b30-ad77-e8b793221ddf@group-4F8965703114:LeaderElection119] INFO  server.RaftServerConfigKeys (ConfUtils.java:logGet(43)) - raft.server.watch.timeout.denomination = 1s (default)
2019-09-19 21:57:51,625 [3e5fa3fc-d239-4b30-ad77-e8b793221ddf@group-4F8965703114:LeaderElection119] INFO  server.RaftServerConfigKeys (ConfUtils.java:logGet(43)) - raft.server.watch.element-limit = 65536 (default)
2019-09-19 21:57:51,627 [3e5fa3fc-d239-4b30-ad77-e8b793221ddf@group-4F8965703114:LeaderElection119] INFO  server.RaftServerConfigKeys (ConfUtils.java:logGet(43)) - raft.server.log.appender.snapshot.chunk.size.max = 16MB (=16777216) (default)
2019-09-19 21:57:51,627 [3e5fa3fc-d239-4b30-ad77-e8b793221ddf@group-4F8965703114:LeaderElection119] INFO  server.RaftServerConfigKeys (ConfUtils.java:logGet(43)) - raft.server.log.appender.buffer.byte-limit = 33554432 (custom)
2019-09-19 21:57:51,627 [3e5fa3fc-d239-4b30-ad77-e8b793221ddf@group-4F8965703114:LeaderElection119] INFO  server.RaftServerConfigKeys (ConfUtils.java:logGet(43)) - raft.server.log.appender.buffer.element-limit = 1 (custom)
2019-09-19 21:57:51,628 [3e5fa3fc-d239-4b30-ad77-e8b793221ddf@group-4F8965703114:LeaderElection119] INFO  grpc.GrpcConfigKeys$Server (ConfUtils.java:logGet(43)) - raft.grpc.server.leader.outstanding.appends.max = 128 (default)
2019-09-19 21:57:51,628 [3e5fa3fc-d239-4b30-ad77-e8b793221ddf@group-4F8965703114:LeaderElection119] INFO  server.RaftServerConfigKeys (ConfUtils.java:logGet(43)) - raft.server.rpc.request.timeout = 3000ms (default)
2019-09-19 21:57:51,628 [3e5fa3fc-d239-4b30-ad77-e8b793221ddf@group-4F8965703114:LeaderElection119] INFO  server.RaftServerConfigKeys (ConfUtils.java:logGet(43)) - raft.server.log.appender.install.snapshot.enabled = false (custom)
2019-09-19 21:57:51,628 [3e5fa3fc-d239-4b30-ad77-e8b793221ddf@group-4F8965703114:LeaderElection119] INFO  server.RaftServerConfigKeys (ConfUtils.java:logGet(43)) - raft.server.log.appender.snapshot.chunk.size.max = 16MB (=16777216) (default)
2019-09-19 21:57:51,628 [3e5fa3fc-d239-4b30-ad77-e8b793221ddf@group-4F8965703114:LeaderElection119] INFO  server.RaftServerConfigKeys (ConfUtils.java:logGet(43)) - raft.server.log.appender.buffer.byte-limit = 33554432 (custom)
2019-09-19 21:57:51,628 [3e5fa3fc-d239-4b30-ad77-e8b793221ddf@group-4F8965703114:LeaderElection119] INFO  server.RaftServerConfigKeys (ConfUtils.java:logGet(43)) - raft.server.log.appender.buffer.element-limit = 1 (custom)
2019-09-19 21:57:51,629 [3e5fa3fc-d239-4b30-ad77-e8b793221ddf@group-4F8965703114:LeaderElection119] INFO  grpc.GrpcConfigKeys$Server (ConfUtils.java:logGet(43)) - raft.grpc.server.leader.outstanding.appends.max = 128 (default)
2019-09-19 21:57:51,629 [3e5fa3fc-d239-4b30-ad77-e8b793221ddf@group-4F8965703114:LeaderElection119] INFO  server.RaftServerConfigKeys (ConfUtils.java:logGet(43)) - raft.server.rpc.request.timeout = 3000ms (default)
2019-09-19 21:57:51,629 [3e5fa3fc-d239-4b30-ad77-e8b793221ddf@group-4F8965703114:LeaderElection119] INFO  server.RaftServerConfigKeys (ConfUtils.java:logGet(43)) - raft.server.log.appender.install.snapshot.enabled = false (custom)
2019-09-19 21:57:51,629 [3e5fa3fc-d239-4b30-ad77-e8b793221ddf@group-4F8965703114:LeaderElection119] INFO  impl.RoleInfo (RoleInfo.java:updateAndGet(143)) - 3e5fa3fc-d239-4b30-ad77-e8b793221ddf: start LeaderState
2019-09-19 21:57:51,630 [3e5fa3fc-d239-4b30-ad77-e8b793221ddf@group-4F8965703114:LeaderElection119] INFO  segmented.SegmentedRaftLogWorker (SegmentedRaftLogWorker.java:startLogSegment(380)) - 3e5fa3fc-d239-4b30-ad77-e8b793221ddf@group-4F8965703114-SegmentedRaftLogWorker: Starting segment from index:0
2019-09-19 21:57:51,660 [3e5fa3fc-d239-4b30-ad77-e8b793221ddf@group-4F8965703114:LeaderElection119] INFO  impl.RaftServerImpl (ServerState.java:setRaftConf(354)) - 3e5fa3fc-d239-4b30-ad77-e8b793221ddf@group-4F8965703114: set configuration 0: [e51f7a00-4888-490c-aa50-986bb4a7b39b:192.168.157.232:39792, 38403d94-8e42-496f-83ea-8c437680f4f4:192.168.157.232:35432, 3e5fa3fc-d239-4b30-ad77-e8b793221ddf:192.168.157.232:46026], old=null at 0
2019-09-19 21:57:51,661 [grpc-default-executor-9] INFO  impl.RaftServerImpl (ServerState.java:setLeader(253)) - 38403d94-8e42-496f-83ea-8c437680f4f4@group-4F8965703114: change Leader from null to 3e5fa3fc-d239-4b30-ad77-e8b793221ddf at term 2 for appendEntries, leader elected after 10319ms
2019-09-19 21:57:51,661 [grpc-default-executor-0] INFO  impl.RaftServerImpl (ServerState.java:setLeader(253)) - e51f7a00-4888-490c-aa50-986bb4a7b39b@group-4F8965703114: change Leader from null to 3e5fa3fc-d239-4b30-ad77-e8b793221ddf at term 2 for appendEntries, leader elected after 10319ms
2019-09-19 21:57:51,665 [grpc-default-executor-9] INFO  impl.RaftServerImpl (ServerState.java:setRaftConf(354)) - e51f7a00-4888-490c-aa50-986bb4a7b39b@group-4F8965703114: set configuration 0: [e51f7a00-4888-490c-aa50-986bb4a7b39b:192.168.157.232:39792, 38403d94-8e42-496f-83ea-8c437680f4f4:192.168.157.232:35432, 3e5fa3fc-d239-4b30-ad77-e8b793221ddf:192.168.157.232:46026], old=null at 0
2019-09-19 21:57:51,665 [grpc-default-executor-0] INFO  impl.RaftServerImpl (ServerState.java:setRaftConf(354)) - 38403d94-8e42-496f-83ea-8c437680f4f4@group-4F8965703114: set configuration 0: [e51f7a00-4888-490c-aa50-986bb4a7b39b:192.168.157.232:39792, 38403d94-8e42-496f-83ea-8c437680f4f4:192.168.157.232:35432, 3e5fa3fc-d239-4b30-ad77-e8b793221ddf:192.168.157.232:46026], old=null at 0
2019-09-19 21:57:51,666 [grpc-default-executor-9] INFO  segmented.SegmentedRaftLogWorker (SegmentedRaftLogWorker.java:startLogSegment(380)) - e51f7a00-4888-490c-aa50-986bb4a7b39b@group-4F8965703114-SegmentedRaftLogWorker: Starting segment from index:0
2019-09-19 21:57:51,666 [grpc-default-executor-0] INFO  segmented.SegmentedRaftLogWorker (SegmentedRaftLogWorker.java:startLogSegment(380)) - 38403d94-8e42-496f-83ea-8c437680f4f4@group-4F8965703114-SegmentedRaftLogWorker: Starting segment from index:0
2019-09-19 21:57:51,672 [3e5fa3fc-d239-4b30-ad77-e8b793221ddf@group-4F8965703114-SegmentedRaftLogWorker] INFO  segmented.SegmentedRaftLogWorker (SegmentedRaftLogWorker.java:execute(569)) - 3e5fa3fc-d239-4b30-ad77-e8b793221ddf@group-4F8965703114-SegmentedRaftLogWorker: created new log segment /workdir/hadoop-ozone/integration-test/target/test-dir/MiniOzoneClusterImpl-fb7eb67c-97b9-49f2-b2a6-bf5c6712e8c0/datanode-3/data/ratis/78245385-087e-4daa-982c-4f8965703114/current/log_inprogress_0
2019-09-19 21:57:51,707 [e51f7a00-4888-490c-aa50-986bb4a7b39b@group-4F8965703114-SegmentedRaftLogWorker] INFO  segmented.SegmentedRaftLogWorker (SegmentedRaftLogWorker.java:execute(569)) - e51f7a00-4888-490c-aa50-986bb4a7b39b@group-4F8965703114-SegmentedRaftLogWorker: created new log segment /workdir/hadoop-ozone/integration-test/target/test-dir/MiniOzoneClusterImpl-fb7eb67c-97b9-49f2-b2a6-bf5c6712e8c0/datanode-5/data/ratis/78245385-087e-4daa-982c-4f8965703114/current/log_inprogress_0
2019-09-19 21:57:51,707 [38403d94-8e42-496f-83ea-8c437680f4f4@group-4F8965703114-SegmentedRaftLogWorker] INFO  segmented.SegmentedRaftLogWorker (SegmentedRaftLogWorker.java:execute(569)) - 38403d94-8e42-496f-83ea-8c437680f4f4@group-4F8965703114-SegmentedRaftLogWorker: created new log segment /workdir/hadoop-ozone/integration-test/target/test-dir/MiniOzoneClusterImpl-fb7eb67c-97b9-49f2-b2a6-bf5c6712e8c0/datanode-4/data/ratis/78245385-087e-4daa-982c-4f8965703114/current/log_inprogress_0
2019-09-19 21:57:52,332 [grpc-default-executor-9] INFO  client.GrpcClientProtocolClient (GrpcClientProtocolClient.java:onNext(264)) - client-FEEF57F28EE2->38403d94-8e42-496f-83ea-8c437680f4f4: receive RaftClientReply:client-FEEF57F28EE2->38403d94-8e42-496f-83ea-8c437680f4f4@group-4F8965703114, cid=276, FAILED org.apache.ratis.protocol.NotLeaderException: Server 38403d94-8e42-496f-83ea-8c437680f4f4@group-4F8965703114 is not the leader 3e5fa3fc-d239-4b30-ad77-e8b793221ddf:192.168.157.232:46026, logIndex=0, commits[38403d94-8e42-496f-83ea-8c437680f4f4:c-1, e51f7a00-4888-490c-aa50-986bb4a7b39b:c-1, 3e5fa3fc-d239-4b30-ad77-e8b793221ddf:c-1]
2019-09-19 21:57:52,487 [grpc-default-executor-9] INFO  client.GrpcClientProtocolClient (GrpcClientProtocolClient.java:onNext(264)) - client-FEEF57F28EE2->3e5fa3fc-d239-4b30-ad77-e8b793221ddf: receive RaftClientReply:client-FEEF57F28EE2->3e5fa3fc-d239-4b30-ad77-e8b793221ddf@group-4F8965703114, cid=276, SUCCESS, logIndex=1, commits[3e5fa3fc-d239-4b30-ad77-e8b793221ddf:c1, e51f7a00-4888-490c-aa50-986bb4a7b39b:c0, 38403d94-8e42-496f-83ea-8c437680f4f4:c0]
2019-09-19 21:57:52,511 [grpc-default-executor-9] INFO  client.GrpcClientProtocolClient (GrpcClientProtocolClient.java:onNext(264)) - client-FEEF57F28EE2->3e5fa3fc-d239-4b30-ad77-e8b793221ddf: receive RaftClientReply:client-FEEF57F28EE2->3e5fa3fc-d239-4b30-ad77-e8b793221ddf@group-4F8965703114, cid=277, SUCCESS, logIndex=3, commits[3e5fa3fc-d239-4b30-ad77-e8b793221ddf:c3, e51f7a00-4888-490c-aa50-986bb4a7b39b:c1, 38403d94-8e42-496f-83ea-8c437680f4f4:c1]
2019-09-19 21:57:52,577 [grpc-default-executor-9] INFO  client.GrpcClientProtocolClient (GrpcClientProtocolClient.java:onNext(264)) - client-FEEF57F28EE2->3e5fa3fc-d239-4b30-ad77-e8b793221ddf: receive RaftClientReply:client-FEEF57F28EE2->3e5fa3fc-d239-4b30-ad77-e8b793221ddf@group-4F8965703114, cid=278, SUCCESS, logIndex=4, commits[3e5fa3fc-d239-4b30-ad77-e8b793221ddf:c6, e51f7a00-4888-490c-aa50-986bb4a7b39b:c3, 38403d94-8e42-496f-83ea-8c437680f4f4:c3]
2019-09-19 21:57:53,580 [main] WARN  scm.XceiverClientRatis (XceiverClientRatis.java:watchForCommit(292)) - 3 way commit failed on pipeline Pipeline[ Id: 78245385-087e-4daa-982c-4f8965703114, Nodes: 38403d94-8e42-496f-83ea-8c437680f4f4{ip: 192.168.157.232, host: pr-hdds-2020-k2m72-150965138, networkLocation: /default-rack, certSerialId: null}3e5fa3fc-d239-4b30-ad77-e8b793221ddf{ip: 192.168.157.232, host: pr-hdds-2020-k2m72-150965138, networkLocation: /default-rack, certSerialId: null}e51f7a00-4888-490c-aa50-986bb4a7b39b{ip: 192.168.157.232, host: pr-hdds-2020-k2m72-150965138, networkLocation: /default-rack, certSerialId: null}, Type:RATIS, Factor:THREE, State:OPEN]
java.util.concurrent.TimeoutException
	at java.util.concurrent.CompletableFuture.timedGet(CompletableFuture.java:1771)
	at java.util.concurrent.CompletableFuture.get(CompletableFuture.java:1915)
	at org.apache.hadoop.hdds.scm.XceiverClientRatis.watchForCommit(XceiverClientRatis.java:289)
	at org.apache.hadoop.hdds.scm.storage.CommitWatcher.watchForCommit(CommitWatcher.java:194)
	at org.apache.hadoop.hdds.scm.storage.CommitWatcher.watchOnLastIndex(CommitWatcher.java:157)
	at org.apache.hadoop.hdds.scm.storage.BlockOutputStream.watchForCommit(BlockOutputStream.java:347)
	at org.apache.hadoop.hdds.scm.storage.BlockOutputStream.handleFlush(BlockOutputStream.java:479)
	at org.apache.hadoop.hdds.scm.storage.BlockOutputStream.close(BlockOutputStream.java:493)
	at org.apache.hadoop.ozone.client.io.BlockOutputStreamEntry.close(BlockOutputStreamEntry.java:143)
	at org.apache.hadoop.ozone.client.io.KeyOutputStream.handleFlushOrClose(KeyOutputStream.java:435)
	at org.apache.hadoop.ozone.client.io.KeyOutputStream.close(KeyOutputStream.java:473)
	at org.apache.hadoop.ozone.client.io.OzoneOutputStream.close(OzoneOutputStream.java:60)
	at org.apache.hadoop.ozone.client.rpc.TestBlockOutputStreamWithFailures.testExceptionDuringClose(TestBlockOutputStreamWithFailures.java:754)
	at sun.reflect.NativeMethodAccessorImpl.invoke0(Native Method)
	at sun.reflect.NativeMethodAccessorImpl.invoke(NativeMethodAccessorImpl.java:62)
	at sun.reflect.DelegatingMethodAccessorImpl.invoke(DelegatingMethodAccessorImpl.java:43)
	at java.lang.reflect.Method.invoke(Method.java:498)
	at org.junit.runners.model.FrameworkMethod$1.runReflectiveCall(FrameworkMethod.java:47)
	at org.junit.internal.runners.model.ReflectiveCallable.run(ReflectiveCallable.java:12)
	at org.junit.runners.model.FrameworkMethod.invokeExplosively(FrameworkMethod.java:44)
	at org.junit.internal.runners.statements.InvokeMethod.evaluate(InvokeMethod.java:17)
	at org.junit.internal.runners.statements.RunBefores.evaluate(RunBefores.java:26)
	at org.junit.internal.runners.statements.RunAfters.evaluate(RunAfters.java:27)
	at org.junit.runners.ParentRunner.runLeaf(ParentRunner.java:271)
	at org.junit.runners.BlockJUnit4ClassRunner.runChild(BlockJUnit4ClassRunner.java:70)
	at org.junit.runners.BlockJUnit4ClassRunner.runChild(BlockJUnit4ClassRunner.java:50)
	at org.junit.runners.ParentRunner$3.run(ParentRunner.java:238)
	at org.junit.runners.ParentRunner$1.schedule(ParentRunner.java:63)
	at org.junit.runners.ParentRunner.runChildren(ParentRunner.java:236)
	at org.junit.runners.ParentRunner.access$000(ParentRunner.java:53)
	at org.junit.runners.ParentRunner$2.evaluate(ParentRunner.java:229)
	at org.junit.runners.ParentRunner.run(ParentRunner.java:309)
	at org.apache.maven.surefire.junit4.JUnit4Provider.execute(JUnit4Provider.java:365)
	at org.apache.maven.surefire.junit4.JUnit4Provider.executeWithRerun(JUnit4Provider.java:273)
	at org.apache.maven.surefire.junit4.JUnit4Provider.executeTestSet(JUnit4Provider.java:238)
	at org.apache.maven.surefire.junit4.JUnit4Provider.invoke(JUnit4Provider.java:159)
	at org.apache.maven.surefire.booter.ForkedBooter.invokeProviderInSameClassLoader(ForkedBooter.java:384)
	at org.apache.maven.surefire.booter.ForkedBooter.runSuitesInProcess(ForkedBooter.java:345)
	at org.apache.maven.surefire.booter.ForkedBooter.execute(ForkedBooter.java:126)
	at org.apache.maven.surefire.booter.ForkedBooter.main(ForkedBooter.java:418)
2019-09-19 21:57:54,586 [main] WARN  storage.CommitWatcher (CommitWatcher.java:watchForCommit(203)) - watchForCommit failed for index 4
java.util.concurrent.TimeoutException
	at java.util.concurrent.CompletableFuture.timedGet(CompletableFuture.java:1771)
	at java.util.concurrent.CompletableFuture.get(CompletableFuture.java:1915)
	at org.apache.hadoop.hdds.scm.XceiverClientRatis.watchForCommit(XceiverClientRatis.java:298)
	at org.apache.hadoop.hdds.scm.storage.CommitWatcher.watchForCommit(CommitWatcher.java:194)
	at org.apache.hadoop.hdds.scm.storage.CommitWatcher.watchOnLastIndex(CommitWatcher.java:157)
	at org.apache.hadoop.hdds.scm.storage.BlockOutputStream.watchForCommit(BlockOutputStream.java:347)
	at org.apache.hadoop.hdds.scm.storage.BlockOutputStream.handleFlush(BlockOutputStream.java:479)
	at org.apache.hadoop.hdds.scm.storage.BlockOutputStream.close(BlockOutputStream.java:493)
	at org.apache.hadoop.ozone.client.io.BlockOutputStreamEntry.close(BlockOutputStreamEntry.java:143)
	at org.apache.hadoop.ozone.client.io.KeyOutputStream.handleFlushOrClose(KeyOutputStream.java:435)
	at org.apache.hadoop.ozone.client.io.KeyOutputStream.close(KeyOutputStream.java:473)
	at org.apache.hadoop.ozone.client.io.OzoneOutputStream.close(OzoneOutputStream.java:60)
	at org.apache.hadoop.ozone.client.rpc.TestBlockOutputStreamWithFailures.testExceptionDuringClose(TestBlockOutputStreamWithFailures.java:754)
	at sun.reflect.NativeMethodAccessorImpl.invoke0(Native Method)
	at sun.reflect.NativeMethodAccessorImpl.invoke(NativeMethodAccessorImpl.java:62)
	at sun.reflect.DelegatingMethodAccessorImpl.invoke(DelegatingMethodAccessorImpl.java:43)
	at java.lang.reflect.Method.invoke(Method.java:498)
	at org.junit.runners.model.FrameworkMethod$1.runReflectiveCall(FrameworkMethod.java:47)
	at org.junit.internal.runners.model.ReflectiveCallable.run(ReflectiveCallable.java:12)
	at org.junit.runners.model.FrameworkMethod.invokeExplosively(FrameworkMethod.java:44)
	at org.junit.internal.runners.statements.InvokeMethod.evaluate(InvokeMethod.java:17)
	at org.junit.internal.runners.statements.RunBefores.evaluate(RunBefores.java:26)
	at org.junit.internal.runners.statements.RunAfters.evaluate(RunAfters.java:27)
	at org.junit.runners.ParentRunner.runLeaf(ParentRunner.java:271)
	at org.junit.runners.BlockJUnit4ClassRunner.runChild(BlockJUnit4ClassRunner.java:70)
	at org.junit.runners.BlockJUnit4ClassRunner.runChild(BlockJUnit4ClassRunner.java:50)
	at org.junit.runners.ParentRunner$3.run(ParentRunner.java:238)
	at org.junit.runners.ParentRunner$1.schedule(ParentRunner.java:63)
	at org.junit.runners.ParentRunner.runChildren(ParentRunner.java:236)
	at org.junit.runners.ParentRunner.access$000(ParentRunner.java:53)
	at org.junit.runners.ParentRunner$2.evaluate(ParentRunner.java:229)
	at org.junit.runners.ParentRunner.run(ParentRunner.java:309)
	at org.apache.maven.surefire.junit4.JUnit4Provider.execute(JUnit4Provider.java:365)
	at org.apache.maven.surefire.junit4.JUnit4Provider.executeWithRerun(JUnit4Provider.java:273)
	at org.apache.maven.surefire.junit4.JUnit4Provider.executeTestSet(JUnit4Provider.java:238)
	at org.apache.maven.surefire.junit4.JUnit4Provider.invoke(JUnit4Provider.java:159)
	at org.apache.maven.surefire.booter.ForkedBooter.invokeProviderInSameClassLoader(ForkedBooter.java:384)
	at org.apache.maven.surefire.booter.ForkedBooter.runSuitesInProcess(ForkedBooter.java:345)
	at org.apache.maven.surefire.booter.ForkedBooter.execute(ForkedBooter.java:126)
	at org.apache.maven.surefire.booter.ForkedBooter.main(ForkedBooter.java:418)
2019-09-19 21:57:54,588 [main] WARN  io.KeyOutputStream (KeyOutputStream.java:handleException(274)) - Encountered exception java.io.IOException: Unexpected Storage Container Exception: java.io.IOException: Unexpected Storage Container Exception: java.util.concurrent.TimeoutException on the pipeline Pipeline[ Id: 78245385-087e-4daa-982c-4f8965703114, Nodes: 38403d94-8e42-496f-83ea-8c437680f4f4{ip: 192.168.157.232, host: pr-hdds-2020-k2m72-150965138, networkLocation: /default-rack, certSerialId: null}3e5fa3fc-d239-4b30-ad77-e8b793221ddf{ip: 192.168.157.232, host: pr-hdds-2020-k2m72-150965138, networkLocation: /default-rack, certSerialId: null}e51f7a00-4888-490c-aa50-986bb4a7b39b{ip: 192.168.157.232, host: pr-hdds-2020-k2m72-150965138, networkLocation: /default-rack, certSerialId: null}, Type:RATIS, Factor:THREE, State:OPEN]. The last committed block length is 0, uncommitted data length is 167 retry count 0
2019-09-19 21:57:54,614 [grpc-default-executor-8] INFO  client.GrpcClientProtocolClient (GrpcClientProtocolClient.java:onNext(264)) - client-C398F8BD51BB->8d1d72f7-50a1-491e-ad08-4d5969505416: receive RaftClientReply:client-C398F8BD51BB->8d1d72f7-50a1-491e-ad08-4d5969505416@group-839CFB3610A3, cid=281, FAILED org.apache.ratis.protocol.NotLeaderException: Server 8d1d72f7-50a1-491e-ad08-4d5969505416@group-839CFB3610A3 is not the leader d3ea050d-330d-45e5-8945-53fc2c9ea6b1:192.168.157.232:41304, logIndex=0, commits[8d1d72f7-50a1-491e-ad08-4d5969505416:c8, b65e3305-f752-472a-8fac-d0a966ba274f:c8, d3ea050d-330d-45e5-8945-53fc2c9ea6b1:c8]
2019-09-19 21:57:54,774 [grpc-default-executor-0] INFO  client.GrpcClientProtocolClient (GrpcClientProtocolClient.java:onNext(264)) - client-C398F8BD51BB->d3ea050d-330d-45e5-8945-53fc2c9ea6b1: receive RaftClientReply:client-C398F8BD51BB->d3ea050d-330d-45e5-8945-53fc2c9ea6b1@group-839CFB3610A3, cid=281, SUCCESS, logIndex=9, commits[d3ea050d-330d-45e5-8945-53fc2c9ea6b1:c9, b65e3305-f752-472a-8fac-d0a966ba274f:c8, 8d1d72f7-50a1-491e-ad08-4d5969505416:c8]
2019-09-19 21:57:54,792 [grpc-default-executor-0] INFO  client.GrpcClientProtocolClient (GrpcClientProtocolClient.java:onNext(264)) - client-C398F8BD51BB->d3ea050d-330d-45e5-8945-53fc2c9ea6b1: receive RaftClientReply:client-C398F8BD51BB->d3ea050d-330d-45e5-8945-53fc2c9ea6b1@group-839CFB3610A3, cid=282, SUCCESS, logIndex=11, commits[d3ea050d-330d-45e5-8945-53fc2c9ea6b1:c12, b65e3305-f752-472a-8fac-d0a966ba274f:c9, 8d1d72f7-50a1-491e-ad08-4d5969505416:c9]
2019-09-19 21:57:54,813 [grpc-default-executor-0] INFO  client.GrpcClientProtocolClient (GrpcClientProtocolClient.java:onNext(264)) - client-C398F8BD51BB->d3ea050d-330d-45e5-8945-53fc2c9ea6b1: receive RaftClientReply:client-C398F8BD51BB->d3ea050d-330d-45e5-8945-53fc2c9ea6b1@group-839CFB3610A3, cid=283, SUCCESS, logIndex=12, commits[d3ea050d-330d-45e5-8945-53fc2c9ea6b1:c14, b65e3305-f752-472a-8fac-d0a966ba274f:c12, 8d1d72f7-50a1-491e-ad08-4d5969505416:c12]
2019-09-19 21:57:54,819 [main] INFO  ozone.MiniOzoneClusterImpl (MiniOzoneClusterImpl.java:shutdown(312)) - Shutting down the Mini Ozone Cluster
2019-09-19 21:57:54,822 [main] INFO  ozone.MiniOzoneClusterImpl (MiniOzoneClusterImpl.java:stop(327)) - Stopping the Mini Ozone Cluster
2019-09-19 21:57:54,822 [main] INFO  ozone.MiniOzoneClusterImpl (MiniOzoneClusterImpl.java:stop(329)) - Stopping the OzoneManager
2019-09-19 21:57:54,822 [main] INFO  ipc.Server (Server.java:stop(3082)) - Stopping server on 35897
2019-09-19 21:57:54,832 [main] INFO  ratis.OzoneManagerDoubleBuffer (OzoneManagerDoubleBuffer.java:stop(248)) - Stopping OMDoubleBuffer flush thread
2019-09-19 21:57:54,832 [IPC Server Responder] INFO  ipc.Server (Server.java:run(1319)) - Stopping IPC Server Responder
2019-09-19 21:57:54,832 [IPC Server listener on 35897] INFO  ipc.Server (Server.java:run(1185)) - Stopping IPC Server listener on 35897
2019-09-19 21:57:54,835 [OMDoubleBufferFlushThread] INFO  ratis.OzoneManagerDoubleBuffer (OzoneManagerDoubleBuffer.java:flushTransactions(191)) - OMDoubleBuffer flush thread OMDoubleBufferFlushThread is interrupted and will exit. OMDoubleBufferFlushThread
2019-09-19 21:57:54,857 [main] INFO  utils.BackgroundService (BackgroundService.java:shutdown(148)) - Shutting down service KeyDeletingService
2019-09-19 21:57:54,876 [main] INFO  handler.ContextHandler (ContextHandler.java:doStop(910)) - Stopped o.e.j.w.WebAppContext@47c96f2c{/,null,UNAVAILABLE}{/ozoneManager}
2019-09-19 21:57:54,878 [main] INFO  server.AbstractConnector (AbstractConnector.java:doStop(318)) - Stopped ServerConnector@210a26b{HTTP/1.1,[http/1.1]}{0.0.0.0:0}
2019-09-19 21:57:54,878 [main] INFO  handler.ContextHandler (ContextHandler.java:doStop(910)) - Stopped o.e.j.s.ServletContextHandler@559fd5ec{/static,file:///workdir/hadoop-ozone/integration-test/target/test-classes/webapps/static,UNAVAILABLE}
2019-09-19 21:57:54,878 [main] INFO  handler.ContextHandler (ContextHandler.java:doStop(910)) - Stopped o.e.j.s.ServletContextHandler@2bfa17b0{/logs,file:///workdir/hadoop-ozone/integration-test/target/log,UNAVAILABLE}
2019-09-19 21:57:54,881 [main] INFO  ozone.MiniOzoneClusterImpl (MiniOzoneClusterImpl.java:stop(335)) - Shutting the HddsDatanodes
2019-09-19 21:57:55,036 [grpc-default-executor-9] INFO  client.GrpcClientProtocolClient (GrpcClientProtocolClient.java:onNext(264)) - client-FEEF57F28EE2->3e5fa3fc-d239-4b30-ad77-e8b793221ddf: receive RaftClientReply:client-FEEF57F28EE2->3e5fa3fc-d239-4b30-ad77-e8b793221ddf@group-4F8965703114, cid=280, SUCCESS, logIndex=0, commits[3e5fa3fc-d239-4b30-ad77-e8b793221ddf:c6, e51f7a00-4888-490c-aa50-986bb4a7b39b:c6, 38403d94-8e42-496f-83ea-8c437680f4f4:c3]
2019-09-19 21:57:55,036 [grpc-default-executor-9] INFO  client.GrpcClientProtocolClient (GrpcClientProtocolClient.java:onNext(264)) - client-FEEF57F28EE2->3e5fa3fc-d239-4b30-ad77-e8b793221ddf: receive RaftClientReply:client-FEEF57F28EE2->3e5fa3fc-d239-4b30-ad77-e8b793221ddf@group-4F8965703114, cid=279, SUCCESS, logIndex=0, commits[3e5fa3fc-d239-4b30-ad77-e8b793221ddf:c6, e51f7a00-4888-490c-aa50-986bb4a7b39b:c6, 38403d94-8e42-496f-83ea-8c437680f4f4:c6]
2019-09-19 21:57:55,474 [Datanode State Machine Thread - 0] INFO  statemachine.DatanodeStateMachine (DatanodeStateMachine.java:lambda$startDaemon$0(350)) - Ozone container server started.
2019-09-19 21:57:55,754 [Datanode State Machine Thread - 0] INFO  statemachine.DatanodeStateMachine (DatanodeStateMachine.java:lambda$startDaemon$0(350)) - Ozone container server started.
2019-09-19 21:57:59,536 [EventQueue-StaleNodeForStaleNodeHandler] INFO  node.StaleNodeHandler (StaleNodeHandler.java:onMessage(58)) - Datanode 38403d94-8e42-496f-83ea-8c437680f4f4{ip: 192.168.157.232, host: pr-hdds-2020-k2m72-150965138, networkLocation: /default-rack, certSerialId: null} moved to stale state. Finalizing its pipelines [PipelineID=3387ac30-1069-4231-9dff-0fa218b273d1, PipelineID=78245385-087e-4daa-982c-4f8965703114]
2019-09-19 21:57:59,537 [EventQueue-StaleNodeForStaleNodeHandler] INFO  pipeline.SCMPipelineManager (SCMPipelineManager.java:finalizeAndDestroyPipeline(315)) - destroying pipeline:Pipeline[ Id: 3387ac30-1069-4231-9dff-0fa218b273d1, Nodes: 38403d94-8e42-496f-83ea-8c437680f4f4{ip: 192.168.157.232, host: pr-hdds-2020-k2m72-150965138, networkLocation: /default-rack, certSerialId: null}, Type:RATIS, Factor:ONE, State:OPEN]
2019-09-19 21:57:59,537 [EventQueue-StaleNodeForStaleNodeHandler] INFO  pipeline.PipelineStateManager (PipelineStateManager.java:finalizePipeline(123)) - Pipeline Pipeline[ Id: 3387ac30-1069-4231-9dff-0fa218b273d1, Nodes: 38403d94-8e42-496f-83ea-8c437680f4f4{ip: 192.168.157.232, host: pr-hdds-2020-k2m72-150965138, networkLocation: /default-rack, certSerialId: null}, Type:RATIS, Factor:ONE, State:CLOSED] moved to CLOSED state
2019-09-19 21:57:59,538 [EventQueue-StaleNodeForStaleNodeHandler] INFO  pipeline.SCMPipelineManager (SCMPipelineManager.java:finalizeAndDestroyPipeline(315)) - destroying pipeline:Pipeline[ Id: 78245385-087e-4daa-982c-4f8965703114, Nodes: 38403d94-8e42-496f-83ea-8c437680f4f4{ip: 192.168.157.232, host: pr-hdds-2020-k2m72-150965138, networkLocation: /default-rack, certSerialId: null}3e5fa3fc-d239-4b30-ad77-e8b793221ddf{ip: 192.168.157.232, host: pr-hdds-2020-k2m72-150965138, networkLocation: /default-rack, certSerialId: null}e51f7a00-4888-490c-aa50-986bb4a7b39b{ip: 192.168.157.232, host: pr-hdds-2020-k2m72-150965138, networkLocation: /default-rack, certSerialId: null}, Type:RATIS, Factor:THREE, State:OPEN]
2019-09-19 21:57:59,538 [EventQueue-StaleNodeForStaleNodeHandler] INFO  pipeline.PipelineStateManager (PipelineStateManager.java:finalizePipeline(123)) - Pipeline Pipeline[ Id: 78245385-087e-4daa-982c-4f8965703114, Nodes: 38403d94-8e42-496f-83ea-8c437680f4f4{ip: 192.168.157.232, host: pr-hdds-2020-k2m72-150965138, networkLocation: /default-rack, certSerialId: null}3e5fa3fc-d239-4b30-ad77-e8b793221ddf{ip: 192.168.157.232, host: pr-hdds-2020-k2m72-150965138, networkLocation: /default-rack, certSerialId: null}e51f7a00-4888-490c-aa50-986bb4a7b39b{ip: 192.168.157.232, host: pr-hdds-2020-k2m72-150965138, networkLocation: /default-rack, certSerialId: null}, Type:RATIS, Factor:THREE, State:CLOSED] moved to CLOSED state
2019-09-19 21:57:59,538 [EventQueue-CloseContainerForCloseContainerEventHandler] INFO  container.CloseContainerEventHandler (CloseContainerEventHandler.java:onMessage(61)) - Close container Event triggered for container : #2
2019-09-19 21:57:59,836 [EventQueue-StaleNodeForStaleNodeHandler] INFO  node.StaleNodeHandler (StaleNodeHandler.java:onMessage(58)) - Datanode d3ea050d-330d-45e5-8945-53fc2c9ea6b1{ip: 192.168.157.232, host: pr-hdds-2020-k2m72-150965138, networkLocation: /default-rack, certSerialId: null} moved to stale state. Finalizing its pipelines [PipelineID=7a2697f2-b34d-45d7-b371-dae745381d64, PipelineID=92a7349c-cf6e-4788-9689-839cfb3610a3]
2019-09-19 21:57:59,840 [EventQueue-StaleNodeForStaleNodeHandler] INFO  pipeline.SCMPipelineManager (SCMPipelineManager.java:finalizeAndDestroyPipeline(315)) - destroying pipeline:Pipeline[ Id: 7a2697f2-b34d-45d7-b371-dae745381d64, Nodes: d3ea050d-330d-45e5-8945-53fc2c9ea6b1{ip: 192.168.157.232, host: pr-hdds-2020-k2m72-150965138, networkLocation: /default-rack, certSerialId: null}, Type:RATIS, Factor:ONE, State:OPEN]
2019-09-19 21:57:59,840 [EventQueue-StaleNodeForStaleNodeHandler] INFO  pipeline.PipelineStateManager (PipelineStateManager.java:finalizePipeline(123)) - Pipeline Pipeline[ Id: 7a2697f2-b34d-45d7-b371-dae745381d64, Nodes: d3ea050d-330d-45e5-8945-53fc2c9ea6b1{ip: 192.168.157.232, host: pr-hdds-2020-k2m72-150965138, networkLocation: /default-rack, certSerialId: null}, Type:RATIS, Factor:ONE, State:CLOSED] moved to CLOSED state
2019-09-19 21:57:59,840 [EventQueue-StaleNodeForStaleNodeHandler] INFO  pipeline.SCMPipelineManager (SCMPipelineManager.java:finalizeAndDestroyPipeline(315)) - destroying pipeline:Pipeline[ Id: 92a7349c-cf6e-4788-9689-839cfb3610a3, Nodes: 8d1d72f7-50a1-491e-ad08-4d5969505416{ip: 192.168.157.232, host: pr-hdds-2020-k2m72-150965138, networkLocation: /default-rack, certSerialId: null}b65e3305-f752-472a-8fac-d0a966ba274f{ip: 192.168.157.232, host: pr-hdds-2020-k2m72-150965138, networkLocation: /default-rack, certSerialId: null}d3ea050d-330d-45e5-8945-53fc2c9ea6b1{ip: 192.168.157.232, host: pr-hdds-2020-k2m72-150965138, networkLocation: /default-rack, certSerialId: null}, Type:RATIS, Factor:THREE, State:OPEN]
2019-09-19 21:57:59,840 [EventQueue-StaleNodeForStaleNodeHandler] INFO  pipeline.PipelineStateManager (PipelineStateManager.java:finalizePipeline(123)) - Pipeline Pipeline[ Id: 92a7349c-cf6e-4788-9689-839cfb3610a3, Nodes: 8d1d72f7-50a1-491e-ad08-4d5969505416{ip: 192.168.157.232, host: pr-hdds-2020-k2m72-150965138, networkLocation: /default-rack, certSerialId: null}b65e3305-f752-472a-8fac-d0a966ba274f{ip: 192.168.157.232, host: pr-hdds-2020-k2m72-150965138, networkLocation: /default-rack, certSerialId: null}d3ea050d-330d-45e5-8945-53fc2c9ea6b1{ip: 192.168.157.232, host: pr-hdds-2020-k2m72-150965138, networkLocation: /default-rack, certSerialId: null}, Type:RATIS, Factor:THREE, State:CLOSED] moved to CLOSED state
2019-09-19 21:57:59,841 [EventQueue-CloseContainerForCloseContainerEventHandler] INFO  container.CloseContainerEventHandler (CloseContainerEventHandler.java:onMessage(61)) - Close container Event triggered for container : #3
2019-09-19 21:57:59,882 [main] INFO  ozoneimpl.OzoneContainer (OzoneContainer.java:stop(231)) - Attempting to stop container services.
2019-09-19 21:57:59,882 [ForkJoinPool.commonPool-worker-0] INFO  ozoneimpl.OzoneContainer (OzoneContainer.java:stop(231)) - Attempting to stop container services.
2019-09-19 21:57:59,885 [main] INFO  impl.RaftServerProxy (RaftServerProxy.java:lambda$close$4(314)) - 38403d94-8e42-496f-83ea-8c437680f4f4: close
2019-09-19 21:57:59,885 [ForkJoinPool.commonPool-worker-0] INFO  impl.RaftServerProxy (RaftServerProxy.java:lambda$close$4(314)) - d3ea050d-330d-45e5-8945-53fc2c9ea6b1: close
2019-09-19 21:57:59,885 [main] INFO  impl.RaftServerImpl (RaftServerImpl.java:lambda$shutdown$3(251)) - 38403d94-8e42-496f-83ea-8c437680f4f4@group-0FA218B273D1: shutdown
2019-09-19 21:57:59,885 [ForkJoinPool.commonPool-worker-0] INFO  impl.RaftServerImpl (RaftServerImpl.java:lambda$shutdown$3(251)) - d3ea050d-330d-45e5-8945-53fc2c9ea6b1@group-DAE745381D64: shutdown
2019-09-19 21:57:59,886 [main] INFO  util.JmxRegister (JmxRegister.java:unregister(73)) - Successfully un-registered JMX Bean with object name Ratis:service=RaftServer,group=group-0FA218B273D1,id=38403d94-8e42-496f-83ea-8c437680f4f4
2019-09-19 21:57:59,886 [ForkJoinPool.commonPool-worker-0] INFO  util.JmxRegister (JmxRegister.java:unregister(73)) - Successfully un-registered JMX Bean with object name Ratis:service=RaftServer,group=group-DAE745381D64,id=d3ea050d-330d-45e5-8945-53fc2c9ea6b1
2019-09-19 21:57:59,886 [main] INFO  impl.RoleInfo (RoleInfo.java:shutdownLeaderState(104)) - 38403d94-8e42-496f-83ea-8c437680f4f4: shutdown LeaderState
2019-09-19 21:57:59,886 [ForkJoinPool.commonPool-worker-0] INFO  impl.RoleInfo (RoleInfo.java:shutdownLeaderState(104)) - d3ea050d-330d-45e5-8945-53fc2c9ea6b1: shutdown LeaderState
2019-09-19 21:57:59,886 [main] INFO  impl.PendingRequests (PendingRequests.java:sendNotLeaderResponses(202)) - 38403d94-8e42-496f-83ea-8c437680f4f4-PendingRequests: sendNotLeaderResponses
2019-09-19 21:57:59,887 [ForkJoinPool.commonPool-worker-0] INFO  impl.PendingRequests (PendingRequests.java:sendNotLeaderResponses(202)) - d3ea050d-330d-45e5-8945-53fc2c9ea6b1-PendingRequests: sendNotLeaderResponses
2019-09-19 21:57:59,887 [main] INFO  impl.StateMachineUpdater (StateMachineUpdater.java:stopAndJoin(125)) - 38403d94-8e42-496f-83ea-8c437680f4f4@group-0FA218B273D1-StateMachineUpdater: set stopIndex = 0
2019-09-19 21:57:59,887 [ForkJoinPool.commonPool-worker-0] INFO  impl.StateMachineUpdater (StateMachineUpdater.java:stopAndJoin(125)) - d3ea050d-330d-45e5-8945-53fc2c9ea6b1@group-DAE745381D64-StateMachineUpdater: set stopIndex = 0
2019-09-19 21:57:59,887 [main] INFO  impl.RaftServerImpl (ServerState.java:close(385)) - 38403d94-8e42-496f-83ea-8c437680f4f4@group-0FA218B273D1: closes. applyIndex: 0
2019-09-19 21:57:59,888 [ForkJoinPool.commonPool-worker-0] INFO  impl.RaftServerImpl (ServerState.java:close(385)) - d3ea050d-330d-45e5-8945-53fc2c9ea6b1@group-DAE745381D64: closes. applyIndex: 0
2019-09-19 21:57:59,888 [d3ea050d-330d-45e5-8945-53fc2c9ea6b1@group-DAE745381D64-SegmentedRaftLogWorker] INFO  segmented.SegmentedRaftLogWorker (SegmentedRaftLogWorker.java:run(313)) - d3ea050d-330d-45e5-8945-53fc2c9ea6b1@group-DAE745381D64-SegmentedRaftLogWorker was interrupted, exiting. There are 0 tasks remaining in the queue.
2019-09-19 21:57:59,888 [38403d94-8e42-496f-83ea-8c437680f4f4@group-0FA218B273D1-SegmentedRaftLogWorker] INFO  segmented.SegmentedRaftLogWorker (SegmentedRaftLogWorker.java:run(313)) - 38403d94-8e42-496f-83ea-8c437680f4f4@group-0FA218B273D1-SegmentedRaftLogWorker was interrupted, exiting. There are 0 tasks remaining in the queue.
2019-09-19 21:57:59,893 [ForkJoinPool.commonPool-worker-0] INFO  segmented.SegmentedRaftLogWorker (SegmentedRaftLogWorker.java:close(228)) - d3ea050d-330d-45e5-8945-53fc2c9ea6b1@group-DAE745381D64-SegmentedRaftLogWorker close()
2019-09-19 21:57:59,893 [main] INFO  segmented.SegmentedRaftLogWorker (SegmentedRaftLogWorker.java:close(228)) - 38403d94-8e42-496f-83ea-8c437680f4f4@group-0FA218B273D1-SegmentedRaftLogWorker close()
2019-09-19 21:57:59,897 [ForkJoinPool.commonPool-worker-0] INFO  impl.RaftServerImpl (RaftServerImpl.java:lambda$shutdown$3(251)) - d3ea050d-330d-45e5-8945-53fc2c9ea6b1@group-839CFB3610A3: shutdown
2019-09-19 21:57:59,901 [main] INFO  impl.RaftServerImpl (RaftServerImpl.java:lambda$shutdown$3(251)) - 38403d94-8e42-496f-83ea-8c437680f4f4@group-4F8965703114: shutdown
2019-09-19 21:57:59,902 [ForkJoinPool.commonPool-worker-0] INFO  util.JmxRegister (JmxRegister.java:unregister(73)) - Successfully un-registered JMX Bean with object name Ratis:service=RaftServer,group=group-839CFB3610A3,id=d3ea050d-330d-45e5-8945-53fc2c9ea6b1
2019-09-19 21:57:59,902 [main] INFO  util.JmxRegister (JmxRegister.java:unregister(73)) - Successfully un-registered JMX Bean with object name Ratis:service=RaftServer,group=group-4F8965703114,id=38403d94-8e42-496f-83ea-8c437680f4f4
2019-09-19 21:57:59,902 [ForkJoinPool.commonPool-worker-0] INFO  impl.RoleInfo (RoleInfo.java:shutdownLeaderState(104)) - d3ea050d-330d-45e5-8945-53fc2c9ea6b1: shutdown LeaderState
2019-09-19 21:57:59,902 [main] INFO  impl.RoleInfo (RoleInfo.java:shutdownFollowerState(121)) - 38403d94-8e42-496f-83ea-8c437680f4f4: shutdown FollowerState
2019-09-19 21:57:59,907 [org.apache.ratis.server.impl.LogAppender$AppenderDaemon$$Lambda$509/1310956685@626e9a0f] WARN  server.GrpcLogAppender (GrpcLogAppender.java:mayWait(143)) - d3ea050d-330d-45e5-8945-53fc2c9ea6b1@group-839CFB3610A3->b65e3305-f752-472a-8fac-d0a966ba274f-GrpcLogAppender: Wait interrupted by java.lang.InterruptedException
2019-09-19 21:57:59,906 [org.apache.ratis.server.impl.LogAppender$AppenderDaemon$$Lambda$509/1310956685@6c2b167f] WARN  server.GrpcLogAppender (GrpcLogAppender.java:mayWait(143)) - d3ea050d-330d-45e5-8945-53fc2c9ea6b1@group-839CFB3610A3->8d1d72f7-50a1-491e-ad08-4d5969505416-GrpcLogAppender: Wait interrupted by java.lang.InterruptedException
2019-09-19 21:57:59,906 [ForkJoinPool.commonPool-worker-0] INFO  impl.PendingRequests (PendingRequests.java:sendNotLeaderResponses(202)) - d3ea050d-330d-45e5-8945-53fc2c9ea6b1-PendingRequests: sendNotLeaderResponses
2019-09-19 21:57:59,907 [38403d94-8e42-496f-83ea-8c437680f4f4@group-4F8965703114-StateMachineUpdater] INFO  ratis.ContainerStateMachine (ContainerStateMachine.java:takeSnapshot(289)) - group-4F8965703114: Taking a snapshot at:(t:2, i:6) file /workdir/hadoop-ozone/integration-test/target/test-dir/MiniOzoneClusterImpl-fb7eb67c-97b9-49f2-b2a6-bf5c6712e8c0/datanode-4/data/ratis/78245385-087e-4daa-982c-4f8965703114/sm/snapshot.2_6
2019-09-19 21:57:59,907 [Thread-4752] INFO  impl.FollowerState (FollowerState.java:run(115)) - 38403d94-8e42-496f-83ea-8c437680f4f4: FollowerState was interrupted: java.lang.InterruptedException: sleep interrupted
2019-09-19 21:57:59,907 [main] INFO  impl.StateMachineUpdater (StateMachineUpdater.java:stopAndJoin(125)) - 38403d94-8e42-496f-83ea-8c437680f4f4@group-4F8965703114-StateMachineUpdater: set stopIndex = 6
2019-09-19 21:57:59,920 [d3ea050d-330d-45e5-8945-53fc2c9ea6b1@group-839CFB3610A3-StateMachineUpdater] INFO  ratis.ContainerStateMachine (ContainerStateMachine.java:takeSnapshot(289)) - group-839CFB3610A3: Taking a snapshot at:(t:1, i:14) file /workdir/hadoop-ozone/integration-test/target/test-dir/MiniOzoneClusterImpl-fb7eb67c-97b9-49f2-b2a6-bf5c6712e8c0/datanode-1/data/ratis/92a7349c-cf6e-4788-9689-839cfb3610a3/sm/snapshot.1_14
2019-09-19 21:57:59,920 [ForkJoinPool.commonPool-worker-0] INFO  impl.StateMachineUpdater (StateMachineUpdater.java:stopAndJoin(125)) - d3ea050d-330d-45e5-8945-53fc2c9ea6b1@group-839CFB3610A3-StateMachineUpdater: set stopIndex = 14
2019-09-19 21:57:59,908 [grpc-default-executor-8] INFO  server.GrpcServerProtocolService (GrpcServerProtocolService.java:onCompleted(113)) - 8d1d72f7-50a1-491e-ad08-4d5969505416: Completed APPEND_ENTRIES, lastRequest: d3ea050d-330d-45e5-8945-53fc2c9ea6b1->8d1d72f7-50a1-491e-ad08-4d5969505416#19-t1, previous=(t:1, i:14), leaderCommit=14, initializing? false, entries: <empty>
2019-09-19 21:57:59,908 [grpc-default-executor-0] INFO  server.GrpcServerProtocolService (GrpcServerProtocolService.java:onCompleted(113)) - b65e3305-f752-472a-8fac-d0a966ba274f: Completed APPEND_ENTRIES, lastRequest: d3ea050d-330d-45e5-8945-53fc2c9ea6b1->b65e3305-f752-472a-8fac-d0a966ba274f#19-t1, previous=(t:1, i:14), leaderCommit=14, initializing? false, entries: <empty>
2019-09-19 21:57:59,923 [grpc-default-executor-8] INFO  server.GrpcLogAppender (GrpcLogAppender.java:onCompleted(293)) - d3ea050d-330d-45e5-8945-53fc2c9ea6b1@group-839CFB3610A3->8d1d72f7-50a1-491e-ad08-4d5969505416-AppendLogResponseHandler: follower responses appendEntries COMPLETED
2019-09-19 21:57:59,923 [grpc-default-executor-0] INFO  server.GrpcLogAppender (GrpcLogAppender.java:onCompleted(293)) - d3ea050d-330d-45e5-8945-53fc2c9ea6b1@group-839CFB3610A3->b65e3305-f752-472a-8fac-d0a966ba274f-AppendLogResponseHandler: follower responses appendEntries COMPLETED
2019-09-19 21:57:59,923 [grpc-default-executor-8] INFO  impl.FollowerInfo (FollowerInfo.java:lambda$new$0(51)) - d3ea050d-330d-45e5-8945-53fc2c9ea6b1@group-839CFB3610A3->8d1d72f7-50a1-491e-ad08-4d5969505416: nextIndex: updateUnconditionally 15 -> 14
2019-09-19 21:57:59,923 [grpc-default-executor-0] INFO  impl.FollowerInfo (FollowerInfo.java:lambda$new$0(51)) - d3ea050d-330d-45e5-8945-53fc2c9ea6b1@group-839CFB3610A3->b65e3305-f752-472a-8fac-d0a966ba274f: nextIndex: updateUnconditionally 15 -> 14
2019-09-19 21:57:59,947 [d3ea050d-330d-45e5-8945-53fc2c9ea6b1@group-839CFB3610A3-StateMachineUpdater] INFO  ratis.ContainerStateMachine (ContainerStateMachine.java:takeSnapshot(300)) - group-839CFB3610A3: Finished taking a snapshot at:(t:1, i:14) file:/workdir/hadoop-ozone/integration-test/target/test-dir/MiniOzoneClusterImpl-fb7eb67c-97b9-49f2-b2a6-bf5c6712e8c0/datanode-1/data/ratis/92a7349c-cf6e-4788-9689-839cfb3610a3/sm/snapshot.1_14 time:28
2019-09-19 21:57:59,947 [38403d94-8e42-496f-83ea-8c437680f4f4@group-4F8965703114-StateMachineUpdater] INFO  ratis.ContainerStateMachine (ContainerStateMachine.java:takeSnapshot(300)) - group-4F8965703114: Finished taking a snapshot at:(t:2, i:6) file:/workdir/hadoop-ozone/integration-test/target/test-dir/MiniOzoneClusterImpl-fb7eb67c-97b9-49f2-b2a6-bf5c6712e8c0/datanode-4/data/ratis/78245385-087e-4daa-982c-4f8965703114/sm/snapshot.2_6 time:40
2019-09-19 21:57:59,948 [38403d94-8e42-496f-83ea-8c437680f4f4@group-4F8965703114-StateMachineUpdater] INFO  impl.StateMachineUpdater (StateMachineUpdater.java:takeSnapshot(258)) - 38403d94-8e42-496f-83ea-8c437680f4f4@group-4F8965703114-StateMachineUpdater: Took a snapshot at index 6
2019-09-19 21:57:59,948 [d3ea050d-330d-45e5-8945-53fc2c9ea6b1@group-839CFB3610A3-StateMachineUpdater] INFO  impl.StateMachineUpdater (StateMachineUpdater.java:takeSnapshot(258)) - d3ea050d-330d-45e5-8945-53fc2c9ea6b1@group-839CFB3610A3-StateMachineUpdater: Took a snapshot at index 14
2019-09-19 21:57:59,948 [38403d94-8e42-496f-83ea-8c437680f4f4@group-4F8965703114-StateMachineUpdater] INFO  impl.StateMachineUpdater (StateMachineUpdater.java:lambda$new$0(83)) - 38403d94-8e42-496f-83ea-8c437680f4f4@group-4F8965703114-StateMachineUpdater: snapshotIndex: updateIncreasingly -1 -> 6
2019-09-19 21:57:59,948 [d3ea050d-330d-45e5-8945-53fc2c9ea6b1@group-839CFB3610A3-StateMachineUpdater] INFO  impl.StateMachineUpdater (StateMachineUpdater.java:lambda$new$0(83)) - d3ea050d-330d-45e5-8945-53fc2c9ea6b1@group-839CFB3610A3-StateMachineUpdater: snapshotIndex: updateIncreasingly -1 -> 14
2019-09-19 21:57:59,954 [main] INFO  impl.RaftServerImpl (ServerState.java:close(385)) - 38403d94-8e42-496f-83ea-8c437680f4f4@group-4F8965703114: closes. applyIndex: 6
2019-09-19 21:57:59,955 [ForkJoinPool.commonPool-worker-0] INFO  impl.RaftServerImpl (ServerState.java:close(385)) - d3ea050d-330d-45e5-8945-53fc2c9ea6b1@group-839CFB3610A3: closes. applyIndex: 14
2019-09-19 21:57:59,956 [38403d94-8e42-496f-83ea-8c437680f4f4@group-4F8965703114-SegmentedRaftLogWorker] INFO  segmented.SegmentedRaftLogWorker (SegmentedRaftLogWorker.java:run(313)) - 38403d94-8e42-496f-83ea-8c437680f4f4@group-4F8965703114-SegmentedRaftLogWorker was interrupted, exiting. There are 0 tasks remaining in the queue.
2019-09-19 21:57:59,956 [d3ea050d-330d-45e5-8945-53fc2c9ea6b1@group-839CFB3610A3-SegmentedRaftLogWorker] INFO  segmented.SegmentedRaftLogWorker (SegmentedRaftLogWorker.java:run(313)) - d3ea050d-330d-45e5-8945-53fc2c9ea6b1@group-839CFB3610A3-SegmentedRaftLogWorker was interrupted, exiting. There are 0 tasks remaining in the queue.
2019-09-19 21:57:59,965 [ForkJoinPool.commonPool-worker-0] INFO  segmented.SegmentedRaftLogWorker (SegmentedRaftLogWorker.java:close(228)) - d3ea050d-330d-45e5-8945-53fc2c9ea6b1@group-839CFB3610A3-SegmentedRaftLogWorker close()
2019-09-19 21:57:59,965 [main] INFO  segmented.SegmentedRaftLogWorker (SegmentedRaftLogWorker.java:close(228)) - 38403d94-8e42-496f-83ea-8c437680f4f4@group-4F8965703114-SegmentedRaftLogWorker close()
2019-09-19 21:57:59,970 [ForkJoinPool.commonPool-worker-0] INFO  server.GrpcService (GrpcService.java:closeImpl(164)) - d3ea050d-330d-45e5-8945-53fc2c9ea6b1: shutdown server with port 41304 now
2019-09-19 21:57:59,975 [main] INFO  server.GrpcService (GrpcService.java:closeImpl(164)) - 38403d94-8e42-496f-83ea-8c437680f4f4: shutdown server with port 35432 now
2019-09-19 21:57:59,976 [ForkJoinPool.commonPool-worker-0] INFO  server.GrpcService (GrpcService.java:closeImpl(172)) - d3ea050d-330d-45e5-8945-53fc2c9ea6b1: shutdown server with port 41304 successfully
2019-09-19 21:57:59,977 [main] INFO  server.GrpcService (GrpcService.java:closeImpl(172)) - 38403d94-8e42-496f-83ea-8c437680f4f4: shutdown server with port 35432 successfully
2019-09-19 21:57:59,977 [grpc-default-executor-0] WARN  server.GrpcLogAppender (LogUtils.java:warn(134)) - 3e5fa3fc-d239-4b30-ad77-e8b793221ddf@group-4F8965703114->38403d94-8e42-496f-83ea-8c437680f4f4-AppendLogResponseHandler: Failed appendEntries: org.apache.ratis.thirdparty.io.grpc.StatusRuntimeException: CANCELLED: HTTP/2 error code: CANCEL
Received Rst Stream
2019-09-19 21:57:59,977 [grpc-default-executor-9] WARN  server.GrpcServerProtocolService (LogUtils.java:warn(134)) - 38403d94-8e42-496f-83ea-8c437680f4f4: installSnapshot onError, lastRequest: 3e5fa3fc-d239-4b30-ad77-e8b793221ddf->38403d94-8e42-496f-83ea-8c437680f4f4#9-t2, previous=(t:2, i:6), leaderCommit=6, initializing? false, entries: <empty>: org.apache.ratis.thirdparty.io.grpc.StatusRuntimeException: CANCELLED: cancelled before receiving half close
2019-09-19 21:57:59,977 [grpc-default-executor-0] INFO  impl.FollowerInfo (FollowerInfo.java:lambda$new$0(51)) - 3e5fa3fc-d239-4b30-ad77-e8b793221ddf@group-4F8965703114->38403d94-8e42-496f-83ea-8c437680f4f4: nextIndex: updateUnconditionally 7 -> 6
2019-09-19 21:57:59,982 [refreshUsed-/workdir/hadoop-ozone/integration-test/target/test-dir/MiniOzoneClusterImpl-fb7eb67c-97b9-49f2-b2a6-bf5c6712e8c0/datanode-4/data/containers] WARN  fs.CachingGetSpaceUsed (CachingGetSpaceUsed.java:run(183)) - Thread Interrupted waiting to refresh disk information: sleep interrupted
2019-09-19 21:57:59,982 [refreshUsed-/workdir/hadoop-ozone/integration-test/target/test-dir/MiniOzoneClusterImpl-fb7eb67c-97b9-49f2-b2a6-bf5c6712e8c0/datanode-1/data/containers] WARN  fs.CachingGetSpaceUsed (CachingGetSpaceUsed.java:run(183)) - Thread Interrupted waiting to refresh disk information: sleep interrupted
2019-09-19 21:57:59,996 [main] INFO  utils.BackgroundService (BackgroundService.java:shutdown(148)) - Shutting down service BlockDeletingService
2019-09-19 21:57:59,996 [ForkJoinPool.commonPool-worker-0] INFO  utils.BackgroundService (BackgroundService.java:shutdown(148)) - Shutting down service BlockDeletingService
2019-09-19 21:58:00,008 [ForkJoinPool.commonPool-worker-0] INFO  statemachine.DatanodeStateMachine (DatanodeStateMachine.java:stopDaemon(395)) - Ozone container server stopped.
2019-09-19 21:58:00,010 [main] INFO  statemachine.DatanodeStateMachine (DatanodeStateMachine.java:stopDaemon(395)) - Ozone container server stopped.
2019-09-19 21:58:00,017 [ForkJoinPool.commonPool-worker-0] INFO  handler.ContextHandler (ContextHandler.java:doStop(910)) - Stopped o.e.j.w.WebAppContext@7ed8b44{/,null,UNAVAILABLE}{/hddsDatanode}
2019-09-19 21:58:00,017 [main] INFO  handler.ContextHandler (ContextHandler.java:doStop(910)) - Stopped o.e.j.w.WebAppContext@45c90a05{/,null,UNAVAILABLE}{/hddsDatanode}
2019-09-19 21:58:00,018 [ForkJoinPool.commonPool-worker-0] INFO  server.AbstractConnector (AbstractConnector.java:doStop(318)) - Stopped ServerConnector@21280cbb{HTTP/1.1,[http/1.1]}{0.0.0.0:0}
2019-09-19 21:58:00,018 [main] INFO  server.AbstractConnector (AbstractConnector.java:doStop(318)) - Stopped ServerConnector@296676c4{HTTP/1.1,[http/1.1]}{0.0.0.0:0}
2019-09-19 21:58:00,020 [ForkJoinPool.commonPool-worker-0] INFO  handler.ContextHandler (ContextHandler.java:doStop(910)) - Stopped o.e.j.s.ServletContextHandler@6f106af8{/static,jar:file:/home/user/.m2/repository/org/apache/hadoop/hadoop-hdds-container-service/0.5.0-SNAPSHOT/hadoop-hdds-container-service-0.5.0-SNAPSHOT.jar!/webapps/static,UNAVAILABLE}
2019-09-19 21:58:00,020 [main] INFO  handler.ContextHandler (ContextHandler.java:doStop(910)) - Stopped o.e.j.s.ServletContextHandler@7540160e{/static,jar:file:/home/user/.m2/repository/org/apache/hadoop/hadoop-hdds-container-service/0.5.0-SNAPSHOT/hadoop-hdds-container-service-0.5.0-SNAPSHOT.jar!/webapps/static,UNAVAILABLE}
2019-09-19 21:58:00,023 [ForkJoinPool.commonPool-worker-0] INFO  handler.ContextHandler (ContextHandler.java:doStop(910)) - Stopped o.e.j.s.ServletContextHandler@260d48f5{/logs,file:///workdir/hadoop-ozone/integration-test/target/log,UNAVAILABLE}
2019-09-19 21:58:00,023 [main] INFO  handler.ContextHandler (ContextHandler.java:doStop(910)) - Stopped o.e.j.s.ServletContextHandler@2d9de284{/logs,file:///workdir/hadoop-ozone/integration-test/target/log,UNAVAILABLE}
2019-09-19 21:58:00,038 [grpc-default-executor-8] WARN  server.GrpcLogAppender (LogUtils.java:warn(134)) - 3e5fa3fc-d239-4b30-ad77-e8b793221ddf@group-4F8965703114->38403d94-8e42-496f-83ea-8c437680f4f4-AppendLogResponseHandler: Failed appendEntries: org.apache.ratis.thirdparty.io.grpc.StatusRuntimeException: UNAVAILABLE: io exception
2019-09-19 21:58:00,038 [grpc-default-executor-8] INFO  impl.FollowerInfo (FollowerInfo.java:lambda$new$0(51)) - 3e5fa3fc-d239-4b30-ad77-e8b793221ddf@group-4F8965703114->38403d94-8e42-496f-83ea-8c437680f4f4: nextIndex: updateUnconditionally 6 -> 5
2019-09-19 21:58:00,475 [Datanode State Machine Thread - 0] INFO  statemachine.DatanodeStateMachine (DatanodeStateMachine.java:lambda$startDaemon$0(350)) - Ozone container server started.
2019-09-19 21:58:00,755 [Datanode State Machine Thread - 0] INFO  statemachine.DatanodeStateMachine (DatanodeStateMachine.java:lambda$startDaemon$0(350)) - Ozone container server started.
2019-09-19 21:58:02,542 [grpc-default-executor-9] WARN  server.GrpcLogAppender (LogUtils.java:warn(134)) - 3e5fa3fc-d239-4b30-ad77-e8b793221ddf@group-4F8965703114->38403d94-8e42-496f-83ea-8c437680f4f4-AppendLogResponseHandler: Failed appendEntries: org.apache.ratis.thirdparty.io.grpc.StatusRuntimeException: UNAVAILABLE: io exception
2019-09-19 21:58:02,542 [grpc-default-executor-9] INFO  impl.FollowerInfo (FollowerInfo.java:lambda$new$0(51)) - 3e5fa3fc-d239-4b30-ad77-e8b793221ddf@group-4F8965703114->38403d94-8e42-496f-83ea-8c437680f4f4: nextIndex: updateUnconditionally 5 -> 4
2019-09-19 21:58:04,542 [EventQueue-StaleNodeForStaleNodeHandler] INFO  node.StaleNodeHandler (StaleNodeHandler.java:onMessage(58)) - Datanode 3e5fa3fc-d239-4b30-ad77-e8b793221ddf{ip: 192.168.157.232, host: pr-hdds-2020-k2m72-150965138, networkLocation: /default-rack, certSerialId: null} moved to stale state. Finalizing its pipelines [PipelineID=78245385-087e-4daa-982c-4f8965703114, PipelineID=08d41b70-4447-4385-b212-c95fd1007ac4]
2019-09-19 21:58:04,543 [EventQueue-StaleNodeForStaleNodeHandler] INFO  pipeline.SCMPipelineManager (SCMPipelineManager.java:finalizeAndDestroyPipeline(315)) - destroying pipeline:Pipeline[ Id: 78245385-087e-4daa-982c-4f8965703114, Nodes: 38403d94-8e42-496f-83ea-8c437680f4f4{ip: 192.168.157.232, host: pr-hdds-2020-k2m72-150965138, networkLocation: /default-rack, certSerialId: null}3e5fa3fc-d239-4b30-ad77-e8b793221ddf{ip: 192.168.157.232, host: pr-hdds-2020-k2m72-150965138, networkLocation: /default-rack, certSerialId: null}e51f7a00-4888-490c-aa50-986bb4a7b39b{ip: 192.168.157.232, host: pr-hdds-2020-k2m72-150965138, networkLocation: /default-rack, certSerialId: null}, Type:RATIS, Factor:THREE, State:CLOSED]
2019-09-19 21:58:04,543 [EventQueue-StaleNodeForStaleNodeHandler] INFO  pipeline.SCMPipelineManager (SCMPipelineManager.java:finalizeAndDestroyPipeline(315)) - destroying pipeline:Pipeline[ Id: 08d41b70-4447-4385-b212-c95fd1007ac4, Nodes: 3e5fa3fc-d239-4b30-ad77-e8b793221ddf{ip: 192.168.157.232, host: pr-hdds-2020-k2m72-150965138, networkLocation: /default-rack, certSerialId: null}, Type:RATIS, Factor:ONE, State:OPEN]
2019-09-19 21:58:04,544 [EventQueue-StaleNodeForStaleNodeHandler] INFO  pipeline.PipelineStateManager (PipelineStateManager.java:finalizePipeline(123)) - Pipeline Pipeline[ Id: 08d41b70-4447-4385-b212-c95fd1007ac4, Nodes: 3e5fa3fc-d239-4b30-ad77-e8b793221ddf{ip: 192.168.157.232, host: pr-hdds-2020-k2m72-150965138, networkLocation: /default-rack, certSerialId: null}, Type:RATIS, Factor:ONE, State:CLOSED] moved to CLOSED state
2019-09-19 21:58:04,843 [EventQueue-StaleNodeForStaleNodeHandler] INFO  node.StaleNodeHandler (StaleNodeHandler.java:onMessage(58)) - Datanode 8d1d72f7-50a1-491e-ad08-4d5969505416{ip: 192.168.157.232, host: pr-hdds-2020-k2m72-150965138, networkLocation: /default-rack, certSerialId: null} moved to stale state. Finalizing its pipelines [PipelineID=95063c14-993f-4ae7-b5a7-4b7126239beb, PipelineID=92a7349c-cf6e-4788-9689-839cfb3610a3]
2019-09-19 21:58:04,843 [EventQueue-StaleNodeForStaleNodeHandler] INFO  pipeline.SCMPipelineManager (SCMPipelineManager.java:finalizeAndDestroyPipeline(315)) - destroying pipeline:Pipeline[ Id: 95063c14-993f-4ae7-b5a7-4b7126239beb, Nodes: 8d1d72f7-50a1-491e-ad08-4d5969505416{ip: 192.168.157.232, host: pr-hdds-2020-k2m72-150965138, networkLocation: /default-rack, certSerialId: null}, Type:RATIS, Factor:ONE, State:OPEN]
2019-09-19 21:58:04,844 [EventQueue-StaleNodeForStaleNodeHandler] INFO  pipeline.PipelineStateManager (PipelineStateManager.java:finalizePipeline(123)) - Pipeline Pipeline[ Id: 95063c14-993f-4ae7-b5a7-4b7126239beb, Nodes: 8d1d72f7-50a1-491e-ad08-4d5969505416{ip: 192.168.157.232, host: pr-hdds-2020-k2m72-150965138, networkLocation: /default-rack, certSerialId: null}, Type:RATIS, Factor:ONE, State:CLOSED] moved to CLOSED state
2019-09-19 21:58:04,844 [EventQueue-StaleNodeForStaleNodeHandler] INFO  pipeline.SCMPipelineManager (SCMPipelineManager.java:finalizeAndDestroyPipeline(315)) - destroying pipeline:Pipeline[ Id: 92a7349c-cf6e-4788-9689-839cfb3610a3, Nodes: 8d1d72f7-50a1-491e-ad08-4d5969505416{ip: 192.168.157.232, host: pr-hdds-2020-k2m72-150965138, networkLocation: /default-rack, certSerialId: null}b65e3305-f752-472a-8fac-d0a966ba274f{ip: 192.168.157.232, host: pr-hdds-2020-k2m72-150965138, networkLocation: /default-rack, certSerialId: null}d3ea050d-330d-45e5-8945-53fc2c9ea6b1{ip: 192.168.157.232, host: pr-hdds-2020-k2m72-150965138, networkLocation: /default-rack, certSerialId: null}, Type:RATIS, Factor:THREE, State:CLOSED]
2019-09-19 21:58:05,026 [main] INFO  ozoneimpl.OzoneContainer (OzoneContainer.java:stop(231)) - Attempting to stop container services.
2019-09-19 21:58:05,026 [ForkJoinPool.commonPool-worker-0] INFO  ozoneimpl.OzoneContainer (OzoneContainer.java:stop(231)) - Attempting to stop container services.
2019-09-19 21:58:05,037 [ForkJoinPool.commonPool-worker-0] INFO  impl.RaftServerProxy (RaftServerProxy.java:lambda$close$4(314)) - 8d1d72f7-50a1-491e-ad08-4d5969505416: close
2019-09-19 21:58:05,038 [ForkJoinPool.commonPool-worker-0] INFO  impl.RaftServerImpl (RaftServerImpl.java:lambda$shutdown$3(251)) - 8d1d72f7-50a1-491e-ad08-4d5969505416@group-4B7126239BEB: shutdown
2019-09-19 21:58:05,038 [main] INFO  impl.RaftServerProxy (RaftServerProxy.java:lambda$close$4(314)) - 3e5fa3fc-d239-4b30-ad77-e8b793221ddf: close
2019-09-19 21:58:05,038 [ForkJoinPool.commonPool-worker-0] INFO  util.JmxRegister (JmxRegister.java:unregister(73)) - Successfully un-registered JMX Bean with object name Ratis:service=RaftServer,group=group-4B7126239BEB,id=8d1d72f7-50a1-491e-ad08-4d5969505416
2019-09-19 21:58:05,038 [main] INFO  impl.RaftServerImpl (RaftServerImpl.java:lambda$shutdown$3(251)) - 3e5fa3fc-d239-4b30-ad77-e8b793221ddf@group-4F8965703114: shutdown
2019-09-19 21:58:05,038 [ForkJoinPool.commonPool-worker-0] INFO  impl.RoleInfo (RoleInfo.java:shutdownLeaderState(104)) - 8d1d72f7-50a1-491e-ad08-4d5969505416: shutdown LeaderState
2019-09-19 21:58:05,039 [main] INFO  util.JmxRegister (JmxRegister.java:unregister(73)) - Successfully un-registered JMX Bean with object name Ratis:service=RaftServer,group=group-4F8965703114,id=3e5fa3fc-d239-4b30-ad77-e8b793221ddf
2019-09-19 21:58:05,039 [ForkJoinPool.commonPool-worker-0] INFO  impl.PendingRequests (PendingRequests.java:sendNotLeaderResponses(202)) - 8d1d72f7-50a1-491e-ad08-4d5969505416-PendingRequests: sendNotLeaderResponses
2019-09-19 21:58:05,039 [main] INFO  impl.RoleInfo (RoleInfo.java:shutdownLeaderState(104)) - 3e5fa3fc-d239-4b30-ad77-e8b793221ddf: shutdown LeaderState
2019-09-19 21:58:05,044 [main] INFO  impl.PendingRequests (PendingRequests.java:sendNotLeaderResponses(202)) - 3e5fa3fc-d239-4b30-ad77-e8b793221ddf-PendingRequests: sendNotLeaderResponses
2019-09-19 21:58:05,044 [org.apache.ratis.server.impl.LogAppender$AppenderDaemon$$Lambda$509/1310956685@2cfd7e8c] WARN  server.GrpcLogAppender (GrpcLogAppender.java:mayWait(143)) - 3e5fa3fc-d239-4b30-ad77-e8b793221ddf@group-4F8965703114->e51f7a00-4888-490c-aa50-986bb4a7b39b-GrpcLogAppender: Wait interrupted by java.lang.InterruptedException
2019-09-19 21:58:05,044 [ForkJoinPool.commonPool-worker-0] INFO  impl.StateMachineUpdater (StateMachineUpdater.java:stopAndJoin(125)) - 8d1d72f7-50a1-491e-ad08-4d5969505416@group-4B7126239BEB-StateMachineUpdater: set stopIndex = 0
2019-09-19 21:58:05,045 [main] INFO  impl.StateMachineUpdater (StateMachineUpdater.java:stopAndJoin(125)) - 3e5fa3fc-d239-4b30-ad77-e8b793221ddf@group-4F8965703114-StateMachineUpdater: set stopIndex = 6
2019-09-19 21:58:05,045 [ForkJoinPool.commonPool-worker-0] INFO  impl.RaftServerImpl (ServerState.java:close(385)) - 8d1d72f7-50a1-491e-ad08-4d5969505416@group-4B7126239BEB: closes. applyIndex: 0
2019-09-19 21:58:05,045 [3e5fa3fc-d239-4b30-ad77-e8b793221ddf@group-4F8965703114-StateMachineUpdater] INFO  ratis.ContainerStateMachine (ContainerStateMachine.java:takeSnapshot(289)) - group-4F8965703114: Taking a snapshot at:(t:2, i:6) file /workdir/hadoop-ozone/integration-test/target/test-dir/MiniOzoneClusterImpl-fb7eb67c-97b9-49f2-b2a6-bf5c6712e8c0/datanode-3/data/ratis/78245385-087e-4daa-982c-4f8965703114/sm/snapshot.2_6
2019-09-19 21:58:05,046 [8d1d72f7-50a1-491e-ad08-4d5969505416@group-4B7126239BEB-SegmentedRaftLogWorker] INFO  segmented.SegmentedRaftLogWorker (SegmentedRaftLogWorker.java:run(313)) - 8d1d72f7-50a1-491e-ad08-4d5969505416@group-4B7126239BEB-SegmentedRaftLogWorker was interrupted, exiting. There are 0 tasks remaining in the queue.
2019-09-19 21:58:05,048 [grpc-default-executor-9] INFO  server.GrpcServerProtocolService (GrpcServerProtocolService.java:onCompleted(113)) - e51f7a00-4888-490c-aa50-986bb4a7b39b: Completed APPEND_ENTRIES, lastRequest: 3e5fa3fc-d239-4b30-ad77-e8b793221ddf->e51f7a00-4888-490c-aa50-986bb4a7b39b#11-t2, previous=(t:2, i:6), leaderCommit=6, initializing? false, entries: <empty>
2019-09-19 21:58:05,049 [ForkJoinPool.commonPool-worker-0] INFO  segmented.SegmentedRaftLogWorker (SegmentedRaftLogWorker.java:close(228)) - 8d1d72f7-50a1-491e-ad08-4d5969505416@group-4B7126239BEB-SegmentedRaftLogWorker close()
2019-09-19 21:58:05,054 [ForkJoinPool.commonPool-worker-0] INFO  impl.RaftServerImpl (RaftServerImpl.java:lambda$shutdown$3(251)) - 8d1d72f7-50a1-491e-ad08-4d5969505416@group-839CFB3610A3: shutdown
2019-09-19 21:58:05,054 [org.apache.ratis.server.impl.LogAppender$AppenderDaemon$$Lambda$509/1310956685@7390e70a] WARN  server.GrpcLogAppender (GrpcLogAppender.java:mayWait(143)) - 3e5fa3fc-d239-4b30-ad77-e8b793221ddf@group-4F8965703114->38403d94-8e42-496f-83ea-8c437680f4f4-GrpcLogAppender: Wait interrupted by java.lang.InterruptedException
2019-09-19 21:58:05,054 [ForkJoinPool.commonPool-worker-0] INFO  util.JmxRegister (JmxRegister.java:unregister(73)) - Successfully un-registered JMX Bean with object name Ratis:service=RaftServer,group=group-839CFB3610A3,id=8d1d72f7-50a1-491e-ad08-4d5969505416
2019-09-19 21:58:05,054 [ForkJoinPool.commonPool-worker-0] INFO  impl.RoleInfo (RoleInfo.java:shutdownFollowerState(121)) - 8d1d72f7-50a1-491e-ad08-4d5969505416: shutdown FollowerState
2019-09-19 21:58:05,054 [grpc-default-executor-8] INFO  server.GrpcLogAppender (GrpcLogAppender.java:onCompleted(293)) - 3e5fa3fc-d239-4b30-ad77-e8b793221ddf@group-4F8965703114->e51f7a00-4888-490c-aa50-986bb4a7b39b-AppendLogResponseHandler: follower responses appendEntries COMPLETED
2019-09-19 21:58:05,055 [Thread-4667] INFO  impl.FollowerState (FollowerState.java:run(115)) - 8d1d72f7-50a1-491e-ad08-4d5969505416: FollowerState was interrupted: java.lang.InterruptedException: sleep interrupted
2019-09-19 21:58:05,054 [8d1d72f7-50a1-491e-ad08-4d5969505416@group-839CFB3610A3-StateMachineUpdater] INFO  ratis.ContainerStateMachine (ContainerStateMachine.java:takeSnapshot(289)) - group-839CFB3610A3: Taking a snapshot at:(t:1, i:12) file /workdir/hadoop-ozone/integration-test/target/test-dir/MiniOzoneClusterImpl-fb7eb67c-97b9-49f2-b2a6-bf5c6712e8c0/datanode-2/data/ratis/92a7349c-cf6e-4788-9689-839cfb3610a3/sm/snapshot.1_12
2019-09-19 21:58:05,054 [ForkJoinPool.commonPool-worker-0] INFO  impl.StateMachineUpdater (StateMachineUpdater.java:stopAndJoin(125)) - 8d1d72f7-50a1-491e-ad08-4d5969505416@group-839CFB3610A3-StateMachineUpdater: set stopIndex = 14
2019-09-19 21:58:05,058 [grpc-default-executor-9] INFO  server.GrpcLogAppender (GrpcLogAppender.java:onError(282)) - 3e5fa3fc-d239-4b30-ad77-e8b793221ddf@group-4F8965703114->38403d94-8e42-496f-83ea-8c437680f4f4-GrpcLogAppender is stopped
2019-09-19 21:58:05,067 [grpc-default-executor-8] INFO  impl.FollowerInfo (FollowerInfo.java:lambda$new$0(51)) - 3e5fa3fc-d239-4b30-ad77-e8b793221ddf@group-4F8965703114->e51f7a00-4888-490c-aa50-986bb4a7b39b: nextIndex: updateUnconditionally 7 -> 6
2019-09-19 21:58:05,074 [8d1d72f7-50a1-491e-ad08-4d5969505416@group-839CFB3610A3-StateMachineUpdater] INFO  ratis.ContainerStateMachine (ContainerStateMachine.java:takeSnapshot(300)) - group-839CFB3610A3: Finished taking a snapshot at:(t:1, i:12) file:/workdir/hadoop-ozone/integration-test/target/test-dir/MiniOzoneClusterImpl-fb7eb67c-97b9-49f2-b2a6-bf5c6712e8c0/datanode-2/data/ratis/92a7349c-cf6e-4788-9689-839cfb3610a3/sm/snapshot.1_12 time:19
2019-09-19 21:58:05,074 [3e5fa3fc-d239-4b30-ad77-e8b793221ddf@group-4F8965703114-StateMachineUpdater] INFO  ratis.ContainerStateMachine (ContainerStateMachine.java:takeSnapshot(300)) - group-4F8965703114: Finished taking a snapshot at:(t:2, i:6) file:/workdir/hadoop-ozone/integration-test/target/test-dir/MiniOzoneClusterImpl-fb7eb67c-97b9-49f2-b2a6-bf5c6712e8c0/datanode-3/data/ratis/78245385-087e-4daa-982c-4f8965703114/sm/snapshot.2_6 time:28
2019-09-19 21:58:05,074 [8d1d72f7-50a1-491e-ad08-4d5969505416@group-839CFB3610A3-StateMachineUpdater] INFO  impl.StateMachineUpdater (StateMachineUpdater.java:takeSnapshot(258)) - 8d1d72f7-50a1-491e-ad08-4d5969505416@group-839CFB3610A3-StateMachineUpdater: Took a snapshot at index 12
2019-09-19 21:58:05,074 [8d1d72f7-50a1-491e-ad08-4d5969505416@group-839CFB3610A3-StateMachineUpdater] INFO  impl.StateMachineUpdater (StateMachineUpdater.java:lambda$new$0(83)) - 8d1d72f7-50a1-491e-ad08-4d5969505416@group-839CFB3610A3-StateMachineUpdater: snapshotIndex: updateIncreasingly -1 -> 12
2019-09-19 21:58:05,074 [3e5fa3fc-d239-4b30-ad77-e8b793221ddf@group-4F8965703114-StateMachineUpdater] INFO  impl.StateMachineUpdater (StateMachineUpdater.java:takeSnapshot(258)) - 3e5fa3fc-d239-4b30-ad77-e8b793221ddf@group-4F8965703114-StateMachineUpdater: Took a snapshot at index 6
2019-09-19 21:58:05,074 [3e5fa3fc-d239-4b30-ad77-e8b793221ddf@group-4F8965703114-StateMachineUpdater] INFO  impl.StateMachineUpdater (StateMachineUpdater.java:lambda$new$0(83)) - 3e5fa3fc-d239-4b30-ad77-e8b793221ddf@group-4F8965703114-StateMachineUpdater: snapshotIndex: updateIncreasingly -1 -> 6
2019-09-19 21:58:05,075 [8d1d72f7-50a1-491e-ad08-4d5969505416@group-839CFB3610A3-StateMachineUpdater] INFO  ratis.ContainerStateMachine (ContainerStateMachine.java:takeSnapshot(289)) - group-839CFB3610A3: Taking a snapshot at:(t:1, i:12) file /workdir/hadoop-ozone/integration-test/target/test-dir/MiniOzoneClusterImpl-fb7eb67c-97b9-49f2-b2a6-bf5c6712e8c0/datanode-2/data/ratis/92a7349c-cf6e-4788-9689-839cfb3610a3/sm/snapshot.1_12
2019-09-19 21:58:05,075 [main] INFO  impl.RaftServerImpl (ServerState.java:close(385)) - 3e5fa3fc-d239-4b30-ad77-e8b793221ddf@group-4F8965703114: closes. applyIndex: 6
2019-09-19 21:58:05,075 [3e5fa3fc-d239-4b30-ad77-e8b793221ddf@group-4F8965703114-SegmentedRaftLogWorker] INFO  segmented.SegmentedRaftLogWorker (SegmentedRaftLogWorker.java:run(313)) - 3e5fa3fc-d239-4b30-ad77-e8b793221ddf@group-4F8965703114-SegmentedRaftLogWorker was interrupted, exiting. There are 0 tasks remaining in the queue.
2019-09-19 21:58:05,078 [main] INFO  segmented.SegmentedRaftLogWorker (SegmentedRaftLogWorker.java:close(228)) - 3e5fa3fc-d239-4b30-ad77-e8b793221ddf@group-4F8965703114-SegmentedRaftLogWorker close()
2019-09-19 21:58:05,083 [main] INFO  impl.RaftServerImpl (RaftServerImpl.java:lambda$shutdown$3(251)) - 3e5fa3fc-d239-4b30-ad77-e8b793221ddf@group-C95FD1007AC4: shutdown
2019-09-19 21:58:05,083 [main] INFO  util.JmxRegister (JmxRegister.java:unregister(73)) - Successfully un-registered JMX Bean with object name Ratis:service=RaftServer,group=group-C95FD1007AC4,id=3e5fa3fc-d239-4b30-ad77-e8b793221ddf
2019-09-19 21:58:05,083 [main] INFO  impl.RoleInfo (RoleInfo.java:shutdownLeaderState(104)) - 3e5fa3fc-d239-4b30-ad77-e8b793221ddf: shutdown LeaderState
2019-09-19 21:58:05,084 [main] INFO  impl.PendingRequests (PendingRequests.java:sendNotLeaderResponses(202)) - 3e5fa3fc-d239-4b30-ad77-e8b793221ddf-PendingRequests: sendNotLeaderResponses
2019-09-19 21:58:05,084 [main] INFO  impl.StateMachineUpdater (StateMachineUpdater.java:stopAndJoin(125)) - 3e5fa3fc-d239-4b30-ad77-e8b793221ddf@group-C95FD1007AC4-StateMachineUpdater: set stopIndex = 0
2019-09-19 21:58:05,084 [main] INFO  impl.RaftServerImpl (ServerState.java:close(385)) - 3e5fa3fc-d239-4b30-ad77-e8b793221ddf@group-C95FD1007AC4: closes. applyIndex: 0
2019-09-19 21:58:05,085 [3e5fa3fc-d239-4b30-ad77-e8b793221ddf@group-C95FD1007AC4-SegmentedRaftLogWorker] INFO  segmented.SegmentedRaftLogWorker (SegmentedRaftLogWorker.java:run(313)) - 3e5fa3fc-d239-4b30-ad77-e8b793221ddf@group-C95FD1007AC4-SegmentedRaftLogWorker was interrupted, exiting. There are 0 tasks remaining in the queue.
2019-09-19 21:58:05,087 [main] INFO  segmented.SegmentedRaftLogWorker (SegmentedRaftLogWorker.java:close(228)) - 3e5fa3fc-d239-4b30-ad77-e8b793221ddf@group-C95FD1007AC4-SegmentedRaftLogWorker close()
2019-09-19 21:58:05,102 [8d1d72f7-50a1-491e-ad08-4d5969505416@group-839CFB3610A3-StateMachineUpdater] INFO  ratis.ContainerStateMachine (ContainerStateMachine.java:takeSnapshot(300)) - group-839CFB3610A3: Finished taking a snapshot at:(t:1, i:12) file:/workdir/hadoop-ozone/integration-test/target/test-dir/MiniOzoneClusterImpl-fb7eb67c-97b9-49f2-b2a6-bf5c6712e8c0/datanode-2/data/ratis/92a7349c-cf6e-4788-9689-839cfb3610a3/sm/snapshot.1_12 time:13
2019-09-19 21:58:05,102 [main] INFO  server.GrpcService (GrpcService.java:closeImpl(164)) - 3e5fa3fc-d239-4b30-ad77-e8b793221ddf: shutdown server with port 46026 now
2019-09-19 21:58:05,102 [8d1d72f7-50a1-491e-ad08-4d5969505416@group-839CFB3610A3-StateMachineUpdater] INFO  impl.StateMachineUpdater (StateMachineUpdater.java:takeSnapshot(258)) - 8d1d72f7-50a1-491e-ad08-4d5969505416@group-839CFB3610A3-StateMachineUpdater: Took a snapshot at index 12
2019-09-19 21:58:05,103 [8d1d72f7-50a1-491e-ad08-4d5969505416@group-839CFB3610A3-StateMachineUpdater] INFO  impl.StateMachineUpdater (StateMachineUpdater.java:lambda$new$0(83)) - 8d1d72f7-50a1-491e-ad08-4d5969505416@group-839CFB3610A3-StateMachineUpdater: snapshotIndex: updateIncreasingly 12 -> 12
2019-09-19 21:58:05,103 [ForkJoinPool.commonPool-worker-0] INFO  impl.RaftServerImpl (ServerState.java:close(385)) - 8d1d72f7-50a1-491e-ad08-4d5969505416@group-839CFB3610A3: closes. applyIndex: 14
2019-09-19 21:58:05,103 [grpc-default-executor-9] WARN  client.GrpcClientProtocolService (LogUtils.java:warn(134)) - 2-UnorderedRequestStreamObserver2: onError: org.apache.ratis.thirdparty.io.grpc.StatusRuntimeException: CANCELLED: cancelled before receiving half close
2019-09-19 21:58:05,104 [main] INFO  server.GrpcService (GrpcService.java:closeImpl(172)) - 3e5fa3fc-d239-4b30-ad77-e8b793221ddf: shutdown server with port 46026 successfully
2019-09-19 21:58:05,104 [8d1d72f7-50a1-491e-ad08-4d5969505416@group-839CFB3610A3-SegmentedRaftLogWorker] INFO  segmented.SegmentedRaftLogWorker (SegmentedRaftLogWorker.java:run(313)) - 8d1d72f7-50a1-491e-ad08-4d5969505416@group-839CFB3610A3-SegmentedRaftLogWorker was interrupted, exiting. There are 0 tasks remaining in the queue.
2019-09-19 21:58:05,106 [ForkJoinPool.commonPool-worker-0] INFO  segmented.SegmentedRaftLogWorker (SegmentedRaftLogWorker.java:close(228)) - 8d1d72f7-50a1-491e-ad08-4d5969505416@group-839CFB3610A3-SegmentedRaftLogWorker close()
2019-09-19 21:58:05,108 [ForkJoinPool.commonPool-worker-0] INFO  server.GrpcService (GrpcService.java:closeImpl(164)) - 8d1d72f7-50a1-491e-ad08-4d5969505416: shutdown server with port 39825 now
2019-09-19 21:58:05,108 [ForkJoinPool.commonPool-worker-0] INFO  server.GrpcService (GrpcService.java:closeImpl(172)) - 8d1d72f7-50a1-491e-ad08-4d5969505416: shutdown server with port 39825 successfully
2019-09-19 21:58:05,116 [refreshUsed-/workdir/hadoop-ozone/integration-test/target/test-dir/MiniOzoneClusterImpl-fb7eb67c-97b9-49f2-b2a6-bf5c6712e8c0/datanode-2/data/containers] WARN  fs.CachingGetSpaceUsed (CachingGetSpaceUsed.java:run(183)) - Thread Interrupted waiting to refresh disk information: sleep interrupted
2019-09-19 21:58:05,116 [refreshUsed-/workdir/hadoop-ozone/integration-test/target/test-dir/MiniOzoneClusterImpl-fb7eb67c-97b9-49f2-b2a6-bf5c6712e8c0/datanode-3/data/containers] WARN  fs.CachingGetSpaceUsed (CachingGetSpaceUsed.java:run(183)) - Thread Interrupted waiting to refresh disk information: sleep interrupted
2019-09-19 21:58:05,131 [main] INFO  utils.BackgroundService (BackgroundService.java:shutdown(148)) - Shutting down service BlockDeletingService
2019-09-19 21:58:05,132 [ForkJoinPool.commonPool-worker-0] INFO  utils.BackgroundService (BackgroundService.java:shutdown(148)) - Shutting down service BlockDeletingService
2019-09-19 21:58:05,140 [main] INFO  statemachine.DatanodeStateMachine (DatanodeStateMachine.java:stopDaemon(395)) - Ozone container server stopped.
2019-09-19 21:58:05,140 [ForkJoinPool.commonPool-worker-0] INFO  statemachine.DatanodeStateMachine (DatanodeStateMachine.java:stopDaemon(395)) - Ozone container server stopped.
2019-09-19 21:58:05,146 [main] INFO  handler.ContextHandler (ContextHandler.java:doStop(910)) - Stopped o.e.j.w.WebAppContext@47be41c6{/,null,UNAVAILABLE}{/hddsDatanode}
2019-09-19 21:58:05,148 [ForkJoinPool.commonPool-worker-0] INFO  handler.ContextHandler (ContextHandler.java:doStop(910)) - Stopped o.e.j.w.WebAppContext@7fac18dc{/,null,UNAVAILABLE}{/hddsDatanode}
2019-09-19 21:58:05,149 [main] INFO  server.AbstractConnector (AbstractConnector.java:doStop(318)) - Stopped ServerConnector@608b35fa{HTTP/1.1,[http/1.1]}{0.0.0.0:0}
2019-09-19 21:58:05,149 [ForkJoinPool.commonPool-worker-0] INFO  server.AbstractConnector (AbstractConnector.java:doStop(318)) - Stopped ServerConnector@50bf795f{HTTP/1.1,[http/1.1]}{0.0.0.0:0}
2019-09-19 21:58:05,149 [main] INFO  handler.ContextHandler (ContextHandler.java:doStop(910)) - Stopped o.e.j.s.ServletContextHandler@74764622{/static,jar:file:/home/user/.m2/repository/org/apache/hadoop/hadoop-hdds-container-service/0.5.0-SNAPSHOT/hadoop-hdds-container-service-0.5.0-SNAPSHOT.jar!/webapps/static,UNAVAILABLE}
2019-09-19 21:58:05,151 [ForkJoinPool.commonPool-worker-0] INFO  handler.ContextHandler (ContextHandler.java:doStop(910)) - Stopped o.e.j.s.ServletContextHandler@756c67cd{/static,jar:file:/home/user/.m2/repository/org/apache/hadoop/hadoop-hdds-container-service/0.5.0-SNAPSHOT/hadoop-hdds-container-service-0.5.0-SNAPSHOT.jar!/webapps/static,UNAVAILABLE}
2019-09-19 21:58:05,151 [main] INFO  handler.ContextHandler (ContextHandler.java:doStop(910)) - Stopped o.e.j.s.ServletContextHandler@733fae8{/logs,file:///workdir/hadoop-ozone/integration-test/target/log,UNAVAILABLE}
2019-09-19 21:58:05,153 [ForkJoinPool.commonPool-worker-0] INFO  handler.ContextHandler (ContextHandler.java:doStop(910)) - Stopped o.e.j.s.ServletContextHandler@7de6549d{/logs,file:///workdir/hadoop-ozone/integration-test/target/log,UNAVAILABLE}
2019-09-19 21:58:05,328 [Datanode State Machine Thread - 0] INFO  statemachine.DatanodeStateMachine (DatanodeStateMachine.java:lambda$startDaemon$0(350)) - Ozone container server started.
2019-09-19 21:58:05,784 [Datanode State Machine Thread - 0] INFO  statemachine.DatanodeStateMachine (DatanodeStateMachine.java:lambda$startDaemon$0(350)) - Ozone container server started.
2019-09-19 21:58:06,527 [Thread-4666] INFO  impl.FollowerState (FollowerState.java:run(106)) - b65e3305-f752-472a-8fac-d0a966ba274f:group-839CFB3610A3 changes to CANDIDATE, lastRpcTime:6720, electionTimeout:5157ms
2019-09-19 21:58:06,527 [Thread-4666] INFO  impl.RoleInfo (RoleInfo.java:shutdownFollowerState(121)) - b65e3305-f752-472a-8fac-d0a966ba274f: shutdown FollowerState
2019-09-19 21:58:06,527 [Thread-4666] INFO  impl.RaftServerImpl (RaftServerImpl.java:setRole(174)) - b65e3305-f752-472a-8fac-d0a966ba274f@group-839CFB3610A3: changes role from  FOLLOWER to CANDIDATE at term 1 for changeToCandidate
2019-09-19 21:58:06,527 [Thread-4666] INFO  impl.RoleInfo (RoleInfo.java:updateAndGet(143)) - b65e3305-f752-472a-8fac-d0a966ba274f: start LeaderElection
2019-09-19 21:58:06,531 [b65e3305-f752-472a-8fac-d0a966ba274f@group-839CFB3610A3:LeaderElection120] INFO  impl.RaftServerImpl (ServerState.java:setLeader(253)) - b65e3305-f752-472a-8fac-d0a966ba274f@group-839CFB3610A3: change Leader from d3ea050d-330d-45e5-8945-53fc2c9ea6b1 to null at term 1 for initElection
2019-09-19 21:58:06,557 [b65e3305-f752-472a-8fac-d0a966ba274f@group-839CFB3610A3:LeaderElection120] INFO  impl.LeaderElection (LeaderElection.java:askForVotes(182)) - b65e3305-f752-472a-8fac-d0a966ba274f@group-839CFB3610A3:LeaderElection120: begin an election at term 2 for 0: [b65e3305-f752-472a-8fac-d0a966ba274f:192.168.157.232:36803, 8d1d72f7-50a1-491e-ad08-4d5969505416:192.168.157.232:39825, d3ea050d-330d-45e5-8945-53fc2c9ea6b1:192.168.157.232:41304], old=null
2019-09-19 21:58:06,560 [b65e3305-f752-472a-8fac-d0a966ba274f@group-839CFB3610A3:LeaderElection120] INFO  impl.LeaderElection (LogUtils.java:infoOrTrace(149)) - b65e3305-f752-472a-8fac-d0a966ba274f@group-839CFB3610A3:LeaderElection120 got exception when requesting votes: {}
java.util.concurrent.ExecutionException: org.apache.ratis.thirdparty.io.grpc.StatusRuntimeException: UNAVAILABLE: io exception
	at java.util.concurrent.FutureTask.report(FutureTask.java:122)
	at java.util.concurrent.FutureTask.get(FutureTask.java:192)
	at org.apache.ratis.server.impl.LeaderElection.waitForResults(LeaderElection.java:263)
	at org.apache.ratis.server.impl.LeaderElection.askForVotes(LeaderElection.java:201)
	at org.apache.ratis.server.impl.LeaderElection.run(LeaderElection.java:133)
	at java.lang.Thread.run(Thread.java:748)
Caused by: org.apache.ratis.thirdparty.io.grpc.StatusRuntimeException: UNAVAILABLE: io exception
	at org.apache.ratis.thirdparty.io.grpc.stub.ClientCalls.toStatusRuntimeException(ClientCalls.java:233)
	at org.apache.ratis.thirdparty.io.grpc.stub.ClientCalls.getUnchecked(ClientCalls.java:214)
	at org.apache.ratis.thirdparty.io.grpc.stub.ClientCalls.blockingUnaryCall(ClientCalls.java:139)
	at org.apache.ratis.proto.grpc.RaftServerProtocolServiceGrpc$RaftServerProtocolServiceBlockingStub.requestVote(RaftServerProtocolServiceGrpc.java:265)
	at org.apache.ratis.grpc.server.GrpcServerProtocolClient.requestVote(GrpcServerProtocolClient.java:90)
	at org.apache.ratis.grpc.server.GrpcService.requestVote(GrpcService.java:204)
	at org.apache.ratis.server.impl.LeaderElection.lambda$submitRequests$1(LeaderElection.java:238)
	at java.util.concurrent.FutureTask.run(FutureTask.java:266)
	at java.util.concurrent.Executors$RunnableAdapter.call(Executors.java:511)
	at java.util.concurrent.FutureTask.run(FutureTask.java:266)
	at java.util.concurrent.ThreadPoolExecutor.runWorker(ThreadPoolExecutor.java:1149)
	at java.util.concurrent.ThreadPoolExecutor$Worker.run(ThreadPoolExecutor.java:624)
	... 1 more
Caused by: org.apache.ratis.thirdparty.io.netty.channel.AbstractChannel$AnnotatedConnectException: Connection refused: /192.168.157.232:41304
	at sun.nio.ch.SocketChannelImpl.checkConnect(Native Method)
	at sun.nio.ch.SocketChannelImpl.finishConnect(SocketChannelImpl.java:717)
	at org.apache.ratis.thirdparty.io.netty.channel.socket.nio.NioSocketChannel.doFinishConnect(NioSocketChannel.java:327)
	at org.apache.ratis.thirdparty.io.netty.channel.nio.AbstractNioChannel$AbstractNioUnsafe.finishConnect(AbstractNioChannel.java:340)
	at org.apache.ratis.thirdparty.io.netty.channel.nio.NioEventLoop.processSelectedKey(NioEventLoop.java:632)
	at org.apache.ratis.thirdparty.io.netty.channel.nio.NioEventLoop.processSelectedKeysOptimized(NioEventLoop.java:579)
	at org.apache.ratis.thirdparty.io.netty.channel.nio.NioEventLoop.processSelectedKeys(NioEventLoop.java:496)
	at org.apache.ratis.thirdparty.io.netty.channel.nio.NioEventLoop.run(NioEventLoop.java:458)
	at org.apache.ratis.thirdparty.io.netty.util.concurrent.SingleThreadEventExecutor$5.run(SingleThreadEventExecutor.java:897)
	at org.apache.ratis.thirdparty.io.netty.util.concurrent.FastThreadLocalRunnable.run(FastThreadLocalRunnable.java:30)
	... 1 more
Caused by: java.net.ConnectException: Connection refused
	... 11 more
2019-09-19 21:58:06,563 [b65e3305-f752-472a-8fac-d0a966ba274f@group-839CFB3610A3:LeaderElection120] INFO  impl.LeaderElection (LogUtils.java:infoOrTrace(149)) - b65e3305-f752-472a-8fac-d0a966ba274f@group-839CFB3610A3:LeaderElection120 got exception when requesting votes: {}
java.util.concurrent.ExecutionException: org.apache.ratis.thirdparty.io.grpc.StatusRuntimeException: UNAVAILABLE: io exception
	at java.util.concurrent.FutureTask.report(FutureTask.java:122)
	at java.util.concurrent.FutureTask.get(FutureTask.java:192)
	at org.apache.ratis.server.impl.LeaderElection.waitForResults(LeaderElection.java:263)
	at org.apache.ratis.server.impl.LeaderElection.askForVotes(LeaderElection.java:201)
	at org.apache.ratis.server.impl.LeaderElection.run(LeaderElection.java:133)
	at java.lang.Thread.run(Thread.java:748)
Caused by: org.apache.ratis.thirdparty.io.grpc.StatusRuntimeException: UNAVAILABLE: io exception
	at org.apache.ratis.thirdparty.io.grpc.stub.ClientCalls.toStatusRuntimeException(ClientCalls.java:233)
	at org.apache.ratis.thirdparty.io.grpc.stub.ClientCalls.getUnchecked(ClientCalls.java:214)
	at org.apache.ratis.thirdparty.io.grpc.stub.ClientCalls.blockingUnaryCall(ClientCalls.java:139)
	at org.apache.ratis.proto.grpc.RaftServerProtocolServiceGrpc$RaftServerProtocolServiceBlockingStub.requestVote(RaftServerProtocolServiceGrpc.java:265)
	at org.apache.ratis.grpc.server.GrpcServerProtocolClient.requestVote(GrpcServerProtocolClient.java:90)
	at org.apache.ratis.grpc.server.GrpcService.requestVote(GrpcService.java:204)
	at org.apache.ratis.server.impl.LeaderElection.lambda$submitRequests$1(LeaderElection.java:238)
	at java.util.concurrent.FutureTask.run(FutureTask.java:266)
	at java.util.concurrent.Executors$RunnableAdapter.call(Executors.java:511)
	at java.util.concurrent.FutureTask.run(FutureTask.java:266)
	at java.util.concurrent.ThreadPoolExecutor.runWorker(ThreadPoolExecutor.java:1149)
	at java.util.concurrent.ThreadPoolExecutor$Worker.run(ThreadPoolExecutor.java:624)
	... 1 more
Caused by: org.apache.ratis.thirdparty.io.netty.channel.AbstractChannel$AnnotatedConnectException: Connection refused: /192.168.157.232:39825
	at sun.nio.ch.SocketChannelImpl.checkConnect(Native Method)
	at sun.nio.ch.SocketChannelImpl.finishConnect(SocketChannelImpl.java:717)
	at org.apache.ratis.thirdparty.io.netty.channel.socket.nio.NioSocketChannel.doFinishConnect(NioSocketChannel.java:327)
	at org.apache.ratis.thirdparty.io.netty.channel.nio.AbstractNioChannel$AbstractNioUnsafe.finishConnect(AbstractNioChannel.java:340)
	at org.apache.ratis.thirdparty.io.netty.channel.nio.NioEventLoop.processSelectedKey(NioEventLoop.java:632)
	at org.apache.ratis.thirdparty.io.netty.channel.nio.NioEventLoop.processSelectedKeysOptimized(NioEventLoop.java:579)
	at org.apache.ratis.thirdparty.io.netty.channel.nio.NioEventLoop.processSelectedKeys(NioEventLoop.java:496)
	at org.apache.ratis.thirdparty.io.netty.channel.nio.NioEventLoop.run(NioEventLoop.java:458)
	at org.apache.ratis.thirdparty.io.netty.util.concurrent.SingleThreadEventExecutor$5.run(SingleThreadEventExecutor.java:897)
	at org.apache.ratis.thirdparty.io.netty.util.concurrent.FastThreadLocalRunnable.run(FastThreadLocalRunnable.java:30)
	... 1 more
Caused by: java.net.ConnectException: Connection refused
	... 11 more
2019-09-19 21:58:06,565 [b65e3305-f752-472a-8fac-d0a966ba274f@group-839CFB3610A3:LeaderElection120] INFO  impl.LeaderElection (LeaderElection.java:logAndReturn(56)) - b65e3305-f752-472a-8fac-d0a966ba274f@group-839CFB3610A3:LeaderElection120: Election REJECTED; received 0 response(s) [] and 2 exception(s); b65e3305-f752-472a-8fac-d0a966ba274f@group-839CFB3610A3:t2, leader=null, voted=b65e3305-f752-472a-8fac-d0a966ba274f, raftlog=b65e3305-f752-472a-8fac-d0a966ba274f@group-839CFB3610A3-SegmentedRaftLog:OPENED:c14,f14,i14, conf=0: [b65e3305-f752-472a-8fac-d0a966ba274f:192.168.157.232:36803, 8d1d72f7-50a1-491e-ad08-4d5969505416:192.168.157.232:39825, d3ea050d-330d-45e5-8945-53fc2c9ea6b1:192.168.157.232:41304], old=null
2019-09-19 21:58:06,565 [b65e3305-f752-472a-8fac-d0a966ba274f@group-839CFB3610A3:LeaderElection120] INFO  impl.LeaderElection (LogUtils.java:infoOrTrace(149)) -   Exception 0: {}
java.util.concurrent.ExecutionException: org.apache.ratis.thirdparty.io.grpc.StatusRuntimeException: UNAVAILABLE: io exception
	at java.util.concurrent.FutureTask.report(FutureTask.java:122)
	at java.util.concurrent.FutureTask.get(FutureTask.java:192)
	at org.apache.ratis.server.impl.LeaderElection.waitForResults(LeaderElection.java:263)
	at org.apache.ratis.server.impl.LeaderElection.askForVotes(LeaderElection.java:201)
	at org.apache.ratis.server.impl.LeaderElection.run(LeaderElection.java:133)
	at java.lang.Thread.run(Thread.java:748)
Caused by: org.apache.ratis.thirdparty.io.grpc.StatusRuntimeException: UNAVAILABLE: io exception
	at org.apache.ratis.thirdparty.io.grpc.stub.ClientCalls.toStatusRuntimeException(ClientCalls.java:233)
	at org.apache.ratis.thirdparty.io.grpc.stub.ClientCalls.getUnchecked(ClientCalls.java:214)
	at org.apache.ratis.thirdparty.io.grpc.stub.ClientCalls.blockingUnaryCall(ClientCalls.java:139)
	at org.apache.ratis.proto.grpc.RaftServerProtocolServiceGrpc$RaftServerProtocolServiceBlockingStub.requestVote(RaftServerProtocolServiceGrpc.java:265)
	at org.apache.ratis.grpc.server.GrpcServerProtocolClient.requestVote(GrpcServerProtocolClient.java:90)
	at org.apache.ratis.grpc.server.GrpcService.requestVote(GrpcService.java:204)
	at org.apache.ratis.server.impl.LeaderElection.lambda$submitRequests$1(LeaderElection.java:238)
	at java.util.concurrent.FutureTask.run(FutureTask.java:266)
	at java.util.concurrent.Executors$RunnableAdapter.call(Executors.java:511)
	at java.util.concurrent.FutureTask.run(FutureTask.java:266)
	at java.util.concurrent.ThreadPoolExecutor.runWorker(ThreadPoolExecutor.java:1149)
	at java.util.concurrent.ThreadPoolExecutor$Worker.run(ThreadPoolExecutor.java:624)
	... 1 more
Caused by: org.apache.ratis.thirdparty.io.netty.channel.AbstractChannel$AnnotatedConnectException: Connection refused: /192.168.157.232:41304
	at sun.nio.ch.SocketChannelImpl.checkConnect(Native Method)
	at sun.nio.ch.SocketChannelImpl.finishConnect(SocketChannelImpl.java:717)
	at org.apache.ratis.thirdparty.io.netty.channel.socket.nio.NioSocketChannel.doFinishConnect(NioSocketChannel.java:327)
	at org.apache.ratis.thirdparty.io.netty.channel.nio.AbstractNioChannel$AbstractNioUnsafe.finishConnect(AbstractNioChannel.java:340)
	at org.apache.ratis.thirdparty.io.netty.channel.nio.NioEventLoop.processSelectedKey(NioEventLoop.java:632)
	at org.apache.ratis.thirdparty.io.netty.channel.nio.NioEventLoop.processSelectedKeysOptimized(NioEventLoop.java:579)
	at org.apache.ratis.thirdparty.io.netty.channel.nio.NioEventLoop.processSelectedKeys(NioEventLoop.java:496)
	at org.apache.ratis.thirdparty.io.netty.channel.nio.NioEventLoop.run(NioEventLoop.java:458)
	at org.apache.ratis.thirdparty.io.netty.util.concurrent.SingleThreadEventExecutor$5.run(SingleThreadEventExecutor.java:897)
	at org.apache.ratis.thirdparty.io.netty.util.concurrent.FastThreadLocalRunnable.run(FastThreadLocalRunnable.java:30)
	... 1 more
Caused by: java.net.ConnectException: Connection refused
	... 11 more
2019-09-19 21:58:06,566 [b65e3305-f752-472a-8fac-d0a966ba274f@group-839CFB3610A3:LeaderElection120] INFO  impl.LeaderElection (LogUtils.java:infoOrTrace(149)) -   Exception 1: {}
java.util.concurrent.ExecutionException: org.apache.ratis.thirdparty.io.grpc.StatusRuntimeException: UNAVAILABLE: io exception
	at java.util.concurrent.FutureTask.report(FutureTask.java:122)
	at java.util.concurrent.FutureTask.get(FutureTask.java:192)
	at org.apache.ratis.server.impl.LeaderElection.waitForResults(LeaderElection.java:263)
	at org.apache.ratis.server.impl.LeaderElection.askForVotes(LeaderElection.java:201)
	at org.apache.ratis.server.impl.LeaderElection.run(LeaderElection.java:133)
	at java.lang.Thread.run(Thread.java:748)
Caused by: org.apache.ratis.thirdparty.io.grpc.StatusRuntimeException: UNAVAILABLE: io exception
	at org.apache.ratis.thirdparty.io.grpc.stub.ClientCalls.toStatusRuntimeException(ClientCalls.java:233)
	at org.apache.ratis.thirdparty.io.grpc.stub.ClientCalls.getUnchecked(ClientCalls.java:214)
	at org.apache.ratis.thirdparty.io.grpc.stub.ClientCalls.blockingUnaryCall(ClientCalls.java:139)
	at org.apache.ratis.proto.grpc.RaftServerProtocolServiceGrpc$RaftServerProtocolServiceBlockingStub.requestVote(RaftServerProtocolServiceGrpc.java:265)
	at org.apache.ratis.grpc.server.GrpcServerProtocolClient.requestVote(GrpcServerProtocolClient.java:90)
	at org.apache.ratis.grpc.server.GrpcService.requestVote(GrpcService.java:204)
	at org.apache.ratis.server.impl.LeaderElection.lambda$submitRequests$1(LeaderElection.java:238)
	at java.util.concurrent.FutureTask.run(FutureTask.java:266)
	at java.util.concurrent.Executors$RunnableAdapter.call(Executors.java:511)
	at java.util.concurrent.FutureTask.run(FutureTask.java:266)
	at java.util.concurrent.ThreadPoolExecutor.runWorker(ThreadPoolExecutor.java:1149)
	at java.util.concurrent.ThreadPoolExecutor$Worker.run(ThreadPoolExecutor.java:624)
	... 1 more
Caused by: org.apache.ratis.thirdparty.io.netty.channel.AbstractChannel$AnnotatedConnectException: Connection refused: /192.168.157.232:39825
	at sun.nio.ch.SocketChannelImpl.checkConnect(Native Method)
	at sun.nio.ch.SocketChannelImpl.finishConnect(SocketChannelImpl.java:717)
	at org.apache.ratis.thirdparty.io.netty.channel.socket.nio.NioSocketChannel.doFinishConnect(NioSocketChannel.java:327)
	at org.apache.ratis.thirdparty.io.netty.channel.nio.AbstractNioChannel$AbstractNioUnsafe.finishConnect(AbstractNioChannel.java:340)
	at org.apache.ratis.thirdparty.io.netty.channel.nio.NioEventLoop.processSelectedKey(NioEventLoop.java:632)
	at org.apache.ratis.thirdparty.io.netty.channel.nio.NioEventLoop.processSelectedKeysOptimized(NioEventLoop.java:579)
	at org.apache.ratis.thirdparty.io.netty.channel.nio.NioEventLoop.processSelectedKeys(NioEventLoop.java:496)
	at org.apache.ratis.thirdparty.io.netty.channel.nio.NioEventLoop.run(NioEventLoop.java:458)
	at org.apache.ratis.thirdparty.io.netty.util.concurrent.SingleThreadEventExecutor$5.run(SingleThreadEventExecutor.java:897)
	at org.apache.ratis.thirdparty.io.netty.util.concurrent.FastThreadLocalRunnable.run(FastThreadLocalRunnable.java:30)
	... 1 more
Caused by: java.net.ConnectException: Connection refused
	... 11 more
2019-09-19 21:58:06,566 [b65e3305-f752-472a-8fac-d0a966ba274f@group-839CFB3610A3:LeaderElection120] INFO  impl.RaftServerImpl (RaftServerImpl.java:setRole(174)) - b65e3305-f752-472a-8fac-d0a966ba274f@group-839CFB3610A3: changes role from CANDIDATE to FOLLOWER at term 2 for DISCOVERED_A_NEW_TERM
2019-09-19 21:58:06,566 [b65e3305-f752-472a-8fac-d0a966ba274f@group-839CFB3610A3:LeaderElection120] INFO  impl.RoleInfo (RoleInfo.java:shutdownLeaderElection(134)) - b65e3305-f752-472a-8fac-d0a966ba274f: shutdown LeaderElection
2019-09-19 21:58:06,567 [b65e3305-f752-472a-8fac-d0a966ba274f@group-839CFB3610A3:LeaderElection120] INFO  impl.RoleInfo (RoleInfo.java:updateAndGet(143)) - b65e3305-f752-472a-8fac-d0a966ba274f: start FollowerState
2019-09-19 21:58:09,351 [EventQueue-StaleNodeForStaleNodeHandler] INFO  node.StaleNodeHandler (StaleNodeHandler.java:onMessage(58)) - Datanode 07257f41-c861-482b-a7ad-de9864149e7d{ip: 192.168.157.232, host: pr-hdds-2020-k2m72-150965138, networkLocation: /default-rack, certSerialId: null} moved to stale state. Finalizing its pipelines []
2019-09-19 21:58:09,852 [EventQueue-StaleNodeForStaleNodeHandler] INFO  node.StaleNodeHandler (StaleNodeHandler.java:onMessage(58)) - Datanode b65e3305-f752-472a-8fac-d0a966ba274f{ip: 192.168.157.232, host: pr-hdds-2020-k2m72-150965138, networkLocation: /default-rack, certSerialId: null} moved to stale state. Finalizing its pipelines [PipelineID=1b4192fa-19b8-4a23-8bbf-4ce804424afd, PipelineID=92a7349c-cf6e-4788-9689-839cfb3610a3]
2019-09-19 21:58:09,853 [EventQueue-StaleNodeForStaleNodeHandler] INFO  pipeline.SCMPipelineManager (SCMPipelineManager.java:finalizeAndDestroyPipeline(315)) - destroying pipeline:Pipeline[ Id: 1b4192fa-19b8-4a23-8bbf-4ce804424afd, Nodes: b65e3305-f752-472a-8fac-d0a966ba274f{ip: 192.168.157.232, host: pr-hdds-2020-k2m72-150965138, networkLocation: /default-rack, certSerialId: null}, Type:RATIS, Factor:ONE, State:OPEN]
2019-09-19 21:58:09,853 [EventQueue-StaleNodeForStaleNodeHandler] INFO  pipeline.PipelineStateManager (PipelineStateManager.java:finalizePipeline(123)) - Pipeline Pipeline[ Id: 1b4192fa-19b8-4a23-8bbf-4ce804424afd, Nodes: b65e3305-f752-472a-8fac-d0a966ba274f{ip: 192.168.157.232, host: pr-hdds-2020-k2m72-150965138, networkLocation: /default-rack, certSerialId: null}, Type:RATIS, Factor:ONE, State:CLOSED] moved to CLOSED state
2019-09-19 21:58:09,853 [EventQueue-StaleNodeForStaleNodeHandler] INFO  pipeline.SCMPipelineManager (SCMPipelineManager.java:finalizeAndDestroyPipeline(315)) - destroying pipeline:Pipeline[ Id: 92a7349c-cf6e-4788-9689-839cfb3610a3, Nodes: 8d1d72f7-50a1-491e-ad08-4d5969505416{ip: 192.168.157.232, host: pr-hdds-2020-k2m72-150965138, networkLocation: /default-rack, certSerialId: null}b65e3305-f752-472a-8fac-d0a966ba274f{ip: 192.168.157.232, host: pr-hdds-2020-k2m72-150965138, networkLocation: /default-rack, certSerialId: null}d3ea050d-330d-45e5-8945-53fc2c9ea6b1{ip: 192.168.157.232, host: pr-hdds-2020-k2m72-150965138, networkLocation: /default-rack, certSerialId: null}, Type:RATIS, Factor:THREE, State:CLOSED]
2019-09-19 21:58:10,157 [ForkJoinPool.commonPool-worker-0] INFO  ozoneimpl.OzoneContainer (OzoneContainer.java:stop(231)) - Attempting to stop container services.
2019-09-19 21:58:10,157 [main] INFO  ozoneimpl.OzoneContainer (OzoneContainer.java:stop(231)) - Attempting to stop container services.
2019-09-19 21:58:10,163 [ForkJoinPool.commonPool-worker-0] INFO  impl.RaftServerProxy (RaftServerProxy.java:lambda$close$4(314)) - b65e3305-f752-472a-8fac-d0a966ba274f: close
2019-09-19 21:58:10,163 [main] INFO  impl.RaftServerProxy (RaftServerProxy.java:lambda$close$4(314)) - 07257f41-c861-482b-a7ad-de9864149e7d: close
2019-09-19 21:58:10,163 [ForkJoinPool.commonPool-worker-0] INFO  impl.RaftServerImpl (RaftServerImpl.java:lambda$shutdown$3(251)) - b65e3305-f752-472a-8fac-d0a966ba274f@group-4CE804424AFD: shutdown
2019-09-19 21:58:10,165 [main] INFO  server.GrpcService (GrpcService.java:closeImpl(164)) - 07257f41-c861-482b-a7ad-de9864149e7d: shutdown server with port 46844 now
2019-09-19 21:58:10,166 [ForkJoinPool.commonPool-worker-0] INFO  util.JmxRegister (JmxRegister.java:unregister(73)) - Successfully un-registered JMX Bean with object name Ratis:service=RaftServer,group=group-4CE804424AFD,id=b65e3305-f752-472a-8fac-d0a966ba274f
2019-09-19 21:58:10,166 [ForkJoinPool.commonPool-worker-0] INFO  impl.RoleInfo (RoleInfo.java:shutdownLeaderState(104)) - b65e3305-f752-472a-8fac-d0a966ba274f: shutdown LeaderState
2019-09-19 21:58:10,166 [ForkJoinPool.commonPool-worker-0] INFO  impl.PendingRequests (PendingRequests.java:sendNotLeaderResponses(202)) - b65e3305-f752-472a-8fac-d0a966ba274f-PendingRequests: sendNotLeaderResponses
2019-09-19 21:58:10,166 [main] INFO  server.GrpcService (GrpcService.java:closeImpl(172)) - 07257f41-c861-482b-a7ad-de9864149e7d: shutdown server with port 46844 successfully
2019-09-19 21:58:10,167 [ForkJoinPool.commonPool-worker-0] INFO  impl.StateMachineUpdater (StateMachineUpdater.java:stopAndJoin(125)) - b65e3305-f752-472a-8fac-d0a966ba274f@group-4CE804424AFD-StateMachineUpdater: set stopIndex = 0
2019-09-19 21:58:10,167 [ForkJoinPool.commonPool-worker-0] INFO  impl.RaftServerImpl (ServerState.java:close(385)) - b65e3305-f752-472a-8fac-d0a966ba274f@group-4CE804424AFD: closes. applyIndex: 0
2019-09-19 21:58:10,168 [b65e3305-f752-472a-8fac-d0a966ba274f@group-4CE804424AFD-SegmentedRaftLogWorker] INFO  segmented.SegmentedRaftLogWorker (SegmentedRaftLogWorker.java:run(313)) - b65e3305-f752-472a-8fac-d0a966ba274f@group-4CE804424AFD-SegmentedRaftLogWorker was interrupted, exiting. There are 0 tasks remaining in the queue.
2019-09-19 21:58:10,171 [ForkJoinPool.commonPool-worker-0] INFO  segmented.SegmentedRaftLogWorker (SegmentedRaftLogWorker.java:close(228)) - b65e3305-f752-472a-8fac-d0a966ba274f@group-4CE804424AFD-SegmentedRaftLogWorker close()
2019-09-19 21:58:10,174 [ForkJoinPool.commonPool-worker-0] INFO  impl.RaftServerImpl (RaftServerImpl.java:lambda$shutdown$3(251)) - b65e3305-f752-472a-8fac-d0a966ba274f@group-839CFB3610A3: shutdown
2019-09-19 21:58:10,177 [ForkJoinPool.commonPool-worker-0] INFO  util.JmxRegister (JmxRegister.java:unregister(73)) - Successfully un-registered JMX Bean with object name Ratis:service=RaftServer,group=group-839CFB3610A3,id=b65e3305-f752-472a-8fac-d0a966ba274f
2019-09-19 21:58:10,178 [ForkJoinPool.commonPool-worker-0] INFO  impl.RoleInfo (RoleInfo.java:shutdownFollowerState(121)) - b65e3305-f752-472a-8fac-d0a966ba274f: shutdown FollowerState
2019-09-19 21:58:10,180 [refreshUsed-/workdir/hadoop-ozone/integration-test/target/test-dir/MiniOzoneClusterImpl-fb7eb67c-97b9-49f2-b2a6-bf5c6712e8c0/datanode-6/data/containers] WARN  fs.CachingGetSpaceUsed (CachingGetSpaceUsed.java:run(183)) - Thread Interrupted waiting to refresh disk information: sleep interrupted
2019-09-19 21:58:10,180 [b65e3305-f752-472a-8fac-d0a966ba274f@group-839CFB3610A3-StateMachineUpdater] INFO  ratis.ContainerStateMachine (ContainerStateMachine.java:takeSnapshot(289)) - group-839CFB3610A3: Taking a snapshot at:(t:1, i:12) file /workdir/hadoop-ozone/integration-test/target/test-dir/MiniOzoneClusterImpl-fb7eb67c-97b9-49f2-b2a6-bf5c6712e8c0/datanode-0/data/ratis/92a7349c-cf6e-4788-9689-839cfb3610a3/sm/snapshot.1_12
2019-09-19 21:58:10,180 [Thread-4857] INFO  impl.FollowerState (FollowerState.java:run(115)) - b65e3305-f752-472a-8fac-d0a966ba274f: FollowerState was interrupted: java.lang.InterruptedException: sleep interrupted
2019-09-19 21:58:10,180 [ForkJoinPool.commonPool-worker-0] INFO  impl.StateMachineUpdater (StateMachineUpdater.java:stopAndJoin(125)) - b65e3305-f752-472a-8fac-d0a966ba274f@group-839CFB3610A3-StateMachineUpdater: set stopIndex = 14
2019-09-19 21:58:10,198 [main] INFO  utils.BackgroundService (BackgroundService.java:shutdown(148)) - Shutting down service BlockDeletingService
2019-09-19 21:58:10,203 [main] INFO  statemachine.DatanodeStateMachine (DatanodeStateMachine.java:stopDaemon(395)) - Ozone container server stopped.
2019-09-19 21:58:10,205 [b65e3305-f752-472a-8fac-d0a966ba274f@group-839CFB3610A3-StateMachineUpdater] INFO  ratis.ContainerStateMachine (ContainerStateMachine.java:takeSnapshot(300)) - group-839CFB3610A3: Finished taking a snapshot at:(t:1, i:12) file:/workdir/hadoop-ozone/integration-test/target/test-dir/MiniOzoneClusterImpl-fb7eb67c-97b9-49f2-b2a6-bf5c6712e8c0/datanode-0/data/ratis/92a7349c-cf6e-4788-9689-839cfb3610a3/sm/snapshot.1_12 time:24
2019-09-19 21:58:10,205 [b65e3305-f752-472a-8fac-d0a966ba274f@group-839CFB3610A3-StateMachineUpdater] INFO  impl.StateMachineUpdater (StateMachineUpdater.java:takeSnapshot(258)) - b65e3305-f752-472a-8fac-d0a966ba274f@group-839CFB3610A3-StateMachineUpdater: Took a snapshot at index 12
2019-09-19 21:58:10,205 [main] INFO  handler.ContextHandler (ContextHandler.java:doStop(910)) - Stopped o.e.j.w.WebAppContext@5f6e2ad9{/,null,UNAVAILABLE}{/hddsDatanode}
2019-09-19 21:58:10,205 [b65e3305-f752-472a-8fac-d0a966ba274f@group-839CFB3610A3-StateMachineUpdater] INFO  impl.StateMachineUpdater (StateMachineUpdater.java:lambda$new$0(83)) - b65e3305-f752-472a-8fac-d0a966ba274f@group-839CFB3610A3-StateMachineUpdater: snapshotIndex: updateIncreasingly -1 -> 12
2019-09-19 21:58:10,206 [b65e3305-f752-472a-8fac-d0a966ba274f@group-839CFB3610A3-StateMachineUpdater] INFO  ratis.ContainerStateMachine (ContainerStateMachine.java:takeSnapshot(289)) - group-839CFB3610A3: Taking a snapshot at:(t:1, i:12) file /workdir/hadoop-ozone/integration-test/target/test-dir/MiniOzoneClusterImpl-fb7eb67c-97b9-49f2-b2a6-bf5c6712e8c0/datanode-0/data/ratis/92a7349c-cf6e-4788-9689-839cfb3610a3/sm/snapshot.1_12
2019-09-19 21:58:10,206 [main] INFO  server.AbstractConnector (AbstractConnector.java:doStop(318)) - Stopped ServerConnector@3212bfd{HTTP/1.1,[http/1.1]}{0.0.0.0:0}
2019-09-19 21:58:10,207 [main] INFO  handler.ContextHandler (ContextHandler.java:doStop(910)) - Stopped o.e.j.s.ServletContextHandler@2bc0b8c8{/static,jar:file:/home/user/.m2/repository/org/apache/hadoop/hadoop-hdds-container-service/0.5.0-SNAPSHOT/hadoop-hdds-container-service-0.5.0-SNAPSHOT.jar!/webapps/static,UNAVAILABLE}
2019-09-19 21:58:10,207 [main] INFO  handler.ContextHandler (ContextHandler.java:doStop(910)) - Stopped o.e.j.s.ServletContextHandler@4540c7{/logs,file:///workdir/hadoop-ozone/integration-test/target/log,UNAVAILABLE}
2019-09-19 21:58:10,218 [b65e3305-f752-472a-8fac-d0a966ba274f@group-839CFB3610A3-StateMachineUpdater] INFO  ratis.ContainerStateMachine (ContainerStateMachine.java:takeSnapshot(300)) - group-839CFB3610A3: Finished taking a snapshot at:(t:1, i:12) file:/workdir/hadoop-ozone/integration-test/target/test-dir/MiniOzoneClusterImpl-fb7eb67c-97b9-49f2-b2a6-bf5c6712e8c0/datanode-0/data/ratis/92a7349c-cf6e-4788-9689-839cfb3610a3/sm/snapshot.1_12 time:13
2019-09-19 21:58:10,218 [b65e3305-f752-472a-8fac-d0a966ba274f@group-839CFB3610A3-StateMachineUpdater] INFO  impl.StateMachineUpdater (StateMachineUpdater.java:takeSnapshot(258)) - b65e3305-f752-472a-8fac-d0a966ba274f@group-839CFB3610A3-StateMachineUpdater: Took a snapshot at index 12
2019-09-19 21:58:10,218 [b65e3305-f752-472a-8fac-d0a966ba274f@group-839CFB3610A3-StateMachineUpdater] INFO  impl.StateMachineUpdater (StateMachineUpdater.java:lambda$new$0(83)) - b65e3305-f752-472a-8fac-d0a966ba274f@group-839CFB3610A3-StateMachineUpdater: snapshotIndex: updateIncreasingly 12 -> 12
2019-09-19 21:58:10,219 [ForkJoinPool.commonPool-worker-0] INFO  impl.RaftServerImpl (ServerState.java:close(385)) - b65e3305-f752-472a-8fac-d0a966ba274f@group-839CFB3610A3: closes. applyIndex: 14
2019-09-19 21:58:10,219 [b65e3305-f752-472a-8fac-d0a966ba274f@group-839CFB3610A3-SegmentedRaftLogWorker] INFO  segmented.SegmentedRaftLogWorker (SegmentedRaftLogWorker.java:run(313)) - b65e3305-f752-472a-8fac-d0a966ba274f@group-839CFB3610A3-SegmentedRaftLogWorker was interrupted, exiting. There are 0 tasks remaining in the queue.
2019-09-19 21:58:10,221 [ForkJoinPool.commonPool-worker-0] INFO  segmented.SegmentedRaftLogWorker (SegmentedRaftLogWorker.java:close(228)) - b65e3305-f752-472a-8fac-d0a966ba274f@group-839CFB3610A3-SegmentedRaftLogWorker close()
2019-09-19 21:58:10,228 [ForkJoinPool.commonPool-worker-0] INFO  server.GrpcService (GrpcService.java:closeImpl(164)) - b65e3305-f752-472a-8fac-d0a966ba274f: shutdown server with port 36803 now
2019-09-19 21:58:10,228 [ForkJoinPool.commonPool-worker-0] INFO  server.GrpcService (GrpcService.java:closeImpl(172)) - b65e3305-f752-472a-8fac-d0a966ba274f: shutdown server with port 36803 successfully
2019-09-19 21:58:10,230 [refreshUsed-/workdir/hadoop-ozone/integration-test/target/test-dir/MiniOzoneClusterImpl-fb7eb67c-97b9-49f2-b2a6-bf5c6712e8c0/datanode-0/data/containers] WARN  fs.CachingGetSpaceUsed (CachingGetSpaceUsed.java:run(183)) - Thread Interrupted waiting to refresh disk information: sleep interrupted
2019-09-19 21:58:10,240 [ForkJoinPool.commonPool-worker-0] INFO  utils.BackgroundService (BackgroundService.java:shutdown(148)) - Shutting down service BlockDeletingService
2019-09-19 21:58:10,245 [ForkJoinPool.commonPool-worker-0] INFO  statemachine.DatanodeStateMachine (DatanodeStateMachine.java:stopDaemon(395)) - Ozone container server stopped.
2019-09-19 21:58:10,249 [ForkJoinPool.commonPool-worker-0] INFO  handler.ContextHandler (ContextHandler.java:doStop(910)) - Stopped o.e.j.w.WebAppContext@4005e485{/,null,UNAVAILABLE}{/hddsDatanode}
2019-09-19 21:58:10,249 [ForkJoinPool.commonPool-worker-0] INFO  server.AbstractConnector (AbstractConnector.java:doStop(318)) - Stopped ServerConnector@5f5c187d{HTTP/1.1,[http/1.1]}{0.0.0.0:0}
2019-09-19 21:58:10,251 [ForkJoinPool.commonPool-worker-0] INFO  handler.ContextHandler (ContextHandler.java:doStop(910)) - Stopped o.e.j.s.ServletContextHandler@58cda03f{/static,jar:file:/home/user/.m2/repository/org/apache/hadoop/hadoop-hdds-container-service/0.5.0-SNAPSHOT/hadoop-hdds-container-service-0.5.0-SNAPSHOT.jar!/webapps/static,UNAVAILABLE}
2019-09-19 21:58:10,252 [ForkJoinPool.commonPool-worker-0] INFO  handler.ContextHandler (ContextHandler.java:doStop(910)) - Stopped o.e.j.s.ServletContextHandler@5350ab17{/logs,file:///workdir/hadoop-ozone/integration-test/target/log,UNAVAILABLE}
2019-09-19 21:58:10,506 [Datanode State Machine Thread - 0] INFO  statemachine.DatanodeStateMachine (DatanodeStateMachine.java:lambda$startDaemon$0(350)) - Ozone container server started.
2019-09-19 21:58:12,127 [Thread-4753] INFO  impl.FollowerState (FollowerState.java:run(106)) - e51f7a00-4888-490c-aa50-986bb4a7b39b:group-4F8965703114 changes to CANDIDATE, lastRpcTime:9586, electionTimeout:5167ms
2019-09-19 21:58:12,128 [Thread-4753] INFO  impl.RoleInfo (RoleInfo.java:shutdownFollowerState(121)) - e51f7a00-4888-490c-aa50-986bb4a7b39b: shutdown FollowerState
2019-09-19 21:58:12,128 [Thread-4753] INFO  impl.RaftServerImpl (RaftServerImpl.java:setRole(174)) - e51f7a00-4888-490c-aa50-986bb4a7b39b@group-4F8965703114: changes role from  FOLLOWER to CANDIDATE at term 2 for changeToCandidate
2019-09-19 21:58:12,128 [Thread-4753] INFO  impl.RoleInfo (RoleInfo.java:updateAndGet(143)) - e51f7a00-4888-490c-aa50-986bb4a7b39b: start LeaderElection
2019-09-19 21:58:12,138 [e51f7a00-4888-490c-aa50-986bb4a7b39b@group-4F8965703114:LeaderElection121] INFO  impl.RaftServerImpl (ServerState.java:setLeader(253)) - e51f7a00-4888-490c-aa50-986bb4a7b39b@group-4F8965703114: change Leader from 3e5fa3fc-d239-4b30-ad77-e8b793221ddf to null at term 2 for initElection
2019-09-19 21:58:12,161 [e51f7a00-4888-490c-aa50-986bb4a7b39b@group-4F8965703114:LeaderElection121] INFO  impl.LeaderElection (LeaderElection.java:askForVotes(182)) - e51f7a00-4888-490c-aa50-986bb4a7b39b@group-4F8965703114:LeaderElection121: begin an election at term 3 for 0: [e51f7a00-4888-490c-aa50-986bb4a7b39b:192.168.157.232:39792, 38403d94-8e42-496f-83ea-8c437680f4f4:192.168.157.232:35432, 3e5fa3fc-d239-4b30-ad77-e8b793221ddf:192.168.157.232:46026], old=null
2019-09-19 21:58:12,163 [e51f7a00-4888-490c-aa50-986bb4a7b39b@group-4F8965703114:LeaderElection121] INFO  impl.LeaderElection (LogUtils.java:infoOrTrace(149)) - e51f7a00-4888-490c-aa50-986bb4a7b39b@group-4F8965703114:LeaderElection121 got exception when requesting votes: {}
java.util.concurrent.ExecutionException: org.apache.ratis.thirdparty.io.grpc.StatusRuntimeException: UNAVAILABLE: io exception
	at java.util.concurrent.FutureTask.report(FutureTask.java:122)
	at java.util.concurrent.FutureTask.get(FutureTask.java:192)
	at org.apache.ratis.server.impl.LeaderElection.waitForResults(LeaderElection.java:263)
	at org.apache.ratis.server.impl.LeaderElection.askForVotes(LeaderElection.java:201)
	at org.apache.ratis.server.impl.LeaderElection.run(LeaderElection.java:133)
	at java.lang.Thread.run(Thread.java:748)
Caused by: org.apache.ratis.thirdparty.io.grpc.StatusRuntimeException: UNAVAILABLE: io exception
	at org.apache.ratis.thirdparty.io.grpc.stub.ClientCalls.toStatusRuntimeException(ClientCalls.java:233)
	at org.apache.ratis.thirdparty.io.grpc.stub.ClientCalls.getUnchecked(ClientCalls.java:214)
	at org.apache.ratis.thirdparty.io.grpc.stub.ClientCalls.blockingUnaryCall(ClientCalls.java:139)
	at org.apache.ratis.proto.grpc.RaftServerProtocolServiceGrpc$RaftServerProtocolServiceBlockingStub.requestVote(RaftServerProtocolServiceGrpc.java:265)
	at org.apache.ratis.grpc.server.GrpcServerProtocolClient.requestVote(GrpcServerProtocolClient.java:90)
	at org.apache.ratis.grpc.server.GrpcService.requestVote(GrpcService.java:204)
	at org.apache.ratis.server.impl.LeaderElection.lambda$submitRequests$1(LeaderElection.java:238)
	at java.util.concurrent.FutureTask.run(FutureTask.java:266)
	at java.util.concurrent.Executors$RunnableAdapter.call(Executors.java:511)
	at java.util.concurrent.FutureTask.run(FutureTask.java:266)
	at java.util.concurrent.ThreadPoolExecutor.runWorker(ThreadPoolExecutor.java:1149)
	at java.util.concurrent.ThreadPoolExecutor$Worker.run(ThreadPoolExecutor.java:624)
	... 1 more
Caused by: org.apache.ratis.thirdparty.io.netty.channel.AbstractChannel$AnnotatedConnectException: Connection refused: /192.168.157.232:46026
	at sun.nio.ch.SocketChannelImpl.checkConnect(Native Method)
	at sun.nio.ch.SocketChannelImpl.finishConnect(SocketChannelImpl.java:717)
	at org.apache.ratis.thirdparty.io.netty.channel.socket.nio.NioSocketChannel.doFinishConnect(NioSocketChannel.java:327)
	at org.apache.ratis.thirdparty.io.netty.channel.nio.AbstractNioChannel$AbstractNioUnsafe.finishConnect(AbstractNioChannel.java:340)
	at org.apache.ratis.thirdparty.io.netty.channel.nio.NioEventLoop.processSelectedKey(NioEventLoop.java:632)
	at org.apache.ratis.thirdparty.io.netty.channel.nio.NioEventLoop.processSelectedKeysOptimized(NioEventLoop.java:579)
	at org.apache.ratis.thirdparty.io.netty.channel.nio.NioEventLoop.processSelectedKeys(NioEventLoop.java:496)
	at org.apache.ratis.thirdparty.io.netty.channel.nio.NioEventLoop.run(NioEventLoop.java:458)
	at org.apache.ratis.thirdparty.io.netty.util.concurrent.SingleThreadEventExecutor$5.run(SingleThreadEventExecutor.java:897)
	at org.apache.ratis.thirdparty.io.netty.util.concurrent.FastThreadLocalRunnable.run(FastThreadLocalRunnable.java:30)
	... 1 more
Caused by: java.net.ConnectException: Connection refused
	... 11 more
2019-09-19 21:58:12,166 [e51f7a00-4888-490c-aa50-986bb4a7b39b@group-4F8965703114:LeaderElection121] INFO  impl.LeaderElection (LogUtils.java:infoOrTrace(149)) - e51f7a00-4888-490c-aa50-986bb4a7b39b@group-4F8965703114:LeaderElection121 got exception when requesting votes: {}
java.util.concurrent.ExecutionException: org.apache.ratis.thirdparty.io.grpc.StatusRuntimeException: UNAVAILABLE: io exception
	at java.util.concurrent.FutureTask.report(FutureTask.java:122)
	at java.util.concurrent.FutureTask.get(FutureTask.java:192)
	at org.apache.ratis.server.impl.LeaderElection.waitForResults(LeaderElection.java:263)
	at org.apache.ratis.server.impl.LeaderElection.askForVotes(LeaderElection.java:201)
	at org.apache.ratis.server.impl.LeaderElection.run(LeaderElection.java:133)
	at java.lang.Thread.run(Thread.java:748)
Caused by: org.apache.ratis.thirdparty.io.grpc.StatusRuntimeException: UNAVAILABLE: io exception
	at org.apache.ratis.thirdparty.io.grpc.stub.ClientCalls.toStatusRuntimeException(ClientCalls.java:233)
	at org.apache.ratis.thirdparty.io.grpc.stub.ClientCalls.getUnchecked(ClientCalls.java:214)
	at org.apache.ratis.thirdparty.io.grpc.stub.ClientCalls.blockingUnaryCall(ClientCalls.java:139)
	at org.apache.ratis.proto.grpc.RaftServerProtocolServiceGrpc$RaftServerProtocolServiceBlockingStub.requestVote(RaftServerProtocolServiceGrpc.java:265)
	at org.apache.ratis.grpc.server.GrpcServerProtocolClient.requestVote(GrpcServerProtocolClient.java:90)
	at org.apache.ratis.grpc.server.GrpcService.requestVote(GrpcService.java:204)
	at org.apache.ratis.server.impl.LeaderElection.lambda$submitRequests$1(LeaderElection.java:238)
	at java.util.concurrent.FutureTask.run(FutureTask.java:266)
	at java.util.concurrent.Executors$RunnableAdapter.call(Executors.java:511)
	at java.util.concurrent.FutureTask.run(FutureTask.java:266)
	at java.util.concurrent.ThreadPoolExecutor.runWorker(ThreadPoolExecutor.java:1149)
	at java.util.concurrent.ThreadPoolExecutor$Worker.run(ThreadPoolExecutor.java:624)
	... 1 more
Caused by: org.apache.ratis.thirdparty.io.netty.channel.AbstractChannel$AnnotatedConnectException: Connection refused: /192.168.157.232:35432
	at sun.nio.ch.SocketChannelImpl.checkConnect(Native Method)
	at sun.nio.ch.SocketChannelImpl.finishConnect(SocketChannelImpl.java:717)
	at org.apache.ratis.thirdparty.io.netty.channel.socket.nio.NioSocketChannel.doFinishConnect(NioSocketChannel.java:327)
	at org.apache.ratis.thirdparty.io.netty.channel.nio.AbstractNioChannel$AbstractNioUnsafe.finishConnect(AbstractNioChannel.java:340)
	at org.apache.ratis.thirdparty.io.netty.channel.nio.NioEventLoop.processSelectedKey(NioEventLoop.java:632)
	at org.apache.ratis.thirdparty.io.netty.channel.nio.NioEventLoop.processSelectedKeysOptimized(NioEventLoop.java:579)
	at org.apache.ratis.thirdparty.io.netty.channel.nio.NioEventLoop.processSelectedKeys(NioEventLoop.java:496)
	at org.apache.ratis.thirdparty.io.netty.channel.nio.NioEventLoop.run(NioEventLoop.java:458)
	at org.apache.ratis.thirdparty.io.netty.util.concurrent.SingleThreadEventExecutor$5.run(SingleThreadEventExecutor.java:897)
	at org.apache.ratis.thirdparty.io.netty.util.concurrent.FastThreadLocalRunnable.run(FastThreadLocalRunnable.java:30)
	... 1 more
Caused by: java.net.ConnectException: Connection refused
	... 11 more
2019-09-19 21:58:12,174 [e51f7a00-4888-490c-aa50-986bb4a7b39b@group-4F8965703114:LeaderElection121] INFO  impl.LeaderElection (LeaderElection.java:logAndReturn(56)) - e51f7a00-4888-490c-aa50-986bb4a7b39b@group-4F8965703114:LeaderElection121: Election REJECTED; received 0 response(s) [] and 2 exception(s); e51f7a00-4888-490c-aa50-986bb4a7b39b@group-4F8965703114:t3, leader=null, voted=e51f7a00-4888-490c-aa50-986bb4a7b39b, raftlog=e51f7a00-4888-490c-aa50-986bb4a7b39b@group-4F8965703114-SegmentedRaftLog:OPENED:c6,f6,i6, conf=0: [e51f7a00-4888-490c-aa50-986bb4a7b39b:192.168.157.232:39792, 38403d94-8e42-496f-83ea-8c437680f4f4:192.168.157.232:35432, 3e5fa3fc-d239-4b30-ad77-e8b793221ddf:192.168.157.232:46026], old=null
2019-09-19 21:58:12,174 [e51f7a00-4888-490c-aa50-986bb4a7b39b@group-4F8965703114:LeaderElection121] INFO  impl.LeaderElection (LogUtils.java:infoOrTrace(149)) -   Exception 0: {}
java.util.concurrent.ExecutionException: org.apache.ratis.thirdparty.io.grpc.StatusRuntimeException: UNAVAILABLE: io exception
	at java.util.concurrent.FutureTask.report(FutureTask.java:122)
	at java.util.concurrent.FutureTask.get(FutureTask.java:192)
	at org.apache.ratis.server.impl.LeaderElection.waitForResults(LeaderElection.java:263)
	at org.apache.ratis.server.impl.LeaderElection.askForVotes(LeaderElection.java:201)
	at org.apache.ratis.server.impl.LeaderElection.run(LeaderElection.java:133)
	at java.lang.Thread.run(Thread.java:748)
Caused by: org.apache.ratis.thirdparty.io.grpc.StatusRuntimeException: UNAVAILABLE: io exception
	at org.apache.ratis.thirdparty.io.grpc.stub.ClientCalls.toStatusRuntimeException(ClientCalls.java:233)
	at org.apache.ratis.thirdparty.io.grpc.stub.ClientCalls.getUnchecked(ClientCalls.java:214)
	at org.apache.ratis.thirdparty.io.grpc.stub.ClientCalls.blockingUnaryCall(ClientCalls.java:139)
	at org.apache.ratis.proto.grpc.RaftServerProtocolServiceGrpc$RaftServerProtocolServiceBlockingStub.requestVote(RaftServerProtocolServiceGrpc.java:265)
	at org.apache.ratis.grpc.server.GrpcServerProtocolClient.requestVote(GrpcServerProtocolClient.java:90)
	at org.apache.ratis.grpc.server.GrpcService.requestVote(GrpcService.java:204)
	at org.apache.ratis.server.impl.LeaderElection.lambda$submitRequests$1(LeaderElection.java:238)
	at java.util.concurrent.FutureTask.run(FutureTask.java:266)
	at java.util.concurrent.Executors$RunnableAdapter.call(Executors.java:511)
	at java.util.concurrent.FutureTask.run(FutureTask.java:266)
	at java.util.concurrent.ThreadPoolExecutor.runWorker(ThreadPoolExecutor.java:1149)
	at java.util.concurrent.ThreadPoolExecutor$Worker.run(ThreadPoolExecutor.java:624)
	... 1 more
Caused by: org.apache.ratis.thirdparty.io.netty.channel.AbstractChannel$AnnotatedConnectException: Connection refused: /192.168.157.232:46026
	at sun.nio.ch.SocketChannelImpl.checkConnect(Native Method)
	at sun.nio.ch.SocketChannelImpl.finishConnect(SocketChannelImpl.java:717)
	at org.apache.ratis.thirdparty.io.netty.channel.socket.nio.NioSocketChannel.doFinishConnect(NioSocketChannel.java:327)
	at org.apache.ratis.thirdparty.io.netty.channel.nio.AbstractNioChannel$AbstractNioUnsafe.finishConnect(AbstractNioChannel.java:340)
	at org.apache.ratis.thirdparty.io.netty.channel.nio.NioEventLoop.processSelectedKey(NioEventLoop.java:632)
	at org.apache.ratis.thirdparty.io.netty.channel.nio.NioEventLoop.processSelectedKeysOptimized(NioEventLoop.java:579)
	at org.apache.ratis.thirdparty.io.netty.channel.nio.NioEventLoop.processSelectedKeys(NioEventLoop.java:496)
	at org.apache.ratis.thirdparty.io.netty.channel.nio.NioEventLoop.run(NioEventLoop.java:458)
	at org.apache.ratis.thirdparty.io.netty.util.concurrent.SingleThreadEventExecutor$5.run(SingleThreadEventExecutor.java:897)
	at org.apache.ratis.thirdparty.io.netty.util.concurrent.FastThreadLocalRunnable.run(FastThreadLocalRunnable.java:30)
	... 1 more
Caused by: java.net.ConnectException: Connection refused
	... 11 more
2019-09-19 21:58:12,174 [e51f7a00-4888-490c-aa50-986bb4a7b39b@group-4F8965703114:LeaderElection121] INFO  impl.LeaderElection (LogUtils.java:infoOrTrace(149)) -   Exception 1: {}
java.util.concurrent.ExecutionException: org.apache.ratis.thirdparty.io.grpc.StatusRuntimeException: UNAVAILABLE: io exception
	at java.util.concurrent.FutureTask.report(FutureTask.java:122)
	at java.util.concurrent.FutureTask.get(FutureTask.java:192)
	at org.apache.ratis.server.impl.LeaderElection.waitForResults(LeaderElection.java:263)
	at org.apache.ratis.server.impl.LeaderElection.askForVotes(LeaderElection.java:201)
	at org.apache.ratis.server.impl.LeaderElection.run(LeaderElection.java:133)
	at java.lang.Thread.run(Thread.java:748)
Caused by: org.apache.ratis.thirdparty.io.grpc.StatusRuntimeException: UNAVAILABLE: io exception
	at org.apache.ratis.thirdparty.io.grpc.stub.ClientCalls.toStatusRuntimeException(ClientCalls.java:233)
	at org.apache.ratis.thirdparty.io.grpc.stub.ClientCalls.getUnchecked(ClientCalls.java:214)
	at org.apache.ratis.thirdparty.io.grpc.stub.ClientCalls.blockingUnaryCall(ClientCalls.java:139)
	at org.apache.ratis.proto.grpc.RaftServerProtocolServiceGrpc$RaftServerProtocolServiceBlockingStub.requestVote(RaftServerProtocolServiceGrpc.java:265)
	at org.apache.ratis.grpc.server.GrpcServerProtocolClient.requestVote(GrpcServerProtocolClient.java:90)
	at org.apache.ratis.grpc.server.GrpcService.requestVote(GrpcService.java:204)
	at org.apache.ratis.server.impl.LeaderElection.lambda$submitRequests$1(LeaderElection.java:238)
	at java.util.concurrent.FutureTask.run(FutureTask.java:266)
	at java.util.concurrent.Executors$RunnableAdapter.call(Executors.java:511)
	at java.util.concurrent.FutureTask.run(FutureTask.java:266)
	at java.util.concurrent.ThreadPoolExecutor.runWorker(ThreadPoolExecutor.java:1149)
	at java.util.concurrent.ThreadPoolExecutor$Worker.run(ThreadPoolExecutor.java:624)
	... 1 more
Caused by: org.apache.ratis.thirdparty.io.netty.channel.AbstractChannel$AnnotatedConnectException: Connection refused: /192.168.157.232:35432
	at sun.nio.ch.SocketChannelImpl.checkConnect(Native Method)
	at sun.nio.ch.SocketChannelImpl.finishConnect(SocketChannelImpl.java:717)
	at org.apache.ratis.thirdparty.io.netty.channel.socket.nio.NioSocketChannel.doFinishConnect(NioSocketChannel.java:327)
	at org.apache.ratis.thirdparty.io.netty.channel.nio.AbstractNioChannel$AbstractNioUnsafe.finishConnect(AbstractNioChannel.java:340)
	at org.apache.ratis.thirdparty.io.netty.channel.nio.NioEventLoop.processSelectedKey(NioEventLoop.java:632)
	at org.apache.ratis.thirdparty.io.netty.channel.nio.NioEventLoop.processSelectedKeysOptimized(NioEventLoop.java:579)
	at org.apache.ratis.thirdparty.io.netty.channel.nio.NioEventLoop.processSelectedKeys(NioEventLoop.java:496)
	at org.apache.ratis.thirdparty.io.netty.channel.nio.NioEventLoop.run(NioEventLoop.java:458)
	at org.apache.ratis.thirdparty.io.netty.util.concurrent.SingleThreadEventExecutor$5.run(SingleThreadEventExecutor.java:897)
	at org.apache.ratis.thirdparty.io.netty.util.concurrent.FastThreadLocalRunnable.run(FastThreadLocalRunnable.java:30)
	... 1 more
Caused by: java.net.ConnectException: Connection refused
	... 11 more
2019-09-19 21:58:12,175 [e51f7a00-4888-490c-aa50-986bb4a7b39b@group-4F8965703114:LeaderElection121] INFO  impl.RaftServerImpl (RaftServerImpl.java:setRole(174)) - e51f7a00-4888-490c-aa50-986bb4a7b39b@group-4F8965703114: changes role from CANDIDATE to FOLLOWER at term 3 for DISCOVERED_A_NEW_TERM
2019-09-19 21:58:12,175 [e51f7a00-4888-490c-aa50-986bb4a7b39b@group-4F8965703114:LeaderElection121] INFO  impl.RoleInfo (RoleInfo.java:shutdownLeaderElection(134)) - e51f7a00-4888-490c-aa50-986bb4a7b39b: shutdown LeaderElection
2019-09-19 21:58:12,175 [e51f7a00-4888-490c-aa50-986bb4a7b39b@group-4F8965703114:LeaderElection121] INFO  impl.RoleInfo (RoleInfo.java:updateAndGet(143)) - e51f7a00-4888-490c-aa50-986bb4a7b39b: start FollowerState
2019-09-19 21:58:14,559 [EventQueue-StaleNodeForStaleNodeHandler] INFO  node.StaleNodeHandler (StaleNodeHandler.java:onMessage(58)) - Datanode e51f7a00-4888-490c-aa50-986bb4a7b39b{ip: 192.168.157.232, host: pr-hdds-2020-k2m72-150965138, networkLocation: /default-rack, certSerialId: null} moved to stale state. Finalizing its pipelines [PipelineID=78245385-087e-4daa-982c-4f8965703114, PipelineID=b6231304-cedb-471a-b59d-f3cf3ab6ed74]
2019-09-19 21:58:14,565 [EventQueue-StaleNodeForStaleNodeHandler] INFO  pipeline.SCMPipelineManager (SCMPipelineManager.java:finalizeAndDestroyPipeline(315)) - destroying pipeline:Pipeline[ Id: 78245385-087e-4daa-982c-4f8965703114, Nodes: 38403d94-8e42-496f-83ea-8c437680f4f4{ip: 192.168.157.232, host: pr-hdds-2020-k2m72-150965138, networkLocation: /default-rack, certSerialId: null}3e5fa3fc-d239-4b30-ad77-e8b793221ddf{ip: 192.168.157.232, host: pr-hdds-2020-k2m72-150965138, networkLocation: /default-rack, certSerialId: null}e51f7a00-4888-490c-aa50-986bb4a7b39b{ip: 192.168.157.232, host: pr-hdds-2020-k2m72-150965138, networkLocation: /default-rack, certSerialId: null}, Type:RATIS, Factor:THREE, State:CLOSED]
2019-09-19 21:58:14,565 [EventQueue-StaleNodeForStaleNodeHandler] INFO  pipeline.SCMPipelineManager (SCMPipelineManager.java:finalizeAndDestroyPipeline(315)) - destroying pipeline:Pipeline[ Id: b6231304-cedb-471a-b59d-f3cf3ab6ed74, Nodes: e51f7a00-4888-490c-aa50-986bb4a7b39b{ip: 192.168.157.232, host: pr-hdds-2020-k2m72-150965138, networkLocation: /default-rack, certSerialId: null}, Type:RATIS, Factor:ONE, State:OPEN]
2019-09-19 21:58:14,566 [EventQueue-StaleNodeForStaleNodeHandler] INFO  pipeline.PipelineStateManager (PipelineStateManager.java:finalizePipeline(123)) - Pipeline Pipeline[ Id: b6231304-cedb-471a-b59d-f3cf3ab6ed74, Nodes: e51f7a00-4888-490c-aa50-986bb4a7b39b{ip: 192.168.157.232, host: pr-hdds-2020-k2m72-150965138, networkLocation: /default-rack, certSerialId: null}, Type:RATIS, Factor:ONE, State:CLOSED] moved to CLOSED state
2019-09-19 21:58:15,209 [main] INFO  ozoneimpl.OzoneContainer (OzoneContainer.java:stop(231)) - Attempting to stop container services.
2019-09-19 21:58:15,214 [main] INFO  impl.RaftServerProxy (RaftServerProxy.java:lambda$close$4(314)) - e51f7a00-4888-490c-aa50-986bb4a7b39b: close
2019-09-19 21:58:15,216 [main] INFO  impl.RaftServerImpl (RaftServerImpl.java:lambda$shutdown$3(251)) - e51f7a00-4888-490c-aa50-986bb4a7b39b@group-4F8965703114: shutdown
2019-09-19 21:58:15,216 [main] INFO  util.JmxRegister (JmxRegister.java:unregister(73)) - Successfully un-registered JMX Bean with object name Ratis:service=RaftServer,group=group-4F8965703114,id=e51f7a00-4888-490c-aa50-986bb4a7b39b
2019-09-19 21:58:15,217 [main] INFO  impl.RoleInfo (RoleInfo.java:shutdownFollowerState(121)) - e51f7a00-4888-490c-aa50-986bb4a7b39b: shutdown FollowerState
2019-09-19 21:58:15,217 [main] INFO  impl.StateMachineUpdater (StateMachineUpdater.java:stopAndJoin(125)) - e51f7a00-4888-490c-aa50-986bb4a7b39b@group-4F8965703114-StateMachineUpdater: set stopIndex = 6
2019-09-19 21:58:15,217 [Thread-4873] INFO  impl.FollowerState (FollowerState.java:run(115)) - e51f7a00-4888-490c-aa50-986bb4a7b39b: FollowerState was interrupted: java.lang.InterruptedException: sleep interrupted
2019-09-19 21:58:15,218 [e51f7a00-4888-490c-aa50-986bb4a7b39b@group-4F8965703114-StateMachineUpdater] INFO  ratis.ContainerStateMachine (ContainerStateMachine.java:takeSnapshot(289)) - group-4F8965703114: Taking a snapshot at:(t:2, i:6) file /workdir/hadoop-ozone/integration-test/target/test-dir/MiniOzoneClusterImpl-fb7eb67c-97b9-49f2-b2a6-bf5c6712e8c0/datanode-5/data/ratis/78245385-087e-4daa-982c-4f8965703114/sm/snapshot.2_6
2019-09-19 21:58:15,234 [e51f7a00-4888-490c-aa50-986bb4a7b39b@group-4F8965703114-StateMachineUpdater] INFO  ratis.ContainerStateMachine (ContainerStateMachine.java:takeSnapshot(300)) - group-4F8965703114: Finished taking a snapshot at:(t:2, i:6) file:/workdir/hadoop-ozone/integration-test/target/test-dir/MiniOzoneClusterImpl-fb7eb67c-97b9-49f2-b2a6-bf5c6712e8c0/datanode-5/data/ratis/78245385-087e-4daa-982c-4f8965703114/sm/snapshot.2_6 time:16
2019-09-19 21:58:15,234 [e51f7a00-4888-490c-aa50-986bb4a7b39b@group-4F8965703114-StateMachineUpdater] INFO  impl.StateMachineUpdater (StateMachineUpdater.java:takeSnapshot(258)) - e51f7a00-4888-490c-aa50-986bb4a7b39b@group-4F8965703114-StateMachineUpdater: Took a snapshot at index 6
2019-09-19 21:58:15,234 [e51f7a00-4888-490c-aa50-986bb4a7b39b@group-4F8965703114-StateMachineUpdater] INFO  impl.StateMachineUpdater (StateMachineUpdater.java:lambda$new$0(83)) - e51f7a00-4888-490c-aa50-986bb4a7b39b@group-4F8965703114-StateMachineUpdater: snapshotIndex: updateIncreasingly -1 -> 6
2019-09-19 21:58:15,235 [main] INFO  impl.RaftServerImpl (ServerState.java:close(385)) - e51f7a00-4888-490c-aa50-986bb4a7b39b@group-4F8965703114: closes. applyIndex: 6
2019-09-19 21:58:15,236 [e51f7a00-4888-490c-aa50-986bb4a7b39b@group-4F8965703114-SegmentedRaftLogWorker] INFO  segmented.SegmentedRaftLogWorker (SegmentedRaftLogWorker.java:run(313)) - e51f7a00-4888-490c-aa50-986bb4a7b39b@group-4F8965703114-SegmentedRaftLogWorker was interrupted, exiting. There are 0 tasks remaining in the queue.
2019-09-19 21:58:15,236 [main] INFO  segmented.SegmentedRaftLogWorker (SegmentedRaftLogWorker.java:close(228)) - e51f7a00-4888-490c-aa50-986bb4a7b39b@group-4F8965703114-SegmentedRaftLogWorker close()
2019-09-19 21:58:15,237 [main] INFO  impl.RaftServerImpl (RaftServerImpl.java:lambda$shutdown$3(251)) - e51f7a00-4888-490c-aa50-986bb4a7b39b@group-F3CF3AB6ED74: shutdown
2019-09-19 21:58:15,237 [main] INFO  util.JmxRegister (JmxRegister.java:unregister(73)) - Successfully un-registered JMX Bean with object name Ratis:service=RaftServer,group=group-F3CF3AB6ED74,id=e51f7a00-4888-490c-aa50-986bb4a7b39b
2019-09-19 21:58:15,238 [main] INFO  impl.RoleInfo (RoleInfo.java:shutdownLeaderState(104)) - e51f7a00-4888-490c-aa50-986bb4a7b39b: shutdown LeaderState
2019-09-19 21:58:15,238 [main] INFO  impl.PendingRequests (PendingRequests.java:sendNotLeaderResponses(202)) - e51f7a00-4888-490c-aa50-986bb4a7b39b-PendingRequests: sendNotLeaderResponses
2019-09-19 21:58:15,239 [main] INFO  impl.StateMachineUpdater (StateMachineUpdater.java:stopAndJoin(125)) - e51f7a00-4888-490c-aa50-986bb4a7b39b@group-F3CF3AB6ED74-StateMachineUpdater: set stopIndex = 0
2019-09-19 21:58:15,239 [main] INFO  impl.RaftServerImpl (ServerState.java:close(385)) - e51f7a00-4888-490c-aa50-986bb4a7b39b@group-F3CF3AB6ED74: closes. applyIndex: 0
2019-09-19 21:58:15,240 [e51f7a00-4888-490c-aa50-986bb4a7b39b@group-F3CF3AB6ED74-SegmentedRaftLogWorker] INFO  segmented.SegmentedRaftLogWorker (SegmentedRaftLogWorker.java:run(313)) - e51f7a00-4888-490c-aa50-986bb4a7b39b@group-F3CF3AB6ED74-SegmentedRaftLogWorker was interrupted, exiting. There are 0 tasks remaining in the queue.
2019-09-19 21:58:15,240 [main] INFO  segmented.SegmentedRaftLogWorker (SegmentedRaftLogWorker.java:close(228)) - e51f7a00-4888-490c-aa50-986bb4a7b39b@group-F3CF3AB6ED74-SegmentedRaftLogWorker close()
2019-09-19 21:58:15,241 [main] INFO  server.GrpcService (GrpcService.java:closeImpl(164)) - e51f7a00-4888-490c-aa50-986bb4a7b39b: shutdown server with port 39792 now
2019-09-19 21:58:15,242 [main] INFO  server.GrpcService (GrpcService.java:closeImpl(172)) - e51f7a00-4888-490c-aa50-986bb4a7b39b: shutdown server with port 39792 successfully
2019-09-19 21:58:15,245 [refreshUsed-/workdir/hadoop-ozone/integration-test/target/test-dir/MiniOzoneClusterImpl-fb7eb67c-97b9-49f2-b2a6-bf5c6712e8c0/datanode-5/data/containers] WARN  fs.CachingGetSpaceUsed (CachingGetSpaceUsed.java:run(183)) - Thread Interrupted waiting to refresh disk information: sleep interrupted
2019-09-19 21:58:15,266 [main] INFO  utils.BackgroundService (BackgroundService.java:shutdown(148)) - Shutting down service BlockDeletingService
2019-09-19 21:58:15,271 [main] INFO  statemachine.DatanodeStateMachine (DatanodeStateMachine.java:stopDaemon(395)) - Ozone container server stopped.
2019-09-19 21:58:15,273 [main] INFO  handler.ContextHandler (ContextHandler.java:doStop(910)) - Stopped o.e.j.w.WebAppContext@5f0d8937{/,null,UNAVAILABLE}{/hddsDatanode}
2019-09-19 21:58:15,274 [main] INFO  server.AbstractConnector (AbstractConnector.java:doStop(318)) - Stopped ServerConnector@105dc04d{HTTP/1.1,[http/1.1]}{0.0.0.0:0}
2019-09-19 21:58:15,275 [main] INFO  handler.ContextHandler (ContextHandler.java:doStop(910)) - Stopped o.e.j.s.ServletContextHandler@17d76ebb{/static,jar:file:/home/user/.m2/repository/org/apache/hadoop/hadoop-hdds-container-service/0.5.0-SNAPSHOT/hadoop-hdds-container-service-0.5.0-SNAPSHOT.jar!/webapps/static,UNAVAILABLE}
2019-09-19 21:58:15,275 [main] INFO  handler.ContextHandler (ContextHandler.java:doStop(910)) - Stopped o.e.j.s.ServletContextHandler@305aaedf{/logs,file:///workdir/hadoop-ozone/integration-test/target/log,UNAVAILABLE}
2019-09-19 21:58:15,276 [main] INFO  ozone.MiniOzoneClusterImpl (MiniOzoneClusterImpl.java:stop(344)) - Stopping the StorageContainerManager
2019-09-19 21:58:15,276 [main] INFO  server.StorageContainerManager (StorageContainerManager.java:stop(808)) - Stopping Replication Manager Service.
2019-09-19 21:58:15,277 [main] INFO  container.ReplicationManager (ReplicationManager.java:stop(203)) - Stopping Replication Monitor Thread.
2019-09-19 21:58:15,277 [main] INFO  server.StorageContainerManager (StorageContainerManager.java:stop(815)) - Stopping Lease Manager of the command watchers
2019-09-19 21:58:15,277 [main] INFO  server.StorageContainerManager (StorageContainerManager.java:stop(822)) - Stopping datanode service RPC server
2019-09-19 21:58:15,277 [main] INFO  server.SCMDatanodeProtocolServer (SCMDatanodeProtocolServer.java:stop(367)) - Stopping the RPC server for DataNodes
2019-09-19 21:58:15,278 [main] INFO  ipc.Server (Server.java:stop(3082)) - Stopping server on 44998
2019-09-19 21:58:15,281 [IPC Server listener on 44998] INFO  ipc.Server (Server.java:run(1185)) - Stopping IPC Server listener on 44998
2019-09-19 21:58:15,281 [IPC Server Responder] INFO  ipc.Server (Server.java:run(1319)) - Stopping IPC Server Responder
2019-09-19 21:58:15,360 [SCM Heartbeat Processing Thread - 0] WARN  node.NodeStateManager (NodeStateManager.java:scheduleNextHealthCheck(646)) - Current Thread is interrupted, shutting down HB processing thread for Node Manager.
2019-09-19 21:58:15,360 [main] INFO  server.StorageContainerManager (StorageContainerManager.java:stop(830)) - Stopping block service RPC server
2019-09-19 21:58:15,361 [main] INFO  server.SCMBlockProtocolServer (SCMBlockProtocolServer.java:stop(155)) - Stopping the RPC server for Block Protocol
2019-09-19 21:58:15,361 [main] INFO  ipc.Server (Server.java:stop(3082)) - Stopping server on 38860
2019-09-19 21:58:15,364 [IPC Server listener on 38860] INFO  ipc.Server (Server.java:run(1185)) - Stopping IPC Server listener on 38860
2019-09-19 21:58:15,364 [main] INFO  server.StorageContainerManager (StorageContainerManager.java:stop(837)) - Stopping the StorageContainerLocationProtocol RPC server
2019-09-19 21:58:15,365 [main] INFO  server.SCMClientProtocolServer (SCMClientProtocolServer.java:stop(159)) - Stopping the RPC server for Client Protocol
2019-09-19 21:58:15,375 [IPC Server Responder] INFO  ipc.Server (Server.java:run(1319)) - Stopping IPC Server Responder
2019-09-19 21:58:15,375 [main] INFO  ipc.Server (Server.java:stop(3082)) - Stopping server on 39582
2019-09-19 21:58:15,378 [IPC Server listener on 39582] INFO  ipc.Server (Server.java:run(1185)) - Stopping IPC Server listener on 39582
2019-09-19 21:58:15,378 [main] INFO  server.StorageContainerManager (StorageContainerManager.java:stop(844)) - Stopping Storage Container Manager HTTP server.
2019-09-19 21:58:15,379 [IPC Server Responder] INFO  ipc.Server (Server.java:run(1319)) - Stopping IPC Server Responder
2019-09-19 21:58:15,379 [main] INFO  handler.ContextHandler (ContextHandler.java:doStop(910)) - Stopped o.e.j.w.WebAppContext@55053f81{/,null,UNAVAILABLE}{/scm}
2019-09-19 21:58:15,381 [main] INFO  server.AbstractConnector (AbstractConnector.java:doStop(318)) - Stopped ServerConnector@1fee4278{HTTP/1.1,[http/1.1]}{0.0.0.0:0}
2019-09-19 21:58:15,382 [main] INFO  handler.ContextHandler (ContextHandler.java:doStop(910)) - Stopped o.e.j.s.ServletContextHandler@502c2278{/static,file:///workdir/hadoop-ozone/integration-test/target/test-classes/webapps/static,UNAVAILABLE}
2019-09-19 21:58:15,382 [main] INFO  handler.ContextHandler (ContextHandler.java:doStop(910)) - Stopped o.e.j.s.ServletContextHandler@49d42faf{/logs,file:///workdir/hadoop-ozone/integration-test/target/log,UNAVAILABLE}
2019-09-19 21:58:15,383 [main] INFO  server.StorageContainerManager (StorageContainerManager.java:stop(855)) - Stopping Block Manager Service.
2019-09-19 21:58:15,384 [main] INFO  utils.BackgroundService (BackgroundService.java:shutdown(148)) - Shutting down service SCMBlockDeletingService
2019-09-19 21:58:15,385 [main] INFO  utils.BackgroundService (BackgroundService.java:shutdown(148)) - Shutting down service SCMBlockDeletingService
2019-09-19 21:58:15,386 [main] INFO  server.StorageContainerManager (StorageContainerManager.java:stop(877)) - Stopping SCM Event Queue.
2019-09-19 21:58:15,391 [main] INFO  impl.MetricsSystemImpl (MetricsSystemImpl.java:stop(210)) - Stopping HddsDatanode metrics system...
2019-09-19 21:58:15,425 [main] INFO  impl.MetricsSystemImpl (MetricsSystemImpl.java:stop(216)) - HddsDatanode metrics system stopped.
]]></system-out>
    <system-err><![CDATA[Sep 19, 2019 9:57:59 PM org.apache.ratis.thirdparty.io.grpc.internal.SerializingExecutor run
SEVERE: Exception while executing runnable org.apache.ratis.thirdparty.io.grpc.internal.ServerImpl$JumpToApplicationThreadServerStreamListener$1Closed@783eb82
org.apache.ratis.thirdparty.io.grpc.StatusRuntimeException: CANCELLED: call already cancelled
	at org.apache.ratis.thirdparty.io.grpc.Status.asRuntimeException(Status.java:517)
	at org.apache.ratis.thirdparty.io.grpc.stub.ServerCalls$ServerCallStreamObserverImpl.onCompleted(ServerCalls.java:356)
	at org.apache.ratis.grpc.server.GrpcServerProtocolService$ServerRequestStreamObserver.onError(GrpcServerProtocolService.java:121)
	at org.apache.ratis.thirdparty.io.grpc.stub.ServerCalls$StreamingServerCallHandler$StreamingServerCallListener.onCancel(ServerCalls.java:269)
	at org.apache.ratis.thirdparty.io.grpc.internal.ServerCallImpl$ServerStreamListenerImpl.closed(ServerCallImpl.java:293)
	at org.apache.ratis.thirdparty.io.grpc.internal.ServerImpl$JumpToApplicationThreadServerStreamListener$1Closed.runInContext(ServerImpl.java:741)
	at org.apache.ratis.thirdparty.io.grpc.internal.ContextRunnable.run(ContextRunnable.java:37)
	at org.apache.ratis.thirdparty.io.grpc.internal.SerializingExecutor.run(SerializingExecutor.java:123)
	at java.util.concurrent.ThreadPoolExecutor.runWorker(ThreadPoolExecutor.java:1149)
	at java.util.concurrent.ThreadPoolExecutor$Worker.run(ThreadPoolExecutor.java:624)
	at java.lang.Thread.run(Thread.java:748)

]]></system-err>
  </testcase>
</testsuite>