<?xml version="1.0" encoding="UTF-8"?>
<testsuite xmlns:xsi="http://www.w3.org/2001/XMLSchema-instance" xsi:noNamespaceSchemaLocation="https://maven.apache.org/surefire/maven-surefire-plugin/xsd/surefire-test-report.xsd" name="org.apache.hadoop.ozone.client.rpc.TestOzoneClientRetriesOnException" time="377.719" tests="2" errors="1" skipped="0" failures="0">
  <properties>
    <property name="awt.toolkit" value="sun.awt.X11.XToolkit"/>
    <property name="file.encoding.pkg" value="sun.io"/>
    <property name="java.specification.version" value="1.8"/>
    <property name="sun.cpu.isalist" value=""/>
    <property name="sun.jnu.encoding" value="UTF-8"/>
    <property name="java.class.path" value="/workdir/hadoop-ozone/integration-test/target/test-classes:/workdir/hadoop-ozone/integration-test/target/classes:/home/user/.m2/repository/org/apache/hadoop/hadoop-ozone-common/0.5.0-SNAPSHOT/hadoop-ozone-common-0.5.0-SNAPSHOT.jar:/home/user/.m2/repository/org/apache/commons/commons-compress/1.4.1/commons-compress-1.4.1.jar:/home/user/.m2/repository/org/tukaani/xz/1.0/xz-1.0.jar:/home/user/.m2/repository/org/apache/hadoop/hadoop-common/3.2.0/hadoop-common-3.2.0.jar:/home/user/.m2/repository/org/apache/hadoop/hadoop-hdfs/3.2.0/hadoop-hdfs-3.2.0.jar:/home/user/.m2/repository/org/apache/hadoop/hadoop-hdfs-client/3.2.0/hadoop-hdfs-client-3.2.0.jar:/home/user/.m2/repository/com/fasterxml/jackson/core/jackson-annotations/2.9.5/jackson-annotations-2.9.5.jar:/home/user/.m2/repository/org/apache/hadoop/hadoop-hdds-common/0.5.0-SNAPSHOT/hadoop-hdds-common-0.5.0-SNAPSHOT.jar:/home/user/.m2/repository/javax/annotation/javax.annotation-api/1.2/javax.annotation-api-1.2.jar:/home/user/.m2/repository/org/apache/ratis/ratis-server/0.4.0-2337318-SNAPSHOT/ratis-server-0.4.0-2337318-SNAPSHOT.jar:/home/user/.m2/repository/org/apache/ratis/ratis-thirdparty-misc/0.2.0/ratis-thirdparty-misc-0.2.0.jar:/home/user/.m2/repository/org/apache/ratis/ratis-proto/0.4.0-2337318-SNAPSHOT/ratis-proto-0.4.0-2337318-SNAPSHOT.jar:/home/user/.m2/repository/org/apache/ratis/ratis-common/0.4.0-2337318-SNAPSHOT/ratis-common-0.4.0-2337318-SNAPSHOT.jar:/home/user/.m2/repository/org/apache/ratis/ratis-client/0.4.0-2337318-SNAPSHOT/ratis-client-0.4.0-2337318-SNAPSHOT.jar:/home/user/.m2/repository/org/apache/ratis/ratis-metrics/0.4.0-2337318-SNAPSHOT/ratis-metrics-0.4.0-2337318-SNAPSHOT.jar:/home/user/.m2/repository/org/apache/ratis/ratis-netty/0.4.0-2337318-SNAPSHOT/ratis-netty-0.4.0-2337318-SNAPSHOT.jar:/home/user/.m2/repository/org/apache/ratis/ratis-grpc/0.4.0-2337318-SNAPSHOT/ratis-grpc-0.4.0-2337318-SNAPSHOT.jar:/home/user/.m2/repository/org/rocksdb/rocksdbjni/6.0.1/rocksdbjni-6.0.1.jar:/home/user/.m2/repository/org/apache/logging/log4j/log4j-api/2.11.0/log4j-api-2.11.0.jar:/home/user/.m2/repository/org/apache/logging/log4j/log4j-core/2.11.0/log4j-core-2.11.0.jar:/home/user/.m2/repository/com/lmax/disruptor/3.4.2/disruptor-3.4.2.jar:/home/user/.m2/repository/org/apache/commons/commons-pool2/2.6.0/commons-pool2-2.6.0.jar:/home/user/.m2/repository/org/bouncycastle/bcpkix-jdk15on/1.60/bcpkix-jdk15on-1.60.jar:/home/user/.m2/repository/commons-validator/commons-validator/1.6/commons-validator-1.6.jar:/home/user/.m2/repository/commons-digester/commons-digester/1.8.1/commons-digester-1.8.1.jar:/home/user/.m2/repository/io/jaegertracing/jaeger-client/0.33.1/jaeger-client-0.33.1.jar:/home/user/.m2/repository/io/jaegertracing/jaeger-thrift/0.33.1/jaeger-thrift-0.33.1.jar:/home/user/.m2/repository/org/apache/thrift/libthrift/0.11.0/libthrift-0.11.0.jar:/home/user/.m2/repository/com/squareup/okhttp3/okhttp/3.9.0/okhttp-3.9.0.jar:/home/user/.m2/repository/com/squareup/okio/okio/1.13.0/okio-1.13.0.jar:/home/user/.m2/repository/io/jaegertracing/jaeger-core/0.33.1/jaeger-core-0.33.1.jar:/home/user/.m2/repository/io/jaegertracing/jaeger-tracerresolver/0.33.1/jaeger-tracerresolver-0.33.1.jar:/home/user/.m2/repository/io/opentracing/contrib/opentracing-tracerresolver/0.1.5/opentracing-tracerresolver-0.1.5.jar:/home/user/.m2/repository/io/opentracing/opentracing-util/0.31.0/opentracing-util-0.31.0.jar:/home/user/.m2/repository/io/opentracing/opentracing-api/0.31.0/opentracing-api-0.31.0.jar:/home/user/.m2/repository/io/opentracing/opentracing-noop/0.31.0/opentracing-noop-0.31.0.jar:/home/user/.m2/repository/org/apache/hadoop/hadoop-hdds-server-framework/0.5.0-SNAPSHOT/hadoop-hdds-server-framework-0.5.0-SNAPSHOT.jar:/home/user/.m2/repository/org/apache/hadoop/hadoop-hdds-container-service/0.5.0-SNAPSHOT/hadoop-hdds-container-service-0.5.0-SNAPSHOT.jar:/home/user/.m2/repository/org/apache/hadoop/hadoop-hdds-client/0.5.0-SNAPSHOT/hadoop-hdds-client-0.5.0-SNAPSHOT.jar:/home/user/.m2/repository/org/apache/hadoop/hadoop-hdds-tools/0.5.0-SNAPSHOT/hadoop-hdds-tools-0.5.0-SNAPSHOT.jar:/home/user/.m2/repository/org/apache/hadoop/hadoop-hdds-server-scm/0.5.0-SNAPSHOT/hadoop-hdds-server-scm-0.5.0-SNAPSHOT.jar:/home/user/.m2/repository/org/apache/hadoop/hadoop-hdds-docs/0.5.0-SNAPSHOT/hadoop-hdds-docs-0.5.0-SNAPSHOT.jar:/home/user/.m2/repository/com/sun/xml/bind/jaxb-impl/2.3.0.1/jaxb-impl-2.3.0.1.jar:/home/user/.m2/repository/com/sun/xml/bind/jaxb-core/2.3.0.1/jaxb-core-2.3.0.1.jar:/home/user/.m2/repository/javax/xml/bind/jaxb-api/2.3.0/jaxb-api-2.3.0.jar:/home/user/.m2/repository/javax/activation/activation/1.1.1/activation-1.1.1.jar:/home/user/.m2/repository/io/dropwizard/metrics/metrics-core/3.2.4/metrics-core-3.2.4.jar:/home/user/.m2/repository/org/hamcrest/hamcrest-all/1.3/hamcrest-all-1.3.jar:/home/user/.m2/repository/org/bouncycastle/bcprov-jdk15on/1.60/bcprov-jdk15on-1.60.jar:/home/user/.m2/repository/info/picocli/picocli/3.9.6/picocli-3.9.6.jar:/home/user/.m2/repository/com/google/protobuf/protobuf-java/2.5.0/protobuf-java-2.5.0.jar:/home/user/.m2/repository/com/google/guava/guava/11.0.2/guava-11.0.2.jar:/home/user/.m2/repository/org/apache/hadoop/hadoop-ozone-ozone-manager/0.5.0-SNAPSHOT/hadoop-ozone-ozone-manager-0.5.0-SNAPSHOT.jar:/home/user/.m2/repository/org/apache/hadoop/hadoop-minikdc/3.2.0/hadoop-minikdc-3.2.0.jar:/home/user/.m2/repository/commons-io/commons-io/2.5/commons-io-2.5.jar:/home/user/.m2/repository/org/apache/kerby/kerb-simplekdc/1.0.1/kerb-simplekdc-1.0.1.jar:/home/user/.m2/repository/org/apache/kerby/kerb-client/1.0.1/kerb-client-1.0.1.jar:/home/user/.m2/repository/org/apache/kerby/kerby-config/1.0.1/kerby-config-1.0.1.jar:/home/user/.m2/repository/org/apache/kerby/kerb-core/1.0.1/kerb-core-1.0.1.jar:/home/user/.m2/repository/org/apache/kerby/kerby-pkix/1.0.1/kerby-pkix-1.0.1.jar:/home/user/.m2/repository/org/apache/kerby/kerby-asn1/1.0.1/kerby-asn1-1.0.1.jar:/home/user/.m2/repository/org/apache/kerby/kerby-util/1.0.1/kerby-util-1.0.1.jar:/home/user/.m2/repository/org/apache/kerby/kerb-common/1.0.1/kerb-common-1.0.1.jar:/home/user/.m2/repository/org/apache/kerby/kerb-crypto/1.0.1/kerb-crypto-1.0.1.jar:/home/user/.m2/repository/org/apache/kerby/kerb-util/1.0.1/kerb-util-1.0.1.jar:/home/user/.m2/repository/org/apache/kerby/token-provider/1.0.1/token-provider-1.0.1.jar:/home/user/.m2/repository/org/apache/kerby/kerb-admin/1.0.1/kerb-admin-1.0.1.jar:/home/user/.m2/repository/org/apache/kerby/kerb-server/1.0.1/kerb-server-1.0.1.jar:/home/user/.m2/repository/org/apache/kerby/kerb-identity/1.0.1/kerb-identity-1.0.1.jar:/home/user/.m2/repository/org/apache/kerby/kerby-xdr/1.0.1/kerby-xdr-1.0.1.jar:/home/user/.m2/repository/org/slf4j/slf4j-log4j12/1.7.25/slf4j-log4j12-1.7.25.jar:/home/user/.m2/repository/org/apache/hadoop/hadoop-ozone-objectstore-service/0.5.0-SNAPSHOT/hadoop-ozone-objectstore-service-0.5.0-SNAPSHOT.jar:/home/user/.m2/repository/org/apache/hadoop/hadoop-ozone-s3gateway/0.5.0-SNAPSHOT/hadoop-ozone-s3gateway-0.5.0-SNAPSHOT.jar:/home/user/.m2/repository/org/jboss/weld/servlet/weld-servlet/2.4.7.Final/weld-servlet-2.4.7.Final.jar:/home/user/.m2/repository/org/glassfish/jersey/containers/jersey-container-servlet-core/2.27/jersey-container-servlet-core-2.27.jar:/home/user/.m2/repository/org/glassfish/hk2/external/javax.inject/2.5.0-b42/javax.inject-2.5.0-b42.jar:/home/user/.m2/repository/org/glassfish/jersey/core/jersey-common/2.27/jersey-common-2.27.jar:/home/user/.m2/repository/org/glassfish/hk2/osgi-resource-locator/1.0.1/osgi-resource-locator-1.0.1.jar:/home/user/.m2/repository/javax/ws/rs/javax.ws.rs-api/2.1/javax.ws.rs-api-2.1.jar:/home/user/.m2/repository/org/glassfish/jersey/ext/cdi/jersey-cdi1x/2.27/jersey-cdi1x-2.27.jar:/home/user/.m2/repository/org/glassfish/jersey/inject/jersey-hk2/2.27/jersey-hk2-2.27.jar:/home/user/.m2/repository/org/glassfish/hk2/hk2-locator/2.5.0-b42/hk2-locator-2.5.0-b42.jar:/home/user/.m2/repository/org/javassist/javassist/3.22.0-CR2/javassist-3.22.0-CR2.jar:/home/user/.m2/repository/org/glassfish/hk2/hk2-api/2.5.0/hk2-api-2.5.0.jar:/home/user/.m2/repository/org/glassfish/hk2/external/jakarta.inject/2.5.0/jakarta.inject-2.5.0.jar:/home/user/.m2/repository/org/glassfish/hk2/hk2-utils/2.5.0/hk2-utils-2.5.0.jar:/home/user/.m2/repository/jakarta/annotation/jakarta.annotation-api/1.3.4/jakarta.annotation-api-1.3.4.jar:/home/user/.m2/repository/org/glassfish/hk2/external/aopalliance-repackaged/2.5.0/aopalliance-repackaged-2.5.0.jar:/home/user/.m2/repository/com/fasterxml/jackson/dataformat/jackson-dataformat-xml/2.9.0/jackson-dataformat-xml-2.9.0.jar:/home/user/.m2/repository/com/fasterxml/jackson/core/jackson-core/2.9.5/jackson-core-2.9.5.jar:/home/user/.m2/repository/com/fasterxml/jackson/module/jackson-module-jaxb-annotations/2.9.5/jackson-module-jaxb-annotations-2.9.5.jar:/home/user/.m2/repository/javax/enterprise/cdi-api/1.2/cdi-api-1.2.jar:/home/user/.m2/repository/javax/el/javax.el-api/3.0.0/javax.el-api-3.0.0.jar:/home/user/.m2/repository/javax/interceptor/javax.interceptor-api/1.2/javax.interceptor-api-1.2.jar:/home/user/.m2/repository/javax/inject/javax.inject/1/javax.inject-1.jar:/home/user/.m2/repository/org/apache/hadoop/hadoop-ozone-csi/0.5.0-SNAPSHOT/hadoop-ozone-csi-0.5.0-SNAPSHOT.jar:/home/user/.m2/repository/com/google/protobuf/protobuf-java-util/3.5.1/protobuf-java-util-3.5.1.jar:/home/user/.m2/repository/org/apache/hadoop/hadoop-hdds-config/0.5.0-SNAPSHOT/hadoop-hdds-config-0.5.0-SNAPSHOT.jar:/home/user/.m2/repository/io/grpc/grpc-netty/1.17.1/grpc-netty-1.17.1.jar:/home/user/.m2/repository/io/grpc/grpc-core/1.17.1/grpc-core-1.17.1.jar:/home/user/.m2/repository/io/grpc/grpc-context/1.17.1/grpc-context-1.17.1.jar:/home/user/.m2/repository/com/google/errorprone/error_prone_annotations/2.2.0/error_prone_annotations-2.2.0.jar:/home/user/.m2/repository/org/codehaus/mojo/animal-sniffer-annotations/1.17/animal-sniffer-annotations-1.17.jar:/home/user/.m2/repository/io/opencensus/opencensus-api/0.17.0/opencensus-api-0.17.0.jar:/home/user/.m2/repository/io/opencensus/opencensus-contrib-grpc-metrics/0.17.0/opencensus-contrib-grpc-metrics-0.17.0.jar:/home/user/.m2/repository/io/netty/netty-codec-http2/4.1.30.Final/netty-codec-http2-4.1.30.Final.jar:/home/user/.m2/repository/io/netty/netty-codec-http/4.1.30.Final/netty-codec-http-4.1.30.Final.jar:/home/user/.m2/repository/io/netty/netty-codec/4.1.30.Final/netty-codec-4.1.30.Final.jar:/home/user/.m2/repository/io/netty/netty-handler/4.1.30.Final/netty-handler-4.1.30.Final.jar:/home/user/.m2/repository/io/netty/netty-handler-proxy/4.1.30.Final/netty-handler-proxy-4.1.30.Final.jar:/home/user/.m2/repository/io/netty/netty-codec-socks/4.1.30.Final/netty-codec-socks-4.1.30.Final.jar:/home/user/.m2/repository/io/netty/netty-transport-native-epoll/4.1.30.Final/netty-transport-native-epoll-4.1.30.Final.jar:/home/user/.m2/repository/io/netty/netty-common/4.1.30.Final/netty-common-4.1.30.Final.jar:/home/user/.m2/repository/io/netty/netty-buffer/4.1.30.Final/netty-buffer-4.1.30.Final.jar:/home/user/.m2/repository/io/netty/netty-transport/4.1.30.Final/netty-transport-4.1.30.Final.jar:/home/user/.m2/repository/io/netty/netty-resolver/4.1.30.Final/netty-resolver-4.1.30.Final.jar:/home/user/.m2/repository/io/netty/netty-transport-native-unix-common/4.1.30.Final/netty-transport-native-unix-common-4.1.30.Final.jar:/home/user/.m2/repository/io/grpc/grpc-protobuf/1.17.1/grpc-protobuf-1.17.1.jar:/home/user/.m2/repository/com/google/api/grpc/proto-google-common-protos/1.0.0/proto-google-common-protos-1.0.0.jar:/home/user/.m2/repository/io/grpc/grpc-protobuf-lite/1.17.1/grpc-protobuf-lite-1.17.1.jar:/home/user/.m2/repository/io/grpc/grpc-stub/1.17.1/grpc-stub-1.17.1.jar:/home/user/.m2/repository/org/apache/hadoop/hadoop-ozone-recon/0.5.0-SNAPSHOT/hadoop-ozone-recon-0.5.0-SNAPSHOT.jar:/home/user/.m2/repository/org/apache/hadoop/hadoop-ozone-reconcodegen/0.5.0-SNAPSHOT/hadoop-ozone-reconcodegen-0.5.0-SNAPSHOT.jar:/home/user/.m2/repository/com/google/inject/extensions/guice-multibindings/4.0/guice-multibindings-4.0.jar:/home/user/.m2/repository/com/google/inject/guice/4.0/guice-4.0.jar:/home/user/.m2/repository/aopalliance/aopalliance/1.0/aopalliance-1.0.jar:/home/user/.m2/repository/com/google/inject/extensions/guice-servlet/4.0/guice-servlet-4.0.jar:/home/user/.m2/repository/org/glassfish/jersey/containers/jersey-container-servlet/2.27/jersey-container-servlet-2.27.jar:/home/user/.m2/repository/org/glassfish/hk2/guice-bridge/2.5.0/guice-bridge-2.5.0.jar:/home/user/.m2/repository/org/glassfish/jersey/core/jersey-server/2.27/jersey-server-2.27.jar:/home/user/.m2/repository/org/glassfish/jersey/core/jersey-client/2.27/jersey-client-2.27.jar:/home/user/.m2/repository/org/glassfish/jersey/media/jersey-media-jaxb/2.27/jersey-media-jaxb-2.27.jar:/home/user/.m2/repository/javax/validation/validation-api/1.1.0.Final/validation-api-1.1.0.Final.jar:/home/user/.m2/repository/org/glassfish/jersey/media/jersey-media-json-jackson/2.27/jersey-media-json-jackson-2.27.jar:/home/user/.m2/repository/org/glassfish/jersey/ext/jersey-entity-filtering/2.27/jersey-entity-filtering-2.27.jar:/home/user/.m2/repository/com/google/inject/extensions/guice-assistedinject/4.0/guice-assistedinject-4.0.jar:/home/user/.m2/repository/org/jooq/jooq/3.11.10/jooq-3.11.10.jar:/home/user/.m2/repository/org/jooq/jooq-meta/3.11.10/jooq-meta-3.11.10.jar:/home/user/.m2/repository/org/jooq/jooq-codegen/3.11.10/jooq-codegen-3.11.10.jar:/home/user/.m2/repository/com/jolbox/bonecp/0.8.0.RELEASE/bonecp-0.8.0.RELEASE.jar:/home/user/.m2/repository/org/xerial/sqlite-jdbc/3.25.2/sqlite-jdbc-3.25.2.jar:/home/user/.m2/repository/org/springframework/spring-jdbc/5.1.3.RELEASE/spring-jdbc-5.1.3.RELEASE.jar:/home/user/.m2/repository/org/springframework/spring-beans/5.1.3.RELEASE/spring-beans-5.1.3.RELEASE.jar:/home/user/.m2/repository/org/springframework/spring-core/5.1.3.RELEASE/spring-core-5.1.3.RELEASE.jar:/home/user/.m2/repository/org/springframework/spring-jcl/5.1.3.RELEASE/spring-jcl-5.1.3.RELEASE.jar:/home/user/.m2/repository/org/springframework/spring-tx/5.1.3.RELEASE/spring-tx-5.1.3.RELEASE.jar:/home/user/.m2/repository/org/apache/hadoop/hadoop-ozone-client/0.5.0-SNAPSHOT/hadoop-ozone-client-0.5.0-SNAPSHOT.jar:/home/user/.m2/repository/commons-lang/commons-lang/2.6/commons-lang-2.6.jar:/home/user/.m2/repository/org/apache/hadoop/hadoop-ozone-ozone-manager/0.5.0-SNAPSHOT/hadoop-ozone-ozone-manager-0.5.0-SNAPSHOT-tests.jar:/home/user/.m2/repository/junit/junit/4.11/junit-4.11.jar:/home/user/.m2/repository/org/hamcrest/hamcrest-core/1.3/hamcrest-core-1.3.jar:/home/user/.m2/repository/org/openjdk/jmh/jmh-core/1.19/jmh-core-1.19.jar:/home/user/.m2/repository/net/sf/jopt-simple/jopt-simple/4.6/jopt-simple-4.6.jar:/home/user/.m2/repository/org/apache/commons/commons-math3/3.1.1/commons-math3-3.1.1.jar:/home/user/.m2/repository/org/openjdk/jmh/jmh-generator-annprocess/1.19/jmh-generator-annprocess-1.19.jar:/home/user/.m2/repository/org/mockito/mockito-all/1.8.5/mockito-all-1.8.5.jar:/home/user/.m2/repository/org/apache/hadoop/hadoop-kms/3.2.0/hadoop-kms-3.2.0.jar:/home/user/.m2/repository/org/apache/hadoop/hadoop-auth/3.2.0/hadoop-auth-3.2.0.jar:/home/user/.m2/repository/com/nimbusds/nimbus-jose-jwt/4.41.1/nimbus-jose-jwt-4.41.1.jar:/home/user/.m2/repository/com/github/stephenc/jcip/jcip-annotations/1.0-1/jcip-annotations-1.0-1.jar:/home/user/.m2/repository/net/minidev/json-smart/2.3/json-smart-2.3.jar:/home/user/.m2/repository/net/minidev/accessors-smart/1.2/accessors-smart-1.2.jar:/home/user/.m2/repository/org/ow2/asm/asm/5.0.4/asm-5.0.4.jar:/home/user/.m2/repository/org/apache/curator/curator-framework/2.12.0/curator-framework-2.12.0.jar:/home/user/.m2/repository/com/sun/jersey/jersey-core/1.19/jersey-core-1.19.jar:/home/user/.m2/repository/javax/ws/rs/jsr311-api/1.1.1/jsr311-api-1.1.1.jar:/home/user/.m2/repository/com/sun/jersey/jersey-server/1.19/jersey-server-1.19.jar:/home/user/.m2/repository/javax/servlet/javax.servlet-api/3.1.0/javax.servlet-api-3.1.0.jar:/home/user/.m2/repository/org/eclipse/jetty/jetty-server/9.3.24.v20180605/jetty-server-9.3.24.v20180605.jar:/home/user/.m2/repository/org/eclipse/jetty/jetty-http/9.3.24.v20180605/jetty-http-9.3.24.v20180605.jar:/home/user/.m2/repository/org/eclipse/jetty/jetty-io/9.3.24.v20180605/jetty-io-9.3.24.v20180605.jar:/home/user/.m2/repository/org/eclipse/jetty/jetty-webapp/9.3.24.v20180605/jetty-webapp-9.3.24.v20180605.jar:/home/user/.m2/repository/org/eclipse/jetty/jetty-xml/9.3.24.v20180605/jetty-xml-9.3.24.v20180605.jar:/home/user/.m2/repository/log4j/log4j/1.2.17/log4j-1.2.17.jar:/home/user/.m2/repository/org/slf4j/slf4j-api/1.7.25/slf4j-api-1.7.25.jar:/home/user/.m2/repository/org/slf4j/jul-to-slf4j/1.7.25/jul-to-slf4j-1.7.25.jar:/home/user/.m2/repository/org/eclipse/jetty/jetty-util/9.3.24.v20180605/jetty-util-9.3.24.v20180605.jar:/home/user/.m2/repository/com/fasterxml/jackson/core/jackson-databind/2.9.5/jackson-databind-2.9.5.jar:/home/user/.m2/repository/org/apache/hadoop/hadoop-kms/3.2.0/hadoop-kms-3.2.0-tests.jar:/home/user/.m2/repository/org/apache/hadoop/hadoop-hdds-server-scm/0.5.0-SNAPSHOT/hadoop-hdds-server-scm-0.5.0-SNAPSHOT-tests.jar:/home/user/.m2/repository/org/apache/hadoop/hadoop-hdds-container-service/0.5.0-SNAPSHOT/hadoop-hdds-container-service-0.5.0-SNAPSHOT-tests.jar:/home/user/.m2/repository/org/yaml/snakeyaml/1.16/snakeyaml-1.16.jar:/home/user/.m2/repository/org/apache/hadoop/hadoop-common/3.2.0/hadoop-common-3.2.0-tests.jar:/home/user/.m2/repository/org/apache/hadoop/hadoop-annotations/3.2.0/hadoop-annotations-3.2.0.jar:/usr/lib/jvm/java-1.8-openjdk/jre/../lib/tools.jar:/home/user/.m2/repository/commons-cli/commons-cli/1.2/commons-cli-1.2.jar:/home/user/.m2/repository/org/apache/httpcomponents/httpclient/4.5.2/httpclient-4.5.2.jar:/home/user/.m2/repository/org/apache/httpcomponents/httpcore/4.4.4/httpcore-4.4.4.jar:/home/user/.m2/repository/commons-codec/commons-codec/1.11/commons-codec-1.11.jar:/home/user/.m2/repository/commons-net/commons-net/3.6/commons-net-3.6.jar:/home/user/.m2/repository/commons-collections/commons-collections/3.2.2/commons-collections-3.2.2.jar:/home/user/.m2/repository/org/eclipse/jetty/jetty-servlet/9.3.24.v20180605/jetty-servlet-9.3.24.v20180605.jar:/home/user/.m2/repository/org/eclipse/jetty/jetty-security/9.3.24.v20180605/jetty-security-9.3.24.v20180605.jar:/home/user/.m2/repository/javax/servlet/jsp/jsp-api/2.1/jsp-api-2.1.jar:/home/user/.m2/repository/com/sun/jersey/jersey-servlet/1.19/jersey-servlet-1.19.jar:/home/user/.m2/repository/com/sun/jersey/jersey-json/1.19/jersey-json-1.19.jar:/home/user/.m2/repository/org/codehaus/jettison/jettison/1.1/jettison-1.1.jar:/home/user/.m2/repository/org/codehaus/jackson/jackson-core-asl/1.9.13/jackson-core-asl-1.9.13.jar:/home/user/.m2/repository/org/codehaus/jackson/jackson-mapper-asl/1.9.13/jackson-mapper-asl-1.9.13.jar:/home/user/.m2/repository/org/codehaus/jackson/jackson-jaxrs/1.9.13/jackson-jaxrs-1.9.13.jar:/home/user/.m2/repository/org/codehaus/jackson/jackson-xc/1.9.13/jackson-xc-1.9.13.jar:/home/user/.m2/repository/commons-logging/commons-logging/1.1.3/commons-logging-1.1.3.jar:/home/user/.m2/repository/commons-beanutils/commons-beanutils/1.9.3/commons-beanutils-1.9.3.jar:/home/user/.m2/repository/org/apache/commons/commons-configuration2/2.1.1/commons-configuration2-2.1.1.jar:/home/user/.m2/repository/org/apache/commons/commons-lang3/3.7/commons-lang3-3.7.jar:/home/user/.m2/repository/org/apache/commons/commons-text/1.4/commons-text-1.4.jar:/home/user/.m2/repository/org/apache/avro/avro/1.7.7/avro-1.7.7.jar:/home/user/.m2/repository/com/thoughtworks/paranamer/paranamer/2.3/paranamer-2.3.jar:/home/user/.m2/repository/org/xerial/snappy/snappy-java/1.0.5/snappy-java-1.0.5.jar:/home/user/.m2/repository/com/google/re2j/re2j/1.1/re2j-1.1.jar:/home/user/.m2/repository/com/google/code/gson/gson/2.2.4/gson-2.2.4.jar:/home/user/.m2/repository/com/jcraft/jsch/0.1.54/jsch-0.1.54.jar:/home/user/.m2/repository/org/apache/curator/curator-client/2.12.0/curator-client-2.12.0.jar:/home/user/.m2/repository/org/apache/curator/curator-recipes/2.12.0/curator-recipes-2.12.0.jar:/home/user/.m2/repository/com/google/code/findbugs/jsr305/3.0.0/jsr305-3.0.0.jar:/home/user/.m2/repository/org/apache/htrace/htrace-core4/4.1.0-incubating/htrace-core4-4.1.0-incubating.jar:/home/user/.m2/repository/org/apache/zookeeper/zookeeper/3.4.13/zookeeper-3.4.13.jar:/home/user/.m2/repository/org/apache/yetus/audience-annotations/0.5.0/audience-annotations-0.5.0.jar:/home/user/.m2/repository/org/codehaus/woodstox/stax2-api/3.1.4/stax2-api-3.1.4.jar:/home/user/.m2/repository/com/fasterxml/woodstox/woodstox-core/5.0.3/woodstox-core-5.0.3.jar:/home/user/.m2/repository/dnsjava/dnsjava/2.1.7/dnsjava-2.1.7.jar:/home/user/.m2/repository/org/apache/hadoop/hadoop-hdfs/3.2.0/hadoop-hdfs-3.2.0-tests.jar:/home/user/.m2/repository/org/eclipse/jetty/jetty-util-ajax/9.3.24.v20180605/jetty-util-ajax-9.3.24.v20180605.jar:/home/user/.m2/repository/commons-daemon/commons-daemon/1.0.13/commons-daemon-1.0.13.jar:/home/user/.m2/repository/io/netty/netty/3.10.5.Final/netty-3.10.5.Final.jar:/home/user/.m2/repository/io/netty/netty-all/4.0.52.Final/netty-all-4.0.52.Final.jar:/home/user/.m2/repository/org/fusesource/leveldbjni/leveldbjni-all/1.8/leveldbjni-all-1.8.jar:"/>
    <property name="java.vm.vendor" value="IcedTea"/>
    <property name="sun.arch.data.model" value="64"/>
    <property name="test.build.dir" value="/workdir/hadoop-ozone/integration-test/target/test-dir"/>
    <property name="test.cache.data" value=""/>
    <property name="java.vendor.url" value="https://icedtea.classpath.org"/>
    <property name="user.timezone" value=""/>
    <property name="java.vm.specification.version" value="1.8"/>
    <property name="os.name" value="Linux"/>
    <property name="test.build.data" value="/workdir/hadoop-ozone/integration-test/target/test-dir"/>
    <property name="user.country" value="US"/>
    <property name="sun.java.launcher" value="SUN_STANDARD"/>
    <property name="sun.boot.library.path" value="/usr/lib/jvm/java-1.8-openjdk/jre/lib/amd64"/>
    <property name="sun.java.command" value="/workdir/hadoop-ozone/integration-test/target/surefire/surefirebooter8889550765740148128.jar /workdir/hadoop-ozone/integration-test/target/surefire 2019-08-21T08-14-15_929-jvmRun1 surefire2587796835367592782tmp surefire_632716677913458860145tmp"/>
    <property name="test" value="!TestMiniChaosOzoneCluster"/>
    <property name="surefire.test.class.path" value="/workdir/hadoop-ozone/integration-test/target/test-classes:/workdir/hadoop-ozone/integration-test/target/classes:/home/user/.m2/repository/org/apache/hadoop/hadoop-ozone-common/0.5.0-SNAPSHOT/hadoop-ozone-common-0.5.0-SNAPSHOT.jar:/home/user/.m2/repository/org/apache/commons/commons-compress/1.4.1/commons-compress-1.4.1.jar:/home/user/.m2/repository/org/tukaani/xz/1.0/xz-1.0.jar:/home/user/.m2/repository/org/apache/hadoop/hadoop-common/3.2.0/hadoop-common-3.2.0.jar:/home/user/.m2/repository/org/apache/hadoop/hadoop-hdfs/3.2.0/hadoop-hdfs-3.2.0.jar:/home/user/.m2/repository/org/apache/hadoop/hadoop-hdfs-client/3.2.0/hadoop-hdfs-client-3.2.0.jar:/home/user/.m2/repository/com/fasterxml/jackson/core/jackson-annotations/2.9.5/jackson-annotations-2.9.5.jar:/home/user/.m2/repository/org/apache/hadoop/hadoop-hdds-common/0.5.0-SNAPSHOT/hadoop-hdds-common-0.5.0-SNAPSHOT.jar:/home/user/.m2/repository/javax/annotation/javax.annotation-api/1.2/javax.annotation-api-1.2.jar:/home/user/.m2/repository/org/apache/ratis/ratis-server/0.4.0-2337318-SNAPSHOT/ratis-server-0.4.0-2337318-SNAPSHOT.jar:/home/user/.m2/repository/org/apache/ratis/ratis-thirdparty-misc/0.2.0/ratis-thirdparty-misc-0.2.0.jar:/home/user/.m2/repository/org/apache/ratis/ratis-proto/0.4.0-2337318-SNAPSHOT/ratis-proto-0.4.0-2337318-SNAPSHOT.jar:/home/user/.m2/repository/org/apache/ratis/ratis-common/0.4.0-2337318-SNAPSHOT/ratis-common-0.4.0-2337318-SNAPSHOT.jar:/home/user/.m2/repository/org/apache/ratis/ratis-client/0.4.0-2337318-SNAPSHOT/ratis-client-0.4.0-2337318-SNAPSHOT.jar:/home/user/.m2/repository/org/apache/ratis/ratis-metrics/0.4.0-2337318-SNAPSHOT/ratis-metrics-0.4.0-2337318-SNAPSHOT.jar:/home/user/.m2/repository/org/apache/ratis/ratis-netty/0.4.0-2337318-SNAPSHOT/ratis-netty-0.4.0-2337318-SNAPSHOT.jar:/home/user/.m2/repository/org/apache/ratis/ratis-grpc/0.4.0-2337318-SNAPSHOT/ratis-grpc-0.4.0-2337318-SNAPSHOT.jar:/home/user/.m2/repository/org/rocksdb/rocksdbjni/6.0.1/rocksdbjni-6.0.1.jar:/home/user/.m2/repository/org/apache/logging/log4j/log4j-api/2.11.0/log4j-api-2.11.0.jar:/home/user/.m2/repository/org/apache/logging/log4j/log4j-core/2.11.0/log4j-core-2.11.0.jar:/home/user/.m2/repository/com/lmax/disruptor/3.4.2/disruptor-3.4.2.jar:/home/user/.m2/repository/org/apache/commons/commons-pool2/2.6.0/commons-pool2-2.6.0.jar:/home/user/.m2/repository/org/bouncycastle/bcpkix-jdk15on/1.60/bcpkix-jdk15on-1.60.jar:/home/user/.m2/repository/commons-validator/commons-validator/1.6/commons-validator-1.6.jar:/home/user/.m2/repository/commons-digester/commons-digester/1.8.1/commons-digester-1.8.1.jar:/home/user/.m2/repository/io/jaegertracing/jaeger-client/0.33.1/jaeger-client-0.33.1.jar:/home/user/.m2/repository/io/jaegertracing/jaeger-thrift/0.33.1/jaeger-thrift-0.33.1.jar:/home/user/.m2/repository/org/apache/thrift/libthrift/0.11.0/libthrift-0.11.0.jar:/home/user/.m2/repository/com/squareup/okhttp3/okhttp/3.9.0/okhttp-3.9.0.jar:/home/user/.m2/repository/com/squareup/okio/okio/1.13.0/okio-1.13.0.jar:/home/user/.m2/repository/io/jaegertracing/jaeger-core/0.33.1/jaeger-core-0.33.1.jar:/home/user/.m2/repository/io/jaegertracing/jaeger-tracerresolver/0.33.1/jaeger-tracerresolver-0.33.1.jar:/home/user/.m2/repository/io/opentracing/contrib/opentracing-tracerresolver/0.1.5/opentracing-tracerresolver-0.1.5.jar:/home/user/.m2/repository/io/opentracing/opentracing-util/0.31.0/opentracing-util-0.31.0.jar:/home/user/.m2/repository/io/opentracing/opentracing-api/0.31.0/opentracing-api-0.31.0.jar:/home/user/.m2/repository/io/opentracing/opentracing-noop/0.31.0/opentracing-noop-0.31.0.jar:/home/user/.m2/repository/org/apache/hadoop/hadoop-hdds-server-framework/0.5.0-SNAPSHOT/hadoop-hdds-server-framework-0.5.0-SNAPSHOT.jar:/home/user/.m2/repository/org/apache/hadoop/hadoop-hdds-container-service/0.5.0-SNAPSHOT/hadoop-hdds-container-service-0.5.0-SNAPSHOT.jar:/home/user/.m2/repository/org/apache/hadoop/hadoop-hdds-client/0.5.0-SNAPSHOT/hadoop-hdds-client-0.5.0-SNAPSHOT.jar:/home/user/.m2/repository/org/apache/hadoop/hadoop-hdds-tools/0.5.0-SNAPSHOT/hadoop-hdds-tools-0.5.0-SNAPSHOT.jar:/home/user/.m2/repository/org/apache/hadoop/hadoop-hdds-server-scm/0.5.0-SNAPSHOT/hadoop-hdds-server-scm-0.5.0-SNAPSHOT.jar:/home/user/.m2/repository/org/apache/hadoop/hadoop-hdds-docs/0.5.0-SNAPSHOT/hadoop-hdds-docs-0.5.0-SNAPSHOT.jar:/home/user/.m2/repository/com/sun/xml/bind/jaxb-impl/2.3.0.1/jaxb-impl-2.3.0.1.jar:/home/user/.m2/repository/com/sun/xml/bind/jaxb-core/2.3.0.1/jaxb-core-2.3.0.1.jar:/home/user/.m2/repository/javax/xml/bind/jaxb-api/2.3.0/jaxb-api-2.3.0.jar:/home/user/.m2/repository/javax/activation/activation/1.1.1/activation-1.1.1.jar:/home/user/.m2/repository/io/dropwizard/metrics/metrics-core/3.2.4/metrics-core-3.2.4.jar:/home/user/.m2/repository/org/hamcrest/hamcrest-all/1.3/hamcrest-all-1.3.jar:/home/user/.m2/repository/org/bouncycastle/bcprov-jdk15on/1.60/bcprov-jdk15on-1.60.jar:/home/user/.m2/repository/info/picocli/picocli/3.9.6/picocli-3.9.6.jar:/home/user/.m2/repository/com/google/protobuf/protobuf-java/2.5.0/protobuf-java-2.5.0.jar:/home/user/.m2/repository/com/google/guava/guava/11.0.2/guava-11.0.2.jar:/home/user/.m2/repository/org/apache/hadoop/hadoop-ozone-ozone-manager/0.5.0-SNAPSHOT/hadoop-ozone-ozone-manager-0.5.0-SNAPSHOT.jar:/home/user/.m2/repository/org/apache/hadoop/hadoop-minikdc/3.2.0/hadoop-minikdc-3.2.0.jar:/home/user/.m2/repository/commons-io/commons-io/2.5/commons-io-2.5.jar:/home/user/.m2/repository/org/apache/kerby/kerb-simplekdc/1.0.1/kerb-simplekdc-1.0.1.jar:/home/user/.m2/repository/org/apache/kerby/kerb-client/1.0.1/kerb-client-1.0.1.jar:/home/user/.m2/repository/org/apache/kerby/kerby-config/1.0.1/kerby-config-1.0.1.jar:/home/user/.m2/repository/org/apache/kerby/kerb-core/1.0.1/kerb-core-1.0.1.jar:/home/user/.m2/repository/org/apache/kerby/kerby-pkix/1.0.1/kerby-pkix-1.0.1.jar:/home/user/.m2/repository/org/apache/kerby/kerby-asn1/1.0.1/kerby-asn1-1.0.1.jar:/home/user/.m2/repository/org/apache/kerby/kerby-util/1.0.1/kerby-util-1.0.1.jar:/home/user/.m2/repository/org/apache/kerby/kerb-common/1.0.1/kerb-common-1.0.1.jar:/home/user/.m2/repository/org/apache/kerby/kerb-crypto/1.0.1/kerb-crypto-1.0.1.jar:/home/user/.m2/repository/org/apache/kerby/kerb-util/1.0.1/kerb-util-1.0.1.jar:/home/user/.m2/repository/org/apache/kerby/token-provider/1.0.1/token-provider-1.0.1.jar:/home/user/.m2/repository/org/apache/kerby/kerb-admin/1.0.1/kerb-admin-1.0.1.jar:/home/user/.m2/repository/org/apache/kerby/kerb-server/1.0.1/kerb-server-1.0.1.jar:/home/user/.m2/repository/org/apache/kerby/kerb-identity/1.0.1/kerb-identity-1.0.1.jar:/home/user/.m2/repository/org/apache/kerby/kerby-xdr/1.0.1/kerby-xdr-1.0.1.jar:/home/user/.m2/repository/org/slf4j/slf4j-log4j12/1.7.25/slf4j-log4j12-1.7.25.jar:/home/user/.m2/repository/org/apache/hadoop/hadoop-ozone-objectstore-service/0.5.0-SNAPSHOT/hadoop-ozone-objectstore-service-0.5.0-SNAPSHOT.jar:/home/user/.m2/repository/org/apache/hadoop/hadoop-ozone-s3gateway/0.5.0-SNAPSHOT/hadoop-ozone-s3gateway-0.5.0-SNAPSHOT.jar:/home/user/.m2/repository/org/jboss/weld/servlet/weld-servlet/2.4.7.Final/weld-servlet-2.4.7.Final.jar:/home/user/.m2/repository/org/glassfish/jersey/containers/jersey-container-servlet-core/2.27/jersey-container-servlet-core-2.27.jar:/home/user/.m2/repository/org/glassfish/hk2/external/javax.inject/2.5.0-b42/javax.inject-2.5.0-b42.jar:/home/user/.m2/repository/org/glassfish/jersey/core/jersey-common/2.27/jersey-common-2.27.jar:/home/user/.m2/repository/org/glassfish/hk2/osgi-resource-locator/1.0.1/osgi-resource-locator-1.0.1.jar:/home/user/.m2/repository/javax/ws/rs/javax.ws.rs-api/2.1/javax.ws.rs-api-2.1.jar:/home/user/.m2/repository/org/glassfish/jersey/ext/cdi/jersey-cdi1x/2.27/jersey-cdi1x-2.27.jar:/home/user/.m2/repository/org/glassfish/jersey/inject/jersey-hk2/2.27/jersey-hk2-2.27.jar:/home/user/.m2/repository/org/glassfish/hk2/hk2-locator/2.5.0-b42/hk2-locator-2.5.0-b42.jar:/home/user/.m2/repository/org/javassist/javassist/3.22.0-CR2/javassist-3.22.0-CR2.jar:/home/user/.m2/repository/org/glassfish/hk2/hk2-api/2.5.0/hk2-api-2.5.0.jar:/home/user/.m2/repository/org/glassfish/hk2/external/jakarta.inject/2.5.0/jakarta.inject-2.5.0.jar:/home/user/.m2/repository/org/glassfish/hk2/hk2-utils/2.5.0/hk2-utils-2.5.0.jar:/home/user/.m2/repository/jakarta/annotation/jakarta.annotation-api/1.3.4/jakarta.annotation-api-1.3.4.jar:/home/user/.m2/repository/org/glassfish/hk2/external/aopalliance-repackaged/2.5.0/aopalliance-repackaged-2.5.0.jar:/home/user/.m2/repository/com/fasterxml/jackson/dataformat/jackson-dataformat-xml/2.9.0/jackson-dataformat-xml-2.9.0.jar:/home/user/.m2/repository/com/fasterxml/jackson/core/jackson-core/2.9.5/jackson-core-2.9.5.jar:/home/user/.m2/repository/com/fasterxml/jackson/module/jackson-module-jaxb-annotations/2.9.5/jackson-module-jaxb-annotations-2.9.5.jar:/home/user/.m2/repository/javax/enterprise/cdi-api/1.2/cdi-api-1.2.jar:/home/user/.m2/repository/javax/el/javax.el-api/3.0.0/javax.el-api-3.0.0.jar:/home/user/.m2/repository/javax/interceptor/javax.interceptor-api/1.2/javax.interceptor-api-1.2.jar:/home/user/.m2/repository/javax/inject/javax.inject/1/javax.inject-1.jar:/home/user/.m2/repository/org/apache/hadoop/hadoop-ozone-csi/0.5.0-SNAPSHOT/hadoop-ozone-csi-0.5.0-SNAPSHOT.jar:/home/user/.m2/repository/com/google/protobuf/protobuf-java-util/3.5.1/protobuf-java-util-3.5.1.jar:/home/user/.m2/repository/org/apache/hadoop/hadoop-hdds-config/0.5.0-SNAPSHOT/hadoop-hdds-config-0.5.0-SNAPSHOT.jar:/home/user/.m2/repository/io/grpc/grpc-netty/1.17.1/grpc-netty-1.17.1.jar:/home/user/.m2/repository/io/grpc/grpc-core/1.17.1/grpc-core-1.17.1.jar:/home/user/.m2/repository/io/grpc/grpc-context/1.17.1/grpc-context-1.17.1.jar:/home/user/.m2/repository/com/google/errorprone/error_prone_annotations/2.2.0/error_prone_annotations-2.2.0.jar:/home/user/.m2/repository/org/codehaus/mojo/animal-sniffer-annotations/1.17/animal-sniffer-annotations-1.17.jar:/home/user/.m2/repository/io/opencensus/opencensus-api/0.17.0/opencensus-api-0.17.0.jar:/home/user/.m2/repository/io/opencensus/opencensus-contrib-grpc-metrics/0.17.0/opencensus-contrib-grpc-metrics-0.17.0.jar:/home/user/.m2/repository/io/netty/netty-codec-http2/4.1.30.Final/netty-codec-http2-4.1.30.Final.jar:/home/user/.m2/repository/io/netty/netty-codec-http/4.1.30.Final/netty-codec-http-4.1.30.Final.jar:/home/user/.m2/repository/io/netty/netty-codec/4.1.30.Final/netty-codec-4.1.30.Final.jar:/home/user/.m2/repository/io/netty/netty-handler/4.1.30.Final/netty-handler-4.1.30.Final.jar:/home/user/.m2/repository/io/netty/netty-handler-proxy/4.1.30.Final/netty-handler-proxy-4.1.30.Final.jar:/home/user/.m2/repository/io/netty/netty-codec-socks/4.1.30.Final/netty-codec-socks-4.1.30.Final.jar:/home/user/.m2/repository/io/netty/netty-transport-native-epoll/4.1.30.Final/netty-transport-native-epoll-4.1.30.Final.jar:/home/user/.m2/repository/io/netty/netty-common/4.1.30.Final/netty-common-4.1.30.Final.jar:/home/user/.m2/repository/io/netty/netty-buffer/4.1.30.Final/netty-buffer-4.1.30.Final.jar:/home/user/.m2/repository/io/netty/netty-transport/4.1.30.Final/netty-transport-4.1.30.Final.jar:/home/user/.m2/repository/io/netty/netty-resolver/4.1.30.Final/netty-resolver-4.1.30.Final.jar:/home/user/.m2/repository/io/netty/netty-transport-native-unix-common/4.1.30.Final/netty-transport-native-unix-common-4.1.30.Final.jar:/home/user/.m2/repository/io/grpc/grpc-protobuf/1.17.1/grpc-protobuf-1.17.1.jar:/home/user/.m2/repository/com/google/api/grpc/proto-google-common-protos/1.0.0/proto-google-common-protos-1.0.0.jar:/home/user/.m2/repository/io/grpc/grpc-protobuf-lite/1.17.1/grpc-protobuf-lite-1.17.1.jar:/home/user/.m2/repository/io/grpc/grpc-stub/1.17.1/grpc-stub-1.17.1.jar:/home/user/.m2/repository/org/apache/hadoop/hadoop-ozone-recon/0.5.0-SNAPSHOT/hadoop-ozone-recon-0.5.0-SNAPSHOT.jar:/home/user/.m2/repository/org/apache/hadoop/hadoop-ozone-reconcodegen/0.5.0-SNAPSHOT/hadoop-ozone-reconcodegen-0.5.0-SNAPSHOT.jar:/home/user/.m2/repository/com/google/inject/extensions/guice-multibindings/4.0/guice-multibindings-4.0.jar:/home/user/.m2/repository/com/google/inject/guice/4.0/guice-4.0.jar:/home/user/.m2/repository/aopalliance/aopalliance/1.0/aopalliance-1.0.jar:/home/user/.m2/repository/com/google/inject/extensions/guice-servlet/4.0/guice-servlet-4.0.jar:/home/user/.m2/repository/org/glassfish/jersey/containers/jersey-container-servlet/2.27/jersey-container-servlet-2.27.jar:/home/user/.m2/repository/org/glassfish/hk2/guice-bridge/2.5.0/guice-bridge-2.5.0.jar:/home/user/.m2/repository/org/glassfish/jersey/core/jersey-server/2.27/jersey-server-2.27.jar:/home/user/.m2/repository/org/glassfish/jersey/core/jersey-client/2.27/jersey-client-2.27.jar:/home/user/.m2/repository/org/glassfish/jersey/media/jersey-media-jaxb/2.27/jersey-media-jaxb-2.27.jar:/home/user/.m2/repository/javax/validation/validation-api/1.1.0.Final/validation-api-1.1.0.Final.jar:/home/user/.m2/repository/org/glassfish/jersey/media/jersey-media-json-jackson/2.27/jersey-media-json-jackson-2.27.jar:/home/user/.m2/repository/org/glassfish/jersey/ext/jersey-entity-filtering/2.27/jersey-entity-filtering-2.27.jar:/home/user/.m2/repository/com/google/inject/extensions/guice-assistedinject/4.0/guice-assistedinject-4.0.jar:/home/user/.m2/repository/org/jooq/jooq/3.11.10/jooq-3.11.10.jar:/home/user/.m2/repository/org/jooq/jooq-meta/3.11.10/jooq-meta-3.11.10.jar:/home/user/.m2/repository/org/jooq/jooq-codegen/3.11.10/jooq-codegen-3.11.10.jar:/home/user/.m2/repository/com/jolbox/bonecp/0.8.0.RELEASE/bonecp-0.8.0.RELEASE.jar:/home/user/.m2/repository/org/xerial/sqlite-jdbc/3.25.2/sqlite-jdbc-3.25.2.jar:/home/user/.m2/repository/org/springframework/spring-jdbc/5.1.3.RELEASE/spring-jdbc-5.1.3.RELEASE.jar:/home/user/.m2/repository/org/springframework/spring-beans/5.1.3.RELEASE/spring-beans-5.1.3.RELEASE.jar:/home/user/.m2/repository/org/springframework/spring-core/5.1.3.RELEASE/spring-core-5.1.3.RELEASE.jar:/home/user/.m2/repository/org/springframework/spring-jcl/5.1.3.RELEASE/spring-jcl-5.1.3.RELEASE.jar:/home/user/.m2/repository/org/springframework/spring-tx/5.1.3.RELEASE/spring-tx-5.1.3.RELEASE.jar:/home/user/.m2/repository/org/apache/hadoop/hadoop-ozone-client/0.5.0-SNAPSHOT/hadoop-ozone-client-0.5.0-SNAPSHOT.jar:/home/user/.m2/repository/commons-lang/commons-lang/2.6/commons-lang-2.6.jar:/home/user/.m2/repository/org/apache/hadoop/hadoop-ozone-ozone-manager/0.5.0-SNAPSHOT/hadoop-ozone-ozone-manager-0.5.0-SNAPSHOT-tests.jar:/home/user/.m2/repository/junit/junit/4.11/junit-4.11.jar:/home/user/.m2/repository/org/hamcrest/hamcrest-core/1.3/hamcrest-core-1.3.jar:/home/user/.m2/repository/org/openjdk/jmh/jmh-core/1.19/jmh-core-1.19.jar:/home/user/.m2/repository/net/sf/jopt-simple/jopt-simple/4.6/jopt-simple-4.6.jar:/home/user/.m2/repository/org/apache/commons/commons-math3/3.1.1/commons-math3-3.1.1.jar:/home/user/.m2/repository/org/openjdk/jmh/jmh-generator-annprocess/1.19/jmh-generator-annprocess-1.19.jar:/home/user/.m2/repository/org/mockito/mockito-all/1.8.5/mockito-all-1.8.5.jar:/home/user/.m2/repository/org/apache/hadoop/hadoop-kms/3.2.0/hadoop-kms-3.2.0.jar:/home/user/.m2/repository/org/apache/hadoop/hadoop-auth/3.2.0/hadoop-auth-3.2.0.jar:/home/user/.m2/repository/com/nimbusds/nimbus-jose-jwt/4.41.1/nimbus-jose-jwt-4.41.1.jar:/home/user/.m2/repository/com/github/stephenc/jcip/jcip-annotations/1.0-1/jcip-annotations-1.0-1.jar:/home/user/.m2/repository/net/minidev/json-smart/2.3/json-smart-2.3.jar:/home/user/.m2/repository/net/minidev/accessors-smart/1.2/accessors-smart-1.2.jar:/home/user/.m2/repository/org/ow2/asm/asm/5.0.4/asm-5.0.4.jar:/home/user/.m2/repository/org/apache/curator/curator-framework/2.12.0/curator-framework-2.12.0.jar:/home/user/.m2/repository/com/sun/jersey/jersey-core/1.19/jersey-core-1.19.jar:/home/user/.m2/repository/javax/ws/rs/jsr311-api/1.1.1/jsr311-api-1.1.1.jar:/home/user/.m2/repository/com/sun/jersey/jersey-server/1.19/jersey-server-1.19.jar:/home/user/.m2/repository/javax/servlet/javax.servlet-api/3.1.0/javax.servlet-api-3.1.0.jar:/home/user/.m2/repository/org/eclipse/jetty/jetty-server/9.3.24.v20180605/jetty-server-9.3.24.v20180605.jar:/home/user/.m2/repository/org/eclipse/jetty/jetty-http/9.3.24.v20180605/jetty-http-9.3.24.v20180605.jar:/home/user/.m2/repository/org/eclipse/jetty/jetty-io/9.3.24.v20180605/jetty-io-9.3.24.v20180605.jar:/home/user/.m2/repository/org/eclipse/jetty/jetty-webapp/9.3.24.v20180605/jetty-webapp-9.3.24.v20180605.jar:/home/user/.m2/repository/org/eclipse/jetty/jetty-xml/9.3.24.v20180605/jetty-xml-9.3.24.v20180605.jar:/home/user/.m2/repository/log4j/log4j/1.2.17/log4j-1.2.17.jar:/home/user/.m2/repository/org/slf4j/slf4j-api/1.7.25/slf4j-api-1.7.25.jar:/home/user/.m2/repository/org/slf4j/jul-to-slf4j/1.7.25/jul-to-slf4j-1.7.25.jar:/home/user/.m2/repository/org/eclipse/jetty/jetty-util/9.3.24.v20180605/jetty-util-9.3.24.v20180605.jar:/home/user/.m2/repository/com/fasterxml/jackson/core/jackson-databind/2.9.5/jackson-databind-2.9.5.jar:/home/user/.m2/repository/org/apache/hadoop/hadoop-kms/3.2.0/hadoop-kms-3.2.0-tests.jar:/home/user/.m2/repository/org/apache/hadoop/hadoop-hdds-server-scm/0.5.0-SNAPSHOT/hadoop-hdds-server-scm-0.5.0-SNAPSHOT-tests.jar:/home/user/.m2/repository/org/apache/hadoop/hadoop-hdds-container-service/0.5.0-SNAPSHOT/hadoop-hdds-container-service-0.5.0-SNAPSHOT-tests.jar:/home/user/.m2/repository/org/yaml/snakeyaml/1.16/snakeyaml-1.16.jar:/home/user/.m2/repository/org/apache/hadoop/hadoop-common/3.2.0/hadoop-common-3.2.0-tests.jar:/home/user/.m2/repository/org/apache/hadoop/hadoop-annotations/3.2.0/hadoop-annotations-3.2.0.jar:/usr/lib/jvm/java-1.8-openjdk/jre/../lib/tools.jar:/home/user/.m2/repository/commons-cli/commons-cli/1.2/commons-cli-1.2.jar:/home/user/.m2/repository/org/apache/httpcomponents/httpclient/4.5.2/httpclient-4.5.2.jar:/home/user/.m2/repository/org/apache/httpcomponents/httpcore/4.4.4/httpcore-4.4.4.jar:/home/user/.m2/repository/commons-codec/commons-codec/1.11/commons-codec-1.11.jar:/home/user/.m2/repository/commons-net/commons-net/3.6/commons-net-3.6.jar:/home/user/.m2/repository/commons-collections/commons-collections/3.2.2/commons-collections-3.2.2.jar:/home/user/.m2/repository/org/eclipse/jetty/jetty-servlet/9.3.24.v20180605/jetty-servlet-9.3.24.v20180605.jar:/home/user/.m2/repository/org/eclipse/jetty/jetty-security/9.3.24.v20180605/jetty-security-9.3.24.v20180605.jar:/home/user/.m2/repository/javax/servlet/jsp/jsp-api/2.1/jsp-api-2.1.jar:/home/user/.m2/repository/com/sun/jersey/jersey-servlet/1.19/jersey-servlet-1.19.jar:/home/user/.m2/repository/com/sun/jersey/jersey-json/1.19/jersey-json-1.19.jar:/home/user/.m2/repository/org/codehaus/jettison/jettison/1.1/jettison-1.1.jar:/home/user/.m2/repository/org/codehaus/jackson/jackson-core-asl/1.9.13/jackson-core-asl-1.9.13.jar:/home/user/.m2/repository/org/codehaus/jackson/jackson-mapper-asl/1.9.13/jackson-mapper-asl-1.9.13.jar:/home/user/.m2/repository/org/codehaus/jackson/jackson-jaxrs/1.9.13/jackson-jaxrs-1.9.13.jar:/home/user/.m2/repository/org/codehaus/jackson/jackson-xc/1.9.13/jackson-xc-1.9.13.jar:/home/user/.m2/repository/commons-logging/commons-logging/1.1.3/commons-logging-1.1.3.jar:/home/user/.m2/repository/commons-beanutils/commons-beanutils/1.9.3/commons-beanutils-1.9.3.jar:/home/user/.m2/repository/org/apache/commons/commons-configuration2/2.1.1/commons-configuration2-2.1.1.jar:/home/user/.m2/repository/org/apache/commons/commons-lang3/3.7/commons-lang3-3.7.jar:/home/user/.m2/repository/org/apache/commons/commons-text/1.4/commons-text-1.4.jar:/home/user/.m2/repository/org/apache/avro/avro/1.7.7/avro-1.7.7.jar:/home/user/.m2/repository/com/thoughtworks/paranamer/paranamer/2.3/paranamer-2.3.jar:/home/user/.m2/repository/org/xerial/snappy/snappy-java/1.0.5/snappy-java-1.0.5.jar:/home/user/.m2/repository/com/google/re2j/re2j/1.1/re2j-1.1.jar:/home/user/.m2/repository/com/google/code/gson/gson/2.2.4/gson-2.2.4.jar:/home/user/.m2/repository/com/jcraft/jsch/0.1.54/jsch-0.1.54.jar:/home/user/.m2/repository/org/apache/curator/curator-client/2.12.0/curator-client-2.12.0.jar:/home/user/.m2/repository/org/apache/curator/curator-recipes/2.12.0/curator-recipes-2.12.0.jar:/home/user/.m2/repository/com/google/code/findbugs/jsr305/3.0.0/jsr305-3.0.0.jar:/home/user/.m2/repository/org/apache/htrace/htrace-core4/4.1.0-incubating/htrace-core4-4.1.0-incubating.jar:/home/user/.m2/repository/org/apache/zookeeper/zookeeper/3.4.13/zookeeper-3.4.13.jar:/home/user/.m2/repository/org/apache/yetus/audience-annotations/0.5.0/audience-annotations-0.5.0.jar:/home/user/.m2/repository/org/codehaus/woodstox/stax2-api/3.1.4/stax2-api-3.1.4.jar:/home/user/.m2/repository/com/fasterxml/woodstox/woodstox-core/5.0.3/woodstox-core-5.0.3.jar:/home/user/.m2/repository/dnsjava/dnsjava/2.1.7/dnsjava-2.1.7.jar:/home/user/.m2/repository/org/apache/hadoop/hadoop-hdfs/3.2.0/hadoop-hdfs-3.2.0-tests.jar:/home/user/.m2/repository/org/eclipse/jetty/jetty-util-ajax/9.3.24.v20180605/jetty-util-ajax-9.3.24.v20180605.jar:/home/user/.m2/repository/commons-daemon/commons-daemon/1.0.13/commons-daemon-1.0.13.jar:/home/user/.m2/repository/io/netty/netty/3.10.5.Final/netty-3.10.5.Final.jar:/home/user/.m2/repository/io/netty/netty-all/4.0.52.Final/netty-all-4.0.52.Final.jar:/home/user/.m2/repository/org/fusesource/leveldbjni/leveldbjni-all/1.8/leveldbjni-all-1.8.jar:"/>
    <property name="sun.cpu.endian" value="little"/>
    <property name="user.home" value="/home/user"/>
    <property name="user.language" value="en"/>
    <property name="java.specification.vendor" value="Oracle Corporation"/>
    <property name="java.home" value="/usr/lib/jvm/java-1.8-openjdk/jre"/>
    <property name="java.security.krb5.conf" value="/workdir/hadoop-ozone/integration-test/target/test-classes/krb5.conf"/>
    <property name="basedir" value="/workdir/hadoop-ozone/integration-test"/>
    <property name="file.separator" value="/"/>
    <property name="line.separator" value="&#10;"/>
    <property name="java.vm.specification.vendor" value="Oracle Corporation"/>
    <property name="java.specification.name" value="Java Platform API Specification"/>
    <property name="java.awt.graphicsenv" value="sun.awt.X11GraphicsEnvironment"/>
    <property name="surefire.real.class.path" value="/workdir/hadoop-ozone/integration-test/target/surefire/surefirebooter8889550765740148128.jar"/>
    <property name="hadoop.log.dir" value="/workdir/hadoop-ozone/integration-test/target/log"/>
    <property name="sun.boot.class.path" value="/usr/lib/jvm/java-1.8-openjdk/jre/lib/resources.jar:/usr/lib/jvm/java-1.8-openjdk/jre/lib/rt.jar:/usr/lib/jvm/java-1.8-openjdk/jre/lib/sunrsasign.jar:/usr/lib/jvm/java-1.8-openjdk/jre/lib/jsse.jar:/usr/lib/jvm/java-1.8-openjdk/jre/lib/jce.jar:/usr/lib/jvm/java-1.8-openjdk/jre/lib/charsets.jar:/usr/lib/jvm/java-1.8-openjdk/jre/lib/jfr.jar:/usr/lib/jvm/java-1.8-openjdk/jre/classes"/>
    <property name="sun.management.compiler" value="HotSpot 64-Bit Tiered Compilers"/>
    <property name="java.runtime.version" value="1.8.0_212-b04"/>
    <property name="java.net.preferIPv4Stack" value="true"/>
    <property name="user.name" value="jenkins1000"/>
    <property name="path.separator" value=":"/>
    <property name="java.security.egd" value="file:///dev/urandom"/>
    <property name="os.version" value="3.10.0-957.12.2.el7.x86_64"/>
    <property name="java.endorsed.dirs" value="/usr/lib/jvm/java-1.8-openjdk/jre/lib/endorsed"/>
    <property name="java.runtime.name" value="OpenJDK Runtime Environment"/>
    <property name="file.encoding" value="UTF-8"/>
    <property name="java.vm.name" value="OpenJDK 64-Bit Server VM"/>
    <property name="test.build.webapps" value=""/>
    <property name="localRepository" value="/home/user/.m2/repository"/>
    <property name="java.vendor.url.bug" value="https://icedtea.classpath.org/bugzilla"/>
    <property name="java.io.tmpdir" value="/tmp"/>
    <property name="require.test.libhadoop" value=""/>
    <property name="java.version" value="1.8.0_212"/>
    <property name="user.dir" value="/workdir/hadoop-ozone/integration-test"/>
    <property name="os.arch" value="amd64"/>
    <property name="java.vm.specification.name" value="Java Virtual Machine Specification"/>
    <property name="test.build.classes" value="/workdir/hadoop-ozone/integration-test/target/test-classes"/>
    <property name="java.awt.printerjob" value="sun.print.PSPrinterJob"/>
    <property name="sun.os.patch.level" value="unknown"/>
    <property name="hadoop.tmp.dir" value="/workdir/hadoop-ozone/integration-test/target/tmp"/>
    <property name="java.library.path" value="/usr/lib/jvm/java-1.8-openjdk/jre/lib/amd64/server:/usr/lib/jvm/java-1.8-openjdk/jre/lib/amd64:/usr/lib/jvm/java-1.8-openjdk/jre/../lib/amd64:/workdir/hadoop-ozone/integration-test/target/native/target/usr/local/lib:/workdir/hadoop-ozone/integration-test/../../hadoop-common-project/hadoop-common/target/native/target/usr/local/lib:/usr/java/packages/lib/amd64:/usr/lib64:/lib64:/lib:/usr/lib"/>
    <property name="java.vm.info" value="mixed mode"/>
    <property name="java.vendor" value="IcedTea"/>
    <property name="java.vm.version" value="25.212-b04"/>
    <property name="java.ext.dirs" value="/usr/lib/jvm/java-1.8-openjdk/jre/lib/ext:/usr/java/packages/lib/ext"/>
    <property name="sun.io.unicode.encoding" value="UnicodeLittle"/>
    <property name="java.class.version" value="52.0"/>
  </properties>
  <testcase name="testGroupMismatchExceptionHandling" classname="org.apache.hadoop.ozone.client.rpc.TestOzoneClientRetriesOnException" time="40.645"/>
  <testcase name="testMaxRetriesByOzoneClient" classname="org.apache.hadoop.ozone.client.rpc.TestOzoneClientRetriesOnException" time="336.806">
    <error message="Failed to command cmdType: CreateContainer&#10;containerID: 1&#10;datanodeUuid: &quot;4fc6c8fa-e96e-43c4-8369-e0ca8a7014d6&quot;&#10;createContainer {&#10;}&#10;" type="java.io.IOException">java.io.IOException: 
Failed to command cmdType: CreateContainer
containerID: 1
datanodeUuid: "4fc6c8fa-e96e-43c4-8369-e0ca8a7014d6"
createContainer {
}

	at org.apache.hadoop.hdds.scm.XceiverClientSpi.sendCommand(XceiverClientSpi.java:113)
	at org.apache.hadoop.ozone.client.rpc.TestOzoneClientRetriesOnException.testMaxRetriesByOzoneClient(TestOzoneClientRetriesOnException.java:190)
	at sun.reflect.NativeMethodAccessorImpl.invoke0(Native Method)
	at sun.reflect.NativeMethodAccessorImpl.invoke(NativeMethodAccessorImpl.java:62)
	at sun.reflect.DelegatingMethodAccessorImpl.invoke(DelegatingMethodAccessorImpl.java:43)
	at java.lang.reflect.Method.invoke(Method.java:498)
	at org.junit.runners.model.FrameworkMethod$1.runReflectiveCall(FrameworkMethod.java:47)
	at org.junit.internal.runners.model.ReflectiveCallable.run(ReflectiveCallable.java:12)
	at org.junit.runners.model.FrameworkMethod.invokeExplosively(FrameworkMethod.java:44)
	at org.junit.internal.runners.statements.InvokeMethod.evaluate(InvokeMethod.java:17)
	at org.junit.internal.runners.statements.RunBefores.evaluate(RunBefores.java:26)
	at org.junit.internal.runners.statements.RunAfters.evaluate(RunAfters.java:27)
	at org.junit.runners.ParentRunner.runLeaf(ParentRunner.java:271)
	at org.junit.runners.BlockJUnit4ClassRunner.runChild(BlockJUnit4ClassRunner.java:70)
	at org.junit.runners.BlockJUnit4ClassRunner.runChild(BlockJUnit4ClassRunner.java:50)
	at org.junit.runners.ParentRunner$3.run(ParentRunner.java:238)
	at org.junit.runners.ParentRunner$1.schedule(ParentRunner.java:63)
	at org.junit.runners.ParentRunner.runChildren(ParentRunner.java:236)
	at org.junit.runners.ParentRunner.access$000(ParentRunner.java:53)
	at org.junit.runners.ParentRunner$2.evaluate(ParentRunner.java:229)
	at org.junit.runners.ParentRunner.run(ParentRunner.java:309)
	at org.apache.maven.surefire.junit4.JUnit4Provider.execute(JUnit4Provider.java:365)
	at org.apache.maven.surefire.junit4.JUnit4Provider.executeWithRerun(JUnit4Provider.java:273)
	at org.apache.maven.surefire.junit4.JUnit4Provider.executeTestSet(JUnit4Provider.java:238)
	at org.apache.maven.surefire.junit4.JUnit4Provider.invoke(JUnit4Provider.java:159)
	at org.apache.maven.surefire.booter.ForkedBooter.invokeProviderInSameClassLoader(ForkedBooter.java:384)
	at org.apache.maven.surefire.booter.ForkedBooter.runSuitesInProcess(ForkedBooter.java:345)
	at org.apache.maven.surefire.booter.ForkedBooter.execute(ForkedBooter.java:126)
	at org.apache.maven.surefire.booter.ForkedBooter.main(ForkedBooter.java:418)
Caused by: java.util.concurrent.ExecutionException: org.apache.ratis.protocol.RaftRetryFailureException: Failed RaftClientRequest:client-765D7F86C248->a8271a13-8b98-4259-a956-3406fefc9571@group-159FDE3C55F8, cid=45, seq=4*, RW, org.apache.hadoop.hdds.scm.XceiverClientRatis$$Lambda$315/1180105925@6f3f610 for 180 attempts with RetryLimited(maxAttempts=180, sleepTime=1000ms)
	at java.util.concurrent.CompletableFuture.reportGet(CompletableFuture.java:357)
	at java.util.concurrent.CompletableFuture.get(CompletableFuture.java:1895)
	at org.apache.hadoop.hdds.scm.XceiverClientSpi.sendCommand(XceiverClientSpi.java:110)
	... 28 more
Caused by: org.apache.ratis.protocol.RaftRetryFailureException: Failed RaftClientRequest:client-765D7F86C248->a8271a13-8b98-4259-a956-3406fefc9571@group-159FDE3C55F8, cid=45, seq=4*, RW, org.apache.hadoop.hdds.scm.XceiverClientRatis$$Lambda$315/1180105925@6f3f610 for 180 attempts with RetryLimited(maxAttempts=180, sleepTime=1000ms)
	at org.apache.ratis.client.impl.RaftClientImpl.noMoreRetries(RaftClientImpl.java:272)
	at org.apache.ratis.client.impl.OrderedAsync.handleAsyncRetryFailure(OrderedAsync.java:138)
	at org.apache.ratis.client.impl.OrderedAsync.lambda$sendRequest$10(OrderedAsync.java:230)
	at java.util.concurrent.CompletableFuture.uniExceptionally(CompletableFuture.java:870)
	at java.util.concurrent.CompletableFuture$UniExceptionally.tryFire(CompletableFuture.java:852)
	at java.util.concurrent.CompletableFuture.postComplete(CompletableFuture.java:474)
	at java.util.concurrent.CompletableFuture.completeExceptionally(CompletableFuture.java:1977)
	at org.apache.ratis.grpc.client.GrpcClientProtocolClient$AsyncStreamObservers.completeReplyExceptionally(GrpcClientProtocolClient.java:330)
	at org.apache.ratis.grpc.client.GrpcClientProtocolClient$AsyncStreamObservers.access$000(GrpcClientProtocolClient.java:246)
	at org.apache.ratis.grpc.client.GrpcClientProtocolClient$AsyncStreamObservers$1.onNext(GrpcClientProtocolClient.java:258)
	at org.apache.ratis.grpc.client.GrpcClientProtocolClient$AsyncStreamObservers$1.onNext(GrpcClientProtocolClient.java:249)
	at org.apache.ratis.thirdparty.io.grpc.stub.ClientCalls$StreamObserverToCallListenerAdapter.onMessage(ClientCalls.java:421)
	at org.apache.ratis.thirdparty.io.grpc.ForwardingClientCallListener.onMessage(ForwardingClientCallListener.java:33)
	at org.apache.ratis.thirdparty.io.grpc.ForwardingClientCallListener.onMessage(ForwardingClientCallListener.java:33)
	at org.apache.ratis.thirdparty.io.grpc.internal.ClientCallImpl$ClientStreamListenerImpl$1MessagesAvailable.runInContext(ClientCallImpl.java:519)
	at org.apache.ratis.thirdparty.io.grpc.internal.ContextRunnable.run(ContextRunnable.java:37)
	at org.apache.ratis.thirdparty.io.grpc.internal.SerializingExecutor.run(SerializingExecutor.java:123)
	at java.util.concurrent.ThreadPoolExecutor.runWorker(ThreadPoolExecutor.java:1149)
	at java.util.concurrent.ThreadPoolExecutor$Worker.run(ThreadPoolExecutor.java:624)
	at java.lang.Thread.run(Thread.java:748)
Caused by: org.apache.ratis.protocol.NotLeaderException: Server a8271a13-8b98-4259-a956-3406fefc9571 is not the leader (b216f333-d584-463e-ac29-b520f4cc8032:192.168.34.50:33369). Request must be sent to leader.
	at org.apache.ratis.client.impl.ClientProtoUtils.toRaftClientReply(ClientProtoUtils.java:242)
	at org.apache.ratis.grpc.client.GrpcClientProtocolClient$AsyncStreamObservers$1.onNext(GrpcClientProtocolClient.java:254)
	... 10 more
</error>
    <system-out><![CDATA[2019-08-21 09:11:36,392 [main] WARN  server.ServerUtils (ServerUtils.java:getScmDbDir(155)) - ozone.scm.db.dirs is not configured. We recommend adding this setting. Falling back to ozone.metadata.dirs instead.
2019-08-21 09:11:36,444 [main] WARN  server.ServerUtils (ServerUtils.java:getScmDbDir(155)) - ozone.scm.db.dirs is not configured. We recommend adding this setting. Falling back to ozone.metadata.dirs instead.
2019-08-21 09:11:36,445 [main] WARN  server.ServerUtils (ServerUtils.java:getScmDbDir(155)) - ozone.scm.db.dirs is not configured. We recommend adding this setting. Falling back to ozone.metadata.dirs instead.
2019-08-21 09:11:36,446 [main] INFO  db.DBStoreBuilder (DBStoreBuilder.java:addTable(110)) - using custom profile for table: deletedBlocks
2019-08-21 09:11:36,446 [main] INFO  db.DBStoreBuilder (DBStoreBuilder.java:processTables(161)) - Using default column profile:DBProfile.DISK for Table:deletedBlocks
2019-08-21 09:11:36,446 [main] INFO  db.DBStoreBuilder (DBStoreBuilder.java:addTable(110)) - using custom profile for table: validCerts
2019-08-21 09:11:36,447 [main] INFO  db.DBStoreBuilder (DBStoreBuilder.java:processTables(161)) - Using default column profile:DBProfile.DISK for Table:validCerts
2019-08-21 09:11:36,447 [main] INFO  db.DBStoreBuilder (DBStoreBuilder.java:addTable(110)) - using custom profile for table: revokedCerts
2019-08-21 09:11:36,447 [main] INFO  db.DBStoreBuilder (DBStoreBuilder.java:processTables(161)) - Using default column profile:DBProfile.DISK for Table:revokedCerts
2019-08-21 09:11:36,448 [main] INFO  db.DBStoreBuilder (DBStoreBuilder.java:addTable(110)) - using custom profile for table: default
2019-08-21 09:11:36,448 [main] INFO  db.DBStoreBuilder (DBStoreBuilder.java:processTables(167)) - Using default column profile:DBProfile.DISK for Table:default
2019-08-21 09:11:36,449 [main] INFO  db.DBStoreBuilder (DBStoreBuilder.java:getDbProfile(198)) - Using default options. DBProfile.DISK
2019-08-21 09:11:36,601 [main] INFO  net.NodeSchemaLoader (NodeSchemaLoader.java:loadSchemaFromFile(125)) - Loading file from sun.misc.CompoundEnumeration@31940704
2019-08-21 09:11:36,602 [main] INFO  net.NodeSchemaLoader (NodeSchemaLoader.java:loadSchema(171)) - Loading network topology layer schema file
2019-08-21 09:11:36,606 [main] WARN  server.ServerUtils (ServerUtils.java:sanitizeUserArgs(70)) - ozone.scm.stale.node.interval value = 300000 is larger than max = 100000 based on the key value of ozone.scm.heartbeat.thread.interval, reset to the max value 100000.
2019-08-21 09:11:36,607 [main] WARN  server.ServerUtils (ServerUtils.java:sanitizeUserArgs(70)) - ozone.scm.stale.node.interval value = 300000 is larger than max = 100000 based on the key value of ozone.scm.heartbeat.thread.interval, reset to the max value 100000.
2019-08-21 09:11:36,607 [main] INFO  node.SCMNodeManager (SCMNodeManager.java:<init>(121)) - Entering startup safe mode.
2019-08-21 09:11:36,608 [main] INFO  algorithms.ContainerPlacementPolicyFactory (ContainerPlacementPolicyFactory.java:getPolicy(55)) - Create container placement policy of type org.apache.hadoop.hdds.scm.container.placement.algorithms.SCMContainerPlacementRandom
2019-08-21 09:11:36,608 [main] WARN  server.ServerUtils (ServerUtils.java:getScmDbDir(155)) - ozone.scm.db.dirs is not configured. We recommend adding this setting. Falling back to ozone.metadata.dirs instead.
2019-08-21 09:11:36,627 [main] INFO  pipeline.SCMPipelineManager (SCMPipelineManager.java:initializePipelineState(126)) - No pipeline exists in current db
2019-08-21 09:11:36,627 [main] WARN  server.ServerUtils (ServerUtils.java:getScmDbDir(155)) - ozone.scm.db.dirs is not configured. We recommend adding this setting. Falling back to ozone.metadata.dirs instead.
2019-08-21 09:11:36,648 [main] WARN  events.EventQueue (EventQueue.java:fireEvent(175)) - No event handler registered for event TypedEvent{payloadType=SafeModeStatus, name='SafeModeStatus'}
2019-08-21 09:11:36,649 [main] INFO  ipc.CallQueueManager (CallQueueManager.java:<init>(84)) - Using callQueue: class java.util.concurrent.LinkedBlockingQueue, queueCapacity: 2000, scheduler: class org.apache.hadoop.ipc.DefaultRpcScheduler, ipcBackoff: false.
2019-08-21 09:11:36,650 [Socket Reader #1 for port 40430] INFO  ipc.Server (Server.java:run(1074)) - Starting Socket Reader #1 for port 40430
2019-08-21 09:11:36,651 [main] INFO  ipc.CallQueueManager (CallQueueManager.java:<init>(84)) - Using callQueue: class java.util.concurrent.LinkedBlockingQueue, queueCapacity: 2000, scheduler: class org.apache.hadoop.ipc.DefaultRpcScheduler, ipcBackoff: false.
2019-08-21 09:11:36,652 [Socket Reader #1 for port 37210] INFO  ipc.Server (Server.java:run(1074)) - Starting Socket Reader #1 for port 37210
2019-08-21 09:11:36,653 [main] INFO  ipc.CallQueueManager (CallQueueManager.java:<init>(84)) - Using callQueue: class java.util.concurrent.LinkedBlockingQueue, queueCapacity: 2000, scheduler: class org.apache.hadoop.ipc.DefaultRpcScheduler, ipcBackoff: false.
2019-08-21 09:11:36,653 [Socket Reader #1 for port 44537] INFO  ipc.Server (Server.java:run(1074)) - Starting Socket Reader #1 for port 44537
2019-08-21 09:11:36,655 [main] INFO  hdfs.DFSUtil (DFSUtil.java:httpServerTemplateForNNAndJN(1641)) - Starting Web-server for scm at: http://0.0.0.0:0
2019-08-21 09:11:36,657 [main] INFO  server.AuthenticationFilter (AuthenticationFilter.java:constructSecretProvider(240)) - Unable to initialize FileSignerSecretProvider, falling back to use random secrets.
2019-08-21 09:11:36,658 [main] WARN  http.HttpRequestLog (HttpRequestLog.java:getRequestLog(97)) - Jetty request log can only be enabled using Log4j
2019-08-21 09:11:36,660 [main] INFO  http.HttpServer2 (HttpServer2.java:addGlobalFilter(975)) - Added global filter 'safety' (class=org.apache.hadoop.http.HttpServer2$QuotingInputFilter)
2019-08-21 09:11:36,661 [main] INFO  http.HttpServer2 (HttpServer2.java:addFilter(948)) - Added filter static_user_filter (class=org.apache.hadoop.http.lib.StaticUserWebFilter$StaticUserFilter) to context scm
2019-08-21 09:11:36,661 [main] INFO  http.HttpServer2 (HttpServer2.java:addFilter(958)) - Added filter static_user_filter (class=org.apache.hadoop.http.lib.StaticUserWebFilter$StaticUserFilter) to context static
2019-08-21 09:11:36,661 [main] INFO  http.HttpServer2 (HttpServer2.java:addFilter(958)) - Added filter static_user_filter (class=org.apache.hadoop.http.lib.StaticUserWebFilter$StaticUserFilter) to context logs
2019-08-21 09:11:36,664 [main] INFO  server.StorageContainerManager (StorageContainerManager.java:start(759)) - StorageContainerLocationProtocol RPC server is listening at /0.0.0.0:44537
2019-08-21 09:11:36,666 [main] WARN  impl.MetricsConfig (MetricsConfig.java:loadFirst(134)) - Cannot locate configuration: tried hadoop-metrics2-storagecontainermanager.properties,hadoop-metrics2.properties
2019-08-21 09:11:36,667 [main] INFO  impl.MetricsSystemImpl (MetricsSystemImpl.java:startTimer(374)) - Scheduled Metric snapshot period at 10 second(s).
2019-08-21 09:11:36,668 [main] INFO  impl.MetricsSystemImpl (MetricsSystemImpl.java:start(191)) - StorageContainerManager metrics system started
2019-08-21 09:11:36,712 [main] INFO  server.SCMClientProtocolServer (SCMClientProtocolServer.java:start(151)) - RPC server for Client  is listening at /0.0.0.0:44537
2019-08-21 09:11:36,713 [IPC Server Responder] INFO  ipc.Server (Server.java:run(1314)) - IPC Server Responder: starting
2019-08-21 09:11:36,713 [IPC Server listener on 44537] INFO  ipc.Server (Server.java:run(1153)) - IPC Server listener on 44537: starting
2019-08-21 09:11:36,717 [main] INFO  server.StorageContainerManager (StorageContainerManager.java:start(769)) - ScmBlockLocationProtocol RPC server is listening at /127.0.0.1:37210
2019-08-21 09:11:36,717 [main] INFO  server.SCMBlockProtocolServer (SCMBlockProtocolServer.java:start(141)) - RPC server for Block Protocol is listening at /127.0.0.1:37210
2019-08-21 09:11:36,717 [IPC Server listener on 37210] INFO  ipc.Server (Server.java:run(1153)) - IPC Server listener on 37210: starting
2019-08-21 09:11:36,717 [IPC Server Responder] INFO  ipc.Server (Server.java:run(1314)) - IPC Server Responder: starting
2019-08-21 09:11:36,721 [main] INFO  server.StorageContainerManager (StorageContainerManager.java:start(773)) - ScmDatanodeProtocl RPC server is listening at /0.0.0.0:40430
2019-08-21 09:11:36,721 [main] INFO  server.SCMDatanodeProtocolServer (SCMDatanodeProtocolServer.java:start(191)) - RPC server for DataNodes is listening at /0.0.0.0:40430
2019-08-21 09:11:36,722 [IPC Server Responder] INFO  ipc.Server (Server.java:run(1314)) - IPC Server Responder: starting
2019-08-21 09:11:36,722 [IPC Server listener on 40430] INFO  ipc.Server (Server.java:run(1153)) - IPC Server listener on 40430: starting
2019-08-21 09:11:36,726 [main] INFO  http.HttpServer2 (HttpServer2.java:bindListener(1191)) - Jetty bound to port 44787
2019-08-21 09:11:36,726 [main] INFO  server.Server (Server.java:doStart(351)) - jetty-9.3.24.v20180605, build timestamp: 2018-06-05T17:11:56Z, git hash: 84205aa28f11a4f31f2a3b86d1bba2cc8ab69827
2019-08-21 09:11:36,728 [main] INFO  handler.ContextHandler (ContextHandler.java:doStart(781)) - Started o.e.j.s.ServletContextHandler@402d6012{/logs,file:///workdir/hadoop-ozone/integration-test/target/log,AVAILABLE}
2019-08-21 09:11:36,729 [main] INFO  handler.ContextHandler (ContextHandler.java:doStart(781)) - Started o.e.j.s.ServletContextHandler@41d20f06{/static,file:///workdir/hadoop-ozone/integration-test/target/test-classes/webapps/static,AVAILABLE}
2019-08-21 09:11:36,735 [main] INFO  handler.ContextHandler (ContextHandler.java:doStart(781)) - Started o.e.j.w.WebAppContext@75dd0f94{/,file:///workdir/hadoop-ozone/integration-test/target/test-classes/webapps/scm/,AVAILABLE}{/scm}
2019-08-21 09:11:36,735 [main] INFO  server.AbstractConnector (AbstractConnector.java:doStart(278)) - Started ServerConnector@72324965{HTTP/1.1,[http/1.1]}{0.0.0.0:44787}
2019-08-21 09:11:36,736 [main] INFO  server.Server (Server.java:doStart(419)) - Started @41603ms
2019-08-21 09:11:36,737 [main] INFO  server.BaseHttpServer (BaseHttpServer.java:updateConnectorAddress(226)) - HTTP server of SCM is listening at http://0.0.0.0:44787
2019-08-21 09:11:36,738 [org.apache.hadoop.util.JvmPauseMonitor$Monitor@194911c1] INFO  util.JvmPauseMonitor (JvmPauseMonitor.java:run(188)) - Starting JVM pause monitor
2019-08-21 09:11:36,738 [main] WARN  server.ServerUtils (ServerUtils.java:getDBPath(232)) - ozone.om.db.dirs is not configured. We recommend adding this setting. Falling back to ozone.metadata.dirs instead.
2019-08-21 09:11:36,751 [main] WARN  server.ServerUtils (ServerUtils.java:getDBPath(232)) - ozone.om.db.dirs is not configured. We recommend adding this setting. Falling back to ozone.metadata.dirs instead.
2019-08-21 09:11:36,752 [main] WARN  server.ServerUtils (ServerUtils.java:getDBPath(232)) - ozone.om.db.dirs is not configured. We recommend adding this setting. Falling back to ozone.metadata.dirs instead.
2019-08-21 09:11:36,752 [main] INFO  om.OzoneManager (OzoneManager.java:setOMNodeDetails(648)) - OM Service ID is not set. Setting it to the default ID: omServiceIdDefault
2019-08-21 09:11:36,752 [main] INFO  om.OzoneManager (OzoneManager.java:setOMNodeDetails(654)) - OM Node ID is not set. Setting it to the OmStorage's OmID: 633efaf6-f75d-4b8e-b949-13110b2b341d
2019-08-21 09:11:36,753 [main] INFO  om.OzoneManager (OzoneManager.java:loadOMHAConfigs(605)) - Found matching OM address with OMServiceId: null, OMNodeId: null, RPC Address: localhost:0 and Ratis port: 9872
2019-08-21 09:11:36,758 | INFO  | SCMAudit | user=jenkins1000 | ip=127.0.0.1 | op=GET_SCM_INFO null | ret=SUCCESS |  
2019-08-21 09:11:36,761 [main] WARN  server.ServerUtils (ServerUtils.java:getDBPath(232)) - ozone.om.db.dirs is not configured. We recommend adding this setting. Falling back to ozone.metadata.dirs instead.
2019-08-21 09:11:36,762 [main] INFO  db.DBStoreBuilder (DBStoreBuilder.java:addTable(110)) - using custom profile for table: userTable
2019-08-21 09:11:36,762 [main] INFO  db.DBStoreBuilder (DBStoreBuilder.java:processTables(161)) - Using default column profile:DBProfile.DISK for Table:userTable
2019-08-21 09:11:36,763 [main] INFO  db.DBStoreBuilder (DBStoreBuilder.java:addTable(110)) - using custom profile for table: volumeTable
2019-08-21 09:11:36,763 [main] INFO  db.DBStoreBuilder (DBStoreBuilder.java:processTables(161)) - Using default column profile:DBProfile.DISK for Table:volumeTable
2019-08-21 09:11:36,763 [main] INFO  db.DBStoreBuilder (DBStoreBuilder.java:addTable(110)) - using custom profile for table: bucketTable
2019-08-21 09:11:36,764 [main] INFO  db.DBStoreBuilder (DBStoreBuilder.java:processTables(161)) - Using default column profile:DBProfile.DISK for Table:bucketTable
2019-08-21 09:11:36,764 [main] INFO  db.DBStoreBuilder (DBStoreBuilder.java:addTable(110)) - using custom profile for table: keyTable
2019-08-21 09:11:36,764 [main] INFO  db.DBStoreBuilder (DBStoreBuilder.java:processTables(161)) - Using default column profile:DBProfile.DISK for Table:keyTable
2019-08-21 09:11:36,765 [main] INFO  db.DBStoreBuilder (DBStoreBuilder.java:addTable(110)) - using custom profile for table: deletedTable
2019-08-21 09:11:36,765 [main] INFO  db.DBStoreBuilder (DBStoreBuilder.java:processTables(161)) - Using default column profile:DBProfile.DISK for Table:deletedTable
2019-08-21 09:11:36,765 [main] INFO  db.DBStoreBuilder (DBStoreBuilder.java:addTable(110)) - using custom profile for table: openKeyTable
2019-08-21 09:11:36,766 [main] INFO  db.DBStoreBuilder (DBStoreBuilder.java:processTables(161)) - Using default column profile:DBProfile.DISK for Table:openKeyTable
2019-08-21 09:11:36,766 [main] INFO  db.DBStoreBuilder (DBStoreBuilder.java:addTable(110)) - using custom profile for table: s3Table
2019-08-21 09:11:36,766 [main] INFO  db.DBStoreBuilder (DBStoreBuilder.java:processTables(161)) - Using default column profile:DBProfile.DISK for Table:s3Table
2019-08-21 09:11:36,766 [main] INFO  db.DBStoreBuilder (DBStoreBuilder.java:addTable(110)) - using custom profile for table: multipartInfoTable
2019-08-21 09:11:36,767 [main] INFO  db.DBStoreBuilder (DBStoreBuilder.java:processTables(161)) - Using default column profile:DBProfile.DISK for Table:multipartInfoTable
2019-08-21 09:11:36,767 [main] INFO  db.DBStoreBuilder (DBStoreBuilder.java:addTable(110)) - using custom profile for table: dTokenTable
2019-08-21 09:11:36,767 [main] INFO  db.DBStoreBuilder (DBStoreBuilder.java:processTables(161)) - Using default column profile:DBProfile.DISK for Table:dTokenTable
2019-08-21 09:11:36,768 [main] INFO  db.DBStoreBuilder (DBStoreBuilder.java:addTable(110)) - using custom profile for table: s3SecretTable
2019-08-21 09:11:36,768 [main] INFO  db.DBStoreBuilder (DBStoreBuilder.java:processTables(161)) - Using default column profile:DBProfile.DISK for Table:s3SecretTable
2019-08-21 09:11:36,768 [main] INFO  db.DBStoreBuilder (DBStoreBuilder.java:addTable(110)) - using custom profile for table: prefixTable
2019-08-21 09:11:36,769 [main] INFO  db.DBStoreBuilder (DBStoreBuilder.java:processTables(161)) - Using default column profile:DBProfile.DISK for Table:prefixTable
2019-08-21 09:11:36,769 [main] INFO  db.DBStoreBuilder (DBStoreBuilder.java:addTable(110)) - using custom profile for table: default
2019-08-21 09:11:36,769 [main] INFO  db.DBStoreBuilder (DBStoreBuilder.java:processTables(167)) - Using default column profile:DBProfile.DISK for Table:default
2019-08-21 09:11:36,769 [main] INFO  db.DBStoreBuilder (DBStoreBuilder.java:getDbProfile(198)) - Using default options. DBProfile.DISK
2019-08-21 09:11:37,273 [main] INFO  ipc.CallQueueManager (CallQueueManager.java:<init>(84)) - Using callQueue: class java.util.concurrent.LinkedBlockingQueue, queueCapacity: 2000, scheduler: class org.apache.hadoop.ipc.DefaultRpcScheduler, ipcBackoff: false.
2019-08-21 09:11:37,274 [Socket Reader #1 for port 40020] INFO  ipc.Server (Server.java:run(1074)) - Starting Socket Reader #1 for port 40020
2019-08-21 09:11:37,293 [main] INFO  om.OzoneManager (OzoneManager.java:start(1259)) - OzoneManager RPC server is listening at localhost/127.0.0.1:40020
2019-08-21 09:11:37,293 [main] INFO  impl.MetricsSystemImpl (MetricsSystemImpl.java:init(158)) - OzoneManager metrics system started (again)
2019-08-21 09:11:37,294 [IPC Server Responder] INFO  ipc.Server (Server.java:run(1314)) - IPC Server Responder: starting
2019-08-21 09:11:37,294 [IPC Server listener on 40020] INFO  ipc.Server (Server.java:run(1153)) - IPC Server listener on 40020: starting
2019-08-21 09:11:37,301 [main] INFO  hdfs.DFSUtil (DFSUtil.java:httpServerTemplateForNNAndJN(1641)) - Starting Web-server for ozoneManager at: http://0.0.0.0:0
2019-08-21 09:11:37,304 [main] INFO  server.AuthenticationFilter (AuthenticationFilter.java:constructSecretProvider(240)) - Unable to initialize FileSignerSecretProvider, falling back to use random secrets.
2019-08-21 09:11:37,304 [main] WARN  http.HttpRequestLog (HttpRequestLog.java:getRequestLog(97)) - Jetty request log can only be enabled using Log4j
2019-08-21 09:11:37,307 [main] INFO  http.HttpServer2 (HttpServer2.java:addGlobalFilter(975)) - Added global filter 'safety' (class=org.apache.hadoop.http.HttpServer2$QuotingInputFilter)
2019-08-21 09:11:37,308 [main] INFO  http.HttpServer2 (HttpServer2.java:addFilter(948)) - Added filter static_user_filter (class=org.apache.hadoop.http.lib.StaticUserWebFilter$StaticUserFilter) to context ozoneManager
2019-08-21 09:11:37,308 [main] INFO  http.HttpServer2 (HttpServer2.java:addFilter(958)) - Added filter static_user_filter (class=org.apache.hadoop.http.lib.StaticUserWebFilter$StaticUserFilter) to context static
2019-08-21 09:11:37,309 [main] INFO  http.HttpServer2 (HttpServer2.java:addFilter(958)) - Added filter static_user_filter (class=org.apache.hadoop.http.lib.StaticUserWebFilter$StaticUserFilter) to context logs
2019-08-21 09:11:37,310 [main] INFO  http.HttpServer2 (HttpServer2.java:bindListener(1191)) - Jetty bound to port 41726
2019-08-21 09:11:37,310 [main] INFO  server.Server (Server.java:doStart(351)) - jetty-9.3.24.v20180605, build timestamp: 2018-06-05T17:11:56Z, git hash: 84205aa28f11a4f31f2a3b86d1bba2cc8ab69827
2019-08-21 09:11:37,312 [main] INFO  handler.ContextHandler (ContextHandler.java:doStart(781)) - Started o.e.j.s.ServletContextHandler@7dd3981e{/logs,file:///workdir/hadoop-ozone/integration-test/target/log,AVAILABLE}
2019-08-21 09:11:37,313 [main] INFO  handler.ContextHandler (ContextHandler.java:doStart(781)) - Started o.e.j.s.ServletContextHandler@4a04ca74{/static,file:///workdir/hadoop-ozone/integration-test/target/test-classes/webapps/static,AVAILABLE}
2019-08-21 09:11:37,320 [main] INFO  handler.ContextHandler (ContextHandler.java:doStart(781)) - Started o.e.j.w.WebAppContext@25b74370{/,file:///workdir/hadoop-ozone/integration-test/target/test-classes/webapps/ozoneManager/,AVAILABLE}{/ozoneManager}
2019-08-21 09:11:37,321 [main] INFO  server.AbstractConnector (AbstractConnector.java:doStart(278)) - Started ServerConnector@15e8c040{HTTP/1.1,[http/1.1]}{0.0.0.0:41726}
2019-08-21 09:11:37,322 [main] INFO  server.Server (Server.java:doStart(419)) - Started @42189ms
2019-08-21 09:11:37,323 [main] INFO  server.BaseHttpServer (BaseHttpServer.java:updateConnectorAddress(226)) - HTTP server of OZONEMANAGER is listening at http://0.0.0.0:41726
2019-08-21 09:11:37,343 [main] INFO  impl.MetricsSystemImpl (MetricsSystemImpl.java:init(158)) - HddsDatanode metrics system started (again)
2019-08-21 09:11:37,346 [main] INFO  ozone.HddsDatanodeService (HddsDatanodeService.java:start(190)) - HddsDatanodeService host:pr-hdds-1596-dcd4j-996445439 ip:192.168.34.50
2019-08-21 09:11:37,354 [main] INFO  volume.HddsVolume (HddsVolume.java:<init>(176)) - Creating Volume: /workdir/hadoop-ozone/integration-test/target/test-dir/MiniOzoneClusterImpl-8d39adcc-ca79-4cf5-8766-ebbdd557e88b/datanode-0/data/containers/hdds of  storage type : DISK and capacity : 1482555576320
2019-08-21 09:11:37,355 [main] INFO  volume.VolumeSet (VolumeSet.java:initializeVolumeSet(170)) - Added Volume : /workdir/hadoop-ozone/integration-test/target/test-dir/MiniOzoneClusterImpl-8d39adcc-ca79-4cf5-8766-ebbdd557e88b/datanode-0/data/containers/hdds to VolumeSet
2019-08-21 09:11:37,355 [main] INFO  volume.ThrottledAsyncChecker (ThrottledAsyncChecker.java:schedule(140)) - Scheduling a check for org.apache.hadoop.ozone.container.common.volume.HddsVolume@3b0ed98a
2019-08-21 09:11:37,356 [main] INFO  volume.HddsVolumeChecker (HddsVolumeChecker.java:checkAllVolumes(203)) - Scheduled health check for volume org.apache.hadoop.ozone.container.common.volume.HddsVolume@3b0ed98a
2019-08-21 09:11:37,374 [main] INFO  impl.RaftServerProxy (ConfUtils.java:logGet(43)) - raft.rpc.type = GRPC (default)
2019-08-21 09:11:37,374 [main] INFO  grpc.GrpcFactory (GrpcFactory.java:checkPooledByteBufAllocatorUseCacheForAllThreads(45)) - PERFORMANCE WARNING: useCacheForAllThreads is true that may cause Netty to create a lot garbage objects and, as a result, trigger GC.
	It is recommended to disable useCacheForAllThreads by setting -Dorg.apache.ratis.thirdparty.io.netty.allocator.useCacheForAllThreads=false in command line.
2019-08-21 09:11:37,374 [main] INFO  grpc.GrpcConfigKeys$Server (ConfUtils.java:logGet(43)) - raft.grpc.server.port = 0 (default)
2019-08-21 09:11:37,375 [main] INFO  server.GrpcService (ConfUtils.java:logGet(43)) - raft.grpc.message.size.max = 33570816 (custom)
2019-08-21 09:11:37,375 [main] INFO  server.RaftServerConfigKeys (ConfUtils.java:logGet(43)) - raft.server.log.appender.buffer.byte-limit = 33554432 (custom)
2019-08-21 09:11:37,375 [main] INFO  server.GrpcService (ConfUtils.java:logGet(43)) - raft.grpc.flow.control.window = 1MB (=1048576) (default)
2019-08-21 09:11:37,375 [main] INFO  server.RaftServerConfigKeys (ConfUtils.java:logGet(43)) - raft.server.rpc.request.timeout = 3000ms (default)
2019-08-21 09:11:37,376 [main] INFO  server.RaftServerConfigKeys (ConfUtils.java:logGet(43)) - raft.server.storage.dir = [/workdir/hadoop-ozone/integration-test/target/test-dir/MiniOzoneClusterImpl-8d39adcc-ca79-4cf5-8766-ebbdd557e88b/datanode-0/data/ratis] (custom)
2019-08-21 09:11:37,377 [main] INFO  replication.SimpleContainerDownloader (SimpleContainerDownloader.java:<init>(72)) - Starting container downloader service to copy containers to replicate.
2019-08-21 09:11:37,378 [main] INFO  hdfs.DFSUtil (DFSUtil.java:httpServerTemplateForNNAndJN(1641)) - Starting Web-server for hddsDatanode at: http://0.0.0.0:0
2019-08-21 09:11:37,379 [main] INFO  server.AuthenticationFilter (AuthenticationFilter.java:constructSecretProvider(240)) - Unable to initialize FileSignerSecretProvider, falling back to use random secrets.
2019-08-21 09:11:37,380 [main] WARN  http.HttpRequestLog (HttpRequestLog.java:getRequestLog(97)) - Jetty request log can only be enabled using Log4j
2019-08-21 09:11:37,381 [main] INFO  http.HttpServer2 (HttpServer2.java:addGlobalFilter(975)) - Added global filter 'safety' (class=org.apache.hadoop.http.HttpServer2$QuotingInputFilter)
2019-08-21 09:11:37,382 [main] INFO  http.HttpServer2 (HttpServer2.java:addFilter(948)) - Added filter static_user_filter (class=org.apache.hadoop.http.lib.StaticUserWebFilter$StaticUserFilter) to context hddsDatanode
2019-08-21 09:11:37,382 [main] INFO  http.HttpServer2 (HttpServer2.java:addFilter(958)) - Added filter static_user_filter (class=org.apache.hadoop.http.lib.StaticUserWebFilter$StaticUserFilter) to context logs
2019-08-21 09:11:37,382 [main] INFO  http.HttpServer2 (HttpServer2.java:addFilter(958)) - Added filter static_user_filter (class=org.apache.hadoop.http.lib.StaticUserWebFilter$StaticUserFilter) to context static
2019-08-21 09:11:37,383 [main] INFO  http.HttpServer2 (HttpServer2.java:bindListener(1191)) - Jetty bound to port 42411
2019-08-21 09:11:37,383 [main] INFO  server.Server (Server.java:doStart(351)) - jetty-9.3.24.v20180605, build timestamp: 2018-06-05T17:11:56Z, git hash: 84205aa28f11a4f31f2a3b86d1bba2cc8ab69827
2019-08-21 09:11:37,385 [main] INFO  handler.ContextHandler (ContextHandler.java:doStart(781)) - Started o.e.j.s.ServletContextHandler@3dda8a2e{/logs,file:///workdir/hadoop-ozone/integration-test/target/log,AVAILABLE}
2019-08-21 09:11:37,386 [main] INFO  handler.ContextHandler (ContextHandler.java:doStart(781)) - Started o.e.j.s.ServletContextHandler@6aa6c17{/static,jar:file:/home/user/.m2/repository/org/apache/hadoop/hadoop-hdds-container-service/0.5.0-SNAPSHOT/hadoop-hdds-container-service-0.5.0-SNAPSHOT.jar!/webapps/static,AVAILABLE}
2019-08-21 09:11:37,418 [main] INFO  handler.ContextHandler (ContextHandler.java:doStart(781)) - Started o.e.j.w.WebAppContext@50de907a{/,file:///tmp/jetty-0.0.0.0-42411-hddsDatanode-_-any-43307374878928852.dir/webapp/,AVAILABLE}{/hddsDatanode}
2019-08-21 09:11:37,418 [main] INFO  server.AbstractConnector (AbstractConnector.java:doStart(278)) - Started ServerConnector@1fd37440{HTTP/1.1,[http/1.1]}{0.0.0.0:42411}
2019-08-21 09:11:37,419 [main] INFO  server.Server (Server.java:doStart(419)) - Started @42286ms
2019-08-21 09:11:37,420 [main] INFO  server.BaseHttpServer (BaseHttpServer.java:updateConnectorAddress(226)) - HTTP server of HDDSDATANODE is listening at http://0.0.0.0:42411
2019-08-21 09:11:37,555 | INFO  | ObjectStoreRestHttpServer | Listening HDDS REST traffic on /0.0.0.0:38008 |  
2019-08-21 09:11:37,555 [main] INFO  ozone.HddsDatanodeService (HddsDatanodeService.java:startPlugins(401)) - Started plug-in org.apache.hadoop.ozone.web.OzoneHddsDatanodeService@3de56885
2019-08-21 09:11:37,555 [main] INFO  impl.MetricsSystemImpl (MetricsSystemImpl.java:init(158)) - HddsDatanode metrics system started (again)
2019-08-21 09:11:37,560 [org.apache.hadoop.util.JvmPauseMonitor$Monitor@7dde977b] INFO  util.JvmPauseMonitor (JvmPauseMonitor.java:run(188)) - Starting JVM pause monitor
2019-08-21 09:11:37,560 [main] INFO  ozone.HddsDatanodeService (HddsDatanodeService.java:start(190)) - HddsDatanodeService host:pr-hdds-1596-dcd4j-996445439 ip:192.168.34.50
2019-08-21 09:11:37,562 [Datanode State Machine Thread - 0] INFO  datanode.InitDatanodeState (InitDatanodeState.java:persistContainerDatanodeDetails(140)) - DatanodeDetails is persisted to /workdir/hadoop-ozone/integration-test/target/test-dir/MiniOzoneClusterImpl-8d39adcc-ca79-4cf5-8766-ebbdd557e88b/datanode-0/meta/datanode.id
2019-08-21 09:11:37,567 [main] INFO  volume.HddsVolume (HddsVolume.java:<init>(176)) - Creating Volume: /workdir/hadoop-ozone/integration-test/target/test-dir/MiniOzoneClusterImpl-8d39adcc-ca79-4cf5-8766-ebbdd557e88b/datanode-1/data/containers/hdds of  storage type : DISK and capacity : 1482555576320
2019-08-21 09:11:37,567 [main] INFO  volume.VolumeSet (VolumeSet.java:initializeVolumeSet(170)) - Added Volume : /workdir/hadoop-ozone/integration-test/target/test-dir/MiniOzoneClusterImpl-8d39adcc-ca79-4cf5-8766-ebbdd557e88b/datanode-1/data/containers/hdds to VolumeSet
2019-08-21 09:11:37,567 [main] INFO  volume.ThrottledAsyncChecker (ThrottledAsyncChecker.java:schedule(140)) - Scheduling a check for org.apache.hadoop.ozone.container.common.volume.HddsVolume@44492c06
2019-08-21 09:11:37,568 [main] INFO  volume.HddsVolumeChecker (HddsVolumeChecker.java:checkAllVolumes(203)) - Scheduled health check for volume org.apache.hadoop.ozone.container.common.volume.HddsVolume@44492c06
2019-08-21 09:11:37,583 [main] INFO  impl.RaftServerProxy (ConfUtils.java:logGet(43)) - raft.rpc.type = GRPC (default)
2019-08-21 09:11:37,583 [main] INFO  grpc.GrpcFactory (GrpcFactory.java:checkPooledByteBufAllocatorUseCacheForAllThreads(45)) - PERFORMANCE WARNING: useCacheForAllThreads is true that may cause Netty to create a lot garbage objects and, as a result, trigger GC.
	It is recommended to disable useCacheForAllThreads by setting -Dorg.apache.ratis.thirdparty.io.netty.allocator.useCacheForAllThreads=false in command line.
2019-08-21 09:11:37,583 [main] INFO  grpc.GrpcConfigKeys$Server (ConfUtils.java:logGet(43)) - raft.grpc.server.port = 0 (default)
2019-08-21 09:11:37,583 [main] INFO  server.GrpcService (ConfUtils.java:logGet(43)) - raft.grpc.message.size.max = 33570816 (custom)
2019-08-21 09:11:37,583 [main] INFO  server.RaftServerConfigKeys (ConfUtils.java:logGet(43)) - raft.server.log.appender.buffer.byte-limit = 33554432 (custom)
2019-08-21 09:11:37,584 [main] INFO  server.GrpcService (ConfUtils.java:logGet(43)) - raft.grpc.flow.control.window = 1MB (=1048576) (default)
2019-08-21 09:11:37,584 [main] INFO  server.RaftServerConfigKeys (ConfUtils.java:logGet(43)) - raft.server.rpc.request.timeout = 3000ms (default)
2019-08-21 09:11:37,584 [main] INFO  server.RaftServerConfigKeys (ConfUtils.java:logGet(43)) - raft.server.storage.dir = [/workdir/hadoop-ozone/integration-test/target/test-dir/MiniOzoneClusterImpl-8d39adcc-ca79-4cf5-8766-ebbdd557e88b/datanode-1/data/ratis] (custom)
2019-08-21 09:11:37,585 [main] INFO  replication.SimpleContainerDownloader (SimpleContainerDownloader.java:<init>(72)) - Starting container downloader service to copy containers to replicate.
2019-08-21 09:11:37,586 [main] INFO  hdfs.DFSUtil (DFSUtil.java:httpServerTemplateForNNAndJN(1641)) - Starting Web-server for hddsDatanode at: http://0.0.0.0:0
2019-08-21 09:11:37,587 [main] INFO  server.AuthenticationFilter (AuthenticationFilter.java:constructSecretProvider(240)) - Unable to initialize FileSignerSecretProvider, falling back to use random secrets.
2019-08-21 09:11:37,588 [main] WARN  http.HttpRequestLog (HttpRequestLog.java:getRequestLog(97)) - Jetty request log can only be enabled using Log4j
2019-08-21 09:11:37,589 [main] INFO  http.HttpServer2 (HttpServer2.java:addGlobalFilter(975)) - Added global filter 'safety' (class=org.apache.hadoop.http.HttpServer2$QuotingInputFilter)
2019-08-21 09:11:37,590 [main] INFO  http.HttpServer2 (HttpServer2.java:addFilter(948)) - Added filter static_user_filter (class=org.apache.hadoop.http.lib.StaticUserWebFilter$StaticUserFilter) to context hddsDatanode
2019-08-21 09:11:37,590 [main] INFO  http.HttpServer2 (HttpServer2.java:addFilter(958)) - Added filter static_user_filter (class=org.apache.hadoop.http.lib.StaticUserWebFilter$StaticUserFilter) to context logs
2019-08-21 09:11:37,590 [main] INFO  http.HttpServer2 (HttpServer2.java:addFilter(958)) - Added filter static_user_filter (class=org.apache.hadoop.http.lib.StaticUserWebFilter$StaticUserFilter) to context static
2019-08-21 09:11:37,590 [main] INFO  http.HttpServer2 (HttpServer2.java:bindListener(1191)) - Jetty bound to port 34193
2019-08-21 09:11:37,591 [main] INFO  server.Server (Server.java:doStart(351)) - jetty-9.3.24.v20180605, build timestamp: 2018-06-05T17:11:56Z, git hash: 84205aa28f11a4f31f2a3b86d1bba2cc8ab69827
2019-08-21 09:11:37,592 [main] INFO  handler.ContextHandler (ContextHandler.java:doStart(781)) - Started o.e.j.s.ServletContextHandler@3e4afd10{/logs,file:///workdir/hadoop-ozone/integration-test/target/log,AVAILABLE}
2019-08-21 09:11:37,593 [main] INFO  handler.ContextHandler (ContextHandler.java:doStart(781)) - Started o.e.j.s.ServletContextHandler@20faaf77{/static,jar:file:/home/user/.m2/repository/org/apache/hadoop/hadoop-hdds-container-service/0.5.0-SNAPSHOT/hadoop-hdds-container-service-0.5.0-SNAPSHOT.jar!/webapps/static,AVAILABLE}
2019-08-21 09:11:37,620 [main] INFO  handler.ContextHandler (ContextHandler.java:doStart(781)) - Started o.e.j.w.WebAppContext@214fba74{/,file:///tmp/jetty-0.0.0.0-34193-hddsDatanode-_-any-8149252660969160814.dir/webapp/,AVAILABLE}{/hddsDatanode}
2019-08-21 09:11:37,621 [main] INFO  server.AbstractConnector (AbstractConnector.java:doStart(278)) - Started ServerConnector@252c6cdb{HTTP/1.1,[http/1.1]}{0.0.0.0:34193}
2019-08-21 09:11:37,622 [main] INFO  server.Server (Server.java:doStart(419)) - Started @42489ms
2019-08-21 09:11:37,622 [main] INFO  server.BaseHttpServer (BaseHttpServer.java:updateConnectorAddress(226)) - HTTP server of HDDSDATANODE is listening at http://0.0.0.0:34193
2019-08-21 09:11:37,746 | INFO  | ObjectStoreRestHttpServer | Listening HDDS REST traffic on /0.0.0.0:37767 |  
2019-08-21 09:11:37,746 [main] INFO  ozone.HddsDatanodeService (HddsDatanodeService.java:startPlugins(401)) - Started plug-in org.apache.hadoop.ozone.web.OzoneHddsDatanodeService@11c3d22f
2019-08-21 09:11:37,746 [main] INFO  impl.MetricsSystemImpl (MetricsSystemImpl.java:init(158)) - HddsDatanode metrics system started (again)
2019-08-21 09:11:37,750 [org.apache.hadoop.util.JvmPauseMonitor$Monitor@3c4b4832] INFO  util.JvmPauseMonitor (JvmPauseMonitor.java:run(188)) - Starting JVM pause monitor
2019-08-21 09:11:37,750 [main] INFO  ozone.HddsDatanodeService (HddsDatanodeService.java:start(190)) - HddsDatanodeService host:pr-hdds-1596-dcd4j-996445439 ip:192.168.34.50
2019-08-21 09:11:37,752 [Datanode State Machine Thread - 0] INFO  datanode.InitDatanodeState (InitDatanodeState.java:persistContainerDatanodeDetails(140)) - DatanodeDetails is persisted to /workdir/hadoop-ozone/integration-test/target/test-dir/MiniOzoneClusterImpl-8d39adcc-ca79-4cf5-8766-ebbdd557e88b/datanode-1/meta/datanode.id
2019-08-21 09:11:37,758 [main] INFO  volume.HddsVolume (HddsVolume.java:<init>(176)) - Creating Volume: /workdir/hadoop-ozone/integration-test/target/test-dir/MiniOzoneClusterImpl-8d39adcc-ca79-4cf5-8766-ebbdd557e88b/datanode-2/data/containers/hdds of  storage type : DISK and capacity : 1482555576320
2019-08-21 09:11:37,758 [main] INFO  volume.VolumeSet (VolumeSet.java:initializeVolumeSet(170)) - Added Volume : /workdir/hadoop-ozone/integration-test/target/test-dir/MiniOzoneClusterImpl-8d39adcc-ca79-4cf5-8766-ebbdd557e88b/datanode-2/data/containers/hdds to VolumeSet
2019-08-21 09:11:37,758 [main] INFO  volume.ThrottledAsyncChecker (ThrottledAsyncChecker.java:schedule(140)) - Scheduling a check for org.apache.hadoop.ozone.container.common.volume.HddsVolume@6abe62bb
2019-08-21 09:11:37,759 [main] INFO  volume.HddsVolumeChecker (HddsVolumeChecker.java:checkAllVolumes(203)) - Scheduled health check for volume org.apache.hadoop.ozone.container.common.volume.HddsVolume@6abe62bb
2019-08-21 09:11:37,773 [main] INFO  impl.RaftServerProxy (ConfUtils.java:logGet(43)) - raft.rpc.type = GRPC (default)
2019-08-21 09:11:37,773 [main] INFO  grpc.GrpcFactory (GrpcFactory.java:checkPooledByteBufAllocatorUseCacheForAllThreads(45)) - PERFORMANCE WARNING: useCacheForAllThreads is true that may cause Netty to create a lot garbage objects and, as a result, trigger GC.
	It is recommended to disable useCacheForAllThreads by setting -Dorg.apache.ratis.thirdparty.io.netty.allocator.useCacheForAllThreads=false in command line.
2019-08-21 09:11:37,773 [main] INFO  grpc.GrpcConfigKeys$Server (ConfUtils.java:logGet(43)) - raft.grpc.server.port = 0 (default)
2019-08-21 09:11:37,773 [main] INFO  server.GrpcService (ConfUtils.java:logGet(43)) - raft.grpc.message.size.max = 33570816 (custom)
2019-08-21 09:11:37,773 [main] INFO  server.RaftServerConfigKeys (ConfUtils.java:logGet(43)) - raft.server.log.appender.buffer.byte-limit = 33554432 (custom)
2019-08-21 09:11:37,774 [main] INFO  server.GrpcService (ConfUtils.java:logGet(43)) - raft.grpc.flow.control.window = 1MB (=1048576) (default)
2019-08-21 09:11:37,774 [main] INFO  server.RaftServerConfigKeys (ConfUtils.java:logGet(43)) - raft.server.rpc.request.timeout = 3000ms (default)
2019-08-21 09:11:37,774 [main] INFO  server.RaftServerConfigKeys (ConfUtils.java:logGet(43)) - raft.server.storage.dir = [/workdir/hadoop-ozone/integration-test/target/test-dir/MiniOzoneClusterImpl-8d39adcc-ca79-4cf5-8766-ebbdd557e88b/datanode-2/data/ratis] (custom)
2019-08-21 09:11:37,775 [main] INFO  replication.SimpleContainerDownloader (SimpleContainerDownloader.java:<init>(72)) - Starting container downloader service to copy containers to replicate.
2019-08-21 09:11:37,776 [main] INFO  hdfs.DFSUtil (DFSUtil.java:httpServerTemplateForNNAndJN(1641)) - Starting Web-server for hddsDatanode at: http://0.0.0.0:0
2019-08-21 09:11:37,777 [main] INFO  server.AuthenticationFilter (AuthenticationFilter.java:constructSecretProvider(240)) - Unable to initialize FileSignerSecretProvider, falling back to use random secrets.
2019-08-21 09:11:37,777 [main] WARN  http.HttpRequestLog (HttpRequestLog.java:getRequestLog(97)) - Jetty request log can only be enabled using Log4j
2019-08-21 09:11:37,779 [main] INFO  http.HttpServer2 (HttpServer2.java:addGlobalFilter(975)) - Added global filter 'safety' (class=org.apache.hadoop.http.HttpServer2$QuotingInputFilter)
2019-08-21 09:11:37,779 [main] INFO  http.HttpServer2 (HttpServer2.java:addFilter(948)) - Added filter static_user_filter (class=org.apache.hadoop.http.lib.StaticUserWebFilter$StaticUserFilter) to context hddsDatanode
2019-08-21 09:11:37,779 [main] INFO  http.HttpServer2 (HttpServer2.java:addFilter(958)) - Added filter static_user_filter (class=org.apache.hadoop.http.lib.StaticUserWebFilter$StaticUserFilter) to context static
2019-08-21 09:11:37,779 [main] INFO  http.HttpServer2 (HttpServer2.java:addFilter(958)) - Added filter static_user_filter (class=org.apache.hadoop.http.lib.StaticUserWebFilter$StaticUserFilter) to context logs
2019-08-21 09:11:37,780 [main] INFO  http.HttpServer2 (HttpServer2.java:bindListener(1191)) - Jetty bound to port 35183
2019-08-21 09:11:37,780 [main] INFO  server.Server (Server.java:doStart(351)) - jetty-9.3.24.v20180605, build timestamp: 2018-06-05T17:11:56Z, git hash: 84205aa28f11a4f31f2a3b86d1bba2cc8ab69827
2019-08-21 09:11:37,783 [main] INFO  handler.ContextHandler (ContextHandler.java:doStart(781)) - Started o.e.j.s.ServletContextHandler@1171ba7e{/logs,file:///workdir/hadoop-ozone/integration-test/target/log,AVAILABLE}
2019-08-21 09:11:37,783 [main] INFO  handler.ContextHandler (ContextHandler.java:doStart(781)) - Started o.e.j.s.ServletContextHandler@7b3c2ae0{/static,jar:file:/home/user/.m2/repository/org/apache/hadoop/hadoop-hdds-container-service/0.5.0-SNAPSHOT/hadoop-hdds-container-service-0.5.0-SNAPSHOT.jar!/webapps/static,AVAILABLE}
2019-08-21 09:11:37,829 [main] INFO  handler.ContextHandler (ContextHandler.java:doStart(781)) - Started o.e.j.w.WebAppContext@459bf87c{/,file:///tmp/jetty-0.0.0.0-35183-hddsDatanode-_-any-7674751808167581986.dir/webapp/,AVAILABLE}{/hddsDatanode}
2019-08-21 09:11:37,830 [main] INFO  server.AbstractConnector (AbstractConnector.java:doStart(278)) - Started ServerConnector@5ae66c98{HTTP/1.1,[http/1.1]}{0.0.0.0:35183}
2019-08-21 09:11:37,831 [main] INFO  server.Server (Server.java:doStart(419)) - Started @42698ms
2019-08-21 09:11:37,832 [main] INFO  server.BaseHttpServer (BaseHttpServer.java:updateConnectorAddress(226)) - HTTP server of HDDSDATANODE is listening at http://0.0.0.0:35183
2019-08-21 09:11:38,033 | INFO  | ObjectStoreRestHttpServer | Listening HDDS REST traffic on /0.0.0.0:39354 |  
2019-08-21 09:11:38,033 [main] INFO  ozone.HddsDatanodeService (HddsDatanodeService.java:startPlugins(401)) - Started plug-in org.apache.hadoop.ozone.web.OzoneHddsDatanodeService@5477d90e
2019-08-21 09:11:38,034 [main] INFO  impl.MetricsSystemImpl (MetricsSystemImpl.java:init(158)) - HddsDatanode metrics system started (again)
2019-08-21 09:11:38,039 [org.apache.hadoop.util.JvmPauseMonitor$Monitor@1654da4] INFO  util.JvmPauseMonitor (JvmPauseMonitor.java:run(188)) - Starting JVM pause monitor
2019-08-21 09:11:38,040 [main] INFO  ozone.HddsDatanodeService (HddsDatanodeService.java:start(190)) - HddsDatanodeService host:pr-hdds-1596-dcd4j-996445439 ip:192.168.34.50
2019-08-21 09:11:38,041 [Datanode State Machine Thread - 0] INFO  datanode.InitDatanodeState (InitDatanodeState.java:persistContainerDatanodeDetails(140)) - DatanodeDetails is persisted to /workdir/hadoop-ozone/integration-test/target/test-dir/MiniOzoneClusterImpl-8d39adcc-ca79-4cf5-8766-ebbdd557e88b/datanode-2/meta/datanode.id
2019-08-21 09:11:38,048 [main] INFO  volume.HddsVolume (HddsVolume.java:<init>(176)) - Creating Volume: /workdir/hadoop-ozone/integration-test/target/test-dir/MiniOzoneClusterImpl-8d39adcc-ca79-4cf5-8766-ebbdd557e88b/datanode-3/data/containers/hdds of  storage type : DISK and capacity : 1482555576320
2019-08-21 09:11:38,049 [main] INFO  volume.VolumeSet (VolumeSet.java:initializeVolumeSet(170)) - Added Volume : /workdir/hadoop-ozone/integration-test/target/test-dir/MiniOzoneClusterImpl-8d39adcc-ca79-4cf5-8766-ebbdd557e88b/datanode-3/data/containers/hdds to VolumeSet
2019-08-21 09:11:38,049 [main] INFO  volume.ThrottledAsyncChecker (ThrottledAsyncChecker.java:schedule(140)) - Scheduling a check for org.apache.hadoop.ozone.container.common.volume.HddsVolume@261a66b8
2019-08-21 09:11:38,050 [main] INFO  volume.HddsVolumeChecker (HddsVolumeChecker.java:checkAllVolumes(203)) - Scheduled health check for volume org.apache.hadoop.ozone.container.common.volume.HddsVolume@261a66b8
2019-08-21 09:11:38,074 [main] INFO  impl.RaftServerProxy (ConfUtils.java:logGet(43)) - raft.rpc.type = GRPC (default)
2019-08-21 09:11:38,074 [main] INFO  grpc.GrpcFactory (GrpcFactory.java:checkPooledByteBufAllocatorUseCacheForAllThreads(45)) - PERFORMANCE WARNING: useCacheForAllThreads is true that may cause Netty to create a lot garbage objects and, as a result, trigger GC.
	It is recommended to disable useCacheForAllThreads by setting -Dorg.apache.ratis.thirdparty.io.netty.allocator.useCacheForAllThreads=false in command line.
2019-08-21 09:11:38,075 [main] INFO  grpc.GrpcConfigKeys$Server (ConfUtils.java:logGet(43)) - raft.grpc.server.port = 0 (default)
2019-08-21 09:11:38,075 [main] INFO  server.GrpcService (ConfUtils.java:logGet(43)) - raft.grpc.message.size.max = 33570816 (custom)
2019-08-21 09:11:38,075 [main] INFO  server.RaftServerConfigKeys (ConfUtils.java:logGet(43)) - raft.server.log.appender.buffer.byte-limit = 33554432 (custom)
2019-08-21 09:11:38,075 [main] INFO  server.GrpcService (ConfUtils.java:logGet(43)) - raft.grpc.flow.control.window = 1MB (=1048576) (default)
2019-08-21 09:11:38,076 [main] INFO  server.RaftServerConfigKeys (ConfUtils.java:logGet(43)) - raft.server.rpc.request.timeout = 3000ms (default)
2019-08-21 09:11:38,076 [main] INFO  server.RaftServerConfigKeys (ConfUtils.java:logGet(43)) - raft.server.storage.dir = [/workdir/hadoop-ozone/integration-test/target/test-dir/MiniOzoneClusterImpl-8d39adcc-ca79-4cf5-8766-ebbdd557e88b/datanode-3/data/ratis] (custom)
2019-08-21 09:11:38,077 [main] INFO  replication.SimpleContainerDownloader (SimpleContainerDownloader.java:<init>(72)) - Starting container downloader service to copy containers to replicate.
2019-08-21 09:11:38,078 [main] INFO  hdfs.DFSUtil (DFSUtil.java:httpServerTemplateForNNAndJN(1641)) - Starting Web-server for hddsDatanode at: http://0.0.0.0:0
2019-08-21 09:11:38,080 [main] INFO  server.AuthenticationFilter (AuthenticationFilter.java:constructSecretProvider(240)) - Unable to initialize FileSignerSecretProvider, falling back to use random secrets.
2019-08-21 09:11:38,081 [main] WARN  http.HttpRequestLog (HttpRequestLog.java:getRequestLog(97)) - Jetty request log can only be enabled using Log4j
2019-08-21 09:11:38,083 [main] INFO  http.HttpServer2 (HttpServer2.java:addGlobalFilter(975)) - Added global filter 'safety' (class=org.apache.hadoop.http.HttpServer2$QuotingInputFilter)
2019-08-21 09:11:38,084 [main] INFO  http.HttpServer2 (HttpServer2.java:addFilter(948)) - Added filter static_user_filter (class=org.apache.hadoop.http.lib.StaticUserWebFilter$StaticUserFilter) to context hddsDatanode
2019-08-21 09:11:38,085 [main] INFO  http.HttpServer2 (HttpServer2.java:addFilter(958)) - Added filter static_user_filter (class=org.apache.hadoop.http.lib.StaticUserWebFilter$StaticUserFilter) to context logs
2019-08-21 09:11:38,085 [main] INFO  http.HttpServer2 (HttpServer2.java:addFilter(958)) - Added filter static_user_filter (class=org.apache.hadoop.http.lib.StaticUserWebFilter$StaticUserFilter) to context static
2019-08-21 09:11:38,086 [main] INFO  http.HttpServer2 (HttpServer2.java:bindListener(1191)) - Jetty bound to port 45421
2019-08-21 09:11:38,086 [main] INFO  server.Server (Server.java:doStart(351)) - jetty-9.3.24.v20180605, build timestamp: 2018-06-05T17:11:56Z, git hash: 84205aa28f11a4f31f2a3b86d1bba2cc8ab69827
2019-08-21 09:11:38,088 [main] INFO  handler.ContextHandler (ContextHandler.java:doStart(781)) - Started o.e.j.s.ServletContextHandler@2c1a8529{/logs,file:///workdir/hadoop-ozone/integration-test/target/log,AVAILABLE}
2019-08-21 09:11:38,089 [main] INFO  handler.ContextHandler (ContextHandler.java:doStart(781)) - Started o.e.j.s.ServletContextHandler@45e639ee{/static,jar:file:/home/user/.m2/repository/org/apache/hadoop/hadoop-hdds-container-service/0.5.0-SNAPSHOT/hadoop-hdds-container-service-0.5.0-SNAPSHOT.jar!/webapps/static,AVAILABLE}
2019-08-21 09:11:38,133 [main] INFO  handler.ContextHandler (ContextHandler.java:doStart(781)) - Started o.e.j.w.WebAppContext@7ee2423{/,file:///tmp/jetty-0.0.0.0-45421-hddsDatanode-_-any-401765904079811608.dir/webapp/,AVAILABLE}{/hddsDatanode}
2019-08-21 09:11:38,134 [main] INFO  server.AbstractConnector (AbstractConnector.java:doStart(278)) - Started ServerConnector@343d1d25{HTTP/1.1,[http/1.1]}{0.0.0.0:45421}
2019-08-21 09:11:38,135 [main] INFO  server.Server (Server.java:doStart(419)) - Started @43003ms
2019-08-21 09:11:38,136 [main] INFO  server.BaseHttpServer (BaseHttpServer.java:updateConnectorAddress(226)) - HTTP server of HDDSDATANODE is listening at http://0.0.0.0:45421
2019-08-21 09:11:38,271 | INFO  | ObjectStoreRestHttpServer | Listening HDDS REST traffic on /0.0.0.0:32916 |  
2019-08-21 09:11:38,271 [main] INFO  ozone.HddsDatanodeService (HddsDatanodeService.java:startPlugins(401)) - Started plug-in org.apache.hadoop.ozone.web.OzoneHddsDatanodeService@17ae13d5
2019-08-21 09:11:38,271 [main] INFO  impl.MetricsSystemImpl (MetricsSystemImpl.java:init(158)) - HddsDatanode metrics system started (again)
2019-08-21 09:11:38,276 [org.apache.hadoop.util.JvmPauseMonitor$Monitor@6085fc94] INFO  util.JvmPauseMonitor (JvmPauseMonitor.java:run(188)) - Starting JVM pause monitor
2019-08-21 09:11:38,277 [main] INFO  ozone.HddsDatanodeService (HddsDatanodeService.java:start(190)) - HddsDatanodeService host:pr-hdds-1596-dcd4j-996445439 ip:192.168.34.50
2019-08-21 09:11:38,279 [Datanode State Machine Thread - 0] INFO  datanode.InitDatanodeState (InitDatanodeState.java:persistContainerDatanodeDetails(140)) - DatanodeDetails is persisted to /workdir/hadoop-ozone/integration-test/target/test-dir/MiniOzoneClusterImpl-8d39adcc-ca79-4cf5-8766-ebbdd557e88b/datanode-3/meta/datanode.id
2019-08-21 09:11:38,285 [main] INFO  volume.HddsVolume (HddsVolume.java:<init>(176)) - Creating Volume: /workdir/hadoop-ozone/integration-test/target/test-dir/MiniOzoneClusterImpl-8d39adcc-ca79-4cf5-8766-ebbdd557e88b/datanode-4/data/containers/hdds of  storage type : DISK and capacity : 1482555576320
2019-08-21 09:11:38,285 [main] INFO  volume.VolumeSet (VolumeSet.java:initializeVolumeSet(170)) - Added Volume : /workdir/hadoop-ozone/integration-test/target/test-dir/MiniOzoneClusterImpl-8d39adcc-ca79-4cf5-8766-ebbdd557e88b/datanode-4/data/containers/hdds to VolumeSet
2019-08-21 09:11:38,285 [main] INFO  volume.ThrottledAsyncChecker (ThrottledAsyncChecker.java:schedule(140)) - Scheduling a check for org.apache.hadoop.ozone.container.common.volume.HddsVolume@65b73689
2019-08-21 09:11:38,286 [main] INFO  volume.HddsVolumeChecker (HddsVolumeChecker.java:checkAllVolumes(203)) - Scheduled health check for volume org.apache.hadoop.ozone.container.common.volume.HddsVolume@65b73689
2019-08-21 09:11:38,299 [main] INFO  impl.RaftServerProxy (ConfUtils.java:logGet(43)) - raft.rpc.type = GRPC (default)
2019-08-21 09:11:38,300 [main] INFO  grpc.GrpcFactory (GrpcFactory.java:checkPooledByteBufAllocatorUseCacheForAllThreads(45)) - PERFORMANCE WARNING: useCacheForAllThreads is true that may cause Netty to create a lot garbage objects and, as a result, trigger GC.
	It is recommended to disable useCacheForAllThreads by setting -Dorg.apache.ratis.thirdparty.io.netty.allocator.useCacheForAllThreads=false in command line.
2019-08-21 09:11:38,300 [main] INFO  grpc.GrpcConfigKeys$Server (ConfUtils.java:logGet(43)) - raft.grpc.server.port = 0 (default)
2019-08-21 09:11:38,300 [main] INFO  server.GrpcService (ConfUtils.java:logGet(43)) - raft.grpc.message.size.max = 33570816 (custom)
2019-08-21 09:11:38,300 [main] INFO  server.RaftServerConfigKeys (ConfUtils.java:logGet(43)) - raft.server.log.appender.buffer.byte-limit = 33554432 (custom)
2019-08-21 09:11:38,300 [main] INFO  server.GrpcService (ConfUtils.java:logGet(43)) - raft.grpc.flow.control.window = 1MB (=1048576) (default)
2019-08-21 09:11:38,301 [main] INFO  server.RaftServerConfigKeys (ConfUtils.java:logGet(43)) - raft.server.rpc.request.timeout = 3000ms (default)
2019-08-21 09:11:38,301 [main] INFO  server.RaftServerConfigKeys (ConfUtils.java:logGet(43)) - raft.server.storage.dir = [/workdir/hadoop-ozone/integration-test/target/test-dir/MiniOzoneClusterImpl-8d39adcc-ca79-4cf5-8766-ebbdd557e88b/datanode-4/data/ratis] (custom)
2019-08-21 09:11:38,302 [main] INFO  replication.SimpleContainerDownloader (SimpleContainerDownloader.java:<init>(72)) - Starting container downloader service to copy containers to replicate.
2019-08-21 09:11:38,303 [main] INFO  hdfs.DFSUtil (DFSUtil.java:httpServerTemplateForNNAndJN(1641)) - Starting Web-server for hddsDatanode at: http://0.0.0.0:0
2019-08-21 09:11:38,305 [main] INFO  server.AuthenticationFilter (AuthenticationFilter.java:constructSecretProvider(240)) - Unable to initialize FileSignerSecretProvider, falling back to use random secrets.
2019-08-21 09:11:38,305 [main] WARN  http.HttpRequestLog (HttpRequestLog.java:getRequestLog(97)) - Jetty request log can only be enabled using Log4j
2019-08-21 09:11:38,306 [main] INFO  http.HttpServer2 (HttpServer2.java:addGlobalFilter(975)) - Added global filter 'safety' (class=org.apache.hadoop.http.HttpServer2$QuotingInputFilter)
2019-08-21 09:11:38,307 [main] INFO  http.HttpServer2 (HttpServer2.java:addFilter(948)) - Added filter static_user_filter (class=org.apache.hadoop.http.lib.StaticUserWebFilter$StaticUserFilter) to context hddsDatanode
2019-08-21 09:11:38,307 [main] INFO  http.HttpServer2 (HttpServer2.java:addFilter(958)) - Added filter static_user_filter (class=org.apache.hadoop.http.lib.StaticUserWebFilter$StaticUserFilter) to context static
2019-08-21 09:11:38,307 [main] INFO  http.HttpServer2 (HttpServer2.java:addFilter(958)) - Added filter static_user_filter (class=org.apache.hadoop.http.lib.StaticUserWebFilter$StaticUserFilter) to context logs
2019-08-21 09:11:38,308 [main] INFO  http.HttpServer2 (HttpServer2.java:bindListener(1191)) - Jetty bound to port 33346
2019-08-21 09:11:38,308 [main] INFO  server.Server (Server.java:doStart(351)) - jetty-9.3.24.v20180605, build timestamp: 2018-06-05T17:11:56Z, git hash: 84205aa28f11a4f31f2a3b86d1bba2cc8ab69827
2019-08-21 09:11:38,310 [main] INFO  handler.ContextHandler (ContextHandler.java:doStart(781)) - Started o.e.j.s.ServletContextHandler@79617c3d{/logs,file:///workdir/hadoop-ozone/integration-test/target/log,AVAILABLE}
2019-08-21 09:11:38,311 [main] INFO  handler.ContextHandler (ContextHandler.java:doStart(781)) - Started o.e.j.s.ServletContextHandler@197d5a87{/static,jar:file:/home/user/.m2/repository/org/apache/hadoop/hadoop-hdds-container-service/0.5.0-SNAPSHOT/hadoop-hdds-container-service-0.5.0-SNAPSHOT.jar!/webapps/static,AVAILABLE}
2019-08-21 09:11:38,340 [main] INFO  handler.ContextHandler (ContextHandler.java:doStart(781)) - Started o.e.j.w.WebAppContext@362be0cd{/,file:///tmp/jetty-0.0.0.0-33346-hddsDatanode-_-any-3967355068264690793.dir/webapp/,AVAILABLE}{/hddsDatanode}
2019-08-21 09:11:38,340 [main] INFO  server.AbstractConnector (AbstractConnector.java:doStart(278)) - Started ServerConnector@2dde0a34{HTTP/1.1,[http/1.1]}{0.0.0.0:33346}
2019-08-21 09:11:38,341 [main] INFO  server.Server (Server.java:doStart(419)) - Started @43209ms
2019-08-21 09:11:38,342 [main] INFO  server.BaseHttpServer (BaseHttpServer.java:updateConnectorAddress(226)) - HTTP server of HDDSDATANODE is listening at http://0.0.0.0:33346
2019-08-21 09:11:38,672 | INFO  | ObjectStoreRestHttpServer | Listening HDDS REST traffic on /0.0.0.0:34944 |  
2019-08-21 09:11:38,672 [main] INFO  ozone.HddsDatanodeService (HddsDatanodeService.java:startPlugins(401)) - Started plug-in org.apache.hadoop.ozone.web.OzoneHddsDatanodeService@289a4b90
2019-08-21 09:11:38,673 [main] INFO  impl.MetricsSystemImpl (MetricsSystemImpl.java:init(158)) - HddsDatanode metrics system started (again)
2019-08-21 09:11:38,679 [org.apache.hadoop.util.JvmPauseMonitor$Monitor@108e89bf] INFO  util.JvmPauseMonitor (JvmPauseMonitor.java:run(188)) - Starting JVM pause monitor
2019-08-21 09:11:38,680 [main] INFO  ozone.HddsDatanodeService (HddsDatanodeService.java:start(190)) - HddsDatanodeService host:pr-hdds-1596-dcd4j-996445439 ip:192.168.34.50
2019-08-21 09:11:38,681 [Datanode State Machine Thread - 0] INFO  datanode.InitDatanodeState (InitDatanodeState.java:persistContainerDatanodeDetails(140)) - DatanodeDetails is persisted to /workdir/hadoop-ozone/integration-test/target/test-dir/MiniOzoneClusterImpl-8d39adcc-ca79-4cf5-8766-ebbdd557e88b/datanode-4/meta/datanode.id
2019-08-21 09:11:38,689 [main] INFO  volume.HddsVolume (HddsVolume.java:<init>(176)) - Creating Volume: /workdir/hadoop-ozone/integration-test/target/test-dir/MiniOzoneClusterImpl-8d39adcc-ca79-4cf5-8766-ebbdd557e88b/datanode-5/data/containers/hdds of  storage type : DISK and capacity : 1482555576320
2019-08-21 09:11:38,689 [main] INFO  volume.VolumeSet (VolumeSet.java:initializeVolumeSet(170)) - Added Volume : /workdir/hadoop-ozone/integration-test/target/test-dir/MiniOzoneClusterImpl-8d39adcc-ca79-4cf5-8766-ebbdd557e88b/datanode-5/data/containers/hdds to VolumeSet
2019-08-21 09:11:38,689 [main] INFO  volume.ThrottledAsyncChecker (ThrottledAsyncChecker.java:schedule(140)) - Scheduling a check for org.apache.hadoop.ozone.container.common.volume.HddsVolume@308c65e0
2019-08-21 09:11:38,690 [main] INFO  volume.HddsVolumeChecker (HddsVolumeChecker.java:checkAllVolumes(203)) - Scheduled health check for volume org.apache.hadoop.ozone.container.common.volume.HddsVolume@308c65e0
2019-08-21 09:11:38,707 [main] INFO  impl.RaftServerProxy (ConfUtils.java:logGet(43)) - raft.rpc.type = GRPC (default)
2019-08-21 09:11:38,708 [main] INFO  grpc.GrpcFactory (GrpcFactory.java:checkPooledByteBufAllocatorUseCacheForAllThreads(45)) - PERFORMANCE WARNING: useCacheForAllThreads is true that may cause Netty to create a lot garbage objects and, as a result, trigger GC.
	It is recommended to disable useCacheForAllThreads by setting -Dorg.apache.ratis.thirdparty.io.netty.allocator.useCacheForAllThreads=false in command line.
2019-08-21 09:11:38,708 [main] INFO  grpc.GrpcConfigKeys$Server (ConfUtils.java:logGet(43)) - raft.grpc.server.port = 0 (default)
2019-08-21 09:11:38,708 [main] INFO  server.GrpcService (ConfUtils.java:logGet(43)) - raft.grpc.message.size.max = 33570816 (custom)
2019-08-21 09:11:38,709 [main] INFO  server.RaftServerConfigKeys (ConfUtils.java:logGet(43)) - raft.server.log.appender.buffer.byte-limit = 33554432 (custom)
2019-08-21 09:11:38,709 [main] INFO  server.GrpcService (ConfUtils.java:logGet(43)) - raft.grpc.flow.control.window = 1MB (=1048576) (default)
2019-08-21 09:11:38,709 [main] INFO  server.RaftServerConfigKeys (ConfUtils.java:logGet(43)) - raft.server.rpc.request.timeout = 3000ms (default)
2019-08-21 09:11:38,710 [main] INFO  server.RaftServerConfigKeys (ConfUtils.java:logGet(43)) - raft.server.storage.dir = [/workdir/hadoop-ozone/integration-test/target/test-dir/MiniOzoneClusterImpl-8d39adcc-ca79-4cf5-8766-ebbdd557e88b/datanode-5/data/ratis] (custom)
2019-08-21 09:11:38,711 [main] INFO  replication.SimpleContainerDownloader (SimpleContainerDownloader.java:<init>(72)) - Starting container downloader service to copy containers to replicate.
2019-08-21 09:11:38,712 [main] INFO  hdfs.DFSUtil (DFSUtil.java:httpServerTemplateForNNAndJN(1641)) - Starting Web-server for hddsDatanode at: http://0.0.0.0:0
2019-08-21 09:11:38,714 [main] INFO  server.AuthenticationFilter (AuthenticationFilter.java:constructSecretProvider(240)) - Unable to initialize FileSignerSecretProvider, falling back to use random secrets.
2019-08-21 09:11:38,714 [main] WARN  http.HttpRequestLog (HttpRequestLog.java:getRequestLog(97)) - Jetty request log can only be enabled using Log4j
2019-08-21 09:11:38,716 [main] INFO  http.HttpServer2 (HttpServer2.java:addGlobalFilter(975)) - Added global filter 'safety' (class=org.apache.hadoop.http.HttpServer2$QuotingInputFilter)
2019-08-21 09:11:38,716 [main] INFO  http.HttpServer2 (HttpServer2.java:addFilter(948)) - Added filter static_user_filter (class=org.apache.hadoop.http.lib.StaticUserWebFilter$StaticUserFilter) to context hddsDatanode
2019-08-21 09:11:38,716 [main] INFO  http.HttpServer2 (HttpServer2.java:addFilter(958)) - Added filter static_user_filter (class=org.apache.hadoop.http.lib.StaticUserWebFilter$StaticUserFilter) to context logs
2019-08-21 09:11:38,717 [main] INFO  http.HttpServer2 (HttpServer2.java:addFilter(958)) - Added filter static_user_filter (class=org.apache.hadoop.http.lib.StaticUserWebFilter$StaticUserFilter) to context static
2019-08-21 09:11:38,717 [main] INFO  http.HttpServer2 (HttpServer2.java:bindListener(1191)) - Jetty bound to port 40821
2019-08-21 09:11:38,717 [main] INFO  server.Server (Server.java:doStart(351)) - jetty-9.3.24.v20180605, build timestamp: 2018-06-05T17:11:56Z, git hash: 84205aa28f11a4f31f2a3b86d1bba2cc8ab69827
2019-08-21 09:11:38,719 [main] INFO  handler.ContextHandler (ContextHandler.java:doStart(781)) - Started o.e.j.s.ServletContextHandler@878feb2{/logs,file:///workdir/hadoop-ozone/integration-test/target/log,AVAILABLE}
2019-08-21 09:11:38,720 [main] INFO  handler.ContextHandler (ContextHandler.java:doStart(781)) - Started o.e.j.s.ServletContextHandler@67a38{/static,jar:file:/home/user/.m2/repository/org/apache/hadoop/hadoop-hdds-container-service/0.5.0-SNAPSHOT/hadoop-hdds-container-service-0.5.0-SNAPSHOT.jar!/webapps/static,AVAILABLE}
2019-08-21 09:11:38,748 [main] INFO  handler.ContextHandler (ContextHandler.java:doStart(781)) - Started o.e.j.w.WebAppContext@454e9d65{/,file:///tmp/jetty-0.0.0.0-40821-hddsDatanode-_-any-6817907747152755110.dir/webapp/,AVAILABLE}{/hddsDatanode}
2019-08-21 09:11:38,748 [main] INFO  server.AbstractConnector (AbstractConnector.java:doStart(278)) - Started ServerConnector@7805478c{HTTP/1.1,[http/1.1]}{0.0.0.0:40821}
2019-08-21 09:11:38,750 [main] INFO  server.Server (Server.java:doStart(419)) - Started @43617ms
2019-08-21 09:11:38,751 [main] INFO  server.BaseHttpServer (BaseHttpServer.java:updateConnectorAddress(226)) - HTTP server of HDDSDATANODE is listening at http://0.0.0.0:40821
2019-08-21 09:11:38,871 | INFO  | ObjectStoreRestHttpServer | Listening HDDS REST traffic on /0.0.0.0:45353 |  
2019-08-21 09:11:38,871 [main] INFO  ozone.HddsDatanodeService (HddsDatanodeService.java:startPlugins(401)) - Started plug-in org.apache.hadoop.ozone.web.OzoneHddsDatanodeService@543ac221
2019-08-21 09:11:38,872 [main] INFO  impl.MetricsSystemImpl (MetricsSystemImpl.java:init(158)) - HddsDatanode metrics system started (again)
2019-08-21 09:11:38,878 [org.apache.hadoop.util.JvmPauseMonitor$Monitor@61bed6a8] INFO  util.JvmPauseMonitor (JvmPauseMonitor.java:run(188)) - Starting JVM pause monitor
2019-08-21 09:11:38,879 [main] INFO  ozone.HddsDatanodeService (HddsDatanodeService.java:start(190)) - HddsDatanodeService host:pr-hdds-1596-dcd4j-996445439 ip:192.168.34.50
2019-08-21 09:11:38,880 [Datanode State Machine Thread - 0] INFO  datanode.InitDatanodeState (InitDatanodeState.java:persistContainerDatanodeDetails(140)) - DatanodeDetails is persisted to /workdir/hadoop-ozone/integration-test/target/test-dir/MiniOzoneClusterImpl-8d39adcc-ca79-4cf5-8766-ebbdd557e88b/datanode-5/meta/datanode.id
2019-08-21 09:11:38,887 [main] INFO  volume.HddsVolume (HddsVolume.java:<init>(176)) - Creating Volume: /workdir/hadoop-ozone/integration-test/target/test-dir/MiniOzoneClusterImpl-8d39adcc-ca79-4cf5-8766-ebbdd557e88b/datanode-6/data/containers/hdds of  storage type : DISK and capacity : 1482555576320
2019-08-21 09:11:38,887 [main] INFO  volume.VolumeSet (VolumeSet.java:initializeVolumeSet(170)) - Added Volume : /workdir/hadoop-ozone/integration-test/target/test-dir/MiniOzoneClusterImpl-8d39adcc-ca79-4cf5-8766-ebbdd557e88b/datanode-6/data/containers/hdds to VolumeSet
2019-08-21 09:11:38,888 [main] INFO  volume.ThrottledAsyncChecker (ThrottledAsyncChecker.java:schedule(140)) - Scheduling a check for org.apache.hadoop.ozone.container.common.volume.HddsVolume@c6c84fa
2019-08-21 09:11:38,888 [main] INFO  volume.HddsVolumeChecker (HddsVolumeChecker.java:checkAllVolumes(203)) - Scheduled health check for volume org.apache.hadoop.ozone.container.common.volume.HddsVolume@c6c84fa
2019-08-21 09:11:38,906 [main] INFO  impl.RaftServerProxy (ConfUtils.java:logGet(43)) - raft.rpc.type = GRPC (default)
2019-08-21 09:11:38,907 [main] INFO  grpc.GrpcFactory (GrpcFactory.java:checkPooledByteBufAllocatorUseCacheForAllThreads(45)) - PERFORMANCE WARNING: useCacheForAllThreads is true that may cause Netty to create a lot garbage objects and, as a result, trigger GC.
	It is recommended to disable useCacheForAllThreads by setting -Dorg.apache.ratis.thirdparty.io.netty.allocator.useCacheForAllThreads=false in command line.
2019-08-21 09:11:38,907 [main] INFO  grpc.GrpcConfigKeys$Server (ConfUtils.java:logGet(43)) - raft.grpc.server.port = 0 (default)
2019-08-21 09:11:38,907 [main] INFO  server.GrpcService (ConfUtils.java:logGet(43)) - raft.grpc.message.size.max = 33570816 (custom)
2019-08-21 09:11:38,907 [main] INFO  server.RaftServerConfigKeys (ConfUtils.java:logGet(43)) - raft.server.log.appender.buffer.byte-limit = 33554432 (custom)
2019-08-21 09:11:38,908 [main] INFO  server.GrpcService (ConfUtils.java:logGet(43)) - raft.grpc.flow.control.window = 1MB (=1048576) (default)
2019-08-21 09:11:38,908 [main] INFO  server.RaftServerConfigKeys (ConfUtils.java:logGet(43)) - raft.server.rpc.request.timeout = 3000ms (default)
2019-08-21 09:11:38,908 [main] INFO  server.RaftServerConfigKeys (ConfUtils.java:logGet(43)) - raft.server.storage.dir = [/workdir/hadoop-ozone/integration-test/target/test-dir/MiniOzoneClusterImpl-8d39adcc-ca79-4cf5-8766-ebbdd557e88b/datanode-6/data/ratis] (custom)
2019-08-21 09:11:38,909 [main] INFO  replication.SimpleContainerDownloader (SimpleContainerDownloader.java:<init>(72)) - Starting container downloader service to copy containers to replicate.
2019-08-21 09:11:38,910 [main] INFO  hdfs.DFSUtil (DFSUtil.java:httpServerTemplateForNNAndJN(1641)) - Starting Web-server for hddsDatanode at: http://0.0.0.0:0
2019-08-21 09:11:38,911 [main] INFO  server.AuthenticationFilter (AuthenticationFilter.java:constructSecretProvider(240)) - Unable to initialize FileSignerSecretProvider, falling back to use random secrets.
2019-08-21 09:11:38,911 [main] WARN  http.HttpRequestLog (HttpRequestLog.java:getRequestLog(97)) - Jetty request log can only be enabled using Log4j
2019-08-21 09:11:38,913 [main] INFO  http.HttpServer2 (HttpServer2.java:addGlobalFilter(975)) - Added global filter 'safety' (class=org.apache.hadoop.http.HttpServer2$QuotingInputFilter)
2019-08-21 09:11:38,913 [main] INFO  http.HttpServer2 (HttpServer2.java:addFilter(948)) - Added filter static_user_filter (class=org.apache.hadoop.http.lib.StaticUserWebFilter$StaticUserFilter) to context hddsDatanode
2019-08-21 09:11:38,913 [main] INFO  http.HttpServer2 (HttpServer2.java:addFilter(958)) - Added filter static_user_filter (class=org.apache.hadoop.http.lib.StaticUserWebFilter$StaticUserFilter) to context static
2019-08-21 09:11:38,914 [main] INFO  http.HttpServer2 (HttpServer2.java:addFilter(958)) - Added filter static_user_filter (class=org.apache.hadoop.http.lib.StaticUserWebFilter$StaticUserFilter) to context logs
2019-08-21 09:11:38,914 [main] INFO  http.HttpServer2 (HttpServer2.java:bindListener(1191)) - Jetty bound to port 38099
2019-08-21 09:11:38,914 [main] INFO  server.Server (Server.java:doStart(351)) - jetty-9.3.24.v20180605, build timestamp: 2018-06-05T17:11:56Z, git hash: 84205aa28f11a4f31f2a3b86d1bba2cc8ab69827
2019-08-21 09:11:38,917 [main] INFO  handler.ContextHandler (ContextHandler.java:doStart(781)) - Started o.e.j.s.ServletContextHandler@291cbe70{/logs,file:///workdir/hadoop-ozone/integration-test/target/log,AVAILABLE}
2019-08-21 09:11:38,918 [main] INFO  handler.ContextHandler (ContextHandler.java:doStart(781)) - Started o.e.j.s.ServletContextHandler@225ddf5f{/static,jar:file:/home/user/.m2/repository/org/apache/hadoop/hadoop-hdds-container-service/0.5.0-SNAPSHOT/hadoop-hdds-container-service-0.5.0-SNAPSHOT.jar!/webapps/static,AVAILABLE}
2019-08-21 09:11:38,963 [main] INFO  handler.ContextHandler (ContextHandler.java:doStart(781)) - Started o.e.j.w.WebAppContext@74eab077{/,file:///tmp/jetty-0.0.0.0-38099-hddsDatanode-_-any-7570430301280829145.dir/webapp/,AVAILABLE}{/hddsDatanode}
2019-08-21 09:11:38,964 [main] INFO  server.AbstractConnector (AbstractConnector.java:doStart(278)) - Started ServerConnector@3063be68{HTTP/1.1,[http/1.1]}{0.0.0.0:38099}
2019-08-21 09:11:38,966 [main] INFO  server.Server (Server.java:doStart(419)) - Started @43833ms
2019-08-21 09:11:38,967 [main] INFO  server.BaseHttpServer (BaseHttpServer.java:updateConnectorAddress(226)) - HTTP server of HDDSDATANODE is listening at http://0.0.0.0:38099
2019-08-21 09:11:39,122 | INFO  | ObjectStoreRestHttpServer | Listening HDDS REST traffic on /0.0.0.0:33734 |  
2019-08-21 09:11:39,123 [main] INFO  ozone.HddsDatanodeService (HddsDatanodeService.java:startPlugins(401)) - Started plug-in org.apache.hadoop.ozone.web.OzoneHddsDatanodeService@7535f28
2019-08-21 09:11:39,123 [main] INFO  ozone.MiniOzoneClusterImpl (MiniOzoneClusterImpl.java:lambda$waitForClusterToBeReady$0(142)) - Waiting for cluster to be ready. Got 0 of 7 DN Heartbeats.
2019-08-21 09:11:39,127 [org.apache.hadoop.util.JvmPauseMonitor$Monitor@41561cea] INFO  util.JvmPauseMonitor (JvmPauseMonitor.java:run(188)) - Starting JVM pause monitor
2019-08-21 09:11:39,128 [Datanode State Machine Thread - 0] INFO  datanode.InitDatanodeState (InitDatanodeState.java:persistContainerDatanodeDetails(140)) - DatanodeDetails is persisted to /workdir/hadoop-ozone/integration-test/target/test-dir/MiniOzoneClusterImpl-8d39adcc-ca79-4cf5-8766-ebbdd557e88b/datanode-6/meta/datanode.id
2019-08-21 09:11:39,566 | INFO  | SCMAudit | user=jenkins1000 | ip=192.168.34.50 | op=GET_VERSION null | ret=SUCCESS |  
2019-08-21 09:11:39,583 [Datanode State Machine Thread - 0] INFO  ozoneimpl.OzoneContainer (OzoneContainer.java:start(186)) - Attempting to start container services.
2019-08-21 09:11:39,585 [Datanode State Machine Thread - 0] INFO  ozoneimpl.OzoneContainer (OzoneContainer.java:startContainerScrub(160)) - Background container scrubber has been disabled by hdds.containerscrub.enabled
2019-08-21 09:11:39,585 [Datanode State Machine Thread - 0] INFO  ratis.XceiverServerRatis (XceiverServerRatis.java:start(404)) - Starting XceiverServerRatis b216f333-d584-463e-ac29-b520f4cc8032 at port 0
2019-08-21 09:11:39,592 [Datanode State Machine Thread - 0] INFO  impl.RaftServerProxy (RaftServerProxy.java:lambda$start$3(299)) - b216f333-d584-463e-ac29-b520f4cc8032: start RPC server
2019-08-21 09:11:39,594 [Datanode State Machine Thread - 0] INFO  server.GrpcService (GrpcService.java:startImpl(149)) - b216f333-d584-463e-ac29-b520f4cc8032: GrpcService started, listening on 0.0.0.0/0.0.0.0:33369
2019-08-21 09:11:39,594 [Datanode State Machine Thread - 0] INFO  ratis.XceiverServerRatis (XceiverServerRatis.java:start(414)) - XceiverServerRatis b216f333-d584-463e-ac29-b520f4cc8032 is started using port 33369
2019-08-21 09:11:39,596 [Datanode State Machine Thread - 0] INFO  server.XceiverServerGrpc (XceiverServerGrpc.java:start(161)) - XceiverServerGrpc b216f333-d584-463e-ac29-b520f4cc8032 is started using port 42922
2019-08-21 09:11:39,751 | INFO  | SCMAudit | user=jenkins1000 | ip=192.168.34.50 | op=GET_VERSION null | ret=SUCCESS |  
2019-08-21 09:11:39,764 [Datanode State Machine Thread - 0] INFO  ozoneimpl.OzoneContainer (OzoneContainer.java:start(186)) - Attempting to start container services.
2019-08-21 09:11:39,771 [Datanode State Machine Thread - 0] INFO  ozoneimpl.OzoneContainer (OzoneContainer.java:startContainerScrub(160)) - Background container scrubber has been disabled by hdds.containerscrub.enabled
2019-08-21 09:11:39,771 [Datanode State Machine Thread - 0] INFO  ratis.XceiverServerRatis (XceiverServerRatis.java:start(404)) - Starting XceiverServerRatis a8271a13-8b98-4259-a956-3406fefc9571 at port 0
2019-08-21 09:11:39,777 [Datanode State Machine Thread - 0] INFO  impl.RaftServerProxy (RaftServerProxy.java:lambda$start$3(299)) - a8271a13-8b98-4259-a956-3406fefc9571: start RPC server
2019-08-21 09:11:39,779 [Datanode State Machine Thread - 0] INFO  server.GrpcService (GrpcService.java:startImpl(149)) - a8271a13-8b98-4259-a956-3406fefc9571: GrpcService started, listening on 0.0.0.0/0.0.0.0:42205
2019-08-21 09:11:39,779 [Datanode State Machine Thread - 0] INFO  ratis.XceiverServerRatis (XceiverServerRatis.java:start(414)) - XceiverServerRatis a8271a13-8b98-4259-a956-3406fefc9571 is started using port 42205
2019-08-21 09:11:39,784 [Datanode State Machine Thread - 0] INFO  server.XceiverServerGrpc (XceiverServerGrpc.java:start(161)) - XceiverServerGrpc a8271a13-8b98-4259-a956-3406fefc9571 is started using port 39636
2019-08-21 09:11:40,040 | INFO  | SCMAudit | user=jenkins1000 | ip=192.168.34.50 | op=GET_VERSION null | ret=SUCCESS |  
2019-08-21 09:11:40,056 [Datanode State Machine Thread - 0] INFO  ozoneimpl.OzoneContainer (OzoneContainer.java:start(186)) - Attempting to start container services.
2019-08-21 09:11:40,056 [Datanode State Machine Thread - 0] INFO  ozoneimpl.OzoneContainer (OzoneContainer.java:startContainerScrub(160)) - Background container scrubber has been disabled by hdds.containerscrub.enabled
2019-08-21 09:11:40,056 [Datanode State Machine Thread - 0] INFO  ratis.XceiverServerRatis (XceiverServerRatis.java:start(404)) - Starting XceiverServerRatis 4fc6c8fa-e96e-43c4-8369-e0ca8a7014d6 at port 0
2019-08-21 09:11:40,064 [Datanode State Machine Thread - 0] INFO  impl.RaftServerProxy (RaftServerProxy.java:lambda$start$3(299)) - 4fc6c8fa-e96e-43c4-8369-e0ca8a7014d6: start RPC server
2019-08-21 09:11:40,065 [Datanode State Machine Thread - 0] INFO  server.GrpcService (GrpcService.java:startImpl(149)) - 4fc6c8fa-e96e-43c4-8369-e0ca8a7014d6: GrpcService started, listening on 0.0.0.0/0.0.0.0:38960
2019-08-21 09:11:40,066 [Datanode State Machine Thread - 0] INFO  ratis.XceiverServerRatis (XceiverServerRatis.java:start(414)) - XceiverServerRatis 4fc6c8fa-e96e-43c4-8369-e0ca8a7014d6 is started using port 38960
2019-08-21 09:11:40,074 [Datanode State Machine Thread - 0] INFO  server.XceiverServerGrpc (XceiverServerGrpc.java:start(161)) - XceiverServerGrpc 4fc6c8fa-e96e-43c4-8369-e0ca8a7014d6 is started using port 41701
2019-08-21 09:11:40,126 [main] INFO  ozone.MiniOzoneClusterImpl (MiniOzoneClusterImpl.java:lambda$waitForClusterToBeReady$0(142)) - Waiting for cluster to be ready. Got 0 of 7 DN Heartbeats.
2019-08-21 09:11:40,278 | INFO  | SCMAudit | user=jenkins1000 | ip=192.168.34.50 | op=GET_VERSION null | ret=SUCCESS |  
2019-08-21 09:11:40,289 [Datanode State Machine Thread - 0] INFO  ozoneimpl.OzoneContainer (OzoneContainer.java:start(186)) - Attempting to start container services.
2019-08-21 09:11:40,290 [Datanode State Machine Thread - 0] INFO  ozoneimpl.OzoneContainer (OzoneContainer.java:startContainerScrub(160)) - Background container scrubber has been disabled by hdds.containerscrub.enabled
2019-08-21 09:11:40,290 [Datanode State Machine Thread - 0] INFO  ratis.XceiverServerRatis (XceiverServerRatis.java:start(404)) - Starting XceiverServerRatis 328a75f0-8ecf-454d-ac4a-ee464a922ba9 at port 0
2019-08-21 09:11:40,298 [Datanode State Machine Thread - 0] INFO  impl.RaftServerProxy (RaftServerProxy.java:lambda$start$3(299)) - 328a75f0-8ecf-454d-ac4a-ee464a922ba9: start RPC server
2019-08-21 09:11:40,299 [Datanode State Machine Thread - 0] INFO  server.GrpcService (GrpcService.java:startImpl(149)) - 328a75f0-8ecf-454d-ac4a-ee464a922ba9: GrpcService started, listening on 0.0.0.0/0.0.0.0:42900
2019-08-21 09:11:40,299 [Datanode State Machine Thread - 0] INFO  ratis.XceiverServerRatis (XceiverServerRatis.java:start(414)) - XceiverServerRatis 328a75f0-8ecf-454d-ac4a-ee464a922ba9 is started using port 42900
2019-08-21 09:11:40,300 [Datanode State Machine Thread - 0] INFO  server.XceiverServerGrpc (XceiverServerGrpc.java:start(161)) - XceiverServerGrpc 328a75f0-8ecf-454d-ac4a-ee464a922ba9 is started using port 38375
2019-08-21 09:11:40,680 | INFO  | SCMAudit | user=jenkins1000 | ip=192.168.34.50 | op=GET_VERSION null | ret=SUCCESS |  
2019-08-21 09:11:40,689 [Datanode State Machine Thread - 0] INFO  ozoneimpl.OzoneContainer (OzoneContainer.java:start(186)) - Attempting to start container services.
2019-08-21 09:11:40,689 [Datanode State Machine Thread - 0] INFO  ozoneimpl.OzoneContainer (OzoneContainer.java:startContainerScrub(160)) - Background container scrubber has been disabled by hdds.containerscrub.enabled
2019-08-21 09:11:40,689 [Datanode State Machine Thread - 0] INFO  ratis.XceiverServerRatis (XceiverServerRatis.java:start(404)) - Starting XceiverServerRatis d93e8726-51c7-48e5-91db-a9280c3a0547 at port 0
2019-08-21 09:11:40,697 [Datanode State Machine Thread - 0] INFO  impl.RaftServerProxy (RaftServerProxy.java:lambda$start$3(299)) - d93e8726-51c7-48e5-91db-a9280c3a0547: start RPC server
2019-08-21 09:11:40,698 [Datanode State Machine Thread - 0] INFO  server.GrpcService (GrpcService.java:startImpl(149)) - d93e8726-51c7-48e5-91db-a9280c3a0547: GrpcService started, listening on 0.0.0.0/0.0.0.0:44816
2019-08-21 09:11:40,698 [Datanode State Machine Thread - 0] INFO  ratis.XceiverServerRatis (XceiverServerRatis.java:start(414)) - XceiverServerRatis d93e8726-51c7-48e5-91db-a9280c3a0547 is started using port 44816
2019-08-21 09:11:40,701 [Datanode State Machine Thread - 0] INFO  server.XceiverServerGrpc (XceiverServerGrpc.java:start(161)) - XceiverServerGrpc d93e8726-51c7-48e5-91db-a9280c3a0547 is started using port 45042
2019-08-21 09:11:40,879 | INFO  | SCMAudit | user=jenkins1000 | ip=192.168.34.50 | op=GET_VERSION null | ret=SUCCESS |  
2019-08-21 09:11:40,893 [Datanode State Machine Thread - 0] INFO  ozoneimpl.OzoneContainer (OzoneContainer.java:start(186)) - Attempting to start container services.
2019-08-21 09:11:40,893 [Datanode State Machine Thread - 0] INFO  ozoneimpl.OzoneContainer (OzoneContainer.java:startContainerScrub(160)) - Background container scrubber has been disabled by hdds.containerscrub.enabled
2019-08-21 09:11:40,893 [Datanode State Machine Thread - 0] INFO  ratis.XceiverServerRatis (XceiverServerRatis.java:start(404)) - Starting XceiverServerRatis 5ea20691-5ab9-4695-ab1d-7e722de7481e at port 0
2019-08-21 09:11:40,901 [Datanode State Machine Thread - 0] INFO  impl.RaftServerProxy (RaftServerProxy.java:lambda$start$3(299)) - 5ea20691-5ab9-4695-ab1d-7e722de7481e: start RPC server
2019-08-21 09:11:40,902 [Datanode State Machine Thread - 0] INFO  server.GrpcService (GrpcService.java:startImpl(149)) - 5ea20691-5ab9-4695-ab1d-7e722de7481e: GrpcService started, listening on 0.0.0.0/0.0.0.0:36652
2019-08-21 09:11:40,902 [Datanode State Machine Thread - 0] INFO  ratis.XceiverServerRatis (XceiverServerRatis.java:start(414)) - XceiverServerRatis 5ea20691-5ab9-4695-ab1d-7e722de7481e is started using port 36652
2019-08-21 09:11:40,905 [Datanode State Machine Thread - 0] INFO  server.XceiverServerGrpc (XceiverServerGrpc.java:start(161)) - XceiverServerGrpc 5ea20691-5ab9-4695-ab1d-7e722de7481e is started using port 40267
2019-08-21 09:11:41,126 [main] INFO  ozone.MiniOzoneClusterImpl (MiniOzoneClusterImpl.java:lambda$waitForClusterToBeReady$0(142)) - Waiting for cluster to be ready. Got 0 of 7 DN Heartbeats.
2019-08-21 09:11:41,128 | INFO  | SCMAudit | user=jenkins1000 | ip=192.168.34.50 | op=GET_VERSION null | ret=SUCCESS |  
2019-08-21 09:11:41,143 [Datanode State Machine Thread - 0] INFO  ozoneimpl.OzoneContainer (OzoneContainer.java:start(186)) - Attempting to start container services.
2019-08-21 09:11:41,143 [Datanode State Machine Thread - 0] INFO  ozoneimpl.OzoneContainer (OzoneContainer.java:startContainerScrub(160)) - Background container scrubber has been disabled by hdds.containerscrub.enabled
2019-08-21 09:11:41,143 [Datanode State Machine Thread - 0] INFO  ratis.XceiverServerRatis (XceiverServerRatis.java:start(404)) - Starting XceiverServerRatis 2efe7137-c334-43ac-ad86-ba58d4ed3c70 at port 0
2019-08-21 09:11:41,150 [Datanode State Machine Thread - 0] INFO  impl.RaftServerProxy (RaftServerProxy.java:lambda$start$3(299)) - 2efe7137-c334-43ac-ad86-ba58d4ed3c70: start RPC server
2019-08-21 09:11:41,151 [Datanode State Machine Thread - 0] INFO  server.GrpcService (GrpcService.java:startImpl(149)) - 2efe7137-c334-43ac-ad86-ba58d4ed3c70: GrpcService started, listening on 0.0.0.0/0.0.0.0:45357
2019-08-21 09:11:41,151 [Datanode State Machine Thread - 0] INFO  ratis.XceiverServerRatis (XceiverServerRatis.java:start(414)) - XceiverServerRatis 2efe7137-c334-43ac-ad86-ba58d4ed3c70 is started using port 45357
2019-08-21 09:11:41,152 [Datanode State Machine Thread - 0] INFO  server.XceiverServerGrpc (XceiverServerGrpc.java:start(161)) - XceiverServerGrpc 2efe7137-c334-43ac-ad86-ba58d4ed3c70 is started using port 32999
2019-08-21 09:11:41,567 [IPC Server handler 3 on 40430] INFO  net.NetworkTopology (NetworkTopologyImpl.java:add(110)) - Added a new node: /default-rack/b216f333-d584-463e-ac29-b520f4cc8032
2019-08-21 09:11:41,569 [IPC Server handler 3 on 40430] INFO  node.SCMNodeManager (SCMNodeManager.java:register(273)) - Registered Data node : b216f333-d584-463e-ac29-b520f4cc8032{ip: 192.168.34.50, host: pr-hdds-1596-dcd4j-996445439, networkLocation: /default-rack, certSerialId: null}
2019-08-21 09:11:41,570 [EventQueue-NodeRegistrationContainerReportForDataNodeSafeModeRule] INFO  safemode.SCMSafeModeManager (DataNodeSafeModeRule.java:process(71)) - SCM in safe mode. 1 DataNodes registered, 1 required.
2019-08-21 09:11:41,573 [EventQueue-NodeRegistrationContainerReportForDataNodeSafeModeRule] INFO  safemode.SCMSafeModeManager (SCMSafeModeManager.java:validateSafeModeExitRules(177)) - ScmSafeModeManager, all rules are successfully validated
2019-08-21 09:11:41,573 | INFO  | SCMAudit | user=jenkins1000 | ip=192.168.34.50 | op=REGISTER {datanodeDetails=b216f333-d584-463e-ac29-b520f4cc8032{ip: 192.168.34.50, host: pr-hdds-1596-dcd4j-996445439, networkLocation: /default-rack, certSerialId: null}} | ret=SUCCESS |  
2019-08-21 09:11:41,573 [EventQueue-NodeRegistrationContainerReportForDataNodeSafeModeRule] INFO  safemode.SCMSafeModeManager (SCMSafeModeManager.java:exitSafeMode(193)) - SCM exiting safe mode.
2019-08-21 09:11:41,587 [grpc-default-executor-3] INFO  impl.RaftServerProxy (RaftServerProxy.java:addNew(89)) - b216f333-d584-463e-ac29-b520f4cc8032: addNew group-9F44DFDB49AD:[b216f333-d584-463e-ac29-b520f4cc8032:192.168.34.50:33369] returns group-9F44DFDB49AD:java.util.concurrent.CompletableFuture@51aa4e3c[Not completed]
2019-08-21 09:11:41,589 [pool-126-thread-1] INFO  impl.RaftServerImpl (RaftServerImpl.java:<init>(93)) - b216f333-d584-463e-ac29-b520f4cc8032: new RaftServerImpl for group-9F44DFDB49AD:[b216f333-d584-463e-ac29-b520f4cc8032:192.168.34.50:33369] with ContainerStateMachine:uninitialized
2019-08-21 09:11:41,589 [pool-126-thread-1] INFO  server.RaftServerConfigKeys (ConfUtils.java:logGet(43)) - raft.server.rpc.timeout.min = 5s (custom)
2019-08-21 09:11:41,589 [pool-126-thread-1] INFO  server.RaftServerConfigKeys (ConfUtils.java:logGet(43)) - raft.server.rpc.timeout.max = 5200ms (custom)
2019-08-21 09:11:41,589 [pool-126-thread-1] INFO  server.RaftServerConfigKeys (ConfUtils.java:logGet(43)) - raft.server.rpcslowness.timeout = 120s (custom)
2019-08-21 09:11:41,589 [pool-126-thread-1] INFO  server.RaftServerConfigKeys (ConfUtils.java:logGet(43)) - raft.server.sleep.deviation.threshold = 300 (default)
2019-08-21 09:11:41,590 [pool-126-thread-1] INFO  server.RaftServerConfigKeys (ConfUtils.java:logGet(43)) - raft.server.log.appender.install.snapshot.enabled = false (custom)
2019-08-21 09:11:41,590 [pool-126-thread-1] INFO  impl.RaftServerImpl (ServerState.java:<init>(105)) - b216f333-d584-463e-ac29-b520f4cc8032:group-9F44DFDB49AD ConfigurationManager, init=-1: [b216f333-d584-463e-ac29-b520f4cc8032:192.168.34.50:33369], old=null, confs=<EMPTY_MAP>
2019-08-21 09:11:41,590 [pool-126-thread-1] INFO  server.RaftServerConfigKeys (ConfUtils.java:logGet(43)) - raft.server.storage.dir = [/workdir/hadoop-ozone/integration-test/target/test-dir/MiniOzoneClusterImpl-8d39adcc-ca79-4cf5-8766-ebbdd557e88b/datanode-0/data/ratis] (custom)
2019-08-21 09:11:41,591 [pool-126-thread-1] INFO  storage.RaftStorageDirectory (RaftStorageDirectory.java:analyzeStorage(246)) - The storage directory /workdir/hadoop-ozone/integration-test/target/test-dir/MiniOzoneClusterImpl-8d39adcc-ca79-4cf5-8766-ebbdd557e88b/datanode-0/data/ratis/ce762659-06a4-4c05-acfe-9f44dfdb49ad does not exist. Creating ...
2019-08-21 09:11:41,604 [pool-126-thread-1] INFO  storage.RaftStorageDirectory (RaftStorageDirectory.java:tryLock(328)) - Lock on /workdir/hadoop-ozone/integration-test/target/test-dir/MiniOzoneClusterImpl-8d39adcc-ca79-4cf5-8766-ebbdd557e88b/datanode-0/data/ratis/ce762659-06a4-4c05-acfe-9f44dfdb49ad/in_use.lock acquired by nodename 25587@pr-hdds-1596-dcd4j-996445439
2019-08-21 09:11:41,617 [pool-126-thread-1] INFO  storage.RaftStorage (RaftStorage.java:format(72)) - Storage directory /workdir/hadoop-ozone/integration-test/target/test-dir/MiniOzoneClusterImpl-8d39adcc-ca79-4cf5-8766-ebbdd557e88b/datanode-0/data/ratis/ce762659-06a4-4c05-acfe-9f44dfdb49ad has been successfully formatted.
2019-08-21 09:11:41,618 [pool-126-thread-1] INFO  ratis.ContainerStateMachine (ContainerStateMachine.java:loadSnapshot(226)) - group-9F44DFDB49AD: The snapshot info is null. Setting the last applied indexto:(t:0, i:~)
2019-08-21 09:11:41,618 [pool-126-thread-1] INFO  server.RaftServerConfigKeys (ConfUtils.java:logGet(43)) - raft.server.leader.election.timeout = 120s (custom)
2019-08-21 09:11:41,618 [pool-126-thread-1] INFO  server.RaftServerConfigKeys (ConfUtils.java:logGet(43)) - raft.server.log.use.memory = false (default)
2019-08-21 09:11:41,618 [pool-126-thread-1] INFO  server.RaftServerConfigKeys (ConfUtils.java:logGet(43)) - raft.server.log.purge.gap = 1000000 (custom)
2019-08-21 09:11:41,619 [pool-126-thread-1] INFO  server.RaftServerConfigKeys (ConfUtils.java:logGet(43)) - raft.server.log.appender.buffer.byte-limit = 33554432 (custom)
2019-08-21 09:11:41,619 [pool-126-thread-1] INFO  server.RaftServerConfigKeys (ConfUtils.java:logGet(43)) - raft.server.log.segment.size.max = 1048576 (custom)
2019-08-21 09:11:41,619 [pool-126-thread-1] INFO  server.RaftServerConfigKeys (ConfUtils.java:logGet(43)) - raft.server.log.segment.cache.num.max = 2 (custom)
2019-08-21 09:11:41,619 [pool-126-thread-1] INFO  segmented.SegmentedRaftLogWorker (SegmentedRaftLogWorker.java:<init>(172)) - new b216f333-d584-463e-ac29-b520f4cc8032-SegmentedRaftLogWorker:Storage Directory /workdir/hadoop-ozone/integration-test/target/test-dir/MiniOzoneClusterImpl-8d39adcc-ca79-4cf5-8766-ebbdd557e88b/datanode-0/data/ratis/ce762659-06a4-4c05-acfe-9f44dfdb49ad for RaftStorage:Storage Directory /workdir/hadoop-ozone/integration-test/target/test-dir/MiniOzoneClusterImpl-8d39adcc-ca79-4cf5-8766-ebbdd557e88b/datanode-0/data/ratis/ce762659-06a4-4c05-acfe-9f44dfdb49ad
2019-08-21 09:11:41,619 [pool-126-thread-1] INFO  server.RaftServerConfigKeys (ConfUtils.java:logGet(43)) - raft.server.log.queue.byte-limit = 2147483647 (custom)
2019-08-21 09:11:41,620 [pool-126-thread-1] INFO  server.RaftServerConfigKeys (ConfUtils.java:logGet(43)) - raft.server.log.queue.element-limit = 1024 (custom)
2019-08-21 09:11:41,620 [pool-126-thread-1] INFO  server.RaftServerConfigKeys (ConfUtils.java:logGet(43)) - raft.server.log.segment.size.max = 1048576 (custom)
2019-08-21 09:11:41,620 [pool-126-thread-1] INFO  server.RaftServerConfigKeys (ConfUtils.java:logGet(43)) - raft.server.log.preallocated.size = 16384 (custom)
2019-08-21 09:11:41,620 [pool-126-thread-1] INFO  server.RaftServerConfigKeys (ConfUtils.java:logGet(43)) - raft.server.log.write.buffer.size = 33554432 (custom)
2019-08-21 09:11:41,621 [pool-126-thread-1] INFO  server.RaftServerConfigKeys (ConfUtils.java:logGet(43)) - raft.server.log.force.sync.num = 128 (default)
2019-08-21 09:11:41,621 [pool-126-thread-1] INFO  server.RaftServerConfigKeys (ConfUtils.java:logGet(43)) - raft.server.log.statemachine.data.sync = true (default)
2019-08-21 09:11:41,621 [pool-126-thread-1] INFO  server.RaftServerConfigKeys (ConfUtils.java:logGet(43)) - raft.server.log.statemachine.data.sync.timeout = 10s (default)
2019-08-21 09:11:41,621 [pool-126-thread-1] INFO  server.RaftServerConfigKeys (ConfUtils.java:logGet(43)) - raft.server.log.statemachine.data.sync.timeout.retry = -1 (default)
2019-08-21 09:11:41,622 [pool-126-thread-1] INFO  server.RaftServerConfigKeys (ConfUtils.java:logGet(43)) - raft.server.log.statemachine.data.caching.enabled = true (custom)
2019-08-21 09:11:41,622 [pool-126-thread-1] INFO  segmented.SegmentedRaftLogWorker (SegmentedRaftLogWorker.java:lambda$new$0(132)) - b216f333-d584-463e-ac29-b520f4cc8032-SegmentedRaftLogWorker:Storage Directory /workdir/hadoop-ozone/integration-test/target/test-dir/MiniOzoneClusterImpl-8d39adcc-ca79-4cf5-8766-ebbdd557e88b/datanode-0/data/ratis/ce762659-06a4-4c05-acfe-9f44dfdb49ad: flushIndex: setUnconditionally 0 -> -1
2019-08-21 09:11:41,622 [pool-126-thread-1] INFO  server.RaftServerConfigKeys (ConfUtils.java:logGet(43)) - raft.server.snapshot.auto.trigger.enabled = true (custom)
2019-08-21 09:11:41,623 [pool-126-thread-1] INFO  server.RaftServerConfigKeys (ConfUtils.java:logGet(43)) - raft.server.snapshot.auto.trigger.threshold = 10000 (custom)
2019-08-21 09:11:41,623 [pool-126-thread-1] INFO  server.RaftServerConfigKeys (ConfUtils.java:logGet(43)) - raft.server.retrycache.expirytime = 600000ms (custom)
2019-08-21 09:11:41,623 [pool-126-thread-1] INFO  impl.RaftServerImpl (RaftServerImpl.java:start(180)) - b216f333-d584-463e-ac29-b520f4cc8032: start group-9F44DFDB49AD
2019-08-21 09:11:41,623 [pool-126-thread-1] INFO  impl.RaftServerImpl (RaftServerImpl.java:setRole(171)) - b216f333-d584-463e-ac29-b520f4cc8032:group-9F44DFDB49AD changes role from null to FOLLOWER at term 0 for startAsFollower
2019-08-21 09:11:41,623 [pool-126-thread-1] INFO  impl.RoleInfo (RoleInfo.java:updateAndGet(143)) - b216f333-d584-463e-ac29-b520f4cc8032: start FollowerState
2019-08-21 09:11:41,625 [pool-126-thread-1] INFO  util.JmxRegister (JmxRegister.java:tryRegister(44)) - Successfully registered JMX Bean with object name Ratis:service=RaftServer,group=group-9F44DFDB49AD,id=b216f333-d584-463e-ac29-b520f4cc8032
2019-08-21 09:11:41,628 [RatisPipelineUtilsThread] INFO  pipeline.PipelineStateManager (PipelineStateManager.java:addPipeline(56)) - Created pipeline Pipeline[ Id: ce762659-06a4-4c05-acfe-9f44dfdb49ad, Nodes: b216f333-d584-463e-ac29-b520f4cc8032{ip: 192.168.34.50, host: pr-hdds-1596-dcd4j-996445439, networkLocation: /default-rack, certSerialId: null}, Type:RATIS, Factor:ONE, State:OPEN]
2019-08-21 09:11:41,751 [IPC Server handler 1 on 40430] INFO  net.NetworkTopology (NetworkTopologyImpl.java:add(110)) - Added a new node: /default-rack/a8271a13-8b98-4259-a956-3406fefc9571
2019-08-21 09:11:41,752 [IPC Server handler 1 on 40430] INFO  node.SCMNodeManager (SCMNodeManager.java:register(273)) - Registered Data node : a8271a13-8b98-4259-a956-3406fefc9571{ip: 192.168.34.50, host: pr-hdds-1596-dcd4j-996445439, networkLocation: /default-rack, certSerialId: null}
2019-08-21 09:11:41,752 | INFO  | SCMAudit | user=jenkins1000 | ip=192.168.34.50 | op=REGISTER {datanodeDetails=a8271a13-8b98-4259-a956-3406fefc9571{ip: 192.168.34.50, host: pr-hdds-1596-dcd4j-996445439, networkLocation: /default-rack, certSerialId: null}} | ret=SUCCESS |  
2019-08-21 09:11:41,763 [grpc-default-executor-3] INFO  impl.RaftServerProxy (RaftServerProxy.java:addNew(89)) - a8271a13-8b98-4259-a956-3406fefc9571: addNew group-2AD6B67F6A44:[a8271a13-8b98-4259-a956-3406fefc9571:192.168.34.50:42205] returns group-2AD6B67F6A44:java.util.concurrent.CompletableFuture@66a46e29[Not completed]
2019-08-21 09:11:41,768 [pool-137-thread-1] INFO  impl.RaftServerImpl (RaftServerImpl.java:<init>(93)) - a8271a13-8b98-4259-a956-3406fefc9571: new RaftServerImpl for group-2AD6B67F6A44:[a8271a13-8b98-4259-a956-3406fefc9571:192.168.34.50:42205] with ContainerStateMachine:uninitialized
2019-08-21 09:11:41,768 [pool-137-thread-1] INFO  server.RaftServerConfigKeys (ConfUtils.java:logGet(43)) - raft.server.rpc.timeout.min = 5s (custom)
2019-08-21 09:11:41,768 [pool-137-thread-1] INFO  server.RaftServerConfigKeys (ConfUtils.java:logGet(43)) - raft.server.rpc.timeout.max = 5200ms (custom)
2019-08-21 09:11:41,769 [pool-137-thread-1] INFO  server.RaftServerConfigKeys (ConfUtils.java:logGet(43)) - raft.server.rpcslowness.timeout = 120s (custom)
2019-08-21 09:11:41,769 [pool-137-thread-1] INFO  server.RaftServerConfigKeys (ConfUtils.java:logGet(43)) - raft.server.sleep.deviation.threshold = 300 (default)
2019-08-21 09:11:41,769 [pool-137-thread-1] INFO  server.RaftServerConfigKeys (ConfUtils.java:logGet(43)) - raft.server.log.appender.install.snapshot.enabled = false (custom)
2019-08-21 09:11:41,769 [pool-137-thread-1] INFO  impl.RaftServerImpl (ServerState.java:<init>(105)) - a8271a13-8b98-4259-a956-3406fefc9571:group-2AD6B67F6A44 ConfigurationManager, init=-1: [a8271a13-8b98-4259-a956-3406fefc9571:192.168.34.50:42205], old=null, confs=<EMPTY_MAP>
2019-08-21 09:11:41,769 [pool-137-thread-1] INFO  server.RaftServerConfigKeys (ConfUtils.java:logGet(43)) - raft.server.storage.dir = [/workdir/hadoop-ozone/integration-test/target/test-dir/MiniOzoneClusterImpl-8d39adcc-ca79-4cf5-8766-ebbdd557e88b/datanode-1/data/ratis] (custom)
2019-08-21 09:11:41,770 [pool-137-thread-1] INFO  storage.RaftStorageDirectory (RaftStorageDirectory.java:analyzeStorage(246)) - The storage directory /workdir/hadoop-ozone/integration-test/target/test-dir/MiniOzoneClusterImpl-8d39adcc-ca79-4cf5-8766-ebbdd557e88b/datanode-1/data/ratis/c12c0a9c-0442-4b60-8263-2ad6b67f6a44 does not exist. Creating ...
2019-08-21 09:11:41,783 [pool-137-thread-1] INFO  storage.RaftStorageDirectory (RaftStorageDirectory.java:tryLock(328)) - Lock on /workdir/hadoop-ozone/integration-test/target/test-dir/MiniOzoneClusterImpl-8d39adcc-ca79-4cf5-8766-ebbdd557e88b/datanode-1/data/ratis/c12c0a9c-0442-4b60-8263-2ad6b67f6a44/in_use.lock acquired by nodename 25587@pr-hdds-1596-dcd4j-996445439
2019-08-21 09:11:41,798 [pool-137-thread-1] INFO  storage.RaftStorage (RaftStorage.java:format(72)) - Storage directory /workdir/hadoop-ozone/integration-test/target/test-dir/MiniOzoneClusterImpl-8d39adcc-ca79-4cf5-8766-ebbdd557e88b/datanode-1/data/ratis/c12c0a9c-0442-4b60-8263-2ad6b67f6a44 has been successfully formatted.
2019-08-21 09:11:41,799 [pool-137-thread-1] INFO  ratis.ContainerStateMachine (ContainerStateMachine.java:loadSnapshot(226)) - group-2AD6B67F6A44: The snapshot info is null. Setting the last applied indexto:(t:0, i:~)
2019-08-21 09:11:41,799 [pool-137-thread-1] INFO  server.RaftServerConfigKeys (ConfUtils.java:logGet(43)) - raft.server.leader.election.timeout = 120s (custom)
2019-08-21 09:11:41,799 [pool-137-thread-1] INFO  server.RaftServerConfigKeys (ConfUtils.java:logGet(43)) - raft.server.log.use.memory = false (default)
2019-08-21 09:11:41,799 [pool-137-thread-1] INFO  server.RaftServerConfigKeys (ConfUtils.java:logGet(43)) - raft.server.log.purge.gap = 1000000 (custom)
2019-08-21 09:11:41,799 [pool-137-thread-1] INFO  server.RaftServerConfigKeys (ConfUtils.java:logGet(43)) - raft.server.log.appender.buffer.byte-limit = 33554432 (custom)
2019-08-21 09:11:41,800 [pool-137-thread-1] INFO  server.RaftServerConfigKeys (ConfUtils.java:logGet(43)) - raft.server.log.segment.size.max = 1048576 (custom)
2019-08-21 09:11:41,800 [pool-137-thread-1] INFO  server.RaftServerConfigKeys (ConfUtils.java:logGet(43)) - raft.server.log.segment.cache.num.max = 2 (custom)
2019-08-21 09:11:41,800 [pool-137-thread-1] INFO  segmented.SegmentedRaftLogWorker (SegmentedRaftLogWorker.java:<init>(172)) - new a8271a13-8b98-4259-a956-3406fefc9571-SegmentedRaftLogWorker:Storage Directory /workdir/hadoop-ozone/integration-test/target/test-dir/MiniOzoneClusterImpl-8d39adcc-ca79-4cf5-8766-ebbdd557e88b/datanode-1/data/ratis/c12c0a9c-0442-4b60-8263-2ad6b67f6a44 for RaftStorage:Storage Directory /workdir/hadoop-ozone/integration-test/target/test-dir/MiniOzoneClusterImpl-8d39adcc-ca79-4cf5-8766-ebbdd557e88b/datanode-1/data/ratis/c12c0a9c-0442-4b60-8263-2ad6b67f6a44
2019-08-21 09:11:41,800 [pool-137-thread-1] INFO  server.RaftServerConfigKeys (ConfUtils.java:logGet(43)) - raft.server.log.queue.byte-limit = 2147483647 (custom)
2019-08-21 09:11:41,800 [pool-137-thread-1] INFO  server.RaftServerConfigKeys (ConfUtils.java:logGet(43)) - raft.server.log.queue.element-limit = 1024 (custom)
2019-08-21 09:11:41,801 [pool-137-thread-1] INFO  server.RaftServerConfigKeys (ConfUtils.java:logGet(43)) - raft.server.log.segment.size.max = 1048576 (custom)
2019-08-21 09:11:41,801 [pool-137-thread-1] INFO  server.RaftServerConfigKeys (ConfUtils.java:logGet(43)) - raft.server.log.preallocated.size = 16384 (custom)
2019-08-21 09:11:41,801 [pool-137-thread-1] INFO  server.RaftServerConfigKeys (ConfUtils.java:logGet(43)) - raft.server.log.write.buffer.size = 33554432 (custom)
2019-08-21 09:11:41,801 [pool-137-thread-1] INFO  server.RaftServerConfigKeys (ConfUtils.java:logGet(43)) - raft.server.log.force.sync.num = 128 (default)
2019-08-21 09:11:41,801 [pool-137-thread-1] INFO  server.RaftServerConfigKeys (ConfUtils.java:logGet(43)) - raft.server.log.statemachine.data.sync = true (default)
2019-08-21 09:11:41,801 [pool-137-thread-1] INFO  server.RaftServerConfigKeys (ConfUtils.java:logGet(43)) - raft.server.log.statemachine.data.sync.timeout = 10s (default)
2019-08-21 09:11:41,802 [pool-137-thread-1] INFO  server.RaftServerConfigKeys (ConfUtils.java:logGet(43)) - raft.server.log.statemachine.data.sync.timeout.retry = -1 (default)
2019-08-21 09:11:41,802 [pool-137-thread-1] INFO  server.RaftServerConfigKeys (ConfUtils.java:logGet(43)) - raft.server.log.statemachine.data.caching.enabled = true (custom)
2019-08-21 09:11:41,802 [pool-137-thread-1] INFO  segmented.SegmentedRaftLogWorker (SegmentedRaftLogWorker.java:lambda$new$0(132)) - a8271a13-8b98-4259-a956-3406fefc9571-SegmentedRaftLogWorker:Storage Directory /workdir/hadoop-ozone/integration-test/target/test-dir/MiniOzoneClusterImpl-8d39adcc-ca79-4cf5-8766-ebbdd557e88b/datanode-1/data/ratis/c12c0a9c-0442-4b60-8263-2ad6b67f6a44: flushIndex: setUnconditionally 0 -> -1
2019-08-21 09:11:41,803 [pool-137-thread-1] INFO  server.RaftServerConfigKeys (ConfUtils.java:logGet(43)) - raft.server.snapshot.auto.trigger.enabled = true (custom)
2019-08-21 09:11:41,803 [pool-137-thread-1] INFO  server.RaftServerConfigKeys (ConfUtils.java:logGet(43)) - raft.server.snapshot.auto.trigger.threshold = 10000 (custom)
2019-08-21 09:11:41,803 [pool-137-thread-1] INFO  server.RaftServerConfigKeys (ConfUtils.java:logGet(43)) - raft.server.retrycache.expirytime = 600000ms (custom)
2019-08-21 09:11:41,803 [pool-137-thread-1] INFO  impl.RaftServerImpl (RaftServerImpl.java:start(180)) - a8271a13-8b98-4259-a956-3406fefc9571: start group-2AD6B67F6A44
2019-08-21 09:11:41,804 [pool-137-thread-1] INFO  impl.RaftServerImpl (RaftServerImpl.java:setRole(171)) - a8271a13-8b98-4259-a956-3406fefc9571:group-2AD6B67F6A44 changes role from null to FOLLOWER at term 0 for startAsFollower
2019-08-21 09:11:41,804 [pool-137-thread-1] INFO  impl.RoleInfo (RoleInfo.java:updateAndGet(143)) - a8271a13-8b98-4259-a956-3406fefc9571: start FollowerState
2019-08-21 09:11:41,804 [pool-137-thread-1] INFO  util.JmxRegister (JmxRegister.java:tryRegister(44)) - Successfully registered JMX Bean with object name Ratis:service=RaftServer,group=group-2AD6B67F6A44,id=a8271a13-8b98-4259-a956-3406fefc9571
2019-08-21 09:11:41,807 [RatisPipelineUtilsThread] INFO  pipeline.PipelineStateManager (PipelineStateManager.java:addPipeline(56)) - Created pipeline Pipeline[ Id: c12c0a9c-0442-4b60-8263-2ad6b67f6a44, Nodes: a8271a13-8b98-4259-a956-3406fefc9571{ip: 192.168.34.50, host: pr-hdds-1596-dcd4j-996445439, networkLocation: /default-rack, certSerialId: null}, Type:RATIS, Factor:ONE, State:OPEN]
2019-08-21 09:11:42,040 [IPC Server handler 0 on 40430] INFO  net.NetworkTopology (NetworkTopologyImpl.java:add(110)) - Added a new node: /default-rack/4fc6c8fa-e96e-43c4-8369-e0ca8a7014d6
2019-08-21 09:11:42,040 [IPC Server handler 0 on 40430] INFO  node.SCMNodeManager (SCMNodeManager.java:register(273)) - Registered Data node : 4fc6c8fa-e96e-43c4-8369-e0ca8a7014d6{ip: 192.168.34.50, host: pr-hdds-1596-dcd4j-996445439, networkLocation: /default-rack, certSerialId: null}
2019-08-21 09:11:42,044 | INFO  | SCMAudit | user=jenkins1000 | ip=192.168.34.50 | op=REGISTER {datanodeDetails=4fc6c8fa-e96e-43c4-8369-e0ca8a7014d6{ip: 192.168.34.50, host: pr-hdds-1596-dcd4j-996445439, networkLocation: /default-rack, certSerialId: null}} | ret=SUCCESS |  
2019-08-21 09:11:42,054 [grpc-default-executor-3] INFO  impl.RaftServerProxy (RaftServerProxy.java:addNew(89)) - 4fc6c8fa-e96e-43c4-8369-e0ca8a7014d6: addNew group-6E6320E92075:[4fc6c8fa-e96e-43c4-8369-e0ca8a7014d6:192.168.34.50:38960] returns group-6E6320E92075:java.util.concurrent.CompletableFuture@58a8b53b[Not completed]
2019-08-21 09:11:42,060 [pool-148-thread-1] INFO  impl.RaftServerImpl (RaftServerImpl.java:<init>(93)) - 4fc6c8fa-e96e-43c4-8369-e0ca8a7014d6: new RaftServerImpl for group-6E6320E92075:[4fc6c8fa-e96e-43c4-8369-e0ca8a7014d6:192.168.34.50:38960] with ContainerStateMachine:uninitialized
2019-08-21 09:11:42,060 [pool-148-thread-1] INFO  server.RaftServerConfigKeys (ConfUtils.java:logGet(43)) - raft.server.rpc.timeout.min = 5s (custom)
2019-08-21 09:11:42,060 [pool-148-thread-1] INFO  server.RaftServerConfigKeys (ConfUtils.java:logGet(43)) - raft.server.rpc.timeout.max = 5200ms (custom)
2019-08-21 09:11:42,060 [pool-148-thread-1] INFO  server.RaftServerConfigKeys (ConfUtils.java:logGet(43)) - raft.server.rpcslowness.timeout = 120s (custom)
2019-08-21 09:11:42,060 [pool-148-thread-1] INFO  server.RaftServerConfigKeys (ConfUtils.java:logGet(43)) - raft.server.sleep.deviation.threshold = 300 (default)
2019-08-21 09:11:42,061 [pool-148-thread-1] INFO  server.RaftServerConfigKeys (ConfUtils.java:logGet(43)) - raft.server.log.appender.install.snapshot.enabled = false (custom)
2019-08-21 09:11:42,061 [pool-148-thread-1] INFO  impl.RaftServerImpl (ServerState.java:<init>(105)) - 4fc6c8fa-e96e-43c4-8369-e0ca8a7014d6:group-6E6320E92075 ConfigurationManager, init=-1: [4fc6c8fa-e96e-43c4-8369-e0ca8a7014d6:192.168.34.50:38960], old=null, confs=<EMPTY_MAP>
2019-08-21 09:11:42,061 [pool-148-thread-1] INFO  server.RaftServerConfigKeys (ConfUtils.java:logGet(43)) - raft.server.storage.dir = [/workdir/hadoop-ozone/integration-test/target/test-dir/MiniOzoneClusterImpl-8d39adcc-ca79-4cf5-8766-ebbdd557e88b/datanode-2/data/ratis] (custom)
2019-08-21 09:11:42,061 [pool-148-thread-1] INFO  storage.RaftStorageDirectory (RaftStorageDirectory.java:analyzeStorage(246)) - The storage directory /workdir/hadoop-ozone/integration-test/target/test-dir/MiniOzoneClusterImpl-8d39adcc-ca79-4cf5-8766-ebbdd557e88b/datanode-2/data/ratis/387b5fbf-477e-43e3-a5c5-6e6320e92075 does not exist. Creating ...
2019-08-21 09:11:42,073 [pool-148-thread-1] INFO  storage.RaftStorageDirectory (RaftStorageDirectory.java:tryLock(328)) - Lock on /workdir/hadoop-ozone/integration-test/target/test-dir/MiniOzoneClusterImpl-8d39adcc-ca79-4cf5-8766-ebbdd557e88b/datanode-2/data/ratis/387b5fbf-477e-43e3-a5c5-6e6320e92075/in_use.lock acquired by nodename 25587@pr-hdds-1596-dcd4j-996445439
2019-08-21 09:11:42,087 [pool-148-thread-1] INFO  storage.RaftStorage (RaftStorage.java:format(72)) - Storage directory /workdir/hadoop-ozone/integration-test/target/test-dir/MiniOzoneClusterImpl-8d39adcc-ca79-4cf5-8766-ebbdd557e88b/datanode-2/data/ratis/387b5fbf-477e-43e3-a5c5-6e6320e92075 has been successfully formatted.
2019-08-21 09:11:42,087 [pool-148-thread-1] INFO  ratis.ContainerStateMachine (ContainerStateMachine.java:loadSnapshot(226)) - group-6E6320E92075: The snapshot info is null. Setting the last applied indexto:(t:0, i:~)
2019-08-21 09:11:42,087 [pool-148-thread-1] INFO  server.RaftServerConfigKeys (ConfUtils.java:logGet(43)) - raft.server.leader.election.timeout = 120s (custom)
2019-08-21 09:11:42,087 [pool-148-thread-1] INFO  server.RaftServerConfigKeys (ConfUtils.java:logGet(43)) - raft.server.log.use.memory = false (default)
2019-08-21 09:11:42,087 [pool-148-thread-1] INFO  server.RaftServerConfigKeys (ConfUtils.java:logGet(43)) - raft.server.log.purge.gap = 1000000 (custom)
2019-08-21 09:11:42,087 [pool-148-thread-1] INFO  server.RaftServerConfigKeys (ConfUtils.java:logGet(43)) - raft.server.log.appender.buffer.byte-limit = 33554432 (custom)
2019-08-21 09:11:42,087 [pool-148-thread-1] INFO  server.RaftServerConfigKeys (ConfUtils.java:logGet(43)) - raft.server.log.segment.size.max = 1048576 (custom)
2019-08-21 09:11:42,088 [pool-148-thread-1] INFO  server.RaftServerConfigKeys (ConfUtils.java:logGet(43)) - raft.server.log.segment.cache.num.max = 2 (custom)
2019-08-21 09:11:42,088 [pool-148-thread-1] INFO  segmented.SegmentedRaftLogWorker (SegmentedRaftLogWorker.java:<init>(172)) - new 4fc6c8fa-e96e-43c4-8369-e0ca8a7014d6-SegmentedRaftLogWorker:Storage Directory /workdir/hadoop-ozone/integration-test/target/test-dir/MiniOzoneClusterImpl-8d39adcc-ca79-4cf5-8766-ebbdd557e88b/datanode-2/data/ratis/387b5fbf-477e-43e3-a5c5-6e6320e92075 for RaftStorage:Storage Directory /workdir/hadoop-ozone/integration-test/target/test-dir/MiniOzoneClusterImpl-8d39adcc-ca79-4cf5-8766-ebbdd557e88b/datanode-2/data/ratis/387b5fbf-477e-43e3-a5c5-6e6320e92075
2019-08-21 09:11:42,088 [pool-148-thread-1] INFO  server.RaftServerConfigKeys (ConfUtils.java:logGet(43)) - raft.server.log.queue.byte-limit = 2147483647 (custom)
2019-08-21 09:11:42,088 [pool-148-thread-1] INFO  server.RaftServerConfigKeys (ConfUtils.java:logGet(43)) - raft.server.log.queue.element-limit = 1024 (custom)
2019-08-21 09:11:42,088 [pool-148-thread-1] INFO  server.RaftServerConfigKeys (ConfUtils.java:logGet(43)) - raft.server.log.segment.size.max = 1048576 (custom)
2019-08-21 09:11:42,088 [pool-148-thread-1] INFO  server.RaftServerConfigKeys (ConfUtils.java:logGet(43)) - raft.server.log.preallocated.size = 16384 (custom)
2019-08-21 09:11:42,088 [pool-148-thread-1] INFO  server.RaftServerConfigKeys (ConfUtils.java:logGet(43)) - raft.server.log.write.buffer.size = 33554432 (custom)
2019-08-21 09:11:42,089 [pool-148-thread-1] INFO  server.RaftServerConfigKeys (ConfUtils.java:logGet(43)) - raft.server.log.force.sync.num = 128 (default)
2019-08-21 09:11:42,089 [pool-148-thread-1] INFO  server.RaftServerConfigKeys (ConfUtils.java:logGet(43)) - raft.server.log.statemachine.data.sync = true (default)
2019-08-21 09:11:42,089 [pool-148-thread-1] INFO  server.RaftServerConfigKeys (ConfUtils.java:logGet(43)) - raft.server.log.statemachine.data.sync.timeout = 10s (default)
2019-08-21 09:11:42,089 [pool-148-thread-1] INFO  server.RaftServerConfigKeys (ConfUtils.java:logGet(43)) - raft.server.log.statemachine.data.sync.timeout.retry = -1 (default)
2019-08-21 09:11:42,089 [pool-148-thread-1] INFO  server.RaftServerConfigKeys (ConfUtils.java:logGet(43)) - raft.server.log.statemachine.data.caching.enabled = true (custom)
2019-08-21 09:11:42,089 [pool-148-thread-1] INFO  segmented.SegmentedRaftLogWorker (SegmentedRaftLogWorker.java:lambda$new$0(132)) - 4fc6c8fa-e96e-43c4-8369-e0ca8a7014d6-SegmentedRaftLogWorker:Storage Directory /workdir/hadoop-ozone/integration-test/target/test-dir/MiniOzoneClusterImpl-8d39adcc-ca79-4cf5-8766-ebbdd557e88b/datanode-2/data/ratis/387b5fbf-477e-43e3-a5c5-6e6320e92075: flushIndex: setUnconditionally 0 -> -1
2019-08-21 09:11:42,090 [pool-148-thread-1] INFO  server.RaftServerConfigKeys (ConfUtils.java:logGet(43)) - raft.server.snapshot.auto.trigger.enabled = true (custom)
2019-08-21 09:11:42,090 [pool-148-thread-1] INFO  server.RaftServerConfigKeys (ConfUtils.java:logGet(43)) - raft.server.snapshot.auto.trigger.threshold = 10000 (custom)
2019-08-21 09:11:42,090 [pool-148-thread-1] INFO  server.RaftServerConfigKeys (ConfUtils.java:logGet(43)) - raft.server.retrycache.expirytime = 600000ms (custom)
2019-08-21 09:11:42,090 [pool-148-thread-1] INFO  impl.RaftServerImpl (RaftServerImpl.java:start(180)) - 4fc6c8fa-e96e-43c4-8369-e0ca8a7014d6: start group-6E6320E92075
2019-08-21 09:11:42,090 [pool-148-thread-1] INFO  impl.RaftServerImpl (RaftServerImpl.java:setRole(171)) - 4fc6c8fa-e96e-43c4-8369-e0ca8a7014d6:group-6E6320E92075 changes role from null to FOLLOWER at term 0 for startAsFollower
2019-08-21 09:11:42,090 [pool-148-thread-1] INFO  impl.RoleInfo (RoleInfo.java:updateAndGet(143)) - 4fc6c8fa-e96e-43c4-8369-e0ca8a7014d6: start FollowerState
2019-08-21 09:11:42,091 [pool-148-thread-1] INFO  util.JmxRegister (JmxRegister.java:tryRegister(44)) - Successfully registered JMX Bean with object name Ratis:service=RaftServer,group=group-6E6320E92075,id=4fc6c8fa-e96e-43c4-8369-e0ca8a7014d6
2019-08-21 09:11:42,094 [RatisPipelineUtilsThread] INFO  pipeline.PipelineStateManager (PipelineStateManager.java:addPipeline(56)) - Created pipeline Pipeline[ Id: 387b5fbf-477e-43e3-a5c5-6e6320e92075, Nodes: 4fc6c8fa-e96e-43c4-8369-e0ca8a7014d6{ip: 192.168.34.50, host: pr-hdds-1596-dcd4j-996445439, networkLocation: /default-rack, certSerialId: null}, Type:RATIS, Factor:ONE, State:OPEN]
2019-08-21 09:11:42,123 [grpc-default-executor-3] INFO  impl.RaftServerProxy (RaftServerProxy.java:addNew(89)) - b216f333-d584-463e-ac29-b520f4cc8032: addNew group-159FDE3C55F8:[4fc6c8fa-e96e-43c4-8369-e0ca8a7014d6:192.168.34.50:38960, b216f333-d584-463e-ac29-b520f4cc8032:192.168.34.50:33369, a8271a13-8b98-4259-a956-3406fefc9571:192.168.34.50:42205] returns group-159FDE3C55F8:java.util.concurrent.CompletableFuture@187ae686[Not completed]
2019-08-21 09:11:42,123 [grpc-default-executor-4] INFO  impl.RaftServerProxy (RaftServerProxy.java:addNew(89)) - a8271a13-8b98-4259-a956-3406fefc9571: addNew group-159FDE3C55F8:[4fc6c8fa-e96e-43c4-8369-e0ca8a7014d6:192.168.34.50:38960, b216f333-d584-463e-ac29-b520f4cc8032:192.168.34.50:33369, a8271a13-8b98-4259-a956-3406fefc9571:192.168.34.50:42205] returns group-159FDE3C55F8:java.util.concurrent.CompletableFuture@2ca4d498[Not completed]
2019-08-21 09:11:42,123 [grpc-default-executor-2] INFO  impl.RaftServerProxy (RaftServerProxy.java:addNew(89)) - 4fc6c8fa-e96e-43c4-8369-e0ca8a7014d6: addNew group-159FDE3C55F8:[4fc6c8fa-e96e-43c4-8369-e0ca8a7014d6:192.168.34.50:38960, b216f333-d584-463e-ac29-b520f4cc8032:192.168.34.50:33369, a8271a13-8b98-4259-a956-3406fefc9571:192.168.34.50:42205] returns group-159FDE3C55F8:java.util.concurrent.CompletableFuture@2ef84703[Not completed]
2019-08-21 09:11:42,124 [pool-137-thread-1] INFO  impl.RaftServerImpl (RaftServerImpl.java:<init>(93)) - a8271a13-8b98-4259-a956-3406fefc9571: new RaftServerImpl for group-159FDE3C55F8:[4fc6c8fa-e96e-43c4-8369-e0ca8a7014d6:192.168.34.50:38960, b216f333-d584-463e-ac29-b520f4cc8032:192.168.34.50:33369, a8271a13-8b98-4259-a956-3406fefc9571:192.168.34.50:42205] with ContainerStateMachine:uninitialized
2019-08-21 09:11:42,125 [pool-137-thread-1] INFO  server.RaftServerConfigKeys (ConfUtils.java:logGet(43)) - raft.server.rpc.timeout.min = 5s (custom)
2019-08-21 09:11:42,125 [pool-137-thread-1] INFO  server.RaftServerConfigKeys (ConfUtils.java:logGet(43)) - raft.server.rpc.timeout.max = 5200ms (custom)
2019-08-21 09:11:42,125 [pool-137-thread-1] INFO  server.RaftServerConfigKeys (ConfUtils.java:logGet(43)) - raft.server.rpcslowness.timeout = 120s (custom)
2019-08-21 09:11:42,125 [pool-137-thread-1] INFO  server.RaftServerConfigKeys (ConfUtils.java:logGet(43)) - raft.server.sleep.deviation.threshold = 300 (default)
2019-08-21 09:11:42,125 [pool-137-thread-1] INFO  server.RaftServerConfigKeys (ConfUtils.java:logGet(43)) - raft.server.log.appender.install.snapshot.enabled = false (custom)
2019-08-21 09:11:42,125 [pool-137-thread-1] INFO  impl.RaftServerImpl (ServerState.java:<init>(105)) - a8271a13-8b98-4259-a956-3406fefc9571:group-159FDE3C55F8 ConfigurationManager, init=-1: [4fc6c8fa-e96e-43c4-8369-e0ca8a7014d6:192.168.34.50:38960, b216f333-d584-463e-ac29-b520f4cc8032:192.168.34.50:33369, a8271a13-8b98-4259-a956-3406fefc9571:192.168.34.50:42205], old=null, confs=<EMPTY_MAP>
2019-08-21 09:11:42,125 [pool-137-thread-1] INFO  server.RaftServerConfigKeys (ConfUtils.java:logGet(43)) - raft.server.storage.dir = [/workdir/hadoop-ozone/integration-test/target/test-dir/MiniOzoneClusterImpl-8d39adcc-ca79-4cf5-8766-ebbdd557e88b/datanode-1/data/ratis] (custom)
2019-08-21 09:11:42,126 [pool-137-thread-1] INFO  storage.RaftStorageDirectory (RaftStorageDirectory.java:analyzeStorage(246)) - The storage directory /workdir/hadoop-ozone/integration-test/target/test-dir/MiniOzoneClusterImpl-8d39adcc-ca79-4cf5-8766-ebbdd557e88b/datanode-1/data/ratis/191e0a43-1f0e-453c-833c-159fde3c55f8 does not exist. Creating ...
2019-08-21 09:11:42,126 [pool-126-thread-1] INFO  impl.RaftServerImpl (RaftServerImpl.java:<init>(93)) - b216f333-d584-463e-ac29-b520f4cc8032: new RaftServerImpl for group-159FDE3C55F8:[4fc6c8fa-e96e-43c4-8369-e0ca8a7014d6:192.168.34.50:38960, b216f333-d584-463e-ac29-b520f4cc8032:192.168.34.50:33369, a8271a13-8b98-4259-a956-3406fefc9571:192.168.34.50:42205] with ContainerStateMachine:uninitialized
2019-08-21 09:11:42,126 [pool-126-thread-1] INFO  server.RaftServerConfigKeys (ConfUtils.java:logGet(43)) - raft.server.rpc.timeout.min = 5s (custom)
2019-08-21 09:11:42,126 [pool-148-thread-1] INFO  impl.RaftServerImpl (RaftServerImpl.java:<init>(93)) - 4fc6c8fa-e96e-43c4-8369-e0ca8a7014d6: new RaftServerImpl for group-159FDE3C55F8:[4fc6c8fa-e96e-43c4-8369-e0ca8a7014d6:192.168.34.50:38960, b216f333-d584-463e-ac29-b520f4cc8032:192.168.34.50:33369, a8271a13-8b98-4259-a956-3406fefc9571:192.168.34.50:42205] with ContainerStateMachine:uninitialized
2019-08-21 09:11:42,127 [pool-126-thread-1] INFO  server.RaftServerConfigKeys (ConfUtils.java:logGet(43)) - raft.server.rpc.timeout.max = 5200ms (custom)
2019-08-21 09:11:42,127 [main] INFO  ozone.MiniOzoneClusterImpl (MiniOzoneClusterImpl.java:lambda$waitForClusterToBeReady$0(142)) - Waiting for cluster to be ready. Got 3 of 7 DN Heartbeats.
2019-08-21 09:11:42,127 [pool-148-thread-1] INFO  server.RaftServerConfigKeys (ConfUtils.java:logGet(43)) - raft.server.rpc.timeout.min = 5s (custom)
2019-08-21 09:11:42,127 [pool-126-thread-1] INFO  server.RaftServerConfigKeys (ConfUtils.java:logGet(43)) - raft.server.rpcslowness.timeout = 120s (custom)
2019-08-21 09:11:42,127 [pool-148-thread-1] INFO  server.RaftServerConfigKeys (ConfUtils.java:logGet(43)) - raft.server.rpc.timeout.max = 5200ms (custom)
2019-08-21 09:11:42,128 [pool-126-thread-1] INFO  server.RaftServerConfigKeys (ConfUtils.java:logGet(43)) - raft.server.sleep.deviation.threshold = 300 (default)
2019-08-21 09:11:42,128 [pool-148-thread-1] INFO  server.RaftServerConfigKeys (ConfUtils.java:logGet(43)) - raft.server.rpcslowness.timeout = 120s (custom)
2019-08-21 09:11:42,128 [pool-126-thread-1] INFO  server.RaftServerConfigKeys (ConfUtils.java:logGet(43)) - raft.server.log.appender.install.snapshot.enabled = false (custom)
2019-08-21 09:11:42,128 [pool-148-thread-1] INFO  server.RaftServerConfigKeys (ConfUtils.java:logGet(43)) - raft.server.sleep.deviation.threshold = 300 (default)
2019-08-21 09:11:42,128 [pool-126-thread-1] INFO  impl.RaftServerImpl (ServerState.java:<init>(105)) - b216f333-d584-463e-ac29-b520f4cc8032:group-159FDE3C55F8 ConfigurationManager, init=-1: [4fc6c8fa-e96e-43c4-8369-e0ca8a7014d6:192.168.34.50:38960, b216f333-d584-463e-ac29-b520f4cc8032:192.168.34.50:33369, a8271a13-8b98-4259-a956-3406fefc9571:192.168.34.50:42205], old=null, confs=<EMPTY_MAP>
2019-08-21 09:11:42,128 [pool-148-thread-1] INFO  server.RaftServerConfigKeys (ConfUtils.java:logGet(43)) - raft.server.log.appender.install.snapshot.enabled = false (custom)
2019-08-21 09:11:42,128 [pool-126-thread-1] INFO  server.RaftServerConfigKeys (ConfUtils.java:logGet(43)) - raft.server.storage.dir = [/workdir/hadoop-ozone/integration-test/target/test-dir/MiniOzoneClusterImpl-8d39adcc-ca79-4cf5-8766-ebbdd557e88b/datanode-0/data/ratis] (custom)
2019-08-21 09:11:42,129 [pool-148-thread-1] INFO  impl.RaftServerImpl (ServerState.java:<init>(105)) - 4fc6c8fa-e96e-43c4-8369-e0ca8a7014d6:group-159FDE3C55F8 ConfigurationManager, init=-1: [4fc6c8fa-e96e-43c4-8369-e0ca8a7014d6:192.168.34.50:38960, b216f333-d584-463e-ac29-b520f4cc8032:192.168.34.50:33369, a8271a13-8b98-4259-a956-3406fefc9571:192.168.34.50:42205], old=null, confs=<EMPTY_MAP>
2019-08-21 09:11:42,129 [pool-148-thread-1] INFO  server.RaftServerConfigKeys (ConfUtils.java:logGet(43)) - raft.server.storage.dir = [/workdir/hadoop-ozone/integration-test/target/test-dir/MiniOzoneClusterImpl-8d39adcc-ca79-4cf5-8766-ebbdd557e88b/datanode-2/data/ratis] (custom)
2019-08-21 09:11:42,129 [pool-126-thread-1] INFO  storage.RaftStorageDirectory (RaftStorageDirectory.java:analyzeStorage(246)) - The storage directory /workdir/hadoop-ozone/integration-test/target/test-dir/MiniOzoneClusterImpl-8d39adcc-ca79-4cf5-8766-ebbdd557e88b/datanode-0/data/ratis/191e0a43-1f0e-453c-833c-159fde3c55f8 does not exist. Creating ...
2019-08-21 09:11:42,129 [pool-148-thread-1] INFO  storage.RaftStorageDirectory (RaftStorageDirectory.java:analyzeStorage(246)) - The storage directory /workdir/hadoop-ozone/integration-test/target/test-dir/MiniOzoneClusterImpl-8d39adcc-ca79-4cf5-8766-ebbdd557e88b/datanode-2/data/ratis/191e0a43-1f0e-453c-833c-159fde3c55f8 does not exist. Creating ...
2019-08-21 09:11:42,140 [pool-148-thread-1] INFO  storage.RaftStorageDirectory (RaftStorageDirectory.java:tryLock(328)) - Lock on /workdir/hadoop-ozone/integration-test/target/test-dir/MiniOzoneClusterImpl-8d39adcc-ca79-4cf5-8766-ebbdd557e88b/datanode-2/data/ratis/191e0a43-1f0e-453c-833c-159fde3c55f8/in_use.lock acquired by nodename 25587@pr-hdds-1596-dcd4j-996445439
2019-08-21 09:11:42,140 [pool-137-thread-1] INFO  storage.RaftStorageDirectory (RaftStorageDirectory.java:tryLock(328)) - Lock on /workdir/hadoop-ozone/integration-test/target/test-dir/MiniOzoneClusterImpl-8d39adcc-ca79-4cf5-8766-ebbdd557e88b/datanode-1/data/ratis/191e0a43-1f0e-453c-833c-159fde3c55f8/in_use.lock acquired by nodename 25587@pr-hdds-1596-dcd4j-996445439
2019-08-21 09:11:42,140 [pool-126-thread-1] INFO  storage.RaftStorageDirectory (RaftStorageDirectory.java:tryLock(328)) - Lock on /workdir/hadoop-ozone/integration-test/target/test-dir/MiniOzoneClusterImpl-8d39adcc-ca79-4cf5-8766-ebbdd557e88b/datanode-0/data/ratis/191e0a43-1f0e-453c-833c-159fde3c55f8/in_use.lock acquired by nodename 25587@pr-hdds-1596-dcd4j-996445439
2019-08-21 09:11:42,153 [pool-148-thread-1] INFO  storage.RaftStorage (RaftStorage.java:format(72)) - Storage directory /workdir/hadoop-ozone/integration-test/target/test-dir/MiniOzoneClusterImpl-8d39adcc-ca79-4cf5-8766-ebbdd557e88b/datanode-2/data/ratis/191e0a43-1f0e-453c-833c-159fde3c55f8 has been successfully formatted.
2019-08-21 09:11:42,153 [pool-137-thread-1] INFO  storage.RaftStorage (RaftStorage.java:format(72)) - Storage directory /workdir/hadoop-ozone/integration-test/target/test-dir/MiniOzoneClusterImpl-8d39adcc-ca79-4cf5-8766-ebbdd557e88b/datanode-1/data/ratis/191e0a43-1f0e-453c-833c-159fde3c55f8 has been successfully formatted.
2019-08-21 09:11:42,153 [pool-126-thread-1] INFO  storage.RaftStorage (RaftStorage.java:format(72)) - Storage directory /workdir/hadoop-ozone/integration-test/target/test-dir/MiniOzoneClusterImpl-8d39adcc-ca79-4cf5-8766-ebbdd557e88b/datanode-0/data/ratis/191e0a43-1f0e-453c-833c-159fde3c55f8 has been successfully formatted.
2019-08-21 09:11:42,154 [pool-148-thread-1] INFO  ratis.ContainerStateMachine (ContainerStateMachine.java:loadSnapshot(226)) - group-159FDE3C55F8: The snapshot info is null. Setting the last applied indexto:(t:0, i:~)
2019-08-21 09:11:42,154 [pool-126-thread-1] INFO  ratis.ContainerStateMachine (ContainerStateMachine.java:loadSnapshot(226)) - group-159FDE3C55F8: The snapshot info is null. Setting the last applied indexto:(t:0, i:~)
2019-08-21 09:11:42,154 [pool-137-thread-1] INFO  ratis.ContainerStateMachine (ContainerStateMachine.java:loadSnapshot(226)) - group-159FDE3C55F8: The snapshot info is null. Setting the last applied indexto:(t:0, i:~)
2019-08-21 09:11:42,154 [pool-126-thread-1] INFO  server.RaftServerConfigKeys (ConfUtils.java:logGet(43)) - raft.server.leader.election.timeout = 120s (custom)
2019-08-21 09:11:42,154 [pool-148-thread-1] INFO  server.RaftServerConfigKeys (ConfUtils.java:logGet(43)) - raft.server.leader.election.timeout = 120s (custom)
2019-08-21 09:11:42,154 [pool-126-thread-1] INFO  server.RaftServerConfigKeys (ConfUtils.java:logGet(43)) - raft.server.log.use.memory = false (default)
2019-08-21 09:11:42,154 [pool-137-thread-1] INFO  server.RaftServerConfigKeys (ConfUtils.java:logGet(43)) - raft.server.leader.election.timeout = 120s (custom)
2019-08-21 09:11:42,155 [pool-126-thread-1] INFO  server.RaftServerConfigKeys (ConfUtils.java:logGet(43)) - raft.server.log.purge.gap = 1000000 (custom)
2019-08-21 09:11:42,154 [pool-148-thread-1] INFO  server.RaftServerConfigKeys (ConfUtils.java:logGet(43)) - raft.server.log.use.memory = false (default)
2019-08-21 09:11:42,155 [pool-126-thread-1] INFO  server.RaftServerConfigKeys (ConfUtils.java:logGet(43)) - raft.server.log.appender.buffer.byte-limit = 33554432 (custom)
2019-08-21 09:11:42,155 [pool-137-thread-1] INFO  server.RaftServerConfigKeys (ConfUtils.java:logGet(43)) - raft.server.log.use.memory = false (default)
2019-08-21 09:11:42,155 [pool-126-thread-1] INFO  server.RaftServerConfigKeys (ConfUtils.java:logGet(43)) - raft.server.log.segment.size.max = 1048576 (custom)
2019-08-21 09:11:42,155 [pool-148-thread-1] INFO  server.RaftServerConfigKeys (ConfUtils.java:logGet(43)) - raft.server.log.purge.gap = 1000000 (custom)
2019-08-21 09:11:42,155 [pool-126-thread-1] INFO  server.RaftServerConfigKeys (ConfUtils.java:logGet(43)) - raft.server.log.segment.cache.num.max = 2 (custom)
2019-08-21 09:11:42,155 [pool-137-thread-1] INFO  server.RaftServerConfigKeys (ConfUtils.java:logGet(43)) - raft.server.log.purge.gap = 1000000 (custom)
2019-08-21 09:11:42,155 [pool-126-thread-1] INFO  segmented.SegmentedRaftLogWorker (SegmentedRaftLogWorker.java:<init>(172)) - new b216f333-d584-463e-ac29-b520f4cc8032-SegmentedRaftLogWorker:Storage Directory /workdir/hadoop-ozone/integration-test/target/test-dir/MiniOzoneClusterImpl-8d39adcc-ca79-4cf5-8766-ebbdd557e88b/datanode-0/data/ratis/191e0a43-1f0e-453c-833c-159fde3c55f8 for RaftStorage:Storage Directory /workdir/hadoop-ozone/integration-test/target/test-dir/MiniOzoneClusterImpl-8d39adcc-ca79-4cf5-8766-ebbdd557e88b/datanode-0/data/ratis/191e0a43-1f0e-453c-833c-159fde3c55f8
2019-08-21 09:11:42,155 [pool-148-thread-1] INFO  server.RaftServerConfigKeys (ConfUtils.java:logGet(43)) - raft.server.log.appender.buffer.byte-limit = 33554432 (custom)
2019-08-21 09:11:42,156 [pool-126-thread-1] INFO  server.RaftServerConfigKeys (ConfUtils.java:logGet(43)) - raft.server.log.queue.byte-limit = 2147483647 (custom)
2019-08-21 09:11:42,156 [pool-137-thread-1] INFO  server.RaftServerConfigKeys (ConfUtils.java:logGet(43)) - raft.server.log.appender.buffer.byte-limit = 33554432 (custom)
2019-08-21 09:11:42,156 [pool-126-thread-1] INFO  server.RaftServerConfigKeys (ConfUtils.java:logGet(43)) - raft.server.log.queue.element-limit = 1024 (custom)
2019-08-21 09:11:42,156 [pool-148-thread-1] INFO  server.RaftServerConfigKeys (ConfUtils.java:logGet(43)) - raft.server.log.segment.size.max = 1048576 (custom)
2019-08-21 09:11:42,156 [pool-126-thread-1] INFO  server.RaftServerConfigKeys (ConfUtils.java:logGet(43)) - raft.server.log.segment.size.max = 1048576 (custom)
2019-08-21 09:11:42,156 [pool-126-thread-1] INFO  server.RaftServerConfigKeys (ConfUtils.java:logGet(43)) - raft.server.log.preallocated.size = 16384 (custom)
2019-08-21 09:11:42,156 [pool-137-thread-1] INFO  server.RaftServerConfigKeys (ConfUtils.java:logGet(43)) - raft.server.log.segment.size.max = 1048576 (custom)
2019-08-21 09:11:42,156 [pool-126-thread-1] INFO  server.RaftServerConfigKeys (ConfUtils.java:logGet(43)) - raft.server.log.write.buffer.size = 33554432 (custom)
2019-08-21 09:11:42,156 [pool-148-thread-1] INFO  server.RaftServerConfigKeys (ConfUtils.java:logGet(43)) - raft.server.log.segment.cache.num.max = 2 (custom)
2019-08-21 09:11:42,157 [pool-126-thread-1] INFO  server.RaftServerConfigKeys (ConfUtils.java:logGet(43)) - raft.server.log.force.sync.num = 128 (default)
2019-08-21 09:11:42,157 [pool-137-thread-1] INFO  server.RaftServerConfigKeys (ConfUtils.java:logGet(43)) - raft.server.log.segment.cache.num.max = 2 (custom)
2019-08-21 09:11:42,157 [pool-126-thread-1] INFO  server.RaftServerConfigKeys (ConfUtils.java:logGet(43)) - raft.server.log.statemachine.data.sync = true (default)
2019-08-21 09:11:42,157 [pool-148-thread-1] INFO  segmented.SegmentedRaftLogWorker (SegmentedRaftLogWorker.java:<init>(172)) - new 4fc6c8fa-e96e-43c4-8369-e0ca8a7014d6-SegmentedRaftLogWorker:Storage Directory /workdir/hadoop-ozone/integration-test/target/test-dir/MiniOzoneClusterImpl-8d39adcc-ca79-4cf5-8766-ebbdd557e88b/datanode-2/data/ratis/191e0a43-1f0e-453c-833c-159fde3c55f8 for RaftStorage:Storage Directory /workdir/hadoop-ozone/integration-test/target/test-dir/MiniOzoneClusterImpl-8d39adcc-ca79-4cf5-8766-ebbdd557e88b/datanode-2/data/ratis/191e0a43-1f0e-453c-833c-159fde3c55f8
2019-08-21 09:11:42,157 [pool-126-thread-1] INFO  server.RaftServerConfigKeys (ConfUtils.java:logGet(43)) - raft.server.log.statemachine.data.sync.timeout = 10s (default)
2019-08-21 09:11:42,157 [pool-137-thread-1] INFO  segmented.SegmentedRaftLogWorker (SegmentedRaftLogWorker.java:<init>(172)) - new a8271a13-8b98-4259-a956-3406fefc9571-SegmentedRaftLogWorker:Storage Directory /workdir/hadoop-ozone/integration-test/target/test-dir/MiniOzoneClusterImpl-8d39adcc-ca79-4cf5-8766-ebbdd557e88b/datanode-1/data/ratis/191e0a43-1f0e-453c-833c-159fde3c55f8 for RaftStorage:Storage Directory /workdir/hadoop-ozone/integration-test/target/test-dir/MiniOzoneClusterImpl-8d39adcc-ca79-4cf5-8766-ebbdd557e88b/datanode-1/data/ratis/191e0a43-1f0e-453c-833c-159fde3c55f8
2019-08-21 09:11:42,157 [pool-126-thread-1] INFO  server.RaftServerConfigKeys (ConfUtils.java:logGet(43)) - raft.server.log.statemachine.data.sync.timeout.retry = -1 (default)
2019-08-21 09:11:42,157 [pool-148-thread-1] INFO  server.RaftServerConfigKeys (ConfUtils.java:logGet(43)) - raft.server.log.queue.byte-limit = 2147483647 (custom)
2019-08-21 09:11:42,158 [pool-126-thread-1] INFO  server.RaftServerConfigKeys (ConfUtils.java:logGet(43)) - raft.server.log.statemachine.data.caching.enabled = true (custom)
2019-08-21 09:11:42,158 [pool-137-thread-1] INFO  server.RaftServerConfigKeys (ConfUtils.java:logGet(43)) - raft.server.log.queue.byte-limit = 2147483647 (custom)
2019-08-21 09:11:42,158 [pool-148-thread-1] INFO  server.RaftServerConfigKeys (ConfUtils.java:logGet(43)) - raft.server.log.queue.element-limit = 1024 (custom)
2019-08-21 09:11:42,158 [pool-126-thread-1] INFO  segmented.SegmentedRaftLogWorker (SegmentedRaftLogWorker.java:lambda$new$0(132)) - b216f333-d584-463e-ac29-b520f4cc8032-SegmentedRaftLogWorker:Storage Directory /workdir/hadoop-ozone/integration-test/target/test-dir/MiniOzoneClusterImpl-8d39adcc-ca79-4cf5-8766-ebbdd557e88b/datanode-0/data/ratis/191e0a43-1f0e-453c-833c-159fde3c55f8: flushIndex: setUnconditionally 0 -> -1
2019-08-21 09:11:42,158 [pool-137-thread-1] INFO  server.RaftServerConfigKeys (ConfUtils.java:logGet(43)) - raft.server.log.queue.element-limit = 1024 (custom)
2019-08-21 09:11:42,158 [pool-148-thread-1] INFO  server.RaftServerConfigKeys (ConfUtils.java:logGet(43)) - raft.server.log.segment.size.max = 1048576 (custom)
2019-08-21 09:11:42,159 [pool-137-thread-1] INFO  server.RaftServerConfigKeys (ConfUtils.java:logGet(43)) - raft.server.log.segment.size.max = 1048576 (custom)
2019-08-21 09:11:42,158 [pool-126-thread-1] INFO  server.RaftServerConfigKeys (ConfUtils.java:logGet(43)) - raft.server.snapshot.auto.trigger.enabled = true (custom)
2019-08-21 09:11:42,159 [pool-137-thread-1] INFO  server.RaftServerConfigKeys (ConfUtils.java:logGet(43)) - raft.server.log.preallocated.size = 16384 (custom)
2019-08-21 09:11:42,159 [pool-148-thread-1] INFO  server.RaftServerConfigKeys (ConfUtils.java:logGet(43)) - raft.server.log.preallocated.size = 16384 (custom)
2019-08-21 09:11:42,159 [pool-137-thread-1] INFO  server.RaftServerConfigKeys (ConfUtils.java:logGet(43)) - raft.server.log.write.buffer.size = 33554432 (custom)
2019-08-21 09:11:42,159 [pool-126-thread-1] INFO  server.RaftServerConfigKeys (ConfUtils.java:logGet(43)) - raft.server.snapshot.auto.trigger.threshold = 10000 (custom)
2019-08-21 09:11:42,159 [pool-137-thread-1] INFO  server.RaftServerConfigKeys (ConfUtils.java:logGet(43)) - raft.server.log.force.sync.num = 128 (default)
2019-08-21 09:11:42,159 [pool-148-thread-1] INFO  server.RaftServerConfigKeys (ConfUtils.java:logGet(43)) - raft.server.log.write.buffer.size = 33554432 (custom)
2019-08-21 09:11:42,160 [pool-137-thread-1] INFO  server.RaftServerConfigKeys (ConfUtils.java:logGet(43)) - raft.server.log.statemachine.data.sync = true (default)
2019-08-21 09:11:42,159 [pool-126-thread-1] INFO  server.RaftServerConfigKeys (ConfUtils.java:logGet(43)) - raft.server.retrycache.expirytime = 600000ms (custom)
2019-08-21 09:11:42,160 [pool-137-thread-1] INFO  server.RaftServerConfigKeys (ConfUtils.java:logGet(43)) - raft.server.log.statemachine.data.sync.timeout = 10s (default)
2019-08-21 09:11:42,160 [pool-148-thread-1] INFO  server.RaftServerConfigKeys (ConfUtils.java:logGet(43)) - raft.server.log.force.sync.num = 128 (default)
2019-08-21 09:11:42,160 [pool-137-thread-1] INFO  server.RaftServerConfigKeys (ConfUtils.java:logGet(43)) - raft.server.log.statemachine.data.sync.timeout.retry = -1 (default)
2019-08-21 09:11:42,160 [pool-126-thread-1] INFO  impl.RaftServerImpl (RaftServerImpl.java:start(180)) - b216f333-d584-463e-ac29-b520f4cc8032: start group-159FDE3C55F8
2019-08-21 09:11:42,160 [pool-137-thread-1] INFO  server.RaftServerConfigKeys (ConfUtils.java:logGet(43)) - raft.server.log.statemachine.data.caching.enabled = true (custom)
2019-08-21 09:11:42,160 [pool-148-thread-1] INFO  server.RaftServerConfigKeys (ConfUtils.java:logGet(43)) - raft.server.log.statemachine.data.sync = true (default)
2019-08-21 09:11:42,160 [pool-126-thread-1] INFO  impl.RaftServerImpl (RaftServerImpl.java:setRole(171)) - b216f333-d584-463e-ac29-b520f4cc8032:group-159FDE3C55F8 changes role from null to FOLLOWER at term 0 for startAsFollower
2019-08-21 09:11:42,161 [pool-137-thread-1] INFO  segmented.SegmentedRaftLogWorker (SegmentedRaftLogWorker.java:lambda$new$0(132)) - a8271a13-8b98-4259-a956-3406fefc9571-SegmentedRaftLogWorker:Storage Directory /workdir/hadoop-ozone/integration-test/target/test-dir/MiniOzoneClusterImpl-8d39adcc-ca79-4cf5-8766-ebbdd557e88b/datanode-1/data/ratis/191e0a43-1f0e-453c-833c-159fde3c55f8: flushIndex: setUnconditionally 0 -> -1
2019-08-21 09:11:42,161 [pool-148-thread-1] INFO  server.RaftServerConfigKeys (ConfUtils.java:logGet(43)) - raft.server.log.statemachine.data.sync.timeout = 10s (default)
2019-08-21 09:11:42,161 [pool-126-thread-1] INFO  impl.RoleInfo (RoleInfo.java:updateAndGet(143)) - b216f333-d584-463e-ac29-b520f4cc8032: start FollowerState
2019-08-21 09:11:42,161 [pool-148-thread-1] INFO  server.RaftServerConfigKeys (ConfUtils.java:logGet(43)) - raft.server.log.statemachine.data.sync.timeout.retry = -1 (default)
2019-08-21 09:11:42,161 [pool-137-thread-1] INFO  server.RaftServerConfigKeys (ConfUtils.java:logGet(43)) - raft.server.snapshot.auto.trigger.enabled = true (custom)
2019-08-21 09:11:42,161 [pool-148-thread-1] INFO  server.RaftServerConfigKeys (ConfUtils.java:logGet(43)) - raft.server.log.statemachine.data.caching.enabled = true (custom)
2019-08-21 09:11:42,170 [pool-126-thread-1] INFO  util.JmxRegister (JmxRegister.java:tryRegister(44)) - Successfully registered JMX Bean with object name Ratis:service=RaftServer,group=group-159FDE3C55F8,id=b216f333-d584-463e-ac29-b520f4cc8032
2019-08-21 09:11:42,162 [pool-137-thread-1] INFO  server.RaftServerConfigKeys (ConfUtils.java:logGet(43)) - raft.server.snapshot.auto.trigger.threshold = 10000 (custom)
2019-08-21 09:11:42,170 [pool-148-thread-1] INFO  segmented.SegmentedRaftLogWorker (SegmentedRaftLogWorker.java:lambda$new$0(132)) - 4fc6c8fa-e96e-43c4-8369-e0ca8a7014d6-SegmentedRaftLogWorker:Storage Directory /workdir/hadoop-ozone/integration-test/target/test-dir/MiniOzoneClusterImpl-8d39adcc-ca79-4cf5-8766-ebbdd557e88b/datanode-2/data/ratis/191e0a43-1f0e-453c-833c-159fde3c55f8: flushIndex: setUnconditionally 0 -> -1
2019-08-21 09:11:42,171 [pool-137-thread-1] INFO  server.RaftServerConfigKeys (ConfUtils.java:logGet(43)) - raft.server.retrycache.expirytime = 600000ms (custom)
2019-08-21 09:11:42,177 [pool-137-thread-1] INFO  impl.RaftServerImpl (RaftServerImpl.java:start(180)) - a8271a13-8b98-4259-a956-3406fefc9571: start group-159FDE3C55F8
2019-08-21 09:11:42,177 [pool-148-thread-1] INFO  server.RaftServerConfigKeys (ConfUtils.java:logGet(43)) - raft.server.snapshot.auto.trigger.enabled = true (custom)
2019-08-21 09:11:42,177 [pool-137-thread-1] INFO  impl.RaftServerImpl (RaftServerImpl.java:setRole(171)) - a8271a13-8b98-4259-a956-3406fefc9571:group-159FDE3C55F8 changes role from null to FOLLOWER at term 0 for startAsFollower
2019-08-21 09:11:42,177 [pool-148-thread-1] INFO  server.RaftServerConfigKeys (ConfUtils.java:logGet(43)) - raft.server.snapshot.auto.trigger.threshold = 10000 (custom)
2019-08-21 09:11:42,178 [pool-137-thread-1] INFO  impl.RoleInfo (RoleInfo.java:updateAndGet(143)) - a8271a13-8b98-4259-a956-3406fefc9571: start FollowerState
2019-08-21 09:11:42,178 [pool-148-thread-1] INFO  server.RaftServerConfigKeys (ConfUtils.java:logGet(43)) - raft.server.retrycache.expirytime = 600000ms (custom)
2019-08-21 09:11:42,178 [pool-148-thread-1] INFO  impl.RaftServerImpl (RaftServerImpl.java:start(180)) - 4fc6c8fa-e96e-43c4-8369-e0ca8a7014d6: start group-159FDE3C55F8
2019-08-21 09:11:42,178 [pool-148-thread-1] INFO  impl.RaftServerImpl (RaftServerImpl.java:setRole(171)) - 4fc6c8fa-e96e-43c4-8369-e0ca8a7014d6:group-159FDE3C55F8 changes role from null to FOLLOWER at term 0 for startAsFollower
2019-08-21 09:11:42,178 [pool-137-thread-1] INFO  util.JmxRegister (JmxRegister.java:tryRegister(44)) - Successfully registered JMX Bean with object name Ratis:service=RaftServer,group=group-159FDE3C55F8,id=a8271a13-8b98-4259-a956-3406fefc9571
2019-08-21 09:11:42,178 [pool-148-thread-1] INFO  impl.RoleInfo (RoleInfo.java:updateAndGet(143)) - 4fc6c8fa-e96e-43c4-8369-e0ca8a7014d6: start FollowerState
2019-08-21 09:11:42,179 [pool-148-thread-1] INFO  util.JmxRegister (JmxRegister.java:tryRegister(44)) - Successfully registered JMX Bean with object name Ratis:service=RaftServer,group=group-159FDE3C55F8,id=4fc6c8fa-e96e-43c4-8369-e0ca8a7014d6
2019-08-21 09:11:42,182 [RatisPipelineUtilsThread] INFO  pipeline.PipelineStateManager (PipelineStateManager.java:addPipeline(56)) - Created pipeline Pipeline[ Id: 191e0a43-1f0e-453c-833c-159fde3c55f8, Nodes: 4fc6c8fa-e96e-43c4-8369-e0ca8a7014d6{ip: 192.168.34.50, host: pr-hdds-1596-dcd4j-996445439, networkLocation: /default-rack, certSerialId: null}b216f333-d584-463e-ac29-b520f4cc8032{ip: 192.168.34.50, host: pr-hdds-1596-dcd4j-996445439, networkLocation: /default-rack, certSerialId: null}a8271a13-8b98-4259-a956-3406fefc9571{ip: 192.168.34.50, host: pr-hdds-1596-dcd4j-996445439, networkLocation: /default-rack, certSerialId: null}, Type:RATIS, Factor:THREE, State:OPEN]
2019-08-21 09:11:42,278 [IPC Server handler 3 on 40430] INFO  net.NetworkTopology (NetworkTopologyImpl.java:add(110)) - Added a new node: /default-rack/328a75f0-8ecf-454d-ac4a-ee464a922ba9
2019-08-21 09:11:42,279 [IPC Server handler 3 on 40430] INFO  node.SCMNodeManager (SCMNodeManager.java:register(273)) - Registered Data node : 328a75f0-8ecf-454d-ac4a-ee464a922ba9{ip: 192.168.34.50, host: pr-hdds-1596-dcd4j-996445439, networkLocation: /default-rack, certSerialId: null}
2019-08-21 09:11:42,279 | INFO  | SCMAudit | user=jenkins1000 | ip=192.168.34.50 | op=REGISTER {datanodeDetails=328a75f0-8ecf-454d-ac4a-ee464a922ba9{ip: 192.168.34.50, host: pr-hdds-1596-dcd4j-996445439, networkLocation: /default-rack, certSerialId: null}} | ret=SUCCESS |  
2019-08-21 09:11:42,288 [grpc-default-executor-2] INFO  impl.RaftServerProxy (RaftServerProxy.java:addNew(89)) - 328a75f0-8ecf-454d-ac4a-ee464a922ba9: addNew group-69A391C67218:[328a75f0-8ecf-454d-ac4a-ee464a922ba9:192.168.34.50:42900] returns group-69A391C67218:java.util.concurrent.CompletableFuture@2ab416aa[Not completed]
2019-08-21 09:11:42,295 [pool-159-thread-1] INFO  impl.RaftServerImpl (RaftServerImpl.java:<init>(93)) - 328a75f0-8ecf-454d-ac4a-ee464a922ba9: new RaftServerImpl for group-69A391C67218:[328a75f0-8ecf-454d-ac4a-ee464a922ba9:192.168.34.50:42900] with ContainerStateMachine:uninitialized
2019-08-21 09:11:42,295 [pool-159-thread-1] INFO  server.RaftServerConfigKeys (ConfUtils.java:logGet(43)) - raft.server.rpc.timeout.min = 5s (custom)
2019-08-21 09:11:42,295 [pool-159-thread-1] INFO  server.RaftServerConfigKeys (ConfUtils.java:logGet(43)) - raft.server.rpc.timeout.max = 5200ms (custom)
2019-08-21 09:11:42,296 [pool-159-thread-1] INFO  server.RaftServerConfigKeys (ConfUtils.java:logGet(43)) - raft.server.rpcslowness.timeout = 120s (custom)
2019-08-21 09:11:42,296 [pool-159-thread-1] INFO  server.RaftServerConfigKeys (ConfUtils.java:logGet(43)) - raft.server.sleep.deviation.threshold = 300 (default)
2019-08-21 09:11:42,296 [pool-159-thread-1] INFO  server.RaftServerConfigKeys (ConfUtils.java:logGet(43)) - raft.server.log.appender.install.snapshot.enabled = false (custom)
2019-08-21 09:11:42,296 [pool-159-thread-1] INFO  impl.RaftServerImpl (ServerState.java:<init>(105)) - 328a75f0-8ecf-454d-ac4a-ee464a922ba9:group-69A391C67218 ConfigurationManager, init=-1: [328a75f0-8ecf-454d-ac4a-ee464a922ba9:192.168.34.50:42900], old=null, confs=<EMPTY_MAP>
2019-08-21 09:11:42,297 [pool-159-thread-1] INFO  server.RaftServerConfigKeys (ConfUtils.java:logGet(43)) - raft.server.storage.dir = [/workdir/hadoop-ozone/integration-test/target/test-dir/MiniOzoneClusterImpl-8d39adcc-ca79-4cf5-8766-ebbdd557e88b/datanode-3/data/ratis] (custom)
2019-08-21 09:11:42,297 [pool-159-thread-1] INFO  storage.RaftStorageDirectory (RaftStorageDirectory.java:analyzeStorage(246)) - The storage directory /workdir/hadoop-ozone/integration-test/target/test-dir/MiniOzoneClusterImpl-8d39adcc-ca79-4cf5-8766-ebbdd557e88b/datanode-3/data/ratis/ee1e8ba9-ed7a-402d-a003-69a391c67218 does not exist. Creating ...
2019-08-21 09:11:42,310 [pool-159-thread-1] INFO  storage.RaftStorageDirectory (RaftStorageDirectory.java:tryLock(328)) - Lock on /workdir/hadoop-ozone/integration-test/target/test-dir/MiniOzoneClusterImpl-8d39adcc-ca79-4cf5-8766-ebbdd557e88b/datanode-3/data/ratis/ee1e8ba9-ed7a-402d-a003-69a391c67218/in_use.lock acquired by nodename 25587@pr-hdds-1596-dcd4j-996445439
2019-08-21 09:11:42,330 [pool-159-thread-1] INFO  storage.RaftStorage (RaftStorage.java:format(72)) - Storage directory /workdir/hadoop-ozone/integration-test/target/test-dir/MiniOzoneClusterImpl-8d39adcc-ca79-4cf5-8766-ebbdd557e88b/datanode-3/data/ratis/ee1e8ba9-ed7a-402d-a003-69a391c67218 has been successfully formatted.
2019-08-21 09:11:42,330 [pool-159-thread-1] INFO  ratis.ContainerStateMachine (ContainerStateMachine.java:loadSnapshot(226)) - group-69A391C67218: The snapshot info is null. Setting the last applied indexto:(t:0, i:~)
2019-08-21 09:11:42,331 [pool-159-thread-1] INFO  server.RaftServerConfigKeys (ConfUtils.java:logGet(43)) - raft.server.leader.election.timeout = 120s (custom)
2019-08-21 09:11:42,331 [pool-159-thread-1] INFO  server.RaftServerConfigKeys (ConfUtils.java:logGet(43)) - raft.server.log.use.memory = false (default)
2019-08-21 09:11:42,331 [pool-159-thread-1] INFO  server.RaftServerConfigKeys (ConfUtils.java:logGet(43)) - raft.server.log.purge.gap = 1000000 (custom)
2019-08-21 09:11:42,331 [pool-159-thread-1] INFO  server.RaftServerConfigKeys (ConfUtils.java:logGet(43)) - raft.server.log.appender.buffer.byte-limit = 33554432 (custom)
2019-08-21 09:11:42,331 [pool-159-thread-1] INFO  server.RaftServerConfigKeys (ConfUtils.java:logGet(43)) - raft.server.log.segment.size.max = 1048576 (custom)
2019-08-21 09:11:42,332 [pool-159-thread-1] INFO  server.RaftServerConfigKeys (ConfUtils.java:logGet(43)) - raft.server.log.segment.cache.num.max = 2 (custom)
2019-08-21 09:11:42,332 [pool-159-thread-1] INFO  segmented.SegmentedRaftLogWorker (SegmentedRaftLogWorker.java:<init>(172)) - new 328a75f0-8ecf-454d-ac4a-ee464a922ba9-SegmentedRaftLogWorker:Storage Directory /workdir/hadoop-ozone/integration-test/target/test-dir/MiniOzoneClusterImpl-8d39adcc-ca79-4cf5-8766-ebbdd557e88b/datanode-3/data/ratis/ee1e8ba9-ed7a-402d-a003-69a391c67218 for RaftStorage:Storage Directory /workdir/hadoop-ozone/integration-test/target/test-dir/MiniOzoneClusterImpl-8d39adcc-ca79-4cf5-8766-ebbdd557e88b/datanode-3/data/ratis/ee1e8ba9-ed7a-402d-a003-69a391c67218
2019-08-21 09:11:42,332 [pool-159-thread-1] INFO  server.RaftServerConfigKeys (ConfUtils.java:logGet(43)) - raft.server.log.queue.byte-limit = 2147483647 (custom)
2019-08-21 09:11:42,332 [pool-159-thread-1] INFO  server.RaftServerConfigKeys (ConfUtils.java:logGet(43)) - raft.server.log.queue.element-limit = 1024 (custom)
2019-08-21 09:11:42,333 [pool-159-thread-1] INFO  server.RaftServerConfigKeys (ConfUtils.java:logGet(43)) - raft.server.log.segment.size.max = 1048576 (custom)
2019-08-21 09:11:42,333 [pool-159-thread-1] INFO  server.RaftServerConfigKeys (ConfUtils.java:logGet(43)) - raft.server.log.preallocated.size = 16384 (custom)
2019-08-21 09:11:42,333 [pool-159-thread-1] INFO  server.RaftServerConfigKeys (ConfUtils.java:logGet(43)) - raft.server.log.write.buffer.size = 33554432 (custom)
2019-08-21 09:11:42,333 [pool-159-thread-1] INFO  server.RaftServerConfigKeys (ConfUtils.java:logGet(43)) - raft.server.log.force.sync.num = 128 (default)
2019-08-21 09:11:42,334 [pool-159-thread-1] INFO  server.RaftServerConfigKeys (ConfUtils.java:logGet(43)) - raft.server.log.statemachine.data.sync = true (default)
2019-08-21 09:11:42,334 [pool-159-thread-1] INFO  server.RaftServerConfigKeys (ConfUtils.java:logGet(43)) - raft.server.log.statemachine.data.sync.timeout = 10s (default)
2019-08-21 09:11:42,334 [pool-159-thread-1] INFO  server.RaftServerConfigKeys (ConfUtils.java:logGet(43)) - raft.server.log.statemachine.data.sync.timeout.retry = -1 (default)
2019-08-21 09:11:42,334 [pool-159-thread-1] INFO  server.RaftServerConfigKeys (ConfUtils.java:logGet(43)) - raft.server.log.statemachine.data.caching.enabled = true (custom)
2019-08-21 09:11:42,335 [pool-159-thread-1] INFO  segmented.SegmentedRaftLogWorker (SegmentedRaftLogWorker.java:lambda$new$0(132)) - 328a75f0-8ecf-454d-ac4a-ee464a922ba9-SegmentedRaftLogWorker:Storage Directory /workdir/hadoop-ozone/integration-test/target/test-dir/MiniOzoneClusterImpl-8d39adcc-ca79-4cf5-8766-ebbdd557e88b/datanode-3/data/ratis/ee1e8ba9-ed7a-402d-a003-69a391c67218: flushIndex: setUnconditionally 0 -> -1
2019-08-21 09:11:42,335 [pool-159-thread-1] INFO  server.RaftServerConfigKeys (ConfUtils.java:logGet(43)) - raft.server.snapshot.auto.trigger.enabled = true (custom)
2019-08-21 09:11:42,335 [pool-159-thread-1] INFO  server.RaftServerConfigKeys (ConfUtils.java:logGet(43)) - raft.server.snapshot.auto.trigger.threshold = 10000 (custom)
2019-08-21 09:11:42,336 [pool-159-thread-1] INFO  server.RaftServerConfigKeys (ConfUtils.java:logGet(43)) - raft.server.retrycache.expirytime = 600000ms (custom)
2019-08-21 09:11:42,336 [pool-159-thread-1] INFO  impl.RaftServerImpl (RaftServerImpl.java:start(180)) - 328a75f0-8ecf-454d-ac4a-ee464a922ba9: start group-69A391C67218
2019-08-21 09:11:42,336 [pool-159-thread-1] INFO  impl.RaftServerImpl (RaftServerImpl.java:setRole(171)) - 328a75f0-8ecf-454d-ac4a-ee464a922ba9:group-69A391C67218 changes role from null to FOLLOWER at term 0 for startAsFollower
2019-08-21 09:11:42,336 [pool-159-thread-1] INFO  impl.RoleInfo (RoleInfo.java:updateAndGet(143)) - 328a75f0-8ecf-454d-ac4a-ee464a922ba9: start FollowerState
2019-08-21 09:11:42,337 [pool-159-thread-1] INFO  util.JmxRegister (JmxRegister.java:tryRegister(44)) - Successfully registered JMX Bean with object name Ratis:service=RaftServer,group=group-69A391C67218,id=328a75f0-8ecf-454d-ac4a-ee464a922ba9
2019-08-21 09:11:42,340 [RatisPipelineUtilsThread] INFO  pipeline.PipelineStateManager (PipelineStateManager.java:addPipeline(56)) - Created pipeline Pipeline[ Id: ee1e8ba9-ed7a-402d-a003-69a391c67218, Nodes: 328a75f0-8ecf-454d-ac4a-ee464a922ba9{ip: 192.168.34.50, host: pr-hdds-1596-dcd4j-996445439, networkLocation: /default-rack, certSerialId: null}, Type:RATIS, Factor:ONE, State:OPEN]
2019-08-21 09:11:42,681 [IPC Server handler 4 on 40430] INFO  net.NetworkTopology (NetworkTopologyImpl.java:add(110)) - Added a new node: /default-rack/d93e8726-51c7-48e5-91db-a9280c3a0547
2019-08-21 09:11:42,681 [IPC Server handler 4 on 40430] INFO  node.SCMNodeManager (SCMNodeManager.java:register(273)) - Registered Data node : d93e8726-51c7-48e5-91db-a9280c3a0547{ip: 192.168.34.50, host: pr-hdds-1596-dcd4j-996445439, networkLocation: /default-rack, certSerialId: null}
2019-08-21 09:11:42,682 | INFO  | SCMAudit | user=jenkins1000 | ip=192.168.34.50 | op=REGISTER {datanodeDetails=d93e8726-51c7-48e5-91db-a9280c3a0547{ip: 192.168.34.50, host: pr-hdds-1596-dcd4j-996445439, networkLocation: /default-rack, certSerialId: null}} | ret=SUCCESS |  
2019-08-21 09:11:42,690 [grpc-default-executor-2] INFO  impl.RaftServerProxy (RaftServerProxy.java:addNew(89)) - d93e8726-51c7-48e5-91db-a9280c3a0547: addNew group-2DB290805B48:[d93e8726-51c7-48e5-91db-a9280c3a0547:192.168.34.50:44816] returns group-2DB290805B48:java.util.concurrent.CompletableFuture@2948422f[Not completed]
2019-08-21 09:11:42,695 [pool-170-thread-1] INFO  impl.RaftServerImpl (RaftServerImpl.java:<init>(93)) - d93e8726-51c7-48e5-91db-a9280c3a0547: new RaftServerImpl for group-2DB290805B48:[d93e8726-51c7-48e5-91db-a9280c3a0547:192.168.34.50:44816] with ContainerStateMachine:uninitialized
2019-08-21 09:11:42,695 [pool-170-thread-1] INFO  server.RaftServerConfigKeys (ConfUtils.java:logGet(43)) - raft.server.rpc.timeout.min = 5s (custom)
2019-08-21 09:11:42,696 [pool-170-thread-1] INFO  server.RaftServerConfigKeys (ConfUtils.java:logGet(43)) - raft.server.rpc.timeout.max = 5200ms (custom)
2019-08-21 09:11:42,696 [pool-170-thread-1] INFO  server.RaftServerConfigKeys (ConfUtils.java:logGet(43)) - raft.server.rpcslowness.timeout = 120s (custom)
2019-08-21 09:11:42,696 [pool-170-thread-1] INFO  server.RaftServerConfigKeys (ConfUtils.java:logGet(43)) - raft.server.sleep.deviation.threshold = 300 (default)
2019-08-21 09:11:42,696 [pool-170-thread-1] INFO  server.RaftServerConfigKeys (ConfUtils.java:logGet(43)) - raft.server.log.appender.install.snapshot.enabled = false (custom)
2019-08-21 09:11:42,696 [pool-170-thread-1] INFO  impl.RaftServerImpl (ServerState.java:<init>(105)) - d93e8726-51c7-48e5-91db-a9280c3a0547:group-2DB290805B48 ConfigurationManager, init=-1: [d93e8726-51c7-48e5-91db-a9280c3a0547:192.168.34.50:44816], old=null, confs=<EMPTY_MAP>
2019-08-21 09:11:42,696 [pool-170-thread-1] INFO  server.RaftServerConfigKeys (ConfUtils.java:logGet(43)) - raft.server.storage.dir = [/workdir/hadoop-ozone/integration-test/target/test-dir/MiniOzoneClusterImpl-8d39adcc-ca79-4cf5-8766-ebbdd557e88b/datanode-4/data/ratis] (custom)
2019-08-21 09:11:42,697 [pool-170-thread-1] INFO  storage.RaftStorageDirectory (RaftStorageDirectory.java:analyzeStorage(246)) - The storage directory /workdir/hadoop-ozone/integration-test/target/test-dir/MiniOzoneClusterImpl-8d39adcc-ca79-4cf5-8766-ebbdd557e88b/datanode-4/data/ratis/18441a13-a4f2-48ce-9211-2db290805b48 does not exist. Creating ...
2019-08-21 09:11:42,711 [pool-170-thread-1] INFO  storage.RaftStorageDirectory (RaftStorageDirectory.java:tryLock(328)) - Lock on /workdir/hadoop-ozone/integration-test/target/test-dir/MiniOzoneClusterImpl-8d39adcc-ca79-4cf5-8766-ebbdd557e88b/datanode-4/data/ratis/18441a13-a4f2-48ce-9211-2db290805b48/in_use.lock acquired by nodename 25587@pr-hdds-1596-dcd4j-996445439
2019-08-21 09:11:42,725 [pool-170-thread-1] INFO  storage.RaftStorage (RaftStorage.java:format(72)) - Storage directory /workdir/hadoop-ozone/integration-test/target/test-dir/MiniOzoneClusterImpl-8d39adcc-ca79-4cf5-8766-ebbdd557e88b/datanode-4/data/ratis/18441a13-a4f2-48ce-9211-2db290805b48 has been successfully formatted.
2019-08-21 09:11:42,725 [pool-170-thread-1] INFO  ratis.ContainerStateMachine (ContainerStateMachine.java:loadSnapshot(226)) - group-2DB290805B48: The snapshot info is null. Setting the last applied indexto:(t:0, i:~)
2019-08-21 09:11:42,725 [pool-170-thread-1] INFO  server.RaftServerConfigKeys (ConfUtils.java:logGet(43)) - raft.server.leader.election.timeout = 120s (custom)
2019-08-21 09:11:42,725 [pool-170-thread-1] INFO  server.RaftServerConfigKeys (ConfUtils.java:logGet(43)) - raft.server.log.use.memory = false (default)
2019-08-21 09:11:42,725 [pool-170-thread-1] INFO  server.RaftServerConfigKeys (ConfUtils.java:logGet(43)) - raft.server.log.purge.gap = 1000000 (custom)
2019-08-21 09:11:42,726 [pool-170-thread-1] INFO  server.RaftServerConfigKeys (ConfUtils.java:logGet(43)) - raft.server.log.appender.buffer.byte-limit = 33554432 (custom)
2019-08-21 09:11:42,726 [pool-170-thread-1] INFO  server.RaftServerConfigKeys (ConfUtils.java:logGet(43)) - raft.server.log.segment.size.max = 1048576 (custom)
2019-08-21 09:11:42,726 [pool-170-thread-1] INFO  server.RaftServerConfigKeys (ConfUtils.java:logGet(43)) - raft.server.log.segment.cache.num.max = 2 (custom)
2019-08-21 09:11:42,726 [pool-170-thread-1] INFO  segmented.SegmentedRaftLogWorker (SegmentedRaftLogWorker.java:<init>(172)) - new d93e8726-51c7-48e5-91db-a9280c3a0547-SegmentedRaftLogWorker:Storage Directory /workdir/hadoop-ozone/integration-test/target/test-dir/MiniOzoneClusterImpl-8d39adcc-ca79-4cf5-8766-ebbdd557e88b/datanode-4/data/ratis/18441a13-a4f2-48ce-9211-2db290805b48 for RaftStorage:Storage Directory /workdir/hadoop-ozone/integration-test/target/test-dir/MiniOzoneClusterImpl-8d39adcc-ca79-4cf5-8766-ebbdd557e88b/datanode-4/data/ratis/18441a13-a4f2-48ce-9211-2db290805b48
2019-08-21 09:11:42,726 [pool-170-thread-1] INFO  server.RaftServerConfigKeys (ConfUtils.java:logGet(43)) - raft.server.log.queue.byte-limit = 2147483647 (custom)
2019-08-21 09:11:42,726 [pool-170-thread-1] INFO  server.RaftServerConfigKeys (ConfUtils.java:logGet(43)) - raft.server.log.queue.element-limit = 1024 (custom)
2019-08-21 09:11:42,727 [pool-170-thread-1] INFO  server.RaftServerConfigKeys (ConfUtils.java:logGet(43)) - raft.server.log.segment.size.max = 1048576 (custom)
2019-08-21 09:11:42,727 [pool-170-thread-1] INFO  server.RaftServerConfigKeys (ConfUtils.java:logGet(43)) - raft.server.log.preallocated.size = 16384 (custom)
2019-08-21 09:11:42,727 [pool-170-thread-1] INFO  server.RaftServerConfigKeys (ConfUtils.java:logGet(43)) - raft.server.log.write.buffer.size = 33554432 (custom)
2019-08-21 09:11:42,727 [pool-170-thread-1] INFO  server.RaftServerConfigKeys (ConfUtils.java:logGet(43)) - raft.server.log.force.sync.num = 128 (default)
2019-08-21 09:11:42,727 [pool-170-thread-1] INFO  server.RaftServerConfigKeys (ConfUtils.java:logGet(43)) - raft.server.log.statemachine.data.sync = true (default)
2019-08-21 09:11:42,728 [pool-170-thread-1] INFO  server.RaftServerConfigKeys (ConfUtils.java:logGet(43)) - raft.server.log.statemachine.data.sync.timeout = 10s (default)
2019-08-21 09:11:42,728 [pool-170-thread-1] INFO  server.RaftServerConfigKeys (ConfUtils.java:logGet(43)) - raft.server.log.statemachine.data.sync.timeout.retry = -1 (default)
2019-08-21 09:11:42,728 [pool-170-thread-1] INFO  server.RaftServerConfigKeys (ConfUtils.java:logGet(43)) - raft.server.log.statemachine.data.caching.enabled = true (custom)
2019-08-21 09:11:42,728 [pool-170-thread-1] INFO  segmented.SegmentedRaftLogWorker (SegmentedRaftLogWorker.java:lambda$new$0(132)) - d93e8726-51c7-48e5-91db-a9280c3a0547-SegmentedRaftLogWorker:Storage Directory /workdir/hadoop-ozone/integration-test/target/test-dir/MiniOzoneClusterImpl-8d39adcc-ca79-4cf5-8766-ebbdd557e88b/datanode-4/data/ratis/18441a13-a4f2-48ce-9211-2db290805b48: flushIndex: setUnconditionally 0 -> -1
2019-08-21 09:11:42,729 [pool-170-thread-1] INFO  server.RaftServerConfigKeys (ConfUtils.java:logGet(43)) - raft.server.snapshot.auto.trigger.enabled = true (custom)
2019-08-21 09:11:42,729 [pool-170-thread-1] INFO  server.RaftServerConfigKeys (ConfUtils.java:logGet(43)) - raft.server.snapshot.auto.trigger.threshold = 10000 (custom)
2019-08-21 09:11:42,729 [pool-170-thread-1] INFO  server.RaftServerConfigKeys (ConfUtils.java:logGet(43)) - raft.server.retrycache.expirytime = 600000ms (custom)
2019-08-21 09:11:42,729 [pool-170-thread-1] INFO  impl.RaftServerImpl (RaftServerImpl.java:start(180)) - d93e8726-51c7-48e5-91db-a9280c3a0547: start group-2DB290805B48
2019-08-21 09:11:42,730 [pool-170-thread-1] INFO  impl.RaftServerImpl (RaftServerImpl.java:setRole(171)) - d93e8726-51c7-48e5-91db-a9280c3a0547:group-2DB290805B48 changes role from null to FOLLOWER at term 0 for startAsFollower
2019-08-21 09:11:42,730 [pool-170-thread-1] INFO  impl.RoleInfo (RoleInfo.java:updateAndGet(143)) - d93e8726-51c7-48e5-91db-a9280c3a0547: start FollowerState
2019-08-21 09:11:42,730 [pool-170-thread-1] INFO  util.JmxRegister (JmxRegister.java:tryRegister(44)) - Successfully registered JMX Bean with object name Ratis:service=RaftServer,group=group-2DB290805B48,id=d93e8726-51c7-48e5-91db-a9280c3a0547
2019-08-21 09:11:42,733 [RatisPipelineUtilsThread] INFO  pipeline.PipelineStateManager (PipelineStateManager.java:addPipeline(56)) - Created pipeline Pipeline[ Id: 18441a13-a4f2-48ce-9211-2db290805b48, Nodes: d93e8726-51c7-48e5-91db-a9280c3a0547{ip: 192.168.34.50, host: pr-hdds-1596-dcd4j-996445439, networkLocation: /default-rack, certSerialId: null}, Type:RATIS, Factor:ONE, State:OPEN]
2019-08-21 09:11:42,879 [IPC Server handler 2 on 40430] INFO  net.NetworkTopology (NetworkTopologyImpl.java:add(110)) - Added a new node: /default-rack/5ea20691-5ab9-4695-ab1d-7e722de7481e
2019-08-21 09:11:42,880 [IPC Server handler 2 on 40430] INFO  node.SCMNodeManager (SCMNodeManager.java:register(273)) - Registered Data node : 5ea20691-5ab9-4695-ab1d-7e722de7481e{ip: 192.168.34.50, host: pr-hdds-1596-dcd4j-996445439, networkLocation: /default-rack, certSerialId: null}
2019-08-21 09:11:42,883 | INFO  | SCMAudit | user=jenkins1000 | ip=192.168.34.50 | op=REGISTER {datanodeDetails=5ea20691-5ab9-4695-ab1d-7e722de7481e{ip: 192.168.34.50, host: pr-hdds-1596-dcd4j-996445439, networkLocation: /default-rack, certSerialId: null}} | ret=SUCCESS |  
2019-08-21 09:11:42,892 [grpc-default-executor-2] INFO  impl.RaftServerProxy (RaftServerProxy.java:addNew(89)) - 5ea20691-5ab9-4695-ab1d-7e722de7481e: addNew group-5145A76E5721:[5ea20691-5ab9-4695-ab1d-7e722de7481e:192.168.34.50:36652] returns group-5145A76E5721:java.util.concurrent.CompletableFuture@25b70ae7[Not completed]
2019-08-21 09:11:42,899 [pool-181-thread-1] INFO  impl.RaftServerImpl (RaftServerImpl.java:<init>(93)) - 5ea20691-5ab9-4695-ab1d-7e722de7481e: new RaftServerImpl for group-5145A76E5721:[5ea20691-5ab9-4695-ab1d-7e722de7481e:192.168.34.50:36652] with ContainerStateMachine:uninitialized
2019-08-21 09:11:42,899 [pool-181-thread-1] INFO  server.RaftServerConfigKeys (ConfUtils.java:logGet(43)) - raft.server.rpc.timeout.min = 5s (custom)
2019-08-21 09:11:42,899 [pool-181-thread-1] INFO  server.RaftServerConfigKeys (ConfUtils.java:logGet(43)) - raft.server.rpc.timeout.max = 5200ms (custom)
2019-08-21 09:11:42,899 [pool-181-thread-1] INFO  server.RaftServerConfigKeys (ConfUtils.java:logGet(43)) - raft.server.rpcslowness.timeout = 120s (custom)
2019-08-21 09:11:42,900 [pool-181-thread-1] INFO  server.RaftServerConfigKeys (ConfUtils.java:logGet(43)) - raft.server.sleep.deviation.threshold = 300 (default)
2019-08-21 09:11:42,900 [pool-181-thread-1] INFO  server.RaftServerConfigKeys (ConfUtils.java:logGet(43)) - raft.server.log.appender.install.snapshot.enabled = false (custom)
2019-08-21 09:11:42,900 [pool-181-thread-1] INFO  impl.RaftServerImpl (ServerState.java:<init>(105)) - 5ea20691-5ab9-4695-ab1d-7e722de7481e:group-5145A76E5721 ConfigurationManager, init=-1: [5ea20691-5ab9-4695-ab1d-7e722de7481e:192.168.34.50:36652], old=null, confs=<EMPTY_MAP>
2019-08-21 09:11:42,900 [pool-181-thread-1] INFO  server.RaftServerConfigKeys (ConfUtils.java:logGet(43)) - raft.server.storage.dir = [/workdir/hadoop-ozone/integration-test/target/test-dir/MiniOzoneClusterImpl-8d39adcc-ca79-4cf5-8766-ebbdd557e88b/datanode-5/data/ratis] (custom)
2019-08-21 09:11:42,901 [pool-181-thread-1] INFO  storage.RaftStorageDirectory (RaftStorageDirectory.java:analyzeStorage(246)) - The storage directory /workdir/hadoop-ozone/integration-test/target/test-dir/MiniOzoneClusterImpl-8d39adcc-ca79-4cf5-8766-ebbdd557e88b/datanode-5/data/ratis/950c9741-e664-4a77-9f9b-5145a76e5721 does not exist. Creating ...
2019-08-21 09:11:42,939 [pool-181-thread-1] INFO  storage.RaftStorageDirectory (RaftStorageDirectory.java:tryLock(328)) - Lock on /workdir/hadoop-ozone/integration-test/target/test-dir/MiniOzoneClusterImpl-8d39adcc-ca79-4cf5-8766-ebbdd557e88b/datanode-5/data/ratis/950c9741-e664-4a77-9f9b-5145a76e5721/in_use.lock acquired by nodename 25587@pr-hdds-1596-dcd4j-996445439
2019-08-21 09:11:42,968 [pool-181-thread-1] INFO  storage.RaftStorage (RaftStorage.java:format(72)) - Storage directory /workdir/hadoop-ozone/integration-test/target/test-dir/MiniOzoneClusterImpl-8d39adcc-ca79-4cf5-8766-ebbdd557e88b/datanode-5/data/ratis/950c9741-e664-4a77-9f9b-5145a76e5721 has been successfully formatted.
2019-08-21 09:11:42,968 [pool-181-thread-1] INFO  ratis.ContainerStateMachine (ContainerStateMachine.java:loadSnapshot(226)) - group-5145A76E5721: The snapshot info is null. Setting the last applied indexto:(t:0, i:~)
2019-08-21 09:11:42,968 [pool-181-thread-1] INFO  server.RaftServerConfigKeys (ConfUtils.java:logGet(43)) - raft.server.leader.election.timeout = 120s (custom)
2019-08-21 09:11:42,969 [pool-181-thread-1] INFO  server.RaftServerConfigKeys (ConfUtils.java:logGet(43)) - raft.server.log.use.memory = false (default)
2019-08-21 09:11:42,969 [pool-181-thread-1] INFO  server.RaftServerConfigKeys (ConfUtils.java:logGet(43)) - raft.server.log.purge.gap = 1000000 (custom)
2019-08-21 09:11:42,969 [pool-181-thread-1] INFO  server.RaftServerConfigKeys (ConfUtils.java:logGet(43)) - raft.server.log.appender.buffer.byte-limit = 33554432 (custom)
2019-08-21 09:11:42,969 [pool-181-thread-1] INFO  server.RaftServerConfigKeys (ConfUtils.java:logGet(43)) - raft.server.log.segment.size.max = 1048576 (custom)
2019-08-21 09:11:42,969 [pool-181-thread-1] INFO  server.RaftServerConfigKeys (ConfUtils.java:logGet(43)) - raft.server.log.segment.cache.num.max = 2 (custom)
2019-08-21 09:11:42,970 [pool-181-thread-1] INFO  segmented.SegmentedRaftLogWorker (SegmentedRaftLogWorker.java:<init>(172)) - new 5ea20691-5ab9-4695-ab1d-7e722de7481e-SegmentedRaftLogWorker:Storage Directory /workdir/hadoop-ozone/integration-test/target/test-dir/MiniOzoneClusterImpl-8d39adcc-ca79-4cf5-8766-ebbdd557e88b/datanode-5/data/ratis/950c9741-e664-4a77-9f9b-5145a76e5721 for RaftStorage:Storage Directory /workdir/hadoop-ozone/integration-test/target/test-dir/MiniOzoneClusterImpl-8d39adcc-ca79-4cf5-8766-ebbdd557e88b/datanode-5/data/ratis/950c9741-e664-4a77-9f9b-5145a76e5721
2019-08-21 09:11:42,970 [pool-181-thread-1] INFO  server.RaftServerConfigKeys (ConfUtils.java:logGet(43)) - raft.server.log.queue.byte-limit = 2147483647 (custom)
2019-08-21 09:11:42,970 [pool-181-thread-1] INFO  server.RaftServerConfigKeys (ConfUtils.java:logGet(43)) - raft.server.log.queue.element-limit = 1024 (custom)
2019-08-21 09:11:42,970 [pool-181-thread-1] INFO  server.RaftServerConfigKeys (ConfUtils.java:logGet(43)) - raft.server.log.segment.size.max = 1048576 (custom)
2019-08-21 09:11:42,970 [pool-181-thread-1] INFO  server.RaftServerConfigKeys (ConfUtils.java:logGet(43)) - raft.server.log.preallocated.size = 16384 (custom)
2019-08-21 09:11:42,971 [pool-181-thread-1] INFO  server.RaftServerConfigKeys (ConfUtils.java:logGet(43)) - raft.server.log.write.buffer.size = 33554432 (custom)
2019-08-21 09:11:42,971 [pool-181-thread-1] INFO  server.RaftServerConfigKeys (ConfUtils.java:logGet(43)) - raft.server.log.force.sync.num = 128 (default)
2019-08-21 09:11:42,971 [pool-181-thread-1] INFO  server.RaftServerConfigKeys (ConfUtils.java:logGet(43)) - raft.server.log.statemachine.data.sync = true (default)
2019-08-21 09:11:42,971 [pool-181-thread-1] INFO  server.RaftServerConfigKeys (ConfUtils.java:logGet(43)) - raft.server.log.statemachine.data.sync.timeout = 10s (default)
2019-08-21 09:11:42,971 [pool-181-thread-1] INFO  server.RaftServerConfigKeys (ConfUtils.java:logGet(43)) - raft.server.log.statemachine.data.sync.timeout.retry = -1 (default)
2019-08-21 09:11:42,972 [pool-181-thread-1] INFO  server.RaftServerConfigKeys (ConfUtils.java:logGet(43)) - raft.server.log.statemachine.data.caching.enabled = true (custom)
2019-08-21 09:11:42,972 [pool-181-thread-1] INFO  segmented.SegmentedRaftLogWorker (SegmentedRaftLogWorker.java:lambda$new$0(132)) - 5ea20691-5ab9-4695-ab1d-7e722de7481e-SegmentedRaftLogWorker:Storage Directory /workdir/hadoop-ozone/integration-test/target/test-dir/MiniOzoneClusterImpl-8d39adcc-ca79-4cf5-8766-ebbdd557e88b/datanode-5/data/ratis/950c9741-e664-4a77-9f9b-5145a76e5721: flushIndex: setUnconditionally 0 -> -1
2019-08-21 09:11:42,972 [pool-181-thread-1] INFO  server.RaftServerConfigKeys (ConfUtils.java:logGet(43)) - raft.server.snapshot.auto.trigger.enabled = true (custom)
2019-08-21 09:11:42,973 [pool-181-thread-1] INFO  server.RaftServerConfigKeys (ConfUtils.java:logGet(43)) - raft.server.snapshot.auto.trigger.threshold = 10000 (custom)
2019-08-21 09:11:42,973 [pool-181-thread-1] INFO  server.RaftServerConfigKeys (ConfUtils.java:logGet(43)) - raft.server.retrycache.expirytime = 600000ms (custom)
2019-08-21 09:11:42,973 [pool-181-thread-1] INFO  impl.RaftServerImpl (RaftServerImpl.java:start(180)) - 5ea20691-5ab9-4695-ab1d-7e722de7481e: start group-5145A76E5721
2019-08-21 09:11:42,973 [pool-181-thread-1] INFO  impl.RaftServerImpl (RaftServerImpl.java:setRole(171)) - 5ea20691-5ab9-4695-ab1d-7e722de7481e:group-5145A76E5721 changes role from null to FOLLOWER at term 0 for startAsFollower
2019-08-21 09:11:42,973 [pool-181-thread-1] INFO  impl.RoleInfo (RoleInfo.java:updateAndGet(143)) - 5ea20691-5ab9-4695-ab1d-7e722de7481e: start FollowerState
2019-08-21 09:11:42,974 [pool-181-thread-1] INFO  util.JmxRegister (JmxRegister.java:tryRegister(44)) - Successfully registered JMX Bean with object name Ratis:service=RaftServer,group=group-5145A76E5721,id=5ea20691-5ab9-4695-ab1d-7e722de7481e
2019-08-21 09:11:42,977 [RatisPipelineUtilsThread] INFO  pipeline.PipelineStateManager (PipelineStateManager.java:addPipeline(56)) - Created pipeline Pipeline[ Id: 950c9741-e664-4a77-9f9b-5145a76e5721, Nodes: 5ea20691-5ab9-4695-ab1d-7e722de7481e{ip: 192.168.34.50, host: pr-hdds-1596-dcd4j-996445439, networkLocation: /default-rack, certSerialId: null}, Type:RATIS, Factor:ONE, State:OPEN]
2019-08-21 09:11:42,995 [grpc-default-executor-3] INFO  impl.RaftServerProxy (RaftServerProxy.java:addNew(89)) - 5ea20691-5ab9-4695-ab1d-7e722de7481e: addNew group-5055C7B86944:[d93e8726-51c7-48e5-91db-a9280c3a0547:192.168.34.50:44816, 328a75f0-8ecf-454d-ac4a-ee464a922ba9:192.168.34.50:42900, 5ea20691-5ab9-4695-ab1d-7e722de7481e:192.168.34.50:36652] returns group-5055C7B86944:java.util.concurrent.CompletableFuture@513e2dbd[Not completed]
2019-08-21 09:11:42,995 [grpc-default-executor-2] INFO  impl.RaftServerProxy (RaftServerProxy.java:addNew(89)) - 328a75f0-8ecf-454d-ac4a-ee464a922ba9: addNew group-5055C7B86944:[d93e8726-51c7-48e5-91db-a9280c3a0547:192.168.34.50:44816, 328a75f0-8ecf-454d-ac4a-ee464a922ba9:192.168.34.50:42900, 5ea20691-5ab9-4695-ab1d-7e722de7481e:192.168.34.50:36652] returns group-5055C7B86944:java.util.concurrent.CompletableFuture@757af02e[Not completed]
2019-08-21 09:11:42,995 [grpc-default-executor-4] INFO  impl.RaftServerProxy (RaftServerProxy.java:addNew(89)) - d93e8726-51c7-48e5-91db-a9280c3a0547: addNew group-5055C7B86944:[d93e8726-51c7-48e5-91db-a9280c3a0547:192.168.34.50:44816, 328a75f0-8ecf-454d-ac4a-ee464a922ba9:192.168.34.50:42900, 5ea20691-5ab9-4695-ab1d-7e722de7481e:192.168.34.50:36652] returns group-5055C7B86944:java.util.concurrent.CompletableFuture@6d99dea3[Not completed]
2019-08-21 09:11:42,997 [pool-170-thread-1] INFO  impl.RaftServerImpl (RaftServerImpl.java:<init>(93)) - d93e8726-51c7-48e5-91db-a9280c3a0547: new RaftServerImpl for group-5055C7B86944:[d93e8726-51c7-48e5-91db-a9280c3a0547:192.168.34.50:44816, 328a75f0-8ecf-454d-ac4a-ee464a922ba9:192.168.34.50:42900, 5ea20691-5ab9-4695-ab1d-7e722de7481e:192.168.34.50:36652] with ContainerStateMachine:uninitialized
2019-08-21 09:11:42,997 [pool-170-thread-1] INFO  server.RaftServerConfigKeys (ConfUtils.java:logGet(43)) - raft.server.rpc.timeout.min = 5s (custom)
2019-08-21 09:11:42,997 [pool-170-thread-1] INFO  server.RaftServerConfigKeys (ConfUtils.java:logGet(43)) - raft.server.rpc.timeout.max = 5200ms (custom)
2019-08-21 09:11:42,997 [pool-170-thread-1] INFO  server.RaftServerConfigKeys (ConfUtils.java:logGet(43)) - raft.server.rpcslowness.timeout = 120s (custom)
2019-08-21 09:11:42,997 [pool-170-thread-1] INFO  server.RaftServerConfigKeys (ConfUtils.java:logGet(43)) - raft.server.sleep.deviation.threshold = 300 (default)
2019-08-21 09:11:42,997 [pool-170-thread-1] INFO  server.RaftServerConfigKeys (ConfUtils.java:logGet(43)) - raft.server.log.appender.install.snapshot.enabled = false (custom)
2019-08-21 09:11:42,998 [pool-170-thread-1] INFO  impl.RaftServerImpl (ServerState.java:<init>(105)) - d93e8726-51c7-48e5-91db-a9280c3a0547:group-5055C7B86944 ConfigurationManager, init=-1: [d93e8726-51c7-48e5-91db-a9280c3a0547:192.168.34.50:44816, 328a75f0-8ecf-454d-ac4a-ee464a922ba9:192.168.34.50:42900, 5ea20691-5ab9-4695-ab1d-7e722de7481e:192.168.34.50:36652], old=null, confs=<EMPTY_MAP>
2019-08-21 09:11:42,999 [pool-159-thread-1] INFO  impl.RaftServerImpl (RaftServerImpl.java:<init>(93)) - 328a75f0-8ecf-454d-ac4a-ee464a922ba9: new RaftServerImpl for group-5055C7B86944:[d93e8726-51c7-48e5-91db-a9280c3a0547:192.168.34.50:44816, 328a75f0-8ecf-454d-ac4a-ee464a922ba9:192.168.34.50:42900, 5ea20691-5ab9-4695-ab1d-7e722de7481e:192.168.34.50:36652] with ContainerStateMachine:uninitialized
2019-08-21 09:11:42,999 [pool-159-thread-1] INFO  server.RaftServerConfigKeys (ConfUtils.java:logGet(43)) - raft.server.rpc.timeout.min = 5s (custom)
2019-08-21 09:11:42,999 [pool-170-thread-1] INFO  server.RaftServerConfigKeys (ConfUtils.java:logGet(43)) - raft.server.storage.dir = [/workdir/hadoop-ozone/integration-test/target/test-dir/MiniOzoneClusterImpl-8d39adcc-ca79-4cf5-8766-ebbdd557e88b/datanode-4/data/ratis] (custom)
2019-08-21 09:11:42,999 [pool-159-thread-1] INFO  server.RaftServerConfigKeys (ConfUtils.java:logGet(43)) - raft.server.rpc.timeout.max = 5200ms (custom)
2019-08-21 09:11:43,000 [pool-181-thread-1] INFO  impl.RaftServerImpl (RaftServerImpl.java:<init>(93)) - 5ea20691-5ab9-4695-ab1d-7e722de7481e: new RaftServerImpl for group-5055C7B86944:[d93e8726-51c7-48e5-91db-a9280c3a0547:192.168.34.50:44816, 328a75f0-8ecf-454d-ac4a-ee464a922ba9:192.168.34.50:42900, 5ea20691-5ab9-4695-ab1d-7e722de7481e:192.168.34.50:36652] with ContainerStateMachine:uninitialized
2019-08-21 09:11:43,000 [pool-159-thread-1] INFO  server.RaftServerConfigKeys (ConfUtils.java:logGet(43)) - raft.server.rpcslowness.timeout = 120s (custom)
2019-08-21 09:11:43,000 [pool-181-thread-1] INFO  server.RaftServerConfigKeys (ConfUtils.java:logGet(43)) - raft.server.rpc.timeout.min = 5s (custom)
2019-08-21 09:11:43,000 [pool-170-thread-1] INFO  storage.RaftStorageDirectory (RaftStorageDirectory.java:analyzeStorage(246)) - The storage directory /workdir/hadoop-ozone/integration-test/target/test-dir/MiniOzoneClusterImpl-8d39adcc-ca79-4cf5-8766-ebbdd557e88b/datanode-4/data/ratis/2148e972-04a0-47fb-9826-5055c7b86944 does not exist. Creating ...
2019-08-21 09:11:43,000 [pool-181-thread-1] INFO  server.RaftServerConfigKeys (ConfUtils.java:logGet(43)) - raft.server.rpc.timeout.max = 5200ms (custom)
2019-08-21 09:11:43,000 [pool-159-thread-1] INFO  server.RaftServerConfigKeys (ConfUtils.java:logGet(43)) - raft.server.sleep.deviation.threshold = 300 (default)
2019-08-21 09:11:43,001 [pool-181-thread-1] INFO  server.RaftServerConfigKeys (ConfUtils.java:logGet(43)) - raft.server.rpcslowness.timeout = 120s (custom)
2019-08-21 09:11:43,001 [pool-159-thread-1] INFO  server.RaftServerConfigKeys (ConfUtils.java:logGet(43)) - raft.server.log.appender.install.snapshot.enabled = false (custom)
2019-08-21 09:11:43,001 [pool-181-thread-1] INFO  server.RaftServerConfigKeys (ConfUtils.java:logGet(43)) - raft.server.sleep.deviation.threshold = 300 (default)
2019-08-21 09:11:43,001 [pool-159-thread-1] INFO  impl.RaftServerImpl (ServerState.java:<init>(105)) - 328a75f0-8ecf-454d-ac4a-ee464a922ba9:group-5055C7B86944 ConfigurationManager, init=-1: [d93e8726-51c7-48e5-91db-a9280c3a0547:192.168.34.50:44816, 328a75f0-8ecf-454d-ac4a-ee464a922ba9:192.168.34.50:42900, 5ea20691-5ab9-4695-ab1d-7e722de7481e:192.168.34.50:36652], old=null, confs=<EMPTY_MAP>
2019-08-21 09:11:43,001 [pool-181-thread-1] INFO  server.RaftServerConfigKeys (ConfUtils.java:logGet(43)) - raft.server.log.appender.install.snapshot.enabled = false (custom)
2019-08-21 09:11:43,001 [pool-159-thread-1] INFO  server.RaftServerConfigKeys (ConfUtils.java:logGet(43)) - raft.server.storage.dir = [/workdir/hadoop-ozone/integration-test/target/test-dir/MiniOzoneClusterImpl-8d39adcc-ca79-4cf5-8766-ebbdd557e88b/datanode-3/data/ratis] (custom)
2019-08-21 09:11:43,001 [pool-181-thread-1] INFO  impl.RaftServerImpl (ServerState.java:<init>(105)) - 5ea20691-5ab9-4695-ab1d-7e722de7481e:group-5055C7B86944 ConfigurationManager, init=-1: [d93e8726-51c7-48e5-91db-a9280c3a0547:192.168.34.50:44816, 328a75f0-8ecf-454d-ac4a-ee464a922ba9:192.168.34.50:42900, 5ea20691-5ab9-4695-ab1d-7e722de7481e:192.168.34.50:36652], old=null, confs=<EMPTY_MAP>
2019-08-21 09:11:43,002 [pool-181-thread-1] INFO  server.RaftServerConfigKeys (ConfUtils.java:logGet(43)) - raft.server.storage.dir = [/workdir/hadoop-ozone/integration-test/target/test-dir/MiniOzoneClusterImpl-8d39adcc-ca79-4cf5-8766-ebbdd557e88b/datanode-5/data/ratis] (custom)
2019-08-21 09:11:43,002 [pool-159-thread-1] INFO  storage.RaftStorageDirectory (RaftStorageDirectory.java:analyzeStorage(246)) - The storage directory /workdir/hadoop-ozone/integration-test/target/test-dir/MiniOzoneClusterImpl-8d39adcc-ca79-4cf5-8766-ebbdd557e88b/datanode-3/data/ratis/2148e972-04a0-47fb-9826-5055c7b86944 does not exist. Creating ...
2019-08-21 09:11:43,002 [pool-181-thread-1] INFO  storage.RaftStorageDirectory (RaftStorageDirectory.java:analyzeStorage(246)) - The storage directory /workdir/hadoop-ozone/integration-test/target/test-dir/MiniOzoneClusterImpl-8d39adcc-ca79-4cf5-8766-ebbdd557e88b/datanode-5/data/ratis/2148e972-04a0-47fb-9826-5055c7b86944 does not exist. Creating ...
2019-08-21 09:11:43,011 [pool-181-thread-1] INFO  storage.RaftStorageDirectory (RaftStorageDirectory.java:tryLock(328)) - Lock on /workdir/hadoop-ozone/integration-test/target/test-dir/MiniOzoneClusterImpl-8d39adcc-ca79-4cf5-8766-ebbdd557e88b/datanode-5/data/ratis/2148e972-04a0-47fb-9826-5055c7b86944/in_use.lock acquired by nodename 25587@pr-hdds-1596-dcd4j-996445439
2019-08-21 09:11:43,011 [pool-159-thread-1] INFO  storage.RaftStorageDirectory (RaftStorageDirectory.java:tryLock(328)) - Lock on /workdir/hadoop-ozone/integration-test/target/test-dir/MiniOzoneClusterImpl-8d39adcc-ca79-4cf5-8766-ebbdd557e88b/datanode-3/data/ratis/2148e972-04a0-47fb-9826-5055c7b86944/in_use.lock acquired by nodename 25587@pr-hdds-1596-dcd4j-996445439
2019-08-21 09:11:43,011 [pool-170-thread-1] INFO  storage.RaftStorageDirectory (RaftStorageDirectory.java:tryLock(328)) - Lock on /workdir/hadoop-ozone/integration-test/target/test-dir/MiniOzoneClusterImpl-8d39adcc-ca79-4cf5-8766-ebbdd557e88b/datanode-4/data/ratis/2148e972-04a0-47fb-9826-5055c7b86944/in_use.lock acquired by nodename 25587@pr-hdds-1596-dcd4j-996445439
2019-08-21 09:11:43,020 [pool-181-thread-1] INFO  storage.RaftStorage (RaftStorage.java:format(72)) - Storage directory /workdir/hadoop-ozone/integration-test/target/test-dir/MiniOzoneClusterImpl-8d39adcc-ca79-4cf5-8766-ebbdd557e88b/datanode-5/data/ratis/2148e972-04a0-47fb-9826-5055c7b86944 has been successfully formatted.
2019-08-21 09:11:43,020 [pool-159-thread-1] INFO  storage.RaftStorage (RaftStorage.java:format(72)) - Storage directory /workdir/hadoop-ozone/integration-test/target/test-dir/MiniOzoneClusterImpl-8d39adcc-ca79-4cf5-8766-ebbdd557e88b/datanode-3/data/ratis/2148e972-04a0-47fb-9826-5055c7b86944 has been successfully formatted.
2019-08-21 09:11:43,020 [pool-170-thread-1] INFO  storage.RaftStorage (RaftStorage.java:format(72)) - Storage directory /workdir/hadoop-ozone/integration-test/target/test-dir/MiniOzoneClusterImpl-8d39adcc-ca79-4cf5-8766-ebbdd557e88b/datanode-4/data/ratis/2148e972-04a0-47fb-9826-5055c7b86944 has been successfully formatted.
2019-08-21 09:11:43,020 [pool-181-thread-1] INFO  ratis.ContainerStateMachine (ContainerStateMachine.java:loadSnapshot(226)) - group-5055C7B86944: The snapshot info is null. Setting the last applied indexto:(t:0, i:~)
2019-08-21 09:11:43,020 [pool-170-thread-1] INFO  ratis.ContainerStateMachine (ContainerStateMachine.java:loadSnapshot(226)) - group-5055C7B86944: The snapshot info is null. Setting the last applied indexto:(t:0, i:~)
2019-08-21 09:11:43,020 [pool-159-thread-1] INFO  ratis.ContainerStateMachine (ContainerStateMachine.java:loadSnapshot(226)) - group-5055C7B86944: The snapshot info is null. Setting the last applied indexto:(t:0, i:~)
2019-08-21 09:11:43,020 [pool-170-thread-1] INFO  server.RaftServerConfigKeys (ConfUtils.java:logGet(43)) - raft.server.leader.election.timeout = 120s (custom)
2019-08-21 09:11:43,020 [pool-181-thread-1] INFO  server.RaftServerConfigKeys (ConfUtils.java:logGet(43)) - raft.server.leader.election.timeout = 120s (custom)
2019-08-21 09:11:43,021 [pool-170-thread-1] INFO  server.RaftServerConfigKeys (ConfUtils.java:logGet(43)) - raft.server.log.use.memory = false (default)
2019-08-21 09:11:43,021 [pool-159-thread-1] INFO  server.RaftServerConfigKeys (ConfUtils.java:logGet(43)) - raft.server.leader.election.timeout = 120s (custom)
2019-08-21 09:11:43,021 [pool-170-thread-1] INFO  server.RaftServerConfigKeys (ConfUtils.java:logGet(43)) - raft.server.log.purge.gap = 1000000 (custom)
2019-08-21 09:11:43,021 [pool-181-thread-1] INFO  server.RaftServerConfigKeys (ConfUtils.java:logGet(43)) - raft.server.log.use.memory = false (default)
2019-08-21 09:11:43,021 [pool-170-thread-1] INFO  server.RaftServerConfigKeys (ConfUtils.java:logGet(43)) - raft.server.log.appender.buffer.byte-limit = 33554432 (custom)
2019-08-21 09:11:43,021 [pool-159-thread-1] INFO  server.RaftServerConfigKeys (ConfUtils.java:logGet(43)) - raft.server.log.use.memory = false (default)
2019-08-21 09:11:43,022 [pool-170-thread-1] INFO  server.RaftServerConfigKeys (ConfUtils.java:logGet(43)) - raft.server.log.segment.size.max = 1048576 (custom)
2019-08-21 09:11:43,021 [pool-181-thread-1] INFO  server.RaftServerConfigKeys (ConfUtils.java:logGet(43)) - raft.server.log.purge.gap = 1000000 (custom)
2019-08-21 09:11:43,022 [pool-170-thread-1] INFO  server.RaftServerConfigKeys (ConfUtils.java:logGet(43)) - raft.server.log.segment.cache.num.max = 2 (custom)
2019-08-21 09:11:43,022 [pool-159-thread-1] INFO  server.RaftServerConfigKeys (ConfUtils.java:logGet(43)) - raft.server.log.purge.gap = 1000000 (custom)
2019-08-21 09:11:43,022 [pool-170-thread-1] INFO  segmented.SegmentedRaftLogWorker (SegmentedRaftLogWorker.java:<init>(172)) - new d93e8726-51c7-48e5-91db-a9280c3a0547-SegmentedRaftLogWorker:Storage Directory /workdir/hadoop-ozone/integration-test/target/test-dir/MiniOzoneClusterImpl-8d39adcc-ca79-4cf5-8766-ebbdd557e88b/datanode-4/data/ratis/2148e972-04a0-47fb-9826-5055c7b86944 for RaftStorage:Storage Directory /workdir/hadoop-ozone/integration-test/target/test-dir/MiniOzoneClusterImpl-8d39adcc-ca79-4cf5-8766-ebbdd557e88b/datanode-4/data/ratis/2148e972-04a0-47fb-9826-5055c7b86944
2019-08-21 09:11:43,022 [pool-181-thread-1] INFO  server.RaftServerConfigKeys (ConfUtils.java:logGet(43)) - raft.server.log.appender.buffer.byte-limit = 33554432 (custom)
2019-08-21 09:11:43,022 [pool-170-thread-1] INFO  server.RaftServerConfigKeys (ConfUtils.java:logGet(43)) - raft.server.log.queue.byte-limit = 2147483647 (custom)
2019-08-21 09:11:43,022 [pool-159-thread-1] INFO  server.RaftServerConfigKeys (ConfUtils.java:logGet(43)) - raft.server.log.appender.buffer.byte-limit = 33554432 (custom)
2019-08-21 09:11:43,023 [pool-170-thread-1] INFO  server.RaftServerConfigKeys (ConfUtils.java:logGet(43)) - raft.server.log.queue.element-limit = 1024 (custom)
2019-08-21 09:11:43,023 [pool-181-thread-1] INFO  server.RaftServerConfigKeys (ConfUtils.java:logGet(43)) - raft.server.log.segment.size.max = 1048576 (custom)
2019-08-21 09:11:43,023 [pool-170-thread-1] INFO  server.RaftServerConfigKeys (ConfUtils.java:logGet(43)) - raft.server.log.segment.size.max = 1048576 (custom)
2019-08-21 09:11:43,023 [pool-159-thread-1] INFO  server.RaftServerConfigKeys (ConfUtils.java:logGet(43)) - raft.server.log.segment.size.max = 1048576 (custom)
2019-08-21 09:11:43,023 [pool-170-thread-1] INFO  server.RaftServerConfigKeys (ConfUtils.java:logGet(43)) - raft.server.log.preallocated.size = 16384 (custom)
2019-08-21 09:11:43,023 [pool-181-thread-1] INFO  server.RaftServerConfigKeys (ConfUtils.java:logGet(43)) - raft.server.log.segment.cache.num.max = 2 (custom)
2019-08-21 09:11:43,024 [pool-170-thread-1] INFO  server.RaftServerConfigKeys (ConfUtils.java:logGet(43)) - raft.server.log.write.buffer.size = 33554432 (custom)
2019-08-21 09:11:43,024 [pool-159-thread-1] INFO  server.RaftServerConfigKeys (ConfUtils.java:logGet(43)) - raft.server.log.segment.cache.num.max = 2 (custom)
2019-08-21 09:11:43,024 [pool-170-thread-1] INFO  server.RaftServerConfigKeys (ConfUtils.java:logGet(43)) - raft.server.log.force.sync.num = 128 (default)
2019-08-21 09:11:43,024 [pool-181-thread-1] INFO  segmented.SegmentedRaftLogWorker (SegmentedRaftLogWorker.java:<init>(172)) - new 5ea20691-5ab9-4695-ab1d-7e722de7481e-SegmentedRaftLogWorker:Storage Directory /workdir/hadoop-ozone/integration-test/target/test-dir/MiniOzoneClusterImpl-8d39adcc-ca79-4cf5-8766-ebbdd557e88b/datanode-5/data/ratis/2148e972-04a0-47fb-9826-5055c7b86944 for RaftStorage:Storage Directory /workdir/hadoop-ozone/integration-test/target/test-dir/MiniOzoneClusterImpl-8d39adcc-ca79-4cf5-8766-ebbdd557e88b/datanode-5/data/ratis/2148e972-04a0-47fb-9826-5055c7b86944
2019-08-21 09:11:43,024 [pool-170-thread-1] INFO  server.RaftServerConfigKeys (ConfUtils.java:logGet(43)) - raft.server.log.statemachine.data.sync = true (default)
2019-08-21 09:11:43,024 [pool-159-thread-1] INFO  segmented.SegmentedRaftLogWorker (SegmentedRaftLogWorker.java:<init>(172)) - new 328a75f0-8ecf-454d-ac4a-ee464a922ba9-SegmentedRaftLogWorker:Storage Directory /workdir/hadoop-ozone/integration-test/target/test-dir/MiniOzoneClusterImpl-8d39adcc-ca79-4cf5-8766-ebbdd557e88b/datanode-3/data/ratis/2148e972-04a0-47fb-9826-5055c7b86944 for RaftStorage:Storage Directory /workdir/hadoop-ozone/integration-test/target/test-dir/MiniOzoneClusterImpl-8d39adcc-ca79-4cf5-8766-ebbdd557e88b/datanode-3/data/ratis/2148e972-04a0-47fb-9826-5055c7b86944
2019-08-21 09:11:43,024 [pool-170-thread-1] INFO  server.RaftServerConfigKeys (ConfUtils.java:logGet(43)) - raft.server.log.statemachine.data.sync.timeout = 10s (default)
2019-08-21 09:11:43,024 [pool-181-thread-1] INFO  server.RaftServerConfigKeys (ConfUtils.java:logGet(43)) - raft.server.log.queue.byte-limit = 2147483647 (custom)
2019-08-21 09:11:43,025 [pool-170-thread-1] INFO  server.RaftServerConfigKeys (ConfUtils.java:logGet(43)) - raft.server.log.statemachine.data.sync.timeout.retry = -1 (default)
2019-08-21 09:11:43,025 [pool-159-thread-1] INFO  server.RaftServerConfigKeys (ConfUtils.java:logGet(43)) - raft.server.log.queue.byte-limit = 2147483647 (custom)
2019-08-21 09:11:43,025 [pool-170-thread-1] INFO  server.RaftServerConfigKeys (ConfUtils.java:logGet(43)) - raft.server.log.statemachine.data.caching.enabled = true (custom)
2019-08-21 09:11:43,025 [pool-181-thread-1] INFO  server.RaftServerConfigKeys (ConfUtils.java:logGet(43)) - raft.server.log.queue.element-limit = 1024 (custom)
2019-08-21 09:11:43,025 [pool-159-thread-1] INFO  server.RaftServerConfigKeys (ConfUtils.java:logGet(43)) - raft.server.log.queue.element-limit = 1024 (custom)
2019-08-21 09:11:43,026 [pool-181-thread-1] INFO  server.RaftServerConfigKeys (ConfUtils.java:logGet(43)) - raft.server.log.segment.size.max = 1048576 (custom)
2019-08-21 09:11:43,026 [pool-170-thread-1] INFO  segmented.SegmentedRaftLogWorker (SegmentedRaftLogWorker.java:lambda$new$0(132)) - d93e8726-51c7-48e5-91db-a9280c3a0547-SegmentedRaftLogWorker:Storage Directory /workdir/hadoop-ozone/integration-test/target/test-dir/MiniOzoneClusterImpl-8d39adcc-ca79-4cf5-8766-ebbdd557e88b/datanode-4/data/ratis/2148e972-04a0-47fb-9826-5055c7b86944: flushIndex: setUnconditionally 0 -> -1
2019-08-21 09:11:43,026 [pool-181-thread-1] INFO  server.RaftServerConfigKeys (ConfUtils.java:logGet(43)) - raft.server.log.preallocated.size = 16384 (custom)
2019-08-21 09:11:43,026 [pool-159-thread-1] INFO  server.RaftServerConfigKeys (ConfUtils.java:logGet(43)) - raft.server.log.segment.size.max = 1048576 (custom)
2019-08-21 09:11:43,026 [pool-170-thread-1] INFO  server.RaftServerConfigKeys (ConfUtils.java:logGet(43)) - raft.server.snapshot.auto.trigger.enabled = true (custom)
2019-08-21 09:11:43,026 [pool-181-thread-1] INFO  server.RaftServerConfigKeys (ConfUtils.java:logGet(43)) - raft.server.log.write.buffer.size = 33554432 (custom)
2019-08-21 09:11:43,027 [pool-170-thread-1] INFO  server.RaftServerConfigKeys (ConfUtils.java:logGet(43)) - raft.server.snapshot.auto.trigger.threshold = 10000 (custom)
2019-08-21 09:11:43,026 [pool-159-thread-1] INFO  server.RaftServerConfigKeys (ConfUtils.java:logGet(43)) - raft.server.log.preallocated.size = 16384 (custom)
2019-08-21 09:11:43,027 [pool-170-thread-1] INFO  server.RaftServerConfigKeys (ConfUtils.java:logGet(43)) - raft.server.retrycache.expirytime = 600000ms (custom)
2019-08-21 09:11:43,027 [pool-181-thread-1] INFO  server.RaftServerConfigKeys (ConfUtils.java:logGet(43)) - raft.server.log.force.sync.num = 128 (default)
2019-08-21 09:11:43,027 [pool-159-thread-1] INFO  server.RaftServerConfigKeys (ConfUtils.java:logGet(43)) - raft.server.log.write.buffer.size = 33554432 (custom)
2019-08-21 09:11:43,027 [pool-170-thread-1] INFO  impl.RaftServerImpl (RaftServerImpl.java:start(180)) - d93e8726-51c7-48e5-91db-a9280c3a0547: start group-5055C7B86944
2019-08-21 09:11:43,028 [pool-159-thread-1] INFO  server.RaftServerConfigKeys (ConfUtils.java:logGet(43)) - raft.server.log.force.sync.num = 128 (default)
2019-08-21 09:11:43,028 [pool-181-thread-1] INFO  server.RaftServerConfigKeys (ConfUtils.java:logGet(43)) - raft.server.log.statemachine.data.sync = true (default)
2019-08-21 09:11:43,028 [pool-159-thread-1] INFO  server.RaftServerConfigKeys (ConfUtils.java:logGet(43)) - raft.server.log.statemachine.data.sync = true (default)
2019-08-21 09:11:43,028 [pool-170-thread-1] INFO  impl.RaftServerImpl (RaftServerImpl.java:setRole(171)) - d93e8726-51c7-48e5-91db-a9280c3a0547:group-5055C7B86944 changes role from null to FOLLOWER at term 0 for startAsFollower
2019-08-21 09:11:43,028 [pool-159-thread-1] INFO  server.RaftServerConfigKeys (ConfUtils.java:logGet(43)) - raft.server.log.statemachine.data.sync.timeout = 10s (default)
2019-08-21 09:11:43,028 [pool-181-thread-1] INFO  server.RaftServerConfigKeys (ConfUtils.java:logGet(43)) - raft.server.log.statemachine.data.sync.timeout = 10s (default)
2019-08-21 09:11:43,029 [pool-159-thread-1] INFO  server.RaftServerConfigKeys (ConfUtils.java:logGet(43)) - raft.server.log.statemachine.data.sync.timeout.retry = -1 (default)
2019-08-21 09:11:43,029 [pool-170-thread-1] INFO  impl.RoleInfo (RoleInfo.java:updateAndGet(143)) - d93e8726-51c7-48e5-91db-a9280c3a0547: start FollowerState
2019-08-21 09:11:43,029 [pool-159-thread-1] INFO  server.RaftServerConfigKeys (ConfUtils.java:logGet(43)) - raft.server.log.statemachine.data.caching.enabled = true (custom)
2019-08-21 09:11:43,029 [pool-181-thread-1] INFO  server.RaftServerConfigKeys (ConfUtils.java:logGet(43)) - raft.server.log.statemachine.data.sync.timeout.retry = -1 (default)
2019-08-21 09:11:43,030 [pool-159-thread-1] INFO  segmented.SegmentedRaftLogWorker (SegmentedRaftLogWorker.java:lambda$new$0(132)) - 328a75f0-8ecf-454d-ac4a-ee464a922ba9-SegmentedRaftLogWorker:Storage Directory /workdir/hadoop-ozone/integration-test/target/test-dir/MiniOzoneClusterImpl-8d39adcc-ca79-4cf5-8766-ebbdd557e88b/datanode-3/data/ratis/2148e972-04a0-47fb-9826-5055c7b86944: flushIndex: setUnconditionally 0 -> -1
2019-08-21 09:11:43,030 [pool-170-thread-1] INFO  util.JmxRegister (JmxRegister.java:tryRegister(44)) - Successfully registered JMX Bean with object name Ratis:service=RaftServer,group=group-5055C7B86944,id=d93e8726-51c7-48e5-91db-a9280c3a0547
2019-08-21 09:11:43,030 [pool-181-thread-1] INFO  server.RaftServerConfigKeys (ConfUtils.java:logGet(43)) - raft.server.log.statemachine.data.caching.enabled = true (custom)
2019-08-21 09:11:43,030 [pool-159-thread-1] INFO  server.RaftServerConfigKeys (ConfUtils.java:logGet(43)) - raft.server.snapshot.auto.trigger.enabled = true (custom)
2019-08-21 09:11:43,030 [pool-159-thread-1] INFO  server.RaftServerConfigKeys (ConfUtils.java:logGet(43)) - raft.server.snapshot.auto.trigger.threshold = 10000 (custom)
2019-08-21 09:11:43,030 [pool-181-thread-1] INFO  segmented.SegmentedRaftLogWorker (SegmentedRaftLogWorker.java:lambda$new$0(132)) - 5ea20691-5ab9-4695-ab1d-7e722de7481e-SegmentedRaftLogWorker:Storage Directory /workdir/hadoop-ozone/integration-test/target/test-dir/MiniOzoneClusterImpl-8d39adcc-ca79-4cf5-8766-ebbdd557e88b/datanode-5/data/ratis/2148e972-04a0-47fb-9826-5055c7b86944: flushIndex: setUnconditionally 0 -> -1
2019-08-21 09:11:43,031 [pool-159-thread-1] INFO  server.RaftServerConfigKeys (ConfUtils.java:logGet(43)) - raft.server.retrycache.expirytime = 600000ms (custom)
2019-08-21 09:11:43,031 [pool-181-thread-1] INFO  server.RaftServerConfigKeys (ConfUtils.java:logGet(43)) - raft.server.snapshot.auto.trigger.enabled = true (custom)
2019-08-21 09:11:43,031 [pool-159-thread-1] INFO  impl.RaftServerImpl (RaftServerImpl.java:start(180)) - 328a75f0-8ecf-454d-ac4a-ee464a922ba9: start group-5055C7B86944
2019-08-21 09:11:43,031 [pool-181-thread-1] INFO  server.RaftServerConfigKeys (ConfUtils.java:logGet(43)) - raft.server.snapshot.auto.trigger.threshold = 10000 (custom)
2019-08-21 09:11:43,031 [pool-159-thread-1] INFO  impl.RaftServerImpl (RaftServerImpl.java:setRole(171)) - 328a75f0-8ecf-454d-ac4a-ee464a922ba9:group-5055C7B86944 changes role from null to FOLLOWER at term 0 for startAsFollower
2019-08-21 09:11:43,032 [pool-181-thread-1] INFO  server.RaftServerConfigKeys (ConfUtils.java:logGet(43)) - raft.server.retrycache.expirytime = 600000ms (custom)
2019-08-21 09:11:43,032 [pool-159-thread-1] INFO  impl.RoleInfo (RoleInfo.java:updateAndGet(143)) - 328a75f0-8ecf-454d-ac4a-ee464a922ba9: start FollowerState
2019-08-21 09:11:43,032 [pool-181-thread-1] INFO  impl.RaftServerImpl (RaftServerImpl.java:start(180)) - 5ea20691-5ab9-4695-ab1d-7e722de7481e: start group-5055C7B86944
2019-08-21 09:11:43,032 [pool-181-thread-1] INFO  impl.RaftServerImpl (RaftServerImpl.java:setRole(171)) - 5ea20691-5ab9-4695-ab1d-7e722de7481e:group-5055C7B86944 changes role from null to FOLLOWER at term 0 for startAsFollower
2019-08-21 09:11:43,032 [pool-181-thread-1] INFO  impl.RoleInfo (RoleInfo.java:updateAndGet(143)) - 5ea20691-5ab9-4695-ab1d-7e722de7481e: start FollowerState
2019-08-21 09:11:43,032 [pool-159-thread-1] INFO  util.JmxRegister (JmxRegister.java:tryRegister(44)) - Successfully registered JMX Bean with object name Ratis:service=RaftServer,group=group-5055C7B86944,id=328a75f0-8ecf-454d-ac4a-ee464a922ba9
2019-08-21 09:11:43,033 [pool-181-thread-1] INFO  util.JmxRegister (JmxRegister.java:tryRegister(44)) - Successfully registered JMX Bean with object name Ratis:service=RaftServer,group=group-5055C7B86944,id=5ea20691-5ab9-4695-ab1d-7e722de7481e
2019-08-21 09:11:43,037 [RatisPipelineUtilsThread] INFO  pipeline.PipelineStateManager (PipelineStateManager.java:addPipeline(56)) - Created pipeline Pipeline[ Id: 2148e972-04a0-47fb-9826-5055c7b86944, Nodes: d93e8726-51c7-48e5-91db-a9280c3a0547{ip: 192.168.34.50, host: pr-hdds-1596-dcd4j-996445439, networkLocation: /default-rack, certSerialId: null}5ea20691-5ab9-4695-ab1d-7e722de7481e{ip: 192.168.34.50, host: pr-hdds-1596-dcd4j-996445439, networkLocation: /default-rack, certSerialId: null}328a75f0-8ecf-454d-ac4a-ee464a922ba9{ip: 192.168.34.50, host: pr-hdds-1596-dcd4j-996445439, networkLocation: /default-rack, certSerialId: null}, Type:RATIS, Factor:THREE, State:OPEN]
2019-08-21 09:11:43,127 [main] INFO  ozone.MiniOzoneClusterImpl (MiniOzoneClusterImpl.java:lambda$waitForClusterToBeReady$0(142)) - Waiting for cluster to be ready. Got 6 of 7 DN Heartbeats.
2019-08-21 09:11:43,129 [IPC Server handler 3 on 40430] INFO  net.NetworkTopology (NetworkTopologyImpl.java:add(110)) - Added a new node: /default-rack/2efe7137-c334-43ac-ad86-ba58d4ed3c70
2019-08-21 09:11:43,129 [IPC Server handler 3 on 40430] INFO  node.SCMNodeManager (SCMNodeManager.java:register(273)) - Registered Data node : 2efe7137-c334-43ac-ad86-ba58d4ed3c70{ip: 192.168.34.50, host: pr-hdds-1596-dcd4j-996445439, networkLocation: /default-rack, certSerialId: null}
2019-08-21 09:11:43,130 | INFO  | SCMAudit | user=jenkins1000 | ip=192.168.34.50 | op=REGISTER {datanodeDetails=2efe7137-c334-43ac-ad86-ba58d4ed3c70{ip: 192.168.34.50, host: pr-hdds-1596-dcd4j-996445439, networkLocation: /default-rack, certSerialId: null}} | ret=SUCCESS |  
2019-08-21 09:11:43,142 [grpc-default-executor-2] INFO  impl.RaftServerProxy (RaftServerProxy.java:addNew(89)) - 2efe7137-c334-43ac-ad86-ba58d4ed3c70: addNew group-F57346CC5390:[2efe7137-c334-43ac-ad86-ba58d4ed3c70:192.168.34.50:45357] returns group-F57346CC5390:java.util.concurrent.CompletableFuture@4b5a0959[Not completed]
2019-08-21 09:11:43,148 [pool-192-thread-1] INFO  impl.RaftServerImpl (RaftServerImpl.java:<init>(93)) - 2efe7137-c334-43ac-ad86-ba58d4ed3c70: new RaftServerImpl for group-F57346CC5390:[2efe7137-c334-43ac-ad86-ba58d4ed3c70:192.168.34.50:45357] with ContainerStateMachine:uninitialized
2019-08-21 09:11:43,148 [pool-192-thread-1] INFO  server.RaftServerConfigKeys (ConfUtils.java:logGet(43)) - raft.server.rpc.timeout.min = 5s (custom)
2019-08-21 09:11:43,149 [pool-192-thread-1] INFO  server.RaftServerConfigKeys (ConfUtils.java:logGet(43)) - raft.server.rpc.timeout.max = 5200ms (custom)
2019-08-21 09:11:43,149 [pool-192-thread-1] INFO  server.RaftServerConfigKeys (ConfUtils.java:logGet(43)) - raft.server.rpcslowness.timeout = 120s (custom)
2019-08-21 09:11:43,149 [pool-192-thread-1] INFO  server.RaftServerConfigKeys (ConfUtils.java:logGet(43)) - raft.server.sleep.deviation.threshold = 300 (default)
2019-08-21 09:11:43,149 [pool-192-thread-1] INFO  server.RaftServerConfigKeys (ConfUtils.java:logGet(43)) - raft.server.log.appender.install.snapshot.enabled = false (custom)
2019-08-21 09:11:43,149 [pool-192-thread-1] INFO  impl.RaftServerImpl (ServerState.java:<init>(105)) - 2efe7137-c334-43ac-ad86-ba58d4ed3c70:group-F57346CC5390 ConfigurationManager, init=-1: [2efe7137-c334-43ac-ad86-ba58d4ed3c70:192.168.34.50:45357], old=null, confs=<EMPTY_MAP>
2019-08-21 09:11:43,149 [pool-192-thread-1] INFO  server.RaftServerConfigKeys (ConfUtils.java:logGet(43)) - raft.server.storage.dir = [/workdir/hadoop-ozone/integration-test/target/test-dir/MiniOzoneClusterImpl-8d39adcc-ca79-4cf5-8766-ebbdd557e88b/datanode-6/data/ratis] (custom)
2019-08-21 09:11:43,150 [pool-192-thread-1] INFO  storage.RaftStorageDirectory (RaftStorageDirectory.java:analyzeStorage(246)) - The storage directory /workdir/hadoop-ozone/integration-test/target/test-dir/MiniOzoneClusterImpl-8d39adcc-ca79-4cf5-8766-ebbdd557e88b/datanode-6/data/ratis/8d813032-b8ad-41b2-848b-f57346cc5390 does not exist. Creating ...
2019-08-21 09:11:43,160 [pool-192-thread-1] INFO  storage.RaftStorageDirectory (RaftStorageDirectory.java:tryLock(328)) - Lock on /workdir/hadoop-ozone/integration-test/target/test-dir/MiniOzoneClusterImpl-8d39adcc-ca79-4cf5-8766-ebbdd557e88b/datanode-6/data/ratis/8d813032-b8ad-41b2-848b-f57346cc5390/in_use.lock acquired by nodename 25587@pr-hdds-1596-dcd4j-996445439
2019-08-21 09:11:43,171 [pool-192-thread-1] INFO  storage.RaftStorage (RaftStorage.java:format(72)) - Storage directory /workdir/hadoop-ozone/integration-test/target/test-dir/MiniOzoneClusterImpl-8d39adcc-ca79-4cf5-8766-ebbdd557e88b/datanode-6/data/ratis/8d813032-b8ad-41b2-848b-f57346cc5390 has been successfully formatted.
2019-08-21 09:11:43,171 [pool-192-thread-1] INFO  ratis.ContainerStateMachine (ContainerStateMachine.java:loadSnapshot(226)) - group-F57346CC5390: The snapshot info is null. Setting the last applied indexto:(t:0, i:~)
2019-08-21 09:11:43,171 [pool-192-thread-1] INFO  server.RaftServerConfigKeys (ConfUtils.java:logGet(43)) - raft.server.leader.election.timeout = 120s (custom)
2019-08-21 09:11:43,172 [pool-192-thread-1] INFO  server.RaftServerConfigKeys (ConfUtils.java:logGet(43)) - raft.server.log.use.memory = false (default)
2019-08-21 09:11:43,172 [pool-192-thread-1] INFO  server.RaftServerConfigKeys (ConfUtils.java:logGet(43)) - raft.server.log.purge.gap = 1000000 (custom)
2019-08-21 09:11:43,172 [pool-192-thread-1] INFO  server.RaftServerConfigKeys (ConfUtils.java:logGet(43)) - raft.server.log.appender.buffer.byte-limit = 33554432 (custom)
2019-08-21 09:11:43,172 [pool-192-thread-1] INFO  server.RaftServerConfigKeys (ConfUtils.java:logGet(43)) - raft.server.log.segment.size.max = 1048576 (custom)
2019-08-21 09:11:43,172 [pool-192-thread-1] INFO  server.RaftServerConfigKeys (ConfUtils.java:logGet(43)) - raft.server.log.segment.cache.num.max = 2 (custom)
2019-08-21 09:11:43,172 [pool-192-thread-1] INFO  segmented.SegmentedRaftLogWorker (SegmentedRaftLogWorker.java:<init>(172)) - new 2efe7137-c334-43ac-ad86-ba58d4ed3c70-SegmentedRaftLogWorker:Storage Directory /workdir/hadoop-ozone/integration-test/target/test-dir/MiniOzoneClusterImpl-8d39adcc-ca79-4cf5-8766-ebbdd557e88b/datanode-6/data/ratis/8d813032-b8ad-41b2-848b-f57346cc5390 for RaftStorage:Storage Directory /workdir/hadoop-ozone/integration-test/target/test-dir/MiniOzoneClusterImpl-8d39adcc-ca79-4cf5-8766-ebbdd557e88b/datanode-6/data/ratis/8d813032-b8ad-41b2-848b-f57346cc5390
2019-08-21 09:11:43,173 [pool-192-thread-1] INFO  server.RaftServerConfigKeys (ConfUtils.java:logGet(43)) - raft.server.log.queue.byte-limit = 2147483647 (custom)
2019-08-21 09:11:43,173 [pool-192-thread-1] INFO  server.RaftServerConfigKeys (ConfUtils.java:logGet(43)) - raft.server.log.queue.element-limit = 1024 (custom)
2019-08-21 09:11:43,173 [pool-192-thread-1] INFO  server.RaftServerConfigKeys (ConfUtils.java:logGet(43)) - raft.server.log.segment.size.max = 1048576 (custom)
2019-08-21 09:11:43,173 [pool-192-thread-1] INFO  server.RaftServerConfigKeys (ConfUtils.java:logGet(43)) - raft.server.log.preallocated.size = 16384 (custom)
2019-08-21 09:11:43,173 [pool-192-thread-1] INFO  server.RaftServerConfigKeys (ConfUtils.java:logGet(43)) - raft.server.log.write.buffer.size = 33554432 (custom)
2019-08-21 09:11:43,173 [pool-192-thread-1] INFO  server.RaftServerConfigKeys (ConfUtils.java:logGet(43)) - raft.server.log.force.sync.num = 128 (default)
2019-08-21 09:11:43,174 [pool-192-thread-1] INFO  server.RaftServerConfigKeys (ConfUtils.java:logGet(43)) - raft.server.log.statemachine.data.sync = true (default)
2019-08-21 09:11:43,174 [pool-192-thread-1] INFO  server.RaftServerConfigKeys (ConfUtils.java:logGet(43)) - raft.server.log.statemachine.data.sync.timeout = 10s (default)
2019-08-21 09:11:43,174 [pool-192-thread-1] INFO  server.RaftServerConfigKeys (ConfUtils.java:logGet(43)) - raft.server.log.statemachine.data.sync.timeout.retry = -1 (default)
2019-08-21 09:11:43,174 [pool-192-thread-1] INFO  server.RaftServerConfigKeys (ConfUtils.java:logGet(43)) - raft.server.log.statemachine.data.caching.enabled = true (custom)
2019-08-21 09:11:43,174 [pool-192-thread-1] INFO  segmented.SegmentedRaftLogWorker (SegmentedRaftLogWorker.java:lambda$new$0(132)) - 2efe7137-c334-43ac-ad86-ba58d4ed3c70-SegmentedRaftLogWorker:Storage Directory /workdir/hadoop-ozone/integration-test/target/test-dir/MiniOzoneClusterImpl-8d39adcc-ca79-4cf5-8766-ebbdd557e88b/datanode-6/data/ratis/8d813032-b8ad-41b2-848b-f57346cc5390: flushIndex: setUnconditionally 0 -> -1
2019-08-21 09:11:43,175 [pool-192-thread-1] INFO  server.RaftServerConfigKeys (ConfUtils.java:logGet(43)) - raft.server.snapshot.auto.trigger.enabled = true (custom)
2019-08-21 09:11:43,175 [pool-192-thread-1] INFO  server.RaftServerConfigKeys (ConfUtils.java:logGet(43)) - raft.server.snapshot.auto.trigger.threshold = 10000 (custom)
2019-08-21 09:11:43,175 [pool-192-thread-1] INFO  server.RaftServerConfigKeys (ConfUtils.java:logGet(43)) - raft.server.retrycache.expirytime = 600000ms (custom)
2019-08-21 09:11:43,175 [pool-192-thread-1] INFO  impl.RaftServerImpl (RaftServerImpl.java:start(180)) - 2efe7137-c334-43ac-ad86-ba58d4ed3c70: start group-F57346CC5390
2019-08-21 09:11:43,175 [pool-192-thread-1] INFO  impl.RaftServerImpl (RaftServerImpl.java:setRole(171)) - 2efe7137-c334-43ac-ad86-ba58d4ed3c70:group-F57346CC5390 changes role from null to FOLLOWER at term 0 for startAsFollower
2019-08-21 09:11:43,176 [pool-192-thread-1] INFO  impl.RoleInfo (RoleInfo.java:updateAndGet(143)) - 2efe7137-c334-43ac-ad86-ba58d4ed3c70: start FollowerState
2019-08-21 09:11:43,176 [pool-192-thread-1] INFO  util.JmxRegister (JmxRegister.java:tryRegister(44)) - Successfully registered JMX Bean with object name Ratis:service=RaftServer,group=group-F57346CC5390,id=2efe7137-c334-43ac-ad86-ba58d4ed3c70
2019-08-21 09:11:43,179 [RatisPipelineUtilsThread] INFO  pipeline.PipelineStateManager (PipelineStateManager.java:addPipeline(56)) - Created pipeline Pipeline[ Id: 8d813032-b8ad-41b2-848b-f57346cc5390, Nodes: 2efe7137-c334-43ac-ad86-ba58d4ed3c70{ip: 192.168.34.50, host: pr-hdds-1596-dcd4j-996445439, networkLocation: /default-rack, certSerialId: null}, Type:RATIS, Factor:ONE, State:OPEN]
2019-08-21 09:11:43,563 | INFO  | SCMAudit | user=jenkins1000 | ip=192.168.34.50 | op=SEND_HEARTBEAT {datanodeUUID=b216f333-d584-463e-ac29-b520f4cc8032, command=[]} | ret=SUCCESS |  
2019-08-21 09:11:43,751 | INFO  | SCMAudit | user=jenkins1000 | ip=192.168.34.50 | op=SEND_HEARTBEAT {datanodeUUID=a8271a13-8b98-4259-a956-3406fefc9571, command=[]} | ret=SUCCESS |  
2019-08-21 09:11:44,040 | INFO  | SCMAudit | user=jenkins1000 | ip=192.168.34.50 | op=SEND_HEARTBEAT {datanodeUUID=4fc6c8fa-e96e-43c4-8369-e0ca8a7014d6, command=[]} | ret=SUCCESS |  
2019-08-21 09:11:44,128 [main] INFO  ozone.MiniOzoneClusterImpl (MiniOzoneClusterImpl.java:lambda$waitForClusterToBeReady$0(142)) - Cluster is ready. Got 7 of 7 DN Heartbeats.
2019-08-21 09:11:44,171 [main] INFO  rpc.RpcClient (RpcClient.java:createVolume(292)) - Creating Volume: testblockoutputstreamwithretries, with jenkins1000 as owner.
2019-08-21 09:11:44,174 | INFO  | OMAudit | user=jenkins1000 | ip=127.0.0.1 | op=CREATE_VOLUME {admin=jenkins1000, owner=jenkins1000, volume=testblockoutputstreamwithretries, creationTime=1566378704173, quotaInBytes=1152921504606846976} | ret=SUCCESS |  
2019-08-21 09:11:44,185 | INFO  | OMAudit | user=jenkins1000 | ip=127.0.0.1 | op=READ_VOLUME {volume=testblockoutputstreamwithretries} | ret=SUCCESS |  
2019-08-21 09:11:44,186 [main] INFO  rpc.RpcClient (RpcClient.java:createBucket(431)) - Creating Bucket: testblockoutputstreamwithretries/testblockoutputstreamwithretries, with Versioning false and Storage Type set to DISK and Encryption set to false 
2019-08-21 09:11:44,190 | INFO  | OMAudit | user=jenkins1000 | ip=127.0.0.1 | op=CREATE_BUCKET {volume=testblockoutputstreamwithretries, bucket=testblockoutputstreamwithretries, acls=[user:jenkins1000:a[ACCESS], group:default:a[ACCESS]], isVersionEnabled=false, storageType=DISK, creationTime=0} | ret=SUCCESS |  
2019-08-21 09:11:44,192 | INFO  | OMAudit | user=jenkins1000 | ip=127.0.0.1 | op=READ_VOLUME {volume=testblockoutputstreamwithretries} | ret=SUCCESS |  
2019-08-21 09:11:44,194 | INFO  | OMAudit | user=jenkins1000 | ip=127.0.0.1 | op=READ_BUCKET {volume=testblockoutputstreamwithretries, bucket=testblockoutputstreamwithretries} | ret=SUCCESS |  
2019-08-21 09:11:44,200 | INFO  | SCMAudit | user=jenkins1000 | ip=127.0.0.1 | op=ALLOCATE_BLOCK {owner=633efaf6-f75d-4b8e-b949-13110b2b341d, size=800, type=RATIS, factor=THREE} | ret=SUCCESS |  
2019-08-21 09:11:44,202 | INFO  | OMAudit | user=jenkins1000 | ip=127.0.0.1 | op=ALLOCATE_KEY {volume=testblockoutputstreamwithretries, bucket=testblockoutputstreamwithretries, key=5b693f93-f8e8-4760-a647-c029ccf13f4a, dataSize=3200, replicationType=RATIS, replicationFactor=THREE, keyLocationInfo=null} | ret=SUCCESS |  
2019-08-21 09:11:44,224 [grpc-default-executor-2] INFO  client.GrpcClientProtocolClient (GrpcClientProtocolClient.java:onNext(255)) - client-765D7F86C248->4fc6c8fa-e96e-43c4-8369-e0ca8a7014d6: receive RaftClientReply:client-765D7F86C248->4fc6c8fa-e96e-43c4-8369-e0ca8a7014d6@group-159FDE3C55F8, cid=42, FAILED org.apache.ratis.protocol.NotLeaderException: Server 4fc6c8fa-e96e-43c4-8369-e0ca8a7014d6 is not the leader (null). Request must be sent to leader., logIndex=0, commits[4fc6c8fa-e96e-43c4-8369-e0ca8a7014d6:c-1]
2019-08-21 09:11:44,278 | INFO  | SCMAudit | user=jenkins1000 | ip=192.168.34.50 | op=SEND_HEARTBEAT {datanodeUUID=328a75f0-8ecf-454d-ac4a-ee464a922ba9, command=[]} | ret=SUCCESS |  
2019-08-21 09:11:44,562 | INFO  | SCMAudit | user=jenkins1000 | ip=192.168.34.50 | op=SEND_HEARTBEAT {datanodeUUID=b216f333-d584-463e-ac29-b520f4cc8032, command=[]} | ret=SUCCESS |  
2019-08-21 09:11:44,577 [Thread-682] INFO  container.ReplicationManager (ReplicationManager.java:start(152)) - Starting Replication Monitor Thread.
2019-08-21 09:11:44,581 [ReplicationMonitor] INFO  container.ReplicationManager (ReplicationManager.java:run(215)) - Replication Monitor Thread took 0 milliseconds for processing 3 containers.
2019-08-21 09:11:44,680 | INFO  | SCMAudit | user=jenkins1000 | ip=192.168.34.50 | op=SEND_HEARTBEAT {datanodeUUID=d93e8726-51c7-48e5-91db-a9280c3a0547, command=[]} | ret=SUCCESS |  
2019-08-21 09:11:44,751 | INFO  | SCMAudit | user=jenkins1000 | ip=192.168.34.50 | op=SEND_HEARTBEAT {datanodeUUID=a8271a13-8b98-4259-a956-3406fefc9571, command=[]} | ret=SUCCESS |  
2019-08-21 09:11:44,879 | INFO  | SCMAudit | user=jenkins1000 | ip=192.168.34.50 | op=SEND_HEARTBEAT {datanodeUUID=5ea20691-5ab9-4695-ab1d-7e722de7481e, command=[]} | ret=SUCCESS |  
2019-08-21 09:11:45,040 | INFO  | SCMAudit | user=jenkins1000 | ip=192.168.34.50 | op=SEND_HEARTBEAT {datanodeUUID=4fc6c8fa-e96e-43c4-8369-e0ca8a7014d6, command=[]} | ret=SUCCESS |  
2019-08-21 09:11:45,129 | INFO  | SCMAudit | user=jenkins1000 | ip=192.168.34.50 | op=SEND_HEARTBEAT {datanodeUUID=2efe7137-c334-43ac-ad86-ba58d4ed3c70, command=[]} | ret=SUCCESS |  
2019-08-21 09:11:45,249 [grpc-default-executor-2] INFO  client.GrpcClientProtocolClient (GrpcClientProtocolClient.java:onNext(255)) - client-765D7F86C248->b216f333-d584-463e-ac29-b520f4cc8032: receive RaftClientReply:client-765D7F86C248->b216f333-d584-463e-ac29-b520f4cc8032@group-159FDE3C55F8, cid=42, FAILED org.apache.ratis.protocol.NotLeaderException: Server b216f333-d584-463e-ac29-b520f4cc8032 is not the leader (null). Request must be sent to leader., logIndex=0, commits[b216f333-d584-463e-ac29-b520f4cc8032:c-1]
2019-08-21 09:11:45,280 | INFO  | SCMAudit | user=jenkins1000 | ip=192.168.34.50 | op=SEND_HEARTBEAT {datanodeUUID=328a75f0-8ecf-454d-ac4a-ee464a922ba9, command=[]} | ret=SUCCESS |  
2019-08-21 09:11:45,563 | INFO  | SCMAudit | user=jenkins1000 | ip=192.168.34.50 | op=SEND_HEARTBEAT {datanodeUUID=b216f333-d584-463e-ac29-b520f4cc8032, command=[]} | ret=SUCCESS |  
2019-08-21 09:11:45,680 | INFO  | SCMAudit | user=jenkins1000 | ip=192.168.34.50 | op=SEND_HEARTBEAT {datanodeUUID=d93e8726-51c7-48e5-91db-a9280c3a0547, command=[]} | ret=SUCCESS |  
2019-08-21 09:11:45,751 | INFO  | SCMAudit | user=jenkins1000 | ip=192.168.34.50 | op=SEND_HEARTBEAT {datanodeUUID=a8271a13-8b98-4259-a956-3406fefc9571, command=[]} | ret=SUCCESS |  
2019-08-21 09:11:45,879 | INFO  | SCMAudit | user=jenkins1000 | ip=192.168.34.50 | op=SEND_HEARTBEAT {datanodeUUID=5ea20691-5ab9-4695-ab1d-7e722de7481e, command=[]} | ret=SUCCESS |  
2019-08-21 09:11:46,041 | INFO  | SCMAudit | user=jenkins1000 | ip=192.168.34.50 | op=SEND_HEARTBEAT {datanodeUUID=4fc6c8fa-e96e-43c4-8369-e0ca8a7014d6, command=[]} | ret=SUCCESS |  
2019-08-21 09:11:46,129 | INFO  | SCMAudit | user=jenkins1000 | ip=192.168.34.50 | op=SEND_HEARTBEAT {datanodeUUID=2efe7137-c334-43ac-ad86-ba58d4ed3c70, command=[]} | ret=SUCCESS |  
2019-08-21 09:11:46,273 [grpc-default-executor-4] INFO  client.GrpcClientProtocolClient (GrpcClientProtocolClient.java:onNext(255)) - client-765D7F86C248->4fc6c8fa-e96e-43c4-8369-e0ca8a7014d6: receive RaftClientReply:client-765D7F86C248->4fc6c8fa-e96e-43c4-8369-e0ca8a7014d6@group-159FDE3C55F8, cid=42, FAILED org.apache.ratis.protocol.NotLeaderException: Server 4fc6c8fa-e96e-43c4-8369-e0ca8a7014d6 is not the leader (null). Request must be sent to leader., logIndex=0, commits[4fc6c8fa-e96e-43c4-8369-e0ca8a7014d6:c-1]
2019-08-21 09:11:46,283 | INFO  | SCMAudit | user=jenkins1000 | ip=192.168.34.50 | op=SEND_HEARTBEAT {datanodeUUID=328a75f0-8ecf-454d-ac4a-ee464a922ba9, command=[]} | ret=SUCCESS |  
2019-08-21 09:11:46,562 | INFO  | SCMAudit | user=jenkins1000 | ip=192.168.34.50 | op=SEND_HEARTBEAT {datanodeUUID=b216f333-d584-463e-ac29-b520f4cc8032, command=[]} | ret=SUCCESS |  
2019-08-21 09:11:46,680 | INFO  | SCMAudit | user=jenkins1000 | ip=192.168.34.50 | op=SEND_HEARTBEAT {datanodeUUID=d93e8726-51c7-48e5-91db-a9280c3a0547, command=[]} | ret=SUCCESS |  
2019-08-21 09:11:46,752 | INFO  | SCMAudit | user=jenkins1000 | ip=192.168.34.50 | op=SEND_HEARTBEAT {datanodeUUID=a8271a13-8b98-4259-a956-3406fefc9571, command=[]} | ret=SUCCESS |  
2019-08-21 09:11:46,763 [Thread-684] INFO  impl.FollowerState (FollowerState.java:run(106)) - b216f333-d584-463e-ac29-b520f4cc8032:group-9F44DFDB49AD changes to CANDIDATE, lastRpcTime:5139, electionTimeout:5139ms
2019-08-21 09:11:46,763 [Thread-684] INFO  impl.RoleInfo (RoleInfo.java:shutdownFollowerState(121)) - b216f333-d584-463e-ac29-b520f4cc8032: shutdown FollowerState
2019-08-21 09:11:46,763 [Thread-684] INFO  impl.RaftServerImpl (RaftServerImpl.java:setRole(171)) - b216f333-d584-463e-ac29-b520f4cc8032:group-9F44DFDB49AD changes role from FOLLOWER to CANDIDATE at term 0 for changeToCandidate
2019-08-21 09:11:46,764 [Thread-684] INFO  impl.RoleInfo (RoleInfo.java:updateAndGet(143)) - b216f333-d584-463e-ac29-b520f4cc8032: start LeaderElection
2019-08-21 09:11:46,784 [b216f333-d584-463e-ac29-b520f4cc8032:group-9F44DFDB49AD:LeaderElection13] INFO  impl.LeaderElection (LeaderElection.java:askForVotes(181)) - b216f333-d584-463e-ac29-b520f4cc8032:group-9F44DFDB49AD:LeaderElection13: begin an election at term 1 for -1: [b216f333-d584-463e-ac29-b520f4cc8032:192.168.34.50:33369], old=null
2019-08-21 09:11:46,785 [b216f333-d584-463e-ac29-b520f4cc8032:group-9F44DFDB49AD:LeaderElection13] INFO  impl.RoleInfo (RoleInfo.java:shutdownLeaderElection(134)) - b216f333-d584-463e-ac29-b520f4cc8032: shutdown LeaderElection
2019-08-21 09:11:46,785 [b216f333-d584-463e-ac29-b520f4cc8032:group-9F44DFDB49AD:LeaderElection13] INFO  impl.RaftServerImpl (RaftServerImpl.java:setRole(171)) - b216f333-d584-463e-ac29-b520f4cc8032:group-9F44DFDB49AD changes role from CANDIDATE to LEADER at term 1 for changeToLeader
2019-08-21 09:11:46,785 [b216f333-d584-463e-ac29-b520f4cc8032:group-9F44DFDB49AD:LeaderElection13] INFO  impl.RaftServerImpl (ServerState.java:setLeader(263)) - b216f333-d584-463e-ac29-b520f4cc8032:group-9F44DFDB49AD change Leader from null to b216f333-d584-463e-ac29-b520f4cc8032 at term 1 for becomeLeader, leader elected after 5166ms
2019-08-21 09:11:46,787 [b216f333-d584-463e-ac29-b520f4cc8032:group-9F44DFDB49AD:LeaderElection13] INFO  server.RaftServerConfigKeys (ConfUtils.java:logGet(43)) - raft.server.staging.catchup.gap = 1000 (default)
2019-08-21 09:11:46,788 [b216f333-d584-463e-ac29-b520f4cc8032:group-9F44DFDB49AD:LeaderElection13] INFO  server.RaftServerConfigKeys (ConfUtils.java:logGet(43)) - raft.server.rpc.sleep.time = 25ms (default)
2019-08-21 09:11:46,788 [b216f333-d584-463e-ac29-b520f4cc8032:group-9F44DFDB49AD:LeaderElection13] INFO  server.RaftServerConfigKeys (ConfUtils.java:logGet(43)) - raft.server.write.element-limit = 4096 (default)
2019-08-21 09:11:46,788 [b216f333-d584-463e-ac29-b520f4cc8032:group-9F44DFDB49AD:LeaderElection13] INFO  server.RaftServerConfigKeys (ConfUtils.java:logGet(43)) - raft.server.watch.timeout = 10s (default)
2019-08-21 09:11:46,788 [b216f333-d584-463e-ac29-b520f4cc8032:group-9F44DFDB49AD:LeaderElection13] INFO  server.RaftServerConfigKeys (ConfUtils.java:logGet(43)) - raft.server.watch.timeout.denomination = 1s (default)
2019-08-21 09:11:46,789 [b216f333-d584-463e-ac29-b520f4cc8032:group-9F44DFDB49AD:LeaderElection13] INFO  server.RaftServerConfigKeys (ConfUtils.java:logGet(43)) - raft.server.watch.element-limit = 65536 (default)
2019-08-21 09:11:46,789 [b216f333-d584-463e-ac29-b520f4cc8032:group-9F44DFDB49AD:LeaderElection13] INFO  impl.RoleInfo (RoleInfo.java:updateAndGet(143)) - b216f333-d584-463e-ac29-b520f4cc8032: start LeaderState
2019-08-21 09:11:46,789 [b216f333-d584-463e-ac29-b520f4cc8032:group-9F44DFDB49AD:LeaderElection13] INFO  segmented.SegmentedRaftLogWorker (SegmentedRaftLogWorker.java:startLogSegment(380)) - b216f333-d584-463e-ac29-b520f4cc8032-SegmentedRaftLogWorker:Storage Directory /workdir/hadoop-ozone/integration-test/target/test-dir/MiniOzoneClusterImpl-8d39adcc-ca79-4cf5-8766-ebbdd557e88b/datanode-0/data/ratis/ce762659-06a4-4c05-acfe-9f44dfdb49ad: Starting segment from index:0
2019-08-21 09:11:46,790 [b216f333-d584-463e-ac29-b520f4cc8032:group-9F44DFDB49AD:LeaderElection13] INFO  impl.RaftServerImpl (ServerState.java:setRaftConf(361)) - b216f333-d584-463e-ac29-b520f4cc8032:group-9F44DFDB49AD set configuration 0: [b216f333-d584-463e-ac29-b520f4cc8032:192.168.34.50:33369], old=null at 0
2019-08-21 09:11:46,847 [b216f333-d584-463e-ac29-b520f4cc8032-SegmentedRaftLogWorker:Storage Directory /workdir/hadoop-ozone/integration-test/target/test-dir/MiniOzoneClusterImpl-8d39adcc-ca79-4cf5-8766-ebbdd557e88b/datanode-0/data/ratis/ce762659-06a4-4c05-acfe-9f44dfdb49ad] INFO  segmented.SegmentedRaftLogWorker (SegmentedRaftLogWorker.java:execute(569)) - b216f333-d584-463e-ac29-b520f4cc8032-SegmentedRaftLogWorker:Storage Directory /workdir/hadoop-ozone/integration-test/target/test-dir/MiniOzoneClusterImpl-8d39adcc-ca79-4cf5-8766-ebbdd557e88b/datanode-0/data/ratis/ce762659-06a4-4c05-acfe-9f44dfdb49ad: created new log segment /workdir/hadoop-ozone/integration-test/target/test-dir/MiniOzoneClusterImpl-8d39adcc-ca79-4cf5-8766-ebbdd557e88b/datanode-0/data/ratis/ce762659-06a4-4c05-acfe-9f44dfdb49ad/current/log_inprogress_0
2019-08-21 09:11:46,854 [Thread-687] INFO  impl.FollowerState (FollowerState.java:run(106)) - a8271a13-8b98-4259-a956-3406fefc9571:group-2AD6B67F6A44 changes to CANDIDATE, lastRpcTime:5050, electionTimeout:5050ms
2019-08-21 09:11:46,855 [Thread-687] INFO  impl.RoleInfo (RoleInfo.java:shutdownFollowerState(121)) - a8271a13-8b98-4259-a956-3406fefc9571: shutdown FollowerState
2019-08-21 09:11:46,855 [Thread-687] INFO  impl.RaftServerImpl (RaftServerImpl.java:setRole(171)) - a8271a13-8b98-4259-a956-3406fefc9571:group-2AD6B67F6A44 changes role from FOLLOWER to CANDIDATE at term 0 for changeToCandidate
2019-08-21 09:11:46,855 [Thread-687] INFO  impl.RoleInfo (RoleInfo.java:updateAndGet(143)) - a8271a13-8b98-4259-a956-3406fefc9571: start LeaderElection
2019-08-21 09:11:46,879 | INFO  | SCMAudit | user=jenkins1000 | ip=192.168.34.50 | op=SEND_HEARTBEAT {datanodeUUID=5ea20691-5ab9-4695-ab1d-7e722de7481e, command=[]} | ret=SUCCESS |  
2019-08-21 09:11:46,882 [a8271a13-8b98-4259-a956-3406fefc9571:group-2AD6B67F6A44:LeaderElection14] INFO  impl.LeaderElection (LeaderElection.java:askForVotes(181)) - a8271a13-8b98-4259-a956-3406fefc9571:group-2AD6B67F6A44:LeaderElection14: begin an election at term 1 for -1: [a8271a13-8b98-4259-a956-3406fefc9571:192.168.34.50:42205], old=null
2019-08-21 09:11:46,883 [a8271a13-8b98-4259-a956-3406fefc9571:group-2AD6B67F6A44:LeaderElection14] INFO  impl.RoleInfo (RoleInfo.java:shutdownLeaderElection(134)) - a8271a13-8b98-4259-a956-3406fefc9571: shutdown LeaderElection
2019-08-21 09:11:46,883 [a8271a13-8b98-4259-a956-3406fefc9571:group-2AD6B67F6A44:LeaderElection14] INFO  impl.RaftServerImpl (RaftServerImpl.java:setRole(171)) - a8271a13-8b98-4259-a956-3406fefc9571:group-2AD6B67F6A44 changes role from CANDIDATE to LEADER at term 1 for changeToLeader
2019-08-21 09:11:46,883 [a8271a13-8b98-4259-a956-3406fefc9571:group-2AD6B67F6A44:LeaderElection14] INFO  impl.RaftServerImpl (ServerState.java:setLeader(263)) - a8271a13-8b98-4259-a956-3406fefc9571:group-2AD6B67F6A44 change Leader from null to a8271a13-8b98-4259-a956-3406fefc9571 at term 1 for becomeLeader, leader elected after 5084ms
2019-08-21 09:11:46,885 [a8271a13-8b98-4259-a956-3406fefc9571:group-2AD6B67F6A44:LeaderElection14] INFO  server.RaftServerConfigKeys (ConfUtils.java:logGet(43)) - raft.server.staging.catchup.gap = 1000 (default)
2019-08-21 09:11:46,885 [a8271a13-8b98-4259-a956-3406fefc9571:group-2AD6B67F6A44:LeaderElection14] INFO  server.RaftServerConfigKeys (ConfUtils.java:logGet(43)) - raft.server.rpc.sleep.time = 25ms (default)
2019-08-21 09:11:46,886 [a8271a13-8b98-4259-a956-3406fefc9571:group-2AD6B67F6A44:LeaderElection14] INFO  server.RaftServerConfigKeys (ConfUtils.java:logGet(43)) - raft.server.write.element-limit = 4096 (default)
2019-08-21 09:11:46,886 [a8271a13-8b98-4259-a956-3406fefc9571:group-2AD6B67F6A44:LeaderElection14] INFO  server.RaftServerConfigKeys (ConfUtils.java:logGet(43)) - raft.server.watch.timeout = 10s (default)
2019-08-21 09:11:46,886 [a8271a13-8b98-4259-a956-3406fefc9571:group-2AD6B67F6A44:LeaderElection14] INFO  server.RaftServerConfigKeys (ConfUtils.java:logGet(43)) - raft.server.watch.timeout.denomination = 1s (default)
2019-08-21 09:11:46,886 [a8271a13-8b98-4259-a956-3406fefc9571:group-2AD6B67F6A44:LeaderElection14] INFO  server.RaftServerConfigKeys (ConfUtils.java:logGet(43)) - raft.server.watch.element-limit = 65536 (default)
2019-08-21 09:11:46,887 [a8271a13-8b98-4259-a956-3406fefc9571:group-2AD6B67F6A44:LeaderElection14] INFO  impl.RoleInfo (RoleInfo.java:updateAndGet(143)) - a8271a13-8b98-4259-a956-3406fefc9571: start LeaderState
2019-08-21 09:11:46,887 [a8271a13-8b98-4259-a956-3406fefc9571:group-2AD6B67F6A44:LeaderElection14] INFO  segmented.SegmentedRaftLogWorker (SegmentedRaftLogWorker.java:startLogSegment(380)) - a8271a13-8b98-4259-a956-3406fefc9571-SegmentedRaftLogWorker:Storage Directory /workdir/hadoop-ozone/integration-test/target/test-dir/MiniOzoneClusterImpl-8d39adcc-ca79-4cf5-8766-ebbdd557e88b/datanode-1/data/ratis/c12c0a9c-0442-4b60-8263-2ad6b67f6a44: Starting segment from index:0
2019-08-21 09:11:46,887 [a8271a13-8b98-4259-a956-3406fefc9571:group-2AD6B67F6A44:LeaderElection14] INFO  impl.RaftServerImpl (ServerState.java:setRaftConf(361)) - a8271a13-8b98-4259-a956-3406fefc9571:group-2AD6B67F6A44 set configuration 0: [a8271a13-8b98-4259-a956-3406fefc9571:192.168.34.50:42205], old=null at 0
2019-08-21 09:11:46,932 [a8271a13-8b98-4259-a956-3406fefc9571-SegmentedRaftLogWorker:Storage Directory /workdir/hadoop-ozone/integration-test/target/test-dir/MiniOzoneClusterImpl-8d39adcc-ca79-4cf5-8766-ebbdd557e88b/datanode-1/data/ratis/c12c0a9c-0442-4b60-8263-2ad6b67f6a44] INFO  segmented.SegmentedRaftLogWorker (SegmentedRaftLogWorker.java:execute(569)) - a8271a13-8b98-4259-a956-3406fefc9571-SegmentedRaftLogWorker:Storage Directory /workdir/hadoop-ozone/integration-test/target/test-dir/MiniOzoneClusterImpl-8d39adcc-ca79-4cf5-8766-ebbdd557e88b/datanode-1/data/ratis/c12c0a9c-0442-4b60-8263-2ad6b67f6a44: created new log segment /workdir/hadoop-ozone/integration-test/target/test-dir/MiniOzoneClusterImpl-8d39adcc-ca79-4cf5-8766-ebbdd557e88b/datanode-1/data/ratis/c12c0a9c-0442-4b60-8263-2ad6b67f6a44/current/log_inprogress_0
2019-08-21 09:11:47,040 | INFO  | SCMAudit | user=jenkins1000 | ip=192.168.34.50 | op=SEND_HEARTBEAT {datanodeUUID=4fc6c8fa-e96e-43c4-8369-e0ca8a7014d6, command=[]} | ret=SUCCESS |  
2019-08-21 09:11:47,129 | INFO  | SCMAudit | user=jenkins1000 | ip=192.168.34.50 | op=SEND_HEARTBEAT {datanodeUUID=2efe7137-c334-43ac-ad86-ba58d4ed3c70, command=[]} | ret=SUCCESS |  
2019-08-21 09:11:47,164 [Thread-693] INFO  impl.FollowerState (FollowerState.java:run(106)) - b216f333-d584-463e-ac29-b520f4cc8032:group-159FDE3C55F8 changes to CANDIDATE, lastRpcTime:5002, electionTimeout:5002ms
2019-08-21 09:11:47,164 [Thread-693] INFO  impl.RoleInfo (RoleInfo.java:shutdownFollowerState(121)) - b216f333-d584-463e-ac29-b520f4cc8032: shutdown FollowerState
2019-08-21 09:11:47,164 [Thread-693] INFO  impl.RaftServerImpl (RaftServerImpl.java:setRole(171)) - b216f333-d584-463e-ac29-b520f4cc8032:group-159FDE3C55F8 changes role from FOLLOWER to CANDIDATE at term 0 for changeToCandidate
2019-08-21 09:11:47,164 [Thread-693] INFO  impl.RoleInfo (RoleInfo.java:updateAndGet(143)) - b216f333-d584-463e-ac29-b520f4cc8032: start LeaderElection
2019-08-21 09:11:47,180 [b216f333-d584-463e-ac29-b520f4cc8032:group-159FDE3C55F8:LeaderElection15] INFO  impl.LeaderElection (LeaderElection.java:askForVotes(181)) - b216f333-d584-463e-ac29-b520f4cc8032:group-159FDE3C55F8:LeaderElection15: begin an election at term 1 for -1: [4fc6c8fa-e96e-43c4-8369-e0ca8a7014d6:192.168.34.50:38960, b216f333-d584-463e-ac29-b520f4cc8032:192.168.34.50:33369, a8271a13-8b98-4259-a956-3406fefc9571:192.168.34.50:42205], old=null
2019-08-21 09:11:47,187 [grpc-default-executor-4] INFO  impl.RaftServerImpl (RaftServerImpl.java:setRole(171)) - a8271a13-8b98-4259-a956-3406fefc9571:group-159FDE3C55F8 changes role from FOLLOWER to FOLLOWER at term 1 for recognizeCandidate:b216f333-d584-463e-ac29-b520f4cc8032
2019-08-21 09:11:47,187 [grpc-default-executor-2] INFO  impl.RaftServerImpl (RaftServerImpl.java:setRole(171)) - 4fc6c8fa-e96e-43c4-8369-e0ca8a7014d6:group-159FDE3C55F8 changes role from FOLLOWER to FOLLOWER at term 1 for recognizeCandidate:b216f333-d584-463e-ac29-b520f4cc8032
2019-08-21 09:11:47,187 [grpc-default-executor-4] INFO  impl.RoleInfo (RoleInfo.java:shutdownFollowerState(121)) - a8271a13-8b98-4259-a956-3406fefc9571: shutdown FollowerState
2019-08-21 09:11:47,187 [grpc-default-executor-2] INFO  impl.RoleInfo (RoleInfo.java:shutdownFollowerState(121)) - 4fc6c8fa-e96e-43c4-8369-e0ca8a7014d6: shutdown FollowerState
2019-08-21 09:11:47,188 [grpc-default-executor-4] INFO  impl.RoleInfo (RoleInfo.java:updateAndGet(143)) - a8271a13-8b98-4259-a956-3406fefc9571: start FollowerState
2019-08-21 09:11:47,188 [Thread-698] INFO  impl.FollowerState (FollowerState.java:run(114)) - 4fc6c8fa-e96e-43c4-8369-e0ca8a7014d6: FollowerState was interrupted: java.lang.InterruptedException: sleep interrupted
2019-08-21 09:11:47,188 [Thread-696] INFO  impl.FollowerState (FollowerState.java:run(114)) - a8271a13-8b98-4259-a956-3406fefc9571: FollowerState was interrupted: java.lang.InterruptedException: sleep interrupted
2019-08-21 09:11:47,188 [grpc-default-executor-2] INFO  impl.RoleInfo (RoleInfo.java:updateAndGet(143)) - 4fc6c8fa-e96e-43c4-8369-e0ca8a7014d6: start FollowerState
2019-08-21 09:11:47,208 [b216f333-d584-463e-ac29-b520f4cc8032:group-159FDE3C55F8:LeaderElection15] INFO  impl.LeaderElection (LeaderElection.java:logAndReturn(56)) - b216f333-d584-463e-ac29-b520f4cc8032:group-159FDE3C55F8:LeaderElection15: Election PASSED; received 1 response(s) [b216f333-d584-463e-ac29-b520f4cc8032<-4fc6c8fa-e96e-43c4-8369-e0ca8a7014d6#0:OK-t1] and 0 exception(s); b216f333-d584-463e-ac29-b520f4cc8032:t1, leader=null, voted=b216f333-d584-463e-ac29-b520f4cc8032, raftlog=b216f333-d584-463e-ac29-b520f4cc8032-SegmentedRaftLog:OPENED:c-1,f-1,i0, conf=-1: [4fc6c8fa-e96e-43c4-8369-e0ca8a7014d6:192.168.34.50:38960, b216f333-d584-463e-ac29-b520f4cc8032:192.168.34.50:33369, a8271a13-8b98-4259-a956-3406fefc9571:192.168.34.50:42205], old=null
2019-08-21 09:11:47,208 [b216f333-d584-463e-ac29-b520f4cc8032:group-159FDE3C55F8:LeaderElection15] INFO  impl.RoleInfo (RoleInfo.java:shutdownLeaderElection(134)) - b216f333-d584-463e-ac29-b520f4cc8032: shutdown LeaderElection
2019-08-21 09:11:47,211 [b216f333-d584-463e-ac29-b520f4cc8032:group-159FDE3C55F8:LeaderElection15] INFO  impl.RaftServerImpl (RaftServerImpl.java:setRole(171)) - b216f333-d584-463e-ac29-b520f4cc8032:group-159FDE3C55F8 changes role from CANDIDATE to LEADER at term 1 for changeToLeader
2019-08-21 09:11:47,211 [b216f333-d584-463e-ac29-b520f4cc8032:group-159FDE3C55F8:LeaderElection15] INFO  impl.RaftServerImpl (ServerState.java:setLeader(263)) - b216f333-d584-463e-ac29-b520f4cc8032:group-159FDE3C55F8 change Leader from null to b216f333-d584-463e-ac29-b520f4cc8032 at term 1 for becomeLeader, leader elected after 5057ms
2019-08-21 09:11:47,219 [b216f333-d584-463e-ac29-b520f4cc8032:group-159FDE3C55F8:LeaderElection15] INFO  server.RaftServerConfigKeys (ConfUtils.java:logGet(43)) - raft.server.staging.catchup.gap = 1000 (default)
2019-08-21 09:11:47,219 [b216f333-d584-463e-ac29-b520f4cc8032:group-159FDE3C55F8:LeaderElection15] INFO  server.RaftServerConfigKeys (ConfUtils.java:logGet(43)) - raft.server.rpc.sleep.time = 25ms (default)
2019-08-21 09:11:47,219 [b216f333-d584-463e-ac29-b520f4cc8032:group-159FDE3C55F8:LeaderElection15] INFO  server.RaftServerConfigKeys (ConfUtils.java:logGet(43)) - raft.server.write.element-limit = 4096 (default)
2019-08-21 09:11:47,219 [b216f333-d584-463e-ac29-b520f4cc8032:group-159FDE3C55F8:LeaderElection15] INFO  server.RaftServerConfigKeys (ConfUtils.java:logGet(43)) - raft.server.watch.timeout = 10s (default)
2019-08-21 09:11:47,219 [b216f333-d584-463e-ac29-b520f4cc8032:group-159FDE3C55F8:LeaderElection15] INFO  server.RaftServerConfigKeys (ConfUtils.java:logGet(43)) - raft.server.watch.timeout.denomination = 1s (default)
2019-08-21 09:11:47,220 [b216f333-d584-463e-ac29-b520f4cc8032:group-159FDE3C55F8:LeaderElection15] INFO  server.RaftServerConfigKeys (ConfUtils.java:logGet(43)) - raft.server.watch.element-limit = 65536 (default)
2019-08-21 09:11:47,220 [b216f333-d584-463e-ac29-b520f4cc8032:group-159FDE3C55F8:LeaderElection15] INFO  server.RaftServerConfigKeys (ConfUtils.java:logGet(43)) - raft.server.log.appender.snapshot.chunk.size.max = 16MB (=16777216) (default)
2019-08-21 09:11:47,220 [b216f333-d584-463e-ac29-b520f4cc8032:group-159FDE3C55F8:LeaderElection15] INFO  server.RaftServerConfigKeys (ConfUtils.java:logGet(43)) - raft.server.log.appender.buffer.byte-limit = 33554432 (custom)
2019-08-21 09:11:47,220 [b216f333-d584-463e-ac29-b520f4cc8032:group-159FDE3C55F8:LeaderElection15] INFO  server.RaftServerConfigKeys (ConfUtils.java:logGet(43)) - raft.server.log.appender.buffer.element-limit = 1 (custom)
2019-08-21 09:11:47,221 [b216f333-d584-463e-ac29-b520f4cc8032:group-159FDE3C55F8:LeaderElection15] INFO  grpc.GrpcConfigKeys$Server (ConfUtils.java:logGet(43)) - raft.grpc.server.leader.outstanding.appends.max = 128 (default)
2019-08-21 09:11:47,221 [b216f333-d584-463e-ac29-b520f4cc8032:group-159FDE3C55F8:LeaderElection15] INFO  server.RaftServerConfigKeys (ConfUtils.java:logGet(43)) - raft.server.rpc.request.timeout = 3000ms (default)
2019-08-21 09:11:47,221 [b216f333-d584-463e-ac29-b520f4cc8032:group-159FDE3C55F8:LeaderElection15] INFO  server.RaftServerConfigKeys (ConfUtils.java:logGet(43)) - raft.server.log.appender.install.snapshot.enabled = false (custom)
2019-08-21 09:11:47,221 [b216f333-d584-463e-ac29-b520f4cc8032:group-159FDE3C55F8:LeaderElection15] INFO  server.RaftServerConfigKeys (ConfUtils.java:logGet(43)) - raft.server.log.appender.snapshot.chunk.size.max = 16MB (=16777216) (default)
2019-08-21 09:11:47,221 [b216f333-d584-463e-ac29-b520f4cc8032:group-159FDE3C55F8:LeaderElection15] INFO  server.RaftServerConfigKeys (ConfUtils.java:logGet(43)) - raft.server.log.appender.buffer.byte-limit = 33554432 (custom)
2019-08-21 09:11:47,221 [b216f333-d584-463e-ac29-b520f4cc8032:group-159FDE3C55F8:LeaderElection15] INFO  server.RaftServerConfigKeys (ConfUtils.java:logGet(43)) - raft.server.log.appender.buffer.element-limit = 1 (custom)
2019-08-21 09:11:47,222 [b216f333-d584-463e-ac29-b520f4cc8032:group-159FDE3C55F8:LeaderElection15] INFO  grpc.GrpcConfigKeys$Server (ConfUtils.java:logGet(43)) - raft.grpc.server.leader.outstanding.appends.max = 128 (default)
2019-08-21 09:11:47,222 [b216f333-d584-463e-ac29-b520f4cc8032:group-159FDE3C55F8:LeaderElection15] INFO  server.RaftServerConfigKeys (ConfUtils.java:logGet(43)) - raft.server.rpc.request.timeout = 3000ms (default)
2019-08-21 09:11:47,222 [b216f333-d584-463e-ac29-b520f4cc8032:group-159FDE3C55F8:LeaderElection15] INFO  server.RaftServerConfigKeys (ConfUtils.java:logGet(43)) - raft.server.log.appender.install.snapshot.enabled = false (custom)
2019-08-21 09:11:47,222 [b216f333-d584-463e-ac29-b520f4cc8032:group-159FDE3C55F8:LeaderElection15] INFO  impl.RoleInfo (RoleInfo.java:updateAndGet(143)) - b216f333-d584-463e-ac29-b520f4cc8032: start LeaderState
2019-08-21 09:11:47,222 [b216f333-d584-463e-ac29-b520f4cc8032:group-159FDE3C55F8:LeaderElection15] INFO  segmented.SegmentedRaftLogWorker (SegmentedRaftLogWorker.java:startLogSegment(380)) - b216f333-d584-463e-ac29-b520f4cc8032-SegmentedRaftLogWorker:Storage Directory /workdir/hadoop-ozone/integration-test/target/test-dir/MiniOzoneClusterImpl-8d39adcc-ca79-4cf5-8766-ebbdd557e88b/datanode-0/data/ratis/191e0a43-1f0e-453c-833c-159fde3c55f8: Starting segment from index:0
2019-08-21 09:11:47,223 [b216f333-d584-463e-ac29-b520f4cc8032:group-159FDE3C55F8:LeaderElection15] INFO  impl.RaftServerImpl (ServerState.java:setRaftConf(361)) - b216f333-d584-463e-ac29-b520f4cc8032:group-159FDE3C55F8 set configuration 0: [4fc6c8fa-e96e-43c4-8369-e0ca8a7014d6:192.168.34.50:38960, b216f333-d584-463e-ac29-b520f4cc8032:192.168.34.50:33369, a8271a13-8b98-4259-a956-3406fefc9571:192.168.34.50:42205], old=null at 0
2019-08-21 09:11:47,265 [grpc-default-executor-2] INFO  impl.RaftServerImpl (ServerState.java:setLeader(263)) - 4fc6c8fa-e96e-43c4-8369-e0ca8a7014d6:group-159FDE3C55F8 change Leader from null to b216f333-d584-463e-ac29-b520f4cc8032 at term 1 for appendEntries, leader elected after 5110ms
2019-08-21 09:11:47,265 [grpc-default-executor-4] INFO  impl.RaftServerImpl (ServerState.java:setLeader(263)) - a8271a13-8b98-4259-a956-3406fefc9571:group-159FDE3C55F8 change Leader from null to b216f333-d584-463e-ac29-b520f4cc8032 at term 1 for appendEntries, leader elected after 5110ms
2019-08-21 09:11:47,279 [grpc-default-executor-2] INFO  impl.RaftServerImpl (ServerState.java:setRaftConf(361)) - 4fc6c8fa-e96e-43c4-8369-e0ca8a7014d6:group-159FDE3C55F8 set configuration 0: [4fc6c8fa-e96e-43c4-8369-e0ca8a7014d6:192.168.34.50:38960, b216f333-d584-463e-ac29-b520f4cc8032:192.168.34.50:33369, a8271a13-8b98-4259-a956-3406fefc9571:192.168.34.50:42205], old=null at 0
2019-08-21 09:11:47,281 [grpc-default-executor-4] INFO  impl.RaftServerImpl (ServerState.java:setRaftConf(361)) - a8271a13-8b98-4259-a956-3406fefc9571:group-159FDE3C55F8 set configuration 0: [4fc6c8fa-e96e-43c4-8369-e0ca8a7014d6:192.168.34.50:38960, b216f333-d584-463e-ac29-b520f4cc8032:192.168.34.50:33369, a8271a13-8b98-4259-a956-3406fefc9571:192.168.34.50:42205], old=null at 0
2019-08-21 09:11:47,281 [grpc-default-executor-2] INFO  segmented.SegmentedRaftLogWorker (SegmentedRaftLogWorker.java:startLogSegment(380)) - 4fc6c8fa-e96e-43c4-8369-e0ca8a7014d6-SegmentedRaftLogWorker:Storage Directory /workdir/hadoop-ozone/integration-test/target/test-dir/MiniOzoneClusterImpl-8d39adcc-ca79-4cf5-8766-ebbdd557e88b/datanode-2/data/ratis/191e0a43-1f0e-453c-833c-159fde3c55f8: Starting segment from index:0
2019-08-21 09:11:47,282 [grpc-default-executor-4] INFO  segmented.SegmentedRaftLogWorker (SegmentedRaftLogWorker.java:startLogSegment(380)) - a8271a13-8b98-4259-a956-3406fefc9571-SegmentedRaftLogWorker:Storage Directory /workdir/hadoop-ozone/integration-test/target/test-dir/MiniOzoneClusterImpl-8d39adcc-ca79-4cf5-8766-ebbdd557e88b/datanode-1/data/ratis/191e0a43-1f0e-453c-833c-159fde3c55f8: Starting segment from index:0
2019-08-21 09:11:47,282 | INFO  | SCMAudit | user=jenkins1000 | ip=192.168.34.50 | op=SEND_HEARTBEAT {datanodeUUID=328a75f0-8ecf-454d-ac4a-ee464a922ba9, command=[]} | ret=SUCCESS |  
2019-08-21 09:11:47,318 [b216f333-d584-463e-ac29-b520f4cc8032-SegmentedRaftLogWorker:Storage Directory /workdir/hadoop-ozone/integration-test/target/test-dir/MiniOzoneClusterImpl-8d39adcc-ca79-4cf5-8766-ebbdd557e88b/datanode-0/data/ratis/191e0a43-1f0e-453c-833c-159fde3c55f8] INFO  segmented.SegmentedRaftLogWorker (SegmentedRaftLogWorker.java:execute(569)) - b216f333-d584-463e-ac29-b520f4cc8032-SegmentedRaftLogWorker:Storage Directory /workdir/hadoop-ozone/integration-test/target/test-dir/MiniOzoneClusterImpl-8d39adcc-ca79-4cf5-8766-ebbdd557e88b/datanode-0/data/ratis/191e0a43-1f0e-453c-833c-159fde3c55f8: created new log segment /workdir/hadoop-ozone/integration-test/target/test-dir/MiniOzoneClusterImpl-8d39adcc-ca79-4cf5-8766-ebbdd557e88b/datanode-0/data/ratis/191e0a43-1f0e-453c-833c-159fde3c55f8/current/log_inprogress_0
2019-08-21 09:11:47,319 [Thread-690] INFO  impl.FollowerState (FollowerState.java:run(106)) - 4fc6c8fa-e96e-43c4-8369-e0ca8a7014d6:group-6E6320E92075 changes to CANDIDATE, lastRpcTime:5228, electionTimeout:5200ms
2019-08-21 09:11:47,319 [Thread-690] INFO  impl.RoleInfo (RoleInfo.java:shutdownFollowerState(121)) - 4fc6c8fa-e96e-43c4-8369-e0ca8a7014d6: shutdown FollowerState
2019-08-21 09:11:47,319 [Thread-690] INFO  impl.RaftServerImpl (RaftServerImpl.java:setRole(171)) - 4fc6c8fa-e96e-43c4-8369-e0ca8a7014d6:group-6E6320E92075 changes role from FOLLOWER to CANDIDATE at term 0 for changeToCandidate
2019-08-21 09:11:47,319 [Thread-690] INFO  impl.RoleInfo (RoleInfo.java:updateAndGet(143)) - 4fc6c8fa-e96e-43c4-8369-e0ca8a7014d6: start LeaderElection
2019-08-21 09:11:47,328 [grpc-default-executor-2] INFO  client.GrpcClientProtocolClient (GrpcClientProtocolClient.java:onNext(255)) - client-765D7F86C248->b216f333-d584-463e-ac29-b520f4cc8032: receive RaftClientReply:client-765D7F86C248->b216f333-d584-463e-ac29-b520f4cc8032@group-159FDE3C55F8, cid=42, FAILED org.apache.ratis.protocol.LeaderNotReadyException: b216f333-d584-463e-ac29-b520f4cc8032 is in LEADER state but not ready yet., logIndex=0, commits[b216f333-d584-463e-ac29-b520f4cc8032:c-1, 4fc6c8fa-e96e-43c4-8369-e0ca8a7014d6:c-1, a8271a13-8b98-4259-a956-3406fefc9571:c-1]
2019-08-21 09:11:47,346 [4fc6c8fa-e96e-43c4-8369-e0ca8a7014d6-SegmentedRaftLogWorker:Storage Directory /workdir/hadoop-ozone/integration-test/target/test-dir/MiniOzoneClusterImpl-8d39adcc-ca79-4cf5-8766-ebbdd557e88b/datanode-2/data/ratis/191e0a43-1f0e-453c-833c-159fde3c55f8] INFO  segmented.SegmentedRaftLogWorker (SegmentedRaftLogWorker.java:execute(569)) - 4fc6c8fa-e96e-43c4-8369-e0ca8a7014d6-SegmentedRaftLogWorker:Storage Directory /workdir/hadoop-ozone/integration-test/target/test-dir/MiniOzoneClusterImpl-8d39adcc-ca79-4cf5-8766-ebbdd557e88b/datanode-2/data/ratis/191e0a43-1f0e-453c-833c-159fde3c55f8: created new log segment /workdir/hadoop-ozone/integration-test/target/test-dir/MiniOzoneClusterImpl-8d39adcc-ca79-4cf5-8766-ebbdd557e88b/datanode-2/data/ratis/191e0a43-1f0e-453c-833c-159fde3c55f8/current/log_inprogress_0
2019-08-21 09:11:47,346 [a8271a13-8b98-4259-a956-3406fefc9571-SegmentedRaftLogWorker:Storage Directory /workdir/hadoop-ozone/integration-test/target/test-dir/MiniOzoneClusterImpl-8d39adcc-ca79-4cf5-8766-ebbdd557e88b/datanode-1/data/ratis/191e0a43-1f0e-453c-833c-159fde3c55f8] INFO  segmented.SegmentedRaftLogWorker (SegmentedRaftLogWorker.java:execute(569)) - a8271a13-8b98-4259-a956-3406fefc9571-SegmentedRaftLogWorker:Storage Directory /workdir/hadoop-ozone/integration-test/target/test-dir/MiniOzoneClusterImpl-8d39adcc-ca79-4cf5-8766-ebbdd557e88b/datanode-1/data/ratis/191e0a43-1f0e-453c-833c-159fde3c55f8: created new log segment /workdir/hadoop-ozone/integration-test/target/test-dir/MiniOzoneClusterImpl-8d39adcc-ca79-4cf5-8766-ebbdd557e88b/datanode-1/data/ratis/191e0a43-1f0e-453c-833c-159fde3c55f8/current/log_inprogress_0
2019-08-21 09:11:47,348 [4fc6c8fa-e96e-43c4-8369-e0ca8a7014d6:group-6E6320E92075:LeaderElection16] INFO  impl.LeaderElection (LeaderElection.java:askForVotes(181)) - 4fc6c8fa-e96e-43c4-8369-e0ca8a7014d6:group-6E6320E92075:LeaderElection16: begin an election at term 1 for -1: [4fc6c8fa-e96e-43c4-8369-e0ca8a7014d6:192.168.34.50:38960], old=null
2019-08-21 09:11:47,348 [4fc6c8fa-e96e-43c4-8369-e0ca8a7014d6:group-6E6320E92075:LeaderElection16] INFO  impl.RoleInfo (RoleInfo.java:shutdownLeaderElection(134)) - 4fc6c8fa-e96e-43c4-8369-e0ca8a7014d6: shutdown LeaderElection
2019-08-21 09:11:47,348 [4fc6c8fa-e96e-43c4-8369-e0ca8a7014d6:group-6E6320E92075:LeaderElection16] INFO  impl.RaftServerImpl (RaftServerImpl.java:setRole(171)) - 4fc6c8fa-e96e-43c4-8369-e0ca8a7014d6:group-6E6320E92075 changes role from CANDIDATE to LEADER at term 1 for changeToLeader
2019-08-21 09:11:47,349 [4fc6c8fa-e96e-43c4-8369-e0ca8a7014d6:group-6E6320E92075:LeaderElection16] INFO  impl.RaftServerImpl (ServerState.java:setLeader(263)) - 4fc6c8fa-e96e-43c4-8369-e0ca8a7014d6:group-6E6320E92075 change Leader from null to 4fc6c8fa-e96e-43c4-8369-e0ca8a7014d6 at term 1 for becomeLeader, leader elected after 5261ms
2019-08-21 09:11:47,351 [4fc6c8fa-e96e-43c4-8369-e0ca8a7014d6:group-6E6320E92075:LeaderElection16] INFO  server.RaftServerConfigKeys (ConfUtils.java:logGet(43)) - raft.server.staging.catchup.gap = 1000 (default)
2019-08-21 09:11:47,351 [4fc6c8fa-e96e-43c4-8369-e0ca8a7014d6:group-6E6320E92075:LeaderElection16] INFO  server.RaftServerConfigKeys (ConfUtils.java:logGet(43)) - raft.server.rpc.sleep.time = 25ms (default)
2019-08-21 09:11:47,351 [4fc6c8fa-e96e-43c4-8369-e0ca8a7014d6:group-6E6320E92075:LeaderElection16] INFO  server.RaftServerConfigKeys (ConfUtils.java:logGet(43)) - raft.server.write.element-limit = 4096 (default)
2019-08-21 09:11:47,352 [4fc6c8fa-e96e-43c4-8369-e0ca8a7014d6:group-6E6320E92075:LeaderElection16] INFO  server.RaftServerConfigKeys (ConfUtils.java:logGet(43)) - raft.server.watch.timeout = 10s (default)
2019-08-21 09:11:47,352 [4fc6c8fa-e96e-43c4-8369-e0ca8a7014d6:group-6E6320E92075:LeaderElection16] INFO  server.RaftServerConfigKeys (ConfUtils.java:logGet(43)) - raft.server.watch.timeout.denomination = 1s (default)
2019-08-21 09:11:47,352 [4fc6c8fa-e96e-43c4-8369-e0ca8a7014d6:group-6E6320E92075:LeaderElection16] INFO  server.RaftServerConfigKeys (ConfUtils.java:logGet(43)) - raft.server.watch.element-limit = 65536 (default)
2019-08-21 09:11:47,352 [4fc6c8fa-e96e-43c4-8369-e0ca8a7014d6:group-6E6320E92075:LeaderElection16] INFO  impl.RoleInfo (RoleInfo.java:updateAndGet(143)) - 4fc6c8fa-e96e-43c4-8369-e0ca8a7014d6: start LeaderState
2019-08-21 09:11:47,353 [4fc6c8fa-e96e-43c4-8369-e0ca8a7014d6:group-6E6320E92075:LeaderElection16] INFO  segmented.SegmentedRaftLogWorker (SegmentedRaftLogWorker.java:startLogSegment(380)) - 4fc6c8fa-e96e-43c4-8369-e0ca8a7014d6-SegmentedRaftLogWorker:Storage Directory /workdir/hadoop-ozone/integration-test/target/test-dir/MiniOzoneClusterImpl-8d39adcc-ca79-4cf5-8766-ebbdd557e88b/datanode-2/data/ratis/387b5fbf-477e-43e3-a5c5-6e6320e92075: Starting segment from index:0
2019-08-21 09:11:47,353 [4fc6c8fa-e96e-43c4-8369-e0ca8a7014d6:group-6E6320E92075:LeaderElection16] INFO  impl.RaftServerImpl (ServerState.java:setRaftConf(361)) - 4fc6c8fa-e96e-43c4-8369-e0ca8a7014d6:group-6E6320E92075 set configuration 0: [4fc6c8fa-e96e-43c4-8369-e0ca8a7014d6:192.168.34.50:38960], old=null at 0
2019-08-21 09:11:47,400 [4fc6c8fa-e96e-43c4-8369-e0ca8a7014d6-SegmentedRaftLogWorker:Storage Directory /workdir/hadoop-ozone/integration-test/target/test-dir/MiniOzoneClusterImpl-8d39adcc-ca79-4cf5-8766-ebbdd557e88b/datanode-2/data/ratis/387b5fbf-477e-43e3-a5c5-6e6320e92075] INFO  segmented.SegmentedRaftLogWorker (SegmentedRaftLogWorker.java:execute(569)) - 4fc6c8fa-e96e-43c4-8369-e0ca8a7014d6-SegmentedRaftLogWorker:Storage Directory /workdir/hadoop-ozone/integration-test/target/test-dir/MiniOzoneClusterImpl-8d39adcc-ca79-4cf5-8766-ebbdd557e88b/datanode-2/data/ratis/387b5fbf-477e-43e3-a5c5-6e6320e92075: created new log segment /workdir/hadoop-ozone/integration-test/target/test-dir/MiniOzoneClusterImpl-8d39adcc-ca79-4cf5-8766-ebbdd557e88b/datanode-2/data/ratis/387b5fbf-477e-43e3-a5c5-6e6320e92075/current/log_inprogress_0
2019-08-21 09:11:47,445 [Thread-702] INFO  impl.FollowerState (FollowerState.java:run(106)) - 328a75f0-8ecf-454d-ac4a-ee464a922ba9:group-69A391C67218 changes to CANDIDATE, lastRpcTime:5108, electionTimeout:5108ms
2019-08-21 09:11:47,445 [Thread-702] INFO  impl.RoleInfo (RoleInfo.java:shutdownFollowerState(121)) - 328a75f0-8ecf-454d-ac4a-ee464a922ba9: shutdown FollowerState
2019-08-21 09:11:47,446 [Thread-702] INFO  impl.RaftServerImpl (RaftServerImpl.java:setRole(171)) - 328a75f0-8ecf-454d-ac4a-ee464a922ba9:group-69A391C67218 changes role from FOLLOWER to CANDIDATE at term 0 for changeToCandidate
2019-08-21 09:11:47,446 [Thread-702] INFO  impl.RoleInfo (RoleInfo.java:updateAndGet(143)) - 328a75f0-8ecf-454d-ac4a-ee464a922ba9: start LeaderElection
2019-08-21 09:11:47,455 [328a75f0-8ecf-454d-ac4a-ee464a922ba9:group-69A391C67218:LeaderElection17] INFO  impl.LeaderElection (LeaderElection.java:askForVotes(181)) - 328a75f0-8ecf-454d-ac4a-ee464a922ba9:group-69A391C67218:LeaderElection17: begin an election at term 1 for -1: [328a75f0-8ecf-454d-ac4a-ee464a922ba9:192.168.34.50:42900], old=null
2019-08-21 09:11:47,456 [328a75f0-8ecf-454d-ac4a-ee464a922ba9:group-69A391C67218:LeaderElection17] INFO  impl.RoleInfo (RoleInfo.java:shutdownLeaderElection(134)) - 328a75f0-8ecf-454d-ac4a-ee464a922ba9: shutdown LeaderElection
2019-08-21 09:11:47,456 [328a75f0-8ecf-454d-ac4a-ee464a922ba9:group-69A391C67218:LeaderElection17] INFO  impl.RaftServerImpl (RaftServerImpl.java:setRole(171)) - 328a75f0-8ecf-454d-ac4a-ee464a922ba9:group-69A391C67218 changes role from CANDIDATE to LEADER at term 1 for changeToLeader
2019-08-21 09:11:47,456 [328a75f0-8ecf-454d-ac4a-ee464a922ba9:group-69A391C67218:LeaderElection17] INFO  impl.RaftServerImpl (ServerState.java:setLeader(263)) - 328a75f0-8ecf-454d-ac4a-ee464a922ba9:group-69A391C67218 change Leader from null to 328a75f0-8ecf-454d-ac4a-ee464a922ba9 at term 1 for becomeLeader, leader elected after 5125ms
2019-08-21 09:11:47,460 [328a75f0-8ecf-454d-ac4a-ee464a922ba9:group-69A391C67218:LeaderElection17] INFO  server.RaftServerConfigKeys (ConfUtils.java:logGet(43)) - raft.server.staging.catchup.gap = 1000 (default)
2019-08-21 09:11:47,460 [328a75f0-8ecf-454d-ac4a-ee464a922ba9:group-69A391C67218:LeaderElection17] INFO  server.RaftServerConfigKeys (ConfUtils.java:logGet(43)) - raft.server.rpc.sleep.time = 25ms (default)
2019-08-21 09:11:47,460 [328a75f0-8ecf-454d-ac4a-ee464a922ba9:group-69A391C67218:LeaderElection17] INFO  server.RaftServerConfigKeys (ConfUtils.java:logGet(43)) - raft.server.write.element-limit = 4096 (default)
2019-08-21 09:11:47,460 [328a75f0-8ecf-454d-ac4a-ee464a922ba9:group-69A391C67218:LeaderElection17] INFO  server.RaftServerConfigKeys (ConfUtils.java:logGet(43)) - raft.server.watch.timeout = 10s (default)
2019-08-21 09:11:47,460 [328a75f0-8ecf-454d-ac4a-ee464a922ba9:group-69A391C67218:LeaderElection17] INFO  server.RaftServerConfigKeys (ConfUtils.java:logGet(43)) - raft.server.watch.timeout.denomination = 1s (default)
2019-08-21 09:11:47,461 [328a75f0-8ecf-454d-ac4a-ee464a922ba9:group-69A391C67218:LeaderElection17] INFO  server.RaftServerConfigKeys (ConfUtils.java:logGet(43)) - raft.server.watch.element-limit = 65536 (default)
2019-08-21 09:11:47,461 [328a75f0-8ecf-454d-ac4a-ee464a922ba9:group-69A391C67218:LeaderElection17] INFO  impl.RoleInfo (RoleInfo.java:updateAndGet(143)) - 328a75f0-8ecf-454d-ac4a-ee464a922ba9: start LeaderState
2019-08-21 09:11:47,461 [328a75f0-8ecf-454d-ac4a-ee464a922ba9:group-69A391C67218:LeaderElection17] INFO  segmented.SegmentedRaftLogWorker (SegmentedRaftLogWorker.java:startLogSegment(380)) - 328a75f0-8ecf-454d-ac4a-ee464a922ba9-SegmentedRaftLogWorker:Storage Directory /workdir/hadoop-ozone/integration-test/target/test-dir/MiniOzoneClusterImpl-8d39adcc-ca79-4cf5-8766-ebbdd557e88b/datanode-3/data/ratis/ee1e8ba9-ed7a-402d-a003-69a391c67218: Starting segment from index:0
2019-08-21 09:11:47,462 [328a75f0-8ecf-454d-ac4a-ee464a922ba9:group-69A391C67218:LeaderElection17] INFO  impl.RaftServerImpl (ServerState.java:setRaftConf(361)) - 328a75f0-8ecf-454d-ac4a-ee464a922ba9:group-69A391C67218 set configuration 0: [328a75f0-8ecf-454d-ac4a-ee464a922ba9:192.168.34.50:42900], old=null at 0
2019-08-21 09:11:47,494 [328a75f0-8ecf-454d-ac4a-ee464a922ba9-SegmentedRaftLogWorker:Storage Directory /workdir/hadoop-ozone/integration-test/target/test-dir/MiniOzoneClusterImpl-8d39adcc-ca79-4cf5-8766-ebbdd557e88b/datanode-3/data/ratis/ee1e8ba9-ed7a-402d-a003-69a391c67218] INFO  segmented.SegmentedRaftLogWorker (SegmentedRaftLogWorker.java:execute(569)) - 328a75f0-8ecf-454d-ac4a-ee464a922ba9-SegmentedRaftLogWorker:Storage Directory /workdir/hadoop-ozone/integration-test/target/test-dir/MiniOzoneClusterImpl-8d39adcc-ca79-4cf5-8766-ebbdd557e88b/datanode-3/data/ratis/ee1e8ba9-ed7a-402d-a003-69a391c67218: created new log segment /workdir/hadoop-ozone/integration-test/target/test-dir/MiniOzoneClusterImpl-8d39adcc-ca79-4cf5-8766-ebbdd557e88b/datanode-3/data/ratis/ee1e8ba9-ed7a-402d-a003-69a391c67218/current/log_inprogress_0
2019-08-21 09:11:47,563 | INFO  | SCMAudit | user=jenkins1000 | ip=192.168.34.50 | op=SEND_HEARTBEAT {datanodeUUID=b216f333-d584-463e-ac29-b520f4cc8032, command=[]} | ret=SUCCESS |  
2019-08-21 09:11:47,680 | INFO  | SCMAudit | user=jenkins1000 | ip=192.168.34.50 | op=SEND_HEARTBEAT {datanodeUUID=d93e8726-51c7-48e5-91db-a9280c3a0547, command=[]} | ret=SUCCESS |  
2019-08-21 09:11:47,751 | INFO  | SCMAudit | user=jenkins1000 | ip=192.168.34.50 | op=SEND_HEARTBEAT {datanodeUUID=a8271a13-8b98-4259-a956-3406fefc9571, command=[]} | ret=SUCCESS |  
2019-08-21 09:11:47,754 [Thread-705] INFO  impl.FollowerState (FollowerState.java:run(106)) - d93e8726-51c7-48e5-91db-a9280c3a0547:group-2DB290805B48 changes to CANDIDATE, lastRpcTime:5024, electionTimeout:5024ms
2019-08-21 09:11:47,755 [Thread-705] INFO  impl.RoleInfo (RoleInfo.java:shutdownFollowerState(121)) - d93e8726-51c7-48e5-91db-a9280c3a0547: shutdown FollowerState
2019-08-21 09:11:47,755 [Thread-705] INFO  impl.RaftServerImpl (RaftServerImpl.java:setRole(171)) - d93e8726-51c7-48e5-91db-a9280c3a0547:group-2DB290805B48 changes role from FOLLOWER to CANDIDATE at term 0 for changeToCandidate
2019-08-21 09:11:47,755 [Thread-705] INFO  impl.RoleInfo (RoleInfo.java:updateAndGet(143)) - d93e8726-51c7-48e5-91db-a9280c3a0547: start LeaderElection
2019-08-21 09:11:47,775 [d93e8726-51c7-48e5-91db-a9280c3a0547:group-2DB290805B48:LeaderElection18] INFO  impl.LeaderElection (LeaderElection.java:askForVotes(181)) - d93e8726-51c7-48e5-91db-a9280c3a0547:group-2DB290805B48:LeaderElection18: begin an election at term 1 for -1: [d93e8726-51c7-48e5-91db-a9280c3a0547:192.168.34.50:44816], old=null
2019-08-21 09:11:47,775 [d93e8726-51c7-48e5-91db-a9280c3a0547:group-2DB290805B48:LeaderElection18] INFO  impl.RoleInfo (RoleInfo.java:shutdownLeaderElection(134)) - d93e8726-51c7-48e5-91db-a9280c3a0547: shutdown LeaderElection
2019-08-21 09:11:47,775 [d93e8726-51c7-48e5-91db-a9280c3a0547:group-2DB290805B48:LeaderElection18] INFO  impl.RaftServerImpl (RaftServerImpl.java:setRole(171)) - d93e8726-51c7-48e5-91db-a9280c3a0547:group-2DB290805B48 changes role from CANDIDATE to LEADER at term 1 for changeToLeader
2019-08-21 09:11:47,775 [d93e8726-51c7-48e5-91db-a9280c3a0547:group-2DB290805B48:LeaderElection18] INFO  impl.RaftServerImpl (ServerState.java:setLeader(263)) - d93e8726-51c7-48e5-91db-a9280c3a0547:group-2DB290805B48 change Leader from null to d93e8726-51c7-48e5-91db-a9280c3a0547 at term 1 for becomeLeader, leader elected after 5050ms
2019-08-21 09:11:47,778 [d93e8726-51c7-48e5-91db-a9280c3a0547:group-2DB290805B48:LeaderElection18] INFO  server.RaftServerConfigKeys (ConfUtils.java:logGet(43)) - raft.server.staging.catchup.gap = 1000 (default)
2019-08-21 09:11:47,778 [d93e8726-51c7-48e5-91db-a9280c3a0547:group-2DB290805B48:LeaderElection18] INFO  server.RaftServerConfigKeys (ConfUtils.java:logGet(43)) - raft.server.rpc.sleep.time = 25ms (default)
2019-08-21 09:11:47,778 [d93e8726-51c7-48e5-91db-a9280c3a0547:group-2DB290805B48:LeaderElection18] INFO  server.RaftServerConfigKeys (ConfUtils.java:logGet(43)) - raft.server.write.element-limit = 4096 (default)
2019-08-21 09:11:47,778 [d93e8726-51c7-48e5-91db-a9280c3a0547:group-2DB290805B48:LeaderElection18] INFO  server.RaftServerConfigKeys (ConfUtils.java:logGet(43)) - raft.server.watch.timeout = 10s (default)
2019-08-21 09:11:47,778 [d93e8726-51c7-48e5-91db-a9280c3a0547:group-2DB290805B48:LeaderElection18] INFO  server.RaftServerConfigKeys (ConfUtils.java:logGet(43)) - raft.server.watch.timeout.denomination = 1s (default)
2019-08-21 09:11:47,779 [d93e8726-51c7-48e5-91db-a9280c3a0547:group-2DB290805B48:LeaderElection18] INFO  server.RaftServerConfigKeys (ConfUtils.java:logGet(43)) - raft.server.watch.element-limit = 65536 (default)
2019-08-21 09:11:47,779 [d93e8726-51c7-48e5-91db-a9280c3a0547:group-2DB290805B48:LeaderElection18] INFO  impl.RoleInfo (RoleInfo.java:updateAndGet(143)) - d93e8726-51c7-48e5-91db-a9280c3a0547: start LeaderState
2019-08-21 09:11:47,779 [d93e8726-51c7-48e5-91db-a9280c3a0547:group-2DB290805B48:LeaderElection18] INFO  segmented.SegmentedRaftLogWorker (SegmentedRaftLogWorker.java:startLogSegment(380)) - d93e8726-51c7-48e5-91db-a9280c3a0547-SegmentedRaftLogWorker:Storage Directory /workdir/hadoop-ozone/integration-test/target/test-dir/MiniOzoneClusterImpl-8d39adcc-ca79-4cf5-8766-ebbdd557e88b/datanode-4/data/ratis/18441a13-a4f2-48ce-9211-2db290805b48: Starting segment from index:0
2019-08-21 09:11:47,780 [d93e8726-51c7-48e5-91db-a9280c3a0547:group-2DB290805B48:LeaderElection18] INFO  impl.RaftServerImpl (ServerState.java:setRaftConf(361)) - d93e8726-51c7-48e5-91db-a9280c3a0547:group-2DB290805B48 set configuration 0: [d93e8726-51c7-48e5-91db-a9280c3a0547:192.168.34.50:44816], old=null at 0
2019-08-21 09:11:47,831 [d93e8726-51c7-48e5-91db-a9280c3a0547-SegmentedRaftLogWorker:Storage Directory /workdir/hadoop-ozone/integration-test/target/test-dir/MiniOzoneClusterImpl-8d39adcc-ca79-4cf5-8766-ebbdd557e88b/datanode-4/data/ratis/18441a13-a4f2-48ce-9211-2db290805b48] INFO  segmented.SegmentedRaftLogWorker (SegmentedRaftLogWorker.java:execute(569)) - d93e8726-51c7-48e5-91db-a9280c3a0547-SegmentedRaftLogWorker:Storage Directory /workdir/hadoop-ozone/integration-test/target/test-dir/MiniOzoneClusterImpl-8d39adcc-ca79-4cf5-8766-ebbdd557e88b/datanode-4/data/ratis/18441a13-a4f2-48ce-9211-2db290805b48: created new log segment /workdir/hadoop-ozone/integration-test/target/test-dir/MiniOzoneClusterImpl-8d39adcc-ca79-4cf5-8766-ebbdd557e88b/datanode-4/data/ratis/18441a13-a4f2-48ce-9211-2db290805b48/current/log_inprogress_0
2019-08-21 09:11:47,880 | INFO  | SCMAudit | user=jenkins1000 | ip=192.168.34.50 | op=SEND_HEARTBEAT {datanodeUUID=5ea20691-5ab9-4695-ab1d-7e722de7481e, command=[]} | ret=SUCCESS |  
2019-08-21 09:11:48,040 | INFO  | SCMAudit | user=jenkins1000 | ip=192.168.34.50 | op=SEND_HEARTBEAT {datanodeUUID=4fc6c8fa-e96e-43c4-8369-e0ca8a7014d6, command=[]} | ret=SUCCESS |  
2019-08-21 09:11:48,097 [Thread-708] INFO  impl.FollowerState (FollowerState.java:run(106)) - 5ea20691-5ab9-4695-ab1d-7e722de7481e:group-5145A76E5721 changes to CANDIDATE, lastRpcTime:5123, electionTimeout:5123ms
2019-08-21 09:11:48,097 [Thread-708] INFO  impl.RoleInfo (RoleInfo.java:shutdownFollowerState(121)) - 5ea20691-5ab9-4695-ab1d-7e722de7481e: shutdown FollowerState
2019-08-21 09:11:48,097 [Thread-708] INFO  impl.RaftServerImpl (RaftServerImpl.java:setRole(171)) - 5ea20691-5ab9-4695-ab1d-7e722de7481e:group-5145A76E5721 changes role from FOLLOWER to CANDIDATE at term 0 for changeToCandidate
2019-08-21 09:11:48,098 [Thread-708] INFO  impl.RoleInfo (RoleInfo.java:updateAndGet(143)) - 5ea20691-5ab9-4695-ab1d-7e722de7481e: start LeaderElection
2019-08-21 09:11:48,129 | INFO  | SCMAudit | user=jenkins1000 | ip=192.168.34.50 | op=SEND_HEARTBEAT {datanodeUUID=2efe7137-c334-43ac-ad86-ba58d4ed3c70, command=[]} | ret=SUCCESS |  
2019-08-21 09:11:48,142 [Thread-711] INFO  impl.FollowerState (FollowerState.java:run(106)) - d93e8726-51c7-48e5-91db-a9280c3a0547:group-5055C7B86944 changes to CANDIDATE, lastRpcTime:5113, electionTimeout:5112ms
2019-08-21 09:11:48,142 [Thread-711] INFO  impl.RoleInfo (RoleInfo.java:shutdownFollowerState(121)) - d93e8726-51c7-48e5-91db-a9280c3a0547: shutdown FollowerState
2019-08-21 09:11:48,142 [Thread-711] INFO  impl.RaftServerImpl (RaftServerImpl.java:setRole(171)) - d93e8726-51c7-48e5-91db-a9280c3a0547:group-5055C7B86944 changes role from FOLLOWER to CANDIDATE at term 0 for changeToCandidate
2019-08-21 09:11:48,142 [Thread-711] INFO  impl.RoleInfo (RoleInfo.java:updateAndGet(143)) - d93e8726-51c7-48e5-91db-a9280c3a0547: start LeaderElection
2019-08-21 09:11:48,197 [Thread-715] INFO  impl.FollowerState (FollowerState.java:run(106)) - 328a75f0-8ecf-454d-ac4a-ee464a922ba9:group-5055C7B86944 changes to CANDIDATE, lastRpcTime:5164, electionTimeout:5164ms
2019-08-21 09:11:48,197 [Thread-715] INFO  impl.RoleInfo (RoleInfo.java:shutdownFollowerState(121)) - 328a75f0-8ecf-454d-ac4a-ee464a922ba9: shutdown FollowerState
2019-08-21 09:11:48,197 [Thread-715] INFO  impl.RaftServerImpl (RaftServerImpl.java:setRole(171)) - 328a75f0-8ecf-454d-ac4a-ee464a922ba9:group-5055C7B86944 changes role from FOLLOWER to CANDIDATE at term 0 for changeToCandidate
2019-08-21 09:11:48,197 [Thread-715] INFO  impl.RoleInfo (RoleInfo.java:updateAndGet(143)) - 328a75f0-8ecf-454d-ac4a-ee464a922ba9: start LeaderElection
2019-08-21 09:11:48,197 [Thread-720] INFO  impl.FollowerState (FollowerState.java:run(106)) - 2efe7137-c334-43ac-ad86-ba58d4ed3c70:group-F57346CC5390 changes to CANDIDATE, lastRpcTime:5021, electionTimeout:5021ms
2019-08-21 09:11:48,197 [Thread-720] INFO  impl.RoleInfo (RoleInfo.java:shutdownFollowerState(121)) - 2efe7137-c334-43ac-ad86-ba58d4ed3c70: shutdown FollowerState
2019-08-21 09:11:48,198 [Thread-720] INFO  impl.RaftServerImpl (RaftServerImpl.java:setRole(171)) - 2efe7137-c334-43ac-ad86-ba58d4ed3c70:group-F57346CC5390 changes role from FOLLOWER to CANDIDATE at term 0 for changeToCandidate
2019-08-21 09:11:48,203 [Thread-720] INFO  impl.RoleInfo (RoleInfo.java:updateAndGet(143)) - 2efe7137-c334-43ac-ad86-ba58d4ed3c70: start LeaderElection
2019-08-21 09:11:48,209 [d93e8726-51c7-48e5-91db-a9280c3a0547:group-5055C7B86944:LeaderElection20] INFO  impl.LeaderElection (LeaderElection.java:askForVotes(181)) - d93e8726-51c7-48e5-91db-a9280c3a0547:group-5055C7B86944:LeaderElection20: begin an election at term 1 for -1: [d93e8726-51c7-48e5-91db-a9280c3a0547:192.168.34.50:44816, 328a75f0-8ecf-454d-ac4a-ee464a922ba9:192.168.34.50:42900, 5ea20691-5ab9-4695-ab1d-7e722de7481e:192.168.34.50:36652], old=null
2019-08-21 09:11:48,209 [5ea20691-5ab9-4695-ab1d-7e722de7481e:group-5145A76E5721:LeaderElection19] INFO  impl.LeaderElection (LeaderElection.java:askForVotes(181)) - 5ea20691-5ab9-4695-ab1d-7e722de7481e:group-5145A76E5721:LeaderElection19: begin an election at term 1 for -1: [5ea20691-5ab9-4695-ab1d-7e722de7481e:192.168.34.50:36652], old=null
2019-08-21 09:11:48,209 [5ea20691-5ab9-4695-ab1d-7e722de7481e:group-5145A76E5721:LeaderElection19] INFO  impl.RoleInfo (RoleInfo.java:shutdownLeaderElection(134)) - 5ea20691-5ab9-4695-ab1d-7e722de7481e: shutdown LeaderElection
2019-08-21 09:11:48,209 [5ea20691-5ab9-4695-ab1d-7e722de7481e:group-5145A76E5721:LeaderElection19] INFO  impl.RaftServerImpl (RaftServerImpl.java:setRole(171)) - 5ea20691-5ab9-4695-ab1d-7e722de7481e:group-5145A76E5721 changes role from CANDIDATE to LEADER at term 1 for changeToLeader
2019-08-21 09:11:48,209 [5ea20691-5ab9-4695-ab1d-7e722de7481e:group-5145A76E5721:LeaderElection19] INFO  impl.RaftServerImpl (ServerState.java:setLeader(263)) - 5ea20691-5ab9-4695-ab1d-7e722de7481e:group-5145A76E5721 change Leader from null to 5ea20691-5ab9-4695-ab1d-7e722de7481e at term 1 for becomeLeader, leader elected after 5241ms
2019-08-21 09:11:48,212 [5ea20691-5ab9-4695-ab1d-7e722de7481e:group-5145A76E5721:LeaderElection19] INFO  server.RaftServerConfigKeys (ConfUtils.java:logGet(43)) - raft.server.staging.catchup.gap = 1000 (default)
2019-08-21 09:11:48,212 [Thread-716] INFO  impl.FollowerState (FollowerState.java:run(106)) - 5ea20691-5ab9-4695-ab1d-7e722de7481e:group-5055C7B86944 changes to CANDIDATE, lastRpcTime:5180, electionTimeout:5177ms
2019-08-21 09:11:48,212 [5ea20691-5ab9-4695-ab1d-7e722de7481e:group-5145A76E5721:LeaderElection19] INFO  server.RaftServerConfigKeys (ConfUtils.java:logGet(43)) - raft.server.rpc.sleep.time = 25ms (default)
2019-08-21 09:11:48,212 [Thread-716] INFO  impl.RoleInfo (RoleInfo.java:shutdownFollowerState(121)) - 5ea20691-5ab9-4695-ab1d-7e722de7481e: shutdown FollowerState
2019-08-21 09:11:48,213 [Thread-716] INFO  impl.RaftServerImpl (RaftServerImpl.java:setRole(171)) - 5ea20691-5ab9-4695-ab1d-7e722de7481e:group-5055C7B86944 changes role from FOLLOWER to CANDIDATE at term 0 for changeToCandidate
2019-08-21 09:11:48,213 [5ea20691-5ab9-4695-ab1d-7e722de7481e:group-5145A76E5721:LeaderElection19] INFO  server.RaftServerConfigKeys (ConfUtils.java:logGet(43)) - raft.server.write.element-limit = 4096 (default)
2019-08-21 09:11:48,213 [Thread-716] INFO  impl.RoleInfo (RoleInfo.java:updateAndGet(143)) - 5ea20691-5ab9-4695-ab1d-7e722de7481e: start LeaderElection
2019-08-21 09:11:48,213 [5ea20691-5ab9-4695-ab1d-7e722de7481e:group-5145A76E5721:LeaderElection19] INFO  server.RaftServerConfigKeys (ConfUtils.java:logGet(43)) - raft.server.watch.timeout = 10s (default)
2019-08-21 09:11:48,213 [5ea20691-5ab9-4695-ab1d-7e722de7481e:group-5145A76E5721:LeaderElection19] INFO  server.RaftServerConfigKeys (ConfUtils.java:logGet(43)) - raft.server.watch.timeout.denomination = 1s (default)
2019-08-21 09:11:48,217 [5ea20691-5ab9-4695-ab1d-7e722de7481e:group-5145A76E5721:LeaderElection19] INFO  server.RaftServerConfigKeys (ConfUtils.java:logGet(43)) - raft.server.watch.element-limit = 65536 (default)
2019-08-21 09:11:48,219 [5ea20691-5ab9-4695-ab1d-7e722de7481e:group-5145A76E5721:LeaderElection19] INFO  impl.RoleInfo (RoleInfo.java:updateAndGet(143)) - 5ea20691-5ab9-4695-ab1d-7e722de7481e: start LeaderState
2019-08-21 09:11:48,220 [328a75f0-8ecf-454d-ac4a-ee464a922ba9:group-5055C7B86944:LeaderElection21] INFO  impl.LeaderElection (LeaderElection.java:askForVotes(181)) - 328a75f0-8ecf-454d-ac4a-ee464a922ba9:group-5055C7B86944:LeaderElection21: begin an election at term 1 for -1: [d93e8726-51c7-48e5-91db-a9280c3a0547:192.168.34.50:44816, 328a75f0-8ecf-454d-ac4a-ee464a922ba9:192.168.34.50:42900, 5ea20691-5ab9-4695-ab1d-7e722de7481e:192.168.34.50:36652], old=null
2019-08-21 09:11:48,220 [2efe7137-c334-43ac-ad86-ba58d4ed3c70:group-F57346CC5390:LeaderElection22] INFO  impl.LeaderElection (LeaderElection.java:askForVotes(181)) - 2efe7137-c334-43ac-ad86-ba58d4ed3c70:group-F57346CC5390:LeaderElection22: begin an election at term 1 for -1: [2efe7137-c334-43ac-ad86-ba58d4ed3c70:192.168.34.50:45357], old=null
2019-08-21 09:11:48,220 [5ea20691-5ab9-4695-ab1d-7e722de7481e:group-5145A76E5721:LeaderElection19] INFO  segmented.SegmentedRaftLogWorker (SegmentedRaftLogWorker.java:startLogSegment(380)) - 5ea20691-5ab9-4695-ab1d-7e722de7481e-SegmentedRaftLogWorker:Storage Directory /workdir/hadoop-ozone/integration-test/target/test-dir/MiniOzoneClusterImpl-8d39adcc-ca79-4cf5-8766-ebbdd557e88b/datanode-5/data/ratis/950c9741-e664-4a77-9f9b-5145a76e5721: Starting segment from index:0
2019-08-21 09:11:48,220 [2efe7137-c334-43ac-ad86-ba58d4ed3c70:group-F57346CC5390:LeaderElection22] INFO  impl.RoleInfo (RoleInfo.java:shutdownLeaderElection(134)) - 2efe7137-c334-43ac-ad86-ba58d4ed3c70: shutdown LeaderElection
2019-08-21 09:11:48,220 [2efe7137-c334-43ac-ad86-ba58d4ed3c70:group-F57346CC5390:LeaderElection22] INFO  impl.RaftServerImpl (RaftServerImpl.java:setRole(171)) - 2efe7137-c334-43ac-ad86-ba58d4ed3c70:group-F57346CC5390 changes role from CANDIDATE to LEADER at term 1 for changeToLeader
2019-08-21 09:11:48,221 [2efe7137-c334-43ac-ad86-ba58d4ed3c70:group-F57346CC5390:LeaderElection22] INFO  impl.RaftServerImpl (ServerState.java:setLeader(263)) - 2efe7137-c334-43ac-ad86-ba58d4ed3c70:group-F57346CC5390 change Leader from null to 2efe7137-c334-43ac-ad86-ba58d4ed3c70 at term 1 for becomeLeader, leader elected after 5049ms
2019-08-21 09:11:48,221 [5ea20691-5ab9-4695-ab1d-7e722de7481e:group-5145A76E5721:LeaderElection19] INFO  impl.RaftServerImpl (ServerState.java:setRaftConf(361)) - 5ea20691-5ab9-4695-ab1d-7e722de7481e:group-5145A76E5721 set configuration 0: [5ea20691-5ab9-4695-ab1d-7e722de7481e:192.168.34.50:36652], old=null at 0
2019-08-21 09:11:48,238 [2efe7137-c334-43ac-ad86-ba58d4ed3c70:group-F57346CC5390:LeaderElection22] INFO  server.RaftServerConfigKeys (ConfUtils.java:logGet(43)) - raft.server.staging.catchup.gap = 1000 (default)
2019-08-21 09:11:48,238 [5ea20691-5ab9-4695-ab1d-7e722de7481e:group-5055C7B86944:LeaderElection23] INFO  impl.LeaderElection (LeaderElection.java:askForVotes(181)) - 5ea20691-5ab9-4695-ab1d-7e722de7481e:group-5055C7B86944:LeaderElection23: begin an election at term 1 for -1: [d93e8726-51c7-48e5-91db-a9280c3a0547:192.168.34.50:44816, 328a75f0-8ecf-454d-ac4a-ee464a922ba9:192.168.34.50:42900, 5ea20691-5ab9-4695-ab1d-7e722de7481e:192.168.34.50:36652], old=null
2019-08-21 09:11:48,239 [2efe7137-c334-43ac-ad86-ba58d4ed3c70:group-F57346CC5390:LeaderElection22] INFO  server.RaftServerConfigKeys (ConfUtils.java:logGet(43)) - raft.server.rpc.sleep.time = 25ms (default)
2019-08-21 09:11:48,277 [2efe7137-c334-43ac-ad86-ba58d4ed3c70:group-F57346CC5390:LeaderElection22] INFO  server.RaftServerConfigKeys (ConfUtils.java:logGet(43)) - raft.server.write.element-limit = 4096 (default)
2019-08-21 09:11:48,277 [2efe7137-c334-43ac-ad86-ba58d4ed3c70:group-F57346CC5390:LeaderElection22] INFO  server.RaftServerConfigKeys (ConfUtils.java:logGet(43)) - raft.server.watch.timeout = 10s (default)
2019-08-21 09:11:48,278 [2efe7137-c334-43ac-ad86-ba58d4ed3c70:group-F57346CC5390:LeaderElection22] INFO  server.RaftServerConfigKeys (ConfUtils.java:logGet(43)) - raft.server.watch.timeout.denomination = 1s (default)
2019-08-21 09:11:48,278 [2efe7137-c334-43ac-ad86-ba58d4ed3c70:group-F57346CC5390:LeaderElection22] INFO  server.RaftServerConfigKeys (ConfUtils.java:logGet(43)) - raft.server.watch.element-limit = 65536 (default)
2019-08-21 09:11:48,278 [2efe7137-c334-43ac-ad86-ba58d4ed3c70:group-F57346CC5390:LeaderElection22] INFO  impl.RoleInfo (RoleInfo.java:updateAndGet(143)) - 2efe7137-c334-43ac-ad86-ba58d4ed3c70: start LeaderState
2019-08-21 09:11:48,278 [2efe7137-c334-43ac-ad86-ba58d4ed3c70:group-F57346CC5390:LeaderElection22] INFO  segmented.SegmentedRaftLogWorker (SegmentedRaftLogWorker.java:startLogSegment(380)) - 2efe7137-c334-43ac-ad86-ba58d4ed3c70-SegmentedRaftLogWorker:Storage Directory /workdir/hadoop-ozone/integration-test/target/test-dir/MiniOzoneClusterImpl-8d39adcc-ca79-4cf5-8766-ebbdd557e88b/datanode-6/data/ratis/8d813032-b8ad-41b2-848b-f57346cc5390: Starting segment from index:0
2019-08-21 09:11:48,282 [2efe7137-c334-43ac-ad86-ba58d4ed3c70:group-F57346CC5390:LeaderElection22] INFO  impl.RaftServerImpl (ServerState.java:setRaftConf(361)) - 2efe7137-c334-43ac-ad86-ba58d4ed3c70:group-F57346CC5390 set configuration 0: [2efe7137-c334-43ac-ad86-ba58d4ed3c70:192.168.34.50:45357], old=null at 0
2019-08-21 09:11:48,322 [5ea20691-5ab9-4695-ab1d-7e722de7481e-SegmentedRaftLogWorker:Storage Directory /workdir/hadoop-ozone/integration-test/target/test-dir/MiniOzoneClusterImpl-8d39adcc-ca79-4cf5-8766-ebbdd557e88b/datanode-5/data/ratis/950c9741-e664-4a77-9f9b-5145a76e5721] INFO  segmented.SegmentedRaftLogWorker (SegmentedRaftLogWorker.java:execute(569)) - 5ea20691-5ab9-4695-ab1d-7e722de7481e-SegmentedRaftLogWorker:Storage Directory /workdir/hadoop-ozone/integration-test/target/test-dir/MiniOzoneClusterImpl-8d39adcc-ca79-4cf5-8766-ebbdd557e88b/datanode-5/data/ratis/950c9741-e664-4a77-9f9b-5145a76e5721: created new log segment /workdir/hadoop-ozone/integration-test/target/test-dir/MiniOzoneClusterImpl-8d39adcc-ca79-4cf5-8766-ebbdd557e88b/datanode-5/data/ratis/950c9741-e664-4a77-9f9b-5145a76e5721/current/log_inprogress_0
2019-08-21 09:11:48,323 | INFO  | SCMAudit | user=jenkins1000 | ip=192.168.34.50 | op=SEND_HEARTBEAT {datanodeUUID=328a75f0-8ecf-454d-ac4a-ee464a922ba9, command=[]} | ret=SUCCESS |  
2019-08-21 09:11:48,337 [2efe7137-c334-43ac-ad86-ba58d4ed3c70-SegmentedRaftLogWorker:Storage Directory /workdir/hadoop-ozone/integration-test/target/test-dir/MiniOzoneClusterImpl-8d39adcc-ca79-4cf5-8766-ebbdd557e88b/datanode-6/data/ratis/8d813032-b8ad-41b2-848b-f57346cc5390] INFO  segmented.SegmentedRaftLogWorker (SegmentedRaftLogWorker.java:execute(569)) - 2efe7137-c334-43ac-ad86-ba58d4ed3c70-SegmentedRaftLogWorker:Storage Directory /workdir/hadoop-ozone/integration-test/target/test-dir/MiniOzoneClusterImpl-8d39adcc-ca79-4cf5-8766-ebbdd557e88b/datanode-6/data/ratis/8d813032-b8ad-41b2-848b-f57346cc5390: created new log segment /workdir/hadoop-ozone/integration-test/target/test-dir/MiniOzoneClusterImpl-8d39adcc-ca79-4cf5-8766-ebbdd557e88b/datanode-6/data/ratis/8d813032-b8ad-41b2-848b-f57346cc5390/current/log_inprogress_0
2019-08-21 09:11:48,346 [5ea20691-5ab9-4695-ab1d-7e722de7481e:group-5055C7B86944:LeaderElection23] INFO  impl.LeaderElection (LeaderElection.java:logAndReturn(56)) - 5ea20691-5ab9-4695-ab1d-7e722de7481e:group-5055C7B86944:LeaderElection23: Election REJECTED; received 2 response(s) [5ea20691-5ab9-4695-ab1d-7e722de7481e<-d93e8726-51c7-48e5-91db-a9280c3a0547#0:FAIL-t1, 5ea20691-5ab9-4695-ab1d-7e722de7481e<-328a75f0-8ecf-454d-ac4a-ee464a922ba9#0:FAIL-t1] and 0 exception(s); 5ea20691-5ab9-4695-ab1d-7e722de7481e:t1, leader=null, voted=5ea20691-5ab9-4695-ab1d-7e722de7481e, raftlog=5ea20691-5ab9-4695-ab1d-7e722de7481e-SegmentedRaftLog:OPENED:c-1,f-1,i0, conf=-1: [d93e8726-51c7-48e5-91db-a9280c3a0547:192.168.34.50:44816, 328a75f0-8ecf-454d-ac4a-ee464a922ba9:192.168.34.50:42900, 5ea20691-5ab9-4695-ab1d-7e722de7481e:192.168.34.50:36652], old=null
2019-08-21 09:11:48,346 [d93e8726-51c7-48e5-91db-a9280c3a0547:group-5055C7B86944:LeaderElection20] INFO  impl.LeaderElection (LeaderElection.java:logAndReturn(56)) - d93e8726-51c7-48e5-91db-a9280c3a0547:group-5055C7B86944:LeaderElection20: Election REJECTED; received 2 response(s) [d93e8726-51c7-48e5-91db-a9280c3a0547<-328a75f0-8ecf-454d-ac4a-ee464a922ba9#0:FAIL-t1, d93e8726-51c7-48e5-91db-a9280c3a0547<-5ea20691-5ab9-4695-ab1d-7e722de7481e#0:FAIL-t1] and 0 exception(s); d93e8726-51c7-48e5-91db-a9280c3a0547:t1, leader=null, voted=d93e8726-51c7-48e5-91db-a9280c3a0547, raftlog=d93e8726-51c7-48e5-91db-a9280c3a0547-SegmentedRaftLog:OPENED:c-1,f-1,i0, conf=-1: [d93e8726-51c7-48e5-91db-a9280c3a0547:192.168.34.50:44816, 328a75f0-8ecf-454d-ac4a-ee464a922ba9:192.168.34.50:42900, 5ea20691-5ab9-4695-ab1d-7e722de7481e:192.168.34.50:36652], old=null
2019-08-21 09:11:48,347 [5ea20691-5ab9-4695-ab1d-7e722de7481e:group-5055C7B86944:LeaderElection23] INFO  impl.RaftServerImpl (RaftServerImpl.java:setRole(171)) - 5ea20691-5ab9-4695-ab1d-7e722de7481e:group-5055C7B86944 changes role from CANDIDATE to FOLLOWER at term 1 for DISCOVERED_A_NEW_TERM
2019-08-21 09:11:48,350 [d93e8726-51c7-48e5-91db-a9280c3a0547:group-5055C7B86944:LeaderElection20] INFO  impl.RaftServerImpl (RaftServerImpl.java:setRole(171)) - d93e8726-51c7-48e5-91db-a9280c3a0547:group-5055C7B86944 changes role from CANDIDATE to FOLLOWER at term 1 for DISCOVERED_A_NEW_TERM
2019-08-21 09:11:48,352 [5ea20691-5ab9-4695-ab1d-7e722de7481e:group-5055C7B86944:LeaderElection23] INFO  impl.RoleInfo (RoleInfo.java:shutdownLeaderElection(134)) - 5ea20691-5ab9-4695-ab1d-7e722de7481e: shutdown LeaderElection
2019-08-21 09:11:48,352 [d93e8726-51c7-48e5-91db-a9280c3a0547:group-5055C7B86944:LeaderElection20] INFO  impl.RoleInfo (RoleInfo.java:shutdownLeaderElection(134)) - d93e8726-51c7-48e5-91db-a9280c3a0547: shutdown LeaderElection
2019-08-21 09:11:48,353 [5ea20691-5ab9-4695-ab1d-7e722de7481e:group-5055C7B86944:LeaderElection23] INFO  impl.RoleInfo (RoleInfo.java:updateAndGet(143)) - 5ea20691-5ab9-4695-ab1d-7e722de7481e: start FollowerState
2019-08-21 09:11:48,353 [d93e8726-51c7-48e5-91db-a9280c3a0547:group-5055C7B86944:LeaderElection20] INFO  impl.RoleInfo (RoleInfo.java:updateAndGet(143)) - d93e8726-51c7-48e5-91db-a9280c3a0547: start FollowerState
2019-08-21 09:11:48,353 [328a75f0-8ecf-454d-ac4a-ee464a922ba9:group-5055C7B86944:LeaderElection21] INFO  impl.LeaderElection (LeaderElection.java:logAndReturn(56)) - 328a75f0-8ecf-454d-ac4a-ee464a922ba9:group-5055C7B86944:LeaderElection21: Election REJECTED; received 2 response(s) [328a75f0-8ecf-454d-ac4a-ee464a922ba9<-d93e8726-51c7-48e5-91db-a9280c3a0547#0:FAIL-t1, 328a75f0-8ecf-454d-ac4a-ee464a922ba9<-5ea20691-5ab9-4695-ab1d-7e722de7481e#0:FAIL-t1] and 0 exception(s); 328a75f0-8ecf-454d-ac4a-ee464a922ba9:t1, leader=null, voted=328a75f0-8ecf-454d-ac4a-ee464a922ba9, raftlog=328a75f0-8ecf-454d-ac4a-ee464a922ba9-SegmentedRaftLog:OPENED:c-1,f-1,i0, conf=-1: [d93e8726-51c7-48e5-91db-a9280c3a0547:192.168.34.50:44816, 328a75f0-8ecf-454d-ac4a-ee464a922ba9:192.168.34.50:42900, 5ea20691-5ab9-4695-ab1d-7e722de7481e:192.168.34.50:36652], old=null
2019-08-21 09:11:48,355 [328a75f0-8ecf-454d-ac4a-ee464a922ba9:group-5055C7B86944:LeaderElection21] INFO  impl.RaftServerImpl (RaftServerImpl.java:setRole(171)) - 328a75f0-8ecf-454d-ac4a-ee464a922ba9:group-5055C7B86944 changes role from CANDIDATE to FOLLOWER at term 1 for DISCOVERED_A_NEW_TERM
2019-08-21 09:11:48,360 [328a75f0-8ecf-454d-ac4a-ee464a922ba9:group-5055C7B86944:LeaderElection21] INFO  impl.RoleInfo (RoleInfo.java:shutdownLeaderElection(134)) - 328a75f0-8ecf-454d-ac4a-ee464a922ba9: shutdown LeaderElection
2019-08-21 09:11:48,360 [328a75f0-8ecf-454d-ac4a-ee464a922ba9:group-5055C7B86944:LeaderElection21] INFO  impl.RoleInfo (RoleInfo.java:updateAndGet(143)) - 328a75f0-8ecf-454d-ac4a-ee464a922ba9: start FollowerState
2019-08-21 09:11:48,563 | INFO  | SCMAudit | user=jenkins1000 | ip=192.168.34.50 | op=SEND_HEARTBEAT {datanodeUUID=b216f333-d584-463e-ac29-b520f4cc8032, command=[]} | ret=SUCCESS |  
2019-08-21 09:11:48,680 | INFO  | SCMAudit | user=jenkins1000 | ip=192.168.34.50 | op=SEND_HEARTBEAT {datanodeUUID=d93e8726-51c7-48e5-91db-a9280c3a0547, command=[]} | ret=SUCCESS |  
2019-08-21 09:11:48,750 | INFO  | SCMAudit | user=jenkins1000 | ip=192.168.34.50 | op=SEND_HEARTBEAT {datanodeUUID=a8271a13-8b98-4259-a956-3406fefc9571, command=[]} | ret=SUCCESS |  
2019-08-21 09:11:48,880 | INFO  | SCMAudit | user=jenkins1000 | ip=192.168.34.50 | op=SEND_HEARTBEAT {datanodeUUID=5ea20691-5ab9-4695-ab1d-7e722de7481e, command=[]} | ret=SUCCESS |  
2019-08-21 09:11:49,040 | INFO  | SCMAudit | user=jenkins1000 | ip=192.168.34.50 | op=SEND_HEARTBEAT {datanodeUUID=4fc6c8fa-e96e-43c4-8369-e0ca8a7014d6, command=[]} | ret=SUCCESS |  
2019-08-21 09:11:49,129 | INFO  | SCMAudit | user=jenkins1000 | ip=192.168.34.50 | op=SEND_HEARTBEAT {datanodeUUID=2efe7137-c334-43ac-ad86-ba58d4ed3c70, command=[]} | ret=SUCCESS |  
2019-08-21 09:11:49,281 | INFO  | SCMAudit | user=jenkins1000 | ip=192.168.34.50 | op=SEND_HEARTBEAT {datanodeUUID=328a75f0-8ecf-454d-ac4a-ee464a922ba9, command=[]} | ret=SUCCESS |  
2019-08-21 09:11:49,475 | INFO  | DNAudit | user=null | ip=null | op=CREATE_CONTAINER {containerID=1, containerType=KeyValueContainer} | ret=SUCCESS |  
2019-08-21 09:11:49,484 | INFO  | SCMAudit | user=jenkins1000 | ip=192.168.34.50 | op=SEND_HEARTBEAT {datanodeUUID=b216f333-d584-463e-ac29-b520f4cc8032, command=[]} | ret=SUCCESS |  
2019-08-21 09:11:49,485 [grpc-default-executor-1] INFO  client.GrpcClientProtocolClient (GrpcClientProtocolClient.java:onNext(255)) - client-765D7F86C248->b216f333-d584-463e-ac29-b520f4cc8032: receive RaftClientReply:client-765D7F86C248->b216f333-d584-463e-ac29-b520f4cc8032@group-159FDE3C55F8, cid=42, SUCCESS, logIndex=1, commits[b216f333-d584-463e-ac29-b520f4cc8032:c2, 4fc6c8fa-e96e-43c4-8369-e0ca8a7014d6:c1, a8271a13-8b98-4259-a956-3406fefc9571:c1]
2019-08-21 09:11:49,515 | INFO  | DNAudit | user=null | ip=null | op=CREATE_CONTAINER {containerID=1, containerType=KeyValueContainer} | ret=SUCCESS |  
2019-08-21 09:11:49,515 | INFO  | DNAudit | user=null | ip=null | op=CREATE_CONTAINER {containerID=1, containerType=KeyValueContainer} | ret=SUCCESS |  
2019-08-21 09:11:49,516 | INFO  | SCMAudit | user=jenkins1000 | ip=192.168.34.50 | op=SEND_HEARTBEAT {datanodeUUID=a8271a13-8b98-4259-a956-3406fefc9571, command=[]} | ret=SUCCESS |  
2019-08-21 09:11:49,517 | INFO  | SCMAudit | user=jenkins1000 | ip=192.168.34.50 | op=SEND_HEARTBEAT {datanodeUUID=4fc6c8fa-e96e-43c4-8369-e0ca8a7014d6, command=[]} | ret=SUCCESS |  
2019-08-21 09:11:49,587 | INFO  | DNAudit | user=null | ip=null | op=CREATE_CONTAINER {containerID=2, containerType=KeyValueContainer} | ret=SUCCESS |  
2019-08-21 09:11:49,590 | INFO  | DNAudit | user=null | ip=null | op=CREATE_CONTAINER {containerID=2, containerType=KeyValueContainer} | ret=SUCCESS |  
2019-08-21 09:11:49,597 | INFO  | SCMAudit | user=jenkins1000 | ip=192.168.34.50 | op=SEND_HEARTBEAT {datanodeUUID=b216f333-d584-463e-ac29-b520f4cc8032, command=[]} | ret=SUCCESS |  
2019-08-21 09:11:49,597 [grpc-default-executor-1] INFO  client.GrpcClientProtocolClient (GrpcClientProtocolClient.java:onNext(255)) - client-765D7F86C248->b216f333-d584-463e-ac29-b520f4cc8032: receive RaftClientReply:client-765D7F86C248->b216f333-d584-463e-ac29-b520f4cc8032@group-159FDE3C55F8, cid=43, SUCCESS, logIndex=3, commits[b216f333-d584-463e-ac29-b520f4cc8032:c4, 4fc6c8fa-e96e-43c4-8369-e0ca8a7014d6:c3, a8271a13-8b98-4259-a956-3406fefc9571:c3]
2019-08-21 09:11:49,597 | INFO  | SCMAudit | user=jenkins1000 | ip=192.168.34.50 | op=SEND_HEARTBEAT {datanodeUUID=4fc6c8fa-e96e-43c4-8369-e0ca8a7014d6, command=[]} | ret=SUCCESS |  
2019-08-21 09:11:49,609 | INFO  | DNAudit | user=null | ip=null | op=CREATE_CONTAINER {containerID=2, containerType=KeyValueContainer} | ret=SUCCESS |  
2019-08-21 09:11:49,613 | INFO  | SCMAudit | user=jenkins1000 | ip=192.168.34.50 | op=SEND_HEARTBEAT {datanodeUUID=a8271a13-8b98-4259-a956-3406fefc9571, command=[]} | ret=SUCCESS |  
2019-08-21 09:11:49,681 | INFO  | SCMAudit | user=jenkins1000 | ip=192.168.34.50 | op=SEND_HEARTBEAT {datanodeUUID=d93e8726-51c7-48e5-91db-a9280c3a0547, command=[]} | ret=SUCCESS |  
2019-08-21 09:11:49,688 | INFO  | DNAudit | user=null | ip=null | op=CREATE_CONTAINER {containerID=3, containerType=KeyValueContainer} | ret=SUCCESS |  
2019-08-21 09:11:49,689 | INFO  | SCMAudit | user=jenkins1000 | ip=192.168.34.50 | op=SEND_HEARTBEAT {datanodeUUID=b216f333-d584-463e-ac29-b520f4cc8032, command=[]} | ret=SUCCESS |  
2019-08-21 09:11:49,691 [grpc-default-executor-0] INFO  client.GrpcClientProtocolClient (GrpcClientProtocolClient.java:onNext(255)) - client-765D7F86C248->b216f333-d584-463e-ac29-b520f4cc8032: receive RaftClientReply:client-765D7F86C248->b216f333-d584-463e-ac29-b520f4cc8032@group-159FDE3C55F8, cid=44, SUCCESS, logIndex=5, commits[b216f333-d584-463e-ac29-b520f4cc8032:c6, 4fc6c8fa-e96e-43c4-8369-e0ca8a7014d6:c5, a8271a13-8b98-4259-a956-3406fefc9571:c5]
2019-08-21 09:11:49,710 | INFO  | DNAudit | user=null | ip=null | op=CREATE_CONTAINER {containerID=3, containerType=KeyValueContainer} | ret=SUCCESS |  
2019-08-21 09:11:49,710 | INFO  | DNAudit | user=null | ip=null | op=CREATE_CONTAINER {containerID=3, containerType=KeyValueContainer} | ret=SUCCESS |  
2019-08-21 09:11:49,712 | INFO  | SCMAudit | user=jenkins1000 | ip=192.168.34.50 | op=SEND_HEARTBEAT {datanodeUUID=4fc6c8fa-e96e-43c4-8369-e0ca8a7014d6, command=[]} | ret=SUCCESS |  
2019-08-21 09:11:49,712 | INFO  | SCMAudit | user=jenkins1000 | ip=192.168.34.50 | op=SEND_HEARTBEAT {datanodeUUID=a8271a13-8b98-4259-a956-3406fefc9571, command=[]} | ret=SUCCESS |  
2019-08-21 09:11:49,881 | INFO  | SCMAudit | user=jenkins1000 | ip=192.168.34.50 | op=SEND_HEARTBEAT {datanodeUUID=5ea20691-5ab9-4695-ab1d-7e722de7481e, command=[]} | ret=SUCCESS |  
2019-08-21 09:11:50,130 | INFO  | SCMAudit | user=jenkins1000 | ip=192.168.34.50 | op=SEND_HEARTBEAT {datanodeUUID=2efe7137-c334-43ac-ad86-ba58d4ed3c70, command=[]} | ret=SUCCESS |  
2019-08-21 09:11:50,281 | INFO  | SCMAudit | user=jenkins1000 | ip=192.168.34.50 | op=SEND_HEARTBEAT {datanodeUUID=328a75f0-8ecf-454d-ac4a-ee464a922ba9, command=[]} | ret=SUCCESS |  
2019-08-21 09:11:50,681 | INFO  | SCMAudit | user=jenkins1000 | ip=192.168.34.50 | op=SEND_HEARTBEAT {datanodeUUID=d93e8726-51c7-48e5-91db-a9280c3a0547, command=[]} | ret=SUCCESS |  
2019-08-21 09:11:50,689 | INFO  | SCMAudit | user=jenkins1000 | ip=192.168.34.50 | op=SEND_HEARTBEAT {datanodeUUID=b216f333-d584-463e-ac29-b520f4cc8032, command=[]} | ret=SUCCESS |  
2019-08-21 09:11:50,711 | INFO  | SCMAudit | user=jenkins1000 | ip=192.168.34.50 | op=SEND_HEARTBEAT {datanodeUUID=4fc6c8fa-e96e-43c4-8369-e0ca8a7014d6, command=[]} | ret=SUCCESS |  
2019-08-21 09:11:50,712 | INFO  | SCMAudit | user=jenkins1000 | ip=192.168.34.50 | op=SEND_HEARTBEAT {datanodeUUID=a8271a13-8b98-4259-a956-3406fefc9571, command=[]} | ret=SUCCESS |  
2019-08-21 09:11:50,881 | INFO  | SCMAudit | user=jenkins1000 | ip=192.168.34.50 | op=SEND_HEARTBEAT {datanodeUUID=5ea20691-5ab9-4695-ab1d-7e722de7481e, command=[]} | ret=SUCCESS |  
2019-08-21 09:11:51,129 | INFO  | SCMAudit | user=jenkins1000 | ip=192.168.34.50 | op=SEND_HEARTBEAT {datanodeUUID=2efe7137-c334-43ac-ad86-ba58d4ed3c70, command=[]} | ret=SUCCESS |  
2019-08-21 09:11:51,282 | INFO  | SCMAudit | user=jenkins1000 | ip=192.168.34.50 | op=SEND_HEARTBEAT {datanodeUUID=328a75f0-8ecf-454d-ac4a-ee464a922ba9, command=[]} | ret=SUCCESS |  
2019-08-21 09:11:51,681 | INFO  | SCMAudit | user=jenkins1000 | ip=192.168.34.50 | op=SEND_HEARTBEAT {datanodeUUID=d93e8726-51c7-48e5-91db-a9280c3a0547, command=[]} | ret=SUCCESS |  
2019-08-21 09:11:51,689 | INFO  | SCMAudit | user=jenkins1000 | ip=192.168.34.50 | op=SEND_HEARTBEAT {datanodeUUID=b216f333-d584-463e-ac29-b520f4cc8032, command=[]} | ret=SUCCESS |  
2019-08-21 09:11:51,711 | INFO  | SCMAudit | user=jenkins1000 | ip=192.168.34.50 | op=SEND_HEARTBEAT {datanodeUUID=a8271a13-8b98-4259-a956-3406fefc9571, command=[]} | ret=SUCCESS |  
2019-08-21 09:11:51,712 | INFO  | SCMAudit | user=jenkins1000 | ip=192.168.34.50 | op=SEND_HEARTBEAT {datanodeUUID=4fc6c8fa-e96e-43c4-8369-e0ca8a7014d6, command=[]} | ret=SUCCESS |  
2019-08-21 09:11:51,881 | INFO  | SCMAudit | user=jenkins1000 | ip=192.168.34.50 | op=SEND_HEARTBEAT {datanodeUUID=5ea20691-5ab9-4695-ab1d-7e722de7481e, command=[]} | ret=SUCCESS |  
2019-08-21 09:11:52,129 | INFO  | SCMAudit | user=jenkins1000 | ip=192.168.34.50 | op=SEND_HEARTBEAT {datanodeUUID=2efe7137-c334-43ac-ad86-ba58d4ed3c70, command=[]} | ret=SUCCESS |  
2019-08-21 09:11:52,283 | INFO  | SCMAudit | user=jenkins1000 | ip=192.168.34.50 | op=SEND_HEARTBEAT {datanodeUUID=328a75f0-8ecf-454d-ac4a-ee464a922ba9, command=[]} | ret=SUCCESS |  
2019-08-21 09:11:52,682 | INFO  | SCMAudit | user=jenkins1000 | ip=192.168.34.50 | op=SEND_HEARTBEAT {datanodeUUID=d93e8726-51c7-48e5-91db-a9280c3a0547, command=[]} | ret=SUCCESS |  
2019-08-21 09:11:52,689 | INFO  | SCMAudit | user=jenkins1000 | ip=192.168.34.50 | op=SEND_HEARTBEAT {datanodeUUID=b216f333-d584-463e-ac29-b520f4cc8032, command=[]} | ret=SUCCESS |  
2019-08-21 09:11:52,711 | INFO  | SCMAudit | user=jenkins1000 | ip=192.168.34.50 | op=SEND_HEARTBEAT {datanodeUUID=a8271a13-8b98-4259-a956-3406fefc9571, command=[]} | ret=SUCCESS |  
2019-08-21 09:11:52,712 | INFO  | SCMAudit | user=jenkins1000 | ip=192.168.34.50 | op=SEND_HEARTBEAT {datanodeUUID=4fc6c8fa-e96e-43c4-8369-e0ca8a7014d6, command=[]} | ret=SUCCESS |  
2019-08-21 09:11:52,881 | INFO  | SCMAudit | user=jenkins1000 | ip=192.168.34.50 | op=SEND_HEARTBEAT {datanodeUUID=5ea20691-5ab9-4695-ab1d-7e722de7481e, command=[]} | ret=SUCCESS |  
2019-08-21 09:11:53,130 | INFO  | SCMAudit | user=jenkins1000 | ip=192.168.34.50 | op=SEND_HEARTBEAT {datanodeUUID=2efe7137-c334-43ac-ad86-ba58d4ed3c70, command=[]} | ret=SUCCESS |  
2019-08-21 09:11:53,283 | INFO  | SCMAudit | user=jenkins1000 | ip=192.168.34.50 | op=SEND_HEARTBEAT {datanodeUUID=328a75f0-8ecf-454d-ac4a-ee464a922ba9, command=[]} | ret=SUCCESS |  
2019-08-21 09:11:53,394 [Thread-775] INFO  impl.FollowerState (FollowerState.java:run(106)) - 5ea20691-5ab9-4695-ab1d-7e722de7481e:group-5055C7B86944 changes to CANDIDATE, lastRpcTime:5041, electionTimeout:5041ms
2019-08-21 09:11:53,395 [Thread-775] INFO  impl.RoleInfo (RoleInfo.java:shutdownFollowerState(121)) - 5ea20691-5ab9-4695-ab1d-7e722de7481e: shutdown FollowerState
2019-08-21 09:11:53,395 [Thread-775] INFO  impl.RaftServerImpl (RaftServerImpl.java:setRole(171)) - 5ea20691-5ab9-4695-ab1d-7e722de7481e:group-5055C7B86944 changes role from FOLLOWER to CANDIDATE at term 1 for changeToCandidate
2019-08-21 09:11:53,395 [Thread-775] INFO  impl.RoleInfo (RoleInfo.java:updateAndGet(143)) - 5ea20691-5ab9-4695-ab1d-7e722de7481e: start LeaderElection
2019-08-21 09:11:53,413 [5ea20691-5ab9-4695-ab1d-7e722de7481e:group-5055C7B86944:LeaderElection24] INFO  impl.LeaderElection (LeaderElection.java:askForVotes(181)) - 5ea20691-5ab9-4695-ab1d-7e722de7481e:group-5055C7B86944:LeaderElection24: begin an election at term 2 for -1: [d93e8726-51c7-48e5-91db-a9280c3a0547:192.168.34.50:44816, 328a75f0-8ecf-454d-ac4a-ee464a922ba9:192.168.34.50:42900, 5ea20691-5ab9-4695-ab1d-7e722de7481e:192.168.34.50:36652], old=null
2019-08-21 09:11:53,414 [Thread-777] INFO  impl.FollowerState (FollowerState.java:run(106)) - 328a75f0-8ecf-454d-ac4a-ee464a922ba9:group-5055C7B86944 changes to CANDIDATE, lastRpcTime:5053, electionTimeout:5051ms
2019-08-21 09:11:53,414 [Thread-777] INFO  impl.RoleInfo (RoleInfo.java:shutdownFollowerState(121)) - 328a75f0-8ecf-454d-ac4a-ee464a922ba9: shutdown FollowerState
2019-08-21 09:11:53,414 [Thread-777] INFO  impl.RaftServerImpl (RaftServerImpl.java:setRole(171)) - 328a75f0-8ecf-454d-ac4a-ee464a922ba9:group-5055C7B86944 changes role from FOLLOWER to CANDIDATE at term 1 for changeToCandidate
2019-08-21 09:11:53,414 [Thread-777] INFO  impl.RoleInfo (RoleInfo.java:updateAndGet(143)) - 328a75f0-8ecf-454d-ac4a-ee464a922ba9: start LeaderElection
2019-08-21 09:11:53,420 [328a75f0-8ecf-454d-ac4a-ee464a922ba9:group-5055C7B86944:LeaderElection25] INFO  impl.LeaderElection (LeaderElection.java:askForVotes(181)) - 328a75f0-8ecf-454d-ac4a-ee464a922ba9:group-5055C7B86944:LeaderElection25: begin an election at term 2 for -1: [d93e8726-51c7-48e5-91db-a9280c3a0547:192.168.34.50:44816, 328a75f0-8ecf-454d-ac4a-ee464a922ba9:192.168.34.50:42900, 5ea20691-5ab9-4695-ab1d-7e722de7481e:192.168.34.50:36652], old=null
2019-08-21 09:11:53,420 [grpc-default-executor-0] INFO  impl.RaftServerImpl (RaftServerImpl.java:setRole(171)) - d93e8726-51c7-48e5-91db-a9280c3a0547:group-5055C7B86944 changes role from FOLLOWER to FOLLOWER at term 2 for recognizeCandidate:5ea20691-5ab9-4695-ab1d-7e722de7481e
2019-08-21 09:11:53,420 [grpc-default-executor-0] INFO  impl.RoleInfo (RoleInfo.java:shutdownFollowerState(121)) - d93e8726-51c7-48e5-91db-a9280c3a0547: shutdown FollowerState
2019-08-21 09:11:53,420 [grpc-default-executor-0] INFO  impl.RoleInfo (RoleInfo.java:updateAndGet(143)) - d93e8726-51c7-48e5-91db-a9280c3a0547: start FollowerState
2019-08-21 09:11:53,421 [Thread-776] INFO  impl.FollowerState (FollowerState.java:run(114)) - d93e8726-51c7-48e5-91db-a9280c3a0547: FollowerState was interrupted: java.lang.InterruptedException: sleep interrupted
2019-08-21 09:11:53,438 [5ea20691-5ab9-4695-ab1d-7e722de7481e:group-5055C7B86944:LeaderElection24] INFO  impl.LeaderElection (LeaderElection.java:logAndReturn(56)) - 5ea20691-5ab9-4695-ab1d-7e722de7481e:group-5055C7B86944:LeaderElection24: Election PASSED; received 2 response(s) [5ea20691-5ab9-4695-ab1d-7e722de7481e<-328a75f0-8ecf-454d-ac4a-ee464a922ba9#0:FAIL-t2, 5ea20691-5ab9-4695-ab1d-7e722de7481e<-d93e8726-51c7-48e5-91db-a9280c3a0547#0:OK-t2] and 0 exception(s); 5ea20691-5ab9-4695-ab1d-7e722de7481e:t2, leader=null, voted=5ea20691-5ab9-4695-ab1d-7e722de7481e, raftlog=5ea20691-5ab9-4695-ab1d-7e722de7481e-SegmentedRaftLog:OPENED:c-1,f-1,i0, conf=-1: [d93e8726-51c7-48e5-91db-a9280c3a0547:192.168.34.50:44816, 328a75f0-8ecf-454d-ac4a-ee464a922ba9:192.168.34.50:42900, 5ea20691-5ab9-4695-ab1d-7e722de7481e:192.168.34.50:36652], old=null
2019-08-21 09:11:53,438 [328a75f0-8ecf-454d-ac4a-ee464a922ba9:group-5055C7B86944:LeaderElection25] INFO  impl.LeaderElection (LeaderElection.java:logAndReturn(56)) - 328a75f0-8ecf-454d-ac4a-ee464a922ba9:group-5055C7B86944:LeaderElection25: Election REJECTED; received 2 response(s) [328a75f0-8ecf-454d-ac4a-ee464a922ba9<-d93e8726-51c7-48e5-91db-a9280c3a0547#0:FAIL-t2, 328a75f0-8ecf-454d-ac4a-ee464a922ba9<-5ea20691-5ab9-4695-ab1d-7e722de7481e#0:FAIL-t2] and 0 exception(s); 328a75f0-8ecf-454d-ac4a-ee464a922ba9:t2, leader=null, voted=328a75f0-8ecf-454d-ac4a-ee464a922ba9, raftlog=328a75f0-8ecf-454d-ac4a-ee464a922ba9-SegmentedRaftLog:OPENED:c-1,f-1,i0, conf=-1: [d93e8726-51c7-48e5-91db-a9280c3a0547:192.168.34.50:44816, 328a75f0-8ecf-454d-ac4a-ee464a922ba9:192.168.34.50:42900, 5ea20691-5ab9-4695-ab1d-7e722de7481e:192.168.34.50:36652], old=null
2019-08-21 09:11:53,438 [5ea20691-5ab9-4695-ab1d-7e722de7481e:group-5055C7B86944:LeaderElection24] INFO  impl.RoleInfo (RoleInfo.java:shutdownLeaderElection(134)) - 5ea20691-5ab9-4695-ab1d-7e722de7481e: shutdown LeaderElection
2019-08-21 09:11:53,451 [328a75f0-8ecf-454d-ac4a-ee464a922ba9:group-5055C7B86944:LeaderElection25] INFO  impl.RaftServerImpl (RaftServerImpl.java:setRole(171)) - 328a75f0-8ecf-454d-ac4a-ee464a922ba9:group-5055C7B86944 changes role from CANDIDATE to FOLLOWER at term 2 for DISCOVERED_A_NEW_TERM
2019-08-21 09:11:53,451 [5ea20691-5ab9-4695-ab1d-7e722de7481e:group-5055C7B86944:LeaderElection24] INFO  impl.RaftServerImpl (RaftServerImpl.java:setRole(171)) - 5ea20691-5ab9-4695-ab1d-7e722de7481e:group-5055C7B86944 changes role from CANDIDATE to LEADER at term 2 for changeToLeader
2019-08-21 09:11:53,451 [328a75f0-8ecf-454d-ac4a-ee464a922ba9:group-5055C7B86944:LeaderElection25] INFO  impl.RoleInfo (RoleInfo.java:shutdownLeaderElection(134)) - 328a75f0-8ecf-454d-ac4a-ee464a922ba9: shutdown LeaderElection
2019-08-21 09:11:53,451 [5ea20691-5ab9-4695-ab1d-7e722de7481e:group-5055C7B86944:LeaderElection24] INFO  impl.RaftServerImpl (ServerState.java:setLeader(263)) - 5ea20691-5ab9-4695-ab1d-7e722de7481e:group-5055C7B86944 change Leader from null to 5ea20691-5ab9-4695-ab1d-7e722de7481e at term 2 for becomeLeader, leader elected after 10430ms
2019-08-21 09:11:53,452 [328a75f0-8ecf-454d-ac4a-ee464a922ba9:group-5055C7B86944:LeaderElection25] INFO  impl.RoleInfo (RoleInfo.java:updateAndGet(143)) - 328a75f0-8ecf-454d-ac4a-ee464a922ba9: start FollowerState
2019-08-21 09:11:53,452 [5ea20691-5ab9-4695-ab1d-7e722de7481e:group-5055C7B86944:LeaderElection24] INFO  server.RaftServerConfigKeys (ConfUtils.java:logGet(43)) - raft.server.staging.catchup.gap = 1000 (default)
2019-08-21 09:11:53,452 [5ea20691-5ab9-4695-ab1d-7e722de7481e:group-5055C7B86944:LeaderElection24] INFO  server.RaftServerConfigKeys (ConfUtils.java:logGet(43)) - raft.server.rpc.sleep.time = 25ms (default)
2019-08-21 09:11:53,452 [5ea20691-5ab9-4695-ab1d-7e722de7481e:group-5055C7B86944:LeaderElection24] INFO  server.RaftServerConfigKeys (ConfUtils.java:logGet(43)) - raft.server.write.element-limit = 4096 (default)
2019-08-21 09:11:53,452 [5ea20691-5ab9-4695-ab1d-7e722de7481e:group-5055C7B86944:LeaderElection24] INFO  server.RaftServerConfigKeys (ConfUtils.java:logGet(43)) - raft.server.watch.timeout = 10s (default)
2019-08-21 09:11:53,453 [5ea20691-5ab9-4695-ab1d-7e722de7481e:group-5055C7B86944:LeaderElection24] INFO  server.RaftServerConfigKeys (ConfUtils.java:logGet(43)) - raft.server.watch.timeout.denomination = 1s (default)
2019-08-21 09:11:53,453 [5ea20691-5ab9-4695-ab1d-7e722de7481e:group-5055C7B86944:LeaderElection24] INFO  server.RaftServerConfigKeys (ConfUtils.java:logGet(43)) - raft.server.watch.element-limit = 65536 (default)
2019-08-21 09:11:53,453 [5ea20691-5ab9-4695-ab1d-7e722de7481e:group-5055C7B86944:LeaderElection24] INFO  server.RaftServerConfigKeys (ConfUtils.java:logGet(43)) - raft.server.log.appender.snapshot.chunk.size.max = 16MB (=16777216) (default)
2019-08-21 09:11:53,453 [5ea20691-5ab9-4695-ab1d-7e722de7481e:group-5055C7B86944:LeaderElection24] INFO  server.RaftServerConfigKeys (ConfUtils.java:logGet(43)) - raft.server.log.appender.buffer.byte-limit = 33554432 (custom)
2019-08-21 09:11:53,454 [5ea20691-5ab9-4695-ab1d-7e722de7481e:group-5055C7B86944:LeaderElection24] INFO  server.RaftServerConfigKeys (ConfUtils.java:logGet(43)) - raft.server.log.appender.buffer.element-limit = 1 (custom)
2019-08-21 09:11:53,454 [5ea20691-5ab9-4695-ab1d-7e722de7481e:group-5055C7B86944:LeaderElection24] INFO  grpc.GrpcConfigKeys$Server (ConfUtils.java:logGet(43)) - raft.grpc.server.leader.outstanding.appends.max = 128 (default)
2019-08-21 09:11:53,454 [5ea20691-5ab9-4695-ab1d-7e722de7481e:group-5055C7B86944:LeaderElection24] INFO  server.RaftServerConfigKeys (ConfUtils.java:logGet(43)) - raft.server.rpc.request.timeout = 3000ms (default)
2019-08-21 09:11:53,454 [5ea20691-5ab9-4695-ab1d-7e722de7481e:group-5055C7B86944:LeaderElection24] INFO  server.RaftServerConfigKeys (ConfUtils.java:logGet(43)) - raft.server.log.appender.install.snapshot.enabled = false (custom)
2019-08-21 09:11:53,455 [5ea20691-5ab9-4695-ab1d-7e722de7481e:group-5055C7B86944:LeaderElection24] INFO  server.RaftServerConfigKeys (ConfUtils.java:logGet(43)) - raft.server.log.appender.snapshot.chunk.size.max = 16MB (=16777216) (default)
2019-08-21 09:11:53,455 [5ea20691-5ab9-4695-ab1d-7e722de7481e:group-5055C7B86944:LeaderElection24] INFO  server.RaftServerConfigKeys (ConfUtils.java:logGet(43)) - raft.server.log.appender.buffer.byte-limit = 33554432 (custom)
2019-08-21 09:11:53,455 [5ea20691-5ab9-4695-ab1d-7e722de7481e:group-5055C7B86944:LeaderElection24] INFO  server.RaftServerConfigKeys (ConfUtils.java:logGet(43)) - raft.server.log.appender.buffer.element-limit = 1 (custom)
2019-08-21 09:11:53,455 [5ea20691-5ab9-4695-ab1d-7e722de7481e:group-5055C7B86944:LeaderElection24] INFO  grpc.GrpcConfigKeys$Server (ConfUtils.java:logGet(43)) - raft.grpc.server.leader.outstanding.appends.max = 128 (default)
2019-08-21 09:11:53,456 [5ea20691-5ab9-4695-ab1d-7e722de7481e:group-5055C7B86944:LeaderElection24] INFO  server.RaftServerConfigKeys (ConfUtils.java:logGet(43)) - raft.server.rpc.request.timeout = 3000ms (default)
2019-08-21 09:11:53,456 [5ea20691-5ab9-4695-ab1d-7e722de7481e:group-5055C7B86944:LeaderElection24] INFO  server.RaftServerConfigKeys (ConfUtils.java:logGet(43)) - raft.server.log.appender.install.snapshot.enabled = false (custom)
2019-08-21 09:11:53,456 [5ea20691-5ab9-4695-ab1d-7e722de7481e:group-5055C7B86944:LeaderElection24] INFO  impl.RoleInfo (RoleInfo.java:updateAndGet(143)) - 5ea20691-5ab9-4695-ab1d-7e722de7481e: start LeaderState
2019-08-21 09:11:53,456 [5ea20691-5ab9-4695-ab1d-7e722de7481e:group-5055C7B86944:LeaderElection24] INFO  segmented.SegmentedRaftLogWorker (SegmentedRaftLogWorker.java:startLogSegment(380)) - 5ea20691-5ab9-4695-ab1d-7e722de7481e-SegmentedRaftLogWorker:Storage Directory /workdir/hadoop-ozone/integration-test/target/test-dir/MiniOzoneClusterImpl-8d39adcc-ca79-4cf5-8766-ebbdd557e88b/datanode-5/data/ratis/2148e972-04a0-47fb-9826-5055c7b86944: Starting segment from index:0
2019-08-21 09:11:53,457 [5ea20691-5ab9-4695-ab1d-7e722de7481e:group-5055C7B86944:LeaderElection24] INFO  impl.RaftServerImpl (ServerState.java:setRaftConf(361)) - 5ea20691-5ab9-4695-ab1d-7e722de7481e:group-5055C7B86944 set configuration 0: [d93e8726-51c7-48e5-91db-a9280c3a0547:192.168.34.50:44816, 328a75f0-8ecf-454d-ac4a-ee464a922ba9:192.168.34.50:42900, 5ea20691-5ab9-4695-ab1d-7e722de7481e:192.168.34.50:36652], old=null at 0
2019-08-21 09:11:53,460 [grpc-default-executor-1] INFO  impl.RaftServerImpl (ServerState.java:setLeader(263)) - d93e8726-51c7-48e5-91db-a9280c3a0547:group-5055C7B86944 change Leader from null to 5ea20691-5ab9-4695-ab1d-7e722de7481e at term 2 for appendEntries, leader elected after 10439ms
2019-08-21 09:11:53,461 [grpc-default-executor-0] INFO  impl.RaftServerImpl (ServerState.java:setLeader(263)) - 328a75f0-8ecf-454d-ac4a-ee464a922ba9:group-5055C7B86944 change Leader from null to 5ea20691-5ab9-4695-ab1d-7e722de7481e at term 2 for appendEntries, leader elected after 10439ms
2019-08-21 09:11:53,464 [grpc-default-executor-0] INFO  impl.RaftServerImpl (ServerState.java:setRaftConf(361)) - d93e8726-51c7-48e5-91db-a9280c3a0547:group-5055C7B86944 set configuration 0: [d93e8726-51c7-48e5-91db-a9280c3a0547:192.168.34.50:44816, 328a75f0-8ecf-454d-ac4a-ee464a922ba9:192.168.34.50:42900, 5ea20691-5ab9-4695-ab1d-7e722de7481e:192.168.34.50:36652], old=null at 0
2019-08-21 09:11:53,464 [grpc-default-executor-0] INFO  segmented.SegmentedRaftLogWorker (SegmentedRaftLogWorker.java:startLogSegment(380)) - d93e8726-51c7-48e5-91db-a9280c3a0547-SegmentedRaftLogWorker:Storage Directory /workdir/hadoop-ozone/integration-test/target/test-dir/MiniOzoneClusterImpl-8d39adcc-ca79-4cf5-8766-ebbdd557e88b/datanode-4/data/ratis/2148e972-04a0-47fb-9826-5055c7b86944: Starting segment from index:0
2019-08-21 09:11:53,465 [grpc-default-executor-1] INFO  impl.RaftServerImpl (ServerState.java:setRaftConf(361)) - 328a75f0-8ecf-454d-ac4a-ee464a922ba9:group-5055C7B86944 set configuration 0: [d93e8726-51c7-48e5-91db-a9280c3a0547:192.168.34.50:44816, 328a75f0-8ecf-454d-ac4a-ee464a922ba9:192.168.34.50:42900, 5ea20691-5ab9-4695-ab1d-7e722de7481e:192.168.34.50:36652], old=null at 0
2019-08-21 09:11:53,465 [grpc-default-executor-1] INFO  segmented.SegmentedRaftLogWorker (SegmentedRaftLogWorker.java:startLogSegment(380)) - 328a75f0-8ecf-454d-ac4a-ee464a922ba9-SegmentedRaftLogWorker:Storage Directory /workdir/hadoop-ozone/integration-test/target/test-dir/MiniOzoneClusterImpl-8d39adcc-ca79-4cf5-8766-ebbdd557e88b/datanode-3/data/ratis/2148e972-04a0-47fb-9826-5055c7b86944: Starting segment from index:0
2019-08-21 09:11:53,507 [5ea20691-5ab9-4695-ab1d-7e722de7481e-SegmentedRaftLogWorker:Storage Directory /workdir/hadoop-ozone/integration-test/target/test-dir/MiniOzoneClusterImpl-8d39adcc-ca79-4cf5-8766-ebbdd557e88b/datanode-5/data/ratis/2148e972-04a0-47fb-9826-5055c7b86944] INFO  segmented.SegmentedRaftLogWorker (SegmentedRaftLogWorker.java:execute(569)) - 5ea20691-5ab9-4695-ab1d-7e722de7481e-SegmentedRaftLogWorker:Storage Directory /workdir/hadoop-ozone/integration-test/target/test-dir/MiniOzoneClusterImpl-8d39adcc-ca79-4cf5-8766-ebbdd557e88b/datanode-5/data/ratis/2148e972-04a0-47fb-9826-5055c7b86944: created new log segment /workdir/hadoop-ozone/integration-test/target/test-dir/MiniOzoneClusterImpl-8d39adcc-ca79-4cf5-8766-ebbdd557e88b/datanode-5/data/ratis/2148e972-04a0-47fb-9826-5055c7b86944/current/log_inprogress_0
2019-08-21 09:11:53,507 [328a75f0-8ecf-454d-ac4a-ee464a922ba9-SegmentedRaftLogWorker:Storage Directory /workdir/hadoop-ozone/integration-test/target/test-dir/MiniOzoneClusterImpl-8d39adcc-ca79-4cf5-8766-ebbdd557e88b/datanode-3/data/ratis/2148e972-04a0-47fb-9826-5055c7b86944] INFO  segmented.SegmentedRaftLogWorker (SegmentedRaftLogWorker.java:execute(569)) - 328a75f0-8ecf-454d-ac4a-ee464a922ba9-SegmentedRaftLogWorker:Storage Directory /workdir/hadoop-ozone/integration-test/target/test-dir/MiniOzoneClusterImpl-8d39adcc-ca79-4cf5-8766-ebbdd557e88b/datanode-3/data/ratis/2148e972-04a0-47fb-9826-5055c7b86944: created new log segment /workdir/hadoop-ozone/integration-test/target/test-dir/MiniOzoneClusterImpl-8d39adcc-ca79-4cf5-8766-ebbdd557e88b/datanode-3/data/ratis/2148e972-04a0-47fb-9826-5055c7b86944/current/log_inprogress_0
2019-08-21 09:11:53,507 [d93e8726-51c7-48e5-91db-a9280c3a0547-SegmentedRaftLogWorker:Storage Directory /workdir/hadoop-ozone/integration-test/target/test-dir/MiniOzoneClusterImpl-8d39adcc-ca79-4cf5-8766-ebbdd557e88b/datanode-4/data/ratis/2148e972-04a0-47fb-9826-5055c7b86944] INFO  segmented.SegmentedRaftLogWorker (SegmentedRaftLogWorker.java:execute(569)) - d93e8726-51c7-48e5-91db-a9280c3a0547-SegmentedRaftLogWorker:Storage Directory /workdir/hadoop-ozone/integration-test/target/test-dir/MiniOzoneClusterImpl-8d39adcc-ca79-4cf5-8766-ebbdd557e88b/datanode-4/data/ratis/2148e972-04a0-47fb-9826-5055c7b86944: created new log segment /workdir/hadoop-ozone/integration-test/target/test-dir/MiniOzoneClusterImpl-8d39adcc-ca79-4cf5-8766-ebbdd557e88b/datanode-4/data/ratis/2148e972-04a0-47fb-9826-5055c7b86944/current/log_inprogress_0
2019-08-21 09:11:53,682 | INFO  | SCMAudit | user=jenkins1000 | ip=192.168.34.50 | op=SEND_HEARTBEAT {datanodeUUID=d93e8726-51c7-48e5-91db-a9280c3a0547, command=[]} | ret=SUCCESS |  
2019-08-21 09:11:53,689 | INFO  | SCMAudit | user=jenkins1000 | ip=192.168.34.50 | op=SEND_HEARTBEAT {datanodeUUID=b216f333-d584-463e-ac29-b520f4cc8032, command=[]} | ret=SUCCESS |  
2019-08-21 09:11:53,717 | INFO  | SCMAudit | user=jenkins1000 | ip=192.168.34.50 | op=SEND_HEARTBEAT {datanodeUUID=a8271a13-8b98-4259-a956-3406fefc9571, command=[]} | ret=SUCCESS |  
2019-08-21 09:11:53,717 | INFO  | SCMAudit | user=jenkins1000 | ip=192.168.34.50 | op=SEND_HEARTBEAT {datanodeUUID=4fc6c8fa-e96e-43c4-8369-e0ca8a7014d6, command=[]} | ret=SUCCESS |  
2019-08-21 09:11:53,881 | INFO  | SCMAudit | user=jenkins1000 | ip=192.168.34.50 | op=SEND_HEARTBEAT {datanodeUUID=5ea20691-5ab9-4695-ab1d-7e722de7481e, command=[]} | ret=SUCCESS |  
2019-08-21 09:11:54,130 | INFO  | SCMAudit | user=jenkins1000 | ip=192.168.34.50 | op=SEND_HEARTBEAT {datanodeUUID=2efe7137-c334-43ac-ad86-ba58d4ed3c70, command=[]} | ret=SUCCESS |  
2019-08-21 09:11:54,283 | INFO  | SCMAudit | user=jenkins1000 | ip=192.168.34.50 | op=SEND_HEARTBEAT {datanodeUUID=328a75f0-8ecf-454d-ac4a-ee464a922ba9, command=[]} | ret=SUCCESS |  
2019-08-21 09:11:54,682 | INFO  | SCMAudit | user=jenkins1000 | ip=192.168.34.50 | op=SEND_HEARTBEAT {datanodeUUID=d93e8726-51c7-48e5-91db-a9280c3a0547, command=[]} | ret=SUCCESS |  
2019-08-21 09:11:54,689 | INFO  | SCMAudit | user=jenkins1000 | ip=192.168.34.50 | op=SEND_HEARTBEAT {datanodeUUID=b216f333-d584-463e-ac29-b520f4cc8032, command=[]} | ret=SUCCESS |  
2019-08-21 09:11:54,716 | INFO  | SCMAudit | user=jenkins1000 | ip=192.168.34.50 | op=SEND_HEARTBEAT {datanodeUUID=a8271a13-8b98-4259-a956-3406fefc9571, command=[]} | ret=SUCCESS |  
2019-08-21 09:11:54,716 | INFO  | SCMAudit | user=jenkins1000 | ip=192.168.34.50 | op=SEND_HEARTBEAT {datanodeUUID=4fc6c8fa-e96e-43c4-8369-e0ca8a7014d6, command=[]} | ret=SUCCESS |  
2019-08-21 09:11:54,747 [grpc-default-executor-0] INFO  client.GrpcClientProtocolClient (GrpcClientProtocolClient.java:onNext(255)) - client-765D7F86C248->4fc6c8fa-e96e-43c4-8369-e0ca8a7014d6: receive RaftClientReply:client-765D7F86C248->4fc6c8fa-e96e-43c4-8369-e0ca8a7014d6@group-159FDE3C55F8, cid=45, FAILED org.apache.ratis.protocol.NotLeaderException: Server 4fc6c8fa-e96e-43c4-8369-e0ca8a7014d6 is not the leader (b216f333-d584-463e-ac29-b520f4cc8032:192.168.34.50:33369). Request must be sent to leader., logIndex=0, commits[4fc6c8fa-e96e-43c4-8369-e0ca8a7014d6:c8, b216f333-d584-463e-ac29-b520f4cc8032:c8, a8271a13-8b98-4259-a956-3406fefc9571:c8]
2019-08-21 09:11:54,881 | INFO  | SCMAudit | user=jenkins1000 | ip=192.168.34.50 | op=SEND_HEARTBEAT {datanodeUUID=5ea20691-5ab9-4695-ab1d-7e722de7481e, command=[]} | ret=SUCCESS |  
2019-08-21 09:11:55,130 | INFO  | SCMAudit | user=jenkins1000 | ip=192.168.34.50 | op=SEND_HEARTBEAT {datanodeUUID=2efe7137-c334-43ac-ad86-ba58d4ed3c70, command=[]} | ret=SUCCESS |  
2019-08-21 09:11:55,283 | INFO  | SCMAudit | user=jenkins1000 | ip=192.168.34.50 | op=SEND_HEARTBEAT {datanodeUUID=328a75f0-8ecf-454d-ac4a-ee464a922ba9, command=[]} | ret=SUCCESS |  
2019-08-21 09:11:55,682 | INFO  | SCMAudit | user=jenkins1000 | ip=192.168.34.50 | op=SEND_HEARTBEAT {datanodeUUID=d93e8726-51c7-48e5-91db-a9280c3a0547, command=[]} | ret=SUCCESS |  
2019-08-21 09:11:55,689 | INFO  | SCMAudit | user=jenkins1000 | ip=192.168.34.50 | op=SEND_HEARTBEAT {datanodeUUID=b216f333-d584-463e-ac29-b520f4cc8032, command=[]} | ret=SUCCESS |  
2019-08-21 09:11:55,716 | INFO  | SCMAudit | user=jenkins1000 | ip=192.168.34.50 | op=SEND_HEARTBEAT {datanodeUUID=4fc6c8fa-e96e-43c4-8369-e0ca8a7014d6, command=[]} | ret=SUCCESS |  
2019-08-21 09:11:55,717 | INFO  | SCMAudit | user=jenkins1000 | ip=192.168.34.50 | op=SEND_HEARTBEAT {datanodeUUID=a8271a13-8b98-4259-a956-3406fefc9571, command=[]} | ret=SUCCESS |  
2019-08-21 09:11:55,881 | INFO  | SCMAudit | user=jenkins1000 | ip=192.168.34.50 | op=SEND_HEARTBEAT {datanodeUUID=5ea20691-5ab9-4695-ab1d-7e722de7481e, command=[]} | ret=SUCCESS |  
2019-08-21 09:11:56,130 | INFO  | SCMAudit | user=jenkins1000 | ip=192.168.34.50 | op=SEND_HEARTBEAT {datanodeUUID=2efe7137-c334-43ac-ad86-ba58d4ed3c70, command=[]} | ret=SUCCESS |  
2019-08-21 09:11:56,283 | INFO  | SCMAudit | user=jenkins1000 | ip=192.168.34.50 | op=SEND_HEARTBEAT {datanodeUUID=328a75f0-8ecf-454d-ac4a-ee464a922ba9, command=[]} | ret=SUCCESS |  
2019-08-21 09:11:56,683 | INFO  | SCMAudit | user=jenkins1000 | ip=192.168.34.50 | op=SEND_HEARTBEAT {datanodeUUID=d93e8726-51c7-48e5-91db-a9280c3a0547, command=[]} | ret=SUCCESS |  
2019-08-21 09:11:56,689 | INFO  | SCMAudit | user=jenkins1000 | ip=192.168.34.50 | op=SEND_HEARTBEAT {datanodeUUID=b216f333-d584-463e-ac29-b520f4cc8032, command=[]} | ret=SUCCESS |  
2019-08-21 09:11:56,716 | INFO  | SCMAudit | user=jenkins1000 | ip=192.168.34.50 | op=SEND_HEARTBEAT {datanodeUUID=a8271a13-8b98-4259-a956-3406fefc9571, command=[]} | ret=SUCCESS |  
2019-08-21 09:11:56,717 | INFO  | SCMAudit | user=jenkins1000 | ip=192.168.34.50 | op=SEND_HEARTBEAT {datanodeUUID=4fc6c8fa-e96e-43c4-8369-e0ca8a7014d6, command=[]} | ret=SUCCESS |  
2019-08-21 09:11:56,880 | INFO  | SCMAudit | user=jenkins1000 | ip=192.168.34.50 | op=SEND_HEARTBEAT {datanodeUUID=5ea20691-5ab9-4695-ab1d-7e722de7481e, command=[]} | ret=SUCCESS |  
2019-08-21 09:11:57,130 | INFO  | SCMAudit | user=jenkins1000 | ip=192.168.34.50 | op=SEND_HEARTBEAT {datanodeUUID=2efe7137-c334-43ac-ad86-ba58d4ed3c70, command=[]} | ret=SUCCESS |  
2019-08-21 09:11:57,283 | INFO  | SCMAudit | user=jenkins1000 | ip=192.168.34.50 | op=SEND_HEARTBEAT {datanodeUUID=328a75f0-8ecf-454d-ac4a-ee464a922ba9, command=[]} | ret=SUCCESS |  
2019-08-21 09:11:57,683 | INFO  | SCMAudit | user=jenkins1000 | ip=192.168.34.50 | op=SEND_HEARTBEAT {datanodeUUID=d93e8726-51c7-48e5-91db-a9280c3a0547, command=[]} | ret=SUCCESS |  
2019-08-21 09:11:57,690 | INFO  | SCMAudit | user=jenkins1000 | ip=192.168.34.50 | op=SEND_HEARTBEAT {datanodeUUID=b216f333-d584-463e-ac29-b520f4cc8032, command=[]} | ret=SUCCESS |  
2019-08-21 09:11:57,717 | INFO  | SCMAudit | user=jenkins1000 | ip=192.168.34.50 | op=SEND_HEARTBEAT {datanodeUUID=a8271a13-8b98-4259-a956-3406fefc9571, command=[]} | ret=SUCCESS |  
2019-08-21 09:11:57,717 | INFO  | SCMAudit | user=jenkins1000 | ip=192.168.34.50 | op=SEND_HEARTBEAT {datanodeUUID=4fc6c8fa-e96e-43c4-8369-e0ca8a7014d6, command=[]} | ret=SUCCESS |  
2019-08-21 09:11:57,882 | INFO  | SCMAudit | user=jenkins1000 | ip=192.168.34.50 | op=SEND_HEARTBEAT {datanodeUUID=5ea20691-5ab9-4695-ab1d-7e722de7481e, command=[]} | ret=SUCCESS |  
2019-08-21 09:11:58,132 | INFO  | SCMAudit | user=jenkins1000 | ip=192.168.34.50 | op=SEND_HEARTBEAT {datanodeUUID=2efe7137-c334-43ac-ad86-ba58d4ed3c70, command=[]} | ret=SUCCESS |  
2019-08-21 09:11:58,283 | INFO  | SCMAudit | user=jenkins1000 | ip=192.168.34.50 | op=SEND_HEARTBEAT {datanodeUUID=328a75f0-8ecf-454d-ac4a-ee464a922ba9, command=[]} | ret=SUCCESS |  
2019-08-21 09:11:58,684 | INFO  | SCMAudit | user=jenkins1000 | ip=192.168.34.50 | op=SEND_HEARTBEAT {datanodeUUID=d93e8726-51c7-48e5-91db-a9280c3a0547, command=[]} | ret=SUCCESS |  
2019-08-21 09:11:58,690 | INFO  | SCMAudit | user=jenkins1000 | ip=192.168.34.50 | op=SEND_HEARTBEAT {datanodeUUID=b216f333-d584-463e-ac29-b520f4cc8032, command=[]} | ret=SUCCESS |  
2019-08-21 09:11:58,717 | INFO  | SCMAudit | user=jenkins1000 | ip=192.168.34.50 | op=SEND_HEARTBEAT {datanodeUUID=a8271a13-8b98-4259-a956-3406fefc9571, command=[]} | ret=SUCCESS |  
2019-08-21 09:11:58,718 | INFO  | SCMAudit | user=jenkins1000 | ip=192.168.34.50 | op=SEND_HEARTBEAT {datanodeUUID=4fc6c8fa-e96e-43c4-8369-e0ca8a7014d6, command=[]} | ret=SUCCESS |  
2019-08-21 09:11:58,881 | INFO  | SCMAudit | user=jenkins1000 | ip=192.168.34.50 | op=SEND_HEARTBEAT {datanodeUUID=5ea20691-5ab9-4695-ab1d-7e722de7481e, command=[]} | ret=SUCCESS |  
2019-08-21 09:11:59,130 | INFO  | SCMAudit | user=jenkins1000 | ip=192.168.34.50 | op=SEND_HEARTBEAT {datanodeUUID=2efe7137-c334-43ac-ad86-ba58d4ed3c70, command=[]} | ret=SUCCESS |  
2019-08-21 09:11:59,283 | INFO  | SCMAudit | user=jenkins1000 | ip=192.168.34.50 | op=SEND_HEARTBEAT {datanodeUUID=328a75f0-8ecf-454d-ac4a-ee464a922ba9, command=[]} | ret=SUCCESS |  
2019-08-21 09:11:59,683 | INFO  | SCMAudit | user=jenkins1000 | ip=192.168.34.50 | op=SEND_HEARTBEAT {datanodeUUID=d93e8726-51c7-48e5-91db-a9280c3a0547, command=[]} | ret=SUCCESS |  
2019-08-21 09:11:59,689 | INFO  | SCMAudit | user=jenkins1000 | ip=192.168.34.50 | op=SEND_HEARTBEAT {datanodeUUID=b216f333-d584-463e-ac29-b520f4cc8032, command=[]} | ret=SUCCESS |  
2019-08-21 09:11:59,716 | INFO  | SCMAudit | user=jenkins1000 | ip=192.168.34.50 | op=SEND_HEARTBEAT {datanodeUUID=a8271a13-8b98-4259-a956-3406fefc9571, command=[]} | ret=SUCCESS |  
2019-08-21 09:11:59,718 | INFO  | SCMAudit | user=jenkins1000 | ip=192.168.34.50 | op=SEND_HEARTBEAT {datanodeUUID=4fc6c8fa-e96e-43c4-8369-e0ca8a7014d6, command=[]} | ret=SUCCESS |  
2019-08-21 09:11:59,799 [grpc-default-executor-1] INFO  client.GrpcClientProtocolClient (GrpcClientProtocolClient.java:onNext(255)) - client-765D7F86C248->a8271a13-8b98-4259-a956-3406fefc9571: receive RaftClientReply:client-765D7F86C248->a8271a13-8b98-4259-a956-3406fefc9571@group-159FDE3C55F8, cid=45, FAILED org.apache.ratis.protocol.NotLeaderException: Server a8271a13-8b98-4259-a956-3406fefc9571 is not the leader (b216f333-d584-463e-ac29-b520f4cc8032:192.168.34.50:33369). Request must be sent to leader., logIndex=0, commits[a8271a13-8b98-4259-a956-3406fefc9571:c8, 4fc6c8fa-e96e-43c4-8369-e0ca8a7014d6:c8, b216f333-d584-463e-ac29-b520f4cc8032:c8]
2019-08-21 09:11:59,881 | INFO  | SCMAudit | user=jenkins1000 | ip=192.168.34.50 | op=SEND_HEARTBEAT {datanodeUUID=5ea20691-5ab9-4695-ab1d-7e722de7481e, command=[]} | ret=SUCCESS |  
2019-08-21 09:12:00,130 | INFO  | SCMAudit | user=jenkins1000 | ip=192.168.34.50 | op=SEND_HEARTBEAT {datanodeUUID=2efe7137-c334-43ac-ad86-ba58d4ed3c70, command=[]} | ret=SUCCESS |  
2019-08-21 09:12:00,283 | INFO  | SCMAudit | user=jenkins1000 | ip=192.168.34.50 | op=SEND_HEARTBEAT {datanodeUUID=328a75f0-8ecf-454d-ac4a-ee464a922ba9, command=[]} | ret=SUCCESS |  
2019-08-21 09:12:00,683 | INFO  | SCMAudit | user=jenkins1000 | ip=192.168.34.50 | op=SEND_HEARTBEAT {datanodeUUID=d93e8726-51c7-48e5-91db-a9280c3a0547, command=[]} | ret=SUCCESS |  
2019-08-21 09:12:00,690 | INFO  | SCMAudit | user=jenkins1000 | ip=192.168.34.50 | op=SEND_HEARTBEAT {datanodeUUID=b216f333-d584-463e-ac29-b520f4cc8032, command=[]} | ret=SUCCESS |  
2019-08-21 09:12:00,717 | INFO  | SCMAudit | user=jenkins1000 | ip=192.168.34.50 | op=SEND_HEARTBEAT {datanodeUUID=4fc6c8fa-e96e-43c4-8369-e0ca8a7014d6, command=[]} | ret=SUCCESS |  
2019-08-21 09:12:00,717 | INFO  | SCMAudit | user=jenkins1000 | ip=192.168.34.50 | op=SEND_HEARTBEAT {datanodeUUID=a8271a13-8b98-4259-a956-3406fefc9571, command=[]} | ret=SUCCESS |  
2019-08-21 09:12:00,881 | INFO  | SCMAudit | user=jenkins1000 | ip=192.168.34.50 | op=SEND_HEARTBEAT {datanodeUUID=5ea20691-5ab9-4695-ab1d-7e722de7481e, command=[]} | ret=SUCCESS |  
2019-08-21 09:12:01,130 | INFO  | SCMAudit | user=jenkins1000 | ip=192.168.34.50 | op=SEND_HEARTBEAT {datanodeUUID=2efe7137-c334-43ac-ad86-ba58d4ed3c70, command=[]} | ret=SUCCESS |  
2019-08-21 09:12:01,282 | INFO  | SCMAudit | user=jenkins1000 | ip=192.168.34.50 | op=SEND_HEARTBEAT {datanodeUUID=328a75f0-8ecf-454d-ac4a-ee464a922ba9, command=[]} | ret=SUCCESS |  
2019-08-21 09:12:01,683 | INFO  | SCMAudit | user=jenkins1000 | ip=192.168.34.50 | op=SEND_HEARTBEAT {datanodeUUID=d93e8726-51c7-48e5-91db-a9280c3a0547, command=[]} | ret=SUCCESS |  
2019-08-21 09:12:01,689 | INFO  | SCMAudit | user=jenkins1000 | ip=192.168.34.50 | op=SEND_HEARTBEAT {datanodeUUID=b216f333-d584-463e-ac29-b520f4cc8032, command=[]} | ret=SUCCESS |  
2019-08-21 09:12:01,717 | INFO  | SCMAudit | user=jenkins1000 | ip=192.168.34.50 | op=SEND_HEARTBEAT {datanodeUUID=a8271a13-8b98-4259-a956-3406fefc9571, command=[]} | ret=SUCCESS |  
2019-08-21 09:12:01,717 | INFO  | SCMAudit | user=jenkins1000 | ip=192.168.34.50 | op=SEND_HEARTBEAT {datanodeUUID=4fc6c8fa-e96e-43c4-8369-e0ca8a7014d6, command=[]} | ret=SUCCESS |  
2019-08-21 09:12:01,881 | INFO  | SCMAudit | user=jenkins1000 | ip=192.168.34.50 | op=SEND_HEARTBEAT {datanodeUUID=5ea20691-5ab9-4695-ab1d-7e722de7481e, command=[]} | ret=SUCCESS |  
2019-08-21 09:12:02,130 | INFO  | SCMAudit | user=jenkins1000 | ip=192.168.34.50 | op=SEND_HEARTBEAT {datanodeUUID=2efe7137-c334-43ac-ad86-ba58d4ed3c70, command=[]} | ret=SUCCESS |  
2019-08-21 09:12:02,284 | INFO  | SCMAudit | user=jenkins1000 | ip=192.168.34.50 | op=SEND_HEARTBEAT {datanodeUUID=328a75f0-8ecf-454d-ac4a-ee464a922ba9, command=[]} | ret=SUCCESS |  
2019-08-21 09:12:02,683 | INFO  | SCMAudit | user=jenkins1000 | ip=192.168.34.50 | op=SEND_HEARTBEAT {datanodeUUID=d93e8726-51c7-48e5-91db-a9280c3a0547, command=[]} | ret=SUCCESS |  
2019-08-21 09:12:02,690 | INFO  | SCMAudit | user=jenkins1000 | ip=192.168.34.50 | op=SEND_HEARTBEAT {datanodeUUID=b216f333-d584-463e-ac29-b520f4cc8032, command=[]} | ret=SUCCESS |  
2019-08-21 09:12:02,716 | INFO  | SCMAudit | user=jenkins1000 | ip=192.168.34.50 | op=SEND_HEARTBEAT {datanodeUUID=a8271a13-8b98-4259-a956-3406fefc9571, command=[]} | ret=SUCCESS |  
2019-08-21 09:12:02,717 | INFO  | SCMAudit | user=jenkins1000 | ip=192.168.34.50 | op=SEND_HEARTBEAT {datanodeUUID=4fc6c8fa-e96e-43c4-8369-e0ca8a7014d6, command=[]} | ret=SUCCESS |  
2019-08-21 09:12:02,881 | INFO  | SCMAudit | user=jenkins1000 | ip=192.168.34.50 | op=SEND_HEARTBEAT {datanodeUUID=5ea20691-5ab9-4695-ab1d-7e722de7481e, command=[]} | ret=SUCCESS |  
2019-08-21 09:12:03,130 | INFO  | SCMAudit | user=jenkins1000 | ip=192.168.34.50 | op=SEND_HEARTBEAT {datanodeUUID=2efe7137-c334-43ac-ad86-ba58d4ed3c70, command=[]} | ret=SUCCESS |  
2019-08-21 09:12:03,283 | INFO  | SCMAudit | user=jenkins1000 | ip=192.168.34.50 | op=SEND_HEARTBEAT {datanodeUUID=328a75f0-8ecf-454d-ac4a-ee464a922ba9, command=[]} | ret=SUCCESS |  
2019-08-21 09:12:03,683 | INFO  | SCMAudit | user=jenkins1000 | ip=192.168.34.50 | op=SEND_HEARTBEAT {datanodeUUID=d93e8726-51c7-48e5-91db-a9280c3a0547, command=[]} | ret=SUCCESS |  
2019-08-21 09:12:03,689 | INFO  | SCMAudit | user=jenkins1000 | ip=192.168.34.50 | op=SEND_HEARTBEAT {datanodeUUID=b216f333-d584-463e-ac29-b520f4cc8032, command=[]} | ret=SUCCESS |  
2019-08-21 09:12:03,717 | INFO  | SCMAudit | user=jenkins1000 | ip=192.168.34.50 | op=SEND_HEARTBEAT {datanodeUUID=a8271a13-8b98-4259-a956-3406fefc9571, command=[]} | ret=SUCCESS |  
2019-08-21 09:12:03,718 | INFO  | SCMAudit | user=jenkins1000 | ip=192.168.34.50 | op=SEND_HEARTBEAT {datanodeUUID=4fc6c8fa-e96e-43c4-8369-e0ca8a7014d6, command=[]} | ret=SUCCESS |  
2019-08-21 09:12:03,881 | INFO  | SCMAudit | user=jenkins1000 | ip=192.168.34.50 | op=SEND_HEARTBEAT {datanodeUUID=5ea20691-5ab9-4695-ab1d-7e722de7481e, command=[]} | ret=SUCCESS |  
2019-08-21 09:12:04,131 | INFO  | SCMAudit | user=jenkins1000 | ip=192.168.34.50 | op=SEND_HEARTBEAT {datanodeUUID=2efe7137-c334-43ac-ad86-ba58d4ed3c70, command=[]} | ret=SUCCESS |  
2019-08-21 09:12:04,285 | INFO  | SCMAudit | user=jenkins1000 | ip=192.168.34.50 | op=SEND_HEARTBEAT {datanodeUUID=328a75f0-8ecf-454d-ac4a-ee464a922ba9, command=[]} | ret=SUCCESS |  
2019-08-21 09:12:04,683 | INFO  | SCMAudit | user=jenkins1000 | ip=192.168.34.50 | op=SEND_HEARTBEAT {datanodeUUID=d93e8726-51c7-48e5-91db-a9280c3a0547, command=[]} | ret=SUCCESS |  
2019-08-21 09:12:04,690 | INFO  | SCMAudit | user=jenkins1000 | ip=192.168.34.50 | op=SEND_HEARTBEAT {datanodeUUID=b216f333-d584-463e-ac29-b520f4cc8032, command=[]} | ret=SUCCESS |  
2019-08-21 09:12:04,717 | INFO  | SCMAudit | user=jenkins1000 | ip=192.168.34.50 | op=SEND_HEARTBEAT {datanodeUUID=4fc6c8fa-e96e-43c4-8369-e0ca8a7014d6, command=[]} | ret=SUCCESS |  
2019-08-21 09:12:04,718 | INFO  | SCMAudit | user=jenkins1000 | ip=192.168.34.50 | op=SEND_HEARTBEAT {datanodeUUID=a8271a13-8b98-4259-a956-3406fefc9571, command=[]} | ret=SUCCESS |  
2019-08-21 09:12:04,846 [grpc-default-executor-0] INFO  client.GrpcClientProtocolClient (GrpcClientProtocolClient.java:onNext(255)) - client-765D7F86C248->a8271a13-8b98-4259-a956-3406fefc9571: receive RaftClientReply:client-765D7F86C248->a8271a13-8b98-4259-a956-3406fefc9571@group-159FDE3C55F8, cid=45, FAILED org.apache.ratis.protocol.NotLeaderException: Server a8271a13-8b98-4259-a956-3406fefc9571 is not the leader (b216f333-d584-463e-ac29-b520f4cc8032:192.168.34.50:33369). Request must be sent to leader., logIndex=0, commits[a8271a13-8b98-4259-a956-3406fefc9571:c8, 4fc6c8fa-e96e-43c4-8369-e0ca8a7014d6:c8, b216f333-d584-463e-ac29-b520f4cc8032:c8]
2019-08-21 09:12:04,881 | INFO  | SCMAudit | user=jenkins1000 | ip=192.168.34.50 | op=SEND_HEARTBEAT {datanodeUUID=5ea20691-5ab9-4695-ab1d-7e722de7481e, command=[]} | ret=SUCCESS |  
2019-08-21 09:12:05,132 | INFO  | SCMAudit | user=jenkins1000 | ip=192.168.34.50 | op=SEND_HEARTBEAT {datanodeUUID=2efe7137-c334-43ac-ad86-ba58d4ed3c70, command=[]} | ret=SUCCESS |  
2019-08-21 09:12:05,285 | INFO  | SCMAudit | user=jenkins1000 | ip=192.168.34.50 | op=SEND_HEARTBEAT {datanodeUUID=328a75f0-8ecf-454d-ac4a-ee464a922ba9, command=[]} | ret=SUCCESS |  
2019-08-21 09:12:05,683 | INFO  | SCMAudit | user=jenkins1000 | ip=192.168.34.50 | op=SEND_HEARTBEAT {datanodeUUID=d93e8726-51c7-48e5-91db-a9280c3a0547, command=[]} | ret=SUCCESS |  
2019-08-21 09:12:05,689 | INFO  | SCMAudit | user=jenkins1000 | ip=192.168.34.50 | op=SEND_HEARTBEAT {datanodeUUID=b216f333-d584-463e-ac29-b520f4cc8032, command=[]} | ret=SUCCESS |  
2019-08-21 09:12:05,717 | INFO  | SCMAudit | user=jenkins1000 | ip=192.168.34.50 | op=SEND_HEARTBEAT {datanodeUUID=a8271a13-8b98-4259-a956-3406fefc9571, command=[]} | ret=SUCCESS |  
2019-08-21 09:12:05,718 | INFO  | SCMAudit | user=jenkins1000 | ip=192.168.34.50 | op=SEND_HEARTBEAT {datanodeUUID=4fc6c8fa-e96e-43c4-8369-e0ca8a7014d6, command=[]} | ret=SUCCESS |  
2019-08-21 09:12:05,881 | INFO  | SCMAudit | user=jenkins1000 | ip=192.168.34.50 | op=SEND_HEARTBEAT {datanodeUUID=5ea20691-5ab9-4695-ab1d-7e722de7481e, command=[]} | ret=SUCCESS |  
2019-08-21 09:12:06,132 | INFO  | SCMAudit | user=jenkins1000 | ip=192.168.34.50 | op=SEND_HEARTBEAT {datanodeUUID=2efe7137-c334-43ac-ad86-ba58d4ed3c70, command=[]} | ret=SUCCESS |  
2019-08-21 09:12:06,285 | INFO  | SCMAudit | user=jenkins1000 | ip=192.168.34.50 | op=SEND_HEARTBEAT {datanodeUUID=328a75f0-8ecf-454d-ac4a-ee464a922ba9, command=[]} | ret=SUCCESS |  
2019-08-21 09:12:06,684 | INFO  | SCMAudit | user=jenkins1000 | ip=192.168.34.50 | op=SEND_HEARTBEAT {datanodeUUID=d93e8726-51c7-48e5-91db-a9280c3a0547, command=[]} | ret=SUCCESS |  
2019-08-21 09:12:06,690 | INFO  | SCMAudit | user=jenkins1000 | ip=192.168.34.50 | op=SEND_HEARTBEAT {datanodeUUID=b216f333-d584-463e-ac29-b520f4cc8032, command=[]} | ret=SUCCESS |  
2019-08-21 09:12:06,718 | INFO  | SCMAudit | user=jenkins1000 | ip=192.168.34.50 | op=SEND_HEARTBEAT {datanodeUUID=4fc6c8fa-e96e-43c4-8369-e0ca8a7014d6, command=[]} | ret=SUCCESS |  
2019-08-21 09:12:06,718 | INFO  | SCMAudit | user=jenkins1000 | ip=192.168.34.50 | op=SEND_HEARTBEAT {datanodeUUID=a8271a13-8b98-4259-a956-3406fefc9571, command=[]} | ret=SUCCESS |  
2019-08-21 09:12:06,881 | INFO  | SCMAudit | user=jenkins1000 | ip=192.168.34.50 | op=SEND_HEARTBEAT {datanodeUUID=5ea20691-5ab9-4695-ab1d-7e722de7481e, command=[]} | ret=SUCCESS |  
2019-08-21 09:12:07,132 | INFO  | SCMAudit | user=jenkins1000 | ip=192.168.34.50 | op=SEND_HEARTBEAT {datanodeUUID=2efe7137-c334-43ac-ad86-ba58d4ed3c70, command=[]} | ret=SUCCESS |  
2019-08-21 09:12:07,285 | INFO  | SCMAudit | user=jenkins1000 | ip=192.168.34.50 | op=SEND_HEARTBEAT {datanodeUUID=328a75f0-8ecf-454d-ac4a-ee464a922ba9, command=[]} | ret=SUCCESS |  
2019-08-21 09:12:07,685 | INFO  | SCMAudit | user=jenkins1000 | ip=192.168.34.50 | op=SEND_HEARTBEAT {datanodeUUID=d93e8726-51c7-48e5-91db-a9280c3a0547, command=[]} | ret=SUCCESS |  
2019-08-21 09:12:07,690 | INFO  | SCMAudit | user=jenkins1000 | ip=192.168.34.50 | op=SEND_HEARTBEAT {datanodeUUID=b216f333-d584-463e-ac29-b520f4cc8032, command=[]} | ret=SUCCESS |  
2019-08-21 09:12:07,718 | INFO  | SCMAudit | user=jenkins1000 | ip=192.168.34.50 | op=SEND_HEARTBEAT {datanodeUUID=a8271a13-8b98-4259-a956-3406fefc9571, command=[]} | ret=SUCCESS |  
2019-08-21 09:12:07,718 | INFO  | SCMAudit | user=jenkins1000 | ip=192.168.34.50 | op=SEND_HEARTBEAT {datanodeUUID=4fc6c8fa-e96e-43c4-8369-e0ca8a7014d6, command=[]} | ret=SUCCESS |  
2019-08-21 09:12:07,881 | INFO  | SCMAudit | user=jenkins1000 | ip=192.168.34.50 | op=SEND_HEARTBEAT {datanodeUUID=5ea20691-5ab9-4695-ab1d-7e722de7481e, command=[]} | ret=SUCCESS |  
2019-08-21 09:12:08,132 | INFO  | SCMAudit | user=jenkins1000 | ip=192.168.34.50 | op=SEND_HEARTBEAT {datanodeUUID=2efe7137-c334-43ac-ad86-ba58d4ed3c70, command=[]} | ret=SUCCESS |  
2019-08-21 09:12:08,284 | INFO  | SCMAudit | user=jenkins1000 | ip=192.168.34.50 | op=SEND_HEARTBEAT {datanodeUUID=328a75f0-8ecf-454d-ac4a-ee464a922ba9, command=[]} | ret=SUCCESS |  
2019-08-21 09:12:08,685 | INFO  | SCMAudit | user=jenkins1000 | ip=192.168.34.50 | op=SEND_HEARTBEAT {datanodeUUID=d93e8726-51c7-48e5-91db-a9280c3a0547, command=[]} | ret=SUCCESS |  
2019-08-21 09:12:08,689 | INFO  | SCMAudit | user=jenkins1000 | ip=192.168.34.50 | op=SEND_HEARTBEAT {datanodeUUID=b216f333-d584-463e-ac29-b520f4cc8032, command=[]} | ret=SUCCESS |  
2019-08-21 09:12:08,717 | INFO  | SCMAudit | user=jenkins1000 | ip=192.168.34.50 | op=SEND_HEARTBEAT {datanodeUUID=a8271a13-8b98-4259-a956-3406fefc9571, command=[]} | ret=SUCCESS |  
2019-08-21 09:12:08,718 | INFO  | SCMAudit | user=jenkins1000 | ip=192.168.34.50 | op=SEND_HEARTBEAT {datanodeUUID=4fc6c8fa-e96e-43c4-8369-e0ca8a7014d6, command=[]} | ret=SUCCESS |  
2019-08-21 09:12:08,881 | INFO  | SCMAudit | user=jenkins1000 | ip=192.168.34.50 | op=SEND_HEARTBEAT {datanodeUUID=5ea20691-5ab9-4695-ab1d-7e722de7481e, command=[]} | ret=SUCCESS |  
2019-08-21 09:12:09,132 | INFO  | SCMAudit | user=jenkins1000 | ip=192.168.34.50 | op=SEND_HEARTBEAT {datanodeUUID=2efe7137-c334-43ac-ad86-ba58d4ed3c70, command=[]} | ret=SUCCESS |  
2019-08-21 09:12:09,285 | INFO  | SCMAudit | user=jenkins1000 | ip=192.168.34.50 | op=SEND_HEARTBEAT {datanodeUUID=328a75f0-8ecf-454d-ac4a-ee464a922ba9, command=[]} | ret=SUCCESS |  
2019-08-21 09:12:09,685 | INFO  | SCMAudit | user=jenkins1000 | ip=192.168.34.50 | op=SEND_HEARTBEAT {datanodeUUID=d93e8726-51c7-48e5-91db-a9280c3a0547, command=[]} | ret=SUCCESS |  
2019-08-21 09:12:09,690 | INFO  | SCMAudit | user=jenkins1000 | ip=192.168.34.50 | op=SEND_HEARTBEAT {datanodeUUID=b216f333-d584-463e-ac29-b520f4cc8032, command=[]} | ret=SUCCESS |  
2019-08-21 09:12:09,718 | INFO  | SCMAudit | user=jenkins1000 | ip=192.168.34.50 | op=SEND_HEARTBEAT {datanodeUUID=a8271a13-8b98-4259-a956-3406fefc9571, command=[]} | ret=SUCCESS |  
2019-08-21 09:12:09,719 | INFO  | SCMAudit | user=jenkins1000 | ip=192.168.34.50 | op=SEND_HEARTBEAT {datanodeUUID=4fc6c8fa-e96e-43c4-8369-e0ca8a7014d6, command=[]} | ret=SUCCESS |  
2019-08-21 09:12:09,881 | INFO  | SCMAudit | user=jenkins1000 | ip=192.168.34.50 | op=SEND_HEARTBEAT {datanodeUUID=5ea20691-5ab9-4695-ab1d-7e722de7481e, command=[]} | ret=SUCCESS |  
2019-08-21 09:12:09,903 [grpc-default-executor-0] INFO  client.GrpcClientProtocolClient (GrpcClientProtocolClient.java:onNext(255)) - client-765D7F86C248->4fc6c8fa-e96e-43c4-8369-e0ca8a7014d6: receive RaftClientReply:client-765D7F86C248->4fc6c8fa-e96e-43c4-8369-e0ca8a7014d6@group-159FDE3C55F8, cid=45, FAILED org.apache.ratis.protocol.NotLeaderException: Server 4fc6c8fa-e96e-43c4-8369-e0ca8a7014d6 is not the leader (b216f333-d584-463e-ac29-b520f4cc8032:192.168.34.50:33369). Request must be sent to leader., logIndex=0, commits[4fc6c8fa-e96e-43c4-8369-e0ca8a7014d6:c8, b216f333-d584-463e-ac29-b520f4cc8032:c8, a8271a13-8b98-4259-a956-3406fefc9571:c8]
2019-08-21 09:12:10,132 | INFO  | SCMAudit | user=jenkins1000 | ip=192.168.34.50 | op=SEND_HEARTBEAT {datanodeUUID=2efe7137-c334-43ac-ad86-ba58d4ed3c70, command=[]} | ret=SUCCESS |  
2019-08-21 09:12:10,285 | INFO  | SCMAudit | user=jenkins1000 | ip=192.168.34.50 | op=SEND_HEARTBEAT {datanodeUUID=328a75f0-8ecf-454d-ac4a-ee464a922ba9, command=[]} | ret=SUCCESS |  
2019-08-21 09:12:10,685 | INFO  | SCMAudit | user=jenkins1000 | ip=192.168.34.50 | op=SEND_HEARTBEAT {datanodeUUID=d93e8726-51c7-48e5-91db-a9280c3a0547, command=[]} | ret=SUCCESS |  
2019-08-21 09:12:10,691 | INFO  | SCMAudit | user=jenkins1000 | ip=192.168.34.50 | op=SEND_HEARTBEAT {datanodeUUID=b216f333-d584-463e-ac29-b520f4cc8032, command=[]} | ret=SUCCESS |  
2019-08-21 09:12:10,717 | INFO  | SCMAudit | user=jenkins1000 | ip=192.168.34.50 | op=SEND_HEARTBEAT {datanodeUUID=a8271a13-8b98-4259-a956-3406fefc9571, command=[]} | ret=SUCCESS |  
2019-08-21 09:12:10,718 | INFO  | SCMAudit | user=jenkins1000 | ip=192.168.34.50 | op=SEND_HEARTBEAT {datanodeUUID=4fc6c8fa-e96e-43c4-8369-e0ca8a7014d6, command=[]} | ret=SUCCESS |  
2019-08-21 09:12:10,882 | INFO  | SCMAudit | user=jenkins1000 | ip=192.168.34.50 | op=SEND_HEARTBEAT {datanodeUUID=5ea20691-5ab9-4695-ab1d-7e722de7481e, command=[]} | ret=SUCCESS |  
2019-08-21 09:12:11,131 | INFO  | SCMAudit | user=jenkins1000 | ip=192.168.34.50 | op=SEND_HEARTBEAT {datanodeUUID=2efe7137-c334-43ac-ad86-ba58d4ed3c70, command=[]} | ret=SUCCESS |  
2019-08-21 09:12:11,285 | INFO  | SCMAudit | user=jenkins1000 | ip=192.168.34.50 | op=SEND_HEARTBEAT {datanodeUUID=328a75f0-8ecf-454d-ac4a-ee464a922ba9, command=[]} | ret=SUCCESS |  
2019-08-21 09:12:11,684 | INFO  | SCMAudit | user=jenkins1000 | ip=192.168.34.50 | op=SEND_HEARTBEAT {datanodeUUID=d93e8726-51c7-48e5-91db-a9280c3a0547, command=[]} | ret=SUCCESS |  
2019-08-21 09:12:11,690 | INFO  | SCMAudit | user=jenkins1000 | ip=192.168.34.50 | op=SEND_HEARTBEAT {datanodeUUID=b216f333-d584-463e-ac29-b520f4cc8032, command=[]} | ret=SUCCESS |  
2019-08-21 09:12:11,718 | INFO  | SCMAudit | user=jenkins1000 | ip=192.168.34.50 | op=SEND_HEARTBEAT {datanodeUUID=a8271a13-8b98-4259-a956-3406fefc9571, command=[]} | ret=SUCCESS |  
2019-08-21 09:12:11,719 | INFO  | SCMAudit | user=jenkins1000 | ip=192.168.34.50 | op=SEND_HEARTBEAT {datanodeUUID=4fc6c8fa-e96e-43c4-8369-e0ca8a7014d6, command=[]} | ret=SUCCESS |  
2019-08-21 09:12:11,881 | INFO  | SCMAudit | user=jenkins1000 | ip=192.168.34.50 | op=SEND_HEARTBEAT {datanodeUUID=5ea20691-5ab9-4695-ab1d-7e722de7481e, command=[]} | ret=SUCCESS |  
2019-08-21 09:12:12,131 | INFO  | SCMAudit | user=jenkins1000 | ip=192.168.34.50 | op=SEND_HEARTBEAT {datanodeUUID=2efe7137-c334-43ac-ad86-ba58d4ed3c70, command=[]} | ret=SUCCESS |  
2019-08-21 09:12:12,285 | INFO  | SCMAudit | user=jenkins1000 | ip=192.168.34.50 | op=SEND_HEARTBEAT {datanodeUUID=328a75f0-8ecf-454d-ac4a-ee464a922ba9, command=[]} | ret=SUCCESS |  
2019-08-21 09:12:12,685 | INFO  | SCMAudit | user=jenkins1000 | ip=192.168.34.50 | op=SEND_HEARTBEAT {datanodeUUID=d93e8726-51c7-48e5-91db-a9280c3a0547, command=[]} | ret=SUCCESS |  
2019-08-21 09:12:12,691 | INFO  | SCMAudit | user=jenkins1000 | ip=192.168.34.50 | op=SEND_HEARTBEAT {datanodeUUID=b216f333-d584-463e-ac29-b520f4cc8032, command=[]} | ret=SUCCESS |  
2019-08-21 09:12:12,717 | INFO  | SCMAudit | user=jenkins1000 | ip=192.168.34.50 | op=SEND_HEARTBEAT {datanodeUUID=a8271a13-8b98-4259-a956-3406fefc9571, command=[]} | ret=SUCCESS |  
2019-08-21 09:12:12,718 | INFO  | SCMAudit | user=jenkins1000 | ip=192.168.34.50 | op=SEND_HEARTBEAT {datanodeUUID=4fc6c8fa-e96e-43c4-8369-e0ca8a7014d6, command=[]} | ret=SUCCESS |  
2019-08-21 09:12:12,882 | INFO  | SCMAudit | user=jenkins1000 | ip=192.168.34.50 | op=SEND_HEARTBEAT {datanodeUUID=5ea20691-5ab9-4695-ab1d-7e722de7481e, command=[]} | ret=SUCCESS |  
2019-08-21 09:12:13,132 | INFO  | SCMAudit | user=jenkins1000 | ip=192.168.34.50 | op=SEND_HEARTBEAT {datanodeUUID=2efe7137-c334-43ac-ad86-ba58d4ed3c70, command=[]} | ret=SUCCESS |  
2019-08-21 09:12:13,286 | INFO  | SCMAudit | user=jenkins1000 | ip=192.168.34.50 | op=SEND_HEARTBEAT {datanodeUUID=328a75f0-8ecf-454d-ac4a-ee464a922ba9, command=[]} | ret=SUCCESS |  
2019-08-21 09:12:13,685 | INFO  | SCMAudit | user=jenkins1000 | ip=192.168.34.50 | op=SEND_HEARTBEAT {datanodeUUID=d93e8726-51c7-48e5-91db-a9280c3a0547, command=[]} | ret=SUCCESS |  
2019-08-21 09:12:13,692 | INFO  | SCMAudit | user=jenkins1000 | ip=192.168.34.50 | op=SEND_HEARTBEAT {datanodeUUID=b216f333-d584-463e-ac29-b520f4cc8032, command=[]} | ret=SUCCESS |  
2019-08-21 09:12:13,718 | INFO  | SCMAudit | user=jenkins1000 | ip=192.168.34.50 | op=SEND_HEARTBEAT {datanodeUUID=a8271a13-8b98-4259-a956-3406fefc9571, command=[]} | ret=SUCCESS |  
2019-08-21 09:12:13,719 | INFO  | SCMAudit | user=jenkins1000 | ip=192.168.34.50 | op=SEND_HEARTBEAT {datanodeUUID=4fc6c8fa-e96e-43c4-8369-e0ca8a7014d6, command=[]} | ret=SUCCESS |  
2019-08-21 09:12:13,883 | INFO  | SCMAudit | user=jenkins1000 | ip=192.168.34.50 | op=SEND_HEARTBEAT {datanodeUUID=5ea20691-5ab9-4695-ab1d-7e722de7481e, command=[]} | ret=SUCCESS |  
2019-08-21 09:12:14,132 | INFO  | SCMAudit | user=jenkins1000 | ip=192.168.34.50 | op=SEND_HEARTBEAT {datanodeUUID=2efe7137-c334-43ac-ad86-ba58d4ed3c70, command=[]} | ret=SUCCESS |  
2019-08-21 09:12:14,286 | INFO  | SCMAudit | user=jenkins1000 | ip=192.168.34.50 | op=SEND_HEARTBEAT {datanodeUUID=328a75f0-8ecf-454d-ac4a-ee464a922ba9, command=[]} | ret=SUCCESS |  
2019-08-21 09:12:14,685 | INFO  | SCMAudit | user=jenkins1000 | ip=192.168.34.50 | op=SEND_HEARTBEAT {datanodeUUID=d93e8726-51c7-48e5-91db-a9280c3a0547, command=[]} | ret=SUCCESS |  
2019-08-21 09:12:14,692 | INFO  | SCMAudit | user=jenkins1000 | ip=192.168.34.50 | op=SEND_HEARTBEAT {datanodeUUID=b216f333-d584-463e-ac29-b520f4cc8032, command=[]} | ret=SUCCESS |  
2019-08-21 09:12:14,718 | INFO  | SCMAudit | user=jenkins1000 | ip=192.168.34.50 | op=SEND_HEARTBEAT {datanodeUUID=a8271a13-8b98-4259-a956-3406fefc9571, command=[]} | ret=SUCCESS |  
2019-08-21 09:12:14,720 | INFO  | SCMAudit | user=jenkins1000 | ip=192.168.34.50 | op=SEND_HEARTBEAT {datanodeUUID=4fc6c8fa-e96e-43c4-8369-e0ca8a7014d6, command=[]} | ret=SUCCESS |  
2019-08-21 09:12:14,883 | INFO  | SCMAudit | user=jenkins1000 | ip=192.168.34.50 | op=SEND_HEARTBEAT {datanodeUUID=5ea20691-5ab9-4695-ab1d-7e722de7481e, command=[]} | ret=SUCCESS |  
2019-08-21 09:12:14,970 [grpc-default-executor-0] INFO  client.GrpcClientProtocolClient (GrpcClientProtocolClient.java:onNext(255)) - client-765D7F86C248->4fc6c8fa-e96e-43c4-8369-e0ca8a7014d6: receive RaftClientReply:client-765D7F86C248->4fc6c8fa-e96e-43c4-8369-e0ca8a7014d6@group-159FDE3C55F8, cid=45, FAILED org.apache.ratis.protocol.NotLeaderException: Server 4fc6c8fa-e96e-43c4-8369-e0ca8a7014d6 is not the leader (b216f333-d584-463e-ac29-b520f4cc8032:192.168.34.50:33369). Request must be sent to leader., logIndex=0, commits[4fc6c8fa-e96e-43c4-8369-e0ca8a7014d6:c8, b216f333-d584-463e-ac29-b520f4cc8032:c8, a8271a13-8b98-4259-a956-3406fefc9571:c8]
2019-08-21 09:12:15,132 | INFO  | SCMAudit | user=jenkins1000 | ip=192.168.34.50 | op=SEND_HEARTBEAT {datanodeUUID=2efe7137-c334-43ac-ad86-ba58d4ed3c70, command=[]} | ret=SUCCESS |  
2019-08-21 09:12:15,285 | INFO  | SCMAudit | user=jenkins1000 | ip=192.168.34.50 | op=SEND_HEARTBEAT {datanodeUUID=328a75f0-8ecf-454d-ac4a-ee464a922ba9, command=[]} | ret=SUCCESS |  
2019-08-21 09:12:15,686 | INFO  | SCMAudit | user=jenkins1000 | ip=192.168.34.50 | op=SEND_HEARTBEAT {datanodeUUID=d93e8726-51c7-48e5-91db-a9280c3a0547, command=[]} | ret=SUCCESS |  
2019-08-21 09:12:15,692 | INFO  | SCMAudit | user=jenkins1000 | ip=192.168.34.50 | op=SEND_HEARTBEAT {datanodeUUID=b216f333-d584-463e-ac29-b520f4cc8032, command=[]} | ret=SUCCESS |  
2019-08-21 09:12:15,718 | INFO  | SCMAudit | user=jenkins1000 | ip=192.168.34.50 | op=SEND_HEARTBEAT {datanodeUUID=a8271a13-8b98-4259-a956-3406fefc9571, command=[]} | ret=SUCCESS |  
2019-08-21 09:12:15,719 | INFO  | SCMAudit | user=jenkins1000 | ip=192.168.34.50 | op=SEND_HEARTBEAT {datanodeUUID=4fc6c8fa-e96e-43c4-8369-e0ca8a7014d6, command=[]} | ret=SUCCESS |  
2019-08-21 09:12:15,882 | INFO  | SCMAudit | user=jenkins1000 | ip=192.168.34.50 | op=SEND_HEARTBEAT {datanodeUUID=5ea20691-5ab9-4695-ab1d-7e722de7481e, command=[]} | ret=SUCCESS |  
2019-08-21 09:12:16,132 | INFO  | SCMAudit | user=jenkins1000 | ip=192.168.34.50 | op=SEND_HEARTBEAT {datanodeUUID=2efe7137-c334-43ac-ad86-ba58d4ed3c70, command=[]} | ret=SUCCESS |  
2019-08-21 09:12:16,286 | INFO  | SCMAudit | user=jenkins1000 | ip=192.168.34.50 | op=SEND_HEARTBEAT {datanodeUUID=328a75f0-8ecf-454d-ac4a-ee464a922ba9, command=[]} | ret=SUCCESS |  
2019-08-21 09:12:16,685 | INFO  | SCMAudit | user=jenkins1000 | ip=192.168.34.50 | op=SEND_HEARTBEAT {datanodeUUID=d93e8726-51c7-48e5-91db-a9280c3a0547, command=[]} | ret=SUCCESS |  
2019-08-21 09:12:16,691 | INFO  | SCMAudit | user=jenkins1000 | ip=192.168.34.50 | op=SEND_HEARTBEAT {datanodeUUID=b216f333-d584-463e-ac29-b520f4cc8032, command=[]} | ret=SUCCESS |  
2019-08-21 09:12:16,719 | INFO  | SCMAudit | user=jenkins1000 | ip=192.168.34.50 | op=SEND_HEARTBEAT {datanodeUUID=a8271a13-8b98-4259-a956-3406fefc9571, command=[]} | ret=SUCCESS |  
2019-08-21 09:12:16,719 | INFO  | SCMAudit | user=jenkins1000 | ip=192.168.34.50 | op=SEND_HEARTBEAT {datanodeUUID=4fc6c8fa-e96e-43c4-8369-e0ca8a7014d6, command=[]} | ret=SUCCESS |  
2019-08-21 09:12:16,883 | INFO  | SCMAudit | user=jenkins1000 | ip=192.168.34.50 | op=SEND_HEARTBEAT {datanodeUUID=5ea20691-5ab9-4695-ab1d-7e722de7481e, command=[]} | ret=SUCCESS |  
2019-08-21 09:12:17,132 | INFO  | SCMAudit | user=jenkins1000 | ip=192.168.34.50 | op=SEND_HEARTBEAT {datanodeUUID=2efe7137-c334-43ac-ad86-ba58d4ed3c70, command=[]} | ret=SUCCESS |  
2019-08-21 09:12:17,287 | INFO  | SCMAudit | user=jenkins1000 | ip=192.168.34.50 | op=SEND_HEARTBEAT {datanodeUUID=328a75f0-8ecf-454d-ac4a-ee464a922ba9, command=[]} | ret=SUCCESS |  
2019-08-21 09:12:17,686 | INFO  | SCMAudit | user=jenkins1000 | ip=192.168.34.50 | op=SEND_HEARTBEAT {datanodeUUID=d93e8726-51c7-48e5-91db-a9280c3a0547, command=[]} | ret=SUCCESS |  
2019-08-21 09:12:17,692 | INFO  | SCMAudit | user=jenkins1000 | ip=192.168.34.50 | op=SEND_HEARTBEAT {datanodeUUID=b216f333-d584-463e-ac29-b520f4cc8032, command=[]} | ret=SUCCESS |  
2019-08-21 09:12:17,718 | INFO  | SCMAudit | user=jenkins1000 | ip=192.168.34.50 | op=SEND_HEARTBEAT {datanodeUUID=a8271a13-8b98-4259-a956-3406fefc9571, command=[]} | ret=SUCCESS |  
2019-08-21 09:12:17,720 | INFO  | SCMAudit | user=jenkins1000 | ip=192.168.34.50 | op=SEND_HEARTBEAT {datanodeUUID=4fc6c8fa-e96e-43c4-8369-e0ca8a7014d6, command=[]} | ret=SUCCESS |  
2019-08-21 09:12:17,882 | INFO  | SCMAudit | user=jenkins1000 | ip=192.168.34.50 | op=SEND_HEARTBEAT {datanodeUUID=5ea20691-5ab9-4695-ab1d-7e722de7481e, command=[]} | ret=SUCCESS |  
2019-08-21 09:12:18,132 | INFO  | SCMAudit | user=jenkins1000 | ip=192.168.34.50 | op=SEND_HEARTBEAT {datanodeUUID=2efe7137-c334-43ac-ad86-ba58d4ed3c70, command=[]} | ret=SUCCESS |  
2019-08-21 09:12:18,287 | INFO  | SCMAudit | user=jenkins1000 | ip=192.168.34.50 | op=SEND_HEARTBEAT {datanodeUUID=328a75f0-8ecf-454d-ac4a-ee464a922ba9, command=[]} | ret=SUCCESS |  
2019-08-21 09:12:18,687 | INFO  | SCMAudit | user=jenkins1000 | ip=192.168.34.50 | op=SEND_HEARTBEAT {datanodeUUID=d93e8726-51c7-48e5-91db-a9280c3a0547, command=[]} | ret=SUCCESS |  
2019-08-21 09:12:18,692 | INFO  | SCMAudit | user=jenkins1000 | ip=192.168.34.50 | op=SEND_HEARTBEAT {datanodeUUID=b216f333-d584-463e-ac29-b520f4cc8032, command=[]} | ret=SUCCESS |  
2019-08-21 09:12:18,719 | INFO  | SCMAudit | user=jenkins1000 | ip=192.168.34.50 | op=SEND_HEARTBEAT {datanodeUUID=a8271a13-8b98-4259-a956-3406fefc9571, command=[]} | ret=SUCCESS |  
2019-08-21 09:12:18,721 | INFO  | SCMAudit | user=jenkins1000 | ip=192.168.34.50 | op=SEND_HEARTBEAT {datanodeUUID=4fc6c8fa-e96e-43c4-8369-e0ca8a7014d6, command=[]} | ret=SUCCESS |  
2019-08-21 09:12:18,883 | INFO  | SCMAudit | user=jenkins1000 | ip=192.168.34.50 | op=SEND_HEARTBEAT {datanodeUUID=5ea20691-5ab9-4695-ab1d-7e722de7481e, command=[]} | ret=SUCCESS |  
2019-08-21 09:12:19,132 | INFO  | SCMAudit | user=jenkins1000 | ip=192.168.34.50 | op=SEND_HEARTBEAT {datanodeUUID=2efe7137-c334-43ac-ad86-ba58d4ed3c70, command=[]} | ret=SUCCESS |  
2019-08-21 09:12:19,287 | INFO  | SCMAudit | user=jenkins1000 | ip=192.168.34.50 | op=SEND_HEARTBEAT {datanodeUUID=328a75f0-8ecf-454d-ac4a-ee464a922ba9, command=[]} | ret=SUCCESS |  
2019-08-21 09:12:19,687 | INFO  | SCMAudit | user=jenkins1000 | ip=192.168.34.50 | op=SEND_HEARTBEAT {datanodeUUID=d93e8726-51c7-48e5-91db-a9280c3a0547, command=[]} | ret=SUCCESS |  
2019-08-21 09:12:19,691 | INFO  | SCMAudit | user=jenkins1000 | ip=192.168.34.50 | op=SEND_HEARTBEAT {datanodeUUID=b216f333-d584-463e-ac29-b520f4cc8032, command=[]} | ret=SUCCESS |  
2019-08-21 09:12:19,719 | INFO  | SCMAudit | user=jenkins1000 | ip=192.168.34.50 | op=SEND_HEARTBEAT {datanodeUUID=a8271a13-8b98-4259-a956-3406fefc9571, command=[]} | ret=SUCCESS |  
2019-08-21 09:12:19,720 | INFO  | SCMAudit | user=jenkins1000 | ip=192.168.34.50 | op=SEND_HEARTBEAT {datanodeUUID=4fc6c8fa-e96e-43c4-8369-e0ca8a7014d6, command=[]} | ret=SUCCESS |  
2019-08-21 09:12:19,884 | INFO  | SCMAudit | user=jenkins1000 | ip=192.168.34.50 | op=SEND_HEARTBEAT {datanodeUUID=5ea20691-5ab9-4695-ab1d-7e722de7481e, command=[]} | ret=SUCCESS |  
2019-08-21 09:12:20,015 [grpc-default-executor-0] INFO  client.GrpcClientProtocolClient (GrpcClientProtocolClient.java:onNext(255)) - client-765D7F86C248->4fc6c8fa-e96e-43c4-8369-e0ca8a7014d6: receive RaftClientReply:client-765D7F86C248->4fc6c8fa-e96e-43c4-8369-e0ca8a7014d6@group-159FDE3C55F8, cid=45, FAILED org.apache.ratis.protocol.NotLeaderException: Server 4fc6c8fa-e96e-43c4-8369-e0ca8a7014d6 is not the leader (b216f333-d584-463e-ac29-b520f4cc8032:192.168.34.50:33369). Request must be sent to leader., logIndex=0, commits[4fc6c8fa-e96e-43c4-8369-e0ca8a7014d6:c8, b216f333-d584-463e-ac29-b520f4cc8032:c8, a8271a13-8b98-4259-a956-3406fefc9571:c8]
2019-08-21 09:12:20,133 | INFO  | SCMAudit | user=jenkins1000 | ip=192.168.34.50 | op=SEND_HEARTBEAT {datanodeUUID=2efe7137-c334-43ac-ad86-ba58d4ed3c70, command=[]} | ret=SUCCESS |  
2019-08-21 09:12:20,287 | INFO  | SCMAudit | user=jenkins1000 | ip=192.168.34.50 | op=SEND_HEARTBEAT {datanodeUUID=328a75f0-8ecf-454d-ac4a-ee464a922ba9, command=[]} | ret=SUCCESS |  
2019-08-21 09:12:20,687 | INFO  | SCMAudit | user=jenkins1000 | ip=192.168.34.50 | op=SEND_HEARTBEAT {datanodeUUID=d93e8726-51c7-48e5-91db-a9280c3a0547, command=[]} | ret=SUCCESS |  
2019-08-21 09:12:20,692 | INFO  | SCMAudit | user=jenkins1000 | ip=192.168.34.50 | op=SEND_HEARTBEAT {datanodeUUID=b216f333-d584-463e-ac29-b520f4cc8032, command=[]} | ret=SUCCESS |  
2019-08-21 09:12:20,718 | INFO  | SCMAudit | user=jenkins1000 | ip=192.168.34.50 | op=SEND_HEARTBEAT {datanodeUUID=a8271a13-8b98-4259-a956-3406fefc9571, command=[]} | ret=SUCCESS |  
2019-08-21 09:12:20,721 | INFO  | SCMAudit | user=jenkins1000 | ip=192.168.34.50 | op=SEND_HEARTBEAT {datanodeUUID=4fc6c8fa-e96e-43c4-8369-e0ca8a7014d6, command=[]} | ret=SUCCESS |  
2019-08-21 09:12:20,884 | INFO  | SCMAudit | user=jenkins1000 | ip=192.168.34.50 | op=SEND_HEARTBEAT {datanodeUUID=5ea20691-5ab9-4695-ab1d-7e722de7481e, command=[]} | ret=SUCCESS |  
2019-08-21 09:12:21,133 | INFO  | SCMAudit | user=jenkins1000 | ip=192.168.34.50 | op=SEND_HEARTBEAT {datanodeUUID=2efe7137-c334-43ac-ad86-ba58d4ed3c70, command=[]} | ret=SUCCESS |  
2019-08-21 09:12:21,287 | INFO  | SCMAudit | user=jenkins1000 | ip=192.168.34.50 | op=SEND_HEARTBEAT {datanodeUUID=328a75f0-8ecf-454d-ac4a-ee464a922ba9, command=[]} | ret=SUCCESS |  
2019-08-21 09:12:21,687 | INFO  | SCMAudit | user=jenkins1000 | ip=192.168.34.50 | op=SEND_HEARTBEAT {datanodeUUID=d93e8726-51c7-48e5-91db-a9280c3a0547, command=[]} | ret=SUCCESS |  
2019-08-21 09:12:21,693 | INFO  | SCMAudit | user=jenkins1000 | ip=192.168.34.50 | op=SEND_HEARTBEAT {datanodeUUID=b216f333-d584-463e-ac29-b520f4cc8032, command=[]} | ret=SUCCESS |  
2019-08-21 09:12:21,718 | INFO  | SCMAudit | user=jenkins1000 | ip=192.168.34.50 | op=SEND_HEARTBEAT {datanodeUUID=a8271a13-8b98-4259-a956-3406fefc9571, command=[]} | ret=SUCCESS |  
2019-08-21 09:12:21,720 | INFO  | SCMAudit | user=jenkins1000 | ip=192.168.34.50 | op=SEND_HEARTBEAT {datanodeUUID=4fc6c8fa-e96e-43c4-8369-e0ca8a7014d6, command=[]} | ret=SUCCESS |  
2019-08-21 09:12:21,884 | INFO  | SCMAudit | user=jenkins1000 | ip=192.168.34.50 | op=SEND_HEARTBEAT {datanodeUUID=5ea20691-5ab9-4695-ab1d-7e722de7481e, command=[]} | ret=SUCCESS |  
2019-08-21 09:12:22,133 | INFO  | SCMAudit | user=jenkins1000 | ip=192.168.34.50 | op=SEND_HEARTBEAT {datanodeUUID=2efe7137-c334-43ac-ad86-ba58d4ed3c70, command=[]} | ret=SUCCESS |  
2019-08-21 09:12:22,287 | INFO  | SCMAudit | user=jenkins1000 | ip=192.168.34.50 | op=SEND_HEARTBEAT {datanodeUUID=328a75f0-8ecf-454d-ac4a-ee464a922ba9, command=[]} | ret=SUCCESS |  
2019-08-21 09:12:22,686 | INFO  | SCMAudit | user=jenkins1000 | ip=192.168.34.50 | op=SEND_HEARTBEAT {datanodeUUID=d93e8726-51c7-48e5-91db-a9280c3a0547, command=[]} | ret=SUCCESS |  
2019-08-21 09:12:22,693 | INFO  | SCMAudit | user=jenkins1000 | ip=192.168.34.50 | op=SEND_HEARTBEAT {datanodeUUID=b216f333-d584-463e-ac29-b520f4cc8032, command=[]} | ret=SUCCESS |  
2019-08-21 09:12:22,719 | INFO  | SCMAudit | user=jenkins1000 | ip=192.168.34.50 | op=SEND_HEARTBEAT {datanodeUUID=a8271a13-8b98-4259-a956-3406fefc9571, command=[]} | ret=SUCCESS |  
2019-08-21 09:12:22,721 | INFO  | SCMAudit | user=jenkins1000 | ip=192.168.34.50 | op=SEND_HEARTBEAT {datanodeUUID=4fc6c8fa-e96e-43c4-8369-e0ca8a7014d6, command=[]} | ret=SUCCESS |  
2019-08-21 09:12:22,883 | INFO  | SCMAudit | user=jenkins1000 | ip=192.168.34.50 | op=SEND_HEARTBEAT {datanodeUUID=5ea20691-5ab9-4695-ab1d-7e722de7481e, command=[]} | ret=SUCCESS |  
2019-08-21 09:12:23,134 | INFO  | SCMAudit | user=jenkins1000 | ip=192.168.34.50 | op=SEND_HEARTBEAT {datanodeUUID=2efe7137-c334-43ac-ad86-ba58d4ed3c70, command=[]} | ret=SUCCESS |  
2019-08-21 09:12:23,288 | INFO  | SCMAudit | user=jenkins1000 | ip=192.168.34.50 | op=SEND_HEARTBEAT {datanodeUUID=328a75f0-8ecf-454d-ac4a-ee464a922ba9, command=[]} | ret=SUCCESS |  
2019-08-21 09:12:23,687 | INFO  | SCMAudit | user=jenkins1000 | ip=192.168.34.50 | op=SEND_HEARTBEAT {datanodeUUID=d93e8726-51c7-48e5-91db-a9280c3a0547, command=[]} | ret=SUCCESS |  
2019-08-21 09:12:23,693 | INFO  | SCMAudit | user=jenkins1000 | ip=192.168.34.50 | op=SEND_HEARTBEAT {datanodeUUID=b216f333-d584-463e-ac29-b520f4cc8032, command=[]} | ret=SUCCESS |  
2019-08-21 09:12:23,719 | INFO  | SCMAudit | user=jenkins1000 | ip=192.168.34.50 | op=SEND_HEARTBEAT {datanodeUUID=a8271a13-8b98-4259-a956-3406fefc9571, command=[]} | ret=SUCCESS |  
2019-08-21 09:12:23,721 | INFO  | SCMAudit | user=jenkins1000 | ip=192.168.34.50 | op=SEND_HEARTBEAT {datanodeUUID=4fc6c8fa-e96e-43c4-8369-e0ca8a7014d6, command=[]} | ret=SUCCESS |  
2019-08-21 09:12:23,884 | INFO  | SCMAudit | user=jenkins1000 | ip=192.168.34.50 | op=SEND_HEARTBEAT {datanodeUUID=5ea20691-5ab9-4695-ab1d-7e722de7481e, command=[]} | ret=SUCCESS |  
2019-08-21 09:12:24,134 | INFO  | SCMAudit | user=jenkins1000 | ip=192.168.34.50 | op=SEND_HEARTBEAT {datanodeUUID=2efe7137-c334-43ac-ad86-ba58d4ed3c70, command=[]} | ret=SUCCESS |  
2019-08-21 09:12:24,288 | INFO  | SCMAudit | user=jenkins1000 | ip=192.168.34.50 | op=SEND_HEARTBEAT {datanodeUUID=328a75f0-8ecf-454d-ac4a-ee464a922ba9, command=[]} | ret=SUCCESS |  
2019-08-21 09:12:24,687 | INFO  | SCMAudit | user=jenkins1000 | ip=192.168.34.50 | op=SEND_HEARTBEAT {datanodeUUID=d93e8726-51c7-48e5-91db-a9280c3a0547, command=[]} | ret=SUCCESS |  
2019-08-21 09:12:24,693 | INFO  | SCMAudit | user=jenkins1000 | ip=192.168.34.50 | op=SEND_HEARTBEAT {datanodeUUID=b216f333-d584-463e-ac29-b520f4cc8032, command=[]} | ret=SUCCESS |  
2019-08-21 09:12:24,718 | INFO  | SCMAudit | user=jenkins1000 | ip=192.168.34.50 | op=SEND_HEARTBEAT {datanodeUUID=a8271a13-8b98-4259-a956-3406fefc9571, command=[]} | ret=SUCCESS |  
2019-08-21 09:12:24,720 | INFO  | SCMAudit | user=jenkins1000 | ip=192.168.34.50 | op=SEND_HEARTBEAT {datanodeUUID=4fc6c8fa-e96e-43c4-8369-e0ca8a7014d6, command=[]} | ret=SUCCESS |  
2019-08-21 09:12:24,884 | INFO  | SCMAudit | user=jenkins1000 | ip=192.168.34.50 | op=SEND_HEARTBEAT {datanodeUUID=5ea20691-5ab9-4695-ab1d-7e722de7481e, command=[]} | ret=SUCCESS |  
2019-08-21 09:12:25,057 [grpc-default-executor-1] INFO  client.GrpcClientProtocolClient (GrpcClientProtocolClient.java:onNext(255)) - client-765D7F86C248->4fc6c8fa-e96e-43c4-8369-e0ca8a7014d6: receive RaftClientReply:client-765D7F86C248->4fc6c8fa-e96e-43c4-8369-e0ca8a7014d6@group-159FDE3C55F8, cid=45, FAILED org.apache.ratis.protocol.NotLeaderException: Server 4fc6c8fa-e96e-43c4-8369-e0ca8a7014d6 is not the leader (b216f333-d584-463e-ac29-b520f4cc8032:192.168.34.50:33369). Request must be sent to leader., logIndex=0, commits[4fc6c8fa-e96e-43c4-8369-e0ca8a7014d6:c8, b216f333-d584-463e-ac29-b520f4cc8032:c8, a8271a13-8b98-4259-a956-3406fefc9571:c8]
2019-08-21 09:12:25,134 | INFO  | SCMAudit | user=jenkins1000 | ip=192.168.34.50 | op=SEND_HEARTBEAT {datanodeUUID=2efe7137-c334-43ac-ad86-ba58d4ed3c70, command=[]} | ret=SUCCESS |  
2019-08-21 09:12:25,288 | INFO  | SCMAudit | user=jenkins1000 | ip=192.168.34.50 | op=SEND_HEARTBEAT {datanodeUUID=328a75f0-8ecf-454d-ac4a-ee464a922ba9, command=[]} | ret=SUCCESS |  
2019-08-21 09:12:25,687 | INFO  | SCMAudit | user=jenkins1000 | ip=192.168.34.50 | op=SEND_HEARTBEAT {datanodeUUID=d93e8726-51c7-48e5-91db-a9280c3a0547, command=[]} | ret=SUCCESS |  
2019-08-21 09:12:25,694 | INFO  | SCMAudit | user=jenkins1000 | ip=192.168.34.50 | op=SEND_HEARTBEAT {datanodeUUID=b216f333-d584-463e-ac29-b520f4cc8032, command=[]} | ret=SUCCESS |  
2019-08-21 09:12:25,719 | INFO  | SCMAudit | user=jenkins1000 | ip=192.168.34.50 | op=SEND_HEARTBEAT {datanodeUUID=a8271a13-8b98-4259-a956-3406fefc9571, command=[]} | ret=SUCCESS |  
2019-08-21 09:12:25,721 | INFO  | SCMAudit | user=jenkins1000 | ip=192.168.34.50 | op=SEND_HEARTBEAT {datanodeUUID=4fc6c8fa-e96e-43c4-8369-e0ca8a7014d6, command=[]} | ret=SUCCESS |  
2019-08-21 09:12:25,883 | INFO  | SCMAudit | user=jenkins1000 | ip=192.168.34.50 | op=SEND_HEARTBEAT {datanodeUUID=5ea20691-5ab9-4695-ab1d-7e722de7481e, command=[]} | ret=SUCCESS |  
2019-08-21 09:12:26,134 | INFO  | SCMAudit | user=jenkins1000 | ip=192.168.34.50 | op=SEND_HEARTBEAT {datanodeUUID=2efe7137-c334-43ac-ad86-ba58d4ed3c70, command=[]} | ret=SUCCESS |  
2019-08-21 09:12:26,288 | INFO  | SCMAudit | user=jenkins1000 | ip=192.168.34.50 | op=SEND_HEARTBEAT {datanodeUUID=328a75f0-8ecf-454d-ac4a-ee464a922ba9, command=[]} | ret=SUCCESS |  
2019-08-21 09:12:26,687 | INFO  | SCMAudit | user=jenkins1000 | ip=192.168.34.50 | op=SEND_HEARTBEAT {datanodeUUID=d93e8726-51c7-48e5-91db-a9280c3a0547, command=[]} | ret=SUCCESS |  
2019-08-21 09:12:26,693 | INFO  | SCMAudit | user=jenkins1000 | ip=192.168.34.50 | op=SEND_HEARTBEAT {datanodeUUID=b216f333-d584-463e-ac29-b520f4cc8032, command=[]} | ret=SUCCESS |  
2019-08-21 09:12:26,718 | INFO  | SCMAudit | user=jenkins1000 | ip=192.168.34.50 | op=SEND_HEARTBEAT {datanodeUUID=a8271a13-8b98-4259-a956-3406fefc9571, command=[]} | ret=SUCCESS |  
2019-08-21 09:12:26,720 | INFO  | SCMAudit | user=jenkins1000 | ip=192.168.34.50 | op=SEND_HEARTBEAT {datanodeUUID=4fc6c8fa-e96e-43c4-8369-e0ca8a7014d6, command=[]} | ret=SUCCESS |  
2019-08-21 09:12:26,884 | INFO  | SCMAudit | user=jenkins1000 | ip=192.168.34.50 | op=SEND_HEARTBEAT {datanodeUUID=5ea20691-5ab9-4695-ab1d-7e722de7481e, command=[]} | ret=SUCCESS |  
2019-08-21 09:12:27,135 | INFO  | SCMAudit | user=jenkins1000 | ip=192.168.34.50 | op=SEND_HEARTBEAT {datanodeUUID=2efe7137-c334-43ac-ad86-ba58d4ed3c70, command=[]} | ret=SUCCESS |  
2019-08-21 09:12:27,287 | INFO  | SCMAudit | user=jenkins1000 | ip=192.168.34.50 | op=SEND_HEARTBEAT {datanodeUUID=328a75f0-8ecf-454d-ac4a-ee464a922ba9, command=[]} | ret=SUCCESS |  
2019-08-21 09:12:27,687 | INFO  | SCMAudit | user=jenkins1000 | ip=192.168.34.50 | op=SEND_HEARTBEAT {datanodeUUID=d93e8726-51c7-48e5-91db-a9280c3a0547, command=[]} | ret=SUCCESS |  
2019-08-21 09:12:27,694 | INFO  | SCMAudit | user=jenkins1000 | ip=192.168.34.50 | op=SEND_HEARTBEAT {datanodeUUID=b216f333-d584-463e-ac29-b520f4cc8032, command=[]} | ret=SUCCESS |  
2019-08-21 09:12:27,719 | INFO  | SCMAudit | user=jenkins1000 | ip=192.168.34.50 | op=SEND_HEARTBEAT {datanodeUUID=a8271a13-8b98-4259-a956-3406fefc9571, command=[]} | ret=SUCCESS |  
2019-08-21 09:12:27,721 | INFO  | SCMAudit | user=jenkins1000 | ip=192.168.34.50 | op=SEND_HEARTBEAT {datanodeUUID=4fc6c8fa-e96e-43c4-8369-e0ca8a7014d6, command=[]} | ret=SUCCESS |  
2019-08-21 09:12:27,885 | INFO  | SCMAudit | user=jenkins1000 | ip=192.168.34.50 | op=SEND_HEARTBEAT {datanodeUUID=5ea20691-5ab9-4695-ab1d-7e722de7481e, command=[]} | ret=SUCCESS |  
2019-08-21 09:12:28,135 | INFO  | SCMAudit | user=jenkins1000 | ip=192.168.34.50 | op=SEND_HEARTBEAT {datanodeUUID=2efe7137-c334-43ac-ad86-ba58d4ed3c70, command=[]} | ret=SUCCESS |  
2019-08-21 09:12:28,288 | INFO  | SCMAudit | user=jenkins1000 | ip=192.168.34.50 | op=SEND_HEARTBEAT {datanodeUUID=328a75f0-8ecf-454d-ac4a-ee464a922ba9, command=[]} | ret=SUCCESS |  
2019-08-21 09:12:28,687 | INFO  | SCMAudit | user=jenkins1000 | ip=192.168.34.50 | op=SEND_HEARTBEAT {datanodeUUID=d93e8726-51c7-48e5-91db-a9280c3a0547, command=[]} | ret=SUCCESS |  
2019-08-21 09:12:28,693 | INFO  | SCMAudit | user=jenkins1000 | ip=192.168.34.50 | op=SEND_HEARTBEAT {datanodeUUID=b216f333-d584-463e-ac29-b520f4cc8032, command=[]} | ret=SUCCESS |  
2019-08-21 09:12:28,718 | INFO  | SCMAudit | user=jenkins1000 | ip=192.168.34.50 | op=SEND_HEARTBEAT {datanodeUUID=a8271a13-8b98-4259-a956-3406fefc9571, command=[]} | ret=SUCCESS |  
2019-08-21 09:12:28,720 | INFO  | SCMAudit | user=jenkins1000 | ip=192.168.34.50 | op=SEND_HEARTBEAT {datanodeUUID=4fc6c8fa-e96e-43c4-8369-e0ca8a7014d6, command=[]} | ret=SUCCESS |  
2019-08-21 09:12:28,885 | INFO  | SCMAudit | user=jenkins1000 | ip=192.168.34.50 | op=SEND_HEARTBEAT {datanodeUUID=5ea20691-5ab9-4695-ab1d-7e722de7481e, command=[]} | ret=SUCCESS |  
2019-08-21 09:12:29,135 | INFO  | SCMAudit | user=jenkins1000 | ip=192.168.34.50 | op=SEND_HEARTBEAT {datanodeUUID=2efe7137-c334-43ac-ad86-ba58d4ed3c70, command=[]} | ret=SUCCESS |  
2019-08-21 09:12:29,289 | INFO  | SCMAudit | user=jenkins1000 | ip=192.168.34.50 | op=SEND_HEARTBEAT {datanodeUUID=328a75f0-8ecf-454d-ac4a-ee464a922ba9, command=[]} | ret=SUCCESS |  
2019-08-21 09:12:29,687 | INFO  | SCMAudit | user=jenkins1000 | ip=192.168.34.50 | op=SEND_HEARTBEAT {datanodeUUID=d93e8726-51c7-48e5-91db-a9280c3a0547, command=[]} | ret=SUCCESS |  
2019-08-21 09:12:29,694 | INFO  | SCMAudit | user=jenkins1000 | ip=192.168.34.50 | op=SEND_HEARTBEAT {datanodeUUID=b216f333-d584-463e-ac29-b520f4cc8032, command=[]} | ret=SUCCESS |  
2019-08-21 09:12:29,719 | INFO  | SCMAudit | user=jenkins1000 | ip=192.168.34.50 | op=SEND_HEARTBEAT {datanodeUUID=a8271a13-8b98-4259-a956-3406fefc9571, command=[]} | ret=SUCCESS |  
2019-08-21 09:12:29,721 | INFO  | SCMAudit | user=jenkins1000 | ip=192.168.34.50 | op=SEND_HEARTBEAT {datanodeUUID=4fc6c8fa-e96e-43c4-8369-e0ca8a7014d6, command=[]} | ret=SUCCESS |  
2019-08-21 09:12:29,884 | INFO  | SCMAudit | user=jenkins1000 | ip=192.168.34.50 | op=SEND_HEARTBEAT {datanodeUUID=5ea20691-5ab9-4695-ab1d-7e722de7481e, command=[]} | ret=SUCCESS |  
2019-08-21 09:12:30,113 [grpc-default-executor-0] INFO  client.GrpcClientProtocolClient (GrpcClientProtocolClient.java:onNext(255)) - client-765D7F86C248->a8271a13-8b98-4259-a956-3406fefc9571: receive RaftClientReply:client-765D7F86C248->a8271a13-8b98-4259-a956-3406fefc9571@group-159FDE3C55F8, cid=45, FAILED org.apache.ratis.protocol.NotLeaderException: Server a8271a13-8b98-4259-a956-3406fefc9571 is not the leader (b216f333-d584-463e-ac29-b520f4cc8032:192.168.34.50:33369). Request must be sent to leader., logIndex=0, commits[a8271a13-8b98-4259-a956-3406fefc9571:c8, 4fc6c8fa-e96e-43c4-8369-e0ca8a7014d6:c8, b216f333-d584-463e-ac29-b520f4cc8032:c8]
2019-08-21 09:12:30,135 | INFO  | SCMAudit | user=jenkins1000 | ip=192.168.34.50 | op=SEND_HEARTBEAT {datanodeUUID=2efe7137-c334-43ac-ad86-ba58d4ed3c70, command=[]} | ret=SUCCESS |  
2019-08-21 09:12:30,289 | INFO  | SCMAudit | user=jenkins1000 | ip=192.168.34.50 | op=SEND_HEARTBEAT {datanodeUUID=328a75f0-8ecf-454d-ac4a-ee464a922ba9, command=[]} | ret=SUCCESS |  
2019-08-21 09:12:30,687 | INFO  | SCMAudit | user=jenkins1000 | ip=192.168.34.50 | op=SEND_HEARTBEAT {datanodeUUID=d93e8726-51c7-48e5-91db-a9280c3a0547, command=[]} | ret=SUCCESS |  
2019-08-21 09:12:30,694 | INFO  | SCMAudit | user=jenkins1000 | ip=192.168.34.50 | op=SEND_HEARTBEAT {datanodeUUID=b216f333-d584-463e-ac29-b520f4cc8032, command=[]} | ret=SUCCESS |  
2019-08-21 09:12:30,719 | INFO  | SCMAudit | user=jenkins1000 | ip=192.168.34.50 | op=SEND_HEARTBEAT {datanodeUUID=a8271a13-8b98-4259-a956-3406fefc9571, command=[]} | ret=SUCCESS |  
2019-08-21 09:12:30,720 | INFO  | SCMAudit | user=jenkins1000 | ip=192.168.34.50 | op=SEND_HEARTBEAT {datanodeUUID=4fc6c8fa-e96e-43c4-8369-e0ca8a7014d6, command=[]} | ret=SUCCESS |  
2019-08-21 09:12:30,885 | INFO  | SCMAudit | user=jenkins1000 | ip=192.168.34.50 | op=SEND_HEARTBEAT {datanodeUUID=5ea20691-5ab9-4695-ab1d-7e722de7481e, command=[]} | ret=SUCCESS |  
2019-08-21 09:12:31,134 | INFO  | SCMAudit | user=jenkins1000 | ip=192.168.34.50 | op=SEND_HEARTBEAT {datanodeUUID=2efe7137-c334-43ac-ad86-ba58d4ed3c70, command=[]} | ret=SUCCESS |  
2019-08-21 09:12:31,289 | INFO  | SCMAudit | user=jenkins1000 | ip=192.168.34.50 | op=SEND_HEARTBEAT {datanodeUUID=328a75f0-8ecf-454d-ac4a-ee464a922ba9, command=[]} | ret=SUCCESS |  
2019-08-21 09:12:31,686 | INFO  | SCMAudit | user=jenkins1000 | ip=192.168.34.50 | op=SEND_HEARTBEAT {datanodeUUID=d93e8726-51c7-48e5-91db-a9280c3a0547, command=[]} | ret=SUCCESS |  
2019-08-21 09:12:31,695 | INFO  | SCMAudit | user=jenkins1000 | ip=192.168.34.50 | op=SEND_HEARTBEAT {datanodeUUID=b216f333-d584-463e-ac29-b520f4cc8032, command=[]} | ret=SUCCESS |  
2019-08-21 09:12:31,719 | INFO  | SCMAudit | user=jenkins1000 | ip=192.168.34.50 | op=SEND_HEARTBEAT {datanodeUUID=a8271a13-8b98-4259-a956-3406fefc9571, command=[]} | ret=SUCCESS |  
2019-08-21 09:12:31,721 | INFO  | SCMAudit | user=jenkins1000 | ip=192.168.34.50 | op=SEND_HEARTBEAT {datanodeUUID=4fc6c8fa-e96e-43c4-8369-e0ca8a7014d6, command=[]} | ret=SUCCESS |  
2019-08-21 09:12:31,885 | INFO  | SCMAudit | user=jenkins1000 | ip=192.168.34.50 | op=SEND_HEARTBEAT {datanodeUUID=5ea20691-5ab9-4695-ab1d-7e722de7481e, command=[]} | ret=SUCCESS |  
2019-08-21 09:12:32,135 | INFO  | SCMAudit | user=jenkins1000 | ip=192.168.34.50 | op=SEND_HEARTBEAT {datanodeUUID=2efe7137-c334-43ac-ad86-ba58d4ed3c70, command=[]} | ret=SUCCESS |  
2019-08-21 09:12:32,288 | INFO  | SCMAudit | user=jenkins1000 | ip=192.168.34.50 | op=SEND_HEARTBEAT {datanodeUUID=328a75f0-8ecf-454d-ac4a-ee464a922ba9, command=[]} | ret=SUCCESS |  
2019-08-21 09:12:32,687 | INFO  | SCMAudit | user=jenkins1000 | ip=192.168.34.50 | op=SEND_HEARTBEAT {datanodeUUID=d93e8726-51c7-48e5-91db-a9280c3a0547, command=[]} | ret=SUCCESS |  
2019-08-21 09:12:32,695 | INFO  | SCMAudit | user=jenkins1000 | ip=192.168.34.50 | op=SEND_HEARTBEAT {datanodeUUID=b216f333-d584-463e-ac29-b520f4cc8032, command=[]} | ret=SUCCESS |  
2019-08-21 09:12:32,720 | INFO  | SCMAudit | user=jenkins1000 | ip=192.168.34.50 | op=SEND_HEARTBEAT {datanodeUUID=a8271a13-8b98-4259-a956-3406fefc9571, command=[]} | ret=SUCCESS |  
2019-08-21 09:12:32,720 | INFO  | SCMAudit | user=jenkins1000 | ip=192.168.34.50 | op=SEND_HEARTBEAT {datanodeUUID=4fc6c8fa-e96e-43c4-8369-e0ca8a7014d6, command=[]} | ret=SUCCESS |  
2019-08-21 09:12:32,884 | INFO  | SCMAudit | user=jenkins1000 | ip=192.168.34.50 | op=SEND_HEARTBEAT {datanodeUUID=5ea20691-5ab9-4695-ab1d-7e722de7481e, command=[]} | ret=SUCCESS |  
2019-08-21 09:12:33,136 | INFO  | SCMAudit | user=jenkins1000 | ip=192.168.34.50 | op=SEND_HEARTBEAT {datanodeUUID=2efe7137-c334-43ac-ad86-ba58d4ed3c70, command=[]} | ret=SUCCESS |  
2019-08-21 09:12:33,289 | INFO  | SCMAudit | user=jenkins1000 | ip=192.168.34.50 | op=SEND_HEARTBEAT {datanodeUUID=328a75f0-8ecf-454d-ac4a-ee464a922ba9, command=[]} | ret=SUCCESS |  
2019-08-21 09:12:33,687 | INFO  | SCMAudit | user=jenkins1000 | ip=192.168.34.50 | op=SEND_HEARTBEAT {datanodeUUID=d93e8726-51c7-48e5-91db-a9280c3a0547, command=[]} | ret=SUCCESS |  
2019-08-21 09:12:33,694 | INFO  | SCMAudit | user=jenkins1000 | ip=192.168.34.50 | op=SEND_HEARTBEAT {datanodeUUID=b216f333-d584-463e-ac29-b520f4cc8032, command=[]} | ret=SUCCESS |  
2019-08-21 09:12:33,719 | INFO  | SCMAudit | user=jenkins1000 | ip=192.168.34.50 | op=SEND_HEARTBEAT {datanodeUUID=a8271a13-8b98-4259-a956-3406fefc9571, command=[]} | ret=SUCCESS |  
2019-08-21 09:12:33,721 | INFO  | SCMAudit | user=jenkins1000 | ip=192.168.34.50 | op=SEND_HEARTBEAT {datanodeUUID=4fc6c8fa-e96e-43c4-8369-e0ca8a7014d6, command=[]} | ret=SUCCESS |  
2019-08-21 09:12:33,885 | INFO  | SCMAudit | user=jenkins1000 | ip=192.168.34.50 | op=SEND_HEARTBEAT {datanodeUUID=5ea20691-5ab9-4695-ab1d-7e722de7481e, command=[]} | ret=SUCCESS |  
2019-08-21 09:12:34,137 | INFO  | SCMAudit | user=jenkins1000 | ip=192.168.34.50 | op=SEND_HEARTBEAT {datanodeUUID=2efe7137-c334-43ac-ad86-ba58d4ed3c70, command=[]} | ret=SUCCESS |  
2019-08-21 09:12:34,289 | INFO  | SCMAudit | user=jenkins1000 | ip=192.168.34.50 | op=SEND_HEARTBEAT {datanodeUUID=328a75f0-8ecf-454d-ac4a-ee464a922ba9, command=[]} | ret=SUCCESS |  
2019-08-21 09:12:34,687 | INFO  | SCMAudit | user=jenkins1000 | ip=192.168.34.50 | op=SEND_HEARTBEAT {datanodeUUID=d93e8726-51c7-48e5-91db-a9280c3a0547, command=[]} | ret=SUCCESS |  
2019-08-21 09:12:34,695 | INFO  | SCMAudit | user=jenkins1000 | ip=192.168.34.50 | op=SEND_HEARTBEAT {datanodeUUID=b216f333-d584-463e-ac29-b520f4cc8032, command=[]} | ret=SUCCESS |  
2019-08-21 09:12:34,720 | INFO  | SCMAudit | user=jenkins1000 | ip=192.168.34.50 | op=SEND_HEARTBEAT {datanodeUUID=a8271a13-8b98-4259-a956-3406fefc9571, command=[]} | ret=SUCCESS |  
2019-08-21 09:12:34,720 | INFO  | SCMAudit | user=jenkins1000 | ip=192.168.34.50 | op=SEND_HEARTBEAT {datanodeUUID=4fc6c8fa-e96e-43c4-8369-e0ca8a7014d6, command=[]} | ret=SUCCESS |  
2019-08-21 09:12:34,885 | INFO  | SCMAudit | user=jenkins1000 | ip=192.168.34.50 | op=SEND_HEARTBEAT {datanodeUUID=5ea20691-5ab9-4695-ab1d-7e722de7481e, command=[]} | ret=SUCCESS |  
2019-08-21 09:12:35,138 | INFO  | SCMAudit | user=jenkins1000 | ip=192.168.34.50 | op=SEND_HEARTBEAT {datanodeUUID=2efe7137-c334-43ac-ad86-ba58d4ed3c70, command=[]} | ret=SUCCESS |  
2019-08-21 09:12:35,148 [grpc-default-executor-0] INFO  client.GrpcClientProtocolClient (GrpcClientProtocolClient.java:onNext(255)) - client-765D7F86C248->a8271a13-8b98-4259-a956-3406fefc9571: receive RaftClientReply:client-765D7F86C248->a8271a13-8b98-4259-a956-3406fefc9571@group-159FDE3C55F8, cid=45, FAILED org.apache.ratis.protocol.NotLeaderException: Server a8271a13-8b98-4259-a956-3406fefc9571 is not the leader (b216f333-d584-463e-ac29-b520f4cc8032:192.168.34.50:33369). Request must be sent to leader., logIndex=0, commits[a8271a13-8b98-4259-a956-3406fefc9571:c8, 4fc6c8fa-e96e-43c4-8369-e0ca8a7014d6:c8, b216f333-d584-463e-ac29-b520f4cc8032:c8]
2019-08-21 09:12:35,289 | INFO  | SCMAudit | user=jenkins1000 | ip=192.168.34.50 | op=SEND_HEARTBEAT {datanodeUUID=328a75f0-8ecf-454d-ac4a-ee464a922ba9, command=[]} | ret=SUCCESS |  
2019-08-21 09:12:35,686 | INFO  | SCMAudit | user=jenkins1000 | ip=192.168.34.50 | op=SEND_HEARTBEAT {datanodeUUID=d93e8726-51c7-48e5-91db-a9280c3a0547, command=[]} | ret=SUCCESS |  
2019-08-21 09:12:35,694 | INFO  | SCMAudit | user=jenkins1000 | ip=192.168.34.50 | op=SEND_HEARTBEAT {datanodeUUID=b216f333-d584-463e-ac29-b520f4cc8032, command=[]} | ret=SUCCESS |  
2019-08-21 09:12:35,719 | INFO  | SCMAudit | user=jenkins1000 | ip=192.168.34.50 | op=SEND_HEARTBEAT {datanodeUUID=a8271a13-8b98-4259-a956-3406fefc9571, command=[]} | ret=SUCCESS |  
2019-08-21 09:12:35,720 | INFO  | SCMAudit | user=jenkins1000 | ip=192.168.34.50 | op=SEND_HEARTBEAT {datanodeUUID=4fc6c8fa-e96e-43c4-8369-e0ca8a7014d6, command=[]} | ret=SUCCESS |  
2019-08-21 09:12:35,886 | INFO  | SCMAudit | user=jenkins1000 | ip=192.168.34.50 | op=SEND_HEARTBEAT {datanodeUUID=5ea20691-5ab9-4695-ab1d-7e722de7481e, command=[]} | ret=SUCCESS |  
2019-08-21 09:12:36,139 | INFO  | SCMAudit | user=jenkins1000 | ip=192.168.34.50 | op=SEND_HEARTBEAT {datanodeUUID=2efe7137-c334-43ac-ad86-ba58d4ed3c70, command=[]} | ret=SUCCESS |  
2019-08-21 09:12:36,289 | INFO  | SCMAudit | user=jenkins1000 | ip=192.168.34.50 | op=SEND_HEARTBEAT {datanodeUUID=328a75f0-8ecf-454d-ac4a-ee464a922ba9, command=[]} | ret=SUCCESS |  
2019-08-21 09:12:36,687 | INFO  | SCMAudit | user=jenkins1000 | ip=192.168.34.50 | op=SEND_HEARTBEAT {datanodeUUID=d93e8726-51c7-48e5-91db-a9280c3a0547, command=[]} | ret=SUCCESS |  
2019-08-21 09:12:36,694 | INFO  | SCMAudit | user=jenkins1000 | ip=192.168.34.50 | op=SEND_HEARTBEAT {datanodeUUID=b216f333-d584-463e-ac29-b520f4cc8032, command=[]} | ret=SUCCESS |  
2019-08-21 09:12:36,720 | INFO  | SCMAudit | user=jenkins1000 | ip=192.168.34.50 | op=SEND_HEARTBEAT {datanodeUUID=a8271a13-8b98-4259-a956-3406fefc9571, command=[]} | ret=SUCCESS |  
2019-08-21 09:12:36,721 | INFO  | SCMAudit | user=jenkins1000 | ip=192.168.34.50 | op=SEND_HEARTBEAT {datanodeUUID=4fc6c8fa-e96e-43c4-8369-e0ca8a7014d6, command=[]} | ret=SUCCESS |  
2019-08-21 09:12:36,885 | INFO  | SCMAudit | user=jenkins1000 | ip=192.168.34.50 | op=SEND_HEARTBEAT {datanodeUUID=5ea20691-5ab9-4695-ab1d-7e722de7481e, command=[]} | ret=SUCCESS |  
2019-08-21 09:12:37,139 | INFO  | SCMAudit | user=jenkins1000 | ip=192.168.34.50 | op=SEND_HEARTBEAT {datanodeUUID=2efe7137-c334-43ac-ad86-ba58d4ed3c70, command=[]} | ret=SUCCESS |  
2019-08-21 09:12:37,290 | INFO  | SCMAudit | user=jenkins1000 | ip=192.168.34.50 | op=SEND_HEARTBEAT {datanodeUUID=328a75f0-8ecf-454d-ac4a-ee464a922ba9, command=[]} | ret=SUCCESS |  
2019-08-21 09:12:37,687 | INFO  | SCMAudit | user=jenkins1000 | ip=192.168.34.50 | op=SEND_HEARTBEAT {datanodeUUID=d93e8726-51c7-48e5-91db-a9280c3a0547, command=[]} | ret=SUCCESS |  
2019-08-21 09:12:37,697 | INFO  | SCMAudit | user=jenkins1000 | ip=192.168.34.50 | op=SEND_HEARTBEAT {datanodeUUID=b216f333-d584-463e-ac29-b520f4cc8032, command=[]} | ret=SUCCESS |  
2019-08-21 09:12:37,719 | INFO  | SCMAudit | user=jenkins1000 | ip=192.168.34.50 | op=SEND_HEARTBEAT {datanodeUUID=a8271a13-8b98-4259-a956-3406fefc9571, command=[]} | ret=SUCCESS |  
2019-08-21 09:12:37,720 | INFO  | SCMAudit | user=jenkins1000 | ip=192.168.34.50 | op=SEND_HEARTBEAT {datanodeUUID=4fc6c8fa-e96e-43c4-8369-e0ca8a7014d6, command=[]} | ret=SUCCESS |  
2019-08-21 09:12:37,885 | INFO  | SCMAudit | user=jenkins1000 | ip=192.168.34.50 | op=SEND_HEARTBEAT {datanodeUUID=5ea20691-5ab9-4695-ab1d-7e722de7481e, command=[]} | ret=SUCCESS |  
2019-08-21 09:12:38,139 | INFO  | SCMAudit | user=jenkins1000 | ip=192.168.34.50 | op=SEND_HEARTBEAT {datanodeUUID=2efe7137-c334-43ac-ad86-ba58d4ed3c70, command=[]} | ret=SUCCESS |  
2019-08-21 09:12:38,291 | INFO  | SCMAudit | user=jenkins1000 | ip=192.168.34.50 | op=SEND_HEARTBEAT {datanodeUUID=328a75f0-8ecf-454d-ac4a-ee464a922ba9, command=[]} | ret=SUCCESS |  
2019-08-21 09:12:38,688 | INFO  | SCMAudit | user=jenkins1000 | ip=192.168.34.50 | op=SEND_HEARTBEAT {datanodeUUID=d93e8726-51c7-48e5-91db-a9280c3a0547, command=[]} | ret=SUCCESS |  
2019-08-21 09:12:38,694 | INFO  | SCMAudit | user=jenkins1000 | ip=192.168.34.50 | op=SEND_HEARTBEAT {datanodeUUID=b216f333-d584-463e-ac29-b520f4cc8032, command=[]} | ret=SUCCESS |  
2019-08-21 09:12:38,720 | INFO  | SCMAudit | user=jenkins1000 | ip=192.168.34.50 | op=SEND_HEARTBEAT {datanodeUUID=a8271a13-8b98-4259-a956-3406fefc9571, command=[]} | ret=SUCCESS |  
2019-08-21 09:12:38,721 | INFO  | SCMAudit | user=jenkins1000 | ip=192.168.34.50 | op=SEND_HEARTBEAT {datanodeUUID=4fc6c8fa-e96e-43c4-8369-e0ca8a7014d6, command=[]} | ret=SUCCESS |  
2019-08-21 09:12:38,885 | INFO  | SCMAudit | user=jenkins1000 | ip=192.168.34.50 | op=SEND_HEARTBEAT {datanodeUUID=5ea20691-5ab9-4695-ab1d-7e722de7481e, command=[]} | ret=SUCCESS |  
2019-08-21 09:12:39,139 | INFO  | SCMAudit | user=jenkins1000 | ip=192.168.34.50 | op=SEND_HEARTBEAT {datanodeUUID=2efe7137-c334-43ac-ad86-ba58d4ed3c70, command=[]} | ret=SUCCESS |  
2019-08-21 09:12:39,290 | INFO  | SCMAudit | user=jenkins1000 | ip=192.168.34.50 | op=SEND_HEARTBEAT {datanodeUUID=328a75f0-8ecf-454d-ac4a-ee464a922ba9, command=[]} | ret=SUCCESS |  
2019-08-21 09:12:39,689 | INFO  | SCMAudit | user=jenkins1000 | ip=192.168.34.50 | op=SEND_HEARTBEAT {datanodeUUID=d93e8726-51c7-48e5-91db-a9280c3a0547, command=[]} | ret=SUCCESS |  
2019-08-21 09:12:39,695 | INFO  | SCMAudit | user=jenkins1000 | ip=192.168.34.50 | op=SEND_HEARTBEAT {datanodeUUID=b216f333-d584-463e-ac29-b520f4cc8032, command=[]} | ret=SUCCESS |  
2019-08-21 09:12:39,719 | INFO  | SCMAudit | user=jenkins1000 | ip=192.168.34.50 | op=SEND_HEARTBEAT {datanodeUUID=a8271a13-8b98-4259-a956-3406fefc9571, command=[]} | ret=SUCCESS |  
2019-08-21 09:12:39,720 | INFO  | SCMAudit | user=jenkins1000 | ip=192.168.34.50 | op=SEND_HEARTBEAT {datanodeUUID=4fc6c8fa-e96e-43c4-8369-e0ca8a7014d6, command=[]} | ret=SUCCESS |  
2019-08-21 09:12:39,884 | INFO  | SCMAudit | user=jenkins1000 | ip=192.168.34.50 | op=SEND_HEARTBEAT {datanodeUUID=5ea20691-5ab9-4695-ab1d-7e722de7481e, command=[]} | ret=SUCCESS |  
2019-08-21 09:12:40,139 | INFO  | SCMAudit | user=jenkins1000 | ip=192.168.34.50 | op=SEND_HEARTBEAT {datanodeUUID=2efe7137-c334-43ac-ad86-ba58d4ed3c70, command=[]} | ret=SUCCESS |  
2019-08-21 09:12:40,189 [grpc-default-executor-1] INFO  client.GrpcClientProtocolClient (GrpcClientProtocolClient.java:onNext(255)) - client-765D7F86C248->4fc6c8fa-e96e-43c4-8369-e0ca8a7014d6: receive RaftClientReply:client-765D7F86C248->4fc6c8fa-e96e-43c4-8369-e0ca8a7014d6@group-159FDE3C55F8, cid=45, FAILED org.apache.ratis.protocol.NotLeaderException: Server 4fc6c8fa-e96e-43c4-8369-e0ca8a7014d6 is not the leader (b216f333-d584-463e-ac29-b520f4cc8032:192.168.34.50:33369). Request must be sent to leader., logIndex=0, commits[4fc6c8fa-e96e-43c4-8369-e0ca8a7014d6:c8, b216f333-d584-463e-ac29-b520f4cc8032:c8, a8271a13-8b98-4259-a956-3406fefc9571:c8]
2019-08-21 09:12:40,290 | INFO  | SCMAudit | user=jenkins1000 | ip=192.168.34.50 | op=SEND_HEARTBEAT {datanodeUUID=328a75f0-8ecf-454d-ac4a-ee464a922ba9, command=[]} | ret=SUCCESS |  
2019-08-21 09:12:40,688 | INFO  | SCMAudit | user=jenkins1000 | ip=192.168.34.50 | op=SEND_HEARTBEAT {datanodeUUID=d93e8726-51c7-48e5-91db-a9280c3a0547, command=[]} | ret=SUCCESS |  
2019-08-21 09:12:40,695 | INFO  | SCMAudit | user=jenkins1000 | ip=192.168.34.50 | op=SEND_HEARTBEAT {datanodeUUID=b216f333-d584-463e-ac29-b520f4cc8032, command=[]} | ret=SUCCESS |  
2019-08-21 09:12:40,720 | INFO  | SCMAudit | user=jenkins1000 | ip=192.168.34.50 | op=SEND_HEARTBEAT {datanodeUUID=a8271a13-8b98-4259-a956-3406fefc9571, command=[]} | ret=SUCCESS |  
2019-08-21 09:12:40,721 | INFO  | SCMAudit | user=jenkins1000 | ip=192.168.34.50 | op=SEND_HEARTBEAT {datanodeUUID=4fc6c8fa-e96e-43c4-8369-e0ca8a7014d6, command=[]} | ret=SUCCESS |  
2019-08-21 09:12:40,884 | INFO  | SCMAudit | user=jenkins1000 | ip=192.168.34.50 | op=SEND_HEARTBEAT {datanodeUUID=5ea20691-5ab9-4695-ab1d-7e722de7481e, command=[]} | ret=SUCCESS |  
2019-08-21 09:12:41,138 | INFO  | SCMAudit | user=jenkins1000 | ip=192.168.34.50 | op=SEND_HEARTBEAT {datanodeUUID=2efe7137-c334-43ac-ad86-ba58d4ed3c70, command=[]} | ret=SUCCESS |  
2019-08-21 09:12:41,291 | INFO  | SCMAudit | user=jenkins1000 | ip=192.168.34.50 | op=SEND_HEARTBEAT {datanodeUUID=328a75f0-8ecf-454d-ac4a-ee464a922ba9, command=[]} | ret=SUCCESS |  
2019-08-21 09:12:41,689 | INFO  | SCMAudit | user=jenkins1000 | ip=192.168.34.50 | op=SEND_HEARTBEAT {datanodeUUID=d93e8726-51c7-48e5-91db-a9280c3a0547, command=[]} | ret=SUCCESS |  
2019-08-21 09:12:41,695 | INFO  | SCMAudit | user=jenkins1000 | ip=192.168.34.50 | op=SEND_HEARTBEAT {datanodeUUID=b216f333-d584-463e-ac29-b520f4cc8032, command=[]} | ret=SUCCESS |  
2019-08-21 09:12:41,719 | INFO  | SCMAudit | user=jenkins1000 | ip=192.168.34.50 | op=SEND_HEARTBEAT {datanodeUUID=a8271a13-8b98-4259-a956-3406fefc9571, command=[]} | ret=SUCCESS |  
2019-08-21 09:12:41,721 | INFO  | SCMAudit | user=jenkins1000 | ip=192.168.34.50 | op=SEND_HEARTBEAT {datanodeUUID=4fc6c8fa-e96e-43c4-8369-e0ca8a7014d6, command=[]} | ret=SUCCESS |  
2019-08-21 09:12:41,884 | INFO  | SCMAudit | user=jenkins1000 | ip=192.168.34.50 | op=SEND_HEARTBEAT {datanodeUUID=5ea20691-5ab9-4695-ab1d-7e722de7481e, command=[]} | ret=SUCCESS |  
2019-08-21 09:12:42,139 | INFO  | SCMAudit | user=jenkins1000 | ip=192.168.34.50 | op=SEND_HEARTBEAT {datanodeUUID=2efe7137-c334-43ac-ad86-ba58d4ed3c70, command=[]} | ret=SUCCESS |  
2019-08-21 09:12:42,291 | INFO  | SCMAudit | user=jenkins1000 | ip=192.168.34.50 | op=SEND_HEARTBEAT {datanodeUUID=328a75f0-8ecf-454d-ac4a-ee464a922ba9, command=[]} | ret=SUCCESS |  
2019-08-21 09:12:42,689 | INFO  | SCMAudit | user=jenkins1000 | ip=192.168.34.50 | op=SEND_HEARTBEAT {datanodeUUID=d93e8726-51c7-48e5-91db-a9280c3a0547, command=[]} | ret=SUCCESS |  
2019-08-21 09:12:42,694 | INFO  | SCMAudit | user=jenkins1000 | ip=192.168.34.50 | op=SEND_HEARTBEAT {datanodeUUID=b216f333-d584-463e-ac29-b520f4cc8032, command=[]} | ret=SUCCESS |  
2019-08-21 09:12:42,720 | INFO  | SCMAudit | user=jenkins1000 | ip=192.168.34.50 | op=SEND_HEARTBEAT {datanodeUUID=a8271a13-8b98-4259-a956-3406fefc9571, command=[]} | ret=SUCCESS |  
2019-08-21 09:12:42,721 | INFO  | SCMAudit | user=jenkins1000 | ip=192.168.34.50 | op=SEND_HEARTBEAT {datanodeUUID=4fc6c8fa-e96e-43c4-8369-e0ca8a7014d6, command=[]} | ret=SUCCESS |  
2019-08-21 09:12:42,885 | INFO  | SCMAudit | user=jenkins1000 | ip=192.168.34.50 | op=SEND_HEARTBEAT {datanodeUUID=5ea20691-5ab9-4695-ab1d-7e722de7481e, command=[]} | ret=SUCCESS |  
2019-08-21 09:12:43,140 | INFO  | SCMAudit | user=jenkins1000 | ip=192.168.34.50 | op=SEND_HEARTBEAT {datanodeUUID=2efe7137-c334-43ac-ad86-ba58d4ed3c70, command=[]} | ret=SUCCESS |  
2019-08-21 09:12:43,291 | INFO  | SCMAudit | user=jenkins1000 | ip=192.168.34.50 | op=SEND_HEARTBEAT {datanodeUUID=328a75f0-8ecf-454d-ac4a-ee464a922ba9, command=[]} | ret=SUCCESS |  
2019-08-21 09:12:43,689 | INFO  | SCMAudit | user=jenkins1000 | ip=192.168.34.50 | op=SEND_HEARTBEAT {datanodeUUID=d93e8726-51c7-48e5-91db-a9280c3a0547, command=[]} | ret=SUCCESS |  
2019-08-21 09:12:43,694 | INFO  | SCMAudit | user=jenkins1000 | ip=192.168.34.50 | op=SEND_HEARTBEAT {datanodeUUID=b216f333-d584-463e-ac29-b520f4cc8032, command=[]} | ret=SUCCESS |  
2019-08-21 09:12:43,719 | INFO  | SCMAudit | user=jenkins1000 | ip=192.168.34.50 | op=SEND_HEARTBEAT {datanodeUUID=a8271a13-8b98-4259-a956-3406fefc9571, command=[]} | ret=SUCCESS |  
2019-08-21 09:12:43,721 | INFO  | SCMAudit | user=jenkins1000 | ip=192.168.34.50 | op=SEND_HEARTBEAT {datanodeUUID=4fc6c8fa-e96e-43c4-8369-e0ca8a7014d6, command=[]} | ret=SUCCESS |  
2019-08-21 09:12:43,884 | INFO  | SCMAudit | user=jenkins1000 | ip=192.168.34.50 | op=SEND_HEARTBEAT {datanodeUUID=5ea20691-5ab9-4695-ab1d-7e722de7481e, command=[]} | ret=SUCCESS |  
2019-08-21 09:12:44,141 | INFO  | SCMAudit | user=jenkins1000 | ip=192.168.34.50 | op=SEND_HEARTBEAT {datanodeUUID=2efe7137-c334-43ac-ad86-ba58d4ed3c70, command=[]} | ret=SUCCESS |  
2019-08-21 09:12:44,290 | INFO  | SCMAudit | user=jenkins1000 | ip=192.168.34.50 | op=SEND_HEARTBEAT {datanodeUUID=328a75f0-8ecf-454d-ac4a-ee464a922ba9, command=[]} | ret=SUCCESS |  
2019-08-21 09:12:44,688 | INFO  | SCMAudit | user=jenkins1000 | ip=192.168.34.50 | op=SEND_HEARTBEAT {datanodeUUID=d93e8726-51c7-48e5-91db-a9280c3a0547, command=[]} | ret=SUCCESS |  
2019-08-21 09:12:44,695 | INFO  | SCMAudit | user=jenkins1000 | ip=192.168.34.50 | op=SEND_HEARTBEAT {datanodeUUID=b216f333-d584-463e-ac29-b520f4cc8032, command=[]} | ret=SUCCESS |  
2019-08-21 09:12:44,720 | INFO  | SCMAudit | user=jenkins1000 | ip=192.168.34.50 | op=SEND_HEARTBEAT {datanodeUUID=a8271a13-8b98-4259-a956-3406fefc9571, command=[]} | ret=SUCCESS |  
2019-08-21 09:12:44,722 | INFO  | SCMAudit | user=jenkins1000 | ip=192.168.34.50 | op=SEND_HEARTBEAT {datanodeUUID=4fc6c8fa-e96e-43c4-8369-e0ca8a7014d6, command=[]} | ret=SUCCESS |  
2019-08-21 09:12:44,885 | INFO  | SCMAudit | user=jenkins1000 | ip=192.168.34.50 | op=SEND_HEARTBEAT {datanodeUUID=5ea20691-5ab9-4695-ab1d-7e722de7481e, command=[]} | ret=SUCCESS |  
2019-08-21 09:12:45,139 | INFO  | SCMAudit | user=jenkins1000 | ip=192.168.34.50 | op=SEND_HEARTBEAT {datanodeUUID=2efe7137-c334-43ac-ad86-ba58d4ed3c70, command=[]} | ret=SUCCESS |  
2019-08-21 09:12:45,241 [grpc-default-executor-1] INFO  client.GrpcClientProtocolClient (GrpcClientProtocolClient.java:onNext(255)) - client-765D7F86C248->a8271a13-8b98-4259-a956-3406fefc9571: receive RaftClientReply:client-765D7F86C248->a8271a13-8b98-4259-a956-3406fefc9571@group-159FDE3C55F8, cid=45, FAILED org.apache.ratis.protocol.NotLeaderException: Server a8271a13-8b98-4259-a956-3406fefc9571 is not the leader (b216f333-d584-463e-ac29-b520f4cc8032:192.168.34.50:33369). Request must be sent to leader., logIndex=0, commits[a8271a13-8b98-4259-a956-3406fefc9571:c8, 4fc6c8fa-e96e-43c4-8369-e0ca8a7014d6:c8, b216f333-d584-463e-ac29-b520f4cc8032:c8]
2019-08-21 09:12:45,291 | INFO  | SCMAudit | user=jenkins1000 | ip=192.168.34.50 | op=SEND_HEARTBEAT {datanodeUUID=328a75f0-8ecf-454d-ac4a-ee464a922ba9, command=[]} | ret=SUCCESS |  
2019-08-21 09:12:45,689 | INFO  | SCMAudit | user=jenkins1000 | ip=192.168.34.50 | op=SEND_HEARTBEAT {datanodeUUID=d93e8726-51c7-48e5-91db-a9280c3a0547, command=[]} | ret=SUCCESS |  
2019-08-21 09:12:45,695 | INFO  | SCMAudit | user=jenkins1000 | ip=192.168.34.50 | op=SEND_HEARTBEAT {datanodeUUID=b216f333-d584-463e-ac29-b520f4cc8032, command=[]} | ret=SUCCESS |  
2019-08-21 09:12:45,720 | INFO  | SCMAudit | user=jenkins1000 | ip=192.168.34.50 | op=SEND_HEARTBEAT {datanodeUUID=a8271a13-8b98-4259-a956-3406fefc9571, command=[]} | ret=SUCCESS |  
2019-08-21 09:12:45,721 | INFO  | SCMAudit | user=jenkins1000 | ip=192.168.34.50 | op=SEND_HEARTBEAT {datanodeUUID=4fc6c8fa-e96e-43c4-8369-e0ca8a7014d6, command=[]} | ret=SUCCESS |  
2019-08-21 09:12:45,885 | INFO  | SCMAudit | user=jenkins1000 | ip=192.168.34.50 | op=SEND_HEARTBEAT {datanodeUUID=5ea20691-5ab9-4695-ab1d-7e722de7481e, command=[]} | ret=SUCCESS |  
2019-08-21 09:12:46,140 | INFO  | SCMAudit | user=jenkins1000 | ip=192.168.34.50 | op=SEND_HEARTBEAT {datanodeUUID=2efe7137-c334-43ac-ad86-ba58d4ed3c70, command=[]} | ret=SUCCESS |  
2019-08-21 09:12:46,291 | INFO  | SCMAudit | user=jenkins1000 | ip=192.168.34.50 | op=SEND_HEARTBEAT {datanodeUUID=328a75f0-8ecf-454d-ac4a-ee464a922ba9, command=[]} | ret=SUCCESS |  
2019-08-21 09:12:46,690 | INFO  | SCMAudit | user=jenkins1000 | ip=192.168.34.50 | op=SEND_HEARTBEAT {datanodeUUID=d93e8726-51c7-48e5-91db-a9280c3a0547, command=[]} | ret=SUCCESS |  
2019-08-21 09:12:46,695 | INFO  | SCMAudit | user=jenkins1000 | ip=192.168.34.50 | op=SEND_HEARTBEAT {datanodeUUID=b216f333-d584-463e-ac29-b520f4cc8032, command=[]} | ret=SUCCESS |  
2019-08-21 09:12:46,719 | INFO  | SCMAudit | user=jenkins1000 | ip=192.168.34.50 | op=SEND_HEARTBEAT {datanodeUUID=a8271a13-8b98-4259-a956-3406fefc9571, command=[]} | ret=SUCCESS |  
2019-08-21 09:12:46,722 | INFO  | SCMAudit | user=jenkins1000 | ip=192.168.34.50 | op=SEND_HEARTBEAT {datanodeUUID=4fc6c8fa-e96e-43c4-8369-e0ca8a7014d6, command=[]} | ret=SUCCESS |  
2019-08-21 09:12:46,884 | INFO  | SCMAudit | user=jenkins1000 | ip=192.168.34.50 | op=SEND_HEARTBEAT {datanodeUUID=5ea20691-5ab9-4695-ab1d-7e722de7481e, command=[]} | ret=SUCCESS |  
2019-08-21 09:12:47,141 | INFO  | SCMAudit | user=jenkins1000 | ip=192.168.34.50 | op=SEND_HEARTBEAT {datanodeUUID=2efe7137-c334-43ac-ad86-ba58d4ed3c70, command=[]} | ret=SUCCESS |  
2019-08-21 09:12:47,291 | INFO  | SCMAudit | user=jenkins1000 | ip=192.168.34.50 | op=SEND_HEARTBEAT {datanodeUUID=328a75f0-8ecf-454d-ac4a-ee464a922ba9, command=[]} | ret=SUCCESS |  
2019-08-21 09:12:47,690 | INFO  | SCMAudit | user=jenkins1000 | ip=192.168.34.50 | op=SEND_HEARTBEAT {datanodeUUID=d93e8726-51c7-48e5-91db-a9280c3a0547, command=[]} | ret=SUCCESS |  
2019-08-21 09:12:47,696 | INFO  | SCMAudit | user=jenkins1000 | ip=192.168.34.50 | op=SEND_HEARTBEAT {datanodeUUID=b216f333-d584-463e-ac29-b520f4cc8032, command=[]} | ret=SUCCESS |  
2019-08-21 09:12:47,720 | INFO  | SCMAudit | user=jenkins1000 | ip=192.168.34.50 | op=SEND_HEARTBEAT {datanodeUUID=a8271a13-8b98-4259-a956-3406fefc9571, command=[]} | ret=SUCCESS |  
2019-08-21 09:12:47,721 | INFO  | SCMAudit | user=jenkins1000 | ip=192.168.34.50 | op=SEND_HEARTBEAT {datanodeUUID=4fc6c8fa-e96e-43c4-8369-e0ca8a7014d6, command=[]} | ret=SUCCESS |  
2019-08-21 09:12:47,884 | INFO  | SCMAudit | user=jenkins1000 | ip=192.168.34.50 | op=SEND_HEARTBEAT {datanodeUUID=5ea20691-5ab9-4695-ab1d-7e722de7481e, command=[]} | ret=SUCCESS |  
2019-08-21 09:12:48,140 | INFO  | SCMAudit | user=jenkins1000 | ip=192.168.34.50 | op=SEND_HEARTBEAT {datanodeUUID=2efe7137-c334-43ac-ad86-ba58d4ed3c70, command=[]} | ret=SUCCESS |  
2019-08-21 09:12:48,292 | INFO  | SCMAudit | user=jenkins1000 | ip=192.168.34.50 | op=SEND_HEARTBEAT {datanodeUUID=328a75f0-8ecf-454d-ac4a-ee464a922ba9, command=[]} | ret=SUCCESS |  
2019-08-21 09:12:48,689 | INFO  | SCMAudit | user=jenkins1000 | ip=192.168.34.50 | op=SEND_HEARTBEAT {datanodeUUID=d93e8726-51c7-48e5-91db-a9280c3a0547, command=[]} | ret=SUCCESS |  
2019-08-21 09:12:48,696 | INFO  | SCMAudit | user=jenkins1000 | ip=192.168.34.50 | op=SEND_HEARTBEAT {datanodeUUID=b216f333-d584-463e-ac29-b520f4cc8032, command=[]} | ret=SUCCESS |  
2019-08-21 09:12:48,719 | INFO  | SCMAudit | user=jenkins1000 | ip=192.168.34.50 | op=SEND_HEARTBEAT {datanodeUUID=a8271a13-8b98-4259-a956-3406fefc9571, command=[]} | ret=SUCCESS |  
2019-08-21 09:12:48,722 | INFO  | SCMAudit | user=jenkins1000 | ip=192.168.34.50 | op=SEND_HEARTBEAT {datanodeUUID=4fc6c8fa-e96e-43c4-8369-e0ca8a7014d6, command=[]} | ret=SUCCESS |  
2019-08-21 09:12:48,885 | INFO  | SCMAudit | user=jenkins1000 | ip=192.168.34.50 | op=SEND_HEARTBEAT {datanodeUUID=5ea20691-5ab9-4695-ab1d-7e722de7481e, command=[]} | ret=SUCCESS |  
2019-08-21 09:12:49,141 | INFO  | SCMAudit | user=jenkins1000 | ip=192.168.34.50 | op=SEND_HEARTBEAT {datanodeUUID=2efe7137-c334-43ac-ad86-ba58d4ed3c70, command=[]} | ret=SUCCESS |  
2019-08-21 09:12:49,292 | INFO  | SCMAudit | user=jenkins1000 | ip=192.168.34.50 | op=SEND_HEARTBEAT {datanodeUUID=328a75f0-8ecf-454d-ac4a-ee464a922ba9, command=[]} | ret=SUCCESS |  
2019-08-21 09:12:49,690 | INFO  | SCMAudit | user=jenkins1000 | ip=192.168.34.50 | op=SEND_HEARTBEAT {datanodeUUID=d93e8726-51c7-48e5-91db-a9280c3a0547, command=[]} | ret=SUCCESS |  
2019-08-21 09:12:49,697 | INFO  | SCMAudit | user=jenkins1000 | ip=192.168.34.50 | op=SEND_HEARTBEAT {datanodeUUID=b216f333-d584-463e-ac29-b520f4cc8032, command=[]} | ret=SUCCESS |  
2019-08-21 09:12:49,720 | INFO  | SCMAudit | user=jenkins1000 | ip=192.168.34.50 | op=SEND_HEARTBEAT {datanodeUUID=a8271a13-8b98-4259-a956-3406fefc9571, command=[]} | ret=SUCCESS |  
2019-08-21 09:12:49,723 | INFO  | SCMAudit | user=jenkins1000 | ip=192.168.34.50 | op=SEND_HEARTBEAT {datanodeUUID=4fc6c8fa-e96e-43c4-8369-e0ca8a7014d6, command=[]} | ret=SUCCESS |  
2019-08-21 09:12:49,884 | INFO  | SCMAudit | user=jenkins1000 | ip=192.168.34.50 | op=SEND_HEARTBEAT {datanodeUUID=5ea20691-5ab9-4695-ab1d-7e722de7481e, command=[]} | ret=SUCCESS |  
2019-08-21 09:12:50,141 | INFO  | SCMAudit | user=jenkins1000 | ip=192.168.34.50 | op=SEND_HEARTBEAT {datanodeUUID=2efe7137-c334-43ac-ad86-ba58d4ed3c70, command=[]} | ret=SUCCESS |  
2019-08-21 09:12:50,285 [grpc-default-executor-1] INFO  client.GrpcClientProtocolClient (GrpcClientProtocolClient.java:onNext(255)) - client-765D7F86C248->4fc6c8fa-e96e-43c4-8369-e0ca8a7014d6: receive RaftClientReply:client-765D7F86C248->4fc6c8fa-e96e-43c4-8369-e0ca8a7014d6@group-159FDE3C55F8, cid=45, FAILED org.apache.ratis.protocol.NotLeaderException: Server 4fc6c8fa-e96e-43c4-8369-e0ca8a7014d6 is not the leader (b216f333-d584-463e-ac29-b520f4cc8032:192.168.34.50:33369). Request must be sent to leader., logIndex=0, commits[4fc6c8fa-e96e-43c4-8369-e0ca8a7014d6:c8, b216f333-d584-463e-ac29-b520f4cc8032:c8, a8271a13-8b98-4259-a956-3406fefc9571:c8]
2019-08-21 09:12:50,297 | INFO  | SCMAudit | user=jenkins1000 | ip=192.168.34.50 | op=SEND_HEARTBEAT {datanodeUUID=328a75f0-8ecf-454d-ac4a-ee464a922ba9, command=[]} | ret=SUCCESS |  
2019-08-21 09:12:50,690 | INFO  | SCMAudit | user=jenkins1000 | ip=192.168.34.50 | op=SEND_HEARTBEAT {datanodeUUID=d93e8726-51c7-48e5-91db-a9280c3a0547, command=[]} | ret=SUCCESS |  
2019-08-21 09:12:50,696 | INFO  | SCMAudit | user=jenkins1000 | ip=192.168.34.50 | op=SEND_HEARTBEAT {datanodeUUID=b216f333-d584-463e-ac29-b520f4cc8032, command=[]} | ret=SUCCESS |  
2019-08-21 09:12:50,719 | INFO  | SCMAudit | user=jenkins1000 | ip=192.168.34.50 | op=SEND_HEARTBEAT {datanodeUUID=a8271a13-8b98-4259-a956-3406fefc9571, command=[]} | ret=SUCCESS |  
2019-08-21 09:12:50,722 | INFO  | SCMAudit | user=jenkins1000 | ip=192.168.34.50 | op=SEND_HEARTBEAT {datanodeUUID=4fc6c8fa-e96e-43c4-8369-e0ca8a7014d6, command=[]} | ret=SUCCESS |  
2019-08-21 09:12:50,886 | INFO  | SCMAudit | user=jenkins1000 | ip=192.168.34.50 | op=SEND_HEARTBEAT {datanodeUUID=5ea20691-5ab9-4695-ab1d-7e722de7481e, command=[]} | ret=SUCCESS |  
2019-08-21 09:12:51,142 | INFO  | SCMAudit | user=jenkins1000 | ip=192.168.34.50 | op=SEND_HEARTBEAT {datanodeUUID=2efe7137-c334-43ac-ad86-ba58d4ed3c70, command=[]} | ret=SUCCESS |  
2019-08-21 09:12:51,291 | INFO  | SCMAudit | user=jenkins1000 | ip=192.168.34.50 | op=SEND_HEARTBEAT {datanodeUUID=328a75f0-8ecf-454d-ac4a-ee464a922ba9, command=[]} | ret=SUCCESS |  
2019-08-21 09:12:51,690 | INFO  | SCMAudit | user=jenkins1000 | ip=192.168.34.50 | op=SEND_HEARTBEAT {datanodeUUID=d93e8726-51c7-48e5-91db-a9280c3a0547, command=[]} | ret=SUCCESS |  
2019-08-21 09:12:51,696 | INFO  | SCMAudit | user=jenkins1000 | ip=192.168.34.50 | op=SEND_HEARTBEAT {datanodeUUID=b216f333-d584-463e-ac29-b520f4cc8032, command=[]} | ret=SUCCESS |  
2019-08-21 09:12:51,720 | INFO  | SCMAudit | user=jenkins1000 | ip=192.168.34.50 | op=SEND_HEARTBEAT {datanodeUUID=a8271a13-8b98-4259-a956-3406fefc9571, command=[]} | ret=SUCCESS |  
2019-08-21 09:12:51,723 | INFO  | SCMAudit | user=jenkins1000 | ip=192.168.34.50 | op=SEND_HEARTBEAT {datanodeUUID=4fc6c8fa-e96e-43c4-8369-e0ca8a7014d6, command=[]} | ret=SUCCESS |  
2019-08-21 09:12:51,884 | INFO  | SCMAudit | user=jenkins1000 | ip=192.168.34.50 | op=SEND_HEARTBEAT {datanodeUUID=5ea20691-5ab9-4695-ab1d-7e722de7481e, command=[]} | ret=SUCCESS |  
2019-08-21 09:12:52,141 | INFO  | SCMAudit | user=jenkins1000 | ip=192.168.34.50 | op=SEND_HEARTBEAT {datanodeUUID=2efe7137-c334-43ac-ad86-ba58d4ed3c70, command=[]} | ret=SUCCESS |  
2019-08-21 09:12:52,292 | INFO  | SCMAudit | user=jenkins1000 | ip=192.168.34.50 | op=SEND_HEARTBEAT {datanodeUUID=328a75f0-8ecf-454d-ac4a-ee464a922ba9, command=[]} | ret=SUCCESS |  
2019-08-21 09:12:52,690 | INFO  | SCMAudit | user=jenkins1000 | ip=192.168.34.50 | op=SEND_HEARTBEAT {datanodeUUID=d93e8726-51c7-48e5-91db-a9280c3a0547, command=[]} | ret=SUCCESS |  
2019-08-21 09:12:52,697 | INFO  | SCMAudit | user=jenkins1000 | ip=192.168.34.50 | op=SEND_HEARTBEAT {datanodeUUID=b216f333-d584-463e-ac29-b520f4cc8032, command=[]} | ret=SUCCESS |  
2019-08-21 09:12:52,719 | INFO  | SCMAudit | user=jenkins1000 | ip=192.168.34.50 | op=SEND_HEARTBEAT {datanodeUUID=a8271a13-8b98-4259-a956-3406fefc9571, command=[]} | ret=SUCCESS |  
2019-08-21 09:12:52,723 | INFO  | SCMAudit | user=jenkins1000 | ip=192.168.34.50 | op=SEND_HEARTBEAT {datanodeUUID=4fc6c8fa-e96e-43c4-8369-e0ca8a7014d6, command=[]} | ret=SUCCESS |  
2019-08-21 09:12:52,885 | INFO  | SCMAudit | user=jenkins1000 | ip=192.168.34.50 | op=SEND_HEARTBEAT {datanodeUUID=5ea20691-5ab9-4695-ab1d-7e722de7481e, command=[]} | ret=SUCCESS |  
2019-08-21 09:12:53,142 | INFO  | SCMAudit | user=jenkins1000 | ip=192.168.34.50 | op=SEND_HEARTBEAT {datanodeUUID=2efe7137-c334-43ac-ad86-ba58d4ed3c70, command=[]} | ret=SUCCESS |  
2019-08-21 09:12:53,291 | INFO  | SCMAudit | user=jenkins1000 | ip=192.168.34.50 | op=SEND_HEARTBEAT {datanodeUUID=328a75f0-8ecf-454d-ac4a-ee464a922ba9, command=[]} | ret=SUCCESS |  
2019-08-21 09:12:53,689 | INFO  | SCMAudit | user=jenkins1000 | ip=192.168.34.50 | op=SEND_HEARTBEAT {datanodeUUID=d93e8726-51c7-48e5-91db-a9280c3a0547, command=[]} | ret=SUCCESS |  
2019-08-21 09:12:53,697 | INFO  | SCMAudit | user=jenkins1000 | ip=192.168.34.50 | op=SEND_HEARTBEAT {datanodeUUID=b216f333-d584-463e-ac29-b520f4cc8032, command=[]} | ret=SUCCESS |  
2019-08-21 09:12:53,720 | INFO  | SCMAudit | user=jenkins1000 | ip=192.168.34.50 | op=SEND_HEARTBEAT {datanodeUUID=a8271a13-8b98-4259-a956-3406fefc9571, command=[]} | ret=SUCCESS |  
2019-08-21 09:12:53,724 | INFO  | SCMAudit | user=jenkins1000 | ip=192.168.34.50 | op=SEND_HEARTBEAT {datanodeUUID=4fc6c8fa-e96e-43c4-8369-e0ca8a7014d6, command=[]} | ret=SUCCESS |  
2019-08-21 09:12:53,885 | INFO  | SCMAudit | user=jenkins1000 | ip=192.168.34.50 | op=SEND_HEARTBEAT {datanodeUUID=5ea20691-5ab9-4695-ab1d-7e722de7481e, command=[]} | ret=SUCCESS |  
2019-08-21 09:12:54,142 | INFO  | SCMAudit | user=jenkins1000 | ip=192.168.34.50 | op=SEND_HEARTBEAT {datanodeUUID=2efe7137-c334-43ac-ad86-ba58d4ed3c70, command=[]} | ret=SUCCESS |  
2019-08-21 09:12:54,292 | INFO  | SCMAudit | user=jenkins1000 | ip=192.168.34.50 | op=SEND_HEARTBEAT {datanodeUUID=328a75f0-8ecf-454d-ac4a-ee464a922ba9, command=[]} | ret=SUCCESS |  
2019-08-21 09:12:54,690 | INFO  | SCMAudit | user=jenkins1000 | ip=192.168.34.50 | op=SEND_HEARTBEAT {datanodeUUID=d93e8726-51c7-48e5-91db-a9280c3a0547, command=[]} | ret=SUCCESS |  
2019-08-21 09:12:54,697 | INFO  | SCMAudit | user=jenkins1000 | ip=192.168.34.50 | op=SEND_HEARTBEAT {datanodeUUID=b216f333-d584-463e-ac29-b520f4cc8032, command=[]} | ret=SUCCESS |  
2019-08-21 09:12:54,719 | INFO  | SCMAudit | user=jenkins1000 | ip=192.168.34.50 | op=SEND_HEARTBEAT {datanodeUUID=a8271a13-8b98-4259-a956-3406fefc9571, command=[]} | ret=SUCCESS |  
2019-08-21 09:12:54,724 | INFO  | SCMAudit | user=jenkins1000 | ip=192.168.34.50 | op=SEND_HEARTBEAT {datanodeUUID=4fc6c8fa-e96e-43c4-8369-e0ca8a7014d6, command=[]} | ret=SUCCESS |  
2019-08-21 09:12:54,886 | INFO  | SCMAudit | user=jenkins1000 | ip=192.168.34.50 | op=SEND_HEARTBEAT {datanodeUUID=5ea20691-5ab9-4695-ab1d-7e722de7481e, command=[]} | ret=SUCCESS |  
2019-08-21 09:12:55,142 | INFO  | SCMAudit | user=jenkins1000 | ip=192.168.34.50 | op=SEND_HEARTBEAT {datanodeUUID=2efe7137-c334-43ac-ad86-ba58d4ed3c70, command=[]} | ret=SUCCESS |  
2019-08-21 09:12:55,291 | INFO  | SCMAudit | user=jenkins1000 | ip=192.168.34.50 | op=SEND_HEARTBEAT {datanodeUUID=328a75f0-8ecf-454d-ac4a-ee464a922ba9, command=[]} | ret=SUCCESS |  
2019-08-21 09:12:55,331 [grpc-default-executor-1] INFO  client.GrpcClientProtocolClient (GrpcClientProtocolClient.java:onNext(255)) - client-765D7F86C248->a8271a13-8b98-4259-a956-3406fefc9571: receive RaftClientReply:client-765D7F86C248->a8271a13-8b98-4259-a956-3406fefc9571@group-159FDE3C55F8, cid=45, FAILED org.apache.ratis.protocol.NotLeaderException: Server a8271a13-8b98-4259-a956-3406fefc9571 is not the leader (b216f333-d584-463e-ac29-b520f4cc8032:192.168.34.50:33369). Request must be sent to leader., logIndex=0, commits[a8271a13-8b98-4259-a956-3406fefc9571:c8, 4fc6c8fa-e96e-43c4-8369-e0ca8a7014d6:c8, b216f333-d584-463e-ac29-b520f4cc8032:c8]
2019-08-21 09:12:55,689 | INFO  | SCMAudit | user=jenkins1000 | ip=192.168.34.50 | op=SEND_HEARTBEAT {datanodeUUID=d93e8726-51c7-48e5-91db-a9280c3a0547, command=[]} | ret=SUCCESS |  
2019-08-21 09:12:55,697 | INFO  | SCMAudit | user=jenkins1000 | ip=192.168.34.50 | op=SEND_HEARTBEAT {datanodeUUID=b216f333-d584-463e-ac29-b520f4cc8032, command=[]} | ret=SUCCESS |  
2019-08-21 09:12:55,720 | INFO  | SCMAudit | user=jenkins1000 | ip=192.168.34.50 | op=SEND_HEARTBEAT {datanodeUUID=a8271a13-8b98-4259-a956-3406fefc9571, command=[]} | ret=SUCCESS |  
2019-08-21 09:12:55,725 | INFO  | SCMAudit | user=jenkins1000 | ip=192.168.34.50 | op=SEND_HEARTBEAT {datanodeUUID=4fc6c8fa-e96e-43c4-8369-e0ca8a7014d6, command=[]} | ret=SUCCESS |  
2019-08-21 09:12:55,885 | INFO  | SCMAudit | user=jenkins1000 | ip=192.168.34.50 | op=SEND_HEARTBEAT {datanodeUUID=5ea20691-5ab9-4695-ab1d-7e722de7481e, command=[]} | ret=SUCCESS |  
2019-08-21 09:12:56,141 | INFO  | SCMAudit | user=jenkins1000 | ip=192.168.34.50 | op=SEND_HEARTBEAT {datanodeUUID=2efe7137-c334-43ac-ad86-ba58d4ed3c70, command=[]} | ret=SUCCESS |  
2019-08-21 09:12:56,292 | INFO  | SCMAudit | user=jenkins1000 | ip=192.168.34.50 | op=SEND_HEARTBEAT {datanodeUUID=328a75f0-8ecf-454d-ac4a-ee464a922ba9, command=[]} | ret=SUCCESS |  
2019-08-21 09:12:56,690 | INFO  | SCMAudit | user=jenkins1000 | ip=192.168.34.50 | op=SEND_HEARTBEAT {datanodeUUID=d93e8726-51c7-48e5-91db-a9280c3a0547, command=[]} | ret=SUCCESS |  
2019-08-21 09:12:56,698 | INFO  | SCMAudit | user=jenkins1000 | ip=192.168.34.50 | op=SEND_HEARTBEAT {datanodeUUID=b216f333-d584-463e-ac29-b520f4cc8032, command=[]} | ret=SUCCESS |  
2019-08-21 09:12:56,720 | INFO  | SCMAudit | user=jenkins1000 | ip=192.168.34.50 | op=SEND_HEARTBEAT {datanodeUUID=a8271a13-8b98-4259-a956-3406fefc9571, command=[]} | ret=SUCCESS |  
2019-08-21 09:12:56,724 | INFO  | SCMAudit | user=jenkins1000 | ip=192.168.34.50 | op=SEND_HEARTBEAT {datanodeUUID=4fc6c8fa-e96e-43c4-8369-e0ca8a7014d6, command=[]} | ret=SUCCESS |  
2019-08-21 09:12:56,886 | INFO  | SCMAudit | user=jenkins1000 | ip=192.168.34.50 | op=SEND_HEARTBEAT {datanodeUUID=5ea20691-5ab9-4695-ab1d-7e722de7481e, command=[]} | ret=SUCCESS |  
2019-08-21 09:12:57,142 | INFO  | SCMAudit | user=jenkins1000 | ip=192.168.34.50 | op=SEND_HEARTBEAT {datanodeUUID=2efe7137-c334-43ac-ad86-ba58d4ed3c70, command=[]} | ret=SUCCESS |  
2019-08-21 09:12:57,291 | INFO  | SCMAudit | user=jenkins1000 | ip=192.168.34.50 | op=SEND_HEARTBEAT {datanodeUUID=328a75f0-8ecf-454d-ac4a-ee464a922ba9, command=[]} | ret=SUCCESS |  
2019-08-21 09:12:57,689 | INFO  | SCMAudit | user=jenkins1000 | ip=192.168.34.50 | op=SEND_HEARTBEAT {datanodeUUID=d93e8726-51c7-48e5-91db-a9280c3a0547, command=[]} | ret=SUCCESS |  
2019-08-21 09:12:57,698 | INFO  | SCMAudit | user=jenkins1000 | ip=192.168.34.50 | op=SEND_HEARTBEAT {datanodeUUID=b216f333-d584-463e-ac29-b520f4cc8032, command=[]} | ret=SUCCESS |  
2019-08-21 09:12:57,719 | INFO  | SCMAudit | user=jenkins1000 | ip=192.168.34.50 | op=SEND_HEARTBEAT {datanodeUUID=a8271a13-8b98-4259-a956-3406fefc9571, command=[]} | ret=SUCCESS |  
2019-08-21 09:12:57,725 | INFO  | SCMAudit | user=jenkins1000 | ip=192.168.34.50 | op=SEND_HEARTBEAT {datanodeUUID=4fc6c8fa-e96e-43c4-8369-e0ca8a7014d6, command=[]} | ret=SUCCESS |  
2019-08-21 09:12:57,886 | INFO  | SCMAudit | user=jenkins1000 | ip=192.168.34.50 | op=SEND_HEARTBEAT {datanodeUUID=5ea20691-5ab9-4695-ab1d-7e722de7481e, command=[]} | ret=SUCCESS |  
2019-08-21 09:12:58,142 | INFO  | SCMAudit | user=jenkins1000 | ip=192.168.34.50 | op=SEND_HEARTBEAT {datanodeUUID=2efe7137-c334-43ac-ad86-ba58d4ed3c70, command=[]} | ret=SUCCESS |  
2019-08-21 09:12:58,292 | INFO  | SCMAudit | user=jenkins1000 | ip=192.168.34.50 | op=SEND_HEARTBEAT {datanodeUUID=328a75f0-8ecf-454d-ac4a-ee464a922ba9, command=[]} | ret=SUCCESS |  
2019-08-21 09:12:58,690 | INFO  | SCMAudit | user=jenkins1000 | ip=192.168.34.50 | op=SEND_HEARTBEAT {datanodeUUID=d93e8726-51c7-48e5-91db-a9280c3a0547, command=[]} | ret=SUCCESS |  
2019-08-21 09:12:58,699 | INFO  | SCMAudit | user=jenkins1000 | ip=192.168.34.50 | op=SEND_HEARTBEAT {datanodeUUID=b216f333-d584-463e-ac29-b520f4cc8032, command=[]} | ret=SUCCESS |  
2019-08-21 09:12:58,720 | INFO  | SCMAudit | user=jenkins1000 | ip=192.168.34.50 | op=SEND_HEARTBEAT {datanodeUUID=a8271a13-8b98-4259-a956-3406fefc9571, command=[]} | ret=SUCCESS |  
2019-08-21 09:12:58,725 | INFO  | SCMAudit | user=jenkins1000 | ip=192.168.34.50 | op=SEND_HEARTBEAT {datanodeUUID=4fc6c8fa-e96e-43c4-8369-e0ca8a7014d6, command=[]} | ret=SUCCESS |  
2019-08-21 09:12:58,886 | INFO  | SCMAudit | user=jenkins1000 | ip=192.168.34.50 | op=SEND_HEARTBEAT {datanodeUUID=5ea20691-5ab9-4695-ab1d-7e722de7481e, command=[]} | ret=SUCCESS |  
2019-08-21 09:12:59,142 | INFO  | SCMAudit | user=jenkins1000 | ip=192.168.34.50 | op=SEND_HEARTBEAT {datanodeUUID=2efe7137-c334-43ac-ad86-ba58d4ed3c70, command=[]} | ret=SUCCESS |  
2019-08-21 09:12:59,291 | INFO  | SCMAudit | user=jenkins1000 | ip=192.168.34.50 | op=SEND_HEARTBEAT {datanodeUUID=328a75f0-8ecf-454d-ac4a-ee464a922ba9, command=[]} | ret=SUCCESS |  
2019-08-21 09:12:59,689 | INFO  | SCMAudit | user=jenkins1000 | ip=192.168.34.50 | op=SEND_HEARTBEAT {datanodeUUID=d93e8726-51c7-48e5-91db-a9280c3a0547, command=[]} | ret=SUCCESS |  
2019-08-21 09:12:59,699 | INFO  | SCMAudit | user=jenkins1000 | ip=192.168.34.50 | op=SEND_HEARTBEAT {datanodeUUID=b216f333-d584-463e-ac29-b520f4cc8032, command=[]} | ret=SUCCESS |  
2019-08-21 09:12:59,720 | INFO  | SCMAudit | user=jenkins1000 | ip=192.168.34.50 | op=SEND_HEARTBEAT {datanodeUUID=a8271a13-8b98-4259-a956-3406fefc9571, command=[]} | ret=SUCCESS |  
2019-08-21 09:12:59,726 | INFO  | SCMAudit | user=jenkins1000 | ip=192.168.34.50 | op=SEND_HEARTBEAT {datanodeUUID=4fc6c8fa-e96e-43c4-8369-e0ca8a7014d6, command=[]} | ret=SUCCESS |  
2019-08-21 09:12:59,885 | INFO  | SCMAudit | user=jenkins1000 | ip=192.168.34.50 | op=SEND_HEARTBEAT {datanodeUUID=5ea20691-5ab9-4695-ab1d-7e722de7481e, command=[]} | ret=SUCCESS |  
2019-08-21 09:13:00,141 | INFO  | SCMAudit | user=jenkins1000 | ip=192.168.34.50 | op=SEND_HEARTBEAT {datanodeUUID=2efe7137-c334-43ac-ad86-ba58d4ed3c70, command=[]} | ret=SUCCESS |  
2019-08-21 09:13:00,291 | INFO  | SCMAudit | user=jenkins1000 | ip=192.168.34.50 | op=SEND_HEARTBEAT {datanodeUUID=328a75f0-8ecf-454d-ac4a-ee464a922ba9, command=[]} | ret=SUCCESS |  
2019-08-21 09:13:00,378 [grpc-default-executor-1] INFO  client.GrpcClientProtocolClient (GrpcClientProtocolClient.java:onNext(255)) - client-765D7F86C248->4fc6c8fa-e96e-43c4-8369-e0ca8a7014d6: receive RaftClientReply:client-765D7F86C248->4fc6c8fa-e96e-43c4-8369-e0ca8a7014d6@group-159FDE3C55F8, cid=45, FAILED org.apache.ratis.protocol.NotLeaderException: Server 4fc6c8fa-e96e-43c4-8369-e0ca8a7014d6 is not the leader (b216f333-d584-463e-ac29-b520f4cc8032:192.168.34.50:33369). Request must be sent to leader., logIndex=0, commits[4fc6c8fa-e96e-43c4-8369-e0ca8a7014d6:c8, b216f333-d584-463e-ac29-b520f4cc8032:c8, a8271a13-8b98-4259-a956-3406fefc9571:c8]
2019-08-21 09:13:00,690 | INFO  | SCMAudit | user=jenkins1000 | ip=192.168.34.50 | op=SEND_HEARTBEAT {datanodeUUID=d93e8726-51c7-48e5-91db-a9280c3a0547, command=[]} | ret=SUCCESS |  
2019-08-21 09:13:00,699 | INFO  | SCMAudit | user=jenkins1000 | ip=192.168.34.50 | op=SEND_HEARTBEAT {datanodeUUID=b216f333-d584-463e-ac29-b520f4cc8032, command=[]} | ret=SUCCESS |  
2019-08-21 09:13:00,720 | INFO  | SCMAudit | user=jenkins1000 | ip=192.168.34.50 | op=SEND_HEARTBEAT {datanodeUUID=a8271a13-8b98-4259-a956-3406fefc9571, command=[]} | ret=SUCCESS |  
2019-08-21 09:13:00,725 | INFO  | SCMAudit | user=jenkins1000 | ip=192.168.34.50 | op=SEND_HEARTBEAT {datanodeUUID=4fc6c8fa-e96e-43c4-8369-e0ca8a7014d6, command=[]} | ret=SUCCESS |  
2019-08-21 09:13:00,885 | INFO  | SCMAudit | user=jenkins1000 | ip=192.168.34.50 | op=SEND_HEARTBEAT {datanodeUUID=5ea20691-5ab9-4695-ab1d-7e722de7481e, command=[]} | ret=SUCCESS |  
2019-08-21 09:13:01,142 | INFO  | SCMAudit | user=jenkins1000 | ip=192.168.34.50 | op=SEND_HEARTBEAT {datanodeUUID=2efe7137-c334-43ac-ad86-ba58d4ed3c70, command=[]} | ret=SUCCESS |  
2019-08-21 09:13:01,292 | INFO  | SCMAudit | user=jenkins1000 | ip=192.168.34.50 | op=SEND_HEARTBEAT {datanodeUUID=328a75f0-8ecf-454d-ac4a-ee464a922ba9, command=[]} | ret=SUCCESS |  
2019-08-21 09:13:01,691 | INFO  | SCMAudit | user=jenkins1000 | ip=192.168.34.50 | op=SEND_HEARTBEAT {datanodeUUID=d93e8726-51c7-48e5-91db-a9280c3a0547, command=[]} | ret=SUCCESS |  
2019-08-21 09:13:01,699 | INFO  | SCMAudit | user=jenkins1000 | ip=192.168.34.50 | op=SEND_HEARTBEAT {datanodeUUID=b216f333-d584-463e-ac29-b520f4cc8032, command=[]} | ret=SUCCESS |  
2019-08-21 09:13:01,721 | INFO  | SCMAudit | user=jenkins1000 | ip=192.168.34.50 | op=SEND_HEARTBEAT {datanodeUUID=a8271a13-8b98-4259-a956-3406fefc9571, command=[]} | ret=SUCCESS |  
2019-08-21 09:13:01,726 | INFO  | SCMAudit | user=jenkins1000 | ip=192.168.34.50 | op=SEND_HEARTBEAT {datanodeUUID=4fc6c8fa-e96e-43c4-8369-e0ca8a7014d6, command=[]} | ret=SUCCESS |  
2019-08-21 09:13:01,886 | INFO  | SCMAudit | user=jenkins1000 | ip=192.168.34.50 | op=SEND_HEARTBEAT {datanodeUUID=5ea20691-5ab9-4695-ab1d-7e722de7481e, command=[]} | ret=SUCCESS |  
2019-08-21 09:13:02,141 | INFO  | SCMAudit | user=jenkins1000 | ip=192.168.34.50 | op=SEND_HEARTBEAT {datanodeUUID=2efe7137-c334-43ac-ad86-ba58d4ed3c70, command=[]} | ret=SUCCESS |  
2019-08-21 09:13:02,292 | INFO  | SCMAudit | user=jenkins1000 | ip=192.168.34.50 | op=SEND_HEARTBEAT {datanodeUUID=328a75f0-8ecf-454d-ac4a-ee464a922ba9, command=[]} | ret=SUCCESS |  
2019-08-21 09:13:02,690 | INFO  | SCMAudit | user=jenkins1000 | ip=192.168.34.50 | op=SEND_HEARTBEAT {datanodeUUID=d93e8726-51c7-48e5-91db-a9280c3a0547, command=[]} | ret=SUCCESS |  
2019-08-21 09:13:02,700 | INFO  | SCMAudit | user=jenkins1000 | ip=192.168.34.50 | op=SEND_HEARTBEAT {datanodeUUID=b216f333-d584-463e-ac29-b520f4cc8032, command=[]} | ret=SUCCESS |  
2019-08-21 09:13:02,721 | INFO  | SCMAudit | user=jenkins1000 | ip=192.168.34.50 | op=SEND_HEARTBEAT {datanodeUUID=a8271a13-8b98-4259-a956-3406fefc9571, command=[]} | ret=SUCCESS |  
2019-08-21 09:13:02,727 | INFO  | SCMAudit | user=jenkins1000 | ip=192.168.34.50 | op=SEND_HEARTBEAT {datanodeUUID=4fc6c8fa-e96e-43c4-8369-e0ca8a7014d6, command=[]} | ret=SUCCESS |  
2019-08-21 09:13:02,885 | INFO  | SCMAudit | user=jenkins1000 | ip=192.168.34.50 | op=SEND_HEARTBEAT {datanodeUUID=5ea20691-5ab9-4695-ab1d-7e722de7481e, command=[]} | ret=SUCCESS |  
2019-08-21 09:13:03,142 | INFO  | SCMAudit | user=jenkins1000 | ip=192.168.34.50 | op=SEND_HEARTBEAT {datanodeUUID=2efe7137-c334-43ac-ad86-ba58d4ed3c70, command=[]} | ret=SUCCESS |  
2019-08-21 09:13:03,292 | INFO  | SCMAudit | user=jenkins1000 | ip=192.168.34.50 | op=SEND_HEARTBEAT {datanodeUUID=328a75f0-8ecf-454d-ac4a-ee464a922ba9, command=[]} | ret=SUCCESS |  
2019-08-21 09:13:03,691 | INFO  | SCMAudit | user=jenkins1000 | ip=192.168.34.50 | op=SEND_HEARTBEAT {datanodeUUID=d93e8726-51c7-48e5-91db-a9280c3a0547, command=[]} | ret=SUCCESS |  
2019-08-21 09:13:03,699 | INFO  | SCMAudit | user=jenkins1000 | ip=192.168.34.50 | op=SEND_HEARTBEAT {datanodeUUID=b216f333-d584-463e-ac29-b520f4cc8032, command=[]} | ret=SUCCESS |  
2019-08-21 09:13:03,721 | INFO  | SCMAudit | user=jenkins1000 | ip=192.168.34.50 | op=SEND_HEARTBEAT {datanodeUUID=a8271a13-8b98-4259-a956-3406fefc9571, command=[]} | ret=SUCCESS |  
2019-08-21 09:13:03,727 | INFO  | SCMAudit | user=jenkins1000 | ip=192.168.34.50 | op=SEND_HEARTBEAT {datanodeUUID=4fc6c8fa-e96e-43c4-8369-e0ca8a7014d6, command=[]} | ret=SUCCESS |  
2019-08-21 09:13:03,886 | INFO  | SCMAudit | user=jenkins1000 | ip=192.168.34.50 | op=SEND_HEARTBEAT {datanodeUUID=5ea20691-5ab9-4695-ab1d-7e722de7481e, command=[]} | ret=SUCCESS |  
2019-08-21 09:13:04,142 | INFO  | SCMAudit | user=jenkins1000 | ip=192.168.34.50 | op=SEND_HEARTBEAT {datanodeUUID=2efe7137-c334-43ac-ad86-ba58d4ed3c70, command=[]} | ret=SUCCESS |  
2019-08-21 09:13:04,292 | INFO  | SCMAudit | user=jenkins1000 | ip=192.168.34.50 | op=SEND_HEARTBEAT {datanodeUUID=328a75f0-8ecf-454d-ac4a-ee464a922ba9, command=[]} | ret=SUCCESS |  
2019-08-21 09:13:04,691 | INFO  | SCMAudit | user=jenkins1000 | ip=192.168.34.50 | op=SEND_HEARTBEAT {datanodeUUID=d93e8726-51c7-48e5-91db-a9280c3a0547, command=[]} | ret=SUCCESS |  
2019-08-21 09:13:04,699 | INFO  | SCMAudit | user=jenkins1000 | ip=192.168.34.50 | op=SEND_HEARTBEAT {datanodeUUID=b216f333-d584-463e-ac29-b520f4cc8032, command=[]} | ret=SUCCESS |  
2019-08-21 09:13:04,722 | INFO  | SCMAudit | user=jenkins1000 | ip=192.168.34.50 | op=SEND_HEARTBEAT {datanodeUUID=a8271a13-8b98-4259-a956-3406fefc9571, command=[]} | ret=SUCCESS |  
2019-08-21 09:13:04,726 | INFO  | SCMAudit | user=jenkins1000 | ip=192.168.34.50 | op=SEND_HEARTBEAT {datanodeUUID=4fc6c8fa-e96e-43c4-8369-e0ca8a7014d6, command=[]} | ret=SUCCESS |  
2019-08-21 09:13:04,885 | INFO  | SCMAudit | user=jenkins1000 | ip=192.168.34.50 | op=SEND_HEARTBEAT {datanodeUUID=5ea20691-5ab9-4695-ab1d-7e722de7481e, command=[]} | ret=SUCCESS |  
2019-08-21 09:13:05,141 | INFO  | SCMAudit | user=jenkins1000 | ip=192.168.34.50 | op=SEND_HEARTBEAT {datanodeUUID=2efe7137-c334-43ac-ad86-ba58d4ed3c70, command=[]} | ret=SUCCESS |  
2019-08-21 09:13:05,291 | INFO  | SCMAudit | user=jenkins1000 | ip=192.168.34.50 | op=SEND_HEARTBEAT {datanodeUUID=328a75f0-8ecf-454d-ac4a-ee464a922ba9, command=[]} | ret=SUCCESS |  
2019-08-21 09:13:05,423 [grpc-default-executor-0] INFO  client.GrpcClientProtocolClient (GrpcClientProtocolClient.java:onNext(255)) - client-765D7F86C248->a8271a13-8b98-4259-a956-3406fefc9571: receive RaftClientReply:client-765D7F86C248->a8271a13-8b98-4259-a956-3406fefc9571@group-159FDE3C55F8, cid=45, FAILED org.apache.ratis.protocol.NotLeaderException: Server a8271a13-8b98-4259-a956-3406fefc9571 is not the leader (b216f333-d584-463e-ac29-b520f4cc8032:192.168.34.50:33369). Request must be sent to leader., logIndex=0, commits[a8271a13-8b98-4259-a956-3406fefc9571:c8, 4fc6c8fa-e96e-43c4-8369-e0ca8a7014d6:c8, b216f333-d584-463e-ac29-b520f4cc8032:c8]
2019-08-21 09:13:05,691 | INFO  | SCMAudit | user=jenkins1000 | ip=192.168.34.50 | op=SEND_HEARTBEAT {datanodeUUID=d93e8726-51c7-48e5-91db-a9280c3a0547, command=[]} | ret=SUCCESS |  
2019-08-21 09:13:05,700 | INFO  | SCMAudit | user=jenkins1000 | ip=192.168.34.50 | op=SEND_HEARTBEAT {datanodeUUID=b216f333-d584-463e-ac29-b520f4cc8032, command=[]} | ret=SUCCESS |  
2019-08-21 09:13:05,721 | INFO  | SCMAudit | user=jenkins1000 | ip=192.168.34.50 | op=SEND_HEARTBEAT {datanodeUUID=a8271a13-8b98-4259-a956-3406fefc9571, command=[]} | ret=SUCCESS |  
2019-08-21 09:13:05,727 | INFO  | SCMAudit | user=jenkins1000 | ip=192.168.34.50 | op=SEND_HEARTBEAT {datanodeUUID=4fc6c8fa-e96e-43c4-8369-e0ca8a7014d6, command=[]} | ret=SUCCESS |  
2019-08-21 09:13:05,886 | INFO  | SCMAudit | user=jenkins1000 | ip=192.168.34.50 | op=SEND_HEARTBEAT {datanodeUUID=5ea20691-5ab9-4695-ab1d-7e722de7481e, command=[]} | ret=SUCCESS |  
2019-08-21 09:13:06,142 | INFO  | SCMAudit | user=jenkins1000 | ip=192.168.34.50 | op=SEND_HEARTBEAT {datanodeUUID=2efe7137-c334-43ac-ad86-ba58d4ed3c70, command=[]} | ret=SUCCESS |  
2019-08-21 09:13:06,292 | INFO  | SCMAudit | user=jenkins1000 | ip=192.168.34.50 | op=SEND_HEARTBEAT {datanodeUUID=328a75f0-8ecf-454d-ac4a-ee464a922ba9, command=[]} | ret=SUCCESS |  
2019-08-21 09:13:06,692 | INFO  | SCMAudit | user=jenkins1000 | ip=192.168.34.50 | op=SEND_HEARTBEAT {datanodeUUID=d93e8726-51c7-48e5-91db-a9280c3a0547, command=[]} | ret=SUCCESS |  
2019-08-21 09:13:06,700 | INFO  | SCMAudit | user=jenkins1000 | ip=192.168.34.50 | op=SEND_HEARTBEAT {datanodeUUID=b216f333-d584-463e-ac29-b520f4cc8032, command=[]} | ret=SUCCESS |  
2019-08-21 09:13:06,722 | INFO  | SCMAudit | user=jenkins1000 | ip=192.168.34.50 | op=SEND_HEARTBEAT {datanodeUUID=a8271a13-8b98-4259-a956-3406fefc9571, command=[]} | ret=SUCCESS |  
2019-08-21 09:13:06,726 | INFO  | SCMAudit | user=jenkins1000 | ip=192.168.34.50 | op=SEND_HEARTBEAT {datanodeUUID=4fc6c8fa-e96e-43c4-8369-e0ca8a7014d6, command=[]} | ret=SUCCESS |  
2019-08-21 09:13:06,886 | INFO  | SCMAudit | user=jenkins1000 | ip=192.168.34.50 | op=SEND_HEARTBEAT {datanodeUUID=5ea20691-5ab9-4695-ab1d-7e722de7481e, command=[]} | ret=SUCCESS |  
2019-08-21 09:13:07,142 | INFO  | SCMAudit | user=jenkins1000 | ip=192.168.34.50 | op=SEND_HEARTBEAT {datanodeUUID=2efe7137-c334-43ac-ad86-ba58d4ed3c70, command=[]} | ret=SUCCESS |  
2019-08-21 09:13:07,291 | INFO  | SCMAudit | user=jenkins1000 | ip=192.168.34.50 | op=SEND_HEARTBEAT {datanodeUUID=328a75f0-8ecf-454d-ac4a-ee464a922ba9, command=[]} | ret=SUCCESS |  
2019-08-21 09:13:07,692 | INFO  | SCMAudit | user=jenkins1000 | ip=192.168.34.50 | op=SEND_HEARTBEAT {datanodeUUID=d93e8726-51c7-48e5-91db-a9280c3a0547, command=[]} | ret=SUCCESS |  
2019-08-21 09:13:07,699 | INFO  | SCMAudit | user=jenkins1000 | ip=192.168.34.50 | op=SEND_HEARTBEAT {datanodeUUID=b216f333-d584-463e-ac29-b520f4cc8032, command=[]} | ret=SUCCESS |  
2019-08-21 09:13:07,721 | INFO  | SCMAudit | user=jenkins1000 | ip=192.168.34.50 | op=SEND_HEARTBEAT {datanodeUUID=a8271a13-8b98-4259-a956-3406fefc9571, command=[]} | ret=SUCCESS |  
2019-08-21 09:13:07,727 | INFO  | SCMAudit | user=jenkins1000 | ip=192.168.34.50 | op=SEND_HEARTBEAT {datanodeUUID=4fc6c8fa-e96e-43c4-8369-e0ca8a7014d6, command=[]} | ret=SUCCESS |  
2019-08-21 09:13:07,886 | INFO  | SCMAudit | user=jenkins1000 | ip=192.168.34.50 | op=SEND_HEARTBEAT {datanodeUUID=5ea20691-5ab9-4695-ab1d-7e722de7481e, command=[]} | ret=SUCCESS |  
2019-08-21 09:13:08,142 | INFO  | SCMAudit | user=jenkins1000 | ip=192.168.34.50 | op=SEND_HEARTBEAT {datanodeUUID=2efe7137-c334-43ac-ad86-ba58d4ed3c70, command=[]} | ret=SUCCESS |  
2019-08-21 09:13:08,292 | INFO  | SCMAudit | user=jenkins1000 | ip=192.168.34.50 | op=SEND_HEARTBEAT {datanodeUUID=328a75f0-8ecf-454d-ac4a-ee464a922ba9, command=[]} | ret=SUCCESS |  
2019-08-21 09:13:08,691 | INFO  | SCMAudit | user=jenkins1000 | ip=192.168.34.50 | op=SEND_HEARTBEAT {datanodeUUID=d93e8726-51c7-48e5-91db-a9280c3a0547, command=[]} | ret=SUCCESS |  
2019-08-21 09:13:08,700 | INFO  | SCMAudit | user=jenkins1000 | ip=192.168.34.50 | op=SEND_HEARTBEAT {datanodeUUID=b216f333-d584-463e-ac29-b520f4cc8032, command=[]} | ret=SUCCESS |  
2019-08-21 09:13:08,722 | INFO  | SCMAudit | user=jenkins1000 | ip=192.168.34.50 | op=SEND_HEARTBEAT {datanodeUUID=a8271a13-8b98-4259-a956-3406fefc9571, command=[]} | ret=SUCCESS |  
2019-08-21 09:13:08,726 | INFO  | SCMAudit | user=jenkins1000 | ip=192.168.34.50 | op=SEND_HEARTBEAT {datanodeUUID=4fc6c8fa-e96e-43c4-8369-e0ca8a7014d6, command=[]} | ret=SUCCESS |  
2019-08-21 09:13:08,886 | INFO  | SCMAudit | user=jenkins1000 | ip=192.168.34.50 | op=SEND_HEARTBEAT {datanodeUUID=5ea20691-5ab9-4695-ab1d-7e722de7481e, command=[]} | ret=SUCCESS |  
2019-08-21 09:13:09,142 | INFO  | SCMAudit | user=jenkins1000 | ip=192.168.34.50 | op=SEND_HEARTBEAT {datanodeUUID=2efe7137-c334-43ac-ad86-ba58d4ed3c70, command=[]} | ret=SUCCESS |  
2019-08-21 09:13:09,292 | INFO  | SCMAudit | user=jenkins1000 | ip=192.168.34.50 | op=SEND_HEARTBEAT {datanodeUUID=328a75f0-8ecf-454d-ac4a-ee464a922ba9, command=[]} | ret=SUCCESS |  
2019-08-21 09:13:09,692 | INFO  | SCMAudit | user=jenkins1000 | ip=192.168.34.50 | op=SEND_HEARTBEAT {datanodeUUID=d93e8726-51c7-48e5-91db-a9280c3a0547, command=[]} | ret=SUCCESS |  
2019-08-21 09:13:09,700 | INFO  | SCMAudit | user=jenkins1000 | ip=192.168.34.50 | op=SEND_HEARTBEAT {datanodeUUID=b216f333-d584-463e-ac29-b520f4cc8032, command=[]} | ret=SUCCESS |  
2019-08-21 09:13:09,722 | INFO  | SCMAudit | user=jenkins1000 | ip=192.168.34.50 | op=SEND_HEARTBEAT {datanodeUUID=a8271a13-8b98-4259-a956-3406fefc9571, command=[]} | ret=SUCCESS |  
2019-08-21 09:13:09,727 | INFO  | SCMAudit | user=jenkins1000 | ip=192.168.34.50 | op=SEND_HEARTBEAT {datanodeUUID=4fc6c8fa-e96e-43c4-8369-e0ca8a7014d6, command=[]} | ret=SUCCESS |  
2019-08-21 09:13:09,887 | INFO  | SCMAudit | user=jenkins1000 | ip=192.168.34.50 | op=SEND_HEARTBEAT {datanodeUUID=5ea20691-5ab9-4695-ab1d-7e722de7481e, command=[]} | ret=SUCCESS |  
2019-08-21 09:13:10,143 | INFO  | SCMAudit | user=jenkins1000 | ip=192.168.34.50 | op=SEND_HEARTBEAT {datanodeUUID=2efe7137-c334-43ac-ad86-ba58d4ed3c70, command=[]} | ret=SUCCESS |  
2019-08-21 09:13:10,291 | INFO  | SCMAudit | user=jenkins1000 | ip=192.168.34.50 | op=SEND_HEARTBEAT {datanodeUUID=328a75f0-8ecf-454d-ac4a-ee464a922ba9, command=[]} | ret=SUCCESS |  
2019-08-21 09:13:10,477 [grpc-default-executor-0] INFO  client.GrpcClientProtocolClient (GrpcClientProtocolClient.java:onNext(255)) - client-765D7F86C248->a8271a13-8b98-4259-a956-3406fefc9571: receive RaftClientReply:client-765D7F86C248->a8271a13-8b98-4259-a956-3406fefc9571@group-159FDE3C55F8, cid=45, FAILED org.apache.ratis.protocol.NotLeaderException: Server a8271a13-8b98-4259-a956-3406fefc9571 is not the leader (b216f333-d584-463e-ac29-b520f4cc8032:192.168.34.50:33369). Request must be sent to leader., logIndex=0, commits[a8271a13-8b98-4259-a956-3406fefc9571:c8, 4fc6c8fa-e96e-43c4-8369-e0ca8a7014d6:c8, b216f333-d584-463e-ac29-b520f4cc8032:c8]
2019-08-21 09:13:10,693 | INFO  | SCMAudit | user=jenkins1000 | ip=192.168.34.50 | op=SEND_HEARTBEAT {datanodeUUID=d93e8726-51c7-48e5-91db-a9280c3a0547, command=[]} | ret=SUCCESS |  
2019-08-21 09:13:10,700 | INFO  | SCMAudit | user=jenkins1000 | ip=192.168.34.50 | op=SEND_HEARTBEAT {datanodeUUID=b216f333-d584-463e-ac29-b520f4cc8032, command=[]} | ret=SUCCESS |  
2019-08-21 09:13:10,722 | INFO  | SCMAudit | user=jenkins1000 | ip=192.168.34.50 | op=SEND_HEARTBEAT {datanodeUUID=a8271a13-8b98-4259-a956-3406fefc9571, command=[]} | ret=SUCCESS |  
2019-08-21 09:13:10,726 | INFO  | SCMAudit | user=jenkins1000 | ip=192.168.34.50 | op=SEND_HEARTBEAT {datanodeUUID=4fc6c8fa-e96e-43c4-8369-e0ca8a7014d6, command=[]} | ret=SUCCESS |  
2019-08-21 09:13:10,887 | INFO  | SCMAudit | user=jenkins1000 | ip=192.168.34.50 | op=SEND_HEARTBEAT {datanodeUUID=5ea20691-5ab9-4695-ab1d-7e722de7481e, command=[]} | ret=SUCCESS |  
2019-08-21 09:13:11,144 | INFO  | SCMAudit | user=jenkins1000 | ip=192.168.34.50 | op=SEND_HEARTBEAT {datanodeUUID=2efe7137-c334-43ac-ad86-ba58d4ed3c70, command=[]} | ret=SUCCESS |  
2019-08-21 09:13:11,292 | INFO  | SCMAudit | user=jenkins1000 | ip=192.168.34.50 | op=SEND_HEARTBEAT {datanodeUUID=328a75f0-8ecf-454d-ac4a-ee464a922ba9, command=[]} | ret=SUCCESS |  
2019-08-21 09:13:11,693 | INFO  | SCMAudit | user=jenkins1000 | ip=192.168.34.50 | op=SEND_HEARTBEAT {datanodeUUID=d93e8726-51c7-48e5-91db-a9280c3a0547, command=[]} | ret=SUCCESS |  
2019-08-21 09:13:11,700 | INFO  | SCMAudit | user=jenkins1000 | ip=192.168.34.50 | op=SEND_HEARTBEAT {datanodeUUID=b216f333-d584-463e-ac29-b520f4cc8032, command=[]} | ret=SUCCESS |  
2019-08-21 09:13:11,722 | INFO  | SCMAudit | user=jenkins1000 | ip=192.168.34.50 | op=SEND_HEARTBEAT {datanodeUUID=a8271a13-8b98-4259-a956-3406fefc9571, command=[]} | ret=SUCCESS |  
2019-08-21 09:13:11,726 | INFO  | SCMAudit | user=jenkins1000 | ip=192.168.34.50 | op=SEND_HEARTBEAT {datanodeUUID=4fc6c8fa-e96e-43c4-8369-e0ca8a7014d6, command=[]} | ret=SUCCESS |  
2019-08-21 09:13:11,888 | INFO  | SCMAudit | user=jenkins1000 | ip=192.168.34.50 | op=SEND_HEARTBEAT {datanodeUUID=5ea20691-5ab9-4695-ab1d-7e722de7481e, command=[]} | ret=SUCCESS |  
2019-08-21 09:13:12,144 | INFO  | SCMAudit | user=jenkins1000 | ip=192.168.34.50 | op=SEND_HEARTBEAT {datanodeUUID=2efe7137-c334-43ac-ad86-ba58d4ed3c70, command=[]} | ret=SUCCESS |  
2019-08-21 09:13:12,291 | INFO  | SCMAudit | user=jenkins1000 | ip=192.168.34.50 | op=SEND_HEARTBEAT {datanodeUUID=328a75f0-8ecf-454d-ac4a-ee464a922ba9, command=[]} | ret=SUCCESS |  
2019-08-21 09:13:12,693 | INFO  | SCMAudit | user=jenkins1000 | ip=192.168.34.50 | op=SEND_HEARTBEAT {datanodeUUID=d93e8726-51c7-48e5-91db-a9280c3a0547, command=[]} | ret=SUCCESS |  
2019-08-21 09:13:12,701 | INFO  | SCMAudit | user=jenkins1000 | ip=192.168.34.50 | op=SEND_HEARTBEAT {datanodeUUID=b216f333-d584-463e-ac29-b520f4cc8032, command=[]} | ret=SUCCESS |  
2019-08-21 09:13:12,722 | INFO  | SCMAudit | user=jenkins1000 | ip=192.168.34.50 | op=SEND_HEARTBEAT {datanodeUUID=a8271a13-8b98-4259-a956-3406fefc9571, command=[]} | ret=SUCCESS |  
2019-08-21 09:13:12,726 | INFO  | SCMAudit | user=jenkins1000 | ip=192.168.34.50 | op=SEND_HEARTBEAT {datanodeUUID=4fc6c8fa-e96e-43c4-8369-e0ca8a7014d6, command=[]} | ret=SUCCESS |  
2019-08-21 09:13:12,890 | INFO  | SCMAudit | user=jenkins1000 | ip=192.168.34.50 | op=SEND_HEARTBEAT {datanodeUUID=5ea20691-5ab9-4695-ab1d-7e722de7481e, command=[]} | ret=SUCCESS |  
2019-08-21 09:13:13,146 | INFO  | SCMAudit | user=jenkins1000 | ip=192.168.34.50 | op=SEND_HEARTBEAT {datanodeUUID=2efe7137-c334-43ac-ad86-ba58d4ed3c70, command=[]} | ret=SUCCESS |  
2019-08-21 09:13:13,292 | INFO  | SCMAudit | user=jenkins1000 | ip=192.168.34.50 | op=SEND_HEARTBEAT {datanodeUUID=328a75f0-8ecf-454d-ac4a-ee464a922ba9, command=[]} | ret=SUCCESS |  
2019-08-21 09:13:13,694 | INFO  | SCMAudit | user=jenkins1000 | ip=192.168.34.50 | op=SEND_HEARTBEAT {datanodeUUID=d93e8726-51c7-48e5-91db-a9280c3a0547, command=[]} | ret=SUCCESS |  
2019-08-21 09:13:13,700 | INFO  | SCMAudit | user=jenkins1000 | ip=192.168.34.50 | op=SEND_HEARTBEAT {datanodeUUID=b216f333-d584-463e-ac29-b520f4cc8032, command=[]} | ret=SUCCESS |  
2019-08-21 09:13:13,723 | INFO  | SCMAudit | user=jenkins1000 | ip=192.168.34.50 | op=SEND_HEARTBEAT {datanodeUUID=a8271a13-8b98-4259-a956-3406fefc9571, command=[]} | ret=SUCCESS |  
2019-08-21 09:13:13,727 | INFO  | SCMAudit | user=jenkins1000 | ip=192.168.34.50 | op=SEND_HEARTBEAT {datanodeUUID=4fc6c8fa-e96e-43c4-8369-e0ca8a7014d6, command=[]} | ret=SUCCESS |  
2019-08-21 09:13:13,890 | INFO  | SCMAudit | user=jenkins1000 | ip=192.168.34.50 | op=SEND_HEARTBEAT {datanodeUUID=5ea20691-5ab9-4695-ab1d-7e722de7481e, command=[]} | ret=SUCCESS |  
2019-08-21 09:13:14,144 | INFO  | SCMAudit | user=jenkins1000 | ip=192.168.34.50 | op=SEND_HEARTBEAT {datanodeUUID=2efe7137-c334-43ac-ad86-ba58d4ed3c70, command=[]} | ret=SUCCESS |  
2019-08-21 09:13:14,291 | INFO  | SCMAudit | user=jenkins1000 | ip=192.168.34.50 | op=SEND_HEARTBEAT {datanodeUUID=328a75f0-8ecf-454d-ac4a-ee464a922ba9, command=[]} | ret=SUCCESS |  
2019-08-21 09:13:14,694 | INFO  | SCMAudit | user=jenkins1000 | ip=192.168.34.50 | op=SEND_HEARTBEAT {datanodeUUID=d93e8726-51c7-48e5-91db-a9280c3a0547, command=[]} | ret=SUCCESS |  
2019-08-21 09:13:14,700 | INFO  | SCMAudit | user=jenkins1000 | ip=192.168.34.50 | op=SEND_HEARTBEAT {datanodeUUID=b216f333-d584-463e-ac29-b520f4cc8032, command=[]} | ret=SUCCESS |  
2019-08-21 09:13:14,723 | INFO  | SCMAudit | user=jenkins1000 | ip=192.168.34.50 | op=SEND_HEARTBEAT {datanodeUUID=a8271a13-8b98-4259-a956-3406fefc9571, command=[]} | ret=SUCCESS |  
2019-08-21 09:13:14,727 | INFO  | SCMAudit | user=jenkins1000 | ip=192.168.34.50 | op=SEND_HEARTBEAT {datanodeUUID=4fc6c8fa-e96e-43c4-8369-e0ca8a7014d6, command=[]} | ret=SUCCESS |  
2019-08-21 09:13:14,891 | INFO  | SCMAudit | user=jenkins1000 | ip=192.168.34.50 | op=SEND_HEARTBEAT {datanodeUUID=5ea20691-5ab9-4695-ab1d-7e722de7481e, command=[]} | ret=SUCCESS |  
2019-08-21 09:13:15,145 | INFO  | SCMAudit | user=jenkins1000 | ip=192.168.34.50 | op=SEND_HEARTBEAT {datanodeUUID=2efe7137-c334-43ac-ad86-ba58d4ed3c70, command=[]} | ret=SUCCESS |  
2019-08-21 09:13:15,292 | INFO  | SCMAudit | user=jenkins1000 | ip=192.168.34.50 | op=SEND_HEARTBEAT {datanodeUUID=328a75f0-8ecf-454d-ac4a-ee464a922ba9, command=[]} | ret=SUCCESS |  
2019-08-21 09:13:15,516 [grpc-default-executor-1] INFO  client.GrpcClientProtocolClient (GrpcClientProtocolClient.java:onNext(255)) - client-765D7F86C248->a8271a13-8b98-4259-a956-3406fefc9571: receive RaftClientReply:client-765D7F86C248->a8271a13-8b98-4259-a956-3406fefc9571@group-159FDE3C55F8, cid=45, FAILED org.apache.ratis.protocol.NotLeaderException: Server a8271a13-8b98-4259-a956-3406fefc9571 is not the leader (b216f333-d584-463e-ac29-b520f4cc8032:192.168.34.50:33369). Request must be sent to leader., logIndex=0, commits[a8271a13-8b98-4259-a956-3406fefc9571:c8, 4fc6c8fa-e96e-43c4-8369-e0ca8a7014d6:c8, b216f333-d584-463e-ac29-b520f4cc8032:c8]
2019-08-21 09:13:15,694 | INFO  | SCMAudit | user=jenkins1000 | ip=192.168.34.50 | op=SEND_HEARTBEAT {datanodeUUID=d93e8726-51c7-48e5-91db-a9280c3a0547, command=[]} | ret=SUCCESS |  
2019-08-21 09:13:15,700 | INFO  | SCMAudit | user=jenkins1000 | ip=192.168.34.50 | op=SEND_HEARTBEAT {datanodeUUID=b216f333-d584-463e-ac29-b520f4cc8032, command=[]} | ret=SUCCESS |  
2019-08-21 09:13:15,723 | INFO  | SCMAudit | user=jenkins1000 | ip=192.168.34.50 | op=SEND_HEARTBEAT {datanodeUUID=a8271a13-8b98-4259-a956-3406fefc9571, command=[]} | ret=SUCCESS |  
2019-08-21 09:13:15,727 | INFO  | SCMAudit | user=jenkins1000 | ip=192.168.34.50 | op=SEND_HEARTBEAT {datanodeUUID=4fc6c8fa-e96e-43c4-8369-e0ca8a7014d6, command=[]} | ret=SUCCESS |  
2019-08-21 09:13:15,891 | INFO  | SCMAudit | user=jenkins1000 | ip=192.168.34.50 | op=SEND_HEARTBEAT {datanodeUUID=5ea20691-5ab9-4695-ab1d-7e722de7481e, command=[]} | ret=SUCCESS |  
2019-08-21 09:13:16,144 | INFO  | SCMAudit | user=jenkins1000 | ip=192.168.34.50 | op=SEND_HEARTBEAT {datanodeUUID=2efe7137-c334-43ac-ad86-ba58d4ed3c70, command=[]} | ret=SUCCESS |  
2019-08-21 09:13:16,291 | INFO  | SCMAudit | user=jenkins1000 | ip=192.168.34.50 | op=SEND_HEARTBEAT {datanodeUUID=328a75f0-8ecf-454d-ac4a-ee464a922ba9, command=[]} | ret=SUCCESS |  
2019-08-21 09:13:16,693 | INFO  | SCMAudit | user=jenkins1000 | ip=192.168.34.50 | op=SEND_HEARTBEAT {datanodeUUID=d93e8726-51c7-48e5-91db-a9280c3a0547, command=[]} | ret=SUCCESS |  
2019-08-21 09:13:16,700 | INFO  | SCMAudit | user=jenkins1000 | ip=192.168.34.50 | op=SEND_HEARTBEAT {datanodeUUID=b216f333-d584-463e-ac29-b520f4cc8032, command=[]} | ret=SUCCESS |  
2019-08-21 09:13:16,723 | INFO  | SCMAudit | user=jenkins1000 | ip=192.168.34.50 | op=SEND_HEARTBEAT {datanodeUUID=a8271a13-8b98-4259-a956-3406fefc9571, command=[]} | ret=SUCCESS |  
2019-08-21 09:13:16,727 | INFO  | SCMAudit | user=jenkins1000 | ip=192.168.34.50 | op=SEND_HEARTBEAT {datanodeUUID=4fc6c8fa-e96e-43c4-8369-e0ca8a7014d6, command=[]} | ret=SUCCESS |  
2019-08-21 09:13:16,890 | INFO  | SCMAudit | user=jenkins1000 | ip=192.168.34.50 | op=SEND_HEARTBEAT {datanodeUUID=5ea20691-5ab9-4695-ab1d-7e722de7481e, command=[]} | ret=SUCCESS |  
2019-08-21 09:13:17,145 | INFO  | SCMAudit | user=jenkins1000 | ip=192.168.34.50 | op=SEND_HEARTBEAT {datanodeUUID=2efe7137-c334-43ac-ad86-ba58d4ed3c70, command=[]} | ret=SUCCESS |  
2019-08-21 09:13:17,291 | INFO  | SCMAudit | user=jenkins1000 | ip=192.168.34.50 | op=SEND_HEARTBEAT {datanodeUUID=328a75f0-8ecf-454d-ac4a-ee464a922ba9, command=[]} | ret=SUCCESS |  
2019-08-21 09:13:17,694 | INFO  | SCMAudit | user=jenkins1000 | ip=192.168.34.50 | op=SEND_HEARTBEAT {datanodeUUID=d93e8726-51c7-48e5-91db-a9280c3a0547, command=[]} | ret=SUCCESS |  
2019-08-21 09:13:17,700 | INFO  | SCMAudit | user=jenkins1000 | ip=192.168.34.50 | op=SEND_HEARTBEAT {datanodeUUID=b216f333-d584-463e-ac29-b520f4cc8032, command=[]} | ret=SUCCESS |  
2019-08-21 09:13:17,723 | INFO  | SCMAudit | user=jenkins1000 | ip=192.168.34.50 | op=SEND_HEARTBEAT {datanodeUUID=a8271a13-8b98-4259-a956-3406fefc9571, command=[]} | ret=SUCCESS |  
2019-08-21 09:13:17,727 | INFO  | SCMAudit | user=jenkins1000 | ip=192.168.34.50 | op=SEND_HEARTBEAT {datanodeUUID=4fc6c8fa-e96e-43c4-8369-e0ca8a7014d6, command=[]} | ret=SUCCESS |  
2019-08-21 09:13:17,890 | INFO  | SCMAudit | user=jenkins1000 | ip=192.168.34.50 | op=SEND_HEARTBEAT {datanodeUUID=5ea20691-5ab9-4695-ab1d-7e722de7481e, command=[]} | ret=SUCCESS |  
2019-08-21 09:13:18,144 | INFO  | SCMAudit | user=jenkins1000 | ip=192.168.34.50 | op=SEND_HEARTBEAT {datanodeUUID=2efe7137-c334-43ac-ad86-ba58d4ed3c70, command=[]} | ret=SUCCESS |  
2019-08-21 09:13:18,291 | INFO  | SCMAudit | user=jenkins1000 | ip=192.168.34.50 | op=SEND_HEARTBEAT {datanodeUUID=328a75f0-8ecf-454d-ac4a-ee464a922ba9, command=[]} | ret=SUCCESS |  
2019-08-21 09:13:18,693 | INFO  | SCMAudit | user=jenkins1000 | ip=192.168.34.50 | op=SEND_HEARTBEAT {datanodeUUID=d93e8726-51c7-48e5-91db-a9280c3a0547, command=[]} | ret=SUCCESS |  
2019-08-21 09:13:18,700 | INFO  | SCMAudit | user=jenkins1000 | ip=192.168.34.50 | op=SEND_HEARTBEAT {datanodeUUID=b216f333-d584-463e-ac29-b520f4cc8032, command=[]} | ret=SUCCESS |  
2019-08-21 09:13:18,724 | INFO  | SCMAudit | user=jenkins1000 | ip=192.168.34.50 | op=SEND_HEARTBEAT {datanodeUUID=a8271a13-8b98-4259-a956-3406fefc9571, command=[]} | ret=SUCCESS |  
2019-08-21 09:13:18,728 | INFO  | SCMAudit | user=jenkins1000 | ip=192.168.34.50 | op=SEND_HEARTBEAT {datanodeUUID=4fc6c8fa-e96e-43c4-8369-e0ca8a7014d6, command=[]} | ret=SUCCESS |  
2019-08-21 09:13:18,891 | INFO  | SCMAudit | user=jenkins1000 | ip=192.168.34.50 | op=SEND_HEARTBEAT {datanodeUUID=5ea20691-5ab9-4695-ab1d-7e722de7481e, command=[]} | ret=SUCCESS |  
2019-08-21 09:13:19,145 | INFO  | SCMAudit | user=jenkins1000 | ip=192.168.34.50 | op=SEND_HEARTBEAT {datanodeUUID=2efe7137-c334-43ac-ad86-ba58d4ed3c70, command=[]} | ret=SUCCESS |  
2019-08-21 09:13:19,292 | INFO  | SCMAudit | user=jenkins1000 | ip=192.168.34.50 | op=SEND_HEARTBEAT {datanodeUUID=328a75f0-8ecf-454d-ac4a-ee464a922ba9, command=[]} | ret=SUCCESS |  
2019-08-21 09:13:19,694 | INFO  | SCMAudit | user=jenkins1000 | ip=192.168.34.50 | op=SEND_HEARTBEAT {datanodeUUID=d93e8726-51c7-48e5-91db-a9280c3a0547, command=[]} | ret=SUCCESS |  
2019-08-21 09:13:19,700 | INFO  | SCMAudit | user=jenkins1000 | ip=192.168.34.50 | op=SEND_HEARTBEAT {datanodeUUID=b216f333-d584-463e-ac29-b520f4cc8032, command=[]} | ret=SUCCESS |  
2019-08-21 09:13:19,724 | INFO  | SCMAudit | user=jenkins1000 | ip=192.168.34.50 | op=SEND_HEARTBEAT {datanodeUUID=a8271a13-8b98-4259-a956-3406fefc9571, command=[]} | ret=SUCCESS |  
2019-08-21 09:13:19,728 | INFO  | SCMAudit | user=jenkins1000 | ip=192.168.34.50 | op=SEND_HEARTBEAT {datanodeUUID=4fc6c8fa-e96e-43c4-8369-e0ca8a7014d6, command=[]} | ret=SUCCESS |  
2019-08-21 09:13:19,891 | INFO  | SCMAudit | user=jenkins1000 | ip=192.168.34.50 | op=SEND_HEARTBEAT {datanodeUUID=5ea20691-5ab9-4695-ab1d-7e722de7481e, command=[]} | ret=SUCCESS |  
2019-08-21 09:13:20,144 | INFO  | SCMAudit | user=jenkins1000 | ip=192.168.34.50 | op=SEND_HEARTBEAT {datanodeUUID=2efe7137-c334-43ac-ad86-ba58d4ed3c70, command=[]} | ret=SUCCESS |  
2019-08-21 09:13:20,292 | INFO  | SCMAudit | user=jenkins1000 | ip=192.168.34.50 | op=SEND_HEARTBEAT {datanodeUUID=328a75f0-8ecf-454d-ac4a-ee464a922ba9, command=[]} | ret=SUCCESS |  
2019-08-21 09:13:20,556 [grpc-default-executor-1] INFO  client.GrpcClientProtocolClient (GrpcClientProtocolClient.java:onNext(255)) - client-765D7F86C248->4fc6c8fa-e96e-43c4-8369-e0ca8a7014d6: receive RaftClientReply:client-765D7F86C248->4fc6c8fa-e96e-43c4-8369-e0ca8a7014d6@group-159FDE3C55F8, cid=45, FAILED org.apache.ratis.protocol.NotLeaderException: Server 4fc6c8fa-e96e-43c4-8369-e0ca8a7014d6 is not the leader (b216f333-d584-463e-ac29-b520f4cc8032:192.168.34.50:33369). Request must be sent to leader., logIndex=0, commits[4fc6c8fa-e96e-43c4-8369-e0ca8a7014d6:c8, b216f333-d584-463e-ac29-b520f4cc8032:c8, a8271a13-8b98-4259-a956-3406fefc9571:c8]
2019-08-21 09:13:20,693 | INFO  | SCMAudit | user=jenkins1000 | ip=192.168.34.50 | op=SEND_HEARTBEAT {datanodeUUID=d93e8726-51c7-48e5-91db-a9280c3a0547, command=[]} | ret=SUCCESS |  
2019-08-21 09:13:20,700 | INFO  | SCMAudit | user=jenkins1000 | ip=192.168.34.50 | op=SEND_HEARTBEAT {datanodeUUID=b216f333-d584-463e-ac29-b520f4cc8032, command=[]} | ret=SUCCESS |  
2019-08-21 09:13:20,724 | INFO  | SCMAudit | user=jenkins1000 | ip=192.168.34.50 | op=SEND_HEARTBEAT {datanodeUUID=a8271a13-8b98-4259-a956-3406fefc9571, command=[]} | ret=SUCCESS |  
2019-08-21 09:13:20,728 | INFO  | SCMAudit | user=jenkins1000 | ip=192.168.34.50 | op=SEND_HEARTBEAT {datanodeUUID=4fc6c8fa-e96e-43c4-8369-e0ca8a7014d6, command=[]} | ret=SUCCESS |  
2019-08-21 09:13:20,891 | INFO  | SCMAudit | user=jenkins1000 | ip=192.168.34.50 | op=SEND_HEARTBEAT {datanodeUUID=5ea20691-5ab9-4695-ab1d-7e722de7481e, command=[]} | ret=SUCCESS |  
2019-08-21 09:13:21,145 | INFO  | SCMAudit | user=jenkins1000 | ip=192.168.34.50 | op=SEND_HEARTBEAT {datanodeUUID=2efe7137-c334-43ac-ad86-ba58d4ed3c70, command=[]} | ret=SUCCESS |  
2019-08-21 09:13:21,293 | INFO  | SCMAudit | user=jenkins1000 | ip=192.168.34.50 | op=SEND_HEARTBEAT {datanodeUUID=328a75f0-8ecf-454d-ac4a-ee464a922ba9, command=[]} | ret=SUCCESS |  
2019-08-21 09:13:21,694 | INFO  | SCMAudit | user=jenkins1000 | ip=192.168.34.50 | op=SEND_HEARTBEAT {datanodeUUID=d93e8726-51c7-48e5-91db-a9280c3a0547, command=[]} | ret=SUCCESS |  
2019-08-21 09:13:21,701 | INFO  | SCMAudit | user=jenkins1000 | ip=192.168.34.50 | op=SEND_HEARTBEAT {datanodeUUID=b216f333-d584-463e-ac29-b520f4cc8032, command=[]} | ret=SUCCESS |  
2019-08-21 09:13:21,725 | INFO  | SCMAudit | user=jenkins1000 | ip=192.168.34.50 | op=SEND_HEARTBEAT {datanodeUUID=a8271a13-8b98-4259-a956-3406fefc9571, command=[]} | ret=SUCCESS |  
2019-08-21 09:13:21,728 | INFO  | SCMAudit | user=jenkins1000 | ip=192.168.34.50 | op=SEND_HEARTBEAT {datanodeUUID=4fc6c8fa-e96e-43c4-8369-e0ca8a7014d6, command=[]} | ret=SUCCESS |  
2019-08-21 09:13:21,892 | INFO  | SCMAudit | user=jenkins1000 | ip=192.168.34.50 | op=SEND_HEARTBEAT {datanodeUUID=5ea20691-5ab9-4695-ab1d-7e722de7481e, command=[]} | ret=SUCCESS |  
2019-08-21 09:13:22,145 | INFO  | SCMAudit | user=jenkins1000 | ip=192.168.34.50 | op=SEND_HEARTBEAT {datanodeUUID=2efe7137-c334-43ac-ad86-ba58d4ed3c70, command=[]} | ret=SUCCESS |  
2019-08-21 09:13:22,293 | INFO  | SCMAudit | user=jenkins1000 | ip=192.168.34.50 | op=SEND_HEARTBEAT {datanodeUUID=328a75f0-8ecf-454d-ac4a-ee464a922ba9, command=[]} | ret=SUCCESS |  
2019-08-21 09:13:22,695 | INFO  | SCMAudit | user=jenkins1000 | ip=192.168.34.50 | op=SEND_HEARTBEAT {datanodeUUID=d93e8726-51c7-48e5-91db-a9280c3a0547, command=[]} | ret=SUCCESS |  
2019-08-21 09:13:22,700 | INFO  | SCMAudit | user=jenkins1000 | ip=192.168.34.50 | op=SEND_HEARTBEAT {datanodeUUID=b216f333-d584-463e-ac29-b520f4cc8032, command=[]} | ret=SUCCESS |  
2019-08-21 09:13:22,725 | INFO  | SCMAudit | user=jenkins1000 | ip=192.168.34.50 | op=SEND_HEARTBEAT {datanodeUUID=a8271a13-8b98-4259-a956-3406fefc9571, command=[]} | ret=SUCCESS |  
2019-08-21 09:13:22,728 | INFO  | SCMAudit | user=jenkins1000 | ip=192.168.34.50 | op=SEND_HEARTBEAT {datanodeUUID=4fc6c8fa-e96e-43c4-8369-e0ca8a7014d6, command=[]} | ret=SUCCESS |  
2019-08-21 09:13:22,892 | INFO  | SCMAudit | user=jenkins1000 | ip=192.168.34.50 | op=SEND_HEARTBEAT {datanodeUUID=5ea20691-5ab9-4695-ab1d-7e722de7481e, command=[]} | ret=SUCCESS |  
2019-08-21 09:13:23,144 | INFO  | SCMAudit | user=jenkins1000 | ip=192.168.34.50 | op=SEND_HEARTBEAT {datanodeUUID=2efe7137-c334-43ac-ad86-ba58d4ed3c70, command=[]} | ret=SUCCESS |  
2019-08-21 09:13:23,294 | INFO  | SCMAudit | user=jenkins1000 | ip=192.168.34.50 | op=SEND_HEARTBEAT {datanodeUUID=328a75f0-8ecf-454d-ac4a-ee464a922ba9, command=[]} | ret=SUCCESS |  
2019-08-21 09:13:23,694 | INFO  | SCMAudit | user=jenkins1000 | ip=192.168.34.50 | op=SEND_HEARTBEAT {datanodeUUID=d93e8726-51c7-48e5-91db-a9280c3a0547, command=[]} | ret=SUCCESS |  
2019-08-21 09:13:23,700 | INFO  | SCMAudit | user=jenkins1000 | ip=192.168.34.50 | op=SEND_HEARTBEAT {datanodeUUID=b216f333-d584-463e-ac29-b520f4cc8032, command=[]} | ret=SUCCESS |  
2019-08-21 09:13:23,724 | INFO  | SCMAudit | user=jenkins1000 | ip=192.168.34.50 | op=SEND_HEARTBEAT {datanodeUUID=a8271a13-8b98-4259-a956-3406fefc9571, command=[]} | ret=SUCCESS |  
2019-08-21 09:13:23,728 | INFO  | SCMAudit | user=jenkins1000 | ip=192.168.34.50 | op=SEND_HEARTBEAT {datanodeUUID=4fc6c8fa-e96e-43c4-8369-e0ca8a7014d6, command=[]} | ret=SUCCESS |  
2019-08-21 09:13:23,893 | INFO  | SCMAudit | user=jenkins1000 | ip=192.168.34.50 | op=SEND_HEARTBEAT {datanodeUUID=5ea20691-5ab9-4695-ab1d-7e722de7481e, command=[]} | ret=SUCCESS |  
2019-08-21 09:13:24,145 | INFO  | SCMAudit | user=jenkins1000 | ip=192.168.34.50 | op=SEND_HEARTBEAT {datanodeUUID=2efe7137-c334-43ac-ad86-ba58d4ed3c70, command=[]} | ret=SUCCESS |  
2019-08-21 09:13:24,293 | INFO  | SCMAudit | user=jenkins1000 | ip=192.168.34.50 | op=SEND_HEARTBEAT {datanodeUUID=328a75f0-8ecf-454d-ac4a-ee464a922ba9, command=[]} | ret=SUCCESS |  
2019-08-21 09:13:24,695 | INFO  | SCMAudit | user=jenkins1000 | ip=192.168.34.50 | op=SEND_HEARTBEAT {datanodeUUID=d93e8726-51c7-48e5-91db-a9280c3a0547, command=[]} | ret=SUCCESS |  
2019-08-21 09:13:24,701 | INFO  | SCMAudit | user=jenkins1000 | ip=192.168.34.50 | op=SEND_HEARTBEAT {datanodeUUID=b216f333-d584-463e-ac29-b520f4cc8032, command=[]} | ret=SUCCESS |  
2019-08-21 09:13:24,724 | INFO  | SCMAudit | user=jenkins1000 | ip=192.168.34.50 | op=SEND_HEARTBEAT {datanodeUUID=a8271a13-8b98-4259-a956-3406fefc9571, command=[]} | ret=SUCCESS |  
2019-08-21 09:13:24,728 | INFO  | SCMAudit | user=jenkins1000 | ip=192.168.34.50 | op=SEND_HEARTBEAT {datanodeUUID=4fc6c8fa-e96e-43c4-8369-e0ca8a7014d6, command=[]} | ret=SUCCESS |  
2019-08-21 09:13:24,893 | INFO  | SCMAudit | user=jenkins1000 | ip=192.168.34.50 | op=SEND_HEARTBEAT {datanodeUUID=5ea20691-5ab9-4695-ab1d-7e722de7481e, command=[]} | ret=SUCCESS |  
2019-08-21 09:13:25,145 | INFO  | SCMAudit | user=jenkins1000 | ip=192.168.34.50 | op=SEND_HEARTBEAT {datanodeUUID=2efe7137-c334-43ac-ad86-ba58d4ed3c70, command=[]} | ret=SUCCESS |  
2019-08-21 09:13:25,294 | INFO  | SCMAudit | user=jenkins1000 | ip=192.168.34.50 | op=SEND_HEARTBEAT {datanodeUUID=328a75f0-8ecf-454d-ac4a-ee464a922ba9, command=[]} | ret=SUCCESS |  
2019-08-21 09:13:25,620 [grpc-default-executor-1] INFO  client.GrpcClientProtocolClient (GrpcClientProtocolClient.java:onNext(255)) - client-765D7F86C248->4fc6c8fa-e96e-43c4-8369-e0ca8a7014d6: receive RaftClientReply:client-765D7F86C248->4fc6c8fa-e96e-43c4-8369-e0ca8a7014d6@group-159FDE3C55F8, cid=45, FAILED org.apache.ratis.protocol.NotLeaderException: Server 4fc6c8fa-e96e-43c4-8369-e0ca8a7014d6 is not the leader (b216f333-d584-463e-ac29-b520f4cc8032:192.168.34.50:33369). Request must be sent to leader., logIndex=0, commits[4fc6c8fa-e96e-43c4-8369-e0ca8a7014d6:c8, b216f333-d584-463e-ac29-b520f4cc8032:c8, a8271a13-8b98-4259-a956-3406fefc9571:c8]
2019-08-21 09:13:25,694 | INFO  | SCMAudit | user=jenkins1000 | ip=192.168.34.50 | op=SEND_HEARTBEAT {datanodeUUID=d93e8726-51c7-48e5-91db-a9280c3a0547, command=[]} | ret=SUCCESS |  
2019-08-21 09:13:25,701 | INFO  | SCMAudit | user=jenkins1000 | ip=192.168.34.50 | op=SEND_HEARTBEAT {datanodeUUID=b216f333-d584-463e-ac29-b520f4cc8032, command=[]} | ret=SUCCESS |  
2019-08-21 09:13:25,725 | INFO  | SCMAudit | user=jenkins1000 | ip=192.168.34.50 | op=SEND_HEARTBEAT {datanodeUUID=a8271a13-8b98-4259-a956-3406fefc9571, command=[]} | ret=SUCCESS |  
2019-08-21 09:13:25,728 | INFO  | SCMAudit | user=jenkins1000 | ip=192.168.34.50 | op=SEND_HEARTBEAT {datanodeUUID=4fc6c8fa-e96e-43c4-8369-e0ca8a7014d6, command=[]} | ret=SUCCESS |  
2019-08-21 09:13:25,893 | INFO  | SCMAudit | user=jenkins1000 | ip=192.168.34.50 | op=SEND_HEARTBEAT {datanodeUUID=5ea20691-5ab9-4695-ab1d-7e722de7481e, command=[]} | ret=SUCCESS |  
2019-08-21 09:13:26,145 | INFO  | SCMAudit | user=jenkins1000 | ip=192.168.34.50 | op=SEND_HEARTBEAT {datanodeUUID=2efe7137-c334-43ac-ad86-ba58d4ed3c70, command=[]} | ret=SUCCESS |  
2019-08-21 09:13:26,294 | INFO  | SCMAudit | user=jenkins1000 | ip=192.168.34.50 | op=SEND_HEARTBEAT {datanodeUUID=328a75f0-8ecf-454d-ac4a-ee464a922ba9, command=[]} | ret=SUCCESS |  
2019-08-21 09:13:26,695 | INFO  | SCMAudit | user=jenkins1000 | ip=192.168.34.50 | op=SEND_HEARTBEAT {datanodeUUID=d93e8726-51c7-48e5-91db-a9280c3a0547, command=[]} | ret=SUCCESS |  
2019-08-21 09:13:26,700 | INFO  | SCMAudit | user=jenkins1000 | ip=192.168.34.50 | op=SEND_HEARTBEAT {datanodeUUID=b216f333-d584-463e-ac29-b520f4cc8032, command=[]} | ret=SUCCESS |  
2019-08-21 09:13:26,724 | INFO  | SCMAudit | user=jenkins1000 | ip=192.168.34.50 | op=SEND_HEARTBEAT {datanodeUUID=a8271a13-8b98-4259-a956-3406fefc9571, command=[]} | ret=SUCCESS |  
2019-08-21 09:13:26,729 | INFO  | SCMAudit | user=jenkins1000 | ip=192.168.34.50 | op=SEND_HEARTBEAT {datanodeUUID=4fc6c8fa-e96e-43c4-8369-e0ca8a7014d6, command=[]} | ret=SUCCESS |  
2019-08-21 09:13:26,893 | INFO  | SCMAudit | user=jenkins1000 | ip=192.168.34.50 | op=SEND_HEARTBEAT {datanodeUUID=5ea20691-5ab9-4695-ab1d-7e722de7481e, command=[]} | ret=SUCCESS |  
2019-08-21 09:13:27,144 | INFO  | SCMAudit | user=jenkins1000 | ip=192.168.34.50 | op=SEND_HEARTBEAT {datanodeUUID=2efe7137-c334-43ac-ad86-ba58d4ed3c70, command=[]} | ret=SUCCESS |  
2019-08-21 09:13:27,293 | INFO  | SCMAudit | user=jenkins1000 | ip=192.168.34.50 | op=SEND_HEARTBEAT {datanodeUUID=328a75f0-8ecf-454d-ac4a-ee464a922ba9, command=[]} | ret=SUCCESS |  
2019-08-21 09:13:27,695 | INFO  | SCMAudit | user=jenkins1000 | ip=192.168.34.50 | op=SEND_HEARTBEAT {datanodeUUID=d93e8726-51c7-48e5-91db-a9280c3a0547, command=[]} | ret=SUCCESS |  
2019-08-21 09:13:27,701 | INFO  | SCMAudit | user=jenkins1000 | ip=192.168.34.50 | op=SEND_HEARTBEAT {datanodeUUID=b216f333-d584-463e-ac29-b520f4cc8032, command=[]} | ret=SUCCESS |  
2019-08-21 09:13:27,725 | INFO  | SCMAudit | user=jenkins1000 | ip=192.168.34.50 | op=SEND_HEARTBEAT {datanodeUUID=a8271a13-8b98-4259-a956-3406fefc9571, command=[]} | ret=SUCCESS |  
2019-08-21 09:13:27,729 | INFO  | SCMAudit | user=jenkins1000 | ip=192.168.34.50 | op=SEND_HEARTBEAT {datanodeUUID=4fc6c8fa-e96e-43c4-8369-e0ca8a7014d6, command=[]} | ret=SUCCESS |  
2019-08-21 09:13:27,894 | INFO  | SCMAudit | user=jenkins1000 | ip=192.168.34.50 | op=SEND_HEARTBEAT {datanodeUUID=5ea20691-5ab9-4695-ab1d-7e722de7481e, command=[]} | ret=SUCCESS |  
2019-08-21 09:13:28,145 | INFO  | SCMAudit | user=jenkins1000 | ip=192.168.34.50 | op=SEND_HEARTBEAT {datanodeUUID=2efe7137-c334-43ac-ad86-ba58d4ed3c70, command=[]} | ret=SUCCESS |  
2019-08-21 09:13:28,294 | INFO  | SCMAudit | user=jenkins1000 | ip=192.168.34.50 | op=SEND_HEARTBEAT {datanodeUUID=328a75f0-8ecf-454d-ac4a-ee464a922ba9, command=[]} | ret=SUCCESS |  
2019-08-21 09:13:28,694 | INFO  | SCMAudit | user=jenkins1000 | ip=192.168.34.50 | op=SEND_HEARTBEAT {datanodeUUID=d93e8726-51c7-48e5-91db-a9280c3a0547, command=[]} | ret=SUCCESS |  
2019-08-21 09:13:28,701 | INFO  | SCMAudit | user=jenkins1000 | ip=192.168.34.50 | op=SEND_HEARTBEAT {datanodeUUID=b216f333-d584-463e-ac29-b520f4cc8032, command=[]} | ret=SUCCESS |  
2019-08-21 09:13:28,724 | INFO  | SCMAudit | user=jenkins1000 | ip=192.168.34.50 | op=SEND_HEARTBEAT {datanodeUUID=a8271a13-8b98-4259-a956-3406fefc9571, command=[]} | ret=SUCCESS |  
2019-08-21 09:13:28,729 | INFO  | SCMAudit | user=jenkins1000 | ip=192.168.34.50 | op=SEND_HEARTBEAT {datanodeUUID=4fc6c8fa-e96e-43c4-8369-e0ca8a7014d6, command=[]} | ret=SUCCESS |  
2019-08-21 09:13:28,893 | INFO  | SCMAudit | user=jenkins1000 | ip=192.168.34.50 | op=SEND_HEARTBEAT {datanodeUUID=5ea20691-5ab9-4695-ab1d-7e722de7481e, command=[]} | ret=SUCCESS |  
2019-08-21 09:13:29,145 | INFO  | SCMAudit | user=jenkins1000 | ip=192.168.34.50 | op=SEND_HEARTBEAT {datanodeUUID=2efe7137-c334-43ac-ad86-ba58d4ed3c70, command=[]} | ret=SUCCESS |  
2019-08-21 09:13:29,293 | INFO  | SCMAudit | user=jenkins1000 | ip=192.168.34.50 | op=SEND_HEARTBEAT {datanodeUUID=328a75f0-8ecf-454d-ac4a-ee464a922ba9, command=[]} | ret=SUCCESS |  
2019-08-21 09:13:29,695 | INFO  | SCMAudit | user=jenkins1000 | ip=192.168.34.50 | op=SEND_HEARTBEAT {datanodeUUID=d93e8726-51c7-48e5-91db-a9280c3a0547, command=[]} | ret=SUCCESS |  
2019-08-21 09:13:29,701 | INFO  | SCMAudit | user=jenkins1000 | ip=192.168.34.50 | op=SEND_HEARTBEAT {datanodeUUID=b216f333-d584-463e-ac29-b520f4cc8032, command=[]} | ret=SUCCESS |  
2019-08-21 09:13:29,724 | INFO  | SCMAudit | user=jenkins1000 | ip=192.168.34.50 | op=SEND_HEARTBEAT {datanodeUUID=a8271a13-8b98-4259-a956-3406fefc9571, command=[]} | ret=SUCCESS |  
2019-08-21 09:13:29,729 | INFO  | SCMAudit | user=jenkins1000 | ip=192.168.34.50 | op=SEND_HEARTBEAT {datanodeUUID=4fc6c8fa-e96e-43c4-8369-e0ca8a7014d6, command=[]} | ret=SUCCESS |  
2019-08-21 09:13:29,894 | INFO  | SCMAudit | user=jenkins1000 | ip=192.168.34.50 | op=SEND_HEARTBEAT {datanodeUUID=5ea20691-5ab9-4695-ab1d-7e722de7481e, command=[]} | ret=SUCCESS |  
2019-08-21 09:13:30,144 | INFO  | SCMAudit | user=jenkins1000 | ip=192.168.34.50 | op=SEND_HEARTBEAT {datanodeUUID=2efe7137-c334-43ac-ad86-ba58d4ed3c70, command=[]} | ret=SUCCESS |  
2019-08-21 09:13:30,294 | INFO  | SCMAudit | user=jenkins1000 | ip=192.168.34.50 | op=SEND_HEARTBEAT {datanodeUUID=328a75f0-8ecf-454d-ac4a-ee464a922ba9, command=[]} | ret=SUCCESS |  
2019-08-21 09:13:30,673 [grpc-default-executor-1] INFO  client.GrpcClientProtocolClient (GrpcClientProtocolClient.java:onNext(255)) - client-765D7F86C248->a8271a13-8b98-4259-a956-3406fefc9571: receive RaftClientReply:client-765D7F86C248->a8271a13-8b98-4259-a956-3406fefc9571@group-159FDE3C55F8, cid=45, FAILED org.apache.ratis.protocol.NotLeaderException: Server a8271a13-8b98-4259-a956-3406fefc9571 is not the leader (b216f333-d584-463e-ac29-b520f4cc8032:192.168.34.50:33369). Request must be sent to leader., logIndex=0, commits[a8271a13-8b98-4259-a956-3406fefc9571:c8, 4fc6c8fa-e96e-43c4-8369-e0ca8a7014d6:c8, b216f333-d584-463e-ac29-b520f4cc8032:c8]
2019-08-21 09:13:30,695 | INFO  | SCMAudit | user=jenkins1000 | ip=192.168.34.50 | op=SEND_HEARTBEAT {datanodeUUID=d93e8726-51c7-48e5-91db-a9280c3a0547, command=[]} | ret=SUCCESS |  
2019-08-21 09:13:30,702 | INFO  | SCMAudit | user=jenkins1000 | ip=192.168.34.50 | op=SEND_HEARTBEAT {datanodeUUID=b216f333-d584-463e-ac29-b520f4cc8032, command=[]} | ret=SUCCESS |  
2019-08-21 09:13:30,725 | INFO  | SCMAudit | user=jenkins1000 | ip=192.168.34.50 | op=SEND_HEARTBEAT {datanodeUUID=a8271a13-8b98-4259-a956-3406fefc9571, command=[]} | ret=SUCCESS |  
2019-08-21 09:13:30,729 | INFO  | SCMAudit | user=jenkins1000 | ip=192.168.34.50 | op=SEND_HEARTBEAT {datanodeUUID=4fc6c8fa-e96e-43c4-8369-e0ca8a7014d6, command=[]} | ret=SUCCESS |  
2019-08-21 09:13:30,895 | INFO  | SCMAudit | user=jenkins1000 | ip=192.168.34.50 | op=SEND_HEARTBEAT {datanodeUUID=5ea20691-5ab9-4695-ab1d-7e722de7481e, command=[]} | ret=SUCCESS |  
2019-08-21 09:13:31,145 | INFO  | SCMAudit | user=jenkins1000 | ip=192.168.34.50 | op=SEND_HEARTBEAT {datanodeUUID=2efe7137-c334-43ac-ad86-ba58d4ed3c70, command=[]} | ret=SUCCESS |  
2019-08-21 09:13:31,295 | INFO  | SCMAudit | user=jenkins1000 | ip=192.168.34.50 | op=SEND_HEARTBEAT {datanodeUUID=328a75f0-8ecf-454d-ac4a-ee464a922ba9, command=[]} | ret=SUCCESS |  
2019-08-21 09:13:31,694 | INFO  | SCMAudit | user=jenkins1000 | ip=192.168.34.50 | op=SEND_HEARTBEAT {datanodeUUID=d93e8726-51c7-48e5-91db-a9280c3a0547, command=[]} | ret=SUCCESS |  
2019-08-21 09:13:31,702 | INFO  | SCMAudit | user=jenkins1000 | ip=192.168.34.50 | op=SEND_HEARTBEAT {datanodeUUID=b216f333-d584-463e-ac29-b520f4cc8032, command=[]} | ret=SUCCESS |  
2019-08-21 09:13:31,725 | INFO  | SCMAudit | user=jenkins1000 | ip=192.168.34.50 | op=SEND_HEARTBEAT {datanodeUUID=a8271a13-8b98-4259-a956-3406fefc9571, command=[]} | ret=SUCCESS |  
2019-08-21 09:13:31,730 | INFO  | SCMAudit | user=jenkins1000 | ip=192.168.34.50 | op=SEND_HEARTBEAT {datanodeUUID=4fc6c8fa-e96e-43c4-8369-e0ca8a7014d6, command=[]} | ret=SUCCESS |  
2019-08-21 09:13:31,894 | INFO  | SCMAudit | user=jenkins1000 | ip=192.168.34.50 | op=SEND_HEARTBEAT {datanodeUUID=5ea20691-5ab9-4695-ab1d-7e722de7481e, command=[]} | ret=SUCCESS |  
2019-08-21 09:13:32,145 | INFO  | SCMAudit | user=jenkins1000 | ip=192.168.34.50 | op=SEND_HEARTBEAT {datanodeUUID=2efe7137-c334-43ac-ad86-ba58d4ed3c70, command=[]} | ret=SUCCESS |  
2019-08-21 09:13:32,295 | INFO  | SCMAudit | user=jenkins1000 | ip=192.168.34.50 | op=SEND_HEARTBEAT {datanodeUUID=328a75f0-8ecf-454d-ac4a-ee464a922ba9, command=[]} | ret=SUCCESS |  
2019-08-21 09:13:32,695 | INFO  | SCMAudit | user=jenkins1000 | ip=192.168.34.50 | op=SEND_HEARTBEAT {datanodeUUID=d93e8726-51c7-48e5-91db-a9280c3a0547, command=[]} | ret=SUCCESS |  
2019-08-21 09:13:32,702 | INFO  | SCMAudit | user=jenkins1000 | ip=192.168.34.50 | op=SEND_HEARTBEAT {datanodeUUID=b216f333-d584-463e-ac29-b520f4cc8032, command=[]} | ret=SUCCESS |  
2019-08-21 09:13:32,725 | INFO  | SCMAudit | user=jenkins1000 | ip=192.168.34.50 | op=SEND_HEARTBEAT {datanodeUUID=a8271a13-8b98-4259-a956-3406fefc9571, command=[]} | ret=SUCCESS |  
2019-08-21 09:13:32,729 | INFO  | SCMAudit | user=jenkins1000 | ip=192.168.34.50 | op=SEND_HEARTBEAT {datanodeUUID=4fc6c8fa-e96e-43c4-8369-e0ca8a7014d6, command=[]} | ret=SUCCESS |  
2019-08-21 09:13:32,895 | INFO  | SCMAudit | user=jenkins1000 | ip=192.168.34.50 | op=SEND_HEARTBEAT {datanodeUUID=5ea20691-5ab9-4695-ab1d-7e722de7481e, command=[]} | ret=SUCCESS |  
2019-08-21 09:13:33,145 | INFO  | SCMAudit | user=jenkins1000 | ip=192.168.34.50 | op=SEND_HEARTBEAT {datanodeUUID=2efe7137-c334-43ac-ad86-ba58d4ed3c70, command=[]} | ret=SUCCESS |  
2019-08-21 09:13:33,295 | INFO  | SCMAudit | user=jenkins1000 | ip=192.168.34.50 | op=SEND_HEARTBEAT {datanodeUUID=328a75f0-8ecf-454d-ac4a-ee464a922ba9, command=[]} | ret=SUCCESS |  
2019-08-21 09:13:33,695 | INFO  | SCMAudit | user=jenkins1000 | ip=192.168.34.50 | op=SEND_HEARTBEAT {datanodeUUID=d93e8726-51c7-48e5-91db-a9280c3a0547, command=[]} | ret=SUCCESS |  
2019-08-21 09:13:33,703 | INFO  | SCMAudit | user=jenkins1000 | ip=192.168.34.50 | op=SEND_HEARTBEAT {datanodeUUID=b216f333-d584-463e-ac29-b520f4cc8032, command=[]} | ret=SUCCESS |  
2019-08-21 09:13:33,726 | INFO  | SCMAudit | user=jenkins1000 | ip=192.168.34.50 | op=SEND_HEARTBEAT {datanodeUUID=a8271a13-8b98-4259-a956-3406fefc9571, command=[]} | ret=SUCCESS |  
2019-08-21 09:13:33,729 | INFO  | SCMAudit | user=jenkins1000 | ip=192.168.34.50 | op=SEND_HEARTBEAT {datanodeUUID=4fc6c8fa-e96e-43c4-8369-e0ca8a7014d6, command=[]} | ret=SUCCESS |  
2019-08-21 09:13:33,895 | INFO  | SCMAudit | user=jenkins1000 | ip=192.168.34.50 | op=SEND_HEARTBEAT {datanodeUUID=5ea20691-5ab9-4695-ab1d-7e722de7481e, command=[]} | ret=SUCCESS |  
2019-08-21 09:13:34,145 | INFO  | SCMAudit | user=jenkins1000 | ip=192.168.34.50 | op=SEND_HEARTBEAT {datanodeUUID=2efe7137-c334-43ac-ad86-ba58d4ed3c70, command=[]} | ret=SUCCESS |  
2019-08-21 09:13:34,294 | INFO  | SCMAudit | user=jenkins1000 | ip=192.168.34.50 | op=SEND_HEARTBEAT {datanodeUUID=328a75f0-8ecf-454d-ac4a-ee464a922ba9, command=[]} | ret=SUCCESS |  
2019-08-21 09:13:34,694 | INFO  | SCMAudit | user=jenkins1000 | ip=192.168.34.50 | op=SEND_HEARTBEAT {datanodeUUID=d93e8726-51c7-48e5-91db-a9280c3a0547, command=[]} | ret=SUCCESS |  
2019-08-21 09:13:34,703 | INFO  | SCMAudit | user=jenkins1000 | ip=192.168.34.50 | op=SEND_HEARTBEAT {datanodeUUID=b216f333-d584-463e-ac29-b520f4cc8032, command=[]} | ret=SUCCESS |  
2019-08-21 09:13:34,725 | INFO  | SCMAudit | user=jenkins1000 | ip=192.168.34.50 | op=SEND_HEARTBEAT {datanodeUUID=a8271a13-8b98-4259-a956-3406fefc9571, command=[]} | ret=SUCCESS |  
2019-08-21 09:13:34,729 | INFO  | SCMAudit | user=jenkins1000 | ip=192.168.34.50 | op=SEND_HEARTBEAT {datanodeUUID=4fc6c8fa-e96e-43c4-8369-e0ca8a7014d6, command=[]} | ret=SUCCESS |  
2019-08-21 09:13:34,894 | INFO  | SCMAudit | user=jenkins1000 | ip=192.168.34.50 | op=SEND_HEARTBEAT {datanodeUUID=5ea20691-5ab9-4695-ab1d-7e722de7481e, command=[]} | ret=SUCCESS |  
2019-08-21 09:13:35,146 | INFO  | SCMAudit | user=jenkins1000 | ip=192.168.34.50 | op=SEND_HEARTBEAT {datanodeUUID=2efe7137-c334-43ac-ad86-ba58d4ed3c70, command=[]} | ret=SUCCESS |  
2019-08-21 09:13:35,295 | INFO  | SCMAudit | user=jenkins1000 | ip=192.168.34.50 | op=SEND_HEARTBEAT {datanodeUUID=328a75f0-8ecf-454d-ac4a-ee464a922ba9, command=[]} | ret=SUCCESS |  
2019-08-21 09:13:35,695 | INFO  | SCMAudit | user=jenkins1000 | ip=192.168.34.50 | op=SEND_HEARTBEAT {datanodeUUID=d93e8726-51c7-48e5-91db-a9280c3a0547, command=[]} | ret=SUCCESS |  
2019-08-21 09:13:35,704 | INFO  | SCMAudit | user=jenkins1000 | ip=192.168.34.50 | op=SEND_HEARTBEAT {datanodeUUID=b216f333-d584-463e-ac29-b520f4cc8032, command=[]} | ret=SUCCESS |  
2019-08-21 09:13:35,725 [grpc-default-executor-1] INFO  client.GrpcClientProtocolClient (GrpcClientProtocolClient.java:onNext(255)) - client-765D7F86C248->a8271a13-8b98-4259-a956-3406fefc9571: receive RaftClientReply:client-765D7F86C248->a8271a13-8b98-4259-a956-3406fefc9571@group-159FDE3C55F8, cid=45, FAILED org.apache.ratis.protocol.NotLeaderException: Server a8271a13-8b98-4259-a956-3406fefc9571 is not the leader (b216f333-d584-463e-ac29-b520f4cc8032:192.168.34.50:33369). Request must be sent to leader., logIndex=0, commits[a8271a13-8b98-4259-a956-3406fefc9571:c8, 4fc6c8fa-e96e-43c4-8369-e0ca8a7014d6:c8, b216f333-d584-463e-ac29-b520f4cc8032:c8]
2019-08-21 09:13:35,735 | INFO  | SCMAudit | user=jenkins1000 | ip=192.168.34.50 | op=SEND_HEARTBEAT {datanodeUUID=a8271a13-8b98-4259-a956-3406fefc9571, command=[]} | ret=SUCCESS |  
2019-08-21 09:13:35,735 | INFO  | SCMAudit | user=jenkins1000 | ip=192.168.34.50 | op=SEND_HEARTBEAT {datanodeUUID=4fc6c8fa-e96e-43c4-8369-e0ca8a7014d6, command=[]} | ret=SUCCESS |  
2019-08-21 09:13:35,895 | INFO  | SCMAudit | user=jenkins1000 | ip=192.168.34.50 | op=SEND_HEARTBEAT {datanodeUUID=5ea20691-5ab9-4695-ab1d-7e722de7481e, command=[]} | ret=SUCCESS |  
2019-08-21 09:13:36,146 | INFO  | SCMAudit | user=jenkins1000 | ip=192.168.34.50 | op=SEND_HEARTBEAT {datanodeUUID=2efe7137-c334-43ac-ad86-ba58d4ed3c70, command=[]} | ret=SUCCESS |  
2019-08-21 09:13:36,295 | INFO  | SCMAudit | user=jenkins1000 | ip=192.168.34.50 | op=SEND_HEARTBEAT {datanodeUUID=328a75f0-8ecf-454d-ac4a-ee464a922ba9, command=[]} | ret=SUCCESS |  
2019-08-21 09:13:36,695 | INFO  | SCMAudit | user=jenkins1000 | ip=192.168.34.50 | op=SEND_HEARTBEAT {datanodeUUID=d93e8726-51c7-48e5-91db-a9280c3a0547, command=[]} | ret=SUCCESS |  
2019-08-21 09:13:36,704 | INFO  | SCMAudit | user=jenkins1000 | ip=192.168.34.50 | op=SEND_HEARTBEAT {datanodeUUID=b216f333-d584-463e-ac29-b520f4cc8032, command=[]} | ret=SUCCESS |  
2019-08-21 09:13:36,725 | INFO  | SCMAudit | user=jenkins1000 | ip=192.168.34.50 | op=SEND_HEARTBEAT {datanodeUUID=a8271a13-8b98-4259-a956-3406fefc9571, command=[]} | ret=SUCCESS |  
2019-08-21 09:13:36,733 | INFO  | SCMAudit | user=jenkins1000 | ip=192.168.34.50 | op=SEND_HEARTBEAT {datanodeUUID=4fc6c8fa-e96e-43c4-8369-e0ca8a7014d6, command=[]} | ret=SUCCESS |  
2019-08-21 09:13:36,894 | INFO  | SCMAudit | user=jenkins1000 | ip=192.168.34.50 | op=SEND_HEARTBEAT {datanodeUUID=5ea20691-5ab9-4695-ab1d-7e722de7481e, command=[]} | ret=SUCCESS |  
2019-08-21 09:13:37,145 | INFO  | SCMAudit | user=jenkins1000 | ip=192.168.34.50 | op=SEND_HEARTBEAT {datanodeUUID=2efe7137-c334-43ac-ad86-ba58d4ed3c70, command=[]} | ret=SUCCESS |  
2019-08-21 09:13:37,294 | INFO  | SCMAudit | user=jenkins1000 | ip=192.168.34.50 | op=SEND_HEARTBEAT {datanodeUUID=328a75f0-8ecf-454d-ac4a-ee464a922ba9, command=[]} | ret=SUCCESS |  
2019-08-21 09:13:37,695 | INFO  | SCMAudit | user=jenkins1000 | ip=192.168.34.50 | op=SEND_HEARTBEAT {datanodeUUID=d93e8726-51c7-48e5-91db-a9280c3a0547, command=[]} | ret=SUCCESS |  
2019-08-21 09:13:37,705 | INFO  | SCMAudit | user=jenkins1000 | ip=192.168.34.50 | op=SEND_HEARTBEAT {datanodeUUID=b216f333-d584-463e-ac29-b520f4cc8032, command=[]} | ret=SUCCESS |  
2019-08-21 09:13:37,726 | INFO  | SCMAudit | user=jenkins1000 | ip=192.168.34.50 | op=SEND_HEARTBEAT {datanodeUUID=a8271a13-8b98-4259-a956-3406fefc9571, command=[]} | ret=SUCCESS |  
2019-08-21 09:13:37,734 | INFO  | SCMAudit | user=jenkins1000 | ip=192.168.34.50 | op=SEND_HEARTBEAT {datanodeUUID=4fc6c8fa-e96e-43c4-8369-e0ca8a7014d6, command=[]} | ret=SUCCESS |  
2019-08-21 09:13:37,895 | INFO  | SCMAudit | user=jenkins1000 | ip=192.168.34.50 | op=SEND_HEARTBEAT {datanodeUUID=5ea20691-5ab9-4695-ab1d-7e722de7481e, command=[]} | ret=SUCCESS |  
2019-08-21 09:13:38,146 | INFO  | SCMAudit | user=jenkins1000 | ip=192.168.34.50 | op=SEND_HEARTBEAT {datanodeUUID=2efe7137-c334-43ac-ad86-ba58d4ed3c70, command=[]} | ret=SUCCESS |  
2019-08-21 09:13:38,296 | INFO  | SCMAudit | user=jenkins1000 | ip=192.168.34.50 | op=SEND_HEARTBEAT {datanodeUUID=328a75f0-8ecf-454d-ac4a-ee464a922ba9, command=[]} | ret=SUCCESS |  
2019-08-21 09:13:38,694 | INFO  | SCMAudit | user=jenkins1000 | ip=192.168.34.50 | op=SEND_HEARTBEAT {datanodeUUID=d93e8726-51c7-48e5-91db-a9280c3a0547, command=[]} | ret=SUCCESS |  
2019-08-21 09:13:38,704 | INFO  | SCMAudit | user=jenkins1000 | ip=192.168.34.50 | op=SEND_HEARTBEAT {datanodeUUID=b216f333-d584-463e-ac29-b520f4cc8032, command=[]} | ret=SUCCESS |  
2019-08-21 09:13:38,726 | INFO  | SCMAudit | user=jenkins1000 | ip=192.168.34.50 | op=SEND_HEARTBEAT {datanodeUUID=a8271a13-8b98-4259-a956-3406fefc9571, command=[]} | ret=SUCCESS |  
2019-08-21 09:13:38,734 | INFO  | SCMAudit | user=jenkins1000 | ip=192.168.34.50 | op=SEND_HEARTBEAT {datanodeUUID=4fc6c8fa-e96e-43c4-8369-e0ca8a7014d6, command=[]} | ret=SUCCESS |  
2019-08-21 09:13:38,895 | INFO  | SCMAudit | user=jenkins1000 | ip=192.168.34.50 | op=SEND_HEARTBEAT {datanodeUUID=5ea20691-5ab9-4695-ab1d-7e722de7481e, command=[]} | ret=SUCCESS |  
2019-08-21 09:13:39,146 | INFO  | SCMAudit | user=jenkins1000 | ip=192.168.34.50 | op=SEND_HEARTBEAT {datanodeUUID=2efe7137-c334-43ac-ad86-ba58d4ed3c70, command=[]} | ret=SUCCESS |  
2019-08-21 09:13:39,294 | INFO  | SCMAudit | user=jenkins1000 | ip=192.168.34.50 | op=SEND_HEARTBEAT {datanodeUUID=328a75f0-8ecf-454d-ac4a-ee464a922ba9, command=[]} | ret=SUCCESS |  
2019-08-21 09:13:39,695 | INFO  | SCMAudit | user=jenkins1000 | ip=192.168.34.50 | op=SEND_HEARTBEAT {datanodeUUID=d93e8726-51c7-48e5-91db-a9280c3a0547, command=[]} | ret=SUCCESS |  
2019-08-21 09:13:39,704 | INFO  | SCMAudit | user=jenkins1000 | ip=192.168.34.50 | op=SEND_HEARTBEAT {datanodeUUID=b216f333-d584-463e-ac29-b520f4cc8032, command=[]} | ret=SUCCESS |  
2019-08-21 09:13:39,726 | INFO  | SCMAudit | user=jenkins1000 | ip=192.168.34.50 | op=SEND_HEARTBEAT {datanodeUUID=a8271a13-8b98-4259-a956-3406fefc9571, command=[]} | ret=SUCCESS |  
2019-08-21 09:13:39,734 | INFO  | SCMAudit | user=jenkins1000 | ip=192.168.34.50 | op=SEND_HEARTBEAT {datanodeUUID=4fc6c8fa-e96e-43c4-8369-e0ca8a7014d6, command=[]} | ret=SUCCESS |  
2019-08-21 09:13:39,895 | INFO  | SCMAudit | user=jenkins1000 | ip=192.168.34.50 | op=SEND_HEARTBEAT {datanodeUUID=5ea20691-5ab9-4695-ab1d-7e722de7481e, command=[]} | ret=SUCCESS |  
2019-08-21 09:13:40,145 | INFO  | SCMAudit | user=jenkins1000 | ip=192.168.34.50 | op=SEND_HEARTBEAT {datanodeUUID=2efe7137-c334-43ac-ad86-ba58d4ed3c70, command=[]} | ret=SUCCESS |  
2019-08-21 09:13:40,294 | INFO  | SCMAudit | user=jenkins1000 | ip=192.168.34.50 | op=SEND_HEARTBEAT {datanodeUUID=328a75f0-8ecf-454d-ac4a-ee464a922ba9, command=[]} | ret=SUCCESS |  
2019-08-21 09:13:40,696 | INFO  | SCMAudit | user=jenkins1000 | ip=192.168.34.50 | op=SEND_HEARTBEAT {datanodeUUID=d93e8726-51c7-48e5-91db-a9280c3a0547, command=[]} | ret=SUCCESS |  
2019-08-21 09:13:40,704 | INFO  | SCMAudit | user=jenkins1000 | ip=192.168.34.50 | op=SEND_HEARTBEAT {datanodeUUID=b216f333-d584-463e-ac29-b520f4cc8032, command=[]} | ret=SUCCESS |  
2019-08-21 09:13:40,726 | INFO  | SCMAudit | user=jenkins1000 | ip=192.168.34.50 | op=SEND_HEARTBEAT {datanodeUUID=a8271a13-8b98-4259-a956-3406fefc9571, command=[]} | ret=SUCCESS |  
2019-08-21 09:13:40,734 | INFO  | SCMAudit | user=jenkins1000 | ip=192.168.34.50 | op=SEND_HEARTBEAT {datanodeUUID=4fc6c8fa-e96e-43c4-8369-e0ca8a7014d6, command=[]} | ret=SUCCESS |  
2019-08-21 09:13:40,770 [grpc-default-executor-1] INFO  client.GrpcClientProtocolClient (GrpcClientProtocolClient.java:onNext(255)) - client-765D7F86C248->a8271a13-8b98-4259-a956-3406fefc9571: receive RaftClientReply:client-765D7F86C248->a8271a13-8b98-4259-a956-3406fefc9571@group-159FDE3C55F8, cid=45, FAILED org.apache.ratis.protocol.NotLeaderException: Server a8271a13-8b98-4259-a956-3406fefc9571 is not the leader (b216f333-d584-463e-ac29-b520f4cc8032:192.168.34.50:33369). Request must be sent to leader., logIndex=0, commits[a8271a13-8b98-4259-a956-3406fefc9571:c8, 4fc6c8fa-e96e-43c4-8369-e0ca8a7014d6:c8, b216f333-d584-463e-ac29-b520f4cc8032:c8]
2019-08-21 09:13:40,896 | INFO  | SCMAudit | user=jenkins1000 | ip=192.168.34.50 | op=SEND_HEARTBEAT {datanodeUUID=5ea20691-5ab9-4695-ab1d-7e722de7481e, command=[]} | ret=SUCCESS |  
2019-08-21 09:13:41,146 | INFO  | SCMAudit | user=jenkins1000 | ip=192.168.34.50 | op=SEND_HEARTBEAT {datanodeUUID=2efe7137-c334-43ac-ad86-ba58d4ed3c70, command=[]} | ret=SUCCESS |  
2019-08-21 09:13:41,295 | INFO  | SCMAudit | user=jenkins1000 | ip=192.168.34.50 | op=SEND_HEARTBEAT {datanodeUUID=328a75f0-8ecf-454d-ac4a-ee464a922ba9, command=[]} | ret=SUCCESS |  
2019-08-21 09:13:41,695 | INFO  | SCMAudit | user=jenkins1000 | ip=192.168.34.50 | op=SEND_HEARTBEAT {datanodeUUID=d93e8726-51c7-48e5-91db-a9280c3a0547, command=[]} | ret=SUCCESS |  
2019-08-21 09:13:41,705 | INFO  | SCMAudit | user=jenkins1000 | ip=192.168.34.50 | op=SEND_HEARTBEAT {datanodeUUID=b216f333-d584-463e-ac29-b520f4cc8032, command=[]} | ret=SUCCESS |  
2019-08-21 09:13:41,726 | INFO  | SCMAudit | user=jenkins1000 | ip=192.168.34.50 | op=SEND_HEARTBEAT {datanodeUUID=a8271a13-8b98-4259-a956-3406fefc9571, command=[]} | ret=SUCCESS |  
2019-08-21 09:13:41,734 | INFO  | SCMAudit | user=jenkins1000 | ip=192.168.34.50 | op=SEND_HEARTBEAT {datanodeUUID=4fc6c8fa-e96e-43c4-8369-e0ca8a7014d6, command=[]} | ret=SUCCESS |  
2019-08-21 09:13:41,895 | INFO  | SCMAudit | user=jenkins1000 | ip=192.168.34.50 | op=SEND_HEARTBEAT {datanodeUUID=5ea20691-5ab9-4695-ab1d-7e722de7481e, command=[]} | ret=SUCCESS |  
2019-08-21 09:13:42,145 | INFO  | SCMAudit | user=jenkins1000 | ip=192.168.34.50 | op=SEND_HEARTBEAT {datanodeUUID=2efe7137-c334-43ac-ad86-ba58d4ed3c70, command=[]} | ret=SUCCESS |  
2019-08-21 09:13:42,294 | INFO  | SCMAudit | user=jenkins1000 | ip=192.168.34.50 | op=SEND_HEARTBEAT {datanodeUUID=328a75f0-8ecf-454d-ac4a-ee464a922ba9, command=[]} | ret=SUCCESS |  
2019-08-21 09:13:42,696 | INFO  | SCMAudit | user=jenkins1000 | ip=192.168.34.50 | op=SEND_HEARTBEAT {datanodeUUID=d93e8726-51c7-48e5-91db-a9280c3a0547, command=[]} | ret=SUCCESS |  
2019-08-21 09:13:42,704 | INFO  | SCMAudit | user=jenkins1000 | ip=192.168.34.50 | op=SEND_HEARTBEAT {datanodeUUID=b216f333-d584-463e-ac29-b520f4cc8032, command=[]} | ret=SUCCESS |  
2019-08-21 09:13:42,727 | INFO  | SCMAudit | user=jenkins1000 | ip=192.168.34.50 | op=SEND_HEARTBEAT {datanodeUUID=a8271a13-8b98-4259-a956-3406fefc9571, command=[]} | ret=SUCCESS |  
2019-08-21 09:13:42,734 | INFO  | SCMAudit | user=jenkins1000 | ip=192.168.34.50 | op=SEND_HEARTBEAT {datanodeUUID=4fc6c8fa-e96e-43c4-8369-e0ca8a7014d6, command=[]} | ret=SUCCESS |  
2019-08-21 09:13:42,896 | INFO  | SCMAudit | user=jenkins1000 | ip=192.168.34.50 | op=SEND_HEARTBEAT {datanodeUUID=5ea20691-5ab9-4695-ab1d-7e722de7481e, command=[]} | ret=SUCCESS |  
2019-08-21 09:13:43,146 | INFO  | SCMAudit | user=jenkins1000 | ip=192.168.34.50 | op=SEND_HEARTBEAT {datanodeUUID=2efe7137-c334-43ac-ad86-ba58d4ed3c70, command=[]} | ret=SUCCESS |  
2019-08-21 09:13:43,294 | INFO  | SCMAudit | user=jenkins1000 | ip=192.168.34.50 | op=SEND_HEARTBEAT {datanodeUUID=328a75f0-8ecf-454d-ac4a-ee464a922ba9, command=[]} | ret=SUCCESS |  
2019-08-21 09:13:43,697 | INFO  | SCMAudit | user=jenkins1000 | ip=192.168.34.50 | op=SEND_HEARTBEAT {datanodeUUID=d93e8726-51c7-48e5-91db-a9280c3a0547, command=[]} | ret=SUCCESS |  
2019-08-21 09:13:43,704 | INFO  | SCMAudit | user=jenkins1000 | ip=192.168.34.50 | op=SEND_HEARTBEAT {datanodeUUID=b216f333-d584-463e-ac29-b520f4cc8032, command=[]} | ret=SUCCESS |  
2019-08-21 09:13:43,727 | INFO  | SCMAudit | user=jenkins1000 | ip=192.168.34.50 | op=SEND_HEARTBEAT {datanodeUUID=a8271a13-8b98-4259-a956-3406fefc9571, command=[]} | ret=SUCCESS |  
2019-08-21 09:13:43,735 | INFO  | SCMAudit | user=jenkins1000 | ip=192.168.34.50 | op=SEND_HEARTBEAT {datanodeUUID=4fc6c8fa-e96e-43c4-8369-e0ca8a7014d6, command=[]} | ret=SUCCESS |  
2019-08-21 09:13:43,896 | INFO  | SCMAudit | user=jenkins1000 | ip=192.168.34.50 | op=SEND_HEARTBEAT {datanodeUUID=5ea20691-5ab9-4695-ab1d-7e722de7481e, command=[]} | ret=SUCCESS |  
2019-08-21 09:13:44,145 | INFO  | SCMAudit | user=jenkins1000 | ip=192.168.34.50 | op=SEND_HEARTBEAT {datanodeUUID=2efe7137-c334-43ac-ad86-ba58d4ed3c70, command=[]} | ret=SUCCESS |  
2019-08-21 09:13:44,295 | INFO  | SCMAudit | user=jenkins1000 | ip=192.168.34.50 | op=SEND_HEARTBEAT {datanodeUUID=328a75f0-8ecf-454d-ac4a-ee464a922ba9, command=[]} | ret=SUCCESS |  
2019-08-21 09:13:44,696 | INFO  | SCMAudit | user=jenkins1000 | ip=192.168.34.50 | op=SEND_HEARTBEAT {datanodeUUID=d93e8726-51c7-48e5-91db-a9280c3a0547, command=[]} | ret=SUCCESS |  
2019-08-21 09:13:44,704 | INFO  | SCMAudit | user=jenkins1000 | ip=192.168.34.50 | op=SEND_HEARTBEAT {datanodeUUID=b216f333-d584-463e-ac29-b520f4cc8032, command=[]} | ret=SUCCESS |  
2019-08-21 09:13:44,727 | INFO  | SCMAudit | user=jenkins1000 | ip=192.168.34.50 | op=SEND_HEARTBEAT {datanodeUUID=a8271a13-8b98-4259-a956-3406fefc9571, command=[]} | ret=SUCCESS |  
2019-08-21 09:13:44,735 | INFO  | SCMAudit | user=jenkins1000 | ip=192.168.34.50 | op=SEND_HEARTBEAT {datanodeUUID=4fc6c8fa-e96e-43c4-8369-e0ca8a7014d6, command=[]} | ret=SUCCESS |  
2019-08-21 09:13:44,895 | INFO  | SCMAudit | user=jenkins1000 | ip=192.168.34.50 | op=SEND_HEARTBEAT {datanodeUUID=5ea20691-5ab9-4695-ab1d-7e722de7481e, command=[]} | ret=SUCCESS |  
2019-08-21 09:13:45,145 | INFO  | SCMAudit | user=jenkins1000 | ip=192.168.34.50 | op=SEND_HEARTBEAT {datanodeUUID=2efe7137-c334-43ac-ad86-ba58d4ed3c70, command=[]} | ret=SUCCESS |  
2019-08-21 09:13:45,295 | INFO  | SCMAudit | user=jenkins1000 | ip=192.168.34.50 | op=SEND_HEARTBEAT {datanodeUUID=328a75f0-8ecf-454d-ac4a-ee464a922ba9, command=[]} | ret=SUCCESS |  
2019-08-21 09:13:45,697 | INFO  | SCMAudit | user=jenkins1000 | ip=192.168.34.50 | op=SEND_HEARTBEAT {datanodeUUID=d93e8726-51c7-48e5-91db-a9280c3a0547, command=[]} | ret=SUCCESS |  
2019-08-21 09:13:45,705 | INFO  | SCMAudit | user=jenkins1000 | ip=192.168.34.50 | op=SEND_HEARTBEAT {datanodeUUID=b216f333-d584-463e-ac29-b520f4cc8032, command=[]} | ret=SUCCESS |  
2019-08-21 09:13:45,726 | INFO  | SCMAudit | user=jenkins1000 | ip=192.168.34.50 | op=SEND_HEARTBEAT {datanodeUUID=a8271a13-8b98-4259-a956-3406fefc9571, command=[]} | ret=SUCCESS |  
2019-08-21 09:13:45,735 | INFO  | SCMAudit | user=jenkins1000 | ip=192.168.34.50 | op=SEND_HEARTBEAT {datanodeUUID=4fc6c8fa-e96e-43c4-8369-e0ca8a7014d6, command=[]} | ret=SUCCESS |  
2019-08-21 09:13:45,807 [grpc-default-executor-1] INFO  client.GrpcClientProtocolClient (GrpcClientProtocolClient.java:onNext(255)) - client-765D7F86C248->4fc6c8fa-e96e-43c4-8369-e0ca8a7014d6: receive RaftClientReply:client-765D7F86C248->4fc6c8fa-e96e-43c4-8369-e0ca8a7014d6@group-159FDE3C55F8, cid=45, FAILED org.apache.ratis.protocol.NotLeaderException: Server 4fc6c8fa-e96e-43c4-8369-e0ca8a7014d6 is not the leader (b216f333-d584-463e-ac29-b520f4cc8032:192.168.34.50:33369). Request must be sent to leader., logIndex=0, commits[4fc6c8fa-e96e-43c4-8369-e0ca8a7014d6:c8, b216f333-d584-463e-ac29-b520f4cc8032:c8, a8271a13-8b98-4259-a956-3406fefc9571:c8]
2019-08-21 09:13:45,896 | INFO  | SCMAudit | user=jenkins1000 | ip=192.168.34.50 | op=SEND_HEARTBEAT {datanodeUUID=5ea20691-5ab9-4695-ab1d-7e722de7481e, command=[]} | ret=SUCCESS |  
2019-08-21 09:13:46,146 | INFO  | SCMAudit | user=jenkins1000 | ip=192.168.34.50 | op=SEND_HEARTBEAT {datanodeUUID=2efe7137-c334-43ac-ad86-ba58d4ed3c70, command=[]} | ret=SUCCESS |  
2019-08-21 09:13:46,296 | INFO  | SCMAudit | user=jenkins1000 | ip=192.168.34.50 | op=SEND_HEARTBEAT {datanodeUUID=328a75f0-8ecf-454d-ac4a-ee464a922ba9, command=[]} | ret=SUCCESS |  
2019-08-21 09:13:46,697 | INFO  | SCMAudit | user=jenkins1000 | ip=192.168.34.50 | op=SEND_HEARTBEAT {datanodeUUID=d93e8726-51c7-48e5-91db-a9280c3a0547, command=[]} | ret=SUCCESS |  
2019-08-21 09:13:46,705 | INFO  | SCMAudit | user=jenkins1000 | ip=192.168.34.50 | op=SEND_HEARTBEAT {datanodeUUID=b216f333-d584-463e-ac29-b520f4cc8032, command=[]} | ret=SUCCESS |  
2019-08-21 09:13:46,727 | INFO  | SCMAudit | user=jenkins1000 | ip=192.168.34.50 | op=SEND_HEARTBEAT {datanodeUUID=a8271a13-8b98-4259-a956-3406fefc9571, command=[]} | ret=SUCCESS |  
2019-08-21 09:13:46,735 | INFO  | SCMAudit | user=jenkins1000 | ip=192.168.34.50 | op=SEND_HEARTBEAT {datanodeUUID=4fc6c8fa-e96e-43c4-8369-e0ca8a7014d6, command=[]} | ret=SUCCESS |  
2019-08-21 09:13:46,896 | INFO  | SCMAudit | user=jenkins1000 | ip=192.168.34.50 | op=SEND_HEARTBEAT {datanodeUUID=5ea20691-5ab9-4695-ab1d-7e722de7481e, command=[]} | ret=SUCCESS |  
2019-08-21 09:13:47,147 | INFO  | SCMAudit | user=jenkins1000 | ip=192.168.34.50 | op=SEND_HEARTBEAT {datanodeUUID=2efe7137-c334-43ac-ad86-ba58d4ed3c70, command=[]} | ret=SUCCESS |  
2019-08-21 09:13:47,296 | INFO  | SCMAudit | user=jenkins1000 | ip=192.168.34.50 | op=SEND_HEARTBEAT {datanodeUUID=328a75f0-8ecf-454d-ac4a-ee464a922ba9, command=[]} | ret=SUCCESS |  
2019-08-21 09:13:47,697 | INFO  | SCMAudit | user=jenkins1000 | ip=192.168.34.50 | op=SEND_HEARTBEAT {datanodeUUID=d93e8726-51c7-48e5-91db-a9280c3a0547, command=[]} | ret=SUCCESS |  
2019-08-21 09:13:47,706 | INFO  | SCMAudit | user=jenkins1000 | ip=192.168.34.50 | op=SEND_HEARTBEAT {datanodeUUID=b216f333-d584-463e-ac29-b520f4cc8032, command=[]} | ret=SUCCESS |  
2019-08-21 09:13:47,727 | INFO  | SCMAudit | user=jenkins1000 | ip=192.168.34.50 | op=SEND_HEARTBEAT {datanodeUUID=a8271a13-8b98-4259-a956-3406fefc9571, command=[]} | ret=SUCCESS |  
2019-08-21 09:13:47,735 | INFO  | SCMAudit | user=jenkins1000 | ip=192.168.34.50 | op=SEND_HEARTBEAT {datanodeUUID=4fc6c8fa-e96e-43c4-8369-e0ca8a7014d6, command=[]} | ret=SUCCESS |  
2019-08-21 09:13:47,895 | INFO  | SCMAudit | user=jenkins1000 | ip=192.168.34.50 | op=SEND_HEARTBEAT {datanodeUUID=5ea20691-5ab9-4695-ab1d-7e722de7481e, command=[]} | ret=SUCCESS |  
2019-08-21 09:13:48,147 | INFO  | SCMAudit | user=jenkins1000 | ip=192.168.34.50 | op=SEND_HEARTBEAT {datanodeUUID=2efe7137-c334-43ac-ad86-ba58d4ed3c70, command=[]} | ret=SUCCESS |  
2019-08-21 09:13:48,295 | INFO  | SCMAudit | user=jenkins1000 | ip=192.168.34.50 | op=SEND_HEARTBEAT {datanodeUUID=328a75f0-8ecf-454d-ac4a-ee464a922ba9, command=[]} | ret=SUCCESS |  
2019-08-21 09:13:48,698 | INFO  | SCMAudit | user=jenkins1000 | ip=192.168.34.50 | op=SEND_HEARTBEAT {datanodeUUID=d93e8726-51c7-48e5-91db-a9280c3a0547, command=[]} | ret=SUCCESS |  
2019-08-21 09:13:48,706 | INFO  | SCMAudit | user=jenkins1000 | ip=192.168.34.50 | op=SEND_HEARTBEAT {datanodeUUID=b216f333-d584-463e-ac29-b520f4cc8032, command=[]} | ret=SUCCESS |  
2019-08-21 09:13:48,726 | INFO  | SCMAudit | user=jenkins1000 | ip=192.168.34.50 | op=SEND_HEARTBEAT {datanodeUUID=a8271a13-8b98-4259-a956-3406fefc9571, command=[]} | ret=SUCCESS |  
2019-08-21 09:13:48,734 | INFO  | SCMAudit | user=jenkins1000 | ip=192.168.34.50 | op=SEND_HEARTBEAT {datanodeUUID=4fc6c8fa-e96e-43c4-8369-e0ca8a7014d6, command=[]} | ret=SUCCESS |  
2019-08-21 09:13:48,895 | INFO  | SCMAudit | user=jenkins1000 | ip=192.168.34.50 | op=SEND_HEARTBEAT {datanodeUUID=5ea20691-5ab9-4695-ab1d-7e722de7481e, command=[]} | ret=SUCCESS |  
2019-08-21 09:13:49,147 | INFO  | SCMAudit | user=jenkins1000 | ip=192.168.34.50 | op=SEND_HEARTBEAT {datanodeUUID=2efe7137-c334-43ac-ad86-ba58d4ed3c70, command=[]} | ret=SUCCESS |  
2019-08-21 09:13:49,296 | INFO  | SCMAudit | user=jenkins1000 | ip=192.168.34.50 | op=SEND_HEARTBEAT {datanodeUUID=328a75f0-8ecf-454d-ac4a-ee464a922ba9, command=[]} | ret=SUCCESS |  
2019-08-21 09:13:49,698 | INFO  | SCMAudit | user=jenkins1000 | ip=192.168.34.50 | op=SEND_HEARTBEAT {datanodeUUID=d93e8726-51c7-48e5-91db-a9280c3a0547, command=[]} | ret=SUCCESS |  
2019-08-21 09:13:49,706 | INFO  | SCMAudit | user=jenkins1000 | ip=192.168.34.50 | op=SEND_HEARTBEAT {datanodeUUID=b216f333-d584-463e-ac29-b520f4cc8032, command=[]} | ret=SUCCESS |  
2019-08-21 09:13:49,727 | INFO  | SCMAudit | user=jenkins1000 | ip=192.168.34.50 | op=SEND_HEARTBEAT {datanodeUUID=a8271a13-8b98-4259-a956-3406fefc9571, command=[]} | ret=SUCCESS |  
2019-08-21 09:13:49,734 | INFO  | SCMAudit | user=jenkins1000 | ip=192.168.34.50 | op=SEND_HEARTBEAT {datanodeUUID=4fc6c8fa-e96e-43c4-8369-e0ca8a7014d6, command=[]} | ret=SUCCESS |  
2019-08-21 09:13:49,896 | INFO  | SCMAudit | user=jenkins1000 | ip=192.168.34.50 | op=SEND_HEARTBEAT {datanodeUUID=5ea20691-5ab9-4695-ab1d-7e722de7481e, command=[]} | ret=SUCCESS |  
2019-08-21 09:13:50,148 | INFO  | SCMAudit | user=jenkins1000 | ip=192.168.34.50 | op=SEND_HEARTBEAT {datanodeUUID=2efe7137-c334-43ac-ad86-ba58d4ed3c70, command=[]} | ret=SUCCESS |  
2019-08-21 09:13:50,295 | INFO  | SCMAudit | user=jenkins1000 | ip=192.168.34.50 | op=SEND_HEARTBEAT {datanodeUUID=328a75f0-8ecf-454d-ac4a-ee464a922ba9, command=[]} | ret=SUCCESS |  
2019-08-21 09:13:50,698 | INFO  | SCMAudit | user=jenkins1000 | ip=192.168.34.50 | op=SEND_HEARTBEAT {datanodeUUID=d93e8726-51c7-48e5-91db-a9280c3a0547, command=[]} | ret=SUCCESS |  
2019-08-21 09:13:50,706 | INFO  | SCMAudit | user=jenkins1000 | ip=192.168.34.50 | op=SEND_HEARTBEAT {datanodeUUID=b216f333-d584-463e-ac29-b520f4cc8032, command=[]} | ret=SUCCESS |  
2019-08-21 09:13:50,727 | INFO  | SCMAudit | user=jenkins1000 | ip=192.168.34.50 | op=SEND_HEARTBEAT {datanodeUUID=a8271a13-8b98-4259-a956-3406fefc9571, command=[]} | ret=SUCCESS |  
2019-08-21 09:13:50,734 | INFO  | SCMAudit | user=jenkins1000 | ip=192.168.34.50 | op=SEND_HEARTBEAT {datanodeUUID=4fc6c8fa-e96e-43c4-8369-e0ca8a7014d6, command=[]} | ret=SUCCESS |  
2019-08-21 09:13:50,866 [grpc-default-executor-0] INFO  client.GrpcClientProtocolClient (GrpcClientProtocolClient.java:onNext(255)) - client-765D7F86C248->4fc6c8fa-e96e-43c4-8369-e0ca8a7014d6: receive RaftClientReply:client-765D7F86C248->4fc6c8fa-e96e-43c4-8369-e0ca8a7014d6@group-159FDE3C55F8, cid=45, FAILED org.apache.ratis.protocol.NotLeaderException: Server 4fc6c8fa-e96e-43c4-8369-e0ca8a7014d6 is not the leader (b216f333-d584-463e-ac29-b520f4cc8032:192.168.34.50:33369). Request must be sent to leader., logIndex=0, commits[4fc6c8fa-e96e-43c4-8369-e0ca8a7014d6:c8, b216f333-d584-463e-ac29-b520f4cc8032:c8, a8271a13-8b98-4259-a956-3406fefc9571:c8]
2019-08-21 09:13:50,895 | INFO  | SCMAudit | user=jenkins1000 | ip=192.168.34.50 | op=SEND_HEARTBEAT {datanodeUUID=5ea20691-5ab9-4695-ab1d-7e722de7481e, command=[]} | ret=SUCCESS |  
2019-08-21 09:13:51,148 | INFO  | SCMAudit | user=jenkins1000 | ip=192.168.34.50 | op=SEND_HEARTBEAT {datanodeUUID=2efe7137-c334-43ac-ad86-ba58d4ed3c70, command=[]} | ret=SUCCESS |  
2019-08-21 09:13:51,295 | INFO  | SCMAudit | user=jenkins1000 | ip=192.168.34.50 | op=SEND_HEARTBEAT {datanodeUUID=328a75f0-8ecf-454d-ac4a-ee464a922ba9, command=[]} | ret=SUCCESS |  
2019-08-21 09:13:51,698 | INFO  | SCMAudit | user=jenkins1000 | ip=192.168.34.50 | op=SEND_HEARTBEAT {datanodeUUID=d93e8726-51c7-48e5-91db-a9280c3a0547, command=[]} | ret=SUCCESS |  
2019-08-21 09:13:51,706 | INFO  | SCMAudit | user=jenkins1000 | ip=192.168.34.50 | op=SEND_HEARTBEAT {datanodeUUID=b216f333-d584-463e-ac29-b520f4cc8032, command=[]} | ret=SUCCESS |  
2019-08-21 09:13:51,727 | INFO  | SCMAudit | user=jenkins1000 | ip=192.168.34.50 | op=SEND_HEARTBEAT {datanodeUUID=a8271a13-8b98-4259-a956-3406fefc9571, command=[]} | ret=SUCCESS |  
2019-08-21 09:13:51,734 | INFO  | SCMAudit | user=jenkins1000 | ip=192.168.34.50 | op=SEND_HEARTBEAT {datanodeUUID=4fc6c8fa-e96e-43c4-8369-e0ca8a7014d6, command=[]} | ret=SUCCESS |  
2019-08-21 09:13:51,896 | INFO  | SCMAudit | user=jenkins1000 | ip=192.168.34.50 | op=SEND_HEARTBEAT {datanodeUUID=5ea20691-5ab9-4695-ab1d-7e722de7481e, command=[]} | ret=SUCCESS |  
2019-08-21 09:13:52,148 | INFO  | SCMAudit | user=jenkins1000 | ip=192.168.34.50 | op=SEND_HEARTBEAT {datanodeUUID=2efe7137-c334-43ac-ad86-ba58d4ed3c70, command=[]} | ret=SUCCESS |  
2019-08-21 09:13:52,295 | INFO  | SCMAudit | user=jenkins1000 | ip=192.168.34.50 | op=SEND_HEARTBEAT {datanodeUUID=328a75f0-8ecf-454d-ac4a-ee464a922ba9, command=[]} | ret=SUCCESS |  
2019-08-21 09:13:52,699 | INFO  | SCMAudit | user=jenkins1000 | ip=192.168.34.50 | op=SEND_HEARTBEAT {datanodeUUID=d93e8726-51c7-48e5-91db-a9280c3a0547, command=[]} | ret=SUCCESS |  
2019-08-21 09:13:52,706 | INFO  | SCMAudit | user=jenkins1000 | ip=192.168.34.50 | op=SEND_HEARTBEAT {datanodeUUID=b216f333-d584-463e-ac29-b520f4cc8032, command=[]} | ret=SUCCESS |  
2019-08-21 09:13:52,727 | INFO  | SCMAudit | user=jenkins1000 | ip=192.168.34.50 | op=SEND_HEARTBEAT {datanodeUUID=a8271a13-8b98-4259-a956-3406fefc9571, command=[]} | ret=SUCCESS |  
2019-08-21 09:13:52,735 | INFO  | SCMAudit | user=jenkins1000 | ip=192.168.34.50 | op=SEND_HEARTBEAT {datanodeUUID=4fc6c8fa-e96e-43c4-8369-e0ca8a7014d6, command=[]} | ret=SUCCESS |  
2019-08-21 09:13:52,896 | INFO  | SCMAudit | user=jenkins1000 | ip=192.168.34.50 | op=SEND_HEARTBEAT {datanodeUUID=5ea20691-5ab9-4695-ab1d-7e722de7481e, command=[]} | ret=SUCCESS |  
2019-08-21 09:13:53,149 | INFO  | SCMAudit | user=jenkins1000 | ip=192.168.34.50 | op=SEND_HEARTBEAT {datanodeUUID=2efe7137-c334-43ac-ad86-ba58d4ed3c70, command=[]} | ret=SUCCESS |  
2019-08-21 09:13:53,296 | INFO  | SCMAudit | user=jenkins1000 | ip=192.168.34.50 | op=SEND_HEARTBEAT {datanodeUUID=328a75f0-8ecf-454d-ac4a-ee464a922ba9, command=[]} | ret=SUCCESS |  
2019-08-21 09:13:53,699 | INFO  | SCMAudit | user=jenkins1000 | ip=192.168.34.50 | op=SEND_HEARTBEAT {datanodeUUID=d93e8726-51c7-48e5-91db-a9280c3a0547, command=[]} | ret=SUCCESS |  
2019-08-21 09:13:53,706 | INFO  | SCMAudit | user=jenkins1000 | ip=192.168.34.50 | op=SEND_HEARTBEAT {datanodeUUID=b216f333-d584-463e-ac29-b520f4cc8032, command=[]} | ret=SUCCESS |  
2019-08-21 09:13:53,727 | INFO  | SCMAudit | user=jenkins1000 | ip=192.168.34.50 | op=SEND_HEARTBEAT {datanodeUUID=a8271a13-8b98-4259-a956-3406fefc9571, command=[]} | ret=SUCCESS |  
2019-08-21 09:13:53,735 | INFO  | SCMAudit | user=jenkins1000 | ip=192.168.34.50 | op=SEND_HEARTBEAT {datanodeUUID=4fc6c8fa-e96e-43c4-8369-e0ca8a7014d6, command=[]} | ret=SUCCESS |  
2019-08-21 09:13:53,896 | INFO  | SCMAudit | user=jenkins1000 | ip=192.168.34.50 | op=SEND_HEARTBEAT {datanodeUUID=5ea20691-5ab9-4695-ab1d-7e722de7481e, command=[]} | ret=SUCCESS |  
2019-08-21 09:13:54,148 | INFO  | SCMAudit | user=jenkins1000 | ip=192.168.34.50 | op=SEND_HEARTBEAT {datanodeUUID=2efe7137-c334-43ac-ad86-ba58d4ed3c70, command=[]} | ret=SUCCESS |  
2019-08-21 09:13:54,296 | INFO  | SCMAudit | user=jenkins1000 | ip=192.168.34.50 | op=SEND_HEARTBEAT {datanodeUUID=328a75f0-8ecf-454d-ac4a-ee464a922ba9, command=[]} | ret=SUCCESS |  
2019-08-21 09:13:54,699 | INFO  | SCMAudit | user=jenkins1000 | ip=192.168.34.50 | op=SEND_HEARTBEAT {datanodeUUID=d93e8726-51c7-48e5-91db-a9280c3a0547, command=[]} | ret=SUCCESS |  
2019-08-21 09:13:54,707 | INFO  | SCMAudit | user=jenkins1000 | ip=192.168.34.50 | op=SEND_HEARTBEAT {datanodeUUID=b216f333-d584-463e-ac29-b520f4cc8032, command=[]} | ret=SUCCESS |  
2019-08-21 09:13:54,728 | INFO  | SCMAudit | user=jenkins1000 | ip=192.168.34.50 | op=SEND_HEARTBEAT {datanodeUUID=a8271a13-8b98-4259-a956-3406fefc9571, command=[]} | ret=SUCCESS |  
2019-08-21 09:13:54,736 | INFO  | SCMAudit | user=jenkins1000 | ip=192.168.34.50 | op=SEND_HEARTBEAT {datanodeUUID=4fc6c8fa-e96e-43c4-8369-e0ca8a7014d6, command=[]} | ret=SUCCESS |  
2019-08-21 09:13:54,896 | INFO  | SCMAudit | user=jenkins1000 | ip=192.168.34.50 | op=SEND_HEARTBEAT {datanodeUUID=5ea20691-5ab9-4695-ab1d-7e722de7481e, command=[]} | ret=SUCCESS |  
2019-08-21 09:13:55,148 | INFO  | SCMAudit | user=jenkins1000 | ip=192.168.34.50 | op=SEND_HEARTBEAT {datanodeUUID=2efe7137-c334-43ac-ad86-ba58d4ed3c70, command=[]} | ret=SUCCESS |  
2019-08-21 09:13:55,297 | INFO  | SCMAudit | user=jenkins1000 | ip=192.168.34.50 | op=SEND_HEARTBEAT {datanodeUUID=328a75f0-8ecf-454d-ac4a-ee464a922ba9, command=[]} | ret=SUCCESS |  
2019-08-21 09:13:55,700 | INFO  | SCMAudit | user=jenkins1000 | ip=192.168.34.50 | op=SEND_HEARTBEAT {datanodeUUID=d93e8726-51c7-48e5-91db-a9280c3a0547, command=[]} | ret=SUCCESS |  
2019-08-21 09:13:55,707 | INFO  | SCMAudit | user=jenkins1000 | ip=192.168.34.50 | op=SEND_HEARTBEAT {datanodeUUID=b216f333-d584-463e-ac29-b520f4cc8032, command=[]} | ret=SUCCESS |  
2019-08-21 09:13:55,728 | INFO  | SCMAudit | user=jenkins1000 | ip=192.168.34.50 | op=SEND_HEARTBEAT {datanodeUUID=a8271a13-8b98-4259-a956-3406fefc9571, command=[]} | ret=SUCCESS |  
2019-08-21 09:13:55,736 | INFO  | SCMAudit | user=jenkins1000 | ip=192.168.34.50 | op=SEND_HEARTBEAT {datanodeUUID=4fc6c8fa-e96e-43c4-8369-e0ca8a7014d6, command=[]} | ret=SUCCESS |  
2019-08-21 09:13:55,900 | INFO  | SCMAudit | user=jenkins1000 | ip=192.168.34.50 | op=SEND_HEARTBEAT {datanodeUUID=5ea20691-5ab9-4695-ab1d-7e722de7481e, command=[]} | ret=SUCCESS |  
2019-08-21 09:13:55,911 [grpc-default-executor-0] INFO  client.GrpcClientProtocolClient (GrpcClientProtocolClient.java:onNext(255)) - client-765D7F86C248->a8271a13-8b98-4259-a956-3406fefc9571: receive RaftClientReply:client-765D7F86C248->a8271a13-8b98-4259-a956-3406fefc9571@group-159FDE3C55F8, cid=45, FAILED org.apache.ratis.protocol.NotLeaderException: Server a8271a13-8b98-4259-a956-3406fefc9571 is not the leader (b216f333-d584-463e-ac29-b520f4cc8032:192.168.34.50:33369). Request must be sent to leader., logIndex=0, commits[a8271a13-8b98-4259-a956-3406fefc9571:c8, 4fc6c8fa-e96e-43c4-8369-e0ca8a7014d6:c8, b216f333-d584-463e-ac29-b520f4cc8032:c8]
2019-08-21 09:13:56,149 | INFO  | SCMAudit | user=jenkins1000 | ip=192.168.34.50 | op=SEND_HEARTBEAT {datanodeUUID=2efe7137-c334-43ac-ad86-ba58d4ed3c70, command=[]} | ret=SUCCESS |  
2019-08-21 09:13:56,296 | INFO  | SCMAudit | user=jenkins1000 | ip=192.168.34.50 | op=SEND_HEARTBEAT {datanodeUUID=328a75f0-8ecf-454d-ac4a-ee464a922ba9, command=[]} | ret=SUCCESS |  
2019-08-21 09:13:56,700 | INFO  | SCMAudit | user=jenkins1000 | ip=192.168.34.50 | op=SEND_HEARTBEAT {datanodeUUID=d93e8726-51c7-48e5-91db-a9280c3a0547, command=[]} | ret=SUCCESS |  
2019-08-21 09:13:56,706 | INFO  | SCMAudit | user=jenkins1000 | ip=192.168.34.50 | op=SEND_HEARTBEAT {datanodeUUID=b216f333-d584-463e-ac29-b520f4cc8032, command=[]} | ret=SUCCESS |  
2019-08-21 09:13:56,728 | INFO  | SCMAudit | user=jenkins1000 | ip=192.168.34.50 | op=SEND_HEARTBEAT {datanodeUUID=a8271a13-8b98-4259-a956-3406fefc9571, command=[]} | ret=SUCCESS |  
2019-08-21 09:13:56,736 | INFO  | SCMAudit | user=jenkins1000 | ip=192.168.34.50 | op=SEND_HEARTBEAT {datanodeUUID=4fc6c8fa-e96e-43c4-8369-e0ca8a7014d6, command=[]} | ret=SUCCESS |  
2019-08-21 09:13:56,900 | INFO  | SCMAudit | user=jenkins1000 | ip=192.168.34.50 | op=SEND_HEARTBEAT {datanodeUUID=5ea20691-5ab9-4695-ab1d-7e722de7481e, command=[]} | ret=SUCCESS |  
2019-08-21 09:13:57,149 | INFO  | SCMAudit | user=jenkins1000 | ip=192.168.34.50 | op=SEND_HEARTBEAT {datanodeUUID=2efe7137-c334-43ac-ad86-ba58d4ed3c70, command=[]} | ret=SUCCESS |  
2019-08-21 09:13:57,297 | INFO  | SCMAudit | user=jenkins1000 | ip=192.168.34.50 | op=SEND_HEARTBEAT {datanodeUUID=328a75f0-8ecf-454d-ac4a-ee464a922ba9, command=[]} | ret=SUCCESS |  
2019-08-21 09:13:57,700 | INFO  | SCMAudit | user=jenkins1000 | ip=192.168.34.50 | op=SEND_HEARTBEAT {datanodeUUID=d93e8726-51c7-48e5-91db-a9280c3a0547, command=[]} | ret=SUCCESS |  
2019-08-21 09:13:57,706 | INFO  | SCMAudit | user=jenkins1000 | ip=192.168.34.50 | op=SEND_HEARTBEAT {datanodeUUID=b216f333-d584-463e-ac29-b520f4cc8032, command=[]} | ret=SUCCESS |  
2019-08-21 09:13:57,729 | INFO  | SCMAudit | user=jenkins1000 | ip=192.168.34.50 | op=SEND_HEARTBEAT {datanodeUUID=a8271a13-8b98-4259-a956-3406fefc9571, command=[]} | ret=SUCCESS |  
2019-08-21 09:13:57,737 | INFO  | SCMAudit | user=jenkins1000 | ip=192.168.34.50 | op=SEND_HEARTBEAT {datanodeUUID=4fc6c8fa-e96e-43c4-8369-e0ca8a7014d6, command=[]} | ret=SUCCESS |  
2019-08-21 09:13:57,901 | INFO  | SCMAudit | user=jenkins1000 | ip=192.168.34.50 | op=SEND_HEARTBEAT {datanodeUUID=5ea20691-5ab9-4695-ab1d-7e722de7481e, command=[]} | ret=SUCCESS |  
2019-08-21 09:13:58,148 | INFO  | SCMAudit | user=jenkins1000 | ip=192.168.34.50 | op=SEND_HEARTBEAT {datanodeUUID=2efe7137-c334-43ac-ad86-ba58d4ed3c70, command=[]} | ret=SUCCESS |  
2019-08-21 09:13:58,297 | INFO  | SCMAudit | user=jenkins1000 | ip=192.168.34.50 | op=SEND_HEARTBEAT {datanodeUUID=328a75f0-8ecf-454d-ac4a-ee464a922ba9, command=[]} | ret=SUCCESS |  
2019-08-21 09:13:58,699 | INFO  | SCMAudit | user=jenkins1000 | ip=192.168.34.50 | op=SEND_HEARTBEAT {datanodeUUID=d93e8726-51c7-48e5-91db-a9280c3a0547, command=[]} | ret=SUCCESS |  
2019-08-21 09:13:58,707 | INFO  | SCMAudit | user=jenkins1000 | ip=192.168.34.50 | op=SEND_HEARTBEAT {datanodeUUID=b216f333-d584-463e-ac29-b520f4cc8032, command=[]} | ret=SUCCESS |  
2019-08-21 09:13:58,729 | INFO  | SCMAudit | user=jenkins1000 | ip=192.168.34.50 | op=SEND_HEARTBEAT {datanodeUUID=a8271a13-8b98-4259-a956-3406fefc9571, command=[]} | ret=SUCCESS |  
2019-08-21 09:13:58,736 | INFO  | SCMAudit | user=jenkins1000 | ip=192.168.34.50 | op=SEND_HEARTBEAT {datanodeUUID=4fc6c8fa-e96e-43c4-8369-e0ca8a7014d6, command=[]} | ret=SUCCESS |  
2019-08-21 09:13:58,905 | INFO  | SCMAudit | user=jenkins1000 | ip=192.168.34.50 | op=SEND_HEARTBEAT {datanodeUUID=5ea20691-5ab9-4695-ab1d-7e722de7481e, command=[]} | ret=SUCCESS |  
2019-08-21 09:13:59,149 | INFO  | SCMAudit | user=jenkins1000 | ip=192.168.34.50 | op=SEND_HEARTBEAT {datanodeUUID=2efe7137-c334-43ac-ad86-ba58d4ed3c70, command=[]} | ret=SUCCESS |  
2019-08-21 09:13:59,296 | INFO  | SCMAudit | user=jenkins1000 | ip=192.168.34.50 | op=SEND_HEARTBEAT {datanodeUUID=328a75f0-8ecf-454d-ac4a-ee464a922ba9, command=[]} | ret=SUCCESS |  
2019-08-21 09:13:59,700 | INFO  | SCMAudit | user=jenkins1000 | ip=192.168.34.50 | op=SEND_HEARTBEAT {datanodeUUID=d93e8726-51c7-48e5-91db-a9280c3a0547, command=[]} | ret=SUCCESS |  
2019-08-21 09:13:59,707 | INFO  | SCMAudit | user=jenkins1000 | ip=192.168.34.50 | op=SEND_HEARTBEAT {datanodeUUID=b216f333-d584-463e-ac29-b520f4cc8032, command=[]} | ret=SUCCESS |  
2019-08-21 09:13:59,729 | INFO  | SCMAudit | user=jenkins1000 | ip=192.168.34.50 | op=SEND_HEARTBEAT {datanodeUUID=a8271a13-8b98-4259-a956-3406fefc9571, command=[]} | ret=SUCCESS |  
2019-08-21 09:13:59,736 | INFO  | SCMAudit | user=jenkins1000 | ip=192.168.34.50 | op=SEND_HEARTBEAT {datanodeUUID=4fc6c8fa-e96e-43c4-8369-e0ca8a7014d6, command=[]} | ret=SUCCESS |  
2019-08-21 09:13:59,901 | INFO  | SCMAudit | user=jenkins1000 | ip=192.168.34.50 | op=SEND_HEARTBEAT {datanodeUUID=5ea20691-5ab9-4695-ab1d-7e722de7481e, command=[]} | ret=SUCCESS |  
2019-08-21 09:14:00,148 | INFO  | SCMAudit | user=jenkins1000 | ip=192.168.34.50 | op=SEND_HEARTBEAT {datanodeUUID=2efe7137-c334-43ac-ad86-ba58d4ed3c70, command=[]} | ret=SUCCESS |  
2019-08-21 09:14:00,297 | INFO  | SCMAudit | user=jenkins1000 | ip=192.168.34.50 | op=SEND_HEARTBEAT {datanodeUUID=328a75f0-8ecf-454d-ac4a-ee464a922ba9, command=[]} | ret=SUCCESS |  
2019-08-21 09:14:00,701 | INFO  | SCMAudit | user=jenkins1000 | ip=192.168.34.50 | op=SEND_HEARTBEAT {datanodeUUID=d93e8726-51c7-48e5-91db-a9280c3a0547, command=[]} | ret=SUCCESS |  
2019-08-21 09:14:00,707 | INFO  | SCMAudit | user=jenkins1000 | ip=192.168.34.50 | op=SEND_HEARTBEAT {datanodeUUID=b216f333-d584-463e-ac29-b520f4cc8032, command=[]} | ret=SUCCESS |  
2019-08-21 09:14:00,729 | INFO  | SCMAudit | user=jenkins1000 | ip=192.168.34.50 | op=SEND_HEARTBEAT {datanodeUUID=a8271a13-8b98-4259-a956-3406fefc9571, command=[]} | ret=SUCCESS |  
2019-08-21 09:14:00,736 | INFO  | SCMAudit | user=jenkins1000 | ip=192.168.34.50 | op=SEND_HEARTBEAT {datanodeUUID=4fc6c8fa-e96e-43c4-8369-e0ca8a7014d6, command=[]} | ret=SUCCESS |  
2019-08-21 09:14:00,901 | INFO  | SCMAudit | user=jenkins1000 | ip=192.168.34.50 | op=SEND_HEARTBEAT {datanodeUUID=5ea20691-5ab9-4695-ab1d-7e722de7481e, command=[]} | ret=SUCCESS |  
2019-08-21 09:14:00,952 [grpc-default-executor-0] INFO  client.GrpcClientProtocolClient (GrpcClientProtocolClient.java:onNext(255)) - client-765D7F86C248->a8271a13-8b98-4259-a956-3406fefc9571: receive RaftClientReply:client-765D7F86C248->a8271a13-8b98-4259-a956-3406fefc9571@group-159FDE3C55F8, cid=45, FAILED org.apache.ratis.protocol.NotLeaderException: Server a8271a13-8b98-4259-a956-3406fefc9571 is not the leader (b216f333-d584-463e-ac29-b520f4cc8032:192.168.34.50:33369). Request must be sent to leader., logIndex=0, commits[a8271a13-8b98-4259-a956-3406fefc9571:c8, 4fc6c8fa-e96e-43c4-8369-e0ca8a7014d6:c8, b216f333-d584-463e-ac29-b520f4cc8032:c8]
2019-08-21 09:14:01,149 | INFO  | SCMAudit | user=jenkins1000 | ip=192.168.34.50 | op=SEND_HEARTBEAT {datanodeUUID=2efe7137-c334-43ac-ad86-ba58d4ed3c70, command=[]} | ret=SUCCESS |  
2019-08-21 09:14:01,298 | INFO  | SCMAudit | user=jenkins1000 | ip=192.168.34.50 | op=SEND_HEARTBEAT {datanodeUUID=328a75f0-8ecf-454d-ac4a-ee464a922ba9, command=[]} | ret=SUCCESS |  
2019-08-21 09:14:01,700 | INFO  | SCMAudit | user=jenkins1000 | ip=192.168.34.50 | op=SEND_HEARTBEAT {datanodeUUID=d93e8726-51c7-48e5-91db-a9280c3a0547, command=[]} | ret=SUCCESS |  
2019-08-21 09:14:01,708 | INFO  | SCMAudit | user=jenkins1000 | ip=192.168.34.50 | op=SEND_HEARTBEAT {datanodeUUID=b216f333-d584-463e-ac29-b520f4cc8032, command=[]} | ret=SUCCESS |  
2019-08-21 09:14:01,730 | INFO  | SCMAudit | user=jenkins1000 | ip=192.168.34.50 | op=SEND_HEARTBEAT {datanodeUUID=a8271a13-8b98-4259-a956-3406fefc9571, command=[]} | ret=SUCCESS |  
2019-08-21 09:14:01,736 | INFO  | SCMAudit | user=jenkins1000 | ip=192.168.34.50 | op=SEND_HEARTBEAT {datanodeUUID=4fc6c8fa-e96e-43c4-8369-e0ca8a7014d6, command=[]} | ret=SUCCESS |  
2019-08-21 09:14:01,901 | INFO  | SCMAudit | user=jenkins1000 | ip=192.168.34.50 | op=SEND_HEARTBEAT {datanodeUUID=5ea20691-5ab9-4695-ab1d-7e722de7481e, command=[]} | ret=SUCCESS |  
2019-08-21 09:14:02,149 | INFO  | SCMAudit | user=jenkins1000 | ip=192.168.34.50 | op=SEND_HEARTBEAT {datanodeUUID=2efe7137-c334-43ac-ad86-ba58d4ed3c70, command=[]} | ret=SUCCESS |  
2019-08-21 09:14:02,298 | INFO  | SCMAudit | user=jenkins1000 | ip=192.168.34.50 | op=SEND_HEARTBEAT {datanodeUUID=328a75f0-8ecf-454d-ac4a-ee464a922ba9, command=[]} | ret=SUCCESS |  
2019-08-21 09:14:02,701 | INFO  | SCMAudit | user=jenkins1000 | ip=192.168.34.50 | op=SEND_HEARTBEAT {datanodeUUID=d93e8726-51c7-48e5-91db-a9280c3a0547, command=[]} | ret=SUCCESS |  
2019-08-21 09:14:02,709 | INFO  | SCMAudit | user=jenkins1000 | ip=192.168.34.50 | op=SEND_HEARTBEAT {datanodeUUID=b216f333-d584-463e-ac29-b520f4cc8032, command=[]} | ret=SUCCESS |  
2019-08-21 09:14:02,729 | INFO  | SCMAudit | user=jenkins1000 | ip=192.168.34.50 | op=SEND_HEARTBEAT {datanodeUUID=a8271a13-8b98-4259-a956-3406fefc9571, command=[]} | ret=SUCCESS |  
2019-08-21 09:14:02,736 | INFO  | SCMAudit | user=jenkins1000 | ip=192.168.34.50 | op=SEND_HEARTBEAT {datanodeUUID=4fc6c8fa-e96e-43c4-8369-e0ca8a7014d6, command=[]} | ret=SUCCESS |  
2019-08-21 09:14:02,900 | INFO  | SCMAudit | user=jenkins1000 | ip=192.168.34.50 | op=SEND_HEARTBEAT {datanodeUUID=5ea20691-5ab9-4695-ab1d-7e722de7481e, command=[]} | ret=SUCCESS |  
2019-08-21 09:14:03,150 | INFO  | SCMAudit | user=jenkins1000 | ip=192.168.34.50 | op=SEND_HEARTBEAT {datanodeUUID=2efe7137-c334-43ac-ad86-ba58d4ed3c70, command=[]} | ret=SUCCESS |  
2019-08-21 09:14:03,299 | INFO  | SCMAudit | user=jenkins1000 | ip=192.168.34.50 | op=SEND_HEARTBEAT {datanodeUUID=328a75f0-8ecf-454d-ac4a-ee464a922ba9, command=[]} | ret=SUCCESS |  
2019-08-21 09:14:03,700 | INFO  | SCMAudit | user=jenkins1000 | ip=192.168.34.50 | op=SEND_HEARTBEAT {datanodeUUID=d93e8726-51c7-48e5-91db-a9280c3a0547, command=[]} | ret=SUCCESS |  
2019-08-21 09:14:03,709 | INFO  | SCMAudit | user=jenkins1000 | ip=192.168.34.50 | op=SEND_HEARTBEAT {datanodeUUID=b216f333-d584-463e-ac29-b520f4cc8032, command=[]} | ret=SUCCESS |  
2019-08-21 09:14:03,730 | INFO  | SCMAudit | user=jenkins1000 | ip=192.168.34.50 | op=SEND_HEARTBEAT {datanodeUUID=a8271a13-8b98-4259-a956-3406fefc9571, command=[]} | ret=SUCCESS |  
2019-08-21 09:14:03,737 | INFO  | SCMAudit | user=jenkins1000 | ip=192.168.34.50 | op=SEND_HEARTBEAT {datanodeUUID=4fc6c8fa-e96e-43c4-8369-e0ca8a7014d6, command=[]} | ret=SUCCESS |  
2019-08-21 09:14:03,901 | INFO  | SCMAudit | user=jenkins1000 | ip=192.168.34.50 | op=SEND_HEARTBEAT {datanodeUUID=5ea20691-5ab9-4695-ab1d-7e722de7481e, command=[]} | ret=SUCCESS |  
2019-08-21 09:14:04,150 | INFO  | SCMAudit | user=jenkins1000 | ip=192.168.34.50 | op=SEND_HEARTBEAT {datanodeUUID=2efe7137-c334-43ac-ad86-ba58d4ed3c70, command=[]} | ret=SUCCESS |  
2019-08-21 09:14:04,298 | INFO  | SCMAudit | user=jenkins1000 | ip=192.168.34.50 | op=SEND_HEARTBEAT {datanodeUUID=328a75f0-8ecf-454d-ac4a-ee464a922ba9, command=[]} | ret=SUCCESS |  
2019-08-21 09:14:04,701 | INFO  | SCMAudit | user=jenkins1000 | ip=192.168.34.50 | op=SEND_HEARTBEAT {datanodeUUID=d93e8726-51c7-48e5-91db-a9280c3a0547, command=[]} | ret=SUCCESS |  
2019-08-21 09:14:04,709 | INFO  | SCMAudit | user=jenkins1000 | ip=192.168.34.50 | op=SEND_HEARTBEAT {datanodeUUID=b216f333-d584-463e-ac29-b520f4cc8032, command=[]} | ret=SUCCESS |  
2019-08-21 09:14:04,730 | INFO  | SCMAudit | user=jenkins1000 | ip=192.168.34.50 | op=SEND_HEARTBEAT {datanodeUUID=a8271a13-8b98-4259-a956-3406fefc9571, command=[]} | ret=SUCCESS |  
2019-08-21 09:14:04,737 | INFO  | SCMAudit | user=jenkins1000 | ip=192.168.34.50 | op=SEND_HEARTBEAT {datanodeUUID=4fc6c8fa-e96e-43c4-8369-e0ca8a7014d6, command=[]} | ret=SUCCESS |  
2019-08-21 09:14:04,900 | INFO  | SCMAudit | user=jenkins1000 | ip=192.168.34.50 | op=SEND_HEARTBEAT {datanodeUUID=5ea20691-5ab9-4695-ab1d-7e722de7481e, command=[]} | ret=SUCCESS |  
2019-08-21 09:14:05,150 | INFO  | SCMAudit | user=jenkins1000 | ip=192.168.34.50 | op=SEND_HEARTBEAT {datanodeUUID=2efe7137-c334-43ac-ad86-ba58d4ed3c70, command=[]} | ret=SUCCESS |  
2019-08-21 09:14:05,299 | INFO  | SCMAudit | user=jenkins1000 | ip=192.168.34.50 | op=SEND_HEARTBEAT {datanodeUUID=328a75f0-8ecf-454d-ac4a-ee464a922ba9, command=[]} | ret=SUCCESS |  
2019-08-21 09:14:05,701 | INFO  | SCMAudit | user=jenkins1000 | ip=192.168.34.50 | op=SEND_HEARTBEAT {datanodeUUID=d93e8726-51c7-48e5-91db-a9280c3a0547, command=[]} | ret=SUCCESS |  
2019-08-21 09:14:05,709 | INFO  | SCMAudit | user=jenkins1000 | ip=192.168.34.50 | op=SEND_HEARTBEAT {datanodeUUID=b216f333-d584-463e-ac29-b520f4cc8032, command=[]} | ret=SUCCESS |  
2019-08-21 09:14:05,730 | INFO  | SCMAudit | user=jenkins1000 | ip=192.168.34.50 | op=SEND_HEARTBEAT {datanodeUUID=a8271a13-8b98-4259-a956-3406fefc9571, command=[]} | ret=SUCCESS |  
2019-08-21 09:14:05,737 | INFO  | SCMAudit | user=jenkins1000 | ip=192.168.34.50 | op=SEND_HEARTBEAT {datanodeUUID=4fc6c8fa-e96e-43c4-8369-e0ca8a7014d6, command=[]} | ret=SUCCESS |  
2019-08-21 09:14:05,901 | INFO  | SCMAudit | user=jenkins1000 | ip=192.168.34.50 | op=SEND_HEARTBEAT {datanodeUUID=5ea20691-5ab9-4695-ab1d-7e722de7481e, command=[]} | ret=SUCCESS |  
2019-08-21 09:14:05,993 [grpc-default-executor-0] INFO  client.GrpcClientProtocolClient (GrpcClientProtocolClient.java:onNext(255)) - client-765D7F86C248->4fc6c8fa-e96e-43c4-8369-e0ca8a7014d6: receive RaftClientReply:client-765D7F86C248->4fc6c8fa-e96e-43c4-8369-e0ca8a7014d6@group-159FDE3C55F8, cid=45, FAILED org.apache.ratis.protocol.NotLeaderException: Server 4fc6c8fa-e96e-43c4-8369-e0ca8a7014d6 is not the leader (b216f333-d584-463e-ac29-b520f4cc8032:192.168.34.50:33369). Request must be sent to leader., logIndex=0, commits[4fc6c8fa-e96e-43c4-8369-e0ca8a7014d6:c8, b216f333-d584-463e-ac29-b520f4cc8032:c8, a8271a13-8b98-4259-a956-3406fefc9571:c8]
2019-08-21 09:14:06,152 | INFO  | SCMAudit | user=jenkins1000 | ip=192.168.34.50 | op=SEND_HEARTBEAT {datanodeUUID=2efe7137-c334-43ac-ad86-ba58d4ed3c70, command=[]} | ret=SUCCESS |  
2019-08-21 09:14:06,299 | INFO  | SCMAudit | user=jenkins1000 | ip=192.168.34.50 | op=SEND_HEARTBEAT {datanodeUUID=328a75f0-8ecf-454d-ac4a-ee464a922ba9, command=[]} | ret=SUCCESS |  
2019-08-21 09:14:06,701 | INFO  | SCMAudit | user=jenkins1000 | ip=192.168.34.50 | op=SEND_HEARTBEAT {datanodeUUID=d93e8726-51c7-48e5-91db-a9280c3a0547, command=[]} | ret=SUCCESS |  
2019-08-21 09:14:06,709 | INFO  | SCMAudit | user=jenkins1000 | ip=192.168.34.50 | op=SEND_HEARTBEAT {datanodeUUID=b216f333-d584-463e-ac29-b520f4cc8032, command=[]} | ret=SUCCESS |  
2019-08-21 09:14:06,731 | INFO  | SCMAudit | user=jenkins1000 | ip=192.168.34.50 | op=SEND_HEARTBEAT {datanodeUUID=a8271a13-8b98-4259-a956-3406fefc9571, command=[]} | ret=SUCCESS |  
2019-08-21 09:14:06,738 | INFO  | SCMAudit | user=jenkins1000 | ip=192.168.34.50 | op=SEND_HEARTBEAT {datanodeUUID=4fc6c8fa-e96e-43c4-8369-e0ca8a7014d6, command=[]} | ret=SUCCESS |  
2019-08-21 09:14:06,900 | INFO  | SCMAudit | user=jenkins1000 | ip=192.168.34.50 | op=SEND_HEARTBEAT {datanodeUUID=5ea20691-5ab9-4695-ab1d-7e722de7481e, command=[]} | ret=SUCCESS |  
2019-08-21 09:14:07,150 | INFO  | SCMAudit | user=jenkins1000 | ip=192.168.34.50 | op=SEND_HEARTBEAT {datanodeUUID=2efe7137-c334-43ac-ad86-ba58d4ed3c70, command=[]} | ret=SUCCESS |  
2019-08-21 09:14:07,300 | INFO  | SCMAudit | user=jenkins1000 | ip=192.168.34.50 | op=SEND_HEARTBEAT {datanodeUUID=328a75f0-8ecf-454d-ac4a-ee464a922ba9, command=[]} | ret=SUCCESS |  
2019-08-21 09:14:07,700 | INFO  | SCMAudit | user=jenkins1000 | ip=192.168.34.50 | op=SEND_HEARTBEAT {datanodeUUID=d93e8726-51c7-48e5-91db-a9280c3a0547, command=[]} | ret=SUCCESS |  
2019-08-21 09:14:07,710 | INFO  | SCMAudit | user=jenkins1000 | ip=192.168.34.50 | op=SEND_HEARTBEAT {datanodeUUID=b216f333-d584-463e-ac29-b520f4cc8032, command=[]} | ret=SUCCESS |  
2019-08-21 09:14:07,731 | INFO  | SCMAudit | user=jenkins1000 | ip=192.168.34.50 | op=SEND_HEARTBEAT {datanodeUUID=a8271a13-8b98-4259-a956-3406fefc9571, command=[]} | ret=SUCCESS |  
2019-08-21 09:14:07,737 | INFO  | SCMAudit | user=jenkins1000 | ip=192.168.34.50 | op=SEND_HEARTBEAT {datanodeUUID=4fc6c8fa-e96e-43c4-8369-e0ca8a7014d6, command=[]} | ret=SUCCESS |  
2019-08-21 09:14:07,901 | INFO  | SCMAudit | user=jenkins1000 | ip=192.168.34.50 | op=SEND_HEARTBEAT {datanodeUUID=5ea20691-5ab9-4695-ab1d-7e722de7481e, command=[]} | ret=SUCCESS |  
2019-08-21 09:14:08,151 | INFO  | SCMAudit | user=jenkins1000 | ip=192.168.34.50 | op=SEND_HEARTBEAT {datanodeUUID=2efe7137-c334-43ac-ad86-ba58d4ed3c70, command=[]} | ret=SUCCESS |  
2019-08-21 09:14:08,300 | INFO  | SCMAudit | user=jenkins1000 | ip=192.168.34.50 | op=SEND_HEARTBEAT {datanodeUUID=328a75f0-8ecf-454d-ac4a-ee464a922ba9, command=[]} | ret=SUCCESS |  
2019-08-21 09:14:08,701 | INFO  | SCMAudit | user=jenkins1000 | ip=192.168.34.50 | op=SEND_HEARTBEAT {datanodeUUID=d93e8726-51c7-48e5-91db-a9280c3a0547, command=[]} | ret=SUCCESS |  
2019-08-21 09:14:08,710 | INFO  | SCMAudit | user=jenkins1000 | ip=192.168.34.50 | op=SEND_HEARTBEAT {datanodeUUID=b216f333-d584-463e-ac29-b520f4cc8032, command=[]} | ret=SUCCESS |  
2019-08-21 09:14:08,731 | INFO  | SCMAudit | user=jenkins1000 | ip=192.168.34.50 | op=SEND_HEARTBEAT {datanodeUUID=a8271a13-8b98-4259-a956-3406fefc9571, command=[]} | ret=SUCCESS |  
2019-08-21 09:14:08,737 | INFO  | SCMAudit | user=jenkins1000 | ip=192.168.34.50 | op=SEND_HEARTBEAT {datanodeUUID=4fc6c8fa-e96e-43c4-8369-e0ca8a7014d6, command=[]} | ret=SUCCESS |  
2019-08-21 09:14:08,900 | INFO  | SCMAudit | user=jenkins1000 | ip=192.168.34.50 | op=SEND_HEARTBEAT {datanodeUUID=5ea20691-5ab9-4695-ab1d-7e722de7481e, command=[]} | ret=SUCCESS |  
2019-08-21 09:14:09,150 | INFO  | SCMAudit | user=jenkins1000 | ip=192.168.34.50 | op=SEND_HEARTBEAT {datanodeUUID=2efe7137-c334-43ac-ad86-ba58d4ed3c70, command=[]} | ret=SUCCESS |  
2019-08-21 09:14:09,300 | INFO  | SCMAudit | user=jenkins1000 | ip=192.168.34.50 | op=SEND_HEARTBEAT {datanodeUUID=328a75f0-8ecf-454d-ac4a-ee464a922ba9, command=[]} | ret=SUCCESS |  
2019-08-21 09:14:09,700 | INFO  | SCMAudit | user=jenkins1000 | ip=192.168.34.50 | op=SEND_HEARTBEAT {datanodeUUID=d93e8726-51c7-48e5-91db-a9280c3a0547, command=[]} | ret=SUCCESS |  
2019-08-21 09:14:09,710 | INFO  | SCMAudit | user=jenkins1000 | ip=192.168.34.50 | op=SEND_HEARTBEAT {datanodeUUID=b216f333-d584-463e-ac29-b520f4cc8032, command=[]} | ret=SUCCESS |  
2019-08-21 09:14:09,731 | INFO  | SCMAudit | user=jenkins1000 | ip=192.168.34.50 | op=SEND_HEARTBEAT {datanodeUUID=a8271a13-8b98-4259-a956-3406fefc9571, command=[]} | ret=SUCCESS |  
2019-08-21 09:14:09,737 | INFO  | SCMAudit | user=jenkins1000 | ip=192.168.34.50 | op=SEND_HEARTBEAT {datanodeUUID=4fc6c8fa-e96e-43c4-8369-e0ca8a7014d6, command=[]} | ret=SUCCESS |  
2019-08-21 09:14:09,901 | INFO  | SCMAudit | user=jenkins1000 | ip=192.168.34.50 | op=SEND_HEARTBEAT {datanodeUUID=5ea20691-5ab9-4695-ab1d-7e722de7481e, command=[]} | ret=SUCCESS |  
2019-08-21 09:14:10,151 | INFO  | SCMAudit | user=jenkins1000 | ip=192.168.34.50 | op=SEND_HEARTBEAT {datanodeUUID=2efe7137-c334-43ac-ad86-ba58d4ed3c70, command=[]} | ret=SUCCESS |  
2019-08-21 09:14:10,301 | INFO  | SCMAudit | user=jenkins1000 | ip=192.168.34.50 | op=SEND_HEARTBEAT {datanodeUUID=328a75f0-8ecf-454d-ac4a-ee464a922ba9, command=[]} | ret=SUCCESS |  
2019-08-21 09:14:10,700 | INFO  | SCMAudit | user=jenkins1000 | ip=192.168.34.50 | op=SEND_HEARTBEAT {datanodeUUID=d93e8726-51c7-48e5-91db-a9280c3a0547, command=[]} | ret=SUCCESS |  
2019-08-21 09:14:10,711 | INFO  | SCMAudit | user=jenkins1000 | ip=192.168.34.50 | op=SEND_HEARTBEAT {datanodeUUID=b216f333-d584-463e-ac29-b520f4cc8032, command=[]} | ret=SUCCESS |  
2019-08-21 09:14:10,732 | INFO  | SCMAudit | user=jenkins1000 | ip=192.168.34.50 | op=SEND_HEARTBEAT {datanodeUUID=a8271a13-8b98-4259-a956-3406fefc9571, command=[]} | ret=SUCCESS |  
2019-08-21 09:14:10,737 | INFO  | SCMAudit | user=jenkins1000 | ip=192.168.34.50 | op=SEND_HEARTBEAT {datanodeUUID=4fc6c8fa-e96e-43c4-8369-e0ca8a7014d6, command=[]} | ret=SUCCESS |  
2019-08-21 09:14:10,901 | INFO  | SCMAudit | user=jenkins1000 | ip=192.168.34.50 | op=SEND_HEARTBEAT {datanodeUUID=5ea20691-5ab9-4695-ab1d-7e722de7481e, command=[]} | ret=SUCCESS |  
2019-08-21 09:14:11,043 [grpc-default-executor-1] INFO  client.GrpcClientProtocolClient (GrpcClientProtocolClient.java:onNext(255)) - client-765D7F86C248->a8271a13-8b98-4259-a956-3406fefc9571: receive RaftClientReply:client-765D7F86C248->a8271a13-8b98-4259-a956-3406fefc9571@group-159FDE3C55F8, cid=45, FAILED org.apache.ratis.protocol.NotLeaderException: Server a8271a13-8b98-4259-a956-3406fefc9571 is not the leader (b216f333-d584-463e-ac29-b520f4cc8032:192.168.34.50:33369). Request must be sent to leader., logIndex=0, commits[a8271a13-8b98-4259-a956-3406fefc9571:c8, 4fc6c8fa-e96e-43c4-8369-e0ca8a7014d6:c8, b216f333-d584-463e-ac29-b520f4cc8032:c8]
2019-08-21 09:14:11,150 | INFO  | SCMAudit | user=jenkins1000 | ip=192.168.34.50 | op=SEND_HEARTBEAT {datanodeUUID=2efe7137-c334-43ac-ad86-ba58d4ed3c70, command=[]} | ret=SUCCESS |  
2019-08-21 09:14:11,301 | INFO  | SCMAudit | user=jenkins1000 | ip=192.168.34.50 | op=SEND_HEARTBEAT {datanodeUUID=328a75f0-8ecf-454d-ac4a-ee464a922ba9, command=[]} | ret=SUCCESS |  
2019-08-21 09:14:11,701 | INFO  | SCMAudit | user=jenkins1000 | ip=192.168.34.50 | op=SEND_HEARTBEAT {datanodeUUID=d93e8726-51c7-48e5-91db-a9280c3a0547, command=[]} | ret=SUCCESS |  
2019-08-21 09:14:11,711 | INFO  | SCMAudit | user=jenkins1000 | ip=192.168.34.50 | op=SEND_HEARTBEAT {datanodeUUID=b216f333-d584-463e-ac29-b520f4cc8032, command=[]} | ret=SUCCESS |  
2019-08-21 09:14:11,731 | INFO  | SCMAudit | user=jenkins1000 | ip=192.168.34.50 | op=SEND_HEARTBEAT {datanodeUUID=a8271a13-8b98-4259-a956-3406fefc9571, command=[]} | ret=SUCCESS |  
2019-08-21 09:14:11,737 | INFO  | SCMAudit | user=jenkins1000 | ip=192.168.34.50 | op=SEND_HEARTBEAT {datanodeUUID=4fc6c8fa-e96e-43c4-8369-e0ca8a7014d6, command=[]} | ret=SUCCESS |  
2019-08-21 09:14:11,901 | INFO  | SCMAudit | user=jenkins1000 | ip=192.168.34.50 | op=SEND_HEARTBEAT {datanodeUUID=5ea20691-5ab9-4695-ab1d-7e722de7481e, command=[]} | ret=SUCCESS |  
2019-08-21 09:14:12,151 | INFO  | SCMAudit | user=jenkins1000 | ip=192.168.34.50 | op=SEND_HEARTBEAT {datanodeUUID=2efe7137-c334-43ac-ad86-ba58d4ed3c70, command=[]} | ret=SUCCESS |  
2019-08-21 09:14:12,301 | INFO  | SCMAudit | user=jenkins1000 | ip=192.168.34.50 | op=SEND_HEARTBEAT {datanodeUUID=328a75f0-8ecf-454d-ac4a-ee464a922ba9, command=[]} | ret=SUCCESS |  
2019-08-21 09:14:12,701 | INFO  | SCMAudit | user=jenkins1000 | ip=192.168.34.50 | op=SEND_HEARTBEAT {datanodeUUID=d93e8726-51c7-48e5-91db-a9280c3a0547, command=[]} | ret=SUCCESS |  
2019-08-21 09:14:12,712 | INFO  | SCMAudit | user=jenkins1000 | ip=192.168.34.50 | op=SEND_HEARTBEAT {datanodeUUID=b216f333-d584-463e-ac29-b520f4cc8032, command=[]} | ret=SUCCESS |  
2019-08-21 09:14:12,731 | INFO  | SCMAudit | user=jenkins1000 | ip=192.168.34.50 | op=SEND_HEARTBEAT {datanodeUUID=a8271a13-8b98-4259-a956-3406fefc9571, command=[]} | ret=SUCCESS |  
2019-08-21 09:14:12,737 | INFO  | SCMAudit | user=jenkins1000 | ip=192.168.34.50 | op=SEND_HEARTBEAT {datanodeUUID=4fc6c8fa-e96e-43c4-8369-e0ca8a7014d6, command=[]} | ret=SUCCESS |  
2019-08-21 09:14:12,901 | INFO  | SCMAudit | user=jenkins1000 | ip=192.168.34.50 | op=SEND_HEARTBEAT {datanodeUUID=5ea20691-5ab9-4695-ab1d-7e722de7481e, command=[]} | ret=SUCCESS |  
2019-08-21 09:14:13,151 | INFO  | SCMAudit | user=jenkins1000 | ip=192.168.34.50 | op=SEND_HEARTBEAT {datanodeUUID=2efe7137-c334-43ac-ad86-ba58d4ed3c70, command=[]} | ret=SUCCESS |  
2019-08-21 09:14:13,302 | INFO  | SCMAudit | user=jenkins1000 | ip=192.168.34.50 | op=SEND_HEARTBEAT {datanodeUUID=328a75f0-8ecf-454d-ac4a-ee464a922ba9, command=[]} | ret=SUCCESS |  
2019-08-21 09:14:13,700 | INFO  | SCMAudit | user=jenkins1000 | ip=192.168.34.50 | op=SEND_HEARTBEAT {datanodeUUID=d93e8726-51c7-48e5-91db-a9280c3a0547, command=[]} | ret=SUCCESS |  
2019-08-21 09:14:13,712 | INFO  | SCMAudit | user=jenkins1000 | ip=192.168.34.50 | op=SEND_HEARTBEAT {datanodeUUID=b216f333-d584-463e-ac29-b520f4cc8032, command=[]} | ret=SUCCESS |  
2019-08-21 09:14:13,731 | INFO  | SCMAudit | user=jenkins1000 | ip=192.168.34.50 | op=SEND_HEARTBEAT {datanodeUUID=a8271a13-8b98-4259-a956-3406fefc9571, command=[]} | ret=SUCCESS |  
2019-08-21 09:14:13,737 | INFO  | SCMAudit | user=jenkins1000 | ip=192.168.34.50 | op=SEND_HEARTBEAT {datanodeUUID=4fc6c8fa-e96e-43c4-8369-e0ca8a7014d6, command=[]} | ret=SUCCESS |  
2019-08-21 09:14:13,902 | INFO  | SCMAudit | user=jenkins1000 | ip=192.168.34.50 | op=SEND_HEARTBEAT {datanodeUUID=5ea20691-5ab9-4695-ab1d-7e722de7481e, command=[]} | ret=SUCCESS |  
2019-08-21 09:14:14,150 | INFO  | SCMAudit | user=jenkins1000 | ip=192.168.34.50 | op=SEND_HEARTBEAT {datanodeUUID=2efe7137-c334-43ac-ad86-ba58d4ed3c70, command=[]} | ret=SUCCESS |  
2019-08-21 09:14:14,301 | INFO  | SCMAudit | user=jenkins1000 | ip=192.168.34.50 | op=SEND_HEARTBEAT {datanodeUUID=328a75f0-8ecf-454d-ac4a-ee464a922ba9, command=[]} | ret=SUCCESS |  
2019-08-21 09:14:14,701 | INFO  | SCMAudit | user=jenkins1000 | ip=192.168.34.50 | op=SEND_HEARTBEAT {datanodeUUID=d93e8726-51c7-48e5-91db-a9280c3a0547, command=[]} | ret=SUCCESS |  
2019-08-21 09:14:14,712 | INFO  | SCMAudit | user=jenkins1000 | ip=192.168.34.50 | op=SEND_HEARTBEAT {datanodeUUID=b216f333-d584-463e-ac29-b520f4cc8032, command=[]} | ret=SUCCESS |  
2019-08-21 09:14:14,731 | INFO  | SCMAudit | user=jenkins1000 | ip=192.168.34.50 | op=SEND_HEARTBEAT {datanodeUUID=a8271a13-8b98-4259-a956-3406fefc9571, command=[]} | ret=SUCCESS |  
2019-08-21 09:14:14,737 | INFO  | SCMAudit | user=jenkins1000 | ip=192.168.34.50 | op=SEND_HEARTBEAT {datanodeUUID=4fc6c8fa-e96e-43c4-8369-e0ca8a7014d6, command=[]} | ret=SUCCESS |  
2019-08-21 09:14:14,901 | INFO  | SCMAudit | user=jenkins1000 | ip=192.168.34.50 | op=SEND_HEARTBEAT {datanodeUUID=5ea20691-5ab9-4695-ab1d-7e722de7481e, command=[]} | ret=SUCCESS |  
2019-08-21 09:14:15,151 | INFO  | SCMAudit | user=jenkins1000 | ip=192.168.34.50 | op=SEND_HEARTBEAT {datanodeUUID=2efe7137-c334-43ac-ad86-ba58d4ed3c70, command=[]} | ret=SUCCESS |  
2019-08-21 09:14:15,302 | INFO  | SCMAudit | user=jenkins1000 | ip=192.168.34.50 | op=SEND_HEARTBEAT {datanodeUUID=328a75f0-8ecf-454d-ac4a-ee464a922ba9, command=[]} | ret=SUCCESS |  
2019-08-21 09:14:15,700 | INFO  | SCMAudit | user=jenkins1000 | ip=192.168.34.50 | op=SEND_HEARTBEAT {datanodeUUID=d93e8726-51c7-48e5-91db-a9280c3a0547, command=[]} | ret=SUCCESS |  
2019-08-21 09:14:15,712 | INFO  | SCMAudit | user=jenkins1000 | ip=192.168.34.50 | op=SEND_HEARTBEAT {datanodeUUID=b216f333-d584-463e-ac29-b520f4cc8032, command=[]} | ret=SUCCESS |  
2019-08-21 09:14:15,732 | INFO  | SCMAudit | user=jenkins1000 | ip=192.168.34.50 | op=SEND_HEARTBEAT {datanodeUUID=a8271a13-8b98-4259-a956-3406fefc9571, command=[]} | ret=SUCCESS |  
2019-08-21 09:14:15,737 | INFO  | SCMAudit | user=jenkins1000 | ip=192.168.34.50 | op=SEND_HEARTBEAT {datanodeUUID=4fc6c8fa-e96e-43c4-8369-e0ca8a7014d6, command=[]} | ret=SUCCESS |  
2019-08-21 09:14:15,902 | INFO  | SCMAudit | user=jenkins1000 | ip=192.168.34.50 | op=SEND_HEARTBEAT {datanodeUUID=5ea20691-5ab9-4695-ab1d-7e722de7481e, command=[]} | ret=SUCCESS |  
2019-08-21 09:14:16,084 [grpc-default-executor-0] INFO  client.GrpcClientProtocolClient (GrpcClientProtocolClient.java:onNext(255)) - client-765D7F86C248->4fc6c8fa-e96e-43c4-8369-e0ca8a7014d6: receive RaftClientReply:client-765D7F86C248->4fc6c8fa-e96e-43c4-8369-e0ca8a7014d6@group-159FDE3C55F8, cid=45, FAILED org.apache.ratis.protocol.NotLeaderException: Server 4fc6c8fa-e96e-43c4-8369-e0ca8a7014d6 is not the leader (b216f333-d584-463e-ac29-b520f4cc8032:192.168.34.50:33369). Request must be sent to leader., logIndex=0, commits[4fc6c8fa-e96e-43c4-8369-e0ca8a7014d6:c8, b216f333-d584-463e-ac29-b520f4cc8032:c8, a8271a13-8b98-4259-a956-3406fefc9571:c8]
2019-08-21 09:14:16,150 | INFO  | SCMAudit | user=jenkins1000 | ip=192.168.34.50 | op=SEND_HEARTBEAT {datanodeUUID=2efe7137-c334-43ac-ad86-ba58d4ed3c70, command=[]} | ret=SUCCESS |  
2019-08-21 09:14:16,302 | INFO  | SCMAudit | user=jenkins1000 | ip=192.168.34.50 | op=SEND_HEARTBEAT {datanodeUUID=328a75f0-8ecf-454d-ac4a-ee464a922ba9, command=[]} | ret=SUCCESS |  
2019-08-21 09:14:16,701 | INFO  | SCMAudit | user=jenkins1000 | ip=192.168.34.50 | op=SEND_HEARTBEAT {datanodeUUID=d93e8726-51c7-48e5-91db-a9280c3a0547, command=[]} | ret=SUCCESS |  
2019-08-21 09:14:16,713 | INFO  | SCMAudit | user=jenkins1000 | ip=192.168.34.50 | op=SEND_HEARTBEAT {datanodeUUID=b216f333-d584-463e-ac29-b520f4cc8032, command=[]} | ret=SUCCESS |  
2019-08-21 09:14:16,732 | INFO  | SCMAudit | user=jenkins1000 | ip=192.168.34.50 | op=SEND_HEARTBEAT {datanodeUUID=a8271a13-8b98-4259-a956-3406fefc9571, command=[]} | ret=SUCCESS |  
2019-08-21 09:14:16,737 | INFO  | SCMAudit | user=jenkins1000 | ip=192.168.34.50 | op=SEND_HEARTBEAT {datanodeUUID=4fc6c8fa-e96e-43c4-8369-e0ca8a7014d6, command=[]} | ret=SUCCESS |  
2019-08-21 09:14:16,902 | INFO  | SCMAudit | user=jenkins1000 | ip=192.168.34.50 | op=SEND_HEARTBEAT {datanodeUUID=5ea20691-5ab9-4695-ab1d-7e722de7481e, command=[]} | ret=SUCCESS |  
2019-08-21 09:14:17,150 | INFO  | SCMAudit | user=jenkins1000 | ip=192.168.34.50 | op=SEND_HEARTBEAT {datanodeUUID=2efe7137-c334-43ac-ad86-ba58d4ed3c70, command=[]} | ret=SUCCESS |  
2019-08-21 09:14:17,302 | INFO  | SCMAudit | user=jenkins1000 | ip=192.168.34.50 | op=SEND_HEARTBEAT {datanodeUUID=328a75f0-8ecf-454d-ac4a-ee464a922ba9, command=[]} | ret=SUCCESS |  
2019-08-21 09:14:17,700 | INFO  | SCMAudit | user=jenkins1000 | ip=192.168.34.50 | op=SEND_HEARTBEAT {datanodeUUID=d93e8726-51c7-48e5-91db-a9280c3a0547, command=[]} | ret=SUCCESS |  
2019-08-21 09:14:17,713 | INFO  | SCMAudit | user=jenkins1000 | ip=192.168.34.50 | op=SEND_HEARTBEAT {datanodeUUID=b216f333-d584-463e-ac29-b520f4cc8032, command=[]} | ret=SUCCESS |  
2019-08-21 09:14:17,731 | INFO  | SCMAudit | user=jenkins1000 | ip=192.168.34.50 | op=SEND_HEARTBEAT {datanodeUUID=a8271a13-8b98-4259-a956-3406fefc9571, command=[]} | ret=SUCCESS |  
2019-08-21 09:14:17,737 | INFO  | SCMAudit | user=jenkins1000 | ip=192.168.34.50 | op=SEND_HEARTBEAT {datanodeUUID=4fc6c8fa-e96e-43c4-8369-e0ca8a7014d6, command=[]} | ret=SUCCESS |  
2019-08-21 09:14:17,901 | INFO  | SCMAudit | user=jenkins1000 | ip=192.168.34.50 | op=SEND_HEARTBEAT {datanodeUUID=5ea20691-5ab9-4695-ab1d-7e722de7481e, command=[]} | ret=SUCCESS |  
2019-08-21 09:14:18,151 | INFO  | SCMAudit | user=jenkins1000 | ip=192.168.34.50 | op=SEND_HEARTBEAT {datanodeUUID=2efe7137-c334-43ac-ad86-ba58d4ed3c70, command=[]} | ret=SUCCESS |  
2019-08-21 09:14:18,303 | INFO  | SCMAudit | user=jenkins1000 | ip=192.168.34.50 | op=SEND_HEARTBEAT {datanodeUUID=328a75f0-8ecf-454d-ac4a-ee464a922ba9, command=[]} | ret=SUCCESS |  
2019-08-21 09:14:18,701 | INFO  | SCMAudit | user=jenkins1000 | ip=192.168.34.50 | op=SEND_HEARTBEAT {datanodeUUID=d93e8726-51c7-48e5-91db-a9280c3a0547, command=[]} | ret=SUCCESS |  
2019-08-21 09:14:18,712 | INFO  | SCMAudit | user=jenkins1000 | ip=192.168.34.50 | op=SEND_HEARTBEAT {datanodeUUID=b216f333-d584-463e-ac29-b520f4cc8032, command=[]} | ret=SUCCESS |  
2019-08-21 09:14:18,731 | INFO  | SCMAudit | user=jenkins1000 | ip=192.168.34.50 | op=SEND_HEARTBEAT {datanodeUUID=a8271a13-8b98-4259-a956-3406fefc9571, command=[]} | ret=SUCCESS |  
2019-08-21 09:14:18,737 | INFO  | SCMAudit | user=jenkins1000 | ip=192.168.34.50 | op=SEND_HEARTBEAT {datanodeUUID=4fc6c8fa-e96e-43c4-8369-e0ca8a7014d6, command=[]} | ret=SUCCESS |  
2019-08-21 09:14:18,902 | INFO  | SCMAudit | user=jenkins1000 | ip=192.168.34.50 | op=SEND_HEARTBEAT {datanodeUUID=5ea20691-5ab9-4695-ab1d-7e722de7481e, command=[]} | ret=SUCCESS |  
2019-08-21 09:14:19,151 | INFO  | SCMAudit | user=jenkins1000 | ip=192.168.34.50 | op=SEND_HEARTBEAT {datanodeUUID=2efe7137-c334-43ac-ad86-ba58d4ed3c70, command=[]} | ret=SUCCESS |  
2019-08-21 09:14:19,303 | INFO  | SCMAudit | user=jenkins1000 | ip=192.168.34.50 | op=SEND_HEARTBEAT {datanodeUUID=328a75f0-8ecf-454d-ac4a-ee464a922ba9, command=[]} | ret=SUCCESS |  
2019-08-21 09:14:19,702 | INFO  | SCMAudit | user=jenkins1000 | ip=192.168.34.50 | op=SEND_HEARTBEAT {datanodeUUID=d93e8726-51c7-48e5-91db-a9280c3a0547, command=[]} | ret=SUCCESS |  
2019-08-21 09:14:19,712 | INFO  | SCMAudit | user=jenkins1000 | ip=192.168.34.50 | op=SEND_HEARTBEAT {datanodeUUID=b216f333-d584-463e-ac29-b520f4cc8032, command=[]} | ret=SUCCESS |  
2019-08-21 09:14:19,731 | INFO  | SCMAudit | user=jenkins1000 | ip=192.168.34.50 | op=SEND_HEARTBEAT {datanodeUUID=a8271a13-8b98-4259-a956-3406fefc9571, command=[]} | ret=SUCCESS |  
2019-08-21 09:14:19,737 | INFO  | SCMAudit | user=jenkins1000 | ip=192.168.34.50 | op=SEND_HEARTBEAT {datanodeUUID=4fc6c8fa-e96e-43c4-8369-e0ca8a7014d6, command=[]} | ret=SUCCESS |  
2019-08-21 09:14:19,902 | INFO  | SCMAudit | user=jenkins1000 | ip=192.168.34.50 | op=SEND_HEARTBEAT {datanodeUUID=5ea20691-5ab9-4695-ab1d-7e722de7481e, command=[]} | ret=SUCCESS |  
2019-08-21 09:14:20,151 | INFO  | SCMAudit | user=jenkins1000 | ip=192.168.34.50 | op=SEND_HEARTBEAT {datanodeUUID=2efe7137-c334-43ac-ad86-ba58d4ed3c70, command=[]} | ret=SUCCESS |  
2019-08-21 09:14:20,303 | INFO  | SCMAudit | user=jenkins1000 | ip=192.168.34.50 | op=SEND_HEARTBEAT {datanodeUUID=328a75f0-8ecf-454d-ac4a-ee464a922ba9, command=[]} | ret=SUCCESS |  
2019-08-21 09:14:20,702 | INFO  | SCMAudit | user=jenkins1000 | ip=192.168.34.50 | op=SEND_HEARTBEAT {datanodeUUID=d93e8726-51c7-48e5-91db-a9280c3a0547, command=[]} | ret=SUCCESS |  
2019-08-21 09:14:20,712 | INFO  | SCMAudit | user=jenkins1000 | ip=192.168.34.50 | op=SEND_HEARTBEAT {datanodeUUID=b216f333-d584-463e-ac29-b520f4cc8032, command=[]} | ret=SUCCESS |  
2019-08-21 09:14:20,732 | INFO  | SCMAudit | user=jenkins1000 | ip=192.168.34.50 | op=SEND_HEARTBEAT {datanodeUUID=a8271a13-8b98-4259-a956-3406fefc9571, command=[]} | ret=SUCCESS |  
2019-08-21 09:14:20,737 | INFO  | SCMAudit | user=jenkins1000 | ip=192.168.34.50 | op=SEND_HEARTBEAT {datanodeUUID=4fc6c8fa-e96e-43c4-8369-e0ca8a7014d6, command=[]} | ret=SUCCESS |  
2019-08-21 09:14:20,902 | INFO  | SCMAudit | user=jenkins1000 | ip=192.168.34.50 | op=SEND_HEARTBEAT {datanodeUUID=5ea20691-5ab9-4695-ab1d-7e722de7481e, command=[]} | ret=SUCCESS |  
2019-08-21 09:14:21,140 [grpc-default-executor-1] INFO  client.GrpcClientProtocolClient (GrpcClientProtocolClient.java:onNext(255)) - client-765D7F86C248->a8271a13-8b98-4259-a956-3406fefc9571: receive RaftClientReply:client-765D7F86C248->a8271a13-8b98-4259-a956-3406fefc9571@group-159FDE3C55F8, cid=45, FAILED org.apache.ratis.protocol.NotLeaderException: Server a8271a13-8b98-4259-a956-3406fefc9571 is not the leader (b216f333-d584-463e-ac29-b520f4cc8032:192.168.34.50:33369). Request must be sent to leader., logIndex=0, commits[a8271a13-8b98-4259-a956-3406fefc9571:c8, 4fc6c8fa-e96e-43c4-8369-e0ca8a7014d6:c8, b216f333-d584-463e-ac29-b520f4cc8032:c8]
2019-08-21 09:14:21,151 | INFO  | SCMAudit | user=jenkins1000 | ip=192.168.34.50 | op=SEND_HEARTBEAT {datanodeUUID=2efe7137-c334-43ac-ad86-ba58d4ed3c70, command=[]} | ret=SUCCESS |  
2019-08-21 09:14:21,304 | INFO  | SCMAudit | user=jenkins1000 | ip=192.168.34.50 | op=SEND_HEARTBEAT {datanodeUUID=328a75f0-8ecf-454d-ac4a-ee464a922ba9, command=[]} | ret=SUCCESS |  
2019-08-21 09:14:21,702 | INFO  | SCMAudit | user=jenkins1000 | ip=192.168.34.50 | op=SEND_HEARTBEAT {datanodeUUID=d93e8726-51c7-48e5-91db-a9280c3a0547, command=[]} | ret=SUCCESS |  
2019-08-21 09:14:21,713 | INFO  | SCMAudit | user=jenkins1000 | ip=192.168.34.50 | op=SEND_HEARTBEAT {datanodeUUID=b216f333-d584-463e-ac29-b520f4cc8032, command=[]} | ret=SUCCESS |  
2019-08-21 09:14:21,732 | INFO  | SCMAudit | user=jenkins1000 | ip=192.168.34.50 | op=SEND_HEARTBEAT {datanodeUUID=a8271a13-8b98-4259-a956-3406fefc9571, command=[]} | ret=SUCCESS |  
2019-08-21 09:14:21,737 | INFO  | SCMAudit | user=jenkins1000 | ip=192.168.34.50 | op=SEND_HEARTBEAT {datanodeUUID=4fc6c8fa-e96e-43c4-8369-e0ca8a7014d6, command=[]} | ret=SUCCESS |  
2019-08-21 09:14:21,903 | INFO  | SCMAudit | user=jenkins1000 | ip=192.168.34.50 | op=SEND_HEARTBEAT {datanodeUUID=5ea20691-5ab9-4695-ab1d-7e722de7481e, command=[]} | ret=SUCCESS |  
2019-08-21 09:14:22,155 | INFO  | SCMAudit | user=jenkins1000 | ip=192.168.34.50 | op=SEND_HEARTBEAT {datanodeUUID=2efe7137-c334-43ac-ad86-ba58d4ed3c70, command=[]} | ret=SUCCESS |  
2019-08-21 09:14:22,304 | INFO  | SCMAudit | user=jenkins1000 | ip=192.168.34.50 | op=SEND_HEARTBEAT {datanodeUUID=328a75f0-8ecf-454d-ac4a-ee464a922ba9, command=[]} | ret=SUCCESS |  
2019-08-21 09:14:22,702 | INFO  | SCMAudit | user=jenkins1000 | ip=192.168.34.50 | op=SEND_HEARTBEAT {datanodeUUID=d93e8726-51c7-48e5-91db-a9280c3a0547, command=[]} | ret=SUCCESS |  
2019-08-21 09:14:22,712 | INFO  | SCMAudit | user=jenkins1000 | ip=192.168.34.50 | op=SEND_HEARTBEAT {datanodeUUID=b216f333-d584-463e-ac29-b520f4cc8032, command=[]} | ret=SUCCESS |  
2019-08-21 09:14:22,731 | INFO  | SCMAudit | user=jenkins1000 | ip=192.168.34.50 | op=SEND_HEARTBEAT {datanodeUUID=a8271a13-8b98-4259-a956-3406fefc9571, command=[]} | ret=SUCCESS |  
2019-08-21 09:14:22,737 | INFO  | SCMAudit | user=jenkins1000 | ip=192.168.34.50 | op=SEND_HEARTBEAT {datanodeUUID=4fc6c8fa-e96e-43c4-8369-e0ca8a7014d6, command=[]} | ret=SUCCESS |  
2019-08-21 09:14:22,902 | INFO  | SCMAudit | user=jenkins1000 | ip=192.168.34.50 | op=SEND_HEARTBEAT {datanodeUUID=5ea20691-5ab9-4695-ab1d-7e722de7481e, command=[]} | ret=SUCCESS |  
2019-08-21 09:14:23,156 | INFO  | SCMAudit | user=jenkins1000 | ip=192.168.34.50 | op=SEND_HEARTBEAT {datanodeUUID=2efe7137-c334-43ac-ad86-ba58d4ed3c70, command=[]} | ret=SUCCESS |  
2019-08-21 09:14:23,303 | INFO  | SCMAudit | user=jenkins1000 | ip=192.168.34.50 | op=SEND_HEARTBEAT {datanodeUUID=328a75f0-8ecf-454d-ac4a-ee464a922ba9, command=[]} | ret=SUCCESS |  
2019-08-21 09:14:23,703 | INFO  | SCMAudit | user=jenkins1000 | ip=192.168.34.50 | op=SEND_HEARTBEAT {datanodeUUID=d93e8726-51c7-48e5-91db-a9280c3a0547, command=[]} | ret=SUCCESS |  
2019-08-21 09:14:23,712 | INFO  | SCMAudit | user=jenkins1000 | ip=192.168.34.50 | op=SEND_HEARTBEAT {datanodeUUID=b216f333-d584-463e-ac29-b520f4cc8032, command=[]} | ret=SUCCESS |  
2019-08-21 09:14:23,731 | INFO  | SCMAudit | user=jenkins1000 | ip=192.168.34.50 | op=SEND_HEARTBEAT {datanodeUUID=a8271a13-8b98-4259-a956-3406fefc9571, command=[]} | ret=SUCCESS |  
2019-08-21 09:14:23,737 | INFO  | SCMAudit | user=jenkins1000 | ip=192.168.34.50 | op=SEND_HEARTBEAT {datanodeUUID=4fc6c8fa-e96e-43c4-8369-e0ca8a7014d6, command=[]} | ret=SUCCESS |  
2019-08-21 09:14:23,903 | INFO  | SCMAudit | user=jenkins1000 | ip=192.168.34.50 | op=SEND_HEARTBEAT {datanodeUUID=5ea20691-5ab9-4695-ab1d-7e722de7481e, command=[]} | ret=SUCCESS |  
2019-08-21 09:14:24,155 | INFO  | SCMAudit | user=jenkins1000 | ip=192.168.34.50 | op=SEND_HEARTBEAT {datanodeUUID=2efe7137-c334-43ac-ad86-ba58d4ed3c70, command=[]} | ret=SUCCESS |  
2019-08-21 09:14:24,304 | INFO  | SCMAudit | user=jenkins1000 | ip=192.168.34.50 | op=SEND_HEARTBEAT {datanodeUUID=328a75f0-8ecf-454d-ac4a-ee464a922ba9, command=[]} | ret=SUCCESS |  
2019-08-21 09:14:24,702 | INFO  | SCMAudit | user=jenkins1000 | ip=192.168.34.50 | op=SEND_HEARTBEAT {datanodeUUID=d93e8726-51c7-48e5-91db-a9280c3a0547, command=[]} | ret=SUCCESS |  
2019-08-21 09:14:24,712 | INFO  | SCMAudit | user=jenkins1000 | ip=192.168.34.50 | op=SEND_HEARTBEAT {datanodeUUID=b216f333-d584-463e-ac29-b520f4cc8032, command=[]} | ret=SUCCESS |  
2019-08-21 09:14:24,732 | INFO  | SCMAudit | user=jenkins1000 | ip=192.168.34.50 | op=SEND_HEARTBEAT {datanodeUUID=a8271a13-8b98-4259-a956-3406fefc9571, command=[]} | ret=SUCCESS |  
2019-08-21 09:14:24,737 | INFO  | SCMAudit | user=jenkins1000 | ip=192.168.34.50 | op=SEND_HEARTBEAT {datanodeUUID=4fc6c8fa-e96e-43c4-8369-e0ca8a7014d6, command=[]} | ret=SUCCESS |  
2019-08-21 09:14:24,902 | INFO  | SCMAudit | user=jenkins1000 | ip=192.168.34.50 | op=SEND_HEARTBEAT {datanodeUUID=5ea20691-5ab9-4695-ab1d-7e722de7481e, command=[]} | ret=SUCCESS |  
2019-08-21 09:14:25,162 | INFO  | SCMAudit | user=jenkins1000 | ip=192.168.34.50 | op=SEND_HEARTBEAT {datanodeUUID=2efe7137-c334-43ac-ad86-ba58d4ed3c70, command=[]} | ret=SUCCESS |  
2019-08-21 09:14:25,304 | INFO  | SCMAudit | user=jenkins1000 | ip=192.168.34.50 | op=SEND_HEARTBEAT {datanodeUUID=328a75f0-8ecf-454d-ac4a-ee464a922ba9, command=[]} | ret=SUCCESS |  
2019-08-21 09:14:25,703 | INFO  | SCMAudit | user=jenkins1000 | ip=192.168.34.50 | op=SEND_HEARTBEAT {datanodeUUID=d93e8726-51c7-48e5-91db-a9280c3a0547, command=[]} | ret=SUCCESS |  
2019-08-21 09:14:25,712 | INFO  | SCMAudit | user=jenkins1000 | ip=192.168.34.50 | op=SEND_HEARTBEAT {datanodeUUID=b216f333-d584-463e-ac29-b520f4cc8032, command=[]} | ret=SUCCESS |  
2019-08-21 09:14:25,732 | INFO  | SCMAudit | user=jenkins1000 | ip=192.168.34.50 | op=SEND_HEARTBEAT {datanodeUUID=a8271a13-8b98-4259-a956-3406fefc9571, command=[]} | ret=SUCCESS |  
2019-08-21 09:14:25,737 | INFO  | SCMAudit | user=jenkins1000 | ip=192.168.34.50 | op=SEND_HEARTBEAT {datanodeUUID=4fc6c8fa-e96e-43c4-8369-e0ca8a7014d6, command=[]} | ret=SUCCESS |  
2019-08-21 09:14:25,903 | INFO  | SCMAudit | user=jenkins1000 | ip=192.168.34.50 | op=SEND_HEARTBEAT {datanodeUUID=5ea20691-5ab9-4695-ab1d-7e722de7481e, command=[]} | ret=SUCCESS |  
2019-08-21 09:14:26,158 | INFO  | SCMAudit | user=jenkins1000 | ip=192.168.34.50 | op=SEND_HEARTBEAT {datanodeUUID=2efe7137-c334-43ac-ad86-ba58d4ed3c70, command=[]} | ret=SUCCESS |  
2019-08-21 09:14:26,185 [grpc-default-executor-0] INFO  client.GrpcClientProtocolClient (GrpcClientProtocolClient.java:onNext(255)) - client-765D7F86C248->4fc6c8fa-e96e-43c4-8369-e0ca8a7014d6: receive RaftClientReply:client-765D7F86C248->4fc6c8fa-e96e-43c4-8369-e0ca8a7014d6@group-159FDE3C55F8, cid=45, FAILED org.apache.ratis.protocol.NotLeaderException: Server 4fc6c8fa-e96e-43c4-8369-e0ca8a7014d6 is not the leader (b216f333-d584-463e-ac29-b520f4cc8032:192.168.34.50:33369). Request must be sent to leader., logIndex=0, commits[4fc6c8fa-e96e-43c4-8369-e0ca8a7014d6:c8, b216f333-d584-463e-ac29-b520f4cc8032:c8, a8271a13-8b98-4259-a956-3406fefc9571:c8]
2019-08-21 09:14:26,304 | INFO  | SCMAudit | user=jenkins1000 | ip=192.168.34.50 | op=SEND_HEARTBEAT {datanodeUUID=328a75f0-8ecf-454d-ac4a-ee464a922ba9, command=[]} | ret=SUCCESS |  
2019-08-21 09:14:26,703 | INFO  | SCMAudit | user=jenkins1000 | ip=192.168.34.50 | op=SEND_HEARTBEAT {datanodeUUID=d93e8726-51c7-48e5-91db-a9280c3a0547, command=[]} | ret=SUCCESS |  
2019-08-21 09:14:26,712 | INFO  | SCMAudit | user=jenkins1000 | ip=192.168.34.50 | op=SEND_HEARTBEAT {datanodeUUID=b216f333-d584-463e-ac29-b520f4cc8032, command=[]} | ret=SUCCESS |  
2019-08-21 09:14:26,731 | INFO  | SCMAudit | user=jenkins1000 | ip=192.168.34.50 | op=SEND_HEARTBEAT {datanodeUUID=a8271a13-8b98-4259-a956-3406fefc9571, command=[]} | ret=SUCCESS |  
2019-08-21 09:14:26,737 | INFO  | SCMAudit | user=jenkins1000 | ip=192.168.34.50 | op=SEND_HEARTBEAT {datanodeUUID=4fc6c8fa-e96e-43c4-8369-e0ca8a7014d6, command=[]} | ret=SUCCESS |  
2019-08-21 09:14:26,903 | INFO  | SCMAudit | user=jenkins1000 | ip=192.168.34.50 | op=SEND_HEARTBEAT {datanodeUUID=5ea20691-5ab9-4695-ab1d-7e722de7481e, command=[]} | ret=SUCCESS |  
2019-08-21 09:14:27,158 | INFO  | SCMAudit | user=jenkins1000 | ip=192.168.34.50 | op=SEND_HEARTBEAT {datanodeUUID=2efe7137-c334-43ac-ad86-ba58d4ed3c70, command=[]} | ret=SUCCESS |  
2019-08-21 09:14:27,305 | INFO  | SCMAudit | user=jenkins1000 | ip=192.168.34.50 | op=SEND_HEARTBEAT {datanodeUUID=328a75f0-8ecf-454d-ac4a-ee464a922ba9, command=[]} | ret=SUCCESS |  
2019-08-21 09:14:27,703 | INFO  | SCMAudit | user=jenkins1000 | ip=192.168.34.50 | op=SEND_HEARTBEAT {datanodeUUID=d93e8726-51c7-48e5-91db-a9280c3a0547, command=[]} | ret=SUCCESS |  
2019-08-21 09:14:27,712 | INFO  | SCMAudit | user=jenkins1000 | ip=192.168.34.50 | op=SEND_HEARTBEAT {datanodeUUID=b216f333-d584-463e-ac29-b520f4cc8032, command=[]} | ret=SUCCESS |  
2019-08-21 09:14:27,731 | INFO  | SCMAudit | user=jenkins1000 | ip=192.168.34.50 | op=SEND_HEARTBEAT {datanodeUUID=a8271a13-8b98-4259-a956-3406fefc9571, command=[]} | ret=SUCCESS |  
2019-08-21 09:14:27,737 | INFO  | SCMAudit | user=jenkins1000 | ip=192.168.34.50 | op=SEND_HEARTBEAT {datanodeUUID=4fc6c8fa-e96e-43c4-8369-e0ca8a7014d6, command=[]} | ret=SUCCESS |  
2019-08-21 09:14:27,903 | INFO  | SCMAudit | user=jenkins1000 | ip=192.168.34.50 | op=SEND_HEARTBEAT {datanodeUUID=5ea20691-5ab9-4695-ab1d-7e722de7481e, command=[]} | ret=SUCCESS |  
2019-08-21 09:14:28,158 | INFO  | SCMAudit | user=jenkins1000 | ip=192.168.34.50 | op=SEND_HEARTBEAT {datanodeUUID=2efe7137-c334-43ac-ad86-ba58d4ed3c70, command=[]} | ret=SUCCESS |  
2019-08-21 09:14:28,305 | INFO  | SCMAudit | user=jenkins1000 | ip=192.168.34.50 | op=SEND_HEARTBEAT {datanodeUUID=328a75f0-8ecf-454d-ac4a-ee464a922ba9, command=[]} | ret=SUCCESS |  
2019-08-21 09:14:28,704 | INFO  | SCMAudit | user=jenkins1000 | ip=192.168.34.50 | op=SEND_HEARTBEAT {datanodeUUID=d93e8726-51c7-48e5-91db-a9280c3a0547, command=[]} | ret=SUCCESS |  
2019-08-21 09:14:28,713 | INFO  | SCMAudit | user=jenkins1000 | ip=192.168.34.50 | op=SEND_HEARTBEAT {datanodeUUID=b216f333-d584-463e-ac29-b520f4cc8032, command=[]} | ret=SUCCESS |  
2019-08-21 09:14:28,732 | INFO  | SCMAudit | user=jenkins1000 | ip=192.168.34.50 | op=SEND_HEARTBEAT {datanodeUUID=a8271a13-8b98-4259-a956-3406fefc9571, command=[]} | ret=SUCCESS |  
2019-08-21 09:14:28,737 | INFO  | SCMAudit | user=jenkins1000 | ip=192.168.34.50 | op=SEND_HEARTBEAT {datanodeUUID=4fc6c8fa-e96e-43c4-8369-e0ca8a7014d6, command=[]} | ret=SUCCESS |  
2019-08-21 09:14:28,903 | INFO  | SCMAudit | user=jenkins1000 | ip=192.168.34.50 | op=SEND_HEARTBEAT {datanodeUUID=5ea20691-5ab9-4695-ab1d-7e722de7481e, command=[]} | ret=SUCCESS |  
2019-08-21 09:14:29,157 | INFO  | SCMAudit | user=jenkins1000 | ip=192.168.34.50 | op=SEND_HEARTBEAT {datanodeUUID=2efe7137-c334-43ac-ad86-ba58d4ed3c70, command=[]} | ret=SUCCESS |  
2019-08-21 09:14:29,306 | INFO  | SCMAudit | user=jenkins1000 | ip=192.168.34.50 | op=SEND_HEARTBEAT {datanodeUUID=328a75f0-8ecf-454d-ac4a-ee464a922ba9, command=[]} | ret=SUCCESS |  
2019-08-21 09:14:29,703 | INFO  | SCMAudit | user=jenkins1000 | ip=192.168.34.50 | op=SEND_HEARTBEAT {datanodeUUID=d93e8726-51c7-48e5-91db-a9280c3a0547, command=[]} | ret=SUCCESS |  
2019-08-21 09:14:29,713 | INFO  | SCMAudit | user=jenkins1000 | ip=192.168.34.50 | op=SEND_HEARTBEAT {datanodeUUID=b216f333-d584-463e-ac29-b520f4cc8032, command=[]} | ret=SUCCESS |  
2019-08-21 09:14:29,731 | INFO  | SCMAudit | user=jenkins1000 | ip=192.168.34.50 | op=SEND_HEARTBEAT {datanodeUUID=a8271a13-8b98-4259-a956-3406fefc9571, command=[]} | ret=SUCCESS |  
2019-08-21 09:14:29,737 | INFO  | SCMAudit | user=jenkins1000 | ip=192.168.34.50 | op=SEND_HEARTBEAT {datanodeUUID=4fc6c8fa-e96e-43c4-8369-e0ca8a7014d6, command=[]} | ret=SUCCESS |  
2019-08-21 09:14:29,904 | INFO  | SCMAudit | user=jenkins1000 | ip=192.168.34.50 | op=SEND_HEARTBEAT {datanodeUUID=5ea20691-5ab9-4695-ab1d-7e722de7481e, command=[]} | ret=SUCCESS |  
2019-08-21 09:14:30,158 | INFO  | SCMAudit | user=jenkins1000 | ip=192.168.34.50 | op=SEND_HEARTBEAT {datanodeUUID=2efe7137-c334-43ac-ad86-ba58d4ed3c70, command=[]} | ret=SUCCESS |  
2019-08-21 09:14:30,306 | INFO  | SCMAudit | user=jenkins1000 | ip=192.168.34.50 | op=SEND_HEARTBEAT {datanodeUUID=328a75f0-8ecf-454d-ac4a-ee464a922ba9, command=[]} | ret=SUCCESS |  
2019-08-21 09:14:30,704 | INFO  | SCMAudit | user=jenkins1000 | ip=192.168.34.50 | op=SEND_HEARTBEAT {datanodeUUID=d93e8726-51c7-48e5-91db-a9280c3a0547, command=[]} | ret=SUCCESS |  
2019-08-21 09:14:30,713 | INFO  | SCMAudit | user=jenkins1000 | ip=192.168.34.50 | op=SEND_HEARTBEAT {datanodeUUID=b216f333-d584-463e-ac29-b520f4cc8032, command=[]} | ret=SUCCESS |  
2019-08-21 09:14:30,731 | INFO  | SCMAudit | user=jenkins1000 | ip=192.168.34.50 | op=SEND_HEARTBEAT {datanodeUUID=a8271a13-8b98-4259-a956-3406fefc9571, command=[]} | ret=SUCCESS |  
2019-08-21 09:14:30,738 | INFO  | SCMAudit | user=jenkins1000 | ip=192.168.34.50 | op=SEND_HEARTBEAT {datanodeUUID=4fc6c8fa-e96e-43c4-8369-e0ca8a7014d6, command=[]} | ret=SUCCESS |  
2019-08-21 09:14:30,903 | INFO  | SCMAudit | user=jenkins1000 | ip=192.168.34.50 | op=SEND_HEARTBEAT {datanodeUUID=5ea20691-5ab9-4695-ab1d-7e722de7481e, command=[]} | ret=SUCCESS |  
2019-08-21 09:14:31,158 | INFO  | SCMAudit | user=jenkins1000 | ip=192.168.34.50 | op=SEND_HEARTBEAT {datanodeUUID=2efe7137-c334-43ac-ad86-ba58d4ed3c70, command=[]} | ret=SUCCESS |  
2019-08-21 09:14:31,251 [grpc-default-executor-0] INFO  client.GrpcClientProtocolClient (GrpcClientProtocolClient.java:onNext(255)) - client-765D7F86C248->4fc6c8fa-e96e-43c4-8369-e0ca8a7014d6: receive RaftClientReply:client-765D7F86C248->4fc6c8fa-e96e-43c4-8369-e0ca8a7014d6@group-159FDE3C55F8, cid=45, FAILED org.apache.ratis.protocol.NotLeaderException: Server 4fc6c8fa-e96e-43c4-8369-e0ca8a7014d6 is not the leader (b216f333-d584-463e-ac29-b520f4cc8032:192.168.34.50:33369). Request must be sent to leader., logIndex=0, commits[4fc6c8fa-e96e-43c4-8369-e0ca8a7014d6:c8, b216f333-d584-463e-ac29-b520f4cc8032:c8, a8271a13-8b98-4259-a956-3406fefc9571:c8]
2019-08-21 09:14:31,307 | INFO  | SCMAudit | user=jenkins1000 | ip=192.168.34.50 | op=SEND_HEARTBEAT {datanodeUUID=328a75f0-8ecf-454d-ac4a-ee464a922ba9, command=[]} | ret=SUCCESS |  
2019-08-21 09:14:31,704 | INFO  | SCMAudit | user=jenkins1000 | ip=192.168.34.50 | op=SEND_HEARTBEAT {datanodeUUID=d93e8726-51c7-48e5-91db-a9280c3a0547, command=[]} | ret=SUCCESS |  
2019-08-21 09:14:31,713 | INFO  | SCMAudit | user=jenkins1000 | ip=192.168.34.50 | op=SEND_HEARTBEAT {datanodeUUID=b216f333-d584-463e-ac29-b520f4cc8032, command=[]} | ret=SUCCESS |  
2019-08-21 09:14:31,732 | INFO  | SCMAudit | user=jenkins1000 | ip=192.168.34.50 | op=SEND_HEARTBEAT {datanodeUUID=a8271a13-8b98-4259-a956-3406fefc9571, command=[]} | ret=SUCCESS |  
2019-08-21 09:14:31,738 | INFO  | SCMAudit | user=jenkins1000 | ip=192.168.34.50 | op=SEND_HEARTBEAT {datanodeUUID=4fc6c8fa-e96e-43c4-8369-e0ca8a7014d6, command=[]} | ret=SUCCESS |  
2019-08-21 09:14:31,903 | INFO  | SCMAudit | user=jenkins1000 | ip=192.168.34.50 | op=SEND_HEARTBEAT {datanodeUUID=5ea20691-5ab9-4695-ab1d-7e722de7481e, command=[]} | ret=SUCCESS |  
2019-08-21 09:14:32,159 | INFO  | SCMAudit | user=jenkins1000 | ip=192.168.34.50 | op=SEND_HEARTBEAT {datanodeUUID=2efe7137-c334-43ac-ad86-ba58d4ed3c70, command=[]} | ret=SUCCESS |  
2019-08-21 09:14:32,307 | INFO  | SCMAudit | user=jenkins1000 | ip=192.168.34.50 | op=SEND_HEARTBEAT {datanodeUUID=328a75f0-8ecf-454d-ac4a-ee464a922ba9, command=[]} | ret=SUCCESS |  
2019-08-21 09:14:32,704 | INFO  | SCMAudit | user=jenkins1000 | ip=192.168.34.50 | op=SEND_HEARTBEAT {datanodeUUID=d93e8726-51c7-48e5-91db-a9280c3a0547, command=[]} | ret=SUCCESS |  
2019-08-21 09:14:32,713 | INFO  | SCMAudit | user=jenkins1000 | ip=192.168.34.50 | op=SEND_HEARTBEAT {datanodeUUID=b216f333-d584-463e-ac29-b520f4cc8032, command=[]} | ret=SUCCESS |  
2019-08-21 09:14:32,731 | INFO  | SCMAudit | user=jenkins1000 | ip=192.168.34.50 | op=SEND_HEARTBEAT {datanodeUUID=a8271a13-8b98-4259-a956-3406fefc9571, command=[]} | ret=SUCCESS |  
2019-08-21 09:14:32,738 | INFO  | SCMAudit | user=jenkins1000 | ip=192.168.34.50 | op=SEND_HEARTBEAT {datanodeUUID=4fc6c8fa-e96e-43c4-8369-e0ca8a7014d6, command=[]} | ret=SUCCESS |  
2019-08-21 09:14:32,904 | INFO  | SCMAudit | user=jenkins1000 | ip=192.168.34.50 | op=SEND_HEARTBEAT {datanodeUUID=5ea20691-5ab9-4695-ab1d-7e722de7481e, command=[]} | ret=SUCCESS |  
2019-08-21 09:14:33,159 | INFO  | SCMAudit | user=jenkins1000 | ip=192.168.34.50 | op=SEND_HEARTBEAT {datanodeUUID=2efe7137-c334-43ac-ad86-ba58d4ed3c70, command=[]} | ret=SUCCESS |  
2019-08-21 09:14:33,308 | INFO  | SCMAudit | user=jenkins1000 | ip=192.168.34.50 | op=SEND_HEARTBEAT {datanodeUUID=328a75f0-8ecf-454d-ac4a-ee464a922ba9, command=[]} | ret=SUCCESS |  
2019-08-21 09:14:33,705 | INFO  | SCMAudit | user=jenkins1000 | ip=192.168.34.50 | op=SEND_HEARTBEAT {datanodeUUID=d93e8726-51c7-48e5-91db-a9280c3a0547, command=[]} | ret=SUCCESS |  
2019-08-21 09:14:33,714 | INFO  | SCMAudit | user=jenkins1000 | ip=192.168.34.50 | op=SEND_HEARTBEAT {datanodeUUID=b216f333-d584-463e-ac29-b520f4cc8032, command=[]} | ret=SUCCESS |  
2019-08-21 09:14:33,731 | INFO  | SCMAudit | user=jenkins1000 | ip=192.168.34.50 | op=SEND_HEARTBEAT {datanodeUUID=a8271a13-8b98-4259-a956-3406fefc9571, command=[]} | ret=SUCCESS |  
2019-08-21 09:14:33,738 | INFO  | SCMAudit | user=jenkins1000 | ip=192.168.34.50 | op=SEND_HEARTBEAT {datanodeUUID=4fc6c8fa-e96e-43c4-8369-e0ca8a7014d6, command=[]} | ret=SUCCESS |  
2019-08-21 09:14:33,904 | INFO  | SCMAudit | user=jenkins1000 | ip=192.168.34.50 | op=SEND_HEARTBEAT {datanodeUUID=5ea20691-5ab9-4695-ab1d-7e722de7481e, command=[]} | ret=SUCCESS |  
2019-08-21 09:14:34,160 | INFO  | SCMAudit | user=jenkins1000 | ip=192.168.34.50 | op=SEND_HEARTBEAT {datanodeUUID=2efe7137-c334-43ac-ad86-ba58d4ed3c70, command=[]} | ret=SUCCESS |  
2019-08-21 09:14:34,308 | INFO  | SCMAudit | user=jenkins1000 | ip=192.168.34.50 | op=SEND_HEARTBEAT {datanodeUUID=328a75f0-8ecf-454d-ac4a-ee464a922ba9, command=[]} | ret=SUCCESS |  
2019-08-21 09:14:34,704 | INFO  | SCMAudit | user=jenkins1000 | ip=192.168.34.50 | op=SEND_HEARTBEAT {datanodeUUID=d93e8726-51c7-48e5-91db-a9280c3a0547, command=[]} | ret=SUCCESS |  
2019-08-21 09:14:34,714 | INFO  | SCMAudit | user=jenkins1000 | ip=192.168.34.50 | op=SEND_HEARTBEAT {datanodeUUID=b216f333-d584-463e-ac29-b520f4cc8032, command=[]} | ret=SUCCESS |  
2019-08-21 09:14:34,732 | INFO  | SCMAudit | user=jenkins1000 | ip=192.168.34.50 | op=SEND_HEARTBEAT {datanodeUUID=a8271a13-8b98-4259-a956-3406fefc9571, command=[]} | ret=SUCCESS |  
2019-08-21 09:14:34,738 | INFO  | SCMAudit | user=jenkins1000 | ip=192.168.34.50 | op=SEND_HEARTBEAT {datanodeUUID=4fc6c8fa-e96e-43c4-8369-e0ca8a7014d6, command=[]} | ret=SUCCESS |  
2019-08-21 09:14:34,904 | INFO  | SCMAudit | user=jenkins1000 | ip=192.168.34.50 | op=SEND_HEARTBEAT {datanodeUUID=5ea20691-5ab9-4695-ab1d-7e722de7481e, command=[]} | ret=SUCCESS |  
2019-08-21 09:14:35,160 | INFO  | SCMAudit | user=jenkins1000 | ip=192.168.34.50 | op=SEND_HEARTBEAT {datanodeUUID=2efe7137-c334-43ac-ad86-ba58d4ed3c70, command=[]} | ret=SUCCESS |  
2019-08-21 09:14:35,309 | INFO  | SCMAudit | user=jenkins1000 | ip=192.168.34.50 | op=SEND_HEARTBEAT {datanodeUUID=328a75f0-8ecf-454d-ac4a-ee464a922ba9, command=[]} | ret=SUCCESS |  
2019-08-21 09:14:35,705 | INFO  | SCMAudit | user=jenkins1000 | ip=192.168.34.50 | op=SEND_HEARTBEAT {datanodeUUID=d93e8726-51c7-48e5-91db-a9280c3a0547, command=[]} | ret=SUCCESS |  
2019-08-21 09:14:35,714 | INFO  | SCMAudit | user=jenkins1000 | ip=192.168.34.50 | op=SEND_HEARTBEAT {datanodeUUID=b216f333-d584-463e-ac29-b520f4cc8032, command=[]} | ret=SUCCESS |  
2019-08-21 09:14:35,731 | INFO  | SCMAudit | user=jenkins1000 | ip=192.168.34.50 | op=SEND_HEARTBEAT {datanodeUUID=a8271a13-8b98-4259-a956-3406fefc9571, command=[]} | ret=SUCCESS |  
2019-08-21 09:14:35,737 | INFO  | SCMAudit | user=jenkins1000 | ip=192.168.34.50 | op=SEND_HEARTBEAT {datanodeUUID=4fc6c8fa-e96e-43c4-8369-e0ca8a7014d6, command=[]} | ret=SUCCESS |  
2019-08-21 09:14:35,903 | INFO  | SCMAudit | user=jenkins1000 | ip=192.168.34.50 | op=SEND_HEARTBEAT {datanodeUUID=5ea20691-5ab9-4695-ab1d-7e722de7481e, command=[]} | ret=SUCCESS |  
2019-08-21 09:14:36,161 | INFO  | SCMAudit | user=jenkins1000 | ip=192.168.34.50 | op=SEND_HEARTBEAT {datanodeUUID=2efe7137-c334-43ac-ad86-ba58d4ed3c70, command=[]} | ret=SUCCESS |  
2019-08-21 09:14:36,308 | INFO  | SCMAudit | user=jenkins1000 | ip=192.168.34.50 | op=SEND_HEARTBEAT {datanodeUUID=328a75f0-8ecf-454d-ac4a-ee464a922ba9, command=[]} | ret=SUCCESS |  
2019-08-21 09:14:36,317 [grpc-default-executor-0] INFO  client.GrpcClientProtocolClient (GrpcClientProtocolClient.java:onNext(255)) - client-765D7F86C248->a8271a13-8b98-4259-a956-3406fefc9571: receive RaftClientReply:client-765D7F86C248->a8271a13-8b98-4259-a956-3406fefc9571@group-159FDE3C55F8, cid=45, FAILED org.apache.ratis.protocol.NotLeaderException: Server a8271a13-8b98-4259-a956-3406fefc9571 is not the leader (b216f333-d584-463e-ac29-b520f4cc8032:192.168.34.50:33369). Request must be sent to leader., logIndex=0, commits[a8271a13-8b98-4259-a956-3406fefc9571:c8, 4fc6c8fa-e96e-43c4-8369-e0ca8a7014d6:c8, b216f333-d584-463e-ac29-b520f4cc8032:c8]
2019-08-21 09:14:36,705 | INFO  | SCMAudit | user=jenkins1000 | ip=192.168.34.50 | op=SEND_HEARTBEAT {datanodeUUID=d93e8726-51c7-48e5-91db-a9280c3a0547, command=[]} | ret=SUCCESS |  
2019-08-21 09:14:36,714 | INFO  | SCMAudit | user=jenkins1000 | ip=192.168.34.50 | op=SEND_HEARTBEAT {datanodeUUID=b216f333-d584-463e-ac29-b520f4cc8032, command=[]} | ret=SUCCESS |  
2019-08-21 09:14:36,731 | INFO  | SCMAudit | user=jenkins1000 | ip=192.168.34.50 | op=SEND_HEARTBEAT {datanodeUUID=a8271a13-8b98-4259-a956-3406fefc9571, command=[]} | ret=SUCCESS |  
2019-08-21 09:14:36,737 | INFO  | SCMAudit | user=jenkins1000 | ip=192.168.34.50 | op=SEND_HEARTBEAT {datanodeUUID=4fc6c8fa-e96e-43c4-8369-e0ca8a7014d6, command=[]} | ret=SUCCESS |  
2019-08-21 09:14:36,903 | INFO  | SCMAudit | user=jenkins1000 | ip=192.168.34.50 | op=SEND_HEARTBEAT {datanodeUUID=5ea20691-5ab9-4695-ab1d-7e722de7481e, command=[]} | ret=SUCCESS |  
2019-08-21 09:14:37,160 | INFO  | SCMAudit | user=jenkins1000 | ip=192.168.34.50 | op=SEND_HEARTBEAT {datanodeUUID=2efe7137-c334-43ac-ad86-ba58d4ed3c70, command=[]} | ret=SUCCESS |  
2019-08-21 09:14:37,308 | INFO  | SCMAudit | user=jenkins1000 | ip=192.168.34.50 | op=SEND_HEARTBEAT {datanodeUUID=328a75f0-8ecf-454d-ac4a-ee464a922ba9, command=[]} | ret=SUCCESS |  
2019-08-21 09:14:37,706 | INFO  | SCMAudit | user=jenkins1000 | ip=192.168.34.50 | op=SEND_HEARTBEAT {datanodeUUID=d93e8726-51c7-48e5-91db-a9280c3a0547, command=[]} | ret=SUCCESS |  
2019-08-21 09:14:37,715 | INFO  | SCMAudit | user=jenkins1000 | ip=192.168.34.50 | op=SEND_HEARTBEAT {datanodeUUID=b216f333-d584-463e-ac29-b520f4cc8032, command=[]} | ret=SUCCESS |  
2019-08-21 09:14:37,732 | INFO  | SCMAudit | user=jenkins1000 | ip=192.168.34.50 | op=SEND_HEARTBEAT {datanodeUUID=a8271a13-8b98-4259-a956-3406fefc9571, command=[]} | ret=SUCCESS |  
2019-08-21 09:14:37,737 | INFO  | SCMAudit | user=jenkins1000 | ip=192.168.34.50 | op=SEND_HEARTBEAT {datanodeUUID=4fc6c8fa-e96e-43c4-8369-e0ca8a7014d6, command=[]} | ret=SUCCESS |  
2019-08-21 09:14:37,904 | INFO  | SCMAudit | user=jenkins1000 | ip=192.168.34.50 | op=SEND_HEARTBEAT {datanodeUUID=5ea20691-5ab9-4695-ab1d-7e722de7481e, command=[]} | ret=SUCCESS |  
2019-08-21 09:14:38,161 | INFO  | SCMAudit | user=jenkins1000 | ip=192.168.34.50 | op=SEND_HEARTBEAT {datanodeUUID=2efe7137-c334-43ac-ad86-ba58d4ed3c70, command=[]} | ret=SUCCESS |  
2019-08-21 09:14:38,311 | INFO  | SCMAudit | user=jenkins1000 | ip=192.168.34.50 | op=SEND_HEARTBEAT {datanodeUUID=328a75f0-8ecf-454d-ac4a-ee464a922ba9, command=[]} | ret=SUCCESS |  
2019-08-21 09:14:38,706 | INFO  | SCMAudit | user=jenkins1000 | ip=192.168.34.50 | op=SEND_HEARTBEAT {datanodeUUID=d93e8726-51c7-48e5-91db-a9280c3a0547, command=[]} | ret=SUCCESS |  
2019-08-21 09:14:38,715 | INFO  | SCMAudit | user=jenkins1000 | ip=192.168.34.50 | op=SEND_HEARTBEAT {datanodeUUID=b216f333-d584-463e-ac29-b520f4cc8032, command=[]} | ret=SUCCESS |  
2019-08-21 09:14:38,732 | INFO  | SCMAudit | user=jenkins1000 | ip=192.168.34.50 | op=SEND_HEARTBEAT {datanodeUUID=a8271a13-8b98-4259-a956-3406fefc9571, command=[]} | ret=SUCCESS |  
2019-08-21 09:14:38,738 | INFO  | SCMAudit | user=jenkins1000 | ip=192.168.34.50 | op=SEND_HEARTBEAT {datanodeUUID=4fc6c8fa-e96e-43c4-8369-e0ca8a7014d6, command=[]} | ret=SUCCESS |  
2019-08-21 09:14:38,903 | INFO  | SCMAudit | user=jenkins1000 | ip=192.168.34.50 | op=SEND_HEARTBEAT {datanodeUUID=5ea20691-5ab9-4695-ab1d-7e722de7481e, command=[]} | ret=SUCCESS |  
2019-08-21 09:14:39,161 | INFO  | SCMAudit | user=jenkins1000 | ip=192.168.34.50 | op=SEND_HEARTBEAT {datanodeUUID=2efe7137-c334-43ac-ad86-ba58d4ed3c70, command=[]} | ret=SUCCESS |  
2019-08-21 09:14:39,312 | INFO  | SCMAudit | user=jenkins1000 | ip=192.168.34.50 | op=SEND_HEARTBEAT {datanodeUUID=328a75f0-8ecf-454d-ac4a-ee464a922ba9, command=[]} | ret=SUCCESS |  
2019-08-21 09:14:39,706 | INFO  | SCMAudit | user=jenkins1000 | ip=192.168.34.50 | op=SEND_HEARTBEAT {datanodeUUID=d93e8726-51c7-48e5-91db-a9280c3a0547, command=[]} | ret=SUCCESS |  
2019-08-21 09:14:39,715 | INFO  | SCMAudit | user=jenkins1000 | ip=192.168.34.50 | op=SEND_HEARTBEAT {datanodeUUID=b216f333-d584-463e-ac29-b520f4cc8032, command=[]} | ret=SUCCESS |  
2019-08-21 09:14:39,733 | INFO  | SCMAudit | user=jenkins1000 | ip=192.168.34.50 | op=SEND_HEARTBEAT {datanodeUUID=a8271a13-8b98-4259-a956-3406fefc9571, command=[]} | ret=SUCCESS |  
2019-08-21 09:14:39,738 | INFO  | SCMAudit | user=jenkins1000 | ip=192.168.34.50 | op=SEND_HEARTBEAT {datanodeUUID=4fc6c8fa-e96e-43c4-8369-e0ca8a7014d6, command=[]} | ret=SUCCESS |  
2019-08-21 09:14:39,904 | INFO  | SCMAudit | user=jenkins1000 | ip=192.168.34.50 | op=SEND_HEARTBEAT {datanodeUUID=5ea20691-5ab9-4695-ab1d-7e722de7481e, command=[]} | ret=SUCCESS |  
2019-08-21 09:14:40,161 | INFO  | SCMAudit | user=jenkins1000 | ip=192.168.34.50 | op=SEND_HEARTBEAT {datanodeUUID=2efe7137-c334-43ac-ad86-ba58d4ed3c70, command=[]} | ret=SUCCESS |  
2019-08-21 09:14:40,313 | INFO  | SCMAudit | user=jenkins1000 | ip=192.168.34.50 | op=SEND_HEARTBEAT {datanodeUUID=328a75f0-8ecf-454d-ac4a-ee464a922ba9, command=[]} | ret=SUCCESS |  
2019-08-21 09:14:40,707 | INFO  | SCMAudit | user=jenkins1000 | ip=192.168.34.50 | op=SEND_HEARTBEAT {datanodeUUID=d93e8726-51c7-48e5-91db-a9280c3a0547, command=[]} | ret=SUCCESS |  
2019-08-21 09:14:40,715 | INFO  | SCMAudit | user=jenkins1000 | ip=192.168.34.50 | op=SEND_HEARTBEAT {datanodeUUID=b216f333-d584-463e-ac29-b520f4cc8032, command=[]} | ret=SUCCESS |  
2019-08-21 09:14:40,733 | INFO  | SCMAudit | user=jenkins1000 | ip=192.168.34.50 | op=SEND_HEARTBEAT {datanodeUUID=a8271a13-8b98-4259-a956-3406fefc9571, command=[]} | ret=SUCCESS |  
2019-08-21 09:14:40,738 | INFO  | SCMAudit | user=jenkins1000 | ip=192.168.34.50 | op=SEND_HEARTBEAT {datanodeUUID=4fc6c8fa-e96e-43c4-8369-e0ca8a7014d6, command=[]} | ret=SUCCESS |  
2019-08-21 09:14:40,903 | INFO  | SCMAudit | user=jenkins1000 | ip=192.168.34.50 | op=SEND_HEARTBEAT {datanodeUUID=5ea20691-5ab9-4695-ab1d-7e722de7481e, command=[]} | ret=SUCCESS |  
2019-08-21 09:14:41,164 | INFO  | SCMAudit | user=jenkins1000 | ip=192.168.34.50 | op=SEND_HEARTBEAT {datanodeUUID=2efe7137-c334-43ac-ad86-ba58d4ed3c70, command=[]} | ret=SUCCESS |  
2019-08-21 09:14:41,312 | INFO  | SCMAudit | user=jenkins1000 | ip=192.168.34.50 | op=SEND_HEARTBEAT {datanodeUUID=328a75f0-8ecf-454d-ac4a-ee464a922ba9, command=[]} | ret=SUCCESS |  
2019-08-21 09:14:41,376 [grpc-default-executor-5] INFO  client.GrpcClientProtocolClient (GrpcClientProtocolClient.java:onNext(255)) - client-765D7F86C248->a8271a13-8b98-4259-a956-3406fefc9571: receive RaftClientReply:client-765D7F86C248->a8271a13-8b98-4259-a956-3406fefc9571@group-159FDE3C55F8, cid=45, FAILED org.apache.ratis.protocol.NotLeaderException: Server a8271a13-8b98-4259-a956-3406fefc9571 is not the leader (b216f333-d584-463e-ac29-b520f4cc8032:192.168.34.50:33369). Request must be sent to leader., logIndex=0, commits[a8271a13-8b98-4259-a956-3406fefc9571:c8, 4fc6c8fa-e96e-43c4-8369-e0ca8a7014d6:c8, b216f333-d584-463e-ac29-b520f4cc8032:c8]
2019-08-21 09:14:41,707 | INFO  | SCMAudit | user=jenkins1000 | ip=192.168.34.50 | op=SEND_HEARTBEAT {datanodeUUID=d93e8726-51c7-48e5-91db-a9280c3a0547, command=[]} | ret=SUCCESS |  
2019-08-21 09:14:41,715 | INFO  | SCMAudit | user=jenkins1000 | ip=192.168.34.50 | op=SEND_HEARTBEAT {datanodeUUID=b216f333-d584-463e-ac29-b520f4cc8032, command=[]} | ret=SUCCESS |  
2019-08-21 09:14:41,733 | INFO  | SCMAudit | user=jenkins1000 | ip=192.168.34.50 | op=SEND_HEARTBEAT {datanodeUUID=a8271a13-8b98-4259-a956-3406fefc9571, command=[]} | ret=SUCCESS |  
2019-08-21 09:14:41,739 | INFO  | SCMAudit | user=jenkins1000 | ip=192.168.34.50 | op=SEND_HEARTBEAT {datanodeUUID=4fc6c8fa-e96e-43c4-8369-e0ca8a7014d6, command=[]} | ret=SUCCESS |  
2019-08-21 09:14:41,904 | INFO  | SCMAudit | user=jenkins1000 | ip=192.168.34.50 | op=SEND_HEARTBEAT {datanodeUUID=5ea20691-5ab9-4695-ab1d-7e722de7481e, command=[]} | ret=SUCCESS |  
2019-08-21 09:14:42,165 | INFO  | SCMAudit | user=jenkins1000 | ip=192.168.34.50 | op=SEND_HEARTBEAT {datanodeUUID=2efe7137-c334-43ac-ad86-ba58d4ed3c70, command=[]} | ret=SUCCESS |  
2019-08-21 09:14:42,313 | INFO  | SCMAudit | user=jenkins1000 | ip=192.168.34.50 | op=SEND_HEARTBEAT {datanodeUUID=328a75f0-8ecf-454d-ac4a-ee464a922ba9, command=[]} | ret=SUCCESS |  
2019-08-21 09:14:42,707 | INFO  | SCMAudit | user=jenkins1000 | ip=192.168.34.50 | op=SEND_HEARTBEAT {datanodeUUID=d93e8726-51c7-48e5-91db-a9280c3a0547, command=[]} | ret=SUCCESS |  
2019-08-21 09:14:42,716 | INFO  | SCMAudit | user=jenkins1000 | ip=192.168.34.50 | op=SEND_HEARTBEAT {datanodeUUID=b216f333-d584-463e-ac29-b520f4cc8032, command=[]} | ret=SUCCESS |  
2019-08-21 09:14:42,733 | INFO  | SCMAudit | user=jenkins1000 | ip=192.168.34.50 | op=SEND_HEARTBEAT {datanodeUUID=a8271a13-8b98-4259-a956-3406fefc9571, command=[]} | ret=SUCCESS |  
2019-08-21 09:14:42,740 | INFO  | SCMAudit | user=jenkins1000 | ip=192.168.34.50 | op=SEND_HEARTBEAT {datanodeUUID=4fc6c8fa-e96e-43c4-8369-e0ca8a7014d6, command=[]} | ret=SUCCESS |  
2019-08-21 09:14:42,903 | INFO  | SCMAudit | user=jenkins1000 | ip=192.168.34.50 | op=SEND_HEARTBEAT {datanodeUUID=5ea20691-5ab9-4695-ab1d-7e722de7481e, command=[]} | ret=SUCCESS |  
2019-08-21 09:14:43,165 | INFO  | SCMAudit | user=jenkins1000 | ip=192.168.34.50 | op=SEND_HEARTBEAT {datanodeUUID=2efe7137-c334-43ac-ad86-ba58d4ed3c70, command=[]} | ret=SUCCESS |  
2019-08-21 09:14:43,313 | INFO  | SCMAudit | user=jenkins1000 | ip=192.168.34.50 | op=SEND_HEARTBEAT {datanodeUUID=328a75f0-8ecf-454d-ac4a-ee464a922ba9, command=[]} | ret=SUCCESS |  
2019-08-21 09:14:43,708 | INFO  | SCMAudit | user=jenkins1000 | ip=192.168.34.50 | op=SEND_HEARTBEAT {datanodeUUID=d93e8726-51c7-48e5-91db-a9280c3a0547, command=[]} | ret=SUCCESS |  
2019-08-21 09:14:43,716 | INFO  | SCMAudit | user=jenkins1000 | ip=192.168.34.50 | op=SEND_HEARTBEAT {datanodeUUID=b216f333-d584-463e-ac29-b520f4cc8032, command=[]} | ret=SUCCESS |  
2019-08-21 09:14:43,733 | INFO  | SCMAudit | user=jenkins1000 | ip=192.168.34.50 | op=SEND_HEARTBEAT {datanodeUUID=a8271a13-8b98-4259-a956-3406fefc9571, command=[]} | ret=SUCCESS |  
2019-08-21 09:14:43,741 | INFO  | SCMAudit | user=jenkins1000 | ip=192.168.34.50 | op=SEND_HEARTBEAT {datanodeUUID=4fc6c8fa-e96e-43c4-8369-e0ca8a7014d6, command=[]} | ret=SUCCESS |  
2019-08-21 09:14:43,904 | INFO  | SCMAudit | user=jenkins1000 | ip=192.168.34.50 | op=SEND_HEARTBEAT {datanodeUUID=5ea20691-5ab9-4695-ab1d-7e722de7481e, command=[]} | ret=SUCCESS |  
2019-08-21 09:14:44,165 | INFO  | SCMAudit | user=jenkins1000 | ip=192.168.34.50 | op=SEND_HEARTBEAT {datanodeUUID=2efe7137-c334-43ac-ad86-ba58d4ed3c70, command=[]} | ret=SUCCESS |  
2019-08-21 09:14:44,313 | INFO  | SCMAudit | user=jenkins1000 | ip=192.168.34.50 | op=SEND_HEARTBEAT {datanodeUUID=328a75f0-8ecf-454d-ac4a-ee464a922ba9, command=[]} | ret=SUCCESS |  
2019-08-21 09:14:44,707 | INFO  | SCMAudit | user=jenkins1000 | ip=192.168.34.50 | op=SEND_HEARTBEAT {datanodeUUID=d93e8726-51c7-48e5-91db-a9280c3a0547, command=[]} | ret=SUCCESS |  
2019-08-21 09:14:44,716 | INFO  | SCMAudit | user=jenkins1000 | ip=192.168.34.50 | op=SEND_HEARTBEAT {datanodeUUID=b216f333-d584-463e-ac29-b520f4cc8032, command=[]} | ret=SUCCESS |  
2019-08-21 09:14:44,734 | INFO  | SCMAudit | user=jenkins1000 | ip=192.168.34.50 | op=SEND_HEARTBEAT {datanodeUUID=a8271a13-8b98-4259-a956-3406fefc9571, command=[]} | ret=SUCCESS |  
2019-08-21 09:14:44,741 | INFO  | SCMAudit | user=jenkins1000 | ip=192.168.34.50 | op=SEND_HEARTBEAT {datanodeUUID=4fc6c8fa-e96e-43c4-8369-e0ca8a7014d6, command=[]} | ret=SUCCESS |  
2019-08-21 09:14:44,903 | INFO  | SCMAudit | user=jenkins1000 | ip=192.168.34.50 | op=SEND_HEARTBEAT {datanodeUUID=5ea20691-5ab9-4695-ab1d-7e722de7481e, command=[]} | ret=SUCCESS |  
2019-08-21 09:14:45,165 | INFO  | SCMAudit | user=jenkins1000 | ip=192.168.34.50 | op=SEND_HEARTBEAT {datanodeUUID=2efe7137-c334-43ac-ad86-ba58d4ed3c70, command=[]} | ret=SUCCESS |  
2019-08-21 09:14:45,314 | INFO  | SCMAudit | user=jenkins1000 | ip=192.168.34.50 | op=SEND_HEARTBEAT {datanodeUUID=328a75f0-8ecf-454d-ac4a-ee464a922ba9, command=[]} | ret=SUCCESS |  
2019-08-21 09:14:45,708 | INFO  | SCMAudit | user=jenkins1000 | ip=192.168.34.50 | op=SEND_HEARTBEAT {datanodeUUID=d93e8726-51c7-48e5-91db-a9280c3a0547, command=[]} | ret=SUCCESS |  
2019-08-21 09:14:45,716 | INFO  | SCMAudit | user=jenkins1000 | ip=192.168.34.50 | op=SEND_HEARTBEAT {datanodeUUID=b216f333-d584-463e-ac29-b520f4cc8032, command=[]} | ret=SUCCESS |  
2019-08-21 09:14:45,734 | INFO  | SCMAudit | user=jenkins1000 | ip=192.168.34.50 | op=SEND_HEARTBEAT {datanodeUUID=a8271a13-8b98-4259-a956-3406fefc9571, command=[]} | ret=SUCCESS |  
2019-08-21 09:14:45,741 | INFO  | SCMAudit | user=jenkins1000 | ip=192.168.34.50 | op=SEND_HEARTBEAT {datanodeUUID=4fc6c8fa-e96e-43c4-8369-e0ca8a7014d6, command=[]} | ret=SUCCESS |  
2019-08-21 09:14:45,904 | INFO  | SCMAudit | user=jenkins1000 | ip=192.168.34.50 | op=SEND_HEARTBEAT {datanodeUUID=5ea20691-5ab9-4695-ab1d-7e722de7481e, command=[]} | ret=SUCCESS |  
2019-08-21 09:14:46,165 | INFO  | SCMAudit | user=jenkins1000 | ip=192.168.34.50 | op=SEND_HEARTBEAT {datanodeUUID=2efe7137-c334-43ac-ad86-ba58d4ed3c70, command=[]} | ret=SUCCESS |  
2019-08-21 09:14:46,313 | INFO  | SCMAudit | user=jenkins1000 | ip=192.168.34.50 | op=SEND_HEARTBEAT {datanodeUUID=328a75f0-8ecf-454d-ac4a-ee464a922ba9, command=[]} | ret=SUCCESS |  
2019-08-21 09:14:46,417 [grpc-default-executor-0] INFO  client.GrpcClientProtocolClient (GrpcClientProtocolClient.java:onNext(255)) - client-765D7F86C248->4fc6c8fa-e96e-43c4-8369-e0ca8a7014d6: receive RaftClientReply:client-765D7F86C248->4fc6c8fa-e96e-43c4-8369-e0ca8a7014d6@group-159FDE3C55F8, cid=45, FAILED org.apache.ratis.protocol.NotLeaderException: Server 4fc6c8fa-e96e-43c4-8369-e0ca8a7014d6 is not the leader (b216f333-d584-463e-ac29-b520f4cc8032:192.168.34.50:33369). Request must be sent to leader., logIndex=0, commits[4fc6c8fa-e96e-43c4-8369-e0ca8a7014d6:c8, b216f333-d584-463e-ac29-b520f4cc8032:c8, a8271a13-8b98-4259-a956-3406fefc9571:c8]
2019-08-21 09:14:46,707 | INFO  | SCMAudit | user=jenkins1000 | ip=192.168.34.50 | op=SEND_HEARTBEAT {datanodeUUID=d93e8726-51c7-48e5-91db-a9280c3a0547, command=[]} | ret=SUCCESS |  
2019-08-21 09:14:46,716 | INFO  | SCMAudit | user=jenkins1000 | ip=192.168.34.50 | op=SEND_HEARTBEAT {datanodeUUID=b216f333-d584-463e-ac29-b520f4cc8032, command=[]} | ret=SUCCESS |  
2019-08-21 09:14:46,733 | INFO  | SCMAudit | user=jenkins1000 | ip=192.168.34.50 | op=SEND_HEARTBEAT {datanodeUUID=a8271a13-8b98-4259-a956-3406fefc9571, command=[]} | ret=SUCCESS |  
2019-08-21 09:14:46,741 | INFO  | SCMAudit | user=jenkins1000 | ip=192.168.34.50 | op=SEND_HEARTBEAT {datanodeUUID=4fc6c8fa-e96e-43c4-8369-e0ca8a7014d6, command=[]} | ret=SUCCESS |  
2019-08-21 09:14:46,905 | INFO  | SCMAudit | user=jenkins1000 | ip=192.168.34.50 | op=SEND_HEARTBEAT {datanodeUUID=5ea20691-5ab9-4695-ab1d-7e722de7481e, command=[]} | ret=SUCCESS |  
2019-08-21 09:14:47,164 | INFO  | SCMAudit | user=jenkins1000 | ip=192.168.34.50 | op=SEND_HEARTBEAT {datanodeUUID=2efe7137-c334-43ac-ad86-ba58d4ed3c70, command=[]} | ret=SUCCESS |  
2019-08-21 09:14:47,314 | INFO  | SCMAudit | user=jenkins1000 | ip=192.168.34.50 | op=SEND_HEARTBEAT {datanodeUUID=328a75f0-8ecf-454d-ac4a-ee464a922ba9, command=[]} | ret=SUCCESS |  
2019-08-21 09:14:47,708 | INFO  | SCMAudit | user=jenkins1000 | ip=192.168.34.50 | op=SEND_HEARTBEAT {datanodeUUID=d93e8726-51c7-48e5-91db-a9280c3a0547, command=[]} | ret=SUCCESS |  
2019-08-21 09:14:47,717 | INFO  | SCMAudit | user=jenkins1000 | ip=192.168.34.50 | op=SEND_HEARTBEAT {datanodeUUID=b216f333-d584-463e-ac29-b520f4cc8032, command=[]} | ret=SUCCESS |  
2019-08-21 09:14:47,734 | INFO  | SCMAudit | user=jenkins1000 | ip=192.168.34.50 | op=SEND_HEARTBEAT {datanodeUUID=a8271a13-8b98-4259-a956-3406fefc9571, command=[]} | ret=SUCCESS |  
2019-08-21 09:14:47,742 | INFO  | SCMAudit | user=jenkins1000 | ip=192.168.34.50 | op=SEND_HEARTBEAT {datanodeUUID=4fc6c8fa-e96e-43c4-8369-e0ca8a7014d6, command=[]} | ret=SUCCESS |  
2019-08-21 09:14:47,905 | INFO  | SCMAudit | user=jenkins1000 | ip=192.168.34.50 | op=SEND_HEARTBEAT {datanodeUUID=5ea20691-5ab9-4695-ab1d-7e722de7481e, command=[]} | ret=SUCCESS |  
2019-08-21 09:14:48,165 | INFO  | SCMAudit | user=jenkins1000 | ip=192.168.34.50 | op=SEND_HEARTBEAT {datanodeUUID=2efe7137-c334-43ac-ad86-ba58d4ed3c70, command=[]} | ret=SUCCESS |  
2019-08-21 09:14:48,314 | INFO  | SCMAudit | user=jenkins1000 | ip=192.168.34.50 | op=SEND_HEARTBEAT {datanodeUUID=328a75f0-8ecf-454d-ac4a-ee464a922ba9, command=[]} | ret=SUCCESS |  
2019-08-21 09:14:48,708 | INFO  | SCMAudit | user=jenkins1000 | ip=192.168.34.50 | op=SEND_HEARTBEAT {datanodeUUID=d93e8726-51c7-48e5-91db-a9280c3a0547, command=[]} | ret=SUCCESS |  
2019-08-21 09:14:48,717 | INFO  | SCMAudit | user=jenkins1000 | ip=192.168.34.50 | op=SEND_HEARTBEAT {datanodeUUID=b216f333-d584-463e-ac29-b520f4cc8032, command=[]} | ret=SUCCESS |  
2019-08-21 09:14:48,733 | INFO  | SCMAudit | user=jenkins1000 | ip=192.168.34.50 | op=SEND_HEARTBEAT {datanodeUUID=a8271a13-8b98-4259-a956-3406fefc9571, command=[]} | ret=SUCCESS |  
2019-08-21 09:14:48,742 | INFO  | SCMAudit | user=jenkins1000 | ip=192.168.34.50 | op=SEND_HEARTBEAT {datanodeUUID=4fc6c8fa-e96e-43c4-8369-e0ca8a7014d6, command=[]} | ret=SUCCESS |  
2019-08-21 09:14:48,906 | INFO  | SCMAudit | user=jenkins1000 | ip=192.168.34.50 | op=SEND_HEARTBEAT {datanodeUUID=5ea20691-5ab9-4695-ab1d-7e722de7481e, command=[]} | ret=SUCCESS |  
2019-08-21 09:14:49,165 | INFO  | SCMAudit | user=jenkins1000 | ip=192.168.34.50 | op=SEND_HEARTBEAT {datanodeUUID=2efe7137-c334-43ac-ad86-ba58d4ed3c70, command=[]} | ret=SUCCESS |  
2019-08-21 09:14:49,314 | INFO  | SCMAudit | user=jenkins1000 | ip=192.168.34.50 | op=SEND_HEARTBEAT {datanodeUUID=328a75f0-8ecf-454d-ac4a-ee464a922ba9, command=[]} | ret=SUCCESS |  
2019-08-21 09:14:49,707 | INFO  | SCMAudit | user=jenkins1000 | ip=192.168.34.50 | op=SEND_HEARTBEAT {datanodeUUID=d93e8726-51c7-48e5-91db-a9280c3a0547, command=[]} | ret=SUCCESS |  
2019-08-21 09:14:49,716 | INFO  | SCMAudit | user=jenkins1000 | ip=192.168.34.50 | op=SEND_HEARTBEAT {datanodeUUID=b216f333-d584-463e-ac29-b520f4cc8032, command=[]} | ret=SUCCESS |  
2019-08-21 09:14:49,734 | INFO  | SCMAudit | user=jenkins1000 | ip=192.168.34.50 | op=SEND_HEARTBEAT {datanodeUUID=a8271a13-8b98-4259-a956-3406fefc9571, command=[]} | ret=SUCCESS |  
2019-08-21 09:14:49,742 | INFO  | SCMAudit | user=jenkins1000 | ip=192.168.34.50 | op=SEND_HEARTBEAT {datanodeUUID=4fc6c8fa-e96e-43c4-8369-e0ca8a7014d6, command=[]} | ret=SUCCESS |  
2019-08-21 09:14:49,905 | INFO  | SCMAudit | user=jenkins1000 | ip=192.168.34.50 | op=SEND_HEARTBEAT {datanodeUUID=5ea20691-5ab9-4695-ab1d-7e722de7481e, command=[]} | ret=SUCCESS |  
2019-08-21 09:14:50,166 | INFO  | SCMAudit | user=jenkins1000 | ip=192.168.34.50 | op=SEND_HEARTBEAT {datanodeUUID=2efe7137-c334-43ac-ad86-ba58d4ed3c70, command=[]} | ret=SUCCESS |  
2019-08-21 09:14:50,313 | INFO  | SCMAudit | user=jenkins1000 | ip=192.168.34.50 | op=SEND_HEARTBEAT {datanodeUUID=328a75f0-8ecf-454d-ac4a-ee464a922ba9, command=[]} | ret=SUCCESS |  
2019-08-21 09:14:50,708 | INFO  | SCMAudit | user=jenkins1000 | ip=192.168.34.50 | op=SEND_HEARTBEAT {datanodeUUID=d93e8726-51c7-48e5-91db-a9280c3a0547, command=[]} | ret=SUCCESS |  
2019-08-21 09:14:50,716 | INFO  | SCMAudit | user=jenkins1000 | ip=192.168.34.50 | op=SEND_HEARTBEAT {datanodeUUID=b216f333-d584-463e-ac29-b520f4cc8032, command=[]} | ret=SUCCESS |  
2019-08-21 09:14:50,733 | INFO  | SCMAudit | user=jenkins1000 | ip=192.168.34.50 | op=SEND_HEARTBEAT {datanodeUUID=a8271a13-8b98-4259-a956-3406fefc9571, command=[]} | ret=SUCCESS |  
2019-08-21 09:14:50,743 | INFO  | SCMAudit | user=jenkins1000 | ip=192.168.34.50 | op=SEND_HEARTBEAT {datanodeUUID=4fc6c8fa-e96e-43c4-8369-e0ca8a7014d6, command=[]} | ret=SUCCESS |  
2019-08-21 09:14:50,906 | INFO  | SCMAudit | user=jenkins1000 | ip=192.168.34.50 | op=SEND_HEARTBEAT {datanodeUUID=5ea20691-5ab9-4695-ab1d-7e722de7481e, command=[]} | ret=SUCCESS |  
2019-08-21 09:14:51,165 | INFO  | SCMAudit | user=jenkins1000 | ip=192.168.34.50 | op=SEND_HEARTBEAT {datanodeUUID=2efe7137-c334-43ac-ad86-ba58d4ed3c70, command=[]} | ret=SUCCESS |  
2019-08-21 09:14:51,313 | INFO  | SCMAudit | user=jenkins1000 | ip=192.168.34.50 | op=SEND_HEARTBEAT {datanodeUUID=328a75f0-8ecf-454d-ac4a-ee464a922ba9, command=[]} | ret=SUCCESS |  
2019-08-21 09:14:51,458 [grpc-default-executor-5] INFO  client.GrpcClientProtocolClient (GrpcClientProtocolClient.java:onNext(255)) - client-765D7F86C248->4fc6c8fa-e96e-43c4-8369-e0ca8a7014d6: receive RaftClientReply:client-765D7F86C248->4fc6c8fa-e96e-43c4-8369-e0ca8a7014d6@group-159FDE3C55F8, cid=45, FAILED org.apache.ratis.protocol.NotLeaderException: Server 4fc6c8fa-e96e-43c4-8369-e0ca8a7014d6 is not the leader (b216f333-d584-463e-ac29-b520f4cc8032:192.168.34.50:33369). Request must be sent to leader., logIndex=0, commits[4fc6c8fa-e96e-43c4-8369-e0ca8a7014d6:c8, b216f333-d584-463e-ac29-b520f4cc8032:c8, a8271a13-8b98-4259-a956-3406fefc9571:c8]
2019-08-21 09:14:51,707 | INFO  | SCMAudit | user=jenkins1000 | ip=192.168.34.50 | op=SEND_HEARTBEAT {datanodeUUID=d93e8726-51c7-48e5-91db-a9280c3a0547, command=[]} | ret=SUCCESS |  
2019-08-21 09:14:51,717 | INFO  | SCMAudit | user=jenkins1000 | ip=192.168.34.50 | op=SEND_HEARTBEAT {datanodeUUID=b216f333-d584-463e-ac29-b520f4cc8032, command=[]} | ret=SUCCESS |  
2019-08-21 09:14:51,734 | INFO  | SCMAudit | user=jenkins1000 | ip=192.168.34.50 | op=SEND_HEARTBEAT {datanodeUUID=a8271a13-8b98-4259-a956-3406fefc9571, command=[]} | ret=SUCCESS |  
2019-08-21 09:14:51,743 | INFO  | SCMAudit | user=jenkins1000 | ip=192.168.34.50 | op=SEND_HEARTBEAT {datanodeUUID=4fc6c8fa-e96e-43c4-8369-e0ca8a7014d6, command=[]} | ret=SUCCESS |  
2019-08-21 09:14:51,906 | INFO  | SCMAudit | user=jenkins1000 | ip=192.168.34.50 | op=SEND_HEARTBEAT {datanodeUUID=5ea20691-5ab9-4695-ab1d-7e722de7481e, command=[]} | ret=SUCCESS |  
2019-08-21 09:14:52,166 | INFO  | SCMAudit | user=jenkins1000 | ip=192.168.34.50 | op=SEND_HEARTBEAT {datanodeUUID=2efe7137-c334-43ac-ad86-ba58d4ed3c70, command=[]} | ret=SUCCESS |  
2019-08-21 09:14:52,314 | INFO  | SCMAudit | user=jenkins1000 | ip=192.168.34.50 | op=SEND_HEARTBEAT {datanodeUUID=328a75f0-8ecf-454d-ac4a-ee464a922ba9, command=[]} | ret=SUCCESS |  
2019-08-21 09:14:52,708 | INFO  | SCMAudit | user=jenkins1000 | ip=192.168.34.50 | op=SEND_HEARTBEAT {datanodeUUID=d93e8726-51c7-48e5-91db-a9280c3a0547, command=[]} | ret=SUCCESS |  
2019-08-21 09:14:52,717 | INFO  | SCMAudit | user=jenkins1000 | ip=192.168.34.50 | op=SEND_HEARTBEAT {datanodeUUID=b216f333-d584-463e-ac29-b520f4cc8032, command=[]} | ret=SUCCESS |  
2019-08-21 09:14:52,734 | INFO  | SCMAudit | user=jenkins1000 | ip=192.168.34.50 | op=SEND_HEARTBEAT {datanodeUUID=a8271a13-8b98-4259-a956-3406fefc9571, command=[]} | ret=SUCCESS |  
2019-08-21 09:14:52,743 | INFO  | SCMAudit | user=jenkins1000 | ip=192.168.34.50 | op=SEND_HEARTBEAT {datanodeUUID=4fc6c8fa-e96e-43c4-8369-e0ca8a7014d6, command=[]} | ret=SUCCESS |  
2019-08-21 09:14:52,905 | INFO  | SCMAudit | user=jenkins1000 | ip=192.168.34.50 | op=SEND_HEARTBEAT {datanodeUUID=5ea20691-5ab9-4695-ab1d-7e722de7481e, command=[]} | ret=SUCCESS |  
2019-08-21 09:14:53,167 | INFO  | SCMAudit | user=jenkins1000 | ip=192.168.34.50 | op=SEND_HEARTBEAT {datanodeUUID=2efe7137-c334-43ac-ad86-ba58d4ed3c70, command=[]} | ret=SUCCESS |  
2019-08-21 09:14:53,314 | INFO  | SCMAudit | user=jenkins1000 | ip=192.168.34.50 | op=SEND_HEARTBEAT {datanodeUUID=328a75f0-8ecf-454d-ac4a-ee464a922ba9, command=[]} | ret=SUCCESS |  
2019-08-21 09:14:53,707 | INFO  | SCMAudit | user=jenkins1000 | ip=192.168.34.50 | op=SEND_HEARTBEAT {datanodeUUID=d93e8726-51c7-48e5-91db-a9280c3a0547, command=[]} | ret=SUCCESS |  
2019-08-21 09:14:53,716 | INFO  | SCMAudit | user=jenkins1000 | ip=192.168.34.50 | op=SEND_HEARTBEAT {datanodeUUID=b216f333-d584-463e-ac29-b520f4cc8032, command=[]} | ret=SUCCESS |  
2019-08-21 09:14:53,734 | INFO  | SCMAudit | user=jenkins1000 | ip=192.168.34.50 | op=SEND_HEARTBEAT {datanodeUUID=a8271a13-8b98-4259-a956-3406fefc9571, command=[]} | ret=SUCCESS |  
2019-08-21 09:14:53,743 | INFO  | SCMAudit | user=jenkins1000 | ip=192.168.34.50 | op=SEND_HEARTBEAT {datanodeUUID=4fc6c8fa-e96e-43c4-8369-e0ca8a7014d6, command=[]} | ret=SUCCESS |  
2019-08-21 09:14:53,906 | INFO  | SCMAudit | user=jenkins1000 | ip=192.168.34.50 | op=SEND_HEARTBEAT {datanodeUUID=5ea20691-5ab9-4695-ab1d-7e722de7481e, command=[]} | ret=SUCCESS |  
2019-08-21 09:14:54,167 | INFO  | SCMAudit | user=jenkins1000 | ip=192.168.34.50 | op=SEND_HEARTBEAT {datanodeUUID=2efe7137-c334-43ac-ad86-ba58d4ed3c70, command=[]} | ret=SUCCESS |  
2019-08-21 09:14:54,315 | INFO  | SCMAudit | user=jenkins1000 | ip=192.168.34.50 | op=SEND_HEARTBEAT {datanodeUUID=328a75f0-8ecf-454d-ac4a-ee464a922ba9, command=[]} | ret=SUCCESS |  
2019-08-21 09:14:54,708 | INFO  | SCMAudit | user=jenkins1000 | ip=192.168.34.50 | op=SEND_HEARTBEAT {datanodeUUID=d93e8726-51c7-48e5-91db-a9280c3a0547, command=[]} | ret=SUCCESS |  
2019-08-21 09:14:54,716 | INFO  | SCMAudit | user=jenkins1000 | ip=192.168.34.50 | op=SEND_HEARTBEAT {datanodeUUID=b216f333-d584-463e-ac29-b520f4cc8032, command=[]} | ret=SUCCESS |  
2019-08-21 09:14:54,735 | INFO  | SCMAudit | user=jenkins1000 | ip=192.168.34.50 | op=SEND_HEARTBEAT {datanodeUUID=a8271a13-8b98-4259-a956-3406fefc9571, command=[]} | ret=SUCCESS |  
2019-08-21 09:14:54,744 | INFO  | SCMAudit | user=jenkins1000 | ip=192.168.34.50 | op=SEND_HEARTBEAT {datanodeUUID=4fc6c8fa-e96e-43c4-8369-e0ca8a7014d6, command=[]} | ret=SUCCESS |  
2019-08-21 09:14:54,906 | INFO  | SCMAudit | user=jenkins1000 | ip=192.168.34.50 | op=SEND_HEARTBEAT {datanodeUUID=5ea20691-5ab9-4695-ab1d-7e722de7481e, command=[]} | ret=SUCCESS |  
2019-08-21 09:14:55,167 | INFO  | SCMAudit | user=jenkins1000 | ip=192.168.34.50 | op=SEND_HEARTBEAT {datanodeUUID=2efe7137-c334-43ac-ad86-ba58d4ed3c70, command=[]} | ret=SUCCESS |  
2019-08-21 09:14:55,314 | INFO  | SCMAudit | user=jenkins1000 | ip=192.168.34.50 | op=SEND_HEARTBEAT {datanodeUUID=328a75f0-8ecf-454d-ac4a-ee464a922ba9, command=[]} | ret=SUCCESS |  
2019-08-21 09:14:55,707 | INFO  | SCMAudit | user=jenkins1000 | ip=192.168.34.50 | op=SEND_HEARTBEAT {datanodeUUID=d93e8726-51c7-48e5-91db-a9280c3a0547, command=[]} | ret=SUCCESS |  
2019-08-21 09:14:55,716 | INFO  | SCMAudit | user=jenkins1000 | ip=192.168.34.50 | op=SEND_HEARTBEAT {datanodeUUID=b216f333-d584-463e-ac29-b520f4cc8032, command=[]} | ret=SUCCESS |  
2019-08-21 09:14:55,735 | INFO  | SCMAudit | user=jenkins1000 | ip=192.168.34.50 | op=SEND_HEARTBEAT {datanodeUUID=a8271a13-8b98-4259-a956-3406fefc9571, command=[]} | ret=SUCCESS |  
2019-08-21 09:14:55,743 | INFO  | SCMAudit | user=jenkins1000 | ip=192.168.34.50 | op=SEND_HEARTBEAT {datanodeUUID=4fc6c8fa-e96e-43c4-8369-e0ca8a7014d6, command=[]} | ret=SUCCESS |  
2019-08-21 09:14:55,906 | INFO  | SCMAudit | user=jenkins1000 | ip=192.168.34.50 | op=SEND_HEARTBEAT {datanodeUUID=5ea20691-5ab9-4695-ab1d-7e722de7481e, command=[]} | ret=SUCCESS |  
2019-08-21 09:14:56,167 | INFO  | SCMAudit | user=jenkins1000 | ip=192.168.34.50 | op=SEND_HEARTBEAT {datanodeUUID=2efe7137-c334-43ac-ad86-ba58d4ed3c70, command=[]} | ret=SUCCESS |  
2019-08-21 09:14:56,314 | INFO  | SCMAudit | user=jenkins1000 | ip=192.168.34.50 | op=SEND_HEARTBEAT {datanodeUUID=328a75f0-8ecf-454d-ac4a-ee464a922ba9, command=[]} | ret=SUCCESS |  
2019-08-21 09:14:56,497 [grpc-default-executor-5] INFO  client.GrpcClientProtocolClient (GrpcClientProtocolClient.java:onNext(255)) - client-765D7F86C248->4fc6c8fa-e96e-43c4-8369-e0ca8a7014d6: receive RaftClientReply:client-765D7F86C248->4fc6c8fa-e96e-43c4-8369-e0ca8a7014d6@group-159FDE3C55F8, cid=45, FAILED org.apache.ratis.protocol.NotLeaderException: Server 4fc6c8fa-e96e-43c4-8369-e0ca8a7014d6 is not the leader (b216f333-d584-463e-ac29-b520f4cc8032:192.168.34.50:33369). Request must be sent to leader., logIndex=0, commits[4fc6c8fa-e96e-43c4-8369-e0ca8a7014d6:c8, b216f333-d584-463e-ac29-b520f4cc8032:c8, a8271a13-8b98-4259-a956-3406fefc9571:c8]
2019-08-21 09:14:56,708 | INFO  | SCMAudit | user=jenkins1000 | ip=192.168.34.50 | op=SEND_HEARTBEAT {datanodeUUID=d93e8726-51c7-48e5-91db-a9280c3a0547, command=[]} | ret=SUCCESS |  
2019-08-21 09:14:56,716 | INFO  | SCMAudit | user=jenkins1000 | ip=192.168.34.50 | op=SEND_HEARTBEAT {datanodeUUID=b216f333-d584-463e-ac29-b520f4cc8032, command=[]} | ret=SUCCESS |  
2019-08-21 09:14:56,735 | INFO  | SCMAudit | user=jenkins1000 | ip=192.168.34.50 | op=SEND_HEARTBEAT {datanodeUUID=a8271a13-8b98-4259-a956-3406fefc9571, command=[]} | ret=SUCCESS |  
2019-08-21 09:14:56,743 | INFO  | SCMAudit | user=jenkins1000 | ip=192.168.34.50 | op=SEND_HEARTBEAT {datanodeUUID=4fc6c8fa-e96e-43c4-8369-e0ca8a7014d6, command=[]} | ret=SUCCESS |  
2019-08-21 09:14:56,907 | INFO  | SCMAudit | user=jenkins1000 | ip=192.168.34.50 | op=SEND_HEARTBEAT {datanodeUUID=5ea20691-5ab9-4695-ab1d-7e722de7481e, command=[]} | ret=SUCCESS |  
2019-08-21 09:14:57,167 | INFO  | SCMAudit | user=jenkins1000 | ip=192.168.34.50 | op=SEND_HEARTBEAT {datanodeUUID=2efe7137-c334-43ac-ad86-ba58d4ed3c70, command=[]} | ret=SUCCESS |  
2019-08-21 09:14:57,314 | INFO  | SCMAudit | user=jenkins1000 | ip=192.168.34.50 | op=SEND_HEARTBEAT {datanodeUUID=328a75f0-8ecf-454d-ac4a-ee464a922ba9, command=[]} | ret=SUCCESS |  
2019-08-21 09:14:57,708 | INFO  | SCMAudit | user=jenkins1000 | ip=192.168.34.50 | op=SEND_HEARTBEAT {datanodeUUID=d93e8726-51c7-48e5-91db-a9280c3a0547, command=[]} | ret=SUCCESS |  
2019-08-21 09:14:57,717 | INFO  | SCMAudit | user=jenkins1000 | ip=192.168.34.50 | op=SEND_HEARTBEAT {datanodeUUID=b216f333-d584-463e-ac29-b520f4cc8032, command=[]} | ret=SUCCESS |  
2019-08-21 09:14:57,735 | INFO  | SCMAudit | user=jenkins1000 | ip=192.168.34.50 | op=SEND_HEARTBEAT {datanodeUUID=a8271a13-8b98-4259-a956-3406fefc9571, command=[]} | ret=SUCCESS |  
2019-08-21 09:14:57,744 | INFO  | SCMAudit | user=jenkins1000 | ip=192.168.34.50 | op=SEND_HEARTBEAT {datanodeUUID=4fc6c8fa-e96e-43c4-8369-e0ca8a7014d6, command=[]} | ret=SUCCESS |  
2019-08-21 09:14:57,907 | INFO  | SCMAudit | user=jenkins1000 | ip=192.168.34.50 | op=SEND_HEARTBEAT {datanodeUUID=5ea20691-5ab9-4695-ab1d-7e722de7481e, command=[]} | ret=SUCCESS |  
2019-08-21 09:14:58,168 | INFO  | SCMAudit | user=jenkins1000 | ip=192.168.34.50 | op=SEND_HEARTBEAT {datanodeUUID=2efe7137-c334-43ac-ad86-ba58d4ed3c70, command=[]} | ret=SUCCESS |  
2019-08-21 09:14:58,315 | INFO  | SCMAudit | user=jenkins1000 | ip=192.168.34.50 | op=SEND_HEARTBEAT {datanodeUUID=328a75f0-8ecf-454d-ac4a-ee464a922ba9, command=[]} | ret=SUCCESS |  
2019-08-21 09:14:58,708 | INFO  | SCMAudit | user=jenkins1000 | ip=192.168.34.50 | op=SEND_HEARTBEAT {datanodeUUID=d93e8726-51c7-48e5-91db-a9280c3a0547, command=[]} | ret=SUCCESS |  
2019-08-21 09:14:58,717 | INFO  | SCMAudit | user=jenkins1000 | ip=192.168.34.50 | op=SEND_HEARTBEAT {datanodeUUID=b216f333-d584-463e-ac29-b520f4cc8032, command=[]} | ret=SUCCESS |  
2019-08-21 09:14:58,735 | INFO  | SCMAudit | user=jenkins1000 | ip=192.168.34.50 | op=SEND_HEARTBEAT {datanodeUUID=a8271a13-8b98-4259-a956-3406fefc9571, command=[]} | ret=SUCCESS |  
2019-08-21 09:14:58,744 | INFO  | SCMAudit | user=jenkins1000 | ip=192.168.34.50 | op=SEND_HEARTBEAT {datanodeUUID=4fc6c8fa-e96e-43c4-8369-e0ca8a7014d6, command=[]} | ret=SUCCESS |  
2019-08-21 09:14:58,907 | INFO  | SCMAudit | user=jenkins1000 | ip=192.168.34.50 | op=SEND_HEARTBEAT {datanodeUUID=5ea20691-5ab9-4695-ab1d-7e722de7481e, command=[]} | ret=SUCCESS |  
2019-08-21 09:14:59,168 | INFO  | SCMAudit | user=jenkins1000 | ip=192.168.34.50 | op=SEND_HEARTBEAT {datanodeUUID=2efe7137-c334-43ac-ad86-ba58d4ed3c70, command=[]} | ret=SUCCESS |  
2019-08-21 09:14:59,315 | INFO  | SCMAudit | user=jenkins1000 | ip=192.168.34.50 | op=SEND_HEARTBEAT {datanodeUUID=328a75f0-8ecf-454d-ac4a-ee464a922ba9, command=[]} | ret=SUCCESS |  
2019-08-21 09:14:59,708 | INFO  | SCMAudit | user=jenkins1000 | ip=192.168.34.50 | op=SEND_HEARTBEAT {datanodeUUID=d93e8726-51c7-48e5-91db-a9280c3a0547, command=[]} | ret=SUCCESS |  
2019-08-21 09:14:59,717 | INFO  | SCMAudit | user=jenkins1000 | ip=192.168.34.50 | op=SEND_HEARTBEAT {datanodeUUID=b216f333-d584-463e-ac29-b520f4cc8032, command=[]} | ret=SUCCESS |  
2019-08-21 09:14:59,736 | INFO  | SCMAudit | user=jenkins1000 | ip=192.168.34.50 | op=SEND_HEARTBEAT {datanodeUUID=a8271a13-8b98-4259-a956-3406fefc9571, command=[]} | ret=SUCCESS |  
2019-08-21 09:14:59,744 | INFO  | SCMAudit | user=jenkins1000 | ip=192.168.34.50 | op=SEND_HEARTBEAT {datanodeUUID=4fc6c8fa-e96e-43c4-8369-e0ca8a7014d6, command=[]} | ret=SUCCESS |  
2019-08-21 09:14:59,907 | INFO  | SCMAudit | user=jenkins1000 | ip=192.168.34.50 | op=SEND_HEARTBEAT {datanodeUUID=5ea20691-5ab9-4695-ab1d-7e722de7481e, command=[]} | ret=SUCCESS |  
2019-08-21 09:15:00,168 | INFO  | SCMAudit | user=jenkins1000 | ip=192.168.34.50 | op=SEND_HEARTBEAT {datanodeUUID=2efe7137-c334-43ac-ad86-ba58d4ed3c70, command=[]} | ret=SUCCESS |  
2019-08-21 09:15:00,315 | INFO  | SCMAudit | user=jenkins1000 | ip=192.168.34.50 | op=SEND_HEARTBEAT {datanodeUUID=328a75f0-8ecf-454d-ac4a-ee464a922ba9, command=[]} | ret=SUCCESS |  
2019-08-21 09:15:00,709 | INFO  | SCMAudit | user=jenkins1000 | ip=192.168.34.50 | op=SEND_HEARTBEAT {datanodeUUID=d93e8726-51c7-48e5-91db-a9280c3a0547, command=[]} | ret=SUCCESS |  
2019-08-21 09:15:00,717 | INFO  | SCMAudit | user=jenkins1000 | ip=192.168.34.50 | op=SEND_HEARTBEAT {datanodeUUID=b216f333-d584-463e-ac29-b520f4cc8032, command=[]} | ret=SUCCESS |  
2019-08-21 09:15:00,736 | INFO  | SCMAudit | user=jenkins1000 | ip=192.168.34.50 | op=SEND_HEARTBEAT {datanodeUUID=a8271a13-8b98-4259-a956-3406fefc9571, command=[]} | ret=SUCCESS |  
2019-08-21 09:15:00,744 | INFO  | SCMAudit | user=jenkins1000 | ip=192.168.34.50 | op=SEND_HEARTBEAT {datanodeUUID=4fc6c8fa-e96e-43c4-8369-e0ca8a7014d6, command=[]} | ret=SUCCESS |  
2019-08-21 09:15:00,908 | INFO  | SCMAudit | user=jenkins1000 | ip=192.168.34.50 | op=SEND_HEARTBEAT {datanodeUUID=5ea20691-5ab9-4695-ab1d-7e722de7481e, command=[]} | ret=SUCCESS |  
2019-08-21 09:15:01,168 | INFO  | SCMAudit | user=jenkins1000 | ip=192.168.34.50 | op=SEND_HEARTBEAT {datanodeUUID=2efe7137-c334-43ac-ad86-ba58d4ed3c70, command=[]} | ret=SUCCESS |  
2019-08-21 09:15:01,315 | INFO  | SCMAudit | user=jenkins1000 | ip=192.168.34.50 | op=SEND_HEARTBEAT {datanodeUUID=328a75f0-8ecf-454d-ac4a-ee464a922ba9, command=[]} | ret=SUCCESS |  
2019-08-21 09:15:01,539 [grpc-default-executor-1] INFO  client.GrpcClientProtocolClient (GrpcClientProtocolClient.java:onNext(255)) - client-765D7F86C248->4fc6c8fa-e96e-43c4-8369-e0ca8a7014d6: receive RaftClientReply:client-765D7F86C248->4fc6c8fa-e96e-43c4-8369-e0ca8a7014d6@group-159FDE3C55F8, cid=45, FAILED org.apache.ratis.protocol.NotLeaderException: Server 4fc6c8fa-e96e-43c4-8369-e0ca8a7014d6 is not the leader (b216f333-d584-463e-ac29-b520f4cc8032:192.168.34.50:33369). Request must be sent to leader., logIndex=0, commits[4fc6c8fa-e96e-43c4-8369-e0ca8a7014d6:c8, b216f333-d584-463e-ac29-b520f4cc8032:c8, a8271a13-8b98-4259-a956-3406fefc9571:c8]
2019-08-21 09:15:01,708 | INFO  | SCMAudit | user=jenkins1000 | ip=192.168.34.50 | op=SEND_HEARTBEAT {datanodeUUID=d93e8726-51c7-48e5-91db-a9280c3a0547, command=[]} | ret=SUCCESS |  
2019-08-21 09:15:01,717 | INFO  | SCMAudit | user=jenkins1000 | ip=192.168.34.50 | op=SEND_HEARTBEAT {datanodeUUID=b216f333-d584-463e-ac29-b520f4cc8032, command=[]} | ret=SUCCESS |  
2019-08-21 09:15:01,735 | INFO  | SCMAudit | user=jenkins1000 | ip=192.168.34.50 | op=SEND_HEARTBEAT {datanodeUUID=a8271a13-8b98-4259-a956-3406fefc9571, command=[]} | ret=SUCCESS |  
2019-08-21 09:15:01,745 | INFO  | SCMAudit | user=jenkins1000 | ip=192.168.34.50 | op=SEND_HEARTBEAT {datanodeUUID=4fc6c8fa-e96e-43c4-8369-e0ca8a7014d6, command=[]} | ret=SUCCESS |  
2019-08-21 09:15:01,908 | INFO  | SCMAudit | user=jenkins1000 | ip=192.168.34.50 | op=SEND_HEARTBEAT {datanodeUUID=5ea20691-5ab9-4695-ab1d-7e722de7481e, command=[]} | ret=SUCCESS |  
2019-08-21 09:15:02,168 | INFO  | SCMAudit | user=jenkins1000 | ip=192.168.34.50 | op=SEND_HEARTBEAT {datanodeUUID=2efe7137-c334-43ac-ad86-ba58d4ed3c70, command=[]} | ret=SUCCESS |  
2019-08-21 09:15:02,316 | INFO  | SCMAudit | user=jenkins1000 | ip=192.168.34.50 | op=SEND_HEARTBEAT {datanodeUUID=328a75f0-8ecf-454d-ac4a-ee464a922ba9, command=[]} | ret=SUCCESS |  
2019-08-21 09:15:02,708 | INFO  | SCMAudit | user=jenkins1000 | ip=192.168.34.50 | op=SEND_HEARTBEAT {datanodeUUID=d93e8726-51c7-48e5-91db-a9280c3a0547, command=[]} | ret=SUCCESS |  
2019-08-21 09:15:02,717 | INFO  | SCMAudit | user=jenkins1000 | ip=192.168.34.50 | op=SEND_HEARTBEAT {datanodeUUID=b216f333-d584-463e-ac29-b520f4cc8032, command=[]} | ret=SUCCESS |  
2019-08-21 09:15:02,736 | INFO  | SCMAudit | user=jenkins1000 | ip=192.168.34.50 | op=SEND_HEARTBEAT {datanodeUUID=a8271a13-8b98-4259-a956-3406fefc9571, command=[]} | ret=SUCCESS |  
2019-08-21 09:15:02,744 | INFO  | SCMAudit | user=jenkins1000 | ip=192.168.34.50 | op=SEND_HEARTBEAT {datanodeUUID=4fc6c8fa-e96e-43c4-8369-e0ca8a7014d6, command=[]} | ret=SUCCESS |  
2019-08-21 09:15:02,908 | INFO  | SCMAudit | user=jenkins1000 | ip=192.168.34.50 | op=SEND_HEARTBEAT {datanodeUUID=5ea20691-5ab9-4695-ab1d-7e722de7481e, command=[]} | ret=SUCCESS |  
2019-08-21 09:15:03,169 | INFO  | SCMAudit | user=jenkins1000 | ip=192.168.34.50 | op=SEND_HEARTBEAT {datanodeUUID=2efe7137-c334-43ac-ad86-ba58d4ed3c70, command=[]} | ret=SUCCESS |  
2019-08-21 09:15:03,316 | INFO  | SCMAudit | user=jenkins1000 | ip=192.168.34.50 | op=SEND_HEARTBEAT {datanodeUUID=328a75f0-8ecf-454d-ac4a-ee464a922ba9, command=[]} | ret=SUCCESS |  
2019-08-21 09:15:03,709 | INFO  | SCMAudit | user=jenkins1000 | ip=192.168.34.50 | op=SEND_HEARTBEAT {datanodeUUID=d93e8726-51c7-48e5-91db-a9280c3a0547, command=[]} | ret=SUCCESS |  
2019-08-21 09:15:03,717 | INFO  | SCMAudit | user=jenkins1000 | ip=192.168.34.50 | op=SEND_HEARTBEAT {datanodeUUID=b216f333-d584-463e-ac29-b520f4cc8032, command=[]} | ret=SUCCESS |  
2019-08-21 09:15:03,736 | INFO  | SCMAudit | user=jenkins1000 | ip=192.168.34.50 | op=SEND_HEARTBEAT {datanodeUUID=a8271a13-8b98-4259-a956-3406fefc9571, command=[]} | ret=SUCCESS |  
2019-08-21 09:15:03,744 | INFO  | SCMAudit | user=jenkins1000 | ip=192.168.34.50 | op=SEND_HEARTBEAT {datanodeUUID=4fc6c8fa-e96e-43c4-8369-e0ca8a7014d6, command=[]} | ret=SUCCESS |  
2019-08-21 09:15:03,908 | INFO  | SCMAudit | user=jenkins1000 | ip=192.168.34.50 | op=SEND_HEARTBEAT {datanodeUUID=5ea20691-5ab9-4695-ab1d-7e722de7481e, command=[]} | ret=SUCCESS |  
2019-08-21 09:15:04,168 | INFO  | SCMAudit | user=jenkins1000 | ip=192.168.34.50 | op=SEND_HEARTBEAT {datanodeUUID=2efe7137-c334-43ac-ad86-ba58d4ed3c70, command=[]} | ret=SUCCESS |  
2019-08-21 09:15:04,316 | INFO  | SCMAudit | user=jenkins1000 | ip=192.168.34.50 | op=SEND_HEARTBEAT {datanodeUUID=328a75f0-8ecf-454d-ac4a-ee464a922ba9, command=[]} | ret=SUCCESS |  
2019-08-21 09:15:04,709 | INFO  | SCMAudit | user=jenkins1000 | ip=192.168.34.50 | op=SEND_HEARTBEAT {datanodeUUID=d93e8726-51c7-48e5-91db-a9280c3a0547, command=[]} | ret=SUCCESS |  
2019-08-21 09:15:04,717 | INFO  | SCMAudit | user=jenkins1000 | ip=192.168.34.50 | op=SEND_HEARTBEAT {datanodeUUID=b216f333-d584-463e-ac29-b520f4cc8032, command=[]} | ret=SUCCESS |  
2019-08-21 09:15:04,735 | INFO  | SCMAudit | user=jenkins1000 | ip=192.168.34.50 | op=SEND_HEARTBEAT {datanodeUUID=a8271a13-8b98-4259-a956-3406fefc9571, command=[]} | ret=SUCCESS |  
2019-08-21 09:15:04,744 | INFO  | SCMAudit | user=jenkins1000 | ip=192.168.34.50 | op=SEND_HEARTBEAT {datanodeUUID=4fc6c8fa-e96e-43c4-8369-e0ca8a7014d6, command=[]} | ret=SUCCESS |  
2019-08-21 09:15:04,908 | INFO  | SCMAudit | user=jenkins1000 | ip=192.168.34.50 | op=SEND_HEARTBEAT {datanodeUUID=5ea20691-5ab9-4695-ab1d-7e722de7481e, command=[]} | ret=SUCCESS |  
2019-08-21 09:15:05,169 | INFO  | SCMAudit | user=jenkins1000 | ip=192.168.34.50 | op=SEND_HEARTBEAT {datanodeUUID=2efe7137-c334-43ac-ad86-ba58d4ed3c70, command=[]} | ret=SUCCESS |  
2019-08-21 09:15:05,316 | INFO  | SCMAudit | user=jenkins1000 | ip=192.168.34.50 | op=SEND_HEARTBEAT {datanodeUUID=328a75f0-8ecf-454d-ac4a-ee464a922ba9, command=[]} | ret=SUCCESS |  
2019-08-21 09:15:05,709 | INFO  | SCMAudit | user=jenkins1000 | ip=192.168.34.50 | op=SEND_HEARTBEAT {datanodeUUID=d93e8726-51c7-48e5-91db-a9280c3a0547, command=[]} | ret=SUCCESS |  
2019-08-21 09:15:05,717 | INFO  | SCMAudit | user=jenkins1000 | ip=192.168.34.50 | op=SEND_HEARTBEAT {datanodeUUID=b216f333-d584-463e-ac29-b520f4cc8032, command=[]} | ret=SUCCESS |  
2019-08-21 09:15:05,736 | INFO  | SCMAudit | user=jenkins1000 | ip=192.168.34.50 | op=SEND_HEARTBEAT {datanodeUUID=a8271a13-8b98-4259-a956-3406fefc9571, command=[]} | ret=SUCCESS |  
2019-08-21 09:15:05,745 | INFO  | SCMAudit | user=jenkins1000 | ip=192.168.34.50 | op=SEND_HEARTBEAT {datanodeUUID=4fc6c8fa-e96e-43c4-8369-e0ca8a7014d6, command=[]} | ret=SUCCESS |  
2019-08-21 09:15:05,909 | INFO  | SCMAudit | user=jenkins1000 | ip=192.168.34.50 | op=SEND_HEARTBEAT {datanodeUUID=5ea20691-5ab9-4695-ab1d-7e722de7481e, command=[]} | ret=SUCCESS |  
2019-08-21 09:15:06,169 | INFO  | SCMAudit | user=jenkins1000 | ip=192.168.34.50 | op=SEND_HEARTBEAT {datanodeUUID=2efe7137-c334-43ac-ad86-ba58d4ed3c70, command=[]} | ret=SUCCESS |  
2019-08-21 09:15:06,317 | INFO  | SCMAudit | user=jenkins1000 | ip=192.168.34.50 | op=SEND_HEARTBEAT {datanodeUUID=328a75f0-8ecf-454d-ac4a-ee464a922ba9, command=[]} | ret=SUCCESS |  
2019-08-21 09:15:06,596 [grpc-default-executor-1] INFO  client.GrpcClientProtocolClient (GrpcClientProtocolClient.java:onNext(255)) - client-765D7F86C248->a8271a13-8b98-4259-a956-3406fefc9571: receive RaftClientReply:client-765D7F86C248->a8271a13-8b98-4259-a956-3406fefc9571@group-159FDE3C55F8, cid=45, FAILED org.apache.ratis.protocol.NotLeaderException: Server a8271a13-8b98-4259-a956-3406fefc9571 is not the leader (b216f333-d584-463e-ac29-b520f4cc8032:192.168.34.50:33369). Request must be sent to leader., logIndex=0, commits[a8271a13-8b98-4259-a956-3406fefc9571:c8, 4fc6c8fa-e96e-43c4-8369-e0ca8a7014d6:c8, b216f333-d584-463e-ac29-b520f4cc8032:c8]
2019-08-21 09:15:06,710 | INFO  | SCMAudit | user=jenkins1000 | ip=192.168.34.50 | op=SEND_HEARTBEAT {datanodeUUID=d93e8726-51c7-48e5-91db-a9280c3a0547, command=[]} | ret=SUCCESS |  
2019-08-21 09:15:06,717 | INFO  | SCMAudit | user=jenkins1000 | ip=192.168.34.50 | op=SEND_HEARTBEAT {datanodeUUID=b216f333-d584-463e-ac29-b520f4cc8032, command=[]} | ret=SUCCESS |  
2019-08-21 09:15:06,736 | INFO  | SCMAudit | user=jenkins1000 | ip=192.168.34.50 | op=SEND_HEARTBEAT {datanodeUUID=a8271a13-8b98-4259-a956-3406fefc9571, command=[]} | ret=SUCCESS |  
2019-08-21 09:15:06,745 | INFO  | SCMAudit | user=jenkins1000 | ip=192.168.34.50 | op=SEND_HEARTBEAT {datanodeUUID=4fc6c8fa-e96e-43c4-8369-e0ca8a7014d6, command=[]} | ret=SUCCESS |  
2019-08-21 09:15:06,909 | INFO  | SCMAudit | user=jenkins1000 | ip=192.168.34.50 | op=SEND_HEARTBEAT {datanodeUUID=5ea20691-5ab9-4695-ab1d-7e722de7481e, command=[]} | ret=SUCCESS |  
2019-08-21 09:15:07,170 | INFO  | SCMAudit | user=jenkins1000 | ip=192.168.34.50 | op=SEND_HEARTBEAT {datanodeUUID=2efe7137-c334-43ac-ad86-ba58d4ed3c70, command=[]} | ret=SUCCESS |  
2019-08-21 09:15:07,317 | INFO  | SCMAudit | user=jenkins1000 | ip=192.168.34.50 | op=SEND_HEARTBEAT {datanodeUUID=328a75f0-8ecf-454d-ac4a-ee464a922ba9, command=[]} | ret=SUCCESS |  
2019-08-21 09:15:07,709 | INFO  | SCMAudit | user=jenkins1000 | ip=192.168.34.50 | op=SEND_HEARTBEAT {datanodeUUID=d93e8726-51c7-48e5-91db-a9280c3a0547, command=[]} | ret=SUCCESS |  
2019-08-21 09:15:07,717 | INFO  | SCMAudit | user=jenkins1000 | ip=192.168.34.50 | op=SEND_HEARTBEAT {datanodeUUID=b216f333-d584-463e-ac29-b520f4cc8032, command=[]} | ret=SUCCESS |  
2019-08-21 09:15:07,735 | INFO  | SCMAudit | user=jenkins1000 | ip=192.168.34.50 | op=SEND_HEARTBEAT {datanodeUUID=a8271a13-8b98-4259-a956-3406fefc9571, command=[]} | ret=SUCCESS |  
2019-08-21 09:15:07,744 | INFO  | SCMAudit | user=jenkins1000 | ip=192.168.34.50 | op=SEND_HEARTBEAT {datanodeUUID=4fc6c8fa-e96e-43c4-8369-e0ca8a7014d6, command=[]} | ret=SUCCESS |  
2019-08-21 09:15:07,908 | INFO  | SCMAudit | user=jenkins1000 | ip=192.168.34.50 | op=SEND_HEARTBEAT {datanodeUUID=5ea20691-5ab9-4695-ab1d-7e722de7481e, command=[]} | ret=SUCCESS |  
2019-08-21 09:15:08,169 | INFO  | SCMAudit | user=jenkins1000 | ip=192.168.34.50 | op=SEND_HEARTBEAT {datanodeUUID=2efe7137-c334-43ac-ad86-ba58d4ed3c70, command=[]} | ret=SUCCESS |  
2019-08-21 09:15:08,317 | INFO  | SCMAudit | user=jenkins1000 | ip=192.168.34.50 | op=SEND_HEARTBEAT {datanodeUUID=328a75f0-8ecf-454d-ac4a-ee464a922ba9, command=[]} | ret=SUCCESS |  
2019-08-21 09:15:08,710 | INFO  | SCMAudit | user=jenkins1000 | ip=192.168.34.50 | op=SEND_HEARTBEAT {datanodeUUID=d93e8726-51c7-48e5-91db-a9280c3a0547, command=[]} | ret=SUCCESS |  
2019-08-21 09:15:08,717 | INFO  | SCMAudit | user=jenkins1000 | ip=192.168.34.50 | op=SEND_HEARTBEAT {datanodeUUID=b216f333-d584-463e-ac29-b520f4cc8032, command=[]} | ret=SUCCESS |  
2019-08-21 09:15:08,736 | INFO  | SCMAudit | user=jenkins1000 | ip=192.168.34.50 | op=SEND_HEARTBEAT {datanodeUUID=a8271a13-8b98-4259-a956-3406fefc9571, command=[]} | ret=SUCCESS |  
2019-08-21 09:15:08,744 | INFO  | SCMAudit | user=jenkins1000 | ip=192.168.34.50 | op=SEND_HEARTBEAT {datanodeUUID=4fc6c8fa-e96e-43c4-8369-e0ca8a7014d6, command=[]} | ret=SUCCESS |  
2019-08-21 09:15:08,908 | INFO  | SCMAudit | user=jenkins1000 | ip=192.168.34.50 | op=SEND_HEARTBEAT {datanodeUUID=5ea20691-5ab9-4695-ab1d-7e722de7481e, command=[]} | ret=SUCCESS |  
2019-08-21 09:15:09,170 | INFO  | SCMAudit | user=jenkins1000 | ip=192.168.34.50 | op=SEND_HEARTBEAT {datanodeUUID=2efe7137-c334-43ac-ad86-ba58d4ed3c70, command=[]} | ret=SUCCESS |  
2019-08-21 09:15:09,317 | INFO  | SCMAudit | user=jenkins1000 | ip=192.168.34.50 | op=SEND_HEARTBEAT {datanodeUUID=328a75f0-8ecf-454d-ac4a-ee464a922ba9, command=[]} | ret=SUCCESS |  
2019-08-21 09:15:09,710 | INFO  | SCMAudit | user=jenkins1000 | ip=192.168.34.50 | op=SEND_HEARTBEAT {datanodeUUID=d93e8726-51c7-48e5-91db-a9280c3a0547, command=[]} | ret=SUCCESS |  
2019-08-21 09:15:09,718 | INFO  | SCMAudit | user=jenkins1000 | ip=192.168.34.50 | op=SEND_HEARTBEAT {datanodeUUID=b216f333-d584-463e-ac29-b520f4cc8032, command=[]} | ret=SUCCESS |  
2019-08-21 09:15:09,736 | INFO  | SCMAudit | user=jenkins1000 | ip=192.168.34.50 | op=SEND_HEARTBEAT {datanodeUUID=a8271a13-8b98-4259-a956-3406fefc9571, command=[]} | ret=SUCCESS |  
2019-08-21 09:15:09,745 | INFO  | SCMAudit | user=jenkins1000 | ip=192.168.34.50 | op=SEND_HEARTBEAT {datanodeUUID=4fc6c8fa-e96e-43c4-8369-e0ca8a7014d6, command=[]} | ret=SUCCESS |  
2019-08-21 09:15:09,909 | INFO  | SCMAudit | user=jenkins1000 | ip=192.168.34.50 | op=SEND_HEARTBEAT {datanodeUUID=5ea20691-5ab9-4695-ab1d-7e722de7481e, command=[]} | ret=SUCCESS |  
2019-08-21 09:15:10,170 | INFO  | SCMAudit | user=jenkins1000 | ip=192.168.34.50 | op=SEND_HEARTBEAT {datanodeUUID=2efe7137-c334-43ac-ad86-ba58d4ed3c70, command=[]} | ret=SUCCESS |  
2019-08-21 09:15:10,318 | INFO  | SCMAudit | user=jenkins1000 | ip=192.168.34.50 | op=SEND_HEARTBEAT {datanodeUUID=328a75f0-8ecf-454d-ac4a-ee464a922ba9, command=[]} | ret=SUCCESS |  
2019-08-21 09:15:10,711 | INFO  | SCMAudit | user=jenkins1000 | ip=192.168.34.50 | op=SEND_HEARTBEAT {datanodeUUID=d93e8726-51c7-48e5-91db-a9280c3a0547, command=[]} | ret=SUCCESS |  
2019-08-21 09:15:10,718 | INFO  | SCMAudit | user=jenkins1000 | ip=192.168.34.50 | op=SEND_HEARTBEAT {datanodeUUID=b216f333-d584-463e-ac29-b520f4cc8032, command=[]} | ret=SUCCESS |  
2019-08-21 09:15:10,736 | INFO  | SCMAudit | user=jenkins1000 | ip=192.168.34.50 | op=SEND_HEARTBEAT {datanodeUUID=a8271a13-8b98-4259-a956-3406fefc9571, command=[]} | ret=SUCCESS |  
2019-08-21 09:15:10,745 | INFO  | SCMAudit | user=jenkins1000 | ip=192.168.34.50 | op=SEND_HEARTBEAT {datanodeUUID=4fc6c8fa-e96e-43c4-8369-e0ca8a7014d6, command=[]} | ret=SUCCESS |  
2019-08-21 09:15:10,909 | INFO  | SCMAudit | user=jenkins1000 | ip=192.168.34.50 | op=SEND_HEARTBEAT {datanodeUUID=5ea20691-5ab9-4695-ab1d-7e722de7481e, command=[]} | ret=SUCCESS |  
2019-08-21 09:15:11,170 | INFO  | SCMAudit | user=jenkins1000 | ip=192.168.34.50 | op=SEND_HEARTBEAT {datanodeUUID=2efe7137-c334-43ac-ad86-ba58d4ed3c70, command=[]} | ret=SUCCESS |  
2019-08-21 09:15:11,317 | INFO  | SCMAudit | user=jenkins1000 | ip=192.168.34.50 | op=SEND_HEARTBEAT {datanodeUUID=328a75f0-8ecf-454d-ac4a-ee464a922ba9, command=[]} | ret=SUCCESS |  
2019-08-21 09:15:11,647 [grpc-default-executor-5] INFO  client.GrpcClientProtocolClient (GrpcClientProtocolClient.java:onNext(255)) - client-765D7F86C248->4fc6c8fa-e96e-43c4-8369-e0ca8a7014d6: receive RaftClientReply:client-765D7F86C248->4fc6c8fa-e96e-43c4-8369-e0ca8a7014d6@group-159FDE3C55F8, cid=45, FAILED org.apache.ratis.protocol.NotLeaderException: Server 4fc6c8fa-e96e-43c4-8369-e0ca8a7014d6 is not the leader (b216f333-d584-463e-ac29-b520f4cc8032:192.168.34.50:33369). Request must be sent to leader., logIndex=0, commits[4fc6c8fa-e96e-43c4-8369-e0ca8a7014d6:c8, b216f333-d584-463e-ac29-b520f4cc8032:c8, a8271a13-8b98-4259-a956-3406fefc9571:c8]
2019-08-21 09:15:11,712 | INFO  | SCMAudit | user=jenkins1000 | ip=192.168.34.50 | op=SEND_HEARTBEAT {datanodeUUID=d93e8726-51c7-48e5-91db-a9280c3a0547, command=[]} | ret=SUCCESS |  
2019-08-21 09:15:11,718 | INFO  | SCMAudit | user=jenkins1000 | ip=192.168.34.50 | op=SEND_HEARTBEAT {datanodeUUID=b216f333-d584-463e-ac29-b520f4cc8032, command=[]} | ret=SUCCESS |  
2019-08-21 09:15:11,736 | INFO  | SCMAudit | user=jenkins1000 | ip=192.168.34.50 | op=SEND_HEARTBEAT {datanodeUUID=a8271a13-8b98-4259-a956-3406fefc9571, command=[]} | ret=SUCCESS |  
2019-08-21 09:15:11,744 | INFO  | SCMAudit | user=jenkins1000 | ip=192.168.34.50 | op=SEND_HEARTBEAT {datanodeUUID=4fc6c8fa-e96e-43c4-8369-e0ca8a7014d6, command=[]} | ret=SUCCESS |  
2019-08-21 09:15:11,909 | INFO  | SCMAudit | user=jenkins1000 | ip=192.168.34.50 | op=SEND_HEARTBEAT {datanodeUUID=5ea20691-5ab9-4695-ab1d-7e722de7481e, command=[]} | ret=SUCCESS |  
2019-08-21 09:15:12,170 | INFO  | SCMAudit | user=jenkins1000 | ip=192.168.34.50 | op=SEND_HEARTBEAT {datanodeUUID=2efe7137-c334-43ac-ad86-ba58d4ed3c70, command=[]} | ret=SUCCESS |  
2019-08-21 09:15:12,318 | INFO  | SCMAudit | user=jenkins1000 | ip=192.168.34.50 | op=SEND_HEARTBEAT {datanodeUUID=328a75f0-8ecf-454d-ac4a-ee464a922ba9, command=[]} | ret=SUCCESS |  
2019-08-21 09:15:12,711 | INFO  | SCMAudit | user=jenkins1000 | ip=192.168.34.50 | op=SEND_HEARTBEAT {datanodeUUID=d93e8726-51c7-48e5-91db-a9280c3a0547, command=[]} | ret=SUCCESS |  
2019-08-21 09:15:12,718 | INFO  | SCMAudit | user=jenkins1000 | ip=192.168.34.50 | op=SEND_HEARTBEAT {datanodeUUID=b216f333-d584-463e-ac29-b520f4cc8032, command=[]} | ret=SUCCESS |  
2019-08-21 09:15:12,740 | INFO  | SCMAudit | user=jenkins1000 | ip=192.168.34.50 | op=SEND_HEARTBEAT {datanodeUUID=a8271a13-8b98-4259-a956-3406fefc9571, command=[]} | ret=SUCCESS |  
2019-08-21 09:15:12,745 | INFO  | SCMAudit | user=jenkins1000 | ip=192.168.34.50 | op=SEND_HEARTBEAT {datanodeUUID=4fc6c8fa-e96e-43c4-8369-e0ca8a7014d6, command=[]} | ret=SUCCESS |  
2019-08-21 09:15:12,910 | INFO  | SCMAudit | user=jenkins1000 | ip=192.168.34.50 | op=SEND_HEARTBEAT {datanodeUUID=5ea20691-5ab9-4695-ab1d-7e722de7481e, command=[]} | ret=SUCCESS |  
2019-08-21 09:15:13,170 | INFO  | SCMAudit | user=jenkins1000 | ip=192.168.34.50 | op=SEND_HEARTBEAT {datanodeUUID=2efe7137-c334-43ac-ad86-ba58d4ed3c70, command=[]} | ret=SUCCESS |  
2019-08-21 09:15:13,317 | INFO  | SCMAudit | user=jenkins1000 | ip=192.168.34.50 | op=SEND_HEARTBEAT {datanodeUUID=328a75f0-8ecf-454d-ac4a-ee464a922ba9, command=[]} | ret=SUCCESS |  
2019-08-21 09:15:13,712 | INFO  | SCMAudit | user=jenkins1000 | ip=192.168.34.50 | op=SEND_HEARTBEAT {datanodeUUID=d93e8726-51c7-48e5-91db-a9280c3a0547, command=[]} | ret=SUCCESS |  
2019-08-21 09:15:13,718 | INFO  | SCMAudit | user=jenkins1000 | ip=192.168.34.50 | op=SEND_HEARTBEAT {datanodeUUID=b216f333-d584-463e-ac29-b520f4cc8032, command=[]} | ret=SUCCESS |  
2019-08-21 09:15:13,736 | INFO  | SCMAudit | user=jenkins1000 | ip=192.168.34.50 | op=SEND_HEARTBEAT {datanodeUUID=a8271a13-8b98-4259-a956-3406fefc9571, command=[]} | ret=SUCCESS |  
2019-08-21 09:15:13,745 | INFO  | SCMAudit | user=jenkins1000 | ip=192.168.34.50 | op=SEND_HEARTBEAT {datanodeUUID=4fc6c8fa-e96e-43c4-8369-e0ca8a7014d6, command=[]} | ret=SUCCESS |  
2019-08-21 09:15:13,910 | INFO  | SCMAudit | user=jenkins1000 | ip=192.168.34.50 | op=SEND_HEARTBEAT {datanodeUUID=5ea20691-5ab9-4695-ab1d-7e722de7481e, command=[]} | ret=SUCCESS |  
2019-08-21 09:15:14,171 | INFO  | SCMAudit | user=jenkins1000 | ip=192.168.34.50 | op=SEND_HEARTBEAT {datanodeUUID=2efe7137-c334-43ac-ad86-ba58d4ed3c70, command=[]} | ret=SUCCESS |  
2019-08-21 09:15:14,318 | INFO  | SCMAudit | user=jenkins1000 | ip=192.168.34.50 | op=SEND_HEARTBEAT {datanodeUUID=328a75f0-8ecf-454d-ac4a-ee464a922ba9, command=[]} | ret=SUCCESS |  
2019-08-21 09:15:14,711 | INFO  | SCMAudit | user=jenkins1000 | ip=192.168.34.50 | op=SEND_HEARTBEAT {datanodeUUID=d93e8726-51c7-48e5-91db-a9280c3a0547, command=[]} | ret=SUCCESS |  
2019-08-21 09:15:14,719 | INFO  | SCMAudit | user=jenkins1000 | ip=192.168.34.50 | op=SEND_HEARTBEAT {datanodeUUID=b216f333-d584-463e-ac29-b520f4cc8032, command=[]} | ret=SUCCESS |  
2019-08-21 09:15:14,736 | INFO  | SCMAudit | user=jenkins1000 | ip=192.168.34.50 | op=SEND_HEARTBEAT {datanodeUUID=a8271a13-8b98-4259-a956-3406fefc9571, command=[]} | ret=SUCCESS |  
2019-08-21 09:15:14,744 | INFO  | SCMAudit | user=jenkins1000 | ip=192.168.34.50 | op=SEND_HEARTBEAT {datanodeUUID=4fc6c8fa-e96e-43c4-8369-e0ca8a7014d6, command=[]} | ret=SUCCESS |  
2019-08-21 09:15:14,910 | INFO  | SCMAudit | user=jenkins1000 | ip=192.168.34.50 | op=SEND_HEARTBEAT {datanodeUUID=5ea20691-5ab9-4695-ab1d-7e722de7481e, command=[]} | ret=SUCCESS |  
2019-08-21 09:15:15,170 | INFO  | SCMAudit | user=jenkins1000 | ip=192.168.34.50 | op=SEND_HEARTBEAT {datanodeUUID=2efe7137-c334-43ac-ad86-ba58d4ed3c70, command=[]} | ret=SUCCESS |  
2019-08-21 09:15:15,317 | INFO  | SCMAudit | user=jenkins1000 | ip=192.168.34.50 | op=SEND_HEARTBEAT {datanodeUUID=328a75f0-8ecf-454d-ac4a-ee464a922ba9, command=[]} | ret=SUCCESS |  
2019-08-21 09:15:15,712 | INFO  | SCMAudit | user=jenkins1000 | ip=192.168.34.50 | op=SEND_HEARTBEAT {datanodeUUID=d93e8726-51c7-48e5-91db-a9280c3a0547, command=[]} | ret=SUCCESS |  
2019-08-21 09:15:15,719 | INFO  | SCMAudit | user=jenkins1000 | ip=192.168.34.50 | op=SEND_HEARTBEAT {datanodeUUID=b216f333-d584-463e-ac29-b520f4cc8032, command=[]} | ret=SUCCESS |  
2019-08-21 09:15:15,737 | INFO  | SCMAudit | user=jenkins1000 | ip=192.168.34.50 | op=SEND_HEARTBEAT {datanodeUUID=a8271a13-8b98-4259-a956-3406fefc9571, command=[]} | ret=SUCCESS |  
2019-08-21 09:15:15,745 | INFO  | SCMAudit | user=jenkins1000 | ip=192.168.34.50 | op=SEND_HEARTBEAT {datanodeUUID=4fc6c8fa-e96e-43c4-8369-e0ca8a7014d6, command=[]} | ret=SUCCESS |  
2019-08-21 09:15:15,911 | INFO  | SCMAudit | user=jenkins1000 | ip=192.168.34.50 | op=SEND_HEARTBEAT {datanodeUUID=5ea20691-5ab9-4695-ab1d-7e722de7481e, command=[]} | ret=SUCCESS |  
2019-08-21 09:15:16,171 | INFO  | SCMAudit | user=jenkins1000 | ip=192.168.34.50 | op=SEND_HEARTBEAT {datanodeUUID=2efe7137-c334-43ac-ad86-ba58d4ed3c70, command=[]} | ret=SUCCESS |  
2019-08-21 09:15:16,318 | INFO  | SCMAudit | user=jenkins1000 | ip=192.168.34.50 | op=SEND_HEARTBEAT {datanodeUUID=328a75f0-8ecf-454d-ac4a-ee464a922ba9, command=[]} | ret=SUCCESS |  
2019-08-21 09:15:16,697 [grpc-default-executor-1] INFO  client.GrpcClientProtocolClient (GrpcClientProtocolClient.java:onNext(255)) - client-765D7F86C248->4fc6c8fa-e96e-43c4-8369-e0ca8a7014d6: receive RaftClientReply:client-765D7F86C248->4fc6c8fa-e96e-43c4-8369-e0ca8a7014d6@group-159FDE3C55F8, cid=45, FAILED org.apache.ratis.protocol.NotLeaderException: Server 4fc6c8fa-e96e-43c4-8369-e0ca8a7014d6 is not the leader (b216f333-d584-463e-ac29-b520f4cc8032:192.168.34.50:33369). Request must be sent to leader., logIndex=0, commits[4fc6c8fa-e96e-43c4-8369-e0ca8a7014d6:c8, b216f333-d584-463e-ac29-b520f4cc8032:c8, a8271a13-8b98-4259-a956-3406fefc9571:c8]
2019-08-21 09:15:16,711 | INFO  | SCMAudit | user=jenkins1000 | ip=192.168.34.50 | op=SEND_HEARTBEAT {datanodeUUID=d93e8726-51c7-48e5-91db-a9280c3a0547, command=[]} | ret=SUCCESS |  
2019-08-21 09:15:16,719 | INFO  | SCMAudit | user=jenkins1000 | ip=192.168.34.50 | op=SEND_HEARTBEAT {datanodeUUID=b216f333-d584-463e-ac29-b520f4cc8032, command=[]} | ret=SUCCESS |  
2019-08-21 09:15:16,737 | INFO  | SCMAudit | user=jenkins1000 | ip=192.168.34.50 | op=SEND_HEARTBEAT {datanodeUUID=a8271a13-8b98-4259-a956-3406fefc9571, command=[]} | ret=SUCCESS |  
2019-08-21 09:15:16,745 | INFO  | SCMAudit | user=jenkins1000 | ip=192.168.34.50 | op=SEND_HEARTBEAT {datanodeUUID=4fc6c8fa-e96e-43c4-8369-e0ca8a7014d6, command=[]} | ret=SUCCESS |  
2019-08-21 09:15:16,911 | INFO  | SCMAudit | user=jenkins1000 | ip=192.168.34.50 | op=SEND_HEARTBEAT {datanodeUUID=5ea20691-5ab9-4695-ab1d-7e722de7481e, command=[]} | ret=SUCCESS |  
2019-08-21 09:15:17,171 | INFO  | SCMAudit | user=jenkins1000 | ip=192.168.34.50 | op=SEND_HEARTBEAT {datanodeUUID=2efe7137-c334-43ac-ad86-ba58d4ed3c70, command=[]} | ret=SUCCESS |  
2019-08-21 09:15:17,318 | INFO  | SCMAudit | user=jenkins1000 | ip=192.168.34.50 | op=SEND_HEARTBEAT {datanodeUUID=328a75f0-8ecf-454d-ac4a-ee464a922ba9, command=[]} | ret=SUCCESS |  
2019-08-21 09:15:17,712 | INFO  | SCMAudit | user=jenkins1000 | ip=192.168.34.50 | op=SEND_HEARTBEAT {datanodeUUID=d93e8726-51c7-48e5-91db-a9280c3a0547, command=[]} | ret=SUCCESS |  
2019-08-21 09:15:17,720 | INFO  | SCMAudit | user=jenkins1000 | ip=192.168.34.50 | op=SEND_HEARTBEAT {datanodeUUID=b216f333-d584-463e-ac29-b520f4cc8032, command=[]} | ret=SUCCESS |  
2019-08-21 09:15:17,738 | INFO  | SCMAudit | user=jenkins1000 | ip=192.168.34.50 | op=SEND_HEARTBEAT {datanodeUUID=a8271a13-8b98-4259-a956-3406fefc9571, command=[]} | ret=SUCCESS |  
2019-08-21 09:15:17,745 | INFO  | SCMAudit | user=jenkins1000 | ip=192.168.34.50 | op=SEND_HEARTBEAT {datanodeUUID=4fc6c8fa-e96e-43c4-8369-e0ca8a7014d6, command=[]} | ret=SUCCESS |  
2019-08-21 09:15:17,911 | INFO  | SCMAudit | user=jenkins1000 | ip=192.168.34.50 | op=SEND_HEARTBEAT {datanodeUUID=5ea20691-5ab9-4695-ab1d-7e722de7481e, command=[]} | ret=SUCCESS |  
2019-08-21 09:15:18,171 | INFO  | SCMAudit | user=jenkins1000 | ip=192.168.34.50 | op=SEND_HEARTBEAT {datanodeUUID=2efe7137-c334-43ac-ad86-ba58d4ed3c70, command=[]} | ret=SUCCESS |  
2019-08-21 09:15:18,318 | INFO  | SCMAudit | user=jenkins1000 | ip=192.168.34.50 | op=SEND_HEARTBEAT {datanodeUUID=328a75f0-8ecf-454d-ac4a-ee464a922ba9, command=[]} | ret=SUCCESS |  
2019-08-21 09:15:18,711 | INFO  | SCMAudit | user=jenkins1000 | ip=192.168.34.50 | op=SEND_HEARTBEAT {datanodeUUID=d93e8726-51c7-48e5-91db-a9280c3a0547, command=[]} | ret=SUCCESS |  
2019-08-21 09:15:18,720 | INFO  | SCMAudit | user=jenkins1000 | ip=192.168.34.50 | op=SEND_HEARTBEAT {datanodeUUID=b216f333-d584-463e-ac29-b520f4cc8032, command=[]} | ret=SUCCESS |  
2019-08-21 09:15:18,737 | INFO  | SCMAudit | user=jenkins1000 | ip=192.168.34.50 | op=SEND_HEARTBEAT {datanodeUUID=a8271a13-8b98-4259-a956-3406fefc9571, command=[]} | ret=SUCCESS |  
2019-08-21 09:15:18,744 | INFO  | SCMAudit | user=jenkins1000 | ip=192.168.34.50 | op=SEND_HEARTBEAT {datanodeUUID=4fc6c8fa-e96e-43c4-8369-e0ca8a7014d6, command=[]} | ret=SUCCESS |  
2019-08-21 09:15:18,911 | INFO  | SCMAudit | user=jenkins1000 | ip=192.168.34.50 | op=SEND_HEARTBEAT {datanodeUUID=5ea20691-5ab9-4695-ab1d-7e722de7481e, command=[]} | ret=SUCCESS |  
2019-08-21 09:15:19,172 | INFO  | SCMAudit | user=jenkins1000 | ip=192.168.34.50 | op=SEND_HEARTBEAT {datanodeUUID=2efe7137-c334-43ac-ad86-ba58d4ed3c70, command=[]} | ret=SUCCESS |  
2019-08-21 09:15:19,319 | INFO  | SCMAudit | user=jenkins1000 | ip=192.168.34.50 | op=SEND_HEARTBEAT {datanodeUUID=328a75f0-8ecf-454d-ac4a-ee464a922ba9, command=[]} | ret=SUCCESS |  
2019-08-21 09:15:19,724 | INFO  | SCMAudit | user=jenkins1000 | ip=192.168.34.50 | op=SEND_HEARTBEAT {datanodeUUID=b216f333-d584-463e-ac29-b520f4cc8032, command=[]} | ret=SUCCESS |  
2019-08-21 09:15:19,724 | INFO  | SCMAudit | user=jenkins1000 | ip=192.168.34.50 | op=SEND_HEARTBEAT {datanodeUUID=d93e8726-51c7-48e5-91db-a9280c3a0547, command=[]} | ret=SUCCESS |  
2019-08-21 09:15:19,738 | INFO  | SCMAudit | user=jenkins1000 | ip=192.168.34.50 | op=SEND_HEARTBEAT {datanodeUUID=a8271a13-8b98-4259-a956-3406fefc9571, command=[]} | ret=SUCCESS |  
2019-08-21 09:15:19,745 | INFO  | SCMAudit | user=jenkins1000 | ip=192.168.34.50 | op=SEND_HEARTBEAT {datanodeUUID=4fc6c8fa-e96e-43c4-8369-e0ca8a7014d6, command=[]} | ret=SUCCESS |  
2019-08-21 09:15:19,911 | INFO  | SCMAudit | user=jenkins1000 | ip=192.168.34.50 | op=SEND_HEARTBEAT {datanodeUUID=5ea20691-5ab9-4695-ab1d-7e722de7481e, command=[]} | ret=SUCCESS |  
2019-08-21 09:15:20,171 | INFO  | SCMAudit | user=jenkins1000 | ip=192.168.34.50 | op=SEND_HEARTBEAT {datanodeUUID=2efe7137-c334-43ac-ad86-ba58d4ed3c70, command=[]} | ret=SUCCESS |  
2019-08-21 09:15:20,318 | INFO  | SCMAudit | user=jenkins1000 | ip=192.168.34.50 | op=SEND_HEARTBEAT {datanodeUUID=328a75f0-8ecf-454d-ac4a-ee464a922ba9, command=[]} | ret=SUCCESS |  
2019-08-21 09:15:20,725 | INFO  | SCMAudit | user=jenkins1000 | ip=192.168.34.50 | op=SEND_HEARTBEAT {datanodeUUID=d93e8726-51c7-48e5-91db-a9280c3a0547, command=[]} | ret=SUCCESS |  
2019-08-21 09:15:20,725 | INFO  | SCMAudit | user=jenkins1000 | ip=192.168.34.50 | op=SEND_HEARTBEAT {datanodeUUID=b216f333-d584-463e-ac29-b520f4cc8032, command=[]} | ret=SUCCESS |  
2019-08-21 09:15:20,737 | INFO  | SCMAudit | user=jenkins1000 | ip=192.168.34.50 | op=SEND_HEARTBEAT {datanodeUUID=a8271a13-8b98-4259-a956-3406fefc9571, command=[]} | ret=SUCCESS |  
2019-08-21 09:15:20,745 | INFO  | SCMAudit | user=jenkins1000 | ip=192.168.34.50 | op=SEND_HEARTBEAT {datanodeUUID=4fc6c8fa-e96e-43c4-8369-e0ca8a7014d6, command=[]} | ret=SUCCESS |  
2019-08-21 09:15:20,912 | INFO  | SCMAudit | user=jenkins1000 | ip=192.168.34.50 | op=SEND_HEARTBEAT {datanodeUUID=5ea20691-5ab9-4695-ab1d-7e722de7481e, command=[]} | ret=SUCCESS |  
2019-08-21 09:15:21,172 | INFO  | SCMAudit | user=jenkins1000 | ip=192.168.34.50 | op=SEND_HEARTBEAT {datanodeUUID=2efe7137-c334-43ac-ad86-ba58d4ed3c70, command=[]} | ret=SUCCESS |  
2019-08-21 09:15:21,319 | INFO  | SCMAudit | user=jenkins1000 | ip=192.168.34.50 | op=SEND_HEARTBEAT {datanodeUUID=328a75f0-8ecf-454d-ac4a-ee464a922ba9, command=[]} | ret=SUCCESS |  
2019-08-21 09:15:21,724 | INFO  | SCMAudit | user=jenkins1000 | ip=192.168.34.50 | op=SEND_HEARTBEAT {datanodeUUID=b216f333-d584-463e-ac29-b520f4cc8032, command=[]} | ret=SUCCESS |  
2019-08-21 09:15:21,725 | INFO  | SCMAudit | user=jenkins1000 | ip=192.168.34.50 | op=SEND_HEARTBEAT {datanodeUUID=d93e8726-51c7-48e5-91db-a9280c3a0547, command=[]} | ret=SUCCESS |  
2019-08-21 09:15:21,742 | INFO  | SCMAudit | user=jenkins1000 | ip=192.168.34.50 | op=SEND_HEARTBEAT {datanodeUUID=a8271a13-8b98-4259-a956-3406fefc9571, command=[]} | ret=SUCCESS |  
2019-08-21 09:15:21,742 [grpc-default-executor-5] INFO  client.GrpcClientProtocolClient (GrpcClientProtocolClient.java:onNext(255)) - client-765D7F86C248->4fc6c8fa-e96e-43c4-8369-e0ca8a7014d6: receive RaftClientReply:client-765D7F86C248->4fc6c8fa-e96e-43c4-8369-e0ca8a7014d6@group-159FDE3C55F8, cid=45, FAILED org.apache.ratis.protocol.NotLeaderException: Server 4fc6c8fa-e96e-43c4-8369-e0ca8a7014d6 is not the leader (b216f333-d584-463e-ac29-b520f4cc8032:192.168.34.50:33369). Request must be sent to leader., logIndex=0, commits[4fc6c8fa-e96e-43c4-8369-e0ca8a7014d6:c8, b216f333-d584-463e-ac29-b520f4cc8032:c8, a8271a13-8b98-4259-a956-3406fefc9571:c8]
2019-08-21 09:15:21,754 | INFO  | SCMAudit | user=jenkins1000 | ip=192.168.34.50 | op=SEND_HEARTBEAT {datanodeUUID=4fc6c8fa-e96e-43c4-8369-e0ca8a7014d6, command=[]} | ret=SUCCESS |  
2019-08-21 09:15:21,911 | INFO  | SCMAudit | user=jenkins1000 | ip=192.168.34.50 | op=SEND_HEARTBEAT {datanodeUUID=5ea20691-5ab9-4695-ab1d-7e722de7481e, command=[]} | ret=SUCCESS |  
2019-08-21 09:15:22,171 | INFO  | SCMAudit | user=jenkins1000 | ip=192.168.34.50 | op=SEND_HEARTBEAT {datanodeUUID=2efe7137-c334-43ac-ad86-ba58d4ed3c70, command=[]} | ret=SUCCESS |  
2019-08-21 09:15:22,319 | INFO  | SCMAudit | user=jenkins1000 | ip=192.168.34.50 | op=SEND_HEARTBEAT {datanodeUUID=328a75f0-8ecf-454d-ac4a-ee464a922ba9, command=[]} | ret=SUCCESS |  
2019-08-21 09:15:22,724 | INFO  | SCMAudit | user=jenkins1000 | ip=192.168.34.50 | op=SEND_HEARTBEAT {datanodeUUID=b216f333-d584-463e-ac29-b520f4cc8032, command=[]} | ret=SUCCESS |  
2019-08-21 09:15:22,725 | INFO  | SCMAudit | user=jenkins1000 | ip=192.168.34.50 | op=SEND_HEARTBEAT {datanodeUUID=d93e8726-51c7-48e5-91db-a9280c3a0547, command=[]} | ret=SUCCESS |  
2019-08-21 09:15:22,738 | INFO  | SCMAudit | user=jenkins1000 | ip=192.168.34.50 | op=SEND_HEARTBEAT {datanodeUUID=a8271a13-8b98-4259-a956-3406fefc9571, command=[]} | ret=SUCCESS |  
2019-08-21 09:15:22,749 | INFO  | SCMAudit | user=jenkins1000 | ip=192.168.34.50 | op=SEND_HEARTBEAT {datanodeUUID=4fc6c8fa-e96e-43c4-8369-e0ca8a7014d6, command=[]} | ret=SUCCESS |  
2019-08-21 09:15:22,911 | INFO  | SCMAudit | user=jenkins1000 | ip=192.168.34.50 | op=SEND_HEARTBEAT {datanodeUUID=5ea20691-5ab9-4695-ab1d-7e722de7481e, command=[]} | ret=SUCCESS |  
2019-08-21 09:15:23,172 | INFO  | SCMAudit | user=jenkins1000 | ip=192.168.34.50 | op=SEND_HEARTBEAT {datanodeUUID=2efe7137-c334-43ac-ad86-ba58d4ed3c70, command=[]} | ret=SUCCESS |  
2019-08-21 09:15:23,319 | INFO  | SCMAudit | user=jenkins1000 | ip=192.168.34.50 | op=SEND_HEARTBEAT {datanodeUUID=328a75f0-8ecf-454d-ac4a-ee464a922ba9, command=[]} | ret=SUCCESS |  
2019-08-21 09:15:23,725 | INFO  | SCMAudit | user=jenkins1000 | ip=192.168.34.50 | op=SEND_HEARTBEAT {datanodeUUID=b216f333-d584-463e-ac29-b520f4cc8032, command=[]} | ret=SUCCESS |  
2019-08-21 09:15:23,725 | INFO  | SCMAudit | user=jenkins1000 | ip=192.168.34.50 | op=SEND_HEARTBEAT {datanodeUUID=d93e8726-51c7-48e5-91db-a9280c3a0547, command=[]} | ret=SUCCESS |  
2019-08-21 09:15:23,737 | INFO  | SCMAudit | user=jenkins1000 | ip=192.168.34.50 | op=SEND_HEARTBEAT {datanodeUUID=a8271a13-8b98-4259-a956-3406fefc9571, command=[]} | ret=SUCCESS |  
2019-08-21 09:15:23,748 | INFO  | SCMAudit | user=jenkins1000 | ip=192.168.34.50 | op=SEND_HEARTBEAT {datanodeUUID=4fc6c8fa-e96e-43c4-8369-e0ca8a7014d6, command=[]} | ret=SUCCESS |  
2019-08-21 09:15:23,912 | INFO  | SCMAudit | user=jenkins1000 | ip=192.168.34.50 | op=SEND_HEARTBEAT {datanodeUUID=5ea20691-5ab9-4695-ab1d-7e722de7481e, command=[]} | ret=SUCCESS |  
2019-08-21 09:15:24,172 | INFO  | SCMAudit | user=jenkins1000 | ip=192.168.34.50 | op=SEND_HEARTBEAT {datanodeUUID=2efe7137-c334-43ac-ad86-ba58d4ed3c70, command=[]} | ret=SUCCESS |  
2019-08-21 09:15:24,320 | INFO  | SCMAudit | user=jenkins1000 | ip=192.168.34.50 | op=SEND_HEARTBEAT {datanodeUUID=328a75f0-8ecf-454d-ac4a-ee464a922ba9, command=[]} | ret=SUCCESS |  
2019-08-21 09:15:24,725 | INFO  | SCMAudit | user=jenkins1000 | ip=192.168.34.50 | op=SEND_HEARTBEAT {datanodeUUID=b216f333-d584-463e-ac29-b520f4cc8032, command=[]} | ret=SUCCESS |  
2019-08-21 09:15:24,726 | INFO  | SCMAudit | user=jenkins1000 | ip=192.168.34.50 | op=SEND_HEARTBEAT {datanodeUUID=d93e8726-51c7-48e5-91db-a9280c3a0547, command=[]} | ret=SUCCESS |  
2019-08-21 09:15:24,737 | INFO  | SCMAudit | user=jenkins1000 | ip=192.168.34.50 | op=SEND_HEARTBEAT {datanodeUUID=a8271a13-8b98-4259-a956-3406fefc9571, command=[]} | ret=SUCCESS |  
2019-08-21 09:15:24,748 | INFO  | SCMAudit | user=jenkins1000 | ip=192.168.34.50 | op=SEND_HEARTBEAT {datanodeUUID=4fc6c8fa-e96e-43c4-8369-e0ca8a7014d6, command=[]} | ret=SUCCESS |  
2019-08-21 09:15:24,912 | INFO  | SCMAudit | user=jenkins1000 | ip=192.168.34.50 | op=SEND_HEARTBEAT {datanodeUUID=5ea20691-5ab9-4695-ab1d-7e722de7481e, command=[]} | ret=SUCCESS |  
2019-08-21 09:15:25,173 | INFO  | SCMAudit | user=jenkins1000 | ip=192.168.34.50 | op=SEND_HEARTBEAT {datanodeUUID=2efe7137-c334-43ac-ad86-ba58d4ed3c70, command=[]} | ret=SUCCESS |  
2019-08-21 09:15:25,319 | INFO  | SCMAudit | user=jenkins1000 | ip=192.168.34.50 | op=SEND_HEARTBEAT {datanodeUUID=328a75f0-8ecf-454d-ac4a-ee464a922ba9, command=[]} | ret=SUCCESS |  
2019-08-21 09:15:25,725 | INFO  | SCMAudit | user=jenkins1000 | ip=192.168.34.50 | op=SEND_HEARTBEAT {datanodeUUID=b216f333-d584-463e-ac29-b520f4cc8032, command=[]} | ret=SUCCESS |  
2019-08-21 09:15:25,725 | INFO  | SCMAudit | user=jenkins1000 | ip=192.168.34.50 | op=SEND_HEARTBEAT {datanodeUUID=d93e8726-51c7-48e5-91db-a9280c3a0547, command=[]} | ret=SUCCESS |  
2019-08-21 09:15:25,737 | INFO  | SCMAudit | user=jenkins1000 | ip=192.168.34.50 | op=SEND_HEARTBEAT {datanodeUUID=a8271a13-8b98-4259-a956-3406fefc9571, command=[]} | ret=SUCCESS |  
2019-08-21 09:15:25,749 | INFO  | SCMAudit | user=jenkins1000 | ip=192.168.34.50 | op=SEND_HEARTBEAT {datanodeUUID=4fc6c8fa-e96e-43c4-8369-e0ca8a7014d6, command=[]} | ret=SUCCESS |  
2019-08-21 09:15:25,911 | INFO  | SCMAudit | user=jenkins1000 | ip=192.168.34.50 | op=SEND_HEARTBEAT {datanodeUUID=5ea20691-5ab9-4695-ab1d-7e722de7481e, command=[]} | ret=SUCCESS |  
2019-08-21 09:15:26,172 | INFO  | SCMAudit | user=jenkins1000 | ip=192.168.34.50 | op=SEND_HEARTBEAT {datanodeUUID=2efe7137-c334-43ac-ad86-ba58d4ed3c70, command=[]} | ret=SUCCESS |  
2019-08-21 09:15:26,319 | INFO  | SCMAudit | user=jenkins1000 | ip=192.168.34.50 | op=SEND_HEARTBEAT {datanodeUUID=328a75f0-8ecf-454d-ac4a-ee464a922ba9, command=[]} | ret=SUCCESS |  
2019-08-21 09:15:26,725 | INFO  | SCMAudit | user=jenkins1000 | ip=192.168.34.50 | op=SEND_HEARTBEAT {datanodeUUID=b216f333-d584-463e-ac29-b520f4cc8032, command=[]} | ret=SUCCESS |  
2019-08-21 09:15:26,725 | INFO  | SCMAudit | user=jenkins1000 | ip=192.168.34.50 | op=SEND_HEARTBEAT {datanodeUUID=d93e8726-51c7-48e5-91db-a9280c3a0547, command=[]} | ret=SUCCESS |  
2019-08-21 09:15:26,738 | INFO  | SCMAudit | user=jenkins1000 | ip=192.168.34.50 | op=SEND_HEARTBEAT {datanodeUUID=a8271a13-8b98-4259-a956-3406fefc9571, command=[]} | ret=SUCCESS |  
2019-08-21 09:15:26,748 | INFO  | SCMAudit | user=jenkins1000 | ip=192.168.34.50 | op=SEND_HEARTBEAT {datanodeUUID=4fc6c8fa-e96e-43c4-8369-e0ca8a7014d6, command=[]} | ret=SUCCESS |  
2019-08-21 09:15:26,785 [grpc-default-executor-1] INFO  client.GrpcClientProtocolClient (GrpcClientProtocolClient.java:onNext(255)) - client-765D7F86C248->a8271a13-8b98-4259-a956-3406fefc9571: receive RaftClientReply:client-765D7F86C248->a8271a13-8b98-4259-a956-3406fefc9571@group-159FDE3C55F8, cid=45, FAILED org.apache.ratis.protocol.NotLeaderException: Server a8271a13-8b98-4259-a956-3406fefc9571 is not the leader (b216f333-d584-463e-ac29-b520f4cc8032:192.168.34.50:33369). Request must be sent to leader., logIndex=0, commits[a8271a13-8b98-4259-a956-3406fefc9571:c8, 4fc6c8fa-e96e-43c4-8369-e0ca8a7014d6:c8, b216f333-d584-463e-ac29-b520f4cc8032:c8]
2019-08-21 09:15:26,911 | INFO  | SCMAudit | user=jenkins1000 | ip=192.168.34.50 | op=SEND_HEARTBEAT {datanodeUUID=5ea20691-5ab9-4695-ab1d-7e722de7481e, command=[]} | ret=SUCCESS |  
2019-08-21 09:15:27,173 | INFO  | SCMAudit | user=jenkins1000 | ip=192.168.34.50 | op=SEND_HEARTBEAT {datanodeUUID=2efe7137-c334-43ac-ad86-ba58d4ed3c70, command=[]} | ret=SUCCESS |  
2019-08-21 09:15:27,319 | INFO  | SCMAudit | user=jenkins1000 | ip=192.168.34.50 | op=SEND_HEARTBEAT {datanodeUUID=328a75f0-8ecf-454d-ac4a-ee464a922ba9, command=[]} | ret=SUCCESS |  
2019-08-21 09:15:27,726 | INFO  | SCMAudit | user=jenkins1000 | ip=192.168.34.50 | op=SEND_HEARTBEAT {datanodeUUID=b216f333-d584-463e-ac29-b520f4cc8032, command=[]} | ret=SUCCESS |  
2019-08-21 09:15:27,726 | INFO  | SCMAudit | user=jenkins1000 | ip=192.168.34.50 | op=SEND_HEARTBEAT {datanodeUUID=d93e8726-51c7-48e5-91db-a9280c3a0547, command=[]} | ret=SUCCESS |  
2019-08-21 09:15:27,737 | INFO  | SCMAudit | user=jenkins1000 | ip=192.168.34.50 | op=SEND_HEARTBEAT {datanodeUUID=a8271a13-8b98-4259-a956-3406fefc9571, command=[]} | ret=SUCCESS |  
2019-08-21 09:15:27,749 | INFO  | SCMAudit | user=jenkins1000 | ip=192.168.34.50 | op=SEND_HEARTBEAT {datanodeUUID=4fc6c8fa-e96e-43c4-8369-e0ca8a7014d6, command=[]} | ret=SUCCESS |  
2019-08-21 09:15:27,911 | INFO  | SCMAudit | user=jenkins1000 | ip=192.168.34.50 | op=SEND_HEARTBEAT {datanodeUUID=5ea20691-5ab9-4695-ab1d-7e722de7481e, command=[]} | ret=SUCCESS |  
2019-08-21 09:15:28,172 | INFO  | SCMAudit | user=jenkins1000 | ip=192.168.34.50 | op=SEND_HEARTBEAT {datanodeUUID=2efe7137-c334-43ac-ad86-ba58d4ed3c70, command=[]} | ret=SUCCESS |  
2019-08-21 09:15:28,320 | INFO  | SCMAudit | user=jenkins1000 | ip=192.168.34.50 | op=SEND_HEARTBEAT {datanodeUUID=328a75f0-8ecf-454d-ac4a-ee464a922ba9, command=[]} | ret=SUCCESS |  
2019-08-21 09:15:28,725 | INFO  | SCMAudit | user=jenkins1000 | ip=192.168.34.50 | op=SEND_HEARTBEAT {datanodeUUID=d93e8726-51c7-48e5-91db-a9280c3a0547, command=[]} | ret=SUCCESS |  
2019-08-21 09:15:28,725 | INFO  | SCMAudit | user=jenkins1000 | ip=192.168.34.50 | op=SEND_HEARTBEAT {datanodeUUID=b216f333-d584-463e-ac29-b520f4cc8032, command=[]} | ret=SUCCESS |  
2019-08-21 09:15:28,737 | INFO  | SCMAudit | user=jenkins1000 | ip=192.168.34.50 | op=SEND_HEARTBEAT {datanodeUUID=a8271a13-8b98-4259-a956-3406fefc9571, command=[]} | ret=SUCCESS |  
2019-08-21 09:15:28,748 | INFO  | SCMAudit | user=jenkins1000 | ip=192.168.34.50 | op=SEND_HEARTBEAT {datanodeUUID=4fc6c8fa-e96e-43c4-8369-e0ca8a7014d6, command=[]} | ret=SUCCESS |  
2019-08-21 09:15:28,912 | INFO  | SCMAudit | user=jenkins1000 | ip=192.168.34.50 | op=SEND_HEARTBEAT {datanodeUUID=5ea20691-5ab9-4695-ab1d-7e722de7481e, command=[]} | ret=SUCCESS |  
2019-08-21 09:15:29,173 | INFO  | SCMAudit | user=jenkins1000 | ip=192.168.34.50 | op=SEND_HEARTBEAT {datanodeUUID=2efe7137-c334-43ac-ad86-ba58d4ed3c70, command=[]} | ret=SUCCESS |  
2019-08-21 09:15:29,320 | INFO  | SCMAudit | user=jenkins1000 | ip=192.168.34.50 | op=SEND_HEARTBEAT {datanodeUUID=328a75f0-8ecf-454d-ac4a-ee464a922ba9, command=[]} | ret=SUCCESS |  
2019-08-21 09:15:29,726 | INFO  | SCMAudit | user=jenkins1000 | ip=192.168.34.50 | op=SEND_HEARTBEAT {datanodeUUID=d93e8726-51c7-48e5-91db-a9280c3a0547, command=[]} | ret=SUCCESS |  
2019-08-21 09:15:29,726 | INFO  | SCMAudit | user=jenkins1000 | ip=192.168.34.50 | op=SEND_HEARTBEAT {datanodeUUID=b216f333-d584-463e-ac29-b520f4cc8032, command=[]} | ret=SUCCESS |  
2019-08-21 09:15:29,738 | INFO  | SCMAudit | user=jenkins1000 | ip=192.168.34.50 | op=SEND_HEARTBEAT {datanodeUUID=a8271a13-8b98-4259-a956-3406fefc9571, command=[]} | ret=SUCCESS |  
2019-08-21 09:15:29,748 | INFO  | SCMAudit | user=jenkins1000 | ip=192.168.34.50 | op=SEND_HEARTBEAT {datanodeUUID=4fc6c8fa-e96e-43c4-8369-e0ca8a7014d6, command=[]} | ret=SUCCESS |  
2019-08-21 09:15:29,911 | INFO  | SCMAudit | user=jenkins1000 | ip=192.168.34.50 | op=SEND_HEARTBEAT {datanodeUUID=5ea20691-5ab9-4695-ab1d-7e722de7481e, command=[]} | ret=SUCCESS |  
2019-08-21 09:15:30,173 | INFO  | SCMAudit | user=jenkins1000 | ip=192.168.34.50 | op=SEND_HEARTBEAT {datanodeUUID=2efe7137-c334-43ac-ad86-ba58d4ed3c70, command=[]} | ret=SUCCESS |  
2019-08-21 09:15:30,319 | INFO  | SCMAudit | user=jenkins1000 | ip=192.168.34.50 | op=SEND_HEARTBEAT {datanodeUUID=328a75f0-8ecf-454d-ac4a-ee464a922ba9, command=[]} | ret=SUCCESS |  
2019-08-21 09:15:30,725 | INFO  | SCMAudit | user=jenkins1000 | ip=192.168.34.50 | op=SEND_HEARTBEAT {datanodeUUID=b216f333-d584-463e-ac29-b520f4cc8032, command=[]} | ret=SUCCESS |  
2019-08-21 09:15:30,725 | INFO  | SCMAudit | user=jenkins1000 | ip=192.168.34.50 | op=SEND_HEARTBEAT {datanodeUUID=d93e8726-51c7-48e5-91db-a9280c3a0547, command=[]} | ret=SUCCESS |  
2019-08-21 09:15:30,737 | INFO  | SCMAudit | user=jenkins1000 | ip=192.168.34.50 | op=SEND_HEARTBEAT {datanodeUUID=a8271a13-8b98-4259-a956-3406fefc9571, command=[]} | ret=SUCCESS |  
2019-08-21 09:15:30,749 | INFO  | SCMAudit | user=jenkins1000 | ip=192.168.34.50 | op=SEND_HEARTBEAT {datanodeUUID=4fc6c8fa-e96e-43c4-8369-e0ca8a7014d6, command=[]} | ret=SUCCESS |  
2019-08-21 09:15:30,911 | INFO  | SCMAudit | user=jenkins1000 | ip=192.168.34.50 | op=SEND_HEARTBEAT {datanodeUUID=5ea20691-5ab9-4695-ab1d-7e722de7481e, command=[]} | ret=SUCCESS |  
2019-08-21 09:15:31,173 | INFO  | SCMAudit | user=jenkins1000 | ip=192.168.34.50 | op=SEND_HEARTBEAT {datanodeUUID=2efe7137-c334-43ac-ad86-ba58d4ed3c70, command=[]} | ret=SUCCESS |  
2019-08-21 09:15:31,319 | INFO  | SCMAudit | user=jenkins1000 | ip=192.168.34.50 | op=SEND_HEARTBEAT {datanodeUUID=328a75f0-8ecf-454d-ac4a-ee464a922ba9, command=[]} | ret=SUCCESS |  
2019-08-21 09:15:31,726 | INFO  | SCMAudit | user=jenkins1000 | ip=192.168.34.50 | op=SEND_HEARTBEAT {datanodeUUID=d93e8726-51c7-48e5-91db-a9280c3a0547, command=[]} | ret=SUCCESS |  
2019-08-21 09:15:31,726 | INFO  | SCMAudit | user=jenkins1000 | ip=192.168.34.50 | op=SEND_HEARTBEAT {datanodeUUID=b216f333-d584-463e-ac29-b520f4cc8032, command=[]} | ret=SUCCESS |  
2019-08-21 09:15:31,737 | INFO  | SCMAudit | user=jenkins1000 | ip=192.168.34.50 | op=SEND_HEARTBEAT {datanodeUUID=a8271a13-8b98-4259-a956-3406fefc9571, command=[]} | ret=SUCCESS |  
2019-08-21 09:15:31,748 | INFO  | SCMAudit | user=jenkins1000 | ip=192.168.34.50 | op=SEND_HEARTBEAT {datanodeUUID=4fc6c8fa-e96e-43c4-8369-e0ca8a7014d6, command=[]} | ret=SUCCESS |  
2019-08-21 09:15:31,841 [grpc-default-executor-5] INFO  client.GrpcClientProtocolClient (GrpcClientProtocolClient.java:onNext(255)) - client-765D7F86C248->a8271a13-8b98-4259-a956-3406fefc9571: receive RaftClientReply:client-765D7F86C248->a8271a13-8b98-4259-a956-3406fefc9571@group-159FDE3C55F8, cid=45, FAILED org.apache.ratis.protocol.NotLeaderException: Server a8271a13-8b98-4259-a956-3406fefc9571 is not the leader (b216f333-d584-463e-ac29-b520f4cc8032:192.168.34.50:33369). Request must be sent to leader., logIndex=0, commits[a8271a13-8b98-4259-a956-3406fefc9571:c8, 4fc6c8fa-e96e-43c4-8369-e0ca8a7014d6:c8, b216f333-d584-463e-ac29-b520f4cc8032:c8]
2019-08-21 09:15:31,912 | INFO  | SCMAudit | user=jenkins1000 | ip=192.168.34.50 | op=SEND_HEARTBEAT {datanodeUUID=5ea20691-5ab9-4695-ab1d-7e722de7481e, command=[]} | ret=SUCCESS |  
2019-08-21 09:15:32,174 | INFO  | SCMAudit | user=jenkins1000 | ip=192.168.34.50 | op=SEND_HEARTBEAT {datanodeUUID=2efe7137-c334-43ac-ad86-ba58d4ed3c70, command=[]} | ret=SUCCESS |  
2019-08-21 09:15:32,319 | INFO  | SCMAudit | user=jenkins1000 | ip=192.168.34.50 | op=SEND_HEARTBEAT {datanodeUUID=328a75f0-8ecf-454d-ac4a-ee464a922ba9, command=[]} | ret=SUCCESS |  
2019-08-21 09:15:32,726 | INFO  | SCMAudit | user=jenkins1000 | ip=192.168.34.50 | op=SEND_HEARTBEAT {datanodeUUID=d93e8726-51c7-48e5-91db-a9280c3a0547, command=[]} | ret=SUCCESS |  
2019-08-21 09:15:32,726 | INFO  | SCMAudit | user=jenkins1000 | ip=192.168.34.50 | op=SEND_HEARTBEAT {datanodeUUID=b216f333-d584-463e-ac29-b520f4cc8032, command=[]} | ret=SUCCESS |  
2019-08-21 09:15:32,737 | INFO  | SCMAudit | user=jenkins1000 | ip=192.168.34.50 | op=SEND_HEARTBEAT {datanodeUUID=a8271a13-8b98-4259-a956-3406fefc9571, command=[]} | ret=SUCCESS |  
2019-08-21 09:15:32,748 | INFO  | SCMAudit | user=jenkins1000 | ip=192.168.34.50 | op=SEND_HEARTBEAT {datanodeUUID=4fc6c8fa-e96e-43c4-8369-e0ca8a7014d6, command=[]} | ret=SUCCESS |  
2019-08-21 09:15:32,911 | INFO  | SCMAudit | user=jenkins1000 | ip=192.168.34.50 | op=SEND_HEARTBEAT {datanodeUUID=5ea20691-5ab9-4695-ab1d-7e722de7481e, command=[]} | ret=SUCCESS |  
2019-08-21 09:15:33,174 | INFO  | SCMAudit | user=jenkins1000 | ip=192.168.34.50 | op=SEND_HEARTBEAT {datanodeUUID=2efe7137-c334-43ac-ad86-ba58d4ed3c70, command=[]} | ret=SUCCESS |  
2019-08-21 09:15:33,319 | INFO  | SCMAudit | user=jenkins1000 | ip=192.168.34.50 | op=SEND_HEARTBEAT {datanodeUUID=328a75f0-8ecf-454d-ac4a-ee464a922ba9, command=[]} | ret=SUCCESS |  
2019-08-21 09:15:33,725 | INFO  | SCMAudit | user=jenkins1000 | ip=192.168.34.50 | op=SEND_HEARTBEAT {datanodeUUID=d93e8726-51c7-48e5-91db-a9280c3a0547, command=[]} | ret=SUCCESS |  
2019-08-21 09:15:33,725 | INFO  | SCMAudit | user=jenkins1000 | ip=192.168.34.50 | op=SEND_HEARTBEAT {datanodeUUID=b216f333-d584-463e-ac29-b520f4cc8032, command=[]} | ret=SUCCESS |  
2019-08-21 09:15:33,739 | INFO  | SCMAudit | user=jenkins1000 | ip=192.168.34.50 | op=SEND_HEARTBEAT {datanodeUUID=a8271a13-8b98-4259-a956-3406fefc9571, command=[]} | ret=SUCCESS |  
2019-08-21 09:15:33,749 | INFO  | SCMAudit | user=jenkins1000 | ip=192.168.34.50 | op=SEND_HEARTBEAT {datanodeUUID=4fc6c8fa-e96e-43c4-8369-e0ca8a7014d6, command=[]} | ret=SUCCESS |  
2019-08-21 09:15:33,911 | INFO  | SCMAudit | user=jenkins1000 | ip=192.168.34.50 | op=SEND_HEARTBEAT {datanodeUUID=5ea20691-5ab9-4695-ab1d-7e722de7481e, command=[]} | ret=SUCCESS |  
2019-08-21 09:15:34,174 | INFO  | SCMAudit | user=jenkins1000 | ip=192.168.34.50 | op=SEND_HEARTBEAT {datanodeUUID=2efe7137-c334-43ac-ad86-ba58d4ed3c70, command=[]} | ret=SUCCESS |  
2019-08-21 09:15:34,319 | INFO  | SCMAudit | user=jenkins1000 | ip=192.168.34.50 | op=SEND_HEARTBEAT {datanodeUUID=328a75f0-8ecf-454d-ac4a-ee464a922ba9, command=[]} | ret=SUCCESS |  
2019-08-21 09:15:34,726 | INFO  | SCMAudit | user=jenkins1000 | ip=192.168.34.50 | op=SEND_HEARTBEAT {datanodeUUID=d93e8726-51c7-48e5-91db-a9280c3a0547, command=[]} | ret=SUCCESS |  
2019-08-21 09:15:34,726 | INFO  | SCMAudit | user=jenkins1000 | ip=192.168.34.50 | op=SEND_HEARTBEAT {datanodeUUID=b216f333-d584-463e-ac29-b520f4cc8032, command=[]} | ret=SUCCESS |  
2019-08-21 09:15:34,737 | INFO  | SCMAudit | user=jenkins1000 | ip=192.168.34.50 | op=SEND_HEARTBEAT {datanodeUUID=a8271a13-8b98-4259-a956-3406fefc9571, command=[]} | ret=SUCCESS |  
2019-08-21 09:15:34,749 | INFO  | SCMAudit | user=jenkins1000 | ip=192.168.34.50 | op=SEND_HEARTBEAT {datanodeUUID=4fc6c8fa-e96e-43c4-8369-e0ca8a7014d6, command=[]} | ret=SUCCESS |  
2019-08-21 09:15:34,912 | INFO  | SCMAudit | user=jenkins1000 | ip=192.168.34.50 | op=SEND_HEARTBEAT {datanodeUUID=5ea20691-5ab9-4695-ab1d-7e722de7481e, command=[]} | ret=SUCCESS |  
2019-08-21 09:15:35,174 | INFO  | SCMAudit | user=jenkins1000 | ip=192.168.34.50 | op=SEND_HEARTBEAT {datanodeUUID=2efe7137-c334-43ac-ad86-ba58d4ed3c70, command=[]} | ret=SUCCESS |  
2019-08-21 09:15:35,320 | INFO  | SCMAudit | user=jenkins1000 | ip=192.168.34.50 | op=SEND_HEARTBEAT {datanodeUUID=328a75f0-8ecf-454d-ac4a-ee464a922ba9, command=[]} | ret=SUCCESS |  
2019-08-21 09:15:35,726 | INFO  | SCMAudit | user=jenkins1000 | ip=192.168.34.50 | op=SEND_HEARTBEAT {datanodeUUID=d93e8726-51c7-48e5-91db-a9280c3a0547, command=[]} | ret=SUCCESS |  
2019-08-21 09:15:35,726 | INFO  | SCMAudit | user=jenkins1000 | ip=192.168.34.50 | op=SEND_HEARTBEAT {datanodeUUID=b216f333-d584-463e-ac29-b520f4cc8032, command=[]} | ret=SUCCESS |  
2019-08-21 09:15:35,737 | INFO  | SCMAudit | user=jenkins1000 | ip=192.168.34.50 | op=SEND_HEARTBEAT {datanodeUUID=a8271a13-8b98-4259-a956-3406fefc9571, command=[]} | ret=SUCCESS |  
2019-08-21 09:15:35,754 | INFO  | SCMAudit | user=jenkins1000 | ip=192.168.34.50 | op=SEND_HEARTBEAT {datanodeUUID=4fc6c8fa-e96e-43c4-8369-e0ca8a7014d6, command=[]} | ret=SUCCESS |  
2019-08-21 09:15:35,911 | INFO  | SCMAudit | user=jenkins1000 | ip=192.168.34.50 | op=SEND_HEARTBEAT {datanodeUUID=5ea20691-5ab9-4695-ab1d-7e722de7481e, command=[]} | ret=SUCCESS |  
2019-08-21 09:15:36,175 | INFO  | SCMAudit | user=jenkins1000 | ip=192.168.34.50 | op=SEND_HEARTBEAT {datanodeUUID=2efe7137-c334-43ac-ad86-ba58d4ed3c70, command=[]} | ret=SUCCESS |  
2019-08-21 09:15:36,320 | INFO  | SCMAudit | user=jenkins1000 | ip=192.168.34.50 | op=SEND_HEARTBEAT {datanodeUUID=328a75f0-8ecf-454d-ac4a-ee464a922ba9, command=[]} | ret=SUCCESS |  
2019-08-21 09:15:36,726 | INFO  | SCMAudit | user=jenkins1000 | ip=192.168.34.50 | op=SEND_HEARTBEAT {datanodeUUID=d93e8726-51c7-48e5-91db-a9280c3a0547, command=[]} | ret=SUCCESS |  
2019-08-21 09:15:36,726 | INFO  | SCMAudit | user=jenkins1000 | ip=192.168.34.50 | op=SEND_HEARTBEAT {datanodeUUID=b216f333-d584-463e-ac29-b520f4cc8032, command=[]} | ret=SUCCESS |  
2019-08-21 09:15:36,738 | INFO  | SCMAudit | user=jenkins1000 | ip=192.168.34.50 | op=SEND_HEARTBEAT {datanodeUUID=a8271a13-8b98-4259-a956-3406fefc9571, command=[]} | ret=SUCCESS |  
2019-08-21 09:15:36,754 | INFO  | SCMAudit | user=jenkins1000 | ip=192.168.34.50 | op=SEND_HEARTBEAT {datanodeUUID=4fc6c8fa-e96e-43c4-8369-e0ca8a7014d6, command=[]} | ret=SUCCESS |  
2019-08-21 09:15:36,895 [grpc-default-executor-1] INFO  client.GrpcClientProtocolClient (GrpcClientProtocolClient.java:onNext(255)) - client-765D7F86C248->a8271a13-8b98-4259-a956-3406fefc9571: receive RaftClientReply:client-765D7F86C248->a8271a13-8b98-4259-a956-3406fefc9571@group-159FDE3C55F8, cid=45, FAILED org.apache.ratis.protocol.NotLeaderException: Server a8271a13-8b98-4259-a956-3406fefc9571 is not the leader (b216f333-d584-463e-ac29-b520f4cc8032:192.168.34.50:33369). Request must be sent to leader., logIndex=0, commits[a8271a13-8b98-4259-a956-3406fefc9571:c8, 4fc6c8fa-e96e-43c4-8369-e0ca8a7014d6:c8, b216f333-d584-463e-ac29-b520f4cc8032:c8]
2019-08-21 09:15:36,911 | INFO  | SCMAudit | user=jenkins1000 | ip=192.168.34.50 | op=SEND_HEARTBEAT {datanodeUUID=5ea20691-5ab9-4695-ab1d-7e722de7481e, command=[]} | ret=SUCCESS |  
2019-08-21 09:15:37,175 | INFO  | SCMAudit | user=jenkins1000 | ip=192.168.34.50 | op=SEND_HEARTBEAT {datanodeUUID=2efe7137-c334-43ac-ad86-ba58d4ed3c70, command=[]} | ret=SUCCESS |  
2019-08-21 09:15:37,320 | INFO  | SCMAudit | user=jenkins1000 | ip=192.168.34.50 | op=SEND_HEARTBEAT {datanodeUUID=328a75f0-8ecf-454d-ac4a-ee464a922ba9, command=[]} | ret=SUCCESS |  
2019-08-21 09:15:37,726 | INFO  | SCMAudit | user=jenkins1000 | ip=192.168.34.50 | op=SEND_HEARTBEAT {datanodeUUID=d93e8726-51c7-48e5-91db-a9280c3a0547, command=[]} | ret=SUCCESS |  
2019-08-21 09:15:37,726 | INFO  | SCMAudit | user=jenkins1000 | ip=192.168.34.50 | op=SEND_HEARTBEAT {datanodeUUID=b216f333-d584-463e-ac29-b520f4cc8032, command=[]} | ret=SUCCESS |  
2019-08-21 09:15:37,737 | INFO  | SCMAudit | user=jenkins1000 | ip=192.168.34.50 | op=SEND_HEARTBEAT {datanodeUUID=a8271a13-8b98-4259-a956-3406fefc9571, command=[]} | ret=SUCCESS |  
2019-08-21 09:15:37,755 | INFO  | SCMAudit | user=jenkins1000 | ip=192.168.34.50 | op=SEND_HEARTBEAT {datanodeUUID=4fc6c8fa-e96e-43c4-8369-e0ca8a7014d6, command=[]} | ret=SUCCESS |  
2019-08-21 09:15:37,911 | INFO  | SCMAudit | user=jenkins1000 | ip=192.168.34.50 | op=SEND_HEARTBEAT {datanodeUUID=5ea20691-5ab9-4695-ab1d-7e722de7481e, command=[]} | ret=SUCCESS |  
2019-08-21 09:15:38,174 | INFO  | SCMAudit | user=jenkins1000 | ip=192.168.34.50 | op=SEND_HEARTBEAT {datanodeUUID=2efe7137-c334-43ac-ad86-ba58d4ed3c70, command=[]} | ret=SUCCESS |  
2019-08-21 09:15:38,320 | INFO  | SCMAudit | user=jenkins1000 | ip=192.168.34.50 | op=SEND_HEARTBEAT {datanodeUUID=328a75f0-8ecf-454d-ac4a-ee464a922ba9, command=[]} | ret=SUCCESS |  
2019-08-21 09:15:38,725 | INFO  | SCMAudit | user=jenkins1000 | ip=192.168.34.50 | op=SEND_HEARTBEAT {datanodeUUID=d93e8726-51c7-48e5-91db-a9280c3a0547, command=[]} | ret=SUCCESS |  
2019-08-21 09:15:38,726 | INFO  | SCMAudit | user=jenkins1000 | ip=192.168.34.50 | op=SEND_HEARTBEAT {datanodeUUID=b216f333-d584-463e-ac29-b520f4cc8032, command=[]} | ret=SUCCESS |  
2019-08-21 09:15:38,737 | INFO  | SCMAudit | user=jenkins1000 | ip=192.168.34.50 | op=SEND_HEARTBEAT {datanodeUUID=a8271a13-8b98-4259-a956-3406fefc9571, command=[]} | ret=SUCCESS |  
2019-08-21 09:15:38,756 | INFO  | SCMAudit | user=jenkins1000 | ip=192.168.34.50 | op=SEND_HEARTBEAT {datanodeUUID=4fc6c8fa-e96e-43c4-8369-e0ca8a7014d6, command=[]} | ret=SUCCESS |  
2019-08-21 09:15:38,912 | INFO  | SCMAudit | user=jenkins1000 | ip=192.168.34.50 | op=SEND_HEARTBEAT {datanodeUUID=5ea20691-5ab9-4695-ab1d-7e722de7481e, command=[]} | ret=SUCCESS |  
2019-08-21 09:15:39,175 | INFO  | SCMAudit | user=jenkins1000 | ip=192.168.34.50 | op=SEND_HEARTBEAT {datanodeUUID=2efe7137-c334-43ac-ad86-ba58d4ed3c70, command=[]} | ret=SUCCESS |  
2019-08-21 09:15:39,321 | INFO  | SCMAudit | user=jenkins1000 | ip=192.168.34.50 | op=SEND_HEARTBEAT {datanodeUUID=328a75f0-8ecf-454d-ac4a-ee464a922ba9, command=[]} | ret=SUCCESS |  
2019-08-21 09:15:39,726 | INFO  | SCMAudit | user=jenkins1000 | ip=192.168.34.50 | op=SEND_HEARTBEAT {datanodeUUID=d93e8726-51c7-48e5-91db-a9280c3a0547, command=[]} | ret=SUCCESS |  
2019-08-21 09:15:39,726 | INFO  | SCMAudit | user=jenkins1000 | ip=192.168.34.50 | op=SEND_HEARTBEAT {datanodeUUID=b216f333-d584-463e-ac29-b520f4cc8032, command=[]} | ret=SUCCESS |  
2019-08-21 09:15:39,737 | INFO  | SCMAudit | user=jenkins1000 | ip=192.168.34.50 | op=SEND_HEARTBEAT {datanodeUUID=a8271a13-8b98-4259-a956-3406fefc9571, command=[]} | ret=SUCCESS |  
2019-08-21 09:15:39,756 | INFO  | SCMAudit | user=jenkins1000 | ip=192.168.34.50 | op=SEND_HEARTBEAT {datanodeUUID=4fc6c8fa-e96e-43c4-8369-e0ca8a7014d6, command=[]} | ret=SUCCESS |  
2019-08-21 09:15:39,911 | INFO  | SCMAudit | user=jenkins1000 | ip=192.168.34.50 | op=SEND_HEARTBEAT {datanodeUUID=5ea20691-5ab9-4695-ab1d-7e722de7481e, command=[]} | ret=SUCCESS |  
2019-08-21 09:15:40,175 | INFO  | SCMAudit | user=jenkins1000 | ip=192.168.34.50 | op=SEND_HEARTBEAT {datanodeUUID=2efe7137-c334-43ac-ad86-ba58d4ed3c70, command=[]} | ret=SUCCESS |  
2019-08-21 09:15:40,320 | INFO  | SCMAudit | user=jenkins1000 | ip=192.168.34.50 | op=SEND_HEARTBEAT {datanodeUUID=328a75f0-8ecf-454d-ac4a-ee464a922ba9, command=[]} | ret=SUCCESS |  
2019-08-21 09:15:40,726 | INFO  | SCMAudit | user=jenkins1000 | ip=192.168.34.50 | op=SEND_HEARTBEAT {datanodeUUID=d93e8726-51c7-48e5-91db-a9280c3a0547, command=[]} | ret=SUCCESS |  
2019-08-21 09:15:40,726 | INFO  | SCMAudit | user=jenkins1000 | ip=192.168.34.50 | op=SEND_HEARTBEAT {datanodeUUID=b216f333-d584-463e-ac29-b520f4cc8032, command=[]} | ret=SUCCESS |  
2019-08-21 09:15:40,737 | INFO  | SCMAudit | user=jenkins1000 | ip=192.168.34.50 | op=SEND_HEARTBEAT {datanodeUUID=a8271a13-8b98-4259-a956-3406fefc9571, command=[]} | ret=SUCCESS |  
2019-08-21 09:15:40,756 | INFO  | SCMAudit | user=jenkins1000 | ip=192.168.34.50 | op=SEND_HEARTBEAT {datanodeUUID=4fc6c8fa-e96e-43c4-8369-e0ca8a7014d6, command=[]} | ret=SUCCESS |  
2019-08-21 09:15:40,917 | INFO  | SCMAudit | user=jenkins1000 | ip=192.168.34.50 | op=SEND_HEARTBEAT {datanodeUUID=5ea20691-5ab9-4695-ab1d-7e722de7481e, command=[]} | ret=SUCCESS |  
2019-08-21 09:15:41,175 | INFO  | SCMAudit | user=jenkins1000 | ip=192.168.34.50 | op=SEND_HEARTBEAT {datanodeUUID=2efe7137-c334-43ac-ad86-ba58d4ed3c70, command=[]} | ret=SUCCESS |  
2019-08-21 09:15:41,320 | INFO  | SCMAudit | user=jenkins1000 | ip=192.168.34.50 | op=SEND_HEARTBEAT {datanodeUUID=328a75f0-8ecf-454d-ac4a-ee464a922ba9, command=[]} | ret=SUCCESS |  
2019-08-21 09:15:41,726 | INFO  | SCMAudit | user=jenkins1000 | ip=192.168.34.50 | op=SEND_HEARTBEAT {datanodeUUID=d93e8726-51c7-48e5-91db-a9280c3a0547, command=[]} | ret=SUCCESS |  
2019-08-21 09:15:41,726 | INFO  | SCMAudit | user=jenkins1000 | ip=192.168.34.50 | op=SEND_HEARTBEAT {datanodeUUID=b216f333-d584-463e-ac29-b520f4cc8032, command=[]} | ret=SUCCESS |  
2019-08-21 09:15:41,738 | INFO  | SCMAudit | user=jenkins1000 | ip=192.168.34.50 | op=SEND_HEARTBEAT {datanodeUUID=a8271a13-8b98-4259-a956-3406fefc9571, command=[]} | ret=SUCCESS |  
2019-08-21 09:15:41,756 | INFO  | SCMAudit | user=jenkins1000 | ip=192.168.34.50 | op=SEND_HEARTBEAT {datanodeUUID=4fc6c8fa-e96e-43c4-8369-e0ca8a7014d6, command=[]} | ret=SUCCESS |  
2019-08-21 09:15:41,912 | INFO  | SCMAudit | user=jenkins1000 | ip=192.168.34.50 | op=SEND_HEARTBEAT {datanodeUUID=5ea20691-5ab9-4695-ab1d-7e722de7481e, command=[]} | ret=SUCCESS |  
2019-08-21 09:15:41,935 [grpc-default-executor-5] INFO  client.GrpcClientProtocolClient (GrpcClientProtocolClient.java:onNext(255)) - client-765D7F86C248->a8271a13-8b98-4259-a956-3406fefc9571: receive RaftClientReply:client-765D7F86C248->a8271a13-8b98-4259-a956-3406fefc9571@group-159FDE3C55F8, cid=45, FAILED org.apache.ratis.protocol.NotLeaderException: Server a8271a13-8b98-4259-a956-3406fefc9571 is not the leader (b216f333-d584-463e-ac29-b520f4cc8032:192.168.34.50:33369). Request must be sent to leader., logIndex=0, commits[a8271a13-8b98-4259-a956-3406fefc9571:c8, 4fc6c8fa-e96e-43c4-8369-e0ca8a7014d6:c8, b216f333-d584-463e-ac29-b520f4cc8032:c8]
2019-08-21 09:15:42,176 | INFO  | SCMAudit | user=jenkins1000 | ip=192.168.34.50 | op=SEND_HEARTBEAT {datanodeUUID=2efe7137-c334-43ac-ad86-ba58d4ed3c70, command=[]} | ret=SUCCESS |  
2019-08-21 09:15:42,321 | INFO  | SCMAudit | user=jenkins1000 | ip=192.168.34.50 | op=SEND_HEARTBEAT {datanodeUUID=328a75f0-8ecf-454d-ac4a-ee464a922ba9, command=[]} | ret=SUCCESS |  
2019-08-21 09:15:42,727 | INFO  | SCMAudit | user=jenkins1000 | ip=192.168.34.50 | op=SEND_HEARTBEAT {datanodeUUID=d93e8726-51c7-48e5-91db-a9280c3a0547, command=[]} | ret=SUCCESS |  
2019-08-21 09:15:42,727 | INFO  | SCMAudit | user=jenkins1000 | ip=192.168.34.50 | op=SEND_HEARTBEAT {datanodeUUID=b216f333-d584-463e-ac29-b520f4cc8032, command=[]} | ret=SUCCESS |  
2019-08-21 09:15:42,738 | INFO  | SCMAudit | user=jenkins1000 | ip=192.168.34.50 | op=SEND_HEARTBEAT {datanodeUUID=a8271a13-8b98-4259-a956-3406fefc9571, command=[]} | ret=SUCCESS |  
2019-08-21 09:15:42,756 | INFO  | SCMAudit | user=jenkins1000 | ip=192.168.34.50 | op=SEND_HEARTBEAT {datanodeUUID=4fc6c8fa-e96e-43c4-8369-e0ca8a7014d6, command=[]} | ret=SUCCESS |  
2019-08-21 09:15:42,911 | INFO  | SCMAudit | user=jenkins1000 | ip=192.168.34.50 | op=SEND_HEARTBEAT {datanodeUUID=5ea20691-5ab9-4695-ab1d-7e722de7481e, command=[]} | ret=SUCCESS |  
2019-08-21 09:15:43,175 | INFO  | SCMAudit | user=jenkins1000 | ip=192.168.34.50 | op=SEND_HEARTBEAT {datanodeUUID=2efe7137-c334-43ac-ad86-ba58d4ed3c70, command=[]} | ret=SUCCESS |  
2019-08-21 09:15:43,321 | INFO  | SCMAudit | user=jenkins1000 | ip=192.168.34.50 | op=SEND_HEARTBEAT {datanodeUUID=328a75f0-8ecf-454d-ac4a-ee464a922ba9, command=[]} | ret=SUCCESS |  
2019-08-21 09:15:43,726 | INFO  | SCMAudit | user=jenkins1000 | ip=192.168.34.50 | op=SEND_HEARTBEAT {datanodeUUID=b216f333-d584-463e-ac29-b520f4cc8032, command=[]} | ret=SUCCESS |  
2019-08-21 09:15:43,727 | INFO  | SCMAudit | user=jenkins1000 | ip=192.168.34.50 | op=SEND_HEARTBEAT {datanodeUUID=d93e8726-51c7-48e5-91db-a9280c3a0547, command=[]} | ret=SUCCESS |  
2019-08-21 09:15:43,738 | INFO  | SCMAudit | user=jenkins1000 | ip=192.168.34.50 | op=SEND_HEARTBEAT {datanodeUUID=a8271a13-8b98-4259-a956-3406fefc9571, command=[]} | ret=SUCCESS |  
2019-08-21 09:15:43,756 | INFO  | SCMAudit | user=jenkins1000 | ip=192.168.34.50 | op=SEND_HEARTBEAT {datanodeUUID=4fc6c8fa-e96e-43c4-8369-e0ca8a7014d6, command=[]} | ret=SUCCESS |  
2019-08-21 09:15:43,911 | INFO  | SCMAudit | user=jenkins1000 | ip=192.168.34.50 | op=SEND_HEARTBEAT {datanodeUUID=5ea20691-5ab9-4695-ab1d-7e722de7481e, command=[]} | ret=SUCCESS |  
2019-08-21 09:15:44,176 | INFO  | SCMAudit | user=jenkins1000 | ip=192.168.34.50 | op=SEND_HEARTBEAT {datanodeUUID=2efe7137-c334-43ac-ad86-ba58d4ed3c70, command=[]} | ret=SUCCESS |  
2019-08-21 09:15:44,320 | INFO  | SCMAudit | user=jenkins1000 | ip=192.168.34.50 | op=SEND_HEARTBEAT {datanodeUUID=328a75f0-8ecf-454d-ac4a-ee464a922ba9, command=[]} | ret=SUCCESS |  
2019-08-21 09:15:44,727 | INFO  | SCMAudit | user=jenkins1000 | ip=192.168.34.50 | op=SEND_HEARTBEAT {datanodeUUID=b216f333-d584-463e-ac29-b520f4cc8032, command=[]} | ret=SUCCESS |  
2019-08-21 09:15:44,727 | INFO  | SCMAudit | user=jenkins1000 | ip=192.168.34.50 | op=SEND_HEARTBEAT {datanodeUUID=d93e8726-51c7-48e5-91db-a9280c3a0547, command=[]} | ret=SUCCESS |  
2019-08-21 09:15:44,738 | INFO  | SCMAudit | user=jenkins1000 | ip=192.168.34.50 | op=SEND_HEARTBEAT {datanodeUUID=a8271a13-8b98-4259-a956-3406fefc9571, command=[]} | ret=SUCCESS |  
2019-08-21 09:15:44,756 | INFO  | SCMAudit | user=jenkins1000 | ip=192.168.34.50 | op=SEND_HEARTBEAT {datanodeUUID=4fc6c8fa-e96e-43c4-8369-e0ca8a7014d6, command=[]} | ret=SUCCESS |  
2019-08-21 09:15:44,912 | INFO  | SCMAudit | user=jenkins1000 | ip=192.168.34.50 | op=SEND_HEARTBEAT {datanodeUUID=5ea20691-5ab9-4695-ab1d-7e722de7481e, command=[]} | ret=SUCCESS |  
2019-08-21 09:15:45,175 | INFO  | SCMAudit | user=jenkins1000 | ip=192.168.34.50 | op=SEND_HEARTBEAT {datanodeUUID=2efe7137-c334-43ac-ad86-ba58d4ed3c70, command=[]} | ret=SUCCESS |  
2019-08-21 09:15:45,320 | INFO  | SCMAudit | user=jenkins1000 | ip=192.168.34.50 | op=SEND_HEARTBEAT {datanodeUUID=328a75f0-8ecf-454d-ac4a-ee464a922ba9, command=[]} | ret=SUCCESS |  
2019-08-21 09:15:45,727 | INFO  | SCMAudit | user=jenkins1000 | ip=192.168.34.50 | op=SEND_HEARTBEAT {datanodeUUID=b216f333-d584-463e-ac29-b520f4cc8032, command=[]} | ret=SUCCESS |  
2019-08-21 09:15:45,728 | INFO  | SCMAudit | user=jenkins1000 | ip=192.168.34.50 | op=SEND_HEARTBEAT {datanodeUUID=d93e8726-51c7-48e5-91db-a9280c3a0547, command=[]} | ret=SUCCESS |  
2019-08-21 09:15:45,738 | INFO  | SCMAudit | user=jenkins1000 | ip=192.168.34.50 | op=SEND_HEARTBEAT {datanodeUUID=a8271a13-8b98-4259-a956-3406fefc9571, command=[]} | ret=SUCCESS |  
2019-08-21 09:15:45,756 | INFO  | SCMAudit | user=jenkins1000 | ip=192.168.34.50 | op=SEND_HEARTBEAT {datanodeUUID=4fc6c8fa-e96e-43c4-8369-e0ca8a7014d6, command=[]} | ret=SUCCESS |  
2019-08-21 09:15:45,911 | INFO  | SCMAudit | user=jenkins1000 | ip=192.168.34.50 | op=SEND_HEARTBEAT {datanodeUUID=5ea20691-5ab9-4695-ab1d-7e722de7481e, command=[]} | ret=SUCCESS |  
2019-08-21 09:15:46,176 | INFO  | SCMAudit | user=jenkins1000 | ip=192.168.34.50 | op=SEND_HEARTBEAT {datanodeUUID=2efe7137-c334-43ac-ad86-ba58d4ed3c70, command=[]} | ret=SUCCESS |  
2019-08-21 09:15:46,320 | INFO  | SCMAudit | user=jenkins1000 | ip=192.168.34.50 | op=SEND_HEARTBEAT {datanodeUUID=328a75f0-8ecf-454d-ac4a-ee464a922ba9, command=[]} | ret=SUCCESS |  
2019-08-21 09:15:46,726 | INFO  | SCMAudit | user=jenkins1000 | ip=192.168.34.50 | op=SEND_HEARTBEAT {datanodeUUID=b216f333-d584-463e-ac29-b520f4cc8032, command=[]} | ret=SUCCESS |  
2019-08-21 09:15:46,729 | INFO  | SCMAudit | user=jenkins1000 | ip=192.168.34.50 | op=SEND_HEARTBEAT {datanodeUUID=d93e8726-51c7-48e5-91db-a9280c3a0547, command=[]} | ret=SUCCESS |  
2019-08-21 09:15:46,738 | INFO  | SCMAudit | user=jenkins1000 | ip=192.168.34.50 | op=SEND_HEARTBEAT {datanodeUUID=a8271a13-8b98-4259-a956-3406fefc9571, command=[]} | ret=SUCCESS |  
2019-08-21 09:15:46,756 | INFO  | SCMAudit | user=jenkins1000 | ip=192.168.34.50 | op=SEND_HEARTBEAT {datanodeUUID=4fc6c8fa-e96e-43c4-8369-e0ca8a7014d6, command=[]} | ret=SUCCESS |  
2019-08-21 09:15:46,912 | INFO  | SCMAudit | user=jenkins1000 | ip=192.168.34.50 | op=SEND_HEARTBEAT {datanodeUUID=5ea20691-5ab9-4695-ab1d-7e722de7481e, command=[]} | ret=SUCCESS |  
2019-08-21 09:15:46,976 [grpc-default-executor-5] INFO  client.GrpcClientProtocolClient (GrpcClientProtocolClient.java:onNext(255)) - client-765D7F86C248->a8271a13-8b98-4259-a956-3406fefc9571: receive RaftClientReply:client-765D7F86C248->a8271a13-8b98-4259-a956-3406fefc9571@group-159FDE3C55F8, cid=45, FAILED org.apache.ratis.protocol.NotLeaderException: Server a8271a13-8b98-4259-a956-3406fefc9571 is not the leader (b216f333-d584-463e-ac29-b520f4cc8032:192.168.34.50:33369). Request must be sent to leader., logIndex=0, commits[a8271a13-8b98-4259-a956-3406fefc9571:c8, 4fc6c8fa-e96e-43c4-8369-e0ca8a7014d6:c8, b216f333-d584-463e-ac29-b520f4cc8032:c8]
2019-08-21 09:15:47,175 | INFO  | SCMAudit | user=jenkins1000 | ip=192.168.34.50 | op=SEND_HEARTBEAT {datanodeUUID=2efe7137-c334-43ac-ad86-ba58d4ed3c70, command=[]} | ret=SUCCESS |  
2019-08-21 09:15:47,321 | INFO  | SCMAudit | user=jenkins1000 | ip=192.168.34.50 | op=SEND_HEARTBEAT {datanodeUUID=328a75f0-8ecf-454d-ac4a-ee464a922ba9, command=[]} | ret=SUCCESS |  
2019-08-21 09:15:47,727 | INFO  | SCMAudit | user=jenkins1000 | ip=192.168.34.50 | op=SEND_HEARTBEAT {datanodeUUID=b216f333-d584-463e-ac29-b520f4cc8032, command=[]} | ret=SUCCESS |  
2019-08-21 09:15:47,729 | INFO  | SCMAudit | user=jenkins1000 | ip=192.168.34.50 | op=SEND_HEARTBEAT {datanodeUUID=d93e8726-51c7-48e5-91db-a9280c3a0547, command=[]} | ret=SUCCESS |  
2019-08-21 09:15:47,738 | INFO  | SCMAudit | user=jenkins1000 | ip=192.168.34.50 | op=SEND_HEARTBEAT {datanodeUUID=a8271a13-8b98-4259-a956-3406fefc9571, command=[]} | ret=SUCCESS |  
2019-08-21 09:15:47,756 | INFO  | SCMAudit | user=jenkins1000 | ip=192.168.34.50 | op=SEND_HEARTBEAT {datanodeUUID=4fc6c8fa-e96e-43c4-8369-e0ca8a7014d6, command=[]} | ret=SUCCESS |  
2019-08-21 09:15:47,912 | INFO  | SCMAudit | user=jenkins1000 | ip=192.168.34.50 | op=SEND_HEARTBEAT {datanodeUUID=5ea20691-5ab9-4695-ab1d-7e722de7481e, command=[]} | ret=SUCCESS |  
2019-08-21 09:15:48,176 | INFO  | SCMAudit | user=jenkins1000 | ip=192.168.34.50 | op=SEND_HEARTBEAT {datanodeUUID=2efe7137-c334-43ac-ad86-ba58d4ed3c70, command=[]} | ret=SUCCESS |  
2019-08-21 09:15:48,321 | INFO  | SCMAudit | user=jenkins1000 | ip=192.168.34.50 | op=SEND_HEARTBEAT {datanodeUUID=328a75f0-8ecf-454d-ac4a-ee464a922ba9, command=[]} | ret=SUCCESS |  
2019-08-21 09:15:48,726 | INFO  | SCMAudit | user=jenkins1000 | ip=192.168.34.50 | op=SEND_HEARTBEAT {datanodeUUID=b216f333-d584-463e-ac29-b520f4cc8032, command=[]} | ret=SUCCESS |  
2019-08-21 09:15:48,729 | INFO  | SCMAudit | user=jenkins1000 | ip=192.168.34.50 | op=SEND_HEARTBEAT {datanodeUUID=d93e8726-51c7-48e5-91db-a9280c3a0547, command=[]} | ret=SUCCESS |  
2019-08-21 09:15:48,738 | INFO  | SCMAudit | user=jenkins1000 | ip=192.168.34.50 | op=SEND_HEARTBEAT {datanodeUUID=a8271a13-8b98-4259-a956-3406fefc9571, command=[]} | ret=SUCCESS |  
2019-08-21 09:15:48,756 | INFO  | SCMAudit | user=jenkins1000 | ip=192.168.34.50 | op=SEND_HEARTBEAT {datanodeUUID=4fc6c8fa-e96e-43c4-8369-e0ca8a7014d6, command=[]} | ret=SUCCESS |  
2019-08-21 09:15:48,912 | INFO  | SCMAudit | user=jenkins1000 | ip=192.168.34.50 | op=SEND_HEARTBEAT {datanodeUUID=5ea20691-5ab9-4695-ab1d-7e722de7481e, command=[]} | ret=SUCCESS |  
2019-08-21 09:15:49,176 | INFO  | SCMAudit | user=jenkins1000 | ip=192.168.34.50 | op=SEND_HEARTBEAT {datanodeUUID=2efe7137-c334-43ac-ad86-ba58d4ed3c70, command=[]} | ret=SUCCESS |  
2019-08-21 09:15:49,321 | INFO  | SCMAudit | user=jenkins1000 | ip=192.168.34.50 | op=SEND_HEARTBEAT {datanodeUUID=328a75f0-8ecf-454d-ac4a-ee464a922ba9, command=[]} | ret=SUCCESS |  
2019-08-21 09:15:49,727 | INFO  | SCMAudit | user=jenkins1000 | ip=192.168.34.50 | op=SEND_HEARTBEAT {datanodeUUID=b216f333-d584-463e-ac29-b520f4cc8032, command=[]} | ret=SUCCESS |  
2019-08-21 09:15:49,729 | INFO  | SCMAudit | user=jenkins1000 | ip=192.168.34.50 | op=SEND_HEARTBEAT {datanodeUUID=d93e8726-51c7-48e5-91db-a9280c3a0547, command=[]} | ret=SUCCESS |  
2019-08-21 09:15:49,739 | INFO  | SCMAudit | user=jenkins1000 | ip=192.168.34.50 | op=SEND_HEARTBEAT {datanodeUUID=a8271a13-8b98-4259-a956-3406fefc9571, command=[]} | ret=SUCCESS |  
2019-08-21 09:15:49,757 | INFO  | SCMAudit | user=jenkins1000 | ip=192.168.34.50 | op=SEND_HEARTBEAT {datanodeUUID=4fc6c8fa-e96e-43c4-8369-e0ca8a7014d6, command=[]} | ret=SUCCESS |  
2019-08-21 09:15:49,912 | INFO  | SCMAudit | user=jenkins1000 | ip=192.168.34.50 | op=SEND_HEARTBEAT {datanodeUUID=5ea20691-5ab9-4695-ab1d-7e722de7481e, command=[]} | ret=SUCCESS |  
2019-08-21 09:15:50,175 | INFO  | SCMAudit | user=jenkins1000 | ip=192.168.34.50 | op=SEND_HEARTBEAT {datanodeUUID=2efe7137-c334-43ac-ad86-ba58d4ed3c70, command=[]} | ret=SUCCESS |  
2019-08-21 09:15:50,321 | INFO  | SCMAudit | user=jenkins1000 | ip=192.168.34.50 | op=SEND_HEARTBEAT {datanodeUUID=328a75f0-8ecf-454d-ac4a-ee464a922ba9, command=[]} | ret=SUCCESS |  
2019-08-21 09:15:50,726 | INFO  | SCMAudit | user=jenkins1000 | ip=192.168.34.50 | op=SEND_HEARTBEAT {datanodeUUID=b216f333-d584-463e-ac29-b520f4cc8032, command=[]} | ret=SUCCESS |  
2019-08-21 09:15:50,730 | INFO  | SCMAudit | user=jenkins1000 | ip=192.168.34.50 | op=SEND_HEARTBEAT {datanodeUUID=d93e8726-51c7-48e5-91db-a9280c3a0547, command=[]} | ret=SUCCESS |  
2019-08-21 09:15:50,739 | INFO  | SCMAudit | user=jenkins1000 | ip=192.168.34.50 | op=SEND_HEARTBEAT {datanodeUUID=a8271a13-8b98-4259-a956-3406fefc9571, command=[]} | ret=SUCCESS |  
2019-08-21 09:15:50,757 | INFO  | SCMAudit | user=jenkins1000 | ip=192.168.34.50 | op=SEND_HEARTBEAT {datanodeUUID=4fc6c8fa-e96e-43c4-8369-e0ca8a7014d6, command=[]} | ret=SUCCESS |  
2019-08-21 09:15:50,912 | INFO  | SCMAudit | user=jenkins1000 | ip=192.168.34.50 | op=SEND_HEARTBEAT {datanodeUUID=5ea20691-5ab9-4695-ab1d-7e722de7481e, command=[]} | ret=SUCCESS |  
2019-08-21 09:15:51,176 | INFO  | SCMAudit | user=jenkins1000 | ip=192.168.34.50 | op=SEND_HEARTBEAT {datanodeUUID=2efe7137-c334-43ac-ad86-ba58d4ed3c70, command=[]} | ret=SUCCESS |  
2019-08-21 09:15:51,321 | INFO  | SCMAudit | user=jenkins1000 | ip=192.168.34.50 | op=SEND_HEARTBEAT {datanodeUUID=328a75f0-8ecf-454d-ac4a-ee464a922ba9, command=[]} | ret=SUCCESS |  
2019-08-21 09:15:51,727 | INFO  | SCMAudit | user=jenkins1000 | ip=192.168.34.50 | op=SEND_HEARTBEAT {datanodeUUID=b216f333-d584-463e-ac29-b520f4cc8032, command=[]} | ret=SUCCESS |  
2019-08-21 09:15:51,730 | INFO  | SCMAudit | user=jenkins1000 | ip=192.168.34.50 | op=SEND_HEARTBEAT {datanodeUUID=d93e8726-51c7-48e5-91db-a9280c3a0547, command=[]} | ret=SUCCESS |  
2019-08-21 09:15:51,739 | INFO  | SCMAudit | user=jenkins1000 | ip=192.168.34.50 | op=SEND_HEARTBEAT {datanodeUUID=a8271a13-8b98-4259-a956-3406fefc9571, command=[]} | ret=SUCCESS |  
2019-08-21 09:15:51,757 | INFO  | SCMAudit | user=jenkins1000 | ip=192.168.34.50 | op=SEND_HEARTBEAT {datanodeUUID=4fc6c8fa-e96e-43c4-8369-e0ca8a7014d6, command=[]} | ret=SUCCESS |  
2019-08-21 09:15:51,913 | INFO  | SCMAudit | user=jenkins1000 | ip=192.168.34.50 | op=SEND_HEARTBEAT {datanodeUUID=5ea20691-5ab9-4695-ab1d-7e722de7481e, command=[]} | ret=SUCCESS |  
2019-08-21 09:15:52,047 [grpc-default-executor-5] INFO  client.GrpcClientProtocolClient (GrpcClientProtocolClient.java:onNext(255)) - client-765D7F86C248->a8271a13-8b98-4259-a956-3406fefc9571: receive RaftClientReply:client-765D7F86C248->a8271a13-8b98-4259-a956-3406fefc9571@group-159FDE3C55F8, cid=45, FAILED org.apache.ratis.protocol.NotLeaderException: Server a8271a13-8b98-4259-a956-3406fefc9571 is not the leader (b216f333-d584-463e-ac29-b520f4cc8032:192.168.34.50:33369). Request must be sent to leader., logIndex=0, commits[a8271a13-8b98-4259-a956-3406fefc9571:c8, 4fc6c8fa-e96e-43c4-8369-e0ca8a7014d6:c8, b216f333-d584-463e-ac29-b520f4cc8032:c8]
2019-08-21 09:15:52,175 | INFO  | SCMAudit | user=jenkins1000 | ip=192.168.34.50 | op=SEND_HEARTBEAT {datanodeUUID=2efe7137-c334-43ac-ad86-ba58d4ed3c70, command=[]} | ret=SUCCESS |  
2019-08-21 09:15:52,321 | INFO  | SCMAudit | user=jenkins1000 | ip=192.168.34.50 | op=SEND_HEARTBEAT {datanodeUUID=328a75f0-8ecf-454d-ac4a-ee464a922ba9, command=[]} | ret=SUCCESS |  
2019-08-21 09:15:52,726 | INFO  | SCMAudit | user=jenkins1000 | ip=192.168.34.50 | op=SEND_HEARTBEAT {datanodeUUID=b216f333-d584-463e-ac29-b520f4cc8032, command=[]} | ret=SUCCESS |  
2019-08-21 09:15:52,730 | INFO  | SCMAudit | user=jenkins1000 | ip=192.168.34.50 | op=SEND_HEARTBEAT {datanodeUUID=d93e8726-51c7-48e5-91db-a9280c3a0547, command=[]} | ret=SUCCESS |  
2019-08-21 09:15:52,739 | INFO  | SCMAudit | user=jenkins1000 | ip=192.168.34.50 | op=SEND_HEARTBEAT {datanodeUUID=a8271a13-8b98-4259-a956-3406fefc9571, command=[]} | ret=SUCCESS |  
2019-08-21 09:15:52,758 | INFO  | SCMAudit | user=jenkins1000 | ip=192.168.34.50 | op=SEND_HEARTBEAT {datanodeUUID=4fc6c8fa-e96e-43c4-8369-e0ca8a7014d6, command=[]} | ret=SUCCESS |  
2019-08-21 09:15:52,913 | INFO  | SCMAudit | user=jenkins1000 | ip=192.168.34.50 | op=SEND_HEARTBEAT {datanodeUUID=5ea20691-5ab9-4695-ab1d-7e722de7481e, command=[]} | ret=SUCCESS |  
2019-08-21 09:15:53,176 | INFO  | SCMAudit | user=jenkins1000 | ip=192.168.34.50 | op=SEND_HEARTBEAT {datanodeUUID=2efe7137-c334-43ac-ad86-ba58d4ed3c70, command=[]} | ret=SUCCESS |  
2019-08-21 09:15:53,322 | INFO  | SCMAudit | user=jenkins1000 | ip=192.168.34.50 | op=SEND_HEARTBEAT {datanodeUUID=328a75f0-8ecf-454d-ac4a-ee464a922ba9, command=[]} | ret=SUCCESS |  
2019-08-21 09:15:53,727 | INFO  | SCMAudit | user=jenkins1000 | ip=192.168.34.50 | op=SEND_HEARTBEAT {datanodeUUID=b216f333-d584-463e-ac29-b520f4cc8032, command=[]} | ret=SUCCESS |  
2019-08-21 09:15:53,731 | INFO  | SCMAudit | user=jenkins1000 | ip=192.168.34.50 | op=SEND_HEARTBEAT {datanodeUUID=d93e8726-51c7-48e5-91db-a9280c3a0547, command=[]} | ret=SUCCESS |  
2019-08-21 09:15:53,739 | INFO  | SCMAudit | user=jenkins1000 | ip=192.168.34.50 | op=SEND_HEARTBEAT {datanodeUUID=a8271a13-8b98-4259-a956-3406fefc9571, command=[]} | ret=SUCCESS |  
2019-08-21 09:15:53,758 | INFO  | SCMAudit | user=jenkins1000 | ip=192.168.34.50 | op=SEND_HEARTBEAT {datanodeUUID=4fc6c8fa-e96e-43c4-8369-e0ca8a7014d6, command=[]} | ret=SUCCESS |  
2019-08-21 09:15:53,913 | INFO  | SCMAudit | user=jenkins1000 | ip=192.168.34.50 | op=SEND_HEARTBEAT {datanodeUUID=5ea20691-5ab9-4695-ab1d-7e722de7481e, command=[]} | ret=SUCCESS |  
2019-08-21 09:15:54,175 | INFO  | SCMAudit | user=jenkins1000 | ip=192.168.34.50 | op=SEND_HEARTBEAT {datanodeUUID=2efe7137-c334-43ac-ad86-ba58d4ed3c70, command=[]} | ret=SUCCESS |  
2019-08-21 09:15:54,321 | INFO  | SCMAudit | user=jenkins1000 | ip=192.168.34.50 | op=SEND_HEARTBEAT {datanodeUUID=328a75f0-8ecf-454d-ac4a-ee464a922ba9, command=[]} | ret=SUCCESS |  
2019-08-21 09:15:54,726 | INFO  | SCMAudit | user=jenkins1000 | ip=192.168.34.50 | op=SEND_HEARTBEAT {datanodeUUID=b216f333-d584-463e-ac29-b520f4cc8032, command=[]} | ret=SUCCESS |  
2019-08-21 09:15:54,731 | INFO  | SCMAudit | user=jenkins1000 | ip=192.168.34.50 | op=SEND_HEARTBEAT {datanodeUUID=d93e8726-51c7-48e5-91db-a9280c3a0547, command=[]} | ret=SUCCESS |  
2019-08-21 09:15:54,739 | INFO  | SCMAudit | user=jenkins1000 | ip=192.168.34.50 | op=SEND_HEARTBEAT {datanodeUUID=a8271a13-8b98-4259-a956-3406fefc9571, command=[]} | ret=SUCCESS |  
2019-08-21 09:15:54,758 | INFO  | SCMAudit | user=jenkins1000 | ip=192.168.34.50 | op=SEND_HEARTBEAT {datanodeUUID=4fc6c8fa-e96e-43c4-8369-e0ca8a7014d6, command=[]} | ret=SUCCESS |  
2019-08-21 09:15:54,914 | INFO  | SCMAudit | user=jenkins1000 | ip=192.168.34.50 | op=SEND_HEARTBEAT {datanodeUUID=5ea20691-5ab9-4695-ab1d-7e722de7481e, command=[]} | ret=SUCCESS |  
2019-08-21 09:15:55,176 | INFO  | SCMAudit | user=jenkins1000 | ip=192.168.34.50 | op=SEND_HEARTBEAT {datanodeUUID=2efe7137-c334-43ac-ad86-ba58d4ed3c70, command=[]} | ret=SUCCESS |  
2019-08-21 09:15:55,321 | INFO  | SCMAudit | user=jenkins1000 | ip=192.168.34.50 | op=SEND_HEARTBEAT {datanodeUUID=328a75f0-8ecf-454d-ac4a-ee464a922ba9, command=[]} | ret=SUCCESS |  
2019-08-21 09:15:55,727 | INFO  | SCMAudit | user=jenkins1000 | ip=192.168.34.50 | op=SEND_HEARTBEAT {datanodeUUID=b216f333-d584-463e-ac29-b520f4cc8032, command=[]} | ret=SUCCESS |  
2019-08-21 09:15:55,731 | INFO  | SCMAudit | user=jenkins1000 | ip=192.168.34.50 | op=SEND_HEARTBEAT {datanodeUUID=d93e8726-51c7-48e5-91db-a9280c3a0547, command=[]} | ret=SUCCESS |  
2019-08-21 09:15:55,739 | INFO  | SCMAudit | user=jenkins1000 | ip=192.168.34.50 | op=SEND_HEARTBEAT {datanodeUUID=a8271a13-8b98-4259-a956-3406fefc9571, command=[]} | ret=SUCCESS |  
2019-08-21 09:15:55,758 | INFO  | SCMAudit | user=jenkins1000 | ip=192.168.34.50 | op=SEND_HEARTBEAT {datanodeUUID=4fc6c8fa-e96e-43c4-8369-e0ca8a7014d6, command=[]} | ret=SUCCESS |  
2019-08-21 09:15:55,913 | INFO  | SCMAudit | user=jenkins1000 | ip=192.168.34.50 | op=SEND_HEARTBEAT {datanodeUUID=5ea20691-5ab9-4695-ab1d-7e722de7481e, command=[]} | ret=SUCCESS |  
2019-08-21 09:15:56,175 | INFO  | SCMAudit | user=jenkins1000 | ip=192.168.34.50 | op=SEND_HEARTBEAT {datanodeUUID=2efe7137-c334-43ac-ad86-ba58d4ed3c70, command=[]} | ret=SUCCESS |  
2019-08-21 09:15:56,322 | INFO  | SCMAudit | user=jenkins1000 | ip=192.168.34.50 | op=SEND_HEARTBEAT {datanodeUUID=328a75f0-8ecf-454d-ac4a-ee464a922ba9, command=[]} | ret=SUCCESS |  
2019-08-21 09:15:56,727 | INFO  | SCMAudit | user=jenkins1000 | ip=192.168.34.50 | op=SEND_HEARTBEAT {datanodeUUID=b216f333-d584-463e-ac29-b520f4cc8032, command=[]} | ret=SUCCESS |  
2019-08-21 09:15:56,732 | INFO  | SCMAudit | user=jenkins1000 | ip=192.168.34.50 | op=SEND_HEARTBEAT {datanodeUUID=d93e8726-51c7-48e5-91db-a9280c3a0547, command=[]} | ret=SUCCESS |  
2019-08-21 09:15:56,739 | INFO  | SCMAudit | user=jenkins1000 | ip=192.168.34.50 | op=SEND_HEARTBEAT {datanodeUUID=a8271a13-8b98-4259-a956-3406fefc9571, command=[]} | ret=SUCCESS |  
2019-08-21 09:15:56,758 | INFO  | SCMAudit | user=jenkins1000 | ip=192.168.34.50 | op=SEND_HEARTBEAT {datanodeUUID=4fc6c8fa-e96e-43c4-8369-e0ca8a7014d6, command=[]} | ret=SUCCESS |  
2019-08-21 09:15:56,914 | INFO  | SCMAudit | user=jenkins1000 | ip=192.168.34.50 | op=SEND_HEARTBEAT {datanodeUUID=5ea20691-5ab9-4695-ab1d-7e722de7481e, command=[]} | ret=SUCCESS |  
2019-08-21 09:15:57,096 [grpc-default-executor-1] INFO  client.GrpcClientProtocolClient (GrpcClientProtocolClient.java:onNext(255)) - client-765D7F86C248->a8271a13-8b98-4259-a956-3406fefc9571: receive RaftClientReply:client-765D7F86C248->a8271a13-8b98-4259-a956-3406fefc9571@group-159FDE3C55F8, cid=45, FAILED org.apache.ratis.protocol.NotLeaderException: Server a8271a13-8b98-4259-a956-3406fefc9571 is not the leader (b216f333-d584-463e-ac29-b520f4cc8032:192.168.34.50:33369). Request must be sent to leader., logIndex=0, commits[a8271a13-8b98-4259-a956-3406fefc9571:c8, 4fc6c8fa-e96e-43c4-8369-e0ca8a7014d6:c8, b216f333-d584-463e-ac29-b520f4cc8032:c8]
2019-08-21 09:15:57,176 | INFO  | SCMAudit | user=jenkins1000 | ip=192.168.34.50 | op=SEND_HEARTBEAT {datanodeUUID=2efe7137-c334-43ac-ad86-ba58d4ed3c70, command=[]} | ret=SUCCESS |  
2019-08-21 09:15:57,322 | INFO  | SCMAudit | user=jenkins1000 | ip=192.168.34.50 | op=SEND_HEARTBEAT {datanodeUUID=328a75f0-8ecf-454d-ac4a-ee464a922ba9, command=[]} | ret=SUCCESS |  
2019-08-21 09:15:57,727 | INFO  | SCMAudit | user=jenkins1000 | ip=192.168.34.50 | op=SEND_HEARTBEAT {datanodeUUID=b216f333-d584-463e-ac29-b520f4cc8032, command=[]} | ret=SUCCESS |  
2019-08-21 09:15:57,732 | INFO  | SCMAudit | user=jenkins1000 | ip=192.168.34.50 | op=SEND_HEARTBEAT {datanodeUUID=d93e8726-51c7-48e5-91db-a9280c3a0547, command=[]} | ret=SUCCESS |  
2019-08-21 09:15:57,739 | INFO  | SCMAudit | user=jenkins1000 | ip=192.168.34.50 | op=SEND_HEARTBEAT {datanodeUUID=a8271a13-8b98-4259-a956-3406fefc9571, command=[]} | ret=SUCCESS |  
2019-08-21 09:15:57,759 | INFO  | SCMAudit | user=jenkins1000 | ip=192.168.34.50 | op=SEND_HEARTBEAT {datanodeUUID=4fc6c8fa-e96e-43c4-8369-e0ca8a7014d6, command=[]} | ret=SUCCESS |  
2019-08-21 09:15:57,914 | INFO  | SCMAudit | user=jenkins1000 | ip=192.168.34.50 | op=SEND_HEARTBEAT {datanodeUUID=5ea20691-5ab9-4695-ab1d-7e722de7481e, command=[]} | ret=SUCCESS |  
2019-08-21 09:15:58,176 | INFO  | SCMAudit | user=jenkins1000 | ip=192.168.34.50 | op=SEND_HEARTBEAT {datanodeUUID=2efe7137-c334-43ac-ad86-ba58d4ed3c70, command=[]} | ret=SUCCESS |  
2019-08-21 09:15:58,323 | INFO  | SCMAudit | user=jenkins1000 | ip=192.168.34.50 | op=SEND_HEARTBEAT {datanodeUUID=328a75f0-8ecf-454d-ac4a-ee464a922ba9, command=[]} | ret=SUCCESS |  
2019-08-21 09:15:58,728 | INFO  | SCMAudit | user=jenkins1000 | ip=192.168.34.50 | op=SEND_HEARTBEAT {datanodeUUID=b216f333-d584-463e-ac29-b520f4cc8032, command=[]} | ret=SUCCESS |  
2019-08-21 09:15:58,731 | INFO  | SCMAudit | user=jenkins1000 | ip=192.168.34.50 | op=SEND_HEARTBEAT {datanodeUUID=d93e8726-51c7-48e5-91db-a9280c3a0547, command=[]} | ret=SUCCESS |  
2019-08-21 09:15:58,740 | INFO  | SCMAudit | user=jenkins1000 | ip=192.168.34.50 | op=SEND_HEARTBEAT {datanodeUUID=a8271a13-8b98-4259-a956-3406fefc9571, command=[]} | ret=SUCCESS |  
2019-08-21 09:15:58,759 | INFO  | SCMAudit | user=jenkins1000 | ip=192.168.34.50 | op=SEND_HEARTBEAT {datanodeUUID=4fc6c8fa-e96e-43c4-8369-e0ca8a7014d6, command=[]} | ret=SUCCESS |  
2019-08-21 09:15:58,915 | INFO  | SCMAudit | user=jenkins1000 | ip=192.168.34.50 | op=SEND_HEARTBEAT {datanodeUUID=5ea20691-5ab9-4695-ab1d-7e722de7481e, command=[]} | ret=SUCCESS |  
2019-08-21 09:15:59,175 | INFO  | SCMAudit | user=jenkins1000 | ip=192.168.34.50 | op=SEND_HEARTBEAT {datanodeUUID=2efe7137-c334-43ac-ad86-ba58d4ed3c70, command=[]} | ret=SUCCESS |  
2019-08-21 09:15:59,321 | INFO  | SCMAudit | user=jenkins1000 | ip=192.168.34.50 | op=SEND_HEARTBEAT {datanodeUUID=328a75f0-8ecf-454d-ac4a-ee464a922ba9, command=[]} | ret=SUCCESS |  
2019-08-21 09:15:59,728 | INFO  | SCMAudit | user=jenkins1000 | ip=192.168.34.50 | op=SEND_HEARTBEAT {datanodeUUID=b216f333-d584-463e-ac29-b520f4cc8032, command=[]} | ret=SUCCESS |  
2019-08-21 09:15:59,731 | INFO  | SCMAudit | user=jenkins1000 | ip=192.168.34.50 | op=SEND_HEARTBEAT {datanodeUUID=d93e8726-51c7-48e5-91db-a9280c3a0547, command=[]} | ret=SUCCESS |  
2019-08-21 09:15:59,740 | INFO  | SCMAudit | user=jenkins1000 | ip=192.168.34.50 | op=SEND_HEARTBEAT {datanodeUUID=a8271a13-8b98-4259-a956-3406fefc9571, command=[]} | ret=SUCCESS |  
2019-08-21 09:15:59,760 | INFO  | SCMAudit | user=jenkins1000 | ip=192.168.34.50 | op=SEND_HEARTBEAT {datanodeUUID=4fc6c8fa-e96e-43c4-8369-e0ca8a7014d6, command=[]} | ret=SUCCESS |  
2019-08-21 09:15:59,914 | INFO  | SCMAudit | user=jenkins1000 | ip=192.168.34.50 | op=SEND_HEARTBEAT {datanodeUUID=5ea20691-5ab9-4695-ab1d-7e722de7481e, command=[]} | ret=SUCCESS |  
2019-08-21 09:16:00,176 | INFO  | SCMAudit | user=jenkins1000 | ip=192.168.34.50 | op=SEND_HEARTBEAT {datanodeUUID=2efe7137-c334-43ac-ad86-ba58d4ed3c70, command=[]} | ret=SUCCESS |  
2019-08-21 09:16:00,322 | INFO  | SCMAudit | user=jenkins1000 | ip=192.168.34.50 | op=SEND_HEARTBEAT {datanodeUUID=328a75f0-8ecf-454d-ac4a-ee464a922ba9, command=[]} | ret=SUCCESS |  
2019-08-21 09:16:00,728 | INFO  | SCMAudit | user=jenkins1000 | ip=192.168.34.50 | op=SEND_HEARTBEAT {datanodeUUID=b216f333-d584-463e-ac29-b520f4cc8032, command=[]} | ret=SUCCESS |  
2019-08-21 09:16:00,732 | INFO  | SCMAudit | user=jenkins1000 | ip=192.168.34.50 | op=SEND_HEARTBEAT {datanodeUUID=d93e8726-51c7-48e5-91db-a9280c3a0547, command=[]} | ret=SUCCESS |  
2019-08-21 09:16:00,740 | INFO  | SCMAudit | user=jenkins1000 | ip=192.168.34.50 | op=SEND_HEARTBEAT {datanodeUUID=a8271a13-8b98-4259-a956-3406fefc9571, command=[]} | ret=SUCCESS |  
2019-08-21 09:16:00,760 | INFO  | SCMAudit | user=jenkins1000 | ip=192.168.34.50 | op=SEND_HEARTBEAT {datanodeUUID=4fc6c8fa-e96e-43c4-8369-e0ca8a7014d6, command=[]} | ret=SUCCESS |  
2019-08-21 09:16:00,914 | INFO  | SCMAudit | user=jenkins1000 | ip=192.168.34.50 | op=SEND_HEARTBEAT {datanodeUUID=5ea20691-5ab9-4695-ab1d-7e722de7481e, command=[]} | ret=SUCCESS |  
2019-08-21 09:16:01,175 | INFO  | SCMAudit | user=jenkins1000 | ip=192.168.34.50 | op=SEND_HEARTBEAT {datanodeUUID=2efe7137-c334-43ac-ad86-ba58d4ed3c70, command=[]} | ret=SUCCESS |  
2019-08-21 09:16:01,321 | INFO  | SCMAudit | user=jenkins1000 | ip=192.168.34.50 | op=SEND_HEARTBEAT {datanodeUUID=328a75f0-8ecf-454d-ac4a-ee464a922ba9, command=[]} | ret=SUCCESS |  
2019-08-21 09:16:01,727 | INFO  | SCMAudit | user=jenkins1000 | ip=192.168.34.50 | op=SEND_HEARTBEAT {datanodeUUID=b216f333-d584-463e-ac29-b520f4cc8032, command=[]} | ret=SUCCESS |  
2019-08-21 09:16:01,731 | INFO  | SCMAudit | user=jenkins1000 | ip=192.168.34.50 | op=SEND_HEARTBEAT {datanodeUUID=d93e8726-51c7-48e5-91db-a9280c3a0547, command=[]} | ret=SUCCESS |  
2019-08-21 09:16:01,740 | INFO  | SCMAudit | user=jenkins1000 | ip=192.168.34.50 | op=SEND_HEARTBEAT {datanodeUUID=a8271a13-8b98-4259-a956-3406fefc9571, command=[]} | ret=SUCCESS |  
2019-08-21 09:16:01,760 | INFO  | SCMAudit | user=jenkins1000 | ip=192.168.34.50 | op=SEND_HEARTBEAT {datanodeUUID=4fc6c8fa-e96e-43c4-8369-e0ca8a7014d6, command=[]} | ret=SUCCESS |  
2019-08-21 09:16:01,915 | INFO  | SCMAudit | user=jenkins1000 | ip=192.168.34.50 | op=SEND_HEARTBEAT {datanodeUUID=5ea20691-5ab9-4695-ab1d-7e722de7481e, command=[]} | ret=SUCCESS |  
2019-08-21 09:16:02,138 [grpc-default-executor-5] INFO  client.GrpcClientProtocolClient (GrpcClientProtocolClient.java:onNext(255)) - client-765D7F86C248->4fc6c8fa-e96e-43c4-8369-e0ca8a7014d6: receive RaftClientReply:client-765D7F86C248->4fc6c8fa-e96e-43c4-8369-e0ca8a7014d6@group-159FDE3C55F8, cid=45, FAILED org.apache.ratis.protocol.NotLeaderException: Server 4fc6c8fa-e96e-43c4-8369-e0ca8a7014d6 is not the leader (b216f333-d584-463e-ac29-b520f4cc8032:192.168.34.50:33369). Request must be sent to leader., logIndex=0, commits[4fc6c8fa-e96e-43c4-8369-e0ca8a7014d6:c8, b216f333-d584-463e-ac29-b520f4cc8032:c8, a8271a13-8b98-4259-a956-3406fefc9571:c8]
2019-08-21 09:16:02,176 | INFO  | SCMAudit | user=jenkins1000 | ip=192.168.34.50 | op=SEND_HEARTBEAT {datanodeUUID=2efe7137-c334-43ac-ad86-ba58d4ed3c70, command=[]} | ret=SUCCESS |  
2019-08-21 09:16:02,321 | INFO  | SCMAudit | user=jenkins1000 | ip=192.168.34.50 | op=SEND_HEARTBEAT {datanodeUUID=328a75f0-8ecf-454d-ac4a-ee464a922ba9, command=[]} | ret=SUCCESS |  
2019-08-21 09:16:02,728 | INFO  | SCMAudit | user=jenkins1000 | ip=192.168.34.50 | op=SEND_HEARTBEAT {datanodeUUID=b216f333-d584-463e-ac29-b520f4cc8032, command=[]} | ret=SUCCESS |  
2019-08-21 09:16:02,731 | INFO  | SCMAudit | user=jenkins1000 | ip=192.168.34.50 | op=SEND_HEARTBEAT {datanodeUUID=d93e8726-51c7-48e5-91db-a9280c3a0547, command=[]} | ret=SUCCESS |  
2019-08-21 09:16:02,740 | INFO  | SCMAudit | user=jenkins1000 | ip=192.168.34.50 | op=SEND_HEARTBEAT {datanodeUUID=a8271a13-8b98-4259-a956-3406fefc9571, command=[]} | ret=SUCCESS |  
2019-08-21 09:16:02,760 | INFO  | SCMAudit | user=jenkins1000 | ip=192.168.34.50 | op=SEND_HEARTBEAT {datanodeUUID=4fc6c8fa-e96e-43c4-8369-e0ca8a7014d6, command=[]} | ret=SUCCESS |  
2019-08-21 09:16:02,915 | INFO  | SCMAudit | user=jenkins1000 | ip=192.168.34.50 | op=SEND_HEARTBEAT {datanodeUUID=5ea20691-5ab9-4695-ab1d-7e722de7481e, command=[]} | ret=SUCCESS |  
2019-08-21 09:16:03,176 | INFO  | SCMAudit | user=jenkins1000 | ip=192.168.34.50 | op=SEND_HEARTBEAT {datanodeUUID=2efe7137-c334-43ac-ad86-ba58d4ed3c70, command=[]} | ret=SUCCESS |  
2019-08-21 09:16:03,322 | INFO  | SCMAudit | user=jenkins1000 | ip=192.168.34.50 | op=SEND_HEARTBEAT {datanodeUUID=328a75f0-8ecf-454d-ac4a-ee464a922ba9, command=[]} | ret=SUCCESS |  
2019-08-21 09:16:03,728 | INFO  | SCMAudit | user=jenkins1000 | ip=192.168.34.50 | op=SEND_HEARTBEAT {datanodeUUID=b216f333-d584-463e-ac29-b520f4cc8032, command=[]} | ret=SUCCESS |  
2019-08-21 09:16:03,731 | INFO  | SCMAudit | user=jenkins1000 | ip=192.168.34.50 | op=SEND_HEARTBEAT {datanodeUUID=d93e8726-51c7-48e5-91db-a9280c3a0547, command=[]} | ret=SUCCESS |  
2019-08-21 09:16:03,740 | INFO  | SCMAudit | user=jenkins1000 | ip=192.168.34.50 | op=SEND_HEARTBEAT {datanodeUUID=a8271a13-8b98-4259-a956-3406fefc9571, command=[]} | ret=SUCCESS |  
2019-08-21 09:16:03,760 | INFO  | SCMAudit | user=jenkins1000 | ip=192.168.34.50 | op=SEND_HEARTBEAT {datanodeUUID=4fc6c8fa-e96e-43c4-8369-e0ca8a7014d6, command=[]} | ret=SUCCESS |  
2019-08-21 09:16:03,916 | INFO  | SCMAudit | user=jenkins1000 | ip=192.168.34.50 | op=SEND_HEARTBEAT {datanodeUUID=5ea20691-5ab9-4695-ab1d-7e722de7481e, command=[]} | ret=SUCCESS |  
2019-08-21 09:16:04,176 | INFO  | SCMAudit | user=jenkins1000 | ip=192.168.34.50 | op=SEND_HEARTBEAT {datanodeUUID=2efe7137-c334-43ac-ad86-ba58d4ed3c70, command=[]} | ret=SUCCESS |  
2019-08-21 09:16:04,321 | INFO  | SCMAudit | user=jenkins1000 | ip=192.168.34.50 | op=SEND_HEARTBEAT {datanodeUUID=328a75f0-8ecf-454d-ac4a-ee464a922ba9, command=[]} | ret=SUCCESS |  
2019-08-21 09:16:04,728 | INFO  | SCMAudit | user=jenkins1000 | ip=192.168.34.50 | op=SEND_HEARTBEAT {datanodeUUID=b216f333-d584-463e-ac29-b520f4cc8032, command=[]} | ret=SUCCESS |  
2019-08-21 09:16:04,731 | INFO  | SCMAudit | user=jenkins1000 | ip=192.168.34.50 | op=SEND_HEARTBEAT {datanodeUUID=d93e8726-51c7-48e5-91db-a9280c3a0547, command=[]} | ret=SUCCESS |  
2019-08-21 09:16:04,741 | INFO  | SCMAudit | user=jenkins1000 | ip=192.168.34.50 | op=SEND_HEARTBEAT {datanodeUUID=a8271a13-8b98-4259-a956-3406fefc9571, command=[]} | ret=SUCCESS |  
2019-08-21 09:16:04,760 | INFO  | SCMAudit | user=jenkins1000 | ip=192.168.34.50 | op=SEND_HEARTBEAT {datanodeUUID=4fc6c8fa-e96e-43c4-8369-e0ca8a7014d6, command=[]} | ret=SUCCESS |  
2019-08-21 09:16:04,915 | INFO  | SCMAudit | user=jenkins1000 | ip=192.168.34.50 | op=SEND_HEARTBEAT {datanodeUUID=5ea20691-5ab9-4695-ab1d-7e722de7481e, command=[]} | ret=SUCCESS |  
2019-08-21 09:16:05,176 | INFO  | SCMAudit | user=jenkins1000 | ip=192.168.34.50 | op=SEND_HEARTBEAT {datanodeUUID=2efe7137-c334-43ac-ad86-ba58d4ed3c70, command=[]} | ret=SUCCESS |  
2019-08-21 09:16:05,322 | INFO  | SCMAudit | user=jenkins1000 | ip=192.168.34.50 | op=SEND_HEARTBEAT {datanodeUUID=328a75f0-8ecf-454d-ac4a-ee464a922ba9, command=[]} | ret=SUCCESS |  
2019-08-21 09:16:05,729 | INFO  | SCMAudit | user=jenkins1000 | ip=192.168.34.50 | op=SEND_HEARTBEAT {datanodeUUID=b216f333-d584-463e-ac29-b520f4cc8032, command=[]} | ret=SUCCESS |  
2019-08-21 09:16:05,732 | INFO  | SCMAudit | user=jenkins1000 | ip=192.168.34.50 | op=SEND_HEARTBEAT {datanodeUUID=d93e8726-51c7-48e5-91db-a9280c3a0547, command=[]} | ret=SUCCESS |  
2019-08-21 09:16:05,741 | INFO  | SCMAudit | user=jenkins1000 | ip=192.168.34.50 | op=SEND_HEARTBEAT {datanodeUUID=a8271a13-8b98-4259-a956-3406fefc9571, command=[]} | ret=SUCCESS |  
2019-08-21 09:16:05,760 | INFO  | SCMAudit | user=jenkins1000 | ip=192.168.34.50 | op=SEND_HEARTBEAT {datanodeUUID=4fc6c8fa-e96e-43c4-8369-e0ca8a7014d6, command=[]} | ret=SUCCESS |  
2019-08-21 09:16:05,915 | INFO  | SCMAudit | user=jenkins1000 | ip=192.168.34.50 | op=SEND_HEARTBEAT {datanodeUUID=5ea20691-5ab9-4695-ab1d-7e722de7481e, command=[]} | ret=SUCCESS |  
2019-08-21 09:16:06,177 | INFO  | SCMAudit | user=jenkins1000 | ip=192.168.34.50 | op=SEND_HEARTBEAT {datanodeUUID=2efe7137-c334-43ac-ad86-ba58d4ed3c70, command=[]} | ret=SUCCESS |  
2019-08-21 09:16:06,321 | INFO  | SCMAudit | user=jenkins1000 | ip=192.168.34.50 | op=SEND_HEARTBEAT {datanodeUUID=328a75f0-8ecf-454d-ac4a-ee464a922ba9, command=[]} | ret=SUCCESS |  
2019-08-21 09:16:06,729 | INFO  | SCMAudit | user=jenkins1000 | ip=192.168.34.50 | op=SEND_HEARTBEAT {datanodeUUID=b216f333-d584-463e-ac29-b520f4cc8032, command=[]} | ret=SUCCESS |  
2019-08-21 09:16:06,732 | INFO  | SCMAudit | user=jenkins1000 | ip=192.168.34.50 | op=SEND_HEARTBEAT {datanodeUUID=d93e8726-51c7-48e5-91db-a9280c3a0547, command=[]} | ret=SUCCESS |  
2019-08-21 09:16:06,741 | INFO  | SCMAudit | user=jenkins1000 | ip=192.168.34.50 | op=SEND_HEARTBEAT {datanodeUUID=a8271a13-8b98-4259-a956-3406fefc9571, command=[]} | ret=SUCCESS |  
2019-08-21 09:16:06,761 | INFO  | SCMAudit | user=jenkins1000 | ip=192.168.34.50 | op=SEND_HEARTBEAT {datanodeUUID=4fc6c8fa-e96e-43c4-8369-e0ca8a7014d6, command=[]} | ret=SUCCESS |  
2019-08-21 09:16:06,916 | INFO  | SCMAudit | user=jenkins1000 | ip=192.168.34.50 | op=SEND_HEARTBEAT {datanodeUUID=5ea20691-5ab9-4695-ab1d-7e722de7481e, command=[]} | ret=SUCCESS |  
2019-08-21 09:16:07,177 | INFO  | SCMAudit | user=jenkins1000 | ip=192.168.34.50 | op=SEND_HEARTBEAT {datanodeUUID=2efe7137-c334-43ac-ad86-ba58d4ed3c70, command=[]} | ret=SUCCESS |  
2019-08-21 09:16:07,186 [grpc-default-executor-5] INFO  client.GrpcClientProtocolClient (GrpcClientProtocolClient.java:onNext(255)) - client-765D7F86C248->4fc6c8fa-e96e-43c4-8369-e0ca8a7014d6: receive RaftClientReply:client-765D7F86C248->4fc6c8fa-e96e-43c4-8369-e0ca8a7014d6@group-159FDE3C55F8, cid=45, FAILED org.apache.ratis.protocol.NotLeaderException: Server 4fc6c8fa-e96e-43c4-8369-e0ca8a7014d6 is not the leader (b216f333-d584-463e-ac29-b520f4cc8032:192.168.34.50:33369). Request must be sent to leader., logIndex=0, commits[4fc6c8fa-e96e-43c4-8369-e0ca8a7014d6:c8, b216f333-d584-463e-ac29-b520f4cc8032:c8, a8271a13-8b98-4259-a956-3406fefc9571:c8]
2019-08-21 09:16:07,322 | INFO  | SCMAudit | user=jenkins1000 | ip=192.168.34.50 | op=SEND_HEARTBEAT {datanodeUUID=328a75f0-8ecf-454d-ac4a-ee464a922ba9, command=[]} | ret=SUCCESS |  
2019-08-21 09:16:07,729 | INFO  | SCMAudit | user=jenkins1000 | ip=192.168.34.50 | op=SEND_HEARTBEAT {datanodeUUID=b216f333-d584-463e-ac29-b520f4cc8032, command=[]} | ret=SUCCESS |  
2019-08-21 09:16:07,732 | INFO  | SCMAudit | user=jenkins1000 | ip=192.168.34.50 | op=SEND_HEARTBEAT {datanodeUUID=d93e8726-51c7-48e5-91db-a9280c3a0547, command=[]} | ret=SUCCESS |  
2019-08-21 09:16:07,741 | INFO  | SCMAudit | user=jenkins1000 | ip=192.168.34.50 | op=SEND_HEARTBEAT {datanodeUUID=a8271a13-8b98-4259-a956-3406fefc9571, command=[]} | ret=SUCCESS |  
2019-08-21 09:16:07,761 | INFO  | SCMAudit | user=jenkins1000 | ip=192.168.34.50 | op=SEND_HEARTBEAT {datanodeUUID=4fc6c8fa-e96e-43c4-8369-e0ca8a7014d6, command=[]} | ret=SUCCESS |  
2019-08-21 09:16:07,916 | INFO  | SCMAudit | user=jenkins1000 | ip=192.168.34.50 | op=SEND_HEARTBEAT {datanodeUUID=5ea20691-5ab9-4695-ab1d-7e722de7481e, command=[]} | ret=SUCCESS |  
2019-08-21 09:16:08,176 | INFO  | SCMAudit | user=jenkins1000 | ip=192.168.34.50 | op=SEND_HEARTBEAT {datanodeUUID=2efe7137-c334-43ac-ad86-ba58d4ed3c70, command=[]} | ret=SUCCESS |  
2019-08-21 09:16:08,322 | INFO  | SCMAudit | user=jenkins1000 | ip=192.168.34.50 | op=SEND_HEARTBEAT {datanodeUUID=328a75f0-8ecf-454d-ac4a-ee464a922ba9, command=[]} | ret=SUCCESS |  
2019-08-21 09:16:08,730 | INFO  | SCMAudit | user=jenkins1000 | ip=192.168.34.50 | op=SEND_HEARTBEAT {datanodeUUID=b216f333-d584-463e-ac29-b520f4cc8032, command=[]} | ret=SUCCESS |  
2019-08-21 09:16:08,732 | INFO  | SCMAudit | user=jenkins1000 | ip=192.168.34.50 | op=SEND_HEARTBEAT {datanodeUUID=d93e8726-51c7-48e5-91db-a9280c3a0547, command=[]} | ret=SUCCESS |  
2019-08-21 09:16:08,742 | INFO  | SCMAudit | user=jenkins1000 | ip=192.168.34.50 | op=SEND_HEARTBEAT {datanodeUUID=a8271a13-8b98-4259-a956-3406fefc9571, command=[]} | ret=SUCCESS |  
2019-08-21 09:16:08,761 | INFO  | SCMAudit | user=jenkins1000 | ip=192.168.34.50 | op=SEND_HEARTBEAT {datanodeUUID=4fc6c8fa-e96e-43c4-8369-e0ca8a7014d6, command=[]} | ret=SUCCESS |  
2019-08-21 09:16:08,916 | INFO  | SCMAudit | user=jenkins1000 | ip=192.168.34.50 | op=SEND_HEARTBEAT {datanodeUUID=5ea20691-5ab9-4695-ab1d-7e722de7481e, command=[]} | ret=SUCCESS |  
2019-08-21 09:16:09,177 | INFO  | SCMAudit | user=jenkins1000 | ip=192.168.34.50 | op=SEND_HEARTBEAT {datanodeUUID=2efe7137-c334-43ac-ad86-ba58d4ed3c70, command=[]} | ret=SUCCESS |  
2019-08-21 09:16:09,322 | INFO  | SCMAudit | user=jenkins1000 | ip=192.168.34.50 | op=SEND_HEARTBEAT {datanodeUUID=328a75f0-8ecf-454d-ac4a-ee464a922ba9, command=[]} | ret=SUCCESS |  
2019-08-21 09:16:09,729 | INFO  | SCMAudit | user=jenkins1000 | ip=192.168.34.50 | op=SEND_HEARTBEAT {datanodeUUID=b216f333-d584-463e-ac29-b520f4cc8032, command=[]} | ret=SUCCESS |  
2019-08-21 09:16:09,732 | INFO  | SCMAudit | user=jenkins1000 | ip=192.168.34.50 | op=SEND_HEARTBEAT {datanodeUUID=d93e8726-51c7-48e5-91db-a9280c3a0547, command=[]} | ret=SUCCESS |  
2019-08-21 09:16:09,742 | INFO  | SCMAudit | user=jenkins1000 | ip=192.168.34.50 | op=SEND_HEARTBEAT {datanodeUUID=a8271a13-8b98-4259-a956-3406fefc9571, command=[]} | ret=SUCCESS |  
2019-08-21 09:16:09,762 | INFO  | SCMAudit | user=jenkins1000 | ip=192.168.34.50 | op=SEND_HEARTBEAT {datanodeUUID=4fc6c8fa-e96e-43c4-8369-e0ca8a7014d6, command=[]} | ret=SUCCESS |  
2019-08-21 09:16:09,916 | INFO  | SCMAudit | user=jenkins1000 | ip=192.168.34.50 | op=SEND_HEARTBEAT {datanodeUUID=5ea20691-5ab9-4695-ab1d-7e722de7481e, command=[]} | ret=SUCCESS |  
2019-08-21 09:16:10,176 | INFO  | SCMAudit | user=jenkins1000 | ip=192.168.34.50 | op=SEND_HEARTBEAT {datanodeUUID=2efe7137-c334-43ac-ad86-ba58d4ed3c70, command=[]} | ret=SUCCESS |  
2019-08-21 09:16:10,323 | INFO  | SCMAudit | user=jenkins1000 | ip=192.168.34.50 | op=SEND_HEARTBEAT {datanodeUUID=328a75f0-8ecf-454d-ac4a-ee464a922ba9, command=[]} | ret=SUCCESS |  
2019-08-21 09:16:10,730 | INFO  | SCMAudit | user=jenkins1000 | ip=192.168.34.50 | op=SEND_HEARTBEAT {datanodeUUID=b216f333-d584-463e-ac29-b520f4cc8032, command=[]} | ret=SUCCESS |  
2019-08-21 09:16:10,732 | INFO  | SCMAudit | user=jenkins1000 | ip=192.168.34.50 | op=SEND_HEARTBEAT {datanodeUUID=d93e8726-51c7-48e5-91db-a9280c3a0547, command=[]} | ret=SUCCESS |  
2019-08-21 09:16:10,742 | INFO  | SCMAudit | user=jenkins1000 | ip=192.168.34.50 | op=SEND_HEARTBEAT {datanodeUUID=a8271a13-8b98-4259-a956-3406fefc9571, command=[]} | ret=SUCCESS |  
2019-08-21 09:16:10,762 | INFO  | SCMAudit | user=jenkins1000 | ip=192.168.34.50 | op=SEND_HEARTBEAT {datanodeUUID=4fc6c8fa-e96e-43c4-8369-e0ca8a7014d6, command=[]} | ret=SUCCESS |  
2019-08-21 09:16:10,916 | INFO  | SCMAudit | user=jenkins1000 | ip=192.168.34.50 | op=SEND_HEARTBEAT {datanodeUUID=5ea20691-5ab9-4695-ab1d-7e722de7481e, command=[]} | ret=SUCCESS |  
2019-08-21 09:16:11,176 | INFO  | SCMAudit | user=jenkins1000 | ip=192.168.34.50 | op=SEND_HEARTBEAT {datanodeUUID=2efe7137-c334-43ac-ad86-ba58d4ed3c70, command=[]} | ret=SUCCESS |  
2019-08-21 09:16:11,323 | INFO  | SCMAudit | user=jenkins1000 | ip=192.168.34.50 | op=SEND_HEARTBEAT {datanodeUUID=328a75f0-8ecf-454d-ac4a-ee464a922ba9, command=[]} | ret=SUCCESS |  
2019-08-21 09:16:11,730 | INFO  | SCMAudit | user=jenkins1000 | ip=192.168.34.50 | op=SEND_HEARTBEAT {datanodeUUID=b216f333-d584-463e-ac29-b520f4cc8032, command=[]} | ret=SUCCESS |  
2019-08-21 09:16:11,732 | INFO  | SCMAudit | user=jenkins1000 | ip=192.168.34.50 | op=SEND_HEARTBEAT {datanodeUUID=d93e8726-51c7-48e5-91db-a9280c3a0547, command=[]} | ret=SUCCESS |  
2019-08-21 09:16:11,742 | INFO  | SCMAudit | user=jenkins1000 | ip=192.168.34.50 | op=SEND_HEARTBEAT {datanodeUUID=a8271a13-8b98-4259-a956-3406fefc9571, command=[]} | ret=SUCCESS |  
2019-08-21 09:16:11,762 | INFO  | SCMAudit | user=jenkins1000 | ip=192.168.34.50 | op=SEND_HEARTBEAT {datanodeUUID=4fc6c8fa-e96e-43c4-8369-e0ca8a7014d6, command=[]} | ret=SUCCESS |  
2019-08-21 09:16:11,916 | INFO  | SCMAudit | user=jenkins1000 | ip=192.168.34.50 | op=SEND_HEARTBEAT {datanodeUUID=5ea20691-5ab9-4695-ab1d-7e722de7481e, command=[]} | ret=SUCCESS |  
2019-08-21 09:16:12,177 | INFO  | SCMAudit | user=jenkins1000 | ip=192.168.34.50 | op=SEND_HEARTBEAT {datanodeUUID=2efe7137-c334-43ac-ad86-ba58d4ed3c70, command=[]} | ret=SUCCESS |  
2019-08-21 09:16:12,225 [grpc-default-executor-1] INFO  client.GrpcClientProtocolClient (GrpcClientProtocolClient.java:onNext(255)) - client-765D7F86C248->4fc6c8fa-e96e-43c4-8369-e0ca8a7014d6: receive RaftClientReply:client-765D7F86C248->4fc6c8fa-e96e-43c4-8369-e0ca8a7014d6@group-159FDE3C55F8, cid=45, FAILED org.apache.ratis.protocol.NotLeaderException: Server 4fc6c8fa-e96e-43c4-8369-e0ca8a7014d6 is not the leader (b216f333-d584-463e-ac29-b520f4cc8032:192.168.34.50:33369). Request must be sent to leader., logIndex=0, commits[4fc6c8fa-e96e-43c4-8369-e0ca8a7014d6:c8, b216f333-d584-463e-ac29-b520f4cc8032:c8, a8271a13-8b98-4259-a956-3406fefc9571:c8]
2019-08-21 09:16:12,322 | INFO  | SCMAudit | user=jenkins1000 | ip=192.168.34.50 | op=SEND_HEARTBEAT {datanodeUUID=328a75f0-8ecf-454d-ac4a-ee464a922ba9, command=[]} | ret=SUCCESS |  
2019-08-21 09:16:12,731 | INFO  | SCMAudit | user=jenkins1000 | ip=192.168.34.50 | op=SEND_HEARTBEAT {datanodeUUID=b216f333-d584-463e-ac29-b520f4cc8032, command=[]} | ret=SUCCESS |  
2019-08-21 09:16:12,732 | INFO  | SCMAudit | user=jenkins1000 | ip=192.168.34.50 | op=SEND_HEARTBEAT {datanodeUUID=d93e8726-51c7-48e5-91db-a9280c3a0547, command=[]} | ret=SUCCESS |  
2019-08-21 09:16:12,742 | INFO  | SCMAudit | user=jenkins1000 | ip=192.168.34.50 | op=SEND_HEARTBEAT {datanodeUUID=a8271a13-8b98-4259-a956-3406fefc9571, command=[]} | ret=SUCCESS |  
2019-08-21 09:16:12,762 | INFO  | SCMAudit | user=jenkins1000 | ip=192.168.34.50 | op=SEND_HEARTBEAT {datanodeUUID=4fc6c8fa-e96e-43c4-8369-e0ca8a7014d6, command=[]} | ret=SUCCESS |  
2019-08-21 09:16:12,917 | INFO  | SCMAudit | user=jenkins1000 | ip=192.168.34.50 | op=SEND_HEARTBEAT {datanodeUUID=5ea20691-5ab9-4695-ab1d-7e722de7481e, command=[]} | ret=SUCCESS |  
2019-08-21 09:16:13,176 | INFO  | SCMAudit | user=jenkins1000 | ip=192.168.34.50 | op=SEND_HEARTBEAT {datanodeUUID=2efe7137-c334-43ac-ad86-ba58d4ed3c70, command=[]} | ret=SUCCESS |  
2019-08-21 09:16:13,322 | INFO  | SCMAudit | user=jenkins1000 | ip=192.168.34.50 | op=SEND_HEARTBEAT {datanodeUUID=328a75f0-8ecf-454d-ac4a-ee464a922ba9, command=[]} | ret=SUCCESS |  
2019-08-21 09:16:13,731 | INFO  | SCMAudit | user=jenkins1000 | ip=192.168.34.50 | op=SEND_HEARTBEAT {datanodeUUID=b216f333-d584-463e-ac29-b520f4cc8032, command=[]} | ret=SUCCESS |  
2019-08-21 09:16:13,732 | INFO  | SCMAudit | user=jenkins1000 | ip=192.168.34.50 | op=SEND_HEARTBEAT {datanodeUUID=d93e8726-51c7-48e5-91db-a9280c3a0547, command=[]} | ret=SUCCESS |  
2019-08-21 09:16:13,741 | INFO  | SCMAudit | user=jenkins1000 | ip=192.168.34.50 | op=SEND_HEARTBEAT {datanodeUUID=a8271a13-8b98-4259-a956-3406fefc9571, command=[]} | ret=SUCCESS |  
2019-08-21 09:16:13,762 | INFO  | SCMAudit | user=jenkins1000 | ip=192.168.34.50 | op=SEND_HEARTBEAT {datanodeUUID=4fc6c8fa-e96e-43c4-8369-e0ca8a7014d6, command=[]} | ret=SUCCESS |  
2019-08-21 09:16:13,916 | INFO  | SCMAudit | user=jenkins1000 | ip=192.168.34.50 | op=SEND_HEARTBEAT {datanodeUUID=5ea20691-5ab9-4695-ab1d-7e722de7481e, command=[]} | ret=SUCCESS |  
2019-08-21 09:16:14,177 | INFO  | SCMAudit | user=jenkins1000 | ip=192.168.34.50 | op=SEND_HEARTBEAT {datanodeUUID=2efe7137-c334-43ac-ad86-ba58d4ed3c70, command=[]} | ret=SUCCESS |  
2019-08-21 09:16:14,323 | INFO  | SCMAudit | user=jenkins1000 | ip=192.168.34.50 | op=SEND_HEARTBEAT {datanodeUUID=328a75f0-8ecf-454d-ac4a-ee464a922ba9, command=[]} | ret=SUCCESS |  
2019-08-21 09:16:14,731 | INFO  | SCMAudit | user=jenkins1000 | ip=192.168.34.50 | op=SEND_HEARTBEAT {datanodeUUID=b216f333-d584-463e-ac29-b520f4cc8032, command=[]} | ret=SUCCESS |  
2019-08-21 09:16:14,732 | INFO  | SCMAudit | user=jenkins1000 | ip=192.168.34.50 | op=SEND_HEARTBEAT {datanodeUUID=d93e8726-51c7-48e5-91db-a9280c3a0547, command=[]} | ret=SUCCESS |  
2019-08-21 09:16:14,741 | INFO  | SCMAudit | user=jenkins1000 | ip=192.168.34.50 | op=SEND_HEARTBEAT {datanodeUUID=a8271a13-8b98-4259-a956-3406fefc9571, command=[]} | ret=SUCCESS |  
2019-08-21 09:16:14,762 | INFO  | SCMAudit | user=jenkins1000 | ip=192.168.34.50 | op=SEND_HEARTBEAT {datanodeUUID=4fc6c8fa-e96e-43c4-8369-e0ca8a7014d6, command=[]} | ret=SUCCESS |  
2019-08-21 09:16:14,917 | INFO  | SCMAudit | user=jenkins1000 | ip=192.168.34.50 | op=SEND_HEARTBEAT {datanodeUUID=5ea20691-5ab9-4695-ab1d-7e722de7481e, command=[]} | ret=SUCCESS |  
2019-08-21 09:16:15,177 | INFO  | SCMAudit | user=jenkins1000 | ip=192.168.34.50 | op=SEND_HEARTBEAT {datanodeUUID=2efe7137-c334-43ac-ad86-ba58d4ed3c70, command=[]} | ret=SUCCESS |  
2019-08-21 09:16:15,322 | INFO  | SCMAudit | user=jenkins1000 | ip=192.168.34.50 | op=SEND_HEARTBEAT {datanodeUUID=328a75f0-8ecf-454d-ac4a-ee464a922ba9, command=[]} | ret=SUCCESS |  
2019-08-21 09:16:15,731 | INFO  | SCMAudit | user=jenkins1000 | ip=192.168.34.50 | op=SEND_HEARTBEAT {datanodeUUID=b216f333-d584-463e-ac29-b520f4cc8032, command=[]} | ret=SUCCESS |  
2019-08-21 09:16:15,732 | INFO  | SCMAudit | user=jenkins1000 | ip=192.168.34.50 | op=SEND_HEARTBEAT {datanodeUUID=d93e8726-51c7-48e5-91db-a9280c3a0547, command=[]} | ret=SUCCESS |  
2019-08-21 09:16:15,741 | INFO  | SCMAudit | user=jenkins1000 | ip=192.168.34.50 | op=SEND_HEARTBEAT {datanodeUUID=a8271a13-8b98-4259-a956-3406fefc9571, command=[]} | ret=SUCCESS |  
2019-08-21 09:16:15,763 | INFO  | SCMAudit | user=jenkins1000 | ip=192.168.34.50 | op=SEND_HEARTBEAT {datanodeUUID=4fc6c8fa-e96e-43c4-8369-e0ca8a7014d6, command=[]} | ret=SUCCESS |  
2019-08-21 09:16:15,917 | INFO  | SCMAudit | user=jenkins1000 | ip=192.168.34.50 | op=SEND_HEARTBEAT {datanodeUUID=5ea20691-5ab9-4695-ab1d-7e722de7481e, command=[]} | ret=SUCCESS |  
2019-08-21 09:16:16,177 | INFO  | SCMAudit | user=jenkins1000 | ip=192.168.34.50 | op=SEND_HEARTBEAT {datanodeUUID=2efe7137-c334-43ac-ad86-ba58d4ed3c70, command=[]} | ret=SUCCESS |  
2019-08-21 09:16:16,322 | INFO  | SCMAudit | user=jenkins1000 | ip=192.168.34.50 | op=SEND_HEARTBEAT {datanodeUUID=328a75f0-8ecf-454d-ac4a-ee464a922ba9, command=[]} | ret=SUCCESS |  
2019-08-21 09:16:16,731 | INFO  | SCMAudit | user=jenkins1000 | ip=192.168.34.50 | op=SEND_HEARTBEAT {datanodeUUID=b216f333-d584-463e-ac29-b520f4cc8032, command=[]} | ret=SUCCESS |  
2019-08-21 09:16:16,732 | INFO  | SCMAudit | user=jenkins1000 | ip=192.168.34.50 | op=SEND_HEARTBEAT {datanodeUUID=d93e8726-51c7-48e5-91db-a9280c3a0547, command=[]} | ret=SUCCESS |  
2019-08-21 09:16:16,741 | INFO  | SCMAudit | user=jenkins1000 | ip=192.168.34.50 | op=SEND_HEARTBEAT {datanodeUUID=a8271a13-8b98-4259-a956-3406fefc9571, command=[]} | ret=SUCCESS |  
2019-08-21 09:16:16,762 | INFO  | SCMAudit | user=jenkins1000 | ip=192.168.34.50 | op=SEND_HEARTBEAT {datanodeUUID=4fc6c8fa-e96e-43c4-8369-e0ca8a7014d6, command=[]} | ret=SUCCESS |  
2019-08-21 09:16:16,917 | INFO  | SCMAudit | user=jenkins1000 | ip=192.168.34.50 | op=SEND_HEARTBEAT {datanodeUUID=5ea20691-5ab9-4695-ab1d-7e722de7481e, command=[]} | ret=SUCCESS |  
2019-08-21 09:16:17,177 | INFO  | SCMAudit | user=jenkins1000 | ip=192.168.34.50 | op=SEND_HEARTBEAT {datanodeUUID=2efe7137-c334-43ac-ad86-ba58d4ed3c70, command=[]} | ret=SUCCESS |  
2019-08-21 09:16:17,267 [grpc-default-executor-1] INFO  client.GrpcClientProtocolClient (GrpcClientProtocolClient.java:onNext(255)) - client-765D7F86C248->4fc6c8fa-e96e-43c4-8369-e0ca8a7014d6: receive RaftClientReply:client-765D7F86C248->4fc6c8fa-e96e-43c4-8369-e0ca8a7014d6@group-159FDE3C55F8, cid=45, FAILED org.apache.ratis.protocol.NotLeaderException: Server 4fc6c8fa-e96e-43c4-8369-e0ca8a7014d6 is not the leader (b216f333-d584-463e-ac29-b520f4cc8032:192.168.34.50:33369). Request must be sent to leader., logIndex=0, commits[4fc6c8fa-e96e-43c4-8369-e0ca8a7014d6:c8, b216f333-d584-463e-ac29-b520f4cc8032:c8, a8271a13-8b98-4259-a956-3406fefc9571:c8]
2019-08-21 09:16:17,323 | INFO  | SCMAudit | user=jenkins1000 | ip=192.168.34.50 | op=SEND_HEARTBEAT {datanodeUUID=328a75f0-8ecf-454d-ac4a-ee464a922ba9, command=[]} | ret=SUCCESS |  
2019-08-21 09:16:17,732 | INFO  | SCMAudit | user=jenkins1000 | ip=192.168.34.50 | op=SEND_HEARTBEAT {datanodeUUID=b216f333-d584-463e-ac29-b520f4cc8032, command=[]} | ret=SUCCESS |  
2019-08-21 09:16:17,732 | INFO  | SCMAudit | user=jenkins1000 | ip=192.168.34.50 | op=SEND_HEARTBEAT {datanodeUUID=d93e8726-51c7-48e5-91db-a9280c3a0547, command=[]} | ret=SUCCESS |  
2019-08-21 09:16:17,741 | INFO  | SCMAudit | user=jenkins1000 | ip=192.168.34.50 | op=SEND_HEARTBEAT {datanodeUUID=a8271a13-8b98-4259-a956-3406fefc9571, command=[]} | ret=SUCCESS |  
2019-08-21 09:16:17,762 | INFO  | SCMAudit | user=jenkins1000 | ip=192.168.34.50 | op=SEND_HEARTBEAT {datanodeUUID=4fc6c8fa-e96e-43c4-8369-e0ca8a7014d6, command=[]} | ret=SUCCESS |  
2019-08-21 09:16:17,917 | INFO  | SCMAudit | user=jenkins1000 | ip=192.168.34.50 | op=SEND_HEARTBEAT {datanodeUUID=5ea20691-5ab9-4695-ab1d-7e722de7481e, command=[]} | ret=SUCCESS |  
2019-08-21 09:16:18,178 | INFO  | SCMAudit | user=jenkins1000 | ip=192.168.34.50 | op=SEND_HEARTBEAT {datanodeUUID=2efe7137-c334-43ac-ad86-ba58d4ed3c70, command=[]} | ret=SUCCESS |  
2019-08-21 09:16:18,323 | INFO  | SCMAudit | user=jenkins1000 | ip=192.168.34.50 | op=SEND_HEARTBEAT {datanodeUUID=328a75f0-8ecf-454d-ac4a-ee464a922ba9, command=[]} | ret=SUCCESS |  
2019-08-21 09:16:18,731 | INFO  | SCMAudit | user=jenkins1000 | ip=192.168.34.50 | op=SEND_HEARTBEAT {datanodeUUID=b216f333-d584-463e-ac29-b520f4cc8032, command=[]} | ret=SUCCESS |  
2019-08-21 09:16:18,732 | INFO  | SCMAudit | user=jenkins1000 | ip=192.168.34.50 | op=SEND_HEARTBEAT {datanodeUUID=d93e8726-51c7-48e5-91db-a9280c3a0547, command=[]} | ret=SUCCESS |  
2019-08-21 09:16:18,741 | INFO  | SCMAudit | user=jenkins1000 | ip=192.168.34.50 | op=SEND_HEARTBEAT {datanodeUUID=a8271a13-8b98-4259-a956-3406fefc9571, command=[]} | ret=SUCCESS |  
2019-08-21 09:16:18,763 | INFO  | SCMAudit | user=jenkins1000 | ip=192.168.34.50 | op=SEND_HEARTBEAT {datanodeUUID=4fc6c8fa-e96e-43c4-8369-e0ca8a7014d6, command=[]} | ret=SUCCESS |  
2019-08-21 09:16:18,917 | INFO  | SCMAudit | user=jenkins1000 | ip=192.168.34.50 | op=SEND_HEARTBEAT {datanodeUUID=5ea20691-5ab9-4695-ab1d-7e722de7481e, command=[]} | ret=SUCCESS |  
2019-08-21 09:16:19,178 | INFO  | SCMAudit | user=jenkins1000 | ip=192.168.34.50 | op=SEND_HEARTBEAT {datanodeUUID=2efe7137-c334-43ac-ad86-ba58d4ed3c70, command=[]} | ret=SUCCESS |  
2019-08-21 09:16:19,323 | INFO  | SCMAudit | user=jenkins1000 | ip=192.168.34.50 | op=SEND_HEARTBEAT {datanodeUUID=328a75f0-8ecf-454d-ac4a-ee464a922ba9, command=[]} | ret=SUCCESS |  
2019-08-21 09:16:19,732 | INFO  | SCMAudit | user=jenkins1000 | ip=192.168.34.50 | op=SEND_HEARTBEAT {datanodeUUID=b216f333-d584-463e-ac29-b520f4cc8032, command=[]} | ret=SUCCESS |  
2019-08-21 09:16:19,732 | INFO  | SCMAudit | user=jenkins1000 | ip=192.168.34.50 | op=SEND_HEARTBEAT {datanodeUUID=d93e8726-51c7-48e5-91db-a9280c3a0547, command=[]} | ret=SUCCESS |  
2019-08-21 09:16:19,741 | INFO  | SCMAudit | user=jenkins1000 | ip=192.168.34.50 | op=SEND_HEARTBEAT {datanodeUUID=a8271a13-8b98-4259-a956-3406fefc9571, command=[]} | ret=SUCCESS |  
2019-08-21 09:16:19,762 | INFO  | SCMAudit | user=jenkins1000 | ip=192.168.34.50 | op=SEND_HEARTBEAT {datanodeUUID=4fc6c8fa-e96e-43c4-8369-e0ca8a7014d6, command=[]} | ret=SUCCESS |  
2019-08-21 09:16:19,918 | INFO  | SCMAudit | user=jenkins1000 | ip=192.168.34.50 | op=SEND_HEARTBEAT {datanodeUUID=5ea20691-5ab9-4695-ab1d-7e722de7481e, command=[]} | ret=SUCCESS |  
2019-08-21 09:16:20,179 | INFO  | SCMAudit | user=jenkins1000 | ip=192.168.34.50 | op=SEND_HEARTBEAT {datanodeUUID=2efe7137-c334-43ac-ad86-ba58d4ed3c70, command=[]} | ret=SUCCESS |  
2019-08-21 09:16:20,322 | INFO  | SCMAudit | user=jenkins1000 | ip=192.168.34.50 | op=SEND_HEARTBEAT {datanodeUUID=328a75f0-8ecf-454d-ac4a-ee464a922ba9, command=[]} | ret=SUCCESS |  
2019-08-21 09:16:20,732 | INFO  | SCMAudit | user=jenkins1000 | ip=192.168.34.50 | op=SEND_HEARTBEAT {datanodeUUID=b216f333-d584-463e-ac29-b520f4cc8032, command=[]} | ret=SUCCESS |  
2019-08-21 09:16:20,732 | INFO  | SCMAudit | user=jenkins1000 | ip=192.168.34.50 | op=SEND_HEARTBEAT {datanodeUUID=d93e8726-51c7-48e5-91db-a9280c3a0547, command=[]} | ret=SUCCESS |  
2019-08-21 09:16:20,741 | INFO  | SCMAudit | user=jenkins1000 | ip=192.168.34.50 | op=SEND_HEARTBEAT {datanodeUUID=a8271a13-8b98-4259-a956-3406fefc9571, command=[]} | ret=SUCCESS |  
2019-08-21 09:16:20,762 | INFO  | SCMAudit | user=jenkins1000 | ip=192.168.34.50 | op=SEND_HEARTBEAT {datanodeUUID=4fc6c8fa-e96e-43c4-8369-e0ca8a7014d6, command=[]} | ret=SUCCESS |  
2019-08-21 09:16:20,918 | INFO  | SCMAudit | user=jenkins1000 | ip=192.168.34.50 | op=SEND_HEARTBEAT {datanodeUUID=5ea20691-5ab9-4695-ab1d-7e722de7481e, command=[]} | ret=SUCCESS |  
2019-08-21 09:16:21,178 | INFO  | SCMAudit | user=jenkins1000 | ip=192.168.34.50 | op=SEND_HEARTBEAT {datanodeUUID=2efe7137-c334-43ac-ad86-ba58d4ed3c70, command=[]} | ret=SUCCESS |  
2019-08-21 09:16:21,322 | INFO  | SCMAudit | user=jenkins1000 | ip=192.168.34.50 | op=SEND_HEARTBEAT {datanodeUUID=328a75f0-8ecf-454d-ac4a-ee464a922ba9, command=[]} | ret=SUCCESS |  
2019-08-21 09:16:21,731 | INFO  | SCMAudit | user=jenkins1000 | ip=192.168.34.50 | op=SEND_HEARTBEAT {datanodeUUID=b216f333-d584-463e-ac29-b520f4cc8032, command=[]} | ret=SUCCESS |  
2019-08-21 09:16:21,732 | INFO  | SCMAudit | user=jenkins1000 | ip=192.168.34.50 | op=SEND_HEARTBEAT {datanodeUUID=d93e8726-51c7-48e5-91db-a9280c3a0547, command=[]} | ret=SUCCESS |  
2019-08-21 09:16:21,741 | INFO  | SCMAudit | user=jenkins1000 | ip=192.168.34.50 | op=SEND_HEARTBEAT {datanodeUUID=a8271a13-8b98-4259-a956-3406fefc9571, command=[]} | ret=SUCCESS |  
2019-08-21 09:16:21,762 | INFO  | SCMAudit | user=jenkins1000 | ip=192.168.34.50 | op=SEND_HEARTBEAT {datanodeUUID=4fc6c8fa-e96e-43c4-8369-e0ca8a7014d6, command=[]} | ret=SUCCESS |  
2019-08-21 09:16:21,918 | INFO  | SCMAudit | user=jenkins1000 | ip=192.168.34.50 | op=SEND_HEARTBEAT {datanodeUUID=5ea20691-5ab9-4695-ab1d-7e722de7481e, command=[]} | ret=SUCCESS |  
2019-08-21 09:16:22,179 | INFO  | SCMAudit | user=jenkins1000 | ip=192.168.34.50 | op=SEND_HEARTBEAT {datanodeUUID=2efe7137-c334-43ac-ad86-ba58d4ed3c70, command=[]} | ret=SUCCESS |  
2019-08-21 09:16:22,311 [grpc-default-executor-1] INFO  client.GrpcClientProtocolClient (GrpcClientProtocolClient.java:onNext(255)) - client-765D7F86C248->a8271a13-8b98-4259-a956-3406fefc9571: receive RaftClientReply:client-765D7F86C248->a8271a13-8b98-4259-a956-3406fefc9571@group-159FDE3C55F8, cid=45, FAILED org.apache.ratis.protocol.NotLeaderException: Server a8271a13-8b98-4259-a956-3406fefc9571 is not the leader (b216f333-d584-463e-ac29-b520f4cc8032:192.168.34.50:33369). Request must be sent to leader., logIndex=0, commits[a8271a13-8b98-4259-a956-3406fefc9571:c8, 4fc6c8fa-e96e-43c4-8369-e0ca8a7014d6:c8, b216f333-d584-463e-ac29-b520f4cc8032:c8]
2019-08-21 09:16:22,322 | INFO  | SCMAudit | user=jenkins1000 | ip=192.168.34.50 | op=SEND_HEARTBEAT {datanodeUUID=328a75f0-8ecf-454d-ac4a-ee464a922ba9, command=[]} | ret=SUCCESS |  
2019-08-21 09:16:22,731 | INFO  | SCMAudit | user=jenkins1000 | ip=192.168.34.50 | op=SEND_HEARTBEAT {datanodeUUID=b216f333-d584-463e-ac29-b520f4cc8032, command=[]} | ret=SUCCESS |  
2019-08-21 09:16:22,732 | INFO  | SCMAudit | user=jenkins1000 | ip=192.168.34.50 | op=SEND_HEARTBEAT {datanodeUUID=d93e8726-51c7-48e5-91db-a9280c3a0547, command=[]} | ret=SUCCESS |  
2019-08-21 09:16:22,742 | INFO  | SCMAudit | user=jenkins1000 | ip=192.168.34.50 | op=SEND_HEARTBEAT {datanodeUUID=a8271a13-8b98-4259-a956-3406fefc9571, command=[]} | ret=SUCCESS |  
2019-08-21 09:16:22,762 | INFO  | SCMAudit | user=jenkins1000 | ip=192.168.34.50 | op=SEND_HEARTBEAT {datanodeUUID=4fc6c8fa-e96e-43c4-8369-e0ca8a7014d6, command=[]} | ret=SUCCESS |  
2019-08-21 09:16:22,918 | INFO  | SCMAudit | user=jenkins1000 | ip=192.168.34.50 | op=SEND_HEARTBEAT {datanodeUUID=5ea20691-5ab9-4695-ab1d-7e722de7481e, command=[]} | ret=SUCCESS |  
2019-08-21 09:16:23,179 | INFO  | SCMAudit | user=jenkins1000 | ip=192.168.34.50 | op=SEND_HEARTBEAT {datanodeUUID=2efe7137-c334-43ac-ad86-ba58d4ed3c70, command=[]} | ret=SUCCESS |  
2019-08-21 09:16:23,327 | INFO  | SCMAudit | user=jenkins1000 | ip=192.168.34.50 | op=SEND_HEARTBEAT {datanodeUUID=328a75f0-8ecf-454d-ac4a-ee464a922ba9, command=[]} | ret=SUCCESS |  
2019-08-21 09:16:23,731 | INFO  | SCMAudit | user=jenkins1000 | ip=192.168.34.50 | op=SEND_HEARTBEAT {datanodeUUID=b216f333-d584-463e-ac29-b520f4cc8032, command=[]} | ret=SUCCESS |  
2019-08-21 09:16:23,733 | INFO  | SCMAudit | user=jenkins1000 | ip=192.168.34.50 | op=SEND_HEARTBEAT {datanodeUUID=d93e8726-51c7-48e5-91db-a9280c3a0547, command=[]} | ret=SUCCESS |  
2019-08-21 09:16:23,742 | INFO  | SCMAudit | user=jenkins1000 | ip=192.168.34.50 | op=SEND_HEARTBEAT {datanodeUUID=a8271a13-8b98-4259-a956-3406fefc9571, command=[]} | ret=SUCCESS |  
2019-08-21 09:16:23,762 | INFO  | SCMAudit | user=jenkins1000 | ip=192.168.34.50 | op=SEND_HEARTBEAT {datanodeUUID=4fc6c8fa-e96e-43c4-8369-e0ca8a7014d6, command=[]} | ret=SUCCESS |  
2019-08-21 09:16:23,918 | INFO  | SCMAudit | user=jenkins1000 | ip=192.168.34.50 | op=SEND_HEARTBEAT {datanodeUUID=5ea20691-5ab9-4695-ab1d-7e722de7481e, command=[]} | ret=SUCCESS |  
2019-08-21 09:16:24,178 | INFO  | SCMAudit | user=jenkins1000 | ip=192.168.34.50 | op=SEND_HEARTBEAT {datanodeUUID=2efe7137-c334-43ac-ad86-ba58d4ed3c70, command=[]} | ret=SUCCESS |  
2019-08-21 09:16:24,331 | INFO  | SCMAudit | user=jenkins1000 | ip=192.168.34.50 | op=SEND_HEARTBEAT {datanodeUUID=328a75f0-8ecf-454d-ac4a-ee464a922ba9, command=[]} | ret=SUCCESS |  
2019-08-21 09:16:24,732 | INFO  | SCMAudit | user=jenkins1000 | ip=192.168.34.50 | op=SEND_HEARTBEAT {datanodeUUID=b216f333-d584-463e-ac29-b520f4cc8032, command=[]} | ret=SUCCESS |  
2019-08-21 09:16:24,734 | INFO  | SCMAudit | user=jenkins1000 | ip=192.168.34.50 | op=SEND_HEARTBEAT {datanodeUUID=d93e8726-51c7-48e5-91db-a9280c3a0547, command=[]} | ret=SUCCESS |  
2019-08-21 09:16:24,743 | INFO  | SCMAudit | user=jenkins1000 | ip=192.168.34.50 | op=SEND_HEARTBEAT {datanodeUUID=a8271a13-8b98-4259-a956-3406fefc9571, command=[]} | ret=SUCCESS |  
2019-08-21 09:16:24,762 | INFO  | SCMAudit | user=jenkins1000 | ip=192.168.34.50 | op=SEND_HEARTBEAT {datanodeUUID=4fc6c8fa-e96e-43c4-8369-e0ca8a7014d6, command=[]} | ret=SUCCESS |  
2019-08-21 09:16:24,917 | INFO  | SCMAudit | user=jenkins1000 | ip=192.168.34.50 | op=SEND_HEARTBEAT {datanodeUUID=5ea20691-5ab9-4695-ab1d-7e722de7481e, command=[]} | ret=SUCCESS |  
2019-08-21 09:16:25,179 | INFO  | SCMAudit | user=jenkins1000 | ip=192.168.34.50 | op=SEND_HEARTBEAT {datanodeUUID=2efe7137-c334-43ac-ad86-ba58d4ed3c70, command=[]} | ret=SUCCESS |  
2019-08-21 09:16:25,330 | INFO  | SCMAudit | user=jenkins1000 | ip=192.168.34.50 | op=SEND_HEARTBEAT {datanodeUUID=328a75f0-8ecf-454d-ac4a-ee464a922ba9, command=[]} | ret=SUCCESS |  
2019-08-21 09:16:25,731 | INFO  | SCMAudit | user=jenkins1000 | ip=192.168.34.50 | op=SEND_HEARTBEAT {datanodeUUID=b216f333-d584-463e-ac29-b520f4cc8032, command=[]} | ret=SUCCESS |  
2019-08-21 09:16:25,734 | INFO  | SCMAudit | user=jenkins1000 | ip=192.168.34.50 | op=SEND_HEARTBEAT {datanodeUUID=d93e8726-51c7-48e5-91db-a9280c3a0547, command=[]} | ret=SUCCESS |  
2019-08-21 09:16:25,743 | INFO  | SCMAudit | user=jenkins1000 | ip=192.168.34.50 | op=SEND_HEARTBEAT {datanodeUUID=a8271a13-8b98-4259-a956-3406fefc9571, command=[]} | ret=SUCCESS |  
2019-08-21 09:16:25,762 | INFO  | SCMAudit | user=jenkins1000 | ip=192.168.34.50 | op=SEND_HEARTBEAT {datanodeUUID=4fc6c8fa-e96e-43c4-8369-e0ca8a7014d6, command=[]} | ret=SUCCESS |  
2019-08-21 09:16:25,917 | INFO  | SCMAudit | user=jenkins1000 | ip=192.168.34.50 | op=SEND_HEARTBEAT {datanodeUUID=5ea20691-5ab9-4695-ab1d-7e722de7481e, command=[]} | ret=SUCCESS |  
2019-08-21 09:16:26,178 | INFO  | SCMAudit | user=jenkins1000 | ip=192.168.34.50 | op=SEND_HEARTBEAT {datanodeUUID=2efe7137-c334-43ac-ad86-ba58d4ed3c70, command=[]} | ret=SUCCESS |  
2019-08-21 09:16:26,330 | INFO  | SCMAudit | user=jenkins1000 | ip=192.168.34.50 | op=SEND_HEARTBEAT {datanodeUUID=328a75f0-8ecf-454d-ac4a-ee464a922ba9, command=[]} | ret=SUCCESS |  
2019-08-21 09:16:26,731 | INFO  | SCMAudit | user=jenkins1000 | ip=192.168.34.50 | op=SEND_HEARTBEAT {datanodeUUID=b216f333-d584-463e-ac29-b520f4cc8032, command=[]} | ret=SUCCESS |  
2019-08-21 09:16:26,734 | INFO  | SCMAudit | user=jenkins1000 | ip=192.168.34.50 | op=SEND_HEARTBEAT {datanodeUUID=d93e8726-51c7-48e5-91db-a9280c3a0547, command=[]} | ret=SUCCESS |  
2019-08-21 09:16:26,744 | INFO  | SCMAudit | user=jenkins1000 | ip=192.168.34.50 | op=SEND_HEARTBEAT {datanodeUUID=a8271a13-8b98-4259-a956-3406fefc9571, command=[]} | ret=SUCCESS |  
2019-08-21 09:16:26,762 | INFO  | SCMAudit | user=jenkins1000 | ip=192.168.34.50 | op=SEND_HEARTBEAT {datanodeUUID=4fc6c8fa-e96e-43c4-8369-e0ca8a7014d6, command=[]} | ret=SUCCESS |  
2019-08-21 09:16:26,917 | INFO  | SCMAudit | user=jenkins1000 | ip=192.168.34.50 | op=SEND_HEARTBEAT {datanodeUUID=5ea20691-5ab9-4695-ab1d-7e722de7481e, command=[]} | ret=SUCCESS |  
2019-08-21 09:16:27,178 | INFO  | SCMAudit | user=jenkins1000 | ip=192.168.34.50 | op=SEND_HEARTBEAT {datanodeUUID=2efe7137-c334-43ac-ad86-ba58d4ed3c70, command=[]} | ret=SUCCESS |  
2019-08-21 09:16:27,331 | INFO  | SCMAudit | user=jenkins1000 | ip=192.168.34.50 | op=SEND_HEARTBEAT {datanodeUUID=328a75f0-8ecf-454d-ac4a-ee464a922ba9, command=[]} | ret=SUCCESS |  
2019-08-21 09:16:27,371 [grpc-default-executor-5] INFO  client.GrpcClientProtocolClient (GrpcClientProtocolClient.java:onNext(255)) - client-765D7F86C248->a8271a13-8b98-4259-a956-3406fefc9571: receive RaftClientReply:client-765D7F86C248->a8271a13-8b98-4259-a956-3406fefc9571@group-159FDE3C55F8, cid=45, FAILED org.apache.ratis.protocol.NotLeaderException: Server a8271a13-8b98-4259-a956-3406fefc9571 is not the leader (b216f333-d584-463e-ac29-b520f4cc8032:192.168.34.50:33369). Request must be sent to leader., logIndex=0, commits[a8271a13-8b98-4259-a956-3406fefc9571:c8, 4fc6c8fa-e96e-43c4-8369-e0ca8a7014d6:c8, b216f333-d584-463e-ac29-b520f4cc8032:c8]
2019-08-21 09:16:27,732 | INFO  | SCMAudit | user=jenkins1000 | ip=192.168.34.50 | op=SEND_HEARTBEAT {datanodeUUID=b216f333-d584-463e-ac29-b520f4cc8032, command=[]} | ret=SUCCESS |  
2019-08-21 09:16:27,734 | INFO  | SCMAudit | user=jenkins1000 | ip=192.168.34.50 | op=SEND_HEARTBEAT {datanodeUUID=d93e8726-51c7-48e5-91db-a9280c3a0547, command=[]} | ret=SUCCESS |  
2019-08-21 09:16:27,743 | INFO  | SCMAudit | user=jenkins1000 | ip=192.168.34.50 | op=SEND_HEARTBEAT {datanodeUUID=a8271a13-8b98-4259-a956-3406fefc9571, command=[]} | ret=SUCCESS |  
2019-08-21 09:16:27,762 | INFO  | SCMAudit | user=jenkins1000 | ip=192.168.34.50 | op=SEND_HEARTBEAT {datanodeUUID=4fc6c8fa-e96e-43c4-8369-e0ca8a7014d6, command=[]} | ret=SUCCESS |  
2019-08-21 09:16:27,917 | INFO  | SCMAudit | user=jenkins1000 | ip=192.168.34.50 | op=SEND_HEARTBEAT {datanodeUUID=5ea20691-5ab9-4695-ab1d-7e722de7481e, command=[]} | ret=SUCCESS |  
2019-08-21 09:16:28,179 | INFO  | SCMAudit | user=jenkins1000 | ip=192.168.34.50 | op=SEND_HEARTBEAT {datanodeUUID=2efe7137-c334-43ac-ad86-ba58d4ed3c70, command=[]} | ret=SUCCESS |  
2019-08-21 09:16:28,331 | INFO  | SCMAudit | user=jenkins1000 | ip=192.168.34.50 | op=SEND_HEARTBEAT {datanodeUUID=328a75f0-8ecf-454d-ac4a-ee464a922ba9, command=[]} | ret=SUCCESS |  
2019-08-21 09:16:28,732 | INFO  | SCMAudit | user=jenkins1000 | ip=192.168.34.50 | op=SEND_HEARTBEAT {datanodeUUID=b216f333-d584-463e-ac29-b520f4cc8032, command=[]} | ret=SUCCESS |  
2019-08-21 09:16:28,734 | INFO  | SCMAudit | user=jenkins1000 | ip=192.168.34.50 | op=SEND_HEARTBEAT {datanodeUUID=d93e8726-51c7-48e5-91db-a9280c3a0547, command=[]} | ret=SUCCESS |  
2019-08-21 09:16:28,744 | INFO  | SCMAudit | user=jenkins1000 | ip=192.168.34.50 | op=SEND_HEARTBEAT {datanodeUUID=a8271a13-8b98-4259-a956-3406fefc9571, command=[]} | ret=SUCCESS |  
2019-08-21 09:16:28,763 | INFO  | SCMAudit | user=jenkins1000 | ip=192.168.34.50 | op=SEND_HEARTBEAT {datanodeUUID=4fc6c8fa-e96e-43c4-8369-e0ca8a7014d6, command=[]} | ret=SUCCESS |  
2019-08-21 09:16:28,918 | INFO  | SCMAudit | user=jenkins1000 | ip=192.168.34.50 | op=SEND_HEARTBEAT {datanodeUUID=5ea20691-5ab9-4695-ab1d-7e722de7481e, command=[]} | ret=SUCCESS |  
2019-08-21 09:16:29,179 | INFO  | SCMAudit | user=jenkins1000 | ip=192.168.34.50 | op=SEND_HEARTBEAT {datanodeUUID=2efe7137-c334-43ac-ad86-ba58d4ed3c70, command=[]} | ret=SUCCESS |  
2019-08-21 09:16:29,331 | INFO  | SCMAudit | user=jenkins1000 | ip=192.168.34.50 | op=SEND_HEARTBEAT {datanodeUUID=328a75f0-8ecf-454d-ac4a-ee464a922ba9, command=[]} | ret=SUCCESS |  
2019-08-21 09:16:29,732 | INFO  | SCMAudit | user=jenkins1000 | ip=192.168.34.50 | op=SEND_HEARTBEAT {datanodeUUID=b216f333-d584-463e-ac29-b520f4cc8032, command=[]} | ret=SUCCESS |  
2019-08-21 09:16:29,735 | INFO  | SCMAudit | user=jenkins1000 | ip=192.168.34.50 | op=SEND_HEARTBEAT {datanodeUUID=d93e8726-51c7-48e5-91db-a9280c3a0547, command=[]} | ret=SUCCESS |  
2019-08-21 09:16:29,744 | INFO  | SCMAudit | user=jenkins1000 | ip=192.168.34.50 | op=SEND_HEARTBEAT {datanodeUUID=a8271a13-8b98-4259-a956-3406fefc9571, command=[]} | ret=SUCCESS |  
2019-08-21 09:16:29,762 | INFO  | SCMAudit | user=jenkins1000 | ip=192.168.34.50 | op=SEND_HEARTBEAT {datanodeUUID=4fc6c8fa-e96e-43c4-8369-e0ca8a7014d6, command=[]} | ret=SUCCESS |  
2019-08-21 09:16:29,918 | INFO  | SCMAudit | user=jenkins1000 | ip=192.168.34.50 | op=SEND_HEARTBEAT {datanodeUUID=5ea20691-5ab9-4695-ab1d-7e722de7481e, command=[]} | ret=SUCCESS |  
2019-08-21 09:16:30,179 | INFO  | SCMAudit | user=jenkins1000 | ip=192.168.34.50 | op=SEND_HEARTBEAT {datanodeUUID=2efe7137-c334-43ac-ad86-ba58d4ed3c70, command=[]} | ret=SUCCESS |  
2019-08-21 09:16:30,331 | INFO  | SCMAudit | user=jenkins1000 | ip=192.168.34.50 | op=SEND_HEARTBEAT {datanodeUUID=328a75f0-8ecf-454d-ac4a-ee464a922ba9, command=[]} | ret=SUCCESS |  
2019-08-21 09:16:30,732 | INFO  | SCMAudit | user=jenkins1000 | ip=192.168.34.50 | op=SEND_HEARTBEAT {datanodeUUID=b216f333-d584-463e-ac29-b520f4cc8032, command=[]} | ret=SUCCESS |  
2019-08-21 09:16:30,736 | INFO  | SCMAudit | user=jenkins1000 | ip=192.168.34.50 | op=SEND_HEARTBEAT {datanodeUUID=d93e8726-51c7-48e5-91db-a9280c3a0547, command=[]} | ret=SUCCESS |  
2019-08-21 09:16:30,744 | INFO  | SCMAudit | user=jenkins1000 | ip=192.168.34.50 | op=SEND_HEARTBEAT {datanodeUUID=a8271a13-8b98-4259-a956-3406fefc9571, command=[]} | ret=SUCCESS |  
2019-08-21 09:16:30,762 | INFO  | SCMAudit | user=jenkins1000 | ip=192.168.34.50 | op=SEND_HEARTBEAT {datanodeUUID=4fc6c8fa-e96e-43c4-8369-e0ca8a7014d6, command=[]} | ret=SUCCESS |  
2019-08-21 09:16:30,918 | INFO  | SCMAudit | user=jenkins1000 | ip=192.168.34.50 | op=SEND_HEARTBEAT {datanodeUUID=5ea20691-5ab9-4695-ab1d-7e722de7481e, command=[]} | ret=SUCCESS |  
2019-08-21 09:16:31,179 | INFO  | SCMAudit | user=jenkins1000 | ip=192.168.34.50 | op=SEND_HEARTBEAT {datanodeUUID=2efe7137-c334-43ac-ad86-ba58d4ed3c70, command=[]} | ret=SUCCESS |  
2019-08-21 09:16:31,332 | INFO  | SCMAudit | user=jenkins1000 | ip=192.168.34.50 | op=SEND_HEARTBEAT {datanodeUUID=328a75f0-8ecf-454d-ac4a-ee464a922ba9, command=[]} | ret=SUCCESS |  
2019-08-21 09:16:31,731 | INFO  | SCMAudit | user=jenkins1000 | ip=192.168.34.50 | op=SEND_HEARTBEAT {datanodeUUID=b216f333-d584-463e-ac29-b520f4cc8032, command=[]} | ret=SUCCESS |  
2019-08-21 09:16:31,736 | INFO  | SCMAudit | user=jenkins1000 | ip=192.168.34.50 | op=SEND_HEARTBEAT {datanodeUUID=d93e8726-51c7-48e5-91db-a9280c3a0547, command=[]} | ret=SUCCESS |  
2019-08-21 09:16:31,745 | INFO  | SCMAudit | user=jenkins1000 | ip=192.168.34.50 | op=SEND_HEARTBEAT {datanodeUUID=a8271a13-8b98-4259-a956-3406fefc9571, command=[]} | ret=SUCCESS |  
2019-08-21 09:16:31,762 | INFO  | SCMAudit | user=jenkins1000 | ip=192.168.34.50 | op=SEND_HEARTBEAT {datanodeUUID=4fc6c8fa-e96e-43c4-8369-e0ca8a7014d6, command=[]} | ret=SUCCESS |  
2019-08-21 09:16:31,918 | INFO  | SCMAudit | user=jenkins1000 | ip=192.168.34.50 | op=SEND_HEARTBEAT {datanodeUUID=5ea20691-5ab9-4695-ab1d-7e722de7481e, command=[]} | ret=SUCCESS |  
2019-08-21 09:16:32,179 | INFO  | SCMAudit | user=jenkins1000 | ip=192.168.34.50 | op=SEND_HEARTBEAT {datanodeUUID=2efe7137-c334-43ac-ad86-ba58d4ed3c70, command=[]} | ret=SUCCESS |  
2019-08-21 09:16:32,332 | INFO  | SCMAudit | user=jenkins1000 | ip=192.168.34.50 | op=SEND_HEARTBEAT {datanodeUUID=328a75f0-8ecf-454d-ac4a-ee464a922ba9, command=[]} | ret=SUCCESS |  
2019-08-21 09:16:32,424 [grpc-default-executor-5] INFO  client.GrpcClientProtocolClient (GrpcClientProtocolClient.java:onNext(255)) - client-765D7F86C248->a8271a13-8b98-4259-a956-3406fefc9571: receive RaftClientReply:client-765D7F86C248->a8271a13-8b98-4259-a956-3406fefc9571@group-159FDE3C55F8, cid=45, FAILED org.apache.ratis.protocol.NotLeaderException: Server a8271a13-8b98-4259-a956-3406fefc9571 is not the leader (b216f333-d584-463e-ac29-b520f4cc8032:192.168.34.50:33369). Request must be sent to leader., logIndex=0, commits[a8271a13-8b98-4259-a956-3406fefc9571:c8, 4fc6c8fa-e96e-43c4-8369-e0ca8a7014d6:c8, b216f333-d584-463e-ac29-b520f4cc8032:c8]
2019-08-21 09:16:32,733 | INFO  | SCMAudit | user=jenkins1000 | ip=192.168.34.50 | op=SEND_HEARTBEAT {datanodeUUID=b216f333-d584-463e-ac29-b520f4cc8032, command=[]} | ret=SUCCESS |  
2019-08-21 09:16:32,736 | INFO  | SCMAudit | user=jenkins1000 | ip=192.168.34.50 | op=SEND_HEARTBEAT {datanodeUUID=d93e8726-51c7-48e5-91db-a9280c3a0547, command=[]} | ret=SUCCESS |  
2019-08-21 09:16:32,745 | INFO  | SCMAudit | user=jenkins1000 | ip=192.168.34.50 | op=SEND_HEARTBEAT {datanodeUUID=a8271a13-8b98-4259-a956-3406fefc9571, command=[]} | ret=SUCCESS |  
2019-08-21 09:16:32,762 | INFO  | SCMAudit | user=jenkins1000 | ip=192.168.34.50 | op=SEND_HEARTBEAT {datanodeUUID=4fc6c8fa-e96e-43c4-8369-e0ca8a7014d6, command=[]} | ret=SUCCESS |  
2019-08-21 09:16:32,918 | INFO  | SCMAudit | user=jenkins1000 | ip=192.168.34.50 | op=SEND_HEARTBEAT {datanodeUUID=5ea20691-5ab9-4695-ab1d-7e722de7481e, command=[]} | ret=SUCCESS |  
2019-08-21 09:16:33,180 | INFO  | SCMAudit | user=jenkins1000 | ip=192.168.34.50 | op=SEND_HEARTBEAT {datanodeUUID=2efe7137-c334-43ac-ad86-ba58d4ed3c70, command=[]} | ret=SUCCESS |  
2019-08-21 09:16:33,332 | INFO  | SCMAudit | user=jenkins1000 | ip=192.168.34.50 | op=SEND_HEARTBEAT {datanodeUUID=328a75f0-8ecf-454d-ac4a-ee464a922ba9, command=[]} | ret=SUCCESS |  
2019-08-21 09:16:33,732 | INFO  | SCMAudit | user=jenkins1000 | ip=192.168.34.50 | op=SEND_HEARTBEAT {datanodeUUID=b216f333-d584-463e-ac29-b520f4cc8032, command=[]} | ret=SUCCESS |  
2019-08-21 09:16:33,737 | INFO  | SCMAudit | user=jenkins1000 | ip=192.168.34.50 | op=SEND_HEARTBEAT {datanodeUUID=d93e8726-51c7-48e5-91db-a9280c3a0547, command=[]} | ret=SUCCESS |  
2019-08-21 09:16:33,745 | INFO  | SCMAudit | user=jenkins1000 | ip=192.168.34.50 | op=SEND_HEARTBEAT {datanodeUUID=a8271a13-8b98-4259-a956-3406fefc9571, command=[]} | ret=SUCCESS |  
2019-08-21 09:16:33,762 | INFO  | SCMAudit | user=jenkins1000 | ip=192.168.34.50 | op=SEND_HEARTBEAT {datanodeUUID=4fc6c8fa-e96e-43c4-8369-e0ca8a7014d6, command=[]} | ret=SUCCESS |  
2019-08-21 09:16:33,918 | INFO  | SCMAudit | user=jenkins1000 | ip=192.168.34.50 | op=SEND_HEARTBEAT {datanodeUUID=5ea20691-5ab9-4695-ab1d-7e722de7481e, command=[]} | ret=SUCCESS |  
2019-08-21 09:16:34,180 | INFO  | SCMAudit | user=jenkins1000 | ip=192.168.34.50 | op=SEND_HEARTBEAT {datanodeUUID=2efe7137-c334-43ac-ad86-ba58d4ed3c70, command=[]} | ret=SUCCESS |  
2019-08-21 09:16:34,332 | INFO  | SCMAudit | user=jenkins1000 | ip=192.168.34.50 | op=SEND_HEARTBEAT {datanodeUUID=328a75f0-8ecf-454d-ac4a-ee464a922ba9, command=[]} | ret=SUCCESS |  
2019-08-21 09:16:34,732 | INFO  | SCMAudit | user=jenkins1000 | ip=192.168.34.50 | op=SEND_HEARTBEAT {datanodeUUID=b216f333-d584-463e-ac29-b520f4cc8032, command=[]} | ret=SUCCESS |  
2019-08-21 09:16:34,736 | INFO  | SCMAudit | user=jenkins1000 | ip=192.168.34.50 | op=SEND_HEARTBEAT {datanodeUUID=d93e8726-51c7-48e5-91db-a9280c3a0547, command=[]} | ret=SUCCESS |  
2019-08-21 09:16:34,746 | INFO  | SCMAudit | user=jenkins1000 | ip=192.168.34.50 | op=SEND_HEARTBEAT {datanodeUUID=a8271a13-8b98-4259-a956-3406fefc9571, command=[]} | ret=SUCCESS |  
2019-08-21 09:16:34,762 | INFO  | SCMAudit | user=jenkins1000 | ip=192.168.34.50 | op=SEND_HEARTBEAT {datanodeUUID=4fc6c8fa-e96e-43c4-8369-e0ca8a7014d6, command=[]} | ret=SUCCESS |  
2019-08-21 09:16:34,919 | INFO  | SCMAudit | user=jenkins1000 | ip=192.168.34.50 | op=SEND_HEARTBEAT {datanodeUUID=5ea20691-5ab9-4695-ab1d-7e722de7481e, command=[]} | ret=SUCCESS |  
2019-08-21 09:16:35,179 | INFO  | SCMAudit | user=jenkins1000 | ip=192.168.34.50 | op=SEND_HEARTBEAT {datanodeUUID=2efe7137-c334-43ac-ad86-ba58d4ed3c70, command=[]} | ret=SUCCESS |  
2019-08-21 09:16:35,333 | INFO  | SCMAudit | user=jenkins1000 | ip=192.168.34.50 | op=SEND_HEARTBEAT {datanodeUUID=328a75f0-8ecf-454d-ac4a-ee464a922ba9, command=[]} | ret=SUCCESS |  
2019-08-21 09:16:35,732 | INFO  | SCMAudit | user=jenkins1000 | ip=192.168.34.50 | op=SEND_HEARTBEAT {datanodeUUID=b216f333-d584-463e-ac29-b520f4cc8032, command=[]} | ret=SUCCESS |  
2019-08-21 09:16:35,736 | INFO  | SCMAudit | user=jenkins1000 | ip=192.168.34.50 | op=SEND_HEARTBEAT {datanodeUUID=d93e8726-51c7-48e5-91db-a9280c3a0547, command=[]} | ret=SUCCESS |  
2019-08-21 09:16:35,745 | INFO  | SCMAudit | user=jenkins1000 | ip=192.168.34.50 | op=SEND_HEARTBEAT {datanodeUUID=a8271a13-8b98-4259-a956-3406fefc9571, command=[]} | ret=SUCCESS |  
2019-08-21 09:16:35,763 | INFO  | SCMAudit | user=jenkins1000 | ip=192.168.34.50 | op=SEND_HEARTBEAT {datanodeUUID=4fc6c8fa-e96e-43c4-8369-e0ca8a7014d6, command=[]} | ret=SUCCESS |  
2019-08-21 09:16:35,918 | INFO  | SCMAudit | user=jenkins1000 | ip=192.168.34.50 | op=SEND_HEARTBEAT {datanodeUUID=5ea20691-5ab9-4695-ab1d-7e722de7481e, command=[]} | ret=SUCCESS |  
2019-08-21 09:16:36,179 | INFO  | SCMAudit | user=jenkins1000 | ip=192.168.34.50 | op=SEND_HEARTBEAT {datanodeUUID=2efe7137-c334-43ac-ad86-ba58d4ed3c70, command=[]} | ret=SUCCESS |  
2019-08-21 09:16:36,333 | INFO  | SCMAudit | user=jenkins1000 | ip=192.168.34.50 | op=SEND_HEARTBEAT {datanodeUUID=328a75f0-8ecf-454d-ac4a-ee464a922ba9, command=[]} | ret=SUCCESS |  
2019-08-21 09:16:36,732 | INFO  | SCMAudit | user=jenkins1000 | ip=192.168.34.50 | op=SEND_HEARTBEAT {datanodeUUID=b216f333-d584-463e-ac29-b520f4cc8032, command=[]} | ret=SUCCESS |  
2019-08-21 09:16:36,737 | INFO  | SCMAudit | user=jenkins1000 | ip=192.168.34.50 | op=SEND_HEARTBEAT {datanodeUUID=d93e8726-51c7-48e5-91db-a9280c3a0547, command=[]} | ret=SUCCESS |  
2019-08-21 09:16:36,746 | INFO  | SCMAudit | user=jenkins1000 | ip=192.168.34.50 | op=SEND_HEARTBEAT {datanodeUUID=a8271a13-8b98-4259-a956-3406fefc9571, command=[]} | ret=SUCCESS |  
2019-08-21 09:16:36,763 | INFO  | SCMAudit | user=jenkins1000 | ip=192.168.34.50 | op=SEND_HEARTBEAT {datanodeUUID=4fc6c8fa-e96e-43c4-8369-e0ca8a7014d6, command=[]} | ret=SUCCESS |  
2019-08-21 09:16:36,918 | INFO  | SCMAudit | user=jenkins1000 | ip=192.168.34.50 | op=SEND_HEARTBEAT {datanodeUUID=5ea20691-5ab9-4695-ab1d-7e722de7481e, command=[]} | ret=SUCCESS |  
2019-08-21 09:16:37,180 | INFO  | SCMAudit | user=jenkins1000 | ip=192.168.34.50 | op=SEND_HEARTBEAT {datanodeUUID=2efe7137-c334-43ac-ad86-ba58d4ed3c70, command=[]} | ret=SUCCESS |  
2019-08-21 09:16:37,333 | INFO  | SCMAudit | user=jenkins1000 | ip=192.168.34.50 | op=SEND_HEARTBEAT {datanodeUUID=328a75f0-8ecf-454d-ac4a-ee464a922ba9, command=[]} | ret=SUCCESS |  
2019-08-21 09:16:37,468 [grpc-default-executor-5] INFO  client.GrpcClientProtocolClient (GrpcClientProtocolClient.java:onNext(255)) - client-765D7F86C248->a8271a13-8b98-4259-a956-3406fefc9571: receive RaftClientReply:client-765D7F86C248->a8271a13-8b98-4259-a956-3406fefc9571@group-159FDE3C55F8, cid=45, FAILED org.apache.ratis.protocol.NotLeaderException: Server a8271a13-8b98-4259-a956-3406fefc9571 is not the leader (b216f333-d584-463e-ac29-b520f4cc8032:192.168.34.50:33369). Request must be sent to leader., logIndex=0, commits[a8271a13-8b98-4259-a956-3406fefc9571:c8, 4fc6c8fa-e96e-43c4-8369-e0ca8a7014d6:c8, b216f333-d584-463e-ac29-b520f4cc8032:c8]
2019-08-21 09:16:37,733 | INFO  | SCMAudit | user=jenkins1000 | ip=192.168.34.50 | op=SEND_HEARTBEAT {datanodeUUID=b216f333-d584-463e-ac29-b520f4cc8032, command=[]} | ret=SUCCESS |  
2019-08-21 09:16:37,737 | INFO  | SCMAudit | user=jenkins1000 | ip=192.168.34.50 | op=SEND_HEARTBEAT {datanodeUUID=d93e8726-51c7-48e5-91db-a9280c3a0547, command=[]} | ret=SUCCESS |  
2019-08-21 09:16:37,745 | INFO  | SCMAudit | user=jenkins1000 | ip=192.168.34.50 | op=SEND_HEARTBEAT {datanodeUUID=a8271a13-8b98-4259-a956-3406fefc9571, command=[]} | ret=SUCCESS |  
2019-08-21 09:16:37,763 | INFO  | SCMAudit | user=jenkins1000 | ip=192.168.34.50 | op=SEND_HEARTBEAT {datanodeUUID=4fc6c8fa-e96e-43c4-8369-e0ca8a7014d6, command=[]} | ret=SUCCESS |  
2019-08-21 09:16:37,919 | INFO  | SCMAudit | user=jenkins1000 | ip=192.168.34.50 | op=SEND_HEARTBEAT {datanodeUUID=5ea20691-5ab9-4695-ab1d-7e722de7481e, command=[]} | ret=SUCCESS |  
2019-08-21 09:16:38,179 | INFO  | SCMAudit | user=jenkins1000 | ip=192.168.34.50 | op=SEND_HEARTBEAT {datanodeUUID=2efe7137-c334-43ac-ad86-ba58d4ed3c70, command=[]} | ret=SUCCESS |  
2019-08-21 09:16:38,334 | INFO  | SCMAudit | user=jenkins1000 | ip=192.168.34.50 | op=SEND_HEARTBEAT {datanodeUUID=328a75f0-8ecf-454d-ac4a-ee464a922ba9, command=[]} | ret=SUCCESS |  
2019-08-21 09:16:38,732 | INFO  | SCMAudit | user=jenkins1000 | ip=192.168.34.50 | op=SEND_HEARTBEAT {datanodeUUID=b216f333-d584-463e-ac29-b520f4cc8032, command=[]} | ret=SUCCESS |  
2019-08-21 09:16:38,737 | INFO  | SCMAudit | user=jenkins1000 | ip=192.168.34.50 | op=SEND_HEARTBEAT {datanodeUUID=d93e8726-51c7-48e5-91db-a9280c3a0547, command=[]} | ret=SUCCESS |  
2019-08-21 09:16:38,746 | INFO  | SCMAudit | user=jenkins1000 | ip=192.168.34.50 | op=SEND_HEARTBEAT {datanodeUUID=a8271a13-8b98-4259-a956-3406fefc9571, command=[]} | ret=SUCCESS |  
2019-08-21 09:16:38,763 | INFO  | SCMAudit | user=jenkins1000 | ip=192.168.34.50 | op=SEND_HEARTBEAT {datanodeUUID=4fc6c8fa-e96e-43c4-8369-e0ca8a7014d6, command=[]} | ret=SUCCESS |  
2019-08-21 09:16:38,919 | INFO  | SCMAudit | user=jenkins1000 | ip=192.168.34.50 | op=SEND_HEARTBEAT {datanodeUUID=5ea20691-5ab9-4695-ab1d-7e722de7481e, command=[]} | ret=SUCCESS |  
2019-08-21 09:16:39,180 | INFO  | SCMAudit | user=jenkins1000 | ip=192.168.34.50 | op=SEND_HEARTBEAT {datanodeUUID=2efe7137-c334-43ac-ad86-ba58d4ed3c70, command=[]} | ret=SUCCESS |  
2019-08-21 09:16:39,334 | INFO  | SCMAudit | user=jenkins1000 | ip=192.168.34.50 | op=SEND_HEARTBEAT {datanodeUUID=328a75f0-8ecf-454d-ac4a-ee464a922ba9, command=[]} | ret=SUCCESS |  
2019-08-21 09:16:39,733 | INFO  | SCMAudit | user=jenkins1000 | ip=192.168.34.50 | op=SEND_HEARTBEAT {datanodeUUID=b216f333-d584-463e-ac29-b520f4cc8032, command=[]} | ret=SUCCESS |  
2019-08-21 09:16:39,738 | INFO  | SCMAudit | user=jenkins1000 | ip=192.168.34.50 | op=SEND_HEARTBEAT {datanodeUUID=d93e8726-51c7-48e5-91db-a9280c3a0547, command=[]} | ret=SUCCESS |  
2019-08-21 09:16:39,746 | INFO  | SCMAudit | user=jenkins1000 | ip=192.168.34.50 | op=SEND_HEARTBEAT {datanodeUUID=a8271a13-8b98-4259-a956-3406fefc9571, command=[]} | ret=SUCCESS |  
2019-08-21 09:16:39,763 | INFO  | SCMAudit | user=jenkins1000 | ip=192.168.34.50 | op=SEND_HEARTBEAT {datanodeUUID=4fc6c8fa-e96e-43c4-8369-e0ca8a7014d6, command=[]} | ret=SUCCESS |  
2019-08-21 09:16:39,918 | INFO  | SCMAudit | user=jenkins1000 | ip=192.168.34.50 | op=SEND_HEARTBEAT {datanodeUUID=5ea20691-5ab9-4695-ab1d-7e722de7481e, command=[]} | ret=SUCCESS |  
2019-08-21 09:16:40,179 | INFO  | SCMAudit | user=jenkins1000 | ip=192.168.34.50 | op=SEND_HEARTBEAT {datanodeUUID=2efe7137-c334-43ac-ad86-ba58d4ed3c70, command=[]} | ret=SUCCESS |  
2019-08-21 09:16:40,333 | INFO  | SCMAudit | user=jenkins1000 | ip=192.168.34.50 | op=SEND_HEARTBEAT {datanodeUUID=328a75f0-8ecf-454d-ac4a-ee464a922ba9, command=[]} | ret=SUCCESS |  
2019-08-21 09:16:40,733 | INFO  | SCMAudit | user=jenkins1000 | ip=192.168.34.50 | op=SEND_HEARTBEAT {datanodeUUID=b216f333-d584-463e-ac29-b520f4cc8032, command=[]} | ret=SUCCESS |  
2019-08-21 09:16:40,737 | INFO  | SCMAudit | user=jenkins1000 | ip=192.168.34.50 | op=SEND_HEARTBEAT {datanodeUUID=d93e8726-51c7-48e5-91db-a9280c3a0547, command=[]} | ret=SUCCESS |  
2019-08-21 09:16:40,746 | INFO  | SCMAudit | user=jenkins1000 | ip=192.168.34.50 | op=SEND_HEARTBEAT {datanodeUUID=a8271a13-8b98-4259-a956-3406fefc9571, command=[]} | ret=SUCCESS |  
2019-08-21 09:16:40,763 | INFO  | SCMAudit | user=jenkins1000 | ip=192.168.34.50 | op=SEND_HEARTBEAT {datanodeUUID=4fc6c8fa-e96e-43c4-8369-e0ca8a7014d6, command=[]} | ret=SUCCESS |  
2019-08-21 09:16:40,919 | INFO  | SCMAudit | user=jenkins1000 | ip=192.168.34.50 | op=SEND_HEARTBEAT {datanodeUUID=5ea20691-5ab9-4695-ab1d-7e722de7481e, command=[]} | ret=SUCCESS |  
2019-08-21 09:16:41,179 | INFO  | SCMAudit | user=jenkins1000 | ip=192.168.34.50 | op=SEND_HEARTBEAT {datanodeUUID=2efe7137-c334-43ac-ad86-ba58d4ed3c70, command=[]} | ret=SUCCESS |  
2019-08-21 09:16:41,333 | INFO  | SCMAudit | user=jenkins1000 | ip=192.168.34.50 | op=SEND_HEARTBEAT {datanodeUUID=328a75f0-8ecf-454d-ac4a-ee464a922ba9, command=[]} | ret=SUCCESS |  
2019-08-21 09:16:41,733 | INFO  | SCMAudit | user=jenkins1000 | ip=192.168.34.50 | op=SEND_HEARTBEAT {datanodeUUID=b216f333-d584-463e-ac29-b520f4cc8032, command=[]} | ret=SUCCESS |  
2019-08-21 09:16:41,737 | INFO  | SCMAudit | user=jenkins1000 | ip=192.168.34.50 | op=SEND_HEARTBEAT {datanodeUUID=d93e8726-51c7-48e5-91db-a9280c3a0547, command=[]} | ret=SUCCESS |  
2019-08-21 09:16:41,747 | INFO  | SCMAudit | user=jenkins1000 | ip=192.168.34.50 | op=SEND_HEARTBEAT {datanodeUUID=a8271a13-8b98-4259-a956-3406fefc9571, command=[]} | ret=SUCCESS |  
2019-08-21 09:16:41,764 | INFO  | SCMAudit | user=jenkins1000 | ip=192.168.34.50 | op=SEND_HEARTBEAT {datanodeUUID=4fc6c8fa-e96e-43c4-8369-e0ca8a7014d6, command=[]} | ret=SUCCESS |  
2019-08-21 09:16:41,919 | INFO  | SCMAudit | user=jenkins1000 | ip=192.168.34.50 | op=SEND_HEARTBEAT {datanodeUUID=5ea20691-5ab9-4695-ab1d-7e722de7481e, command=[]} | ret=SUCCESS |  
2019-08-21 09:16:42,180 | INFO  | SCMAudit | user=jenkins1000 | ip=192.168.34.50 | op=SEND_HEARTBEAT {datanodeUUID=2efe7137-c334-43ac-ad86-ba58d4ed3c70, command=[]} | ret=SUCCESS |  
2019-08-21 09:16:42,334 | INFO  | SCMAudit | user=jenkins1000 | ip=192.168.34.50 | op=SEND_HEARTBEAT {datanodeUUID=328a75f0-8ecf-454d-ac4a-ee464a922ba9, command=[]} | ret=SUCCESS |  
2019-08-21 09:16:42,503 [grpc-default-executor-5] INFO  client.GrpcClientProtocolClient (GrpcClientProtocolClient.java:onNext(255)) - client-765D7F86C248->a8271a13-8b98-4259-a956-3406fefc9571: receive RaftClientReply:client-765D7F86C248->a8271a13-8b98-4259-a956-3406fefc9571@group-159FDE3C55F8, cid=45, FAILED org.apache.ratis.protocol.NotLeaderException: Server a8271a13-8b98-4259-a956-3406fefc9571 is not the leader (b216f333-d584-463e-ac29-b520f4cc8032:192.168.34.50:33369). Request must be sent to leader., logIndex=0, commits[a8271a13-8b98-4259-a956-3406fefc9571:c8, 4fc6c8fa-e96e-43c4-8369-e0ca8a7014d6:c8, b216f333-d584-463e-ac29-b520f4cc8032:c8]
2019-08-21 09:16:42,734 | INFO  | SCMAudit | user=jenkins1000 | ip=192.168.34.50 | op=SEND_HEARTBEAT {datanodeUUID=b216f333-d584-463e-ac29-b520f4cc8032, command=[]} | ret=SUCCESS |  
2019-08-21 09:16:42,738 | INFO  | SCMAudit | user=jenkins1000 | ip=192.168.34.50 | op=SEND_HEARTBEAT {datanodeUUID=d93e8726-51c7-48e5-91db-a9280c3a0547, command=[]} | ret=SUCCESS |  
2019-08-21 09:16:42,747 | INFO  | SCMAudit | user=jenkins1000 | ip=192.168.34.50 | op=SEND_HEARTBEAT {datanodeUUID=a8271a13-8b98-4259-a956-3406fefc9571, command=[]} | ret=SUCCESS |  
2019-08-21 09:16:42,763 | INFO  | SCMAudit | user=jenkins1000 | ip=192.168.34.50 | op=SEND_HEARTBEAT {datanodeUUID=4fc6c8fa-e96e-43c4-8369-e0ca8a7014d6, command=[]} | ret=SUCCESS |  
2019-08-21 09:16:42,918 | INFO  | SCMAudit | user=jenkins1000 | ip=192.168.34.50 | op=SEND_HEARTBEAT {datanodeUUID=5ea20691-5ab9-4695-ab1d-7e722de7481e, command=[]} | ret=SUCCESS |  
2019-08-21 09:16:43,179 | INFO  | SCMAudit | user=jenkins1000 | ip=192.168.34.50 | op=SEND_HEARTBEAT {datanodeUUID=2efe7137-c334-43ac-ad86-ba58d4ed3c70, command=[]} | ret=SUCCESS |  
2019-08-21 09:16:43,334 | INFO  | SCMAudit | user=jenkins1000 | ip=192.168.34.50 | op=SEND_HEARTBEAT {datanodeUUID=328a75f0-8ecf-454d-ac4a-ee464a922ba9, command=[]} | ret=SUCCESS |  
2019-08-21 09:16:43,733 | INFO  | SCMAudit | user=jenkins1000 | ip=192.168.34.50 | op=SEND_HEARTBEAT {datanodeUUID=b216f333-d584-463e-ac29-b520f4cc8032, command=[]} | ret=SUCCESS |  
2019-08-21 09:16:43,738 | INFO  | SCMAudit | user=jenkins1000 | ip=192.168.34.50 | op=SEND_HEARTBEAT {datanodeUUID=d93e8726-51c7-48e5-91db-a9280c3a0547, command=[]} | ret=SUCCESS |  
2019-08-21 09:16:43,747 | INFO  | SCMAudit | user=jenkins1000 | ip=192.168.34.50 | op=SEND_HEARTBEAT {datanodeUUID=a8271a13-8b98-4259-a956-3406fefc9571, command=[]} | ret=SUCCESS |  
2019-08-21 09:16:43,763 | INFO  | SCMAudit | user=jenkins1000 | ip=192.168.34.50 | op=SEND_HEARTBEAT {datanodeUUID=4fc6c8fa-e96e-43c4-8369-e0ca8a7014d6, command=[]} | ret=SUCCESS |  
2019-08-21 09:16:43,918 | INFO  | SCMAudit | user=jenkins1000 | ip=192.168.34.50 | op=SEND_HEARTBEAT {datanodeUUID=5ea20691-5ab9-4695-ab1d-7e722de7481e, command=[]} | ret=SUCCESS |  
2019-08-21 09:16:44,179 | INFO  | SCMAudit | user=jenkins1000 | ip=192.168.34.50 | op=SEND_HEARTBEAT {datanodeUUID=2efe7137-c334-43ac-ad86-ba58d4ed3c70, command=[]} | ret=SUCCESS |  
2019-08-21 09:16:44,334 | INFO  | SCMAudit | user=jenkins1000 | ip=192.168.34.50 | op=SEND_HEARTBEAT {datanodeUUID=328a75f0-8ecf-454d-ac4a-ee464a922ba9, command=[]} | ret=SUCCESS |  
2019-08-21 09:16:44,582 [ReplicationMonitor] INFO  container.ReplicationManager (ReplicationManager.java:run(215)) - Replication Monitor Thread took 0 milliseconds for processing 3 containers.
2019-08-21 09:16:44,734 | INFO  | SCMAudit | user=jenkins1000 | ip=192.168.34.50 | op=SEND_HEARTBEAT {datanodeUUID=b216f333-d584-463e-ac29-b520f4cc8032, command=[]} | ret=SUCCESS |  
2019-08-21 09:16:44,738 | INFO  | SCMAudit | user=jenkins1000 | ip=192.168.34.50 | op=SEND_HEARTBEAT {datanodeUUID=d93e8726-51c7-48e5-91db-a9280c3a0547, command=[]} | ret=SUCCESS |  
2019-08-21 09:16:44,746 | INFO  | SCMAudit | user=jenkins1000 | ip=192.168.34.50 | op=SEND_HEARTBEAT {datanodeUUID=a8271a13-8b98-4259-a956-3406fefc9571, command=[]} | ret=SUCCESS |  
2019-08-21 09:16:44,763 | INFO  | SCMAudit | user=jenkins1000 | ip=192.168.34.50 | op=SEND_HEARTBEAT {datanodeUUID=4fc6c8fa-e96e-43c4-8369-e0ca8a7014d6, command=[]} | ret=SUCCESS |  
2019-08-21 09:16:44,918 | INFO  | SCMAudit | user=jenkins1000 | ip=192.168.34.50 | op=SEND_HEARTBEAT {datanodeUUID=5ea20691-5ab9-4695-ab1d-7e722de7481e, command=[]} | ret=SUCCESS |  
2019-08-21 09:16:45,180 | INFO  | SCMAudit | user=jenkins1000 | ip=192.168.34.50 | op=SEND_HEARTBEAT {datanodeUUID=2efe7137-c334-43ac-ad86-ba58d4ed3c70, command=[]} | ret=SUCCESS |  
2019-08-21 09:16:45,335 | INFO  | SCMAudit | user=jenkins1000 | ip=192.168.34.50 | op=SEND_HEARTBEAT {datanodeUUID=328a75f0-8ecf-454d-ac4a-ee464a922ba9, command=[]} | ret=SUCCESS |  
2019-08-21 09:16:45,734 | INFO  | SCMAudit | user=jenkins1000 | ip=192.168.34.50 | op=SEND_HEARTBEAT {datanodeUUID=b216f333-d584-463e-ac29-b520f4cc8032, command=[]} | ret=SUCCESS |  
2019-08-21 09:16:45,737 | INFO  | SCMAudit | user=jenkins1000 | ip=192.168.34.50 | op=SEND_HEARTBEAT {datanodeUUID=d93e8726-51c7-48e5-91db-a9280c3a0547, command=[]} | ret=SUCCESS |  
2019-08-21 09:16:45,746 | INFO  | SCMAudit | user=jenkins1000 | ip=192.168.34.50 | op=SEND_HEARTBEAT {datanodeUUID=a8271a13-8b98-4259-a956-3406fefc9571, command=[]} | ret=SUCCESS |  
2019-08-21 09:16:45,763 | INFO  | SCMAudit | user=jenkins1000 | ip=192.168.34.50 | op=SEND_HEARTBEAT {datanodeUUID=4fc6c8fa-e96e-43c4-8369-e0ca8a7014d6, command=[]} | ret=SUCCESS |  
2019-08-21 09:16:45,919 | INFO  | SCMAudit | user=jenkins1000 | ip=192.168.34.50 | op=SEND_HEARTBEAT {datanodeUUID=5ea20691-5ab9-4695-ab1d-7e722de7481e, command=[]} | ret=SUCCESS |  
2019-08-21 09:16:46,180 | INFO  | SCMAudit | user=jenkins1000 | ip=192.168.34.50 | op=SEND_HEARTBEAT {datanodeUUID=2efe7137-c334-43ac-ad86-ba58d4ed3c70, command=[]} | ret=SUCCESS |  
2019-08-21 09:16:46,335 | INFO  | SCMAudit | user=jenkins1000 | ip=192.168.34.50 | op=SEND_HEARTBEAT {datanodeUUID=328a75f0-8ecf-454d-ac4a-ee464a922ba9, command=[]} | ret=SUCCESS |  
2019-08-21 09:16:46,735 | INFO  | SCMAudit | user=jenkins1000 | ip=192.168.34.50 | op=SEND_HEARTBEAT {datanodeUUID=b216f333-d584-463e-ac29-b520f4cc8032, command=[]} | ret=SUCCESS |  
2019-08-21 09:16:46,738 | INFO  | SCMAudit | user=jenkins1000 | ip=192.168.34.50 | op=SEND_HEARTBEAT {datanodeUUID=d93e8726-51c7-48e5-91db-a9280c3a0547, command=[]} | ret=SUCCESS |  
2019-08-21 09:16:46,747 | INFO  | SCMAudit | user=jenkins1000 | ip=192.168.34.50 | op=SEND_HEARTBEAT {datanodeUUID=a8271a13-8b98-4259-a956-3406fefc9571, command=[]} | ret=SUCCESS |  
2019-08-21 09:16:46,763 | INFO  | SCMAudit | user=jenkins1000 | ip=192.168.34.50 | op=SEND_HEARTBEAT {datanodeUUID=4fc6c8fa-e96e-43c4-8369-e0ca8a7014d6, command=[]} | ret=SUCCESS |  
2019-08-21 09:16:46,918 | INFO  | SCMAudit | user=jenkins1000 | ip=192.168.34.50 | op=SEND_HEARTBEAT {datanodeUUID=5ea20691-5ab9-4695-ab1d-7e722de7481e, command=[]} | ret=SUCCESS |  
2019-08-21 09:16:47,179 | INFO  | SCMAudit | user=jenkins1000 | ip=192.168.34.50 | op=SEND_HEARTBEAT {datanodeUUID=2efe7137-c334-43ac-ad86-ba58d4ed3c70, command=[]} | ret=SUCCESS |  
2019-08-21 09:16:47,334 | INFO  | SCMAudit | user=jenkins1000 | ip=192.168.34.50 | op=SEND_HEARTBEAT {datanodeUUID=328a75f0-8ecf-454d-ac4a-ee464a922ba9, command=[]} | ret=SUCCESS |  
2019-08-21 09:16:47,553 [grpc-default-executor-5] INFO  client.GrpcClientProtocolClient (GrpcClientProtocolClient.java:onNext(255)) - client-765D7F86C248->a8271a13-8b98-4259-a956-3406fefc9571: receive RaftClientReply:client-765D7F86C248->a8271a13-8b98-4259-a956-3406fefc9571@group-159FDE3C55F8, cid=45, FAILED org.apache.ratis.protocol.NotLeaderException: Server a8271a13-8b98-4259-a956-3406fefc9571 is not the leader (b216f333-d584-463e-ac29-b520f4cc8032:192.168.34.50:33369). Request must be sent to leader., logIndex=0, commits[a8271a13-8b98-4259-a956-3406fefc9571:c8, 4fc6c8fa-e96e-43c4-8369-e0ca8a7014d6:c8, b216f333-d584-463e-ac29-b520f4cc8032:c8]
2019-08-21 09:16:47,735 | INFO  | SCMAudit | user=jenkins1000 | ip=192.168.34.50 | op=SEND_HEARTBEAT {datanodeUUID=b216f333-d584-463e-ac29-b520f4cc8032, command=[]} | ret=SUCCESS |  
2019-08-21 09:16:47,738 | INFO  | SCMAudit | user=jenkins1000 | ip=192.168.34.50 | op=SEND_HEARTBEAT {datanodeUUID=d93e8726-51c7-48e5-91db-a9280c3a0547, command=[]} | ret=SUCCESS |  
2019-08-21 09:16:47,747 | INFO  | SCMAudit | user=jenkins1000 | ip=192.168.34.50 | op=SEND_HEARTBEAT {datanodeUUID=a8271a13-8b98-4259-a956-3406fefc9571, command=[]} | ret=SUCCESS |  
2019-08-21 09:16:47,764 | INFO  | SCMAudit | user=jenkins1000 | ip=192.168.34.50 | op=SEND_HEARTBEAT {datanodeUUID=4fc6c8fa-e96e-43c4-8369-e0ca8a7014d6, command=[]} | ret=SUCCESS |  
2019-08-21 09:16:47,919 | INFO  | SCMAudit | user=jenkins1000 | ip=192.168.34.50 | op=SEND_HEARTBEAT {datanodeUUID=5ea20691-5ab9-4695-ab1d-7e722de7481e, command=[]} | ret=SUCCESS |  
2019-08-21 09:16:48,180 | INFO  | SCMAudit | user=jenkins1000 | ip=192.168.34.50 | op=SEND_HEARTBEAT {datanodeUUID=2efe7137-c334-43ac-ad86-ba58d4ed3c70, command=[]} | ret=SUCCESS |  
2019-08-21 09:16:48,335 | INFO  | SCMAudit | user=jenkins1000 | ip=192.168.34.50 | op=SEND_HEARTBEAT {datanodeUUID=328a75f0-8ecf-454d-ac4a-ee464a922ba9, command=[]} | ret=SUCCESS |  
2019-08-21 09:16:48,735 | INFO  | SCMAudit | user=jenkins1000 | ip=192.168.34.50 | op=SEND_HEARTBEAT {datanodeUUID=b216f333-d584-463e-ac29-b520f4cc8032, command=[]} | ret=SUCCESS |  
2019-08-21 09:16:48,737 | INFO  | SCMAudit | user=jenkins1000 | ip=192.168.34.50 | op=SEND_HEARTBEAT {datanodeUUID=d93e8726-51c7-48e5-91db-a9280c3a0547, command=[]} | ret=SUCCESS |  
2019-08-21 09:16:48,746 | INFO  | SCMAudit | user=jenkins1000 | ip=192.168.34.50 | op=SEND_HEARTBEAT {datanodeUUID=a8271a13-8b98-4259-a956-3406fefc9571, command=[]} | ret=SUCCESS |  
2019-08-21 09:16:48,764 | INFO  | SCMAudit | user=jenkins1000 | ip=192.168.34.50 | op=SEND_HEARTBEAT {datanodeUUID=4fc6c8fa-e96e-43c4-8369-e0ca8a7014d6, command=[]} | ret=SUCCESS |  
2019-08-21 09:16:48,919 | INFO  | SCMAudit | user=jenkins1000 | ip=192.168.34.50 | op=SEND_HEARTBEAT {datanodeUUID=5ea20691-5ab9-4695-ab1d-7e722de7481e, command=[]} | ret=SUCCESS |  
2019-08-21 09:16:49,180 | INFO  | SCMAudit | user=jenkins1000 | ip=192.168.34.50 | op=SEND_HEARTBEAT {datanodeUUID=2efe7137-c334-43ac-ad86-ba58d4ed3c70, command=[]} | ret=SUCCESS |  
2019-08-21 09:16:49,334 | INFO  | SCMAudit | user=jenkins1000 | ip=192.168.34.50 | op=SEND_HEARTBEAT {datanodeUUID=328a75f0-8ecf-454d-ac4a-ee464a922ba9, command=[]} | ret=SUCCESS |  
2019-08-21 09:16:49,736 | INFO  | SCMAudit | user=jenkins1000 | ip=192.168.34.50 | op=SEND_HEARTBEAT {datanodeUUID=b216f333-d584-463e-ac29-b520f4cc8032, command=[]} | ret=SUCCESS |  
2019-08-21 09:16:49,737 | INFO  | SCMAudit | user=jenkins1000 | ip=192.168.34.50 | op=SEND_HEARTBEAT {datanodeUUID=d93e8726-51c7-48e5-91db-a9280c3a0547, command=[]} | ret=SUCCESS |  
2019-08-21 09:16:49,746 | INFO  | SCMAudit | user=jenkins1000 | ip=192.168.34.50 | op=SEND_HEARTBEAT {datanodeUUID=a8271a13-8b98-4259-a956-3406fefc9571, command=[]} | ret=SUCCESS |  
2019-08-21 09:16:49,763 | INFO  | SCMAudit | user=jenkins1000 | ip=192.168.34.50 | op=SEND_HEARTBEAT {datanodeUUID=4fc6c8fa-e96e-43c4-8369-e0ca8a7014d6, command=[]} | ret=SUCCESS |  
2019-08-21 09:16:49,919 | INFO  | SCMAudit | user=jenkins1000 | ip=192.168.34.50 | op=SEND_HEARTBEAT {datanodeUUID=5ea20691-5ab9-4695-ab1d-7e722de7481e, command=[]} | ret=SUCCESS |  
2019-08-21 09:16:50,179 | INFO  | SCMAudit | user=jenkins1000 | ip=192.168.34.50 | op=SEND_HEARTBEAT {datanodeUUID=2efe7137-c334-43ac-ad86-ba58d4ed3c70, command=[]} | ret=SUCCESS |  
2019-08-21 09:16:50,335 | INFO  | SCMAudit | user=jenkins1000 | ip=192.168.34.50 | op=SEND_HEARTBEAT {datanodeUUID=328a75f0-8ecf-454d-ac4a-ee464a922ba9, command=[]} | ret=SUCCESS |  
2019-08-21 09:16:50,736 | INFO  | SCMAudit | user=jenkins1000 | ip=192.168.34.50 | op=SEND_HEARTBEAT {datanodeUUID=b216f333-d584-463e-ac29-b520f4cc8032, command=[]} | ret=SUCCESS |  
2019-08-21 09:16:50,737 | INFO  | SCMAudit | user=jenkins1000 | ip=192.168.34.50 | op=SEND_HEARTBEAT {datanodeUUID=d93e8726-51c7-48e5-91db-a9280c3a0547, command=[]} | ret=SUCCESS |  
2019-08-21 09:16:50,747 | INFO  | SCMAudit | user=jenkins1000 | ip=192.168.34.50 | op=SEND_HEARTBEAT {datanodeUUID=a8271a13-8b98-4259-a956-3406fefc9571, command=[]} | ret=SUCCESS |  
2019-08-21 09:16:50,763 | INFO  | SCMAudit | user=jenkins1000 | ip=192.168.34.50 | op=SEND_HEARTBEAT {datanodeUUID=4fc6c8fa-e96e-43c4-8369-e0ca8a7014d6, command=[]} | ret=SUCCESS |  
2019-08-21 09:16:50,919 | INFO  | SCMAudit | user=jenkins1000 | ip=192.168.34.50 | op=SEND_HEARTBEAT {datanodeUUID=5ea20691-5ab9-4695-ab1d-7e722de7481e, command=[]} | ret=SUCCESS |  
2019-08-21 09:16:51,180 | INFO  | SCMAudit | user=jenkins1000 | ip=192.168.34.50 | op=SEND_HEARTBEAT {datanodeUUID=2efe7137-c334-43ac-ad86-ba58d4ed3c70, command=[]} | ret=SUCCESS |  
2019-08-21 09:16:51,334 | INFO  | SCMAudit | user=jenkins1000 | ip=192.168.34.50 | op=SEND_HEARTBEAT {datanodeUUID=328a75f0-8ecf-454d-ac4a-ee464a922ba9, command=[]} | ret=SUCCESS |  
2019-08-21 09:16:51,736 | INFO  | SCMAudit | user=jenkins1000 | ip=192.168.34.50 | op=SEND_HEARTBEAT {datanodeUUID=b216f333-d584-463e-ac29-b520f4cc8032, command=[]} | ret=SUCCESS |  
2019-08-21 09:16:51,737 | INFO  | SCMAudit | user=jenkins1000 | ip=192.168.34.50 | op=SEND_HEARTBEAT {datanodeUUID=d93e8726-51c7-48e5-91db-a9280c3a0547, command=[]} | ret=SUCCESS |  
2019-08-21 09:16:51,746 | INFO  | SCMAudit | user=jenkins1000 | ip=192.168.34.50 | op=SEND_HEARTBEAT {datanodeUUID=a8271a13-8b98-4259-a956-3406fefc9571, command=[]} | ret=SUCCESS |  
2019-08-21 09:16:51,763 | INFO  | SCMAudit | user=jenkins1000 | ip=192.168.34.50 | op=SEND_HEARTBEAT {datanodeUUID=4fc6c8fa-e96e-43c4-8369-e0ca8a7014d6, command=[]} | ret=SUCCESS |  
2019-08-21 09:16:51,919 | INFO  | SCMAudit | user=jenkins1000 | ip=192.168.34.50 | op=SEND_HEARTBEAT {datanodeUUID=5ea20691-5ab9-4695-ab1d-7e722de7481e, command=[]} | ret=SUCCESS |  
2019-08-21 09:16:52,180 | INFO  | SCMAudit | user=jenkins1000 | ip=192.168.34.50 | op=SEND_HEARTBEAT {datanodeUUID=2efe7137-c334-43ac-ad86-ba58d4ed3c70, command=[]} | ret=SUCCESS |  
2019-08-21 09:16:52,335 | INFO  | SCMAudit | user=jenkins1000 | ip=192.168.34.50 | op=SEND_HEARTBEAT {datanodeUUID=328a75f0-8ecf-454d-ac4a-ee464a922ba9, command=[]} | ret=SUCCESS |  
2019-08-21 09:16:52,592 [grpc-default-executor-1] INFO  client.GrpcClientProtocolClient (GrpcClientProtocolClient.java:onNext(255)) - client-765D7F86C248->a8271a13-8b98-4259-a956-3406fefc9571: receive RaftClientReply:client-765D7F86C248->a8271a13-8b98-4259-a956-3406fefc9571@group-159FDE3C55F8, cid=45, FAILED org.apache.ratis.protocol.NotLeaderException: Server a8271a13-8b98-4259-a956-3406fefc9571 is not the leader (b216f333-d584-463e-ac29-b520f4cc8032:192.168.34.50:33369). Request must be sent to leader., logIndex=0, commits[a8271a13-8b98-4259-a956-3406fefc9571:c8, 4fc6c8fa-e96e-43c4-8369-e0ca8a7014d6:c8, b216f333-d584-463e-ac29-b520f4cc8032:c8]
2019-08-21 09:16:52,603 [main] INFO  ozone.MiniOzoneClusterImpl (MiniOzoneClusterImpl.java:shutdown(321)) - Shutting down the Mini Ozone Cluster
2019-08-21 09:16:52,604 | INFO  | SCMAudit | user=null | ip=null | op=GET_SCM_INFO null | ret=SUCCESS |  
2019-08-21 09:16:52,604 [main] INFO  ozone.MiniOzoneClusterImpl (MiniOzoneClusterImpl.java:stop(336)) - Stopping the Mini Ozone Cluster
2019-08-21 09:16:52,605 [main] INFO  ozone.MiniOzoneClusterImpl (MiniOzoneClusterImpl.java:stop(338)) - Stopping the OzoneManager
2019-08-21 09:16:52,605 [main] INFO  ipc.Server (Server.java:stop(3082)) - Stopping server on 40020
2019-08-21 09:16:52,621 [IPC Server listener on 40020] INFO  ipc.Server (Server.java:run(1185)) - Stopping IPC Server listener on 40020
2019-08-21 09:16:52,623 [main] INFO  ratis.OzoneManagerDoubleBuffer (OzoneManagerDoubleBuffer.java:stop(248)) - Stopping OMDoubleBuffer flush thread
2019-08-21 09:16:52,624 [IPC Server Responder] INFO  ipc.Server (Server.java:run(1319)) - Stopping IPC Server Responder
2019-08-21 09:16:52,648 [OMDoubleBufferFlushThread] INFO  ratis.OzoneManagerDoubleBuffer (OzoneManagerDoubleBuffer.java:flushTransactions(191)) - OMDoubleBuffer flush thread OMDoubleBufferFlushThread is interrupted and will exit. OMDoubleBufferFlushThread
2019-08-21 09:16:52,654 [main] INFO  utils.BackgroundService (BackgroundService.java:shutdown(148)) - Shutting down service KeyDeletingService
2019-08-21 09:16:52,679 [main] INFO  handler.ContextHandler (ContextHandler.java:doStop(910)) - Stopped o.e.j.w.WebAppContext@25b74370{/,null,UNAVAILABLE}{/ozoneManager}
2019-08-21 09:16:52,680 [main] INFO  server.AbstractConnector (AbstractConnector.java:doStop(318)) - Stopped ServerConnector@15e8c040{HTTP/1.1,[http/1.1]}{0.0.0.0:0}
2019-08-21 09:16:52,680 [main] INFO  handler.ContextHandler (ContextHandler.java:doStop(910)) - Stopped o.e.j.s.ServletContextHandler@4a04ca74{/static,file:///workdir/hadoop-ozone/integration-test/target/test-classes/webapps/static,UNAVAILABLE}
2019-08-21 09:16:52,681 [main] INFO  handler.ContextHandler (ContextHandler.java:doStop(910)) - Stopped o.e.j.s.ServletContextHandler@7dd3981e{/logs,file:///workdir/hadoop-ozone/integration-test/target/log,UNAVAILABLE}
2019-08-21 09:16:52,684 [main] INFO  ozone.MiniOzoneClusterImpl (MiniOzoneClusterImpl.java:stop(344)) - Shutting the HddsDatanodes
2019-08-21 09:16:52,685 [main] INFO  datanode.ObjectStoreHandler (ObjectStoreHandler.java:close(155)) - Closing ObjectStoreHandler.
2019-08-21 09:16:52,685 [ForkJoinPool.commonPool-worker-1] INFO  datanode.ObjectStoreHandler (ObjectStoreHandler.java:close(155)) - Closing ObjectStoreHandler.
2019-08-21 09:16:52,686 [main] INFO  ozone.HddsDatanodeService (HddsDatanodeService.java:stop(457)) - Stopped plug-in org.apache.hadoop.ozone.web.OzoneHddsDatanodeService@289a4b90
2019-08-21 09:16:52,686 [ForkJoinPool.commonPool-worker-1] INFO  ozone.HddsDatanodeService (HddsDatanodeService.java:stop(457)) - Stopped plug-in org.apache.hadoop.ozone.web.OzoneHddsDatanodeService@11c3d22f
2019-08-21 09:16:52,737 | INFO  | SCMAudit | user=jenkins1000 | ip=192.168.34.50 | op=SEND_HEARTBEAT {datanodeUUID=b216f333-d584-463e-ac29-b520f4cc8032, command=[]} | ret=SUCCESS |  
2019-08-21 09:16:52,737 [Datanode State Machine Thread - 0] INFO  statemachine.DatanodeStateMachine (DatanodeStateMachine.java:lambda$startDaemon$0(350)) - Ozone container server started.
2019-08-21 09:16:52,746 [Datanode State Machine Thread - 0] INFO  statemachine.DatanodeStateMachine (DatanodeStateMachine.java:lambda$startDaemon$0(350)) - Ozone container server started.
2019-08-21 09:16:52,763 | INFO  | SCMAudit | user=jenkins1000 | ip=192.168.34.50 | op=SEND_HEARTBEAT {datanodeUUID=4fc6c8fa-e96e-43c4-8369-e0ca8a7014d6, command=[]} | ret=SUCCESS |  
2019-08-21 09:16:52,919 | INFO  | SCMAudit | user=jenkins1000 | ip=192.168.34.50 | op=SEND_HEARTBEAT {datanodeUUID=5ea20691-5ab9-4695-ab1d-7e722de7481e, command=[]} | ret=SUCCESS |  
2019-08-21 09:16:53,180 | INFO  | SCMAudit | user=jenkins1000 | ip=192.168.34.50 | op=SEND_HEARTBEAT {datanodeUUID=2efe7137-c334-43ac-ad86-ba58d4ed3c70, command=[]} | ret=SUCCESS |  
2019-08-21 09:16:53,334 | INFO  | SCMAudit | user=jenkins1000 | ip=192.168.34.50 | op=SEND_HEARTBEAT {datanodeUUID=328a75f0-8ecf-454d-ac4a-ee464a922ba9, command=[]} | ret=SUCCESS |  
2019-08-21 09:16:53,736 | INFO  | SCMAudit | user=jenkins1000 | ip=192.168.34.50 | op=SEND_HEARTBEAT {datanodeUUID=b216f333-d584-463e-ac29-b520f4cc8032, command=[]} | ret=SUCCESS |  
2019-08-21 09:16:53,763 | INFO  | SCMAudit | user=jenkins1000 | ip=192.168.34.50 | op=SEND_HEARTBEAT {datanodeUUID=4fc6c8fa-e96e-43c4-8369-e0ca8a7014d6, command=[]} | ret=SUCCESS |  
2019-08-21 09:16:53,920 | INFO  | SCMAudit | user=jenkins1000 | ip=192.168.34.50 | op=SEND_HEARTBEAT {datanodeUUID=5ea20691-5ab9-4695-ab1d-7e722de7481e, command=[]} | ret=SUCCESS |  
2019-08-21 09:16:54,181 | INFO  | SCMAudit | user=jenkins1000 | ip=192.168.34.50 | op=SEND_HEARTBEAT {datanodeUUID=2efe7137-c334-43ac-ad86-ba58d4ed3c70, command=[]} | ret=SUCCESS |  
2019-08-21 09:16:54,335 | INFO  | SCMAudit | user=jenkins1000 | ip=192.168.34.50 | op=SEND_HEARTBEAT {datanodeUUID=328a75f0-8ecf-454d-ac4a-ee464a922ba9, command=[]} | ret=SUCCESS |  
2019-08-21 09:16:54,737 | INFO  | SCMAudit | user=jenkins1000 | ip=192.168.34.50 | op=SEND_HEARTBEAT {datanodeUUID=b216f333-d584-463e-ac29-b520f4cc8032, command=[]} | ret=SUCCESS |  
2019-08-21 09:16:54,763 | INFO  | SCMAudit | user=jenkins1000 | ip=192.168.34.50 | op=SEND_HEARTBEAT {datanodeUUID=4fc6c8fa-e96e-43c4-8369-e0ca8a7014d6, command=[]} | ret=SUCCESS |  
2019-08-21 09:16:54,919 | INFO  | SCMAudit | user=jenkins1000 | ip=192.168.34.50 | op=SEND_HEARTBEAT {datanodeUUID=5ea20691-5ab9-4695-ab1d-7e722de7481e, command=[]} | ret=SUCCESS |  
2019-08-21 09:16:55,180 | INFO  | SCMAudit | user=jenkins1000 | ip=192.168.34.50 | op=SEND_HEARTBEAT {datanodeUUID=2efe7137-c334-43ac-ad86-ba58d4ed3c70, command=[]} | ret=SUCCESS |  
2019-08-21 09:16:55,335 | INFO  | SCMAudit | user=jenkins1000 | ip=192.168.34.50 | op=SEND_HEARTBEAT {datanodeUUID=328a75f0-8ecf-454d-ac4a-ee464a922ba9, command=[]} | ret=SUCCESS |  
2019-08-21 09:16:55,737 | INFO  | SCMAudit | user=jenkins1000 | ip=192.168.34.50 | op=SEND_HEARTBEAT {datanodeUUID=b216f333-d584-463e-ac29-b520f4cc8032, command=[]} | ret=SUCCESS |  
2019-08-21 09:16:55,763 | INFO  | SCMAudit | user=jenkins1000 | ip=192.168.34.50 | op=SEND_HEARTBEAT {datanodeUUID=4fc6c8fa-e96e-43c4-8369-e0ca8a7014d6, command=[]} | ret=SUCCESS |  
2019-08-21 09:16:55,919 | INFO  | SCMAudit | user=jenkins1000 | ip=192.168.34.50 | op=SEND_HEARTBEAT {datanodeUUID=5ea20691-5ab9-4695-ab1d-7e722de7481e, command=[]} | ret=SUCCESS |  
2019-08-21 09:16:56,180 | INFO  | SCMAudit | user=jenkins1000 | ip=192.168.34.50 | op=SEND_HEARTBEAT {datanodeUUID=2efe7137-c334-43ac-ad86-ba58d4ed3c70, command=[]} | ret=SUCCESS |  
2019-08-21 09:16:56,334 | INFO  | SCMAudit | user=jenkins1000 | ip=192.168.34.50 | op=SEND_HEARTBEAT {datanodeUUID=328a75f0-8ecf-454d-ac4a-ee464a922ba9, command=[]} | ret=SUCCESS |  
2019-08-21 09:16:56,737 | INFO  | SCMAudit | user=jenkins1000 | ip=192.168.34.50 | op=SEND_HEARTBEAT {datanodeUUID=b216f333-d584-463e-ac29-b520f4cc8032, command=[]} | ret=SUCCESS |  
2019-08-21 09:16:56,763 | INFO  | SCMAudit | user=jenkins1000 | ip=192.168.34.50 | op=SEND_HEARTBEAT {datanodeUUID=4fc6c8fa-e96e-43c4-8369-e0ca8a7014d6, command=[]} | ret=SUCCESS |  
2019-08-21 09:16:56,920 | INFO  | SCMAudit | user=jenkins1000 | ip=192.168.34.50 | op=SEND_HEARTBEAT {datanodeUUID=5ea20691-5ab9-4695-ab1d-7e722de7481e, command=[]} | ret=SUCCESS |  
2019-08-21 09:16:57,180 | INFO  | SCMAudit | user=jenkins1000 | ip=192.168.34.50 | op=SEND_HEARTBEAT {datanodeUUID=2efe7137-c334-43ac-ad86-ba58d4ed3c70, command=[]} | ret=SUCCESS |  
2019-08-21 09:16:57,334 | INFO  | SCMAudit | user=jenkins1000 | ip=192.168.34.50 | op=SEND_HEARTBEAT {datanodeUUID=328a75f0-8ecf-454d-ac4a-ee464a922ba9, command=[]} | ret=SUCCESS |  
2019-08-21 09:16:57,687 [ForkJoinPool.commonPool-worker-1] INFO  ozoneimpl.OzoneContainer (OzoneContainer.java:stop(199)) - Attempting to stop container services.
2019-08-21 09:16:57,687 [main] INFO  ozoneimpl.OzoneContainer (OzoneContainer.java:stop(199)) - Attempting to stop container services.
2019-08-21 09:16:57,688 [ForkJoinPool.commonPool-worker-1] INFO  impl.RaftServerProxy (RaftServerProxy.java:lambda$close$4(314)) - a8271a13-8b98-4259-a956-3406fefc9571: close
2019-08-21 09:16:57,689 [main] INFO  impl.RaftServerProxy (RaftServerProxy.java:lambda$close$4(314)) - d93e8726-51c7-48e5-91db-a9280c3a0547: close
2019-08-21 09:16:57,689 [ForkJoinPool.commonPool-worker-1] INFO  impl.RaftServerImpl (RaftServerImpl.java:lambda$shutdown$3(245)) - a8271a13-8b98-4259-a956-3406fefc9571: shutdown group-159FDE3C55F8
2019-08-21 09:16:57,689 [main] INFO  impl.RaftServerImpl (RaftServerImpl.java:lambda$shutdown$3(245)) - d93e8726-51c7-48e5-91db-a9280c3a0547: shutdown group-2DB290805B48
2019-08-21 09:16:57,690 [ForkJoinPool.commonPool-worker-1] INFO  util.JmxRegister (JmxRegister.java:unregister(73)) - Successfully un-registered JMX Bean with object name Ratis:service=RaftServer,group=group-159FDE3C55F8,id=a8271a13-8b98-4259-a956-3406fefc9571
2019-08-21 09:16:57,690 [main] INFO  util.JmxRegister (JmxRegister.java:unregister(73)) - Successfully un-registered JMX Bean with object name Ratis:service=RaftServer,group=group-2DB290805B48,id=d93e8726-51c7-48e5-91db-a9280c3a0547
2019-08-21 09:16:57,690 [ForkJoinPool.commonPool-worker-1] INFO  impl.RoleInfo (RoleInfo.java:shutdownFollowerState(121)) - a8271a13-8b98-4259-a956-3406fefc9571: shutdown FollowerState
2019-08-21 09:16:57,691 [main] INFO  impl.RoleInfo (RoleInfo.java:shutdownLeaderState(104)) - d93e8726-51c7-48e5-91db-a9280c3a0547: shutdown LeaderState
2019-08-21 09:16:57,691 [StateMachineUpdater:a8271a13-8b98-4259-a956-3406fefc9571:group-159FDE3C55F8] INFO  ratis.ContainerStateMachine (ContainerStateMachine.java:takeSnapshot(283)) - group-159FDE3C55F8: Taking a snapshot at:(t:1, i:6) file /workdir/hadoop-ozone/integration-test/target/test-dir/MiniOzoneClusterImpl-8d39adcc-ca79-4cf5-8766-ebbdd557e88b/datanode-1/data/ratis/191e0a43-1f0e-453c-833c-159fde3c55f8/sm/snapshot.1_6
2019-08-21 09:16:57,691 [Thread-741] INFO  impl.FollowerState (FollowerState.java:run(114)) - a8271a13-8b98-4259-a956-3406fefc9571: FollowerState was interrupted: java.lang.InterruptedException: sleep interrupted
2019-08-21 09:16:57,691 [ForkJoinPool.commonPool-worker-1] INFO  impl.StateMachineUpdater (StateMachineUpdater.java:stopAndJoin(115)) - StateMachineUpdater:a8271a13-8b98-4259-a956-3406fefc9571:group-159FDE3C55F8: set stopIndex = 8
2019-08-21 09:16:57,692 [main] INFO  impl.PendingRequests (PendingRequests.java:sendNotLeaderResponses(202)) - d93e8726-51c7-48e5-91db-a9280c3a0547-PendingRequests: sendNotLeaderResponses
2019-08-21 09:16:57,699 [StateMachineUpdater:a8271a13-8b98-4259-a956-3406fefc9571:group-159FDE3C55F8] INFO  ratis.ContainerStateMachine (ContainerStateMachine.java:takeSnapshot(294)) - group-159FDE3C55F8: Finished taking a snapshot at:(t:1, i:6) file:/workdir/hadoop-ozone/integration-test/target/test-dir/MiniOzoneClusterImpl-8d39adcc-ca79-4cf5-8766-ebbdd557e88b/datanode-1/data/ratis/191e0a43-1f0e-453c-833c-159fde3c55f8/sm/snapshot.1_6 time:8
2019-08-21 09:16:57,700 [StateMachineUpdater:a8271a13-8b98-4259-a956-3406fefc9571:group-159FDE3C55F8] INFO  impl.StateMachineUpdater (StateMachineUpdater.java:takeSnapshot(242)) - StateMachineUpdater:a8271a13-8b98-4259-a956-3406fefc9571:group-159FDE3C55F8: Took a snapshot at index 6
2019-08-21 09:16:57,700 [main] INFO  impl.StateMachineUpdater (StateMachineUpdater.java:stopAndJoin(115)) - StateMachineUpdater:d93e8726-51c7-48e5-91db-a9280c3a0547:group-2DB290805B48: set stopIndex = 0
2019-08-21 09:16:57,703 [main] INFO  impl.RaftServerImpl (ServerState.java:close(394)) - d93e8726-51c7-48e5-91db-a9280c3a0547:group-2DB290805B48 closes. The last applied log index is 0
2019-08-21 09:16:57,700 [StateMachineUpdater:a8271a13-8b98-4259-a956-3406fefc9571:group-159FDE3C55F8] INFO  impl.StateMachineUpdater (StateMachineUpdater.java:lambda$new$0(80)) - StateMachineUpdater:a8271a13-8b98-4259-a956-3406fefc9571:group-159FDE3C55F8: snapshotIndex: updateIncreasingly -1 -> 6
2019-08-21 09:16:57,704 [d93e8726-51c7-48e5-91db-a9280c3a0547-SegmentedRaftLogWorker:Storage Directory /workdir/hadoop-ozone/integration-test/target/test-dir/MiniOzoneClusterImpl-8d39adcc-ca79-4cf5-8766-ebbdd557e88b/datanode-4/data/ratis/18441a13-a4f2-48ce-9211-2db290805b48] INFO  segmented.SegmentedRaftLogWorker (SegmentedRaftLogWorker.java:run(313)) - d93e8726-51c7-48e5-91db-a9280c3a0547-SegmentedRaftLogWorker:Storage Directory /workdir/hadoop-ozone/integration-test/target/test-dir/MiniOzoneClusterImpl-8d39adcc-ca79-4cf5-8766-ebbdd557e88b/datanode-4/data/ratis/18441a13-a4f2-48ce-9211-2db290805b48 was interrupted, exiting. There are 0 tasks remaining in the queue.
2019-08-21 09:16:57,704 [ForkJoinPool.commonPool-worker-1] INFO  impl.RaftServerImpl (ServerState.java:close(394)) - a8271a13-8b98-4259-a956-3406fefc9571:group-159FDE3C55F8 closes. The last applied log index is 8
2019-08-21 09:16:57,708 [main] INFO  segmented.SegmentedRaftLogWorker (SegmentedRaftLogWorker.java:close(228)) - d93e8726-51c7-48e5-91db-a9280c3a0547-SegmentedRaftLogWorker:Storage Directory /workdir/hadoop-ozone/integration-test/target/test-dir/MiniOzoneClusterImpl-8d39adcc-ca79-4cf5-8766-ebbdd557e88b/datanode-4/data/ratis/18441a13-a4f2-48ce-9211-2db290805b48 close()
2019-08-21 09:16:57,708 [a8271a13-8b98-4259-a956-3406fefc9571-SegmentedRaftLogWorker:Storage Directory /workdir/hadoop-ozone/integration-test/target/test-dir/MiniOzoneClusterImpl-8d39adcc-ca79-4cf5-8766-ebbdd557e88b/datanode-1/data/ratis/191e0a43-1f0e-453c-833c-159fde3c55f8] INFO  segmented.SegmentedRaftLogWorker (SegmentedRaftLogWorker.java:run(313)) - a8271a13-8b98-4259-a956-3406fefc9571-SegmentedRaftLogWorker:Storage Directory /workdir/hadoop-ozone/integration-test/target/test-dir/MiniOzoneClusterImpl-8d39adcc-ca79-4cf5-8766-ebbdd557e88b/datanode-1/data/ratis/191e0a43-1f0e-453c-833c-159fde3c55f8 was interrupted, exiting. There are 0 tasks remaining in the queue.
2019-08-21 09:16:57,715 [main] INFO  impl.RaftServerImpl (RaftServerImpl.java:lambda$shutdown$3(245)) - d93e8726-51c7-48e5-91db-a9280c3a0547: shutdown group-5055C7B86944
2019-08-21 09:16:57,715 [ForkJoinPool.commonPool-worker-1] INFO  segmented.SegmentedRaftLogWorker (SegmentedRaftLogWorker.java:close(228)) - a8271a13-8b98-4259-a956-3406fefc9571-SegmentedRaftLogWorker:Storage Directory /workdir/hadoop-ozone/integration-test/target/test-dir/MiniOzoneClusterImpl-8d39adcc-ca79-4cf5-8766-ebbdd557e88b/datanode-1/data/ratis/191e0a43-1f0e-453c-833c-159fde3c55f8 close()
2019-08-21 09:16:57,716 [main] INFO  util.JmxRegister (JmxRegister.java:unregister(73)) - Successfully un-registered JMX Bean with object name Ratis:service=RaftServer,group=group-5055C7B86944,id=d93e8726-51c7-48e5-91db-a9280c3a0547
2019-08-21 09:16:57,721 [main] INFO  impl.RoleInfo (RoleInfo.java:shutdownFollowerState(121)) - d93e8726-51c7-48e5-91db-a9280c3a0547: shutdown FollowerState
2019-08-21 09:16:57,720 [ForkJoinPool.commonPool-worker-1] INFO  impl.RaftServerImpl (RaftServerImpl.java:lambda$shutdown$3(245)) - a8271a13-8b98-4259-a956-3406fefc9571: shutdown group-2AD6B67F6A44
2019-08-21 09:16:57,721 [Thread-820] INFO  impl.FollowerState (FollowerState.java:run(114)) - d93e8726-51c7-48e5-91db-a9280c3a0547: FollowerState was interrupted: java.lang.InterruptedException: sleep interrupted
2019-08-21 09:16:57,721 [main] INFO  impl.StateMachineUpdater (StateMachineUpdater.java:stopAndJoin(115)) - StateMachineUpdater:d93e8726-51c7-48e5-91db-a9280c3a0547:group-5055C7B86944: set stopIndex = 0
2019-08-21 09:16:57,727 [main] INFO  impl.RaftServerImpl (ServerState.java:close(394)) - d93e8726-51c7-48e5-91db-a9280c3a0547:group-5055C7B86944 closes. The last applied log index is 0
2019-08-21 09:16:57,724 [ForkJoinPool.commonPool-worker-1] INFO  util.JmxRegister (JmxRegister.java:unregister(73)) - Successfully un-registered JMX Bean with object name Ratis:service=RaftServer,group=group-2AD6B67F6A44,id=a8271a13-8b98-4259-a956-3406fefc9571
2019-08-21 09:16:57,728 [d93e8726-51c7-48e5-91db-a9280c3a0547-SegmentedRaftLogWorker:Storage Directory /workdir/hadoop-ozone/integration-test/target/test-dir/MiniOzoneClusterImpl-8d39adcc-ca79-4cf5-8766-ebbdd557e88b/datanode-4/data/ratis/2148e972-04a0-47fb-9826-5055c7b86944] INFO  segmented.SegmentedRaftLogWorker (SegmentedRaftLogWorker.java:run(313)) - d93e8726-51c7-48e5-91db-a9280c3a0547-SegmentedRaftLogWorker:Storage Directory /workdir/hadoop-ozone/integration-test/target/test-dir/MiniOzoneClusterImpl-8d39adcc-ca79-4cf5-8766-ebbdd557e88b/datanode-4/data/ratis/2148e972-04a0-47fb-9826-5055c7b86944 was interrupted, exiting. There are 0 tasks remaining in the queue.
2019-08-21 09:16:57,728 [ForkJoinPool.commonPool-worker-1] INFO  impl.RoleInfo (RoleInfo.java:shutdownLeaderState(104)) - a8271a13-8b98-4259-a956-3406fefc9571: shutdown LeaderState
2019-08-21 09:16:57,730 [main] INFO  segmented.SegmentedRaftLogWorker (SegmentedRaftLogWorker.java:close(228)) - d93e8726-51c7-48e5-91db-a9280c3a0547-SegmentedRaftLogWorker:Storage Directory /workdir/hadoop-ozone/integration-test/target/test-dir/MiniOzoneClusterImpl-8d39adcc-ca79-4cf5-8766-ebbdd557e88b/datanode-4/data/ratis/2148e972-04a0-47fb-9826-5055c7b86944 close()
2019-08-21 09:16:57,730 [ForkJoinPool.commonPool-worker-1] INFO  impl.PendingRequests (PendingRequests.java:sendNotLeaderResponses(202)) - a8271a13-8b98-4259-a956-3406fefc9571-PendingRequests: sendNotLeaderResponses
2019-08-21 09:16:57,735 [main] INFO  server.GrpcService (GrpcService.java:closeImpl(155)) - d93e8726-51c7-48e5-91db-a9280c3a0547: shutdown server with port 44816 now
2019-08-21 09:16:57,736 [ForkJoinPool.commonPool-worker-1] INFO  impl.StateMachineUpdater (StateMachineUpdater.java:stopAndJoin(115)) - StateMachineUpdater:a8271a13-8b98-4259-a956-3406fefc9571:group-2AD6B67F6A44: set stopIndex = 0
2019-08-21 09:16:57,739 | INFO  | SCMAudit | user=jenkins1000 | ip=192.168.34.50 | op=SEND_HEARTBEAT {datanodeUUID=b216f333-d584-463e-ac29-b520f4cc8032, command=[]} | ret=SUCCESS |  
2019-08-21 09:16:57,739 [ForkJoinPool.commonPool-worker-1] INFO  impl.RaftServerImpl (ServerState.java:close(394)) - a8271a13-8b98-4259-a956-3406fefc9571:group-2AD6B67F6A44 closes. The last applied log index is 0
2019-08-21 09:16:57,739 [a8271a13-8b98-4259-a956-3406fefc9571-SegmentedRaftLogWorker:Storage Directory /workdir/hadoop-ozone/integration-test/target/test-dir/MiniOzoneClusterImpl-8d39adcc-ca79-4cf5-8766-ebbdd557e88b/datanode-1/data/ratis/c12c0a9c-0442-4b60-8263-2ad6b67f6a44] INFO  segmented.SegmentedRaftLogWorker (SegmentedRaftLogWorker.java:run(313)) - a8271a13-8b98-4259-a956-3406fefc9571-SegmentedRaftLogWorker:Storage Directory /workdir/hadoop-ozone/integration-test/target/test-dir/MiniOzoneClusterImpl-8d39adcc-ca79-4cf5-8766-ebbdd557e88b/datanode-1/data/ratis/c12c0a9c-0442-4b60-8263-2ad6b67f6a44 was interrupted, exiting. There are 0 tasks remaining in the queue.
2019-08-21 09:16:57,742 [ForkJoinPool.commonPool-worker-1] INFO  segmented.SegmentedRaftLogWorker (SegmentedRaftLogWorker.java:close(228)) - a8271a13-8b98-4259-a956-3406fefc9571-SegmentedRaftLogWorker:Storage Directory /workdir/hadoop-ozone/integration-test/target/test-dir/MiniOzoneClusterImpl-8d39adcc-ca79-4cf5-8766-ebbdd557e88b/datanode-1/data/ratis/c12c0a9c-0442-4b60-8263-2ad6b67f6a44 close()
2019-08-21 09:16:57,759 [ForkJoinPool.commonPool-worker-1] INFO  server.GrpcService (GrpcService.java:closeImpl(155)) - a8271a13-8b98-4259-a956-3406fefc9571: shutdown server with port 42205 now
2019-08-21 09:16:57,759 [main] INFO  server.GrpcService (GrpcService.java:closeImpl(163)) - d93e8726-51c7-48e5-91db-a9280c3a0547: shutdown server with port 44816 successfully
2019-08-21 09:16:57,760 [grpc-default-executor-1] WARN  server.GrpcServerProtocolService (LogUtils.java:warn(134)) - d93e8726-51c7-48e5-91db-a9280c3a0547: appendEntries onError: org.apache.ratis.thirdparty.io.grpc.StatusRuntimeException: CANCELLED: cancelled before receiving half close
2019-08-21 09:16:57,760 [grpc-default-executor-5] WARN  server.GrpcLogAppender (LogUtils.java:warn(134)) - 5ea20691-5ab9-4695-ab1d-7e722de7481e->d93e8726-51c7-48e5-91db-a9280c3a0547: Failed appendEntries: org.apache.ratis.thirdparty.io.grpc.StatusRuntimeException: CANCELLED: HTTP/2 error code: CANCEL
Received Rst Stream
2019-08-21 09:16:57,761 [grpc-default-executor-6] WARN  server.GrpcServerProtocolService (LogUtils.java:warn(134)) - a8271a13-8b98-4259-a956-3406fefc9571: appendEntries onError: org.apache.ratis.thirdparty.io.grpc.StatusRuntimeException: CANCELLED: cancelled before receiving half close
2019-08-21 09:16:57,761 [grpc-default-executor-8] WARN  client.GrpcClientProtocolService (LogUtils.java:warn(134)) - 32-OrderedRequestStreamObserver32: onError: org.apache.ratis.thirdparty.io.grpc.StatusRuntimeException: CANCELLED: cancelled before receiving half close
2019-08-21 09:16:57,761 [ForkJoinPool.commonPool-worker-1] INFO  server.GrpcService (GrpcService.java:closeImpl(163)) - a8271a13-8b98-4259-a956-3406fefc9571: shutdown server with port 42205 successfully
2019-08-21 09:16:57,761 [grpc-default-executor-5] INFO  impl.FollowerInfo (FollowerInfo.java:lambda$new$0(50)) - 5ea20691-5ab9-4695-ab1d-7e722de7481e->d93e8726-51c7-48e5-91db-a9280c3a0547: nextIndex: updateUnconditionally 1 -> 0
2019-08-21 09:16:57,762 [grpc-default-executor-7] WARN  server.GrpcLogAppender (LogUtils.java:warn(134)) - b216f333-d584-463e-ac29-b520f4cc8032->a8271a13-8b98-4259-a956-3406fefc9571: Failed appendEntries: org.apache.ratis.thirdparty.io.grpc.StatusRuntimeException: CANCELLED: HTTP/2 error code: CANCEL
Received Rst Stream
2019-08-21 09:16:57,763 [main] INFO  utils.BackgroundService (BackgroundService.java:shutdown(148)) - Shutting down service BlockDeletingService
2019-08-21 09:16:57,763 | INFO  | SCMAudit | user=jenkins1000 | ip=192.168.34.50 | op=SEND_HEARTBEAT {datanodeUUID=4fc6c8fa-e96e-43c4-8369-e0ca8a7014d6, command=[]} | ret=SUCCESS |  
2019-08-21 09:16:57,763 [grpc-default-executor-7] INFO  impl.FollowerInfo (FollowerInfo.java:lambda$new$0(50)) - b216f333-d584-463e-ac29-b520f4cc8032->a8271a13-8b98-4259-a956-3406fefc9571: nextIndex: updateUnconditionally 9 -> 8
2019-08-21 09:16:57,764 [ForkJoinPool.commonPool-worker-1] INFO  utils.BackgroundService (BackgroundService.java:shutdown(148)) - Shutting down service BlockDeletingService
2019-08-21 09:16:57,770 [refreshUsed-/workdir/hadoop-ozone/integration-test/target/test-dir/MiniOzoneClusterImpl-8d39adcc-ca79-4cf5-8766-ebbdd557e88b/datanode-1/data/containers] WARN  fs.CachingGetSpaceUsed (CachingGetSpaceUsed.java:run(183)) - Thread Interrupted waiting to refresh disk information: sleep interrupted
2019-08-21 09:16:57,771 [refreshUsed-/workdir/hadoop-ozone/integration-test/target/test-dir/MiniOzoneClusterImpl-8d39adcc-ca79-4cf5-8766-ebbdd557e88b/datanode-4/data/containers] WARN  fs.CachingGetSpaceUsed (CachingGetSpaceUsed.java:run(183)) - Thread Interrupted waiting to refresh disk information: sleep interrupted
2019-08-21 09:16:57,798 [ForkJoinPool.commonPool-worker-1] INFO  statemachine.DatanodeStateMachine (DatanodeStateMachine.java:stopDaemon(395)) - Ozone container server stopped.
2019-08-21 09:16:57,810 [main] INFO  statemachine.DatanodeStateMachine (DatanodeStateMachine.java:stopDaemon(395)) - Ozone container server stopped.
2019-08-21 09:16:57,810 [ForkJoinPool.commonPool-worker-1] INFO  handler.ContextHandler (ContextHandler.java:doStop(910)) - Stopped o.e.j.w.WebAppContext@214fba74{/,null,UNAVAILABLE}{/hddsDatanode}
2019-08-21 09:16:57,811 [main] INFO  handler.ContextHandler (ContextHandler.java:doStop(910)) - Stopped o.e.j.w.WebAppContext@362be0cd{/,null,UNAVAILABLE}{/hddsDatanode}
2019-08-21 09:16:57,811 [ForkJoinPool.commonPool-worker-1] INFO  server.AbstractConnector (AbstractConnector.java:doStop(318)) - Stopped ServerConnector@252c6cdb{HTTP/1.1,[http/1.1]}{0.0.0.0:0}
2019-08-21 09:16:57,814 [ForkJoinPool.commonPool-worker-1] INFO  handler.ContextHandler (ContextHandler.java:doStop(910)) - Stopped o.e.j.s.ServletContextHandler@20faaf77{/static,jar:file:/home/user/.m2/repository/org/apache/hadoop/hadoop-hdds-container-service/0.5.0-SNAPSHOT/hadoop-hdds-container-service-0.5.0-SNAPSHOT.jar!/webapps/static,UNAVAILABLE}
2019-08-21 09:16:57,814 [main] INFO  server.AbstractConnector (AbstractConnector.java:doStop(318)) - Stopped ServerConnector@2dde0a34{HTTP/1.1,[http/1.1]}{0.0.0.0:0}
2019-08-21 09:16:57,816 [ForkJoinPool.commonPool-worker-1] INFO  handler.ContextHandler (ContextHandler.java:doStop(910)) - Stopped o.e.j.s.ServletContextHandler@3e4afd10{/logs,file:///workdir/hadoop-ozone/integration-test/target/log,UNAVAILABLE}
2019-08-21 09:16:57,816 [main] INFO  handler.ContextHandler (ContextHandler.java:doStop(910)) - Stopped o.e.j.s.ServletContextHandler@197d5a87{/static,jar:file:/home/user/.m2/repository/org/apache/hadoop/hadoop-hdds-container-service/0.5.0-SNAPSHOT/hadoop-hdds-container-service-0.5.0-SNAPSHOT.jar!/webapps/static,UNAVAILABLE}
2019-08-21 09:16:57,817 [main] INFO  handler.ContextHandler (ContextHandler.java:doStop(910)) - Stopped o.e.j.s.ServletContextHandler@79617c3d{/logs,file:///workdir/hadoop-ozone/integration-test/target/log,UNAVAILABLE}
2019-08-21 09:16:57,817 [ForkJoinPool.commonPool-worker-1] INFO  datanode.ObjectStoreHandler (ObjectStoreHandler.java:close(155)) - Closing ObjectStoreHandler.
2019-08-21 09:16:57,819 [main] INFO  datanode.ObjectStoreHandler (ObjectStoreHandler.java:close(155)) - Closing ObjectStoreHandler.
2019-08-21 09:16:57,819 [ForkJoinPool.commonPool-worker-1] INFO  ozone.HddsDatanodeService (HddsDatanodeService.java:stop(457)) - Stopped plug-in org.apache.hadoop.ozone.web.OzoneHddsDatanodeService@5477d90e
2019-08-21 09:16:57,819 [main] INFO  ozone.HddsDatanodeService (HddsDatanodeService.java:stop(457)) - Stopped plug-in org.apache.hadoop.ozone.web.OzoneHddsDatanodeService@17ae13d5
2019-08-21 09:16:57,920 | INFO  | SCMAudit | user=jenkins1000 | ip=192.168.34.50 | op=SEND_HEARTBEAT {datanodeUUID=5ea20691-5ab9-4695-ab1d-7e722de7481e, command=[]} | ret=SUCCESS |  
2019-08-21 09:16:58,180 | INFO  | SCMAudit | user=jenkins1000 | ip=192.168.34.50 | op=SEND_HEARTBEAT {datanodeUUID=2efe7137-c334-43ac-ad86-ba58d4ed3c70, command=[]} | ret=SUCCESS |  
2019-08-21 09:16:58,333 [Datanode State Machine Thread - 0] INFO  statemachine.DatanodeStateMachine (DatanodeStateMachine.java:lambda$startDaemon$0(350)) - Ozone container server started.
2019-08-21 09:16:58,740 | INFO  | SCMAudit | user=jenkins1000 | ip=192.168.34.50 | op=SEND_HEARTBEAT {datanodeUUID=b216f333-d584-463e-ac29-b520f4cc8032, command=[]} | ret=SUCCESS |  
2019-08-21 09:16:58,763 [Datanode State Machine Thread - 0] INFO  statemachine.DatanodeStateMachine (DatanodeStateMachine.java:lambda$startDaemon$0(350)) - Ozone container server started.
2019-08-21 09:16:58,919 | INFO  | SCMAudit | user=jenkins1000 | ip=192.168.34.50 | op=SEND_HEARTBEAT {datanodeUUID=5ea20691-5ab9-4695-ab1d-7e722de7481e, command=[]} | ret=SUCCESS |  
2019-08-21 09:16:58,964 [grpc-default-executor-5] WARN  server.GrpcLogAppender (LogUtils.java:warn(134)) - 5ea20691-5ab9-4695-ab1d-7e722de7481e->d93e8726-51c7-48e5-91db-a9280c3a0547: Failed appendEntries: org.apache.ratis.thirdparty.io.grpc.StatusRuntimeException: UNAVAILABLE: io exception
2019-08-21 09:16:58,966 [grpc-default-executor-5] INFO  impl.FollowerInfo (FollowerInfo.java:lambda$new$0(50)) - 5ea20691-5ab9-4695-ab1d-7e722de7481e->d93e8726-51c7-48e5-91db-a9280c3a0547: nextIndex: updateUnconditionally 0 -> 0
2019-08-21 09:16:59,181 | INFO  | SCMAudit | user=jenkins1000 | ip=192.168.34.50 | op=SEND_HEARTBEAT {datanodeUUID=2efe7137-c334-43ac-ad86-ba58d4ed3c70, command=[]} | ret=SUCCESS |  
2019-08-21 09:16:59,740 | INFO  | SCMAudit | user=jenkins1000 | ip=192.168.34.50 | op=SEND_HEARTBEAT {datanodeUUID=b216f333-d584-463e-ac29-b520f4cc8032, command=[]} | ret=SUCCESS |  
2019-08-21 09:16:59,920 | INFO  | SCMAudit | user=jenkins1000 | ip=192.168.34.50 | op=SEND_HEARTBEAT {datanodeUUID=5ea20691-5ab9-4695-ab1d-7e722de7481e, command=[]} | ret=SUCCESS |  
2019-08-21 09:17:00,180 | INFO  | SCMAudit | user=jenkins1000 | ip=192.168.34.50 | op=SEND_HEARTBEAT {datanodeUUID=2efe7137-c334-43ac-ad86-ba58d4ed3c70, command=[]} | ret=SUCCESS |  
2019-08-21 09:17:00,188 [grpc-default-executor-6] WARN  server.GrpcLogAppender (LogUtils.java:warn(134)) - b216f333-d584-463e-ac29-b520f4cc8032->a8271a13-8b98-4259-a956-3406fefc9571: Failed appendEntries: org.apache.ratis.thirdparty.io.grpc.StatusRuntimeException: UNAVAILABLE: io exception
2019-08-21 09:17:00,191 [grpc-default-executor-6] INFO  impl.FollowerInfo (FollowerInfo.java:lambda$new$0(50)) - b216f333-d584-463e-ac29-b520f4cc8032->a8271a13-8b98-4259-a956-3406fefc9571: nextIndex: updateUnconditionally 8 -> 7
2019-08-21 09:17:00,741 | INFO  | SCMAudit | user=jenkins1000 | ip=192.168.34.50 | op=SEND_HEARTBEAT {datanodeUUID=b216f333-d584-463e-ac29-b520f4cc8032, command=[]} | ret=SUCCESS |  
2019-08-21 09:17:00,919 | INFO  | SCMAudit | user=jenkins1000 | ip=192.168.34.50 | op=SEND_HEARTBEAT {datanodeUUID=5ea20691-5ab9-4695-ab1d-7e722de7481e, command=[]} | ret=SUCCESS |  
2019-08-21 09:17:01,181 | INFO  | SCMAudit | user=jenkins1000 | ip=192.168.34.50 | op=SEND_HEARTBEAT {datanodeUUID=2efe7137-c334-43ac-ad86-ba58d4ed3c70, command=[]} | ret=SUCCESS |  
2019-08-21 09:17:01,450 [grpc-default-executor-8] WARN  server.GrpcLogAppender (LogUtils.java:warn(134)) - 5ea20691-5ab9-4695-ab1d-7e722de7481e->d93e8726-51c7-48e5-91db-a9280c3a0547: Failed appendEntries: org.apache.ratis.thirdparty.io.grpc.StatusRuntimeException: UNAVAILABLE: io exception
2019-08-21 09:17:01,454 [grpc-default-executor-8] INFO  impl.FollowerInfo (FollowerInfo.java:lambda$new$0(50)) - 5ea20691-5ab9-4695-ab1d-7e722de7481e->d93e8726-51c7-48e5-91db-a9280c3a0547: nextIndex: updateUnconditionally 0 -> 0
2019-08-21 09:17:01,740 | INFO  | SCMAudit | user=jenkins1000 | ip=192.168.34.50 | op=SEND_HEARTBEAT {datanodeUUID=b216f333-d584-463e-ac29-b520f4cc8032, command=[]} | ret=SUCCESS |  
2019-08-21 09:17:01,919 | INFO  | SCMAudit | user=jenkins1000 | ip=192.168.34.50 | op=SEND_HEARTBEAT {datanodeUUID=5ea20691-5ab9-4695-ab1d-7e722de7481e, command=[]} | ret=SUCCESS |  
2019-08-21 09:17:02,181 | INFO  | SCMAudit | user=jenkins1000 | ip=192.168.34.50 | op=SEND_HEARTBEAT {datanodeUUID=2efe7137-c334-43ac-ad86-ba58d4ed3c70, command=[]} | ret=SUCCESS |  
2019-08-21 09:17:02,689 [grpc-default-executor-7] WARN  server.GrpcLogAppender (LogUtils.java:warn(134)) - b216f333-d584-463e-ac29-b520f4cc8032->a8271a13-8b98-4259-a956-3406fefc9571: Failed appendEntries: org.apache.ratis.thirdparty.io.grpc.StatusRuntimeException: UNAVAILABLE: io exception
2019-08-21 09:17:02,693 [grpc-default-executor-7] INFO  impl.FollowerInfo (FollowerInfo.java:lambda$new$0(50)) - b216f333-d584-463e-ac29-b520f4cc8032->a8271a13-8b98-4259-a956-3406fefc9571: nextIndex: updateUnconditionally 7 -> 6
2019-08-21 09:17:02,741 | INFO  | SCMAudit | user=jenkins1000 | ip=192.168.34.50 | op=SEND_HEARTBEAT {datanodeUUID=b216f333-d584-463e-ac29-b520f4cc8032, command=[]} | ret=SUCCESS |  
2019-08-21 09:17:02,820 [ForkJoinPool.commonPool-worker-1] INFO  ozoneimpl.OzoneContainer (OzoneContainer.java:stop(199)) - Attempting to stop container services.
2019-08-21 09:17:02,820 [main] INFO  ozoneimpl.OzoneContainer (OzoneContainer.java:stop(199)) - Attempting to stop container services.
2019-08-21 09:17:02,820 [ForkJoinPool.commonPool-worker-1] INFO  impl.RaftServerProxy (RaftServerProxy.java:lambda$close$4(314)) - 4fc6c8fa-e96e-43c4-8369-e0ca8a7014d6: close
2019-08-21 09:17:02,820 [main] INFO  impl.RaftServerProxy (RaftServerProxy.java:lambda$close$4(314)) - 328a75f0-8ecf-454d-ac4a-ee464a922ba9: close
2019-08-21 09:17:02,821 [ForkJoinPool.commonPool-worker-1] INFO  impl.RaftServerImpl (RaftServerImpl.java:lambda$shutdown$3(245)) - 4fc6c8fa-e96e-43c4-8369-e0ca8a7014d6: shutdown group-6E6320E92075
2019-08-21 09:17:02,821 [main] INFO  impl.RaftServerImpl (RaftServerImpl.java:lambda$shutdown$3(245)) - 328a75f0-8ecf-454d-ac4a-ee464a922ba9: shutdown group-69A391C67218
2019-08-21 09:17:02,821 [ForkJoinPool.commonPool-worker-1] INFO  util.JmxRegister (JmxRegister.java:unregister(73)) - Successfully un-registered JMX Bean with object name Ratis:service=RaftServer,group=group-6E6320E92075,id=4fc6c8fa-e96e-43c4-8369-e0ca8a7014d6
2019-08-21 09:17:02,822 [main] INFO  util.JmxRegister (JmxRegister.java:unregister(73)) - Successfully un-registered JMX Bean with object name Ratis:service=RaftServer,group=group-69A391C67218,id=328a75f0-8ecf-454d-ac4a-ee464a922ba9
2019-08-21 09:17:02,826 [main] INFO  impl.RoleInfo (RoleInfo.java:shutdownLeaderState(104)) - 328a75f0-8ecf-454d-ac4a-ee464a922ba9: shutdown LeaderState
2019-08-21 09:17:02,822 [ForkJoinPool.commonPool-worker-1] INFO  impl.RoleInfo (RoleInfo.java:shutdownLeaderState(104)) - 4fc6c8fa-e96e-43c4-8369-e0ca8a7014d6: shutdown LeaderState
2019-08-21 09:17:02,826 [main] INFO  impl.PendingRequests (PendingRequests.java:sendNotLeaderResponses(202)) - 328a75f0-8ecf-454d-ac4a-ee464a922ba9-PendingRequests: sendNotLeaderResponses
2019-08-21 09:17:02,827 [ForkJoinPool.commonPool-worker-1] INFO  impl.PendingRequests (PendingRequests.java:sendNotLeaderResponses(202)) - 4fc6c8fa-e96e-43c4-8369-e0ca8a7014d6-PendingRequests: sendNotLeaderResponses
2019-08-21 09:17:02,827 [main] INFO  impl.StateMachineUpdater (StateMachineUpdater.java:stopAndJoin(115)) - StateMachineUpdater:328a75f0-8ecf-454d-ac4a-ee464a922ba9:group-69A391C67218: set stopIndex = 0
2019-08-21 09:17:02,831 [ForkJoinPool.commonPool-worker-1] INFO  impl.StateMachineUpdater (StateMachineUpdater.java:stopAndJoin(115)) - StateMachineUpdater:4fc6c8fa-e96e-43c4-8369-e0ca8a7014d6:group-6E6320E92075: set stopIndex = 0
2019-08-21 09:17:02,831 [main] INFO  impl.RaftServerImpl (ServerState.java:close(394)) - 328a75f0-8ecf-454d-ac4a-ee464a922ba9:group-69A391C67218 closes. The last applied log index is 0
2019-08-21 09:17:02,833 [ForkJoinPool.commonPool-worker-1] INFO  impl.RaftServerImpl (ServerState.java:close(394)) - 4fc6c8fa-e96e-43c4-8369-e0ca8a7014d6:group-6E6320E92075 closes. The last applied log index is 0
2019-08-21 09:17:02,834 [328a75f0-8ecf-454d-ac4a-ee464a922ba9-SegmentedRaftLogWorker:Storage Directory /workdir/hadoop-ozone/integration-test/target/test-dir/MiniOzoneClusterImpl-8d39adcc-ca79-4cf5-8766-ebbdd557e88b/datanode-3/data/ratis/ee1e8ba9-ed7a-402d-a003-69a391c67218] INFO  segmented.SegmentedRaftLogWorker (SegmentedRaftLogWorker.java:run(313)) - 328a75f0-8ecf-454d-ac4a-ee464a922ba9-SegmentedRaftLogWorker:Storage Directory /workdir/hadoop-ozone/integration-test/target/test-dir/MiniOzoneClusterImpl-8d39adcc-ca79-4cf5-8766-ebbdd557e88b/datanode-3/data/ratis/ee1e8ba9-ed7a-402d-a003-69a391c67218 was interrupted, exiting. There are 0 tasks remaining in the queue.
2019-08-21 09:17:02,834 [4fc6c8fa-e96e-43c4-8369-e0ca8a7014d6-SegmentedRaftLogWorker:Storage Directory /workdir/hadoop-ozone/integration-test/target/test-dir/MiniOzoneClusterImpl-8d39adcc-ca79-4cf5-8766-ebbdd557e88b/datanode-2/data/ratis/387b5fbf-477e-43e3-a5c5-6e6320e92075] INFO  segmented.SegmentedRaftLogWorker (SegmentedRaftLogWorker.java:run(313)) - 4fc6c8fa-e96e-43c4-8369-e0ca8a7014d6-SegmentedRaftLogWorker:Storage Directory /workdir/hadoop-ozone/integration-test/target/test-dir/MiniOzoneClusterImpl-8d39adcc-ca79-4cf5-8766-ebbdd557e88b/datanode-2/data/ratis/387b5fbf-477e-43e3-a5c5-6e6320e92075 was interrupted, exiting. There are 0 tasks remaining in the queue.
2019-08-21 09:17:02,837 [main] INFO  segmented.SegmentedRaftLogWorker (SegmentedRaftLogWorker.java:close(228)) - 328a75f0-8ecf-454d-ac4a-ee464a922ba9-SegmentedRaftLogWorker:Storage Directory /workdir/hadoop-ozone/integration-test/target/test-dir/MiniOzoneClusterImpl-8d39adcc-ca79-4cf5-8766-ebbdd557e88b/datanode-3/data/ratis/ee1e8ba9-ed7a-402d-a003-69a391c67218 close()
2019-08-21 09:17:02,841 [main] INFO  impl.RaftServerImpl (RaftServerImpl.java:lambda$shutdown$3(245)) - 328a75f0-8ecf-454d-ac4a-ee464a922ba9: shutdown group-5055C7B86944
2019-08-21 09:17:02,841 [main] INFO  util.JmxRegister (JmxRegister.java:unregister(73)) - Successfully un-registered JMX Bean with object name Ratis:service=RaftServer,group=group-5055C7B86944,id=328a75f0-8ecf-454d-ac4a-ee464a922ba9
2019-08-21 09:17:02,842 [main] INFO  impl.RoleInfo (RoleInfo.java:shutdownFollowerState(121)) - 328a75f0-8ecf-454d-ac4a-ee464a922ba9: shutdown FollowerState
2019-08-21 09:17:02,842 [main] INFO  impl.StateMachineUpdater (StateMachineUpdater.java:stopAndJoin(115)) - StateMachineUpdater:328a75f0-8ecf-454d-ac4a-ee464a922ba9:group-5055C7B86944: set stopIndex = 0
2019-08-21 09:17:02,842 [Thread-821] INFO  impl.FollowerState (FollowerState.java:run(114)) - 328a75f0-8ecf-454d-ac4a-ee464a922ba9: FollowerState was interrupted: java.lang.InterruptedException: sleep interrupted
2019-08-21 09:17:02,844 [main] INFO  impl.RaftServerImpl (ServerState.java:close(394)) - 328a75f0-8ecf-454d-ac4a-ee464a922ba9:group-5055C7B86944 closes. The last applied log index is 0
2019-08-21 09:17:02,847 [328a75f0-8ecf-454d-ac4a-ee464a922ba9-SegmentedRaftLogWorker:Storage Directory /workdir/hadoop-ozone/integration-test/target/test-dir/MiniOzoneClusterImpl-8d39adcc-ca79-4cf5-8766-ebbdd557e88b/datanode-3/data/ratis/2148e972-04a0-47fb-9826-5055c7b86944] INFO  segmented.SegmentedRaftLogWorker (SegmentedRaftLogWorker.java:run(313)) - 328a75f0-8ecf-454d-ac4a-ee464a922ba9-SegmentedRaftLogWorker:Storage Directory /workdir/hadoop-ozone/integration-test/target/test-dir/MiniOzoneClusterImpl-8d39adcc-ca79-4cf5-8766-ebbdd557e88b/datanode-3/data/ratis/2148e972-04a0-47fb-9826-5055c7b86944 was interrupted, exiting. There are 0 tasks remaining in the queue.
2019-08-21 09:17:02,849 [ForkJoinPool.commonPool-worker-1] INFO  segmented.SegmentedRaftLogWorker (SegmentedRaftLogWorker.java:close(228)) - 4fc6c8fa-e96e-43c4-8369-e0ca8a7014d6-SegmentedRaftLogWorker:Storage Directory /workdir/hadoop-ozone/integration-test/target/test-dir/MiniOzoneClusterImpl-8d39adcc-ca79-4cf5-8766-ebbdd557e88b/datanode-2/data/ratis/387b5fbf-477e-43e3-a5c5-6e6320e92075 close()
2019-08-21 09:17:02,849 [main] INFO  segmented.SegmentedRaftLogWorker (SegmentedRaftLogWorker.java:close(228)) - 328a75f0-8ecf-454d-ac4a-ee464a922ba9-SegmentedRaftLogWorker:Storage Directory /workdir/hadoop-ozone/integration-test/target/test-dir/MiniOzoneClusterImpl-8d39adcc-ca79-4cf5-8766-ebbdd557e88b/datanode-3/data/ratis/2148e972-04a0-47fb-9826-5055c7b86944 close()
2019-08-21 09:17:02,851 [ForkJoinPool.commonPool-worker-1] INFO  impl.RaftServerImpl (RaftServerImpl.java:lambda$shutdown$3(245)) - 4fc6c8fa-e96e-43c4-8369-e0ca8a7014d6: shutdown group-159FDE3C55F8
2019-08-21 09:17:02,853 [main] INFO  server.GrpcService (GrpcService.java:closeImpl(155)) - 328a75f0-8ecf-454d-ac4a-ee464a922ba9: shutdown server with port 42900 now
2019-08-21 09:17:02,854 [ForkJoinPool.commonPool-worker-1] INFO  util.JmxRegister (JmxRegister.java:unregister(73)) - Successfully un-registered JMX Bean with object name Ratis:service=RaftServer,group=group-159FDE3C55F8,id=4fc6c8fa-e96e-43c4-8369-e0ca8a7014d6
2019-08-21 09:17:02,854 [ForkJoinPool.commonPool-worker-1] INFO  impl.RoleInfo (RoleInfo.java:shutdownFollowerState(121)) - 4fc6c8fa-e96e-43c4-8369-e0ca8a7014d6: shutdown FollowerState
2019-08-21 09:17:02,855 [ForkJoinPool.commonPool-worker-1] INFO  impl.StateMachineUpdater (StateMachineUpdater.java:stopAndJoin(115)) - StateMachineUpdater:4fc6c8fa-e96e-43c4-8369-e0ca8a7014d6:group-159FDE3C55F8: set stopIndex = 8
2019-08-21 09:17:02,855 [StateMachineUpdater:4fc6c8fa-e96e-43c4-8369-e0ca8a7014d6:group-159FDE3C55F8] INFO  ratis.ContainerStateMachine (ContainerStateMachine.java:takeSnapshot(283)) - group-159FDE3C55F8: Taking a snapshot at:(t:1, i:6) file /workdir/hadoop-ozone/integration-test/target/test-dir/MiniOzoneClusterImpl-8d39adcc-ca79-4cf5-8766-ebbdd557e88b/datanode-2/data/ratis/191e0a43-1f0e-453c-833c-159fde3c55f8/sm/snapshot.1_6
2019-08-21 09:17:02,855 [Thread-742] INFO  impl.FollowerState (FollowerState.java:run(114)) - 4fc6c8fa-e96e-43c4-8369-e0ca8a7014d6: FollowerState was interrupted: java.lang.InterruptedException: sleep interrupted
2019-08-21 09:17:02,855 [grpc-default-executor-8] WARN  server.GrpcServerProtocolService (LogUtils.java:warn(134)) - 328a75f0-8ecf-454d-ac4a-ee464a922ba9: appendEntries onError: org.apache.ratis.thirdparty.io.grpc.StatusRuntimeException: CANCELLED: cancelled before receiving half close
2019-08-21 09:17:02,859 [grpc-default-executor-5] WARN  server.GrpcLogAppender (LogUtils.java:warn(134)) - 5ea20691-5ab9-4695-ab1d-7e722de7481e->328a75f0-8ecf-454d-ac4a-ee464a922ba9: Failed appendEntries: org.apache.ratis.thirdparty.io.grpc.StatusRuntimeException: CANCELLED: HTTP/2 error code: CANCEL
Received Rst Stream
2019-08-21 09:17:02,857 [main] INFO  server.GrpcService (GrpcService.java:closeImpl(163)) - 328a75f0-8ecf-454d-ac4a-ee464a922ba9: shutdown server with port 42900 successfully
2019-08-21 09:17:02,860 [grpc-default-executor-5] INFO  impl.FollowerInfo (FollowerInfo.java:lambda$new$0(50)) - 5ea20691-5ab9-4695-ab1d-7e722de7481e->328a75f0-8ecf-454d-ac4a-ee464a922ba9: nextIndex: updateUnconditionally 1 -> 0
2019-08-21 09:17:02,864 [main] INFO  utils.BackgroundService (BackgroundService.java:shutdown(148)) - Shutting down service BlockDeletingService
2019-08-21 09:17:02,869 [refreshUsed-/workdir/hadoop-ozone/integration-test/target/test-dir/MiniOzoneClusterImpl-8d39adcc-ca79-4cf5-8766-ebbdd557e88b/datanode-3/data/containers] WARN  fs.CachingGetSpaceUsed (CachingGetSpaceUsed.java:run(183)) - Thread Interrupted waiting to refresh disk information: sleep interrupted
2019-08-21 09:17:02,870 [StateMachineUpdater:4fc6c8fa-e96e-43c4-8369-e0ca8a7014d6:group-159FDE3C55F8] INFO  ratis.ContainerStateMachine (ContainerStateMachine.java:takeSnapshot(294)) - group-159FDE3C55F8: Finished taking a snapshot at:(t:1, i:6) file:/workdir/hadoop-ozone/integration-test/target/test-dir/MiniOzoneClusterImpl-8d39adcc-ca79-4cf5-8766-ebbdd557e88b/datanode-2/data/ratis/191e0a43-1f0e-453c-833c-159fde3c55f8/sm/snapshot.1_6 time:15
2019-08-21 09:17:02,870 [StateMachineUpdater:4fc6c8fa-e96e-43c4-8369-e0ca8a7014d6:group-159FDE3C55F8] INFO  impl.StateMachineUpdater (StateMachineUpdater.java:takeSnapshot(242)) - StateMachineUpdater:4fc6c8fa-e96e-43c4-8369-e0ca8a7014d6:group-159FDE3C55F8: Took a snapshot at index 6
2019-08-21 09:17:02,870 [StateMachineUpdater:4fc6c8fa-e96e-43c4-8369-e0ca8a7014d6:group-159FDE3C55F8] INFO  impl.StateMachineUpdater (StateMachineUpdater.java:lambda$new$0(80)) - StateMachineUpdater:4fc6c8fa-e96e-43c4-8369-e0ca8a7014d6:group-159FDE3C55F8: snapshotIndex: updateIncreasingly -1 -> 6
2019-08-21 09:17:02,871 [ForkJoinPool.commonPool-worker-1] INFO  impl.RaftServerImpl (ServerState.java:close(394)) - 4fc6c8fa-e96e-43c4-8369-e0ca8a7014d6:group-159FDE3C55F8 closes. The last applied log index is 8
2019-08-21 09:17:02,871 [4fc6c8fa-e96e-43c4-8369-e0ca8a7014d6-SegmentedRaftLogWorker:Storage Directory /workdir/hadoop-ozone/integration-test/target/test-dir/MiniOzoneClusterImpl-8d39adcc-ca79-4cf5-8766-ebbdd557e88b/datanode-2/data/ratis/191e0a43-1f0e-453c-833c-159fde3c55f8] INFO  segmented.SegmentedRaftLogWorker (SegmentedRaftLogWorker.java:run(313)) - 4fc6c8fa-e96e-43c4-8369-e0ca8a7014d6-SegmentedRaftLogWorker:Storage Directory /workdir/hadoop-ozone/integration-test/target/test-dir/MiniOzoneClusterImpl-8d39adcc-ca79-4cf5-8766-ebbdd557e88b/datanode-2/data/ratis/191e0a43-1f0e-453c-833c-159fde3c55f8 was interrupted, exiting. There are 0 tasks remaining in the queue.
2019-08-21 09:17:02,874 [ForkJoinPool.commonPool-worker-1] INFO  segmented.SegmentedRaftLogWorker (SegmentedRaftLogWorker.java:close(228)) - 4fc6c8fa-e96e-43c4-8369-e0ca8a7014d6-SegmentedRaftLogWorker:Storage Directory /workdir/hadoop-ozone/integration-test/target/test-dir/MiniOzoneClusterImpl-8d39adcc-ca79-4cf5-8766-ebbdd557e88b/datanode-2/data/ratis/191e0a43-1f0e-453c-833c-159fde3c55f8 close()
2019-08-21 09:17:02,876 [ForkJoinPool.commonPool-worker-1] INFO  server.GrpcService (GrpcService.java:closeImpl(155)) - 4fc6c8fa-e96e-43c4-8369-e0ca8a7014d6: shutdown server with port 38960 now
2019-08-21 09:17:02,877 [grpc-default-executor-8] WARN  server.GrpcServerProtocolService (LogUtils.java:warn(134)) - 4fc6c8fa-e96e-43c4-8369-e0ca8a7014d6: appendEntries onError: org.apache.ratis.thirdparty.io.grpc.StatusRuntimeException: CANCELLED: cancelled before receiving half close
2019-08-21 09:17:02,877 [ForkJoinPool.commonPool-worker-1] INFO  server.GrpcService (GrpcService.java:closeImpl(163)) - 4fc6c8fa-e96e-43c4-8369-e0ca8a7014d6: shutdown server with port 38960 successfully
2019-08-21 09:17:02,877 [grpc-default-executor-7] WARN  server.GrpcLogAppender (LogUtils.java:warn(134)) - b216f333-d584-463e-ac29-b520f4cc8032->4fc6c8fa-e96e-43c4-8369-e0ca8a7014d6: Failed appendEntries: org.apache.ratis.thirdparty.io.grpc.StatusRuntimeException: CANCELLED: HTTP/2 error code: CANCEL
Received Rst Stream
2019-08-21 09:17:02,878 [grpc-default-executor-7] INFO  impl.FollowerInfo (FollowerInfo.java:lambda$new$0(50)) - b216f333-d584-463e-ac29-b520f4cc8032->4fc6c8fa-e96e-43c4-8369-e0ca8a7014d6: nextIndex: updateUnconditionally 9 -> 8
2019-08-21 09:17:02,879 [ForkJoinPool.commonPool-worker-1] INFO  utils.BackgroundService (BackgroundService.java:shutdown(148)) - Shutting down service BlockDeletingService
2019-08-21 09:17:02,881 [refreshUsed-/workdir/hadoop-ozone/integration-test/target/test-dir/MiniOzoneClusterImpl-8d39adcc-ca79-4cf5-8766-ebbdd557e88b/datanode-2/data/containers] WARN  fs.CachingGetSpaceUsed (CachingGetSpaceUsed.java:run(183)) - Thread Interrupted waiting to refresh disk information: sleep interrupted
2019-08-21 09:17:02,899 [main] INFO  statemachine.DatanodeStateMachine (DatanodeStateMachine.java:stopDaemon(395)) - Ozone container server stopped.
2019-08-21 09:17:02,900 [main] INFO  handler.ContextHandler (ContextHandler.java:doStop(910)) - Stopped o.e.j.w.WebAppContext@7ee2423{/,null,UNAVAILABLE}{/hddsDatanode}
2019-08-21 09:17:02,901 [main] INFO  server.AbstractConnector (AbstractConnector.java:doStop(318)) - Stopped ServerConnector@343d1d25{HTTP/1.1,[http/1.1]}{0.0.0.0:0}
2019-08-21 09:17:02,901 [main] INFO  handler.ContextHandler (ContextHandler.java:doStop(910)) - Stopped o.e.j.s.ServletContextHandler@45e639ee{/static,jar:file:/home/user/.m2/repository/org/apache/hadoop/hadoop-hdds-container-service/0.5.0-SNAPSHOT/hadoop-hdds-container-service-0.5.0-SNAPSHOT.jar!/webapps/static,UNAVAILABLE}
2019-08-21 09:17:02,902 [main] INFO  handler.ContextHandler (ContextHandler.java:doStop(910)) - Stopped o.e.j.s.ServletContextHandler@2c1a8529{/logs,file:///workdir/hadoop-ozone/integration-test/target/log,UNAVAILABLE}
2019-08-21 09:17:02,903 [main] INFO  datanode.ObjectStoreHandler (ObjectStoreHandler.java:close(155)) - Closing ObjectStoreHandler.
2019-08-21 09:17:02,904 [main] INFO  ozone.HddsDatanodeService (HddsDatanodeService.java:stop(457)) - Stopped plug-in org.apache.hadoop.ozone.web.OzoneHddsDatanodeService@7535f28
2019-08-21 09:17:02,908 [ForkJoinPool.commonPool-worker-1] INFO  statemachine.DatanodeStateMachine (DatanodeStateMachine.java:stopDaemon(395)) - Ozone container server stopped.
2019-08-21 09:17:02,912 [ForkJoinPool.commonPool-worker-1] INFO  handler.ContextHandler (ContextHandler.java:doStop(910)) - Stopped o.e.j.w.WebAppContext@459bf87c{/,null,UNAVAILABLE}{/hddsDatanode}
2019-08-21 09:17:02,912 [ForkJoinPool.commonPool-worker-1] INFO  server.AbstractConnector (AbstractConnector.java:doStop(318)) - Stopped ServerConnector@5ae66c98{HTTP/1.1,[http/1.1]}{0.0.0.0:0}
2019-08-21 09:17:02,914 [ForkJoinPool.commonPool-worker-1] INFO  handler.ContextHandler (ContextHandler.java:doStop(910)) - Stopped o.e.j.s.ServletContextHandler@7b3c2ae0{/static,jar:file:/home/user/.m2/repository/org/apache/hadoop/hadoop-hdds-container-service/0.5.0-SNAPSHOT/hadoop-hdds-container-service-0.5.0-SNAPSHOT.jar!/webapps/static,UNAVAILABLE}
2019-08-21 09:17:02,915 [ForkJoinPool.commonPool-worker-1] INFO  handler.ContextHandler (ContextHandler.java:doStop(910)) - Stopped o.e.j.s.ServletContextHandler@1171ba7e{/logs,file:///workdir/hadoop-ozone/integration-test/target/log,UNAVAILABLE}
2019-08-21 09:17:02,916 [ForkJoinPool.commonPool-worker-1] INFO  datanode.ObjectStoreHandler (ObjectStoreHandler.java:close(155)) - Closing ObjectStoreHandler.
2019-08-21 09:17:02,916 [ForkJoinPool.commonPool-worker-1] INFO  ozone.HddsDatanodeService (HddsDatanodeService.java:stop(457)) - Stopped plug-in org.apache.hadoop.ozone.web.OzoneHddsDatanodeService@3de56885
2019-08-21 09:17:02,919 | INFO  | SCMAudit | user=jenkins1000 | ip=192.168.34.50 | op=SEND_HEARTBEAT {datanodeUUID=5ea20691-5ab9-4695-ab1d-7e722de7481e, command=[]} | ret=SUCCESS |  
2019-08-21 09:17:03,180 [Datanode State Machine Thread - 0] INFO  statemachine.DatanodeStateMachine (DatanodeStateMachine.java:lambda$startDaemon$0(350)) - Ozone container server started.
2019-08-21 09:17:03,739 [Datanode State Machine Thread - 0] INFO  statemachine.DatanodeStateMachine (DatanodeStateMachine.java:lambda$startDaemon$0(350)) - Ozone container server started.
2019-08-21 09:17:03,920 | INFO  | SCMAudit | user=jenkins1000 | ip=192.168.34.50 | op=SEND_HEARTBEAT {datanodeUUID=5ea20691-5ab9-4695-ab1d-7e722de7481e, command=[]} | ret=SUCCESS |  
2019-08-21 09:17:03,951 [grpc-default-executor-8] WARN  server.GrpcLogAppender (LogUtils.java:warn(134)) - 5ea20691-5ab9-4695-ab1d-7e722de7481e->d93e8726-51c7-48e5-91db-a9280c3a0547: Failed appendEntries: org.apache.ratis.thirdparty.io.grpc.StatusRuntimeException: UNAVAILABLE: io exception
2019-08-21 09:17:03,954 [grpc-default-executor-8] INFO  impl.FollowerInfo (FollowerInfo.java:lambda$new$0(50)) - 5ea20691-5ab9-4695-ab1d-7e722de7481e->d93e8726-51c7-48e5-91db-a9280c3a0547: nextIndex: updateUnconditionally 0 -> 0
2019-08-21 09:17:03,957 [grpc-default-executor-5] WARN  server.GrpcLogAppender (LogUtils.java:warn(134)) - 5ea20691-5ab9-4695-ab1d-7e722de7481e->328a75f0-8ecf-454d-ac4a-ee464a922ba9: Failed appendEntries: org.apache.ratis.thirdparty.io.grpc.StatusRuntimeException: UNAVAILABLE: io exception
2019-08-21 09:17:03,959 [grpc-default-executor-5] INFO  impl.FollowerInfo (FollowerInfo.java:lambda$new$0(50)) - 5ea20691-5ab9-4695-ab1d-7e722de7481e->328a75f0-8ecf-454d-ac4a-ee464a922ba9: nextIndex: updateUnconditionally 0 -> 0
2019-08-21 09:17:04,919 | INFO  | SCMAudit | user=jenkins1000 | ip=192.168.34.50 | op=SEND_HEARTBEAT {datanodeUUID=5ea20691-5ab9-4695-ab1d-7e722de7481e, command=[]} | ret=SUCCESS |  
2019-08-21 09:17:05,190 [grpc-default-executor-7] WARN  server.GrpcLogAppender (LogUtils.java:warn(134)) - b216f333-d584-463e-ac29-b520f4cc8032->a8271a13-8b98-4259-a956-3406fefc9571: Failed appendEntries: org.apache.ratis.thirdparty.io.grpc.StatusRuntimeException: UNAVAILABLE: io exception
2019-08-21 09:17:05,192 [grpc-default-executor-7] INFO  impl.FollowerInfo (FollowerInfo.java:lambda$new$0(50)) - b216f333-d584-463e-ac29-b520f4cc8032->a8271a13-8b98-4259-a956-3406fefc9571: nextIndex: updateUnconditionally 6 -> 5
2019-08-21 09:17:05,197 [grpc-default-executor-8] WARN  server.GrpcLogAppender (LogUtils.java:warn(134)) - b216f333-d584-463e-ac29-b520f4cc8032->4fc6c8fa-e96e-43c4-8369-e0ca8a7014d6: Failed appendEntries: org.apache.ratis.thirdparty.io.grpc.StatusRuntimeException: UNAVAILABLE: io exception
2019-08-21 09:17:05,199 [grpc-default-executor-8] INFO  impl.FollowerInfo (FollowerInfo.java:lambda$new$0(50)) - b216f333-d584-463e-ac29-b520f4cc8032->4fc6c8fa-e96e-43c4-8369-e0ca8a7014d6: nextIndex: updateUnconditionally 8 -> 7
2019-08-21 09:17:05,920 | INFO  | SCMAudit | user=jenkins1000 | ip=192.168.34.50 | op=SEND_HEARTBEAT {datanodeUUID=5ea20691-5ab9-4695-ab1d-7e722de7481e, command=[]} | ret=SUCCESS |  
2019-08-21 09:17:06,452 [grpc-default-executor-5] WARN  server.GrpcLogAppender (LogUtils.java:warn(134)) - 5ea20691-5ab9-4695-ab1d-7e722de7481e->d93e8726-51c7-48e5-91db-a9280c3a0547: Failed appendEntries: org.apache.ratis.thirdparty.io.grpc.StatusRuntimeException: UNAVAILABLE: io exception
2019-08-21 09:17:06,456 [grpc-default-executor-5] INFO  impl.FollowerInfo (FollowerInfo.java:lambda$new$0(50)) - 5ea20691-5ab9-4695-ab1d-7e722de7481e->d93e8726-51c7-48e5-91db-a9280c3a0547: nextIndex: updateUnconditionally 0 -> 0
2019-08-21 09:17:06,458 [grpc-default-executor-7] WARN  server.GrpcLogAppender (LogUtils.java:warn(134)) - 5ea20691-5ab9-4695-ab1d-7e722de7481e->328a75f0-8ecf-454d-ac4a-ee464a922ba9: Failed appendEntries: org.apache.ratis.thirdparty.io.grpc.StatusRuntimeException: UNAVAILABLE: io exception
2019-08-21 09:17:06,460 [grpc-default-executor-7] INFO  impl.FollowerInfo (FollowerInfo.java:lambda$new$0(50)) - 5ea20691-5ab9-4695-ab1d-7e722de7481e->328a75f0-8ecf-454d-ac4a-ee464a922ba9: nextIndex: updateUnconditionally 0 -> 0
2019-08-21 09:17:06,919 | INFO  | SCMAudit | user=jenkins1000 | ip=192.168.34.50 | op=SEND_HEARTBEAT {datanodeUUID=5ea20691-5ab9-4695-ab1d-7e722de7481e, command=[]} | ret=SUCCESS |  
2019-08-21 09:17:07,691 [grpc-default-executor-7] WARN  server.GrpcLogAppender (LogUtils.java:warn(134)) - b216f333-d584-463e-ac29-b520f4cc8032->a8271a13-8b98-4259-a956-3406fefc9571: Failed appendEntries: org.apache.ratis.thirdparty.io.grpc.StatusRuntimeException: UNAVAILABLE: io exception
2019-08-21 09:17:07,693 [grpc-default-executor-7] INFO  impl.FollowerInfo (FollowerInfo.java:lambda$new$0(50)) - b216f333-d584-463e-ac29-b520f4cc8032->a8271a13-8b98-4259-a956-3406fefc9571: nextIndex: updateUnconditionally 5 -> 4
2019-08-21 09:17:07,697 [grpc-default-executor-8] WARN  server.GrpcLogAppender (LogUtils.java:warn(134)) - b216f333-d584-463e-ac29-b520f4cc8032->4fc6c8fa-e96e-43c4-8369-e0ca8a7014d6: Failed appendEntries: org.apache.ratis.thirdparty.io.grpc.StatusRuntimeException: UNAVAILABLE: io exception
2019-08-21 09:17:07,699 [grpc-default-executor-8] INFO  impl.FollowerInfo (FollowerInfo.java:lambda$new$0(50)) - b216f333-d584-463e-ac29-b520f4cc8032->4fc6c8fa-e96e-43c4-8369-e0ca8a7014d6: nextIndex: updateUnconditionally 7 -> 6
2019-08-21 09:17:07,905 [main] INFO  ozoneimpl.OzoneContainer (OzoneContainer.java:stop(199)) - Attempting to stop container services.
2019-08-21 09:17:07,905 [main] INFO  impl.RaftServerProxy (RaftServerProxy.java:lambda$close$4(314)) - 2efe7137-c334-43ac-ad86-ba58d4ed3c70: close
2019-08-21 09:17:07,906 [main] INFO  impl.RaftServerImpl (RaftServerImpl.java:lambda$shutdown$3(245)) - 2efe7137-c334-43ac-ad86-ba58d4ed3c70: shutdown group-F57346CC5390
2019-08-21 09:17:07,906 [main] INFO  util.JmxRegister (JmxRegister.java:unregister(73)) - Successfully un-registered JMX Bean with object name Ratis:service=RaftServer,group=group-F57346CC5390,id=2efe7137-c334-43ac-ad86-ba58d4ed3c70
2019-08-21 09:17:07,907 [main] INFO  impl.RoleInfo (RoleInfo.java:shutdownLeaderState(104)) - 2efe7137-c334-43ac-ad86-ba58d4ed3c70: shutdown LeaderState
2019-08-21 09:17:07,907 [main] INFO  impl.PendingRequests (PendingRequests.java:sendNotLeaderResponses(202)) - 2efe7137-c334-43ac-ad86-ba58d4ed3c70-PendingRequests: sendNotLeaderResponses
2019-08-21 09:17:07,908 [main] INFO  impl.StateMachineUpdater (StateMachineUpdater.java:stopAndJoin(115)) - StateMachineUpdater:2efe7137-c334-43ac-ad86-ba58d4ed3c70:group-F57346CC5390: set stopIndex = 0
2019-08-21 09:17:07,910 [main] INFO  impl.RaftServerImpl (ServerState.java:close(394)) - 2efe7137-c334-43ac-ad86-ba58d4ed3c70:group-F57346CC5390 closes. The last applied log index is 0
2019-08-21 09:17:07,911 [2efe7137-c334-43ac-ad86-ba58d4ed3c70-SegmentedRaftLogWorker:Storage Directory /workdir/hadoop-ozone/integration-test/target/test-dir/MiniOzoneClusterImpl-8d39adcc-ca79-4cf5-8766-ebbdd557e88b/datanode-6/data/ratis/8d813032-b8ad-41b2-848b-f57346cc5390] INFO  segmented.SegmentedRaftLogWorker (SegmentedRaftLogWorker.java:run(313)) - 2efe7137-c334-43ac-ad86-ba58d4ed3c70-SegmentedRaftLogWorker:Storage Directory /workdir/hadoop-ozone/integration-test/target/test-dir/MiniOzoneClusterImpl-8d39adcc-ca79-4cf5-8766-ebbdd557e88b/datanode-6/data/ratis/8d813032-b8ad-41b2-848b-f57346cc5390 was interrupted, exiting. There are 0 tasks remaining in the queue.
2019-08-21 09:17:07,913 [main] INFO  segmented.SegmentedRaftLogWorker (SegmentedRaftLogWorker.java:close(228)) - 2efe7137-c334-43ac-ad86-ba58d4ed3c70-SegmentedRaftLogWorker:Storage Directory /workdir/hadoop-ozone/integration-test/target/test-dir/MiniOzoneClusterImpl-8d39adcc-ca79-4cf5-8766-ebbdd557e88b/datanode-6/data/ratis/8d813032-b8ad-41b2-848b-f57346cc5390 close()
2019-08-21 09:17:07,915 [main] INFO  server.GrpcService (GrpcService.java:closeImpl(155)) - 2efe7137-c334-43ac-ad86-ba58d4ed3c70: shutdown server with port 45357 now
2019-08-21 09:17:07,917 [main] INFO  server.GrpcService (GrpcService.java:closeImpl(163)) - 2efe7137-c334-43ac-ad86-ba58d4ed3c70: shutdown server with port 45357 successfully
2019-08-21 09:17:07,917 [ForkJoinPool.commonPool-worker-1] INFO  ozoneimpl.OzoneContainer (OzoneContainer.java:stop(199)) - Attempting to stop container services.
2019-08-21 09:17:07,919 [main] INFO  utils.BackgroundService (BackgroundService.java:shutdown(148)) - Shutting down service BlockDeletingService
2019-08-21 09:17:07,919 [ForkJoinPool.commonPool-worker-1] INFO  impl.RaftServerProxy (RaftServerProxy.java:lambda$close$4(314)) - b216f333-d584-463e-ac29-b520f4cc8032: close
2019-08-21 09:17:07,920 [ForkJoinPool.commonPool-worker-1] INFO  impl.RaftServerImpl (RaftServerImpl.java:lambda$shutdown$3(245)) - b216f333-d584-463e-ac29-b520f4cc8032: shutdown group-9F44DFDB49AD
2019-08-21 09:17:07,920 | INFO  | SCMAudit | user=jenkins1000 | ip=192.168.34.50 | op=SEND_HEARTBEAT {datanodeUUID=5ea20691-5ab9-4695-ab1d-7e722de7481e, command=[]} | ret=SUCCESS |  
2019-08-21 09:17:07,920 [ForkJoinPool.commonPool-worker-1] INFO  util.JmxRegister (JmxRegister.java:unregister(73)) - Successfully un-registered JMX Bean with object name Ratis:service=RaftServer,group=group-9F44DFDB49AD,id=b216f333-d584-463e-ac29-b520f4cc8032
2019-08-21 09:17:07,921 [ForkJoinPool.commonPool-worker-1] INFO  impl.RoleInfo (RoleInfo.java:shutdownLeaderState(104)) - b216f333-d584-463e-ac29-b520f4cc8032: shutdown LeaderState
2019-08-21 09:17:07,922 [ForkJoinPool.commonPool-worker-1] INFO  impl.PendingRequests (PendingRequests.java:sendNotLeaderResponses(202)) - b216f333-d584-463e-ac29-b520f4cc8032-PendingRequests: sendNotLeaderResponses
2019-08-21 09:17:07,922 [ForkJoinPool.commonPool-worker-1] INFO  impl.StateMachineUpdater (StateMachineUpdater.java:stopAndJoin(115)) - StateMachineUpdater:b216f333-d584-463e-ac29-b520f4cc8032:group-9F44DFDB49AD: set stopIndex = 0
2019-08-21 09:17:07,925 [ForkJoinPool.commonPool-worker-1] INFO  impl.RaftServerImpl (ServerState.java:close(394)) - b216f333-d584-463e-ac29-b520f4cc8032:group-9F44DFDB49AD closes. The last applied log index is 0
2019-08-21 09:17:07,925 [refreshUsed-/workdir/hadoop-ozone/integration-test/target/test-dir/MiniOzoneClusterImpl-8d39adcc-ca79-4cf5-8766-ebbdd557e88b/datanode-6/data/containers] WARN  fs.CachingGetSpaceUsed (CachingGetSpaceUsed.java:run(183)) - Thread Interrupted waiting to refresh disk information: sleep interrupted
2019-08-21 09:17:07,926 [b216f333-d584-463e-ac29-b520f4cc8032-SegmentedRaftLogWorker:Storage Directory /workdir/hadoop-ozone/integration-test/target/test-dir/MiniOzoneClusterImpl-8d39adcc-ca79-4cf5-8766-ebbdd557e88b/datanode-0/data/ratis/ce762659-06a4-4c05-acfe-9f44dfdb49ad] INFO  segmented.SegmentedRaftLogWorker (SegmentedRaftLogWorker.java:run(313)) - b216f333-d584-463e-ac29-b520f4cc8032-SegmentedRaftLogWorker:Storage Directory /workdir/hadoop-ozone/integration-test/target/test-dir/MiniOzoneClusterImpl-8d39adcc-ca79-4cf5-8766-ebbdd557e88b/datanode-0/data/ratis/ce762659-06a4-4c05-acfe-9f44dfdb49ad was interrupted, exiting. There are 0 tasks remaining in the queue.
2019-08-21 09:17:07,927 [ForkJoinPool.commonPool-worker-1] INFO  segmented.SegmentedRaftLogWorker (SegmentedRaftLogWorker.java:close(228)) - b216f333-d584-463e-ac29-b520f4cc8032-SegmentedRaftLogWorker:Storage Directory /workdir/hadoop-ozone/integration-test/target/test-dir/MiniOzoneClusterImpl-8d39adcc-ca79-4cf5-8766-ebbdd557e88b/datanode-0/data/ratis/ce762659-06a4-4c05-acfe-9f44dfdb49ad close()
2019-08-21 09:17:07,933 [ForkJoinPool.commonPool-worker-1] INFO  impl.RaftServerImpl (RaftServerImpl.java:lambda$shutdown$3(245)) - b216f333-d584-463e-ac29-b520f4cc8032: shutdown group-159FDE3C55F8
2019-08-21 09:17:07,934 [ForkJoinPool.commonPool-worker-1] INFO  util.JmxRegister (JmxRegister.java:unregister(73)) - Successfully un-registered JMX Bean with object name Ratis:service=RaftServer,group=group-159FDE3C55F8,id=b216f333-d584-463e-ac29-b520f4cc8032
2019-08-21 09:17:07,934 [ForkJoinPool.commonPool-worker-1] INFO  impl.RoleInfo (RoleInfo.java:shutdownLeaderState(104)) - b216f333-d584-463e-ac29-b520f4cc8032: shutdown LeaderState
2019-08-21 09:17:07,938 [ForkJoinPool.commonPool-worker-1] INFO  impl.PendingRequests (PendingRequests.java:sendNotLeaderResponses(202)) - b216f333-d584-463e-ac29-b520f4cc8032-PendingRequests: sendNotLeaderResponses
2019-08-21 09:17:07,938 [org.apache.ratis.server.impl.LogAppender$AppenderDaemon$$Lambda$549/324165822@7c349f94] WARN  server.GrpcLogAppender (GrpcLogAppender.java:mayWait(143)) - GrpcLogAppender(b216f333-d584-463e-ac29-b520f4cc8032->4fc6c8fa-e96e-43c4-8369-e0ca8a7014d6): Wait interrupted by java.lang.InterruptedException
2019-08-21 09:17:07,938 [org.apache.ratis.server.impl.LogAppender$AppenderDaemon$$Lambda$549/324165822@39361e76] WARN  server.GrpcLogAppender (GrpcLogAppender.java:mayWait(143)) - GrpcLogAppender(b216f333-d584-463e-ac29-b520f4cc8032->a8271a13-8b98-4259-a956-3406fefc9571): Wait interrupted by java.lang.InterruptedException
2019-08-21 09:17:07,945 [ForkJoinPool.commonPool-worker-1] INFO  impl.StateMachineUpdater (StateMachineUpdater.java:stopAndJoin(115)) - StateMachineUpdater:b216f333-d584-463e-ac29-b520f4cc8032:group-159FDE3C55F8: set stopIndex = 8
2019-08-21 09:17:07,945 [StateMachineUpdater:b216f333-d584-463e-ac29-b520f4cc8032:group-159FDE3C55F8] INFO  ratis.ContainerStateMachine (ContainerStateMachine.java:takeSnapshot(283)) - group-159FDE3C55F8: Taking a snapshot at:(t:1, i:6) file /workdir/hadoop-ozone/integration-test/target/test-dir/MiniOzoneClusterImpl-8d39adcc-ca79-4cf5-8766-ebbdd557e88b/datanode-0/data/ratis/191e0a43-1f0e-453c-833c-159fde3c55f8/sm/snapshot.1_6
2019-08-21 09:17:07,963 [StateMachineUpdater:b216f333-d584-463e-ac29-b520f4cc8032:group-159FDE3C55F8] INFO  ratis.ContainerStateMachine (ContainerStateMachine.java:takeSnapshot(294)) - group-159FDE3C55F8: Finished taking a snapshot at:(t:1, i:6) file:/workdir/hadoop-ozone/integration-test/target/test-dir/MiniOzoneClusterImpl-8d39adcc-ca79-4cf5-8766-ebbdd557e88b/datanode-0/data/ratis/191e0a43-1f0e-453c-833c-159fde3c55f8/sm/snapshot.1_6 time:17
2019-08-21 09:17:07,963 [StateMachineUpdater:b216f333-d584-463e-ac29-b520f4cc8032:group-159FDE3C55F8] INFO  impl.StateMachineUpdater (StateMachineUpdater.java:takeSnapshot(242)) - StateMachineUpdater:b216f333-d584-463e-ac29-b520f4cc8032:group-159FDE3C55F8: Took a snapshot at index 6
2019-08-21 09:17:07,964 [StateMachineUpdater:b216f333-d584-463e-ac29-b520f4cc8032:group-159FDE3C55F8] INFO  impl.StateMachineUpdater (StateMachineUpdater.java:lambda$new$0(80)) - StateMachineUpdater:b216f333-d584-463e-ac29-b520f4cc8032:group-159FDE3C55F8: snapshotIndex: updateIncreasingly -1 -> 6
2019-08-21 09:17:07,964 [ForkJoinPool.commonPool-worker-1] INFO  impl.RaftServerImpl (ServerState.java:close(394)) - b216f333-d584-463e-ac29-b520f4cc8032:group-159FDE3C55F8 closes. The last applied log index is 8
2019-08-21 09:17:07,965 [b216f333-d584-463e-ac29-b520f4cc8032-SegmentedRaftLogWorker:Storage Directory /workdir/hadoop-ozone/integration-test/target/test-dir/MiniOzoneClusterImpl-8d39adcc-ca79-4cf5-8766-ebbdd557e88b/datanode-0/data/ratis/191e0a43-1f0e-453c-833c-159fde3c55f8] INFO  segmented.SegmentedRaftLogWorker (SegmentedRaftLogWorker.java:run(313)) - b216f333-d584-463e-ac29-b520f4cc8032-SegmentedRaftLogWorker:Storage Directory /workdir/hadoop-ozone/integration-test/target/test-dir/MiniOzoneClusterImpl-8d39adcc-ca79-4cf5-8766-ebbdd557e88b/datanode-0/data/ratis/191e0a43-1f0e-453c-833c-159fde3c55f8 was interrupted, exiting. There are 0 tasks remaining in the queue.
2019-08-21 09:17:07,965 [ForkJoinPool.commonPool-worker-1] INFO  segmented.SegmentedRaftLogWorker (SegmentedRaftLogWorker.java:close(228)) - b216f333-d584-463e-ac29-b520f4cc8032-SegmentedRaftLogWorker:Storage Directory /workdir/hadoop-ozone/integration-test/target/test-dir/MiniOzoneClusterImpl-8d39adcc-ca79-4cf5-8766-ebbdd557e88b/datanode-0/data/ratis/191e0a43-1f0e-453c-833c-159fde3c55f8 close()
2019-08-21 09:17:07,966 [ForkJoinPool.commonPool-worker-1] INFO  server.GrpcService (GrpcService.java:closeImpl(155)) - b216f333-d584-463e-ac29-b520f4cc8032: shutdown server with port 33369 now
2019-08-21 09:17:07,966 [ForkJoinPool.commonPool-worker-1] INFO  server.GrpcService (GrpcService.java:closeImpl(163)) - b216f333-d584-463e-ac29-b520f4cc8032: shutdown server with port 33369 successfully
2019-08-21 09:17:07,968 [ForkJoinPool.commonPool-worker-1] INFO  utils.BackgroundService (BackgroundService.java:shutdown(148)) - Shutting down service BlockDeletingService
2019-08-21 09:17:07,973 [main] INFO  statemachine.DatanodeStateMachine (DatanodeStateMachine.java:stopDaemon(395)) - Ozone container server stopped.
2019-08-21 09:17:07,976 [refreshUsed-/workdir/hadoop-ozone/integration-test/target/test-dir/MiniOzoneClusterImpl-8d39adcc-ca79-4cf5-8766-ebbdd557e88b/datanode-0/data/containers] WARN  fs.CachingGetSpaceUsed (CachingGetSpaceUsed.java:run(183)) - Thread Interrupted waiting to refresh disk information: sleep interrupted
2019-08-21 09:17:07,976 [main] INFO  handler.ContextHandler (ContextHandler.java:doStop(910)) - Stopped o.e.j.w.WebAppContext@74eab077{/,null,UNAVAILABLE}{/hddsDatanode}
2019-08-21 09:17:07,977 [main] INFO  server.AbstractConnector (AbstractConnector.java:doStop(318)) - Stopped ServerConnector@3063be68{HTTP/1.1,[http/1.1]}{0.0.0.0:0}
2019-08-21 09:17:07,978 [main] INFO  handler.ContextHandler (ContextHandler.java:doStop(910)) - Stopped o.e.j.s.ServletContextHandler@225ddf5f{/static,jar:file:/home/user/.m2/repository/org/apache/hadoop/hadoop-hdds-container-service/0.5.0-SNAPSHOT/hadoop-hdds-container-service-0.5.0-SNAPSHOT.jar!/webapps/static,UNAVAILABLE}
2019-08-21 09:17:07,979 [main] INFO  handler.ContextHandler (ContextHandler.java:doStop(910)) - Stopped o.e.j.s.ServletContextHandler@291cbe70{/logs,file:///workdir/hadoop-ozone/integration-test/target/log,UNAVAILABLE}
2019-08-21 09:17:07,981 [main] INFO  datanode.ObjectStoreHandler (ObjectStoreHandler.java:close(155)) - Closing ObjectStoreHandler.
2019-08-21 09:17:07,982 [main] INFO  ozone.HddsDatanodeService (HddsDatanodeService.java:stop(457)) - Stopped plug-in org.apache.hadoop.ozone.web.OzoneHddsDatanodeService@543ac221
2019-08-21 09:17:07,999 [ForkJoinPool.commonPool-worker-1] INFO  statemachine.DatanodeStateMachine (DatanodeStateMachine.java:stopDaemon(395)) - Ozone container server stopped.
2019-08-21 09:17:08,003 [ForkJoinPool.commonPool-worker-1] INFO  handler.ContextHandler (ContextHandler.java:doStop(910)) - Stopped o.e.j.w.WebAppContext@50de907a{/,null,UNAVAILABLE}{/hddsDatanode}
2019-08-21 09:17:08,004 [ForkJoinPool.commonPool-worker-1] INFO  server.AbstractConnector (AbstractConnector.java:doStop(318)) - Stopped ServerConnector@1fd37440{HTTP/1.1,[http/1.1]}{0.0.0.0:0}
2019-08-21 09:17:08,005 [ForkJoinPool.commonPool-worker-1] INFO  handler.ContextHandler (ContextHandler.java:doStop(910)) - Stopped o.e.j.s.ServletContextHandler@6aa6c17{/static,jar:file:/home/user/.m2/repository/org/apache/hadoop/hadoop-hdds-container-service/0.5.0-SNAPSHOT/hadoop-hdds-container-service-0.5.0-SNAPSHOT.jar!/webapps/static,UNAVAILABLE}
2019-08-21 09:17:08,007 [ForkJoinPool.commonPool-worker-1] INFO  handler.ContextHandler (ContextHandler.java:doStop(910)) - Stopped o.e.j.s.ServletContextHandler@3dda8a2e{/logs,file:///workdir/hadoop-ozone/integration-test/target/log,UNAVAILABLE}
2019-08-21 09:17:08,919 [Datanode State Machine Thread - 0] INFO  statemachine.DatanodeStateMachine (DatanodeStateMachine.java:lambda$startDaemon$0(350)) - Ozone container server started.
2019-08-21 09:17:08,953 [grpc-default-executor-8] WARN  server.GrpcLogAppender (LogUtils.java:warn(134)) - 5ea20691-5ab9-4695-ab1d-7e722de7481e->d93e8726-51c7-48e5-91db-a9280c3a0547: Failed appendEntries: org.apache.ratis.thirdparty.io.grpc.StatusRuntimeException: UNAVAILABLE: io exception
2019-08-21 09:17:08,955 [grpc-default-executor-8] INFO  impl.FollowerInfo (FollowerInfo.java:lambda$new$0(50)) - 5ea20691-5ab9-4695-ab1d-7e722de7481e->d93e8726-51c7-48e5-91db-a9280c3a0547: nextIndex: updateUnconditionally 0 -> 0
2019-08-21 09:17:08,959 [grpc-default-executor-5] WARN  server.GrpcLogAppender (LogUtils.java:warn(134)) - 5ea20691-5ab9-4695-ab1d-7e722de7481e->328a75f0-8ecf-454d-ac4a-ee464a922ba9: Failed appendEntries: org.apache.ratis.thirdparty.io.grpc.StatusRuntimeException: UNAVAILABLE: io exception
2019-08-21 09:17:08,961 [grpc-default-executor-5] INFO  impl.FollowerInfo (FollowerInfo.java:lambda$new$0(50)) - 5ea20691-5ab9-4695-ab1d-7e722de7481e->328a75f0-8ecf-454d-ac4a-ee464a922ba9: nextIndex: updateUnconditionally 0 -> 0
2019-08-21 09:17:11,454 [grpc-default-executor-5] WARN  server.GrpcLogAppender (LogUtils.java:warn(134)) - 5ea20691-5ab9-4695-ab1d-7e722de7481e->d93e8726-51c7-48e5-91db-a9280c3a0547: Failed appendEntries: org.apache.ratis.thirdparty.io.grpc.StatusRuntimeException: UNAVAILABLE: io exception
2019-08-21 09:17:11,457 [grpc-default-executor-5] INFO  impl.FollowerInfo (FollowerInfo.java:lambda$new$0(50)) - 5ea20691-5ab9-4695-ab1d-7e722de7481e->d93e8726-51c7-48e5-91db-a9280c3a0547: nextIndex: updateUnconditionally 0 -> 0
2019-08-21 09:17:11,460 [grpc-default-executor-7] WARN  server.GrpcLogAppender (LogUtils.java:warn(134)) - 5ea20691-5ab9-4695-ab1d-7e722de7481e->328a75f0-8ecf-454d-ac4a-ee464a922ba9: Failed appendEntries: org.apache.ratis.thirdparty.io.grpc.StatusRuntimeException: UNAVAILABLE: io exception
2019-08-21 09:17:11,461 [grpc-default-executor-7] INFO  impl.FollowerInfo (FollowerInfo.java:lambda$new$0(50)) - 5ea20691-5ab9-4695-ab1d-7e722de7481e->328a75f0-8ecf-454d-ac4a-ee464a922ba9: nextIndex: updateUnconditionally 0 -> 0
2019-08-21 09:17:12,983 [main] INFO  ozoneimpl.OzoneContainer (OzoneContainer.java:stop(199)) - Attempting to stop container services.
2019-08-21 09:17:12,984 [main] INFO  impl.RaftServerProxy (RaftServerProxy.java:lambda$close$4(314)) - 5ea20691-5ab9-4695-ab1d-7e722de7481e: close
2019-08-21 09:17:12,985 [main] INFO  impl.RaftServerImpl (RaftServerImpl.java:lambda$shutdown$3(245)) - 5ea20691-5ab9-4695-ab1d-7e722de7481e: shutdown group-5055C7B86944
2019-08-21 09:17:12,986 [main] INFO  util.JmxRegister (JmxRegister.java:unregister(73)) - Successfully un-registered JMX Bean with object name Ratis:service=RaftServer,group=group-5055C7B86944,id=5ea20691-5ab9-4695-ab1d-7e722de7481e
2019-08-21 09:17:12,986 [main] INFO  impl.RoleInfo (RoleInfo.java:shutdownLeaderState(104)) - 5ea20691-5ab9-4695-ab1d-7e722de7481e: shutdown LeaderState
2019-08-21 09:17:12,989 [org.apache.ratis.server.impl.LogAppender$AppenderDaemon$$Lambda$549/324165822@612c7cd] WARN  server.GrpcLogAppender (GrpcLogAppender.java:mayWait(143)) - GrpcLogAppender(5ea20691-5ab9-4695-ab1d-7e722de7481e->d93e8726-51c7-48e5-91db-a9280c3a0547): Wait interrupted by java.lang.InterruptedException
2019-08-21 09:17:12,989 [main] INFO  impl.PendingRequests (PendingRequests.java:sendNotLeaderResponses(202)) - 5ea20691-5ab9-4695-ab1d-7e722de7481e-PendingRequests: sendNotLeaderResponses
2019-08-21 09:17:12,989 [org.apache.ratis.server.impl.LogAppender$AppenderDaemon$$Lambda$549/324165822@4310596b] WARN  server.GrpcLogAppender (GrpcLogAppender.java:mayWait(143)) - GrpcLogAppender(5ea20691-5ab9-4695-ab1d-7e722de7481e->328a75f0-8ecf-454d-ac4a-ee464a922ba9): Wait interrupted by java.lang.InterruptedException
2019-08-21 09:17:12,991 [main] INFO  impl.StateMachineUpdater (StateMachineUpdater.java:stopAndJoin(115)) - StateMachineUpdater:5ea20691-5ab9-4695-ab1d-7e722de7481e:group-5055C7B86944: set stopIndex = 0
2019-08-21 09:17:12,992 [main] INFO  impl.RaftServerImpl (ServerState.java:close(394)) - 5ea20691-5ab9-4695-ab1d-7e722de7481e:group-5055C7B86944 closes. The last applied log index is 0
2019-08-21 09:17:12,993 [5ea20691-5ab9-4695-ab1d-7e722de7481e-SegmentedRaftLogWorker:Storage Directory /workdir/hadoop-ozone/integration-test/target/test-dir/MiniOzoneClusterImpl-8d39adcc-ca79-4cf5-8766-ebbdd557e88b/datanode-5/data/ratis/2148e972-04a0-47fb-9826-5055c7b86944] INFO  segmented.SegmentedRaftLogWorker (SegmentedRaftLogWorker.java:run(313)) - 5ea20691-5ab9-4695-ab1d-7e722de7481e-SegmentedRaftLogWorker:Storage Directory /workdir/hadoop-ozone/integration-test/target/test-dir/MiniOzoneClusterImpl-8d39adcc-ca79-4cf5-8766-ebbdd557e88b/datanode-5/data/ratis/2148e972-04a0-47fb-9826-5055c7b86944 was interrupted, exiting. There are 0 tasks remaining in the queue.
2019-08-21 09:17:12,993 [main] INFO  segmented.SegmentedRaftLogWorker (SegmentedRaftLogWorker.java:close(228)) - 5ea20691-5ab9-4695-ab1d-7e722de7481e-SegmentedRaftLogWorker:Storage Directory /workdir/hadoop-ozone/integration-test/target/test-dir/MiniOzoneClusterImpl-8d39adcc-ca79-4cf5-8766-ebbdd557e88b/datanode-5/data/ratis/2148e972-04a0-47fb-9826-5055c7b86944 close()
2019-08-21 09:17:12,994 [main] INFO  impl.RaftServerImpl (RaftServerImpl.java:lambda$shutdown$3(245)) - 5ea20691-5ab9-4695-ab1d-7e722de7481e: shutdown group-5145A76E5721
2019-08-21 09:17:12,994 [main] INFO  util.JmxRegister (JmxRegister.java:unregister(73)) - Successfully un-registered JMX Bean with object name Ratis:service=RaftServer,group=group-5145A76E5721,id=5ea20691-5ab9-4695-ab1d-7e722de7481e
2019-08-21 09:17:12,995 [main] INFO  impl.RoleInfo (RoleInfo.java:shutdownLeaderState(104)) - 5ea20691-5ab9-4695-ab1d-7e722de7481e: shutdown LeaderState
2019-08-21 09:17:12,995 [main] INFO  impl.PendingRequests (PendingRequests.java:sendNotLeaderResponses(202)) - 5ea20691-5ab9-4695-ab1d-7e722de7481e-PendingRequests: sendNotLeaderResponses
2019-08-21 09:17:12,996 [main] INFO  impl.StateMachineUpdater (StateMachineUpdater.java:stopAndJoin(115)) - StateMachineUpdater:5ea20691-5ab9-4695-ab1d-7e722de7481e:group-5145A76E5721: set stopIndex = 0
2019-08-21 09:17:12,996 [main] INFO  impl.RaftServerImpl (ServerState.java:close(394)) - 5ea20691-5ab9-4695-ab1d-7e722de7481e:group-5145A76E5721 closes. The last applied log index is 0
2019-08-21 09:17:12,997 [5ea20691-5ab9-4695-ab1d-7e722de7481e-SegmentedRaftLogWorker:Storage Directory /workdir/hadoop-ozone/integration-test/target/test-dir/MiniOzoneClusterImpl-8d39adcc-ca79-4cf5-8766-ebbdd557e88b/datanode-5/data/ratis/950c9741-e664-4a77-9f9b-5145a76e5721] INFO  segmented.SegmentedRaftLogWorker (SegmentedRaftLogWorker.java:run(313)) - 5ea20691-5ab9-4695-ab1d-7e722de7481e-SegmentedRaftLogWorker:Storage Directory /workdir/hadoop-ozone/integration-test/target/test-dir/MiniOzoneClusterImpl-8d39adcc-ca79-4cf5-8766-ebbdd557e88b/datanode-5/data/ratis/950c9741-e664-4a77-9f9b-5145a76e5721 was interrupted, exiting. There are 0 tasks remaining in the queue.
2019-08-21 09:17:12,997 [main] INFO  segmented.SegmentedRaftLogWorker (SegmentedRaftLogWorker.java:close(228)) - 5ea20691-5ab9-4695-ab1d-7e722de7481e-SegmentedRaftLogWorker:Storage Directory /workdir/hadoop-ozone/integration-test/target/test-dir/MiniOzoneClusterImpl-8d39adcc-ca79-4cf5-8766-ebbdd557e88b/datanode-5/data/ratis/950c9741-e664-4a77-9f9b-5145a76e5721 close()
2019-08-21 09:17:12,998 [main] INFO  server.GrpcService (GrpcService.java:closeImpl(155)) - 5ea20691-5ab9-4695-ab1d-7e722de7481e: shutdown server with port 36652 now
2019-08-21 09:17:12,998 [main] INFO  server.GrpcService (GrpcService.java:closeImpl(163)) - 5ea20691-5ab9-4695-ab1d-7e722de7481e: shutdown server with port 36652 successfully
2019-08-21 09:17:13,000 [main] INFO  utils.BackgroundService (BackgroundService.java:shutdown(148)) - Shutting down service BlockDeletingService
2019-08-21 09:17:13,003 [refreshUsed-/workdir/hadoop-ozone/integration-test/target/test-dir/MiniOzoneClusterImpl-8d39adcc-ca79-4cf5-8766-ebbdd557e88b/datanode-5/data/containers] WARN  fs.CachingGetSpaceUsed (CachingGetSpaceUsed.java:run(183)) - Thread Interrupted waiting to refresh disk information: sleep interrupted
2019-08-21 09:17:13,023 [main] INFO  statemachine.DatanodeStateMachine (DatanodeStateMachine.java:stopDaemon(395)) - Ozone container server stopped.
2019-08-21 09:17:13,036 [main] INFO  handler.ContextHandler (ContextHandler.java:doStop(910)) - Stopped o.e.j.w.WebAppContext@454e9d65{/,null,UNAVAILABLE}{/hddsDatanode}
2019-08-21 09:17:13,037 [main] INFO  server.AbstractConnector (AbstractConnector.java:doStop(318)) - Stopped ServerConnector@7805478c{HTTP/1.1,[http/1.1]}{0.0.0.0:0}
2019-08-21 09:17:13,037 [main] INFO  handler.ContextHandler (ContextHandler.java:doStop(910)) - Stopped o.e.j.s.ServletContextHandler@67a38{/static,jar:file:/home/user/.m2/repository/org/apache/hadoop/hadoop-hdds-container-service/0.5.0-SNAPSHOT/hadoop-hdds-container-service-0.5.0-SNAPSHOT.jar!/webapps/static,UNAVAILABLE}
2019-08-21 09:17:13,038 [main] INFO  handler.ContextHandler (ContextHandler.java:doStop(910)) - Stopped o.e.j.s.ServletContextHandler@878feb2{/logs,file:///workdir/hadoop-ozone/integration-test/target/log,UNAVAILABLE}
2019-08-21 09:17:13,039 [main] INFO  ozone.MiniOzoneClusterImpl (MiniOzoneClusterImpl.java:stop(353)) - Stopping the StorageContainerManager
2019-08-21 09:17:13,040 [main] INFO  server.StorageContainerManager (StorageContainerManager.java:stop(797)) - Stopping Replication Manager Service.
2019-08-21 09:17:13,040 [main] INFO  container.ReplicationManager (ReplicationManager.java:stop(193)) - Stopping Replication Monitor Thread.
2019-08-21 09:17:13,040 [main] INFO  server.StorageContainerManager (StorageContainerManager.java:stop(804)) - Stopping Lease Manager of the command watchers
2019-08-21 09:17:13,040 [main] INFO  server.StorageContainerManager (StorageContainerManager.java:stop(811)) - Stopping datanode service RPC server
2019-08-21 09:17:13,041 [main] INFO  server.SCMDatanodeProtocolServer (SCMDatanodeProtocolServer.java:stop(367)) - Stopping the RPC server for DataNodes
2019-08-21 09:17:13,041 [main] INFO  ipc.Server (Server.java:stop(3082)) - Stopping server on 40430
2019-08-21 09:17:13,044 [IPC Server Responder] INFO  ipc.Server (Server.java:run(1319)) - Stopping IPC Server Responder
2019-08-21 09:17:13,044 [IPC Server listener on 40430] INFO  ipc.Server (Server.java:run(1185)) - Stopping IPC Server listener on 40430
2019-08-21 09:17:13,112 [SCM Heartbeat Processing Thread - 0] WARN  node.NodeStateManager (NodeStateManager.java:scheduleNextHealthCheck(646)) - Current Thread is interrupted, shutting down HB processing thread for Node Manager.
2019-08-21 09:17:13,113 [main] INFO  server.StorageContainerManager (StorageContainerManager.java:stop(819)) - Stopping block service RPC server
2019-08-21 09:17:13,113 [main] INFO  server.SCMBlockProtocolServer (SCMBlockProtocolServer.java:stop(149)) - Stopping the RPC server for Block Protocol
2019-08-21 09:17:13,113 [main] INFO  ipc.Server (Server.java:stop(3082)) - Stopping server on 37210
2019-08-21 09:17:13,116 [IPC Server listener on 37210] INFO  ipc.Server (Server.java:run(1185)) - Stopping IPC Server listener on 37210
2019-08-21 09:17:13,116 [main] INFO  server.StorageContainerManager (StorageContainerManager.java:stop(826)) - Stopping the StorageContainerLocationProtocol RPC server
2019-08-21 09:17:13,117 [IPC Server Responder] INFO  ipc.Server (Server.java:run(1319)) - Stopping IPC Server Responder
2019-08-21 09:17:13,118 [main] INFO  server.SCMClientProtocolServer (SCMClientProtocolServer.java:stop(159)) - Stopping the RPC server for Client Protocol
2019-08-21 09:17:13,118 [main] INFO  ipc.Server (Server.java:stop(3082)) - Stopping server on 44537
2019-08-21 09:17:13,121 [IPC Server listener on 44537] INFO  ipc.Server (Server.java:run(1185)) - Stopping IPC Server listener on 44537
2019-08-21 09:17:13,121 [main] INFO  server.StorageContainerManager (StorageContainerManager.java:stop(833)) - Stopping Storage Container Manager HTTP server.
2019-08-21 09:17:13,122 [IPC Server Responder] INFO  ipc.Server (Server.java:run(1319)) - Stopping IPC Server Responder
2019-08-21 09:17:13,124 [main] INFO  handler.ContextHandler (ContextHandler.java:doStop(910)) - Stopped o.e.j.w.WebAppContext@75dd0f94{/,null,UNAVAILABLE}{/scm}
2019-08-21 09:17:13,125 [main] INFO  server.AbstractConnector (AbstractConnector.java:doStop(318)) - Stopped ServerConnector@72324965{HTTP/1.1,[http/1.1]}{0.0.0.0:0}
2019-08-21 09:17:13,125 [main] INFO  handler.ContextHandler (ContextHandler.java:doStop(910)) - Stopped o.e.j.s.ServletContextHandler@41d20f06{/static,file:///workdir/hadoop-ozone/integration-test/target/test-classes/webapps/static,UNAVAILABLE}
2019-08-21 09:17:13,126 [main] INFO  handler.ContextHandler (ContextHandler.java:doStop(910)) - Stopped o.e.j.s.ServletContextHandler@402d6012{/logs,file:///workdir/hadoop-ozone/integration-test/target/log,UNAVAILABLE}
2019-08-21 09:17:13,126 [main] INFO  server.StorageContainerManager (StorageContainerManager.java:stop(844)) - Stopping Block Manager Service.
2019-08-21 09:17:13,127 [main] INFO  utils.BackgroundService (BackgroundService.java:shutdown(148)) - Shutting down service SCMBlockDeletingService
2019-08-21 09:17:13,127 [main] INFO  utils.BackgroundService (BackgroundService.java:shutdown(148)) - Shutting down service SCMBlockDeletingService
2019-08-21 09:17:13,128 [main] INFO  server.StorageContainerManager (StorageContainerManager.java:stop(866)) - Stopping SCM Event Queue.
2019-08-21 09:17:13,133 [main] INFO  impl.MetricsSystemImpl (MetricsSystemImpl.java:stop(210)) - Stopping HddsDatanode metrics system...
2019-08-21 09:17:13,141 [main] INFO  impl.MetricsSystemImpl (MetricsSystemImpl.java:stop(216)) - HddsDatanode metrics system stopped.
]]></system-out>
    <system-err><![CDATA[Aug 21, 2019 9:11:37 AM com.sun.jersey.server.impl.application.WebApplicationImpl _initiate
INFO: Initiating Jersey application, version 'Jersey: 1.19 02/11/2015 03:25 AM'
Aug 21, 2019 9:11:37 AM com.sun.jersey.server.impl.application.WebApplicationImpl _initiate
INFO: Initiating Jersey application, version 'Jersey: 1.19 02/11/2015 03:25 AM'
Aug 21, 2019 9:11:37 AM com.sun.jersey.server.impl.application.WebApplicationImpl _initiate
INFO: Initiating Jersey application, version 'Jersey: 1.19 02/11/2015 03:25 AM'
Aug 21, 2019 9:11:38 AM com.sun.jersey.server.impl.application.WebApplicationImpl _initiate
INFO: Initiating Jersey application, version 'Jersey: 1.19 02/11/2015 03:25 AM'
Aug 21, 2019 9:11:38 AM com.sun.jersey.server.impl.application.WebApplicationImpl _initiate
INFO: Initiating Jersey application, version 'Jersey: 1.19 02/11/2015 03:25 AM'
Aug 21, 2019 9:11:38 AM com.sun.jersey.server.impl.application.WebApplicationImpl _initiate
INFO: Initiating Jersey application, version 'Jersey: 1.19 02/11/2015 03:25 AM'
Aug 21, 2019 9:11:38 AM com.sun.jersey.server.impl.application.WebApplicationImpl _initiate
INFO: Initiating Jersey application, version 'Jersey: 1.19 02/11/2015 03:25 AM'
]]></system-err>
  </testcase>
</testsuite>