<?xml version="1.0" encoding="UTF-8"?>
<testsuite xmlns:xsi="http://www.w3.org/2001/XMLSchema-instance" xsi:noNamespaceSchemaLocation="https://maven.apache.org/surefire/maven-surefire-plugin/xsd/surefire-test-report.xsd" name="org.apache.hadoop.ozone.freon.TestDataValidateWithSafeByteOperations" time="56.553" tests="3" errors="3" skipped="0" failures="0">
  <properties>
    <property name="awt.toolkit" value="sun.awt.X11.XToolkit"/>
    <property name="file.encoding.pkg" value="sun.io"/>
    <property name="java.specification.version" value="1.8"/>
    <property name="sun.cpu.isalist" value=""/>
    <property name="sun.jnu.encoding" value="UTF-8"/>
    <property name="java.class.path" value="/workdir/hadoop-ozone/tools/target/test-classes:/workdir/hadoop-ozone/tools/target/classes:/home/user/.m2/repository/org/apache/hadoop/hadoop-ozone-ozone-manager/0.5.0-SNAPSHOT/hadoop-ozone-ozone-manager-0.5.0-SNAPSHOT.jar:/home/user/.m2/repository/org/apache/hadoop/hadoop-hdds-docs/0.5.0-SNAPSHOT/hadoop-hdds-docs-0.5.0-SNAPSHOT.jar:/home/user/.m2/repository/org/bouncycastle/bcprov-jdk15on/1.60/bcprov-jdk15on-1.60.jar:/home/user/.m2/repository/org/apache/hadoop/hadoop-ozone-common/0.5.0-SNAPSHOT/hadoop-ozone-common-0.5.0-SNAPSHOT.jar:/home/user/.m2/repository/org/apache/commons/commons-compress/1.4.1/commons-compress-1.4.1.jar:/home/user/.m2/repository/org/tukaani/xz/1.0/xz-1.0.jar:/home/user/.m2/repository/org/apache/hadoop/hadoop-hdfs-client/3.2.0/hadoop-hdfs-client-3.2.0.jar:/home/user/.m2/repository/com/fasterxml/jackson/core/jackson-annotations/2.9.9/jackson-annotations-2.9.9.jar:/home/user/.m2/repository/org/apache/hadoop/hadoop-hdds-common/0.5.0-SNAPSHOT/hadoop-hdds-common-0.5.0-SNAPSHOT.jar:/home/user/.m2/repository/org/apache/hadoop/hadoop-hdds-config/0.5.0-SNAPSHOT/hadoop-hdds-config-0.5.0-SNAPSHOT.jar:/home/user/.m2/repository/javax/annotation/javax.annotation-api/1.2/javax.annotation-api-1.2.jar:/home/user/.m2/repository/org/apache/ratis/ratis-server/0.4.0/ratis-server-0.4.0.jar:/home/user/.m2/repository/org/apache/ratis/ratis-thirdparty-misc/0.2.0/ratis-thirdparty-misc-0.2.0.jar:/home/user/.m2/repository/org/apache/ratis/ratis-proto/0.4.0/ratis-proto-0.4.0.jar:/home/user/.m2/repository/org/apache/ratis/ratis-common/0.4.0/ratis-common-0.4.0.jar:/home/user/.m2/repository/org/apache/ratis/ratis-client/0.4.0/ratis-client-0.4.0.jar:/home/user/.m2/repository/org/apache/ratis/ratis-metrics/0.4.0/ratis-metrics-0.4.0.jar:/home/user/.m2/repository/com/github/joshelser/dropwizard-metrics-hadoop-metrics2-reporter/0.1.2/dropwizard-metrics-hadoop-metrics2-reporter-0.1.2.jar:/home/user/.m2/repository/io/dropwizard/metrics/metrics-jvm/3.2.5/metrics-jvm-3.2.5.jar:/home/user/.m2/repository/io/dropwizard/metrics/metrics-ganglia/3.2.5/metrics-ganglia-3.2.5.jar:/home/user/.m2/repository/info/ganglia/gmetric4j/gmetric4j/1.0.7/gmetric4j-1.0.7.jar:/home/user/.m2/repository/org/apache/ratis/ratis-netty/0.4.0/ratis-netty-0.4.0.jar:/home/user/.m2/repository/org/apache/ratis/ratis-grpc/0.4.0/ratis-grpc-0.4.0.jar:/home/user/.m2/repository/org/rocksdb/rocksdbjni/6.0.1/rocksdbjni-6.0.1.jar:/home/user/.m2/repository/org/apache/logging/log4j/log4j-api/2.11.0/log4j-api-2.11.0.jar:/home/user/.m2/repository/org/apache/logging/log4j/log4j-core/2.11.0/log4j-core-2.11.0.jar:/home/user/.m2/repository/com/lmax/disruptor/3.4.2/disruptor-3.4.2.jar:/home/user/.m2/repository/org/apache/commons/commons-pool2/2.6.0/commons-pool2-2.6.0.jar:/home/user/.m2/repository/org/bouncycastle/bcpkix-jdk15on/1.60/bcpkix-jdk15on-1.60.jar:/home/user/.m2/repository/commons-validator/commons-validator/1.6/commons-validator-1.6.jar:/home/user/.m2/repository/commons-digester/commons-digester/1.8.1/commons-digester-1.8.1.jar:/home/user/.m2/repository/io/jaegertracing/jaeger-client/0.34.0/jaeger-client-0.34.0.jar:/home/user/.m2/repository/io/jaegertracing/jaeger-thrift/0.34.0/jaeger-thrift-0.34.0.jar:/home/user/.m2/repository/org/apache/thrift/libthrift/0.12.0/libthrift-0.12.0.jar:/home/user/.m2/repository/com/squareup/okhttp3/okhttp/3.9.0/okhttp-3.9.0.jar:/home/user/.m2/repository/com/squareup/okio/okio/1.13.0/okio-1.13.0.jar:/home/user/.m2/repository/io/jaegertracing/jaeger-core/0.34.0/jaeger-core-0.34.0.jar:/home/user/.m2/repository/io/jaegertracing/jaeger-tracerresolver/0.34.0/jaeger-tracerresolver-0.34.0.jar:/home/user/.m2/repository/io/opentracing/contrib/opentracing-tracerresolver/0.1.5/opentracing-tracerresolver-0.1.5.jar:/home/user/.m2/repository/io/opentracing/opentracing-util/0.31.0/opentracing-util-0.31.0.jar:/home/user/.m2/repository/io/opentracing/opentracing-api/0.31.0/opentracing-api-0.31.0.jar:/home/user/.m2/repository/io/opentracing/opentracing-noop/0.31.0/opentracing-noop-0.31.0.jar:/home/user/.m2/repository/org/yaml/snakeyaml/1.16/snakeyaml-1.16.jar:/home/user/.m2/repository/org/apache/hadoop/hadoop-hdds-container-service/0.5.0-SNAPSHOT/hadoop-hdds-container-service-0.5.0-SNAPSHOT.jar:/home/user/.m2/repository/org/apache/hadoop/hadoop-hdds-client/0.5.0-SNAPSHOT/hadoop-hdds-client-0.5.0-SNAPSHOT.jar:/home/user/.m2/repository/org/apache/hadoop/hadoop-hdds-tools/0.5.0-SNAPSHOT/hadoop-hdds-tools-0.5.0-SNAPSHOT.jar:/home/user/.m2/repository/org/xerial/sqlite-jdbc/3.25.2/sqlite-jdbc-3.25.2.jar:/home/user/.m2/repository/org/apache/hadoop/hadoop-hdds-server-scm/0.5.0-SNAPSHOT/hadoop-hdds-server-scm-0.5.0-SNAPSHOT.jar:/home/user/.m2/repository/org/hamcrest/hamcrest-all/1.3/hamcrest-all-1.3.jar:/home/user/.m2/repository/info/picocli/picocli/3.9.6/picocli-3.9.6.jar:/home/user/.m2/repository/com/google/protobuf/protobuf-java/2.5.0/protobuf-java-2.5.0.jar:/home/user/.m2/repository/com/google/guava/guava/11.0.2/guava-11.0.2.jar:/home/user/.m2/repository/org/apache/hadoop/hadoop-ozone-client/0.5.0-SNAPSHOT/hadoop-ozone-client-0.5.0-SNAPSHOT.jar:/workdir/hadoop-ozone/ozonefs/target/classes:/home/user/.m2/repository/org/apache/hadoop/hadoop-hdds-server-framework/0.5.0-SNAPSHOT/hadoop-hdds-server-framework-0.5.0-SNAPSHOT.jar:/home/user/.m2/repository/org/apache/hadoop/hadoop-common/3.2.0/hadoop-common-3.2.0.jar:/home/user/.m2/repository/org/apache/hadoop/hadoop-annotations/3.2.0/hadoop-annotations-3.2.0.jar:/usr/lib/jvm/java-1.8-openjdk/jre/../lib/tools.jar:/home/user/.m2/repository/commons-cli/commons-cli/1.2/commons-cli-1.2.jar:/home/user/.m2/repository/org/apache/commons/commons-math3/3.1.1/commons-math3-3.1.1.jar:/home/user/.m2/repository/org/apache/httpcomponents/httpclient/4.5.2/httpclient-4.5.2.jar:/home/user/.m2/repository/org/apache/httpcomponents/httpcore/4.4.4/httpcore-4.4.4.jar:/home/user/.m2/repository/commons-codec/commons-codec/1.11/commons-codec-1.11.jar:/home/user/.m2/repository/commons-io/commons-io/2.5/commons-io-2.5.jar:/home/user/.m2/repository/commons-net/commons-net/3.6/commons-net-3.6.jar:/home/user/.m2/repository/commons-collections/commons-collections/3.2.2/commons-collections-3.2.2.jar:/home/user/.m2/repository/javax/servlet/javax.servlet-api/3.1.0/javax.servlet-api-3.1.0.jar:/home/user/.m2/repository/org/eclipse/jetty/jetty-server/9.3.25.v20180904/jetty-server-9.3.25.v20180904.jar:/home/user/.m2/repository/org/eclipse/jetty/jetty-http/9.3.25.v20180904/jetty-http-9.3.25.v20180904.jar:/home/user/.m2/repository/org/eclipse/jetty/jetty-io/9.3.25.v20180904/jetty-io-9.3.25.v20180904.jar:/home/user/.m2/repository/org/eclipse/jetty/jetty-util/9.3.25.v20180904/jetty-util-9.3.25.v20180904.jar:/home/user/.m2/repository/org/eclipse/jetty/jetty-servlet/9.3.25.v20180904/jetty-servlet-9.3.25.v20180904.jar:/home/user/.m2/repository/org/eclipse/jetty/jetty-security/9.3.25.v20180904/jetty-security-9.3.25.v20180904.jar:/home/user/.m2/repository/org/eclipse/jetty/jetty-webapp/9.3.25.v20180904/jetty-webapp-9.3.25.v20180904.jar:/home/user/.m2/repository/org/eclipse/jetty/jetty-xml/9.3.25.v20180904/jetty-xml-9.3.25.v20180904.jar:/home/user/.m2/repository/javax/servlet/jsp/jsp-api/2.1/jsp-api-2.1.jar:/home/user/.m2/repository/com/sun/jersey/jersey-core/1.19/jersey-core-1.19.jar:/home/user/.m2/repository/javax/ws/rs/jsr311-api/1.1.1/jsr311-api-1.1.1.jar:/home/user/.m2/repository/com/sun/jersey/jersey-servlet/1.19/jersey-servlet-1.19.jar:/home/user/.m2/repository/com/sun/jersey/jersey-json/1.19/jersey-json-1.19.jar:/home/user/.m2/repository/org/codehaus/jettison/jettison/1.1/jettison-1.1.jar:/home/user/.m2/repository/com/sun/xml/bind/jaxb-impl/2.3.0.1/jaxb-impl-2.3.0.1.jar:/home/user/.m2/repository/org/codehaus/jackson/jackson-core-asl/1.9.13/jackson-core-asl-1.9.13.jar:/home/user/.m2/repository/org/codehaus/jackson/jackson-mapper-asl/1.9.13/jackson-mapper-asl-1.9.13.jar:/home/user/.m2/repository/org/codehaus/jackson/jackson-jaxrs/1.9.13/jackson-jaxrs-1.9.13.jar:/home/user/.m2/repository/org/codehaus/jackson/jackson-xc/1.9.13/jackson-xc-1.9.13.jar:/home/user/.m2/repository/com/sun/jersey/jersey-server/1.19/jersey-server-1.19.jar:/home/user/.m2/repository/commons-logging/commons-logging/1.1.3/commons-logging-1.1.3.jar:/home/user/.m2/repository/log4j/log4j/1.2.17/log4j-1.2.17.jar:/home/user/.m2/repository/commons-beanutils/commons-beanutils/1.9.4/commons-beanutils-1.9.4.jar:/home/user/.m2/repository/org/apache/commons/commons-configuration2/2.1.1/commons-configuration2-2.1.1.jar:/home/user/.m2/repository/org/apache/commons/commons-lang3/3.7/commons-lang3-3.7.jar:/home/user/.m2/repository/org/apache/commons/commons-text/1.4/commons-text-1.4.jar:/home/user/.m2/repository/org/slf4j/slf4j-api/1.7.25/slf4j-api-1.7.25.jar:/home/user/.m2/repository/org/slf4j/slf4j-log4j12/1.7.25/slf4j-log4j12-1.7.25.jar:/home/user/.m2/repository/org/apache/avro/avro/1.7.7/avro-1.7.7.jar:/home/user/.m2/repository/com/thoughtworks/paranamer/paranamer/2.3/paranamer-2.3.jar:/home/user/.m2/repository/org/xerial/snappy/snappy-java/1.0.5/snappy-java-1.0.5.jar:/home/user/.m2/repository/com/google/re2j/re2j/1.1/re2j-1.1.jar:/home/user/.m2/repository/com/google/code/gson/gson/2.2.4/gson-2.2.4.jar:/home/user/.m2/repository/org/apache/hadoop/hadoop-auth/3.2.0/hadoop-auth-3.2.0.jar:/home/user/.m2/repository/com/nimbusds/nimbus-jose-jwt/4.41.1/nimbus-jose-jwt-4.41.1.jar:/home/user/.m2/repository/com/github/stephenc/jcip/jcip-annotations/1.0-1/jcip-annotations-1.0-1.jar:/home/user/.m2/repository/net/minidev/json-smart/2.3/json-smart-2.3.jar:/home/user/.m2/repository/net/minidev/accessors-smart/1.2/accessors-smart-1.2.jar:/home/user/.m2/repository/org/apache/curator/curator-framework/2.12.0/curator-framework-2.12.0.jar:/home/user/.m2/repository/com/jcraft/jsch/0.1.54/jsch-0.1.54.jar:/home/user/.m2/repository/org/apache/curator/curator-client/2.12.0/curator-client-2.12.0.jar:/home/user/.m2/repository/org/apache/curator/curator-recipes/2.12.0/curator-recipes-2.12.0.jar:/home/user/.m2/repository/com/google/code/findbugs/jsr305/3.0.0/jsr305-3.0.0.jar:/home/user/.m2/repository/org/apache/htrace/htrace-core4/4.1.0-incubating/htrace-core4-4.1.0-incubating.jar:/home/user/.m2/repository/org/apache/zookeeper/zookeeper/3.4.13/zookeeper-3.4.13.jar:/home/user/.m2/repository/jline/jline/0.9.94/jline-0.9.94.jar:/home/user/.m2/repository/org/apache/yetus/audience-annotations/0.5.0/audience-annotations-0.5.0.jar:/home/user/.m2/repository/org/apache/kerby/kerb-simplekdc/1.0.1/kerb-simplekdc-1.0.1.jar:/home/user/.m2/repository/org/apache/kerby/kerb-client/1.0.1/kerb-client-1.0.1.jar:/home/user/.m2/repository/org/apache/kerby/kerby-config/1.0.1/kerby-config-1.0.1.jar:/home/user/.m2/repository/org/apache/kerby/kerb-core/1.0.1/kerb-core-1.0.1.jar:/home/user/.m2/repository/org/apache/kerby/kerby-pkix/1.0.1/kerby-pkix-1.0.1.jar:/home/user/.m2/repository/org/apache/kerby/kerby-asn1/1.0.1/kerby-asn1-1.0.1.jar:/home/user/.m2/repository/org/apache/kerby/kerby-util/1.0.1/kerby-util-1.0.1.jar:/home/user/.m2/repository/org/apache/kerby/kerb-common/1.0.1/kerb-common-1.0.1.jar:/home/user/.m2/repository/org/apache/kerby/kerb-crypto/1.0.1/kerb-crypto-1.0.1.jar:/home/user/.m2/repository/org/apache/kerby/kerb-util/1.0.1/kerb-util-1.0.1.jar:/home/user/.m2/repository/org/apache/kerby/token-provider/1.0.1/token-provider-1.0.1.jar:/home/user/.m2/repository/org/apache/kerby/kerb-admin/1.0.1/kerb-admin-1.0.1.jar:/home/user/.m2/repository/org/apache/kerby/kerb-server/1.0.1/kerb-server-1.0.1.jar:/home/user/.m2/repository/org/apache/kerby/kerb-identity/1.0.1/kerb-identity-1.0.1.jar:/home/user/.m2/repository/org/apache/kerby/kerby-xdr/1.0.1/kerby-xdr-1.0.1.jar:/home/user/.m2/repository/com/fasterxml/jackson/core/jackson-databind/2.9.9/jackson-databind-2.9.9.jar:/home/user/.m2/repository/com/fasterxml/jackson/core/jackson-core/2.9.9/jackson-core-2.9.9.jar:/home/user/.m2/repository/org/codehaus/woodstox/stax2-api/3.1.4/stax2-api-3.1.4.jar:/home/user/.m2/repository/com/fasterxml/woodstox/woodstox-core/5.0.3/woodstox-core-5.0.3.jar:/home/user/.m2/repository/dnsjava/dnsjava/2.1.7/dnsjava-2.1.7.jar:/home/user/.m2/repository/org/apache/hadoop/hadoop-hdfs/3.2.0/hadoop-hdfs-3.2.0.jar:/home/user/.m2/repository/org/eclipse/jetty/jetty-util-ajax/9.3.25.v20180904/jetty-util-ajax-9.3.25.v20180904.jar:/home/user/.m2/repository/commons-daemon/commons-daemon/1.0.13/commons-daemon-1.0.13.jar:/home/user/.m2/repository/io/netty/netty/3.10.5.Final/netty-3.10.5.Final.jar:/home/user/.m2/repository/io/netty/netty-all/4.0.52.Final/netty-all-4.0.52.Final.jar:/home/user/.m2/repository/org/fusesource/leveldbjni/leveldbjni-all/1.8/leveldbjni-all-1.8.jar:/home/user/.m2/repository/com/sun/xml/bind/jaxb-core/2.3.0.1/jaxb-core-2.3.0.1.jar:/home/user/.m2/repository/javax/xml/bind/jaxb-api/2.3.0/jaxb-api-2.3.0.jar:/home/user/.m2/repository/javax/activation/activation/1.1.1/activation-1.1.1.jar:/home/user/.m2/repository/io/dropwizard/metrics/metrics-core/3.2.4/metrics-core-3.2.4.jar:/home/user/.m2/repository/org/openjdk/jmh/jmh-core/1.19/jmh-core-1.19.jar:/home/user/.m2/repository/net/sf/jopt-simple/jopt-simple/4.6/jopt-simple-4.6.jar:/home/user/.m2/repository/org/openjdk/jmh/jmh-generator-annprocess/1.19/jmh-generator-annprocess-1.19.jar:/home/user/.m2/repository/com/amazonaws/aws-java-sdk-s3/1.11.615/aws-java-sdk-s3-1.11.615.jar:/home/user/.m2/repository/com/amazonaws/aws-java-sdk-kms/1.11.615/aws-java-sdk-kms-1.11.615.jar:/home/user/.m2/repository/com/amazonaws/aws-java-sdk-core/1.11.615/aws-java-sdk-core-1.11.615.jar:/home/user/.m2/repository/software/amazon/ion/ion-java/1.0.2/ion-java-1.0.2.jar:/home/user/.m2/repository/com/fasterxml/jackson/dataformat/jackson-dataformat-cbor/2.9.9/jackson-dataformat-cbor-2.9.9.jar:/home/user/.m2/repository/joda-time/joda-time/2.9.9/joda-time-2.9.9.jar:/home/user/.m2/repository/com/amazonaws/jmespath-java/1.11.615/jmespath-java-1.11.615.jar:/home/user/.m2/repository/com/google/code/findbugs/findbugs/3.0.1/findbugs-3.0.1.jar:/home/user/.m2/repository/net/jcip/jcip-annotations/1.0/jcip-annotations-1.0.jar:/home/user/.m2/repository/com/google/code/findbugs/bcel-findbugs/6.0/bcel-findbugs-6.0.jar:/home/user/.m2/repository/com/google/code/findbugs/jFormatString/2.0.1/jFormatString-2.0.1.jar:/home/user/.m2/repository/dom4j/dom4j/1.6.1/dom4j-1.6.1.jar:/home/user/.m2/repository/xml-apis/xml-apis/1.0.b2/xml-apis-1.0.b2.jar:/home/user/.m2/repository/org/ow2/asm/asm-debug-all/5.0.2/asm-debug-all-5.0.2.jar:/home/user/.m2/repository/org/ow2/asm/asm-commons/5.0.2/asm-commons-5.0.2.jar:/home/user/.m2/repository/org/ow2/asm/asm-tree/5.0.2/asm-tree-5.0.2.jar:/home/user/.m2/repository/org/ow2/asm/asm/5.0.4/asm-5.0.4.jar:/home/user/.m2/repository/commons-lang/commons-lang/2.6/commons-lang-2.6.jar:/home/user/.m2/repository/com/apple/AppleJavaExtensions/1.4/AppleJavaExtensions-1.4.jar:/home/user/.m2/repository/jaxen/jaxen/1.1.6/jaxen-1.1.6.jar:/home/user/.m2/repository/junit/junit/4.11/junit-4.11.jar:/home/user/.m2/repository/org/hamcrest/hamcrest-core/1.3/hamcrest-core-1.3.jar:/home/user/.m2/repository/org/apache/hadoop/hadoop-common/3.2.0/hadoop-common-3.2.0-tests.jar:/workdir/hadoop-ozone/integration-test/target/test-classes:/home/user/.m2/repository/org/apache/hadoop/hadoop-ozone-s3gateway/0.5.0-SNAPSHOT/hadoop-ozone-s3gateway-0.5.0-SNAPSHOT.jar:/home/user/.m2/repository/org/jboss/weld/servlet/weld-servlet/2.4.7.Final/weld-servlet-2.4.7.Final.jar:/home/user/.m2/repository/org/glassfish/jersey/containers/jersey-container-servlet-core/2.27/jersey-container-servlet-core-2.27.jar:/home/user/.m2/repository/org/glassfish/hk2/external/javax.inject/2.5.0-b42/javax.inject-2.5.0-b42.jar:/home/user/.m2/repository/org/glassfish/jersey/core/jersey-common/2.27/jersey-common-2.27.jar:/home/user/.m2/repository/org/glassfish/hk2/osgi-resource-locator/1.0.1/osgi-resource-locator-1.0.1.jar:/home/user/.m2/repository/javax/ws/rs/javax.ws.rs-api/2.1/javax.ws.rs-api-2.1.jar:/home/user/.m2/repository/org/glassfish/jersey/ext/cdi/jersey-cdi1x/2.27/jersey-cdi1x-2.27.jar:/home/user/.m2/repository/org/glassfish/jersey/inject/jersey-hk2/2.27/jersey-hk2-2.27.jar:/home/user/.m2/repository/org/glassfish/hk2/hk2-locator/2.5.0-b42/hk2-locator-2.5.0-b42.jar:/home/user/.m2/repository/org/javassist/javassist/3.22.0-CR2/javassist-3.22.0-CR2.jar:/home/user/.m2/repository/org/glassfish/hk2/hk2-api/2.5.0/hk2-api-2.5.0.jar:/home/user/.m2/repository/org/glassfish/hk2/external/jakarta.inject/2.5.0/jakarta.inject-2.5.0.jar:/home/user/.m2/repository/org/glassfish/hk2/hk2-utils/2.5.0/hk2-utils-2.5.0.jar:/home/user/.m2/repository/jakarta/annotation/jakarta.annotation-api/1.3.4/jakarta.annotation-api-1.3.4.jar:/home/user/.m2/repository/org/glassfish/hk2/external/aopalliance-repackaged/2.5.0/aopalliance-repackaged-2.5.0.jar:/home/user/.m2/repository/com/fasterxml/jackson/dataformat/jackson-dataformat-xml/2.9.0/jackson-dataformat-xml-2.9.0.jar:/home/user/.m2/repository/com/fasterxml/jackson/module/jackson-module-jaxb-annotations/2.9.9/jackson-module-jaxb-annotations-2.9.9.jar:/home/user/.m2/repository/javax/enterprise/cdi-api/1.2/cdi-api-1.2.jar:/home/user/.m2/repository/javax/el/javax.el-api/3.0.0/javax.el-api-3.0.0.jar:/home/user/.m2/repository/javax/interceptor/javax.interceptor-api/1.2/javax.interceptor-api-1.2.jar:/home/user/.m2/repository/javax/inject/javax.inject/1/javax.inject-1.jar:/home/user/.m2/repository/org/apache/hadoop/hadoop-ozone-csi/0.5.0-SNAPSHOT/hadoop-ozone-csi-0.5.0-SNAPSHOT.jar:/home/user/.m2/repository/com/google/protobuf/protobuf-java-util/3.5.1/protobuf-java-util-3.5.1.jar:/home/user/.m2/repository/io/grpc/grpc-netty/1.17.1/grpc-netty-1.17.1.jar:/home/user/.m2/repository/io/grpc/grpc-core/1.17.1/grpc-core-1.17.1.jar:/home/user/.m2/repository/io/grpc/grpc-context/1.17.1/grpc-context-1.17.1.jar:/home/user/.m2/repository/com/google/errorprone/error_prone_annotations/2.2.0/error_prone_annotations-2.2.0.jar:/home/user/.m2/repository/org/codehaus/mojo/animal-sniffer-annotations/1.17/animal-sniffer-annotations-1.17.jar:/home/user/.m2/repository/io/opencensus/opencensus-api/0.17.0/opencensus-api-0.17.0.jar:/home/user/.m2/repository/io/opencensus/opencensus-contrib-grpc-metrics/0.17.0/opencensus-contrib-grpc-metrics-0.17.0.jar:/home/user/.m2/repository/io/netty/netty-codec-http2/4.1.30.Final/netty-codec-http2-4.1.30.Final.jar:/home/user/.m2/repository/io/netty/netty-codec-http/4.1.30.Final/netty-codec-http-4.1.30.Final.jar:/home/user/.m2/repository/io/netty/netty-codec/4.1.30.Final/netty-codec-4.1.30.Final.jar:/home/user/.m2/repository/io/netty/netty-handler/4.1.30.Final/netty-handler-4.1.30.Final.jar:/home/user/.m2/repository/io/netty/netty-handler-proxy/4.1.30.Final/netty-handler-proxy-4.1.30.Final.jar:/home/user/.m2/repository/io/netty/netty-codec-socks/4.1.30.Final/netty-codec-socks-4.1.30.Final.jar:/home/user/.m2/repository/io/netty/netty-transport-native-epoll/4.1.30.Final/netty-transport-native-epoll-4.1.30.Final.jar:/home/user/.m2/repository/io/netty/netty-common/4.1.30.Final/netty-common-4.1.30.Final.jar:/home/user/.m2/repository/io/netty/netty-buffer/4.1.30.Final/netty-buffer-4.1.30.Final.jar:/home/user/.m2/repository/io/netty/netty-transport/4.1.30.Final/netty-transport-4.1.30.Final.jar:/home/user/.m2/repository/io/netty/netty-resolver/4.1.30.Final/netty-resolver-4.1.30.Final.jar:/home/user/.m2/repository/io/netty/netty-transport-native-unix-common/4.1.30.Final/netty-transport-native-unix-common-4.1.30.Final.jar:/home/user/.m2/repository/io/grpc/grpc-protobuf/1.17.1/grpc-protobuf-1.17.1.jar:/home/user/.m2/repository/com/google/api/grpc/proto-google-common-protos/1.0.0/proto-google-common-protos-1.0.0.jar:/home/user/.m2/repository/io/grpc/grpc-protobuf-lite/1.17.1/grpc-protobuf-lite-1.17.1.jar:/home/user/.m2/repository/io/grpc/grpc-stub/1.17.1/grpc-stub-1.17.1.jar:/home/user/.m2/repository/org/apache/hadoop/hadoop-ozone-recon/0.5.0-SNAPSHOT/hadoop-ozone-recon-0.5.0-SNAPSHOT.jar:/home/user/.m2/repository/org/apache/hadoop/hadoop-ozone-reconcodegen/0.5.0-SNAPSHOT/hadoop-ozone-reconcodegen-0.5.0-SNAPSHOT.jar:/home/user/.m2/repository/com/google/inject/extensions/guice-multibindings/4.0/guice-multibindings-4.0.jar:/home/user/.m2/repository/com/google/inject/guice/4.0/guice-4.0.jar:/home/user/.m2/repository/aopalliance/aopalliance/1.0/aopalliance-1.0.jar:/home/user/.m2/repository/com/google/inject/extensions/guice-servlet/4.0/guice-servlet-4.0.jar:/home/user/.m2/repository/org/glassfish/jersey/containers/jersey-container-servlet/2.27/jersey-container-servlet-2.27.jar:/home/user/.m2/repository/org/glassfish/hk2/guice-bridge/2.5.0/guice-bridge-2.5.0.jar:/home/user/.m2/repository/org/glassfish/jersey/core/jersey-server/2.27/jersey-server-2.27.jar:/home/user/.m2/repository/org/glassfish/jersey/core/jersey-client/2.27/jersey-client-2.27.jar:/home/user/.m2/repository/org/glassfish/jersey/media/jersey-media-jaxb/2.27/jersey-media-jaxb-2.27.jar:/home/user/.m2/repository/javax/validation/validation-api/1.1.0.Final/validation-api-1.1.0.Final.jar:/home/user/.m2/repository/org/glassfish/jersey/media/jersey-media-json-jackson/2.27/jersey-media-json-jackson-2.27.jar:/home/user/.m2/repository/org/glassfish/jersey/ext/jersey-entity-filtering/2.27/jersey-entity-filtering-2.27.jar:/home/user/.m2/repository/com/google/inject/extensions/guice-assistedinject/4.0/guice-assistedinject-4.0.jar:/home/user/.m2/repository/org/jooq/jooq/3.11.10/jooq-3.11.10.jar:/home/user/.m2/repository/org/jooq/jooq-meta/3.11.10/jooq-meta-3.11.10.jar:/home/user/.m2/repository/org/jooq/jooq-codegen/3.11.10/jooq-codegen-3.11.10.jar:/home/user/.m2/repository/com/jolbox/bonecp/0.8.0.RELEASE/bonecp-0.8.0.RELEASE.jar:/home/user/.m2/repository/org/springframework/spring-jdbc/5.1.3.RELEASE/spring-jdbc-5.1.3.RELEASE.jar:/home/user/.m2/repository/org/springframework/spring-beans/5.1.3.RELEASE/spring-beans-5.1.3.RELEASE.jar:/home/user/.m2/repository/org/springframework/spring-core/5.1.3.RELEASE/spring-core-5.1.3.RELEASE.jar:/home/user/.m2/repository/org/springframework/spring-jcl/5.1.3.RELEASE/spring-jcl-5.1.3.RELEASE.jar:/home/user/.m2/repository/org/springframework/spring-tx/5.1.3.RELEASE/spring-tx-5.1.3.RELEASE.jar:/home/user/.m2/repository/org/mockito/mockito-core/2.15.0/mockito-core-2.15.0.jar:/home/user/.m2/repository/net/bytebuddy/byte-buddy/1.7.9/byte-buddy-1.7.9.jar:/home/user/.m2/repository/net/bytebuddy/byte-buddy-agent/1.7.9/byte-buddy-agent-1.7.9.jar:/home/user/.m2/repository/org/objenesis/objenesis/1.0/objenesis-1.0.jar:"/>
    <property name="java.vm.vendor" value="IcedTea"/>
    <property name="sun.arch.data.model" value="64"/>
    <property name="test.build.dir" value="/workdir/hadoop-ozone/tools/target/test-dir"/>
    <property name="test.cache.data" value=""/>
    <property name="java.vendor.url" value="https://icedtea.classpath.org"/>
    <property name="user.timezone" value=""/>
    <property name="java.vm.specification.version" value="1.8"/>
    <property name="os.name" value="Linux"/>
    <property name="test.build.data" value="/workdir/hadoop-ozone/tools/target/test-dir"/>
    <property name="user.country" value="US"/>
    <property name="sun.java.launcher" value="SUN_STANDARD"/>
    <property name="sun.boot.library.path" value="/usr/lib/jvm/java-1.8-openjdk/jre/lib/amd64"/>
    <property name="sun.java.command" value="/workdir/hadoop-ozone/tools/target/surefire/surefirebooter4121335105416708421.jar /workdir/hadoop-ozone/tools/target/surefire 2019-09-26T09-15-41_457-jvmRun1 surefire5108223644321083578tmp surefire_1116488240341468998355tmp"/>
    <property name="test" value="!TestMiniChaosOzoneCluster"/>
    <property name="surefire.test.class.path" value="/workdir/hadoop-ozone/tools/target/test-classes:/workdir/hadoop-ozone/tools/target/classes:/home/user/.m2/repository/org/apache/hadoop/hadoop-ozone-ozone-manager/0.5.0-SNAPSHOT/hadoop-ozone-ozone-manager-0.5.0-SNAPSHOT.jar:/home/user/.m2/repository/org/apache/hadoop/hadoop-hdds-docs/0.5.0-SNAPSHOT/hadoop-hdds-docs-0.5.0-SNAPSHOT.jar:/home/user/.m2/repository/org/bouncycastle/bcprov-jdk15on/1.60/bcprov-jdk15on-1.60.jar:/home/user/.m2/repository/org/apache/hadoop/hadoop-ozone-common/0.5.0-SNAPSHOT/hadoop-ozone-common-0.5.0-SNAPSHOT.jar:/home/user/.m2/repository/org/apache/commons/commons-compress/1.4.1/commons-compress-1.4.1.jar:/home/user/.m2/repository/org/tukaani/xz/1.0/xz-1.0.jar:/home/user/.m2/repository/org/apache/hadoop/hadoop-hdfs-client/3.2.0/hadoop-hdfs-client-3.2.0.jar:/home/user/.m2/repository/com/fasterxml/jackson/core/jackson-annotations/2.9.9/jackson-annotations-2.9.9.jar:/home/user/.m2/repository/org/apache/hadoop/hadoop-hdds-common/0.5.0-SNAPSHOT/hadoop-hdds-common-0.5.0-SNAPSHOT.jar:/home/user/.m2/repository/org/apache/hadoop/hadoop-hdds-config/0.5.0-SNAPSHOT/hadoop-hdds-config-0.5.0-SNAPSHOT.jar:/home/user/.m2/repository/javax/annotation/javax.annotation-api/1.2/javax.annotation-api-1.2.jar:/home/user/.m2/repository/org/apache/ratis/ratis-server/0.4.0/ratis-server-0.4.0.jar:/home/user/.m2/repository/org/apache/ratis/ratis-thirdparty-misc/0.2.0/ratis-thirdparty-misc-0.2.0.jar:/home/user/.m2/repository/org/apache/ratis/ratis-proto/0.4.0/ratis-proto-0.4.0.jar:/home/user/.m2/repository/org/apache/ratis/ratis-common/0.4.0/ratis-common-0.4.0.jar:/home/user/.m2/repository/org/apache/ratis/ratis-client/0.4.0/ratis-client-0.4.0.jar:/home/user/.m2/repository/org/apache/ratis/ratis-metrics/0.4.0/ratis-metrics-0.4.0.jar:/home/user/.m2/repository/com/github/joshelser/dropwizard-metrics-hadoop-metrics2-reporter/0.1.2/dropwizard-metrics-hadoop-metrics2-reporter-0.1.2.jar:/home/user/.m2/repository/io/dropwizard/metrics/metrics-jvm/3.2.5/metrics-jvm-3.2.5.jar:/home/user/.m2/repository/io/dropwizard/metrics/metrics-ganglia/3.2.5/metrics-ganglia-3.2.5.jar:/home/user/.m2/repository/info/ganglia/gmetric4j/gmetric4j/1.0.7/gmetric4j-1.0.7.jar:/home/user/.m2/repository/org/apache/ratis/ratis-netty/0.4.0/ratis-netty-0.4.0.jar:/home/user/.m2/repository/org/apache/ratis/ratis-grpc/0.4.0/ratis-grpc-0.4.0.jar:/home/user/.m2/repository/org/rocksdb/rocksdbjni/6.0.1/rocksdbjni-6.0.1.jar:/home/user/.m2/repository/org/apache/logging/log4j/log4j-api/2.11.0/log4j-api-2.11.0.jar:/home/user/.m2/repository/org/apache/logging/log4j/log4j-core/2.11.0/log4j-core-2.11.0.jar:/home/user/.m2/repository/com/lmax/disruptor/3.4.2/disruptor-3.4.2.jar:/home/user/.m2/repository/org/apache/commons/commons-pool2/2.6.0/commons-pool2-2.6.0.jar:/home/user/.m2/repository/org/bouncycastle/bcpkix-jdk15on/1.60/bcpkix-jdk15on-1.60.jar:/home/user/.m2/repository/commons-validator/commons-validator/1.6/commons-validator-1.6.jar:/home/user/.m2/repository/commons-digester/commons-digester/1.8.1/commons-digester-1.8.1.jar:/home/user/.m2/repository/io/jaegertracing/jaeger-client/0.34.0/jaeger-client-0.34.0.jar:/home/user/.m2/repository/io/jaegertracing/jaeger-thrift/0.34.0/jaeger-thrift-0.34.0.jar:/home/user/.m2/repository/org/apache/thrift/libthrift/0.12.0/libthrift-0.12.0.jar:/home/user/.m2/repository/com/squareup/okhttp3/okhttp/3.9.0/okhttp-3.9.0.jar:/home/user/.m2/repository/com/squareup/okio/okio/1.13.0/okio-1.13.0.jar:/home/user/.m2/repository/io/jaegertracing/jaeger-core/0.34.0/jaeger-core-0.34.0.jar:/home/user/.m2/repository/io/jaegertracing/jaeger-tracerresolver/0.34.0/jaeger-tracerresolver-0.34.0.jar:/home/user/.m2/repository/io/opentracing/contrib/opentracing-tracerresolver/0.1.5/opentracing-tracerresolver-0.1.5.jar:/home/user/.m2/repository/io/opentracing/opentracing-util/0.31.0/opentracing-util-0.31.0.jar:/home/user/.m2/repository/io/opentracing/opentracing-api/0.31.0/opentracing-api-0.31.0.jar:/home/user/.m2/repository/io/opentracing/opentracing-noop/0.31.0/opentracing-noop-0.31.0.jar:/home/user/.m2/repository/org/yaml/snakeyaml/1.16/snakeyaml-1.16.jar:/home/user/.m2/repository/org/apache/hadoop/hadoop-hdds-container-service/0.5.0-SNAPSHOT/hadoop-hdds-container-service-0.5.0-SNAPSHOT.jar:/home/user/.m2/repository/org/apache/hadoop/hadoop-hdds-client/0.5.0-SNAPSHOT/hadoop-hdds-client-0.5.0-SNAPSHOT.jar:/home/user/.m2/repository/org/apache/hadoop/hadoop-hdds-tools/0.5.0-SNAPSHOT/hadoop-hdds-tools-0.5.0-SNAPSHOT.jar:/home/user/.m2/repository/org/xerial/sqlite-jdbc/3.25.2/sqlite-jdbc-3.25.2.jar:/home/user/.m2/repository/org/apache/hadoop/hadoop-hdds-server-scm/0.5.0-SNAPSHOT/hadoop-hdds-server-scm-0.5.0-SNAPSHOT.jar:/home/user/.m2/repository/org/hamcrest/hamcrest-all/1.3/hamcrest-all-1.3.jar:/home/user/.m2/repository/info/picocli/picocli/3.9.6/picocli-3.9.6.jar:/home/user/.m2/repository/com/google/protobuf/protobuf-java/2.5.0/protobuf-java-2.5.0.jar:/home/user/.m2/repository/com/google/guava/guava/11.0.2/guava-11.0.2.jar:/home/user/.m2/repository/org/apache/hadoop/hadoop-ozone-client/0.5.0-SNAPSHOT/hadoop-ozone-client-0.5.0-SNAPSHOT.jar:/workdir/hadoop-ozone/ozonefs/target/classes:/home/user/.m2/repository/org/apache/hadoop/hadoop-hdds-server-framework/0.5.0-SNAPSHOT/hadoop-hdds-server-framework-0.5.0-SNAPSHOT.jar:/home/user/.m2/repository/org/apache/hadoop/hadoop-common/3.2.0/hadoop-common-3.2.0.jar:/home/user/.m2/repository/org/apache/hadoop/hadoop-annotations/3.2.0/hadoop-annotations-3.2.0.jar:/usr/lib/jvm/java-1.8-openjdk/jre/../lib/tools.jar:/home/user/.m2/repository/commons-cli/commons-cli/1.2/commons-cli-1.2.jar:/home/user/.m2/repository/org/apache/commons/commons-math3/3.1.1/commons-math3-3.1.1.jar:/home/user/.m2/repository/org/apache/httpcomponents/httpclient/4.5.2/httpclient-4.5.2.jar:/home/user/.m2/repository/org/apache/httpcomponents/httpcore/4.4.4/httpcore-4.4.4.jar:/home/user/.m2/repository/commons-codec/commons-codec/1.11/commons-codec-1.11.jar:/home/user/.m2/repository/commons-io/commons-io/2.5/commons-io-2.5.jar:/home/user/.m2/repository/commons-net/commons-net/3.6/commons-net-3.6.jar:/home/user/.m2/repository/commons-collections/commons-collections/3.2.2/commons-collections-3.2.2.jar:/home/user/.m2/repository/javax/servlet/javax.servlet-api/3.1.0/javax.servlet-api-3.1.0.jar:/home/user/.m2/repository/org/eclipse/jetty/jetty-server/9.3.25.v20180904/jetty-server-9.3.25.v20180904.jar:/home/user/.m2/repository/org/eclipse/jetty/jetty-http/9.3.25.v20180904/jetty-http-9.3.25.v20180904.jar:/home/user/.m2/repository/org/eclipse/jetty/jetty-io/9.3.25.v20180904/jetty-io-9.3.25.v20180904.jar:/home/user/.m2/repository/org/eclipse/jetty/jetty-util/9.3.25.v20180904/jetty-util-9.3.25.v20180904.jar:/home/user/.m2/repository/org/eclipse/jetty/jetty-servlet/9.3.25.v20180904/jetty-servlet-9.3.25.v20180904.jar:/home/user/.m2/repository/org/eclipse/jetty/jetty-security/9.3.25.v20180904/jetty-security-9.3.25.v20180904.jar:/home/user/.m2/repository/org/eclipse/jetty/jetty-webapp/9.3.25.v20180904/jetty-webapp-9.3.25.v20180904.jar:/home/user/.m2/repository/org/eclipse/jetty/jetty-xml/9.3.25.v20180904/jetty-xml-9.3.25.v20180904.jar:/home/user/.m2/repository/javax/servlet/jsp/jsp-api/2.1/jsp-api-2.1.jar:/home/user/.m2/repository/com/sun/jersey/jersey-core/1.19/jersey-core-1.19.jar:/home/user/.m2/repository/javax/ws/rs/jsr311-api/1.1.1/jsr311-api-1.1.1.jar:/home/user/.m2/repository/com/sun/jersey/jersey-servlet/1.19/jersey-servlet-1.19.jar:/home/user/.m2/repository/com/sun/jersey/jersey-json/1.19/jersey-json-1.19.jar:/home/user/.m2/repository/org/codehaus/jettison/jettison/1.1/jettison-1.1.jar:/home/user/.m2/repository/com/sun/xml/bind/jaxb-impl/2.3.0.1/jaxb-impl-2.3.0.1.jar:/home/user/.m2/repository/org/codehaus/jackson/jackson-core-asl/1.9.13/jackson-core-asl-1.9.13.jar:/home/user/.m2/repository/org/codehaus/jackson/jackson-mapper-asl/1.9.13/jackson-mapper-asl-1.9.13.jar:/home/user/.m2/repository/org/codehaus/jackson/jackson-jaxrs/1.9.13/jackson-jaxrs-1.9.13.jar:/home/user/.m2/repository/org/codehaus/jackson/jackson-xc/1.9.13/jackson-xc-1.9.13.jar:/home/user/.m2/repository/com/sun/jersey/jersey-server/1.19/jersey-server-1.19.jar:/home/user/.m2/repository/commons-logging/commons-logging/1.1.3/commons-logging-1.1.3.jar:/home/user/.m2/repository/log4j/log4j/1.2.17/log4j-1.2.17.jar:/home/user/.m2/repository/commons-beanutils/commons-beanutils/1.9.4/commons-beanutils-1.9.4.jar:/home/user/.m2/repository/org/apache/commons/commons-configuration2/2.1.1/commons-configuration2-2.1.1.jar:/home/user/.m2/repository/org/apache/commons/commons-lang3/3.7/commons-lang3-3.7.jar:/home/user/.m2/repository/org/apache/commons/commons-text/1.4/commons-text-1.4.jar:/home/user/.m2/repository/org/slf4j/slf4j-api/1.7.25/slf4j-api-1.7.25.jar:/home/user/.m2/repository/org/slf4j/slf4j-log4j12/1.7.25/slf4j-log4j12-1.7.25.jar:/home/user/.m2/repository/org/apache/avro/avro/1.7.7/avro-1.7.7.jar:/home/user/.m2/repository/com/thoughtworks/paranamer/paranamer/2.3/paranamer-2.3.jar:/home/user/.m2/repository/org/xerial/snappy/snappy-java/1.0.5/snappy-java-1.0.5.jar:/home/user/.m2/repository/com/google/re2j/re2j/1.1/re2j-1.1.jar:/home/user/.m2/repository/com/google/code/gson/gson/2.2.4/gson-2.2.4.jar:/home/user/.m2/repository/org/apache/hadoop/hadoop-auth/3.2.0/hadoop-auth-3.2.0.jar:/home/user/.m2/repository/com/nimbusds/nimbus-jose-jwt/4.41.1/nimbus-jose-jwt-4.41.1.jar:/home/user/.m2/repository/com/github/stephenc/jcip/jcip-annotations/1.0-1/jcip-annotations-1.0-1.jar:/home/user/.m2/repository/net/minidev/json-smart/2.3/json-smart-2.3.jar:/home/user/.m2/repository/net/minidev/accessors-smart/1.2/accessors-smart-1.2.jar:/home/user/.m2/repository/org/apache/curator/curator-framework/2.12.0/curator-framework-2.12.0.jar:/home/user/.m2/repository/com/jcraft/jsch/0.1.54/jsch-0.1.54.jar:/home/user/.m2/repository/org/apache/curator/curator-client/2.12.0/curator-client-2.12.0.jar:/home/user/.m2/repository/org/apache/curator/curator-recipes/2.12.0/curator-recipes-2.12.0.jar:/home/user/.m2/repository/com/google/code/findbugs/jsr305/3.0.0/jsr305-3.0.0.jar:/home/user/.m2/repository/org/apache/htrace/htrace-core4/4.1.0-incubating/htrace-core4-4.1.0-incubating.jar:/home/user/.m2/repository/org/apache/zookeeper/zookeeper/3.4.13/zookeeper-3.4.13.jar:/home/user/.m2/repository/jline/jline/0.9.94/jline-0.9.94.jar:/home/user/.m2/repository/org/apache/yetus/audience-annotations/0.5.0/audience-annotations-0.5.0.jar:/home/user/.m2/repository/org/apache/kerby/kerb-simplekdc/1.0.1/kerb-simplekdc-1.0.1.jar:/home/user/.m2/repository/org/apache/kerby/kerb-client/1.0.1/kerb-client-1.0.1.jar:/home/user/.m2/repository/org/apache/kerby/kerby-config/1.0.1/kerby-config-1.0.1.jar:/home/user/.m2/repository/org/apache/kerby/kerb-core/1.0.1/kerb-core-1.0.1.jar:/home/user/.m2/repository/org/apache/kerby/kerby-pkix/1.0.1/kerby-pkix-1.0.1.jar:/home/user/.m2/repository/org/apache/kerby/kerby-asn1/1.0.1/kerby-asn1-1.0.1.jar:/home/user/.m2/repository/org/apache/kerby/kerby-util/1.0.1/kerby-util-1.0.1.jar:/home/user/.m2/repository/org/apache/kerby/kerb-common/1.0.1/kerb-common-1.0.1.jar:/home/user/.m2/repository/org/apache/kerby/kerb-crypto/1.0.1/kerb-crypto-1.0.1.jar:/home/user/.m2/repository/org/apache/kerby/kerb-util/1.0.1/kerb-util-1.0.1.jar:/home/user/.m2/repository/org/apache/kerby/token-provider/1.0.1/token-provider-1.0.1.jar:/home/user/.m2/repository/org/apache/kerby/kerb-admin/1.0.1/kerb-admin-1.0.1.jar:/home/user/.m2/repository/org/apache/kerby/kerb-server/1.0.1/kerb-server-1.0.1.jar:/home/user/.m2/repository/org/apache/kerby/kerb-identity/1.0.1/kerb-identity-1.0.1.jar:/home/user/.m2/repository/org/apache/kerby/kerby-xdr/1.0.1/kerby-xdr-1.0.1.jar:/home/user/.m2/repository/com/fasterxml/jackson/core/jackson-databind/2.9.9/jackson-databind-2.9.9.jar:/home/user/.m2/repository/com/fasterxml/jackson/core/jackson-core/2.9.9/jackson-core-2.9.9.jar:/home/user/.m2/repository/org/codehaus/woodstox/stax2-api/3.1.4/stax2-api-3.1.4.jar:/home/user/.m2/repository/com/fasterxml/woodstox/woodstox-core/5.0.3/woodstox-core-5.0.3.jar:/home/user/.m2/repository/dnsjava/dnsjava/2.1.7/dnsjava-2.1.7.jar:/home/user/.m2/repository/org/apache/hadoop/hadoop-hdfs/3.2.0/hadoop-hdfs-3.2.0.jar:/home/user/.m2/repository/org/eclipse/jetty/jetty-util-ajax/9.3.25.v20180904/jetty-util-ajax-9.3.25.v20180904.jar:/home/user/.m2/repository/commons-daemon/commons-daemon/1.0.13/commons-daemon-1.0.13.jar:/home/user/.m2/repository/io/netty/netty/3.10.5.Final/netty-3.10.5.Final.jar:/home/user/.m2/repository/io/netty/netty-all/4.0.52.Final/netty-all-4.0.52.Final.jar:/home/user/.m2/repository/org/fusesource/leveldbjni/leveldbjni-all/1.8/leveldbjni-all-1.8.jar:/home/user/.m2/repository/com/sun/xml/bind/jaxb-core/2.3.0.1/jaxb-core-2.3.0.1.jar:/home/user/.m2/repository/javax/xml/bind/jaxb-api/2.3.0/jaxb-api-2.3.0.jar:/home/user/.m2/repository/javax/activation/activation/1.1.1/activation-1.1.1.jar:/home/user/.m2/repository/io/dropwizard/metrics/metrics-core/3.2.4/metrics-core-3.2.4.jar:/home/user/.m2/repository/org/openjdk/jmh/jmh-core/1.19/jmh-core-1.19.jar:/home/user/.m2/repository/net/sf/jopt-simple/jopt-simple/4.6/jopt-simple-4.6.jar:/home/user/.m2/repository/org/openjdk/jmh/jmh-generator-annprocess/1.19/jmh-generator-annprocess-1.19.jar:/home/user/.m2/repository/com/amazonaws/aws-java-sdk-s3/1.11.615/aws-java-sdk-s3-1.11.615.jar:/home/user/.m2/repository/com/amazonaws/aws-java-sdk-kms/1.11.615/aws-java-sdk-kms-1.11.615.jar:/home/user/.m2/repository/com/amazonaws/aws-java-sdk-core/1.11.615/aws-java-sdk-core-1.11.615.jar:/home/user/.m2/repository/software/amazon/ion/ion-java/1.0.2/ion-java-1.0.2.jar:/home/user/.m2/repository/com/fasterxml/jackson/dataformat/jackson-dataformat-cbor/2.9.9/jackson-dataformat-cbor-2.9.9.jar:/home/user/.m2/repository/joda-time/joda-time/2.9.9/joda-time-2.9.9.jar:/home/user/.m2/repository/com/amazonaws/jmespath-java/1.11.615/jmespath-java-1.11.615.jar:/home/user/.m2/repository/com/google/code/findbugs/findbugs/3.0.1/findbugs-3.0.1.jar:/home/user/.m2/repository/net/jcip/jcip-annotations/1.0/jcip-annotations-1.0.jar:/home/user/.m2/repository/com/google/code/findbugs/bcel-findbugs/6.0/bcel-findbugs-6.0.jar:/home/user/.m2/repository/com/google/code/findbugs/jFormatString/2.0.1/jFormatString-2.0.1.jar:/home/user/.m2/repository/dom4j/dom4j/1.6.1/dom4j-1.6.1.jar:/home/user/.m2/repository/xml-apis/xml-apis/1.0.b2/xml-apis-1.0.b2.jar:/home/user/.m2/repository/org/ow2/asm/asm-debug-all/5.0.2/asm-debug-all-5.0.2.jar:/home/user/.m2/repository/org/ow2/asm/asm-commons/5.0.2/asm-commons-5.0.2.jar:/home/user/.m2/repository/org/ow2/asm/asm-tree/5.0.2/asm-tree-5.0.2.jar:/home/user/.m2/repository/org/ow2/asm/asm/5.0.4/asm-5.0.4.jar:/home/user/.m2/repository/commons-lang/commons-lang/2.6/commons-lang-2.6.jar:/home/user/.m2/repository/com/apple/AppleJavaExtensions/1.4/AppleJavaExtensions-1.4.jar:/home/user/.m2/repository/jaxen/jaxen/1.1.6/jaxen-1.1.6.jar:/home/user/.m2/repository/junit/junit/4.11/junit-4.11.jar:/home/user/.m2/repository/org/hamcrest/hamcrest-core/1.3/hamcrest-core-1.3.jar:/home/user/.m2/repository/org/apache/hadoop/hadoop-common/3.2.0/hadoop-common-3.2.0-tests.jar:/workdir/hadoop-ozone/integration-test/target/test-classes:/home/user/.m2/repository/org/apache/hadoop/hadoop-ozone-s3gateway/0.5.0-SNAPSHOT/hadoop-ozone-s3gateway-0.5.0-SNAPSHOT.jar:/home/user/.m2/repository/org/jboss/weld/servlet/weld-servlet/2.4.7.Final/weld-servlet-2.4.7.Final.jar:/home/user/.m2/repository/org/glassfish/jersey/containers/jersey-container-servlet-core/2.27/jersey-container-servlet-core-2.27.jar:/home/user/.m2/repository/org/glassfish/hk2/external/javax.inject/2.5.0-b42/javax.inject-2.5.0-b42.jar:/home/user/.m2/repository/org/glassfish/jersey/core/jersey-common/2.27/jersey-common-2.27.jar:/home/user/.m2/repository/org/glassfish/hk2/osgi-resource-locator/1.0.1/osgi-resource-locator-1.0.1.jar:/home/user/.m2/repository/javax/ws/rs/javax.ws.rs-api/2.1/javax.ws.rs-api-2.1.jar:/home/user/.m2/repository/org/glassfish/jersey/ext/cdi/jersey-cdi1x/2.27/jersey-cdi1x-2.27.jar:/home/user/.m2/repository/org/glassfish/jersey/inject/jersey-hk2/2.27/jersey-hk2-2.27.jar:/home/user/.m2/repository/org/glassfish/hk2/hk2-locator/2.5.0-b42/hk2-locator-2.5.0-b42.jar:/home/user/.m2/repository/org/javassist/javassist/3.22.0-CR2/javassist-3.22.0-CR2.jar:/home/user/.m2/repository/org/glassfish/hk2/hk2-api/2.5.0/hk2-api-2.5.0.jar:/home/user/.m2/repository/org/glassfish/hk2/external/jakarta.inject/2.5.0/jakarta.inject-2.5.0.jar:/home/user/.m2/repository/org/glassfish/hk2/hk2-utils/2.5.0/hk2-utils-2.5.0.jar:/home/user/.m2/repository/jakarta/annotation/jakarta.annotation-api/1.3.4/jakarta.annotation-api-1.3.4.jar:/home/user/.m2/repository/org/glassfish/hk2/external/aopalliance-repackaged/2.5.0/aopalliance-repackaged-2.5.0.jar:/home/user/.m2/repository/com/fasterxml/jackson/dataformat/jackson-dataformat-xml/2.9.0/jackson-dataformat-xml-2.9.0.jar:/home/user/.m2/repository/com/fasterxml/jackson/module/jackson-module-jaxb-annotations/2.9.9/jackson-module-jaxb-annotations-2.9.9.jar:/home/user/.m2/repository/javax/enterprise/cdi-api/1.2/cdi-api-1.2.jar:/home/user/.m2/repository/javax/el/javax.el-api/3.0.0/javax.el-api-3.0.0.jar:/home/user/.m2/repository/javax/interceptor/javax.interceptor-api/1.2/javax.interceptor-api-1.2.jar:/home/user/.m2/repository/javax/inject/javax.inject/1/javax.inject-1.jar:/home/user/.m2/repository/org/apache/hadoop/hadoop-ozone-csi/0.5.0-SNAPSHOT/hadoop-ozone-csi-0.5.0-SNAPSHOT.jar:/home/user/.m2/repository/com/google/protobuf/protobuf-java-util/3.5.1/protobuf-java-util-3.5.1.jar:/home/user/.m2/repository/io/grpc/grpc-netty/1.17.1/grpc-netty-1.17.1.jar:/home/user/.m2/repository/io/grpc/grpc-core/1.17.1/grpc-core-1.17.1.jar:/home/user/.m2/repository/io/grpc/grpc-context/1.17.1/grpc-context-1.17.1.jar:/home/user/.m2/repository/com/google/errorprone/error_prone_annotations/2.2.0/error_prone_annotations-2.2.0.jar:/home/user/.m2/repository/org/codehaus/mojo/animal-sniffer-annotations/1.17/animal-sniffer-annotations-1.17.jar:/home/user/.m2/repository/io/opencensus/opencensus-api/0.17.0/opencensus-api-0.17.0.jar:/home/user/.m2/repository/io/opencensus/opencensus-contrib-grpc-metrics/0.17.0/opencensus-contrib-grpc-metrics-0.17.0.jar:/home/user/.m2/repository/io/netty/netty-codec-http2/4.1.30.Final/netty-codec-http2-4.1.30.Final.jar:/home/user/.m2/repository/io/netty/netty-codec-http/4.1.30.Final/netty-codec-http-4.1.30.Final.jar:/home/user/.m2/repository/io/netty/netty-codec/4.1.30.Final/netty-codec-4.1.30.Final.jar:/home/user/.m2/repository/io/netty/netty-handler/4.1.30.Final/netty-handler-4.1.30.Final.jar:/home/user/.m2/repository/io/netty/netty-handler-proxy/4.1.30.Final/netty-handler-proxy-4.1.30.Final.jar:/home/user/.m2/repository/io/netty/netty-codec-socks/4.1.30.Final/netty-codec-socks-4.1.30.Final.jar:/home/user/.m2/repository/io/netty/netty-transport-native-epoll/4.1.30.Final/netty-transport-native-epoll-4.1.30.Final.jar:/home/user/.m2/repository/io/netty/netty-common/4.1.30.Final/netty-common-4.1.30.Final.jar:/home/user/.m2/repository/io/netty/netty-buffer/4.1.30.Final/netty-buffer-4.1.30.Final.jar:/home/user/.m2/repository/io/netty/netty-transport/4.1.30.Final/netty-transport-4.1.30.Final.jar:/home/user/.m2/repository/io/netty/netty-resolver/4.1.30.Final/netty-resolver-4.1.30.Final.jar:/home/user/.m2/repository/io/netty/netty-transport-native-unix-common/4.1.30.Final/netty-transport-native-unix-common-4.1.30.Final.jar:/home/user/.m2/repository/io/grpc/grpc-protobuf/1.17.1/grpc-protobuf-1.17.1.jar:/home/user/.m2/repository/com/google/api/grpc/proto-google-common-protos/1.0.0/proto-google-common-protos-1.0.0.jar:/home/user/.m2/repository/io/grpc/grpc-protobuf-lite/1.17.1/grpc-protobuf-lite-1.17.1.jar:/home/user/.m2/repository/io/grpc/grpc-stub/1.17.1/grpc-stub-1.17.1.jar:/home/user/.m2/repository/org/apache/hadoop/hadoop-ozone-recon/0.5.0-SNAPSHOT/hadoop-ozone-recon-0.5.0-SNAPSHOT.jar:/home/user/.m2/repository/org/apache/hadoop/hadoop-ozone-reconcodegen/0.5.0-SNAPSHOT/hadoop-ozone-reconcodegen-0.5.0-SNAPSHOT.jar:/home/user/.m2/repository/com/google/inject/extensions/guice-multibindings/4.0/guice-multibindings-4.0.jar:/home/user/.m2/repository/com/google/inject/guice/4.0/guice-4.0.jar:/home/user/.m2/repository/aopalliance/aopalliance/1.0/aopalliance-1.0.jar:/home/user/.m2/repository/com/google/inject/extensions/guice-servlet/4.0/guice-servlet-4.0.jar:/home/user/.m2/repository/org/glassfish/jersey/containers/jersey-container-servlet/2.27/jersey-container-servlet-2.27.jar:/home/user/.m2/repository/org/glassfish/hk2/guice-bridge/2.5.0/guice-bridge-2.5.0.jar:/home/user/.m2/repository/org/glassfish/jersey/core/jersey-server/2.27/jersey-server-2.27.jar:/home/user/.m2/repository/org/glassfish/jersey/core/jersey-client/2.27/jersey-client-2.27.jar:/home/user/.m2/repository/org/glassfish/jersey/media/jersey-media-jaxb/2.27/jersey-media-jaxb-2.27.jar:/home/user/.m2/repository/javax/validation/validation-api/1.1.0.Final/validation-api-1.1.0.Final.jar:/home/user/.m2/repository/org/glassfish/jersey/media/jersey-media-json-jackson/2.27/jersey-media-json-jackson-2.27.jar:/home/user/.m2/repository/org/glassfish/jersey/ext/jersey-entity-filtering/2.27/jersey-entity-filtering-2.27.jar:/home/user/.m2/repository/com/google/inject/extensions/guice-assistedinject/4.0/guice-assistedinject-4.0.jar:/home/user/.m2/repository/org/jooq/jooq/3.11.10/jooq-3.11.10.jar:/home/user/.m2/repository/org/jooq/jooq-meta/3.11.10/jooq-meta-3.11.10.jar:/home/user/.m2/repository/org/jooq/jooq-codegen/3.11.10/jooq-codegen-3.11.10.jar:/home/user/.m2/repository/com/jolbox/bonecp/0.8.0.RELEASE/bonecp-0.8.0.RELEASE.jar:/home/user/.m2/repository/org/springframework/spring-jdbc/5.1.3.RELEASE/spring-jdbc-5.1.3.RELEASE.jar:/home/user/.m2/repository/org/springframework/spring-beans/5.1.3.RELEASE/spring-beans-5.1.3.RELEASE.jar:/home/user/.m2/repository/org/springframework/spring-core/5.1.3.RELEASE/spring-core-5.1.3.RELEASE.jar:/home/user/.m2/repository/org/springframework/spring-jcl/5.1.3.RELEASE/spring-jcl-5.1.3.RELEASE.jar:/home/user/.m2/repository/org/springframework/spring-tx/5.1.3.RELEASE/spring-tx-5.1.3.RELEASE.jar:/home/user/.m2/repository/org/mockito/mockito-core/2.15.0/mockito-core-2.15.0.jar:/home/user/.m2/repository/net/bytebuddy/byte-buddy/1.7.9/byte-buddy-1.7.9.jar:/home/user/.m2/repository/net/bytebuddy/byte-buddy-agent/1.7.9/byte-buddy-agent-1.7.9.jar:/home/user/.m2/repository/org/objenesis/objenesis/1.0/objenesis-1.0.jar:"/>
    <property name="sun.cpu.endian" value="little"/>
    <property name="user.home" value="/home/user"/>
    <property name="user.language" value="en"/>
    <property name="java.specification.vendor" value="Oracle Corporation"/>
    <property name="java.home" value="/usr/lib/jvm/java-1.8-openjdk/jre"/>
    <property name="java.security.krb5.conf" value="/workdir/hadoop-ozone/tools/target/test-classes/krb5.conf"/>
    <property name="basedir" value="/workdir/hadoop-ozone/tools"/>
    <property name="file.separator" value="/"/>
    <property name="line.separator" value="&#10;"/>
    <property name="java.vm.specification.vendor" value="Oracle Corporation"/>
    <property name="java.specification.name" value="Java Platform API Specification"/>
    <property name="java.awt.graphicsenv" value="sun.awt.X11GraphicsEnvironment"/>
    <property name="surefire.real.class.path" value="/workdir/hadoop-ozone/tools/target/surefire/surefirebooter4121335105416708421.jar"/>
    <property name="hadoop.log.dir" value="/workdir/hadoop-ozone/tools/target/log"/>
    <property name="sun.boot.class.path" value="/usr/lib/jvm/java-1.8-openjdk/jre/lib/resources.jar:/usr/lib/jvm/java-1.8-openjdk/jre/lib/rt.jar:/usr/lib/jvm/java-1.8-openjdk/jre/lib/sunrsasign.jar:/usr/lib/jvm/java-1.8-openjdk/jre/lib/jsse.jar:/usr/lib/jvm/java-1.8-openjdk/jre/lib/jce.jar:/usr/lib/jvm/java-1.8-openjdk/jre/lib/charsets.jar:/usr/lib/jvm/java-1.8-openjdk/jre/lib/jfr.jar:/usr/lib/jvm/java-1.8-openjdk/jre/classes"/>
    <property name="sun.management.compiler" value="HotSpot 64-Bit Tiered Compilers"/>
    <property name="java.runtime.version" value="1.8.0_212-b04"/>
    <property name="java.net.preferIPv4Stack" value="true"/>
    <property name="user.name" value="jenkins1000"/>
    <property name="path.separator" value=":"/>
    <property name="java.security.egd" value="file:///dev/urandom"/>
    <property name="os.version" value="3.10.0-957.12.2.el7.x86_64"/>
    <property name="java.endorsed.dirs" value="/usr/lib/jvm/java-1.8-openjdk/jre/lib/endorsed"/>
    <property name="java.runtime.name" value="OpenJDK Runtime Environment"/>
    <property name="file.encoding" value="UTF-8"/>
    <property name="java.vm.name" value="OpenJDK 64-Bit Server VM"/>
    <property name="test.build.webapps" value=""/>
    <property name="localRepository" value="/home/user/.m2/repository"/>
    <property name="java.vendor.url.bug" value="https://icedtea.classpath.org/bugzilla"/>
    <property name="java.io.tmpdir" value="/tmp"/>
    <property name="require.test.libhadoop" value=""/>
    <property name="java.version" value="1.8.0_212"/>
    <property name="user.dir" value="/workdir/hadoop-ozone/tools"/>
    <property name="os.arch" value="amd64"/>
    <property name="java.vm.specification.name" value="Java Virtual Machine Specification"/>
    <property name="test.build.classes" value="/workdir/hadoop-ozone/tools/target/test-classes"/>
    <property name="java.awt.printerjob" value="sun.print.PSPrinterJob"/>
    <property name="sun.os.patch.level" value="unknown"/>
    <property name="hadoop.tmp.dir" value="/workdir/hadoop-ozone/tools/target/tmp"/>
    <property name="java.library.path" value="/usr/lib/jvm/java-1.8-openjdk/jre/lib/amd64/server:/usr/lib/jvm/java-1.8-openjdk/jre/lib/amd64:/usr/lib/jvm/java-1.8-openjdk/jre/../lib/amd64:/workdir/hadoop-ozone/tools/target/native/target/usr/local/lib:/workdir/hadoop-ozone/tools/../../hadoop-common-project/hadoop-common/target/native/target/usr/local/lib:/usr/java/packages/lib/amd64:/usr/lib64:/lib64:/lib:/usr/lib"/>
    <property name="java.vm.info" value="mixed mode"/>
    <property name="java.vendor" value="IcedTea"/>
    <property name="java.vm.version" value="25.212-b04"/>
    <property name="java.ext.dirs" value="/usr/lib/jvm/java-1.8-openjdk/jre/lib/ext:/usr/java/packages/lib/ext"/>
    <property name="sun.io.unicode.encoding" value="UnicodeLittle"/>
    <property name="java.class.version" value="52.0"/>
  </properties>
  <testcase name="ratisTestLargeKey" classname="org.apache.hadoop.ozone.freon.TestDataValidateWithSafeByteOperations" time="10.788">
    <error message="Allocated 0 blocks. Requested 5 blocks" type="INTERNAL_ERROR org.apache.hadoop.ozone.om.exceptions.OMException">INTERNAL_ERROR org.apache.hadoop.ozone.om.exceptions.OMException: Allocated 0 blocks. Requested 5 blocks
	at org.apache.hadoop.ozone.om.protocolPB.OzoneManagerProtocolClientSideTranslatorPB.handleError(OzoneManagerProtocolClientSideTranslatorPB.java:732)
	at org.apache.hadoop.ozone.om.protocolPB.OzoneManagerProtocolClientSideTranslatorPB.openKey(OzoneManagerProtocolClientSideTranslatorPB.java:723)
	at sun.reflect.NativeMethodAccessorImpl.invoke0(Native Method)
	at sun.reflect.NativeMethodAccessorImpl.invoke(NativeMethodAccessorImpl.java:62)
	at sun.reflect.DelegatingMethodAccessorImpl.invoke(DelegatingMethodAccessorImpl.java:43)
	at java.lang.reflect.Method.invoke(Method.java:498)
	at org.apache.hadoop.hdds.tracing.TraceAllMethod.invoke(TraceAllMethod.java:66)
	at com.sun.proxy.$Proxy37.openKey(Unknown Source)
	at org.apache.hadoop.ozone.client.rpc.RpcClient.createKey(RpcClient.java:614)
	at org.apache.hadoop.ozone.client.OzoneBucket.createKey(OzoneBucket.java:325)
	at org.apache.hadoop.ozone.freon.RandomKeyGenerator.createKey(RandomKeyGenerator.java:695)
	at org.apache.hadoop.ozone.freon.RandomKeyGenerator.access$1100(RandomKeyGenerator.java:88)
	at org.apache.hadoop.ozone.freon.RandomKeyGenerator$ObjectCreator.run(RandomKeyGenerator.java:615)
	at java.util.concurrent.Executors$RunnableAdapter.call(Executors.java:511)
	at java.util.concurrent.FutureTask.run(FutureTask.java:266)
	at java.util.concurrent.ThreadPoolExecutor.runWorker(ThreadPoolExecutor.java:1149)
	at java.util.concurrent.ThreadPoolExecutor$Worker.run(ThreadPoolExecutor.java:624)
	at java.lang.Thread.run(Thread.java:748)
</error>
    <system-out><![CDATA[2019-09-26 11:01:07,753 [main] WARN  server.ServerUtils (ServerUtils.java:getScmDbDir(145)) - ozone.scm.db.dirs is not configured. We recommend adding this setting. Falling back to ozone.metadata.dirs instead.
2019-09-26 11:01:07,903 [main] WARN  server.ServerUtils (ServerUtils.java:getScmDbDir(145)) - ozone.scm.db.dirs is not configured. We recommend adding this setting. Falling back to ozone.metadata.dirs instead.
2019-09-26 11:01:07,907 [main] WARN  server.ServerUtils (ServerUtils.java:getScmDbDir(145)) - ozone.scm.db.dirs is not configured. We recommend adding this setting. Falling back to ozone.metadata.dirs instead.
2019-09-26 11:01:07,926 [main] INFO  util.log (Log.java:initialized(192)) - Logging initialized @956ms
2019-09-26 11:01:08,033 [main] INFO  db.DBStoreBuilder (DBStoreBuilder.java:addTable(110)) - using custom profile for table: deletedBlocks
2019-09-26 11:01:08,035 [main] INFO  db.DBStoreBuilder (DBStoreBuilder.java:processTables(161)) - Using default column profile:DBProfile.DISK for Table:deletedBlocks
2019-09-26 11:01:08,035 [main] INFO  db.DBStoreBuilder (DBStoreBuilder.java:addTable(110)) - using custom profile for table: validCerts
2019-09-26 11:01:08,035 [main] INFO  db.DBStoreBuilder (DBStoreBuilder.java:processTables(161)) - Using default column profile:DBProfile.DISK for Table:validCerts
2019-09-26 11:01:08,036 [main] INFO  db.DBStoreBuilder (DBStoreBuilder.java:addTable(110)) - using custom profile for table: revokedCerts
2019-09-26 11:01:08,036 [main] INFO  db.DBStoreBuilder (DBStoreBuilder.java:processTables(161)) - Using default column profile:DBProfile.DISK for Table:revokedCerts
2019-09-26 11:01:08,049 [main] INFO  db.DBStoreBuilder (DBStoreBuilder.java:addTable(110)) - using custom profile for table: default
2019-09-26 11:01:08,049 [main] INFO  db.DBStoreBuilder (DBStoreBuilder.java:processTables(167)) - Using default column profile:DBProfile.DISK for Table:default
2019-09-26 11:01:08,050 [main] INFO  db.DBStoreBuilder (DBStoreBuilder.java:getDbProfile(198)) - Using default options. DBProfile.DISK
2019-09-26 11:01:08,260 [main] INFO  net.NodeSchemaLoader (NodeSchemaLoader.java:loadSchemaFromFile(125)) - Loading file from sun.misc.CompoundEnumeration@3e694b3f
2019-09-26 11:01:08,262 [main] INFO  net.NodeSchemaLoader (NodeSchemaLoader.java:loadSchema(171)) - Loading network topology layer schema file
2019-09-26 11:01:08,332 [main] WARN  server.ServerUtils (ServerUtils.java:sanitizeUserArgs(70)) - ozone.scm.stale.node.interval value = 300000 is larger than max = 100000 based on the key value of ozone.scm.heartbeat.thread.interval, reset to the max value 100000.
2019-09-26 11:01:08,333 [main] WARN  server.ServerUtils (ServerUtils.java:sanitizeUserArgs(70)) - ozone.scm.stale.node.interval value = 300000 is larger than max = 100000 based on the key value of ozone.scm.heartbeat.thread.interval, reset to the max value 100000.
2019-09-26 11:01:08,336 [main] INFO  node.SCMNodeManager (SCMNodeManager.java:<init>(114)) - Entering startup safe mode.
2019-09-26 11:01:08,409 [main] INFO  algorithms.ContainerPlacementPolicyFactory (ContainerPlacementPolicyFactory.java:getPolicy(59)) - Create container placement policy of type org.apache.hadoop.hdds.scm.container.placement.algorithms.SCMContainerPlacementRandom
2019-09-26 11:01:08,424 [main] WARN  server.ServerUtils (ServerUtils.java:getScmDbDir(145)) - ozone.scm.db.dirs is not configured. We recommend adding this setting. Falling back to ozone.metadata.dirs instead.
2019-09-26 11:01:08,498 [main] INFO  pipeline.SCMPipelineManager (SCMPipelineManager.java:initializePipelineState(132)) - No pipeline exists in current db
2019-09-26 11:01:08,501 [main] WARN  server.ServerUtils (ServerUtils.java:getScmDbDir(145)) - ozone.scm.db.dirs is not configured. We recommend adding this setting. Falling back to ozone.metadata.dirs instead.
2019-09-26 11:01:08,616 [main] WARN  events.EventQueue (EventQueue.java:fireEvent(183)) - No event handler registered for event TypedEvent{payloadType=SafeModeStatus, name='SafeModeStatus'}
2019-09-26 11:01:09,003 [main] INFO  ipc.CallQueueManager (CallQueueManager.java:<init>(84)) - Using callQueue: class java.util.concurrent.LinkedBlockingQueue, queueCapacity: 2000, scheduler: class org.apache.hadoop.ipc.DefaultRpcScheduler, ipcBackoff: false.
2019-09-26 11:01:09,032 [Socket Reader #1 for port 35285] INFO  ipc.Server (Server.java:run(1074)) - Starting Socket Reader #1 for port 35285
2019-09-26 11:01:09,168 [main] INFO  ipc.CallQueueManager (CallQueueManager.java:<init>(84)) - Using callQueue: class java.util.concurrent.LinkedBlockingQueue, queueCapacity: 2000, scheduler: class org.apache.hadoop.ipc.DefaultRpcScheduler, ipcBackoff: false.
2019-09-26 11:01:09,169 [Socket Reader #1 for port 33790] INFO  ipc.Server (Server.java:run(1074)) - Starting Socket Reader #1 for port 33790
2019-09-26 11:01:09,176 [main] INFO  ipc.CallQueueManager (CallQueueManager.java:<init>(84)) - Using callQueue: class java.util.concurrent.LinkedBlockingQueue, queueCapacity: 2000, scheduler: class org.apache.hadoop.ipc.DefaultRpcScheduler, ipcBackoff: false.
2019-09-26 11:01:09,177 [Socket Reader #1 for port 39572] INFO  ipc.Server (Server.java:run(1074)) - Starting Socket Reader #1 for port 39572
2019-09-26 11:01:09,198 [main] INFO  hdfs.DFSUtil (DFSUtil.java:httpServerTemplateForNNAndJN(1641)) - Starting Web-server for scm at: http://0.0.0.0:0
2019-09-26 11:01:09,325 [main] INFO  server.AuthenticationFilter (AuthenticationFilter.java:constructSecretProvider(240)) - Unable to initialize FileSignerSecretProvider, falling back to use random secrets.
2019-09-26 11:01:09,340 [main] WARN  http.HttpRequestLog (HttpRequestLog.java:getRequestLog(97)) - Jetty request log can only be enabled using Log4j
2019-09-26 11:01:09,350 [main] INFO  http.HttpServer2 (HttpServer2.java:addGlobalFilter(975)) - Added global filter 'safety' (class=org.apache.hadoop.http.HttpServer2$QuotingInputFilter)
2019-09-26 11:01:09,353 [main] INFO  http.HttpServer2 (HttpServer2.java:addFilter(948)) - Added filter static_user_filter (class=org.apache.hadoop.http.lib.StaticUserWebFilter$StaticUserFilter) to context scm
2019-09-26 11:01:09,353 [main] INFO  http.HttpServer2 (HttpServer2.java:addFilter(958)) - Added filter static_user_filter (class=org.apache.hadoop.http.lib.StaticUserWebFilter$StaticUserFilter) to context static
2019-09-26 11:01:09,353 [main] INFO  http.HttpServer2 (HttpServer2.java:addFilter(958)) - Added filter static_user_filter (class=org.apache.hadoop.http.lib.StaticUserWebFilter$StaticUserFilter) to context logs
2019-09-26 11:01:09,396 [main] INFO  server.StorageContainerManager (StorageContainerManager.java:start(770)) - StorageContainerLocationProtocol RPC server is listening at /0.0.0.0:39572
2019-09-26 11:01:09,471 [main] WARN  impl.MetricsConfig (MetricsConfig.java:loadFirst(134)) - Cannot locate configuration: tried hadoop-metrics2-storagecontainermanager.properties,hadoop-metrics2.properties
2019-09-26 11:01:09,487 [main] INFO  impl.MetricsSystemImpl (MetricsSystemImpl.java:startTimer(374)) - Scheduled Metric snapshot period at 10 second(s).
2019-09-26 11:01:09,487 [main] INFO  impl.MetricsSystemImpl (MetricsSystemImpl.java:start(191)) - StorageContainerManager metrics system started
2019-09-26 11:01:09,729 [main] INFO  server.SCMClientProtocolServer (SCMClientProtocolServer.java:start(151)) - RPC server for Client  is listening at /0.0.0.0:39572
2019-09-26 11:01:09,729 [IPC Server Responder] INFO  ipc.Server (Server.java:run(1314)) - IPC Server Responder: starting
2019-09-26 11:01:09,729 [IPC Server listener on 39572] INFO  ipc.Server (Server.java:run(1153)) - IPC Server listener on 39572: starting
2019-09-26 11:01:09,732 [main] INFO  server.StorageContainerManager (StorageContainerManager.java:start(780)) - ScmBlockLocationProtocol RPC server is listening at /0.0.0.0:33790
2019-09-26 11:01:09,734 [main] INFO  server.SCMBlockProtocolServer (SCMBlockProtocolServer.java:start(146)) - RPC server for Block Protocol is listening at /0.0.0.0:33790
2019-09-26 11:01:09,734 [IPC Server Responder] INFO  ipc.Server (Server.java:run(1314)) - IPC Server Responder: starting
2019-09-26 11:01:09,734 [IPC Server listener on 33790] INFO  ipc.Server (Server.java:run(1153)) - IPC Server listener on 33790: starting
2019-09-26 11:01:09,737 [main] INFO  server.StorageContainerManager (StorageContainerManager.java:start(784)) - ScmDatanodeProtocl RPC server is listening at /0.0.0.0:35285
2019-09-26 11:01:09,737 [main] INFO  server.SCMDatanodeProtocolServer (SCMDatanodeProtocolServer.java:start(191)) - RPC server for DataNodes is listening at /0.0.0.0:35285
2019-09-26 11:01:09,737 [IPC Server Responder] INFO  ipc.Server (Server.java:run(1314)) - IPC Server Responder: starting
2019-09-26 11:01:09,738 [IPC Server listener on 35285] INFO  ipc.Server (Server.java:run(1153)) - IPC Server listener on 35285: starting
2019-09-26 11:01:09,742 [main] INFO  http.HttpServer2 (HttpServer2.java:bindListener(1191)) - Jetty bound to port 43048
2019-09-26 11:01:09,743 [main] INFO  server.Server (Server.java:doStart(351)) - jetty-9.3.25.v20180904, build timestamp: 2018-09-04T21:11:46Z, git hash: 3ce520221d0240229c862b122d2b06c12a625732
2019-09-26 11:01:09,778 [main] INFO  handler.ContextHandler (ContextHandler.java:doStart(781)) - Started o.e.j.s.ServletContextHandler@4983159f{/logs,file:///workdir/hadoop-ozone/tools/target/log,AVAILABLE}
2019-09-26 11:01:09,779 [main] INFO  handler.ContextHandler (ContextHandler.java:doStart(781)) - Started o.e.j.s.ServletContextHandler@1d2bd371{/static,jar:file:/home/user/.m2/repository/org/apache/hadoop/hadoop-hdds-server-scm/0.5.0-SNAPSHOT/hadoop-hdds-server-scm-0.5.0-SNAPSHOT.jar!/webapps/static,AVAILABLE}
2019-09-26 11:01:09,847 [main] INFO  handler.ContextHandler (ContextHandler.java:doStart(781)) - Started o.e.j.w.WebAppContext@78461bc4{/,file:///tmp/jetty-0.0.0.0-43048-scm-_-any-1973245551711683192.dir/webapp/,AVAILABLE}{/scm}
2019-09-26 11:01:09,852 [main] INFO  server.AbstractConnector (AbstractConnector.java:doStart(278)) - Started ServerConnector@51f49060{HTTP/1.1,[http/1.1]}{0.0.0.0:43048}
2019-09-26 11:01:09,852 [main] INFO  server.Server (Server.java:doStart(419)) - Started @2883ms
2019-09-26 11:01:09,854 [main] INFO  impl.MetricsSinkAdapter (MetricsSinkAdapter.java:start(204)) - Sink prometheus started
2019-09-26 11:01:09,854 [main] INFO  impl.MetricsSystemImpl (MetricsSystemImpl.java:registerSink(301)) - Registered sink prometheus
2019-09-26 11:01:09,856 [main] INFO  server.BaseHttpServer (BaseHttpServer.java:updateConnectorAddress(215)) - HTTP server of SCM is listening at http://0.0.0.0:43048
2019-09-26 11:01:09,862 [org.apache.hadoop.util.JvmPauseMonitor$Monitor@46ab18da] INFO  util.JvmPauseMonitor (JvmPauseMonitor.java:run(188)) - Starting JVM pause monitor
2019-09-26 11:01:09,864 [main] WARN  server.ServerUtils (ServerUtils.java:getDBPath(222)) - ozone.om.db.dirs is not configured. We recommend adding this setting. Falling back to ozone.metadata.dirs instead.
2019-09-26 11:01:09,967 [main] WARN  server.ServerUtils (ServerUtils.java:getDBPath(222)) - ozone.om.db.dirs is not configured. We recommend adding this setting. Falling back to ozone.metadata.dirs instead.
2019-09-26 11:01:09,967 [main] WARN  server.ServerUtils (ServerUtils.java:getDBPath(222)) - ozone.om.db.dirs is not configured. We recommend adding this setting. Falling back to ozone.metadata.dirs instead.
2019-09-26 11:01:09,968 [main] INFO  om.OzoneManager (OzoneManager.java:setOMNodeDetails(652)) - OM Service ID is not set. Setting it to the default ID: omServiceIdDefault
2019-09-26 11:01:09,968 [main] INFO  om.OzoneManager (OzoneManager.java:setOMNodeDetails(658)) - OM Node ID is not set. Setting it to the OmStorage's OmID: 0522f9e6-4c54-4238-8e47-5a018658425c
2019-09-26 11:01:09,970 [main] INFO  om.OzoneManager (OzoneManager.java:loadOMHAConfigs(609)) - Found matching OM address with OMServiceId: null, OMNodeId: null, RPC Address: localhost:0 and Ratis port: 9872
2019-09-26 11:01:10,699 [main] WARN  server.ServerUtils (ServerUtils.java:getDBPath(222)) - ozone.om.db.dirs is not configured. We recommend adding this setting. Falling back to ozone.metadata.dirs instead.
2019-09-26 11:01:10,707 [main] INFO  db.DBStoreBuilder (DBStoreBuilder.java:addTable(110)) - using custom profile for table: userTable
2019-09-26 11:01:10,707 [main] INFO  db.DBStoreBuilder (DBStoreBuilder.java:processTables(161)) - Using default column profile:DBProfile.DISK for Table:userTable
2019-09-26 11:01:10,707 [main] INFO  db.DBStoreBuilder (DBStoreBuilder.java:addTable(110)) - using custom profile for table: volumeTable
2019-09-26 11:01:10,707 [main] INFO  db.DBStoreBuilder (DBStoreBuilder.java:processTables(161)) - Using default column profile:DBProfile.DISK for Table:volumeTable
2019-09-26 11:01:10,708 [main] INFO  db.DBStoreBuilder (DBStoreBuilder.java:addTable(110)) - using custom profile for table: bucketTable
2019-09-26 11:01:10,708 [main] INFO  db.DBStoreBuilder (DBStoreBuilder.java:processTables(161)) - Using default column profile:DBProfile.DISK for Table:bucketTable
2019-09-26 11:01:10,708 [main] INFO  db.DBStoreBuilder (DBStoreBuilder.java:addTable(110)) - using custom profile for table: keyTable
2019-09-26 11:01:10,708 [main] INFO  db.DBStoreBuilder (DBStoreBuilder.java:processTables(161)) - Using default column profile:DBProfile.DISK for Table:keyTable
2019-09-26 11:01:10,709 [main] INFO  db.DBStoreBuilder (DBStoreBuilder.java:addTable(110)) - using custom profile for table: deletedTable
2019-09-26 11:01:10,709 [main] INFO  db.DBStoreBuilder (DBStoreBuilder.java:processTables(161)) - Using default column profile:DBProfile.DISK for Table:deletedTable
2019-09-26 11:01:10,709 [main] INFO  db.DBStoreBuilder (DBStoreBuilder.java:addTable(110)) - using custom profile for table: openKeyTable
2019-09-26 11:01:10,709 [main] INFO  db.DBStoreBuilder (DBStoreBuilder.java:processTables(161)) - Using default column profile:DBProfile.DISK for Table:openKeyTable
2019-09-26 11:01:10,709 [main] INFO  db.DBStoreBuilder (DBStoreBuilder.java:addTable(110)) - using custom profile for table: s3Table
2019-09-26 11:01:10,710 [main] INFO  db.DBStoreBuilder (DBStoreBuilder.java:processTables(161)) - Using default column profile:DBProfile.DISK for Table:s3Table
2019-09-26 11:01:10,710 [main] INFO  db.DBStoreBuilder (DBStoreBuilder.java:addTable(110)) - using custom profile for table: multipartInfoTable
2019-09-26 11:01:10,710 [main] INFO  db.DBStoreBuilder (DBStoreBuilder.java:processTables(161)) - Using default column profile:DBProfile.DISK for Table:multipartInfoTable
2019-09-26 11:01:10,710 [main] INFO  db.DBStoreBuilder (DBStoreBuilder.java:addTable(110)) - using custom profile for table: dTokenTable
2019-09-26 11:01:10,711 [main] INFO  db.DBStoreBuilder (DBStoreBuilder.java:processTables(161)) - Using default column profile:DBProfile.DISK for Table:dTokenTable
2019-09-26 11:01:10,711 [main] INFO  db.DBStoreBuilder (DBStoreBuilder.java:addTable(110)) - using custom profile for table: s3SecretTable
2019-09-26 11:01:10,711 [main] INFO  db.DBStoreBuilder (DBStoreBuilder.java:processTables(161)) - Using default column profile:DBProfile.DISK for Table:s3SecretTable
2019-09-26 11:01:10,711 [main] INFO  db.DBStoreBuilder (DBStoreBuilder.java:addTable(110)) - using custom profile for table: prefixTable
2019-09-26 11:01:10,712 [main] INFO  db.DBStoreBuilder (DBStoreBuilder.java:processTables(161)) - Using default column profile:DBProfile.DISK for Table:prefixTable
2019-09-26 11:01:10,712 [main] INFO  db.DBStoreBuilder (DBStoreBuilder.java:addTable(110)) - using custom profile for table: default
2019-09-26 11:01:10,712 [main] INFO  db.DBStoreBuilder (DBStoreBuilder.java:processTables(167)) - Using default column profile:DBProfile.DISK for Table:default
2019-09-26 11:01:10,712 [main] INFO  db.DBStoreBuilder (DBStoreBuilder.java:getDbProfile(198)) - Using default options. DBProfile.DISK
2019-09-26 11:01:11,174 [main] INFO  ipc.CallQueueManager (CallQueueManager.java:<init>(84)) - Using callQueue: class java.util.concurrent.LinkedBlockingQueue, queueCapacity: 2000, scheduler: class org.apache.hadoop.ipc.DefaultRpcScheduler, ipcBackoff: false.
2019-09-26 11:01:11,175 [Socket Reader #1 for port 34941] INFO  ipc.Server (Server.java:run(1074)) - Starting Socket Reader #1 for port 34941
2019-09-26 11:01:11,201 [main] INFO  om.OzoneManager (OzoneManager.java:start(1243)) - OzoneManager RPC server is listening at localhost/127.0.0.1:34941
2019-09-26 11:01:11,201 [main] INFO  impl.MetricsSystemImpl (MetricsSystemImpl.java:init(158)) - OzoneManager metrics system started (again)
2019-09-26 11:01:11,203 [IPC Server Responder] INFO  ipc.Server (Server.java:run(1314)) - IPC Server Responder: starting
2019-09-26 11:01:11,203 [IPC Server listener on 34941] INFO  ipc.Server (Server.java:run(1153)) - IPC Server listener on 34941: starting
2019-09-26 11:01:11,208 [main] INFO  hdfs.DFSUtil (DFSUtil.java:httpServerTemplateForNNAndJN(1641)) - Starting Web-server for ozoneManager at: http://0.0.0.0:0
2019-09-26 11:01:11,210 [main] INFO  server.AuthenticationFilter (AuthenticationFilter.java:constructSecretProvider(240)) - Unable to initialize FileSignerSecretProvider, falling back to use random secrets.
2019-09-26 11:01:11,211 [main] WARN  http.HttpRequestLog (HttpRequestLog.java:getRequestLog(97)) - Jetty request log can only be enabled using Log4j
2019-09-26 11:01:11,213 [main] INFO  http.HttpServer2 (HttpServer2.java:addGlobalFilter(975)) - Added global filter 'safety' (class=org.apache.hadoop.http.HttpServer2$QuotingInputFilter)
2019-09-26 11:01:11,214 [main] INFO  http.HttpServer2 (HttpServer2.java:addFilter(948)) - Added filter static_user_filter (class=org.apache.hadoop.http.lib.StaticUserWebFilter$StaticUserFilter) to context ozoneManager
2019-09-26 11:01:11,214 [main] INFO  http.HttpServer2 (HttpServer2.java:addFilter(958)) - Added filter static_user_filter (class=org.apache.hadoop.http.lib.StaticUserWebFilter$StaticUserFilter) to context logs
2019-09-26 11:01:11,214 [main] INFO  http.HttpServer2 (HttpServer2.java:addFilter(958)) - Added filter static_user_filter (class=org.apache.hadoop.http.lib.StaticUserWebFilter$StaticUserFilter) to context static
2019-09-26 11:01:11,216 [main] INFO  http.HttpServer2 (HttpServer2.java:bindListener(1191)) - Jetty bound to port 45803
2019-09-26 11:01:11,216 [main] INFO  server.Server (Server.java:doStart(351)) - jetty-9.3.25.v20180904, build timestamp: 2018-09-04T21:11:46Z, git hash: 3ce520221d0240229c862b122d2b06c12a625732
2019-09-26 11:01:11,218 [main] INFO  handler.ContextHandler (ContextHandler.java:doStart(781)) - Started o.e.j.s.ServletContextHandler@55b8dbda{/logs,file:///workdir/hadoop-ozone/tools/target/log,AVAILABLE}
2019-09-26 11:01:11,219 [main] INFO  handler.ContextHandler (ContextHandler.java:doStart(781)) - Started o.e.j.s.ServletContextHandler@3a022576{/static,jar:file:/home/user/.m2/repository/org/apache/hadoop/hadoop-ozone-ozone-manager/0.5.0-SNAPSHOT/hadoop-ozone-ozone-manager-0.5.0-SNAPSHOT.jar!/webapps/static,AVAILABLE}
2019-09-26 11:01:11,268 [main] INFO  handler.ContextHandler (ContextHandler.java:doStart(781)) - Started o.e.j.w.WebAppContext@388b401d{/,file:///tmp/jetty-0.0.0.0-45803-ozoneManager-_-any-6431999260820238148.dir/webapp/,AVAILABLE}{/ozoneManager}
2019-09-26 11:01:11,269 [main] INFO  server.AbstractConnector (AbstractConnector.java:doStart(278)) - Started ServerConnector@2bcec6a6{HTTP/1.1,[http/1.1]}{0.0.0.0:45803}
2019-09-26 11:01:11,269 [main] INFO  server.Server (Server.java:doStart(419)) - Started @4300ms
2019-09-26 11:01:11,270 [main] WARN  impl.MetricsSystemImpl (MetricsSystemImpl.java:register(276)) - Sink prometheus already exists!
2019-09-26 11:01:11,271 [main] INFO  server.BaseHttpServer (BaseHttpServer.java:updateConnectorAddress(215)) - HTTP server of OZONEMANAGER is listening at http://0.0.0.0:45803
2019-09-26 11:01:11,547 [main] INFO  impl.MetricsSystemImpl (MetricsSystemImpl.java:init(158)) - HddsDatanode metrics system started (again)
2019-09-26 11:01:11,597 [main] INFO  ozone.HddsDatanodeService (HddsDatanodeService.java:start(184)) - HddsDatanodeService host:pr-hdds-1569-wvzgm-824869521 ip:192.168.30.13
2019-09-26 11:01:11,633 [main] INFO  volume.HddsVolume (HddsVolume.java:<init>(176)) - Creating Volume: /workdir/hadoop-ozone/tools/target/test-dir/MiniOzoneClusterImpl-42425eb2-f371-46f3-bb0b-2c68b0fa2a97/datanode-0/data/containers/hdds of  storage type : DISK and capacity : 1482555576320
2019-09-26 11:01:11,634 [main] INFO  volume.VolumeSet (VolumeSet.java:initializeVolumeSet(170)) - Added Volume : /workdir/hadoop-ozone/tools/target/test-dir/MiniOzoneClusterImpl-42425eb2-f371-46f3-bb0b-2c68b0fa2a97/datanode-0/data/containers/hdds to VolumeSet
2019-09-26 11:01:11,637 [main] INFO  volume.ThrottledAsyncChecker (ThrottledAsyncChecker.java:schedule(139)) - Scheduling a check for org.apache.hadoop.ozone.container.common.volume.HddsVolume@5ff60a8c
2019-09-26 11:01:11,654 [main] INFO  volume.HddsVolumeChecker (HddsVolumeChecker.java:checkAllVolumes(202)) - Scheduled health check for volume org.apache.hadoop.ozone.container.common.volume.HddsVolume@5ff60a8c
2019-09-26 11:01:11,775 [main] INFO  impl.RaftServerProxy (ConfUtils.java:logGet(43)) - raft.rpc.type = GRPC (default)
2019-09-26 11:01:11,831 [main] INFO  grpc.GrpcFactory (GrpcFactory.java:checkPooledByteBufAllocatorUseCacheForAllThreads(45)) - PERFORMANCE WARNING: useCacheForAllThreads is true that may cause Netty to create a lot garbage objects and, as a result, trigger GC.
	It is recommended to disable useCacheForAllThreads by setting -Dorg.apache.ratis.thirdparty.io.netty.allocator.useCacheForAllThreads=false in command line.
2019-09-26 11:01:11,835 [main] INFO  grpc.GrpcConfigKeys$Server (ConfUtils.java:logGet(43)) - raft.grpc.server.port = 0 (default)
2019-09-26 11:01:11,836 [main] INFO  server.GrpcService (ConfUtils.java:logGet(43)) - raft.grpc.message.size.max = 33570816 (custom)
2019-09-26 11:01:11,837 [main] INFO  server.RaftServerConfigKeys (ConfUtils.java:logGet(43)) - raft.server.log.appender.buffer.byte-limit = 33554432 (custom)
2019-09-26 11:01:11,838 [main] INFO  server.GrpcService (ConfUtils.java:logGet(43)) - raft.grpc.flow.control.window = 1MB (=1048576) (default)
2019-09-26 11:01:11,839 [main] INFO  server.RaftServerConfigKeys (ConfUtils.java:logGet(43)) - raft.server.rpc.request.timeout = 3000ms (default)
2019-09-26 11:01:11,965 [main] INFO  server.RaftServerConfigKeys (ConfUtils.java:logGet(43)) - raft.server.storage.dir = [/workdir/hadoop-ozone/tools/target/test-dir/MiniOzoneClusterImpl-42425eb2-f371-46f3-bb0b-2c68b0fa2a97/datanode-0/data/ratis] (custom)
2019-09-26 11:01:12,011 [main] INFO  hdfs.DFSUtil (DFSUtil.java:httpServerTemplateForNNAndJN(1641)) - Starting Web-server for hddsDatanode at: http://0.0.0.0:0
2019-09-26 11:01:12,013 [main] INFO  server.AuthenticationFilter (AuthenticationFilter.java:constructSecretProvider(240)) - Unable to initialize FileSignerSecretProvider, falling back to use random secrets.
2019-09-26 11:01:12,014 [main] WARN  http.HttpRequestLog (HttpRequestLog.java:getRequestLog(97)) - Jetty request log can only be enabled using Log4j
2019-09-26 11:01:12,015 [main] INFO  http.HttpServer2 (HttpServer2.java:addGlobalFilter(975)) - Added global filter 'safety' (class=org.apache.hadoop.http.HttpServer2$QuotingInputFilter)
2019-09-26 11:01:12,016 [main] INFO  http.HttpServer2 (HttpServer2.java:addFilter(948)) - Added filter static_user_filter (class=org.apache.hadoop.http.lib.StaticUserWebFilter$StaticUserFilter) to context hddsDatanode
2019-09-26 11:01:12,016 [main] INFO  http.HttpServer2 (HttpServer2.java:addFilter(958)) - Added filter static_user_filter (class=org.apache.hadoop.http.lib.StaticUserWebFilter$StaticUserFilter) to context logs
2019-09-26 11:01:12,016 [main] INFO  http.HttpServer2 (HttpServer2.java:addFilter(958)) - Added filter static_user_filter (class=org.apache.hadoop.http.lib.StaticUserWebFilter$StaticUserFilter) to context static
2019-09-26 11:01:12,017 [main] INFO  http.HttpServer2 (HttpServer2.java:bindListener(1191)) - Jetty bound to port 33684
2019-09-26 11:01:12,018 [main] INFO  server.Server (Server.java:doStart(351)) - jetty-9.3.25.v20180904, build timestamp: 2018-09-04T21:11:46Z, git hash: 3ce520221d0240229c862b122d2b06c12a625732
2019-09-26 11:01:12,020 [main] INFO  handler.ContextHandler (ContextHandler.java:doStart(781)) - Started o.e.j.s.ServletContextHandler@352c44a8{/logs,file:///workdir/hadoop-ozone/tools/target/log,AVAILABLE}
2019-09-26 11:01:12,020 [main] INFO  handler.ContextHandler (ContextHandler.java:doStart(781)) - Started o.e.j.s.ServletContextHandler@a66e580{/static,jar:file:/home/user/.m2/repository/org/apache/hadoop/hadoop-hdds-container-service/0.5.0-SNAPSHOT/hadoop-hdds-container-service-0.5.0-SNAPSHOT.jar!/webapps/static,AVAILABLE}
2019-09-26 11:01:12,045 [main] INFO  handler.ContextHandler (ContextHandler.java:doStart(781)) - Started o.e.j.w.WebAppContext@3dffc764{/,file:///tmp/jetty-0.0.0.0-33684-hddsDatanode-_-any-6965854399887714432.dir/webapp/,AVAILABLE}{/hddsDatanode}
2019-09-26 11:01:12,046 [main] INFO  server.AbstractConnector (AbstractConnector.java:doStart(278)) - Started ServerConnector@4b6e1c0{HTTP/1.1,[http/1.1]}{0.0.0.0:33684}
2019-09-26 11:01:12,049 [main] INFO  server.Server (Server.java:doStart(419)) - Started @5080ms
2019-09-26 11:01:12,050 [main] WARN  impl.MetricsSystemImpl (MetricsSystemImpl.java:register(276)) - Sink prometheus already exists!
2019-09-26 11:01:12,051 [main] INFO  server.BaseHttpServer (BaseHttpServer.java:updateConnectorAddress(215)) - HTTP server of HDDSDATANODE is listening at http://0.0.0.0:33684
2019-09-26 11:01:12,052 [main] INFO  impl.MetricsSystemImpl (MetricsSystemImpl.java:init(158)) - HddsDatanode metrics system started (again)
2019-09-26 11:01:12,056 [main] INFO  ozone.HddsDatanodeService (HddsDatanodeService.java:start(184)) - HddsDatanodeService host:pr-hdds-1569-wvzgm-824869521 ip:192.168.30.13
2019-09-26 11:01:12,059 [org.apache.hadoop.util.JvmPauseMonitor$Monitor@331e78ff] INFO  util.JvmPauseMonitor (JvmPauseMonitor.java:run(188)) - Starting JVM pause monitor
2019-09-26 11:01:12,066 [main] INFO  volume.HddsVolume (HddsVolume.java:<init>(176)) - Creating Volume: /workdir/hadoop-ozone/tools/target/test-dir/MiniOzoneClusterImpl-42425eb2-f371-46f3-bb0b-2c68b0fa2a97/datanode-1/data/containers/hdds of  storage type : DISK and capacity : 1482555576320
2019-09-26 11:01:12,067 [main] INFO  volume.VolumeSet (VolumeSet.java:initializeVolumeSet(170)) - Added Volume : /workdir/hadoop-ozone/tools/target/test-dir/MiniOzoneClusterImpl-42425eb2-f371-46f3-bb0b-2c68b0fa2a97/datanode-1/data/containers/hdds to VolumeSet
2019-09-26 11:01:12,067 [main] INFO  volume.ThrottledAsyncChecker (ThrottledAsyncChecker.java:schedule(139)) - Scheduling a check for org.apache.hadoop.ozone.container.common.volume.HddsVolume@12fcc71f
2019-09-26 11:01:12,068 [main] INFO  volume.HddsVolumeChecker (HddsVolumeChecker.java:checkAllVolumes(202)) - Scheduled health check for volume org.apache.hadoop.ozone.container.common.volume.HddsVolume@12fcc71f
2019-09-26 11:01:12,082 [main] INFO  impl.RaftServerProxy (ConfUtils.java:logGet(43)) - raft.rpc.type = GRPC (default)
2019-09-26 11:01:12,082 [main] INFO  grpc.GrpcFactory (GrpcFactory.java:checkPooledByteBufAllocatorUseCacheForAllThreads(45)) - PERFORMANCE WARNING: useCacheForAllThreads is true that may cause Netty to create a lot garbage objects and, as a result, trigger GC.
	It is recommended to disable useCacheForAllThreads by setting -Dorg.apache.ratis.thirdparty.io.netty.allocator.useCacheForAllThreads=false in command line.
2019-09-26 11:01:12,083 [main] INFO  grpc.GrpcConfigKeys$Server (ConfUtils.java:logGet(43)) - raft.grpc.server.port = 0 (default)
2019-09-26 11:01:12,083 [main] INFO  server.GrpcService (ConfUtils.java:logGet(43)) - raft.grpc.message.size.max = 33570816 (custom)
2019-09-26 11:01:12,083 [main] INFO  server.RaftServerConfigKeys (ConfUtils.java:logGet(43)) - raft.server.log.appender.buffer.byte-limit = 33554432 (custom)
2019-09-26 11:01:12,083 [main] INFO  server.GrpcService (ConfUtils.java:logGet(43)) - raft.grpc.flow.control.window = 1MB (=1048576) (default)
2019-09-26 11:01:12,083 [main] INFO  server.RaftServerConfigKeys (ConfUtils.java:logGet(43)) - raft.server.rpc.request.timeout = 3000ms (default)
2019-09-26 11:01:12,084 [main] INFO  server.RaftServerConfigKeys (ConfUtils.java:logGet(43)) - raft.server.storage.dir = [/workdir/hadoop-ozone/tools/target/test-dir/MiniOzoneClusterImpl-42425eb2-f371-46f3-bb0b-2c68b0fa2a97/datanode-1/data/ratis] (custom)
2019-09-26 11:01:12,085 [main] INFO  hdfs.DFSUtil (DFSUtil.java:httpServerTemplateForNNAndJN(1641)) - Starting Web-server for hddsDatanode at: http://0.0.0.0:0
2019-09-26 11:01:12,086 [main] INFO  server.AuthenticationFilter (AuthenticationFilter.java:constructSecretProvider(240)) - Unable to initialize FileSignerSecretProvider, falling back to use random secrets.
2019-09-26 11:01:12,087 [main] WARN  http.HttpRequestLog (HttpRequestLog.java:getRequestLog(97)) - Jetty request log can only be enabled using Log4j
2019-09-26 11:01:12,088 [main] INFO  http.HttpServer2 (HttpServer2.java:addGlobalFilter(975)) - Added global filter 'safety' (class=org.apache.hadoop.http.HttpServer2$QuotingInputFilter)
2019-09-26 11:01:12,089 [main] INFO  http.HttpServer2 (HttpServer2.java:addFilter(948)) - Added filter static_user_filter (class=org.apache.hadoop.http.lib.StaticUserWebFilter$StaticUserFilter) to context hddsDatanode
2019-09-26 11:01:12,089 [main] INFO  http.HttpServer2 (HttpServer2.java:addFilter(958)) - Added filter static_user_filter (class=org.apache.hadoop.http.lib.StaticUserWebFilter$StaticUserFilter) to context static
2019-09-26 11:01:12,089 [main] INFO  http.HttpServer2 (HttpServer2.java:addFilter(958)) - Added filter static_user_filter (class=org.apache.hadoop.http.lib.StaticUserWebFilter$StaticUserFilter) to context logs
2019-09-26 11:01:12,090 [main] INFO  http.HttpServer2 (HttpServer2.java:bindListener(1191)) - Jetty bound to port 34093
2019-09-26 11:01:12,090 [main] INFO  server.Server (Server.java:doStart(351)) - jetty-9.3.25.v20180904, build timestamp: 2018-09-04T21:11:46Z, git hash: 3ce520221d0240229c862b122d2b06c12a625732
2019-09-26 11:01:12,094 [main] INFO  handler.ContextHandler (ContextHandler.java:doStart(781)) - Started o.e.j.s.ServletContextHandler@7bc44ce8{/logs,file:///workdir/hadoop-ozone/tools/target/log,AVAILABLE}
2019-09-26 11:01:12,095 [main] INFO  handler.ContextHandler (ContextHandler.java:doStart(781)) - Started o.e.j.s.ServletContextHandler@58472096{/static,jar:file:/home/user/.m2/repository/org/apache/hadoop/hadoop-hdds-container-service/0.5.0-SNAPSHOT/hadoop-hdds-container-service-0.5.0-SNAPSHOT.jar!/webapps/static,AVAILABLE}
2019-09-26 11:01:12,119 [main] INFO  handler.ContextHandler (ContextHandler.java:doStart(781)) - Started o.e.j.w.WebAppContext@2e66bc32{/,file:///tmp/jetty-0.0.0.0-34093-hddsDatanode-_-any-7643326974232942096.dir/webapp/,AVAILABLE}{/hddsDatanode}
2019-09-26 11:01:12,120 [main] INFO  server.AbstractConnector (AbstractConnector.java:doStart(278)) - Started ServerConnector@54d8c20d{HTTP/1.1,[http/1.1]}{0.0.0.0:34093}
2019-09-26 11:01:12,120 [main] INFO  server.Server (Server.java:doStart(419)) - Started @5151ms
2019-09-26 11:01:12,121 [main] WARN  impl.MetricsSystemImpl (MetricsSystemImpl.java:register(276)) - Sink prometheus already exists!
2019-09-26 11:01:12,123 [main] INFO  server.BaseHttpServer (BaseHttpServer.java:updateConnectorAddress(215)) - HTTP server of HDDSDATANODE is listening at http://0.0.0.0:34093
2019-09-26 11:01:12,123 [main] INFO  impl.MetricsSystemImpl (MetricsSystemImpl.java:init(158)) - HddsDatanode metrics system started (again)
2019-09-26 11:01:12,126 [org.apache.hadoop.util.JvmPauseMonitor$Monitor@7ebb4d1d] INFO  util.JvmPauseMonitor (JvmPauseMonitor.java:run(188)) - Starting JVM pause monitor
2019-09-26 11:01:12,126 [main] INFO  ozone.HddsDatanodeService (HddsDatanodeService.java:start(184)) - HddsDatanodeService host:pr-hdds-1569-wvzgm-824869521 ip:192.168.30.13
2019-09-26 11:01:12,134 [main] INFO  volume.HddsVolume (HddsVolume.java:<init>(176)) - Creating Volume: /workdir/hadoop-ozone/tools/target/test-dir/MiniOzoneClusterImpl-42425eb2-f371-46f3-bb0b-2c68b0fa2a97/datanode-2/data/containers/hdds of  storage type : DISK and capacity : 1482555576320
2019-09-26 11:01:12,135 [main] INFO  volume.VolumeSet (VolumeSet.java:initializeVolumeSet(170)) - Added Volume : /workdir/hadoop-ozone/tools/target/test-dir/MiniOzoneClusterImpl-42425eb2-f371-46f3-bb0b-2c68b0fa2a97/datanode-2/data/containers/hdds to VolumeSet
2019-09-26 11:01:12,135 [main] INFO  volume.ThrottledAsyncChecker (ThrottledAsyncChecker.java:schedule(139)) - Scheduling a check for org.apache.hadoop.ozone.container.common.volume.HddsVolume@4faa298
2019-09-26 11:01:12,135 [main] INFO  volume.HddsVolumeChecker (HddsVolumeChecker.java:checkAllVolumes(202)) - Scheduled health check for volume org.apache.hadoop.ozone.container.common.volume.HddsVolume@4faa298
2019-09-26 11:01:12,148 [main] INFO  impl.RaftServerProxy (ConfUtils.java:logGet(43)) - raft.rpc.type = GRPC (default)
2019-09-26 11:01:12,148 [main] INFO  grpc.GrpcFactory (GrpcFactory.java:checkPooledByteBufAllocatorUseCacheForAllThreads(45)) - PERFORMANCE WARNING: useCacheForAllThreads is true that may cause Netty to create a lot garbage objects and, as a result, trigger GC.
	It is recommended to disable useCacheForAllThreads by setting -Dorg.apache.ratis.thirdparty.io.netty.allocator.useCacheForAllThreads=false in command line.
2019-09-26 11:01:12,148 [main] INFO  grpc.GrpcConfigKeys$Server (ConfUtils.java:logGet(43)) - raft.grpc.server.port = 0 (default)
2019-09-26 11:01:12,148 [main] INFO  server.GrpcService (ConfUtils.java:logGet(43)) - raft.grpc.message.size.max = 33570816 (custom)
2019-09-26 11:01:12,148 [main] INFO  server.RaftServerConfigKeys (ConfUtils.java:logGet(43)) - raft.server.log.appender.buffer.byte-limit = 33554432 (custom)
2019-09-26 11:01:12,149 [main] INFO  server.GrpcService (ConfUtils.java:logGet(43)) - raft.grpc.flow.control.window = 1MB (=1048576) (default)
2019-09-26 11:01:12,149 [main] INFO  server.RaftServerConfigKeys (ConfUtils.java:logGet(43)) - raft.server.rpc.request.timeout = 3000ms (default)
2019-09-26 11:01:12,149 [main] INFO  server.RaftServerConfigKeys (ConfUtils.java:logGet(43)) - raft.server.storage.dir = [/workdir/hadoop-ozone/tools/target/test-dir/MiniOzoneClusterImpl-42425eb2-f371-46f3-bb0b-2c68b0fa2a97/datanode-2/data/ratis] (custom)
2019-09-26 11:01:12,151 [main] INFO  hdfs.DFSUtil (DFSUtil.java:httpServerTemplateForNNAndJN(1641)) - Starting Web-server for hddsDatanode at: http://0.0.0.0:0
2019-09-26 11:01:12,152 [main] INFO  server.AuthenticationFilter (AuthenticationFilter.java:constructSecretProvider(240)) - Unable to initialize FileSignerSecretProvider, falling back to use random secrets.
2019-09-26 11:01:12,152 [main] WARN  http.HttpRequestLog (HttpRequestLog.java:getRequestLog(97)) - Jetty request log can only be enabled using Log4j
2019-09-26 11:01:12,154 [main] INFO  http.HttpServer2 (HttpServer2.java:addGlobalFilter(975)) - Added global filter 'safety' (class=org.apache.hadoop.http.HttpServer2$QuotingInputFilter)
2019-09-26 11:01:12,154 [main] INFO  http.HttpServer2 (HttpServer2.java:addFilter(948)) - Added filter static_user_filter (class=org.apache.hadoop.http.lib.StaticUserWebFilter$StaticUserFilter) to context hddsDatanode
2019-09-26 11:01:12,154 [main] INFO  http.HttpServer2 (HttpServer2.java:addFilter(958)) - Added filter static_user_filter (class=org.apache.hadoop.http.lib.StaticUserWebFilter$StaticUserFilter) to context static
2019-09-26 11:01:12,155 [main] INFO  http.HttpServer2 (HttpServer2.java:addFilter(958)) - Added filter static_user_filter (class=org.apache.hadoop.http.lib.StaticUserWebFilter$StaticUserFilter) to context logs
2019-09-26 11:01:12,155 [main] INFO  http.HttpServer2 (HttpServer2.java:bindListener(1191)) - Jetty bound to port 37968
2019-09-26 11:01:12,155 [main] INFO  server.Server (Server.java:doStart(351)) - jetty-9.3.25.v20180904, build timestamp: 2018-09-04T21:11:46Z, git hash: 3ce520221d0240229c862b122d2b06c12a625732
2019-09-26 11:01:12,157 [main] INFO  handler.ContextHandler (ContextHandler.java:doStart(781)) - Started o.e.j.s.ServletContextHandler@5dd903be{/logs,file:///workdir/hadoop-ozone/tools/target/log,AVAILABLE}
2019-09-26 11:01:12,158 [main] INFO  handler.ContextHandler (ContextHandler.java:doStart(781)) - Started o.e.j.s.ServletContextHandler@4a163575{/static,jar:file:/home/user/.m2/repository/org/apache/hadoop/hadoop-hdds-container-service/0.5.0-SNAPSHOT/hadoop-hdds-container-service-0.5.0-SNAPSHOT.jar!/webapps/static,AVAILABLE}
2019-09-26 11:01:12,169 [Datanode State Machine Thread - 0] INFO  datanode.InitDatanodeState (InitDatanodeState.java:persistContainerDatanodeDetails(140)) - DatanodeDetails is persisted to /workdir/hadoop-ozone/tools/target/test-dir/MiniOzoneClusterImpl-42425eb2-f371-46f3-bb0b-2c68b0fa2a97/datanode-0/meta/datanode.id
2019-09-26 11:01:12,174 [Datanode State Machine Thread - 0] INFO  datanode.InitDatanodeState (InitDatanodeState.java:persistContainerDatanodeDetails(140)) - DatanodeDetails is persisted to /workdir/hadoop-ozone/tools/target/test-dir/MiniOzoneClusterImpl-42425eb2-f371-46f3-bb0b-2c68b0fa2a97/datanode-1/meta/datanode.id
2019-09-26 11:01:12,185 [main] INFO  handler.ContextHandler (ContextHandler.java:doStart(781)) - Started o.e.j.w.WebAppContext@74ecacc3{/,file:///tmp/jetty-0.0.0.0-37968-hddsDatanode-_-any-7833080260989641306.dir/webapp/,AVAILABLE}{/hddsDatanode}
2019-09-26 11:01:12,186 [main] INFO  server.AbstractConnector (AbstractConnector.java:doStart(278)) - Started ServerConnector@517a2b0{HTTP/1.1,[http/1.1]}{0.0.0.0:37968}
2019-09-26 11:01:12,186 [main] INFO  server.Server (Server.java:doStart(419)) - Started @5217ms
2019-09-26 11:01:12,187 [main] WARN  impl.MetricsSystemImpl (MetricsSystemImpl.java:register(276)) - Sink prometheus already exists!
2019-09-26 11:01:12,188 [main] INFO  server.BaseHttpServer (BaseHttpServer.java:updateConnectorAddress(215)) - HTTP server of HDDSDATANODE is listening at http://0.0.0.0:37968
2019-09-26 11:01:12,188 [main] INFO  impl.MetricsSystemImpl (MetricsSystemImpl.java:init(158)) - HddsDatanode metrics system started (again)
2019-09-26 11:01:12,191 [main] INFO  ozone.HddsDatanodeService (HddsDatanodeService.java:start(184)) - HddsDatanodeService host:pr-hdds-1569-wvzgm-824869521 ip:192.168.30.13
2019-09-26 11:01:12,191 [org.apache.hadoop.util.JvmPauseMonitor$Monitor@60174d99] INFO  util.JvmPauseMonitor (JvmPauseMonitor.java:run(188)) - Starting JVM pause monitor
2019-09-26 11:01:12,195 [Datanode State Machine Thread - 0] INFO  datanode.InitDatanodeState (InitDatanodeState.java:persistContainerDatanodeDetails(140)) - DatanodeDetails is persisted to /workdir/hadoop-ozone/tools/target/test-dir/MiniOzoneClusterImpl-42425eb2-f371-46f3-bb0b-2c68b0fa2a97/datanode-2/meta/datanode.id
2019-09-26 11:01:12,198 [main] INFO  volume.HddsVolume (HddsVolume.java:<init>(176)) - Creating Volume: /workdir/hadoop-ozone/tools/target/test-dir/MiniOzoneClusterImpl-42425eb2-f371-46f3-bb0b-2c68b0fa2a97/datanode-3/data/containers/hdds of  storage type : DISK and capacity : 1482555576320
2019-09-26 11:01:12,199 [main] INFO  volume.VolumeSet (VolumeSet.java:initializeVolumeSet(170)) - Added Volume : /workdir/hadoop-ozone/tools/target/test-dir/MiniOzoneClusterImpl-42425eb2-f371-46f3-bb0b-2c68b0fa2a97/datanode-3/data/containers/hdds to VolumeSet
2019-09-26 11:01:12,199 [main] INFO  volume.ThrottledAsyncChecker (ThrottledAsyncChecker.java:schedule(139)) - Scheduling a check for org.apache.hadoop.ozone.container.common.volume.HddsVolume@642f9a77
2019-09-26 11:01:12,200 [main] INFO  volume.HddsVolumeChecker (HddsVolumeChecker.java:checkAllVolumes(202)) - Scheduled health check for volume org.apache.hadoop.ozone.container.common.volume.HddsVolume@642f9a77
2019-09-26 11:01:12,219 [main] INFO  impl.RaftServerProxy (ConfUtils.java:logGet(43)) - raft.rpc.type = GRPC (default)
2019-09-26 11:01:12,219 [main] INFO  grpc.GrpcFactory (GrpcFactory.java:checkPooledByteBufAllocatorUseCacheForAllThreads(45)) - PERFORMANCE WARNING: useCacheForAllThreads is true that may cause Netty to create a lot garbage objects and, as a result, trigger GC.
	It is recommended to disable useCacheForAllThreads by setting -Dorg.apache.ratis.thirdparty.io.netty.allocator.useCacheForAllThreads=false in command line.
2019-09-26 11:01:12,220 [main] INFO  grpc.GrpcConfigKeys$Server (ConfUtils.java:logGet(43)) - raft.grpc.server.port = 0 (default)
2019-09-26 11:01:12,220 [main] INFO  server.GrpcService (ConfUtils.java:logGet(43)) - raft.grpc.message.size.max = 33570816 (custom)
2019-09-26 11:01:12,220 [main] INFO  server.RaftServerConfigKeys (ConfUtils.java:logGet(43)) - raft.server.log.appender.buffer.byte-limit = 33554432 (custom)
2019-09-26 11:01:12,221 [main] INFO  server.GrpcService (ConfUtils.java:logGet(43)) - raft.grpc.flow.control.window = 1MB (=1048576) (default)
2019-09-26 11:01:12,221 [main] INFO  server.RaftServerConfigKeys (ConfUtils.java:logGet(43)) - raft.server.rpc.request.timeout = 3000ms (default)
2019-09-26 11:01:12,222 [main] INFO  server.RaftServerConfigKeys (ConfUtils.java:logGet(43)) - raft.server.storage.dir = [/workdir/hadoop-ozone/tools/target/test-dir/MiniOzoneClusterImpl-42425eb2-f371-46f3-bb0b-2c68b0fa2a97/datanode-3/data/ratis] (custom)
2019-09-26 11:01:12,224 [main] INFO  hdfs.DFSUtil (DFSUtil.java:httpServerTemplateForNNAndJN(1641)) - Starting Web-server for hddsDatanode at: http://0.0.0.0:0
2019-09-26 11:01:12,227 [main] INFO  server.AuthenticationFilter (AuthenticationFilter.java:constructSecretProvider(240)) - Unable to initialize FileSignerSecretProvider, falling back to use random secrets.
2019-09-26 11:01:12,227 [main] WARN  http.HttpRequestLog (HttpRequestLog.java:getRequestLog(97)) - Jetty request log can only be enabled using Log4j
2019-09-26 11:01:12,230 [main] INFO  http.HttpServer2 (HttpServer2.java:addGlobalFilter(975)) - Added global filter 'safety' (class=org.apache.hadoop.http.HttpServer2$QuotingInputFilter)
2019-09-26 11:01:12,231 [main] INFO  http.HttpServer2 (HttpServer2.java:addFilter(948)) - Added filter static_user_filter (class=org.apache.hadoop.http.lib.StaticUserWebFilter$StaticUserFilter) to context hddsDatanode
2019-09-26 11:01:12,232 [main] INFO  http.HttpServer2 (HttpServer2.java:addFilter(958)) - Added filter static_user_filter (class=org.apache.hadoop.http.lib.StaticUserWebFilter$StaticUserFilter) to context logs
2019-09-26 11:01:12,232 [main] INFO  http.HttpServer2 (HttpServer2.java:addFilter(958)) - Added filter static_user_filter (class=org.apache.hadoop.http.lib.StaticUserWebFilter$StaticUserFilter) to context static
2019-09-26 11:01:12,233 [main] INFO  http.HttpServer2 (HttpServer2.java:bindListener(1191)) - Jetty bound to port 35697
2019-09-26 11:01:12,233 [main] INFO  server.Server (Server.java:doStart(351)) - jetty-9.3.25.v20180904, build timestamp: 2018-09-04T21:11:46Z, git hash: 3ce520221d0240229c862b122d2b06c12a625732
2019-09-26 11:01:12,240 [main] INFO  handler.ContextHandler (ContextHandler.java:doStart(781)) - Started o.e.j.s.ServletContextHandler@181b8c4b{/logs,file:///workdir/hadoop-ozone/tools/target/log,AVAILABLE}
2019-09-26 11:01:12,241 [main] INFO  handler.ContextHandler (ContextHandler.java:doStart(781)) - Started o.e.j.s.ServletContextHandler@437486cd{/static,jar:file:/home/user/.m2/repository/org/apache/hadoop/hadoop-hdds-container-service/0.5.0-SNAPSHOT/hadoop-hdds-container-service-0.5.0-SNAPSHOT.jar!/webapps/static,AVAILABLE}
2019-09-26 11:01:12,287 [main] INFO  handler.ContextHandler (ContextHandler.java:doStart(781)) - Started o.e.j.w.WebAppContext@77a074b4{/,file:///tmp/jetty-0.0.0.0-35697-hddsDatanode-_-any-7859204325462710853.dir/webapp/,AVAILABLE}{/hddsDatanode}
2019-09-26 11:01:12,288 [main] INFO  server.AbstractConnector (AbstractConnector.java:doStart(278)) - Started ServerConnector@333c8791{HTTP/1.1,[http/1.1]}{0.0.0.0:35697}
2019-09-26 11:01:12,290 [main] INFO  server.Server (Server.java:doStart(419)) - Started @5321ms
2019-09-26 11:01:12,290 [main] WARN  impl.MetricsSystemImpl (MetricsSystemImpl.java:register(276)) - Sink prometheus already exists!
2019-09-26 11:01:12,291 [main] INFO  server.BaseHttpServer (BaseHttpServer.java:updateConnectorAddress(215)) - HTTP server of HDDSDATANODE is listening at http://0.0.0.0:35697
2019-09-26 11:01:12,291 [main] INFO  impl.MetricsSystemImpl (MetricsSystemImpl.java:init(158)) - HddsDatanode metrics system started (again)
2019-09-26 11:01:12,295 [org.apache.hadoop.util.JvmPauseMonitor$Monitor@4620d046] INFO  util.JvmPauseMonitor (JvmPauseMonitor.java:run(188)) - Starting JVM pause monitor
2019-09-26 11:01:12,296 [main] INFO  ozone.HddsDatanodeService (HddsDatanodeService.java:start(184)) - HddsDatanodeService host:pr-hdds-1569-wvzgm-824869521 ip:192.168.30.13
2019-09-26 11:01:12,299 [Datanode State Machine Thread - 0] INFO  datanode.InitDatanodeState (InitDatanodeState.java:persistContainerDatanodeDetails(140)) - DatanodeDetails is persisted to /workdir/hadoop-ozone/tools/target/test-dir/MiniOzoneClusterImpl-42425eb2-f371-46f3-bb0b-2c68b0fa2a97/datanode-3/meta/datanode.id
2019-09-26 11:01:12,307 [main] INFO  volume.HddsVolume (HddsVolume.java:<init>(176)) - Creating Volume: /workdir/hadoop-ozone/tools/target/test-dir/MiniOzoneClusterImpl-42425eb2-f371-46f3-bb0b-2c68b0fa2a97/datanode-4/data/containers/hdds of  storage type : DISK and capacity : 1482555576320
2019-09-26 11:01:12,307 [main] INFO  volume.VolumeSet (VolumeSet.java:initializeVolumeSet(170)) - Added Volume : /workdir/hadoop-ozone/tools/target/test-dir/MiniOzoneClusterImpl-42425eb2-f371-46f3-bb0b-2c68b0fa2a97/datanode-4/data/containers/hdds to VolumeSet
2019-09-26 11:01:12,308 [main] INFO  volume.ThrottledAsyncChecker (ThrottledAsyncChecker.java:schedule(139)) - Scheduling a check for org.apache.hadoop.ozone.container.common.volume.HddsVolume@60c8a093
2019-09-26 11:01:12,308 [main] INFO  volume.HddsVolumeChecker (HddsVolumeChecker.java:checkAllVolumes(202)) - Scheduled health check for volume org.apache.hadoop.ozone.container.common.volume.HddsVolume@60c8a093
2019-09-26 11:01:12,330 [main] INFO  impl.RaftServerProxy (ConfUtils.java:logGet(43)) - raft.rpc.type = GRPC (default)
2019-09-26 11:01:12,330 [main] INFO  grpc.GrpcFactory (GrpcFactory.java:checkPooledByteBufAllocatorUseCacheForAllThreads(45)) - PERFORMANCE WARNING: useCacheForAllThreads is true that may cause Netty to create a lot garbage objects and, as a result, trigger GC.
	It is recommended to disable useCacheForAllThreads by setting -Dorg.apache.ratis.thirdparty.io.netty.allocator.useCacheForAllThreads=false in command line.
2019-09-26 11:01:12,331 [main] INFO  grpc.GrpcConfigKeys$Server (ConfUtils.java:logGet(43)) - raft.grpc.server.port = 0 (default)
2019-09-26 11:01:12,331 [main] INFO  server.GrpcService (ConfUtils.java:logGet(43)) - raft.grpc.message.size.max = 33570816 (custom)
2019-09-26 11:01:12,332 [main] INFO  server.RaftServerConfigKeys (ConfUtils.java:logGet(43)) - raft.server.log.appender.buffer.byte-limit = 33554432 (custom)
2019-09-26 11:01:12,332 [main] INFO  server.GrpcService (ConfUtils.java:logGet(43)) - raft.grpc.flow.control.window = 1MB (=1048576) (default)
2019-09-26 11:01:12,332 [main] INFO  server.RaftServerConfigKeys (ConfUtils.java:logGet(43)) - raft.server.rpc.request.timeout = 3000ms (default)
2019-09-26 11:01:12,333 [main] INFO  server.RaftServerConfigKeys (ConfUtils.java:logGet(43)) - raft.server.storage.dir = [/workdir/hadoop-ozone/tools/target/test-dir/MiniOzoneClusterImpl-42425eb2-f371-46f3-bb0b-2c68b0fa2a97/datanode-4/data/ratis] (custom)
2019-09-26 11:01:12,335 [main] INFO  hdfs.DFSUtil (DFSUtil.java:httpServerTemplateForNNAndJN(1641)) - Starting Web-server for hddsDatanode at: http://0.0.0.0:0
2019-09-26 11:01:12,337 [main] INFO  server.AuthenticationFilter (AuthenticationFilter.java:constructSecretProvider(240)) - Unable to initialize FileSignerSecretProvider, falling back to use random secrets.
2019-09-26 11:01:12,341 [main] WARN  http.HttpRequestLog (HttpRequestLog.java:getRequestLog(97)) - Jetty request log can only be enabled using Log4j
2019-09-26 11:01:12,343 [main] INFO  http.HttpServer2 (HttpServer2.java:addGlobalFilter(975)) - Added global filter 'safety' (class=org.apache.hadoop.http.HttpServer2$QuotingInputFilter)
2019-09-26 11:01:12,344 [main] INFO  http.HttpServer2 (HttpServer2.java:addFilter(948)) - Added filter static_user_filter (class=org.apache.hadoop.http.lib.StaticUserWebFilter$StaticUserFilter) to context hddsDatanode
2019-09-26 11:01:12,344 [main] INFO  http.HttpServer2 (HttpServer2.java:addFilter(958)) - Added filter static_user_filter (class=org.apache.hadoop.http.lib.StaticUserWebFilter$StaticUserFilter) to context static
2019-09-26 11:01:12,344 [main] INFO  http.HttpServer2 (HttpServer2.java:addFilter(958)) - Added filter static_user_filter (class=org.apache.hadoop.http.lib.StaticUserWebFilter$StaticUserFilter) to context logs
2019-09-26 11:01:12,345 [main] INFO  http.HttpServer2 (HttpServer2.java:bindListener(1191)) - Jetty bound to port 38040
2019-09-26 11:01:12,345 [main] INFO  server.Server (Server.java:doStart(351)) - jetty-9.3.25.v20180904, build timestamp: 2018-09-04T21:11:46Z, git hash: 3ce520221d0240229c862b122d2b06c12a625732
2019-09-26 11:01:12,348 [main] INFO  handler.ContextHandler (ContextHandler.java:doStart(781)) - Started o.e.j.s.ServletContextHandler@eac3a26{/logs,file:///workdir/hadoop-ozone/tools/target/log,AVAILABLE}
2019-09-26 11:01:12,349 [main] INFO  handler.ContextHandler (ContextHandler.java:doStart(781)) - Started o.e.j.s.ServletContextHandler@53cf9c99{/static,jar:file:/home/user/.m2/repository/org/apache/hadoop/hadoop-hdds-container-service/0.5.0-SNAPSHOT/hadoop-hdds-container-service-0.5.0-SNAPSHOT.jar!/webapps/static,AVAILABLE}
2019-09-26 11:01:12,387 [main] INFO  handler.ContextHandler (ContextHandler.java:doStart(781)) - Started o.e.j.w.WebAppContext@ccf91df{/,file:///tmp/jetty-0.0.0.0-38040-hddsDatanode-_-any-5737750240766266139.dir/webapp/,AVAILABLE}{/hddsDatanode}
2019-09-26 11:01:12,387 [main] INFO  server.AbstractConnector (AbstractConnector.java:doStart(278)) - Started ServerConnector@117d32e{HTTP/1.1,[http/1.1]}{0.0.0.0:38040}
2019-09-26 11:01:12,388 [main] INFO  server.Server (Server.java:doStart(419)) - Started @5419ms
2019-09-26 11:01:12,389 [main] WARN  impl.MetricsSystemImpl (MetricsSystemImpl.java:register(276)) - Sink prometheus already exists!
2019-09-26 11:01:12,389 [main] INFO  server.BaseHttpServer (BaseHttpServer.java:updateConnectorAddress(215)) - HTTP server of HDDSDATANODE is listening at http://0.0.0.0:38040
2019-09-26 11:01:12,392 [main] INFO  ozone.MiniOzoneClusterImpl (MiniOzoneClusterImpl.java:lambda$waitForClusterToBeReady$0(147)) - Waiting for cluster to be ready. Got 0 of 5 DN Heartbeats.
2019-09-26 11:01:12,393 [org.apache.hadoop.util.JvmPauseMonitor$Monitor@8d46ee9] INFO  util.JvmPauseMonitor (JvmPauseMonitor.java:run(188)) - Starting JVM pause monitor
2019-09-26 11:01:12,397 [Datanode State Machine Thread - 0] INFO  datanode.InitDatanodeState (InitDatanodeState.java:persistContainerDatanodeDetails(140)) - DatanodeDetails is persisted to /workdir/hadoop-ozone/tools/target/test-dir/MiniOzoneClusterImpl-42425eb2-f371-46f3-bb0b-2c68b0fa2a97/datanode-4/meta/datanode.id
2019-09-26 11:01:13,392 [main] INFO  ozone.MiniOzoneClusterImpl (MiniOzoneClusterImpl.java:lambda$waitForClusterToBeReady$0(147)) - Waiting for cluster to be ready. Got 0 of 5 DN Heartbeats.
2019-09-26 11:01:14,124 [Datanode State Machine Thread - 0] INFO  ozoneimpl.OzoneContainer (OzoneContainer.java:start(217)) - Attempting to start container services.
2019-09-26 11:01:14,129 [Datanode State Machine Thread - 0] INFO  ozoneimpl.OzoneContainer (OzoneContainer.java:startContainerScrub(179)) - Background container scanner has been disabled.
2019-09-26 11:01:14,129 [Datanode State Machine Thread - 0] INFO  ratis.XceiverServerRatis (XceiverServerRatis.java:start(411)) - Starting XceiverServerRatis 5ef5b40b-6668-4f90-a5de-67c965602eb0 at port 0
2019-09-26 11:01:14,144 [Datanode State Machine Thread - 0] INFO  ozoneimpl.OzoneContainer (OzoneContainer.java:start(217)) - Attempting to start container services.
2019-09-26 11:01:14,155 [Datanode State Machine Thread - 0] INFO  ozoneimpl.OzoneContainer (OzoneContainer.java:startContainerScrub(179)) - Background container scanner has been disabled.
2019-09-26 11:01:14,155 [Datanode State Machine Thread - 0] INFO  ratis.XceiverServerRatis (XceiverServerRatis.java:start(411)) - Starting XceiverServerRatis bffaef1c-5345-42b9-b6d0-3a6335242d0a at port 0
2019-09-26 11:01:14,172 [Datanode State Machine Thread - 0] INFO  impl.RaftServerProxy (RaftServerProxy.java:lambda$start$3(299)) - 5ef5b40b-6668-4f90-a5de-67c965602eb0: start RPC server
2019-09-26 11:01:14,173 [Datanode State Machine Thread - 0] INFO  impl.RaftServerProxy (RaftServerProxy.java:lambda$start$3(299)) - bffaef1c-5345-42b9-b6d0-3a6335242d0a: start RPC server
2019-09-26 11:01:14,208 [Datanode State Machine Thread - 0] INFO  ozoneimpl.OzoneContainer (OzoneContainer.java:start(217)) - Attempting to start container services.
2019-09-26 11:01:14,211 [Datanode State Machine Thread - 0] INFO  ozoneimpl.OzoneContainer (OzoneContainer.java:startContainerScrub(179)) - Background container scanner has been disabled.
2019-09-26 11:01:14,211 [Datanode State Machine Thread - 0] INFO  ratis.XceiverServerRatis (XceiverServerRatis.java:start(411)) - Starting XceiverServerRatis 02a54e17-f5d7-41bc-86bd-d3683be60571 at port 0
2019-09-26 11:01:14,221 [Datanode State Machine Thread - 0] INFO  impl.RaftServerProxy (RaftServerProxy.java:lambda$start$3(299)) - 02a54e17-f5d7-41bc-86bd-d3683be60571: start RPC server
2019-09-26 11:01:14,312 [Datanode State Machine Thread - 0] INFO  ozoneimpl.OzoneContainer (OzoneContainer.java:start(217)) - Attempting to start container services.
2019-09-26 11:01:14,314 [Datanode State Machine Thread - 0] INFO  ozoneimpl.OzoneContainer (OzoneContainer.java:startContainerScrub(179)) - Background container scanner has been disabled.
2019-09-26 11:01:14,314 [Datanode State Machine Thread - 0] INFO  ratis.XceiverServerRatis (XceiverServerRatis.java:start(411)) - Starting XceiverServerRatis 21851714-a306-49cf-b784-d62ce38d388a at port 0
2019-09-26 11:01:14,335 [Datanode State Machine Thread - 0] INFO  impl.RaftServerProxy (RaftServerProxy.java:lambda$start$3(299)) - 21851714-a306-49cf-b784-d62ce38d388a: start RPC server
2019-09-26 11:01:14,363 [Datanode State Machine Thread - 0] INFO  server.GrpcService (GrpcService.java:startImpl(158)) - 02a54e17-f5d7-41bc-86bd-d3683be60571: GrpcService started, listening on 0.0.0.0/0.0.0.0:38404
2019-09-26 11:01:14,363 [Datanode State Machine Thread - 0] INFO  server.GrpcService (GrpcService.java:startImpl(158)) - bffaef1c-5345-42b9-b6d0-3a6335242d0a: GrpcService started, listening on 0.0.0.0/0.0.0.0:39026
2019-09-26 11:01:14,363 [Datanode State Machine Thread - 0] INFO  server.GrpcService (GrpcService.java:startImpl(158)) - 5ef5b40b-6668-4f90-a5de-67c965602eb0: GrpcService started, listening on 0.0.0.0/0.0.0.0:39653
2019-09-26 11:01:14,363 [Datanode State Machine Thread - 0] INFO  server.GrpcService (GrpcService.java:startImpl(158)) - 21851714-a306-49cf-b784-d62ce38d388a: GrpcService started, listening on 0.0.0.0/0.0.0.0:39761
2019-09-26 11:01:14,365 [Datanode State Machine Thread - 0] INFO  ratis.XceiverServerRatis (XceiverServerRatis.java:start(421)) - XceiverServerRatis 5ef5b40b-6668-4f90-a5de-67c965602eb0 is started using port 39653
2019-09-26 11:01:14,364 [Datanode State Machine Thread - 0] INFO  ratis.XceiverServerRatis (XceiverServerRatis.java:start(421)) - XceiverServerRatis bffaef1c-5345-42b9-b6d0-3a6335242d0a is started using port 39026
2019-09-26 11:01:14,364 [Datanode State Machine Thread - 0] INFO  ratis.XceiverServerRatis (XceiverServerRatis.java:start(421)) - XceiverServerRatis 02a54e17-f5d7-41bc-86bd-d3683be60571 is started using port 38404
2019-09-26 11:01:14,365 [Datanode State Machine Thread - 0] INFO  ratis.XceiverServerRatis (XceiverServerRatis.java:start(421)) - XceiverServerRatis 21851714-a306-49cf-b784-d62ce38d388a is started using port 39761
2019-09-26 11:01:14,374 [Datanode State Machine Thread - 0] INFO  server.XceiverServerGrpc (XceiverServerGrpc.java:start(149)) - XceiverServerGrpc 02a54e17-f5d7-41bc-86bd-d3683be60571 is started using port 35546
2019-09-26 11:01:14,375 [Datanode State Machine Thread - 0] INFO  server.XceiverServerGrpc (XceiverServerGrpc.java:start(149)) - XceiverServerGrpc 5ef5b40b-6668-4f90-a5de-67c965602eb0 is started using port 43741
2019-09-26 11:01:14,376 [Datanode State Machine Thread - 0] INFO  server.XceiverServerGrpc (XceiverServerGrpc.java:start(149)) - XceiverServerGrpc bffaef1c-5345-42b9-b6d0-3a6335242d0a is started using port 46492
2019-09-26 11:01:14,374 [Datanode State Machine Thread - 0] INFO  server.XceiverServerGrpc (XceiverServerGrpc.java:start(149)) - XceiverServerGrpc 21851714-a306-49cf-b784-d62ce38d388a is started using port 46642
2019-09-26 11:01:14,393 [main] INFO  ozone.MiniOzoneClusterImpl (MiniOzoneClusterImpl.java:lambda$waitForClusterToBeReady$0(147)) - Waiting for cluster to be ready. Got 0 of 5 DN Heartbeats.
2019-09-26 11:01:14,410 [Datanode State Machine Thread - 0] INFO  ozoneimpl.OzoneContainer (OzoneContainer.java:start(217)) - Attempting to start container services.
2019-09-26 11:01:14,415 [Datanode State Machine Thread - 0] INFO  ozoneimpl.OzoneContainer (OzoneContainer.java:startContainerScrub(179)) - Background container scanner has been disabled.
2019-09-26 11:01:14,415 [Datanode State Machine Thread - 0] INFO  ratis.XceiverServerRatis (XceiverServerRatis.java:start(411)) - Starting XceiverServerRatis f1b27ee7-0671-41a8-9e25-617c44580f9f at port 0
2019-09-26 11:01:14,424 [Datanode State Machine Thread - 0] INFO  impl.RaftServerProxy (RaftServerProxy.java:lambda$start$3(299)) - f1b27ee7-0671-41a8-9e25-617c44580f9f: start RPC server
2019-09-26 11:01:14,427 [Datanode State Machine Thread - 0] INFO  server.GrpcService (GrpcService.java:startImpl(158)) - f1b27ee7-0671-41a8-9e25-617c44580f9f: GrpcService started, listening on 0.0.0.0/0.0.0.0:39028
2019-09-26 11:01:14,427 [Datanode State Machine Thread - 0] INFO  ratis.XceiverServerRatis (XceiverServerRatis.java:start(421)) - XceiverServerRatis f1b27ee7-0671-41a8-9e25-617c44580f9f is started using port 39028
2019-09-26 11:01:14,429 [Datanode State Machine Thread - 0] INFO  server.XceiverServerGrpc (XceiverServerGrpc.java:start(149)) - XceiverServerGrpc f1b27ee7-0671-41a8-9e25-617c44580f9f is started using port 40508
2019-09-26 11:01:15,395 [main] INFO  ozone.MiniOzoneClusterImpl (MiniOzoneClusterImpl.java:lambda$waitForClusterToBeReady$0(147)) - Waiting for cluster to be ready. Got 0 of 5 DN Heartbeats.
2019-09-26 11:01:16,106 [IPC Server handler 1 on 35285] INFO  net.NetworkTopology (NetworkTopologyImpl.java:add(111)) - Added a new node: /default-rack/5ef5b40b-6668-4f90-a5de-67c965602eb0
2019-09-26 11:01:16,107 [IPC Server handler 1 on 35285] INFO  node.SCMNodeManager (SCMNodeManager.java:register(266)) - Registered Data node : 5ef5b40b-6668-4f90-a5de-67c965602eb0{ip: 192.168.30.13, host: pr-hdds-1569-wvzgm-824869521, networkLocation: /default-rack, certSerialId: null}
2019-09-26 11:01:16,113 [EventQueue-NodeRegistrationContainerReportForDataNodeSafeModeRule] INFO  safemode.SCMSafeModeManager (DataNodeSafeModeRule.java:process(71)) - SCM in safe mode. 1 DataNodes registered, 1 required.
2019-09-26 11:01:16,113 [EventQueue-NodeRegistrationContainerReportForDataNodeSafeModeRule] INFO  safemode.SCMSafeModeManager (SCMSafeModeManager.java:validateSafeModeExitRules(177)) - ScmSafeModeManager, all rules are successfully validated
2019-09-26 11:01:16,114 [EventQueue-NodeRegistrationContainerReportForDataNodeSafeModeRule] INFO  safemode.SCMSafeModeManager (SCMSafeModeManager.java:exitSafeMode(193)) - SCM exiting safe mode.
2019-09-26 11:01:16,129 [IPC Server handler 0 on 35285] INFO  net.NetworkTopology (NetworkTopologyImpl.java:add(111)) - Added a new node: /default-rack/bffaef1c-5345-42b9-b6d0-3a6335242d0a
2019-09-26 11:01:16,129 [IPC Server handler 0 on 35285] INFO  node.SCMNodeManager (SCMNodeManager.java:register(266)) - Registered Data node : bffaef1c-5345-42b9-b6d0-3a6335242d0a{ip: 192.168.30.13, host: pr-hdds-1569-wvzgm-824869521, networkLocation: /default-rack, certSerialId: null}
2019-09-26 11:01:16,195 [IPC Server handler 6 on 35285] INFO  net.NetworkTopology (NetworkTopologyImpl.java:add(111)) - Added a new node: /default-rack/02a54e17-f5d7-41bc-86bd-d3683be60571
2019-09-26 11:01:16,196 [IPC Server handler 6 on 35285] INFO  node.SCMNodeManager (SCMNodeManager.java:register(266)) - Registered Data node : 02a54e17-f5d7-41bc-86bd-d3683be60571{ip: 192.168.30.13, host: pr-hdds-1569-wvzgm-824869521, networkLocation: /default-rack, certSerialId: null}
2019-09-26 11:01:16,298 [IPC Server handler 4 on 35285] INFO  net.NetworkTopology (NetworkTopologyImpl.java:add(111)) - Added a new node: /default-rack/21851714-a306-49cf-b784-d62ce38d388a
2019-09-26 11:01:16,299 [IPC Server handler 4 on 35285] INFO  node.SCMNodeManager (SCMNodeManager.java:register(266)) - Registered Data node : 21851714-a306-49cf-b784-d62ce38d388a{ip: 192.168.30.13, host: pr-hdds-1569-wvzgm-824869521, networkLocation: /default-rack, certSerialId: null}
2019-09-26 11:01:16,396 [main] INFO  ozone.MiniOzoneClusterImpl (MiniOzoneClusterImpl.java:lambda$waitForClusterToBeReady$0(147)) - Waiting for cluster to be ready. Got 4 of 5 DN Heartbeats.
2019-09-26 11:01:16,396 [IPC Server handler 7 on 35285] INFO  net.NetworkTopology (NetworkTopologyImpl.java:add(111)) - Added a new node: /default-rack/f1b27ee7-0671-41a8-9e25-617c44580f9f
2019-09-26 11:01:16,397 [IPC Server handler 7 on 35285] INFO  node.SCMNodeManager (SCMNodeManager.java:register(266)) - Registered Data node : f1b27ee7-0671-41a8-9e25-617c44580f9f{ip: 192.168.30.13, host: pr-hdds-1569-wvzgm-824869521, networkLocation: /default-rack, certSerialId: null}
2019-09-26 11:01:16,630 [grpc-default-executor-0] INFO  impl.RaftServerProxy (RaftServerProxy.java:addNew(89)) - 5ef5b40b-6668-4f90-a5de-67c965602eb0: addNew group-20148A138A00:[5ef5b40b-6668-4f90-a5de-67c965602eb0:192.168.30.13:39653] returns group-20148A138A00:java.util.concurrent.CompletableFuture@23b0f84e[Not completed]
2019-09-26 11:01:16,652 [pool-27-thread-1] INFO  impl.RaftServerImpl (RaftServerImpl.java:<init>(95)) - 5ef5b40b-6668-4f90-a5de-67c965602eb0: new RaftServerImpl for group-20148A138A00:[5ef5b40b-6668-4f90-a5de-67c965602eb0:192.168.30.13:39653] with ContainerStateMachine:uninitialized
2019-09-26 11:01:16,654 [pool-27-thread-1] INFO  server.RaftServerConfigKeys (ConfUtils.java:logGet(43)) - raft.server.rpc.timeout.min = 5s (custom)
2019-09-26 11:01:16,656 [pool-27-thread-1] INFO  server.RaftServerConfigKeys (ConfUtils.java:logGet(43)) - raft.server.rpc.timeout.max = 5200ms (custom)
2019-09-26 11:01:16,656 [pool-27-thread-1] INFO  server.RaftServerConfigKeys (ConfUtils.java:logGet(43)) - raft.server.rpcslowness.timeout = 120s (custom)
2019-09-26 11:01:16,657 [pool-27-thread-1] INFO  server.RaftServerConfigKeys (ConfUtils.java:logGet(43)) - raft.server.sleep.deviation.threshold = 300 (default)
2019-09-26 11:01:16,658 [pool-27-thread-1] INFO  server.RaftServerConfigKeys (ConfUtils.java:logGet(43)) - raft.server.log.appender.install.snapshot.enabled = false (custom)
2019-09-26 11:01:16,669 [pool-27-thread-1] INFO  impl.RaftServerImpl (ServerState.java:<init>(103)) - 5ef5b40b-6668-4f90-a5de-67c965602eb0@group-20148A138A00: ConfigurationManager, init=-1: [5ef5b40b-6668-4f90-a5de-67c965602eb0:192.168.30.13:39653], old=null, confs=<EMPTY_MAP>
2019-09-26 11:01:16,669 [pool-27-thread-1] INFO  server.RaftServerConfigKeys (ConfUtils.java:logGet(43)) - raft.server.storage.dir = [/workdir/hadoop-ozone/tools/target/test-dir/MiniOzoneClusterImpl-42425eb2-f371-46f3-bb0b-2c68b0fa2a97/datanode-0/data/ratis] (custom)
2019-09-26 11:01:16,679 [pool-27-thread-1] INFO  storage.RaftStorageDirectory (RaftStorageDirectory.java:analyzeStorage(246)) - The storage directory /workdir/hadoop-ozone/tools/target/test-dir/MiniOzoneClusterImpl-42425eb2-f371-46f3-bb0b-2c68b0fa2a97/datanode-0/data/ratis/736c3aed-07cf-4ddd-891c-20148a138a00 does not exist. Creating ...
2019-09-26 11:01:16,698 [pool-27-thread-1] INFO  storage.RaftStorageDirectory (RaftStorageDirectory.java:tryLock(328)) - Lock on /workdir/hadoop-ozone/tools/target/test-dir/MiniOzoneClusterImpl-42425eb2-f371-46f3-bb0b-2c68b0fa2a97/datanode-0/data/ratis/736c3aed-07cf-4ddd-891c-20148a138a00/in_use.lock acquired by nodename 15101@pr-hdds-1569-wvzgm-824869521
2019-09-26 11:01:16,713 [pool-27-thread-1] INFO  storage.RaftStorage (RaftStorage.java:format(72)) - Storage directory /workdir/hadoop-ozone/tools/target/test-dir/MiniOzoneClusterImpl-42425eb2-f371-46f3-bb0b-2c68b0fa2a97/datanode-0/data/ratis/736c3aed-07cf-4ddd-891c-20148a138a00 has been successfully formatted.
2019-09-26 11:01:16,716 [pool-27-thread-1] INFO  ratis.ContainerStateMachine (ContainerStateMachine.java:loadSnapshot(230)) - group-20148A138A00: The snapshot info is null. Setting the last applied indexto:(t:0, i:~)
2019-09-26 11:01:16,716 [pool-27-thread-1] INFO  server.RaftServerConfigKeys (ConfUtils.java:logGet(43)) - raft.server.notification.no-leader.timeout = 120s (custom)
2019-09-26 11:01:16,719 [pool-27-thread-1] INFO  server.RaftServerConfigKeys (ConfUtils.java:logGet(43)) - raft.server.log.use.memory = false (default)
2019-09-26 11:01:16,726 [pool-27-thread-1] INFO  server.RaftServerConfigKeys (ConfUtils.java:logGet(43)) - raft.server.log.purge.gap = 1000000 (custom)
2019-09-26 11:01:16,726 [pool-27-thread-1] INFO  server.RaftServerConfigKeys (ConfUtils.java:logGet(43)) - raft.server.log.appender.buffer.byte-limit = 33554432 (custom)
2019-09-26 11:01:16,730 [pool-27-thread-1] INFO  server.RaftServerConfigKeys (ConfUtils.java:logGet(43)) - raft.server.log.segment.size.max = 1048576 (custom)
2019-09-26 11:01:16,736 [pool-27-thread-1] INFO  server.RaftServerConfigKeys (ConfUtils.java:logGet(43)) - raft.server.log.segment.cache.num.max = 2 (custom)
2019-09-26 11:01:16,742 [pool-27-thread-1] INFO  segmented.SegmentedRaftLogWorker (SegmentedRaftLogWorker.java:<init>(172)) - new 5ef5b40b-6668-4f90-a5de-67c965602eb0@group-20148A138A00-SegmentedRaftLogWorker for RaftStorage:Storage Directory /workdir/hadoop-ozone/tools/target/test-dir/MiniOzoneClusterImpl-42425eb2-f371-46f3-bb0b-2c68b0fa2a97/datanode-0/data/ratis/736c3aed-07cf-4ddd-891c-20148a138a00
2019-09-26 11:01:16,744 [pool-27-thread-1] INFO  impl.MetricsSystemImpl (MetricsSystemImpl.java:init(158)) - ratis metrics system started (again)
2019-09-26 11:01:16,750 [pool-27-thread-1] INFO  metrics.MetricRegistries (MetricRegistriesLoader.java:load(64)) - Loaded MetricRegistries class org.apache.ratis.metrics.impl.MetricRegistriesImpl
2019-09-26 11:01:16,783 [pool-27-thread-1] INFO  server.RaftServerConfigKeys (ConfUtils.java:logGet(43)) - raft.server.log.queue.byte-limit = 2147483647 (custom)
2019-09-26 11:01:16,783 [pool-27-thread-1] INFO  server.RaftServerConfigKeys (ConfUtils.java:logGet(43)) - raft.server.log.queue.element-limit = 1024 (custom)
2019-09-26 11:01:16,786 [pool-27-thread-1] INFO  server.RaftServerConfigKeys (ConfUtils.java:logGet(43)) - raft.server.log.segment.size.max = 1048576 (custom)
2019-09-26 11:01:16,787 [pool-27-thread-1] INFO  server.RaftServerConfigKeys (ConfUtils.java:logGet(43)) - raft.server.log.preallocated.size = 16384 (custom)
2019-09-26 11:01:16,787 [pool-27-thread-1] INFO  server.RaftServerConfigKeys (ConfUtils.java:logGet(43)) - raft.server.log.write.buffer.size = 33554432 (custom)
2019-09-26 11:01:16,788 [pool-27-thread-1] INFO  server.RaftServerConfigKeys (ConfUtils.java:logGet(43)) - raft.server.log.force.sync.num = 128 (default)
2019-09-26 11:01:16,789 [pool-27-thread-1] INFO  server.RaftServerConfigKeys (ConfUtils.java:logGet(43)) - raft.server.log.statemachine.data.sync = true (default)
2019-09-26 11:01:16,789 [pool-27-thread-1] INFO  server.RaftServerConfigKeys (ConfUtils.java:logGet(43)) - raft.server.log.statemachine.data.sync.timeout = 10s (default)
2019-09-26 11:01:16,789 [pool-27-thread-1] INFO  server.RaftServerConfigKeys (ConfUtils.java:logGet(43)) - raft.server.log.statemachine.data.sync.timeout.retry = -1 (default)
2019-09-26 11:01:16,801 [pool-27-thread-1] INFO  server.RaftServerConfigKeys (ConfUtils.java:logGet(43)) - raft.server.log.statemachine.data.caching.enabled = true (custom)
2019-09-26 11:01:16,805 [pool-27-thread-1] INFO  segmented.SegmentedRaftLogWorker (SegmentedRaftLogWorker.java:lambda$new$0(132)) - 5ef5b40b-6668-4f90-a5de-67c965602eb0@group-20148A138A00-SegmentedRaftLogWorker: flushIndex: setUnconditionally 0 -> -1
2019-09-26 11:01:16,809 [pool-27-thread-1] INFO  server.RaftServerConfigKeys (ConfUtils.java:logGet(43)) - raft.server.snapshot.auto.trigger.enabled = true (custom)
2019-09-26 11:01:16,810 [pool-27-thread-1] INFO  server.RaftServerConfigKeys (ConfUtils.java:logGet(43)) - raft.server.snapshot.auto.trigger.threshold = 10000 (custom)
2019-09-26 11:01:16,810 [pool-27-thread-1] INFO  server.RaftServerConfigKeys (ConfUtils.java:logGet(43)) - raft.server.snapshot.retention.num.files = 5 (custom)
2019-09-26 11:01:16,811 [pool-27-thread-1] INFO  server.RaftServerConfigKeys (ConfUtils.java:logGet(43)) - raft.server.retrycache.expirytime = 600000ms (custom)
2019-09-26 11:01:16,838 [pool-27-thread-1] INFO  impl.RaftServerImpl (RaftServerImpl.java:start(185)) - 5ef5b40b-6668-4f90-a5de-67c965602eb0@group-20148A138A00: start as a follower, conf=-1: [5ef5b40b-6668-4f90-a5de-67c965602eb0:192.168.30.13:39653], old=null
2019-09-26 11:01:16,839 [pool-27-thread-1] INFO  impl.RaftServerImpl (RaftServerImpl.java:setRole(174)) - 5ef5b40b-6668-4f90-a5de-67c965602eb0@group-20148A138A00: changes role from      null to FOLLOWER at term 0 for startAsFollower
2019-09-26 11:01:16,840 [pool-27-thread-1] INFO  impl.RoleInfo (RoleInfo.java:updateAndGet(143)) - 5ef5b40b-6668-4f90-a5de-67c965602eb0: start FollowerState
2019-09-26 11:01:16,842 [pool-27-thread-1] INFO  util.JmxRegister (JmxRegister.java:tryRegister(44)) - Successfully registered JMX Bean with object name Ratis:service=RaftServer,group=group-20148A138A00,id=5ef5b40b-6668-4f90-a5de-67c965602eb0
2019-09-26 11:01:16,917 [RatisPipelineUtilsThread] INFO  pipeline.PipelineStateManager (PipelineStateManager.java:addPipeline(56)) - Created pipeline Pipeline[ Id: 736c3aed-07cf-4ddd-891c-20148a138a00, Nodes: 5ef5b40b-6668-4f90-a5de-67c965602eb0{ip: 192.168.30.13, host: pr-hdds-1569-wvzgm-824869521, networkLocation: /default-rack, certSerialId: null}, Type:RATIS, Factor:ONE, State:OPEN]
2019-09-26 11:01:16,944 [grpc-default-executor-0] INFO  impl.RaftServerProxy (RaftServerProxy.java:addNew(89)) - bffaef1c-5345-42b9-b6d0-3a6335242d0a: addNew group-CC4E36A84243:[bffaef1c-5345-42b9-b6d0-3a6335242d0a:192.168.30.13:39026] returns group-CC4E36A84243:java.util.concurrent.CompletableFuture@757b694e[Not completed]
2019-09-26 11:01:16,988 [pool-37-thread-1] INFO  impl.RaftServerImpl (RaftServerImpl.java:<init>(95)) - bffaef1c-5345-42b9-b6d0-3a6335242d0a: new RaftServerImpl for group-CC4E36A84243:[bffaef1c-5345-42b9-b6d0-3a6335242d0a:192.168.30.13:39026] with ContainerStateMachine:uninitialized
2019-09-26 11:01:16,989 [pool-37-thread-1] INFO  server.RaftServerConfigKeys (ConfUtils.java:logGet(43)) - raft.server.rpc.timeout.min = 5s (custom)
2019-09-26 11:01:16,989 [pool-37-thread-1] INFO  server.RaftServerConfigKeys (ConfUtils.java:logGet(43)) - raft.server.rpc.timeout.max = 5200ms (custom)
2019-09-26 11:01:16,989 [pool-37-thread-1] INFO  server.RaftServerConfigKeys (ConfUtils.java:logGet(43)) - raft.server.rpcslowness.timeout = 120s (custom)
2019-09-26 11:01:16,990 [pool-37-thread-1] INFO  server.RaftServerConfigKeys (ConfUtils.java:logGet(43)) - raft.server.sleep.deviation.threshold = 300 (default)
2019-09-26 11:01:16,990 [pool-37-thread-1] INFO  server.RaftServerConfigKeys (ConfUtils.java:logGet(43)) - raft.server.log.appender.install.snapshot.enabled = false (custom)
2019-09-26 11:01:16,990 [pool-37-thread-1] INFO  impl.RaftServerImpl (ServerState.java:<init>(103)) - bffaef1c-5345-42b9-b6d0-3a6335242d0a@group-CC4E36A84243: ConfigurationManager, init=-1: [bffaef1c-5345-42b9-b6d0-3a6335242d0a:192.168.30.13:39026], old=null, confs=<EMPTY_MAP>
2019-09-26 11:01:16,990 [pool-37-thread-1] INFO  server.RaftServerConfigKeys (ConfUtils.java:logGet(43)) - raft.server.storage.dir = [/workdir/hadoop-ozone/tools/target/test-dir/MiniOzoneClusterImpl-42425eb2-f371-46f3-bb0b-2c68b0fa2a97/datanode-1/data/ratis] (custom)
2019-09-26 11:01:16,991 [pool-37-thread-1] INFO  storage.RaftStorageDirectory (RaftStorageDirectory.java:analyzeStorage(246)) - The storage directory /workdir/hadoop-ozone/tools/target/test-dir/MiniOzoneClusterImpl-42425eb2-f371-46f3-bb0b-2c68b0fa2a97/datanode-1/data/ratis/7c681350-e4e9-4d4d-9256-cc4e36a84243 does not exist. Creating ...
2019-09-26 11:01:17,005 [pool-37-thread-1] INFO  storage.RaftStorageDirectory (RaftStorageDirectory.java:tryLock(328)) - Lock on /workdir/hadoop-ozone/tools/target/test-dir/MiniOzoneClusterImpl-42425eb2-f371-46f3-bb0b-2c68b0fa2a97/datanode-1/data/ratis/7c681350-e4e9-4d4d-9256-cc4e36a84243/in_use.lock acquired by nodename 15101@pr-hdds-1569-wvzgm-824869521
2019-09-26 11:01:17,019 [pool-37-thread-1] INFO  storage.RaftStorage (RaftStorage.java:format(72)) - Storage directory /workdir/hadoop-ozone/tools/target/test-dir/MiniOzoneClusterImpl-42425eb2-f371-46f3-bb0b-2c68b0fa2a97/datanode-1/data/ratis/7c681350-e4e9-4d4d-9256-cc4e36a84243 has been successfully formatted.
2019-09-26 11:01:17,020 [pool-37-thread-1] INFO  ratis.ContainerStateMachine (ContainerStateMachine.java:loadSnapshot(230)) - group-CC4E36A84243: The snapshot info is null. Setting the last applied indexto:(t:0, i:~)
2019-09-26 11:01:17,022 [pool-37-thread-1] INFO  server.RaftServerConfigKeys (ConfUtils.java:logGet(43)) - raft.server.notification.no-leader.timeout = 120s (custom)
2019-09-26 11:01:17,022 [pool-37-thread-1] INFO  server.RaftServerConfigKeys (ConfUtils.java:logGet(43)) - raft.server.log.use.memory = false (default)
2019-09-26 11:01:17,022 [pool-37-thread-1] INFO  server.RaftServerConfigKeys (ConfUtils.java:logGet(43)) - raft.server.log.purge.gap = 1000000 (custom)
2019-09-26 11:01:17,022 [pool-37-thread-1] INFO  server.RaftServerConfigKeys (ConfUtils.java:logGet(43)) - raft.server.log.appender.buffer.byte-limit = 33554432 (custom)
2019-09-26 11:01:17,022 [pool-37-thread-1] INFO  server.RaftServerConfigKeys (ConfUtils.java:logGet(43)) - raft.server.log.segment.size.max = 1048576 (custom)
2019-09-26 11:01:17,023 [pool-37-thread-1] INFO  server.RaftServerConfigKeys (ConfUtils.java:logGet(43)) - raft.server.log.segment.cache.num.max = 2 (custom)
2019-09-26 11:01:17,023 [pool-37-thread-1] INFO  segmented.SegmentedRaftLogWorker (SegmentedRaftLogWorker.java:<init>(172)) - new bffaef1c-5345-42b9-b6d0-3a6335242d0a@group-CC4E36A84243-SegmentedRaftLogWorker for RaftStorage:Storage Directory /workdir/hadoop-ozone/tools/target/test-dir/MiniOzoneClusterImpl-42425eb2-f371-46f3-bb0b-2c68b0fa2a97/datanode-1/data/ratis/7c681350-e4e9-4d4d-9256-cc4e36a84243
2019-09-26 11:01:17,030 [pool-37-thread-1] INFO  server.RaftServerConfigKeys (ConfUtils.java:logGet(43)) - raft.server.log.queue.byte-limit = 2147483647 (custom)
2019-09-26 11:01:17,030 [pool-37-thread-1] INFO  server.RaftServerConfigKeys (ConfUtils.java:logGet(43)) - raft.server.log.queue.element-limit = 1024 (custom)
2019-09-26 11:01:17,031 [pool-37-thread-1] INFO  server.RaftServerConfigKeys (ConfUtils.java:logGet(43)) - raft.server.log.segment.size.max = 1048576 (custom)
2019-09-26 11:01:17,031 [pool-37-thread-1] INFO  server.RaftServerConfigKeys (ConfUtils.java:logGet(43)) - raft.server.log.preallocated.size = 16384 (custom)
2019-09-26 11:01:17,031 [pool-37-thread-1] INFO  server.RaftServerConfigKeys (ConfUtils.java:logGet(43)) - raft.server.log.write.buffer.size = 33554432 (custom)
2019-09-26 11:01:17,031 [pool-37-thread-1] INFO  server.RaftServerConfigKeys (ConfUtils.java:logGet(43)) - raft.server.log.force.sync.num = 128 (default)
2019-09-26 11:01:17,032 [pool-37-thread-1] INFO  server.RaftServerConfigKeys (ConfUtils.java:logGet(43)) - raft.server.log.statemachine.data.sync = true (default)
2019-09-26 11:01:17,032 [pool-37-thread-1] INFO  server.RaftServerConfigKeys (ConfUtils.java:logGet(43)) - raft.server.log.statemachine.data.sync.timeout = 10s (default)
2019-09-26 11:01:17,032 [pool-37-thread-1] INFO  server.RaftServerConfigKeys (ConfUtils.java:logGet(43)) - raft.server.log.statemachine.data.sync.timeout.retry = -1 (default)
2019-09-26 11:01:17,032 [pool-37-thread-1] INFO  server.RaftServerConfigKeys (ConfUtils.java:logGet(43)) - raft.server.log.statemachine.data.caching.enabled = true (custom)
2019-09-26 11:01:17,033 [pool-37-thread-1] INFO  segmented.SegmentedRaftLogWorker (SegmentedRaftLogWorker.java:lambda$new$0(132)) - bffaef1c-5345-42b9-b6d0-3a6335242d0a@group-CC4E36A84243-SegmentedRaftLogWorker: flushIndex: setUnconditionally 0 -> -1
2019-09-26 11:01:17,033 [pool-37-thread-1] INFO  server.RaftServerConfigKeys (ConfUtils.java:logGet(43)) - raft.server.snapshot.auto.trigger.enabled = true (custom)
2019-09-26 11:01:17,033 [pool-37-thread-1] INFO  server.RaftServerConfigKeys (ConfUtils.java:logGet(43)) - raft.server.snapshot.auto.trigger.threshold = 10000 (custom)
2019-09-26 11:01:17,033 [pool-37-thread-1] INFO  server.RaftServerConfigKeys (ConfUtils.java:logGet(43)) - raft.server.snapshot.retention.num.files = 5 (custom)
2019-09-26 11:01:17,034 [pool-37-thread-1] INFO  server.RaftServerConfigKeys (ConfUtils.java:logGet(43)) - raft.server.retrycache.expirytime = 600000ms (custom)
2019-09-26 11:01:17,040 [pool-37-thread-1] INFO  impl.RaftServerImpl (RaftServerImpl.java:start(185)) - bffaef1c-5345-42b9-b6d0-3a6335242d0a@group-CC4E36A84243: start as a follower, conf=-1: [bffaef1c-5345-42b9-b6d0-3a6335242d0a:192.168.30.13:39026], old=null
2019-09-26 11:01:17,040 [pool-37-thread-1] INFO  impl.RaftServerImpl (RaftServerImpl.java:setRole(174)) - bffaef1c-5345-42b9-b6d0-3a6335242d0a@group-CC4E36A84243: changes role from      null to FOLLOWER at term 0 for startAsFollower
2019-09-26 11:01:17,040 [pool-37-thread-1] INFO  impl.RoleInfo (RoleInfo.java:updateAndGet(143)) - bffaef1c-5345-42b9-b6d0-3a6335242d0a: start FollowerState
2019-09-26 11:01:17,042 [pool-37-thread-1] INFO  util.JmxRegister (JmxRegister.java:tryRegister(44)) - Successfully registered JMX Bean with object name Ratis:service=RaftServer,group=group-CC4E36A84243,id=bffaef1c-5345-42b9-b6d0-3a6335242d0a
2019-09-26 11:01:17,058 [RatisPipelineUtilsThread] INFO  pipeline.PipelineStateManager (PipelineStateManager.java:addPipeline(56)) - Created pipeline Pipeline[ Id: 7c681350-e4e9-4d4d-9256-cc4e36a84243, Nodes: bffaef1c-5345-42b9-b6d0-3a6335242d0a{ip: 192.168.30.13, host: pr-hdds-1569-wvzgm-824869521, networkLocation: /default-rack, certSerialId: null}, Type:RATIS, Factor:ONE, State:OPEN]
2019-09-26 11:01:17,074 [grpc-default-executor-0] INFO  impl.RaftServerProxy (RaftServerProxy.java:addNew(89)) - 21851714-a306-49cf-b784-d62ce38d388a: addNew group-0BE0431CADF0:[21851714-a306-49cf-b784-d62ce38d388a:192.168.30.13:39761] returns group-0BE0431CADF0:java.util.concurrent.CompletableFuture@571b1264[Not completed]
2019-09-26 11:01:17,093 [pool-57-thread-1] INFO  impl.RaftServerImpl (RaftServerImpl.java:<init>(95)) - 21851714-a306-49cf-b784-d62ce38d388a: new RaftServerImpl for group-0BE0431CADF0:[21851714-a306-49cf-b784-d62ce38d388a:192.168.30.13:39761] with ContainerStateMachine:uninitialized
2019-09-26 11:01:17,093 [pool-57-thread-1] INFO  server.RaftServerConfigKeys (ConfUtils.java:logGet(43)) - raft.server.rpc.timeout.min = 5s (custom)
2019-09-26 11:01:17,093 [pool-57-thread-1] INFO  server.RaftServerConfigKeys (ConfUtils.java:logGet(43)) - raft.server.rpc.timeout.max = 5200ms (custom)
2019-09-26 11:01:17,093 [pool-57-thread-1] INFO  server.RaftServerConfigKeys (ConfUtils.java:logGet(43)) - raft.server.rpcslowness.timeout = 120s (custom)
2019-09-26 11:01:17,093 [pool-57-thread-1] INFO  server.RaftServerConfigKeys (ConfUtils.java:logGet(43)) - raft.server.sleep.deviation.threshold = 300 (default)
2019-09-26 11:01:17,094 [pool-57-thread-1] INFO  server.RaftServerConfigKeys (ConfUtils.java:logGet(43)) - raft.server.log.appender.install.snapshot.enabled = false (custom)
2019-09-26 11:01:17,094 [pool-57-thread-1] INFO  impl.RaftServerImpl (ServerState.java:<init>(103)) - 21851714-a306-49cf-b784-d62ce38d388a@group-0BE0431CADF0: ConfigurationManager, init=-1: [21851714-a306-49cf-b784-d62ce38d388a:192.168.30.13:39761], old=null, confs=<EMPTY_MAP>
2019-09-26 11:01:17,094 [pool-57-thread-1] INFO  server.RaftServerConfigKeys (ConfUtils.java:logGet(43)) - raft.server.storage.dir = [/workdir/hadoop-ozone/tools/target/test-dir/MiniOzoneClusterImpl-42425eb2-f371-46f3-bb0b-2c68b0fa2a97/datanode-3/data/ratis] (custom)
2019-09-26 11:01:17,095 [pool-57-thread-1] INFO  storage.RaftStorageDirectory (RaftStorageDirectory.java:analyzeStorage(246)) - The storage directory /workdir/hadoop-ozone/tools/target/test-dir/MiniOzoneClusterImpl-42425eb2-f371-46f3-bb0b-2c68b0fa2a97/datanode-3/data/ratis/107f4970-0712-4741-bd79-0be0431cadf0 does not exist. Creating ...
2019-09-26 11:01:17,108 [pool-57-thread-1] INFO  storage.RaftStorageDirectory (RaftStorageDirectory.java:tryLock(328)) - Lock on /workdir/hadoop-ozone/tools/target/test-dir/MiniOzoneClusterImpl-42425eb2-f371-46f3-bb0b-2c68b0fa2a97/datanode-3/data/ratis/107f4970-0712-4741-bd79-0be0431cadf0/in_use.lock acquired by nodename 15101@pr-hdds-1569-wvzgm-824869521
2019-09-26 11:01:17,121 [pool-57-thread-1] INFO  storage.RaftStorage (RaftStorage.java:format(72)) - Storage directory /workdir/hadoop-ozone/tools/target/test-dir/MiniOzoneClusterImpl-42425eb2-f371-46f3-bb0b-2c68b0fa2a97/datanode-3/data/ratis/107f4970-0712-4741-bd79-0be0431cadf0 has been successfully formatted.
2019-09-26 11:01:17,122 [pool-57-thread-1] INFO  ratis.ContainerStateMachine (ContainerStateMachine.java:loadSnapshot(230)) - group-0BE0431CADF0: The snapshot info is null. Setting the last applied indexto:(t:0, i:~)
2019-09-26 11:01:17,122 [pool-57-thread-1] INFO  server.RaftServerConfigKeys (ConfUtils.java:logGet(43)) - raft.server.notification.no-leader.timeout = 120s (custom)
2019-09-26 11:01:17,122 [pool-57-thread-1] INFO  server.RaftServerConfigKeys (ConfUtils.java:logGet(43)) - raft.server.log.use.memory = false (default)
2019-09-26 11:01:17,123 [pool-57-thread-1] INFO  server.RaftServerConfigKeys (ConfUtils.java:logGet(43)) - raft.server.log.purge.gap = 1000000 (custom)
2019-09-26 11:01:17,123 [pool-57-thread-1] INFO  server.RaftServerConfigKeys (ConfUtils.java:logGet(43)) - raft.server.log.appender.buffer.byte-limit = 33554432 (custom)
2019-09-26 11:01:17,123 [pool-57-thread-1] INFO  server.RaftServerConfigKeys (ConfUtils.java:logGet(43)) - raft.server.log.segment.size.max = 1048576 (custom)
2019-09-26 11:01:17,123 [pool-57-thread-1] INFO  server.RaftServerConfigKeys (ConfUtils.java:logGet(43)) - raft.server.log.segment.cache.num.max = 2 (custom)
2019-09-26 11:01:17,123 [pool-57-thread-1] INFO  segmented.SegmentedRaftLogWorker (SegmentedRaftLogWorker.java:<init>(172)) - new 21851714-a306-49cf-b784-d62ce38d388a@group-0BE0431CADF0-SegmentedRaftLogWorker for RaftStorage:Storage Directory /workdir/hadoop-ozone/tools/target/test-dir/MiniOzoneClusterImpl-42425eb2-f371-46f3-bb0b-2c68b0fa2a97/datanode-3/data/ratis/107f4970-0712-4741-bd79-0be0431cadf0
2019-09-26 11:01:17,150 [pool-57-thread-1] INFO  server.RaftServerConfigKeys (ConfUtils.java:logGet(43)) - raft.server.log.queue.byte-limit = 2147483647 (custom)
2019-09-26 11:01:17,150 [pool-57-thread-1] INFO  server.RaftServerConfigKeys (ConfUtils.java:logGet(43)) - raft.server.log.queue.element-limit = 1024 (custom)
2019-09-26 11:01:17,151 [pool-57-thread-1] INFO  server.RaftServerConfigKeys (ConfUtils.java:logGet(43)) - raft.server.log.segment.size.max = 1048576 (custom)
2019-09-26 11:01:17,151 [pool-57-thread-1] INFO  server.RaftServerConfigKeys (ConfUtils.java:logGet(43)) - raft.server.log.preallocated.size = 16384 (custom)
2019-09-26 11:01:17,151 [pool-57-thread-1] INFO  server.RaftServerConfigKeys (ConfUtils.java:logGet(43)) - raft.server.log.write.buffer.size = 33554432 (custom)
2019-09-26 11:01:17,151 [pool-57-thread-1] INFO  server.RaftServerConfigKeys (ConfUtils.java:logGet(43)) - raft.server.log.force.sync.num = 128 (default)
2019-09-26 11:01:17,152 [pool-57-thread-1] INFO  server.RaftServerConfigKeys (ConfUtils.java:logGet(43)) - raft.server.log.statemachine.data.sync = true (default)
2019-09-26 11:01:17,152 [pool-57-thread-1] INFO  server.RaftServerConfigKeys (ConfUtils.java:logGet(43)) - raft.server.log.statemachine.data.sync.timeout = 10s (default)
2019-09-26 11:01:17,152 [pool-57-thread-1] INFO  server.RaftServerConfigKeys (ConfUtils.java:logGet(43)) - raft.server.log.statemachine.data.sync.timeout.retry = -1 (default)
2019-09-26 11:01:17,152 [pool-57-thread-1] INFO  server.RaftServerConfigKeys (ConfUtils.java:logGet(43)) - raft.server.log.statemachine.data.caching.enabled = true (custom)
2019-09-26 11:01:17,153 [pool-57-thread-1] INFO  segmented.SegmentedRaftLogWorker (SegmentedRaftLogWorker.java:lambda$new$0(132)) - 21851714-a306-49cf-b784-d62ce38d388a@group-0BE0431CADF0-SegmentedRaftLogWorker: flushIndex: setUnconditionally 0 -> -1
2019-09-26 11:01:17,153 [pool-57-thread-1] INFO  server.RaftServerConfigKeys (ConfUtils.java:logGet(43)) - raft.server.snapshot.auto.trigger.enabled = true (custom)
2019-09-26 11:01:17,154 [pool-57-thread-1] INFO  server.RaftServerConfigKeys (ConfUtils.java:logGet(43)) - raft.server.snapshot.auto.trigger.threshold = 10000 (custom)
2019-09-26 11:01:17,154 [pool-57-thread-1] INFO  server.RaftServerConfigKeys (ConfUtils.java:logGet(43)) - raft.server.snapshot.retention.num.files = 5 (custom)
2019-09-26 11:01:17,154 [pool-57-thread-1] INFO  server.RaftServerConfigKeys (ConfUtils.java:logGet(43)) - raft.server.retrycache.expirytime = 600000ms (custom)
2019-09-26 11:01:17,159 [pool-57-thread-1] INFO  impl.RaftServerImpl (RaftServerImpl.java:start(185)) - 21851714-a306-49cf-b784-d62ce38d388a@group-0BE0431CADF0: start as a follower, conf=-1: [21851714-a306-49cf-b784-d62ce38d388a:192.168.30.13:39761], old=null
2019-09-26 11:01:17,159 [pool-57-thread-1] INFO  impl.RaftServerImpl (RaftServerImpl.java:setRole(174)) - 21851714-a306-49cf-b784-d62ce38d388a@group-0BE0431CADF0: changes role from      null to FOLLOWER at term 0 for startAsFollower
2019-09-26 11:01:17,160 [pool-57-thread-1] INFO  impl.RoleInfo (RoleInfo.java:updateAndGet(143)) - 21851714-a306-49cf-b784-d62ce38d388a: start FollowerState
2019-09-26 11:01:17,160 [pool-57-thread-1] INFO  util.JmxRegister (JmxRegister.java:tryRegister(44)) - Successfully registered JMX Bean with object name Ratis:service=RaftServer,group=group-0BE0431CADF0,id=21851714-a306-49cf-b784-d62ce38d388a
2019-09-26 11:01:17,170 [RatisPipelineUtilsThread] INFO  pipeline.PipelineStateManager (PipelineStateManager.java:addPipeline(56)) - Created pipeline Pipeline[ Id: 107f4970-0712-4741-bd79-0be0431cadf0, Nodes: 21851714-a306-49cf-b784-d62ce38d388a{ip: 192.168.30.13, host: pr-hdds-1569-wvzgm-824869521, networkLocation: /default-rack, certSerialId: null}, Type:RATIS, Factor:ONE, State:OPEN]
2019-09-26 11:01:17,186 [grpc-default-executor-0] INFO  impl.RaftServerProxy (RaftServerProxy.java:addNew(89)) - 5ef5b40b-6668-4f90-a5de-67c965602eb0: addNew group-FABAF8F239DE:[5ef5b40b-6668-4f90-a5de-67c965602eb0:192.168.30.13:39653] returns group-FABAF8F239DE:java.util.concurrent.CompletableFuture@471580db[Not completed]
2019-09-26 11:01:17,188 [pool-27-thread-1] INFO  impl.RaftServerImpl (RaftServerImpl.java:<init>(95)) - 5ef5b40b-6668-4f90-a5de-67c965602eb0: new RaftServerImpl for group-FABAF8F239DE:[5ef5b40b-6668-4f90-a5de-67c965602eb0:192.168.30.13:39653] with ContainerStateMachine:uninitialized
2019-09-26 11:01:17,189 [pool-27-thread-1] INFO  server.RaftServerConfigKeys (ConfUtils.java:logGet(43)) - raft.server.rpc.timeout.min = 5s (custom)
2019-09-26 11:01:17,189 [pool-27-thread-1] INFO  server.RaftServerConfigKeys (ConfUtils.java:logGet(43)) - raft.server.rpc.timeout.max = 5200ms (custom)
2019-09-26 11:01:17,189 [pool-27-thread-1] INFO  server.RaftServerConfigKeys (ConfUtils.java:logGet(43)) - raft.server.rpcslowness.timeout = 120s (custom)
2019-09-26 11:01:17,189 [pool-27-thread-1] INFO  server.RaftServerConfigKeys (ConfUtils.java:logGet(43)) - raft.server.sleep.deviation.threshold = 300 (default)
2019-09-26 11:01:17,189 [pool-27-thread-1] INFO  server.RaftServerConfigKeys (ConfUtils.java:logGet(43)) - raft.server.log.appender.install.snapshot.enabled = false (custom)
2019-09-26 11:01:17,190 [pool-27-thread-1] INFO  impl.RaftServerImpl (ServerState.java:<init>(103)) - 5ef5b40b-6668-4f90-a5de-67c965602eb0@group-FABAF8F239DE: ConfigurationManager, init=-1: [5ef5b40b-6668-4f90-a5de-67c965602eb0:192.168.30.13:39653], old=null, confs=<EMPTY_MAP>
2019-09-26 11:01:17,190 [pool-27-thread-1] INFO  server.RaftServerConfigKeys (ConfUtils.java:logGet(43)) - raft.server.storage.dir = [/workdir/hadoop-ozone/tools/target/test-dir/MiniOzoneClusterImpl-42425eb2-f371-46f3-bb0b-2c68b0fa2a97/datanode-0/data/ratis] (custom)
2019-09-26 11:01:17,190 [pool-27-thread-1] INFO  storage.RaftStorageDirectory (RaftStorageDirectory.java:analyzeStorage(246)) - The storage directory /workdir/hadoop-ozone/tools/target/test-dir/MiniOzoneClusterImpl-42425eb2-f371-46f3-bb0b-2c68b0fa2a97/datanode-0/data/ratis/05a1cc2f-d4e1-4f4d-a7f9-fabaf8f239de does not exist. Creating ...
2019-09-26 11:01:17,203 [pool-27-thread-1] INFO  storage.RaftStorageDirectory (RaftStorageDirectory.java:tryLock(328)) - Lock on /workdir/hadoop-ozone/tools/target/test-dir/MiniOzoneClusterImpl-42425eb2-f371-46f3-bb0b-2c68b0fa2a97/datanode-0/data/ratis/05a1cc2f-d4e1-4f4d-a7f9-fabaf8f239de/in_use.lock acquired by nodename 15101@pr-hdds-1569-wvzgm-824869521
2019-09-26 11:01:17,217 [pool-27-thread-1] INFO  storage.RaftStorage (RaftStorage.java:format(72)) - Storage directory /workdir/hadoop-ozone/tools/target/test-dir/MiniOzoneClusterImpl-42425eb2-f371-46f3-bb0b-2c68b0fa2a97/datanode-0/data/ratis/05a1cc2f-d4e1-4f4d-a7f9-fabaf8f239de has been successfully formatted.
2019-09-26 11:01:17,217 [pool-27-thread-1] INFO  ratis.ContainerStateMachine (ContainerStateMachine.java:loadSnapshot(230)) - group-FABAF8F239DE: The snapshot info is null. Setting the last applied indexto:(t:0, i:~)
2019-09-26 11:01:17,217 [pool-27-thread-1] INFO  server.RaftServerConfigKeys (ConfUtils.java:logGet(43)) - raft.server.notification.no-leader.timeout = 120s (custom)
2019-09-26 11:01:17,217 [pool-27-thread-1] INFO  server.RaftServerConfigKeys (ConfUtils.java:logGet(43)) - raft.server.log.use.memory = false (default)
2019-09-26 11:01:17,218 [pool-27-thread-1] INFO  server.RaftServerConfigKeys (ConfUtils.java:logGet(43)) - raft.server.log.purge.gap = 1000000 (custom)
2019-09-26 11:01:17,218 [pool-27-thread-1] INFO  server.RaftServerConfigKeys (ConfUtils.java:logGet(43)) - raft.server.log.appender.buffer.byte-limit = 33554432 (custom)
2019-09-26 11:01:17,218 [pool-27-thread-1] INFO  server.RaftServerConfigKeys (ConfUtils.java:logGet(43)) - raft.server.log.segment.size.max = 1048576 (custom)
2019-09-26 11:01:17,218 [pool-27-thread-1] INFO  server.RaftServerConfigKeys (ConfUtils.java:logGet(43)) - raft.server.log.segment.cache.num.max = 2 (custom)
2019-09-26 11:01:17,218 [pool-27-thread-1] INFO  segmented.SegmentedRaftLogWorker (SegmentedRaftLogWorker.java:<init>(172)) - new 5ef5b40b-6668-4f90-a5de-67c965602eb0@group-FABAF8F239DE-SegmentedRaftLogWorker for RaftStorage:Storage Directory /workdir/hadoop-ozone/tools/target/test-dir/MiniOzoneClusterImpl-42425eb2-f371-46f3-bb0b-2c68b0fa2a97/datanode-0/data/ratis/05a1cc2f-d4e1-4f4d-a7f9-fabaf8f239de
2019-09-26 11:01:17,219 [pool-27-thread-1] INFO  server.RaftServerConfigKeys (ConfUtils.java:logGet(43)) - raft.server.log.queue.byte-limit = 2147483647 (custom)
2019-09-26 11:01:17,219 [pool-27-thread-1] INFO  server.RaftServerConfigKeys (ConfUtils.java:logGet(43)) - raft.server.log.queue.element-limit = 1024 (custom)
2019-09-26 11:01:17,219 [pool-27-thread-1] INFO  server.RaftServerConfigKeys (ConfUtils.java:logGet(43)) - raft.server.log.segment.size.max = 1048576 (custom)
2019-09-26 11:01:17,219 [pool-27-thread-1] INFO  server.RaftServerConfigKeys (ConfUtils.java:logGet(43)) - raft.server.log.preallocated.size = 16384 (custom)
2019-09-26 11:01:17,219 [pool-27-thread-1] INFO  server.RaftServerConfigKeys (ConfUtils.java:logGet(43)) - raft.server.log.write.buffer.size = 33554432 (custom)
2019-09-26 11:01:17,219 [pool-27-thread-1] INFO  server.RaftServerConfigKeys (ConfUtils.java:logGet(43)) - raft.server.log.force.sync.num = 128 (default)
2019-09-26 11:01:17,219 [pool-27-thread-1] INFO  server.RaftServerConfigKeys (ConfUtils.java:logGet(43)) - raft.server.log.statemachine.data.sync = true (default)
2019-09-26 11:01:17,220 [pool-27-thread-1] INFO  server.RaftServerConfigKeys (ConfUtils.java:logGet(43)) - raft.server.log.statemachine.data.sync.timeout = 10s (default)
2019-09-26 11:01:17,220 [pool-27-thread-1] INFO  server.RaftServerConfigKeys (ConfUtils.java:logGet(43)) - raft.server.log.statemachine.data.sync.timeout.retry = -1 (default)
2019-09-26 11:01:17,220 [pool-27-thread-1] INFO  server.RaftServerConfigKeys (ConfUtils.java:logGet(43)) - raft.server.log.statemachine.data.caching.enabled = true (custom)
2019-09-26 11:01:17,220 [pool-27-thread-1] INFO  segmented.SegmentedRaftLogWorker (SegmentedRaftLogWorker.java:lambda$new$0(132)) - 5ef5b40b-6668-4f90-a5de-67c965602eb0@group-FABAF8F239DE-SegmentedRaftLogWorker: flushIndex: setUnconditionally 0 -> -1
2019-09-26 11:01:17,221 [pool-27-thread-1] INFO  server.RaftServerConfigKeys (ConfUtils.java:logGet(43)) - raft.server.snapshot.auto.trigger.enabled = true (custom)
2019-09-26 11:01:17,221 [pool-27-thread-1] INFO  server.RaftServerConfigKeys (ConfUtils.java:logGet(43)) - raft.server.snapshot.auto.trigger.threshold = 10000 (custom)
2019-09-26 11:01:17,221 [pool-27-thread-1] INFO  server.RaftServerConfigKeys (ConfUtils.java:logGet(43)) - raft.server.snapshot.retention.num.files = 5 (custom)
2019-09-26 11:01:17,221 [pool-27-thread-1] INFO  server.RaftServerConfigKeys (ConfUtils.java:logGet(43)) - raft.server.retrycache.expirytime = 600000ms (custom)
2019-09-26 11:01:17,227 [pool-27-thread-1] INFO  impl.RaftServerImpl (RaftServerImpl.java:start(185)) - 5ef5b40b-6668-4f90-a5de-67c965602eb0@group-FABAF8F239DE: start as a follower, conf=-1: [5ef5b40b-6668-4f90-a5de-67c965602eb0:192.168.30.13:39653], old=null
2019-09-26 11:01:17,227 [pool-27-thread-1] INFO  impl.RaftServerImpl (RaftServerImpl.java:setRole(174)) - 5ef5b40b-6668-4f90-a5de-67c965602eb0@group-FABAF8F239DE: changes role from      null to FOLLOWER at term 0 for startAsFollower
2019-09-26 11:01:17,228 [pool-27-thread-1] INFO  impl.RoleInfo (RoleInfo.java:updateAndGet(143)) - 5ef5b40b-6668-4f90-a5de-67c965602eb0: start FollowerState
2019-09-26 11:01:17,228 [pool-27-thread-1] INFO  util.JmxRegister (JmxRegister.java:tryRegister(44)) - Successfully registered JMX Bean with object name Ratis:service=RaftServer,group=group-FABAF8F239DE,id=5ef5b40b-6668-4f90-a5de-67c965602eb0
2019-09-26 11:01:17,243 [RatisPipelineUtilsThread] INFO  pipeline.PipelineStateManager (PipelineStateManager.java:addPipeline(56)) - Created pipeline Pipeline[ Id: 05a1cc2f-d4e1-4f4d-a7f9-fabaf8f239de, Nodes: 5ef5b40b-6668-4f90-a5de-67c965602eb0{ip: 192.168.30.13, host: pr-hdds-1569-wvzgm-824869521, networkLocation: /default-rack, certSerialId: null}, Type:RATIS, Factor:ONE, State:OPEN]
2019-09-26 11:01:17,266 [grpc-default-executor-0] INFO  impl.RaftServerProxy (RaftServerProxy.java:addNew(89)) - 5ef5b40b-6668-4f90-a5de-67c965602eb0: addNew group-EDE15283C4F6:[5ef5b40b-6668-4f90-a5de-67c965602eb0:192.168.30.13:39653] returns group-EDE15283C4F6:java.util.concurrent.CompletableFuture@75b946e3[Not completed]
2019-09-26 11:01:17,268 [pool-27-thread-1] INFO  impl.RaftServerImpl (RaftServerImpl.java:<init>(95)) - 5ef5b40b-6668-4f90-a5de-67c965602eb0: new RaftServerImpl for group-EDE15283C4F6:[5ef5b40b-6668-4f90-a5de-67c965602eb0:192.168.30.13:39653] with ContainerStateMachine:uninitialized
2019-09-26 11:01:17,268 [pool-27-thread-1] INFO  server.RaftServerConfigKeys (ConfUtils.java:logGet(43)) - raft.server.rpc.timeout.min = 5s (custom)
2019-09-26 11:01:17,269 [pool-27-thread-1] INFO  server.RaftServerConfigKeys (ConfUtils.java:logGet(43)) - raft.server.rpc.timeout.max = 5200ms (custom)
2019-09-26 11:01:17,269 [pool-27-thread-1] INFO  server.RaftServerConfigKeys (ConfUtils.java:logGet(43)) - raft.server.rpcslowness.timeout = 120s (custom)
2019-09-26 11:01:17,269 [pool-27-thread-1] INFO  server.RaftServerConfigKeys (ConfUtils.java:logGet(43)) - raft.server.sleep.deviation.threshold = 300 (default)
2019-09-26 11:01:17,269 [pool-27-thread-1] INFO  server.RaftServerConfigKeys (ConfUtils.java:logGet(43)) - raft.server.log.appender.install.snapshot.enabled = false (custom)
2019-09-26 11:01:17,269 [pool-27-thread-1] INFO  impl.RaftServerImpl (ServerState.java:<init>(103)) - 5ef5b40b-6668-4f90-a5de-67c965602eb0@group-EDE15283C4F6: ConfigurationManager, init=-1: [5ef5b40b-6668-4f90-a5de-67c965602eb0:192.168.30.13:39653], old=null, confs=<EMPTY_MAP>
2019-09-26 11:01:17,270 [pool-27-thread-1] INFO  server.RaftServerConfigKeys (ConfUtils.java:logGet(43)) - raft.server.storage.dir = [/workdir/hadoop-ozone/tools/target/test-dir/MiniOzoneClusterImpl-42425eb2-f371-46f3-bb0b-2c68b0fa2a97/datanode-0/data/ratis] (custom)
2019-09-26 11:01:17,270 [pool-27-thread-1] INFO  storage.RaftStorageDirectory (RaftStorageDirectory.java:analyzeStorage(246)) - The storage directory /workdir/hadoop-ozone/tools/target/test-dir/MiniOzoneClusterImpl-42425eb2-f371-46f3-bb0b-2c68b0fa2a97/datanode-0/data/ratis/f3b49a72-74da-42a4-82d0-ede15283c4f6 does not exist. Creating ...
2019-09-26 11:01:17,290 [pool-27-thread-1] INFO  storage.RaftStorageDirectory (RaftStorageDirectory.java:tryLock(328)) - Lock on /workdir/hadoop-ozone/tools/target/test-dir/MiniOzoneClusterImpl-42425eb2-f371-46f3-bb0b-2c68b0fa2a97/datanode-0/data/ratis/f3b49a72-74da-42a4-82d0-ede15283c4f6/in_use.lock acquired by nodename 15101@pr-hdds-1569-wvzgm-824869521
2019-09-26 11:01:17,304 [pool-27-thread-1] INFO  storage.RaftStorage (RaftStorage.java:format(72)) - Storage directory /workdir/hadoop-ozone/tools/target/test-dir/MiniOzoneClusterImpl-42425eb2-f371-46f3-bb0b-2c68b0fa2a97/datanode-0/data/ratis/f3b49a72-74da-42a4-82d0-ede15283c4f6 has been successfully formatted.
2019-09-26 11:01:17,304 [pool-27-thread-1] INFO  ratis.ContainerStateMachine (ContainerStateMachine.java:loadSnapshot(230)) - group-EDE15283C4F6: The snapshot info is null. Setting the last applied indexto:(t:0, i:~)
2019-09-26 11:01:17,304 [pool-27-thread-1] INFO  server.RaftServerConfigKeys (ConfUtils.java:logGet(43)) - raft.server.notification.no-leader.timeout = 120s (custom)
2019-09-26 11:01:17,304 [pool-27-thread-1] INFO  server.RaftServerConfigKeys (ConfUtils.java:logGet(43)) - raft.server.log.use.memory = false (default)
2019-09-26 11:01:17,305 [pool-27-thread-1] INFO  server.RaftServerConfigKeys (ConfUtils.java:logGet(43)) - raft.server.log.purge.gap = 1000000 (custom)
2019-09-26 11:01:17,305 [pool-27-thread-1] INFO  server.RaftServerConfigKeys (ConfUtils.java:logGet(43)) - raft.server.log.appender.buffer.byte-limit = 33554432 (custom)
2019-09-26 11:01:17,305 [pool-27-thread-1] INFO  server.RaftServerConfigKeys (ConfUtils.java:logGet(43)) - raft.server.log.segment.size.max = 1048576 (custom)
2019-09-26 11:01:17,305 [pool-27-thread-1] INFO  server.RaftServerConfigKeys (ConfUtils.java:logGet(43)) - raft.server.log.segment.cache.num.max = 2 (custom)
2019-09-26 11:01:17,305 [pool-27-thread-1] INFO  segmented.SegmentedRaftLogWorker (SegmentedRaftLogWorker.java:<init>(172)) - new 5ef5b40b-6668-4f90-a5de-67c965602eb0@group-EDE15283C4F6-SegmentedRaftLogWorker for RaftStorage:Storage Directory /workdir/hadoop-ozone/tools/target/test-dir/MiniOzoneClusterImpl-42425eb2-f371-46f3-bb0b-2c68b0fa2a97/datanode-0/data/ratis/f3b49a72-74da-42a4-82d0-ede15283c4f6
2019-09-26 11:01:17,306 [pool-27-thread-1] INFO  server.RaftServerConfigKeys (ConfUtils.java:logGet(43)) - raft.server.log.queue.byte-limit = 2147483647 (custom)
2019-09-26 11:01:17,306 [pool-27-thread-1] INFO  server.RaftServerConfigKeys (ConfUtils.java:logGet(43)) - raft.server.log.queue.element-limit = 1024 (custom)
2019-09-26 11:01:17,306 [pool-27-thread-1] INFO  server.RaftServerConfigKeys (ConfUtils.java:logGet(43)) - raft.server.log.segment.size.max = 1048576 (custom)
2019-09-26 11:01:17,306 [pool-27-thread-1] INFO  server.RaftServerConfigKeys (ConfUtils.java:logGet(43)) - raft.server.log.preallocated.size = 16384 (custom)
2019-09-26 11:01:17,306 [pool-27-thread-1] INFO  server.RaftServerConfigKeys (ConfUtils.java:logGet(43)) - raft.server.log.write.buffer.size = 33554432 (custom)
2019-09-26 11:01:17,307 [pool-27-thread-1] INFO  server.RaftServerConfigKeys (ConfUtils.java:logGet(43)) - raft.server.log.force.sync.num = 128 (default)
2019-09-26 11:01:17,307 [pool-27-thread-1] INFO  server.RaftServerConfigKeys (ConfUtils.java:logGet(43)) - raft.server.log.statemachine.data.sync = true (default)
2019-09-26 11:01:17,307 [pool-27-thread-1] INFO  server.RaftServerConfigKeys (ConfUtils.java:logGet(43)) - raft.server.log.statemachine.data.sync.timeout = 10s (default)
2019-09-26 11:01:17,307 [pool-27-thread-1] INFO  server.RaftServerConfigKeys (ConfUtils.java:logGet(43)) - raft.server.log.statemachine.data.sync.timeout.retry = -1 (default)
2019-09-26 11:01:17,307 [pool-27-thread-1] INFO  server.RaftServerConfigKeys (ConfUtils.java:logGet(43)) - raft.server.log.statemachine.data.caching.enabled = true (custom)
2019-09-26 11:01:17,308 [pool-27-thread-1] INFO  segmented.SegmentedRaftLogWorker (SegmentedRaftLogWorker.java:lambda$new$0(132)) - 5ef5b40b-6668-4f90-a5de-67c965602eb0@group-EDE15283C4F6-SegmentedRaftLogWorker: flushIndex: setUnconditionally 0 -> -1
2019-09-26 11:01:17,309 [pool-27-thread-1] INFO  server.RaftServerConfigKeys (ConfUtils.java:logGet(43)) - raft.server.snapshot.auto.trigger.enabled = true (custom)
2019-09-26 11:01:17,309 [pool-27-thread-1] INFO  server.RaftServerConfigKeys (ConfUtils.java:logGet(43)) - raft.server.snapshot.auto.trigger.threshold = 10000 (custom)
2019-09-26 11:01:17,309 [pool-27-thread-1] INFO  server.RaftServerConfigKeys (ConfUtils.java:logGet(43)) - raft.server.snapshot.retention.num.files = 5 (custom)
2019-09-26 11:01:17,309 [pool-27-thread-1] INFO  server.RaftServerConfigKeys (ConfUtils.java:logGet(43)) - raft.server.retrycache.expirytime = 600000ms (custom)
2019-09-26 11:01:17,314 [pool-27-thread-1] INFO  impl.RaftServerImpl (RaftServerImpl.java:start(185)) - 5ef5b40b-6668-4f90-a5de-67c965602eb0@group-EDE15283C4F6: start as a follower, conf=-1: [5ef5b40b-6668-4f90-a5de-67c965602eb0:192.168.30.13:39653], old=null
2019-09-26 11:01:17,314 [pool-27-thread-1] INFO  impl.RaftServerImpl (RaftServerImpl.java:setRole(174)) - 5ef5b40b-6668-4f90-a5de-67c965602eb0@group-EDE15283C4F6: changes role from      null to FOLLOWER at term 0 for startAsFollower
2019-09-26 11:01:17,314 [pool-27-thread-1] INFO  impl.RoleInfo (RoleInfo.java:updateAndGet(143)) - 5ef5b40b-6668-4f90-a5de-67c965602eb0: start FollowerState
2019-09-26 11:01:17,315 [pool-27-thread-1] INFO  util.JmxRegister (JmxRegister.java:tryRegister(44)) - Successfully registered JMX Bean with object name Ratis:service=RaftServer,group=group-EDE15283C4F6,id=5ef5b40b-6668-4f90-a5de-67c965602eb0
2019-09-26 11:01:17,326 [RatisPipelineUtilsThread] INFO  pipeline.PipelineStateManager (PipelineStateManager.java:addPipeline(56)) - Created pipeline Pipeline[ Id: f3b49a72-74da-42a4-82d0-ede15283c4f6, Nodes: 5ef5b40b-6668-4f90-a5de-67c965602eb0{ip: 192.168.30.13, host: pr-hdds-1569-wvzgm-824869521, networkLocation: /default-rack, certSerialId: null}, Type:RATIS, Factor:ONE, State:OPEN]
2019-09-26 11:01:17,345 [grpc-default-executor-0] INFO  impl.RaftServerProxy (RaftServerProxy.java:addNew(89)) - bffaef1c-5345-42b9-b6d0-3a6335242d0a: addNew group-304AF10B75ED:[bffaef1c-5345-42b9-b6d0-3a6335242d0a:192.168.30.13:39026] returns group-304AF10B75ED:java.util.concurrent.CompletableFuture@469b240b[Not completed]
2019-09-26 11:01:17,347 [pool-37-thread-1] INFO  impl.RaftServerImpl (RaftServerImpl.java:<init>(95)) - bffaef1c-5345-42b9-b6d0-3a6335242d0a: new RaftServerImpl for group-304AF10B75ED:[bffaef1c-5345-42b9-b6d0-3a6335242d0a:192.168.30.13:39026] with ContainerStateMachine:uninitialized
2019-09-26 11:01:17,348 [pool-37-thread-1] INFO  server.RaftServerConfigKeys (ConfUtils.java:logGet(43)) - raft.server.rpc.timeout.min = 5s (custom)
2019-09-26 11:01:17,348 [pool-37-thread-1] INFO  server.RaftServerConfigKeys (ConfUtils.java:logGet(43)) - raft.server.rpc.timeout.max = 5200ms (custom)
2019-09-26 11:01:17,348 [pool-37-thread-1] INFO  server.RaftServerConfigKeys (ConfUtils.java:logGet(43)) - raft.server.rpcslowness.timeout = 120s (custom)
2019-09-26 11:01:17,348 [pool-37-thread-1] INFO  server.RaftServerConfigKeys (ConfUtils.java:logGet(43)) - raft.server.sleep.deviation.threshold = 300 (default)
2019-09-26 11:01:17,349 [pool-37-thread-1] INFO  server.RaftServerConfigKeys (ConfUtils.java:logGet(43)) - raft.server.log.appender.install.snapshot.enabled = false (custom)
2019-09-26 11:01:17,349 [pool-37-thread-1] INFO  impl.RaftServerImpl (ServerState.java:<init>(103)) - bffaef1c-5345-42b9-b6d0-3a6335242d0a@group-304AF10B75ED: ConfigurationManager, init=-1: [bffaef1c-5345-42b9-b6d0-3a6335242d0a:192.168.30.13:39026], old=null, confs=<EMPTY_MAP>
2019-09-26 11:01:17,349 [pool-37-thread-1] INFO  server.RaftServerConfigKeys (ConfUtils.java:logGet(43)) - raft.server.storage.dir = [/workdir/hadoop-ozone/tools/target/test-dir/MiniOzoneClusterImpl-42425eb2-f371-46f3-bb0b-2c68b0fa2a97/datanode-1/data/ratis] (custom)
2019-09-26 11:01:17,349 [pool-37-thread-1] INFO  storage.RaftStorageDirectory (RaftStorageDirectory.java:analyzeStorage(246)) - The storage directory /workdir/hadoop-ozone/tools/target/test-dir/MiniOzoneClusterImpl-42425eb2-f371-46f3-bb0b-2c68b0fa2a97/datanode-1/data/ratis/2ed12186-e975-4241-9e0e-304af10b75ed does not exist. Creating ...
2019-09-26 11:01:17,363 [pool-37-thread-1] INFO  storage.RaftStorageDirectory (RaftStorageDirectory.java:tryLock(328)) - Lock on /workdir/hadoop-ozone/tools/target/test-dir/MiniOzoneClusterImpl-42425eb2-f371-46f3-bb0b-2c68b0fa2a97/datanode-1/data/ratis/2ed12186-e975-4241-9e0e-304af10b75ed/in_use.lock acquired by nodename 15101@pr-hdds-1569-wvzgm-824869521
2019-09-26 11:01:17,376 [pool-37-thread-1] INFO  storage.RaftStorage (RaftStorage.java:format(72)) - Storage directory /workdir/hadoop-ozone/tools/target/test-dir/MiniOzoneClusterImpl-42425eb2-f371-46f3-bb0b-2c68b0fa2a97/datanode-1/data/ratis/2ed12186-e975-4241-9e0e-304af10b75ed has been successfully formatted.
2019-09-26 11:01:17,377 [pool-37-thread-1] INFO  ratis.ContainerStateMachine (ContainerStateMachine.java:loadSnapshot(230)) - group-304AF10B75ED: The snapshot info is null. Setting the last applied indexto:(t:0, i:~)
2019-09-26 11:01:17,377 [pool-37-thread-1] INFO  server.RaftServerConfigKeys (ConfUtils.java:logGet(43)) - raft.server.notification.no-leader.timeout = 120s (custom)
2019-09-26 11:01:17,377 [pool-37-thread-1] INFO  server.RaftServerConfigKeys (ConfUtils.java:logGet(43)) - raft.server.log.use.memory = false (default)
2019-09-26 11:01:17,378 [pool-37-thread-1] INFO  server.RaftServerConfigKeys (ConfUtils.java:logGet(43)) - raft.server.log.purge.gap = 1000000 (custom)
2019-09-26 11:01:17,378 [pool-37-thread-1] INFO  server.RaftServerConfigKeys (ConfUtils.java:logGet(43)) - raft.server.log.appender.buffer.byte-limit = 33554432 (custom)
2019-09-26 11:01:17,378 [pool-37-thread-1] INFO  server.RaftServerConfigKeys (ConfUtils.java:logGet(43)) - raft.server.log.segment.size.max = 1048576 (custom)
2019-09-26 11:01:17,378 [pool-37-thread-1] INFO  server.RaftServerConfigKeys (ConfUtils.java:logGet(43)) - raft.server.log.segment.cache.num.max = 2 (custom)
2019-09-26 11:01:17,378 [pool-37-thread-1] INFO  segmented.SegmentedRaftLogWorker (SegmentedRaftLogWorker.java:<init>(172)) - new bffaef1c-5345-42b9-b6d0-3a6335242d0a@group-304AF10B75ED-SegmentedRaftLogWorker for RaftStorage:Storage Directory /workdir/hadoop-ozone/tools/target/test-dir/MiniOzoneClusterImpl-42425eb2-f371-46f3-bb0b-2c68b0fa2a97/datanode-1/data/ratis/2ed12186-e975-4241-9e0e-304af10b75ed
2019-09-26 11:01:17,379 [pool-37-thread-1] INFO  server.RaftServerConfigKeys (ConfUtils.java:logGet(43)) - raft.server.log.queue.byte-limit = 2147483647 (custom)
2019-09-26 11:01:17,379 [pool-37-thread-1] INFO  server.RaftServerConfigKeys (ConfUtils.java:logGet(43)) - raft.server.log.queue.element-limit = 1024 (custom)
2019-09-26 11:01:17,379 [pool-37-thread-1] INFO  server.RaftServerConfigKeys (ConfUtils.java:logGet(43)) - raft.server.log.segment.size.max = 1048576 (custom)
2019-09-26 11:01:17,379 [pool-37-thread-1] INFO  server.RaftServerConfigKeys (ConfUtils.java:logGet(43)) - raft.server.log.preallocated.size = 16384 (custom)
2019-09-26 11:01:17,379 [pool-37-thread-1] INFO  server.RaftServerConfigKeys (ConfUtils.java:logGet(43)) - raft.server.log.write.buffer.size = 33554432 (custom)
2019-09-26 11:01:17,379 [pool-37-thread-1] INFO  server.RaftServerConfigKeys (ConfUtils.java:logGet(43)) - raft.server.log.force.sync.num = 128 (default)
2019-09-26 11:01:17,380 [pool-37-thread-1] INFO  server.RaftServerConfigKeys (ConfUtils.java:logGet(43)) - raft.server.log.statemachine.data.sync = true (default)
2019-09-26 11:01:17,380 [pool-37-thread-1] INFO  server.RaftServerConfigKeys (ConfUtils.java:logGet(43)) - raft.server.log.statemachine.data.sync.timeout = 10s (default)
2019-09-26 11:01:17,380 [pool-37-thread-1] INFO  server.RaftServerConfigKeys (ConfUtils.java:logGet(43)) - raft.server.log.statemachine.data.sync.timeout.retry = -1 (default)
2019-09-26 11:01:17,380 [pool-37-thread-1] INFO  server.RaftServerConfigKeys (ConfUtils.java:logGet(43)) - raft.server.log.statemachine.data.caching.enabled = true (custom)
2019-09-26 11:01:17,381 [pool-37-thread-1] INFO  segmented.SegmentedRaftLogWorker (SegmentedRaftLogWorker.java:lambda$new$0(132)) - bffaef1c-5345-42b9-b6d0-3a6335242d0a@group-304AF10B75ED-SegmentedRaftLogWorker: flushIndex: setUnconditionally 0 -> -1
2019-09-26 11:01:17,381 [pool-37-thread-1] INFO  server.RaftServerConfigKeys (ConfUtils.java:logGet(43)) - raft.server.snapshot.auto.trigger.enabled = true (custom)
2019-09-26 11:01:17,381 [pool-37-thread-1] INFO  server.RaftServerConfigKeys (ConfUtils.java:logGet(43)) - raft.server.snapshot.auto.trigger.threshold = 10000 (custom)
2019-09-26 11:01:17,381 [pool-37-thread-1] INFO  server.RaftServerConfigKeys (ConfUtils.java:logGet(43)) - raft.server.snapshot.retention.num.files = 5 (custom)
2019-09-26 11:01:17,382 [pool-37-thread-1] INFO  server.RaftServerConfigKeys (ConfUtils.java:logGet(43)) - raft.server.retrycache.expirytime = 600000ms (custom)
2019-09-26 11:01:17,386 [pool-37-thread-1] INFO  impl.RaftServerImpl (RaftServerImpl.java:start(185)) - bffaef1c-5345-42b9-b6d0-3a6335242d0a@group-304AF10B75ED: start as a follower, conf=-1: [bffaef1c-5345-42b9-b6d0-3a6335242d0a:192.168.30.13:39026], old=null
2019-09-26 11:01:17,386 [pool-37-thread-1] INFO  impl.RaftServerImpl (RaftServerImpl.java:setRole(174)) - bffaef1c-5345-42b9-b6d0-3a6335242d0a@group-304AF10B75ED: changes role from      null to FOLLOWER at term 0 for startAsFollower
2019-09-26 11:01:17,386 [pool-37-thread-1] INFO  impl.RoleInfo (RoleInfo.java:updateAndGet(143)) - bffaef1c-5345-42b9-b6d0-3a6335242d0a: start FollowerState
2019-09-26 11:01:17,387 [pool-37-thread-1] INFO  util.JmxRegister (JmxRegister.java:tryRegister(44)) - Successfully registered JMX Bean with object name Ratis:service=RaftServer,group=group-304AF10B75ED,id=bffaef1c-5345-42b9-b6d0-3a6335242d0a
2019-09-26 11:01:17,398 [main] INFO  ozone.MiniOzoneClusterImpl (MiniOzoneClusterImpl.java:lambda$waitForClusterToBeReady$0(147)) - Cluster is ready. Got 5 of 5 DN Heartbeats.
2019-09-26 11:01:17,404 [RatisPipelineUtilsThread] INFO  pipeline.PipelineStateManager (PipelineStateManager.java:addPipeline(56)) - Created pipeline Pipeline[ Id: 2ed12186-e975-4241-9e0e-304af10b75ed, Nodes: bffaef1c-5345-42b9-b6d0-3a6335242d0a{ip: 192.168.30.13, host: pr-hdds-1569-wvzgm-824869521, networkLocation: /default-rack, certSerialId: null}, Type:RATIS, Factor:ONE, State:OPEN]
2019-09-26 11:01:17,425 [grpc-default-executor-0] INFO  impl.RaftServerProxy (RaftServerProxy.java:addNew(89)) - 02a54e17-f5d7-41bc-86bd-d3683be60571: addNew group-D418B355518B:[02a54e17-f5d7-41bc-86bd-d3683be60571:192.168.30.13:38404] returns group-D418B355518B:java.util.concurrent.CompletableFuture@4282417c[Not completed]
2019-09-26 11:01:17,428 [pool-47-thread-1] INFO  impl.RaftServerImpl (RaftServerImpl.java:<init>(95)) - 02a54e17-f5d7-41bc-86bd-d3683be60571: new RaftServerImpl for group-D418B355518B:[02a54e17-f5d7-41bc-86bd-d3683be60571:192.168.30.13:38404] with ContainerStateMachine:uninitialized
2019-09-26 11:01:17,428 [pool-47-thread-1] INFO  server.RaftServerConfigKeys (ConfUtils.java:logGet(43)) - raft.server.rpc.timeout.min = 5s (custom)
2019-09-26 11:01:17,428 [pool-47-thread-1] INFO  server.RaftServerConfigKeys (ConfUtils.java:logGet(43)) - raft.server.rpc.timeout.max = 5200ms (custom)
2019-09-26 11:01:17,428 [pool-47-thread-1] INFO  server.RaftServerConfigKeys (ConfUtils.java:logGet(43)) - raft.server.rpcslowness.timeout = 120s (custom)
2019-09-26 11:01:17,428 [pool-47-thread-1] INFO  server.RaftServerConfigKeys (ConfUtils.java:logGet(43)) - raft.server.sleep.deviation.threshold = 300 (default)
2019-09-26 11:01:17,429 [pool-47-thread-1] INFO  server.RaftServerConfigKeys (ConfUtils.java:logGet(43)) - raft.server.log.appender.install.snapshot.enabled = false (custom)
2019-09-26 11:01:17,429 [pool-47-thread-1] INFO  impl.RaftServerImpl (ServerState.java:<init>(103)) - 02a54e17-f5d7-41bc-86bd-d3683be60571@group-D418B355518B: ConfigurationManager, init=-1: [02a54e17-f5d7-41bc-86bd-d3683be60571:192.168.30.13:38404], old=null, confs=<EMPTY_MAP>
2019-09-26 11:01:17,429 [pool-47-thread-1] INFO  server.RaftServerConfigKeys (ConfUtils.java:logGet(43)) - raft.server.storage.dir = [/workdir/hadoop-ozone/tools/target/test-dir/MiniOzoneClusterImpl-42425eb2-f371-46f3-bb0b-2c68b0fa2a97/datanode-2/data/ratis] (custom)
2019-09-26 11:01:17,430 [pool-47-thread-1] INFO  storage.RaftStorageDirectory (RaftStorageDirectory.java:analyzeStorage(246)) - The storage directory /workdir/hadoop-ozone/tools/target/test-dir/MiniOzoneClusterImpl-42425eb2-f371-46f3-bb0b-2c68b0fa2a97/datanode-2/data/ratis/8d80ebc7-4b21-47a8-9069-d418b355518b does not exist. Creating ...
2019-09-26 11:01:17,442 [pool-47-thread-1] INFO  storage.RaftStorageDirectory (RaftStorageDirectory.java:tryLock(328)) - Lock on /workdir/hadoop-ozone/tools/target/test-dir/MiniOzoneClusterImpl-42425eb2-f371-46f3-bb0b-2c68b0fa2a97/datanode-2/data/ratis/8d80ebc7-4b21-47a8-9069-d418b355518b/in_use.lock acquired by nodename 15101@pr-hdds-1569-wvzgm-824869521
2019-09-26 11:01:17,456 [pool-47-thread-1] INFO  storage.RaftStorage (RaftStorage.java:format(72)) - Storage directory /workdir/hadoop-ozone/tools/target/test-dir/MiniOzoneClusterImpl-42425eb2-f371-46f3-bb0b-2c68b0fa2a97/datanode-2/data/ratis/8d80ebc7-4b21-47a8-9069-d418b355518b has been successfully formatted.
2019-09-26 11:01:17,456 [pool-47-thread-1] INFO  ratis.ContainerStateMachine (ContainerStateMachine.java:loadSnapshot(230)) - group-D418B355518B: The snapshot info is null. Setting the last applied indexto:(t:0, i:~)
2019-09-26 11:01:17,456 [pool-47-thread-1] INFO  server.RaftServerConfigKeys (ConfUtils.java:logGet(43)) - raft.server.notification.no-leader.timeout = 120s (custom)
2019-09-26 11:01:17,457 [pool-47-thread-1] INFO  server.RaftServerConfigKeys (ConfUtils.java:logGet(43)) - raft.server.log.use.memory = false (default)
2019-09-26 11:01:17,457 [pool-47-thread-1] INFO  server.RaftServerConfigKeys (ConfUtils.java:logGet(43)) - raft.server.log.purge.gap = 1000000 (custom)
2019-09-26 11:01:17,457 [pool-47-thread-1] INFO  server.RaftServerConfigKeys (ConfUtils.java:logGet(43)) - raft.server.log.appender.buffer.byte-limit = 33554432 (custom)
2019-09-26 11:01:17,457 [pool-47-thread-1] INFO  server.RaftServerConfigKeys (ConfUtils.java:logGet(43)) - raft.server.log.segment.size.max = 1048576 (custom)
2019-09-26 11:01:17,457 [pool-47-thread-1] INFO  server.RaftServerConfigKeys (ConfUtils.java:logGet(43)) - raft.server.log.segment.cache.num.max = 2 (custom)
2019-09-26 11:01:17,458 [pool-47-thread-1] INFO  segmented.SegmentedRaftLogWorker (SegmentedRaftLogWorker.java:<init>(172)) - new 02a54e17-f5d7-41bc-86bd-d3683be60571@group-D418B355518B-SegmentedRaftLogWorker for RaftStorage:Storage Directory /workdir/hadoop-ozone/tools/target/test-dir/MiniOzoneClusterImpl-42425eb2-f371-46f3-bb0b-2c68b0fa2a97/datanode-2/data/ratis/8d80ebc7-4b21-47a8-9069-d418b355518b
2019-09-26 11:01:17,462 [pool-47-thread-1] INFO  server.RaftServerConfigKeys (ConfUtils.java:logGet(43)) - raft.server.log.queue.byte-limit = 2147483647 (custom)
2019-09-26 11:01:17,462 [pool-47-thread-1] INFO  server.RaftServerConfigKeys (ConfUtils.java:logGet(43)) - raft.server.log.queue.element-limit = 1024 (custom)
2019-09-26 11:01:17,463 [pool-47-thread-1] INFO  server.RaftServerConfigKeys (ConfUtils.java:logGet(43)) - raft.server.log.segment.size.max = 1048576 (custom)
2019-09-26 11:01:17,463 [pool-47-thread-1] INFO  server.RaftServerConfigKeys (ConfUtils.java:logGet(43)) - raft.server.log.preallocated.size = 16384 (custom)
2019-09-26 11:01:17,463 [pool-47-thread-1] INFO  server.RaftServerConfigKeys (ConfUtils.java:logGet(43)) - raft.server.log.write.buffer.size = 33554432 (custom)
2019-09-26 11:01:17,463 [pool-47-thread-1] INFO  server.RaftServerConfigKeys (ConfUtils.java:logGet(43)) - raft.server.log.force.sync.num = 128 (default)
2019-09-26 11:01:17,463 [pool-47-thread-1] INFO  server.RaftServerConfigKeys (ConfUtils.java:logGet(43)) - raft.server.log.statemachine.data.sync = true (default)
2019-09-26 11:01:17,464 [pool-47-thread-1] INFO  server.RaftServerConfigKeys (ConfUtils.java:logGet(43)) - raft.server.log.statemachine.data.sync.timeout = 10s (default)
2019-09-26 11:01:17,464 [pool-47-thread-1] INFO  server.RaftServerConfigKeys (ConfUtils.java:logGet(43)) - raft.server.log.statemachine.data.sync.timeout.retry = -1 (default)
2019-09-26 11:01:17,464 [pool-47-thread-1] INFO  server.RaftServerConfigKeys (ConfUtils.java:logGet(43)) - raft.server.log.statemachine.data.caching.enabled = true (custom)
2019-09-26 11:01:17,465 [pool-47-thread-1] INFO  segmented.SegmentedRaftLogWorker (SegmentedRaftLogWorker.java:lambda$new$0(132)) - 02a54e17-f5d7-41bc-86bd-d3683be60571@group-D418B355518B-SegmentedRaftLogWorker: flushIndex: setUnconditionally 0 -> -1
2019-09-26 11:01:17,465 [pool-47-thread-1] INFO  server.RaftServerConfigKeys (ConfUtils.java:logGet(43)) - raft.server.snapshot.auto.trigger.enabled = true (custom)
2019-09-26 11:01:17,465 [pool-47-thread-1] INFO  server.RaftServerConfigKeys (ConfUtils.java:logGet(43)) - raft.server.snapshot.auto.trigger.threshold = 10000 (custom)
2019-09-26 11:01:17,465 [pool-47-thread-1] INFO  server.RaftServerConfigKeys (ConfUtils.java:logGet(43)) - raft.server.snapshot.retention.num.files = 5 (custom)
2019-09-26 11:01:17,466 [pool-47-thread-1] INFO  server.RaftServerConfigKeys (ConfUtils.java:logGet(43)) - raft.server.retrycache.expirytime = 600000ms (custom)
2019-09-26 11:01:17,470 [pool-47-thread-1] INFO  impl.RaftServerImpl (RaftServerImpl.java:start(185)) - 02a54e17-f5d7-41bc-86bd-d3683be60571@group-D418B355518B: start as a follower, conf=-1: [02a54e17-f5d7-41bc-86bd-d3683be60571:192.168.30.13:38404], old=null
2019-09-26 11:01:17,470 [pool-47-thread-1] INFO  impl.RaftServerImpl (RaftServerImpl.java:setRole(174)) - 02a54e17-f5d7-41bc-86bd-d3683be60571@group-D418B355518B: changes role from      null to FOLLOWER at term 0 for startAsFollower
2019-09-26 11:01:17,470 [pool-47-thread-1] INFO  impl.RoleInfo (RoleInfo.java:updateAndGet(143)) - 02a54e17-f5d7-41bc-86bd-d3683be60571: start FollowerState
2019-09-26 11:01:17,470 [pool-47-thread-1] INFO  util.JmxRegister (JmxRegister.java:tryRegister(44)) - Successfully registered JMX Bean with object name Ratis:service=RaftServer,group=group-D418B355518B,id=02a54e17-f5d7-41bc-86bd-d3683be60571
2019-09-26 11:01:17,486 [RatisPipelineUtilsThread] INFO  pipeline.PipelineStateManager (PipelineStateManager.java:addPipeline(56)) - Created pipeline Pipeline[ Id: 8d80ebc7-4b21-47a8-9069-d418b355518b, Nodes: 02a54e17-f5d7-41bc-86bd-d3683be60571{ip: 192.168.30.13, host: pr-hdds-1569-wvzgm-824869521, networkLocation: /default-rack, certSerialId: null}, Type:RATIS, Factor:ONE, State:OPEN]
2019-09-26 11:01:17,504 [grpc-default-executor-0] INFO  impl.RaftServerProxy (RaftServerProxy.java:addNew(89)) - 02a54e17-f5d7-41bc-86bd-d3683be60571: addNew group-2B9BB15D5749:[02a54e17-f5d7-41bc-86bd-d3683be60571:192.168.30.13:38404] returns group-2B9BB15D5749:java.util.concurrent.CompletableFuture@29977600[Not completed]
2019-09-26 11:01:17,512 [pool-47-thread-1] INFO  impl.RaftServerImpl (RaftServerImpl.java:<init>(95)) - 02a54e17-f5d7-41bc-86bd-d3683be60571: new RaftServerImpl for group-2B9BB15D5749:[02a54e17-f5d7-41bc-86bd-d3683be60571:192.168.30.13:38404] with ContainerStateMachine:uninitialized
2019-09-26 11:01:17,512 [pool-47-thread-1] INFO  server.RaftServerConfigKeys (ConfUtils.java:logGet(43)) - raft.server.rpc.timeout.min = 5s (custom)
2019-09-26 11:01:17,512 [pool-47-thread-1] INFO  server.RaftServerConfigKeys (ConfUtils.java:logGet(43)) - raft.server.rpc.timeout.max = 5200ms (custom)
2019-09-26 11:01:17,513 [pool-47-thread-1] INFO  server.RaftServerConfigKeys (ConfUtils.java:logGet(43)) - raft.server.rpcslowness.timeout = 120s (custom)
2019-09-26 11:01:17,513 [pool-47-thread-1] INFO  server.RaftServerConfigKeys (ConfUtils.java:logGet(43)) - raft.server.sleep.deviation.threshold = 300 (default)
2019-09-26 11:01:17,513 [pool-47-thread-1] INFO  server.RaftServerConfigKeys (ConfUtils.java:logGet(43)) - raft.server.log.appender.install.snapshot.enabled = false (custom)
2019-09-26 11:01:17,513 [pool-47-thread-1] INFO  impl.RaftServerImpl (ServerState.java:<init>(103)) - 02a54e17-f5d7-41bc-86bd-d3683be60571@group-2B9BB15D5749: ConfigurationManager, init=-1: [02a54e17-f5d7-41bc-86bd-d3683be60571:192.168.30.13:38404], old=null, confs=<EMPTY_MAP>
2019-09-26 11:01:17,513 [pool-47-thread-1] INFO  server.RaftServerConfigKeys (ConfUtils.java:logGet(43)) - raft.server.storage.dir = [/workdir/hadoop-ozone/tools/target/test-dir/MiniOzoneClusterImpl-42425eb2-f371-46f3-bb0b-2c68b0fa2a97/datanode-2/data/ratis] (custom)
2019-09-26 11:01:17,514 [pool-47-thread-1] INFO  storage.RaftStorageDirectory (RaftStorageDirectory.java:analyzeStorage(246)) - The storage directory /workdir/hadoop-ozone/tools/target/test-dir/MiniOzoneClusterImpl-42425eb2-f371-46f3-bb0b-2c68b0fa2a97/datanode-2/data/ratis/7de9261f-af8f-4cda-bc93-2b9bb15d5749 does not exist. Creating ...
2019-09-26 11:01:17,527 [pool-47-thread-1] INFO  storage.RaftStorageDirectory (RaftStorageDirectory.java:tryLock(328)) - Lock on /workdir/hadoop-ozone/tools/target/test-dir/MiniOzoneClusterImpl-42425eb2-f371-46f3-bb0b-2c68b0fa2a97/datanode-2/data/ratis/7de9261f-af8f-4cda-bc93-2b9bb15d5749/in_use.lock acquired by nodename 15101@pr-hdds-1569-wvzgm-824869521
2019-09-26 11:01:17,545 [pool-47-thread-1] INFO  storage.RaftStorage (RaftStorage.java:format(72)) - Storage directory /workdir/hadoop-ozone/tools/target/test-dir/MiniOzoneClusterImpl-42425eb2-f371-46f3-bb0b-2c68b0fa2a97/datanode-2/data/ratis/7de9261f-af8f-4cda-bc93-2b9bb15d5749 has been successfully formatted.
2019-09-26 11:01:17,546 [pool-47-thread-1] INFO  ratis.ContainerStateMachine (ContainerStateMachine.java:loadSnapshot(230)) - group-2B9BB15D5749: The snapshot info is null. Setting the last applied indexto:(t:0, i:~)
2019-09-26 11:01:17,546 [pool-47-thread-1] INFO  server.RaftServerConfigKeys (ConfUtils.java:logGet(43)) - raft.server.notification.no-leader.timeout = 120s (custom)
2019-09-26 11:01:17,546 [pool-47-thread-1] INFO  server.RaftServerConfigKeys (ConfUtils.java:logGet(43)) - raft.server.log.use.memory = false (default)
2019-09-26 11:01:17,546 [pool-47-thread-1] INFO  server.RaftServerConfigKeys (ConfUtils.java:logGet(43)) - raft.server.log.purge.gap = 1000000 (custom)
2019-09-26 11:01:17,547 [pool-47-thread-1] INFO  server.RaftServerConfigKeys (ConfUtils.java:logGet(43)) - raft.server.log.appender.buffer.byte-limit = 33554432 (custom)
2019-09-26 11:01:17,547 [pool-47-thread-1] INFO  server.RaftServerConfigKeys (ConfUtils.java:logGet(43)) - raft.server.log.segment.size.max = 1048576 (custom)
2019-09-26 11:01:17,547 [pool-47-thread-1] INFO  server.RaftServerConfigKeys (ConfUtils.java:logGet(43)) - raft.server.log.segment.cache.num.max = 2 (custom)
2019-09-26 11:01:17,547 [pool-47-thread-1] INFO  segmented.SegmentedRaftLogWorker (SegmentedRaftLogWorker.java:<init>(172)) - new 02a54e17-f5d7-41bc-86bd-d3683be60571@group-2B9BB15D5749-SegmentedRaftLogWorker for RaftStorage:Storage Directory /workdir/hadoop-ozone/tools/target/test-dir/MiniOzoneClusterImpl-42425eb2-f371-46f3-bb0b-2c68b0fa2a97/datanode-2/data/ratis/7de9261f-af8f-4cda-bc93-2b9bb15d5749
2019-09-26 11:01:17,547 [pool-47-thread-1] INFO  server.RaftServerConfigKeys (ConfUtils.java:logGet(43)) - raft.server.log.queue.byte-limit = 2147483647 (custom)
2019-09-26 11:01:17,548 [pool-47-thread-1] INFO  server.RaftServerConfigKeys (ConfUtils.java:logGet(43)) - raft.server.log.queue.element-limit = 1024 (custom)
2019-09-26 11:01:17,548 [pool-47-thread-1] INFO  server.RaftServerConfigKeys (ConfUtils.java:logGet(43)) - raft.server.log.segment.size.max = 1048576 (custom)
2019-09-26 11:01:17,548 [pool-47-thread-1] INFO  server.RaftServerConfigKeys (ConfUtils.java:logGet(43)) - raft.server.log.preallocated.size = 16384 (custom)
2019-09-26 11:01:17,548 [pool-47-thread-1] INFO  server.RaftServerConfigKeys (ConfUtils.java:logGet(43)) - raft.server.log.write.buffer.size = 33554432 (custom)
2019-09-26 11:01:17,548 [pool-47-thread-1] INFO  server.RaftServerConfigKeys (ConfUtils.java:logGet(43)) - raft.server.log.force.sync.num = 128 (default)
2019-09-26 11:01:17,549 [pool-47-thread-1] INFO  server.RaftServerConfigKeys (ConfUtils.java:logGet(43)) - raft.server.log.statemachine.data.sync = true (default)
2019-09-26 11:01:17,549 [pool-47-thread-1] INFO  server.RaftServerConfigKeys (ConfUtils.java:logGet(43)) - raft.server.log.statemachine.data.sync.timeout = 10s (default)
2019-09-26 11:01:17,549 [pool-47-thread-1] INFO  server.RaftServerConfigKeys (ConfUtils.java:logGet(43)) - raft.server.log.statemachine.data.sync.timeout.retry = -1 (default)
2019-09-26 11:01:17,549 [pool-47-thread-1] INFO  server.RaftServerConfigKeys (ConfUtils.java:logGet(43)) - raft.server.log.statemachine.data.caching.enabled = true (custom)
2019-09-26 11:01:17,550 [pool-47-thread-1] INFO  segmented.SegmentedRaftLogWorker (SegmentedRaftLogWorker.java:lambda$new$0(132)) - 02a54e17-f5d7-41bc-86bd-d3683be60571@group-2B9BB15D5749-SegmentedRaftLogWorker: flushIndex: setUnconditionally 0 -> -1
2019-09-26 11:01:17,550 [pool-47-thread-1] INFO  server.RaftServerConfigKeys (ConfUtils.java:logGet(43)) - raft.server.snapshot.auto.trigger.enabled = true (custom)
2019-09-26 11:01:17,550 [pool-47-thread-1] INFO  server.RaftServerConfigKeys (ConfUtils.java:logGet(43)) - raft.server.snapshot.auto.trigger.threshold = 10000 (custom)
2019-09-26 11:01:17,550 [pool-47-thread-1] INFO  server.RaftServerConfigKeys (ConfUtils.java:logGet(43)) - raft.server.snapshot.retention.num.files = 5 (custom)
2019-09-26 11:01:17,551 [pool-47-thread-1] INFO  server.RaftServerConfigKeys (ConfUtils.java:logGet(43)) - raft.server.retrycache.expirytime = 600000ms (custom)
2019-09-26 11:01:17,555 [pool-47-thread-1] INFO  impl.RaftServerImpl (RaftServerImpl.java:start(185)) - 02a54e17-f5d7-41bc-86bd-d3683be60571@group-2B9BB15D5749: start as a follower, conf=-1: [02a54e17-f5d7-41bc-86bd-d3683be60571:192.168.30.13:38404], old=null
2019-09-26 11:01:17,555 [pool-47-thread-1] INFO  impl.RaftServerImpl (RaftServerImpl.java:setRole(174)) - 02a54e17-f5d7-41bc-86bd-d3683be60571@group-2B9BB15D5749: changes role from      null to FOLLOWER at term 0 for startAsFollower
2019-09-26 11:01:17,555 [pool-47-thread-1] INFO  impl.RoleInfo (RoleInfo.java:updateAndGet(143)) - 02a54e17-f5d7-41bc-86bd-d3683be60571: start FollowerState
2019-09-26 11:01:17,556 [pool-47-thread-1] INFO  util.JmxRegister (JmxRegister.java:tryRegister(44)) - Successfully registered JMX Bean with object name Ratis:service=RaftServer,group=group-2B9BB15D5749,id=02a54e17-f5d7-41bc-86bd-d3683be60571
2019-09-26 11:01:17,565 [RatisPipelineUtilsThread] INFO  pipeline.PipelineStateManager (PipelineStateManager.java:addPipeline(56)) - Created pipeline Pipeline[ Id: 7de9261f-af8f-4cda-bc93-2b9bb15d5749, Nodes: 02a54e17-f5d7-41bc-86bd-d3683be60571{ip: 192.168.30.13, host: pr-hdds-1569-wvzgm-824869521, networkLocation: /default-rack, certSerialId: null}, Type:RATIS, Factor:ONE, State:OPEN]
2019-09-26 11:01:17,576 [grpc-default-executor-0] INFO  impl.RaftServerProxy (RaftServerProxy.java:addNew(89)) - 21851714-a306-49cf-b784-d62ce38d388a: addNew group-A66CEE4276AC:[21851714-a306-49cf-b784-d62ce38d388a:192.168.30.13:39761] returns group-A66CEE4276AC:java.util.concurrent.CompletableFuture@3cb1cbc7[Not completed]
2019-09-26 11:01:17,578 [pool-57-thread-1] INFO  impl.RaftServerImpl (RaftServerImpl.java:<init>(95)) - 21851714-a306-49cf-b784-d62ce38d388a: new RaftServerImpl for group-A66CEE4276AC:[21851714-a306-49cf-b784-d62ce38d388a:192.168.30.13:39761] with ContainerStateMachine:uninitialized
2019-09-26 11:01:17,578 [pool-57-thread-1] INFO  server.RaftServerConfigKeys (ConfUtils.java:logGet(43)) - raft.server.rpc.timeout.min = 5s (custom)
2019-09-26 11:01:17,578 [pool-57-thread-1] INFO  server.RaftServerConfigKeys (ConfUtils.java:logGet(43)) - raft.server.rpc.timeout.max = 5200ms (custom)
2019-09-26 11:01:17,578 [pool-57-thread-1] INFO  server.RaftServerConfigKeys (ConfUtils.java:logGet(43)) - raft.server.rpcslowness.timeout = 120s (custom)
2019-09-26 11:01:17,579 [pool-57-thread-1] INFO  server.RaftServerConfigKeys (ConfUtils.java:logGet(43)) - raft.server.sleep.deviation.threshold = 300 (default)
2019-09-26 11:01:17,579 [pool-57-thread-1] INFO  server.RaftServerConfigKeys (ConfUtils.java:logGet(43)) - raft.server.log.appender.install.snapshot.enabled = false (custom)
2019-09-26 11:01:17,579 [pool-57-thread-1] INFO  impl.RaftServerImpl (ServerState.java:<init>(103)) - 21851714-a306-49cf-b784-d62ce38d388a@group-A66CEE4276AC: ConfigurationManager, init=-1: [21851714-a306-49cf-b784-d62ce38d388a:192.168.30.13:39761], old=null, confs=<EMPTY_MAP>
2019-09-26 11:01:17,579 [pool-57-thread-1] INFO  server.RaftServerConfigKeys (ConfUtils.java:logGet(43)) - raft.server.storage.dir = [/workdir/hadoop-ozone/tools/target/test-dir/MiniOzoneClusterImpl-42425eb2-f371-46f3-bb0b-2c68b0fa2a97/datanode-3/data/ratis] (custom)
2019-09-26 11:01:17,579 [pool-57-thread-1] INFO  storage.RaftStorageDirectory (RaftStorageDirectory.java:analyzeStorage(246)) - The storage directory /workdir/hadoop-ozone/tools/target/test-dir/MiniOzoneClusterImpl-42425eb2-f371-46f3-bb0b-2c68b0fa2a97/datanode-3/data/ratis/1b83b2fc-7eca-4827-9ad5-a66cee4276ac does not exist. Creating ...
2019-09-26 11:01:17,592 [pool-57-thread-1] INFO  storage.RaftStorageDirectory (RaftStorageDirectory.java:tryLock(328)) - Lock on /workdir/hadoop-ozone/tools/target/test-dir/MiniOzoneClusterImpl-42425eb2-f371-46f3-bb0b-2c68b0fa2a97/datanode-3/data/ratis/1b83b2fc-7eca-4827-9ad5-a66cee4276ac/in_use.lock acquired by nodename 15101@pr-hdds-1569-wvzgm-824869521
2019-09-26 11:01:17,605 [pool-57-thread-1] INFO  storage.RaftStorage (RaftStorage.java:format(72)) - Storage directory /workdir/hadoop-ozone/tools/target/test-dir/MiniOzoneClusterImpl-42425eb2-f371-46f3-bb0b-2c68b0fa2a97/datanode-3/data/ratis/1b83b2fc-7eca-4827-9ad5-a66cee4276ac has been successfully formatted.
2019-09-26 11:01:17,606 [pool-57-thread-1] INFO  ratis.ContainerStateMachine (ContainerStateMachine.java:loadSnapshot(230)) - group-A66CEE4276AC: The snapshot info is null. Setting the last applied indexto:(t:0, i:~)
2019-09-26 11:01:17,606 [pool-57-thread-1] INFO  server.RaftServerConfigKeys (ConfUtils.java:logGet(43)) - raft.server.notification.no-leader.timeout = 120s (custom)
2019-09-26 11:01:17,606 [pool-57-thread-1] INFO  server.RaftServerConfigKeys (ConfUtils.java:logGet(43)) - raft.server.log.use.memory = false (default)
2019-09-26 11:01:17,606 [pool-57-thread-1] INFO  server.RaftServerConfigKeys (ConfUtils.java:logGet(43)) - raft.server.log.purge.gap = 1000000 (custom)
2019-09-26 11:01:17,606 [pool-57-thread-1] INFO  server.RaftServerConfigKeys (ConfUtils.java:logGet(43)) - raft.server.log.appender.buffer.byte-limit = 33554432 (custom)
2019-09-26 11:01:17,606 [pool-57-thread-1] INFO  server.RaftServerConfigKeys (ConfUtils.java:logGet(43)) - raft.server.log.segment.size.max = 1048576 (custom)
2019-09-26 11:01:17,607 [pool-57-thread-1] INFO  server.RaftServerConfigKeys (ConfUtils.java:logGet(43)) - raft.server.log.segment.cache.num.max = 2 (custom)
2019-09-26 11:01:17,607 [pool-57-thread-1] INFO  segmented.SegmentedRaftLogWorker (SegmentedRaftLogWorker.java:<init>(172)) - new 21851714-a306-49cf-b784-d62ce38d388a@group-A66CEE4276AC-SegmentedRaftLogWorker for RaftStorage:Storage Directory /workdir/hadoop-ozone/tools/target/test-dir/MiniOzoneClusterImpl-42425eb2-f371-46f3-bb0b-2c68b0fa2a97/datanode-3/data/ratis/1b83b2fc-7eca-4827-9ad5-a66cee4276ac
2019-09-26 11:01:17,607 [pool-57-thread-1] INFO  server.RaftServerConfigKeys (ConfUtils.java:logGet(43)) - raft.server.log.queue.byte-limit = 2147483647 (custom)
2019-09-26 11:01:17,607 [pool-57-thread-1] INFO  server.RaftServerConfigKeys (ConfUtils.java:logGet(43)) - raft.server.log.queue.element-limit = 1024 (custom)
2019-09-26 11:01:17,607 [pool-57-thread-1] INFO  server.RaftServerConfigKeys (ConfUtils.java:logGet(43)) - raft.server.log.segment.size.max = 1048576 (custom)
2019-09-26 11:01:17,607 [pool-57-thread-1] INFO  server.RaftServerConfigKeys (ConfUtils.java:logGet(43)) - raft.server.log.preallocated.size = 16384 (custom)
2019-09-26 11:01:17,607 [pool-57-thread-1] INFO  server.RaftServerConfigKeys (ConfUtils.java:logGet(43)) - raft.server.log.write.buffer.size = 33554432 (custom)
2019-09-26 11:01:17,607 [pool-57-thread-1] INFO  server.RaftServerConfigKeys (ConfUtils.java:logGet(43)) - raft.server.log.force.sync.num = 128 (default)
2019-09-26 11:01:17,608 [pool-57-thread-1] INFO  server.RaftServerConfigKeys (ConfUtils.java:logGet(43)) - raft.server.log.statemachine.data.sync = true (default)
2019-09-26 11:01:17,608 [pool-57-thread-1] INFO  server.RaftServerConfigKeys (ConfUtils.java:logGet(43)) - raft.server.log.statemachine.data.sync.timeout = 10s (default)
2019-09-26 11:01:17,608 [pool-57-thread-1] INFO  server.RaftServerConfigKeys (ConfUtils.java:logGet(43)) - raft.server.log.statemachine.data.sync.timeout.retry = -1 (default)
2019-09-26 11:01:17,608 [pool-57-thread-1] INFO  server.RaftServerConfigKeys (ConfUtils.java:logGet(43)) - raft.server.log.statemachine.data.caching.enabled = true (custom)
2019-09-26 11:01:17,608 [pool-57-thread-1] INFO  segmented.SegmentedRaftLogWorker (SegmentedRaftLogWorker.java:lambda$new$0(132)) - 21851714-a306-49cf-b784-d62ce38d388a@group-A66CEE4276AC-SegmentedRaftLogWorker: flushIndex: setUnconditionally 0 -> -1
2019-09-26 11:01:17,609 [pool-57-thread-1] INFO  server.RaftServerConfigKeys (ConfUtils.java:logGet(43)) - raft.server.snapshot.auto.trigger.enabled = true (custom)
2019-09-26 11:01:17,609 [pool-57-thread-1] INFO  server.RaftServerConfigKeys (ConfUtils.java:logGet(43)) - raft.server.snapshot.auto.trigger.threshold = 10000 (custom)
2019-09-26 11:01:17,609 [pool-57-thread-1] INFO  server.RaftServerConfigKeys (ConfUtils.java:logGet(43)) - raft.server.snapshot.retention.num.files = 5 (custom)
2019-09-26 11:01:17,609 [pool-57-thread-1] INFO  server.RaftServerConfigKeys (ConfUtils.java:logGet(43)) - raft.server.retrycache.expirytime = 600000ms (custom)
2019-09-26 11:01:17,612 [pool-57-thread-1] INFO  impl.RaftServerImpl (RaftServerImpl.java:start(185)) - 21851714-a306-49cf-b784-d62ce38d388a@group-A66CEE4276AC: start as a follower, conf=-1: [21851714-a306-49cf-b784-d62ce38d388a:192.168.30.13:39761], old=null
2019-09-26 11:01:17,612 [pool-57-thread-1] INFO  impl.RaftServerImpl (RaftServerImpl.java:setRole(174)) - 21851714-a306-49cf-b784-d62ce38d388a@group-A66CEE4276AC: changes role from      null to FOLLOWER at term 0 for startAsFollower
2019-09-26 11:01:17,612 [pool-57-thread-1] INFO  impl.RoleInfo (RoleInfo.java:updateAndGet(143)) - 21851714-a306-49cf-b784-d62ce38d388a: start FollowerState
2019-09-26 11:01:17,612 [pool-57-thread-1] INFO  util.JmxRegister (JmxRegister.java:tryRegister(44)) - Successfully registered JMX Bean with object name Ratis:service=RaftServer,group=group-A66CEE4276AC,id=21851714-a306-49cf-b784-d62ce38d388a
2019-09-26 11:01:17,623 [RatisPipelineUtilsThread] INFO  pipeline.PipelineStateManager (PipelineStateManager.java:addPipeline(56)) - Created pipeline Pipeline[ Id: 1b83b2fc-7eca-4827-9ad5-a66cee4276ac, Nodes: 21851714-a306-49cf-b784-d62ce38d388a{ip: 192.168.30.13, host: pr-hdds-1569-wvzgm-824869521, networkLocation: /default-rack, certSerialId: null}, Type:RATIS, Factor:ONE, State:OPEN]
2019-09-26 11:01:17,638 [grpc-default-executor-0] INFO  impl.RaftServerProxy (RaftServerProxy.java:addNew(89)) - f1b27ee7-0671-41a8-9e25-617c44580f9f: addNew group-E02321887F58:[f1b27ee7-0671-41a8-9e25-617c44580f9f:192.168.30.13:39028] returns group-E02321887F58:java.util.concurrent.CompletableFuture@6c8ec72d[Not completed]
2019-09-26 11:01:17,641 [pool-67-thread-1] INFO  impl.RaftServerImpl (RaftServerImpl.java:<init>(95)) - f1b27ee7-0671-41a8-9e25-617c44580f9f: new RaftServerImpl for group-E02321887F58:[f1b27ee7-0671-41a8-9e25-617c44580f9f:192.168.30.13:39028] with ContainerStateMachine:uninitialized
2019-09-26 11:01:17,642 [pool-67-thread-1] INFO  server.RaftServerConfigKeys (ConfUtils.java:logGet(43)) - raft.server.rpc.timeout.min = 5s (custom)
2019-09-26 11:01:17,642 [pool-67-thread-1] INFO  server.RaftServerConfigKeys (ConfUtils.java:logGet(43)) - raft.server.rpc.timeout.max = 5200ms (custom)
2019-09-26 11:01:17,642 [pool-67-thread-1] INFO  server.RaftServerConfigKeys (ConfUtils.java:logGet(43)) - raft.server.rpcslowness.timeout = 120s (custom)
2019-09-26 11:01:17,642 [pool-67-thread-1] INFO  server.RaftServerConfigKeys (ConfUtils.java:logGet(43)) - raft.server.sleep.deviation.threshold = 300 (default)
2019-09-26 11:01:17,642 [pool-67-thread-1] INFO  server.RaftServerConfigKeys (ConfUtils.java:logGet(43)) - raft.server.log.appender.install.snapshot.enabled = false (custom)
2019-09-26 11:01:17,643 [pool-67-thread-1] INFO  impl.RaftServerImpl (ServerState.java:<init>(103)) - f1b27ee7-0671-41a8-9e25-617c44580f9f@group-E02321887F58: ConfigurationManager, init=-1: [f1b27ee7-0671-41a8-9e25-617c44580f9f:192.168.30.13:39028], old=null, confs=<EMPTY_MAP>
2019-09-26 11:01:17,643 [pool-67-thread-1] INFO  server.RaftServerConfigKeys (ConfUtils.java:logGet(43)) - raft.server.storage.dir = [/workdir/hadoop-ozone/tools/target/test-dir/MiniOzoneClusterImpl-42425eb2-f371-46f3-bb0b-2c68b0fa2a97/datanode-4/data/ratis] (custom)
2019-09-26 11:01:17,643 [pool-67-thread-1] INFO  storage.RaftStorageDirectory (RaftStorageDirectory.java:analyzeStorage(246)) - The storage directory /workdir/hadoop-ozone/tools/target/test-dir/MiniOzoneClusterImpl-42425eb2-f371-46f3-bb0b-2c68b0fa2a97/datanode-4/data/ratis/3a597db9-4c21-45ab-afee-e02321887f58 does not exist. Creating ...
2019-09-26 11:01:17,656 [pool-67-thread-1] INFO  storage.RaftStorageDirectory (RaftStorageDirectory.java:tryLock(328)) - Lock on /workdir/hadoop-ozone/tools/target/test-dir/MiniOzoneClusterImpl-42425eb2-f371-46f3-bb0b-2c68b0fa2a97/datanode-4/data/ratis/3a597db9-4c21-45ab-afee-e02321887f58/in_use.lock acquired by nodename 15101@pr-hdds-1569-wvzgm-824869521
2019-09-26 11:01:17,669 [pool-67-thread-1] INFO  storage.RaftStorage (RaftStorage.java:format(72)) - Storage directory /workdir/hadoop-ozone/tools/target/test-dir/MiniOzoneClusterImpl-42425eb2-f371-46f3-bb0b-2c68b0fa2a97/datanode-4/data/ratis/3a597db9-4c21-45ab-afee-e02321887f58 has been successfully formatted.
2019-09-26 11:01:17,669 [pool-67-thread-1] INFO  ratis.ContainerStateMachine (ContainerStateMachine.java:loadSnapshot(230)) - group-E02321887F58: The snapshot info is null. Setting the last applied indexto:(t:0, i:~)
2019-09-26 11:01:17,669 [pool-67-thread-1] INFO  server.RaftServerConfigKeys (ConfUtils.java:logGet(43)) - raft.server.notification.no-leader.timeout = 120s (custom)
2019-09-26 11:01:17,670 [pool-67-thread-1] INFO  server.RaftServerConfigKeys (ConfUtils.java:logGet(43)) - raft.server.log.use.memory = false (default)
2019-09-26 11:01:17,670 [pool-67-thread-1] INFO  server.RaftServerConfigKeys (ConfUtils.java:logGet(43)) - raft.server.log.purge.gap = 1000000 (custom)
2019-09-26 11:01:17,670 [pool-67-thread-1] INFO  server.RaftServerConfigKeys (ConfUtils.java:logGet(43)) - raft.server.log.appender.buffer.byte-limit = 33554432 (custom)
2019-09-26 11:01:17,670 [pool-67-thread-1] INFO  server.RaftServerConfigKeys (ConfUtils.java:logGet(43)) - raft.server.log.segment.size.max = 1048576 (custom)
2019-09-26 11:01:17,670 [pool-67-thread-1] INFO  server.RaftServerConfigKeys (ConfUtils.java:logGet(43)) - raft.server.log.segment.cache.num.max = 2 (custom)
2019-09-26 11:01:17,670 [pool-67-thread-1] INFO  segmented.SegmentedRaftLogWorker (SegmentedRaftLogWorker.java:<init>(172)) - new f1b27ee7-0671-41a8-9e25-617c44580f9f@group-E02321887F58-SegmentedRaftLogWorker for RaftStorage:Storage Directory /workdir/hadoop-ozone/tools/target/test-dir/MiniOzoneClusterImpl-42425eb2-f371-46f3-bb0b-2c68b0fa2a97/datanode-4/data/ratis/3a597db9-4c21-45ab-afee-e02321887f58
2019-09-26 11:01:17,673 [pool-67-thread-1] INFO  server.RaftServerConfigKeys (ConfUtils.java:logGet(43)) - raft.server.log.queue.byte-limit = 2147483647 (custom)
2019-09-26 11:01:17,673 [pool-67-thread-1] INFO  server.RaftServerConfigKeys (ConfUtils.java:logGet(43)) - raft.server.log.queue.element-limit = 1024 (custom)
2019-09-26 11:01:17,674 [pool-67-thread-1] INFO  server.RaftServerConfigKeys (ConfUtils.java:logGet(43)) - raft.server.log.segment.size.max = 1048576 (custom)
2019-09-26 11:01:17,674 [pool-67-thread-1] INFO  server.RaftServerConfigKeys (ConfUtils.java:logGet(43)) - raft.server.log.preallocated.size = 16384 (custom)
2019-09-26 11:01:17,674 [pool-67-thread-1] INFO  server.RaftServerConfigKeys (ConfUtils.java:logGet(43)) - raft.server.log.write.buffer.size = 33554432 (custom)
2019-09-26 11:01:17,674 [pool-67-thread-1] INFO  server.RaftServerConfigKeys (ConfUtils.java:logGet(43)) - raft.server.log.force.sync.num = 128 (default)
2019-09-26 11:01:17,674 [pool-67-thread-1] INFO  server.RaftServerConfigKeys (ConfUtils.java:logGet(43)) - raft.server.log.statemachine.data.sync = true (default)
2019-09-26 11:01:17,674 [pool-67-thread-1] INFO  server.RaftServerConfigKeys (ConfUtils.java:logGet(43)) - raft.server.log.statemachine.data.sync.timeout = 10s (default)
2019-09-26 11:01:17,675 [pool-67-thread-1] INFO  server.RaftServerConfigKeys (ConfUtils.java:logGet(43)) - raft.server.log.statemachine.data.sync.timeout.retry = -1 (default)
2019-09-26 11:01:17,675 [pool-67-thread-1] INFO  server.RaftServerConfigKeys (ConfUtils.java:logGet(43)) - raft.server.log.statemachine.data.caching.enabled = true (custom)
2019-09-26 11:01:17,675 [pool-67-thread-1] INFO  segmented.SegmentedRaftLogWorker (SegmentedRaftLogWorker.java:lambda$new$0(132)) - f1b27ee7-0671-41a8-9e25-617c44580f9f@group-E02321887F58-SegmentedRaftLogWorker: flushIndex: setUnconditionally 0 -> -1
2019-09-26 11:01:17,676 [pool-67-thread-1] INFO  server.RaftServerConfigKeys (ConfUtils.java:logGet(43)) - raft.server.snapshot.auto.trigger.enabled = true (custom)
2019-09-26 11:01:17,676 [pool-67-thread-1] INFO  server.RaftServerConfigKeys (ConfUtils.java:logGet(43)) - raft.server.snapshot.auto.trigger.threshold = 10000 (custom)
2019-09-26 11:01:17,676 [pool-67-thread-1] INFO  server.RaftServerConfigKeys (ConfUtils.java:logGet(43)) - raft.server.snapshot.retention.num.files = 5 (custom)
2019-09-26 11:01:17,676 [pool-67-thread-1] INFO  server.RaftServerConfigKeys (ConfUtils.java:logGet(43)) - raft.server.retrycache.expirytime = 600000ms (custom)
2019-09-26 11:01:17,679 [pool-67-thread-1] INFO  impl.RaftServerImpl (RaftServerImpl.java:start(185)) - f1b27ee7-0671-41a8-9e25-617c44580f9f@group-E02321887F58: start as a follower, conf=-1: [f1b27ee7-0671-41a8-9e25-617c44580f9f:192.168.30.13:39028], old=null
2019-09-26 11:01:17,679 [pool-67-thread-1] INFO  impl.RaftServerImpl (RaftServerImpl.java:setRole(174)) - f1b27ee7-0671-41a8-9e25-617c44580f9f@group-E02321887F58: changes role from      null to FOLLOWER at term 0 for startAsFollower
2019-09-26 11:01:17,679 [pool-67-thread-1] INFO  impl.RoleInfo (RoleInfo.java:updateAndGet(143)) - f1b27ee7-0671-41a8-9e25-617c44580f9f: start FollowerState
2019-09-26 11:01:17,680 [pool-67-thread-1] INFO  util.JmxRegister (JmxRegister.java:tryRegister(44)) - Successfully registered JMX Bean with object name Ratis:service=RaftServer,group=group-E02321887F58,id=f1b27ee7-0671-41a8-9e25-617c44580f9f
2019-09-26 11:01:17,688 [RatisPipelineUtilsThread] INFO  pipeline.PipelineStateManager (PipelineStateManager.java:addPipeline(56)) - Created pipeline Pipeline[ Id: 3a597db9-4c21-45ab-afee-e02321887f58, Nodes: f1b27ee7-0671-41a8-9e25-617c44580f9f{ip: 192.168.30.13, host: pr-hdds-1569-wvzgm-824869521, networkLocation: /default-rack, certSerialId: null}, Type:RATIS, Factor:ONE, State:OPEN]
2019-09-26 11:01:17,700 [grpc-default-executor-0] INFO  impl.RaftServerProxy (RaftServerProxy.java:addNew(89)) - 02a54e17-f5d7-41bc-86bd-d3683be60571: addNew group-1E33FC03F5AB:[02a54e17-f5d7-41bc-86bd-d3683be60571:192.168.30.13:38404] returns group-1E33FC03F5AB:java.util.concurrent.CompletableFuture@691a8d20[Not completed]
2019-09-26 11:01:17,702 [pool-47-thread-1] INFO  impl.RaftServerImpl (RaftServerImpl.java:<init>(95)) - 02a54e17-f5d7-41bc-86bd-d3683be60571: new RaftServerImpl for group-1E33FC03F5AB:[02a54e17-f5d7-41bc-86bd-d3683be60571:192.168.30.13:38404] with ContainerStateMachine:uninitialized
2019-09-26 11:01:17,702 [pool-47-thread-1] INFO  server.RaftServerConfigKeys (ConfUtils.java:logGet(43)) - raft.server.rpc.timeout.min = 5s (custom)
2019-09-26 11:01:17,702 [pool-47-thread-1] INFO  server.RaftServerConfigKeys (ConfUtils.java:logGet(43)) - raft.server.rpc.timeout.max = 5200ms (custom)
2019-09-26 11:01:17,702 [pool-47-thread-1] INFO  server.RaftServerConfigKeys (ConfUtils.java:logGet(43)) - raft.server.rpcslowness.timeout = 120s (custom)
2019-09-26 11:01:17,702 [pool-47-thread-1] INFO  server.RaftServerConfigKeys (ConfUtils.java:logGet(43)) - raft.server.sleep.deviation.threshold = 300 (default)
2019-09-26 11:01:17,703 [pool-47-thread-1] INFO  server.RaftServerConfigKeys (ConfUtils.java:logGet(43)) - raft.server.log.appender.install.snapshot.enabled = false (custom)
2019-09-26 11:01:17,703 [pool-47-thread-1] INFO  impl.RaftServerImpl (ServerState.java:<init>(103)) - 02a54e17-f5d7-41bc-86bd-d3683be60571@group-1E33FC03F5AB: ConfigurationManager, init=-1: [02a54e17-f5d7-41bc-86bd-d3683be60571:192.168.30.13:38404], old=null, confs=<EMPTY_MAP>
2019-09-26 11:01:17,703 [pool-47-thread-1] INFO  server.RaftServerConfigKeys (ConfUtils.java:logGet(43)) - raft.server.storage.dir = [/workdir/hadoop-ozone/tools/target/test-dir/MiniOzoneClusterImpl-42425eb2-f371-46f3-bb0b-2c68b0fa2a97/datanode-2/data/ratis] (custom)
2019-09-26 11:01:17,703 [pool-47-thread-1] INFO  storage.RaftStorageDirectory (RaftStorageDirectory.java:analyzeStorage(246)) - The storage directory /workdir/hadoop-ozone/tools/target/test-dir/MiniOzoneClusterImpl-42425eb2-f371-46f3-bb0b-2c68b0fa2a97/datanode-2/data/ratis/c934e6c7-d6f9-4288-b09e-1e33fc03f5ab does not exist. Creating ...
2019-09-26 11:01:17,716 [pool-47-thread-1] INFO  storage.RaftStorageDirectory (RaftStorageDirectory.java:tryLock(328)) - Lock on /workdir/hadoop-ozone/tools/target/test-dir/MiniOzoneClusterImpl-42425eb2-f371-46f3-bb0b-2c68b0fa2a97/datanode-2/data/ratis/c934e6c7-d6f9-4288-b09e-1e33fc03f5ab/in_use.lock acquired by nodename 15101@pr-hdds-1569-wvzgm-824869521
2019-09-26 11:01:17,729 [pool-47-thread-1] INFO  storage.RaftStorage (RaftStorage.java:format(72)) - Storage directory /workdir/hadoop-ozone/tools/target/test-dir/MiniOzoneClusterImpl-42425eb2-f371-46f3-bb0b-2c68b0fa2a97/datanode-2/data/ratis/c934e6c7-d6f9-4288-b09e-1e33fc03f5ab has been successfully formatted.
2019-09-26 11:01:17,729 [pool-47-thread-1] INFO  ratis.ContainerStateMachine (ContainerStateMachine.java:loadSnapshot(230)) - group-1E33FC03F5AB: The snapshot info is null. Setting the last applied indexto:(t:0, i:~)
2019-09-26 11:01:17,730 [pool-47-thread-1] INFO  server.RaftServerConfigKeys (ConfUtils.java:logGet(43)) - raft.server.notification.no-leader.timeout = 120s (custom)
2019-09-26 11:01:17,730 [pool-47-thread-1] INFO  server.RaftServerConfigKeys (ConfUtils.java:logGet(43)) - raft.server.log.use.memory = false (default)
2019-09-26 11:01:17,730 [pool-47-thread-1] INFO  server.RaftServerConfigKeys (ConfUtils.java:logGet(43)) - raft.server.log.purge.gap = 1000000 (custom)
2019-09-26 11:01:17,730 [pool-47-thread-1] INFO  server.RaftServerConfigKeys (ConfUtils.java:logGet(43)) - raft.server.log.appender.buffer.byte-limit = 33554432 (custom)
2019-09-26 11:01:17,730 [pool-47-thread-1] INFO  server.RaftServerConfigKeys (ConfUtils.java:logGet(43)) - raft.server.log.segment.size.max = 1048576 (custom)
2019-09-26 11:01:17,731 [pool-47-thread-1] INFO  server.RaftServerConfigKeys (ConfUtils.java:logGet(43)) - raft.server.log.segment.cache.num.max = 2 (custom)
2019-09-26 11:01:17,731 [pool-47-thread-1] INFO  segmented.SegmentedRaftLogWorker (SegmentedRaftLogWorker.java:<init>(172)) - new 02a54e17-f5d7-41bc-86bd-d3683be60571@group-1E33FC03F5AB-SegmentedRaftLogWorker for RaftStorage:Storage Directory /workdir/hadoop-ozone/tools/target/test-dir/MiniOzoneClusterImpl-42425eb2-f371-46f3-bb0b-2c68b0fa2a97/datanode-2/data/ratis/c934e6c7-d6f9-4288-b09e-1e33fc03f5ab
2019-09-26 11:01:17,731 [pool-47-thread-1] INFO  server.RaftServerConfigKeys (ConfUtils.java:logGet(43)) - raft.server.log.queue.byte-limit = 2147483647 (custom)
2019-09-26 11:01:17,731 [pool-47-thread-1] INFO  server.RaftServerConfigKeys (ConfUtils.java:logGet(43)) - raft.server.log.queue.element-limit = 1024 (custom)
2019-09-26 11:01:17,731 [pool-47-thread-1] INFO  server.RaftServerConfigKeys (ConfUtils.java:logGet(43)) - raft.server.log.segment.size.max = 1048576 (custom)
2019-09-26 11:01:17,731 [pool-47-thread-1] INFO  server.RaftServerConfigKeys (ConfUtils.java:logGet(43)) - raft.server.log.preallocated.size = 16384 (custom)
2019-09-26 11:01:17,731 [pool-47-thread-1] INFO  server.RaftServerConfigKeys (ConfUtils.java:logGet(43)) - raft.server.log.write.buffer.size = 33554432 (custom)
2019-09-26 11:01:17,732 [pool-47-thread-1] INFO  server.RaftServerConfigKeys (ConfUtils.java:logGet(43)) - raft.server.log.force.sync.num = 128 (default)
2019-09-26 11:01:17,732 [pool-47-thread-1] INFO  server.RaftServerConfigKeys (ConfUtils.java:logGet(43)) - raft.server.log.statemachine.data.sync = true (default)
2019-09-26 11:01:17,732 [pool-47-thread-1] INFO  server.RaftServerConfigKeys (ConfUtils.java:logGet(43)) - raft.server.log.statemachine.data.sync.timeout = 10s (default)
2019-09-26 11:01:17,732 [pool-47-thread-1] INFO  server.RaftServerConfigKeys (ConfUtils.java:logGet(43)) - raft.server.log.statemachine.data.sync.timeout.retry = -1 (default)
2019-09-26 11:01:17,732 [pool-47-thread-1] INFO  server.RaftServerConfigKeys (ConfUtils.java:logGet(43)) - raft.server.log.statemachine.data.caching.enabled = true (custom)
2019-09-26 11:01:17,733 [pool-47-thread-1] INFO  segmented.SegmentedRaftLogWorker (SegmentedRaftLogWorker.java:lambda$new$0(132)) - 02a54e17-f5d7-41bc-86bd-d3683be60571@group-1E33FC03F5AB-SegmentedRaftLogWorker: flushIndex: setUnconditionally 0 -> -1
2019-09-26 11:01:17,733 [pool-47-thread-1] INFO  server.RaftServerConfigKeys (ConfUtils.java:logGet(43)) - raft.server.snapshot.auto.trigger.enabled = true (custom)
2019-09-26 11:01:17,733 [pool-47-thread-1] INFO  server.RaftServerConfigKeys (ConfUtils.java:logGet(43)) - raft.server.snapshot.auto.trigger.threshold = 10000 (custom)
2019-09-26 11:01:17,733 [pool-47-thread-1] INFO  server.RaftServerConfigKeys (ConfUtils.java:logGet(43)) - raft.server.snapshot.retention.num.files = 5 (custom)
2019-09-26 11:01:17,734 [pool-47-thread-1] INFO  server.RaftServerConfigKeys (ConfUtils.java:logGet(43)) - raft.server.retrycache.expirytime = 600000ms (custom)
2019-09-26 11:01:17,737 [pool-47-thread-1] INFO  impl.RaftServerImpl (RaftServerImpl.java:start(185)) - 02a54e17-f5d7-41bc-86bd-d3683be60571@group-1E33FC03F5AB: start as a follower, conf=-1: [02a54e17-f5d7-41bc-86bd-d3683be60571:192.168.30.13:38404], old=null
2019-09-26 11:01:17,737 [pool-47-thread-1] INFO  impl.RaftServerImpl (RaftServerImpl.java:setRole(174)) - 02a54e17-f5d7-41bc-86bd-d3683be60571@group-1E33FC03F5AB: changes role from      null to FOLLOWER at term 0 for startAsFollower
2019-09-26 11:01:17,737 [pool-47-thread-1] INFO  impl.RoleInfo (RoleInfo.java:updateAndGet(143)) - 02a54e17-f5d7-41bc-86bd-d3683be60571: start FollowerState
2019-09-26 11:01:17,738 [pool-47-thread-1] INFO  util.JmxRegister (JmxRegister.java:tryRegister(44)) - Successfully registered JMX Bean with object name Ratis:service=RaftServer,group=group-1E33FC03F5AB,id=02a54e17-f5d7-41bc-86bd-d3683be60571
2019-09-26 11:01:17,745 [RatisPipelineUtilsThread] INFO  pipeline.PipelineStateManager (PipelineStateManager.java:addPipeline(56)) - Created pipeline Pipeline[ Id: c934e6c7-d6f9-4288-b09e-1e33fc03f5ab, Nodes: 02a54e17-f5d7-41bc-86bd-d3683be60571{ip: 192.168.30.13, host: pr-hdds-1569-wvzgm-824869521, networkLocation: /default-rack, certSerialId: null}, Type:RATIS, Factor:ONE, State:OPEN]
2019-09-26 11:01:17,756 [grpc-default-executor-0] INFO  impl.RaftServerProxy (RaftServerProxy.java:addNew(89)) - f1b27ee7-0671-41a8-9e25-617c44580f9f: addNew group-FC4EE3E132E7:[f1b27ee7-0671-41a8-9e25-617c44580f9f:192.168.30.13:39028] returns group-FC4EE3E132E7:java.util.concurrent.CompletableFuture@7c2d5c87[Not completed]
2019-09-26 11:01:17,758 [pool-67-thread-1] INFO  impl.RaftServerImpl (RaftServerImpl.java:<init>(95)) - f1b27ee7-0671-41a8-9e25-617c44580f9f: new RaftServerImpl for group-FC4EE3E132E7:[f1b27ee7-0671-41a8-9e25-617c44580f9f:192.168.30.13:39028] with ContainerStateMachine:uninitialized
2019-09-26 11:01:17,758 [pool-67-thread-1] INFO  server.RaftServerConfigKeys (ConfUtils.java:logGet(43)) - raft.server.rpc.timeout.min = 5s (custom)
2019-09-26 11:01:17,758 [pool-67-thread-1] INFO  server.RaftServerConfigKeys (ConfUtils.java:logGet(43)) - raft.server.rpc.timeout.max = 5200ms (custom)
2019-09-26 11:01:17,758 [pool-67-thread-1] INFO  server.RaftServerConfigKeys (ConfUtils.java:logGet(43)) - raft.server.rpcslowness.timeout = 120s (custom)
2019-09-26 11:01:17,759 [pool-67-thread-1] INFO  server.RaftServerConfigKeys (ConfUtils.java:logGet(43)) - raft.server.sleep.deviation.threshold = 300 (default)
2019-09-26 11:01:17,759 [pool-67-thread-1] INFO  server.RaftServerConfigKeys (ConfUtils.java:logGet(43)) - raft.server.log.appender.install.snapshot.enabled = false (custom)
2019-09-26 11:01:17,759 [pool-67-thread-1] INFO  impl.RaftServerImpl (ServerState.java:<init>(103)) - f1b27ee7-0671-41a8-9e25-617c44580f9f@group-FC4EE3E132E7: ConfigurationManager, init=-1: [f1b27ee7-0671-41a8-9e25-617c44580f9f:192.168.30.13:39028], old=null, confs=<EMPTY_MAP>
2019-09-26 11:01:17,759 [pool-67-thread-1] INFO  server.RaftServerConfigKeys (ConfUtils.java:logGet(43)) - raft.server.storage.dir = [/workdir/hadoop-ozone/tools/target/test-dir/MiniOzoneClusterImpl-42425eb2-f371-46f3-bb0b-2c68b0fa2a97/datanode-4/data/ratis] (custom)
2019-09-26 11:01:17,760 [pool-67-thread-1] INFO  storage.RaftStorageDirectory (RaftStorageDirectory.java:analyzeStorage(246)) - The storage directory /workdir/hadoop-ozone/tools/target/test-dir/MiniOzoneClusterImpl-42425eb2-f371-46f3-bb0b-2c68b0fa2a97/datanode-4/data/ratis/2e0e113c-9c33-4755-adf0-fc4ee3e132e7 does not exist. Creating ...
2019-09-26 11:01:17,773 [pool-67-thread-1] INFO  storage.RaftStorageDirectory (RaftStorageDirectory.java:tryLock(328)) - Lock on /workdir/hadoop-ozone/tools/target/test-dir/MiniOzoneClusterImpl-42425eb2-f371-46f3-bb0b-2c68b0fa2a97/datanode-4/data/ratis/2e0e113c-9c33-4755-adf0-fc4ee3e132e7/in_use.lock acquired by nodename 15101@pr-hdds-1569-wvzgm-824869521
2019-09-26 11:01:17,794 [pool-67-thread-1] INFO  storage.RaftStorage (RaftStorage.java:format(72)) - Storage directory /workdir/hadoop-ozone/tools/target/test-dir/MiniOzoneClusterImpl-42425eb2-f371-46f3-bb0b-2c68b0fa2a97/datanode-4/data/ratis/2e0e113c-9c33-4755-adf0-fc4ee3e132e7 has been successfully formatted.
2019-09-26 11:01:17,795 [pool-67-thread-1] INFO  ratis.ContainerStateMachine (ContainerStateMachine.java:loadSnapshot(230)) - group-FC4EE3E132E7: The snapshot info is null. Setting the last applied indexto:(t:0, i:~)
2019-09-26 11:01:17,795 [pool-67-thread-1] INFO  server.RaftServerConfigKeys (ConfUtils.java:logGet(43)) - raft.server.notification.no-leader.timeout = 120s (custom)
2019-09-26 11:01:17,795 [pool-67-thread-1] INFO  server.RaftServerConfigKeys (ConfUtils.java:logGet(43)) - raft.server.log.use.memory = false (default)
2019-09-26 11:01:17,795 [pool-67-thread-1] INFO  server.RaftServerConfigKeys (ConfUtils.java:logGet(43)) - raft.server.log.purge.gap = 1000000 (custom)
2019-09-26 11:01:17,795 [pool-67-thread-1] INFO  server.RaftServerConfigKeys (ConfUtils.java:logGet(43)) - raft.server.log.appender.buffer.byte-limit = 33554432 (custom)
2019-09-26 11:01:17,796 [pool-67-thread-1] INFO  server.RaftServerConfigKeys (ConfUtils.java:logGet(43)) - raft.server.log.segment.size.max = 1048576 (custom)
2019-09-26 11:01:17,796 [pool-67-thread-1] INFO  server.RaftServerConfigKeys (ConfUtils.java:logGet(43)) - raft.server.log.segment.cache.num.max = 2 (custom)
2019-09-26 11:01:17,796 [pool-67-thread-1] INFO  segmented.SegmentedRaftLogWorker (SegmentedRaftLogWorker.java:<init>(172)) - new f1b27ee7-0671-41a8-9e25-617c44580f9f@group-FC4EE3E132E7-SegmentedRaftLogWorker for RaftStorage:Storage Directory /workdir/hadoop-ozone/tools/target/test-dir/MiniOzoneClusterImpl-42425eb2-f371-46f3-bb0b-2c68b0fa2a97/datanode-4/data/ratis/2e0e113c-9c33-4755-adf0-fc4ee3e132e7
2019-09-26 11:01:17,796 [pool-67-thread-1] INFO  server.RaftServerConfigKeys (ConfUtils.java:logGet(43)) - raft.server.log.queue.byte-limit = 2147483647 (custom)
2019-09-26 11:01:17,796 [pool-67-thread-1] INFO  server.RaftServerConfigKeys (ConfUtils.java:logGet(43)) - raft.server.log.queue.element-limit = 1024 (custom)
2019-09-26 11:01:17,797 [pool-67-thread-1] INFO  server.RaftServerConfigKeys (ConfUtils.java:logGet(43)) - raft.server.log.segment.size.max = 1048576 (custom)
2019-09-26 11:01:17,797 [pool-67-thread-1] INFO  server.RaftServerConfigKeys (ConfUtils.java:logGet(43)) - raft.server.log.preallocated.size = 16384 (custom)
2019-09-26 11:01:17,797 [pool-67-thread-1] INFO  server.RaftServerConfigKeys (ConfUtils.java:logGet(43)) - raft.server.log.write.buffer.size = 33554432 (custom)
2019-09-26 11:01:17,797 [pool-67-thread-1] INFO  server.RaftServerConfigKeys (ConfUtils.java:logGet(43)) - raft.server.log.force.sync.num = 128 (default)
2019-09-26 11:01:17,797 [pool-67-thread-1] INFO  server.RaftServerConfigKeys (ConfUtils.java:logGet(43)) - raft.server.log.statemachine.data.sync = true (default)
2019-09-26 11:01:17,798 [pool-67-thread-1] INFO  server.RaftServerConfigKeys (ConfUtils.java:logGet(43)) - raft.server.log.statemachine.data.sync.timeout = 10s (default)
2019-09-26 11:01:17,798 [pool-67-thread-1] INFO  server.RaftServerConfigKeys (ConfUtils.java:logGet(43)) - raft.server.log.statemachine.data.sync.timeout.retry = -1 (default)
2019-09-26 11:01:17,798 [pool-67-thread-1] INFO  server.RaftServerConfigKeys (ConfUtils.java:logGet(43)) - raft.server.log.statemachine.data.caching.enabled = true (custom)
2019-09-26 11:01:17,798 [pool-67-thread-1] INFO  segmented.SegmentedRaftLogWorker (SegmentedRaftLogWorker.java:lambda$new$0(132)) - f1b27ee7-0671-41a8-9e25-617c44580f9f@group-FC4EE3E132E7-SegmentedRaftLogWorker: flushIndex: setUnconditionally 0 -> -1
2019-09-26 11:01:17,799 [pool-67-thread-1] INFO  server.RaftServerConfigKeys (ConfUtils.java:logGet(43)) - raft.server.snapshot.auto.trigger.enabled = true (custom)
2019-09-26 11:01:17,799 [pool-67-thread-1] INFO  server.RaftServerConfigKeys (ConfUtils.java:logGet(43)) - raft.server.snapshot.auto.trigger.threshold = 10000 (custom)
2019-09-26 11:01:17,799 [pool-67-thread-1] INFO  server.RaftServerConfigKeys (ConfUtils.java:logGet(43)) - raft.server.snapshot.retention.num.files = 5 (custom)
2019-09-26 11:01:17,799 [pool-67-thread-1] INFO  server.RaftServerConfigKeys (ConfUtils.java:logGet(43)) - raft.server.retrycache.expirytime = 600000ms (custom)
2019-09-26 11:01:17,803 [pool-67-thread-1] INFO  impl.RaftServerImpl (RaftServerImpl.java:start(185)) - f1b27ee7-0671-41a8-9e25-617c44580f9f@group-FC4EE3E132E7: start as a follower, conf=-1: [f1b27ee7-0671-41a8-9e25-617c44580f9f:192.168.30.13:39028], old=null
2019-09-26 11:01:17,803 [pool-67-thread-1] INFO  impl.RaftServerImpl (RaftServerImpl.java:setRole(174)) - f1b27ee7-0671-41a8-9e25-617c44580f9f@group-FC4EE3E132E7: changes role from      null to FOLLOWER at term 0 for startAsFollower
2019-09-26 11:01:17,803 [pool-67-thread-1] INFO  impl.RoleInfo (RoleInfo.java:updateAndGet(143)) - f1b27ee7-0671-41a8-9e25-617c44580f9f: start FollowerState
2019-09-26 11:01:17,804 [pool-67-thread-1] INFO  util.JmxRegister (JmxRegister.java:tryRegister(44)) - Successfully registered JMX Bean with object name Ratis:service=RaftServer,group=group-FC4EE3E132E7,id=f1b27ee7-0671-41a8-9e25-617c44580f9f
2019-09-26 11:01:17,813 [RatisPipelineUtilsThread] INFO  pipeline.PipelineStateManager (PipelineStateManager.java:addPipeline(56)) - Created pipeline Pipeline[ Id: 2e0e113c-9c33-4755-adf0-fc4ee3e132e7, Nodes: f1b27ee7-0671-41a8-9e25-617c44580f9f{ip: 192.168.30.13, host: pr-hdds-1569-wvzgm-824869521, networkLocation: /default-rack, certSerialId: null}, Type:RATIS, Factor:ONE, State:OPEN]
2019-09-26 11:01:17,826 [grpc-default-executor-0] INFO  impl.RaftServerProxy (RaftServerProxy.java:addNew(89)) - f1b27ee7-0671-41a8-9e25-617c44580f9f: addNew group-B26AE0C7626C:[f1b27ee7-0671-41a8-9e25-617c44580f9f:192.168.30.13:39028] returns group-B26AE0C7626C:java.util.concurrent.CompletableFuture@144db20[Not completed]
2019-09-26 11:01:17,828 [pool-67-thread-1] INFO  impl.RaftServerImpl (RaftServerImpl.java:<init>(95)) - f1b27ee7-0671-41a8-9e25-617c44580f9f: new RaftServerImpl for group-B26AE0C7626C:[f1b27ee7-0671-41a8-9e25-617c44580f9f:192.168.30.13:39028] with ContainerStateMachine:uninitialized
2019-09-26 11:01:17,828 [pool-67-thread-1] INFO  server.RaftServerConfigKeys (ConfUtils.java:logGet(43)) - raft.server.rpc.timeout.min = 5s (custom)
2019-09-26 11:01:17,828 [pool-67-thread-1] INFO  server.RaftServerConfigKeys (ConfUtils.java:logGet(43)) - raft.server.rpc.timeout.max = 5200ms (custom)
2019-09-26 11:01:17,828 [pool-67-thread-1] INFO  server.RaftServerConfigKeys (ConfUtils.java:logGet(43)) - raft.server.rpcslowness.timeout = 120s (custom)
2019-09-26 11:01:17,828 [pool-67-thread-1] INFO  server.RaftServerConfigKeys (ConfUtils.java:logGet(43)) - raft.server.sleep.deviation.threshold = 300 (default)
2019-09-26 11:01:17,828 [pool-67-thread-1] INFO  server.RaftServerConfigKeys (ConfUtils.java:logGet(43)) - raft.server.log.appender.install.snapshot.enabled = false (custom)
2019-09-26 11:01:17,829 [pool-67-thread-1] INFO  impl.RaftServerImpl (ServerState.java:<init>(103)) - f1b27ee7-0671-41a8-9e25-617c44580f9f@group-B26AE0C7626C: ConfigurationManager, init=-1: [f1b27ee7-0671-41a8-9e25-617c44580f9f:192.168.30.13:39028], old=null, confs=<EMPTY_MAP>
2019-09-26 11:01:17,829 [pool-67-thread-1] INFO  server.RaftServerConfigKeys (ConfUtils.java:logGet(43)) - raft.server.storage.dir = [/workdir/hadoop-ozone/tools/target/test-dir/MiniOzoneClusterImpl-42425eb2-f371-46f3-bb0b-2c68b0fa2a97/datanode-4/data/ratis] (custom)
2019-09-26 11:01:17,829 [pool-67-thread-1] INFO  storage.RaftStorageDirectory (RaftStorageDirectory.java:analyzeStorage(246)) - The storage directory /workdir/hadoop-ozone/tools/target/test-dir/MiniOzoneClusterImpl-42425eb2-f371-46f3-bb0b-2c68b0fa2a97/datanode-4/data/ratis/5d058ee9-b003-4d02-90c2-b26ae0c7626c does not exist. Creating ...
2019-09-26 11:01:17,843 [pool-67-thread-1] INFO  storage.RaftStorageDirectory (RaftStorageDirectory.java:tryLock(328)) - Lock on /workdir/hadoop-ozone/tools/target/test-dir/MiniOzoneClusterImpl-42425eb2-f371-46f3-bb0b-2c68b0fa2a97/datanode-4/data/ratis/5d058ee9-b003-4d02-90c2-b26ae0c7626c/in_use.lock acquired by nodename 15101@pr-hdds-1569-wvzgm-824869521
2019-09-26 11:01:17,856 [pool-67-thread-1] INFO  storage.RaftStorage (RaftStorage.java:format(72)) - Storage directory /workdir/hadoop-ozone/tools/target/test-dir/MiniOzoneClusterImpl-42425eb2-f371-46f3-bb0b-2c68b0fa2a97/datanode-4/data/ratis/5d058ee9-b003-4d02-90c2-b26ae0c7626c has been successfully formatted.
2019-09-26 11:01:17,856 [pool-67-thread-1] INFO  ratis.ContainerStateMachine (ContainerStateMachine.java:loadSnapshot(230)) - group-B26AE0C7626C: The snapshot info is null. Setting the last applied indexto:(t:0, i:~)
2019-09-26 11:01:17,857 [pool-67-thread-1] INFO  server.RaftServerConfigKeys (ConfUtils.java:logGet(43)) - raft.server.notification.no-leader.timeout = 120s (custom)
2019-09-26 11:01:17,857 [pool-67-thread-1] INFO  server.RaftServerConfigKeys (ConfUtils.java:logGet(43)) - raft.server.log.use.memory = false (default)
2019-09-26 11:01:17,857 [pool-67-thread-1] INFO  server.RaftServerConfigKeys (ConfUtils.java:logGet(43)) - raft.server.log.purge.gap = 1000000 (custom)
2019-09-26 11:01:17,857 [pool-67-thread-1] INFO  server.RaftServerConfigKeys (ConfUtils.java:logGet(43)) - raft.server.log.appender.buffer.byte-limit = 33554432 (custom)
2019-09-26 11:01:17,857 [pool-67-thread-1] INFO  server.RaftServerConfigKeys (ConfUtils.java:logGet(43)) - raft.server.log.segment.size.max = 1048576 (custom)
2019-09-26 11:01:17,857 [pool-67-thread-1] INFO  server.RaftServerConfigKeys (ConfUtils.java:logGet(43)) - raft.server.log.segment.cache.num.max = 2 (custom)
2019-09-26 11:01:17,858 [pool-67-thread-1] INFO  segmented.SegmentedRaftLogWorker (SegmentedRaftLogWorker.java:<init>(172)) - new f1b27ee7-0671-41a8-9e25-617c44580f9f@group-B26AE0C7626C-SegmentedRaftLogWorker for RaftStorage:Storage Directory /workdir/hadoop-ozone/tools/target/test-dir/MiniOzoneClusterImpl-42425eb2-f371-46f3-bb0b-2c68b0fa2a97/datanode-4/data/ratis/5d058ee9-b003-4d02-90c2-b26ae0c7626c
2019-09-26 11:01:17,858 [pool-67-thread-1] INFO  server.RaftServerConfigKeys (ConfUtils.java:logGet(43)) - raft.server.log.queue.byte-limit = 2147483647 (custom)
2019-09-26 11:01:17,858 [pool-67-thread-1] INFO  server.RaftServerConfigKeys (ConfUtils.java:logGet(43)) - raft.server.log.queue.element-limit = 1024 (custom)
2019-09-26 11:01:17,858 [pool-67-thread-1] INFO  server.RaftServerConfigKeys (ConfUtils.java:logGet(43)) - raft.server.log.segment.size.max = 1048576 (custom)
2019-09-26 11:01:17,858 [pool-67-thread-1] INFO  server.RaftServerConfigKeys (ConfUtils.java:logGet(43)) - raft.server.log.preallocated.size = 16384 (custom)
2019-09-26 11:01:17,858 [pool-67-thread-1] INFO  server.RaftServerConfigKeys (ConfUtils.java:logGet(43)) - raft.server.log.write.buffer.size = 33554432 (custom)
2019-09-26 11:01:17,859 [pool-67-thread-1] INFO  server.RaftServerConfigKeys (ConfUtils.java:logGet(43)) - raft.server.log.force.sync.num = 128 (default)
2019-09-26 11:01:17,859 [pool-67-thread-1] INFO  server.RaftServerConfigKeys (ConfUtils.java:logGet(43)) - raft.server.log.statemachine.data.sync = true (default)
2019-09-26 11:01:17,859 [pool-67-thread-1] INFO  server.RaftServerConfigKeys (ConfUtils.java:logGet(43)) - raft.server.log.statemachine.data.sync.timeout = 10s (default)
2019-09-26 11:01:17,859 [pool-67-thread-1] INFO  server.RaftServerConfigKeys (ConfUtils.java:logGet(43)) - raft.server.log.statemachine.data.sync.timeout.retry = -1 (default)
2019-09-26 11:01:17,859 [pool-67-thread-1] INFO  server.RaftServerConfigKeys (ConfUtils.java:logGet(43)) - raft.server.log.statemachine.data.caching.enabled = true (custom)
2019-09-26 11:01:17,860 [pool-67-thread-1] INFO  segmented.SegmentedRaftLogWorker (SegmentedRaftLogWorker.java:lambda$new$0(132)) - f1b27ee7-0671-41a8-9e25-617c44580f9f@group-B26AE0C7626C-SegmentedRaftLogWorker: flushIndex: setUnconditionally 0 -> -1
2019-09-26 11:01:17,860 [pool-67-thread-1] INFO  server.RaftServerConfigKeys (ConfUtils.java:logGet(43)) - raft.server.snapshot.auto.trigger.enabled = true (custom)
2019-09-26 11:01:17,860 [pool-67-thread-1] INFO  server.RaftServerConfigKeys (ConfUtils.java:logGet(43)) - raft.server.snapshot.auto.trigger.threshold = 10000 (custom)
2019-09-26 11:01:17,860 [pool-67-thread-1] INFO  server.RaftServerConfigKeys (ConfUtils.java:logGet(43)) - raft.server.snapshot.retention.num.files = 5 (custom)
2019-09-26 11:01:17,860 [pool-67-thread-1] INFO  server.RaftServerConfigKeys (ConfUtils.java:logGet(43)) - raft.server.retrycache.expirytime = 600000ms (custom)
2019-09-26 11:01:17,863 [pool-67-thread-1] INFO  impl.RaftServerImpl (RaftServerImpl.java:start(185)) - f1b27ee7-0671-41a8-9e25-617c44580f9f@group-B26AE0C7626C: start as a follower, conf=-1: [f1b27ee7-0671-41a8-9e25-617c44580f9f:192.168.30.13:39028], old=null
2019-09-26 11:01:17,864 [pool-67-thread-1] INFO  impl.RaftServerImpl (RaftServerImpl.java:setRole(174)) - f1b27ee7-0671-41a8-9e25-617c44580f9f@group-B26AE0C7626C: changes role from      null to FOLLOWER at term 0 for startAsFollower
2019-09-26 11:01:17,864 [pool-67-thread-1] INFO  impl.RoleInfo (RoleInfo.java:updateAndGet(143)) - f1b27ee7-0671-41a8-9e25-617c44580f9f: start FollowerState
2019-09-26 11:01:17,864 [pool-67-thread-1] INFO  util.JmxRegister (JmxRegister.java:tryRegister(44)) - Successfully registered JMX Bean with object name Ratis:service=RaftServer,group=group-B26AE0C7626C,id=f1b27ee7-0671-41a8-9e25-617c44580f9f
2019-09-26 11:01:17,874 [RatisPipelineUtilsThread] INFO  pipeline.PipelineStateManager (PipelineStateManager.java:addPipeline(56)) - Created pipeline Pipeline[ Id: 5d058ee9-b003-4d02-90c2-b26ae0c7626c, Nodes: f1b27ee7-0671-41a8-9e25-617c44580f9f{ip: 192.168.30.13, host: pr-hdds-1569-wvzgm-824869521, networkLocation: /default-rack, certSerialId: null}, Type:RATIS, Factor:ONE, State:OPEN]
2019-09-26 11:01:17,887 [grpc-default-executor-0] INFO  impl.RaftServerProxy (RaftServerProxy.java:addNew(89)) - 5ef5b40b-6668-4f90-a5de-67c965602eb0: addNew group-2AD924B2F249:[5ef5b40b-6668-4f90-a5de-67c965602eb0:192.168.30.13:39653] returns group-2AD924B2F249:java.util.concurrent.CompletableFuture@73395ce2[Not completed]
2019-09-26 11:01:17,889 [pool-27-thread-1] INFO  impl.RaftServerImpl (RaftServerImpl.java:<init>(95)) - 5ef5b40b-6668-4f90-a5de-67c965602eb0: new RaftServerImpl for group-2AD924B2F249:[5ef5b40b-6668-4f90-a5de-67c965602eb0:192.168.30.13:39653] with ContainerStateMachine:uninitialized
2019-09-26 11:01:17,889 [pool-27-thread-1] INFO  server.RaftServerConfigKeys (ConfUtils.java:logGet(43)) - raft.server.rpc.timeout.min = 5s (custom)
2019-09-26 11:01:17,889 [pool-27-thread-1] INFO  server.RaftServerConfigKeys (ConfUtils.java:logGet(43)) - raft.server.rpc.timeout.max = 5200ms (custom)
2019-09-26 11:01:17,890 [pool-27-thread-1] INFO  server.RaftServerConfigKeys (ConfUtils.java:logGet(43)) - raft.server.rpcslowness.timeout = 120s (custom)
2019-09-26 11:01:17,890 [pool-27-thread-1] INFO  server.RaftServerConfigKeys (ConfUtils.java:logGet(43)) - raft.server.sleep.deviation.threshold = 300 (default)
2019-09-26 11:01:17,890 [pool-27-thread-1] INFO  server.RaftServerConfigKeys (ConfUtils.java:logGet(43)) - raft.server.log.appender.install.snapshot.enabled = false (custom)
2019-09-26 11:01:17,890 [pool-27-thread-1] INFO  impl.RaftServerImpl (ServerState.java:<init>(103)) - 5ef5b40b-6668-4f90-a5de-67c965602eb0@group-2AD924B2F249: ConfigurationManager, init=-1: [5ef5b40b-6668-4f90-a5de-67c965602eb0:192.168.30.13:39653], old=null, confs=<EMPTY_MAP>
2019-09-26 11:01:17,890 [pool-27-thread-1] INFO  server.RaftServerConfigKeys (ConfUtils.java:logGet(43)) - raft.server.storage.dir = [/workdir/hadoop-ozone/tools/target/test-dir/MiniOzoneClusterImpl-42425eb2-f371-46f3-bb0b-2c68b0fa2a97/datanode-0/data/ratis] (custom)
2019-09-26 11:01:17,891 [pool-27-thread-1] INFO  storage.RaftStorageDirectory (RaftStorageDirectory.java:analyzeStorage(246)) - The storage directory /workdir/hadoop-ozone/tools/target/test-dir/MiniOzoneClusterImpl-42425eb2-f371-46f3-bb0b-2c68b0fa2a97/datanode-0/data/ratis/810b2b5b-074e-488f-95f1-2ad924b2f249 does not exist. Creating ...
2019-09-26 11:01:17,904 [pool-27-thread-1] INFO  storage.RaftStorageDirectory (RaftStorageDirectory.java:tryLock(328)) - Lock on /workdir/hadoop-ozone/tools/target/test-dir/MiniOzoneClusterImpl-42425eb2-f371-46f3-bb0b-2c68b0fa2a97/datanode-0/data/ratis/810b2b5b-074e-488f-95f1-2ad924b2f249/in_use.lock acquired by nodename 15101@pr-hdds-1569-wvzgm-824869521
2019-09-26 11:01:17,917 [pool-27-thread-1] INFO  storage.RaftStorage (RaftStorage.java:format(72)) - Storage directory /workdir/hadoop-ozone/tools/target/test-dir/MiniOzoneClusterImpl-42425eb2-f371-46f3-bb0b-2c68b0fa2a97/datanode-0/data/ratis/810b2b5b-074e-488f-95f1-2ad924b2f249 has been successfully formatted.
2019-09-26 11:01:17,917 [pool-27-thread-1] INFO  ratis.ContainerStateMachine (ContainerStateMachine.java:loadSnapshot(230)) - group-2AD924B2F249: The snapshot info is null. Setting the last applied indexto:(t:0, i:~)
2019-09-26 11:01:17,917 [pool-27-thread-1] INFO  server.RaftServerConfigKeys (ConfUtils.java:logGet(43)) - raft.server.notification.no-leader.timeout = 120s (custom)
2019-09-26 11:01:17,917 [pool-27-thread-1] INFO  server.RaftServerConfigKeys (ConfUtils.java:logGet(43)) - raft.server.log.use.memory = false (default)
2019-09-26 11:01:17,918 [pool-27-thread-1] INFO  server.RaftServerConfigKeys (ConfUtils.java:logGet(43)) - raft.server.log.purge.gap = 1000000 (custom)
2019-09-26 11:01:17,918 [pool-27-thread-1] INFO  server.RaftServerConfigKeys (ConfUtils.java:logGet(43)) - raft.server.log.appender.buffer.byte-limit = 33554432 (custom)
2019-09-26 11:01:17,918 [pool-27-thread-1] INFO  server.RaftServerConfigKeys (ConfUtils.java:logGet(43)) - raft.server.log.segment.size.max = 1048576 (custom)
2019-09-26 11:01:17,918 [pool-27-thread-1] INFO  server.RaftServerConfigKeys (ConfUtils.java:logGet(43)) - raft.server.log.segment.cache.num.max = 2 (custom)
2019-09-26 11:01:17,918 [pool-27-thread-1] INFO  segmented.SegmentedRaftLogWorker (SegmentedRaftLogWorker.java:<init>(172)) - new 5ef5b40b-6668-4f90-a5de-67c965602eb0@group-2AD924B2F249-SegmentedRaftLogWorker for RaftStorage:Storage Directory /workdir/hadoop-ozone/tools/target/test-dir/MiniOzoneClusterImpl-42425eb2-f371-46f3-bb0b-2c68b0fa2a97/datanode-0/data/ratis/810b2b5b-074e-488f-95f1-2ad924b2f249
2019-09-26 11:01:17,919 [pool-27-thread-1] INFO  server.RaftServerConfigKeys (ConfUtils.java:logGet(43)) - raft.server.log.queue.byte-limit = 2147483647 (custom)
2019-09-26 11:01:17,919 [pool-27-thread-1] INFO  server.RaftServerConfigKeys (ConfUtils.java:logGet(43)) - raft.server.log.queue.element-limit = 1024 (custom)
2019-09-26 11:01:17,919 [pool-27-thread-1] INFO  server.RaftServerConfigKeys (ConfUtils.java:logGet(43)) - raft.server.log.segment.size.max = 1048576 (custom)
2019-09-26 11:01:17,919 [pool-27-thread-1] INFO  server.RaftServerConfigKeys (ConfUtils.java:logGet(43)) - raft.server.log.preallocated.size = 16384 (custom)
2019-09-26 11:01:17,919 [pool-27-thread-1] INFO  server.RaftServerConfigKeys (ConfUtils.java:logGet(43)) - raft.server.log.write.buffer.size = 33554432 (custom)
2019-09-26 11:01:17,919 [pool-27-thread-1] INFO  server.RaftServerConfigKeys (ConfUtils.java:logGet(43)) - raft.server.log.force.sync.num = 128 (default)
2019-09-26 11:01:17,920 [pool-27-thread-1] INFO  server.RaftServerConfigKeys (ConfUtils.java:logGet(43)) - raft.server.log.statemachine.data.sync = true (default)
2019-09-26 11:01:17,920 [pool-27-thread-1] INFO  server.RaftServerConfigKeys (ConfUtils.java:logGet(43)) - raft.server.log.statemachine.data.sync.timeout = 10s (default)
2019-09-26 11:01:17,920 [pool-27-thread-1] INFO  server.RaftServerConfigKeys (ConfUtils.java:logGet(43)) - raft.server.log.statemachine.data.sync.timeout.retry = -1 (default)
2019-09-26 11:01:17,920 [pool-27-thread-1] INFO  server.RaftServerConfigKeys (ConfUtils.java:logGet(43)) - raft.server.log.statemachine.data.caching.enabled = true (custom)
2019-09-26 11:01:17,921 [pool-27-thread-1] INFO  segmented.SegmentedRaftLogWorker (SegmentedRaftLogWorker.java:lambda$new$0(132)) - 5ef5b40b-6668-4f90-a5de-67c965602eb0@group-2AD924B2F249-SegmentedRaftLogWorker: flushIndex: setUnconditionally 0 -> -1
2019-09-26 11:01:17,921 [pool-27-thread-1] INFO  server.RaftServerConfigKeys (ConfUtils.java:logGet(43)) - raft.server.snapshot.auto.trigger.enabled = true (custom)
2019-09-26 11:01:17,921 [pool-27-thread-1] INFO  server.RaftServerConfigKeys (ConfUtils.java:logGet(43)) - raft.server.snapshot.auto.trigger.threshold = 10000 (custom)
2019-09-26 11:01:17,921 [pool-27-thread-1] INFO  server.RaftServerConfigKeys (ConfUtils.java:logGet(43)) - raft.server.snapshot.retention.num.files = 5 (custom)
2019-09-26 11:01:17,922 [pool-27-thread-1] INFO  server.RaftServerConfigKeys (ConfUtils.java:logGet(43)) - raft.server.retrycache.expirytime = 600000ms (custom)
2019-09-26 11:01:17,925 [pool-27-thread-1] INFO  impl.RaftServerImpl (RaftServerImpl.java:start(185)) - 5ef5b40b-6668-4f90-a5de-67c965602eb0@group-2AD924B2F249: start as a follower, conf=-1: [5ef5b40b-6668-4f90-a5de-67c965602eb0:192.168.30.13:39653], old=null
2019-09-26 11:01:17,925 [pool-27-thread-1] INFO  impl.RaftServerImpl (RaftServerImpl.java:setRole(174)) - 5ef5b40b-6668-4f90-a5de-67c965602eb0@group-2AD924B2F249: changes role from      null to FOLLOWER at term 0 for startAsFollower
2019-09-26 11:01:17,925 [pool-27-thread-1] INFO  impl.RoleInfo (RoleInfo.java:updateAndGet(143)) - 5ef5b40b-6668-4f90-a5de-67c965602eb0: start FollowerState
2019-09-26 11:01:17,925 [pool-27-thread-1] INFO  util.JmxRegister (JmxRegister.java:tryRegister(44)) - Successfully registered JMX Bean with object name Ratis:service=RaftServer,group=group-2AD924B2F249,id=5ef5b40b-6668-4f90-a5de-67c965602eb0
2019-09-26 11:01:17,936 [RatisPipelineUtilsThread] INFO  pipeline.PipelineStateManager (PipelineStateManager.java:addPipeline(56)) - Created pipeline Pipeline[ Id: 810b2b5b-074e-488f-95f1-2ad924b2f249, Nodes: 5ef5b40b-6668-4f90-a5de-67c965602eb0{ip: 192.168.30.13, host: pr-hdds-1569-wvzgm-824869521, networkLocation: /default-rack, certSerialId: null}, Type:RATIS, Factor:ONE, State:OPEN]
2019-09-26 11:01:17,955 [grpc-default-executor-0] INFO  impl.RaftServerProxy (RaftServerProxy.java:addNew(89)) - 21851714-a306-49cf-b784-d62ce38d388a: addNew group-A23FFE267B13:[21851714-a306-49cf-b784-d62ce38d388a:192.168.30.13:39761] returns group-A23FFE267B13:java.util.concurrent.CompletableFuture@39f44ff9[Not completed]
2019-09-26 11:01:17,957 [pool-57-thread-1] INFO  impl.RaftServerImpl (RaftServerImpl.java:<init>(95)) - 21851714-a306-49cf-b784-d62ce38d388a: new RaftServerImpl for group-A23FFE267B13:[21851714-a306-49cf-b784-d62ce38d388a:192.168.30.13:39761] with ContainerStateMachine:uninitialized
2019-09-26 11:01:17,957 [pool-57-thread-1] INFO  server.RaftServerConfigKeys (ConfUtils.java:logGet(43)) - raft.server.rpc.timeout.min = 5s (custom)
2019-09-26 11:01:17,957 [pool-57-thread-1] INFO  server.RaftServerConfigKeys (ConfUtils.java:logGet(43)) - raft.server.rpc.timeout.max = 5200ms (custom)
2019-09-26 11:01:17,957 [pool-57-thread-1] INFO  server.RaftServerConfigKeys (ConfUtils.java:logGet(43)) - raft.server.rpcslowness.timeout = 120s (custom)
2019-09-26 11:01:17,957 [pool-57-thread-1] INFO  server.RaftServerConfigKeys (ConfUtils.java:logGet(43)) - raft.server.sleep.deviation.threshold = 300 (default)
2019-09-26 11:01:17,958 [pool-57-thread-1] INFO  server.RaftServerConfigKeys (ConfUtils.java:logGet(43)) - raft.server.log.appender.install.snapshot.enabled = false (custom)
2019-09-26 11:01:17,958 [pool-57-thread-1] INFO  impl.RaftServerImpl (ServerState.java:<init>(103)) - 21851714-a306-49cf-b784-d62ce38d388a@group-A23FFE267B13: ConfigurationManager, init=-1: [21851714-a306-49cf-b784-d62ce38d388a:192.168.30.13:39761], old=null, confs=<EMPTY_MAP>
2019-09-26 11:01:17,958 [pool-57-thread-1] INFO  server.RaftServerConfigKeys (ConfUtils.java:logGet(43)) - raft.server.storage.dir = [/workdir/hadoop-ozone/tools/target/test-dir/MiniOzoneClusterImpl-42425eb2-f371-46f3-bb0b-2c68b0fa2a97/datanode-3/data/ratis] (custom)
2019-09-26 11:01:17,958 [pool-57-thread-1] INFO  storage.RaftStorageDirectory (RaftStorageDirectory.java:analyzeStorage(246)) - The storage directory /workdir/hadoop-ozone/tools/target/test-dir/MiniOzoneClusterImpl-42425eb2-f371-46f3-bb0b-2c68b0fa2a97/datanode-3/data/ratis/dba25ea9-f843-43a5-87f8-a23ffe267b13 does not exist. Creating ...
2019-09-26 11:01:17,972 [pool-57-thread-1] INFO  storage.RaftStorageDirectory (RaftStorageDirectory.java:tryLock(328)) - Lock on /workdir/hadoop-ozone/tools/target/test-dir/MiniOzoneClusterImpl-42425eb2-f371-46f3-bb0b-2c68b0fa2a97/datanode-3/data/ratis/dba25ea9-f843-43a5-87f8-a23ffe267b13/in_use.lock acquired by nodename 15101@pr-hdds-1569-wvzgm-824869521
2019-09-26 11:01:17,985 [pool-57-thread-1] INFO  storage.RaftStorage (RaftStorage.java:format(72)) - Storage directory /workdir/hadoop-ozone/tools/target/test-dir/MiniOzoneClusterImpl-42425eb2-f371-46f3-bb0b-2c68b0fa2a97/datanode-3/data/ratis/dba25ea9-f843-43a5-87f8-a23ffe267b13 has been successfully formatted.
2019-09-26 11:01:17,985 [pool-57-thread-1] INFO  ratis.ContainerStateMachine (ContainerStateMachine.java:loadSnapshot(230)) - group-A23FFE267B13: The snapshot info is null. Setting the last applied indexto:(t:0, i:~)
2019-09-26 11:01:17,986 [pool-57-thread-1] INFO  server.RaftServerConfigKeys (ConfUtils.java:logGet(43)) - raft.server.notification.no-leader.timeout = 120s (custom)
2019-09-26 11:01:17,986 [pool-57-thread-1] INFO  server.RaftServerConfigKeys (ConfUtils.java:logGet(43)) - raft.server.log.use.memory = false (default)
2019-09-26 11:01:17,986 [pool-57-thread-1] INFO  server.RaftServerConfigKeys (ConfUtils.java:logGet(43)) - raft.server.log.purge.gap = 1000000 (custom)
2019-09-26 11:01:17,986 [pool-57-thread-1] INFO  server.RaftServerConfigKeys (ConfUtils.java:logGet(43)) - raft.server.log.appender.buffer.byte-limit = 33554432 (custom)
2019-09-26 11:01:17,986 [pool-57-thread-1] INFO  server.RaftServerConfigKeys (ConfUtils.java:logGet(43)) - raft.server.log.segment.size.max = 1048576 (custom)
2019-09-26 11:01:17,986 [pool-57-thread-1] INFO  server.RaftServerConfigKeys (ConfUtils.java:logGet(43)) - raft.server.log.segment.cache.num.max = 2 (custom)
2019-09-26 11:01:17,987 [pool-57-thread-1] INFO  segmented.SegmentedRaftLogWorker (SegmentedRaftLogWorker.java:<init>(172)) - new 21851714-a306-49cf-b784-d62ce38d388a@group-A23FFE267B13-SegmentedRaftLogWorker for RaftStorage:Storage Directory /workdir/hadoop-ozone/tools/target/test-dir/MiniOzoneClusterImpl-42425eb2-f371-46f3-bb0b-2c68b0fa2a97/datanode-3/data/ratis/dba25ea9-f843-43a5-87f8-a23ffe267b13
2019-09-26 11:01:17,987 [pool-57-thread-1] INFO  server.RaftServerConfigKeys (ConfUtils.java:logGet(43)) - raft.server.log.queue.byte-limit = 2147483647 (custom)
2019-09-26 11:01:17,987 [pool-57-thread-1] INFO  server.RaftServerConfigKeys (ConfUtils.java:logGet(43)) - raft.server.log.queue.element-limit = 1024 (custom)
2019-09-26 11:01:17,987 [pool-57-thread-1] INFO  server.RaftServerConfigKeys (ConfUtils.java:logGet(43)) - raft.server.log.segment.size.max = 1048576 (custom)
2019-09-26 11:01:17,987 [pool-57-thread-1] INFO  server.RaftServerConfigKeys (ConfUtils.java:logGet(43)) - raft.server.log.preallocated.size = 16384 (custom)
2019-09-26 11:01:17,987 [pool-57-thread-1] INFO  server.RaftServerConfigKeys (ConfUtils.java:logGet(43)) - raft.server.log.write.buffer.size = 33554432 (custom)
2019-09-26 11:01:17,987 [pool-57-thread-1] INFO  server.RaftServerConfigKeys (ConfUtils.java:logGet(43)) - raft.server.log.force.sync.num = 128 (default)
2019-09-26 11:01:17,987 [pool-57-thread-1] INFO  server.RaftServerConfigKeys (ConfUtils.java:logGet(43)) - raft.server.log.statemachine.data.sync = true (default)
2019-09-26 11:01:17,988 [pool-57-thread-1] INFO  server.RaftServerConfigKeys (ConfUtils.java:logGet(43)) - raft.server.log.statemachine.data.sync.timeout = 10s (default)
2019-09-26 11:01:17,988 [pool-57-thread-1] INFO  server.RaftServerConfigKeys (ConfUtils.java:logGet(43)) - raft.server.log.statemachine.data.sync.timeout.retry = -1 (default)
2019-09-26 11:01:17,988 [pool-57-thread-1] INFO  server.RaftServerConfigKeys (ConfUtils.java:logGet(43)) - raft.server.log.statemachine.data.caching.enabled = true (custom)
2019-09-26 11:01:17,988 [pool-57-thread-1] INFO  segmented.SegmentedRaftLogWorker (SegmentedRaftLogWorker.java:lambda$new$0(132)) - 21851714-a306-49cf-b784-d62ce38d388a@group-A23FFE267B13-SegmentedRaftLogWorker: flushIndex: setUnconditionally 0 -> -1
2019-09-26 11:01:17,989 [pool-57-thread-1] INFO  server.RaftServerConfigKeys (ConfUtils.java:logGet(43)) - raft.server.snapshot.auto.trigger.enabled = true (custom)
2019-09-26 11:01:17,989 [pool-57-thread-1] INFO  server.RaftServerConfigKeys (ConfUtils.java:logGet(43)) - raft.server.snapshot.auto.trigger.threshold = 10000 (custom)
2019-09-26 11:01:17,989 [pool-57-thread-1] INFO  server.RaftServerConfigKeys (ConfUtils.java:logGet(43)) - raft.server.snapshot.retention.num.files = 5 (custom)
2019-09-26 11:01:17,989 [pool-57-thread-1] INFO  server.RaftServerConfigKeys (ConfUtils.java:logGet(43)) - raft.server.retrycache.expirytime = 600000ms (custom)
2019-09-26 11:01:17,992 [pool-57-thread-1] INFO  impl.RaftServerImpl (RaftServerImpl.java:start(185)) - 21851714-a306-49cf-b784-d62ce38d388a@group-A23FFE267B13: start as a follower, conf=-1: [21851714-a306-49cf-b784-d62ce38d388a:192.168.30.13:39761], old=null
2019-09-26 11:01:17,992 [pool-57-thread-1] INFO  impl.RaftServerImpl (RaftServerImpl.java:setRole(174)) - 21851714-a306-49cf-b784-d62ce38d388a@group-A23FFE267B13: changes role from      null to FOLLOWER at term 0 for startAsFollower
2019-09-26 11:01:17,992 [pool-57-thread-1] INFO  impl.RoleInfo (RoleInfo.java:updateAndGet(143)) - 21851714-a306-49cf-b784-d62ce38d388a: start FollowerState
2019-09-26 11:01:17,992 [pool-57-thread-1] INFO  util.JmxRegister (JmxRegister.java:tryRegister(44)) - Successfully registered JMX Bean with object name Ratis:service=RaftServer,group=group-A23FFE267B13,id=21851714-a306-49cf-b784-d62ce38d388a
2019-09-26 11:01:17,998 [RatisPipelineUtilsThread] INFO  pipeline.PipelineStateManager (PipelineStateManager.java:addPipeline(56)) - Created pipeline Pipeline[ Id: dba25ea9-f843-43a5-87f8-a23ffe267b13, Nodes: 21851714-a306-49cf-b784-d62ce38d388a{ip: 192.168.30.13, host: pr-hdds-1569-wvzgm-824869521, networkLocation: /default-rack, certSerialId: null}, Type:RATIS, Factor:ONE, State:OPEN]
2019-09-26 11:01:18,009 [grpc-default-executor-0] INFO  impl.RaftServerProxy (RaftServerProxy.java:addNew(89)) - 02a54e17-f5d7-41bc-86bd-d3683be60571: addNew group-4C5AFB650534:[02a54e17-f5d7-41bc-86bd-d3683be60571:192.168.30.13:38404] returns group-4C5AFB650534:java.util.concurrent.CompletableFuture@272c020d[Not completed]
2019-09-26 11:01:18,012 [pool-47-thread-1] INFO  impl.RaftServerImpl (RaftServerImpl.java:<init>(95)) - 02a54e17-f5d7-41bc-86bd-d3683be60571: new RaftServerImpl for group-4C5AFB650534:[02a54e17-f5d7-41bc-86bd-d3683be60571:192.168.30.13:38404] with ContainerStateMachine:uninitialized
2019-09-26 11:01:18,012 [pool-47-thread-1] INFO  server.RaftServerConfigKeys (ConfUtils.java:logGet(43)) - raft.server.rpc.timeout.min = 5s (custom)
2019-09-26 11:01:18,013 [pool-47-thread-1] INFO  server.RaftServerConfigKeys (ConfUtils.java:logGet(43)) - raft.server.rpc.timeout.max = 5200ms (custom)
2019-09-26 11:01:18,013 [pool-47-thread-1] INFO  server.RaftServerConfigKeys (ConfUtils.java:logGet(43)) - raft.server.rpcslowness.timeout = 120s (custom)
2019-09-26 11:01:18,013 [pool-47-thread-1] INFO  server.RaftServerConfigKeys (ConfUtils.java:logGet(43)) - raft.server.sleep.deviation.threshold = 300 (default)
2019-09-26 11:01:18,013 [pool-47-thread-1] INFO  server.RaftServerConfigKeys (ConfUtils.java:logGet(43)) - raft.server.log.appender.install.snapshot.enabled = false (custom)
2019-09-26 11:01:18,013 [pool-47-thread-1] INFO  impl.RaftServerImpl (ServerState.java:<init>(103)) - 02a54e17-f5d7-41bc-86bd-d3683be60571@group-4C5AFB650534: ConfigurationManager, init=-1: [02a54e17-f5d7-41bc-86bd-d3683be60571:192.168.30.13:38404], old=null, confs=<EMPTY_MAP>
2019-09-26 11:01:18,014 [pool-47-thread-1] INFO  server.RaftServerConfigKeys (ConfUtils.java:logGet(43)) - raft.server.storage.dir = [/workdir/hadoop-ozone/tools/target/test-dir/MiniOzoneClusterImpl-42425eb2-f371-46f3-bb0b-2c68b0fa2a97/datanode-2/data/ratis] (custom)
2019-09-26 11:01:18,014 [pool-47-thread-1] INFO  storage.RaftStorageDirectory (RaftStorageDirectory.java:analyzeStorage(246)) - The storage directory /workdir/hadoop-ozone/tools/target/test-dir/MiniOzoneClusterImpl-42425eb2-f371-46f3-bb0b-2c68b0fa2a97/datanode-2/data/ratis/f214064e-fce8-4d26-aa25-4c5afb650534 does not exist. Creating ...
2019-09-26 11:01:18,027 [pool-47-thread-1] INFO  storage.RaftStorageDirectory (RaftStorageDirectory.java:tryLock(328)) - Lock on /workdir/hadoop-ozone/tools/target/test-dir/MiniOzoneClusterImpl-42425eb2-f371-46f3-bb0b-2c68b0fa2a97/datanode-2/data/ratis/f214064e-fce8-4d26-aa25-4c5afb650534/in_use.lock acquired by nodename 15101@pr-hdds-1569-wvzgm-824869521
2019-09-26 11:01:18,050 [pool-47-thread-1] INFO  storage.RaftStorage (RaftStorage.java:format(72)) - Storage directory /workdir/hadoop-ozone/tools/target/test-dir/MiniOzoneClusterImpl-42425eb2-f371-46f3-bb0b-2c68b0fa2a97/datanode-2/data/ratis/f214064e-fce8-4d26-aa25-4c5afb650534 has been successfully formatted.
2019-09-26 11:01:18,050 [pool-47-thread-1] INFO  ratis.ContainerStateMachine (ContainerStateMachine.java:loadSnapshot(230)) - group-4C5AFB650534: The snapshot info is null. Setting the last applied indexto:(t:0, i:~)
2019-09-26 11:01:18,050 [pool-47-thread-1] INFO  server.RaftServerConfigKeys (ConfUtils.java:logGet(43)) - raft.server.notification.no-leader.timeout = 120s (custom)
2019-09-26 11:01:18,051 [pool-47-thread-1] INFO  server.RaftServerConfigKeys (ConfUtils.java:logGet(43)) - raft.server.log.use.memory = false (default)
2019-09-26 11:01:18,051 [pool-47-thread-1] INFO  server.RaftServerConfigKeys (ConfUtils.java:logGet(43)) - raft.server.log.purge.gap = 1000000 (custom)
2019-09-26 11:01:18,051 [pool-47-thread-1] INFO  server.RaftServerConfigKeys (ConfUtils.java:logGet(43)) - raft.server.log.appender.buffer.byte-limit = 33554432 (custom)
2019-09-26 11:01:18,051 [pool-47-thread-1] INFO  server.RaftServerConfigKeys (ConfUtils.java:logGet(43)) - raft.server.log.segment.size.max = 1048576 (custom)
2019-09-26 11:01:18,051 [pool-47-thread-1] INFO  server.RaftServerConfigKeys (ConfUtils.java:logGet(43)) - raft.server.log.segment.cache.num.max = 2 (custom)
2019-09-26 11:01:18,052 [pool-47-thread-1] INFO  segmented.SegmentedRaftLogWorker (SegmentedRaftLogWorker.java:<init>(172)) - new 02a54e17-f5d7-41bc-86bd-d3683be60571@group-4C5AFB650534-SegmentedRaftLogWorker for RaftStorage:Storage Directory /workdir/hadoop-ozone/tools/target/test-dir/MiniOzoneClusterImpl-42425eb2-f371-46f3-bb0b-2c68b0fa2a97/datanode-2/data/ratis/f214064e-fce8-4d26-aa25-4c5afb650534
2019-09-26 11:01:18,052 [pool-47-thread-1] INFO  server.RaftServerConfigKeys (ConfUtils.java:logGet(43)) - raft.server.log.queue.byte-limit = 2147483647 (custom)
2019-09-26 11:01:18,053 [pool-47-thread-1] INFO  server.RaftServerConfigKeys (ConfUtils.java:logGet(43)) - raft.server.log.queue.element-limit = 1024 (custom)
2019-09-26 11:01:18,054 [pool-47-thread-1] INFO  server.RaftServerConfigKeys (ConfUtils.java:logGet(43)) - raft.server.log.segment.size.max = 1048576 (custom)
2019-09-26 11:01:18,054 [pool-47-thread-1] INFO  server.RaftServerConfigKeys (ConfUtils.java:logGet(43)) - raft.server.log.preallocated.size = 16384 (custom)
2019-09-26 11:01:18,054 [pool-47-thread-1] INFO  server.RaftServerConfigKeys (ConfUtils.java:logGet(43)) - raft.server.log.write.buffer.size = 33554432 (custom)
2019-09-26 11:01:18,054 [pool-47-thread-1] INFO  server.RaftServerConfigKeys (ConfUtils.java:logGet(43)) - raft.server.log.force.sync.num = 128 (default)
2019-09-26 11:01:18,055 [pool-47-thread-1] INFO  server.RaftServerConfigKeys (ConfUtils.java:logGet(43)) - raft.server.log.statemachine.data.sync = true (default)
2019-09-26 11:01:18,055 [pool-47-thread-1] INFO  server.RaftServerConfigKeys (ConfUtils.java:logGet(43)) - raft.server.log.statemachine.data.sync.timeout = 10s (default)
2019-09-26 11:01:18,055 [pool-47-thread-1] INFO  server.RaftServerConfigKeys (ConfUtils.java:logGet(43)) - raft.server.log.statemachine.data.sync.timeout.retry = -1 (default)
2019-09-26 11:01:18,055 [pool-47-thread-1] INFO  server.RaftServerConfigKeys (ConfUtils.java:logGet(43)) - raft.server.log.statemachine.data.caching.enabled = true (custom)
2019-09-26 11:01:18,056 [pool-47-thread-1] INFO  segmented.SegmentedRaftLogWorker (SegmentedRaftLogWorker.java:lambda$new$0(132)) - 02a54e17-f5d7-41bc-86bd-d3683be60571@group-4C5AFB650534-SegmentedRaftLogWorker: flushIndex: setUnconditionally 0 -> -1
2019-09-26 11:01:18,056 [pool-47-thread-1] INFO  server.RaftServerConfigKeys (ConfUtils.java:logGet(43)) - raft.server.snapshot.auto.trigger.enabled = true (custom)
2019-09-26 11:01:18,056 [pool-47-thread-1] INFO  server.RaftServerConfigKeys (ConfUtils.java:logGet(43)) - raft.server.snapshot.auto.trigger.threshold = 10000 (custom)
2019-09-26 11:01:18,056 [pool-47-thread-1] INFO  server.RaftServerConfigKeys (ConfUtils.java:logGet(43)) - raft.server.snapshot.retention.num.files = 5 (custom)
2019-09-26 11:01:18,057 [pool-47-thread-1] INFO  server.RaftServerConfigKeys (ConfUtils.java:logGet(43)) - raft.server.retrycache.expirytime = 600000ms (custom)
2019-09-26 11:01:18,060 [pool-47-thread-1] INFO  impl.RaftServerImpl (RaftServerImpl.java:start(185)) - 02a54e17-f5d7-41bc-86bd-d3683be60571@group-4C5AFB650534: start as a follower, conf=-1: [02a54e17-f5d7-41bc-86bd-d3683be60571:192.168.30.13:38404], old=null
2019-09-26 11:01:18,060 [pool-47-thread-1] INFO  impl.RaftServerImpl (RaftServerImpl.java:setRole(174)) - 02a54e17-f5d7-41bc-86bd-d3683be60571@group-4C5AFB650534: changes role from      null to FOLLOWER at term 0 for startAsFollower
2019-09-26 11:01:18,060 [pool-47-thread-1] INFO  impl.RoleInfo (RoleInfo.java:updateAndGet(143)) - 02a54e17-f5d7-41bc-86bd-d3683be60571: start FollowerState
2019-09-26 11:01:18,061 [pool-47-thread-1] INFO  util.JmxRegister (JmxRegister.java:tryRegister(44)) - Successfully registered JMX Bean with object name Ratis:service=RaftServer,group=group-4C5AFB650534,id=02a54e17-f5d7-41bc-86bd-d3683be60571
2019-09-26 11:01:18,066 [RatisPipelineUtilsThread] INFO  pipeline.PipelineStateManager (PipelineStateManager.java:addPipeline(56)) - Created pipeline Pipeline[ Id: f214064e-fce8-4d26-aa25-4c5afb650534, Nodes: 02a54e17-f5d7-41bc-86bd-d3683be60571{ip: 192.168.30.13, host: pr-hdds-1569-wvzgm-824869521, networkLocation: /default-rack, certSerialId: null}, Type:RATIS, Factor:ONE, State:OPEN]
2019-09-26 11:01:18,081 [grpc-default-executor-0] INFO  impl.RaftServerProxy (RaftServerProxy.java:addNew(89)) - f1b27ee7-0671-41a8-9e25-617c44580f9f: addNew group-DD0B143312C6:[f1b27ee7-0671-41a8-9e25-617c44580f9f:192.168.30.13:39028] returns group-DD0B143312C6:java.util.concurrent.CompletableFuture@22b05c22[Not completed]
2019-09-26 11:01:18,083 [pool-67-thread-1] INFO  impl.RaftServerImpl (RaftServerImpl.java:<init>(95)) - f1b27ee7-0671-41a8-9e25-617c44580f9f: new RaftServerImpl for group-DD0B143312C6:[f1b27ee7-0671-41a8-9e25-617c44580f9f:192.168.30.13:39028] with ContainerStateMachine:uninitialized
2019-09-26 11:01:18,083 [pool-67-thread-1] INFO  server.RaftServerConfigKeys (ConfUtils.java:logGet(43)) - raft.server.rpc.timeout.min = 5s (custom)
2019-09-26 11:01:18,084 [pool-67-thread-1] INFO  server.RaftServerConfigKeys (ConfUtils.java:logGet(43)) - raft.server.rpc.timeout.max = 5200ms (custom)
2019-09-26 11:01:18,084 [pool-67-thread-1] INFO  server.RaftServerConfigKeys (ConfUtils.java:logGet(43)) - raft.server.rpcslowness.timeout = 120s (custom)
2019-09-26 11:01:18,084 [pool-67-thread-1] INFO  server.RaftServerConfigKeys (ConfUtils.java:logGet(43)) - raft.server.sleep.deviation.threshold = 300 (default)
2019-09-26 11:01:18,084 [pool-67-thread-1] INFO  server.RaftServerConfigKeys (ConfUtils.java:logGet(43)) - raft.server.log.appender.install.snapshot.enabled = false (custom)
2019-09-26 11:01:18,084 [pool-67-thread-1] INFO  impl.RaftServerImpl (ServerState.java:<init>(103)) - f1b27ee7-0671-41a8-9e25-617c44580f9f@group-DD0B143312C6: ConfigurationManager, init=-1: [f1b27ee7-0671-41a8-9e25-617c44580f9f:192.168.30.13:39028], old=null, confs=<EMPTY_MAP>
2019-09-26 11:01:18,085 [pool-67-thread-1] INFO  server.RaftServerConfigKeys (ConfUtils.java:logGet(43)) - raft.server.storage.dir = [/workdir/hadoop-ozone/tools/target/test-dir/MiniOzoneClusterImpl-42425eb2-f371-46f3-bb0b-2c68b0fa2a97/datanode-4/data/ratis] (custom)
2019-09-26 11:01:18,085 [pool-67-thread-1] INFO  storage.RaftStorageDirectory (RaftStorageDirectory.java:analyzeStorage(246)) - The storage directory /workdir/hadoop-ozone/tools/target/test-dir/MiniOzoneClusterImpl-42425eb2-f371-46f3-bb0b-2c68b0fa2a97/datanode-4/data/ratis/4dc1eabc-351b-487d-89e9-dd0b143312c6 does not exist. Creating ...
2019-09-26 11:01:18,098 [pool-67-thread-1] INFO  storage.RaftStorageDirectory (RaftStorageDirectory.java:tryLock(328)) - Lock on /workdir/hadoop-ozone/tools/target/test-dir/MiniOzoneClusterImpl-42425eb2-f371-46f3-bb0b-2c68b0fa2a97/datanode-4/data/ratis/4dc1eabc-351b-487d-89e9-dd0b143312c6/in_use.lock acquired by nodename 15101@pr-hdds-1569-wvzgm-824869521
2019-09-26 11:01:18,112 [pool-67-thread-1] INFO  storage.RaftStorage (RaftStorage.java:format(72)) - Storage directory /workdir/hadoop-ozone/tools/target/test-dir/MiniOzoneClusterImpl-42425eb2-f371-46f3-bb0b-2c68b0fa2a97/datanode-4/data/ratis/4dc1eabc-351b-487d-89e9-dd0b143312c6 has been successfully formatted.
2019-09-26 11:01:18,112 [pool-67-thread-1] INFO  ratis.ContainerStateMachine (ContainerStateMachine.java:loadSnapshot(230)) - group-DD0B143312C6: The snapshot info is null. Setting the last applied indexto:(t:0, i:~)
2019-09-26 11:01:18,112 [pool-67-thread-1] INFO  server.RaftServerConfigKeys (ConfUtils.java:logGet(43)) - raft.server.notification.no-leader.timeout = 120s (custom)
2019-09-26 11:01:18,113 [pool-67-thread-1] INFO  server.RaftServerConfigKeys (ConfUtils.java:logGet(43)) - raft.server.log.use.memory = false (default)
2019-09-26 11:01:18,113 [pool-67-thread-1] INFO  server.RaftServerConfigKeys (ConfUtils.java:logGet(43)) - raft.server.log.purge.gap = 1000000 (custom)
2019-09-26 11:01:18,113 [pool-67-thread-1] INFO  server.RaftServerConfigKeys (ConfUtils.java:logGet(43)) - raft.server.log.appender.buffer.byte-limit = 33554432 (custom)
2019-09-26 11:01:18,113 [pool-67-thread-1] INFO  server.RaftServerConfigKeys (ConfUtils.java:logGet(43)) - raft.server.log.segment.size.max = 1048576 (custom)
2019-09-26 11:01:18,113 [pool-67-thread-1] INFO  server.RaftServerConfigKeys (ConfUtils.java:logGet(43)) - raft.server.log.segment.cache.num.max = 2 (custom)
2019-09-26 11:01:18,113 [pool-67-thread-1] INFO  segmented.SegmentedRaftLogWorker (SegmentedRaftLogWorker.java:<init>(172)) - new f1b27ee7-0671-41a8-9e25-617c44580f9f@group-DD0B143312C6-SegmentedRaftLogWorker for RaftStorage:Storage Directory /workdir/hadoop-ozone/tools/target/test-dir/MiniOzoneClusterImpl-42425eb2-f371-46f3-bb0b-2c68b0fa2a97/datanode-4/data/ratis/4dc1eabc-351b-487d-89e9-dd0b143312c6
2019-09-26 11:01:18,114 [pool-67-thread-1] INFO  server.RaftServerConfigKeys (ConfUtils.java:logGet(43)) - raft.server.log.queue.byte-limit = 2147483647 (custom)
2019-09-26 11:01:18,114 [pool-67-thread-1] INFO  server.RaftServerConfigKeys (ConfUtils.java:logGet(43)) - raft.server.log.queue.element-limit = 1024 (custom)
2019-09-26 11:01:18,114 [pool-67-thread-1] INFO  server.RaftServerConfigKeys (ConfUtils.java:logGet(43)) - raft.server.log.segment.size.max = 1048576 (custom)
2019-09-26 11:01:18,114 [pool-67-thread-1] INFO  server.RaftServerConfigKeys (ConfUtils.java:logGet(43)) - raft.server.log.preallocated.size = 16384 (custom)
2019-09-26 11:01:18,114 [pool-67-thread-1] INFO  server.RaftServerConfigKeys (ConfUtils.java:logGet(43)) - raft.server.log.write.buffer.size = 33554432 (custom)
2019-09-26 11:01:18,114 [pool-67-thread-1] INFO  server.RaftServerConfigKeys (ConfUtils.java:logGet(43)) - raft.server.log.force.sync.num = 128 (default)
2019-09-26 11:01:18,115 [pool-67-thread-1] INFO  server.RaftServerConfigKeys (ConfUtils.java:logGet(43)) - raft.server.log.statemachine.data.sync = true (default)
2019-09-26 11:01:18,115 [pool-67-thread-1] INFO  server.RaftServerConfigKeys (ConfUtils.java:logGet(43)) - raft.server.log.statemachine.data.sync.timeout = 10s (default)
2019-09-26 11:01:18,115 [pool-67-thread-1] INFO  server.RaftServerConfigKeys (ConfUtils.java:logGet(43)) - raft.server.log.statemachine.data.sync.timeout.retry = -1 (default)
2019-09-26 11:01:18,115 [pool-67-thread-1] INFO  server.RaftServerConfigKeys (ConfUtils.java:logGet(43)) - raft.server.log.statemachine.data.caching.enabled = true (custom)
2019-09-26 11:01:18,116 [pool-67-thread-1] INFO  segmented.SegmentedRaftLogWorker (SegmentedRaftLogWorker.java:lambda$new$0(132)) - f1b27ee7-0671-41a8-9e25-617c44580f9f@group-DD0B143312C6-SegmentedRaftLogWorker: flushIndex: setUnconditionally 0 -> -1
2019-09-26 11:01:18,116 [pool-67-thread-1] INFO  server.RaftServerConfigKeys (ConfUtils.java:logGet(43)) - raft.server.snapshot.auto.trigger.enabled = true (custom)
2019-09-26 11:01:18,116 [pool-67-thread-1] INFO  server.RaftServerConfigKeys (ConfUtils.java:logGet(43)) - raft.server.snapshot.auto.trigger.threshold = 10000 (custom)
2019-09-26 11:01:18,116 [pool-67-thread-1] INFO  server.RaftServerConfigKeys (ConfUtils.java:logGet(43)) - raft.server.snapshot.retention.num.files = 5 (custom)
2019-09-26 11:01:18,117 [pool-67-thread-1] INFO  server.RaftServerConfigKeys (ConfUtils.java:logGet(43)) - raft.server.retrycache.expirytime = 600000ms (custom)
2019-09-26 11:01:18,120 [pool-67-thread-1] INFO  impl.RaftServerImpl (RaftServerImpl.java:start(185)) - f1b27ee7-0671-41a8-9e25-617c44580f9f@group-DD0B143312C6: start as a follower, conf=-1: [f1b27ee7-0671-41a8-9e25-617c44580f9f:192.168.30.13:39028], old=null
2019-09-26 11:01:18,120 [pool-67-thread-1] INFO  impl.RaftServerImpl (RaftServerImpl.java:setRole(174)) - f1b27ee7-0671-41a8-9e25-617c44580f9f@group-DD0B143312C6: changes role from      null to FOLLOWER at term 0 for startAsFollower
2019-09-26 11:01:18,120 [pool-67-thread-1] INFO  impl.RoleInfo (RoleInfo.java:updateAndGet(143)) - f1b27ee7-0671-41a8-9e25-617c44580f9f: start FollowerState
2019-09-26 11:01:18,120 [pool-67-thread-1] INFO  util.JmxRegister (JmxRegister.java:tryRegister(44)) - Successfully registered JMX Bean with object name Ratis:service=RaftServer,group=group-DD0B143312C6,id=f1b27ee7-0671-41a8-9e25-617c44580f9f
2019-09-26 11:01:18,125 [RatisPipelineUtilsThread] INFO  pipeline.PipelineStateManager (PipelineStateManager.java:addPipeline(56)) - Created pipeline Pipeline[ Id: 4dc1eabc-351b-487d-89e9-dd0b143312c6, Nodes: f1b27ee7-0671-41a8-9e25-617c44580f9f{ip: 192.168.30.13, host: pr-hdds-1569-wvzgm-824869521, networkLocation: /default-rack, certSerialId: null}, Type:RATIS, Factor:ONE, State:OPEN]
2019-09-26 11:01:18,136 [grpc-default-executor-0] INFO  impl.RaftServerProxy (RaftServerProxy.java:addNew(89)) - 02a54e17-f5d7-41bc-86bd-d3683be60571: addNew group-63F8F90438FE:[02a54e17-f5d7-41bc-86bd-d3683be60571:192.168.30.13:38404] returns group-63F8F90438FE:java.util.concurrent.CompletableFuture@39e4cb0d[Not completed]
2019-09-26 11:01:18,138 [pool-47-thread-1] INFO  impl.RaftServerImpl (RaftServerImpl.java:<init>(95)) - 02a54e17-f5d7-41bc-86bd-d3683be60571: new RaftServerImpl for group-63F8F90438FE:[02a54e17-f5d7-41bc-86bd-d3683be60571:192.168.30.13:38404] with ContainerStateMachine:uninitialized
2019-09-26 11:01:18,139 [pool-47-thread-1] INFO  server.RaftServerConfigKeys (ConfUtils.java:logGet(43)) - raft.server.rpc.timeout.min = 5s (custom)
2019-09-26 11:01:18,139 [pool-47-thread-1] INFO  server.RaftServerConfigKeys (ConfUtils.java:logGet(43)) - raft.server.rpc.timeout.max = 5200ms (custom)
2019-09-26 11:01:18,139 [main] INFO  freon.RandomKeyGenerator (RandomKeyGenerator.java:call(283)) - Number of Threads: 10
2019-09-26 11:01:18,139 [pool-47-thread-1] INFO  server.RaftServerConfigKeys (ConfUtils.java:logGet(43)) - raft.server.rpcslowness.timeout = 120s (custom)
2019-09-26 11:01:18,139 [pool-47-thread-1] INFO  server.RaftServerConfigKeys (ConfUtils.java:logGet(43)) - raft.server.sleep.deviation.threshold = 300 (default)
2019-09-26 11:01:18,140 [pool-47-thread-1] INFO  server.RaftServerConfigKeys (ConfUtils.java:logGet(43)) - raft.server.log.appender.install.snapshot.enabled = false (custom)
2019-09-26 11:01:18,140 [main] INFO  freon.RandomKeyGenerator (RandomKeyGenerator.java:call(288)) - Number of Volumes: 1.
2019-09-26 11:01:18,140 [pool-47-thread-1] INFO  impl.RaftServerImpl (ServerState.java:<init>(103)) - 02a54e17-f5d7-41bc-86bd-d3683be60571@group-63F8F90438FE: ConfigurationManager, init=-1: [02a54e17-f5d7-41bc-86bd-d3683be60571:192.168.30.13:38404], old=null, confs=<EMPTY_MAP>
2019-09-26 11:01:18,140 [main] INFO  freon.RandomKeyGenerator (RandomKeyGenerator.java:call(289)) - Number of Buckets per Volume: 1.
2019-09-26 11:01:18,140 [main] INFO  freon.RandomKeyGenerator (RandomKeyGenerator.java:call(290)) - Number of Keys per Bucket: 1.
2019-09-26 11:01:18,140 [pool-47-thread-1] INFO  server.RaftServerConfigKeys (ConfUtils.java:logGet(43)) - raft.server.storage.dir = [/workdir/hadoop-ozone/tools/target/test-dir/MiniOzoneClusterImpl-42425eb2-f371-46f3-bb0b-2c68b0fa2a97/datanode-2/data/ratis] (custom)
2019-09-26 11:01:18,140 [main] INFO  freon.RandomKeyGenerator (RandomKeyGenerator.java:call(291)) - Key size: 20971520 bytes
2019-09-26 11:01:18,141 [main] INFO  freon.RandomKeyGenerator (RandomKeyGenerator.java:call(292)) - Buffer size: 4096 bytes
2019-09-26 11:01:18,141 [main] INFO  freon.RandomKeyGenerator (RandomKeyGenerator.java:call(293)) - validateWrites : true
2019-09-26 11:01:18,141 [pool-47-thread-1] INFO  storage.RaftStorageDirectory (RaftStorageDirectory.java:analyzeStorage(246)) - The storage directory /workdir/hadoop-ozone/tools/target/test-dir/MiniOzoneClusterImpl-42425eb2-f371-46f3-bb0b-2c68b0fa2a97/datanode-2/data/ratis/4d008729-d509-4939-94cc-63f8f90438fe does not exist. Creating ...
2019-09-26 11:01:18,146 [main] INFO  freon.RandomKeyGenerator (RandomKeyGenerator.java:call(307)) - Data validation is enabled.
2019-09-26 11:01:18,148 [main] INFO  freon.RandomKeyGenerator (RandomKeyGenerator.java:call(313)) - Starting progress bar Thread.

 0.00% |█                                                                                                    |  0/1 Time: 0:00:002019-09-26 11:01:18,154 [pool-47-thread-1] INFO  storage.RaftStorageDirectory (RaftStorageDirectory.java:tryLock(328)) - Lock on /workdir/hadoop-ozone/tools/target/test-dir/MiniOzoneClusterImpl-42425eb2-f371-46f3-bb0b-2c68b0fa2a97/datanode-2/data/ratis/4d008729-d509-4939-94cc-63f8f90438fe/in_use.lock acquired by nodename 15101@pr-hdds-1569-wvzgm-824869521
2019-09-26 11:01:18,167 [pool-47-thread-1] INFO  storage.RaftStorage (RaftStorage.java:format(72)) - Storage directory /workdir/hadoop-ozone/tools/target/test-dir/MiniOzoneClusterImpl-42425eb2-f371-46f3-bb0b-2c68b0fa2a97/datanode-2/data/ratis/4d008729-d509-4939-94cc-63f8f90438fe has been successfully formatted.
2019-09-26 11:01:18,167 [pool-47-thread-1] INFO  ratis.ContainerStateMachine (ContainerStateMachine.java:loadSnapshot(230)) - group-63F8F90438FE: The snapshot info is null. Setting the last applied indexto:(t:0, i:~)
2019-09-26 11:01:18,167 [pool-47-thread-1] INFO  server.RaftServerConfigKeys (ConfUtils.java:logGet(43)) - raft.server.notification.no-leader.timeout = 120s (custom)
2019-09-26 11:01:18,168 [pool-47-thread-1] INFO  server.RaftServerConfigKeys (ConfUtils.java:logGet(43)) - raft.server.log.use.memory = false (default)
2019-09-26 11:01:18,168 [pool-47-thread-1] INFO  server.RaftServerConfigKeys (ConfUtils.java:logGet(43)) - raft.server.log.purge.gap = 1000000 (custom)
2019-09-26 11:01:18,168 [pool-47-thread-1] INFO  server.RaftServerConfigKeys (ConfUtils.java:logGet(43)) - raft.server.log.appender.buffer.byte-limit = 33554432 (custom)
2019-09-26 11:01:18,168 [pool-47-thread-1] INFO  server.RaftServerConfigKeys (ConfUtils.java:logGet(43)) - raft.server.log.segment.size.max = 1048576 (custom)
2019-09-26 11:01:18,168 [pool-47-thread-1] INFO  server.RaftServerConfigKeys (ConfUtils.java:logGet(43)) - raft.server.log.segment.cache.num.max = 2 (custom)
2019-09-26 11:01:18,168 [pool-47-thread-1] INFO  segmented.SegmentedRaftLogWorker (SegmentedRaftLogWorker.java:<init>(172)) - new 02a54e17-f5d7-41bc-86bd-d3683be60571@group-63F8F90438FE-SegmentedRaftLogWorker for RaftStorage:Storage Directory /workdir/hadoop-ozone/tools/target/test-dir/MiniOzoneClusterImpl-42425eb2-f371-46f3-bb0b-2c68b0fa2a97/datanode-2/data/ratis/4d008729-d509-4939-94cc-63f8f90438fe
2019-09-26 11:01:18,169 [pool-47-thread-1] INFO  server.RaftServerConfigKeys (ConfUtils.java:logGet(43)) - raft.server.log.queue.byte-limit = 2147483647 (custom)
2019-09-26 11:01:18,169 [pool-47-thread-1] INFO  server.RaftServerConfigKeys (ConfUtils.java:logGet(43)) - raft.server.log.queue.element-limit = 1024 (custom)
2019-09-26 11:01:18,169 [pool-47-thread-1] INFO  server.RaftServerConfigKeys (ConfUtils.java:logGet(43)) - raft.server.log.segment.size.max = 1048576 (custom)
2019-09-26 11:01:18,169 [pool-47-thread-1] INFO  server.RaftServerConfigKeys (ConfUtils.java:logGet(43)) - raft.server.log.preallocated.size = 16384 (custom)
2019-09-26 11:01:18,169 [pool-47-thread-1] INFO  server.RaftServerConfigKeys (ConfUtils.java:logGet(43)) - raft.server.log.write.buffer.size = 33554432 (custom)
2019-09-26 11:01:18,170 [pool-47-thread-1] INFO  server.RaftServerConfigKeys (ConfUtils.java:logGet(43)) - raft.server.log.force.sync.num = 128 (default)
2019-09-26 11:01:18,170 [pool-47-thread-1] INFO  server.RaftServerConfigKeys (ConfUtils.java:logGet(43)) - raft.server.log.statemachine.data.sync = true (default)
2019-09-26 11:01:18,170 [pool-47-thread-1] INFO  server.RaftServerConfigKeys (ConfUtils.java:logGet(43)) - raft.server.log.statemachine.data.sync.timeout = 10s (default)
2019-09-26 11:01:18,170 [pool-47-thread-1] INFO  server.RaftServerConfigKeys (ConfUtils.java:logGet(43)) - raft.server.log.statemachine.data.sync.timeout.retry = -1 (default)
2019-09-26 11:01:18,170 [pool-47-thread-1] INFO  server.RaftServerConfigKeys (ConfUtils.java:logGet(43)) - raft.server.log.statemachine.data.caching.enabled = true (custom)
2019-09-26 11:01:18,171 [pool-47-thread-1] INFO  segmented.SegmentedRaftLogWorker (SegmentedRaftLogWorker.java:lambda$new$0(132)) - 02a54e17-f5d7-41bc-86bd-d3683be60571@group-63F8F90438FE-SegmentedRaftLogWorker: flushIndex: setUnconditionally 0 -> -1
2019-09-26 11:01:18,171 [pool-47-thread-1] INFO  server.RaftServerConfigKeys (ConfUtils.java:logGet(43)) - raft.server.snapshot.auto.trigger.enabled = true (custom)
2019-09-26 11:01:18,171 [pool-47-thread-1] INFO  server.RaftServerConfigKeys (ConfUtils.java:logGet(43)) - raft.server.snapshot.auto.trigger.threshold = 10000 (custom)
2019-09-26 11:01:18,173 [pool-47-thread-1] INFO  server.RaftServerConfigKeys (ConfUtils.java:logGet(43)) - raft.server.snapshot.retention.num.files = 5 (custom)
2019-09-26 11:01:18,173 [pool-47-thread-1] INFO  server.RaftServerConfigKeys (ConfUtils.java:logGet(43)) - raft.server.retrycache.expirytime = 600000ms (custom)
2019-09-26 11:01:18,174 [pool-73-thread-1] INFO  rpc.RpcClient (RpcClient.java:createVolume(276)) - Creating Volume: vol-0-38029, with jenkins1000 as owner.
2019-09-26 11:01:18,177 [pool-47-thread-1] INFO  impl.RaftServerImpl (RaftServerImpl.java:start(185)) - 02a54e17-f5d7-41bc-86bd-d3683be60571@group-63F8F90438FE: start as a follower, conf=-1: [02a54e17-f5d7-41bc-86bd-d3683be60571:192.168.30.13:38404], old=null
2019-09-26 11:01:18,178 [pool-47-thread-1] INFO  impl.RaftServerImpl (RaftServerImpl.java:setRole(174)) - 02a54e17-f5d7-41bc-86bd-d3683be60571@group-63F8F90438FE: changes role from      null to FOLLOWER at term 0 for startAsFollower
2019-09-26 11:01:18,179 [pool-47-thread-1] INFO  impl.RoleInfo (RoleInfo.java:updateAndGet(143)) - 02a54e17-f5d7-41bc-86bd-d3683be60571: start FollowerState
2019-09-26 11:01:18,179 [pool-47-thread-1] INFO  util.JmxRegister (JmxRegister.java:tryRegister(44)) - Successfully registered JMX Bean with object name Ratis:service=RaftServer,group=group-63F8F90438FE,id=02a54e17-f5d7-41bc-86bd-d3683be60571
2019-09-26 11:01:18,187 [RatisPipelineUtilsThread] INFO  pipeline.PipelineStateManager (PipelineStateManager.java:addPipeline(56)) - Created pipeline Pipeline[ Id: 4d008729-d509-4939-94cc-63f8f90438fe, Nodes: 02a54e17-f5d7-41bc-86bd-d3683be60571{ip: 192.168.30.13, host: pr-hdds-1569-wvzgm-824869521, networkLocation: /default-rack, certSerialId: null}, Type:RATIS, Factor:ONE, State:OPEN]
2019-09-26 11:01:18,199 [grpc-default-executor-0] INFO  impl.RaftServerProxy (RaftServerProxy.java:addNew(89)) - bffaef1c-5345-42b9-b6d0-3a6335242d0a: addNew group-80B70C94E78C:[bffaef1c-5345-42b9-b6d0-3a6335242d0a:192.168.30.13:39026] returns group-80B70C94E78C:java.util.concurrent.CompletableFuture@2ac9d57[Not completed]
2019-09-26 11:01:18,200 [pool-37-thread-1] INFO  impl.RaftServerImpl (RaftServerImpl.java:<init>(95)) - bffaef1c-5345-42b9-b6d0-3a6335242d0a: new RaftServerImpl for group-80B70C94E78C:[bffaef1c-5345-42b9-b6d0-3a6335242d0a:192.168.30.13:39026] with ContainerStateMachine:uninitialized
2019-09-26 11:01:18,200 [pool-37-thread-1] INFO  server.RaftServerConfigKeys (ConfUtils.java:logGet(43)) - raft.server.rpc.timeout.min = 5s (custom)
2019-09-26 11:01:18,201 [pool-37-thread-1] INFO  server.RaftServerConfigKeys (ConfUtils.java:logGet(43)) - raft.server.rpc.timeout.max = 5200ms (custom)
2019-09-26 11:01:18,201 [pool-37-thread-1] INFO  server.RaftServerConfigKeys (ConfUtils.java:logGet(43)) - raft.server.rpcslowness.timeout = 120s (custom)
2019-09-26 11:01:18,201 [pool-37-thread-1] INFO  server.RaftServerConfigKeys (ConfUtils.java:logGet(43)) - raft.server.sleep.deviation.threshold = 300 (default)
2019-09-26 11:01:18,201 [pool-37-thread-1] INFO  server.RaftServerConfigKeys (ConfUtils.java:logGet(43)) - raft.server.log.appender.install.snapshot.enabled = false (custom)
2019-09-26 11:01:18,201 [pool-37-thread-1] INFO  impl.RaftServerImpl (ServerState.java:<init>(103)) - bffaef1c-5345-42b9-b6d0-3a6335242d0a@group-80B70C94E78C: ConfigurationManager, init=-1: [bffaef1c-5345-42b9-b6d0-3a6335242d0a:192.168.30.13:39026], old=null, confs=<EMPTY_MAP>
2019-09-26 11:01:18,201 [pool-37-thread-1] INFO  server.RaftServerConfigKeys (ConfUtils.java:logGet(43)) - raft.server.storage.dir = [/workdir/hadoop-ozone/tools/target/test-dir/MiniOzoneClusterImpl-42425eb2-f371-46f3-bb0b-2c68b0fa2a97/datanode-1/data/ratis] (custom)
2019-09-26 11:01:18,202 [pool-37-thread-1] INFO  storage.RaftStorageDirectory (RaftStorageDirectory.java:analyzeStorage(246)) - The storage directory /workdir/hadoop-ozone/tools/target/test-dir/MiniOzoneClusterImpl-42425eb2-f371-46f3-bb0b-2c68b0fa2a97/datanode-1/data/ratis/e920b33d-a03c-488c-92e0-80b70c94e78c does not exist. Creating ...
2019-09-26 11:01:18,215 [pool-37-thread-1] INFO  storage.RaftStorageDirectory (RaftStorageDirectory.java:tryLock(328)) - Lock on /workdir/hadoop-ozone/tools/target/test-dir/MiniOzoneClusterImpl-42425eb2-f371-46f3-bb0b-2c68b0fa2a97/datanode-1/data/ratis/e920b33d-a03c-488c-92e0-80b70c94e78c/in_use.lock acquired by nodename 15101@pr-hdds-1569-wvzgm-824869521
2019-09-26 11:01:18,228 [pool-37-thread-1] INFO  storage.RaftStorage (RaftStorage.java:format(72)) - Storage directory /workdir/hadoop-ozone/tools/target/test-dir/MiniOzoneClusterImpl-42425eb2-f371-46f3-bb0b-2c68b0fa2a97/datanode-1/data/ratis/e920b33d-a03c-488c-92e0-80b70c94e78c has been successfully formatted.
2019-09-26 11:01:18,228 [pool-37-thread-1] INFO  ratis.ContainerStateMachine (ContainerStateMachine.java:loadSnapshot(230)) - group-80B70C94E78C: The snapshot info is null. Setting the last applied indexto:(t:0, i:~)
2019-09-26 11:01:18,229 [pool-37-thread-1] INFO  server.RaftServerConfigKeys (ConfUtils.java:logGet(43)) - raft.server.notification.no-leader.timeout = 120s (custom)
2019-09-26 11:01:18,229 [pool-37-thread-1] INFO  server.RaftServerConfigKeys (ConfUtils.java:logGet(43)) - raft.server.log.use.memory = false (default)
2019-09-26 11:01:18,229 [pool-37-thread-1] INFO  server.RaftServerConfigKeys (ConfUtils.java:logGet(43)) - raft.server.log.purge.gap = 1000000 (custom)
2019-09-26 11:01:18,229 [pool-37-thread-1] INFO  server.RaftServerConfigKeys (ConfUtils.java:logGet(43)) - raft.server.log.appender.buffer.byte-limit = 33554432 (custom)
2019-09-26 11:01:18,229 [pool-37-thread-1] INFO  server.RaftServerConfigKeys (ConfUtils.java:logGet(43)) - raft.server.log.segment.size.max = 1048576 (custom)
2019-09-26 11:01:18,229 [pool-37-thread-1] INFO  server.RaftServerConfigKeys (ConfUtils.java:logGet(43)) - raft.server.log.segment.cache.num.max = 2 (custom)
2019-09-26 11:01:18,229 [pool-37-thread-1] INFO  segmented.SegmentedRaftLogWorker (SegmentedRaftLogWorker.java:<init>(172)) - new bffaef1c-5345-42b9-b6d0-3a6335242d0a@group-80B70C94E78C-SegmentedRaftLogWorker for RaftStorage:Storage Directory /workdir/hadoop-ozone/tools/target/test-dir/MiniOzoneClusterImpl-42425eb2-f371-46f3-bb0b-2c68b0fa2a97/datanode-1/data/ratis/e920b33d-a03c-488c-92e0-80b70c94e78c
2019-09-26 11:01:18,229 [pool-37-thread-1] INFO  server.RaftServerConfigKeys (ConfUtils.java:logGet(43)) - raft.server.log.queue.byte-limit = 2147483647 (custom)
2019-09-26 11:01:18,229 [pool-37-thread-1] INFO  server.RaftServerConfigKeys (ConfUtils.java:logGet(43)) - raft.server.log.queue.element-limit = 1024 (custom)
2019-09-26 11:01:18,230 [pool-37-thread-1] INFO  server.RaftServerConfigKeys (ConfUtils.java:logGet(43)) - raft.server.log.segment.size.max = 1048576 (custom)
2019-09-26 11:01:18,230 [pool-37-thread-1] INFO  server.RaftServerConfigKeys (ConfUtils.java:logGet(43)) - raft.server.log.preallocated.size = 16384 (custom)
2019-09-26 11:01:18,230 [pool-37-thread-1] INFO  server.RaftServerConfigKeys (ConfUtils.java:logGet(43)) - raft.server.log.write.buffer.size = 33554432 (custom)
2019-09-26 11:01:18,230 [pool-37-thread-1] INFO  server.RaftServerConfigKeys (ConfUtils.java:logGet(43)) - raft.server.log.force.sync.num = 128 (default)
2019-09-26 11:01:18,230 [pool-37-thread-1] INFO  server.RaftServerConfigKeys (ConfUtils.java:logGet(43)) - raft.server.log.statemachine.data.sync = true (default)
2019-09-26 11:01:18,230 [pool-37-thread-1] INFO  server.RaftServerConfigKeys (ConfUtils.java:logGet(43)) - raft.server.log.statemachine.data.sync.timeout = 10s (default)
2019-09-26 11:01:18,230 [pool-37-thread-1] INFO  server.RaftServerConfigKeys (ConfUtils.java:logGet(43)) - raft.server.log.statemachine.data.sync.timeout.retry = -1 (default)
2019-09-26 11:01:18,230 [pool-37-thread-1] INFO  server.RaftServerConfigKeys (ConfUtils.java:logGet(43)) - raft.server.log.statemachine.data.caching.enabled = true (custom)
2019-09-26 11:01:18,231 [pool-37-thread-1] INFO  segmented.SegmentedRaftLogWorker (SegmentedRaftLogWorker.java:lambda$new$0(132)) - bffaef1c-5345-42b9-b6d0-3a6335242d0a@group-80B70C94E78C-SegmentedRaftLogWorker: flushIndex: setUnconditionally 0 -> -1
2019-09-26 11:01:18,231 [pool-37-thread-1] INFO  server.RaftServerConfigKeys (ConfUtils.java:logGet(43)) - raft.server.snapshot.auto.trigger.enabled = true (custom)
2019-09-26 11:01:18,231 [pool-37-thread-1] INFO  server.RaftServerConfigKeys (ConfUtils.java:logGet(43)) - raft.server.snapshot.auto.trigger.threshold = 10000 (custom)
2019-09-26 11:01:18,231 [pool-37-thread-1] INFO  server.RaftServerConfigKeys (ConfUtils.java:logGet(43)) - raft.server.snapshot.retention.num.files = 5 (custom)
2019-09-26 11:01:18,231 [pool-37-thread-1] INFO  server.RaftServerConfigKeys (ConfUtils.java:logGet(43)) - raft.server.retrycache.expirytime = 600000ms (custom)
2019-09-26 11:01:18,234 [pool-37-thread-1] INFO  impl.RaftServerImpl (RaftServerImpl.java:start(185)) - bffaef1c-5345-42b9-b6d0-3a6335242d0a@group-80B70C94E78C: start as a follower, conf=-1: [bffaef1c-5345-42b9-b6d0-3a6335242d0a:192.168.30.13:39026], old=null
2019-09-26 11:01:18,234 [pool-37-thread-1] INFO  impl.RaftServerImpl (RaftServerImpl.java:setRole(174)) - bffaef1c-5345-42b9-b6d0-3a6335242d0a@group-80B70C94E78C: changes role from      null to FOLLOWER at term 0 for startAsFollower
2019-09-26 11:01:18,234 [pool-37-thread-1] INFO  impl.RoleInfo (RoleInfo.java:updateAndGet(143)) - bffaef1c-5345-42b9-b6d0-3a6335242d0a: start FollowerState
2019-09-26 11:01:18,234 [pool-37-thread-1] INFO  util.JmxRegister (JmxRegister.java:tryRegister(44)) - Successfully registered JMX Bean with object name Ratis:service=RaftServer,group=group-80B70C94E78C,id=bffaef1c-5345-42b9-b6d0-3a6335242d0a
2019-09-26 11:01:18,241 [RatisPipelineUtilsThread] INFO  pipeline.PipelineStateManager (PipelineStateManager.java:addPipeline(56)) - Created pipeline Pipeline[ Id: e920b33d-a03c-488c-92e0-80b70c94e78c, Nodes: bffaef1c-5345-42b9-b6d0-3a6335242d0a{ip: 192.168.30.13, host: pr-hdds-1569-wvzgm-824869521, networkLocation: /default-rack, certSerialId: null}, Type:RATIS, Factor:ONE, State:OPEN]
2019-09-26 11:01:18,265 [grpc-default-executor-0] INFO  impl.RaftServerProxy (RaftServerProxy.java:addNew(89)) - bffaef1c-5345-42b9-b6d0-3a6335242d0a: addNew group-12CC0BEB3B6F:[bffaef1c-5345-42b9-b6d0-3a6335242d0a:192.168.30.13:39026] returns group-12CC0BEB3B6F:java.util.concurrent.CompletableFuture@1f07425b[Not completed]
2019-09-26 11:01:18,267 [pool-37-thread-1] INFO  impl.RaftServerImpl (RaftServerImpl.java:<init>(95)) - bffaef1c-5345-42b9-b6d0-3a6335242d0a: new RaftServerImpl for group-12CC0BEB3B6F:[bffaef1c-5345-42b9-b6d0-3a6335242d0a:192.168.30.13:39026] with ContainerStateMachine:uninitialized
2019-09-26 11:01:18,267 [pool-37-thread-1] INFO  server.RaftServerConfigKeys (ConfUtils.java:logGet(43)) - raft.server.rpc.timeout.min = 5s (custom)
2019-09-26 11:01:18,267 [pool-37-thread-1] INFO  server.RaftServerConfigKeys (ConfUtils.java:logGet(43)) - raft.server.rpc.timeout.max = 5200ms (custom)
2019-09-26 11:01:18,267 [pool-37-thread-1] INFO  server.RaftServerConfigKeys (ConfUtils.java:logGet(43)) - raft.server.rpcslowness.timeout = 120s (custom)
2019-09-26 11:01:18,267 [pool-37-thread-1] INFO  server.RaftServerConfigKeys (ConfUtils.java:logGet(43)) - raft.server.sleep.deviation.threshold = 300 (default)
2019-09-26 11:01:18,268 [pool-37-thread-1] INFO  server.RaftServerConfigKeys (ConfUtils.java:logGet(43)) - raft.server.log.appender.install.snapshot.enabled = false (custom)
2019-09-26 11:01:18,268 [pool-37-thread-1] INFO  impl.RaftServerImpl (ServerState.java:<init>(103)) - bffaef1c-5345-42b9-b6d0-3a6335242d0a@group-12CC0BEB3B6F: ConfigurationManager, init=-1: [bffaef1c-5345-42b9-b6d0-3a6335242d0a:192.168.30.13:39026], old=null, confs=<EMPTY_MAP>
2019-09-26 11:01:18,268 [pool-37-thread-1] INFO  server.RaftServerConfigKeys (ConfUtils.java:logGet(43)) - raft.server.storage.dir = [/workdir/hadoop-ozone/tools/target/test-dir/MiniOzoneClusterImpl-42425eb2-f371-46f3-bb0b-2c68b0fa2a97/datanode-1/data/ratis] (custom)
2019-09-26 11:01:18,268 [pool-37-thread-1] INFO  storage.RaftStorageDirectory (RaftStorageDirectory.java:analyzeStorage(246)) - The storage directory /workdir/hadoop-ozone/tools/target/test-dir/MiniOzoneClusterImpl-42425eb2-f371-46f3-bb0b-2c68b0fa2a97/datanode-1/data/ratis/0362fa19-d8e5-4aa9-ad2a-12cc0beb3b6f does not exist. Creating ...
2019-09-26 11:01:18,281 [pool-37-thread-1] INFO  storage.RaftStorageDirectory (RaftStorageDirectory.java:tryLock(328)) - Lock on /workdir/hadoop-ozone/tools/target/test-dir/MiniOzoneClusterImpl-42425eb2-f371-46f3-bb0b-2c68b0fa2a97/datanode-1/data/ratis/0362fa19-d8e5-4aa9-ad2a-12cc0beb3b6f/in_use.lock acquired by nodename 15101@pr-hdds-1569-wvzgm-824869521
2019-09-26 11:01:18,304 [pool-37-thread-1] INFO  storage.RaftStorage (RaftStorage.java:format(72)) - Storage directory /workdir/hadoop-ozone/tools/target/test-dir/MiniOzoneClusterImpl-42425eb2-f371-46f3-bb0b-2c68b0fa2a97/datanode-1/data/ratis/0362fa19-d8e5-4aa9-ad2a-12cc0beb3b6f has been successfully formatted.
2019-09-26 11:01:18,305 [pool-37-thread-1] INFO  ratis.ContainerStateMachine (ContainerStateMachine.java:loadSnapshot(230)) - group-12CC0BEB3B6F: The snapshot info is null. Setting the last applied indexto:(t:0, i:~)
2019-09-26 11:01:18,305 [pool-37-thread-1] INFO  server.RaftServerConfigKeys (ConfUtils.java:logGet(43)) - raft.server.notification.no-leader.timeout = 120s (custom)
2019-09-26 11:01:18,305 [pool-37-thread-1] INFO  server.RaftServerConfigKeys (ConfUtils.java:logGet(43)) - raft.server.log.use.memory = false (default)
2019-09-26 11:01:18,305 [pool-37-thread-1] INFO  server.RaftServerConfigKeys (ConfUtils.java:logGet(43)) - raft.server.log.purge.gap = 1000000 (custom)
2019-09-26 11:01:18,305 [pool-37-thread-1] INFO  server.RaftServerConfigKeys (ConfUtils.java:logGet(43)) - raft.server.log.appender.buffer.byte-limit = 33554432 (custom)
2019-09-26 11:01:18,306 [pool-37-thread-1] INFO  server.RaftServerConfigKeys (ConfUtils.java:logGet(43)) - raft.server.log.segment.size.max = 1048576 (custom)
2019-09-26 11:01:18,306 [pool-37-thread-1] INFO  server.RaftServerConfigKeys (ConfUtils.java:logGet(43)) - raft.server.log.segment.cache.num.max = 2 (custom)
2019-09-26 11:01:18,306 [pool-37-thread-1] INFO  segmented.SegmentedRaftLogWorker (SegmentedRaftLogWorker.java:<init>(172)) - new bffaef1c-5345-42b9-b6d0-3a6335242d0a@group-12CC0BEB3B6F-SegmentedRaftLogWorker for RaftStorage:Storage Directory /workdir/hadoop-ozone/tools/target/test-dir/MiniOzoneClusterImpl-42425eb2-f371-46f3-bb0b-2c68b0fa2a97/datanode-1/data/ratis/0362fa19-d8e5-4aa9-ad2a-12cc0beb3b6f
2019-09-26 11:01:18,306 [pool-37-thread-1] INFO  server.RaftServerConfigKeys (ConfUtils.java:logGet(43)) - raft.server.log.queue.byte-limit = 2147483647 (custom)
2019-09-26 11:01:18,307 [pool-37-thread-1] INFO  server.RaftServerConfigKeys (ConfUtils.java:logGet(43)) - raft.server.log.queue.element-limit = 1024 (custom)
2019-09-26 11:01:18,307 [pool-37-thread-1] INFO  server.RaftServerConfigKeys (ConfUtils.java:logGet(43)) - raft.server.log.segment.size.max = 1048576 (custom)
2019-09-26 11:01:18,307 [pool-37-thread-1] INFO  server.RaftServerConfigKeys (ConfUtils.java:logGet(43)) - raft.server.log.preallocated.size = 16384 (custom)
2019-09-26 11:01:18,307 [pool-37-thread-1] INFO  server.RaftServerConfigKeys (ConfUtils.java:logGet(43)) - raft.server.log.write.buffer.size = 33554432 (custom)
2019-09-26 11:01:18,307 [pool-37-thread-1] INFO  server.RaftServerConfigKeys (ConfUtils.java:logGet(43)) - raft.server.log.force.sync.num = 128 (default)
2019-09-26 11:01:18,308 [pool-37-thread-1] INFO  server.RaftServerConfigKeys (ConfUtils.java:logGet(43)) - raft.server.log.statemachine.data.sync = true (default)
2019-09-26 11:01:18,308 [pool-37-thread-1] INFO  server.RaftServerConfigKeys (ConfUtils.java:logGet(43)) - raft.server.log.statemachine.data.sync.timeout = 10s (default)
2019-09-26 11:01:18,308 [pool-37-thread-1] INFO  server.RaftServerConfigKeys (ConfUtils.java:logGet(43)) - raft.server.log.statemachine.data.sync.timeout.retry = -1 (default)
2019-09-26 11:01:18,308 [pool-37-thread-1] INFO  server.RaftServerConfigKeys (ConfUtils.java:logGet(43)) - raft.server.log.statemachine.data.caching.enabled = true (custom)
2019-09-26 11:01:18,309 [pool-37-thread-1] INFO  segmented.SegmentedRaftLogWorker (SegmentedRaftLogWorker.java:lambda$new$0(132)) - bffaef1c-5345-42b9-b6d0-3a6335242d0a@group-12CC0BEB3B6F-SegmentedRaftLogWorker: flushIndex: setUnconditionally 0 -> -1
2019-09-26 11:01:18,309 [pool-37-thread-1] INFO  server.RaftServerConfigKeys (ConfUtils.java:logGet(43)) - raft.server.snapshot.auto.trigger.enabled = true (custom)
2019-09-26 11:01:18,309 [pool-37-thread-1] INFO  server.RaftServerConfigKeys (ConfUtils.java:logGet(43)) - raft.server.snapshot.auto.trigger.threshold = 10000 (custom)
2019-09-26 11:01:18,311 [pool-37-thread-1] INFO  server.RaftServerConfigKeys (ConfUtils.java:logGet(43)) - raft.server.snapshot.retention.num.files = 5 (custom)
2019-09-26 11:01:18,311 [pool-37-thread-1] INFO  server.RaftServerConfigKeys (ConfUtils.java:logGet(43)) - raft.server.retrycache.expirytime = 600000ms (custom)
2019-09-26 11:01:18,311 [IPC Server handler 13 on 34941] INFO  volume.OMVolumeCreateRequest (OMVolumeCreateRequest.java:validateAndUpdateCache(189)) - created volume:vol-0-38029 for user:jenkins1000
2019-09-26 11:01:18,313 [pool-37-thread-1] INFO  impl.RaftServerImpl (RaftServerImpl.java:start(185)) - bffaef1c-5345-42b9-b6d0-3a6335242d0a@group-12CC0BEB3B6F: start as a follower, conf=-1: [bffaef1c-5345-42b9-b6d0-3a6335242d0a:192.168.30.13:39026], old=null
2019-09-26 11:01:18,313 [pool-37-thread-1] INFO  impl.RaftServerImpl (RaftServerImpl.java:setRole(174)) - bffaef1c-5345-42b9-b6d0-3a6335242d0a@group-12CC0BEB3B6F: changes role from      null to FOLLOWER at term 0 for startAsFollower
2019-09-26 11:01:18,313 [pool-37-thread-1] INFO  impl.RoleInfo (RoleInfo.java:updateAndGet(143)) - bffaef1c-5345-42b9-b6d0-3a6335242d0a: start FollowerState
2019-09-26 11:01:18,320 [pool-37-thread-1] INFO  util.JmxRegister (JmxRegister.java:tryRegister(44)) - Successfully registered JMX Bean with object name Ratis:service=RaftServer,group=group-12CC0BEB3B6F,id=bffaef1c-5345-42b9-b6d0-3a6335242d0a
2019-09-26 11:01:18,335 [RatisPipelineUtilsThread] INFO  pipeline.PipelineStateManager (PipelineStateManager.java:addPipeline(56)) - Created pipeline Pipeline[ Id: 0362fa19-d8e5-4aa9-ad2a-12cc0beb3b6f, Nodes: bffaef1c-5345-42b9-b6d0-3a6335242d0a{ip: 192.168.30.13, host: pr-hdds-1569-wvzgm-824869521, networkLocation: /default-rack, certSerialId: null}, Type:RATIS, Factor:ONE, State:OPEN]
2019-09-26 11:01:18,352 [grpc-default-executor-0] INFO  impl.RaftServerProxy (RaftServerProxy.java:addNew(89)) - f1b27ee7-0671-41a8-9e25-617c44580f9f: addNew group-76D21720363D:[f1b27ee7-0671-41a8-9e25-617c44580f9f:192.168.30.13:39028] returns group-76D21720363D:java.util.concurrent.CompletableFuture@3797d289[Not completed]
2019-09-26 11:01:18,356 [pool-67-thread-1] INFO  impl.RaftServerImpl (RaftServerImpl.java:<init>(95)) - f1b27ee7-0671-41a8-9e25-617c44580f9f: new RaftServerImpl for group-76D21720363D:[f1b27ee7-0671-41a8-9e25-617c44580f9f:192.168.30.13:39028] with ContainerStateMachine:uninitialized
2019-09-26 11:01:18,357 [pool-67-thread-1] INFO  server.RaftServerConfigKeys (ConfUtils.java:logGet(43)) - raft.server.rpc.timeout.min = 5s (custom)
2019-09-26 11:01:18,357 [pool-67-thread-1] INFO  server.RaftServerConfigKeys (ConfUtils.java:logGet(43)) - raft.server.rpc.timeout.max = 5200ms (custom)
2019-09-26 11:01:18,357 [pool-67-thread-1] INFO  server.RaftServerConfigKeys (ConfUtils.java:logGet(43)) - raft.server.rpcslowness.timeout = 120s (custom)
2019-09-26 11:01:18,357 [pool-67-thread-1] INFO  server.RaftServerConfigKeys (ConfUtils.java:logGet(43)) - raft.server.sleep.deviation.threshold = 300 (default)
2019-09-26 11:01:18,357 [pool-67-thread-1] INFO  server.RaftServerConfigKeys (ConfUtils.java:logGet(43)) - raft.server.log.appender.install.snapshot.enabled = false (custom)
2019-09-26 11:01:18,357 [pool-67-thread-1] INFO  impl.RaftServerImpl (ServerState.java:<init>(103)) - f1b27ee7-0671-41a8-9e25-617c44580f9f@group-76D21720363D: ConfigurationManager, init=-1: [f1b27ee7-0671-41a8-9e25-617c44580f9f:192.168.30.13:39028], old=null, confs=<EMPTY_MAP>
2019-09-26 11:01:18,357 [pool-67-thread-1] INFO  server.RaftServerConfigKeys (ConfUtils.java:logGet(43)) - raft.server.storage.dir = [/workdir/hadoop-ozone/tools/target/test-dir/MiniOzoneClusterImpl-42425eb2-f371-46f3-bb0b-2c68b0fa2a97/datanode-4/data/ratis] (custom)
2019-09-26 11:01:18,358 [pool-67-thread-1] INFO  storage.RaftStorageDirectory (RaftStorageDirectory.java:analyzeStorage(246)) - The storage directory /workdir/hadoop-ozone/tools/target/test-dir/MiniOzoneClusterImpl-42425eb2-f371-46f3-bb0b-2c68b0fa2a97/datanode-4/data/ratis/bde29175-f6ab-4ace-8d4b-76d21720363d does not exist. Creating ...
2019-09-26 11:01:18,367 [pool-73-thread-2] INFO  rpc.RpcClient (RpcClient.java:createBucket(415)) - Creating Bucket: vol-0-38029/bucket-0-35769, with Versioning false and Storage Type set to DISK and Encryption set to false 
2019-09-26 11:01:18,371 [pool-67-thread-1] INFO  storage.RaftStorageDirectory (RaftStorageDirectory.java:tryLock(328)) - Lock on /workdir/hadoop-ozone/tools/target/test-dir/MiniOzoneClusterImpl-42425eb2-f371-46f3-bb0b-2c68b0fa2a97/datanode-4/data/ratis/bde29175-f6ab-4ace-8d4b-76d21720363d/in_use.lock acquired by nodename 15101@pr-hdds-1569-wvzgm-824869521
2019-09-26 11:01:18,387 [pool-67-thread-1] INFO  storage.RaftStorage (RaftStorage.java:format(72)) - Storage directory /workdir/hadoop-ozone/tools/target/test-dir/MiniOzoneClusterImpl-42425eb2-f371-46f3-bb0b-2c68b0fa2a97/datanode-4/data/ratis/bde29175-f6ab-4ace-8d4b-76d21720363d has been successfully formatted.
2019-09-26 11:01:18,387 [pool-67-thread-1] INFO  ratis.ContainerStateMachine (ContainerStateMachine.java:loadSnapshot(230)) - group-76D21720363D: The snapshot info is null. Setting the last applied indexto:(t:0, i:~)
2019-09-26 11:01:18,387 [pool-67-thread-1] INFO  server.RaftServerConfigKeys (ConfUtils.java:logGet(43)) - raft.server.notification.no-leader.timeout = 120s (custom)
2019-09-26 11:01:18,388 [pool-67-thread-1] INFO  server.RaftServerConfigKeys (ConfUtils.java:logGet(43)) - raft.server.log.use.memory = false (default)
2019-09-26 11:01:18,388 [pool-67-thread-1] INFO  server.RaftServerConfigKeys (ConfUtils.java:logGet(43)) - raft.server.log.purge.gap = 1000000 (custom)
2019-09-26 11:01:18,388 [pool-67-thread-1] INFO  server.RaftServerConfigKeys (ConfUtils.java:logGet(43)) - raft.server.log.appender.buffer.byte-limit = 33554432 (custom)
2019-09-26 11:01:18,388 [pool-67-thread-1] INFO  server.RaftServerConfigKeys (ConfUtils.java:logGet(43)) - raft.server.log.segment.size.max = 1048576 (custom)
2019-09-26 11:01:18,388 [pool-67-thread-1] INFO  server.RaftServerConfigKeys (ConfUtils.java:logGet(43)) - raft.server.log.segment.cache.num.max = 2 (custom)
2019-09-26 11:01:18,388 [pool-67-thread-1] INFO  segmented.SegmentedRaftLogWorker (SegmentedRaftLogWorker.java:<init>(172)) - new f1b27ee7-0671-41a8-9e25-617c44580f9f@group-76D21720363D-SegmentedRaftLogWorker for RaftStorage:Storage Directory /workdir/hadoop-ozone/tools/target/test-dir/MiniOzoneClusterImpl-42425eb2-f371-46f3-bb0b-2c68b0fa2a97/datanode-4/data/ratis/bde29175-f6ab-4ace-8d4b-76d21720363d
2019-09-26 11:01:18,388 [pool-67-thread-1] INFO  server.RaftServerConfigKeys (ConfUtils.java:logGet(43)) - raft.server.log.queue.byte-limit = 2147483647 (custom)
2019-09-26 11:01:18,388 [pool-67-thread-1] INFO  server.RaftServerConfigKeys (ConfUtils.java:logGet(43)) - raft.server.log.queue.element-limit = 1024 (custom)
2019-09-26 11:01:18,389 [pool-67-thread-1] INFO  server.RaftServerConfigKeys (ConfUtils.java:logGet(43)) - raft.server.log.segment.size.max = 1048576 (custom)
2019-09-26 11:01:18,389 [pool-67-thread-1] INFO  server.RaftServerConfigKeys (ConfUtils.java:logGet(43)) - raft.server.log.preallocated.size = 16384 (custom)
2019-09-26 11:01:18,389 [pool-67-thread-1] INFO  server.RaftServerConfigKeys (ConfUtils.java:logGet(43)) - raft.server.log.write.buffer.size = 33554432 (custom)
2019-09-26 11:01:18,389 [pool-67-thread-1] INFO  server.RaftServerConfigKeys (ConfUtils.java:logGet(43)) - raft.server.log.force.sync.num = 128 (default)
2019-09-26 11:01:18,389 [pool-67-thread-1] INFO  server.RaftServerConfigKeys (ConfUtils.java:logGet(43)) - raft.server.log.statemachine.data.sync = true (default)
2019-09-26 11:01:18,389 [pool-67-thread-1] INFO  server.RaftServerConfigKeys (ConfUtils.java:logGet(43)) - raft.server.log.statemachine.data.sync.timeout = 10s (default)
2019-09-26 11:01:18,391 [pool-67-thread-1] INFO  server.RaftServerConfigKeys (ConfUtils.java:logGet(43)) - raft.server.log.statemachine.data.sync.timeout.retry = -1 (default)
2019-09-26 11:01:18,391 [pool-67-thread-1] INFO  server.RaftServerConfigKeys (ConfUtils.java:logGet(43)) - raft.server.log.statemachine.data.caching.enabled = true (custom)
2019-09-26 11:01:18,391 [pool-67-thread-1] INFO  segmented.SegmentedRaftLogWorker (SegmentedRaftLogWorker.java:lambda$new$0(132)) - f1b27ee7-0671-41a8-9e25-617c44580f9f@group-76D21720363D-SegmentedRaftLogWorker: flushIndex: setUnconditionally 0 -> -1
2019-09-26 11:01:18,391 [pool-67-thread-1] INFO  server.RaftServerConfigKeys (ConfUtils.java:logGet(43)) - raft.server.snapshot.auto.trigger.enabled = true (custom)
2019-09-26 11:01:18,391 [pool-67-thread-1] INFO  server.RaftServerConfigKeys (ConfUtils.java:logGet(43)) - raft.server.snapshot.auto.trigger.threshold = 10000 (custom)
2019-09-26 11:01:18,392 [pool-67-thread-1] INFO  server.RaftServerConfigKeys (ConfUtils.java:logGet(43)) - raft.server.snapshot.retention.num.files = 5 (custom)
2019-09-26 11:01:18,392 [pool-67-thread-1] INFO  server.RaftServerConfigKeys (ConfUtils.java:logGet(43)) - raft.server.retrycache.expirytime = 600000ms (custom)
2019-09-26 11:01:18,396 [pool-67-thread-1] INFO  impl.RaftServerImpl (RaftServerImpl.java:start(185)) - f1b27ee7-0671-41a8-9e25-617c44580f9f@group-76D21720363D: start as a follower, conf=-1: [f1b27ee7-0671-41a8-9e25-617c44580f9f:192.168.30.13:39028], old=null
2019-09-26 11:01:18,396 [pool-67-thread-1] INFO  impl.RaftServerImpl (RaftServerImpl.java:setRole(174)) - f1b27ee7-0671-41a8-9e25-617c44580f9f@group-76D21720363D: changes role from      null to FOLLOWER at term 0 for startAsFollower
2019-09-26 11:01:18,396 [pool-67-thread-1] INFO  impl.RoleInfo (RoleInfo.java:updateAndGet(143)) - f1b27ee7-0671-41a8-9e25-617c44580f9f: start FollowerState
2019-09-26 11:01:18,396 [pool-67-thread-1] INFO  util.JmxRegister (JmxRegister.java:tryRegister(44)) - Successfully registered JMX Bean with object name Ratis:service=RaftServer,group=group-76D21720363D,id=f1b27ee7-0671-41a8-9e25-617c44580f9f
2019-09-26 11:01:18,403 [RatisPipelineUtilsThread] INFO  pipeline.PipelineStateManager (PipelineStateManager.java:addPipeline(56)) - Created pipeline Pipeline[ Id: bde29175-f6ab-4ace-8d4b-76d21720363d, Nodes: f1b27ee7-0671-41a8-9e25-617c44580f9f{ip: 192.168.30.13, host: pr-hdds-1569-wvzgm-824869521, networkLocation: /default-rack, certSerialId: null}, Type:RATIS, Factor:ONE, State:OPEN]
2019-09-26 11:01:18,842 [grpc-default-executor-0] INFO  impl.RaftServerProxy (RaftServerProxy.java:addNew(89)) - 5ef5b40b-6668-4f90-a5de-67c965602eb0: addNew group-D0B47440275A:[5ef5b40b-6668-4f90-a5de-67c965602eb0:192.168.30.13:39653] returns group-D0B47440275A:java.util.concurrent.CompletableFuture@30ce4731[Not completed]
2019-09-26 11:01:18,863 [pool-27-thread-1] INFO  impl.RaftServerImpl (RaftServerImpl.java:<init>(95)) - 5ef5b40b-6668-4f90-a5de-67c965602eb0: new RaftServerImpl for group-D0B47440275A:[5ef5b40b-6668-4f90-a5de-67c965602eb0:192.168.30.13:39653] with ContainerStateMachine:uninitialized
2019-09-26 11:01:18,864 [pool-27-thread-1] INFO  server.RaftServerConfigKeys (ConfUtils.java:logGet(43)) - raft.server.rpc.timeout.min = 5s (custom)
2019-09-26 11:01:18,864 [pool-27-thread-1] INFO  server.RaftServerConfigKeys (ConfUtils.java:logGet(43)) - raft.server.rpc.timeout.max = 5200ms (custom)
2019-09-26 11:01:18,864 [pool-27-thread-1] INFO  server.RaftServerConfigKeys (ConfUtils.java:logGet(43)) - raft.server.rpcslowness.timeout = 120s (custom)
2019-09-26 11:01:18,864 [pool-27-thread-1] INFO  server.RaftServerConfigKeys (ConfUtils.java:logGet(43)) - raft.server.sleep.deviation.threshold = 300 (default)
2019-09-26 11:01:18,864 [pool-27-thread-1] INFO  server.RaftServerConfigKeys (ConfUtils.java:logGet(43)) - raft.server.log.appender.install.snapshot.enabled = false (custom)
2019-09-26 11:01:18,864 [pool-27-thread-1] INFO  impl.RaftServerImpl (ServerState.java:<init>(103)) - 5ef5b40b-6668-4f90-a5de-67c965602eb0@group-D0B47440275A: ConfigurationManager, init=-1: [5ef5b40b-6668-4f90-a5de-67c965602eb0:192.168.30.13:39653], old=null, confs=<EMPTY_MAP>
2019-09-26 11:01:18,865 [pool-27-thread-1] INFO  server.RaftServerConfigKeys (ConfUtils.java:logGet(43)) - raft.server.storage.dir = [/workdir/hadoop-ozone/tools/target/test-dir/MiniOzoneClusterImpl-42425eb2-f371-46f3-bb0b-2c68b0fa2a97/datanode-0/data/ratis] (custom)
2019-09-26 11:01:18,865 [pool-27-thread-1] INFO  storage.RaftStorageDirectory (RaftStorageDirectory.java:analyzeStorage(246)) - The storage directory /workdir/hadoop-ozone/tools/target/test-dir/MiniOzoneClusterImpl-42425eb2-f371-46f3-bb0b-2c68b0fa2a97/datanode-0/data/ratis/a0a048d1-9075-4fd1-9acf-d0b47440275a does not exist. Creating ...
2019-09-26 11:01:18,896 [pool-27-thread-1] INFO  storage.RaftStorageDirectory (RaftStorageDirectory.java:tryLock(328)) - Lock on /workdir/hadoop-ozone/tools/target/test-dir/MiniOzoneClusterImpl-42425eb2-f371-46f3-bb0b-2c68b0fa2a97/datanode-0/data/ratis/a0a048d1-9075-4fd1-9acf-d0b47440275a/in_use.lock acquired by nodename 15101@pr-hdds-1569-wvzgm-824869521
2019-09-26 11:01:18,910 [pool-27-thread-1] INFO  storage.RaftStorage (RaftStorage.java:format(72)) - Storage directory /workdir/hadoop-ozone/tools/target/test-dir/MiniOzoneClusterImpl-42425eb2-f371-46f3-bb0b-2c68b0fa2a97/datanode-0/data/ratis/a0a048d1-9075-4fd1-9acf-d0b47440275a has been successfully formatted.
2019-09-26 11:01:18,910 [pool-27-thread-1] INFO  ratis.ContainerStateMachine (ContainerStateMachine.java:loadSnapshot(230)) - group-D0B47440275A: The snapshot info is null. Setting the last applied indexto:(t:0, i:~)
2019-09-26 11:01:18,910 [pool-27-thread-1] INFO  server.RaftServerConfigKeys (ConfUtils.java:logGet(43)) - raft.server.notification.no-leader.timeout = 120s (custom)
2019-09-26 11:01:18,910 [pool-27-thread-1] INFO  server.RaftServerConfigKeys (ConfUtils.java:logGet(43)) - raft.server.log.use.memory = false (default)
2019-09-26 11:01:18,911 [pool-27-thread-1] INFO  server.RaftServerConfigKeys (ConfUtils.java:logGet(43)) - raft.server.log.purge.gap = 1000000 (custom)
2019-09-26 11:01:18,911 [pool-27-thread-1] INFO  server.RaftServerConfigKeys (ConfUtils.java:logGet(43)) - raft.server.log.appender.buffer.byte-limit = 33554432 (custom)
2019-09-26 11:01:18,911 [pool-27-thread-1] INFO  server.RaftServerConfigKeys (ConfUtils.java:logGet(43)) - raft.server.log.segment.size.max = 1048576 (custom)
2019-09-26 11:01:18,911 [pool-27-thread-1] INFO  server.RaftServerConfigKeys (ConfUtils.java:logGet(43)) - raft.server.log.segment.cache.num.max = 2 (custom)
2019-09-26 11:01:18,911 [pool-27-thread-1] INFO  segmented.SegmentedRaftLogWorker (SegmentedRaftLogWorker.java:<init>(172)) - new 5ef5b40b-6668-4f90-a5de-67c965602eb0@group-D0B47440275A-SegmentedRaftLogWorker for RaftStorage:Storage Directory /workdir/hadoop-ozone/tools/target/test-dir/MiniOzoneClusterImpl-42425eb2-f371-46f3-bb0b-2c68b0fa2a97/datanode-0/data/ratis/a0a048d1-9075-4fd1-9acf-d0b47440275a
2019-09-26 11:01:18,912 [pool-27-thread-1] INFO  server.RaftServerConfigKeys (ConfUtils.java:logGet(43)) - raft.server.log.queue.byte-limit = 2147483647 (custom)
2019-09-26 11:01:18,912 [pool-27-thread-1] INFO  server.RaftServerConfigKeys (ConfUtils.java:logGet(43)) - raft.server.log.queue.element-limit = 1024 (custom)
2019-09-26 11:01:18,912 [pool-27-thread-1] INFO  server.RaftServerConfigKeys (ConfUtils.java:logGet(43)) - raft.server.log.segment.size.max = 1048576 (custom)
2019-09-26 11:01:18,912 [pool-27-thread-1] INFO  server.RaftServerConfigKeys (ConfUtils.java:logGet(43)) - raft.server.log.preallocated.size = 16384 (custom)
2019-09-26 11:01:18,912 [pool-27-thread-1] INFO  server.RaftServerConfigKeys (ConfUtils.java:logGet(43)) - raft.server.log.write.buffer.size = 33554432 (custom)
2019-09-26 11:01:18,912 [pool-27-thread-1] INFO  server.RaftServerConfigKeys (ConfUtils.java:logGet(43)) - raft.server.log.force.sync.num = 128 (default)
2019-09-26 11:01:18,912 [pool-27-thread-1] INFO  server.RaftServerConfigKeys (ConfUtils.java:logGet(43)) - raft.server.log.statemachine.data.sync = true (default)
2019-09-26 11:01:18,913 [pool-27-thread-1] INFO  server.RaftServerConfigKeys (ConfUtils.java:logGet(43)) - raft.server.log.statemachine.data.sync.timeout = 10s (default)
2019-09-26 11:01:18,913 [pool-27-thread-1] INFO  server.RaftServerConfigKeys (ConfUtils.java:logGet(43)) - raft.server.log.statemachine.data.sync.timeout.retry = -1 (default)
2019-09-26 11:01:18,913 [pool-27-thread-1] INFO  server.RaftServerConfigKeys (ConfUtils.java:logGet(43)) - raft.server.log.statemachine.data.caching.enabled = true (custom)
2019-09-26 11:01:18,913 [pool-27-thread-1] INFO  segmented.SegmentedRaftLogWorker (SegmentedRaftLogWorker.java:lambda$new$0(132)) - 5ef5b40b-6668-4f90-a5de-67c965602eb0@group-D0B47440275A-SegmentedRaftLogWorker: flushIndex: setUnconditionally 0 -> -1
2019-09-26 11:01:18,914 [pool-27-thread-1] INFO  server.RaftServerConfigKeys (ConfUtils.java:logGet(43)) - raft.server.snapshot.auto.trigger.enabled = true (custom)
2019-09-26 11:01:18,914 [pool-27-thread-1] INFO  server.RaftServerConfigKeys (ConfUtils.java:logGet(43)) - raft.server.snapshot.auto.trigger.threshold = 10000 (custom)
2019-09-26 11:01:18,914 [pool-27-thread-1] INFO  server.RaftServerConfigKeys (ConfUtils.java:logGet(43)) - raft.server.snapshot.retention.num.files = 5 (custom)
2019-09-26 11:01:18,914 [pool-27-thread-1] INFO  server.RaftServerConfigKeys (ConfUtils.java:logGet(43)) - raft.server.retrycache.expirytime = 600000ms (custom)
2019-09-26 11:01:18,917 [pool-27-thread-1] INFO  impl.RaftServerImpl (RaftServerImpl.java:start(185)) - 5ef5b40b-6668-4f90-a5de-67c965602eb0@group-D0B47440275A: start as a follower, conf=-1: [5ef5b40b-6668-4f90-a5de-67c965602eb0:192.168.30.13:39653], old=null
2019-09-26 11:01:18,917 [pool-27-thread-1] INFO  impl.RaftServerImpl (RaftServerImpl.java:setRole(174)) - 5ef5b40b-6668-4f90-a5de-67c965602eb0@group-D0B47440275A: changes role from      null to FOLLOWER at term 0 for startAsFollower
2019-09-26 11:01:18,917 [pool-27-thread-1] INFO  impl.RoleInfo (RoleInfo.java:updateAndGet(143)) - 5ef5b40b-6668-4f90-a5de-67c965602eb0: start FollowerState
2019-09-26 11:01:18,918 [pool-27-thread-1] INFO  util.JmxRegister (JmxRegister.java:tryRegister(44)) - Successfully registered JMX Bean with object name Ratis:service=RaftServer,group=group-D0B47440275A,id=5ef5b40b-6668-4f90-a5de-67c965602eb0
2019-09-26 11:01:18,924 [RatisPipelineUtilsThread] INFO  pipeline.PipelineStateManager (PipelineStateManager.java:addPipeline(56)) - Created pipeline Pipeline[ Id: a0a048d1-9075-4fd1-9acf-d0b47440275a, Nodes: 5ef5b40b-6668-4f90-a5de-67c965602eb0{ip: 192.168.30.13, host: pr-hdds-1569-wvzgm-824869521, networkLocation: /default-rack, certSerialId: null}, Type:RATIS, Factor:ONE, State:OPEN]
2019-09-26 11:01:18,938 [grpc-default-executor-0] INFO  impl.RaftServerProxy (RaftServerProxy.java:addNew(89)) - 02a54e17-f5d7-41bc-86bd-d3683be60571: addNew group-81A302B84DCB:[02a54e17-f5d7-41bc-86bd-d3683be60571:192.168.30.13:38404] returns group-81A302B84DCB:java.util.concurrent.CompletableFuture@5541f9bc[Not completed]
2019-09-26 11:01:18,939 [pool-47-thread-1] INFO  impl.RaftServerImpl (RaftServerImpl.java:<init>(95)) - 02a54e17-f5d7-41bc-86bd-d3683be60571: new RaftServerImpl for group-81A302B84DCB:[02a54e17-f5d7-41bc-86bd-d3683be60571:192.168.30.13:38404] with ContainerStateMachine:uninitialized
2019-09-26 11:01:18,939 [pool-47-thread-1] INFO  server.RaftServerConfigKeys (ConfUtils.java:logGet(43)) - raft.server.rpc.timeout.min = 5s (custom)
2019-09-26 11:01:18,940 [pool-47-thread-1] INFO  server.RaftServerConfigKeys (ConfUtils.java:logGet(43)) - raft.server.rpc.timeout.max = 5200ms (custom)
2019-09-26 11:01:18,940 [pool-47-thread-1] INFO  server.RaftServerConfigKeys (ConfUtils.java:logGet(43)) - raft.server.rpcslowness.timeout = 120s (custom)
2019-09-26 11:01:18,940 [pool-47-thread-1] INFO  server.RaftServerConfigKeys (ConfUtils.java:logGet(43)) - raft.server.sleep.deviation.threshold = 300 (default)
2019-09-26 11:01:18,940 [pool-47-thread-1] INFO  server.RaftServerConfigKeys (ConfUtils.java:logGet(43)) - raft.server.log.appender.install.snapshot.enabled = false (custom)
2019-09-26 11:01:18,940 [pool-47-thread-1] INFO  impl.RaftServerImpl (ServerState.java:<init>(103)) - 02a54e17-f5d7-41bc-86bd-d3683be60571@group-81A302B84DCB: ConfigurationManager, init=-1: [02a54e17-f5d7-41bc-86bd-d3683be60571:192.168.30.13:38404], old=null, confs=<EMPTY_MAP>
2019-09-26 11:01:18,940 [pool-47-thread-1] INFO  server.RaftServerConfigKeys (ConfUtils.java:logGet(43)) - raft.server.storage.dir = [/workdir/hadoop-ozone/tools/target/test-dir/MiniOzoneClusterImpl-42425eb2-f371-46f3-bb0b-2c68b0fa2a97/datanode-2/data/ratis] (custom)
2019-09-26 11:01:18,941 [pool-47-thread-1] INFO  storage.RaftStorageDirectory (RaftStorageDirectory.java:analyzeStorage(246)) - The storage directory /workdir/hadoop-ozone/tools/target/test-dir/MiniOzoneClusterImpl-42425eb2-f371-46f3-bb0b-2c68b0fa2a97/datanode-2/data/ratis/9d111769-cc2a-497f-a218-81a302b84dcb does not exist. Creating ...
2019-09-26 11:01:18,953 [pool-47-thread-1] INFO  storage.RaftStorageDirectory (RaftStorageDirectory.java:tryLock(328)) - Lock on /workdir/hadoop-ozone/tools/target/test-dir/MiniOzoneClusterImpl-42425eb2-f371-46f3-bb0b-2c68b0fa2a97/datanode-2/data/ratis/9d111769-cc2a-497f-a218-81a302b84dcb/in_use.lock acquired by nodename 15101@pr-hdds-1569-wvzgm-824869521
2019-09-26 11:01:18,967 [pool-47-thread-1] INFO  storage.RaftStorage (RaftStorage.java:format(72)) - Storage directory /workdir/hadoop-ozone/tools/target/test-dir/MiniOzoneClusterImpl-42425eb2-f371-46f3-bb0b-2c68b0fa2a97/datanode-2/data/ratis/9d111769-cc2a-497f-a218-81a302b84dcb has been successfully formatted.
2019-09-26 11:01:18,967 [pool-47-thread-1] INFO  ratis.ContainerStateMachine (ContainerStateMachine.java:loadSnapshot(230)) - group-81A302B84DCB: The snapshot info is null. Setting the last applied indexto:(t:0, i:~)
2019-09-26 11:01:18,967 [pool-47-thread-1] INFO  server.RaftServerConfigKeys (ConfUtils.java:logGet(43)) - raft.server.notification.no-leader.timeout = 120s (custom)
2019-09-26 11:01:18,967 [pool-47-thread-1] INFO  server.RaftServerConfigKeys (ConfUtils.java:logGet(43)) - raft.server.log.use.memory = false (default)
2019-09-26 11:01:18,967 [pool-47-thread-1] INFO  server.RaftServerConfigKeys (ConfUtils.java:logGet(43)) - raft.server.log.purge.gap = 1000000 (custom)
2019-09-26 11:01:18,967 [pool-47-thread-1] INFO  server.RaftServerConfigKeys (ConfUtils.java:logGet(43)) - raft.server.log.appender.buffer.byte-limit = 33554432 (custom)
2019-09-26 11:01:18,967 [pool-47-thread-1] INFO  server.RaftServerConfigKeys (ConfUtils.java:logGet(43)) - raft.server.log.segment.size.max = 1048576 (custom)
2019-09-26 11:01:18,968 [pool-47-thread-1] INFO  server.RaftServerConfigKeys (ConfUtils.java:logGet(43)) - raft.server.log.segment.cache.num.max = 2 (custom)
2019-09-26 11:01:18,968 [pool-47-thread-1] INFO  segmented.SegmentedRaftLogWorker (SegmentedRaftLogWorker.java:<init>(172)) - new 02a54e17-f5d7-41bc-86bd-d3683be60571@group-81A302B84DCB-SegmentedRaftLogWorker for RaftStorage:Storage Directory /workdir/hadoop-ozone/tools/target/test-dir/MiniOzoneClusterImpl-42425eb2-f371-46f3-bb0b-2c68b0fa2a97/datanode-2/data/ratis/9d111769-cc2a-497f-a218-81a302b84dcb
2019-09-26 11:01:18,968 [pool-47-thread-1] INFO  server.RaftServerConfigKeys (ConfUtils.java:logGet(43)) - raft.server.log.queue.byte-limit = 2147483647 (custom)
2019-09-26 11:01:18,968 [pool-47-thread-1] INFO  server.RaftServerConfigKeys (ConfUtils.java:logGet(43)) - raft.server.log.queue.element-limit = 1024 (custom)
2019-09-26 11:01:18,968 [pool-47-thread-1] INFO  server.RaftServerConfigKeys (ConfUtils.java:logGet(43)) - raft.server.log.segment.size.max = 1048576 (custom)
2019-09-26 11:01:18,968 [pool-47-thread-1] INFO  server.RaftServerConfigKeys (ConfUtils.java:logGet(43)) - raft.server.log.preallocated.size = 16384 (custom)
2019-09-26 11:01:18,968 [pool-47-thread-1] INFO  server.RaftServerConfigKeys (ConfUtils.java:logGet(43)) - raft.server.log.write.buffer.size = 33554432 (custom)
2019-09-26 11:01:18,968 [pool-47-thread-1] INFO  server.RaftServerConfigKeys (ConfUtils.java:logGet(43)) - raft.server.log.force.sync.num = 128 (default)
2019-09-26 11:01:18,969 [pool-47-thread-1] INFO  server.RaftServerConfigKeys (ConfUtils.java:logGet(43)) - raft.server.log.statemachine.data.sync = true (default)
2019-09-26 11:01:18,969 [pool-47-thread-1] INFO  server.RaftServerConfigKeys (ConfUtils.java:logGet(43)) - raft.server.log.statemachine.data.sync.timeout = 10s (default)
2019-09-26 11:01:18,969 [pool-47-thread-1] INFO  server.RaftServerConfigKeys (ConfUtils.java:logGet(43)) - raft.server.log.statemachine.data.sync.timeout.retry = -1 (default)
2019-09-26 11:01:18,969 [pool-47-thread-1] INFO  server.RaftServerConfigKeys (ConfUtils.java:logGet(43)) - raft.server.log.statemachine.data.caching.enabled = true (custom)
2019-09-26 11:01:18,969 [pool-47-thread-1] INFO  segmented.SegmentedRaftLogWorker (SegmentedRaftLogWorker.java:lambda$new$0(132)) - 02a54e17-f5d7-41bc-86bd-d3683be60571@group-81A302B84DCB-SegmentedRaftLogWorker: flushIndex: setUnconditionally 0 -> -1
2019-09-26 11:01:18,970 [pool-47-thread-1] INFO  server.RaftServerConfigKeys (ConfUtils.java:logGet(43)) - raft.server.snapshot.auto.trigger.enabled = true (custom)
2019-09-26 11:01:18,970 [pool-47-thread-1] INFO  server.RaftServerConfigKeys (ConfUtils.java:logGet(43)) - raft.server.snapshot.auto.trigger.threshold = 10000 (custom)
2019-09-26 11:01:18,970 [pool-47-thread-1] INFO  server.RaftServerConfigKeys (ConfUtils.java:logGet(43)) - raft.server.snapshot.retention.num.files = 5 (custom)
2019-09-26 11:01:18,970 [pool-47-thread-1] INFO  server.RaftServerConfigKeys (ConfUtils.java:logGet(43)) - raft.server.retrycache.expirytime = 600000ms (custom)
2019-09-26 11:01:18,972 [pool-47-thread-1] INFO  impl.RaftServerImpl (RaftServerImpl.java:start(185)) - 02a54e17-f5d7-41bc-86bd-d3683be60571@group-81A302B84DCB: start as a follower, conf=-1: [02a54e17-f5d7-41bc-86bd-d3683be60571:192.168.30.13:38404], old=null
2019-09-26 11:01:18,973 [pool-47-thread-1] INFO  impl.RaftServerImpl (RaftServerImpl.java:setRole(174)) - 02a54e17-f5d7-41bc-86bd-d3683be60571@group-81A302B84DCB: changes role from      null to FOLLOWER at term 0 for startAsFollower
2019-09-26 11:01:18,973 [pool-47-thread-1] INFO  impl.RoleInfo (RoleInfo.java:updateAndGet(143)) - 02a54e17-f5d7-41bc-86bd-d3683be60571: start FollowerState
2019-09-26 11:01:18,973 [pool-47-thread-1] INFO  util.JmxRegister (JmxRegister.java:tryRegister(44)) - Successfully registered JMX Bean with object name Ratis:service=RaftServer,group=group-81A302B84DCB,id=02a54e17-f5d7-41bc-86bd-d3683be60571
2019-09-26 11:01:18,978 [RatisPipelineUtilsThread] INFO  pipeline.PipelineStateManager (PipelineStateManager.java:addPipeline(56)) - Created pipeline Pipeline[ Id: 9d111769-cc2a-497f-a218-81a302b84dcb, Nodes: 02a54e17-f5d7-41bc-86bd-d3683be60571{ip: 192.168.30.13, host: pr-hdds-1569-wvzgm-824869521, networkLocation: /default-rack, certSerialId: null}, Type:RATIS, Factor:ONE, State:OPEN]
2019-09-26 11:01:18,979 [RatisPipelineUtilsThread] INFO  pipeline.PipelinePlacementPolicy (PipelinePlacementPolicy.java:meetCriteria(91)) - Pipeline Placement: can't place more pipeline on heavy datanode： 02a54e17-f5d7-41bc-86bd-d3683be60571 Heaviness: 6 limit: 5
2019-09-26 11:01:18,989 [grpc-default-executor-0] INFO  impl.RaftServerProxy (RaftServerProxy.java:addNew(89)) - 5ef5b40b-6668-4f90-a5de-67c965602eb0: addNew group-0E111D46291E:[5ef5b40b-6668-4f90-a5de-67c965602eb0:192.168.30.13:39653] returns group-0E111D46291E:java.util.concurrent.CompletableFuture@743b4346[Not completed]
2019-09-26 11:01:18,990 [pool-27-thread-1] INFO  impl.RaftServerImpl (RaftServerImpl.java:<init>(95)) - 5ef5b40b-6668-4f90-a5de-67c965602eb0: new RaftServerImpl for group-0E111D46291E:[5ef5b40b-6668-4f90-a5de-67c965602eb0:192.168.30.13:39653] with ContainerStateMachine:uninitialized
2019-09-26 11:01:18,991 [pool-27-thread-1] INFO  server.RaftServerConfigKeys (ConfUtils.java:logGet(43)) - raft.server.rpc.timeout.min = 5s (custom)
2019-09-26 11:01:18,991 [pool-27-thread-1] INFO  server.RaftServerConfigKeys (ConfUtils.java:logGet(43)) - raft.server.rpc.timeout.max = 5200ms (custom)
2019-09-26 11:01:18,991 [pool-27-thread-1] INFO  server.RaftServerConfigKeys (ConfUtils.java:logGet(43)) - raft.server.rpcslowness.timeout = 120s (custom)
2019-09-26 11:01:18,991 [pool-27-thread-1] INFO  server.RaftServerConfigKeys (ConfUtils.java:logGet(43)) - raft.server.sleep.deviation.threshold = 300 (default)
2019-09-26 11:01:18,991 [pool-27-thread-1] INFO  server.RaftServerConfigKeys (ConfUtils.java:logGet(43)) - raft.server.log.appender.install.snapshot.enabled = false (custom)
2019-09-26 11:01:18,991 [pool-27-thread-1] INFO  impl.RaftServerImpl (ServerState.java:<init>(103)) - 5ef5b40b-6668-4f90-a5de-67c965602eb0@group-0E111D46291E: ConfigurationManager, init=-1: [5ef5b40b-6668-4f90-a5de-67c965602eb0:192.168.30.13:39653], old=null, confs=<EMPTY_MAP>
2019-09-26 11:01:18,992 [pool-27-thread-1] INFO  server.RaftServerConfigKeys (ConfUtils.java:logGet(43)) - raft.server.storage.dir = [/workdir/hadoop-ozone/tools/target/test-dir/MiniOzoneClusterImpl-42425eb2-f371-46f3-bb0b-2c68b0fa2a97/datanode-0/data/ratis] (custom)
2019-09-26 11:01:18,992 [pool-27-thread-1] INFO  storage.RaftStorageDirectory (RaftStorageDirectory.java:analyzeStorage(246)) - The storage directory /workdir/hadoop-ozone/tools/target/test-dir/MiniOzoneClusterImpl-42425eb2-f371-46f3-bb0b-2c68b0fa2a97/datanode-0/data/ratis/d8d4b359-307b-4577-a381-0e111d46291e does not exist. Creating ...
2019-09-26 11:01:19,005 [pool-27-thread-1] INFO  storage.RaftStorageDirectory (RaftStorageDirectory.java:tryLock(328)) - Lock on /workdir/hadoop-ozone/tools/target/test-dir/MiniOzoneClusterImpl-42425eb2-f371-46f3-bb0b-2c68b0fa2a97/datanode-0/data/ratis/d8d4b359-307b-4577-a381-0e111d46291e/in_use.lock acquired by nodename 15101@pr-hdds-1569-wvzgm-824869521
2019-09-26 11:01:19,019 [pool-27-thread-1] INFO  storage.RaftStorage (RaftStorage.java:format(72)) - Storage directory /workdir/hadoop-ozone/tools/target/test-dir/MiniOzoneClusterImpl-42425eb2-f371-46f3-bb0b-2c68b0fa2a97/datanode-0/data/ratis/d8d4b359-307b-4577-a381-0e111d46291e has been successfully formatted.
2019-09-26 11:01:19,019 [pool-27-thread-1] INFO  ratis.ContainerStateMachine (ContainerStateMachine.java:loadSnapshot(230)) - group-0E111D46291E: The snapshot info is null. Setting the last applied indexto:(t:0, i:~)
2019-09-26 11:01:19,019 [pool-27-thread-1] INFO  server.RaftServerConfigKeys (ConfUtils.java:logGet(43)) - raft.server.notification.no-leader.timeout = 120s (custom)
2019-09-26 11:01:19,019 [pool-27-thread-1] INFO  server.RaftServerConfigKeys (ConfUtils.java:logGet(43)) - raft.server.log.use.memory = false (default)
2019-09-26 11:01:19,019 [pool-27-thread-1] INFO  server.RaftServerConfigKeys (ConfUtils.java:logGet(43)) - raft.server.log.purge.gap = 1000000 (custom)
2019-09-26 11:01:19,020 [pool-27-thread-1] INFO  server.RaftServerConfigKeys (ConfUtils.java:logGet(43)) - raft.server.log.appender.buffer.byte-limit = 33554432 (custom)
2019-09-26 11:01:19,020 [pool-27-thread-1] INFO  server.RaftServerConfigKeys (ConfUtils.java:logGet(43)) - raft.server.log.segment.size.max = 1048576 (custom)
2019-09-26 11:01:19,020 [pool-27-thread-1] INFO  server.RaftServerConfigKeys (ConfUtils.java:logGet(43)) - raft.server.log.segment.cache.num.max = 2 (custom)
2019-09-26 11:01:19,020 [pool-27-thread-1] INFO  segmented.SegmentedRaftLogWorker (SegmentedRaftLogWorker.java:<init>(172)) - new 5ef5b40b-6668-4f90-a5de-67c965602eb0@group-0E111D46291E-SegmentedRaftLogWorker for RaftStorage:Storage Directory /workdir/hadoop-ozone/tools/target/test-dir/MiniOzoneClusterImpl-42425eb2-f371-46f3-bb0b-2c68b0fa2a97/datanode-0/data/ratis/d8d4b359-307b-4577-a381-0e111d46291e
2019-09-26 11:01:19,020 [pool-27-thread-1] INFO  server.RaftServerConfigKeys (ConfUtils.java:logGet(43)) - raft.server.log.queue.byte-limit = 2147483647 (custom)
2019-09-26 11:01:19,021 [pool-27-thread-1] INFO  server.RaftServerConfigKeys (ConfUtils.java:logGet(43)) - raft.server.log.queue.element-limit = 1024 (custom)
2019-09-26 11:01:19,021 [pool-27-thread-1] INFO  server.RaftServerConfigKeys (ConfUtils.java:logGet(43)) - raft.server.log.segment.size.max = 1048576 (custom)
2019-09-26 11:01:19,021 [pool-27-thread-1] INFO  server.RaftServerConfigKeys (ConfUtils.java:logGet(43)) - raft.server.log.preallocated.size = 16384 (custom)
2019-09-26 11:01:19,021 [pool-27-thread-1] INFO  server.RaftServerConfigKeys (ConfUtils.java:logGet(43)) - raft.server.log.write.buffer.size = 33554432 (custom)
2019-09-26 11:01:19,021 [pool-27-thread-1] INFO  server.RaftServerConfigKeys (ConfUtils.java:logGet(43)) - raft.server.log.force.sync.num = 128 (default)
2019-09-26 11:01:19,021 [pool-27-thread-1] INFO  server.RaftServerConfigKeys (ConfUtils.java:logGet(43)) - raft.server.log.statemachine.data.sync = true (default)
2019-09-26 11:01:19,022 [pool-27-thread-1] INFO  server.RaftServerConfigKeys (ConfUtils.java:logGet(43)) - raft.server.log.statemachine.data.sync.timeout = 10s (default)
2019-09-26 11:01:19,022 [pool-27-thread-1] INFO  server.RaftServerConfigKeys (ConfUtils.java:logGet(43)) - raft.server.log.statemachine.data.sync.timeout.retry = -1 (default)
2019-09-26 11:01:19,022 [pool-27-thread-1] INFO  server.RaftServerConfigKeys (ConfUtils.java:logGet(43)) - raft.server.log.statemachine.data.caching.enabled = true (custom)
2019-09-26 11:01:19,022 [pool-27-thread-1] INFO  segmented.SegmentedRaftLogWorker (SegmentedRaftLogWorker.java:lambda$new$0(132)) - 5ef5b40b-6668-4f90-a5de-67c965602eb0@group-0E111D46291E-SegmentedRaftLogWorker: flushIndex: setUnconditionally 0 -> -1
2019-09-26 11:01:19,023 [pool-27-thread-1] INFO  server.RaftServerConfigKeys (ConfUtils.java:logGet(43)) - raft.server.snapshot.auto.trigger.enabled = true (custom)
2019-09-26 11:01:19,023 [pool-27-thread-1] INFO  server.RaftServerConfigKeys (ConfUtils.java:logGet(43)) - raft.server.snapshot.auto.trigger.threshold = 10000 (custom)
2019-09-26 11:01:19,023 [pool-27-thread-1] INFO  server.RaftServerConfigKeys (ConfUtils.java:logGet(43)) - raft.server.snapshot.retention.num.files = 5 (custom)
2019-09-26 11:01:19,023 [pool-27-thread-1] INFO  server.RaftServerConfigKeys (ConfUtils.java:logGet(43)) - raft.server.retrycache.expirytime = 600000ms (custom)
2019-09-26 11:01:19,026 [pool-27-thread-1] INFO  impl.RaftServerImpl (RaftServerImpl.java:start(185)) - 5ef5b40b-6668-4f90-a5de-67c965602eb0@group-0E111D46291E: start as a follower, conf=-1: [5ef5b40b-6668-4f90-a5de-67c965602eb0:192.168.30.13:39653], old=null
2019-09-26 11:01:19,026 [pool-27-thread-1] INFO  impl.RaftServerImpl (RaftServerImpl.java:setRole(174)) - 5ef5b40b-6668-4f90-a5de-67c965602eb0@group-0E111D46291E: changes role from      null to FOLLOWER at term 0 for startAsFollower
2019-09-26 11:01:19,027 [pool-27-thread-1] INFO  impl.RoleInfo (RoleInfo.java:updateAndGet(143)) - 5ef5b40b-6668-4f90-a5de-67c965602eb0: start FollowerState
2019-09-26 11:01:19,027 [pool-27-thread-1] INFO  util.JmxRegister (JmxRegister.java:tryRegister(44)) - Successfully registered JMX Bean with object name Ratis:service=RaftServer,group=group-0E111D46291E,id=5ef5b40b-6668-4f90-a5de-67c965602eb0
2019-09-26 11:01:19,032 [RatisPipelineUtilsThread] INFO  pipeline.PipelineStateManager (PipelineStateManager.java:addPipeline(56)) - Created pipeline Pipeline[ Id: d8d4b359-307b-4577-a381-0e111d46291e, Nodes: 5ef5b40b-6668-4f90-a5de-67c965602eb0{ip: 192.168.30.13, host: pr-hdds-1569-wvzgm-824869521, networkLocation: /default-rack, certSerialId: null}, Type:RATIS, Factor:ONE, State:OPEN]
2019-09-26 11:01:19,032 [RatisPipelineUtilsThread] INFO  pipeline.PipelinePlacementPolicy (PipelinePlacementPolicy.java:meetCriteria(91)) - Pipeline Placement: can't place more pipeline on heavy datanode： 5ef5b40b-6668-4f90-a5de-67c965602eb0 Heaviness: 6 limit: 5
2019-09-26 11:01:19,032 [RatisPipelineUtilsThread] INFO  pipeline.PipelinePlacementPolicy (PipelinePlacementPolicy.java:meetCriteria(91)) - Pipeline Placement: can't place more pipeline on heavy datanode： 02a54e17-f5d7-41bc-86bd-d3683be60571 Heaviness: 6 limit: 5
2019-09-26 11:01:19,043 [grpc-default-executor-0] INFO  impl.RaftServerProxy (RaftServerProxy.java:addNew(89)) - 21851714-a306-49cf-b784-d62ce38d388a: addNew group-BE4FE1F4ABEA:[21851714-a306-49cf-b784-d62ce38d388a:192.168.30.13:39761] returns group-BE4FE1F4ABEA:java.util.concurrent.CompletableFuture@29f89f7c[Not completed]
2019-09-26 11:01:19,044 [pool-57-thread-1] INFO  impl.RaftServerImpl (RaftServerImpl.java:<init>(95)) - 21851714-a306-49cf-b784-d62ce38d388a: new RaftServerImpl for group-BE4FE1F4ABEA:[21851714-a306-49cf-b784-d62ce38d388a:192.168.30.13:39761] with ContainerStateMachine:uninitialized
2019-09-26 11:01:19,044 [pool-57-thread-1] INFO  server.RaftServerConfigKeys (ConfUtils.java:logGet(43)) - raft.server.rpc.timeout.min = 5s (custom)
2019-09-26 11:01:19,044 [pool-57-thread-1] INFO  server.RaftServerConfigKeys (ConfUtils.java:logGet(43)) - raft.server.rpc.timeout.max = 5200ms (custom)
2019-09-26 11:01:19,045 [pool-57-thread-1] INFO  server.RaftServerConfigKeys (ConfUtils.java:logGet(43)) - raft.server.rpcslowness.timeout = 120s (custom)
2019-09-26 11:01:19,045 [pool-57-thread-1] INFO  server.RaftServerConfigKeys (ConfUtils.java:logGet(43)) - raft.server.sleep.deviation.threshold = 300 (default)
2019-09-26 11:01:19,045 [pool-57-thread-1] INFO  server.RaftServerConfigKeys (ConfUtils.java:logGet(43)) - raft.server.log.appender.install.snapshot.enabled = false (custom)
2019-09-26 11:01:19,045 [pool-57-thread-1] INFO  impl.RaftServerImpl (ServerState.java:<init>(103)) - 21851714-a306-49cf-b784-d62ce38d388a@group-BE4FE1F4ABEA: ConfigurationManager, init=-1: [21851714-a306-49cf-b784-d62ce38d388a:192.168.30.13:39761], old=null, confs=<EMPTY_MAP>
2019-09-26 11:01:19,045 [pool-57-thread-1] INFO  server.RaftServerConfigKeys (ConfUtils.java:logGet(43)) - raft.server.storage.dir = [/workdir/hadoop-ozone/tools/target/test-dir/MiniOzoneClusterImpl-42425eb2-f371-46f3-bb0b-2c68b0fa2a97/datanode-3/data/ratis] (custom)
2019-09-26 11:01:19,046 [pool-57-thread-1] INFO  storage.RaftStorageDirectory (RaftStorageDirectory.java:analyzeStorage(246)) - The storage directory /workdir/hadoop-ozone/tools/target/test-dir/MiniOzoneClusterImpl-42425eb2-f371-46f3-bb0b-2c68b0fa2a97/datanode-3/data/ratis/76e1e188-7b6b-40f0-bb6f-be4fe1f4abea does not exist. Creating ...
2019-09-26 11:01:19,059 [pool-57-thread-1] INFO  storage.RaftStorageDirectory (RaftStorageDirectory.java:tryLock(328)) - Lock on /workdir/hadoop-ozone/tools/target/test-dir/MiniOzoneClusterImpl-42425eb2-f371-46f3-bb0b-2c68b0fa2a97/datanode-3/data/ratis/76e1e188-7b6b-40f0-bb6f-be4fe1f4abea/in_use.lock acquired by nodename 15101@pr-hdds-1569-wvzgm-824869521
2019-09-26 11:01:19,072 [pool-57-thread-1] INFO  storage.RaftStorage (RaftStorage.java:format(72)) - Storage directory /workdir/hadoop-ozone/tools/target/test-dir/MiniOzoneClusterImpl-42425eb2-f371-46f3-bb0b-2c68b0fa2a97/datanode-3/data/ratis/76e1e188-7b6b-40f0-bb6f-be4fe1f4abea has been successfully formatted.
2019-09-26 11:01:19,072 [pool-57-thread-1] INFO  ratis.ContainerStateMachine (ContainerStateMachine.java:loadSnapshot(230)) - group-BE4FE1F4ABEA: The snapshot info is null. Setting the last applied indexto:(t:0, i:~)
2019-09-26 11:01:19,072 [pool-57-thread-1] INFO  server.RaftServerConfigKeys (ConfUtils.java:logGet(43)) - raft.server.notification.no-leader.timeout = 120s (custom)
2019-09-26 11:01:19,073 [pool-57-thread-1] INFO  server.RaftServerConfigKeys (ConfUtils.java:logGet(43)) - raft.server.log.use.memory = false (default)
2019-09-26 11:01:19,073 [pool-57-thread-1] INFO  server.RaftServerConfigKeys (ConfUtils.java:logGet(43)) - raft.server.log.purge.gap = 1000000 (custom)
2019-09-26 11:01:19,073 [pool-57-thread-1] INFO  server.RaftServerConfigKeys (ConfUtils.java:logGet(43)) - raft.server.log.appender.buffer.byte-limit = 33554432 (custom)
2019-09-26 11:01:19,073 [pool-57-thread-1] INFO  server.RaftServerConfigKeys (ConfUtils.java:logGet(43)) - raft.server.log.segment.size.max = 1048576 (custom)
2019-09-26 11:01:19,073 [pool-57-thread-1] INFO  server.RaftServerConfigKeys (ConfUtils.java:logGet(43)) - raft.server.log.segment.cache.num.max = 2 (custom)
2019-09-26 11:01:19,074 [pool-57-thread-1] INFO  segmented.SegmentedRaftLogWorker (SegmentedRaftLogWorker.java:<init>(172)) - new 21851714-a306-49cf-b784-d62ce38d388a@group-BE4FE1F4ABEA-SegmentedRaftLogWorker for RaftStorage:Storage Directory /workdir/hadoop-ozone/tools/target/test-dir/MiniOzoneClusterImpl-42425eb2-f371-46f3-bb0b-2c68b0fa2a97/datanode-3/data/ratis/76e1e188-7b6b-40f0-bb6f-be4fe1f4abea
2019-09-26 11:01:19,074 [pool-57-thread-1] INFO  server.RaftServerConfigKeys (ConfUtils.java:logGet(43)) - raft.server.log.queue.byte-limit = 2147483647 (custom)
2019-09-26 11:01:19,074 [pool-57-thread-1] INFO  server.RaftServerConfigKeys (ConfUtils.java:logGet(43)) - raft.server.log.queue.element-limit = 1024 (custom)
2019-09-26 11:01:19,074 [pool-57-thread-1] INFO  server.RaftServerConfigKeys (ConfUtils.java:logGet(43)) - raft.server.log.segment.size.max = 1048576 (custom)
2019-09-26 11:01:19,074 [pool-57-thread-1] INFO  server.RaftServerConfigKeys (ConfUtils.java:logGet(43)) - raft.server.log.preallocated.size = 16384 (custom)
2019-09-26 11:01:19,074 [pool-57-thread-1] INFO  server.RaftServerConfigKeys (ConfUtils.java:logGet(43)) - raft.server.log.write.buffer.size = 33554432 (custom)
2019-09-26 11:01:19,075 [pool-57-thread-1] INFO  server.RaftServerConfigKeys (ConfUtils.java:logGet(43)) - raft.server.log.force.sync.num = 128 (default)
2019-09-26 11:01:19,075 [pool-57-thread-1] INFO  server.RaftServerConfigKeys (ConfUtils.java:logGet(43)) - raft.server.log.statemachine.data.sync = true (default)
2019-09-26 11:01:19,075 [pool-57-thread-1] INFO  server.RaftServerConfigKeys (ConfUtils.java:logGet(43)) - raft.server.log.statemachine.data.sync.timeout = 10s (default)
2019-09-26 11:01:19,075 [pool-57-thread-1] INFO  server.RaftServerConfigKeys (ConfUtils.java:logGet(43)) - raft.server.log.statemachine.data.sync.timeout.retry = -1 (default)
2019-09-26 11:01:19,075 [pool-57-thread-1] INFO  server.RaftServerConfigKeys (ConfUtils.java:logGet(43)) - raft.server.log.statemachine.data.caching.enabled = true (custom)
2019-09-26 11:01:19,076 [pool-57-thread-1] INFO  segmented.SegmentedRaftLogWorker (SegmentedRaftLogWorker.java:lambda$new$0(132)) - 21851714-a306-49cf-b784-d62ce38d388a@group-BE4FE1F4ABEA-SegmentedRaftLogWorker: flushIndex: setUnconditionally 0 -> -1
2019-09-26 11:01:19,076 [pool-57-thread-1] INFO  server.RaftServerConfigKeys (ConfUtils.java:logGet(43)) - raft.server.snapshot.auto.trigger.enabled = true (custom)
2019-09-26 11:01:19,076 [pool-57-thread-1] INFO  server.RaftServerConfigKeys (ConfUtils.java:logGet(43)) - raft.server.snapshot.auto.trigger.threshold = 10000 (custom)
2019-09-26 11:01:19,077 [pool-57-thread-1] INFO  server.RaftServerConfigKeys (ConfUtils.java:logGet(43)) - raft.server.snapshot.retention.num.files = 5 (custom)
2019-09-26 11:01:19,077 [pool-57-thread-1] INFO  server.RaftServerConfigKeys (ConfUtils.java:logGet(43)) - raft.server.retrycache.expirytime = 600000ms (custom)
2019-09-26 11:01:19,080 [pool-57-thread-1] INFO  impl.RaftServerImpl (RaftServerImpl.java:start(185)) - 21851714-a306-49cf-b784-d62ce38d388a@group-BE4FE1F4ABEA: start as a follower, conf=-1: [21851714-a306-49cf-b784-d62ce38d388a:192.168.30.13:39761], old=null
2019-09-26 11:01:19,080 [pool-57-thread-1] INFO  impl.RaftServerImpl (RaftServerImpl.java:setRole(174)) - 21851714-a306-49cf-b784-d62ce38d388a@group-BE4FE1F4ABEA: changes role from      null to FOLLOWER at term 0 for startAsFollower
2019-09-26 11:01:19,080 [pool-57-thread-1] INFO  impl.RoleInfo (RoleInfo.java:updateAndGet(143)) - 21851714-a306-49cf-b784-d62ce38d388a: start FollowerState
2019-09-26 11:01:19,081 [pool-57-thread-1] INFO  util.JmxRegister (JmxRegister.java:tryRegister(44)) - Successfully registered JMX Bean with object name Ratis:service=RaftServer,group=group-BE4FE1F4ABEA,id=21851714-a306-49cf-b784-d62ce38d388a
2019-09-26 11:01:19,086 [RatisPipelineUtilsThread] INFO  pipeline.PipelineStateManager (PipelineStateManager.java:addPipeline(56)) - Created pipeline Pipeline[ Id: 76e1e188-7b6b-40f0-bb6f-be4fe1f4abea, Nodes: 21851714-a306-49cf-b784-d62ce38d388a{ip: 192.168.30.13, host: pr-hdds-1569-wvzgm-824869521, networkLocation: /default-rack, certSerialId: null}, Type:RATIS, Factor:ONE, State:OPEN]
2019-09-26 11:01:19,086 [RatisPipelineUtilsThread] INFO  pipeline.PipelinePlacementPolicy (PipelinePlacementPolicy.java:meetCriteria(91)) - Pipeline Placement: can't place more pipeline on heavy datanode： 5ef5b40b-6668-4f90-a5de-67c965602eb0 Heaviness: 6 limit: 5
2019-09-26 11:01:19,086 [RatisPipelineUtilsThread] INFO  pipeline.PipelinePlacementPolicy (PipelinePlacementPolicy.java:meetCriteria(91)) - Pipeline Placement: can't place more pipeline on heavy datanode： 02a54e17-f5d7-41bc-86bd-d3683be60571 Heaviness: 6 limit: 5
2019-09-26 11:01:19,096 [grpc-default-executor-0] INFO  impl.RaftServerProxy (RaftServerProxy.java:addNew(89)) - bffaef1c-5345-42b9-b6d0-3a6335242d0a: addNew group-4E823036F440:[bffaef1c-5345-42b9-b6d0-3a6335242d0a:192.168.30.13:39026] returns group-4E823036F440:java.util.concurrent.CompletableFuture@425795b1[Not completed]
2019-09-26 11:01:19,097 [pool-37-thread-1] INFO  impl.RaftServerImpl (RaftServerImpl.java:<init>(95)) - bffaef1c-5345-42b9-b6d0-3a6335242d0a: new RaftServerImpl for group-4E823036F440:[bffaef1c-5345-42b9-b6d0-3a6335242d0a:192.168.30.13:39026] with ContainerStateMachine:uninitialized
2019-09-26 11:01:19,098 [pool-37-thread-1] INFO  server.RaftServerConfigKeys (ConfUtils.java:logGet(43)) - raft.server.rpc.timeout.min = 5s (custom)
2019-09-26 11:01:19,098 [pool-37-thread-1] INFO  server.RaftServerConfigKeys (ConfUtils.java:logGet(43)) - raft.server.rpc.timeout.max = 5200ms (custom)
2019-09-26 11:01:19,098 [pool-37-thread-1] INFO  server.RaftServerConfigKeys (ConfUtils.java:logGet(43)) - raft.server.rpcslowness.timeout = 120s (custom)
2019-09-26 11:01:19,098 [pool-37-thread-1] INFO  server.RaftServerConfigKeys (ConfUtils.java:logGet(43)) - raft.server.sleep.deviation.threshold = 300 (default)
2019-09-26 11:01:19,098 [pool-37-thread-1] INFO  server.RaftServerConfigKeys (ConfUtils.java:logGet(43)) - raft.server.log.appender.install.snapshot.enabled = false (custom)
2019-09-26 11:01:19,098 [pool-37-thread-1] INFO  impl.RaftServerImpl (ServerState.java:<init>(103)) - bffaef1c-5345-42b9-b6d0-3a6335242d0a@group-4E823036F440: ConfigurationManager, init=-1: [bffaef1c-5345-42b9-b6d0-3a6335242d0a:192.168.30.13:39026], old=null, confs=<EMPTY_MAP>
2019-09-26 11:01:19,099 [pool-37-thread-1] INFO  server.RaftServerConfigKeys (ConfUtils.java:logGet(43)) - raft.server.storage.dir = [/workdir/hadoop-ozone/tools/target/test-dir/MiniOzoneClusterImpl-42425eb2-f371-46f3-bb0b-2c68b0fa2a97/datanode-1/data/ratis] (custom)
2019-09-26 11:01:19,099 [pool-37-thread-1] INFO  storage.RaftStorageDirectory (RaftStorageDirectory.java:analyzeStorage(246)) - The storage directory /workdir/hadoop-ozone/tools/target/test-dir/MiniOzoneClusterImpl-42425eb2-f371-46f3-bb0b-2c68b0fa2a97/datanode-1/data/ratis/4f2f39aa-c9b3-48dd-a5a5-4e823036f440 does not exist. Creating ...
2019-09-26 11:01:19,112 [pool-37-thread-1] INFO  storage.RaftStorageDirectory (RaftStorageDirectory.java:tryLock(328)) - Lock on /workdir/hadoop-ozone/tools/target/test-dir/MiniOzoneClusterImpl-42425eb2-f371-46f3-bb0b-2c68b0fa2a97/datanode-1/data/ratis/4f2f39aa-c9b3-48dd-a5a5-4e823036f440/in_use.lock acquired by nodename 15101@pr-hdds-1569-wvzgm-824869521
2019-09-26 11:01:19,121 [Thread-208] INFO  container.ReplicationManager (ReplicationManager.java:start(163)) - Starting Replication Monitor Thread.
2019-09-26 11:01:19,123 [ReplicationMonitor] INFO  container.ReplicationManager (ReplicationManager.java:run(226)) - Replication Monitor Thread took 1 milliseconds for processing 0 containers.
2019-09-26 11:01:19,125 [pool-37-thread-1] INFO  storage.RaftStorage (RaftStorage.java:format(72)) - Storage directory /workdir/hadoop-ozone/tools/target/test-dir/MiniOzoneClusterImpl-42425eb2-f371-46f3-bb0b-2c68b0fa2a97/datanode-1/data/ratis/4f2f39aa-c9b3-48dd-a5a5-4e823036f440 has been successfully formatted.
2019-09-26 11:01:19,126 [pool-37-thread-1] INFO  ratis.ContainerStateMachine (ContainerStateMachine.java:loadSnapshot(230)) - group-4E823036F440: The snapshot info is null. Setting the last applied indexto:(t:0, i:~)
2019-09-26 11:01:19,126 [pool-37-thread-1] INFO  server.RaftServerConfigKeys (ConfUtils.java:logGet(43)) - raft.server.notification.no-leader.timeout = 120s (custom)
2019-09-26 11:01:19,126 [pool-37-thread-1] INFO  server.RaftServerConfigKeys (ConfUtils.java:logGet(43)) - raft.server.log.use.memory = false (default)
2019-09-26 11:01:19,126 [pool-37-thread-1] INFO  server.RaftServerConfigKeys (ConfUtils.java:logGet(43)) - raft.server.log.purge.gap = 1000000 (custom)
2019-09-26 11:01:19,126 [pool-37-thread-1] INFO  server.RaftServerConfigKeys (ConfUtils.java:logGet(43)) - raft.server.log.appender.buffer.byte-limit = 33554432 (custom)
2019-09-26 11:01:19,126 [pool-37-thread-1] INFO  server.RaftServerConfigKeys (ConfUtils.java:logGet(43)) - raft.server.log.segment.size.max = 1048576 (custom)
2019-09-26 11:01:19,126 [pool-37-thread-1] INFO  server.RaftServerConfigKeys (ConfUtils.java:logGet(43)) - raft.server.log.segment.cache.num.max = 2 (custom)
2019-09-26 11:01:19,127 [pool-37-thread-1] INFO  segmented.SegmentedRaftLogWorker (SegmentedRaftLogWorker.java:<init>(172)) - new bffaef1c-5345-42b9-b6d0-3a6335242d0a@group-4E823036F440-SegmentedRaftLogWorker for RaftStorage:Storage Directory /workdir/hadoop-ozone/tools/target/test-dir/MiniOzoneClusterImpl-42425eb2-f371-46f3-bb0b-2c68b0fa2a97/datanode-1/data/ratis/4f2f39aa-c9b3-48dd-a5a5-4e823036f440
2019-09-26 11:01:19,127 [pool-37-thread-1] INFO  server.RaftServerConfigKeys (ConfUtils.java:logGet(43)) - raft.server.log.queue.byte-limit = 2147483647 (custom)
2019-09-26 11:01:19,127 [pool-37-thread-1] INFO  server.RaftServerConfigKeys (ConfUtils.java:logGet(43)) - raft.server.log.queue.element-limit = 1024 (custom)
2019-09-26 11:01:19,127 [pool-37-thread-1] INFO  server.RaftServerConfigKeys (ConfUtils.java:logGet(43)) - raft.server.log.segment.size.max = 1048576 (custom)
2019-09-26 11:01:19,129 [pool-37-thread-1] INFO  server.RaftServerConfigKeys (ConfUtils.java:logGet(43)) - raft.server.log.preallocated.size = 16384 (custom)
2019-09-26 11:01:19,129 [pool-37-thread-1] INFO  server.RaftServerConfigKeys (ConfUtils.java:logGet(43)) - raft.server.log.write.buffer.size = 33554432 (custom)
2019-09-26 11:01:19,129 [pool-37-thread-1] INFO  server.RaftServerConfigKeys (ConfUtils.java:logGet(43)) - raft.server.log.force.sync.num = 128 (default)
2019-09-26 11:01:19,130 [pool-37-thread-1] INFO  server.RaftServerConfigKeys (ConfUtils.java:logGet(43)) - raft.server.log.statemachine.data.sync = true (default)
2019-09-26 11:01:19,130 [pool-37-thread-1] INFO  server.RaftServerConfigKeys (ConfUtils.java:logGet(43)) - raft.server.log.statemachine.data.sync.timeout = 10s (default)
2019-09-26 11:01:19,130 [pool-37-thread-1] INFO  server.RaftServerConfigKeys (ConfUtils.java:logGet(43)) - raft.server.log.statemachine.data.sync.timeout.retry = -1 (default)
2019-09-26 11:01:19,130 [pool-37-thread-1] INFO  server.RaftServerConfigKeys (ConfUtils.java:logGet(43)) - raft.server.log.statemachine.data.caching.enabled = true (custom)
2019-09-26 11:01:19,130 [pool-37-thread-1] INFO  segmented.SegmentedRaftLogWorker (SegmentedRaftLogWorker.java:lambda$new$0(132)) - bffaef1c-5345-42b9-b6d0-3a6335242d0a@group-4E823036F440-SegmentedRaftLogWorker: flushIndex: setUnconditionally 0 -> -1
2019-09-26 11:01:19,131 [pool-37-thread-1] INFO  server.RaftServerConfigKeys (ConfUtils.java:logGet(43)) - raft.server.snapshot.auto.trigger.enabled = true (custom)
2019-09-26 11:01:19,131 [pool-37-thread-1] INFO  server.RaftServerConfigKeys (ConfUtils.java:logGet(43)) - raft.server.snapshot.auto.trigger.threshold = 10000 (custom)
2019-09-26 11:01:19,131 [pool-37-thread-1] INFO  server.RaftServerConfigKeys (ConfUtils.java:logGet(43)) - raft.server.snapshot.retention.num.files = 5 (custom)
2019-09-26 11:01:19,131 [pool-37-thread-1] INFO  server.RaftServerConfigKeys (ConfUtils.java:logGet(43)) - raft.server.retrycache.expirytime = 600000ms (custom)
2019-09-26 11:01:19,134 [pool-37-thread-1] INFO  impl.RaftServerImpl (RaftServerImpl.java:start(185)) - bffaef1c-5345-42b9-b6d0-3a6335242d0a@group-4E823036F440: start as a follower, conf=-1: [bffaef1c-5345-42b9-b6d0-3a6335242d0a:192.168.30.13:39026], old=null
2019-09-26 11:01:19,134 [pool-37-thread-1] INFO  impl.RaftServerImpl (RaftServerImpl.java:setRole(174)) - bffaef1c-5345-42b9-b6d0-3a6335242d0a@group-4E823036F440: changes role from      null to FOLLOWER at term 0 for startAsFollower
2019-09-26 11:01:19,134 [pool-37-thread-1] INFO  impl.RoleInfo (RoleInfo.java:updateAndGet(143)) - bffaef1c-5345-42b9-b6d0-3a6335242d0a: start FollowerState
2019-09-26 11:01:19,135 [pool-37-thread-1] INFO  util.JmxRegister (JmxRegister.java:tryRegister(44)) - Successfully registered JMX Bean with object name Ratis:service=RaftServer,group=group-4E823036F440,id=bffaef1c-5345-42b9-b6d0-3a6335242d0a
2019-09-26 11:01:19,140 [RatisPipelineUtilsThread] INFO  pipeline.PipelineStateManager (PipelineStateManager.java:addPipeline(56)) - Created pipeline Pipeline[ Id: 4f2f39aa-c9b3-48dd-a5a5-4e823036f440, Nodes: bffaef1c-5345-42b9-b6d0-3a6335242d0a{ip: 192.168.30.13, host: pr-hdds-1569-wvzgm-824869521, networkLocation: /default-rack, certSerialId: null}, Type:RATIS, Factor:ONE, State:OPEN]
2019-09-26 11:01:19,140 [RatisPipelineUtilsThread] INFO  pipeline.PipelinePlacementPolicy (PipelinePlacementPolicy.java:meetCriteria(91)) - Pipeline Placement: can't place more pipeline on heavy datanode： 5ef5b40b-6668-4f90-a5de-67c965602eb0 Heaviness: 6 limit: 5
2019-09-26 11:01:19,141 [RatisPipelineUtilsThread] INFO  pipeline.PipelinePlacementPolicy (PipelinePlacementPolicy.java:meetCriteria(91)) - Pipeline Placement: can't place more pipeline on heavy datanode： 02a54e17-f5d7-41bc-86bd-d3683be60571 Heaviness: 6 limit: 5
2019-09-26 11:01:19,150 [grpc-default-executor-0] INFO  impl.RaftServerProxy (RaftServerProxy.java:addNew(89)) - bffaef1c-5345-42b9-b6d0-3a6335242d0a: addNew group-809A4960A397:[bffaef1c-5345-42b9-b6d0-3a6335242d0a:192.168.30.13:39026] returns group-809A4960A397:java.util.concurrent.CompletableFuture@2cb1068b[Not completed]
 0.00% |█                                                                                                    |  0/1 Time: 0:00:012019-09-26 11:01:19,152 [pool-37-thread-1] INFO  impl.RaftServerImpl (RaftServerImpl.java:<init>(95)) - bffaef1c-5345-42b9-b6d0-3a6335242d0a: new RaftServerImpl for group-809A4960A397:[bffaef1c-5345-42b9-b6d0-3a6335242d0a:192.168.30.13:39026] with ContainerStateMachine:uninitialized
2019-09-26 11:01:19,152 [pool-37-thread-1] INFO  server.RaftServerConfigKeys (ConfUtils.java:logGet(43)) - raft.server.rpc.timeout.min = 5s (custom)
2019-09-26 11:01:19,152 [pool-37-thread-1] INFO  server.RaftServerConfigKeys (ConfUtils.java:logGet(43)) - raft.server.rpc.timeout.max = 5200ms (custom)
2019-09-26 11:01:19,152 [pool-37-thread-1] INFO  server.RaftServerConfigKeys (ConfUtils.java:logGet(43)) - raft.server.rpcslowness.timeout = 120s (custom)
2019-09-26 11:01:19,152 [pool-37-thread-1] INFO  server.RaftServerConfigKeys (ConfUtils.java:logGet(43)) - raft.server.sleep.deviation.threshold = 300 (default)
2019-09-26 11:01:19,152 [pool-37-thread-1] INFO  server.RaftServerConfigKeys (ConfUtils.java:logGet(43)) - raft.server.log.appender.install.snapshot.enabled = false (custom)
2019-09-26 11:01:19,152 [pool-37-thread-1] INFO  impl.RaftServerImpl (ServerState.java:<init>(103)) - bffaef1c-5345-42b9-b6d0-3a6335242d0a@group-809A4960A397: ConfigurationManager, init=-1: [bffaef1c-5345-42b9-b6d0-3a6335242d0a:192.168.30.13:39026], old=null, confs=<EMPTY_MAP>
2019-09-26 11:01:19,153 [pool-37-thread-1] INFO  server.RaftServerConfigKeys (ConfUtils.java:logGet(43)) - raft.server.storage.dir = [/workdir/hadoop-ozone/tools/target/test-dir/MiniOzoneClusterImpl-42425eb2-f371-46f3-bb0b-2c68b0fa2a97/datanode-1/data/ratis] (custom)
2019-09-26 11:01:19,153 [pool-37-thread-1] INFO  storage.RaftStorageDirectory (RaftStorageDirectory.java:analyzeStorage(246)) - The storage directory /workdir/hadoop-ozone/tools/target/test-dir/MiniOzoneClusterImpl-42425eb2-f371-46f3-bb0b-2c68b0fa2a97/datanode-1/data/ratis/0d37f723-2bcd-4524-adbe-809a4960a397 does not exist. Creating ...
2019-09-26 11:01:19,166 [pool-37-thread-1] INFO  storage.RaftStorageDirectory (RaftStorageDirectory.java:tryLock(328)) - Lock on /workdir/hadoop-ozone/tools/target/test-dir/MiniOzoneClusterImpl-42425eb2-f371-46f3-bb0b-2c68b0fa2a97/datanode-1/data/ratis/0d37f723-2bcd-4524-adbe-809a4960a397/in_use.lock acquired by nodename 15101@pr-hdds-1569-wvzgm-824869521
2019-09-26 11:01:19,180 [pool-37-thread-1] INFO  storage.RaftStorage (RaftStorage.java:format(72)) - Storage directory /workdir/hadoop-ozone/tools/target/test-dir/MiniOzoneClusterImpl-42425eb2-f371-46f3-bb0b-2c68b0fa2a97/datanode-1/data/ratis/0d37f723-2bcd-4524-adbe-809a4960a397 has been successfully formatted.
2019-09-26 11:01:19,180 [pool-37-thread-1] INFO  ratis.ContainerStateMachine (ContainerStateMachine.java:loadSnapshot(230)) - group-809A4960A397: The snapshot info is null. Setting the last applied indexto:(t:0, i:~)
2019-09-26 11:01:19,180 [pool-37-thread-1] INFO  server.RaftServerConfigKeys (ConfUtils.java:logGet(43)) - raft.server.notification.no-leader.timeout = 120s (custom)
2019-09-26 11:01:19,180 [pool-37-thread-1] INFO  server.RaftServerConfigKeys (ConfUtils.java:logGet(43)) - raft.server.log.use.memory = false (default)
2019-09-26 11:01:19,180 [pool-37-thread-1] INFO  server.RaftServerConfigKeys (ConfUtils.java:logGet(43)) - raft.server.log.purge.gap = 1000000 (custom)
2019-09-26 11:01:19,180 [pool-37-thread-1] INFO  server.RaftServerConfigKeys (ConfUtils.java:logGet(43)) - raft.server.log.appender.buffer.byte-limit = 33554432 (custom)
2019-09-26 11:01:19,181 [pool-37-thread-1] INFO  server.RaftServerConfigKeys (ConfUtils.java:logGet(43)) - raft.server.log.segment.size.max = 1048576 (custom)
2019-09-26 11:01:19,181 [pool-37-thread-1] INFO  server.RaftServerConfigKeys (ConfUtils.java:logGet(43)) - raft.server.log.segment.cache.num.max = 2 (custom)
2019-09-26 11:01:19,181 [pool-37-thread-1] INFO  segmented.SegmentedRaftLogWorker (SegmentedRaftLogWorker.java:<init>(172)) - new bffaef1c-5345-42b9-b6d0-3a6335242d0a@group-809A4960A397-SegmentedRaftLogWorker for RaftStorage:Storage Directory /workdir/hadoop-ozone/tools/target/test-dir/MiniOzoneClusterImpl-42425eb2-f371-46f3-bb0b-2c68b0fa2a97/datanode-1/data/ratis/0d37f723-2bcd-4524-adbe-809a4960a397
2019-09-26 11:01:19,181 [pool-37-thread-1] INFO  server.RaftServerConfigKeys (ConfUtils.java:logGet(43)) - raft.server.log.queue.byte-limit = 2147483647 (custom)
2019-09-26 11:01:19,181 [pool-37-thread-1] INFO  server.RaftServerConfigKeys (ConfUtils.java:logGet(43)) - raft.server.log.queue.element-limit = 1024 (custom)
2019-09-26 11:01:19,181 [pool-37-thread-1] INFO  server.RaftServerConfigKeys (ConfUtils.java:logGet(43)) - raft.server.log.segment.size.max = 1048576 (custom)
2019-09-26 11:01:19,182 [pool-37-thread-1] INFO  server.RaftServerConfigKeys (ConfUtils.java:logGet(43)) - raft.server.log.preallocated.size = 16384 (custom)
2019-09-26 11:01:19,182 [pool-37-thread-1] INFO  server.RaftServerConfigKeys (ConfUtils.java:logGet(43)) - raft.server.log.write.buffer.size = 33554432 (custom)
2019-09-26 11:01:19,182 [pool-37-thread-1] INFO  server.RaftServerConfigKeys (ConfUtils.java:logGet(43)) - raft.server.log.force.sync.num = 128 (default)
2019-09-26 11:01:19,182 [pool-37-thread-1] INFO  server.RaftServerConfigKeys (ConfUtils.java:logGet(43)) - raft.server.log.statemachine.data.sync = true (default)
2019-09-26 11:01:19,182 [pool-37-thread-1] INFO  server.RaftServerConfigKeys (ConfUtils.java:logGet(43)) - raft.server.log.statemachine.data.sync.timeout = 10s (default)
2019-09-26 11:01:19,182 [pool-37-thread-1] INFO  server.RaftServerConfigKeys (ConfUtils.java:logGet(43)) - raft.server.log.statemachine.data.sync.timeout.retry = -1 (default)
2019-09-26 11:01:19,182 [pool-37-thread-1] INFO  server.RaftServerConfigKeys (ConfUtils.java:logGet(43)) - raft.server.log.statemachine.data.caching.enabled = true (custom)
2019-09-26 11:01:19,183 [pool-37-thread-1] INFO  segmented.SegmentedRaftLogWorker (SegmentedRaftLogWorker.java:lambda$new$0(132)) - bffaef1c-5345-42b9-b6d0-3a6335242d0a@group-809A4960A397-SegmentedRaftLogWorker: flushIndex: setUnconditionally 0 -> -1
2019-09-26 11:01:19,183 [pool-37-thread-1] INFO  server.RaftServerConfigKeys (ConfUtils.java:logGet(43)) - raft.server.snapshot.auto.trigger.enabled = true (custom)
2019-09-26 11:01:19,183 [pool-37-thread-1] INFO  server.RaftServerConfigKeys (ConfUtils.java:logGet(43)) - raft.server.snapshot.auto.trigger.threshold = 10000 (custom)
2019-09-26 11:01:19,183 [pool-37-thread-1] INFO  server.RaftServerConfigKeys (ConfUtils.java:logGet(43)) - raft.server.snapshot.retention.num.files = 5 (custom)
2019-09-26 11:01:19,184 [pool-37-thread-1] INFO  server.RaftServerConfigKeys (ConfUtils.java:logGet(43)) - raft.server.retrycache.expirytime = 600000ms (custom)
2019-09-26 11:01:19,186 [pool-37-thread-1] INFO  impl.RaftServerImpl (RaftServerImpl.java:start(185)) - bffaef1c-5345-42b9-b6d0-3a6335242d0a@group-809A4960A397: start as a follower, conf=-1: [bffaef1c-5345-42b9-b6d0-3a6335242d0a:192.168.30.13:39026], old=null
2019-09-26 11:01:19,186 [pool-37-thread-1] INFO  impl.RaftServerImpl (RaftServerImpl.java:setRole(174)) - bffaef1c-5345-42b9-b6d0-3a6335242d0a@group-809A4960A397: changes role from      null to FOLLOWER at term 0 for startAsFollower
2019-09-26 11:01:19,186 [pool-37-thread-1] INFO  impl.RoleInfo (RoleInfo.java:updateAndGet(143)) - bffaef1c-5345-42b9-b6d0-3a6335242d0a: start FollowerState
2019-09-26 11:01:19,187 [pool-37-thread-1] INFO  util.JmxRegister (JmxRegister.java:tryRegister(44)) - Successfully registered JMX Bean with object name Ratis:service=RaftServer,group=group-809A4960A397,id=bffaef1c-5345-42b9-b6d0-3a6335242d0a
2019-09-26 11:01:19,192 [RatisPipelineUtilsThread] INFO  pipeline.PipelineStateManager (PipelineStateManager.java:addPipeline(56)) - Created pipeline Pipeline[ Id: 0d37f723-2bcd-4524-adbe-809a4960a397, Nodes: bffaef1c-5345-42b9-b6d0-3a6335242d0a{ip: 192.168.30.13, host: pr-hdds-1569-wvzgm-824869521, networkLocation: /default-rack, certSerialId: null}, Type:RATIS, Factor:ONE, State:OPEN]
2019-09-26 11:01:19,193 [RatisPipelineUtilsThread] INFO  pipeline.PipelinePlacementPolicy (PipelinePlacementPolicy.java:meetCriteria(91)) - Pipeline Placement: can't place more pipeline on heavy datanode： 5ef5b40b-6668-4f90-a5de-67c965602eb0 Heaviness: 6 limit: 5
2019-09-26 11:01:19,193 [RatisPipelineUtilsThread] INFO  pipeline.PipelinePlacementPolicy (PipelinePlacementPolicy.java:meetCriteria(91)) - Pipeline Placement: can't place more pipeline on heavy datanode： bffaef1c-5345-42b9-b6d0-3a6335242d0a Heaviness: 6 limit: 5
2019-09-26 11:01:19,195 [RatisPipelineUtilsThread] INFO  pipeline.PipelinePlacementPolicy (PipelinePlacementPolicy.java:meetCriteria(91)) - Pipeline Placement: can't place more pipeline on heavy datanode： 02a54e17-f5d7-41bc-86bd-d3683be60571 Heaviness: 6 limit: 5
2019-09-26 11:01:19,205 [grpc-default-executor-0] INFO  impl.RaftServerProxy (RaftServerProxy.java:addNew(89)) - f1b27ee7-0671-41a8-9e25-617c44580f9f: addNew group-22D8FF4DBCDB:[f1b27ee7-0671-41a8-9e25-617c44580f9f:192.168.30.13:39028] returns group-22D8FF4DBCDB:java.util.concurrent.CompletableFuture@78174e4e[Not completed]
2019-09-26 11:01:19,207 [pool-67-thread-1] INFO  impl.RaftServerImpl (RaftServerImpl.java:<init>(95)) - f1b27ee7-0671-41a8-9e25-617c44580f9f: new RaftServerImpl for group-22D8FF4DBCDB:[f1b27ee7-0671-41a8-9e25-617c44580f9f:192.168.30.13:39028] with ContainerStateMachine:uninitialized
2019-09-26 11:01:19,207 [pool-67-thread-1] INFO  server.RaftServerConfigKeys (ConfUtils.java:logGet(43)) - raft.server.rpc.timeout.min = 5s (custom)
2019-09-26 11:01:19,207 [pool-67-thread-1] INFO  server.RaftServerConfigKeys (ConfUtils.java:logGet(43)) - raft.server.rpc.timeout.max = 5200ms (custom)
2019-09-26 11:01:19,207 [pool-67-thread-1] INFO  server.RaftServerConfigKeys (ConfUtils.java:logGet(43)) - raft.server.rpcslowness.timeout = 120s (custom)
2019-09-26 11:01:19,208 [pool-67-thread-1] INFO  server.RaftServerConfigKeys (ConfUtils.java:logGet(43)) - raft.server.sleep.deviation.threshold = 300 (default)
2019-09-26 11:01:19,208 [pool-67-thread-1] INFO  server.RaftServerConfigKeys (ConfUtils.java:logGet(43)) - raft.server.log.appender.install.snapshot.enabled = false (custom)
2019-09-26 11:01:19,208 [pool-67-thread-1] INFO  impl.RaftServerImpl (ServerState.java:<init>(103)) - f1b27ee7-0671-41a8-9e25-617c44580f9f@group-22D8FF4DBCDB: ConfigurationManager, init=-1: [f1b27ee7-0671-41a8-9e25-617c44580f9f:192.168.30.13:39028], old=null, confs=<EMPTY_MAP>
2019-09-26 11:01:19,208 [pool-67-thread-1] INFO  server.RaftServerConfigKeys (ConfUtils.java:logGet(43)) - raft.server.storage.dir = [/workdir/hadoop-ozone/tools/target/test-dir/MiniOzoneClusterImpl-42425eb2-f371-46f3-bb0b-2c68b0fa2a97/datanode-4/data/ratis] (custom)
2019-09-26 11:01:19,209 [pool-67-thread-1] INFO  storage.RaftStorageDirectory (RaftStorageDirectory.java:analyzeStorage(246)) - The storage directory /workdir/hadoop-ozone/tools/target/test-dir/MiniOzoneClusterImpl-42425eb2-f371-46f3-bb0b-2c68b0fa2a97/datanode-4/data/ratis/3464df78-0a52-4e2d-af4f-22d8ff4dbcdb does not exist. Creating ...
2019-09-26 11:01:19,222 [pool-67-thread-1] INFO  storage.RaftStorageDirectory (RaftStorageDirectory.java:tryLock(328)) - Lock on /workdir/hadoop-ozone/tools/target/test-dir/MiniOzoneClusterImpl-42425eb2-f371-46f3-bb0b-2c68b0fa2a97/datanode-4/data/ratis/3464df78-0a52-4e2d-af4f-22d8ff4dbcdb/in_use.lock acquired by nodename 15101@pr-hdds-1569-wvzgm-824869521
2019-09-26 11:01:19,235 [pool-67-thread-1] INFO  storage.RaftStorage (RaftStorage.java:format(72)) - Storage directory /workdir/hadoop-ozone/tools/target/test-dir/MiniOzoneClusterImpl-42425eb2-f371-46f3-bb0b-2c68b0fa2a97/datanode-4/data/ratis/3464df78-0a52-4e2d-af4f-22d8ff4dbcdb has been successfully formatted.
2019-09-26 11:01:19,235 [pool-67-thread-1] INFO  ratis.ContainerStateMachine (ContainerStateMachine.java:loadSnapshot(230)) - group-22D8FF4DBCDB: The snapshot info is null. Setting the last applied indexto:(t:0, i:~)
2019-09-26 11:01:19,235 [pool-67-thread-1] INFO  server.RaftServerConfigKeys (ConfUtils.java:logGet(43)) - raft.server.notification.no-leader.timeout = 120s (custom)
2019-09-26 11:01:19,235 [pool-67-thread-1] INFO  server.RaftServerConfigKeys (ConfUtils.java:logGet(43)) - raft.server.log.use.memory = false (default)
2019-09-26 11:01:19,236 [pool-67-thread-1] INFO  server.RaftServerConfigKeys (ConfUtils.java:logGet(43)) - raft.server.log.purge.gap = 1000000 (custom)
2019-09-26 11:01:19,236 [pool-67-thread-1] INFO  server.RaftServerConfigKeys (ConfUtils.java:logGet(43)) - raft.server.log.appender.buffer.byte-limit = 33554432 (custom)
2019-09-26 11:01:19,236 [pool-67-thread-1] INFO  server.RaftServerConfigKeys (ConfUtils.java:logGet(43)) - raft.server.log.segment.size.max = 1048576 (custom)
2019-09-26 11:01:19,236 [pool-67-thread-1] INFO  server.RaftServerConfigKeys (ConfUtils.java:logGet(43)) - raft.server.log.segment.cache.num.max = 2 (custom)
2019-09-26 11:01:19,236 [pool-67-thread-1] INFO  segmented.SegmentedRaftLogWorker (SegmentedRaftLogWorker.java:<init>(172)) - new f1b27ee7-0671-41a8-9e25-617c44580f9f@group-22D8FF4DBCDB-SegmentedRaftLogWorker for RaftStorage:Storage Directory /workdir/hadoop-ozone/tools/target/test-dir/MiniOzoneClusterImpl-42425eb2-f371-46f3-bb0b-2c68b0fa2a97/datanode-4/data/ratis/3464df78-0a52-4e2d-af4f-22d8ff4dbcdb
2019-09-26 11:01:19,237 [pool-67-thread-1] INFO  server.RaftServerConfigKeys (ConfUtils.java:logGet(43)) - raft.server.log.queue.byte-limit = 2147483647 (custom)
2019-09-26 11:01:19,237 [pool-67-thread-1] INFO  server.RaftServerConfigKeys (ConfUtils.java:logGet(43)) - raft.server.log.queue.element-limit = 1024 (custom)
2019-09-26 11:01:19,237 [pool-67-thread-1] INFO  server.RaftServerConfigKeys (ConfUtils.java:logGet(43)) - raft.server.log.segment.size.max = 1048576 (custom)
2019-09-26 11:01:19,237 [pool-67-thread-1] INFO  server.RaftServerConfigKeys (ConfUtils.java:logGet(43)) - raft.server.log.preallocated.size = 16384 (custom)
2019-09-26 11:01:19,237 [pool-67-thread-1] INFO  server.RaftServerConfigKeys (ConfUtils.java:logGet(43)) - raft.server.log.write.buffer.size = 33554432 (custom)
2019-09-26 11:01:19,237 [pool-67-thread-1] INFO  server.RaftServerConfigKeys (ConfUtils.java:logGet(43)) - raft.server.log.force.sync.num = 128 (default)
2019-09-26 11:01:19,237 [pool-67-thread-1] INFO  server.RaftServerConfigKeys (ConfUtils.java:logGet(43)) - raft.server.log.statemachine.data.sync = true (default)
2019-09-26 11:01:19,238 [pool-67-thread-1] INFO  server.RaftServerConfigKeys (ConfUtils.java:logGet(43)) - raft.server.log.statemachine.data.sync.timeout = 10s (default)
2019-09-26 11:01:19,238 [pool-67-thread-1] INFO  server.RaftServerConfigKeys (ConfUtils.java:logGet(43)) - raft.server.log.statemachine.data.sync.timeout.retry = -1 (default)
2019-09-26 11:01:19,238 [pool-67-thread-1] INFO  server.RaftServerConfigKeys (ConfUtils.java:logGet(43)) - raft.server.log.statemachine.data.caching.enabled = true (custom)
2019-09-26 11:01:19,238 [pool-67-thread-1] INFO  segmented.SegmentedRaftLogWorker (SegmentedRaftLogWorker.java:lambda$new$0(132)) - f1b27ee7-0671-41a8-9e25-617c44580f9f@group-22D8FF4DBCDB-SegmentedRaftLogWorker: flushIndex: setUnconditionally 0 -> -1
2019-09-26 11:01:19,239 [pool-67-thread-1] INFO  server.RaftServerConfigKeys (ConfUtils.java:logGet(43)) - raft.server.snapshot.auto.trigger.enabled = true (custom)
2019-09-26 11:01:19,239 [pool-67-thread-1] INFO  server.RaftServerConfigKeys (ConfUtils.java:logGet(43)) - raft.server.snapshot.auto.trigger.threshold = 10000 (custom)
2019-09-26 11:01:19,239 [pool-67-thread-1] INFO  server.RaftServerConfigKeys (ConfUtils.java:logGet(43)) - raft.server.snapshot.retention.num.files = 5 (custom)
2019-09-26 11:01:19,239 [pool-67-thread-1] INFO  server.RaftServerConfigKeys (ConfUtils.java:logGet(43)) - raft.server.retrycache.expirytime = 600000ms (custom)
2019-09-26 11:01:19,242 [pool-67-thread-1] INFO  impl.RaftServerImpl (RaftServerImpl.java:start(185)) - f1b27ee7-0671-41a8-9e25-617c44580f9f@group-22D8FF4DBCDB: start as a follower, conf=-1: [f1b27ee7-0671-41a8-9e25-617c44580f9f:192.168.30.13:39028], old=null
2019-09-26 11:01:19,242 [pool-67-thread-1] INFO  impl.RaftServerImpl (RaftServerImpl.java:setRole(174)) - f1b27ee7-0671-41a8-9e25-617c44580f9f@group-22D8FF4DBCDB: changes role from      null to FOLLOWER at term 0 for startAsFollower
2019-09-26 11:01:19,242 [pool-67-thread-1] INFO  impl.RoleInfo (RoleInfo.java:updateAndGet(143)) - f1b27ee7-0671-41a8-9e25-617c44580f9f: start FollowerState
2019-09-26 11:01:19,243 [pool-67-thread-1] INFO  util.JmxRegister (JmxRegister.java:tryRegister(44)) - Successfully registered JMX Bean with object name Ratis:service=RaftServer,group=group-22D8FF4DBCDB,id=f1b27ee7-0671-41a8-9e25-617c44580f9f
2019-09-26 11:01:19,249 [RatisPipelineUtilsThread] INFO  pipeline.PipelineStateManager (PipelineStateManager.java:addPipeline(56)) - Created pipeline Pipeline[ Id: 3464df78-0a52-4e2d-af4f-22d8ff4dbcdb, Nodes: f1b27ee7-0671-41a8-9e25-617c44580f9f{ip: 192.168.30.13, host: pr-hdds-1569-wvzgm-824869521, networkLocation: /default-rack, certSerialId: null}, Type:RATIS, Factor:ONE, State:OPEN]
2019-09-26 11:01:19,250 [RatisPipelineUtilsThread] INFO  pipeline.PipelinePlacementPolicy (PipelinePlacementPolicy.java:meetCriteria(91)) - Pipeline Placement: can't place more pipeline on heavy datanode： 5ef5b40b-6668-4f90-a5de-67c965602eb0 Heaviness: 6 limit: 5
2019-09-26 11:01:19,250 [RatisPipelineUtilsThread] INFO  pipeline.PipelinePlacementPolicy (PipelinePlacementPolicy.java:meetCriteria(91)) - Pipeline Placement: can't place more pipeline on heavy datanode： f1b27ee7-0671-41a8-9e25-617c44580f9f Heaviness: 6 limit: 5
2019-09-26 11:01:19,250 [RatisPipelineUtilsThread] INFO  pipeline.PipelinePlacementPolicy (PipelinePlacementPolicy.java:meetCriteria(91)) - Pipeline Placement: can't place more pipeline on heavy datanode： bffaef1c-5345-42b9-b6d0-3a6335242d0a Heaviness: 6 limit: 5
2019-09-26 11:01:19,250 [RatisPipelineUtilsThread] INFO  pipeline.PipelinePlacementPolicy (PipelinePlacementPolicy.java:meetCriteria(91)) - Pipeline Placement: can't place more pipeline on heavy datanode： 02a54e17-f5d7-41bc-86bd-d3683be60571 Heaviness: 6 limit: 5
2019-09-26 11:01:19,261 [grpc-default-executor-0] INFO  impl.RaftServerProxy (RaftServerProxy.java:addNew(89)) - 21851714-a306-49cf-b784-d62ce38d388a: addNew group-17B7C7CAA4AB:[21851714-a306-49cf-b784-d62ce38d388a:192.168.30.13:39761] returns group-17B7C7CAA4AB:java.util.concurrent.CompletableFuture@6646a20c[Not completed]
2019-09-26 11:01:19,262 [pool-57-thread-1] INFO  impl.RaftServerImpl (RaftServerImpl.java:<init>(95)) - 21851714-a306-49cf-b784-d62ce38d388a: new RaftServerImpl for group-17B7C7CAA4AB:[21851714-a306-49cf-b784-d62ce38d388a:192.168.30.13:39761] with ContainerStateMachine:uninitialized
2019-09-26 11:01:19,262 [pool-57-thread-1] INFO  server.RaftServerConfigKeys (ConfUtils.java:logGet(43)) - raft.server.rpc.timeout.min = 5s (custom)
2019-09-26 11:01:19,263 [pool-57-thread-1] INFO  server.RaftServerConfigKeys (ConfUtils.java:logGet(43)) - raft.server.rpc.timeout.max = 5200ms (custom)
2019-09-26 11:01:19,263 [pool-57-thread-1] INFO  server.RaftServerConfigKeys (ConfUtils.java:logGet(43)) - raft.server.rpcslowness.timeout = 120s (custom)
2019-09-26 11:01:19,263 [pool-57-thread-1] INFO  server.RaftServerConfigKeys (ConfUtils.java:logGet(43)) - raft.server.sleep.deviation.threshold = 300 (default)
2019-09-26 11:01:19,263 [pool-57-thread-1] INFO  server.RaftServerConfigKeys (ConfUtils.java:logGet(43)) - raft.server.log.appender.install.snapshot.enabled = false (custom)
2019-09-26 11:01:19,263 [pool-57-thread-1] INFO  impl.RaftServerImpl (ServerState.java:<init>(103)) - 21851714-a306-49cf-b784-d62ce38d388a@group-17B7C7CAA4AB: ConfigurationManager, init=-1: [21851714-a306-49cf-b784-d62ce38d388a:192.168.30.13:39761], old=null, confs=<EMPTY_MAP>
2019-09-26 11:01:19,263 [pool-57-thread-1] INFO  server.RaftServerConfigKeys (ConfUtils.java:logGet(43)) - raft.server.storage.dir = [/workdir/hadoop-ozone/tools/target/test-dir/MiniOzoneClusterImpl-42425eb2-f371-46f3-bb0b-2c68b0fa2a97/datanode-3/data/ratis] (custom)
2019-09-26 11:01:19,264 [pool-57-thread-1] INFO  storage.RaftStorageDirectory (RaftStorageDirectory.java:analyzeStorage(246)) - The storage directory /workdir/hadoop-ozone/tools/target/test-dir/MiniOzoneClusterImpl-42425eb2-f371-46f3-bb0b-2c68b0fa2a97/datanode-3/data/ratis/986b8afd-c51e-4d54-bb71-17b7c7caa4ab does not exist. Creating ...
2019-09-26 11:01:19,277 [pool-57-thread-1] INFO  storage.RaftStorageDirectory (RaftStorageDirectory.java:tryLock(328)) - Lock on /workdir/hadoop-ozone/tools/target/test-dir/MiniOzoneClusterImpl-42425eb2-f371-46f3-bb0b-2c68b0fa2a97/datanode-3/data/ratis/986b8afd-c51e-4d54-bb71-17b7c7caa4ab/in_use.lock acquired by nodename 15101@pr-hdds-1569-wvzgm-824869521
2019-09-26 11:01:19,290 [pool-57-thread-1] INFO  storage.RaftStorage (RaftStorage.java:format(72)) - Storage directory /workdir/hadoop-ozone/tools/target/test-dir/MiniOzoneClusterImpl-42425eb2-f371-46f3-bb0b-2c68b0fa2a97/datanode-3/data/ratis/986b8afd-c51e-4d54-bb71-17b7c7caa4ab has been successfully formatted.
2019-09-26 11:01:19,291 [pool-57-thread-1] INFO  ratis.ContainerStateMachine (ContainerStateMachine.java:loadSnapshot(230)) - group-17B7C7CAA4AB: The snapshot info is null. Setting the last applied indexto:(t:0, i:~)
2019-09-26 11:01:19,291 [pool-57-thread-1] INFO  server.RaftServerConfigKeys (ConfUtils.java:logGet(43)) - raft.server.notification.no-leader.timeout = 120s (custom)
2019-09-26 11:01:19,291 [pool-57-thread-1] INFO  server.RaftServerConfigKeys (ConfUtils.java:logGet(43)) - raft.server.log.use.memory = false (default)
2019-09-26 11:01:19,291 [pool-57-thread-1] INFO  server.RaftServerConfigKeys (ConfUtils.java:logGet(43)) - raft.server.log.purge.gap = 1000000 (custom)
2019-09-26 11:01:19,291 [pool-57-thread-1] INFO  server.RaftServerConfigKeys (ConfUtils.java:logGet(43)) - raft.server.log.appender.buffer.byte-limit = 33554432 (custom)
2019-09-26 11:01:19,291 [pool-57-thread-1] INFO  server.RaftServerConfigKeys (ConfUtils.java:logGet(43)) - raft.server.log.segment.size.max = 1048576 (custom)
2019-09-26 11:01:19,291 [pool-57-thread-1] INFO  server.RaftServerConfigKeys (ConfUtils.java:logGet(43)) - raft.server.log.segment.cache.num.max = 2 (custom)
2019-09-26 11:01:19,292 [pool-57-thread-1] INFO  segmented.SegmentedRaftLogWorker (SegmentedRaftLogWorker.java:<init>(172)) - new 21851714-a306-49cf-b784-d62ce38d388a@group-17B7C7CAA4AB-SegmentedRaftLogWorker for RaftStorage:Storage Directory /workdir/hadoop-ozone/tools/target/test-dir/MiniOzoneClusterImpl-42425eb2-f371-46f3-bb0b-2c68b0fa2a97/datanode-3/data/ratis/986b8afd-c51e-4d54-bb71-17b7c7caa4ab
2019-09-26 11:01:19,292 [pool-57-thread-1] INFO  server.RaftServerConfigKeys (ConfUtils.java:logGet(43)) - raft.server.log.queue.byte-limit = 2147483647 (custom)
2019-09-26 11:01:19,292 [pool-57-thread-1] INFO  server.RaftServerConfigKeys (ConfUtils.java:logGet(43)) - raft.server.log.queue.element-limit = 1024 (custom)
2019-09-26 11:01:19,292 [pool-57-thread-1] INFO  server.RaftServerConfigKeys (ConfUtils.java:logGet(43)) - raft.server.log.segment.size.max = 1048576 (custom)
2019-09-26 11:01:19,292 [pool-57-thread-1] INFO  server.RaftServerConfigKeys (ConfUtils.java:logGet(43)) - raft.server.log.preallocated.size = 16384 (custom)
2019-09-26 11:01:19,292 [pool-57-thread-1] INFO  server.RaftServerConfigKeys (ConfUtils.java:logGet(43)) - raft.server.log.write.buffer.size = 33554432 (custom)
2019-09-26 11:01:19,292 [pool-57-thread-1] INFO  server.RaftServerConfigKeys (ConfUtils.java:logGet(43)) - raft.server.log.force.sync.num = 128 (default)
2019-09-26 11:01:19,292 [pool-57-thread-1] INFO  server.RaftServerConfigKeys (ConfUtils.java:logGet(43)) - raft.server.log.statemachine.data.sync = true (default)
2019-09-26 11:01:19,292 [pool-57-thread-1] INFO  server.RaftServerConfigKeys (ConfUtils.java:logGet(43)) - raft.server.log.statemachine.data.sync.timeout = 10s (default)
2019-09-26 11:01:19,293 [pool-57-thread-1] INFO  server.RaftServerConfigKeys (ConfUtils.java:logGet(43)) - raft.server.log.statemachine.data.sync.timeout.retry = -1 (default)
2019-09-26 11:01:19,293 [pool-57-thread-1] INFO  server.RaftServerConfigKeys (ConfUtils.java:logGet(43)) - raft.server.log.statemachine.data.caching.enabled = true (custom)
2019-09-26 11:01:19,293 [pool-57-thread-1] INFO  segmented.SegmentedRaftLogWorker (SegmentedRaftLogWorker.java:lambda$new$0(132)) - 21851714-a306-49cf-b784-d62ce38d388a@group-17B7C7CAA4AB-SegmentedRaftLogWorker: flushIndex: setUnconditionally 0 -> -1
2019-09-26 11:01:19,293 [pool-57-thread-1] INFO  server.RaftServerConfigKeys (ConfUtils.java:logGet(43)) - raft.server.snapshot.auto.trigger.enabled = true (custom)
2019-09-26 11:01:19,294 [pool-57-thread-1] INFO  server.RaftServerConfigKeys (ConfUtils.java:logGet(43)) - raft.server.snapshot.auto.trigger.threshold = 10000 (custom)
2019-09-26 11:01:19,294 [pool-57-thread-1] INFO  server.RaftServerConfigKeys (ConfUtils.java:logGet(43)) - raft.server.snapshot.retention.num.files = 5 (custom)
2019-09-26 11:01:19,294 [pool-57-thread-1] INFO  server.RaftServerConfigKeys (ConfUtils.java:logGet(43)) - raft.server.retrycache.expirytime = 600000ms (custom)
2019-09-26 11:01:19,299 [pool-57-thread-1] INFO  impl.RaftServerImpl (RaftServerImpl.java:start(185)) - 21851714-a306-49cf-b784-d62ce38d388a@group-17B7C7CAA4AB: start as a follower, conf=-1: [21851714-a306-49cf-b784-d62ce38d388a:192.168.30.13:39761], old=null
2019-09-26 11:01:19,299 [pool-57-thread-1] INFO  impl.RaftServerImpl (RaftServerImpl.java:setRole(174)) - 21851714-a306-49cf-b784-d62ce38d388a@group-17B7C7CAA4AB: changes role from      null to FOLLOWER at term 0 for startAsFollower
2019-09-26 11:01:19,299 [pool-57-thread-1] INFO  impl.RoleInfo (RoleInfo.java:updateAndGet(143)) - 21851714-a306-49cf-b784-d62ce38d388a: start FollowerState
2019-09-26 11:01:19,300 [pool-57-thread-1] INFO  util.JmxRegister (JmxRegister.java:tryRegister(44)) - Successfully registered JMX Bean with object name Ratis:service=RaftServer,group=group-17B7C7CAA4AB,id=21851714-a306-49cf-b784-d62ce38d388a
2019-09-26 11:01:19,305 [RatisPipelineUtilsThread] INFO  pipeline.PipelineStateManager (PipelineStateManager.java:addPipeline(56)) - Created pipeline Pipeline[ Id: 986b8afd-c51e-4d54-bb71-17b7c7caa4ab, Nodes: 21851714-a306-49cf-b784-d62ce38d388a{ip: 192.168.30.13, host: pr-hdds-1569-wvzgm-824869521, networkLocation: /default-rack, certSerialId: null}, Type:RATIS, Factor:ONE, State:OPEN]
2019-09-26 11:01:19,305 [RatisPipelineUtilsThread] INFO  pipeline.PipelinePlacementPolicy (PipelinePlacementPolicy.java:meetCriteria(91)) - Pipeline Placement: can't place more pipeline on heavy datanode： 5ef5b40b-6668-4f90-a5de-67c965602eb0 Heaviness: 6 limit: 5
2019-09-26 11:01:19,305 [RatisPipelineUtilsThread] INFO  pipeline.PipelinePlacementPolicy (PipelinePlacementPolicy.java:meetCriteria(91)) - Pipeline Placement: can't place more pipeline on heavy datanode： f1b27ee7-0671-41a8-9e25-617c44580f9f Heaviness: 6 limit: 5
2019-09-26 11:01:19,305 [RatisPipelineUtilsThread] INFO  pipeline.PipelinePlacementPolicy (PipelinePlacementPolicy.java:meetCriteria(91)) - Pipeline Placement: can't place more pipeline on heavy datanode： bffaef1c-5345-42b9-b6d0-3a6335242d0a Heaviness: 6 limit: 5
2019-09-26 11:01:19,306 [RatisPipelineUtilsThread] INFO  pipeline.PipelinePlacementPolicy (PipelinePlacementPolicy.java:meetCriteria(91)) - Pipeline Placement: can't place more pipeline on heavy datanode： 02a54e17-f5d7-41bc-86bd-d3683be60571 Heaviness: 6 limit: 5
2019-09-26 11:01:19,315 [grpc-default-executor-0] INFO  impl.RaftServerProxy (RaftServerProxy.java:addNew(89)) - 21851714-a306-49cf-b784-d62ce38d388a: addNew group-407673783DAA:[21851714-a306-49cf-b784-d62ce38d388a:192.168.30.13:39761] returns group-407673783DAA:java.util.concurrent.CompletableFuture@3f20991d[Not completed]
2019-09-26 11:01:19,316 [pool-57-thread-1] INFO  impl.RaftServerImpl (RaftServerImpl.java:<init>(95)) - 21851714-a306-49cf-b784-d62ce38d388a: new RaftServerImpl for group-407673783DAA:[21851714-a306-49cf-b784-d62ce38d388a:192.168.30.13:39761] with ContainerStateMachine:uninitialized
2019-09-26 11:01:19,316 [pool-57-thread-1] INFO  server.RaftServerConfigKeys (ConfUtils.java:logGet(43)) - raft.server.rpc.timeout.min = 5s (custom)
2019-09-26 11:01:19,316 [pool-57-thread-1] INFO  server.RaftServerConfigKeys (ConfUtils.java:logGet(43)) - raft.server.rpc.timeout.max = 5200ms (custom)
2019-09-26 11:01:19,316 [pool-57-thread-1] INFO  server.RaftServerConfigKeys (ConfUtils.java:logGet(43)) - raft.server.rpcslowness.timeout = 120s (custom)
2019-09-26 11:01:19,317 [pool-57-thread-1] INFO  server.RaftServerConfigKeys (ConfUtils.java:logGet(43)) - raft.server.sleep.deviation.threshold = 300 (default)
2019-09-26 11:01:19,317 [pool-57-thread-1] INFO  server.RaftServerConfigKeys (ConfUtils.java:logGet(43)) - raft.server.log.appender.install.snapshot.enabled = false (custom)
2019-09-26 11:01:19,317 [pool-57-thread-1] INFO  impl.RaftServerImpl (ServerState.java:<init>(103)) - 21851714-a306-49cf-b784-d62ce38d388a@group-407673783DAA: ConfigurationManager, init=-1: [21851714-a306-49cf-b784-d62ce38d388a:192.168.30.13:39761], old=null, confs=<EMPTY_MAP>
2019-09-26 11:01:19,317 [pool-57-thread-1] INFO  server.RaftServerConfigKeys (ConfUtils.java:logGet(43)) - raft.server.storage.dir = [/workdir/hadoop-ozone/tools/target/test-dir/MiniOzoneClusterImpl-42425eb2-f371-46f3-bb0b-2c68b0fa2a97/datanode-3/data/ratis] (custom)
2019-09-26 11:01:19,317 [pool-57-thread-1] INFO  storage.RaftStorageDirectory (RaftStorageDirectory.java:analyzeStorage(246)) - The storage directory /workdir/hadoop-ozone/tools/target/test-dir/MiniOzoneClusterImpl-42425eb2-f371-46f3-bb0b-2c68b0fa2a97/datanode-3/data/ratis/eec89169-ac3b-4511-8e02-407673783daa does not exist. Creating ...
2019-09-26 11:01:19,330 [pool-57-thread-1] INFO  storage.RaftStorageDirectory (RaftStorageDirectory.java:tryLock(328)) - Lock on /workdir/hadoop-ozone/tools/target/test-dir/MiniOzoneClusterImpl-42425eb2-f371-46f3-bb0b-2c68b0fa2a97/datanode-3/data/ratis/eec89169-ac3b-4511-8e02-407673783daa/in_use.lock acquired by nodename 15101@pr-hdds-1569-wvzgm-824869521
2019-09-26 11:01:19,343 [pool-57-thread-1] INFO  storage.RaftStorage (RaftStorage.java:format(72)) - Storage directory /workdir/hadoop-ozone/tools/target/test-dir/MiniOzoneClusterImpl-42425eb2-f371-46f3-bb0b-2c68b0fa2a97/datanode-3/data/ratis/eec89169-ac3b-4511-8e02-407673783daa has been successfully formatted.
2019-09-26 11:01:19,343 [pool-57-thread-1] INFO  ratis.ContainerStateMachine (ContainerStateMachine.java:loadSnapshot(230)) - group-407673783DAA: The snapshot info is null. Setting the last applied indexto:(t:0, i:~)
2019-09-26 11:01:19,343 [pool-57-thread-1] INFO  server.RaftServerConfigKeys (ConfUtils.java:logGet(43)) - raft.server.notification.no-leader.timeout = 120s (custom)
2019-09-26 11:01:19,343 [pool-57-thread-1] INFO  server.RaftServerConfigKeys (ConfUtils.java:logGet(43)) - raft.server.log.use.memory = false (default)
2019-09-26 11:01:19,343 [pool-57-thread-1] INFO  server.RaftServerConfigKeys (ConfUtils.java:logGet(43)) - raft.server.log.purge.gap = 1000000 (custom)
2019-09-26 11:01:19,344 [pool-57-thread-1] INFO  server.RaftServerConfigKeys (ConfUtils.java:logGet(43)) - raft.server.log.appender.buffer.byte-limit = 33554432 (custom)
2019-09-26 11:01:19,344 [pool-57-thread-1] INFO  server.RaftServerConfigKeys (ConfUtils.java:logGet(43)) - raft.server.log.segment.size.max = 1048576 (custom)
2019-09-26 11:01:19,344 [pool-57-thread-1] INFO  server.RaftServerConfigKeys (ConfUtils.java:logGet(43)) - raft.server.log.segment.cache.num.max = 2 (custom)
2019-09-26 11:01:19,344 [pool-57-thread-1] INFO  segmented.SegmentedRaftLogWorker (SegmentedRaftLogWorker.java:<init>(172)) - new 21851714-a306-49cf-b784-d62ce38d388a@group-407673783DAA-SegmentedRaftLogWorker for RaftStorage:Storage Directory /workdir/hadoop-ozone/tools/target/test-dir/MiniOzoneClusterImpl-42425eb2-f371-46f3-bb0b-2c68b0fa2a97/datanode-3/data/ratis/eec89169-ac3b-4511-8e02-407673783daa
2019-09-26 11:01:19,344 [pool-57-thread-1] INFO  server.RaftServerConfigKeys (ConfUtils.java:logGet(43)) - raft.server.log.queue.byte-limit = 2147483647 (custom)
2019-09-26 11:01:19,344 [pool-57-thread-1] INFO  server.RaftServerConfigKeys (ConfUtils.java:logGet(43)) - raft.server.log.queue.element-limit = 1024 (custom)
2019-09-26 11:01:19,344 [pool-57-thread-1] INFO  server.RaftServerConfigKeys (ConfUtils.java:logGet(43)) - raft.server.log.segment.size.max = 1048576 (custom)
2019-09-26 11:01:19,344 [pool-57-thread-1] INFO  server.RaftServerConfigKeys (ConfUtils.java:logGet(43)) - raft.server.log.preallocated.size = 16384 (custom)
2019-09-26 11:01:19,344 [pool-57-thread-1] INFO  server.RaftServerConfigKeys (ConfUtils.java:logGet(43)) - raft.server.log.write.buffer.size = 33554432 (custom)
2019-09-26 11:01:19,345 [pool-57-thread-1] INFO  server.RaftServerConfigKeys (ConfUtils.java:logGet(43)) - raft.server.log.force.sync.num = 128 (default)
2019-09-26 11:01:19,345 [pool-57-thread-1] INFO  server.RaftServerConfigKeys (ConfUtils.java:logGet(43)) - raft.server.log.statemachine.data.sync = true (default)
2019-09-26 11:01:19,345 [pool-57-thread-1] INFO  server.RaftServerConfigKeys (ConfUtils.java:logGet(43)) - raft.server.log.statemachine.data.sync.timeout = 10s (default)
2019-09-26 11:01:19,345 [pool-57-thread-1] INFO  server.RaftServerConfigKeys (ConfUtils.java:logGet(43)) - raft.server.log.statemachine.data.sync.timeout.retry = -1 (default)
2019-09-26 11:01:19,345 [pool-57-thread-1] INFO  server.RaftServerConfigKeys (ConfUtils.java:logGet(43)) - raft.server.log.statemachine.data.caching.enabled = true (custom)
2019-09-26 11:01:19,345 [pool-57-thread-1] INFO  segmented.SegmentedRaftLogWorker (SegmentedRaftLogWorker.java:lambda$new$0(132)) - 21851714-a306-49cf-b784-d62ce38d388a@group-407673783DAA-SegmentedRaftLogWorker: flushIndex: setUnconditionally 0 -> -1
2019-09-26 11:01:19,346 [pool-57-thread-1] INFO  server.RaftServerConfigKeys (ConfUtils.java:logGet(43)) - raft.server.snapshot.auto.trigger.enabled = true (custom)
2019-09-26 11:01:19,346 [pool-57-thread-1] INFO  server.RaftServerConfigKeys (ConfUtils.java:logGet(43)) - raft.server.snapshot.auto.trigger.threshold = 10000 (custom)
2019-09-26 11:01:19,346 [pool-57-thread-1] INFO  server.RaftServerConfigKeys (ConfUtils.java:logGet(43)) - raft.server.snapshot.retention.num.files = 5 (custom)
2019-09-26 11:01:19,346 [pool-57-thread-1] INFO  server.RaftServerConfigKeys (ConfUtils.java:logGet(43)) - raft.server.retrycache.expirytime = 600000ms (custom)
2019-09-26 11:01:19,348 [pool-57-thread-1] INFO  impl.RaftServerImpl (RaftServerImpl.java:start(185)) - 21851714-a306-49cf-b784-d62ce38d388a@group-407673783DAA: start as a follower, conf=-1: [21851714-a306-49cf-b784-d62ce38d388a:192.168.30.13:39761], old=null
2019-09-26 11:01:19,348 [pool-57-thread-1] INFO  impl.RaftServerImpl (RaftServerImpl.java:setRole(174)) - 21851714-a306-49cf-b784-d62ce38d388a@group-407673783DAA: changes role from      null to FOLLOWER at term 0 for startAsFollower
2019-09-26 11:01:19,348 [pool-57-thread-1] INFO  impl.RoleInfo (RoleInfo.java:updateAndGet(143)) - 21851714-a306-49cf-b784-d62ce38d388a: start FollowerState
2019-09-26 11:01:19,348 [pool-57-thread-1] INFO  util.JmxRegister (JmxRegister.java:tryRegister(44)) - Successfully registered JMX Bean with object name Ratis:service=RaftServer,group=group-407673783DAA,id=21851714-a306-49cf-b784-d62ce38d388a
2019-09-26 11:01:19,352 [RatisPipelineUtilsThread] INFO  pipeline.PipelineStateManager (PipelineStateManager.java:addPipeline(56)) - Created pipeline Pipeline[ Id: eec89169-ac3b-4511-8e02-407673783daa, Nodes: 21851714-a306-49cf-b784-d62ce38d388a{ip: 192.168.30.13, host: pr-hdds-1569-wvzgm-824869521, networkLocation: /default-rack, certSerialId: null}, Type:RATIS, Factor:ONE, State:OPEN]
2019-09-26 11:01:19,352 [RatisPipelineUtilsThread] INFO  pipeline.PipelinePlacementPolicy (PipelinePlacementPolicy.java:meetCriteria(91)) - Pipeline Placement: can't place more pipeline on heavy datanode： 5ef5b40b-6668-4f90-a5de-67c965602eb0 Heaviness: 6 limit: 5
2019-09-26 11:01:19,353 [RatisPipelineUtilsThread] INFO  pipeline.PipelinePlacementPolicy (PipelinePlacementPolicy.java:meetCriteria(91)) - Pipeline Placement: can't place more pipeline on heavy datanode： f1b27ee7-0671-41a8-9e25-617c44580f9f Heaviness: 6 limit: 5
2019-09-26 11:01:19,353 [RatisPipelineUtilsThread] INFO  pipeline.PipelinePlacementPolicy (PipelinePlacementPolicy.java:meetCriteria(91)) - Pipeline Placement: can't place more pipeline on heavy datanode： bffaef1c-5345-42b9-b6d0-3a6335242d0a Heaviness: 6 limit: 5
2019-09-26 11:01:19,353 [RatisPipelineUtilsThread] INFO  pipeline.PipelinePlacementPolicy (PipelinePlacementPolicy.java:meetCriteria(91)) - Pipeline Placement: can't place more pipeline on heavy datanode： 21851714-a306-49cf-b784-d62ce38d388a Heaviness: 6 limit: 5
2019-09-26 11:01:19,353 [RatisPipelineUtilsThread] INFO  pipeline.PipelinePlacementPolicy (PipelinePlacementPolicy.java:meetCriteria(91)) - Pipeline Placement: can't place more pipeline on heavy datanode： 02a54e17-f5d7-41bc-86bd-d3683be60571 Heaviness: 6 limit: 5
2019-09-26 11:01:19,353 [RatisPipelineUtilsThread] ERROR pipeline.PipelinePlacementPolicy (PipelinePlacementPolicy.java:filterViableNodes(148)) - Unable to find enough nodes that meet the criteria that cannot engage in more than 5 pipelines. Nodes required: 1 Found: 0, healthy nodes count inNodeManager: 5.
2019-09-26 11:01:19,356 [RatisPipelineUtilsThread] ERROR pipeline.SCMPipelineManager (SCMPipelineManager.java:createPipeline(167)) - Pipeline creation failed.
org.apache.hadoop.hdds.scm.exceptions.SCMException: Unable to find enough nodes that meet the criteria that cannot engage in more than 5 pipelines. Nodes required: 1 Found: 0, healthy nodes count inNodeManager: 5.
	at org.apache.hadoop.hdds.scm.pipeline.PipelinePlacementPolicy.filterViableNodes(PipelinePlacementPolicy.java:149)
	at org.apache.hadoop.hdds.scm.pipeline.PipelinePlacementPolicy.chooseDatanodes(PipelinePlacementPolicy.java:172)
	at org.apache.hadoop.hdds.scm.pipeline.RatisPipelineProvider.create(RatisPipelineProvider.java:93)
	at org.apache.hadoop.hdds.scm.pipeline.PipelineFactory.create(PipelineFactory.java:58)
	at org.apache.hadoop.hdds.scm.pipeline.SCMPipelineManager.createPipeline(SCMPipelineManager.java:155)
	at org.apache.hadoop.hdds.scm.pipeline.BackgroundPipelineCreator.createPipelines(BackgroundPipelineCreator.java:99)
	at java.util.concurrent.Executors$RunnableAdapter.call(Executors.java:511)
	at java.util.concurrent.FutureTask.run(FutureTask.java:266)
	at java.util.concurrent.ScheduledThreadPoolExecutor$ScheduledFutureTask.access$201(ScheduledThreadPoolExecutor.java:180)
	at java.util.concurrent.ScheduledThreadPoolExecutor$ScheduledFutureTask.run(ScheduledThreadPoolExecutor.java:293)
	at java.util.concurrent.ThreadPoolExecutor.runWorker(ThreadPoolExecutor.java:1149)
	at java.util.concurrent.ThreadPoolExecutor$Worker.run(ThreadPoolExecutor.java:624)
	at java.lang.Thread.run(Thread.java:748)
2019-09-26 11:01:19,358 [RatisPipelineUtilsThread] INFO  pipeline.PipelinePlacementPolicy (PipelinePlacementPolicy.java:meetCriteria(91)) - Pipeline Placement: can't place more pipeline on heavy datanode： 5ef5b40b-6668-4f90-a5de-67c965602eb0 Heaviness: 6 limit: 5
2019-09-26 11:01:19,359 [RatisPipelineUtilsThread] INFO  pipeline.PipelinePlacementPolicy (PipelinePlacementPolicy.java:meetCriteria(91)) - Pipeline Placement: can't place more pipeline on heavy datanode： f1b27ee7-0671-41a8-9e25-617c44580f9f Heaviness: 6 limit: 5
2019-09-26 11:01:19,359 [RatisPipelineUtilsThread] INFO  pipeline.PipelinePlacementPolicy (PipelinePlacementPolicy.java:meetCriteria(91)) - Pipeline Placement: can't place more pipeline on heavy datanode： bffaef1c-5345-42b9-b6d0-3a6335242d0a Heaviness: 6 limit: 5
2019-09-26 11:01:19,359 [RatisPipelineUtilsThread] INFO  pipeline.PipelinePlacementPolicy (PipelinePlacementPolicy.java:meetCriteria(91)) - Pipeline Placement: can't place more pipeline on heavy datanode： 21851714-a306-49cf-b784-d62ce38d388a Heaviness: 6 limit: 5
2019-09-26 11:01:19,359 [RatisPipelineUtilsThread] INFO  pipeline.PipelinePlacementPolicy (PipelinePlacementPolicy.java:meetCriteria(91)) - Pipeline Placement: can't place more pipeline on heavy datanode： 02a54e17-f5d7-41bc-86bd-d3683be60571 Heaviness: 6 limit: 5
2019-09-26 11:01:19,359 [RatisPipelineUtilsThread] ERROR pipeline.PipelinePlacementPolicy (PipelinePlacementPolicy.java:filterViableNodes(148)) - Unable to find enough nodes that meet the criteria that cannot engage in more than 5 pipelines. Nodes required: 3 Found: 0, healthy nodes count inNodeManager: 5.
2019-09-26 11:01:19,360 [RatisPipelineUtilsThread] ERROR pipeline.SCMPipelineManager (SCMPipelineManager.java:createPipeline(167)) - Pipeline creation failed.
org.apache.hadoop.hdds.scm.exceptions.SCMException: Unable to find enough nodes that meet the criteria that cannot engage in more than 5 pipelines. Nodes required: 3 Found: 0, healthy nodes count inNodeManager: 5.
	at org.apache.hadoop.hdds.scm.pipeline.PipelinePlacementPolicy.filterViableNodes(PipelinePlacementPolicy.java:149)
	at org.apache.hadoop.hdds.scm.pipeline.PipelinePlacementPolicy.chooseDatanodes(PipelinePlacementPolicy.java:172)
	at org.apache.hadoop.hdds.scm.pipeline.RatisPipelineProvider.create(RatisPipelineProvider.java:93)
	at org.apache.hadoop.hdds.scm.pipeline.PipelineFactory.create(PipelineFactory.java:58)
	at org.apache.hadoop.hdds.scm.pipeline.SCMPipelineManager.createPipeline(SCMPipelineManager.java:155)
	at org.apache.hadoop.hdds.scm.pipeline.BackgroundPipelineCreator.createPipelines(BackgroundPipelineCreator.java:99)
	at java.util.concurrent.Executors$RunnableAdapter.call(Executors.java:511)
	at java.util.concurrent.FutureTask.run(FutureTask.java:266)
	at java.util.concurrent.ScheduledThreadPoolExecutor$ScheduledFutureTask.access$201(ScheduledThreadPoolExecutor.java:180)
	at java.util.concurrent.ScheduledThreadPoolExecutor$ScheduledFutureTask.run(ScheduledThreadPoolExecutor.java:293)
	at java.util.concurrent.ThreadPoolExecutor.runWorker(ThreadPoolExecutor.java:1149)
	at java.util.concurrent.ThreadPoolExecutor$Worker.run(ThreadPoolExecutor.java:624)
	at java.lang.Thread.run(Thread.java:748)
2019-09-26 11:01:19,362 [RatisPipelineUtilsThread] INFO  pipeline.PipelinePlacementPolicy (PipelinePlacementPolicy.java:meetCriteria(91)) - Pipeline Placement: can't place more pipeline on heavy datanode： 5ef5b40b-6668-4f90-a5de-67c965602eb0 Heaviness: 6 limit: 5
2019-09-26 11:01:19,362 [RatisPipelineUtilsThread] INFO  pipeline.PipelinePlacementPolicy (PipelinePlacementPolicy.java:meetCriteria(91)) - Pipeline Placement: can't place more pipeline on heavy datanode： f1b27ee7-0671-41a8-9e25-617c44580f9f Heaviness: 6 limit: 5
2019-09-26 11:01:19,363 [RatisPipelineUtilsThread] INFO  pipeline.PipelinePlacementPolicy (PipelinePlacementPolicy.java:meetCriteria(91)) - Pipeline Placement: can't place more pipeline on heavy datanode： bffaef1c-5345-42b9-b6d0-3a6335242d0a Heaviness: 6 limit: 5
2019-09-26 11:01:19,363 [RatisPipelineUtilsThread] INFO  pipeline.PipelinePlacementPolicy (PipelinePlacementPolicy.java:meetCriteria(91)) - Pipeline Placement: can't place more pipeline on heavy datanode： 21851714-a306-49cf-b784-d62ce38d388a Heaviness: 6 limit: 5
2019-09-26 11:01:19,363 [RatisPipelineUtilsThread] INFO  pipeline.PipelinePlacementPolicy (PipelinePlacementPolicy.java:meetCriteria(91)) - Pipeline Placement: can't place more pipeline on heavy datanode： 02a54e17-f5d7-41bc-86bd-d3683be60571 Heaviness: 6 limit: 5
2019-09-26 11:01:19,363 [RatisPipelineUtilsThread] ERROR pipeline.PipelinePlacementPolicy (PipelinePlacementPolicy.java:filterViableNodes(148)) - Unable to find enough nodes that meet the criteria that cannot engage in more than 5 pipelines. Nodes required: 1 Found: 0, healthy nodes count inNodeManager: 5.
2019-09-26 11:01:19,363 [RatisPipelineUtilsThread] ERROR pipeline.SCMPipelineManager (SCMPipelineManager.java:createPipeline(167)) - Pipeline creation failed.
org.apache.hadoop.hdds.scm.exceptions.SCMException: Unable to find enough nodes that meet the criteria that cannot engage in more than 5 pipelines. Nodes required: 1 Found: 0, healthy nodes count inNodeManager: 5.
	at org.apache.hadoop.hdds.scm.pipeline.PipelinePlacementPolicy.filterViableNodes(PipelinePlacementPolicy.java:149)
	at org.apache.hadoop.hdds.scm.pipeline.PipelinePlacementPolicy.chooseDatanodes(PipelinePlacementPolicy.java:172)
	at org.apache.hadoop.hdds.scm.pipeline.RatisPipelineProvider.create(RatisPipelineProvider.java:93)
	at org.apache.hadoop.hdds.scm.pipeline.PipelineFactory.create(PipelineFactory.java:58)
	at org.apache.hadoop.hdds.scm.pipeline.SCMPipelineManager.createPipeline(SCMPipelineManager.java:155)
	at org.apache.hadoop.hdds.scm.pipeline.BackgroundPipelineCreator.createPipelines(BackgroundPipelineCreator.java:99)
	at org.apache.hadoop.hdds.scm.pipeline.BackgroundPipelineCreator.lambda$startFixedIntervalPipelineCreator$0(BackgroundPipelineCreator.java:70)
	at java.util.concurrent.Executors$RunnableAdapter.call(Executors.java:511)
	at java.util.concurrent.FutureTask.runAndReset(FutureTask.java:308)
	at java.util.concurrent.ScheduledThreadPoolExecutor$ScheduledFutureTask.access$301(ScheduledThreadPoolExecutor.java:180)
	at java.util.concurrent.ScheduledThreadPoolExecutor$ScheduledFutureTask.run(ScheduledThreadPoolExecutor.java:294)
	at java.util.concurrent.ThreadPoolExecutor.runWorker(ThreadPoolExecutor.java:1149)
	at java.util.concurrent.ThreadPoolExecutor$Worker.run(ThreadPoolExecutor.java:624)
	at java.lang.Thread.run(Thread.java:748)
2019-09-26 11:01:19,364 [RatisPipelineUtilsThread] INFO  pipeline.PipelinePlacementPolicy (PipelinePlacementPolicy.java:meetCriteria(91)) - Pipeline Placement: can't place more pipeline on heavy datanode： 5ef5b40b-6668-4f90-a5de-67c965602eb0 Heaviness: 6 limit: 5
2019-09-26 11:01:19,364 [RatisPipelineUtilsThread] INFO  pipeline.PipelinePlacementPolicy (PipelinePlacementPolicy.java:meetCriteria(91)) - Pipeline Placement: can't place more pipeline on heavy datanode： f1b27ee7-0671-41a8-9e25-617c44580f9f Heaviness: 6 limit: 5
2019-09-26 11:01:19,364 [RatisPipelineUtilsThread] INFO  pipeline.PipelinePlacementPolicy (PipelinePlacementPolicy.java:meetCriteria(91)) - Pipeline Placement: can't place more pipeline on heavy datanode： bffaef1c-5345-42b9-b6d0-3a6335242d0a Heaviness: 6 limit: 5
2019-09-26 11:01:19,364 [RatisPipelineUtilsThread] INFO  pipeline.PipelinePlacementPolicy (PipelinePlacementPolicy.java:meetCriteria(91)) - Pipeline Placement: can't place more pipeline on heavy datanode： 21851714-a306-49cf-b784-d62ce38d388a Heaviness: 6 limit: 5
2019-09-26 11:01:19,365 [RatisPipelineUtilsThread] INFO  pipeline.PipelinePlacementPolicy (PipelinePlacementPolicy.java:meetCriteria(91)) - Pipeline Placement: can't place more pipeline on heavy datanode： 02a54e17-f5d7-41bc-86bd-d3683be60571 Heaviness: 6 limit: 5
2019-09-26 11:01:19,365 [RatisPipelineUtilsThread] ERROR pipeline.PipelinePlacementPolicy (PipelinePlacementPolicy.java:filterViableNodes(148)) - Unable to find enough nodes that meet the criteria that cannot engage in more than 5 pipelines. Nodes required: 3 Found: 0, healthy nodes count inNodeManager: 5.
2019-09-26 11:01:19,365 [RatisPipelineUtilsThread] ERROR pipeline.SCMPipelineManager (SCMPipelineManager.java:createPipeline(167)) - Pipeline creation failed.
org.apache.hadoop.hdds.scm.exceptions.SCMException: Unable to find enough nodes that meet the criteria that cannot engage in more than 5 pipelines. Nodes required: 3 Found: 0, healthy nodes count inNodeManager: 5.
	at org.apache.hadoop.hdds.scm.pipeline.PipelinePlacementPolicy.filterViableNodes(PipelinePlacementPolicy.java:149)
	at org.apache.hadoop.hdds.scm.pipeline.PipelinePlacementPolicy.chooseDatanodes(PipelinePlacementPolicy.java:172)
	at org.apache.hadoop.hdds.scm.pipeline.RatisPipelineProvider.create(RatisPipelineProvider.java:93)
	at org.apache.hadoop.hdds.scm.pipeline.PipelineFactory.create(PipelineFactory.java:58)
	at org.apache.hadoop.hdds.scm.pipeline.SCMPipelineManager.createPipeline(SCMPipelineManager.java:155)
	at org.apache.hadoop.hdds.scm.pipeline.BackgroundPipelineCreator.createPipelines(BackgroundPipelineCreator.java:99)
	at org.apache.hadoop.hdds.scm.pipeline.BackgroundPipelineCreator.lambda$startFixedIntervalPipelineCreator$0(BackgroundPipelineCreator.java:70)
	at java.util.concurrent.Executors$RunnableAdapter.call(Executors.java:511)
	at java.util.concurrent.FutureTask.runAndReset(FutureTask.java:308)
	at java.util.concurrent.ScheduledThreadPoolExecutor$ScheduledFutureTask.access$301(ScheduledThreadPoolExecutor.java:180)
	at java.util.concurrent.ScheduledThreadPoolExecutor$ScheduledFutureTask.run(ScheduledThreadPoolExecutor.java:294)
	at java.util.concurrent.ThreadPoolExecutor.runWorker(ThreadPoolExecutor.java:1149)
	at java.util.concurrent.ThreadPoolExecutor$Worker.run(ThreadPoolExecutor.java:624)
	at java.lang.Thread.run(Thread.java:748)
2019-09-26 11:01:19,366 [IPC Server handler 0 on 33790] INFO  pipeline.PipelinePlacementPolicy (PipelinePlacementPolicy.java:meetCriteria(91)) - Pipeline Placement: can't place more pipeline on heavy datanode： 5ef5b40b-6668-4f90-a5de-67c965602eb0 Heaviness: 6 limit: 5
2019-09-26 11:01:19,366 [IPC Server handler 0 on 33790] INFO  pipeline.PipelinePlacementPolicy (PipelinePlacementPolicy.java:meetCriteria(91)) - Pipeline Placement: can't place more pipeline on heavy datanode： f1b27ee7-0671-41a8-9e25-617c44580f9f Heaviness: 6 limit: 5
2019-09-26 11:01:19,366 [IPC Server handler 0 on 33790] INFO  pipeline.PipelinePlacementPolicy (PipelinePlacementPolicy.java:meetCriteria(91)) - Pipeline Placement: can't place more pipeline on heavy datanode： bffaef1c-5345-42b9-b6d0-3a6335242d0a Heaviness: 6 limit: 5
2019-09-26 11:01:19,366 [IPC Server handler 0 on 33790] INFO  pipeline.PipelinePlacementPolicy (PipelinePlacementPolicy.java:meetCriteria(91)) - Pipeline Placement: can't place more pipeline on heavy datanode： 21851714-a306-49cf-b784-d62ce38d388a Heaviness: 6 limit: 5
2019-09-26 11:01:19,367 [IPC Server handler 0 on 33790] INFO  pipeline.PipelinePlacementPolicy (PipelinePlacementPolicy.java:meetCriteria(91)) - Pipeline Placement: can't place more pipeline on heavy datanode： 02a54e17-f5d7-41bc-86bd-d3683be60571 Heaviness: 6 limit: 5
2019-09-26 11:01:19,367 [IPC Server handler 0 on 33790] ERROR pipeline.PipelinePlacementPolicy (PipelinePlacementPolicy.java:filterViableNodes(148)) - Unable to find enough nodes that meet the criteria that cannot engage in more than 5 pipelines. Nodes required: 3 Found: 0, healthy nodes count inNodeManager: 5.
2019-09-26 11:01:19,367 [IPC Server handler 0 on 33790] ERROR pipeline.SCMPipelineManager (SCMPipelineManager.java:createPipeline(167)) - Pipeline creation failed.
org.apache.hadoop.hdds.scm.exceptions.SCMException: Unable to find enough nodes that meet the criteria that cannot engage in more than 5 pipelines. Nodes required: 3 Found: 0, healthy nodes count inNodeManager: 5.
	at org.apache.hadoop.hdds.scm.pipeline.PipelinePlacementPolicy.filterViableNodes(PipelinePlacementPolicy.java:149)
	at org.apache.hadoop.hdds.scm.pipeline.PipelinePlacementPolicy.chooseDatanodes(PipelinePlacementPolicy.java:172)
	at org.apache.hadoop.hdds.scm.pipeline.RatisPipelineProvider.create(RatisPipelineProvider.java:93)
	at org.apache.hadoop.hdds.scm.pipeline.PipelineFactory.create(PipelineFactory.java:58)
	at org.apache.hadoop.hdds.scm.pipeline.SCMPipelineManager.createPipeline(SCMPipelineManager.java:155)
	at org.apache.hadoop.hdds.scm.block.BlockManagerImpl.allocateBlock(BlockManagerImpl.java:190)
	at org.apache.hadoop.hdds.scm.server.SCMBlockProtocolServer.allocateBlock(SCMBlockProtocolServer.java:182)
	at org.apache.hadoop.ozone.protocolPB.ScmBlockLocationProtocolServerSideTranslatorPB.allocateScmBlock(ScmBlockLocationProtocolServerSideTranslatorPB.java:183)
	at org.apache.hadoop.ozone.protocolPB.ScmBlockLocationProtocolServerSideTranslatorPB.processMessage(ScmBlockLocationProtocolServerSideTranslatorPB.java:141)
	at org.apache.hadoop.ozone.protocolPB.ScmBlockLocationProtocolServerSideTranslatorPB.send(ScmBlockLocationProtocolServerSideTranslatorPB.java:116)
	at org.apache.hadoop.hdds.protocol.proto.ScmBlockLocationProtocolProtos$ScmBlockLocationProtocolService$2.callBlockingMethod(ScmBlockLocationProtocolProtos.java:13157)
	at org.apache.hadoop.ipc.ProtobufRpcEngine$Server$ProtoBufRpcInvoker.call(ProtobufRpcEngine.java:524)
	at org.apache.hadoop.ipc.RPC$Server.call(RPC.java:1025)
	at org.apache.hadoop.ipc.Server$RpcCall.run(Server.java:876)
	at org.apache.hadoop.ipc.Server$RpcCall.run(Server.java:822)
	at java.security.AccessController.doPrivileged(Native Method)
	at javax.security.auth.Subject.doAs(Subject.java:422)
	at org.apache.hadoop.security.UserGroupInformation.doAs(UserGroupInformation.java:1730)
	at org.apache.hadoop.ipc.Server$Handler.run(Server.java:2682)
2019-09-26 11:01:19,368 [IPC Server handler 0 on 33790] WARN  block.BlockManagerImpl (BlockManagerImpl.java:allocateBlock(192)) - Pipeline creation failed for type:RATIS factor:THREE. Retrying get pipelines call once.
org.apache.hadoop.hdds.scm.exceptions.SCMException: Unable to find enough nodes that meet the criteria that cannot engage in more than 5 pipelines. Nodes required: 3 Found: 0, healthy nodes count inNodeManager: 5.
	at org.apache.hadoop.hdds.scm.pipeline.PipelinePlacementPolicy.filterViableNodes(PipelinePlacementPolicy.java:149)
	at org.apache.hadoop.hdds.scm.pipeline.PipelinePlacementPolicy.chooseDatanodes(PipelinePlacementPolicy.java:172)
	at org.apache.hadoop.hdds.scm.pipeline.RatisPipelineProvider.create(RatisPipelineProvider.java:93)
	at org.apache.hadoop.hdds.scm.pipeline.PipelineFactory.create(PipelineFactory.java:58)
	at org.apache.hadoop.hdds.scm.pipeline.SCMPipelineManager.createPipeline(SCMPipelineManager.java:155)
	at org.apache.hadoop.hdds.scm.block.BlockManagerImpl.allocateBlock(BlockManagerImpl.java:190)
	at org.apache.hadoop.hdds.scm.server.SCMBlockProtocolServer.allocateBlock(SCMBlockProtocolServer.java:182)
	at org.apache.hadoop.ozone.protocolPB.ScmBlockLocationProtocolServerSideTranslatorPB.allocateScmBlock(ScmBlockLocationProtocolServerSideTranslatorPB.java:183)
	at org.apache.hadoop.ozone.protocolPB.ScmBlockLocationProtocolServerSideTranslatorPB.processMessage(ScmBlockLocationProtocolServerSideTranslatorPB.java:141)
	at org.apache.hadoop.ozone.protocolPB.ScmBlockLocationProtocolServerSideTranslatorPB.send(ScmBlockLocationProtocolServerSideTranslatorPB.java:116)
	at org.apache.hadoop.hdds.protocol.proto.ScmBlockLocationProtocolProtos$ScmBlockLocationProtocolService$2.callBlockingMethod(ScmBlockLocationProtocolProtos.java:13157)
	at org.apache.hadoop.ipc.ProtobufRpcEngine$Server$ProtoBufRpcInvoker.call(ProtobufRpcEngine.java:524)
	at org.apache.hadoop.ipc.RPC$Server.call(RPC.java:1025)
	at org.apache.hadoop.ipc.Server$RpcCall.run(Server.java:876)
	at org.apache.hadoop.ipc.Server$RpcCall.run(Server.java:822)
	at java.security.AccessController.doPrivileged(Native Method)
	at javax.security.auth.Subject.doAs(Subject.java:422)
	at org.apache.hadoop.security.UserGroupInformation.doAs(UserGroupInformation.java:1730)
	at org.apache.hadoop.ipc.Server$Handler.run(Server.java:2682)
2019-09-26 11:01:19,368 [IPC Server handler 0 on 33790] INFO  block.BlockManagerImpl (BlockManagerImpl.java:allocateBlock(198)) - Could not find available pipeline of type:RATIS and factor:THREE even after retrying
2019-09-26 11:01:19,368 [IPC Server handler 0 on 33790] ERROR block.BlockManagerImpl (BlockManagerImpl.java:allocateBlock(222)) - Unable to allocate a block for the size: 4194304, type: RATIS, factor: THREE
2019-09-26 11:01:19,369 [IPC Server handler 0 on 33790] INFO  pipeline.PipelinePlacementPolicy (PipelinePlacementPolicy.java:meetCriteria(91)) - Pipeline Placement: can't place more pipeline on heavy datanode： 5ef5b40b-6668-4f90-a5de-67c965602eb0 Heaviness: 6 limit: 5
2019-09-26 11:01:19,369 [IPC Server handler 0 on 33790] INFO  pipeline.PipelinePlacementPolicy (PipelinePlacementPolicy.java:meetCriteria(91)) - Pipeline Placement: can't place more pipeline on heavy datanode： f1b27ee7-0671-41a8-9e25-617c44580f9f Heaviness: 6 limit: 5
2019-09-26 11:01:19,369 [IPC Server handler 0 on 33790] INFO  pipeline.PipelinePlacementPolicy (PipelinePlacementPolicy.java:meetCriteria(91)) - Pipeline Placement: can't place more pipeline on heavy datanode： bffaef1c-5345-42b9-b6d0-3a6335242d0a Heaviness: 6 limit: 5
2019-09-26 11:01:19,369 [IPC Server handler 0 on 33790] INFO  pipeline.PipelinePlacementPolicy (PipelinePlacementPolicy.java:meetCriteria(91)) - Pipeline Placement: can't place more pipeline on heavy datanode： 21851714-a306-49cf-b784-d62ce38d388a Heaviness: 6 limit: 5
2019-09-26 11:01:19,370 [IPC Server handler 0 on 33790] INFO  pipeline.PipelinePlacementPolicy (PipelinePlacementPolicy.java:meetCriteria(91)) - Pipeline Placement: can't place more pipeline on heavy datanode： 02a54e17-f5d7-41bc-86bd-d3683be60571 Heaviness: 6 limit: 5
2019-09-26 11:01:19,370 [IPC Server handler 0 on 33790] ERROR pipeline.PipelinePlacementPolicy (PipelinePlacementPolicy.java:filterViableNodes(148)) - Unable to find enough nodes that meet the criteria that cannot engage in more than 5 pipelines. Nodes required: 3 Found: 0, healthy nodes count inNodeManager: 5.
2019-09-26 11:01:19,370 [IPC Server handler 0 on 33790] ERROR pipeline.SCMPipelineManager (SCMPipelineManager.java:createPipeline(167)) - Pipeline creation failed.
org.apache.hadoop.hdds.scm.exceptions.SCMException: Unable to find enough nodes that meet the criteria that cannot engage in more than 5 pipelines. Nodes required: 3 Found: 0, healthy nodes count inNodeManager: 5.
	at org.apache.hadoop.hdds.scm.pipeline.PipelinePlacementPolicy.filterViableNodes(PipelinePlacementPolicy.java:149)
	at org.apache.hadoop.hdds.scm.pipeline.PipelinePlacementPolicy.chooseDatanodes(PipelinePlacementPolicy.java:172)
	at org.apache.hadoop.hdds.scm.pipeline.RatisPipelineProvider.create(RatisPipelineProvider.java:93)
	at org.apache.hadoop.hdds.scm.pipeline.PipelineFactory.create(PipelineFactory.java:58)
	at org.apache.hadoop.hdds.scm.pipeline.SCMPipelineManager.createPipeline(SCMPipelineManager.java:155)
	at org.apache.hadoop.hdds.scm.block.BlockManagerImpl.allocateBlock(BlockManagerImpl.java:190)
	at org.apache.hadoop.hdds.scm.server.SCMBlockProtocolServer.allocateBlock(SCMBlockProtocolServer.java:182)
	at org.apache.hadoop.ozone.protocolPB.ScmBlockLocationProtocolServerSideTranslatorPB.allocateScmBlock(ScmBlockLocationProtocolServerSideTranslatorPB.java:183)
	at org.apache.hadoop.ozone.protocolPB.ScmBlockLocationProtocolServerSideTranslatorPB.processMessage(ScmBlockLocationProtocolServerSideTranslatorPB.java:141)
	at org.apache.hadoop.ozone.protocolPB.ScmBlockLocationProtocolServerSideTranslatorPB.send(ScmBlockLocationProtocolServerSideTranslatorPB.java:116)
	at org.apache.hadoop.hdds.protocol.proto.ScmBlockLocationProtocolProtos$ScmBlockLocationProtocolService$2.callBlockingMethod(ScmBlockLocationProtocolProtos.java:13157)
	at org.apache.hadoop.ipc.ProtobufRpcEngine$Server$ProtoBufRpcInvoker.call(ProtobufRpcEngine.java:524)
	at org.apache.hadoop.ipc.RPC$Server.call(RPC.java:1025)
	at org.apache.hadoop.ipc.Server$RpcCall.run(Server.java:876)
	at org.apache.hadoop.ipc.Server$RpcCall.run(Server.java:822)
	at java.security.AccessController.doPrivileged(Native Method)
	at javax.security.auth.Subject.doAs(Subject.java:422)
	at org.apache.hadoop.security.UserGroupInformation.doAs(UserGroupInformation.java:1730)
	at org.apache.hadoop.ipc.Server$Handler.run(Server.java:2682)
2019-09-26 11:01:19,371 [IPC Server handler 0 on 33790] WARN  block.BlockManagerImpl (BlockManagerImpl.java:allocateBlock(192)) - Pipeline creation failed for type:RATIS factor:THREE. Retrying get pipelines call once.
org.apache.hadoop.hdds.scm.exceptions.SCMException: Unable to find enough nodes that meet the criteria that cannot engage in more than 5 pipelines. Nodes required: 3 Found: 0, healthy nodes count inNodeManager: 5.
	at org.apache.hadoop.hdds.scm.pipeline.PipelinePlacementPolicy.filterViableNodes(PipelinePlacementPolicy.java:149)
	at org.apache.hadoop.hdds.scm.pipeline.PipelinePlacementPolicy.chooseDatanodes(PipelinePlacementPolicy.java:172)
	at org.apache.hadoop.hdds.scm.pipeline.RatisPipelineProvider.create(RatisPipelineProvider.java:93)
	at org.apache.hadoop.hdds.scm.pipeline.PipelineFactory.create(PipelineFactory.java:58)
	at org.apache.hadoop.hdds.scm.pipeline.SCMPipelineManager.createPipeline(SCMPipelineManager.java:155)
	at org.apache.hadoop.hdds.scm.block.BlockManagerImpl.allocateBlock(BlockManagerImpl.java:190)
	at org.apache.hadoop.hdds.scm.server.SCMBlockProtocolServer.allocateBlock(SCMBlockProtocolServer.java:182)
	at org.apache.hadoop.ozone.protocolPB.ScmBlockLocationProtocolServerSideTranslatorPB.allocateScmBlock(ScmBlockLocationProtocolServerSideTranslatorPB.java:183)
	at org.apache.hadoop.ozone.protocolPB.ScmBlockLocationProtocolServerSideTranslatorPB.processMessage(ScmBlockLocationProtocolServerSideTranslatorPB.java:141)
	at org.apache.hadoop.ozone.protocolPB.ScmBlockLocationProtocolServerSideTranslatorPB.send(ScmBlockLocationProtocolServerSideTranslatorPB.java:116)
	at org.apache.hadoop.hdds.protocol.proto.ScmBlockLocationProtocolProtos$ScmBlockLocationProtocolService$2.callBlockingMethod(ScmBlockLocationProtocolProtos.java:13157)
	at org.apache.hadoop.ipc.ProtobufRpcEngine$Server$ProtoBufRpcInvoker.call(ProtobufRpcEngine.java:524)
	at org.apache.hadoop.ipc.RPC$Server.call(RPC.java:1025)
	at org.apache.hadoop.ipc.Server$RpcCall.run(Server.java:876)
	at org.apache.hadoop.ipc.Server$RpcCall.run(Server.java:822)
	at java.security.AccessController.doPrivileged(Native Method)
	at javax.security.auth.Subject.doAs(Subject.java:422)
	at org.apache.hadoop.security.UserGroupInformation.doAs(UserGroupInformation.java:1730)
	at org.apache.hadoop.ipc.Server$Handler.run(Server.java:2682)
2019-09-26 11:01:19,371 [IPC Server handler 0 on 33790] INFO  block.BlockManagerImpl (BlockManagerImpl.java:allocateBlock(198)) - Could not find available pipeline of type:RATIS and factor:THREE even after retrying
2019-09-26 11:01:19,371 [IPC Server handler 0 on 33790] ERROR block.BlockManagerImpl (BlockManagerImpl.java:allocateBlock(222)) - Unable to allocate a block for the size: 4194304, type: RATIS, factor: THREE
2019-09-26 11:01:19,372 [IPC Server handler 0 on 33790] INFO  pipeline.PipelinePlacementPolicy (PipelinePlacementPolicy.java:meetCriteria(91)) - Pipeline Placement: can't place more pipeline on heavy datanode： 5ef5b40b-6668-4f90-a5de-67c965602eb0 Heaviness: 6 limit: 5
2019-09-26 11:01:19,372 [IPC Server handler 0 on 33790] INFO  pipeline.PipelinePlacementPolicy (PipelinePlacementPolicy.java:meetCriteria(91)) - Pipeline Placement: can't place more pipeline on heavy datanode： f1b27ee7-0671-41a8-9e25-617c44580f9f Heaviness: 6 limit: 5
2019-09-26 11:01:19,372 [IPC Server handler 0 on 33790] INFO  pipeline.PipelinePlacementPolicy (PipelinePlacementPolicy.java:meetCriteria(91)) - Pipeline Placement: can't place more pipeline on heavy datanode： bffaef1c-5345-42b9-b6d0-3a6335242d0a Heaviness: 6 limit: 5
2019-09-26 11:01:19,372 [IPC Server handler 0 on 33790] INFO  pipeline.PipelinePlacementPolicy (PipelinePlacementPolicy.java:meetCriteria(91)) - Pipeline Placement: can't place more pipeline on heavy datanode： 21851714-a306-49cf-b784-d62ce38d388a Heaviness: 6 limit: 5
2019-09-26 11:01:19,372 [IPC Server handler 0 on 33790] INFO  pipeline.PipelinePlacementPolicy (PipelinePlacementPolicy.java:meetCriteria(91)) - Pipeline Placement: can't place more pipeline on heavy datanode： 02a54e17-f5d7-41bc-86bd-d3683be60571 Heaviness: 6 limit: 5
2019-09-26 11:01:19,373 [IPC Server handler 0 on 33790] ERROR pipeline.PipelinePlacementPolicy (PipelinePlacementPolicy.java:filterViableNodes(148)) - Unable to find enough nodes that meet the criteria that cannot engage in more than 5 pipelines. Nodes required: 3 Found: 0, healthy nodes count inNodeManager: 5.
2019-09-26 11:01:19,373 [IPC Server handler 0 on 33790] ERROR pipeline.SCMPipelineManager (SCMPipelineManager.java:createPipeline(167)) - Pipeline creation failed.
org.apache.hadoop.hdds.scm.exceptions.SCMException: Unable to find enough nodes that meet the criteria that cannot engage in more than 5 pipelines. Nodes required: 3 Found: 0, healthy nodes count inNodeManager: 5.
	at org.apache.hadoop.hdds.scm.pipeline.PipelinePlacementPolicy.filterViableNodes(PipelinePlacementPolicy.java:149)
	at org.apache.hadoop.hdds.scm.pipeline.PipelinePlacementPolicy.chooseDatanodes(PipelinePlacementPolicy.java:172)
	at org.apache.hadoop.hdds.scm.pipeline.RatisPipelineProvider.create(RatisPipelineProvider.java:93)
	at org.apache.hadoop.hdds.scm.pipeline.PipelineFactory.create(PipelineFactory.java:58)
	at org.apache.hadoop.hdds.scm.pipeline.SCMPipelineManager.createPipeline(SCMPipelineManager.java:155)
	at org.apache.hadoop.hdds.scm.block.BlockManagerImpl.allocateBlock(BlockManagerImpl.java:190)
	at org.apache.hadoop.hdds.scm.server.SCMBlockProtocolServer.allocateBlock(SCMBlockProtocolServer.java:182)
	at org.apache.hadoop.ozone.protocolPB.ScmBlockLocationProtocolServerSideTranslatorPB.allocateScmBlock(ScmBlockLocationProtocolServerSideTranslatorPB.java:183)
	at org.apache.hadoop.ozone.protocolPB.ScmBlockLocationProtocolServerSideTranslatorPB.processMessage(ScmBlockLocationProtocolServerSideTranslatorPB.java:141)
	at org.apache.hadoop.ozone.protocolPB.ScmBlockLocationProtocolServerSideTranslatorPB.send(ScmBlockLocationProtocolServerSideTranslatorPB.java:116)
	at org.apache.hadoop.hdds.protocol.proto.ScmBlockLocationProtocolProtos$ScmBlockLocationProtocolService$2.callBlockingMethod(ScmBlockLocationProtocolProtos.java:13157)
	at org.apache.hadoop.ipc.ProtobufRpcEngine$Server$ProtoBufRpcInvoker.call(ProtobufRpcEngine.java:524)
	at org.apache.hadoop.ipc.RPC$Server.call(RPC.java:1025)
	at org.apache.hadoop.ipc.Server$RpcCall.run(Server.java:876)
	at org.apache.hadoop.ipc.Server$RpcCall.run(Server.java:822)
	at java.security.AccessController.doPrivileged(Native Method)
	at javax.security.auth.Subject.doAs(Subject.java:422)
	at org.apache.hadoop.security.UserGroupInformation.doAs(UserGroupInformation.java:1730)
	at org.apache.hadoop.ipc.Server$Handler.run(Server.java:2682)
2019-09-26 11:01:19,373 [IPC Server handler 0 on 33790] WARN  block.BlockManagerImpl (BlockManagerImpl.java:allocateBlock(192)) - Pipeline creation failed for type:RATIS factor:THREE. Retrying get pipelines call once.
org.apache.hadoop.hdds.scm.exceptions.SCMException: Unable to find enough nodes that meet the criteria that cannot engage in more than 5 pipelines. Nodes required: 3 Found: 0, healthy nodes count inNodeManager: 5.
	at org.apache.hadoop.hdds.scm.pipeline.PipelinePlacementPolicy.filterViableNodes(PipelinePlacementPolicy.java:149)
	at org.apache.hadoop.hdds.scm.pipeline.PipelinePlacementPolicy.chooseDatanodes(PipelinePlacementPolicy.java:172)
	at org.apache.hadoop.hdds.scm.pipeline.RatisPipelineProvider.create(RatisPipelineProvider.java:93)
	at org.apache.hadoop.hdds.scm.pipeline.PipelineFactory.create(PipelineFactory.java:58)
	at org.apache.hadoop.hdds.scm.pipeline.SCMPipelineManager.createPipeline(SCMPipelineManager.java:155)
	at org.apache.hadoop.hdds.scm.block.BlockManagerImpl.allocateBlock(BlockManagerImpl.java:190)
	at org.apache.hadoop.hdds.scm.server.SCMBlockProtocolServer.allocateBlock(SCMBlockProtocolServer.java:182)
	at org.apache.hadoop.ozone.protocolPB.ScmBlockLocationProtocolServerSideTranslatorPB.allocateScmBlock(ScmBlockLocationProtocolServerSideTranslatorPB.java:183)
	at org.apache.hadoop.ozone.protocolPB.ScmBlockLocationProtocolServerSideTranslatorPB.processMessage(ScmBlockLocationProtocolServerSideTranslatorPB.java:141)
	at org.apache.hadoop.ozone.protocolPB.ScmBlockLocationProtocolServerSideTranslatorPB.send(ScmBlockLocationProtocolServerSideTranslatorPB.java:116)
	at org.apache.hadoop.hdds.protocol.proto.ScmBlockLocationProtocolProtos$ScmBlockLocationProtocolService$2.callBlockingMethod(ScmBlockLocationProtocolProtos.java:13157)
	at org.apache.hadoop.ipc.ProtobufRpcEngine$Server$ProtoBufRpcInvoker.call(ProtobufRpcEngine.java:524)
	at org.apache.hadoop.ipc.RPC$Server.call(RPC.java:1025)
	at org.apache.hadoop.ipc.Server$RpcCall.run(Server.java:876)
	at org.apache.hadoop.ipc.Server$RpcCall.run(Server.java:822)
	at java.security.AccessController.doPrivileged(Native Method)
	at javax.security.auth.Subject.doAs(Subject.java:422)
	at org.apache.hadoop.security.UserGroupInformation.doAs(UserGroupInformation.java:1730)
	at org.apache.hadoop.ipc.Server$Handler.run(Server.java:2682)
2019-09-26 11:01:19,374 [IPC Server handler 0 on 33790] INFO  block.BlockManagerImpl (BlockManagerImpl.java:allocateBlock(198)) - Could not find available pipeline of type:RATIS and factor:THREE even after retrying
2019-09-26 11:01:19,374 [IPC Server handler 0 on 33790] ERROR block.BlockManagerImpl (BlockManagerImpl.java:allocateBlock(222)) - Unable to allocate a block for the size: 4194304, type: RATIS, factor: THREE
2019-09-26 11:01:19,374 [IPC Server handler 0 on 33790] INFO  pipeline.PipelinePlacementPolicy (PipelinePlacementPolicy.java:meetCriteria(91)) - Pipeline Placement: can't place more pipeline on heavy datanode： 5ef5b40b-6668-4f90-a5de-67c965602eb0 Heaviness: 6 limit: 5
2019-09-26 11:01:19,375 [IPC Server handler 0 on 33790] INFO  pipeline.PipelinePlacementPolicy (PipelinePlacementPolicy.java:meetCriteria(91)) - Pipeline Placement: can't place more pipeline on heavy datanode： f1b27ee7-0671-41a8-9e25-617c44580f9f Heaviness: 6 limit: 5
2019-09-26 11:01:19,375 [IPC Server handler 0 on 33790] INFO  pipeline.PipelinePlacementPolicy (PipelinePlacementPolicy.java:meetCriteria(91)) - Pipeline Placement: can't place more pipeline on heavy datanode： bffaef1c-5345-42b9-b6d0-3a6335242d0a Heaviness: 6 limit: 5
2019-09-26 11:01:19,375 [IPC Server handler 0 on 33790] INFO  pipeline.PipelinePlacementPolicy (PipelinePlacementPolicy.java:meetCriteria(91)) - Pipeline Placement: can't place more pipeline on heavy datanode： 21851714-a306-49cf-b784-d62ce38d388a Heaviness: 6 limit: 5
2019-09-26 11:01:19,375 [IPC Server handler 0 on 33790] INFO  pipeline.PipelinePlacementPolicy (PipelinePlacementPolicy.java:meetCriteria(91)) - Pipeline Placement: can't place more pipeline on heavy datanode： 02a54e17-f5d7-41bc-86bd-d3683be60571 Heaviness: 6 limit: 5
2019-09-26 11:01:19,375 [IPC Server handler 0 on 33790] ERROR pipeline.PipelinePlacementPolicy (PipelinePlacementPolicy.java:filterViableNodes(148)) - Unable to find enough nodes that meet the criteria that cannot engage in more than 5 pipelines. Nodes required: 3 Found: 0, healthy nodes count inNodeManager: 5.
2019-09-26 11:01:19,376 [IPC Server handler 0 on 33790] ERROR pipeline.SCMPipelineManager (SCMPipelineManager.java:createPipeline(167)) - Pipeline creation failed.
org.apache.hadoop.hdds.scm.exceptions.SCMException: Unable to find enough nodes that meet the criteria that cannot engage in more than 5 pipelines. Nodes required: 3 Found: 0, healthy nodes count inNodeManager: 5.
	at org.apache.hadoop.hdds.scm.pipeline.PipelinePlacementPolicy.filterViableNodes(PipelinePlacementPolicy.java:149)
	at org.apache.hadoop.hdds.scm.pipeline.PipelinePlacementPolicy.chooseDatanodes(PipelinePlacementPolicy.java:172)
	at org.apache.hadoop.hdds.scm.pipeline.RatisPipelineProvider.create(RatisPipelineProvider.java:93)
	at org.apache.hadoop.hdds.scm.pipeline.PipelineFactory.create(PipelineFactory.java:58)
	at org.apache.hadoop.hdds.scm.pipeline.SCMPipelineManager.createPipeline(SCMPipelineManager.java:155)
	at org.apache.hadoop.hdds.scm.block.BlockManagerImpl.allocateBlock(BlockManagerImpl.java:190)
	at org.apache.hadoop.hdds.scm.server.SCMBlockProtocolServer.allocateBlock(SCMBlockProtocolServer.java:182)
	at org.apache.hadoop.ozone.protocolPB.ScmBlockLocationProtocolServerSideTranslatorPB.allocateScmBlock(ScmBlockLocationProtocolServerSideTranslatorPB.java:183)
	at org.apache.hadoop.ozone.protocolPB.ScmBlockLocationProtocolServerSideTranslatorPB.processMessage(ScmBlockLocationProtocolServerSideTranslatorPB.java:141)
	at org.apache.hadoop.ozone.protocolPB.ScmBlockLocationProtocolServerSideTranslatorPB.send(ScmBlockLocationProtocolServerSideTranslatorPB.java:116)
	at org.apache.hadoop.hdds.protocol.proto.ScmBlockLocationProtocolProtos$ScmBlockLocationProtocolService$2.callBlockingMethod(ScmBlockLocationProtocolProtos.java:13157)
	at org.apache.hadoop.ipc.ProtobufRpcEngine$Server$ProtoBufRpcInvoker.call(ProtobufRpcEngine.java:524)
	at org.apache.hadoop.ipc.RPC$Server.call(RPC.java:1025)
	at org.apache.hadoop.ipc.Server$RpcCall.run(Server.java:876)
	at org.apache.hadoop.ipc.Server$RpcCall.run(Server.java:822)
	at java.security.AccessController.doPrivileged(Native Method)
	at javax.security.auth.Subject.doAs(Subject.java:422)
	at org.apache.hadoop.security.UserGroupInformation.doAs(UserGroupInformation.java:1730)
	at org.apache.hadoop.ipc.Server$Handler.run(Server.java:2682)
2019-09-26 11:01:19,376 [IPC Server handler 0 on 33790] WARN  block.BlockManagerImpl (BlockManagerImpl.java:allocateBlock(192)) - Pipeline creation failed for type:RATIS factor:THREE. Retrying get pipelines call once.
org.apache.hadoop.hdds.scm.exceptions.SCMException: Unable to find enough nodes that meet the criteria that cannot engage in more than 5 pipelines. Nodes required: 3 Found: 0, healthy nodes count inNodeManager: 5.
	at org.apache.hadoop.hdds.scm.pipeline.PipelinePlacementPolicy.filterViableNodes(PipelinePlacementPolicy.java:149)
	at org.apache.hadoop.hdds.scm.pipeline.PipelinePlacementPolicy.chooseDatanodes(PipelinePlacementPolicy.java:172)
	at org.apache.hadoop.hdds.scm.pipeline.RatisPipelineProvider.create(RatisPipelineProvider.java:93)
	at org.apache.hadoop.hdds.scm.pipeline.PipelineFactory.create(PipelineFactory.java:58)
	at org.apache.hadoop.hdds.scm.pipeline.SCMPipelineManager.createPipeline(SCMPipelineManager.java:155)
	at org.apache.hadoop.hdds.scm.block.BlockManagerImpl.allocateBlock(BlockManagerImpl.java:190)
	at org.apache.hadoop.hdds.scm.server.SCMBlockProtocolServer.allocateBlock(SCMBlockProtocolServer.java:182)
	at org.apache.hadoop.ozone.protocolPB.ScmBlockLocationProtocolServerSideTranslatorPB.allocateScmBlock(ScmBlockLocationProtocolServerSideTranslatorPB.java:183)
	at org.apache.hadoop.ozone.protocolPB.ScmBlockLocationProtocolServerSideTranslatorPB.processMessage(ScmBlockLocationProtocolServerSideTranslatorPB.java:141)
	at org.apache.hadoop.ozone.protocolPB.ScmBlockLocationProtocolServerSideTranslatorPB.send(ScmBlockLocationProtocolServerSideTranslatorPB.java:116)
	at org.apache.hadoop.hdds.protocol.proto.ScmBlockLocationProtocolProtos$ScmBlockLocationProtocolService$2.callBlockingMethod(ScmBlockLocationProtocolProtos.java:13157)
	at org.apache.hadoop.ipc.ProtobufRpcEngine$Server$ProtoBufRpcInvoker.call(ProtobufRpcEngine.java:524)
	at org.apache.hadoop.ipc.RPC$Server.call(RPC.java:1025)
	at org.apache.hadoop.ipc.Server$RpcCall.run(Server.java:876)
	at org.apache.hadoop.ipc.Server$RpcCall.run(Server.java:822)
	at java.security.AccessController.doPrivileged(Native Method)
	at javax.security.auth.Subject.doAs(Subject.java:422)
	at org.apache.hadoop.security.UserGroupInformation.doAs(UserGroupInformation.java:1730)
	at org.apache.hadoop.ipc.Server$Handler.run(Server.java:2682)
2019-09-26 11:01:19,377 [IPC Server handler 0 on 33790] INFO  block.BlockManagerImpl (BlockManagerImpl.java:allocateBlock(198)) - Could not find available pipeline of type:RATIS and factor:THREE even after retrying
2019-09-26 11:01:19,377 [IPC Server handler 0 on 33790] ERROR block.BlockManagerImpl (BlockManagerImpl.java:allocateBlock(222)) - Unable to allocate a block for the size: 4194304, type: RATIS, factor: THREE
2019-09-26 11:01:19,377 [IPC Server handler 0 on 33790] INFO  pipeline.PipelinePlacementPolicy (PipelinePlacementPolicy.java:meetCriteria(91)) - Pipeline Placement: can't place more pipeline on heavy datanode： 5ef5b40b-6668-4f90-a5de-67c965602eb0 Heaviness: 6 limit: 5
2019-09-26 11:01:19,377 [IPC Server handler 0 on 33790] INFO  pipeline.PipelinePlacementPolicy (PipelinePlacementPolicy.java:meetCriteria(91)) - Pipeline Placement: can't place more pipeline on heavy datanode： f1b27ee7-0671-41a8-9e25-617c44580f9f Heaviness: 6 limit: 5
2019-09-26 11:01:19,377 [IPC Server handler 0 on 33790] INFO  pipeline.PipelinePlacementPolicy (PipelinePlacementPolicy.java:meetCriteria(91)) - Pipeline Placement: can't place more pipeline on heavy datanode： bffaef1c-5345-42b9-b6d0-3a6335242d0a Heaviness: 6 limit: 5
2019-09-26 11:01:19,378 [IPC Server handler 0 on 33790] INFO  pipeline.PipelinePlacementPolicy (PipelinePlacementPolicy.java:meetCriteria(91)) - Pipeline Placement: can't place more pipeline on heavy datanode： 21851714-a306-49cf-b784-d62ce38d388a Heaviness: 6 limit: 5
2019-09-26 11:01:19,378 [IPC Server handler 0 on 33790] INFO  pipeline.PipelinePlacementPolicy (PipelinePlacementPolicy.java:meetCriteria(91)) - Pipeline Placement: can't place more pipeline on heavy datanode： 02a54e17-f5d7-41bc-86bd-d3683be60571 Heaviness: 6 limit: 5
2019-09-26 11:01:19,378 [IPC Server handler 0 on 33790] ERROR pipeline.PipelinePlacementPolicy (PipelinePlacementPolicy.java:filterViableNodes(148)) - Unable to find enough nodes that meet the criteria that cannot engage in more than 5 pipelines. Nodes required: 3 Found: 0, healthy nodes count inNodeManager: 5.
2019-09-26 11:01:19,378 [IPC Server handler 0 on 33790] ERROR pipeline.SCMPipelineManager (SCMPipelineManager.java:createPipeline(167)) - Pipeline creation failed.
org.apache.hadoop.hdds.scm.exceptions.SCMException: Unable to find enough nodes that meet the criteria that cannot engage in more than 5 pipelines. Nodes required: 3 Found: 0, healthy nodes count inNodeManager: 5.
	at org.apache.hadoop.hdds.scm.pipeline.PipelinePlacementPolicy.filterViableNodes(PipelinePlacementPolicy.java:149)
	at org.apache.hadoop.hdds.scm.pipeline.PipelinePlacementPolicy.chooseDatanodes(PipelinePlacementPolicy.java:172)
	at org.apache.hadoop.hdds.scm.pipeline.RatisPipelineProvider.create(RatisPipelineProvider.java:93)
	at org.apache.hadoop.hdds.scm.pipeline.PipelineFactory.create(PipelineFactory.java:58)
	at org.apache.hadoop.hdds.scm.pipeline.SCMPipelineManager.createPipeline(SCMPipelineManager.java:155)
	at org.apache.hadoop.hdds.scm.block.BlockManagerImpl.allocateBlock(BlockManagerImpl.java:190)
	at org.apache.hadoop.hdds.scm.server.SCMBlockProtocolServer.allocateBlock(SCMBlockProtocolServer.java:182)
	at org.apache.hadoop.ozone.protocolPB.ScmBlockLocationProtocolServerSideTranslatorPB.allocateScmBlock(ScmBlockLocationProtocolServerSideTranslatorPB.java:183)
	at org.apache.hadoop.ozone.protocolPB.ScmBlockLocationProtocolServerSideTranslatorPB.processMessage(ScmBlockLocationProtocolServerSideTranslatorPB.java:141)
	at org.apache.hadoop.ozone.protocolPB.ScmBlockLocationProtocolServerSideTranslatorPB.send(ScmBlockLocationProtocolServerSideTranslatorPB.java:116)
	at org.apache.hadoop.hdds.protocol.proto.ScmBlockLocationProtocolProtos$ScmBlockLocationProtocolService$2.callBlockingMethod(ScmBlockLocationProtocolProtos.java:13157)
	at org.apache.hadoop.ipc.ProtobufRpcEngine$Server$ProtoBufRpcInvoker.call(ProtobufRpcEngine.java:524)
	at org.apache.hadoop.ipc.RPC$Server.call(RPC.java:1025)
	at org.apache.hadoop.ipc.Server$RpcCall.run(Server.java:876)
	at org.apache.hadoop.ipc.Server$RpcCall.run(Server.java:822)
	at java.security.AccessController.doPrivileged(Native Method)
	at javax.security.auth.Subject.doAs(Subject.java:422)
	at org.apache.hadoop.security.UserGroupInformation.doAs(UserGroupInformation.java:1730)
	at org.apache.hadoop.ipc.Server$Handler.run(Server.java:2682)
2019-09-26 11:01:19,379 [IPC Server handler 0 on 33790] WARN  block.BlockManagerImpl (BlockManagerImpl.java:allocateBlock(192)) - Pipeline creation failed for type:RATIS factor:THREE. Retrying get pipelines call once.
org.apache.hadoop.hdds.scm.exceptions.SCMException: Unable to find enough nodes that meet the criteria that cannot engage in more than 5 pipelines. Nodes required: 3 Found: 0, healthy nodes count inNodeManager: 5.
	at org.apache.hadoop.hdds.scm.pipeline.PipelinePlacementPolicy.filterViableNodes(PipelinePlacementPolicy.java:149)
	at org.apache.hadoop.hdds.scm.pipeline.PipelinePlacementPolicy.chooseDatanodes(PipelinePlacementPolicy.java:172)
	at org.apache.hadoop.hdds.scm.pipeline.RatisPipelineProvider.create(RatisPipelineProvider.java:93)
	at org.apache.hadoop.hdds.scm.pipeline.PipelineFactory.create(PipelineFactory.java:58)
	at org.apache.hadoop.hdds.scm.pipeline.SCMPipelineManager.createPipeline(SCMPipelineManager.java:155)
	at org.apache.hadoop.hdds.scm.block.BlockManagerImpl.allocateBlock(BlockManagerImpl.java:190)
	at org.apache.hadoop.hdds.scm.server.SCMBlockProtocolServer.allocateBlock(SCMBlockProtocolServer.java:182)
	at org.apache.hadoop.ozone.protocolPB.ScmBlockLocationProtocolServerSideTranslatorPB.allocateScmBlock(ScmBlockLocationProtocolServerSideTranslatorPB.java:183)
	at org.apache.hadoop.ozone.protocolPB.ScmBlockLocationProtocolServerSideTranslatorPB.processMessage(ScmBlockLocationProtocolServerSideTranslatorPB.java:141)
	at org.apache.hadoop.ozone.protocolPB.ScmBlockLocationProtocolServerSideTranslatorPB.send(ScmBlockLocationProtocolServerSideTranslatorPB.java:116)
	at org.apache.hadoop.hdds.protocol.proto.ScmBlockLocationProtocolProtos$ScmBlockLocationProtocolService$2.callBlockingMethod(ScmBlockLocationProtocolProtos.java:13157)
	at org.apache.hadoop.ipc.ProtobufRpcEngine$Server$ProtoBufRpcInvoker.call(ProtobufRpcEngine.java:524)
	at org.apache.hadoop.ipc.RPC$Server.call(RPC.java:1025)
	at org.apache.hadoop.ipc.Server$RpcCall.run(Server.java:876)
	at org.apache.hadoop.ipc.Server$RpcCall.run(Server.java:822)
	at java.security.AccessController.doPrivileged(Native Method)
	at javax.security.auth.Subject.doAs(Subject.java:422)
	at org.apache.hadoop.security.UserGroupInformation.doAs(UserGroupInformation.java:1730)
	at org.apache.hadoop.ipc.Server$Handler.run(Server.java:2682)
2019-09-26 11:01:19,379 [IPC Server handler 0 on 33790] INFO  block.BlockManagerImpl (BlockManagerImpl.java:allocateBlock(198)) - Could not find available pipeline of type:RATIS and factor:THREE even after retrying
2019-09-26 11:01:19,379 [IPC Server handler 0 on 33790] ERROR block.BlockManagerImpl (BlockManagerImpl.java:allocateBlock(222)) - Unable to allocate a block for the size: 4194304, type: RATIS, factor: THREE
2019-09-26 11:01:19,387 [pool-73-thread-3] ERROR freon.RandomKeyGenerator (RandomKeyGenerator.java:createKey(733)) - Exception while adding key: key-0-73798 in bucket: bucket-0-35769 of volume: vol-0-38029.
INTERNAL_ERROR org.apache.hadoop.ozone.om.exceptions.OMException: Allocated 0 blocks. Requested 5 blocks
	at org.apache.hadoop.ozone.om.protocolPB.OzoneManagerProtocolClientSideTranslatorPB.handleError(OzoneManagerProtocolClientSideTranslatorPB.java:732)
	at org.apache.hadoop.ozone.om.protocolPB.OzoneManagerProtocolClientSideTranslatorPB.openKey(OzoneManagerProtocolClientSideTranslatorPB.java:723)
	at sun.reflect.NativeMethodAccessorImpl.invoke0(Native Method)
	at sun.reflect.NativeMethodAccessorImpl.invoke(NativeMethodAccessorImpl.java:62)
	at sun.reflect.DelegatingMethodAccessorImpl.invoke(DelegatingMethodAccessorImpl.java:43)
	at java.lang.reflect.Method.invoke(Method.java:498)
	at org.apache.hadoop.hdds.tracing.TraceAllMethod.invoke(TraceAllMethod.java:66)
	at com.sun.proxy.$Proxy37.openKey(Unknown Source)
	at org.apache.hadoop.ozone.client.rpc.RpcClient.createKey(RpcClient.java:614)
	at org.apache.hadoop.ozone.client.OzoneBucket.createKey(OzoneBucket.java:325)
	at org.apache.hadoop.ozone.freon.RandomKeyGenerator.createKey(RandomKeyGenerator.java:695)
	at org.apache.hadoop.ozone.freon.RandomKeyGenerator.access$1100(RandomKeyGenerator.java:88)
	at org.apache.hadoop.ozone.freon.RandomKeyGenerator$ObjectCreator.run(RandomKeyGenerator.java:615)
	at java.util.concurrent.Executors$RunnableAdapter.call(Executors.java:511)
	at java.util.concurrent.FutureTask.run(FutureTask.java:266)
	at java.util.concurrent.ThreadPoolExecutor.runWorker(ThreadPoolExecutor.java:1149)
	at java.util.concurrent.ThreadPoolExecutor$Worker.run(ThreadPoolExecutor.java:624)
	at java.lang.Thread.run(Thread.java:748)
 0.00% |█                                                                                                    |  0/1 Time: 0:00:02 0.00% |█                                                                                                    |  0/1 Time: 0:00:032019-09-26 11:01:21,883 [Thread-210] INFO  impl.FollowerState (FollowerState.java:run(106)) - 5ef5b40b-6668-4f90-a5de-67c965602eb0:group-20148A138A00 changes to CANDIDATE, lastRpcTime:5043, electionTimeout:5042ms
2019-09-26 11:01:21,887 [Thread-210] INFO  impl.RoleInfo (RoleInfo.java:shutdownFollowerState(121)) - 5ef5b40b-6668-4f90-a5de-67c965602eb0: shutdown FollowerState
2019-09-26 11:01:21,887 [Thread-210] INFO  impl.RaftServerImpl (RaftServerImpl.java:setRole(174)) - 5ef5b40b-6668-4f90-a5de-67c965602eb0@group-20148A138A00: changes role from  FOLLOWER to CANDIDATE at term 0 for changeToCandidate
2019-09-26 11:01:21,895 [Thread-210] INFO  impl.RoleInfo (RoleInfo.java:updateAndGet(143)) - 5ef5b40b-6668-4f90-a5de-67c965602eb0: start LeaderElection
2019-09-26 11:01:21,914 [5ef5b40b-6668-4f90-a5de-67c965602eb0@group-20148A138A00:LeaderElection1] INFO  impl.LeaderElection (LeaderElection.java:askForVotes(182)) - 5ef5b40b-6668-4f90-a5de-67c965602eb0@group-20148A138A00:LeaderElection1: begin an election at term 1 for -1: [5ef5b40b-6668-4f90-a5de-67c965602eb0:192.168.30.13:39653], old=null
2019-09-26 11:01:21,917 [5ef5b40b-6668-4f90-a5de-67c965602eb0@group-20148A138A00:LeaderElection1] INFO  impl.RoleInfo (RoleInfo.java:shutdownLeaderElection(134)) - 5ef5b40b-6668-4f90-a5de-67c965602eb0: shutdown LeaderElection
2019-09-26 11:01:21,917 [5ef5b40b-6668-4f90-a5de-67c965602eb0@group-20148A138A00:LeaderElection1] INFO  impl.RaftServerImpl (RaftServerImpl.java:setRole(174)) - 5ef5b40b-6668-4f90-a5de-67c965602eb0@group-20148A138A00: changes role from CANDIDATE to LEADER at term 1 for changeToLeader
2019-09-26 11:01:21,918 [5ef5b40b-6668-4f90-a5de-67c965602eb0@group-20148A138A00:LeaderElection1] INFO  impl.RaftServerImpl (ServerState.java:setLeader(253)) - 5ef5b40b-6668-4f90-a5de-67c965602eb0@group-20148A138A00: change Leader from null to 5ef5b40b-6668-4f90-a5de-67c965602eb0 at term 1 for becomeLeader, leader elected after 5201ms
2019-09-26 11:01:21,927 [5ef5b40b-6668-4f90-a5de-67c965602eb0@group-20148A138A00:LeaderElection1] INFO  server.RaftServerConfigKeys (ConfUtils.java:logGet(43)) - raft.server.staging.catchup.gap = 1000 (default)
2019-09-26 11:01:21,927 [5ef5b40b-6668-4f90-a5de-67c965602eb0@group-20148A138A00:LeaderElection1] INFO  server.RaftServerConfigKeys (ConfUtils.java:logGet(43)) - raft.server.rpc.sleep.time = 25ms (default)
2019-09-26 11:01:21,931 [5ef5b40b-6668-4f90-a5de-67c965602eb0@group-20148A138A00:LeaderElection1] INFO  server.RaftServerConfigKeys (ConfUtils.java:logGet(43)) - raft.server.write.element-limit = 4096 (default)
2019-09-26 11:01:21,934 [5ef5b40b-6668-4f90-a5de-67c965602eb0@group-20148A138A00:LeaderElection1] INFO  server.RaftServerConfigKeys (ConfUtils.java:logGet(43)) - raft.server.watch.timeout = 10s (default)
2019-09-26 11:01:21,934 [5ef5b40b-6668-4f90-a5de-67c965602eb0@group-20148A138A00:LeaderElection1] INFO  server.RaftServerConfigKeys (ConfUtils.java:logGet(43)) - raft.server.watch.timeout.denomination = 1s (default)
2019-09-26 11:01:21,935 [5ef5b40b-6668-4f90-a5de-67c965602eb0@group-20148A138A00:LeaderElection1] INFO  server.RaftServerConfigKeys (ConfUtils.java:logGet(43)) - raft.server.watch.element-limit = 65536 (default)
2019-09-26 11:01:21,947 [5ef5b40b-6668-4f90-a5de-67c965602eb0@group-20148A138A00:LeaderElection1] INFO  impl.RoleInfo (RoleInfo.java:updateAndGet(143)) - 5ef5b40b-6668-4f90-a5de-67c965602eb0: start LeaderState
2019-09-26 11:01:21,970 [5ef5b40b-6668-4f90-a5de-67c965602eb0@group-20148A138A00:LeaderElection1] INFO  segmented.SegmentedRaftLogWorker (SegmentedRaftLogWorker.java:startLogSegment(380)) - 5ef5b40b-6668-4f90-a5de-67c965602eb0@group-20148A138A00-SegmentedRaftLogWorker: Starting segment from index:0
2019-09-26 11:01:21,979 [5ef5b40b-6668-4f90-a5de-67c965602eb0@group-20148A138A00:LeaderElection1] INFO  impl.RaftServerImpl (ServerState.java:setRaftConf(354)) - 5ef5b40b-6668-4f90-a5de-67c965602eb0@group-20148A138A00: set configuration 0: [5ef5b40b-6668-4f90-a5de-67c965602eb0:192.168.30.13:39653], old=null at 0
 0.00% |█                                                                                                    |  0/1 Time: 0:00:042019-09-26 11:01:22,176 [Thread-213] INFO  impl.FollowerState (FollowerState.java:run(106)) - bffaef1c-5345-42b9-b6d0-3a6335242d0a:group-CC4E36A84243 changes to CANDIDATE, lastRpcTime:5135, electionTimeout:5134ms
2019-09-26 11:01:22,199 [Thread-213] INFO  impl.RoleInfo (RoleInfo.java:shutdownFollowerState(121)) - bffaef1c-5345-42b9-b6d0-3a6335242d0a: shutdown FollowerState
2019-09-26 11:01:22,199 [Thread-213] INFO  impl.RaftServerImpl (RaftServerImpl.java:setRole(174)) - bffaef1c-5345-42b9-b6d0-3a6335242d0a@group-CC4E36A84243: changes role from  FOLLOWER to CANDIDATE at term 0 for changeToCandidate
2019-09-26 11:01:22,199 [Thread-213] INFO  impl.RoleInfo (RoleInfo.java:updateAndGet(143)) - bffaef1c-5345-42b9-b6d0-3a6335242d0a: start LeaderElection
2019-09-26 11:01:22,217 [5ef5b40b-6668-4f90-a5de-67c965602eb0@group-20148A138A00-SegmentedRaftLogWorker] INFO  segmented.SegmentedRaftLogWorker (SegmentedRaftLogWorker.java:execute(569)) - 5ef5b40b-6668-4f90-a5de-67c965602eb0@group-20148A138A00-SegmentedRaftLogWorker: created new log segment /workdir/hadoop-ozone/tools/target/test-dir/MiniOzoneClusterImpl-42425eb2-f371-46f3-bb0b-2c68b0fa2a97/datanode-0/data/ratis/736c3aed-07cf-4ddd-891c-20148a138a00/current/log_inprogress_0
2019-09-26 11:01:22,217 [bffaef1c-5345-42b9-b6d0-3a6335242d0a@group-CC4E36A84243:LeaderElection2] INFO  impl.LeaderElection (LeaderElection.java:askForVotes(182)) - bffaef1c-5345-42b9-b6d0-3a6335242d0a@group-CC4E36A84243:LeaderElection2: begin an election at term 1 for -1: [bffaef1c-5345-42b9-b6d0-3a6335242d0a:192.168.30.13:39026], old=null
2019-09-26 11:01:22,217 [bffaef1c-5345-42b9-b6d0-3a6335242d0a@group-CC4E36A84243:LeaderElection2] INFO  impl.RoleInfo (RoleInfo.java:shutdownLeaderElection(134)) - bffaef1c-5345-42b9-b6d0-3a6335242d0a: shutdown LeaderElection
2019-09-26 11:01:22,217 [bffaef1c-5345-42b9-b6d0-3a6335242d0a@group-CC4E36A84243:LeaderElection2] INFO  impl.RaftServerImpl (RaftServerImpl.java:setRole(174)) - bffaef1c-5345-42b9-b6d0-3a6335242d0a@group-CC4E36A84243: changes role from CANDIDATE to LEADER at term 1 for changeToLeader
2019-09-26 11:01:22,217 [bffaef1c-5345-42b9-b6d0-3a6335242d0a@group-CC4E36A84243:LeaderElection2] INFO  impl.RaftServerImpl (ServerState.java:setLeader(253)) - bffaef1c-5345-42b9-b6d0-3a6335242d0a@group-CC4E36A84243: change Leader from null to bffaef1c-5345-42b9-b6d0-3a6335242d0a at term 1 for becomeLeader, leader elected after 5195ms
2019-09-26 11:01:22,220 [bffaef1c-5345-42b9-b6d0-3a6335242d0a@group-CC4E36A84243:LeaderElection2] INFO  server.RaftServerConfigKeys (ConfUtils.java:logGet(43)) - raft.server.staging.catchup.gap = 1000 (default)
2019-09-26 11:01:22,220 [bffaef1c-5345-42b9-b6d0-3a6335242d0a@group-CC4E36A84243:LeaderElection2] INFO  server.RaftServerConfigKeys (ConfUtils.java:logGet(43)) - raft.server.rpc.sleep.time = 25ms (default)
2019-09-26 11:01:22,220 [bffaef1c-5345-42b9-b6d0-3a6335242d0a@group-CC4E36A84243:LeaderElection2] INFO  server.RaftServerConfigKeys (ConfUtils.java:logGet(43)) - raft.server.write.element-limit = 4096 (default)
2019-09-26 11:01:22,220 [bffaef1c-5345-42b9-b6d0-3a6335242d0a@group-CC4E36A84243:LeaderElection2] INFO  server.RaftServerConfigKeys (ConfUtils.java:logGet(43)) - raft.server.watch.timeout = 10s (default)
2019-09-26 11:01:22,220 [bffaef1c-5345-42b9-b6d0-3a6335242d0a@group-CC4E36A84243:LeaderElection2] INFO  server.RaftServerConfigKeys (ConfUtils.java:logGet(43)) - raft.server.watch.timeout.denomination = 1s (default)
2019-09-26 11:01:22,221 [bffaef1c-5345-42b9-b6d0-3a6335242d0a@group-CC4E36A84243:LeaderElection2] INFO  server.RaftServerConfigKeys (ConfUtils.java:logGet(43)) - raft.server.watch.element-limit = 65536 (default)
2019-09-26 11:01:22,224 [bffaef1c-5345-42b9-b6d0-3a6335242d0a@group-CC4E36A84243:LeaderElection2] INFO  impl.RoleInfo (RoleInfo.java:updateAndGet(143)) - bffaef1c-5345-42b9-b6d0-3a6335242d0a: start LeaderState
2019-09-26 11:01:22,224 [bffaef1c-5345-42b9-b6d0-3a6335242d0a@group-CC4E36A84243:LeaderElection2] INFO  segmented.SegmentedRaftLogWorker (SegmentedRaftLogWorker.java:startLogSegment(380)) - bffaef1c-5345-42b9-b6d0-3a6335242d0a@group-CC4E36A84243-SegmentedRaftLogWorker: Starting segment from index:0
2019-09-26 11:01:22,225 [bffaef1c-5345-42b9-b6d0-3a6335242d0a@group-CC4E36A84243:LeaderElection2] INFO  impl.RaftServerImpl (ServerState.java:setRaftConf(354)) - bffaef1c-5345-42b9-b6d0-3a6335242d0a@group-CC4E36A84243: set configuration 0: [bffaef1c-5345-42b9-b6d0-3a6335242d0a:192.168.30.13:39026], old=null at 0
2019-09-26 11:01:22,262 [Thread-216] INFO  impl.FollowerState (FollowerState.java:run(106)) - 21851714-a306-49cf-b784-d62ce38d388a:group-0BE0431CADF0 changes to CANDIDATE, lastRpcTime:5102, electionTimeout:5084ms
2019-09-26 11:01:22,264 [Thread-216] INFO  impl.RoleInfo (RoleInfo.java:shutdownFollowerState(121)) - 21851714-a306-49cf-b784-d62ce38d388a: shutdown FollowerState
2019-09-26 11:01:22,264 [Thread-216] INFO  impl.RaftServerImpl (RaftServerImpl.java:setRole(174)) - 21851714-a306-49cf-b784-d62ce38d388a@group-0BE0431CADF0: changes role from  FOLLOWER to CANDIDATE at term 0 for changeToCandidate
2019-09-26 11:01:22,264 [Thread-216] INFO  impl.RoleInfo (RoleInfo.java:updateAndGet(143)) - 21851714-a306-49cf-b784-d62ce38d388a: start LeaderElection
2019-09-26 11:01:22,277 [bffaef1c-5345-42b9-b6d0-3a6335242d0a@group-CC4E36A84243-SegmentedRaftLogWorker] INFO  segmented.SegmentedRaftLogWorker (SegmentedRaftLogWorker.java:execute(569)) - bffaef1c-5345-42b9-b6d0-3a6335242d0a@group-CC4E36A84243-SegmentedRaftLogWorker: created new log segment /workdir/hadoop-ozone/tools/target/test-dir/MiniOzoneClusterImpl-42425eb2-f371-46f3-bb0b-2c68b0fa2a97/datanode-1/data/ratis/7c681350-e4e9-4d4d-9256-cc4e36a84243/current/log_inprogress_0
2019-09-26 11:01:22,277 [21851714-a306-49cf-b784-d62ce38d388a@group-0BE0431CADF0:LeaderElection3] INFO  impl.LeaderElection (LeaderElection.java:askForVotes(182)) - 21851714-a306-49cf-b784-d62ce38d388a@group-0BE0431CADF0:LeaderElection3: begin an election at term 1 for -1: [21851714-a306-49cf-b784-d62ce38d388a:192.168.30.13:39761], old=null
2019-09-26 11:01:22,277 [21851714-a306-49cf-b784-d62ce38d388a@group-0BE0431CADF0:LeaderElection3] INFO  impl.RoleInfo (RoleInfo.java:shutdownLeaderElection(134)) - 21851714-a306-49cf-b784-d62ce38d388a: shutdown LeaderElection
2019-09-26 11:01:22,277 [21851714-a306-49cf-b784-d62ce38d388a@group-0BE0431CADF0:LeaderElection3] INFO  impl.RaftServerImpl (RaftServerImpl.java:setRole(174)) - 21851714-a306-49cf-b784-d62ce38d388a@group-0BE0431CADF0: changes role from CANDIDATE to LEADER at term 1 for changeToLeader
2019-09-26 11:01:22,277 [21851714-a306-49cf-b784-d62ce38d388a@group-0BE0431CADF0:LeaderElection3] INFO  impl.RaftServerImpl (ServerState.java:setLeader(253)) - 21851714-a306-49cf-b784-d62ce38d388a@group-0BE0431CADF0: change Leader from null to 21851714-a306-49cf-b784-d62ce38d388a at term 1 for becomeLeader, leader elected after 5155ms
2019-09-26 11:01:22,279 [21851714-a306-49cf-b784-d62ce38d388a@group-0BE0431CADF0:LeaderElection3] INFO  server.RaftServerConfigKeys (ConfUtils.java:logGet(43)) - raft.server.staging.catchup.gap = 1000 (default)
2019-09-26 11:01:22,279 [21851714-a306-49cf-b784-d62ce38d388a@group-0BE0431CADF0:LeaderElection3] INFO  server.RaftServerConfigKeys (ConfUtils.java:logGet(43)) - raft.server.rpc.sleep.time = 25ms (default)
2019-09-26 11:01:22,280 [21851714-a306-49cf-b784-d62ce38d388a@group-0BE0431CADF0:LeaderElection3] INFO  server.RaftServerConfigKeys (ConfUtils.java:logGet(43)) - raft.server.write.element-limit = 4096 (default)
2019-09-26 11:01:22,280 [21851714-a306-49cf-b784-d62ce38d388a@group-0BE0431CADF0:LeaderElection3] INFO  server.RaftServerConfigKeys (ConfUtils.java:logGet(43)) - raft.server.watch.timeout = 10s (default)
2019-09-26 11:01:22,280 [21851714-a306-49cf-b784-d62ce38d388a@group-0BE0431CADF0:LeaderElection3] INFO  server.RaftServerConfigKeys (ConfUtils.java:logGet(43)) - raft.server.watch.timeout.denomination = 1s (default)
2019-09-26 11:01:22,280 [21851714-a306-49cf-b784-d62ce38d388a@group-0BE0431CADF0:LeaderElection3] INFO  server.RaftServerConfigKeys (ConfUtils.java:logGet(43)) - raft.server.watch.element-limit = 65536 (default)
2019-09-26 11:01:22,284 [21851714-a306-49cf-b784-d62ce38d388a@group-0BE0431CADF0:LeaderElection3] INFO  impl.RoleInfo (RoleInfo.java:updateAndGet(143)) - 21851714-a306-49cf-b784-d62ce38d388a: start LeaderState
2019-09-26 11:01:22,284 [21851714-a306-49cf-b784-d62ce38d388a@group-0BE0431CADF0:LeaderElection3] INFO  segmented.SegmentedRaftLogWorker (SegmentedRaftLogWorker.java:startLogSegment(380)) - 21851714-a306-49cf-b784-d62ce38d388a@group-0BE0431CADF0-SegmentedRaftLogWorker: Starting segment from index:0
2019-09-26 11:01:22,285 [21851714-a306-49cf-b784-d62ce38d388a@group-0BE0431CADF0:LeaderElection3] INFO  impl.RaftServerImpl (ServerState.java:setRaftConf(354)) - 21851714-a306-49cf-b784-d62ce38d388a@group-0BE0431CADF0: set configuration 0: [21851714-a306-49cf-b784-d62ce38d388a:192.168.30.13:39761], old=null at 0
2019-09-26 11:01:22,326 [Thread-222] INFO  impl.FollowerState (FollowerState.java:run(106)) - 5ef5b40b-6668-4f90-a5de-67c965602eb0:group-EDE15283C4F6 changes to CANDIDATE, lastRpcTime:5011, electionTimeout:5011ms
2019-09-26 11:01:22,326 [Thread-222] INFO  impl.RoleInfo (RoleInfo.java:shutdownFollowerState(121)) - 5ef5b40b-6668-4f90-a5de-67c965602eb0: shutdown FollowerState
2019-09-26 11:01:22,326 [Thread-222] INFO  impl.RaftServerImpl (RaftServerImpl.java:setRole(174)) - 5ef5b40b-6668-4f90-a5de-67c965602eb0@group-EDE15283C4F6: changes role from  FOLLOWER to CANDIDATE at term 0 for changeToCandidate
2019-09-26 11:01:22,326 [Thread-222] INFO  impl.RoleInfo (RoleInfo.java:updateAndGet(143)) - 5ef5b40b-6668-4f90-a5de-67c965602eb0: start LeaderElection
2019-09-26 11:01:22,332 [21851714-a306-49cf-b784-d62ce38d388a@group-0BE0431CADF0-SegmentedRaftLogWorker] INFO  segmented.SegmentedRaftLogWorker (SegmentedRaftLogWorker.java:execute(569)) - 21851714-a306-49cf-b784-d62ce38d388a@group-0BE0431CADF0-SegmentedRaftLogWorker: created new log segment /workdir/hadoop-ozone/tools/target/test-dir/MiniOzoneClusterImpl-42425eb2-f371-46f3-bb0b-2c68b0fa2a97/datanode-3/data/ratis/107f4970-0712-4741-bd79-0be0431cadf0/current/log_inprogress_0
2019-09-26 11:01:22,335 [5ef5b40b-6668-4f90-a5de-67c965602eb0@group-EDE15283C4F6:LeaderElection4] INFO  impl.LeaderElection (LeaderElection.java:askForVotes(182)) - 5ef5b40b-6668-4f90-a5de-67c965602eb0@group-EDE15283C4F6:LeaderElection4: begin an election at term 1 for -1: [5ef5b40b-6668-4f90-a5de-67c965602eb0:192.168.30.13:39653], old=null
2019-09-26 11:01:22,337 [5ef5b40b-6668-4f90-a5de-67c965602eb0@group-EDE15283C4F6:LeaderElection4] INFO  impl.RoleInfo (RoleInfo.java:shutdownLeaderElection(134)) - 5ef5b40b-6668-4f90-a5de-67c965602eb0: shutdown LeaderElection
2019-09-26 11:01:22,337 [5ef5b40b-6668-4f90-a5de-67c965602eb0@group-EDE15283C4F6:LeaderElection4] INFO  impl.RaftServerImpl (RaftServerImpl.java:setRole(174)) - 5ef5b40b-6668-4f90-a5de-67c965602eb0@group-EDE15283C4F6: changes role from CANDIDATE to LEADER at term 1 for changeToLeader
2019-09-26 11:01:22,337 [5ef5b40b-6668-4f90-a5de-67c965602eb0@group-EDE15283C4F6:LeaderElection4] INFO  impl.RaftServerImpl (ServerState.java:setLeader(253)) - 5ef5b40b-6668-4f90-a5de-67c965602eb0@group-EDE15283C4F6: change Leader from null to 5ef5b40b-6668-4f90-a5de-67c965602eb0 at term 1 for becomeLeader, leader elected after 5032ms
2019-09-26 11:01:22,337 [5ef5b40b-6668-4f90-a5de-67c965602eb0@group-EDE15283C4F6:LeaderElection4] INFO  server.RaftServerConfigKeys (ConfUtils.java:logGet(43)) - raft.server.staging.catchup.gap = 1000 (default)
2019-09-26 11:01:22,337 [5ef5b40b-6668-4f90-a5de-67c965602eb0@group-EDE15283C4F6:LeaderElection4] INFO  server.RaftServerConfigKeys (ConfUtils.java:logGet(43)) - raft.server.rpc.sleep.time = 25ms (default)
2019-09-26 11:01:22,337 [5ef5b40b-6668-4f90-a5de-67c965602eb0@group-EDE15283C4F6:LeaderElection4] INFO  server.RaftServerConfigKeys (ConfUtils.java:logGet(43)) - raft.server.write.element-limit = 4096 (default)
2019-09-26 11:01:22,338 [5ef5b40b-6668-4f90-a5de-67c965602eb0@group-EDE15283C4F6:LeaderElection4] INFO  server.RaftServerConfigKeys (ConfUtils.java:logGet(43)) - raft.server.watch.timeout = 10s (default)
2019-09-26 11:01:22,338 [5ef5b40b-6668-4f90-a5de-67c965602eb0@group-EDE15283C4F6:LeaderElection4] INFO  server.RaftServerConfigKeys (ConfUtils.java:logGet(43)) - raft.server.watch.timeout.denomination = 1s (default)
2019-09-26 11:01:22,338 [5ef5b40b-6668-4f90-a5de-67c965602eb0@group-EDE15283C4F6:LeaderElection4] INFO  server.RaftServerConfigKeys (ConfUtils.java:logGet(43)) - raft.server.watch.element-limit = 65536 (default)
2019-09-26 11:01:22,341 [5ef5b40b-6668-4f90-a5de-67c965602eb0@group-EDE15283C4F6:LeaderElection4] INFO  impl.RoleInfo (RoleInfo.java:updateAndGet(143)) - 5ef5b40b-6668-4f90-a5de-67c965602eb0: start LeaderState
2019-09-26 11:01:22,341 [5ef5b40b-6668-4f90-a5de-67c965602eb0@group-EDE15283C4F6:LeaderElection4] INFO  segmented.SegmentedRaftLogWorker (SegmentedRaftLogWorker.java:startLogSegment(380)) - 5ef5b40b-6668-4f90-a5de-67c965602eb0@group-EDE15283C4F6-SegmentedRaftLogWorker: Starting segment from index:0
2019-09-26 11:01:22,342 [5ef5b40b-6668-4f90-a5de-67c965602eb0@group-EDE15283C4F6:LeaderElection4] INFO  impl.RaftServerImpl (ServerState.java:setRaftConf(354)) - 5ef5b40b-6668-4f90-a5de-67c965602eb0@group-EDE15283C4F6: set configuration 0: [5ef5b40b-6668-4f90-a5de-67c965602eb0:192.168.30.13:39653], old=null at 0
2019-09-26 11:01:22,395 [5ef5b40b-6668-4f90-a5de-67c965602eb0@group-EDE15283C4F6-SegmentedRaftLogWorker] INFO  segmented.SegmentedRaftLogWorker (SegmentedRaftLogWorker.java:execute(569)) - 5ef5b40b-6668-4f90-a5de-67c965602eb0@group-EDE15283C4F6-SegmentedRaftLogWorker: created new log segment /workdir/hadoop-ozone/tools/target/test-dir/MiniOzoneClusterImpl-42425eb2-f371-46f3-bb0b-2c68b0fa2a97/datanode-0/data/ratis/f3b49a72-74da-42a4-82d0-ede15283c4f6/current/log_inprogress_0
2019-09-26 11:01:22,402 [Thread-219] INFO  impl.FollowerState (FollowerState.java:run(106)) - 5ef5b40b-6668-4f90-a5de-67c965602eb0:group-FABAF8F239DE changes to CANDIDATE, lastRpcTime:5174, electionTimeout:5174ms
2019-09-26 11:01:22,403 [Thread-219] INFO  impl.RoleInfo (RoleInfo.java:shutdownFollowerState(121)) - 5ef5b40b-6668-4f90-a5de-67c965602eb0: shutdown FollowerState
2019-09-26 11:01:22,403 [Thread-219] INFO  impl.RaftServerImpl (RaftServerImpl.java:setRole(174)) - 5ef5b40b-6668-4f90-a5de-67c965602eb0@group-FABAF8F239DE: changes role from  FOLLOWER to CANDIDATE at term 0 for changeToCandidate
2019-09-26 11:01:22,403 [Thread-219] INFO  impl.RoleInfo (RoleInfo.java:updateAndGet(143)) - 5ef5b40b-6668-4f90-a5de-67c965602eb0: start LeaderElection
2019-09-26 11:01:22,421 [5ef5b40b-6668-4f90-a5de-67c965602eb0@group-FABAF8F239DE:LeaderElection5] INFO  impl.LeaderElection (LeaderElection.java:askForVotes(182)) - 5ef5b40b-6668-4f90-a5de-67c965602eb0@group-FABAF8F239DE:LeaderElection5: begin an election at term 1 for -1: [5ef5b40b-6668-4f90-a5de-67c965602eb0:192.168.30.13:39653], old=null
2019-09-26 11:01:22,421 [5ef5b40b-6668-4f90-a5de-67c965602eb0@group-FABAF8F239DE:LeaderElection5] INFO  impl.RoleInfo (RoleInfo.java:shutdownLeaderElection(134)) - 5ef5b40b-6668-4f90-a5de-67c965602eb0: shutdown LeaderElection
2019-09-26 11:01:22,421 [5ef5b40b-6668-4f90-a5de-67c965602eb0@group-FABAF8F239DE:LeaderElection5] INFO  impl.RaftServerImpl (RaftServerImpl.java:setRole(174)) - 5ef5b40b-6668-4f90-a5de-67c965602eb0@group-FABAF8F239DE: changes role from CANDIDATE to LEADER at term 1 for changeToLeader
2019-09-26 11:01:22,421 [5ef5b40b-6668-4f90-a5de-67c965602eb0@group-FABAF8F239DE:LeaderElection5] INFO  impl.RaftServerImpl (ServerState.java:setLeader(253)) - 5ef5b40b-6668-4f90-a5de-67c965602eb0@group-FABAF8F239DE: change Leader from null to 5ef5b40b-6668-4f90-a5de-67c965602eb0 at term 1 for becomeLeader, leader elected after 5204ms
2019-09-26 11:01:22,421 [5ef5b40b-6668-4f90-a5de-67c965602eb0@group-FABAF8F239DE:LeaderElection5] INFO  server.RaftServerConfigKeys (ConfUtils.java:logGet(43)) - raft.server.staging.catchup.gap = 1000 (default)
2019-09-26 11:01:22,422 [5ef5b40b-6668-4f90-a5de-67c965602eb0@group-FABAF8F239DE:LeaderElection5] INFO  server.RaftServerConfigKeys (ConfUtils.java:logGet(43)) - raft.server.rpc.sleep.time = 25ms (default)
2019-09-26 11:01:22,422 [5ef5b40b-6668-4f90-a5de-67c965602eb0@group-FABAF8F239DE:LeaderElection5] INFO  server.RaftServerConfigKeys (ConfUtils.java:logGet(43)) - raft.server.write.element-limit = 4096 (default)
2019-09-26 11:01:22,422 [5ef5b40b-6668-4f90-a5de-67c965602eb0@group-FABAF8F239DE:LeaderElection5] INFO  server.RaftServerConfigKeys (ConfUtils.java:logGet(43)) - raft.server.watch.timeout = 10s (default)
2019-09-26 11:01:22,422 [5ef5b40b-6668-4f90-a5de-67c965602eb0@group-FABAF8F239DE:LeaderElection5] INFO  server.RaftServerConfigKeys (ConfUtils.java:logGet(43)) - raft.server.watch.timeout.denomination = 1s (default)
2019-09-26 11:01:22,422 [5ef5b40b-6668-4f90-a5de-67c965602eb0@group-FABAF8F239DE:LeaderElection5] INFO  server.RaftServerConfigKeys (ConfUtils.java:logGet(43)) - raft.server.watch.element-limit = 65536 (default)
2019-09-26 11:01:22,426 [5ef5b40b-6668-4f90-a5de-67c965602eb0@group-FABAF8F239DE:LeaderElection5] INFO  impl.RoleInfo (RoleInfo.java:updateAndGet(143)) - 5ef5b40b-6668-4f90-a5de-67c965602eb0: start LeaderState
2019-09-26 11:01:22,426 [5ef5b40b-6668-4f90-a5de-67c965602eb0@group-FABAF8F239DE:LeaderElection5] INFO  segmented.SegmentedRaftLogWorker (SegmentedRaftLogWorker.java:startLogSegment(380)) - 5ef5b40b-6668-4f90-a5de-67c965602eb0@group-FABAF8F239DE-SegmentedRaftLogWorker: Starting segment from index:0
2019-09-26 11:01:22,427 [5ef5b40b-6668-4f90-a5de-67c965602eb0@group-FABAF8F239DE:LeaderElection5] INFO  impl.RaftServerImpl (ServerState.java:setRaftConf(354)) - 5ef5b40b-6668-4f90-a5de-67c965602eb0@group-FABAF8F239DE: set configuration 0: [5ef5b40b-6668-4f90-a5de-67c965602eb0:192.168.30.13:39653], old=null at 0
2019-09-26 11:01:22,482 [5ef5b40b-6668-4f90-a5de-67c965602eb0@group-FABAF8F239DE-SegmentedRaftLogWorker] INFO  segmented.SegmentedRaftLogWorker (SegmentedRaftLogWorker.java:execute(569)) - 5ef5b40b-6668-4f90-a5de-67c965602eb0@group-FABAF8F239DE-SegmentedRaftLogWorker: created new log segment /workdir/hadoop-ozone/tools/target/test-dir/MiniOzoneClusterImpl-42425eb2-f371-46f3-bb0b-2c68b0fa2a97/datanode-0/data/ratis/05a1cc2f-d4e1-4f4d-a7f9-fabaf8f239de/current/log_inprogress_0
2019-09-26 11:01:22,576 [Thread-225] INFO  impl.FollowerState (FollowerState.java:run(106)) - bffaef1c-5345-42b9-b6d0-3a6335242d0a:group-304AF10B75ED changes to CANDIDATE, lastRpcTime:5189, electionTimeout:5189ms
2019-09-26 11:01:22,576 [Thread-225] INFO  impl.RoleInfo (RoleInfo.java:shutdownFollowerState(121)) - bffaef1c-5345-42b9-b6d0-3a6335242d0a: shutdown FollowerState
2019-09-26 11:01:22,577 [Thread-225] INFO  impl.RaftServerImpl (RaftServerImpl.java:setRole(174)) - bffaef1c-5345-42b9-b6d0-3a6335242d0a@group-304AF10B75ED: changes role from  FOLLOWER to CANDIDATE at term 0 for changeToCandidate
2019-09-26 11:01:22,577 [Thread-225] INFO  impl.RoleInfo (RoleInfo.java:updateAndGet(143)) - bffaef1c-5345-42b9-b6d0-3a6335242d0a: start LeaderElection
2019-09-26 11:01:22,595 [bffaef1c-5345-42b9-b6d0-3a6335242d0a@group-304AF10B75ED:LeaderElection6] INFO  impl.LeaderElection (LeaderElection.java:askForVotes(182)) - bffaef1c-5345-42b9-b6d0-3a6335242d0a@group-304AF10B75ED:LeaderElection6: begin an election at term 1 for -1: [bffaef1c-5345-42b9-b6d0-3a6335242d0a:192.168.30.13:39026], old=null
2019-09-26 11:01:22,595 [bffaef1c-5345-42b9-b6d0-3a6335242d0a@group-304AF10B75ED:LeaderElection6] INFO  impl.RoleInfo (RoleInfo.java:shutdownLeaderElection(134)) - bffaef1c-5345-42b9-b6d0-3a6335242d0a: shutdown LeaderElection
2019-09-26 11:01:22,595 [bffaef1c-5345-42b9-b6d0-3a6335242d0a@group-304AF10B75ED:LeaderElection6] INFO  impl.RaftServerImpl (RaftServerImpl.java:setRole(174)) - bffaef1c-5345-42b9-b6d0-3a6335242d0a@group-304AF10B75ED: changes role from CANDIDATE to LEADER at term 1 for changeToLeader
2019-09-26 11:01:22,595 [bffaef1c-5345-42b9-b6d0-3a6335242d0a@group-304AF10B75ED:LeaderElection6] INFO  impl.RaftServerImpl (ServerState.java:setLeader(253)) - bffaef1c-5345-42b9-b6d0-3a6335242d0a@group-304AF10B75ED: change Leader from null to bffaef1c-5345-42b9-b6d0-3a6335242d0a at term 1 for becomeLeader, leader elected after 5218ms
2019-09-26 11:01:22,596 [bffaef1c-5345-42b9-b6d0-3a6335242d0a@group-304AF10B75ED:LeaderElection6] INFO  server.RaftServerConfigKeys (ConfUtils.java:logGet(43)) - raft.server.staging.catchup.gap = 1000 (default)
2019-09-26 11:01:22,596 [bffaef1c-5345-42b9-b6d0-3a6335242d0a@group-304AF10B75ED:LeaderElection6] INFO  server.RaftServerConfigKeys (ConfUtils.java:logGet(43)) - raft.server.rpc.sleep.time = 25ms (default)
2019-09-26 11:01:22,596 [bffaef1c-5345-42b9-b6d0-3a6335242d0a@group-304AF10B75ED:LeaderElection6] INFO  server.RaftServerConfigKeys (ConfUtils.java:logGet(43)) - raft.server.write.element-limit = 4096 (default)
2019-09-26 11:01:22,596 [bffaef1c-5345-42b9-b6d0-3a6335242d0a@group-304AF10B75ED:LeaderElection6] INFO  server.RaftServerConfigKeys (ConfUtils.java:logGet(43)) - raft.server.watch.timeout = 10s (default)
2019-09-26 11:01:22,596 [bffaef1c-5345-42b9-b6d0-3a6335242d0a@group-304AF10B75ED:LeaderElection6] INFO  server.RaftServerConfigKeys (ConfUtils.java:logGet(43)) - raft.server.watch.timeout.denomination = 1s (default)
2019-09-26 11:01:22,597 [bffaef1c-5345-42b9-b6d0-3a6335242d0a@group-304AF10B75ED:LeaderElection6] INFO  server.RaftServerConfigKeys (ConfUtils.java:logGet(43)) - raft.server.watch.element-limit = 65536 (default)
2019-09-26 11:01:22,600 [bffaef1c-5345-42b9-b6d0-3a6335242d0a@group-304AF10B75ED:LeaderElection6] INFO  impl.RoleInfo (RoleInfo.java:updateAndGet(143)) - bffaef1c-5345-42b9-b6d0-3a6335242d0a: start LeaderState
2019-09-26 11:01:22,600 [bffaef1c-5345-42b9-b6d0-3a6335242d0a@group-304AF10B75ED:LeaderElection6] INFO  segmented.SegmentedRaftLogWorker (SegmentedRaftLogWorker.java:startLogSegment(380)) - bffaef1c-5345-42b9-b6d0-3a6335242d0a@group-304AF10B75ED-SegmentedRaftLogWorker: Starting segment from index:0
2019-09-26 11:01:22,601 [bffaef1c-5345-42b9-b6d0-3a6335242d0a@group-304AF10B75ED:LeaderElection6] INFO  impl.RaftServerImpl (ServerState.java:setRaftConf(354)) - bffaef1c-5345-42b9-b6d0-3a6335242d0a@group-304AF10B75ED: set configuration 0: [bffaef1c-5345-42b9-b6d0-3a6335242d0a:192.168.30.13:39026], old=null at 0
2019-09-26 11:01:22,646 [Thread-228] INFO  impl.FollowerState (FollowerState.java:run(106)) - 02a54e17-f5d7-41bc-86bd-d3683be60571:group-D418B355518B changes to CANDIDATE, lastRpcTime:5175, electionTimeout:5175ms
2019-09-26 11:01:22,646 [Thread-228] INFO  impl.RoleInfo (RoleInfo.java:shutdownFollowerState(121)) - 02a54e17-f5d7-41bc-86bd-d3683be60571: shutdown FollowerState
2019-09-26 11:01:22,646 [Thread-228] INFO  impl.RaftServerImpl (RaftServerImpl.java:setRole(174)) - 02a54e17-f5d7-41bc-86bd-d3683be60571@group-D418B355518B: changes role from  FOLLOWER to CANDIDATE at term 0 for changeToCandidate
2019-09-26 11:01:22,647 [Thread-228] INFO  impl.RoleInfo (RoleInfo.java:updateAndGet(143)) - 02a54e17-f5d7-41bc-86bd-d3683be60571: start LeaderElection
2019-09-26 11:01:22,654 [bffaef1c-5345-42b9-b6d0-3a6335242d0a@group-304AF10B75ED-SegmentedRaftLogWorker] INFO  segmented.SegmentedRaftLogWorker (SegmentedRaftLogWorker.java:execute(569)) - bffaef1c-5345-42b9-b6d0-3a6335242d0a@group-304AF10B75ED-SegmentedRaftLogWorker: created new log segment /workdir/hadoop-ozone/tools/target/test-dir/MiniOzoneClusterImpl-42425eb2-f371-46f3-bb0b-2c68b0fa2a97/datanode-1/data/ratis/2ed12186-e975-4241-9e0e-304af10b75ed/current/log_inprogress_0
2019-09-26 11:01:22,656 [02a54e17-f5d7-41bc-86bd-d3683be60571@group-D418B355518B:LeaderElection7] INFO  impl.LeaderElection (LeaderElection.java:askForVotes(182)) - 02a54e17-f5d7-41bc-86bd-d3683be60571@group-D418B355518B:LeaderElection7: begin an election at term 1 for -1: [02a54e17-f5d7-41bc-86bd-d3683be60571:192.168.30.13:38404], old=null
2019-09-26 11:01:22,656 [02a54e17-f5d7-41bc-86bd-d3683be60571@group-D418B355518B:LeaderElection7] INFO  impl.RoleInfo (RoleInfo.java:shutdownLeaderElection(134)) - 02a54e17-f5d7-41bc-86bd-d3683be60571: shutdown LeaderElection
2019-09-26 11:01:22,656 [02a54e17-f5d7-41bc-86bd-d3683be60571@group-D418B355518B:LeaderElection7] INFO  impl.RaftServerImpl (RaftServerImpl.java:setRole(174)) - 02a54e17-f5d7-41bc-86bd-d3683be60571@group-D418B355518B: changes role from CANDIDATE to LEADER at term 1 for changeToLeader
2019-09-26 11:01:22,656 [02a54e17-f5d7-41bc-86bd-d3683be60571@group-D418B355518B:LeaderElection7] INFO  impl.RaftServerImpl (ServerState.java:setLeader(253)) - 02a54e17-f5d7-41bc-86bd-d3683be60571@group-D418B355518B: change Leader from null to 02a54e17-f5d7-41bc-86bd-d3683be60571 at term 1 for becomeLeader, leader elected after 5199ms
2019-09-26 11:01:22,658 [02a54e17-f5d7-41bc-86bd-d3683be60571@group-D418B355518B:LeaderElection7] INFO  server.RaftServerConfigKeys (ConfUtils.java:logGet(43)) - raft.server.staging.catchup.gap = 1000 (default)
2019-09-26 11:01:22,658 [02a54e17-f5d7-41bc-86bd-d3683be60571@group-D418B355518B:LeaderElection7] INFO  server.RaftServerConfigKeys (ConfUtils.java:logGet(43)) - raft.server.rpc.sleep.time = 25ms (default)
2019-09-26 11:01:22,658 [02a54e17-f5d7-41bc-86bd-d3683be60571@group-D418B355518B:LeaderElection7] INFO  server.RaftServerConfigKeys (ConfUtils.java:logGet(43)) - raft.server.write.element-limit = 4096 (default)
2019-09-26 11:01:22,659 [02a54e17-f5d7-41bc-86bd-d3683be60571@group-D418B355518B:LeaderElection7] INFO  server.RaftServerConfigKeys (ConfUtils.java:logGet(43)) - raft.server.watch.timeout = 10s (default)
2019-09-26 11:01:22,659 [02a54e17-f5d7-41bc-86bd-d3683be60571@group-D418B355518B:LeaderElection7] INFO  server.RaftServerConfigKeys (ConfUtils.java:logGet(43)) - raft.server.watch.timeout.denomination = 1s (default)
2019-09-26 11:01:22,659 [02a54e17-f5d7-41bc-86bd-d3683be60571@group-D418B355518B:LeaderElection7] INFO  server.RaftServerConfigKeys (ConfUtils.java:logGet(43)) - raft.server.watch.element-limit = 65536 (default)
2019-09-26 11:01:22,662 [02a54e17-f5d7-41bc-86bd-d3683be60571@group-D418B355518B:LeaderElection7] INFO  impl.RoleInfo (RoleInfo.java:updateAndGet(143)) - 02a54e17-f5d7-41bc-86bd-d3683be60571: start LeaderState
2019-09-26 11:01:22,662 [02a54e17-f5d7-41bc-86bd-d3683be60571@group-D418B355518B:LeaderElection7] INFO  segmented.SegmentedRaftLogWorker (SegmentedRaftLogWorker.java:startLogSegment(380)) - 02a54e17-f5d7-41bc-86bd-d3683be60571@group-D418B355518B-SegmentedRaftLogWorker: Starting segment from index:0
2019-09-26 11:01:22,663 [02a54e17-f5d7-41bc-86bd-d3683be60571@group-D418B355518B:LeaderElection7] INFO  impl.RaftServerImpl (ServerState.java:setRaftConf(354)) - 02a54e17-f5d7-41bc-86bd-d3683be60571@group-D418B355518B: set configuration 0: [02a54e17-f5d7-41bc-86bd-d3683be60571:192.168.30.13:38404], old=null at 0
2019-09-26 11:01:22,700 [Thread-231] INFO  impl.FollowerState (FollowerState.java:run(106)) - 02a54e17-f5d7-41bc-86bd-d3683be60571:group-2B9BB15D5749 changes to CANDIDATE, lastRpcTime:5144, electionTimeout:5127ms
2019-09-26 11:01:22,700 [Thread-231] INFO  impl.RoleInfo (RoleInfo.java:shutdownFollowerState(121)) - 02a54e17-f5d7-41bc-86bd-d3683be60571: shutdown FollowerState
2019-09-26 11:01:22,701 [Thread-231] INFO  impl.RaftServerImpl (RaftServerImpl.java:setRole(174)) - 02a54e17-f5d7-41bc-86bd-d3683be60571@group-2B9BB15D5749: changes role from  FOLLOWER to CANDIDATE at term 0 for changeToCandidate
2019-09-26 11:01:22,701 [Thread-231] INFO  impl.RoleInfo (RoleInfo.java:updateAndGet(143)) - 02a54e17-f5d7-41bc-86bd-d3683be60571: start LeaderElection
2019-09-26 11:01:22,713 [02a54e17-f5d7-41bc-86bd-d3683be60571@group-D418B355518B-SegmentedRaftLogWorker] INFO  segmented.SegmentedRaftLogWorker (SegmentedRaftLogWorker.java:execute(569)) - 02a54e17-f5d7-41bc-86bd-d3683be60571@group-D418B355518B-SegmentedRaftLogWorker: created new log segment /workdir/hadoop-ozone/tools/target/test-dir/MiniOzoneClusterImpl-42425eb2-f371-46f3-bb0b-2c68b0fa2a97/datanode-2/data/ratis/8d80ebc7-4b21-47a8-9069-d418b355518b/current/log_inprogress_0
2019-09-26 11:01:22,713 [02a54e17-f5d7-41bc-86bd-d3683be60571@group-2B9BB15D5749:LeaderElection8] INFO  impl.LeaderElection (LeaderElection.java:askForVotes(182)) - 02a54e17-f5d7-41bc-86bd-d3683be60571@group-2B9BB15D5749:LeaderElection8: begin an election at term 1 for -1: [02a54e17-f5d7-41bc-86bd-d3683be60571:192.168.30.13:38404], old=null
2019-09-26 11:01:22,714 [02a54e17-f5d7-41bc-86bd-d3683be60571@group-2B9BB15D5749:LeaderElection8] INFO  impl.RoleInfo (RoleInfo.java:shutdownLeaderElection(134)) - 02a54e17-f5d7-41bc-86bd-d3683be60571: shutdown LeaderElection
2019-09-26 11:01:22,714 [02a54e17-f5d7-41bc-86bd-d3683be60571@group-2B9BB15D5749:LeaderElection8] INFO  impl.RaftServerImpl (RaftServerImpl.java:setRole(174)) - 02a54e17-f5d7-41bc-86bd-d3683be60571@group-2B9BB15D5749: changes role from CANDIDATE to LEADER at term 1 for changeToLeader
2019-09-26 11:01:22,714 [02a54e17-f5d7-41bc-86bd-d3683be60571@group-2B9BB15D5749:LeaderElection8] INFO  impl.RaftServerImpl (ServerState.java:setLeader(253)) - 02a54e17-f5d7-41bc-86bd-d3683be60571@group-2B9BB15D5749: change Leader from null to 02a54e17-f5d7-41bc-86bd-d3683be60571 at term 1 for becomeLeader, leader elected after 5167ms
2019-09-26 11:01:22,714 [02a54e17-f5d7-41bc-86bd-d3683be60571@group-2B9BB15D5749:LeaderElection8] INFO  server.RaftServerConfigKeys (ConfUtils.java:logGet(43)) - raft.server.staging.catchup.gap = 1000 (default)
2019-09-26 11:01:22,714 [02a54e17-f5d7-41bc-86bd-d3683be60571@group-2B9BB15D5749:LeaderElection8] INFO  server.RaftServerConfigKeys (ConfUtils.java:logGet(43)) - raft.server.rpc.sleep.time = 25ms (default)
2019-09-26 11:01:22,714 [02a54e17-f5d7-41bc-86bd-d3683be60571@group-2B9BB15D5749:LeaderElection8] INFO  server.RaftServerConfigKeys (ConfUtils.java:logGet(43)) - raft.server.write.element-limit = 4096 (default)
2019-09-26 11:01:22,715 [02a54e17-f5d7-41bc-86bd-d3683be60571@group-2B9BB15D5749:LeaderElection8] INFO  server.RaftServerConfigKeys (ConfUtils.java:logGet(43)) - raft.server.watch.timeout = 10s (default)
2019-09-26 11:01:22,715 [02a54e17-f5d7-41bc-86bd-d3683be60571@group-2B9BB15D5749:LeaderElection8] INFO  server.RaftServerConfigKeys (ConfUtils.java:logGet(43)) - raft.server.watch.timeout.denomination = 1s (default)
2019-09-26 11:01:22,715 [02a54e17-f5d7-41bc-86bd-d3683be60571@group-2B9BB15D5749:LeaderElection8] INFO  server.RaftServerConfigKeys (ConfUtils.java:logGet(43)) - raft.server.watch.element-limit = 65536 (default)
2019-09-26 11:01:22,718 [02a54e17-f5d7-41bc-86bd-d3683be60571@group-2B9BB15D5749:LeaderElection8] INFO  impl.RoleInfo (RoleInfo.java:updateAndGet(143)) - 02a54e17-f5d7-41bc-86bd-d3683be60571: start LeaderState
2019-09-26 11:01:22,719 [02a54e17-f5d7-41bc-86bd-d3683be60571@group-2B9BB15D5749:LeaderElection8] INFO  segmented.SegmentedRaftLogWorker (SegmentedRaftLogWorker.java:startLogSegment(380)) - 02a54e17-f5d7-41bc-86bd-d3683be60571@group-2B9BB15D5749-SegmentedRaftLogWorker: Starting segment from index:0
2019-09-26 11:01:22,719 [02a54e17-f5d7-41bc-86bd-d3683be60571@group-2B9BB15D5749:LeaderElection8] INFO  impl.RaftServerImpl (ServerState.java:setRaftConf(354)) - 02a54e17-f5d7-41bc-86bd-d3683be60571@group-2B9BB15D5749: set configuration 0: [02a54e17-f5d7-41bc-86bd-d3683be60571:192.168.30.13:38404], old=null at 0
2019-09-26 11:01:22,771 [Thread-234] INFO  impl.FollowerState (FollowerState.java:run(106)) - 21851714-a306-49cf-b784-d62ce38d388a:group-A66CEE4276AC changes to CANDIDATE, lastRpcTime:5158, electionTimeout:5158ms
2019-09-26 11:01:22,771 [Thread-234] INFO  impl.RoleInfo (RoleInfo.java:shutdownFollowerState(121)) - 21851714-a306-49cf-b784-d62ce38d388a: shutdown FollowerState
2019-09-26 11:01:22,771 [Thread-234] INFO  impl.RaftServerImpl (RaftServerImpl.java:setRole(174)) - 21851714-a306-49cf-b784-d62ce38d388a@group-A66CEE4276AC: changes role from  FOLLOWER to CANDIDATE at term 0 for changeToCandidate
2019-09-26 11:01:22,771 [Thread-234] INFO  impl.RoleInfo (RoleInfo.java:updateAndGet(143)) - 21851714-a306-49cf-b784-d62ce38d388a: start LeaderElection
2019-09-26 11:01:22,777 [02a54e17-f5d7-41bc-86bd-d3683be60571@group-2B9BB15D5749-SegmentedRaftLogWorker] INFO  segmented.SegmentedRaftLogWorker (SegmentedRaftLogWorker.java:execute(569)) - 02a54e17-f5d7-41bc-86bd-d3683be60571@group-2B9BB15D5749-SegmentedRaftLogWorker: created new log segment /workdir/hadoop-ozone/tools/target/test-dir/MiniOzoneClusterImpl-42425eb2-f371-46f3-bb0b-2c68b0fa2a97/datanode-2/data/ratis/7de9261f-af8f-4cda-bc93-2b9bb15d5749/current/log_inprogress_0
2019-09-26 11:01:22,780 [21851714-a306-49cf-b784-d62ce38d388a@group-A66CEE4276AC:LeaderElection9] INFO  impl.LeaderElection (LeaderElection.java:askForVotes(182)) - 21851714-a306-49cf-b784-d62ce38d388a@group-A66CEE4276AC:LeaderElection9: begin an election at term 1 for -1: [21851714-a306-49cf-b784-d62ce38d388a:192.168.30.13:39761], old=null
2019-09-26 11:01:22,780 [21851714-a306-49cf-b784-d62ce38d388a@group-A66CEE4276AC:LeaderElection9] INFO  impl.RoleInfo (RoleInfo.java:shutdownLeaderElection(134)) - 21851714-a306-49cf-b784-d62ce38d388a: shutdown LeaderElection
2019-09-26 11:01:22,780 [21851714-a306-49cf-b784-d62ce38d388a@group-A66CEE4276AC:LeaderElection9] INFO  impl.RaftServerImpl (RaftServerImpl.java:setRole(174)) - 21851714-a306-49cf-b784-d62ce38d388a@group-A66CEE4276AC: changes role from CANDIDATE to LEADER at term 1 for changeToLeader
2019-09-26 11:01:22,780 [21851714-a306-49cf-b784-d62ce38d388a@group-A66CEE4276AC:LeaderElection9] INFO  impl.RaftServerImpl (ServerState.java:setLeader(253)) - 21851714-a306-49cf-b784-d62ce38d388a@group-A66CEE4276AC: change Leader from null to 21851714-a306-49cf-b784-d62ce38d388a at term 1 for becomeLeader, leader elected after 5174ms
2019-09-26 11:01:22,780 [21851714-a306-49cf-b784-d62ce38d388a@group-A66CEE4276AC:LeaderElection9] INFO  server.RaftServerConfigKeys (ConfUtils.java:logGet(43)) - raft.server.staging.catchup.gap = 1000 (default)
2019-09-26 11:01:22,781 [21851714-a306-49cf-b784-d62ce38d388a@group-A66CEE4276AC:LeaderElection9] INFO  server.RaftServerConfigKeys (ConfUtils.java:logGet(43)) - raft.server.rpc.sleep.time = 25ms (default)
2019-09-26 11:01:22,781 [21851714-a306-49cf-b784-d62ce38d388a@group-A66CEE4276AC:LeaderElection9] INFO  server.RaftServerConfigKeys (ConfUtils.java:logGet(43)) - raft.server.write.element-limit = 4096 (default)
2019-09-26 11:01:22,781 [21851714-a306-49cf-b784-d62ce38d388a@group-A66CEE4276AC:LeaderElection9] INFO  server.RaftServerConfigKeys (ConfUtils.java:logGet(43)) - raft.server.watch.timeout = 10s (default)
2019-09-26 11:01:22,781 [21851714-a306-49cf-b784-d62ce38d388a@group-A66CEE4276AC:LeaderElection9] INFO  server.RaftServerConfigKeys (ConfUtils.java:logGet(43)) - raft.server.watch.timeout.denomination = 1s (default)
2019-09-26 11:01:22,781 [21851714-a306-49cf-b784-d62ce38d388a@group-A66CEE4276AC:LeaderElection9] INFO  server.RaftServerConfigKeys (ConfUtils.java:logGet(43)) - raft.server.watch.element-limit = 65536 (default)
2019-09-26 11:01:22,786 [21851714-a306-49cf-b784-d62ce38d388a@group-A66CEE4276AC:LeaderElection9] INFO  impl.RoleInfo (RoleInfo.java:updateAndGet(143)) - 21851714-a306-49cf-b784-d62ce38d388a: start LeaderState
2019-09-26 11:01:22,787 [21851714-a306-49cf-b784-d62ce38d388a@group-A66CEE4276AC:LeaderElection9] INFO  segmented.SegmentedRaftLogWorker (SegmentedRaftLogWorker.java:startLogSegment(380)) - 21851714-a306-49cf-b784-d62ce38d388a@group-A66CEE4276AC-SegmentedRaftLogWorker: Starting segment from index:0
2019-09-26 11:01:22,787 [21851714-a306-49cf-b784-d62ce38d388a@group-A66CEE4276AC:LeaderElection9] INFO  impl.RaftServerImpl (ServerState.java:setRaftConf(354)) - 21851714-a306-49cf-b784-d62ce38d388a@group-A66CEE4276AC: set configuration 0: [21851714-a306-49cf-b784-d62ce38d388a:192.168.30.13:39761], old=null at 0
2019-09-26 11:01:22,828 [Thread-237] INFO  impl.FollowerState (FollowerState.java:run(106)) - f1b27ee7-0671-41a8-9e25-617c44580f9f:group-E02321887F58 changes to CANDIDATE, lastRpcTime:5148, electionTimeout:5146ms
2019-09-26 11:01:22,828 [Thread-244] INFO  impl.FollowerState (FollowerState.java:run(106)) - f1b27ee7-0671-41a8-9e25-617c44580f9f:group-FC4EE3E132E7 changes to CANDIDATE, lastRpcTime:5024, electionTimeout:5018ms
2019-09-26 11:01:22,828 [Thread-237] INFO  impl.RoleInfo (RoleInfo.java:shutdownFollowerState(121)) - f1b27ee7-0671-41a8-9e25-617c44580f9f: shutdown FollowerState
2019-09-26 11:01:22,829 [Thread-237] INFO  impl.RaftServerImpl (RaftServerImpl.java:setRole(174)) - f1b27ee7-0671-41a8-9e25-617c44580f9f@group-E02321887F58: changes role from  FOLLOWER to CANDIDATE at term 0 for changeToCandidate
2019-09-26 11:01:22,829 [Thread-244] INFO  impl.RoleInfo (RoleInfo.java:shutdownFollowerState(121)) - f1b27ee7-0671-41a8-9e25-617c44580f9f: shutdown FollowerState
2019-09-26 11:01:22,829 [Thread-237] INFO  impl.RoleInfo (RoleInfo.java:updateAndGet(143)) - f1b27ee7-0671-41a8-9e25-617c44580f9f: start LeaderElection
2019-09-26 11:01:22,829 [Thread-241] INFO  impl.FollowerState (FollowerState.java:run(106)) - 02a54e17-f5d7-41bc-86bd-d3683be60571:group-1E33FC03F5AB changes to CANDIDATE, lastRpcTime:5091, electionTimeout:5063ms
2019-09-26 11:01:22,829 [Thread-244] INFO  impl.RaftServerImpl (RaftServerImpl.java:setRole(174)) - f1b27ee7-0671-41a8-9e25-617c44580f9f@group-FC4EE3E132E7: changes role from  FOLLOWER to CANDIDATE at term 0 for changeToCandidate
2019-09-26 11:01:22,829 [Thread-241] INFO  impl.RoleInfo (RoleInfo.java:shutdownFollowerState(121)) - 02a54e17-f5d7-41bc-86bd-d3683be60571: shutdown FollowerState
2019-09-26 11:01:22,833 [Thread-244] INFO  impl.RoleInfo (RoleInfo.java:updateAndGet(143)) - f1b27ee7-0671-41a8-9e25-617c44580f9f: start LeaderElection
2019-09-26 11:01:22,836 [Thread-241] INFO  impl.RaftServerImpl (RaftServerImpl.java:setRole(174)) - 02a54e17-f5d7-41bc-86bd-d3683be60571@group-1E33FC03F5AB: changes role from  FOLLOWER to CANDIDATE at term 0 for changeToCandidate
2019-09-26 11:01:22,837 [Thread-241] INFO  impl.RoleInfo (RoleInfo.java:updateAndGet(143)) - 02a54e17-f5d7-41bc-86bd-d3683be60571: start LeaderElection
2019-09-26 11:01:22,847 [21851714-a306-49cf-b784-d62ce38d388a@group-A66CEE4276AC-SegmentedRaftLogWorker] INFO  segmented.SegmentedRaftLogWorker (SegmentedRaftLogWorker.java:execute(569)) - 21851714-a306-49cf-b784-d62ce38d388a@group-A66CEE4276AC-SegmentedRaftLogWorker: created new log segment /workdir/hadoop-ozone/tools/target/test-dir/MiniOzoneClusterImpl-42425eb2-f371-46f3-bb0b-2c68b0fa2a97/datanode-3/data/ratis/1b83b2fc-7eca-4827-9ad5-a66cee4276ac/current/log_inprogress_0
2019-09-26 11:01:22,849 [f1b27ee7-0671-41a8-9e25-617c44580f9f@group-E02321887F58:LeaderElection10] INFO  impl.LeaderElection (LeaderElection.java:askForVotes(182)) - f1b27ee7-0671-41a8-9e25-617c44580f9f@group-E02321887F58:LeaderElection10: begin an election at term 1 for -1: [f1b27ee7-0671-41a8-9e25-617c44580f9f:192.168.30.13:39028], old=null
2019-09-26 11:01:22,851 [f1b27ee7-0671-41a8-9e25-617c44580f9f@group-E02321887F58:LeaderElection10] INFO  impl.RoleInfo (RoleInfo.java:shutdownLeaderElection(134)) - f1b27ee7-0671-41a8-9e25-617c44580f9f: shutdown LeaderElection
2019-09-26 11:01:22,851 [f1b27ee7-0671-41a8-9e25-617c44580f9f@group-E02321887F58:LeaderElection10] INFO  impl.RaftServerImpl (RaftServerImpl.java:setRole(174)) - f1b27ee7-0671-41a8-9e25-617c44580f9f@group-E02321887F58: changes role from CANDIDATE to LEADER at term 1 for changeToLeader
2019-09-26 11:01:22,851 [f1b27ee7-0671-41a8-9e25-617c44580f9f@group-E02321887F58:LeaderElection10] INFO  impl.RaftServerImpl (ServerState.java:setLeader(253)) - f1b27ee7-0671-41a8-9e25-617c44580f9f@group-E02321887F58: change Leader from null to f1b27ee7-0671-41a8-9e25-617c44580f9f at term 1 for becomeLeader, leader elected after 5181ms
2019-09-26 11:01:22,853 [f1b27ee7-0671-41a8-9e25-617c44580f9f@group-E02321887F58:LeaderElection10] INFO  server.RaftServerConfigKeys (ConfUtils.java:logGet(43)) - raft.server.staging.catchup.gap = 1000 (default)
2019-09-26 11:01:22,853 [f1b27ee7-0671-41a8-9e25-617c44580f9f@group-E02321887F58:LeaderElection10] INFO  server.RaftServerConfigKeys (ConfUtils.java:logGet(43)) - raft.server.rpc.sleep.time = 25ms (default)
2019-09-26 11:01:22,853 [f1b27ee7-0671-41a8-9e25-617c44580f9f@group-E02321887F58:LeaderElection10] INFO  server.RaftServerConfigKeys (ConfUtils.java:logGet(43)) - raft.server.write.element-limit = 4096 (default)
2019-09-26 11:01:22,854 [f1b27ee7-0671-41a8-9e25-617c44580f9f@group-E02321887F58:LeaderElection10] INFO  server.RaftServerConfigKeys (ConfUtils.java:logGet(43)) - raft.server.watch.timeout = 10s (default)
2019-09-26 11:01:22,854 [f1b27ee7-0671-41a8-9e25-617c44580f9f@group-E02321887F58:LeaderElection10] INFO  server.RaftServerConfigKeys (ConfUtils.java:logGet(43)) - raft.server.watch.timeout.denomination = 1s (default)
2019-09-26 11:01:22,854 [f1b27ee7-0671-41a8-9e25-617c44580f9f@group-E02321887F58:LeaderElection10] INFO  server.RaftServerConfigKeys (ConfUtils.java:logGet(43)) - raft.server.watch.element-limit = 65536 (default)
2019-09-26 11:01:22,858 [f1b27ee7-0671-41a8-9e25-617c44580f9f@group-FC4EE3E132E7:LeaderElection11] INFO  impl.LeaderElection (LeaderElection.java:askForVotes(182)) - f1b27ee7-0671-41a8-9e25-617c44580f9f@group-FC4EE3E132E7:LeaderElection11: begin an election at term 1 for -1: [f1b27ee7-0671-41a8-9e25-617c44580f9f:192.168.30.13:39028], old=null
2019-09-26 11:01:22,858 [02a54e17-f5d7-41bc-86bd-d3683be60571@group-1E33FC03F5AB:LeaderElection12] INFO  impl.LeaderElection (LeaderElection.java:askForVotes(182)) - 02a54e17-f5d7-41bc-86bd-d3683be60571@group-1E33FC03F5AB:LeaderElection12: begin an election at term 1 for -1: [02a54e17-f5d7-41bc-86bd-d3683be60571:192.168.30.13:38404], old=null
2019-09-26 11:01:22,858 [f1b27ee7-0671-41a8-9e25-617c44580f9f@group-FC4EE3E132E7:LeaderElection11] INFO  impl.RoleInfo (RoleInfo.java:shutdownLeaderElection(134)) - f1b27ee7-0671-41a8-9e25-617c44580f9f: shutdown LeaderElection
2019-09-26 11:01:22,858 [f1b27ee7-0671-41a8-9e25-617c44580f9f@group-E02321887F58:LeaderElection10] INFO  impl.RoleInfo (RoleInfo.java:updateAndGet(143)) - f1b27ee7-0671-41a8-9e25-617c44580f9f: start LeaderState
2019-09-26 11:01:22,858 [f1b27ee7-0671-41a8-9e25-617c44580f9f@group-FC4EE3E132E7:LeaderElection11] INFO  impl.RaftServerImpl (RaftServerImpl.java:setRole(174)) - f1b27ee7-0671-41a8-9e25-617c44580f9f@group-FC4EE3E132E7: changes role from CANDIDATE to LEADER at term 1 for changeToLeader
2019-09-26 11:01:22,858 [02a54e17-f5d7-41bc-86bd-d3683be60571@group-1E33FC03F5AB:LeaderElection12] INFO  impl.RoleInfo (RoleInfo.java:shutdownLeaderElection(134)) - 02a54e17-f5d7-41bc-86bd-d3683be60571: shutdown LeaderElection
2019-09-26 11:01:22,859 [f1b27ee7-0671-41a8-9e25-617c44580f9f@group-E02321887F58:LeaderElection10] INFO  segmented.SegmentedRaftLogWorker (SegmentedRaftLogWorker.java:startLogSegment(380)) - f1b27ee7-0671-41a8-9e25-617c44580f9f@group-E02321887F58-SegmentedRaftLogWorker: Starting segment from index:0
2019-09-26 11:01:22,859 [f1b27ee7-0671-41a8-9e25-617c44580f9f@group-FC4EE3E132E7:LeaderElection11] INFO  impl.RaftServerImpl (ServerState.java:setLeader(253)) - f1b27ee7-0671-41a8-9e25-617c44580f9f@group-FC4EE3E132E7: change Leader from null to f1b27ee7-0671-41a8-9e25-617c44580f9f at term 1 for becomeLeader, leader elected after 5063ms
2019-09-26 11:01:22,859 [02a54e17-f5d7-41bc-86bd-d3683be60571@group-1E33FC03F5AB:LeaderElection12] INFO  impl.RaftServerImpl (RaftServerImpl.java:setRole(174)) - 02a54e17-f5d7-41bc-86bd-d3683be60571@group-1E33FC03F5AB: changes role from CANDIDATE to LEADER at term 1 for changeToLeader
2019-09-26 11:01:22,859 [f1b27ee7-0671-41a8-9e25-617c44580f9f@group-FC4EE3E132E7:LeaderElection11] INFO  server.RaftServerConfigKeys (ConfUtils.java:logGet(43)) - raft.server.staging.catchup.gap = 1000 (default)
2019-09-26 11:01:22,859 [02a54e17-f5d7-41bc-86bd-d3683be60571@group-1E33FC03F5AB:LeaderElection12] INFO  impl.RaftServerImpl (ServerState.java:setLeader(253)) - 02a54e17-f5d7-41bc-86bd-d3683be60571@group-1E33FC03F5AB: change Leader from null to 02a54e17-f5d7-41bc-86bd-d3683be60571 at term 1 for becomeLeader, leader elected after 5129ms
2019-09-26 11:01:22,859 [f1b27ee7-0671-41a8-9e25-617c44580f9f@group-E02321887F58:LeaderElection10] INFO  impl.RaftServerImpl (ServerState.java:setRaftConf(354)) - f1b27ee7-0671-41a8-9e25-617c44580f9f@group-E02321887F58: set configuration 0: [f1b27ee7-0671-41a8-9e25-617c44580f9f:192.168.30.13:39028], old=null at 0
2019-09-26 11:01:22,859 [f1b27ee7-0671-41a8-9e25-617c44580f9f@group-FC4EE3E132E7:LeaderElection11] INFO  server.RaftServerConfigKeys (ConfUtils.java:logGet(43)) - raft.server.rpc.sleep.time = 25ms (default)
2019-09-26 11:01:22,859 [02a54e17-f5d7-41bc-86bd-d3683be60571@group-1E33FC03F5AB:LeaderElection12] INFO  server.RaftServerConfigKeys (ConfUtils.java:logGet(43)) - raft.server.staging.catchup.gap = 1000 (default)
2019-09-26 11:01:22,902 [f1b27ee7-0671-41a8-9e25-617c44580f9f@group-FC4EE3E132E7:LeaderElection11] INFO  server.RaftServerConfigKeys (ConfUtils.java:logGet(43)) - raft.server.write.element-limit = 4096 (default)
2019-09-26 11:01:22,902 [02a54e17-f5d7-41bc-86bd-d3683be60571@group-1E33FC03F5AB:LeaderElection12] INFO  server.RaftServerConfigKeys (ConfUtils.java:logGet(43)) - raft.server.rpc.sleep.time = 25ms (default)
2019-09-26 11:01:22,902 [f1b27ee7-0671-41a8-9e25-617c44580f9f@group-FC4EE3E132E7:LeaderElection11] INFO  server.RaftServerConfigKeys (ConfUtils.java:logGet(43)) - raft.server.watch.timeout = 10s (default)
2019-09-26 11:01:22,903 [02a54e17-f5d7-41bc-86bd-d3683be60571@group-1E33FC03F5AB:LeaderElection12] INFO  server.RaftServerConfigKeys (ConfUtils.java:logGet(43)) - raft.server.write.element-limit = 4096 (default)
2019-09-26 11:01:22,903 [f1b27ee7-0671-41a8-9e25-617c44580f9f@group-FC4EE3E132E7:LeaderElection11] INFO  server.RaftServerConfigKeys (ConfUtils.java:logGet(43)) - raft.server.watch.timeout.denomination = 1s (default)
2019-09-26 11:01:22,903 [02a54e17-f5d7-41bc-86bd-d3683be60571@group-1E33FC03F5AB:LeaderElection12] INFO  server.RaftServerConfigKeys (ConfUtils.java:logGet(43)) - raft.server.watch.timeout = 10s (default)
2019-09-26 11:01:22,903 [f1b27ee7-0671-41a8-9e25-617c44580f9f@group-FC4EE3E132E7:LeaderElection11] INFO  server.RaftServerConfigKeys (ConfUtils.java:logGet(43)) - raft.server.watch.element-limit = 65536 (default)
2019-09-26 11:01:22,903 [02a54e17-f5d7-41bc-86bd-d3683be60571@group-1E33FC03F5AB:LeaderElection12] INFO  server.RaftServerConfigKeys (ConfUtils.java:logGet(43)) - raft.server.watch.timeout.denomination = 1s (default)
2019-09-26 11:01:22,904 [02a54e17-f5d7-41bc-86bd-d3683be60571@group-1E33FC03F5AB:LeaderElection12] INFO  server.RaftServerConfigKeys (ConfUtils.java:logGet(43)) - raft.server.watch.element-limit = 65536 (default)
2019-09-26 11:01:22,907 [f1b27ee7-0671-41a8-9e25-617c44580f9f@group-FC4EE3E132E7:LeaderElection11] INFO  impl.RoleInfo (RoleInfo.java:updateAndGet(143)) - f1b27ee7-0671-41a8-9e25-617c44580f9f: start LeaderState
2019-09-26 11:01:22,907 [02a54e17-f5d7-41bc-86bd-d3683be60571@group-1E33FC03F5AB:LeaderElection12] INFO  impl.RoleInfo (RoleInfo.java:updateAndGet(143)) - 02a54e17-f5d7-41bc-86bd-d3683be60571: start LeaderState
2019-09-26 11:01:22,907 [f1b27ee7-0671-41a8-9e25-617c44580f9f@group-FC4EE3E132E7:LeaderElection11] INFO  segmented.SegmentedRaftLogWorker (SegmentedRaftLogWorker.java:startLogSegment(380)) - f1b27ee7-0671-41a8-9e25-617c44580f9f@group-FC4EE3E132E7-SegmentedRaftLogWorker: Starting segment from index:0
2019-09-26 11:01:22,908 [02a54e17-f5d7-41bc-86bd-d3683be60571@group-1E33FC03F5AB:LeaderElection12] INFO  segmented.SegmentedRaftLogWorker (SegmentedRaftLogWorker.java:startLogSegment(380)) - 02a54e17-f5d7-41bc-86bd-d3683be60571@group-1E33FC03F5AB-SegmentedRaftLogWorker: Starting segment from index:0
2019-09-26 11:01:22,908 [f1b27ee7-0671-41a8-9e25-617c44580f9f@group-FC4EE3E132E7:LeaderElection11] INFO  impl.RaftServerImpl (ServerState.java:setRaftConf(354)) - f1b27ee7-0671-41a8-9e25-617c44580f9f@group-FC4EE3E132E7: set configuration 0: [f1b27ee7-0671-41a8-9e25-617c44580f9f:192.168.30.13:39028], old=null at 0
2019-09-26 11:01:22,908 [02a54e17-f5d7-41bc-86bd-d3683be60571@group-1E33FC03F5AB:LeaderElection12] INFO  impl.RaftServerImpl (ServerState.java:setRaftConf(354)) - 02a54e17-f5d7-41bc-86bd-d3683be60571@group-1E33FC03F5AB: set configuration 0: [02a54e17-f5d7-41bc-86bd-d3683be60571:192.168.30.13:38404], old=null at 0
2019-09-26 11:01:22,952 [f1b27ee7-0671-41a8-9e25-617c44580f9f@group-E02321887F58-SegmentedRaftLogWorker] INFO  segmented.SegmentedRaftLogWorker (SegmentedRaftLogWorker.java:execute(569)) - f1b27ee7-0671-41a8-9e25-617c44580f9f@group-E02321887F58-SegmentedRaftLogWorker: created new log segment /workdir/hadoop-ozone/tools/target/test-dir/MiniOzoneClusterImpl-42425eb2-f371-46f3-bb0b-2c68b0fa2a97/datanode-4/data/ratis/3a597db9-4c21-45ab-afee-e02321887f58/current/log_inprogress_0
2019-09-26 11:01:22,964 [f1b27ee7-0671-41a8-9e25-617c44580f9f@group-FC4EE3E132E7-SegmentedRaftLogWorker] INFO  segmented.SegmentedRaftLogWorker (SegmentedRaftLogWorker.java:execute(569)) - f1b27ee7-0671-41a8-9e25-617c44580f9f@group-FC4EE3E132E7-SegmentedRaftLogWorker: created new log segment /workdir/hadoop-ozone/tools/target/test-dir/MiniOzoneClusterImpl-42425eb2-f371-46f3-bb0b-2c68b0fa2a97/datanode-4/data/ratis/2e0e113c-9c33-4755-adf0-fc4ee3e132e7/current/log_inprogress_0
2019-09-26 11:01:22,964 [02a54e17-f5d7-41bc-86bd-d3683be60571@group-1E33FC03F5AB-SegmentedRaftLogWorker] INFO  segmented.SegmentedRaftLogWorker (SegmentedRaftLogWorker.java:execute(569)) - 02a54e17-f5d7-41bc-86bd-d3683be60571@group-1E33FC03F5AB-SegmentedRaftLogWorker: created new log segment /workdir/hadoop-ozone/tools/target/test-dir/MiniOzoneClusterImpl-42425eb2-f371-46f3-bb0b-2c68b0fa2a97/datanode-2/data/ratis/c934e6c7-d6f9-4288-b09e-1e33fc03f5ab/current/log_inprogress_0
2019-09-26 11:01:22,987 [Thread-251] INFO  impl.FollowerState (FollowerState.java:run(106)) - 5ef5b40b-6668-4f90-a5de-67c965602eb0:group-2AD924B2F249 changes to CANDIDATE, lastRpcTime:5061, electionTimeout:5061ms
2019-09-26 11:01:22,987 [Thread-251] INFO  impl.RoleInfo (RoleInfo.java:shutdownFollowerState(121)) - 5ef5b40b-6668-4f90-a5de-67c965602eb0: shutdown FollowerState
2019-09-26 11:01:22,987 [Thread-251] INFO  impl.RaftServerImpl (RaftServerImpl.java:setRole(174)) - 5ef5b40b-6668-4f90-a5de-67c965602eb0@group-2AD924B2F249: changes role from  FOLLOWER to CANDIDATE at term 0 for changeToCandidate
2019-09-26 11:01:22,987 [Thread-251] INFO  impl.RoleInfo (RoleInfo.java:updateAndGet(143)) - 5ef5b40b-6668-4f90-a5de-67c965602eb0: start LeaderElection
2019-09-26 11:01:23,013 [5ef5b40b-6668-4f90-a5de-67c965602eb0@group-2AD924B2F249:LeaderElection13] INFO  impl.LeaderElection (LeaderElection.java:askForVotes(182)) - 5ef5b40b-6668-4f90-a5de-67c965602eb0@group-2AD924B2F249:LeaderElection13: begin an election at term 1 for -1: [5ef5b40b-6668-4f90-a5de-67c965602eb0:192.168.30.13:39653], old=null
2019-09-26 11:01:23,013 [5ef5b40b-6668-4f90-a5de-67c965602eb0@group-2AD924B2F249:LeaderElection13] INFO  impl.RoleInfo (RoleInfo.java:shutdownLeaderElection(134)) - 5ef5b40b-6668-4f90-a5de-67c965602eb0: shutdown LeaderElection
2019-09-26 11:01:23,013 [5ef5b40b-6668-4f90-a5de-67c965602eb0@group-2AD924B2F249:LeaderElection13] INFO  impl.RaftServerImpl (RaftServerImpl.java:setRole(174)) - 5ef5b40b-6668-4f90-a5de-67c965602eb0@group-2AD924B2F249: changes role from CANDIDATE to LEADER at term 1 for changeToLeader
2019-09-26 11:01:23,013 [5ef5b40b-6668-4f90-a5de-67c965602eb0@group-2AD924B2F249:LeaderElection13] INFO  impl.RaftServerImpl (ServerState.java:setLeader(253)) - 5ef5b40b-6668-4f90-a5de-67c965602eb0@group-2AD924B2F249: change Leader from null to 5ef5b40b-6668-4f90-a5de-67c965602eb0 at term 1 for becomeLeader, leader elected after 5096ms
2019-09-26 11:01:23,014 [5ef5b40b-6668-4f90-a5de-67c965602eb0@group-2AD924B2F249:LeaderElection13] INFO  server.RaftServerConfigKeys (ConfUtils.java:logGet(43)) - raft.server.staging.catchup.gap = 1000 (default)
2019-09-26 11:01:23,014 [5ef5b40b-6668-4f90-a5de-67c965602eb0@group-2AD924B2F249:LeaderElection13] INFO  server.RaftServerConfigKeys (ConfUtils.java:logGet(43)) - raft.server.rpc.sleep.time = 25ms (default)
2019-09-26 11:01:23,014 [5ef5b40b-6668-4f90-a5de-67c965602eb0@group-2AD924B2F249:LeaderElection13] INFO  server.RaftServerConfigKeys (ConfUtils.java:logGet(43)) - raft.server.write.element-limit = 4096 (default)
2019-09-26 11:01:23,014 [5ef5b40b-6668-4f90-a5de-67c965602eb0@group-2AD924B2F249:LeaderElection13] INFO  server.RaftServerConfigKeys (ConfUtils.java:logGet(43)) - raft.server.watch.timeout = 10s (default)
2019-09-26 11:01:23,014 [5ef5b40b-6668-4f90-a5de-67c965602eb0@group-2AD924B2F249:LeaderElection13] INFO  server.RaftServerConfigKeys (ConfUtils.java:logGet(43)) - raft.server.watch.timeout.denomination = 1s (default)
2019-09-26 11:01:23,015 [5ef5b40b-6668-4f90-a5de-67c965602eb0@group-2AD924B2F249:LeaderElection13] INFO  server.RaftServerConfigKeys (ConfUtils.java:logGet(43)) - raft.server.watch.element-limit = 65536 (default)
2019-09-26 11:01:23,017 [5ef5b40b-6668-4f90-a5de-67c965602eb0@group-2AD924B2F249:LeaderElection13] INFO  impl.RoleInfo (RoleInfo.java:updateAndGet(143)) - 5ef5b40b-6668-4f90-a5de-67c965602eb0: start LeaderState
2019-09-26 11:01:23,018 [5ef5b40b-6668-4f90-a5de-67c965602eb0@group-2AD924B2F249:LeaderElection13] INFO  segmented.SegmentedRaftLogWorker (SegmentedRaftLogWorker.java:startLogSegment(380)) - 5ef5b40b-6668-4f90-a5de-67c965602eb0@group-2AD924B2F249-SegmentedRaftLogWorker: Starting segment from index:0
2019-09-26 11:01:23,018 [5ef5b40b-6668-4f90-a5de-67c965602eb0@group-2AD924B2F249:LeaderElection13] INFO  impl.RaftServerImpl (ServerState.java:setRaftConf(354)) - 5ef5b40b-6668-4f90-a5de-67c965602eb0@group-2AD924B2F249: set configuration 0: [5ef5b40b-6668-4f90-a5de-67c965602eb0:192.168.30.13:39653], old=null at 0
2019-09-26 11:01:23,060 [Thread-247] INFO  impl.FollowerState (FollowerState.java:run(106)) - f1b27ee7-0671-41a8-9e25-617c44580f9f:group-B26AE0C7626C changes to CANDIDATE, lastRpcTime:5195, electionTimeout:5177ms
2019-09-26 11:01:23,060 [Thread-247] INFO  impl.RoleInfo (RoleInfo.java:shutdownFollowerState(121)) - f1b27ee7-0671-41a8-9e25-617c44580f9f: shutdown FollowerState
2019-09-26 11:01:23,060 [Thread-247] INFO  impl.RaftServerImpl (RaftServerImpl.java:setRole(174)) - f1b27ee7-0671-41a8-9e25-617c44580f9f@group-B26AE0C7626C: changes role from  FOLLOWER to CANDIDATE at term 0 for changeToCandidate
2019-09-26 11:01:23,060 [Thread-247] INFO  impl.RoleInfo (RoleInfo.java:updateAndGet(143)) - f1b27ee7-0671-41a8-9e25-617c44580f9f: start LeaderElection
2019-09-26 11:01:23,074 [5ef5b40b-6668-4f90-a5de-67c965602eb0@group-2AD924B2F249-SegmentedRaftLogWorker] INFO  segmented.SegmentedRaftLogWorker (SegmentedRaftLogWorker.java:execute(569)) - 5ef5b40b-6668-4f90-a5de-67c965602eb0@group-2AD924B2F249-SegmentedRaftLogWorker: created new log segment /workdir/hadoop-ozone/tools/target/test-dir/MiniOzoneClusterImpl-42425eb2-f371-46f3-bb0b-2c68b0fa2a97/datanode-0/data/ratis/810b2b5b-074e-488f-95f1-2ad924b2f249/current/log_inprogress_0
2019-09-26 11:01:23,074 [f1b27ee7-0671-41a8-9e25-617c44580f9f@group-B26AE0C7626C:LeaderElection14] INFO  impl.LeaderElection (LeaderElection.java:askForVotes(182)) - f1b27ee7-0671-41a8-9e25-617c44580f9f@group-B26AE0C7626C:LeaderElection14: begin an election at term 1 for -1: [f1b27ee7-0671-41a8-9e25-617c44580f9f:192.168.30.13:39028], old=null
2019-09-26 11:01:23,074 [f1b27ee7-0671-41a8-9e25-617c44580f9f@group-B26AE0C7626C:LeaderElection14] INFO  impl.RoleInfo (RoleInfo.java:shutdownLeaderElection(134)) - f1b27ee7-0671-41a8-9e25-617c44580f9f: shutdown LeaderElection
2019-09-26 11:01:23,074 [f1b27ee7-0671-41a8-9e25-617c44580f9f@group-B26AE0C7626C:LeaderElection14] INFO  impl.RaftServerImpl (RaftServerImpl.java:setRole(174)) - f1b27ee7-0671-41a8-9e25-617c44580f9f@group-B26AE0C7626C: changes role from CANDIDATE to LEADER at term 1 for changeToLeader
2019-09-26 11:01:23,074 [f1b27ee7-0671-41a8-9e25-617c44580f9f@group-B26AE0C7626C:LeaderElection14] INFO  impl.RaftServerImpl (ServerState.java:setLeader(253)) - f1b27ee7-0671-41a8-9e25-617c44580f9f@group-B26AE0C7626C: change Leader from null to f1b27ee7-0671-41a8-9e25-617c44580f9f at term 1 for becomeLeader, leader elected after 5217ms
2019-09-26 11:01:23,074 [f1b27ee7-0671-41a8-9e25-617c44580f9f@group-B26AE0C7626C:LeaderElection14] INFO  server.RaftServerConfigKeys (ConfUtils.java:logGet(43)) - raft.server.staging.catchup.gap = 1000 (default)
2019-09-26 11:01:23,075 [f1b27ee7-0671-41a8-9e25-617c44580f9f@group-B26AE0C7626C:LeaderElection14] INFO  server.RaftServerConfigKeys (ConfUtils.java:logGet(43)) - raft.server.rpc.sleep.time = 25ms (default)
2019-09-26 11:01:23,075 [f1b27ee7-0671-41a8-9e25-617c44580f9f@group-B26AE0C7626C:LeaderElection14] INFO  server.RaftServerConfigKeys (ConfUtils.java:logGet(43)) - raft.server.write.element-limit = 4096 (default)
2019-09-26 11:01:23,075 [f1b27ee7-0671-41a8-9e25-617c44580f9f@group-B26AE0C7626C:LeaderElection14] INFO  server.RaftServerConfigKeys (ConfUtils.java:logGet(43)) - raft.server.watch.timeout = 10s (default)
2019-09-26 11:01:23,075 [f1b27ee7-0671-41a8-9e25-617c44580f9f@group-B26AE0C7626C:LeaderElection14] INFO  server.RaftServerConfigKeys (ConfUtils.java:logGet(43)) - raft.server.watch.timeout.denomination = 1s (default)
2019-09-26 11:01:23,075 [f1b27ee7-0671-41a8-9e25-617c44580f9f@group-B26AE0C7626C:LeaderElection14] INFO  server.RaftServerConfigKeys (ConfUtils.java:logGet(43)) - raft.server.watch.element-limit = 65536 (default)
2019-09-26 11:01:23,078 [f1b27ee7-0671-41a8-9e25-617c44580f9f@group-B26AE0C7626C:LeaderElection14] INFO  impl.RoleInfo (RoleInfo.java:updateAndGet(143)) - f1b27ee7-0671-41a8-9e25-617c44580f9f: start LeaderState
2019-09-26 11:01:23,078 [f1b27ee7-0671-41a8-9e25-617c44580f9f@group-B26AE0C7626C:LeaderElection14] INFO  segmented.SegmentedRaftLogWorker (SegmentedRaftLogWorker.java:startLogSegment(380)) - f1b27ee7-0671-41a8-9e25-617c44580f9f@group-B26AE0C7626C-SegmentedRaftLogWorker: Starting segment from index:0
2019-09-26 11:01:23,079 [f1b27ee7-0671-41a8-9e25-617c44580f9f@group-B26AE0C7626C:LeaderElection14] INFO  impl.RaftServerImpl (ServerState.java:setRaftConf(354)) - f1b27ee7-0671-41a8-9e25-617c44580f9f@group-B26AE0C7626C: set configuration 0: [f1b27ee7-0671-41a8-9e25-617c44580f9f:192.168.30.13:39028], old=null at 0
2019-09-26 11:01:23,122 [Thread-260] INFO  impl.FollowerState (FollowerState.java:run(106)) - f1b27ee7-0671-41a8-9e25-617c44580f9f:group-DD0B143312C6 changes to CANDIDATE, lastRpcTime:5001, electionTimeout:5001ms
2019-09-26 11:01:23,122 [f1b27ee7-0671-41a8-9e25-617c44580f9f@group-B26AE0C7626C-SegmentedRaftLogWorker] INFO  segmented.SegmentedRaftLogWorker (SegmentedRaftLogWorker.java:execute(569)) - f1b27ee7-0671-41a8-9e25-617c44580f9f@group-B26AE0C7626C-SegmentedRaftLogWorker: created new log segment /workdir/hadoop-ozone/tools/target/test-dir/MiniOzoneClusterImpl-42425eb2-f371-46f3-bb0b-2c68b0fa2a97/datanode-4/data/ratis/5d058ee9-b003-4d02-90c2-b26ae0c7626c/current/log_inprogress_0
2019-09-26 11:01:23,122 [Thread-260] INFO  impl.RoleInfo (RoleInfo.java:shutdownFollowerState(121)) - f1b27ee7-0671-41a8-9e25-617c44580f9f: shutdown FollowerState
2019-09-26 11:01:23,122 [Thread-260] INFO  impl.RaftServerImpl (RaftServerImpl.java:setRole(174)) - f1b27ee7-0671-41a8-9e25-617c44580f9f@group-DD0B143312C6: changes role from  FOLLOWER to CANDIDATE at term 0 for changeToCandidate
2019-09-26 11:01:23,122 [Thread-260] INFO  impl.RoleInfo (RoleInfo.java:updateAndGet(143)) - f1b27ee7-0671-41a8-9e25-617c44580f9f: start LeaderElection
2019-09-26 11:01:23,140 [f1b27ee7-0671-41a8-9e25-617c44580f9f@group-DD0B143312C6:LeaderElection15] INFO  impl.LeaderElection (LeaderElection.java:askForVotes(182)) - f1b27ee7-0671-41a8-9e25-617c44580f9f@group-DD0B143312C6:LeaderElection15: begin an election at term 1 for -1: [f1b27ee7-0671-41a8-9e25-617c44580f9f:192.168.30.13:39028], old=null
2019-09-26 11:01:23,140 [f1b27ee7-0671-41a8-9e25-617c44580f9f@group-DD0B143312C6:LeaderElection15] INFO  impl.RoleInfo (RoleInfo.java:shutdownLeaderElection(134)) - f1b27ee7-0671-41a8-9e25-617c44580f9f: shutdown LeaderElection
2019-09-26 11:01:23,140 [f1b27ee7-0671-41a8-9e25-617c44580f9f@group-DD0B143312C6:LeaderElection15] INFO  impl.RaftServerImpl (RaftServerImpl.java:setRole(174)) - f1b27ee7-0671-41a8-9e25-617c44580f9f@group-DD0B143312C6: changes role from CANDIDATE to LEADER at term 1 for changeToLeader
2019-09-26 11:01:23,141 [f1b27ee7-0671-41a8-9e25-617c44580f9f@group-DD0B143312C6:LeaderElection15] INFO  impl.RaftServerImpl (ServerState.java:setLeader(253)) - f1b27ee7-0671-41a8-9e25-617c44580f9f@group-DD0B143312C6: change Leader from null to f1b27ee7-0671-41a8-9e25-617c44580f9f at term 1 for becomeLeader, leader elected after 5028ms
2019-09-26 11:01:23,141 [f1b27ee7-0671-41a8-9e25-617c44580f9f@group-DD0B143312C6:LeaderElection15] INFO  server.RaftServerConfigKeys (ConfUtils.java:logGet(43)) - raft.server.staging.catchup.gap = 1000 (default)
2019-09-26 11:01:23,141 [f1b27ee7-0671-41a8-9e25-617c44580f9f@group-DD0B143312C6:LeaderElection15] INFO  server.RaftServerConfigKeys (ConfUtils.java:logGet(43)) - raft.server.rpc.sleep.time = 25ms (default)
2019-09-26 11:01:23,141 [f1b27ee7-0671-41a8-9e25-617c44580f9f@group-DD0B143312C6:LeaderElection15] INFO  server.RaftServerConfigKeys (ConfUtils.java:logGet(43)) - raft.server.write.element-limit = 4096 (default)
2019-09-26 11:01:23,141 [f1b27ee7-0671-41a8-9e25-617c44580f9f@group-DD0B143312C6:LeaderElection15] INFO  server.RaftServerConfigKeys (ConfUtils.java:logGet(43)) - raft.server.watch.timeout = 10s (default)
2019-09-26 11:01:23,141 [f1b27ee7-0671-41a8-9e25-617c44580f9f@group-DD0B143312C6:LeaderElection15] INFO  server.RaftServerConfigKeys (ConfUtils.java:logGet(43)) - raft.server.watch.timeout.denomination = 1s (default)
2019-09-26 11:01:23,142 [f1b27ee7-0671-41a8-9e25-617c44580f9f@group-DD0B143312C6:LeaderElection15] INFO  server.RaftServerConfigKeys (ConfUtils.java:logGet(43)) - raft.server.watch.element-limit = 65536 (default)
2019-09-26 11:01:23,145 [f1b27ee7-0671-41a8-9e25-617c44580f9f@group-DD0B143312C6:LeaderElection15] INFO  impl.RoleInfo (RoleInfo.java:updateAndGet(143)) - f1b27ee7-0671-41a8-9e25-617c44580f9f: start LeaderState
2019-09-26 11:01:23,146 [f1b27ee7-0671-41a8-9e25-617c44580f9f@group-DD0B143312C6:LeaderElection15] INFO  segmented.SegmentedRaftLogWorker (SegmentedRaftLogWorker.java:startLogSegment(380)) - f1b27ee7-0671-41a8-9e25-617c44580f9f@group-DD0B143312C6-SegmentedRaftLogWorker: Starting segment from index:0
2019-09-26 11:01:23,146 [f1b27ee7-0671-41a8-9e25-617c44580f9f@group-DD0B143312C6:LeaderElection15] INFO  impl.RaftServerImpl (ServerState.java:setRaftConf(354)) - f1b27ee7-0671-41a8-9e25-617c44580f9f@group-DD0B143312C6: set configuration 0: [f1b27ee7-0671-41a8-9e25-617c44580f9f:192.168.30.13:39028], old=null at 0
 0.00% |█                                                                                                    |  0/1 Time: 0:00:052019-09-26 11:01:23,185 [Thread-254] INFO  impl.FollowerState (FollowerState.java:run(106)) - 21851714-a306-49cf-b784-d62ce38d388a:group-A23FFE267B13 changes to CANDIDATE, lastRpcTime:5193, electionTimeout:5193ms
2019-09-26 11:01:23,186 [Thread-254] INFO  impl.RoleInfo (RoleInfo.java:shutdownFollowerState(121)) - 21851714-a306-49cf-b784-d62ce38d388a: shutdown FollowerState
2019-09-26 11:01:23,186 [Thread-254] INFO  impl.RaftServerImpl (RaftServerImpl.java:setRole(174)) - 21851714-a306-49cf-b784-d62ce38d388a@group-A23FFE267B13: changes role from  FOLLOWER to CANDIDATE at term 0 for changeToCandidate
2019-09-26 11:01:23,186 [Thread-254] INFO  impl.RoleInfo (RoleInfo.java:updateAndGet(143)) - 21851714-a306-49cf-b784-d62ce38d388a: start LeaderElection
2019-09-26 11:01:23,189 [f1b27ee7-0671-41a8-9e25-617c44580f9f@group-DD0B143312C6-SegmentedRaftLogWorker] INFO  segmented.SegmentedRaftLogWorker (SegmentedRaftLogWorker.java:execute(569)) - f1b27ee7-0671-41a8-9e25-617c44580f9f@group-DD0B143312C6-SegmentedRaftLogWorker: created new log segment /workdir/hadoop-ozone/tools/target/test-dir/MiniOzoneClusterImpl-42425eb2-f371-46f3-bb0b-2c68b0fa2a97/datanode-4/data/ratis/4dc1eabc-351b-487d-89e9-dd0b143312c6/current/log_inprogress_0
2019-09-26 11:01:23,201 [Thread-257] INFO  impl.FollowerState (FollowerState.java:run(106)) - 02a54e17-f5d7-41bc-86bd-d3683be60571:group-4C5AFB650534 changes to CANDIDATE, lastRpcTime:5140, electionTimeout:5140ms
2019-09-26 11:01:23,201 [Thread-257] INFO  impl.RoleInfo (RoleInfo.java:shutdownFollowerState(121)) - 02a54e17-f5d7-41bc-86bd-d3683be60571: shutdown FollowerState
2019-09-26 11:01:23,201 [Thread-257] INFO  impl.RaftServerImpl (RaftServerImpl.java:setRole(174)) - 02a54e17-f5d7-41bc-86bd-d3683be60571@group-4C5AFB650534: changes role from  FOLLOWER to CANDIDATE at term 0 for changeToCandidate
2019-09-26 11:01:23,201 [Thread-257] INFO  impl.RoleInfo (RoleInfo.java:updateAndGet(143)) - 02a54e17-f5d7-41bc-86bd-d3683be60571: start LeaderElection
2019-09-26 11:01:23,204 [21851714-a306-49cf-b784-d62ce38d388a@group-A23FFE267B13:LeaderElection16] INFO  impl.LeaderElection (LeaderElection.java:askForVotes(182)) - 21851714-a306-49cf-b784-d62ce38d388a@group-A23FFE267B13:LeaderElection16: begin an election at term 1 for -1: [21851714-a306-49cf-b784-d62ce38d388a:192.168.30.13:39761], old=null
2019-09-26 11:01:23,204 [21851714-a306-49cf-b784-d62ce38d388a@group-A23FFE267B13:LeaderElection16] INFO  impl.RoleInfo (RoleInfo.java:shutdownLeaderElection(134)) - 21851714-a306-49cf-b784-d62ce38d388a: shutdown LeaderElection
2019-09-26 11:01:23,204 [21851714-a306-49cf-b784-d62ce38d388a@group-A23FFE267B13:LeaderElection16] INFO  impl.RaftServerImpl (RaftServerImpl.java:setRole(174)) - 21851714-a306-49cf-b784-d62ce38d388a@group-A23FFE267B13: changes role from CANDIDATE to LEADER at term 1 for changeToLeader
2019-09-26 11:01:23,204 [21851714-a306-49cf-b784-d62ce38d388a@group-A23FFE267B13:LeaderElection16] INFO  impl.RaftServerImpl (ServerState.java:setLeader(253)) - 21851714-a306-49cf-b784-d62ce38d388a@group-A23FFE267B13: change Leader from null to 21851714-a306-49cf-b784-d62ce38d388a at term 1 for becomeLeader, leader elected after 5218ms
2019-09-26 11:01:23,205 [21851714-a306-49cf-b784-d62ce38d388a@group-A23FFE267B13:LeaderElection16] INFO  server.RaftServerConfigKeys (ConfUtils.java:logGet(43)) - raft.server.staging.catchup.gap = 1000 (default)
2019-09-26 11:01:23,205 [21851714-a306-49cf-b784-d62ce38d388a@group-A23FFE267B13:LeaderElection16] INFO  server.RaftServerConfigKeys (ConfUtils.java:logGet(43)) - raft.server.rpc.sleep.time = 25ms (default)
2019-09-26 11:01:23,205 [21851714-a306-49cf-b784-d62ce38d388a@group-A23FFE267B13:LeaderElection16] INFO  server.RaftServerConfigKeys (ConfUtils.java:logGet(43)) - raft.server.write.element-limit = 4096 (default)
2019-09-26 11:01:23,205 [21851714-a306-49cf-b784-d62ce38d388a@group-A23FFE267B13:LeaderElection16] INFO  server.RaftServerConfigKeys (ConfUtils.java:logGet(43)) - raft.server.watch.timeout = 10s (default)
2019-09-26 11:01:23,205 [21851714-a306-49cf-b784-d62ce38d388a@group-A23FFE267B13:LeaderElection16] INFO  server.RaftServerConfigKeys (ConfUtils.java:logGet(43)) - raft.server.watch.timeout.denomination = 1s (default)
2019-09-26 11:01:23,205 [21851714-a306-49cf-b784-d62ce38d388a@group-A23FFE267B13:LeaderElection16] INFO  server.RaftServerConfigKeys (ConfUtils.java:logGet(43)) - raft.server.watch.element-limit = 65536 (default)
2019-09-26 11:01:23,208 [21851714-a306-49cf-b784-d62ce38d388a@group-A23FFE267B13:LeaderElection16] INFO  impl.RoleInfo (RoleInfo.java:updateAndGet(143)) - 21851714-a306-49cf-b784-d62ce38d388a: start LeaderState
2019-09-26 11:01:23,208 [21851714-a306-49cf-b784-d62ce38d388a@group-A23FFE267B13:LeaderElection16] INFO  segmented.SegmentedRaftLogWorker (SegmentedRaftLogWorker.java:startLogSegment(380)) - 21851714-a306-49cf-b784-d62ce38d388a@group-A23FFE267B13-SegmentedRaftLogWorker: Starting segment from index:0
2019-09-26 11:01:23,209 [21851714-a306-49cf-b784-d62ce38d388a@group-A23FFE267B13:LeaderElection16] INFO  impl.RaftServerImpl (ServerState.java:setRaftConf(354)) - 21851714-a306-49cf-b784-d62ce38d388a@group-A23FFE267B13: set configuration 0: [21851714-a306-49cf-b784-d62ce38d388a:192.168.30.13:39761], old=null at 0
2019-09-26 11:01:23,247 [Thread-270] INFO  impl.FollowerState (FollowerState.java:run(106)) - bffaef1c-5345-42b9-b6d0-3a6335242d0a:group-80B70C94E78C changes to CANDIDATE, lastRpcTime:5013, electionTimeout:5005ms
2019-09-26 11:01:23,247 [Thread-270] INFO  impl.RoleInfo (RoleInfo.java:shutdownFollowerState(121)) - bffaef1c-5345-42b9-b6d0-3a6335242d0a: shutdown FollowerState
2019-09-26 11:01:23,248 [02a54e17-f5d7-41bc-86bd-d3683be60571@group-4C5AFB650534:LeaderElection17] INFO  impl.LeaderElection (LeaderElection.java:askForVotes(182)) - 02a54e17-f5d7-41bc-86bd-d3683be60571@group-4C5AFB650534:LeaderElection17: begin an election at term 1 for -1: [02a54e17-f5d7-41bc-86bd-d3683be60571:192.168.30.13:38404], old=null
2019-09-26 11:01:23,248 [Thread-270] INFO  impl.RaftServerImpl (RaftServerImpl.java:setRole(174)) - bffaef1c-5345-42b9-b6d0-3a6335242d0a@group-80B70C94E78C: changes role from  FOLLOWER to CANDIDATE at term 0 for changeToCandidate
2019-09-26 11:01:23,248 [02a54e17-f5d7-41bc-86bd-d3683be60571@group-4C5AFB650534:LeaderElection17] INFO  impl.RoleInfo (RoleInfo.java:shutdownLeaderElection(134)) - 02a54e17-f5d7-41bc-86bd-d3683be60571: shutdown LeaderElection
2019-09-26 11:01:23,248 [Thread-270] INFO  impl.RoleInfo (RoleInfo.java:updateAndGet(143)) - bffaef1c-5345-42b9-b6d0-3a6335242d0a: start LeaderElection
2019-09-26 11:01:23,248 [02a54e17-f5d7-41bc-86bd-d3683be60571@group-4C5AFB650534:LeaderElection17] INFO  impl.RaftServerImpl (RaftServerImpl.java:setRole(174)) - 02a54e17-f5d7-41bc-86bd-d3683be60571@group-4C5AFB650534: changes role from CANDIDATE to LEADER at term 1 for changeToLeader
2019-09-26 11:01:23,248 [02a54e17-f5d7-41bc-86bd-d3683be60571@group-4C5AFB650534:LeaderElection17] INFO  impl.RaftServerImpl (ServerState.java:setLeader(253)) - 02a54e17-f5d7-41bc-86bd-d3683be60571@group-4C5AFB650534: change Leader from null to 02a54e17-f5d7-41bc-86bd-d3683be60571 at term 1 for becomeLeader, leader elected after 5197ms
2019-09-26 11:01:23,252 [02a54e17-f5d7-41bc-86bd-d3683be60571@group-4C5AFB650534:LeaderElection17] INFO  server.RaftServerConfigKeys (ConfUtils.java:logGet(43)) - raft.server.staging.catchup.gap = 1000 (default)
2019-09-26 11:01:23,252 [02a54e17-f5d7-41bc-86bd-d3683be60571@group-4C5AFB650534:LeaderElection17] INFO  server.RaftServerConfigKeys (ConfUtils.java:logGet(43)) - raft.server.rpc.sleep.time = 25ms (default)
2019-09-26 11:01:23,253 [02a54e17-f5d7-41bc-86bd-d3683be60571@group-4C5AFB650534:LeaderElection17] INFO  server.RaftServerConfigKeys (ConfUtils.java:logGet(43)) - raft.server.write.element-limit = 4096 (default)
2019-09-26 11:01:23,253 [02a54e17-f5d7-41bc-86bd-d3683be60571@group-4C5AFB650534:LeaderElection17] INFO  server.RaftServerConfigKeys (ConfUtils.java:logGet(43)) - raft.server.watch.timeout = 10s (default)
2019-09-26 11:01:23,253 [02a54e17-f5d7-41bc-86bd-d3683be60571@group-4C5AFB650534:LeaderElection17] INFO  server.RaftServerConfigKeys (ConfUtils.java:logGet(43)) - raft.server.watch.timeout.denomination = 1s (default)
2019-09-26 11:01:23,253 [02a54e17-f5d7-41bc-86bd-d3683be60571@group-4C5AFB650534:LeaderElection17] INFO  server.RaftServerConfigKeys (ConfUtils.java:logGet(43)) - raft.server.watch.element-limit = 65536 (default)
2019-09-26 11:01:23,256 [02a54e17-f5d7-41bc-86bd-d3683be60571@group-4C5AFB650534:LeaderElection17] INFO  impl.RoleInfo (RoleInfo.java:updateAndGet(143)) - 02a54e17-f5d7-41bc-86bd-d3683be60571: start LeaderState
2019-09-26 11:01:23,256 [02a54e17-f5d7-41bc-86bd-d3683be60571@group-4C5AFB650534:LeaderElection17] INFO  segmented.SegmentedRaftLogWorker (SegmentedRaftLogWorker.java:startLogSegment(380)) - 02a54e17-f5d7-41bc-86bd-d3683be60571@group-4C5AFB650534-SegmentedRaftLogWorker: Starting segment from index:0
2019-09-26 11:01:23,257 [02a54e17-f5d7-41bc-86bd-d3683be60571@group-4C5AFB650534:LeaderElection17] INFO  impl.RaftServerImpl (ServerState.java:setRaftConf(354)) - 02a54e17-f5d7-41bc-86bd-d3683be60571@group-4C5AFB650534: set configuration 0: [02a54e17-f5d7-41bc-86bd-d3683be60571:192.168.30.13:38404], old=null at 0
2019-09-26 11:01:23,291 [21851714-a306-49cf-b784-d62ce38d388a@group-A23FFE267B13-SegmentedRaftLogWorker] INFO  segmented.SegmentedRaftLogWorker (SegmentedRaftLogWorker.java:execute(569)) - 21851714-a306-49cf-b784-d62ce38d388a@group-A23FFE267B13-SegmentedRaftLogWorker: created new log segment /workdir/hadoop-ozone/tools/target/test-dir/MiniOzoneClusterImpl-42425eb2-f371-46f3-bb0b-2c68b0fa2a97/datanode-3/data/ratis/dba25ea9-f843-43a5-87f8-a23ffe267b13/current/log_inprogress_0
2019-09-26 11:01:23,291 [bffaef1c-5345-42b9-b6d0-3a6335242d0a@group-80B70C94E78C:LeaderElection18] INFO  impl.LeaderElection (LeaderElection.java:askForVotes(182)) - bffaef1c-5345-42b9-b6d0-3a6335242d0a@group-80B70C94E78C:LeaderElection18: begin an election at term 1 for -1: [bffaef1c-5345-42b9-b6d0-3a6335242d0a:192.168.30.13:39026], old=null
2019-09-26 11:01:23,291 [bffaef1c-5345-42b9-b6d0-3a6335242d0a@group-80B70C94E78C:LeaderElection18] INFO  impl.RoleInfo (RoleInfo.java:shutdownLeaderElection(134)) - bffaef1c-5345-42b9-b6d0-3a6335242d0a: shutdown LeaderElection
2019-09-26 11:01:23,292 [bffaef1c-5345-42b9-b6d0-3a6335242d0a@group-80B70C94E78C:LeaderElection18] INFO  impl.RaftServerImpl (RaftServerImpl.java:setRole(174)) - bffaef1c-5345-42b9-b6d0-3a6335242d0a@group-80B70C94E78C: changes role from CANDIDATE to LEADER at term 1 for changeToLeader
2019-09-26 11:01:23,292 [bffaef1c-5345-42b9-b6d0-3a6335242d0a@group-80B70C94E78C:LeaderElection18] INFO  impl.RaftServerImpl (ServerState.java:setLeader(253)) - bffaef1c-5345-42b9-b6d0-3a6335242d0a@group-80B70C94E78C: change Leader from null to bffaef1c-5345-42b9-b6d0-3a6335242d0a at term 1 for becomeLeader, leader elected after 5063ms
2019-09-26 11:01:23,292 [bffaef1c-5345-42b9-b6d0-3a6335242d0a@group-80B70C94E78C:LeaderElection18] INFO  server.RaftServerConfigKeys (ConfUtils.java:logGet(43)) - raft.server.staging.catchup.gap = 1000 (default)
2019-09-26 11:01:23,292 [bffaef1c-5345-42b9-b6d0-3a6335242d0a@group-80B70C94E78C:LeaderElection18] INFO  server.RaftServerConfigKeys (ConfUtils.java:logGet(43)) - raft.server.rpc.sleep.time = 25ms (default)
2019-09-26 11:01:23,292 [bffaef1c-5345-42b9-b6d0-3a6335242d0a@group-80B70C94E78C:LeaderElection18] INFO  server.RaftServerConfigKeys (ConfUtils.java:logGet(43)) - raft.server.write.element-limit = 4096 (default)
2019-09-26 11:01:23,292 [bffaef1c-5345-42b9-b6d0-3a6335242d0a@group-80B70C94E78C:LeaderElection18] INFO  server.RaftServerConfigKeys (ConfUtils.java:logGet(43)) - raft.server.watch.timeout = 10s (default)
2019-09-26 11:01:23,292 [bffaef1c-5345-42b9-b6d0-3a6335242d0a@group-80B70C94E78C:LeaderElection18] INFO  server.RaftServerConfigKeys (ConfUtils.java:logGet(43)) - raft.server.watch.timeout.denomination = 1s (default)
2019-09-26 11:01:23,292 [bffaef1c-5345-42b9-b6d0-3a6335242d0a@group-80B70C94E78C:LeaderElection18] INFO  server.RaftServerConfigKeys (ConfUtils.java:logGet(43)) - raft.server.watch.element-limit = 65536 (default)
2019-09-26 11:01:23,294 [bffaef1c-5345-42b9-b6d0-3a6335242d0a@group-80B70C94E78C:LeaderElection18] INFO  impl.RoleInfo (RoleInfo.java:updateAndGet(143)) - bffaef1c-5345-42b9-b6d0-3a6335242d0a: start LeaderState
2019-09-26 11:01:23,295 [bffaef1c-5345-42b9-b6d0-3a6335242d0a@group-80B70C94E78C:LeaderElection18] INFO  segmented.SegmentedRaftLogWorker (SegmentedRaftLogWorker.java:startLogSegment(380)) - bffaef1c-5345-42b9-b6d0-3a6335242d0a@group-80B70C94E78C-SegmentedRaftLogWorker: Starting segment from index:0
2019-09-26 11:01:23,295 [bffaef1c-5345-42b9-b6d0-3a6335242d0a@group-80B70C94E78C:LeaderElection18] INFO  impl.RaftServerImpl (ServerState.java:setRaftConf(354)) - bffaef1c-5345-42b9-b6d0-3a6335242d0a@group-80B70C94E78C: set configuration 0: [bffaef1c-5345-42b9-b6d0-3a6335242d0a:192.168.30.13:39026], old=null at 0
2019-09-26 11:01:23,326 [02a54e17-f5d7-41bc-86bd-d3683be60571@group-4C5AFB650534-SegmentedRaftLogWorker] INFO  segmented.SegmentedRaftLogWorker (SegmentedRaftLogWorker.java:execute(569)) - 02a54e17-f5d7-41bc-86bd-d3683be60571@group-4C5AFB650534-SegmentedRaftLogWorker: created new log segment /workdir/hadoop-ozone/tools/target/test-dir/MiniOzoneClusterImpl-42425eb2-f371-46f3-bb0b-2c68b0fa2a97/datanode-2/data/ratis/f214064e-fce8-4d26-aa25-4c5afb650534/current/log_inprogress_0
2019-09-26 11:01:23,326 [Thread-267] INFO  impl.FollowerState (FollowerState.java:run(106)) - 02a54e17-f5d7-41bc-86bd-d3683be60571:group-63F8F90438FE changes to CANDIDATE, lastRpcTime:5147, electionTimeout:5117ms
2019-09-26 11:01:23,326 [Thread-267] INFO  impl.RoleInfo (RoleInfo.java:shutdownFollowerState(121)) - 02a54e17-f5d7-41bc-86bd-d3683be60571: shutdown FollowerState
2019-09-26 11:01:23,326 [Thread-267] INFO  impl.RaftServerImpl (RaftServerImpl.java:setRole(174)) - 02a54e17-f5d7-41bc-86bd-d3683be60571@group-63F8F90438FE: changes role from  FOLLOWER to CANDIDATE at term 0 for changeToCandidate
2019-09-26 11:01:23,327 [Thread-267] INFO  impl.RoleInfo (RoleInfo.java:updateAndGet(143)) - 02a54e17-f5d7-41bc-86bd-d3683be60571: start LeaderElection
2019-09-26 11:01:23,339 [bffaef1c-5345-42b9-b6d0-3a6335242d0a@group-80B70C94E78C-SegmentedRaftLogWorker] INFO  segmented.SegmentedRaftLogWorker (SegmentedRaftLogWorker.java:execute(569)) - bffaef1c-5345-42b9-b6d0-3a6335242d0a@group-80B70C94E78C-SegmentedRaftLogWorker: created new log segment /workdir/hadoop-ozone/tools/target/test-dir/MiniOzoneClusterImpl-42425eb2-f371-46f3-bb0b-2c68b0fa2a97/datanode-1/data/ratis/e920b33d-a03c-488c-92e0-80b70c94e78c/current/log_inprogress_0
2019-09-26 11:01:23,339 [02a54e17-f5d7-41bc-86bd-d3683be60571@group-63F8F90438FE:LeaderElection19] INFO  impl.LeaderElection (LeaderElection.java:askForVotes(182)) - 02a54e17-f5d7-41bc-86bd-d3683be60571@group-63F8F90438FE:LeaderElection19: begin an election at term 1 for -1: [02a54e17-f5d7-41bc-86bd-d3683be60571:192.168.30.13:38404], old=null
2019-09-26 11:01:23,340 [02a54e17-f5d7-41bc-86bd-d3683be60571@group-63F8F90438FE:LeaderElection19] INFO  impl.RoleInfo (RoleInfo.java:shutdownLeaderElection(134)) - 02a54e17-f5d7-41bc-86bd-d3683be60571: shutdown LeaderElection
2019-09-26 11:01:23,340 [02a54e17-f5d7-41bc-86bd-d3683be60571@group-63F8F90438FE:LeaderElection19] INFO  impl.RaftServerImpl (RaftServerImpl.java:setRole(174)) - 02a54e17-f5d7-41bc-86bd-d3683be60571@group-63F8F90438FE: changes role from CANDIDATE to LEADER at term 1 for changeToLeader
2019-09-26 11:01:23,340 [02a54e17-f5d7-41bc-86bd-d3683be60571@group-63F8F90438FE:LeaderElection19] INFO  impl.RaftServerImpl (ServerState.java:setLeader(253)) - 02a54e17-f5d7-41bc-86bd-d3683be60571@group-63F8F90438FE: change Leader from null to 02a54e17-f5d7-41bc-86bd-d3683be60571 at term 1 for becomeLeader, leader elected after 5172ms
2019-09-26 11:01:23,340 [02a54e17-f5d7-41bc-86bd-d3683be60571@group-63F8F90438FE:LeaderElection19] INFO  server.RaftServerConfigKeys (ConfUtils.java:logGet(43)) - raft.server.staging.catchup.gap = 1000 (default)
2019-09-26 11:01:23,340 [02a54e17-f5d7-41bc-86bd-d3683be60571@group-63F8F90438FE:LeaderElection19] INFO  server.RaftServerConfigKeys (ConfUtils.java:logGet(43)) - raft.server.rpc.sleep.time = 25ms (default)
2019-09-26 11:01:23,340 [02a54e17-f5d7-41bc-86bd-d3683be60571@group-63F8F90438FE:LeaderElection19] INFO  server.RaftServerConfigKeys (ConfUtils.java:logGet(43)) - raft.server.write.element-limit = 4096 (default)
2019-09-26 11:01:23,340 [02a54e17-f5d7-41bc-86bd-d3683be60571@group-63F8F90438FE:LeaderElection19] INFO  server.RaftServerConfigKeys (ConfUtils.java:logGet(43)) - raft.server.watch.timeout = 10s (default)
2019-09-26 11:01:23,340 [02a54e17-f5d7-41bc-86bd-d3683be60571@group-63F8F90438FE:LeaderElection19] INFO  server.RaftServerConfigKeys (ConfUtils.java:logGet(43)) - raft.server.watch.timeout.denomination = 1s (default)
2019-09-26 11:01:23,340 [02a54e17-f5d7-41bc-86bd-d3683be60571@group-63F8F90438FE:LeaderElection19] INFO  server.RaftServerConfigKeys (ConfUtils.java:logGet(43)) - raft.server.watch.element-limit = 65536 (default)
2019-09-26 11:01:23,342 [02a54e17-f5d7-41bc-86bd-d3683be60571@group-63F8F90438FE:LeaderElection19] INFO  impl.RoleInfo (RoleInfo.java:updateAndGet(143)) - 02a54e17-f5d7-41bc-86bd-d3683be60571: start LeaderState
2019-09-26 11:01:23,342 [02a54e17-f5d7-41bc-86bd-d3683be60571@group-63F8F90438FE:LeaderElection19] INFO  segmented.SegmentedRaftLogWorker (SegmentedRaftLogWorker.java:startLogSegment(380)) - 02a54e17-f5d7-41bc-86bd-d3683be60571@group-63F8F90438FE-SegmentedRaftLogWorker: Starting segment from index:0
2019-09-26 11:01:23,343 [02a54e17-f5d7-41bc-86bd-d3683be60571@group-63F8F90438FE:LeaderElection19] INFO  impl.RaftServerImpl (ServerState.java:setRaftConf(354)) - 02a54e17-f5d7-41bc-86bd-d3683be60571@group-63F8F90438FE: set configuration 0: [02a54e17-f5d7-41bc-86bd-d3683be60571:192.168.30.13:38404], old=null at 0
2019-09-26 11:01:23,394 [02a54e17-f5d7-41bc-86bd-d3683be60571@group-63F8F90438FE-SegmentedRaftLogWorker] INFO  segmented.SegmentedRaftLogWorker (SegmentedRaftLogWorker.java:execute(569)) - 02a54e17-f5d7-41bc-86bd-d3683be60571@group-63F8F90438FE-SegmentedRaftLogWorker: created new log segment /workdir/hadoop-ozone/tools/target/test-dir/MiniOzoneClusterImpl-42425eb2-f371-46f3-bb0b-2c68b0fa2a97/datanode-2/data/ratis/4d008729-d509-4939-94cc-63f8f90438fe/current/log_inprogress_0
2019-09-26 11:01:23,404 [Thread-273] INFO  impl.FollowerState (FollowerState.java:run(106)) - bffaef1c-5345-42b9-b6d0-3a6335242d0a:group-12CC0BEB3B6F changes to CANDIDATE, lastRpcTime:5090, electionTimeout:5084ms
2019-09-26 11:01:23,404 [Thread-273] INFO  impl.RoleInfo (RoleInfo.java:shutdownFollowerState(121)) - bffaef1c-5345-42b9-b6d0-3a6335242d0a: shutdown FollowerState
2019-09-26 11:01:23,404 [Thread-273] INFO  impl.RaftServerImpl (RaftServerImpl.java:setRole(174)) - bffaef1c-5345-42b9-b6d0-3a6335242d0a@group-12CC0BEB3B6F: changes role from  FOLLOWER to CANDIDATE at term 0 for changeToCandidate
2019-09-26 11:01:23,405 [Thread-273] INFO  impl.RoleInfo (RoleInfo.java:updateAndGet(143)) - bffaef1c-5345-42b9-b6d0-3a6335242d0a: start LeaderElection
2019-09-26 11:01:23,436 [bffaef1c-5345-42b9-b6d0-3a6335242d0a@group-12CC0BEB3B6F:LeaderElection20] INFO  impl.LeaderElection (LeaderElection.java:askForVotes(182)) - bffaef1c-5345-42b9-b6d0-3a6335242d0a@group-12CC0BEB3B6F:LeaderElection20: begin an election at term 1 for -1: [bffaef1c-5345-42b9-b6d0-3a6335242d0a:192.168.30.13:39026], old=null
2019-09-26 11:01:23,436 [bffaef1c-5345-42b9-b6d0-3a6335242d0a@group-12CC0BEB3B6F:LeaderElection20] INFO  impl.RoleInfo (RoleInfo.java:shutdownLeaderElection(134)) - bffaef1c-5345-42b9-b6d0-3a6335242d0a: shutdown LeaderElection
2019-09-26 11:01:23,437 [bffaef1c-5345-42b9-b6d0-3a6335242d0a@group-12CC0BEB3B6F:LeaderElection20] INFO  impl.RaftServerImpl (RaftServerImpl.java:setRole(174)) - bffaef1c-5345-42b9-b6d0-3a6335242d0a@group-12CC0BEB3B6F: changes role from CANDIDATE to LEADER at term 1 for changeToLeader
2019-09-26 11:01:23,437 [bffaef1c-5345-42b9-b6d0-3a6335242d0a@group-12CC0BEB3B6F:LeaderElection20] INFO  impl.RaftServerImpl (ServerState.java:setLeader(253)) - bffaef1c-5345-42b9-b6d0-3a6335242d0a@group-12CC0BEB3B6F: change Leader from null to bffaef1c-5345-42b9-b6d0-3a6335242d0a at term 1 for becomeLeader, leader elected after 5131ms
2019-09-26 11:01:23,437 [bffaef1c-5345-42b9-b6d0-3a6335242d0a@group-12CC0BEB3B6F:LeaderElection20] INFO  server.RaftServerConfigKeys (ConfUtils.java:logGet(43)) - raft.server.staging.catchup.gap = 1000 (default)
2019-09-26 11:01:23,437 [bffaef1c-5345-42b9-b6d0-3a6335242d0a@group-12CC0BEB3B6F:LeaderElection20] INFO  server.RaftServerConfigKeys (ConfUtils.java:logGet(43)) - raft.server.rpc.sleep.time = 25ms (default)
2019-09-26 11:01:23,437 [bffaef1c-5345-42b9-b6d0-3a6335242d0a@group-12CC0BEB3B6F:LeaderElection20] INFO  server.RaftServerConfigKeys (ConfUtils.java:logGet(43)) - raft.server.write.element-limit = 4096 (default)
2019-09-26 11:01:23,438 [bffaef1c-5345-42b9-b6d0-3a6335242d0a@group-12CC0BEB3B6F:LeaderElection20] INFO  server.RaftServerConfigKeys (ConfUtils.java:logGet(43)) - raft.server.watch.timeout = 10s (default)
2019-09-26 11:01:23,438 [bffaef1c-5345-42b9-b6d0-3a6335242d0a@group-12CC0BEB3B6F:LeaderElection20] INFO  server.RaftServerConfigKeys (ConfUtils.java:logGet(43)) - raft.server.watch.timeout.denomination = 1s (default)
2019-09-26 11:01:23,438 [bffaef1c-5345-42b9-b6d0-3a6335242d0a@group-12CC0BEB3B6F:LeaderElection20] INFO  server.RaftServerConfigKeys (ConfUtils.java:logGet(43)) - raft.server.watch.element-limit = 65536 (default)
2019-09-26 11:01:23,441 [bffaef1c-5345-42b9-b6d0-3a6335242d0a@group-12CC0BEB3B6F:LeaderElection20] INFO  impl.RoleInfo (RoleInfo.java:updateAndGet(143)) - bffaef1c-5345-42b9-b6d0-3a6335242d0a: start LeaderState
2019-09-26 11:01:23,441 [bffaef1c-5345-42b9-b6d0-3a6335242d0a@group-12CC0BEB3B6F:LeaderElection20] INFO  segmented.SegmentedRaftLogWorker (SegmentedRaftLogWorker.java:startLogSegment(380)) - bffaef1c-5345-42b9-b6d0-3a6335242d0a@group-12CC0BEB3B6F-SegmentedRaftLogWorker: Starting segment from index:0
2019-09-26 11:01:23,442 [bffaef1c-5345-42b9-b6d0-3a6335242d0a@group-12CC0BEB3B6F:LeaderElection20] INFO  impl.RaftServerImpl (ServerState.java:setRaftConf(354)) - bffaef1c-5345-42b9-b6d0-3a6335242d0a@group-12CC0BEB3B6F: set configuration 0: [bffaef1c-5345-42b9-b6d0-3a6335242d0a:192.168.30.13:39026], old=null at 0
2019-09-26 11:01:23,506 [bffaef1c-5345-42b9-b6d0-3a6335242d0a@group-12CC0BEB3B6F-SegmentedRaftLogWorker] INFO  segmented.SegmentedRaftLogWorker (SegmentedRaftLogWorker.java:execute(569)) - bffaef1c-5345-42b9-b6d0-3a6335242d0a@group-12CC0BEB3B6F-SegmentedRaftLogWorker: created new log segment /workdir/hadoop-ozone/tools/target/test-dir/MiniOzoneClusterImpl-42425eb2-f371-46f3-bb0b-2c68b0fa2a97/datanode-1/data/ratis/0362fa19-d8e5-4aa9-ad2a-12cc0beb3b6f/current/log_inprogress_0
2019-09-26 11:01:23,555 [Thread-276] INFO  impl.FollowerState (FollowerState.java:run(106)) - f1b27ee7-0671-41a8-9e25-617c44580f9f:group-76D21720363D changes to CANDIDATE, lastRpcTime:5159, electionTimeout:5159ms
2019-09-26 11:01:23,556 [Thread-276] INFO  impl.RoleInfo (RoleInfo.java:shutdownFollowerState(121)) - f1b27ee7-0671-41a8-9e25-617c44580f9f: shutdown FollowerState
2019-09-26 11:01:23,556 [Thread-276] INFO  impl.RaftServerImpl (RaftServerImpl.java:setRole(174)) - f1b27ee7-0671-41a8-9e25-617c44580f9f@group-76D21720363D: changes role from  FOLLOWER to CANDIDATE at term 0 for changeToCandidate
2019-09-26 11:01:23,556 [Thread-276] INFO  impl.RoleInfo (RoleInfo.java:updateAndGet(143)) - f1b27ee7-0671-41a8-9e25-617c44580f9f: start LeaderElection
2019-09-26 11:01:23,571 [f1b27ee7-0671-41a8-9e25-617c44580f9f@group-76D21720363D:LeaderElection21] INFO  impl.LeaderElection (LeaderElection.java:askForVotes(182)) - f1b27ee7-0671-41a8-9e25-617c44580f9f@group-76D21720363D:LeaderElection21: begin an election at term 1 for -1: [f1b27ee7-0671-41a8-9e25-617c44580f9f:192.168.30.13:39028], old=null
2019-09-26 11:01:23,572 [f1b27ee7-0671-41a8-9e25-617c44580f9f@group-76D21720363D:LeaderElection21] INFO  impl.RoleInfo (RoleInfo.java:shutdownLeaderElection(134)) - f1b27ee7-0671-41a8-9e25-617c44580f9f: shutdown LeaderElection
2019-09-26 11:01:23,572 [f1b27ee7-0671-41a8-9e25-617c44580f9f@group-76D21720363D:LeaderElection21] INFO  impl.RaftServerImpl (RaftServerImpl.java:setRole(174)) - f1b27ee7-0671-41a8-9e25-617c44580f9f@group-76D21720363D: changes role from CANDIDATE to LEADER at term 1 for changeToLeader
2019-09-26 11:01:23,572 [f1b27ee7-0671-41a8-9e25-617c44580f9f@group-76D21720363D:LeaderElection21] INFO  impl.RaftServerImpl (ServerState.java:setLeader(253)) - f1b27ee7-0671-41a8-9e25-617c44580f9f@group-76D21720363D: change Leader from null to f1b27ee7-0671-41a8-9e25-617c44580f9f at term 1 for becomeLeader, leader elected after 5184ms
2019-09-26 11:01:23,572 [f1b27ee7-0671-41a8-9e25-617c44580f9f@group-76D21720363D:LeaderElection21] INFO  server.RaftServerConfigKeys (ConfUtils.java:logGet(43)) - raft.server.staging.catchup.gap = 1000 (default)
2019-09-26 11:01:23,572 [f1b27ee7-0671-41a8-9e25-617c44580f9f@group-76D21720363D:LeaderElection21] INFO  server.RaftServerConfigKeys (ConfUtils.java:logGet(43)) - raft.server.rpc.sleep.time = 25ms (default)
2019-09-26 11:01:23,573 [f1b27ee7-0671-41a8-9e25-617c44580f9f@group-76D21720363D:LeaderElection21] INFO  server.RaftServerConfigKeys (ConfUtils.java:logGet(43)) - raft.server.write.element-limit = 4096 (default)
2019-09-26 11:01:23,573 [f1b27ee7-0671-41a8-9e25-617c44580f9f@group-76D21720363D:LeaderElection21] INFO  server.RaftServerConfigKeys (ConfUtils.java:logGet(43)) - raft.server.watch.timeout = 10s (default)
2019-09-26 11:01:23,573 [f1b27ee7-0671-41a8-9e25-617c44580f9f@group-76D21720363D:LeaderElection21] INFO  server.RaftServerConfigKeys (ConfUtils.java:logGet(43)) - raft.server.watch.timeout.denomination = 1s (default)
2019-09-26 11:01:23,573 [f1b27ee7-0671-41a8-9e25-617c44580f9f@group-76D21720363D:LeaderElection21] INFO  server.RaftServerConfigKeys (ConfUtils.java:logGet(43)) - raft.server.watch.element-limit = 65536 (default)
2019-09-26 11:01:23,576 [f1b27ee7-0671-41a8-9e25-617c44580f9f@group-76D21720363D:LeaderElection21] INFO  impl.RoleInfo (RoleInfo.java:updateAndGet(143)) - f1b27ee7-0671-41a8-9e25-617c44580f9f: start LeaderState
2019-09-26 11:01:23,576 [f1b27ee7-0671-41a8-9e25-617c44580f9f@group-76D21720363D:LeaderElection21] INFO  segmented.SegmentedRaftLogWorker (SegmentedRaftLogWorker.java:startLogSegment(380)) - f1b27ee7-0671-41a8-9e25-617c44580f9f@group-76D21720363D-SegmentedRaftLogWorker: Starting segment from index:0
2019-09-26 11:01:23,577 [f1b27ee7-0671-41a8-9e25-617c44580f9f@group-76D21720363D:LeaderElection21] INFO  impl.RaftServerImpl (ServerState.java:setRaftConf(354)) - f1b27ee7-0671-41a8-9e25-617c44580f9f@group-76D21720363D: set configuration 0: [f1b27ee7-0671-41a8-9e25-617c44580f9f:192.168.30.13:39028], old=null at 0
2019-09-26 11:01:23,624 [f1b27ee7-0671-41a8-9e25-617c44580f9f@group-76D21720363D-SegmentedRaftLogWorker] INFO  segmented.SegmentedRaftLogWorker (SegmentedRaftLogWorker.java:execute(569)) - f1b27ee7-0671-41a8-9e25-617c44580f9f@group-76D21720363D-SegmentedRaftLogWorker: created new log segment /workdir/hadoop-ozone/tools/target/test-dir/MiniOzoneClusterImpl-42425eb2-f371-46f3-bb0b-2c68b0fa2a97/datanode-4/data/ratis/bde29175-f6ab-4ace-8d4b-76d21720363d/current/log_inprogress_0
2019-09-26 11:01:24,050 [Thread-279] INFO  impl.FollowerState (FollowerState.java:run(106)) - 5ef5b40b-6668-4f90-a5de-67c965602eb0:group-D0B47440275A changes to CANDIDATE, lastRpcTime:5132, electionTimeout:5132ms
2019-09-26 11:01:24,051 [Thread-279] INFO  impl.RoleInfo (RoleInfo.java:shutdownFollowerState(121)) - 5ef5b40b-6668-4f90-a5de-67c965602eb0: shutdown FollowerState
2019-09-26 11:01:24,051 [Thread-279] INFO  impl.RaftServerImpl (RaftServerImpl.java:setRole(174)) - 5ef5b40b-6668-4f90-a5de-67c965602eb0@group-D0B47440275A: changes role from  FOLLOWER to CANDIDATE at term 0 for changeToCandidate
2019-09-26 11:01:24,051 [Thread-279] INFO  impl.RoleInfo (RoleInfo.java:updateAndGet(143)) - 5ef5b40b-6668-4f90-a5de-67c965602eb0: start LeaderElection
2019-09-26 11:01:24,062 [Thread-282] INFO  impl.FollowerState (FollowerState.java:run(106)) - 02a54e17-f5d7-41bc-86bd-d3683be60571:group-81A302B84DCB changes to CANDIDATE, lastRpcTime:5089, electionTimeout:5089ms
2019-09-26 11:01:24,063 [Thread-282] INFO  impl.RoleInfo (RoleInfo.java:shutdownFollowerState(121)) - 02a54e17-f5d7-41bc-86bd-d3683be60571: shutdown FollowerState
2019-09-26 11:01:24,063 [Thread-282] INFO  impl.RaftServerImpl (RaftServerImpl.java:setRole(174)) - 02a54e17-f5d7-41bc-86bd-d3683be60571@group-81A302B84DCB: changes role from  FOLLOWER to CANDIDATE at term 0 for changeToCandidate
2019-09-26 11:01:24,063 [Thread-282] INFO  impl.RoleInfo (RoleInfo.java:updateAndGet(143)) - 02a54e17-f5d7-41bc-86bd-d3683be60571: start LeaderElection
2019-09-26 11:01:24,067 [5ef5b40b-6668-4f90-a5de-67c965602eb0@group-D0B47440275A:LeaderElection22] INFO  impl.LeaderElection (LeaderElection.java:askForVotes(182)) - 5ef5b40b-6668-4f90-a5de-67c965602eb0@group-D0B47440275A:LeaderElection22: begin an election at term 1 for -1: [5ef5b40b-6668-4f90-a5de-67c965602eb0:192.168.30.13:39653], old=null
2019-09-26 11:01:24,067 [5ef5b40b-6668-4f90-a5de-67c965602eb0@group-D0B47440275A:LeaderElection22] INFO  impl.RoleInfo (RoleInfo.java:shutdownLeaderElection(134)) - 5ef5b40b-6668-4f90-a5de-67c965602eb0: shutdown LeaderElection
2019-09-26 11:01:24,068 [5ef5b40b-6668-4f90-a5de-67c965602eb0@group-D0B47440275A:LeaderElection22] INFO  impl.RaftServerImpl (RaftServerImpl.java:setRole(174)) - 5ef5b40b-6668-4f90-a5de-67c965602eb0@group-D0B47440275A: changes role from CANDIDATE to LEADER at term 1 for changeToLeader
2019-09-26 11:01:24,068 [5ef5b40b-6668-4f90-a5de-67c965602eb0@group-D0B47440275A:LeaderElection22] INFO  impl.RaftServerImpl (ServerState.java:setLeader(253)) - 5ef5b40b-6668-4f90-a5de-67c965602eb0@group-D0B47440275A: change Leader from null to 5ef5b40b-6668-4f90-a5de-67c965602eb0 at term 1 for becomeLeader, leader elected after 5157ms
2019-09-26 11:01:24,068 [5ef5b40b-6668-4f90-a5de-67c965602eb0@group-D0B47440275A:LeaderElection22] INFO  server.RaftServerConfigKeys (ConfUtils.java:logGet(43)) - raft.server.staging.catchup.gap = 1000 (default)
2019-09-26 11:01:24,068 [5ef5b40b-6668-4f90-a5de-67c965602eb0@group-D0B47440275A:LeaderElection22] INFO  server.RaftServerConfigKeys (ConfUtils.java:logGet(43)) - raft.server.rpc.sleep.time = 25ms (default)
2019-09-26 11:01:24,068 [5ef5b40b-6668-4f90-a5de-67c965602eb0@group-D0B47440275A:LeaderElection22] INFO  server.RaftServerConfigKeys (ConfUtils.java:logGet(43)) - raft.server.write.element-limit = 4096 (default)
2019-09-26 11:01:24,069 [5ef5b40b-6668-4f90-a5de-67c965602eb0@group-D0B47440275A:LeaderElection22] INFO  server.RaftServerConfigKeys (ConfUtils.java:logGet(43)) - raft.server.watch.timeout = 10s (default)
2019-09-26 11:01:24,069 [5ef5b40b-6668-4f90-a5de-67c965602eb0@group-D0B47440275A:LeaderElection22] INFO  server.RaftServerConfigKeys (ConfUtils.java:logGet(43)) - raft.server.watch.timeout.denomination = 1s (default)
2019-09-26 11:01:24,069 [02a54e17-f5d7-41bc-86bd-d3683be60571@group-81A302B84DCB:LeaderElection23] INFO  impl.LeaderElection (LeaderElection.java:askForVotes(182)) - 02a54e17-f5d7-41bc-86bd-d3683be60571@group-81A302B84DCB:LeaderElection23: begin an election at term 1 for -1: [02a54e17-f5d7-41bc-86bd-d3683be60571:192.168.30.13:38404], old=null
2019-09-26 11:01:24,069 [5ef5b40b-6668-4f90-a5de-67c965602eb0@group-D0B47440275A:LeaderElection22] INFO  server.RaftServerConfigKeys (ConfUtils.java:logGet(43)) - raft.server.watch.element-limit = 65536 (default)
2019-09-26 11:01:24,069 [02a54e17-f5d7-41bc-86bd-d3683be60571@group-81A302B84DCB:LeaderElection23] INFO  impl.RoleInfo (RoleInfo.java:shutdownLeaderElection(134)) - 02a54e17-f5d7-41bc-86bd-d3683be60571: shutdown LeaderElection
2019-09-26 11:01:24,070 [02a54e17-f5d7-41bc-86bd-d3683be60571@group-81A302B84DCB:LeaderElection23] INFO  impl.RaftServerImpl (RaftServerImpl.java:setRole(174)) - 02a54e17-f5d7-41bc-86bd-d3683be60571@group-81A302B84DCB: changes role from CANDIDATE to LEADER at term 1 for changeToLeader
2019-09-26 11:01:24,070 [02a54e17-f5d7-41bc-86bd-d3683be60571@group-81A302B84DCB:LeaderElection23] INFO  impl.RaftServerImpl (ServerState.java:setLeader(253)) - 02a54e17-f5d7-41bc-86bd-d3683be60571@group-81A302B84DCB: change Leader from null to 02a54e17-f5d7-41bc-86bd-d3683be60571 at term 1 for becomeLeader, leader elected after 5102ms
2019-09-26 11:01:24,070 [02a54e17-f5d7-41bc-86bd-d3683be60571@group-81A302B84DCB:LeaderElection23] INFO  server.RaftServerConfigKeys (ConfUtils.java:logGet(43)) - raft.server.staging.catchup.gap = 1000 (default)
2019-09-26 11:01:24,070 [02a54e17-f5d7-41bc-86bd-d3683be60571@group-81A302B84DCB:LeaderElection23] INFO  server.RaftServerConfigKeys (ConfUtils.java:logGet(43)) - raft.server.rpc.sleep.time = 25ms (default)
2019-09-26 11:01:24,070 [02a54e17-f5d7-41bc-86bd-d3683be60571@group-81A302B84DCB:LeaderElection23] INFO  server.RaftServerConfigKeys (ConfUtils.java:logGet(43)) - raft.server.write.element-limit = 4096 (default)
2019-09-26 11:01:24,070 [02a54e17-f5d7-41bc-86bd-d3683be60571@group-81A302B84DCB:LeaderElection23] INFO  server.RaftServerConfigKeys (ConfUtils.java:logGet(43)) - raft.server.watch.timeout = 10s (default)
2019-09-26 11:01:24,071 [02a54e17-f5d7-41bc-86bd-d3683be60571@group-81A302B84DCB:LeaderElection23] INFO  server.RaftServerConfigKeys (ConfUtils.java:logGet(43)) - raft.server.watch.timeout.denomination = 1s (default)
2019-09-26 11:01:24,071 [02a54e17-f5d7-41bc-86bd-d3683be60571@group-81A302B84DCB:LeaderElection23] INFO  server.RaftServerConfigKeys (ConfUtils.java:logGet(43)) - raft.server.watch.element-limit = 65536 (default)
2019-09-26 11:01:24,073 [5ef5b40b-6668-4f90-a5de-67c965602eb0@group-D0B47440275A:LeaderElection22] INFO  impl.RoleInfo (RoleInfo.java:updateAndGet(143)) - 5ef5b40b-6668-4f90-a5de-67c965602eb0: start LeaderState
2019-09-26 11:01:24,073 [5ef5b40b-6668-4f90-a5de-67c965602eb0@group-D0B47440275A:LeaderElection22] INFO  segmented.SegmentedRaftLogWorker (SegmentedRaftLogWorker.java:startLogSegment(380)) - 5ef5b40b-6668-4f90-a5de-67c965602eb0@group-D0B47440275A-SegmentedRaftLogWorker: Starting segment from index:0
2019-09-26 11:01:24,074 [02a54e17-f5d7-41bc-86bd-d3683be60571@group-81A302B84DCB:LeaderElection23] INFO  impl.RoleInfo (RoleInfo.java:updateAndGet(143)) - 02a54e17-f5d7-41bc-86bd-d3683be60571: start LeaderState
2019-09-26 11:01:24,074 [5ef5b40b-6668-4f90-a5de-67c965602eb0@group-D0B47440275A:LeaderElection22] INFO  impl.RaftServerImpl (ServerState.java:setRaftConf(354)) - 5ef5b40b-6668-4f90-a5de-67c965602eb0@group-D0B47440275A: set configuration 0: [5ef5b40b-6668-4f90-a5de-67c965602eb0:192.168.30.13:39653], old=null at 0
2019-09-26 11:01:24,074 [02a54e17-f5d7-41bc-86bd-d3683be60571@group-81A302B84DCB:LeaderElection23] INFO  segmented.SegmentedRaftLogWorker (SegmentedRaftLogWorker.java:startLogSegment(380)) - 02a54e17-f5d7-41bc-86bd-d3683be60571@group-81A302B84DCB-SegmentedRaftLogWorker: Starting segment from index:0
2019-09-26 11:01:24,115 [02a54e17-f5d7-41bc-86bd-d3683be60571@group-81A302B84DCB:LeaderElection23] INFO  impl.RaftServerImpl (ServerState.java:setRaftConf(354)) - 02a54e17-f5d7-41bc-86bd-d3683be60571@group-81A302B84DCB: set configuration 0: [02a54e17-f5d7-41bc-86bd-d3683be60571:192.168.30.13:38404], old=null at 0
2019-09-26 11:01:24,158 [5ef5b40b-6668-4f90-a5de-67c965602eb0@group-D0B47440275A-SegmentedRaftLogWorker] INFO  segmented.SegmentedRaftLogWorker (SegmentedRaftLogWorker.java:execute(569)) - 5ef5b40b-6668-4f90-a5de-67c965602eb0@group-D0B47440275A-SegmentedRaftLogWorker: created new log segment /workdir/hadoop-ozone/tools/target/test-dir/MiniOzoneClusterImpl-42425eb2-f371-46f3-bb0b-2c68b0fa2a97/datanode-0/data/ratis/a0a048d1-9075-4fd1-9acf-d0b47440275a/current/log_inprogress_0
2019-09-26 11:01:24,165 [Thread-285] INFO  impl.FollowerState (FollowerState.java:run(106)) - 5ef5b40b-6668-4f90-a5de-67c965602eb0:group-0E111D46291E changes to CANDIDATE, lastRpcTime:5138, electionTimeout:5138ms
2019-09-26 11:01:24,165 [Thread-285] INFO  impl.RoleInfo (RoleInfo.java:shutdownFollowerState(121)) - 5ef5b40b-6668-4f90-a5de-67c965602eb0: shutdown FollowerState
2019-09-26 11:01:24,166 [Thread-285] INFO  impl.RaftServerImpl (RaftServerImpl.java:setRole(174)) - 5ef5b40b-6668-4f90-a5de-67c965602eb0@group-0E111D46291E: changes role from  FOLLOWER to CANDIDATE at term 0 for changeToCandidate
2019-09-26 11:01:24,166 [Thread-285] INFO  impl.RoleInfo (RoleInfo.java:updateAndGet(143)) - 5ef5b40b-6668-4f90-a5de-67c965602eb0: start LeaderElection
2019-09-26 11:01:24,169 [Thread-288] INFO  impl.FollowerState (FollowerState.java:run(106)) - 21851714-a306-49cf-b784-d62ce38d388a:group-BE4FE1F4ABEA changes to CANDIDATE, lastRpcTime:5088, electionTimeout:5088ms
2019-09-26 11:01:24,169 [Thread-288] INFO  impl.RoleInfo (RoleInfo.java:shutdownFollowerState(121)) - 21851714-a306-49cf-b784-d62ce38d388a: shutdown FollowerState
2019-09-26 11:01:24,170 [Thread-288] INFO  impl.RaftServerImpl (RaftServerImpl.java:setRole(174)) - 21851714-a306-49cf-b784-d62ce38d388a@group-BE4FE1F4ABEA: changes role from  FOLLOWER to CANDIDATE at term 0 for changeToCandidate
2019-09-26 11:01:24,170 [Thread-288] INFO  impl.RoleInfo (RoleInfo.java:updateAndGet(143)) - 21851714-a306-49cf-b784-d62ce38d388a: start LeaderElection
2019-09-26 11:01:24,170 [02a54e17-f5d7-41bc-86bd-d3683be60571@group-81A302B84DCB-SegmentedRaftLogWorker] INFO  segmented.SegmentedRaftLogWorker (SegmentedRaftLogWorker.java:execute(569)) - 02a54e17-f5d7-41bc-86bd-d3683be60571@group-81A302B84DCB-SegmentedRaftLogWorker: created new log segment /workdir/hadoop-ozone/tools/target/test-dir/MiniOzoneClusterImpl-42425eb2-f371-46f3-bb0b-2c68b0fa2a97/datanode-2/data/ratis/9d111769-cc2a-497f-a218-81a302b84dcb/current/log_inprogress_0
2019-09-26 11:01:24,172 [5ef5b40b-6668-4f90-a5de-67c965602eb0@group-0E111D46291E:LeaderElection24] INFO  impl.LeaderElection (LeaderElection.java:askForVotes(182)) - 5ef5b40b-6668-4f90-a5de-67c965602eb0@group-0E111D46291E:LeaderElection24: begin an election at term 1 for -1: [5ef5b40b-6668-4f90-a5de-67c965602eb0:192.168.30.13:39653], old=null
2019-09-26 11:01:24,173 [5ef5b40b-6668-4f90-a5de-67c965602eb0@group-0E111D46291E:LeaderElection24] INFO  impl.RoleInfo (RoleInfo.java:shutdownLeaderElection(134)) - 5ef5b40b-6668-4f90-a5de-67c965602eb0: shutdown LeaderElection
2019-09-26 11:01:24,173 [5ef5b40b-6668-4f90-a5de-67c965602eb0@group-0E111D46291E:LeaderElection24] INFO  impl.RaftServerImpl (RaftServerImpl.java:setRole(174)) - 5ef5b40b-6668-4f90-a5de-67c965602eb0@group-0E111D46291E: changes role from CANDIDATE to LEADER at term 1 for changeToLeader
2019-09-26 11:01:24,173 [5ef5b40b-6668-4f90-a5de-67c965602eb0@group-0E111D46291E:LeaderElection24] INFO  impl.RaftServerImpl (ServerState.java:setLeader(253)) - 5ef5b40b-6668-4f90-a5de-67c965602eb0@group-0E111D46291E: change Leader from null to 5ef5b40b-6668-4f90-a5de-67c965602eb0 at term 1 for becomeLeader, leader elected after 5153ms
2019-09-26 11:01:24,173 [5ef5b40b-6668-4f90-a5de-67c965602eb0@group-0E111D46291E:LeaderElection24] INFO  server.RaftServerConfigKeys (ConfUtils.java:logGet(43)) - raft.server.staging.catchup.gap = 1000 (default)
2019-09-26 11:01:24,173 [5ef5b40b-6668-4f90-a5de-67c965602eb0@group-0E111D46291E:LeaderElection24] INFO  server.RaftServerConfigKeys (ConfUtils.java:logGet(43)) - raft.server.rpc.sleep.time = 25ms (default)
2019-09-26 11:01:24,173 [5ef5b40b-6668-4f90-a5de-67c965602eb0@group-0E111D46291E:LeaderElection24] INFO  server.RaftServerConfigKeys (ConfUtils.java:logGet(43)) - raft.server.write.element-limit = 4096 (default)
2019-09-26 11:01:24,174 [5ef5b40b-6668-4f90-a5de-67c965602eb0@group-0E111D46291E:LeaderElection24] INFO  server.RaftServerConfigKeys (ConfUtils.java:logGet(43)) - raft.server.watch.timeout = 10s (default)
2019-09-26 11:01:24,174 [5ef5b40b-6668-4f90-a5de-67c965602eb0@group-0E111D46291E:LeaderElection24] INFO  server.RaftServerConfigKeys (ConfUtils.java:logGet(43)) - raft.server.watch.timeout.denomination = 1s (default)
2019-09-26 11:01:24,174 [5ef5b40b-6668-4f90-a5de-67c965602eb0@group-0E111D46291E:LeaderElection24] INFO  server.RaftServerConfigKeys (ConfUtils.java:logGet(43)) - raft.server.watch.element-limit = 65536 (default)
 100.00% |█████████████████████████████████████████████████████████████████████████████████████████████████████|  1/1 Time: 0:00:06
2019-09-26 11:01:24,178 [5ef5b40b-6668-4f90-a5de-67c965602eb0@group-0E111D46291E:LeaderElection24] INFO  impl.RoleInfo (RoleInfo.java:updateAndGet(143)) - 5ef5b40b-6668-4f90-a5de-67c965602eb0: start LeaderState
2019-09-26 11:01:24,179 [5ef5b40b-6668-4f90-a5de-67c965602eb0@group-0E111D46291E:LeaderElection24] INFO  segmented.SegmentedRaftLogWorker (SegmentedRaftLogWorker.java:startLogSegment(380)) - 5ef5b40b-6668-4f90-a5de-67c965602eb0@group-0E111D46291E-SegmentedRaftLogWorker: Starting segment from index:0
2019-09-26 11:01:24,179 [5ef5b40b-6668-4f90-a5de-67c965602eb0@group-0E111D46291E:LeaderElection24] INFO  impl.RaftServerImpl (ServerState.java:setRaftConf(354)) - 5ef5b40b-6668-4f90-a5de-67c965602eb0@group-0E111D46291E: set configuration 0: [5ef5b40b-6668-4f90-a5de-67c965602eb0:192.168.30.13:39653], old=null at 0
2019-09-26 11:01:24,221 [Thread-295] INFO  impl.FollowerState (FollowerState.java:run(106)) - bffaef1c-5345-42b9-b6d0-3a6335242d0a:group-809A4960A397 changes to CANDIDATE, lastRpcTime:5034, electionTimeout:5029ms
2019-09-26 11:01:24,222 [Thread-295] INFO  impl.RoleInfo (RoleInfo.java:shutdownFollowerState(121)) - bffaef1c-5345-42b9-b6d0-3a6335242d0a: shutdown FollowerState
2019-09-26 11:01:24,222 [Thread-295] INFO  impl.RaftServerImpl (RaftServerImpl.java:setRole(174)) - bffaef1c-5345-42b9-b6d0-3a6335242d0a@group-809A4960A397: changes role from  FOLLOWER to CANDIDATE at term 0 for changeToCandidate
2019-09-26 11:01:24,222 [Thread-295] INFO  impl.RoleInfo (RoleInfo.java:updateAndGet(143)) - bffaef1c-5345-42b9-b6d0-3a6335242d0a: start LeaderElection
2019-09-26 11:01:24,222 [21851714-a306-49cf-b784-d62ce38d388a@group-BE4FE1F4ABEA:LeaderElection25] INFO  impl.LeaderElection (LeaderElection.java:askForVotes(182)) - 21851714-a306-49cf-b784-d62ce38d388a@group-BE4FE1F4ABEA:LeaderElection25: begin an election at term 1 for -1: [21851714-a306-49cf-b784-d62ce38d388a:192.168.30.13:39761], old=null
2019-09-26 11:01:24,222 [21851714-a306-49cf-b784-d62ce38d388a@group-BE4FE1F4ABEA:LeaderElection25] INFO  impl.RoleInfo (RoleInfo.java:shutdownLeaderElection(134)) - 21851714-a306-49cf-b784-d62ce38d388a: shutdown LeaderElection
2019-09-26 11:01:24,223 [21851714-a306-49cf-b784-d62ce38d388a@group-BE4FE1F4ABEA:LeaderElection25] INFO  impl.RaftServerImpl (RaftServerImpl.java:setRole(174)) - 21851714-a306-49cf-b784-d62ce38d388a@group-BE4FE1F4ABEA: changes role from CANDIDATE to LEADER at term 1 for changeToLeader
2019-09-26 11:01:24,223 [21851714-a306-49cf-b784-d62ce38d388a@group-BE4FE1F4ABEA:LeaderElection25] INFO  impl.RaftServerImpl (ServerState.java:setLeader(253)) - 21851714-a306-49cf-b784-d62ce38d388a@group-BE4FE1F4ABEA: change Leader from null to 21851714-a306-49cf-b784-d62ce38d388a at term 1 for becomeLeader, leader elected after 5150ms
2019-09-26 11:01:24,225 [21851714-a306-49cf-b784-d62ce38d388a@group-BE4FE1F4ABEA:LeaderElection25] INFO  server.RaftServerConfigKeys (ConfUtils.java:logGet(43)) - raft.server.staging.catchup.gap = 1000 (default)
2019-09-26 11:01:24,225 [21851714-a306-49cf-b784-d62ce38d388a@group-BE4FE1F4ABEA:LeaderElection25] INFO  server.RaftServerConfigKeys (ConfUtils.java:logGet(43)) - raft.server.rpc.sleep.time = 25ms (default)
2019-09-26 11:01:24,225 [21851714-a306-49cf-b784-d62ce38d388a@group-BE4FE1F4ABEA:LeaderElection25] INFO  server.RaftServerConfigKeys (ConfUtils.java:logGet(43)) - raft.server.write.element-limit = 4096 (default)
2019-09-26 11:01:24,226 [21851714-a306-49cf-b784-d62ce38d388a@group-BE4FE1F4ABEA:LeaderElection25] INFO  server.RaftServerConfigKeys (ConfUtils.java:logGet(43)) - raft.server.watch.timeout = 10s (default)
2019-09-26 11:01:24,226 [21851714-a306-49cf-b784-d62ce38d388a@group-BE4FE1F4ABEA:LeaderElection25] INFO  server.RaftServerConfigKeys (ConfUtils.java:logGet(43)) - raft.server.watch.timeout.denomination = 1s (default)
2019-09-26 11:01:24,226 [21851714-a306-49cf-b784-d62ce38d388a@group-BE4FE1F4ABEA:LeaderElection25] INFO  server.RaftServerConfigKeys (ConfUtils.java:logGet(43)) - raft.server.watch.element-limit = 65536 (default)
2019-09-26 11:01:24,229 [21851714-a306-49cf-b784-d62ce38d388a@group-BE4FE1F4ABEA:LeaderElection25] INFO  impl.RoleInfo (RoleInfo.java:updateAndGet(143)) - 21851714-a306-49cf-b784-d62ce38d388a: start LeaderState
2019-09-26 11:01:24,229 [21851714-a306-49cf-b784-d62ce38d388a@group-BE4FE1F4ABEA:LeaderElection25] INFO  segmented.SegmentedRaftLogWorker (SegmentedRaftLogWorker.java:startLogSegment(380)) - 21851714-a306-49cf-b784-d62ce38d388a@group-BE4FE1F4ABEA-SegmentedRaftLogWorker: Starting segment from index:0
2019-09-26 11:01:24,230 [21851714-a306-49cf-b784-d62ce38d388a@group-BE4FE1F4ABEA:LeaderElection25] INFO  impl.RaftServerImpl (ServerState.java:setRaftConf(354)) - 21851714-a306-49cf-b784-d62ce38d388a@group-BE4FE1F4ABEA: set configuration 0: [21851714-a306-49cf-b784-d62ce38d388a:192.168.30.13:39761], old=null at 0
2019-09-26 11:01:24,271 [Thread-298] INFO  impl.FollowerState (FollowerState.java:run(106)) - f1b27ee7-0671-41a8-9e25-617c44580f9f:group-22D8FF4DBCDB changes to CANDIDATE, lastRpcTime:5028, electionTimeout:5019ms
2019-09-26 11:01:24,271 [5ef5b40b-6668-4f90-a5de-67c965602eb0@group-0E111D46291E-SegmentedRaftLogWorker] INFO  segmented.SegmentedRaftLogWorker (SegmentedRaftLogWorker.java:execute(569)) - 5ef5b40b-6668-4f90-a5de-67c965602eb0@group-0E111D46291E-SegmentedRaftLogWorker: created new log segment /workdir/hadoop-ozone/tools/target/test-dir/MiniOzoneClusterImpl-42425eb2-f371-46f3-bb0b-2c68b0fa2a97/datanode-0/data/ratis/d8d4b359-307b-4577-a381-0e111d46291e/current/log_inprogress_0
2019-09-26 11:01:24,271 [Thread-292] INFO  impl.FollowerState (FollowerState.java:run(106)) - bffaef1c-5345-42b9-b6d0-3a6335242d0a:group-4E823036F440 changes to CANDIDATE, lastRpcTime:5136, electionTimeout:5096ms
2019-09-26 11:01:24,271 [Thread-298] INFO  impl.RoleInfo (RoleInfo.java:shutdownFollowerState(121)) - f1b27ee7-0671-41a8-9e25-617c44580f9f: shutdown FollowerState
2019-09-26 11:01:24,271 [bffaef1c-5345-42b9-b6d0-3a6335242d0a@group-809A4960A397:LeaderElection26] INFO  impl.LeaderElection (LeaderElection.java:askForVotes(182)) - bffaef1c-5345-42b9-b6d0-3a6335242d0a@group-809A4960A397:LeaderElection26: begin an election at term 1 for -1: [bffaef1c-5345-42b9-b6d0-3a6335242d0a:192.168.30.13:39026], old=null
2019-09-26 11:01:24,272 [Thread-298] INFO  impl.RaftServerImpl (RaftServerImpl.java:setRole(174)) - f1b27ee7-0671-41a8-9e25-617c44580f9f@group-22D8FF4DBCDB: changes role from  FOLLOWER to CANDIDATE at term 0 for changeToCandidate
2019-09-26 11:01:24,272 [Thread-292] INFO  impl.RoleInfo (RoleInfo.java:shutdownFollowerState(121)) - bffaef1c-5345-42b9-b6d0-3a6335242d0a: shutdown FollowerState
2019-09-26 11:01:24,272 [bffaef1c-5345-42b9-b6d0-3a6335242d0a@group-809A4960A397:LeaderElection26] INFO  impl.RoleInfo (RoleInfo.java:shutdownLeaderElection(134)) - bffaef1c-5345-42b9-b6d0-3a6335242d0a: shutdown LeaderElection
2019-09-26 11:01:24,272 [Thread-298] INFO  impl.RoleInfo (RoleInfo.java:updateAndGet(143)) - f1b27ee7-0671-41a8-9e25-617c44580f9f: start LeaderElection
2019-09-26 11:01:24,272 [Thread-292] INFO  impl.RaftServerImpl (RaftServerImpl.java:setRole(174)) - bffaef1c-5345-42b9-b6d0-3a6335242d0a@group-4E823036F440: changes role from  FOLLOWER to CANDIDATE at term 0 for changeToCandidate
2019-09-26 11:01:24,272 [bffaef1c-5345-42b9-b6d0-3a6335242d0a@group-809A4960A397:LeaderElection26] INFO  impl.RaftServerImpl (RaftServerImpl.java:setRole(174)) - bffaef1c-5345-42b9-b6d0-3a6335242d0a@group-809A4960A397: changes role from CANDIDATE to LEADER at term 1 for changeToLeader
2019-09-26 11:01:24,272 [Thread-292] INFO  impl.RoleInfo (RoleInfo.java:updateAndGet(143)) - bffaef1c-5345-42b9-b6d0-3a6335242d0a: start LeaderElection
2019-09-26 11:01:24,272 [bffaef1c-5345-42b9-b6d0-3a6335242d0a@group-809A4960A397:LeaderElection26] INFO  impl.RaftServerImpl (ServerState.java:setLeader(253)) - bffaef1c-5345-42b9-b6d0-3a6335242d0a@group-809A4960A397: change Leader from null to bffaef1c-5345-42b9-b6d0-3a6335242d0a at term 1 for becomeLeader, leader elected after 5092ms
2019-09-26 11:01:24,275 [bffaef1c-5345-42b9-b6d0-3a6335242d0a@group-809A4960A397:LeaderElection26] INFO  server.RaftServerConfigKeys (ConfUtils.java:logGet(43)) - raft.server.staging.catchup.gap = 1000 (default)
2019-09-26 11:01:24,276 [bffaef1c-5345-42b9-b6d0-3a6335242d0a@group-809A4960A397:LeaderElection26] INFO  server.RaftServerConfigKeys (ConfUtils.java:logGet(43)) - raft.server.rpc.sleep.time = 25ms (default)
2019-09-26 11:01:24,277 [bffaef1c-5345-42b9-b6d0-3a6335242d0a@group-809A4960A397:LeaderElection26] INFO  server.RaftServerConfigKeys (ConfUtils.java:logGet(43)) - raft.server.write.element-limit = 4096 (default)
2019-09-26 11:01:24,277 [bffaef1c-5345-42b9-b6d0-3a6335242d0a@group-809A4960A397:LeaderElection26] INFO  server.RaftServerConfigKeys (ConfUtils.java:logGet(43)) - raft.server.watch.timeout = 10s (default)
2019-09-26 11:01:24,277 [bffaef1c-5345-42b9-b6d0-3a6335242d0a@group-809A4960A397:LeaderElection26] INFO  server.RaftServerConfigKeys (ConfUtils.java:logGet(43)) - raft.server.watch.timeout.denomination = 1s (default)
2019-09-26 11:01:24,277 [bffaef1c-5345-42b9-b6d0-3a6335242d0a@group-809A4960A397:LeaderElection26] INFO  server.RaftServerConfigKeys (ConfUtils.java:logGet(43)) - raft.server.watch.element-limit = 65536 (default)
2019-09-26 11:01:24,280 [bffaef1c-5345-42b9-b6d0-3a6335242d0a@group-809A4960A397:LeaderElection26] INFO  impl.RoleInfo (RoleInfo.java:updateAndGet(143)) - bffaef1c-5345-42b9-b6d0-3a6335242d0a: start LeaderState
2019-09-26 11:01:24,280 [bffaef1c-5345-42b9-b6d0-3a6335242d0a@group-809A4960A397:LeaderElection26] INFO  segmented.SegmentedRaftLogWorker (SegmentedRaftLogWorker.java:startLogSegment(380)) - bffaef1c-5345-42b9-b6d0-3a6335242d0a@group-809A4960A397-SegmentedRaftLogWorker: Starting segment from index:0
2019-09-26 11:01:24,281 [bffaef1c-5345-42b9-b6d0-3a6335242d0a@group-809A4960A397:LeaderElection26] INFO  impl.RaftServerImpl (ServerState.java:setRaftConf(354)) - bffaef1c-5345-42b9-b6d0-3a6335242d0a@group-809A4960A397: set configuration 0: [bffaef1c-5345-42b9-b6d0-3a6335242d0a:192.168.30.13:39026], old=null at 0
2019-09-26 11:01:24,316 [21851714-a306-49cf-b784-d62ce38d388a@group-BE4FE1F4ABEA-SegmentedRaftLogWorker] INFO  segmented.SegmentedRaftLogWorker (SegmentedRaftLogWorker.java:execute(569)) - 21851714-a306-49cf-b784-d62ce38d388a@group-BE4FE1F4ABEA-SegmentedRaftLogWorker: created new log segment /workdir/hadoop-ozone/tools/target/test-dir/MiniOzoneClusterImpl-42425eb2-f371-46f3-bb0b-2c68b0fa2a97/datanode-3/data/ratis/76e1e188-7b6b-40f0-bb6f-be4fe1f4abea/current/log_inprogress_0
2019-09-26 11:01:24,316 [bffaef1c-5345-42b9-b6d0-3a6335242d0a@group-4E823036F440:LeaderElection28] INFO  impl.LeaderElection (LeaderElection.java:askForVotes(182)) - bffaef1c-5345-42b9-b6d0-3a6335242d0a@group-4E823036F440:LeaderElection28: begin an election at term 1 for -1: [bffaef1c-5345-42b9-b6d0-3a6335242d0a:192.168.30.13:39026], old=null
2019-09-26 11:01:24,316 [f1b27ee7-0671-41a8-9e25-617c44580f9f@group-22D8FF4DBCDB:LeaderElection27] INFO  impl.LeaderElection (LeaderElection.java:askForVotes(182)) - f1b27ee7-0671-41a8-9e25-617c44580f9f@group-22D8FF4DBCDB:LeaderElection27: begin an election at term 1 for -1: [f1b27ee7-0671-41a8-9e25-617c44580f9f:192.168.30.13:39028], old=null
2019-09-26 11:01:24,316 [bffaef1c-5345-42b9-b6d0-3a6335242d0a@group-4E823036F440:LeaderElection28] INFO  impl.RoleInfo (RoleInfo.java:shutdownLeaderElection(134)) - bffaef1c-5345-42b9-b6d0-3a6335242d0a: shutdown LeaderElection
2019-09-26 11:01:24,317 [f1b27ee7-0671-41a8-9e25-617c44580f9f@group-22D8FF4DBCDB:LeaderElection27] INFO  impl.RoleInfo (RoleInfo.java:shutdownLeaderElection(134)) - f1b27ee7-0671-41a8-9e25-617c44580f9f: shutdown LeaderElection
2019-09-26 11:01:24,317 [bffaef1c-5345-42b9-b6d0-3a6335242d0a@group-4E823036F440:LeaderElection28] INFO  impl.RaftServerImpl (RaftServerImpl.java:setRole(174)) - bffaef1c-5345-42b9-b6d0-3a6335242d0a@group-4E823036F440: changes role from CANDIDATE to LEADER at term 1 for changeToLeader
2019-09-26 11:01:24,317 [f1b27ee7-0671-41a8-9e25-617c44580f9f@group-22D8FF4DBCDB:LeaderElection27] INFO  impl.RaftServerImpl (RaftServerImpl.java:setRole(174)) - f1b27ee7-0671-41a8-9e25-617c44580f9f@group-22D8FF4DBCDB: changes role from CANDIDATE to LEADER at term 1 for changeToLeader
2019-09-26 11:01:24,317 [bffaef1c-5345-42b9-b6d0-3a6335242d0a@group-4E823036F440:LeaderElection28] INFO  impl.RaftServerImpl (ServerState.java:setLeader(253)) - bffaef1c-5345-42b9-b6d0-3a6335242d0a@group-4E823036F440: change Leader from null to bffaef1c-5345-42b9-b6d0-3a6335242d0a at term 1 for becomeLeader, leader elected after 5191ms
2019-09-26 11:01:24,317 [f1b27ee7-0671-41a8-9e25-617c44580f9f@group-22D8FF4DBCDB:LeaderElection27] INFO  impl.RaftServerImpl (ServerState.java:setLeader(253)) - f1b27ee7-0671-41a8-9e25-617c44580f9f@group-22D8FF4DBCDB: change Leader from null to f1b27ee7-0671-41a8-9e25-617c44580f9f at term 1 for becomeLeader, leader elected after 5081ms
2019-09-26 11:01:24,317 [bffaef1c-5345-42b9-b6d0-3a6335242d0a@group-4E823036F440:LeaderElection28] INFO  server.RaftServerConfigKeys (ConfUtils.java:logGet(43)) - raft.server.staging.catchup.gap = 1000 (default)
2019-09-26 11:01:24,317 [f1b27ee7-0671-41a8-9e25-617c44580f9f@group-22D8FF4DBCDB:LeaderElection27] INFO  server.RaftServerConfigKeys (ConfUtils.java:logGet(43)) - raft.server.staging.catchup.gap = 1000 (default)
2019-09-26 11:01:24,317 [bffaef1c-5345-42b9-b6d0-3a6335242d0a@group-4E823036F440:LeaderElection28] INFO  server.RaftServerConfigKeys (ConfUtils.java:logGet(43)) - raft.server.rpc.sleep.time = 25ms (default)
2019-09-26 11:01:24,318 [f1b27ee7-0671-41a8-9e25-617c44580f9f@group-22D8FF4DBCDB:LeaderElection27] INFO  server.RaftServerConfigKeys (ConfUtils.java:logGet(43)) - raft.server.rpc.sleep.time = 25ms (default)
2019-09-26 11:01:24,318 [Thread-301] INFO  impl.FollowerState (FollowerState.java:run(106)) - 21851714-a306-49cf-b784-d62ce38d388a:group-17B7C7CAA4AB changes to CANDIDATE, lastRpcTime:5018, electionTimeout:5018ms
2019-09-26 11:01:24,318 [f1b27ee7-0671-41a8-9e25-617c44580f9f@group-22D8FF4DBCDB:LeaderElection27] INFO  server.RaftServerConfigKeys (ConfUtils.java:logGet(43)) - raft.server.write.element-limit = 4096 (default)
2019-09-26 11:01:24,318 [Thread-301] INFO  impl.RoleInfo (RoleInfo.java:shutdownFollowerState(121)) - 21851714-a306-49cf-b784-d62ce38d388a: shutdown FollowerState
2019-09-26 11:01:24,318 [bffaef1c-5345-42b9-b6d0-3a6335242d0a@group-4E823036F440:LeaderElection28] INFO  server.RaftServerConfigKeys (ConfUtils.java:logGet(43)) - raft.server.write.element-limit = 4096 (default)
2019-09-26 11:01:24,318 [Thread-301] INFO  impl.RaftServerImpl (RaftServerImpl.java:setRole(174)) - 21851714-a306-49cf-b784-d62ce38d388a@group-17B7C7CAA4AB: changes role from  FOLLOWER to CANDIDATE at term 0 for changeToCandidate
2019-09-26 11:01:24,318 [f1b27ee7-0671-41a8-9e25-617c44580f9f@group-22D8FF4DBCDB:LeaderElection27] INFO  server.RaftServerConfigKeys (ConfUtils.java:logGet(43)) - raft.server.watch.timeout = 10s (default)
2019-09-26 11:01:24,319 [Thread-301] INFO  impl.RoleInfo (RoleInfo.java:updateAndGet(143)) - 21851714-a306-49cf-b784-d62ce38d388a: start LeaderElection
2019-09-26 11:01:24,319 [bffaef1c-5345-42b9-b6d0-3a6335242d0a@group-4E823036F440:LeaderElection28] INFO  server.RaftServerConfigKeys (ConfUtils.java:logGet(43)) - raft.server.watch.timeout = 10s (default)
2019-09-26 11:01:24,319 [f1b27ee7-0671-41a8-9e25-617c44580f9f@group-22D8FF4DBCDB:LeaderElection27] INFO  server.RaftServerConfigKeys (ConfUtils.java:logGet(43)) - raft.server.watch.timeout.denomination = 1s (default)
2019-09-26 11:01:24,319 [bffaef1c-5345-42b9-b6d0-3a6335242d0a@group-4E823036F440:LeaderElection28] INFO  server.RaftServerConfigKeys (ConfUtils.java:logGet(43)) - raft.server.watch.timeout.denomination = 1s (default)
2019-09-26 11:01:24,320 [f1b27ee7-0671-41a8-9e25-617c44580f9f@group-22D8FF4DBCDB:LeaderElection27] INFO  server.RaftServerConfigKeys (ConfUtils.java:logGet(43)) - raft.server.watch.element-limit = 65536 (default)
2019-09-26 11:01:24,321 [bffaef1c-5345-42b9-b6d0-3a6335242d0a@group-4E823036F440:LeaderElection28] INFO  server.RaftServerConfigKeys (ConfUtils.java:logGet(43)) - raft.server.watch.element-limit = 65536 (default)
2019-09-26 11:01:24,325 [f1b27ee7-0671-41a8-9e25-617c44580f9f@group-22D8FF4DBCDB:LeaderElection27] INFO  impl.RoleInfo (RoleInfo.java:updateAndGet(143)) - f1b27ee7-0671-41a8-9e25-617c44580f9f: start LeaderState
2019-09-26 11:01:24,325 [bffaef1c-5345-42b9-b6d0-3a6335242d0a@group-4E823036F440:LeaderElection28] INFO  impl.RoleInfo (RoleInfo.java:updateAndGet(143)) - bffaef1c-5345-42b9-b6d0-3a6335242d0a: start LeaderState
2019-09-26 11:01:24,325 [f1b27ee7-0671-41a8-9e25-617c44580f9f@group-22D8FF4DBCDB:LeaderElection27] INFO  segmented.SegmentedRaftLogWorker (SegmentedRaftLogWorker.java:startLogSegment(380)) - f1b27ee7-0671-41a8-9e25-617c44580f9f@group-22D8FF4DBCDB-SegmentedRaftLogWorker: Starting segment from index:0
2019-09-26 11:01:24,325 [bffaef1c-5345-42b9-b6d0-3a6335242d0a@group-4E823036F440:LeaderElection28] INFO  segmented.SegmentedRaftLogWorker (SegmentedRaftLogWorker.java:startLogSegment(380)) - bffaef1c-5345-42b9-b6d0-3a6335242d0a@group-4E823036F440-SegmentedRaftLogWorker: Starting segment from index:0
2019-09-26 11:01:24,326 [f1b27ee7-0671-41a8-9e25-617c44580f9f@group-22D8FF4DBCDB:LeaderElection27] INFO  impl.RaftServerImpl (ServerState.java:setRaftConf(354)) - f1b27ee7-0671-41a8-9e25-617c44580f9f@group-22D8FF4DBCDB: set configuration 0: [f1b27ee7-0671-41a8-9e25-617c44580f9f:192.168.30.13:39028], old=null at 0
2019-09-26 11:01:24,369 [bffaef1c-5345-42b9-b6d0-3a6335242d0a@group-809A4960A397-SegmentedRaftLogWorker] INFO  segmented.SegmentedRaftLogWorker (SegmentedRaftLogWorker.java:execute(569)) - bffaef1c-5345-42b9-b6d0-3a6335242d0a@group-809A4960A397-SegmentedRaftLogWorker: created new log segment /workdir/hadoop-ozone/tools/target/test-dir/MiniOzoneClusterImpl-42425eb2-f371-46f3-bb0b-2c68b0fa2a97/datanode-1/data/ratis/0d37f723-2bcd-4524-adbe-809a4960a397/current/log_inprogress_0
2019-09-26 11:01:24,369 [bffaef1c-5345-42b9-b6d0-3a6335242d0a@group-4E823036F440:LeaderElection28] INFO  impl.RaftServerImpl (ServerState.java:setRaftConf(354)) - bffaef1c-5345-42b9-b6d0-3a6335242d0a@group-4E823036F440: set configuration 0: [bffaef1c-5345-42b9-b6d0-3a6335242d0a:192.168.30.13:39026], old=null at 0
2019-09-26 11:01:24,369 [21851714-a306-49cf-b784-d62ce38d388a@group-17B7C7CAA4AB:LeaderElection29] INFO  impl.LeaderElection (LeaderElection.java:askForVotes(182)) - 21851714-a306-49cf-b784-d62ce38d388a@group-17B7C7CAA4AB:LeaderElection29: begin an election at term 1 for -1: [21851714-a306-49cf-b784-d62ce38d388a:192.168.30.13:39761], old=null
2019-09-26 11:01:24,373 [21851714-a306-49cf-b784-d62ce38d388a@group-17B7C7CAA4AB:LeaderElection29] INFO  impl.RoleInfo (RoleInfo.java:shutdownLeaderElection(134)) - 21851714-a306-49cf-b784-d62ce38d388a: shutdown LeaderElection
2019-09-26 11:01:24,373 [21851714-a306-49cf-b784-d62ce38d388a@group-17B7C7CAA4AB:LeaderElection29] INFO  impl.RaftServerImpl (RaftServerImpl.java:setRole(174)) - 21851714-a306-49cf-b784-d62ce38d388a@group-17B7C7CAA4AB: changes role from CANDIDATE to LEADER at term 1 for changeToLeader
2019-09-26 11:01:24,373 [21851714-a306-49cf-b784-d62ce38d388a@group-17B7C7CAA4AB:LeaderElection29] INFO  impl.RaftServerImpl (ServerState.java:setLeader(253)) - 21851714-a306-49cf-b784-d62ce38d388a@group-17B7C7CAA4AB: change Leader from null to 21851714-a306-49cf-b784-d62ce38d388a at term 1 for becomeLeader, leader elected after 5082ms
2019-09-26 11:01:24,374 [21851714-a306-49cf-b784-d62ce38d388a@group-17B7C7CAA4AB:LeaderElection29] INFO  server.RaftServerConfigKeys (ConfUtils.java:logGet(43)) - raft.server.staging.catchup.gap = 1000 (default)
2019-09-26 11:01:24,374 [21851714-a306-49cf-b784-d62ce38d388a@group-17B7C7CAA4AB:LeaderElection29] INFO  server.RaftServerConfigKeys (ConfUtils.java:logGet(43)) - raft.server.rpc.sleep.time = 25ms (default)
2019-09-26 11:01:24,374 [21851714-a306-49cf-b784-d62ce38d388a@group-17B7C7CAA4AB:LeaderElection29] INFO  server.RaftServerConfigKeys (ConfUtils.java:logGet(43)) - raft.server.write.element-limit = 4096 (default)
2019-09-26 11:01:24,374 [21851714-a306-49cf-b784-d62ce38d388a@group-17B7C7CAA4AB:LeaderElection29] INFO  server.RaftServerConfigKeys (ConfUtils.java:logGet(43)) - raft.server.watch.timeout = 10s (default)
2019-09-26 11:01:24,374 [21851714-a306-49cf-b784-d62ce38d388a@group-17B7C7CAA4AB:LeaderElection29] INFO  server.RaftServerConfigKeys (ConfUtils.java:logGet(43)) - raft.server.watch.timeout.denomination = 1s (default)
2019-09-26 11:01:24,374 [21851714-a306-49cf-b784-d62ce38d388a@group-17B7C7CAA4AB:LeaderElection29] INFO  server.RaftServerConfigKeys (ConfUtils.java:logGet(43)) - raft.server.watch.element-limit = 65536 (default)
2019-09-26 11:01:24,377 [21851714-a306-49cf-b784-d62ce38d388a@group-17B7C7CAA4AB:LeaderElection29] INFO  impl.RoleInfo (RoleInfo.java:updateAndGet(143)) - 21851714-a306-49cf-b784-d62ce38d388a: start LeaderState
2019-09-26 11:01:24,377 [21851714-a306-49cf-b784-d62ce38d388a@group-17B7C7CAA4AB:LeaderElection29] INFO  segmented.SegmentedRaftLogWorker (SegmentedRaftLogWorker.java:startLogSegment(380)) - 21851714-a306-49cf-b784-d62ce38d388a@group-17B7C7CAA4AB-SegmentedRaftLogWorker: Starting segment from index:0
2019-09-26 11:01:24,378 [21851714-a306-49cf-b784-d62ce38d388a@group-17B7C7CAA4AB:LeaderElection29] INFO  impl.RaftServerImpl (ServerState.java:setRaftConf(354)) - 21851714-a306-49cf-b784-d62ce38d388a@group-17B7C7CAA4AB: set configuration 0: [21851714-a306-49cf-b784-d62ce38d388a:192.168.30.13:39761], old=null at 0
2019-09-26 11:01:24,420 [bffaef1c-5345-42b9-b6d0-3a6335242d0a@group-4E823036F440-SegmentedRaftLogWorker] INFO  segmented.SegmentedRaftLogWorker (SegmentedRaftLogWorker.java:execute(569)) - bffaef1c-5345-42b9-b6d0-3a6335242d0a@group-4E823036F440-SegmentedRaftLogWorker: created new log segment /workdir/hadoop-ozone/tools/target/test-dir/MiniOzoneClusterImpl-42425eb2-f371-46f3-bb0b-2c68b0fa2a97/datanode-1/data/ratis/4f2f39aa-c9b3-48dd-a5a5-4e823036f440/current/log_inprogress_0
2019-09-26 11:01:24,420 [f1b27ee7-0671-41a8-9e25-617c44580f9f@group-22D8FF4DBCDB-SegmentedRaftLogWorker] INFO  segmented.SegmentedRaftLogWorker (SegmentedRaftLogWorker.java:execute(569)) - f1b27ee7-0671-41a8-9e25-617c44580f9f@group-22D8FF4DBCDB-SegmentedRaftLogWorker: created new log segment /workdir/hadoop-ozone/tools/target/test-dir/MiniOzoneClusterImpl-42425eb2-f371-46f3-bb0b-2c68b0fa2a97/datanode-4/data/ratis/3464df78-0a52-4e2d-af4f-22d8ff4dbcdb/current/log_inprogress_0
2019-09-26 11:01:24,432 [21851714-a306-49cf-b784-d62ce38d388a@group-17B7C7CAA4AB-SegmentedRaftLogWorker] INFO  segmented.SegmentedRaftLogWorker (SegmentedRaftLogWorker.java:execute(569)) - 21851714-a306-49cf-b784-d62ce38d388a@group-17B7C7CAA4AB-SegmentedRaftLogWorker: created new log segment /workdir/hadoop-ozone/tools/target/test-dir/MiniOzoneClusterImpl-42425eb2-f371-46f3-bb0b-2c68b0fa2a97/datanode-3/data/ratis/986b8afd-c51e-4d54-bb71-17b7c7caa4ab/current/log_inprogress_0
2019-09-26 11:01:24,543 [Thread-304] INFO  impl.FollowerState (FollowerState.java:run(106)) - 21851714-a306-49cf-b784-d62ce38d388a:group-407673783DAA changes to CANDIDATE, lastRpcTime:5195, electionTimeout:5195ms
2019-09-26 11:01:24,544 [Thread-304] INFO  impl.RoleInfo (RoleInfo.java:shutdownFollowerState(121)) - 21851714-a306-49cf-b784-d62ce38d388a: shutdown FollowerState
2019-09-26 11:01:24,544 [Thread-304] INFO  impl.RaftServerImpl (RaftServerImpl.java:setRole(174)) - 21851714-a306-49cf-b784-d62ce38d388a@group-407673783DAA: changes role from  FOLLOWER to CANDIDATE at term 0 for changeToCandidate
2019-09-26 11:01:24,544 [Thread-304] INFO  impl.RoleInfo (RoleInfo.java:updateAndGet(143)) - 21851714-a306-49cf-b784-d62ce38d388a: start LeaderElection
2019-09-26 11:01:24,573 [21851714-a306-49cf-b784-d62ce38d388a@group-407673783DAA:LeaderElection30] INFO  impl.LeaderElection (LeaderElection.java:askForVotes(182)) - 21851714-a306-49cf-b784-d62ce38d388a@group-407673783DAA:LeaderElection30: begin an election at term 1 for -1: [21851714-a306-49cf-b784-d62ce38d388a:192.168.30.13:39761], old=null
2019-09-26 11:01:24,573 [21851714-a306-49cf-b784-d62ce38d388a@group-407673783DAA:LeaderElection30] INFO  impl.RoleInfo (RoleInfo.java:shutdownLeaderElection(134)) - 21851714-a306-49cf-b784-d62ce38d388a: shutdown LeaderElection
2019-09-26 11:01:24,573 [21851714-a306-49cf-b784-d62ce38d388a@group-407673783DAA:LeaderElection30] INFO  impl.RaftServerImpl (RaftServerImpl.java:setRole(174)) - 21851714-a306-49cf-b784-d62ce38d388a@group-407673783DAA: changes role from CANDIDATE to LEADER at term 1 for changeToLeader
2019-09-26 11:01:24,573 [21851714-a306-49cf-b784-d62ce38d388a@group-407673783DAA:LeaderElection30] INFO  impl.RaftServerImpl (ServerState.java:setLeader(253)) - 21851714-a306-49cf-b784-d62ce38d388a@group-407673783DAA: change Leader from null to 21851714-a306-49cf-b784-d62ce38d388a at term 1 for becomeLeader, leader elected after 5230ms
2019-09-26 11:01:24,574 [21851714-a306-49cf-b784-d62ce38d388a@group-407673783DAA:LeaderElection30] INFO  server.RaftServerConfigKeys (ConfUtils.java:logGet(43)) - raft.server.staging.catchup.gap = 1000 (default)
2019-09-26 11:01:24,574 [21851714-a306-49cf-b784-d62ce38d388a@group-407673783DAA:LeaderElection30] INFO  server.RaftServerConfigKeys (ConfUtils.java:logGet(43)) - raft.server.rpc.sleep.time = 25ms (default)
2019-09-26 11:01:24,574 [21851714-a306-49cf-b784-d62ce38d388a@group-407673783DAA:LeaderElection30] INFO  server.RaftServerConfigKeys (ConfUtils.java:logGet(43)) - raft.server.write.element-limit = 4096 (default)
2019-09-26 11:01:24,574 [21851714-a306-49cf-b784-d62ce38d388a@group-407673783DAA:LeaderElection30] INFO  server.RaftServerConfigKeys (ConfUtils.java:logGet(43)) - raft.server.watch.timeout = 10s (default)
2019-09-26 11:01:24,574 [21851714-a306-49cf-b784-d62ce38d388a@group-407673783DAA:LeaderElection30] INFO  server.RaftServerConfigKeys (ConfUtils.java:logGet(43)) - raft.server.watch.timeout.denomination = 1s (default)
2019-09-26 11:01:24,575 [21851714-a306-49cf-b784-d62ce38d388a@group-407673783DAA:LeaderElection30] INFO  server.RaftServerConfigKeys (ConfUtils.java:logGet(43)) - raft.server.watch.element-limit = 65536 (default)
2019-09-26 11:01:24,578 [21851714-a306-49cf-b784-d62ce38d388a@group-407673783DAA:LeaderElection30] INFO  impl.RoleInfo (RoleInfo.java:updateAndGet(143)) - 21851714-a306-49cf-b784-d62ce38d388a: start LeaderState
2019-09-26 11:01:24,578 [21851714-a306-49cf-b784-d62ce38d388a@group-407673783DAA:LeaderElection30] INFO  segmented.SegmentedRaftLogWorker (SegmentedRaftLogWorker.java:startLogSegment(380)) - 21851714-a306-49cf-b784-d62ce38d388a@group-407673783DAA-SegmentedRaftLogWorker: Starting segment from index:0
2019-09-26 11:01:24,579 [21851714-a306-49cf-b784-d62ce38d388a@group-407673783DAA:LeaderElection30] INFO  impl.RaftServerImpl (ServerState.java:setRaftConf(354)) - 21851714-a306-49cf-b784-d62ce38d388a@group-407673783DAA: set configuration 0: [21851714-a306-49cf-b784-d62ce38d388a:192.168.30.13:39761], old=null at 0
2019-09-26 11:01:24,643 [21851714-a306-49cf-b784-d62ce38d388a@group-407673783DAA-SegmentedRaftLogWorker] INFO  segmented.SegmentedRaftLogWorker (SegmentedRaftLogWorker.java:execute(569)) - 21851714-a306-49cf-b784-d62ce38d388a@group-407673783DAA-SegmentedRaftLogWorker: created new log segment /workdir/hadoop-ozone/tools/target/test-dir/MiniOzoneClusterImpl-42425eb2-f371-46f3-bb0b-2c68b0fa2a97/datanode-3/data/ratis/eec89169-ac3b-4511-8e02-407673783daa/current/log_inprogress_0
]]></system-out>
    <system-err><![CDATA[ERROR StatusLogger No Log4j 2 configuration file found. Using default configuration (logging only errors to the console), or user programmatically provided configurations. Set system property 'log4j2.debug' to show Log4j 2 internal initialization logging. See https://logging.apache.org/log4j/2.x/manual/configuration.html for instructions on how to configure Log4j 2
]]></system-err>
  </testcase>
  <testcase name="standaloneTestLargeKey" classname="org.apache.hadoop.ozone.freon.TestDataValidateWithSafeByteOperations" time="10.127">
    <error message="Allocated 0 blocks. Requested 5 blocks" type="INTERNAL_ERROR org.apache.hadoop.ozone.om.exceptions.OMException">INTERNAL_ERROR org.apache.hadoop.ozone.om.exceptions.OMException: Allocated 0 blocks. Requested 5 blocks
	at org.apache.hadoop.ozone.om.protocolPB.OzoneManagerProtocolClientSideTranslatorPB.handleError(OzoneManagerProtocolClientSideTranslatorPB.java:732)
	at org.apache.hadoop.ozone.om.protocolPB.OzoneManagerProtocolClientSideTranslatorPB.openKey(OzoneManagerProtocolClientSideTranslatorPB.java:723)
	at sun.reflect.NativeMethodAccessorImpl.invoke0(Native Method)
	at sun.reflect.NativeMethodAccessorImpl.invoke(NativeMethodAccessorImpl.java:62)
	at sun.reflect.DelegatingMethodAccessorImpl.invoke(DelegatingMethodAccessorImpl.java:43)
	at java.lang.reflect.Method.invoke(Method.java:498)
	at org.apache.hadoop.hdds.tracing.TraceAllMethod.invoke(TraceAllMethod.java:66)
	at com.sun.proxy.$Proxy37.openKey(Unknown Source)
	at org.apache.hadoop.ozone.client.rpc.RpcClient.createKey(RpcClient.java:614)
	at org.apache.hadoop.ozone.client.OzoneBucket.createKey(OzoneBucket.java:325)
	at org.apache.hadoop.ozone.freon.RandomKeyGenerator.createKey(RandomKeyGenerator.java:695)
	at org.apache.hadoop.ozone.freon.RandomKeyGenerator.access$1100(RandomKeyGenerator.java:88)
	at org.apache.hadoop.ozone.freon.RandomKeyGenerator$ObjectCreator.run(RandomKeyGenerator.java:615)
	at java.util.concurrent.Executors$RunnableAdapter.call(Executors.java:511)
	at java.util.concurrent.FutureTask.run(FutureTask.java:266)
	at java.util.concurrent.ThreadPoolExecutor.runWorker(ThreadPoolExecutor.java:1149)
	at java.util.concurrent.ThreadPoolExecutor$Worker.run(ThreadPoolExecutor.java:624)
	at java.lang.Thread.run(Thread.java:748)
</error>
    <system-out><![CDATA[2019-09-26 11:01:28,315 [main] INFO  freon.RandomKeyGenerator (RandomKeyGenerator.java:call(283)) - Number of Threads: 10
2019-09-26 11:01:28,315 [main] INFO  freon.RandomKeyGenerator (RandomKeyGenerator.java:call(288)) - Number of Volumes: 1.
2019-09-26 11:01:28,315 [main] INFO  freon.RandomKeyGenerator (RandomKeyGenerator.java:call(289)) - Number of Buckets per Volume: 1.
2019-09-26 11:01:28,315 [main] INFO  freon.RandomKeyGenerator (RandomKeyGenerator.java:call(290)) - Number of Keys per Bucket: 1.
2019-09-26 11:01:28,315 [main] INFO  freon.RandomKeyGenerator (RandomKeyGenerator.java:call(291)) - Key size: 20971520 bytes
2019-09-26 11:01:28,316 [main] INFO  freon.RandomKeyGenerator (RandomKeyGenerator.java:call(292)) - Buffer size: 4096 bytes
2019-09-26 11:01:28,316 [main] INFO  freon.RandomKeyGenerator (RandomKeyGenerator.java:call(293)) - validateWrites : true
2019-09-26 11:01:28,317 [pool-74-thread-1] INFO  rpc.RpcClient (RpcClient.java:createVolume(276)) - Creating Volume: vol-0-22464, with jenkins1000 as owner.
2019-09-26 11:01:28,317 [main] INFO  freon.RandomKeyGenerator (RandomKeyGenerator.java:call(307)) - Data validation is enabled.
2019-09-26 11:01:28,318 [main] INFO  freon.RandomKeyGenerator (RandomKeyGenerator.java:call(313)) - Starting progress bar Thread.

 0.00% |█                                                                                                    |  0/1 Time: 0:00:002019-09-26 11:01:28,323 [IPC Server handler 13 on 34941] INFO  volume.OMVolumeCreateRequest (OMVolumeCreateRequest.java:validateAndUpdateCache(189)) - created volume:vol-0-22464 for user:jenkins1000
2019-09-26 11:01:28,337 [pool-74-thread-2] INFO  rpc.RpcClient (RpcClient.java:createBucket(415)) - Creating Bucket: vol-0-22464/bucket-0-23434, with Versioning false and Storage Type set to DISK and Encryption set to false 
2019-09-26 11:01:28,351 [IPC Server handler 0 on 33790] INFO  pipeline.PipelinePlacementPolicy (PipelinePlacementPolicy.java:meetCriteria(91)) - Pipeline Placement: can't place more pipeline on heavy datanode： 5ef5b40b-6668-4f90-a5de-67c965602eb0 Heaviness: 6 limit: 5
2019-09-26 11:01:28,351 [IPC Server handler 0 on 33790] INFO  pipeline.PipelinePlacementPolicy (PipelinePlacementPolicy.java:meetCriteria(91)) - Pipeline Placement: can't place more pipeline on heavy datanode： f1b27ee7-0671-41a8-9e25-617c44580f9f Heaviness: 6 limit: 5
2019-09-26 11:01:28,351 [IPC Server handler 0 on 33790] INFO  pipeline.PipelinePlacementPolicy (PipelinePlacementPolicy.java:meetCriteria(91)) - Pipeline Placement: can't place more pipeline on heavy datanode： bffaef1c-5345-42b9-b6d0-3a6335242d0a Heaviness: 6 limit: 5
2019-09-26 11:01:28,351 [IPC Server handler 0 on 33790] INFO  pipeline.PipelinePlacementPolicy (PipelinePlacementPolicy.java:meetCriteria(91)) - Pipeline Placement: can't place more pipeline on heavy datanode： 21851714-a306-49cf-b784-d62ce38d388a Heaviness: 6 limit: 5
2019-09-26 11:01:28,352 [IPC Server handler 0 on 33790] INFO  pipeline.PipelinePlacementPolicy (PipelinePlacementPolicy.java:meetCriteria(91)) - Pipeline Placement: can't place more pipeline on heavy datanode： 02a54e17-f5d7-41bc-86bd-d3683be60571 Heaviness: 6 limit: 5
2019-09-26 11:01:28,352 [IPC Server handler 0 on 33790] ERROR pipeline.PipelinePlacementPolicy (PipelinePlacementPolicy.java:filterViableNodes(148)) - Unable to find enough nodes that meet the criteria that cannot engage in more than 5 pipelines. Nodes required: 3 Found: 0, healthy nodes count inNodeManager: 5.
2019-09-26 11:01:28,352 [IPC Server handler 0 on 33790] ERROR pipeline.SCMPipelineManager (SCMPipelineManager.java:createPipeline(167)) - Pipeline creation failed.
org.apache.hadoop.hdds.scm.exceptions.SCMException: Unable to find enough nodes that meet the criteria that cannot engage in more than 5 pipelines. Nodes required: 3 Found: 0, healthy nodes count inNodeManager: 5.
	at org.apache.hadoop.hdds.scm.pipeline.PipelinePlacementPolicy.filterViableNodes(PipelinePlacementPolicy.java:149)
	at org.apache.hadoop.hdds.scm.pipeline.PipelinePlacementPolicy.chooseDatanodes(PipelinePlacementPolicy.java:172)
	at org.apache.hadoop.hdds.scm.pipeline.RatisPipelineProvider.create(RatisPipelineProvider.java:93)
	at org.apache.hadoop.hdds.scm.pipeline.PipelineFactory.create(PipelineFactory.java:58)
	at org.apache.hadoop.hdds.scm.pipeline.SCMPipelineManager.createPipeline(SCMPipelineManager.java:155)
	at org.apache.hadoop.hdds.scm.block.BlockManagerImpl.allocateBlock(BlockManagerImpl.java:190)
	at org.apache.hadoop.hdds.scm.server.SCMBlockProtocolServer.allocateBlock(SCMBlockProtocolServer.java:182)
	at org.apache.hadoop.ozone.protocolPB.ScmBlockLocationProtocolServerSideTranslatorPB.allocateScmBlock(ScmBlockLocationProtocolServerSideTranslatorPB.java:183)
	at org.apache.hadoop.ozone.protocolPB.ScmBlockLocationProtocolServerSideTranslatorPB.processMessage(ScmBlockLocationProtocolServerSideTranslatorPB.java:141)
	at org.apache.hadoop.ozone.protocolPB.ScmBlockLocationProtocolServerSideTranslatorPB.send(ScmBlockLocationProtocolServerSideTranslatorPB.java:116)
	at org.apache.hadoop.hdds.protocol.proto.ScmBlockLocationProtocolProtos$ScmBlockLocationProtocolService$2.callBlockingMethod(ScmBlockLocationProtocolProtos.java:13157)
	at org.apache.hadoop.ipc.ProtobufRpcEngine$Server$ProtoBufRpcInvoker.call(ProtobufRpcEngine.java:524)
	at org.apache.hadoop.ipc.RPC$Server.call(RPC.java:1025)
	at org.apache.hadoop.ipc.Server$RpcCall.run(Server.java:876)
	at org.apache.hadoop.ipc.Server$RpcCall.run(Server.java:822)
	at java.security.AccessController.doPrivileged(Native Method)
	at javax.security.auth.Subject.doAs(Subject.java:422)
	at org.apache.hadoop.security.UserGroupInformation.doAs(UserGroupInformation.java:1730)
	at org.apache.hadoop.ipc.Server$Handler.run(Server.java:2682)
2019-09-26 11:01:28,355 [IPC Server handler 0 on 33790] WARN  block.BlockManagerImpl (BlockManagerImpl.java:allocateBlock(192)) - Pipeline creation failed for type:RATIS factor:THREE. Retrying get pipelines call once.
org.apache.hadoop.hdds.scm.exceptions.SCMException: Unable to find enough nodes that meet the criteria that cannot engage in more than 5 pipelines. Nodes required: 3 Found: 0, healthy nodes count inNodeManager: 5.
	at org.apache.hadoop.hdds.scm.pipeline.PipelinePlacementPolicy.filterViableNodes(PipelinePlacementPolicy.java:149)
	at org.apache.hadoop.hdds.scm.pipeline.PipelinePlacementPolicy.chooseDatanodes(PipelinePlacementPolicy.java:172)
	at org.apache.hadoop.hdds.scm.pipeline.RatisPipelineProvider.create(RatisPipelineProvider.java:93)
	at org.apache.hadoop.hdds.scm.pipeline.PipelineFactory.create(PipelineFactory.java:58)
	at org.apache.hadoop.hdds.scm.pipeline.SCMPipelineManager.createPipeline(SCMPipelineManager.java:155)
	at org.apache.hadoop.hdds.scm.block.BlockManagerImpl.allocateBlock(BlockManagerImpl.java:190)
	at org.apache.hadoop.hdds.scm.server.SCMBlockProtocolServer.allocateBlock(SCMBlockProtocolServer.java:182)
	at org.apache.hadoop.ozone.protocolPB.ScmBlockLocationProtocolServerSideTranslatorPB.allocateScmBlock(ScmBlockLocationProtocolServerSideTranslatorPB.java:183)
	at org.apache.hadoop.ozone.protocolPB.ScmBlockLocationProtocolServerSideTranslatorPB.processMessage(ScmBlockLocationProtocolServerSideTranslatorPB.java:141)
	at org.apache.hadoop.ozone.protocolPB.ScmBlockLocationProtocolServerSideTranslatorPB.send(ScmBlockLocationProtocolServerSideTranslatorPB.java:116)
	at org.apache.hadoop.hdds.protocol.proto.ScmBlockLocationProtocolProtos$ScmBlockLocationProtocolService$2.callBlockingMethod(ScmBlockLocationProtocolProtos.java:13157)
	at org.apache.hadoop.ipc.ProtobufRpcEngine$Server$ProtoBufRpcInvoker.call(ProtobufRpcEngine.java:524)
	at org.apache.hadoop.ipc.RPC$Server.call(RPC.java:1025)
	at org.apache.hadoop.ipc.Server$RpcCall.run(Server.java:876)
	at org.apache.hadoop.ipc.Server$RpcCall.run(Server.java:822)
	at java.security.AccessController.doPrivileged(Native Method)
	at javax.security.auth.Subject.doAs(Subject.java:422)
	at org.apache.hadoop.security.UserGroupInformation.doAs(UserGroupInformation.java:1730)
	at org.apache.hadoop.ipc.Server$Handler.run(Server.java:2682)
2019-09-26 11:01:28,355 [IPC Server handler 0 on 33790] INFO  block.BlockManagerImpl (BlockManagerImpl.java:allocateBlock(198)) - Could not find available pipeline of type:RATIS and factor:THREE even after retrying
2019-09-26 11:01:28,355 [IPC Server handler 0 on 33790] ERROR block.BlockManagerImpl (BlockManagerImpl.java:allocateBlock(222)) - Unable to allocate a block for the size: 4194304, type: RATIS, factor: THREE
2019-09-26 11:01:28,356 [IPC Server handler 0 on 33790] INFO  pipeline.PipelinePlacementPolicy (PipelinePlacementPolicy.java:meetCriteria(91)) - Pipeline Placement: can't place more pipeline on heavy datanode： 5ef5b40b-6668-4f90-a5de-67c965602eb0 Heaviness: 6 limit: 5
2019-09-26 11:01:28,356 [IPC Server handler 0 on 33790] INFO  pipeline.PipelinePlacementPolicy (PipelinePlacementPolicy.java:meetCriteria(91)) - Pipeline Placement: can't place more pipeline on heavy datanode： f1b27ee7-0671-41a8-9e25-617c44580f9f Heaviness: 6 limit: 5
2019-09-26 11:01:28,356 [IPC Server handler 0 on 33790] INFO  pipeline.PipelinePlacementPolicy (PipelinePlacementPolicy.java:meetCriteria(91)) - Pipeline Placement: can't place more pipeline on heavy datanode： bffaef1c-5345-42b9-b6d0-3a6335242d0a Heaviness: 6 limit: 5
2019-09-26 11:01:28,356 [IPC Server handler 0 on 33790] INFO  pipeline.PipelinePlacementPolicy (PipelinePlacementPolicy.java:meetCriteria(91)) - Pipeline Placement: can't place more pipeline on heavy datanode： 21851714-a306-49cf-b784-d62ce38d388a Heaviness: 6 limit: 5
2019-09-26 11:01:28,356 [IPC Server handler 0 on 33790] INFO  pipeline.PipelinePlacementPolicy (PipelinePlacementPolicy.java:meetCriteria(91)) - Pipeline Placement: can't place more pipeline on heavy datanode： 02a54e17-f5d7-41bc-86bd-d3683be60571 Heaviness: 6 limit: 5
2019-09-26 11:01:28,357 [IPC Server handler 0 on 33790] ERROR pipeline.PipelinePlacementPolicy (PipelinePlacementPolicy.java:filterViableNodes(148)) - Unable to find enough nodes that meet the criteria that cannot engage in more than 5 pipelines. Nodes required: 3 Found: 0, healthy nodes count inNodeManager: 5.
2019-09-26 11:01:28,357 [IPC Server handler 0 on 33790] ERROR pipeline.SCMPipelineManager (SCMPipelineManager.java:createPipeline(167)) - Pipeline creation failed.
org.apache.hadoop.hdds.scm.exceptions.SCMException: Unable to find enough nodes that meet the criteria that cannot engage in more than 5 pipelines. Nodes required: 3 Found: 0, healthy nodes count inNodeManager: 5.
	at org.apache.hadoop.hdds.scm.pipeline.PipelinePlacementPolicy.filterViableNodes(PipelinePlacementPolicy.java:149)
	at org.apache.hadoop.hdds.scm.pipeline.PipelinePlacementPolicy.chooseDatanodes(PipelinePlacementPolicy.java:172)
	at org.apache.hadoop.hdds.scm.pipeline.RatisPipelineProvider.create(RatisPipelineProvider.java:93)
	at org.apache.hadoop.hdds.scm.pipeline.PipelineFactory.create(PipelineFactory.java:58)
	at org.apache.hadoop.hdds.scm.pipeline.SCMPipelineManager.createPipeline(SCMPipelineManager.java:155)
	at org.apache.hadoop.hdds.scm.block.BlockManagerImpl.allocateBlock(BlockManagerImpl.java:190)
	at org.apache.hadoop.hdds.scm.server.SCMBlockProtocolServer.allocateBlock(SCMBlockProtocolServer.java:182)
	at org.apache.hadoop.ozone.protocolPB.ScmBlockLocationProtocolServerSideTranslatorPB.allocateScmBlock(ScmBlockLocationProtocolServerSideTranslatorPB.java:183)
	at org.apache.hadoop.ozone.protocolPB.ScmBlockLocationProtocolServerSideTranslatorPB.processMessage(ScmBlockLocationProtocolServerSideTranslatorPB.java:141)
	at org.apache.hadoop.ozone.protocolPB.ScmBlockLocationProtocolServerSideTranslatorPB.send(ScmBlockLocationProtocolServerSideTranslatorPB.java:116)
	at org.apache.hadoop.hdds.protocol.proto.ScmBlockLocationProtocolProtos$ScmBlockLocationProtocolService$2.callBlockingMethod(ScmBlockLocationProtocolProtos.java:13157)
	at org.apache.hadoop.ipc.ProtobufRpcEngine$Server$ProtoBufRpcInvoker.call(ProtobufRpcEngine.java:524)
	at org.apache.hadoop.ipc.RPC$Server.call(RPC.java:1025)
	at org.apache.hadoop.ipc.Server$RpcCall.run(Server.java:876)
	at org.apache.hadoop.ipc.Server$RpcCall.run(Server.java:822)
	at java.security.AccessController.doPrivileged(Native Method)
	at javax.security.auth.Subject.doAs(Subject.java:422)
	at org.apache.hadoop.security.UserGroupInformation.doAs(UserGroupInformation.java:1730)
	at org.apache.hadoop.ipc.Server$Handler.run(Server.java:2682)
2019-09-26 11:01:28,357 [IPC Server handler 0 on 33790] WARN  block.BlockManagerImpl (BlockManagerImpl.java:allocateBlock(192)) - Pipeline creation failed for type:RATIS factor:THREE. Retrying get pipelines call once.
org.apache.hadoop.hdds.scm.exceptions.SCMException: Unable to find enough nodes that meet the criteria that cannot engage in more than 5 pipelines. Nodes required: 3 Found: 0, healthy nodes count inNodeManager: 5.
	at org.apache.hadoop.hdds.scm.pipeline.PipelinePlacementPolicy.filterViableNodes(PipelinePlacementPolicy.java:149)
	at org.apache.hadoop.hdds.scm.pipeline.PipelinePlacementPolicy.chooseDatanodes(PipelinePlacementPolicy.java:172)
	at org.apache.hadoop.hdds.scm.pipeline.RatisPipelineProvider.create(RatisPipelineProvider.java:93)
	at org.apache.hadoop.hdds.scm.pipeline.PipelineFactory.create(PipelineFactory.java:58)
	at org.apache.hadoop.hdds.scm.pipeline.SCMPipelineManager.createPipeline(SCMPipelineManager.java:155)
	at org.apache.hadoop.hdds.scm.block.BlockManagerImpl.allocateBlock(BlockManagerImpl.java:190)
	at org.apache.hadoop.hdds.scm.server.SCMBlockProtocolServer.allocateBlock(SCMBlockProtocolServer.java:182)
	at org.apache.hadoop.ozone.protocolPB.ScmBlockLocationProtocolServerSideTranslatorPB.allocateScmBlock(ScmBlockLocationProtocolServerSideTranslatorPB.java:183)
	at org.apache.hadoop.ozone.protocolPB.ScmBlockLocationProtocolServerSideTranslatorPB.processMessage(ScmBlockLocationProtocolServerSideTranslatorPB.java:141)
	at org.apache.hadoop.ozone.protocolPB.ScmBlockLocationProtocolServerSideTranslatorPB.send(ScmBlockLocationProtocolServerSideTranslatorPB.java:116)
	at org.apache.hadoop.hdds.protocol.proto.ScmBlockLocationProtocolProtos$ScmBlockLocationProtocolService$2.callBlockingMethod(ScmBlockLocationProtocolProtos.java:13157)
	at org.apache.hadoop.ipc.ProtobufRpcEngine$Server$ProtoBufRpcInvoker.call(ProtobufRpcEngine.java:524)
	at org.apache.hadoop.ipc.RPC$Server.call(RPC.java:1025)
	at org.apache.hadoop.ipc.Server$RpcCall.run(Server.java:876)
	at org.apache.hadoop.ipc.Server$RpcCall.run(Server.java:822)
	at java.security.AccessController.doPrivileged(Native Method)
	at javax.security.auth.Subject.doAs(Subject.java:422)
	at org.apache.hadoop.security.UserGroupInformation.doAs(UserGroupInformation.java:1730)
	at org.apache.hadoop.ipc.Server$Handler.run(Server.java:2682)
2019-09-26 11:01:28,358 [IPC Server handler 0 on 33790] INFO  block.BlockManagerImpl (BlockManagerImpl.java:allocateBlock(198)) - Could not find available pipeline of type:RATIS and factor:THREE even after retrying
2019-09-26 11:01:28,358 [IPC Server handler 0 on 33790] ERROR block.BlockManagerImpl (BlockManagerImpl.java:allocateBlock(222)) - Unable to allocate a block for the size: 4194304, type: RATIS, factor: THREE
2019-09-26 11:01:28,358 [IPC Server handler 0 on 33790] INFO  pipeline.PipelinePlacementPolicy (PipelinePlacementPolicy.java:meetCriteria(91)) - Pipeline Placement: can't place more pipeline on heavy datanode： 5ef5b40b-6668-4f90-a5de-67c965602eb0 Heaviness: 6 limit: 5
2019-09-26 11:01:28,358 [IPC Server handler 0 on 33790] INFO  pipeline.PipelinePlacementPolicy (PipelinePlacementPolicy.java:meetCriteria(91)) - Pipeline Placement: can't place more pipeline on heavy datanode： f1b27ee7-0671-41a8-9e25-617c44580f9f Heaviness: 6 limit: 5
2019-09-26 11:01:28,358 [IPC Server handler 0 on 33790] INFO  pipeline.PipelinePlacementPolicy (PipelinePlacementPolicy.java:meetCriteria(91)) - Pipeline Placement: can't place more pipeline on heavy datanode： bffaef1c-5345-42b9-b6d0-3a6335242d0a Heaviness: 6 limit: 5
2019-09-26 11:01:28,359 [IPC Server handler 0 on 33790] INFO  pipeline.PipelinePlacementPolicy (PipelinePlacementPolicy.java:meetCriteria(91)) - Pipeline Placement: can't place more pipeline on heavy datanode： 21851714-a306-49cf-b784-d62ce38d388a Heaviness: 6 limit: 5
2019-09-26 11:01:28,359 [IPC Server handler 0 on 33790] INFO  pipeline.PipelinePlacementPolicy (PipelinePlacementPolicy.java:meetCriteria(91)) - Pipeline Placement: can't place more pipeline on heavy datanode： 02a54e17-f5d7-41bc-86bd-d3683be60571 Heaviness: 6 limit: 5
2019-09-26 11:01:28,359 [IPC Server handler 0 on 33790] ERROR pipeline.PipelinePlacementPolicy (PipelinePlacementPolicy.java:filterViableNodes(148)) - Unable to find enough nodes that meet the criteria that cannot engage in more than 5 pipelines. Nodes required: 3 Found: 0, healthy nodes count inNodeManager: 5.
2019-09-26 11:01:28,359 [IPC Server handler 0 on 33790] ERROR pipeline.SCMPipelineManager (SCMPipelineManager.java:createPipeline(167)) - Pipeline creation failed.
org.apache.hadoop.hdds.scm.exceptions.SCMException: Unable to find enough nodes that meet the criteria that cannot engage in more than 5 pipelines. Nodes required: 3 Found: 0, healthy nodes count inNodeManager: 5.
	at org.apache.hadoop.hdds.scm.pipeline.PipelinePlacementPolicy.filterViableNodes(PipelinePlacementPolicy.java:149)
	at org.apache.hadoop.hdds.scm.pipeline.PipelinePlacementPolicy.chooseDatanodes(PipelinePlacementPolicy.java:172)
	at org.apache.hadoop.hdds.scm.pipeline.RatisPipelineProvider.create(RatisPipelineProvider.java:93)
	at org.apache.hadoop.hdds.scm.pipeline.PipelineFactory.create(PipelineFactory.java:58)
	at org.apache.hadoop.hdds.scm.pipeline.SCMPipelineManager.createPipeline(SCMPipelineManager.java:155)
	at org.apache.hadoop.hdds.scm.block.BlockManagerImpl.allocateBlock(BlockManagerImpl.java:190)
	at org.apache.hadoop.hdds.scm.server.SCMBlockProtocolServer.allocateBlock(SCMBlockProtocolServer.java:182)
	at org.apache.hadoop.ozone.protocolPB.ScmBlockLocationProtocolServerSideTranslatorPB.allocateScmBlock(ScmBlockLocationProtocolServerSideTranslatorPB.java:183)
	at org.apache.hadoop.ozone.protocolPB.ScmBlockLocationProtocolServerSideTranslatorPB.processMessage(ScmBlockLocationProtocolServerSideTranslatorPB.java:141)
	at org.apache.hadoop.ozone.protocolPB.ScmBlockLocationProtocolServerSideTranslatorPB.send(ScmBlockLocationProtocolServerSideTranslatorPB.java:116)
	at org.apache.hadoop.hdds.protocol.proto.ScmBlockLocationProtocolProtos$ScmBlockLocationProtocolService$2.callBlockingMethod(ScmBlockLocationProtocolProtos.java:13157)
	at org.apache.hadoop.ipc.ProtobufRpcEngine$Server$ProtoBufRpcInvoker.call(ProtobufRpcEngine.java:524)
	at org.apache.hadoop.ipc.RPC$Server.call(RPC.java:1025)
	at org.apache.hadoop.ipc.Server$RpcCall.run(Server.java:876)
	at org.apache.hadoop.ipc.Server$RpcCall.run(Server.java:822)
	at java.security.AccessController.doPrivileged(Native Method)
	at javax.security.auth.Subject.doAs(Subject.java:422)
	at org.apache.hadoop.security.UserGroupInformation.doAs(UserGroupInformation.java:1730)
	at org.apache.hadoop.ipc.Server$Handler.run(Server.java:2682)
2019-09-26 11:01:28,360 [IPC Server handler 0 on 33790] WARN  block.BlockManagerImpl (BlockManagerImpl.java:allocateBlock(192)) - Pipeline creation failed for type:RATIS factor:THREE. Retrying get pipelines call once.
org.apache.hadoop.hdds.scm.exceptions.SCMException: Unable to find enough nodes that meet the criteria that cannot engage in more than 5 pipelines. Nodes required: 3 Found: 0, healthy nodes count inNodeManager: 5.
	at org.apache.hadoop.hdds.scm.pipeline.PipelinePlacementPolicy.filterViableNodes(PipelinePlacementPolicy.java:149)
	at org.apache.hadoop.hdds.scm.pipeline.PipelinePlacementPolicy.chooseDatanodes(PipelinePlacementPolicy.java:172)
	at org.apache.hadoop.hdds.scm.pipeline.RatisPipelineProvider.create(RatisPipelineProvider.java:93)
	at org.apache.hadoop.hdds.scm.pipeline.PipelineFactory.create(PipelineFactory.java:58)
	at org.apache.hadoop.hdds.scm.pipeline.SCMPipelineManager.createPipeline(SCMPipelineManager.java:155)
	at org.apache.hadoop.hdds.scm.block.BlockManagerImpl.allocateBlock(BlockManagerImpl.java:190)
	at org.apache.hadoop.hdds.scm.server.SCMBlockProtocolServer.allocateBlock(SCMBlockProtocolServer.java:182)
	at org.apache.hadoop.ozone.protocolPB.ScmBlockLocationProtocolServerSideTranslatorPB.allocateScmBlock(ScmBlockLocationProtocolServerSideTranslatorPB.java:183)
	at org.apache.hadoop.ozone.protocolPB.ScmBlockLocationProtocolServerSideTranslatorPB.processMessage(ScmBlockLocationProtocolServerSideTranslatorPB.java:141)
	at org.apache.hadoop.ozone.protocolPB.ScmBlockLocationProtocolServerSideTranslatorPB.send(ScmBlockLocationProtocolServerSideTranslatorPB.java:116)
	at org.apache.hadoop.hdds.protocol.proto.ScmBlockLocationProtocolProtos$ScmBlockLocationProtocolService$2.callBlockingMethod(ScmBlockLocationProtocolProtos.java:13157)
	at org.apache.hadoop.ipc.ProtobufRpcEngine$Server$ProtoBufRpcInvoker.call(ProtobufRpcEngine.java:524)
	at org.apache.hadoop.ipc.RPC$Server.call(RPC.java:1025)
	at org.apache.hadoop.ipc.Server$RpcCall.run(Server.java:876)
	at org.apache.hadoop.ipc.Server$RpcCall.run(Server.java:822)
	at java.security.AccessController.doPrivileged(Native Method)
	at javax.security.auth.Subject.doAs(Subject.java:422)
	at org.apache.hadoop.security.UserGroupInformation.doAs(UserGroupInformation.java:1730)
	at org.apache.hadoop.ipc.Server$Handler.run(Server.java:2682)
2019-09-26 11:01:28,360 [IPC Server handler 0 on 33790] INFO  block.BlockManagerImpl (BlockManagerImpl.java:allocateBlock(198)) - Could not find available pipeline of type:RATIS and factor:THREE even after retrying
2019-09-26 11:01:28,360 [IPC Server handler 0 on 33790] ERROR block.BlockManagerImpl (BlockManagerImpl.java:allocateBlock(222)) - Unable to allocate a block for the size: 4194304, type: RATIS, factor: THREE
2019-09-26 11:01:28,360 [IPC Server handler 0 on 33790] INFO  pipeline.PipelinePlacementPolicy (PipelinePlacementPolicy.java:meetCriteria(91)) - Pipeline Placement: can't place more pipeline on heavy datanode： 5ef5b40b-6668-4f90-a5de-67c965602eb0 Heaviness: 6 limit: 5
2019-09-26 11:01:28,361 [IPC Server handler 0 on 33790] INFO  pipeline.PipelinePlacementPolicy (PipelinePlacementPolicy.java:meetCriteria(91)) - Pipeline Placement: can't place more pipeline on heavy datanode： f1b27ee7-0671-41a8-9e25-617c44580f9f Heaviness: 6 limit: 5
2019-09-26 11:01:28,361 [IPC Server handler 0 on 33790] INFO  pipeline.PipelinePlacementPolicy (PipelinePlacementPolicy.java:meetCriteria(91)) - Pipeline Placement: can't place more pipeline on heavy datanode： bffaef1c-5345-42b9-b6d0-3a6335242d0a Heaviness: 6 limit: 5
2019-09-26 11:01:28,361 [IPC Server handler 0 on 33790] INFO  pipeline.PipelinePlacementPolicy (PipelinePlacementPolicy.java:meetCriteria(91)) - Pipeline Placement: can't place more pipeline on heavy datanode： 21851714-a306-49cf-b784-d62ce38d388a Heaviness: 6 limit: 5
2019-09-26 11:01:28,361 [IPC Server handler 0 on 33790] INFO  pipeline.PipelinePlacementPolicy (PipelinePlacementPolicy.java:meetCriteria(91)) - Pipeline Placement: can't place more pipeline on heavy datanode： 02a54e17-f5d7-41bc-86bd-d3683be60571 Heaviness: 6 limit: 5
2019-09-26 11:01:28,361 [IPC Server handler 0 on 33790] ERROR pipeline.PipelinePlacementPolicy (PipelinePlacementPolicy.java:filterViableNodes(148)) - Unable to find enough nodes that meet the criteria that cannot engage in more than 5 pipelines. Nodes required: 3 Found: 0, healthy nodes count inNodeManager: 5.
2019-09-26 11:01:28,362 [IPC Server handler 0 on 33790] ERROR pipeline.SCMPipelineManager (SCMPipelineManager.java:createPipeline(167)) - Pipeline creation failed.
org.apache.hadoop.hdds.scm.exceptions.SCMException: Unable to find enough nodes that meet the criteria that cannot engage in more than 5 pipelines. Nodes required: 3 Found: 0, healthy nodes count inNodeManager: 5.
	at org.apache.hadoop.hdds.scm.pipeline.PipelinePlacementPolicy.filterViableNodes(PipelinePlacementPolicy.java:149)
	at org.apache.hadoop.hdds.scm.pipeline.PipelinePlacementPolicy.chooseDatanodes(PipelinePlacementPolicy.java:172)
	at org.apache.hadoop.hdds.scm.pipeline.RatisPipelineProvider.create(RatisPipelineProvider.java:93)
	at org.apache.hadoop.hdds.scm.pipeline.PipelineFactory.create(PipelineFactory.java:58)
	at org.apache.hadoop.hdds.scm.pipeline.SCMPipelineManager.createPipeline(SCMPipelineManager.java:155)
	at org.apache.hadoop.hdds.scm.block.BlockManagerImpl.allocateBlock(BlockManagerImpl.java:190)
	at org.apache.hadoop.hdds.scm.server.SCMBlockProtocolServer.allocateBlock(SCMBlockProtocolServer.java:182)
	at org.apache.hadoop.ozone.protocolPB.ScmBlockLocationProtocolServerSideTranslatorPB.allocateScmBlock(ScmBlockLocationProtocolServerSideTranslatorPB.java:183)
	at org.apache.hadoop.ozone.protocolPB.ScmBlockLocationProtocolServerSideTranslatorPB.processMessage(ScmBlockLocationProtocolServerSideTranslatorPB.java:141)
	at org.apache.hadoop.ozone.protocolPB.ScmBlockLocationProtocolServerSideTranslatorPB.send(ScmBlockLocationProtocolServerSideTranslatorPB.java:116)
	at org.apache.hadoop.hdds.protocol.proto.ScmBlockLocationProtocolProtos$ScmBlockLocationProtocolService$2.callBlockingMethod(ScmBlockLocationProtocolProtos.java:13157)
	at org.apache.hadoop.ipc.ProtobufRpcEngine$Server$ProtoBufRpcInvoker.call(ProtobufRpcEngine.java:524)
	at org.apache.hadoop.ipc.RPC$Server.call(RPC.java:1025)
	at org.apache.hadoop.ipc.Server$RpcCall.run(Server.java:876)
	at org.apache.hadoop.ipc.Server$RpcCall.run(Server.java:822)
	at java.security.AccessController.doPrivileged(Native Method)
	at javax.security.auth.Subject.doAs(Subject.java:422)
	at org.apache.hadoop.security.UserGroupInformation.doAs(UserGroupInformation.java:1730)
	at org.apache.hadoop.ipc.Server$Handler.run(Server.java:2682)
2019-09-26 11:01:28,362 [IPC Server handler 0 on 33790] WARN  block.BlockManagerImpl (BlockManagerImpl.java:allocateBlock(192)) - Pipeline creation failed for type:RATIS factor:THREE. Retrying get pipelines call once.
org.apache.hadoop.hdds.scm.exceptions.SCMException: Unable to find enough nodes that meet the criteria that cannot engage in more than 5 pipelines. Nodes required: 3 Found: 0, healthy nodes count inNodeManager: 5.
	at org.apache.hadoop.hdds.scm.pipeline.PipelinePlacementPolicy.filterViableNodes(PipelinePlacementPolicy.java:149)
	at org.apache.hadoop.hdds.scm.pipeline.PipelinePlacementPolicy.chooseDatanodes(PipelinePlacementPolicy.java:172)
	at org.apache.hadoop.hdds.scm.pipeline.RatisPipelineProvider.create(RatisPipelineProvider.java:93)
	at org.apache.hadoop.hdds.scm.pipeline.PipelineFactory.create(PipelineFactory.java:58)
	at org.apache.hadoop.hdds.scm.pipeline.SCMPipelineManager.createPipeline(SCMPipelineManager.java:155)
	at org.apache.hadoop.hdds.scm.block.BlockManagerImpl.allocateBlock(BlockManagerImpl.java:190)
	at org.apache.hadoop.hdds.scm.server.SCMBlockProtocolServer.allocateBlock(SCMBlockProtocolServer.java:182)
	at org.apache.hadoop.ozone.protocolPB.ScmBlockLocationProtocolServerSideTranslatorPB.allocateScmBlock(ScmBlockLocationProtocolServerSideTranslatorPB.java:183)
	at org.apache.hadoop.ozone.protocolPB.ScmBlockLocationProtocolServerSideTranslatorPB.processMessage(ScmBlockLocationProtocolServerSideTranslatorPB.java:141)
	at org.apache.hadoop.ozone.protocolPB.ScmBlockLocationProtocolServerSideTranslatorPB.send(ScmBlockLocationProtocolServerSideTranslatorPB.java:116)
	at org.apache.hadoop.hdds.protocol.proto.ScmBlockLocationProtocolProtos$ScmBlockLocationProtocolService$2.callBlockingMethod(ScmBlockLocationProtocolProtos.java:13157)
	at org.apache.hadoop.ipc.ProtobufRpcEngine$Server$ProtoBufRpcInvoker.call(ProtobufRpcEngine.java:524)
	at org.apache.hadoop.ipc.RPC$Server.call(RPC.java:1025)
	at org.apache.hadoop.ipc.Server$RpcCall.run(Server.java:876)
	at org.apache.hadoop.ipc.Server$RpcCall.run(Server.java:822)
	at java.security.AccessController.doPrivileged(Native Method)
	at javax.security.auth.Subject.doAs(Subject.java:422)
	at org.apache.hadoop.security.UserGroupInformation.doAs(UserGroupInformation.java:1730)
	at org.apache.hadoop.ipc.Server$Handler.run(Server.java:2682)
2019-09-26 11:01:28,363 [IPC Server handler 0 on 33790] INFO  block.BlockManagerImpl (BlockManagerImpl.java:allocateBlock(198)) - Could not find available pipeline of type:RATIS and factor:THREE even after retrying
2019-09-26 11:01:28,363 [IPC Server handler 0 on 33790] ERROR block.BlockManagerImpl (BlockManagerImpl.java:allocateBlock(222)) - Unable to allocate a block for the size: 4194304, type: RATIS, factor: THREE
2019-09-26 11:01:28,363 [IPC Server handler 0 on 33790] INFO  pipeline.PipelinePlacementPolicy (PipelinePlacementPolicy.java:meetCriteria(91)) - Pipeline Placement: can't place more pipeline on heavy datanode： 5ef5b40b-6668-4f90-a5de-67c965602eb0 Heaviness: 6 limit: 5
2019-09-26 11:01:28,363 [IPC Server handler 0 on 33790] INFO  pipeline.PipelinePlacementPolicy (PipelinePlacementPolicy.java:meetCriteria(91)) - Pipeline Placement: can't place more pipeline on heavy datanode： f1b27ee7-0671-41a8-9e25-617c44580f9f Heaviness: 6 limit: 5
2019-09-26 11:01:28,363 [IPC Server handler 0 on 33790] INFO  pipeline.PipelinePlacementPolicy (PipelinePlacementPolicy.java:meetCriteria(91)) - Pipeline Placement: can't place more pipeline on heavy datanode： bffaef1c-5345-42b9-b6d0-3a6335242d0a Heaviness: 6 limit: 5
2019-09-26 11:01:28,364 [IPC Server handler 0 on 33790] INFO  pipeline.PipelinePlacementPolicy (PipelinePlacementPolicy.java:meetCriteria(91)) - Pipeline Placement: can't place more pipeline on heavy datanode： 21851714-a306-49cf-b784-d62ce38d388a Heaviness: 6 limit: 5
2019-09-26 11:01:28,364 [IPC Server handler 0 on 33790] INFO  pipeline.PipelinePlacementPolicy (PipelinePlacementPolicy.java:meetCriteria(91)) - Pipeline Placement: can't place more pipeline on heavy datanode： 02a54e17-f5d7-41bc-86bd-d3683be60571 Heaviness: 6 limit: 5
2019-09-26 11:01:28,364 [IPC Server handler 0 on 33790] ERROR pipeline.PipelinePlacementPolicy (PipelinePlacementPolicy.java:filterViableNodes(148)) - Unable to find enough nodes that meet the criteria that cannot engage in more than 5 pipelines. Nodes required: 3 Found: 0, healthy nodes count inNodeManager: 5.
2019-09-26 11:01:28,364 [IPC Server handler 0 on 33790] ERROR pipeline.SCMPipelineManager (SCMPipelineManager.java:createPipeline(167)) - Pipeline creation failed.
org.apache.hadoop.hdds.scm.exceptions.SCMException: Unable to find enough nodes that meet the criteria that cannot engage in more than 5 pipelines. Nodes required: 3 Found: 0, healthy nodes count inNodeManager: 5.
	at org.apache.hadoop.hdds.scm.pipeline.PipelinePlacementPolicy.filterViableNodes(PipelinePlacementPolicy.java:149)
	at org.apache.hadoop.hdds.scm.pipeline.PipelinePlacementPolicy.chooseDatanodes(PipelinePlacementPolicy.java:172)
	at org.apache.hadoop.hdds.scm.pipeline.RatisPipelineProvider.create(RatisPipelineProvider.java:93)
	at org.apache.hadoop.hdds.scm.pipeline.PipelineFactory.create(PipelineFactory.java:58)
	at org.apache.hadoop.hdds.scm.pipeline.SCMPipelineManager.createPipeline(SCMPipelineManager.java:155)
	at org.apache.hadoop.hdds.scm.block.BlockManagerImpl.allocateBlock(BlockManagerImpl.java:190)
	at org.apache.hadoop.hdds.scm.server.SCMBlockProtocolServer.allocateBlock(SCMBlockProtocolServer.java:182)
	at org.apache.hadoop.ozone.protocolPB.ScmBlockLocationProtocolServerSideTranslatorPB.allocateScmBlock(ScmBlockLocationProtocolServerSideTranslatorPB.java:183)
	at org.apache.hadoop.ozone.protocolPB.ScmBlockLocationProtocolServerSideTranslatorPB.processMessage(ScmBlockLocationProtocolServerSideTranslatorPB.java:141)
	at org.apache.hadoop.ozone.protocolPB.ScmBlockLocationProtocolServerSideTranslatorPB.send(ScmBlockLocationProtocolServerSideTranslatorPB.java:116)
	at org.apache.hadoop.hdds.protocol.proto.ScmBlockLocationProtocolProtos$ScmBlockLocationProtocolService$2.callBlockingMethod(ScmBlockLocationProtocolProtos.java:13157)
	at org.apache.hadoop.ipc.ProtobufRpcEngine$Server$ProtoBufRpcInvoker.call(ProtobufRpcEngine.java:524)
	at org.apache.hadoop.ipc.RPC$Server.call(RPC.java:1025)
	at org.apache.hadoop.ipc.Server$RpcCall.run(Server.java:876)
	at org.apache.hadoop.ipc.Server$RpcCall.run(Server.java:822)
	at java.security.AccessController.doPrivileged(Native Method)
	at javax.security.auth.Subject.doAs(Subject.java:422)
	at org.apache.hadoop.security.UserGroupInformation.doAs(UserGroupInformation.java:1730)
	at org.apache.hadoop.ipc.Server$Handler.run(Server.java:2682)
2019-09-26 11:01:28,365 [IPC Server handler 0 on 33790] WARN  block.BlockManagerImpl (BlockManagerImpl.java:allocateBlock(192)) - Pipeline creation failed for type:RATIS factor:THREE. Retrying get pipelines call once.
org.apache.hadoop.hdds.scm.exceptions.SCMException: Unable to find enough nodes that meet the criteria that cannot engage in more than 5 pipelines. Nodes required: 3 Found: 0, healthy nodes count inNodeManager: 5.
	at org.apache.hadoop.hdds.scm.pipeline.PipelinePlacementPolicy.filterViableNodes(PipelinePlacementPolicy.java:149)
	at org.apache.hadoop.hdds.scm.pipeline.PipelinePlacementPolicy.chooseDatanodes(PipelinePlacementPolicy.java:172)
	at org.apache.hadoop.hdds.scm.pipeline.RatisPipelineProvider.create(RatisPipelineProvider.java:93)
	at org.apache.hadoop.hdds.scm.pipeline.PipelineFactory.create(PipelineFactory.java:58)
	at org.apache.hadoop.hdds.scm.pipeline.SCMPipelineManager.createPipeline(SCMPipelineManager.java:155)
	at org.apache.hadoop.hdds.scm.block.BlockManagerImpl.allocateBlock(BlockManagerImpl.java:190)
	at org.apache.hadoop.hdds.scm.server.SCMBlockProtocolServer.allocateBlock(SCMBlockProtocolServer.java:182)
	at org.apache.hadoop.ozone.protocolPB.ScmBlockLocationProtocolServerSideTranslatorPB.allocateScmBlock(ScmBlockLocationProtocolServerSideTranslatorPB.java:183)
	at org.apache.hadoop.ozone.protocolPB.ScmBlockLocationProtocolServerSideTranslatorPB.processMessage(ScmBlockLocationProtocolServerSideTranslatorPB.java:141)
	at org.apache.hadoop.ozone.protocolPB.ScmBlockLocationProtocolServerSideTranslatorPB.send(ScmBlockLocationProtocolServerSideTranslatorPB.java:116)
	at org.apache.hadoop.hdds.protocol.proto.ScmBlockLocationProtocolProtos$ScmBlockLocationProtocolService$2.callBlockingMethod(ScmBlockLocationProtocolProtos.java:13157)
	at org.apache.hadoop.ipc.ProtobufRpcEngine$Server$ProtoBufRpcInvoker.call(ProtobufRpcEngine.java:524)
	at org.apache.hadoop.ipc.RPC$Server.call(RPC.java:1025)
	at org.apache.hadoop.ipc.Server$RpcCall.run(Server.java:876)
	at org.apache.hadoop.ipc.Server$RpcCall.run(Server.java:822)
	at java.security.AccessController.doPrivileged(Native Method)
	at javax.security.auth.Subject.doAs(Subject.java:422)
	at org.apache.hadoop.security.UserGroupInformation.doAs(UserGroupInformation.java:1730)
	at org.apache.hadoop.ipc.Server$Handler.run(Server.java:2682)
2019-09-26 11:01:28,365 [IPC Server handler 0 on 33790] INFO  block.BlockManagerImpl (BlockManagerImpl.java:allocateBlock(198)) - Could not find available pipeline of type:RATIS and factor:THREE even after retrying
2019-09-26 11:01:28,365 [IPC Server handler 0 on 33790] ERROR block.BlockManagerImpl (BlockManagerImpl.java:allocateBlock(222)) - Unable to allocate a block for the size: 4194304, type: RATIS, factor: THREE
2019-09-26 11:01:28,368 [pool-74-thread-3] ERROR freon.RandomKeyGenerator (RandomKeyGenerator.java:createKey(733)) - Exception while adding key: key-0-25139 in bucket: bucket-0-23434 of volume: vol-0-22464.
INTERNAL_ERROR org.apache.hadoop.ozone.om.exceptions.OMException: Allocated 0 blocks. Requested 5 blocks
	at org.apache.hadoop.ozone.om.protocolPB.OzoneManagerProtocolClientSideTranslatorPB.handleError(OzoneManagerProtocolClientSideTranslatorPB.java:732)
	at org.apache.hadoop.ozone.om.protocolPB.OzoneManagerProtocolClientSideTranslatorPB.openKey(OzoneManagerProtocolClientSideTranslatorPB.java:723)
	at sun.reflect.NativeMethodAccessorImpl.invoke0(Native Method)
	at sun.reflect.NativeMethodAccessorImpl.invoke(NativeMethodAccessorImpl.java:62)
	at sun.reflect.DelegatingMethodAccessorImpl.invoke(DelegatingMethodAccessorImpl.java:43)
	at java.lang.reflect.Method.invoke(Method.java:498)
	at org.apache.hadoop.hdds.tracing.TraceAllMethod.invoke(TraceAllMethod.java:66)
	at com.sun.proxy.$Proxy37.openKey(Unknown Source)
	at org.apache.hadoop.ozone.client.rpc.RpcClient.createKey(RpcClient.java:614)
	at org.apache.hadoop.ozone.client.OzoneBucket.createKey(OzoneBucket.java:325)
	at org.apache.hadoop.ozone.freon.RandomKeyGenerator.createKey(RandomKeyGenerator.java:695)
	at org.apache.hadoop.ozone.freon.RandomKeyGenerator.access$1100(RandomKeyGenerator.java:88)
	at org.apache.hadoop.ozone.freon.RandomKeyGenerator$ObjectCreator.run(RandomKeyGenerator.java:615)
	at java.util.concurrent.Executors$RunnableAdapter.call(Executors.java:511)
	at java.util.concurrent.FutureTask.run(FutureTask.java:266)
	at java.util.concurrent.ThreadPoolExecutor.runWorker(ThreadPoolExecutor.java:1149)
	at java.util.concurrent.ThreadPoolExecutor$Worker.run(ThreadPoolExecutor.java:624)
	at java.lang.Thread.run(Thread.java:748)
 0.00% |█                                                                                                    |  0/1 Time: 0:00:01 0.00% |█                                                                                                    |  0/1 Time: 0:00:02 0.00% |█                                                                                                    |  0/1 Time: 0:00:03 0.00% |█                                                                                                    |  0/1 Time: 0:00:04 100.00% |█████████████████████████████████████████████████████████████████████████████████████████████████████|  1/1 Time: 0:00:05
]]></system-out>
  </testcase>
  <testcase name="validateWriteTest" classname="org.apache.hadoop.ozone.freon.TestDataValidateWithSafeByteOperations" time="10.038">
    <error message="Allocated 0 blocks. Requested 1 blocks" type="INTERNAL_ERROR org.apache.hadoop.ozone.om.exceptions.OMException">INTERNAL_ERROR org.apache.hadoop.ozone.om.exceptions.OMException: Allocated 0 blocks. Requested 1 blocks
	at org.apache.hadoop.ozone.om.protocolPB.OzoneManagerProtocolClientSideTranslatorPB.handleError(OzoneManagerProtocolClientSideTranslatorPB.java:732)
	at org.apache.hadoop.ozone.om.protocolPB.OzoneManagerProtocolClientSideTranslatorPB.openKey(OzoneManagerProtocolClientSideTranslatorPB.java:723)
	at sun.reflect.NativeMethodAccessorImpl.invoke0(Native Method)
	at sun.reflect.NativeMethodAccessorImpl.invoke(NativeMethodAccessorImpl.java:62)
	at sun.reflect.DelegatingMethodAccessorImpl.invoke(DelegatingMethodAccessorImpl.java:43)
	at java.lang.reflect.Method.invoke(Method.java:498)
	at org.apache.hadoop.hdds.tracing.TraceAllMethod.invoke(TraceAllMethod.java:66)
	at com.sun.proxy.$Proxy37.openKey(Unknown Source)
	at org.apache.hadoop.ozone.client.rpc.RpcClient.createKey(RpcClient.java:614)
	at org.apache.hadoop.ozone.client.OzoneBucket.createKey(OzoneBucket.java:325)
	at org.apache.hadoop.ozone.freon.RandomKeyGenerator.createKey(RandomKeyGenerator.java:695)
	at org.apache.hadoop.ozone.freon.RandomKeyGenerator.access$1100(RandomKeyGenerator.java:88)
	at org.apache.hadoop.ozone.freon.RandomKeyGenerator$ObjectCreator.run(RandomKeyGenerator.java:615)
	at java.util.concurrent.Executors$RunnableAdapter.call(Executors.java:511)
	at java.util.concurrent.FutureTask.run(FutureTask.java:266)
	at java.util.concurrent.ThreadPoolExecutor.runWorker(ThreadPoolExecutor.java:1149)
	at java.util.concurrent.ThreadPoolExecutor$Worker.run(ThreadPoolExecutor.java:624)
	at java.lang.Thread.run(Thread.java:748)
</error>
    <system-out><![CDATA[2019-09-26 11:01:38,344 [main] INFO  freon.RandomKeyGenerator (RandomKeyGenerator.java:call(283)) - Number of Threads: 10
2019-09-26 11:01:38,344 [main] INFO  freon.RandomKeyGenerator (RandomKeyGenerator.java:call(288)) - Number of Volumes: 2.
2019-09-26 11:01:38,345 [main] INFO  freon.RandomKeyGenerator (RandomKeyGenerator.java:call(289)) - Number of Buckets per Volume: 5.
2019-09-26 11:01:38,345 [main] INFO  freon.RandomKeyGenerator (RandomKeyGenerator.java:call(290)) - Number of Keys per Bucket: 10.
2019-09-26 11:01:38,345 [main] INFO  freon.RandomKeyGenerator (RandomKeyGenerator.java:call(291)) - Key size: 10240 bytes
2019-09-26 11:01:38,345 [main] INFO  freon.RandomKeyGenerator (RandomKeyGenerator.java:call(292)) - Buffer size: 4096 bytes
2019-09-26 11:01:38,346 [main] INFO  freon.RandomKeyGenerator (RandomKeyGenerator.java:call(293)) - validateWrites : true
2019-09-26 11:01:38,347 [pool-75-thread-1] INFO  rpc.RpcClient (RpcClient.java:createVolume(276)) - Creating Volume: vol-0-84373, with jenkins1000 as owner.
2019-09-26 11:01:38,347 [pool-75-thread-2] INFO  rpc.RpcClient (RpcClient.java:createVolume(276)) - Creating Volume: vol-1-74815, with jenkins1000 as owner.
2019-09-26 11:01:38,351 [main] INFO  freon.RandomKeyGenerator (RandomKeyGenerator.java:call(307)) - Data validation is enabled.
2019-09-26 11:01:38,351 [main] INFO  freon.RandomKeyGenerator (RandomKeyGenerator.java:call(313)) - Starting progress bar Thread.

 0.00% |█                                                                                                    |  0/100 Time: 0:00:002019-09-26 11:01:38,353 [IPC Server handler 14 on 34941] INFO  volume.OMVolumeCreateRequest (OMVolumeCreateRequest.java:validateAndUpdateCache(189)) - created volume:vol-0-84373 for user:jenkins1000
2019-09-26 11:01:38,362 [pool-75-thread-1] INFO  rpc.RpcClient (RpcClient.java:createBucket(415)) - Creating Bucket: vol-0-84373/bucket-4-78422, with Versioning false and Storage Type set to DISK and Encryption set to false 
2019-09-26 11:01:38,363 [pool-75-thread-9] INFO  rpc.RpcClient (RpcClient.java:createBucket(415)) - Creating Bucket: vol-0-84373/bucket-3-82760, with Versioning false and Storage Type set to DISK and Encryption set to false 
2019-09-26 11:01:38,363 [IPC Server handler 2 on 34941] INFO  volume.OMVolumeCreateRequest (OMVolumeCreateRequest.java:validateAndUpdateCache(189)) - created volume:vol-1-74815 for user:jenkins1000
2019-09-26 11:01:38,366 [pool-75-thread-2] INFO  rpc.RpcClient (RpcClient.java:createBucket(415)) - Creating Bucket: vol-1-74815/bucket-4-51032, with Versioning false and Storage Type set to DISK and Encryption set to false 
2019-09-26 11:01:38,367 [pool-75-thread-3] INFO  rpc.RpcClient (RpcClient.java:createBucket(415)) - Creating Bucket: vol-0-84373/bucket-0-85365, with Versioning false and Storage Type set to DISK and Encryption set to false 
2019-09-26 11:01:38,368 [pool-75-thread-4] INFO  rpc.RpcClient (RpcClient.java:createBucket(415)) - Creating Bucket: vol-1-74815/bucket-0-92002, with Versioning false and Storage Type set to DISK and Encryption set to false 
2019-09-26 11:01:38,368 [pool-75-thread-5] INFO  rpc.RpcClient (RpcClient.java:createBucket(415)) - Creating Bucket: vol-0-84373/bucket-1-37758, with Versioning false and Storage Type set to DISK and Encryption set to false 
2019-09-26 11:01:38,368 [pool-75-thread-6] INFO  rpc.RpcClient (RpcClient.java:createBucket(415)) - Creating Bucket: vol-1-74815/bucket-1-92072, with Versioning false and Storage Type set to DISK and Encryption set to false 
2019-09-26 11:01:38,368 [pool-75-thread-7] INFO  rpc.RpcClient (RpcClient.java:createBucket(415)) - Creating Bucket: vol-0-84373/bucket-2-37028, with Versioning false and Storage Type set to DISK and Encryption set to false 
2019-09-26 11:01:38,373 [pool-75-thread-10] INFO  rpc.RpcClient (RpcClient.java:createBucket(415)) - Creating Bucket: vol-1-74815/bucket-3-85417, with Versioning false and Storage Type set to DISK and Encryption set to false 
2019-09-26 11:01:38,373 [pool-75-thread-8] INFO  rpc.RpcClient (RpcClient.java:createBucket(415)) - Creating Bucket: vol-1-74815/bucket-2-19079, with Versioning false and Storage Type set to DISK and Encryption set to false 
2019-09-26 11:01:38,420 [IPC Server handler 4 on 33790] INFO  pipeline.PipelinePlacementPolicy (PipelinePlacementPolicy.java:meetCriteria(91)) - Pipeline Placement: can't place more pipeline on heavy datanode： 5ef5b40b-6668-4f90-a5de-67c965602eb0 Heaviness: 6 limit: 5
2019-09-26 11:01:38,420 [IPC Server handler 4 on 33790] INFO  pipeline.PipelinePlacementPolicy (PipelinePlacementPolicy.java:meetCriteria(91)) - Pipeline Placement: can't place more pipeline on heavy datanode： f1b27ee7-0671-41a8-9e25-617c44580f9f Heaviness: 6 limit: 5
2019-09-26 11:01:38,421 [IPC Server handler 4 on 33790] INFO  pipeline.PipelinePlacementPolicy (PipelinePlacementPolicy.java:meetCriteria(91)) - Pipeline Placement: can't place more pipeline on heavy datanode： bffaef1c-5345-42b9-b6d0-3a6335242d0a Heaviness: 6 limit: 5
2019-09-26 11:01:38,428 [IPC Server handler 4 on 33790] INFO  pipeline.PipelinePlacementPolicy (PipelinePlacementPolicy.java:meetCriteria(91)) - Pipeline Placement: can't place more pipeline on heavy datanode： 21851714-a306-49cf-b784-d62ce38d388a Heaviness: 6 limit: 5
2019-09-26 11:01:38,428 [IPC Server handler 4 on 33790] INFO  pipeline.PipelinePlacementPolicy (PipelinePlacementPolicy.java:meetCriteria(91)) - Pipeline Placement: can't place more pipeline on heavy datanode： 02a54e17-f5d7-41bc-86bd-d3683be60571 Heaviness: 6 limit: 5
2019-09-26 11:01:38,428 [IPC Server handler 4 on 33790] ERROR pipeline.PipelinePlacementPolicy (PipelinePlacementPolicy.java:filterViableNodes(148)) - Unable to find enough nodes that meet the criteria that cannot engage in more than 5 pipelines. Nodes required: 3 Found: 0, healthy nodes count inNodeManager: 5.
2019-09-26 11:01:38,428 [IPC Server handler 4 on 33790] ERROR pipeline.SCMPipelineManager (SCMPipelineManager.java:createPipeline(167)) - Pipeline creation failed.
org.apache.hadoop.hdds.scm.exceptions.SCMException: Unable to find enough nodes that meet the criteria that cannot engage in more than 5 pipelines. Nodes required: 3 Found: 0, healthy nodes count inNodeManager: 5.
	at org.apache.hadoop.hdds.scm.pipeline.PipelinePlacementPolicy.filterViableNodes(PipelinePlacementPolicy.java:149)
	at org.apache.hadoop.hdds.scm.pipeline.PipelinePlacementPolicy.chooseDatanodes(PipelinePlacementPolicy.java:172)
	at org.apache.hadoop.hdds.scm.pipeline.RatisPipelineProvider.create(RatisPipelineProvider.java:93)
	at org.apache.hadoop.hdds.scm.pipeline.PipelineFactory.create(PipelineFactory.java:58)
	at org.apache.hadoop.hdds.scm.pipeline.SCMPipelineManager.createPipeline(SCMPipelineManager.java:155)
	at org.apache.hadoop.hdds.scm.block.BlockManagerImpl.allocateBlock(BlockManagerImpl.java:190)
	at org.apache.hadoop.hdds.scm.server.SCMBlockProtocolServer.allocateBlock(SCMBlockProtocolServer.java:182)
	at org.apache.hadoop.ozone.protocolPB.ScmBlockLocationProtocolServerSideTranslatorPB.allocateScmBlock(ScmBlockLocationProtocolServerSideTranslatorPB.java:183)
	at org.apache.hadoop.ozone.protocolPB.ScmBlockLocationProtocolServerSideTranslatorPB.processMessage(ScmBlockLocationProtocolServerSideTranslatorPB.java:141)
	at org.apache.hadoop.ozone.protocolPB.ScmBlockLocationProtocolServerSideTranslatorPB.send(ScmBlockLocationProtocolServerSideTranslatorPB.java:116)
	at org.apache.hadoop.hdds.protocol.proto.ScmBlockLocationProtocolProtos$ScmBlockLocationProtocolService$2.callBlockingMethod(ScmBlockLocationProtocolProtos.java:13157)
	at org.apache.hadoop.ipc.ProtobufRpcEngine$Server$ProtoBufRpcInvoker.call(ProtobufRpcEngine.java:524)
	at org.apache.hadoop.ipc.RPC$Server.call(RPC.java:1025)
	at org.apache.hadoop.ipc.Server$RpcCall.run(Server.java:876)
	at org.apache.hadoop.ipc.Server$RpcCall.run(Server.java:822)
	at java.security.AccessController.doPrivileged(Native Method)
	at javax.security.auth.Subject.doAs(Subject.java:422)
	at org.apache.hadoop.security.UserGroupInformation.doAs(UserGroupInformation.java:1730)
	at org.apache.hadoop.ipc.Server$Handler.run(Server.java:2682)
2019-09-26 11:01:38,429 [IPC Server handler 4 on 33790] WARN  block.BlockManagerImpl (BlockManagerImpl.java:allocateBlock(192)) - Pipeline creation failed for type:RATIS factor:THREE. Retrying get pipelines call once.
org.apache.hadoop.hdds.scm.exceptions.SCMException: Unable to find enough nodes that meet the criteria that cannot engage in more than 5 pipelines. Nodes required: 3 Found: 0, healthy nodes count inNodeManager: 5.
	at org.apache.hadoop.hdds.scm.pipeline.PipelinePlacementPolicy.filterViableNodes(PipelinePlacementPolicy.java:149)
	at org.apache.hadoop.hdds.scm.pipeline.PipelinePlacementPolicy.chooseDatanodes(PipelinePlacementPolicy.java:172)
	at org.apache.hadoop.hdds.scm.pipeline.RatisPipelineProvider.create(RatisPipelineProvider.java:93)
	at org.apache.hadoop.hdds.scm.pipeline.PipelineFactory.create(PipelineFactory.java:58)
	at org.apache.hadoop.hdds.scm.pipeline.SCMPipelineManager.createPipeline(SCMPipelineManager.java:155)
	at org.apache.hadoop.hdds.scm.block.BlockManagerImpl.allocateBlock(BlockManagerImpl.java:190)
	at org.apache.hadoop.hdds.scm.server.SCMBlockProtocolServer.allocateBlock(SCMBlockProtocolServer.java:182)
	at org.apache.hadoop.ozone.protocolPB.ScmBlockLocationProtocolServerSideTranslatorPB.allocateScmBlock(ScmBlockLocationProtocolServerSideTranslatorPB.java:183)
	at org.apache.hadoop.ozone.protocolPB.ScmBlockLocationProtocolServerSideTranslatorPB.processMessage(ScmBlockLocationProtocolServerSideTranslatorPB.java:141)
	at org.apache.hadoop.ozone.protocolPB.ScmBlockLocationProtocolServerSideTranslatorPB.send(ScmBlockLocationProtocolServerSideTranslatorPB.java:116)
	at org.apache.hadoop.hdds.protocol.proto.ScmBlockLocationProtocolProtos$ScmBlockLocationProtocolService$2.callBlockingMethod(ScmBlockLocationProtocolProtos.java:13157)
	at org.apache.hadoop.ipc.ProtobufRpcEngine$Server$ProtoBufRpcInvoker.call(ProtobufRpcEngine.java:524)
	at org.apache.hadoop.ipc.RPC$Server.call(RPC.java:1025)
	at org.apache.hadoop.ipc.Server$RpcCall.run(Server.java:876)
	at org.apache.hadoop.ipc.Server$RpcCall.run(Server.java:822)
	at java.security.AccessController.doPrivileged(Native Method)
	at javax.security.auth.Subject.doAs(Subject.java:422)
	at org.apache.hadoop.security.UserGroupInformation.doAs(UserGroupInformation.java:1730)
	at org.apache.hadoop.ipc.Server$Handler.run(Server.java:2682)
2019-09-26 11:01:38,429 [IPC Server handler 1 on 33790] INFO  pipeline.PipelinePlacementPolicy (PipelinePlacementPolicy.java:meetCriteria(91)) - Pipeline Placement: can't place more pipeline on heavy datanode： 5ef5b40b-6668-4f90-a5de-67c965602eb0 Heaviness: 6 limit: 5
2019-09-26 11:01:38,429 [IPC Server handler 1 on 33790] INFO  pipeline.PipelinePlacementPolicy (PipelinePlacementPolicy.java:meetCriteria(91)) - Pipeline Placement: can't place more pipeline on heavy datanode： f1b27ee7-0671-41a8-9e25-617c44580f9f Heaviness: 6 limit: 5
2019-09-26 11:01:38,430 [IPC Server handler 1 on 33790] INFO  pipeline.PipelinePlacementPolicy (PipelinePlacementPolicy.java:meetCriteria(91)) - Pipeline Placement: can't place more pipeline on heavy datanode： bffaef1c-5345-42b9-b6d0-3a6335242d0a Heaviness: 6 limit: 5
2019-09-26 11:01:38,430 [IPC Server handler 1 on 33790] INFO  pipeline.PipelinePlacementPolicy (PipelinePlacementPolicy.java:meetCriteria(91)) - Pipeline Placement: can't place more pipeline on heavy datanode： 21851714-a306-49cf-b784-d62ce38d388a Heaviness: 6 limit: 5
2019-09-26 11:01:38,430 [IPC Server handler 1 on 33790] INFO  pipeline.PipelinePlacementPolicy (PipelinePlacementPolicy.java:meetCriteria(91)) - Pipeline Placement: can't place more pipeline on heavy datanode： 02a54e17-f5d7-41bc-86bd-d3683be60571 Heaviness: 6 limit: 5
2019-09-26 11:01:38,430 [IPC Server handler 1 on 33790] ERROR pipeline.PipelinePlacementPolicy (PipelinePlacementPolicy.java:filterViableNodes(148)) - Unable to find enough nodes that meet the criteria that cannot engage in more than 5 pipelines. Nodes required: 3 Found: 0, healthy nodes count inNodeManager: 5.
2019-09-26 11:01:38,430 [IPC Server handler 1 on 33790] ERROR pipeline.SCMPipelineManager (SCMPipelineManager.java:createPipeline(167)) - Pipeline creation failed.
org.apache.hadoop.hdds.scm.exceptions.SCMException: Unable to find enough nodes that meet the criteria that cannot engage in more than 5 pipelines. Nodes required: 3 Found: 0, healthy nodes count inNodeManager: 5.
	at org.apache.hadoop.hdds.scm.pipeline.PipelinePlacementPolicy.filterViableNodes(PipelinePlacementPolicy.java:149)
	at org.apache.hadoop.hdds.scm.pipeline.PipelinePlacementPolicy.chooseDatanodes(PipelinePlacementPolicy.java:172)
	at org.apache.hadoop.hdds.scm.pipeline.RatisPipelineProvider.create(RatisPipelineProvider.java:93)
	at org.apache.hadoop.hdds.scm.pipeline.PipelineFactory.create(PipelineFactory.java:58)
	at org.apache.hadoop.hdds.scm.pipeline.SCMPipelineManager.createPipeline(SCMPipelineManager.java:155)
	at org.apache.hadoop.hdds.scm.block.BlockManagerImpl.allocateBlock(BlockManagerImpl.java:190)
	at org.apache.hadoop.hdds.scm.server.SCMBlockProtocolServer.allocateBlock(SCMBlockProtocolServer.java:182)
	at org.apache.hadoop.ozone.protocolPB.ScmBlockLocationProtocolServerSideTranslatorPB.allocateScmBlock(ScmBlockLocationProtocolServerSideTranslatorPB.java:183)
	at org.apache.hadoop.ozone.protocolPB.ScmBlockLocationProtocolServerSideTranslatorPB.processMessage(ScmBlockLocationProtocolServerSideTranslatorPB.java:141)
	at org.apache.hadoop.ozone.protocolPB.ScmBlockLocationProtocolServerSideTranslatorPB.send(ScmBlockLocationProtocolServerSideTranslatorPB.java:116)
	at org.apache.hadoop.hdds.protocol.proto.ScmBlockLocationProtocolProtos$ScmBlockLocationProtocolService$2.callBlockingMethod(ScmBlockLocationProtocolProtos.java:13157)
	at org.apache.hadoop.ipc.ProtobufRpcEngine$Server$ProtoBufRpcInvoker.call(ProtobufRpcEngine.java:524)
	at org.apache.hadoop.ipc.RPC$Server.call(RPC.java:1025)
	at org.apache.hadoop.ipc.Server$RpcCall.run(Server.java:876)
	at org.apache.hadoop.ipc.Server$RpcCall.run(Server.java:822)
	at java.security.AccessController.doPrivileged(Native Method)
	at javax.security.auth.Subject.doAs(Subject.java:422)
	at org.apache.hadoop.security.UserGroupInformation.doAs(UserGroupInformation.java:1730)
	at org.apache.hadoop.ipc.Server$Handler.run(Server.java:2682)
2019-09-26 11:01:38,431 [IPC Server handler 1 on 33790] WARN  block.BlockManagerImpl (BlockManagerImpl.java:allocateBlock(192)) - Pipeline creation failed for type:RATIS factor:THREE. Retrying get pipelines call once.
org.apache.hadoop.hdds.scm.exceptions.SCMException: Unable to find enough nodes that meet the criteria that cannot engage in more than 5 pipelines. Nodes required: 3 Found: 0, healthy nodes count inNodeManager: 5.
	at org.apache.hadoop.hdds.scm.pipeline.PipelinePlacementPolicy.filterViableNodes(PipelinePlacementPolicy.java:149)
	at org.apache.hadoop.hdds.scm.pipeline.PipelinePlacementPolicy.chooseDatanodes(PipelinePlacementPolicy.java:172)
	at org.apache.hadoop.hdds.scm.pipeline.RatisPipelineProvider.create(RatisPipelineProvider.java:93)
	at org.apache.hadoop.hdds.scm.pipeline.PipelineFactory.create(PipelineFactory.java:58)
	at org.apache.hadoop.hdds.scm.pipeline.SCMPipelineManager.createPipeline(SCMPipelineManager.java:155)
	at org.apache.hadoop.hdds.scm.block.BlockManagerImpl.allocateBlock(BlockManagerImpl.java:190)
	at org.apache.hadoop.hdds.scm.server.SCMBlockProtocolServer.allocateBlock(SCMBlockProtocolServer.java:182)
	at org.apache.hadoop.ozone.protocolPB.ScmBlockLocationProtocolServerSideTranslatorPB.allocateScmBlock(ScmBlockLocationProtocolServerSideTranslatorPB.java:183)
	at org.apache.hadoop.ozone.protocolPB.ScmBlockLocationProtocolServerSideTranslatorPB.processMessage(ScmBlockLocationProtocolServerSideTranslatorPB.java:141)
	at org.apache.hadoop.ozone.protocolPB.ScmBlockLocationProtocolServerSideTranslatorPB.send(ScmBlockLocationProtocolServerSideTranslatorPB.java:116)
	at org.apache.hadoop.hdds.protocol.proto.ScmBlockLocationProtocolProtos$ScmBlockLocationProtocolService$2.callBlockingMethod(ScmBlockLocationProtocolProtos.java:13157)
	at org.apache.hadoop.ipc.ProtobufRpcEngine$Server$ProtoBufRpcInvoker.call(ProtobufRpcEngine.java:524)
	at org.apache.hadoop.ipc.RPC$Server.call(RPC.java:1025)
	at org.apache.hadoop.ipc.Server$RpcCall.run(Server.java:876)
	at org.apache.hadoop.ipc.Server$RpcCall.run(Server.java:822)
	at java.security.AccessController.doPrivileged(Native Method)
	at javax.security.auth.Subject.doAs(Subject.java:422)
	at org.apache.hadoop.security.UserGroupInformation.doAs(UserGroupInformation.java:1730)
	at org.apache.hadoop.ipc.Server$Handler.run(Server.java:2682)
2019-09-26 11:01:38,431 [IPC Server handler 6 on 33790] INFO  pipeline.PipelinePlacementPolicy (PipelinePlacementPolicy.java:meetCriteria(91)) - Pipeline Placement: can't place more pipeline on heavy datanode： 5ef5b40b-6668-4f90-a5de-67c965602eb0 Heaviness: 6 limit: 5
2019-09-26 11:01:38,431 [IPC Server handler 6 on 33790] INFO  pipeline.PipelinePlacementPolicy (PipelinePlacementPolicy.java:meetCriteria(91)) - Pipeline Placement: can't place more pipeline on heavy datanode： f1b27ee7-0671-41a8-9e25-617c44580f9f Heaviness: 6 limit: 5
2019-09-26 11:01:38,432 [IPC Server handler 6 on 33790] INFO  pipeline.PipelinePlacementPolicy (PipelinePlacementPolicy.java:meetCriteria(91)) - Pipeline Placement: can't place more pipeline on heavy datanode： bffaef1c-5345-42b9-b6d0-3a6335242d0a Heaviness: 6 limit: 5
2019-09-26 11:01:38,432 [IPC Server handler 6 on 33790] INFO  pipeline.PipelinePlacementPolicy (PipelinePlacementPolicy.java:meetCriteria(91)) - Pipeline Placement: can't place more pipeline on heavy datanode： 21851714-a306-49cf-b784-d62ce38d388a Heaviness: 6 limit: 5
2019-09-26 11:01:38,432 [IPC Server handler 6 on 33790] INFO  pipeline.PipelinePlacementPolicy (PipelinePlacementPolicy.java:meetCriteria(91)) - Pipeline Placement: can't place more pipeline on heavy datanode： 02a54e17-f5d7-41bc-86bd-d3683be60571 Heaviness: 6 limit: 5
2019-09-26 11:01:38,432 [IPC Server handler 6 on 33790] ERROR pipeline.PipelinePlacementPolicy (PipelinePlacementPolicy.java:filterViableNodes(148)) - Unable to find enough nodes that meet the criteria that cannot engage in more than 5 pipelines. Nodes required: 3 Found: 0, healthy nodes count inNodeManager: 5.
2019-09-26 11:01:38,432 [IPC Server handler 6 on 33790] ERROR pipeline.SCMPipelineManager (SCMPipelineManager.java:createPipeline(167)) - Pipeline creation failed.
org.apache.hadoop.hdds.scm.exceptions.SCMException: Unable to find enough nodes that meet the criteria that cannot engage in more than 5 pipelines. Nodes required: 3 Found: 0, healthy nodes count inNodeManager: 5.
	at org.apache.hadoop.hdds.scm.pipeline.PipelinePlacementPolicy.filterViableNodes(PipelinePlacementPolicy.java:149)
	at org.apache.hadoop.hdds.scm.pipeline.PipelinePlacementPolicy.chooseDatanodes(PipelinePlacementPolicy.java:172)
	at org.apache.hadoop.hdds.scm.pipeline.RatisPipelineProvider.create(RatisPipelineProvider.java:93)
	at org.apache.hadoop.hdds.scm.pipeline.PipelineFactory.create(PipelineFactory.java:58)
	at org.apache.hadoop.hdds.scm.pipeline.SCMPipelineManager.createPipeline(SCMPipelineManager.java:155)
	at org.apache.hadoop.hdds.scm.block.BlockManagerImpl.allocateBlock(BlockManagerImpl.java:190)
	at org.apache.hadoop.hdds.scm.server.SCMBlockProtocolServer.allocateBlock(SCMBlockProtocolServer.java:182)
	at org.apache.hadoop.ozone.protocolPB.ScmBlockLocationProtocolServerSideTranslatorPB.allocateScmBlock(ScmBlockLocationProtocolServerSideTranslatorPB.java:183)
	at org.apache.hadoop.ozone.protocolPB.ScmBlockLocationProtocolServerSideTranslatorPB.processMessage(ScmBlockLocationProtocolServerSideTranslatorPB.java:141)
	at org.apache.hadoop.ozone.protocolPB.ScmBlockLocationProtocolServerSideTranslatorPB.send(ScmBlockLocationProtocolServerSideTranslatorPB.java:116)
	at org.apache.hadoop.hdds.protocol.proto.ScmBlockLocationProtocolProtos$ScmBlockLocationProtocolService$2.callBlockingMethod(ScmBlockLocationProtocolProtos.java:13157)
	at org.apache.hadoop.ipc.ProtobufRpcEngine$Server$ProtoBufRpcInvoker.call(ProtobufRpcEngine.java:524)
	at org.apache.hadoop.ipc.RPC$Server.call(RPC.java:1025)
	at org.apache.hadoop.ipc.Server$RpcCall.run(Server.java:876)
	at org.apache.hadoop.ipc.Server$RpcCall.run(Server.java:822)
	at java.security.AccessController.doPrivileged(Native Method)
	at javax.security.auth.Subject.doAs(Subject.java:422)
	at org.apache.hadoop.security.UserGroupInformation.doAs(UserGroupInformation.java:1730)
	at org.apache.hadoop.ipc.Server$Handler.run(Server.java:2682)
2019-09-26 11:01:38,433 [IPC Server handler 6 on 33790] WARN  block.BlockManagerImpl (BlockManagerImpl.java:allocateBlock(192)) - Pipeline creation failed for type:RATIS factor:THREE. Retrying get pipelines call once.
org.apache.hadoop.hdds.scm.exceptions.SCMException: Unable to find enough nodes that meet the criteria that cannot engage in more than 5 pipelines. Nodes required: 3 Found: 0, healthy nodes count inNodeManager: 5.
	at org.apache.hadoop.hdds.scm.pipeline.PipelinePlacementPolicy.filterViableNodes(PipelinePlacementPolicy.java:149)
	at org.apache.hadoop.hdds.scm.pipeline.PipelinePlacementPolicy.chooseDatanodes(PipelinePlacementPolicy.java:172)
	at org.apache.hadoop.hdds.scm.pipeline.RatisPipelineProvider.create(RatisPipelineProvider.java:93)
	at org.apache.hadoop.hdds.scm.pipeline.PipelineFactory.create(PipelineFactory.java:58)
	at org.apache.hadoop.hdds.scm.pipeline.SCMPipelineManager.createPipeline(SCMPipelineManager.java:155)
	at org.apache.hadoop.hdds.scm.block.BlockManagerImpl.allocateBlock(BlockManagerImpl.java:190)
	at org.apache.hadoop.hdds.scm.server.SCMBlockProtocolServer.allocateBlock(SCMBlockProtocolServer.java:182)
	at org.apache.hadoop.ozone.protocolPB.ScmBlockLocationProtocolServerSideTranslatorPB.allocateScmBlock(ScmBlockLocationProtocolServerSideTranslatorPB.java:183)
	at org.apache.hadoop.ozone.protocolPB.ScmBlockLocationProtocolServerSideTranslatorPB.processMessage(ScmBlockLocationProtocolServerSideTranslatorPB.java:141)
	at org.apache.hadoop.ozone.protocolPB.ScmBlockLocationProtocolServerSideTranslatorPB.send(ScmBlockLocationProtocolServerSideTranslatorPB.java:116)
	at org.apache.hadoop.hdds.protocol.proto.ScmBlockLocationProtocolProtos$ScmBlockLocationProtocolService$2.callBlockingMethod(ScmBlockLocationProtocolProtos.java:13157)
	at org.apache.hadoop.ipc.ProtobufRpcEngine$Server$ProtoBufRpcInvoker.call(ProtobufRpcEngine.java:524)
	at org.apache.hadoop.ipc.RPC$Server.call(RPC.java:1025)
	at org.apache.hadoop.ipc.Server$RpcCall.run(Server.java:876)
	at org.apache.hadoop.ipc.Server$RpcCall.run(Server.java:822)
	at java.security.AccessController.doPrivileged(Native Method)
	at javax.security.auth.Subject.doAs(Subject.java:422)
	at org.apache.hadoop.security.UserGroupInformation.doAs(UserGroupInformation.java:1730)
	at org.apache.hadoop.ipc.Server$Handler.run(Server.java:2682)
2019-09-26 11:01:38,433 [IPC Server handler 10 on 33790] INFO  pipeline.PipelinePlacementPolicy (PipelinePlacementPolicy.java:meetCriteria(91)) - Pipeline Placement: can't place more pipeline on heavy datanode： 5ef5b40b-6668-4f90-a5de-67c965602eb0 Heaviness: 6 limit: 5
2019-09-26 11:01:38,433 [IPC Server handler 10 on 33790] INFO  pipeline.PipelinePlacementPolicy (PipelinePlacementPolicy.java:meetCriteria(91)) - Pipeline Placement: can't place more pipeline on heavy datanode： f1b27ee7-0671-41a8-9e25-617c44580f9f Heaviness: 6 limit: 5
2019-09-26 11:01:38,434 [IPC Server handler 10 on 33790] INFO  pipeline.PipelinePlacementPolicy (PipelinePlacementPolicy.java:meetCriteria(91)) - Pipeline Placement: can't place more pipeline on heavy datanode： bffaef1c-5345-42b9-b6d0-3a6335242d0a Heaviness: 6 limit: 5
2019-09-26 11:01:38,434 [IPC Server handler 10 on 33790] INFO  pipeline.PipelinePlacementPolicy (PipelinePlacementPolicy.java:meetCriteria(91)) - Pipeline Placement: can't place more pipeline on heavy datanode： 21851714-a306-49cf-b784-d62ce38d388a Heaviness: 6 limit: 5
2019-09-26 11:01:38,434 [IPC Server handler 10 on 33790] INFO  pipeline.PipelinePlacementPolicy (PipelinePlacementPolicy.java:meetCriteria(91)) - Pipeline Placement: can't place more pipeline on heavy datanode： 02a54e17-f5d7-41bc-86bd-d3683be60571 Heaviness: 6 limit: 5
2019-09-26 11:01:38,434 [IPC Server handler 10 on 33790] ERROR pipeline.PipelinePlacementPolicy (PipelinePlacementPolicy.java:filterViableNodes(148)) - Unable to find enough nodes that meet the criteria that cannot engage in more than 5 pipelines. Nodes required: 3 Found: 0, healthy nodes count inNodeManager: 5.
2019-09-26 11:01:38,434 [IPC Server handler 10 on 33790] ERROR pipeline.SCMPipelineManager (SCMPipelineManager.java:createPipeline(167)) - Pipeline creation failed.
org.apache.hadoop.hdds.scm.exceptions.SCMException: Unable to find enough nodes that meet the criteria that cannot engage in more than 5 pipelines. Nodes required: 3 Found: 0, healthy nodes count inNodeManager: 5.
	at org.apache.hadoop.hdds.scm.pipeline.PipelinePlacementPolicy.filterViableNodes(PipelinePlacementPolicy.java:149)
	at org.apache.hadoop.hdds.scm.pipeline.PipelinePlacementPolicy.chooseDatanodes(PipelinePlacementPolicy.java:172)
	at org.apache.hadoop.hdds.scm.pipeline.RatisPipelineProvider.create(RatisPipelineProvider.java:93)
	at org.apache.hadoop.hdds.scm.pipeline.PipelineFactory.create(PipelineFactory.java:58)
	at org.apache.hadoop.hdds.scm.pipeline.SCMPipelineManager.createPipeline(SCMPipelineManager.java:155)
	at org.apache.hadoop.hdds.scm.block.BlockManagerImpl.allocateBlock(BlockManagerImpl.java:190)
	at org.apache.hadoop.hdds.scm.server.SCMBlockProtocolServer.allocateBlock(SCMBlockProtocolServer.java:182)
	at org.apache.hadoop.ozone.protocolPB.ScmBlockLocationProtocolServerSideTranslatorPB.allocateScmBlock(ScmBlockLocationProtocolServerSideTranslatorPB.java:183)
	at org.apache.hadoop.ozone.protocolPB.ScmBlockLocationProtocolServerSideTranslatorPB.processMessage(ScmBlockLocationProtocolServerSideTranslatorPB.java:141)
	at org.apache.hadoop.ozone.protocolPB.ScmBlockLocationProtocolServerSideTranslatorPB.send(ScmBlockLocationProtocolServerSideTranslatorPB.java:116)
	at org.apache.hadoop.hdds.protocol.proto.ScmBlockLocationProtocolProtos$ScmBlockLocationProtocolService$2.callBlockingMethod(ScmBlockLocationProtocolProtos.java:13157)
	at org.apache.hadoop.ipc.ProtobufRpcEngine$Server$ProtoBufRpcInvoker.call(ProtobufRpcEngine.java:524)
	at org.apache.hadoop.ipc.RPC$Server.call(RPC.java:1025)
	at org.apache.hadoop.ipc.Server$RpcCall.run(Server.java:876)
	at org.apache.hadoop.ipc.Server$RpcCall.run(Server.java:822)
	at java.security.AccessController.doPrivileged(Native Method)
	at javax.security.auth.Subject.doAs(Subject.java:422)
	at org.apache.hadoop.security.UserGroupInformation.doAs(UserGroupInformation.java:1730)
	at org.apache.hadoop.ipc.Server$Handler.run(Server.java:2682)
2019-09-26 11:01:38,435 [IPC Server handler 10 on 33790] WARN  block.BlockManagerImpl (BlockManagerImpl.java:allocateBlock(192)) - Pipeline creation failed for type:RATIS factor:THREE. Retrying get pipelines call once.
org.apache.hadoop.hdds.scm.exceptions.SCMException: Unable to find enough nodes that meet the criteria that cannot engage in more than 5 pipelines. Nodes required: 3 Found: 0, healthy nodes count inNodeManager: 5.
	at org.apache.hadoop.hdds.scm.pipeline.PipelinePlacementPolicy.filterViableNodes(PipelinePlacementPolicy.java:149)
	at org.apache.hadoop.hdds.scm.pipeline.PipelinePlacementPolicy.chooseDatanodes(PipelinePlacementPolicy.java:172)
	at org.apache.hadoop.hdds.scm.pipeline.RatisPipelineProvider.create(RatisPipelineProvider.java:93)
	at org.apache.hadoop.hdds.scm.pipeline.PipelineFactory.create(PipelineFactory.java:58)
	at org.apache.hadoop.hdds.scm.pipeline.SCMPipelineManager.createPipeline(SCMPipelineManager.java:155)
	at org.apache.hadoop.hdds.scm.block.BlockManagerImpl.allocateBlock(BlockManagerImpl.java:190)
	at org.apache.hadoop.hdds.scm.server.SCMBlockProtocolServer.allocateBlock(SCMBlockProtocolServer.java:182)
	at org.apache.hadoop.ozone.protocolPB.ScmBlockLocationProtocolServerSideTranslatorPB.allocateScmBlock(ScmBlockLocationProtocolServerSideTranslatorPB.java:183)
	at org.apache.hadoop.ozone.protocolPB.ScmBlockLocationProtocolServerSideTranslatorPB.processMessage(ScmBlockLocationProtocolServerSideTranslatorPB.java:141)
	at org.apache.hadoop.ozone.protocolPB.ScmBlockLocationProtocolServerSideTranslatorPB.send(ScmBlockLocationProtocolServerSideTranslatorPB.java:116)
	at org.apache.hadoop.hdds.protocol.proto.ScmBlockLocationProtocolProtos$ScmBlockLocationProtocolService$2.callBlockingMethod(ScmBlockLocationProtocolProtos.java:13157)
	at org.apache.hadoop.ipc.ProtobufRpcEngine$Server$ProtoBufRpcInvoker.call(ProtobufRpcEngine.java:524)
	at org.apache.hadoop.ipc.RPC$Server.call(RPC.java:1025)
	at org.apache.hadoop.ipc.Server$RpcCall.run(Server.java:876)
	at org.apache.hadoop.ipc.Server$RpcCall.run(Server.java:822)
	at java.security.AccessController.doPrivileged(Native Method)
	at javax.security.auth.Subject.doAs(Subject.java:422)
	at org.apache.hadoop.security.UserGroupInformation.doAs(UserGroupInformation.java:1730)
	at org.apache.hadoop.ipc.Server$Handler.run(Server.java:2682)
2019-09-26 11:01:38,435 [IPC Server handler 13 on 33790] INFO  pipeline.PipelinePlacementPolicy (PipelinePlacementPolicy.java:meetCriteria(91)) - Pipeline Placement: can't place more pipeline on heavy datanode： 5ef5b40b-6668-4f90-a5de-67c965602eb0 Heaviness: 6 limit: 5
2019-09-26 11:01:38,435 [IPC Server handler 13 on 33790] INFO  pipeline.PipelinePlacementPolicy (PipelinePlacementPolicy.java:meetCriteria(91)) - Pipeline Placement: can't place more pipeline on heavy datanode： f1b27ee7-0671-41a8-9e25-617c44580f9f Heaviness: 6 limit: 5
2019-09-26 11:01:38,435 [IPC Server handler 13 on 33790] INFO  pipeline.PipelinePlacementPolicy (PipelinePlacementPolicy.java:meetCriteria(91)) - Pipeline Placement: can't place more pipeline on heavy datanode： bffaef1c-5345-42b9-b6d0-3a6335242d0a Heaviness: 6 limit: 5
2019-09-26 11:01:38,436 [IPC Server handler 13 on 33790] INFO  pipeline.PipelinePlacementPolicy (PipelinePlacementPolicy.java:meetCriteria(91)) - Pipeline Placement: can't place more pipeline on heavy datanode： 21851714-a306-49cf-b784-d62ce38d388a Heaviness: 6 limit: 5
2019-09-26 11:01:38,436 [IPC Server handler 13 on 33790] INFO  pipeline.PipelinePlacementPolicy (PipelinePlacementPolicy.java:meetCriteria(91)) - Pipeline Placement: can't place more pipeline on heavy datanode： 02a54e17-f5d7-41bc-86bd-d3683be60571 Heaviness: 6 limit: 5
2019-09-26 11:01:38,436 [IPC Server handler 13 on 33790] ERROR pipeline.PipelinePlacementPolicy (PipelinePlacementPolicy.java:filterViableNodes(148)) - Unable to find enough nodes that meet the criteria that cannot engage in more than 5 pipelines. Nodes required: 3 Found: 0, healthy nodes count inNodeManager: 5.
2019-09-26 11:01:38,436 [IPC Server handler 13 on 33790] ERROR pipeline.SCMPipelineManager (SCMPipelineManager.java:createPipeline(167)) - Pipeline creation failed.
org.apache.hadoop.hdds.scm.exceptions.SCMException: Unable to find enough nodes that meet the criteria that cannot engage in more than 5 pipelines. Nodes required: 3 Found: 0, healthy nodes count inNodeManager: 5.
	at org.apache.hadoop.hdds.scm.pipeline.PipelinePlacementPolicy.filterViableNodes(PipelinePlacementPolicy.java:149)
	at org.apache.hadoop.hdds.scm.pipeline.PipelinePlacementPolicy.chooseDatanodes(PipelinePlacementPolicy.java:172)
	at org.apache.hadoop.hdds.scm.pipeline.RatisPipelineProvider.create(RatisPipelineProvider.java:93)
	at org.apache.hadoop.hdds.scm.pipeline.PipelineFactory.create(PipelineFactory.java:58)
	at org.apache.hadoop.hdds.scm.pipeline.SCMPipelineManager.createPipeline(SCMPipelineManager.java:155)
	at org.apache.hadoop.hdds.scm.block.BlockManagerImpl.allocateBlock(BlockManagerImpl.java:190)
	at org.apache.hadoop.hdds.scm.server.SCMBlockProtocolServer.allocateBlock(SCMBlockProtocolServer.java:182)
	at org.apache.hadoop.ozone.protocolPB.ScmBlockLocationProtocolServerSideTranslatorPB.allocateScmBlock(ScmBlockLocationProtocolServerSideTranslatorPB.java:183)
	at org.apache.hadoop.ozone.protocolPB.ScmBlockLocationProtocolServerSideTranslatorPB.processMessage(ScmBlockLocationProtocolServerSideTranslatorPB.java:141)
	at org.apache.hadoop.ozone.protocolPB.ScmBlockLocationProtocolServerSideTranslatorPB.send(ScmBlockLocationProtocolServerSideTranslatorPB.java:116)
	at org.apache.hadoop.hdds.protocol.proto.ScmBlockLocationProtocolProtos$ScmBlockLocationProtocolService$2.callBlockingMethod(ScmBlockLocationProtocolProtos.java:13157)
	at org.apache.hadoop.ipc.ProtobufRpcEngine$Server$ProtoBufRpcInvoker.call(ProtobufRpcEngine.java:524)
	at org.apache.hadoop.ipc.RPC$Server.call(RPC.java:1025)
	at org.apache.hadoop.ipc.Server$RpcCall.run(Server.java:876)
	at org.apache.hadoop.ipc.Server$RpcCall.run(Server.java:822)
	at java.security.AccessController.doPrivileged(Native Method)
	at javax.security.auth.Subject.doAs(Subject.java:422)
	at org.apache.hadoop.security.UserGroupInformation.doAs(UserGroupInformation.java:1730)
	at org.apache.hadoop.ipc.Server$Handler.run(Server.java:2682)
2019-09-26 11:01:38,436 [IPC Server handler 13 on 33790] WARN  block.BlockManagerImpl (BlockManagerImpl.java:allocateBlock(192)) - Pipeline creation failed for type:RATIS factor:THREE. Retrying get pipelines call once.
org.apache.hadoop.hdds.scm.exceptions.SCMException: Unable to find enough nodes that meet the criteria that cannot engage in more than 5 pipelines. Nodes required: 3 Found: 0, healthy nodes count inNodeManager: 5.
	at org.apache.hadoop.hdds.scm.pipeline.PipelinePlacementPolicy.filterViableNodes(PipelinePlacementPolicy.java:149)
	at org.apache.hadoop.hdds.scm.pipeline.PipelinePlacementPolicy.chooseDatanodes(PipelinePlacementPolicy.java:172)
	at org.apache.hadoop.hdds.scm.pipeline.RatisPipelineProvider.create(RatisPipelineProvider.java:93)
	at org.apache.hadoop.hdds.scm.pipeline.PipelineFactory.create(PipelineFactory.java:58)
	at org.apache.hadoop.hdds.scm.pipeline.SCMPipelineManager.createPipeline(SCMPipelineManager.java:155)
	at org.apache.hadoop.hdds.scm.block.BlockManagerImpl.allocateBlock(BlockManagerImpl.java:190)
	at org.apache.hadoop.hdds.scm.server.SCMBlockProtocolServer.allocateBlock(SCMBlockProtocolServer.java:182)
	at org.apache.hadoop.ozone.protocolPB.ScmBlockLocationProtocolServerSideTranslatorPB.allocateScmBlock(ScmBlockLocationProtocolServerSideTranslatorPB.java:183)
	at org.apache.hadoop.ozone.protocolPB.ScmBlockLocationProtocolServerSideTranslatorPB.processMessage(ScmBlockLocationProtocolServerSideTranslatorPB.java:141)
	at org.apache.hadoop.ozone.protocolPB.ScmBlockLocationProtocolServerSideTranslatorPB.send(ScmBlockLocationProtocolServerSideTranslatorPB.java:116)
	at org.apache.hadoop.hdds.protocol.proto.ScmBlockLocationProtocolProtos$ScmBlockLocationProtocolService$2.callBlockingMethod(ScmBlockLocationProtocolProtos.java:13157)
	at org.apache.hadoop.ipc.ProtobufRpcEngine$Server$ProtoBufRpcInvoker.call(ProtobufRpcEngine.java:524)
	at org.apache.hadoop.ipc.RPC$Server.call(RPC.java:1025)
	at org.apache.hadoop.ipc.Server$RpcCall.run(Server.java:876)
	at org.apache.hadoop.ipc.Server$RpcCall.run(Server.java:822)
	at java.security.AccessController.doPrivileged(Native Method)
	at javax.security.auth.Subject.doAs(Subject.java:422)
	at org.apache.hadoop.security.UserGroupInformation.doAs(UserGroupInformation.java:1730)
	at org.apache.hadoop.ipc.Server$Handler.run(Server.java:2682)
2019-09-26 11:01:38,437 [IPC Server handler 4 on 33790] INFO  block.BlockManagerImpl (BlockManagerImpl.java:allocateBlock(198)) - Could not find available pipeline of type:RATIS and factor:THREE even after retrying
2019-09-26 11:01:38,437 [IPC Server handler 6 on 33790] INFO  block.BlockManagerImpl (BlockManagerImpl.java:allocateBlock(198)) - Could not find available pipeline of type:RATIS and factor:THREE even after retrying
2019-09-26 11:01:38,437 [IPC Server handler 6 on 33790] ERROR block.BlockManagerImpl (BlockManagerImpl.java:allocateBlock(222)) - Unable to allocate a block for the size: 4194304, type: RATIS, factor: THREE
2019-09-26 11:01:38,437 [IPC Server handler 10 on 33790] INFO  block.BlockManagerImpl (BlockManagerImpl.java:allocateBlock(198)) - Could not find available pipeline of type:RATIS and factor:THREE even after retrying
2019-09-26 11:01:38,437 [IPC Server handler 10 on 33790] ERROR block.BlockManagerImpl (BlockManagerImpl.java:allocateBlock(222)) - Unable to allocate a block for the size: 4194304, type: RATIS, factor: THREE
2019-09-26 11:01:38,437 [IPC Server handler 13 on 33790] INFO  block.BlockManagerImpl (BlockManagerImpl.java:allocateBlock(198)) - Could not find available pipeline of type:RATIS and factor:THREE even after retrying
2019-09-26 11:01:38,438 [IPC Server handler 13 on 33790] ERROR block.BlockManagerImpl (BlockManagerImpl.java:allocateBlock(222)) - Unable to allocate a block for the size: 4194304, type: RATIS, factor: THREE
2019-09-26 11:01:38,437 [IPC Server handler 1 on 33790] INFO  block.BlockManagerImpl (BlockManagerImpl.java:allocateBlock(198)) - Could not find available pipeline of type:RATIS and factor:THREE even after retrying
2019-09-26 11:01:38,440 [IPC Server handler 1 on 33790] ERROR block.BlockManagerImpl (BlockManagerImpl.java:allocateBlock(222)) - Unable to allocate a block for the size: 4194304, type: RATIS, factor: THREE
2019-09-26 11:01:38,437 [IPC Server handler 5 on 33790] INFO  pipeline.PipelinePlacementPolicy (PipelinePlacementPolicy.java:meetCriteria(91)) - Pipeline Placement: can't place more pipeline on heavy datanode： 5ef5b40b-6668-4f90-a5de-67c965602eb0 Heaviness: 6 limit: 5
2019-09-26 11:01:38,437 [IPC Server handler 4 on 33790] ERROR block.BlockManagerImpl (BlockManagerImpl.java:allocateBlock(222)) - Unable to allocate a block for the size: 4194304, type: RATIS, factor: THREE
2019-09-26 11:01:38,440 [pool-75-thread-1] ERROR freon.RandomKeyGenerator (RandomKeyGenerator.java:createKey(733)) - Exception while adding key: key-0-41580 in bucket: bucket-0-85365 of volume: vol-0-84373.
INTERNAL_ERROR org.apache.hadoop.ozone.om.exceptions.OMException: Allocated 0 blocks. Requested 1 blocks
	at org.apache.hadoop.ozone.om.protocolPB.OzoneManagerProtocolClientSideTranslatorPB.handleError(OzoneManagerProtocolClientSideTranslatorPB.java:732)
	at org.apache.hadoop.ozone.om.protocolPB.OzoneManagerProtocolClientSideTranslatorPB.openKey(OzoneManagerProtocolClientSideTranslatorPB.java:723)
	at sun.reflect.NativeMethodAccessorImpl.invoke0(Native Method)
	at sun.reflect.NativeMethodAccessorImpl.invoke(NativeMethodAccessorImpl.java:62)
	at sun.reflect.DelegatingMethodAccessorImpl.invoke(DelegatingMethodAccessorImpl.java:43)
	at java.lang.reflect.Method.invoke(Method.java:498)
	at org.apache.hadoop.hdds.tracing.TraceAllMethod.invoke(TraceAllMethod.java:66)
	at com.sun.proxy.$Proxy37.openKey(Unknown Source)
	at org.apache.hadoop.ozone.client.rpc.RpcClient.createKey(RpcClient.java:614)
	at org.apache.hadoop.ozone.client.OzoneBucket.createKey(OzoneBucket.java:325)
	at org.apache.hadoop.ozone.freon.RandomKeyGenerator.createKey(RandomKeyGenerator.java:695)
	at org.apache.hadoop.ozone.freon.RandomKeyGenerator.access$1100(RandomKeyGenerator.java:88)
	at org.apache.hadoop.ozone.freon.RandomKeyGenerator$ObjectCreator.run(RandomKeyGenerator.java:615)
	at java.util.concurrent.Executors$RunnableAdapter.call(Executors.java:511)
	at java.util.concurrent.FutureTask.run(FutureTask.java:266)
	at java.util.concurrent.ThreadPoolExecutor.runWorker(ThreadPoolExecutor.java:1149)
	at java.util.concurrent.ThreadPoolExecutor$Worker.run(ThreadPoolExecutor.java:624)
	at java.lang.Thread.run(Thread.java:748)
2019-09-26 11:01:38,440 [pool-75-thread-3] ERROR freon.RandomKeyGenerator (RandomKeyGenerator.java:createKey(733)) - Exception while adding key: key-0-91986 in bucket: bucket-1-92072 of volume: vol-1-74815.
INTERNAL_ERROR org.apache.hadoop.ozone.om.exceptions.OMException: Allocated 0 blocks. Requested 1 blocks
	at org.apache.hadoop.ozone.om.protocolPB.OzoneManagerProtocolClientSideTranslatorPB.handleError(OzoneManagerProtocolClientSideTranslatorPB.java:732)
	at org.apache.hadoop.ozone.om.protocolPB.OzoneManagerProtocolClientSideTranslatorPB.openKey(OzoneManagerProtocolClientSideTranslatorPB.java:723)
	at sun.reflect.NativeMethodAccessorImpl.invoke0(Native Method)
	at sun.reflect.NativeMethodAccessorImpl.invoke(NativeMethodAccessorImpl.java:62)
	at sun.reflect.DelegatingMethodAccessorImpl.invoke(DelegatingMethodAccessorImpl.java:43)
	at java.lang.reflect.Method.invoke(Method.java:498)
	at org.apache.hadoop.hdds.tracing.TraceAllMethod.invoke(TraceAllMethod.java:66)
	at com.sun.proxy.$Proxy37.openKey(Unknown Source)
	at org.apache.hadoop.ozone.client.rpc.RpcClient.createKey(RpcClient.java:614)
	at org.apache.hadoop.ozone.client.OzoneBucket.createKey(OzoneBucket.java:325)
	at org.apache.hadoop.ozone.freon.RandomKeyGenerator.createKey(RandomKeyGenerator.java:695)
	at org.apache.hadoop.ozone.freon.RandomKeyGenerator.access$1100(RandomKeyGenerator.java:88)
	at org.apache.hadoop.ozone.freon.RandomKeyGenerator$ObjectCreator.run(RandomKeyGenerator.java:615)
	at java.util.concurrent.Executors$RunnableAdapter.call(Executors.java:511)
	at java.util.concurrent.FutureTask.run(FutureTask.java:266)
	at java.util.concurrent.ThreadPoolExecutor.runWorker(ThreadPoolExecutor.java:1149)
	at java.util.concurrent.ThreadPoolExecutor$Worker.run(ThreadPoolExecutor.java:624)
	at java.lang.Thread.run(Thread.java:748)
2019-09-26 11:01:38,440 [IPC Server handler 5 on 33790] INFO  pipeline.PipelinePlacementPolicy (PipelinePlacementPolicy.java:meetCriteria(91)) - Pipeline Placement: can't place more pipeline on heavy datanode： f1b27ee7-0671-41a8-9e25-617c44580f9f Heaviness: 6 limit: 5
2019-09-26 11:01:38,440 [pool-75-thread-9] ERROR freon.RandomKeyGenerator (RandomKeyGenerator.java:createKey(733)) - Exception while adding key: key-0-26594 in bucket: bucket-0-92002 of volume: vol-1-74815.
INTERNAL_ERROR org.apache.hadoop.ozone.om.exceptions.OMException: Allocated 0 blocks. Requested 1 blocks
	at org.apache.hadoop.ozone.om.protocolPB.OzoneManagerProtocolClientSideTranslatorPB.handleError(OzoneManagerProtocolClientSideTranslatorPB.java:732)
	at org.apache.hadoop.ozone.om.protocolPB.OzoneManagerProtocolClientSideTranslatorPB.openKey(OzoneManagerProtocolClientSideTranslatorPB.java:723)
	at sun.reflect.NativeMethodAccessorImpl.invoke0(Native Method)
	at sun.reflect.NativeMethodAccessorImpl.invoke(NativeMethodAccessorImpl.java:62)
	at sun.reflect.DelegatingMethodAccessorImpl.invoke(DelegatingMethodAccessorImpl.java:43)
	at java.lang.reflect.Method.invoke(Method.java:498)
	at org.apache.hadoop.hdds.tracing.TraceAllMethod.invoke(TraceAllMethod.java:66)
	at com.sun.proxy.$Proxy37.openKey(Unknown Source)
	at org.apache.hadoop.ozone.client.rpc.RpcClient.createKey(RpcClient.java:614)
	at org.apache.hadoop.ozone.client.OzoneBucket.createKey(OzoneBucket.java:325)
	at org.apache.hadoop.ozone.freon.RandomKeyGenerator.createKey(RandomKeyGenerator.java:695)
	at org.apache.hadoop.ozone.freon.RandomKeyGenerator.access$1100(RandomKeyGenerator.java:88)
	at org.apache.hadoop.ozone.freon.RandomKeyGenerator$ObjectCreator.run(RandomKeyGenerator.java:615)
	at java.util.concurrent.Executors$RunnableAdapter.call(Executors.java:511)
	at java.util.concurrent.FutureTask.run(FutureTask.java:266)
	at java.util.concurrent.ThreadPoolExecutor.runWorker(ThreadPoolExecutor.java:1149)
	at java.util.concurrent.ThreadPoolExecutor$Worker.run(ThreadPoolExecutor.java:624)
	at java.lang.Thread.run(Thread.java:748)
2019-09-26 11:01:38,442 [IPC Server handler 5 on 33790] INFO  pipeline.PipelinePlacementPolicy (PipelinePlacementPolicy.java:meetCriteria(91)) - Pipeline Placement: can't place more pipeline on heavy datanode： bffaef1c-5345-42b9-b6d0-3a6335242d0a Heaviness: 6 limit: 5
2019-09-26 11:01:38,442 [IPC Server handler 5 on 33790] INFO  pipeline.PipelinePlacementPolicy (PipelinePlacementPolicy.java:meetCriteria(91)) - Pipeline Placement: can't place more pipeline on heavy datanode： 21851714-a306-49cf-b784-d62ce38d388a Heaviness: 6 limit: 5
2019-09-26 11:01:38,442 [IPC Server handler 5 on 33790] INFO  pipeline.PipelinePlacementPolicy (PipelinePlacementPolicy.java:meetCriteria(91)) - Pipeline Placement: can't place more pipeline on heavy datanode： 02a54e17-f5d7-41bc-86bd-d3683be60571 Heaviness: 6 limit: 5
2019-09-26 11:01:38,441 [pool-75-thread-6] ERROR freon.RandomKeyGenerator (RandomKeyGenerator.java:createKey(733)) - Exception while adding key: key-0-58682 in bucket: bucket-3-82760 of volume: vol-0-84373.
INTERNAL_ERROR org.apache.hadoop.ozone.om.exceptions.OMException: Allocated 0 blocks. Requested 1 blocks
	at org.apache.hadoop.ozone.om.protocolPB.OzoneManagerProtocolClientSideTranslatorPB.handleError(OzoneManagerProtocolClientSideTranslatorPB.java:732)
	at org.apache.hadoop.ozone.om.protocolPB.OzoneManagerProtocolClientSideTranslatorPB.openKey(OzoneManagerProtocolClientSideTranslatorPB.java:723)
	at sun.reflect.NativeMethodAccessorImpl.invoke0(Native Method)
	at sun.reflect.NativeMethodAccessorImpl.invoke(NativeMethodAccessorImpl.java:62)
	at sun.reflect.DelegatingMethodAccessorImpl.invoke(DelegatingMethodAccessorImpl.java:43)
	at java.lang.reflect.Method.invoke(Method.java:498)
	at org.apache.hadoop.hdds.tracing.TraceAllMethod.invoke(TraceAllMethod.java:66)
	at com.sun.proxy.$Proxy37.openKey(Unknown Source)
	at org.apache.hadoop.ozone.client.rpc.RpcClient.createKey(RpcClient.java:614)
	at org.apache.hadoop.ozone.client.OzoneBucket.createKey(OzoneBucket.java:325)
	at org.apache.hadoop.ozone.freon.RandomKeyGenerator.createKey(RandomKeyGenerator.java:695)
	at org.apache.hadoop.ozone.freon.RandomKeyGenerator.access$1100(RandomKeyGenerator.java:88)
	at org.apache.hadoop.ozone.freon.RandomKeyGenerator$ObjectCreator.run(RandomKeyGenerator.java:615)
	at java.util.concurrent.Executors$RunnableAdapter.call(Executors.java:511)
	at java.util.concurrent.FutureTask.run(FutureTask.java:266)
	at java.util.concurrent.ThreadPoolExecutor.runWorker(ThreadPoolExecutor.java:1149)
	at java.util.concurrent.ThreadPoolExecutor$Worker.run(ThreadPoolExecutor.java:624)
	at java.lang.Thread.run(Thread.java:748)
2019-09-26 11:01:38,441 [pool-75-thread-2] ERROR freon.RandomKeyGenerator (RandomKeyGenerator.java:createKey(733)) - Exception while adding key: key-0-84215 in bucket: bucket-1-37758 of volume: vol-0-84373.
INTERNAL_ERROR org.apache.hadoop.ozone.om.exceptions.OMException: Allocated 0 blocks. Requested 1 blocks
	at org.apache.hadoop.ozone.om.protocolPB.OzoneManagerProtocolClientSideTranslatorPB.handleError(OzoneManagerProtocolClientSideTranslatorPB.java:732)
	at org.apache.hadoop.ozone.om.protocolPB.OzoneManagerProtocolClientSideTranslatorPB.openKey(OzoneManagerProtocolClientSideTranslatorPB.java:723)
	at sun.reflect.NativeMethodAccessorImpl.invoke0(Native Method)
	at sun.reflect.NativeMethodAccessorImpl.invoke(NativeMethodAccessorImpl.java:62)
	at sun.reflect.DelegatingMethodAccessorImpl.invoke(DelegatingMethodAccessorImpl.java:43)
	at java.lang.reflect.Method.invoke(Method.java:498)
	at org.apache.hadoop.hdds.tracing.TraceAllMethod.invoke(TraceAllMethod.java:66)
	at com.sun.proxy.$Proxy37.openKey(Unknown Source)
	at org.apache.hadoop.ozone.client.rpc.RpcClient.createKey(RpcClient.java:614)
	at org.apache.hadoop.ozone.client.OzoneBucket.createKey(OzoneBucket.java:325)
	at org.apache.hadoop.ozone.freon.RandomKeyGenerator.createKey(RandomKeyGenerator.java:695)
	at org.apache.hadoop.ozone.freon.RandomKeyGenerator.access$1100(RandomKeyGenerator.java:88)
	at org.apache.hadoop.ozone.freon.RandomKeyGenerator$ObjectCreator.run(RandomKeyGenerator.java:615)
	at java.util.concurrent.Executors$RunnableAdapter.call(Executors.java:511)
	at java.util.concurrent.FutureTask.run(FutureTask.java:266)
	at java.util.concurrent.ThreadPoolExecutor.runWorker(ThreadPoolExecutor.java:1149)
	at java.util.concurrent.ThreadPoolExecutor$Worker.run(ThreadPoolExecutor.java:624)
	at java.lang.Thread.run(Thread.java:748)
2019-09-26 11:01:38,443 [IPC Server handler 5 on 33790] ERROR pipeline.PipelinePlacementPolicy (PipelinePlacementPolicy.java:filterViableNodes(148)) - Unable to find enough nodes that meet the criteria that cannot engage in more than 5 pipelines. Nodes required: 3 Found: 0, healthy nodes count inNodeManager: 5.
2019-09-26 11:01:38,444 [IPC Server handler 5 on 33790] ERROR pipeline.SCMPipelineManager (SCMPipelineManager.java:createPipeline(167)) - Pipeline creation failed.
org.apache.hadoop.hdds.scm.exceptions.SCMException: Unable to find enough nodes that meet the criteria that cannot engage in more than 5 pipelines. Nodes required: 3 Found: 0, healthy nodes count inNodeManager: 5.
	at org.apache.hadoop.hdds.scm.pipeline.PipelinePlacementPolicy.filterViableNodes(PipelinePlacementPolicy.java:149)
	at org.apache.hadoop.hdds.scm.pipeline.PipelinePlacementPolicy.chooseDatanodes(PipelinePlacementPolicy.java:172)
	at org.apache.hadoop.hdds.scm.pipeline.RatisPipelineProvider.create(RatisPipelineProvider.java:93)
	at org.apache.hadoop.hdds.scm.pipeline.PipelineFactory.create(PipelineFactory.java:58)
	at org.apache.hadoop.hdds.scm.pipeline.SCMPipelineManager.createPipeline(SCMPipelineManager.java:155)
	at org.apache.hadoop.hdds.scm.block.BlockManagerImpl.allocateBlock(BlockManagerImpl.java:190)
	at org.apache.hadoop.hdds.scm.server.SCMBlockProtocolServer.allocateBlock(SCMBlockProtocolServer.java:182)
	at org.apache.hadoop.ozone.protocolPB.ScmBlockLocationProtocolServerSideTranslatorPB.allocateScmBlock(ScmBlockLocationProtocolServerSideTranslatorPB.java:183)
	at org.apache.hadoop.ozone.protocolPB.ScmBlockLocationProtocolServerSideTranslatorPB.processMessage(ScmBlockLocationProtocolServerSideTranslatorPB.java:141)
	at org.apache.hadoop.ozone.protocolPB.ScmBlockLocationProtocolServerSideTranslatorPB.send(ScmBlockLocationProtocolServerSideTranslatorPB.java:116)
	at org.apache.hadoop.hdds.protocol.proto.ScmBlockLocationProtocolProtos$ScmBlockLocationProtocolService$2.callBlockingMethod(ScmBlockLocationProtocolProtos.java:13157)
	at org.apache.hadoop.ipc.ProtobufRpcEngine$Server$ProtoBufRpcInvoker.call(ProtobufRpcEngine.java:524)
	at org.apache.hadoop.ipc.RPC$Server.call(RPC.java:1025)
	at org.apache.hadoop.ipc.Server$RpcCall.run(Server.java:876)
	at org.apache.hadoop.ipc.Server$RpcCall.run(Server.java:822)
	at java.security.AccessController.doPrivileged(Native Method)
	at javax.security.auth.Subject.doAs(Subject.java:422)
	at org.apache.hadoop.security.UserGroupInformation.doAs(UserGroupInformation.java:1730)
	at org.apache.hadoop.ipc.Server$Handler.run(Server.java:2682)
2019-09-26 11:01:38,452 [IPC Server handler 5 on 33790] WARN  block.BlockManagerImpl (BlockManagerImpl.java:allocateBlock(192)) - Pipeline creation failed for type:RATIS factor:THREE. Retrying get pipelines call once.
org.apache.hadoop.hdds.scm.exceptions.SCMException: Unable to find enough nodes that meet the criteria that cannot engage in more than 5 pipelines. Nodes required: 3 Found: 0, healthy nodes count inNodeManager: 5.
	at org.apache.hadoop.hdds.scm.pipeline.PipelinePlacementPolicy.filterViableNodes(PipelinePlacementPolicy.java:149)
	at org.apache.hadoop.hdds.scm.pipeline.PipelinePlacementPolicy.chooseDatanodes(PipelinePlacementPolicy.java:172)
	at org.apache.hadoop.hdds.scm.pipeline.RatisPipelineProvider.create(RatisPipelineProvider.java:93)
	at org.apache.hadoop.hdds.scm.pipeline.PipelineFactory.create(PipelineFactory.java:58)
	at org.apache.hadoop.hdds.scm.pipeline.SCMPipelineManager.createPipeline(SCMPipelineManager.java:155)
	at org.apache.hadoop.hdds.scm.block.BlockManagerImpl.allocateBlock(BlockManagerImpl.java:190)
	at org.apache.hadoop.hdds.scm.server.SCMBlockProtocolServer.allocateBlock(SCMBlockProtocolServer.java:182)
	at org.apache.hadoop.ozone.protocolPB.ScmBlockLocationProtocolServerSideTranslatorPB.allocateScmBlock(ScmBlockLocationProtocolServerSideTranslatorPB.java:183)
	at org.apache.hadoop.ozone.protocolPB.ScmBlockLocationProtocolServerSideTranslatorPB.processMessage(ScmBlockLocationProtocolServerSideTranslatorPB.java:141)
	at org.apache.hadoop.ozone.protocolPB.ScmBlockLocationProtocolServerSideTranslatorPB.send(ScmBlockLocationProtocolServerSideTranslatorPB.java:116)
	at org.apache.hadoop.hdds.protocol.proto.ScmBlockLocationProtocolProtos$ScmBlockLocationProtocolService$2.callBlockingMethod(ScmBlockLocationProtocolProtos.java:13157)
	at org.apache.hadoop.ipc.ProtobufRpcEngine$Server$ProtoBufRpcInvoker.call(ProtobufRpcEngine.java:524)
	at org.apache.hadoop.ipc.RPC$Server.call(RPC.java:1025)
	at org.apache.hadoop.ipc.Server$RpcCall.run(Server.java:876)
	at org.apache.hadoop.ipc.Server$RpcCall.run(Server.java:822)
	at java.security.AccessController.doPrivileged(Native Method)
	at javax.security.auth.Subject.doAs(Subject.java:422)
	at org.apache.hadoop.security.UserGroupInformation.doAs(UserGroupInformation.java:1730)
	at org.apache.hadoop.ipc.Server$Handler.run(Server.java:2682)
2019-09-26 11:01:38,452 [IPC Server handler 3 on 33790] INFO  pipeline.PipelinePlacementPolicy (PipelinePlacementPolicy.java:meetCriteria(91)) - Pipeline Placement: can't place more pipeline on heavy datanode： 5ef5b40b-6668-4f90-a5de-67c965602eb0 Heaviness: 6 limit: 5
2019-09-26 11:01:38,452 [IPC Server handler 3 on 33790] INFO  pipeline.PipelinePlacementPolicy (PipelinePlacementPolicy.java:meetCriteria(91)) - Pipeline Placement: can't place more pipeline on heavy datanode： f1b27ee7-0671-41a8-9e25-617c44580f9f Heaviness: 6 limit: 5
2019-09-26 11:01:38,453 [IPC Server handler 3 on 33790] INFO  pipeline.PipelinePlacementPolicy (PipelinePlacementPolicy.java:meetCriteria(91)) - Pipeline Placement: can't place more pipeline on heavy datanode： bffaef1c-5345-42b9-b6d0-3a6335242d0a Heaviness: 6 limit: 5
2019-09-26 11:01:38,453 [IPC Server handler 3 on 33790] INFO  pipeline.PipelinePlacementPolicy (PipelinePlacementPolicy.java:meetCriteria(91)) - Pipeline Placement: can't place more pipeline on heavy datanode： 21851714-a306-49cf-b784-d62ce38d388a Heaviness: 6 limit: 5
2019-09-26 11:01:38,453 [IPC Server handler 3 on 33790] INFO  pipeline.PipelinePlacementPolicy (PipelinePlacementPolicy.java:meetCriteria(91)) - Pipeline Placement: can't place more pipeline on heavy datanode： 02a54e17-f5d7-41bc-86bd-d3683be60571 Heaviness: 6 limit: 5
2019-09-26 11:01:38,453 [IPC Server handler 3 on 33790] ERROR pipeline.PipelinePlacementPolicy (PipelinePlacementPolicy.java:filterViableNodes(148)) - Unable to find enough nodes that meet the criteria that cannot engage in more than 5 pipelines. Nodes required: 3 Found: 0, healthy nodes count inNodeManager: 5.
2019-09-26 11:01:38,453 [IPC Server handler 3 on 33790] ERROR pipeline.SCMPipelineManager (SCMPipelineManager.java:createPipeline(167)) - Pipeline creation failed.
org.apache.hadoop.hdds.scm.exceptions.SCMException: Unable to find enough nodes that meet the criteria that cannot engage in more than 5 pipelines. Nodes required: 3 Found: 0, healthy nodes count inNodeManager: 5.
	at org.apache.hadoop.hdds.scm.pipeline.PipelinePlacementPolicy.filterViableNodes(PipelinePlacementPolicy.java:149)
	at org.apache.hadoop.hdds.scm.pipeline.PipelinePlacementPolicy.chooseDatanodes(PipelinePlacementPolicy.java:172)
	at org.apache.hadoop.hdds.scm.pipeline.RatisPipelineProvider.create(RatisPipelineProvider.java:93)
	at org.apache.hadoop.hdds.scm.pipeline.PipelineFactory.create(PipelineFactory.java:58)
	at org.apache.hadoop.hdds.scm.pipeline.SCMPipelineManager.createPipeline(SCMPipelineManager.java:155)
	at org.apache.hadoop.hdds.scm.block.BlockManagerImpl.allocateBlock(BlockManagerImpl.java:190)
	at org.apache.hadoop.hdds.scm.server.SCMBlockProtocolServer.allocateBlock(SCMBlockProtocolServer.java:182)
	at org.apache.hadoop.ozone.protocolPB.ScmBlockLocationProtocolServerSideTranslatorPB.allocateScmBlock(ScmBlockLocationProtocolServerSideTranslatorPB.java:183)
	at org.apache.hadoop.ozone.protocolPB.ScmBlockLocationProtocolServerSideTranslatorPB.processMessage(ScmBlockLocationProtocolServerSideTranslatorPB.java:141)
	at org.apache.hadoop.ozone.protocolPB.ScmBlockLocationProtocolServerSideTranslatorPB.send(ScmBlockLocationProtocolServerSideTranslatorPB.java:116)
	at org.apache.hadoop.hdds.protocol.proto.ScmBlockLocationProtocolProtos$ScmBlockLocationProtocolService$2.callBlockingMethod(ScmBlockLocationProtocolProtos.java:13157)
	at org.apache.hadoop.ipc.ProtobufRpcEngine$Server$ProtoBufRpcInvoker.call(ProtobufRpcEngine.java:524)
	at org.apache.hadoop.ipc.RPC$Server.call(RPC.java:1025)
	at org.apache.hadoop.ipc.Server$RpcCall.run(Server.java:876)
	at org.apache.hadoop.ipc.Server$RpcCall.run(Server.java:822)
	at java.security.AccessController.doPrivileged(Native Method)
	at javax.security.auth.Subject.doAs(Subject.java:422)
	at org.apache.hadoop.security.UserGroupInformation.doAs(UserGroupInformation.java:1730)
	at org.apache.hadoop.ipc.Server$Handler.run(Server.java:2682)
2019-09-26 11:01:38,454 [IPC Server handler 3 on 33790] WARN  block.BlockManagerImpl (BlockManagerImpl.java:allocateBlock(192)) - Pipeline creation failed for type:RATIS factor:THREE. Retrying get pipelines call once.
org.apache.hadoop.hdds.scm.exceptions.SCMException: Unable to find enough nodes that meet the criteria that cannot engage in more than 5 pipelines. Nodes required: 3 Found: 0, healthy nodes count inNodeManager: 5.
	at org.apache.hadoop.hdds.scm.pipeline.PipelinePlacementPolicy.filterViableNodes(PipelinePlacementPolicy.java:149)
	at org.apache.hadoop.hdds.scm.pipeline.PipelinePlacementPolicy.chooseDatanodes(PipelinePlacementPolicy.java:172)
	at org.apache.hadoop.hdds.scm.pipeline.RatisPipelineProvider.create(RatisPipelineProvider.java:93)
	at org.apache.hadoop.hdds.scm.pipeline.PipelineFactory.create(PipelineFactory.java:58)
	at org.apache.hadoop.hdds.scm.pipeline.SCMPipelineManager.createPipeline(SCMPipelineManager.java:155)
	at org.apache.hadoop.hdds.scm.block.BlockManagerImpl.allocateBlock(BlockManagerImpl.java:190)
	at org.apache.hadoop.hdds.scm.server.SCMBlockProtocolServer.allocateBlock(SCMBlockProtocolServer.java:182)
	at org.apache.hadoop.ozone.protocolPB.ScmBlockLocationProtocolServerSideTranslatorPB.allocateScmBlock(ScmBlockLocationProtocolServerSideTranslatorPB.java:183)
	at org.apache.hadoop.ozone.protocolPB.ScmBlockLocationProtocolServerSideTranslatorPB.processMessage(ScmBlockLocationProtocolServerSideTranslatorPB.java:141)
	at org.apache.hadoop.ozone.protocolPB.ScmBlockLocationProtocolServerSideTranslatorPB.send(ScmBlockLocationProtocolServerSideTranslatorPB.java:116)
	at org.apache.hadoop.hdds.protocol.proto.ScmBlockLocationProtocolProtos$ScmBlockLocationProtocolService$2.callBlockingMethod(ScmBlockLocationProtocolProtos.java:13157)
	at org.apache.hadoop.ipc.ProtobufRpcEngine$Server$ProtoBufRpcInvoker.call(ProtobufRpcEngine.java:524)
	at org.apache.hadoop.ipc.RPC$Server.call(RPC.java:1025)
	at org.apache.hadoop.ipc.Server$RpcCall.run(Server.java:876)
	at org.apache.hadoop.ipc.Server$RpcCall.run(Server.java:822)
	at java.security.AccessController.doPrivileged(Native Method)
	at javax.security.auth.Subject.doAs(Subject.java:422)
	at org.apache.hadoop.security.UserGroupInformation.doAs(UserGroupInformation.java:1730)
	at org.apache.hadoop.ipc.Server$Handler.run(Server.java:2682)
2019-09-26 11:01:38,454 [IPC Server handler 15 on 33790] INFO  pipeline.PipelinePlacementPolicy (PipelinePlacementPolicy.java:meetCriteria(91)) - Pipeline Placement: can't place more pipeline on heavy datanode： 5ef5b40b-6668-4f90-a5de-67c965602eb0 Heaviness: 6 limit: 5
2019-09-26 11:01:38,454 [IPC Server handler 15 on 33790] INFO  pipeline.PipelinePlacementPolicy (PipelinePlacementPolicy.java:meetCriteria(91)) - Pipeline Placement: can't place more pipeline on heavy datanode： f1b27ee7-0671-41a8-9e25-617c44580f9f Heaviness: 6 limit: 5
2019-09-26 11:01:38,454 [IPC Server handler 15 on 33790] INFO  pipeline.PipelinePlacementPolicy (PipelinePlacementPolicy.java:meetCriteria(91)) - Pipeline Placement: can't place more pipeline on heavy datanode： bffaef1c-5345-42b9-b6d0-3a6335242d0a Heaviness: 6 limit: 5
2019-09-26 11:01:38,455 [IPC Server handler 15 on 33790] INFO  pipeline.PipelinePlacementPolicy (PipelinePlacementPolicy.java:meetCriteria(91)) - Pipeline Placement: can't place more pipeline on heavy datanode： 21851714-a306-49cf-b784-d62ce38d388a Heaviness: 6 limit: 5
2019-09-26 11:01:38,455 [IPC Server handler 15 on 33790] INFO  pipeline.PipelinePlacementPolicy (PipelinePlacementPolicy.java:meetCriteria(91)) - Pipeline Placement: can't place more pipeline on heavy datanode： 02a54e17-f5d7-41bc-86bd-d3683be60571 Heaviness: 6 limit: 5
2019-09-26 11:01:38,455 [IPC Server handler 15 on 33790] ERROR pipeline.PipelinePlacementPolicy (PipelinePlacementPolicy.java:filterViableNodes(148)) - Unable to find enough nodes that meet the criteria that cannot engage in more than 5 pipelines. Nodes required: 3 Found: 0, healthy nodes count inNodeManager: 5.
2019-09-26 11:01:38,455 [IPC Server handler 15 on 33790] ERROR pipeline.SCMPipelineManager (SCMPipelineManager.java:createPipeline(167)) - Pipeline creation failed.
org.apache.hadoop.hdds.scm.exceptions.SCMException: Unable to find enough nodes that meet the criteria that cannot engage in more than 5 pipelines. Nodes required: 3 Found: 0, healthy nodes count inNodeManager: 5.
	at org.apache.hadoop.hdds.scm.pipeline.PipelinePlacementPolicy.filterViableNodes(PipelinePlacementPolicy.java:149)
	at org.apache.hadoop.hdds.scm.pipeline.PipelinePlacementPolicy.chooseDatanodes(PipelinePlacementPolicy.java:172)
	at org.apache.hadoop.hdds.scm.pipeline.RatisPipelineProvider.create(RatisPipelineProvider.java:93)
	at org.apache.hadoop.hdds.scm.pipeline.PipelineFactory.create(PipelineFactory.java:58)
	at org.apache.hadoop.hdds.scm.pipeline.SCMPipelineManager.createPipeline(SCMPipelineManager.java:155)
	at org.apache.hadoop.hdds.scm.block.BlockManagerImpl.allocateBlock(BlockManagerImpl.java:190)
	at org.apache.hadoop.hdds.scm.server.SCMBlockProtocolServer.allocateBlock(SCMBlockProtocolServer.java:182)
	at org.apache.hadoop.ozone.protocolPB.ScmBlockLocationProtocolServerSideTranslatorPB.allocateScmBlock(ScmBlockLocationProtocolServerSideTranslatorPB.java:183)
	at org.apache.hadoop.ozone.protocolPB.ScmBlockLocationProtocolServerSideTranslatorPB.processMessage(ScmBlockLocationProtocolServerSideTranslatorPB.java:141)
	at org.apache.hadoop.ozone.protocolPB.ScmBlockLocationProtocolServerSideTranslatorPB.send(ScmBlockLocationProtocolServerSideTranslatorPB.java:116)
	at org.apache.hadoop.hdds.protocol.proto.ScmBlockLocationProtocolProtos$ScmBlockLocationProtocolService$2.callBlockingMethod(ScmBlockLocationProtocolProtos.java:13157)
	at org.apache.hadoop.ipc.ProtobufRpcEngine$Server$ProtoBufRpcInvoker.call(ProtobufRpcEngine.java:524)
	at org.apache.hadoop.ipc.RPC$Server.call(RPC.java:1025)
	at org.apache.hadoop.ipc.Server$RpcCall.run(Server.java:876)
	at org.apache.hadoop.ipc.Server$RpcCall.run(Server.java:822)
	at java.security.AccessController.doPrivileged(Native Method)
	at javax.security.auth.Subject.doAs(Subject.java:422)
	at org.apache.hadoop.security.UserGroupInformation.doAs(UserGroupInformation.java:1730)
	at org.apache.hadoop.ipc.Server$Handler.run(Server.java:2682)
2019-09-26 11:01:38,456 [IPC Server handler 15 on 33790] WARN  block.BlockManagerImpl (BlockManagerImpl.java:allocateBlock(192)) - Pipeline creation failed for type:RATIS factor:THREE. Retrying get pipelines call once.
org.apache.hadoop.hdds.scm.exceptions.SCMException: Unable to find enough nodes that meet the criteria that cannot engage in more than 5 pipelines. Nodes required: 3 Found: 0, healthy nodes count inNodeManager: 5.
	at org.apache.hadoop.hdds.scm.pipeline.PipelinePlacementPolicy.filterViableNodes(PipelinePlacementPolicy.java:149)
	at org.apache.hadoop.hdds.scm.pipeline.PipelinePlacementPolicy.chooseDatanodes(PipelinePlacementPolicy.java:172)
	at org.apache.hadoop.hdds.scm.pipeline.RatisPipelineProvider.create(RatisPipelineProvider.java:93)
	at org.apache.hadoop.hdds.scm.pipeline.PipelineFactory.create(PipelineFactory.java:58)
	at org.apache.hadoop.hdds.scm.pipeline.SCMPipelineManager.createPipeline(SCMPipelineManager.java:155)
	at org.apache.hadoop.hdds.scm.block.BlockManagerImpl.allocateBlock(BlockManagerImpl.java:190)
	at org.apache.hadoop.hdds.scm.server.SCMBlockProtocolServer.allocateBlock(SCMBlockProtocolServer.java:182)
	at org.apache.hadoop.ozone.protocolPB.ScmBlockLocationProtocolServerSideTranslatorPB.allocateScmBlock(ScmBlockLocationProtocolServerSideTranslatorPB.java:183)
	at org.apache.hadoop.ozone.protocolPB.ScmBlockLocationProtocolServerSideTranslatorPB.processMessage(ScmBlockLocationProtocolServerSideTranslatorPB.java:141)
	at org.apache.hadoop.ozone.protocolPB.ScmBlockLocationProtocolServerSideTranslatorPB.send(ScmBlockLocationProtocolServerSideTranslatorPB.java:116)
	at org.apache.hadoop.hdds.protocol.proto.ScmBlockLocationProtocolProtos$ScmBlockLocationProtocolService$2.callBlockingMethod(ScmBlockLocationProtocolProtos.java:13157)
	at org.apache.hadoop.ipc.ProtobufRpcEngine$Server$ProtoBufRpcInvoker.call(ProtobufRpcEngine.java:524)
	at org.apache.hadoop.ipc.RPC$Server.call(RPC.java:1025)
	at org.apache.hadoop.ipc.Server$RpcCall.run(Server.java:876)
	at org.apache.hadoop.ipc.Server$RpcCall.run(Server.java:822)
	at java.security.AccessController.doPrivileged(Native Method)
	at javax.security.auth.Subject.doAs(Subject.java:422)
	at org.apache.hadoop.security.UserGroupInformation.doAs(UserGroupInformation.java:1730)
	at org.apache.hadoop.ipc.Server$Handler.run(Server.java:2682)
2019-09-26 11:01:38,456 [IPC Server handler 7 on 33790] INFO  pipeline.PipelinePlacementPolicy (PipelinePlacementPolicy.java:meetCriteria(91)) - Pipeline Placement: can't place more pipeline on heavy datanode： 5ef5b40b-6668-4f90-a5de-67c965602eb0 Heaviness: 6 limit: 5
2019-09-26 11:01:38,457 [IPC Server handler 7 on 33790] INFO  pipeline.PipelinePlacementPolicy (PipelinePlacementPolicy.java:meetCriteria(91)) - Pipeline Placement: can't place more pipeline on heavy datanode： f1b27ee7-0671-41a8-9e25-617c44580f9f Heaviness: 6 limit: 5
2019-09-26 11:01:38,457 [IPC Server handler 7 on 33790] INFO  pipeline.PipelinePlacementPolicy (PipelinePlacementPolicy.java:meetCriteria(91)) - Pipeline Placement: can't place more pipeline on heavy datanode： bffaef1c-5345-42b9-b6d0-3a6335242d0a Heaviness: 6 limit: 5
2019-09-26 11:01:38,457 [IPC Server handler 7 on 33790] INFO  pipeline.PipelinePlacementPolicy (PipelinePlacementPolicy.java:meetCriteria(91)) - Pipeline Placement: can't place more pipeline on heavy datanode： 21851714-a306-49cf-b784-d62ce38d388a Heaviness: 6 limit: 5
2019-09-26 11:01:38,457 [IPC Server handler 7 on 33790] INFO  pipeline.PipelinePlacementPolicy (PipelinePlacementPolicy.java:meetCriteria(91)) - Pipeline Placement: can't place more pipeline on heavy datanode： 02a54e17-f5d7-41bc-86bd-d3683be60571 Heaviness: 6 limit: 5
2019-09-26 11:01:38,457 [IPC Server handler 7 on 33790] ERROR pipeline.PipelinePlacementPolicy (PipelinePlacementPolicy.java:filterViableNodes(148)) - Unable to find enough nodes that meet the criteria that cannot engage in more than 5 pipelines. Nodes required: 3 Found: 0, healthy nodes count inNodeManager: 5.
2019-09-26 11:01:38,457 [IPC Server handler 7 on 33790] ERROR pipeline.SCMPipelineManager (SCMPipelineManager.java:createPipeline(167)) - Pipeline creation failed.
org.apache.hadoop.hdds.scm.exceptions.SCMException: Unable to find enough nodes that meet the criteria that cannot engage in more than 5 pipelines. Nodes required: 3 Found: 0, healthy nodes count inNodeManager: 5.
	at org.apache.hadoop.hdds.scm.pipeline.PipelinePlacementPolicy.filterViableNodes(PipelinePlacementPolicy.java:149)
	at org.apache.hadoop.hdds.scm.pipeline.PipelinePlacementPolicy.chooseDatanodes(PipelinePlacementPolicy.java:172)
	at org.apache.hadoop.hdds.scm.pipeline.RatisPipelineProvider.create(RatisPipelineProvider.java:93)
	at org.apache.hadoop.hdds.scm.pipeline.PipelineFactory.create(PipelineFactory.java:58)
	at org.apache.hadoop.hdds.scm.pipeline.SCMPipelineManager.createPipeline(SCMPipelineManager.java:155)
	at org.apache.hadoop.hdds.scm.block.BlockManagerImpl.allocateBlock(BlockManagerImpl.java:190)
	at org.apache.hadoop.hdds.scm.server.SCMBlockProtocolServer.allocateBlock(SCMBlockProtocolServer.java:182)
	at org.apache.hadoop.ozone.protocolPB.ScmBlockLocationProtocolServerSideTranslatorPB.allocateScmBlock(ScmBlockLocationProtocolServerSideTranslatorPB.java:183)
	at org.apache.hadoop.ozone.protocolPB.ScmBlockLocationProtocolServerSideTranslatorPB.processMessage(ScmBlockLocationProtocolServerSideTranslatorPB.java:141)
	at org.apache.hadoop.ozone.protocolPB.ScmBlockLocationProtocolServerSideTranslatorPB.send(ScmBlockLocationProtocolServerSideTranslatorPB.java:116)
	at org.apache.hadoop.hdds.protocol.proto.ScmBlockLocationProtocolProtos$ScmBlockLocationProtocolService$2.callBlockingMethod(ScmBlockLocationProtocolProtos.java:13157)
	at org.apache.hadoop.ipc.ProtobufRpcEngine$Server$ProtoBufRpcInvoker.call(ProtobufRpcEngine.java:524)
	at org.apache.hadoop.ipc.RPC$Server.call(RPC.java:1025)
	at org.apache.hadoop.ipc.Server$RpcCall.run(Server.java:876)
	at org.apache.hadoop.ipc.Server$RpcCall.run(Server.java:822)
	at java.security.AccessController.doPrivileged(Native Method)
	at javax.security.auth.Subject.doAs(Subject.java:422)
	at org.apache.hadoop.security.UserGroupInformation.doAs(UserGroupInformation.java:1730)
	at org.apache.hadoop.ipc.Server$Handler.run(Server.java:2682)
2019-09-26 11:01:38,458 [IPC Server handler 7 on 33790] WARN  block.BlockManagerImpl (BlockManagerImpl.java:allocateBlock(192)) - Pipeline creation failed for type:RATIS factor:THREE. Retrying get pipelines call once.
org.apache.hadoop.hdds.scm.exceptions.SCMException: Unable to find enough nodes that meet the criteria that cannot engage in more than 5 pipelines. Nodes required: 3 Found: 0, healthy nodes count inNodeManager: 5.
	at org.apache.hadoop.hdds.scm.pipeline.PipelinePlacementPolicy.filterViableNodes(PipelinePlacementPolicy.java:149)
	at org.apache.hadoop.hdds.scm.pipeline.PipelinePlacementPolicy.chooseDatanodes(PipelinePlacementPolicy.java:172)
	at org.apache.hadoop.hdds.scm.pipeline.RatisPipelineProvider.create(RatisPipelineProvider.java:93)
	at org.apache.hadoop.hdds.scm.pipeline.PipelineFactory.create(PipelineFactory.java:58)
	at org.apache.hadoop.hdds.scm.pipeline.SCMPipelineManager.createPipeline(SCMPipelineManager.java:155)
	at org.apache.hadoop.hdds.scm.block.BlockManagerImpl.allocateBlock(BlockManagerImpl.java:190)
	at org.apache.hadoop.hdds.scm.server.SCMBlockProtocolServer.allocateBlock(SCMBlockProtocolServer.java:182)
	at org.apache.hadoop.ozone.protocolPB.ScmBlockLocationProtocolServerSideTranslatorPB.allocateScmBlock(ScmBlockLocationProtocolServerSideTranslatorPB.java:183)
	at org.apache.hadoop.ozone.protocolPB.ScmBlockLocationProtocolServerSideTranslatorPB.processMessage(ScmBlockLocationProtocolServerSideTranslatorPB.java:141)
	at org.apache.hadoop.ozone.protocolPB.ScmBlockLocationProtocolServerSideTranslatorPB.send(ScmBlockLocationProtocolServerSideTranslatorPB.java:116)
	at org.apache.hadoop.hdds.protocol.proto.ScmBlockLocationProtocolProtos$ScmBlockLocationProtocolService$2.callBlockingMethod(ScmBlockLocationProtocolProtos.java:13157)
	at org.apache.hadoop.ipc.ProtobufRpcEngine$Server$ProtoBufRpcInvoker.call(ProtobufRpcEngine.java:524)
	at org.apache.hadoop.ipc.RPC$Server.call(RPC.java:1025)
	at org.apache.hadoop.ipc.Server$RpcCall.run(Server.java:876)
	at org.apache.hadoop.ipc.Server$RpcCall.run(Server.java:822)
	at java.security.AccessController.doPrivileged(Native Method)
	at javax.security.auth.Subject.doAs(Subject.java:422)
	at org.apache.hadoop.security.UserGroupInformation.doAs(UserGroupInformation.java:1730)
	at org.apache.hadoop.ipc.Server$Handler.run(Server.java:2682)
2019-09-26 11:01:38,458 [IPC Server handler 12 on 33790] INFO  pipeline.PipelinePlacementPolicy (PipelinePlacementPolicy.java:meetCriteria(91)) - Pipeline Placement: can't place more pipeline on heavy datanode： 5ef5b40b-6668-4f90-a5de-67c965602eb0 Heaviness: 6 limit: 5
2019-09-26 11:01:38,458 [IPC Server handler 12 on 33790] INFO  pipeline.PipelinePlacementPolicy (PipelinePlacementPolicy.java:meetCriteria(91)) - Pipeline Placement: can't place more pipeline on heavy datanode： f1b27ee7-0671-41a8-9e25-617c44580f9f Heaviness: 6 limit: 5
2019-09-26 11:01:38,458 [IPC Server handler 12 on 33790] INFO  pipeline.PipelinePlacementPolicy (PipelinePlacementPolicy.java:meetCriteria(91)) - Pipeline Placement: can't place more pipeline on heavy datanode： bffaef1c-5345-42b9-b6d0-3a6335242d0a Heaviness: 6 limit: 5
2019-09-26 11:01:38,459 [IPC Server handler 12 on 33790] INFO  pipeline.PipelinePlacementPolicy (PipelinePlacementPolicy.java:meetCriteria(91)) - Pipeline Placement: can't place more pipeline on heavy datanode： 21851714-a306-49cf-b784-d62ce38d388a Heaviness: 6 limit: 5
2019-09-26 11:01:38,459 [IPC Server handler 12 on 33790] INFO  pipeline.PipelinePlacementPolicy (PipelinePlacementPolicy.java:meetCriteria(91)) - Pipeline Placement: can't place more pipeline on heavy datanode： 02a54e17-f5d7-41bc-86bd-d3683be60571 Heaviness: 6 limit: 5
2019-09-26 11:01:38,459 [IPC Server handler 12 on 33790] ERROR pipeline.PipelinePlacementPolicy (PipelinePlacementPolicy.java:filterViableNodes(148)) - Unable to find enough nodes that meet the criteria that cannot engage in more than 5 pipelines. Nodes required: 3 Found: 0, healthy nodes count inNodeManager: 5.
2019-09-26 11:01:38,459 [IPC Server handler 12 on 33790] ERROR pipeline.SCMPipelineManager (SCMPipelineManager.java:createPipeline(167)) - Pipeline creation failed.
org.apache.hadoop.hdds.scm.exceptions.SCMException: Unable to find enough nodes that meet the criteria that cannot engage in more than 5 pipelines. Nodes required: 3 Found: 0, healthy nodes count inNodeManager: 5.
	at org.apache.hadoop.hdds.scm.pipeline.PipelinePlacementPolicy.filterViableNodes(PipelinePlacementPolicy.java:149)
	at org.apache.hadoop.hdds.scm.pipeline.PipelinePlacementPolicy.chooseDatanodes(PipelinePlacementPolicy.java:172)
	at org.apache.hadoop.hdds.scm.pipeline.RatisPipelineProvider.create(RatisPipelineProvider.java:93)
	at org.apache.hadoop.hdds.scm.pipeline.PipelineFactory.create(PipelineFactory.java:58)
	at org.apache.hadoop.hdds.scm.pipeline.SCMPipelineManager.createPipeline(SCMPipelineManager.java:155)
	at org.apache.hadoop.hdds.scm.block.BlockManagerImpl.allocateBlock(BlockManagerImpl.java:190)
	at org.apache.hadoop.hdds.scm.server.SCMBlockProtocolServer.allocateBlock(SCMBlockProtocolServer.java:182)
	at org.apache.hadoop.ozone.protocolPB.ScmBlockLocationProtocolServerSideTranslatorPB.allocateScmBlock(ScmBlockLocationProtocolServerSideTranslatorPB.java:183)
	at org.apache.hadoop.ozone.protocolPB.ScmBlockLocationProtocolServerSideTranslatorPB.processMessage(ScmBlockLocationProtocolServerSideTranslatorPB.java:141)
	at org.apache.hadoop.ozone.protocolPB.ScmBlockLocationProtocolServerSideTranslatorPB.send(ScmBlockLocationProtocolServerSideTranslatorPB.java:116)
	at org.apache.hadoop.hdds.protocol.proto.ScmBlockLocationProtocolProtos$ScmBlockLocationProtocolService$2.callBlockingMethod(ScmBlockLocationProtocolProtos.java:13157)
	at org.apache.hadoop.ipc.ProtobufRpcEngine$Server$ProtoBufRpcInvoker.call(ProtobufRpcEngine.java:524)
	at org.apache.hadoop.ipc.RPC$Server.call(RPC.java:1025)
	at org.apache.hadoop.ipc.Server$RpcCall.run(Server.java:876)
	at org.apache.hadoop.ipc.Server$RpcCall.run(Server.java:822)
	at java.security.AccessController.doPrivileged(Native Method)
	at javax.security.auth.Subject.doAs(Subject.java:422)
	at org.apache.hadoop.security.UserGroupInformation.doAs(UserGroupInformation.java:1730)
	at org.apache.hadoop.ipc.Server$Handler.run(Server.java:2682)
2019-09-26 11:01:38,460 [IPC Server handler 12 on 33790] WARN  block.BlockManagerImpl (BlockManagerImpl.java:allocateBlock(192)) - Pipeline creation failed for type:RATIS factor:THREE. Retrying get pipelines call once.
org.apache.hadoop.hdds.scm.exceptions.SCMException: Unable to find enough nodes that meet the criteria that cannot engage in more than 5 pipelines. Nodes required: 3 Found: 0, healthy nodes count inNodeManager: 5.
	at org.apache.hadoop.hdds.scm.pipeline.PipelinePlacementPolicy.filterViableNodes(PipelinePlacementPolicy.java:149)
	at org.apache.hadoop.hdds.scm.pipeline.PipelinePlacementPolicy.chooseDatanodes(PipelinePlacementPolicy.java:172)
	at org.apache.hadoop.hdds.scm.pipeline.RatisPipelineProvider.create(RatisPipelineProvider.java:93)
	at org.apache.hadoop.hdds.scm.pipeline.PipelineFactory.create(PipelineFactory.java:58)
	at org.apache.hadoop.hdds.scm.pipeline.SCMPipelineManager.createPipeline(SCMPipelineManager.java:155)
	at org.apache.hadoop.hdds.scm.block.BlockManagerImpl.allocateBlock(BlockManagerImpl.java:190)
	at org.apache.hadoop.hdds.scm.server.SCMBlockProtocolServer.allocateBlock(SCMBlockProtocolServer.java:182)
	at org.apache.hadoop.ozone.protocolPB.ScmBlockLocationProtocolServerSideTranslatorPB.allocateScmBlock(ScmBlockLocationProtocolServerSideTranslatorPB.java:183)
	at org.apache.hadoop.ozone.protocolPB.ScmBlockLocationProtocolServerSideTranslatorPB.processMessage(ScmBlockLocationProtocolServerSideTranslatorPB.java:141)
	at org.apache.hadoop.ozone.protocolPB.ScmBlockLocationProtocolServerSideTranslatorPB.send(ScmBlockLocationProtocolServerSideTranslatorPB.java:116)
	at org.apache.hadoop.hdds.protocol.proto.ScmBlockLocationProtocolProtos$ScmBlockLocationProtocolService$2.callBlockingMethod(ScmBlockLocationProtocolProtos.java:13157)
	at org.apache.hadoop.ipc.ProtobufRpcEngine$Server$ProtoBufRpcInvoker.call(ProtobufRpcEngine.java:524)
	at org.apache.hadoop.ipc.RPC$Server.call(RPC.java:1025)
	at org.apache.hadoop.ipc.Server$RpcCall.run(Server.java:876)
	at org.apache.hadoop.ipc.Server$RpcCall.run(Server.java:822)
	at java.security.AccessController.doPrivileged(Native Method)
	at javax.security.auth.Subject.doAs(Subject.java:422)
	at org.apache.hadoop.security.UserGroupInformation.doAs(UserGroupInformation.java:1730)
	at org.apache.hadoop.ipc.Server$Handler.run(Server.java:2682)
2019-09-26 11:01:38,460 [IPC Server handler 15 on 33790] INFO  block.BlockManagerImpl (BlockManagerImpl.java:allocateBlock(198)) - Could not find available pipeline of type:RATIS and factor:THREE even after retrying
2019-09-26 11:01:38,460 [IPC Server handler 7 on 33790] INFO  block.BlockManagerImpl (BlockManagerImpl.java:allocateBlock(198)) - Could not find available pipeline of type:RATIS and factor:THREE even after retrying
2019-09-26 11:01:38,460 [IPC Server handler 7 on 33790] ERROR block.BlockManagerImpl (BlockManagerImpl.java:allocateBlock(222)) - Unable to allocate a block for the size: 4194304, type: RATIS, factor: THREE
2019-09-26 11:01:38,460 [IPC Server handler 3 on 33790] INFO  block.BlockManagerImpl (BlockManagerImpl.java:allocateBlock(198)) - Could not find available pipeline of type:RATIS and factor:THREE even after retrying
2019-09-26 11:01:38,460 [IPC Server handler 5 on 33790] INFO  block.BlockManagerImpl (BlockManagerImpl.java:allocateBlock(198)) - Could not find available pipeline of type:RATIS and factor:THREE even after retrying
2019-09-26 11:01:38,460 [IPC Server handler 3 on 33790] ERROR block.BlockManagerImpl (BlockManagerImpl.java:allocateBlock(222)) - Unable to allocate a block for the size: 4194304, type: RATIS, factor: THREE
2019-09-26 11:01:38,460 [IPC Server handler 15 on 33790] ERROR block.BlockManagerImpl (BlockManagerImpl.java:allocateBlock(222)) - Unable to allocate a block for the size: 4194304, type: RATIS, factor: THREE
2019-09-26 11:01:38,460 [IPC Server handler 12 on 33790] INFO  block.BlockManagerImpl (BlockManagerImpl.java:allocateBlock(198)) - Could not find available pipeline of type:RATIS and factor:THREE even after retrying
2019-09-26 11:01:38,461 [IPC Server handler 12 on 33790] ERROR block.BlockManagerImpl (BlockManagerImpl.java:allocateBlock(222)) - Unable to allocate a block for the size: 4194304, type: RATIS, factor: THREE
2019-09-26 11:01:38,461 [IPC Server handler 5 on 33790] ERROR block.BlockManagerImpl (BlockManagerImpl.java:allocateBlock(222)) - Unable to allocate a block for the size: 4194304, type: RATIS, factor: THREE
2019-09-26 11:01:38,462 [pool-75-thread-10] ERROR freon.RandomKeyGenerator (RandomKeyGenerator.java:createKey(733)) - Exception while adding key: key-0-03038 in bucket: bucket-3-85417 of volume: vol-1-74815.
INTERNAL_ERROR org.apache.hadoop.ozone.om.exceptions.OMException: Allocated 0 blocks. Requested 1 blocks
	at org.apache.hadoop.ozone.om.protocolPB.OzoneManagerProtocolClientSideTranslatorPB.handleError(OzoneManagerProtocolClientSideTranslatorPB.java:732)
	at org.apache.hadoop.ozone.om.protocolPB.OzoneManagerProtocolClientSideTranslatorPB.openKey(OzoneManagerProtocolClientSideTranslatorPB.java:723)
	at sun.reflect.NativeMethodAccessorImpl.invoke0(Native Method)
	at sun.reflect.NativeMethodAccessorImpl.invoke(NativeMethodAccessorImpl.java:62)
	at sun.reflect.DelegatingMethodAccessorImpl.invoke(DelegatingMethodAccessorImpl.java:43)
	at java.lang.reflect.Method.invoke(Method.java:498)
	at org.apache.hadoop.hdds.tracing.TraceAllMethod.invoke(TraceAllMethod.java:66)
	at com.sun.proxy.$Proxy37.openKey(Unknown Source)
	at org.apache.hadoop.ozone.client.rpc.RpcClient.createKey(RpcClient.java:614)
	at org.apache.hadoop.ozone.client.OzoneBucket.createKey(OzoneBucket.java:325)
	at org.apache.hadoop.ozone.freon.RandomKeyGenerator.createKey(RandomKeyGenerator.java:695)
	at org.apache.hadoop.ozone.freon.RandomKeyGenerator.access$1100(RandomKeyGenerator.java:88)
	at org.apache.hadoop.ozone.freon.RandomKeyGenerator$ObjectCreator.run(RandomKeyGenerator.java:615)
	at java.util.concurrent.Executors$RunnableAdapter.call(Executors.java:511)
	at java.util.concurrent.FutureTask.run(FutureTask.java:266)
	at java.util.concurrent.ThreadPoolExecutor.runWorker(ThreadPoolExecutor.java:1149)
	at java.util.concurrent.ThreadPoolExecutor$Worker.run(ThreadPoolExecutor.java:624)
	at java.lang.Thread.run(Thread.java:748)
2019-09-26 11:01:38,462 [pool-75-thread-5] ERROR freon.RandomKeyGenerator (RandomKeyGenerator.java:createKey(733)) - Exception while adding key: key-0-69054 in bucket: bucket-2-19079 of volume: vol-1-74815.
INTERNAL_ERROR org.apache.hadoop.ozone.om.exceptions.OMException: Allocated 0 blocks. Requested 1 blocks
	at org.apache.hadoop.ozone.om.protocolPB.OzoneManagerProtocolClientSideTranslatorPB.handleError(OzoneManagerProtocolClientSideTranslatorPB.java:732)
	at org.apache.hadoop.ozone.om.protocolPB.OzoneManagerProtocolClientSideTranslatorPB.openKey(OzoneManagerProtocolClientSideTranslatorPB.java:723)
	at sun.reflect.NativeMethodAccessorImpl.invoke0(Native Method)
	at sun.reflect.NativeMethodAccessorImpl.invoke(NativeMethodAccessorImpl.java:62)
	at sun.reflect.DelegatingMethodAccessorImpl.invoke(DelegatingMethodAccessorImpl.java:43)
	at java.lang.reflect.Method.invoke(Method.java:498)
	at org.apache.hadoop.hdds.tracing.TraceAllMethod.invoke(TraceAllMethod.java:66)
	at com.sun.proxy.$Proxy37.openKey(Unknown Source)
	at org.apache.hadoop.ozone.client.rpc.RpcClient.createKey(RpcClient.java:614)
	at org.apache.hadoop.ozone.client.OzoneBucket.createKey(OzoneBucket.java:325)
	at org.apache.hadoop.ozone.freon.RandomKeyGenerator.createKey(RandomKeyGenerator.java:695)
	at org.apache.hadoop.ozone.freon.RandomKeyGenerator.access$1100(RandomKeyGenerator.java:88)
	at org.apache.hadoop.ozone.freon.RandomKeyGenerator$ObjectCreator.run(RandomKeyGenerator.java:615)
	at java.util.concurrent.Executors$RunnableAdapter.call(Executors.java:511)
	at java.util.concurrent.FutureTask.run(FutureTask.java:266)
	at java.util.concurrent.ThreadPoolExecutor.runWorker(ThreadPoolExecutor.java:1149)
	at java.util.concurrent.ThreadPoolExecutor$Worker.run(ThreadPoolExecutor.java:624)
	at java.lang.Thread.run(Thread.java:748)
2019-09-26 11:01:38,462 [pool-75-thread-4] ERROR freon.RandomKeyGenerator (RandomKeyGenerator.java:createKey(733)) - Exception while adding key: key-0-08907 in bucket: bucket-2-37028 of volume: vol-0-84373.
INTERNAL_ERROR org.apache.hadoop.ozone.om.exceptions.OMException: Allocated 0 blocks. Requested 1 blocks
	at org.apache.hadoop.ozone.om.protocolPB.OzoneManagerProtocolClientSideTranslatorPB.handleError(OzoneManagerProtocolClientSideTranslatorPB.java:732)
	at org.apache.hadoop.ozone.om.protocolPB.OzoneManagerProtocolClientSideTranslatorPB.openKey(OzoneManagerProtocolClientSideTranslatorPB.java:723)
	at sun.reflect.NativeMethodAccessorImpl.invoke0(Native Method)
	at sun.reflect.NativeMethodAccessorImpl.invoke(NativeMethodAccessorImpl.java:62)
	at sun.reflect.DelegatingMethodAccessorImpl.invoke(DelegatingMethodAccessorImpl.java:43)
	at java.lang.reflect.Method.invoke(Method.java:498)
	at org.apache.hadoop.hdds.tracing.TraceAllMethod.invoke(TraceAllMethod.java:66)
	at com.sun.proxy.$Proxy37.openKey(Unknown Source)
	at org.apache.hadoop.ozone.client.rpc.RpcClient.createKey(RpcClient.java:614)
	at org.apache.hadoop.ozone.client.OzoneBucket.createKey(OzoneBucket.java:325)
	at org.apache.hadoop.ozone.freon.RandomKeyGenerator.createKey(RandomKeyGenerator.java:695)
	at org.apache.hadoop.ozone.freon.RandomKeyGenerator.access$1100(RandomKeyGenerator.java:88)
	at org.apache.hadoop.ozone.freon.RandomKeyGenerator$ObjectCreator.run(RandomKeyGenerator.java:615)
	at java.util.concurrent.Executors$RunnableAdapter.call(Executors.java:511)
	at java.util.concurrent.FutureTask.run(FutureTask.java:266)
	at java.util.concurrent.ThreadPoolExecutor.runWorker(ThreadPoolExecutor.java:1149)
	at java.util.concurrent.ThreadPoolExecutor$Worker.run(ThreadPoolExecutor.java:624)
	at java.lang.Thread.run(Thread.java:748)
2019-09-26 11:01:38,462 [pool-75-thread-8] ERROR freon.RandomKeyGenerator (RandomKeyGenerator.java:createKey(733)) - Exception while adding key: key-0-56040 in bucket: bucket-4-51032 of volume: vol-1-74815.
INTERNAL_ERROR org.apache.hadoop.ozone.om.exceptions.OMException: Allocated 0 blocks. Requested 1 blocks
	at org.apache.hadoop.ozone.om.protocolPB.OzoneManagerProtocolClientSideTranslatorPB.handleError(OzoneManagerProtocolClientSideTranslatorPB.java:732)
	at org.apache.hadoop.ozone.om.protocolPB.OzoneManagerProtocolClientSideTranslatorPB.openKey(OzoneManagerProtocolClientSideTranslatorPB.java:723)
	at sun.reflect.NativeMethodAccessorImpl.invoke0(Native Method)
	at sun.reflect.NativeMethodAccessorImpl.invoke(NativeMethodAccessorImpl.java:62)
	at sun.reflect.DelegatingMethodAccessorImpl.invoke(DelegatingMethodAccessorImpl.java:43)
	at java.lang.reflect.Method.invoke(Method.java:498)
	at org.apache.hadoop.hdds.tracing.TraceAllMethod.invoke(TraceAllMethod.java:66)
	at com.sun.proxy.$Proxy37.openKey(Unknown Source)
	at org.apache.hadoop.ozone.client.rpc.RpcClient.createKey(RpcClient.java:614)
	at org.apache.hadoop.ozone.client.OzoneBucket.createKey(OzoneBucket.java:325)
	at org.apache.hadoop.ozone.freon.RandomKeyGenerator.createKey(RandomKeyGenerator.java:695)
	at org.apache.hadoop.ozone.freon.RandomKeyGenerator.access$1100(RandomKeyGenerator.java:88)
	at org.apache.hadoop.ozone.freon.RandomKeyGenerator$ObjectCreator.run(RandomKeyGenerator.java:615)
	at java.util.concurrent.Executors$RunnableAdapter.call(Executors.java:511)
	at java.util.concurrent.FutureTask.run(FutureTask.java:266)
	at java.util.concurrent.ThreadPoolExecutor.runWorker(ThreadPoolExecutor.java:1149)
	at java.util.concurrent.ThreadPoolExecutor$Worker.run(ThreadPoolExecutor.java:624)
	at java.lang.Thread.run(Thread.java:748)
2019-09-26 11:01:38,462 [pool-75-thread-7] ERROR freon.RandomKeyGenerator (RandomKeyGenerator.java:createKey(733)) - Exception while adding key: key-0-22395 in bucket: bucket-4-78422 of volume: vol-0-84373.
INTERNAL_ERROR org.apache.hadoop.ozone.om.exceptions.OMException: Allocated 0 blocks. Requested 1 blocks
	at org.apache.hadoop.ozone.om.protocolPB.OzoneManagerProtocolClientSideTranslatorPB.handleError(OzoneManagerProtocolClientSideTranslatorPB.java:732)
	at org.apache.hadoop.ozone.om.protocolPB.OzoneManagerProtocolClientSideTranslatorPB.openKey(OzoneManagerProtocolClientSideTranslatorPB.java:723)
	at sun.reflect.NativeMethodAccessorImpl.invoke0(Native Method)
	at sun.reflect.NativeMethodAccessorImpl.invoke(NativeMethodAccessorImpl.java:62)
	at sun.reflect.DelegatingMethodAccessorImpl.invoke(DelegatingMethodAccessorImpl.java:43)
	at java.lang.reflect.Method.invoke(Method.java:498)
	at org.apache.hadoop.hdds.tracing.TraceAllMethod.invoke(TraceAllMethod.java:66)
	at com.sun.proxy.$Proxy37.openKey(Unknown Source)
	at org.apache.hadoop.ozone.client.rpc.RpcClient.createKey(RpcClient.java:614)
	at org.apache.hadoop.ozone.client.OzoneBucket.createKey(OzoneBucket.java:325)
	at org.apache.hadoop.ozone.freon.RandomKeyGenerator.createKey(RandomKeyGenerator.java:695)
	at org.apache.hadoop.ozone.freon.RandomKeyGenerator.access$1100(RandomKeyGenerator.java:88)
	at org.apache.hadoop.ozone.freon.RandomKeyGenerator$ObjectCreator.run(RandomKeyGenerator.java:615)
	at java.util.concurrent.Executors$RunnableAdapter.call(Executors.java:511)
	at java.util.concurrent.FutureTask.run(FutureTask.java:266)
	at java.util.concurrent.ThreadPoolExecutor.runWorker(ThreadPoolExecutor.java:1149)
	at java.util.concurrent.ThreadPoolExecutor$Worker.run(ThreadPoolExecutor.java:624)
	at java.lang.Thread.run(Thread.java:748)
 0.00% |█                                                                                                    |  0/100 Time: 0:00:01 0.00% |█                                                                                                    |  0/100 Time: 0:00:02 0.00% |█                                                                                                    |  0/100 Time: 0:00:03 0.00% |█                                                                                                    |  0/100 Time: 0:00:04 100.00% |█████████████████████████████████████████████████████████████████████████████████████████████████████|  100/100 Time: 0:00:05
]]></system-out>
  </testcase>
</testsuite>