<?xml version="1.0" encoding="UTF-8"?>
<testsuite xmlns:xsi="http://www.w3.org/2001/XMLSchema-instance" xsi:noNamespaceSchemaLocation="https://maven.apache.org/surefire/maven-surefire-plugin/xsd/surefire-test-report.xsd" name="org.apache.hadoop.ozone.freon.TestFreonWithPipelineDestroy" time="32.176" tests="1" errors="1" skipped="0" failures="0">
  <properties>
    <property name="awt.toolkit" value="sun.awt.X11.XToolkit"/>
    <property name="file.encoding.pkg" value="sun.io"/>
    <property name="java.specification.version" value="1.8"/>
    <property name="sun.cpu.isalist" value=""/>
    <property name="sun.jnu.encoding" value="UTF-8"/>
    <property name="java.class.path" value="/workdir/hadoop-ozone/tools/target/test-classes:/workdir/hadoop-ozone/tools/target/classes:/home/user/.m2/repository/org/apache/hadoop/hadoop-ozone-ozone-manager/0.5.0-SNAPSHOT/hadoop-ozone-ozone-manager-0.5.0-SNAPSHOT.jar:/home/user/.m2/repository/org/apache/hadoop/hadoop-hdds-docs/0.5.0-SNAPSHOT/hadoop-hdds-docs-0.5.0-SNAPSHOT.jar:/home/user/.m2/repository/org/bouncycastle/bcprov-jdk15on/1.60/bcprov-jdk15on-1.60.jar:/home/user/.m2/repository/org/apache/hadoop/hadoop-ozone-common/0.5.0-SNAPSHOT/hadoop-ozone-common-0.5.0-SNAPSHOT.jar:/home/user/.m2/repository/org/apache/commons/commons-compress/1.4.1/commons-compress-1.4.1.jar:/home/user/.m2/repository/org/tukaani/xz/1.0/xz-1.0.jar:/home/user/.m2/repository/org/apache/hadoop/hadoop-hdfs-client/3.2.0/hadoop-hdfs-client-3.2.0.jar:/home/user/.m2/repository/com/fasterxml/jackson/core/jackson-annotations/2.9.9/jackson-annotations-2.9.9.jar:/home/user/.m2/repository/org/apache/hadoop/hadoop-hdds-common/0.5.0-SNAPSHOT/hadoop-hdds-common-0.5.0-SNAPSHOT.jar:/home/user/.m2/repository/org/apache/hadoop/hadoop-hdds-config/0.5.0-SNAPSHOT/hadoop-hdds-config-0.5.0-SNAPSHOT.jar:/home/user/.m2/repository/javax/annotation/javax.annotation-api/1.2/javax.annotation-api-1.2.jar:/home/user/.m2/repository/org/apache/ratis/ratis-server/0.4.0/ratis-server-0.4.0.jar:/home/user/.m2/repository/org/apache/ratis/ratis-thirdparty-misc/0.2.0/ratis-thirdparty-misc-0.2.0.jar:/home/user/.m2/repository/org/apache/ratis/ratis-proto/0.4.0/ratis-proto-0.4.0.jar:/home/user/.m2/repository/org/apache/ratis/ratis-common/0.4.0/ratis-common-0.4.0.jar:/home/user/.m2/repository/org/apache/ratis/ratis-client/0.4.0/ratis-client-0.4.0.jar:/home/user/.m2/repository/org/apache/ratis/ratis-metrics/0.4.0/ratis-metrics-0.4.0.jar:/home/user/.m2/repository/com/github/joshelser/dropwizard-metrics-hadoop-metrics2-reporter/0.1.2/dropwizard-metrics-hadoop-metrics2-reporter-0.1.2.jar:/home/user/.m2/repository/io/dropwizard/metrics/metrics-jvm/3.2.5/metrics-jvm-3.2.5.jar:/home/user/.m2/repository/io/dropwizard/metrics/metrics-ganglia/3.2.5/metrics-ganglia-3.2.5.jar:/home/user/.m2/repository/info/ganglia/gmetric4j/gmetric4j/1.0.7/gmetric4j-1.0.7.jar:/home/user/.m2/repository/org/apache/ratis/ratis-netty/0.4.0/ratis-netty-0.4.0.jar:/home/user/.m2/repository/org/apache/ratis/ratis-grpc/0.4.0/ratis-grpc-0.4.0.jar:/home/user/.m2/repository/org/rocksdb/rocksdbjni/6.0.1/rocksdbjni-6.0.1.jar:/home/user/.m2/repository/org/apache/logging/log4j/log4j-api/2.11.0/log4j-api-2.11.0.jar:/home/user/.m2/repository/org/apache/logging/log4j/log4j-core/2.11.0/log4j-core-2.11.0.jar:/home/user/.m2/repository/com/lmax/disruptor/3.4.2/disruptor-3.4.2.jar:/home/user/.m2/repository/org/apache/commons/commons-pool2/2.6.0/commons-pool2-2.6.0.jar:/home/user/.m2/repository/org/bouncycastle/bcpkix-jdk15on/1.60/bcpkix-jdk15on-1.60.jar:/home/user/.m2/repository/commons-validator/commons-validator/1.6/commons-validator-1.6.jar:/home/user/.m2/repository/commons-digester/commons-digester/1.8.1/commons-digester-1.8.1.jar:/home/user/.m2/repository/io/jaegertracing/jaeger-client/0.34.0/jaeger-client-0.34.0.jar:/home/user/.m2/repository/io/jaegertracing/jaeger-thrift/0.34.0/jaeger-thrift-0.34.0.jar:/home/user/.m2/repository/org/apache/thrift/libthrift/0.12.0/libthrift-0.12.0.jar:/home/user/.m2/repository/com/squareup/okhttp3/okhttp/3.9.0/okhttp-3.9.0.jar:/home/user/.m2/repository/com/squareup/okio/okio/1.13.0/okio-1.13.0.jar:/home/user/.m2/repository/io/jaegertracing/jaeger-core/0.34.0/jaeger-core-0.34.0.jar:/home/user/.m2/repository/io/jaegertracing/jaeger-tracerresolver/0.34.0/jaeger-tracerresolver-0.34.0.jar:/home/user/.m2/repository/io/opentracing/contrib/opentracing-tracerresolver/0.1.5/opentracing-tracerresolver-0.1.5.jar:/home/user/.m2/repository/io/opentracing/opentracing-util/0.31.0/opentracing-util-0.31.0.jar:/home/user/.m2/repository/io/opentracing/opentracing-api/0.31.0/opentracing-api-0.31.0.jar:/home/user/.m2/repository/io/opentracing/opentracing-noop/0.31.0/opentracing-noop-0.31.0.jar:/home/user/.m2/repository/org/yaml/snakeyaml/1.16/snakeyaml-1.16.jar:/home/user/.m2/repository/org/apache/hadoop/hadoop-hdds-container-service/0.5.0-SNAPSHOT/hadoop-hdds-container-service-0.5.0-SNAPSHOT.jar:/home/user/.m2/repository/org/apache/hadoop/hadoop-hdds-client/0.5.0-SNAPSHOT/hadoop-hdds-client-0.5.0-SNAPSHOT.jar:/home/user/.m2/repository/org/apache/hadoop/hadoop-hdds-tools/0.5.0-SNAPSHOT/hadoop-hdds-tools-0.5.0-SNAPSHOT.jar:/home/user/.m2/repository/org/xerial/sqlite-jdbc/3.25.2/sqlite-jdbc-3.25.2.jar:/home/user/.m2/repository/org/apache/hadoop/hadoop-hdds-server-scm/0.5.0-SNAPSHOT/hadoop-hdds-server-scm-0.5.0-SNAPSHOT.jar:/home/user/.m2/repository/org/hamcrest/hamcrest-all/1.3/hamcrest-all-1.3.jar:/home/user/.m2/repository/info/picocli/picocli/3.9.6/picocli-3.9.6.jar:/home/user/.m2/repository/com/google/protobuf/protobuf-java/2.5.0/protobuf-java-2.5.0.jar:/home/user/.m2/repository/com/google/guava/guava/11.0.2/guava-11.0.2.jar:/home/user/.m2/repository/org/apache/hadoop/hadoop-ozone-client/0.5.0-SNAPSHOT/hadoop-ozone-client-0.5.0-SNAPSHOT.jar:/workdir/hadoop-ozone/ozonefs/target/classes:/home/user/.m2/repository/org/apache/hadoop/hadoop-hdds-server-framework/0.5.0-SNAPSHOT/hadoop-hdds-server-framework-0.5.0-SNAPSHOT.jar:/home/user/.m2/repository/org/apache/hadoop/hadoop-common/3.2.0/hadoop-common-3.2.0.jar:/home/user/.m2/repository/org/apache/hadoop/hadoop-annotations/3.2.0/hadoop-annotations-3.2.0.jar:/usr/lib/jvm/java-1.8-openjdk/jre/../lib/tools.jar:/home/user/.m2/repository/commons-cli/commons-cli/1.2/commons-cli-1.2.jar:/home/user/.m2/repository/org/apache/commons/commons-math3/3.1.1/commons-math3-3.1.1.jar:/home/user/.m2/repository/org/apache/httpcomponents/httpclient/4.5.2/httpclient-4.5.2.jar:/home/user/.m2/repository/org/apache/httpcomponents/httpcore/4.4.4/httpcore-4.4.4.jar:/home/user/.m2/repository/commons-codec/commons-codec/1.11/commons-codec-1.11.jar:/home/user/.m2/repository/commons-io/commons-io/2.5/commons-io-2.5.jar:/home/user/.m2/repository/commons-net/commons-net/3.6/commons-net-3.6.jar:/home/user/.m2/repository/commons-collections/commons-collections/3.2.2/commons-collections-3.2.2.jar:/home/user/.m2/repository/javax/servlet/javax.servlet-api/3.1.0/javax.servlet-api-3.1.0.jar:/home/user/.m2/repository/org/eclipse/jetty/jetty-server/9.3.25.v20180904/jetty-server-9.3.25.v20180904.jar:/home/user/.m2/repository/org/eclipse/jetty/jetty-http/9.3.25.v20180904/jetty-http-9.3.25.v20180904.jar:/home/user/.m2/repository/org/eclipse/jetty/jetty-io/9.3.25.v20180904/jetty-io-9.3.25.v20180904.jar:/home/user/.m2/repository/org/eclipse/jetty/jetty-util/9.3.25.v20180904/jetty-util-9.3.25.v20180904.jar:/home/user/.m2/repository/org/eclipse/jetty/jetty-servlet/9.3.25.v20180904/jetty-servlet-9.3.25.v20180904.jar:/home/user/.m2/repository/org/eclipse/jetty/jetty-security/9.3.25.v20180904/jetty-security-9.3.25.v20180904.jar:/home/user/.m2/repository/org/eclipse/jetty/jetty-webapp/9.3.25.v20180904/jetty-webapp-9.3.25.v20180904.jar:/home/user/.m2/repository/org/eclipse/jetty/jetty-xml/9.3.25.v20180904/jetty-xml-9.3.25.v20180904.jar:/home/user/.m2/repository/javax/servlet/jsp/jsp-api/2.1/jsp-api-2.1.jar:/home/user/.m2/repository/com/sun/jersey/jersey-core/1.19/jersey-core-1.19.jar:/home/user/.m2/repository/javax/ws/rs/jsr311-api/1.1.1/jsr311-api-1.1.1.jar:/home/user/.m2/repository/com/sun/jersey/jersey-servlet/1.19/jersey-servlet-1.19.jar:/home/user/.m2/repository/com/sun/jersey/jersey-json/1.19/jersey-json-1.19.jar:/home/user/.m2/repository/org/codehaus/jettison/jettison/1.1/jettison-1.1.jar:/home/user/.m2/repository/com/sun/xml/bind/jaxb-impl/2.3.0.1/jaxb-impl-2.3.0.1.jar:/home/user/.m2/repository/org/codehaus/jackson/jackson-core-asl/1.9.13/jackson-core-asl-1.9.13.jar:/home/user/.m2/repository/org/codehaus/jackson/jackson-mapper-asl/1.9.13/jackson-mapper-asl-1.9.13.jar:/home/user/.m2/repository/org/codehaus/jackson/jackson-jaxrs/1.9.13/jackson-jaxrs-1.9.13.jar:/home/user/.m2/repository/org/codehaus/jackson/jackson-xc/1.9.13/jackson-xc-1.9.13.jar:/home/user/.m2/repository/com/sun/jersey/jersey-server/1.19/jersey-server-1.19.jar:/home/user/.m2/repository/commons-logging/commons-logging/1.1.3/commons-logging-1.1.3.jar:/home/user/.m2/repository/log4j/log4j/1.2.17/log4j-1.2.17.jar:/home/user/.m2/repository/commons-beanutils/commons-beanutils/1.9.4/commons-beanutils-1.9.4.jar:/home/user/.m2/repository/org/apache/commons/commons-configuration2/2.1.1/commons-configuration2-2.1.1.jar:/home/user/.m2/repository/org/apache/commons/commons-lang3/3.7/commons-lang3-3.7.jar:/home/user/.m2/repository/org/apache/commons/commons-text/1.4/commons-text-1.4.jar:/home/user/.m2/repository/org/slf4j/slf4j-api/1.7.25/slf4j-api-1.7.25.jar:/home/user/.m2/repository/org/slf4j/slf4j-log4j12/1.7.25/slf4j-log4j12-1.7.25.jar:/home/user/.m2/repository/org/apache/avro/avro/1.7.7/avro-1.7.7.jar:/home/user/.m2/repository/com/thoughtworks/paranamer/paranamer/2.3/paranamer-2.3.jar:/home/user/.m2/repository/org/xerial/snappy/snappy-java/1.0.5/snappy-java-1.0.5.jar:/home/user/.m2/repository/com/google/re2j/re2j/1.1/re2j-1.1.jar:/home/user/.m2/repository/com/google/code/gson/gson/2.2.4/gson-2.2.4.jar:/home/user/.m2/repository/org/apache/hadoop/hadoop-auth/3.2.0/hadoop-auth-3.2.0.jar:/home/user/.m2/repository/com/nimbusds/nimbus-jose-jwt/4.41.1/nimbus-jose-jwt-4.41.1.jar:/home/user/.m2/repository/com/github/stephenc/jcip/jcip-annotations/1.0-1/jcip-annotations-1.0-1.jar:/home/user/.m2/repository/net/minidev/json-smart/2.3/json-smart-2.3.jar:/home/user/.m2/repository/net/minidev/accessors-smart/1.2/accessors-smart-1.2.jar:/home/user/.m2/repository/org/apache/curator/curator-framework/2.12.0/curator-framework-2.12.0.jar:/home/user/.m2/repository/com/jcraft/jsch/0.1.54/jsch-0.1.54.jar:/home/user/.m2/repository/org/apache/curator/curator-client/2.12.0/curator-client-2.12.0.jar:/home/user/.m2/repository/org/apache/curator/curator-recipes/2.12.0/curator-recipes-2.12.0.jar:/home/user/.m2/repository/com/google/code/findbugs/jsr305/3.0.0/jsr305-3.0.0.jar:/home/user/.m2/repository/org/apache/htrace/htrace-core4/4.1.0-incubating/htrace-core4-4.1.0-incubating.jar:/home/user/.m2/repository/org/apache/zookeeper/zookeeper/3.4.13/zookeeper-3.4.13.jar:/home/user/.m2/repository/jline/jline/0.9.94/jline-0.9.94.jar:/home/user/.m2/repository/org/apache/yetus/audience-annotations/0.5.0/audience-annotations-0.5.0.jar:/home/user/.m2/repository/org/apache/kerby/kerb-simplekdc/1.0.1/kerb-simplekdc-1.0.1.jar:/home/user/.m2/repository/org/apache/kerby/kerb-client/1.0.1/kerb-client-1.0.1.jar:/home/user/.m2/repository/org/apache/kerby/kerby-config/1.0.1/kerby-config-1.0.1.jar:/home/user/.m2/repository/org/apache/kerby/kerb-core/1.0.1/kerb-core-1.0.1.jar:/home/user/.m2/repository/org/apache/kerby/kerby-pkix/1.0.1/kerby-pkix-1.0.1.jar:/home/user/.m2/repository/org/apache/kerby/kerby-asn1/1.0.1/kerby-asn1-1.0.1.jar:/home/user/.m2/repository/org/apache/kerby/kerby-util/1.0.1/kerby-util-1.0.1.jar:/home/user/.m2/repository/org/apache/kerby/kerb-common/1.0.1/kerb-common-1.0.1.jar:/home/user/.m2/repository/org/apache/kerby/kerb-crypto/1.0.1/kerb-crypto-1.0.1.jar:/home/user/.m2/repository/org/apache/kerby/kerb-util/1.0.1/kerb-util-1.0.1.jar:/home/user/.m2/repository/org/apache/kerby/token-provider/1.0.1/token-provider-1.0.1.jar:/home/user/.m2/repository/org/apache/kerby/kerb-admin/1.0.1/kerb-admin-1.0.1.jar:/home/user/.m2/repository/org/apache/kerby/kerb-server/1.0.1/kerb-server-1.0.1.jar:/home/user/.m2/repository/org/apache/kerby/kerb-identity/1.0.1/kerb-identity-1.0.1.jar:/home/user/.m2/repository/org/apache/kerby/kerby-xdr/1.0.1/kerby-xdr-1.0.1.jar:/home/user/.m2/repository/com/fasterxml/jackson/core/jackson-databind/2.9.9/jackson-databind-2.9.9.jar:/home/user/.m2/repository/com/fasterxml/jackson/core/jackson-core/2.9.9/jackson-core-2.9.9.jar:/home/user/.m2/repository/org/codehaus/woodstox/stax2-api/3.1.4/stax2-api-3.1.4.jar:/home/user/.m2/repository/com/fasterxml/woodstox/woodstox-core/5.0.3/woodstox-core-5.0.3.jar:/home/user/.m2/repository/dnsjava/dnsjava/2.1.7/dnsjava-2.1.7.jar:/home/user/.m2/repository/org/apache/hadoop/hadoop-hdfs/3.2.0/hadoop-hdfs-3.2.0.jar:/home/user/.m2/repository/org/eclipse/jetty/jetty-util-ajax/9.3.25.v20180904/jetty-util-ajax-9.3.25.v20180904.jar:/home/user/.m2/repository/commons-daemon/commons-daemon/1.0.13/commons-daemon-1.0.13.jar:/home/user/.m2/repository/io/netty/netty/3.10.5.Final/netty-3.10.5.Final.jar:/home/user/.m2/repository/io/netty/netty-all/4.0.52.Final/netty-all-4.0.52.Final.jar:/home/user/.m2/repository/org/fusesource/leveldbjni/leveldbjni-all/1.8/leveldbjni-all-1.8.jar:/home/user/.m2/repository/com/sun/xml/bind/jaxb-core/2.3.0.1/jaxb-core-2.3.0.1.jar:/home/user/.m2/repository/javax/xml/bind/jaxb-api/2.3.0/jaxb-api-2.3.0.jar:/home/user/.m2/repository/javax/activation/activation/1.1.1/activation-1.1.1.jar:/home/user/.m2/repository/io/dropwizard/metrics/metrics-core/3.2.4/metrics-core-3.2.4.jar:/home/user/.m2/repository/org/openjdk/jmh/jmh-core/1.19/jmh-core-1.19.jar:/home/user/.m2/repository/net/sf/jopt-simple/jopt-simple/4.6/jopt-simple-4.6.jar:/home/user/.m2/repository/org/openjdk/jmh/jmh-generator-annprocess/1.19/jmh-generator-annprocess-1.19.jar:/home/user/.m2/repository/com/amazonaws/aws-java-sdk-s3/1.11.615/aws-java-sdk-s3-1.11.615.jar:/home/user/.m2/repository/com/amazonaws/aws-java-sdk-kms/1.11.615/aws-java-sdk-kms-1.11.615.jar:/home/user/.m2/repository/com/amazonaws/aws-java-sdk-core/1.11.615/aws-java-sdk-core-1.11.615.jar:/home/user/.m2/repository/software/amazon/ion/ion-java/1.0.2/ion-java-1.0.2.jar:/home/user/.m2/repository/com/fasterxml/jackson/dataformat/jackson-dataformat-cbor/2.9.9/jackson-dataformat-cbor-2.9.9.jar:/home/user/.m2/repository/joda-time/joda-time/2.9.9/joda-time-2.9.9.jar:/home/user/.m2/repository/com/amazonaws/jmespath-java/1.11.615/jmespath-java-1.11.615.jar:/home/user/.m2/repository/com/google/code/findbugs/findbugs/3.0.1/findbugs-3.0.1.jar:/home/user/.m2/repository/net/jcip/jcip-annotations/1.0/jcip-annotations-1.0.jar:/home/user/.m2/repository/com/google/code/findbugs/bcel-findbugs/6.0/bcel-findbugs-6.0.jar:/home/user/.m2/repository/com/google/code/findbugs/jFormatString/2.0.1/jFormatString-2.0.1.jar:/home/user/.m2/repository/dom4j/dom4j/1.6.1/dom4j-1.6.1.jar:/home/user/.m2/repository/xml-apis/xml-apis/1.0.b2/xml-apis-1.0.b2.jar:/home/user/.m2/repository/org/ow2/asm/asm-debug-all/5.0.2/asm-debug-all-5.0.2.jar:/home/user/.m2/repository/org/ow2/asm/asm-commons/5.0.2/asm-commons-5.0.2.jar:/home/user/.m2/repository/org/ow2/asm/asm-tree/5.0.2/asm-tree-5.0.2.jar:/home/user/.m2/repository/org/ow2/asm/asm/5.0.4/asm-5.0.4.jar:/home/user/.m2/repository/commons-lang/commons-lang/2.6/commons-lang-2.6.jar:/home/user/.m2/repository/com/apple/AppleJavaExtensions/1.4/AppleJavaExtensions-1.4.jar:/home/user/.m2/repository/jaxen/jaxen/1.1.6/jaxen-1.1.6.jar:/home/user/.m2/repository/junit/junit/4.11/junit-4.11.jar:/home/user/.m2/repository/org/hamcrest/hamcrest-core/1.3/hamcrest-core-1.3.jar:/home/user/.m2/repository/org/apache/hadoop/hadoop-common/3.2.0/hadoop-common-3.2.0-tests.jar:/workdir/hadoop-ozone/integration-test/target/test-classes:/home/user/.m2/repository/org/apache/hadoop/hadoop-ozone-s3gateway/0.5.0-SNAPSHOT/hadoop-ozone-s3gateway-0.5.0-SNAPSHOT.jar:/home/user/.m2/repository/org/jboss/weld/servlet/weld-servlet/2.4.7.Final/weld-servlet-2.4.7.Final.jar:/home/user/.m2/repository/org/glassfish/jersey/containers/jersey-container-servlet-core/2.27/jersey-container-servlet-core-2.27.jar:/home/user/.m2/repository/org/glassfish/hk2/external/javax.inject/2.5.0-b42/javax.inject-2.5.0-b42.jar:/home/user/.m2/repository/org/glassfish/jersey/core/jersey-common/2.27/jersey-common-2.27.jar:/home/user/.m2/repository/org/glassfish/hk2/osgi-resource-locator/1.0.1/osgi-resource-locator-1.0.1.jar:/home/user/.m2/repository/javax/ws/rs/javax.ws.rs-api/2.1/javax.ws.rs-api-2.1.jar:/home/user/.m2/repository/org/glassfish/jersey/ext/cdi/jersey-cdi1x/2.27/jersey-cdi1x-2.27.jar:/home/user/.m2/repository/org/glassfish/jersey/inject/jersey-hk2/2.27/jersey-hk2-2.27.jar:/home/user/.m2/repository/org/glassfish/hk2/hk2-locator/2.5.0-b42/hk2-locator-2.5.0-b42.jar:/home/user/.m2/repository/org/javassist/javassist/3.22.0-CR2/javassist-3.22.0-CR2.jar:/home/user/.m2/repository/org/glassfish/hk2/hk2-api/2.5.0/hk2-api-2.5.0.jar:/home/user/.m2/repository/org/glassfish/hk2/external/jakarta.inject/2.5.0/jakarta.inject-2.5.0.jar:/home/user/.m2/repository/org/glassfish/hk2/hk2-utils/2.5.0/hk2-utils-2.5.0.jar:/home/user/.m2/repository/jakarta/annotation/jakarta.annotation-api/1.3.4/jakarta.annotation-api-1.3.4.jar:/home/user/.m2/repository/org/glassfish/hk2/external/aopalliance-repackaged/2.5.0/aopalliance-repackaged-2.5.0.jar:/home/user/.m2/repository/com/fasterxml/jackson/dataformat/jackson-dataformat-xml/2.9.0/jackson-dataformat-xml-2.9.0.jar:/home/user/.m2/repository/com/fasterxml/jackson/module/jackson-module-jaxb-annotations/2.9.9/jackson-module-jaxb-annotations-2.9.9.jar:/home/user/.m2/repository/javax/enterprise/cdi-api/1.2/cdi-api-1.2.jar:/home/user/.m2/repository/javax/el/javax.el-api/3.0.0/javax.el-api-3.0.0.jar:/home/user/.m2/repository/javax/interceptor/javax.interceptor-api/1.2/javax.interceptor-api-1.2.jar:/home/user/.m2/repository/javax/inject/javax.inject/1/javax.inject-1.jar:/home/user/.m2/repository/org/apache/hadoop/hadoop-ozone-csi/0.5.0-SNAPSHOT/hadoop-ozone-csi-0.5.0-SNAPSHOT.jar:/home/user/.m2/repository/com/google/protobuf/protobuf-java-util/3.5.1/protobuf-java-util-3.5.1.jar:/home/user/.m2/repository/io/grpc/grpc-netty/1.17.1/grpc-netty-1.17.1.jar:/home/user/.m2/repository/io/grpc/grpc-core/1.17.1/grpc-core-1.17.1.jar:/home/user/.m2/repository/io/grpc/grpc-context/1.17.1/grpc-context-1.17.1.jar:/home/user/.m2/repository/com/google/errorprone/error_prone_annotations/2.2.0/error_prone_annotations-2.2.0.jar:/home/user/.m2/repository/org/codehaus/mojo/animal-sniffer-annotations/1.17/animal-sniffer-annotations-1.17.jar:/home/user/.m2/repository/io/opencensus/opencensus-api/0.17.0/opencensus-api-0.17.0.jar:/home/user/.m2/repository/io/opencensus/opencensus-contrib-grpc-metrics/0.17.0/opencensus-contrib-grpc-metrics-0.17.0.jar:/home/user/.m2/repository/io/netty/netty-codec-http2/4.1.30.Final/netty-codec-http2-4.1.30.Final.jar:/home/user/.m2/repository/io/netty/netty-codec-http/4.1.30.Final/netty-codec-http-4.1.30.Final.jar:/home/user/.m2/repository/io/netty/netty-codec/4.1.30.Final/netty-codec-4.1.30.Final.jar:/home/user/.m2/repository/io/netty/netty-handler/4.1.30.Final/netty-handler-4.1.30.Final.jar:/home/user/.m2/repository/io/netty/netty-handler-proxy/4.1.30.Final/netty-handler-proxy-4.1.30.Final.jar:/home/user/.m2/repository/io/netty/netty-codec-socks/4.1.30.Final/netty-codec-socks-4.1.30.Final.jar:/home/user/.m2/repository/io/netty/netty-transport-native-epoll/4.1.30.Final/netty-transport-native-epoll-4.1.30.Final.jar:/home/user/.m2/repository/io/netty/netty-common/4.1.30.Final/netty-common-4.1.30.Final.jar:/home/user/.m2/repository/io/netty/netty-buffer/4.1.30.Final/netty-buffer-4.1.30.Final.jar:/home/user/.m2/repository/io/netty/netty-transport/4.1.30.Final/netty-transport-4.1.30.Final.jar:/home/user/.m2/repository/io/netty/netty-resolver/4.1.30.Final/netty-resolver-4.1.30.Final.jar:/home/user/.m2/repository/io/netty/netty-transport-native-unix-common/4.1.30.Final/netty-transport-native-unix-common-4.1.30.Final.jar:/home/user/.m2/repository/io/grpc/grpc-protobuf/1.17.1/grpc-protobuf-1.17.1.jar:/home/user/.m2/repository/com/google/api/grpc/proto-google-common-protos/1.0.0/proto-google-common-protos-1.0.0.jar:/home/user/.m2/repository/io/grpc/grpc-protobuf-lite/1.17.1/grpc-protobuf-lite-1.17.1.jar:/home/user/.m2/repository/io/grpc/grpc-stub/1.17.1/grpc-stub-1.17.1.jar:/home/user/.m2/repository/org/apache/hadoop/hadoop-ozone-recon/0.5.0-SNAPSHOT/hadoop-ozone-recon-0.5.0-SNAPSHOT.jar:/home/user/.m2/repository/org/apache/hadoop/hadoop-ozone-reconcodegen/0.5.0-SNAPSHOT/hadoop-ozone-reconcodegen-0.5.0-SNAPSHOT.jar:/home/user/.m2/repository/com/google/inject/extensions/guice-multibindings/4.0/guice-multibindings-4.0.jar:/home/user/.m2/repository/com/google/inject/guice/4.0/guice-4.0.jar:/home/user/.m2/repository/aopalliance/aopalliance/1.0/aopalliance-1.0.jar:/home/user/.m2/repository/com/google/inject/extensions/guice-servlet/4.0/guice-servlet-4.0.jar:/home/user/.m2/repository/org/glassfish/jersey/containers/jersey-container-servlet/2.27/jersey-container-servlet-2.27.jar:/home/user/.m2/repository/org/glassfish/hk2/guice-bridge/2.5.0/guice-bridge-2.5.0.jar:/home/user/.m2/repository/org/glassfish/jersey/core/jersey-server/2.27/jersey-server-2.27.jar:/home/user/.m2/repository/org/glassfish/jersey/core/jersey-client/2.27/jersey-client-2.27.jar:/home/user/.m2/repository/org/glassfish/jersey/media/jersey-media-jaxb/2.27/jersey-media-jaxb-2.27.jar:/home/user/.m2/repository/javax/validation/validation-api/1.1.0.Final/validation-api-1.1.0.Final.jar:/home/user/.m2/repository/org/glassfish/jersey/media/jersey-media-json-jackson/2.27/jersey-media-json-jackson-2.27.jar:/home/user/.m2/repository/org/glassfish/jersey/ext/jersey-entity-filtering/2.27/jersey-entity-filtering-2.27.jar:/home/user/.m2/repository/com/google/inject/extensions/guice-assistedinject/4.0/guice-assistedinject-4.0.jar:/home/user/.m2/repository/org/jooq/jooq/3.11.10/jooq-3.11.10.jar:/home/user/.m2/repository/org/jooq/jooq-meta/3.11.10/jooq-meta-3.11.10.jar:/home/user/.m2/repository/org/jooq/jooq-codegen/3.11.10/jooq-codegen-3.11.10.jar:/home/user/.m2/repository/com/jolbox/bonecp/0.8.0.RELEASE/bonecp-0.8.0.RELEASE.jar:/home/user/.m2/repository/org/springframework/spring-jdbc/5.1.3.RELEASE/spring-jdbc-5.1.3.RELEASE.jar:/home/user/.m2/repository/org/springframework/spring-beans/5.1.3.RELEASE/spring-beans-5.1.3.RELEASE.jar:/home/user/.m2/repository/org/springframework/spring-core/5.1.3.RELEASE/spring-core-5.1.3.RELEASE.jar:/home/user/.m2/repository/org/springframework/spring-jcl/5.1.3.RELEASE/spring-jcl-5.1.3.RELEASE.jar:/home/user/.m2/repository/org/springframework/spring-tx/5.1.3.RELEASE/spring-tx-5.1.3.RELEASE.jar:/home/user/.m2/repository/org/mockito/mockito-core/2.15.0/mockito-core-2.15.0.jar:/home/user/.m2/repository/net/bytebuddy/byte-buddy/1.7.9/byte-buddy-1.7.9.jar:/home/user/.m2/repository/net/bytebuddy/byte-buddy-agent/1.7.9/byte-buddy-agent-1.7.9.jar:/home/user/.m2/repository/org/objenesis/objenesis/1.0/objenesis-1.0.jar:"/>
    <property name="java.vm.vendor" value="IcedTea"/>
    <property name="sun.arch.data.model" value="64"/>
    <property name="test.build.dir" value="/workdir/hadoop-ozone/tools/target/test-dir"/>
    <property name="test.cache.data" value=""/>
    <property name="java.vendor.url" value="https://icedtea.classpath.org"/>
    <property name="user.timezone" value=""/>
    <property name="java.vm.specification.version" value="1.8"/>
    <property name="os.name" value="Linux"/>
    <property name="test.build.data" value="/workdir/hadoop-ozone/tools/target/test-dir"/>
    <property name="user.country" value="US"/>
    <property name="sun.java.launcher" value="SUN_STANDARD"/>
    <property name="sun.boot.library.path" value="/usr/lib/jvm/java-1.8-openjdk/jre/lib/amd64"/>
    <property name="sun.java.command" value="/workdir/hadoop-ozone/tools/target/surefire/surefirebooter2845334175329536104.jar /workdir/hadoop-ozone/tools/target/surefire 2019-09-26T09-15-41_457-jvmRun1 surefire3307271212438818752tmp surefire_1146525496293752106740tmp"/>
    <property name="test" value="!TestMiniChaosOzoneCluster"/>
    <property name="surefire.test.class.path" value="/workdir/hadoop-ozone/tools/target/test-classes:/workdir/hadoop-ozone/tools/target/classes:/home/user/.m2/repository/org/apache/hadoop/hadoop-ozone-ozone-manager/0.5.0-SNAPSHOT/hadoop-ozone-ozone-manager-0.5.0-SNAPSHOT.jar:/home/user/.m2/repository/org/apache/hadoop/hadoop-hdds-docs/0.5.0-SNAPSHOT/hadoop-hdds-docs-0.5.0-SNAPSHOT.jar:/home/user/.m2/repository/org/bouncycastle/bcprov-jdk15on/1.60/bcprov-jdk15on-1.60.jar:/home/user/.m2/repository/org/apache/hadoop/hadoop-ozone-common/0.5.0-SNAPSHOT/hadoop-ozone-common-0.5.0-SNAPSHOT.jar:/home/user/.m2/repository/org/apache/commons/commons-compress/1.4.1/commons-compress-1.4.1.jar:/home/user/.m2/repository/org/tukaani/xz/1.0/xz-1.0.jar:/home/user/.m2/repository/org/apache/hadoop/hadoop-hdfs-client/3.2.0/hadoop-hdfs-client-3.2.0.jar:/home/user/.m2/repository/com/fasterxml/jackson/core/jackson-annotations/2.9.9/jackson-annotations-2.9.9.jar:/home/user/.m2/repository/org/apache/hadoop/hadoop-hdds-common/0.5.0-SNAPSHOT/hadoop-hdds-common-0.5.0-SNAPSHOT.jar:/home/user/.m2/repository/org/apache/hadoop/hadoop-hdds-config/0.5.0-SNAPSHOT/hadoop-hdds-config-0.5.0-SNAPSHOT.jar:/home/user/.m2/repository/javax/annotation/javax.annotation-api/1.2/javax.annotation-api-1.2.jar:/home/user/.m2/repository/org/apache/ratis/ratis-server/0.4.0/ratis-server-0.4.0.jar:/home/user/.m2/repository/org/apache/ratis/ratis-thirdparty-misc/0.2.0/ratis-thirdparty-misc-0.2.0.jar:/home/user/.m2/repository/org/apache/ratis/ratis-proto/0.4.0/ratis-proto-0.4.0.jar:/home/user/.m2/repository/org/apache/ratis/ratis-common/0.4.0/ratis-common-0.4.0.jar:/home/user/.m2/repository/org/apache/ratis/ratis-client/0.4.0/ratis-client-0.4.0.jar:/home/user/.m2/repository/org/apache/ratis/ratis-metrics/0.4.0/ratis-metrics-0.4.0.jar:/home/user/.m2/repository/com/github/joshelser/dropwizard-metrics-hadoop-metrics2-reporter/0.1.2/dropwizard-metrics-hadoop-metrics2-reporter-0.1.2.jar:/home/user/.m2/repository/io/dropwizard/metrics/metrics-jvm/3.2.5/metrics-jvm-3.2.5.jar:/home/user/.m2/repository/io/dropwizard/metrics/metrics-ganglia/3.2.5/metrics-ganglia-3.2.5.jar:/home/user/.m2/repository/info/ganglia/gmetric4j/gmetric4j/1.0.7/gmetric4j-1.0.7.jar:/home/user/.m2/repository/org/apache/ratis/ratis-netty/0.4.0/ratis-netty-0.4.0.jar:/home/user/.m2/repository/org/apache/ratis/ratis-grpc/0.4.0/ratis-grpc-0.4.0.jar:/home/user/.m2/repository/org/rocksdb/rocksdbjni/6.0.1/rocksdbjni-6.0.1.jar:/home/user/.m2/repository/org/apache/logging/log4j/log4j-api/2.11.0/log4j-api-2.11.0.jar:/home/user/.m2/repository/org/apache/logging/log4j/log4j-core/2.11.0/log4j-core-2.11.0.jar:/home/user/.m2/repository/com/lmax/disruptor/3.4.2/disruptor-3.4.2.jar:/home/user/.m2/repository/org/apache/commons/commons-pool2/2.6.0/commons-pool2-2.6.0.jar:/home/user/.m2/repository/org/bouncycastle/bcpkix-jdk15on/1.60/bcpkix-jdk15on-1.60.jar:/home/user/.m2/repository/commons-validator/commons-validator/1.6/commons-validator-1.6.jar:/home/user/.m2/repository/commons-digester/commons-digester/1.8.1/commons-digester-1.8.1.jar:/home/user/.m2/repository/io/jaegertracing/jaeger-client/0.34.0/jaeger-client-0.34.0.jar:/home/user/.m2/repository/io/jaegertracing/jaeger-thrift/0.34.0/jaeger-thrift-0.34.0.jar:/home/user/.m2/repository/org/apache/thrift/libthrift/0.12.0/libthrift-0.12.0.jar:/home/user/.m2/repository/com/squareup/okhttp3/okhttp/3.9.0/okhttp-3.9.0.jar:/home/user/.m2/repository/com/squareup/okio/okio/1.13.0/okio-1.13.0.jar:/home/user/.m2/repository/io/jaegertracing/jaeger-core/0.34.0/jaeger-core-0.34.0.jar:/home/user/.m2/repository/io/jaegertracing/jaeger-tracerresolver/0.34.0/jaeger-tracerresolver-0.34.0.jar:/home/user/.m2/repository/io/opentracing/contrib/opentracing-tracerresolver/0.1.5/opentracing-tracerresolver-0.1.5.jar:/home/user/.m2/repository/io/opentracing/opentracing-util/0.31.0/opentracing-util-0.31.0.jar:/home/user/.m2/repository/io/opentracing/opentracing-api/0.31.0/opentracing-api-0.31.0.jar:/home/user/.m2/repository/io/opentracing/opentracing-noop/0.31.0/opentracing-noop-0.31.0.jar:/home/user/.m2/repository/org/yaml/snakeyaml/1.16/snakeyaml-1.16.jar:/home/user/.m2/repository/org/apache/hadoop/hadoop-hdds-container-service/0.5.0-SNAPSHOT/hadoop-hdds-container-service-0.5.0-SNAPSHOT.jar:/home/user/.m2/repository/org/apache/hadoop/hadoop-hdds-client/0.5.0-SNAPSHOT/hadoop-hdds-client-0.5.0-SNAPSHOT.jar:/home/user/.m2/repository/org/apache/hadoop/hadoop-hdds-tools/0.5.0-SNAPSHOT/hadoop-hdds-tools-0.5.0-SNAPSHOT.jar:/home/user/.m2/repository/org/xerial/sqlite-jdbc/3.25.2/sqlite-jdbc-3.25.2.jar:/home/user/.m2/repository/org/apache/hadoop/hadoop-hdds-server-scm/0.5.0-SNAPSHOT/hadoop-hdds-server-scm-0.5.0-SNAPSHOT.jar:/home/user/.m2/repository/org/hamcrest/hamcrest-all/1.3/hamcrest-all-1.3.jar:/home/user/.m2/repository/info/picocli/picocli/3.9.6/picocli-3.9.6.jar:/home/user/.m2/repository/com/google/protobuf/protobuf-java/2.5.0/protobuf-java-2.5.0.jar:/home/user/.m2/repository/com/google/guava/guava/11.0.2/guava-11.0.2.jar:/home/user/.m2/repository/org/apache/hadoop/hadoop-ozone-client/0.5.0-SNAPSHOT/hadoop-ozone-client-0.5.0-SNAPSHOT.jar:/workdir/hadoop-ozone/ozonefs/target/classes:/home/user/.m2/repository/org/apache/hadoop/hadoop-hdds-server-framework/0.5.0-SNAPSHOT/hadoop-hdds-server-framework-0.5.0-SNAPSHOT.jar:/home/user/.m2/repository/org/apache/hadoop/hadoop-common/3.2.0/hadoop-common-3.2.0.jar:/home/user/.m2/repository/org/apache/hadoop/hadoop-annotations/3.2.0/hadoop-annotations-3.2.0.jar:/usr/lib/jvm/java-1.8-openjdk/jre/../lib/tools.jar:/home/user/.m2/repository/commons-cli/commons-cli/1.2/commons-cli-1.2.jar:/home/user/.m2/repository/org/apache/commons/commons-math3/3.1.1/commons-math3-3.1.1.jar:/home/user/.m2/repository/org/apache/httpcomponents/httpclient/4.5.2/httpclient-4.5.2.jar:/home/user/.m2/repository/org/apache/httpcomponents/httpcore/4.4.4/httpcore-4.4.4.jar:/home/user/.m2/repository/commons-codec/commons-codec/1.11/commons-codec-1.11.jar:/home/user/.m2/repository/commons-io/commons-io/2.5/commons-io-2.5.jar:/home/user/.m2/repository/commons-net/commons-net/3.6/commons-net-3.6.jar:/home/user/.m2/repository/commons-collections/commons-collections/3.2.2/commons-collections-3.2.2.jar:/home/user/.m2/repository/javax/servlet/javax.servlet-api/3.1.0/javax.servlet-api-3.1.0.jar:/home/user/.m2/repository/org/eclipse/jetty/jetty-server/9.3.25.v20180904/jetty-server-9.3.25.v20180904.jar:/home/user/.m2/repository/org/eclipse/jetty/jetty-http/9.3.25.v20180904/jetty-http-9.3.25.v20180904.jar:/home/user/.m2/repository/org/eclipse/jetty/jetty-io/9.3.25.v20180904/jetty-io-9.3.25.v20180904.jar:/home/user/.m2/repository/org/eclipse/jetty/jetty-util/9.3.25.v20180904/jetty-util-9.3.25.v20180904.jar:/home/user/.m2/repository/org/eclipse/jetty/jetty-servlet/9.3.25.v20180904/jetty-servlet-9.3.25.v20180904.jar:/home/user/.m2/repository/org/eclipse/jetty/jetty-security/9.3.25.v20180904/jetty-security-9.3.25.v20180904.jar:/home/user/.m2/repository/org/eclipse/jetty/jetty-webapp/9.3.25.v20180904/jetty-webapp-9.3.25.v20180904.jar:/home/user/.m2/repository/org/eclipse/jetty/jetty-xml/9.3.25.v20180904/jetty-xml-9.3.25.v20180904.jar:/home/user/.m2/repository/javax/servlet/jsp/jsp-api/2.1/jsp-api-2.1.jar:/home/user/.m2/repository/com/sun/jersey/jersey-core/1.19/jersey-core-1.19.jar:/home/user/.m2/repository/javax/ws/rs/jsr311-api/1.1.1/jsr311-api-1.1.1.jar:/home/user/.m2/repository/com/sun/jersey/jersey-servlet/1.19/jersey-servlet-1.19.jar:/home/user/.m2/repository/com/sun/jersey/jersey-json/1.19/jersey-json-1.19.jar:/home/user/.m2/repository/org/codehaus/jettison/jettison/1.1/jettison-1.1.jar:/home/user/.m2/repository/com/sun/xml/bind/jaxb-impl/2.3.0.1/jaxb-impl-2.3.0.1.jar:/home/user/.m2/repository/org/codehaus/jackson/jackson-core-asl/1.9.13/jackson-core-asl-1.9.13.jar:/home/user/.m2/repository/org/codehaus/jackson/jackson-mapper-asl/1.9.13/jackson-mapper-asl-1.9.13.jar:/home/user/.m2/repository/org/codehaus/jackson/jackson-jaxrs/1.9.13/jackson-jaxrs-1.9.13.jar:/home/user/.m2/repository/org/codehaus/jackson/jackson-xc/1.9.13/jackson-xc-1.9.13.jar:/home/user/.m2/repository/com/sun/jersey/jersey-server/1.19/jersey-server-1.19.jar:/home/user/.m2/repository/commons-logging/commons-logging/1.1.3/commons-logging-1.1.3.jar:/home/user/.m2/repository/log4j/log4j/1.2.17/log4j-1.2.17.jar:/home/user/.m2/repository/commons-beanutils/commons-beanutils/1.9.4/commons-beanutils-1.9.4.jar:/home/user/.m2/repository/org/apache/commons/commons-configuration2/2.1.1/commons-configuration2-2.1.1.jar:/home/user/.m2/repository/org/apache/commons/commons-lang3/3.7/commons-lang3-3.7.jar:/home/user/.m2/repository/org/apache/commons/commons-text/1.4/commons-text-1.4.jar:/home/user/.m2/repository/org/slf4j/slf4j-api/1.7.25/slf4j-api-1.7.25.jar:/home/user/.m2/repository/org/slf4j/slf4j-log4j12/1.7.25/slf4j-log4j12-1.7.25.jar:/home/user/.m2/repository/org/apache/avro/avro/1.7.7/avro-1.7.7.jar:/home/user/.m2/repository/com/thoughtworks/paranamer/paranamer/2.3/paranamer-2.3.jar:/home/user/.m2/repository/org/xerial/snappy/snappy-java/1.0.5/snappy-java-1.0.5.jar:/home/user/.m2/repository/com/google/re2j/re2j/1.1/re2j-1.1.jar:/home/user/.m2/repository/com/google/code/gson/gson/2.2.4/gson-2.2.4.jar:/home/user/.m2/repository/org/apache/hadoop/hadoop-auth/3.2.0/hadoop-auth-3.2.0.jar:/home/user/.m2/repository/com/nimbusds/nimbus-jose-jwt/4.41.1/nimbus-jose-jwt-4.41.1.jar:/home/user/.m2/repository/com/github/stephenc/jcip/jcip-annotations/1.0-1/jcip-annotations-1.0-1.jar:/home/user/.m2/repository/net/minidev/json-smart/2.3/json-smart-2.3.jar:/home/user/.m2/repository/net/minidev/accessors-smart/1.2/accessors-smart-1.2.jar:/home/user/.m2/repository/org/apache/curator/curator-framework/2.12.0/curator-framework-2.12.0.jar:/home/user/.m2/repository/com/jcraft/jsch/0.1.54/jsch-0.1.54.jar:/home/user/.m2/repository/org/apache/curator/curator-client/2.12.0/curator-client-2.12.0.jar:/home/user/.m2/repository/org/apache/curator/curator-recipes/2.12.0/curator-recipes-2.12.0.jar:/home/user/.m2/repository/com/google/code/findbugs/jsr305/3.0.0/jsr305-3.0.0.jar:/home/user/.m2/repository/org/apache/htrace/htrace-core4/4.1.0-incubating/htrace-core4-4.1.0-incubating.jar:/home/user/.m2/repository/org/apache/zookeeper/zookeeper/3.4.13/zookeeper-3.4.13.jar:/home/user/.m2/repository/jline/jline/0.9.94/jline-0.9.94.jar:/home/user/.m2/repository/org/apache/yetus/audience-annotations/0.5.0/audience-annotations-0.5.0.jar:/home/user/.m2/repository/org/apache/kerby/kerb-simplekdc/1.0.1/kerb-simplekdc-1.0.1.jar:/home/user/.m2/repository/org/apache/kerby/kerb-client/1.0.1/kerb-client-1.0.1.jar:/home/user/.m2/repository/org/apache/kerby/kerby-config/1.0.1/kerby-config-1.0.1.jar:/home/user/.m2/repository/org/apache/kerby/kerb-core/1.0.1/kerb-core-1.0.1.jar:/home/user/.m2/repository/org/apache/kerby/kerby-pkix/1.0.1/kerby-pkix-1.0.1.jar:/home/user/.m2/repository/org/apache/kerby/kerby-asn1/1.0.1/kerby-asn1-1.0.1.jar:/home/user/.m2/repository/org/apache/kerby/kerby-util/1.0.1/kerby-util-1.0.1.jar:/home/user/.m2/repository/org/apache/kerby/kerb-common/1.0.1/kerb-common-1.0.1.jar:/home/user/.m2/repository/org/apache/kerby/kerb-crypto/1.0.1/kerb-crypto-1.0.1.jar:/home/user/.m2/repository/org/apache/kerby/kerb-util/1.0.1/kerb-util-1.0.1.jar:/home/user/.m2/repository/org/apache/kerby/token-provider/1.0.1/token-provider-1.0.1.jar:/home/user/.m2/repository/org/apache/kerby/kerb-admin/1.0.1/kerb-admin-1.0.1.jar:/home/user/.m2/repository/org/apache/kerby/kerb-server/1.0.1/kerb-server-1.0.1.jar:/home/user/.m2/repository/org/apache/kerby/kerb-identity/1.0.1/kerb-identity-1.0.1.jar:/home/user/.m2/repository/org/apache/kerby/kerby-xdr/1.0.1/kerby-xdr-1.0.1.jar:/home/user/.m2/repository/com/fasterxml/jackson/core/jackson-databind/2.9.9/jackson-databind-2.9.9.jar:/home/user/.m2/repository/com/fasterxml/jackson/core/jackson-core/2.9.9/jackson-core-2.9.9.jar:/home/user/.m2/repository/org/codehaus/woodstox/stax2-api/3.1.4/stax2-api-3.1.4.jar:/home/user/.m2/repository/com/fasterxml/woodstox/woodstox-core/5.0.3/woodstox-core-5.0.3.jar:/home/user/.m2/repository/dnsjava/dnsjava/2.1.7/dnsjava-2.1.7.jar:/home/user/.m2/repository/org/apache/hadoop/hadoop-hdfs/3.2.0/hadoop-hdfs-3.2.0.jar:/home/user/.m2/repository/org/eclipse/jetty/jetty-util-ajax/9.3.25.v20180904/jetty-util-ajax-9.3.25.v20180904.jar:/home/user/.m2/repository/commons-daemon/commons-daemon/1.0.13/commons-daemon-1.0.13.jar:/home/user/.m2/repository/io/netty/netty/3.10.5.Final/netty-3.10.5.Final.jar:/home/user/.m2/repository/io/netty/netty-all/4.0.52.Final/netty-all-4.0.52.Final.jar:/home/user/.m2/repository/org/fusesource/leveldbjni/leveldbjni-all/1.8/leveldbjni-all-1.8.jar:/home/user/.m2/repository/com/sun/xml/bind/jaxb-core/2.3.0.1/jaxb-core-2.3.0.1.jar:/home/user/.m2/repository/javax/xml/bind/jaxb-api/2.3.0/jaxb-api-2.3.0.jar:/home/user/.m2/repository/javax/activation/activation/1.1.1/activation-1.1.1.jar:/home/user/.m2/repository/io/dropwizard/metrics/metrics-core/3.2.4/metrics-core-3.2.4.jar:/home/user/.m2/repository/org/openjdk/jmh/jmh-core/1.19/jmh-core-1.19.jar:/home/user/.m2/repository/net/sf/jopt-simple/jopt-simple/4.6/jopt-simple-4.6.jar:/home/user/.m2/repository/org/openjdk/jmh/jmh-generator-annprocess/1.19/jmh-generator-annprocess-1.19.jar:/home/user/.m2/repository/com/amazonaws/aws-java-sdk-s3/1.11.615/aws-java-sdk-s3-1.11.615.jar:/home/user/.m2/repository/com/amazonaws/aws-java-sdk-kms/1.11.615/aws-java-sdk-kms-1.11.615.jar:/home/user/.m2/repository/com/amazonaws/aws-java-sdk-core/1.11.615/aws-java-sdk-core-1.11.615.jar:/home/user/.m2/repository/software/amazon/ion/ion-java/1.0.2/ion-java-1.0.2.jar:/home/user/.m2/repository/com/fasterxml/jackson/dataformat/jackson-dataformat-cbor/2.9.9/jackson-dataformat-cbor-2.9.9.jar:/home/user/.m2/repository/joda-time/joda-time/2.9.9/joda-time-2.9.9.jar:/home/user/.m2/repository/com/amazonaws/jmespath-java/1.11.615/jmespath-java-1.11.615.jar:/home/user/.m2/repository/com/google/code/findbugs/findbugs/3.0.1/findbugs-3.0.1.jar:/home/user/.m2/repository/net/jcip/jcip-annotations/1.0/jcip-annotations-1.0.jar:/home/user/.m2/repository/com/google/code/findbugs/bcel-findbugs/6.0/bcel-findbugs-6.0.jar:/home/user/.m2/repository/com/google/code/findbugs/jFormatString/2.0.1/jFormatString-2.0.1.jar:/home/user/.m2/repository/dom4j/dom4j/1.6.1/dom4j-1.6.1.jar:/home/user/.m2/repository/xml-apis/xml-apis/1.0.b2/xml-apis-1.0.b2.jar:/home/user/.m2/repository/org/ow2/asm/asm-debug-all/5.0.2/asm-debug-all-5.0.2.jar:/home/user/.m2/repository/org/ow2/asm/asm-commons/5.0.2/asm-commons-5.0.2.jar:/home/user/.m2/repository/org/ow2/asm/asm-tree/5.0.2/asm-tree-5.0.2.jar:/home/user/.m2/repository/org/ow2/asm/asm/5.0.4/asm-5.0.4.jar:/home/user/.m2/repository/commons-lang/commons-lang/2.6/commons-lang-2.6.jar:/home/user/.m2/repository/com/apple/AppleJavaExtensions/1.4/AppleJavaExtensions-1.4.jar:/home/user/.m2/repository/jaxen/jaxen/1.1.6/jaxen-1.1.6.jar:/home/user/.m2/repository/junit/junit/4.11/junit-4.11.jar:/home/user/.m2/repository/org/hamcrest/hamcrest-core/1.3/hamcrest-core-1.3.jar:/home/user/.m2/repository/org/apache/hadoop/hadoop-common/3.2.0/hadoop-common-3.2.0-tests.jar:/workdir/hadoop-ozone/integration-test/target/test-classes:/home/user/.m2/repository/org/apache/hadoop/hadoop-ozone-s3gateway/0.5.0-SNAPSHOT/hadoop-ozone-s3gateway-0.5.0-SNAPSHOT.jar:/home/user/.m2/repository/org/jboss/weld/servlet/weld-servlet/2.4.7.Final/weld-servlet-2.4.7.Final.jar:/home/user/.m2/repository/org/glassfish/jersey/containers/jersey-container-servlet-core/2.27/jersey-container-servlet-core-2.27.jar:/home/user/.m2/repository/org/glassfish/hk2/external/javax.inject/2.5.0-b42/javax.inject-2.5.0-b42.jar:/home/user/.m2/repository/org/glassfish/jersey/core/jersey-common/2.27/jersey-common-2.27.jar:/home/user/.m2/repository/org/glassfish/hk2/osgi-resource-locator/1.0.1/osgi-resource-locator-1.0.1.jar:/home/user/.m2/repository/javax/ws/rs/javax.ws.rs-api/2.1/javax.ws.rs-api-2.1.jar:/home/user/.m2/repository/org/glassfish/jersey/ext/cdi/jersey-cdi1x/2.27/jersey-cdi1x-2.27.jar:/home/user/.m2/repository/org/glassfish/jersey/inject/jersey-hk2/2.27/jersey-hk2-2.27.jar:/home/user/.m2/repository/org/glassfish/hk2/hk2-locator/2.5.0-b42/hk2-locator-2.5.0-b42.jar:/home/user/.m2/repository/org/javassist/javassist/3.22.0-CR2/javassist-3.22.0-CR2.jar:/home/user/.m2/repository/org/glassfish/hk2/hk2-api/2.5.0/hk2-api-2.5.0.jar:/home/user/.m2/repository/org/glassfish/hk2/external/jakarta.inject/2.5.0/jakarta.inject-2.5.0.jar:/home/user/.m2/repository/org/glassfish/hk2/hk2-utils/2.5.0/hk2-utils-2.5.0.jar:/home/user/.m2/repository/jakarta/annotation/jakarta.annotation-api/1.3.4/jakarta.annotation-api-1.3.4.jar:/home/user/.m2/repository/org/glassfish/hk2/external/aopalliance-repackaged/2.5.0/aopalliance-repackaged-2.5.0.jar:/home/user/.m2/repository/com/fasterxml/jackson/dataformat/jackson-dataformat-xml/2.9.0/jackson-dataformat-xml-2.9.0.jar:/home/user/.m2/repository/com/fasterxml/jackson/module/jackson-module-jaxb-annotations/2.9.9/jackson-module-jaxb-annotations-2.9.9.jar:/home/user/.m2/repository/javax/enterprise/cdi-api/1.2/cdi-api-1.2.jar:/home/user/.m2/repository/javax/el/javax.el-api/3.0.0/javax.el-api-3.0.0.jar:/home/user/.m2/repository/javax/interceptor/javax.interceptor-api/1.2/javax.interceptor-api-1.2.jar:/home/user/.m2/repository/javax/inject/javax.inject/1/javax.inject-1.jar:/home/user/.m2/repository/org/apache/hadoop/hadoop-ozone-csi/0.5.0-SNAPSHOT/hadoop-ozone-csi-0.5.0-SNAPSHOT.jar:/home/user/.m2/repository/com/google/protobuf/protobuf-java-util/3.5.1/protobuf-java-util-3.5.1.jar:/home/user/.m2/repository/io/grpc/grpc-netty/1.17.1/grpc-netty-1.17.1.jar:/home/user/.m2/repository/io/grpc/grpc-core/1.17.1/grpc-core-1.17.1.jar:/home/user/.m2/repository/io/grpc/grpc-context/1.17.1/grpc-context-1.17.1.jar:/home/user/.m2/repository/com/google/errorprone/error_prone_annotations/2.2.0/error_prone_annotations-2.2.0.jar:/home/user/.m2/repository/org/codehaus/mojo/animal-sniffer-annotations/1.17/animal-sniffer-annotations-1.17.jar:/home/user/.m2/repository/io/opencensus/opencensus-api/0.17.0/opencensus-api-0.17.0.jar:/home/user/.m2/repository/io/opencensus/opencensus-contrib-grpc-metrics/0.17.0/opencensus-contrib-grpc-metrics-0.17.0.jar:/home/user/.m2/repository/io/netty/netty-codec-http2/4.1.30.Final/netty-codec-http2-4.1.30.Final.jar:/home/user/.m2/repository/io/netty/netty-codec-http/4.1.30.Final/netty-codec-http-4.1.30.Final.jar:/home/user/.m2/repository/io/netty/netty-codec/4.1.30.Final/netty-codec-4.1.30.Final.jar:/home/user/.m2/repository/io/netty/netty-handler/4.1.30.Final/netty-handler-4.1.30.Final.jar:/home/user/.m2/repository/io/netty/netty-handler-proxy/4.1.30.Final/netty-handler-proxy-4.1.30.Final.jar:/home/user/.m2/repository/io/netty/netty-codec-socks/4.1.30.Final/netty-codec-socks-4.1.30.Final.jar:/home/user/.m2/repository/io/netty/netty-transport-native-epoll/4.1.30.Final/netty-transport-native-epoll-4.1.30.Final.jar:/home/user/.m2/repository/io/netty/netty-common/4.1.30.Final/netty-common-4.1.30.Final.jar:/home/user/.m2/repository/io/netty/netty-buffer/4.1.30.Final/netty-buffer-4.1.30.Final.jar:/home/user/.m2/repository/io/netty/netty-transport/4.1.30.Final/netty-transport-4.1.30.Final.jar:/home/user/.m2/repository/io/netty/netty-resolver/4.1.30.Final/netty-resolver-4.1.30.Final.jar:/home/user/.m2/repository/io/netty/netty-transport-native-unix-common/4.1.30.Final/netty-transport-native-unix-common-4.1.30.Final.jar:/home/user/.m2/repository/io/grpc/grpc-protobuf/1.17.1/grpc-protobuf-1.17.1.jar:/home/user/.m2/repository/com/google/api/grpc/proto-google-common-protos/1.0.0/proto-google-common-protos-1.0.0.jar:/home/user/.m2/repository/io/grpc/grpc-protobuf-lite/1.17.1/grpc-protobuf-lite-1.17.1.jar:/home/user/.m2/repository/io/grpc/grpc-stub/1.17.1/grpc-stub-1.17.1.jar:/home/user/.m2/repository/org/apache/hadoop/hadoop-ozone-recon/0.5.0-SNAPSHOT/hadoop-ozone-recon-0.5.0-SNAPSHOT.jar:/home/user/.m2/repository/org/apache/hadoop/hadoop-ozone-reconcodegen/0.5.0-SNAPSHOT/hadoop-ozone-reconcodegen-0.5.0-SNAPSHOT.jar:/home/user/.m2/repository/com/google/inject/extensions/guice-multibindings/4.0/guice-multibindings-4.0.jar:/home/user/.m2/repository/com/google/inject/guice/4.0/guice-4.0.jar:/home/user/.m2/repository/aopalliance/aopalliance/1.0/aopalliance-1.0.jar:/home/user/.m2/repository/com/google/inject/extensions/guice-servlet/4.0/guice-servlet-4.0.jar:/home/user/.m2/repository/org/glassfish/jersey/containers/jersey-container-servlet/2.27/jersey-container-servlet-2.27.jar:/home/user/.m2/repository/org/glassfish/hk2/guice-bridge/2.5.0/guice-bridge-2.5.0.jar:/home/user/.m2/repository/org/glassfish/jersey/core/jersey-server/2.27/jersey-server-2.27.jar:/home/user/.m2/repository/org/glassfish/jersey/core/jersey-client/2.27/jersey-client-2.27.jar:/home/user/.m2/repository/org/glassfish/jersey/media/jersey-media-jaxb/2.27/jersey-media-jaxb-2.27.jar:/home/user/.m2/repository/javax/validation/validation-api/1.1.0.Final/validation-api-1.1.0.Final.jar:/home/user/.m2/repository/org/glassfish/jersey/media/jersey-media-json-jackson/2.27/jersey-media-json-jackson-2.27.jar:/home/user/.m2/repository/org/glassfish/jersey/ext/jersey-entity-filtering/2.27/jersey-entity-filtering-2.27.jar:/home/user/.m2/repository/com/google/inject/extensions/guice-assistedinject/4.0/guice-assistedinject-4.0.jar:/home/user/.m2/repository/org/jooq/jooq/3.11.10/jooq-3.11.10.jar:/home/user/.m2/repository/org/jooq/jooq-meta/3.11.10/jooq-meta-3.11.10.jar:/home/user/.m2/repository/org/jooq/jooq-codegen/3.11.10/jooq-codegen-3.11.10.jar:/home/user/.m2/repository/com/jolbox/bonecp/0.8.0.RELEASE/bonecp-0.8.0.RELEASE.jar:/home/user/.m2/repository/org/springframework/spring-jdbc/5.1.3.RELEASE/spring-jdbc-5.1.3.RELEASE.jar:/home/user/.m2/repository/org/springframework/spring-beans/5.1.3.RELEASE/spring-beans-5.1.3.RELEASE.jar:/home/user/.m2/repository/org/springframework/spring-core/5.1.3.RELEASE/spring-core-5.1.3.RELEASE.jar:/home/user/.m2/repository/org/springframework/spring-jcl/5.1.3.RELEASE/spring-jcl-5.1.3.RELEASE.jar:/home/user/.m2/repository/org/springframework/spring-tx/5.1.3.RELEASE/spring-tx-5.1.3.RELEASE.jar:/home/user/.m2/repository/org/mockito/mockito-core/2.15.0/mockito-core-2.15.0.jar:/home/user/.m2/repository/net/bytebuddy/byte-buddy/1.7.9/byte-buddy-1.7.9.jar:/home/user/.m2/repository/net/bytebuddy/byte-buddy-agent/1.7.9/byte-buddy-agent-1.7.9.jar:/home/user/.m2/repository/org/objenesis/objenesis/1.0/objenesis-1.0.jar:"/>
    <property name="sun.cpu.endian" value="little"/>
    <property name="user.home" value="/home/user"/>
    <property name="user.language" value="en"/>
    <property name="java.specification.vendor" value="Oracle Corporation"/>
    <property name="java.home" value="/usr/lib/jvm/java-1.8-openjdk/jre"/>
    <property name="java.security.krb5.conf" value="/workdir/hadoop-ozone/tools/target/test-classes/krb5.conf"/>
    <property name="basedir" value="/workdir/hadoop-ozone/tools"/>
    <property name="file.separator" value="/"/>
    <property name="line.separator" value="&#10;"/>
    <property name="java.vm.specification.vendor" value="Oracle Corporation"/>
    <property name="java.specification.name" value="Java Platform API Specification"/>
    <property name="java.awt.graphicsenv" value="sun.awt.X11GraphicsEnvironment"/>
    <property name="surefire.real.class.path" value="/workdir/hadoop-ozone/tools/target/surefire/surefirebooter2845334175329536104.jar"/>
    <property name="hadoop.log.dir" value="/workdir/hadoop-ozone/tools/target/log"/>
    <property name="sun.boot.class.path" value="/usr/lib/jvm/java-1.8-openjdk/jre/lib/resources.jar:/usr/lib/jvm/java-1.8-openjdk/jre/lib/rt.jar:/usr/lib/jvm/java-1.8-openjdk/jre/lib/sunrsasign.jar:/usr/lib/jvm/java-1.8-openjdk/jre/lib/jsse.jar:/usr/lib/jvm/java-1.8-openjdk/jre/lib/jce.jar:/usr/lib/jvm/java-1.8-openjdk/jre/lib/charsets.jar:/usr/lib/jvm/java-1.8-openjdk/jre/lib/jfr.jar:/usr/lib/jvm/java-1.8-openjdk/jre/classes"/>
    <property name="sun.management.compiler" value="HotSpot 64-Bit Tiered Compilers"/>
    <property name="java.runtime.version" value="1.8.0_212-b04"/>
    <property name="java.net.preferIPv4Stack" value="true"/>
    <property name="user.name" value="jenkins1000"/>
    <property name="path.separator" value=":"/>
    <property name="java.security.egd" value="file:///dev/urandom"/>
    <property name="os.version" value="3.10.0-957.12.2.el7.x86_64"/>
    <property name="java.endorsed.dirs" value="/usr/lib/jvm/java-1.8-openjdk/jre/lib/endorsed"/>
    <property name="java.runtime.name" value="OpenJDK Runtime Environment"/>
    <property name="file.encoding" value="UTF-8"/>
    <property name="java.vm.name" value="OpenJDK 64-Bit Server VM"/>
    <property name="test.build.webapps" value=""/>
    <property name="localRepository" value="/home/user/.m2/repository"/>
    <property name="java.vendor.url.bug" value="https://icedtea.classpath.org/bugzilla"/>
    <property name="java.io.tmpdir" value="/tmp"/>
    <property name="require.test.libhadoop" value=""/>
    <property name="java.version" value="1.8.0_212"/>
    <property name="user.dir" value="/workdir/hadoop-ozone/tools"/>
    <property name="os.arch" value="amd64"/>
    <property name="java.vm.specification.name" value="Java Virtual Machine Specification"/>
    <property name="test.build.classes" value="/workdir/hadoop-ozone/tools/target/test-classes"/>
    <property name="java.awt.printerjob" value="sun.print.PSPrinterJob"/>
    <property name="sun.os.patch.level" value="unknown"/>
    <property name="hadoop.tmp.dir" value="/workdir/hadoop-ozone/tools/target/tmp"/>
    <property name="java.library.path" value="/usr/lib/jvm/java-1.8-openjdk/jre/lib/amd64/server:/usr/lib/jvm/java-1.8-openjdk/jre/lib/amd64:/usr/lib/jvm/java-1.8-openjdk/jre/../lib/amd64:/workdir/hadoop-ozone/tools/target/native/target/usr/local/lib:/workdir/hadoop-ozone/tools/../../hadoop-common-project/hadoop-common/target/native/target/usr/local/lib:/usr/java/packages/lib/amd64:/usr/lib64:/lib64:/lib:/usr/lib"/>
    <property name="java.vm.info" value="mixed mode"/>
    <property name="java.vendor" value="IcedTea"/>
    <property name="java.vm.version" value="25.212-b04"/>
    <property name="java.ext.dirs" value="/usr/lib/jvm/java-1.8-openjdk/jre/lib/ext:/usr/java/packages/lib/ext"/>
    <property name="sun.io.unicode.encoding" value="UnicodeLittle"/>
    <property name="java.class.version" value="52.0"/>
  </properties>
  <testcase name="testRestart" classname="org.apache.hadoop.ozone.freon.TestFreonWithPipelineDestroy" time="10.744">
    <error message="Allocated 0 blocks. Requested 5 blocks" type="INTERNAL_ERROR org.apache.hadoop.ozone.om.exceptions.OMException">INTERNAL_ERROR org.apache.hadoop.ozone.om.exceptions.OMException: Allocated 0 blocks. Requested 5 blocks
	at org.apache.hadoop.ozone.om.protocolPB.OzoneManagerProtocolClientSideTranslatorPB.handleError(OzoneManagerProtocolClientSideTranslatorPB.java:732)
	at org.apache.hadoop.ozone.om.protocolPB.OzoneManagerProtocolClientSideTranslatorPB.openKey(OzoneManagerProtocolClientSideTranslatorPB.java:723)
	at sun.reflect.NativeMethodAccessorImpl.invoke0(Native Method)
	at sun.reflect.NativeMethodAccessorImpl.invoke(NativeMethodAccessorImpl.java:62)
	at sun.reflect.DelegatingMethodAccessorImpl.invoke(DelegatingMethodAccessorImpl.java:43)
	at java.lang.reflect.Method.invoke(Method.java:498)
	at org.apache.hadoop.hdds.tracing.TraceAllMethod.invoke(TraceAllMethod.java:66)
	at com.sun.proxy.$Proxy37.openKey(Unknown Source)
	at org.apache.hadoop.ozone.client.rpc.RpcClient.createKey(RpcClient.java:614)
	at org.apache.hadoop.ozone.client.OzoneBucket.createKey(OzoneBucket.java:325)
	at org.apache.hadoop.ozone.freon.RandomKeyGenerator.createKey(RandomKeyGenerator.java:695)
	at org.apache.hadoop.ozone.freon.RandomKeyGenerator.access$1100(RandomKeyGenerator.java:88)
	at org.apache.hadoop.ozone.freon.RandomKeyGenerator$ObjectCreator.run(RandomKeyGenerator.java:615)
	at java.util.concurrent.Executors$RunnableAdapter.call(Executors.java:511)
	at java.util.concurrent.FutureTask.run(FutureTask.java:266)
	at java.util.concurrent.ThreadPoolExecutor.runWorker(ThreadPoolExecutor.java:1149)
	at java.util.concurrent.ThreadPoolExecutor$Worker.run(ThreadPoolExecutor.java:624)
	at java.lang.Thread.run(Thread.java:748)
</error>
    <system-out><![CDATA[2019-09-26 11:03:44,022 [main] WARN  server.ServerUtils (ServerUtils.java:getScmDbDir(145)) - ozone.scm.db.dirs is not configured. We recommend adding this setting. Falling back to ozone.metadata.dirs instead.
2019-09-26 11:03:44,142 [main] WARN  server.ServerUtils (ServerUtils.java:getScmDbDir(145)) - ozone.scm.db.dirs is not configured. We recommend adding this setting. Falling back to ozone.metadata.dirs instead.
2019-09-26 11:03:44,145 [main] WARN  server.ServerUtils (ServerUtils.java:getScmDbDir(145)) - ozone.scm.db.dirs is not configured. We recommend adding this setting. Falling back to ozone.metadata.dirs instead.
2019-09-26 11:03:44,163 [main] INFO  util.log (Log.java:initialized(192)) - Logging initialized @919ms
2019-09-26 11:03:44,264 [main] INFO  db.DBStoreBuilder (DBStoreBuilder.java:addTable(110)) - using custom profile for table: deletedBlocks
2019-09-26 11:03:44,264 [main] INFO  db.DBStoreBuilder (DBStoreBuilder.java:processTables(161)) - Using default column profile:DBProfile.DISK for Table:deletedBlocks
2019-09-26 11:03:44,264 [main] INFO  db.DBStoreBuilder (DBStoreBuilder.java:addTable(110)) - using custom profile for table: validCerts
2019-09-26 11:03:44,265 [main] INFO  db.DBStoreBuilder (DBStoreBuilder.java:processTables(161)) - Using default column profile:DBProfile.DISK for Table:validCerts
2019-09-26 11:03:44,265 [main] INFO  db.DBStoreBuilder (DBStoreBuilder.java:addTable(110)) - using custom profile for table: revokedCerts
2019-09-26 11:03:44,265 [main] INFO  db.DBStoreBuilder (DBStoreBuilder.java:processTables(161)) - Using default column profile:DBProfile.DISK for Table:revokedCerts
2019-09-26 11:03:44,277 [main] INFO  db.DBStoreBuilder (DBStoreBuilder.java:addTable(110)) - using custom profile for table: default
2019-09-26 11:03:44,277 [main] INFO  db.DBStoreBuilder (DBStoreBuilder.java:processTables(167)) - Using default column profile:DBProfile.DISK for Table:default
2019-09-26 11:03:44,278 [main] INFO  db.DBStoreBuilder (DBStoreBuilder.java:getDbProfile(198)) - Using default options. DBProfile.DISK
2019-09-26 11:03:44,615 [main] INFO  net.NodeSchemaLoader (NodeSchemaLoader.java:loadSchemaFromFile(125)) - Loading file from sun.misc.CompoundEnumeration@59474f18
2019-09-26 11:03:44,618 [main] INFO  net.NodeSchemaLoader (NodeSchemaLoader.java:loadSchema(171)) - Loading network topology layer schema file
2019-09-26 11:03:44,712 [main] INFO  node.SCMNodeManager (SCMNodeManager.java:<init>(114)) - Entering startup safe mode.
2019-09-26 11:03:44,787 [main] INFO  algorithms.ContainerPlacementPolicyFactory (ContainerPlacementPolicyFactory.java:getPolicy(59)) - Create container placement policy of type org.apache.hadoop.hdds.scm.container.placement.algorithms.SCMContainerPlacementRandom
2019-09-26 11:03:44,801 [main] WARN  server.ServerUtils (ServerUtils.java:getScmDbDir(145)) - ozone.scm.db.dirs is not configured. We recommend adding this setting. Falling back to ozone.metadata.dirs instead.
2019-09-26 11:03:44,871 [main] INFO  pipeline.SCMPipelineManager (SCMPipelineManager.java:initializePipelineState(132)) - No pipeline exists in current db
2019-09-26 11:03:44,874 [main] WARN  server.ServerUtils (ServerUtils.java:getScmDbDir(145)) - ozone.scm.db.dirs is not configured. We recommend adding this setting. Falling back to ozone.metadata.dirs instead.
2019-09-26 11:03:45,011 [main] WARN  events.EventQueue (EventQueue.java:fireEvent(183)) - No event handler registered for event TypedEvent{payloadType=SafeModeStatus, name='SafeModeStatus'}
2019-09-26 11:03:45,386 [main] INFO  ipc.CallQueueManager (CallQueueManager.java:<init>(84)) - Using callQueue: class java.util.concurrent.LinkedBlockingQueue, queueCapacity: 2000, scheduler: class org.apache.hadoop.ipc.DefaultRpcScheduler, ipcBackoff: false.
2019-09-26 11:03:45,428 [Socket Reader #1 for port 33409] INFO  ipc.Server (Server.java:run(1074)) - Starting Socket Reader #1 for port 33409
2019-09-26 11:03:45,597 [main] INFO  ipc.CallQueueManager (CallQueueManager.java:<init>(84)) - Using callQueue: class java.util.concurrent.LinkedBlockingQueue, queueCapacity: 2000, scheduler: class org.apache.hadoop.ipc.DefaultRpcScheduler, ipcBackoff: false.
2019-09-26 11:03:45,599 [Socket Reader #1 for port 46679] INFO  ipc.Server (Server.java:run(1074)) - Starting Socket Reader #1 for port 46679
2019-09-26 11:03:45,610 [main] INFO  ipc.CallQueueManager (CallQueueManager.java:<init>(84)) - Using callQueue: class java.util.concurrent.LinkedBlockingQueue, queueCapacity: 2000, scheduler: class org.apache.hadoop.ipc.DefaultRpcScheduler, ipcBackoff: false.
2019-09-26 11:03:45,613 [Socket Reader #1 for port 36734] INFO  ipc.Server (Server.java:run(1074)) - Starting Socket Reader #1 for port 36734
2019-09-26 11:03:45,641 [main] INFO  hdfs.DFSUtil (DFSUtil.java:httpServerTemplateForNNAndJN(1641)) - Starting Web-server for scm at: http://0.0.0.0:0
2019-09-26 11:03:45,793 [main] INFO  server.AuthenticationFilter (AuthenticationFilter.java:constructSecretProvider(240)) - Unable to initialize FileSignerSecretProvider, falling back to use random secrets.
2019-09-26 11:03:45,809 [main] WARN  http.HttpRequestLog (HttpRequestLog.java:getRequestLog(97)) - Jetty request log can only be enabled using Log4j
2019-09-26 11:03:45,818 [main] INFO  http.HttpServer2 (HttpServer2.java:addGlobalFilter(975)) - Added global filter 'safety' (class=org.apache.hadoop.http.HttpServer2$QuotingInputFilter)
2019-09-26 11:03:45,821 [main] INFO  http.HttpServer2 (HttpServer2.java:addFilter(948)) - Added filter static_user_filter (class=org.apache.hadoop.http.lib.StaticUserWebFilter$StaticUserFilter) to context scm
2019-09-26 11:03:45,821 [main] INFO  http.HttpServer2 (HttpServer2.java:addFilter(958)) - Added filter static_user_filter (class=org.apache.hadoop.http.lib.StaticUserWebFilter$StaticUserFilter) to context logs
2019-09-26 11:03:45,821 [main] INFO  http.HttpServer2 (HttpServer2.java:addFilter(958)) - Added filter static_user_filter (class=org.apache.hadoop.http.lib.StaticUserWebFilter$StaticUserFilter) to context static
2019-09-26 11:03:45,849 [main] INFO  server.StorageContainerManager (StorageContainerManager.java:start(770)) - StorageContainerLocationProtocol RPC server is listening at /0.0.0.0:36734
2019-09-26 11:03:45,903 [main] WARN  impl.MetricsConfig (MetricsConfig.java:loadFirst(134)) - Cannot locate configuration: tried hadoop-metrics2-storagecontainermanager.properties,hadoop-metrics2.properties
2019-09-26 11:03:45,916 [main] INFO  impl.MetricsSystemImpl (MetricsSystemImpl.java:startTimer(374)) - Scheduled Metric snapshot period at 10 second(s).
2019-09-26 11:03:45,916 [main] INFO  impl.MetricsSystemImpl (MetricsSystemImpl.java:start(191)) - StorageContainerManager metrics system started
2019-09-26 11:03:46,136 [main] INFO  server.SCMClientProtocolServer (SCMClientProtocolServer.java:start(151)) - RPC server for Client  is listening at /0.0.0.0:36734
2019-09-26 11:03:46,137 [IPC Server Responder] INFO  ipc.Server (Server.java:run(1314)) - IPC Server Responder: starting
2019-09-26 11:03:46,137 [IPC Server listener on 36734] INFO  ipc.Server (Server.java:run(1153)) - IPC Server listener on 36734: starting
2019-09-26 11:03:46,140 [main] INFO  server.StorageContainerManager (StorageContainerManager.java:start(780)) - ScmBlockLocationProtocol RPC server is listening at /0.0.0.0:46679
2019-09-26 11:03:46,141 [main] INFO  server.SCMBlockProtocolServer (SCMBlockProtocolServer.java:start(146)) - RPC server for Block Protocol is listening at /0.0.0.0:46679
2019-09-26 11:03:46,142 [IPC Server Responder] INFO  ipc.Server (Server.java:run(1314)) - IPC Server Responder: starting
2019-09-26 11:03:46,142 [IPC Server listener on 46679] INFO  ipc.Server (Server.java:run(1153)) - IPC Server listener on 46679: starting
2019-09-26 11:03:46,145 [main] INFO  server.StorageContainerManager (StorageContainerManager.java:start(784)) - ScmDatanodeProtocl RPC server is listening at /0.0.0.0:33409
2019-09-26 11:03:46,145 [main] INFO  server.SCMDatanodeProtocolServer (SCMDatanodeProtocolServer.java:start(191)) - RPC server for DataNodes is listening at /0.0.0.0:33409
2019-09-26 11:03:46,145 [IPC Server Responder] INFO  ipc.Server (Server.java:run(1314)) - IPC Server Responder: starting
2019-09-26 11:03:46,146 [IPC Server listener on 33409] INFO  ipc.Server (Server.java:run(1153)) - IPC Server listener on 33409: starting
2019-09-26 11:03:46,150 [main] INFO  http.HttpServer2 (HttpServer2.java:bindListener(1191)) - Jetty bound to port 40506
2019-09-26 11:03:46,153 [main] INFO  server.Server (Server.java:doStart(351)) - jetty-9.3.25.v20180904, build timestamp: 2018-09-04T21:11:46Z, git hash: 3ce520221d0240229c862b122d2b06c12a625732
2019-09-26 11:03:46,210 [main] INFO  handler.ContextHandler (ContextHandler.java:doStart(781)) - Started o.e.j.s.ServletContextHandler@23bff419{/logs,file:///workdir/hadoop-ozone/tools/target/log,AVAILABLE}
2019-09-26 11:03:46,211 [main] INFO  handler.ContextHandler (ContextHandler.java:doStart(781)) - Started o.e.j.s.ServletContextHandler@4c550889{/static,jar:file:/home/user/.m2/repository/org/apache/hadoop/hadoop-hdds-server-scm/0.5.0-SNAPSHOT/hadoop-hdds-server-scm-0.5.0-SNAPSHOT.jar!/webapps/static,AVAILABLE}
2019-09-26 11:03:46,310 [main] INFO  handler.ContextHandler (ContextHandler.java:doStart(781)) - Started o.e.j.w.WebAppContext@67427b69{/,file:///tmp/jetty-0.0.0.0-40506-scm-_-any-4883848841056319667.dir/webapp/,AVAILABLE}{/scm}
2019-09-26 11:03:46,316 [main] INFO  server.AbstractConnector (AbstractConnector.java:doStart(278)) - Started ServerConnector@3b366632{HTTP/1.1,[http/1.1]}{0.0.0.0:40506}
2019-09-26 11:03:46,316 [main] INFO  server.Server (Server.java:doStart(419)) - Started @3073ms
2019-09-26 11:03:46,319 [main] INFO  impl.MetricsSinkAdapter (MetricsSinkAdapter.java:start(204)) - Sink prometheus started
2019-09-26 11:03:46,319 [main] INFO  impl.MetricsSystemImpl (MetricsSystemImpl.java:registerSink(301)) - Registered sink prometheus
2019-09-26 11:03:46,320 [main] INFO  server.BaseHttpServer (BaseHttpServer.java:updateConnectorAddress(215)) - HTTP server of SCM is listening at http://0.0.0.0:40506
2019-09-26 11:03:46,330 [org.apache.hadoop.util.JvmPauseMonitor$Monitor@452e26d0] INFO  util.JvmPauseMonitor (JvmPauseMonitor.java:run(188)) - Starting JVM pause monitor
2019-09-26 11:03:46,334 [main] WARN  server.ServerUtils (ServerUtils.java:getDBPath(222)) - ozone.om.db.dirs is not configured. We recommend adding this setting. Falling back to ozone.metadata.dirs instead.
2019-09-26 11:03:46,491 [main] WARN  server.ServerUtils (ServerUtils.java:getDBPath(222)) - ozone.om.db.dirs is not configured. We recommend adding this setting. Falling back to ozone.metadata.dirs instead.
2019-09-26 11:03:46,492 [main] WARN  server.ServerUtils (ServerUtils.java:getDBPath(222)) - ozone.om.db.dirs is not configured. We recommend adding this setting. Falling back to ozone.metadata.dirs instead.
2019-09-26 11:03:46,493 [main] INFO  om.OzoneManager (OzoneManager.java:setOMNodeDetails(652)) - OM Service ID is not set. Setting it to the default ID: omServiceIdDefault
2019-09-26 11:03:46,493 [main] INFO  om.OzoneManager (OzoneManager.java:setOMNodeDetails(658)) - OM Node ID is not set. Setting it to the OmStorage's OmID: 2ab471f2-d614-4a21-a626-b3b4a64acc73
2019-09-26 11:03:46,495 [main] INFO  om.OzoneManager (OzoneManager.java:loadOMHAConfigs(609)) - Found matching OM address with OMServiceId: null, OMNodeId: null, RPC Address: localhost:0 and Ratis port: 9872
2019-09-26 11:03:47,245 [main] WARN  server.ServerUtils (ServerUtils.java:getDBPath(222)) - ozone.om.db.dirs is not configured. We recommend adding this setting. Falling back to ozone.metadata.dirs instead.
2019-09-26 11:03:47,254 [main] INFO  db.DBStoreBuilder (DBStoreBuilder.java:addTable(110)) - using custom profile for table: userTable
2019-09-26 11:03:47,255 [main] INFO  db.DBStoreBuilder (DBStoreBuilder.java:processTables(161)) - Using default column profile:DBProfile.DISK for Table:userTable
2019-09-26 11:03:47,255 [main] INFO  db.DBStoreBuilder (DBStoreBuilder.java:addTable(110)) - using custom profile for table: volumeTable
2019-09-26 11:03:47,255 [main] INFO  db.DBStoreBuilder (DBStoreBuilder.java:processTables(161)) - Using default column profile:DBProfile.DISK for Table:volumeTable
2019-09-26 11:03:47,256 [main] INFO  db.DBStoreBuilder (DBStoreBuilder.java:addTable(110)) - using custom profile for table: bucketTable
2019-09-26 11:03:47,256 [main] INFO  db.DBStoreBuilder (DBStoreBuilder.java:processTables(161)) - Using default column profile:DBProfile.DISK for Table:bucketTable
2019-09-26 11:03:47,256 [main] INFO  db.DBStoreBuilder (DBStoreBuilder.java:addTable(110)) - using custom profile for table: keyTable
2019-09-26 11:03:47,256 [main] INFO  db.DBStoreBuilder (DBStoreBuilder.java:processTables(161)) - Using default column profile:DBProfile.DISK for Table:keyTable
2019-09-26 11:03:47,256 [main] INFO  db.DBStoreBuilder (DBStoreBuilder.java:addTable(110)) - using custom profile for table: deletedTable
2019-09-26 11:03:47,257 [main] INFO  db.DBStoreBuilder (DBStoreBuilder.java:processTables(161)) - Using default column profile:DBProfile.DISK for Table:deletedTable
2019-09-26 11:03:47,257 [main] INFO  db.DBStoreBuilder (DBStoreBuilder.java:addTable(110)) - using custom profile for table: openKeyTable
2019-09-26 11:03:47,257 [main] INFO  db.DBStoreBuilder (DBStoreBuilder.java:processTables(161)) - Using default column profile:DBProfile.DISK for Table:openKeyTable
2019-09-26 11:03:47,257 [main] INFO  db.DBStoreBuilder (DBStoreBuilder.java:addTable(110)) - using custom profile for table: s3Table
2019-09-26 11:03:47,258 [main] INFO  db.DBStoreBuilder (DBStoreBuilder.java:processTables(161)) - Using default column profile:DBProfile.DISK for Table:s3Table
2019-09-26 11:03:47,258 [main] INFO  db.DBStoreBuilder (DBStoreBuilder.java:addTable(110)) - using custom profile for table: multipartInfoTable
2019-09-26 11:03:47,258 [main] INFO  db.DBStoreBuilder (DBStoreBuilder.java:processTables(161)) - Using default column profile:DBProfile.DISK for Table:multipartInfoTable
2019-09-26 11:03:47,258 [main] INFO  db.DBStoreBuilder (DBStoreBuilder.java:addTable(110)) - using custom profile for table: dTokenTable
2019-09-26 11:03:47,259 [main] INFO  db.DBStoreBuilder (DBStoreBuilder.java:processTables(161)) - Using default column profile:DBProfile.DISK for Table:dTokenTable
2019-09-26 11:03:47,259 [main] INFO  db.DBStoreBuilder (DBStoreBuilder.java:addTable(110)) - using custom profile for table: s3SecretTable
2019-09-26 11:03:47,259 [main] INFO  db.DBStoreBuilder (DBStoreBuilder.java:processTables(161)) - Using default column profile:DBProfile.DISK for Table:s3SecretTable
2019-09-26 11:03:47,259 [main] INFO  db.DBStoreBuilder (DBStoreBuilder.java:addTable(110)) - using custom profile for table: prefixTable
2019-09-26 11:03:47,259 [main] INFO  db.DBStoreBuilder (DBStoreBuilder.java:processTables(161)) - Using default column profile:DBProfile.DISK for Table:prefixTable
2019-09-26 11:03:47,260 [main] INFO  db.DBStoreBuilder (DBStoreBuilder.java:addTable(110)) - using custom profile for table: default
2019-09-26 11:03:47,260 [main] INFO  db.DBStoreBuilder (DBStoreBuilder.java:processTables(167)) - Using default column profile:DBProfile.DISK for Table:default
2019-09-26 11:03:47,260 [main] INFO  db.DBStoreBuilder (DBStoreBuilder.java:getDbProfile(198)) - Using default options. DBProfile.DISK
2019-09-26 11:03:47,773 [main] INFO  ipc.CallQueueManager (CallQueueManager.java:<init>(84)) - Using callQueue: class java.util.concurrent.LinkedBlockingQueue, queueCapacity: 2000, scheduler: class org.apache.hadoop.ipc.DefaultRpcScheduler, ipcBackoff: false.
2019-09-26 11:03:47,774 [Socket Reader #1 for port 35661] INFO  ipc.Server (Server.java:run(1074)) - Starting Socket Reader #1 for port 35661
2019-09-26 11:03:47,803 [main] INFO  om.OzoneManager (OzoneManager.java:start(1243)) - OzoneManager RPC server is listening at localhost/127.0.0.1:35661
2019-09-26 11:03:47,804 [main] INFO  impl.MetricsSystemImpl (MetricsSystemImpl.java:init(158)) - OzoneManager metrics system started (again)
2019-09-26 11:03:47,806 [IPC Server listener on 35661] INFO  ipc.Server (Server.java:run(1153)) - IPC Server listener on 35661: starting
2019-09-26 11:03:47,806 [IPC Server Responder] INFO  ipc.Server (Server.java:run(1314)) - IPC Server Responder: starting
2019-09-26 11:03:47,811 [main] INFO  hdfs.DFSUtil (DFSUtil.java:httpServerTemplateForNNAndJN(1641)) - Starting Web-server for ozoneManager at: http://0.0.0.0:0
2019-09-26 11:03:47,813 [main] INFO  server.AuthenticationFilter (AuthenticationFilter.java:constructSecretProvider(240)) - Unable to initialize FileSignerSecretProvider, falling back to use random secrets.
2019-09-26 11:03:47,813 [main] WARN  http.HttpRequestLog (HttpRequestLog.java:getRequestLog(97)) - Jetty request log can only be enabled using Log4j
2019-09-26 11:03:47,815 [main] INFO  http.HttpServer2 (HttpServer2.java:addGlobalFilter(975)) - Added global filter 'safety' (class=org.apache.hadoop.http.HttpServer2$QuotingInputFilter)
2019-09-26 11:03:47,816 [main] INFO  http.HttpServer2 (HttpServer2.java:addFilter(948)) - Added filter static_user_filter (class=org.apache.hadoop.http.lib.StaticUserWebFilter$StaticUserFilter) to context ozoneManager
2019-09-26 11:03:47,817 [main] INFO  http.HttpServer2 (HttpServer2.java:addFilter(958)) - Added filter static_user_filter (class=org.apache.hadoop.http.lib.StaticUserWebFilter$StaticUserFilter) to context static
2019-09-26 11:03:47,817 [main] INFO  http.HttpServer2 (HttpServer2.java:addFilter(958)) - Added filter static_user_filter (class=org.apache.hadoop.http.lib.StaticUserWebFilter$StaticUserFilter) to context logs
2019-09-26 11:03:47,819 [main] INFO  http.HttpServer2 (HttpServer2.java:bindListener(1191)) - Jetty bound to port 43266
2019-09-26 11:03:47,819 [main] INFO  server.Server (Server.java:doStart(351)) - jetty-9.3.25.v20180904, build timestamp: 2018-09-04T21:11:46Z, git hash: 3ce520221d0240229c862b122d2b06c12a625732
2019-09-26 11:03:47,821 [main] INFO  handler.ContextHandler (ContextHandler.java:doStart(781)) - Started o.e.j.s.ServletContextHandler@773c0293{/logs,file:///workdir/hadoop-ozone/tools/target/log,AVAILABLE}
2019-09-26 11:03:47,822 [main] INFO  handler.ContextHandler (ContextHandler.java:doStart(781)) - Started o.e.j.s.ServletContextHandler@3b569985{/static,jar:file:/home/user/.m2/repository/org/apache/hadoop/hadoop-ozone-ozone-manager/0.5.0-SNAPSHOT/hadoop-ozone-ozone-manager-0.5.0-SNAPSHOT.jar!/webapps/static,AVAILABLE}
2019-09-26 11:03:47,870 [main] INFO  handler.ContextHandler (ContextHandler.java:doStart(781)) - Started o.e.j.w.WebAppContext@566d0c69{/,file:///tmp/jetty-0.0.0.0-43266-ozoneManager-_-any-4701528657250598809.dir/webapp/,AVAILABLE}{/ozoneManager}
2019-09-26 11:03:47,870 [main] INFO  server.AbstractConnector (AbstractConnector.java:doStart(278)) - Started ServerConnector@388b401d{HTTP/1.1,[http/1.1]}{0.0.0.0:43266}
2019-09-26 11:03:47,871 [main] INFO  server.Server (Server.java:doStart(419)) - Started @4628ms
2019-09-26 11:03:47,871 [main] WARN  impl.MetricsSystemImpl (MetricsSystemImpl.java:register(276)) - Sink prometheus already exists!
2019-09-26 11:03:47,873 [main] INFO  server.BaseHttpServer (BaseHttpServer.java:updateConnectorAddress(215)) - HTTP server of OZONEMANAGER is listening at http://0.0.0.0:43266
2019-09-26 11:03:48,250 [main] INFO  impl.MetricsSystemImpl (MetricsSystemImpl.java:init(158)) - HddsDatanode metrics system started (again)
2019-09-26 11:03:48,312 [main] INFO  ozone.HddsDatanodeService (HddsDatanodeService.java:start(184)) - HddsDatanodeService host:pr-hdds-1569-wvzgm-824869521 ip:192.168.30.13
2019-09-26 11:03:48,369 [main] INFO  volume.HddsVolume (HddsVolume.java:<init>(176)) - Creating Volume: /workdir/hadoop-ozone/tools/target/test-dir/MiniOzoneClusterImpl-6d01f745-579a-4aef-b168-1b4d6e4a660d/datanode-0/data/containers/hdds of  storage type : DISK and capacity : 1482555576320
2019-09-26 11:03:48,374 [main] INFO  volume.VolumeSet (VolumeSet.java:initializeVolumeSet(170)) - Added Volume : /workdir/hadoop-ozone/tools/target/test-dir/MiniOzoneClusterImpl-6d01f745-579a-4aef-b168-1b4d6e4a660d/datanode-0/data/containers/hdds to VolumeSet
2019-09-26 11:03:48,379 [main] INFO  volume.ThrottledAsyncChecker (ThrottledAsyncChecker.java:schedule(139)) - Scheduling a check for org.apache.hadoop.ozone.container.common.volume.HddsVolume@2c43eb8
2019-09-26 11:03:48,402 [main] INFO  volume.HddsVolumeChecker (HddsVolumeChecker.java:checkAllVolumes(202)) - Scheduled health check for volume org.apache.hadoop.ozone.container.common.volume.HddsVolume@2c43eb8
2019-09-26 11:03:48,535 [main] INFO  impl.RaftServerProxy (ConfUtils.java:logGet(43)) - raft.rpc.type = GRPC (default)
2019-09-26 11:03:48,606 [main] INFO  grpc.GrpcFactory (GrpcFactory.java:checkPooledByteBufAllocatorUseCacheForAllThreads(45)) - PERFORMANCE WARNING: useCacheForAllThreads is true that may cause Netty to create a lot garbage objects and, as a result, trigger GC.
	It is recommended to disable useCacheForAllThreads by setting -Dorg.apache.ratis.thirdparty.io.netty.allocator.useCacheForAllThreads=false in command line.
2019-09-26 11:03:48,612 [main] INFO  grpc.GrpcConfigKeys$Server (ConfUtils.java:logGet(43)) - raft.grpc.server.port = 0 (default)
2019-09-26 11:03:48,613 [main] INFO  server.GrpcService (ConfUtils.java:logGet(43)) - raft.grpc.message.size.max = 33570816 (custom)
2019-09-26 11:03:48,614 [main] INFO  server.RaftServerConfigKeys (ConfUtils.java:logGet(43)) - raft.server.log.appender.buffer.byte-limit = 33554432 (custom)
2019-09-26 11:03:48,615 [main] INFO  server.GrpcService (ConfUtils.java:logGet(43)) - raft.grpc.flow.control.window = 1MB (=1048576) (default)
2019-09-26 11:03:48,616 [main] INFO  server.RaftServerConfigKeys (ConfUtils.java:logGet(43)) - raft.server.rpc.request.timeout = 3000ms (default)
2019-09-26 11:03:48,801 [main] INFO  server.RaftServerConfigKeys (ConfUtils.java:logGet(43)) - raft.server.storage.dir = [/workdir/hadoop-ozone/tools/target/test-dir/MiniOzoneClusterImpl-6d01f745-579a-4aef-b168-1b4d6e4a660d/datanode-0/data/ratis] (custom)
2019-09-26 11:03:48,885 [main] INFO  hdfs.DFSUtil (DFSUtil.java:httpServerTemplateForNNAndJN(1641)) - Starting Web-server for hddsDatanode at: http://0.0.0.0:0
2019-09-26 11:03:48,888 [main] INFO  server.AuthenticationFilter (AuthenticationFilter.java:constructSecretProvider(240)) - Unable to initialize FileSignerSecretProvider, falling back to use random secrets.
2019-09-26 11:03:48,889 [main] WARN  http.HttpRequestLog (HttpRequestLog.java:getRequestLog(97)) - Jetty request log can only be enabled using Log4j
2019-09-26 11:03:48,893 [main] INFO  http.HttpServer2 (HttpServer2.java:addGlobalFilter(975)) - Added global filter 'safety' (class=org.apache.hadoop.http.HttpServer2$QuotingInputFilter)
2019-09-26 11:03:48,894 [main] INFO  http.HttpServer2 (HttpServer2.java:addFilter(948)) - Added filter static_user_filter (class=org.apache.hadoop.http.lib.StaticUserWebFilter$StaticUserFilter) to context hddsDatanode
2019-09-26 11:03:48,894 [main] INFO  http.HttpServer2 (HttpServer2.java:addFilter(958)) - Added filter static_user_filter (class=org.apache.hadoop.http.lib.StaticUserWebFilter$StaticUserFilter) to context static
2019-09-26 11:03:48,895 [main] INFO  http.HttpServer2 (HttpServer2.java:addFilter(958)) - Added filter static_user_filter (class=org.apache.hadoop.http.lib.StaticUserWebFilter$StaticUserFilter) to context logs
2019-09-26 11:03:48,897 [main] INFO  http.HttpServer2 (HttpServer2.java:bindListener(1191)) - Jetty bound to port 39123
2019-09-26 11:03:48,897 [main] INFO  server.Server (Server.java:doStart(351)) - jetty-9.3.25.v20180904, build timestamp: 2018-09-04T21:11:46Z, git hash: 3ce520221d0240229c862b122d2b06c12a625732
2019-09-26 11:03:48,901 [main] INFO  handler.ContextHandler (ContextHandler.java:doStart(781)) - Started o.e.j.s.ServletContextHandler@54e3658c{/logs,file:///workdir/hadoop-ozone/tools/target/log,AVAILABLE}
2019-09-26 11:03:48,902 [main] INFO  handler.ContextHandler (ContextHandler.java:doStart(781)) - Started o.e.j.s.ServletContextHandler@3c5dbdf8{/static,jar:file:/home/user/.m2/repository/org/apache/hadoop/hadoop-hdds-container-service/0.5.0-SNAPSHOT/hadoop-hdds-container-service-0.5.0-SNAPSHOT.jar!/webapps/static,AVAILABLE}
2019-09-26 11:03:48,945 [main] INFO  handler.ContextHandler (ContextHandler.java:doStart(781)) - Started o.e.j.w.WebAppContext@6dfa915a{/,file:///tmp/jetty-0.0.0.0-39123-hddsDatanode-_-any-5177458525069292903.dir/webapp/,AVAILABLE}{/hddsDatanode}
2019-09-26 11:03:48,946 [main] INFO  server.AbstractConnector (AbstractConnector.java:doStart(278)) - Started ServerConnector@78054f54{HTTP/1.1,[http/1.1]}{0.0.0.0:39123}
2019-09-26 11:03:48,947 [main] INFO  server.Server (Server.java:doStart(419)) - Started @5704ms
2019-09-26 11:03:48,948 [main] WARN  impl.MetricsSystemImpl (MetricsSystemImpl.java:register(276)) - Sink prometheus already exists!
2019-09-26 11:03:48,949 [main] INFO  server.BaseHttpServer (BaseHttpServer.java:updateConnectorAddress(215)) - HTTP server of HDDSDATANODE is listening at http://0.0.0.0:39123
2019-09-26 11:03:48,950 [main] INFO  impl.MetricsSystemImpl (MetricsSystemImpl.java:init(158)) - HddsDatanode metrics system started (again)
2019-09-26 11:03:48,954 [main] INFO  ozone.HddsDatanodeService (HddsDatanodeService.java:start(184)) - HddsDatanodeService host:pr-hdds-1569-wvzgm-824869521 ip:192.168.30.13
2019-09-26 11:03:48,956 [org.apache.hadoop.util.JvmPauseMonitor$Monitor@331e78ff] INFO  util.JvmPauseMonitor (JvmPauseMonitor.java:run(188)) - Starting JVM pause monitor
2019-09-26 11:03:48,964 [main] INFO  volume.HddsVolume (HddsVolume.java:<init>(176)) - Creating Volume: /workdir/hadoop-ozone/tools/target/test-dir/MiniOzoneClusterImpl-6d01f745-579a-4aef-b168-1b4d6e4a660d/datanode-1/data/containers/hdds of  storage type : DISK and capacity : 1482555576320
2019-09-26 11:03:48,964 [main] INFO  volume.VolumeSet (VolumeSet.java:initializeVolumeSet(170)) - Added Volume : /workdir/hadoop-ozone/tools/target/test-dir/MiniOzoneClusterImpl-6d01f745-579a-4aef-b168-1b4d6e4a660d/datanode-1/data/containers/hdds to VolumeSet
2019-09-26 11:03:48,965 [main] INFO  volume.ThrottledAsyncChecker (ThrottledAsyncChecker.java:schedule(139)) - Scheduling a check for org.apache.hadoop.ozone.container.common.volume.HddsVolume@4b200971
2019-09-26 11:03:48,966 [main] INFO  volume.HddsVolumeChecker (HddsVolumeChecker.java:checkAllVolumes(202)) - Scheduled health check for volume org.apache.hadoop.ozone.container.common.volume.HddsVolume@4b200971
2019-09-26 11:03:48,984 [main] INFO  impl.RaftServerProxy (ConfUtils.java:logGet(43)) - raft.rpc.type = GRPC (default)
2019-09-26 11:03:48,984 [main] INFO  grpc.GrpcFactory (GrpcFactory.java:checkPooledByteBufAllocatorUseCacheForAllThreads(45)) - PERFORMANCE WARNING: useCacheForAllThreads is true that may cause Netty to create a lot garbage objects and, as a result, trigger GC.
	It is recommended to disable useCacheForAllThreads by setting -Dorg.apache.ratis.thirdparty.io.netty.allocator.useCacheForAllThreads=false in command line.
2019-09-26 11:03:48,985 [main] INFO  grpc.GrpcConfigKeys$Server (ConfUtils.java:logGet(43)) - raft.grpc.server.port = 0 (default)
2019-09-26 11:03:48,985 [main] INFO  server.GrpcService (ConfUtils.java:logGet(43)) - raft.grpc.message.size.max = 33570816 (custom)
2019-09-26 11:03:48,985 [main] INFO  server.RaftServerConfigKeys (ConfUtils.java:logGet(43)) - raft.server.log.appender.buffer.byte-limit = 33554432 (custom)
2019-09-26 11:03:48,985 [main] INFO  server.GrpcService (ConfUtils.java:logGet(43)) - raft.grpc.flow.control.window = 1MB (=1048576) (default)
2019-09-26 11:03:48,986 [main] INFO  server.RaftServerConfigKeys (ConfUtils.java:logGet(43)) - raft.server.rpc.request.timeout = 3000ms (default)
2019-09-26 11:03:48,986 [main] INFO  server.RaftServerConfigKeys (ConfUtils.java:logGet(43)) - raft.server.storage.dir = [/workdir/hadoop-ozone/tools/target/test-dir/MiniOzoneClusterImpl-6d01f745-579a-4aef-b168-1b4d6e4a660d/datanode-1/data/ratis] (custom)
2019-09-26 11:03:48,988 [main] INFO  hdfs.DFSUtil (DFSUtil.java:httpServerTemplateForNNAndJN(1641)) - Starting Web-server for hddsDatanode at: http://0.0.0.0:0
2019-09-26 11:03:48,990 [main] INFO  server.AuthenticationFilter (AuthenticationFilter.java:constructSecretProvider(240)) - Unable to initialize FileSignerSecretProvider, falling back to use random secrets.
2019-09-26 11:03:48,990 [main] WARN  http.HttpRequestLog (HttpRequestLog.java:getRequestLog(97)) - Jetty request log can only be enabled using Log4j
2019-09-26 11:03:48,992 [main] INFO  http.HttpServer2 (HttpServer2.java:addGlobalFilter(975)) - Added global filter 'safety' (class=org.apache.hadoop.http.HttpServer2$QuotingInputFilter)
2019-09-26 11:03:48,993 [main] INFO  http.HttpServer2 (HttpServer2.java:addFilter(948)) - Added filter static_user_filter (class=org.apache.hadoop.http.lib.StaticUserWebFilter$StaticUserFilter) to context hddsDatanode
2019-09-26 11:03:48,993 [main] INFO  http.HttpServer2 (HttpServer2.java:addFilter(958)) - Added filter static_user_filter (class=org.apache.hadoop.http.lib.StaticUserWebFilter$StaticUserFilter) to context logs
2019-09-26 11:03:48,993 [main] INFO  http.HttpServer2 (HttpServer2.java:addFilter(958)) - Added filter static_user_filter (class=org.apache.hadoop.http.lib.StaticUserWebFilter$StaticUserFilter) to context static
2019-09-26 11:03:48,994 [main] INFO  http.HttpServer2 (HttpServer2.java:bindListener(1191)) - Jetty bound to port 36562
2019-09-26 11:03:48,994 [main] INFO  server.Server (Server.java:doStart(351)) - jetty-9.3.25.v20180904, build timestamp: 2018-09-04T21:11:46Z, git hash: 3ce520221d0240229c862b122d2b06c12a625732
2019-09-26 11:03:48,999 [main] INFO  handler.ContextHandler (ContextHandler.java:doStart(781)) - Started o.e.j.s.ServletContextHandler@455c1d8c{/logs,file:///workdir/hadoop-ozone/tools/target/log,AVAILABLE}
2019-09-26 11:03:48,999 [main] INFO  handler.ContextHandler (ContextHandler.java:doStart(781)) - Started o.e.j.s.ServletContextHandler@1422ac7f{/static,jar:file:/home/user/.m2/repository/org/apache/hadoop/hadoop-hdds-container-service/0.5.0-SNAPSHOT/hadoop-hdds-container-service-0.5.0-SNAPSHOT.jar!/webapps/static,AVAILABLE}
2019-09-26 11:03:49,030 [main] INFO  handler.ContextHandler (ContextHandler.java:doStart(781)) - Started o.e.j.w.WebAppContext@1aad0b1{/,file:///tmp/jetty-0.0.0.0-36562-hddsDatanode-_-any-3579381516719596812.dir/webapp/,AVAILABLE}{/hddsDatanode}
2019-09-26 11:03:49,031 [main] INFO  server.AbstractConnector (AbstractConnector.java:doStart(278)) - Started ServerConnector@c3edf4c{HTTP/1.1,[http/1.1]}{0.0.0.0:36562}
2019-09-26 11:03:49,033 [main] INFO  server.Server (Server.java:doStart(419)) - Started @5788ms
2019-09-26 11:03:49,033 [main] WARN  impl.MetricsSystemImpl (MetricsSystemImpl.java:register(276)) - Sink prometheus already exists!
2019-09-26 11:03:49,034 [main] INFO  server.BaseHttpServer (BaseHttpServer.java:updateConnectorAddress(215)) - HTTP server of HDDSDATANODE is listening at http://0.0.0.0:36562
2019-09-26 11:03:49,034 [main] INFO  impl.MetricsSystemImpl (MetricsSystemImpl.java:init(158)) - HddsDatanode metrics system started (again)
2019-09-26 11:03:49,037 [main] INFO  ozone.HddsDatanodeService (HddsDatanodeService.java:start(184)) - HddsDatanodeService host:pr-hdds-1569-wvzgm-824869521 ip:192.168.30.13
2019-09-26 11:03:49,037 [org.apache.hadoop.util.JvmPauseMonitor$Monitor@6c344aba] INFO  util.JvmPauseMonitor (JvmPauseMonitor.java:run(188)) - Starting JVM pause monitor
2019-09-26 11:03:49,046 [main] INFO  volume.HddsVolume (HddsVolume.java:<init>(176)) - Creating Volume: /workdir/hadoop-ozone/tools/target/test-dir/MiniOzoneClusterImpl-6d01f745-579a-4aef-b168-1b4d6e4a660d/datanode-2/data/containers/hdds of  storage type : DISK and capacity : 1482555576320
2019-09-26 11:03:49,046 [main] INFO  volume.VolumeSet (VolumeSet.java:initializeVolumeSet(170)) - Added Volume : /workdir/hadoop-ozone/tools/target/test-dir/MiniOzoneClusterImpl-6d01f745-579a-4aef-b168-1b4d6e4a660d/datanode-2/data/containers/hdds to VolumeSet
2019-09-26 11:03:49,047 [main] INFO  volume.ThrottledAsyncChecker (ThrottledAsyncChecker.java:schedule(139)) - Scheduling a check for org.apache.hadoop.ozone.container.common.volume.HddsVolume@712cfb63
2019-09-26 11:03:49,047 [main] INFO  volume.HddsVolumeChecker (HddsVolumeChecker.java:checkAllVolumes(202)) - Scheduled health check for volume org.apache.hadoop.ozone.container.common.volume.HddsVolume@712cfb63
2019-09-26 11:03:49,061 [main] INFO  impl.RaftServerProxy (ConfUtils.java:logGet(43)) - raft.rpc.type = GRPC (default)
2019-09-26 11:03:49,061 [main] INFO  grpc.GrpcFactory (GrpcFactory.java:checkPooledByteBufAllocatorUseCacheForAllThreads(45)) - PERFORMANCE WARNING: useCacheForAllThreads is true that may cause Netty to create a lot garbage objects and, as a result, trigger GC.
	It is recommended to disable useCacheForAllThreads by setting -Dorg.apache.ratis.thirdparty.io.netty.allocator.useCacheForAllThreads=false in command line.
2019-09-26 11:03:49,062 [main] INFO  grpc.GrpcConfigKeys$Server (ConfUtils.java:logGet(43)) - raft.grpc.server.port = 0 (default)
2019-09-26 11:03:49,062 [main] INFO  server.GrpcService (ConfUtils.java:logGet(43)) - raft.grpc.message.size.max = 33570816 (custom)
2019-09-26 11:03:49,062 [main] INFO  server.RaftServerConfigKeys (ConfUtils.java:logGet(43)) - raft.server.log.appender.buffer.byte-limit = 33554432 (custom)
2019-09-26 11:03:49,062 [main] INFO  server.GrpcService (ConfUtils.java:logGet(43)) - raft.grpc.flow.control.window = 1MB (=1048576) (default)
2019-09-26 11:03:49,063 [main] INFO  server.RaftServerConfigKeys (ConfUtils.java:logGet(43)) - raft.server.rpc.request.timeout = 3000ms (default)
2019-09-26 11:03:49,063 [main] INFO  server.RaftServerConfigKeys (ConfUtils.java:logGet(43)) - raft.server.storage.dir = [/workdir/hadoop-ozone/tools/target/test-dir/MiniOzoneClusterImpl-6d01f745-579a-4aef-b168-1b4d6e4a660d/datanode-2/data/ratis] (custom)
2019-09-26 11:03:49,065 [main] INFO  hdfs.DFSUtil (DFSUtil.java:httpServerTemplateForNNAndJN(1641)) - Starting Web-server for hddsDatanode at: http://0.0.0.0:0
2019-09-26 11:03:49,066 [main] INFO  server.AuthenticationFilter (AuthenticationFilter.java:constructSecretProvider(240)) - Unable to initialize FileSignerSecretProvider, falling back to use random secrets.
2019-09-26 11:03:49,067 [main] WARN  http.HttpRequestLog (HttpRequestLog.java:getRequestLog(97)) - Jetty request log can only be enabled using Log4j
2019-09-26 11:03:49,068 [main] INFO  http.HttpServer2 (HttpServer2.java:addGlobalFilter(975)) - Added global filter 'safety' (class=org.apache.hadoop.http.HttpServer2$QuotingInputFilter)
2019-09-26 11:03:49,069 [main] INFO  http.HttpServer2 (HttpServer2.java:addFilter(948)) - Added filter static_user_filter (class=org.apache.hadoop.http.lib.StaticUserWebFilter$StaticUserFilter) to context hddsDatanode
2019-09-26 11:03:49,069 [main] INFO  http.HttpServer2 (HttpServer2.java:addFilter(958)) - Added filter static_user_filter (class=org.apache.hadoop.http.lib.StaticUserWebFilter$StaticUserFilter) to context static
2019-09-26 11:03:49,069 [main] INFO  http.HttpServer2 (HttpServer2.java:addFilter(958)) - Added filter static_user_filter (class=org.apache.hadoop.http.lib.StaticUserWebFilter$StaticUserFilter) to context logs
2019-09-26 11:03:49,070 [main] INFO  http.HttpServer2 (HttpServer2.java:bindListener(1191)) - Jetty bound to port 38503
2019-09-26 11:03:49,070 [main] INFO  server.Server (Server.java:doStart(351)) - jetty-9.3.25.v20180904, build timestamp: 2018-09-04T21:11:46Z, git hash: 3ce520221d0240229c862b122d2b06c12a625732
2019-09-26 11:03:49,072 [main] INFO  handler.ContextHandler (ContextHandler.java:doStart(781)) - Started o.e.j.s.ServletContextHandler@75de29c0{/logs,file:///workdir/hadoop-ozone/tools/target/log,AVAILABLE}
2019-09-26 11:03:49,073 [main] INFO  handler.ContextHandler (ContextHandler.java:doStart(781)) - Started o.e.j.s.ServletContextHandler@296e281a{/static,jar:file:/home/user/.m2/repository/org/apache/hadoop/hadoop-hdds-container-service/0.5.0-SNAPSHOT/hadoop-hdds-container-service-0.5.0-SNAPSHOT.jar!/webapps/static,AVAILABLE}
2019-09-26 11:03:49,087 [Datanode State Machine Thread - 0] INFO  datanode.InitDatanodeState (InitDatanodeState.java:persistContainerDatanodeDetails(140)) - DatanodeDetails is persisted to /workdir/hadoop-ozone/tools/target/test-dir/MiniOzoneClusterImpl-6d01f745-579a-4aef-b168-1b4d6e4a660d/datanode-0/meta/datanode.id
2019-09-26 11:03:49,092 [Datanode State Machine Thread - 0] INFO  datanode.InitDatanodeState (InitDatanodeState.java:persistContainerDatanodeDetails(140)) - DatanodeDetails is persisted to /workdir/hadoop-ozone/tools/target/test-dir/MiniOzoneClusterImpl-6d01f745-579a-4aef-b168-1b4d6e4a660d/datanode-1/meta/datanode.id
2019-09-26 11:03:49,105 [main] INFO  handler.ContextHandler (ContextHandler.java:doStart(781)) - Started o.e.j.w.WebAppContext@68ab0936{/,file:///tmp/jetty-0.0.0.0-38503-hddsDatanode-_-any-2706726656221205244.dir/webapp/,AVAILABLE}{/hddsDatanode}
2019-09-26 11:03:49,105 [main] INFO  server.AbstractConnector (AbstractConnector.java:doStart(278)) - Started ServerConnector@3cd9aa64{HTTP/1.1,[http/1.1]}{0.0.0.0:38503}
2019-09-26 11:03:49,106 [main] INFO  server.Server (Server.java:doStart(419)) - Started @5863ms
2019-09-26 11:03:49,107 [main] WARN  impl.MetricsSystemImpl (MetricsSystemImpl.java:register(276)) - Sink prometheus already exists!
2019-09-26 11:03:49,108 [main] INFO  server.BaseHttpServer (BaseHttpServer.java:updateConnectorAddress(215)) - HTTP server of HDDSDATANODE is listening at http://0.0.0.0:38503
2019-09-26 11:03:49,110 [main] INFO  ozone.MiniOzoneClusterImpl (MiniOzoneClusterImpl.java:lambda$waitForClusterToBeReady$0(147)) - Waiting for cluster to be ready. Got 0 of 3 DN Heartbeats.
2019-09-26 11:03:49,111 [org.apache.hadoop.util.JvmPauseMonitor$Monitor@66437503] INFO  util.JvmPauseMonitor (JvmPauseMonitor.java:run(188)) - Starting JVM pause monitor
2019-09-26 11:03:49,114 [Datanode State Machine Thread - 0] INFO  datanode.InitDatanodeState (InitDatanodeState.java:persistContainerDatanodeDetails(140)) - DatanodeDetails is persisted to /workdir/hadoop-ozone/tools/target/test-dir/MiniOzoneClusterImpl-6d01f745-579a-4aef-b168-1b4d6e4a660d/datanode-2/meta/datanode.id
2019-09-26 11:03:50,110 [main] INFO  ozone.MiniOzoneClusterImpl (MiniOzoneClusterImpl.java:lambda$waitForClusterToBeReady$0(147)) - Waiting for cluster to be ready. Got 0 of 3 DN Heartbeats.
2019-09-26 11:03:51,015 [Datanode State Machine Thread - 0] INFO  ozoneimpl.OzoneContainer (OzoneContainer.java:start(217)) - Attempting to start container services.
2019-09-26 11:03:51,018 [Datanode State Machine Thread - 0] INFO  ozoneimpl.OzoneContainer (OzoneContainer.java:startContainerScrub(179)) - Background container scanner has been disabled.
2019-09-26 11:03:51,018 [Datanode State Machine Thread - 0] INFO  ratis.XceiverServerRatis (XceiverServerRatis.java:start(411)) - Starting XceiverServerRatis e958bcc3-6e58-4a42-8cec-6068de8a50c7 at port 0
2019-09-26 11:03:51,046 [Datanode State Machine Thread - 0] INFO  impl.RaftServerProxy (RaftServerProxy.java:lambda$start$3(299)) - e958bcc3-6e58-4a42-8cec-6068de8a50c7: start RPC server
2019-09-26 11:03:51,057 [Datanode State Machine Thread - 0] INFO  ozoneimpl.OzoneContainer (OzoneContainer.java:start(217)) - Attempting to start container services.
2019-09-26 11:03:51,063 [Datanode State Machine Thread - 0] INFO  ozoneimpl.OzoneContainer (OzoneContainer.java:startContainerScrub(179)) - Background container scanner has been disabled.
2019-09-26 11:03:51,063 [Datanode State Machine Thread - 0] INFO  ratis.XceiverServerRatis (XceiverServerRatis.java:start(411)) - Starting XceiverServerRatis 0b4034a9-ca74-4b3f-a167-05c5f7dd3c4d at port 0
2019-09-26 11:03:51,073 [Datanode State Machine Thread - 0] INFO  impl.RaftServerProxy (RaftServerProxy.java:lambda$start$3(299)) - 0b4034a9-ca74-4b3f-a167-05c5f7dd3c4d: start RPC server
2019-09-26 11:03:51,111 [main] INFO  ozone.MiniOzoneClusterImpl (MiniOzoneClusterImpl.java:lambda$waitForClusterToBeReady$0(147)) - Waiting for cluster to be ready. Got 0 of 3 DN Heartbeats.
2019-09-26 11:03:51,128 [Datanode State Machine Thread - 0] INFO  ozoneimpl.OzoneContainer (OzoneContainer.java:start(217)) - Attempting to start container services.
2019-09-26 11:03:51,130 [Datanode State Machine Thread - 0] INFO  ozoneimpl.OzoneContainer (OzoneContainer.java:startContainerScrub(179)) - Background container scanner has been disabled.
2019-09-26 11:03:51,130 [Datanode State Machine Thread - 0] INFO  ratis.XceiverServerRatis (XceiverServerRatis.java:start(411)) - Starting XceiverServerRatis 1745fe83-e03c-45fa-a055-fce326b8113e at port 0
2019-09-26 11:03:51,138 [Datanode State Machine Thread - 0] INFO  impl.RaftServerProxy (RaftServerProxy.java:lambda$start$3(299)) - 1745fe83-e03c-45fa-a055-fce326b8113e: start RPC server
2019-09-26 11:03:51,202 [Datanode State Machine Thread - 0] INFO  server.GrpcService (GrpcService.java:startImpl(158)) - 1745fe83-e03c-45fa-a055-fce326b8113e: GrpcService started, listening on 0.0.0.0/0.0.0.0:37183
2019-09-26 11:03:51,202 [Datanode State Machine Thread - 0] INFO  server.GrpcService (GrpcService.java:startImpl(158)) - 0b4034a9-ca74-4b3f-a167-05c5f7dd3c4d: GrpcService started, listening on 0.0.0.0/0.0.0.0:33710
2019-09-26 11:03:51,201 [Datanode State Machine Thread - 0] INFO  server.GrpcService (GrpcService.java:startImpl(158)) - e958bcc3-6e58-4a42-8cec-6068de8a50c7: GrpcService started, listening on 0.0.0.0/0.0.0.0:44994
2019-09-26 11:03:51,203 [Datanode State Machine Thread - 0] INFO  ratis.XceiverServerRatis (XceiverServerRatis.java:start(421)) - XceiverServerRatis 0b4034a9-ca74-4b3f-a167-05c5f7dd3c4d is started using port 33710
2019-09-26 11:03:51,203 [Datanode State Machine Thread - 0] INFO  ratis.XceiverServerRatis (XceiverServerRatis.java:start(421)) - XceiverServerRatis 1745fe83-e03c-45fa-a055-fce326b8113e is started using port 37183
2019-09-26 11:03:51,203 [Datanode State Machine Thread - 0] INFO  ratis.XceiverServerRatis (XceiverServerRatis.java:start(421)) - XceiverServerRatis e958bcc3-6e58-4a42-8cec-6068de8a50c7 is started using port 44994
2019-09-26 11:03:51,210 [Datanode State Machine Thread - 0] INFO  server.XceiverServerGrpc (XceiverServerGrpc.java:start(149)) - XceiverServerGrpc 0b4034a9-ca74-4b3f-a167-05c5f7dd3c4d is started using port 37968
2019-09-26 11:03:51,210 [Datanode State Machine Thread - 0] INFO  server.XceiverServerGrpc (XceiverServerGrpc.java:start(149)) - XceiverServerGrpc 1745fe83-e03c-45fa-a055-fce326b8113e is started using port 44373
2019-09-26 11:03:51,210 [Datanode State Machine Thread - 0] INFO  server.XceiverServerGrpc (XceiverServerGrpc.java:start(149)) - XceiverServerGrpc e958bcc3-6e58-4a42-8cec-6068de8a50c7 is started using port 45435
2019-09-26 11:03:52,112 [main] INFO  ozone.MiniOzoneClusterImpl (MiniOzoneClusterImpl.java:lambda$waitForClusterToBeReady$0(147)) - Waiting for cluster to be ready. Got 0 of 3 DN Heartbeats.
2019-09-26 11:03:53,005 [IPC Server handler 1 on 33409] INFO  net.NetworkTopology (NetworkTopologyImpl.java:add(111)) - Added a new node: /default-rack/e958bcc3-6e58-4a42-8cec-6068de8a50c7
2019-09-26 11:03:53,006 [IPC Server handler 1 on 33409] INFO  node.SCMNodeManager (SCMNodeManager.java:register(266)) - Registered Data node : e958bcc3-6e58-4a42-8cec-6068de8a50c7{ip: 192.168.30.13, host: pr-hdds-1569-wvzgm-824869521, networkLocation: /default-rack, certSerialId: null}
2019-09-26 11:03:53,011 [EventQueue-NodeRegistrationContainerReportForDataNodeSafeModeRule] INFO  safemode.SCMSafeModeManager (DataNodeSafeModeRule.java:process(71)) - SCM in safe mode. 1 DataNodes registered, 1 required.
2019-09-26 11:03:53,011 [EventQueue-NodeRegistrationContainerReportForDataNodeSafeModeRule] INFO  safemode.SCMSafeModeManager (SCMSafeModeManager.java:validateSafeModeExitRules(177)) - ScmSafeModeManager, all rules are successfully validated
2019-09-26 11:03:53,012 [EventQueue-NodeRegistrationContainerReportForDataNodeSafeModeRule] INFO  safemode.SCMSafeModeManager (SCMSafeModeManager.java:exitSafeMode(193)) - SCM exiting safe mode.
2019-09-26 11:03:53,041 [IPC Server handler 3 on 33409] INFO  net.NetworkTopology (NetworkTopologyImpl.java:add(111)) - Added a new node: /default-rack/0b4034a9-ca74-4b3f-a167-05c5f7dd3c4d
2019-09-26 11:03:53,041 [IPC Server handler 3 on 33409] INFO  node.SCMNodeManager (SCMNodeManager.java:register(266)) - Registered Data node : 0b4034a9-ca74-4b3f-a167-05c5f7dd3c4d{ip: 192.168.30.13, host: pr-hdds-1569-wvzgm-824869521, networkLocation: /default-rack, certSerialId: null}
2019-09-26 11:03:53,113 [main] INFO  ozone.MiniOzoneClusterImpl (MiniOzoneClusterImpl.java:lambda$waitForClusterToBeReady$0(147)) - Waiting for cluster to be ready. Got 2 of 3 DN Heartbeats.
2019-09-26 11:03:53,121 [IPC Server handler 2 on 33409] INFO  net.NetworkTopology (NetworkTopologyImpl.java:add(111)) - Added a new node: /default-rack/1745fe83-e03c-45fa-a055-fce326b8113e
2019-09-26 11:03:53,122 [IPC Server handler 2 on 33409] INFO  node.SCMNodeManager (SCMNodeManager.java:register(266)) - Registered Data node : 1745fe83-e03c-45fa-a055-fce326b8113e{ip: 192.168.30.13, host: pr-hdds-1569-wvzgm-824869521, networkLocation: /default-rack, certSerialId: null}
2019-09-26 11:03:53,573 [grpc-default-executor-0] INFO  impl.RaftServerProxy (RaftServerProxy.java:addNew(89)) - e958bcc3-6e58-4a42-8cec-6068de8a50c7: addNew group-CD08C8E0C694:[e958bcc3-6e58-4a42-8cec-6068de8a50c7:192.168.30.13:44994] returns group-CD08C8E0C694:java.util.concurrent.CompletableFuture@77d45cf2[Not completed]
2019-09-26 11:03:53,595 [pool-27-thread-1] INFO  impl.RaftServerImpl (RaftServerImpl.java:<init>(95)) - e958bcc3-6e58-4a42-8cec-6068de8a50c7: new RaftServerImpl for group-CD08C8E0C694:[e958bcc3-6e58-4a42-8cec-6068de8a50c7:192.168.30.13:44994] with ContainerStateMachine:uninitialized
2019-09-26 11:03:53,598 [pool-27-thread-1] INFO  server.RaftServerConfigKeys (ConfUtils.java:logGet(43)) - raft.server.rpc.timeout.min = 5s (custom)
2019-09-26 11:03:53,599 [pool-27-thread-1] INFO  server.RaftServerConfigKeys (ConfUtils.java:logGet(43)) - raft.server.rpc.timeout.max = 5200ms (custom)
2019-09-26 11:03:53,599 [pool-27-thread-1] INFO  server.RaftServerConfigKeys (ConfUtils.java:logGet(43)) - raft.server.rpcslowness.timeout = 120s (custom)
2019-09-26 11:03:53,601 [pool-27-thread-1] INFO  server.RaftServerConfigKeys (ConfUtils.java:logGet(43)) - raft.server.sleep.deviation.threshold = 300 (default)
2019-09-26 11:03:53,602 [pool-27-thread-1] INFO  server.RaftServerConfigKeys (ConfUtils.java:logGet(43)) - raft.server.log.appender.install.snapshot.enabled = false (custom)
2019-09-26 11:03:53,612 [pool-27-thread-1] INFO  impl.RaftServerImpl (ServerState.java:<init>(103)) - e958bcc3-6e58-4a42-8cec-6068de8a50c7@group-CD08C8E0C694: ConfigurationManager, init=-1: [e958bcc3-6e58-4a42-8cec-6068de8a50c7:192.168.30.13:44994], old=null, confs=<EMPTY_MAP>
2019-09-26 11:03:53,612 [pool-27-thread-1] INFO  server.RaftServerConfigKeys (ConfUtils.java:logGet(43)) - raft.server.storage.dir = [/workdir/hadoop-ozone/tools/target/test-dir/MiniOzoneClusterImpl-6d01f745-579a-4aef-b168-1b4d6e4a660d/datanode-0/data/ratis] (custom)
2019-09-26 11:03:53,621 [pool-27-thread-1] INFO  storage.RaftStorageDirectory (RaftStorageDirectory.java:analyzeStorage(246)) - The storage directory /workdir/hadoop-ozone/tools/target/test-dir/MiniOzoneClusterImpl-6d01f745-579a-4aef-b168-1b4d6e4a660d/datanode-0/data/ratis/4f3920a5-2b3a-4a78-bb94-cd08c8e0c694 does not exist. Creating ...
2019-09-26 11:03:53,640 [pool-27-thread-1] INFO  storage.RaftStorageDirectory (RaftStorageDirectory.java:tryLock(328)) - Lock on /workdir/hadoop-ozone/tools/target/test-dir/MiniOzoneClusterImpl-6d01f745-579a-4aef-b168-1b4d6e4a660d/datanode-0/data/ratis/4f3920a5-2b3a-4a78-bb94-cd08c8e0c694/in_use.lock acquired by nodename 17968@pr-hdds-1569-wvzgm-824869521
2019-09-26 11:03:53,656 [pool-27-thread-1] INFO  storage.RaftStorage (RaftStorage.java:format(72)) - Storage directory /workdir/hadoop-ozone/tools/target/test-dir/MiniOzoneClusterImpl-6d01f745-579a-4aef-b168-1b4d6e4a660d/datanode-0/data/ratis/4f3920a5-2b3a-4a78-bb94-cd08c8e0c694 has been successfully formatted.
2019-09-26 11:03:53,658 [pool-27-thread-1] INFO  ratis.ContainerStateMachine (ContainerStateMachine.java:loadSnapshot(230)) - group-CD08C8E0C694: The snapshot info is null. Setting the last applied indexto:(t:0, i:~)
2019-09-26 11:03:53,658 [pool-27-thread-1] INFO  server.RaftServerConfigKeys (ConfUtils.java:logGet(43)) - raft.server.notification.no-leader.timeout = 120s (custom)
2019-09-26 11:03:53,660 [pool-27-thread-1] INFO  server.RaftServerConfigKeys (ConfUtils.java:logGet(43)) - raft.server.log.use.memory = false (default)
2019-09-26 11:03:53,666 [pool-27-thread-1] INFO  server.RaftServerConfigKeys (ConfUtils.java:logGet(43)) - raft.server.log.purge.gap = 1000000 (custom)
2019-09-26 11:03:53,667 [pool-27-thread-1] INFO  server.RaftServerConfigKeys (ConfUtils.java:logGet(43)) - raft.server.log.appender.buffer.byte-limit = 33554432 (custom)
2019-09-26 11:03:53,669 [pool-27-thread-1] INFO  server.RaftServerConfigKeys (ConfUtils.java:logGet(43)) - raft.server.log.segment.size.max = 1048576 (custom)
2019-09-26 11:03:53,674 [pool-27-thread-1] INFO  server.RaftServerConfigKeys (ConfUtils.java:logGet(43)) - raft.server.log.segment.cache.num.max = 2 (custom)
2019-09-26 11:03:53,680 [pool-27-thread-1] INFO  segmented.SegmentedRaftLogWorker (SegmentedRaftLogWorker.java:<init>(172)) - new e958bcc3-6e58-4a42-8cec-6068de8a50c7@group-CD08C8E0C694-SegmentedRaftLogWorker for RaftStorage:Storage Directory /workdir/hadoop-ozone/tools/target/test-dir/MiniOzoneClusterImpl-6d01f745-579a-4aef-b168-1b4d6e4a660d/datanode-0/data/ratis/4f3920a5-2b3a-4a78-bb94-cd08c8e0c694
2019-09-26 11:03:53,682 [pool-27-thread-1] INFO  impl.MetricsSystemImpl (MetricsSystemImpl.java:init(158)) - ratis metrics system started (again)
2019-09-26 11:03:53,689 [pool-27-thread-1] INFO  metrics.MetricRegistries (MetricRegistriesLoader.java:load(64)) - Loaded MetricRegistries class org.apache.ratis.metrics.impl.MetricRegistriesImpl
2019-09-26 11:03:53,719 [pool-27-thread-1] INFO  server.RaftServerConfigKeys (ConfUtils.java:logGet(43)) - raft.server.log.queue.byte-limit = 2147483647 (custom)
2019-09-26 11:03:53,720 [pool-27-thread-1] INFO  server.RaftServerConfigKeys (ConfUtils.java:logGet(43)) - raft.server.log.queue.element-limit = 1024 (custom)
2019-09-26 11:03:53,723 [pool-27-thread-1] INFO  server.RaftServerConfigKeys (ConfUtils.java:logGet(43)) - raft.server.log.segment.size.max = 1048576 (custom)
2019-09-26 11:03:53,723 [pool-27-thread-1] INFO  server.RaftServerConfigKeys (ConfUtils.java:logGet(43)) - raft.server.log.preallocated.size = 16384 (custom)
2019-09-26 11:03:53,724 [pool-27-thread-1] INFO  server.RaftServerConfigKeys (ConfUtils.java:logGet(43)) - raft.server.log.write.buffer.size = 33554432 (custom)
2019-09-26 11:03:53,724 [pool-27-thread-1] INFO  server.RaftServerConfigKeys (ConfUtils.java:logGet(43)) - raft.server.log.force.sync.num = 128 (default)
2019-09-26 11:03:53,725 [pool-27-thread-1] INFO  server.RaftServerConfigKeys (ConfUtils.java:logGet(43)) - raft.server.log.statemachine.data.sync = true (default)
2019-09-26 11:03:53,725 [pool-27-thread-1] INFO  server.RaftServerConfigKeys (ConfUtils.java:logGet(43)) - raft.server.log.statemachine.data.sync.timeout = 10s (default)
2019-09-26 11:03:53,726 [pool-27-thread-1] INFO  server.RaftServerConfigKeys (ConfUtils.java:logGet(43)) - raft.server.log.statemachine.data.sync.timeout.retry = -1 (default)
2019-09-26 11:03:53,736 [pool-27-thread-1] INFO  server.RaftServerConfigKeys (ConfUtils.java:logGet(43)) - raft.server.log.statemachine.data.caching.enabled = true (custom)
2019-09-26 11:03:53,740 [pool-27-thread-1] INFO  segmented.SegmentedRaftLogWorker (SegmentedRaftLogWorker.java:lambda$new$0(132)) - e958bcc3-6e58-4a42-8cec-6068de8a50c7@group-CD08C8E0C694-SegmentedRaftLogWorker: flushIndex: setUnconditionally 0 -> -1
2019-09-26 11:03:53,744 [pool-27-thread-1] INFO  server.RaftServerConfigKeys (ConfUtils.java:logGet(43)) - raft.server.snapshot.auto.trigger.enabled = true (custom)
2019-09-26 11:03:53,745 [pool-27-thread-1] INFO  server.RaftServerConfigKeys (ConfUtils.java:logGet(43)) - raft.server.snapshot.auto.trigger.threshold = 10000 (custom)
2019-09-26 11:03:53,746 [pool-27-thread-1] INFO  server.RaftServerConfigKeys (ConfUtils.java:logGet(43)) - raft.server.snapshot.retention.num.files = 5 (custom)
2019-09-26 11:03:53,746 [pool-27-thread-1] INFO  server.RaftServerConfigKeys (ConfUtils.java:logGet(43)) - raft.server.retrycache.expirytime = 600000ms (custom)
2019-09-26 11:03:53,780 [pool-27-thread-1] INFO  impl.RaftServerImpl (RaftServerImpl.java:start(185)) - e958bcc3-6e58-4a42-8cec-6068de8a50c7@group-CD08C8E0C694: start as a follower, conf=-1: [e958bcc3-6e58-4a42-8cec-6068de8a50c7:192.168.30.13:44994], old=null
2019-09-26 11:03:53,781 [pool-27-thread-1] INFO  impl.RaftServerImpl (RaftServerImpl.java:setRole(174)) - e958bcc3-6e58-4a42-8cec-6068de8a50c7@group-CD08C8E0C694: changes role from      null to FOLLOWER at term 0 for startAsFollower
2019-09-26 11:03:53,783 [pool-27-thread-1] INFO  impl.RoleInfo (RoleInfo.java:updateAndGet(143)) - e958bcc3-6e58-4a42-8cec-6068de8a50c7: start FollowerState
2019-09-26 11:03:53,785 [pool-27-thread-1] INFO  util.JmxRegister (JmxRegister.java:tryRegister(44)) - Successfully registered JMX Bean with object name Ratis:service=RaftServer,group=group-CD08C8E0C694,id=e958bcc3-6e58-4a42-8cec-6068de8a50c7
2019-09-26 11:03:53,862 [RatisPipelineUtilsThread] INFO  pipeline.PipelineStateManager (PipelineStateManager.java:addPipeline(56)) - Created pipeline Pipeline[ Id: 4f3920a5-2b3a-4a78-bb94-cd08c8e0c694, Nodes: e958bcc3-6e58-4a42-8cec-6068de8a50c7{ip: 192.168.30.13, host: pr-hdds-1569-wvzgm-824869521, networkLocation: /default-rack, certSerialId: null}, Type:RATIS, Factor:ONE, State:OPEN]
2019-09-26 11:03:53,885 [grpc-default-executor-0] INFO  impl.RaftServerProxy (RaftServerProxy.java:addNew(89)) - 0b4034a9-ca74-4b3f-a167-05c5f7dd3c4d: addNew group-98C4DE82D379:[0b4034a9-ca74-4b3f-a167-05c5f7dd3c4d:192.168.30.13:33710] returns group-98C4DE82D379:java.util.concurrent.CompletableFuture@4bcb0b2a[Not completed]
2019-09-26 11:03:53,922 [pool-37-thread-1] INFO  impl.RaftServerImpl (RaftServerImpl.java:<init>(95)) - 0b4034a9-ca74-4b3f-a167-05c5f7dd3c4d: new RaftServerImpl for group-98C4DE82D379:[0b4034a9-ca74-4b3f-a167-05c5f7dd3c4d:192.168.30.13:33710] with ContainerStateMachine:uninitialized
2019-09-26 11:03:53,924 [pool-37-thread-1] INFO  server.RaftServerConfigKeys (ConfUtils.java:logGet(43)) - raft.server.rpc.timeout.min = 5s (custom)
2019-09-26 11:03:53,924 [pool-37-thread-1] INFO  server.RaftServerConfigKeys (ConfUtils.java:logGet(43)) - raft.server.rpc.timeout.max = 5200ms (custom)
2019-09-26 11:03:53,924 [pool-37-thread-1] INFO  server.RaftServerConfigKeys (ConfUtils.java:logGet(43)) - raft.server.rpcslowness.timeout = 120s (custom)
2019-09-26 11:03:53,924 [pool-37-thread-1] INFO  server.RaftServerConfigKeys (ConfUtils.java:logGet(43)) - raft.server.sleep.deviation.threshold = 300 (default)
2019-09-26 11:03:53,925 [pool-37-thread-1] INFO  server.RaftServerConfigKeys (ConfUtils.java:logGet(43)) - raft.server.log.appender.install.snapshot.enabled = false (custom)
2019-09-26 11:03:53,925 [pool-37-thread-1] INFO  impl.RaftServerImpl (ServerState.java:<init>(103)) - 0b4034a9-ca74-4b3f-a167-05c5f7dd3c4d@group-98C4DE82D379: ConfigurationManager, init=-1: [0b4034a9-ca74-4b3f-a167-05c5f7dd3c4d:192.168.30.13:33710], old=null, confs=<EMPTY_MAP>
2019-09-26 11:03:53,925 [pool-37-thread-1] INFO  server.RaftServerConfigKeys (ConfUtils.java:logGet(43)) - raft.server.storage.dir = [/workdir/hadoop-ozone/tools/target/test-dir/MiniOzoneClusterImpl-6d01f745-579a-4aef-b168-1b4d6e4a660d/datanode-1/data/ratis] (custom)
2019-09-26 11:03:53,926 [pool-37-thread-1] INFO  storage.RaftStorageDirectory (RaftStorageDirectory.java:analyzeStorage(246)) - The storage directory /workdir/hadoop-ozone/tools/target/test-dir/MiniOzoneClusterImpl-6d01f745-579a-4aef-b168-1b4d6e4a660d/datanode-1/data/ratis/8d2f72e0-9a3a-424b-a518-98c4de82d379 does not exist. Creating ...
2019-09-26 11:03:53,947 [pool-37-thread-1] INFO  storage.RaftStorageDirectory (RaftStorageDirectory.java:tryLock(328)) - Lock on /workdir/hadoop-ozone/tools/target/test-dir/MiniOzoneClusterImpl-6d01f745-579a-4aef-b168-1b4d6e4a660d/datanode-1/data/ratis/8d2f72e0-9a3a-424b-a518-98c4de82d379/in_use.lock acquired by nodename 17968@pr-hdds-1569-wvzgm-824869521
2019-09-26 11:03:53,961 [pool-37-thread-1] INFO  storage.RaftStorage (RaftStorage.java:format(72)) - Storage directory /workdir/hadoop-ozone/tools/target/test-dir/MiniOzoneClusterImpl-6d01f745-579a-4aef-b168-1b4d6e4a660d/datanode-1/data/ratis/8d2f72e0-9a3a-424b-a518-98c4de82d379 has been successfully formatted.
2019-09-26 11:03:53,963 [pool-37-thread-1] INFO  ratis.ContainerStateMachine (ContainerStateMachine.java:loadSnapshot(230)) - group-98C4DE82D379: The snapshot info is null. Setting the last applied indexto:(t:0, i:~)
2019-09-26 11:03:53,964 [pool-37-thread-1] INFO  server.RaftServerConfigKeys (ConfUtils.java:logGet(43)) - raft.server.notification.no-leader.timeout = 120s (custom)
2019-09-26 11:03:53,964 [pool-37-thread-1] INFO  server.RaftServerConfigKeys (ConfUtils.java:logGet(43)) - raft.server.log.use.memory = false (default)
2019-09-26 11:03:53,964 [pool-37-thread-1] INFO  server.RaftServerConfigKeys (ConfUtils.java:logGet(43)) - raft.server.log.purge.gap = 1000000 (custom)
2019-09-26 11:03:53,965 [pool-37-thread-1] INFO  server.RaftServerConfigKeys (ConfUtils.java:logGet(43)) - raft.server.log.appender.buffer.byte-limit = 33554432 (custom)
2019-09-26 11:03:53,965 [pool-37-thread-1] INFO  server.RaftServerConfigKeys (ConfUtils.java:logGet(43)) - raft.server.log.segment.size.max = 1048576 (custom)
2019-09-26 11:03:53,965 [pool-37-thread-1] INFO  server.RaftServerConfigKeys (ConfUtils.java:logGet(43)) - raft.server.log.segment.cache.num.max = 2 (custom)
2019-09-26 11:03:53,965 [pool-37-thread-1] INFO  segmented.SegmentedRaftLogWorker (SegmentedRaftLogWorker.java:<init>(172)) - new 0b4034a9-ca74-4b3f-a167-05c5f7dd3c4d@group-98C4DE82D379-SegmentedRaftLogWorker for RaftStorage:Storage Directory /workdir/hadoop-ozone/tools/target/test-dir/MiniOzoneClusterImpl-6d01f745-579a-4aef-b168-1b4d6e4a660d/datanode-1/data/ratis/8d2f72e0-9a3a-424b-a518-98c4de82d379
2019-09-26 11:03:53,973 [pool-37-thread-1] INFO  server.RaftServerConfigKeys (ConfUtils.java:logGet(43)) - raft.server.log.queue.byte-limit = 2147483647 (custom)
2019-09-26 11:03:53,973 [pool-37-thread-1] INFO  server.RaftServerConfigKeys (ConfUtils.java:logGet(43)) - raft.server.log.queue.element-limit = 1024 (custom)
2019-09-26 11:03:53,974 [pool-37-thread-1] INFO  server.RaftServerConfigKeys (ConfUtils.java:logGet(43)) - raft.server.log.segment.size.max = 1048576 (custom)
2019-09-26 11:03:53,974 [pool-37-thread-1] INFO  server.RaftServerConfigKeys (ConfUtils.java:logGet(43)) - raft.server.log.preallocated.size = 16384 (custom)
2019-09-26 11:03:53,974 [pool-37-thread-1] INFO  server.RaftServerConfigKeys (ConfUtils.java:logGet(43)) - raft.server.log.write.buffer.size = 33554432 (custom)
2019-09-26 11:03:53,974 [pool-37-thread-1] INFO  server.RaftServerConfigKeys (ConfUtils.java:logGet(43)) - raft.server.log.force.sync.num = 128 (default)
2019-09-26 11:03:53,974 [pool-37-thread-1] INFO  server.RaftServerConfigKeys (ConfUtils.java:logGet(43)) - raft.server.log.statemachine.data.sync = true (default)
2019-09-26 11:03:53,975 [pool-37-thread-1] INFO  server.RaftServerConfigKeys (ConfUtils.java:logGet(43)) - raft.server.log.statemachine.data.sync.timeout = 10s (default)
2019-09-26 11:03:53,975 [pool-37-thread-1] INFO  server.RaftServerConfigKeys (ConfUtils.java:logGet(43)) - raft.server.log.statemachine.data.sync.timeout.retry = -1 (default)
2019-09-26 11:03:53,975 [pool-37-thread-1] INFO  server.RaftServerConfigKeys (ConfUtils.java:logGet(43)) - raft.server.log.statemachine.data.caching.enabled = true (custom)
2019-09-26 11:03:53,976 [pool-37-thread-1] INFO  segmented.SegmentedRaftLogWorker (SegmentedRaftLogWorker.java:lambda$new$0(132)) - 0b4034a9-ca74-4b3f-a167-05c5f7dd3c4d@group-98C4DE82D379-SegmentedRaftLogWorker: flushIndex: setUnconditionally 0 -> -1
2019-09-26 11:03:53,976 [pool-37-thread-1] INFO  server.RaftServerConfigKeys (ConfUtils.java:logGet(43)) - raft.server.snapshot.auto.trigger.enabled = true (custom)
2019-09-26 11:03:53,977 [pool-37-thread-1] INFO  server.RaftServerConfigKeys (ConfUtils.java:logGet(43)) - raft.server.snapshot.auto.trigger.threshold = 10000 (custom)
2019-09-26 11:03:53,977 [pool-37-thread-1] INFO  server.RaftServerConfigKeys (ConfUtils.java:logGet(43)) - raft.server.snapshot.retention.num.files = 5 (custom)
2019-09-26 11:03:53,977 [pool-37-thread-1] INFO  server.RaftServerConfigKeys (ConfUtils.java:logGet(43)) - raft.server.retrycache.expirytime = 600000ms (custom)
2019-09-26 11:03:53,983 [pool-37-thread-1] INFO  impl.RaftServerImpl (RaftServerImpl.java:start(185)) - 0b4034a9-ca74-4b3f-a167-05c5f7dd3c4d@group-98C4DE82D379: start as a follower, conf=-1: [0b4034a9-ca74-4b3f-a167-05c5f7dd3c4d:192.168.30.13:33710], old=null
2019-09-26 11:03:53,983 [pool-37-thread-1] INFO  impl.RaftServerImpl (RaftServerImpl.java:setRole(174)) - 0b4034a9-ca74-4b3f-a167-05c5f7dd3c4d@group-98C4DE82D379: changes role from      null to FOLLOWER at term 0 for startAsFollower
2019-09-26 11:03:53,983 [pool-37-thread-1] INFO  impl.RoleInfo (RoleInfo.java:updateAndGet(143)) - 0b4034a9-ca74-4b3f-a167-05c5f7dd3c4d: start FollowerState
2019-09-26 11:03:53,985 [pool-37-thread-1] INFO  util.JmxRegister (JmxRegister.java:tryRegister(44)) - Successfully registered JMX Bean with object name Ratis:service=RaftServer,group=group-98C4DE82D379,id=0b4034a9-ca74-4b3f-a167-05c5f7dd3c4d
2019-09-26 11:03:53,998 [RatisPipelineUtilsThread] INFO  pipeline.PipelineStateManager (PipelineStateManager.java:addPipeline(56)) - Created pipeline Pipeline[ Id: 8d2f72e0-9a3a-424b-a518-98c4de82d379, Nodes: 0b4034a9-ca74-4b3f-a167-05c5f7dd3c4d{ip: 192.168.30.13, host: pr-hdds-1569-wvzgm-824869521, networkLocation: /default-rack, certSerialId: null}, Type:RATIS, Factor:ONE, State:OPEN]
2019-09-26 11:03:54,020 [grpc-default-executor-0] INFO  impl.RaftServerProxy (RaftServerProxy.java:addNew(89)) - 1745fe83-e03c-45fa-a055-fce326b8113e: addNew group-01A0D9A0C009:[1745fe83-e03c-45fa-a055-fce326b8113e:192.168.30.13:37183] returns group-01A0D9A0C009:java.util.concurrent.CompletableFuture@6c3ce9d2[Not completed]
2019-09-26 11:03:54,038 [pool-47-thread-1] INFO  impl.RaftServerImpl (RaftServerImpl.java:<init>(95)) - 1745fe83-e03c-45fa-a055-fce326b8113e: new RaftServerImpl for group-01A0D9A0C009:[1745fe83-e03c-45fa-a055-fce326b8113e:192.168.30.13:37183] with ContainerStateMachine:uninitialized
2019-09-26 11:03:54,040 [pool-47-thread-1] INFO  server.RaftServerConfigKeys (ConfUtils.java:logGet(43)) - raft.server.rpc.timeout.min = 5s (custom)
2019-09-26 11:03:54,040 [pool-47-thread-1] INFO  server.RaftServerConfigKeys (ConfUtils.java:logGet(43)) - raft.server.rpc.timeout.max = 5200ms (custom)
2019-09-26 11:03:54,040 [pool-47-thread-1] INFO  server.RaftServerConfigKeys (ConfUtils.java:logGet(43)) - raft.server.rpcslowness.timeout = 120s (custom)
2019-09-26 11:03:54,040 [pool-47-thread-1] INFO  server.RaftServerConfigKeys (ConfUtils.java:logGet(43)) - raft.server.sleep.deviation.threshold = 300 (default)
2019-09-26 11:03:54,040 [pool-47-thread-1] INFO  server.RaftServerConfigKeys (ConfUtils.java:logGet(43)) - raft.server.log.appender.install.snapshot.enabled = false (custom)
2019-09-26 11:03:54,041 [pool-47-thread-1] INFO  impl.RaftServerImpl (ServerState.java:<init>(103)) - 1745fe83-e03c-45fa-a055-fce326b8113e@group-01A0D9A0C009: ConfigurationManager, init=-1: [1745fe83-e03c-45fa-a055-fce326b8113e:192.168.30.13:37183], old=null, confs=<EMPTY_MAP>
2019-09-26 11:03:54,041 [pool-47-thread-1] INFO  server.RaftServerConfigKeys (ConfUtils.java:logGet(43)) - raft.server.storage.dir = [/workdir/hadoop-ozone/tools/target/test-dir/MiniOzoneClusterImpl-6d01f745-579a-4aef-b168-1b4d6e4a660d/datanode-2/data/ratis] (custom)
2019-09-26 11:03:54,042 [pool-47-thread-1] INFO  storage.RaftStorageDirectory (RaftStorageDirectory.java:analyzeStorage(246)) - The storage directory /workdir/hadoop-ozone/tools/target/test-dir/MiniOzoneClusterImpl-6d01f745-579a-4aef-b168-1b4d6e4a660d/datanode-2/data/ratis/91620249-1c93-4390-9e25-01a0d9a0c009 does not exist. Creating ...
2019-09-26 11:03:54,054 [pool-47-thread-1] INFO  storage.RaftStorageDirectory (RaftStorageDirectory.java:tryLock(328)) - Lock on /workdir/hadoop-ozone/tools/target/test-dir/MiniOzoneClusterImpl-6d01f745-579a-4aef-b168-1b4d6e4a660d/datanode-2/data/ratis/91620249-1c93-4390-9e25-01a0d9a0c009/in_use.lock acquired by nodename 17968@pr-hdds-1569-wvzgm-824869521
2019-09-26 11:03:54,075 [pool-47-thread-1] INFO  storage.RaftStorage (RaftStorage.java:format(72)) - Storage directory /workdir/hadoop-ozone/tools/target/test-dir/MiniOzoneClusterImpl-6d01f745-579a-4aef-b168-1b4d6e4a660d/datanode-2/data/ratis/91620249-1c93-4390-9e25-01a0d9a0c009 has been successfully formatted.
2019-09-26 11:03:54,076 [pool-47-thread-1] INFO  ratis.ContainerStateMachine (ContainerStateMachine.java:loadSnapshot(230)) - group-01A0D9A0C009: The snapshot info is null. Setting the last applied indexto:(t:0, i:~)
2019-09-26 11:03:54,076 [pool-47-thread-1] INFO  server.RaftServerConfigKeys (ConfUtils.java:logGet(43)) - raft.server.notification.no-leader.timeout = 120s (custom)
2019-09-26 11:03:54,076 [pool-47-thread-1] INFO  server.RaftServerConfigKeys (ConfUtils.java:logGet(43)) - raft.server.log.use.memory = false (default)
2019-09-26 11:03:54,076 [pool-47-thread-1] INFO  server.RaftServerConfigKeys (ConfUtils.java:logGet(43)) - raft.server.log.purge.gap = 1000000 (custom)
2019-09-26 11:03:54,076 [pool-47-thread-1] INFO  server.RaftServerConfigKeys (ConfUtils.java:logGet(43)) - raft.server.log.appender.buffer.byte-limit = 33554432 (custom)
2019-09-26 11:03:54,077 [pool-47-thread-1] INFO  server.RaftServerConfigKeys (ConfUtils.java:logGet(43)) - raft.server.log.segment.size.max = 1048576 (custom)
2019-09-26 11:03:54,077 [pool-47-thread-1] INFO  server.RaftServerConfigKeys (ConfUtils.java:logGet(43)) - raft.server.log.segment.cache.num.max = 2 (custom)
2019-09-26 11:03:54,077 [pool-47-thread-1] INFO  segmented.SegmentedRaftLogWorker (SegmentedRaftLogWorker.java:<init>(172)) - new 1745fe83-e03c-45fa-a055-fce326b8113e@group-01A0D9A0C009-SegmentedRaftLogWorker for RaftStorage:Storage Directory /workdir/hadoop-ozone/tools/target/test-dir/MiniOzoneClusterImpl-6d01f745-579a-4aef-b168-1b4d6e4a660d/datanode-2/data/ratis/91620249-1c93-4390-9e25-01a0d9a0c009
2019-09-26 11:03:54,105 [pool-47-thread-1] INFO  server.RaftServerConfigKeys (ConfUtils.java:logGet(43)) - raft.server.log.queue.byte-limit = 2147483647 (custom)
2019-09-26 11:03:54,106 [pool-47-thread-1] INFO  server.RaftServerConfigKeys (ConfUtils.java:logGet(43)) - raft.server.log.queue.element-limit = 1024 (custom)
2019-09-26 11:03:54,106 [pool-47-thread-1] INFO  server.RaftServerConfigKeys (ConfUtils.java:logGet(43)) - raft.server.log.segment.size.max = 1048576 (custom)
2019-09-26 11:03:54,106 [pool-47-thread-1] INFO  server.RaftServerConfigKeys (ConfUtils.java:logGet(43)) - raft.server.log.preallocated.size = 16384 (custom)
2019-09-26 11:03:54,106 [pool-47-thread-1] INFO  server.RaftServerConfigKeys (ConfUtils.java:logGet(43)) - raft.server.log.write.buffer.size = 33554432 (custom)
2019-09-26 11:03:54,106 [pool-47-thread-1] INFO  server.RaftServerConfigKeys (ConfUtils.java:logGet(43)) - raft.server.log.force.sync.num = 128 (default)
2019-09-26 11:03:54,107 [pool-47-thread-1] INFO  server.RaftServerConfigKeys (ConfUtils.java:logGet(43)) - raft.server.log.statemachine.data.sync = true (default)
2019-09-26 11:03:54,107 [pool-47-thread-1] INFO  server.RaftServerConfigKeys (ConfUtils.java:logGet(43)) - raft.server.log.statemachine.data.sync.timeout = 10s (default)
2019-09-26 11:03:54,107 [pool-47-thread-1] INFO  server.RaftServerConfigKeys (ConfUtils.java:logGet(43)) - raft.server.log.statemachine.data.sync.timeout.retry = -1 (default)
2019-09-26 11:03:54,107 [pool-47-thread-1] INFO  server.RaftServerConfigKeys (ConfUtils.java:logGet(43)) - raft.server.log.statemachine.data.caching.enabled = true (custom)
2019-09-26 11:03:54,108 [pool-47-thread-1] INFO  segmented.SegmentedRaftLogWorker (SegmentedRaftLogWorker.java:lambda$new$0(132)) - 1745fe83-e03c-45fa-a055-fce326b8113e@group-01A0D9A0C009-SegmentedRaftLogWorker: flushIndex: setUnconditionally 0 -> -1
2019-09-26 11:03:54,108 [pool-47-thread-1] INFO  server.RaftServerConfigKeys (ConfUtils.java:logGet(43)) - raft.server.snapshot.auto.trigger.enabled = true (custom)
2019-09-26 11:03:54,108 [pool-47-thread-1] INFO  server.RaftServerConfigKeys (ConfUtils.java:logGet(43)) - raft.server.snapshot.auto.trigger.threshold = 10000 (custom)
2019-09-26 11:03:54,108 [pool-47-thread-1] INFO  server.RaftServerConfigKeys (ConfUtils.java:logGet(43)) - raft.server.snapshot.retention.num.files = 5 (custom)
2019-09-26 11:03:54,108 [pool-47-thread-1] INFO  server.RaftServerConfigKeys (ConfUtils.java:logGet(43)) - raft.server.retrycache.expirytime = 600000ms (custom)
2019-09-26 11:03:54,112 [pool-47-thread-1] INFO  impl.RaftServerImpl (RaftServerImpl.java:start(185)) - 1745fe83-e03c-45fa-a055-fce326b8113e@group-01A0D9A0C009: start as a follower, conf=-1: [1745fe83-e03c-45fa-a055-fce326b8113e:192.168.30.13:37183], old=null
2019-09-26 11:03:54,112 [pool-47-thread-1] INFO  impl.RaftServerImpl (RaftServerImpl.java:setRole(174)) - 1745fe83-e03c-45fa-a055-fce326b8113e@group-01A0D9A0C009: changes role from      null to FOLLOWER at term 0 for startAsFollower
2019-09-26 11:03:54,112 [pool-47-thread-1] INFO  impl.RoleInfo (RoleInfo.java:updateAndGet(143)) - 1745fe83-e03c-45fa-a055-fce326b8113e: start FollowerState
2019-09-26 11:03:54,113 [pool-47-thread-1] INFO  util.JmxRegister (JmxRegister.java:tryRegister(44)) - Successfully registered JMX Bean with object name Ratis:service=RaftServer,group=group-01A0D9A0C009,id=1745fe83-e03c-45fa-a055-fce326b8113e
2019-09-26 11:03:54,116 [main] INFO  ozone.MiniOzoneClusterImpl (MiniOzoneClusterImpl.java:lambda$waitForClusterToBeReady$0(147)) - Cluster is ready. Got 3 of 3 DN Heartbeats.
2019-09-26 11:03:54,123 [RatisPipelineUtilsThread] INFO  pipeline.PipelineStateManager (PipelineStateManager.java:addPipeline(56)) - Created pipeline Pipeline[ Id: 91620249-1c93-4390-9e25-01a0d9a0c009, Nodes: 1745fe83-e03c-45fa-a055-fce326b8113e{ip: 192.168.30.13, host: pr-hdds-1569-wvzgm-824869521, networkLocation: /default-rack, certSerialId: null}, Type:RATIS, Factor:ONE, State:OPEN]
2019-09-26 11:03:54,139 [grpc-default-executor-0] INFO  impl.RaftServerProxy (RaftServerProxy.java:addNew(89)) - 1745fe83-e03c-45fa-a055-fce326b8113e: addNew group-8AAD9890D5A9:[1745fe83-e03c-45fa-a055-fce326b8113e:192.168.30.13:37183] returns group-8AAD9890D5A9:java.util.concurrent.CompletableFuture@3c5e111d[Not completed]
2019-09-26 11:03:54,140 [pool-47-thread-1] INFO  impl.RaftServerImpl (RaftServerImpl.java:<init>(95)) - 1745fe83-e03c-45fa-a055-fce326b8113e: new RaftServerImpl for group-8AAD9890D5A9:[1745fe83-e03c-45fa-a055-fce326b8113e:192.168.30.13:37183] with ContainerStateMachine:uninitialized
2019-09-26 11:03:54,141 [pool-47-thread-1] INFO  server.RaftServerConfigKeys (ConfUtils.java:logGet(43)) - raft.server.rpc.timeout.min = 5s (custom)
2019-09-26 11:03:54,141 [pool-47-thread-1] INFO  server.RaftServerConfigKeys (ConfUtils.java:logGet(43)) - raft.server.rpc.timeout.max = 5200ms (custom)
2019-09-26 11:03:54,141 [pool-47-thread-1] INFO  server.RaftServerConfigKeys (ConfUtils.java:logGet(43)) - raft.server.rpcslowness.timeout = 120s (custom)
2019-09-26 11:03:54,141 [pool-47-thread-1] INFO  server.RaftServerConfigKeys (ConfUtils.java:logGet(43)) - raft.server.sleep.deviation.threshold = 300 (default)
2019-09-26 11:03:54,141 [pool-47-thread-1] INFO  server.RaftServerConfigKeys (ConfUtils.java:logGet(43)) - raft.server.log.appender.install.snapshot.enabled = false (custom)
2019-09-26 11:03:54,141 [pool-47-thread-1] INFO  impl.RaftServerImpl (ServerState.java:<init>(103)) - 1745fe83-e03c-45fa-a055-fce326b8113e@group-8AAD9890D5A9: ConfigurationManager, init=-1: [1745fe83-e03c-45fa-a055-fce326b8113e:192.168.30.13:37183], old=null, confs=<EMPTY_MAP>
2019-09-26 11:03:54,141 [pool-47-thread-1] INFO  server.RaftServerConfigKeys (ConfUtils.java:logGet(43)) - raft.server.storage.dir = [/workdir/hadoop-ozone/tools/target/test-dir/MiniOzoneClusterImpl-6d01f745-579a-4aef-b168-1b4d6e4a660d/datanode-2/data/ratis] (custom)
2019-09-26 11:03:54,142 [pool-47-thread-1] INFO  storage.RaftStorageDirectory (RaftStorageDirectory.java:analyzeStorage(246)) - The storage directory /workdir/hadoop-ozone/tools/target/test-dir/MiniOzoneClusterImpl-6d01f745-579a-4aef-b168-1b4d6e4a660d/datanode-2/data/ratis/f2146a10-3022-4c6a-91e6-8aad9890d5a9 does not exist. Creating ...
2019-09-26 11:03:54,154 [pool-47-thread-1] INFO  storage.RaftStorageDirectory (RaftStorageDirectory.java:tryLock(328)) - Lock on /workdir/hadoop-ozone/tools/target/test-dir/MiniOzoneClusterImpl-6d01f745-579a-4aef-b168-1b4d6e4a660d/datanode-2/data/ratis/f2146a10-3022-4c6a-91e6-8aad9890d5a9/in_use.lock acquired by nodename 17968@pr-hdds-1569-wvzgm-824869521
2019-09-26 11:03:54,167 [pool-47-thread-1] INFO  storage.RaftStorage (RaftStorage.java:format(72)) - Storage directory /workdir/hadoop-ozone/tools/target/test-dir/MiniOzoneClusterImpl-6d01f745-579a-4aef-b168-1b4d6e4a660d/datanode-2/data/ratis/f2146a10-3022-4c6a-91e6-8aad9890d5a9 has been successfully formatted.
2019-09-26 11:03:54,168 [pool-47-thread-1] INFO  ratis.ContainerStateMachine (ContainerStateMachine.java:loadSnapshot(230)) - group-8AAD9890D5A9: The snapshot info is null. Setting the last applied indexto:(t:0, i:~)
2019-09-26 11:03:54,168 [pool-47-thread-1] INFO  server.RaftServerConfigKeys (ConfUtils.java:logGet(43)) - raft.server.notification.no-leader.timeout = 120s (custom)
2019-09-26 11:03:54,168 [pool-47-thread-1] INFO  server.RaftServerConfigKeys (ConfUtils.java:logGet(43)) - raft.server.log.use.memory = false (default)
2019-09-26 11:03:54,168 [pool-47-thread-1] INFO  server.RaftServerConfigKeys (ConfUtils.java:logGet(43)) - raft.server.log.purge.gap = 1000000 (custom)
2019-09-26 11:03:54,168 [pool-47-thread-1] INFO  server.RaftServerConfigKeys (ConfUtils.java:logGet(43)) - raft.server.log.appender.buffer.byte-limit = 33554432 (custom)
2019-09-26 11:03:54,168 [pool-47-thread-1] INFO  server.RaftServerConfigKeys (ConfUtils.java:logGet(43)) - raft.server.log.segment.size.max = 1048576 (custom)
2019-09-26 11:03:54,168 [pool-47-thread-1] INFO  server.RaftServerConfigKeys (ConfUtils.java:logGet(43)) - raft.server.log.segment.cache.num.max = 2 (custom)
2019-09-26 11:03:54,169 [pool-47-thread-1] INFO  segmented.SegmentedRaftLogWorker (SegmentedRaftLogWorker.java:<init>(172)) - new 1745fe83-e03c-45fa-a055-fce326b8113e@group-8AAD9890D5A9-SegmentedRaftLogWorker for RaftStorage:Storage Directory /workdir/hadoop-ozone/tools/target/test-dir/MiniOzoneClusterImpl-6d01f745-579a-4aef-b168-1b4d6e4a660d/datanode-2/data/ratis/f2146a10-3022-4c6a-91e6-8aad9890d5a9
2019-09-26 11:03:54,169 [pool-47-thread-1] INFO  server.RaftServerConfigKeys (ConfUtils.java:logGet(43)) - raft.server.log.queue.byte-limit = 2147483647 (custom)
2019-09-26 11:03:54,169 [pool-47-thread-1] INFO  server.RaftServerConfigKeys (ConfUtils.java:logGet(43)) - raft.server.log.queue.element-limit = 1024 (custom)
2019-09-26 11:03:54,169 [pool-47-thread-1] INFO  server.RaftServerConfigKeys (ConfUtils.java:logGet(43)) - raft.server.log.segment.size.max = 1048576 (custom)
2019-09-26 11:03:54,169 [pool-47-thread-1] INFO  server.RaftServerConfigKeys (ConfUtils.java:logGet(43)) - raft.server.log.preallocated.size = 16384 (custom)
2019-09-26 11:03:54,169 [pool-47-thread-1] INFO  server.RaftServerConfigKeys (ConfUtils.java:logGet(43)) - raft.server.log.write.buffer.size = 33554432 (custom)
2019-09-26 11:03:54,169 [pool-47-thread-1] INFO  server.RaftServerConfigKeys (ConfUtils.java:logGet(43)) - raft.server.log.force.sync.num = 128 (default)
2019-09-26 11:03:54,170 [pool-47-thread-1] INFO  server.RaftServerConfigKeys (ConfUtils.java:logGet(43)) - raft.server.log.statemachine.data.sync = true (default)
2019-09-26 11:03:54,170 [pool-47-thread-1] INFO  server.RaftServerConfigKeys (ConfUtils.java:logGet(43)) - raft.server.log.statemachine.data.sync.timeout = 10s (default)
2019-09-26 11:03:54,170 [pool-47-thread-1] INFO  server.RaftServerConfigKeys (ConfUtils.java:logGet(43)) - raft.server.log.statemachine.data.sync.timeout.retry = -1 (default)
2019-09-26 11:03:54,170 [pool-47-thread-1] INFO  server.RaftServerConfigKeys (ConfUtils.java:logGet(43)) - raft.server.log.statemachine.data.caching.enabled = true (custom)
2019-09-26 11:03:54,170 [pool-47-thread-1] INFO  segmented.SegmentedRaftLogWorker (SegmentedRaftLogWorker.java:lambda$new$0(132)) - 1745fe83-e03c-45fa-a055-fce326b8113e@group-8AAD9890D5A9-SegmentedRaftLogWorker: flushIndex: setUnconditionally 0 -> -1
2019-09-26 11:03:54,171 [pool-47-thread-1] INFO  server.RaftServerConfigKeys (ConfUtils.java:logGet(43)) - raft.server.snapshot.auto.trigger.enabled = true (custom)
2019-09-26 11:03:54,171 [pool-47-thread-1] INFO  server.RaftServerConfigKeys (ConfUtils.java:logGet(43)) - raft.server.snapshot.auto.trigger.threshold = 10000 (custom)
2019-09-26 11:03:54,171 [pool-47-thread-1] INFO  server.RaftServerConfigKeys (ConfUtils.java:logGet(43)) - raft.server.snapshot.retention.num.files = 5 (custom)
2019-09-26 11:03:54,171 [pool-47-thread-1] INFO  server.RaftServerConfigKeys (ConfUtils.java:logGet(43)) - raft.server.retrycache.expirytime = 600000ms (custom)
2019-09-26 11:03:54,175 [pool-47-thread-1] INFO  impl.RaftServerImpl (RaftServerImpl.java:start(185)) - 1745fe83-e03c-45fa-a055-fce326b8113e@group-8AAD9890D5A9: start as a follower, conf=-1: [1745fe83-e03c-45fa-a055-fce326b8113e:192.168.30.13:37183], old=null
2019-09-26 11:03:54,175 [pool-47-thread-1] INFO  impl.RaftServerImpl (RaftServerImpl.java:setRole(174)) - 1745fe83-e03c-45fa-a055-fce326b8113e@group-8AAD9890D5A9: changes role from      null to FOLLOWER at term 0 for startAsFollower
2019-09-26 11:03:54,175 [pool-47-thread-1] INFO  impl.RoleInfo (RoleInfo.java:updateAndGet(143)) - 1745fe83-e03c-45fa-a055-fce326b8113e: start FollowerState
2019-09-26 11:03:54,175 [pool-47-thread-1] INFO  util.JmxRegister (JmxRegister.java:tryRegister(44)) - Successfully registered JMX Bean with object name Ratis:service=RaftServer,group=group-8AAD9890D5A9,id=1745fe83-e03c-45fa-a055-fce326b8113e
2019-09-26 11:03:54,188 [RatisPipelineUtilsThread] INFO  pipeline.PipelineStateManager (PipelineStateManager.java:addPipeline(56)) - Created pipeline Pipeline[ Id: f2146a10-3022-4c6a-91e6-8aad9890d5a9, Nodes: 1745fe83-e03c-45fa-a055-fce326b8113e{ip: 192.168.30.13, host: pr-hdds-1569-wvzgm-824869521, networkLocation: /default-rack, certSerialId: null}, Type:RATIS, Factor:ONE, State:OPEN]
2019-09-26 11:03:54,203 [grpc-default-executor-0] INFO  impl.RaftServerProxy (RaftServerProxy.java:addNew(89)) - 1745fe83-e03c-45fa-a055-fce326b8113e: addNew group-549F291C5A8D:[1745fe83-e03c-45fa-a055-fce326b8113e:192.168.30.13:37183] returns group-549F291C5A8D:java.util.concurrent.CompletableFuture@2d06728e[Not completed]
2019-09-26 11:03:54,205 [pool-47-thread-1] INFO  impl.RaftServerImpl (RaftServerImpl.java:<init>(95)) - 1745fe83-e03c-45fa-a055-fce326b8113e: new RaftServerImpl for group-549F291C5A8D:[1745fe83-e03c-45fa-a055-fce326b8113e:192.168.30.13:37183] with ContainerStateMachine:uninitialized
2019-09-26 11:03:54,205 [pool-47-thread-1] INFO  server.RaftServerConfigKeys (ConfUtils.java:logGet(43)) - raft.server.rpc.timeout.min = 5s (custom)
2019-09-26 11:03:54,205 [pool-47-thread-1] INFO  server.RaftServerConfigKeys (ConfUtils.java:logGet(43)) - raft.server.rpc.timeout.max = 5200ms (custom)
2019-09-26 11:03:54,205 [pool-47-thread-1] INFO  server.RaftServerConfigKeys (ConfUtils.java:logGet(43)) - raft.server.rpcslowness.timeout = 120s (custom)
2019-09-26 11:03:54,205 [pool-47-thread-1] INFO  server.RaftServerConfigKeys (ConfUtils.java:logGet(43)) - raft.server.sleep.deviation.threshold = 300 (default)
2019-09-26 11:03:54,205 [pool-47-thread-1] INFO  server.RaftServerConfigKeys (ConfUtils.java:logGet(43)) - raft.server.log.appender.install.snapshot.enabled = false (custom)
2019-09-26 11:03:54,206 [pool-47-thread-1] INFO  impl.RaftServerImpl (ServerState.java:<init>(103)) - 1745fe83-e03c-45fa-a055-fce326b8113e@group-549F291C5A8D: ConfigurationManager, init=-1: [1745fe83-e03c-45fa-a055-fce326b8113e:192.168.30.13:37183], old=null, confs=<EMPTY_MAP>
2019-09-26 11:03:54,206 [pool-47-thread-1] INFO  server.RaftServerConfigKeys (ConfUtils.java:logGet(43)) - raft.server.storage.dir = [/workdir/hadoop-ozone/tools/target/test-dir/MiniOzoneClusterImpl-6d01f745-579a-4aef-b168-1b4d6e4a660d/datanode-2/data/ratis] (custom)
2019-09-26 11:03:54,206 [pool-47-thread-1] INFO  storage.RaftStorageDirectory (RaftStorageDirectory.java:analyzeStorage(246)) - The storage directory /workdir/hadoop-ozone/tools/target/test-dir/MiniOzoneClusterImpl-6d01f745-579a-4aef-b168-1b4d6e4a660d/datanode-2/data/ratis/3bfae580-28de-49c9-89d5-549f291c5a8d does not exist. Creating ...
2019-09-26 11:03:54,218 [pool-47-thread-1] INFO  storage.RaftStorageDirectory (RaftStorageDirectory.java:tryLock(328)) - Lock on /workdir/hadoop-ozone/tools/target/test-dir/MiniOzoneClusterImpl-6d01f745-579a-4aef-b168-1b4d6e4a660d/datanode-2/data/ratis/3bfae580-28de-49c9-89d5-549f291c5a8d/in_use.lock acquired by nodename 17968@pr-hdds-1569-wvzgm-824869521
2019-09-26 11:03:54,231 [pool-47-thread-1] INFO  storage.RaftStorage (RaftStorage.java:format(72)) - Storage directory /workdir/hadoop-ozone/tools/target/test-dir/MiniOzoneClusterImpl-6d01f745-579a-4aef-b168-1b4d6e4a660d/datanode-2/data/ratis/3bfae580-28de-49c9-89d5-549f291c5a8d has been successfully formatted.
2019-09-26 11:03:54,231 [pool-47-thread-1] INFO  ratis.ContainerStateMachine (ContainerStateMachine.java:loadSnapshot(230)) - group-549F291C5A8D: The snapshot info is null. Setting the last applied indexto:(t:0, i:~)
2019-09-26 11:03:54,232 [pool-47-thread-1] INFO  server.RaftServerConfigKeys (ConfUtils.java:logGet(43)) - raft.server.notification.no-leader.timeout = 120s (custom)
2019-09-26 11:03:54,232 [pool-47-thread-1] INFO  server.RaftServerConfigKeys (ConfUtils.java:logGet(43)) - raft.server.log.use.memory = false (default)
2019-09-26 11:03:54,232 [pool-47-thread-1] INFO  server.RaftServerConfigKeys (ConfUtils.java:logGet(43)) - raft.server.log.purge.gap = 1000000 (custom)
2019-09-26 11:03:54,232 [pool-47-thread-1] INFO  server.RaftServerConfigKeys (ConfUtils.java:logGet(43)) - raft.server.log.appender.buffer.byte-limit = 33554432 (custom)
2019-09-26 11:03:54,232 [pool-47-thread-1] INFO  server.RaftServerConfigKeys (ConfUtils.java:logGet(43)) - raft.server.log.segment.size.max = 1048576 (custom)
2019-09-26 11:03:54,232 [pool-47-thread-1] INFO  server.RaftServerConfigKeys (ConfUtils.java:logGet(43)) - raft.server.log.segment.cache.num.max = 2 (custom)
2019-09-26 11:03:54,233 [pool-47-thread-1] INFO  segmented.SegmentedRaftLogWorker (SegmentedRaftLogWorker.java:<init>(172)) - new 1745fe83-e03c-45fa-a055-fce326b8113e@group-549F291C5A8D-SegmentedRaftLogWorker for RaftStorage:Storage Directory /workdir/hadoop-ozone/tools/target/test-dir/MiniOzoneClusterImpl-6d01f745-579a-4aef-b168-1b4d6e4a660d/datanode-2/data/ratis/3bfae580-28de-49c9-89d5-549f291c5a8d
2019-09-26 11:03:54,233 [pool-47-thread-1] INFO  server.RaftServerConfigKeys (ConfUtils.java:logGet(43)) - raft.server.log.queue.byte-limit = 2147483647 (custom)
2019-09-26 11:03:54,233 [pool-47-thread-1] INFO  server.RaftServerConfigKeys (ConfUtils.java:logGet(43)) - raft.server.log.queue.element-limit = 1024 (custom)
2019-09-26 11:03:54,233 [pool-47-thread-1] INFO  server.RaftServerConfigKeys (ConfUtils.java:logGet(43)) - raft.server.log.segment.size.max = 1048576 (custom)
2019-09-26 11:03:54,233 [pool-47-thread-1] INFO  server.RaftServerConfigKeys (ConfUtils.java:logGet(43)) - raft.server.log.preallocated.size = 16384 (custom)
2019-09-26 11:03:54,233 [pool-47-thread-1] INFO  server.RaftServerConfigKeys (ConfUtils.java:logGet(43)) - raft.server.log.write.buffer.size = 33554432 (custom)
2019-09-26 11:03:54,233 [pool-47-thread-1] INFO  server.RaftServerConfigKeys (ConfUtils.java:logGet(43)) - raft.server.log.force.sync.num = 128 (default)
2019-09-26 11:03:54,234 [pool-47-thread-1] INFO  server.RaftServerConfigKeys (ConfUtils.java:logGet(43)) - raft.server.log.statemachine.data.sync = true (default)
2019-09-26 11:03:54,234 [pool-47-thread-1] INFO  server.RaftServerConfigKeys (ConfUtils.java:logGet(43)) - raft.server.log.statemachine.data.sync.timeout = 10s (default)
2019-09-26 11:03:54,234 [pool-47-thread-1] INFO  server.RaftServerConfigKeys (ConfUtils.java:logGet(43)) - raft.server.log.statemachine.data.sync.timeout.retry = -1 (default)
2019-09-26 11:03:54,234 [pool-47-thread-1] INFO  server.RaftServerConfigKeys (ConfUtils.java:logGet(43)) - raft.server.log.statemachine.data.caching.enabled = true (custom)
2019-09-26 11:03:54,234 [pool-47-thread-1] INFO  segmented.SegmentedRaftLogWorker (SegmentedRaftLogWorker.java:lambda$new$0(132)) - 1745fe83-e03c-45fa-a055-fce326b8113e@group-549F291C5A8D-SegmentedRaftLogWorker: flushIndex: setUnconditionally 0 -> -1
2019-09-26 11:03:54,235 [pool-47-thread-1] INFO  server.RaftServerConfigKeys (ConfUtils.java:logGet(43)) - raft.server.snapshot.auto.trigger.enabled = true (custom)
2019-09-26 11:03:54,235 [pool-47-thread-1] INFO  server.RaftServerConfigKeys (ConfUtils.java:logGet(43)) - raft.server.snapshot.auto.trigger.threshold = 10000 (custom)
2019-09-26 11:03:54,235 [pool-47-thread-1] INFO  server.RaftServerConfigKeys (ConfUtils.java:logGet(43)) - raft.server.snapshot.retention.num.files = 5 (custom)
2019-09-26 11:03:54,235 [pool-47-thread-1] INFO  server.RaftServerConfigKeys (ConfUtils.java:logGet(43)) - raft.server.retrycache.expirytime = 600000ms (custom)
2019-09-26 11:03:54,239 [pool-47-thread-1] INFO  impl.RaftServerImpl (RaftServerImpl.java:start(185)) - 1745fe83-e03c-45fa-a055-fce326b8113e@group-549F291C5A8D: start as a follower, conf=-1: [1745fe83-e03c-45fa-a055-fce326b8113e:192.168.30.13:37183], old=null
2019-09-26 11:03:54,239 [pool-47-thread-1] INFO  impl.RaftServerImpl (RaftServerImpl.java:setRole(174)) - 1745fe83-e03c-45fa-a055-fce326b8113e@group-549F291C5A8D: changes role from      null to FOLLOWER at term 0 for startAsFollower
2019-09-26 11:03:54,239 [pool-47-thread-1] INFO  impl.RoleInfo (RoleInfo.java:updateAndGet(143)) - 1745fe83-e03c-45fa-a055-fce326b8113e: start FollowerState
2019-09-26 11:03:54,239 [pool-47-thread-1] INFO  util.JmxRegister (JmxRegister.java:tryRegister(44)) - Successfully registered JMX Bean with object name Ratis:service=RaftServer,group=group-549F291C5A8D,id=1745fe83-e03c-45fa-a055-fce326b8113e
2019-09-26 11:03:54,255 [RatisPipelineUtilsThread] INFO  pipeline.PipelineStateManager (PipelineStateManager.java:addPipeline(56)) - Created pipeline Pipeline[ Id: 3bfae580-28de-49c9-89d5-549f291c5a8d, Nodes: 1745fe83-e03c-45fa-a055-fce326b8113e{ip: 192.168.30.13, host: pr-hdds-1569-wvzgm-824869521, networkLocation: /default-rack, certSerialId: null}, Type:RATIS, Factor:ONE, State:OPEN]
2019-09-26 11:03:54,273 [grpc-default-executor-0] INFO  impl.RaftServerProxy (RaftServerProxy.java:addNew(89)) - 1745fe83-e03c-45fa-a055-fce326b8113e: addNew group-9FDDC67FE2C8:[1745fe83-e03c-45fa-a055-fce326b8113e:192.168.30.13:37183] returns group-9FDDC67FE2C8:java.util.concurrent.CompletableFuture@77de968b[Not completed]
2019-09-26 11:03:54,274 [pool-47-thread-1] INFO  impl.RaftServerImpl (RaftServerImpl.java:<init>(95)) - 1745fe83-e03c-45fa-a055-fce326b8113e: new RaftServerImpl for group-9FDDC67FE2C8:[1745fe83-e03c-45fa-a055-fce326b8113e:192.168.30.13:37183] with ContainerStateMachine:uninitialized
2019-09-26 11:03:54,275 [pool-47-thread-1] INFO  server.RaftServerConfigKeys (ConfUtils.java:logGet(43)) - raft.server.rpc.timeout.min = 5s (custom)
2019-09-26 11:03:54,275 [pool-47-thread-1] INFO  server.RaftServerConfigKeys (ConfUtils.java:logGet(43)) - raft.server.rpc.timeout.max = 5200ms (custom)
2019-09-26 11:03:54,275 [pool-47-thread-1] INFO  server.RaftServerConfigKeys (ConfUtils.java:logGet(43)) - raft.server.rpcslowness.timeout = 120s (custom)
2019-09-26 11:03:54,275 [pool-47-thread-1] INFO  server.RaftServerConfigKeys (ConfUtils.java:logGet(43)) - raft.server.sleep.deviation.threshold = 300 (default)
2019-09-26 11:03:54,275 [pool-47-thread-1] INFO  server.RaftServerConfigKeys (ConfUtils.java:logGet(43)) - raft.server.log.appender.install.snapshot.enabled = false (custom)
2019-09-26 11:03:54,275 [pool-47-thread-1] INFO  impl.RaftServerImpl (ServerState.java:<init>(103)) - 1745fe83-e03c-45fa-a055-fce326b8113e@group-9FDDC67FE2C8: ConfigurationManager, init=-1: [1745fe83-e03c-45fa-a055-fce326b8113e:192.168.30.13:37183], old=null, confs=<EMPTY_MAP>
2019-09-26 11:03:54,275 [pool-47-thread-1] INFO  server.RaftServerConfigKeys (ConfUtils.java:logGet(43)) - raft.server.storage.dir = [/workdir/hadoop-ozone/tools/target/test-dir/MiniOzoneClusterImpl-6d01f745-579a-4aef-b168-1b4d6e4a660d/datanode-2/data/ratis] (custom)
2019-09-26 11:03:54,276 [pool-47-thread-1] INFO  storage.RaftStorageDirectory (RaftStorageDirectory.java:analyzeStorage(246)) - The storage directory /workdir/hadoop-ozone/tools/target/test-dir/MiniOzoneClusterImpl-6d01f745-579a-4aef-b168-1b4d6e4a660d/datanode-2/data/ratis/cc8884c4-9235-48e7-ba68-9fddc67fe2c8 does not exist. Creating ...
2019-09-26 11:03:54,300 [pool-47-thread-1] INFO  storage.RaftStorageDirectory (RaftStorageDirectory.java:tryLock(328)) - Lock on /workdir/hadoop-ozone/tools/target/test-dir/MiniOzoneClusterImpl-6d01f745-579a-4aef-b168-1b4d6e4a660d/datanode-2/data/ratis/cc8884c4-9235-48e7-ba68-9fddc67fe2c8/in_use.lock acquired by nodename 17968@pr-hdds-1569-wvzgm-824869521
2019-09-26 11:03:54,312 [pool-47-thread-1] INFO  storage.RaftStorage (RaftStorage.java:format(72)) - Storage directory /workdir/hadoop-ozone/tools/target/test-dir/MiniOzoneClusterImpl-6d01f745-579a-4aef-b168-1b4d6e4a660d/datanode-2/data/ratis/cc8884c4-9235-48e7-ba68-9fddc67fe2c8 has been successfully formatted.
2019-09-26 11:03:54,313 [pool-47-thread-1] INFO  ratis.ContainerStateMachine (ContainerStateMachine.java:loadSnapshot(230)) - group-9FDDC67FE2C8: The snapshot info is null. Setting the last applied indexto:(t:0, i:~)
2019-09-26 11:03:54,313 [pool-47-thread-1] INFO  server.RaftServerConfigKeys (ConfUtils.java:logGet(43)) - raft.server.notification.no-leader.timeout = 120s (custom)
2019-09-26 11:03:54,313 [pool-47-thread-1] INFO  server.RaftServerConfigKeys (ConfUtils.java:logGet(43)) - raft.server.log.use.memory = false (default)
2019-09-26 11:03:54,314 [pool-47-thread-1] INFO  server.RaftServerConfigKeys (ConfUtils.java:logGet(43)) - raft.server.log.purge.gap = 1000000 (custom)
2019-09-26 11:03:54,314 [pool-47-thread-1] INFO  server.RaftServerConfigKeys (ConfUtils.java:logGet(43)) - raft.server.log.appender.buffer.byte-limit = 33554432 (custom)
2019-09-26 11:03:54,314 [pool-47-thread-1] INFO  server.RaftServerConfigKeys (ConfUtils.java:logGet(43)) - raft.server.log.segment.size.max = 1048576 (custom)
2019-09-26 11:03:54,314 [pool-47-thread-1] INFO  server.RaftServerConfigKeys (ConfUtils.java:logGet(43)) - raft.server.log.segment.cache.num.max = 2 (custom)
2019-09-26 11:03:54,314 [pool-47-thread-1] INFO  segmented.SegmentedRaftLogWorker (SegmentedRaftLogWorker.java:<init>(172)) - new 1745fe83-e03c-45fa-a055-fce326b8113e@group-9FDDC67FE2C8-SegmentedRaftLogWorker for RaftStorage:Storage Directory /workdir/hadoop-ozone/tools/target/test-dir/MiniOzoneClusterImpl-6d01f745-579a-4aef-b168-1b4d6e4a660d/datanode-2/data/ratis/cc8884c4-9235-48e7-ba68-9fddc67fe2c8
2019-09-26 11:03:54,315 [pool-47-thread-1] INFO  server.RaftServerConfigKeys (ConfUtils.java:logGet(43)) - raft.server.log.queue.byte-limit = 2147483647 (custom)
2019-09-26 11:03:54,315 [pool-47-thread-1] INFO  server.RaftServerConfigKeys (ConfUtils.java:logGet(43)) - raft.server.log.queue.element-limit = 1024 (custom)
2019-09-26 11:03:54,315 [pool-47-thread-1] INFO  server.RaftServerConfigKeys (ConfUtils.java:logGet(43)) - raft.server.log.segment.size.max = 1048576 (custom)
2019-09-26 11:03:54,315 [pool-47-thread-1] INFO  server.RaftServerConfigKeys (ConfUtils.java:logGet(43)) - raft.server.log.preallocated.size = 16384 (custom)
2019-09-26 11:03:54,316 [pool-47-thread-1] INFO  server.RaftServerConfigKeys (ConfUtils.java:logGet(43)) - raft.server.log.write.buffer.size = 33554432 (custom)
2019-09-26 11:03:54,316 [pool-47-thread-1] INFO  server.RaftServerConfigKeys (ConfUtils.java:logGet(43)) - raft.server.log.force.sync.num = 128 (default)
2019-09-26 11:03:54,316 [pool-47-thread-1] INFO  server.RaftServerConfigKeys (ConfUtils.java:logGet(43)) - raft.server.log.statemachine.data.sync = true (default)
2019-09-26 11:03:54,316 [pool-47-thread-1] INFO  server.RaftServerConfigKeys (ConfUtils.java:logGet(43)) - raft.server.log.statemachine.data.sync.timeout = 10s (default)
2019-09-26 11:03:54,316 [pool-47-thread-1] INFO  server.RaftServerConfigKeys (ConfUtils.java:logGet(43)) - raft.server.log.statemachine.data.sync.timeout.retry = -1 (default)
2019-09-26 11:03:54,317 [pool-47-thread-1] INFO  server.RaftServerConfigKeys (ConfUtils.java:logGet(43)) - raft.server.log.statemachine.data.caching.enabled = true (custom)
2019-09-26 11:03:54,317 [pool-47-thread-1] INFO  segmented.SegmentedRaftLogWorker (SegmentedRaftLogWorker.java:lambda$new$0(132)) - 1745fe83-e03c-45fa-a055-fce326b8113e@group-9FDDC67FE2C8-SegmentedRaftLogWorker: flushIndex: setUnconditionally 0 -> -1
2019-09-26 11:03:54,318 [pool-47-thread-1] INFO  server.RaftServerConfigKeys (ConfUtils.java:logGet(43)) - raft.server.snapshot.auto.trigger.enabled = true (custom)
2019-09-26 11:03:54,318 [pool-47-thread-1] INFO  server.RaftServerConfigKeys (ConfUtils.java:logGet(43)) - raft.server.snapshot.auto.trigger.threshold = 10000 (custom)
2019-09-26 11:03:54,318 [pool-47-thread-1] INFO  server.RaftServerConfigKeys (ConfUtils.java:logGet(43)) - raft.server.snapshot.retention.num.files = 5 (custom)
2019-09-26 11:03:54,318 [pool-47-thread-1] INFO  server.RaftServerConfigKeys (ConfUtils.java:logGet(43)) - raft.server.retrycache.expirytime = 600000ms (custom)
2019-09-26 11:03:54,323 [pool-47-thread-1] INFO  impl.RaftServerImpl (RaftServerImpl.java:start(185)) - 1745fe83-e03c-45fa-a055-fce326b8113e@group-9FDDC67FE2C8: start as a follower, conf=-1: [1745fe83-e03c-45fa-a055-fce326b8113e:192.168.30.13:37183], old=null
2019-09-26 11:03:54,323 [pool-47-thread-1] INFO  impl.RaftServerImpl (RaftServerImpl.java:setRole(174)) - 1745fe83-e03c-45fa-a055-fce326b8113e@group-9FDDC67FE2C8: changes role from      null to FOLLOWER at term 0 for startAsFollower
2019-09-26 11:03:54,323 [pool-47-thread-1] INFO  impl.RoleInfo (RoleInfo.java:updateAndGet(143)) - 1745fe83-e03c-45fa-a055-fce326b8113e: start FollowerState
2019-09-26 11:03:54,324 [pool-47-thread-1] INFO  util.JmxRegister (JmxRegister.java:tryRegister(44)) - Successfully registered JMX Bean with object name Ratis:service=RaftServer,group=group-9FDDC67FE2C8,id=1745fe83-e03c-45fa-a055-fce326b8113e
2019-09-26 11:03:54,335 [RatisPipelineUtilsThread] INFO  pipeline.PipelineStateManager (PipelineStateManager.java:addPipeline(56)) - Created pipeline Pipeline[ Id: cc8884c4-9235-48e7-ba68-9fddc67fe2c8, Nodes: 1745fe83-e03c-45fa-a055-fce326b8113e{ip: 192.168.30.13, host: pr-hdds-1569-wvzgm-824869521, networkLocation: /default-rack, certSerialId: null}, Type:RATIS, Factor:ONE, State:OPEN]
2019-09-26 11:03:54,357 [grpc-default-executor-0] INFO  impl.RaftServerProxy (RaftServerProxy.java:addNew(89)) - 1745fe83-e03c-45fa-a055-fce326b8113e: addNew group-7CF23CB89EBB:[1745fe83-e03c-45fa-a055-fce326b8113e:192.168.30.13:37183] returns group-7CF23CB89EBB:java.util.concurrent.CompletableFuture@349f20f9[Not completed]
2019-09-26 11:03:54,358 [pool-47-thread-1] INFO  impl.RaftServerImpl (RaftServerImpl.java:<init>(95)) - 1745fe83-e03c-45fa-a055-fce326b8113e: new RaftServerImpl for group-7CF23CB89EBB:[1745fe83-e03c-45fa-a055-fce326b8113e:192.168.30.13:37183] with ContainerStateMachine:uninitialized
2019-09-26 11:03:54,359 [pool-47-thread-1] INFO  server.RaftServerConfigKeys (ConfUtils.java:logGet(43)) - raft.server.rpc.timeout.min = 5s (custom)
2019-09-26 11:03:54,359 [pool-47-thread-1] INFO  server.RaftServerConfigKeys (ConfUtils.java:logGet(43)) - raft.server.rpc.timeout.max = 5200ms (custom)
2019-09-26 11:03:54,359 [pool-47-thread-1] INFO  server.RaftServerConfigKeys (ConfUtils.java:logGet(43)) - raft.server.rpcslowness.timeout = 120s (custom)
2019-09-26 11:03:54,359 [pool-47-thread-1] INFO  server.RaftServerConfigKeys (ConfUtils.java:logGet(43)) - raft.server.sleep.deviation.threshold = 300 (default)
2019-09-26 11:03:54,359 [pool-47-thread-1] INFO  server.RaftServerConfigKeys (ConfUtils.java:logGet(43)) - raft.server.log.appender.install.snapshot.enabled = false (custom)
2019-09-26 11:03:54,359 [pool-47-thread-1] INFO  impl.RaftServerImpl (ServerState.java:<init>(103)) - 1745fe83-e03c-45fa-a055-fce326b8113e@group-7CF23CB89EBB: ConfigurationManager, init=-1: [1745fe83-e03c-45fa-a055-fce326b8113e:192.168.30.13:37183], old=null, confs=<EMPTY_MAP>
2019-09-26 11:03:54,360 [pool-47-thread-1] INFO  server.RaftServerConfigKeys (ConfUtils.java:logGet(43)) - raft.server.storage.dir = [/workdir/hadoop-ozone/tools/target/test-dir/MiniOzoneClusterImpl-6d01f745-579a-4aef-b168-1b4d6e4a660d/datanode-2/data/ratis] (custom)
2019-09-26 11:03:54,360 [pool-47-thread-1] INFO  storage.RaftStorageDirectory (RaftStorageDirectory.java:analyzeStorage(246)) - The storage directory /workdir/hadoop-ozone/tools/target/test-dir/MiniOzoneClusterImpl-6d01f745-579a-4aef-b168-1b4d6e4a660d/datanode-2/data/ratis/a52fbee7-6dfc-4cf6-b9d1-7cf23cb89ebb does not exist. Creating ...
2019-09-26 11:03:54,374 [pool-47-thread-1] INFO  storage.RaftStorageDirectory (RaftStorageDirectory.java:tryLock(328)) - Lock on /workdir/hadoop-ozone/tools/target/test-dir/MiniOzoneClusterImpl-6d01f745-579a-4aef-b168-1b4d6e4a660d/datanode-2/data/ratis/a52fbee7-6dfc-4cf6-b9d1-7cf23cb89ebb/in_use.lock acquired by nodename 17968@pr-hdds-1569-wvzgm-824869521
2019-09-26 11:03:54,387 [pool-47-thread-1] INFO  storage.RaftStorage (RaftStorage.java:format(72)) - Storage directory /workdir/hadoop-ozone/tools/target/test-dir/MiniOzoneClusterImpl-6d01f745-579a-4aef-b168-1b4d6e4a660d/datanode-2/data/ratis/a52fbee7-6dfc-4cf6-b9d1-7cf23cb89ebb has been successfully formatted.
2019-09-26 11:03:54,387 [pool-47-thread-1] INFO  ratis.ContainerStateMachine (ContainerStateMachine.java:loadSnapshot(230)) - group-7CF23CB89EBB: The snapshot info is null. Setting the last applied indexto:(t:0, i:~)
2019-09-26 11:03:54,387 [pool-47-thread-1] INFO  server.RaftServerConfigKeys (ConfUtils.java:logGet(43)) - raft.server.notification.no-leader.timeout = 120s (custom)
2019-09-26 11:03:54,387 [pool-47-thread-1] INFO  server.RaftServerConfigKeys (ConfUtils.java:logGet(43)) - raft.server.log.use.memory = false (default)
2019-09-26 11:03:54,388 [pool-47-thread-1] INFO  server.RaftServerConfigKeys (ConfUtils.java:logGet(43)) - raft.server.log.purge.gap = 1000000 (custom)
2019-09-26 11:03:54,388 [pool-47-thread-1] INFO  server.RaftServerConfigKeys (ConfUtils.java:logGet(43)) - raft.server.log.appender.buffer.byte-limit = 33554432 (custom)
2019-09-26 11:03:54,388 [pool-47-thread-1] INFO  server.RaftServerConfigKeys (ConfUtils.java:logGet(43)) - raft.server.log.segment.size.max = 1048576 (custom)
2019-09-26 11:03:54,388 [pool-47-thread-1] INFO  server.RaftServerConfigKeys (ConfUtils.java:logGet(43)) - raft.server.log.segment.cache.num.max = 2 (custom)
2019-09-26 11:03:54,388 [pool-47-thread-1] INFO  segmented.SegmentedRaftLogWorker (SegmentedRaftLogWorker.java:<init>(172)) - new 1745fe83-e03c-45fa-a055-fce326b8113e@group-7CF23CB89EBB-SegmentedRaftLogWorker for RaftStorage:Storage Directory /workdir/hadoop-ozone/tools/target/test-dir/MiniOzoneClusterImpl-6d01f745-579a-4aef-b168-1b4d6e4a660d/datanode-2/data/ratis/a52fbee7-6dfc-4cf6-b9d1-7cf23cb89ebb
2019-09-26 11:03:54,389 [pool-47-thread-1] INFO  server.RaftServerConfigKeys (ConfUtils.java:logGet(43)) - raft.server.log.queue.byte-limit = 2147483647 (custom)
2019-09-26 11:03:54,389 [pool-47-thread-1] INFO  server.RaftServerConfigKeys (ConfUtils.java:logGet(43)) - raft.server.log.queue.element-limit = 1024 (custom)
2019-09-26 11:03:54,389 [pool-47-thread-1] INFO  server.RaftServerConfigKeys (ConfUtils.java:logGet(43)) - raft.server.log.segment.size.max = 1048576 (custom)
2019-09-26 11:03:54,389 [pool-47-thread-1] INFO  server.RaftServerConfigKeys (ConfUtils.java:logGet(43)) - raft.server.log.preallocated.size = 16384 (custom)
2019-09-26 11:03:54,390 [pool-47-thread-1] INFO  server.RaftServerConfigKeys (ConfUtils.java:logGet(43)) - raft.server.log.write.buffer.size = 33554432 (custom)
2019-09-26 11:03:54,390 [pool-47-thread-1] INFO  server.RaftServerConfigKeys (ConfUtils.java:logGet(43)) - raft.server.log.force.sync.num = 128 (default)
2019-09-26 11:03:54,390 [pool-47-thread-1] INFO  server.RaftServerConfigKeys (ConfUtils.java:logGet(43)) - raft.server.log.statemachine.data.sync = true (default)
2019-09-26 11:03:54,390 [pool-47-thread-1] INFO  server.RaftServerConfigKeys (ConfUtils.java:logGet(43)) - raft.server.log.statemachine.data.sync.timeout = 10s (default)
2019-09-26 11:03:54,390 [pool-47-thread-1] INFO  server.RaftServerConfigKeys (ConfUtils.java:logGet(43)) - raft.server.log.statemachine.data.sync.timeout.retry = -1 (default)
2019-09-26 11:03:54,391 [pool-47-thread-1] INFO  server.RaftServerConfigKeys (ConfUtils.java:logGet(43)) - raft.server.log.statemachine.data.caching.enabled = true (custom)
2019-09-26 11:03:54,391 [pool-47-thread-1] INFO  segmented.SegmentedRaftLogWorker (SegmentedRaftLogWorker.java:lambda$new$0(132)) - 1745fe83-e03c-45fa-a055-fce326b8113e@group-7CF23CB89EBB-SegmentedRaftLogWorker: flushIndex: setUnconditionally 0 -> -1
2019-09-26 11:03:54,391 [pool-47-thread-1] INFO  server.RaftServerConfigKeys (ConfUtils.java:logGet(43)) - raft.server.snapshot.auto.trigger.enabled = true (custom)
2019-09-26 11:03:54,392 [pool-47-thread-1] INFO  server.RaftServerConfigKeys (ConfUtils.java:logGet(43)) - raft.server.snapshot.auto.trigger.threshold = 10000 (custom)
2019-09-26 11:03:54,392 [pool-47-thread-1] INFO  server.RaftServerConfigKeys (ConfUtils.java:logGet(43)) - raft.server.snapshot.retention.num.files = 5 (custom)
2019-09-26 11:03:54,392 [pool-47-thread-1] INFO  server.RaftServerConfigKeys (ConfUtils.java:logGet(43)) - raft.server.retrycache.expirytime = 600000ms (custom)
2019-09-26 11:03:54,400 [pool-47-thread-1] INFO  impl.RaftServerImpl (RaftServerImpl.java:start(185)) - 1745fe83-e03c-45fa-a055-fce326b8113e@group-7CF23CB89EBB: start as a follower, conf=-1: [1745fe83-e03c-45fa-a055-fce326b8113e:192.168.30.13:37183], old=null
2019-09-26 11:03:54,400 [pool-47-thread-1] INFO  impl.RaftServerImpl (RaftServerImpl.java:setRole(174)) - 1745fe83-e03c-45fa-a055-fce326b8113e@group-7CF23CB89EBB: changes role from      null to FOLLOWER at term 0 for startAsFollower
2019-09-26 11:03:54,400 [pool-47-thread-1] INFO  impl.RoleInfo (RoleInfo.java:updateAndGet(143)) - 1745fe83-e03c-45fa-a055-fce326b8113e: start FollowerState
2019-09-26 11:03:54,400 [pool-47-thread-1] INFO  util.JmxRegister (JmxRegister.java:tryRegister(44)) - Successfully registered JMX Bean with object name Ratis:service=RaftServer,group=group-7CF23CB89EBB,id=1745fe83-e03c-45fa-a055-fce326b8113e
2019-09-26 11:03:54,418 [RatisPipelineUtilsThread] INFO  pipeline.PipelineStateManager (PipelineStateManager.java:addPipeline(56)) - Created pipeline Pipeline[ Id: a52fbee7-6dfc-4cf6-b9d1-7cf23cb89ebb, Nodes: 1745fe83-e03c-45fa-a055-fce326b8113e{ip: 192.168.30.13, host: pr-hdds-1569-wvzgm-824869521, networkLocation: /default-rack, certSerialId: null}, Type:RATIS, Factor:ONE, State:OPEN]
2019-09-26 11:03:54,431 [grpc-default-executor-0] INFO  impl.RaftServerProxy (RaftServerProxy.java:addNew(89)) - 0b4034a9-ca74-4b3f-a167-05c5f7dd3c4d: addNew group-4C7B6C159AB3:[0b4034a9-ca74-4b3f-a167-05c5f7dd3c4d:192.168.30.13:33710] returns group-4C7B6C159AB3:java.util.concurrent.CompletableFuture@295c35f8[Not completed]
2019-09-26 11:03:54,433 [pool-37-thread-1] INFO  impl.RaftServerImpl (RaftServerImpl.java:<init>(95)) - 0b4034a9-ca74-4b3f-a167-05c5f7dd3c4d: new RaftServerImpl for group-4C7B6C159AB3:[0b4034a9-ca74-4b3f-a167-05c5f7dd3c4d:192.168.30.13:33710] with ContainerStateMachine:uninitialized
2019-09-26 11:03:54,434 [pool-37-thread-1] INFO  server.RaftServerConfigKeys (ConfUtils.java:logGet(43)) - raft.server.rpc.timeout.min = 5s (custom)
2019-09-26 11:03:54,434 [pool-37-thread-1] INFO  server.RaftServerConfigKeys (ConfUtils.java:logGet(43)) - raft.server.rpc.timeout.max = 5200ms (custom)
2019-09-26 11:03:54,434 [pool-37-thread-1] INFO  server.RaftServerConfigKeys (ConfUtils.java:logGet(43)) - raft.server.rpcslowness.timeout = 120s (custom)
2019-09-26 11:03:54,434 [pool-37-thread-1] INFO  server.RaftServerConfigKeys (ConfUtils.java:logGet(43)) - raft.server.sleep.deviation.threshold = 300 (default)
2019-09-26 11:03:54,434 [pool-37-thread-1] INFO  server.RaftServerConfigKeys (ConfUtils.java:logGet(43)) - raft.server.log.appender.install.snapshot.enabled = false (custom)
2019-09-26 11:03:54,434 [pool-37-thread-1] INFO  impl.RaftServerImpl (ServerState.java:<init>(103)) - 0b4034a9-ca74-4b3f-a167-05c5f7dd3c4d@group-4C7B6C159AB3: ConfigurationManager, init=-1: [0b4034a9-ca74-4b3f-a167-05c5f7dd3c4d:192.168.30.13:33710], old=null, confs=<EMPTY_MAP>
2019-09-26 11:03:54,435 [pool-37-thread-1] INFO  server.RaftServerConfigKeys (ConfUtils.java:logGet(43)) - raft.server.storage.dir = [/workdir/hadoop-ozone/tools/target/test-dir/MiniOzoneClusterImpl-6d01f745-579a-4aef-b168-1b4d6e4a660d/datanode-1/data/ratis] (custom)
2019-09-26 11:03:54,435 [pool-37-thread-1] INFO  storage.RaftStorageDirectory (RaftStorageDirectory.java:analyzeStorage(246)) - The storage directory /workdir/hadoop-ozone/tools/target/test-dir/MiniOzoneClusterImpl-6d01f745-579a-4aef-b168-1b4d6e4a660d/datanode-1/data/ratis/babcdda4-43ea-45e2-935b-4c7b6c159ab3 does not exist. Creating ...
2019-09-26 11:03:54,448 [pool-37-thread-1] INFO  storage.RaftStorageDirectory (RaftStorageDirectory.java:tryLock(328)) - Lock on /workdir/hadoop-ozone/tools/target/test-dir/MiniOzoneClusterImpl-6d01f745-579a-4aef-b168-1b4d6e4a660d/datanode-1/data/ratis/babcdda4-43ea-45e2-935b-4c7b6c159ab3/in_use.lock acquired by nodename 17968@pr-hdds-1569-wvzgm-824869521
2019-09-26 11:03:54,461 [pool-37-thread-1] INFO  storage.RaftStorage (RaftStorage.java:format(72)) - Storage directory /workdir/hadoop-ozone/tools/target/test-dir/MiniOzoneClusterImpl-6d01f745-579a-4aef-b168-1b4d6e4a660d/datanode-1/data/ratis/babcdda4-43ea-45e2-935b-4c7b6c159ab3 has been successfully formatted.
2019-09-26 11:03:54,461 [pool-37-thread-1] INFO  ratis.ContainerStateMachine (ContainerStateMachine.java:loadSnapshot(230)) - group-4C7B6C159AB3: The snapshot info is null. Setting the last applied indexto:(t:0, i:~)
2019-09-26 11:03:54,461 [pool-37-thread-1] INFO  server.RaftServerConfigKeys (ConfUtils.java:logGet(43)) - raft.server.notification.no-leader.timeout = 120s (custom)
2019-09-26 11:03:54,462 [pool-37-thread-1] INFO  server.RaftServerConfigKeys (ConfUtils.java:logGet(43)) - raft.server.log.use.memory = false (default)
2019-09-26 11:03:54,462 [pool-37-thread-1] INFO  server.RaftServerConfigKeys (ConfUtils.java:logGet(43)) - raft.server.log.purge.gap = 1000000 (custom)
2019-09-26 11:03:54,462 [pool-37-thread-1] INFO  server.RaftServerConfigKeys (ConfUtils.java:logGet(43)) - raft.server.log.appender.buffer.byte-limit = 33554432 (custom)
2019-09-26 11:03:54,462 [pool-37-thread-1] INFO  server.RaftServerConfigKeys (ConfUtils.java:logGet(43)) - raft.server.log.segment.size.max = 1048576 (custom)
2019-09-26 11:03:54,462 [pool-37-thread-1] INFO  server.RaftServerConfigKeys (ConfUtils.java:logGet(43)) - raft.server.log.segment.cache.num.max = 2 (custom)
2019-09-26 11:03:54,462 [pool-37-thread-1] INFO  segmented.SegmentedRaftLogWorker (SegmentedRaftLogWorker.java:<init>(172)) - new 0b4034a9-ca74-4b3f-a167-05c5f7dd3c4d@group-4C7B6C159AB3-SegmentedRaftLogWorker for RaftStorage:Storage Directory /workdir/hadoop-ozone/tools/target/test-dir/MiniOzoneClusterImpl-6d01f745-579a-4aef-b168-1b4d6e4a660d/datanode-1/data/ratis/babcdda4-43ea-45e2-935b-4c7b6c159ab3
2019-09-26 11:03:54,463 [pool-37-thread-1] INFO  server.RaftServerConfigKeys (ConfUtils.java:logGet(43)) - raft.server.log.queue.byte-limit = 2147483647 (custom)
2019-09-26 11:03:54,463 [pool-37-thread-1] INFO  server.RaftServerConfigKeys (ConfUtils.java:logGet(43)) - raft.server.log.queue.element-limit = 1024 (custom)
2019-09-26 11:03:54,463 [pool-37-thread-1] INFO  server.RaftServerConfigKeys (ConfUtils.java:logGet(43)) - raft.server.log.segment.size.max = 1048576 (custom)
2019-09-26 11:03:54,463 [pool-37-thread-1] INFO  server.RaftServerConfigKeys (ConfUtils.java:logGet(43)) - raft.server.log.preallocated.size = 16384 (custom)
2019-09-26 11:03:54,463 [pool-37-thread-1] INFO  server.RaftServerConfigKeys (ConfUtils.java:logGet(43)) - raft.server.log.write.buffer.size = 33554432 (custom)
2019-09-26 11:03:54,464 [pool-37-thread-1] INFO  server.RaftServerConfigKeys (ConfUtils.java:logGet(43)) - raft.server.log.force.sync.num = 128 (default)
2019-09-26 11:03:54,464 [pool-37-thread-1] INFO  server.RaftServerConfigKeys (ConfUtils.java:logGet(43)) - raft.server.log.statemachine.data.sync = true (default)
2019-09-26 11:03:54,464 [pool-37-thread-1] INFO  server.RaftServerConfigKeys (ConfUtils.java:logGet(43)) - raft.server.log.statemachine.data.sync.timeout = 10s (default)
2019-09-26 11:03:54,464 [pool-37-thread-1] INFO  server.RaftServerConfigKeys (ConfUtils.java:logGet(43)) - raft.server.log.statemachine.data.sync.timeout.retry = -1 (default)
2019-09-26 11:03:54,464 [pool-37-thread-1] INFO  server.RaftServerConfigKeys (ConfUtils.java:logGet(43)) - raft.server.log.statemachine.data.caching.enabled = true (custom)
2019-09-26 11:03:54,465 [pool-37-thread-1] INFO  segmented.SegmentedRaftLogWorker (SegmentedRaftLogWorker.java:lambda$new$0(132)) - 0b4034a9-ca74-4b3f-a167-05c5f7dd3c4d@group-4C7B6C159AB3-SegmentedRaftLogWorker: flushIndex: setUnconditionally 0 -> -1
2019-09-26 11:03:54,465 [pool-37-thread-1] INFO  server.RaftServerConfigKeys (ConfUtils.java:logGet(43)) - raft.server.snapshot.auto.trigger.enabled = true (custom)
2019-09-26 11:03:54,466 [pool-37-thread-1] INFO  server.RaftServerConfigKeys (ConfUtils.java:logGet(43)) - raft.server.snapshot.auto.trigger.threshold = 10000 (custom)
2019-09-26 11:03:54,466 [pool-37-thread-1] INFO  server.RaftServerConfigKeys (ConfUtils.java:logGet(43)) - raft.server.snapshot.retention.num.files = 5 (custom)
2019-09-26 11:03:54,466 [pool-37-thread-1] INFO  server.RaftServerConfigKeys (ConfUtils.java:logGet(43)) - raft.server.retrycache.expirytime = 600000ms (custom)
2019-09-26 11:03:54,471 [pool-37-thread-1] INFO  impl.RaftServerImpl (RaftServerImpl.java:start(185)) - 0b4034a9-ca74-4b3f-a167-05c5f7dd3c4d@group-4C7B6C159AB3: start as a follower, conf=-1: [0b4034a9-ca74-4b3f-a167-05c5f7dd3c4d:192.168.30.13:33710], old=null
2019-09-26 11:03:54,471 [pool-37-thread-1] INFO  impl.RaftServerImpl (RaftServerImpl.java:setRole(174)) - 0b4034a9-ca74-4b3f-a167-05c5f7dd3c4d@group-4C7B6C159AB3: changes role from      null to FOLLOWER at term 0 for startAsFollower
2019-09-26 11:03:54,471 [pool-37-thread-1] INFO  impl.RoleInfo (RoleInfo.java:updateAndGet(143)) - 0b4034a9-ca74-4b3f-a167-05c5f7dd3c4d: start FollowerState
2019-09-26 11:03:54,472 [pool-37-thread-1] INFO  util.JmxRegister (JmxRegister.java:tryRegister(44)) - Successfully registered JMX Bean with object name Ratis:service=RaftServer,group=group-4C7B6C159AB3,id=0b4034a9-ca74-4b3f-a167-05c5f7dd3c4d
2019-09-26 11:03:54,491 [RatisPipelineUtilsThread] INFO  pipeline.PipelineStateManager (PipelineStateManager.java:addPipeline(56)) - Created pipeline Pipeline[ Id: babcdda4-43ea-45e2-935b-4c7b6c159ab3, Nodes: 0b4034a9-ca74-4b3f-a167-05c5f7dd3c4d{ip: 192.168.30.13, host: pr-hdds-1569-wvzgm-824869521, networkLocation: /default-rack, certSerialId: null}, Type:RATIS, Factor:ONE, State:OPEN]
2019-09-26 11:03:54,505 [grpc-default-executor-0] INFO  impl.RaftServerProxy (RaftServerProxy.java:addNew(89)) - 1745fe83-e03c-45fa-a055-fce326b8113e: addNew group-FA41A136936E:[1745fe83-e03c-45fa-a055-fce326b8113e:192.168.30.13:37183] returns group-FA41A136936E:java.util.concurrent.CompletableFuture@53846422[Not completed]
2019-09-26 11:03:54,506 [pool-47-thread-1] INFO  impl.RaftServerImpl (RaftServerImpl.java:<init>(95)) - 1745fe83-e03c-45fa-a055-fce326b8113e: new RaftServerImpl for group-FA41A136936E:[1745fe83-e03c-45fa-a055-fce326b8113e:192.168.30.13:37183] with ContainerStateMachine:uninitialized
2019-09-26 11:03:54,506 [pool-47-thread-1] INFO  server.RaftServerConfigKeys (ConfUtils.java:logGet(43)) - raft.server.rpc.timeout.min = 5s (custom)
2019-09-26 11:03:54,506 [pool-47-thread-1] INFO  server.RaftServerConfigKeys (ConfUtils.java:logGet(43)) - raft.server.rpc.timeout.max = 5200ms (custom)
2019-09-26 11:03:54,506 [pool-47-thread-1] INFO  server.RaftServerConfigKeys (ConfUtils.java:logGet(43)) - raft.server.rpcslowness.timeout = 120s (custom)
2019-09-26 11:03:54,507 [pool-47-thread-1] INFO  server.RaftServerConfigKeys (ConfUtils.java:logGet(43)) - raft.server.sleep.deviation.threshold = 300 (default)
2019-09-26 11:03:54,507 [pool-47-thread-1] INFO  server.RaftServerConfigKeys (ConfUtils.java:logGet(43)) - raft.server.log.appender.install.snapshot.enabled = false (custom)
2019-09-26 11:03:54,507 [pool-47-thread-1] INFO  impl.RaftServerImpl (ServerState.java:<init>(103)) - 1745fe83-e03c-45fa-a055-fce326b8113e@group-FA41A136936E: ConfigurationManager, init=-1: [1745fe83-e03c-45fa-a055-fce326b8113e:192.168.30.13:37183], old=null, confs=<EMPTY_MAP>
2019-09-26 11:03:54,507 [pool-47-thread-1] INFO  server.RaftServerConfigKeys (ConfUtils.java:logGet(43)) - raft.server.storage.dir = [/workdir/hadoop-ozone/tools/target/test-dir/MiniOzoneClusterImpl-6d01f745-579a-4aef-b168-1b4d6e4a660d/datanode-2/data/ratis] (custom)
2019-09-26 11:03:54,507 [pool-47-thread-1] INFO  storage.RaftStorageDirectory (RaftStorageDirectory.java:analyzeStorage(246)) - The storage directory /workdir/hadoop-ozone/tools/target/test-dir/MiniOzoneClusterImpl-6d01f745-579a-4aef-b168-1b4d6e4a660d/datanode-2/data/ratis/ef5ebef8-0696-4d93-b989-fa41a136936e does not exist. Creating ...
2019-09-26 11:03:54,529 [pool-47-thread-1] INFO  storage.RaftStorageDirectory (RaftStorageDirectory.java:tryLock(328)) - Lock on /workdir/hadoop-ozone/tools/target/test-dir/MiniOzoneClusterImpl-6d01f745-579a-4aef-b168-1b4d6e4a660d/datanode-2/data/ratis/ef5ebef8-0696-4d93-b989-fa41a136936e/in_use.lock acquired by nodename 17968@pr-hdds-1569-wvzgm-824869521
2019-09-26 11:03:54,541 [pool-47-thread-1] INFO  storage.RaftStorage (RaftStorage.java:format(72)) - Storage directory /workdir/hadoop-ozone/tools/target/test-dir/MiniOzoneClusterImpl-6d01f745-579a-4aef-b168-1b4d6e4a660d/datanode-2/data/ratis/ef5ebef8-0696-4d93-b989-fa41a136936e has been successfully formatted.
2019-09-26 11:03:54,542 [pool-47-thread-1] INFO  ratis.ContainerStateMachine (ContainerStateMachine.java:loadSnapshot(230)) - group-FA41A136936E: The snapshot info is null. Setting the last applied indexto:(t:0, i:~)
2019-09-26 11:03:54,542 [pool-47-thread-1] INFO  server.RaftServerConfigKeys (ConfUtils.java:logGet(43)) - raft.server.notification.no-leader.timeout = 120s (custom)
2019-09-26 11:03:54,542 [pool-47-thread-1] INFO  server.RaftServerConfigKeys (ConfUtils.java:logGet(43)) - raft.server.log.use.memory = false (default)
2019-09-26 11:03:54,542 [pool-47-thread-1] INFO  server.RaftServerConfigKeys (ConfUtils.java:logGet(43)) - raft.server.log.purge.gap = 1000000 (custom)
2019-09-26 11:03:54,543 [pool-47-thread-1] INFO  server.RaftServerConfigKeys (ConfUtils.java:logGet(43)) - raft.server.log.appender.buffer.byte-limit = 33554432 (custom)
2019-09-26 11:03:54,543 [pool-47-thread-1] INFO  server.RaftServerConfigKeys (ConfUtils.java:logGet(43)) - raft.server.log.segment.size.max = 1048576 (custom)
2019-09-26 11:03:54,543 [pool-47-thread-1] INFO  server.RaftServerConfigKeys (ConfUtils.java:logGet(43)) - raft.server.log.segment.cache.num.max = 2 (custom)
2019-09-26 11:03:54,543 [pool-47-thread-1] INFO  segmented.SegmentedRaftLogWorker (SegmentedRaftLogWorker.java:<init>(172)) - new 1745fe83-e03c-45fa-a055-fce326b8113e@group-FA41A136936E-SegmentedRaftLogWorker for RaftStorage:Storage Directory /workdir/hadoop-ozone/tools/target/test-dir/MiniOzoneClusterImpl-6d01f745-579a-4aef-b168-1b4d6e4a660d/datanode-2/data/ratis/ef5ebef8-0696-4d93-b989-fa41a136936e
2019-09-26 11:03:54,543 [pool-47-thread-1] INFO  server.RaftServerConfigKeys (ConfUtils.java:logGet(43)) - raft.server.log.queue.byte-limit = 2147483647 (custom)
2019-09-26 11:03:54,544 [pool-47-thread-1] INFO  server.RaftServerConfigKeys (ConfUtils.java:logGet(43)) - raft.server.log.queue.element-limit = 1024 (custom)
2019-09-26 11:03:54,544 [pool-47-thread-1] INFO  server.RaftServerConfigKeys (ConfUtils.java:logGet(43)) - raft.server.log.segment.size.max = 1048576 (custom)
2019-09-26 11:03:54,544 [pool-47-thread-1] INFO  server.RaftServerConfigKeys (ConfUtils.java:logGet(43)) - raft.server.log.preallocated.size = 16384 (custom)
2019-09-26 11:03:54,544 [pool-47-thread-1] INFO  server.RaftServerConfigKeys (ConfUtils.java:logGet(43)) - raft.server.log.write.buffer.size = 33554432 (custom)
2019-09-26 11:03:54,545 [pool-47-thread-1] INFO  server.RaftServerConfigKeys (ConfUtils.java:logGet(43)) - raft.server.log.force.sync.num = 128 (default)
2019-09-26 11:03:54,545 [pool-47-thread-1] INFO  server.RaftServerConfigKeys (ConfUtils.java:logGet(43)) - raft.server.log.statemachine.data.sync = true (default)
2019-09-26 11:03:54,545 [pool-47-thread-1] INFO  server.RaftServerConfigKeys (ConfUtils.java:logGet(43)) - raft.server.log.statemachine.data.sync.timeout = 10s (default)
2019-09-26 11:03:54,545 [pool-47-thread-1] INFO  server.RaftServerConfigKeys (ConfUtils.java:logGet(43)) - raft.server.log.statemachine.data.sync.timeout.retry = -1 (default)
2019-09-26 11:03:54,546 [pool-47-thread-1] INFO  server.RaftServerConfigKeys (ConfUtils.java:logGet(43)) - raft.server.log.statemachine.data.caching.enabled = true (custom)
2019-09-26 11:03:54,546 [pool-47-thread-1] INFO  segmented.SegmentedRaftLogWorker (SegmentedRaftLogWorker.java:lambda$new$0(132)) - 1745fe83-e03c-45fa-a055-fce326b8113e@group-FA41A136936E-SegmentedRaftLogWorker: flushIndex: setUnconditionally 0 -> -1
2019-09-26 11:03:54,546 [pool-47-thread-1] INFO  server.RaftServerConfigKeys (ConfUtils.java:logGet(43)) - raft.server.snapshot.auto.trigger.enabled = true (custom)
2019-09-26 11:03:54,547 [pool-47-thread-1] INFO  server.RaftServerConfigKeys (ConfUtils.java:logGet(43)) - raft.server.snapshot.auto.trigger.threshold = 10000 (custom)
2019-09-26 11:03:54,547 [pool-47-thread-1] INFO  server.RaftServerConfigKeys (ConfUtils.java:logGet(43)) - raft.server.snapshot.retention.num.files = 5 (custom)
2019-09-26 11:03:54,547 [pool-47-thread-1] INFO  server.RaftServerConfigKeys (ConfUtils.java:logGet(43)) - raft.server.retrycache.expirytime = 600000ms (custom)
2019-09-26 11:03:54,552 [pool-47-thread-1] INFO  impl.RaftServerImpl (RaftServerImpl.java:start(185)) - 1745fe83-e03c-45fa-a055-fce326b8113e@group-FA41A136936E: start as a follower, conf=-1: [1745fe83-e03c-45fa-a055-fce326b8113e:192.168.30.13:37183], old=null
2019-09-26 11:03:54,552 [pool-47-thread-1] INFO  impl.RaftServerImpl (RaftServerImpl.java:setRole(174)) - 1745fe83-e03c-45fa-a055-fce326b8113e@group-FA41A136936E: changes role from      null to FOLLOWER at term 0 for startAsFollower
2019-09-26 11:03:54,552 [pool-47-thread-1] INFO  impl.RoleInfo (RoleInfo.java:updateAndGet(143)) - 1745fe83-e03c-45fa-a055-fce326b8113e: start FollowerState
2019-09-26 11:03:54,552 [pool-47-thread-1] INFO  util.JmxRegister (JmxRegister.java:tryRegister(44)) - Successfully registered JMX Bean with object name Ratis:service=RaftServer,group=group-FA41A136936E,id=1745fe83-e03c-45fa-a055-fce326b8113e
2019-09-26 11:03:54,562 [RatisPipelineUtilsThread] INFO  pipeline.PipelineStateManager (PipelineStateManager.java:addPipeline(56)) - Created pipeline Pipeline[ Id: ef5ebef8-0696-4d93-b989-fa41a136936e, Nodes: 1745fe83-e03c-45fa-a055-fce326b8113e{ip: 192.168.30.13, host: pr-hdds-1569-wvzgm-824869521, networkLocation: /default-rack, certSerialId: null}, Type:RATIS, Factor:ONE, State:OPEN]
2019-09-26 11:03:54,562 [RatisPipelineUtilsThread] INFO  pipeline.PipelinePlacementPolicy (PipelinePlacementPolicy.java:meetCriteria(91)) - Pipeline Placement: can't place more pipeline on heavy datanode： 1745fe83-e03c-45fa-a055-fce326b8113e Heaviness: 6 limit: 5
2019-09-26 11:03:54,574 [grpc-default-executor-0] INFO  impl.RaftServerProxy (RaftServerProxy.java:addNew(89)) - e958bcc3-6e58-4a42-8cec-6068de8a50c7: addNew group-219F2C835E84:[e958bcc3-6e58-4a42-8cec-6068de8a50c7:192.168.30.13:44994] returns group-219F2C835E84:java.util.concurrent.CompletableFuture@1dabac5a[Not completed]
2019-09-26 11:03:54,577 [pool-27-thread-1] INFO  impl.RaftServerImpl (RaftServerImpl.java:<init>(95)) - e958bcc3-6e58-4a42-8cec-6068de8a50c7: new RaftServerImpl for group-219F2C835E84:[e958bcc3-6e58-4a42-8cec-6068de8a50c7:192.168.30.13:44994] with ContainerStateMachine:uninitialized
2019-09-26 11:03:54,578 [pool-27-thread-1] INFO  server.RaftServerConfigKeys (ConfUtils.java:logGet(43)) - raft.server.rpc.timeout.min = 5s (custom)
2019-09-26 11:03:54,578 [pool-27-thread-1] INFO  server.RaftServerConfigKeys (ConfUtils.java:logGet(43)) - raft.server.rpc.timeout.max = 5200ms (custom)
2019-09-26 11:03:54,578 [pool-27-thread-1] INFO  server.RaftServerConfigKeys (ConfUtils.java:logGet(43)) - raft.server.rpcslowness.timeout = 120s (custom)
2019-09-26 11:03:54,578 [pool-27-thread-1] INFO  server.RaftServerConfigKeys (ConfUtils.java:logGet(43)) - raft.server.sleep.deviation.threshold = 300 (default)
2019-09-26 11:03:54,578 [pool-27-thread-1] INFO  server.RaftServerConfigKeys (ConfUtils.java:logGet(43)) - raft.server.log.appender.install.snapshot.enabled = false (custom)
2019-09-26 11:03:54,579 [pool-27-thread-1] INFO  impl.RaftServerImpl (ServerState.java:<init>(103)) - e958bcc3-6e58-4a42-8cec-6068de8a50c7@group-219F2C835E84: ConfigurationManager, init=-1: [e958bcc3-6e58-4a42-8cec-6068de8a50c7:192.168.30.13:44994], old=null, confs=<EMPTY_MAP>
2019-09-26 11:03:54,579 [pool-27-thread-1] INFO  server.RaftServerConfigKeys (ConfUtils.java:logGet(43)) - raft.server.storage.dir = [/workdir/hadoop-ozone/tools/target/test-dir/MiniOzoneClusterImpl-6d01f745-579a-4aef-b168-1b4d6e4a660d/datanode-0/data/ratis] (custom)
2019-09-26 11:03:54,579 [pool-27-thread-1] INFO  storage.RaftStorageDirectory (RaftStorageDirectory.java:analyzeStorage(246)) - The storage directory /workdir/hadoop-ozone/tools/target/test-dir/MiniOzoneClusterImpl-6d01f745-579a-4aef-b168-1b4d6e4a660d/datanode-0/data/ratis/f5d6d4d9-1ac9-4e20-8a05-219f2c835e84 does not exist. Creating ...
2019-09-26 11:03:54,592 [pool-27-thread-1] INFO  storage.RaftStorageDirectory (RaftStorageDirectory.java:tryLock(328)) - Lock on /workdir/hadoop-ozone/tools/target/test-dir/MiniOzoneClusterImpl-6d01f745-579a-4aef-b168-1b4d6e4a660d/datanode-0/data/ratis/f5d6d4d9-1ac9-4e20-8a05-219f2c835e84/in_use.lock acquired by nodename 17968@pr-hdds-1569-wvzgm-824869521
2019-09-26 11:03:54,605 [pool-27-thread-1] INFO  storage.RaftStorage (RaftStorage.java:format(72)) - Storage directory /workdir/hadoop-ozone/tools/target/test-dir/MiniOzoneClusterImpl-6d01f745-579a-4aef-b168-1b4d6e4a660d/datanode-0/data/ratis/f5d6d4d9-1ac9-4e20-8a05-219f2c835e84 has been successfully formatted.
2019-09-26 11:03:54,605 [pool-27-thread-1] INFO  ratis.ContainerStateMachine (ContainerStateMachine.java:loadSnapshot(230)) - group-219F2C835E84: The snapshot info is null. Setting the last applied indexto:(t:0, i:~)
2019-09-26 11:03:54,606 [pool-27-thread-1] INFO  server.RaftServerConfigKeys (ConfUtils.java:logGet(43)) - raft.server.notification.no-leader.timeout = 120s (custom)
2019-09-26 11:03:54,606 [pool-27-thread-1] INFO  server.RaftServerConfigKeys (ConfUtils.java:logGet(43)) - raft.server.log.use.memory = false (default)
2019-09-26 11:03:54,606 [pool-27-thread-1] INFO  server.RaftServerConfigKeys (ConfUtils.java:logGet(43)) - raft.server.log.purge.gap = 1000000 (custom)
2019-09-26 11:03:54,606 [pool-27-thread-1] INFO  server.RaftServerConfigKeys (ConfUtils.java:logGet(43)) - raft.server.log.appender.buffer.byte-limit = 33554432 (custom)
2019-09-26 11:03:54,606 [pool-27-thread-1] INFO  server.RaftServerConfigKeys (ConfUtils.java:logGet(43)) - raft.server.log.segment.size.max = 1048576 (custom)
2019-09-26 11:03:54,607 [pool-27-thread-1] INFO  server.RaftServerConfigKeys (ConfUtils.java:logGet(43)) - raft.server.log.segment.cache.num.max = 2 (custom)
2019-09-26 11:03:54,607 [pool-27-thread-1] INFO  segmented.SegmentedRaftLogWorker (SegmentedRaftLogWorker.java:<init>(172)) - new e958bcc3-6e58-4a42-8cec-6068de8a50c7@group-219F2C835E84-SegmentedRaftLogWorker for RaftStorage:Storage Directory /workdir/hadoop-ozone/tools/target/test-dir/MiniOzoneClusterImpl-6d01f745-579a-4aef-b168-1b4d6e4a660d/datanode-0/data/ratis/f5d6d4d9-1ac9-4e20-8a05-219f2c835e84
2019-09-26 11:03:54,607 [pool-27-thread-1] INFO  server.RaftServerConfigKeys (ConfUtils.java:logGet(43)) - raft.server.log.queue.byte-limit = 2147483647 (custom)
2019-09-26 11:03:54,607 [pool-27-thread-1] INFO  server.RaftServerConfigKeys (ConfUtils.java:logGet(43)) - raft.server.log.queue.element-limit = 1024 (custom)
2019-09-26 11:03:54,607 [pool-27-thread-1] INFO  server.RaftServerConfigKeys (ConfUtils.java:logGet(43)) - raft.server.log.segment.size.max = 1048576 (custom)
2019-09-26 11:03:54,607 [pool-27-thread-1] INFO  server.RaftServerConfigKeys (ConfUtils.java:logGet(43)) - raft.server.log.preallocated.size = 16384 (custom)
2019-09-26 11:03:54,608 [pool-27-thread-1] INFO  server.RaftServerConfigKeys (ConfUtils.java:logGet(43)) - raft.server.log.write.buffer.size = 33554432 (custom)
2019-09-26 11:03:54,608 [pool-27-thread-1] INFO  server.RaftServerConfigKeys (ConfUtils.java:logGet(43)) - raft.server.log.force.sync.num = 128 (default)
2019-09-26 11:03:54,608 [pool-27-thread-1] INFO  server.RaftServerConfigKeys (ConfUtils.java:logGet(43)) - raft.server.log.statemachine.data.sync = true (default)
2019-09-26 11:03:54,608 [pool-27-thread-1] INFO  server.RaftServerConfigKeys (ConfUtils.java:logGet(43)) - raft.server.log.statemachine.data.sync.timeout = 10s (default)
2019-09-26 11:03:54,608 [pool-27-thread-1] INFO  server.RaftServerConfigKeys (ConfUtils.java:logGet(43)) - raft.server.log.statemachine.data.sync.timeout.retry = -1 (default)
2019-09-26 11:03:54,609 [pool-27-thread-1] INFO  server.RaftServerConfigKeys (ConfUtils.java:logGet(43)) - raft.server.log.statemachine.data.caching.enabled = true (custom)
2019-09-26 11:03:54,609 [pool-27-thread-1] INFO  segmented.SegmentedRaftLogWorker (SegmentedRaftLogWorker.java:lambda$new$0(132)) - e958bcc3-6e58-4a42-8cec-6068de8a50c7@group-219F2C835E84-SegmentedRaftLogWorker: flushIndex: setUnconditionally 0 -> -1
2019-09-26 11:03:54,610 [pool-27-thread-1] INFO  server.RaftServerConfigKeys (ConfUtils.java:logGet(43)) - raft.server.snapshot.auto.trigger.enabled = true (custom)
2019-09-26 11:03:54,610 [pool-27-thread-1] INFO  server.RaftServerConfigKeys (ConfUtils.java:logGet(43)) - raft.server.snapshot.auto.trigger.threshold = 10000 (custom)
2019-09-26 11:03:54,611 [pool-27-thread-1] INFO  server.RaftServerConfigKeys (ConfUtils.java:logGet(43)) - raft.server.snapshot.retention.num.files = 5 (custom)
2019-09-26 11:03:54,611 [pool-27-thread-1] INFO  server.RaftServerConfigKeys (ConfUtils.java:logGet(43)) - raft.server.retrycache.expirytime = 600000ms (custom)
2019-09-26 11:03:54,614 [pool-27-thread-1] INFO  impl.RaftServerImpl (RaftServerImpl.java:start(185)) - e958bcc3-6e58-4a42-8cec-6068de8a50c7@group-219F2C835E84: start as a follower, conf=-1: [e958bcc3-6e58-4a42-8cec-6068de8a50c7:192.168.30.13:44994], old=null
2019-09-26 11:03:54,614 [pool-27-thread-1] INFO  impl.RaftServerImpl (RaftServerImpl.java:setRole(174)) - e958bcc3-6e58-4a42-8cec-6068de8a50c7@group-219F2C835E84: changes role from      null to FOLLOWER at term 0 for startAsFollower
2019-09-26 11:03:54,614 [pool-27-thread-1] INFO  impl.RoleInfo (RoleInfo.java:updateAndGet(143)) - e958bcc3-6e58-4a42-8cec-6068de8a50c7: start FollowerState
2019-09-26 11:03:54,615 [pool-27-thread-1] INFO  util.JmxRegister (JmxRegister.java:tryRegister(44)) - Successfully registered JMX Bean with object name Ratis:service=RaftServer,group=group-219F2C835E84,id=e958bcc3-6e58-4a42-8cec-6068de8a50c7
2019-09-26 11:03:54,631 [RatisPipelineUtilsThread] INFO  pipeline.PipelineStateManager (PipelineStateManager.java:addPipeline(56)) - Created pipeline Pipeline[ Id: f5d6d4d9-1ac9-4e20-8a05-219f2c835e84, Nodes: e958bcc3-6e58-4a42-8cec-6068de8a50c7{ip: 192.168.30.13, host: pr-hdds-1569-wvzgm-824869521, networkLocation: /default-rack, certSerialId: null}, Type:RATIS, Factor:ONE, State:OPEN]
2019-09-26 11:03:54,631 [RatisPipelineUtilsThread] INFO  pipeline.PipelinePlacementPolicy (PipelinePlacementPolicy.java:meetCriteria(91)) - Pipeline Placement: can't place more pipeline on heavy datanode： 1745fe83-e03c-45fa-a055-fce326b8113e Heaviness: 6 limit: 5
2019-09-26 11:03:54,642 [grpc-default-executor-0] INFO  impl.RaftServerProxy (RaftServerProxy.java:addNew(89)) - 0b4034a9-ca74-4b3f-a167-05c5f7dd3c4d: addNew group-2156A958BF65:[0b4034a9-ca74-4b3f-a167-05c5f7dd3c4d:192.168.30.13:33710] returns group-2156A958BF65:java.util.concurrent.CompletableFuture@7b065ee5[Not completed]
2019-09-26 11:03:54,643 [pool-37-thread-1] INFO  impl.RaftServerImpl (RaftServerImpl.java:<init>(95)) - 0b4034a9-ca74-4b3f-a167-05c5f7dd3c4d: new RaftServerImpl for group-2156A958BF65:[0b4034a9-ca74-4b3f-a167-05c5f7dd3c4d:192.168.30.13:33710] with ContainerStateMachine:uninitialized
2019-09-26 11:03:54,644 [pool-37-thread-1] INFO  server.RaftServerConfigKeys (ConfUtils.java:logGet(43)) - raft.server.rpc.timeout.min = 5s (custom)
2019-09-26 11:03:54,644 [pool-37-thread-1] INFO  server.RaftServerConfigKeys (ConfUtils.java:logGet(43)) - raft.server.rpc.timeout.max = 5200ms (custom)
2019-09-26 11:03:54,644 [pool-37-thread-1] INFO  server.RaftServerConfigKeys (ConfUtils.java:logGet(43)) - raft.server.rpcslowness.timeout = 120s (custom)
2019-09-26 11:03:54,645 [pool-37-thread-1] INFO  server.RaftServerConfigKeys (ConfUtils.java:logGet(43)) - raft.server.sleep.deviation.threshold = 300 (default)
2019-09-26 11:03:54,645 [pool-37-thread-1] INFO  server.RaftServerConfigKeys (ConfUtils.java:logGet(43)) - raft.server.log.appender.install.snapshot.enabled = false (custom)
2019-09-26 11:03:54,645 [pool-37-thread-1] INFO  impl.RaftServerImpl (ServerState.java:<init>(103)) - 0b4034a9-ca74-4b3f-a167-05c5f7dd3c4d@group-2156A958BF65: ConfigurationManager, init=-1: [0b4034a9-ca74-4b3f-a167-05c5f7dd3c4d:192.168.30.13:33710], old=null, confs=<EMPTY_MAP>
2019-09-26 11:03:54,645 [pool-37-thread-1] INFO  server.RaftServerConfigKeys (ConfUtils.java:logGet(43)) - raft.server.storage.dir = [/workdir/hadoop-ozone/tools/target/test-dir/MiniOzoneClusterImpl-6d01f745-579a-4aef-b168-1b4d6e4a660d/datanode-1/data/ratis] (custom)
2019-09-26 11:03:54,646 [pool-37-thread-1] INFO  storage.RaftStorageDirectory (RaftStorageDirectory.java:analyzeStorage(246)) - The storage directory /workdir/hadoop-ozone/tools/target/test-dir/MiniOzoneClusterImpl-6d01f745-579a-4aef-b168-1b4d6e4a660d/datanode-1/data/ratis/be5f9277-a583-4512-820a-2156a958bf65 does not exist. Creating ...
2019-09-26 11:03:54,671 [pool-37-thread-1] INFO  storage.RaftStorageDirectory (RaftStorageDirectory.java:tryLock(328)) - Lock on /workdir/hadoop-ozone/tools/target/test-dir/MiniOzoneClusterImpl-6d01f745-579a-4aef-b168-1b4d6e4a660d/datanode-1/data/ratis/be5f9277-a583-4512-820a-2156a958bf65/in_use.lock acquired by nodename 17968@pr-hdds-1569-wvzgm-824869521
2019-09-26 11:03:54,684 [pool-37-thread-1] INFO  storage.RaftStorage (RaftStorage.java:format(72)) - Storage directory /workdir/hadoop-ozone/tools/target/test-dir/MiniOzoneClusterImpl-6d01f745-579a-4aef-b168-1b4d6e4a660d/datanode-1/data/ratis/be5f9277-a583-4512-820a-2156a958bf65 has been successfully formatted.
2019-09-26 11:03:54,684 [pool-37-thread-1] INFO  ratis.ContainerStateMachine (ContainerStateMachine.java:loadSnapshot(230)) - group-2156A958BF65: The snapshot info is null. Setting the last applied indexto:(t:0, i:~)
2019-09-26 11:03:54,684 [pool-37-thread-1] INFO  server.RaftServerConfigKeys (ConfUtils.java:logGet(43)) - raft.server.notification.no-leader.timeout = 120s (custom)
2019-09-26 11:03:54,685 [pool-37-thread-1] INFO  server.RaftServerConfigKeys (ConfUtils.java:logGet(43)) - raft.server.log.use.memory = false (default)
2019-09-26 11:03:54,685 [pool-37-thread-1] INFO  server.RaftServerConfigKeys (ConfUtils.java:logGet(43)) - raft.server.log.purge.gap = 1000000 (custom)
2019-09-26 11:03:54,685 [pool-37-thread-1] INFO  server.RaftServerConfigKeys (ConfUtils.java:logGet(43)) - raft.server.log.appender.buffer.byte-limit = 33554432 (custom)
2019-09-26 11:03:54,685 [pool-37-thread-1] INFO  server.RaftServerConfigKeys (ConfUtils.java:logGet(43)) - raft.server.log.segment.size.max = 1048576 (custom)
2019-09-26 11:03:54,685 [pool-37-thread-1] INFO  server.RaftServerConfigKeys (ConfUtils.java:logGet(43)) - raft.server.log.segment.cache.num.max = 2 (custom)
2019-09-26 11:03:54,686 [pool-37-thread-1] INFO  segmented.SegmentedRaftLogWorker (SegmentedRaftLogWorker.java:<init>(172)) - new 0b4034a9-ca74-4b3f-a167-05c5f7dd3c4d@group-2156A958BF65-SegmentedRaftLogWorker for RaftStorage:Storage Directory /workdir/hadoop-ozone/tools/target/test-dir/MiniOzoneClusterImpl-6d01f745-579a-4aef-b168-1b4d6e4a660d/datanode-1/data/ratis/be5f9277-a583-4512-820a-2156a958bf65
2019-09-26 11:03:54,686 [pool-37-thread-1] INFO  server.RaftServerConfigKeys (ConfUtils.java:logGet(43)) - raft.server.log.queue.byte-limit = 2147483647 (custom)
2019-09-26 11:03:54,686 [pool-37-thread-1] INFO  server.RaftServerConfigKeys (ConfUtils.java:logGet(43)) - raft.server.log.queue.element-limit = 1024 (custom)
2019-09-26 11:03:54,686 [pool-37-thread-1] INFO  server.RaftServerConfigKeys (ConfUtils.java:logGet(43)) - raft.server.log.segment.size.max = 1048576 (custom)
2019-09-26 11:03:54,686 [pool-37-thread-1] INFO  server.RaftServerConfigKeys (ConfUtils.java:logGet(43)) - raft.server.log.preallocated.size = 16384 (custom)
2019-09-26 11:03:54,686 [pool-37-thread-1] INFO  server.RaftServerConfigKeys (ConfUtils.java:logGet(43)) - raft.server.log.write.buffer.size = 33554432 (custom)
2019-09-26 11:03:54,687 [pool-37-thread-1] INFO  server.RaftServerConfigKeys (ConfUtils.java:logGet(43)) - raft.server.log.force.sync.num = 128 (default)
2019-09-26 11:03:54,687 [pool-37-thread-1] INFO  server.RaftServerConfigKeys (ConfUtils.java:logGet(43)) - raft.server.log.statemachine.data.sync = true (default)
2019-09-26 11:03:54,687 [pool-37-thread-1] INFO  server.RaftServerConfigKeys (ConfUtils.java:logGet(43)) - raft.server.log.statemachine.data.sync.timeout = 10s (default)
2019-09-26 11:03:54,687 [pool-37-thread-1] INFO  server.RaftServerConfigKeys (ConfUtils.java:logGet(43)) - raft.server.log.statemachine.data.sync.timeout.retry = -1 (default)
2019-09-26 11:03:54,687 [pool-37-thread-1] INFO  server.RaftServerConfigKeys (ConfUtils.java:logGet(43)) - raft.server.log.statemachine.data.caching.enabled = true (custom)
2019-09-26 11:03:54,688 [pool-37-thread-1] INFO  segmented.SegmentedRaftLogWorker (SegmentedRaftLogWorker.java:lambda$new$0(132)) - 0b4034a9-ca74-4b3f-a167-05c5f7dd3c4d@group-2156A958BF65-SegmentedRaftLogWorker: flushIndex: setUnconditionally 0 -> -1
2019-09-26 11:03:54,688 [pool-37-thread-1] INFO  server.RaftServerConfigKeys (ConfUtils.java:logGet(43)) - raft.server.snapshot.auto.trigger.enabled = true (custom)
2019-09-26 11:03:54,688 [pool-37-thread-1] INFO  server.RaftServerConfigKeys (ConfUtils.java:logGet(43)) - raft.server.snapshot.auto.trigger.threshold = 10000 (custom)
2019-09-26 11:03:54,689 [pool-37-thread-1] INFO  server.RaftServerConfigKeys (ConfUtils.java:logGet(43)) - raft.server.snapshot.retention.num.files = 5 (custom)
2019-09-26 11:03:54,689 [pool-37-thread-1] INFO  server.RaftServerConfigKeys (ConfUtils.java:logGet(43)) - raft.server.retrycache.expirytime = 600000ms (custom)
2019-09-26 11:03:54,692 [pool-37-thread-1] INFO  impl.RaftServerImpl (RaftServerImpl.java:start(185)) - 0b4034a9-ca74-4b3f-a167-05c5f7dd3c4d@group-2156A958BF65: start as a follower, conf=-1: [0b4034a9-ca74-4b3f-a167-05c5f7dd3c4d:192.168.30.13:33710], old=null
2019-09-26 11:03:54,692 [pool-37-thread-1] INFO  impl.RaftServerImpl (RaftServerImpl.java:setRole(174)) - 0b4034a9-ca74-4b3f-a167-05c5f7dd3c4d@group-2156A958BF65: changes role from      null to FOLLOWER at term 0 for startAsFollower
2019-09-26 11:03:54,692 [pool-37-thread-1] INFO  impl.RoleInfo (RoleInfo.java:updateAndGet(143)) - 0b4034a9-ca74-4b3f-a167-05c5f7dd3c4d: start FollowerState
2019-09-26 11:03:54,693 [pool-37-thread-1] INFO  util.JmxRegister (JmxRegister.java:tryRegister(44)) - Successfully registered JMX Bean with object name Ratis:service=RaftServer,group=group-2156A958BF65,id=0b4034a9-ca74-4b3f-a167-05c5f7dd3c4d
2019-09-26 11:03:54,700 [RatisPipelineUtilsThread] INFO  pipeline.PipelineStateManager (PipelineStateManager.java:addPipeline(56)) - Created pipeline Pipeline[ Id: be5f9277-a583-4512-820a-2156a958bf65, Nodes: 0b4034a9-ca74-4b3f-a167-05c5f7dd3c4d{ip: 192.168.30.13, host: pr-hdds-1569-wvzgm-824869521, networkLocation: /default-rack, certSerialId: null}, Type:RATIS, Factor:ONE, State:OPEN]
2019-09-26 11:03:54,700 [RatisPipelineUtilsThread] INFO  pipeline.PipelinePlacementPolicy (PipelinePlacementPolicy.java:meetCriteria(91)) - Pipeline Placement: can't place more pipeline on heavy datanode： 1745fe83-e03c-45fa-a055-fce326b8113e Heaviness: 6 limit: 5
2019-09-26 11:03:54,712 [grpc-default-executor-0] INFO  impl.RaftServerProxy (RaftServerProxy.java:addNew(89)) - e958bcc3-6e58-4a42-8cec-6068de8a50c7: addNew group-7E3A09C43C0F:[e958bcc3-6e58-4a42-8cec-6068de8a50c7:192.168.30.13:44994] returns group-7E3A09C43C0F:java.util.concurrent.CompletableFuture@6bc86eb6[Not completed]
2019-09-26 11:03:54,713 [pool-27-thread-1] INFO  impl.RaftServerImpl (RaftServerImpl.java:<init>(95)) - e958bcc3-6e58-4a42-8cec-6068de8a50c7: new RaftServerImpl for group-7E3A09C43C0F:[e958bcc3-6e58-4a42-8cec-6068de8a50c7:192.168.30.13:44994] with ContainerStateMachine:uninitialized
2019-09-26 11:03:54,714 [pool-27-thread-1] INFO  server.RaftServerConfigKeys (ConfUtils.java:logGet(43)) - raft.server.rpc.timeout.min = 5s (custom)
2019-09-26 11:03:54,715 [pool-27-thread-1] INFO  server.RaftServerConfigKeys (ConfUtils.java:logGet(43)) - raft.server.rpc.timeout.max = 5200ms (custom)
2019-09-26 11:03:54,715 [pool-27-thread-1] INFO  server.RaftServerConfigKeys (ConfUtils.java:logGet(43)) - raft.server.rpcslowness.timeout = 120s (custom)
2019-09-26 11:03:54,715 [pool-27-thread-1] INFO  server.RaftServerConfigKeys (ConfUtils.java:logGet(43)) - raft.server.sleep.deviation.threshold = 300 (default)
2019-09-26 11:03:54,716 [pool-27-thread-1] INFO  server.RaftServerConfigKeys (ConfUtils.java:logGet(43)) - raft.server.log.appender.install.snapshot.enabled = false (custom)
2019-09-26 11:03:54,716 [pool-27-thread-1] INFO  impl.RaftServerImpl (ServerState.java:<init>(103)) - e958bcc3-6e58-4a42-8cec-6068de8a50c7@group-7E3A09C43C0F: ConfigurationManager, init=-1: [e958bcc3-6e58-4a42-8cec-6068de8a50c7:192.168.30.13:44994], old=null, confs=<EMPTY_MAP>
2019-09-26 11:03:54,716 [pool-27-thread-1] INFO  server.RaftServerConfigKeys (ConfUtils.java:logGet(43)) - raft.server.storage.dir = [/workdir/hadoop-ozone/tools/target/test-dir/MiniOzoneClusterImpl-6d01f745-579a-4aef-b168-1b4d6e4a660d/datanode-0/data/ratis] (custom)
2019-09-26 11:03:54,717 [pool-27-thread-1] INFO  storage.RaftStorageDirectory (RaftStorageDirectory.java:analyzeStorage(246)) - The storage directory /workdir/hadoop-ozone/tools/target/test-dir/MiniOzoneClusterImpl-6d01f745-579a-4aef-b168-1b4d6e4a660d/datanode-0/data/ratis/c6f860ea-cc45-4ce6-9a5d-7e3a09c43c0f does not exist. Creating ...
2019-09-26 11:03:54,749 [pool-27-thread-1] INFO  storage.RaftStorageDirectory (RaftStorageDirectory.java:tryLock(328)) - Lock on /workdir/hadoop-ozone/tools/target/test-dir/MiniOzoneClusterImpl-6d01f745-579a-4aef-b168-1b4d6e4a660d/datanode-0/data/ratis/c6f860ea-cc45-4ce6-9a5d-7e3a09c43c0f/in_use.lock acquired by nodename 17968@pr-hdds-1569-wvzgm-824869521
2019-09-26 11:03:54,762 [pool-27-thread-1] INFO  storage.RaftStorage (RaftStorage.java:format(72)) - Storage directory /workdir/hadoop-ozone/tools/target/test-dir/MiniOzoneClusterImpl-6d01f745-579a-4aef-b168-1b4d6e4a660d/datanode-0/data/ratis/c6f860ea-cc45-4ce6-9a5d-7e3a09c43c0f has been successfully formatted.
2019-09-26 11:03:54,763 [pool-27-thread-1] INFO  ratis.ContainerStateMachine (ContainerStateMachine.java:loadSnapshot(230)) - group-7E3A09C43C0F: The snapshot info is null. Setting the last applied indexto:(t:0, i:~)
2019-09-26 11:03:54,763 [pool-27-thread-1] INFO  server.RaftServerConfigKeys (ConfUtils.java:logGet(43)) - raft.server.notification.no-leader.timeout = 120s (custom)
2019-09-26 11:03:54,763 [pool-27-thread-1] INFO  server.RaftServerConfigKeys (ConfUtils.java:logGet(43)) - raft.server.log.use.memory = false (default)
2019-09-26 11:03:54,763 [pool-27-thread-1] INFO  server.RaftServerConfigKeys (ConfUtils.java:logGet(43)) - raft.server.log.purge.gap = 1000000 (custom)
2019-09-26 11:03:54,763 [pool-27-thread-1] INFO  server.RaftServerConfigKeys (ConfUtils.java:logGet(43)) - raft.server.log.appender.buffer.byte-limit = 33554432 (custom)
2019-09-26 11:03:54,763 [pool-27-thread-1] INFO  server.RaftServerConfigKeys (ConfUtils.java:logGet(43)) - raft.server.log.segment.size.max = 1048576 (custom)
2019-09-26 11:03:54,764 [pool-27-thread-1] INFO  server.RaftServerConfigKeys (ConfUtils.java:logGet(43)) - raft.server.log.segment.cache.num.max = 2 (custom)
2019-09-26 11:03:54,764 [pool-27-thread-1] INFO  segmented.SegmentedRaftLogWorker (SegmentedRaftLogWorker.java:<init>(172)) - new e958bcc3-6e58-4a42-8cec-6068de8a50c7@group-7E3A09C43C0F-SegmentedRaftLogWorker for RaftStorage:Storage Directory /workdir/hadoop-ozone/tools/target/test-dir/MiniOzoneClusterImpl-6d01f745-579a-4aef-b168-1b4d6e4a660d/datanode-0/data/ratis/c6f860ea-cc45-4ce6-9a5d-7e3a09c43c0f
2019-09-26 11:03:54,764 [pool-27-thread-1] INFO  server.RaftServerConfigKeys (ConfUtils.java:logGet(43)) - raft.server.log.queue.byte-limit = 2147483647 (custom)
2019-09-26 11:03:54,764 [pool-27-thread-1] INFO  server.RaftServerConfigKeys (ConfUtils.java:logGet(43)) - raft.server.log.queue.element-limit = 1024 (custom)
2019-09-26 11:03:54,764 [pool-27-thread-1] INFO  server.RaftServerConfigKeys (ConfUtils.java:logGet(43)) - raft.server.log.segment.size.max = 1048576 (custom)
2019-09-26 11:03:54,764 [pool-27-thread-1] INFO  server.RaftServerConfigKeys (ConfUtils.java:logGet(43)) - raft.server.log.preallocated.size = 16384 (custom)
2019-09-26 11:03:54,765 [pool-27-thread-1] INFO  server.RaftServerConfigKeys (ConfUtils.java:logGet(43)) - raft.server.log.write.buffer.size = 33554432 (custom)
2019-09-26 11:03:54,765 [pool-27-thread-1] INFO  server.RaftServerConfigKeys (ConfUtils.java:logGet(43)) - raft.server.log.force.sync.num = 128 (default)
2019-09-26 11:03:54,765 [pool-27-thread-1] INFO  server.RaftServerConfigKeys (ConfUtils.java:logGet(43)) - raft.server.log.statemachine.data.sync = true (default)
2019-09-26 11:03:54,765 [pool-27-thread-1] INFO  server.RaftServerConfigKeys (ConfUtils.java:logGet(43)) - raft.server.log.statemachine.data.sync.timeout = 10s (default)
2019-09-26 11:03:54,765 [pool-27-thread-1] INFO  server.RaftServerConfigKeys (ConfUtils.java:logGet(43)) - raft.server.log.statemachine.data.sync.timeout.retry = -1 (default)
2019-09-26 11:03:54,766 [pool-27-thread-1] INFO  server.RaftServerConfigKeys (ConfUtils.java:logGet(43)) - raft.server.log.statemachine.data.caching.enabled = true (custom)
2019-09-26 11:03:54,766 [pool-27-thread-1] INFO  segmented.SegmentedRaftLogWorker (SegmentedRaftLogWorker.java:lambda$new$0(132)) - e958bcc3-6e58-4a42-8cec-6068de8a50c7@group-7E3A09C43C0F-SegmentedRaftLogWorker: flushIndex: setUnconditionally 0 -> -1
2019-09-26 11:03:54,766 [pool-27-thread-1] INFO  server.RaftServerConfigKeys (ConfUtils.java:logGet(43)) - raft.server.snapshot.auto.trigger.enabled = true (custom)
2019-09-26 11:03:54,766 [pool-27-thread-1] INFO  server.RaftServerConfigKeys (ConfUtils.java:logGet(43)) - raft.server.snapshot.auto.trigger.threshold = 10000 (custom)
2019-09-26 11:03:54,767 [pool-27-thread-1] INFO  server.RaftServerConfigKeys (ConfUtils.java:logGet(43)) - raft.server.snapshot.retention.num.files = 5 (custom)
2019-09-26 11:03:54,767 [pool-27-thread-1] INFO  server.RaftServerConfigKeys (ConfUtils.java:logGet(43)) - raft.server.retrycache.expirytime = 600000ms (custom)
2019-09-26 11:03:54,769 [pool-27-thread-1] INFO  impl.RaftServerImpl (RaftServerImpl.java:start(185)) - e958bcc3-6e58-4a42-8cec-6068de8a50c7@group-7E3A09C43C0F: start as a follower, conf=-1: [e958bcc3-6e58-4a42-8cec-6068de8a50c7:192.168.30.13:44994], old=null
2019-09-26 11:03:54,770 [pool-27-thread-1] INFO  impl.RaftServerImpl (RaftServerImpl.java:setRole(174)) - e958bcc3-6e58-4a42-8cec-6068de8a50c7@group-7E3A09C43C0F: changes role from      null to FOLLOWER at term 0 for startAsFollower
2019-09-26 11:03:54,770 [pool-27-thread-1] INFO  impl.RoleInfo (RoleInfo.java:updateAndGet(143)) - e958bcc3-6e58-4a42-8cec-6068de8a50c7: start FollowerState
2019-09-26 11:03:54,770 [pool-27-thread-1] INFO  util.JmxRegister (JmxRegister.java:tryRegister(44)) - Successfully registered JMX Bean with object name Ratis:service=RaftServer,group=group-7E3A09C43C0F,id=e958bcc3-6e58-4a42-8cec-6068de8a50c7
2019-09-26 11:03:54,778 [RatisPipelineUtilsThread] INFO  pipeline.PipelineStateManager (PipelineStateManager.java:addPipeline(56)) - Created pipeline Pipeline[ Id: c6f860ea-cc45-4ce6-9a5d-7e3a09c43c0f, Nodes: e958bcc3-6e58-4a42-8cec-6068de8a50c7{ip: 192.168.30.13, host: pr-hdds-1569-wvzgm-824869521, networkLocation: /default-rack, certSerialId: null}, Type:RATIS, Factor:ONE, State:OPEN]
2019-09-26 11:03:54,778 [RatisPipelineUtilsThread] INFO  pipeline.PipelinePlacementPolicy (PipelinePlacementPolicy.java:meetCriteria(91)) - Pipeline Placement: can't place more pipeline on heavy datanode： 1745fe83-e03c-45fa-a055-fce326b8113e Heaviness: 6 limit: 5
2019-09-26 11:03:54,793 [grpc-default-executor-0] INFO  impl.RaftServerProxy (RaftServerProxy.java:addNew(89)) - 0b4034a9-ca74-4b3f-a167-05c5f7dd3c4d: addNew group-9737B29726BB:[0b4034a9-ca74-4b3f-a167-05c5f7dd3c4d:192.168.30.13:33710] returns group-9737B29726BB:java.util.concurrent.CompletableFuture@35c218dc[Not completed]
2019-09-26 11:03:54,795 [pool-37-thread-1] INFO  impl.RaftServerImpl (RaftServerImpl.java:<init>(95)) - 0b4034a9-ca74-4b3f-a167-05c5f7dd3c4d: new RaftServerImpl for group-9737B29726BB:[0b4034a9-ca74-4b3f-a167-05c5f7dd3c4d:192.168.30.13:33710] with ContainerStateMachine:uninitialized
2019-09-26 11:03:54,795 [pool-37-thread-1] INFO  server.RaftServerConfigKeys (ConfUtils.java:logGet(43)) - raft.server.rpc.timeout.min = 5s (custom)
2019-09-26 11:03:54,795 [pool-37-thread-1] INFO  server.RaftServerConfigKeys (ConfUtils.java:logGet(43)) - raft.server.rpc.timeout.max = 5200ms (custom)
2019-09-26 11:03:54,795 [pool-37-thread-1] INFO  server.RaftServerConfigKeys (ConfUtils.java:logGet(43)) - raft.server.rpcslowness.timeout = 120s (custom)
2019-09-26 11:03:54,796 [pool-37-thread-1] INFO  server.RaftServerConfigKeys (ConfUtils.java:logGet(43)) - raft.server.sleep.deviation.threshold = 300 (default)
2019-09-26 11:03:54,796 [pool-37-thread-1] INFO  server.RaftServerConfigKeys (ConfUtils.java:logGet(43)) - raft.server.log.appender.install.snapshot.enabled = false (custom)
2019-09-26 11:03:54,796 [pool-37-thread-1] INFO  impl.RaftServerImpl (ServerState.java:<init>(103)) - 0b4034a9-ca74-4b3f-a167-05c5f7dd3c4d@group-9737B29726BB: ConfigurationManager, init=-1: [0b4034a9-ca74-4b3f-a167-05c5f7dd3c4d:192.168.30.13:33710], old=null, confs=<EMPTY_MAP>
2019-09-26 11:03:54,796 [pool-37-thread-1] INFO  server.RaftServerConfigKeys (ConfUtils.java:logGet(43)) - raft.server.storage.dir = [/workdir/hadoop-ozone/tools/target/test-dir/MiniOzoneClusterImpl-6d01f745-579a-4aef-b168-1b4d6e4a660d/datanode-1/data/ratis] (custom)
2019-09-26 11:03:54,796 [pool-37-thread-1] INFO  storage.RaftStorageDirectory (RaftStorageDirectory.java:analyzeStorage(246)) - The storage directory /workdir/hadoop-ozone/tools/target/test-dir/MiniOzoneClusterImpl-6d01f745-579a-4aef-b168-1b4d6e4a660d/datanode-1/data/ratis/9f2c1f65-0e28-4eaf-91ce-9737b29726bb does not exist. Creating ...
2019-09-26 11:03:54,821 [pool-37-thread-1] INFO  storage.RaftStorageDirectory (RaftStorageDirectory.java:tryLock(328)) - Lock on /workdir/hadoop-ozone/tools/target/test-dir/MiniOzoneClusterImpl-6d01f745-579a-4aef-b168-1b4d6e4a660d/datanode-1/data/ratis/9f2c1f65-0e28-4eaf-91ce-9737b29726bb/in_use.lock acquired by nodename 17968@pr-hdds-1569-wvzgm-824869521
2019-09-26 11:03:54,834 [pool-37-thread-1] INFO  storage.RaftStorage (RaftStorage.java:format(72)) - Storage directory /workdir/hadoop-ozone/tools/target/test-dir/MiniOzoneClusterImpl-6d01f745-579a-4aef-b168-1b4d6e4a660d/datanode-1/data/ratis/9f2c1f65-0e28-4eaf-91ce-9737b29726bb has been successfully formatted.
2019-09-26 11:03:54,834 [pool-37-thread-1] INFO  ratis.ContainerStateMachine (ContainerStateMachine.java:loadSnapshot(230)) - group-9737B29726BB: The snapshot info is null. Setting the last applied indexto:(t:0, i:~)
2019-09-26 11:03:54,834 [pool-37-thread-1] INFO  server.RaftServerConfigKeys (ConfUtils.java:logGet(43)) - raft.server.notification.no-leader.timeout = 120s (custom)
2019-09-26 11:03:54,834 [pool-37-thread-1] INFO  server.RaftServerConfigKeys (ConfUtils.java:logGet(43)) - raft.server.log.use.memory = false (default)
2019-09-26 11:03:54,834 [pool-37-thread-1] INFO  server.RaftServerConfigKeys (ConfUtils.java:logGet(43)) - raft.server.log.purge.gap = 1000000 (custom)
2019-09-26 11:03:54,835 [pool-37-thread-1] INFO  server.RaftServerConfigKeys (ConfUtils.java:logGet(43)) - raft.server.log.appender.buffer.byte-limit = 33554432 (custom)
2019-09-26 11:03:54,835 [pool-37-thread-1] INFO  server.RaftServerConfigKeys (ConfUtils.java:logGet(43)) - raft.server.log.segment.size.max = 1048576 (custom)
2019-09-26 11:03:54,835 [pool-37-thread-1] INFO  server.RaftServerConfigKeys (ConfUtils.java:logGet(43)) - raft.server.log.segment.cache.num.max = 2 (custom)
2019-09-26 11:03:54,835 [pool-37-thread-1] INFO  segmented.SegmentedRaftLogWorker (SegmentedRaftLogWorker.java:<init>(172)) - new 0b4034a9-ca74-4b3f-a167-05c5f7dd3c4d@group-9737B29726BB-SegmentedRaftLogWorker for RaftStorage:Storage Directory /workdir/hadoop-ozone/tools/target/test-dir/MiniOzoneClusterImpl-6d01f745-579a-4aef-b168-1b4d6e4a660d/datanode-1/data/ratis/9f2c1f65-0e28-4eaf-91ce-9737b29726bb
2019-09-26 11:03:54,835 [pool-37-thread-1] INFO  server.RaftServerConfigKeys (ConfUtils.java:logGet(43)) - raft.server.log.queue.byte-limit = 2147483647 (custom)
2019-09-26 11:03:54,835 [pool-37-thread-1] INFO  server.RaftServerConfigKeys (ConfUtils.java:logGet(43)) - raft.server.log.queue.element-limit = 1024 (custom)
2019-09-26 11:03:54,836 [pool-37-thread-1] INFO  server.RaftServerConfigKeys (ConfUtils.java:logGet(43)) - raft.server.log.segment.size.max = 1048576 (custom)
2019-09-26 11:03:54,836 [pool-37-thread-1] INFO  server.RaftServerConfigKeys (ConfUtils.java:logGet(43)) - raft.server.log.preallocated.size = 16384 (custom)
2019-09-26 11:03:54,836 [pool-37-thread-1] INFO  server.RaftServerConfigKeys (ConfUtils.java:logGet(43)) - raft.server.log.write.buffer.size = 33554432 (custom)
2019-09-26 11:03:54,836 [pool-37-thread-1] INFO  server.RaftServerConfigKeys (ConfUtils.java:logGet(43)) - raft.server.log.force.sync.num = 128 (default)
2019-09-26 11:03:54,836 [pool-37-thread-1] INFO  server.RaftServerConfigKeys (ConfUtils.java:logGet(43)) - raft.server.log.statemachine.data.sync = true (default)
2019-09-26 11:03:54,836 [pool-37-thread-1] INFO  server.RaftServerConfigKeys (ConfUtils.java:logGet(43)) - raft.server.log.statemachine.data.sync.timeout = 10s (default)
2019-09-26 11:03:54,837 [pool-37-thread-1] INFO  server.RaftServerConfigKeys (ConfUtils.java:logGet(43)) - raft.server.log.statemachine.data.sync.timeout.retry = -1 (default)
2019-09-26 11:03:54,837 [pool-37-thread-1] INFO  server.RaftServerConfigKeys (ConfUtils.java:logGet(43)) - raft.server.log.statemachine.data.caching.enabled = true (custom)
2019-09-26 11:03:54,837 [pool-37-thread-1] INFO  segmented.SegmentedRaftLogWorker (SegmentedRaftLogWorker.java:lambda$new$0(132)) - 0b4034a9-ca74-4b3f-a167-05c5f7dd3c4d@group-9737B29726BB-SegmentedRaftLogWorker: flushIndex: setUnconditionally 0 -> -1
2019-09-26 11:03:54,838 [pool-37-thread-1] INFO  server.RaftServerConfigKeys (ConfUtils.java:logGet(43)) - raft.server.snapshot.auto.trigger.enabled = true (custom)
2019-09-26 11:03:54,838 [pool-37-thread-1] INFO  server.RaftServerConfigKeys (ConfUtils.java:logGet(43)) - raft.server.snapshot.auto.trigger.threshold = 10000 (custom)
2019-09-26 11:03:54,838 [pool-37-thread-1] INFO  server.RaftServerConfigKeys (ConfUtils.java:logGet(43)) - raft.server.snapshot.retention.num.files = 5 (custom)
2019-09-26 11:03:54,838 [pool-37-thread-1] INFO  server.RaftServerConfigKeys (ConfUtils.java:logGet(43)) - raft.server.retrycache.expirytime = 600000ms (custom)
2019-09-26 11:03:54,841 [pool-37-thread-1] INFO  impl.RaftServerImpl (RaftServerImpl.java:start(185)) - 0b4034a9-ca74-4b3f-a167-05c5f7dd3c4d@group-9737B29726BB: start as a follower, conf=-1: [0b4034a9-ca74-4b3f-a167-05c5f7dd3c4d:192.168.30.13:33710], old=null
2019-09-26 11:03:54,841 [pool-37-thread-1] INFO  impl.RaftServerImpl (RaftServerImpl.java:setRole(174)) - 0b4034a9-ca74-4b3f-a167-05c5f7dd3c4d@group-9737B29726BB: changes role from      null to FOLLOWER at term 0 for startAsFollower
2019-09-26 11:03:54,841 [pool-37-thread-1] INFO  impl.RoleInfo (RoleInfo.java:updateAndGet(143)) - 0b4034a9-ca74-4b3f-a167-05c5f7dd3c4d: start FollowerState
2019-09-26 11:03:54,842 [pool-37-thread-1] INFO  util.JmxRegister (JmxRegister.java:tryRegister(44)) - Successfully registered JMX Bean with object name Ratis:service=RaftServer,group=group-9737B29726BB,id=0b4034a9-ca74-4b3f-a167-05c5f7dd3c4d
2019-09-26 11:03:54,846 [main] INFO  freon.RandomKeyGenerator (RandomKeyGenerator.java:call(283)) - Number of Threads: 10
2019-09-26 11:03:54,848 [main] INFO  freon.RandomKeyGenerator (RandomKeyGenerator.java:call(288)) - Number of Volumes: 1.
2019-09-26 11:03:54,849 [main] INFO  freon.RandomKeyGenerator (RandomKeyGenerator.java:call(289)) - Number of Buckets per Volume: 1.
2019-09-26 11:03:54,849 [main] INFO  freon.RandomKeyGenerator (RandomKeyGenerator.java:call(290)) - Number of Keys per Bucket: 1.
2019-09-26 11:03:54,849 [main] INFO  freon.RandomKeyGenerator (RandomKeyGenerator.java:call(291)) - Key size: 20971520 bytes
2019-09-26 11:03:54,849 [RatisPipelineUtilsThread] INFO  pipeline.PipelineStateManager (PipelineStateManager.java:addPipeline(56)) - Created pipeline Pipeline[ Id: 9f2c1f65-0e28-4eaf-91ce-9737b29726bb, Nodes: 0b4034a9-ca74-4b3f-a167-05c5f7dd3c4d{ip: 192.168.30.13, host: pr-hdds-1569-wvzgm-824869521, networkLocation: /default-rack, certSerialId: null}, Type:RATIS, Factor:ONE, State:OPEN]
2019-09-26 11:03:54,849 [main] INFO  freon.RandomKeyGenerator (RandomKeyGenerator.java:call(292)) - Buffer size: 4096 bytes
2019-09-26 11:03:54,849 [main] INFO  freon.RandomKeyGenerator (RandomKeyGenerator.java:call(293)) - validateWrites : true
2019-09-26 11:03:54,849 [RatisPipelineUtilsThread] INFO  pipeline.PipelinePlacementPolicy (PipelinePlacementPolicy.java:meetCriteria(91)) - Pipeline Placement: can't place more pipeline on heavy datanode： 1745fe83-e03c-45fa-a055-fce326b8113e Heaviness: 6 limit: 5
2019-09-26 11:03:54,854 [main] INFO  freon.RandomKeyGenerator (RandomKeyGenerator.java:call(307)) - Data validation is enabled.
2019-09-26 11:03:54,857 [main] INFO  freon.RandomKeyGenerator (RandomKeyGenerator.java:call(313)) - Starting progress bar Thread.

 0.00% |█                                                                                                    |  0/1 Time: 0:00:002019-09-26 11:03:54,863 [grpc-default-executor-0] INFO  impl.RaftServerProxy (RaftServerProxy.java:addNew(89)) - 0b4034a9-ca74-4b3f-a167-05c5f7dd3c4d: addNew group-581046C2CDBA:[0b4034a9-ca74-4b3f-a167-05c5f7dd3c4d:192.168.30.13:33710] returns group-581046C2CDBA:java.util.concurrent.CompletableFuture@384457f0[Not completed]
2019-09-26 11:03:54,865 [pool-37-thread-1] INFO  impl.RaftServerImpl (RaftServerImpl.java:<init>(95)) - 0b4034a9-ca74-4b3f-a167-05c5f7dd3c4d: new RaftServerImpl for group-581046C2CDBA:[0b4034a9-ca74-4b3f-a167-05c5f7dd3c4d:192.168.30.13:33710] with ContainerStateMachine:uninitialized
2019-09-26 11:03:54,865 [pool-37-thread-1] INFO  server.RaftServerConfigKeys (ConfUtils.java:logGet(43)) - raft.server.rpc.timeout.min = 5s (custom)
2019-09-26 11:03:54,865 [pool-37-thread-1] INFO  server.RaftServerConfigKeys (ConfUtils.java:logGet(43)) - raft.server.rpc.timeout.max = 5200ms (custom)
2019-09-26 11:03:54,865 [pool-37-thread-1] INFO  server.RaftServerConfigKeys (ConfUtils.java:logGet(43)) - raft.server.rpcslowness.timeout = 120s (custom)
2019-09-26 11:03:54,865 [pool-37-thread-1] INFO  server.RaftServerConfigKeys (ConfUtils.java:logGet(43)) - raft.server.sleep.deviation.threshold = 300 (default)
2019-09-26 11:03:54,865 [pool-37-thread-1] INFO  server.RaftServerConfigKeys (ConfUtils.java:logGet(43)) - raft.server.log.appender.install.snapshot.enabled = false (custom)
2019-09-26 11:03:54,866 [pool-37-thread-1] INFO  impl.RaftServerImpl (ServerState.java:<init>(103)) - 0b4034a9-ca74-4b3f-a167-05c5f7dd3c4d@group-581046C2CDBA: ConfigurationManager, init=-1: [0b4034a9-ca74-4b3f-a167-05c5f7dd3c4d:192.168.30.13:33710], old=null, confs=<EMPTY_MAP>
2019-09-26 11:03:54,866 [pool-37-thread-1] INFO  server.RaftServerConfigKeys (ConfUtils.java:logGet(43)) - raft.server.storage.dir = [/workdir/hadoop-ozone/tools/target/test-dir/MiniOzoneClusterImpl-6d01f745-579a-4aef-b168-1b4d6e4a660d/datanode-1/data/ratis] (custom)
2019-09-26 11:03:54,866 [pool-37-thread-1] INFO  storage.RaftStorageDirectory (RaftStorageDirectory.java:analyzeStorage(246)) - The storage directory /workdir/hadoop-ozone/tools/target/test-dir/MiniOzoneClusterImpl-6d01f745-579a-4aef-b168-1b4d6e4a660d/datanode-1/data/ratis/6d242ef9-33ed-4c14-9710-581046c2cdba does not exist. Creating ...
2019-09-26 11:03:54,882 [pool-37-thread-1] INFO  storage.RaftStorageDirectory (RaftStorageDirectory.java:tryLock(328)) - Lock on /workdir/hadoop-ozone/tools/target/test-dir/MiniOzoneClusterImpl-6d01f745-579a-4aef-b168-1b4d6e4a660d/datanode-1/data/ratis/6d242ef9-33ed-4c14-9710-581046c2cdba/in_use.lock acquired by nodename 17968@pr-hdds-1569-wvzgm-824869521
2019-09-26 11:03:54,885 [pool-53-thread-1] INFO  rpc.RpcClient (RpcClient.java:createVolume(276)) - Creating Volume: vol-0-77335, with jenkins1000 as owner.
2019-09-26 11:03:54,895 [pool-37-thread-1] INFO  storage.RaftStorage (RaftStorage.java:format(72)) - Storage directory /workdir/hadoop-ozone/tools/target/test-dir/MiniOzoneClusterImpl-6d01f745-579a-4aef-b168-1b4d6e4a660d/datanode-1/data/ratis/6d242ef9-33ed-4c14-9710-581046c2cdba has been successfully formatted.
2019-09-26 11:03:54,895 [pool-37-thread-1] INFO  ratis.ContainerStateMachine (ContainerStateMachine.java:loadSnapshot(230)) - group-581046C2CDBA: The snapshot info is null. Setting the last applied indexto:(t:0, i:~)
2019-09-26 11:03:54,895 [pool-37-thread-1] INFO  server.RaftServerConfigKeys (ConfUtils.java:logGet(43)) - raft.server.notification.no-leader.timeout = 120s (custom)
2019-09-26 11:03:54,895 [pool-37-thread-1] INFO  server.RaftServerConfigKeys (ConfUtils.java:logGet(43)) - raft.server.log.use.memory = false (default)
2019-09-26 11:03:54,895 [pool-37-thread-1] INFO  server.RaftServerConfigKeys (ConfUtils.java:logGet(43)) - raft.server.log.purge.gap = 1000000 (custom)
2019-09-26 11:03:54,895 [pool-37-thread-1] INFO  server.RaftServerConfigKeys (ConfUtils.java:logGet(43)) - raft.server.log.appender.buffer.byte-limit = 33554432 (custom)
2019-09-26 11:03:54,896 [pool-37-thread-1] INFO  server.RaftServerConfigKeys (ConfUtils.java:logGet(43)) - raft.server.log.segment.size.max = 1048576 (custom)
2019-09-26 11:03:54,896 [pool-37-thread-1] INFO  server.RaftServerConfigKeys (ConfUtils.java:logGet(43)) - raft.server.log.segment.cache.num.max = 2 (custom)
2019-09-26 11:03:54,896 [pool-37-thread-1] INFO  segmented.SegmentedRaftLogWorker (SegmentedRaftLogWorker.java:<init>(172)) - new 0b4034a9-ca74-4b3f-a167-05c5f7dd3c4d@group-581046C2CDBA-SegmentedRaftLogWorker for RaftStorage:Storage Directory /workdir/hadoop-ozone/tools/target/test-dir/MiniOzoneClusterImpl-6d01f745-579a-4aef-b168-1b4d6e4a660d/datanode-1/data/ratis/6d242ef9-33ed-4c14-9710-581046c2cdba
2019-09-26 11:03:54,896 [pool-37-thread-1] INFO  server.RaftServerConfigKeys (ConfUtils.java:logGet(43)) - raft.server.log.queue.byte-limit = 2147483647 (custom)
2019-09-26 11:03:54,896 [pool-37-thread-1] INFO  server.RaftServerConfigKeys (ConfUtils.java:logGet(43)) - raft.server.log.queue.element-limit = 1024 (custom)
2019-09-26 11:03:54,896 [pool-37-thread-1] INFO  server.RaftServerConfigKeys (ConfUtils.java:logGet(43)) - raft.server.log.segment.size.max = 1048576 (custom)
2019-09-26 11:03:54,897 [pool-37-thread-1] INFO  server.RaftServerConfigKeys (ConfUtils.java:logGet(43)) - raft.server.log.preallocated.size = 16384 (custom)
2019-09-26 11:03:54,897 [pool-37-thread-1] INFO  server.RaftServerConfigKeys (ConfUtils.java:logGet(43)) - raft.server.log.write.buffer.size = 33554432 (custom)
2019-09-26 11:03:54,897 [pool-37-thread-1] INFO  server.RaftServerConfigKeys (ConfUtils.java:logGet(43)) - raft.server.log.force.sync.num = 128 (default)
2019-09-26 11:03:54,897 [pool-37-thread-1] INFO  server.RaftServerConfigKeys (ConfUtils.java:logGet(43)) - raft.server.log.statemachine.data.sync = true (default)
2019-09-26 11:03:54,897 [pool-37-thread-1] INFO  server.RaftServerConfigKeys (ConfUtils.java:logGet(43)) - raft.server.log.statemachine.data.sync.timeout = 10s (default)
2019-09-26 11:03:54,897 [pool-37-thread-1] INFO  server.RaftServerConfigKeys (ConfUtils.java:logGet(43)) - raft.server.log.statemachine.data.sync.timeout.retry = -1 (default)
2019-09-26 11:03:54,897 [pool-37-thread-1] INFO  server.RaftServerConfigKeys (ConfUtils.java:logGet(43)) - raft.server.log.statemachine.data.caching.enabled = true (custom)
2019-09-26 11:03:54,898 [pool-37-thread-1] INFO  segmented.SegmentedRaftLogWorker (SegmentedRaftLogWorker.java:lambda$new$0(132)) - 0b4034a9-ca74-4b3f-a167-05c5f7dd3c4d@group-581046C2CDBA-SegmentedRaftLogWorker: flushIndex: setUnconditionally 0 -> -1
2019-09-26 11:03:54,898 [pool-37-thread-1] INFO  server.RaftServerConfigKeys (ConfUtils.java:logGet(43)) - raft.server.snapshot.auto.trigger.enabled = true (custom)
2019-09-26 11:03:54,898 [pool-37-thread-1] INFO  server.RaftServerConfigKeys (ConfUtils.java:logGet(43)) - raft.server.snapshot.auto.trigger.threshold = 10000 (custom)
2019-09-26 11:03:54,898 [pool-37-thread-1] INFO  server.RaftServerConfigKeys (ConfUtils.java:logGet(43)) - raft.server.snapshot.retention.num.files = 5 (custom)
2019-09-26 11:03:54,899 [pool-37-thread-1] INFO  server.RaftServerConfigKeys (ConfUtils.java:logGet(43)) - raft.server.retrycache.expirytime = 600000ms (custom)
2019-09-26 11:03:54,901 [pool-37-thread-1] INFO  impl.RaftServerImpl (RaftServerImpl.java:start(185)) - 0b4034a9-ca74-4b3f-a167-05c5f7dd3c4d@group-581046C2CDBA: start as a follower, conf=-1: [0b4034a9-ca74-4b3f-a167-05c5f7dd3c4d:192.168.30.13:33710], old=null
2019-09-26 11:03:54,901 [pool-37-thread-1] INFO  impl.RaftServerImpl (RaftServerImpl.java:setRole(174)) - 0b4034a9-ca74-4b3f-a167-05c5f7dd3c4d@group-581046C2CDBA: changes role from      null to FOLLOWER at term 0 for startAsFollower
2019-09-26 11:03:54,901 [pool-37-thread-1] INFO  impl.RoleInfo (RoleInfo.java:updateAndGet(143)) - 0b4034a9-ca74-4b3f-a167-05c5f7dd3c4d: start FollowerState
2019-09-26 11:03:54,902 [pool-37-thread-1] INFO  util.JmxRegister (JmxRegister.java:tryRegister(44)) - Successfully registered JMX Bean with object name Ratis:service=RaftServer,group=group-581046C2CDBA,id=0b4034a9-ca74-4b3f-a167-05c5f7dd3c4d
2019-09-26 11:03:54,911 [RatisPipelineUtilsThread] INFO  pipeline.PipelineStateManager (PipelineStateManager.java:addPipeline(56)) - Created pipeline Pipeline[ Id: 6d242ef9-33ed-4c14-9710-581046c2cdba, Nodes: 0b4034a9-ca74-4b3f-a167-05c5f7dd3c4d{ip: 192.168.30.13, host: pr-hdds-1569-wvzgm-824869521, networkLocation: /default-rack, certSerialId: null}, Type:RATIS, Factor:ONE, State:OPEN]
2019-09-26 11:03:54,911 [RatisPipelineUtilsThread] INFO  pipeline.PipelinePlacementPolicy (PipelinePlacementPolicy.java:meetCriteria(91)) - Pipeline Placement: can't place more pipeline on heavy datanode： 1745fe83-e03c-45fa-a055-fce326b8113e Heaviness: 6 limit: 5
2019-09-26 11:03:54,925 [grpc-default-executor-0] INFO  impl.RaftServerProxy (RaftServerProxy.java:addNew(89)) - 0b4034a9-ca74-4b3f-a167-05c5f7dd3c4d: addNew group-0A4548BB9125:[0b4034a9-ca74-4b3f-a167-05c5f7dd3c4d:192.168.30.13:33710] returns group-0A4548BB9125:java.util.concurrent.CompletableFuture@35b1521e[Not completed]
2019-09-26 11:03:54,926 [pool-37-thread-1] INFO  impl.RaftServerImpl (RaftServerImpl.java:<init>(95)) - 0b4034a9-ca74-4b3f-a167-05c5f7dd3c4d: new RaftServerImpl for group-0A4548BB9125:[0b4034a9-ca74-4b3f-a167-05c5f7dd3c4d:192.168.30.13:33710] with ContainerStateMachine:uninitialized
2019-09-26 11:03:54,926 [pool-37-thread-1] INFO  server.RaftServerConfigKeys (ConfUtils.java:logGet(43)) - raft.server.rpc.timeout.min = 5s (custom)
2019-09-26 11:03:54,926 [pool-37-thread-1] INFO  server.RaftServerConfigKeys (ConfUtils.java:logGet(43)) - raft.server.rpc.timeout.max = 5200ms (custom)
2019-09-26 11:03:54,926 [pool-37-thread-1] INFO  server.RaftServerConfigKeys (ConfUtils.java:logGet(43)) - raft.server.rpcslowness.timeout = 120s (custom)
2019-09-26 11:03:54,927 [pool-37-thread-1] INFO  server.RaftServerConfigKeys (ConfUtils.java:logGet(43)) - raft.server.sleep.deviation.threshold = 300 (default)
2019-09-26 11:03:54,927 [pool-37-thread-1] INFO  server.RaftServerConfigKeys (ConfUtils.java:logGet(43)) - raft.server.log.appender.install.snapshot.enabled = false (custom)
2019-09-26 11:03:54,927 [pool-37-thread-1] INFO  impl.RaftServerImpl (ServerState.java:<init>(103)) - 0b4034a9-ca74-4b3f-a167-05c5f7dd3c4d@group-0A4548BB9125: ConfigurationManager, init=-1: [0b4034a9-ca74-4b3f-a167-05c5f7dd3c4d:192.168.30.13:33710], old=null, confs=<EMPTY_MAP>
2019-09-26 11:03:54,927 [pool-37-thread-1] INFO  server.RaftServerConfigKeys (ConfUtils.java:logGet(43)) - raft.server.storage.dir = [/workdir/hadoop-ozone/tools/target/test-dir/MiniOzoneClusterImpl-6d01f745-579a-4aef-b168-1b4d6e4a660d/datanode-1/data/ratis] (custom)
2019-09-26 11:03:54,927 [pool-37-thread-1] INFO  storage.RaftStorageDirectory (RaftStorageDirectory.java:analyzeStorage(246)) - The storage directory /workdir/hadoop-ozone/tools/target/test-dir/MiniOzoneClusterImpl-6d01f745-579a-4aef-b168-1b4d6e4a660d/datanode-1/data/ratis/ef1d9b9a-d878-48ea-8fe7-0a4548bb9125 does not exist. Creating ...
2019-09-26 11:03:54,966 [pool-37-thread-1] INFO  storage.RaftStorageDirectory (RaftStorageDirectory.java:tryLock(328)) - Lock on /workdir/hadoop-ozone/tools/target/test-dir/MiniOzoneClusterImpl-6d01f745-579a-4aef-b168-1b4d6e4a660d/datanode-1/data/ratis/ef1d9b9a-d878-48ea-8fe7-0a4548bb9125/in_use.lock acquired by nodename 17968@pr-hdds-1569-wvzgm-824869521
2019-09-26 11:03:55,005 [IPC Server handler 0 on 35661] INFO  volume.OMVolumeCreateRequest (OMVolumeCreateRequest.java:validateAndUpdateCache(189)) - created volume:vol-0-77335 for user:jenkins1000
2019-09-26 11:03:55,022 [pool-37-thread-1] INFO  storage.RaftStorage (RaftStorage.java:format(72)) - Storage directory /workdir/hadoop-ozone/tools/target/test-dir/MiniOzoneClusterImpl-6d01f745-579a-4aef-b168-1b4d6e4a660d/datanode-1/data/ratis/ef1d9b9a-d878-48ea-8fe7-0a4548bb9125 has been successfully formatted.
2019-09-26 11:03:55,022 [pool-37-thread-1] INFO  ratis.ContainerStateMachine (ContainerStateMachine.java:loadSnapshot(230)) - group-0A4548BB9125: The snapshot info is null. Setting the last applied indexto:(t:0, i:~)
2019-09-26 11:03:55,022 [pool-37-thread-1] INFO  server.RaftServerConfigKeys (ConfUtils.java:logGet(43)) - raft.server.notification.no-leader.timeout = 120s (custom)
2019-09-26 11:03:55,023 [pool-37-thread-1] INFO  server.RaftServerConfigKeys (ConfUtils.java:logGet(43)) - raft.server.log.use.memory = false (default)
2019-09-26 11:03:55,024 [pool-37-thread-1] INFO  server.RaftServerConfigKeys (ConfUtils.java:logGet(43)) - raft.server.log.purge.gap = 1000000 (custom)
2019-09-26 11:03:55,024 [pool-37-thread-1] INFO  server.RaftServerConfigKeys (ConfUtils.java:logGet(43)) - raft.server.log.appender.buffer.byte-limit = 33554432 (custom)
2019-09-26 11:03:55,024 [pool-37-thread-1] INFO  server.RaftServerConfigKeys (ConfUtils.java:logGet(43)) - raft.server.log.segment.size.max = 1048576 (custom)
2019-09-26 11:03:55,024 [pool-37-thread-1] INFO  server.RaftServerConfigKeys (ConfUtils.java:logGet(43)) - raft.server.log.segment.cache.num.max = 2 (custom)
2019-09-26 11:03:55,024 [pool-37-thread-1] INFO  segmented.SegmentedRaftLogWorker (SegmentedRaftLogWorker.java:<init>(172)) - new 0b4034a9-ca74-4b3f-a167-05c5f7dd3c4d@group-0A4548BB9125-SegmentedRaftLogWorker for RaftStorage:Storage Directory /workdir/hadoop-ozone/tools/target/test-dir/MiniOzoneClusterImpl-6d01f745-579a-4aef-b168-1b4d6e4a660d/datanode-1/data/ratis/ef1d9b9a-d878-48ea-8fe7-0a4548bb9125
2019-09-26 11:03:55,025 [pool-37-thread-1] INFO  server.RaftServerConfigKeys (ConfUtils.java:logGet(43)) - raft.server.log.queue.byte-limit = 2147483647 (custom)
2019-09-26 11:03:55,025 [pool-37-thread-1] INFO  server.RaftServerConfigKeys (ConfUtils.java:logGet(43)) - raft.server.log.queue.element-limit = 1024 (custom)
2019-09-26 11:03:55,025 [pool-37-thread-1] INFO  server.RaftServerConfigKeys (ConfUtils.java:logGet(43)) - raft.server.log.segment.size.max = 1048576 (custom)
2019-09-26 11:03:55,025 [pool-37-thread-1] INFO  server.RaftServerConfigKeys (ConfUtils.java:logGet(43)) - raft.server.log.preallocated.size = 16384 (custom)
2019-09-26 11:03:55,025 [pool-37-thread-1] INFO  server.RaftServerConfigKeys (ConfUtils.java:logGet(43)) - raft.server.log.write.buffer.size = 33554432 (custom)
2019-09-26 11:03:55,025 [pool-37-thread-1] INFO  server.RaftServerConfigKeys (ConfUtils.java:logGet(43)) - raft.server.log.force.sync.num = 128 (default)
2019-09-26 11:03:55,026 [pool-37-thread-1] INFO  server.RaftServerConfigKeys (ConfUtils.java:logGet(43)) - raft.server.log.statemachine.data.sync = true (default)
2019-09-26 11:03:55,028 [pool-37-thread-1] INFO  server.RaftServerConfigKeys (ConfUtils.java:logGet(43)) - raft.server.log.statemachine.data.sync.timeout = 10s (default)
2019-09-26 11:03:55,028 [pool-37-thread-1] INFO  server.RaftServerConfigKeys (ConfUtils.java:logGet(43)) - raft.server.log.statemachine.data.sync.timeout.retry = -1 (default)
2019-09-26 11:03:55,028 [pool-37-thread-1] INFO  server.RaftServerConfigKeys (ConfUtils.java:logGet(43)) - raft.server.log.statemachine.data.caching.enabled = true (custom)
2019-09-26 11:03:55,029 [pool-37-thread-1] INFO  segmented.SegmentedRaftLogWorker (SegmentedRaftLogWorker.java:lambda$new$0(132)) - 0b4034a9-ca74-4b3f-a167-05c5f7dd3c4d@group-0A4548BB9125-SegmentedRaftLogWorker: flushIndex: setUnconditionally 0 -> -1
2019-09-26 11:03:55,029 [pool-37-thread-1] INFO  server.RaftServerConfigKeys (ConfUtils.java:logGet(43)) - raft.server.snapshot.auto.trigger.enabled = true (custom)
2019-09-26 11:03:55,029 [pool-37-thread-1] INFO  server.RaftServerConfigKeys (ConfUtils.java:logGet(43)) - raft.server.snapshot.auto.trigger.threshold = 10000 (custom)
2019-09-26 11:03:55,030 [pool-37-thread-1] INFO  server.RaftServerConfigKeys (ConfUtils.java:logGet(43)) - raft.server.snapshot.retention.num.files = 5 (custom)
2019-09-26 11:03:55,030 [pool-37-thread-1] INFO  server.RaftServerConfigKeys (ConfUtils.java:logGet(43)) - raft.server.retrycache.expirytime = 600000ms (custom)
2019-09-26 11:03:55,033 [pool-37-thread-1] INFO  impl.RaftServerImpl (RaftServerImpl.java:start(185)) - 0b4034a9-ca74-4b3f-a167-05c5f7dd3c4d@group-0A4548BB9125: start as a follower, conf=-1: [0b4034a9-ca74-4b3f-a167-05c5f7dd3c4d:192.168.30.13:33710], old=null
2019-09-26 11:03:55,033 [pool-37-thread-1] INFO  impl.RaftServerImpl (RaftServerImpl.java:setRole(174)) - 0b4034a9-ca74-4b3f-a167-05c5f7dd3c4d@group-0A4548BB9125: changes role from      null to FOLLOWER at term 0 for startAsFollower
2019-09-26 11:03:55,034 [pool-37-thread-1] INFO  impl.RoleInfo (RoleInfo.java:updateAndGet(143)) - 0b4034a9-ca74-4b3f-a167-05c5f7dd3c4d: start FollowerState
2019-09-26 11:03:55,034 [pool-37-thread-1] INFO  util.JmxRegister (JmxRegister.java:tryRegister(44)) - Successfully registered JMX Bean with object name Ratis:service=RaftServer,group=group-0A4548BB9125,id=0b4034a9-ca74-4b3f-a167-05c5f7dd3c4d
2019-09-26 11:03:55,040 [pool-53-thread-2] INFO  rpc.RpcClient (RpcClient.java:createBucket(415)) - Creating Bucket: vol-0-77335/bucket-0-22901, with Versioning false and Storage Type set to DISK and Encryption set to false 
2019-09-26 11:03:55,042 [RatisPipelineUtilsThread] INFO  pipeline.PipelineStateManager (PipelineStateManager.java:addPipeline(56)) - Created pipeline Pipeline[ Id: ef1d9b9a-d878-48ea-8fe7-0a4548bb9125, Nodes: 0b4034a9-ca74-4b3f-a167-05c5f7dd3c4d{ip: 192.168.30.13, host: pr-hdds-1569-wvzgm-824869521, networkLocation: /default-rack, certSerialId: null}, Type:RATIS, Factor:ONE, State:OPEN]
2019-09-26 11:03:55,042 [RatisPipelineUtilsThread] INFO  pipeline.PipelinePlacementPolicy (PipelinePlacementPolicy.java:meetCriteria(91)) - Pipeline Placement: can't place more pipeline on heavy datanode： 0b4034a9-ca74-4b3f-a167-05c5f7dd3c4d Heaviness: 6 limit: 5
2019-09-26 11:03:55,042 [RatisPipelineUtilsThread] INFO  pipeline.PipelinePlacementPolicy (PipelinePlacementPolicy.java:meetCriteria(91)) - Pipeline Placement: can't place more pipeline on heavy datanode： 1745fe83-e03c-45fa-a055-fce326b8113e Heaviness: 6 limit: 5
2019-09-26 11:03:55,061 [grpc-default-executor-0] INFO  impl.RaftServerProxy (RaftServerProxy.java:addNew(89)) - e958bcc3-6e58-4a42-8cec-6068de8a50c7: addNew group-13316A0D6550:[e958bcc3-6e58-4a42-8cec-6068de8a50c7:192.168.30.13:44994] returns group-13316A0D6550:java.util.concurrent.CompletableFuture@1cd622e6[Not completed]
2019-09-26 11:03:55,063 [pool-27-thread-1] INFO  impl.RaftServerImpl (RaftServerImpl.java:<init>(95)) - e958bcc3-6e58-4a42-8cec-6068de8a50c7: new RaftServerImpl for group-13316A0D6550:[e958bcc3-6e58-4a42-8cec-6068de8a50c7:192.168.30.13:44994] with ContainerStateMachine:uninitialized
2019-09-26 11:03:55,063 [pool-27-thread-1] INFO  server.RaftServerConfigKeys (ConfUtils.java:logGet(43)) - raft.server.rpc.timeout.min = 5s (custom)
2019-09-26 11:03:55,063 [pool-27-thread-1] INFO  server.RaftServerConfigKeys (ConfUtils.java:logGet(43)) - raft.server.rpc.timeout.max = 5200ms (custom)
2019-09-26 11:03:55,064 [pool-27-thread-1] INFO  server.RaftServerConfigKeys (ConfUtils.java:logGet(43)) - raft.server.rpcslowness.timeout = 120s (custom)
2019-09-26 11:03:55,064 [pool-27-thread-1] INFO  server.RaftServerConfigKeys (ConfUtils.java:logGet(43)) - raft.server.sleep.deviation.threshold = 300 (default)
2019-09-26 11:03:55,064 [pool-27-thread-1] INFO  server.RaftServerConfigKeys (ConfUtils.java:logGet(43)) - raft.server.log.appender.install.snapshot.enabled = false (custom)
2019-09-26 11:03:55,064 [pool-27-thread-1] INFO  impl.RaftServerImpl (ServerState.java:<init>(103)) - e958bcc3-6e58-4a42-8cec-6068de8a50c7@group-13316A0D6550: ConfigurationManager, init=-1: [e958bcc3-6e58-4a42-8cec-6068de8a50c7:192.168.30.13:44994], old=null, confs=<EMPTY_MAP>
2019-09-26 11:03:55,064 [pool-27-thread-1] INFO  server.RaftServerConfigKeys (ConfUtils.java:logGet(43)) - raft.server.storage.dir = [/workdir/hadoop-ozone/tools/target/test-dir/MiniOzoneClusterImpl-6d01f745-579a-4aef-b168-1b4d6e4a660d/datanode-0/data/ratis] (custom)
2019-09-26 11:03:55,065 [pool-27-thread-1] INFO  storage.RaftStorageDirectory (RaftStorageDirectory.java:analyzeStorage(246)) - The storage directory /workdir/hadoop-ozone/tools/target/test-dir/MiniOzoneClusterImpl-6d01f745-579a-4aef-b168-1b4d6e4a660d/datanode-0/data/ratis/d3a0bebc-fe2e-42fa-b9a1-13316a0d6550 does not exist. Creating ...
2019-09-26 11:03:55,091 [pool-27-thread-1] INFO  storage.RaftStorageDirectory (RaftStorageDirectory.java:tryLock(328)) - Lock on /workdir/hadoop-ozone/tools/target/test-dir/MiniOzoneClusterImpl-6d01f745-579a-4aef-b168-1b4d6e4a660d/datanode-0/data/ratis/d3a0bebc-fe2e-42fa-b9a1-13316a0d6550/in_use.lock acquired by nodename 17968@pr-hdds-1569-wvzgm-824869521
2019-09-26 11:03:55,104 [pool-27-thread-1] INFO  storage.RaftStorage (RaftStorage.java:format(72)) - Storage directory /workdir/hadoop-ozone/tools/target/test-dir/MiniOzoneClusterImpl-6d01f745-579a-4aef-b168-1b4d6e4a660d/datanode-0/data/ratis/d3a0bebc-fe2e-42fa-b9a1-13316a0d6550 has been successfully formatted.
2019-09-26 11:03:55,106 [pool-27-thread-1] INFO  ratis.ContainerStateMachine (ContainerStateMachine.java:loadSnapshot(230)) - group-13316A0D6550: The snapshot info is null. Setting the last applied indexto:(t:0, i:~)
2019-09-26 11:03:55,106 [pool-27-thread-1] INFO  server.RaftServerConfigKeys (ConfUtils.java:logGet(43)) - raft.server.notification.no-leader.timeout = 120s (custom)
2019-09-26 11:03:55,106 [pool-27-thread-1] INFO  server.RaftServerConfigKeys (ConfUtils.java:logGet(43)) - raft.server.log.use.memory = false (default)
2019-09-26 11:03:55,106 [pool-27-thread-1] INFO  server.RaftServerConfigKeys (ConfUtils.java:logGet(43)) - raft.server.log.purge.gap = 1000000 (custom)
2019-09-26 11:03:55,106 [pool-27-thread-1] INFO  server.RaftServerConfigKeys (ConfUtils.java:logGet(43)) - raft.server.log.appender.buffer.byte-limit = 33554432 (custom)
2019-09-26 11:03:55,106 [pool-27-thread-1] INFO  server.RaftServerConfigKeys (ConfUtils.java:logGet(43)) - raft.server.log.segment.size.max = 1048576 (custom)
2019-09-26 11:03:55,107 [pool-27-thread-1] INFO  server.RaftServerConfigKeys (ConfUtils.java:logGet(43)) - raft.server.log.segment.cache.num.max = 2 (custom)
2019-09-26 11:03:55,107 [pool-27-thread-1] INFO  segmented.SegmentedRaftLogWorker (SegmentedRaftLogWorker.java:<init>(172)) - new e958bcc3-6e58-4a42-8cec-6068de8a50c7@group-13316A0D6550-SegmentedRaftLogWorker for RaftStorage:Storage Directory /workdir/hadoop-ozone/tools/target/test-dir/MiniOzoneClusterImpl-6d01f745-579a-4aef-b168-1b4d6e4a660d/datanode-0/data/ratis/d3a0bebc-fe2e-42fa-b9a1-13316a0d6550
2019-09-26 11:03:55,107 [pool-27-thread-1] INFO  server.RaftServerConfigKeys (ConfUtils.java:logGet(43)) - raft.server.log.queue.byte-limit = 2147483647 (custom)
2019-09-26 11:03:55,107 [pool-27-thread-1] INFO  server.RaftServerConfigKeys (ConfUtils.java:logGet(43)) - raft.server.log.queue.element-limit = 1024 (custom)
2019-09-26 11:03:55,107 [pool-27-thread-1] INFO  server.RaftServerConfigKeys (ConfUtils.java:logGet(43)) - raft.server.log.segment.size.max = 1048576 (custom)
2019-09-26 11:03:55,107 [pool-27-thread-1] INFO  server.RaftServerConfigKeys (ConfUtils.java:logGet(43)) - raft.server.log.preallocated.size = 16384 (custom)
2019-09-26 11:03:55,108 [pool-27-thread-1] INFO  server.RaftServerConfigKeys (ConfUtils.java:logGet(43)) - raft.server.log.write.buffer.size = 33554432 (custom)
2019-09-26 11:03:55,108 [pool-27-thread-1] INFO  server.RaftServerConfigKeys (ConfUtils.java:logGet(43)) - raft.server.log.force.sync.num = 128 (default)
2019-09-26 11:03:55,108 [pool-27-thread-1] INFO  server.RaftServerConfigKeys (ConfUtils.java:logGet(43)) - raft.server.log.statemachine.data.sync = true (default)
2019-09-26 11:03:55,108 [pool-27-thread-1] INFO  server.RaftServerConfigKeys (ConfUtils.java:logGet(43)) - raft.server.log.statemachine.data.sync.timeout = 10s (default)
2019-09-26 11:03:55,108 [pool-27-thread-1] INFO  server.RaftServerConfigKeys (ConfUtils.java:logGet(43)) - raft.server.log.statemachine.data.sync.timeout.retry = -1 (default)
2019-09-26 11:03:55,108 [pool-27-thread-1] INFO  server.RaftServerConfigKeys (ConfUtils.java:logGet(43)) - raft.server.log.statemachine.data.caching.enabled = true (custom)
2019-09-26 11:03:55,109 [pool-27-thread-1] INFO  segmented.SegmentedRaftLogWorker (SegmentedRaftLogWorker.java:lambda$new$0(132)) - e958bcc3-6e58-4a42-8cec-6068de8a50c7@group-13316A0D6550-SegmentedRaftLogWorker: flushIndex: setUnconditionally 0 -> -1
2019-09-26 11:03:55,109 [pool-27-thread-1] INFO  server.RaftServerConfigKeys (ConfUtils.java:logGet(43)) - raft.server.snapshot.auto.trigger.enabled = true (custom)
2019-09-26 11:03:55,109 [pool-27-thread-1] INFO  server.RaftServerConfigKeys (ConfUtils.java:logGet(43)) - raft.server.snapshot.auto.trigger.threshold = 10000 (custom)
2019-09-26 11:03:55,110 [pool-27-thread-1] INFO  server.RaftServerConfigKeys (ConfUtils.java:logGet(43)) - raft.server.snapshot.retention.num.files = 5 (custom)
2019-09-26 11:03:55,110 [pool-27-thread-1] INFO  server.RaftServerConfigKeys (ConfUtils.java:logGet(43)) - raft.server.retrycache.expirytime = 600000ms (custom)
2019-09-26 11:03:55,115 [pool-27-thread-1] INFO  impl.RaftServerImpl (RaftServerImpl.java:start(185)) - e958bcc3-6e58-4a42-8cec-6068de8a50c7@group-13316A0D6550: start as a follower, conf=-1: [e958bcc3-6e58-4a42-8cec-6068de8a50c7:192.168.30.13:44994], old=null
2019-09-26 11:03:55,115 [pool-27-thread-1] INFO  impl.RaftServerImpl (RaftServerImpl.java:setRole(174)) - e958bcc3-6e58-4a42-8cec-6068de8a50c7@group-13316A0D6550: changes role from      null to FOLLOWER at term 0 for startAsFollower
2019-09-26 11:03:55,115 [pool-27-thread-1] INFO  impl.RoleInfo (RoleInfo.java:updateAndGet(143)) - e958bcc3-6e58-4a42-8cec-6068de8a50c7: start FollowerState
2019-09-26 11:03:55,116 [pool-27-thread-1] INFO  util.JmxRegister (JmxRegister.java:tryRegister(44)) - Successfully registered JMX Bean with object name Ratis:service=RaftServer,group=group-13316A0D6550,id=e958bcc3-6e58-4a42-8cec-6068de8a50c7
2019-09-26 11:03:55,121 [RatisPipelineUtilsThread] INFO  pipeline.PipelineStateManager (PipelineStateManager.java:addPipeline(56)) - Created pipeline Pipeline[ Id: d3a0bebc-fe2e-42fa-b9a1-13316a0d6550, Nodes: e958bcc3-6e58-4a42-8cec-6068de8a50c7{ip: 192.168.30.13, host: pr-hdds-1569-wvzgm-824869521, networkLocation: /default-rack, certSerialId: null}, Type:RATIS, Factor:ONE, State:OPEN]
2019-09-26 11:03:55,122 [RatisPipelineUtilsThread] INFO  pipeline.PipelinePlacementPolicy (PipelinePlacementPolicy.java:meetCriteria(91)) - Pipeline Placement: can't place more pipeline on heavy datanode： 0b4034a9-ca74-4b3f-a167-05c5f7dd3c4d Heaviness: 6 limit: 5
2019-09-26 11:03:55,122 [RatisPipelineUtilsThread] INFO  pipeline.PipelinePlacementPolicy (PipelinePlacementPolicy.java:meetCriteria(91)) - Pipeline Placement: can't place more pipeline on heavy datanode： 1745fe83-e03c-45fa-a055-fce326b8113e Heaviness: 6 limit: 5
2019-09-26 11:03:55,138 [grpc-default-executor-0] INFO  impl.RaftServerProxy (RaftServerProxy.java:addNew(89)) - e958bcc3-6e58-4a42-8cec-6068de8a50c7: addNew group-F0A8B3D7A511:[e958bcc3-6e58-4a42-8cec-6068de8a50c7:192.168.30.13:44994] returns group-F0A8B3D7A511:java.util.concurrent.CompletableFuture@f695f97[Not completed]
2019-09-26 11:03:55,140 [pool-27-thread-1] INFO  impl.RaftServerImpl (RaftServerImpl.java:<init>(95)) - e958bcc3-6e58-4a42-8cec-6068de8a50c7: new RaftServerImpl for group-F0A8B3D7A511:[e958bcc3-6e58-4a42-8cec-6068de8a50c7:192.168.30.13:44994] with ContainerStateMachine:uninitialized
2019-09-26 11:03:55,140 [pool-27-thread-1] INFO  server.RaftServerConfigKeys (ConfUtils.java:logGet(43)) - raft.server.rpc.timeout.min = 5s (custom)
2019-09-26 11:03:55,140 [pool-27-thread-1] INFO  server.RaftServerConfigKeys (ConfUtils.java:logGet(43)) - raft.server.rpc.timeout.max = 5200ms (custom)
2019-09-26 11:03:55,140 [pool-27-thread-1] INFO  server.RaftServerConfigKeys (ConfUtils.java:logGet(43)) - raft.server.rpcslowness.timeout = 120s (custom)
2019-09-26 11:03:55,140 [pool-27-thread-1] INFO  server.RaftServerConfigKeys (ConfUtils.java:logGet(43)) - raft.server.sleep.deviation.threshold = 300 (default)
2019-09-26 11:03:55,141 [pool-27-thread-1] INFO  server.RaftServerConfigKeys (ConfUtils.java:logGet(43)) - raft.server.log.appender.install.snapshot.enabled = false (custom)
2019-09-26 11:03:55,141 [pool-27-thread-1] INFO  impl.RaftServerImpl (ServerState.java:<init>(103)) - e958bcc3-6e58-4a42-8cec-6068de8a50c7@group-F0A8B3D7A511: ConfigurationManager, init=-1: [e958bcc3-6e58-4a42-8cec-6068de8a50c7:192.168.30.13:44994], old=null, confs=<EMPTY_MAP>
2019-09-26 11:03:55,141 [pool-27-thread-1] INFO  server.RaftServerConfigKeys (ConfUtils.java:logGet(43)) - raft.server.storage.dir = [/workdir/hadoop-ozone/tools/target/test-dir/MiniOzoneClusterImpl-6d01f745-579a-4aef-b168-1b4d6e4a660d/datanode-0/data/ratis] (custom)
2019-09-26 11:03:55,141 [pool-27-thread-1] INFO  storage.RaftStorageDirectory (RaftStorageDirectory.java:analyzeStorage(246)) - The storage directory /workdir/hadoop-ozone/tools/target/test-dir/MiniOzoneClusterImpl-6d01f745-579a-4aef-b168-1b4d6e4a660d/datanode-0/data/ratis/5a6878fe-f92d-4241-8c29-f0a8b3d7a511 does not exist. Creating ...
2019-09-26 11:03:55,154 [pool-27-thread-1] INFO  storage.RaftStorageDirectory (RaftStorageDirectory.java:tryLock(328)) - Lock on /workdir/hadoop-ozone/tools/target/test-dir/MiniOzoneClusterImpl-6d01f745-579a-4aef-b168-1b4d6e4a660d/datanode-0/data/ratis/5a6878fe-f92d-4241-8c29-f0a8b3d7a511/in_use.lock acquired by nodename 17968@pr-hdds-1569-wvzgm-824869521
2019-09-26 11:03:55,166 [pool-27-thread-1] INFO  storage.RaftStorage (RaftStorage.java:format(72)) - Storage directory /workdir/hadoop-ozone/tools/target/test-dir/MiniOzoneClusterImpl-6d01f745-579a-4aef-b168-1b4d6e4a660d/datanode-0/data/ratis/5a6878fe-f92d-4241-8c29-f0a8b3d7a511 has been successfully formatted.
2019-09-26 11:03:55,167 [pool-27-thread-1] INFO  ratis.ContainerStateMachine (ContainerStateMachine.java:loadSnapshot(230)) - group-F0A8B3D7A511: The snapshot info is null. Setting the last applied indexto:(t:0, i:~)
2019-09-26 11:03:55,167 [pool-27-thread-1] INFO  server.RaftServerConfigKeys (ConfUtils.java:logGet(43)) - raft.server.notification.no-leader.timeout = 120s (custom)
2019-09-26 11:03:55,167 [pool-27-thread-1] INFO  server.RaftServerConfigKeys (ConfUtils.java:logGet(43)) - raft.server.log.use.memory = false (default)
2019-09-26 11:03:55,167 [pool-27-thread-1] INFO  server.RaftServerConfigKeys (ConfUtils.java:logGet(43)) - raft.server.log.purge.gap = 1000000 (custom)
2019-09-26 11:03:55,167 [pool-27-thread-1] INFO  server.RaftServerConfigKeys (ConfUtils.java:logGet(43)) - raft.server.log.appender.buffer.byte-limit = 33554432 (custom)
2019-09-26 11:03:55,168 [pool-27-thread-1] INFO  server.RaftServerConfigKeys (ConfUtils.java:logGet(43)) - raft.server.log.segment.size.max = 1048576 (custom)
2019-09-26 11:03:55,168 [pool-27-thread-1] INFO  server.RaftServerConfigKeys (ConfUtils.java:logGet(43)) - raft.server.log.segment.cache.num.max = 2 (custom)
2019-09-26 11:03:55,168 [pool-27-thread-1] INFO  segmented.SegmentedRaftLogWorker (SegmentedRaftLogWorker.java:<init>(172)) - new e958bcc3-6e58-4a42-8cec-6068de8a50c7@group-F0A8B3D7A511-SegmentedRaftLogWorker for RaftStorage:Storage Directory /workdir/hadoop-ozone/tools/target/test-dir/MiniOzoneClusterImpl-6d01f745-579a-4aef-b168-1b4d6e4a660d/datanode-0/data/ratis/5a6878fe-f92d-4241-8c29-f0a8b3d7a511
2019-09-26 11:03:55,168 [pool-27-thread-1] INFO  server.RaftServerConfigKeys (ConfUtils.java:logGet(43)) - raft.server.log.queue.byte-limit = 2147483647 (custom)
2019-09-26 11:03:55,168 [pool-27-thread-1] INFO  server.RaftServerConfigKeys (ConfUtils.java:logGet(43)) - raft.server.log.queue.element-limit = 1024 (custom)
2019-09-26 11:03:55,168 [pool-27-thread-1] INFO  server.RaftServerConfigKeys (ConfUtils.java:logGet(43)) - raft.server.log.segment.size.max = 1048576 (custom)
2019-09-26 11:03:55,169 [pool-27-thread-1] INFO  server.RaftServerConfigKeys (ConfUtils.java:logGet(43)) - raft.server.log.preallocated.size = 16384 (custom)
2019-09-26 11:03:55,169 [pool-27-thread-1] INFO  server.RaftServerConfigKeys (ConfUtils.java:logGet(43)) - raft.server.log.write.buffer.size = 33554432 (custom)
2019-09-26 11:03:55,169 [pool-27-thread-1] INFO  server.RaftServerConfigKeys (ConfUtils.java:logGet(43)) - raft.server.log.force.sync.num = 128 (default)
2019-09-26 11:03:55,169 [pool-27-thread-1] INFO  server.RaftServerConfigKeys (ConfUtils.java:logGet(43)) - raft.server.log.statemachine.data.sync = true (default)
2019-09-26 11:03:55,169 [pool-27-thread-1] INFO  server.RaftServerConfigKeys (ConfUtils.java:logGet(43)) - raft.server.log.statemachine.data.sync.timeout = 10s (default)
2019-09-26 11:03:55,169 [pool-27-thread-1] INFO  server.RaftServerConfigKeys (ConfUtils.java:logGet(43)) - raft.server.log.statemachine.data.sync.timeout.retry = -1 (default)
2019-09-26 11:03:55,170 [pool-27-thread-1] INFO  server.RaftServerConfigKeys (ConfUtils.java:logGet(43)) - raft.server.log.statemachine.data.caching.enabled = true (custom)
2019-09-26 11:03:55,170 [pool-27-thread-1] INFO  segmented.SegmentedRaftLogWorker (SegmentedRaftLogWorker.java:lambda$new$0(132)) - e958bcc3-6e58-4a42-8cec-6068de8a50c7@group-F0A8B3D7A511-SegmentedRaftLogWorker: flushIndex: setUnconditionally 0 -> -1
2019-09-26 11:03:55,170 [pool-27-thread-1] INFO  server.RaftServerConfigKeys (ConfUtils.java:logGet(43)) - raft.server.snapshot.auto.trigger.enabled = true (custom)
2019-09-26 11:03:55,171 [pool-27-thread-1] INFO  server.RaftServerConfigKeys (ConfUtils.java:logGet(43)) - raft.server.snapshot.auto.trigger.threshold = 10000 (custom)
2019-09-26 11:03:55,171 [pool-27-thread-1] INFO  server.RaftServerConfigKeys (ConfUtils.java:logGet(43)) - raft.server.snapshot.retention.num.files = 5 (custom)
2019-09-26 11:03:55,171 [pool-27-thread-1] INFO  server.RaftServerConfigKeys (ConfUtils.java:logGet(43)) - raft.server.retrycache.expirytime = 600000ms (custom)
2019-09-26 11:03:55,173 [pool-27-thread-1] INFO  impl.RaftServerImpl (RaftServerImpl.java:start(185)) - e958bcc3-6e58-4a42-8cec-6068de8a50c7@group-F0A8B3D7A511: start as a follower, conf=-1: [e958bcc3-6e58-4a42-8cec-6068de8a50c7:192.168.30.13:44994], old=null
2019-09-26 11:03:55,174 [pool-27-thread-1] INFO  impl.RaftServerImpl (RaftServerImpl.java:setRole(174)) - e958bcc3-6e58-4a42-8cec-6068de8a50c7@group-F0A8B3D7A511: changes role from      null to FOLLOWER at term 0 for startAsFollower
2019-09-26 11:03:55,174 [pool-27-thread-1] INFO  impl.RoleInfo (RoleInfo.java:updateAndGet(143)) - e958bcc3-6e58-4a42-8cec-6068de8a50c7: start FollowerState
2019-09-26 11:03:55,174 [pool-27-thread-1] INFO  util.JmxRegister (JmxRegister.java:tryRegister(44)) - Successfully registered JMX Bean with object name Ratis:service=RaftServer,group=group-F0A8B3D7A511,id=e958bcc3-6e58-4a42-8cec-6068de8a50c7
2019-09-26 11:03:55,180 [RatisPipelineUtilsThread] INFO  pipeline.PipelineStateManager (PipelineStateManager.java:addPipeline(56)) - Created pipeline Pipeline[ Id: 5a6878fe-f92d-4241-8c29-f0a8b3d7a511, Nodes: e958bcc3-6e58-4a42-8cec-6068de8a50c7{ip: 192.168.30.13, host: pr-hdds-1569-wvzgm-824869521, networkLocation: /default-rack, certSerialId: null}, Type:RATIS, Factor:ONE, State:OPEN]
2019-09-26 11:03:55,180 [RatisPipelineUtilsThread] INFO  pipeline.PipelinePlacementPolicy (PipelinePlacementPolicy.java:meetCriteria(91)) - Pipeline Placement: can't place more pipeline on heavy datanode： 0b4034a9-ca74-4b3f-a167-05c5f7dd3c4d Heaviness: 6 limit: 5
2019-09-26 11:03:55,180 [RatisPipelineUtilsThread] INFO  pipeline.PipelinePlacementPolicy (PipelinePlacementPolicy.java:meetCriteria(91)) - Pipeline Placement: can't place more pipeline on heavy datanode： 1745fe83-e03c-45fa-a055-fce326b8113e Heaviness: 6 limit: 5
2019-09-26 11:03:55,192 [grpc-default-executor-0] INFO  impl.RaftServerProxy (RaftServerProxy.java:addNew(89)) - e958bcc3-6e58-4a42-8cec-6068de8a50c7: addNew group-AB7FA012E923:[e958bcc3-6e58-4a42-8cec-6068de8a50c7:192.168.30.13:44994] returns group-AB7FA012E923:java.util.concurrent.CompletableFuture@44025cbd[Not completed]
2019-09-26 11:03:55,193 [pool-27-thread-1] INFO  impl.RaftServerImpl (RaftServerImpl.java:<init>(95)) - e958bcc3-6e58-4a42-8cec-6068de8a50c7: new RaftServerImpl for group-AB7FA012E923:[e958bcc3-6e58-4a42-8cec-6068de8a50c7:192.168.30.13:44994] with ContainerStateMachine:uninitialized
2019-09-26 11:03:55,193 [pool-27-thread-1] INFO  server.RaftServerConfigKeys (ConfUtils.java:logGet(43)) - raft.server.rpc.timeout.min = 5s (custom)
2019-09-26 11:03:55,193 [pool-27-thread-1] INFO  server.RaftServerConfigKeys (ConfUtils.java:logGet(43)) - raft.server.rpc.timeout.max = 5200ms (custom)
2019-09-26 11:03:55,193 [pool-27-thread-1] INFO  server.RaftServerConfigKeys (ConfUtils.java:logGet(43)) - raft.server.rpcslowness.timeout = 120s (custom)
2019-09-26 11:03:55,194 [pool-27-thread-1] INFO  server.RaftServerConfigKeys (ConfUtils.java:logGet(43)) - raft.server.sleep.deviation.threshold = 300 (default)
2019-09-26 11:03:55,194 [pool-27-thread-1] INFO  server.RaftServerConfigKeys (ConfUtils.java:logGet(43)) - raft.server.log.appender.install.snapshot.enabled = false (custom)
2019-09-26 11:03:55,194 [pool-27-thread-1] INFO  impl.RaftServerImpl (ServerState.java:<init>(103)) - e958bcc3-6e58-4a42-8cec-6068de8a50c7@group-AB7FA012E923: ConfigurationManager, init=-1: [e958bcc3-6e58-4a42-8cec-6068de8a50c7:192.168.30.13:44994], old=null, confs=<EMPTY_MAP>
2019-09-26 11:03:55,194 [pool-27-thread-1] INFO  server.RaftServerConfigKeys (ConfUtils.java:logGet(43)) - raft.server.storage.dir = [/workdir/hadoop-ozone/tools/target/test-dir/MiniOzoneClusterImpl-6d01f745-579a-4aef-b168-1b4d6e4a660d/datanode-0/data/ratis] (custom)
2019-09-26 11:03:55,194 [pool-27-thread-1] INFO  storage.RaftStorageDirectory (RaftStorageDirectory.java:analyzeStorage(246)) - The storage directory /workdir/hadoop-ozone/tools/target/test-dir/MiniOzoneClusterImpl-6d01f745-579a-4aef-b168-1b4d6e4a660d/datanode-0/data/ratis/2765a3d1-765d-4b78-b864-ab7fa012e923 does not exist. Creating ...
2019-09-26 11:03:55,207 [pool-27-thread-1] INFO  storage.RaftStorageDirectory (RaftStorageDirectory.java:tryLock(328)) - Lock on /workdir/hadoop-ozone/tools/target/test-dir/MiniOzoneClusterImpl-6d01f745-579a-4aef-b168-1b4d6e4a660d/datanode-0/data/ratis/2765a3d1-765d-4b78-b864-ab7fa012e923/in_use.lock acquired by nodename 17968@pr-hdds-1569-wvzgm-824869521
2019-09-26 11:03:55,219 [pool-27-thread-1] INFO  storage.RaftStorage (RaftStorage.java:format(72)) - Storage directory /workdir/hadoop-ozone/tools/target/test-dir/MiniOzoneClusterImpl-6d01f745-579a-4aef-b168-1b4d6e4a660d/datanode-0/data/ratis/2765a3d1-765d-4b78-b864-ab7fa012e923 has been successfully formatted.
2019-09-26 11:03:55,220 [pool-27-thread-1] INFO  ratis.ContainerStateMachine (ContainerStateMachine.java:loadSnapshot(230)) - group-AB7FA012E923: The snapshot info is null. Setting the last applied indexto:(t:0, i:~)
2019-09-26 11:03:55,220 [pool-27-thread-1] INFO  server.RaftServerConfigKeys (ConfUtils.java:logGet(43)) - raft.server.notification.no-leader.timeout = 120s (custom)
2019-09-26 11:03:55,220 [pool-27-thread-1] INFO  server.RaftServerConfigKeys (ConfUtils.java:logGet(43)) - raft.server.log.use.memory = false (default)
2019-09-26 11:03:55,220 [pool-27-thread-1] INFO  server.RaftServerConfigKeys (ConfUtils.java:logGet(43)) - raft.server.log.purge.gap = 1000000 (custom)
2019-09-26 11:03:55,220 [pool-27-thread-1] INFO  server.RaftServerConfigKeys (ConfUtils.java:logGet(43)) - raft.server.log.appender.buffer.byte-limit = 33554432 (custom)
2019-09-26 11:03:55,220 [pool-27-thread-1] INFO  server.RaftServerConfigKeys (ConfUtils.java:logGet(43)) - raft.server.log.segment.size.max = 1048576 (custom)
2019-09-26 11:03:55,221 [pool-27-thread-1] INFO  server.RaftServerConfigKeys (ConfUtils.java:logGet(43)) - raft.server.log.segment.cache.num.max = 2 (custom)
2019-09-26 11:03:55,221 [pool-27-thread-1] INFO  segmented.SegmentedRaftLogWorker (SegmentedRaftLogWorker.java:<init>(172)) - new e958bcc3-6e58-4a42-8cec-6068de8a50c7@group-AB7FA012E923-SegmentedRaftLogWorker for RaftStorage:Storage Directory /workdir/hadoop-ozone/tools/target/test-dir/MiniOzoneClusterImpl-6d01f745-579a-4aef-b168-1b4d6e4a660d/datanode-0/data/ratis/2765a3d1-765d-4b78-b864-ab7fa012e923
2019-09-26 11:03:55,221 [pool-27-thread-1] INFO  server.RaftServerConfigKeys (ConfUtils.java:logGet(43)) - raft.server.log.queue.byte-limit = 2147483647 (custom)
2019-09-26 11:03:55,221 [pool-27-thread-1] INFO  server.RaftServerConfigKeys (ConfUtils.java:logGet(43)) - raft.server.log.queue.element-limit = 1024 (custom)
2019-09-26 11:03:55,221 [pool-27-thread-1] INFO  server.RaftServerConfigKeys (ConfUtils.java:logGet(43)) - raft.server.log.segment.size.max = 1048576 (custom)
2019-09-26 11:03:55,221 [pool-27-thread-1] INFO  server.RaftServerConfigKeys (ConfUtils.java:logGet(43)) - raft.server.log.preallocated.size = 16384 (custom)
2019-09-26 11:03:55,221 [pool-27-thread-1] INFO  server.RaftServerConfigKeys (ConfUtils.java:logGet(43)) - raft.server.log.write.buffer.size = 33554432 (custom)
2019-09-26 11:03:55,222 [pool-27-thread-1] INFO  server.RaftServerConfigKeys (ConfUtils.java:logGet(43)) - raft.server.log.force.sync.num = 128 (default)
2019-09-26 11:03:55,222 [pool-27-thread-1] INFO  server.RaftServerConfigKeys (ConfUtils.java:logGet(43)) - raft.server.log.statemachine.data.sync = true (default)
2019-09-26 11:03:55,222 [pool-27-thread-1] INFO  server.RaftServerConfigKeys (ConfUtils.java:logGet(43)) - raft.server.log.statemachine.data.sync.timeout = 10s (default)
2019-09-26 11:03:55,222 [pool-27-thread-1] INFO  server.RaftServerConfigKeys (ConfUtils.java:logGet(43)) - raft.server.log.statemachine.data.sync.timeout.retry = -1 (default)
2019-09-26 11:03:55,222 [pool-27-thread-1] INFO  server.RaftServerConfigKeys (ConfUtils.java:logGet(43)) - raft.server.log.statemachine.data.caching.enabled = true (custom)
2019-09-26 11:03:55,223 [pool-27-thread-1] INFO  segmented.SegmentedRaftLogWorker (SegmentedRaftLogWorker.java:lambda$new$0(132)) - e958bcc3-6e58-4a42-8cec-6068de8a50c7@group-AB7FA012E923-SegmentedRaftLogWorker: flushIndex: setUnconditionally 0 -> -1
2019-09-26 11:03:55,223 [pool-27-thread-1] INFO  server.RaftServerConfigKeys (ConfUtils.java:logGet(43)) - raft.server.snapshot.auto.trigger.enabled = true (custom)
2019-09-26 11:03:55,223 [pool-27-thread-1] INFO  server.RaftServerConfigKeys (ConfUtils.java:logGet(43)) - raft.server.snapshot.auto.trigger.threshold = 10000 (custom)
2019-09-26 11:03:55,223 [pool-27-thread-1] INFO  server.RaftServerConfigKeys (ConfUtils.java:logGet(43)) - raft.server.snapshot.retention.num.files = 5 (custom)
2019-09-26 11:03:55,223 [pool-27-thread-1] INFO  server.RaftServerConfigKeys (ConfUtils.java:logGet(43)) - raft.server.retrycache.expirytime = 600000ms (custom)
2019-09-26 11:03:55,226 [pool-27-thread-1] INFO  impl.RaftServerImpl (RaftServerImpl.java:start(185)) - e958bcc3-6e58-4a42-8cec-6068de8a50c7@group-AB7FA012E923: start as a follower, conf=-1: [e958bcc3-6e58-4a42-8cec-6068de8a50c7:192.168.30.13:44994], old=null
2019-09-26 11:03:55,226 [pool-27-thread-1] INFO  impl.RaftServerImpl (RaftServerImpl.java:setRole(174)) - e958bcc3-6e58-4a42-8cec-6068de8a50c7@group-AB7FA012E923: changes role from      null to FOLLOWER at term 0 for startAsFollower
2019-09-26 11:03:55,226 [pool-27-thread-1] INFO  impl.RoleInfo (RoleInfo.java:updateAndGet(143)) - e958bcc3-6e58-4a42-8cec-6068de8a50c7: start FollowerState
2019-09-26 11:03:55,227 [pool-27-thread-1] INFO  util.JmxRegister (JmxRegister.java:tryRegister(44)) - Successfully registered JMX Bean with object name Ratis:service=RaftServer,group=group-AB7FA012E923,id=e958bcc3-6e58-4a42-8cec-6068de8a50c7
2019-09-26 11:03:55,233 [RatisPipelineUtilsThread] INFO  pipeline.PipelineStateManager (PipelineStateManager.java:addPipeline(56)) - Created pipeline Pipeline[ Id: 2765a3d1-765d-4b78-b864-ab7fa012e923, Nodes: e958bcc3-6e58-4a42-8cec-6068de8a50c7{ip: 192.168.30.13, host: pr-hdds-1569-wvzgm-824869521, networkLocation: /default-rack, certSerialId: null}, Type:RATIS, Factor:ONE, State:OPEN]
2019-09-26 11:03:55,234 [RatisPipelineUtilsThread] INFO  pipeline.PipelinePlacementPolicy (PipelinePlacementPolicy.java:meetCriteria(91)) - Pipeline Placement: can't place more pipeline on heavy datanode： 0b4034a9-ca74-4b3f-a167-05c5f7dd3c4d Heaviness: 6 limit: 5
2019-09-26 11:03:55,234 [RatisPipelineUtilsThread] INFO  pipeline.PipelinePlacementPolicy (PipelinePlacementPolicy.java:meetCriteria(91)) - Pipeline Placement: can't place more pipeline on heavy datanode： 1745fe83-e03c-45fa-a055-fce326b8113e Heaviness: 6 limit: 5
2019-09-26 11:03:55,234 [RatisPipelineUtilsThread] INFO  pipeline.PipelinePlacementPolicy (PipelinePlacementPolicy.java:meetCriteria(91)) - Pipeline Placement: can't place more pipeline on heavy datanode： e958bcc3-6e58-4a42-8cec-6068de8a50c7 Heaviness: 6 limit: 5
2019-09-26 11:03:55,235 [RatisPipelineUtilsThread] ERROR pipeline.PipelinePlacementPolicy (PipelinePlacementPolicy.java:filterViableNodes(148)) - Unable to find enough nodes that meet the criteria that cannot engage in more than 5 pipelines. Nodes required: 1 Found: 0, healthy nodes count inNodeManager: 3.
2019-09-26 11:03:55,239 [RatisPipelineUtilsThread] ERROR pipeline.SCMPipelineManager (SCMPipelineManager.java:createPipeline(167)) - Pipeline creation failed.
org.apache.hadoop.hdds.scm.exceptions.SCMException: Unable to find enough nodes that meet the criteria that cannot engage in more than 5 pipelines. Nodes required: 1 Found: 0, healthy nodes count inNodeManager: 3.
	at org.apache.hadoop.hdds.scm.pipeline.PipelinePlacementPolicy.filterViableNodes(PipelinePlacementPolicy.java:149)
	at org.apache.hadoop.hdds.scm.pipeline.PipelinePlacementPolicy.chooseDatanodes(PipelinePlacementPolicy.java:172)
	at org.apache.hadoop.hdds.scm.pipeline.RatisPipelineProvider.create(RatisPipelineProvider.java:93)
	at org.apache.hadoop.hdds.scm.pipeline.PipelineFactory.create(PipelineFactory.java:58)
	at org.apache.hadoop.hdds.scm.pipeline.SCMPipelineManager.createPipeline(SCMPipelineManager.java:155)
	at org.apache.hadoop.hdds.scm.pipeline.BackgroundPipelineCreator.createPipelines(BackgroundPipelineCreator.java:99)
	at java.util.concurrent.Executors$RunnableAdapter.call(Executors.java:511)
	at java.util.concurrent.FutureTask.run(FutureTask.java:266)
	at java.util.concurrent.ScheduledThreadPoolExecutor$ScheduledFutureTask.access$201(ScheduledThreadPoolExecutor.java:180)
	at java.util.concurrent.ScheduledThreadPoolExecutor$ScheduledFutureTask.run(ScheduledThreadPoolExecutor.java:293)
	at java.util.concurrent.ThreadPoolExecutor.runWorker(ThreadPoolExecutor.java:1149)
	at java.util.concurrent.ThreadPoolExecutor$Worker.run(ThreadPoolExecutor.java:624)
	at java.lang.Thread.run(Thread.java:748)
2019-09-26 11:03:55,242 [RatisPipelineUtilsThread] INFO  pipeline.PipelinePlacementPolicy (PipelinePlacementPolicy.java:meetCriteria(91)) - Pipeline Placement: can't place more pipeline on heavy datanode： 0b4034a9-ca74-4b3f-a167-05c5f7dd3c4d Heaviness: 6 limit: 5
2019-09-26 11:03:55,242 [RatisPipelineUtilsThread] INFO  pipeline.PipelinePlacementPolicy (PipelinePlacementPolicy.java:meetCriteria(91)) - Pipeline Placement: can't place more pipeline on heavy datanode： 1745fe83-e03c-45fa-a055-fce326b8113e Heaviness: 6 limit: 5
2019-09-26 11:03:55,243 [RatisPipelineUtilsThread] INFO  pipeline.PipelinePlacementPolicy (PipelinePlacementPolicy.java:meetCriteria(91)) - Pipeline Placement: can't place more pipeline on heavy datanode： e958bcc3-6e58-4a42-8cec-6068de8a50c7 Heaviness: 6 limit: 5
2019-09-26 11:03:55,243 [RatisPipelineUtilsThread] ERROR pipeline.PipelinePlacementPolicy (PipelinePlacementPolicy.java:filterViableNodes(148)) - Unable to find enough nodes that meet the criteria that cannot engage in more than 5 pipelines. Nodes required: 3 Found: 0, healthy nodes count inNodeManager: 3.
2019-09-26 11:03:55,243 [RatisPipelineUtilsThread] ERROR pipeline.SCMPipelineManager (SCMPipelineManager.java:createPipeline(167)) - Pipeline creation failed.
org.apache.hadoop.hdds.scm.exceptions.SCMException: Unable to find enough nodes that meet the criteria that cannot engage in more than 5 pipelines. Nodes required: 3 Found: 0, healthy nodes count inNodeManager: 3.
	at org.apache.hadoop.hdds.scm.pipeline.PipelinePlacementPolicy.filterViableNodes(PipelinePlacementPolicy.java:149)
	at org.apache.hadoop.hdds.scm.pipeline.PipelinePlacementPolicy.chooseDatanodes(PipelinePlacementPolicy.java:172)
	at org.apache.hadoop.hdds.scm.pipeline.RatisPipelineProvider.create(RatisPipelineProvider.java:93)
	at org.apache.hadoop.hdds.scm.pipeline.PipelineFactory.create(PipelineFactory.java:58)
	at org.apache.hadoop.hdds.scm.pipeline.SCMPipelineManager.createPipeline(SCMPipelineManager.java:155)
	at org.apache.hadoop.hdds.scm.pipeline.BackgroundPipelineCreator.createPipelines(BackgroundPipelineCreator.java:99)
	at java.util.concurrent.Executors$RunnableAdapter.call(Executors.java:511)
	at java.util.concurrent.FutureTask.run(FutureTask.java:266)
	at java.util.concurrent.ScheduledThreadPoolExecutor$ScheduledFutureTask.access$201(ScheduledThreadPoolExecutor.java:180)
	at java.util.concurrent.ScheduledThreadPoolExecutor$ScheduledFutureTask.run(ScheduledThreadPoolExecutor.java:293)
	at java.util.concurrent.ThreadPoolExecutor.runWorker(ThreadPoolExecutor.java:1149)
	at java.util.concurrent.ThreadPoolExecutor$Worker.run(ThreadPoolExecutor.java:624)
	at java.lang.Thread.run(Thread.java:748)
2019-09-26 11:03:55,610 [RatisPipelineUtilsThread] INFO  pipeline.PipelinePlacementPolicy (PipelinePlacementPolicy.java:meetCriteria(91)) - Pipeline Placement: can't place more pipeline on heavy datanode： 0b4034a9-ca74-4b3f-a167-05c5f7dd3c4d Heaviness: 6 limit: 5
2019-09-26 11:03:55,610 [RatisPipelineUtilsThread] INFO  pipeline.PipelinePlacementPolicy (PipelinePlacementPolicy.java:meetCriteria(91)) - Pipeline Placement: can't place more pipeline on heavy datanode： 1745fe83-e03c-45fa-a055-fce326b8113e Heaviness: 6 limit: 5
2019-09-26 11:03:55,610 [RatisPipelineUtilsThread] INFO  pipeline.PipelinePlacementPolicy (PipelinePlacementPolicy.java:meetCriteria(91)) - Pipeline Placement: can't place more pipeline on heavy datanode： e958bcc3-6e58-4a42-8cec-6068de8a50c7 Heaviness: 6 limit: 5
2019-09-26 11:03:55,612 [RatisPipelineUtilsThread] ERROR pipeline.PipelinePlacementPolicy (PipelinePlacementPolicy.java:filterViableNodes(148)) - Unable to find enough nodes that meet the criteria that cannot engage in more than 5 pipelines. Nodes required: 1 Found: 0, healthy nodes count inNodeManager: 3.
2019-09-26 11:03:55,612 [RatisPipelineUtilsThread] ERROR pipeline.SCMPipelineManager (SCMPipelineManager.java:createPipeline(167)) - Pipeline creation failed.
org.apache.hadoop.hdds.scm.exceptions.SCMException: Unable to find enough nodes that meet the criteria that cannot engage in more than 5 pipelines. Nodes required: 1 Found: 0, healthy nodes count inNodeManager: 3.
	at org.apache.hadoop.hdds.scm.pipeline.PipelinePlacementPolicy.filterViableNodes(PipelinePlacementPolicy.java:149)
	at org.apache.hadoop.hdds.scm.pipeline.PipelinePlacementPolicy.chooseDatanodes(PipelinePlacementPolicy.java:172)
	at org.apache.hadoop.hdds.scm.pipeline.RatisPipelineProvider.create(RatisPipelineProvider.java:93)
	at org.apache.hadoop.hdds.scm.pipeline.PipelineFactory.create(PipelineFactory.java:58)
	at org.apache.hadoop.hdds.scm.pipeline.SCMPipelineManager.createPipeline(SCMPipelineManager.java:155)
	at org.apache.hadoop.hdds.scm.pipeline.BackgroundPipelineCreator.createPipelines(BackgroundPipelineCreator.java:99)
	at org.apache.hadoop.hdds.scm.pipeline.BackgroundPipelineCreator.lambda$startFixedIntervalPipelineCreator$0(BackgroundPipelineCreator.java:70)
	at java.util.concurrent.Executors$RunnableAdapter.call(Executors.java:511)
	at java.util.concurrent.FutureTask.runAndReset(FutureTask.java:308)
	at java.util.concurrent.ScheduledThreadPoolExecutor$ScheduledFutureTask.access$301(ScheduledThreadPoolExecutor.java:180)
	at java.util.concurrent.ScheduledThreadPoolExecutor$ScheduledFutureTask.run(ScheduledThreadPoolExecutor.java:294)
	at java.util.concurrent.ThreadPoolExecutor.runWorker(ThreadPoolExecutor.java:1149)
	at java.util.concurrent.ThreadPoolExecutor$Worker.run(ThreadPoolExecutor.java:624)
	at java.lang.Thread.run(Thread.java:748)
2019-09-26 11:03:55,613 [RatisPipelineUtilsThread] INFO  pipeline.PipelinePlacementPolicy (PipelinePlacementPolicy.java:meetCriteria(91)) - Pipeline Placement: can't place more pipeline on heavy datanode： 0b4034a9-ca74-4b3f-a167-05c5f7dd3c4d Heaviness: 6 limit: 5
2019-09-26 11:03:55,613 [RatisPipelineUtilsThread] INFO  pipeline.PipelinePlacementPolicy (PipelinePlacementPolicy.java:meetCriteria(91)) - Pipeline Placement: can't place more pipeline on heavy datanode： 1745fe83-e03c-45fa-a055-fce326b8113e Heaviness: 6 limit: 5
2019-09-26 11:03:55,613 [RatisPipelineUtilsThread] INFO  pipeline.PipelinePlacementPolicy (PipelinePlacementPolicy.java:meetCriteria(91)) - Pipeline Placement: can't place more pipeline on heavy datanode： e958bcc3-6e58-4a42-8cec-6068de8a50c7 Heaviness: 6 limit: 5
2019-09-26 11:03:55,613 [RatisPipelineUtilsThread] ERROR pipeline.PipelinePlacementPolicy (PipelinePlacementPolicy.java:filterViableNodes(148)) - Unable to find enough nodes that meet the criteria that cannot engage in more than 5 pipelines. Nodes required: 3 Found: 0, healthy nodes count inNodeManager: 3.
2019-09-26 11:03:55,613 [RatisPipelineUtilsThread] ERROR pipeline.SCMPipelineManager (SCMPipelineManager.java:createPipeline(167)) - Pipeline creation failed.
org.apache.hadoop.hdds.scm.exceptions.SCMException: Unable to find enough nodes that meet the criteria that cannot engage in more than 5 pipelines. Nodes required: 3 Found: 0, healthy nodes count inNodeManager: 3.
	at org.apache.hadoop.hdds.scm.pipeline.PipelinePlacementPolicy.filterViableNodes(PipelinePlacementPolicy.java:149)
	at org.apache.hadoop.hdds.scm.pipeline.PipelinePlacementPolicy.chooseDatanodes(PipelinePlacementPolicy.java:172)
	at org.apache.hadoop.hdds.scm.pipeline.RatisPipelineProvider.create(RatisPipelineProvider.java:93)
	at org.apache.hadoop.hdds.scm.pipeline.PipelineFactory.create(PipelineFactory.java:58)
	at org.apache.hadoop.hdds.scm.pipeline.SCMPipelineManager.createPipeline(SCMPipelineManager.java:155)
	at org.apache.hadoop.hdds.scm.pipeline.BackgroundPipelineCreator.createPipelines(BackgroundPipelineCreator.java:99)
	at org.apache.hadoop.hdds.scm.pipeline.BackgroundPipelineCreator.lambda$startFixedIntervalPipelineCreator$0(BackgroundPipelineCreator.java:70)
	at java.util.concurrent.Executors$RunnableAdapter.call(Executors.java:511)
	at java.util.concurrent.FutureTask.runAndReset(FutureTask.java:308)
	at java.util.concurrent.ScheduledThreadPoolExecutor$ScheduledFutureTask.access$301(ScheduledThreadPoolExecutor.java:180)
	at java.util.concurrent.ScheduledThreadPoolExecutor$ScheduledFutureTask.run(ScheduledThreadPoolExecutor.java:294)
	at java.util.concurrent.ThreadPoolExecutor.runWorker(ThreadPoolExecutor.java:1149)
	at java.util.concurrent.ThreadPoolExecutor$Worker.run(ThreadPoolExecutor.java:624)
	at java.lang.Thread.run(Thread.java:748)
2019-09-26 11:03:55,614 [IPC Server handler 2 on 46679] INFO  pipeline.PipelinePlacementPolicy (PipelinePlacementPolicy.java:meetCriteria(91)) - Pipeline Placement: can't place more pipeline on heavy datanode： 0b4034a9-ca74-4b3f-a167-05c5f7dd3c4d Heaviness: 6 limit: 5
2019-09-26 11:03:55,614 [IPC Server handler 2 on 46679] INFO  pipeline.PipelinePlacementPolicy (PipelinePlacementPolicy.java:meetCriteria(91)) - Pipeline Placement: can't place more pipeline on heavy datanode： 1745fe83-e03c-45fa-a055-fce326b8113e Heaviness: 6 limit: 5
2019-09-26 11:03:55,615 [IPC Server handler 2 on 46679] INFO  pipeline.PipelinePlacementPolicy (PipelinePlacementPolicy.java:meetCriteria(91)) - Pipeline Placement: can't place more pipeline on heavy datanode： e958bcc3-6e58-4a42-8cec-6068de8a50c7 Heaviness: 6 limit: 5
2019-09-26 11:03:55,615 [IPC Server handler 2 on 46679] ERROR pipeline.PipelinePlacementPolicy (PipelinePlacementPolicy.java:filterViableNodes(148)) - Unable to find enough nodes that meet the criteria that cannot engage in more than 5 pipelines. Nodes required: 3 Found: 0, healthy nodes count inNodeManager: 3.
2019-09-26 11:03:55,615 [IPC Server handler 2 on 46679] ERROR pipeline.SCMPipelineManager (SCMPipelineManager.java:createPipeline(167)) - Pipeline creation failed.
org.apache.hadoop.hdds.scm.exceptions.SCMException: Unable to find enough nodes that meet the criteria that cannot engage in more than 5 pipelines. Nodes required: 3 Found: 0, healthy nodes count inNodeManager: 3.
	at org.apache.hadoop.hdds.scm.pipeline.PipelinePlacementPolicy.filterViableNodes(PipelinePlacementPolicy.java:149)
	at org.apache.hadoop.hdds.scm.pipeline.PipelinePlacementPolicy.chooseDatanodes(PipelinePlacementPolicy.java:172)
	at org.apache.hadoop.hdds.scm.pipeline.RatisPipelineProvider.create(RatisPipelineProvider.java:93)
	at org.apache.hadoop.hdds.scm.pipeline.PipelineFactory.create(PipelineFactory.java:58)
	at org.apache.hadoop.hdds.scm.pipeline.SCMPipelineManager.createPipeline(SCMPipelineManager.java:155)
	at org.apache.hadoop.hdds.scm.block.BlockManagerImpl.allocateBlock(BlockManagerImpl.java:190)
	at org.apache.hadoop.hdds.scm.server.SCMBlockProtocolServer.allocateBlock(SCMBlockProtocolServer.java:182)
	at org.apache.hadoop.ozone.protocolPB.ScmBlockLocationProtocolServerSideTranslatorPB.allocateScmBlock(ScmBlockLocationProtocolServerSideTranslatorPB.java:183)
	at org.apache.hadoop.ozone.protocolPB.ScmBlockLocationProtocolServerSideTranslatorPB.processMessage(ScmBlockLocationProtocolServerSideTranslatorPB.java:141)
	at org.apache.hadoop.ozone.protocolPB.ScmBlockLocationProtocolServerSideTranslatorPB.send(ScmBlockLocationProtocolServerSideTranslatorPB.java:116)
	at org.apache.hadoop.hdds.protocol.proto.ScmBlockLocationProtocolProtos$ScmBlockLocationProtocolService$2.callBlockingMethod(ScmBlockLocationProtocolProtos.java:13157)
	at org.apache.hadoop.ipc.ProtobufRpcEngine$Server$ProtoBufRpcInvoker.call(ProtobufRpcEngine.java:524)
	at org.apache.hadoop.ipc.RPC$Server.call(RPC.java:1025)
	at org.apache.hadoop.ipc.Server$RpcCall.run(Server.java:876)
	at org.apache.hadoop.ipc.Server$RpcCall.run(Server.java:822)
	at java.security.AccessController.doPrivileged(Native Method)
	at javax.security.auth.Subject.doAs(Subject.java:422)
	at org.apache.hadoop.security.UserGroupInformation.doAs(UserGroupInformation.java:1730)
	at org.apache.hadoop.ipc.Server$Handler.run(Server.java:2682)
2019-09-26 11:03:55,616 [IPC Server handler 2 on 46679] WARN  block.BlockManagerImpl (BlockManagerImpl.java:allocateBlock(192)) - Pipeline creation failed for type:RATIS factor:THREE. Retrying get pipelines call once.
org.apache.hadoop.hdds.scm.exceptions.SCMException: Unable to find enough nodes that meet the criteria that cannot engage in more than 5 pipelines. Nodes required: 3 Found: 0, healthy nodes count inNodeManager: 3.
	at org.apache.hadoop.hdds.scm.pipeline.PipelinePlacementPolicy.filterViableNodes(PipelinePlacementPolicy.java:149)
	at org.apache.hadoop.hdds.scm.pipeline.PipelinePlacementPolicy.chooseDatanodes(PipelinePlacementPolicy.java:172)
	at org.apache.hadoop.hdds.scm.pipeline.RatisPipelineProvider.create(RatisPipelineProvider.java:93)
	at org.apache.hadoop.hdds.scm.pipeline.PipelineFactory.create(PipelineFactory.java:58)
	at org.apache.hadoop.hdds.scm.pipeline.SCMPipelineManager.createPipeline(SCMPipelineManager.java:155)
	at org.apache.hadoop.hdds.scm.block.BlockManagerImpl.allocateBlock(BlockManagerImpl.java:190)
	at org.apache.hadoop.hdds.scm.server.SCMBlockProtocolServer.allocateBlock(SCMBlockProtocolServer.java:182)
	at org.apache.hadoop.ozone.protocolPB.ScmBlockLocationProtocolServerSideTranslatorPB.allocateScmBlock(ScmBlockLocationProtocolServerSideTranslatorPB.java:183)
	at org.apache.hadoop.ozone.protocolPB.ScmBlockLocationProtocolServerSideTranslatorPB.processMessage(ScmBlockLocationProtocolServerSideTranslatorPB.java:141)
	at org.apache.hadoop.ozone.protocolPB.ScmBlockLocationProtocolServerSideTranslatorPB.send(ScmBlockLocationProtocolServerSideTranslatorPB.java:116)
	at org.apache.hadoop.hdds.protocol.proto.ScmBlockLocationProtocolProtos$ScmBlockLocationProtocolService$2.callBlockingMethod(ScmBlockLocationProtocolProtos.java:13157)
	at org.apache.hadoop.ipc.ProtobufRpcEngine$Server$ProtoBufRpcInvoker.call(ProtobufRpcEngine.java:524)
	at org.apache.hadoop.ipc.RPC$Server.call(RPC.java:1025)
	at org.apache.hadoop.ipc.Server$RpcCall.run(Server.java:876)
	at org.apache.hadoop.ipc.Server$RpcCall.run(Server.java:822)
	at java.security.AccessController.doPrivileged(Native Method)
	at javax.security.auth.Subject.doAs(Subject.java:422)
	at org.apache.hadoop.security.UserGroupInformation.doAs(UserGroupInformation.java:1730)
	at org.apache.hadoop.ipc.Server$Handler.run(Server.java:2682)
2019-09-26 11:03:55,621 [IPC Server handler 2 on 46679] INFO  block.BlockManagerImpl (BlockManagerImpl.java:allocateBlock(198)) - Could not find available pipeline of type:RATIS and factor:THREE even after retrying
2019-09-26 11:03:55,622 [IPC Server handler 2 on 46679] ERROR block.BlockManagerImpl (BlockManagerImpl.java:allocateBlock(222)) - Unable to allocate a block for the size: 4194304, type: RATIS, factor: THREE
2019-09-26 11:03:55,622 [IPC Server handler 2 on 46679] INFO  pipeline.PipelinePlacementPolicy (PipelinePlacementPolicy.java:meetCriteria(91)) - Pipeline Placement: can't place more pipeline on heavy datanode： 0b4034a9-ca74-4b3f-a167-05c5f7dd3c4d Heaviness: 6 limit: 5
2019-09-26 11:03:55,623 [IPC Server handler 2 on 46679] INFO  pipeline.PipelinePlacementPolicy (PipelinePlacementPolicy.java:meetCriteria(91)) - Pipeline Placement: can't place more pipeline on heavy datanode： 1745fe83-e03c-45fa-a055-fce326b8113e Heaviness: 6 limit: 5
2019-09-26 11:03:55,624 [IPC Server handler 2 on 46679] INFO  pipeline.PipelinePlacementPolicy (PipelinePlacementPolicy.java:meetCriteria(91)) - Pipeline Placement: can't place more pipeline on heavy datanode： e958bcc3-6e58-4a42-8cec-6068de8a50c7 Heaviness: 6 limit: 5
2019-09-26 11:03:55,624 [IPC Server handler 2 on 46679] ERROR pipeline.PipelinePlacementPolicy (PipelinePlacementPolicy.java:filterViableNodes(148)) - Unable to find enough nodes that meet the criteria that cannot engage in more than 5 pipelines. Nodes required: 3 Found: 0, healthy nodes count inNodeManager: 3.
2019-09-26 11:03:55,624 [IPC Server handler 2 on 46679] ERROR pipeline.SCMPipelineManager (SCMPipelineManager.java:createPipeline(167)) - Pipeline creation failed.
org.apache.hadoop.hdds.scm.exceptions.SCMException: Unable to find enough nodes that meet the criteria that cannot engage in more than 5 pipelines. Nodes required: 3 Found: 0, healthy nodes count inNodeManager: 3.
	at org.apache.hadoop.hdds.scm.pipeline.PipelinePlacementPolicy.filterViableNodes(PipelinePlacementPolicy.java:149)
	at org.apache.hadoop.hdds.scm.pipeline.PipelinePlacementPolicy.chooseDatanodes(PipelinePlacementPolicy.java:172)
	at org.apache.hadoop.hdds.scm.pipeline.RatisPipelineProvider.create(RatisPipelineProvider.java:93)
	at org.apache.hadoop.hdds.scm.pipeline.PipelineFactory.create(PipelineFactory.java:58)
	at org.apache.hadoop.hdds.scm.pipeline.SCMPipelineManager.createPipeline(SCMPipelineManager.java:155)
	at org.apache.hadoop.hdds.scm.block.BlockManagerImpl.allocateBlock(BlockManagerImpl.java:190)
	at org.apache.hadoop.hdds.scm.server.SCMBlockProtocolServer.allocateBlock(SCMBlockProtocolServer.java:182)
	at org.apache.hadoop.ozone.protocolPB.ScmBlockLocationProtocolServerSideTranslatorPB.allocateScmBlock(ScmBlockLocationProtocolServerSideTranslatorPB.java:183)
	at org.apache.hadoop.ozone.protocolPB.ScmBlockLocationProtocolServerSideTranslatorPB.processMessage(ScmBlockLocationProtocolServerSideTranslatorPB.java:141)
	at org.apache.hadoop.ozone.protocolPB.ScmBlockLocationProtocolServerSideTranslatorPB.send(ScmBlockLocationProtocolServerSideTranslatorPB.java:116)
	at org.apache.hadoop.hdds.protocol.proto.ScmBlockLocationProtocolProtos$ScmBlockLocationProtocolService$2.callBlockingMethod(ScmBlockLocationProtocolProtos.java:13157)
	at org.apache.hadoop.ipc.ProtobufRpcEngine$Server$ProtoBufRpcInvoker.call(ProtobufRpcEngine.java:524)
	at org.apache.hadoop.ipc.RPC$Server.call(RPC.java:1025)
	at org.apache.hadoop.ipc.Server$RpcCall.run(Server.java:876)
	at org.apache.hadoop.ipc.Server$RpcCall.run(Server.java:822)
	at java.security.AccessController.doPrivileged(Native Method)
	at javax.security.auth.Subject.doAs(Subject.java:422)
	at org.apache.hadoop.security.UserGroupInformation.doAs(UserGroupInformation.java:1730)
	at org.apache.hadoop.ipc.Server$Handler.run(Server.java:2682)
2019-09-26 11:03:55,625 [IPC Server handler 2 on 46679] WARN  block.BlockManagerImpl (BlockManagerImpl.java:allocateBlock(192)) - Pipeline creation failed for type:RATIS factor:THREE. Retrying get pipelines call once.
org.apache.hadoop.hdds.scm.exceptions.SCMException: Unable to find enough nodes that meet the criteria that cannot engage in more than 5 pipelines. Nodes required: 3 Found: 0, healthy nodes count inNodeManager: 3.
	at org.apache.hadoop.hdds.scm.pipeline.PipelinePlacementPolicy.filterViableNodes(PipelinePlacementPolicy.java:149)
	at org.apache.hadoop.hdds.scm.pipeline.PipelinePlacementPolicy.chooseDatanodes(PipelinePlacementPolicy.java:172)
	at org.apache.hadoop.hdds.scm.pipeline.RatisPipelineProvider.create(RatisPipelineProvider.java:93)
	at org.apache.hadoop.hdds.scm.pipeline.PipelineFactory.create(PipelineFactory.java:58)
	at org.apache.hadoop.hdds.scm.pipeline.SCMPipelineManager.createPipeline(SCMPipelineManager.java:155)
	at org.apache.hadoop.hdds.scm.block.BlockManagerImpl.allocateBlock(BlockManagerImpl.java:190)
	at org.apache.hadoop.hdds.scm.server.SCMBlockProtocolServer.allocateBlock(SCMBlockProtocolServer.java:182)
	at org.apache.hadoop.ozone.protocolPB.ScmBlockLocationProtocolServerSideTranslatorPB.allocateScmBlock(ScmBlockLocationProtocolServerSideTranslatorPB.java:183)
	at org.apache.hadoop.ozone.protocolPB.ScmBlockLocationProtocolServerSideTranslatorPB.processMessage(ScmBlockLocationProtocolServerSideTranslatorPB.java:141)
	at org.apache.hadoop.ozone.protocolPB.ScmBlockLocationProtocolServerSideTranslatorPB.send(ScmBlockLocationProtocolServerSideTranslatorPB.java:116)
	at org.apache.hadoop.hdds.protocol.proto.ScmBlockLocationProtocolProtos$ScmBlockLocationProtocolService$2.callBlockingMethod(ScmBlockLocationProtocolProtos.java:13157)
	at org.apache.hadoop.ipc.ProtobufRpcEngine$Server$ProtoBufRpcInvoker.call(ProtobufRpcEngine.java:524)
	at org.apache.hadoop.ipc.RPC$Server.call(RPC.java:1025)
	at org.apache.hadoop.ipc.Server$RpcCall.run(Server.java:876)
	at org.apache.hadoop.ipc.Server$RpcCall.run(Server.java:822)
	at java.security.AccessController.doPrivileged(Native Method)
	at javax.security.auth.Subject.doAs(Subject.java:422)
	at org.apache.hadoop.security.UserGroupInformation.doAs(UserGroupInformation.java:1730)
	at org.apache.hadoop.ipc.Server$Handler.run(Server.java:2682)
2019-09-26 11:03:55,626 [IPC Server handler 2 on 46679] INFO  block.BlockManagerImpl (BlockManagerImpl.java:allocateBlock(198)) - Could not find available pipeline of type:RATIS and factor:THREE even after retrying
2019-09-26 11:03:55,626 [IPC Server handler 2 on 46679] ERROR block.BlockManagerImpl (BlockManagerImpl.java:allocateBlock(222)) - Unable to allocate a block for the size: 4194304, type: RATIS, factor: THREE
2019-09-26 11:03:55,626 [IPC Server handler 2 on 46679] INFO  pipeline.PipelinePlacementPolicy (PipelinePlacementPolicy.java:meetCriteria(91)) - Pipeline Placement: can't place more pipeline on heavy datanode： 0b4034a9-ca74-4b3f-a167-05c5f7dd3c4d Heaviness: 6 limit: 5
2019-09-26 11:03:55,627 [IPC Server handler 2 on 46679] INFO  pipeline.PipelinePlacementPolicy (PipelinePlacementPolicy.java:meetCriteria(91)) - Pipeline Placement: can't place more pipeline on heavy datanode： 1745fe83-e03c-45fa-a055-fce326b8113e Heaviness: 6 limit: 5
2019-09-26 11:03:55,628 [IPC Server handler 2 on 46679] INFO  pipeline.PipelinePlacementPolicy (PipelinePlacementPolicy.java:meetCriteria(91)) - Pipeline Placement: can't place more pipeline on heavy datanode： e958bcc3-6e58-4a42-8cec-6068de8a50c7 Heaviness: 6 limit: 5
2019-09-26 11:03:55,629 [IPC Server handler 2 on 46679] ERROR pipeline.PipelinePlacementPolicy (PipelinePlacementPolicy.java:filterViableNodes(148)) - Unable to find enough nodes that meet the criteria that cannot engage in more than 5 pipelines. Nodes required: 3 Found: 0, healthy nodes count inNodeManager: 3.
2019-09-26 11:03:55,630 [IPC Server handler 2 on 46679] ERROR pipeline.SCMPipelineManager (SCMPipelineManager.java:createPipeline(167)) - Pipeline creation failed.
org.apache.hadoop.hdds.scm.exceptions.SCMException: Unable to find enough nodes that meet the criteria that cannot engage in more than 5 pipelines. Nodes required: 3 Found: 0, healthy nodes count inNodeManager: 3.
	at org.apache.hadoop.hdds.scm.pipeline.PipelinePlacementPolicy.filterViableNodes(PipelinePlacementPolicy.java:149)
	at org.apache.hadoop.hdds.scm.pipeline.PipelinePlacementPolicy.chooseDatanodes(PipelinePlacementPolicy.java:172)
	at org.apache.hadoop.hdds.scm.pipeline.RatisPipelineProvider.create(RatisPipelineProvider.java:93)
	at org.apache.hadoop.hdds.scm.pipeline.PipelineFactory.create(PipelineFactory.java:58)
	at org.apache.hadoop.hdds.scm.pipeline.SCMPipelineManager.createPipeline(SCMPipelineManager.java:155)
	at org.apache.hadoop.hdds.scm.block.BlockManagerImpl.allocateBlock(BlockManagerImpl.java:190)
	at org.apache.hadoop.hdds.scm.server.SCMBlockProtocolServer.allocateBlock(SCMBlockProtocolServer.java:182)
	at org.apache.hadoop.ozone.protocolPB.ScmBlockLocationProtocolServerSideTranslatorPB.allocateScmBlock(ScmBlockLocationProtocolServerSideTranslatorPB.java:183)
	at org.apache.hadoop.ozone.protocolPB.ScmBlockLocationProtocolServerSideTranslatorPB.processMessage(ScmBlockLocationProtocolServerSideTranslatorPB.java:141)
	at org.apache.hadoop.ozone.protocolPB.ScmBlockLocationProtocolServerSideTranslatorPB.send(ScmBlockLocationProtocolServerSideTranslatorPB.java:116)
	at org.apache.hadoop.hdds.protocol.proto.ScmBlockLocationProtocolProtos$ScmBlockLocationProtocolService$2.callBlockingMethod(ScmBlockLocationProtocolProtos.java:13157)
	at org.apache.hadoop.ipc.ProtobufRpcEngine$Server$ProtoBufRpcInvoker.call(ProtobufRpcEngine.java:524)
	at org.apache.hadoop.ipc.RPC$Server.call(RPC.java:1025)
	at org.apache.hadoop.ipc.Server$RpcCall.run(Server.java:876)
	at org.apache.hadoop.ipc.Server$RpcCall.run(Server.java:822)
	at java.security.AccessController.doPrivileged(Native Method)
	at javax.security.auth.Subject.doAs(Subject.java:422)
	at org.apache.hadoop.security.UserGroupInformation.doAs(UserGroupInformation.java:1730)
	at org.apache.hadoop.ipc.Server$Handler.run(Server.java:2682)
2019-09-26 11:03:55,631 [IPC Server handler 2 on 46679] WARN  block.BlockManagerImpl (BlockManagerImpl.java:allocateBlock(192)) - Pipeline creation failed for type:RATIS factor:THREE. Retrying get pipelines call once.
org.apache.hadoop.hdds.scm.exceptions.SCMException: Unable to find enough nodes that meet the criteria that cannot engage in more than 5 pipelines. Nodes required: 3 Found: 0, healthy nodes count inNodeManager: 3.
	at org.apache.hadoop.hdds.scm.pipeline.PipelinePlacementPolicy.filterViableNodes(PipelinePlacementPolicy.java:149)
	at org.apache.hadoop.hdds.scm.pipeline.PipelinePlacementPolicy.chooseDatanodes(PipelinePlacementPolicy.java:172)
	at org.apache.hadoop.hdds.scm.pipeline.RatisPipelineProvider.create(RatisPipelineProvider.java:93)
	at org.apache.hadoop.hdds.scm.pipeline.PipelineFactory.create(PipelineFactory.java:58)
	at org.apache.hadoop.hdds.scm.pipeline.SCMPipelineManager.createPipeline(SCMPipelineManager.java:155)
	at org.apache.hadoop.hdds.scm.block.BlockManagerImpl.allocateBlock(BlockManagerImpl.java:190)
	at org.apache.hadoop.hdds.scm.server.SCMBlockProtocolServer.allocateBlock(SCMBlockProtocolServer.java:182)
	at org.apache.hadoop.ozone.protocolPB.ScmBlockLocationProtocolServerSideTranslatorPB.allocateScmBlock(ScmBlockLocationProtocolServerSideTranslatorPB.java:183)
	at org.apache.hadoop.ozone.protocolPB.ScmBlockLocationProtocolServerSideTranslatorPB.processMessage(ScmBlockLocationProtocolServerSideTranslatorPB.java:141)
	at org.apache.hadoop.ozone.protocolPB.ScmBlockLocationProtocolServerSideTranslatorPB.send(ScmBlockLocationProtocolServerSideTranslatorPB.java:116)
	at org.apache.hadoop.hdds.protocol.proto.ScmBlockLocationProtocolProtos$ScmBlockLocationProtocolService$2.callBlockingMethod(ScmBlockLocationProtocolProtos.java:13157)
	at org.apache.hadoop.ipc.ProtobufRpcEngine$Server$ProtoBufRpcInvoker.call(ProtobufRpcEngine.java:524)
	at org.apache.hadoop.ipc.RPC$Server.call(RPC.java:1025)
	at org.apache.hadoop.ipc.Server$RpcCall.run(Server.java:876)
	at org.apache.hadoop.ipc.Server$RpcCall.run(Server.java:822)
	at java.security.AccessController.doPrivileged(Native Method)
	at javax.security.auth.Subject.doAs(Subject.java:422)
	at org.apache.hadoop.security.UserGroupInformation.doAs(UserGroupInformation.java:1730)
	at org.apache.hadoop.ipc.Server$Handler.run(Server.java:2682)
2019-09-26 11:03:55,631 [IPC Server handler 2 on 46679] INFO  block.BlockManagerImpl (BlockManagerImpl.java:allocateBlock(198)) - Could not find available pipeline of type:RATIS and factor:THREE even after retrying
2019-09-26 11:03:55,632 [IPC Server handler 2 on 46679] ERROR block.BlockManagerImpl (BlockManagerImpl.java:allocateBlock(222)) - Unable to allocate a block for the size: 4194304, type: RATIS, factor: THREE
2019-09-26 11:03:55,632 [IPC Server handler 2 on 46679] INFO  pipeline.PipelinePlacementPolicy (PipelinePlacementPolicy.java:meetCriteria(91)) - Pipeline Placement: can't place more pipeline on heavy datanode： 0b4034a9-ca74-4b3f-a167-05c5f7dd3c4d Heaviness: 6 limit: 5
2019-09-26 11:03:55,632 [IPC Server handler 2 on 46679] INFO  pipeline.PipelinePlacementPolicy (PipelinePlacementPolicy.java:meetCriteria(91)) - Pipeline Placement: can't place more pipeline on heavy datanode： 1745fe83-e03c-45fa-a055-fce326b8113e Heaviness: 6 limit: 5
2019-09-26 11:03:55,633 [IPC Server handler 2 on 46679] INFO  pipeline.PipelinePlacementPolicy (PipelinePlacementPolicy.java:meetCriteria(91)) - Pipeline Placement: can't place more pipeline on heavy datanode： e958bcc3-6e58-4a42-8cec-6068de8a50c7 Heaviness: 6 limit: 5
2019-09-26 11:03:55,633 [IPC Server handler 2 on 46679] ERROR pipeline.PipelinePlacementPolicy (PipelinePlacementPolicy.java:filterViableNodes(148)) - Unable to find enough nodes that meet the criteria that cannot engage in more than 5 pipelines. Nodes required: 3 Found: 0, healthy nodes count inNodeManager: 3.
2019-09-26 11:03:55,633 [IPC Server handler 2 on 46679] ERROR pipeline.SCMPipelineManager (SCMPipelineManager.java:createPipeline(167)) - Pipeline creation failed.
org.apache.hadoop.hdds.scm.exceptions.SCMException: Unable to find enough nodes that meet the criteria that cannot engage in more than 5 pipelines. Nodes required: 3 Found: 0, healthy nodes count inNodeManager: 3.
	at org.apache.hadoop.hdds.scm.pipeline.PipelinePlacementPolicy.filterViableNodes(PipelinePlacementPolicy.java:149)
	at org.apache.hadoop.hdds.scm.pipeline.PipelinePlacementPolicy.chooseDatanodes(PipelinePlacementPolicy.java:172)
	at org.apache.hadoop.hdds.scm.pipeline.RatisPipelineProvider.create(RatisPipelineProvider.java:93)
	at org.apache.hadoop.hdds.scm.pipeline.PipelineFactory.create(PipelineFactory.java:58)
	at org.apache.hadoop.hdds.scm.pipeline.SCMPipelineManager.createPipeline(SCMPipelineManager.java:155)
	at org.apache.hadoop.hdds.scm.block.BlockManagerImpl.allocateBlock(BlockManagerImpl.java:190)
	at org.apache.hadoop.hdds.scm.server.SCMBlockProtocolServer.allocateBlock(SCMBlockProtocolServer.java:182)
	at org.apache.hadoop.ozone.protocolPB.ScmBlockLocationProtocolServerSideTranslatorPB.allocateScmBlock(ScmBlockLocationProtocolServerSideTranslatorPB.java:183)
	at org.apache.hadoop.ozone.protocolPB.ScmBlockLocationProtocolServerSideTranslatorPB.processMessage(ScmBlockLocationProtocolServerSideTranslatorPB.java:141)
	at org.apache.hadoop.ozone.protocolPB.ScmBlockLocationProtocolServerSideTranslatorPB.send(ScmBlockLocationProtocolServerSideTranslatorPB.java:116)
	at org.apache.hadoop.hdds.protocol.proto.ScmBlockLocationProtocolProtos$ScmBlockLocationProtocolService$2.callBlockingMethod(ScmBlockLocationProtocolProtos.java:13157)
	at org.apache.hadoop.ipc.ProtobufRpcEngine$Server$ProtoBufRpcInvoker.call(ProtobufRpcEngine.java:524)
	at org.apache.hadoop.ipc.RPC$Server.call(RPC.java:1025)
	at org.apache.hadoop.ipc.Server$RpcCall.run(Server.java:876)
	at org.apache.hadoop.ipc.Server$RpcCall.run(Server.java:822)
	at java.security.AccessController.doPrivileged(Native Method)
	at javax.security.auth.Subject.doAs(Subject.java:422)
	at org.apache.hadoop.security.UserGroupInformation.doAs(UserGroupInformation.java:1730)
	at org.apache.hadoop.ipc.Server$Handler.run(Server.java:2682)
2019-09-26 11:03:55,640 [IPC Server handler 2 on 46679] WARN  block.BlockManagerImpl (BlockManagerImpl.java:allocateBlock(192)) - Pipeline creation failed for type:RATIS factor:THREE. Retrying get pipelines call once.
org.apache.hadoop.hdds.scm.exceptions.SCMException: Unable to find enough nodes that meet the criteria that cannot engage in more than 5 pipelines. Nodes required: 3 Found: 0, healthy nodes count inNodeManager: 3.
	at org.apache.hadoop.hdds.scm.pipeline.PipelinePlacementPolicy.filterViableNodes(PipelinePlacementPolicy.java:149)
	at org.apache.hadoop.hdds.scm.pipeline.PipelinePlacementPolicy.chooseDatanodes(PipelinePlacementPolicy.java:172)
	at org.apache.hadoop.hdds.scm.pipeline.RatisPipelineProvider.create(RatisPipelineProvider.java:93)
	at org.apache.hadoop.hdds.scm.pipeline.PipelineFactory.create(PipelineFactory.java:58)
	at org.apache.hadoop.hdds.scm.pipeline.SCMPipelineManager.createPipeline(SCMPipelineManager.java:155)
	at org.apache.hadoop.hdds.scm.block.BlockManagerImpl.allocateBlock(BlockManagerImpl.java:190)
	at org.apache.hadoop.hdds.scm.server.SCMBlockProtocolServer.allocateBlock(SCMBlockProtocolServer.java:182)
	at org.apache.hadoop.ozone.protocolPB.ScmBlockLocationProtocolServerSideTranslatorPB.allocateScmBlock(ScmBlockLocationProtocolServerSideTranslatorPB.java:183)
	at org.apache.hadoop.ozone.protocolPB.ScmBlockLocationProtocolServerSideTranslatorPB.processMessage(ScmBlockLocationProtocolServerSideTranslatorPB.java:141)
	at org.apache.hadoop.ozone.protocolPB.ScmBlockLocationProtocolServerSideTranslatorPB.send(ScmBlockLocationProtocolServerSideTranslatorPB.java:116)
	at org.apache.hadoop.hdds.protocol.proto.ScmBlockLocationProtocolProtos$ScmBlockLocationProtocolService$2.callBlockingMethod(ScmBlockLocationProtocolProtos.java:13157)
	at org.apache.hadoop.ipc.ProtobufRpcEngine$Server$ProtoBufRpcInvoker.call(ProtobufRpcEngine.java:524)
	at org.apache.hadoop.ipc.RPC$Server.call(RPC.java:1025)
	at org.apache.hadoop.ipc.Server$RpcCall.run(Server.java:876)
	at org.apache.hadoop.ipc.Server$RpcCall.run(Server.java:822)
	at java.security.AccessController.doPrivileged(Native Method)
	at javax.security.auth.Subject.doAs(Subject.java:422)
	at org.apache.hadoop.security.UserGroupInformation.doAs(UserGroupInformation.java:1730)
	at org.apache.hadoop.ipc.Server$Handler.run(Server.java:2682)
2019-09-26 11:03:55,640 [IPC Server handler 2 on 46679] INFO  block.BlockManagerImpl (BlockManagerImpl.java:allocateBlock(198)) - Could not find available pipeline of type:RATIS and factor:THREE even after retrying
2019-09-26 11:03:55,641 [IPC Server handler 2 on 46679] ERROR block.BlockManagerImpl (BlockManagerImpl.java:allocateBlock(222)) - Unable to allocate a block for the size: 4194304, type: RATIS, factor: THREE
2019-09-26 11:03:55,641 [IPC Server handler 2 on 46679] INFO  pipeline.PipelinePlacementPolicy (PipelinePlacementPolicy.java:meetCriteria(91)) - Pipeline Placement: can't place more pipeline on heavy datanode： 0b4034a9-ca74-4b3f-a167-05c5f7dd3c4d Heaviness: 6 limit: 5
2019-09-26 11:03:55,641 [IPC Server handler 2 on 46679] INFO  pipeline.PipelinePlacementPolicy (PipelinePlacementPolicy.java:meetCriteria(91)) - Pipeline Placement: can't place more pipeline on heavy datanode： 1745fe83-e03c-45fa-a055-fce326b8113e Heaviness: 6 limit: 5
2019-09-26 11:03:55,642 [IPC Server handler 2 on 46679] INFO  pipeline.PipelinePlacementPolicy (PipelinePlacementPolicy.java:meetCriteria(91)) - Pipeline Placement: can't place more pipeline on heavy datanode： e958bcc3-6e58-4a42-8cec-6068de8a50c7 Heaviness: 6 limit: 5
2019-09-26 11:03:55,642 [IPC Server handler 2 on 46679] ERROR pipeline.PipelinePlacementPolicy (PipelinePlacementPolicy.java:filterViableNodes(148)) - Unable to find enough nodes that meet the criteria that cannot engage in more than 5 pipelines. Nodes required: 3 Found: 0, healthy nodes count inNodeManager: 3.
2019-09-26 11:03:55,642 [IPC Server handler 2 on 46679] ERROR pipeline.SCMPipelineManager (SCMPipelineManager.java:createPipeline(167)) - Pipeline creation failed.
org.apache.hadoop.hdds.scm.exceptions.SCMException: Unable to find enough nodes that meet the criteria that cannot engage in more than 5 pipelines. Nodes required: 3 Found: 0, healthy nodes count inNodeManager: 3.
	at org.apache.hadoop.hdds.scm.pipeline.PipelinePlacementPolicy.filterViableNodes(PipelinePlacementPolicy.java:149)
	at org.apache.hadoop.hdds.scm.pipeline.PipelinePlacementPolicy.chooseDatanodes(PipelinePlacementPolicy.java:172)
	at org.apache.hadoop.hdds.scm.pipeline.RatisPipelineProvider.create(RatisPipelineProvider.java:93)
	at org.apache.hadoop.hdds.scm.pipeline.PipelineFactory.create(PipelineFactory.java:58)
	at org.apache.hadoop.hdds.scm.pipeline.SCMPipelineManager.createPipeline(SCMPipelineManager.java:155)
	at org.apache.hadoop.hdds.scm.block.BlockManagerImpl.allocateBlock(BlockManagerImpl.java:190)
	at org.apache.hadoop.hdds.scm.server.SCMBlockProtocolServer.allocateBlock(SCMBlockProtocolServer.java:182)
	at org.apache.hadoop.ozone.protocolPB.ScmBlockLocationProtocolServerSideTranslatorPB.allocateScmBlock(ScmBlockLocationProtocolServerSideTranslatorPB.java:183)
	at org.apache.hadoop.ozone.protocolPB.ScmBlockLocationProtocolServerSideTranslatorPB.processMessage(ScmBlockLocationProtocolServerSideTranslatorPB.java:141)
	at org.apache.hadoop.ozone.protocolPB.ScmBlockLocationProtocolServerSideTranslatorPB.send(ScmBlockLocationProtocolServerSideTranslatorPB.java:116)
	at org.apache.hadoop.hdds.protocol.proto.ScmBlockLocationProtocolProtos$ScmBlockLocationProtocolService$2.callBlockingMethod(ScmBlockLocationProtocolProtos.java:13157)
	at org.apache.hadoop.ipc.ProtobufRpcEngine$Server$ProtoBufRpcInvoker.call(ProtobufRpcEngine.java:524)
	at org.apache.hadoop.ipc.RPC$Server.call(RPC.java:1025)
	at org.apache.hadoop.ipc.Server$RpcCall.run(Server.java:876)
	at org.apache.hadoop.ipc.Server$RpcCall.run(Server.java:822)
	at java.security.AccessController.doPrivileged(Native Method)
	at javax.security.auth.Subject.doAs(Subject.java:422)
	at org.apache.hadoop.security.UserGroupInformation.doAs(UserGroupInformation.java:1730)
	at org.apache.hadoop.ipc.Server$Handler.run(Server.java:2682)
2019-09-26 11:03:55,643 [IPC Server handler 2 on 46679] WARN  block.BlockManagerImpl (BlockManagerImpl.java:allocateBlock(192)) - Pipeline creation failed for type:RATIS factor:THREE. Retrying get pipelines call once.
org.apache.hadoop.hdds.scm.exceptions.SCMException: Unable to find enough nodes that meet the criteria that cannot engage in more than 5 pipelines. Nodes required: 3 Found: 0, healthy nodes count inNodeManager: 3.
	at org.apache.hadoop.hdds.scm.pipeline.PipelinePlacementPolicy.filterViableNodes(PipelinePlacementPolicy.java:149)
	at org.apache.hadoop.hdds.scm.pipeline.PipelinePlacementPolicy.chooseDatanodes(PipelinePlacementPolicy.java:172)
	at org.apache.hadoop.hdds.scm.pipeline.RatisPipelineProvider.create(RatisPipelineProvider.java:93)
	at org.apache.hadoop.hdds.scm.pipeline.PipelineFactory.create(PipelineFactory.java:58)
	at org.apache.hadoop.hdds.scm.pipeline.SCMPipelineManager.createPipeline(SCMPipelineManager.java:155)
	at org.apache.hadoop.hdds.scm.block.BlockManagerImpl.allocateBlock(BlockManagerImpl.java:190)
	at org.apache.hadoop.hdds.scm.server.SCMBlockProtocolServer.allocateBlock(SCMBlockProtocolServer.java:182)
	at org.apache.hadoop.ozone.protocolPB.ScmBlockLocationProtocolServerSideTranslatorPB.allocateScmBlock(ScmBlockLocationProtocolServerSideTranslatorPB.java:183)
	at org.apache.hadoop.ozone.protocolPB.ScmBlockLocationProtocolServerSideTranslatorPB.processMessage(ScmBlockLocationProtocolServerSideTranslatorPB.java:141)
	at org.apache.hadoop.ozone.protocolPB.ScmBlockLocationProtocolServerSideTranslatorPB.send(ScmBlockLocationProtocolServerSideTranslatorPB.java:116)
	at org.apache.hadoop.hdds.protocol.proto.ScmBlockLocationProtocolProtos$ScmBlockLocationProtocolService$2.callBlockingMethod(ScmBlockLocationProtocolProtos.java:13157)
	at org.apache.hadoop.ipc.ProtobufRpcEngine$Server$ProtoBufRpcInvoker.call(ProtobufRpcEngine.java:524)
	at org.apache.hadoop.ipc.RPC$Server.call(RPC.java:1025)
	at org.apache.hadoop.ipc.Server$RpcCall.run(Server.java:876)
	at org.apache.hadoop.ipc.Server$RpcCall.run(Server.java:822)
	at java.security.AccessController.doPrivileged(Native Method)
	at javax.security.auth.Subject.doAs(Subject.java:422)
	at org.apache.hadoop.security.UserGroupInformation.doAs(UserGroupInformation.java:1730)
	at org.apache.hadoop.ipc.Server$Handler.run(Server.java:2682)
2019-09-26 11:03:55,643 [IPC Server handler 2 on 46679] INFO  block.BlockManagerImpl (BlockManagerImpl.java:allocateBlock(198)) - Could not find available pipeline of type:RATIS and factor:THREE even after retrying
2019-09-26 11:03:55,644 [IPC Server handler 2 on 46679] ERROR block.BlockManagerImpl (BlockManagerImpl.java:allocateBlock(222)) - Unable to allocate a block for the size: 4194304, type: RATIS, factor: THREE
2019-09-26 11:03:55,653 [pool-53-thread-5] ERROR freon.RandomKeyGenerator (RandomKeyGenerator.java:createKey(733)) - Exception while adding key: key-0-31112 in bucket: bucket-0-22901 of volume: vol-0-77335.
INTERNAL_ERROR org.apache.hadoop.ozone.om.exceptions.OMException: Allocated 0 blocks. Requested 5 blocks
	at org.apache.hadoop.ozone.om.protocolPB.OzoneManagerProtocolClientSideTranslatorPB.handleError(OzoneManagerProtocolClientSideTranslatorPB.java:732)
	at org.apache.hadoop.ozone.om.protocolPB.OzoneManagerProtocolClientSideTranslatorPB.openKey(OzoneManagerProtocolClientSideTranslatorPB.java:723)
	at sun.reflect.NativeMethodAccessorImpl.invoke0(Native Method)
	at sun.reflect.NativeMethodAccessorImpl.invoke(NativeMethodAccessorImpl.java:62)
	at sun.reflect.DelegatingMethodAccessorImpl.invoke(DelegatingMethodAccessorImpl.java:43)
	at java.lang.reflect.Method.invoke(Method.java:498)
	at org.apache.hadoop.hdds.tracing.TraceAllMethod.invoke(TraceAllMethod.java:66)
	at com.sun.proxy.$Proxy37.openKey(Unknown Source)
	at org.apache.hadoop.ozone.client.rpc.RpcClient.createKey(RpcClient.java:614)
	at org.apache.hadoop.ozone.client.OzoneBucket.createKey(OzoneBucket.java:325)
	at org.apache.hadoop.ozone.freon.RandomKeyGenerator.createKey(RandomKeyGenerator.java:695)
	at org.apache.hadoop.ozone.freon.RandomKeyGenerator.access$1100(RandomKeyGenerator.java:88)
	at org.apache.hadoop.ozone.freon.RandomKeyGenerator$ObjectCreator.run(RandomKeyGenerator.java:615)
	at java.util.concurrent.Executors$RunnableAdapter.call(Executors.java:511)
	at java.util.concurrent.FutureTask.run(FutureTask.java:266)
	at java.util.concurrent.ThreadPoolExecutor.runWorker(ThreadPoolExecutor.java:1149)
	at java.util.concurrent.ThreadPoolExecutor$Worker.run(ThreadPoolExecutor.java:624)
	at java.lang.Thread.run(Thread.java:748)
 0.00% |█                                                                                                    |  0/1 Time: 0:00:012019-09-26 11:03:56,045 [Thread-178] INFO  container.ReplicationManager (ReplicationManager.java:start(163)) - Starting Replication Monitor Thread.
2019-09-26 11:03:56,047 [ReplicationMonitor] INFO  container.ReplicationManager (ReplicationManager.java:run(226)) - Replication Monitor Thread took 1 milliseconds for processing 0 containers.
 0.00% |█                                                                                                    |  0/1 Time: 0:00:02 0.00% |█                                                                                                    |  0/1 Time: 0:00:03 0.00% |█                                                                                                    |  0/1 Time: 0:00:042019-09-26 11:03:58,923 [Thread-180] INFO  impl.FollowerState (FollowerState.java:run(106)) - e958bcc3-6e58-4a42-8cec-6068de8a50c7:group-CD08C8E0C694 changes to CANDIDATE, lastRpcTime:5140, electionTimeout:5139ms
2019-09-26 11:03:58,926 [Thread-180] INFO  impl.RoleInfo (RoleInfo.java:shutdownFollowerState(121)) - e958bcc3-6e58-4a42-8cec-6068de8a50c7: shutdown FollowerState
2019-09-26 11:03:58,926 [Thread-180] INFO  impl.RaftServerImpl (RaftServerImpl.java:setRole(174)) - e958bcc3-6e58-4a42-8cec-6068de8a50c7@group-CD08C8E0C694: changes role from  FOLLOWER to CANDIDATE at term 0 for changeToCandidate
2019-09-26 11:03:58,933 [Thread-180] INFO  impl.RoleInfo (RoleInfo.java:updateAndGet(143)) - e958bcc3-6e58-4a42-8cec-6068de8a50c7: start LeaderElection
2019-09-26 11:03:58,951 [e958bcc3-6e58-4a42-8cec-6068de8a50c7@group-CD08C8E0C694:LeaderElection1] INFO  impl.LeaderElection (LeaderElection.java:askForVotes(182)) - e958bcc3-6e58-4a42-8cec-6068de8a50c7@group-CD08C8E0C694:LeaderElection1: begin an election at term 1 for -1: [e958bcc3-6e58-4a42-8cec-6068de8a50c7:192.168.30.13:44994], old=null
2019-09-26 11:03:58,954 [e958bcc3-6e58-4a42-8cec-6068de8a50c7@group-CD08C8E0C694:LeaderElection1] INFO  impl.RoleInfo (RoleInfo.java:shutdownLeaderElection(134)) - e958bcc3-6e58-4a42-8cec-6068de8a50c7: shutdown LeaderElection
2019-09-26 11:03:58,954 [e958bcc3-6e58-4a42-8cec-6068de8a50c7@group-CD08C8E0C694:LeaderElection1] INFO  impl.RaftServerImpl (RaftServerImpl.java:setRole(174)) - e958bcc3-6e58-4a42-8cec-6068de8a50c7@group-CD08C8E0C694: changes role from CANDIDATE to LEADER at term 1 for changeToLeader
2019-09-26 11:03:58,955 [e958bcc3-6e58-4a42-8cec-6068de8a50c7@group-CD08C8E0C694:LeaderElection1] INFO  impl.RaftServerImpl (ServerState.java:setLeader(253)) - e958bcc3-6e58-4a42-8cec-6068de8a50c7@group-CD08C8E0C694: change Leader from null to e958bcc3-6e58-4a42-8cec-6068de8a50c7 at term 1 for becomeLeader, leader elected after 5296ms
2019-09-26 11:03:58,964 [e958bcc3-6e58-4a42-8cec-6068de8a50c7@group-CD08C8E0C694:LeaderElection1] INFO  server.RaftServerConfigKeys (ConfUtils.java:logGet(43)) - raft.server.staging.catchup.gap = 1000 (default)
2019-09-26 11:03:58,964 [e958bcc3-6e58-4a42-8cec-6068de8a50c7@group-CD08C8E0C694:LeaderElection1] INFO  server.RaftServerConfigKeys (ConfUtils.java:logGet(43)) - raft.server.rpc.sleep.time = 25ms (default)
2019-09-26 11:03:58,968 [e958bcc3-6e58-4a42-8cec-6068de8a50c7@group-CD08C8E0C694:LeaderElection1] INFO  server.RaftServerConfigKeys (ConfUtils.java:logGet(43)) - raft.server.write.element-limit = 4096 (default)
2019-09-26 11:03:58,971 [e958bcc3-6e58-4a42-8cec-6068de8a50c7@group-CD08C8E0C694:LeaderElection1] INFO  server.RaftServerConfigKeys (ConfUtils.java:logGet(43)) - raft.server.watch.timeout = 10s (default)
2019-09-26 11:03:58,971 [e958bcc3-6e58-4a42-8cec-6068de8a50c7@group-CD08C8E0C694:LeaderElection1] INFO  server.RaftServerConfigKeys (ConfUtils.java:logGet(43)) - raft.server.watch.timeout.denomination = 1s (default)
2019-09-26 11:03:58,972 [e958bcc3-6e58-4a42-8cec-6068de8a50c7@group-CD08C8E0C694:LeaderElection1] INFO  server.RaftServerConfigKeys (ConfUtils.java:logGet(43)) - raft.server.watch.element-limit = 65536 (default)
2019-09-26 11:03:58,985 [e958bcc3-6e58-4a42-8cec-6068de8a50c7@group-CD08C8E0C694:LeaderElection1] INFO  impl.RoleInfo (RoleInfo.java:updateAndGet(143)) - e958bcc3-6e58-4a42-8cec-6068de8a50c7: start LeaderState
2019-09-26 11:03:59,010 [e958bcc3-6e58-4a42-8cec-6068de8a50c7@group-CD08C8E0C694:LeaderElection1] INFO  segmented.SegmentedRaftLogWorker (SegmentedRaftLogWorker.java:startLogSegment(380)) - e958bcc3-6e58-4a42-8cec-6068de8a50c7@group-CD08C8E0C694-SegmentedRaftLogWorker: Starting segment from index:0
2019-09-26 11:03:59,019 [e958bcc3-6e58-4a42-8cec-6068de8a50c7@group-CD08C8E0C694:LeaderElection1] INFO  impl.RaftServerImpl (ServerState.java:setRaftConf(354)) - e958bcc3-6e58-4a42-8cec-6068de8a50c7@group-CD08C8E0C694: set configuration 0: [e958bcc3-6e58-4a42-8cec-6068de8a50c7:192.168.30.13:44994], old=null at 0
2019-09-26 11:03:59,127 [Thread-183] INFO  impl.FollowerState (FollowerState.java:run(106)) - 0b4034a9-ca74-4b3f-a167-05c5f7dd3c4d:group-98C4DE82D379 changes to CANDIDATE, lastRpcTime:5143, electionTimeout:5142ms
2019-09-26 11:03:59,128 [Thread-183] INFO  impl.RoleInfo (RoleInfo.java:shutdownFollowerState(121)) - 0b4034a9-ca74-4b3f-a167-05c5f7dd3c4d: shutdown FollowerState
2019-09-26 11:03:59,129 [Thread-183] INFO  impl.RaftServerImpl (RaftServerImpl.java:setRole(174)) - 0b4034a9-ca74-4b3f-a167-05c5f7dd3c4d@group-98C4DE82D379: changes role from  FOLLOWER to CANDIDATE at term 0 for changeToCandidate
2019-09-26 11:03:59,129 [Thread-183] INFO  impl.RoleInfo (RoleInfo.java:updateAndGet(143)) - 0b4034a9-ca74-4b3f-a167-05c5f7dd3c4d: start LeaderElection
2019-09-26 11:03:59,146 [0b4034a9-ca74-4b3f-a167-05c5f7dd3c4d@group-98C4DE82D379:LeaderElection2] INFO  impl.LeaderElection (LeaderElection.java:askForVotes(182)) - 0b4034a9-ca74-4b3f-a167-05c5f7dd3c4d@group-98C4DE82D379:LeaderElection2: begin an election at term 1 for -1: [0b4034a9-ca74-4b3f-a167-05c5f7dd3c4d:192.168.30.13:33710], old=null
2019-09-26 11:03:59,146 [0b4034a9-ca74-4b3f-a167-05c5f7dd3c4d@group-98C4DE82D379:LeaderElection2] INFO  impl.RoleInfo (RoleInfo.java:shutdownLeaderElection(134)) - 0b4034a9-ca74-4b3f-a167-05c5f7dd3c4d: shutdown LeaderElection
2019-09-26 11:03:59,146 [0b4034a9-ca74-4b3f-a167-05c5f7dd3c4d@group-98C4DE82D379:LeaderElection2] INFO  impl.RaftServerImpl (RaftServerImpl.java:setRole(174)) - 0b4034a9-ca74-4b3f-a167-05c5f7dd3c4d@group-98C4DE82D379: changes role from CANDIDATE to LEADER at term 1 for changeToLeader
2019-09-26 11:03:59,147 [0b4034a9-ca74-4b3f-a167-05c5f7dd3c4d@group-98C4DE82D379:LeaderElection2] INFO  impl.RaftServerImpl (ServerState.java:setLeader(253)) - 0b4034a9-ca74-4b3f-a167-05c5f7dd3c4d@group-98C4DE82D379: change Leader from null to 0b4034a9-ca74-4b3f-a167-05c5f7dd3c4d at term 1 for becomeLeader, leader elected after 5182ms
2019-09-26 11:03:59,147 [0b4034a9-ca74-4b3f-a167-05c5f7dd3c4d@group-98C4DE82D379:LeaderElection2] INFO  server.RaftServerConfigKeys (ConfUtils.java:logGet(43)) - raft.server.staging.catchup.gap = 1000 (default)
2019-09-26 11:03:59,147 [0b4034a9-ca74-4b3f-a167-05c5f7dd3c4d@group-98C4DE82D379:LeaderElection2] INFO  server.RaftServerConfigKeys (ConfUtils.java:logGet(43)) - raft.server.rpc.sleep.time = 25ms (default)
2019-09-26 11:03:59,147 [0b4034a9-ca74-4b3f-a167-05c5f7dd3c4d@group-98C4DE82D379:LeaderElection2] INFO  server.RaftServerConfigKeys (ConfUtils.java:logGet(43)) - raft.server.write.element-limit = 4096 (default)
2019-09-26 11:03:59,147 [0b4034a9-ca74-4b3f-a167-05c5f7dd3c4d@group-98C4DE82D379:LeaderElection2] INFO  server.RaftServerConfigKeys (ConfUtils.java:logGet(43)) - raft.server.watch.timeout = 10s (default)
2019-09-26 11:03:59,148 [0b4034a9-ca74-4b3f-a167-05c5f7dd3c4d@group-98C4DE82D379:LeaderElection2] INFO  server.RaftServerConfigKeys (ConfUtils.java:logGet(43)) - raft.server.watch.timeout.denomination = 1s (default)
2019-09-26 11:03:59,148 [0b4034a9-ca74-4b3f-a167-05c5f7dd3c4d@group-98C4DE82D379:LeaderElection2] INFO  server.RaftServerConfigKeys (ConfUtils.java:logGet(43)) - raft.server.watch.element-limit = 65536 (default)
2019-09-26 11:03:59,151 [0b4034a9-ca74-4b3f-a167-05c5f7dd3c4d@group-98C4DE82D379:LeaderElection2] INFO  impl.RoleInfo (RoleInfo.java:updateAndGet(143)) - 0b4034a9-ca74-4b3f-a167-05c5f7dd3c4d: start LeaderState
2019-09-26 11:03:59,151 [0b4034a9-ca74-4b3f-a167-05c5f7dd3c4d@group-98C4DE82D379:LeaderElection2] INFO  segmented.SegmentedRaftLogWorker (SegmentedRaftLogWorker.java:startLogSegment(380)) - 0b4034a9-ca74-4b3f-a167-05c5f7dd3c4d@group-98C4DE82D379-SegmentedRaftLogWorker: Starting segment from index:0
2019-09-26 11:03:59,152 [0b4034a9-ca74-4b3f-a167-05c5f7dd3c4d@group-98C4DE82D379:LeaderElection2] INFO  impl.RaftServerImpl (ServerState.java:setRaftConf(354)) - 0b4034a9-ca74-4b3f-a167-05c5f7dd3c4d@group-98C4DE82D379: set configuration 0: [0b4034a9-ca74-4b3f-a167-05c5f7dd3c4d:192.168.30.13:33710], old=null at 0
2019-09-26 11:03:59,186 [Thread-189] INFO  impl.FollowerState (FollowerState.java:run(106)) - 1745fe83-e03c-45fa-a055-fce326b8113e:group-8AAD9890D5A9 changes to CANDIDATE, lastRpcTime:5011, electionTimeout:5011ms
2019-09-26 11:03:59,187 [Thread-189] INFO  impl.RoleInfo (RoleInfo.java:shutdownFollowerState(121)) - 1745fe83-e03c-45fa-a055-fce326b8113e: shutdown FollowerState
2019-09-26 11:03:59,187 [Thread-189] INFO  impl.RaftServerImpl (RaftServerImpl.java:setRole(174)) - 1745fe83-e03c-45fa-a055-fce326b8113e@group-8AAD9890D5A9: changes role from  FOLLOWER to CANDIDATE at term 0 for changeToCandidate
2019-09-26 11:03:59,187 [Thread-189] INFO  impl.RoleInfo (RoleInfo.java:updateAndGet(143)) - 1745fe83-e03c-45fa-a055-fce326b8113e: start LeaderElection
2019-09-26 11:03:59,204 [1745fe83-e03c-45fa-a055-fce326b8113e@group-8AAD9890D5A9:LeaderElection3] INFO  impl.LeaderElection (LeaderElection.java:askForVotes(182)) - 1745fe83-e03c-45fa-a055-fce326b8113e@group-8AAD9890D5A9:LeaderElection3: begin an election at term 1 for -1: [1745fe83-e03c-45fa-a055-fce326b8113e:192.168.30.13:37183], old=null
2019-09-26 11:03:59,231 [Thread-186] INFO  impl.FollowerState (FollowerState.java:run(106)) - 1745fe83-e03c-45fa-a055-fce326b8113e:group-01A0D9A0C009 changes to CANDIDATE, lastRpcTime:5118, electionTimeout:5108ms
2019-09-26 11:03:59,231 [1745fe83-e03c-45fa-a055-fce326b8113e@group-8AAD9890D5A9:LeaderElection3] INFO  impl.RoleInfo (RoleInfo.java:shutdownLeaderElection(134)) - 1745fe83-e03c-45fa-a055-fce326b8113e: shutdown LeaderElection
2019-09-26 11:03:59,231 [Thread-186] INFO  impl.RoleInfo (RoleInfo.java:shutdownFollowerState(121)) - 1745fe83-e03c-45fa-a055-fce326b8113e: shutdown FollowerState
2019-09-26 11:03:59,231 [1745fe83-e03c-45fa-a055-fce326b8113e@group-8AAD9890D5A9:LeaderElection3] INFO  impl.RaftServerImpl (RaftServerImpl.java:setRole(174)) - 1745fe83-e03c-45fa-a055-fce326b8113e@group-8AAD9890D5A9: changes role from CANDIDATE to LEADER at term 1 for changeToLeader
2019-09-26 11:03:59,231 [Thread-186] INFO  impl.RaftServerImpl (RaftServerImpl.java:setRole(174)) - 1745fe83-e03c-45fa-a055-fce326b8113e@group-01A0D9A0C009: changes role from  FOLLOWER to CANDIDATE at term 0 for changeToCandidate
2019-09-26 11:03:59,232 [1745fe83-e03c-45fa-a055-fce326b8113e@group-8AAD9890D5A9:LeaderElection3] INFO  impl.RaftServerImpl (ServerState.java:setLeader(253)) - 1745fe83-e03c-45fa-a055-fce326b8113e@group-8AAD9890D5A9: change Leader from null to 1745fe83-e03c-45fa-a055-fce326b8113e at term 1 for becomeLeader, leader elected after 5063ms
2019-09-26 11:03:59,232 [1745fe83-e03c-45fa-a055-fce326b8113e@group-8AAD9890D5A9:LeaderElection3] INFO  server.RaftServerConfigKeys (ConfUtils.java:logGet(43)) - raft.server.staging.catchup.gap = 1000 (default)
2019-09-26 11:03:59,232 [Thread-186] INFO  impl.RoleInfo (RoleInfo.java:updateAndGet(143)) - 1745fe83-e03c-45fa-a055-fce326b8113e: start LeaderElection
2019-09-26 11:03:59,232 [1745fe83-e03c-45fa-a055-fce326b8113e@group-8AAD9890D5A9:LeaderElection3] INFO  server.RaftServerConfigKeys (ConfUtils.java:logGet(43)) - raft.server.rpc.sleep.time = 25ms (default)
2019-09-26 11:03:59,232 [1745fe83-e03c-45fa-a055-fce326b8113e@group-8AAD9890D5A9:LeaderElection3] INFO  server.RaftServerConfigKeys (ConfUtils.java:logGet(43)) - raft.server.write.element-limit = 4096 (default)
2019-09-26 11:03:59,235 [1745fe83-e03c-45fa-a055-fce326b8113e@group-8AAD9890D5A9:LeaderElection3] INFO  server.RaftServerConfigKeys (ConfUtils.java:logGet(43)) - raft.server.watch.timeout = 10s (default)
2019-09-26 11:03:59,235 [1745fe83-e03c-45fa-a055-fce326b8113e@group-8AAD9890D5A9:LeaderElection3] INFO  server.RaftServerConfigKeys (ConfUtils.java:logGet(43)) - raft.server.watch.timeout.denomination = 1s (default)
2019-09-26 11:03:59,236 [1745fe83-e03c-45fa-a055-fce326b8113e@group-8AAD9890D5A9:LeaderElection3] INFO  server.RaftServerConfigKeys (ConfUtils.java:logGet(43)) - raft.server.watch.element-limit = 65536 (default)
2019-09-26 11:03:59,239 [1745fe83-e03c-45fa-a055-fce326b8113e@group-8AAD9890D5A9:LeaderElection3] INFO  impl.RoleInfo (RoleInfo.java:updateAndGet(143)) - 1745fe83-e03c-45fa-a055-fce326b8113e: start LeaderState
2019-09-26 11:03:59,239 [1745fe83-e03c-45fa-a055-fce326b8113e@group-8AAD9890D5A9:LeaderElection3] INFO  segmented.SegmentedRaftLogWorker (SegmentedRaftLogWorker.java:startLogSegment(380)) - 1745fe83-e03c-45fa-a055-fce326b8113e@group-8AAD9890D5A9-SegmentedRaftLogWorker: Starting segment from index:0
2019-09-26 11:03:59,240 [1745fe83-e03c-45fa-a055-fce326b8113e@group-8AAD9890D5A9:LeaderElection3] INFO  impl.RaftServerImpl (ServerState.java:setRaftConf(354)) - 1745fe83-e03c-45fa-a055-fce326b8113e@group-8AAD9890D5A9: set configuration 0: [1745fe83-e03c-45fa-a055-fce326b8113e:192.168.30.13:37183], old=null at 0
2019-09-26 11:03:59,271 [e958bcc3-6e58-4a42-8cec-6068de8a50c7@group-CD08C8E0C694-SegmentedRaftLogWorker] INFO  segmented.SegmentedRaftLogWorker (SegmentedRaftLogWorker.java:execute(569)) - e958bcc3-6e58-4a42-8cec-6068de8a50c7@group-CD08C8E0C694-SegmentedRaftLogWorker: created new log segment /workdir/hadoop-ozone/tools/target/test-dir/MiniOzoneClusterImpl-6d01f745-579a-4aef-b168-1b4d6e4a660d/datanode-0/data/ratis/4f3920a5-2b3a-4a78-bb94-cd08c8e0c694/current/log_inprogress_0
2019-09-26 11:03:59,271 [0b4034a9-ca74-4b3f-a167-05c5f7dd3c4d@group-98C4DE82D379-SegmentedRaftLogWorker] INFO  segmented.SegmentedRaftLogWorker (SegmentedRaftLogWorker.java:execute(569)) - 0b4034a9-ca74-4b3f-a167-05c5f7dd3c4d@group-98C4DE82D379-SegmentedRaftLogWorker: created new log segment /workdir/hadoop-ozone/tools/target/test-dir/MiniOzoneClusterImpl-6d01f745-579a-4aef-b168-1b4d6e4a660d/datanode-1/data/ratis/8d2f72e0-9a3a-424b-a518-98c4de82d379/current/log_inprogress_0
2019-09-26 11:03:59,271 [1745fe83-e03c-45fa-a055-fce326b8113e@group-01A0D9A0C009:LeaderElection4] INFO  impl.LeaderElection (LeaderElection.java:askForVotes(182)) - 1745fe83-e03c-45fa-a055-fce326b8113e@group-01A0D9A0C009:LeaderElection4: begin an election at term 1 for -1: [1745fe83-e03c-45fa-a055-fce326b8113e:192.168.30.13:37183], old=null
2019-09-26 11:03:59,271 [1745fe83-e03c-45fa-a055-fce326b8113e@group-01A0D9A0C009:LeaderElection4] INFO  impl.RoleInfo (RoleInfo.java:shutdownLeaderElection(134)) - 1745fe83-e03c-45fa-a055-fce326b8113e: shutdown LeaderElection
2019-09-26 11:03:59,272 [1745fe83-e03c-45fa-a055-fce326b8113e@group-01A0D9A0C009:LeaderElection4] INFO  impl.RaftServerImpl (RaftServerImpl.java:setRole(174)) - 1745fe83-e03c-45fa-a055-fce326b8113e@group-01A0D9A0C009: changes role from CANDIDATE to LEADER at term 1 for changeToLeader
2019-09-26 11:03:59,272 [1745fe83-e03c-45fa-a055-fce326b8113e@group-01A0D9A0C009:LeaderElection4] INFO  impl.RaftServerImpl (ServerState.java:setLeader(253)) - 1745fe83-e03c-45fa-a055-fce326b8113e@group-01A0D9A0C009: change Leader from null to 1745fe83-e03c-45fa-a055-fce326b8113e at term 1 for becomeLeader, leader elected after 5195ms
2019-09-26 11:03:59,272 [1745fe83-e03c-45fa-a055-fce326b8113e@group-01A0D9A0C009:LeaderElection4] INFO  server.RaftServerConfigKeys (ConfUtils.java:logGet(43)) - raft.server.staging.catchup.gap = 1000 (default)
2019-09-26 11:03:59,272 [1745fe83-e03c-45fa-a055-fce326b8113e@group-01A0D9A0C009:LeaderElection4] INFO  server.RaftServerConfigKeys (ConfUtils.java:logGet(43)) - raft.server.rpc.sleep.time = 25ms (default)
2019-09-26 11:03:59,273 [1745fe83-e03c-45fa-a055-fce326b8113e@group-01A0D9A0C009:LeaderElection4] INFO  server.RaftServerConfigKeys (ConfUtils.java:logGet(43)) - raft.server.write.element-limit = 4096 (default)
2019-09-26 11:03:59,273 [1745fe83-e03c-45fa-a055-fce326b8113e@group-01A0D9A0C009:LeaderElection4] INFO  server.RaftServerConfigKeys (ConfUtils.java:logGet(43)) - raft.server.watch.timeout = 10s (default)
2019-09-26 11:03:59,273 [1745fe83-e03c-45fa-a055-fce326b8113e@group-01A0D9A0C009:LeaderElection4] INFO  server.RaftServerConfigKeys (ConfUtils.java:logGet(43)) - raft.server.watch.timeout.denomination = 1s (default)
2019-09-26 11:03:59,273 [1745fe83-e03c-45fa-a055-fce326b8113e@group-01A0D9A0C009:LeaderElection4] INFO  server.RaftServerConfigKeys (ConfUtils.java:logGet(43)) - raft.server.watch.element-limit = 65536 (default)
2019-09-26 11:03:59,277 [1745fe83-e03c-45fa-a055-fce326b8113e@group-01A0D9A0C009:LeaderElection4] INFO  impl.RoleInfo (RoleInfo.java:updateAndGet(143)) - 1745fe83-e03c-45fa-a055-fce326b8113e: start LeaderState
2019-09-26 11:03:59,277 [1745fe83-e03c-45fa-a055-fce326b8113e@group-01A0D9A0C009:LeaderElection4] INFO  segmented.SegmentedRaftLogWorker (SegmentedRaftLogWorker.java:startLogSegment(380)) - 1745fe83-e03c-45fa-a055-fce326b8113e@group-01A0D9A0C009-SegmentedRaftLogWorker: Starting segment from index:0
2019-09-26 11:03:59,278 [1745fe83-e03c-45fa-a055-fce326b8113e@group-01A0D9A0C009:LeaderElection4] INFO  impl.RaftServerImpl (ServerState.java:setRaftConf(354)) - 1745fe83-e03c-45fa-a055-fce326b8113e@group-01A0D9A0C009: set configuration 0: [1745fe83-e03c-45fa-a055-fce326b8113e:192.168.30.13:37183], old=null at 0
2019-09-26 11:03:59,319 [1745fe83-e03c-45fa-a055-fce326b8113e@group-8AAD9890D5A9-SegmentedRaftLogWorker] INFO  segmented.SegmentedRaftLogWorker (SegmentedRaftLogWorker.java:execute(569)) - 1745fe83-e03c-45fa-a055-fce326b8113e@group-8AAD9890D5A9-SegmentedRaftLogWorker: created new log segment /workdir/hadoop-ozone/tools/target/test-dir/MiniOzoneClusterImpl-6d01f745-579a-4aef-b168-1b4d6e4a660d/datanode-2/data/ratis/f2146a10-3022-4c6a-91e6-8aad9890d5a9/current/log_inprogress_0
2019-09-26 11:03:59,320 [Thread-192] INFO  impl.FollowerState (FollowerState.java:run(106)) - 1745fe83-e03c-45fa-a055-fce326b8113e:group-549F291C5A8D changes to CANDIDATE, lastRpcTime:5080, electionTimeout:5065ms
2019-09-26 11:03:59,320 [Thread-192] INFO  impl.RoleInfo (RoleInfo.java:shutdownFollowerState(121)) - 1745fe83-e03c-45fa-a055-fce326b8113e: shutdown FollowerState
2019-09-26 11:03:59,320 [Thread-192] INFO  impl.RaftServerImpl (RaftServerImpl.java:setRole(174)) - 1745fe83-e03c-45fa-a055-fce326b8113e@group-549F291C5A8D: changes role from  FOLLOWER to CANDIDATE at term 0 for changeToCandidate
2019-09-26 11:03:59,321 [Thread-192] INFO  impl.RoleInfo (RoleInfo.java:updateAndGet(143)) - 1745fe83-e03c-45fa-a055-fce326b8113e: start LeaderElection
2019-09-26 11:03:59,332 [1745fe83-e03c-45fa-a055-fce326b8113e@group-01A0D9A0C009-SegmentedRaftLogWorker] INFO  segmented.SegmentedRaftLogWorker (SegmentedRaftLogWorker.java:execute(569)) - 1745fe83-e03c-45fa-a055-fce326b8113e@group-01A0D9A0C009-SegmentedRaftLogWorker: created new log segment /workdir/hadoop-ozone/tools/target/test-dir/MiniOzoneClusterImpl-6d01f745-579a-4aef-b168-1b4d6e4a660d/datanode-2/data/ratis/91620249-1c93-4390-9e25-01a0d9a0c009/current/log_inprogress_0
2019-09-26 11:03:59,332 [1745fe83-e03c-45fa-a055-fce326b8113e@group-549F291C5A8D:LeaderElection5] INFO  impl.LeaderElection (LeaderElection.java:askForVotes(182)) - 1745fe83-e03c-45fa-a055-fce326b8113e@group-549F291C5A8D:LeaderElection5: begin an election at term 1 for -1: [1745fe83-e03c-45fa-a055-fce326b8113e:192.168.30.13:37183], old=null
2019-09-26 11:03:59,333 [1745fe83-e03c-45fa-a055-fce326b8113e@group-549F291C5A8D:LeaderElection5] INFO  impl.RoleInfo (RoleInfo.java:shutdownLeaderElection(134)) - 1745fe83-e03c-45fa-a055-fce326b8113e: shutdown LeaderElection
2019-09-26 11:03:59,333 [1745fe83-e03c-45fa-a055-fce326b8113e@group-549F291C5A8D:LeaderElection5] INFO  impl.RaftServerImpl (RaftServerImpl.java:setRole(174)) - 1745fe83-e03c-45fa-a055-fce326b8113e@group-549F291C5A8D: changes role from CANDIDATE to LEADER at term 1 for changeToLeader
2019-09-26 11:03:59,333 [1745fe83-e03c-45fa-a055-fce326b8113e@group-549F291C5A8D:LeaderElection5] INFO  impl.RaftServerImpl (ServerState.java:setLeader(253)) - 1745fe83-e03c-45fa-a055-fce326b8113e@group-549F291C5A8D: change Leader from null to 1745fe83-e03c-45fa-a055-fce326b8113e at term 1 for becomeLeader, leader elected after 5101ms
2019-09-26 11:03:59,333 [1745fe83-e03c-45fa-a055-fce326b8113e@group-549F291C5A8D:LeaderElection5] INFO  server.RaftServerConfigKeys (ConfUtils.java:logGet(43)) - raft.server.staging.catchup.gap = 1000 (default)
2019-09-26 11:03:59,334 [1745fe83-e03c-45fa-a055-fce326b8113e@group-549F291C5A8D:LeaderElection5] INFO  server.RaftServerConfigKeys (ConfUtils.java:logGet(43)) - raft.server.rpc.sleep.time = 25ms (default)
2019-09-26 11:03:59,334 [1745fe83-e03c-45fa-a055-fce326b8113e@group-549F291C5A8D:LeaderElection5] INFO  server.RaftServerConfigKeys (ConfUtils.java:logGet(43)) - raft.server.write.element-limit = 4096 (default)
2019-09-26 11:03:59,334 [1745fe83-e03c-45fa-a055-fce326b8113e@group-549F291C5A8D:LeaderElection5] INFO  server.RaftServerConfigKeys (ConfUtils.java:logGet(43)) - raft.server.watch.timeout = 10s (default)
2019-09-26 11:03:59,334 [1745fe83-e03c-45fa-a055-fce326b8113e@group-549F291C5A8D:LeaderElection5] INFO  server.RaftServerConfigKeys (ConfUtils.java:logGet(43)) - raft.server.watch.timeout.denomination = 1s (default)
2019-09-26 11:03:59,334 [1745fe83-e03c-45fa-a055-fce326b8113e@group-549F291C5A8D:LeaderElection5] INFO  server.RaftServerConfigKeys (ConfUtils.java:logGet(43)) - raft.server.watch.element-limit = 65536 (default)
2019-09-26 11:03:59,338 [1745fe83-e03c-45fa-a055-fce326b8113e@group-549F291C5A8D:LeaderElection5] INFO  impl.RoleInfo (RoleInfo.java:updateAndGet(143)) - 1745fe83-e03c-45fa-a055-fce326b8113e: start LeaderState
2019-09-26 11:03:59,339 [1745fe83-e03c-45fa-a055-fce326b8113e@group-549F291C5A8D:LeaderElection5] INFO  segmented.SegmentedRaftLogWorker (SegmentedRaftLogWorker.java:startLogSegment(380)) - 1745fe83-e03c-45fa-a055-fce326b8113e@group-549F291C5A8D-SegmentedRaftLogWorker: Starting segment from index:0
2019-09-26 11:03:59,339 [1745fe83-e03c-45fa-a055-fce326b8113e@group-549F291C5A8D:LeaderElection5] INFO  impl.RaftServerImpl (ServerState.java:setRaftConf(354)) - 1745fe83-e03c-45fa-a055-fce326b8113e@group-549F291C5A8D: set configuration 0: [1745fe83-e03c-45fa-a055-fce326b8113e:192.168.30.13:37183], old=null at 0
2019-09-26 11:03:59,389 [1745fe83-e03c-45fa-a055-fce326b8113e@group-549F291C5A8D-SegmentedRaftLogWorker] INFO  segmented.SegmentedRaftLogWorker (SegmentedRaftLogWorker.java:execute(569)) - 1745fe83-e03c-45fa-a055-fce326b8113e@group-549F291C5A8D-SegmentedRaftLogWorker: created new log segment /workdir/hadoop-ozone/tools/target/test-dir/MiniOzoneClusterImpl-6d01f745-579a-4aef-b168-1b4d6e4a660d/datanode-2/data/ratis/3bfae580-28de-49c9-89d5-549f291c5a8d/current/log_inprogress_0
2019-09-26 11:03:59,393 [Thread-195] INFO  impl.FollowerState (FollowerState.java:run(106)) - 1745fe83-e03c-45fa-a055-fce326b8113e:group-9FDDC67FE2C8 changes to CANDIDATE, lastRpcTime:5069, electionTimeout:5069ms
2019-09-26 11:03:59,393 [Thread-195] INFO  impl.RoleInfo (RoleInfo.java:shutdownFollowerState(121)) - 1745fe83-e03c-45fa-a055-fce326b8113e: shutdown FollowerState
2019-09-26 11:03:59,393 [Thread-195] INFO  impl.RaftServerImpl (RaftServerImpl.java:setRole(174)) - 1745fe83-e03c-45fa-a055-fce326b8113e@group-9FDDC67FE2C8: changes role from  FOLLOWER to CANDIDATE at term 0 for changeToCandidate
2019-09-26 11:03:59,393 [Thread-195] INFO  impl.RoleInfo (RoleInfo.java:updateAndGet(143)) - 1745fe83-e03c-45fa-a055-fce326b8113e: start LeaderElection
2019-09-26 11:03:59,403 [1745fe83-e03c-45fa-a055-fce326b8113e@group-9FDDC67FE2C8:LeaderElection6] INFO  impl.LeaderElection (LeaderElection.java:askForVotes(182)) - 1745fe83-e03c-45fa-a055-fce326b8113e@group-9FDDC67FE2C8:LeaderElection6: begin an election at term 1 for -1: [1745fe83-e03c-45fa-a055-fce326b8113e:192.168.30.13:37183], old=null
2019-09-26 11:03:59,403 [1745fe83-e03c-45fa-a055-fce326b8113e@group-9FDDC67FE2C8:LeaderElection6] INFO  impl.RoleInfo (RoleInfo.java:shutdownLeaderElection(134)) - 1745fe83-e03c-45fa-a055-fce326b8113e: shutdown LeaderElection
2019-09-26 11:03:59,403 [1745fe83-e03c-45fa-a055-fce326b8113e@group-9FDDC67FE2C8:LeaderElection6] INFO  impl.RaftServerImpl (RaftServerImpl.java:setRole(174)) - 1745fe83-e03c-45fa-a055-fce326b8113e@group-9FDDC67FE2C8: changes role from CANDIDATE to LEADER at term 1 for changeToLeader
2019-09-26 11:03:59,403 [1745fe83-e03c-45fa-a055-fce326b8113e@group-9FDDC67FE2C8:LeaderElection6] INFO  impl.RaftServerImpl (ServerState.java:setLeader(253)) - 1745fe83-e03c-45fa-a055-fce326b8113e@group-9FDDC67FE2C8: change Leader from null to 1745fe83-e03c-45fa-a055-fce326b8113e at term 1 for becomeLeader, leader elected after 5090ms
2019-09-26 11:03:59,403 [1745fe83-e03c-45fa-a055-fce326b8113e@group-9FDDC67FE2C8:LeaderElection6] INFO  server.RaftServerConfigKeys (ConfUtils.java:logGet(43)) - raft.server.staging.catchup.gap = 1000 (default)
2019-09-26 11:03:59,404 [1745fe83-e03c-45fa-a055-fce326b8113e@group-9FDDC67FE2C8:LeaderElection6] INFO  server.RaftServerConfigKeys (ConfUtils.java:logGet(43)) - raft.server.rpc.sleep.time = 25ms (default)
2019-09-26 11:03:59,404 [1745fe83-e03c-45fa-a055-fce326b8113e@group-9FDDC67FE2C8:LeaderElection6] INFO  server.RaftServerConfigKeys (ConfUtils.java:logGet(43)) - raft.server.write.element-limit = 4096 (default)
2019-09-26 11:03:59,404 [1745fe83-e03c-45fa-a055-fce326b8113e@group-9FDDC67FE2C8:LeaderElection6] INFO  server.RaftServerConfigKeys (ConfUtils.java:logGet(43)) - raft.server.watch.timeout = 10s (default)
2019-09-26 11:03:59,404 [1745fe83-e03c-45fa-a055-fce326b8113e@group-9FDDC67FE2C8:LeaderElection6] INFO  server.RaftServerConfigKeys (ConfUtils.java:logGet(43)) - raft.server.watch.timeout.denomination = 1s (default)
2019-09-26 11:03:59,404 [1745fe83-e03c-45fa-a055-fce326b8113e@group-9FDDC67FE2C8:LeaderElection6] INFO  server.RaftServerConfigKeys (ConfUtils.java:logGet(43)) - raft.server.watch.element-limit = 65536 (default)
2019-09-26 11:03:59,408 [1745fe83-e03c-45fa-a055-fce326b8113e@group-9FDDC67FE2C8:LeaderElection6] INFO  impl.RoleInfo (RoleInfo.java:updateAndGet(143)) - 1745fe83-e03c-45fa-a055-fce326b8113e: start LeaderState
2019-09-26 11:03:59,409 [1745fe83-e03c-45fa-a055-fce326b8113e@group-9FDDC67FE2C8:LeaderElection6] INFO  segmented.SegmentedRaftLogWorker (SegmentedRaftLogWorker.java:startLogSegment(380)) - 1745fe83-e03c-45fa-a055-fce326b8113e@group-9FDDC67FE2C8-SegmentedRaftLogWorker: Starting segment from index:0
2019-09-26 11:03:59,409 [1745fe83-e03c-45fa-a055-fce326b8113e@group-9FDDC67FE2C8:LeaderElection6] INFO  impl.RaftServerImpl (ServerState.java:setRaftConf(354)) - 1745fe83-e03c-45fa-a055-fce326b8113e@group-9FDDC67FE2C8: set configuration 0: [1745fe83-e03c-45fa-a055-fce326b8113e:192.168.30.13:37183], old=null at 0
2019-09-26 11:03:59,457 [1745fe83-e03c-45fa-a055-fce326b8113e@group-9FDDC67FE2C8-SegmentedRaftLogWorker] INFO  segmented.SegmentedRaftLogWorker (SegmentedRaftLogWorker.java:execute(569)) - 1745fe83-e03c-45fa-a055-fce326b8113e@group-9FDDC67FE2C8-SegmentedRaftLogWorker: created new log segment /workdir/hadoop-ozone/tools/target/test-dir/MiniOzoneClusterImpl-6d01f745-579a-4aef-b168-1b4d6e4a660d/datanode-2/data/ratis/cc8884c4-9235-48e7-ba68-9fddc67fe2c8/current/log_inprogress_0
2019-09-26 11:03:59,545 [Thread-202] INFO  impl.FollowerState (FollowerState.java:run(106)) - 0b4034a9-ca74-4b3f-a167-05c5f7dd3c4d:group-4C7B6C159AB3 changes to CANDIDATE, lastRpcTime:5073, electionTimeout:5073ms
2019-09-26 11:03:59,545 [Thread-202] INFO  impl.RoleInfo (RoleInfo.java:shutdownFollowerState(121)) - 0b4034a9-ca74-4b3f-a167-05c5f7dd3c4d: shutdown FollowerState
2019-09-26 11:03:59,545 [Thread-202] INFO  impl.RaftServerImpl (RaftServerImpl.java:setRole(174)) - 0b4034a9-ca74-4b3f-a167-05c5f7dd3c4d@group-4C7B6C159AB3: changes role from  FOLLOWER to CANDIDATE at term 0 for changeToCandidate
2019-09-26 11:03:59,546 [Thread-202] INFO  impl.RoleInfo (RoleInfo.java:updateAndGet(143)) - 0b4034a9-ca74-4b3f-a167-05c5f7dd3c4d: start LeaderElection
2019-09-26 11:03:59,562 [0b4034a9-ca74-4b3f-a167-05c5f7dd3c4d@group-4C7B6C159AB3:LeaderElection7] INFO  impl.LeaderElection (LeaderElection.java:askForVotes(182)) - 0b4034a9-ca74-4b3f-a167-05c5f7dd3c4d@group-4C7B6C159AB3:LeaderElection7: begin an election at term 1 for -1: [0b4034a9-ca74-4b3f-a167-05c5f7dd3c4d:192.168.30.13:33710], old=null
2019-09-26 11:03:59,562 [0b4034a9-ca74-4b3f-a167-05c5f7dd3c4d@group-4C7B6C159AB3:LeaderElection7] INFO  impl.RoleInfo (RoleInfo.java:shutdownLeaderElection(134)) - 0b4034a9-ca74-4b3f-a167-05c5f7dd3c4d: shutdown LeaderElection
2019-09-26 11:03:59,562 [0b4034a9-ca74-4b3f-a167-05c5f7dd3c4d@group-4C7B6C159AB3:LeaderElection7] INFO  impl.RaftServerImpl (RaftServerImpl.java:setRole(174)) - 0b4034a9-ca74-4b3f-a167-05c5f7dd3c4d@group-4C7B6C159AB3: changes role from CANDIDATE to LEADER at term 1 for changeToLeader
2019-09-26 11:03:59,562 [0b4034a9-ca74-4b3f-a167-05c5f7dd3c4d@group-4C7B6C159AB3:LeaderElection7] INFO  impl.RaftServerImpl (ServerState.java:setLeader(253)) - 0b4034a9-ca74-4b3f-a167-05c5f7dd3c4d@group-4C7B6C159AB3: change Leader from null to 0b4034a9-ca74-4b3f-a167-05c5f7dd3c4d at term 1 for becomeLeader, leader elected after 5101ms
2019-09-26 11:03:59,563 [0b4034a9-ca74-4b3f-a167-05c5f7dd3c4d@group-4C7B6C159AB3:LeaderElection7] INFO  server.RaftServerConfigKeys (ConfUtils.java:logGet(43)) - raft.server.staging.catchup.gap = 1000 (default)
2019-09-26 11:03:59,563 [0b4034a9-ca74-4b3f-a167-05c5f7dd3c4d@group-4C7B6C159AB3:LeaderElection7] INFO  server.RaftServerConfigKeys (ConfUtils.java:logGet(43)) - raft.server.rpc.sleep.time = 25ms (default)
2019-09-26 11:03:59,563 [0b4034a9-ca74-4b3f-a167-05c5f7dd3c4d@group-4C7B6C159AB3:LeaderElection7] INFO  server.RaftServerConfigKeys (ConfUtils.java:logGet(43)) - raft.server.write.element-limit = 4096 (default)
2019-09-26 11:03:59,563 [0b4034a9-ca74-4b3f-a167-05c5f7dd3c4d@group-4C7B6C159AB3:LeaderElection7] INFO  server.RaftServerConfigKeys (ConfUtils.java:logGet(43)) - raft.server.watch.timeout = 10s (default)
2019-09-26 11:03:59,563 [0b4034a9-ca74-4b3f-a167-05c5f7dd3c4d@group-4C7B6C159AB3:LeaderElection7] INFO  server.RaftServerConfigKeys (ConfUtils.java:logGet(43)) - raft.server.watch.timeout.denomination = 1s (default)
2019-09-26 11:03:59,563 [0b4034a9-ca74-4b3f-a167-05c5f7dd3c4d@group-4C7B6C159AB3:LeaderElection7] INFO  server.RaftServerConfigKeys (ConfUtils.java:logGet(43)) - raft.server.watch.element-limit = 65536 (default)
2019-09-26 11:03:59,566 [0b4034a9-ca74-4b3f-a167-05c5f7dd3c4d@group-4C7B6C159AB3:LeaderElection7] INFO  impl.RoleInfo (RoleInfo.java:updateAndGet(143)) - 0b4034a9-ca74-4b3f-a167-05c5f7dd3c4d: start LeaderState
2019-09-26 11:03:59,567 [0b4034a9-ca74-4b3f-a167-05c5f7dd3c4d@group-4C7B6C159AB3:LeaderElection7] INFO  segmented.SegmentedRaftLogWorker (SegmentedRaftLogWorker.java:startLogSegment(380)) - 0b4034a9-ca74-4b3f-a167-05c5f7dd3c4d@group-4C7B6C159AB3-SegmentedRaftLogWorker: Starting segment from index:0
2019-09-26 11:03:59,567 [0b4034a9-ca74-4b3f-a167-05c5f7dd3c4d@group-4C7B6C159AB3:LeaderElection7] INFO  impl.RaftServerImpl (ServerState.java:setRaftConf(354)) - 0b4034a9-ca74-4b3f-a167-05c5f7dd3c4d@group-4C7B6C159AB3: set configuration 0: [0b4034a9-ca74-4b3f-a167-05c5f7dd3c4d:192.168.30.13:33710], old=null at 0
2019-09-26 11:03:59,608 [Thread-199] INFO  impl.FollowerState (FollowerState.java:run(106)) - 1745fe83-e03c-45fa-a055-fce326b8113e:group-7CF23CB89EBB changes to CANDIDATE, lastRpcTime:5207, electionTimeout:5190ms
2019-09-26 11:03:59,608 [Thread-199] INFO  impl.RoleInfo (RoleInfo.java:shutdownFollowerState(121)) - 1745fe83-e03c-45fa-a055-fce326b8113e: shutdown FollowerState
2019-09-26 11:03:59,609 [Thread-199] INFO  impl.RaftServerImpl (RaftServerImpl.java:setRole(174)) - 1745fe83-e03c-45fa-a055-fce326b8113e@group-7CF23CB89EBB: changes role from  FOLLOWER to CANDIDATE at term 0 for changeToCandidate
2019-09-26 11:03:59,609 [Thread-199] INFO  impl.RoleInfo (RoleInfo.java:updateAndGet(143)) - 1745fe83-e03c-45fa-a055-fce326b8113e: start LeaderElection
2019-09-26 11:03:59,621 [0b4034a9-ca74-4b3f-a167-05c5f7dd3c4d@group-4C7B6C159AB3-SegmentedRaftLogWorker] INFO  segmented.SegmentedRaftLogWorker (SegmentedRaftLogWorker.java:execute(569)) - 0b4034a9-ca74-4b3f-a167-05c5f7dd3c4d@group-4C7B6C159AB3-SegmentedRaftLogWorker: created new log segment /workdir/hadoop-ozone/tools/target/test-dir/MiniOzoneClusterImpl-6d01f745-579a-4aef-b168-1b4d6e4a660d/datanode-1/data/ratis/babcdda4-43ea-45e2-935b-4c7b6c159ab3/current/log_inprogress_0
2019-09-26 11:03:59,621 [1745fe83-e03c-45fa-a055-fce326b8113e@group-7CF23CB89EBB:LeaderElection8] INFO  impl.LeaderElection (LeaderElection.java:askForVotes(182)) - 1745fe83-e03c-45fa-a055-fce326b8113e@group-7CF23CB89EBB:LeaderElection8: begin an election at term 1 for -1: [1745fe83-e03c-45fa-a055-fce326b8113e:192.168.30.13:37183], old=null
2019-09-26 11:03:59,621 [1745fe83-e03c-45fa-a055-fce326b8113e@group-7CF23CB89EBB:LeaderElection8] INFO  impl.RoleInfo (RoleInfo.java:shutdownLeaderElection(134)) - 1745fe83-e03c-45fa-a055-fce326b8113e: shutdown LeaderElection
2019-09-26 11:03:59,622 [1745fe83-e03c-45fa-a055-fce326b8113e@group-7CF23CB89EBB:LeaderElection8] INFO  impl.RaftServerImpl (RaftServerImpl.java:setRole(174)) - 1745fe83-e03c-45fa-a055-fce326b8113e@group-7CF23CB89EBB: changes role from CANDIDATE to LEADER at term 1 for changeToLeader
2019-09-26 11:03:59,622 [1745fe83-e03c-45fa-a055-fce326b8113e@group-7CF23CB89EBB:LeaderElection8] INFO  impl.RaftServerImpl (ServerState.java:setLeader(253)) - 1745fe83-e03c-45fa-a055-fce326b8113e@group-7CF23CB89EBB: change Leader from null to 1745fe83-e03c-45fa-a055-fce326b8113e at term 1 for becomeLeader, leader elected after 5234ms
2019-09-26 11:03:59,622 [1745fe83-e03c-45fa-a055-fce326b8113e@group-7CF23CB89EBB:LeaderElection8] INFO  server.RaftServerConfigKeys (ConfUtils.java:logGet(43)) - raft.server.staging.catchup.gap = 1000 (default)
2019-09-26 11:03:59,622 [1745fe83-e03c-45fa-a055-fce326b8113e@group-7CF23CB89EBB:LeaderElection8] INFO  server.RaftServerConfigKeys (ConfUtils.java:logGet(43)) - raft.server.rpc.sleep.time = 25ms (default)
2019-09-26 11:03:59,622 [1745fe83-e03c-45fa-a055-fce326b8113e@group-7CF23CB89EBB:LeaderElection8] INFO  server.RaftServerConfigKeys (ConfUtils.java:logGet(43)) - raft.server.write.element-limit = 4096 (default)
2019-09-26 11:03:59,622 [1745fe83-e03c-45fa-a055-fce326b8113e@group-7CF23CB89EBB:LeaderElection8] INFO  server.RaftServerConfigKeys (ConfUtils.java:logGet(43)) - raft.server.watch.timeout = 10s (default)
2019-09-26 11:03:59,623 [1745fe83-e03c-45fa-a055-fce326b8113e@group-7CF23CB89EBB:LeaderElection8] INFO  server.RaftServerConfigKeys (ConfUtils.java:logGet(43)) - raft.server.watch.timeout.denomination = 1s (default)
2019-09-26 11:03:59,623 [1745fe83-e03c-45fa-a055-fce326b8113e@group-7CF23CB89EBB:LeaderElection8] INFO  server.RaftServerConfigKeys (ConfUtils.java:logGet(43)) - raft.server.watch.element-limit = 65536 (default)
2019-09-26 11:03:59,625 [1745fe83-e03c-45fa-a055-fce326b8113e@group-7CF23CB89EBB:LeaderElection8] INFO  impl.RoleInfo (RoleInfo.java:updateAndGet(143)) - 1745fe83-e03c-45fa-a055-fce326b8113e: start LeaderState
2019-09-26 11:03:59,626 [1745fe83-e03c-45fa-a055-fce326b8113e@group-7CF23CB89EBB:LeaderElection8] INFO  segmented.SegmentedRaftLogWorker (SegmentedRaftLogWorker.java:startLogSegment(380)) - 1745fe83-e03c-45fa-a055-fce326b8113e@group-7CF23CB89EBB-SegmentedRaftLogWorker: Starting segment from index:0
2019-09-26 11:03:59,626 [1745fe83-e03c-45fa-a055-fce326b8113e@group-7CF23CB89EBB:LeaderElection8] INFO  impl.RaftServerImpl (ServerState.java:setRaftConf(354)) - 1745fe83-e03c-45fa-a055-fce326b8113e@group-7CF23CB89EBB: set configuration 0: [1745fe83-e03c-45fa-a055-fce326b8113e:192.168.30.13:37183], old=null at 0
2019-09-26 11:03:59,671 [Thread-205] INFO  impl.FollowerState (FollowerState.java:run(106)) - 1745fe83-e03c-45fa-a055-fce326b8113e:group-FA41A136936E changes to CANDIDATE, lastRpcTime:5118, electionTimeout:5118ms
2019-09-26 11:03:59,671 [Thread-205] INFO  impl.RoleInfo (RoleInfo.java:shutdownFollowerState(121)) - 1745fe83-e03c-45fa-a055-fce326b8113e: shutdown FollowerState
2019-09-26 11:03:59,671 [Thread-205] INFO  impl.RaftServerImpl (RaftServerImpl.java:setRole(174)) - 1745fe83-e03c-45fa-a055-fce326b8113e@group-FA41A136936E: changes role from  FOLLOWER to CANDIDATE at term 0 for changeToCandidate
2019-09-26 11:03:59,671 [Thread-205] INFO  impl.RoleInfo (RoleInfo.java:updateAndGet(143)) - 1745fe83-e03c-45fa-a055-fce326b8113e: start LeaderElection
2019-09-26 11:03:59,677 [Thread-208] INFO  impl.FollowerState (FollowerState.java:run(106)) - e958bcc3-6e58-4a42-8cec-6068de8a50c7:group-219F2C835E84 changes to CANDIDATE, lastRpcTime:5062, electionTimeout:5062ms
2019-09-26 11:03:59,677 [Thread-208] INFO  impl.RoleInfo (RoleInfo.java:shutdownFollowerState(121)) - e958bcc3-6e58-4a42-8cec-6068de8a50c7: shutdown FollowerState
2019-09-26 11:03:59,677 [Thread-208] INFO  impl.RaftServerImpl (RaftServerImpl.java:setRole(174)) - e958bcc3-6e58-4a42-8cec-6068de8a50c7@group-219F2C835E84: changes role from  FOLLOWER to CANDIDATE at term 0 for changeToCandidate
2019-09-26 11:03:59,678 [Thread-208] INFO  impl.RoleInfo (RoleInfo.java:updateAndGet(143)) - e958bcc3-6e58-4a42-8cec-6068de8a50c7: start LeaderElection
2019-09-26 11:03:59,681 [1745fe83-e03c-45fa-a055-fce326b8113e@group-7CF23CB89EBB-SegmentedRaftLogWorker] INFO  segmented.SegmentedRaftLogWorker (SegmentedRaftLogWorker.java:execute(569)) - 1745fe83-e03c-45fa-a055-fce326b8113e@group-7CF23CB89EBB-SegmentedRaftLogWorker: created new log segment /workdir/hadoop-ozone/tools/target/test-dir/MiniOzoneClusterImpl-6d01f745-579a-4aef-b168-1b4d6e4a660d/datanode-2/data/ratis/a52fbee7-6dfc-4cf6-b9d1-7cf23cb89ebb/current/log_inprogress_0
2019-09-26 11:03:59,681 [1745fe83-e03c-45fa-a055-fce326b8113e@group-FA41A136936E:LeaderElection9] INFO  impl.LeaderElection (LeaderElection.java:askForVotes(182)) - 1745fe83-e03c-45fa-a055-fce326b8113e@group-FA41A136936E:LeaderElection9: begin an election at term 1 for -1: [1745fe83-e03c-45fa-a055-fce326b8113e:192.168.30.13:37183], old=null
2019-09-26 11:03:59,681 [1745fe83-e03c-45fa-a055-fce326b8113e@group-FA41A136936E:LeaderElection9] INFO  impl.RoleInfo (RoleInfo.java:shutdownLeaderElection(134)) - 1745fe83-e03c-45fa-a055-fce326b8113e: shutdown LeaderElection
2019-09-26 11:03:59,681 [1745fe83-e03c-45fa-a055-fce326b8113e@group-FA41A136936E:LeaderElection9] INFO  impl.RaftServerImpl (RaftServerImpl.java:setRole(174)) - 1745fe83-e03c-45fa-a055-fce326b8113e@group-FA41A136936E: changes role from CANDIDATE to LEADER at term 1 for changeToLeader
2019-09-26 11:03:59,682 [1745fe83-e03c-45fa-a055-fce326b8113e@group-FA41A136936E:LeaderElection9] INFO  impl.RaftServerImpl (ServerState.java:setLeader(253)) - 1745fe83-e03c-45fa-a055-fce326b8113e@group-FA41A136936E: change Leader from null to 1745fe83-e03c-45fa-a055-fce326b8113e at term 1 for becomeLeader, leader elected after 5139ms
2019-09-26 11:03:59,682 [1745fe83-e03c-45fa-a055-fce326b8113e@group-FA41A136936E:LeaderElection9] INFO  server.RaftServerConfigKeys (ConfUtils.java:logGet(43)) - raft.server.staging.catchup.gap = 1000 (default)
2019-09-26 11:03:59,682 [1745fe83-e03c-45fa-a055-fce326b8113e@group-FA41A136936E:LeaderElection9] INFO  server.RaftServerConfigKeys (ConfUtils.java:logGet(43)) - raft.server.rpc.sleep.time = 25ms (default)
2019-09-26 11:03:59,682 [1745fe83-e03c-45fa-a055-fce326b8113e@group-FA41A136936E:LeaderElection9] INFO  server.RaftServerConfigKeys (ConfUtils.java:logGet(43)) - raft.server.write.element-limit = 4096 (default)
2019-09-26 11:03:59,682 [1745fe83-e03c-45fa-a055-fce326b8113e@group-FA41A136936E:LeaderElection9] INFO  server.RaftServerConfigKeys (ConfUtils.java:logGet(43)) - raft.server.watch.timeout = 10s (default)
2019-09-26 11:03:59,682 [1745fe83-e03c-45fa-a055-fce326b8113e@group-FA41A136936E:LeaderElection9] INFO  server.RaftServerConfigKeys (ConfUtils.java:logGet(43)) - raft.server.watch.timeout.denomination = 1s (default)
2019-09-26 11:03:59,683 [1745fe83-e03c-45fa-a055-fce326b8113e@group-FA41A136936E:LeaderElection9] INFO  server.RaftServerConfigKeys (ConfUtils.java:logGet(43)) - raft.server.watch.element-limit = 65536 (default)
2019-09-26 11:03:59,686 [1745fe83-e03c-45fa-a055-fce326b8113e@group-FA41A136936E:LeaderElection9] INFO  impl.RoleInfo (RoleInfo.java:updateAndGet(143)) - 1745fe83-e03c-45fa-a055-fce326b8113e: start LeaderState
2019-09-26 11:03:59,686 [1745fe83-e03c-45fa-a055-fce326b8113e@group-FA41A136936E:LeaderElection9] INFO  segmented.SegmentedRaftLogWorker (SegmentedRaftLogWorker.java:startLogSegment(380)) - 1745fe83-e03c-45fa-a055-fce326b8113e@group-FA41A136936E-SegmentedRaftLogWorker: Starting segment from index:0
2019-09-26 11:03:59,687 [1745fe83-e03c-45fa-a055-fce326b8113e@group-FA41A136936E:LeaderElection9] INFO  impl.RaftServerImpl (ServerState.java:setRaftConf(354)) - 1745fe83-e03c-45fa-a055-fce326b8113e@group-FA41A136936E: set configuration 0: [1745fe83-e03c-45fa-a055-fce326b8113e:192.168.30.13:37183], old=null at 0
2019-09-26 11:03:59,727 [e958bcc3-6e58-4a42-8cec-6068de8a50c7@group-219F2C835E84:LeaderElection10] INFO  impl.LeaderElection (LeaderElection.java:askForVotes(182)) - e958bcc3-6e58-4a42-8cec-6068de8a50c7@group-219F2C835E84:LeaderElection10: begin an election at term 1 for -1: [e958bcc3-6e58-4a42-8cec-6068de8a50c7:192.168.30.13:44994], old=null
2019-09-26 11:03:59,727 [e958bcc3-6e58-4a42-8cec-6068de8a50c7@group-219F2C835E84:LeaderElection10] INFO  impl.RoleInfo (RoleInfo.java:shutdownLeaderElection(134)) - e958bcc3-6e58-4a42-8cec-6068de8a50c7: shutdown LeaderElection
2019-09-26 11:03:59,727 [e958bcc3-6e58-4a42-8cec-6068de8a50c7@group-219F2C835E84:LeaderElection10] INFO  impl.RaftServerImpl (RaftServerImpl.java:setRole(174)) - e958bcc3-6e58-4a42-8cec-6068de8a50c7@group-219F2C835E84: changes role from CANDIDATE to LEADER at term 1 for changeToLeader
2019-09-26 11:03:59,727 [e958bcc3-6e58-4a42-8cec-6068de8a50c7@group-219F2C835E84:LeaderElection10] INFO  impl.RaftServerImpl (ServerState.java:setLeader(253)) - e958bcc3-6e58-4a42-8cec-6068de8a50c7@group-219F2C835E84: change Leader from null to e958bcc3-6e58-4a42-8cec-6068de8a50c7 at term 1 for becomeLeader, leader elected after 5121ms
2019-09-26 11:03:59,728 [e958bcc3-6e58-4a42-8cec-6068de8a50c7@group-219F2C835E84:LeaderElection10] INFO  server.RaftServerConfigKeys (ConfUtils.java:logGet(43)) - raft.server.staging.catchup.gap = 1000 (default)
2019-09-26 11:03:59,728 [e958bcc3-6e58-4a42-8cec-6068de8a50c7@group-219F2C835E84:LeaderElection10] INFO  server.RaftServerConfigKeys (ConfUtils.java:logGet(43)) - raft.server.rpc.sleep.time = 25ms (default)
2019-09-26 11:03:59,728 [e958bcc3-6e58-4a42-8cec-6068de8a50c7@group-219F2C835E84:LeaderElection10] INFO  server.RaftServerConfigKeys (ConfUtils.java:logGet(43)) - raft.server.write.element-limit = 4096 (default)
2019-09-26 11:03:59,728 [e958bcc3-6e58-4a42-8cec-6068de8a50c7@group-219F2C835E84:LeaderElection10] INFO  server.RaftServerConfigKeys (ConfUtils.java:logGet(43)) - raft.server.watch.timeout = 10s (default)
2019-09-26 11:03:59,728 [e958bcc3-6e58-4a42-8cec-6068de8a50c7@group-219F2C835E84:LeaderElection10] INFO  server.RaftServerConfigKeys (ConfUtils.java:logGet(43)) - raft.server.watch.timeout.denomination = 1s (default)
2019-09-26 11:03:59,729 [e958bcc3-6e58-4a42-8cec-6068de8a50c7@group-219F2C835E84:LeaderElection10] INFO  server.RaftServerConfigKeys (ConfUtils.java:logGet(43)) - raft.server.watch.element-limit = 65536 (default)
2019-09-26 11:03:59,732 [e958bcc3-6e58-4a42-8cec-6068de8a50c7@group-219F2C835E84:LeaderElection10] INFO  impl.RoleInfo (RoleInfo.java:updateAndGet(143)) - e958bcc3-6e58-4a42-8cec-6068de8a50c7: start LeaderState
2019-09-26 11:03:59,732 [e958bcc3-6e58-4a42-8cec-6068de8a50c7@group-219F2C835E84:LeaderElection10] INFO  segmented.SegmentedRaftLogWorker (SegmentedRaftLogWorker.java:startLogSegment(380)) - e958bcc3-6e58-4a42-8cec-6068de8a50c7@group-219F2C835E84-SegmentedRaftLogWorker: Starting segment from index:0
2019-09-26 11:03:59,733 [e958bcc3-6e58-4a42-8cec-6068de8a50c7@group-219F2C835E84:LeaderElection10] INFO  impl.RaftServerImpl (ServerState.java:setRaftConf(354)) - e958bcc3-6e58-4a42-8cec-6068de8a50c7@group-219F2C835E84: set configuration 0: [e958bcc3-6e58-4a42-8cec-6068de8a50c7:192.168.30.13:44994], old=null at 0
2019-09-26 11:03:59,767 [1745fe83-e03c-45fa-a055-fce326b8113e@group-FA41A136936E-SegmentedRaftLogWorker] INFO  segmented.SegmentedRaftLogWorker (SegmentedRaftLogWorker.java:execute(569)) - 1745fe83-e03c-45fa-a055-fce326b8113e@group-FA41A136936E-SegmentedRaftLogWorker: created new log segment /workdir/hadoop-ozone/tools/target/test-dir/MiniOzoneClusterImpl-6d01f745-579a-4aef-b168-1b4d6e4a660d/datanode-2/data/ratis/ef5ebef8-0696-4d93-b989-fa41a136936e/current/log_inprogress_0
2019-09-26 11:03:59,779 [e958bcc3-6e58-4a42-8cec-6068de8a50c7@group-219F2C835E84-SegmentedRaftLogWorker] INFO  segmented.SegmentedRaftLogWorker (SegmentedRaftLogWorker.java:execute(569)) - e958bcc3-6e58-4a42-8cec-6068de8a50c7@group-219F2C835E84-SegmentedRaftLogWorker: created new log segment /workdir/hadoop-ozone/tools/target/test-dir/MiniOzoneClusterImpl-6d01f745-579a-4aef-b168-1b4d6e4a660d/datanode-0/data/ratis/f5d6d4d9-1ac9-4e20-8a05-219f2c835e84/current/log_inprogress_0
2019-09-26 11:03:59,834 [Thread-215] INFO  impl.FollowerState (FollowerState.java:run(106)) - e958bcc3-6e58-4a42-8cec-6068de8a50c7:group-7E3A09C43C0F changes to CANDIDATE, lastRpcTime:5064, electionTimeout:5064ms
2019-09-26 11:03:59,835 [Thread-212] INFO  impl.FollowerState (FollowerState.java:run(106)) - 0b4034a9-ca74-4b3f-a167-05c5f7dd3c4d:group-2156A958BF65 changes to CANDIDATE, lastRpcTime:5142, electionTimeout:5142ms
2019-09-26 11:03:59,835 [Thread-215] INFO  impl.RoleInfo (RoleInfo.java:shutdownFollowerState(121)) - e958bcc3-6e58-4a42-8cec-6068de8a50c7: shutdown FollowerState
2019-09-26 11:03:59,835 [Thread-212] INFO  impl.RoleInfo (RoleInfo.java:shutdownFollowerState(121)) - 0b4034a9-ca74-4b3f-a167-05c5f7dd3c4d: shutdown FollowerState
2019-09-26 11:03:59,835 [Thread-215] INFO  impl.RaftServerImpl (RaftServerImpl.java:setRole(174)) - e958bcc3-6e58-4a42-8cec-6068de8a50c7@group-7E3A09C43C0F: changes role from  FOLLOWER to CANDIDATE at term 0 for changeToCandidate
2019-09-26 11:03:59,835 [Thread-212] INFO  impl.RaftServerImpl (RaftServerImpl.java:setRole(174)) - 0b4034a9-ca74-4b3f-a167-05c5f7dd3c4d@group-2156A958BF65: changes role from  FOLLOWER to CANDIDATE at term 0 for changeToCandidate
2019-09-26 11:03:59,835 [Thread-215] INFO  impl.RoleInfo (RoleInfo.java:updateAndGet(143)) - e958bcc3-6e58-4a42-8cec-6068de8a50c7: start LeaderElection
2019-09-26 11:03:59,835 [Thread-212] INFO  impl.RoleInfo (RoleInfo.java:updateAndGet(143)) - 0b4034a9-ca74-4b3f-a167-05c5f7dd3c4d: start LeaderElection
2019-09-26 11:03:59,857 [e958bcc3-6e58-4a42-8cec-6068de8a50c7@group-7E3A09C43C0F:LeaderElection11] INFO  impl.LeaderElection (LeaderElection.java:askForVotes(182)) - e958bcc3-6e58-4a42-8cec-6068de8a50c7@group-7E3A09C43C0F:LeaderElection11: begin an election at term 1 for -1: [e958bcc3-6e58-4a42-8cec-6068de8a50c7:192.168.30.13:44994], old=null
2019-09-26 11:03:59,857 [0b4034a9-ca74-4b3f-a167-05c5f7dd3c4d@group-2156A958BF65:LeaderElection12] INFO  impl.LeaderElection (LeaderElection.java:askForVotes(182)) - 0b4034a9-ca74-4b3f-a167-05c5f7dd3c4d@group-2156A958BF65:LeaderElection12: begin an election at term 1 for -1: [0b4034a9-ca74-4b3f-a167-05c5f7dd3c4d:192.168.30.13:33710], old=null
2019-09-26 11:03:59,857 [e958bcc3-6e58-4a42-8cec-6068de8a50c7@group-7E3A09C43C0F:LeaderElection11] INFO  impl.RoleInfo (RoleInfo.java:shutdownLeaderElection(134)) - e958bcc3-6e58-4a42-8cec-6068de8a50c7: shutdown LeaderElection
2019-09-26 11:03:59,857 [0b4034a9-ca74-4b3f-a167-05c5f7dd3c4d@group-2156A958BF65:LeaderElection12] INFO  impl.RoleInfo (RoleInfo.java:shutdownLeaderElection(134)) - 0b4034a9-ca74-4b3f-a167-05c5f7dd3c4d: shutdown LeaderElection
2019-09-26 11:03:59,857 [e958bcc3-6e58-4a42-8cec-6068de8a50c7@group-7E3A09C43C0F:LeaderElection11] INFO  impl.RaftServerImpl (RaftServerImpl.java:setRole(174)) - e958bcc3-6e58-4a42-8cec-6068de8a50c7@group-7E3A09C43C0F: changes role from CANDIDATE to LEADER at term 1 for changeToLeader
2019-09-26 11:03:59,858 [0b4034a9-ca74-4b3f-a167-05c5f7dd3c4d@group-2156A958BF65:LeaderElection12] INFO  impl.RaftServerImpl (RaftServerImpl.java:setRole(174)) - 0b4034a9-ca74-4b3f-a167-05c5f7dd3c4d@group-2156A958BF65: changes role from CANDIDATE to LEADER at term 1 for changeToLeader
2019-09-26 11:03:59,858 [e958bcc3-6e58-4a42-8cec-6068de8a50c7@group-7E3A09C43C0F:LeaderElection11] INFO  impl.RaftServerImpl (ServerState.java:setLeader(253)) - e958bcc3-6e58-4a42-8cec-6068de8a50c7@group-7E3A09C43C0F: change Leader from null to e958bcc3-6e58-4a42-8cec-6068de8a50c7 at term 1 for becomeLeader, leader elected after 5094ms
2019-09-26 11:03:59,858 [0b4034a9-ca74-4b3f-a167-05c5f7dd3c4d@group-2156A958BF65:LeaderElection12] INFO  impl.RaftServerImpl (ServerState.java:setLeader(253)) - 0b4034a9-ca74-4b3f-a167-05c5f7dd3c4d@group-2156A958BF65: change Leader from null to 0b4034a9-ca74-4b3f-a167-05c5f7dd3c4d at term 1 for becomeLeader, leader elected after 5173ms
2019-09-26 11:03:59,858 [e958bcc3-6e58-4a42-8cec-6068de8a50c7@group-7E3A09C43C0F:LeaderElection11] INFO  server.RaftServerConfigKeys (ConfUtils.java:logGet(43)) - raft.server.staging.catchup.gap = 1000 (default)
2019-09-26 11:03:59,858 [0b4034a9-ca74-4b3f-a167-05c5f7dd3c4d@group-2156A958BF65:LeaderElection12] INFO  server.RaftServerConfigKeys (ConfUtils.java:logGet(43)) - raft.server.staging.catchup.gap = 1000 (default)
2019-09-26 11:03:59,858 [e958bcc3-6e58-4a42-8cec-6068de8a50c7@group-7E3A09C43C0F:LeaderElection11] INFO  server.RaftServerConfigKeys (ConfUtils.java:logGet(43)) - raft.server.rpc.sleep.time = 25ms (default)
2019-09-26 11:03:59,859 [0b4034a9-ca74-4b3f-a167-05c5f7dd3c4d@group-2156A958BF65:LeaderElection12] INFO  server.RaftServerConfigKeys (ConfUtils.java:logGet(43)) - raft.server.rpc.sleep.time = 25ms (default)
2019-09-26 11:03:59,859 [e958bcc3-6e58-4a42-8cec-6068de8a50c7@group-7E3A09C43C0F:LeaderElection11] INFO  server.RaftServerConfigKeys (ConfUtils.java:logGet(43)) - raft.server.write.element-limit = 4096 (default)
2019-09-26 11:03:59,859 [0b4034a9-ca74-4b3f-a167-05c5f7dd3c4d@group-2156A958BF65:LeaderElection12] INFO  server.RaftServerConfigKeys (ConfUtils.java:logGet(43)) - raft.server.write.element-limit = 4096 (default)
2019-09-26 11:03:59,859 [e958bcc3-6e58-4a42-8cec-6068de8a50c7@group-7E3A09C43C0F:LeaderElection11] INFO  server.RaftServerConfigKeys (ConfUtils.java:logGet(43)) - raft.server.watch.timeout = 10s (default)
2019-09-26 11:03:59,859 [0b4034a9-ca74-4b3f-a167-05c5f7dd3c4d@group-2156A958BF65:LeaderElection12] INFO  server.RaftServerConfigKeys (ConfUtils.java:logGet(43)) - raft.server.watch.timeout = 10s (default)
2019-09-26 11:03:59,859 [e958bcc3-6e58-4a42-8cec-6068de8a50c7@group-7E3A09C43C0F:LeaderElection11] INFO  server.RaftServerConfigKeys (ConfUtils.java:logGet(43)) - raft.server.watch.timeout.denomination = 1s (default)
2019-09-26 11:03:59,860 [0b4034a9-ca74-4b3f-a167-05c5f7dd3c4d@group-2156A958BF65:LeaderElection12] INFO  server.RaftServerConfigKeys (ConfUtils.java:logGet(43)) - raft.server.watch.timeout.denomination = 1s (default)
2019-09-26 11:03:59,860 [e958bcc3-6e58-4a42-8cec-6068de8a50c7@group-7E3A09C43C0F:LeaderElection11] INFO  server.RaftServerConfigKeys (ConfUtils.java:logGet(43)) - raft.server.watch.element-limit = 65536 (default)
2019-09-26 11:03:59,860 [0b4034a9-ca74-4b3f-a167-05c5f7dd3c4d@group-2156A958BF65:LeaderElection12] INFO  server.RaftServerConfigKeys (ConfUtils.java:logGet(43)) - raft.server.watch.element-limit = 65536 (default)
 100.00% |█████████████████████████████████████████████████████████████████████████████████████████████████████|  1/1 Time: 0:00:05
2019-09-26 11:03:59,864 [e958bcc3-6e58-4a42-8cec-6068de8a50c7@group-7E3A09C43C0F:LeaderElection11] INFO  impl.RoleInfo (RoleInfo.java:updateAndGet(143)) - e958bcc3-6e58-4a42-8cec-6068de8a50c7: start LeaderState
2019-09-26 11:03:59,864 [e958bcc3-6e58-4a42-8cec-6068de8a50c7@group-7E3A09C43C0F:LeaderElection11] INFO  segmented.SegmentedRaftLogWorker (SegmentedRaftLogWorker.java:startLogSegment(380)) - e958bcc3-6e58-4a42-8cec-6068de8a50c7@group-7E3A09C43C0F-SegmentedRaftLogWorker: Starting segment from index:0
2019-09-26 11:03:59,865 [0b4034a9-ca74-4b3f-a167-05c5f7dd3c4d@group-2156A958BF65:LeaderElection12] INFO  impl.RoleInfo (RoleInfo.java:updateAndGet(143)) - 0b4034a9-ca74-4b3f-a167-05c5f7dd3c4d: start LeaderState
2019-09-26 11:03:59,865 [0b4034a9-ca74-4b3f-a167-05c5f7dd3c4d@group-2156A958BF65:LeaderElection12] INFO  segmented.SegmentedRaftLogWorker (SegmentedRaftLogWorker.java:startLogSegment(380)) - 0b4034a9-ca74-4b3f-a167-05c5f7dd3c4d@group-2156A958BF65-SegmentedRaftLogWorker: Starting segment from index:0
2019-09-26 11:03:59,865 [e958bcc3-6e58-4a42-8cec-6068de8a50c7@group-7E3A09C43C0F:LeaderElection11] INFO  impl.RaftServerImpl (ServerState.java:setRaftConf(354)) - e958bcc3-6e58-4a42-8cec-6068de8a50c7@group-7E3A09C43C0F: set configuration 0: [e958bcc3-6e58-4a42-8cec-6068de8a50c7:192.168.30.13:44994], old=null at 0
2019-09-26 11:03:59,903 [0b4034a9-ca74-4b3f-a167-05c5f7dd3c4d@group-2156A958BF65:LeaderElection12] INFO  impl.RaftServerImpl (ServerState.java:setRaftConf(354)) - 0b4034a9-ca74-4b3f-a167-05c5f7dd3c4d@group-2156A958BF65: set configuration 0: [0b4034a9-ca74-4b3f-a167-05c5f7dd3c4d:192.168.30.13:33710], old=null at 0
2019-09-26 11:03:59,940 [e958bcc3-6e58-4a42-8cec-6068de8a50c7@group-7E3A09C43C0F-SegmentedRaftLogWorker] INFO  segmented.SegmentedRaftLogWorker (SegmentedRaftLogWorker.java:execute(569)) - e958bcc3-6e58-4a42-8cec-6068de8a50c7@group-7E3A09C43C0F-SegmentedRaftLogWorker: created new log segment /workdir/hadoop-ozone/tools/target/test-dir/MiniOzoneClusterImpl-6d01f745-579a-4aef-b168-1b4d6e4a660d/datanode-0/data/ratis/c6f860ea-cc45-4ce6-9a5d-7e3a09c43c0f/current/log_inprogress_0
2019-09-26 11:03:59,952 [0b4034a9-ca74-4b3f-a167-05c5f7dd3c4d@group-2156A958BF65-SegmentedRaftLogWorker] INFO  segmented.SegmentedRaftLogWorker (SegmentedRaftLogWorker.java:execute(569)) - 0b4034a9-ca74-4b3f-a167-05c5f7dd3c4d@group-2156A958BF65-SegmentedRaftLogWorker: created new log segment /workdir/hadoop-ozone/tools/target/test-dir/MiniOzoneClusterImpl-6d01f745-579a-4aef-b168-1b4d6e4a660d/datanode-1/data/ratis/be5f9277-a583-4512-820a-2156a958bf65/current/log_inprogress_0
2019-09-26 11:03:59,993 [Thread-225] INFO  impl.FollowerState (FollowerState.java:run(106)) - 0b4034a9-ca74-4b3f-a167-05c5f7dd3c4d:group-581046C2CDBA changes to CANDIDATE, lastRpcTime:5091, electionTimeout:5091ms
2019-09-26 11:03:59,993 [Thread-225] INFO  impl.RoleInfo (RoleInfo.java:shutdownFollowerState(121)) - 0b4034a9-ca74-4b3f-a167-05c5f7dd3c4d: shutdown FollowerState
2019-09-26 11:03:59,993 [Thread-225] INFO  impl.RaftServerImpl (RaftServerImpl.java:setRole(174)) - 0b4034a9-ca74-4b3f-a167-05c5f7dd3c4d@group-581046C2CDBA: changes role from  FOLLOWER to CANDIDATE at term 0 for changeToCandidate
2019-09-26 11:03:59,994 [Thread-225] INFO  impl.RoleInfo (RoleInfo.java:updateAndGet(143)) - 0b4034a9-ca74-4b3f-a167-05c5f7dd3c4d: start LeaderElection
2019-09-26 11:04:00,011 [0b4034a9-ca74-4b3f-a167-05c5f7dd3c4d@group-581046C2CDBA:LeaderElection13] INFO  impl.LeaderElection (LeaderElection.java:askForVotes(182)) - 0b4034a9-ca74-4b3f-a167-05c5f7dd3c4d@group-581046C2CDBA:LeaderElection13: begin an election at term 1 for -1: [0b4034a9-ca74-4b3f-a167-05c5f7dd3c4d:192.168.30.13:33710], old=null
2019-09-26 11:04:00,011 [0b4034a9-ca74-4b3f-a167-05c5f7dd3c4d@group-581046C2CDBA:LeaderElection13] INFO  impl.RoleInfo (RoleInfo.java:shutdownLeaderElection(134)) - 0b4034a9-ca74-4b3f-a167-05c5f7dd3c4d: shutdown LeaderElection
2019-09-26 11:04:00,012 [0b4034a9-ca74-4b3f-a167-05c5f7dd3c4d@group-581046C2CDBA:LeaderElection13] INFO  impl.RaftServerImpl (RaftServerImpl.java:setRole(174)) - 0b4034a9-ca74-4b3f-a167-05c5f7dd3c4d@group-581046C2CDBA: changes role from CANDIDATE to LEADER at term 1 for changeToLeader
2019-09-26 11:04:00,012 [0b4034a9-ca74-4b3f-a167-05c5f7dd3c4d@group-581046C2CDBA:LeaderElection13] INFO  impl.RaftServerImpl (ServerState.java:setLeader(253)) - 0b4034a9-ca74-4b3f-a167-05c5f7dd3c4d@group-581046C2CDBA: change Leader from null to 0b4034a9-ca74-4b3f-a167-05c5f7dd3c4d at term 1 for becomeLeader, leader elected after 5116ms
2019-09-26 11:04:00,012 [0b4034a9-ca74-4b3f-a167-05c5f7dd3c4d@group-581046C2CDBA:LeaderElection13] INFO  server.RaftServerConfigKeys (ConfUtils.java:logGet(43)) - raft.server.staging.catchup.gap = 1000 (default)
2019-09-26 11:04:00,012 [0b4034a9-ca74-4b3f-a167-05c5f7dd3c4d@group-581046C2CDBA:LeaderElection13] INFO  server.RaftServerConfigKeys (ConfUtils.java:logGet(43)) - raft.server.rpc.sleep.time = 25ms (default)
2019-09-26 11:04:00,012 [0b4034a9-ca74-4b3f-a167-05c5f7dd3c4d@group-581046C2CDBA:LeaderElection13] INFO  server.RaftServerConfigKeys (ConfUtils.java:logGet(43)) - raft.server.write.element-limit = 4096 (default)
2019-09-26 11:04:00,013 [0b4034a9-ca74-4b3f-a167-05c5f7dd3c4d@group-581046C2CDBA:LeaderElection13] INFO  server.RaftServerConfigKeys (ConfUtils.java:logGet(43)) - raft.server.watch.timeout = 10s (default)
2019-09-26 11:04:00,013 [0b4034a9-ca74-4b3f-a167-05c5f7dd3c4d@group-581046C2CDBA:LeaderElection13] INFO  server.RaftServerConfigKeys (ConfUtils.java:logGet(43)) - raft.server.watch.timeout.denomination = 1s (default)
2019-09-26 11:04:00,013 [0b4034a9-ca74-4b3f-a167-05c5f7dd3c4d@group-581046C2CDBA:LeaderElection13] INFO  server.RaftServerConfigKeys (ConfUtils.java:logGet(43)) - raft.server.watch.element-limit = 65536 (default)
2019-09-26 11:04:00,017 [0b4034a9-ca74-4b3f-a167-05c5f7dd3c4d@group-581046C2CDBA:LeaderElection13] INFO  impl.RoleInfo (RoleInfo.java:updateAndGet(143)) - 0b4034a9-ca74-4b3f-a167-05c5f7dd3c4d: start LeaderState
2019-09-26 11:04:00,017 [0b4034a9-ca74-4b3f-a167-05c5f7dd3c4d@group-581046C2CDBA:LeaderElection13] INFO  segmented.SegmentedRaftLogWorker (SegmentedRaftLogWorker.java:startLogSegment(380)) - 0b4034a9-ca74-4b3f-a167-05c5f7dd3c4d@group-581046C2CDBA-SegmentedRaftLogWorker: Starting segment from index:0
2019-09-26 11:04:00,018 [0b4034a9-ca74-4b3f-a167-05c5f7dd3c4d@group-581046C2CDBA:LeaderElection13] INFO  impl.RaftServerImpl (ServerState.java:setRaftConf(354)) - 0b4034a9-ca74-4b3f-a167-05c5f7dd3c4d@group-581046C2CDBA: set configuration 0: [0b4034a9-ca74-4b3f-a167-05c5f7dd3c4d:192.168.30.13:33710], old=null at 0
2019-09-26 11:04:00,059 [Thread-218] INFO  impl.FollowerState (FollowerState.java:run(106)) - 0b4034a9-ca74-4b3f-a167-05c5f7dd3c4d:group-9737B29726BB changes to CANDIDATE, lastRpcTime:5218, electionTimeout:5198ms
2019-09-26 11:04:00,060 [Thread-218] INFO  impl.RoleInfo (RoleInfo.java:shutdownFollowerState(121)) - 0b4034a9-ca74-4b3f-a167-05c5f7dd3c4d: shutdown FollowerState
2019-09-26 11:04:00,060 [Thread-218] INFO  impl.RaftServerImpl (RaftServerImpl.java:setRole(174)) - 0b4034a9-ca74-4b3f-a167-05c5f7dd3c4d@group-9737B29726BB: changes role from  FOLLOWER to CANDIDATE at term 0 for changeToCandidate
2019-09-26 11:04:00,062 [Thread-218] INFO  impl.RoleInfo (RoleInfo.java:updateAndGet(143)) - 0b4034a9-ca74-4b3f-a167-05c5f7dd3c4d: start LeaderElection
2019-09-26 11:04:00,072 [0b4034a9-ca74-4b3f-a167-05c5f7dd3c4d@group-581046C2CDBA-SegmentedRaftLogWorker] INFO  segmented.SegmentedRaftLogWorker (SegmentedRaftLogWorker.java:execute(569)) - 0b4034a9-ca74-4b3f-a167-05c5f7dd3c4d@group-581046C2CDBA-SegmentedRaftLogWorker: created new log segment /workdir/hadoop-ozone/tools/target/test-dir/MiniOzoneClusterImpl-6d01f745-579a-4aef-b168-1b4d6e4a660d/datanode-1/data/ratis/6d242ef9-33ed-4c14-9710-581046c2cdba/current/log_inprogress_0
2019-09-26 11:04:00,072 [0b4034a9-ca74-4b3f-a167-05c5f7dd3c4d@group-9737B29726BB:LeaderElection14] INFO  impl.LeaderElection (LeaderElection.java:askForVotes(182)) - 0b4034a9-ca74-4b3f-a167-05c5f7dd3c4d@group-9737B29726BB:LeaderElection14: begin an election at term 1 for -1: [0b4034a9-ca74-4b3f-a167-05c5f7dd3c4d:192.168.30.13:33710], old=null
2019-09-26 11:04:00,073 [0b4034a9-ca74-4b3f-a167-05c5f7dd3c4d@group-9737B29726BB:LeaderElection14] INFO  impl.RoleInfo (RoleInfo.java:shutdownLeaderElection(134)) - 0b4034a9-ca74-4b3f-a167-05c5f7dd3c4d: shutdown LeaderElection
2019-09-26 11:04:00,073 [0b4034a9-ca74-4b3f-a167-05c5f7dd3c4d@group-9737B29726BB:LeaderElection14] INFO  impl.RaftServerImpl (RaftServerImpl.java:setRole(174)) - 0b4034a9-ca74-4b3f-a167-05c5f7dd3c4d@group-9737B29726BB: changes role from CANDIDATE to LEADER at term 1 for changeToLeader
2019-09-26 11:04:00,073 [0b4034a9-ca74-4b3f-a167-05c5f7dd3c4d@group-9737B29726BB:LeaderElection14] INFO  impl.RaftServerImpl (ServerState.java:setLeader(253)) - 0b4034a9-ca74-4b3f-a167-05c5f7dd3c4d@group-9737B29726BB: change Leader from null to 0b4034a9-ca74-4b3f-a167-05c5f7dd3c4d at term 1 for becomeLeader, leader elected after 5238ms
2019-09-26 11:04:00,073 [0b4034a9-ca74-4b3f-a167-05c5f7dd3c4d@group-9737B29726BB:LeaderElection14] INFO  server.RaftServerConfigKeys (ConfUtils.java:logGet(43)) - raft.server.staging.catchup.gap = 1000 (default)
2019-09-26 11:04:00,073 [0b4034a9-ca74-4b3f-a167-05c5f7dd3c4d@group-9737B29726BB:LeaderElection14] INFO  server.RaftServerConfigKeys (ConfUtils.java:logGet(43)) - raft.server.rpc.sleep.time = 25ms (default)
2019-09-26 11:04:00,073 [0b4034a9-ca74-4b3f-a167-05c5f7dd3c4d@group-9737B29726BB:LeaderElection14] INFO  server.RaftServerConfigKeys (ConfUtils.java:logGet(43)) - raft.server.write.element-limit = 4096 (default)
2019-09-26 11:04:00,074 [0b4034a9-ca74-4b3f-a167-05c5f7dd3c4d@group-9737B29726BB:LeaderElection14] INFO  server.RaftServerConfigKeys (ConfUtils.java:logGet(43)) - raft.server.watch.timeout = 10s (default)
2019-09-26 11:04:00,074 [0b4034a9-ca74-4b3f-a167-05c5f7dd3c4d@group-9737B29726BB:LeaderElection14] INFO  server.RaftServerConfigKeys (ConfUtils.java:logGet(43)) - raft.server.watch.timeout.denomination = 1s (default)
2019-09-26 11:04:00,074 [0b4034a9-ca74-4b3f-a167-05c5f7dd3c4d@group-9737B29726BB:LeaderElection14] INFO  server.RaftServerConfigKeys (ConfUtils.java:logGet(43)) - raft.server.watch.element-limit = 65536 (default)
2019-09-26 11:04:00,077 [0b4034a9-ca74-4b3f-a167-05c5f7dd3c4d@group-9737B29726BB:LeaderElection14] INFO  impl.RoleInfo (RoleInfo.java:updateAndGet(143)) - 0b4034a9-ca74-4b3f-a167-05c5f7dd3c4d: start LeaderState
2019-09-26 11:04:00,077 [0b4034a9-ca74-4b3f-a167-05c5f7dd3c4d@group-9737B29726BB:LeaderElection14] INFO  segmented.SegmentedRaftLogWorker (SegmentedRaftLogWorker.java:startLogSegment(380)) - 0b4034a9-ca74-4b3f-a167-05c5f7dd3c4d@group-9737B29726BB-SegmentedRaftLogWorker: Starting segment from index:0
2019-09-26 11:04:00,078 [0b4034a9-ca74-4b3f-a167-05c5f7dd3c4d@group-9737B29726BB:LeaderElection14] INFO  impl.RaftServerImpl (ServerState.java:setRaftConf(354)) - 0b4034a9-ca74-4b3f-a167-05c5f7dd3c4d@group-9737B29726BB: set configuration 0: [0b4034a9-ca74-4b3f-a167-05c5f7dd3c4d:192.168.30.13:33710], old=null at 0
2019-09-26 11:04:00,144 [0b4034a9-ca74-4b3f-a167-05c5f7dd3c4d@group-9737B29726BB-SegmentedRaftLogWorker] INFO  segmented.SegmentedRaftLogWorker (SegmentedRaftLogWorker.java:execute(569)) - 0b4034a9-ca74-4b3f-a167-05c5f7dd3c4d@group-9737B29726BB-SegmentedRaftLogWorker: created new log segment /workdir/hadoop-ozone/tools/target/test-dir/MiniOzoneClusterImpl-6d01f745-579a-4aef-b168-1b4d6e4a660d/datanode-1/data/ratis/9f2c1f65-0e28-4eaf-91ce-9737b29726bb/current/log_inprogress_0
2019-09-26 11:04:00,179 [Thread-228] INFO  impl.FollowerState (FollowerState.java:run(106)) - 0b4034a9-ca74-4b3f-a167-05c5f7dd3c4d:group-0A4548BB9125 changes to CANDIDATE, lastRpcTime:5145, electionTimeout:5145ms
2019-09-26 11:04:00,180 [Thread-228] INFO  impl.RoleInfo (RoleInfo.java:shutdownFollowerState(121)) - 0b4034a9-ca74-4b3f-a167-05c5f7dd3c4d: shutdown FollowerState
2019-09-26 11:04:00,180 [Thread-228] INFO  impl.RaftServerImpl (RaftServerImpl.java:setRole(174)) - 0b4034a9-ca74-4b3f-a167-05c5f7dd3c4d@group-0A4548BB9125: changes role from  FOLLOWER to CANDIDATE at term 0 for changeToCandidate
2019-09-26 11:04:00,180 [Thread-228] INFO  impl.RoleInfo (RoleInfo.java:updateAndGet(143)) - 0b4034a9-ca74-4b3f-a167-05c5f7dd3c4d: start LeaderElection
2019-09-26 11:04:00,196 [0b4034a9-ca74-4b3f-a167-05c5f7dd3c4d@group-0A4548BB9125:LeaderElection15] INFO  impl.LeaderElection (LeaderElection.java:askForVotes(182)) - 0b4034a9-ca74-4b3f-a167-05c5f7dd3c4d@group-0A4548BB9125:LeaderElection15: begin an election at term 1 for -1: [0b4034a9-ca74-4b3f-a167-05c5f7dd3c4d:192.168.30.13:33710], old=null
2019-09-26 11:04:00,196 [0b4034a9-ca74-4b3f-a167-05c5f7dd3c4d@group-0A4548BB9125:LeaderElection15] INFO  impl.RoleInfo (RoleInfo.java:shutdownLeaderElection(134)) - 0b4034a9-ca74-4b3f-a167-05c5f7dd3c4d: shutdown LeaderElection
2019-09-26 11:04:00,196 [0b4034a9-ca74-4b3f-a167-05c5f7dd3c4d@group-0A4548BB9125:LeaderElection15] INFO  impl.RaftServerImpl (RaftServerImpl.java:setRole(174)) - 0b4034a9-ca74-4b3f-a167-05c5f7dd3c4d@group-0A4548BB9125: changes role from CANDIDATE to LEADER at term 1 for changeToLeader
2019-09-26 11:04:00,196 [0b4034a9-ca74-4b3f-a167-05c5f7dd3c4d@group-0A4548BB9125:LeaderElection15] INFO  impl.RaftServerImpl (ServerState.java:setLeader(253)) - 0b4034a9-ca74-4b3f-a167-05c5f7dd3c4d@group-0A4548BB9125: change Leader from null to 0b4034a9-ca74-4b3f-a167-05c5f7dd3c4d at term 1 for becomeLeader, leader elected after 5174ms
2019-09-26 11:04:00,197 [0b4034a9-ca74-4b3f-a167-05c5f7dd3c4d@group-0A4548BB9125:LeaderElection15] INFO  server.RaftServerConfigKeys (ConfUtils.java:logGet(43)) - raft.server.staging.catchup.gap = 1000 (default)
2019-09-26 11:04:00,197 [0b4034a9-ca74-4b3f-a167-05c5f7dd3c4d@group-0A4548BB9125:LeaderElection15] INFO  server.RaftServerConfigKeys (ConfUtils.java:logGet(43)) - raft.server.rpc.sleep.time = 25ms (default)
2019-09-26 11:04:00,197 [0b4034a9-ca74-4b3f-a167-05c5f7dd3c4d@group-0A4548BB9125:LeaderElection15] INFO  server.RaftServerConfigKeys (ConfUtils.java:logGet(43)) - raft.server.write.element-limit = 4096 (default)
2019-09-26 11:04:00,197 [0b4034a9-ca74-4b3f-a167-05c5f7dd3c4d@group-0A4548BB9125:LeaderElection15] INFO  server.RaftServerConfigKeys (ConfUtils.java:logGet(43)) - raft.server.watch.timeout = 10s (default)
2019-09-26 11:04:00,197 [0b4034a9-ca74-4b3f-a167-05c5f7dd3c4d@group-0A4548BB9125:LeaderElection15] INFO  server.RaftServerConfigKeys (ConfUtils.java:logGet(43)) - raft.server.watch.timeout.denomination = 1s (default)
2019-09-26 11:04:00,198 [0b4034a9-ca74-4b3f-a167-05c5f7dd3c4d@group-0A4548BB9125:LeaderElection15] INFO  server.RaftServerConfigKeys (ConfUtils.java:logGet(43)) - raft.server.watch.element-limit = 65536 (default)
2019-09-26 11:04:00,201 [0b4034a9-ca74-4b3f-a167-05c5f7dd3c4d@group-0A4548BB9125:LeaderElection15] INFO  impl.RoleInfo (RoleInfo.java:updateAndGet(143)) - 0b4034a9-ca74-4b3f-a167-05c5f7dd3c4d: start LeaderState
2019-09-26 11:04:00,201 [0b4034a9-ca74-4b3f-a167-05c5f7dd3c4d@group-0A4548BB9125:LeaderElection15] INFO  segmented.SegmentedRaftLogWorker (SegmentedRaftLogWorker.java:startLogSegment(380)) - 0b4034a9-ca74-4b3f-a167-05c5f7dd3c4d@group-0A4548BB9125-SegmentedRaftLogWorker: Starting segment from index:0
2019-09-26 11:04:00,202 [0b4034a9-ca74-4b3f-a167-05c5f7dd3c4d@group-0A4548BB9125:LeaderElection15] INFO  impl.RaftServerImpl (ServerState.java:setRaftConf(354)) - 0b4034a9-ca74-4b3f-a167-05c5f7dd3c4d@group-0A4548BB9125: set configuration 0: [0b4034a9-ca74-4b3f-a167-05c5f7dd3c4d:192.168.30.13:33710], old=null at 0
2019-09-26 11:04:00,240 [Thread-237] INFO  impl.FollowerState (FollowerState.java:run(106)) - e958bcc3-6e58-4a42-8cec-6068de8a50c7:group-AB7FA012E923 changes to CANDIDATE, lastRpcTime:5013, electionTimeout:5010ms
2019-09-26 11:04:00,241 [Thread-237] INFO  impl.RoleInfo (RoleInfo.java:shutdownFollowerState(121)) - e958bcc3-6e58-4a42-8cec-6068de8a50c7: shutdown FollowerState
2019-09-26 11:04:00,242 [Thread-234] INFO  impl.FollowerState (FollowerState.java:run(106)) - e958bcc3-6e58-4a42-8cec-6068de8a50c7:group-F0A8B3D7A511 changes to CANDIDATE, lastRpcTime:5066, electionTimeout:5033ms
2019-09-26 11:04:00,242 [Thread-237] INFO  impl.RaftServerImpl (RaftServerImpl.java:setRole(174)) - e958bcc3-6e58-4a42-8cec-6068de8a50c7@group-AB7FA012E923: changes role from  FOLLOWER to CANDIDATE at term 0 for changeToCandidate
2019-09-26 11:04:00,242 [Thread-234] INFO  impl.RoleInfo (RoleInfo.java:shutdownFollowerState(121)) - e958bcc3-6e58-4a42-8cec-6068de8a50c7: shutdown FollowerState
2019-09-26 11:04:00,243 [Thread-234] INFO  impl.RaftServerImpl (RaftServerImpl.java:setRole(174)) - e958bcc3-6e58-4a42-8cec-6068de8a50c7@group-F0A8B3D7A511: changes role from  FOLLOWER to CANDIDATE at term 0 for changeToCandidate
2019-09-26 11:04:00,243 [Thread-237] INFO  impl.RoleInfo (RoleInfo.java:updateAndGet(143)) - e958bcc3-6e58-4a42-8cec-6068de8a50c7: start LeaderElection
2019-09-26 11:04:00,243 [Thread-234] INFO  impl.RoleInfo (RoleInfo.java:updateAndGet(143)) - e958bcc3-6e58-4a42-8cec-6068de8a50c7: start LeaderElection
2019-09-26 11:04:00,251 [Thread-231] INFO  impl.FollowerState (FollowerState.java:run(106)) - e958bcc3-6e58-4a42-8cec-6068de8a50c7:group-13316A0D6550 changes to CANDIDATE, lastRpcTime:5135, electionTimeout:5133ms
2019-09-26 11:04:00,252 [Thread-231] INFO  impl.RoleInfo (RoleInfo.java:shutdownFollowerState(121)) - e958bcc3-6e58-4a42-8cec-6068de8a50c7: shutdown FollowerState
2019-09-26 11:04:00,252 [Thread-231] INFO  impl.RaftServerImpl (RaftServerImpl.java:setRole(174)) - e958bcc3-6e58-4a42-8cec-6068de8a50c7@group-13316A0D6550: changes role from  FOLLOWER to CANDIDATE at term 0 for changeToCandidate
2019-09-26 11:04:00,252 [Thread-231] INFO  impl.RoleInfo (RoleInfo.java:updateAndGet(143)) - e958bcc3-6e58-4a42-8cec-6068de8a50c7: start LeaderElection
2019-09-26 11:04:00,264 [0b4034a9-ca74-4b3f-a167-05c5f7dd3c4d@group-0A4548BB9125-SegmentedRaftLogWorker] INFO  segmented.SegmentedRaftLogWorker (SegmentedRaftLogWorker.java:execute(569)) - 0b4034a9-ca74-4b3f-a167-05c5f7dd3c4d@group-0A4548BB9125-SegmentedRaftLogWorker: created new log segment /workdir/hadoop-ozone/tools/target/test-dir/MiniOzoneClusterImpl-6d01f745-579a-4aef-b168-1b4d6e4a660d/datanode-1/data/ratis/ef1d9b9a-d878-48ea-8fe7-0a4548bb9125/current/log_inprogress_0
2019-09-26 11:04:00,267 [e958bcc3-6e58-4a42-8cec-6068de8a50c7@group-F0A8B3D7A511:LeaderElection17] INFO  impl.LeaderElection (LeaderElection.java:askForVotes(182)) - e958bcc3-6e58-4a42-8cec-6068de8a50c7@group-F0A8B3D7A511:LeaderElection17: begin an election at term 1 for -1: [e958bcc3-6e58-4a42-8cec-6068de8a50c7:192.168.30.13:44994], old=null
2019-09-26 11:04:00,267 [e958bcc3-6e58-4a42-8cec-6068de8a50c7@group-AB7FA012E923:LeaderElection16] INFO  impl.LeaderElection (LeaderElection.java:askForVotes(182)) - e958bcc3-6e58-4a42-8cec-6068de8a50c7@group-AB7FA012E923:LeaderElection16: begin an election at term 1 for -1: [e958bcc3-6e58-4a42-8cec-6068de8a50c7:192.168.30.13:44994], old=null
2019-09-26 11:04:00,267 [e958bcc3-6e58-4a42-8cec-6068de8a50c7@group-F0A8B3D7A511:LeaderElection17] INFO  impl.RoleInfo (RoleInfo.java:shutdownLeaderElection(134)) - e958bcc3-6e58-4a42-8cec-6068de8a50c7: shutdown LeaderElection
2019-09-26 11:04:00,267 [e958bcc3-6e58-4a42-8cec-6068de8a50c7@group-13316A0D6550:LeaderElection18] INFO  impl.LeaderElection (LeaderElection.java:askForVotes(182)) - e958bcc3-6e58-4a42-8cec-6068de8a50c7@group-13316A0D6550:LeaderElection18: begin an election at term 1 for -1: [e958bcc3-6e58-4a42-8cec-6068de8a50c7:192.168.30.13:44994], old=null
2019-09-26 11:04:00,267 [e958bcc3-6e58-4a42-8cec-6068de8a50c7@group-F0A8B3D7A511:LeaderElection17] INFO  impl.RaftServerImpl (RaftServerImpl.java:setRole(174)) - e958bcc3-6e58-4a42-8cec-6068de8a50c7@group-F0A8B3D7A511: changes role from CANDIDATE to LEADER at term 1 for changeToLeader
2019-09-26 11:04:00,267 [e958bcc3-6e58-4a42-8cec-6068de8a50c7@group-AB7FA012E923:LeaderElection16] INFO  impl.RoleInfo (RoleInfo.java:shutdownLeaderElection(134)) - e958bcc3-6e58-4a42-8cec-6068de8a50c7: shutdown LeaderElection
2019-09-26 11:04:00,267 [e958bcc3-6e58-4a42-8cec-6068de8a50c7@group-F0A8B3D7A511:LeaderElection17] INFO  impl.RaftServerImpl (ServerState.java:setLeader(253)) - e958bcc3-6e58-4a42-8cec-6068de8a50c7@group-F0A8B3D7A511: change Leader from null to e958bcc3-6e58-4a42-8cec-6068de8a50c7 at term 1 for becomeLeader, leader elected after 5100ms
2019-09-26 11:04:00,267 [e958bcc3-6e58-4a42-8cec-6068de8a50c7@group-13316A0D6550:LeaderElection18] INFO  impl.RoleInfo (RoleInfo.java:shutdownLeaderElection(134)) - e958bcc3-6e58-4a42-8cec-6068de8a50c7: shutdown LeaderElection
2019-09-26 11:04:00,268 [e958bcc3-6e58-4a42-8cec-6068de8a50c7@group-F0A8B3D7A511:LeaderElection17] INFO  server.RaftServerConfigKeys (ConfUtils.java:logGet(43)) - raft.server.staging.catchup.gap = 1000 (default)
2019-09-26 11:04:00,267 [e958bcc3-6e58-4a42-8cec-6068de8a50c7@group-AB7FA012E923:LeaderElection16] INFO  impl.RaftServerImpl (RaftServerImpl.java:setRole(174)) - e958bcc3-6e58-4a42-8cec-6068de8a50c7@group-AB7FA012E923: changes role from CANDIDATE to LEADER at term 1 for changeToLeader
2019-09-26 11:04:00,268 [e958bcc3-6e58-4a42-8cec-6068de8a50c7@group-F0A8B3D7A511:LeaderElection17] INFO  server.RaftServerConfigKeys (ConfUtils.java:logGet(43)) - raft.server.rpc.sleep.time = 25ms (default)
2019-09-26 11:04:00,268 [e958bcc3-6e58-4a42-8cec-6068de8a50c7@group-13316A0D6550:LeaderElection18] INFO  impl.RaftServerImpl (RaftServerImpl.java:setRole(174)) - e958bcc3-6e58-4a42-8cec-6068de8a50c7@group-13316A0D6550: changes role from CANDIDATE to LEADER at term 1 for changeToLeader
2019-09-26 11:04:00,268 [e958bcc3-6e58-4a42-8cec-6068de8a50c7@group-F0A8B3D7A511:LeaderElection17] INFO  server.RaftServerConfigKeys (ConfUtils.java:logGet(43)) - raft.server.write.element-limit = 4096 (default)
2019-09-26 11:04:00,268 [e958bcc3-6e58-4a42-8cec-6068de8a50c7@group-AB7FA012E923:LeaderElection16] INFO  impl.RaftServerImpl (ServerState.java:setLeader(253)) - e958bcc3-6e58-4a42-8cec-6068de8a50c7@group-AB7FA012E923: change Leader from null to e958bcc3-6e58-4a42-8cec-6068de8a50c7 at term 1 for becomeLeader, leader elected after 5048ms
2019-09-26 11:04:00,268 [e958bcc3-6e58-4a42-8cec-6068de8a50c7@group-F0A8B3D7A511:LeaderElection17] INFO  server.RaftServerConfigKeys (ConfUtils.java:logGet(43)) - raft.server.watch.timeout = 10s (default)
2019-09-26 11:04:00,268 [e958bcc3-6e58-4a42-8cec-6068de8a50c7@group-13316A0D6550:LeaderElection18] INFO  impl.RaftServerImpl (ServerState.java:setLeader(253)) - e958bcc3-6e58-4a42-8cec-6068de8a50c7@group-13316A0D6550: change Leader from null to e958bcc3-6e58-4a42-8cec-6068de8a50c7 at term 1 for becomeLeader, leader elected after 5162ms
2019-09-26 11:04:00,269 [e958bcc3-6e58-4a42-8cec-6068de8a50c7@group-F0A8B3D7A511:LeaderElection17] INFO  server.RaftServerConfigKeys (ConfUtils.java:logGet(43)) - raft.server.watch.timeout.denomination = 1s (default)
2019-09-26 11:04:00,269 [e958bcc3-6e58-4a42-8cec-6068de8a50c7@group-AB7FA012E923:LeaderElection16] INFO  server.RaftServerConfigKeys (ConfUtils.java:logGet(43)) - raft.server.staging.catchup.gap = 1000 (default)
2019-09-26 11:04:00,269 [e958bcc3-6e58-4a42-8cec-6068de8a50c7@group-F0A8B3D7A511:LeaderElection17] INFO  server.RaftServerConfigKeys (ConfUtils.java:logGet(43)) - raft.server.watch.element-limit = 65536 (default)
2019-09-26 11:04:00,269 [e958bcc3-6e58-4a42-8cec-6068de8a50c7@group-13316A0D6550:LeaderElection18] INFO  server.RaftServerConfigKeys (ConfUtils.java:logGet(43)) - raft.server.staging.catchup.gap = 1000 (default)
2019-09-26 11:04:00,269 [e958bcc3-6e58-4a42-8cec-6068de8a50c7@group-AB7FA012E923:LeaderElection16] INFO  server.RaftServerConfigKeys (ConfUtils.java:logGet(43)) - raft.server.rpc.sleep.time = 25ms (default)
2019-09-26 11:04:00,269 [e958bcc3-6e58-4a42-8cec-6068de8a50c7@group-13316A0D6550:LeaderElection18] INFO  server.RaftServerConfigKeys (ConfUtils.java:logGet(43)) - raft.server.rpc.sleep.time = 25ms (default)
2019-09-26 11:04:00,270 [e958bcc3-6e58-4a42-8cec-6068de8a50c7@group-AB7FA012E923:LeaderElection16] INFO  server.RaftServerConfigKeys (ConfUtils.java:logGet(43)) - raft.server.write.element-limit = 4096 (default)
2019-09-26 11:04:00,270 [e958bcc3-6e58-4a42-8cec-6068de8a50c7@group-13316A0D6550:LeaderElection18] INFO  server.RaftServerConfigKeys (ConfUtils.java:logGet(43)) - raft.server.write.element-limit = 4096 (default)
2019-09-26 11:04:00,270 [e958bcc3-6e58-4a42-8cec-6068de8a50c7@group-AB7FA012E923:LeaderElection16] INFO  server.RaftServerConfigKeys (ConfUtils.java:logGet(43)) - raft.server.watch.timeout = 10s (default)
2019-09-26 11:04:00,270 [e958bcc3-6e58-4a42-8cec-6068de8a50c7@group-13316A0D6550:LeaderElection18] INFO  server.RaftServerConfigKeys (ConfUtils.java:logGet(43)) - raft.server.watch.timeout = 10s (default)
2019-09-26 11:04:00,270 [e958bcc3-6e58-4a42-8cec-6068de8a50c7@group-AB7FA012E923:LeaderElection16] INFO  server.RaftServerConfigKeys (ConfUtils.java:logGet(43)) - raft.server.watch.timeout.denomination = 1s (default)
2019-09-26 11:04:00,270 [e958bcc3-6e58-4a42-8cec-6068de8a50c7@group-13316A0D6550:LeaderElection18] INFO  server.RaftServerConfigKeys (ConfUtils.java:logGet(43)) - raft.server.watch.timeout.denomination = 1s (default)
2019-09-26 11:04:00,270 [e958bcc3-6e58-4a42-8cec-6068de8a50c7@group-AB7FA012E923:LeaderElection16] INFO  server.RaftServerConfigKeys (ConfUtils.java:logGet(43)) - raft.server.watch.element-limit = 65536 (default)
2019-09-26 11:04:00,271 [e958bcc3-6e58-4a42-8cec-6068de8a50c7@group-13316A0D6550:LeaderElection18] INFO  server.RaftServerConfigKeys (ConfUtils.java:logGet(43)) - raft.server.watch.element-limit = 65536 (default)
2019-09-26 11:04:00,272 [e958bcc3-6e58-4a42-8cec-6068de8a50c7@group-F0A8B3D7A511:LeaderElection17] INFO  impl.RoleInfo (RoleInfo.java:updateAndGet(143)) - e958bcc3-6e58-4a42-8cec-6068de8a50c7: start LeaderState
2019-09-26 11:04:00,273 [e958bcc3-6e58-4a42-8cec-6068de8a50c7@group-F0A8B3D7A511:LeaderElection17] INFO  segmented.SegmentedRaftLogWorker (SegmentedRaftLogWorker.java:startLogSegment(380)) - e958bcc3-6e58-4a42-8cec-6068de8a50c7@group-F0A8B3D7A511-SegmentedRaftLogWorker: Starting segment from index:0
2019-09-26 11:04:00,273 [e958bcc3-6e58-4a42-8cec-6068de8a50c7@group-F0A8B3D7A511:LeaderElection17] INFO  impl.RaftServerImpl (ServerState.java:setRaftConf(354)) - e958bcc3-6e58-4a42-8cec-6068de8a50c7@group-F0A8B3D7A511: set configuration 0: [e958bcc3-6e58-4a42-8cec-6068de8a50c7:192.168.30.13:44994], old=null at 0
2019-09-26 11:04:00,308 [e958bcc3-6e58-4a42-8cec-6068de8a50c7@group-AB7FA012E923:LeaderElection16] INFO  impl.RoleInfo (RoleInfo.java:updateAndGet(143)) - e958bcc3-6e58-4a42-8cec-6068de8a50c7: start LeaderState
2019-09-26 11:04:00,308 [e958bcc3-6e58-4a42-8cec-6068de8a50c7@group-AB7FA012E923:LeaderElection16] INFO  segmented.SegmentedRaftLogWorker (SegmentedRaftLogWorker.java:startLogSegment(380)) - e958bcc3-6e58-4a42-8cec-6068de8a50c7@group-AB7FA012E923-SegmentedRaftLogWorker: Starting segment from index:0
2019-09-26 11:04:00,308 [e958bcc3-6e58-4a42-8cec-6068de8a50c7@group-13316A0D6550:LeaderElection18] INFO  impl.RoleInfo (RoleInfo.java:updateAndGet(143)) - e958bcc3-6e58-4a42-8cec-6068de8a50c7: start LeaderState
2019-09-26 11:04:00,309 [e958bcc3-6e58-4a42-8cec-6068de8a50c7@group-13316A0D6550:LeaderElection18] INFO  segmented.SegmentedRaftLogWorker (SegmentedRaftLogWorker.java:startLogSegment(380)) - e958bcc3-6e58-4a42-8cec-6068de8a50c7@group-13316A0D6550-SegmentedRaftLogWorker: Starting segment from index:0
2019-09-26 11:04:00,309 [e958bcc3-6e58-4a42-8cec-6068de8a50c7@group-AB7FA012E923:LeaderElection16] INFO  impl.RaftServerImpl (ServerState.java:setRaftConf(354)) - e958bcc3-6e58-4a42-8cec-6068de8a50c7@group-AB7FA012E923: set configuration 0: [e958bcc3-6e58-4a42-8cec-6068de8a50c7:192.168.30.13:44994], old=null at 0
2019-09-26 11:04:00,348 [e958bcc3-6e58-4a42-8cec-6068de8a50c7@group-F0A8B3D7A511-SegmentedRaftLogWorker] INFO  segmented.SegmentedRaftLogWorker (SegmentedRaftLogWorker.java:execute(569)) - e958bcc3-6e58-4a42-8cec-6068de8a50c7@group-F0A8B3D7A511-SegmentedRaftLogWorker: created new log segment /workdir/hadoop-ozone/tools/target/test-dir/MiniOzoneClusterImpl-6d01f745-579a-4aef-b168-1b4d6e4a660d/datanode-0/data/ratis/5a6878fe-f92d-4241-8c29-f0a8b3d7a511/current/log_inprogress_0
2019-09-26 11:04:00,348 [e958bcc3-6e58-4a42-8cec-6068de8a50c7@group-13316A0D6550:LeaderElection18] INFO  impl.RaftServerImpl (ServerState.java:setRaftConf(354)) - e958bcc3-6e58-4a42-8cec-6068de8a50c7@group-13316A0D6550: set configuration 0: [e958bcc3-6e58-4a42-8cec-6068de8a50c7:192.168.30.13:44994], old=null at 0
2019-09-26 11:04:00,387 [e958bcc3-6e58-4a42-8cec-6068de8a50c7@group-AB7FA012E923-SegmentedRaftLogWorker] INFO  segmented.SegmentedRaftLogWorker (SegmentedRaftLogWorker.java:execute(569)) - e958bcc3-6e58-4a42-8cec-6068de8a50c7@group-AB7FA012E923-SegmentedRaftLogWorker: created new log segment /workdir/hadoop-ozone/tools/target/test-dir/MiniOzoneClusterImpl-6d01f745-579a-4aef-b168-1b4d6e4a660d/datanode-0/data/ratis/2765a3d1-765d-4b78-b864-ab7fa012e923/current/log_inprogress_0
2019-09-26 11:04:00,400 [e958bcc3-6e58-4a42-8cec-6068de8a50c7@group-13316A0D6550-SegmentedRaftLogWorker] INFO  segmented.SegmentedRaftLogWorker (SegmentedRaftLogWorker.java:execute(569)) - e958bcc3-6e58-4a42-8cec-6068de8a50c7@group-13316A0D6550-SegmentedRaftLogWorker: created new log segment /workdir/hadoop-ozone/tools/target/test-dir/MiniOzoneClusterImpl-6d01f745-579a-4aef-b168-1b4d6e4a660d/datanode-0/data/ratis/d3a0bebc-fe2e-42fa-b9a1-13316a0d6550/current/log_inprogress_0
]]></system-out>
    <system-err><![CDATA[ERROR StatusLogger No Log4j 2 configuration file found. Using default configuration (logging only errors to the console), or user programmatically provided configurations. Set system property 'log4j2.debug' to show Log4j 2 internal initialization logging. See https://logging.apache.org/log4j/2.x/manual/configuration.html for instructions on how to configure Log4j 2
]]></system-err>
  </testcase>
</testsuite>