<?xml version="1.0" encoding="UTF-8"?>
<testsuite xmlns:xsi="http://www.w3.org/2001/XMLSchema-instance" xsi:noNamespaceSchemaLocation="https://maven.apache.org/surefire/maven-surefire-plugin/xsd/surefire-test-report.xsd" name="org.apache.hadoop.ozone.freon.TestDataValidateWithDummyContainers" time="37.626" tests="3" errors="2" skipped="0" failures="0">
  <properties>
    <property name="awt.toolkit" value="sun.awt.X11.XToolkit"/>
    <property name="file.encoding.pkg" value="sun.io"/>
    <property name="java.specification.version" value="1.8"/>
    <property name="sun.cpu.isalist" value=""/>
    <property name="sun.jnu.encoding" value="UTF-8"/>
    <property name="java.class.path" value="/workdir/hadoop-ozone/tools/target/test-classes:/workdir/hadoop-ozone/tools/target/classes:/home/user/.m2/repository/org/apache/hadoop/hadoop-ozone-ozone-manager/0.5.0-SNAPSHOT/hadoop-ozone-ozone-manager-0.5.0-SNAPSHOT.jar:/home/user/.m2/repository/org/apache/hadoop/hadoop-hdds-docs/0.5.0-SNAPSHOT/hadoop-hdds-docs-0.5.0-SNAPSHOT.jar:/home/user/.m2/repository/org/bouncycastle/bcprov-jdk15on/1.60/bcprov-jdk15on-1.60.jar:/home/user/.m2/repository/org/apache/hadoop/hadoop-ozone-common/0.5.0-SNAPSHOT/hadoop-ozone-common-0.5.0-SNAPSHOT.jar:/home/user/.m2/repository/org/apache/commons/commons-compress/1.4.1/commons-compress-1.4.1.jar:/home/user/.m2/repository/org/tukaani/xz/1.0/xz-1.0.jar:/home/user/.m2/repository/org/apache/hadoop/hadoop-hdfs-client/3.2.0/hadoop-hdfs-client-3.2.0.jar:/home/user/.m2/repository/com/fasterxml/jackson/core/jackson-annotations/2.9.9/jackson-annotations-2.9.9.jar:/home/user/.m2/repository/org/apache/hadoop/hadoop-hdds-common/0.5.0-SNAPSHOT/hadoop-hdds-common-0.5.0-SNAPSHOT.jar:/home/user/.m2/repository/org/apache/hadoop/hadoop-hdds-config/0.5.0-SNAPSHOT/hadoop-hdds-config-0.5.0-SNAPSHOT.jar:/home/user/.m2/repository/javax/annotation/javax.annotation-api/1.2/javax.annotation-api-1.2.jar:/home/user/.m2/repository/org/apache/ratis/ratis-server/0.4.0/ratis-server-0.4.0.jar:/home/user/.m2/repository/org/apache/ratis/ratis-thirdparty-misc/0.2.0/ratis-thirdparty-misc-0.2.0.jar:/home/user/.m2/repository/org/apache/ratis/ratis-proto/0.4.0/ratis-proto-0.4.0.jar:/home/user/.m2/repository/org/apache/ratis/ratis-common/0.4.0/ratis-common-0.4.0.jar:/home/user/.m2/repository/org/apache/ratis/ratis-client/0.4.0/ratis-client-0.4.0.jar:/home/user/.m2/repository/org/apache/ratis/ratis-metrics/0.4.0/ratis-metrics-0.4.0.jar:/home/user/.m2/repository/com/github/joshelser/dropwizard-metrics-hadoop-metrics2-reporter/0.1.2/dropwizard-metrics-hadoop-metrics2-reporter-0.1.2.jar:/home/user/.m2/repository/io/dropwizard/metrics/metrics-jvm/3.2.5/metrics-jvm-3.2.5.jar:/home/user/.m2/repository/io/dropwizard/metrics/metrics-ganglia/3.2.5/metrics-ganglia-3.2.5.jar:/home/user/.m2/repository/info/ganglia/gmetric4j/gmetric4j/1.0.7/gmetric4j-1.0.7.jar:/home/user/.m2/repository/org/apache/ratis/ratis-netty/0.4.0/ratis-netty-0.4.0.jar:/home/user/.m2/repository/org/apache/ratis/ratis-grpc/0.4.0/ratis-grpc-0.4.0.jar:/home/user/.m2/repository/org/rocksdb/rocksdbjni/6.0.1/rocksdbjni-6.0.1.jar:/home/user/.m2/repository/org/apache/logging/log4j/log4j-api/2.11.0/log4j-api-2.11.0.jar:/home/user/.m2/repository/org/apache/logging/log4j/log4j-core/2.11.0/log4j-core-2.11.0.jar:/home/user/.m2/repository/com/lmax/disruptor/3.4.2/disruptor-3.4.2.jar:/home/user/.m2/repository/org/apache/commons/commons-pool2/2.6.0/commons-pool2-2.6.0.jar:/home/user/.m2/repository/org/bouncycastle/bcpkix-jdk15on/1.60/bcpkix-jdk15on-1.60.jar:/home/user/.m2/repository/commons-validator/commons-validator/1.6/commons-validator-1.6.jar:/home/user/.m2/repository/commons-digester/commons-digester/1.8.1/commons-digester-1.8.1.jar:/home/user/.m2/repository/io/jaegertracing/jaeger-client/0.34.0/jaeger-client-0.34.0.jar:/home/user/.m2/repository/io/jaegertracing/jaeger-thrift/0.34.0/jaeger-thrift-0.34.0.jar:/home/user/.m2/repository/org/apache/thrift/libthrift/0.12.0/libthrift-0.12.0.jar:/home/user/.m2/repository/com/squareup/okhttp3/okhttp/3.9.0/okhttp-3.9.0.jar:/home/user/.m2/repository/com/squareup/okio/okio/1.13.0/okio-1.13.0.jar:/home/user/.m2/repository/io/jaegertracing/jaeger-core/0.34.0/jaeger-core-0.34.0.jar:/home/user/.m2/repository/io/jaegertracing/jaeger-tracerresolver/0.34.0/jaeger-tracerresolver-0.34.0.jar:/home/user/.m2/repository/io/opentracing/contrib/opentracing-tracerresolver/0.1.5/opentracing-tracerresolver-0.1.5.jar:/home/user/.m2/repository/io/opentracing/opentracing-util/0.31.0/opentracing-util-0.31.0.jar:/home/user/.m2/repository/io/opentracing/opentracing-api/0.31.0/opentracing-api-0.31.0.jar:/home/user/.m2/repository/io/opentracing/opentracing-noop/0.31.0/opentracing-noop-0.31.0.jar:/home/user/.m2/repository/org/yaml/snakeyaml/1.16/snakeyaml-1.16.jar:/home/user/.m2/repository/org/apache/hadoop/hadoop-hdds-container-service/0.5.0-SNAPSHOT/hadoop-hdds-container-service-0.5.0-SNAPSHOT.jar:/home/user/.m2/repository/org/apache/hadoop/hadoop-hdds-client/0.5.0-SNAPSHOT/hadoop-hdds-client-0.5.0-SNAPSHOT.jar:/home/user/.m2/repository/org/apache/hadoop/hadoop-hdds-tools/0.5.0-SNAPSHOT/hadoop-hdds-tools-0.5.0-SNAPSHOT.jar:/home/user/.m2/repository/org/xerial/sqlite-jdbc/3.25.2/sqlite-jdbc-3.25.2.jar:/home/user/.m2/repository/org/apache/hadoop/hadoop-hdds-server-scm/0.5.0-SNAPSHOT/hadoop-hdds-server-scm-0.5.0-SNAPSHOT.jar:/home/user/.m2/repository/org/hamcrest/hamcrest-all/1.3/hamcrest-all-1.3.jar:/home/user/.m2/repository/info/picocli/picocli/3.9.6/picocli-3.9.6.jar:/home/user/.m2/repository/com/google/protobuf/protobuf-java/2.5.0/protobuf-java-2.5.0.jar:/home/user/.m2/repository/com/google/guava/guava/11.0.2/guava-11.0.2.jar:/home/user/.m2/repository/org/apache/hadoop/hadoop-ozone-client/0.5.0-SNAPSHOT/hadoop-ozone-client-0.5.0-SNAPSHOT.jar:/workdir/hadoop-ozone/ozonefs/target/classes:/home/user/.m2/repository/org/apache/hadoop/hadoop-hdds-server-framework/0.5.0-SNAPSHOT/hadoop-hdds-server-framework-0.5.0-SNAPSHOT.jar:/home/user/.m2/repository/org/apache/hadoop/hadoop-common/3.2.0/hadoop-common-3.2.0.jar:/home/user/.m2/repository/org/apache/hadoop/hadoop-annotations/3.2.0/hadoop-annotations-3.2.0.jar:/usr/lib/jvm/java-1.8-openjdk/jre/../lib/tools.jar:/home/user/.m2/repository/commons-cli/commons-cli/1.2/commons-cli-1.2.jar:/home/user/.m2/repository/org/apache/commons/commons-math3/3.1.1/commons-math3-3.1.1.jar:/home/user/.m2/repository/org/apache/httpcomponents/httpclient/4.5.2/httpclient-4.5.2.jar:/home/user/.m2/repository/org/apache/httpcomponents/httpcore/4.4.4/httpcore-4.4.4.jar:/home/user/.m2/repository/commons-codec/commons-codec/1.11/commons-codec-1.11.jar:/home/user/.m2/repository/commons-io/commons-io/2.5/commons-io-2.5.jar:/home/user/.m2/repository/commons-net/commons-net/3.6/commons-net-3.6.jar:/home/user/.m2/repository/commons-collections/commons-collections/3.2.2/commons-collections-3.2.2.jar:/home/user/.m2/repository/javax/servlet/javax.servlet-api/3.1.0/javax.servlet-api-3.1.0.jar:/home/user/.m2/repository/org/eclipse/jetty/jetty-server/9.3.25.v20180904/jetty-server-9.3.25.v20180904.jar:/home/user/.m2/repository/org/eclipse/jetty/jetty-http/9.3.25.v20180904/jetty-http-9.3.25.v20180904.jar:/home/user/.m2/repository/org/eclipse/jetty/jetty-io/9.3.25.v20180904/jetty-io-9.3.25.v20180904.jar:/home/user/.m2/repository/org/eclipse/jetty/jetty-util/9.3.25.v20180904/jetty-util-9.3.25.v20180904.jar:/home/user/.m2/repository/org/eclipse/jetty/jetty-servlet/9.3.25.v20180904/jetty-servlet-9.3.25.v20180904.jar:/home/user/.m2/repository/org/eclipse/jetty/jetty-security/9.3.25.v20180904/jetty-security-9.3.25.v20180904.jar:/home/user/.m2/repository/org/eclipse/jetty/jetty-webapp/9.3.25.v20180904/jetty-webapp-9.3.25.v20180904.jar:/home/user/.m2/repository/org/eclipse/jetty/jetty-xml/9.3.25.v20180904/jetty-xml-9.3.25.v20180904.jar:/home/user/.m2/repository/javax/servlet/jsp/jsp-api/2.1/jsp-api-2.1.jar:/home/user/.m2/repository/com/sun/jersey/jersey-core/1.19/jersey-core-1.19.jar:/home/user/.m2/repository/javax/ws/rs/jsr311-api/1.1.1/jsr311-api-1.1.1.jar:/home/user/.m2/repository/com/sun/jersey/jersey-servlet/1.19/jersey-servlet-1.19.jar:/home/user/.m2/repository/com/sun/jersey/jersey-json/1.19/jersey-json-1.19.jar:/home/user/.m2/repository/org/codehaus/jettison/jettison/1.1/jettison-1.1.jar:/home/user/.m2/repository/com/sun/xml/bind/jaxb-impl/2.3.0.1/jaxb-impl-2.3.0.1.jar:/home/user/.m2/repository/org/codehaus/jackson/jackson-core-asl/1.9.13/jackson-core-asl-1.9.13.jar:/home/user/.m2/repository/org/codehaus/jackson/jackson-mapper-asl/1.9.13/jackson-mapper-asl-1.9.13.jar:/home/user/.m2/repository/org/codehaus/jackson/jackson-jaxrs/1.9.13/jackson-jaxrs-1.9.13.jar:/home/user/.m2/repository/org/codehaus/jackson/jackson-xc/1.9.13/jackson-xc-1.9.13.jar:/home/user/.m2/repository/com/sun/jersey/jersey-server/1.19/jersey-server-1.19.jar:/home/user/.m2/repository/commons-logging/commons-logging/1.1.3/commons-logging-1.1.3.jar:/home/user/.m2/repository/log4j/log4j/1.2.17/log4j-1.2.17.jar:/home/user/.m2/repository/commons-beanutils/commons-beanutils/1.9.4/commons-beanutils-1.9.4.jar:/home/user/.m2/repository/org/apache/commons/commons-configuration2/2.1.1/commons-configuration2-2.1.1.jar:/home/user/.m2/repository/org/apache/commons/commons-lang3/3.7/commons-lang3-3.7.jar:/home/user/.m2/repository/org/apache/commons/commons-text/1.4/commons-text-1.4.jar:/home/user/.m2/repository/org/slf4j/slf4j-api/1.7.25/slf4j-api-1.7.25.jar:/home/user/.m2/repository/org/slf4j/slf4j-log4j12/1.7.25/slf4j-log4j12-1.7.25.jar:/home/user/.m2/repository/org/apache/avro/avro/1.7.7/avro-1.7.7.jar:/home/user/.m2/repository/com/thoughtworks/paranamer/paranamer/2.3/paranamer-2.3.jar:/home/user/.m2/repository/org/xerial/snappy/snappy-java/1.0.5/snappy-java-1.0.5.jar:/home/user/.m2/repository/com/google/re2j/re2j/1.1/re2j-1.1.jar:/home/user/.m2/repository/com/google/code/gson/gson/2.2.4/gson-2.2.4.jar:/home/user/.m2/repository/org/apache/hadoop/hadoop-auth/3.2.0/hadoop-auth-3.2.0.jar:/home/user/.m2/repository/com/nimbusds/nimbus-jose-jwt/4.41.1/nimbus-jose-jwt-4.41.1.jar:/home/user/.m2/repository/com/github/stephenc/jcip/jcip-annotations/1.0-1/jcip-annotations-1.0-1.jar:/home/user/.m2/repository/net/minidev/json-smart/2.3/json-smart-2.3.jar:/home/user/.m2/repository/net/minidev/accessors-smart/1.2/accessors-smart-1.2.jar:/home/user/.m2/repository/org/apache/curator/curator-framework/2.12.0/curator-framework-2.12.0.jar:/home/user/.m2/repository/com/jcraft/jsch/0.1.54/jsch-0.1.54.jar:/home/user/.m2/repository/org/apache/curator/curator-client/2.12.0/curator-client-2.12.0.jar:/home/user/.m2/repository/org/apache/curator/curator-recipes/2.12.0/curator-recipes-2.12.0.jar:/home/user/.m2/repository/com/google/code/findbugs/jsr305/3.0.0/jsr305-3.0.0.jar:/home/user/.m2/repository/org/apache/htrace/htrace-core4/4.1.0-incubating/htrace-core4-4.1.0-incubating.jar:/home/user/.m2/repository/org/apache/zookeeper/zookeeper/3.4.13/zookeeper-3.4.13.jar:/home/user/.m2/repository/jline/jline/0.9.94/jline-0.9.94.jar:/home/user/.m2/repository/org/apache/yetus/audience-annotations/0.5.0/audience-annotations-0.5.0.jar:/home/user/.m2/repository/org/apache/kerby/kerb-simplekdc/1.0.1/kerb-simplekdc-1.0.1.jar:/home/user/.m2/repository/org/apache/kerby/kerb-client/1.0.1/kerb-client-1.0.1.jar:/home/user/.m2/repository/org/apache/kerby/kerby-config/1.0.1/kerby-config-1.0.1.jar:/home/user/.m2/repository/org/apache/kerby/kerb-core/1.0.1/kerb-core-1.0.1.jar:/home/user/.m2/repository/org/apache/kerby/kerby-pkix/1.0.1/kerby-pkix-1.0.1.jar:/home/user/.m2/repository/org/apache/kerby/kerby-asn1/1.0.1/kerby-asn1-1.0.1.jar:/home/user/.m2/repository/org/apache/kerby/kerby-util/1.0.1/kerby-util-1.0.1.jar:/home/user/.m2/repository/org/apache/kerby/kerb-common/1.0.1/kerb-common-1.0.1.jar:/home/user/.m2/repository/org/apache/kerby/kerb-crypto/1.0.1/kerb-crypto-1.0.1.jar:/home/user/.m2/repository/org/apache/kerby/kerb-util/1.0.1/kerb-util-1.0.1.jar:/home/user/.m2/repository/org/apache/kerby/token-provider/1.0.1/token-provider-1.0.1.jar:/home/user/.m2/repository/org/apache/kerby/kerb-admin/1.0.1/kerb-admin-1.0.1.jar:/home/user/.m2/repository/org/apache/kerby/kerb-server/1.0.1/kerb-server-1.0.1.jar:/home/user/.m2/repository/org/apache/kerby/kerb-identity/1.0.1/kerb-identity-1.0.1.jar:/home/user/.m2/repository/org/apache/kerby/kerby-xdr/1.0.1/kerby-xdr-1.0.1.jar:/home/user/.m2/repository/com/fasterxml/jackson/core/jackson-databind/2.9.9/jackson-databind-2.9.9.jar:/home/user/.m2/repository/com/fasterxml/jackson/core/jackson-core/2.9.9/jackson-core-2.9.9.jar:/home/user/.m2/repository/org/codehaus/woodstox/stax2-api/3.1.4/stax2-api-3.1.4.jar:/home/user/.m2/repository/com/fasterxml/woodstox/woodstox-core/5.0.3/woodstox-core-5.0.3.jar:/home/user/.m2/repository/dnsjava/dnsjava/2.1.7/dnsjava-2.1.7.jar:/home/user/.m2/repository/org/apache/hadoop/hadoop-hdfs/3.2.0/hadoop-hdfs-3.2.0.jar:/home/user/.m2/repository/org/eclipse/jetty/jetty-util-ajax/9.3.25.v20180904/jetty-util-ajax-9.3.25.v20180904.jar:/home/user/.m2/repository/commons-daemon/commons-daemon/1.0.13/commons-daemon-1.0.13.jar:/home/user/.m2/repository/io/netty/netty/3.10.5.Final/netty-3.10.5.Final.jar:/home/user/.m2/repository/io/netty/netty-all/4.0.52.Final/netty-all-4.0.52.Final.jar:/home/user/.m2/repository/org/fusesource/leveldbjni/leveldbjni-all/1.8/leveldbjni-all-1.8.jar:/home/user/.m2/repository/com/sun/xml/bind/jaxb-core/2.3.0.1/jaxb-core-2.3.0.1.jar:/home/user/.m2/repository/javax/xml/bind/jaxb-api/2.3.0/jaxb-api-2.3.0.jar:/home/user/.m2/repository/javax/activation/activation/1.1.1/activation-1.1.1.jar:/home/user/.m2/repository/io/dropwizard/metrics/metrics-core/3.2.4/metrics-core-3.2.4.jar:/home/user/.m2/repository/org/openjdk/jmh/jmh-core/1.19/jmh-core-1.19.jar:/home/user/.m2/repository/net/sf/jopt-simple/jopt-simple/4.6/jopt-simple-4.6.jar:/home/user/.m2/repository/org/openjdk/jmh/jmh-generator-annprocess/1.19/jmh-generator-annprocess-1.19.jar:/home/user/.m2/repository/com/amazonaws/aws-java-sdk-s3/1.11.615/aws-java-sdk-s3-1.11.615.jar:/home/user/.m2/repository/com/amazonaws/aws-java-sdk-kms/1.11.615/aws-java-sdk-kms-1.11.615.jar:/home/user/.m2/repository/com/amazonaws/aws-java-sdk-core/1.11.615/aws-java-sdk-core-1.11.615.jar:/home/user/.m2/repository/software/amazon/ion/ion-java/1.0.2/ion-java-1.0.2.jar:/home/user/.m2/repository/com/fasterxml/jackson/dataformat/jackson-dataformat-cbor/2.9.9/jackson-dataformat-cbor-2.9.9.jar:/home/user/.m2/repository/joda-time/joda-time/2.9.9/joda-time-2.9.9.jar:/home/user/.m2/repository/com/amazonaws/jmespath-java/1.11.615/jmespath-java-1.11.615.jar:/home/user/.m2/repository/com/google/code/findbugs/findbugs/3.0.1/findbugs-3.0.1.jar:/home/user/.m2/repository/net/jcip/jcip-annotations/1.0/jcip-annotations-1.0.jar:/home/user/.m2/repository/com/google/code/findbugs/bcel-findbugs/6.0/bcel-findbugs-6.0.jar:/home/user/.m2/repository/com/google/code/findbugs/jFormatString/2.0.1/jFormatString-2.0.1.jar:/home/user/.m2/repository/dom4j/dom4j/1.6.1/dom4j-1.6.1.jar:/home/user/.m2/repository/xml-apis/xml-apis/1.0.b2/xml-apis-1.0.b2.jar:/home/user/.m2/repository/org/ow2/asm/asm-debug-all/5.0.2/asm-debug-all-5.0.2.jar:/home/user/.m2/repository/org/ow2/asm/asm-commons/5.0.2/asm-commons-5.0.2.jar:/home/user/.m2/repository/org/ow2/asm/asm-tree/5.0.2/asm-tree-5.0.2.jar:/home/user/.m2/repository/org/ow2/asm/asm/5.0.4/asm-5.0.4.jar:/home/user/.m2/repository/commons-lang/commons-lang/2.6/commons-lang-2.6.jar:/home/user/.m2/repository/com/apple/AppleJavaExtensions/1.4/AppleJavaExtensions-1.4.jar:/home/user/.m2/repository/jaxen/jaxen/1.1.6/jaxen-1.1.6.jar:/home/user/.m2/repository/junit/junit/4.11/junit-4.11.jar:/home/user/.m2/repository/org/hamcrest/hamcrest-core/1.3/hamcrest-core-1.3.jar:/home/user/.m2/repository/org/apache/hadoop/hadoop-common/3.2.0/hadoop-common-3.2.0-tests.jar:/workdir/hadoop-ozone/integration-test/target/test-classes:/home/user/.m2/repository/org/apache/hadoop/hadoop-ozone-s3gateway/0.5.0-SNAPSHOT/hadoop-ozone-s3gateway-0.5.0-SNAPSHOT.jar:/home/user/.m2/repository/org/jboss/weld/servlet/weld-servlet/2.4.7.Final/weld-servlet-2.4.7.Final.jar:/home/user/.m2/repository/org/glassfish/jersey/containers/jersey-container-servlet-core/2.27/jersey-container-servlet-core-2.27.jar:/home/user/.m2/repository/org/glassfish/hk2/external/javax.inject/2.5.0-b42/javax.inject-2.5.0-b42.jar:/home/user/.m2/repository/org/glassfish/jersey/core/jersey-common/2.27/jersey-common-2.27.jar:/home/user/.m2/repository/org/glassfish/hk2/osgi-resource-locator/1.0.1/osgi-resource-locator-1.0.1.jar:/home/user/.m2/repository/javax/ws/rs/javax.ws.rs-api/2.1/javax.ws.rs-api-2.1.jar:/home/user/.m2/repository/org/glassfish/jersey/ext/cdi/jersey-cdi1x/2.27/jersey-cdi1x-2.27.jar:/home/user/.m2/repository/org/glassfish/jersey/inject/jersey-hk2/2.27/jersey-hk2-2.27.jar:/home/user/.m2/repository/org/glassfish/hk2/hk2-locator/2.5.0-b42/hk2-locator-2.5.0-b42.jar:/home/user/.m2/repository/org/javassist/javassist/3.22.0-CR2/javassist-3.22.0-CR2.jar:/home/user/.m2/repository/org/glassfish/hk2/hk2-api/2.5.0/hk2-api-2.5.0.jar:/home/user/.m2/repository/org/glassfish/hk2/external/jakarta.inject/2.5.0/jakarta.inject-2.5.0.jar:/home/user/.m2/repository/org/glassfish/hk2/hk2-utils/2.5.0/hk2-utils-2.5.0.jar:/home/user/.m2/repository/jakarta/annotation/jakarta.annotation-api/1.3.4/jakarta.annotation-api-1.3.4.jar:/home/user/.m2/repository/org/glassfish/hk2/external/aopalliance-repackaged/2.5.0/aopalliance-repackaged-2.5.0.jar:/home/user/.m2/repository/com/fasterxml/jackson/dataformat/jackson-dataformat-xml/2.9.0/jackson-dataformat-xml-2.9.0.jar:/home/user/.m2/repository/com/fasterxml/jackson/module/jackson-module-jaxb-annotations/2.9.9/jackson-module-jaxb-annotations-2.9.9.jar:/home/user/.m2/repository/javax/enterprise/cdi-api/1.2/cdi-api-1.2.jar:/home/user/.m2/repository/javax/el/javax.el-api/3.0.0/javax.el-api-3.0.0.jar:/home/user/.m2/repository/javax/interceptor/javax.interceptor-api/1.2/javax.interceptor-api-1.2.jar:/home/user/.m2/repository/javax/inject/javax.inject/1/javax.inject-1.jar:/home/user/.m2/repository/org/apache/hadoop/hadoop-ozone-csi/0.5.0-SNAPSHOT/hadoop-ozone-csi-0.5.0-SNAPSHOT.jar:/home/user/.m2/repository/com/google/protobuf/protobuf-java-util/3.5.1/protobuf-java-util-3.5.1.jar:/home/user/.m2/repository/io/grpc/grpc-netty/1.17.1/grpc-netty-1.17.1.jar:/home/user/.m2/repository/io/grpc/grpc-core/1.17.1/grpc-core-1.17.1.jar:/home/user/.m2/repository/io/grpc/grpc-context/1.17.1/grpc-context-1.17.1.jar:/home/user/.m2/repository/com/google/errorprone/error_prone_annotations/2.2.0/error_prone_annotations-2.2.0.jar:/home/user/.m2/repository/org/codehaus/mojo/animal-sniffer-annotations/1.17/animal-sniffer-annotations-1.17.jar:/home/user/.m2/repository/io/opencensus/opencensus-api/0.17.0/opencensus-api-0.17.0.jar:/home/user/.m2/repository/io/opencensus/opencensus-contrib-grpc-metrics/0.17.0/opencensus-contrib-grpc-metrics-0.17.0.jar:/home/user/.m2/repository/io/netty/netty-codec-http2/4.1.30.Final/netty-codec-http2-4.1.30.Final.jar:/home/user/.m2/repository/io/netty/netty-codec-http/4.1.30.Final/netty-codec-http-4.1.30.Final.jar:/home/user/.m2/repository/io/netty/netty-codec/4.1.30.Final/netty-codec-4.1.30.Final.jar:/home/user/.m2/repository/io/netty/netty-handler/4.1.30.Final/netty-handler-4.1.30.Final.jar:/home/user/.m2/repository/io/netty/netty-handler-proxy/4.1.30.Final/netty-handler-proxy-4.1.30.Final.jar:/home/user/.m2/repository/io/netty/netty-codec-socks/4.1.30.Final/netty-codec-socks-4.1.30.Final.jar:/home/user/.m2/repository/io/netty/netty-transport-native-epoll/4.1.30.Final/netty-transport-native-epoll-4.1.30.Final.jar:/home/user/.m2/repository/io/netty/netty-common/4.1.30.Final/netty-common-4.1.30.Final.jar:/home/user/.m2/repository/io/netty/netty-buffer/4.1.30.Final/netty-buffer-4.1.30.Final.jar:/home/user/.m2/repository/io/netty/netty-transport/4.1.30.Final/netty-transport-4.1.30.Final.jar:/home/user/.m2/repository/io/netty/netty-resolver/4.1.30.Final/netty-resolver-4.1.30.Final.jar:/home/user/.m2/repository/io/netty/netty-transport-native-unix-common/4.1.30.Final/netty-transport-native-unix-common-4.1.30.Final.jar:/home/user/.m2/repository/io/grpc/grpc-protobuf/1.17.1/grpc-protobuf-1.17.1.jar:/home/user/.m2/repository/com/google/api/grpc/proto-google-common-protos/1.0.0/proto-google-common-protos-1.0.0.jar:/home/user/.m2/repository/io/grpc/grpc-protobuf-lite/1.17.1/grpc-protobuf-lite-1.17.1.jar:/home/user/.m2/repository/io/grpc/grpc-stub/1.17.1/grpc-stub-1.17.1.jar:/home/user/.m2/repository/org/apache/hadoop/hadoop-ozone-recon/0.5.0-SNAPSHOT/hadoop-ozone-recon-0.5.0-SNAPSHOT.jar:/home/user/.m2/repository/org/apache/hadoop/hadoop-ozone-reconcodegen/0.5.0-SNAPSHOT/hadoop-ozone-reconcodegen-0.5.0-SNAPSHOT.jar:/home/user/.m2/repository/com/google/inject/extensions/guice-multibindings/4.0/guice-multibindings-4.0.jar:/home/user/.m2/repository/com/google/inject/guice/4.0/guice-4.0.jar:/home/user/.m2/repository/aopalliance/aopalliance/1.0/aopalliance-1.0.jar:/home/user/.m2/repository/com/google/inject/extensions/guice-servlet/4.0/guice-servlet-4.0.jar:/home/user/.m2/repository/org/glassfish/jersey/containers/jersey-container-servlet/2.27/jersey-container-servlet-2.27.jar:/home/user/.m2/repository/org/glassfish/hk2/guice-bridge/2.5.0/guice-bridge-2.5.0.jar:/home/user/.m2/repository/org/glassfish/jersey/core/jersey-server/2.27/jersey-server-2.27.jar:/home/user/.m2/repository/org/glassfish/jersey/core/jersey-client/2.27/jersey-client-2.27.jar:/home/user/.m2/repository/org/glassfish/jersey/media/jersey-media-jaxb/2.27/jersey-media-jaxb-2.27.jar:/home/user/.m2/repository/javax/validation/validation-api/1.1.0.Final/validation-api-1.1.0.Final.jar:/home/user/.m2/repository/org/glassfish/jersey/media/jersey-media-json-jackson/2.27/jersey-media-json-jackson-2.27.jar:/home/user/.m2/repository/org/glassfish/jersey/ext/jersey-entity-filtering/2.27/jersey-entity-filtering-2.27.jar:/home/user/.m2/repository/com/google/inject/extensions/guice-assistedinject/4.0/guice-assistedinject-4.0.jar:/home/user/.m2/repository/org/jooq/jooq/3.11.10/jooq-3.11.10.jar:/home/user/.m2/repository/org/jooq/jooq-meta/3.11.10/jooq-meta-3.11.10.jar:/home/user/.m2/repository/org/jooq/jooq-codegen/3.11.10/jooq-codegen-3.11.10.jar:/home/user/.m2/repository/com/jolbox/bonecp/0.8.0.RELEASE/bonecp-0.8.0.RELEASE.jar:/home/user/.m2/repository/org/springframework/spring-jdbc/5.1.3.RELEASE/spring-jdbc-5.1.3.RELEASE.jar:/home/user/.m2/repository/org/springframework/spring-beans/5.1.3.RELEASE/spring-beans-5.1.3.RELEASE.jar:/home/user/.m2/repository/org/springframework/spring-core/5.1.3.RELEASE/spring-core-5.1.3.RELEASE.jar:/home/user/.m2/repository/org/springframework/spring-jcl/5.1.3.RELEASE/spring-jcl-5.1.3.RELEASE.jar:/home/user/.m2/repository/org/springframework/spring-tx/5.1.3.RELEASE/spring-tx-5.1.3.RELEASE.jar:/home/user/.m2/repository/org/mockito/mockito-core/2.15.0/mockito-core-2.15.0.jar:/home/user/.m2/repository/net/bytebuddy/byte-buddy/1.7.9/byte-buddy-1.7.9.jar:/home/user/.m2/repository/net/bytebuddy/byte-buddy-agent/1.7.9/byte-buddy-agent-1.7.9.jar:/home/user/.m2/repository/org/objenesis/objenesis/1.0/objenesis-1.0.jar:"/>
    <property name="java.vm.vendor" value="IcedTea"/>
    <property name="sun.arch.data.model" value="64"/>
    <property name="test.build.dir" value="/workdir/hadoop-ozone/tools/target/test-dir"/>
    <property name="test.cache.data" value=""/>
    <property name="java.vendor.url" value="https://icedtea.classpath.org"/>
    <property name="user.timezone" value=""/>
    <property name="java.vm.specification.version" value="1.8"/>
    <property name="os.name" value="Linux"/>
    <property name="test.build.data" value="/workdir/hadoop-ozone/tools/target/test-dir"/>
    <property name="user.country" value="US"/>
    <property name="sun.java.launcher" value="SUN_STANDARD"/>
    <property name="sun.boot.library.path" value="/usr/lib/jvm/java-1.8-openjdk/jre/lib/amd64"/>
    <property name="sun.java.command" value="/workdir/hadoop-ozone/tools/target/surefire/surefirebooter8587484446292604163.jar /workdir/hadoop-ozone/tools/target/surefire 2019-09-26T09-15-41_457-jvmRun1 surefire1318658384352957499tmp surefire_1105379299209434385808tmp"/>
    <property name="test" value="!TestMiniChaosOzoneCluster"/>
    <property name="surefire.test.class.path" value="/workdir/hadoop-ozone/tools/target/test-classes:/workdir/hadoop-ozone/tools/target/classes:/home/user/.m2/repository/org/apache/hadoop/hadoop-ozone-ozone-manager/0.5.0-SNAPSHOT/hadoop-ozone-ozone-manager-0.5.0-SNAPSHOT.jar:/home/user/.m2/repository/org/apache/hadoop/hadoop-hdds-docs/0.5.0-SNAPSHOT/hadoop-hdds-docs-0.5.0-SNAPSHOT.jar:/home/user/.m2/repository/org/bouncycastle/bcprov-jdk15on/1.60/bcprov-jdk15on-1.60.jar:/home/user/.m2/repository/org/apache/hadoop/hadoop-ozone-common/0.5.0-SNAPSHOT/hadoop-ozone-common-0.5.0-SNAPSHOT.jar:/home/user/.m2/repository/org/apache/commons/commons-compress/1.4.1/commons-compress-1.4.1.jar:/home/user/.m2/repository/org/tukaani/xz/1.0/xz-1.0.jar:/home/user/.m2/repository/org/apache/hadoop/hadoop-hdfs-client/3.2.0/hadoop-hdfs-client-3.2.0.jar:/home/user/.m2/repository/com/fasterxml/jackson/core/jackson-annotations/2.9.9/jackson-annotations-2.9.9.jar:/home/user/.m2/repository/org/apache/hadoop/hadoop-hdds-common/0.5.0-SNAPSHOT/hadoop-hdds-common-0.5.0-SNAPSHOT.jar:/home/user/.m2/repository/org/apache/hadoop/hadoop-hdds-config/0.5.0-SNAPSHOT/hadoop-hdds-config-0.5.0-SNAPSHOT.jar:/home/user/.m2/repository/javax/annotation/javax.annotation-api/1.2/javax.annotation-api-1.2.jar:/home/user/.m2/repository/org/apache/ratis/ratis-server/0.4.0/ratis-server-0.4.0.jar:/home/user/.m2/repository/org/apache/ratis/ratis-thirdparty-misc/0.2.0/ratis-thirdparty-misc-0.2.0.jar:/home/user/.m2/repository/org/apache/ratis/ratis-proto/0.4.0/ratis-proto-0.4.0.jar:/home/user/.m2/repository/org/apache/ratis/ratis-common/0.4.0/ratis-common-0.4.0.jar:/home/user/.m2/repository/org/apache/ratis/ratis-client/0.4.0/ratis-client-0.4.0.jar:/home/user/.m2/repository/org/apache/ratis/ratis-metrics/0.4.0/ratis-metrics-0.4.0.jar:/home/user/.m2/repository/com/github/joshelser/dropwizard-metrics-hadoop-metrics2-reporter/0.1.2/dropwizard-metrics-hadoop-metrics2-reporter-0.1.2.jar:/home/user/.m2/repository/io/dropwizard/metrics/metrics-jvm/3.2.5/metrics-jvm-3.2.5.jar:/home/user/.m2/repository/io/dropwizard/metrics/metrics-ganglia/3.2.5/metrics-ganglia-3.2.5.jar:/home/user/.m2/repository/info/ganglia/gmetric4j/gmetric4j/1.0.7/gmetric4j-1.0.7.jar:/home/user/.m2/repository/org/apache/ratis/ratis-netty/0.4.0/ratis-netty-0.4.0.jar:/home/user/.m2/repository/org/apache/ratis/ratis-grpc/0.4.0/ratis-grpc-0.4.0.jar:/home/user/.m2/repository/org/rocksdb/rocksdbjni/6.0.1/rocksdbjni-6.0.1.jar:/home/user/.m2/repository/org/apache/logging/log4j/log4j-api/2.11.0/log4j-api-2.11.0.jar:/home/user/.m2/repository/org/apache/logging/log4j/log4j-core/2.11.0/log4j-core-2.11.0.jar:/home/user/.m2/repository/com/lmax/disruptor/3.4.2/disruptor-3.4.2.jar:/home/user/.m2/repository/org/apache/commons/commons-pool2/2.6.0/commons-pool2-2.6.0.jar:/home/user/.m2/repository/org/bouncycastle/bcpkix-jdk15on/1.60/bcpkix-jdk15on-1.60.jar:/home/user/.m2/repository/commons-validator/commons-validator/1.6/commons-validator-1.6.jar:/home/user/.m2/repository/commons-digester/commons-digester/1.8.1/commons-digester-1.8.1.jar:/home/user/.m2/repository/io/jaegertracing/jaeger-client/0.34.0/jaeger-client-0.34.0.jar:/home/user/.m2/repository/io/jaegertracing/jaeger-thrift/0.34.0/jaeger-thrift-0.34.0.jar:/home/user/.m2/repository/org/apache/thrift/libthrift/0.12.0/libthrift-0.12.0.jar:/home/user/.m2/repository/com/squareup/okhttp3/okhttp/3.9.0/okhttp-3.9.0.jar:/home/user/.m2/repository/com/squareup/okio/okio/1.13.0/okio-1.13.0.jar:/home/user/.m2/repository/io/jaegertracing/jaeger-core/0.34.0/jaeger-core-0.34.0.jar:/home/user/.m2/repository/io/jaegertracing/jaeger-tracerresolver/0.34.0/jaeger-tracerresolver-0.34.0.jar:/home/user/.m2/repository/io/opentracing/contrib/opentracing-tracerresolver/0.1.5/opentracing-tracerresolver-0.1.5.jar:/home/user/.m2/repository/io/opentracing/opentracing-util/0.31.0/opentracing-util-0.31.0.jar:/home/user/.m2/repository/io/opentracing/opentracing-api/0.31.0/opentracing-api-0.31.0.jar:/home/user/.m2/repository/io/opentracing/opentracing-noop/0.31.0/opentracing-noop-0.31.0.jar:/home/user/.m2/repository/org/yaml/snakeyaml/1.16/snakeyaml-1.16.jar:/home/user/.m2/repository/org/apache/hadoop/hadoop-hdds-container-service/0.5.0-SNAPSHOT/hadoop-hdds-container-service-0.5.0-SNAPSHOT.jar:/home/user/.m2/repository/org/apache/hadoop/hadoop-hdds-client/0.5.0-SNAPSHOT/hadoop-hdds-client-0.5.0-SNAPSHOT.jar:/home/user/.m2/repository/org/apache/hadoop/hadoop-hdds-tools/0.5.0-SNAPSHOT/hadoop-hdds-tools-0.5.0-SNAPSHOT.jar:/home/user/.m2/repository/org/xerial/sqlite-jdbc/3.25.2/sqlite-jdbc-3.25.2.jar:/home/user/.m2/repository/org/apache/hadoop/hadoop-hdds-server-scm/0.5.0-SNAPSHOT/hadoop-hdds-server-scm-0.5.0-SNAPSHOT.jar:/home/user/.m2/repository/org/hamcrest/hamcrest-all/1.3/hamcrest-all-1.3.jar:/home/user/.m2/repository/info/picocli/picocli/3.9.6/picocli-3.9.6.jar:/home/user/.m2/repository/com/google/protobuf/protobuf-java/2.5.0/protobuf-java-2.5.0.jar:/home/user/.m2/repository/com/google/guava/guava/11.0.2/guava-11.0.2.jar:/home/user/.m2/repository/org/apache/hadoop/hadoop-ozone-client/0.5.0-SNAPSHOT/hadoop-ozone-client-0.5.0-SNAPSHOT.jar:/workdir/hadoop-ozone/ozonefs/target/classes:/home/user/.m2/repository/org/apache/hadoop/hadoop-hdds-server-framework/0.5.0-SNAPSHOT/hadoop-hdds-server-framework-0.5.0-SNAPSHOT.jar:/home/user/.m2/repository/org/apache/hadoop/hadoop-common/3.2.0/hadoop-common-3.2.0.jar:/home/user/.m2/repository/org/apache/hadoop/hadoop-annotations/3.2.0/hadoop-annotations-3.2.0.jar:/usr/lib/jvm/java-1.8-openjdk/jre/../lib/tools.jar:/home/user/.m2/repository/commons-cli/commons-cli/1.2/commons-cli-1.2.jar:/home/user/.m2/repository/org/apache/commons/commons-math3/3.1.1/commons-math3-3.1.1.jar:/home/user/.m2/repository/org/apache/httpcomponents/httpclient/4.5.2/httpclient-4.5.2.jar:/home/user/.m2/repository/org/apache/httpcomponents/httpcore/4.4.4/httpcore-4.4.4.jar:/home/user/.m2/repository/commons-codec/commons-codec/1.11/commons-codec-1.11.jar:/home/user/.m2/repository/commons-io/commons-io/2.5/commons-io-2.5.jar:/home/user/.m2/repository/commons-net/commons-net/3.6/commons-net-3.6.jar:/home/user/.m2/repository/commons-collections/commons-collections/3.2.2/commons-collections-3.2.2.jar:/home/user/.m2/repository/javax/servlet/javax.servlet-api/3.1.0/javax.servlet-api-3.1.0.jar:/home/user/.m2/repository/org/eclipse/jetty/jetty-server/9.3.25.v20180904/jetty-server-9.3.25.v20180904.jar:/home/user/.m2/repository/org/eclipse/jetty/jetty-http/9.3.25.v20180904/jetty-http-9.3.25.v20180904.jar:/home/user/.m2/repository/org/eclipse/jetty/jetty-io/9.3.25.v20180904/jetty-io-9.3.25.v20180904.jar:/home/user/.m2/repository/org/eclipse/jetty/jetty-util/9.3.25.v20180904/jetty-util-9.3.25.v20180904.jar:/home/user/.m2/repository/org/eclipse/jetty/jetty-servlet/9.3.25.v20180904/jetty-servlet-9.3.25.v20180904.jar:/home/user/.m2/repository/org/eclipse/jetty/jetty-security/9.3.25.v20180904/jetty-security-9.3.25.v20180904.jar:/home/user/.m2/repository/org/eclipse/jetty/jetty-webapp/9.3.25.v20180904/jetty-webapp-9.3.25.v20180904.jar:/home/user/.m2/repository/org/eclipse/jetty/jetty-xml/9.3.25.v20180904/jetty-xml-9.3.25.v20180904.jar:/home/user/.m2/repository/javax/servlet/jsp/jsp-api/2.1/jsp-api-2.1.jar:/home/user/.m2/repository/com/sun/jersey/jersey-core/1.19/jersey-core-1.19.jar:/home/user/.m2/repository/javax/ws/rs/jsr311-api/1.1.1/jsr311-api-1.1.1.jar:/home/user/.m2/repository/com/sun/jersey/jersey-servlet/1.19/jersey-servlet-1.19.jar:/home/user/.m2/repository/com/sun/jersey/jersey-json/1.19/jersey-json-1.19.jar:/home/user/.m2/repository/org/codehaus/jettison/jettison/1.1/jettison-1.1.jar:/home/user/.m2/repository/com/sun/xml/bind/jaxb-impl/2.3.0.1/jaxb-impl-2.3.0.1.jar:/home/user/.m2/repository/org/codehaus/jackson/jackson-core-asl/1.9.13/jackson-core-asl-1.9.13.jar:/home/user/.m2/repository/org/codehaus/jackson/jackson-mapper-asl/1.9.13/jackson-mapper-asl-1.9.13.jar:/home/user/.m2/repository/org/codehaus/jackson/jackson-jaxrs/1.9.13/jackson-jaxrs-1.9.13.jar:/home/user/.m2/repository/org/codehaus/jackson/jackson-xc/1.9.13/jackson-xc-1.9.13.jar:/home/user/.m2/repository/com/sun/jersey/jersey-server/1.19/jersey-server-1.19.jar:/home/user/.m2/repository/commons-logging/commons-logging/1.1.3/commons-logging-1.1.3.jar:/home/user/.m2/repository/log4j/log4j/1.2.17/log4j-1.2.17.jar:/home/user/.m2/repository/commons-beanutils/commons-beanutils/1.9.4/commons-beanutils-1.9.4.jar:/home/user/.m2/repository/org/apache/commons/commons-configuration2/2.1.1/commons-configuration2-2.1.1.jar:/home/user/.m2/repository/org/apache/commons/commons-lang3/3.7/commons-lang3-3.7.jar:/home/user/.m2/repository/org/apache/commons/commons-text/1.4/commons-text-1.4.jar:/home/user/.m2/repository/org/slf4j/slf4j-api/1.7.25/slf4j-api-1.7.25.jar:/home/user/.m2/repository/org/slf4j/slf4j-log4j12/1.7.25/slf4j-log4j12-1.7.25.jar:/home/user/.m2/repository/org/apache/avro/avro/1.7.7/avro-1.7.7.jar:/home/user/.m2/repository/com/thoughtworks/paranamer/paranamer/2.3/paranamer-2.3.jar:/home/user/.m2/repository/org/xerial/snappy/snappy-java/1.0.5/snappy-java-1.0.5.jar:/home/user/.m2/repository/com/google/re2j/re2j/1.1/re2j-1.1.jar:/home/user/.m2/repository/com/google/code/gson/gson/2.2.4/gson-2.2.4.jar:/home/user/.m2/repository/org/apache/hadoop/hadoop-auth/3.2.0/hadoop-auth-3.2.0.jar:/home/user/.m2/repository/com/nimbusds/nimbus-jose-jwt/4.41.1/nimbus-jose-jwt-4.41.1.jar:/home/user/.m2/repository/com/github/stephenc/jcip/jcip-annotations/1.0-1/jcip-annotations-1.0-1.jar:/home/user/.m2/repository/net/minidev/json-smart/2.3/json-smart-2.3.jar:/home/user/.m2/repository/net/minidev/accessors-smart/1.2/accessors-smart-1.2.jar:/home/user/.m2/repository/org/apache/curator/curator-framework/2.12.0/curator-framework-2.12.0.jar:/home/user/.m2/repository/com/jcraft/jsch/0.1.54/jsch-0.1.54.jar:/home/user/.m2/repository/org/apache/curator/curator-client/2.12.0/curator-client-2.12.0.jar:/home/user/.m2/repository/org/apache/curator/curator-recipes/2.12.0/curator-recipes-2.12.0.jar:/home/user/.m2/repository/com/google/code/findbugs/jsr305/3.0.0/jsr305-3.0.0.jar:/home/user/.m2/repository/org/apache/htrace/htrace-core4/4.1.0-incubating/htrace-core4-4.1.0-incubating.jar:/home/user/.m2/repository/org/apache/zookeeper/zookeeper/3.4.13/zookeeper-3.4.13.jar:/home/user/.m2/repository/jline/jline/0.9.94/jline-0.9.94.jar:/home/user/.m2/repository/org/apache/yetus/audience-annotations/0.5.0/audience-annotations-0.5.0.jar:/home/user/.m2/repository/org/apache/kerby/kerb-simplekdc/1.0.1/kerb-simplekdc-1.0.1.jar:/home/user/.m2/repository/org/apache/kerby/kerb-client/1.0.1/kerb-client-1.0.1.jar:/home/user/.m2/repository/org/apache/kerby/kerby-config/1.0.1/kerby-config-1.0.1.jar:/home/user/.m2/repository/org/apache/kerby/kerb-core/1.0.1/kerb-core-1.0.1.jar:/home/user/.m2/repository/org/apache/kerby/kerby-pkix/1.0.1/kerby-pkix-1.0.1.jar:/home/user/.m2/repository/org/apache/kerby/kerby-asn1/1.0.1/kerby-asn1-1.0.1.jar:/home/user/.m2/repository/org/apache/kerby/kerby-util/1.0.1/kerby-util-1.0.1.jar:/home/user/.m2/repository/org/apache/kerby/kerb-common/1.0.1/kerb-common-1.0.1.jar:/home/user/.m2/repository/org/apache/kerby/kerb-crypto/1.0.1/kerb-crypto-1.0.1.jar:/home/user/.m2/repository/org/apache/kerby/kerb-util/1.0.1/kerb-util-1.0.1.jar:/home/user/.m2/repository/org/apache/kerby/token-provider/1.0.1/token-provider-1.0.1.jar:/home/user/.m2/repository/org/apache/kerby/kerb-admin/1.0.1/kerb-admin-1.0.1.jar:/home/user/.m2/repository/org/apache/kerby/kerb-server/1.0.1/kerb-server-1.0.1.jar:/home/user/.m2/repository/org/apache/kerby/kerb-identity/1.0.1/kerb-identity-1.0.1.jar:/home/user/.m2/repository/org/apache/kerby/kerby-xdr/1.0.1/kerby-xdr-1.0.1.jar:/home/user/.m2/repository/com/fasterxml/jackson/core/jackson-databind/2.9.9/jackson-databind-2.9.9.jar:/home/user/.m2/repository/com/fasterxml/jackson/core/jackson-core/2.9.9/jackson-core-2.9.9.jar:/home/user/.m2/repository/org/codehaus/woodstox/stax2-api/3.1.4/stax2-api-3.1.4.jar:/home/user/.m2/repository/com/fasterxml/woodstox/woodstox-core/5.0.3/woodstox-core-5.0.3.jar:/home/user/.m2/repository/dnsjava/dnsjava/2.1.7/dnsjava-2.1.7.jar:/home/user/.m2/repository/org/apache/hadoop/hadoop-hdfs/3.2.0/hadoop-hdfs-3.2.0.jar:/home/user/.m2/repository/org/eclipse/jetty/jetty-util-ajax/9.3.25.v20180904/jetty-util-ajax-9.3.25.v20180904.jar:/home/user/.m2/repository/commons-daemon/commons-daemon/1.0.13/commons-daemon-1.0.13.jar:/home/user/.m2/repository/io/netty/netty/3.10.5.Final/netty-3.10.5.Final.jar:/home/user/.m2/repository/io/netty/netty-all/4.0.52.Final/netty-all-4.0.52.Final.jar:/home/user/.m2/repository/org/fusesource/leveldbjni/leveldbjni-all/1.8/leveldbjni-all-1.8.jar:/home/user/.m2/repository/com/sun/xml/bind/jaxb-core/2.3.0.1/jaxb-core-2.3.0.1.jar:/home/user/.m2/repository/javax/xml/bind/jaxb-api/2.3.0/jaxb-api-2.3.0.jar:/home/user/.m2/repository/javax/activation/activation/1.1.1/activation-1.1.1.jar:/home/user/.m2/repository/io/dropwizard/metrics/metrics-core/3.2.4/metrics-core-3.2.4.jar:/home/user/.m2/repository/org/openjdk/jmh/jmh-core/1.19/jmh-core-1.19.jar:/home/user/.m2/repository/net/sf/jopt-simple/jopt-simple/4.6/jopt-simple-4.6.jar:/home/user/.m2/repository/org/openjdk/jmh/jmh-generator-annprocess/1.19/jmh-generator-annprocess-1.19.jar:/home/user/.m2/repository/com/amazonaws/aws-java-sdk-s3/1.11.615/aws-java-sdk-s3-1.11.615.jar:/home/user/.m2/repository/com/amazonaws/aws-java-sdk-kms/1.11.615/aws-java-sdk-kms-1.11.615.jar:/home/user/.m2/repository/com/amazonaws/aws-java-sdk-core/1.11.615/aws-java-sdk-core-1.11.615.jar:/home/user/.m2/repository/software/amazon/ion/ion-java/1.0.2/ion-java-1.0.2.jar:/home/user/.m2/repository/com/fasterxml/jackson/dataformat/jackson-dataformat-cbor/2.9.9/jackson-dataformat-cbor-2.9.9.jar:/home/user/.m2/repository/joda-time/joda-time/2.9.9/joda-time-2.9.9.jar:/home/user/.m2/repository/com/amazonaws/jmespath-java/1.11.615/jmespath-java-1.11.615.jar:/home/user/.m2/repository/com/google/code/findbugs/findbugs/3.0.1/findbugs-3.0.1.jar:/home/user/.m2/repository/net/jcip/jcip-annotations/1.0/jcip-annotations-1.0.jar:/home/user/.m2/repository/com/google/code/findbugs/bcel-findbugs/6.0/bcel-findbugs-6.0.jar:/home/user/.m2/repository/com/google/code/findbugs/jFormatString/2.0.1/jFormatString-2.0.1.jar:/home/user/.m2/repository/dom4j/dom4j/1.6.1/dom4j-1.6.1.jar:/home/user/.m2/repository/xml-apis/xml-apis/1.0.b2/xml-apis-1.0.b2.jar:/home/user/.m2/repository/org/ow2/asm/asm-debug-all/5.0.2/asm-debug-all-5.0.2.jar:/home/user/.m2/repository/org/ow2/asm/asm-commons/5.0.2/asm-commons-5.0.2.jar:/home/user/.m2/repository/org/ow2/asm/asm-tree/5.0.2/asm-tree-5.0.2.jar:/home/user/.m2/repository/org/ow2/asm/asm/5.0.4/asm-5.0.4.jar:/home/user/.m2/repository/commons-lang/commons-lang/2.6/commons-lang-2.6.jar:/home/user/.m2/repository/com/apple/AppleJavaExtensions/1.4/AppleJavaExtensions-1.4.jar:/home/user/.m2/repository/jaxen/jaxen/1.1.6/jaxen-1.1.6.jar:/home/user/.m2/repository/junit/junit/4.11/junit-4.11.jar:/home/user/.m2/repository/org/hamcrest/hamcrest-core/1.3/hamcrest-core-1.3.jar:/home/user/.m2/repository/org/apache/hadoop/hadoop-common/3.2.0/hadoop-common-3.2.0-tests.jar:/workdir/hadoop-ozone/integration-test/target/test-classes:/home/user/.m2/repository/org/apache/hadoop/hadoop-ozone-s3gateway/0.5.0-SNAPSHOT/hadoop-ozone-s3gateway-0.5.0-SNAPSHOT.jar:/home/user/.m2/repository/org/jboss/weld/servlet/weld-servlet/2.4.7.Final/weld-servlet-2.4.7.Final.jar:/home/user/.m2/repository/org/glassfish/jersey/containers/jersey-container-servlet-core/2.27/jersey-container-servlet-core-2.27.jar:/home/user/.m2/repository/org/glassfish/hk2/external/javax.inject/2.5.0-b42/javax.inject-2.5.0-b42.jar:/home/user/.m2/repository/org/glassfish/jersey/core/jersey-common/2.27/jersey-common-2.27.jar:/home/user/.m2/repository/org/glassfish/hk2/osgi-resource-locator/1.0.1/osgi-resource-locator-1.0.1.jar:/home/user/.m2/repository/javax/ws/rs/javax.ws.rs-api/2.1/javax.ws.rs-api-2.1.jar:/home/user/.m2/repository/org/glassfish/jersey/ext/cdi/jersey-cdi1x/2.27/jersey-cdi1x-2.27.jar:/home/user/.m2/repository/org/glassfish/jersey/inject/jersey-hk2/2.27/jersey-hk2-2.27.jar:/home/user/.m2/repository/org/glassfish/hk2/hk2-locator/2.5.0-b42/hk2-locator-2.5.0-b42.jar:/home/user/.m2/repository/org/javassist/javassist/3.22.0-CR2/javassist-3.22.0-CR2.jar:/home/user/.m2/repository/org/glassfish/hk2/hk2-api/2.5.0/hk2-api-2.5.0.jar:/home/user/.m2/repository/org/glassfish/hk2/external/jakarta.inject/2.5.0/jakarta.inject-2.5.0.jar:/home/user/.m2/repository/org/glassfish/hk2/hk2-utils/2.5.0/hk2-utils-2.5.0.jar:/home/user/.m2/repository/jakarta/annotation/jakarta.annotation-api/1.3.4/jakarta.annotation-api-1.3.4.jar:/home/user/.m2/repository/org/glassfish/hk2/external/aopalliance-repackaged/2.5.0/aopalliance-repackaged-2.5.0.jar:/home/user/.m2/repository/com/fasterxml/jackson/dataformat/jackson-dataformat-xml/2.9.0/jackson-dataformat-xml-2.9.0.jar:/home/user/.m2/repository/com/fasterxml/jackson/module/jackson-module-jaxb-annotations/2.9.9/jackson-module-jaxb-annotations-2.9.9.jar:/home/user/.m2/repository/javax/enterprise/cdi-api/1.2/cdi-api-1.2.jar:/home/user/.m2/repository/javax/el/javax.el-api/3.0.0/javax.el-api-3.0.0.jar:/home/user/.m2/repository/javax/interceptor/javax.interceptor-api/1.2/javax.interceptor-api-1.2.jar:/home/user/.m2/repository/javax/inject/javax.inject/1/javax.inject-1.jar:/home/user/.m2/repository/org/apache/hadoop/hadoop-ozone-csi/0.5.0-SNAPSHOT/hadoop-ozone-csi-0.5.0-SNAPSHOT.jar:/home/user/.m2/repository/com/google/protobuf/protobuf-java-util/3.5.1/protobuf-java-util-3.5.1.jar:/home/user/.m2/repository/io/grpc/grpc-netty/1.17.1/grpc-netty-1.17.1.jar:/home/user/.m2/repository/io/grpc/grpc-core/1.17.1/grpc-core-1.17.1.jar:/home/user/.m2/repository/io/grpc/grpc-context/1.17.1/grpc-context-1.17.1.jar:/home/user/.m2/repository/com/google/errorprone/error_prone_annotations/2.2.0/error_prone_annotations-2.2.0.jar:/home/user/.m2/repository/org/codehaus/mojo/animal-sniffer-annotations/1.17/animal-sniffer-annotations-1.17.jar:/home/user/.m2/repository/io/opencensus/opencensus-api/0.17.0/opencensus-api-0.17.0.jar:/home/user/.m2/repository/io/opencensus/opencensus-contrib-grpc-metrics/0.17.0/opencensus-contrib-grpc-metrics-0.17.0.jar:/home/user/.m2/repository/io/netty/netty-codec-http2/4.1.30.Final/netty-codec-http2-4.1.30.Final.jar:/home/user/.m2/repository/io/netty/netty-codec-http/4.1.30.Final/netty-codec-http-4.1.30.Final.jar:/home/user/.m2/repository/io/netty/netty-codec/4.1.30.Final/netty-codec-4.1.30.Final.jar:/home/user/.m2/repository/io/netty/netty-handler/4.1.30.Final/netty-handler-4.1.30.Final.jar:/home/user/.m2/repository/io/netty/netty-handler-proxy/4.1.30.Final/netty-handler-proxy-4.1.30.Final.jar:/home/user/.m2/repository/io/netty/netty-codec-socks/4.1.30.Final/netty-codec-socks-4.1.30.Final.jar:/home/user/.m2/repository/io/netty/netty-transport-native-epoll/4.1.30.Final/netty-transport-native-epoll-4.1.30.Final.jar:/home/user/.m2/repository/io/netty/netty-common/4.1.30.Final/netty-common-4.1.30.Final.jar:/home/user/.m2/repository/io/netty/netty-buffer/4.1.30.Final/netty-buffer-4.1.30.Final.jar:/home/user/.m2/repository/io/netty/netty-transport/4.1.30.Final/netty-transport-4.1.30.Final.jar:/home/user/.m2/repository/io/netty/netty-resolver/4.1.30.Final/netty-resolver-4.1.30.Final.jar:/home/user/.m2/repository/io/netty/netty-transport-native-unix-common/4.1.30.Final/netty-transport-native-unix-common-4.1.30.Final.jar:/home/user/.m2/repository/io/grpc/grpc-protobuf/1.17.1/grpc-protobuf-1.17.1.jar:/home/user/.m2/repository/com/google/api/grpc/proto-google-common-protos/1.0.0/proto-google-common-protos-1.0.0.jar:/home/user/.m2/repository/io/grpc/grpc-protobuf-lite/1.17.1/grpc-protobuf-lite-1.17.1.jar:/home/user/.m2/repository/io/grpc/grpc-stub/1.17.1/grpc-stub-1.17.1.jar:/home/user/.m2/repository/org/apache/hadoop/hadoop-ozone-recon/0.5.0-SNAPSHOT/hadoop-ozone-recon-0.5.0-SNAPSHOT.jar:/home/user/.m2/repository/org/apache/hadoop/hadoop-ozone-reconcodegen/0.5.0-SNAPSHOT/hadoop-ozone-reconcodegen-0.5.0-SNAPSHOT.jar:/home/user/.m2/repository/com/google/inject/extensions/guice-multibindings/4.0/guice-multibindings-4.0.jar:/home/user/.m2/repository/com/google/inject/guice/4.0/guice-4.0.jar:/home/user/.m2/repository/aopalliance/aopalliance/1.0/aopalliance-1.0.jar:/home/user/.m2/repository/com/google/inject/extensions/guice-servlet/4.0/guice-servlet-4.0.jar:/home/user/.m2/repository/org/glassfish/jersey/containers/jersey-container-servlet/2.27/jersey-container-servlet-2.27.jar:/home/user/.m2/repository/org/glassfish/hk2/guice-bridge/2.5.0/guice-bridge-2.5.0.jar:/home/user/.m2/repository/org/glassfish/jersey/core/jersey-server/2.27/jersey-server-2.27.jar:/home/user/.m2/repository/org/glassfish/jersey/core/jersey-client/2.27/jersey-client-2.27.jar:/home/user/.m2/repository/org/glassfish/jersey/media/jersey-media-jaxb/2.27/jersey-media-jaxb-2.27.jar:/home/user/.m2/repository/javax/validation/validation-api/1.1.0.Final/validation-api-1.1.0.Final.jar:/home/user/.m2/repository/org/glassfish/jersey/media/jersey-media-json-jackson/2.27/jersey-media-json-jackson-2.27.jar:/home/user/.m2/repository/org/glassfish/jersey/ext/jersey-entity-filtering/2.27/jersey-entity-filtering-2.27.jar:/home/user/.m2/repository/com/google/inject/extensions/guice-assistedinject/4.0/guice-assistedinject-4.0.jar:/home/user/.m2/repository/org/jooq/jooq/3.11.10/jooq-3.11.10.jar:/home/user/.m2/repository/org/jooq/jooq-meta/3.11.10/jooq-meta-3.11.10.jar:/home/user/.m2/repository/org/jooq/jooq-codegen/3.11.10/jooq-codegen-3.11.10.jar:/home/user/.m2/repository/com/jolbox/bonecp/0.8.0.RELEASE/bonecp-0.8.0.RELEASE.jar:/home/user/.m2/repository/org/springframework/spring-jdbc/5.1.3.RELEASE/spring-jdbc-5.1.3.RELEASE.jar:/home/user/.m2/repository/org/springframework/spring-beans/5.1.3.RELEASE/spring-beans-5.1.3.RELEASE.jar:/home/user/.m2/repository/org/springframework/spring-core/5.1.3.RELEASE/spring-core-5.1.3.RELEASE.jar:/home/user/.m2/repository/org/springframework/spring-jcl/5.1.3.RELEASE/spring-jcl-5.1.3.RELEASE.jar:/home/user/.m2/repository/org/springframework/spring-tx/5.1.3.RELEASE/spring-tx-5.1.3.RELEASE.jar:/home/user/.m2/repository/org/mockito/mockito-core/2.15.0/mockito-core-2.15.0.jar:/home/user/.m2/repository/net/bytebuddy/byte-buddy/1.7.9/byte-buddy-1.7.9.jar:/home/user/.m2/repository/net/bytebuddy/byte-buddy-agent/1.7.9/byte-buddy-agent-1.7.9.jar:/home/user/.m2/repository/org/objenesis/objenesis/1.0/objenesis-1.0.jar:"/>
    <property name="sun.cpu.endian" value="little"/>
    <property name="user.home" value="/home/user"/>
    <property name="user.language" value="en"/>
    <property name="java.specification.vendor" value="Oracle Corporation"/>
    <property name="java.home" value="/usr/lib/jvm/java-1.8-openjdk/jre"/>
    <property name="java.security.krb5.conf" value="/workdir/hadoop-ozone/tools/target/test-classes/krb5.conf"/>
    <property name="basedir" value="/workdir/hadoop-ozone/tools"/>
    <property name="file.separator" value="/"/>
    <property name="line.separator" value="&#10;"/>
    <property name="java.vm.specification.vendor" value="Oracle Corporation"/>
    <property name="java.specification.name" value="Java Platform API Specification"/>
    <property name="java.awt.graphicsenv" value="sun.awt.X11GraphicsEnvironment"/>
    <property name="surefire.real.class.path" value="/workdir/hadoop-ozone/tools/target/surefire/surefirebooter8587484446292604163.jar"/>
    <property name="hadoop.log.dir" value="/workdir/hadoop-ozone/tools/target/log"/>
    <property name="sun.boot.class.path" value="/usr/lib/jvm/java-1.8-openjdk/jre/lib/resources.jar:/usr/lib/jvm/java-1.8-openjdk/jre/lib/rt.jar:/usr/lib/jvm/java-1.8-openjdk/jre/lib/sunrsasign.jar:/usr/lib/jvm/java-1.8-openjdk/jre/lib/jsse.jar:/usr/lib/jvm/java-1.8-openjdk/jre/lib/jce.jar:/usr/lib/jvm/java-1.8-openjdk/jre/lib/charsets.jar:/usr/lib/jvm/java-1.8-openjdk/jre/lib/jfr.jar:/usr/lib/jvm/java-1.8-openjdk/jre/classes"/>
    <property name="sun.management.compiler" value="HotSpot 64-Bit Tiered Compilers"/>
    <property name="java.runtime.version" value="1.8.0_212-b04"/>
    <property name="java.net.preferIPv4Stack" value="true"/>
    <property name="user.name" value="jenkins1000"/>
    <property name="path.separator" value=":"/>
    <property name="java.security.egd" value="file:///dev/urandom"/>
    <property name="os.version" value="3.10.0-957.12.2.el7.x86_64"/>
    <property name="java.endorsed.dirs" value="/usr/lib/jvm/java-1.8-openjdk/jre/lib/endorsed"/>
    <property name="java.runtime.name" value="OpenJDK Runtime Environment"/>
    <property name="file.encoding" value="UTF-8"/>
    <property name="java.vm.name" value="OpenJDK 64-Bit Server VM"/>
    <property name="test.build.webapps" value=""/>
    <property name="localRepository" value="/home/user/.m2/repository"/>
    <property name="java.vendor.url.bug" value="https://icedtea.classpath.org/bugzilla"/>
    <property name="java.io.tmpdir" value="/tmp"/>
    <property name="require.test.libhadoop" value=""/>
    <property name="java.version" value="1.8.0_212"/>
    <property name="user.dir" value="/workdir/hadoop-ozone/tools"/>
    <property name="os.arch" value="amd64"/>
    <property name="java.vm.specification.name" value="Java Virtual Machine Specification"/>
    <property name="test.build.classes" value="/workdir/hadoop-ozone/tools/target/test-classes"/>
    <property name="java.awt.printerjob" value="sun.print.PSPrinterJob"/>
    <property name="sun.os.patch.level" value="unknown"/>
    <property name="hadoop.tmp.dir" value="/workdir/hadoop-ozone/tools/target/tmp"/>
    <property name="java.library.path" value="/usr/lib/jvm/java-1.8-openjdk/jre/lib/amd64/server:/usr/lib/jvm/java-1.8-openjdk/jre/lib/amd64:/usr/lib/jvm/java-1.8-openjdk/jre/../lib/amd64:/workdir/hadoop-ozone/tools/target/native/target/usr/local/lib:/workdir/hadoop-ozone/tools/../../hadoop-common-project/hadoop-common/target/native/target/usr/local/lib:/usr/java/packages/lib/amd64:/usr/lib64:/lib64:/lib:/usr/lib"/>
    <property name="java.vm.info" value="mixed mode"/>
    <property name="java.vendor" value="IcedTea"/>
    <property name="java.vm.version" value="25.212-b04"/>
    <property name="java.ext.dirs" value="/usr/lib/jvm/java-1.8-openjdk/jre/lib/ext:/usr/java/packages/lib/ext"/>
    <property name="sun.io.unicode.encoding" value="UnicodeLittle"/>
    <property name="java.class.version" value="52.0"/>
  </properties>
  <testcase name="validateWriteTest" classname="org.apache.hadoop.ozone.freon.TestDataValidateWithDummyContainers" time="0.001"/>
  <testcase name="ratisTestLargeKey" classname="org.apache.hadoop.ozone.freon.TestDataValidateWithDummyContainers" time="6.677">
    <error message="Allocated 0 blocks. Requested 5 blocks" type="INTERNAL_ERROR org.apache.hadoop.ozone.om.exceptions.OMException">INTERNAL_ERROR org.apache.hadoop.ozone.om.exceptions.OMException: Allocated 0 blocks. Requested 5 blocks
	at org.apache.hadoop.ozone.om.protocolPB.OzoneManagerProtocolClientSideTranslatorPB.handleError(OzoneManagerProtocolClientSideTranslatorPB.java:732)
	at org.apache.hadoop.ozone.om.protocolPB.OzoneManagerProtocolClientSideTranslatorPB.openKey(OzoneManagerProtocolClientSideTranslatorPB.java:723)
	at sun.reflect.NativeMethodAccessorImpl.invoke0(Native Method)
	at sun.reflect.NativeMethodAccessorImpl.invoke(NativeMethodAccessorImpl.java:62)
	at sun.reflect.DelegatingMethodAccessorImpl.invoke(DelegatingMethodAccessorImpl.java:43)
	at java.lang.reflect.Method.invoke(Method.java:498)
	at org.apache.hadoop.hdds.tracing.TraceAllMethod.invoke(TraceAllMethod.java:66)
	at com.sun.proxy.$Proxy37.openKey(Unknown Source)
	at org.apache.hadoop.ozone.client.rpc.RpcClient.createKey(RpcClient.java:614)
	at org.apache.hadoop.ozone.client.OzoneBucket.createKey(OzoneBucket.java:325)
	at org.apache.hadoop.ozone.freon.RandomKeyGenerator.createKey(RandomKeyGenerator.java:695)
	at org.apache.hadoop.ozone.freon.RandomKeyGenerator.access$1100(RandomKeyGenerator.java:88)
	at org.apache.hadoop.ozone.freon.RandomKeyGenerator$ObjectCreator.run(RandomKeyGenerator.java:615)
	at java.util.concurrent.Executors$RunnableAdapter.call(Executors.java:511)
	at java.util.concurrent.FutureTask.run(FutureTask.java:266)
	at java.util.concurrent.ThreadPoolExecutor.runWorker(ThreadPoolExecutor.java:1149)
	at java.util.concurrent.ThreadPoolExecutor$Worker.run(ThreadPoolExecutor.java:624)
	at java.lang.Thread.run(Thread.java:748)
</error>
    <system-out><![CDATA[2019-09-26 11:00:38,966 [main] INFO  freon.RandomKeyGenerator (RandomKeyGenerator.java:call(258)) - Override validateWrites to false, because hdds.container.chunk.persistdata is set to false.
2019-09-26 11:00:38,971 [pool-67-thread-1] INFO  storage.RaftStorage (RaftStorage.java:format(72)) - Storage directory /workdir/hadoop-ozone/tools/target/test-dir/MiniOzoneClusterImpl-86256be1-a8a6-428e-b2d3-bd155870efd4/datanode-4/data/ratis/4e71f7d5-78bc-4f23-bab1-866ed0ea934e has been successfully formatted.
2019-09-26 11:00:38,971 [pool-67-thread-1] INFO  ratis.ContainerStateMachine (ContainerStateMachine.java:loadSnapshot(230)) - group-866ED0EA934E: The snapshot info is null. Setting the last applied indexto:(t:0, i:~)
2019-09-26 11:00:38,972 [pool-67-thread-1] INFO  server.RaftServerConfigKeys (ConfUtils.java:logGet(43)) - raft.server.notification.no-leader.timeout = 120s (custom)
2019-09-26 11:00:38,972 [pool-67-thread-1] INFO  server.RaftServerConfigKeys (ConfUtils.java:logGet(43)) - raft.server.log.use.memory = false (default)
2019-09-26 11:00:38,972 [pool-67-thread-1] INFO  server.RaftServerConfigKeys (ConfUtils.java:logGet(43)) - raft.server.log.purge.gap = 1000000 (custom)
2019-09-26 11:00:38,972 [pool-67-thread-1] INFO  server.RaftServerConfigKeys (ConfUtils.java:logGet(43)) - raft.server.log.appender.buffer.byte-limit = 33554432 (custom)
2019-09-26 11:00:38,973 [pool-67-thread-1] INFO  server.RaftServerConfigKeys (ConfUtils.java:logGet(43)) - raft.server.log.segment.size.max = 1048576 (custom)
2019-09-26 11:00:38,973 [pool-67-thread-1] INFO  server.RaftServerConfigKeys (ConfUtils.java:logGet(43)) - raft.server.log.segment.cache.num.max = 2 (custom)
2019-09-26 11:00:38,973 [pool-67-thread-1] INFO  segmented.SegmentedRaftLogWorker (SegmentedRaftLogWorker.java:<init>(172)) - new 0847ba72-fdd2-48af-a9ba-81785ca9ed12@group-866ED0EA934E-SegmentedRaftLogWorker for RaftStorage:Storage Directory /workdir/hadoop-ozone/tools/target/test-dir/MiniOzoneClusterImpl-86256be1-a8a6-428e-b2d3-bd155870efd4/datanode-4/data/ratis/4e71f7d5-78bc-4f23-bab1-866ed0ea934e
2019-09-26 11:00:38,979 [pool-67-thread-1] INFO  server.RaftServerConfigKeys (ConfUtils.java:logGet(43)) - raft.server.log.queue.byte-limit = 2147483647 (custom)
2019-09-26 11:00:38,980 [pool-67-thread-1] INFO  server.RaftServerConfigKeys (ConfUtils.java:logGet(43)) - raft.server.log.queue.element-limit = 1024 (custom)
2019-09-26 11:00:38,980 [pool-67-thread-1] INFO  server.RaftServerConfigKeys (ConfUtils.java:logGet(43)) - raft.server.log.segment.size.max = 1048576 (custom)
2019-09-26 11:00:38,980 [pool-67-thread-1] INFO  server.RaftServerConfigKeys (ConfUtils.java:logGet(43)) - raft.server.log.preallocated.size = 16384 (custom)
2019-09-26 11:00:38,980 [pool-67-thread-1] INFO  server.RaftServerConfigKeys (ConfUtils.java:logGet(43)) - raft.server.log.write.buffer.size = 33554432 (custom)
2019-09-26 11:00:38,981 [pool-67-thread-1] INFO  server.RaftServerConfigKeys (ConfUtils.java:logGet(43)) - raft.server.log.force.sync.num = 128 (default)
2019-09-26 11:00:38,981 [pool-67-thread-1] INFO  server.RaftServerConfigKeys (ConfUtils.java:logGet(43)) - raft.server.log.statemachine.data.sync = true (default)
2019-09-26 11:00:38,981 [pool-67-thread-1] INFO  server.RaftServerConfigKeys (ConfUtils.java:logGet(43)) - raft.server.log.statemachine.data.sync.timeout = 10s (default)
2019-09-26 11:00:38,981 [pool-67-thread-1] INFO  server.RaftServerConfigKeys (ConfUtils.java:logGet(43)) - raft.server.log.statemachine.data.sync.timeout.retry = -1 (default)
2019-09-26 11:00:38,982 [pool-67-thread-1] INFO  server.RaftServerConfigKeys (ConfUtils.java:logGet(43)) - raft.server.log.statemachine.data.caching.enabled = true (custom)
2019-09-26 11:00:38,982 [pool-67-thread-1] INFO  segmented.SegmentedRaftLogWorker (SegmentedRaftLogWorker.java:lambda$new$0(132)) - 0847ba72-fdd2-48af-a9ba-81785ca9ed12@group-866ED0EA934E-SegmentedRaftLogWorker: flushIndex: setUnconditionally 0 -> -1
2019-09-26 11:00:38,983 [pool-67-thread-1] INFO  server.RaftServerConfigKeys (ConfUtils.java:logGet(43)) - raft.server.snapshot.auto.trigger.enabled = true (custom)
2019-09-26 11:00:38,983 [pool-67-thread-1] INFO  server.RaftServerConfigKeys (ConfUtils.java:logGet(43)) - raft.server.snapshot.auto.trigger.threshold = 10000 (custom)
2019-09-26 11:00:38,983 [pool-67-thread-1] INFO  server.RaftServerConfigKeys (ConfUtils.java:logGet(43)) - raft.server.snapshot.retention.num.files = 5 (custom)
2019-09-26 11:00:38,983 [pool-67-thread-1] INFO  server.RaftServerConfigKeys (ConfUtils.java:logGet(43)) - raft.server.retrycache.expirytime = 600000ms (custom)
2019-09-26 11:00:38,989 [pool-67-thread-1] INFO  impl.RaftServerImpl (RaftServerImpl.java:start(185)) - 0847ba72-fdd2-48af-a9ba-81785ca9ed12@group-866ED0EA934E: start as a follower, conf=-1: [0847ba72-fdd2-48af-a9ba-81785ca9ed12:192.168.30.13:33635], old=null
2019-09-26 11:00:38,989 [pool-67-thread-1] INFO  impl.RaftServerImpl (RaftServerImpl.java:setRole(174)) - 0847ba72-fdd2-48af-a9ba-81785ca9ed12@group-866ED0EA934E: changes role from      null to FOLLOWER at term 0 for startAsFollower
2019-09-26 11:00:38,989 [pool-67-thread-1] INFO  impl.RoleInfo (RoleInfo.java:updateAndGet(143)) - 0847ba72-fdd2-48af-a9ba-81785ca9ed12: start FollowerState
2019-09-26 11:00:38,990 [pool-67-thread-1] INFO  util.JmxRegister (JmxRegister.java:tryRegister(44)) - Successfully registered JMX Bean with object name Ratis:service=RaftServer,group=group-866ED0EA934E,id=0847ba72-fdd2-48af-a9ba-81785ca9ed12
2019-09-26 11:00:39,003 [RatisPipelineUtilsThread] INFO  pipeline.PipelineStateManager (PipelineStateManager.java:addPipeline(56)) - Created pipeline Pipeline[ Id: 4e71f7d5-78bc-4f23-bab1-866ed0ea934e, Nodes: 0847ba72-fdd2-48af-a9ba-81785ca9ed12{ip: 192.168.30.13, host: pr-hdds-1569-wvzgm-824869521, networkLocation: /default-rack, certSerialId: null}, Type:RATIS, Factor:ONE, State:OPEN]
2019-09-26 11:00:39,024 [grpc-default-executor-0] INFO  impl.RaftServerProxy (RaftServerProxy.java:addNew(89)) - 0847ba72-fdd2-48af-a9ba-81785ca9ed12: addNew group-E4FD8A671690:[0847ba72-fdd2-48af-a9ba-81785ca9ed12:192.168.30.13:33635] returns group-E4FD8A671690:java.util.concurrent.CompletableFuture@20db0172[Not completed]
2019-09-26 11:00:39,026 [pool-67-thread-1] INFO  impl.RaftServerImpl (RaftServerImpl.java:<init>(95)) - 0847ba72-fdd2-48af-a9ba-81785ca9ed12: new RaftServerImpl for group-E4FD8A671690:[0847ba72-fdd2-48af-a9ba-81785ca9ed12:192.168.30.13:33635] with ContainerStateMachine:uninitialized
2019-09-26 11:00:39,027 [pool-67-thread-1] INFO  server.RaftServerConfigKeys (ConfUtils.java:logGet(43)) - raft.server.rpc.timeout.min = 5s (custom)
2019-09-26 11:00:39,027 [pool-67-thread-1] INFO  server.RaftServerConfigKeys (ConfUtils.java:logGet(43)) - raft.server.rpc.timeout.max = 5200ms (custom)
2019-09-26 11:00:39,027 [pool-67-thread-1] INFO  server.RaftServerConfigKeys (ConfUtils.java:logGet(43)) - raft.server.rpcslowness.timeout = 120s (custom)
2019-09-26 11:00:39,027 [pool-67-thread-1] INFO  server.RaftServerConfigKeys (ConfUtils.java:logGet(43)) - raft.server.sleep.deviation.threshold = 300 (default)
2019-09-26 11:00:39,027 [pool-67-thread-1] INFO  server.RaftServerConfigKeys (ConfUtils.java:logGet(43)) - raft.server.log.appender.install.snapshot.enabled = false (custom)
2019-09-26 11:00:39,028 [pool-67-thread-1] INFO  impl.RaftServerImpl (ServerState.java:<init>(103)) - 0847ba72-fdd2-48af-a9ba-81785ca9ed12@group-E4FD8A671690: ConfigurationManager, init=-1: [0847ba72-fdd2-48af-a9ba-81785ca9ed12:192.168.30.13:33635], old=null, confs=<EMPTY_MAP>
2019-09-26 11:00:39,028 [pool-67-thread-1] INFO  server.RaftServerConfigKeys (ConfUtils.java:logGet(43)) - raft.server.storage.dir = [/workdir/hadoop-ozone/tools/target/test-dir/MiniOzoneClusterImpl-86256be1-a8a6-428e-b2d3-bd155870efd4/datanode-4/data/ratis] (custom)
2019-09-26 11:00:39,028 [pool-67-thread-1] INFO  storage.RaftStorageDirectory (RaftStorageDirectory.java:analyzeStorage(246)) - The storage directory /workdir/hadoop-ozone/tools/target/test-dir/MiniOzoneClusterImpl-86256be1-a8a6-428e-b2d3-bd155870efd4/datanode-4/data/ratis/ba95c735-81d5-4231-b15c-e4fd8a671690 does not exist. Creating ...
2019-09-26 11:00:39,041 [pool-67-thread-1] INFO  storage.RaftStorageDirectory (RaftStorageDirectory.java:tryLock(328)) - Lock on /workdir/hadoop-ozone/tools/target/test-dir/MiniOzoneClusterImpl-86256be1-a8a6-428e-b2d3-bd155870efd4/datanode-4/data/ratis/ba95c735-81d5-4231-b15c-e4fd8a671690/in_use.lock acquired by nodename 14062@pr-hdds-1569-wvzgm-824869521
2019-09-26 11:00:39,055 [pool-67-thread-1] INFO  storage.RaftStorage (RaftStorage.java:format(72)) - Storage directory /workdir/hadoop-ozone/tools/target/test-dir/MiniOzoneClusterImpl-86256be1-a8a6-428e-b2d3-bd155870efd4/datanode-4/data/ratis/ba95c735-81d5-4231-b15c-e4fd8a671690 has been successfully formatted.
2019-09-26 11:00:39,055 [pool-67-thread-1] INFO  ratis.ContainerStateMachine (ContainerStateMachine.java:loadSnapshot(230)) - group-E4FD8A671690: The snapshot info is null. Setting the last applied indexto:(t:0, i:~)
2019-09-26 11:00:39,055 [pool-67-thread-1] INFO  server.RaftServerConfigKeys (ConfUtils.java:logGet(43)) - raft.server.notification.no-leader.timeout = 120s (custom)
2019-09-26 11:00:39,055 [pool-67-thread-1] INFO  server.RaftServerConfigKeys (ConfUtils.java:logGet(43)) - raft.server.log.use.memory = false (default)
2019-09-26 11:00:39,056 [pool-67-thread-1] INFO  server.RaftServerConfigKeys (ConfUtils.java:logGet(43)) - raft.server.log.purge.gap = 1000000 (custom)
2019-09-26 11:00:39,056 [pool-67-thread-1] INFO  server.RaftServerConfigKeys (ConfUtils.java:logGet(43)) - raft.server.log.appender.buffer.byte-limit = 33554432 (custom)
2019-09-26 11:00:39,056 [pool-67-thread-1] INFO  server.RaftServerConfigKeys (ConfUtils.java:logGet(43)) - raft.server.log.segment.size.max = 1048576 (custom)
2019-09-26 11:00:39,056 [pool-67-thread-1] INFO  server.RaftServerConfigKeys (ConfUtils.java:logGet(43)) - raft.server.log.segment.cache.num.max = 2 (custom)
2019-09-26 11:00:39,056 [pool-67-thread-1] INFO  segmented.SegmentedRaftLogWorker (SegmentedRaftLogWorker.java:<init>(172)) - new 0847ba72-fdd2-48af-a9ba-81785ca9ed12@group-E4FD8A671690-SegmentedRaftLogWorker for RaftStorage:Storage Directory /workdir/hadoop-ozone/tools/target/test-dir/MiniOzoneClusterImpl-86256be1-a8a6-428e-b2d3-bd155870efd4/datanode-4/data/ratis/ba95c735-81d5-4231-b15c-e4fd8a671690
2019-09-26 11:00:39,057 [pool-67-thread-1] INFO  server.RaftServerConfigKeys (ConfUtils.java:logGet(43)) - raft.server.log.queue.byte-limit = 2147483647 (custom)
2019-09-26 11:00:39,057 [pool-67-thread-1] INFO  server.RaftServerConfigKeys (ConfUtils.java:logGet(43)) - raft.server.log.queue.element-limit = 1024 (custom)
2019-09-26 11:00:39,057 [pool-67-thread-1] INFO  server.RaftServerConfigKeys (ConfUtils.java:logGet(43)) - raft.server.log.segment.size.max = 1048576 (custom)
2019-09-26 11:00:39,057 [pool-67-thread-1] INFO  server.RaftServerConfigKeys (ConfUtils.java:logGet(43)) - raft.server.log.preallocated.size = 16384 (custom)
2019-09-26 11:00:39,058 [pool-67-thread-1] INFO  server.RaftServerConfigKeys (ConfUtils.java:logGet(43)) - raft.server.log.write.buffer.size = 33554432 (custom)
2019-09-26 11:00:39,058 [pool-67-thread-1] INFO  server.RaftServerConfigKeys (ConfUtils.java:logGet(43)) - raft.server.log.force.sync.num = 128 (default)
2019-09-26 11:00:39,058 [pool-67-thread-1] INFO  server.RaftServerConfigKeys (ConfUtils.java:logGet(43)) - raft.server.log.statemachine.data.sync = true (default)
2019-09-26 11:00:39,058 [pool-67-thread-1] INFO  server.RaftServerConfigKeys (ConfUtils.java:logGet(43)) - raft.server.log.statemachine.data.sync.timeout = 10s (default)
2019-09-26 11:00:39,058 [pool-67-thread-1] INFO  server.RaftServerConfigKeys (ConfUtils.java:logGet(43)) - raft.server.log.statemachine.data.sync.timeout.retry = -1 (default)
2019-09-26 11:00:39,059 [pool-67-thread-1] INFO  server.RaftServerConfigKeys (ConfUtils.java:logGet(43)) - raft.server.log.statemachine.data.caching.enabled = true (custom)
2019-09-26 11:00:39,059 [pool-67-thread-1] INFO  segmented.SegmentedRaftLogWorker (SegmentedRaftLogWorker.java:lambda$new$0(132)) - 0847ba72-fdd2-48af-a9ba-81785ca9ed12@group-E4FD8A671690-SegmentedRaftLogWorker: flushIndex: setUnconditionally 0 -> -1
2019-09-26 11:00:39,059 [pool-67-thread-1] INFO  server.RaftServerConfigKeys (ConfUtils.java:logGet(43)) - raft.server.snapshot.auto.trigger.enabled = true (custom)
2019-09-26 11:00:39,060 [pool-67-thread-1] INFO  server.RaftServerConfigKeys (ConfUtils.java:logGet(43)) - raft.server.snapshot.auto.trigger.threshold = 10000 (custom)
2019-09-26 11:00:39,060 [pool-67-thread-1] INFO  server.RaftServerConfigKeys (ConfUtils.java:logGet(43)) - raft.server.snapshot.retention.num.files = 5 (custom)
2019-09-26 11:00:39,060 [pool-67-thread-1] INFO  server.RaftServerConfigKeys (ConfUtils.java:logGet(43)) - raft.server.retrycache.expirytime = 600000ms (custom)
2019-09-26 11:00:39,065 [pool-67-thread-1] INFO  impl.RaftServerImpl (RaftServerImpl.java:start(185)) - 0847ba72-fdd2-48af-a9ba-81785ca9ed12@group-E4FD8A671690: start as a follower, conf=-1: [0847ba72-fdd2-48af-a9ba-81785ca9ed12:192.168.30.13:33635], old=null
2019-09-26 11:00:39,065 [pool-67-thread-1] INFO  impl.RaftServerImpl (RaftServerImpl.java:setRole(174)) - 0847ba72-fdd2-48af-a9ba-81785ca9ed12@group-E4FD8A671690: changes role from      null to FOLLOWER at term 0 for startAsFollower
2019-09-26 11:00:39,065 [pool-67-thread-1] INFO  impl.RoleInfo (RoleInfo.java:updateAndGet(143)) - 0847ba72-fdd2-48af-a9ba-81785ca9ed12: start FollowerState
2019-09-26 11:00:39,066 [pool-67-thread-1] INFO  util.JmxRegister (JmxRegister.java:tryRegister(44)) - Successfully registered JMX Bean with object name Ratis:service=RaftServer,group=group-E4FD8A671690,id=0847ba72-fdd2-48af-a9ba-81785ca9ed12
2019-09-26 11:00:39,085 [RatisPipelineUtilsThread] INFO  pipeline.PipelineStateManager (PipelineStateManager.java:addPipeline(56)) - Created pipeline Pipeline[ Id: ba95c735-81d5-4231-b15c-e4fd8a671690, Nodes: 0847ba72-fdd2-48af-a9ba-81785ca9ed12{ip: 192.168.30.13, host: pr-hdds-1569-wvzgm-824869521, networkLocation: /default-rack, certSerialId: null}, Type:RATIS, Factor:ONE, State:OPEN]
2019-09-26 11:00:39,099 [grpc-default-executor-0] INFO  impl.RaftServerProxy (RaftServerProxy.java:addNew(89)) - 77948620-7a50-4d08-820b-4684d575a259: addNew group-25493E8EDE74:[77948620-7a50-4d08-820b-4684d575a259:192.168.30.13:38063] returns group-25493E8EDE74:java.util.concurrent.CompletableFuture@2f26267f[Not completed]
2019-09-26 11:00:39,102 [pool-57-thread-1] INFO  impl.RaftServerImpl (RaftServerImpl.java:<init>(95)) - 77948620-7a50-4d08-820b-4684d575a259: new RaftServerImpl for group-25493E8EDE74:[77948620-7a50-4d08-820b-4684d575a259:192.168.30.13:38063] with ContainerStateMachine:uninitialized
2019-09-26 11:00:39,102 [pool-57-thread-1] INFO  server.RaftServerConfigKeys (ConfUtils.java:logGet(43)) - raft.server.rpc.timeout.min = 5s (custom)
2019-09-26 11:00:39,102 [pool-57-thread-1] INFO  server.RaftServerConfigKeys (ConfUtils.java:logGet(43)) - raft.server.rpc.timeout.max = 5200ms (custom)
2019-09-26 11:00:39,102 [pool-57-thread-1] INFO  server.RaftServerConfigKeys (ConfUtils.java:logGet(43)) - raft.server.rpcslowness.timeout = 120s (custom)
2019-09-26 11:00:39,103 [pool-57-thread-1] INFO  server.RaftServerConfigKeys (ConfUtils.java:logGet(43)) - raft.server.sleep.deviation.threshold = 300 (default)
2019-09-26 11:00:39,103 [pool-57-thread-1] INFO  server.RaftServerConfigKeys (ConfUtils.java:logGet(43)) - raft.server.log.appender.install.snapshot.enabled = false (custom)
2019-09-26 11:00:39,103 [pool-57-thread-1] INFO  impl.RaftServerImpl (ServerState.java:<init>(103)) - 77948620-7a50-4d08-820b-4684d575a259@group-25493E8EDE74: ConfigurationManager, init=-1: [77948620-7a50-4d08-820b-4684d575a259:192.168.30.13:38063], old=null, confs=<EMPTY_MAP>
2019-09-26 11:00:39,103 [pool-57-thread-1] INFO  server.RaftServerConfigKeys (ConfUtils.java:logGet(43)) - raft.server.storage.dir = [/workdir/hadoop-ozone/tools/target/test-dir/MiniOzoneClusterImpl-86256be1-a8a6-428e-b2d3-bd155870efd4/datanode-3/data/ratis] (custom)
2019-09-26 11:00:39,104 [pool-57-thread-1] INFO  storage.RaftStorageDirectory (RaftStorageDirectory.java:analyzeStorage(246)) - The storage directory /workdir/hadoop-ozone/tools/target/test-dir/MiniOzoneClusterImpl-86256be1-a8a6-428e-b2d3-bd155870efd4/datanode-3/data/ratis/6f4c578d-6aee-40b7-b4f3-25493e8ede74 does not exist. Creating ...
2019-09-26 11:00:39,116 [pool-57-thread-1] INFO  storage.RaftStorageDirectory (RaftStorageDirectory.java:tryLock(328)) - Lock on /workdir/hadoop-ozone/tools/target/test-dir/MiniOzoneClusterImpl-86256be1-a8a6-428e-b2d3-bd155870efd4/datanode-3/data/ratis/6f4c578d-6aee-40b7-b4f3-25493e8ede74/in_use.lock acquired by nodename 14062@pr-hdds-1569-wvzgm-824869521
2019-09-26 11:00:39,130 [pool-57-thread-1] INFO  storage.RaftStorage (RaftStorage.java:format(72)) - Storage directory /workdir/hadoop-ozone/tools/target/test-dir/MiniOzoneClusterImpl-86256be1-a8a6-428e-b2d3-bd155870efd4/datanode-3/data/ratis/6f4c578d-6aee-40b7-b4f3-25493e8ede74 has been successfully formatted.
2019-09-26 11:00:39,131 [pool-57-thread-1] INFO  ratis.ContainerStateMachine (ContainerStateMachine.java:loadSnapshot(230)) - group-25493E8EDE74: The snapshot info is null. Setting the last applied indexto:(t:0, i:~)
2019-09-26 11:00:39,131 [pool-57-thread-1] INFO  server.RaftServerConfigKeys (ConfUtils.java:logGet(43)) - raft.server.notification.no-leader.timeout = 120s (custom)
2019-09-26 11:00:39,131 [pool-57-thread-1] INFO  server.RaftServerConfigKeys (ConfUtils.java:logGet(43)) - raft.server.log.use.memory = false (default)
2019-09-26 11:00:39,131 [pool-57-thread-1] INFO  server.RaftServerConfigKeys (ConfUtils.java:logGet(43)) - raft.server.log.purge.gap = 1000000 (custom)
2019-09-26 11:00:39,131 [pool-57-thread-1] INFO  server.RaftServerConfigKeys (ConfUtils.java:logGet(43)) - raft.server.log.appender.buffer.byte-limit = 33554432 (custom)
2019-09-26 11:00:39,132 [pool-57-thread-1] INFO  server.RaftServerConfigKeys (ConfUtils.java:logGet(43)) - raft.server.log.segment.size.max = 1048576 (custom)
2019-09-26 11:00:39,132 [pool-57-thread-1] INFO  server.RaftServerConfigKeys (ConfUtils.java:logGet(43)) - raft.server.log.segment.cache.num.max = 2 (custom)
2019-09-26 11:00:39,132 [pool-57-thread-1] INFO  segmented.SegmentedRaftLogWorker (SegmentedRaftLogWorker.java:<init>(172)) - new 77948620-7a50-4d08-820b-4684d575a259@group-25493E8EDE74-SegmentedRaftLogWorker for RaftStorage:Storage Directory /workdir/hadoop-ozone/tools/target/test-dir/MiniOzoneClusterImpl-86256be1-a8a6-428e-b2d3-bd155870efd4/datanode-3/data/ratis/6f4c578d-6aee-40b7-b4f3-25493e8ede74
2019-09-26 11:00:39,132 [pool-57-thread-1] INFO  server.RaftServerConfigKeys (ConfUtils.java:logGet(43)) - raft.server.log.queue.byte-limit = 2147483647 (custom)
2019-09-26 11:00:39,132 [pool-57-thread-1] INFO  server.RaftServerConfigKeys (ConfUtils.java:logGet(43)) - raft.server.log.queue.element-limit = 1024 (custom)
2019-09-26 11:00:39,132 [pool-57-thread-1] INFO  server.RaftServerConfigKeys (ConfUtils.java:logGet(43)) - raft.server.log.segment.size.max = 1048576 (custom)
2019-09-26 11:00:39,133 [pool-57-thread-1] INFO  server.RaftServerConfigKeys (ConfUtils.java:logGet(43)) - raft.server.log.preallocated.size = 16384 (custom)
2019-09-26 11:00:39,133 [pool-57-thread-1] INFO  server.RaftServerConfigKeys (ConfUtils.java:logGet(43)) - raft.server.log.write.buffer.size = 33554432 (custom)
2019-09-26 11:00:39,133 [pool-57-thread-1] INFO  server.RaftServerConfigKeys (ConfUtils.java:logGet(43)) - raft.server.log.force.sync.num = 128 (default)
2019-09-26 11:00:39,133 [pool-57-thread-1] INFO  server.RaftServerConfigKeys (ConfUtils.java:logGet(43)) - raft.server.log.statemachine.data.sync = true (default)
2019-09-26 11:00:39,133 [pool-57-thread-1] INFO  server.RaftServerConfigKeys (ConfUtils.java:logGet(43)) - raft.server.log.statemachine.data.sync.timeout = 10s (default)
2019-09-26 11:00:39,133 [pool-57-thread-1] INFO  server.RaftServerConfigKeys (ConfUtils.java:logGet(43)) - raft.server.log.statemachine.data.sync.timeout.retry = -1 (default)
2019-09-26 11:00:39,134 [pool-57-thread-1] INFO  server.RaftServerConfigKeys (ConfUtils.java:logGet(43)) - raft.server.log.statemachine.data.caching.enabled = true (custom)
2019-09-26 11:00:39,134 [pool-57-thread-1] INFO  segmented.SegmentedRaftLogWorker (SegmentedRaftLogWorker.java:lambda$new$0(132)) - 77948620-7a50-4d08-820b-4684d575a259@group-25493E8EDE74-SegmentedRaftLogWorker: flushIndex: setUnconditionally 0 -> -1
2019-09-26 11:00:39,135 [pool-57-thread-1] INFO  server.RaftServerConfigKeys (ConfUtils.java:logGet(43)) - raft.server.snapshot.auto.trigger.enabled = true (custom)
2019-09-26 11:00:39,135 [pool-57-thread-1] INFO  server.RaftServerConfigKeys (ConfUtils.java:logGet(43)) - raft.server.snapshot.auto.trigger.threshold = 10000 (custom)
2019-09-26 11:00:39,135 [pool-57-thread-1] INFO  server.RaftServerConfigKeys (ConfUtils.java:logGet(43)) - raft.server.snapshot.retention.num.files = 5 (custom)
2019-09-26 11:00:39,135 [pool-57-thread-1] INFO  server.RaftServerConfigKeys (ConfUtils.java:logGet(43)) - raft.server.retrycache.expirytime = 600000ms (custom)
2019-09-26 11:00:39,139 [pool-57-thread-1] INFO  impl.RaftServerImpl (RaftServerImpl.java:start(185)) - 77948620-7a50-4d08-820b-4684d575a259@group-25493E8EDE74: start as a follower, conf=-1: [77948620-7a50-4d08-820b-4684d575a259:192.168.30.13:38063], old=null
2019-09-26 11:00:39,140 [pool-57-thread-1] INFO  impl.RaftServerImpl (RaftServerImpl.java:setRole(174)) - 77948620-7a50-4d08-820b-4684d575a259@group-25493E8EDE74: changes role from      null to FOLLOWER at term 0 for startAsFollower
2019-09-26 11:00:39,140 [pool-57-thread-1] INFO  impl.RoleInfo (RoleInfo.java:updateAndGet(143)) - 77948620-7a50-4d08-820b-4684d575a259: start FollowerState
2019-09-26 11:00:39,140 [pool-57-thread-1] INFO  util.JmxRegister (JmxRegister.java:tryRegister(44)) - Successfully registered JMX Bean with object name Ratis:service=RaftServer,group=group-25493E8EDE74,id=77948620-7a50-4d08-820b-4684d575a259
2019-09-26 11:00:39,158 [RatisPipelineUtilsThread] INFO  pipeline.PipelineStateManager (PipelineStateManager.java:addPipeline(56)) - Created pipeline Pipeline[ Id: 6f4c578d-6aee-40b7-b4f3-25493e8ede74, Nodes: 77948620-7a50-4d08-820b-4684d575a259{ip: 192.168.30.13, host: pr-hdds-1569-wvzgm-824869521, networkLocation: /default-rack, certSerialId: null}, Type:RATIS, Factor:ONE, State:OPEN]
2019-09-26 11:00:39,173 [grpc-default-executor-0] INFO  impl.RaftServerProxy (RaftServerProxy.java:addNew(89)) - c2a282d4-c040-416d-9ee6-85fb672e92c4: addNew group-868125F8A0F4:[c2a282d4-c040-416d-9ee6-85fb672e92c4:192.168.30.13:41516] returns group-868125F8A0F4:java.util.concurrent.CompletableFuture@32dbc484[Not completed]
2019-09-26 11:00:39,176 [pool-37-thread-1] INFO  impl.RaftServerImpl (RaftServerImpl.java:<init>(95)) - c2a282d4-c040-416d-9ee6-85fb672e92c4: new RaftServerImpl for group-868125F8A0F4:[c2a282d4-c040-416d-9ee6-85fb672e92c4:192.168.30.13:41516] with ContainerStateMachine:uninitialized
2019-09-26 11:00:39,176 [pool-37-thread-1] INFO  server.RaftServerConfigKeys (ConfUtils.java:logGet(43)) - raft.server.rpc.timeout.min = 5s (custom)
2019-09-26 11:00:39,177 [pool-37-thread-1] INFO  server.RaftServerConfigKeys (ConfUtils.java:logGet(43)) - raft.server.rpc.timeout.max = 5200ms (custom)
2019-09-26 11:00:39,177 [pool-37-thread-1] INFO  server.RaftServerConfigKeys (ConfUtils.java:logGet(43)) - raft.server.rpcslowness.timeout = 120s (custom)
2019-09-26 11:00:39,177 [pool-37-thread-1] INFO  server.RaftServerConfigKeys (ConfUtils.java:logGet(43)) - raft.server.sleep.deviation.threshold = 300 (default)
2019-09-26 11:00:39,177 [pool-37-thread-1] INFO  server.RaftServerConfigKeys (ConfUtils.java:logGet(43)) - raft.server.log.appender.install.snapshot.enabled = false (custom)
2019-09-26 11:00:39,177 [pool-37-thread-1] INFO  impl.RaftServerImpl (ServerState.java:<init>(103)) - c2a282d4-c040-416d-9ee6-85fb672e92c4@group-868125F8A0F4: ConfigurationManager, init=-1: [c2a282d4-c040-416d-9ee6-85fb672e92c4:192.168.30.13:41516], old=null, confs=<EMPTY_MAP>
2019-09-26 11:00:39,178 [pool-37-thread-1] INFO  server.RaftServerConfigKeys (ConfUtils.java:logGet(43)) - raft.server.storage.dir = [/workdir/hadoop-ozone/tools/target/test-dir/MiniOzoneClusterImpl-86256be1-a8a6-428e-b2d3-bd155870efd4/datanode-1/data/ratis] (custom)
2019-09-26 11:00:39,178 [pool-37-thread-1] INFO  storage.RaftStorageDirectory (RaftStorageDirectory.java:analyzeStorage(246)) - The storage directory /workdir/hadoop-ozone/tools/target/test-dir/MiniOzoneClusterImpl-86256be1-a8a6-428e-b2d3-bd155870efd4/datanode-1/data/ratis/4b93315b-2e2e-4177-ab0f-868125f8a0f4 does not exist. Creating ...
2019-09-26 11:00:39,192 [pool-37-thread-1] INFO  storage.RaftStorageDirectory (RaftStorageDirectory.java:tryLock(328)) - Lock on /workdir/hadoop-ozone/tools/target/test-dir/MiniOzoneClusterImpl-86256be1-a8a6-428e-b2d3-bd155870efd4/datanode-1/data/ratis/4b93315b-2e2e-4177-ab0f-868125f8a0f4/in_use.lock acquired by nodename 14062@pr-hdds-1569-wvzgm-824869521
2019-09-26 11:00:39,205 [pool-37-thread-1] INFO  storage.RaftStorage (RaftStorage.java:format(72)) - Storage directory /workdir/hadoop-ozone/tools/target/test-dir/MiniOzoneClusterImpl-86256be1-a8a6-428e-b2d3-bd155870efd4/datanode-1/data/ratis/4b93315b-2e2e-4177-ab0f-868125f8a0f4 has been successfully formatted.
2019-09-26 11:00:39,205 [pool-37-thread-1] INFO  ratis.ContainerStateMachine (ContainerStateMachine.java:loadSnapshot(230)) - group-868125F8A0F4: The snapshot info is null. Setting the last applied indexto:(t:0, i:~)
2019-09-26 11:00:39,205 [pool-37-thread-1] INFO  server.RaftServerConfigKeys (ConfUtils.java:logGet(43)) - raft.server.notification.no-leader.timeout = 120s (custom)
2019-09-26 11:00:39,206 [pool-37-thread-1] INFO  server.RaftServerConfigKeys (ConfUtils.java:logGet(43)) - raft.server.log.use.memory = false (default)
2019-09-26 11:00:39,206 [pool-37-thread-1] INFO  server.RaftServerConfigKeys (ConfUtils.java:logGet(43)) - raft.server.log.purge.gap = 1000000 (custom)
2019-09-26 11:00:39,206 [pool-37-thread-1] INFO  server.RaftServerConfigKeys (ConfUtils.java:logGet(43)) - raft.server.log.appender.buffer.byte-limit = 33554432 (custom)
2019-09-26 11:00:39,206 [pool-37-thread-1] INFO  server.RaftServerConfigKeys (ConfUtils.java:logGet(43)) - raft.server.log.segment.size.max = 1048576 (custom)
2019-09-26 11:00:39,206 [pool-37-thread-1] INFO  server.RaftServerConfigKeys (ConfUtils.java:logGet(43)) - raft.server.log.segment.cache.num.max = 2 (custom)
2019-09-26 11:00:39,207 [pool-37-thread-1] INFO  segmented.SegmentedRaftLogWorker (SegmentedRaftLogWorker.java:<init>(172)) - new c2a282d4-c040-416d-9ee6-85fb672e92c4@group-868125F8A0F4-SegmentedRaftLogWorker for RaftStorage:Storage Directory /workdir/hadoop-ozone/tools/target/test-dir/MiniOzoneClusterImpl-86256be1-a8a6-428e-b2d3-bd155870efd4/datanode-1/data/ratis/4b93315b-2e2e-4177-ab0f-868125f8a0f4
2019-09-26 11:00:39,207 [pool-37-thread-1] INFO  server.RaftServerConfigKeys (ConfUtils.java:logGet(43)) - raft.server.log.queue.byte-limit = 2147483647 (custom)
2019-09-26 11:00:39,207 [pool-37-thread-1] INFO  server.RaftServerConfigKeys (ConfUtils.java:logGet(43)) - raft.server.log.queue.element-limit = 1024 (custom)
2019-09-26 11:00:39,207 [pool-37-thread-1] INFO  server.RaftServerConfigKeys (ConfUtils.java:logGet(43)) - raft.server.log.segment.size.max = 1048576 (custom)
2019-09-26 11:00:39,207 [pool-37-thread-1] INFO  server.RaftServerConfigKeys (ConfUtils.java:logGet(43)) - raft.server.log.preallocated.size = 16384 (custom)
2019-09-26 11:00:39,207 [pool-37-thread-1] INFO  server.RaftServerConfigKeys (ConfUtils.java:logGet(43)) - raft.server.log.write.buffer.size = 33554432 (custom)
2019-09-26 11:00:39,208 [pool-37-thread-1] INFO  server.RaftServerConfigKeys (ConfUtils.java:logGet(43)) - raft.server.log.force.sync.num = 128 (default)
2019-09-26 11:00:39,208 [pool-37-thread-1] INFO  server.RaftServerConfigKeys (ConfUtils.java:logGet(43)) - raft.server.log.statemachine.data.sync = true (default)
2019-09-26 11:00:39,208 [pool-37-thread-1] INFO  server.RaftServerConfigKeys (ConfUtils.java:logGet(43)) - raft.server.log.statemachine.data.sync.timeout = 10s (default)
2019-09-26 11:00:39,208 [pool-37-thread-1] INFO  server.RaftServerConfigKeys (ConfUtils.java:logGet(43)) - raft.server.log.statemachine.data.sync.timeout.retry = -1 (default)
2019-09-26 11:00:39,208 [pool-37-thread-1] INFO  server.RaftServerConfigKeys (ConfUtils.java:logGet(43)) - raft.server.log.statemachine.data.caching.enabled = true (custom)
2019-09-26 11:00:39,209 [pool-37-thread-1] INFO  segmented.SegmentedRaftLogWorker (SegmentedRaftLogWorker.java:lambda$new$0(132)) - c2a282d4-c040-416d-9ee6-85fb672e92c4@group-868125F8A0F4-SegmentedRaftLogWorker: flushIndex: setUnconditionally 0 -> -1
2019-09-26 11:00:39,209 [pool-37-thread-1] INFO  server.RaftServerConfigKeys (ConfUtils.java:logGet(43)) - raft.server.snapshot.auto.trigger.enabled = true (custom)
2019-09-26 11:00:39,209 [pool-37-thread-1] INFO  server.RaftServerConfigKeys (ConfUtils.java:logGet(43)) - raft.server.snapshot.auto.trigger.threshold = 10000 (custom)
2019-09-26 11:00:39,209 [pool-37-thread-1] INFO  server.RaftServerConfigKeys (ConfUtils.java:logGet(43)) - raft.server.snapshot.retention.num.files = 5 (custom)
2019-09-26 11:00:39,210 [pool-37-thread-1] INFO  server.RaftServerConfigKeys (ConfUtils.java:logGet(43)) - raft.server.retrycache.expirytime = 600000ms (custom)
2019-09-26 11:00:39,213 [pool-37-thread-1] INFO  impl.RaftServerImpl (RaftServerImpl.java:start(185)) - c2a282d4-c040-416d-9ee6-85fb672e92c4@group-868125F8A0F4: start as a follower, conf=-1: [c2a282d4-c040-416d-9ee6-85fb672e92c4:192.168.30.13:41516], old=null
2019-09-26 11:00:39,214 [pool-37-thread-1] INFO  impl.RaftServerImpl (RaftServerImpl.java:setRole(174)) - c2a282d4-c040-416d-9ee6-85fb672e92c4@group-868125F8A0F4: changes role from      null to FOLLOWER at term 0 for startAsFollower
2019-09-26 11:00:39,214 [pool-37-thread-1] INFO  impl.RoleInfo (RoleInfo.java:updateAndGet(143)) - c2a282d4-c040-416d-9ee6-85fb672e92c4: start FollowerState
2019-09-26 11:00:39,214 [pool-37-thread-1] INFO  util.JmxRegister (JmxRegister.java:tryRegister(44)) - Successfully registered JMX Bean with object name Ratis:service=RaftServer,group=group-868125F8A0F4,id=c2a282d4-c040-416d-9ee6-85fb672e92c4
2019-09-26 11:00:39,230 [RatisPipelineUtilsThread] INFO  pipeline.PipelineStateManager (PipelineStateManager.java:addPipeline(56)) - Created pipeline Pipeline[ Id: 4b93315b-2e2e-4177-ab0f-868125f8a0f4, Nodes: c2a282d4-c040-416d-9ee6-85fb672e92c4{ip: 192.168.30.13, host: pr-hdds-1569-wvzgm-824869521, networkLocation: /default-rack, certSerialId: null}, Type:RATIS, Factor:ONE, State:OPEN]
2019-09-26 11:00:39,248 [grpc-default-executor-0] INFO  impl.RaftServerProxy (RaftServerProxy.java:addNew(89)) - 0847ba72-fdd2-48af-a9ba-81785ca9ed12: addNew group-6B467FD8C88C:[0847ba72-fdd2-48af-a9ba-81785ca9ed12:192.168.30.13:33635] returns group-6B467FD8C88C:java.util.concurrent.CompletableFuture@463c6205[Not completed]
2019-09-26 11:00:39,249 [pool-67-thread-1] INFO  impl.RaftServerImpl (RaftServerImpl.java:<init>(95)) - 0847ba72-fdd2-48af-a9ba-81785ca9ed12: new RaftServerImpl for group-6B467FD8C88C:[0847ba72-fdd2-48af-a9ba-81785ca9ed12:192.168.30.13:33635] with ContainerStateMachine:uninitialized
2019-09-26 11:00:39,250 [pool-67-thread-1] INFO  server.RaftServerConfigKeys (ConfUtils.java:logGet(43)) - raft.server.rpc.timeout.min = 5s (custom)
2019-09-26 11:00:39,250 [pool-67-thread-1] INFO  server.RaftServerConfigKeys (ConfUtils.java:logGet(43)) - raft.server.rpc.timeout.max = 5200ms (custom)
2019-09-26 11:00:39,250 [pool-67-thread-1] INFO  server.RaftServerConfigKeys (ConfUtils.java:logGet(43)) - raft.server.rpcslowness.timeout = 120s (custom)
2019-09-26 11:00:39,250 [pool-67-thread-1] INFO  server.RaftServerConfigKeys (ConfUtils.java:logGet(43)) - raft.server.sleep.deviation.threshold = 300 (default)
2019-09-26 11:00:39,250 [pool-67-thread-1] INFO  server.RaftServerConfigKeys (ConfUtils.java:logGet(43)) - raft.server.log.appender.install.snapshot.enabled = false (custom)
2019-09-26 11:00:39,250 [pool-67-thread-1] INFO  impl.RaftServerImpl (ServerState.java:<init>(103)) - 0847ba72-fdd2-48af-a9ba-81785ca9ed12@group-6B467FD8C88C: ConfigurationManager, init=-1: [0847ba72-fdd2-48af-a9ba-81785ca9ed12:192.168.30.13:33635], old=null, confs=<EMPTY_MAP>
2019-09-26 11:00:39,251 [pool-67-thread-1] INFO  server.RaftServerConfigKeys (ConfUtils.java:logGet(43)) - raft.server.storage.dir = [/workdir/hadoop-ozone/tools/target/test-dir/MiniOzoneClusterImpl-86256be1-a8a6-428e-b2d3-bd155870efd4/datanode-4/data/ratis] (custom)
2019-09-26 11:00:39,252 [pool-67-thread-1] INFO  storage.RaftStorageDirectory (RaftStorageDirectory.java:analyzeStorage(246)) - The storage directory /workdir/hadoop-ozone/tools/target/test-dir/MiniOzoneClusterImpl-86256be1-a8a6-428e-b2d3-bd155870efd4/datanode-4/data/ratis/0442ede0-6983-4cce-8ff6-6b467fd8c88c does not exist. Creating ...
2019-09-26 11:00:39,268 [pool-67-thread-1] INFO  storage.RaftStorageDirectory (RaftStorageDirectory.java:tryLock(328)) - Lock on /workdir/hadoop-ozone/tools/target/test-dir/MiniOzoneClusterImpl-86256be1-a8a6-428e-b2d3-bd155870efd4/datanode-4/data/ratis/0442ede0-6983-4cce-8ff6-6b467fd8c88c/in_use.lock acquired by nodename 14062@pr-hdds-1569-wvzgm-824869521
2019-09-26 11:00:39,281 [pool-67-thread-1] INFO  storage.RaftStorage (RaftStorage.java:format(72)) - Storage directory /workdir/hadoop-ozone/tools/target/test-dir/MiniOzoneClusterImpl-86256be1-a8a6-428e-b2d3-bd155870efd4/datanode-4/data/ratis/0442ede0-6983-4cce-8ff6-6b467fd8c88c has been successfully formatted.
2019-09-26 11:00:39,281 [pool-67-thread-1] INFO  ratis.ContainerStateMachine (ContainerStateMachine.java:loadSnapshot(230)) - group-6B467FD8C88C: The snapshot info is null. Setting the last applied indexto:(t:0, i:~)
2019-09-26 11:00:39,281 [pool-67-thread-1] INFO  server.RaftServerConfigKeys (ConfUtils.java:logGet(43)) - raft.server.notification.no-leader.timeout = 120s (custom)
2019-09-26 11:00:39,281 [pool-67-thread-1] INFO  server.RaftServerConfigKeys (ConfUtils.java:logGet(43)) - raft.server.log.use.memory = false (default)
2019-09-26 11:00:39,281 [pool-67-thread-1] INFO  server.RaftServerConfigKeys (ConfUtils.java:logGet(43)) - raft.server.log.purge.gap = 1000000 (custom)
2019-09-26 11:00:39,282 [pool-67-thread-1] INFO  server.RaftServerConfigKeys (ConfUtils.java:logGet(43)) - raft.server.log.appender.buffer.byte-limit = 33554432 (custom)
2019-09-26 11:00:39,282 [pool-67-thread-1] INFO  server.RaftServerConfigKeys (ConfUtils.java:logGet(43)) - raft.server.log.segment.size.max = 1048576 (custom)
2019-09-26 11:00:39,282 [pool-67-thread-1] INFO  server.RaftServerConfigKeys (ConfUtils.java:logGet(43)) - raft.server.log.segment.cache.num.max = 2 (custom)
2019-09-26 11:00:39,282 [pool-67-thread-1] INFO  segmented.SegmentedRaftLogWorker (SegmentedRaftLogWorker.java:<init>(172)) - new 0847ba72-fdd2-48af-a9ba-81785ca9ed12@group-6B467FD8C88C-SegmentedRaftLogWorker for RaftStorage:Storage Directory /workdir/hadoop-ozone/tools/target/test-dir/MiniOzoneClusterImpl-86256be1-a8a6-428e-b2d3-bd155870efd4/datanode-4/data/ratis/0442ede0-6983-4cce-8ff6-6b467fd8c88c
2019-09-26 11:00:39,282 [pool-67-thread-1] INFO  server.RaftServerConfigKeys (ConfUtils.java:logGet(43)) - raft.server.log.queue.byte-limit = 2147483647 (custom)
2019-09-26 11:00:39,282 [pool-67-thread-1] INFO  server.RaftServerConfigKeys (ConfUtils.java:logGet(43)) - raft.server.log.queue.element-limit = 1024 (custom)
2019-09-26 11:00:39,283 [pool-67-thread-1] INFO  server.RaftServerConfigKeys (ConfUtils.java:logGet(43)) - raft.server.log.segment.size.max = 1048576 (custom)
2019-09-26 11:00:39,283 [pool-67-thread-1] INFO  server.RaftServerConfigKeys (ConfUtils.java:logGet(43)) - raft.server.log.preallocated.size = 16384 (custom)
2019-09-26 11:00:39,283 [pool-67-thread-1] INFO  server.RaftServerConfigKeys (ConfUtils.java:logGet(43)) - raft.server.log.write.buffer.size = 33554432 (custom)
2019-09-26 11:00:39,283 [pool-67-thread-1] INFO  server.RaftServerConfigKeys (ConfUtils.java:logGet(43)) - raft.server.log.force.sync.num = 128 (default)
2019-09-26 11:00:39,283 [pool-67-thread-1] INFO  server.RaftServerConfigKeys (ConfUtils.java:logGet(43)) - raft.server.log.statemachine.data.sync = true (default)
2019-09-26 11:00:39,283 [pool-67-thread-1] INFO  server.RaftServerConfigKeys (ConfUtils.java:logGet(43)) - raft.server.log.statemachine.data.sync.timeout = 10s (default)
2019-09-26 11:00:39,283 [pool-67-thread-1] INFO  server.RaftServerConfigKeys (ConfUtils.java:logGet(43)) - raft.server.log.statemachine.data.sync.timeout.retry = -1 (default)
2019-09-26 11:00:39,284 [pool-67-thread-1] INFO  server.RaftServerConfigKeys (ConfUtils.java:logGet(43)) - raft.server.log.statemachine.data.caching.enabled = true (custom)
2019-09-26 11:00:39,284 [pool-67-thread-1] INFO  segmented.SegmentedRaftLogWorker (SegmentedRaftLogWorker.java:lambda$new$0(132)) - 0847ba72-fdd2-48af-a9ba-81785ca9ed12@group-6B467FD8C88C-SegmentedRaftLogWorker: flushIndex: setUnconditionally 0 -> -1
2019-09-26 11:00:39,284 [pool-67-thread-1] INFO  server.RaftServerConfigKeys (ConfUtils.java:logGet(43)) - raft.server.snapshot.auto.trigger.enabled = true (custom)
2019-09-26 11:00:39,284 [pool-67-thread-1] INFO  server.RaftServerConfigKeys (ConfUtils.java:logGet(43)) - raft.server.snapshot.auto.trigger.threshold = 10000 (custom)
2019-09-26 11:00:39,285 [pool-67-thread-1] INFO  server.RaftServerConfigKeys (ConfUtils.java:logGet(43)) - raft.server.snapshot.retention.num.files = 5 (custom)
2019-09-26 11:00:39,285 [pool-67-thread-1] INFO  server.RaftServerConfigKeys (ConfUtils.java:logGet(43)) - raft.server.retrycache.expirytime = 600000ms (custom)
2019-09-26 11:00:39,288 [pool-67-thread-1] INFO  impl.RaftServerImpl (RaftServerImpl.java:start(185)) - 0847ba72-fdd2-48af-a9ba-81785ca9ed12@group-6B467FD8C88C: start as a follower, conf=-1: [0847ba72-fdd2-48af-a9ba-81785ca9ed12:192.168.30.13:33635], old=null
2019-09-26 11:00:39,288 [pool-67-thread-1] INFO  impl.RaftServerImpl (RaftServerImpl.java:setRole(174)) - 0847ba72-fdd2-48af-a9ba-81785ca9ed12@group-6B467FD8C88C: changes role from      null to FOLLOWER at term 0 for startAsFollower
2019-09-26 11:00:39,288 [pool-67-thread-1] INFO  impl.RoleInfo (RoleInfo.java:updateAndGet(143)) - 0847ba72-fdd2-48af-a9ba-81785ca9ed12: start FollowerState
2019-09-26 11:00:39,288 [pool-67-thread-1] INFO  util.JmxRegister (JmxRegister.java:tryRegister(44)) - Successfully registered JMX Bean with object name Ratis:service=RaftServer,group=group-6B467FD8C88C,id=0847ba72-fdd2-48af-a9ba-81785ca9ed12
2019-09-26 11:00:39,299 [RatisPipelineUtilsThread] INFO  pipeline.PipelineStateManager (PipelineStateManager.java:addPipeline(56)) - Created pipeline Pipeline[ Id: 0442ede0-6983-4cce-8ff6-6b467fd8c88c, Nodes: 0847ba72-fdd2-48af-a9ba-81785ca9ed12{ip: 192.168.30.13, host: pr-hdds-1569-wvzgm-824869521, networkLocation: /default-rack, certSerialId: null}, Type:RATIS, Factor:ONE, State:OPEN]
2019-09-26 11:00:39,316 [grpc-default-executor-0] INFO  impl.RaftServerProxy (RaftServerProxy.java:addNew(89)) - 77948620-7a50-4d08-820b-4684d575a259: addNew group-770F0E73B7F1:[77948620-7a50-4d08-820b-4684d575a259:192.168.30.13:38063] returns group-770F0E73B7F1:java.util.concurrent.CompletableFuture@7cebb5d0[Not completed]
2019-09-26 11:00:39,317 [pool-57-thread-1] INFO  impl.RaftServerImpl (RaftServerImpl.java:<init>(95)) - 77948620-7a50-4d08-820b-4684d575a259: new RaftServerImpl for group-770F0E73B7F1:[77948620-7a50-4d08-820b-4684d575a259:192.168.30.13:38063] with ContainerStateMachine:uninitialized
2019-09-26 11:00:39,318 [pool-57-thread-1] INFO  server.RaftServerConfigKeys (ConfUtils.java:logGet(43)) - raft.server.rpc.timeout.min = 5s (custom)
2019-09-26 11:00:39,318 [pool-57-thread-1] INFO  server.RaftServerConfigKeys (ConfUtils.java:logGet(43)) - raft.server.rpc.timeout.max = 5200ms (custom)
2019-09-26 11:00:39,318 [pool-57-thread-1] INFO  server.RaftServerConfigKeys (ConfUtils.java:logGet(43)) - raft.server.rpcslowness.timeout = 120s (custom)
2019-09-26 11:00:39,318 [pool-57-thread-1] INFO  server.RaftServerConfigKeys (ConfUtils.java:logGet(43)) - raft.server.sleep.deviation.threshold = 300 (default)
2019-09-26 11:00:39,318 [pool-57-thread-1] INFO  server.RaftServerConfigKeys (ConfUtils.java:logGet(43)) - raft.server.log.appender.install.snapshot.enabled = false (custom)
2019-09-26 11:00:39,318 [pool-57-thread-1] INFO  impl.RaftServerImpl (ServerState.java:<init>(103)) - 77948620-7a50-4d08-820b-4684d575a259@group-770F0E73B7F1: ConfigurationManager, init=-1: [77948620-7a50-4d08-820b-4684d575a259:192.168.30.13:38063], old=null, confs=<EMPTY_MAP>
2019-09-26 11:00:39,319 [pool-57-thread-1] INFO  server.RaftServerConfigKeys (ConfUtils.java:logGet(43)) - raft.server.storage.dir = [/workdir/hadoop-ozone/tools/target/test-dir/MiniOzoneClusterImpl-86256be1-a8a6-428e-b2d3-bd155870efd4/datanode-3/data/ratis] (custom)
2019-09-26 11:00:39,319 [pool-57-thread-1] INFO  storage.RaftStorageDirectory (RaftStorageDirectory.java:analyzeStorage(246)) - The storage directory /workdir/hadoop-ozone/tools/target/test-dir/MiniOzoneClusterImpl-86256be1-a8a6-428e-b2d3-bd155870efd4/datanode-3/data/ratis/bb1f8c7e-ff32-483b-8f03-770f0e73b7f1 does not exist. Creating ...
2019-09-26 11:00:39,332 [pool-57-thread-1] INFO  storage.RaftStorageDirectory (RaftStorageDirectory.java:tryLock(328)) - Lock on /workdir/hadoop-ozone/tools/target/test-dir/MiniOzoneClusterImpl-86256be1-a8a6-428e-b2d3-bd155870efd4/datanode-3/data/ratis/bb1f8c7e-ff32-483b-8f03-770f0e73b7f1/in_use.lock acquired by nodename 14062@pr-hdds-1569-wvzgm-824869521
2019-09-26 11:00:39,345 [pool-57-thread-1] INFO  storage.RaftStorage (RaftStorage.java:format(72)) - Storage directory /workdir/hadoop-ozone/tools/target/test-dir/MiniOzoneClusterImpl-86256be1-a8a6-428e-b2d3-bd155870efd4/datanode-3/data/ratis/bb1f8c7e-ff32-483b-8f03-770f0e73b7f1 has been successfully formatted.
2019-09-26 11:00:39,346 [pool-57-thread-1] INFO  ratis.ContainerStateMachine (ContainerStateMachine.java:loadSnapshot(230)) - group-770F0E73B7F1: The snapshot info is null. Setting the last applied indexto:(t:0, i:~)
2019-09-26 11:00:39,346 [pool-57-thread-1] INFO  server.RaftServerConfigKeys (ConfUtils.java:logGet(43)) - raft.server.notification.no-leader.timeout = 120s (custom)
2019-09-26 11:00:39,346 [pool-57-thread-1] INFO  server.RaftServerConfigKeys (ConfUtils.java:logGet(43)) - raft.server.log.use.memory = false (default)
2019-09-26 11:00:39,346 [pool-57-thread-1] INFO  server.RaftServerConfigKeys (ConfUtils.java:logGet(43)) - raft.server.log.purge.gap = 1000000 (custom)
2019-09-26 11:00:39,346 [pool-57-thread-1] INFO  server.RaftServerConfigKeys (ConfUtils.java:logGet(43)) - raft.server.log.appender.buffer.byte-limit = 33554432 (custom)
2019-09-26 11:00:39,347 [pool-57-thread-1] INFO  server.RaftServerConfigKeys (ConfUtils.java:logGet(43)) - raft.server.log.segment.size.max = 1048576 (custom)
2019-09-26 11:00:39,347 [pool-57-thread-1] INFO  server.RaftServerConfigKeys (ConfUtils.java:logGet(43)) - raft.server.log.segment.cache.num.max = 2 (custom)
2019-09-26 11:00:39,347 [pool-57-thread-1] INFO  segmented.SegmentedRaftLogWorker (SegmentedRaftLogWorker.java:<init>(172)) - new 77948620-7a50-4d08-820b-4684d575a259@group-770F0E73B7F1-SegmentedRaftLogWorker for RaftStorage:Storage Directory /workdir/hadoop-ozone/tools/target/test-dir/MiniOzoneClusterImpl-86256be1-a8a6-428e-b2d3-bd155870efd4/datanode-3/data/ratis/bb1f8c7e-ff32-483b-8f03-770f0e73b7f1
2019-09-26 11:00:39,347 [pool-57-thread-1] INFO  server.RaftServerConfigKeys (ConfUtils.java:logGet(43)) - raft.server.log.queue.byte-limit = 2147483647 (custom)
2019-09-26 11:00:39,347 [pool-57-thread-1] INFO  server.RaftServerConfigKeys (ConfUtils.java:logGet(43)) - raft.server.log.queue.element-limit = 1024 (custom)
2019-09-26 11:00:39,347 [pool-57-thread-1] INFO  server.RaftServerConfigKeys (ConfUtils.java:logGet(43)) - raft.server.log.segment.size.max = 1048576 (custom)
2019-09-26 11:00:39,348 [pool-57-thread-1] INFO  server.RaftServerConfigKeys (ConfUtils.java:logGet(43)) - raft.server.log.preallocated.size = 16384 (custom)
2019-09-26 11:00:39,348 [pool-57-thread-1] INFO  server.RaftServerConfigKeys (ConfUtils.java:logGet(43)) - raft.server.log.write.buffer.size = 33554432 (custom)
2019-09-26 11:00:39,348 [pool-57-thread-1] INFO  server.RaftServerConfigKeys (ConfUtils.java:logGet(43)) - raft.server.log.force.sync.num = 128 (default)
2019-09-26 11:00:39,348 [pool-57-thread-1] INFO  server.RaftServerConfigKeys (ConfUtils.java:logGet(43)) - raft.server.log.statemachine.data.sync = true (default)
2019-09-26 11:00:39,348 [pool-57-thread-1] INFO  server.RaftServerConfigKeys (ConfUtils.java:logGet(43)) - raft.server.log.statemachine.data.sync.timeout = 10s (default)
2019-09-26 11:00:39,349 [pool-57-thread-1] INFO  server.RaftServerConfigKeys (ConfUtils.java:logGet(43)) - raft.server.log.statemachine.data.sync.timeout.retry = -1 (default)
2019-09-26 11:00:39,349 [pool-57-thread-1] INFO  server.RaftServerConfigKeys (ConfUtils.java:logGet(43)) - raft.server.log.statemachine.data.caching.enabled = true (custom)
2019-09-26 11:00:39,349 [pool-57-thread-1] INFO  segmented.SegmentedRaftLogWorker (SegmentedRaftLogWorker.java:lambda$new$0(132)) - 77948620-7a50-4d08-820b-4684d575a259@group-770F0E73B7F1-SegmentedRaftLogWorker: flushIndex: setUnconditionally 0 -> -1
2019-09-26 11:00:39,349 [pool-57-thread-1] INFO  server.RaftServerConfigKeys (ConfUtils.java:logGet(43)) - raft.server.snapshot.auto.trigger.enabled = true (custom)
2019-09-26 11:00:39,350 [pool-57-thread-1] INFO  server.RaftServerConfigKeys (ConfUtils.java:logGet(43)) - raft.server.snapshot.auto.trigger.threshold = 10000 (custom)
2019-09-26 11:00:39,350 [pool-57-thread-1] INFO  server.RaftServerConfigKeys (ConfUtils.java:logGet(43)) - raft.server.snapshot.retention.num.files = 5 (custom)
2019-09-26 11:00:39,350 [pool-57-thread-1] INFO  server.RaftServerConfigKeys (ConfUtils.java:logGet(43)) - raft.server.retrycache.expirytime = 600000ms (custom)
2019-09-26 11:00:39,353 [pool-57-thread-1] INFO  impl.RaftServerImpl (RaftServerImpl.java:start(185)) - 77948620-7a50-4d08-820b-4684d575a259@group-770F0E73B7F1: start as a follower, conf=-1: [77948620-7a50-4d08-820b-4684d575a259:192.168.30.13:38063], old=null
2019-09-26 11:00:39,353 [pool-57-thread-1] INFO  impl.RaftServerImpl (RaftServerImpl.java:setRole(174)) - 77948620-7a50-4d08-820b-4684d575a259@group-770F0E73B7F1: changes role from      null to FOLLOWER at term 0 for startAsFollower
2019-09-26 11:00:39,354 [pool-57-thread-1] INFO  impl.RoleInfo (RoleInfo.java:updateAndGet(143)) - 77948620-7a50-4d08-820b-4684d575a259: start FollowerState
2019-09-26 11:00:39,354 [pool-57-thread-1] INFO  util.JmxRegister (JmxRegister.java:tryRegister(44)) - Successfully registered JMX Bean with object name Ratis:service=RaftServer,group=group-770F0E73B7F1,id=77948620-7a50-4d08-820b-4684d575a259
2019-09-26 11:00:39,363 [RatisPipelineUtilsThread] INFO  pipeline.PipelineStateManager (PipelineStateManager.java:addPipeline(56)) - Created pipeline Pipeline[ Id: bb1f8c7e-ff32-483b-8f03-770f0e73b7f1, Nodes: 77948620-7a50-4d08-820b-4684d575a259{ip: 192.168.30.13, host: pr-hdds-1569-wvzgm-824869521, networkLocation: /default-rack, certSerialId: null}, Type:RATIS, Factor:ONE, State:OPEN]
2019-09-26 11:00:39,376 [grpc-default-executor-0] INFO  impl.RaftServerProxy (RaftServerProxy.java:addNew(89)) - bfc6808e-e12b-4ff8-8ebc-28d07afe8d0b: addNew group-5BE7E51374F5:[bfc6808e-e12b-4ff8-8ebc-28d07afe8d0b:192.168.30.13:46368] returns group-5BE7E51374F5:java.util.concurrent.CompletableFuture@3c25dfa7[Not completed]
2019-09-26 11:00:39,378 [pool-27-thread-1] INFO  impl.RaftServerImpl (RaftServerImpl.java:<init>(95)) - bfc6808e-e12b-4ff8-8ebc-28d07afe8d0b: new RaftServerImpl for group-5BE7E51374F5:[bfc6808e-e12b-4ff8-8ebc-28d07afe8d0b:192.168.30.13:46368] with ContainerStateMachine:uninitialized
2019-09-26 11:00:39,378 [pool-27-thread-1] INFO  server.RaftServerConfigKeys (ConfUtils.java:logGet(43)) - raft.server.rpc.timeout.min = 5s (custom)
2019-09-26 11:00:39,379 [pool-27-thread-1] INFO  server.RaftServerConfigKeys (ConfUtils.java:logGet(43)) - raft.server.rpc.timeout.max = 5200ms (custom)
2019-09-26 11:00:39,379 [pool-27-thread-1] INFO  server.RaftServerConfigKeys (ConfUtils.java:logGet(43)) - raft.server.rpcslowness.timeout = 120s (custom)
2019-09-26 11:00:39,379 [pool-27-thread-1] INFO  server.RaftServerConfigKeys (ConfUtils.java:logGet(43)) - raft.server.sleep.deviation.threshold = 300 (default)
2019-09-26 11:00:39,379 [pool-27-thread-1] INFO  server.RaftServerConfigKeys (ConfUtils.java:logGet(43)) - raft.server.log.appender.install.snapshot.enabled = false (custom)
2019-09-26 11:00:39,379 [pool-27-thread-1] INFO  impl.RaftServerImpl (ServerState.java:<init>(103)) - bfc6808e-e12b-4ff8-8ebc-28d07afe8d0b@group-5BE7E51374F5: ConfigurationManager, init=-1: [bfc6808e-e12b-4ff8-8ebc-28d07afe8d0b:192.168.30.13:46368], old=null, confs=<EMPTY_MAP>
2019-09-26 11:00:39,381 [pool-27-thread-1] INFO  server.RaftServerConfigKeys (ConfUtils.java:logGet(43)) - raft.server.storage.dir = [/workdir/hadoop-ozone/tools/target/test-dir/MiniOzoneClusterImpl-86256be1-a8a6-428e-b2d3-bd155870efd4/datanode-0/data/ratis] (custom)
2019-09-26 11:00:39,381 [pool-27-thread-1] INFO  storage.RaftStorageDirectory (RaftStorageDirectory.java:analyzeStorage(246)) - The storage directory /workdir/hadoop-ozone/tools/target/test-dir/MiniOzoneClusterImpl-86256be1-a8a6-428e-b2d3-bd155870efd4/datanode-0/data/ratis/c156e8c9-039a-4459-92d3-5be7e51374f5 does not exist. Creating ...
2019-09-26 11:00:39,395 [pool-27-thread-1] INFO  storage.RaftStorageDirectory (RaftStorageDirectory.java:tryLock(328)) - Lock on /workdir/hadoop-ozone/tools/target/test-dir/MiniOzoneClusterImpl-86256be1-a8a6-428e-b2d3-bd155870efd4/datanode-0/data/ratis/c156e8c9-039a-4459-92d3-5be7e51374f5/in_use.lock acquired by nodename 14062@pr-hdds-1569-wvzgm-824869521
2019-09-26 11:00:39,414 [pool-27-thread-1] INFO  storage.RaftStorage (RaftStorage.java:format(72)) - Storage directory /workdir/hadoop-ozone/tools/target/test-dir/MiniOzoneClusterImpl-86256be1-a8a6-428e-b2d3-bd155870efd4/datanode-0/data/ratis/c156e8c9-039a-4459-92d3-5be7e51374f5 has been successfully formatted.
2019-09-26 11:00:39,415 [pool-27-thread-1] INFO  ratis.ContainerStateMachine (ContainerStateMachine.java:loadSnapshot(230)) - group-5BE7E51374F5: The snapshot info is null. Setting the last applied indexto:(t:0, i:~)
2019-09-26 11:00:39,415 [pool-27-thread-1] INFO  server.RaftServerConfigKeys (ConfUtils.java:logGet(43)) - raft.server.notification.no-leader.timeout = 120s (custom)
2019-09-26 11:00:39,415 [pool-27-thread-1] INFO  server.RaftServerConfigKeys (ConfUtils.java:logGet(43)) - raft.server.log.use.memory = false (default)
2019-09-26 11:00:39,415 [pool-27-thread-1] INFO  server.RaftServerConfigKeys (ConfUtils.java:logGet(43)) - raft.server.log.purge.gap = 1000000 (custom)
2019-09-26 11:00:39,416 [pool-27-thread-1] INFO  server.RaftServerConfigKeys (ConfUtils.java:logGet(43)) - raft.server.log.appender.buffer.byte-limit = 33554432 (custom)
2019-09-26 11:00:39,416 [pool-27-thread-1] INFO  server.RaftServerConfigKeys (ConfUtils.java:logGet(43)) - raft.server.log.segment.size.max = 1048576 (custom)
2019-09-26 11:00:39,416 [pool-27-thread-1] INFO  server.RaftServerConfigKeys (ConfUtils.java:logGet(43)) - raft.server.log.segment.cache.num.max = 2 (custom)
2019-09-26 11:00:39,416 [pool-27-thread-1] INFO  segmented.SegmentedRaftLogWorker (SegmentedRaftLogWorker.java:<init>(172)) - new bfc6808e-e12b-4ff8-8ebc-28d07afe8d0b@group-5BE7E51374F5-SegmentedRaftLogWorker for RaftStorage:Storage Directory /workdir/hadoop-ozone/tools/target/test-dir/MiniOzoneClusterImpl-86256be1-a8a6-428e-b2d3-bd155870efd4/datanode-0/data/ratis/c156e8c9-039a-4459-92d3-5be7e51374f5
2019-09-26 11:00:39,416 [pool-27-thread-1] INFO  server.RaftServerConfigKeys (ConfUtils.java:logGet(43)) - raft.server.log.queue.byte-limit = 2147483647 (custom)
2019-09-26 11:00:39,417 [pool-27-thread-1] INFO  server.RaftServerConfigKeys (ConfUtils.java:logGet(43)) - raft.server.log.queue.element-limit = 1024 (custom)
2019-09-26 11:00:39,417 [pool-27-thread-1] INFO  server.RaftServerConfigKeys (ConfUtils.java:logGet(43)) - raft.server.log.segment.size.max = 1048576 (custom)
2019-09-26 11:00:39,417 [pool-27-thread-1] INFO  server.RaftServerConfigKeys (ConfUtils.java:logGet(43)) - raft.server.log.preallocated.size = 16384 (custom)
2019-09-26 11:00:39,417 [pool-27-thread-1] INFO  server.RaftServerConfigKeys (ConfUtils.java:logGet(43)) - raft.server.log.write.buffer.size = 33554432 (custom)
2019-09-26 11:00:39,417 [pool-27-thread-1] INFO  server.RaftServerConfigKeys (ConfUtils.java:logGet(43)) - raft.server.log.force.sync.num = 128 (default)
2019-09-26 11:00:39,418 [pool-27-thread-1] INFO  server.RaftServerConfigKeys (ConfUtils.java:logGet(43)) - raft.server.log.statemachine.data.sync = true (default)
2019-09-26 11:00:39,418 [pool-27-thread-1] INFO  server.RaftServerConfigKeys (ConfUtils.java:logGet(43)) - raft.server.log.statemachine.data.sync.timeout = 10s (default)
2019-09-26 11:00:39,418 [pool-27-thread-1] INFO  server.RaftServerConfigKeys (ConfUtils.java:logGet(43)) - raft.server.log.statemachine.data.sync.timeout.retry = -1 (default)
2019-09-26 11:00:39,418 [pool-27-thread-1] INFO  server.RaftServerConfigKeys (ConfUtils.java:logGet(43)) - raft.server.log.statemachine.data.caching.enabled = true (custom)
2019-09-26 11:00:39,419 [pool-27-thread-1] INFO  segmented.SegmentedRaftLogWorker (SegmentedRaftLogWorker.java:lambda$new$0(132)) - bfc6808e-e12b-4ff8-8ebc-28d07afe8d0b@group-5BE7E51374F5-SegmentedRaftLogWorker: flushIndex: setUnconditionally 0 -> -1
2019-09-26 11:00:39,419 [pool-27-thread-1] INFO  server.RaftServerConfigKeys (ConfUtils.java:logGet(43)) - raft.server.snapshot.auto.trigger.enabled = true (custom)
2019-09-26 11:00:39,419 [pool-27-thread-1] INFO  server.RaftServerConfigKeys (ConfUtils.java:logGet(43)) - raft.server.snapshot.auto.trigger.threshold = 10000 (custom)
2019-09-26 11:00:39,419 [pool-27-thread-1] INFO  server.RaftServerConfigKeys (ConfUtils.java:logGet(43)) - raft.server.snapshot.retention.num.files = 5 (custom)
2019-09-26 11:00:39,420 [pool-27-thread-1] INFO  server.RaftServerConfigKeys (ConfUtils.java:logGet(43)) - raft.server.retrycache.expirytime = 600000ms (custom)
2019-09-26 11:00:39,423 [pool-27-thread-1] INFO  impl.RaftServerImpl (RaftServerImpl.java:start(185)) - bfc6808e-e12b-4ff8-8ebc-28d07afe8d0b@group-5BE7E51374F5: start as a follower, conf=-1: [bfc6808e-e12b-4ff8-8ebc-28d07afe8d0b:192.168.30.13:46368], old=null
2019-09-26 11:00:39,424 [pool-27-thread-1] INFO  impl.RaftServerImpl (RaftServerImpl.java:setRole(174)) - bfc6808e-e12b-4ff8-8ebc-28d07afe8d0b@group-5BE7E51374F5: changes role from      null to FOLLOWER at term 0 for startAsFollower
2019-09-26 11:00:39,424 [pool-27-thread-1] INFO  impl.RoleInfo (RoleInfo.java:updateAndGet(143)) - bfc6808e-e12b-4ff8-8ebc-28d07afe8d0b: start FollowerState
2019-09-26 11:00:39,424 [pool-27-thread-1] INFO  util.JmxRegister (JmxRegister.java:tryRegister(44)) - Successfully registered JMX Bean with object name Ratis:service=RaftServer,group=group-5BE7E51374F5,id=bfc6808e-e12b-4ff8-8ebc-28d07afe8d0b
2019-09-26 11:00:39,434 [RatisPipelineUtilsThread] INFO  pipeline.PipelineStateManager (PipelineStateManager.java:addPipeline(56)) - Created pipeline Pipeline[ Id: c156e8c9-039a-4459-92d3-5be7e51374f5, Nodes: bfc6808e-e12b-4ff8-8ebc-28d07afe8d0b{ip: 192.168.30.13, host: pr-hdds-1569-wvzgm-824869521, networkLocation: /default-rack, certSerialId: null}, Type:RATIS, Factor:ONE, State:OPEN]
2019-09-26 11:00:39,448 [grpc-default-executor-0] INFO  impl.RaftServerProxy (RaftServerProxy.java:addNew(89)) - 77948620-7a50-4d08-820b-4684d575a259: addNew group-942B243134C6:[77948620-7a50-4d08-820b-4684d575a259:192.168.30.13:38063] returns group-942B243134C6:java.util.concurrent.CompletableFuture@48097c00[Not completed]
2019-09-26 11:00:39,450 [pool-57-thread-1] INFO  impl.RaftServerImpl (RaftServerImpl.java:<init>(95)) - 77948620-7a50-4d08-820b-4684d575a259: new RaftServerImpl for group-942B243134C6:[77948620-7a50-4d08-820b-4684d575a259:192.168.30.13:38063] with ContainerStateMachine:uninitialized
2019-09-26 11:00:39,450 [pool-57-thread-1] INFO  server.RaftServerConfigKeys (ConfUtils.java:logGet(43)) - raft.server.rpc.timeout.min = 5s (custom)
2019-09-26 11:00:39,450 [pool-57-thread-1] INFO  server.RaftServerConfigKeys (ConfUtils.java:logGet(43)) - raft.server.rpc.timeout.max = 5200ms (custom)
2019-09-26 11:00:39,450 [pool-57-thread-1] INFO  server.RaftServerConfigKeys (ConfUtils.java:logGet(43)) - raft.server.rpcslowness.timeout = 120s (custom)
2019-09-26 11:00:39,451 [pool-57-thread-1] INFO  server.RaftServerConfigKeys (ConfUtils.java:logGet(43)) - raft.server.sleep.deviation.threshold = 300 (default)
2019-09-26 11:00:39,451 [pool-57-thread-1] INFO  server.RaftServerConfigKeys (ConfUtils.java:logGet(43)) - raft.server.log.appender.install.snapshot.enabled = false (custom)
2019-09-26 11:00:39,451 [pool-57-thread-1] INFO  impl.RaftServerImpl (ServerState.java:<init>(103)) - 77948620-7a50-4d08-820b-4684d575a259@group-942B243134C6: ConfigurationManager, init=-1: [77948620-7a50-4d08-820b-4684d575a259:192.168.30.13:38063], old=null, confs=<EMPTY_MAP>
2019-09-26 11:00:39,451 [pool-57-thread-1] INFO  server.RaftServerConfigKeys (ConfUtils.java:logGet(43)) - raft.server.storage.dir = [/workdir/hadoop-ozone/tools/target/test-dir/MiniOzoneClusterImpl-86256be1-a8a6-428e-b2d3-bd155870efd4/datanode-3/data/ratis] (custom)
2019-09-26 11:00:39,452 [pool-57-thread-1] INFO  storage.RaftStorageDirectory (RaftStorageDirectory.java:analyzeStorage(246)) - The storage directory /workdir/hadoop-ozone/tools/target/test-dir/MiniOzoneClusterImpl-86256be1-a8a6-428e-b2d3-bd155870efd4/datanode-3/data/ratis/552d5888-9edf-4d10-bb7f-942b243134c6 does not exist. Creating ...
2019-09-26 11:00:39,464 [pool-57-thread-1] INFO  storage.RaftStorageDirectory (RaftStorageDirectory.java:tryLock(328)) - Lock on /workdir/hadoop-ozone/tools/target/test-dir/MiniOzoneClusterImpl-86256be1-a8a6-428e-b2d3-bd155870efd4/datanode-3/data/ratis/552d5888-9edf-4d10-bb7f-942b243134c6/in_use.lock acquired by nodename 14062@pr-hdds-1569-wvzgm-824869521
2019-09-26 11:00:39,479 [pool-57-thread-1] INFO  storage.RaftStorage (RaftStorage.java:format(72)) - Storage directory /workdir/hadoop-ozone/tools/target/test-dir/MiniOzoneClusterImpl-86256be1-a8a6-428e-b2d3-bd155870efd4/datanode-3/data/ratis/552d5888-9edf-4d10-bb7f-942b243134c6 has been successfully formatted.
2019-09-26 11:00:39,479 [pool-57-thread-1] INFO  ratis.ContainerStateMachine (ContainerStateMachine.java:loadSnapshot(230)) - group-942B243134C6: The snapshot info is null. Setting the last applied indexto:(t:0, i:~)
2019-09-26 11:00:39,480 [pool-57-thread-1] INFO  server.RaftServerConfigKeys (ConfUtils.java:logGet(43)) - raft.server.notification.no-leader.timeout = 120s (custom)
2019-09-26 11:00:39,480 [pool-57-thread-1] INFO  server.RaftServerConfigKeys (ConfUtils.java:logGet(43)) - raft.server.log.use.memory = false (default)
2019-09-26 11:00:39,480 [pool-57-thread-1] INFO  server.RaftServerConfigKeys (ConfUtils.java:logGet(43)) - raft.server.log.purge.gap = 1000000 (custom)
2019-09-26 11:00:39,480 [pool-57-thread-1] INFO  server.RaftServerConfigKeys (ConfUtils.java:logGet(43)) - raft.server.log.appender.buffer.byte-limit = 33554432 (custom)
2019-09-26 11:00:39,480 [pool-57-thread-1] INFO  server.RaftServerConfigKeys (ConfUtils.java:logGet(43)) - raft.server.log.segment.size.max = 1048576 (custom)
2019-09-26 11:00:39,481 [pool-57-thread-1] INFO  server.RaftServerConfigKeys (ConfUtils.java:logGet(43)) - raft.server.log.segment.cache.num.max = 2 (custom)
2019-09-26 11:00:39,481 [pool-57-thread-1] INFO  segmented.SegmentedRaftLogWorker (SegmentedRaftLogWorker.java:<init>(172)) - new 77948620-7a50-4d08-820b-4684d575a259@group-942B243134C6-SegmentedRaftLogWorker for RaftStorage:Storage Directory /workdir/hadoop-ozone/tools/target/test-dir/MiniOzoneClusterImpl-86256be1-a8a6-428e-b2d3-bd155870efd4/datanode-3/data/ratis/552d5888-9edf-4d10-bb7f-942b243134c6
2019-09-26 11:00:39,481 [pool-57-thread-1] INFO  server.RaftServerConfigKeys (ConfUtils.java:logGet(43)) - raft.server.log.queue.byte-limit = 2147483647 (custom)
2019-09-26 11:00:39,481 [pool-57-thread-1] INFO  server.RaftServerConfigKeys (ConfUtils.java:logGet(43)) - raft.server.log.queue.element-limit = 1024 (custom)
2019-09-26 11:00:39,481 [pool-57-thread-1] INFO  server.RaftServerConfigKeys (ConfUtils.java:logGet(43)) - raft.server.log.segment.size.max = 1048576 (custom)
2019-09-26 11:00:39,482 [pool-57-thread-1] INFO  server.RaftServerConfigKeys (ConfUtils.java:logGet(43)) - raft.server.log.preallocated.size = 16384 (custom)
2019-09-26 11:00:39,482 [pool-57-thread-1] INFO  server.RaftServerConfigKeys (ConfUtils.java:logGet(43)) - raft.server.log.write.buffer.size = 33554432 (custom)
2019-09-26 11:00:39,482 [pool-57-thread-1] INFO  server.RaftServerConfigKeys (ConfUtils.java:logGet(43)) - raft.server.log.force.sync.num = 128 (default)
2019-09-26 11:00:39,482 [pool-57-thread-1] INFO  server.RaftServerConfigKeys (ConfUtils.java:logGet(43)) - raft.server.log.statemachine.data.sync = true (default)
2019-09-26 11:00:39,482 [pool-57-thread-1] INFO  server.RaftServerConfigKeys (ConfUtils.java:logGet(43)) - raft.server.log.statemachine.data.sync.timeout = 10s (default)
2019-09-26 11:00:39,483 [pool-57-thread-1] INFO  server.RaftServerConfigKeys (ConfUtils.java:logGet(43)) - raft.server.log.statemachine.data.sync.timeout.retry = -1 (default)
2019-09-26 11:00:39,483 [pool-57-thread-1] INFO  server.RaftServerConfigKeys (ConfUtils.java:logGet(43)) - raft.server.log.statemachine.data.caching.enabled = true (custom)
2019-09-26 11:00:39,483 [pool-57-thread-1] INFO  segmented.SegmentedRaftLogWorker (SegmentedRaftLogWorker.java:lambda$new$0(132)) - 77948620-7a50-4d08-820b-4684d575a259@group-942B243134C6-SegmentedRaftLogWorker: flushIndex: setUnconditionally 0 -> -1
2019-09-26 11:00:39,484 [pool-57-thread-1] INFO  server.RaftServerConfigKeys (ConfUtils.java:logGet(43)) - raft.server.snapshot.auto.trigger.enabled = true (custom)
2019-09-26 11:00:39,484 [pool-57-thread-1] INFO  server.RaftServerConfigKeys (ConfUtils.java:logGet(43)) - raft.server.snapshot.auto.trigger.threshold = 10000 (custom)
2019-09-26 11:00:39,484 [pool-57-thread-1] INFO  server.RaftServerConfigKeys (ConfUtils.java:logGet(43)) - raft.server.snapshot.retention.num.files = 5 (custom)
2019-09-26 11:00:39,486 [pool-57-thread-1] INFO  server.RaftServerConfigKeys (ConfUtils.java:logGet(43)) - raft.server.retrycache.expirytime = 600000ms (custom)
2019-09-26 11:00:39,490 [pool-57-thread-1] INFO  impl.RaftServerImpl (RaftServerImpl.java:start(185)) - 77948620-7a50-4d08-820b-4684d575a259@group-942B243134C6: start as a follower, conf=-1: [77948620-7a50-4d08-820b-4684d575a259:192.168.30.13:38063], old=null
2019-09-26 11:00:39,490 [pool-57-thread-1] INFO  impl.RaftServerImpl (RaftServerImpl.java:setRole(174)) - 77948620-7a50-4d08-820b-4684d575a259@group-942B243134C6: changes role from      null to FOLLOWER at term 0 for startAsFollower
2019-09-26 11:00:39,490 [pool-57-thread-1] INFO  impl.RoleInfo (RoleInfo.java:updateAndGet(143)) - 77948620-7a50-4d08-820b-4684d575a259: start FollowerState
2019-09-26 11:00:39,491 [pool-57-thread-1] INFO  util.JmxRegister (JmxRegister.java:tryRegister(44)) - Successfully registered JMX Bean with object name Ratis:service=RaftServer,group=group-942B243134C6,id=77948620-7a50-4d08-820b-4684d575a259
2019-09-26 11:00:39,502 [RatisPipelineUtilsThread] INFO  pipeline.PipelineStateManager (PipelineStateManager.java:addPipeline(56)) - Created pipeline Pipeline[ Id: 552d5888-9edf-4d10-bb7f-942b243134c6, Nodes: 77948620-7a50-4d08-820b-4684d575a259{ip: 192.168.30.13, host: pr-hdds-1569-wvzgm-824869521, networkLocation: /default-rack, certSerialId: null}, Type:RATIS, Factor:ONE, State:OPEN]
2019-09-26 11:00:39,515 [grpc-default-executor-0] INFO  impl.RaftServerProxy (RaftServerProxy.java:addNew(89)) - c2a282d4-c040-416d-9ee6-85fb672e92c4: addNew group-24182C04E902:[c2a282d4-c040-416d-9ee6-85fb672e92c4:192.168.30.13:41516] returns group-24182C04E902:java.util.concurrent.CompletableFuture@26c5e45f[Not completed]
2019-09-26 11:00:39,518 [pool-37-thread-1] INFO  impl.RaftServerImpl (RaftServerImpl.java:<init>(95)) - c2a282d4-c040-416d-9ee6-85fb672e92c4: new RaftServerImpl for group-24182C04E902:[c2a282d4-c040-416d-9ee6-85fb672e92c4:192.168.30.13:41516] with ContainerStateMachine:uninitialized
2019-09-26 11:00:39,520 [pool-37-thread-1] INFO  server.RaftServerConfigKeys (ConfUtils.java:logGet(43)) - raft.server.rpc.timeout.min = 5s (custom)
2019-09-26 11:00:39,520 [pool-37-thread-1] INFO  server.RaftServerConfigKeys (ConfUtils.java:logGet(43)) - raft.server.rpc.timeout.max = 5200ms (custom)
2019-09-26 11:00:39,520 [pool-37-thread-1] INFO  server.RaftServerConfigKeys (ConfUtils.java:logGet(43)) - raft.server.rpcslowness.timeout = 120s (custom)
2019-09-26 11:00:39,520 [pool-37-thread-1] INFO  server.RaftServerConfigKeys (ConfUtils.java:logGet(43)) - raft.server.sleep.deviation.threshold = 300 (default)
2019-09-26 11:00:39,521 [pool-37-thread-1] INFO  server.RaftServerConfigKeys (ConfUtils.java:logGet(43)) - raft.server.log.appender.install.snapshot.enabled = false (custom)
2019-09-26 11:00:39,521 [pool-37-thread-1] INFO  impl.RaftServerImpl (ServerState.java:<init>(103)) - c2a282d4-c040-416d-9ee6-85fb672e92c4@group-24182C04E902: ConfigurationManager, init=-1: [c2a282d4-c040-416d-9ee6-85fb672e92c4:192.168.30.13:41516], old=null, confs=<EMPTY_MAP>
2019-09-26 11:00:39,522 [pool-37-thread-1] INFO  server.RaftServerConfigKeys (ConfUtils.java:logGet(43)) - raft.server.storage.dir = [/workdir/hadoop-ozone/tools/target/test-dir/MiniOzoneClusterImpl-86256be1-a8a6-428e-b2d3-bd155870efd4/datanode-1/data/ratis] (custom)
2019-09-26 11:00:39,523 [pool-37-thread-1] INFO  storage.RaftStorageDirectory (RaftStorageDirectory.java:analyzeStorage(246)) - The storage directory /workdir/hadoop-ozone/tools/target/test-dir/MiniOzoneClusterImpl-86256be1-a8a6-428e-b2d3-bd155870efd4/datanode-1/data/ratis/e5b5e823-1809-4977-823e-24182c04e902 does not exist. Creating ...
2019-09-26 11:00:39,538 [pool-37-thread-1] INFO  storage.RaftStorageDirectory (RaftStorageDirectory.java:tryLock(328)) - Lock on /workdir/hadoop-ozone/tools/target/test-dir/MiniOzoneClusterImpl-86256be1-a8a6-428e-b2d3-bd155870efd4/datanode-1/data/ratis/e5b5e823-1809-4977-823e-24182c04e902/in_use.lock acquired by nodename 14062@pr-hdds-1569-wvzgm-824869521
2019-09-26 11:00:39,551 [pool-37-thread-1] INFO  storage.RaftStorage (RaftStorage.java:format(72)) - Storage directory /workdir/hadoop-ozone/tools/target/test-dir/MiniOzoneClusterImpl-86256be1-a8a6-428e-b2d3-bd155870efd4/datanode-1/data/ratis/e5b5e823-1809-4977-823e-24182c04e902 has been successfully formatted.
2019-09-26 11:00:39,552 [pool-37-thread-1] INFO  ratis.ContainerStateMachine (ContainerStateMachine.java:loadSnapshot(230)) - group-24182C04E902: The snapshot info is null. Setting the last applied indexto:(t:0, i:~)
2019-09-26 11:00:39,552 [pool-37-thread-1] INFO  server.RaftServerConfigKeys (ConfUtils.java:logGet(43)) - raft.server.notification.no-leader.timeout = 120s (custom)
2019-09-26 11:00:39,552 [pool-37-thread-1] INFO  server.RaftServerConfigKeys (ConfUtils.java:logGet(43)) - raft.server.log.use.memory = false (default)
2019-09-26 11:00:39,552 [pool-37-thread-1] INFO  server.RaftServerConfigKeys (ConfUtils.java:logGet(43)) - raft.server.log.purge.gap = 1000000 (custom)
2019-09-26 11:00:39,553 [pool-37-thread-1] INFO  server.RaftServerConfigKeys (ConfUtils.java:logGet(43)) - raft.server.log.appender.buffer.byte-limit = 33554432 (custom)
2019-09-26 11:00:39,553 [pool-37-thread-1] INFO  server.RaftServerConfigKeys (ConfUtils.java:logGet(43)) - raft.server.log.segment.size.max = 1048576 (custom)
2019-09-26 11:00:39,553 [pool-37-thread-1] INFO  server.RaftServerConfigKeys (ConfUtils.java:logGet(43)) - raft.server.log.segment.cache.num.max = 2 (custom)
2019-09-26 11:00:39,553 [pool-37-thread-1] INFO  segmented.SegmentedRaftLogWorker (SegmentedRaftLogWorker.java:<init>(172)) - new c2a282d4-c040-416d-9ee6-85fb672e92c4@group-24182C04E902-SegmentedRaftLogWorker for RaftStorage:Storage Directory /workdir/hadoop-ozone/tools/target/test-dir/MiniOzoneClusterImpl-86256be1-a8a6-428e-b2d3-bd155870efd4/datanode-1/data/ratis/e5b5e823-1809-4977-823e-24182c04e902
2019-09-26 11:00:39,554 [pool-37-thread-1] INFO  server.RaftServerConfigKeys (ConfUtils.java:logGet(43)) - raft.server.log.queue.byte-limit = 2147483647 (custom)
2019-09-26 11:00:39,554 [pool-37-thread-1] INFO  server.RaftServerConfigKeys (ConfUtils.java:logGet(43)) - raft.server.log.queue.element-limit = 1024 (custom)
2019-09-26 11:00:39,554 [pool-37-thread-1] INFO  server.RaftServerConfigKeys (ConfUtils.java:logGet(43)) - raft.server.log.segment.size.max = 1048576 (custom)
2019-09-26 11:00:39,554 [pool-37-thread-1] INFO  server.RaftServerConfigKeys (ConfUtils.java:logGet(43)) - raft.server.log.preallocated.size = 16384 (custom)
2019-09-26 11:00:39,554 [pool-37-thread-1] INFO  server.RaftServerConfigKeys (ConfUtils.java:logGet(43)) - raft.server.log.write.buffer.size = 33554432 (custom)
2019-09-26 11:00:39,555 [pool-37-thread-1] INFO  server.RaftServerConfigKeys (ConfUtils.java:logGet(43)) - raft.server.log.force.sync.num = 128 (default)
2019-09-26 11:00:39,555 [pool-37-thread-1] INFO  server.RaftServerConfigKeys (ConfUtils.java:logGet(43)) - raft.server.log.statemachine.data.sync = true (default)
2019-09-26 11:00:39,555 [pool-37-thread-1] INFO  server.RaftServerConfigKeys (ConfUtils.java:logGet(43)) - raft.server.log.statemachine.data.sync.timeout = 10s (default)
2019-09-26 11:00:39,555 [pool-37-thread-1] INFO  server.RaftServerConfigKeys (ConfUtils.java:logGet(43)) - raft.server.log.statemachine.data.sync.timeout.retry = -1 (default)
2019-09-26 11:00:39,556 [pool-37-thread-1] INFO  server.RaftServerConfigKeys (ConfUtils.java:logGet(43)) - raft.server.log.statemachine.data.caching.enabled = true (custom)
2019-09-26 11:00:39,556 [pool-37-thread-1] INFO  segmented.SegmentedRaftLogWorker (SegmentedRaftLogWorker.java:lambda$new$0(132)) - c2a282d4-c040-416d-9ee6-85fb672e92c4@group-24182C04E902-SegmentedRaftLogWorker: flushIndex: setUnconditionally 0 -> -1
2019-09-26 11:00:39,556 [pool-37-thread-1] INFO  server.RaftServerConfigKeys (ConfUtils.java:logGet(43)) - raft.server.snapshot.auto.trigger.enabled = true (custom)
2019-09-26 11:00:39,557 [pool-37-thread-1] INFO  server.RaftServerConfigKeys (ConfUtils.java:logGet(43)) - raft.server.snapshot.auto.trigger.threshold = 10000 (custom)
2019-09-26 11:00:39,557 [pool-37-thread-1] INFO  server.RaftServerConfigKeys (ConfUtils.java:logGet(43)) - raft.server.snapshot.retention.num.files = 5 (custom)
2019-09-26 11:00:39,557 [pool-37-thread-1] INFO  server.RaftServerConfigKeys (ConfUtils.java:logGet(43)) - raft.server.retrycache.expirytime = 600000ms (custom)
2019-09-26 11:00:39,558 [main] INFO  freon.RandomKeyGenerator (RandomKeyGenerator.java:call(283)) - Number of Threads: 10
2019-09-26 11:00:39,558 [main] INFO  freon.RandomKeyGenerator (RandomKeyGenerator.java:call(288)) - Number of Volumes: 1.
2019-09-26 11:00:39,559 [main] INFO  freon.RandomKeyGenerator (RandomKeyGenerator.java:call(289)) - Number of Buckets per Volume: 1.
2019-09-26 11:00:39,559 [main] INFO  freon.RandomKeyGenerator (RandomKeyGenerator.java:call(290)) - Number of Keys per Bucket: 1.
2019-09-26 11:00:39,559 [main] INFO  freon.RandomKeyGenerator (RandomKeyGenerator.java:call(291)) - Key size: 20971520 bytes
2019-09-26 11:00:39,559 [main] INFO  freon.RandomKeyGenerator (RandomKeyGenerator.java:call(292)) - Buffer size: 4096 bytes
2019-09-26 11:00:39,559 [main] INFO  freon.RandomKeyGenerator (RandomKeyGenerator.java:call(293)) - validateWrites : false
2019-09-26 11:00:39,565 [pool-37-thread-1] INFO  impl.RaftServerImpl (RaftServerImpl.java:start(185)) - c2a282d4-c040-416d-9ee6-85fb672e92c4@group-24182C04E902: start as a follower, conf=-1: [c2a282d4-c040-416d-9ee6-85fb672e92c4:192.168.30.13:41516], old=null
2019-09-26 11:00:39,565 [pool-37-thread-1] INFO  impl.RaftServerImpl (RaftServerImpl.java:setRole(174)) - c2a282d4-c040-416d-9ee6-85fb672e92c4@group-24182C04E902: changes role from      null to FOLLOWER at term 0 for startAsFollower
2019-09-26 11:00:39,565 [main] INFO  freon.RandomKeyGenerator (RandomKeyGenerator.java:call(313)) - Starting progress bar Thread.
2019-09-26 11:00:39,566 [pool-37-thread-1] INFO  impl.RoleInfo (RoleInfo.java:updateAndGet(143)) - c2a282d4-c040-416d-9ee6-85fb672e92c4: start FollowerState

2019-09-26 11:00:39,566 [pool-37-thread-1] INFO  util.JmxRegister (JmxRegister.java:tryRegister(44)) - Successfully registered JMX Bean with object name Ratis:service=RaftServer,group=group-24182C04E902,id=c2a282d4-c040-416d-9ee6-85fb672e92c4
 0.00% |█                                                                                                    |  0/1 Time: 0:00:002019-09-26 11:00:39,574 [RatisPipelineUtilsThread] INFO  pipeline.PipelineStateManager (PipelineStateManager.java:addPipeline(56)) - Created pipeline Pipeline[ Id: e5b5e823-1809-4977-823e-24182c04e902, Nodes: c2a282d4-c040-416d-9ee6-85fb672e92c4{ip: 192.168.30.13, host: pr-hdds-1569-wvzgm-824869521, networkLocation: /default-rack, certSerialId: null}, Type:RATIS, Factor:ONE, State:OPEN]
2019-09-26 11:00:39,591 [grpc-default-executor-0] INFO  impl.RaftServerProxy (RaftServerProxy.java:addNew(89)) - 9ef131de-2cca-412b-9aef-245b2f16ad17: addNew group-1DB09DCBBF11:[9ef131de-2cca-412b-9aef-245b2f16ad17:192.168.30.13:43347] returns group-1DB09DCBBF11:java.util.concurrent.CompletableFuture@244d5306[Not completed]
2019-09-26 11:00:39,593 [pool-47-thread-1] INFO  impl.RaftServerImpl (RaftServerImpl.java:<init>(95)) - 9ef131de-2cca-412b-9aef-245b2f16ad17: new RaftServerImpl for group-1DB09DCBBF11:[9ef131de-2cca-412b-9aef-245b2f16ad17:192.168.30.13:43347] with ContainerStateMachine:uninitialized
2019-09-26 11:00:39,594 [pool-47-thread-1] INFO  server.RaftServerConfigKeys (ConfUtils.java:logGet(43)) - raft.server.rpc.timeout.min = 5s (custom)
2019-09-26 11:00:39,594 [pool-47-thread-1] INFO  server.RaftServerConfigKeys (ConfUtils.java:logGet(43)) - raft.server.rpc.timeout.max = 5200ms (custom)
2019-09-26 11:00:39,594 [pool-47-thread-1] INFO  server.RaftServerConfigKeys (ConfUtils.java:logGet(43)) - raft.server.rpcslowness.timeout = 120s (custom)
2019-09-26 11:00:39,594 [pool-47-thread-1] INFO  server.RaftServerConfigKeys (ConfUtils.java:logGet(43)) - raft.server.sleep.deviation.threshold = 300 (default)
2019-09-26 11:00:39,594 [pool-47-thread-1] INFO  server.RaftServerConfigKeys (ConfUtils.java:logGet(43)) - raft.server.log.appender.install.snapshot.enabled = false (custom)
2019-09-26 11:00:39,595 [pool-47-thread-1] INFO  impl.RaftServerImpl (ServerState.java:<init>(103)) - 9ef131de-2cca-412b-9aef-245b2f16ad17@group-1DB09DCBBF11: ConfigurationManager, init=-1: [9ef131de-2cca-412b-9aef-245b2f16ad17:192.168.30.13:43347], old=null, confs=<EMPTY_MAP>
2019-09-26 11:00:39,595 [pool-73-thread-1] INFO  rpc.RpcClient (RpcClient.java:createVolume(276)) - Creating Volume: vol-0-95117, with jenkins1000 as owner.
2019-09-26 11:00:39,595 [pool-47-thread-1] INFO  server.RaftServerConfigKeys (ConfUtils.java:logGet(43)) - raft.server.storage.dir = [/workdir/hadoop-ozone/tools/target/test-dir/MiniOzoneClusterImpl-86256be1-a8a6-428e-b2d3-bd155870efd4/datanode-2/data/ratis] (custom)
2019-09-26 11:00:39,596 [pool-47-thread-1] INFO  storage.RaftStorageDirectory (RaftStorageDirectory.java:analyzeStorage(246)) - The storage directory /workdir/hadoop-ozone/tools/target/test-dir/MiniOzoneClusterImpl-86256be1-a8a6-428e-b2d3-bd155870efd4/datanode-2/data/ratis/c5ce10ae-9302-43f7-a1ee-1db09dcbbf11 does not exist. Creating ...
2019-09-26 11:00:39,609 [pool-47-thread-1] INFO  storage.RaftStorageDirectory (RaftStorageDirectory.java:tryLock(328)) - Lock on /workdir/hadoop-ozone/tools/target/test-dir/MiniOzoneClusterImpl-86256be1-a8a6-428e-b2d3-bd155870efd4/datanode-2/data/ratis/c5ce10ae-9302-43f7-a1ee-1db09dcbbf11/in_use.lock acquired by nodename 14062@pr-hdds-1569-wvzgm-824869521
2019-09-26 11:00:39,622 [pool-47-thread-1] INFO  storage.RaftStorage (RaftStorage.java:format(72)) - Storage directory /workdir/hadoop-ozone/tools/target/test-dir/MiniOzoneClusterImpl-86256be1-a8a6-428e-b2d3-bd155870efd4/datanode-2/data/ratis/c5ce10ae-9302-43f7-a1ee-1db09dcbbf11 has been successfully formatted.
2019-09-26 11:00:39,622 [pool-47-thread-1] INFO  ratis.ContainerStateMachine (ContainerStateMachine.java:loadSnapshot(230)) - group-1DB09DCBBF11: The snapshot info is null. Setting the last applied indexto:(t:0, i:~)
2019-09-26 11:00:39,622 [pool-47-thread-1] INFO  server.RaftServerConfigKeys (ConfUtils.java:logGet(43)) - raft.server.notification.no-leader.timeout = 120s (custom)
2019-09-26 11:00:39,622 [pool-47-thread-1] INFO  server.RaftServerConfigKeys (ConfUtils.java:logGet(43)) - raft.server.log.use.memory = false (default)
2019-09-26 11:00:39,623 [pool-47-thread-1] INFO  server.RaftServerConfigKeys (ConfUtils.java:logGet(43)) - raft.server.log.purge.gap = 1000000 (custom)
2019-09-26 11:00:39,623 [pool-47-thread-1] INFO  server.RaftServerConfigKeys (ConfUtils.java:logGet(43)) - raft.server.log.appender.buffer.byte-limit = 33554432 (custom)
2019-09-26 11:00:39,623 [pool-47-thread-1] INFO  server.RaftServerConfigKeys (ConfUtils.java:logGet(43)) - raft.server.log.segment.size.max = 1048576 (custom)
2019-09-26 11:00:39,623 [pool-47-thread-1] INFO  server.RaftServerConfigKeys (ConfUtils.java:logGet(43)) - raft.server.log.segment.cache.num.max = 2 (custom)
2019-09-26 11:00:39,623 [pool-47-thread-1] INFO  segmented.SegmentedRaftLogWorker (SegmentedRaftLogWorker.java:<init>(172)) - new 9ef131de-2cca-412b-9aef-245b2f16ad17@group-1DB09DCBBF11-SegmentedRaftLogWorker for RaftStorage:Storage Directory /workdir/hadoop-ozone/tools/target/test-dir/MiniOzoneClusterImpl-86256be1-a8a6-428e-b2d3-bd155870efd4/datanode-2/data/ratis/c5ce10ae-9302-43f7-a1ee-1db09dcbbf11
2019-09-26 11:00:39,624 [pool-47-thread-1] INFO  server.RaftServerConfigKeys (ConfUtils.java:logGet(43)) - raft.server.log.queue.byte-limit = 2147483647 (custom)
2019-09-26 11:00:39,624 [pool-47-thread-1] INFO  server.RaftServerConfigKeys (ConfUtils.java:logGet(43)) - raft.server.log.queue.element-limit = 1024 (custom)
2019-09-26 11:00:39,624 [pool-47-thread-1] INFO  server.RaftServerConfigKeys (ConfUtils.java:logGet(43)) - raft.server.log.segment.size.max = 1048576 (custom)
2019-09-26 11:00:39,624 [pool-47-thread-1] INFO  server.RaftServerConfigKeys (ConfUtils.java:logGet(43)) - raft.server.log.preallocated.size = 16384 (custom)
2019-09-26 11:00:39,624 [pool-47-thread-1] INFO  server.RaftServerConfigKeys (ConfUtils.java:logGet(43)) - raft.server.log.write.buffer.size = 33554432 (custom)
2019-09-26 11:00:39,625 [pool-47-thread-1] INFO  server.RaftServerConfigKeys (ConfUtils.java:logGet(43)) - raft.server.log.force.sync.num = 128 (default)
2019-09-26 11:00:39,625 [pool-47-thread-1] INFO  server.RaftServerConfigKeys (ConfUtils.java:logGet(43)) - raft.server.log.statemachine.data.sync = true (default)
2019-09-26 11:00:39,625 [pool-47-thread-1] INFO  server.RaftServerConfigKeys (ConfUtils.java:logGet(43)) - raft.server.log.statemachine.data.sync.timeout = 10s (default)
2019-09-26 11:00:39,625 [pool-47-thread-1] INFO  server.RaftServerConfigKeys (ConfUtils.java:logGet(43)) - raft.server.log.statemachine.data.sync.timeout.retry = -1 (default)
2019-09-26 11:00:39,625 [pool-47-thread-1] INFO  server.RaftServerConfigKeys (ConfUtils.java:logGet(43)) - raft.server.log.statemachine.data.caching.enabled = true (custom)
2019-09-26 11:00:39,626 [pool-47-thread-1] INFO  segmented.SegmentedRaftLogWorker (SegmentedRaftLogWorker.java:lambda$new$0(132)) - 9ef131de-2cca-412b-9aef-245b2f16ad17@group-1DB09DCBBF11-SegmentedRaftLogWorker: flushIndex: setUnconditionally 0 -> -1
2019-09-26 11:00:39,626 [pool-47-thread-1] INFO  server.RaftServerConfigKeys (ConfUtils.java:logGet(43)) - raft.server.snapshot.auto.trigger.enabled = true (custom)
2019-09-26 11:00:39,626 [pool-47-thread-1] INFO  server.RaftServerConfigKeys (ConfUtils.java:logGet(43)) - raft.server.snapshot.auto.trigger.threshold = 10000 (custom)
2019-09-26 11:00:39,627 [pool-47-thread-1] INFO  server.RaftServerConfigKeys (ConfUtils.java:logGet(43)) - raft.server.snapshot.retention.num.files = 5 (custom)
2019-09-26 11:00:39,627 [pool-47-thread-1] INFO  server.RaftServerConfigKeys (ConfUtils.java:logGet(43)) - raft.server.retrycache.expirytime = 600000ms (custom)
2019-09-26 11:00:39,630 [pool-47-thread-1] INFO  impl.RaftServerImpl (RaftServerImpl.java:start(185)) - 9ef131de-2cca-412b-9aef-245b2f16ad17@group-1DB09DCBBF11: start as a follower, conf=-1: [9ef131de-2cca-412b-9aef-245b2f16ad17:192.168.30.13:43347], old=null
2019-09-26 11:00:39,631 [pool-47-thread-1] INFO  impl.RaftServerImpl (RaftServerImpl.java:setRole(174)) - 9ef131de-2cca-412b-9aef-245b2f16ad17@group-1DB09DCBBF11: changes role from      null to FOLLOWER at term 0 for startAsFollower
2019-09-26 11:00:39,631 [pool-47-thread-1] INFO  impl.RoleInfo (RoleInfo.java:updateAndGet(143)) - 9ef131de-2cca-412b-9aef-245b2f16ad17: start FollowerState
2019-09-26 11:00:39,631 [pool-47-thread-1] INFO  util.JmxRegister (JmxRegister.java:tryRegister(44)) - Successfully registered JMX Bean with object name Ratis:service=RaftServer,group=group-1DB09DCBBF11,id=9ef131de-2cca-412b-9aef-245b2f16ad17
2019-09-26 11:00:39,645 [RatisPipelineUtilsThread] INFO  pipeline.PipelineStateManager (PipelineStateManager.java:addPipeline(56)) - Created pipeline Pipeline[ Id: c5ce10ae-9302-43f7-a1ee-1db09dcbbf11, Nodes: 9ef131de-2cca-412b-9aef-245b2f16ad17{ip: 192.168.30.13, host: pr-hdds-1569-wvzgm-824869521, networkLocation: /default-rack, certSerialId: null}, Type:RATIS, Factor:ONE, State:OPEN]
2019-09-26 11:00:39,671 [grpc-default-executor-0] INFO  impl.RaftServerProxy (RaftServerProxy.java:addNew(89)) - 9ef131de-2cca-412b-9aef-245b2f16ad17: addNew group-0DFD52BD6541:[9ef131de-2cca-412b-9aef-245b2f16ad17:192.168.30.13:43347] returns group-0DFD52BD6541:java.util.concurrent.CompletableFuture@670a6fa3[Not completed]
2019-09-26 11:00:39,675 [pool-47-thread-1] INFO  impl.RaftServerImpl (RaftServerImpl.java:<init>(95)) - 9ef131de-2cca-412b-9aef-245b2f16ad17: new RaftServerImpl for group-0DFD52BD6541:[9ef131de-2cca-412b-9aef-245b2f16ad17:192.168.30.13:43347] with ContainerStateMachine:uninitialized
2019-09-26 11:00:39,675 [pool-47-thread-1] INFO  server.RaftServerConfigKeys (ConfUtils.java:logGet(43)) - raft.server.rpc.timeout.min = 5s (custom)
2019-09-26 11:00:39,675 [pool-47-thread-1] INFO  server.RaftServerConfigKeys (ConfUtils.java:logGet(43)) - raft.server.rpc.timeout.max = 5200ms (custom)
2019-09-26 11:00:39,675 [pool-47-thread-1] INFO  server.RaftServerConfigKeys (ConfUtils.java:logGet(43)) - raft.server.rpcslowness.timeout = 120s (custom)
2019-09-26 11:00:39,676 [pool-47-thread-1] INFO  server.RaftServerConfigKeys (ConfUtils.java:logGet(43)) - raft.server.sleep.deviation.threshold = 300 (default)
2019-09-26 11:00:39,676 [pool-47-thread-1] INFO  server.RaftServerConfigKeys (ConfUtils.java:logGet(43)) - raft.server.log.appender.install.snapshot.enabled = false (custom)
2019-09-26 11:00:39,676 [pool-47-thread-1] INFO  impl.RaftServerImpl (ServerState.java:<init>(103)) - 9ef131de-2cca-412b-9aef-245b2f16ad17@group-0DFD52BD6541: ConfigurationManager, init=-1: [9ef131de-2cca-412b-9aef-245b2f16ad17:192.168.30.13:43347], old=null, confs=<EMPTY_MAP>
2019-09-26 11:00:39,677 [pool-47-thread-1] INFO  server.RaftServerConfigKeys (ConfUtils.java:logGet(43)) - raft.server.storage.dir = [/workdir/hadoop-ozone/tools/target/test-dir/MiniOzoneClusterImpl-86256be1-a8a6-428e-b2d3-bd155870efd4/datanode-2/data/ratis] (custom)
2019-09-26 11:00:39,678 [pool-47-thread-1] INFO  storage.RaftStorageDirectory (RaftStorageDirectory.java:analyzeStorage(246)) - The storage directory /workdir/hadoop-ozone/tools/target/test-dir/MiniOzoneClusterImpl-86256be1-a8a6-428e-b2d3-bd155870efd4/datanode-2/data/ratis/940d0933-d236-474d-959a-0dfd52bd6541 does not exist. Creating ...
2019-09-26 11:00:39,688 [pool-47-thread-1] INFO  storage.RaftStorageDirectory (RaftStorageDirectory.java:tryLock(328)) - Lock on /workdir/hadoop-ozone/tools/target/test-dir/MiniOzoneClusterImpl-86256be1-a8a6-428e-b2d3-bd155870efd4/datanode-2/data/ratis/940d0933-d236-474d-959a-0dfd52bd6541/in_use.lock acquired by nodename 14062@pr-hdds-1569-wvzgm-824869521
2019-09-26 11:00:39,701 [pool-47-thread-1] INFO  storage.RaftStorage (RaftStorage.java:format(72)) - Storage directory /workdir/hadoop-ozone/tools/target/test-dir/MiniOzoneClusterImpl-86256be1-a8a6-428e-b2d3-bd155870efd4/datanode-2/data/ratis/940d0933-d236-474d-959a-0dfd52bd6541 has been successfully formatted.
2019-09-26 11:00:39,701 [pool-47-thread-1] INFO  ratis.ContainerStateMachine (ContainerStateMachine.java:loadSnapshot(230)) - group-0DFD52BD6541: The snapshot info is null. Setting the last applied indexto:(t:0, i:~)
2019-09-26 11:00:39,701 [pool-47-thread-1] INFO  server.RaftServerConfigKeys (ConfUtils.java:logGet(43)) - raft.server.notification.no-leader.timeout = 120s (custom)
2019-09-26 11:00:39,701 [pool-47-thread-1] INFO  server.RaftServerConfigKeys (ConfUtils.java:logGet(43)) - raft.server.log.use.memory = false (default)
2019-09-26 11:00:39,702 [pool-47-thread-1] INFO  server.RaftServerConfigKeys (ConfUtils.java:logGet(43)) - raft.server.log.purge.gap = 1000000 (custom)
2019-09-26 11:00:39,702 [pool-47-thread-1] INFO  server.RaftServerConfigKeys (ConfUtils.java:logGet(43)) - raft.server.log.appender.buffer.byte-limit = 33554432 (custom)
2019-09-26 11:00:39,702 [pool-47-thread-1] INFO  server.RaftServerConfigKeys (ConfUtils.java:logGet(43)) - raft.server.log.segment.size.max = 1048576 (custom)
2019-09-26 11:00:39,702 [pool-47-thread-1] INFO  server.RaftServerConfigKeys (ConfUtils.java:logGet(43)) - raft.server.log.segment.cache.num.max = 2 (custom)
2019-09-26 11:00:39,702 [pool-47-thread-1] INFO  segmented.SegmentedRaftLogWorker (SegmentedRaftLogWorker.java:<init>(172)) - new 9ef131de-2cca-412b-9aef-245b2f16ad17@group-0DFD52BD6541-SegmentedRaftLogWorker for RaftStorage:Storage Directory /workdir/hadoop-ozone/tools/target/test-dir/MiniOzoneClusterImpl-86256be1-a8a6-428e-b2d3-bd155870efd4/datanode-2/data/ratis/940d0933-d236-474d-959a-0dfd52bd6541
2019-09-26 11:00:39,703 [pool-47-thread-1] INFO  server.RaftServerConfigKeys (ConfUtils.java:logGet(43)) - raft.server.log.queue.byte-limit = 2147483647 (custom)
2019-09-26 11:00:39,703 [pool-47-thread-1] INFO  server.RaftServerConfigKeys (ConfUtils.java:logGet(43)) - raft.server.log.queue.element-limit = 1024 (custom)
2019-09-26 11:00:39,703 [pool-47-thread-1] INFO  server.RaftServerConfigKeys (ConfUtils.java:logGet(43)) - raft.server.log.segment.size.max = 1048576 (custom)
2019-09-26 11:00:39,703 [pool-47-thread-1] INFO  server.RaftServerConfigKeys (ConfUtils.java:logGet(43)) - raft.server.log.preallocated.size = 16384 (custom)
2019-09-26 11:00:39,703 [pool-47-thread-1] INFO  server.RaftServerConfigKeys (ConfUtils.java:logGet(43)) - raft.server.log.write.buffer.size = 33554432 (custom)
2019-09-26 11:00:39,703 [pool-47-thread-1] INFO  server.RaftServerConfigKeys (ConfUtils.java:logGet(43)) - raft.server.log.force.sync.num = 128 (default)
2019-09-26 11:00:39,704 [pool-47-thread-1] INFO  server.RaftServerConfigKeys (ConfUtils.java:logGet(43)) - raft.server.log.statemachine.data.sync = true (default)
2019-09-26 11:00:39,704 [pool-47-thread-1] INFO  server.RaftServerConfigKeys (ConfUtils.java:logGet(43)) - raft.server.log.statemachine.data.sync.timeout = 10s (default)
2019-09-26 11:00:39,704 [pool-47-thread-1] INFO  server.RaftServerConfigKeys (ConfUtils.java:logGet(43)) - raft.server.log.statemachine.data.sync.timeout.retry = -1 (default)
2019-09-26 11:00:39,704 [pool-47-thread-1] INFO  server.RaftServerConfigKeys (ConfUtils.java:logGet(43)) - raft.server.log.statemachine.data.caching.enabled = true (custom)
2019-09-26 11:00:39,705 [pool-47-thread-1] INFO  segmented.SegmentedRaftLogWorker (SegmentedRaftLogWorker.java:lambda$new$0(132)) - 9ef131de-2cca-412b-9aef-245b2f16ad17@group-0DFD52BD6541-SegmentedRaftLogWorker: flushIndex: setUnconditionally 0 -> -1
2019-09-26 11:00:39,705 [pool-47-thread-1] INFO  server.RaftServerConfigKeys (ConfUtils.java:logGet(43)) - raft.server.snapshot.auto.trigger.enabled = true (custom)
2019-09-26 11:00:39,705 [pool-47-thread-1] INFO  server.RaftServerConfigKeys (ConfUtils.java:logGet(43)) - raft.server.snapshot.auto.trigger.threshold = 10000 (custom)
2019-09-26 11:00:39,705 [pool-47-thread-1] INFO  server.RaftServerConfigKeys (ConfUtils.java:logGet(43)) - raft.server.snapshot.retention.num.files = 5 (custom)
2019-09-26 11:00:39,705 [pool-47-thread-1] INFO  server.RaftServerConfigKeys (ConfUtils.java:logGet(43)) - raft.server.retrycache.expirytime = 600000ms (custom)
2019-09-26 11:00:39,709 [pool-47-thread-1] INFO  impl.RaftServerImpl (RaftServerImpl.java:start(185)) - 9ef131de-2cca-412b-9aef-245b2f16ad17@group-0DFD52BD6541: start as a follower, conf=-1: [9ef131de-2cca-412b-9aef-245b2f16ad17:192.168.30.13:43347], old=null
2019-09-26 11:00:39,709 [pool-47-thread-1] INFO  impl.RaftServerImpl (RaftServerImpl.java:setRole(174)) - 9ef131de-2cca-412b-9aef-245b2f16ad17@group-0DFD52BD6541: changes role from      null to FOLLOWER at term 0 for startAsFollower
2019-09-26 11:00:39,709 [pool-47-thread-1] INFO  impl.RoleInfo (RoleInfo.java:updateAndGet(143)) - 9ef131de-2cca-412b-9aef-245b2f16ad17: start FollowerState
2019-09-26 11:00:39,709 [pool-47-thread-1] INFO  util.JmxRegister (JmxRegister.java:tryRegister(44)) - Successfully registered JMX Bean with object name Ratis:service=RaftServer,group=group-0DFD52BD6541,id=9ef131de-2cca-412b-9aef-245b2f16ad17
2019-09-26 11:00:39,717 [RatisPipelineUtilsThread] INFO  pipeline.PipelineStateManager (PipelineStateManager.java:addPipeline(56)) - Created pipeline Pipeline[ Id: 940d0933-d236-474d-959a-0dfd52bd6541, Nodes: 9ef131de-2cca-412b-9aef-245b2f16ad17{ip: 192.168.30.13, host: pr-hdds-1569-wvzgm-824869521, networkLocation: /default-rack, certSerialId: null}, Type:RATIS, Factor:ONE, State:OPEN]
2019-09-26 11:00:39,728 [IPC Server handler 1 on 39432] INFO  volume.OMVolumeCreateRequest (OMVolumeCreateRequest.java:validateAndUpdateCache(189)) - created volume:vol-0-95117 for user:jenkins1000
2019-09-26 11:00:39,731 [grpc-default-executor-0] INFO  impl.RaftServerProxy (RaftServerProxy.java:addNew(89)) - 77948620-7a50-4d08-820b-4684d575a259: addNew group-75842B4B40A7:[77948620-7a50-4d08-820b-4684d575a259:192.168.30.13:38063] returns group-75842B4B40A7:java.util.concurrent.CompletableFuture@4e9f0682[Not completed]
2019-09-26 11:00:39,732 [pool-57-thread-1] INFO  impl.RaftServerImpl (RaftServerImpl.java:<init>(95)) - 77948620-7a50-4d08-820b-4684d575a259: new RaftServerImpl for group-75842B4B40A7:[77948620-7a50-4d08-820b-4684d575a259:192.168.30.13:38063] with ContainerStateMachine:uninitialized
2019-09-26 11:00:39,733 [pool-57-thread-1] INFO  server.RaftServerConfigKeys (ConfUtils.java:logGet(43)) - raft.server.rpc.timeout.min = 5s (custom)
2019-09-26 11:00:39,733 [pool-57-thread-1] INFO  server.RaftServerConfigKeys (ConfUtils.java:logGet(43)) - raft.server.rpc.timeout.max = 5200ms (custom)
2019-09-26 11:00:39,733 [pool-57-thread-1] INFO  server.RaftServerConfigKeys (ConfUtils.java:logGet(43)) - raft.server.rpcslowness.timeout = 120s (custom)
2019-09-26 11:00:39,733 [pool-57-thread-1] INFO  server.RaftServerConfigKeys (ConfUtils.java:logGet(43)) - raft.server.sleep.deviation.threshold = 300 (default)
2019-09-26 11:00:39,733 [pool-57-thread-1] INFO  server.RaftServerConfigKeys (ConfUtils.java:logGet(43)) - raft.server.log.appender.install.snapshot.enabled = false (custom)
2019-09-26 11:00:39,733 [pool-57-thread-1] INFO  impl.RaftServerImpl (ServerState.java:<init>(103)) - 77948620-7a50-4d08-820b-4684d575a259@group-75842B4B40A7: ConfigurationManager, init=-1: [77948620-7a50-4d08-820b-4684d575a259:192.168.30.13:38063], old=null, confs=<EMPTY_MAP>
2019-09-26 11:00:39,734 [pool-57-thread-1] INFO  server.RaftServerConfigKeys (ConfUtils.java:logGet(43)) - raft.server.storage.dir = [/workdir/hadoop-ozone/tools/target/test-dir/MiniOzoneClusterImpl-86256be1-a8a6-428e-b2d3-bd155870efd4/datanode-3/data/ratis] (custom)
2019-09-26 11:00:39,734 [pool-57-thread-1] INFO  storage.RaftStorageDirectory (RaftStorageDirectory.java:analyzeStorage(246)) - The storage directory /workdir/hadoop-ozone/tools/target/test-dir/MiniOzoneClusterImpl-86256be1-a8a6-428e-b2d3-bd155870efd4/datanode-3/data/ratis/417026a4-8871-4545-963e-75842b4b40a7 does not exist. Creating ...
2019-09-26 11:00:39,748 [pool-57-thread-1] INFO  storage.RaftStorageDirectory (RaftStorageDirectory.java:tryLock(328)) - Lock on /workdir/hadoop-ozone/tools/target/test-dir/MiniOzoneClusterImpl-86256be1-a8a6-428e-b2d3-bd155870efd4/datanode-3/data/ratis/417026a4-8871-4545-963e-75842b4b40a7/in_use.lock acquired by nodename 14062@pr-hdds-1569-wvzgm-824869521
2019-09-26 11:00:39,761 [pool-57-thread-1] INFO  storage.RaftStorage (RaftStorage.java:format(72)) - Storage directory /workdir/hadoop-ozone/tools/target/test-dir/MiniOzoneClusterImpl-86256be1-a8a6-428e-b2d3-bd155870efd4/datanode-3/data/ratis/417026a4-8871-4545-963e-75842b4b40a7 has been successfully formatted.
2019-09-26 11:00:39,762 [pool-57-thread-1] INFO  ratis.ContainerStateMachine (ContainerStateMachine.java:loadSnapshot(230)) - group-75842B4B40A7: The snapshot info is null. Setting the last applied indexto:(t:0, i:~)
2019-09-26 11:00:39,762 [pool-57-thread-1] INFO  server.RaftServerConfigKeys (ConfUtils.java:logGet(43)) - raft.server.notification.no-leader.timeout = 120s (custom)
2019-09-26 11:00:39,762 [pool-57-thread-1] INFO  server.RaftServerConfigKeys (ConfUtils.java:logGet(43)) - raft.server.log.use.memory = false (default)
2019-09-26 11:00:39,762 [pool-57-thread-1] INFO  server.RaftServerConfigKeys (ConfUtils.java:logGet(43)) - raft.server.log.purge.gap = 1000000 (custom)
2019-09-26 11:00:39,762 [pool-57-thread-1] INFO  server.RaftServerConfigKeys (ConfUtils.java:logGet(43)) - raft.server.log.appender.buffer.byte-limit = 33554432 (custom)
2019-09-26 11:00:39,763 [pool-57-thread-1] INFO  server.RaftServerConfigKeys (ConfUtils.java:logGet(43)) - raft.server.log.segment.size.max = 1048576 (custom)
2019-09-26 11:00:39,763 [pool-57-thread-1] INFO  server.RaftServerConfigKeys (ConfUtils.java:logGet(43)) - raft.server.log.segment.cache.num.max = 2 (custom)
2019-09-26 11:00:39,763 [pool-57-thread-1] INFO  segmented.SegmentedRaftLogWorker (SegmentedRaftLogWorker.java:<init>(172)) - new 77948620-7a50-4d08-820b-4684d575a259@group-75842B4B40A7-SegmentedRaftLogWorker for RaftStorage:Storage Directory /workdir/hadoop-ozone/tools/target/test-dir/MiniOzoneClusterImpl-86256be1-a8a6-428e-b2d3-bd155870efd4/datanode-3/data/ratis/417026a4-8871-4545-963e-75842b4b40a7
2019-09-26 11:00:39,763 [pool-57-thread-1] INFO  server.RaftServerConfigKeys (ConfUtils.java:logGet(43)) - raft.server.log.queue.byte-limit = 2147483647 (custom)
2019-09-26 11:00:39,763 [pool-57-thread-1] INFO  server.RaftServerConfigKeys (ConfUtils.java:logGet(43)) - raft.server.log.queue.element-limit = 1024 (custom)
2019-09-26 11:00:39,763 [pool-57-thread-1] INFO  server.RaftServerConfigKeys (ConfUtils.java:logGet(43)) - raft.server.log.segment.size.max = 1048576 (custom)
2019-09-26 11:00:39,764 [pool-57-thread-1] INFO  server.RaftServerConfigKeys (ConfUtils.java:logGet(43)) - raft.server.log.preallocated.size = 16384 (custom)
2019-09-26 11:00:39,764 [pool-57-thread-1] INFO  server.RaftServerConfigKeys (ConfUtils.java:logGet(43)) - raft.server.log.write.buffer.size = 33554432 (custom)
2019-09-26 11:00:39,764 [pool-57-thread-1] INFO  server.RaftServerConfigKeys (ConfUtils.java:logGet(43)) - raft.server.log.force.sync.num = 128 (default)
2019-09-26 11:00:39,764 [pool-57-thread-1] INFO  server.RaftServerConfigKeys (ConfUtils.java:logGet(43)) - raft.server.log.statemachine.data.sync = true (default)
2019-09-26 11:00:39,764 [pool-57-thread-1] INFO  server.RaftServerConfigKeys (ConfUtils.java:logGet(43)) - raft.server.log.statemachine.data.sync.timeout = 10s (default)
2019-09-26 11:00:39,764 [pool-57-thread-1] INFO  server.RaftServerConfigKeys (ConfUtils.java:logGet(43)) - raft.server.log.statemachine.data.sync.timeout.retry = -1 (default)
2019-09-26 11:00:39,764 [pool-57-thread-1] INFO  server.RaftServerConfigKeys (ConfUtils.java:logGet(43)) - raft.server.log.statemachine.data.caching.enabled = true (custom)
2019-09-26 11:00:39,765 [pool-57-thread-1] INFO  segmented.SegmentedRaftLogWorker (SegmentedRaftLogWorker.java:lambda$new$0(132)) - 77948620-7a50-4d08-820b-4684d575a259@group-75842B4B40A7-SegmentedRaftLogWorker: flushIndex: setUnconditionally 0 -> -1
2019-09-26 11:00:39,765 [pool-57-thread-1] INFO  server.RaftServerConfigKeys (ConfUtils.java:logGet(43)) - raft.server.snapshot.auto.trigger.enabled = true (custom)
2019-09-26 11:00:39,765 [pool-57-thread-1] INFO  server.RaftServerConfigKeys (ConfUtils.java:logGet(43)) - raft.server.snapshot.auto.trigger.threshold = 10000 (custom)
2019-09-26 11:00:39,766 [pool-57-thread-1] INFO  server.RaftServerConfigKeys (ConfUtils.java:logGet(43)) - raft.server.snapshot.retention.num.files = 5 (custom)
2019-09-26 11:00:39,766 [pool-57-thread-1] INFO  server.RaftServerConfigKeys (ConfUtils.java:logGet(43)) - raft.server.retrycache.expirytime = 600000ms (custom)
2019-09-26 11:00:39,768 [pool-57-thread-1] INFO  impl.RaftServerImpl (RaftServerImpl.java:start(185)) - 77948620-7a50-4d08-820b-4684d575a259@group-75842B4B40A7: start as a follower, conf=-1: [77948620-7a50-4d08-820b-4684d575a259:192.168.30.13:38063], old=null
2019-09-26 11:00:39,769 [pool-57-thread-1] INFO  impl.RaftServerImpl (RaftServerImpl.java:setRole(174)) - 77948620-7a50-4d08-820b-4684d575a259@group-75842B4B40A7: changes role from      null to FOLLOWER at term 0 for startAsFollower
2019-09-26 11:00:39,769 [pool-57-thread-1] INFO  impl.RoleInfo (RoleInfo.java:updateAndGet(143)) - 77948620-7a50-4d08-820b-4684d575a259: start FollowerState
2019-09-26 11:00:39,769 [pool-57-thread-1] INFO  util.JmxRegister (JmxRegister.java:tryRegister(44)) - Successfully registered JMX Bean with object name Ratis:service=RaftServer,group=group-75842B4B40A7,id=77948620-7a50-4d08-820b-4684d575a259
2019-09-26 11:00:39,774 [pool-73-thread-2] INFO  rpc.RpcClient (RpcClient.java:createBucket(415)) - Creating Bucket: vol-0-95117/bucket-0-88419, with Versioning false and Storage Type set to DISK and Encryption set to false 
2019-09-26 11:00:39,776 [RatisPipelineUtilsThread] INFO  pipeline.PipelineStateManager (PipelineStateManager.java:addPipeline(56)) - Created pipeline Pipeline[ Id: 417026a4-8871-4545-963e-75842b4b40a7, Nodes: 77948620-7a50-4d08-820b-4684d575a259{ip: 192.168.30.13, host: pr-hdds-1569-wvzgm-824869521, networkLocation: /default-rack, certSerialId: null}, Type:RATIS, Factor:ONE, State:OPEN]
2019-09-26 11:00:39,793 [grpc-default-executor-0] INFO  impl.RaftServerProxy (RaftServerProxy.java:addNew(89)) - bfc6808e-e12b-4ff8-8ebc-28d07afe8d0b: addNew group-F6B41C336153:[bfc6808e-e12b-4ff8-8ebc-28d07afe8d0b:192.168.30.13:46368] returns group-F6B41C336153:java.util.concurrent.CompletableFuture@5ddaee2b[Not completed]
2019-09-26 11:00:39,796 [pool-27-thread-1] INFO  impl.RaftServerImpl (RaftServerImpl.java:<init>(95)) - bfc6808e-e12b-4ff8-8ebc-28d07afe8d0b: new RaftServerImpl for group-F6B41C336153:[bfc6808e-e12b-4ff8-8ebc-28d07afe8d0b:192.168.30.13:46368] with ContainerStateMachine:uninitialized
2019-09-26 11:00:39,796 [pool-27-thread-1] INFO  server.RaftServerConfigKeys (ConfUtils.java:logGet(43)) - raft.server.rpc.timeout.min = 5s (custom)
2019-09-26 11:00:39,796 [pool-27-thread-1] INFO  server.RaftServerConfigKeys (ConfUtils.java:logGet(43)) - raft.server.rpc.timeout.max = 5200ms (custom)
2019-09-26 11:00:39,796 [pool-27-thread-1] INFO  server.RaftServerConfigKeys (ConfUtils.java:logGet(43)) - raft.server.rpcslowness.timeout = 120s (custom)
2019-09-26 11:00:39,797 [pool-27-thread-1] INFO  server.RaftServerConfigKeys (ConfUtils.java:logGet(43)) - raft.server.sleep.deviation.threshold = 300 (default)
2019-09-26 11:00:39,797 [pool-27-thread-1] INFO  server.RaftServerConfigKeys (ConfUtils.java:logGet(43)) - raft.server.log.appender.install.snapshot.enabled = false (custom)
2019-09-26 11:00:39,797 [pool-27-thread-1] INFO  impl.RaftServerImpl (ServerState.java:<init>(103)) - bfc6808e-e12b-4ff8-8ebc-28d07afe8d0b@group-F6B41C336153: ConfigurationManager, init=-1: [bfc6808e-e12b-4ff8-8ebc-28d07afe8d0b:192.168.30.13:46368], old=null, confs=<EMPTY_MAP>
2019-09-26 11:00:39,797 [pool-27-thread-1] INFO  server.RaftServerConfigKeys (ConfUtils.java:logGet(43)) - raft.server.storage.dir = [/workdir/hadoop-ozone/tools/target/test-dir/MiniOzoneClusterImpl-86256be1-a8a6-428e-b2d3-bd155870efd4/datanode-0/data/ratis] (custom)
2019-09-26 11:00:39,799 [pool-27-thread-1] INFO  storage.RaftStorageDirectory (RaftStorageDirectory.java:analyzeStorage(246)) - The storage directory /workdir/hadoop-ozone/tools/target/test-dir/MiniOzoneClusterImpl-86256be1-a8a6-428e-b2d3-bd155870efd4/datanode-0/data/ratis/6ee93f12-fe30-42a1-bc44-f6b41c336153 does not exist. Creating ...
2019-09-26 11:00:39,815 [pool-27-thread-1] INFO  storage.RaftStorageDirectory (RaftStorageDirectory.java:tryLock(328)) - Lock on /workdir/hadoop-ozone/tools/target/test-dir/MiniOzoneClusterImpl-86256be1-a8a6-428e-b2d3-bd155870efd4/datanode-0/data/ratis/6ee93f12-fe30-42a1-bc44-f6b41c336153/in_use.lock acquired by nodename 14062@pr-hdds-1569-wvzgm-824869521
2019-09-26 11:00:39,833 [pool-27-thread-1] INFO  storage.RaftStorage (RaftStorage.java:format(72)) - Storage directory /workdir/hadoop-ozone/tools/target/test-dir/MiniOzoneClusterImpl-86256be1-a8a6-428e-b2d3-bd155870efd4/datanode-0/data/ratis/6ee93f12-fe30-42a1-bc44-f6b41c336153 has been successfully formatted.
2019-09-26 11:00:39,833 [pool-27-thread-1] INFO  ratis.ContainerStateMachine (ContainerStateMachine.java:loadSnapshot(230)) - group-F6B41C336153: The snapshot info is null. Setting the last applied indexto:(t:0, i:~)
2019-09-26 11:00:39,833 [pool-27-thread-1] INFO  server.RaftServerConfigKeys (ConfUtils.java:logGet(43)) - raft.server.notification.no-leader.timeout = 120s (custom)
2019-09-26 11:00:39,834 [pool-27-thread-1] INFO  server.RaftServerConfigKeys (ConfUtils.java:logGet(43)) - raft.server.log.use.memory = false (default)
2019-09-26 11:00:39,834 [pool-27-thread-1] INFO  server.RaftServerConfigKeys (ConfUtils.java:logGet(43)) - raft.server.log.purge.gap = 1000000 (custom)
2019-09-26 11:00:39,834 [pool-27-thread-1] INFO  server.RaftServerConfigKeys (ConfUtils.java:logGet(43)) - raft.server.log.appender.buffer.byte-limit = 33554432 (custom)
2019-09-26 11:00:39,834 [pool-27-thread-1] INFO  server.RaftServerConfigKeys (ConfUtils.java:logGet(43)) - raft.server.log.segment.size.max = 1048576 (custom)
2019-09-26 11:00:39,834 [pool-27-thread-1] INFO  server.RaftServerConfigKeys (ConfUtils.java:logGet(43)) - raft.server.log.segment.cache.num.max = 2 (custom)
2019-09-26 11:00:39,835 [pool-27-thread-1] INFO  segmented.SegmentedRaftLogWorker (SegmentedRaftLogWorker.java:<init>(172)) - new bfc6808e-e12b-4ff8-8ebc-28d07afe8d0b@group-F6B41C336153-SegmentedRaftLogWorker for RaftStorage:Storage Directory /workdir/hadoop-ozone/tools/target/test-dir/MiniOzoneClusterImpl-86256be1-a8a6-428e-b2d3-bd155870efd4/datanode-0/data/ratis/6ee93f12-fe30-42a1-bc44-f6b41c336153
2019-09-26 11:00:39,835 [pool-27-thread-1] INFO  server.RaftServerConfigKeys (ConfUtils.java:logGet(43)) - raft.server.log.queue.byte-limit = 2147483647 (custom)
2019-09-26 11:00:39,835 [pool-27-thread-1] INFO  server.RaftServerConfigKeys (ConfUtils.java:logGet(43)) - raft.server.log.queue.element-limit = 1024 (custom)
2019-09-26 11:00:39,835 [pool-27-thread-1] INFO  server.RaftServerConfigKeys (ConfUtils.java:logGet(43)) - raft.server.log.segment.size.max = 1048576 (custom)
2019-09-26 11:00:39,836 [pool-27-thread-1] INFO  server.RaftServerConfigKeys (ConfUtils.java:logGet(43)) - raft.server.log.preallocated.size = 16384 (custom)
2019-09-26 11:00:39,836 [pool-27-thread-1] INFO  server.RaftServerConfigKeys (ConfUtils.java:logGet(43)) - raft.server.log.write.buffer.size = 33554432 (custom)
2019-09-26 11:00:39,836 [pool-27-thread-1] INFO  server.RaftServerConfigKeys (ConfUtils.java:logGet(43)) - raft.server.log.force.sync.num = 128 (default)
2019-09-26 11:00:39,836 [pool-27-thread-1] INFO  server.RaftServerConfigKeys (ConfUtils.java:logGet(43)) - raft.server.log.statemachine.data.sync = true (default)
2019-09-26 11:00:39,836 [pool-27-thread-1] INFO  server.RaftServerConfigKeys (ConfUtils.java:logGet(43)) - raft.server.log.statemachine.data.sync.timeout = 10s (default)
2019-09-26 11:00:39,836 [pool-27-thread-1] INFO  server.RaftServerConfigKeys (ConfUtils.java:logGet(43)) - raft.server.log.statemachine.data.sync.timeout.retry = -1 (default)
2019-09-26 11:00:39,837 [pool-27-thread-1] INFO  server.RaftServerConfigKeys (ConfUtils.java:logGet(43)) - raft.server.log.statemachine.data.caching.enabled = true (custom)
2019-09-26 11:00:39,837 [pool-27-thread-1] INFO  segmented.SegmentedRaftLogWorker (SegmentedRaftLogWorker.java:lambda$new$0(132)) - bfc6808e-e12b-4ff8-8ebc-28d07afe8d0b@group-F6B41C336153-SegmentedRaftLogWorker: flushIndex: setUnconditionally 0 -> -1
2019-09-26 11:00:39,838 [pool-27-thread-1] INFO  server.RaftServerConfigKeys (ConfUtils.java:logGet(43)) - raft.server.snapshot.auto.trigger.enabled = true (custom)
2019-09-26 11:00:40,254 [pool-27-thread-1] INFO  server.RaftServerConfigKeys (ConfUtils.java:logGet(43)) - raft.server.snapshot.auto.trigger.threshold = 10000 (custom)
2019-09-26 11:00:40,266 [pool-27-thread-1] INFO  server.RaftServerConfigKeys (ConfUtils.java:logGet(43)) - raft.server.snapshot.retention.num.files = 5 (custom)
2019-09-26 11:00:40,268 [pool-27-thread-1] INFO  server.RaftServerConfigKeys (ConfUtils.java:logGet(43)) - raft.server.retrycache.expirytime = 600000ms (custom)
2019-09-26 11:00:40,279 [pool-27-thread-1] INFO  impl.RaftServerImpl (RaftServerImpl.java:start(185)) - bfc6808e-e12b-4ff8-8ebc-28d07afe8d0b@group-F6B41C336153: start as a follower, conf=-1: [bfc6808e-e12b-4ff8-8ebc-28d07afe8d0b:192.168.30.13:46368], old=null
2019-09-26 11:00:40,279 [pool-27-thread-1] INFO  impl.RaftServerImpl (RaftServerImpl.java:setRole(174)) - bfc6808e-e12b-4ff8-8ebc-28d07afe8d0b@group-F6B41C336153: changes role from      null to FOLLOWER at term 0 for startAsFollower
2019-09-26 11:00:40,280 [pool-27-thread-1] INFO  impl.RoleInfo (RoleInfo.java:updateAndGet(143)) - bfc6808e-e12b-4ff8-8ebc-28d07afe8d0b: start FollowerState
2019-09-26 11:00:40,280 [pool-27-thread-1] INFO  util.JmxRegister (JmxRegister.java:tryRegister(44)) - Successfully registered JMX Bean with object name Ratis:service=RaftServer,group=group-F6B41C336153,id=bfc6808e-e12b-4ff8-8ebc-28d07afe8d0b
2019-09-26 11:00:40,303 [RatisPipelineUtilsThread] INFO  pipeline.PipelineStateManager (PipelineStateManager.java:addPipeline(56)) - Created pipeline Pipeline[ Id: 6ee93f12-fe30-42a1-bc44-f6b41c336153, Nodes: bfc6808e-e12b-4ff8-8ebc-28d07afe8d0b{ip: 192.168.30.13, host: pr-hdds-1569-wvzgm-824869521, networkLocation: /default-rack, certSerialId: null}, Type:RATIS, Factor:ONE, State:OPEN]
2019-09-26 11:00:40,316 [grpc-default-executor-0] INFO  impl.RaftServerProxy (RaftServerProxy.java:addNew(89)) - 77948620-7a50-4d08-820b-4684d575a259: addNew group-4A69C1DA56A8:[77948620-7a50-4d08-820b-4684d575a259:192.168.30.13:38063] returns group-4A69C1DA56A8:java.util.concurrent.CompletableFuture@71493502[Not completed]
2019-09-26 11:00:40,318 [pool-57-thread-1] INFO  impl.RaftServerImpl (RaftServerImpl.java:<init>(95)) - 77948620-7a50-4d08-820b-4684d575a259: new RaftServerImpl for group-4A69C1DA56A8:[77948620-7a50-4d08-820b-4684d575a259:192.168.30.13:38063] with ContainerStateMachine:uninitialized
2019-09-26 11:00:40,318 [pool-57-thread-1] INFO  server.RaftServerConfigKeys (ConfUtils.java:logGet(43)) - raft.server.rpc.timeout.min = 5s (custom)
2019-09-26 11:00:40,318 [pool-57-thread-1] INFO  server.RaftServerConfigKeys (ConfUtils.java:logGet(43)) - raft.server.rpc.timeout.max = 5200ms (custom)
2019-09-26 11:00:40,318 [pool-57-thread-1] INFO  server.RaftServerConfigKeys (ConfUtils.java:logGet(43)) - raft.server.rpcslowness.timeout = 120s (custom)
2019-09-26 11:00:40,318 [pool-57-thread-1] INFO  server.RaftServerConfigKeys (ConfUtils.java:logGet(43)) - raft.server.sleep.deviation.threshold = 300 (default)
2019-09-26 11:00:40,318 [pool-57-thread-1] INFO  server.RaftServerConfigKeys (ConfUtils.java:logGet(43)) - raft.server.log.appender.install.snapshot.enabled = false (custom)
2019-09-26 11:00:40,318 [pool-57-thread-1] INFO  impl.RaftServerImpl (ServerState.java:<init>(103)) - 77948620-7a50-4d08-820b-4684d575a259@group-4A69C1DA56A8: ConfigurationManager, init=-1: [77948620-7a50-4d08-820b-4684d575a259:192.168.30.13:38063], old=null, confs=<EMPTY_MAP>
2019-09-26 11:00:40,319 [pool-57-thread-1] INFO  server.RaftServerConfigKeys (ConfUtils.java:logGet(43)) - raft.server.storage.dir = [/workdir/hadoop-ozone/tools/target/test-dir/MiniOzoneClusterImpl-86256be1-a8a6-428e-b2d3-bd155870efd4/datanode-3/data/ratis] (custom)
2019-09-26 11:00:40,319 [pool-57-thread-1] INFO  storage.RaftStorageDirectory (RaftStorageDirectory.java:analyzeStorage(246)) - The storage directory /workdir/hadoop-ozone/tools/target/test-dir/MiniOzoneClusterImpl-86256be1-a8a6-428e-b2d3-bd155870efd4/datanode-3/data/ratis/d46feab0-be7c-45c6-af46-4a69c1da56a8 does not exist. Creating ...
2019-09-26 11:00:40,332 [pool-57-thread-1] INFO  storage.RaftStorageDirectory (RaftStorageDirectory.java:tryLock(328)) - Lock on /workdir/hadoop-ozone/tools/target/test-dir/MiniOzoneClusterImpl-86256be1-a8a6-428e-b2d3-bd155870efd4/datanode-3/data/ratis/d46feab0-be7c-45c6-af46-4a69c1da56a8/in_use.lock acquired by nodename 14062@pr-hdds-1569-wvzgm-824869521
2019-09-26 11:00:40,346 [pool-57-thread-1] INFO  storage.RaftStorage (RaftStorage.java:format(72)) - Storage directory /workdir/hadoop-ozone/tools/target/test-dir/MiniOzoneClusterImpl-86256be1-a8a6-428e-b2d3-bd155870efd4/datanode-3/data/ratis/d46feab0-be7c-45c6-af46-4a69c1da56a8 has been successfully formatted.
2019-09-26 11:00:40,347 [pool-57-thread-1] INFO  ratis.ContainerStateMachine (ContainerStateMachine.java:loadSnapshot(230)) - group-4A69C1DA56A8: The snapshot info is null. Setting the last applied indexto:(t:0, i:~)
2019-09-26 11:00:40,347 [pool-57-thread-1] INFO  server.RaftServerConfigKeys (ConfUtils.java:logGet(43)) - raft.server.notification.no-leader.timeout = 120s (custom)
2019-09-26 11:00:40,347 [pool-57-thread-1] INFO  server.RaftServerConfigKeys (ConfUtils.java:logGet(43)) - raft.server.log.use.memory = false (default)
2019-09-26 11:00:40,347 [pool-57-thread-1] INFO  server.RaftServerConfigKeys (ConfUtils.java:logGet(43)) - raft.server.log.purge.gap = 1000000 (custom)
2019-09-26 11:00:40,347 [pool-57-thread-1] INFO  server.RaftServerConfigKeys (ConfUtils.java:logGet(43)) - raft.server.log.appender.buffer.byte-limit = 33554432 (custom)
2019-09-26 11:00:40,347 [pool-57-thread-1] INFO  server.RaftServerConfigKeys (ConfUtils.java:logGet(43)) - raft.server.log.segment.size.max = 1048576 (custom)
2019-09-26 11:00:40,348 [pool-57-thread-1] INFO  server.RaftServerConfigKeys (ConfUtils.java:logGet(43)) - raft.server.log.segment.cache.num.max = 2 (custom)
2019-09-26 11:00:40,348 [pool-57-thread-1] INFO  segmented.SegmentedRaftLogWorker (SegmentedRaftLogWorker.java:<init>(172)) - new 77948620-7a50-4d08-820b-4684d575a259@group-4A69C1DA56A8-SegmentedRaftLogWorker for RaftStorage:Storage Directory /workdir/hadoop-ozone/tools/target/test-dir/MiniOzoneClusterImpl-86256be1-a8a6-428e-b2d3-bd155870efd4/datanode-3/data/ratis/d46feab0-be7c-45c6-af46-4a69c1da56a8
2019-09-26 11:00:40,348 [pool-57-thread-1] INFO  server.RaftServerConfigKeys (ConfUtils.java:logGet(43)) - raft.server.log.queue.byte-limit = 2147483647 (custom)
2019-09-26 11:00:40,348 [pool-57-thread-1] INFO  server.RaftServerConfigKeys (ConfUtils.java:logGet(43)) - raft.server.log.queue.element-limit = 1024 (custom)
2019-09-26 11:00:40,348 [pool-57-thread-1] INFO  server.RaftServerConfigKeys (ConfUtils.java:logGet(43)) - raft.server.log.segment.size.max = 1048576 (custom)
2019-09-26 11:00:40,348 [pool-57-thread-1] INFO  server.RaftServerConfigKeys (ConfUtils.java:logGet(43)) - raft.server.log.preallocated.size = 16384 (custom)
2019-09-26 11:00:40,348 [pool-57-thread-1] INFO  server.RaftServerConfigKeys (ConfUtils.java:logGet(43)) - raft.server.log.write.buffer.size = 33554432 (custom)
2019-09-26 11:00:40,349 [pool-57-thread-1] INFO  server.RaftServerConfigKeys (ConfUtils.java:logGet(43)) - raft.server.log.force.sync.num = 128 (default)
2019-09-26 11:00:40,349 [pool-57-thread-1] INFO  server.RaftServerConfigKeys (ConfUtils.java:logGet(43)) - raft.server.log.statemachine.data.sync = true (default)
2019-09-26 11:00:40,349 [pool-57-thread-1] INFO  server.RaftServerConfigKeys (ConfUtils.java:logGet(43)) - raft.server.log.statemachine.data.sync.timeout = 10s (default)
2019-09-26 11:00:40,349 [pool-57-thread-1] INFO  server.RaftServerConfigKeys (ConfUtils.java:logGet(43)) - raft.server.log.statemachine.data.sync.timeout.retry = -1 (default)
2019-09-26 11:00:40,349 [pool-57-thread-1] INFO  server.RaftServerConfigKeys (ConfUtils.java:logGet(43)) - raft.server.log.statemachine.data.caching.enabled = true (custom)
2019-09-26 11:00:40,350 [pool-57-thread-1] INFO  segmented.SegmentedRaftLogWorker (SegmentedRaftLogWorker.java:lambda$new$0(132)) - 77948620-7a50-4d08-820b-4684d575a259@group-4A69C1DA56A8-SegmentedRaftLogWorker: flushIndex: setUnconditionally 0 -> -1
2019-09-26 11:00:40,350 [pool-57-thread-1] INFO  server.RaftServerConfigKeys (ConfUtils.java:logGet(43)) - raft.server.snapshot.auto.trigger.enabled = true (custom)
2019-09-26 11:00:40,350 [pool-57-thread-1] INFO  server.RaftServerConfigKeys (ConfUtils.java:logGet(43)) - raft.server.snapshot.auto.trigger.threshold = 10000 (custom)
2019-09-26 11:00:40,350 [pool-57-thread-1] INFO  server.RaftServerConfigKeys (ConfUtils.java:logGet(43)) - raft.server.snapshot.retention.num.files = 5 (custom)
2019-09-26 11:00:40,351 [pool-57-thread-1] INFO  server.RaftServerConfigKeys (ConfUtils.java:logGet(43)) - raft.server.retrycache.expirytime = 600000ms (custom)
2019-09-26 11:00:40,353 [pool-57-thread-1] INFO  impl.RaftServerImpl (RaftServerImpl.java:start(185)) - 77948620-7a50-4d08-820b-4684d575a259@group-4A69C1DA56A8: start as a follower, conf=-1: [77948620-7a50-4d08-820b-4684d575a259:192.168.30.13:38063], old=null
2019-09-26 11:00:40,354 [pool-57-thread-1] INFO  impl.RaftServerImpl (RaftServerImpl.java:setRole(174)) - 77948620-7a50-4d08-820b-4684d575a259@group-4A69C1DA56A8: changes role from      null to FOLLOWER at term 0 for startAsFollower
2019-09-26 11:00:40,354 [pool-57-thread-1] INFO  impl.RoleInfo (RoleInfo.java:updateAndGet(143)) - 77948620-7a50-4d08-820b-4684d575a259: start FollowerState
2019-09-26 11:00:40,354 [pool-57-thread-1] INFO  util.JmxRegister (JmxRegister.java:tryRegister(44)) - Successfully registered JMX Bean with object name Ratis:service=RaftServer,group=group-4A69C1DA56A8,id=77948620-7a50-4d08-820b-4684d575a259
2019-09-26 11:00:40,361 [RatisPipelineUtilsThread] INFO  pipeline.PipelineStateManager (PipelineStateManager.java:addPipeline(56)) - Created pipeline Pipeline[ Id: d46feab0-be7c-45c6-af46-4a69c1da56a8, Nodes: 77948620-7a50-4d08-820b-4684d575a259{ip: 192.168.30.13, host: pr-hdds-1569-wvzgm-824869521, networkLocation: /default-rack, certSerialId: null}, Type:RATIS, Factor:ONE, State:OPEN]
2019-09-26 11:00:40,361 [RatisPipelineUtilsThread] INFO  pipeline.PipelinePlacementPolicy (PipelinePlacementPolicy.java:meetCriteria(91)) - Pipeline Placement: can't place more pipeline on heavy datanode： 77948620-7a50-4d08-820b-4684d575a259 Heaviness: 6 limit: 5
2019-09-26 11:00:40,372 [grpc-default-executor-0] INFO  impl.RaftServerProxy (RaftServerProxy.java:addNew(89)) - c2a282d4-c040-416d-9ee6-85fb672e92c4: addNew group-38CB7D1610DF:[c2a282d4-c040-416d-9ee6-85fb672e92c4:192.168.30.13:41516] returns group-38CB7D1610DF:java.util.concurrent.CompletableFuture@657679b3[Not completed]
2019-09-26 11:00:40,374 [pool-37-thread-1] INFO  impl.RaftServerImpl (RaftServerImpl.java:<init>(95)) - c2a282d4-c040-416d-9ee6-85fb672e92c4: new RaftServerImpl for group-38CB7D1610DF:[c2a282d4-c040-416d-9ee6-85fb672e92c4:192.168.30.13:41516] with ContainerStateMachine:uninitialized
2019-09-26 11:00:40,374 [pool-37-thread-1] INFO  server.RaftServerConfigKeys (ConfUtils.java:logGet(43)) - raft.server.rpc.timeout.min = 5s (custom)
2019-09-26 11:00:40,374 [pool-37-thread-1] INFO  server.RaftServerConfigKeys (ConfUtils.java:logGet(43)) - raft.server.rpc.timeout.max = 5200ms (custom)
2019-09-26 11:00:40,375 [pool-37-thread-1] INFO  server.RaftServerConfigKeys (ConfUtils.java:logGet(43)) - raft.server.rpcslowness.timeout = 120s (custom)
2019-09-26 11:00:40,375 [pool-37-thread-1] INFO  server.RaftServerConfigKeys (ConfUtils.java:logGet(43)) - raft.server.sleep.deviation.threshold = 300 (default)
2019-09-26 11:00:40,375 [pool-37-thread-1] INFO  server.RaftServerConfigKeys (ConfUtils.java:logGet(43)) - raft.server.log.appender.install.snapshot.enabled = false (custom)
2019-09-26 11:00:40,375 [pool-37-thread-1] INFO  impl.RaftServerImpl (ServerState.java:<init>(103)) - c2a282d4-c040-416d-9ee6-85fb672e92c4@group-38CB7D1610DF: ConfigurationManager, init=-1: [c2a282d4-c040-416d-9ee6-85fb672e92c4:192.168.30.13:41516], old=null, confs=<EMPTY_MAP>
2019-09-26 11:00:40,375 [pool-37-thread-1] INFO  server.RaftServerConfigKeys (ConfUtils.java:logGet(43)) - raft.server.storage.dir = [/workdir/hadoop-ozone/tools/target/test-dir/MiniOzoneClusterImpl-86256be1-a8a6-428e-b2d3-bd155870efd4/datanode-1/data/ratis] (custom)
2019-09-26 11:00:40,376 [pool-37-thread-1] INFO  storage.RaftStorageDirectory (RaftStorageDirectory.java:analyzeStorage(246)) - The storage directory /workdir/hadoop-ozone/tools/target/test-dir/MiniOzoneClusterImpl-86256be1-a8a6-428e-b2d3-bd155870efd4/datanode-1/data/ratis/10730c9e-a110-4d15-93b5-38cb7d1610df does not exist. Creating ...
2019-09-26 11:00:40,389 [pool-37-thread-1] INFO  storage.RaftStorageDirectory (RaftStorageDirectory.java:tryLock(328)) - Lock on /workdir/hadoop-ozone/tools/target/test-dir/MiniOzoneClusterImpl-86256be1-a8a6-428e-b2d3-bd155870efd4/datanode-1/data/ratis/10730c9e-a110-4d15-93b5-38cb7d1610df/in_use.lock acquired by nodename 14062@pr-hdds-1569-wvzgm-824869521
2019-09-26 11:00:40,402 [pool-37-thread-1] INFO  storage.RaftStorage (RaftStorage.java:format(72)) - Storage directory /workdir/hadoop-ozone/tools/target/test-dir/MiniOzoneClusterImpl-86256be1-a8a6-428e-b2d3-bd155870efd4/datanode-1/data/ratis/10730c9e-a110-4d15-93b5-38cb7d1610df has been successfully formatted.
2019-09-26 11:00:40,402 [pool-37-thread-1] INFO  ratis.ContainerStateMachine (ContainerStateMachine.java:loadSnapshot(230)) - group-38CB7D1610DF: The snapshot info is null. Setting the last applied indexto:(t:0, i:~)
2019-09-26 11:00:40,402 [pool-37-thread-1] INFO  server.RaftServerConfigKeys (ConfUtils.java:logGet(43)) - raft.server.notification.no-leader.timeout = 120s (custom)
2019-09-26 11:00:40,402 [pool-37-thread-1] INFO  server.RaftServerConfigKeys (ConfUtils.java:logGet(43)) - raft.server.log.use.memory = false (default)
2019-09-26 11:00:40,402 [pool-37-thread-1] INFO  server.RaftServerConfigKeys (ConfUtils.java:logGet(43)) - raft.server.log.purge.gap = 1000000 (custom)
2019-09-26 11:00:40,402 [pool-37-thread-1] INFO  server.RaftServerConfigKeys (ConfUtils.java:logGet(43)) - raft.server.log.appender.buffer.byte-limit = 33554432 (custom)
2019-09-26 11:00:40,402 [pool-37-thread-1] INFO  server.RaftServerConfigKeys (ConfUtils.java:logGet(43)) - raft.server.log.segment.size.max = 1048576 (custom)
2019-09-26 11:00:40,403 [pool-37-thread-1] INFO  server.RaftServerConfigKeys (ConfUtils.java:logGet(43)) - raft.server.log.segment.cache.num.max = 2 (custom)
2019-09-26 11:00:40,403 [pool-37-thread-1] INFO  segmented.SegmentedRaftLogWorker (SegmentedRaftLogWorker.java:<init>(172)) - new c2a282d4-c040-416d-9ee6-85fb672e92c4@group-38CB7D1610DF-SegmentedRaftLogWorker for RaftStorage:Storage Directory /workdir/hadoop-ozone/tools/target/test-dir/MiniOzoneClusterImpl-86256be1-a8a6-428e-b2d3-bd155870efd4/datanode-1/data/ratis/10730c9e-a110-4d15-93b5-38cb7d1610df
2019-09-26 11:00:40,403 [pool-37-thread-1] INFO  server.RaftServerConfigKeys (ConfUtils.java:logGet(43)) - raft.server.log.queue.byte-limit = 2147483647 (custom)
2019-09-26 11:00:40,403 [pool-37-thread-1] INFO  server.RaftServerConfigKeys (ConfUtils.java:logGet(43)) - raft.server.log.queue.element-limit = 1024 (custom)
2019-09-26 11:00:40,403 [pool-37-thread-1] INFO  server.RaftServerConfigKeys (ConfUtils.java:logGet(43)) - raft.server.log.segment.size.max = 1048576 (custom)
2019-09-26 11:00:40,403 [pool-37-thread-1] INFO  server.RaftServerConfigKeys (ConfUtils.java:logGet(43)) - raft.server.log.preallocated.size = 16384 (custom)
2019-09-26 11:00:40,403 [pool-37-thread-1] INFO  server.RaftServerConfigKeys (ConfUtils.java:logGet(43)) - raft.server.log.write.buffer.size = 33554432 (custom)
2019-09-26 11:00:40,403 [pool-37-thread-1] INFO  server.RaftServerConfigKeys (ConfUtils.java:logGet(43)) - raft.server.log.force.sync.num = 128 (default)
2019-09-26 11:00:40,403 [pool-37-thread-1] INFO  server.RaftServerConfigKeys (ConfUtils.java:logGet(43)) - raft.server.log.statemachine.data.sync = true (default)
2019-09-26 11:00:40,404 [pool-37-thread-1] INFO  server.RaftServerConfigKeys (ConfUtils.java:logGet(43)) - raft.server.log.statemachine.data.sync.timeout = 10s (default)
2019-09-26 11:00:40,404 [pool-37-thread-1] INFO  server.RaftServerConfigKeys (ConfUtils.java:logGet(43)) - raft.server.log.statemachine.data.sync.timeout.retry = -1 (default)
2019-09-26 11:00:40,404 [pool-37-thread-1] INFO  server.RaftServerConfigKeys (ConfUtils.java:logGet(43)) - raft.server.log.statemachine.data.caching.enabled = true (custom)
2019-09-26 11:00:40,404 [pool-37-thread-1] INFO  segmented.SegmentedRaftLogWorker (SegmentedRaftLogWorker.java:lambda$new$0(132)) - c2a282d4-c040-416d-9ee6-85fb672e92c4@group-38CB7D1610DF-SegmentedRaftLogWorker: flushIndex: setUnconditionally 0 -> -1
2019-09-26 11:00:40,404 [pool-37-thread-1] INFO  server.RaftServerConfigKeys (ConfUtils.java:logGet(43)) - raft.server.snapshot.auto.trigger.enabled = true (custom)
2019-09-26 11:00:40,404 [pool-37-thread-1] INFO  server.RaftServerConfigKeys (ConfUtils.java:logGet(43)) - raft.server.snapshot.auto.trigger.threshold = 10000 (custom)
2019-09-26 11:00:40,405 [pool-37-thread-1] INFO  server.RaftServerConfigKeys (ConfUtils.java:logGet(43)) - raft.server.snapshot.retention.num.files = 5 (custom)
2019-09-26 11:00:40,405 [pool-37-thread-1] INFO  server.RaftServerConfigKeys (ConfUtils.java:logGet(43)) - raft.server.retrycache.expirytime = 600000ms (custom)
2019-09-26 11:00:40,408 [pool-37-thread-1] INFO  impl.RaftServerImpl (RaftServerImpl.java:start(185)) - c2a282d4-c040-416d-9ee6-85fb672e92c4@group-38CB7D1610DF: start as a follower, conf=-1: [c2a282d4-c040-416d-9ee6-85fb672e92c4:192.168.30.13:41516], old=null
2019-09-26 11:00:40,408 [pool-37-thread-1] INFO  impl.RaftServerImpl (RaftServerImpl.java:setRole(174)) - c2a282d4-c040-416d-9ee6-85fb672e92c4@group-38CB7D1610DF: changes role from      null to FOLLOWER at term 0 for startAsFollower
2019-09-26 11:00:40,408 [pool-37-thread-1] INFO  impl.RoleInfo (RoleInfo.java:updateAndGet(143)) - c2a282d4-c040-416d-9ee6-85fb672e92c4: start FollowerState
2019-09-26 11:00:40,408 [pool-37-thread-1] INFO  util.JmxRegister (JmxRegister.java:tryRegister(44)) - Successfully registered JMX Bean with object name Ratis:service=RaftServer,group=group-38CB7D1610DF,id=c2a282d4-c040-416d-9ee6-85fb672e92c4
2019-09-26 11:00:40,414 [RatisPipelineUtilsThread] INFO  pipeline.PipelineStateManager (PipelineStateManager.java:addPipeline(56)) - Created pipeline Pipeline[ Id: 10730c9e-a110-4d15-93b5-38cb7d1610df, Nodes: c2a282d4-c040-416d-9ee6-85fb672e92c4{ip: 192.168.30.13, host: pr-hdds-1569-wvzgm-824869521, networkLocation: /default-rack, certSerialId: null}, Type:RATIS, Factor:ONE, State:OPEN]
2019-09-26 11:00:40,414 [RatisPipelineUtilsThread] INFO  pipeline.PipelinePlacementPolicy (PipelinePlacementPolicy.java:meetCriteria(91)) - Pipeline Placement: can't place more pipeline on heavy datanode： 77948620-7a50-4d08-820b-4684d575a259 Heaviness: 6 limit: 5
2019-09-26 11:00:40,435 [grpc-default-executor-0] INFO  impl.RaftServerProxy (RaftServerProxy.java:addNew(89)) - c2a282d4-c040-416d-9ee6-85fb672e92c4: addNew group-7DA3E163D347:[c2a282d4-c040-416d-9ee6-85fb672e92c4:192.168.30.13:41516] returns group-7DA3E163D347:java.util.concurrent.CompletableFuture@3e9b96fe[Not completed]
2019-09-26 11:00:40,437 [pool-37-thread-1] INFO  impl.RaftServerImpl (RaftServerImpl.java:<init>(95)) - c2a282d4-c040-416d-9ee6-85fb672e92c4: new RaftServerImpl for group-7DA3E163D347:[c2a282d4-c040-416d-9ee6-85fb672e92c4:192.168.30.13:41516] with ContainerStateMachine:uninitialized
2019-09-26 11:00:40,437 [pool-37-thread-1] INFO  server.RaftServerConfigKeys (ConfUtils.java:logGet(43)) - raft.server.rpc.timeout.min = 5s (custom)
2019-09-26 11:00:40,437 [pool-37-thread-1] INFO  server.RaftServerConfigKeys (ConfUtils.java:logGet(43)) - raft.server.rpc.timeout.max = 5200ms (custom)
2019-09-26 11:00:40,437 [pool-37-thread-1] INFO  server.RaftServerConfigKeys (ConfUtils.java:logGet(43)) - raft.server.rpcslowness.timeout = 120s (custom)
2019-09-26 11:00:40,437 [pool-37-thread-1] INFO  server.RaftServerConfigKeys (ConfUtils.java:logGet(43)) - raft.server.sleep.deviation.threshold = 300 (default)
2019-09-26 11:00:40,437 [pool-37-thread-1] INFO  server.RaftServerConfigKeys (ConfUtils.java:logGet(43)) - raft.server.log.appender.install.snapshot.enabled = false (custom)
2019-09-26 11:00:40,438 [pool-37-thread-1] INFO  impl.RaftServerImpl (ServerState.java:<init>(103)) - c2a282d4-c040-416d-9ee6-85fb672e92c4@group-7DA3E163D347: ConfigurationManager, init=-1: [c2a282d4-c040-416d-9ee6-85fb672e92c4:192.168.30.13:41516], old=null, confs=<EMPTY_MAP>
2019-09-26 11:00:40,438 [pool-37-thread-1] INFO  server.RaftServerConfigKeys (ConfUtils.java:logGet(43)) - raft.server.storage.dir = [/workdir/hadoop-ozone/tools/target/test-dir/MiniOzoneClusterImpl-86256be1-a8a6-428e-b2d3-bd155870efd4/datanode-1/data/ratis] (custom)
2019-09-26 11:00:40,438 [pool-37-thread-1] INFO  storage.RaftStorageDirectory (RaftStorageDirectory.java:analyzeStorage(246)) - The storage directory /workdir/hadoop-ozone/tools/target/test-dir/MiniOzoneClusterImpl-86256be1-a8a6-428e-b2d3-bd155870efd4/datanode-1/data/ratis/846aa197-1e42-4545-8d41-7da3e163d347 does not exist. Creating ...
2019-09-26 11:00:40,450 [pool-37-thread-1] INFO  storage.RaftStorageDirectory (RaftStorageDirectory.java:tryLock(328)) - Lock on /workdir/hadoop-ozone/tools/target/test-dir/MiniOzoneClusterImpl-86256be1-a8a6-428e-b2d3-bd155870efd4/datanode-1/data/ratis/846aa197-1e42-4545-8d41-7da3e163d347/in_use.lock acquired by nodename 14062@pr-hdds-1569-wvzgm-824869521
2019-09-26 11:00:40,463 [pool-37-thread-1] INFO  storage.RaftStorage (RaftStorage.java:format(72)) - Storage directory /workdir/hadoop-ozone/tools/target/test-dir/MiniOzoneClusterImpl-86256be1-a8a6-428e-b2d3-bd155870efd4/datanode-1/data/ratis/846aa197-1e42-4545-8d41-7da3e163d347 has been successfully formatted.
2019-09-26 11:00:40,463 [pool-37-thread-1] INFO  ratis.ContainerStateMachine (ContainerStateMachine.java:loadSnapshot(230)) - group-7DA3E163D347: The snapshot info is null. Setting the last applied indexto:(t:0, i:~)
2019-09-26 11:00:40,464 [pool-37-thread-1] INFO  server.RaftServerConfigKeys (ConfUtils.java:logGet(43)) - raft.server.notification.no-leader.timeout = 120s (custom)
2019-09-26 11:00:40,464 [pool-37-thread-1] INFO  server.RaftServerConfigKeys (ConfUtils.java:logGet(43)) - raft.server.log.use.memory = false (default)
2019-09-26 11:00:40,464 [pool-37-thread-1] INFO  server.RaftServerConfigKeys (ConfUtils.java:logGet(43)) - raft.server.log.purge.gap = 1000000 (custom)
2019-09-26 11:00:40,464 [pool-37-thread-1] INFO  server.RaftServerConfigKeys (ConfUtils.java:logGet(43)) - raft.server.log.appender.buffer.byte-limit = 33554432 (custom)
2019-09-26 11:00:40,464 [pool-37-thread-1] INFO  server.RaftServerConfigKeys (ConfUtils.java:logGet(43)) - raft.server.log.segment.size.max = 1048576 (custom)
2019-09-26 11:00:40,464 [pool-37-thread-1] INFO  server.RaftServerConfigKeys (ConfUtils.java:logGet(43)) - raft.server.log.segment.cache.num.max = 2 (custom)
2019-09-26 11:00:40,464 [pool-37-thread-1] INFO  segmented.SegmentedRaftLogWorker (SegmentedRaftLogWorker.java:<init>(172)) - new c2a282d4-c040-416d-9ee6-85fb672e92c4@group-7DA3E163D347-SegmentedRaftLogWorker for RaftStorage:Storage Directory /workdir/hadoop-ozone/tools/target/test-dir/MiniOzoneClusterImpl-86256be1-a8a6-428e-b2d3-bd155870efd4/datanode-1/data/ratis/846aa197-1e42-4545-8d41-7da3e163d347
2019-09-26 11:00:40,465 [pool-37-thread-1] INFO  server.RaftServerConfigKeys (ConfUtils.java:logGet(43)) - raft.server.log.queue.byte-limit = 2147483647 (custom)
2019-09-26 11:00:40,465 [pool-37-thread-1] INFO  server.RaftServerConfigKeys (ConfUtils.java:logGet(43)) - raft.server.log.queue.element-limit = 1024 (custom)
2019-09-26 11:00:40,465 [pool-37-thread-1] INFO  server.RaftServerConfigKeys (ConfUtils.java:logGet(43)) - raft.server.log.segment.size.max = 1048576 (custom)
2019-09-26 11:00:40,465 [pool-37-thread-1] INFO  server.RaftServerConfigKeys (ConfUtils.java:logGet(43)) - raft.server.log.preallocated.size = 16384 (custom)
2019-09-26 11:00:40,465 [pool-37-thread-1] INFO  server.RaftServerConfigKeys (ConfUtils.java:logGet(43)) - raft.server.log.write.buffer.size = 33554432 (custom)
2019-09-26 11:00:40,465 [pool-37-thread-1] INFO  server.RaftServerConfigKeys (ConfUtils.java:logGet(43)) - raft.server.log.force.sync.num = 128 (default)
2019-09-26 11:00:40,465 [pool-37-thread-1] INFO  server.RaftServerConfigKeys (ConfUtils.java:logGet(43)) - raft.server.log.statemachine.data.sync = true (default)
2019-09-26 11:00:40,465 [pool-37-thread-1] INFO  server.RaftServerConfigKeys (ConfUtils.java:logGet(43)) - raft.server.log.statemachine.data.sync.timeout = 10s (default)
2019-09-26 11:00:40,465 [pool-37-thread-1] INFO  server.RaftServerConfigKeys (ConfUtils.java:logGet(43)) - raft.server.log.statemachine.data.sync.timeout.retry = -1 (default)
2019-09-26 11:00:40,466 [pool-37-thread-1] INFO  server.RaftServerConfigKeys (ConfUtils.java:logGet(43)) - raft.server.log.statemachine.data.caching.enabled = true (custom)
2019-09-26 11:00:40,466 [pool-37-thread-1] INFO  segmented.SegmentedRaftLogWorker (SegmentedRaftLogWorker.java:lambda$new$0(132)) - c2a282d4-c040-416d-9ee6-85fb672e92c4@group-7DA3E163D347-SegmentedRaftLogWorker: flushIndex: setUnconditionally 0 -> -1
2019-09-26 11:00:40,466 [pool-37-thread-1] INFO  server.RaftServerConfigKeys (ConfUtils.java:logGet(43)) - raft.server.snapshot.auto.trigger.enabled = true (custom)
2019-09-26 11:00:40,466 [pool-37-thread-1] INFO  server.RaftServerConfigKeys (ConfUtils.java:logGet(43)) - raft.server.snapshot.auto.trigger.threshold = 10000 (custom)
2019-09-26 11:00:40,466 [pool-37-thread-1] INFO  server.RaftServerConfigKeys (ConfUtils.java:logGet(43)) - raft.server.snapshot.retention.num.files = 5 (custom)
2019-09-26 11:00:40,467 [pool-37-thread-1] INFO  server.RaftServerConfigKeys (ConfUtils.java:logGet(43)) - raft.server.retrycache.expirytime = 600000ms (custom)
2019-09-26 11:00:40,469 [pool-37-thread-1] INFO  impl.RaftServerImpl (RaftServerImpl.java:start(185)) - c2a282d4-c040-416d-9ee6-85fb672e92c4@group-7DA3E163D347: start as a follower, conf=-1: [c2a282d4-c040-416d-9ee6-85fb672e92c4:192.168.30.13:41516], old=null
2019-09-26 11:00:40,469 [pool-37-thread-1] INFO  impl.RaftServerImpl (RaftServerImpl.java:setRole(174)) - c2a282d4-c040-416d-9ee6-85fb672e92c4@group-7DA3E163D347: changes role from      null to FOLLOWER at term 0 for startAsFollower
2019-09-26 11:00:40,469 [pool-37-thread-1] INFO  impl.RoleInfo (RoleInfo.java:updateAndGet(143)) - c2a282d4-c040-416d-9ee6-85fb672e92c4: start FollowerState
2019-09-26 11:00:40,476 [pool-37-thread-1] INFO  util.JmxRegister (JmxRegister.java:tryRegister(44)) - Successfully registered JMX Bean with object name Ratis:service=RaftServer,group=group-7DA3E163D347,id=c2a282d4-c040-416d-9ee6-85fb672e92c4
2019-09-26 11:00:40,493 [RatisPipelineUtilsThread] INFO  pipeline.PipelineStateManager (PipelineStateManager.java:addPipeline(56)) - Created pipeline Pipeline[ Id: 846aa197-1e42-4545-8d41-7da3e163d347, Nodes: c2a282d4-c040-416d-9ee6-85fb672e92c4{ip: 192.168.30.13, host: pr-hdds-1569-wvzgm-824869521, networkLocation: /default-rack, certSerialId: null}, Type:RATIS, Factor:ONE, State:OPEN]
2019-09-26 11:00:40,493 [RatisPipelineUtilsThread] INFO  pipeline.PipelinePlacementPolicy (PipelinePlacementPolicy.java:meetCriteria(91)) - Pipeline Placement: can't place more pipeline on heavy datanode： 77948620-7a50-4d08-820b-4684d575a259 Heaviness: 6 limit: 5
2019-09-26 11:00:40,504 [grpc-default-executor-0] INFO  impl.RaftServerProxy (RaftServerProxy.java:addNew(89)) - 0847ba72-fdd2-48af-a9ba-81785ca9ed12: addNew group-45EFBB105674:[0847ba72-fdd2-48af-a9ba-81785ca9ed12:192.168.30.13:33635] returns group-45EFBB105674:java.util.concurrent.CompletableFuture@3c3b06a8[Not completed]
2019-09-26 11:00:40,505 [pool-67-thread-1] INFO  impl.RaftServerImpl (RaftServerImpl.java:<init>(95)) - 0847ba72-fdd2-48af-a9ba-81785ca9ed12: new RaftServerImpl for group-45EFBB105674:[0847ba72-fdd2-48af-a9ba-81785ca9ed12:192.168.30.13:33635] with ContainerStateMachine:uninitialized
2019-09-26 11:00:40,505 [pool-67-thread-1] INFO  server.RaftServerConfigKeys (ConfUtils.java:logGet(43)) - raft.server.rpc.timeout.min = 5s (custom)
2019-09-26 11:00:40,506 [pool-67-thread-1] INFO  server.RaftServerConfigKeys (ConfUtils.java:logGet(43)) - raft.server.rpc.timeout.max = 5200ms (custom)
2019-09-26 11:00:40,506 [pool-67-thread-1] INFO  server.RaftServerConfigKeys (ConfUtils.java:logGet(43)) - raft.server.rpcslowness.timeout = 120s (custom)
2019-09-26 11:00:40,506 [pool-67-thread-1] INFO  server.RaftServerConfigKeys (ConfUtils.java:logGet(43)) - raft.server.sleep.deviation.threshold = 300 (default)
2019-09-26 11:00:40,506 [pool-67-thread-1] INFO  server.RaftServerConfigKeys (ConfUtils.java:logGet(43)) - raft.server.log.appender.install.snapshot.enabled = false (custom)
2019-09-26 11:00:40,506 [pool-67-thread-1] INFO  impl.RaftServerImpl (ServerState.java:<init>(103)) - 0847ba72-fdd2-48af-a9ba-81785ca9ed12@group-45EFBB105674: ConfigurationManager, init=-1: [0847ba72-fdd2-48af-a9ba-81785ca9ed12:192.168.30.13:33635], old=null, confs=<EMPTY_MAP>
2019-09-26 11:00:40,506 [pool-67-thread-1] INFO  server.RaftServerConfigKeys (ConfUtils.java:logGet(43)) - raft.server.storage.dir = [/workdir/hadoop-ozone/tools/target/test-dir/MiniOzoneClusterImpl-86256be1-a8a6-428e-b2d3-bd155870efd4/datanode-4/data/ratis] (custom)
2019-09-26 11:00:40,507 [pool-67-thread-1] INFO  storage.RaftStorageDirectory (RaftStorageDirectory.java:analyzeStorage(246)) - The storage directory /workdir/hadoop-ozone/tools/target/test-dir/MiniOzoneClusterImpl-86256be1-a8a6-428e-b2d3-bd155870efd4/datanode-4/data/ratis/d4c58987-188c-4b79-a896-45efbb105674 does not exist. Creating ...
2019-09-26 11:00:40,519 [pool-67-thread-1] INFO  storage.RaftStorageDirectory (RaftStorageDirectory.java:tryLock(328)) - Lock on /workdir/hadoop-ozone/tools/target/test-dir/MiniOzoneClusterImpl-86256be1-a8a6-428e-b2d3-bd155870efd4/datanode-4/data/ratis/d4c58987-188c-4b79-a896-45efbb105674/in_use.lock acquired by nodename 14062@pr-hdds-1569-wvzgm-824869521
2019-09-26 11:00:40,543 [pool-67-thread-1] INFO  storage.RaftStorage (RaftStorage.java:format(72)) - Storage directory /workdir/hadoop-ozone/tools/target/test-dir/MiniOzoneClusterImpl-86256be1-a8a6-428e-b2d3-bd155870efd4/datanode-4/data/ratis/d4c58987-188c-4b79-a896-45efbb105674 has been successfully formatted.
2019-09-26 11:00:40,543 [pool-67-thread-1] INFO  ratis.ContainerStateMachine (ContainerStateMachine.java:loadSnapshot(230)) - group-45EFBB105674: The snapshot info is null. Setting the last applied indexto:(t:0, i:~)
2019-09-26 11:00:40,543 [pool-67-thread-1] INFO  server.RaftServerConfigKeys (ConfUtils.java:logGet(43)) - raft.server.notification.no-leader.timeout = 120s (custom)
2019-09-26 11:00:40,543 [pool-67-thread-1] INFO  server.RaftServerConfigKeys (ConfUtils.java:logGet(43)) - raft.server.log.use.memory = false (default)
2019-09-26 11:00:40,543 [pool-67-thread-1] INFO  server.RaftServerConfigKeys (ConfUtils.java:logGet(43)) - raft.server.log.purge.gap = 1000000 (custom)
2019-09-26 11:00:40,543 [pool-67-thread-1] INFO  server.RaftServerConfigKeys (ConfUtils.java:logGet(43)) - raft.server.log.appender.buffer.byte-limit = 33554432 (custom)
2019-09-26 11:00:40,543 [pool-67-thread-1] INFO  server.RaftServerConfigKeys (ConfUtils.java:logGet(43)) - raft.server.log.segment.size.max = 1048576 (custom)
2019-09-26 11:00:40,544 [pool-67-thread-1] INFO  server.RaftServerConfigKeys (ConfUtils.java:logGet(43)) - raft.server.log.segment.cache.num.max = 2 (custom)
2019-09-26 11:00:40,544 [pool-67-thread-1] INFO  segmented.SegmentedRaftLogWorker (SegmentedRaftLogWorker.java:<init>(172)) - new 0847ba72-fdd2-48af-a9ba-81785ca9ed12@group-45EFBB105674-SegmentedRaftLogWorker for RaftStorage:Storage Directory /workdir/hadoop-ozone/tools/target/test-dir/MiniOzoneClusterImpl-86256be1-a8a6-428e-b2d3-bd155870efd4/datanode-4/data/ratis/d4c58987-188c-4b79-a896-45efbb105674
2019-09-26 11:00:40,544 [pool-67-thread-1] INFO  server.RaftServerConfigKeys (ConfUtils.java:logGet(43)) - raft.server.log.queue.byte-limit = 2147483647 (custom)
2019-09-26 11:00:40,544 [pool-67-thread-1] INFO  server.RaftServerConfigKeys (ConfUtils.java:logGet(43)) - raft.server.log.queue.element-limit = 1024 (custom)
2019-09-26 11:00:40,544 [pool-67-thread-1] INFO  server.RaftServerConfigKeys (ConfUtils.java:logGet(43)) - raft.server.log.segment.size.max = 1048576 (custom)
2019-09-26 11:00:40,544 [pool-67-thread-1] INFO  server.RaftServerConfigKeys (ConfUtils.java:logGet(43)) - raft.server.log.preallocated.size = 16384 (custom)
2019-09-26 11:00:40,544 [pool-67-thread-1] INFO  server.RaftServerConfigKeys (ConfUtils.java:logGet(43)) - raft.server.log.write.buffer.size = 33554432 (custom)
2019-09-26 11:00:40,544 [pool-67-thread-1] INFO  server.RaftServerConfigKeys (ConfUtils.java:logGet(43)) - raft.server.log.force.sync.num = 128 (default)
2019-09-26 11:00:40,544 [pool-67-thread-1] INFO  server.RaftServerConfigKeys (ConfUtils.java:logGet(43)) - raft.server.log.statemachine.data.sync = true (default)
2019-09-26 11:00:40,545 [pool-67-thread-1] INFO  server.RaftServerConfigKeys (ConfUtils.java:logGet(43)) - raft.server.log.statemachine.data.sync.timeout = 10s (default)
2019-09-26 11:00:40,545 [pool-67-thread-1] INFO  server.RaftServerConfigKeys (ConfUtils.java:logGet(43)) - raft.server.log.statemachine.data.sync.timeout.retry = -1 (default)
2019-09-26 11:00:40,545 [pool-67-thread-1] INFO  server.RaftServerConfigKeys (ConfUtils.java:logGet(43)) - raft.server.log.statemachine.data.caching.enabled = true (custom)
2019-09-26 11:00:40,545 [pool-67-thread-1] INFO  segmented.SegmentedRaftLogWorker (SegmentedRaftLogWorker.java:lambda$new$0(132)) - 0847ba72-fdd2-48af-a9ba-81785ca9ed12@group-45EFBB105674-SegmentedRaftLogWorker: flushIndex: setUnconditionally 0 -> -1
2019-09-26 11:00:40,546 [pool-67-thread-1] INFO  server.RaftServerConfigKeys (ConfUtils.java:logGet(43)) - raft.server.snapshot.auto.trigger.enabled = true (custom)
2019-09-26 11:00:40,546 [pool-67-thread-1] INFO  server.RaftServerConfigKeys (ConfUtils.java:logGet(43)) - raft.server.snapshot.auto.trigger.threshold = 10000 (custom)
2019-09-26 11:00:40,546 [pool-67-thread-1] INFO  server.RaftServerConfigKeys (ConfUtils.java:logGet(43)) - raft.server.snapshot.retention.num.files = 5 (custom)
2019-09-26 11:00:40,546 [pool-67-thread-1] INFO  server.RaftServerConfigKeys (ConfUtils.java:logGet(43)) - raft.server.retrycache.expirytime = 600000ms (custom)
2019-09-26 11:00:40,548 [pool-67-thread-1] INFO  impl.RaftServerImpl (RaftServerImpl.java:start(185)) - 0847ba72-fdd2-48af-a9ba-81785ca9ed12@group-45EFBB105674: start as a follower, conf=-1: [0847ba72-fdd2-48af-a9ba-81785ca9ed12:192.168.30.13:33635], old=null
2019-09-26 11:00:40,548 [pool-67-thread-1] INFO  impl.RaftServerImpl (RaftServerImpl.java:setRole(174)) - 0847ba72-fdd2-48af-a9ba-81785ca9ed12@group-45EFBB105674: changes role from      null to FOLLOWER at term 0 for startAsFollower
2019-09-26 11:00:40,548 [pool-67-thread-1] INFO  impl.RoleInfo (RoleInfo.java:updateAndGet(143)) - 0847ba72-fdd2-48af-a9ba-81785ca9ed12: start FollowerState
2019-09-26 11:00:40,549 [pool-67-thread-1] INFO  util.JmxRegister (JmxRegister.java:tryRegister(44)) - Successfully registered JMX Bean with object name Ratis:service=RaftServer,group=group-45EFBB105674,id=0847ba72-fdd2-48af-a9ba-81785ca9ed12
2019-09-26 11:00:40,554 [RatisPipelineUtilsThread] INFO  pipeline.PipelineStateManager (PipelineStateManager.java:addPipeline(56)) - Created pipeline Pipeline[ Id: d4c58987-188c-4b79-a896-45efbb105674, Nodes: 0847ba72-fdd2-48af-a9ba-81785ca9ed12{ip: 192.168.30.13, host: pr-hdds-1569-wvzgm-824869521, networkLocation: /default-rack, certSerialId: null}, Type:RATIS, Factor:ONE, State:OPEN]
2019-09-26 11:00:40,554 [RatisPipelineUtilsThread] INFO  pipeline.PipelinePlacementPolicy (PipelinePlacementPolicy.java:meetCriteria(91)) - Pipeline Placement: can't place more pipeline on heavy datanode： 77948620-7a50-4d08-820b-4684d575a259 Heaviness: 6 limit: 5
2019-09-26 11:00:40,565 [grpc-default-executor-0] INFO  impl.RaftServerProxy (RaftServerProxy.java:addNew(89)) - 0847ba72-fdd2-48af-a9ba-81785ca9ed12: addNew group-04FE873F703A:[0847ba72-fdd2-48af-a9ba-81785ca9ed12:192.168.30.13:33635] returns group-04FE873F703A:java.util.concurrent.CompletableFuture@4ab3c6f3[Not completed]
2019-09-26 11:00:40,566 [pool-67-thread-1] INFO  impl.RaftServerImpl (RaftServerImpl.java:<init>(95)) - 0847ba72-fdd2-48af-a9ba-81785ca9ed12: new RaftServerImpl for group-04FE873F703A:[0847ba72-fdd2-48af-a9ba-81785ca9ed12:192.168.30.13:33635] with ContainerStateMachine:uninitialized
2019-09-26 11:00:40,566 [pool-67-thread-1] INFO  server.RaftServerConfigKeys (ConfUtils.java:logGet(43)) - raft.server.rpc.timeout.min = 5s (custom)
2019-09-26 11:00:40,567 [pool-67-thread-1] INFO  server.RaftServerConfigKeys (ConfUtils.java:logGet(43)) - raft.server.rpc.timeout.max = 5200ms (custom)
2019-09-26 11:00:40,567 [pool-67-thread-1] INFO  server.RaftServerConfigKeys (ConfUtils.java:logGet(43)) - raft.server.rpcslowness.timeout = 120s (custom)
2019-09-26 11:00:40,567 [pool-67-thread-1] INFO  server.RaftServerConfigKeys (ConfUtils.java:logGet(43)) - raft.server.sleep.deviation.threshold = 300 (default)
2019-09-26 11:00:40,567 [pool-67-thread-1] INFO  server.RaftServerConfigKeys (ConfUtils.java:logGet(43)) - raft.server.log.appender.install.snapshot.enabled = false (custom)
2019-09-26 11:00:40,567 [pool-67-thread-1] INFO  impl.RaftServerImpl (ServerState.java:<init>(103)) - 0847ba72-fdd2-48af-a9ba-81785ca9ed12@group-04FE873F703A: ConfigurationManager, init=-1: [0847ba72-fdd2-48af-a9ba-81785ca9ed12:192.168.30.13:33635], old=null, confs=<EMPTY_MAP>
2019-09-26 11:00:40,567 [pool-67-thread-1] INFO  server.RaftServerConfigKeys (ConfUtils.java:logGet(43)) - raft.server.storage.dir = [/workdir/hadoop-ozone/tools/target/test-dir/MiniOzoneClusterImpl-86256be1-a8a6-428e-b2d3-bd155870efd4/datanode-4/data/ratis] (custom)
2019-09-26 11:00:40,567 [pool-67-thread-1] INFO  storage.RaftStorageDirectory (RaftStorageDirectory.java:analyzeStorage(246)) - The storage directory /workdir/hadoop-ozone/tools/target/test-dir/MiniOzoneClusterImpl-86256be1-a8a6-428e-b2d3-bd155870efd4/datanode-4/data/ratis/31d50075-b9fa-4bd7-9590-04fe873f703a does not exist. Creating ...
 0.00% |█                                                                                                    |  0/1 Time: 0:00:012019-09-26 11:00:40,580 [pool-67-thread-1] INFO  storage.RaftStorageDirectory (RaftStorageDirectory.java:tryLock(328)) - Lock on /workdir/hadoop-ozone/tools/target/test-dir/MiniOzoneClusterImpl-86256be1-a8a6-428e-b2d3-bd155870efd4/datanode-4/data/ratis/31d50075-b9fa-4bd7-9590-04fe873f703a/in_use.lock acquired by nodename 14062@pr-hdds-1569-wvzgm-824869521
2019-09-26 11:00:40,593 [pool-67-thread-1] INFO  storage.RaftStorage (RaftStorage.java:format(72)) - Storage directory /workdir/hadoop-ozone/tools/target/test-dir/MiniOzoneClusterImpl-86256be1-a8a6-428e-b2d3-bd155870efd4/datanode-4/data/ratis/31d50075-b9fa-4bd7-9590-04fe873f703a has been successfully formatted.
2019-09-26 11:00:40,593 [pool-67-thread-1] INFO  ratis.ContainerStateMachine (ContainerStateMachine.java:loadSnapshot(230)) - group-04FE873F703A: The snapshot info is null. Setting the last applied indexto:(t:0, i:~)
2019-09-26 11:00:40,594 [pool-67-thread-1] INFO  server.RaftServerConfigKeys (ConfUtils.java:logGet(43)) - raft.server.notification.no-leader.timeout = 120s (custom)
2019-09-26 11:00:40,594 [pool-67-thread-1] INFO  server.RaftServerConfigKeys (ConfUtils.java:logGet(43)) - raft.server.log.use.memory = false (default)
2019-09-26 11:00:40,594 [pool-67-thread-1] INFO  server.RaftServerConfigKeys (ConfUtils.java:logGet(43)) - raft.server.log.purge.gap = 1000000 (custom)
2019-09-26 11:00:40,594 [pool-67-thread-1] INFO  server.RaftServerConfigKeys (ConfUtils.java:logGet(43)) - raft.server.log.appender.buffer.byte-limit = 33554432 (custom)
2019-09-26 11:00:40,594 [pool-67-thread-1] INFO  server.RaftServerConfigKeys (ConfUtils.java:logGet(43)) - raft.server.log.segment.size.max = 1048576 (custom)
2019-09-26 11:00:40,594 [pool-67-thread-1] INFO  server.RaftServerConfigKeys (ConfUtils.java:logGet(43)) - raft.server.log.segment.cache.num.max = 2 (custom)
2019-09-26 11:00:40,594 [pool-67-thread-1] INFO  segmented.SegmentedRaftLogWorker (SegmentedRaftLogWorker.java:<init>(172)) - new 0847ba72-fdd2-48af-a9ba-81785ca9ed12@group-04FE873F703A-SegmentedRaftLogWorker for RaftStorage:Storage Directory /workdir/hadoop-ozone/tools/target/test-dir/MiniOzoneClusterImpl-86256be1-a8a6-428e-b2d3-bd155870efd4/datanode-4/data/ratis/31d50075-b9fa-4bd7-9590-04fe873f703a
2019-09-26 11:00:40,595 [pool-67-thread-1] INFO  server.RaftServerConfigKeys (ConfUtils.java:logGet(43)) - raft.server.log.queue.byte-limit = 2147483647 (custom)
2019-09-26 11:00:40,595 [pool-67-thread-1] INFO  server.RaftServerConfigKeys (ConfUtils.java:logGet(43)) - raft.server.log.queue.element-limit = 1024 (custom)
2019-09-26 11:00:40,595 [pool-67-thread-1] INFO  server.RaftServerConfigKeys (ConfUtils.java:logGet(43)) - raft.server.log.segment.size.max = 1048576 (custom)
2019-09-26 11:00:40,595 [pool-67-thread-1] INFO  server.RaftServerConfigKeys (ConfUtils.java:logGet(43)) - raft.server.log.preallocated.size = 16384 (custom)
2019-09-26 11:00:40,595 [pool-67-thread-1] INFO  server.RaftServerConfigKeys (ConfUtils.java:logGet(43)) - raft.server.log.write.buffer.size = 33554432 (custom)
2019-09-26 11:00:40,595 [pool-67-thread-1] INFO  server.RaftServerConfigKeys (ConfUtils.java:logGet(43)) - raft.server.log.force.sync.num = 128 (default)
2019-09-26 11:00:40,596 [pool-67-thread-1] INFO  server.RaftServerConfigKeys (ConfUtils.java:logGet(43)) - raft.server.log.statemachine.data.sync = true (default)
2019-09-26 11:00:40,596 [pool-67-thread-1] INFO  server.RaftServerConfigKeys (ConfUtils.java:logGet(43)) - raft.server.log.statemachine.data.sync.timeout = 10s (default)
2019-09-26 11:00:40,596 [pool-67-thread-1] INFO  server.RaftServerConfigKeys (ConfUtils.java:logGet(43)) - raft.server.log.statemachine.data.sync.timeout.retry = -1 (default)
2019-09-26 11:00:40,596 [pool-67-thread-1] INFO  server.RaftServerConfigKeys (ConfUtils.java:logGet(43)) - raft.server.log.statemachine.data.caching.enabled = true (custom)
2019-09-26 11:00:40,596 [pool-67-thread-1] INFO  segmented.SegmentedRaftLogWorker (SegmentedRaftLogWorker.java:lambda$new$0(132)) - 0847ba72-fdd2-48af-a9ba-81785ca9ed12@group-04FE873F703A-SegmentedRaftLogWorker: flushIndex: setUnconditionally 0 -> -1
2019-09-26 11:00:40,597 [pool-67-thread-1] INFO  server.RaftServerConfigKeys (ConfUtils.java:logGet(43)) - raft.server.snapshot.auto.trigger.enabled = true (custom)
2019-09-26 11:00:40,597 [pool-67-thread-1] INFO  server.RaftServerConfigKeys (ConfUtils.java:logGet(43)) - raft.server.snapshot.auto.trigger.threshold = 10000 (custom)
2019-09-26 11:00:40,597 [pool-67-thread-1] INFO  server.RaftServerConfigKeys (ConfUtils.java:logGet(43)) - raft.server.snapshot.retention.num.files = 5 (custom)
2019-09-26 11:00:40,597 [pool-67-thread-1] INFO  server.RaftServerConfigKeys (ConfUtils.java:logGet(43)) - raft.server.retrycache.expirytime = 600000ms (custom)
2019-09-26 11:00:40,600 [pool-67-thread-1] INFO  impl.RaftServerImpl (RaftServerImpl.java:start(185)) - 0847ba72-fdd2-48af-a9ba-81785ca9ed12@group-04FE873F703A: start as a follower, conf=-1: [0847ba72-fdd2-48af-a9ba-81785ca9ed12:192.168.30.13:33635], old=null
2019-09-26 11:00:40,600 [pool-67-thread-1] INFO  impl.RaftServerImpl (RaftServerImpl.java:setRole(174)) - 0847ba72-fdd2-48af-a9ba-81785ca9ed12@group-04FE873F703A: changes role from      null to FOLLOWER at term 0 for startAsFollower
2019-09-26 11:00:40,601 [pool-67-thread-1] INFO  impl.RoleInfo (RoleInfo.java:updateAndGet(143)) - 0847ba72-fdd2-48af-a9ba-81785ca9ed12: start FollowerState
2019-09-26 11:00:40,601 [pool-67-thread-1] INFO  util.JmxRegister (JmxRegister.java:tryRegister(44)) - Successfully registered JMX Bean with object name Ratis:service=RaftServer,group=group-04FE873F703A,id=0847ba72-fdd2-48af-a9ba-81785ca9ed12
2019-09-26 11:00:40,606 [RatisPipelineUtilsThread] INFO  pipeline.PipelineStateManager (PipelineStateManager.java:addPipeline(56)) - Created pipeline Pipeline[ Id: 31d50075-b9fa-4bd7-9590-04fe873f703a, Nodes: 0847ba72-fdd2-48af-a9ba-81785ca9ed12{ip: 192.168.30.13, host: pr-hdds-1569-wvzgm-824869521, networkLocation: /default-rack, certSerialId: null}, Type:RATIS, Factor:ONE, State:OPEN]
2019-09-26 11:00:40,606 [RatisPipelineUtilsThread] INFO  pipeline.PipelinePlacementPolicy (PipelinePlacementPolicy.java:meetCriteria(91)) - Pipeline Placement: can't place more pipeline on heavy datanode： 77948620-7a50-4d08-820b-4684d575a259 Heaviness: 6 limit: 5
2019-09-26 11:00:40,617 [grpc-default-executor-0] INFO  impl.RaftServerProxy (RaftServerProxy.java:addNew(89)) - 9ef131de-2cca-412b-9aef-245b2f16ad17: addNew group-DF8877E13C61:[9ef131de-2cca-412b-9aef-245b2f16ad17:192.168.30.13:43347] returns group-DF8877E13C61:java.util.concurrent.CompletableFuture@76da9f7c[Not completed]
2019-09-26 11:00:40,619 [pool-47-thread-1] INFO  impl.RaftServerImpl (RaftServerImpl.java:<init>(95)) - 9ef131de-2cca-412b-9aef-245b2f16ad17: new RaftServerImpl for group-DF8877E13C61:[9ef131de-2cca-412b-9aef-245b2f16ad17:192.168.30.13:43347] with ContainerStateMachine:uninitialized
2019-09-26 11:00:40,619 [pool-47-thread-1] INFO  server.RaftServerConfigKeys (ConfUtils.java:logGet(43)) - raft.server.rpc.timeout.min = 5s (custom)
2019-09-26 11:00:40,620 [pool-47-thread-1] INFO  server.RaftServerConfigKeys (ConfUtils.java:logGet(43)) - raft.server.rpc.timeout.max = 5200ms (custom)
2019-09-26 11:00:40,620 [pool-47-thread-1] INFO  server.RaftServerConfigKeys (ConfUtils.java:logGet(43)) - raft.server.rpcslowness.timeout = 120s (custom)
2019-09-26 11:00:40,620 [pool-47-thread-1] INFO  server.RaftServerConfigKeys (ConfUtils.java:logGet(43)) - raft.server.sleep.deviation.threshold = 300 (default)
2019-09-26 11:00:40,620 [pool-47-thread-1] INFO  server.RaftServerConfigKeys (ConfUtils.java:logGet(43)) - raft.server.log.appender.install.snapshot.enabled = false (custom)
2019-09-26 11:00:40,620 [pool-47-thread-1] INFO  impl.RaftServerImpl (ServerState.java:<init>(103)) - 9ef131de-2cca-412b-9aef-245b2f16ad17@group-DF8877E13C61: ConfigurationManager, init=-1: [9ef131de-2cca-412b-9aef-245b2f16ad17:192.168.30.13:43347], old=null, confs=<EMPTY_MAP>
2019-09-26 11:00:40,620 [pool-47-thread-1] INFO  server.RaftServerConfigKeys (ConfUtils.java:logGet(43)) - raft.server.storage.dir = [/workdir/hadoop-ozone/tools/target/test-dir/MiniOzoneClusterImpl-86256be1-a8a6-428e-b2d3-bd155870efd4/datanode-2/data/ratis] (custom)
2019-09-26 11:00:40,621 [pool-47-thread-1] INFO  storage.RaftStorageDirectory (RaftStorageDirectory.java:analyzeStorage(246)) - The storage directory /workdir/hadoop-ozone/tools/target/test-dir/MiniOzoneClusterImpl-86256be1-a8a6-428e-b2d3-bd155870efd4/datanode-2/data/ratis/e048d8aa-85d9-4ab2-bd65-df8877e13c61 does not exist. Creating ...
2019-09-26 11:00:40,634 [pool-47-thread-1] INFO  storage.RaftStorageDirectory (RaftStorageDirectory.java:tryLock(328)) - Lock on /workdir/hadoop-ozone/tools/target/test-dir/MiniOzoneClusterImpl-86256be1-a8a6-428e-b2d3-bd155870efd4/datanode-2/data/ratis/e048d8aa-85d9-4ab2-bd65-df8877e13c61/in_use.lock acquired by nodename 14062@pr-hdds-1569-wvzgm-824869521
2019-09-26 11:00:40,648 [pool-47-thread-1] INFO  storage.RaftStorage (RaftStorage.java:format(72)) - Storage directory /workdir/hadoop-ozone/tools/target/test-dir/MiniOzoneClusterImpl-86256be1-a8a6-428e-b2d3-bd155870efd4/datanode-2/data/ratis/e048d8aa-85d9-4ab2-bd65-df8877e13c61 has been successfully formatted.
2019-09-26 11:00:40,648 [pool-47-thread-1] INFO  ratis.ContainerStateMachine (ContainerStateMachine.java:loadSnapshot(230)) - group-DF8877E13C61: The snapshot info is null. Setting the last applied indexto:(t:0, i:~)
2019-09-26 11:00:40,648 [pool-47-thread-1] INFO  server.RaftServerConfigKeys (ConfUtils.java:logGet(43)) - raft.server.notification.no-leader.timeout = 120s (custom)
2019-09-26 11:00:40,649 [pool-47-thread-1] INFO  server.RaftServerConfigKeys (ConfUtils.java:logGet(43)) - raft.server.log.use.memory = false (default)
2019-09-26 11:00:40,649 [pool-47-thread-1] INFO  server.RaftServerConfigKeys (ConfUtils.java:logGet(43)) - raft.server.log.purge.gap = 1000000 (custom)
2019-09-26 11:00:40,649 [pool-47-thread-1] INFO  server.RaftServerConfigKeys (ConfUtils.java:logGet(43)) - raft.server.log.appender.buffer.byte-limit = 33554432 (custom)
2019-09-26 11:00:40,649 [pool-47-thread-1] INFO  server.RaftServerConfigKeys (ConfUtils.java:logGet(43)) - raft.server.log.segment.size.max = 1048576 (custom)
2019-09-26 11:00:40,649 [pool-47-thread-1] INFO  server.RaftServerConfigKeys (ConfUtils.java:logGet(43)) - raft.server.log.segment.cache.num.max = 2 (custom)
2019-09-26 11:00:40,649 [pool-47-thread-1] INFO  segmented.SegmentedRaftLogWorker (SegmentedRaftLogWorker.java:<init>(172)) - new 9ef131de-2cca-412b-9aef-245b2f16ad17@group-DF8877E13C61-SegmentedRaftLogWorker for RaftStorage:Storage Directory /workdir/hadoop-ozone/tools/target/test-dir/MiniOzoneClusterImpl-86256be1-a8a6-428e-b2d3-bd155870efd4/datanode-2/data/ratis/e048d8aa-85d9-4ab2-bd65-df8877e13c61
2019-09-26 11:00:40,650 [pool-47-thread-1] INFO  server.RaftServerConfigKeys (ConfUtils.java:logGet(43)) - raft.server.log.queue.byte-limit = 2147483647 (custom)
2019-09-26 11:00:40,650 [pool-47-thread-1] INFO  server.RaftServerConfigKeys (ConfUtils.java:logGet(43)) - raft.server.log.queue.element-limit = 1024 (custom)
2019-09-26 11:00:40,650 [pool-47-thread-1] INFO  server.RaftServerConfigKeys (ConfUtils.java:logGet(43)) - raft.server.log.segment.size.max = 1048576 (custom)
2019-09-26 11:00:40,650 [pool-47-thread-1] INFO  server.RaftServerConfigKeys (ConfUtils.java:logGet(43)) - raft.server.log.preallocated.size = 16384 (custom)
2019-09-26 11:00:40,650 [pool-47-thread-1] INFO  server.RaftServerConfigKeys (ConfUtils.java:logGet(43)) - raft.server.log.write.buffer.size = 33554432 (custom)
2019-09-26 11:00:40,650 [pool-47-thread-1] INFO  server.RaftServerConfigKeys (ConfUtils.java:logGet(43)) - raft.server.log.force.sync.num = 128 (default)
2019-09-26 11:00:40,651 [pool-47-thread-1] INFO  server.RaftServerConfigKeys (ConfUtils.java:logGet(43)) - raft.server.log.statemachine.data.sync = true (default)
2019-09-26 11:00:40,651 [pool-47-thread-1] INFO  server.RaftServerConfigKeys (ConfUtils.java:logGet(43)) - raft.server.log.statemachine.data.sync.timeout = 10s (default)
2019-09-26 11:00:40,651 [pool-47-thread-1] INFO  server.RaftServerConfigKeys (ConfUtils.java:logGet(43)) - raft.server.log.statemachine.data.sync.timeout.retry = -1 (default)
2019-09-26 11:00:40,651 [pool-47-thread-1] INFO  server.RaftServerConfigKeys (ConfUtils.java:logGet(43)) - raft.server.log.statemachine.data.caching.enabled = true (custom)
2019-09-26 11:00:40,652 [pool-47-thread-1] INFO  segmented.SegmentedRaftLogWorker (SegmentedRaftLogWorker.java:lambda$new$0(132)) - 9ef131de-2cca-412b-9aef-245b2f16ad17@group-DF8877E13C61-SegmentedRaftLogWorker: flushIndex: setUnconditionally 0 -> -1
2019-09-26 11:00:40,652 [pool-47-thread-1] INFO  server.RaftServerConfigKeys (ConfUtils.java:logGet(43)) - raft.server.snapshot.auto.trigger.enabled = true (custom)
2019-09-26 11:00:40,652 [pool-47-thread-1] INFO  server.RaftServerConfigKeys (ConfUtils.java:logGet(43)) - raft.server.snapshot.auto.trigger.threshold = 10000 (custom)
2019-09-26 11:00:40,652 [pool-47-thread-1] INFO  server.RaftServerConfigKeys (ConfUtils.java:logGet(43)) - raft.server.snapshot.retention.num.files = 5 (custom)
2019-09-26 11:00:40,653 [pool-47-thread-1] INFO  server.RaftServerConfigKeys (ConfUtils.java:logGet(43)) - raft.server.retrycache.expirytime = 600000ms (custom)
2019-09-26 11:00:40,657 [pool-47-thread-1] INFO  impl.RaftServerImpl (RaftServerImpl.java:start(185)) - 9ef131de-2cca-412b-9aef-245b2f16ad17@group-DF8877E13C61: start as a follower, conf=-1: [9ef131de-2cca-412b-9aef-245b2f16ad17:192.168.30.13:43347], old=null
2019-09-26 11:00:40,657 [pool-47-thread-1] INFO  impl.RaftServerImpl (RaftServerImpl.java:setRole(174)) - 9ef131de-2cca-412b-9aef-245b2f16ad17@group-DF8877E13C61: changes role from      null to FOLLOWER at term 0 for startAsFollower
2019-09-26 11:00:40,657 [pool-47-thread-1] INFO  impl.RoleInfo (RoleInfo.java:updateAndGet(143)) - 9ef131de-2cca-412b-9aef-245b2f16ad17: start FollowerState
2019-09-26 11:00:40,658 [pool-47-thread-1] INFO  util.JmxRegister (JmxRegister.java:tryRegister(44)) - Successfully registered JMX Bean with object name Ratis:service=RaftServer,group=group-DF8877E13C61,id=9ef131de-2cca-412b-9aef-245b2f16ad17
2019-09-26 11:00:40,663 [RatisPipelineUtilsThread] INFO  pipeline.PipelineStateManager (PipelineStateManager.java:addPipeline(56)) - Created pipeline Pipeline[ Id: e048d8aa-85d9-4ab2-bd65-df8877e13c61, Nodes: 9ef131de-2cca-412b-9aef-245b2f16ad17{ip: 192.168.30.13, host: pr-hdds-1569-wvzgm-824869521, networkLocation: /default-rack, certSerialId: null}, Type:RATIS, Factor:ONE, State:OPEN]
2019-09-26 11:00:40,664 [RatisPipelineUtilsThread] INFO  pipeline.PipelinePlacementPolicy (PipelinePlacementPolicy.java:meetCriteria(91)) - Pipeline Placement: can't place more pipeline on heavy datanode： 77948620-7a50-4d08-820b-4684d575a259 Heaviness: 6 limit: 5
2019-09-26 11:00:40,675 [grpc-default-executor-0] INFO  impl.RaftServerProxy (RaftServerProxy.java:addNew(89)) - 9ef131de-2cca-412b-9aef-245b2f16ad17: addNew group-835A2D9F3A10:[9ef131de-2cca-412b-9aef-245b2f16ad17:192.168.30.13:43347] returns group-835A2D9F3A10:java.util.concurrent.CompletableFuture@66f8c282[Not completed]
2019-09-26 11:00:40,677 [pool-47-thread-1] INFO  impl.RaftServerImpl (RaftServerImpl.java:<init>(95)) - 9ef131de-2cca-412b-9aef-245b2f16ad17: new RaftServerImpl for group-835A2D9F3A10:[9ef131de-2cca-412b-9aef-245b2f16ad17:192.168.30.13:43347] with ContainerStateMachine:uninitialized
2019-09-26 11:00:40,677 [pool-47-thread-1] INFO  server.RaftServerConfigKeys (ConfUtils.java:logGet(43)) - raft.server.rpc.timeout.min = 5s (custom)
2019-09-26 11:00:40,677 [pool-47-thread-1] INFO  server.RaftServerConfigKeys (ConfUtils.java:logGet(43)) - raft.server.rpc.timeout.max = 5200ms (custom)
2019-09-26 11:00:40,677 [pool-47-thread-1] INFO  server.RaftServerConfigKeys (ConfUtils.java:logGet(43)) - raft.server.rpcslowness.timeout = 120s (custom)
2019-09-26 11:00:40,677 [pool-47-thread-1] INFO  server.RaftServerConfigKeys (ConfUtils.java:logGet(43)) - raft.server.sleep.deviation.threshold = 300 (default)
2019-09-26 11:00:40,678 [pool-47-thread-1] INFO  server.RaftServerConfigKeys (ConfUtils.java:logGet(43)) - raft.server.log.appender.install.snapshot.enabled = false (custom)
2019-09-26 11:00:40,678 [pool-47-thread-1] INFO  impl.RaftServerImpl (ServerState.java:<init>(103)) - 9ef131de-2cca-412b-9aef-245b2f16ad17@group-835A2D9F3A10: ConfigurationManager, init=-1: [9ef131de-2cca-412b-9aef-245b2f16ad17:192.168.30.13:43347], old=null, confs=<EMPTY_MAP>
2019-09-26 11:00:40,678 [pool-47-thread-1] INFO  server.RaftServerConfigKeys (ConfUtils.java:logGet(43)) - raft.server.storage.dir = [/workdir/hadoop-ozone/tools/target/test-dir/MiniOzoneClusterImpl-86256be1-a8a6-428e-b2d3-bd155870efd4/datanode-2/data/ratis] (custom)
2019-09-26 11:00:40,679 [pool-47-thread-1] INFO  storage.RaftStorageDirectory (RaftStorageDirectory.java:analyzeStorage(246)) - The storage directory /workdir/hadoop-ozone/tools/target/test-dir/MiniOzoneClusterImpl-86256be1-a8a6-428e-b2d3-bd155870efd4/datanode-2/data/ratis/e6e94a2f-892e-491d-9cc0-835a2d9f3a10 does not exist. Creating ...
2019-09-26 11:00:40,692 [pool-47-thread-1] INFO  storage.RaftStorageDirectory (RaftStorageDirectory.java:tryLock(328)) - Lock on /workdir/hadoop-ozone/tools/target/test-dir/MiniOzoneClusterImpl-86256be1-a8a6-428e-b2d3-bd155870efd4/datanode-2/data/ratis/e6e94a2f-892e-491d-9cc0-835a2d9f3a10/in_use.lock acquired by nodename 14062@pr-hdds-1569-wvzgm-824869521
2019-09-26 11:00:40,694 [Thread-208] INFO  container.ReplicationManager (ReplicationManager.java:start(163)) - Starting Replication Monitor Thread.
2019-09-26 11:00:40,696 [ReplicationMonitor] INFO  container.ReplicationManager (ReplicationManager.java:run(226)) - Replication Monitor Thread took 1 milliseconds for processing 0 containers.
2019-09-26 11:00:40,706 [pool-47-thread-1] INFO  storage.RaftStorage (RaftStorage.java:format(72)) - Storage directory /workdir/hadoop-ozone/tools/target/test-dir/MiniOzoneClusterImpl-86256be1-a8a6-428e-b2d3-bd155870efd4/datanode-2/data/ratis/e6e94a2f-892e-491d-9cc0-835a2d9f3a10 has been successfully formatted.
2019-09-26 11:00:40,706 [pool-47-thread-1] INFO  ratis.ContainerStateMachine (ContainerStateMachine.java:loadSnapshot(230)) - group-835A2D9F3A10: The snapshot info is null. Setting the last applied indexto:(t:0, i:~)
2019-09-26 11:00:40,707 [pool-47-thread-1] INFO  server.RaftServerConfigKeys (ConfUtils.java:logGet(43)) - raft.server.notification.no-leader.timeout = 120s (custom)
2019-09-26 11:00:40,707 [pool-47-thread-1] INFO  server.RaftServerConfigKeys (ConfUtils.java:logGet(43)) - raft.server.log.use.memory = false (default)
2019-09-26 11:00:40,707 [pool-47-thread-1] INFO  server.RaftServerConfigKeys (ConfUtils.java:logGet(43)) - raft.server.log.purge.gap = 1000000 (custom)
2019-09-26 11:00:40,707 [pool-47-thread-1] INFO  server.RaftServerConfigKeys (ConfUtils.java:logGet(43)) - raft.server.log.appender.buffer.byte-limit = 33554432 (custom)
2019-09-26 11:00:40,707 [pool-47-thread-1] INFO  server.RaftServerConfigKeys (ConfUtils.java:logGet(43)) - raft.server.log.segment.size.max = 1048576 (custom)
2019-09-26 11:00:40,708 [pool-47-thread-1] INFO  server.RaftServerConfigKeys (ConfUtils.java:logGet(43)) - raft.server.log.segment.cache.num.max = 2 (custom)
2019-09-26 11:00:40,708 [pool-47-thread-1] INFO  segmented.SegmentedRaftLogWorker (SegmentedRaftLogWorker.java:<init>(172)) - new 9ef131de-2cca-412b-9aef-245b2f16ad17@group-835A2D9F3A10-SegmentedRaftLogWorker for RaftStorage:Storage Directory /workdir/hadoop-ozone/tools/target/test-dir/MiniOzoneClusterImpl-86256be1-a8a6-428e-b2d3-bd155870efd4/datanode-2/data/ratis/e6e94a2f-892e-491d-9cc0-835a2d9f3a10
2019-09-26 11:00:40,708 [pool-47-thread-1] INFO  server.RaftServerConfigKeys (ConfUtils.java:logGet(43)) - raft.server.log.queue.byte-limit = 2147483647 (custom)
2019-09-26 11:00:40,708 [pool-47-thread-1] INFO  server.RaftServerConfigKeys (ConfUtils.java:logGet(43)) - raft.server.log.queue.element-limit = 1024 (custom)
2019-09-26 11:00:40,708 [pool-47-thread-1] INFO  server.RaftServerConfigKeys (ConfUtils.java:logGet(43)) - raft.server.log.segment.size.max = 1048576 (custom)
2019-09-26 11:00:40,709 [pool-47-thread-1] INFO  server.RaftServerConfigKeys (ConfUtils.java:logGet(43)) - raft.server.log.preallocated.size = 16384 (custom)
2019-09-26 11:00:40,709 [pool-47-thread-1] INFO  server.RaftServerConfigKeys (ConfUtils.java:logGet(43)) - raft.server.log.write.buffer.size = 33554432 (custom)
2019-09-26 11:00:40,709 [pool-47-thread-1] INFO  server.RaftServerConfigKeys (ConfUtils.java:logGet(43)) - raft.server.log.force.sync.num = 128 (default)
2019-09-26 11:00:40,709 [pool-47-thread-1] INFO  server.RaftServerConfigKeys (ConfUtils.java:logGet(43)) - raft.server.log.statemachine.data.sync = true (default)
2019-09-26 11:00:40,709 [pool-47-thread-1] INFO  server.RaftServerConfigKeys (ConfUtils.java:logGet(43)) - raft.server.log.statemachine.data.sync.timeout = 10s (default)
2019-09-26 11:00:40,710 [pool-47-thread-1] INFO  server.RaftServerConfigKeys (ConfUtils.java:logGet(43)) - raft.server.log.statemachine.data.sync.timeout.retry = -1 (default)
2019-09-26 11:00:40,710 [pool-47-thread-1] INFO  server.RaftServerConfigKeys (ConfUtils.java:logGet(43)) - raft.server.log.statemachine.data.caching.enabled = true (custom)
2019-09-26 11:00:40,710 [pool-47-thread-1] INFO  segmented.SegmentedRaftLogWorker (SegmentedRaftLogWorker.java:lambda$new$0(132)) - 9ef131de-2cca-412b-9aef-245b2f16ad17@group-835A2D9F3A10-SegmentedRaftLogWorker: flushIndex: setUnconditionally 0 -> -1
2019-09-26 11:00:40,711 [pool-47-thread-1] INFO  server.RaftServerConfigKeys (ConfUtils.java:logGet(43)) - raft.server.snapshot.auto.trigger.enabled = true (custom)
2019-09-26 11:00:40,711 [pool-47-thread-1] INFO  server.RaftServerConfigKeys (ConfUtils.java:logGet(43)) - raft.server.snapshot.auto.trigger.threshold = 10000 (custom)
2019-09-26 11:00:40,711 [pool-47-thread-1] INFO  server.RaftServerConfigKeys (ConfUtils.java:logGet(43)) - raft.server.snapshot.retention.num.files = 5 (custom)
2019-09-26 11:00:40,711 [pool-47-thread-1] INFO  server.RaftServerConfigKeys (ConfUtils.java:logGet(43)) - raft.server.retrycache.expirytime = 600000ms (custom)
2019-09-26 11:00:40,715 [pool-47-thread-1] INFO  impl.RaftServerImpl (RaftServerImpl.java:start(185)) - 9ef131de-2cca-412b-9aef-245b2f16ad17@group-835A2D9F3A10: start as a follower, conf=-1: [9ef131de-2cca-412b-9aef-245b2f16ad17:192.168.30.13:43347], old=null
2019-09-26 11:00:40,715 [pool-47-thread-1] INFO  impl.RaftServerImpl (RaftServerImpl.java:setRole(174)) - 9ef131de-2cca-412b-9aef-245b2f16ad17@group-835A2D9F3A10: changes role from      null to FOLLOWER at term 0 for startAsFollower
2019-09-26 11:00:40,715 [pool-47-thread-1] INFO  impl.RoleInfo (RoleInfo.java:updateAndGet(143)) - 9ef131de-2cca-412b-9aef-245b2f16ad17: start FollowerState
2019-09-26 11:00:40,715 [pool-47-thread-1] INFO  util.JmxRegister (JmxRegister.java:tryRegister(44)) - Successfully registered JMX Bean with object name Ratis:service=RaftServer,group=group-835A2D9F3A10,id=9ef131de-2cca-412b-9aef-245b2f16ad17
2019-09-26 11:00:40,721 [RatisPipelineUtilsThread] INFO  pipeline.PipelineStateManager (PipelineStateManager.java:addPipeline(56)) - Created pipeline Pipeline[ Id: e6e94a2f-892e-491d-9cc0-835a2d9f3a10, Nodes: 9ef131de-2cca-412b-9aef-245b2f16ad17{ip: 192.168.30.13, host: pr-hdds-1569-wvzgm-824869521, networkLocation: /default-rack, certSerialId: null}, Type:RATIS, Factor:ONE, State:OPEN]
2019-09-26 11:00:40,722 [RatisPipelineUtilsThread] INFO  pipeline.PipelinePlacementPolicy (PipelinePlacementPolicy.java:meetCriteria(91)) - Pipeline Placement: can't place more pipeline on heavy datanode： 77948620-7a50-4d08-820b-4684d575a259 Heaviness: 6 limit: 5
2019-09-26 11:00:40,734 [grpc-default-executor-0] INFO  impl.RaftServerProxy (RaftServerProxy.java:addNew(89)) - c2a282d4-c040-416d-9ee6-85fb672e92c4: addNew group-0E6F51461994:[c2a282d4-c040-416d-9ee6-85fb672e92c4:192.168.30.13:41516] returns group-0E6F51461994:java.util.concurrent.CompletableFuture@50f16521[Not completed]
2019-09-26 11:00:40,736 [pool-37-thread-1] INFO  impl.RaftServerImpl (RaftServerImpl.java:<init>(95)) - c2a282d4-c040-416d-9ee6-85fb672e92c4: new RaftServerImpl for group-0E6F51461994:[c2a282d4-c040-416d-9ee6-85fb672e92c4:192.168.30.13:41516] with ContainerStateMachine:uninitialized
2019-09-26 11:00:40,736 [pool-37-thread-1] INFO  server.RaftServerConfigKeys (ConfUtils.java:logGet(43)) - raft.server.rpc.timeout.min = 5s (custom)
2019-09-26 11:00:40,736 [pool-37-thread-1] INFO  server.RaftServerConfigKeys (ConfUtils.java:logGet(43)) - raft.server.rpc.timeout.max = 5200ms (custom)
2019-09-26 11:00:40,736 [pool-37-thread-1] INFO  server.RaftServerConfigKeys (ConfUtils.java:logGet(43)) - raft.server.rpcslowness.timeout = 120s (custom)
2019-09-26 11:00:40,737 [pool-37-thread-1] INFO  server.RaftServerConfigKeys (ConfUtils.java:logGet(43)) - raft.server.sleep.deviation.threshold = 300 (default)
2019-09-26 11:00:40,737 [pool-37-thread-1] INFO  server.RaftServerConfigKeys (ConfUtils.java:logGet(43)) - raft.server.log.appender.install.snapshot.enabled = false (custom)
2019-09-26 11:00:40,737 [pool-37-thread-1] INFO  impl.RaftServerImpl (ServerState.java:<init>(103)) - c2a282d4-c040-416d-9ee6-85fb672e92c4@group-0E6F51461994: ConfigurationManager, init=-1: [c2a282d4-c040-416d-9ee6-85fb672e92c4:192.168.30.13:41516], old=null, confs=<EMPTY_MAP>
2019-09-26 11:00:40,737 [pool-37-thread-1] INFO  server.RaftServerConfigKeys (ConfUtils.java:logGet(43)) - raft.server.storage.dir = [/workdir/hadoop-ozone/tools/target/test-dir/MiniOzoneClusterImpl-86256be1-a8a6-428e-b2d3-bd155870efd4/datanode-1/data/ratis] (custom)
2019-09-26 11:00:40,738 [pool-37-thread-1] INFO  storage.RaftStorageDirectory (RaftStorageDirectory.java:analyzeStorage(246)) - The storage directory /workdir/hadoop-ozone/tools/target/test-dir/MiniOzoneClusterImpl-86256be1-a8a6-428e-b2d3-bd155870efd4/datanode-1/data/ratis/01ccecf8-b5eb-44e4-8e9d-0e6f51461994 does not exist. Creating ...
2019-09-26 11:00:40,751 [pool-37-thread-1] INFO  storage.RaftStorageDirectory (RaftStorageDirectory.java:tryLock(328)) - Lock on /workdir/hadoop-ozone/tools/target/test-dir/MiniOzoneClusterImpl-86256be1-a8a6-428e-b2d3-bd155870efd4/datanode-1/data/ratis/01ccecf8-b5eb-44e4-8e9d-0e6f51461994/in_use.lock acquired by nodename 14062@pr-hdds-1569-wvzgm-824869521
2019-09-26 11:00:40,764 [pool-37-thread-1] INFO  storage.RaftStorage (RaftStorage.java:format(72)) - Storage directory /workdir/hadoop-ozone/tools/target/test-dir/MiniOzoneClusterImpl-86256be1-a8a6-428e-b2d3-bd155870efd4/datanode-1/data/ratis/01ccecf8-b5eb-44e4-8e9d-0e6f51461994 has been successfully formatted.
2019-09-26 11:00:40,765 [pool-37-thread-1] INFO  ratis.ContainerStateMachine (ContainerStateMachine.java:loadSnapshot(230)) - group-0E6F51461994: The snapshot info is null. Setting the last applied indexto:(t:0, i:~)
2019-09-26 11:00:40,765 [pool-37-thread-1] INFO  server.RaftServerConfigKeys (ConfUtils.java:logGet(43)) - raft.server.notification.no-leader.timeout = 120s (custom)
2019-09-26 11:00:40,765 [pool-37-thread-1] INFO  server.RaftServerConfigKeys (ConfUtils.java:logGet(43)) - raft.server.log.use.memory = false (default)
2019-09-26 11:00:40,765 [pool-37-thread-1] INFO  server.RaftServerConfigKeys (ConfUtils.java:logGet(43)) - raft.server.log.purge.gap = 1000000 (custom)
2019-09-26 11:00:40,766 [pool-37-thread-1] INFO  server.RaftServerConfigKeys (ConfUtils.java:logGet(43)) - raft.server.log.appender.buffer.byte-limit = 33554432 (custom)
2019-09-26 11:00:40,766 [pool-37-thread-1] INFO  server.RaftServerConfigKeys (ConfUtils.java:logGet(43)) - raft.server.log.segment.size.max = 1048576 (custom)
2019-09-26 11:00:40,766 [pool-37-thread-1] INFO  server.RaftServerConfigKeys (ConfUtils.java:logGet(43)) - raft.server.log.segment.cache.num.max = 2 (custom)
2019-09-26 11:00:40,766 [pool-37-thread-1] INFO  segmented.SegmentedRaftLogWorker (SegmentedRaftLogWorker.java:<init>(172)) - new c2a282d4-c040-416d-9ee6-85fb672e92c4@group-0E6F51461994-SegmentedRaftLogWorker for RaftStorage:Storage Directory /workdir/hadoop-ozone/tools/target/test-dir/MiniOzoneClusterImpl-86256be1-a8a6-428e-b2d3-bd155870efd4/datanode-1/data/ratis/01ccecf8-b5eb-44e4-8e9d-0e6f51461994
2019-09-26 11:00:40,766 [pool-37-thread-1] INFO  server.RaftServerConfigKeys (ConfUtils.java:logGet(43)) - raft.server.log.queue.byte-limit = 2147483647 (custom)
2019-09-26 11:00:40,766 [pool-37-thread-1] INFO  server.RaftServerConfigKeys (ConfUtils.java:logGet(43)) - raft.server.log.queue.element-limit = 1024 (custom)
2019-09-26 11:00:40,767 [pool-37-thread-1] INFO  server.RaftServerConfigKeys (ConfUtils.java:logGet(43)) - raft.server.log.segment.size.max = 1048576 (custom)
2019-09-26 11:00:40,767 [pool-37-thread-1] INFO  server.RaftServerConfigKeys (ConfUtils.java:logGet(43)) - raft.server.log.preallocated.size = 16384 (custom)
2019-09-26 11:00:40,767 [pool-37-thread-1] INFO  server.RaftServerConfigKeys (ConfUtils.java:logGet(43)) - raft.server.log.write.buffer.size = 33554432 (custom)
2019-09-26 11:00:40,767 [pool-37-thread-1] INFO  server.RaftServerConfigKeys (ConfUtils.java:logGet(43)) - raft.server.log.force.sync.num = 128 (default)
2019-09-26 11:00:40,767 [pool-37-thread-1] INFO  server.RaftServerConfigKeys (ConfUtils.java:logGet(43)) - raft.server.log.statemachine.data.sync = true (default)
2019-09-26 11:00:40,767 [pool-37-thread-1] INFO  server.RaftServerConfigKeys (ConfUtils.java:logGet(43)) - raft.server.log.statemachine.data.sync.timeout = 10s (default)
2019-09-26 11:00:40,768 [pool-37-thread-1] INFO  server.RaftServerConfigKeys (ConfUtils.java:logGet(43)) - raft.server.log.statemachine.data.sync.timeout.retry = -1 (default)
2019-09-26 11:00:40,768 [pool-37-thread-1] INFO  server.RaftServerConfigKeys (ConfUtils.java:logGet(43)) - raft.server.log.statemachine.data.caching.enabled = true (custom)
2019-09-26 11:00:40,768 [pool-37-thread-1] INFO  segmented.SegmentedRaftLogWorker (SegmentedRaftLogWorker.java:lambda$new$0(132)) - c2a282d4-c040-416d-9ee6-85fb672e92c4@group-0E6F51461994-SegmentedRaftLogWorker: flushIndex: setUnconditionally 0 -> -1
2019-09-26 11:00:40,769 [pool-37-thread-1] INFO  server.RaftServerConfigKeys (ConfUtils.java:logGet(43)) - raft.server.snapshot.auto.trigger.enabled = true (custom)
2019-09-26 11:00:40,769 [pool-37-thread-1] INFO  server.RaftServerConfigKeys (ConfUtils.java:logGet(43)) - raft.server.snapshot.auto.trigger.threshold = 10000 (custom)
2019-09-26 11:00:40,769 [pool-37-thread-1] INFO  server.RaftServerConfigKeys (ConfUtils.java:logGet(43)) - raft.server.snapshot.retention.num.files = 5 (custom)
2019-09-26 11:00:40,769 [pool-37-thread-1] INFO  server.RaftServerConfigKeys (ConfUtils.java:logGet(43)) - raft.server.retrycache.expirytime = 600000ms (custom)
2019-09-26 11:00:40,772 [pool-37-thread-1] INFO  impl.RaftServerImpl (RaftServerImpl.java:start(185)) - c2a282d4-c040-416d-9ee6-85fb672e92c4@group-0E6F51461994: start as a follower, conf=-1: [c2a282d4-c040-416d-9ee6-85fb672e92c4:192.168.30.13:41516], old=null
2019-09-26 11:00:40,772 [pool-37-thread-1] INFO  impl.RaftServerImpl (RaftServerImpl.java:setRole(174)) - c2a282d4-c040-416d-9ee6-85fb672e92c4@group-0E6F51461994: changes role from      null to FOLLOWER at term 0 for startAsFollower
2019-09-26 11:00:40,772 [pool-37-thread-1] INFO  impl.RoleInfo (RoleInfo.java:updateAndGet(143)) - c2a282d4-c040-416d-9ee6-85fb672e92c4: start FollowerState
2019-09-26 11:00:40,773 [pool-37-thread-1] INFO  util.JmxRegister (JmxRegister.java:tryRegister(44)) - Successfully registered JMX Bean with object name Ratis:service=RaftServer,group=group-0E6F51461994,id=c2a282d4-c040-416d-9ee6-85fb672e92c4
2019-09-26 11:00:40,780 [RatisPipelineUtilsThread] INFO  pipeline.PipelineStateManager (PipelineStateManager.java:addPipeline(56)) - Created pipeline Pipeline[ Id: 01ccecf8-b5eb-44e4-8e9d-0e6f51461994, Nodes: c2a282d4-c040-416d-9ee6-85fb672e92c4{ip: 192.168.30.13, host: pr-hdds-1569-wvzgm-824869521, networkLocation: /default-rack, certSerialId: null}, Type:RATIS, Factor:ONE, State:OPEN]
2019-09-26 11:00:40,780 [RatisPipelineUtilsThread] INFO  pipeline.PipelinePlacementPolicy (PipelinePlacementPolicy.java:meetCriteria(91)) - Pipeline Placement: can't place more pipeline on heavy datanode： c2a282d4-c040-416d-9ee6-85fb672e92c4 Heaviness: 6 limit: 5
2019-09-26 11:00:40,780 [RatisPipelineUtilsThread] INFO  pipeline.PipelinePlacementPolicy (PipelinePlacementPolicy.java:meetCriteria(91)) - Pipeline Placement: can't place more pipeline on heavy datanode： 77948620-7a50-4d08-820b-4684d575a259 Heaviness: 6 limit: 5
2019-09-26 11:00:40,791 [grpc-default-executor-0] INFO  impl.RaftServerProxy (RaftServerProxy.java:addNew(89)) - 0847ba72-fdd2-48af-a9ba-81785ca9ed12: addNew group-D7807B3B9F39:[0847ba72-fdd2-48af-a9ba-81785ca9ed12:192.168.30.13:33635] returns group-D7807B3B9F39:java.util.concurrent.CompletableFuture@2944010[Not completed]
2019-09-26 11:00:40,792 [pool-67-thread-1] INFO  impl.RaftServerImpl (RaftServerImpl.java:<init>(95)) - 0847ba72-fdd2-48af-a9ba-81785ca9ed12: new RaftServerImpl for group-D7807B3B9F39:[0847ba72-fdd2-48af-a9ba-81785ca9ed12:192.168.30.13:33635] with ContainerStateMachine:uninitialized
2019-09-26 11:00:40,792 [pool-67-thread-1] INFO  server.RaftServerConfigKeys (ConfUtils.java:logGet(43)) - raft.server.rpc.timeout.min = 5s (custom)
2019-09-26 11:00:40,793 [pool-67-thread-1] INFO  server.RaftServerConfigKeys (ConfUtils.java:logGet(43)) - raft.server.rpc.timeout.max = 5200ms (custom)
2019-09-26 11:00:40,793 [pool-67-thread-1] INFO  server.RaftServerConfigKeys (ConfUtils.java:logGet(43)) - raft.server.rpcslowness.timeout = 120s (custom)
2019-09-26 11:00:40,793 [pool-67-thread-1] INFO  server.RaftServerConfigKeys (ConfUtils.java:logGet(43)) - raft.server.sleep.deviation.threshold = 300 (default)
2019-09-26 11:00:40,793 [pool-67-thread-1] INFO  server.RaftServerConfigKeys (ConfUtils.java:logGet(43)) - raft.server.log.appender.install.snapshot.enabled = false (custom)
2019-09-26 11:00:40,793 [pool-67-thread-1] INFO  impl.RaftServerImpl (ServerState.java:<init>(103)) - 0847ba72-fdd2-48af-a9ba-81785ca9ed12@group-D7807B3B9F39: ConfigurationManager, init=-1: [0847ba72-fdd2-48af-a9ba-81785ca9ed12:192.168.30.13:33635], old=null, confs=<EMPTY_MAP>
2019-09-26 11:00:40,793 [pool-67-thread-1] INFO  server.RaftServerConfigKeys (ConfUtils.java:logGet(43)) - raft.server.storage.dir = [/workdir/hadoop-ozone/tools/target/test-dir/MiniOzoneClusterImpl-86256be1-a8a6-428e-b2d3-bd155870efd4/datanode-4/data/ratis] (custom)
2019-09-26 11:00:40,794 [pool-67-thread-1] INFO  storage.RaftStorageDirectory (RaftStorageDirectory.java:analyzeStorage(246)) - The storage directory /workdir/hadoop-ozone/tools/target/test-dir/MiniOzoneClusterImpl-86256be1-a8a6-428e-b2d3-bd155870efd4/datanode-4/data/ratis/ed986fac-42d7-4a09-9429-d7807b3b9f39 does not exist. Creating ...
2019-09-26 11:00:40,807 [pool-67-thread-1] INFO  storage.RaftStorageDirectory (RaftStorageDirectory.java:tryLock(328)) - Lock on /workdir/hadoop-ozone/tools/target/test-dir/MiniOzoneClusterImpl-86256be1-a8a6-428e-b2d3-bd155870efd4/datanode-4/data/ratis/ed986fac-42d7-4a09-9429-d7807b3b9f39/in_use.lock acquired by nodename 14062@pr-hdds-1569-wvzgm-824869521
2019-09-26 11:00:40,854 [pool-67-thread-1] INFO  storage.RaftStorage (RaftStorage.java:format(72)) - Storage directory /workdir/hadoop-ozone/tools/target/test-dir/MiniOzoneClusterImpl-86256be1-a8a6-428e-b2d3-bd155870efd4/datanode-4/data/ratis/ed986fac-42d7-4a09-9429-d7807b3b9f39 has been successfully formatted.
2019-09-26 11:00:40,857 [pool-67-thread-1] INFO  ratis.ContainerStateMachine (ContainerStateMachine.java:loadSnapshot(230)) - group-D7807B3B9F39: The snapshot info is null. Setting the last applied indexto:(t:0, i:~)
2019-09-26 11:00:40,857 [pool-67-thread-1] INFO  server.RaftServerConfigKeys (ConfUtils.java:logGet(43)) - raft.server.notification.no-leader.timeout = 120s (custom)
2019-09-26 11:00:40,857 [pool-67-thread-1] INFO  server.RaftServerConfigKeys (ConfUtils.java:logGet(43)) - raft.server.log.use.memory = false (default)
2019-09-26 11:00:40,858 [pool-67-thread-1] INFO  server.RaftServerConfigKeys (ConfUtils.java:logGet(43)) - raft.server.log.purge.gap = 1000000 (custom)
2019-09-26 11:00:40,858 [pool-67-thread-1] INFO  server.RaftServerConfigKeys (ConfUtils.java:logGet(43)) - raft.server.log.appender.buffer.byte-limit = 33554432 (custom)
2019-09-26 11:00:40,858 [pool-67-thread-1] INFO  server.RaftServerConfigKeys (ConfUtils.java:logGet(43)) - raft.server.log.segment.size.max = 1048576 (custom)
2019-09-26 11:00:40,858 [pool-67-thread-1] INFO  server.RaftServerConfigKeys (ConfUtils.java:logGet(43)) - raft.server.log.segment.cache.num.max = 2 (custom)
2019-09-26 11:00:40,858 [pool-67-thread-1] INFO  segmented.SegmentedRaftLogWorker (SegmentedRaftLogWorker.java:<init>(172)) - new 0847ba72-fdd2-48af-a9ba-81785ca9ed12@group-D7807B3B9F39-SegmentedRaftLogWorker for RaftStorage:Storage Directory /workdir/hadoop-ozone/tools/target/test-dir/MiniOzoneClusterImpl-86256be1-a8a6-428e-b2d3-bd155870efd4/datanode-4/data/ratis/ed986fac-42d7-4a09-9429-d7807b3b9f39
2019-09-26 11:00:40,859 [pool-67-thread-1] INFO  server.RaftServerConfigKeys (ConfUtils.java:logGet(43)) - raft.server.log.queue.byte-limit = 2147483647 (custom)
2019-09-26 11:00:40,859 [pool-67-thread-1] INFO  server.RaftServerConfigKeys (ConfUtils.java:logGet(43)) - raft.server.log.queue.element-limit = 1024 (custom)
2019-09-26 11:00:40,859 [pool-67-thread-1] INFO  server.RaftServerConfigKeys (ConfUtils.java:logGet(43)) - raft.server.log.segment.size.max = 1048576 (custom)
2019-09-26 11:00:40,859 [pool-67-thread-1] INFO  server.RaftServerConfigKeys (ConfUtils.java:logGet(43)) - raft.server.log.preallocated.size = 16384 (custom)
2019-09-26 11:00:40,859 [pool-67-thread-1] INFO  server.RaftServerConfigKeys (ConfUtils.java:logGet(43)) - raft.server.log.write.buffer.size = 33554432 (custom)
2019-09-26 11:00:40,860 [pool-67-thread-1] INFO  server.RaftServerConfigKeys (ConfUtils.java:logGet(43)) - raft.server.log.force.sync.num = 128 (default)
2019-09-26 11:00:40,860 [pool-67-thread-1] INFO  server.RaftServerConfigKeys (ConfUtils.java:logGet(43)) - raft.server.log.statemachine.data.sync = true (default)
2019-09-26 11:00:40,860 [pool-67-thread-1] INFO  server.RaftServerConfigKeys (ConfUtils.java:logGet(43)) - raft.server.log.statemachine.data.sync.timeout = 10s (default)
2019-09-26 11:00:40,860 [pool-67-thread-1] INFO  server.RaftServerConfigKeys (ConfUtils.java:logGet(43)) - raft.server.log.statemachine.data.sync.timeout.retry = -1 (default)
2019-09-26 11:00:40,868 [pool-67-thread-1] INFO  server.RaftServerConfigKeys (ConfUtils.java:logGet(43)) - raft.server.log.statemachine.data.caching.enabled = true (custom)
2019-09-26 11:00:40,868 [pool-67-thread-1] INFO  segmented.SegmentedRaftLogWorker (SegmentedRaftLogWorker.java:lambda$new$0(132)) - 0847ba72-fdd2-48af-a9ba-81785ca9ed12@group-D7807B3B9F39-SegmentedRaftLogWorker: flushIndex: setUnconditionally 0 -> -1
2019-09-26 11:00:40,869 [pool-67-thread-1] INFO  server.RaftServerConfigKeys (ConfUtils.java:logGet(43)) - raft.server.snapshot.auto.trigger.enabled = true (custom)
2019-09-26 11:00:40,869 [pool-67-thread-1] INFO  server.RaftServerConfigKeys (ConfUtils.java:logGet(43)) - raft.server.snapshot.auto.trigger.threshold = 10000 (custom)
2019-09-26 11:00:40,873 [pool-67-thread-1] INFO  server.RaftServerConfigKeys (ConfUtils.java:logGet(43)) - raft.server.snapshot.retention.num.files = 5 (custom)
2019-09-26 11:00:40,875 [pool-67-thread-1] INFO  server.RaftServerConfigKeys (ConfUtils.java:logGet(43)) - raft.server.retrycache.expirytime = 600000ms (custom)
2019-09-26 11:00:41,023 [pool-67-thread-1] INFO  impl.RaftServerImpl (RaftServerImpl.java:start(185)) - 0847ba72-fdd2-48af-a9ba-81785ca9ed12@group-D7807B3B9F39: start as a follower, conf=-1: [0847ba72-fdd2-48af-a9ba-81785ca9ed12:192.168.30.13:33635], old=null
2019-09-26 11:00:41,023 [pool-67-thread-1] INFO  impl.RaftServerImpl (RaftServerImpl.java:setRole(174)) - 0847ba72-fdd2-48af-a9ba-81785ca9ed12@group-D7807B3B9F39: changes role from      null to FOLLOWER at term 0 for startAsFollower
2019-09-26 11:00:41,023 [pool-67-thread-1] INFO  impl.RoleInfo (RoleInfo.java:updateAndGet(143)) - 0847ba72-fdd2-48af-a9ba-81785ca9ed12: start FollowerState
2019-09-26 11:00:41,024 [pool-67-thread-1] INFO  util.JmxRegister (JmxRegister.java:tryRegister(44)) - Successfully registered JMX Bean with object name Ratis:service=RaftServer,group=group-D7807B3B9F39,id=0847ba72-fdd2-48af-a9ba-81785ca9ed12
2019-09-26 11:00:41,030 [RatisPipelineUtilsThread] INFO  pipeline.PipelineStateManager (PipelineStateManager.java:addPipeline(56)) - Created pipeline Pipeline[ Id: ed986fac-42d7-4a09-9429-d7807b3b9f39, Nodes: 0847ba72-fdd2-48af-a9ba-81785ca9ed12{ip: 192.168.30.13, host: pr-hdds-1569-wvzgm-824869521, networkLocation: /default-rack, certSerialId: null}, Type:RATIS, Factor:ONE, State:OPEN]
2019-09-26 11:00:41,030 [RatisPipelineUtilsThread] INFO  pipeline.PipelinePlacementPolicy (PipelinePlacementPolicy.java:meetCriteria(91)) - Pipeline Placement: can't place more pipeline on heavy datanode： 0847ba72-fdd2-48af-a9ba-81785ca9ed12 Heaviness: 6 limit: 5
2019-09-26 11:00:41,030 [RatisPipelineUtilsThread] INFO  pipeline.PipelinePlacementPolicy (PipelinePlacementPolicy.java:meetCriteria(91)) - Pipeline Placement: can't place more pipeline on heavy datanode： c2a282d4-c040-416d-9ee6-85fb672e92c4 Heaviness: 6 limit: 5
2019-09-26 11:00:41,030 [RatisPipelineUtilsThread] INFO  pipeline.PipelinePlacementPolicy (PipelinePlacementPolicy.java:meetCriteria(91)) - Pipeline Placement: can't place more pipeline on heavy datanode： 77948620-7a50-4d08-820b-4684d575a259 Heaviness: 6 limit: 5
2019-09-26 11:00:41,040 [grpc-default-executor-0] INFO  impl.RaftServerProxy (RaftServerProxy.java:addNew(89)) - bfc6808e-e12b-4ff8-8ebc-28d07afe8d0b: addNew group-2475F625C20A:[bfc6808e-e12b-4ff8-8ebc-28d07afe8d0b:192.168.30.13:46368] returns group-2475F625C20A:java.util.concurrent.CompletableFuture@3a2d6502[Not completed]
2019-09-26 11:00:41,042 [pool-27-thread-1] INFO  impl.RaftServerImpl (RaftServerImpl.java:<init>(95)) - bfc6808e-e12b-4ff8-8ebc-28d07afe8d0b: new RaftServerImpl for group-2475F625C20A:[bfc6808e-e12b-4ff8-8ebc-28d07afe8d0b:192.168.30.13:46368] with ContainerStateMachine:uninitialized
2019-09-26 11:00:41,042 [pool-27-thread-1] INFO  server.RaftServerConfigKeys (ConfUtils.java:logGet(43)) - raft.server.rpc.timeout.min = 5s (custom)
2019-09-26 11:00:41,042 [pool-27-thread-1] INFO  server.RaftServerConfigKeys (ConfUtils.java:logGet(43)) - raft.server.rpc.timeout.max = 5200ms (custom)
2019-09-26 11:00:41,042 [pool-27-thread-1] INFO  server.RaftServerConfigKeys (ConfUtils.java:logGet(43)) - raft.server.rpcslowness.timeout = 120s (custom)
2019-09-26 11:00:41,042 [pool-27-thread-1] INFO  server.RaftServerConfigKeys (ConfUtils.java:logGet(43)) - raft.server.sleep.deviation.threshold = 300 (default)
2019-09-26 11:00:41,042 [pool-27-thread-1] INFO  server.RaftServerConfigKeys (ConfUtils.java:logGet(43)) - raft.server.log.appender.install.snapshot.enabled = false (custom)
2019-09-26 11:00:41,043 [pool-27-thread-1] INFO  impl.RaftServerImpl (ServerState.java:<init>(103)) - bfc6808e-e12b-4ff8-8ebc-28d07afe8d0b@group-2475F625C20A: ConfigurationManager, init=-1: [bfc6808e-e12b-4ff8-8ebc-28d07afe8d0b:192.168.30.13:46368], old=null, confs=<EMPTY_MAP>
2019-09-26 11:00:41,043 [pool-27-thread-1] INFO  server.RaftServerConfigKeys (ConfUtils.java:logGet(43)) - raft.server.storage.dir = [/workdir/hadoop-ozone/tools/target/test-dir/MiniOzoneClusterImpl-86256be1-a8a6-428e-b2d3-bd155870efd4/datanode-0/data/ratis] (custom)
2019-09-26 11:00:41,043 [pool-27-thread-1] INFO  storage.RaftStorageDirectory (RaftStorageDirectory.java:analyzeStorage(246)) - The storage directory /workdir/hadoop-ozone/tools/target/test-dir/MiniOzoneClusterImpl-86256be1-a8a6-428e-b2d3-bd155870efd4/datanode-0/data/ratis/2ffa168e-b652-4f1c-ae6e-2475f625c20a does not exist. Creating ...
2019-09-26 11:00:41,056 [pool-27-thread-1] INFO  storage.RaftStorageDirectory (RaftStorageDirectory.java:tryLock(328)) - Lock on /workdir/hadoop-ozone/tools/target/test-dir/MiniOzoneClusterImpl-86256be1-a8a6-428e-b2d3-bd155870efd4/datanode-0/data/ratis/2ffa168e-b652-4f1c-ae6e-2475f625c20a/in_use.lock acquired by nodename 14062@pr-hdds-1569-wvzgm-824869521
2019-09-26 11:00:41,067 [pool-27-thread-1] INFO  storage.RaftStorage (RaftStorage.java:format(72)) - Storage directory /workdir/hadoop-ozone/tools/target/test-dir/MiniOzoneClusterImpl-86256be1-a8a6-428e-b2d3-bd155870efd4/datanode-0/data/ratis/2ffa168e-b652-4f1c-ae6e-2475f625c20a has been successfully formatted.
2019-09-26 11:00:41,068 [pool-27-thread-1] INFO  ratis.ContainerStateMachine (ContainerStateMachine.java:loadSnapshot(230)) - group-2475F625C20A: The snapshot info is null. Setting the last applied indexto:(t:0, i:~)
2019-09-26 11:00:41,068 [pool-27-thread-1] INFO  server.RaftServerConfigKeys (ConfUtils.java:logGet(43)) - raft.server.notification.no-leader.timeout = 120s (custom)
2019-09-26 11:00:41,068 [pool-27-thread-1] INFO  server.RaftServerConfigKeys (ConfUtils.java:logGet(43)) - raft.server.log.use.memory = false (default)
2019-09-26 11:00:41,068 [pool-27-thread-1] INFO  server.RaftServerConfigKeys (ConfUtils.java:logGet(43)) - raft.server.log.purge.gap = 1000000 (custom)
2019-09-26 11:00:41,068 [pool-27-thread-1] INFO  server.RaftServerConfigKeys (ConfUtils.java:logGet(43)) - raft.server.log.appender.buffer.byte-limit = 33554432 (custom)
2019-09-26 11:00:41,069 [pool-27-thread-1] INFO  server.RaftServerConfigKeys (ConfUtils.java:logGet(43)) - raft.server.log.segment.size.max = 1048576 (custom)
2019-09-26 11:00:41,069 [pool-27-thread-1] INFO  server.RaftServerConfigKeys (ConfUtils.java:logGet(43)) - raft.server.log.segment.cache.num.max = 2 (custom)
2019-09-26 11:00:41,069 [pool-27-thread-1] INFO  segmented.SegmentedRaftLogWorker (SegmentedRaftLogWorker.java:<init>(172)) - new bfc6808e-e12b-4ff8-8ebc-28d07afe8d0b@group-2475F625C20A-SegmentedRaftLogWorker for RaftStorage:Storage Directory /workdir/hadoop-ozone/tools/target/test-dir/MiniOzoneClusterImpl-86256be1-a8a6-428e-b2d3-bd155870efd4/datanode-0/data/ratis/2ffa168e-b652-4f1c-ae6e-2475f625c20a
2019-09-26 11:00:41,069 [pool-27-thread-1] INFO  server.RaftServerConfigKeys (ConfUtils.java:logGet(43)) - raft.server.log.queue.byte-limit = 2147483647 (custom)
2019-09-26 11:00:41,069 [pool-27-thread-1] INFO  server.RaftServerConfigKeys (ConfUtils.java:logGet(43)) - raft.server.log.queue.element-limit = 1024 (custom)
2019-09-26 11:00:41,069 [pool-27-thread-1] INFO  server.RaftServerConfigKeys (ConfUtils.java:logGet(43)) - raft.server.log.segment.size.max = 1048576 (custom)
2019-09-26 11:00:41,070 [pool-27-thread-1] INFO  server.RaftServerConfigKeys (ConfUtils.java:logGet(43)) - raft.server.log.preallocated.size = 16384 (custom)
2019-09-26 11:00:41,070 [pool-27-thread-1] INFO  server.RaftServerConfigKeys (ConfUtils.java:logGet(43)) - raft.server.log.write.buffer.size = 33554432 (custom)
2019-09-26 11:00:41,070 [pool-27-thread-1] INFO  server.RaftServerConfigKeys (ConfUtils.java:logGet(43)) - raft.server.log.force.sync.num = 128 (default)
2019-09-26 11:00:41,070 [pool-27-thread-1] INFO  server.RaftServerConfigKeys (ConfUtils.java:logGet(43)) - raft.server.log.statemachine.data.sync = true (default)
2019-09-26 11:00:41,070 [pool-27-thread-1] INFO  server.RaftServerConfigKeys (ConfUtils.java:logGet(43)) - raft.server.log.statemachine.data.sync.timeout = 10s (default)
2019-09-26 11:00:41,070 [pool-27-thread-1] INFO  server.RaftServerConfigKeys (ConfUtils.java:logGet(43)) - raft.server.log.statemachine.data.sync.timeout.retry = -1 (default)
2019-09-26 11:00:41,071 [pool-27-thread-1] INFO  server.RaftServerConfigKeys (ConfUtils.java:logGet(43)) - raft.server.log.statemachine.data.caching.enabled = true (custom)
2019-09-26 11:00:41,071 [pool-27-thread-1] INFO  segmented.SegmentedRaftLogWorker (SegmentedRaftLogWorker.java:lambda$new$0(132)) - bfc6808e-e12b-4ff8-8ebc-28d07afe8d0b@group-2475F625C20A-SegmentedRaftLogWorker: flushIndex: setUnconditionally 0 -> -1
2019-09-26 11:00:41,071 [pool-27-thread-1] INFO  server.RaftServerConfigKeys (ConfUtils.java:logGet(43)) - raft.server.snapshot.auto.trigger.enabled = true (custom)
2019-09-26 11:00:41,071 [pool-27-thread-1] INFO  server.RaftServerConfigKeys (ConfUtils.java:logGet(43)) - raft.server.snapshot.auto.trigger.threshold = 10000 (custom)
2019-09-26 11:00:41,072 [pool-27-thread-1] INFO  server.RaftServerConfigKeys (ConfUtils.java:logGet(43)) - raft.server.snapshot.retention.num.files = 5 (custom)
2019-09-26 11:00:41,072 [pool-27-thread-1] INFO  server.RaftServerConfigKeys (ConfUtils.java:logGet(43)) - raft.server.retrycache.expirytime = 600000ms (custom)
2019-09-26 11:00:41,074 [pool-27-thread-1] INFO  impl.RaftServerImpl (RaftServerImpl.java:start(185)) - bfc6808e-e12b-4ff8-8ebc-28d07afe8d0b@group-2475F625C20A: start as a follower, conf=-1: [bfc6808e-e12b-4ff8-8ebc-28d07afe8d0b:192.168.30.13:46368], old=null
2019-09-26 11:00:41,074 [pool-27-thread-1] INFO  impl.RaftServerImpl (RaftServerImpl.java:setRole(174)) - bfc6808e-e12b-4ff8-8ebc-28d07afe8d0b@group-2475F625C20A: changes role from      null to FOLLOWER at term 0 for startAsFollower
2019-09-26 11:00:41,075 [pool-27-thread-1] INFO  impl.RoleInfo (RoleInfo.java:updateAndGet(143)) - bfc6808e-e12b-4ff8-8ebc-28d07afe8d0b: start FollowerState
2019-09-26 11:00:41,075 [pool-27-thread-1] INFO  util.JmxRegister (JmxRegister.java:tryRegister(44)) - Successfully registered JMX Bean with object name Ratis:service=RaftServer,group=group-2475F625C20A,id=bfc6808e-e12b-4ff8-8ebc-28d07afe8d0b
2019-09-26 11:00:41,080 [RatisPipelineUtilsThread] INFO  pipeline.PipelineStateManager (PipelineStateManager.java:addPipeline(56)) - Created pipeline Pipeline[ Id: 2ffa168e-b652-4f1c-ae6e-2475f625c20a, Nodes: bfc6808e-e12b-4ff8-8ebc-28d07afe8d0b{ip: 192.168.30.13, host: pr-hdds-1569-wvzgm-824869521, networkLocation: /default-rack, certSerialId: null}, Type:RATIS, Factor:ONE, State:OPEN]
2019-09-26 11:00:41,081 [RatisPipelineUtilsThread] INFO  pipeline.PipelinePlacementPolicy (PipelinePlacementPolicy.java:meetCriteria(91)) - Pipeline Placement: can't place more pipeline on heavy datanode： 0847ba72-fdd2-48af-a9ba-81785ca9ed12 Heaviness: 6 limit: 5
2019-09-26 11:00:41,081 [RatisPipelineUtilsThread] INFO  pipeline.PipelinePlacementPolicy (PipelinePlacementPolicy.java:meetCriteria(91)) - Pipeline Placement: can't place more pipeline on heavy datanode： c2a282d4-c040-416d-9ee6-85fb672e92c4 Heaviness: 6 limit: 5
2019-09-26 11:00:41,081 [RatisPipelineUtilsThread] INFO  pipeline.PipelinePlacementPolicy (PipelinePlacementPolicy.java:meetCriteria(91)) - Pipeline Placement: can't place more pipeline on heavy datanode： 77948620-7a50-4d08-820b-4684d575a259 Heaviness: 6 limit: 5
2019-09-26 11:00:41,092 [grpc-default-executor-0] INFO  impl.RaftServerProxy (RaftServerProxy.java:addNew(89)) - 9ef131de-2cca-412b-9aef-245b2f16ad17: addNew group-E702C3376B43:[9ef131de-2cca-412b-9aef-245b2f16ad17:192.168.30.13:43347] returns group-E702C3376B43:java.util.concurrent.CompletableFuture@7b7087d6[Not completed]
2019-09-26 11:00:41,093 [pool-47-thread-1] INFO  impl.RaftServerImpl (RaftServerImpl.java:<init>(95)) - 9ef131de-2cca-412b-9aef-245b2f16ad17: new RaftServerImpl for group-E702C3376B43:[9ef131de-2cca-412b-9aef-245b2f16ad17:192.168.30.13:43347] with ContainerStateMachine:uninitialized
2019-09-26 11:00:41,094 [pool-47-thread-1] INFO  server.RaftServerConfigKeys (ConfUtils.java:logGet(43)) - raft.server.rpc.timeout.min = 5s (custom)
2019-09-26 11:00:41,094 [pool-47-thread-1] INFO  server.RaftServerConfigKeys (ConfUtils.java:logGet(43)) - raft.server.rpc.timeout.max = 5200ms (custom)
2019-09-26 11:00:41,094 [pool-47-thread-1] INFO  server.RaftServerConfigKeys (ConfUtils.java:logGet(43)) - raft.server.rpcslowness.timeout = 120s (custom)
2019-09-26 11:00:41,094 [pool-47-thread-1] INFO  server.RaftServerConfigKeys (ConfUtils.java:logGet(43)) - raft.server.sleep.deviation.threshold = 300 (default)
2019-09-26 11:00:41,094 [pool-47-thread-1] INFO  server.RaftServerConfigKeys (ConfUtils.java:logGet(43)) - raft.server.log.appender.install.snapshot.enabled = false (custom)
2019-09-26 11:00:41,095 [pool-47-thread-1] INFO  impl.RaftServerImpl (ServerState.java:<init>(103)) - 9ef131de-2cca-412b-9aef-245b2f16ad17@group-E702C3376B43: ConfigurationManager, init=-1: [9ef131de-2cca-412b-9aef-245b2f16ad17:192.168.30.13:43347], old=null, confs=<EMPTY_MAP>
2019-09-26 11:00:41,095 [pool-47-thread-1] INFO  server.RaftServerConfigKeys (ConfUtils.java:logGet(43)) - raft.server.storage.dir = [/workdir/hadoop-ozone/tools/target/test-dir/MiniOzoneClusterImpl-86256be1-a8a6-428e-b2d3-bd155870efd4/datanode-2/data/ratis] (custom)
2019-09-26 11:00:41,095 [pool-47-thread-1] INFO  storage.RaftStorageDirectory (RaftStorageDirectory.java:analyzeStorage(246)) - The storage directory /workdir/hadoop-ozone/tools/target/test-dir/MiniOzoneClusterImpl-86256be1-a8a6-428e-b2d3-bd155870efd4/datanode-2/data/ratis/f04478c3-0a6d-47b6-b359-e702c3376b43 does not exist. Creating ...
2019-09-26 11:00:41,109 [pool-47-thread-1] INFO  storage.RaftStorageDirectory (RaftStorageDirectory.java:tryLock(328)) - Lock on /workdir/hadoop-ozone/tools/target/test-dir/MiniOzoneClusterImpl-86256be1-a8a6-428e-b2d3-bd155870efd4/datanode-2/data/ratis/f04478c3-0a6d-47b6-b359-e702c3376b43/in_use.lock acquired by nodename 14062@pr-hdds-1569-wvzgm-824869521
2019-09-26 11:00:41,122 [pool-47-thread-1] INFO  storage.RaftStorage (RaftStorage.java:format(72)) - Storage directory /workdir/hadoop-ozone/tools/target/test-dir/MiniOzoneClusterImpl-86256be1-a8a6-428e-b2d3-bd155870efd4/datanode-2/data/ratis/f04478c3-0a6d-47b6-b359-e702c3376b43 has been successfully formatted.
2019-09-26 11:00:41,122 [pool-47-thread-1] INFO  ratis.ContainerStateMachine (ContainerStateMachine.java:loadSnapshot(230)) - group-E702C3376B43: The snapshot info is null. Setting the last applied indexto:(t:0, i:~)
2019-09-26 11:00:41,123 [pool-47-thread-1] INFO  server.RaftServerConfigKeys (ConfUtils.java:logGet(43)) - raft.server.notification.no-leader.timeout = 120s (custom)
2019-09-26 11:00:41,123 [pool-47-thread-1] INFO  server.RaftServerConfigKeys (ConfUtils.java:logGet(43)) - raft.server.log.use.memory = false (default)
2019-09-26 11:00:41,123 [pool-47-thread-1] INFO  server.RaftServerConfigKeys (ConfUtils.java:logGet(43)) - raft.server.log.purge.gap = 1000000 (custom)
2019-09-26 11:00:41,123 [pool-47-thread-1] INFO  server.RaftServerConfigKeys (ConfUtils.java:logGet(43)) - raft.server.log.appender.buffer.byte-limit = 33554432 (custom)
2019-09-26 11:00:41,123 [pool-47-thread-1] INFO  server.RaftServerConfigKeys (ConfUtils.java:logGet(43)) - raft.server.log.segment.size.max = 1048576 (custom)
2019-09-26 11:00:41,123 [pool-47-thread-1] INFO  server.RaftServerConfigKeys (ConfUtils.java:logGet(43)) - raft.server.log.segment.cache.num.max = 2 (custom)
2019-09-26 11:00:41,123 [pool-47-thread-1] INFO  segmented.SegmentedRaftLogWorker (SegmentedRaftLogWorker.java:<init>(172)) - new 9ef131de-2cca-412b-9aef-245b2f16ad17@group-E702C3376B43-SegmentedRaftLogWorker for RaftStorage:Storage Directory /workdir/hadoop-ozone/tools/target/test-dir/MiniOzoneClusterImpl-86256be1-a8a6-428e-b2d3-bd155870efd4/datanode-2/data/ratis/f04478c3-0a6d-47b6-b359-e702c3376b43
2019-09-26 11:00:41,123 [pool-47-thread-1] INFO  server.RaftServerConfigKeys (ConfUtils.java:logGet(43)) - raft.server.log.queue.byte-limit = 2147483647 (custom)
2019-09-26 11:00:41,124 [pool-47-thread-1] INFO  server.RaftServerConfigKeys (ConfUtils.java:logGet(43)) - raft.server.log.queue.element-limit = 1024 (custom)
2019-09-26 11:00:41,124 [pool-47-thread-1] INFO  server.RaftServerConfigKeys (ConfUtils.java:logGet(43)) - raft.server.log.segment.size.max = 1048576 (custom)
2019-09-26 11:00:41,124 [pool-47-thread-1] INFO  server.RaftServerConfigKeys (ConfUtils.java:logGet(43)) - raft.server.log.preallocated.size = 16384 (custom)
2019-09-26 11:00:41,124 [pool-47-thread-1] INFO  server.RaftServerConfigKeys (ConfUtils.java:logGet(43)) - raft.server.log.write.buffer.size = 33554432 (custom)
2019-09-26 11:00:41,124 [pool-47-thread-1] INFO  server.RaftServerConfigKeys (ConfUtils.java:logGet(43)) - raft.server.log.force.sync.num = 128 (default)
2019-09-26 11:00:41,124 [pool-47-thread-1] INFO  server.RaftServerConfigKeys (ConfUtils.java:logGet(43)) - raft.server.log.statemachine.data.sync = true (default)
2019-09-26 11:00:41,124 [pool-47-thread-1] INFO  server.RaftServerConfigKeys (ConfUtils.java:logGet(43)) - raft.server.log.statemachine.data.sync.timeout = 10s (default)
2019-09-26 11:00:41,124 [pool-47-thread-1] INFO  server.RaftServerConfigKeys (ConfUtils.java:logGet(43)) - raft.server.log.statemachine.data.sync.timeout.retry = -1 (default)
2019-09-26 11:00:41,125 [pool-47-thread-1] INFO  server.RaftServerConfigKeys (ConfUtils.java:logGet(43)) - raft.server.log.statemachine.data.caching.enabled = true (custom)
2019-09-26 11:00:41,125 [pool-47-thread-1] INFO  segmented.SegmentedRaftLogWorker (SegmentedRaftLogWorker.java:lambda$new$0(132)) - 9ef131de-2cca-412b-9aef-245b2f16ad17@group-E702C3376B43-SegmentedRaftLogWorker: flushIndex: setUnconditionally 0 -> -1
2019-09-26 11:00:41,125 [pool-47-thread-1] INFO  server.RaftServerConfigKeys (ConfUtils.java:logGet(43)) - raft.server.snapshot.auto.trigger.enabled = true (custom)
2019-09-26 11:00:41,125 [pool-47-thread-1] INFO  server.RaftServerConfigKeys (ConfUtils.java:logGet(43)) - raft.server.snapshot.auto.trigger.threshold = 10000 (custom)
2019-09-26 11:00:41,125 [pool-47-thread-1] INFO  server.RaftServerConfigKeys (ConfUtils.java:logGet(43)) - raft.server.snapshot.retention.num.files = 5 (custom)
2019-09-26 11:00:41,126 [pool-47-thread-1] INFO  server.RaftServerConfigKeys (ConfUtils.java:logGet(43)) - raft.server.retrycache.expirytime = 600000ms (custom)
2019-09-26 11:00:41,128 [pool-47-thread-1] INFO  impl.RaftServerImpl (RaftServerImpl.java:start(185)) - 9ef131de-2cca-412b-9aef-245b2f16ad17@group-E702C3376B43: start as a follower, conf=-1: [9ef131de-2cca-412b-9aef-245b2f16ad17:192.168.30.13:43347], old=null
2019-09-26 11:00:41,128 [pool-47-thread-1] INFO  impl.RaftServerImpl (RaftServerImpl.java:setRole(174)) - 9ef131de-2cca-412b-9aef-245b2f16ad17@group-E702C3376B43: changes role from      null to FOLLOWER at term 0 for startAsFollower
2019-09-26 11:00:41,129 [pool-47-thread-1] INFO  impl.RoleInfo (RoleInfo.java:updateAndGet(143)) - 9ef131de-2cca-412b-9aef-245b2f16ad17: start FollowerState
2019-09-26 11:00:41,129 [pool-47-thread-1] INFO  util.JmxRegister (JmxRegister.java:tryRegister(44)) - Successfully registered JMX Bean with object name Ratis:service=RaftServer,group=group-E702C3376B43,id=9ef131de-2cca-412b-9aef-245b2f16ad17
2019-09-26 11:00:41,134 [RatisPipelineUtilsThread] INFO  pipeline.PipelineStateManager (PipelineStateManager.java:addPipeline(56)) - Created pipeline Pipeline[ Id: f04478c3-0a6d-47b6-b359-e702c3376b43, Nodes: 9ef131de-2cca-412b-9aef-245b2f16ad17{ip: 192.168.30.13, host: pr-hdds-1569-wvzgm-824869521, networkLocation: /default-rack, certSerialId: null}, Type:RATIS, Factor:ONE, State:OPEN]
2019-09-26 11:00:41,134 [RatisPipelineUtilsThread] INFO  pipeline.PipelinePlacementPolicy (PipelinePlacementPolicy.java:meetCriteria(91)) - Pipeline Placement: can't place more pipeline on heavy datanode： 0847ba72-fdd2-48af-a9ba-81785ca9ed12 Heaviness: 6 limit: 5
2019-09-26 11:00:41,134 [RatisPipelineUtilsThread] INFO  pipeline.PipelinePlacementPolicy (PipelinePlacementPolicy.java:meetCriteria(91)) - Pipeline Placement: can't place more pipeline on heavy datanode： 9ef131de-2cca-412b-9aef-245b2f16ad17 Heaviness: 6 limit: 5
2019-09-26 11:00:41,134 [RatisPipelineUtilsThread] INFO  pipeline.PipelinePlacementPolicy (PipelinePlacementPolicy.java:meetCriteria(91)) - Pipeline Placement: can't place more pipeline on heavy datanode： c2a282d4-c040-416d-9ee6-85fb672e92c4 Heaviness: 6 limit: 5
2019-09-26 11:00:41,135 [RatisPipelineUtilsThread] INFO  pipeline.PipelinePlacementPolicy (PipelinePlacementPolicy.java:meetCriteria(91)) - Pipeline Placement: can't place more pipeline on heavy datanode： 77948620-7a50-4d08-820b-4684d575a259 Heaviness: 6 limit: 5
2019-09-26 11:00:41,145 [grpc-default-executor-0] INFO  impl.RaftServerProxy (RaftServerProxy.java:addNew(89)) - bfc6808e-e12b-4ff8-8ebc-28d07afe8d0b: addNew group-951D4893690C:[bfc6808e-e12b-4ff8-8ebc-28d07afe8d0b:192.168.30.13:46368] returns group-951D4893690C:java.util.concurrent.CompletableFuture@3dfe3c25[Not completed]
2019-09-26 11:00:41,147 [pool-27-thread-1] INFO  impl.RaftServerImpl (RaftServerImpl.java:<init>(95)) - bfc6808e-e12b-4ff8-8ebc-28d07afe8d0b: new RaftServerImpl for group-951D4893690C:[bfc6808e-e12b-4ff8-8ebc-28d07afe8d0b:192.168.30.13:46368] with ContainerStateMachine:uninitialized
2019-09-26 11:00:41,147 [pool-27-thread-1] INFO  server.RaftServerConfigKeys (ConfUtils.java:logGet(43)) - raft.server.rpc.timeout.min = 5s (custom)
2019-09-26 11:00:41,147 [pool-27-thread-1] INFO  server.RaftServerConfigKeys (ConfUtils.java:logGet(43)) - raft.server.rpc.timeout.max = 5200ms (custom)
2019-09-26 11:00:41,147 [pool-27-thread-1] INFO  server.RaftServerConfigKeys (ConfUtils.java:logGet(43)) - raft.server.rpcslowness.timeout = 120s (custom)
2019-09-26 11:00:41,147 [pool-27-thread-1] INFO  server.RaftServerConfigKeys (ConfUtils.java:logGet(43)) - raft.server.sleep.deviation.threshold = 300 (default)
2019-09-26 11:00:41,148 [pool-27-thread-1] INFO  server.RaftServerConfigKeys (ConfUtils.java:logGet(43)) - raft.server.log.appender.install.snapshot.enabled = false (custom)
2019-09-26 11:00:41,148 [pool-27-thread-1] INFO  impl.RaftServerImpl (ServerState.java:<init>(103)) - bfc6808e-e12b-4ff8-8ebc-28d07afe8d0b@group-951D4893690C: ConfigurationManager, init=-1: [bfc6808e-e12b-4ff8-8ebc-28d07afe8d0b:192.168.30.13:46368], old=null, confs=<EMPTY_MAP>
2019-09-26 11:00:41,148 [pool-27-thread-1] INFO  server.RaftServerConfigKeys (ConfUtils.java:logGet(43)) - raft.server.storage.dir = [/workdir/hadoop-ozone/tools/target/test-dir/MiniOzoneClusterImpl-86256be1-a8a6-428e-b2d3-bd155870efd4/datanode-0/data/ratis] (custom)
2019-09-26 11:00:41,149 [pool-27-thread-1] INFO  storage.RaftStorageDirectory (RaftStorageDirectory.java:analyzeStorage(246)) - The storage directory /workdir/hadoop-ozone/tools/target/test-dir/MiniOzoneClusterImpl-86256be1-a8a6-428e-b2d3-bd155870efd4/datanode-0/data/ratis/98de8f21-69a6-4435-b56e-951d4893690c does not exist. Creating ...
2019-09-26 11:00:41,162 [pool-27-thread-1] INFO  storage.RaftStorageDirectory (RaftStorageDirectory.java:tryLock(328)) - Lock on /workdir/hadoop-ozone/tools/target/test-dir/MiniOzoneClusterImpl-86256be1-a8a6-428e-b2d3-bd155870efd4/datanode-0/data/ratis/98de8f21-69a6-4435-b56e-951d4893690c/in_use.lock acquired by nodename 14062@pr-hdds-1569-wvzgm-824869521
2019-09-26 11:00:41,174 [pool-27-thread-1] INFO  storage.RaftStorage (RaftStorage.java:format(72)) - Storage directory /workdir/hadoop-ozone/tools/target/test-dir/MiniOzoneClusterImpl-86256be1-a8a6-428e-b2d3-bd155870efd4/datanode-0/data/ratis/98de8f21-69a6-4435-b56e-951d4893690c has been successfully formatted.
2019-09-26 11:00:41,175 [pool-27-thread-1] INFO  ratis.ContainerStateMachine (ContainerStateMachine.java:loadSnapshot(230)) - group-951D4893690C: The snapshot info is null. Setting the last applied indexto:(t:0, i:~)
2019-09-26 11:00:41,175 [pool-27-thread-1] INFO  server.RaftServerConfigKeys (ConfUtils.java:logGet(43)) - raft.server.notification.no-leader.timeout = 120s (custom)
2019-09-26 11:00:41,175 [pool-27-thread-1] INFO  server.RaftServerConfigKeys (ConfUtils.java:logGet(43)) - raft.server.log.use.memory = false (default)
2019-09-26 11:00:41,175 [pool-27-thread-1] INFO  server.RaftServerConfigKeys (ConfUtils.java:logGet(43)) - raft.server.log.purge.gap = 1000000 (custom)
2019-09-26 11:00:41,175 [pool-27-thread-1] INFO  server.RaftServerConfigKeys (ConfUtils.java:logGet(43)) - raft.server.log.appender.buffer.byte-limit = 33554432 (custom)
2019-09-26 11:00:41,176 [pool-27-thread-1] INFO  server.RaftServerConfigKeys (ConfUtils.java:logGet(43)) - raft.server.log.segment.size.max = 1048576 (custom)
2019-09-26 11:00:41,176 [pool-27-thread-1] INFO  server.RaftServerConfigKeys (ConfUtils.java:logGet(43)) - raft.server.log.segment.cache.num.max = 2 (custom)
2019-09-26 11:00:41,176 [pool-27-thread-1] INFO  segmented.SegmentedRaftLogWorker (SegmentedRaftLogWorker.java:<init>(172)) - new bfc6808e-e12b-4ff8-8ebc-28d07afe8d0b@group-951D4893690C-SegmentedRaftLogWorker for RaftStorage:Storage Directory /workdir/hadoop-ozone/tools/target/test-dir/MiniOzoneClusterImpl-86256be1-a8a6-428e-b2d3-bd155870efd4/datanode-0/data/ratis/98de8f21-69a6-4435-b56e-951d4893690c
2019-09-26 11:00:41,176 [pool-27-thread-1] INFO  server.RaftServerConfigKeys (ConfUtils.java:logGet(43)) - raft.server.log.queue.byte-limit = 2147483647 (custom)
2019-09-26 11:00:41,176 [pool-27-thread-1] INFO  server.RaftServerConfigKeys (ConfUtils.java:logGet(43)) - raft.server.log.queue.element-limit = 1024 (custom)
2019-09-26 11:00:41,177 [pool-27-thread-1] INFO  server.RaftServerConfigKeys (ConfUtils.java:logGet(43)) - raft.server.log.segment.size.max = 1048576 (custom)
2019-09-26 11:00:41,177 [pool-27-thread-1] INFO  server.RaftServerConfigKeys (ConfUtils.java:logGet(43)) - raft.server.log.preallocated.size = 16384 (custom)
2019-09-26 11:00:41,177 [pool-27-thread-1] INFO  server.RaftServerConfigKeys (ConfUtils.java:logGet(43)) - raft.server.log.write.buffer.size = 33554432 (custom)
2019-09-26 11:00:41,177 [pool-27-thread-1] INFO  server.RaftServerConfigKeys (ConfUtils.java:logGet(43)) - raft.server.log.force.sync.num = 128 (default)
2019-09-26 11:00:41,177 [pool-27-thread-1] INFO  server.RaftServerConfigKeys (ConfUtils.java:logGet(43)) - raft.server.log.statemachine.data.sync = true (default)
2019-09-26 11:00:41,177 [pool-27-thread-1] INFO  server.RaftServerConfigKeys (ConfUtils.java:logGet(43)) - raft.server.log.statemachine.data.sync.timeout = 10s (default)
2019-09-26 11:00:41,178 [pool-27-thread-1] INFO  server.RaftServerConfigKeys (ConfUtils.java:logGet(43)) - raft.server.log.statemachine.data.sync.timeout.retry = -1 (default)
2019-09-26 11:00:41,178 [pool-27-thread-1] INFO  server.RaftServerConfigKeys (ConfUtils.java:logGet(43)) - raft.server.log.statemachine.data.caching.enabled = true (custom)
2019-09-26 11:00:41,178 [pool-27-thread-1] INFO  segmented.SegmentedRaftLogWorker (SegmentedRaftLogWorker.java:lambda$new$0(132)) - bfc6808e-e12b-4ff8-8ebc-28d07afe8d0b@group-951D4893690C-SegmentedRaftLogWorker: flushIndex: setUnconditionally 0 -> -1
2019-09-26 11:00:41,179 [pool-27-thread-1] INFO  server.RaftServerConfigKeys (ConfUtils.java:logGet(43)) - raft.server.snapshot.auto.trigger.enabled = true (custom)
2019-09-26 11:00:41,179 [pool-27-thread-1] INFO  server.RaftServerConfigKeys (ConfUtils.java:logGet(43)) - raft.server.snapshot.auto.trigger.threshold = 10000 (custom)
2019-09-26 11:00:41,179 [pool-27-thread-1] INFO  server.RaftServerConfigKeys (ConfUtils.java:logGet(43)) - raft.server.snapshot.retention.num.files = 5 (custom)
2019-09-26 11:00:41,179 [pool-27-thread-1] INFO  server.RaftServerConfigKeys (ConfUtils.java:logGet(43)) - raft.server.retrycache.expirytime = 600000ms (custom)
2019-09-26 11:00:41,182 [pool-27-thread-1] INFO  impl.RaftServerImpl (RaftServerImpl.java:start(185)) - bfc6808e-e12b-4ff8-8ebc-28d07afe8d0b@group-951D4893690C: start as a follower, conf=-1: [bfc6808e-e12b-4ff8-8ebc-28d07afe8d0b:192.168.30.13:46368], old=null
2019-09-26 11:00:41,182 [pool-27-thread-1] INFO  impl.RaftServerImpl (RaftServerImpl.java:setRole(174)) - bfc6808e-e12b-4ff8-8ebc-28d07afe8d0b@group-951D4893690C: changes role from      null to FOLLOWER at term 0 for startAsFollower
2019-09-26 11:00:41,183 [pool-27-thread-1] INFO  impl.RoleInfo (RoleInfo.java:updateAndGet(143)) - bfc6808e-e12b-4ff8-8ebc-28d07afe8d0b: start FollowerState
2019-09-26 11:00:41,183 [pool-27-thread-1] INFO  util.JmxRegister (JmxRegister.java:tryRegister(44)) - Successfully registered JMX Bean with object name Ratis:service=RaftServer,group=group-951D4893690C,id=bfc6808e-e12b-4ff8-8ebc-28d07afe8d0b
2019-09-26 11:00:41,189 [RatisPipelineUtilsThread] INFO  pipeline.PipelineStateManager (PipelineStateManager.java:addPipeline(56)) - Created pipeline Pipeline[ Id: 98de8f21-69a6-4435-b56e-951d4893690c, Nodes: bfc6808e-e12b-4ff8-8ebc-28d07afe8d0b{ip: 192.168.30.13, host: pr-hdds-1569-wvzgm-824869521, networkLocation: /default-rack, certSerialId: null}, Type:RATIS, Factor:ONE, State:OPEN]
2019-09-26 11:00:41,189 [RatisPipelineUtilsThread] INFO  pipeline.PipelinePlacementPolicy (PipelinePlacementPolicy.java:meetCriteria(91)) - Pipeline Placement: can't place more pipeline on heavy datanode： 0847ba72-fdd2-48af-a9ba-81785ca9ed12 Heaviness: 6 limit: 5
2019-09-26 11:00:41,189 [RatisPipelineUtilsThread] INFO  pipeline.PipelinePlacementPolicy (PipelinePlacementPolicy.java:meetCriteria(91)) - Pipeline Placement: can't place more pipeline on heavy datanode： 9ef131de-2cca-412b-9aef-245b2f16ad17 Heaviness: 6 limit: 5
2019-09-26 11:00:41,190 [RatisPipelineUtilsThread] INFO  pipeline.PipelinePlacementPolicy (PipelinePlacementPolicy.java:meetCriteria(91)) - Pipeline Placement: can't place more pipeline on heavy datanode： c2a282d4-c040-416d-9ee6-85fb672e92c4 Heaviness: 6 limit: 5
2019-09-26 11:00:41,190 [RatisPipelineUtilsThread] INFO  pipeline.PipelinePlacementPolicy (PipelinePlacementPolicy.java:meetCriteria(91)) - Pipeline Placement: can't place more pipeline on heavy datanode： 77948620-7a50-4d08-820b-4684d575a259 Heaviness: 6 limit: 5
2019-09-26 11:00:41,200 [grpc-default-executor-0] INFO  impl.RaftServerProxy (RaftServerProxy.java:addNew(89)) - bfc6808e-e12b-4ff8-8ebc-28d07afe8d0b: addNew group-CF5151716198:[bfc6808e-e12b-4ff8-8ebc-28d07afe8d0b:192.168.30.13:46368] returns group-CF5151716198:java.util.concurrent.CompletableFuture@3f3565bd[Not completed]
2019-09-26 11:00:41,202 [pool-27-thread-1] INFO  impl.RaftServerImpl (RaftServerImpl.java:<init>(95)) - bfc6808e-e12b-4ff8-8ebc-28d07afe8d0b: new RaftServerImpl for group-CF5151716198:[bfc6808e-e12b-4ff8-8ebc-28d07afe8d0b:192.168.30.13:46368] with ContainerStateMachine:uninitialized
2019-09-26 11:00:41,202 [pool-27-thread-1] INFO  server.RaftServerConfigKeys (ConfUtils.java:logGet(43)) - raft.server.rpc.timeout.min = 5s (custom)
2019-09-26 11:00:41,202 [pool-27-thread-1] INFO  server.RaftServerConfigKeys (ConfUtils.java:logGet(43)) - raft.server.rpc.timeout.max = 5200ms (custom)
2019-09-26 11:00:41,203 [pool-27-thread-1] INFO  server.RaftServerConfigKeys (ConfUtils.java:logGet(43)) - raft.server.rpcslowness.timeout = 120s (custom)
2019-09-26 11:00:41,203 [pool-27-thread-1] INFO  server.RaftServerConfigKeys (ConfUtils.java:logGet(43)) - raft.server.sleep.deviation.threshold = 300 (default)
2019-09-26 11:00:41,203 [pool-27-thread-1] INFO  server.RaftServerConfigKeys (ConfUtils.java:logGet(43)) - raft.server.log.appender.install.snapshot.enabled = false (custom)
2019-09-26 11:00:41,203 [pool-27-thread-1] INFO  impl.RaftServerImpl (ServerState.java:<init>(103)) - bfc6808e-e12b-4ff8-8ebc-28d07afe8d0b@group-CF5151716198: ConfigurationManager, init=-1: [bfc6808e-e12b-4ff8-8ebc-28d07afe8d0b:192.168.30.13:46368], old=null, confs=<EMPTY_MAP>
2019-09-26 11:00:41,203 [pool-27-thread-1] INFO  server.RaftServerConfigKeys (ConfUtils.java:logGet(43)) - raft.server.storage.dir = [/workdir/hadoop-ozone/tools/target/test-dir/MiniOzoneClusterImpl-86256be1-a8a6-428e-b2d3-bd155870efd4/datanode-0/data/ratis] (custom)
2019-09-26 11:00:41,204 [pool-27-thread-1] INFO  storage.RaftStorageDirectory (RaftStorageDirectory.java:analyzeStorage(246)) - The storage directory /workdir/hadoop-ozone/tools/target/test-dir/MiniOzoneClusterImpl-86256be1-a8a6-428e-b2d3-bd155870efd4/datanode-0/data/ratis/960c1155-a215-4687-9456-cf5151716198 does not exist. Creating ...
2019-09-26 11:00:41,217 [pool-27-thread-1] INFO  storage.RaftStorageDirectory (RaftStorageDirectory.java:tryLock(328)) - Lock on /workdir/hadoop-ozone/tools/target/test-dir/MiniOzoneClusterImpl-86256be1-a8a6-428e-b2d3-bd155870efd4/datanode-0/data/ratis/960c1155-a215-4687-9456-cf5151716198/in_use.lock acquired by nodename 14062@pr-hdds-1569-wvzgm-824869521
2019-09-26 11:00:41,230 [pool-27-thread-1] INFO  storage.RaftStorage (RaftStorage.java:format(72)) - Storage directory /workdir/hadoop-ozone/tools/target/test-dir/MiniOzoneClusterImpl-86256be1-a8a6-428e-b2d3-bd155870efd4/datanode-0/data/ratis/960c1155-a215-4687-9456-cf5151716198 has been successfully formatted.
2019-09-26 11:00:41,231 [pool-27-thread-1] INFO  ratis.ContainerStateMachine (ContainerStateMachine.java:loadSnapshot(230)) - group-CF5151716198: The snapshot info is null. Setting the last applied indexto:(t:0, i:~)
2019-09-26 11:00:41,231 [pool-27-thread-1] INFO  server.RaftServerConfigKeys (ConfUtils.java:logGet(43)) - raft.server.notification.no-leader.timeout = 120s (custom)
2019-09-26 11:00:41,232 [pool-27-thread-1] INFO  server.RaftServerConfigKeys (ConfUtils.java:logGet(43)) - raft.server.log.use.memory = false (default)
2019-09-26 11:00:41,232 [pool-27-thread-1] INFO  server.RaftServerConfigKeys (ConfUtils.java:logGet(43)) - raft.server.log.purge.gap = 1000000 (custom)
2019-09-26 11:00:41,232 [pool-27-thread-1] INFO  server.RaftServerConfigKeys (ConfUtils.java:logGet(43)) - raft.server.log.appender.buffer.byte-limit = 33554432 (custom)
2019-09-26 11:00:41,232 [pool-27-thread-1] INFO  server.RaftServerConfigKeys (ConfUtils.java:logGet(43)) - raft.server.log.segment.size.max = 1048576 (custom)
2019-09-26 11:00:41,233 [pool-27-thread-1] INFO  server.RaftServerConfigKeys (ConfUtils.java:logGet(43)) - raft.server.log.segment.cache.num.max = 2 (custom)
2019-09-26 11:00:41,233 [pool-27-thread-1] INFO  segmented.SegmentedRaftLogWorker (SegmentedRaftLogWorker.java:<init>(172)) - new bfc6808e-e12b-4ff8-8ebc-28d07afe8d0b@group-CF5151716198-SegmentedRaftLogWorker for RaftStorage:Storage Directory /workdir/hadoop-ozone/tools/target/test-dir/MiniOzoneClusterImpl-86256be1-a8a6-428e-b2d3-bd155870efd4/datanode-0/data/ratis/960c1155-a215-4687-9456-cf5151716198
2019-09-26 11:00:41,233 [pool-27-thread-1] INFO  server.RaftServerConfigKeys (ConfUtils.java:logGet(43)) - raft.server.log.queue.byte-limit = 2147483647 (custom)
2019-09-26 11:00:41,234 [pool-27-thread-1] INFO  server.RaftServerConfigKeys (ConfUtils.java:logGet(43)) - raft.server.log.queue.element-limit = 1024 (custom)
2019-09-26 11:00:41,234 [pool-27-thread-1] INFO  server.RaftServerConfigKeys (ConfUtils.java:logGet(43)) - raft.server.log.segment.size.max = 1048576 (custom)
2019-09-26 11:00:41,234 [pool-27-thread-1] INFO  server.RaftServerConfigKeys (ConfUtils.java:logGet(43)) - raft.server.log.preallocated.size = 16384 (custom)
2019-09-26 11:00:41,235 [pool-27-thread-1] INFO  server.RaftServerConfigKeys (ConfUtils.java:logGet(43)) - raft.server.log.write.buffer.size = 33554432 (custom)
2019-09-26 11:00:41,235 [pool-27-thread-1] INFO  server.RaftServerConfigKeys (ConfUtils.java:logGet(43)) - raft.server.log.force.sync.num = 128 (default)
2019-09-26 11:00:41,235 [pool-27-thread-1] INFO  server.RaftServerConfigKeys (ConfUtils.java:logGet(43)) - raft.server.log.statemachine.data.sync = true (default)
2019-09-26 11:00:41,235 [pool-27-thread-1] INFO  server.RaftServerConfigKeys (ConfUtils.java:logGet(43)) - raft.server.log.statemachine.data.sync.timeout = 10s (default)
2019-09-26 11:00:41,236 [pool-27-thread-1] INFO  server.RaftServerConfigKeys (ConfUtils.java:logGet(43)) - raft.server.log.statemachine.data.sync.timeout.retry = -1 (default)
2019-09-26 11:00:41,236 [pool-27-thread-1] INFO  server.RaftServerConfigKeys (ConfUtils.java:logGet(43)) - raft.server.log.statemachine.data.caching.enabled = true (custom)
2019-09-26 11:00:41,237 [pool-27-thread-1] INFO  segmented.SegmentedRaftLogWorker (SegmentedRaftLogWorker.java:lambda$new$0(132)) - bfc6808e-e12b-4ff8-8ebc-28d07afe8d0b@group-CF5151716198-SegmentedRaftLogWorker: flushIndex: setUnconditionally 0 -> -1
2019-09-26 11:00:41,237 [pool-27-thread-1] INFO  server.RaftServerConfigKeys (ConfUtils.java:logGet(43)) - raft.server.snapshot.auto.trigger.enabled = true (custom)
2019-09-26 11:00:41,238 [pool-27-thread-1] INFO  server.RaftServerConfigKeys (ConfUtils.java:logGet(43)) - raft.server.snapshot.auto.trigger.threshold = 10000 (custom)
2019-09-26 11:00:41,238 [pool-27-thread-1] INFO  server.RaftServerConfigKeys (ConfUtils.java:logGet(43)) - raft.server.snapshot.retention.num.files = 5 (custom)
2019-09-26 11:00:41,238 [pool-27-thread-1] INFO  server.RaftServerConfigKeys (ConfUtils.java:logGet(43)) - raft.server.retrycache.expirytime = 600000ms (custom)
2019-09-26 11:00:41,246 [pool-27-thread-1] INFO  impl.RaftServerImpl (RaftServerImpl.java:start(185)) - bfc6808e-e12b-4ff8-8ebc-28d07afe8d0b@group-CF5151716198: start as a follower, conf=-1: [bfc6808e-e12b-4ff8-8ebc-28d07afe8d0b:192.168.30.13:46368], old=null
2019-09-26 11:00:41,247 [pool-27-thread-1] INFO  impl.RaftServerImpl (RaftServerImpl.java:setRole(174)) - bfc6808e-e12b-4ff8-8ebc-28d07afe8d0b@group-CF5151716198: changes role from      null to FOLLOWER at term 0 for startAsFollower
2019-09-26 11:00:41,247 [pool-27-thread-1] INFO  impl.RoleInfo (RoleInfo.java:updateAndGet(143)) - bfc6808e-e12b-4ff8-8ebc-28d07afe8d0b: start FollowerState
2019-09-26 11:00:41,247 [pool-27-thread-1] INFO  util.JmxRegister (JmxRegister.java:tryRegister(44)) - Successfully registered JMX Bean with object name Ratis:service=RaftServer,group=group-CF5151716198,id=bfc6808e-e12b-4ff8-8ebc-28d07afe8d0b
2019-09-26 11:00:41,252 [RatisPipelineUtilsThread] INFO  pipeline.PipelineStateManager (PipelineStateManager.java:addPipeline(56)) - Created pipeline Pipeline[ Id: 960c1155-a215-4687-9456-cf5151716198, Nodes: bfc6808e-e12b-4ff8-8ebc-28d07afe8d0b{ip: 192.168.30.13, host: pr-hdds-1569-wvzgm-824869521, networkLocation: /default-rack, certSerialId: null}, Type:RATIS, Factor:ONE, State:OPEN]
2019-09-26 11:00:41,252 [RatisPipelineUtilsThread] INFO  pipeline.PipelinePlacementPolicy (PipelinePlacementPolicy.java:meetCriteria(91)) - Pipeline Placement: can't place more pipeline on heavy datanode： 0847ba72-fdd2-48af-a9ba-81785ca9ed12 Heaviness: 6 limit: 5
2019-09-26 11:00:41,252 [RatisPipelineUtilsThread] INFO  pipeline.PipelinePlacementPolicy (PipelinePlacementPolicy.java:meetCriteria(91)) - Pipeline Placement: can't place more pipeline on heavy datanode： bfc6808e-e12b-4ff8-8ebc-28d07afe8d0b Heaviness: 6 limit: 5
2019-09-26 11:00:41,253 [RatisPipelineUtilsThread] INFO  pipeline.PipelinePlacementPolicy (PipelinePlacementPolicy.java:meetCriteria(91)) - Pipeline Placement: can't place more pipeline on heavy datanode： 9ef131de-2cca-412b-9aef-245b2f16ad17 Heaviness: 6 limit: 5
2019-09-26 11:00:41,253 [RatisPipelineUtilsThread] INFO  pipeline.PipelinePlacementPolicy (PipelinePlacementPolicy.java:meetCriteria(91)) - Pipeline Placement: can't place more pipeline on heavy datanode： c2a282d4-c040-416d-9ee6-85fb672e92c4 Heaviness: 6 limit: 5
2019-09-26 11:00:41,253 [RatisPipelineUtilsThread] INFO  pipeline.PipelinePlacementPolicy (PipelinePlacementPolicy.java:meetCriteria(91)) - Pipeline Placement: can't place more pipeline on heavy datanode： 77948620-7a50-4d08-820b-4684d575a259 Heaviness: 6 limit: 5
2019-09-26 11:00:41,253 [RatisPipelineUtilsThread] ERROR pipeline.PipelinePlacementPolicy (PipelinePlacementPolicy.java:filterViableNodes(148)) - Unable to find enough nodes that meet the criteria that cannot engage in more than 5 pipelines. Nodes required: 1 Found: 0, healthy nodes count inNodeManager: 5.
2019-09-26 11:00:41,256 [RatisPipelineUtilsThread] ERROR pipeline.SCMPipelineManager (SCMPipelineManager.java:createPipeline(167)) - Pipeline creation failed.
org.apache.hadoop.hdds.scm.exceptions.SCMException: Unable to find enough nodes that meet the criteria that cannot engage in more than 5 pipelines. Nodes required: 1 Found: 0, healthy nodes count inNodeManager: 5.
	at org.apache.hadoop.hdds.scm.pipeline.PipelinePlacementPolicy.filterViableNodes(PipelinePlacementPolicy.java:149)
	at org.apache.hadoop.hdds.scm.pipeline.PipelinePlacementPolicy.chooseDatanodes(PipelinePlacementPolicy.java:172)
	at org.apache.hadoop.hdds.scm.pipeline.RatisPipelineProvider.create(RatisPipelineProvider.java:93)
	at org.apache.hadoop.hdds.scm.pipeline.PipelineFactory.create(PipelineFactory.java:58)
	at org.apache.hadoop.hdds.scm.pipeline.SCMPipelineManager.createPipeline(SCMPipelineManager.java:155)
	at org.apache.hadoop.hdds.scm.pipeline.BackgroundPipelineCreator.createPipelines(BackgroundPipelineCreator.java:99)
	at java.util.concurrent.Executors$RunnableAdapter.call(Executors.java:511)
	at java.util.concurrent.FutureTask.run(FutureTask.java:266)
	at java.util.concurrent.ScheduledThreadPoolExecutor$ScheduledFutureTask.access$201(ScheduledThreadPoolExecutor.java:180)
	at java.util.concurrent.ScheduledThreadPoolExecutor$ScheduledFutureTask.run(ScheduledThreadPoolExecutor.java:293)
	at java.util.concurrent.ThreadPoolExecutor.runWorker(ThreadPoolExecutor.java:1149)
	at java.util.concurrent.ThreadPoolExecutor$Worker.run(ThreadPoolExecutor.java:624)
	at java.lang.Thread.run(Thread.java:748)
2019-09-26 11:00:41,258 [RatisPipelineUtilsThread] INFO  pipeline.PipelinePlacementPolicy (PipelinePlacementPolicy.java:meetCriteria(91)) - Pipeline Placement: can't place more pipeline on heavy datanode： 0847ba72-fdd2-48af-a9ba-81785ca9ed12 Heaviness: 6 limit: 5
2019-09-26 11:00:41,258 [RatisPipelineUtilsThread] INFO  pipeline.PipelinePlacementPolicy (PipelinePlacementPolicy.java:meetCriteria(91)) - Pipeline Placement: can't place more pipeline on heavy datanode： bfc6808e-e12b-4ff8-8ebc-28d07afe8d0b Heaviness: 6 limit: 5
2019-09-26 11:00:41,258 [RatisPipelineUtilsThread] INFO  pipeline.PipelinePlacementPolicy (PipelinePlacementPolicy.java:meetCriteria(91)) - Pipeline Placement: can't place more pipeline on heavy datanode： 9ef131de-2cca-412b-9aef-245b2f16ad17 Heaviness: 6 limit: 5
2019-09-26 11:00:41,259 [RatisPipelineUtilsThread] INFO  pipeline.PipelinePlacementPolicy (PipelinePlacementPolicy.java:meetCriteria(91)) - Pipeline Placement: can't place more pipeline on heavy datanode： c2a282d4-c040-416d-9ee6-85fb672e92c4 Heaviness: 6 limit: 5
2019-09-26 11:00:41,259 [RatisPipelineUtilsThread] INFO  pipeline.PipelinePlacementPolicy (PipelinePlacementPolicy.java:meetCriteria(91)) - Pipeline Placement: can't place more pipeline on heavy datanode： 77948620-7a50-4d08-820b-4684d575a259 Heaviness: 6 limit: 5
2019-09-26 11:00:41,259 [RatisPipelineUtilsThread] ERROR pipeline.PipelinePlacementPolicy (PipelinePlacementPolicy.java:filterViableNodes(148)) - Unable to find enough nodes that meet the criteria that cannot engage in more than 5 pipelines. Nodes required: 3 Found: 0, healthy nodes count inNodeManager: 5.
2019-09-26 11:00:41,259 [RatisPipelineUtilsThread] ERROR pipeline.SCMPipelineManager (SCMPipelineManager.java:createPipeline(167)) - Pipeline creation failed.
org.apache.hadoop.hdds.scm.exceptions.SCMException: Unable to find enough nodes that meet the criteria that cannot engage in more than 5 pipelines. Nodes required: 3 Found: 0, healthy nodes count inNodeManager: 5.
	at org.apache.hadoop.hdds.scm.pipeline.PipelinePlacementPolicy.filterViableNodes(PipelinePlacementPolicy.java:149)
	at org.apache.hadoop.hdds.scm.pipeline.PipelinePlacementPolicy.chooseDatanodes(PipelinePlacementPolicy.java:172)
	at org.apache.hadoop.hdds.scm.pipeline.RatisPipelineProvider.create(RatisPipelineProvider.java:93)
	at org.apache.hadoop.hdds.scm.pipeline.PipelineFactory.create(PipelineFactory.java:58)
	at org.apache.hadoop.hdds.scm.pipeline.SCMPipelineManager.createPipeline(SCMPipelineManager.java:155)
	at org.apache.hadoop.hdds.scm.pipeline.BackgroundPipelineCreator.createPipelines(BackgroundPipelineCreator.java:99)
	at java.util.concurrent.Executors$RunnableAdapter.call(Executors.java:511)
	at java.util.concurrent.FutureTask.run(FutureTask.java:266)
	at java.util.concurrent.ScheduledThreadPoolExecutor$ScheduledFutureTask.access$201(ScheduledThreadPoolExecutor.java:180)
	at java.util.concurrent.ScheduledThreadPoolExecutor$ScheduledFutureTask.run(ScheduledThreadPoolExecutor.java:293)
	at java.util.concurrent.ThreadPoolExecutor.runWorker(ThreadPoolExecutor.java:1149)
	at java.util.concurrent.ThreadPoolExecutor$Worker.run(ThreadPoolExecutor.java:624)
	at java.lang.Thread.run(Thread.java:748)
2019-09-26 11:00:41,262 [RatisPipelineUtilsThread] INFO  pipeline.PipelinePlacementPolicy (PipelinePlacementPolicy.java:meetCriteria(91)) - Pipeline Placement: can't place more pipeline on heavy datanode： 0847ba72-fdd2-48af-a9ba-81785ca9ed12 Heaviness: 6 limit: 5
2019-09-26 11:00:41,262 [RatisPipelineUtilsThread] INFO  pipeline.PipelinePlacementPolicy (PipelinePlacementPolicy.java:meetCriteria(91)) - Pipeline Placement: can't place more pipeline on heavy datanode： bfc6808e-e12b-4ff8-8ebc-28d07afe8d0b Heaviness: 6 limit: 5
2019-09-26 11:00:41,262 [RatisPipelineUtilsThread] INFO  pipeline.PipelinePlacementPolicy (PipelinePlacementPolicy.java:meetCriteria(91)) - Pipeline Placement: can't place more pipeline on heavy datanode： 9ef131de-2cca-412b-9aef-245b2f16ad17 Heaviness: 6 limit: 5
2019-09-26 11:00:41,262 [RatisPipelineUtilsThread] INFO  pipeline.PipelinePlacementPolicy (PipelinePlacementPolicy.java:meetCriteria(91)) - Pipeline Placement: can't place more pipeline on heavy datanode： c2a282d4-c040-416d-9ee6-85fb672e92c4 Heaviness: 6 limit: 5
2019-09-26 11:00:41,262 [RatisPipelineUtilsThread] INFO  pipeline.PipelinePlacementPolicy (PipelinePlacementPolicy.java:meetCriteria(91)) - Pipeline Placement: can't place more pipeline on heavy datanode： 77948620-7a50-4d08-820b-4684d575a259 Heaviness: 6 limit: 5
2019-09-26 11:00:41,263 [RatisPipelineUtilsThread] ERROR pipeline.PipelinePlacementPolicy (PipelinePlacementPolicy.java:filterViableNodes(148)) - Unable to find enough nodes that meet the criteria that cannot engage in more than 5 pipelines. Nodes required: 1 Found: 0, healthy nodes count inNodeManager: 5.
2019-09-26 11:00:41,263 [RatisPipelineUtilsThread] ERROR pipeline.SCMPipelineManager (SCMPipelineManager.java:createPipeline(167)) - Pipeline creation failed.
org.apache.hadoop.hdds.scm.exceptions.SCMException: Unable to find enough nodes that meet the criteria that cannot engage in more than 5 pipelines. Nodes required: 1 Found: 0, healthy nodes count inNodeManager: 5.
	at org.apache.hadoop.hdds.scm.pipeline.PipelinePlacementPolicy.filterViableNodes(PipelinePlacementPolicy.java:149)
	at org.apache.hadoop.hdds.scm.pipeline.PipelinePlacementPolicy.chooseDatanodes(PipelinePlacementPolicy.java:172)
	at org.apache.hadoop.hdds.scm.pipeline.RatisPipelineProvider.create(RatisPipelineProvider.java:93)
	at org.apache.hadoop.hdds.scm.pipeline.PipelineFactory.create(PipelineFactory.java:58)
	at org.apache.hadoop.hdds.scm.pipeline.SCMPipelineManager.createPipeline(SCMPipelineManager.java:155)
	at org.apache.hadoop.hdds.scm.pipeline.BackgroundPipelineCreator.createPipelines(BackgroundPipelineCreator.java:99)
	at org.apache.hadoop.hdds.scm.pipeline.BackgroundPipelineCreator.lambda$startFixedIntervalPipelineCreator$0(BackgroundPipelineCreator.java:70)
	at java.util.concurrent.Executors$RunnableAdapter.call(Executors.java:511)
	at java.util.concurrent.FutureTask.runAndReset(FutureTask.java:308)
	at java.util.concurrent.ScheduledThreadPoolExecutor$ScheduledFutureTask.access$301(ScheduledThreadPoolExecutor.java:180)
	at java.util.concurrent.ScheduledThreadPoolExecutor$ScheduledFutureTask.run(ScheduledThreadPoolExecutor.java:294)
	at java.util.concurrent.ThreadPoolExecutor.runWorker(ThreadPoolExecutor.java:1149)
	at java.util.concurrent.ThreadPoolExecutor$Worker.run(ThreadPoolExecutor.java:624)
	at java.lang.Thread.run(Thread.java:748)
2019-09-26 11:00:41,263 [RatisPipelineUtilsThread] INFO  pipeline.PipelinePlacementPolicy (PipelinePlacementPolicy.java:meetCriteria(91)) - Pipeline Placement: can't place more pipeline on heavy datanode： 0847ba72-fdd2-48af-a9ba-81785ca9ed12 Heaviness: 6 limit: 5
2019-09-26 11:00:41,264 [RatisPipelineUtilsThread] INFO  pipeline.PipelinePlacementPolicy (PipelinePlacementPolicy.java:meetCriteria(91)) - Pipeline Placement: can't place more pipeline on heavy datanode： bfc6808e-e12b-4ff8-8ebc-28d07afe8d0b Heaviness: 6 limit: 5
2019-09-26 11:00:41,264 [RatisPipelineUtilsThread] INFO  pipeline.PipelinePlacementPolicy (PipelinePlacementPolicy.java:meetCriteria(91)) - Pipeline Placement: can't place more pipeline on heavy datanode： 9ef131de-2cca-412b-9aef-245b2f16ad17 Heaviness: 6 limit: 5
2019-09-26 11:00:41,264 [RatisPipelineUtilsThread] INFO  pipeline.PipelinePlacementPolicy (PipelinePlacementPolicy.java:meetCriteria(91)) - Pipeline Placement: can't place more pipeline on heavy datanode： c2a282d4-c040-416d-9ee6-85fb672e92c4 Heaviness: 6 limit: 5
2019-09-26 11:00:41,264 [RatisPipelineUtilsThread] INFO  pipeline.PipelinePlacementPolicy (PipelinePlacementPolicy.java:meetCriteria(91)) - Pipeline Placement: can't place more pipeline on heavy datanode： 77948620-7a50-4d08-820b-4684d575a259 Heaviness: 6 limit: 5
2019-09-26 11:00:41,264 [RatisPipelineUtilsThread] ERROR pipeline.PipelinePlacementPolicy (PipelinePlacementPolicy.java:filterViableNodes(148)) - Unable to find enough nodes that meet the criteria that cannot engage in more than 5 pipelines. Nodes required: 3 Found: 0, healthy nodes count inNodeManager: 5.
2019-09-26 11:00:41,264 [RatisPipelineUtilsThread] ERROR pipeline.SCMPipelineManager (SCMPipelineManager.java:createPipeline(167)) - Pipeline creation failed.
org.apache.hadoop.hdds.scm.exceptions.SCMException: Unable to find enough nodes that meet the criteria that cannot engage in more than 5 pipelines. Nodes required: 3 Found: 0, healthy nodes count inNodeManager: 5.
	at org.apache.hadoop.hdds.scm.pipeline.PipelinePlacementPolicy.filterViableNodes(PipelinePlacementPolicy.java:149)
	at org.apache.hadoop.hdds.scm.pipeline.PipelinePlacementPolicy.chooseDatanodes(PipelinePlacementPolicy.java:172)
	at org.apache.hadoop.hdds.scm.pipeline.RatisPipelineProvider.create(RatisPipelineProvider.java:93)
	at org.apache.hadoop.hdds.scm.pipeline.PipelineFactory.create(PipelineFactory.java:58)
	at org.apache.hadoop.hdds.scm.pipeline.SCMPipelineManager.createPipeline(SCMPipelineManager.java:155)
	at org.apache.hadoop.hdds.scm.pipeline.BackgroundPipelineCreator.createPipelines(BackgroundPipelineCreator.java:99)
	at org.apache.hadoop.hdds.scm.pipeline.BackgroundPipelineCreator.lambda$startFixedIntervalPipelineCreator$0(BackgroundPipelineCreator.java:70)
	at java.util.concurrent.Executors$RunnableAdapter.call(Executors.java:511)
	at java.util.concurrent.FutureTask.runAndReset(FutureTask.java:308)
	at java.util.concurrent.ScheduledThreadPoolExecutor$ScheduledFutureTask.access$301(ScheduledThreadPoolExecutor.java:180)
	at java.util.concurrent.ScheduledThreadPoolExecutor$ScheduledFutureTask.run(ScheduledThreadPoolExecutor.java:294)
	at java.util.concurrent.ThreadPoolExecutor.runWorker(ThreadPoolExecutor.java:1149)
	at java.util.concurrent.ThreadPoolExecutor$Worker.run(ThreadPoolExecutor.java:624)
	at java.lang.Thread.run(Thread.java:748)
2019-09-26 11:00:41,265 [IPC Server handler 0 on 44966] INFO  pipeline.PipelinePlacementPolicy (PipelinePlacementPolicy.java:meetCriteria(91)) - Pipeline Placement: can't place more pipeline on heavy datanode： 0847ba72-fdd2-48af-a9ba-81785ca9ed12 Heaviness: 6 limit: 5
2019-09-26 11:00:41,265 [IPC Server handler 0 on 44966] INFO  pipeline.PipelinePlacementPolicy (PipelinePlacementPolicy.java:meetCriteria(91)) - Pipeline Placement: can't place more pipeline on heavy datanode： bfc6808e-e12b-4ff8-8ebc-28d07afe8d0b Heaviness: 6 limit: 5
2019-09-26 11:00:41,266 [IPC Server handler 0 on 44966] INFO  pipeline.PipelinePlacementPolicy (PipelinePlacementPolicy.java:meetCriteria(91)) - Pipeline Placement: can't place more pipeline on heavy datanode： 9ef131de-2cca-412b-9aef-245b2f16ad17 Heaviness: 6 limit: 5
2019-09-26 11:00:41,266 [IPC Server handler 0 on 44966] INFO  pipeline.PipelinePlacementPolicy (PipelinePlacementPolicy.java:meetCriteria(91)) - Pipeline Placement: can't place more pipeline on heavy datanode： c2a282d4-c040-416d-9ee6-85fb672e92c4 Heaviness: 6 limit: 5
2019-09-26 11:00:41,266 [IPC Server handler 0 on 44966] INFO  pipeline.PipelinePlacementPolicy (PipelinePlacementPolicy.java:meetCriteria(91)) - Pipeline Placement: can't place more pipeline on heavy datanode： 77948620-7a50-4d08-820b-4684d575a259 Heaviness: 6 limit: 5
2019-09-26 11:00:41,266 [IPC Server handler 0 on 44966] ERROR pipeline.PipelinePlacementPolicy (PipelinePlacementPolicy.java:filterViableNodes(148)) - Unable to find enough nodes that meet the criteria that cannot engage in more than 5 pipelines. Nodes required: 3 Found: 0, healthy nodes count inNodeManager: 5.
2019-09-26 11:00:41,266 [IPC Server handler 0 on 44966] ERROR pipeline.SCMPipelineManager (SCMPipelineManager.java:createPipeline(167)) - Pipeline creation failed.
org.apache.hadoop.hdds.scm.exceptions.SCMException: Unable to find enough nodes that meet the criteria that cannot engage in more than 5 pipelines. Nodes required: 3 Found: 0, healthy nodes count inNodeManager: 5.
	at org.apache.hadoop.hdds.scm.pipeline.PipelinePlacementPolicy.filterViableNodes(PipelinePlacementPolicy.java:149)
	at org.apache.hadoop.hdds.scm.pipeline.PipelinePlacementPolicy.chooseDatanodes(PipelinePlacementPolicy.java:172)
	at org.apache.hadoop.hdds.scm.pipeline.RatisPipelineProvider.create(RatisPipelineProvider.java:93)
	at org.apache.hadoop.hdds.scm.pipeline.PipelineFactory.create(PipelineFactory.java:58)
	at org.apache.hadoop.hdds.scm.pipeline.SCMPipelineManager.createPipeline(SCMPipelineManager.java:155)
	at org.apache.hadoop.hdds.scm.block.BlockManagerImpl.allocateBlock(BlockManagerImpl.java:190)
	at org.apache.hadoop.hdds.scm.server.SCMBlockProtocolServer.allocateBlock(SCMBlockProtocolServer.java:182)
	at org.apache.hadoop.ozone.protocolPB.ScmBlockLocationProtocolServerSideTranslatorPB.allocateScmBlock(ScmBlockLocationProtocolServerSideTranslatorPB.java:183)
	at org.apache.hadoop.ozone.protocolPB.ScmBlockLocationProtocolServerSideTranslatorPB.processMessage(ScmBlockLocationProtocolServerSideTranslatorPB.java:141)
	at org.apache.hadoop.ozone.protocolPB.ScmBlockLocationProtocolServerSideTranslatorPB.send(ScmBlockLocationProtocolServerSideTranslatorPB.java:116)
	at org.apache.hadoop.hdds.protocol.proto.ScmBlockLocationProtocolProtos$ScmBlockLocationProtocolService$2.callBlockingMethod(ScmBlockLocationProtocolProtos.java:13157)
	at org.apache.hadoop.ipc.ProtobufRpcEngine$Server$ProtoBufRpcInvoker.call(ProtobufRpcEngine.java:524)
	at org.apache.hadoop.ipc.RPC$Server.call(RPC.java:1025)
	at org.apache.hadoop.ipc.Server$RpcCall.run(Server.java:876)
	at org.apache.hadoop.ipc.Server$RpcCall.run(Server.java:822)
	at java.security.AccessController.doPrivileged(Native Method)
	at javax.security.auth.Subject.doAs(Subject.java:422)
	at org.apache.hadoop.security.UserGroupInformation.doAs(UserGroupInformation.java:1730)
	at org.apache.hadoop.ipc.Server$Handler.run(Server.java:2682)
2019-09-26 11:00:41,267 [IPC Server handler 0 on 44966] WARN  block.BlockManagerImpl (BlockManagerImpl.java:allocateBlock(192)) - Pipeline creation failed for type:RATIS factor:THREE. Retrying get pipelines call once.
org.apache.hadoop.hdds.scm.exceptions.SCMException: Unable to find enough nodes that meet the criteria that cannot engage in more than 5 pipelines. Nodes required: 3 Found: 0, healthy nodes count inNodeManager: 5.
	at org.apache.hadoop.hdds.scm.pipeline.PipelinePlacementPolicy.filterViableNodes(PipelinePlacementPolicy.java:149)
	at org.apache.hadoop.hdds.scm.pipeline.PipelinePlacementPolicy.chooseDatanodes(PipelinePlacementPolicy.java:172)
	at org.apache.hadoop.hdds.scm.pipeline.RatisPipelineProvider.create(RatisPipelineProvider.java:93)
	at org.apache.hadoop.hdds.scm.pipeline.PipelineFactory.create(PipelineFactory.java:58)
	at org.apache.hadoop.hdds.scm.pipeline.SCMPipelineManager.createPipeline(SCMPipelineManager.java:155)
	at org.apache.hadoop.hdds.scm.block.BlockManagerImpl.allocateBlock(BlockManagerImpl.java:190)
	at org.apache.hadoop.hdds.scm.server.SCMBlockProtocolServer.allocateBlock(SCMBlockProtocolServer.java:182)
	at org.apache.hadoop.ozone.protocolPB.ScmBlockLocationProtocolServerSideTranslatorPB.allocateScmBlock(ScmBlockLocationProtocolServerSideTranslatorPB.java:183)
	at org.apache.hadoop.ozone.protocolPB.ScmBlockLocationProtocolServerSideTranslatorPB.processMessage(ScmBlockLocationProtocolServerSideTranslatorPB.java:141)
	at org.apache.hadoop.ozone.protocolPB.ScmBlockLocationProtocolServerSideTranslatorPB.send(ScmBlockLocationProtocolServerSideTranslatorPB.java:116)
	at org.apache.hadoop.hdds.protocol.proto.ScmBlockLocationProtocolProtos$ScmBlockLocationProtocolService$2.callBlockingMethod(ScmBlockLocationProtocolProtos.java:13157)
	at org.apache.hadoop.ipc.ProtobufRpcEngine$Server$ProtoBufRpcInvoker.call(ProtobufRpcEngine.java:524)
	at org.apache.hadoop.ipc.RPC$Server.call(RPC.java:1025)
	at org.apache.hadoop.ipc.Server$RpcCall.run(Server.java:876)
	at org.apache.hadoop.ipc.Server$RpcCall.run(Server.java:822)
	at java.security.AccessController.doPrivileged(Native Method)
	at javax.security.auth.Subject.doAs(Subject.java:422)
	at org.apache.hadoop.security.UserGroupInformation.doAs(UserGroupInformation.java:1730)
	at org.apache.hadoop.ipc.Server$Handler.run(Server.java:2682)
2019-09-26 11:00:41,267 [IPC Server handler 0 on 44966] INFO  block.BlockManagerImpl (BlockManagerImpl.java:allocateBlock(198)) - Could not find available pipeline of type:RATIS and factor:THREE even after retrying
2019-09-26 11:00:41,268 [IPC Server handler 0 on 44966] ERROR block.BlockManagerImpl (BlockManagerImpl.java:allocateBlock(222)) - Unable to allocate a block for the size: 4194304, type: RATIS, factor: THREE
2019-09-26 11:00:41,268 [IPC Server handler 0 on 44966] INFO  pipeline.PipelinePlacementPolicy (PipelinePlacementPolicy.java:meetCriteria(91)) - Pipeline Placement: can't place more pipeline on heavy datanode： 0847ba72-fdd2-48af-a9ba-81785ca9ed12 Heaviness: 6 limit: 5
2019-09-26 11:00:41,268 [IPC Server handler 0 on 44966] INFO  pipeline.PipelinePlacementPolicy (PipelinePlacementPolicy.java:meetCriteria(91)) - Pipeline Placement: can't place more pipeline on heavy datanode： bfc6808e-e12b-4ff8-8ebc-28d07afe8d0b Heaviness: 6 limit: 5
2019-09-26 11:00:41,268 [IPC Server handler 0 on 44966] INFO  pipeline.PipelinePlacementPolicy (PipelinePlacementPolicy.java:meetCriteria(91)) - Pipeline Placement: can't place more pipeline on heavy datanode： 9ef131de-2cca-412b-9aef-245b2f16ad17 Heaviness: 6 limit: 5
2019-09-26 11:00:41,268 [IPC Server handler 0 on 44966] INFO  pipeline.PipelinePlacementPolicy (PipelinePlacementPolicy.java:meetCriteria(91)) - Pipeline Placement: can't place more pipeline on heavy datanode： c2a282d4-c040-416d-9ee6-85fb672e92c4 Heaviness: 6 limit: 5
2019-09-26 11:00:41,269 [IPC Server handler 0 on 44966] INFO  pipeline.PipelinePlacementPolicy (PipelinePlacementPolicy.java:meetCriteria(91)) - Pipeline Placement: can't place more pipeline on heavy datanode： 77948620-7a50-4d08-820b-4684d575a259 Heaviness: 6 limit: 5
2019-09-26 11:00:41,269 [IPC Server handler 0 on 44966] ERROR pipeline.PipelinePlacementPolicy (PipelinePlacementPolicy.java:filterViableNodes(148)) - Unable to find enough nodes that meet the criteria that cannot engage in more than 5 pipelines. Nodes required: 3 Found: 0, healthy nodes count inNodeManager: 5.
2019-09-26 11:00:41,269 [IPC Server handler 0 on 44966] ERROR pipeline.SCMPipelineManager (SCMPipelineManager.java:createPipeline(167)) - Pipeline creation failed.
org.apache.hadoop.hdds.scm.exceptions.SCMException: Unable to find enough nodes that meet the criteria that cannot engage in more than 5 pipelines. Nodes required: 3 Found: 0, healthy nodes count inNodeManager: 5.
	at org.apache.hadoop.hdds.scm.pipeline.PipelinePlacementPolicy.filterViableNodes(PipelinePlacementPolicy.java:149)
	at org.apache.hadoop.hdds.scm.pipeline.PipelinePlacementPolicy.chooseDatanodes(PipelinePlacementPolicy.java:172)
	at org.apache.hadoop.hdds.scm.pipeline.RatisPipelineProvider.create(RatisPipelineProvider.java:93)
	at org.apache.hadoop.hdds.scm.pipeline.PipelineFactory.create(PipelineFactory.java:58)
	at org.apache.hadoop.hdds.scm.pipeline.SCMPipelineManager.createPipeline(SCMPipelineManager.java:155)
	at org.apache.hadoop.hdds.scm.block.BlockManagerImpl.allocateBlock(BlockManagerImpl.java:190)
	at org.apache.hadoop.hdds.scm.server.SCMBlockProtocolServer.allocateBlock(SCMBlockProtocolServer.java:182)
	at org.apache.hadoop.ozone.protocolPB.ScmBlockLocationProtocolServerSideTranslatorPB.allocateScmBlock(ScmBlockLocationProtocolServerSideTranslatorPB.java:183)
	at org.apache.hadoop.ozone.protocolPB.ScmBlockLocationProtocolServerSideTranslatorPB.processMessage(ScmBlockLocationProtocolServerSideTranslatorPB.java:141)
	at org.apache.hadoop.ozone.protocolPB.ScmBlockLocationProtocolServerSideTranslatorPB.send(ScmBlockLocationProtocolServerSideTranslatorPB.java:116)
	at org.apache.hadoop.hdds.protocol.proto.ScmBlockLocationProtocolProtos$ScmBlockLocationProtocolService$2.callBlockingMethod(ScmBlockLocationProtocolProtos.java:13157)
	at org.apache.hadoop.ipc.ProtobufRpcEngine$Server$ProtoBufRpcInvoker.call(ProtobufRpcEngine.java:524)
	at org.apache.hadoop.ipc.RPC$Server.call(RPC.java:1025)
	at org.apache.hadoop.ipc.Server$RpcCall.run(Server.java:876)
	at org.apache.hadoop.ipc.Server$RpcCall.run(Server.java:822)
	at java.security.AccessController.doPrivileged(Native Method)
	at javax.security.auth.Subject.doAs(Subject.java:422)
	at org.apache.hadoop.security.UserGroupInformation.doAs(UserGroupInformation.java:1730)
	at org.apache.hadoop.ipc.Server$Handler.run(Server.java:2682)
2019-09-26 11:00:41,270 [IPC Server handler 0 on 44966] WARN  block.BlockManagerImpl (BlockManagerImpl.java:allocateBlock(192)) - Pipeline creation failed for type:RATIS factor:THREE. Retrying get pipelines call once.
org.apache.hadoop.hdds.scm.exceptions.SCMException: Unable to find enough nodes that meet the criteria that cannot engage in more than 5 pipelines. Nodes required: 3 Found: 0, healthy nodes count inNodeManager: 5.
	at org.apache.hadoop.hdds.scm.pipeline.PipelinePlacementPolicy.filterViableNodes(PipelinePlacementPolicy.java:149)
	at org.apache.hadoop.hdds.scm.pipeline.PipelinePlacementPolicy.chooseDatanodes(PipelinePlacementPolicy.java:172)
	at org.apache.hadoop.hdds.scm.pipeline.RatisPipelineProvider.create(RatisPipelineProvider.java:93)
	at org.apache.hadoop.hdds.scm.pipeline.PipelineFactory.create(PipelineFactory.java:58)
	at org.apache.hadoop.hdds.scm.pipeline.SCMPipelineManager.createPipeline(SCMPipelineManager.java:155)
	at org.apache.hadoop.hdds.scm.block.BlockManagerImpl.allocateBlock(BlockManagerImpl.java:190)
	at org.apache.hadoop.hdds.scm.server.SCMBlockProtocolServer.allocateBlock(SCMBlockProtocolServer.java:182)
	at org.apache.hadoop.ozone.protocolPB.ScmBlockLocationProtocolServerSideTranslatorPB.allocateScmBlock(ScmBlockLocationProtocolServerSideTranslatorPB.java:183)
	at org.apache.hadoop.ozone.protocolPB.ScmBlockLocationProtocolServerSideTranslatorPB.processMessage(ScmBlockLocationProtocolServerSideTranslatorPB.java:141)
	at org.apache.hadoop.ozone.protocolPB.ScmBlockLocationProtocolServerSideTranslatorPB.send(ScmBlockLocationProtocolServerSideTranslatorPB.java:116)
	at org.apache.hadoop.hdds.protocol.proto.ScmBlockLocationProtocolProtos$ScmBlockLocationProtocolService$2.callBlockingMethod(ScmBlockLocationProtocolProtos.java:13157)
	at org.apache.hadoop.ipc.ProtobufRpcEngine$Server$ProtoBufRpcInvoker.call(ProtobufRpcEngine.java:524)
	at org.apache.hadoop.ipc.RPC$Server.call(RPC.java:1025)
	at org.apache.hadoop.ipc.Server$RpcCall.run(Server.java:876)
	at org.apache.hadoop.ipc.Server$RpcCall.run(Server.java:822)
	at java.security.AccessController.doPrivileged(Native Method)
	at javax.security.auth.Subject.doAs(Subject.java:422)
	at org.apache.hadoop.security.UserGroupInformation.doAs(UserGroupInformation.java:1730)
	at org.apache.hadoop.ipc.Server$Handler.run(Server.java:2682)
2019-09-26 11:00:41,270 [IPC Server handler 0 on 44966] INFO  block.BlockManagerImpl (BlockManagerImpl.java:allocateBlock(198)) - Could not find available pipeline of type:RATIS and factor:THREE even after retrying
2019-09-26 11:00:41,270 [IPC Server handler 0 on 44966] ERROR block.BlockManagerImpl (BlockManagerImpl.java:allocateBlock(222)) - Unable to allocate a block for the size: 4194304, type: RATIS, factor: THREE
2019-09-26 11:00:41,270 [IPC Server handler 0 on 44966] INFO  pipeline.PipelinePlacementPolicy (PipelinePlacementPolicy.java:meetCriteria(91)) - Pipeline Placement: can't place more pipeline on heavy datanode： 0847ba72-fdd2-48af-a9ba-81785ca9ed12 Heaviness: 6 limit: 5
2019-09-26 11:00:41,271 [IPC Server handler 0 on 44966] INFO  pipeline.PipelinePlacementPolicy (PipelinePlacementPolicy.java:meetCriteria(91)) - Pipeline Placement: can't place more pipeline on heavy datanode： bfc6808e-e12b-4ff8-8ebc-28d07afe8d0b Heaviness: 6 limit: 5
2019-09-26 11:00:41,271 [IPC Server handler 0 on 44966] INFO  pipeline.PipelinePlacementPolicy (PipelinePlacementPolicy.java:meetCriteria(91)) - Pipeline Placement: can't place more pipeline on heavy datanode： 9ef131de-2cca-412b-9aef-245b2f16ad17 Heaviness: 6 limit: 5
2019-09-26 11:00:41,271 [IPC Server handler 0 on 44966] INFO  pipeline.PipelinePlacementPolicy (PipelinePlacementPolicy.java:meetCriteria(91)) - Pipeline Placement: can't place more pipeline on heavy datanode： c2a282d4-c040-416d-9ee6-85fb672e92c4 Heaviness: 6 limit: 5
2019-09-26 11:00:41,271 [IPC Server handler 0 on 44966] INFO  pipeline.PipelinePlacementPolicy (PipelinePlacementPolicy.java:meetCriteria(91)) - Pipeline Placement: can't place more pipeline on heavy datanode： 77948620-7a50-4d08-820b-4684d575a259 Heaviness: 6 limit: 5
2019-09-26 11:00:41,271 [IPC Server handler 0 on 44966] ERROR pipeline.PipelinePlacementPolicy (PipelinePlacementPolicy.java:filterViableNodes(148)) - Unable to find enough nodes that meet the criteria that cannot engage in more than 5 pipelines. Nodes required: 3 Found: 0, healthy nodes count inNodeManager: 5.
2019-09-26 11:00:41,271 [IPC Server handler 0 on 44966] ERROR pipeline.SCMPipelineManager (SCMPipelineManager.java:createPipeline(167)) - Pipeline creation failed.
org.apache.hadoop.hdds.scm.exceptions.SCMException: Unable to find enough nodes that meet the criteria that cannot engage in more than 5 pipelines. Nodes required: 3 Found: 0, healthy nodes count inNodeManager: 5.
	at org.apache.hadoop.hdds.scm.pipeline.PipelinePlacementPolicy.filterViableNodes(PipelinePlacementPolicy.java:149)
	at org.apache.hadoop.hdds.scm.pipeline.PipelinePlacementPolicy.chooseDatanodes(PipelinePlacementPolicy.java:172)
	at org.apache.hadoop.hdds.scm.pipeline.RatisPipelineProvider.create(RatisPipelineProvider.java:93)
	at org.apache.hadoop.hdds.scm.pipeline.PipelineFactory.create(PipelineFactory.java:58)
	at org.apache.hadoop.hdds.scm.pipeline.SCMPipelineManager.createPipeline(SCMPipelineManager.java:155)
	at org.apache.hadoop.hdds.scm.block.BlockManagerImpl.allocateBlock(BlockManagerImpl.java:190)
	at org.apache.hadoop.hdds.scm.server.SCMBlockProtocolServer.allocateBlock(SCMBlockProtocolServer.java:182)
	at org.apache.hadoop.ozone.protocolPB.ScmBlockLocationProtocolServerSideTranslatorPB.allocateScmBlock(ScmBlockLocationProtocolServerSideTranslatorPB.java:183)
	at org.apache.hadoop.ozone.protocolPB.ScmBlockLocationProtocolServerSideTranslatorPB.processMessage(ScmBlockLocationProtocolServerSideTranslatorPB.java:141)
	at org.apache.hadoop.ozone.protocolPB.ScmBlockLocationProtocolServerSideTranslatorPB.send(ScmBlockLocationProtocolServerSideTranslatorPB.java:116)
	at org.apache.hadoop.hdds.protocol.proto.ScmBlockLocationProtocolProtos$ScmBlockLocationProtocolService$2.callBlockingMethod(ScmBlockLocationProtocolProtos.java:13157)
	at org.apache.hadoop.ipc.ProtobufRpcEngine$Server$ProtoBufRpcInvoker.call(ProtobufRpcEngine.java:524)
	at org.apache.hadoop.ipc.RPC$Server.call(RPC.java:1025)
	at org.apache.hadoop.ipc.Server$RpcCall.run(Server.java:876)
	at org.apache.hadoop.ipc.Server$RpcCall.run(Server.java:822)
	at java.security.AccessController.doPrivileged(Native Method)
	at javax.security.auth.Subject.doAs(Subject.java:422)
	at org.apache.hadoop.security.UserGroupInformation.doAs(UserGroupInformation.java:1730)
	at org.apache.hadoop.ipc.Server$Handler.run(Server.java:2682)
2019-09-26 11:00:41,272 [IPC Server handler 0 on 44966] WARN  block.BlockManagerImpl (BlockManagerImpl.java:allocateBlock(192)) - Pipeline creation failed for type:RATIS factor:THREE. Retrying get pipelines call once.
org.apache.hadoop.hdds.scm.exceptions.SCMException: Unable to find enough nodes that meet the criteria that cannot engage in more than 5 pipelines. Nodes required: 3 Found: 0, healthy nodes count inNodeManager: 5.
	at org.apache.hadoop.hdds.scm.pipeline.PipelinePlacementPolicy.filterViableNodes(PipelinePlacementPolicy.java:149)
	at org.apache.hadoop.hdds.scm.pipeline.PipelinePlacementPolicy.chooseDatanodes(PipelinePlacementPolicy.java:172)
	at org.apache.hadoop.hdds.scm.pipeline.RatisPipelineProvider.create(RatisPipelineProvider.java:93)
	at org.apache.hadoop.hdds.scm.pipeline.PipelineFactory.create(PipelineFactory.java:58)
	at org.apache.hadoop.hdds.scm.pipeline.SCMPipelineManager.createPipeline(SCMPipelineManager.java:155)
	at org.apache.hadoop.hdds.scm.block.BlockManagerImpl.allocateBlock(BlockManagerImpl.java:190)
	at org.apache.hadoop.hdds.scm.server.SCMBlockProtocolServer.allocateBlock(SCMBlockProtocolServer.java:182)
	at org.apache.hadoop.ozone.protocolPB.ScmBlockLocationProtocolServerSideTranslatorPB.allocateScmBlock(ScmBlockLocationProtocolServerSideTranslatorPB.java:183)
	at org.apache.hadoop.ozone.protocolPB.ScmBlockLocationProtocolServerSideTranslatorPB.processMessage(ScmBlockLocationProtocolServerSideTranslatorPB.java:141)
	at org.apache.hadoop.ozone.protocolPB.ScmBlockLocationProtocolServerSideTranslatorPB.send(ScmBlockLocationProtocolServerSideTranslatorPB.java:116)
	at org.apache.hadoop.hdds.protocol.proto.ScmBlockLocationProtocolProtos$ScmBlockLocationProtocolService$2.callBlockingMethod(ScmBlockLocationProtocolProtos.java:13157)
	at org.apache.hadoop.ipc.ProtobufRpcEngine$Server$ProtoBufRpcInvoker.call(ProtobufRpcEngine.java:524)
	at org.apache.hadoop.ipc.RPC$Server.call(RPC.java:1025)
	at org.apache.hadoop.ipc.Server$RpcCall.run(Server.java:876)
	at org.apache.hadoop.ipc.Server$RpcCall.run(Server.java:822)
	at java.security.AccessController.doPrivileged(Native Method)
	at javax.security.auth.Subject.doAs(Subject.java:422)
	at org.apache.hadoop.security.UserGroupInformation.doAs(UserGroupInformation.java:1730)
	at org.apache.hadoop.ipc.Server$Handler.run(Server.java:2682)
2019-09-26 11:00:41,273 [IPC Server handler 0 on 44966] INFO  block.BlockManagerImpl (BlockManagerImpl.java:allocateBlock(198)) - Could not find available pipeline of type:RATIS and factor:THREE even after retrying
2019-09-26 11:00:41,273 [IPC Server handler 0 on 44966] ERROR block.BlockManagerImpl (BlockManagerImpl.java:allocateBlock(222)) - Unable to allocate a block for the size: 4194304, type: RATIS, factor: THREE
2019-09-26 11:00:41,273 [IPC Server handler 0 on 44966] INFO  pipeline.PipelinePlacementPolicy (PipelinePlacementPolicy.java:meetCriteria(91)) - Pipeline Placement: can't place more pipeline on heavy datanode： 0847ba72-fdd2-48af-a9ba-81785ca9ed12 Heaviness: 6 limit: 5
2019-09-26 11:00:41,273 [IPC Server handler 0 on 44966] INFO  pipeline.PipelinePlacementPolicy (PipelinePlacementPolicy.java:meetCriteria(91)) - Pipeline Placement: can't place more pipeline on heavy datanode： bfc6808e-e12b-4ff8-8ebc-28d07afe8d0b Heaviness: 6 limit: 5
2019-09-26 11:00:41,273 [IPC Server handler 0 on 44966] INFO  pipeline.PipelinePlacementPolicy (PipelinePlacementPolicy.java:meetCriteria(91)) - Pipeline Placement: can't place more pipeline on heavy datanode： 9ef131de-2cca-412b-9aef-245b2f16ad17 Heaviness: 6 limit: 5
2019-09-26 11:00:41,274 [IPC Server handler 0 on 44966] INFO  pipeline.PipelinePlacementPolicy (PipelinePlacementPolicy.java:meetCriteria(91)) - Pipeline Placement: can't place more pipeline on heavy datanode： c2a282d4-c040-416d-9ee6-85fb672e92c4 Heaviness: 6 limit: 5
2019-09-26 11:00:41,274 [IPC Server handler 0 on 44966] INFO  pipeline.PipelinePlacementPolicy (PipelinePlacementPolicy.java:meetCriteria(91)) - Pipeline Placement: can't place more pipeline on heavy datanode： 77948620-7a50-4d08-820b-4684d575a259 Heaviness: 6 limit: 5
2019-09-26 11:00:41,274 [IPC Server handler 0 on 44966] ERROR pipeline.PipelinePlacementPolicy (PipelinePlacementPolicy.java:filterViableNodes(148)) - Unable to find enough nodes that meet the criteria that cannot engage in more than 5 pipelines. Nodes required: 3 Found: 0, healthy nodes count inNodeManager: 5.
2019-09-26 11:00:41,274 [IPC Server handler 0 on 44966] ERROR pipeline.SCMPipelineManager (SCMPipelineManager.java:createPipeline(167)) - Pipeline creation failed.
org.apache.hadoop.hdds.scm.exceptions.SCMException: Unable to find enough nodes that meet the criteria that cannot engage in more than 5 pipelines. Nodes required: 3 Found: 0, healthy nodes count inNodeManager: 5.
	at org.apache.hadoop.hdds.scm.pipeline.PipelinePlacementPolicy.filterViableNodes(PipelinePlacementPolicy.java:149)
	at org.apache.hadoop.hdds.scm.pipeline.PipelinePlacementPolicy.chooseDatanodes(PipelinePlacementPolicy.java:172)
	at org.apache.hadoop.hdds.scm.pipeline.RatisPipelineProvider.create(RatisPipelineProvider.java:93)
	at org.apache.hadoop.hdds.scm.pipeline.PipelineFactory.create(PipelineFactory.java:58)
	at org.apache.hadoop.hdds.scm.pipeline.SCMPipelineManager.createPipeline(SCMPipelineManager.java:155)
	at org.apache.hadoop.hdds.scm.block.BlockManagerImpl.allocateBlock(BlockManagerImpl.java:190)
	at org.apache.hadoop.hdds.scm.server.SCMBlockProtocolServer.allocateBlock(SCMBlockProtocolServer.java:182)
	at org.apache.hadoop.ozone.protocolPB.ScmBlockLocationProtocolServerSideTranslatorPB.allocateScmBlock(ScmBlockLocationProtocolServerSideTranslatorPB.java:183)
	at org.apache.hadoop.ozone.protocolPB.ScmBlockLocationProtocolServerSideTranslatorPB.processMessage(ScmBlockLocationProtocolServerSideTranslatorPB.java:141)
	at org.apache.hadoop.ozone.protocolPB.ScmBlockLocationProtocolServerSideTranslatorPB.send(ScmBlockLocationProtocolServerSideTranslatorPB.java:116)
	at org.apache.hadoop.hdds.protocol.proto.ScmBlockLocationProtocolProtos$ScmBlockLocationProtocolService$2.callBlockingMethod(ScmBlockLocationProtocolProtos.java:13157)
	at org.apache.hadoop.ipc.ProtobufRpcEngine$Server$ProtoBufRpcInvoker.call(ProtobufRpcEngine.java:524)
	at org.apache.hadoop.ipc.RPC$Server.call(RPC.java:1025)
	at org.apache.hadoop.ipc.Server$RpcCall.run(Server.java:876)
	at org.apache.hadoop.ipc.Server$RpcCall.run(Server.java:822)
	at java.security.AccessController.doPrivileged(Native Method)
	at javax.security.auth.Subject.doAs(Subject.java:422)
	at org.apache.hadoop.security.UserGroupInformation.doAs(UserGroupInformation.java:1730)
	at org.apache.hadoop.ipc.Server$Handler.run(Server.java:2682)
2019-09-26 11:00:41,279 [IPC Server handler 0 on 44966] WARN  block.BlockManagerImpl (BlockManagerImpl.java:allocateBlock(192)) - Pipeline creation failed for type:RATIS factor:THREE. Retrying get pipelines call once.
org.apache.hadoop.hdds.scm.exceptions.SCMException: Unable to find enough nodes that meet the criteria that cannot engage in more than 5 pipelines. Nodes required: 3 Found: 0, healthy nodes count inNodeManager: 5.
	at org.apache.hadoop.hdds.scm.pipeline.PipelinePlacementPolicy.filterViableNodes(PipelinePlacementPolicy.java:149)
	at org.apache.hadoop.hdds.scm.pipeline.PipelinePlacementPolicy.chooseDatanodes(PipelinePlacementPolicy.java:172)
	at org.apache.hadoop.hdds.scm.pipeline.RatisPipelineProvider.create(RatisPipelineProvider.java:93)
	at org.apache.hadoop.hdds.scm.pipeline.PipelineFactory.create(PipelineFactory.java:58)
	at org.apache.hadoop.hdds.scm.pipeline.SCMPipelineManager.createPipeline(SCMPipelineManager.java:155)
	at org.apache.hadoop.hdds.scm.block.BlockManagerImpl.allocateBlock(BlockManagerImpl.java:190)
	at org.apache.hadoop.hdds.scm.server.SCMBlockProtocolServer.allocateBlock(SCMBlockProtocolServer.java:182)
	at org.apache.hadoop.ozone.protocolPB.ScmBlockLocationProtocolServerSideTranslatorPB.allocateScmBlock(ScmBlockLocationProtocolServerSideTranslatorPB.java:183)
	at org.apache.hadoop.ozone.protocolPB.ScmBlockLocationProtocolServerSideTranslatorPB.processMessage(ScmBlockLocationProtocolServerSideTranslatorPB.java:141)
	at org.apache.hadoop.ozone.protocolPB.ScmBlockLocationProtocolServerSideTranslatorPB.send(ScmBlockLocationProtocolServerSideTranslatorPB.java:116)
	at org.apache.hadoop.hdds.protocol.proto.ScmBlockLocationProtocolProtos$ScmBlockLocationProtocolService$2.callBlockingMethod(ScmBlockLocationProtocolProtos.java:13157)
	at org.apache.hadoop.ipc.ProtobufRpcEngine$Server$ProtoBufRpcInvoker.call(ProtobufRpcEngine.java:524)
	at org.apache.hadoop.ipc.RPC$Server.call(RPC.java:1025)
	at org.apache.hadoop.ipc.Server$RpcCall.run(Server.java:876)
	at org.apache.hadoop.ipc.Server$RpcCall.run(Server.java:822)
	at java.security.AccessController.doPrivileged(Native Method)
	at javax.security.auth.Subject.doAs(Subject.java:422)
	at org.apache.hadoop.security.UserGroupInformation.doAs(UserGroupInformation.java:1730)
	at org.apache.hadoop.ipc.Server$Handler.run(Server.java:2682)
2019-09-26 11:00:41,280 [IPC Server handler 0 on 44966] INFO  block.BlockManagerImpl (BlockManagerImpl.java:allocateBlock(198)) - Could not find available pipeline of type:RATIS and factor:THREE even after retrying
2019-09-26 11:00:41,280 [IPC Server handler 0 on 44966] ERROR block.BlockManagerImpl (BlockManagerImpl.java:allocateBlock(222)) - Unable to allocate a block for the size: 4194304, type: RATIS, factor: THREE
2019-09-26 11:00:41,280 [IPC Server handler 0 on 44966] INFO  pipeline.PipelinePlacementPolicy (PipelinePlacementPolicy.java:meetCriteria(91)) - Pipeline Placement: can't place more pipeline on heavy datanode： 0847ba72-fdd2-48af-a9ba-81785ca9ed12 Heaviness: 6 limit: 5
2019-09-26 11:00:41,280 [IPC Server handler 0 on 44966] INFO  pipeline.PipelinePlacementPolicy (PipelinePlacementPolicy.java:meetCriteria(91)) - Pipeline Placement: can't place more pipeline on heavy datanode： bfc6808e-e12b-4ff8-8ebc-28d07afe8d0b Heaviness: 6 limit: 5
2019-09-26 11:00:41,280 [IPC Server handler 0 on 44966] INFO  pipeline.PipelinePlacementPolicy (PipelinePlacementPolicy.java:meetCriteria(91)) - Pipeline Placement: can't place more pipeline on heavy datanode： 9ef131de-2cca-412b-9aef-245b2f16ad17 Heaviness: 6 limit: 5
2019-09-26 11:00:41,281 [IPC Server handler 0 on 44966] INFO  pipeline.PipelinePlacementPolicy (PipelinePlacementPolicy.java:meetCriteria(91)) - Pipeline Placement: can't place more pipeline on heavy datanode： c2a282d4-c040-416d-9ee6-85fb672e92c4 Heaviness: 6 limit: 5
2019-09-26 11:00:41,281 [IPC Server handler 0 on 44966] INFO  pipeline.PipelinePlacementPolicy (PipelinePlacementPolicy.java:meetCriteria(91)) - Pipeline Placement: can't place more pipeline on heavy datanode： 77948620-7a50-4d08-820b-4684d575a259 Heaviness: 6 limit: 5
2019-09-26 11:00:41,281 [IPC Server handler 0 on 44966] ERROR pipeline.PipelinePlacementPolicy (PipelinePlacementPolicy.java:filterViableNodes(148)) - Unable to find enough nodes that meet the criteria that cannot engage in more than 5 pipelines. Nodes required: 3 Found: 0, healthy nodes count inNodeManager: 5.
2019-09-26 11:00:41,281 [IPC Server handler 0 on 44966] ERROR pipeline.SCMPipelineManager (SCMPipelineManager.java:createPipeline(167)) - Pipeline creation failed.
org.apache.hadoop.hdds.scm.exceptions.SCMException: Unable to find enough nodes that meet the criteria that cannot engage in more than 5 pipelines. Nodes required: 3 Found: 0, healthy nodes count inNodeManager: 5.
	at org.apache.hadoop.hdds.scm.pipeline.PipelinePlacementPolicy.filterViableNodes(PipelinePlacementPolicy.java:149)
	at org.apache.hadoop.hdds.scm.pipeline.PipelinePlacementPolicy.chooseDatanodes(PipelinePlacementPolicy.java:172)
	at org.apache.hadoop.hdds.scm.pipeline.RatisPipelineProvider.create(RatisPipelineProvider.java:93)
	at org.apache.hadoop.hdds.scm.pipeline.PipelineFactory.create(PipelineFactory.java:58)
	at org.apache.hadoop.hdds.scm.pipeline.SCMPipelineManager.createPipeline(SCMPipelineManager.java:155)
	at org.apache.hadoop.hdds.scm.block.BlockManagerImpl.allocateBlock(BlockManagerImpl.java:190)
	at org.apache.hadoop.hdds.scm.server.SCMBlockProtocolServer.allocateBlock(SCMBlockProtocolServer.java:182)
	at org.apache.hadoop.ozone.protocolPB.ScmBlockLocationProtocolServerSideTranslatorPB.allocateScmBlock(ScmBlockLocationProtocolServerSideTranslatorPB.java:183)
	at org.apache.hadoop.ozone.protocolPB.ScmBlockLocationProtocolServerSideTranslatorPB.processMessage(ScmBlockLocationProtocolServerSideTranslatorPB.java:141)
	at org.apache.hadoop.ozone.protocolPB.ScmBlockLocationProtocolServerSideTranslatorPB.send(ScmBlockLocationProtocolServerSideTranslatorPB.java:116)
	at org.apache.hadoop.hdds.protocol.proto.ScmBlockLocationProtocolProtos$ScmBlockLocationProtocolService$2.callBlockingMethod(ScmBlockLocationProtocolProtos.java:13157)
	at org.apache.hadoop.ipc.ProtobufRpcEngine$Server$ProtoBufRpcInvoker.call(ProtobufRpcEngine.java:524)
	at org.apache.hadoop.ipc.RPC$Server.call(RPC.java:1025)
	at org.apache.hadoop.ipc.Server$RpcCall.run(Server.java:876)
	at org.apache.hadoop.ipc.Server$RpcCall.run(Server.java:822)
	at java.security.AccessController.doPrivileged(Native Method)
	at javax.security.auth.Subject.doAs(Subject.java:422)
	at org.apache.hadoop.security.UserGroupInformation.doAs(UserGroupInformation.java:1730)
	at org.apache.hadoop.ipc.Server$Handler.run(Server.java:2682)
2019-09-26 11:00:41,282 [IPC Server handler 0 on 44966] WARN  block.BlockManagerImpl (BlockManagerImpl.java:allocateBlock(192)) - Pipeline creation failed for type:RATIS factor:THREE. Retrying get pipelines call once.
org.apache.hadoop.hdds.scm.exceptions.SCMException: Unable to find enough nodes that meet the criteria that cannot engage in more than 5 pipelines. Nodes required: 3 Found: 0, healthy nodes count inNodeManager: 5.
	at org.apache.hadoop.hdds.scm.pipeline.PipelinePlacementPolicy.filterViableNodes(PipelinePlacementPolicy.java:149)
	at org.apache.hadoop.hdds.scm.pipeline.PipelinePlacementPolicy.chooseDatanodes(PipelinePlacementPolicy.java:172)
	at org.apache.hadoop.hdds.scm.pipeline.RatisPipelineProvider.create(RatisPipelineProvider.java:93)
	at org.apache.hadoop.hdds.scm.pipeline.PipelineFactory.create(PipelineFactory.java:58)
	at org.apache.hadoop.hdds.scm.pipeline.SCMPipelineManager.createPipeline(SCMPipelineManager.java:155)
	at org.apache.hadoop.hdds.scm.block.BlockManagerImpl.allocateBlock(BlockManagerImpl.java:190)
	at org.apache.hadoop.hdds.scm.server.SCMBlockProtocolServer.allocateBlock(SCMBlockProtocolServer.java:182)
	at org.apache.hadoop.ozone.protocolPB.ScmBlockLocationProtocolServerSideTranslatorPB.allocateScmBlock(ScmBlockLocationProtocolServerSideTranslatorPB.java:183)
	at org.apache.hadoop.ozone.protocolPB.ScmBlockLocationProtocolServerSideTranslatorPB.processMessage(ScmBlockLocationProtocolServerSideTranslatorPB.java:141)
	at org.apache.hadoop.ozone.protocolPB.ScmBlockLocationProtocolServerSideTranslatorPB.send(ScmBlockLocationProtocolServerSideTranslatorPB.java:116)
	at org.apache.hadoop.hdds.protocol.proto.ScmBlockLocationProtocolProtos$ScmBlockLocationProtocolService$2.callBlockingMethod(ScmBlockLocationProtocolProtos.java:13157)
	at org.apache.hadoop.ipc.ProtobufRpcEngine$Server$ProtoBufRpcInvoker.call(ProtobufRpcEngine.java:524)
	at org.apache.hadoop.ipc.RPC$Server.call(RPC.java:1025)
	at org.apache.hadoop.ipc.Server$RpcCall.run(Server.java:876)
	at org.apache.hadoop.ipc.Server$RpcCall.run(Server.java:822)
	at java.security.AccessController.doPrivileged(Native Method)
	at javax.security.auth.Subject.doAs(Subject.java:422)
	at org.apache.hadoop.security.UserGroupInformation.doAs(UserGroupInformation.java:1730)
	at org.apache.hadoop.ipc.Server$Handler.run(Server.java:2682)
2019-09-26 11:00:41,282 [IPC Server handler 0 on 44966] INFO  block.BlockManagerImpl (BlockManagerImpl.java:allocateBlock(198)) - Could not find available pipeline of type:RATIS and factor:THREE even after retrying
2019-09-26 11:00:41,282 [IPC Server handler 0 on 44966] ERROR block.BlockManagerImpl (BlockManagerImpl.java:allocateBlock(222)) - Unable to allocate a block for the size: 4194304, type: RATIS, factor: THREE
2019-09-26 11:00:41,289 [pool-73-thread-3] ERROR freon.RandomKeyGenerator (RandomKeyGenerator.java:createKey(733)) - Exception while adding key: key-0-33045 in bucket: bucket-0-88419 of volume: vol-0-95117.
INTERNAL_ERROR org.apache.hadoop.ozone.om.exceptions.OMException: Allocated 0 blocks. Requested 5 blocks
	at org.apache.hadoop.ozone.om.protocolPB.OzoneManagerProtocolClientSideTranslatorPB.handleError(OzoneManagerProtocolClientSideTranslatorPB.java:732)
	at org.apache.hadoop.ozone.om.protocolPB.OzoneManagerProtocolClientSideTranslatorPB.openKey(OzoneManagerProtocolClientSideTranslatorPB.java:723)
	at sun.reflect.NativeMethodAccessorImpl.invoke0(Native Method)
	at sun.reflect.NativeMethodAccessorImpl.invoke(NativeMethodAccessorImpl.java:62)
	at sun.reflect.DelegatingMethodAccessorImpl.invoke(DelegatingMethodAccessorImpl.java:43)
	at java.lang.reflect.Method.invoke(Method.java:498)
	at org.apache.hadoop.hdds.tracing.TraceAllMethod.invoke(TraceAllMethod.java:66)
	at com.sun.proxy.$Proxy37.openKey(Unknown Source)
	at org.apache.hadoop.ozone.client.rpc.RpcClient.createKey(RpcClient.java:614)
	at org.apache.hadoop.ozone.client.OzoneBucket.createKey(OzoneBucket.java:325)
	at org.apache.hadoop.ozone.freon.RandomKeyGenerator.createKey(RandomKeyGenerator.java:695)
	at org.apache.hadoop.ozone.freon.RandomKeyGenerator.access$1100(RandomKeyGenerator.java:88)
	at org.apache.hadoop.ozone.freon.RandomKeyGenerator$ObjectCreator.run(RandomKeyGenerator.java:615)
	at java.util.concurrent.Executors$RunnableAdapter.call(Executors.java:511)
	at java.util.concurrent.FutureTask.run(FutureTask.java:266)
	at java.util.concurrent.ThreadPoolExecutor.runWorker(ThreadPoolExecutor.java:1149)
	at java.util.concurrent.ThreadPoolExecutor$Worker.run(ThreadPoolExecutor.java:624)
	at java.lang.Thread.run(Thread.java:748)
 0.00% |█                                                                                                    |  0/1 Time: 0:00:02 0.00% |█                                                                                                    |  0/1 Time: 0:00:03 0.00% |█                                                                                                    |  0/1 Time: 0:00:042019-09-26 11:00:43,608 [Thread-210] INFO  impl.FollowerState (FollowerState.java:run(106)) - bfc6808e-e12b-4ff8-8ebc-28d07afe8d0b:group-85C891D2CE22 changes to CANDIDATE, lastRpcTime:5153, electionTimeout:5152ms
2019-09-26 11:00:43,611 [Thread-210] INFO  impl.RoleInfo (RoleInfo.java:shutdownFollowerState(121)) - bfc6808e-e12b-4ff8-8ebc-28d07afe8d0b: shutdown FollowerState
2019-09-26 11:00:43,611 [Thread-210] INFO  impl.RaftServerImpl (RaftServerImpl.java:setRole(174)) - bfc6808e-e12b-4ff8-8ebc-28d07afe8d0b@group-85C891D2CE22: changes role from  FOLLOWER to CANDIDATE at term 0 for changeToCandidate
2019-09-26 11:00:43,620 [Thread-210] INFO  impl.RoleInfo (RoleInfo.java:updateAndGet(143)) - bfc6808e-e12b-4ff8-8ebc-28d07afe8d0b: start LeaderElection
2019-09-26 11:00:43,653 [bfc6808e-e12b-4ff8-8ebc-28d07afe8d0b@group-85C891D2CE22:LeaderElection1] INFO  impl.LeaderElection (LeaderElection.java:askForVotes(182)) - bfc6808e-e12b-4ff8-8ebc-28d07afe8d0b@group-85C891D2CE22:LeaderElection1: begin an election at term 1 for -1: [bfc6808e-e12b-4ff8-8ebc-28d07afe8d0b:192.168.30.13:46368], old=null
2019-09-26 11:00:43,655 [bfc6808e-e12b-4ff8-8ebc-28d07afe8d0b@group-85C891D2CE22:LeaderElection1] INFO  impl.RoleInfo (RoleInfo.java:shutdownLeaderElection(134)) - bfc6808e-e12b-4ff8-8ebc-28d07afe8d0b: shutdown LeaderElection
2019-09-26 11:00:43,656 [bfc6808e-e12b-4ff8-8ebc-28d07afe8d0b@group-85C891D2CE22:LeaderElection1] INFO  impl.RaftServerImpl (RaftServerImpl.java:setRole(174)) - bfc6808e-e12b-4ff8-8ebc-28d07afe8d0b@group-85C891D2CE22: changes role from CANDIDATE to LEADER at term 1 for changeToLeader
2019-09-26 11:00:43,656 [bfc6808e-e12b-4ff8-8ebc-28d07afe8d0b@group-85C891D2CE22:LeaderElection1] INFO  impl.RaftServerImpl (ServerState.java:setLeader(253)) - bfc6808e-e12b-4ff8-8ebc-28d07afe8d0b@group-85C891D2CE22: change Leader from null to bfc6808e-e12b-4ff8-8ebc-28d07afe8d0b at term 1 for becomeLeader, leader elected after 5332ms
2019-09-26 11:00:43,666 [bfc6808e-e12b-4ff8-8ebc-28d07afe8d0b@group-85C891D2CE22:LeaderElection1] INFO  server.RaftServerConfigKeys (ConfUtils.java:logGet(43)) - raft.server.staging.catchup.gap = 1000 (default)
2019-09-26 11:00:43,666 [bfc6808e-e12b-4ff8-8ebc-28d07afe8d0b@group-85C891D2CE22:LeaderElection1] INFO  server.RaftServerConfigKeys (ConfUtils.java:logGet(43)) - raft.server.rpc.sleep.time = 25ms (default)
2019-09-26 11:00:43,670 [bfc6808e-e12b-4ff8-8ebc-28d07afe8d0b@group-85C891D2CE22:LeaderElection1] INFO  server.RaftServerConfigKeys (ConfUtils.java:logGet(43)) - raft.server.write.element-limit = 4096 (default)
2019-09-26 11:00:43,673 [bfc6808e-e12b-4ff8-8ebc-28d07afe8d0b@group-85C891D2CE22:LeaderElection1] INFO  server.RaftServerConfigKeys (ConfUtils.java:logGet(43)) - raft.server.watch.timeout = 10s (default)
2019-09-26 11:00:43,673 [bfc6808e-e12b-4ff8-8ebc-28d07afe8d0b@group-85C891D2CE22:LeaderElection1] INFO  server.RaftServerConfigKeys (ConfUtils.java:logGet(43)) - raft.server.watch.timeout.denomination = 1s (default)
2019-09-26 11:00:43,674 [bfc6808e-e12b-4ff8-8ebc-28d07afe8d0b@group-85C891D2CE22:LeaderElection1] INFO  server.RaftServerConfigKeys (ConfUtils.java:logGet(43)) - raft.server.watch.element-limit = 65536 (default)
2019-09-26 11:00:43,689 [bfc6808e-e12b-4ff8-8ebc-28d07afe8d0b@group-85C891D2CE22:LeaderElection1] INFO  impl.RoleInfo (RoleInfo.java:updateAndGet(143)) - bfc6808e-e12b-4ff8-8ebc-28d07afe8d0b: start LeaderState
2019-09-26 11:00:43,721 [bfc6808e-e12b-4ff8-8ebc-28d07afe8d0b@group-85C891D2CE22:LeaderElection1] INFO  segmented.SegmentedRaftLogWorker (SegmentedRaftLogWorker.java:startLogSegment(380)) - bfc6808e-e12b-4ff8-8ebc-28d07afe8d0b@group-85C891D2CE22-SegmentedRaftLogWorker: Starting segment from index:0
2019-09-26 11:00:43,732 [bfc6808e-e12b-4ff8-8ebc-28d07afe8d0b@group-85C891D2CE22:LeaderElection1] INFO  impl.RaftServerImpl (ServerState.java:setRaftConf(354)) - bfc6808e-e12b-4ff8-8ebc-28d07afe8d0b@group-85C891D2CE22: set configuration 0: [bfc6808e-e12b-4ff8-8ebc-28d07afe8d0b:192.168.30.13:46368], old=null at 0
2019-09-26 11:00:43,737 [Thread-213] INFO  impl.FollowerState (FollowerState.java:run(106)) - 9ef131de-2cca-412b-9aef-245b2f16ad17:group-290FD7B8711E changes to CANDIDATE, lastRpcTime:5076, electionTimeout:5074ms
2019-09-26 11:00:43,739 [Thread-213] INFO  impl.RoleInfo (RoleInfo.java:shutdownFollowerState(121)) - 9ef131de-2cca-412b-9aef-245b2f16ad17: shutdown FollowerState
2019-09-26 11:00:43,739 [Thread-213] INFO  impl.RaftServerImpl (RaftServerImpl.java:setRole(174)) - 9ef131de-2cca-412b-9aef-245b2f16ad17@group-290FD7B8711E: changes role from  FOLLOWER to CANDIDATE at term 0 for changeToCandidate
2019-09-26 11:00:43,739 [Thread-213] INFO  impl.RoleInfo (RoleInfo.java:updateAndGet(143)) - 9ef131de-2cca-412b-9aef-245b2f16ad17: start LeaderElection
2019-09-26 11:00:43,759 [9ef131de-2cca-412b-9aef-245b2f16ad17@group-290FD7B8711E:LeaderElection2] INFO  impl.LeaderElection (LeaderElection.java:askForVotes(182)) - 9ef131de-2cca-412b-9aef-245b2f16ad17@group-290FD7B8711E:LeaderElection2: begin an election at term 1 for -1: [9ef131de-2cca-412b-9aef-245b2f16ad17:192.168.30.13:43347], old=null
2019-09-26 11:00:43,765 [9ef131de-2cca-412b-9aef-245b2f16ad17@group-290FD7B8711E:LeaderElection2] INFO  impl.RoleInfo (RoleInfo.java:shutdownLeaderElection(134)) - 9ef131de-2cca-412b-9aef-245b2f16ad17: shutdown LeaderElection
2019-09-26 11:00:43,766 [9ef131de-2cca-412b-9aef-245b2f16ad17@group-290FD7B8711E:LeaderElection2] INFO  impl.RaftServerImpl (RaftServerImpl.java:setRole(174)) - 9ef131de-2cca-412b-9aef-245b2f16ad17@group-290FD7B8711E: changes role from CANDIDATE to LEADER at term 1 for changeToLeader
2019-09-26 11:00:43,766 [9ef131de-2cca-412b-9aef-245b2f16ad17@group-290FD7B8711E:LeaderElection2] INFO  impl.RaftServerImpl (ServerState.java:setLeader(253)) - 9ef131de-2cca-412b-9aef-245b2f16ad17@group-290FD7B8711E: change Leader from null to 9ef131de-2cca-412b-9aef-245b2f16ad17 at term 1 for becomeLeader, leader elected after 5127ms
2019-09-26 11:00:43,767 [9ef131de-2cca-412b-9aef-245b2f16ad17@group-290FD7B8711E:LeaderElection2] INFO  server.RaftServerConfigKeys (ConfUtils.java:logGet(43)) - raft.server.staging.catchup.gap = 1000 (default)
2019-09-26 11:00:43,768 [9ef131de-2cca-412b-9aef-245b2f16ad17@group-290FD7B8711E:LeaderElection2] INFO  server.RaftServerConfigKeys (ConfUtils.java:logGet(43)) - raft.server.rpc.sleep.time = 25ms (default)
2019-09-26 11:00:43,768 [9ef131de-2cca-412b-9aef-245b2f16ad17@group-290FD7B8711E:LeaderElection2] INFO  server.RaftServerConfigKeys (ConfUtils.java:logGet(43)) - raft.server.write.element-limit = 4096 (default)
2019-09-26 11:00:43,768 [9ef131de-2cca-412b-9aef-245b2f16ad17@group-290FD7B8711E:LeaderElection2] INFO  server.RaftServerConfigKeys (ConfUtils.java:logGet(43)) - raft.server.watch.timeout = 10s (default)
2019-09-26 11:00:43,768 [9ef131de-2cca-412b-9aef-245b2f16ad17@group-290FD7B8711E:LeaderElection2] INFO  server.RaftServerConfigKeys (ConfUtils.java:logGet(43)) - raft.server.watch.timeout.denomination = 1s (default)
2019-09-26 11:00:43,768 [9ef131de-2cca-412b-9aef-245b2f16ad17@group-290FD7B8711E:LeaderElection2] INFO  server.RaftServerConfigKeys (ConfUtils.java:logGet(43)) - raft.server.watch.element-limit = 65536 (default)
2019-09-26 11:00:43,772 [9ef131de-2cca-412b-9aef-245b2f16ad17@group-290FD7B8711E:LeaderElection2] INFO  impl.RoleInfo (RoleInfo.java:updateAndGet(143)) - 9ef131de-2cca-412b-9aef-245b2f16ad17: start LeaderState
2019-09-26 11:00:43,772 [9ef131de-2cca-412b-9aef-245b2f16ad17@group-290FD7B8711E:LeaderElection2] INFO  segmented.SegmentedRaftLogWorker (SegmentedRaftLogWorker.java:startLogSegment(380)) - 9ef131de-2cca-412b-9aef-245b2f16ad17@group-290FD7B8711E-SegmentedRaftLogWorker: Starting segment from index:0
2019-09-26 11:00:43,773 [9ef131de-2cca-412b-9aef-245b2f16ad17@group-290FD7B8711E:LeaderElection2] INFO  impl.RaftServerImpl (ServerState.java:setRaftConf(354)) - 9ef131de-2cca-412b-9aef-245b2f16ad17@group-290FD7B8711E: set configuration 0: [9ef131de-2cca-412b-9aef-245b2f16ad17:192.168.30.13:43347], old=null at 0
2019-09-26 11:00:43,928 [Thread-216] INFO  impl.FollowerState (FollowerState.java:run(106)) - c2a282d4-c040-416d-9ee6-85fb672e92c4:group-938D092DEF48 changes to CANDIDATE, lastRpcTime:5114, electionTimeout:5114ms
2019-09-26 11:00:43,929 [Thread-216] INFO  impl.RoleInfo (RoleInfo.java:shutdownFollowerState(121)) - c2a282d4-c040-416d-9ee6-85fb672e92c4: shutdown FollowerState
2019-09-26 11:00:43,929 [Thread-216] INFO  impl.RaftServerImpl (RaftServerImpl.java:setRole(174)) - c2a282d4-c040-416d-9ee6-85fb672e92c4@group-938D092DEF48: changes role from  FOLLOWER to CANDIDATE at term 0 for changeToCandidate
2019-09-26 11:00:43,929 [Thread-216] INFO  impl.RoleInfo (RoleInfo.java:updateAndGet(143)) - c2a282d4-c040-416d-9ee6-85fb672e92c4: start LeaderElection
2019-09-26 11:00:43,945 [Thread-219] INFO  impl.FollowerState (FollowerState.java:run(106)) - 77948620-7a50-4d08-820b-4684d575a259:group-F884CA1F5720 changes to CANDIDATE, lastRpcTime:5047, electionTimeout:5040ms
2019-09-26 11:00:43,947 [Thread-219] INFO  impl.RoleInfo (RoleInfo.java:shutdownFollowerState(121)) - 77948620-7a50-4d08-820b-4684d575a259: shutdown FollowerState
2019-09-26 11:00:43,948 [Thread-219] INFO  impl.RaftServerImpl (RaftServerImpl.java:setRole(174)) - 77948620-7a50-4d08-820b-4684d575a259@group-F884CA1F5720: changes role from  FOLLOWER to CANDIDATE at term 0 for changeToCandidate
2019-09-26 11:00:43,949 [Thread-219] INFO  impl.RoleInfo (RoleInfo.java:updateAndGet(143)) - 77948620-7a50-4d08-820b-4684d575a259: start LeaderElection
2019-09-26 11:00:43,968 [9ef131de-2cca-412b-9aef-245b2f16ad17@group-290FD7B8711E-SegmentedRaftLogWorker] INFO  segmented.SegmentedRaftLogWorker (SegmentedRaftLogWorker.java:execute(569)) - 9ef131de-2cca-412b-9aef-245b2f16ad17@group-290FD7B8711E-SegmentedRaftLogWorker: created new log segment /workdir/hadoop-ozone/tools/target/test-dir/MiniOzoneClusterImpl-86256be1-a8a6-428e-b2d3-bd155870efd4/datanode-2/data/ratis/cff53d89-2b39-4cb4-a666-290fd7b8711e/current/log_inprogress_0
2019-09-26 11:00:43,968 [bfc6808e-e12b-4ff8-8ebc-28d07afe8d0b@group-85C891D2CE22-SegmentedRaftLogWorker] INFO  segmented.SegmentedRaftLogWorker (SegmentedRaftLogWorker.java:execute(569)) - bfc6808e-e12b-4ff8-8ebc-28d07afe8d0b@group-85C891D2CE22-SegmentedRaftLogWorker: created new log segment /workdir/hadoop-ozone/tools/target/test-dir/MiniOzoneClusterImpl-86256be1-a8a6-428e-b2d3-bd155870efd4/datanode-0/data/ratis/c19a29e1-54b5-4f51-b5d2-85c891d2ce22/current/log_inprogress_0
2019-09-26 11:00:43,968 [c2a282d4-c040-416d-9ee6-85fb672e92c4@group-938D092DEF48:LeaderElection3] INFO  impl.LeaderElection (LeaderElection.java:askForVotes(182)) - c2a282d4-c040-416d-9ee6-85fb672e92c4@group-938D092DEF48:LeaderElection3: begin an election at term 1 for -1: [c2a282d4-c040-416d-9ee6-85fb672e92c4:192.168.30.13:41516], old=null
2019-09-26 11:00:43,968 [77948620-7a50-4d08-820b-4684d575a259@group-F884CA1F5720:LeaderElection4] INFO  impl.LeaderElection (LeaderElection.java:askForVotes(182)) - 77948620-7a50-4d08-820b-4684d575a259@group-F884CA1F5720:LeaderElection4: begin an election at term 1 for -1: [77948620-7a50-4d08-820b-4684d575a259:192.168.30.13:38063], old=null
2019-09-26 11:00:43,970 [c2a282d4-c040-416d-9ee6-85fb672e92c4@group-938D092DEF48:LeaderElection3] INFO  impl.RoleInfo (RoleInfo.java:shutdownLeaderElection(134)) - c2a282d4-c040-416d-9ee6-85fb672e92c4: shutdown LeaderElection
2019-09-26 11:00:43,970 [77948620-7a50-4d08-820b-4684d575a259@group-F884CA1F5720:LeaderElection4] INFO  impl.RoleInfo (RoleInfo.java:shutdownLeaderElection(134)) - 77948620-7a50-4d08-820b-4684d575a259: shutdown LeaderElection
2019-09-26 11:00:43,970 [c2a282d4-c040-416d-9ee6-85fb672e92c4@group-938D092DEF48:LeaderElection3] INFO  impl.RaftServerImpl (RaftServerImpl.java:setRole(174)) - c2a282d4-c040-416d-9ee6-85fb672e92c4@group-938D092DEF48: changes role from CANDIDATE to LEADER at term 1 for changeToLeader
2019-09-26 11:00:43,970 [77948620-7a50-4d08-820b-4684d575a259@group-F884CA1F5720:LeaderElection4] INFO  impl.RaftServerImpl (RaftServerImpl.java:setRole(174)) - 77948620-7a50-4d08-820b-4684d575a259@group-F884CA1F5720: changes role from CANDIDATE to LEADER at term 1 for changeToLeader
2019-09-26 11:00:43,970 [c2a282d4-c040-416d-9ee6-85fb672e92c4@group-938D092DEF48:LeaderElection3] INFO  impl.RaftServerImpl (ServerState.java:setLeader(253)) - c2a282d4-c040-416d-9ee6-85fb672e92c4@group-938D092DEF48: change Leader from null to c2a282d4-c040-416d-9ee6-85fb672e92c4 at term 1 for becomeLeader, leader elected after 5211ms
2019-09-26 11:00:43,970 [77948620-7a50-4d08-820b-4684d575a259@group-F884CA1F5720:LeaderElection4] INFO  impl.RaftServerImpl (ServerState.java:setLeader(253)) - 77948620-7a50-4d08-820b-4684d575a259@group-F884CA1F5720: change Leader from null to 77948620-7a50-4d08-820b-4684d575a259 at term 1 for becomeLeader, leader elected after 5094ms
2019-09-26 11:00:43,972 [c2a282d4-c040-416d-9ee6-85fb672e92c4@group-938D092DEF48:LeaderElection3] INFO  server.RaftServerConfigKeys (ConfUtils.java:logGet(43)) - raft.server.staging.catchup.gap = 1000 (default)
2019-09-26 11:00:43,974 [77948620-7a50-4d08-820b-4684d575a259@group-F884CA1F5720:LeaderElection4] INFO  server.RaftServerConfigKeys (ConfUtils.java:logGet(43)) - raft.server.staging.catchup.gap = 1000 (default)
2019-09-26 11:00:43,974 [c2a282d4-c040-416d-9ee6-85fb672e92c4@group-938D092DEF48:LeaderElection3] INFO  server.RaftServerConfigKeys (ConfUtils.java:logGet(43)) - raft.server.rpc.sleep.time = 25ms (default)
2019-09-26 11:00:43,975 [77948620-7a50-4d08-820b-4684d575a259@group-F884CA1F5720:LeaderElection4] INFO  server.RaftServerConfigKeys (ConfUtils.java:logGet(43)) - raft.server.rpc.sleep.time = 25ms (default)
2019-09-26 11:00:43,975 [c2a282d4-c040-416d-9ee6-85fb672e92c4@group-938D092DEF48:LeaderElection3] INFO  server.RaftServerConfigKeys (ConfUtils.java:logGet(43)) - raft.server.write.element-limit = 4096 (default)
2019-09-26 11:00:43,975 [77948620-7a50-4d08-820b-4684d575a259@group-F884CA1F5720:LeaderElection4] INFO  server.RaftServerConfigKeys (ConfUtils.java:logGet(43)) - raft.server.write.element-limit = 4096 (default)
2019-09-26 11:00:43,975 [c2a282d4-c040-416d-9ee6-85fb672e92c4@group-938D092DEF48:LeaderElection3] INFO  server.RaftServerConfigKeys (ConfUtils.java:logGet(43)) - raft.server.watch.timeout = 10s (default)
2019-09-26 11:00:43,975 [77948620-7a50-4d08-820b-4684d575a259@group-F884CA1F5720:LeaderElection4] INFO  server.RaftServerConfigKeys (ConfUtils.java:logGet(43)) - raft.server.watch.timeout = 10s (default)
2019-09-26 11:00:43,975 [c2a282d4-c040-416d-9ee6-85fb672e92c4@group-938D092DEF48:LeaderElection3] INFO  server.RaftServerConfigKeys (ConfUtils.java:logGet(43)) - raft.server.watch.timeout.denomination = 1s (default)
2019-09-26 11:00:43,975 [77948620-7a50-4d08-820b-4684d575a259@group-F884CA1F5720:LeaderElection4] INFO  server.RaftServerConfigKeys (ConfUtils.java:logGet(43)) - raft.server.watch.timeout.denomination = 1s (default)
2019-09-26 11:00:43,976 [c2a282d4-c040-416d-9ee6-85fb672e92c4@group-938D092DEF48:LeaderElection3] INFO  server.RaftServerConfigKeys (ConfUtils.java:logGet(43)) - raft.server.watch.element-limit = 65536 (default)
2019-09-26 11:00:43,976 [77948620-7a50-4d08-820b-4684d575a259@group-F884CA1F5720:LeaderElection4] INFO  server.RaftServerConfigKeys (ConfUtils.java:logGet(43)) - raft.server.watch.element-limit = 65536 (default)
2019-09-26 11:00:43,979 [c2a282d4-c040-416d-9ee6-85fb672e92c4@group-938D092DEF48:LeaderElection3] INFO  impl.RoleInfo (RoleInfo.java:updateAndGet(143)) - c2a282d4-c040-416d-9ee6-85fb672e92c4: start LeaderState
2019-09-26 11:00:43,979 [c2a282d4-c040-416d-9ee6-85fb672e92c4@group-938D092DEF48:LeaderElection3] INFO  segmented.SegmentedRaftLogWorker (SegmentedRaftLogWorker.java:startLogSegment(380)) - c2a282d4-c040-416d-9ee6-85fb672e92c4@group-938D092DEF48-SegmentedRaftLogWorker: Starting segment from index:0
2019-09-26 11:00:43,980 [77948620-7a50-4d08-820b-4684d575a259@group-F884CA1F5720:LeaderElection4] INFO  impl.RoleInfo (RoleInfo.java:updateAndGet(143)) - 77948620-7a50-4d08-820b-4684d575a259: start LeaderState
2019-09-26 11:00:43,980 [77948620-7a50-4d08-820b-4684d575a259@group-F884CA1F5720:LeaderElection4] INFO  segmented.SegmentedRaftLogWorker (SegmentedRaftLogWorker.java:startLogSegment(380)) - 77948620-7a50-4d08-820b-4684d575a259@group-F884CA1F5720-SegmentedRaftLogWorker: Starting segment from index:0
2019-09-26 11:00:43,980 [c2a282d4-c040-416d-9ee6-85fb672e92c4@group-938D092DEF48:LeaderElection3] INFO  impl.RaftServerImpl (ServerState.java:setRaftConf(354)) - c2a282d4-c040-416d-9ee6-85fb672e92c4@group-938D092DEF48: set configuration 0: [c2a282d4-c040-416d-9ee6-85fb672e92c4:192.168.30.13:41516], old=null at 0
2019-09-26 11:00:44,011 [77948620-7a50-4d08-820b-4684d575a259@group-F884CA1F5720:LeaderElection4] INFO  impl.RaftServerImpl (ServerState.java:setRaftConf(354)) - 77948620-7a50-4d08-820b-4684d575a259@group-F884CA1F5720: set configuration 0: [77948620-7a50-4d08-820b-4684d575a259:192.168.30.13:38063], old=null at 0
2019-09-26 11:00:44,045 [c2a282d4-c040-416d-9ee6-85fb672e92c4@group-938D092DEF48-SegmentedRaftLogWorker] INFO  segmented.SegmentedRaftLogWorker (SegmentedRaftLogWorker.java:execute(569)) - c2a282d4-c040-416d-9ee6-85fb672e92c4@group-938D092DEF48-SegmentedRaftLogWorker: created new log segment /workdir/hadoop-ozone/tools/target/test-dir/MiniOzoneClusterImpl-86256be1-a8a6-428e-b2d3-bd155870efd4/datanode-1/data/ratis/ebb67fd8-0a9f-4bb3-af19-938d092def48/current/log_inprogress_0
2019-09-26 11:00:44,045 [Thread-222] INFO  impl.FollowerState (FollowerState.java:run(106)) - 0847ba72-fdd2-48af-a9ba-81785ca9ed12:group-866ED0EA934E changes to CANDIDATE, lastRpcTime:5055, electionTimeout:5027ms
2019-09-26 11:00:44,046 [Thread-222] INFO  impl.RoleInfo (RoleInfo.java:shutdownFollowerState(121)) - 0847ba72-fdd2-48af-a9ba-81785ca9ed12: shutdown FollowerState
2019-09-26 11:00:44,046 [Thread-222] INFO  impl.RaftServerImpl (RaftServerImpl.java:setRole(174)) - 0847ba72-fdd2-48af-a9ba-81785ca9ed12@group-866ED0EA934E: changes role from  FOLLOWER to CANDIDATE at term 0 for changeToCandidate
2019-09-26 11:00:44,046 [Thread-222] INFO  impl.RoleInfo (RoleInfo.java:updateAndGet(143)) - 0847ba72-fdd2-48af-a9ba-81785ca9ed12: start LeaderElection
2019-09-26 11:00:44,050 [77948620-7a50-4d08-820b-4684d575a259@group-F884CA1F5720-SegmentedRaftLogWorker] INFO  segmented.SegmentedRaftLogWorker (SegmentedRaftLogWorker.java:execute(569)) - 77948620-7a50-4d08-820b-4684d575a259@group-F884CA1F5720-SegmentedRaftLogWorker: created new log segment /workdir/hadoop-ozone/tools/target/test-dir/MiniOzoneClusterImpl-86256be1-a8a6-428e-b2d3-bd155870efd4/datanode-3/data/ratis/e65a79fa-1796-459c-9ce2-f884ca1f5720/current/log_inprogress_0
2019-09-26 11:00:44,054 [0847ba72-fdd2-48af-a9ba-81785ca9ed12@group-866ED0EA934E:LeaderElection5] INFO  impl.LeaderElection (LeaderElection.java:askForVotes(182)) - 0847ba72-fdd2-48af-a9ba-81785ca9ed12@group-866ED0EA934E:LeaderElection5: begin an election at term 1 for -1: [0847ba72-fdd2-48af-a9ba-81785ca9ed12:192.168.30.13:33635], old=null
2019-09-26 11:00:44,054 [0847ba72-fdd2-48af-a9ba-81785ca9ed12@group-866ED0EA934E:LeaderElection5] INFO  impl.RoleInfo (RoleInfo.java:shutdownLeaderElection(134)) - 0847ba72-fdd2-48af-a9ba-81785ca9ed12: shutdown LeaderElection
2019-09-26 11:00:44,054 [0847ba72-fdd2-48af-a9ba-81785ca9ed12@group-866ED0EA934E:LeaderElection5] INFO  impl.RaftServerImpl (RaftServerImpl.java:setRole(174)) - 0847ba72-fdd2-48af-a9ba-81785ca9ed12@group-866ED0EA934E: changes role from CANDIDATE to LEADER at term 1 for changeToLeader
2019-09-26 11:00:44,054 [0847ba72-fdd2-48af-a9ba-81785ca9ed12@group-866ED0EA934E:LeaderElection5] INFO  impl.RaftServerImpl (ServerState.java:setLeader(253)) - 0847ba72-fdd2-48af-a9ba-81785ca9ed12@group-866ED0EA934E: change Leader from null to 0847ba72-fdd2-48af-a9ba-81785ca9ed12 at term 1 for becomeLeader, leader elected after 5082ms
2019-09-26 11:00:44,056 [0847ba72-fdd2-48af-a9ba-81785ca9ed12@group-866ED0EA934E:LeaderElection5] INFO  server.RaftServerConfigKeys (ConfUtils.java:logGet(43)) - raft.server.staging.catchup.gap = 1000 (default)
2019-09-26 11:00:44,056 [0847ba72-fdd2-48af-a9ba-81785ca9ed12@group-866ED0EA934E:LeaderElection5] INFO  server.RaftServerConfigKeys (ConfUtils.java:logGet(43)) - raft.server.rpc.sleep.time = 25ms (default)
2019-09-26 11:00:44,057 [0847ba72-fdd2-48af-a9ba-81785ca9ed12@group-866ED0EA934E:LeaderElection5] INFO  server.RaftServerConfigKeys (ConfUtils.java:logGet(43)) - raft.server.write.element-limit = 4096 (default)
2019-09-26 11:00:44,057 [0847ba72-fdd2-48af-a9ba-81785ca9ed12@group-866ED0EA934E:LeaderElection5] INFO  server.RaftServerConfigKeys (ConfUtils.java:logGet(43)) - raft.server.watch.timeout = 10s (default)
2019-09-26 11:00:44,057 [0847ba72-fdd2-48af-a9ba-81785ca9ed12@group-866ED0EA934E:LeaderElection5] INFO  server.RaftServerConfigKeys (ConfUtils.java:logGet(43)) - raft.server.watch.timeout.denomination = 1s (default)
2019-09-26 11:00:44,057 [0847ba72-fdd2-48af-a9ba-81785ca9ed12@group-866ED0EA934E:LeaderElection5] INFO  server.RaftServerConfigKeys (ConfUtils.java:logGet(43)) - raft.server.watch.element-limit = 65536 (default)
2019-09-26 11:00:44,060 [0847ba72-fdd2-48af-a9ba-81785ca9ed12@group-866ED0EA934E:LeaderElection5] INFO  impl.RoleInfo (RoleInfo.java:updateAndGet(143)) - 0847ba72-fdd2-48af-a9ba-81785ca9ed12: start LeaderState
2019-09-26 11:00:44,061 [0847ba72-fdd2-48af-a9ba-81785ca9ed12@group-866ED0EA934E:LeaderElection5] INFO  segmented.SegmentedRaftLogWorker (SegmentedRaftLogWorker.java:startLogSegment(380)) - 0847ba72-fdd2-48af-a9ba-81785ca9ed12@group-866ED0EA934E-SegmentedRaftLogWorker: Starting segment from index:0
2019-09-26 11:00:44,061 [0847ba72-fdd2-48af-a9ba-81785ca9ed12@group-866ED0EA934E:LeaderElection5] INFO  impl.RaftServerImpl (ServerState.java:setRaftConf(354)) - 0847ba72-fdd2-48af-a9ba-81785ca9ed12@group-866ED0EA934E: set configuration 0: [0847ba72-fdd2-48af-a9ba-81785ca9ed12:192.168.30.13:33635], old=null at 0
2019-09-26 11:00:44,105 [0847ba72-fdd2-48af-a9ba-81785ca9ed12@group-866ED0EA934E-SegmentedRaftLogWorker] INFO  segmented.SegmentedRaftLogWorker (SegmentedRaftLogWorker.java:execute(569)) - 0847ba72-fdd2-48af-a9ba-81785ca9ed12@group-866ED0EA934E-SegmentedRaftLogWorker: created new log segment /workdir/hadoop-ozone/tools/target/test-dir/MiniOzoneClusterImpl-86256be1-a8a6-428e-b2d3-bd155870efd4/datanode-4/data/ratis/4e71f7d5-78bc-4f23-bab1-866ed0ea934e/current/log_inprogress_0
2019-09-26 11:00:44,142 [Thread-225] INFO  impl.FollowerState (FollowerState.java:run(106)) - 0847ba72-fdd2-48af-a9ba-81785ca9ed12:group-E4FD8A671690 changes to CANDIDATE, lastRpcTime:5076, electionTimeout:5076ms
2019-09-26 11:00:44,142 [Thread-225] INFO  impl.RoleInfo (RoleInfo.java:shutdownFollowerState(121)) - 0847ba72-fdd2-48af-a9ba-81785ca9ed12: shutdown FollowerState
2019-09-26 11:00:44,143 [Thread-225] INFO  impl.RaftServerImpl (RaftServerImpl.java:setRole(174)) - 0847ba72-fdd2-48af-a9ba-81785ca9ed12@group-E4FD8A671690: changes role from  FOLLOWER to CANDIDATE at term 0 for changeToCandidate
2019-09-26 11:00:44,143 [Thread-225] INFO  impl.RoleInfo (RoleInfo.java:updateAndGet(143)) - 0847ba72-fdd2-48af-a9ba-81785ca9ed12: start LeaderElection
2019-09-26 11:00:44,159 [0847ba72-fdd2-48af-a9ba-81785ca9ed12@group-E4FD8A671690:LeaderElection6] INFO  impl.LeaderElection (LeaderElection.java:askForVotes(182)) - 0847ba72-fdd2-48af-a9ba-81785ca9ed12@group-E4FD8A671690:LeaderElection6: begin an election at term 1 for -1: [0847ba72-fdd2-48af-a9ba-81785ca9ed12:192.168.30.13:33635], old=null
2019-09-26 11:00:44,159 [0847ba72-fdd2-48af-a9ba-81785ca9ed12@group-E4FD8A671690:LeaderElection6] INFO  impl.RoleInfo (RoleInfo.java:shutdownLeaderElection(134)) - 0847ba72-fdd2-48af-a9ba-81785ca9ed12: shutdown LeaderElection
2019-09-26 11:00:44,159 [0847ba72-fdd2-48af-a9ba-81785ca9ed12@group-E4FD8A671690:LeaderElection6] INFO  impl.RaftServerImpl (RaftServerImpl.java:setRole(174)) - 0847ba72-fdd2-48af-a9ba-81785ca9ed12@group-E4FD8A671690: changes role from CANDIDATE to LEADER at term 1 for changeToLeader
2019-09-26 11:00:44,159 [0847ba72-fdd2-48af-a9ba-81785ca9ed12@group-E4FD8A671690:LeaderElection6] INFO  impl.RaftServerImpl (ServerState.java:setLeader(253)) - 0847ba72-fdd2-48af-a9ba-81785ca9ed12@group-E4FD8A671690: change Leader from null to 0847ba72-fdd2-48af-a9ba-81785ca9ed12 at term 1 for becomeLeader, leader elected after 5104ms
2019-09-26 11:00:44,160 [0847ba72-fdd2-48af-a9ba-81785ca9ed12@group-E4FD8A671690:LeaderElection6] INFO  server.RaftServerConfigKeys (ConfUtils.java:logGet(43)) - raft.server.staging.catchup.gap = 1000 (default)
2019-09-26 11:00:44,160 [0847ba72-fdd2-48af-a9ba-81785ca9ed12@group-E4FD8A671690:LeaderElection6] INFO  server.RaftServerConfigKeys (ConfUtils.java:logGet(43)) - raft.server.rpc.sleep.time = 25ms (default)
2019-09-26 11:00:44,160 [0847ba72-fdd2-48af-a9ba-81785ca9ed12@group-E4FD8A671690:LeaderElection6] INFO  server.RaftServerConfigKeys (ConfUtils.java:logGet(43)) - raft.server.write.element-limit = 4096 (default)
2019-09-26 11:00:44,160 [0847ba72-fdd2-48af-a9ba-81785ca9ed12@group-E4FD8A671690:LeaderElection6] INFO  server.RaftServerConfigKeys (ConfUtils.java:logGet(43)) - raft.server.watch.timeout = 10s (default)
2019-09-26 11:00:44,160 [0847ba72-fdd2-48af-a9ba-81785ca9ed12@group-E4FD8A671690:LeaderElection6] INFO  server.RaftServerConfigKeys (ConfUtils.java:logGet(43)) - raft.server.watch.timeout.denomination = 1s (default)
2019-09-26 11:00:44,160 [0847ba72-fdd2-48af-a9ba-81785ca9ed12@group-E4FD8A671690:LeaderElection6] INFO  server.RaftServerConfigKeys (ConfUtils.java:logGet(43)) - raft.server.watch.element-limit = 65536 (default)
2019-09-26 11:00:44,163 [0847ba72-fdd2-48af-a9ba-81785ca9ed12@group-E4FD8A671690:LeaderElection6] INFO  impl.RoleInfo (RoleInfo.java:updateAndGet(143)) - 0847ba72-fdd2-48af-a9ba-81785ca9ed12: start LeaderState
2019-09-26 11:00:44,163 [0847ba72-fdd2-48af-a9ba-81785ca9ed12@group-E4FD8A671690:LeaderElection6] INFO  segmented.SegmentedRaftLogWorker (SegmentedRaftLogWorker.java:startLogSegment(380)) - 0847ba72-fdd2-48af-a9ba-81785ca9ed12@group-E4FD8A671690-SegmentedRaftLogWorker: Starting segment from index:0
2019-09-26 11:00:44,164 [0847ba72-fdd2-48af-a9ba-81785ca9ed12@group-E4FD8A671690:LeaderElection6] INFO  impl.RaftServerImpl (ServerState.java:setRaftConf(354)) - 0847ba72-fdd2-48af-a9ba-81785ca9ed12@group-E4FD8A671690: set configuration 0: [0847ba72-fdd2-48af-a9ba-81785ca9ed12:192.168.30.13:33635], old=null at 0
2019-09-26 11:00:44,217 [0847ba72-fdd2-48af-a9ba-81785ca9ed12@group-E4FD8A671690-SegmentedRaftLogWorker] INFO  segmented.SegmentedRaftLogWorker (SegmentedRaftLogWorker.java:execute(569)) - 0847ba72-fdd2-48af-a9ba-81785ca9ed12@group-E4FD8A671690-SegmentedRaftLogWorker: created new log segment /workdir/hadoop-ozone/tools/target/test-dir/MiniOzoneClusterImpl-86256be1-a8a6-428e-b2d3-bd155870efd4/datanode-4/data/ratis/ba95c735-81d5-4231-b15c-e4fd8a671690/current/log_inprogress_0
2019-09-26 11:00:44,303 [Thread-228] INFO  impl.FollowerState (FollowerState.java:run(106)) - 77948620-7a50-4d08-820b-4684d575a259:group-25493E8EDE74 changes to CANDIDATE, lastRpcTime:5163, electionTimeout:5163ms
2019-09-26 11:00:44,304 [Thread-228] INFO  impl.RoleInfo (RoleInfo.java:shutdownFollowerState(121)) - 77948620-7a50-4d08-820b-4684d575a259: shutdown FollowerState
2019-09-26 11:00:44,304 [Thread-228] INFO  impl.RaftServerImpl (RaftServerImpl.java:setRole(174)) - 77948620-7a50-4d08-820b-4684d575a259@group-25493E8EDE74: changes role from  FOLLOWER to CANDIDATE at term 0 for changeToCandidate
2019-09-26 11:00:44,304 [Thread-228] INFO  impl.RoleInfo (RoleInfo.java:updateAndGet(143)) - 77948620-7a50-4d08-820b-4684d575a259: start LeaderElection
2019-09-26 11:00:44,322 [77948620-7a50-4d08-820b-4684d575a259@group-25493E8EDE74:LeaderElection7] INFO  impl.LeaderElection (LeaderElection.java:askForVotes(182)) - 77948620-7a50-4d08-820b-4684d575a259@group-25493E8EDE74:LeaderElection7: begin an election at term 1 for -1: [77948620-7a50-4d08-820b-4684d575a259:192.168.30.13:38063], old=null
2019-09-26 11:00:44,322 [77948620-7a50-4d08-820b-4684d575a259@group-25493E8EDE74:LeaderElection7] INFO  impl.RoleInfo (RoleInfo.java:shutdownLeaderElection(134)) - 77948620-7a50-4d08-820b-4684d575a259: shutdown LeaderElection
2019-09-26 11:00:44,323 [77948620-7a50-4d08-820b-4684d575a259@group-25493E8EDE74:LeaderElection7] INFO  impl.RaftServerImpl (RaftServerImpl.java:setRole(174)) - 77948620-7a50-4d08-820b-4684d575a259@group-25493E8EDE74: changes role from CANDIDATE to LEADER at term 1 for changeToLeader
2019-09-26 11:00:44,323 [77948620-7a50-4d08-820b-4684d575a259@group-25493E8EDE74:LeaderElection7] INFO  impl.RaftServerImpl (ServerState.java:setLeader(253)) - 77948620-7a50-4d08-820b-4684d575a259@group-25493E8EDE74: change Leader from null to 77948620-7a50-4d08-820b-4684d575a259 at term 1 for becomeLeader, leader elected after 5191ms
2019-09-26 11:00:44,323 [77948620-7a50-4d08-820b-4684d575a259@group-25493E8EDE74:LeaderElection7] INFO  server.RaftServerConfigKeys (ConfUtils.java:logGet(43)) - raft.server.staging.catchup.gap = 1000 (default)
2019-09-26 11:00:44,323 [77948620-7a50-4d08-820b-4684d575a259@group-25493E8EDE74:LeaderElection7] INFO  server.RaftServerConfigKeys (ConfUtils.java:logGet(43)) - raft.server.rpc.sleep.time = 25ms (default)
2019-09-26 11:00:44,323 [77948620-7a50-4d08-820b-4684d575a259@group-25493E8EDE74:LeaderElection7] INFO  server.RaftServerConfigKeys (ConfUtils.java:logGet(43)) - raft.server.write.element-limit = 4096 (default)
2019-09-26 11:00:44,323 [77948620-7a50-4d08-820b-4684d575a259@group-25493E8EDE74:LeaderElection7] INFO  server.RaftServerConfigKeys (ConfUtils.java:logGet(43)) - raft.server.watch.timeout = 10s (default)
2019-09-26 11:00:44,324 [77948620-7a50-4d08-820b-4684d575a259@group-25493E8EDE74:LeaderElection7] INFO  server.RaftServerConfigKeys (ConfUtils.java:logGet(43)) - raft.server.watch.timeout.denomination = 1s (default)
2019-09-26 11:00:44,324 [77948620-7a50-4d08-820b-4684d575a259@group-25493E8EDE74:LeaderElection7] INFO  server.RaftServerConfigKeys (ConfUtils.java:logGet(43)) - raft.server.watch.element-limit = 65536 (default)
2019-09-26 11:00:44,326 [77948620-7a50-4d08-820b-4684d575a259@group-25493E8EDE74:LeaderElection7] INFO  impl.RoleInfo (RoleInfo.java:updateAndGet(143)) - 77948620-7a50-4d08-820b-4684d575a259: start LeaderState
2019-09-26 11:00:44,327 [77948620-7a50-4d08-820b-4684d575a259@group-25493E8EDE74:LeaderElection7] INFO  segmented.SegmentedRaftLogWorker (SegmentedRaftLogWorker.java:startLogSegment(380)) - 77948620-7a50-4d08-820b-4684d575a259@group-25493E8EDE74-SegmentedRaftLogWorker: Starting segment from index:0
2019-09-26 11:00:44,327 [77948620-7a50-4d08-820b-4684d575a259@group-25493E8EDE74:LeaderElection7] INFO  impl.RaftServerImpl (ServerState.java:setRaftConf(354)) - 77948620-7a50-4d08-820b-4684d575a259@group-25493E8EDE74: set configuration 0: [77948620-7a50-4d08-820b-4684d575a259:192.168.30.13:38063], old=null at 0
2019-09-26 11:00:44,367 [Thread-231] INFO  impl.FollowerState (FollowerState.java:run(106)) - c2a282d4-c040-416d-9ee6-85fb672e92c4:group-868125F8A0F4 changes to CANDIDATE, lastRpcTime:5152, electionTimeout:5114ms
2019-09-26 11:00:44,367 [Thread-231] INFO  impl.RoleInfo (RoleInfo.java:shutdownFollowerState(121)) - c2a282d4-c040-416d-9ee6-85fb672e92c4: shutdown FollowerState
2019-09-26 11:00:44,367 [Thread-231] INFO  impl.RaftServerImpl (RaftServerImpl.java:setRole(174)) - c2a282d4-c040-416d-9ee6-85fb672e92c4@group-868125F8A0F4: changes role from  FOLLOWER to CANDIDATE at term 0 for changeToCandidate
2019-09-26 11:00:44,368 [Thread-231] INFO  impl.RoleInfo (RoleInfo.java:updateAndGet(143)) - c2a282d4-c040-416d-9ee6-85fb672e92c4: start LeaderElection
2019-09-26 11:00:44,380 [77948620-7a50-4d08-820b-4684d575a259@group-25493E8EDE74-SegmentedRaftLogWorker] INFO  segmented.SegmentedRaftLogWorker (SegmentedRaftLogWorker.java:execute(569)) - 77948620-7a50-4d08-820b-4684d575a259@group-25493E8EDE74-SegmentedRaftLogWorker: created new log segment /workdir/hadoop-ozone/tools/target/test-dir/MiniOzoneClusterImpl-86256be1-a8a6-428e-b2d3-bd155870efd4/datanode-3/data/ratis/6f4c578d-6aee-40b7-b4f3-25493e8ede74/current/log_inprogress_0
2019-09-26 11:00:44,380 [c2a282d4-c040-416d-9ee6-85fb672e92c4@group-868125F8A0F4:LeaderElection8] INFO  impl.LeaderElection (LeaderElection.java:askForVotes(182)) - c2a282d4-c040-416d-9ee6-85fb672e92c4@group-868125F8A0F4:LeaderElection8: begin an election at term 1 for -1: [c2a282d4-c040-416d-9ee6-85fb672e92c4:192.168.30.13:41516], old=null
2019-09-26 11:00:44,380 [c2a282d4-c040-416d-9ee6-85fb672e92c4@group-868125F8A0F4:LeaderElection8] INFO  impl.RoleInfo (RoleInfo.java:shutdownLeaderElection(134)) - c2a282d4-c040-416d-9ee6-85fb672e92c4: shutdown LeaderElection
2019-09-26 11:00:44,380 [c2a282d4-c040-416d-9ee6-85fb672e92c4@group-868125F8A0F4:LeaderElection8] INFO  impl.RaftServerImpl (RaftServerImpl.java:setRole(174)) - c2a282d4-c040-416d-9ee6-85fb672e92c4@group-868125F8A0F4: changes role from CANDIDATE to LEADER at term 1 for changeToLeader
2019-09-26 11:00:44,380 [c2a282d4-c040-416d-9ee6-85fb672e92c4@group-868125F8A0F4:LeaderElection8] INFO  impl.RaftServerImpl (ServerState.java:setLeader(253)) - c2a282d4-c040-416d-9ee6-85fb672e92c4@group-868125F8A0F4: change Leader from null to c2a282d4-c040-416d-9ee6-85fb672e92c4 at term 1 for becomeLeader, leader elected after 5174ms
2019-09-26 11:00:44,380 [c2a282d4-c040-416d-9ee6-85fb672e92c4@group-868125F8A0F4:LeaderElection8] INFO  server.RaftServerConfigKeys (ConfUtils.java:logGet(43)) - raft.server.staging.catchup.gap = 1000 (default)
2019-09-26 11:00:44,380 [c2a282d4-c040-416d-9ee6-85fb672e92c4@group-868125F8A0F4:LeaderElection8] INFO  server.RaftServerConfigKeys (ConfUtils.java:logGet(43)) - raft.server.rpc.sleep.time = 25ms (default)
2019-09-26 11:00:44,381 [c2a282d4-c040-416d-9ee6-85fb672e92c4@group-868125F8A0F4:LeaderElection8] INFO  server.RaftServerConfigKeys (ConfUtils.java:logGet(43)) - raft.server.write.element-limit = 4096 (default)
2019-09-26 11:00:44,381 [c2a282d4-c040-416d-9ee6-85fb672e92c4@group-868125F8A0F4:LeaderElection8] INFO  server.RaftServerConfigKeys (ConfUtils.java:logGet(43)) - raft.server.watch.timeout = 10s (default)
2019-09-26 11:00:44,381 [c2a282d4-c040-416d-9ee6-85fb672e92c4@group-868125F8A0F4:LeaderElection8] INFO  server.RaftServerConfigKeys (ConfUtils.java:logGet(43)) - raft.server.watch.timeout.denomination = 1s (default)
2019-09-26 11:00:44,381 [c2a282d4-c040-416d-9ee6-85fb672e92c4@group-868125F8A0F4:LeaderElection8] INFO  server.RaftServerConfigKeys (ConfUtils.java:logGet(43)) - raft.server.watch.element-limit = 65536 (default)
2019-09-26 11:00:44,384 [c2a282d4-c040-416d-9ee6-85fb672e92c4@group-868125F8A0F4:LeaderElection8] INFO  impl.RoleInfo (RoleInfo.java:updateAndGet(143)) - c2a282d4-c040-416d-9ee6-85fb672e92c4: start LeaderState
2019-09-26 11:00:44,384 [c2a282d4-c040-416d-9ee6-85fb672e92c4@group-868125F8A0F4:LeaderElection8] INFO  segmented.SegmentedRaftLogWorker (SegmentedRaftLogWorker.java:startLogSegment(380)) - c2a282d4-c040-416d-9ee6-85fb672e92c4@group-868125F8A0F4-SegmentedRaftLogWorker: Starting segment from index:0
2019-09-26 11:00:44,385 [c2a282d4-c040-416d-9ee6-85fb672e92c4@group-868125F8A0F4:LeaderElection8] INFO  impl.RaftServerImpl (ServerState.java:setRaftConf(354)) - c2a282d4-c040-416d-9ee6-85fb672e92c4@group-868125F8A0F4: set configuration 0: [c2a282d4-c040-416d-9ee6-85fb672e92c4:192.168.30.13:41516], old=null at 0
2019-09-26 11:00:44,417 [Thread-235] INFO  impl.FollowerState (FollowerState.java:run(106)) - 0847ba72-fdd2-48af-a9ba-81785ca9ed12:group-6B467FD8C88C changes to CANDIDATE, lastRpcTime:5129, electionTimeout:5124ms
2019-09-26 11:00:44,418 [Thread-235] INFO  impl.RoleInfo (RoleInfo.java:shutdownFollowerState(121)) - 0847ba72-fdd2-48af-a9ba-81785ca9ed12: shutdown FollowerState
2019-09-26 11:00:44,418 [Thread-235] INFO  impl.RaftServerImpl (RaftServerImpl.java:setRole(174)) - 0847ba72-fdd2-48af-a9ba-81785ca9ed12@group-6B467FD8C88C: changes role from  FOLLOWER to CANDIDATE at term 0 for changeToCandidate
2019-09-26 11:00:44,418 [Thread-235] INFO  impl.RoleInfo (RoleInfo.java:updateAndGet(143)) - 0847ba72-fdd2-48af-a9ba-81785ca9ed12: start LeaderElection
2019-09-26 11:00:44,430 [c2a282d4-c040-416d-9ee6-85fb672e92c4@group-868125F8A0F4-SegmentedRaftLogWorker] INFO  segmented.SegmentedRaftLogWorker (SegmentedRaftLogWorker.java:execute(569)) - c2a282d4-c040-416d-9ee6-85fb672e92c4@group-868125F8A0F4-SegmentedRaftLogWorker: created new log segment /workdir/hadoop-ozone/tools/target/test-dir/MiniOzoneClusterImpl-86256be1-a8a6-428e-b2d3-bd155870efd4/datanode-1/data/ratis/4b93315b-2e2e-4177-ab0f-868125f8a0f4/current/log_inprogress_0
2019-09-26 11:00:44,430 [0847ba72-fdd2-48af-a9ba-81785ca9ed12@group-6B467FD8C88C:LeaderElection9] INFO  impl.LeaderElection (LeaderElection.java:askForVotes(182)) - 0847ba72-fdd2-48af-a9ba-81785ca9ed12@group-6B467FD8C88C:LeaderElection9: begin an election at term 1 for -1: [0847ba72-fdd2-48af-a9ba-81785ca9ed12:192.168.30.13:33635], old=null
2019-09-26 11:00:44,431 [0847ba72-fdd2-48af-a9ba-81785ca9ed12@group-6B467FD8C88C:LeaderElection9] INFO  impl.RoleInfo (RoleInfo.java:shutdownLeaderElection(134)) - 0847ba72-fdd2-48af-a9ba-81785ca9ed12: shutdown LeaderElection
2019-09-26 11:00:44,431 [0847ba72-fdd2-48af-a9ba-81785ca9ed12@group-6B467FD8C88C:LeaderElection9] INFO  impl.RaftServerImpl (RaftServerImpl.java:setRole(174)) - 0847ba72-fdd2-48af-a9ba-81785ca9ed12@group-6B467FD8C88C: changes role from CANDIDATE to LEADER at term 1 for changeToLeader
2019-09-26 11:00:44,431 [0847ba72-fdd2-48af-a9ba-81785ca9ed12@group-6B467FD8C88C:LeaderElection9] INFO  impl.RaftServerImpl (ServerState.java:setLeader(253)) - 0847ba72-fdd2-48af-a9ba-81785ca9ed12@group-6B467FD8C88C: change Leader from null to 0847ba72-fdd2-48af-a9ba-81785ca9ed12 at term 1 for becomeLeader, leader elected after 5150ms
2019-09-26 11:00:44,431 [0847ba72-fdd2-48af-a9ba-81785ca9ed12@group-6B467FD8C88C:LeaderElection9] INFO  server.RaftServerConfigKeys (ConfUtils.java:logGet(43)) - raft.server.staging.catchup.gap = 1000 (default)
2019-09-26 11:00:44,431 [0847ba72-fdd2-48af-a9ba-81785ca9ed12@group-6B467FD8C88C:LeaderElection9] INFO  server.RaftServerConfigKeys (ConfUtils.java:logGet(43)) - raft.server.rpc.sleep.time = 25ms (default)
2019-09-26 11:00:44,432 [0847ba72-fdd2-48af-a9ba-81785ca9ed12@group-6B467FD8C88C:LeaderElection9] INFO  server.RaftServerConfigKeys (ConfUtils.java:logGet(43)) - raft.server.write.element-limit = 4096 (default)
2019-09-26 11:00:44,432 [0847ba72-fdd2-48af-a9ba-81785ca9ed12@group-6B467FD8C88C:LeaderElection9] INFO  server.RaftServerConfigKeys (ConfUtils.java:logGet(43)) - raft.server.watch.timeout = 10s (default)
2019-09-26 11:00:44,432 [0847ba72-fdd2-48af-a9ba-81785ca9ed12@group-6B467FD8C88C:LeaderElection9] INFO  server.RaftServerConfigKeys (ConfUtils.java:logGet(43)) - raft.server.watch.timeout.denomination = 1s (default)
2019-09-26 11:00:44,432 [0847ba72-fdd2-48af-a9ba-81785ca9ed12@group-6B467FD8C88C:LeaderElection9] INFO  server.RaftServerConfigKeys (ConfUtils.java:logGet(43)) - raft.server.watch.element-limit = 65536 (default)
2019-09-26 11:00:44,435 [0847ba72-fdd2-48af-a9ba-81785ca9ed12@group-6B467FD8C88C:LeaderElection9] INFO  impl.RoleInfo (RoleInfo.java:updateAndGet(143)) - 0847ba72-fdd2-48af-a9ba-81785ca9ed12: start LeaderState
2019-09-26 11:00:44,435 [0847ba72-fdd2-48af-a9ba-81785ca9ed12@group-6B467FD8C88C:LeaderElection9] INFO  segmented.SegmentedRaftLogWorker (SegmentedRaftLogWorker.java:startLogSegment(380)) - 0847ba72-fdd2-48af-a9ba-81785ca9ed12@group-6B467FD8C88C-SegmentedRaftLogWorker: Starting segment from index:0
2019-09-26 11:00:44,436 [0847ba72-fdd2-48af-a9ba-81785ca9ed12@group-6B467FD8C88C:LeaderElection9] INFO  impl.RaftServerImpl (ServerState.java:setRaftConf(354)) - 0847ba72-fdd2-48af-a9ba-81785ca9ed12@group-6B467FD8C88C: set configuration 0: [0847ba72-fdd2-48af-a9ba-81785ca9ed12:192.168.30.13:33635], old=null at 0
2019-09-26 11:00:44,476 [Thread-238] INFO  impl.FollowerState (FollowerState.java:run(106)) - 77948620-7a50-4d08-820b-4684d575a259:group-770F0E73B7F1 changes to CANDIDATE, lastRpcTime:5122, electionTimeout:5095ms
2019-09-26 11:00:44,476 [Thread-238] INFO  impl.RoleInfo (RoleInfo.java:shutdownFollowerState(121)) - 77948620-7a50-4d08-820b-4684d575a259: shutdown FollowerState
2019-09-26 11:00:44,477 [Thread-238] INFO  impl.RaftServerImpl (RaftServerImpl.java:setRole(174)) - 77948620-7a50-4d08-820b-4684d575a259@group-770F0E73B7F1: changes role from  FOLLOWER to CANDIDATE at term 0 for changeToCandidate
2019-09-26 11:00:44,487 [Thread-238] INFO  impl.RoleInfo (RoleInfo.java:updateAndGet(143)) - 77948620-7a50-4d08-820b-4684d575a259: start LeaderElection
2019-09-26 11:00:44,496 [0847ba72-fdd2-48af-a9ba-81785ca9ed12@group-6B467FD8C88C-SegmentedRaftLogWorker] INFO  segmented.SegmentedRaftLogWorker (SegmentedRaftLogWorker.java:execute(569)) - 0847ba72-fdd2-48af-a9ba-81785ca9ed12@group-6B467FD8C88C-SegmentedRaftLogWorker: created new log segment /workdir/hadoop-ozone/tools/target/test-dir/MiniOzoneClusterImpl-86256be1-a8a6-428e-b2d3-bd155870efd4/datanode-4/data/ratis/0442ede0-6983-4cce-8ff6-6b467fd8c88c/current/log_inprogress_0
2019-09-26 11:00:44,496 [77948620-7a50-4d08-820b-4684d575a259@group-770F0E73B7F1:LeaderElection10] INFO  impl.LeaderElection (LeaderElection.java:askForVotes(182)) - 77948620-7a50-4d08-820b-4684d575a259@group-770F0E73B7F1:LeaderElection10: begin an election at term 1 for -1: [77948620-7a50-4d08-820b-4684d575a259:192.168.30.13:38063], old=null
2019-09-26 11:00:44,496 [77948620-7a50-4d08-820b-4684d575a259@group-770F0E73B7F1:LeaderElection10] INFO  impl.RoleInfo (RoleInfo.java:shutdownLeaderElection(134)) - 77948620-7a50-4d08-820b-4684d575a259: shutdown LeaderElection
2019-09-26 11:00:44,497 [77948620-7a50-4d08-820b-4684d575a259@group-770F0E73B7F1:LeaderElection10] INFO  impl.RaftServerImpl (RaftServerImpl.java:setRole(174)) - 77948620-7a50-4d08-820b-4684d575a259@group-770F0E73B7F1: changes role from CANDIDATE to LEADER at term 1 for changeToLeader
2019-09-26 11:00:44,497 [77948620-7a50-4d08-820b-4684d575a259@group-770F0E73B7F1:LeaderElection10] INFO  impl.RaftServerImpl (ServerState.java:setLeader(253)) - 77948620-7a50-4d08-820b-4684d575a259@group-770F0E73B7F1: change Leader from null to 77948620-7a50-4d08-820b-4684d575a259 at term 1 for becomeLeader, leader elected after 5150ms
2019-09-26 11:00:44,497 [77948620-7a50-4d08-820b-4684d575a259@group-770F0E73B7F1:LeaderElection10] INFO  server.RaftServerConfigKeys (ConfUtils.java:logGet(43)) - raft.server.staging.catchup.gap = 1000 (default)
2019-09-26 11:00:44,497 [77948620-7a50-4d08-820b-4684d575a259@group-770F0E73B7F1:LeaderElection10] INFO  server.RaftServerConfigKeys (ConfUtils.java:logGet(43)) - raft.server.rpc.sleep.time = 25ms (default)
2019-09-26 11:00:44,497 [77948620-7a50-4d08-820b-4684d575a259@group-770F0E73B7F1:LeaderElection10] INFO  server.RaftServerConfigKeys (ConfUtils.java:logGet(43)) - raft.server.write.element-limit = 4096 (default)
2019-09-26 11:00:44,498 [77948620-7a50-4d08-820b-4684d575a259@group-770F0E73B7F1:LeaderElection10] INFO  server.RaftServerConfigKeys (ConfUtils.java:logGet(43)) - raft.server.watch.timeout = 10s (default)
2019-09-26 11:00:44,498 [77948620-7a50-4d08-820b-4684d575a259@group-770F0E73B7F1:LeaderElection10] INFO  server.RaftServerConfigKeys (ConfUtils.java:logGet(43)) - raft.server.watch.timeout.denomination = 1s (default)
2019-09-26 11:00:44,498 [77948620-7a50-4d08-820b-4684d575a259@group-770F0E73B7F1:LeaderElection10] INFO  server.RaftServerConfigKeys (ConfUtils.java:logGet(43)) - raft.server.watch.element-limit = 65536 (default)
2019-09-26 11:00:44,502 [77948620-7a50-4d08-820b-4684d575a259@group-770F0E73B7F1:LeaderElection10] INFO  impl.RoleInfo (RoleInfo.java:updateAndGet(143)) - 77948620-7a50-4d08-820b-4684d575a259: start LeaderState
2019-09-26 11:00:44,502 [77948620-7a50-4d08-820b-4684d575a259@group-770F0E73B7F1:LeaderElection10] INFO  segmented.SegmentedRaftLogWorker (SegmentedRaftLogWorker.java:startLogSegment(380)) - 77948620-7a50-4d08-820b-4684d575a259@group-770F0E73B7F1-SegmentedRaftLogWorker: Starting segment from index:0
2019-09-26 11:00:44,503 [77948620-7a50-4d08-820b-4684d575a259@group-770F0E73B7F1:LeaderElection10] INFO  impl.RaftServerImpl (ServerState.java:setRaftConf(354)) - 77948620-7a50-4d08-820b-4684d575a259@group-770F0E73B7F1: set configuration 0: [77948620-7a50-4d08-820b-4684d575a259:192.168.30.13:38063], old=null at 0
2019-09-26 11:00:44,541 [Thread-245] INFO  impl.FollowerState (FollowerState.java:run(106)) - 77948620-7a50-4d08-820b-4684d575a259:group-942B243134C6 changes to CANDIDATE, lastRpcTime:5051, electionTimeout:5029ms
2019-09-26 11:00:44,542 [Thread-245] INFO  impl.RoleInfo (RoleInfo.java:shutdownFollowerState(121)) - 77948620-7a50-4d08-820b-4684d575a259: shutdown FollowerState
2019-09-26 11:00:44,542 [Thread-245] INFO  impl.RaftServerImpl (RaftServerImpl.java:setRole(174)) - 77948620-7a50-4d08-820b-4684d575a259@group-942B243134C6: changes role from  FOLLOWER to CANDIDATE at term 0 for changeToCandidate
2019-09-26 11:00:44,542 [Thread-245] INFO  impl.RoleInfo (RoleInfo.java:updateAndGet(143)) - 77948620-7a50-4d08-820b-4684d575a259: start LeaderElection
2019-09-26 11:00:44,554 [77948620-7a50-4d08-820b-4684d575a259@group-770F0E73B7F1-SegmentedRaftLogWorker] INFO  segmented.SegmentedRaftLogWorker (SegmentedRaftLogWorker.java:execute(569)) - 77948620-7a50-4d08-820b-4684d575a259@group-770F0E73B7F1-SegmentedRaftLogWorker: created new log segment /workdir/hadoop-ozone/tools/target/test-dir/MiniOzoneClusterImpl-86256be1-a8a6-428e-b2d3-bd155870efd4/datanode-3/data/ratis/bb1f8c7e-ff32-483b-8f03-770f0e73b7f1/current/log_inprogress_0
2019-09-26 11:00:44,554 [77948620-7a50-4d08-820b-4684d575a259@group-942B243134C6:LeaderElection11] INFO  impl.LeaderElection (LeaderElection.java:askForVotes(182)) - 77948620-7a50-4d08-820b-4684d575a259@group-942B243134C6:LeaderElection11: begin an election at term 1 for -1: [77948620-7a50-4d08-820b-4684d575a259:192.168.30.13:38063], old=null
2019-09-26 11:00:44,555 [77948620-7a50-4d08-820b-4684d575a259@group-942B243134C6:LeaderElection11] INFO  impl.RoleInfo (RoleInfo.java:shutdownLeaderElection(134)) - 77948620-7a50-4d08-820b-4684d575a259: shutdown LeaderElection
2019-09-26 11:00:44,555 [77948620-7a50-4d08-820b-4684d575a259@group-942B243134C6:LeaderElection11] INFO  impl.RaftServerImpl (RaftServerImpl.java:setRole(174)) - 77948620-7a50-4d08-820b-4684d575a259@group-942B243134C6: changes role from CANDIDATE to LEADER at term 1 for changeToLeader
2019-09-26 11:00:44,555 [77948620-7a50-4d08-820b-4684d575a259@group-942B243134C6:LeaderElection11] INFO  impl.RaftServerImpl (ServerState.java:setLeader(253)) - 77948620-7a50-4d08-820b-4684d575a259@group-942B243134C6: change Leader from null to 77948620-7a50-4d08-820b-4684d575a259 at term 1 for becomeLeader, leader elected after 5075ms
2019-09-26 11:00:44,555 [77948620-7a50-4d08-820b-4684d575a259@group-942B243134C6:LeaderElection11] INFO  server.RaftServerConfigKeys (ConfUtils.java:logGet(43)) - raft.server.staging.catchup.gap = 1000 (default)
2019-09-26 11:00:44,555 [77948620-7a50-4d08-820b-4684d575a259@group-942B243134C6:LeaderElection11] INFO  server.RaftServerConfigKeys (ConfUtils.java:logGet(43)) - raft.server.rpc.sleep.time = 25ms (default)
2019-09-26 11:00:44,556 [77948620-7a50-4d08-820b-4684d575a259@group-942B243134C6:LeaderElection11] INFO  server.RaftServerConfigKeys (ConfUtils.java:logGet(43)) - raft.server.write.element-limit = 4096 (default)
2019-09-26 11:00:44,556 [77948620-7a50-4d08-820b-4684d575a259@group-942B243134C6:LeaderElection11] INFO  server.RaftServerConfigKeys (ConfUtils.java:logGet(43)) - raft.server.watch.timeout = 10s (default)
2019-09-26 11:00:44,556 [77948620-7a50-4d08-820b-4684d575a259@group-942B243134C6:LeaderElection11] INFO  server.RaftServerConfigKeys (ConfUtils.java:logGet(43)) - raft.server.watch.timeout.denomination = 1s (default)
2019-09-26 11:00:44,556 [77948620-7a50-4d08-820b-4684d575a259@group-942B243134C6:LeaderElection11] INFO  server.RaftServerConfigKeys (ConfUtils.java:logGet(43)) - raft.server.watch.element-limit = 65536 (default)
2019-09-26 11:00:44,559 [77948620-7a50-4d08-820b-4684d575a259@group-942B243134C6:LeaderElection11] INFO  impl.RoleInfo (RoleInfo.java:updateAndGet(143)) - 77948620-7a50-4d08-820b-4684d575a259: start LeaderState
2019-09-26 11:00:44,560 [77948620-7a50-4d08-820b-4684d575a259@group-942B243134C6:LeaderElection11] INFO  segmented.SegmentedRaftLogWorker (SegmentedRaftLogWorker.java:startLogSegment(380)) - 77948620-7a50-4d08-820b-4684d575a259@group-942B243134C6-SegmentedRaftLogWorker: Starting segment from index:0
2019-09-26 11:00:44,560 [77948620-7a50-4d08-820b-4684d575a259@group-942B243134C6:LeaderElection11] INFO  impl.RaftServerImpl (ServerState.java:setRaftConf(354)) - 77948620-7a50-4d08-820b-4684d575a259@group-942B243134C6: set configuration 0: [77948620-7a50-4d08-820b-4684d575a259:192.168.30.13:38063], old=null at 0
2019-09-26 11:00:44,604 [Thread-241] INFO  impl.FollowerState (FollowerState.java:run(106)) - bfc6808e-e12b-4ff8-8ebc-28d07afe8d0b:group-5BE7E51374F5 changes to CANDIDATE, lastRpcTime:5179, electionTimeout:5141ms
 0.00% |█                                                                                                    |  0/1 Time: 0:00:052019-09-26 11:00:44,604 [Thread-241] INFO  impl.RoleInfo (RoleInfo.java:shutdownFollowerState(121)) - bfc6808e-e12b-4ff8-8ebc-28d07afe8d0b: shutdown FollowerState
2019-09-26 11:00:44,604 [Thread-241] INFO  impl.RaftServerImpl (RaftServerImpl.java:setRole(174)) - bfc6808e-e12b-4ff8-8ebc-28d07afe8d0b@group-5BE7E51374F5: changes role from  FOLLOWER to CANDIDATE at term 0 for changeToCandidate
2019-09-26 11:00:44,605 [Thread-241] INFO  impl.RoleInfo (RoleInfo.java:updateAndGet(143)) - bfc6808e-e12b-4ff8-8ebc-28d07afe8d0b: start LeaderElection
2019-09-26 11:00:44,616 [77948620-7a50-4d08-820b-4684d575a259@group-942B243134C6-SegmentedRaftLogWorker] INFO  segmented.SegmentedRaftLogWorker (SegmentedRaftLogWorker.java:execute(569)) - 77948620-7a50-4d08-820b-4684d575a259@group-942B243134C6-SegmentedRaftLogWorker: created new log segment /workdir/hadoop-ozone/tools/target/test-dir/MiniOzoneClusterImpl-86256be1-a8a6-428e-b2d3-bd155870efd4/datanode-3/data/ratis/552d5888-9edf-4d10-bb7f-942b243134c6/current/log_inprogress_0
2019-09-26 11:00:44,616 [bfc6808e-e12b-4ff8-8ebc-28d07afe8d0b@group-5BE7E51374F5:LeaderElection12] INFO  impl.LeaderElection (LeaderElection.java:askForVotes(182)) - bfc6808e-e12b-4ff8-8ebc-28d07afe8d0b@group-5BE7E51374F5:LeaderElection12: begin an election at term 1 for -1: [bfc6808e-e12b-4ff8-8ebc-28d07afe8d0b:192.168.30.13:46368], old=null
2019-09-26 11:00:44,617 [bfc6808e-e12b-4ff8-8ebc-28d07afe8d0b@group-5BE7E51374F5:LeaderElection12] INFO  impl.RoleInfo (RoleInfo.java:shutdownLeaderElection(134)) - bfc6808e-e12b-4ff8-8ebc-28d07afe8d0b: shutdown LeaderElection
2019-09-26 11:00:44,617 [bfc6808e-e12b-4ff8-8ebc-28d07afe8d0b@group-5BE7E51374F5:LeaderElection12] INFO  impl.RaftServerImpl (RaftServerImpl.java:setRole(174)) - bfc6808e-e12b-4ff8-8ebc-28d07afe8d0b@group-5BE7E51374F5: changes role from CANDIDATE to LEADER at term 1 for changeToLeader
2019-09-26 11:00:44,617 [bfc6808e-e12b-4ff8-8ebc-28d07afe8d0b@group-5BE7E51374F5:LeaderElection12] INFO  impl.RaftServerImpl (ServerState.java:setLeader(253)) - bfc6808e-e12b-4ff8-8ebc-28d07afe8d0b@group-5BE7E51374F5: change Leader from null to bfc6808e-e12b-4ff8-8ebc-28d07afe8d0b at term 1 for becomeLeader, leader elected after 5201ms
2019-09-26 11:00:44,617 [bfc6808e-e12b-4ff8-8ebc-28d07afe8d0b@group-5BE7E51374F5:LeaderElection12] INFO  server.RaftServerConfigKeys (ConfUtils.java:logGet(43)) - raft.server.staging.catchup.gap = 1000 (default)
2019-09-26 11:00:44,617 [bfc6808e-e12b-4ff8-8ebc-28d07afe8d0b@group-5BE7E51374F5:LeaderElection12] INFO  server.RaftServerConfigKeys (ConfUtils.java:logGet(43)) - raft.server.rpc.sleep.time = 25ms (default)
2019-09-26 11:00:44,618 [bfc6808e-e12b-4ff8-8ebc-28d07afe8d0b@group-5BE7E51374F5:LeaderElection12] INFO  server.RaftServerConfigKeys (ConfUtils.java:logGet(43)) - raft.server.write.element-limit = 4096 (default)
2019-09-26 11:00:44,618 [bfc6808e-e12b-4ff8-8ebc-28d07afe8d0b@group-5BE7E51374F5:LeaderElection12] INFO  server.RaftServerConfigKeys (ConfUtils.java:logGet(43)) - raft.server.watch.timeout = 10s (default)
2019-09-26 11:00:44,618 [bfc6808e-e12b-4ff8-8ebc-28d07afe8d0b@group-5BE7E51374F5:LeaderElection12] INFO  server.RaftServerConfigKeys (ConfUtils.java:logGet(43)) - raft.server.watch.timeout.denomination = 1s (default)
2019-09-26 11:00:44,618 [bfc6808e-e12b-4ff8-8ebc-28d07afe8d0b@group-5BE7E51374F5:LeaderElection12] INFO  server.RaftServerConfigKeys (ConfUtils.java:logGet(43)) - raft.server.watch.element-limit = 65536 (default)
2019-09-26 11:00:44,621 [bfc6808e-e12b-4ff8-8ebc-28d07afe8d0b@group-5BE7E51374F5:LeaderElection12] INFO  impl.RoleInfo (RoleInfo.java:updateAndGet(143)) - bfc6808e-e12b-4ff8-8ebc-28d07afe8d0b: start LeaderState
2019-09-26 11:00:44,621 [bfc6808e-e12b-4ff8-8ebc-28d07afe8d0b@group-5BE7E51374F5:LeaderElection12] INFO  segmented.SegmentedRaftLogWorker (SegmentedRaftLogWorker.java:startLogSegment(380)) - bfc6808e-e12b-4ff8-8ebc-28d07afe8d0b@group-5BE7E51374F5-SegmentedRaftLogWorker: Starting segment from index:0
2019-09-26 11:00:44,622 [bfc6808e-e12b-4ff8-8ebc-28d07afe8d0b@group-5BE7E51374F5:LeaderElection12] INFO  impl.RaftServerImpl (ServerState.java:setRaftConf(354)) - bfc6808e-e12b-4ff8-8ebc-28d07afe8d0b@group-5BE7E51374F5: set configuration 0: [bfc6808e-e12b-4ff8-8ebc-28d07afe8d0b:192.168.30.13:46368], old=null at 0
2019-09-26 11:00:44,672 [Thread-250] INFO  impl.FollowerState (FollowerState.java:run(106)) - c2a282d4-c040-416d-9ee6-85fb672e92c4:group-24182C04E902 changes to CANDIDATE, lastRpcTime:5106, electionTimeout:5106ms
2019-09-26 11:00:44,672 [Thread-250] INFO  impl.RoleInfo (RoleInfo.java:shutdownFollowerState(121)) - c2a282d4-c040-416d-9ee6-85fb672e92c4: shutdown FollowerState
2019-09-26 11:00:44,673 [Thread-250] INFO  impl.RaftServerImpl (RaftServerImpl.java:setRole(174)) - c2a282d4-c040-416d-9ee6-85fb672e92c4@group-24182C04E902: changes role from  FOLLOWER to CANDIDATE at term 0 for changeToCandidate
2019-09-26 11:00:44,673 [Thread-250] INFO  impl.RoleInfo (RoleInfo.java:updateAndGet(143)) - c2a282d4-c040-416d-9ee6-85fb672e92c4: start LeaderElection
2019-09-26 11:00:44,678 [bfc6808e-e12b-4ff8-8ebc-28d07afe8d0b@group-5BE7E51374F5-SegmentedRaftLogWorker] INFO  segmented.SegmentedRaftLogWorker (SegmentedRaftLogWorker.java:execute(569)) - bfc6808e-e12b-4ff8-8ebc-28d07afe8d0b@group-5BE7E51374F5-SegmentedRaftLogWorker: created new log segment /workdir/hadoop-ozone/tools/target/test-dir/MiniOzoneClusterImpl-86256be1-a8a6-428e-b2d3-bd155870efd4/datanode-0/data/ratis/c156e8c9-039a-4459-92d3-5be7e51374f5/current/log_inprogress_0
2019-09-26 11:00:44,683 [Thread-254] INFO  impl.FollowerState (FollowerState.java:run(106)) - 9ef131de-2cca-412b-9aef-245b2f16ad17:group-1DB09DCBBF11 changes to CANDIDATE, lastRpcTime:5051, electionTimeout:5051ms
2019-09-26 11:00:44,683 [Thread-254] INFO  impl.RoleInfo (RoleInfo.java:shutdownFollowerState(121)) - 9ef131de-2cca-412b-9aef-245b2f16ad17: shutdown FollowerState
2019-09-26 11:00:44,683 [Thread-254] INFO  impl.RaftServerImpl (RaftServerImpl.java:setRole(174)) - 9ef131de-2cca-412b-9aef-245b2f16ad17@group-1DB09DCBBF11: changes role from  FOLLOWER to CANDIDATE at term 0 for changeToCandidate
2019-09-26 11:00:44,683 [Thread-254] INFO  impl.RoleInfo (RoleInfo.java:updateAndGet(143)) - 9ef131de-2cca-412b-9aef-245b2f16ad17: start LeaderElection
2019-09-26 11:00:44,692 [c2a282d4-c040-416d-9ee6-85fb672e92c4@group-24182C04E902:LeaderElection13] INFO  impl.LeaderElection (LeaderElection.java:askForVotes(182)) - c2a282d4-c040-416d-9ee6-85fb672e92c4@group-24182C04E902:LeaderElection13: begin an election at term 1 for -1: [c2a282d4-c040-416d-9ee6-85fb672e92c4:192.168.30.13:41516], old=null
2019-09-26 11:00:44,692 [9ef131de-2cca-412b-9aef-245b2f16ad17@group-1DB09DCBBF11:LeaderElection14] INFO  impl.LeaderElection (LeaderElection.java:askForVotes(182)) - 9ef131de-2cca-412b-9aef-245b2f16ad17@group-1DB09DCBBF11:LeaderElection14: begin an election at term 1 for -1: [9ef131de-2cca-412b-9aef-245b2f16ad17:192.168.30.13:43347], old=null
2019-09-26 11:00:44,692 [c2a282d4-c040-416d-9ee6-85fb672e92c4@group-24182C04E902:LeaderElection13] INFO  impl.RoleInfo (RoleInfo.java:shutdownLeaderElection(134)) - c2a282d4-c040-416d-9ee6-85fb672e92c4: shutdown LeaderElection
2019-09-26 11:00:44,692 [9ef131de-2cca-412b-9aef-245b2f16ad17@group-1DB09DCBBF11:LeaderElection14] INFO  impl.RoleInfo (RoleInfo.java:shutdownLeaderElection(134)) - 9ef131de-2cca-412b-9aef-245b2f16ad17: shutdown LeaderElection
2019-09-26 11:00:44,692 [c2a282d4-c040-416d-9ee6-85fb672e92c4@group-24182C04E902:LeaderElection13] INFO  impl.RaftServerImpl (RaftServerImpl.java:setRole(174)) - c2a282d4-c040-416d-9ee6-85fb672e92c4@group-24182C04E902: changes role from CANDIDATE to LEADER at term 1 for changeToLeader
2019-09-26 11:00:44,693 [9ef131de-2cca-412b-9aef-245b2f16ad17@group-1DB09DCBBF11:LeaderElection14] INFO  impl.RaftServerImpl (RaftServerImpl.java:setRole(174)) - 9ef131de-2cca-412b-9aef-245b2f16ad17@group-1DB09DCBBF11: changes role from CANDIDATE to LEADER at term 1 for changeToLeader
2019-09-26 11:00:44,693 [c2a282d4-c040-416d-9ee6-85fb672e92c4@group-24182C04E902:LeaderElection13] INFO  impl.RaftServerImpl (ServerState.java:setLeader(253)) - c2a282d4-c040-416d-9ee6-85fb672e92c4@group-24182C04E902: change Leader from null to c2a282d4-c040-416d-9ee6-85fb672e92c4 at term 1 for becomeLeader, leader elected after 5140ms
2019-09-26 11:00:44,693 [9ef131de-2cca-412b-9aef-245b2f16ad17@group-1DB09DCBBF11:LeaderElection14] INFO  impl.RaftServerImpl (ServerState.java:setLeader(253)) - 9ef131de-2cca-412b-9aef-245b2f16ad17@group-1DB09DCBBF11: change Leader from null to 9ef131de-2cca-412b-9aef-245b2f16ad17 at term 1 for becomeLeader, leader elected after 5070ms
2019-09-26 11:00:44,693 [c2a282d4-c040-416d-9ee6-85fb672e92c4@group-24182C04E902:LeaderElection13] INFO  server.RaftServerConfigKeys (ConfUtils.java:logGet(43)) - raft.server.staging.catchup.gap = 1000 (default)
2019-09-26 11:00:44,693 [9ef131de-2cca-412b-9aef-245b2f16ad17@group-1DB09DCBBF11:LeaderElection14] INFO  server.RaftServerConfigKeys (ConfUtils.java:logGet(43)) - raft.server.staging.catchup.gap = 1000 (default)
2019-09-26 11:00:44,693 [c2a282d4-c040-416d-9ee6-85fb672e92c4@group-24182C04E902:LeaderElection13] INFO  server.RaftServerConfigKeys (ConfUtils.java:logGet(43)) - raft.server.rpc.sleep.time = 25ms (default)
2019-09-26 11:00:44,693 [9ef131de-2cca-412b-9aef-245b2f16ad17@group-1DB09DCBBF11:LeaderElection14] INFO  server.RaftServerConfigKeys (ConfUtils.java:logGet(43)) - raft.server.rpc.sleep.time = 25ms (default)
2019-09-26 11:00:44,694 [c2a282d4-c040-416d-9ee6-85fb672e92c4@group-24182C04E902:LeaderElection13] INFO  server.RaftServerConfigKeys (ConfUtils.java:logGet(43)) - raft.server.write.element-limit = 4096 (default)
2019-09-26 11:00:44,694 [9ef131de-2cca-412b-9aef-245b2f16ad17@group-1DB09DCBBF11:LeaderElection14] INFO  server.RaftServerConfigKeys (ConfUtils.java:logGet(43)) - raft.server.write.element-limit = 4096 (default)
2019-09-26 11:00:44,694 [c2a282d4-c040-416d-9ee6-85fb672e92c4@group-24182C04E902:LeaderElection13] INFO  server.RaftServerConfigKeys (ConfUtils.java:logGet(43)) - raft.server.watch.timeout = 10s (default)
2019-09-26 11:00:44,694 [9ef131de-2cca-412b-9aef-245b2f16ad17@group-1DB09DCBBF11:LeaderElection14] INFO  server.RaftServerConfigKeys (ConfUtils.java:logGet(43)) - raft.server.watch.timeout = 10s (default)
2019-09-26 11:00:44,694 [c2a282d4-c040-416d-9ee6-85fb672e92c4@group-24182C04E902:LeaderElection13] INFO  server.RaftServerConfigKeys (ConfUtils.java:logGet(43)) - raft.server.watch.timeout.denomination = 1s (default)
2019-09-26 11:00:44,694 [9ef131de-2cca-412b-9aef-245b2f16ad17@group-1DB09DCBBF11:LeaderElection14] INFO  server.RaftServerConfigKeys (ConfUtils.java:logGet(43)) - raft.server.watch.timeout.denomination = 1s (default)
2019-09-26 11:00:44,694 [c2a282d4-c040-416d-9ee6-85fb672e92c4@group-24182C04E902:LeaderElection13] INFO  server.RaftServerConfigKeys (ConfUtils.java:logGet(43)) - raft.server.watch.element-limit = 65536 (default)
2019-09-26 11:00:44,695 [9ef131de-2cca-412b-9aef-245b2f16ad17@group-1DB09DCBBF11:LeaderElection14] INFO  server.RaftServerConfigKeys (ConfUtils.java:logGet(43)) - raft.server.watch.element-limit = 65536 (default)
2019-09-26 11:00:44,698 [c2a282d4-c040-416d-9ee6-85fb672e92c4@group-24182C04E902:LeaderElection13] INFO  impl.RoleInfo (RoleInfo.java:updateAndGet(143)) - c2a282d4-c040-416d-9ee6-85fb672e92c4: start LeaderState
2019-09-26 11:00:44,698 [9ef131de-2cca-412b-9aef-245b2f16ad17@group-1DB09DCBBF11:LeaderElection14] INFO  impl.RoleInfo (RoleInfo.java:updateAndGet(143)) - 9ef131de-2cca-412b-9aef-245b2f16ad17: start LeaderState
2019-09-26 11:00:44,698 [c2a282d4-c040-416d-9ee6-85fb672e92c4@group-24182C04E902:LeaderElection13] INFO  segmented.SegmentedRaftLogWorker (SegmentedRaftLogWorker.java:startLogSegment(380)) - c2a282d4-c040-416d-9ee6-85fb672e92c4@group-24182C04E902-SegmentedRaftLogWorker: Starting segment from index:0
2019-09-26 11:00:44,698 [9ef131de-2cca-412b-9aef-245b2f16ad17@group-1DB09DCBBF11:LeaderElection14] INFO  segmented.SegmentedRaftLogWorker (SegmentedRaftLogWorker.java:startLogSegment(380)) - 9ef131de-2cca-412b-9aef-245b2f16ad17@group-1DB09DCBBF11-SegmentedRaftLogWorker: Starting segment from index:0
2019-09-26 11:00:44,699 [c2a282d4-c040-416d-9ee6-85fb672e92c4@group-24182C04E902:LeaderElection13] INFO  impl.RaftServerImpl (ServerState.java:setRaftConf(354)) - c2a282d4-c040-416d-9ee6-85fb672e92c4@group-24182C04E902: set configuration 0: [c2a282d4-c040-416d-9ee6-85fb672e92c4:192.168.30.13:41516], old=null at 0
2019-09-26 11:00:44,740 [9ef131de-2cca-412b-9aef-245b2f16ad17@group-1DB09DCBBF11:LeaderElection14] INFO  impl.RaftServerImpl (ServerState.java:setRaftConf(354)) - 9ef131de-2cca-412b-9aef-245b2f16ad17@group-1DB09DCBBF11: set configuration 0: [9ef131de-2cca-412b-9aef-245b2f16ad17:192.168.30.13:43347], old=null at 0
2019-09-26 11:00:44,781 [c2a282d4-c040-416d-9ee6-85fb672e92c4@group-24182C04E902-SegmentedRaftLogWorker] INFO  segmented.SegmentedRaftLogWorker (SegmentedRaftLogWorker.java:execute(569)) - c2a282d4-c040-416d-9ee6-85fb672e92c4@group-24182C04E902-SegmentedRaftLogWorker: created new log segment /workdir/hadoop-ozone/tools/target/test-dir/MiniOzoneClusterImpl-86256be1-a8a6-428e-b2d3-bd155870efd4/datanode-1/data/ratis/e5b5e823-1809-4977-823e-24182c04e902/current/log_inprogress_0
2019-09-26 11:00:44,793 [9ef131de-2cca-412b-9aef-245b2f16ad17@group-1DB09DCBBF11-SegmentedRaftLogWorker] INFO  segmented.SegmentedRaftLogWorker (SegmentedRaftLogWorker.java:execute(569)) - 9ef131de-2cca-412b-9aef-245b2f16ad17@group-1DB09DCBBF11-SegmentedRaftLogWorker: created new log segment /workdir/hadoop-ozone/tools/target/test-dir/MiniOzoneClusterImpl-86256be1-a8a6-428e-b2d3-bd155870efd4/datanode-2/data/ratis/c5ce10ae-9302-43f7-a1ee-1db09dcbbf11/current/log_inprogress_0
2019-09-26 11:00:44,878 [Thread-260] INFO  impl.FollowerState (FollowerState.java:run(106)) - 77948620-7a50-4d08-820b-4684d575a259:group-75842B4B40A7 changes to CANDIDATE, lastRpcTime:5109, electionTimeout:5109ms
2019-09-26 11:00:44,879 [Thread-260] INFO  impl.RoleInfo (RoleInfo.java:shutdownFollowerState(121)) - 77948620-7a50-4d08-820b-4684d575a259: shutdown FollowerState
2019-09-26 11:00:44,879 [Thread-260] INFO  impl.RaftServerImpl (RaftServerImpl.java:setRole(174)) - 77948620-7a50-4d08-820b-4684d575a259@group-75842B4B40A7: changes role from  FOLLOWER to CANDIDATE at term 0 for changeToCandidate
2019-09-26 11:00:44,879 [Thread-260] INFO  impl.RoleInfo (RoleInfo.java:updateAndGet(143)) - 77948620-7a50-4d08-820b-4684d575a259: start LeaderElection
2019-09-26 11:00:44,882 [Thread-257] INFO  impl.FollowerState (FollowerState.java:run(106)) - 9ef131de-2cca-412b-9aef-245b2f16ad17:group-0DFD52BD6541 changes to CANDIDATE, lastRpcTime:5172, electionTimeout:5172ms
2019-09-26 11:00:44,885 [Thread-257] INFO  impl.RoleInfo (RoleInfo.java:shutdownFollowerState(121)) - 9ef131de-2cca-412b-9aef-245b2f16ad17: shutdown FollowerState
2019-09-26 11:00:44,885 [Thread-257] INFO  impl.RaftServerImpl (RaftServerImpl.java:setRole(174)) - 9ef131de-2cca-412b-9aef-245b2f16ad17@group-0DFD52BD6541: changes role from  FOLLOWER to CANDIDATE at term 0 for changeToCandidate
2019-09-26 11:00:44,886 [Thread-257] INFO  impl.RoleInfo (RoleInfo.java:updateAndGet(143)) - 9ef131de-2cca-412b-9aef-245b2f16ad17: start LeaderElection
2019-09-26 11:00:44,899 [77948620-7a50-4d08-820b-4684d575a259@group-75842B4B40A7:LeaderElection15] INFO  impl.LeaderElection (LeaderElection.java:askForVotes(182)) - 77948620-7a50-4d08-820b-4684d575a259@group-75842B4B40A7:LeaderElection15: begin an election at term 1 for -1: [77948620-7a50-4d08-820b-4684d575a259:192.168.30.13:38063], old=null
2019-09-26 11:00:44,899 [9ef131de-2cca-412b-9aef-245b2f16ad17@group-0DFD52BD6541:LeaderElection16] INFO  impl.LeaderElection (LeaderElection.java:askForVotes(182)) - 9ef131de-2cca-412b-9aef-245b2f16ad17@group-0DFD52BD6541:LeaderElection16: begin an election at term 1 for -1: [9ef131de-2cca-412b-9aef-245b2f16ad17:192.168.30.13:43347], old=null
2019-09-26 11:00:44,899 [77948620-7a50-4d08-820b-4684d575a259@group-75842B4B40A7:LeaderElection15] INFO  impl.RoleInfo (RoleInfo.java:shutdownLeaderElection(134)) - 77948620-7a50-4d08-820b-4684d575a259: shutdown LeaderElection
2019-09-26 11:00:44,899 [9ef131de-2cca-412b-9aef-245b2f16ad17@group-0DFD52BD6541:LeaderElection16] INFO  impl.RoleInfo (RoleInfo.java:shutdownLeaderElection(134)) - 9ef131de-2cca-412b-9aef-245b2f16ad17: shutdown LeaderElection
2019-09-26 11:00:44,899 [77948620-7a50-4d08-820b-4684d575a259@group-75842B4B40A7:LeaderElection15] INFO  impl.RaftServerImpl (RaftServerImpl.java:setRole(174)) - 77948620-7a50-4d08-820b-4684d575a259@group-75842B4B40A7: changes role from CANDIDATE to LEADER at term 1 for changeToLeader
2019-09-26 11:00:44,899 [9ef131de-2cca-412b-9aef-245b2f16ad17@group-0DFD52BD6541:LeaderElection16] INFO  impl.RaftServerImpl (RaftServerImpl.java:setRole(174)) - 9ef131de-2cca-412b-9aef-245b2f16ad17@group-0DFD52BD6541: changes role from CANDIDATE to LEADER at term 1 for changeToLeader
2019-09-26 11:00:44,899 [77948620-7a50-4d08-820b-4684d575a259@group-75842B4B40A7:LeaderElection15] INFO  impl.RaftServerImpl (ServerState.java:setLeader(253)) - 77948620-7a50-4d08-820b-4684d575a259@group-75842B4B40A7: change Leader from null to 77948620-7a50-4d08-820b-4684d575a259 at term 1 for becomeLeader, leader elected after 5137ms
2019-09-26 11:00:44,900 [9ef131de-2cca-412b-9aef-245b2f16ad17@group-0DFD52BD6541:LeaderElection16] INFO  impl.RaftServerImpl (ServerState.java:setLeader(253)) - 9ef131de-2cca-412b-9aef-245b2f16ad17@group-0DFD52BD6541: change Leader from null to 9ef131de-2cca-412b-9aef-245b2f16ad17 at term 1 for becomeLeader, leader elected after 5198ms
2019-09-26 11:00:44,900 [77948620-7a50-4d08-820b-4684d575a259@group-75842B4B40A7:LeaderElection15] INFO  server.RaftServerConfigKeys (ConfUtils.java:logGet(43)) - raft.server.staging.catchup.gap = 1000 (default)
2019-09-26 11:00:44,900 [9ef131de-2cca-412b-9aef-245b2f16ad17@group-0DFD52BD6541:LeaderElection16] INFO  server.RaftServerConfigKeys (ConfUtils.java:logGet(43)) - raft.server.staging.catchup.gap = 1000 (default)
2019-09-26 11:00:44,900 [77948620-7a50-4d08-820b-4684d575a259@group-75842B4B40A7:LeaderElection15] INFO  server.RaftServerConfigKeys (ConfUtils.java:logGet(43)) - raft.server.rpc.sleep.time = 25ms (default)
2019-09-26 11:00:44,900 [9ef131de-2cca-412b-9aef-245b2f16ad17@group-0DFD52BD6541:LeaderElection16] INFO  server.RaftServerConfigKeys (ConfUtils.java:logGet(43)) - raft.server.rpc.sleep.time = 25ms (default)
2019-09-26 11:00:44,900 [77948620-7a50-4d08-820b-4684d575a259@group-75842B4B40A7:LeaderElection15] INFO  server.RaftServerConfigKeys (ConfUtils.java:logGet(43)) - raft.server.write.element-limit = 4096 (default)
2019-09-26 11:00:44,901 [9ef131de-2cca-412b-9aef-245b2f16ad17@group-0DFD52BD6541:LeaderElection16] INFO  server.RaftServerConfigKeys (ConfUtils.java:logGet(43)) - raft.server.write.element-limit = 4096 (default)
2019-09-26 11:00:44,901 [77948620-7a50-4d08-820b-4684d575a259@group-75842B4B40A7:LeaderElection15] INFO  server.RaftServerConfigKeys (ConfUtils.java:logGet(43)) - raft.server.watch.timeout = 10s (default)
2019-09-26 11:00:44,901 [9ef131de-2cca-412b-9aef-245b2f16ad17@group-0DFD52BD6541:LeaderElection16] INFO  server.RaftServerConfigKeys (ConfUtils.java:logGet(43)) - raft.server.watch.timeout = 10s (default)
2019-09-26 11:00:44,901 [77948620-7a50-4d08-820b-4684d575a259@group-75842B4B40A7:LeaderElection15] INFO  server.RaftServerConfigKeys (ConfUtils.java:logGet(43)) - raft.server.watch.timeout.denomination = 1s (default)
2019-09-26 11:00:44,901 [9ef131de-2cca-412b-9aef-245b2f16ad17@group-0DFD52BD6541:LeaderElection16] INFO  server.RaftServerConfigKeys (ConfUtils.java:logGet(43)) - raft.server.watch.timeout.denomination = 1s (default)
2019-09-26 11:00:44,901 [77948620-7a50-4d08-820b-4684d575a259@group-75842B4B40A7:LeaderElection15] INFO  server.RaftServerConfigKeys (ConfUtils.java:logGet(43)) - raft.server.watch.element-limit = 65536 (default)
2019-09-26 11:00:44,902 [9ef131de-2cca-412b-9aef-245b2f16ad17@group-0DFD52BD6541:LeaderElection16] INFO  server.RaftServerConfigKeys (ConfUtils.java:logGet(43)) - raft.server.watch.element-limit = 65536 (default)
2019-09-26 11:00:44,905 [77948620-7a50-4d08-820b-4684d575a259@group-75842B4B40A7:LeaderElection15] INFO  impl.RoleInfo (RoleInfo.java:updateAndGet(143)) - 77948620-7a50-4d08-820b-4684d575a259: start LeaderState
2019-09-26 11:00:44,905 [77948620-7a50-4d08-820b-4684d575a259@group-75842B4B40A7:LeaderElection15] INFO  segmented.SegmentedRaftLogWorker (SegmentedRaftLogWorker.java:startLogSegment(380)) - 77948620-7a50-4d08-820b-4684d575a259@group-75842B4B40A7-SegmentedRaftLogWorker: Starting segment from index:0
2019-09-26 11:00:44,905 [9ef131de-2cca-412b-9aef-245b2f16ad17@group-0DFD52BD6541:LeaderElection16] INFO  impl.RoleInfo (RoleInfo.java:updateAndGet(143)) - 9ef131de-2cca-412b-9aef-245b2f16ad17: start LeaderState
2019-09-26 11:00:44,905 [9ef131de-2cca-412b-9aef-245b2f16ad17@group-0DFD52BD6541:LeaderElection16] INFO  segmented.SegmentedRaftLogWorker (SegmentedRaftLogWorker.java:startLogSegment(380)) - 9ef131de-2cca-412b-9aef-245b2f16ad17@group-0DFD52BD6541-SegmentedRaftLogWorker: Starting segment from index:0
2019-09-26 11:00:44,906 [77948620-7a50-4d08-820b-4684d575a259@group-75842B4B40A7:LeaderElection15] INFO  impl.RaftServerImpl (ServerState.java:setRaftConf(354)) - 77948620-7a50-4d08-820b-4684d575a259@group-75842B4B40A7: set configuration 0: [77948620-7a50-4d08-820b-4684d575a259:192.168.30.13:38063], old=null at 0
2019-09-26 11:00:44,947 [9ef131de-2cca-412b-9aef-245b2f16ad17@group-0DFD52BD6541:LeaderElection16] INFO  impl.RaftServerImpl (ServerState.java:setRaftConf(354)) - 9ef131de-2cca-412b-9aef-245b2f16ad17@group-0DFD52BD6541: set configuration 0: [9ef131de-2cca-412b-9aef-245b2f16ad17:192.168.30.13:43347], old=null at 0
2019-09-26 11:00:44,988 [77948620-7a50-4d08-820b-4684d575a259@group-75842B4B40A7-SegmentedRaftLogWorker] INFO  segmented.SegmentedRaftLogWorker (SegmentedRaftLogWorker.java:execute(569)) - 77948620-7a50-4d08-820b-4684d575a259@group-75842B4B40A7-SegmentedRaftLogWorker: created new log segment /workdir/hadoop-ozone/tools/target/test-dir/MiniOzoneClusterImpl-86256be1-a8a6-428e-b2d3-bd155870efd4/datanode-3/data/ratis/417026a4-8871-4545-963e-75842b4b40a7/current/log_inprogress_0
2019-09-26 11:00:45,001 [9ef131de-2cca-412b-9aef-245b2f16ad17@group-0DFD52BD6541-SegmentedRaftLogWorker] INFO  segmented.SegmentedRaftLogWorker (SegmentedRaftLogWorker.java:execute(569)) - 9ef131de-2cca-412b-9aef-245b2f16ad17@group-0DFD52BD6541-SegmentedRaftLogWorker: created new log segment /workdir/hadoop-ozone/tools/target/test-dir/MiniOzoneClusterImpl-86256be1-a8a6-428e-b2d3-bd155870efd4/datanode-2/data/ratis/940d0933-d236-474d-959a-0dfd52bd6541/current/log_inprogress_0
2019-09-26 11:00:45,296 [Thread-263] INFO  impl.FollowerState (FollowerState.java:run(106)) - bfc6808e-e12b-4ff8-8ebc-28d07afe8d0b:group-F6B41C336153 changes to CANDIDATE, lastRpcTime:5016, electionTimeout:5016ms
2019-09-26 11:00:45,297 [Thread-263] INFO  impl.RoleInfo (RoleInfo.java:shutdownFollowerState(121)) - bfc6808e-e12b-4ff8-8ebc-28d07afe8d0b: shutdown FollowerState
2019-09-26 11:00:45,297 [Thread-263] INFO  impl.RaftServerImpl (RaftServerImpl.java:setRole(174)) - bfc6808e-e12b-4ff8-8ebc-28d07afe8d0b@group-F6B41C336153: changes role from  FOLLOWER to CANDIDATE at term 0 for changeToCandidate
2019-09-26 11:00:45,297 [Thread-263] INFO  impl.RoleInfo (RoleInfo.java:updateAndGet(143)) - bfc6808e-e12b-4ff8-8ebc-28d07afe8d0b: start LeaderElection
2019-09-26 11:00:45,319 [bfc6808e-e12b-4ff8-8ebc-28d07afe8d0b@group-F6B41C336153:LeaderElection17] INFO  impl.LeaderElection (LeaderElection.java:askForVotes(182)) - bfc6808e-e12b-4ff8-8ebc-28d07afe8d0b@group-F6B41C336153:LeaderElection17: begin an election at term 1 for -1: [bfc6808e-e12b-4ff8-8ebc-28d07afe8d0b:192.168.30.13:46368], old=null
2019-09-26 11:00:45,319 [bfc6808e-e12b-4ff8-8ebc-28d07afe8d0b@group-F6B41C336153:LeaderElection17] INFO  impl.RoleInfo (RoleInfo.java:shutdownLeaderElection(134)) - bfc6808e-e12b-4ff8-8ebc-28d07afe8d0b: shutdown LeaderElection
2019-09-26 11:00:45,319 [bfc6808e-e12b-4ff8-8ebc-28d07afe8d0b@group-F6B41C336153:LeaderElection17] INFO  impl.RaftServerImpl (RaftServerImpl.java:setRole(174)) - bfc6808e-e12b-4ff8-8ebc-28d07afe8d0b@group-F6B41C336153: changes role from CANDIDATE to LEADER at term 1 for changeToLeader
2019-09-26 11:00:45,319 [bfc6808e-e12b-4ff8-8ebc-28d07afe8d0b@group-F6B41C336153:LeaderElection17] INFO  impl.RaftServerImpl (ServerState.java:setLeader(253)) - bfc6808e-e12b-4ff8-8ebc-28d07afe8d0b@group-F6B41C336153: change Leader from null to bfc6808e-e12b-4ff8-8ebc-28d07afe8d0b at term 1 for becomeLeader, leader elected after 5486ms
2019-09-26 11:00:45,320 [bfc6808e-e12b-4ff8-8ebc-28d07afe8d0b@group-F6B41C336153:LeaderElection17] INFO  server.RaftServerConfigKeys (ConfUtils.java:logGet(43)) - raft.server.staging.catchup.gap = 1000 (default)
2019-09-26 11:00:45,320 [bfc6808e-e12b-4ff8-8ebc-28d07afe8d0b@group-F6B41C336153:LeaderElection17] INFO  server.RaftServerConfigKeys (ConfUtils.java:logGet(43)) - raft.server.rpc.sleep.time = 25ms (default)
2019-09-26 11:00:45,320 [bfc6808e-e12b-4ff8-8ebc-28d07afe8d0b@group-F6B41C336153:LeaderElection17] INFO  server.RaftServerConfigKeys (ConfUtils.java:logGet(43)) - raft.server.write.element-limit = 4096 (default)
2019-09-26 11:00:45,320 [bfc6808e-e12b-4ff8-8ebc-28d07afe8d0b@group-F6B41C336153:LeaderElection17] INFO  server.RaftServerConfigKeys (ConfUtils.java:logGet(43)) - raft.server.watch.timeout = 10s (default)
2019-09-26 11:00:45,320 [bfc6808e-e12b-4ff8-8ebc-28d07afe8d0b@group-F6B41C336153:LeaderElection17] INFO  server.RaftServerConfigKeys (ConfUtils.java:logGet(43)) - raft.server.watch.timeout.denomination = 1s (default)
2019-09-26 11:00:45,321 [bfc6808e-e12b-4ff8-8ebc-28d07afe8d0b@group-F6B41C336153:LeaderElection17] INFO  server.RaftServerConfigKeys (ConfUtils.java:logGet(43)) - raft.server.watch.element-limit = 65536 (default)
2019-09-26 11:00:45,324 [bfc6808e-e12b-4ff8-8ebc-28d07afe8d0b@group-F6B41C336153:LeaderElection17] INFO  impl.RoleInfo (RoleInfo.java:updateAndGet(143)) - bfc6808e-e12b-4ff8-8ebc-28d07afe8d0b: start LeaderState
2019-09-26 11:00:45,324 [bfc6808e-e12b-4ff8-8ebc-28d07afe8d0b@group-F6B41C336153:LeaderElection17] INFO  segmented.SegmentedRaftLogWorker (SegmentedRaftLogWorker.java:startLogSegment(380)) - bfc6808e-e12b-4ff8-8ebc-28d07afe8d0b@group-F6B41C336153-SegmentedRaftLogWorker: Starting segment from index:0
2019-09-26 11:00:45,325 [bfc6808e-e12b-4ff8-8ebc-28d07afe8d0b@group-F6B41C336153:LeaderElection17] INFO  impl.RaftServerImpl (ServerState.java:setRaftConf(354)) - bfc6808e-e12b-4ff8-8ebc-28d07afe8d0b@group-F6B41C336153: set configuration 0: [bfc6808e-e12b-4ff8-8ebc-28d07afe8d0b:192.168.30.13:46368], old=null at 0
2019-09-26 11:00:45,378 [bfc6808e-e12b-4ff8-8ebc-28d07afe8d0b@group-F6B41C336153-SegmentedRaftLogWorker] INFO  segmented.SegmentedRaftLogWorker (SegmentedRaftLogWorker.java:execute(569)) - bfc6808e-e12b-4ff8-8ebc-28d07afe8d0b@group-F6B41C336153-SegmentedRaftLogWorker: created new log segment /workdir/hadoop-ozone/tools/target/test-dir/MiniOzoneClusterImpl-86256be1-a8a6-428e-b2d3-bd155870efd4/datanode-0/data/ratis/6ee93f12-fe30-42a1-bc44-f6b41c336153/current/log_inprogress_0
2019-09-26 11:00:45,407 [Thread-266] INFO  impl.FollowerState (FollowerState.java:run(106)) - 77948620-7a50-4d08-820b-4684d575a259:group-4A69C1DA56A8 changes to CANDIDATE, lastRpcTime:5053, electionTimeout:5053ms
2019-09-26 11:00:45,408 [Thread-266] INFO  impl.RoleInfo (RoleInfo.java:shutdownFollowerState(121)) - 77948620-7a50-4d08-820b-4684d575a259: shutdown FollowerState
2019-09-26 11:00:45,408 [Thread-266] INFO  impl.RaftServerImpl (RaftServerImpl.java:setRole(174)) - 77948620-7a50-4d08-820b-4684d575a259@group-4A69C1DA56A8: changes role from  FOLLOWER to CANDIDATE at term 0 for changeToCandidate
2019-09-26 11:00:45,408 [Thread-266] INFO  impl.RoleInfo (RoleInfo.java:updateAndGet(143)) - 77948620-7a50-4d08-820b-4684d575a259: start LeaderElection
2019-09-26 11:00:45,427 [77948620-7a50-4d08-820b-4684d575a259@group-4A69C1DA56A8:LeaderElection18] INFO  impl.LeaderElection (LeaderElection.java:askForVotes(182)) - 77948620-7a50-4d08-820b-4684d575a259@group-4A69C1DA56A8:LeaderElection18: begin an election at term 1 for -1: [77948620-7a50-4d08-820b-4684d575a259:192.168.30.13:38063], old=null
2019-09-26 11:00:45,427 [77948620-7a50-4d08-820b-4684d575a259@group-4A69C1DA56A8:LeaderElection18] INFO  impl.RoleInfo (RoleInfo.java:shutdownLeaderElection(134)) - 77948620-7a50-4d08-820b-4684d575a259: shutdown LeaderElection
2019-09-26 11:00:45,427 [77948620-7a50-4d08-820b-4684d575a259@group-4A69C1DA56A8:LeaderElection18] INFO  impl.RaftServerImpl (RaftServerImpl.java:setRole(174)) - 77948620-7a50-4d08-820b-4684d575a259@group-4A69C1DA56A8: changes role from CANDIDATE to LEADER at term 1 for changeToLeader
2019-09-26 11:00:45,427 [77948620-7a50-4d08-820b-4684d575a259@group-4A69C1DA56A8:LeaderElection18] INFO  impl.RaftServerImpl (ServerState.java:setLeader(253)) - 77948620-7a50-4d08-820b-4684d575a259@group-4A69C1DA56A8: change Leader from null to 77948620-7a50-4d08-820b-4684d575a259 at term 1 for becomeLeader, leader elected after 5080ms
2019-09-26 11:00:45,427 [77948620-7a50-4d08-820b-4684d575a259@group-4A69C1DA56A8:LeaderElection18] INFO  server.RaftServerConfigKeys (ConfUtils.java:logGet(43)) - raft.server.staging.catchup.gap = 1000 (default)
2019-09-26 11:00:45,428 [77948620-7a50-4d08-820b-4684d575a259@group-4A69C1DA56A8:LeaderElection18] INFO  server.RaftServerConfigKeys (ConfUtils.java:logGet(43)) - raft.server.rpc.sleep.time = 25ms (default)
2019-09-26 11:00:45,428 [77948620-7a50-4d08-820b-4684d575a259@group-4A69C1DA56A8:LeaderElection18] INFO  server.RaftServerConfigKeys (ConfUtils.java:logGet(43)) - raft.server.write.element-limit = 4096 (default)
2019-09-26 11:00:45,428 [77948620-7a50-4d08-820b-4684d575a259@group-4A69C1DA56A8:LeaderElection18] INFO  server.RaftServerConfigKeys (ConfUtils.java:logGet(43)) - raft.server.watch.timeout = 10s (default)
2019-09-26 11:00:45,428 [77948620-7a50-4d08-820b-4684d575a259@group-4A69C1DA56A8:LeaderElection18] INFO  server.RaftServerConfigKeys (ConfUtils.java:logGet(43)) - raft.server.watch.timeout.denomination = 1s (default)
2019-09-26 11:00:45,428 [77948620-7a50-4d08-820b-4684d575a259@group-4A69C1DA56A8:LeaderElection18] INFO  server.RaftServerConfigKeys (ConfUtils.java:logGet(43)) - raft.server.watch.element-limit = 65536 (default)
2019-09-26 11:00:45,431 [77948620-7a50-4d08-820b-4684d575a259@group-4A69C1DA56A8:LeaderElection18] INFO  impl.RoleInfo (RoleInfo.java:updateAndGet(143)) - 77948620-7a50-4d08-820b-4684d575a259: start LeaderState
2019-09-26 11:00:45,432 [77948620-7a50-4d08-820b-4684d575a259@group-4A69C1DA56A8:LeaderElection18] INFO  segmented.SegmentedRaftLogWorker (SegmentedRaftLogWorker.java:startLogSegment(380)) - 77948620-7a50-4d08-820b-4684d575a259@group-4A69C1DA56A8-SegmentedRaftLogWorker: Starting segment from index:0
2019-09-26 11:00:45,432 [77948620-7a50-4d08-820b-4684d575a259@group-4A69C1DA56A8:LeaderElection18] INFO  impl.RaftServerImpl (ServerState.java:setRaftConf(354)) - 77948620-7a50-4d08-820b-4684d575a259@group-4A69C1DA56A8: set configuration 0: [77948620-7a50-4d08-820b-4684d575a259:192.168.30.13:38063], old=null at 0
2019-09-26 11:00:45,488 [77948620-7a50-4d08-820b-4684d575a259@group-4A69C1DA56A8-SegmentedRaftLogWorker] INFO  segmented.SegmentedRaftLogWorker (SegmentedRaftLogWorker.java:execute(569)) - 77948620-7a50-4d08-820b-4684d575a259@group-4A69C1DA56A8-SegmentedRaftLogWorker: created new log segment /workdir/hadoop-ozone/tools/target/test-dir/MiniOzoneClusterImpl-86256be1-a8a6-428e-b2d3-bd155870efd4/datanode-3/data/ratis/d46feab0-be7c-45c6-af46-4a69c1da56a8/current/log_inprogress_0
2019-09-26 11:00:45,507 [Thread-269] INFO  impl.FollowerState (FollowerState.java:run(106)) - c2a282d4-c040-416d-9ee6-85fb672e92c4:group-38CB7D1610DF changes to CANDIDATE, lastRpcTime:5099, electionTimeout:5099ms
2019-09-26 11:00:45,508 [Thread-269] INFO  impl.RoleInfo (RoleInfo.java:shutdownFollowerState(121)) - c2a282d4-c040-416d-9ee6-85fb672e92c4: shutdown FollowerState
2019-09-26 11:00:45,508 [Thread-269] INFO  impl.RaftServerImpl (RaftServerImpl.java:setRole(174)) - c2a282d4-c040-416d-9ee6-85fb672e92c4@group-38CB7D1610DF: changes role from  FOLLOWER to CANDIDATE at term 0 for changeToCandidate
2019-09-26 11:00:45,508 [Thread-269] INFO  impl.RoleInfo (RoleInfo.java:updateAndGet(143)) - c2a282d4-c040-416d-9ee6-85fb672e92c4: start LeaderElection
2019-09-26 11:00:45,525 [c2a282d4-c040-416d-9ee6-85fb672e92c4@group-38CB7D1610DF:LeaderElection19] INFO  impl.LeaderElection (LeaderElection.java:askForVotes(182)) - c2a282d4-c040-416d-9ee6-85fb672e92c4@group-38CB7D1610DF:LeaderElection19: begin an election at term 1 for -1: [c2a282d4-c040-416d-9ee6-85fb672e92c4:192.168.30.13:41516], old=null
2019-09-26 11:00:45,525 [c2a282d4-c040-416d-9ee6-85fb672e92c4@group-38CB7D1610DF:LeaderElection19] INFO  impl.RoleInfo (RoleInfo.java:shutdownLeaderElection(134)) - c2a282d4-c040-416d-9ee6-85fb672e92c4: shutdown LeaderElection
2019-09-26 11:00:45,525 [c2a282d4-c040-416d-9ee6-85fb672e92c4@group-38CB7D1610DF:LeaderElection19] INFO  impl.RaftServerImpl (RaftServerImpl.java:setRole(174)) - c2a282d4-c040-416d-9ee6-85fb672e92c4@group-38CB7D1610DF: changes role from CANDIDATE to LEADER at term 1 for changeToLeader
2019-09-26 11:00:45,526 [c2a282d4-c040-416d-9ee6-85fb672e92c4@group-38CB7D1610DF:LeaderElection19] INFO  impl.RaftServerImpl (ServerState.java:setLeader(253)) - c2a282d4-c040-416d-9ee6-85fb672e92c4@group-38CB7D1610DF: change Leader from null to c2a282d4-c040-416d-9ee6-85fb672e92c4 at term 1 for becomeLeader, leader elected after 5123ms
2019-09-26 11:00:45,526 [c2a282d4-c040-416d-9ee6-85fb672e92c4@group-38CB7D1610DF:LeaderElection19] INFO  server.RaftServerConfigKeys (ConfUtils.java:logGet(43)) - raft.server.staging.catchup.gap = 1000 (default)
2019-09-26 11:00:45,526 [c2a282d4-c040-416d-9ee6-85fb672e92c4@group-38CB7D1610DF:LeaderElection19] INFO  server.RaftServerConfigKeys (ConfUtils.java:logGet(43)) - raft.server.rpc.sleep.time = 25ms (default)
2019-09-26 11:00:45,526 [c2a282d4-c040-416d-9ee6-85fb672e92c4@group-38CB7D1610DF:LeaderElection19] INFO  server.RaftServerConfigKeys (ConfUtils.java:logGet(43)) - raft.server.write.element-limit = 4096 (default)
2019-09-26 11:00:45,526 [c2a282d4-c040-416d-9ee6-85fb672e92c4@group-38CB7D1610DF:LeaderElection19] INFO  server.RaftServerConfigKeys (ConfUtils.java:logGet(43)) - raft.server.watch.timeout = 10s (default)
2019-09-26 11:00:45,526 [c2a282d4-c040-416d-9ee6-85fb672e92c4@group-38CB7D1610DF:LeaderElection19] INFO  server.RaftServerConfigKeys (ConfUtils.java:logGet(43)) - raft.server.watch.timeout.denomination = 1s (default)
2019-09-26 11:00:45,526 [c2a282d4-c040-416d-9ee6-85fb672e92c4@group-38CB7D1610DF:LeaderElection19] INFO  server.RaftServerConfigKeys (ConfUtils.java:logGet(43)) - raft.server.watch.element-limit = 65536 (default)
2019-09-26 11:00:45,529 [c2a282d4-c040-416d-9ee6-85fb672e92c4@group-38CB7D1610DF:LeaderElection19] INFO  impl.RoleInfo (RoleInfo.java:updateAndGet(143)) - c2a282d4-c040-416d-9ee6-85fb672e92c4: start LeaderState
2019-09-26 11:00:45,529 [c2a282d4-c040-416d-9ee6-85fb672e92c4@group-38CB7D1610DF:LeaderElection19] INFO  segmented.SegmentedRaftLogWorker (SegmentedRaftLogWorker.java:startLogSegment(380)) - c2a282d4-c040-416d-9ee6-85fb672e92c4@group-38CB7D1610DF-SegmentedRaftLogWorker: Starting segment from index:0
2019-09-26 11:00:45,530 [c2a282d4-c040-416d-9ee6-85fb672e92c4@group-38CB7D1610DF:LeaderElection19] INFO  impl.RaftServerImpl (ServerState.java:setRaftConf(354)) - c2a282d4-c040-416d-9ee6-85fb672e92c4@group-38CB7D1610DF: set configuration 0: [c2a282d4-c040-416d-9ee6-85fb672e92c4:192.168.30.13:41516], old=null at 0
2019-09-26 11:00:45,585 [c2a282d4-c040-416d-9ee6-85fb672e92c4@group-38CB7D1610DF-SegmentedRaftLogWorker] INFO  segmented.SegmentedRaftLogWorker (SegmentedRaftLogWorker.java:execute(569)) - c2a282d4-c040-416d-9ee6-85fb672e92c4@group-38CB7D1610DF-SegmentedRaftLogWorker: created new log segment /workdir/hadoop-ozone/tools/target/test-dir/MiniOzoneClusterImpl-86256be1-a8a6-428e-b2d3-bd155870efd4/datanode-1/data/ratis/10730c9e-a110-4d15-93b5-38cb7d1610df/current/log_inprogress_0
 100.00% |█████████████████████████████████████████████████████████████████████████████████████████████████████|  1/1 Time: 0:00:06
2019-09-26 11:00:45,612 [Thread-272] INFO  impl.FollowerState (FollowerState.java:run(106)) - c2a282d4-c040-416d-9ee6-85fb672e92c4:group-7DA3E163D347 changes to CANDIDATE, lastRpcTime:5142, electionTimeout:5142ms
2019-09-26 11:00:45,612 [Thread-272] INFO  impl.RoleInfo (RoleInfo.java:shutdownFollowerState(121)) - c2a282d4-c040-416d-9ee6-85fb672e92c4: shutdown FollowerState
2019-09-26 11:00:45,612 [Thread-272] INFO  impl.RaftServerImpl (RaftServerImpl.java:setRole(174)) - c2a282d4-c040-416d-9ee6-85fb672e92c4@group-7DA3E163D347: changes role from  FOLLOWER to CANDIDATE at term 0 for changeToCandidate
2019-09-26 11:00:45,612 [Thread-272] INFO  impl.RoleInfo (RoleInfo.java:updateAndGet(143)) - c2a282d4-c040-416d-9ee6-85fb672e92c4: start LeaderElection
2019-09-26 11:00:45,631 [Thread-275] INFO  impl.FollowerState (FollowerState.java:run(106)) - 0847ba72-fdd2-48af-a9ba-81785ca9ed12:group-45EFBB105674 changes to CANDIDATE, lastRpcTime:5077, electionTimeout:5077ms
2019-09-26 11:00:45,631 [Thread-275] INFO  impl.RoleInfo (RoleInfo.java:shutdownFollowerState(121)) - 0847ba72-fdd2-48af-a9ba-81785ca9ed12: shutdown FollowerState
2019-09-26 11:00:45,631 [Thread-275] INFO  impl.RaftServerImpl (RaftServerImpl.java:setRole(174)) - 0847ba72-fdd2-48af-a9ba-81785ca9ed12@group-45EFBB105674: changes role from  FOLLOWER to CANDIDATE at term 0 for changeToCandidate
2019-09-26 11:00:45,632 [Thread-275] INFO  impl.RoleInfo (RoleInfo.java:updateAndGet(143)) - 0847ba72-fdd2-48af-a9ba-81785ca9ed12: start LeaderElection
]]></system-out>
  </testcase>
  <testcase name="standaloneTestLargeKey" classname="org.apache.hadoop.ozone.freon.TestDataValidateWithDummyContainers" time="5.125">
    <error message="Allocated 0 blocks. Requested 5 blocks" type="INTERNAL_ERROR org.apache.hadoop.ozone.om.exceptions.OMException">INTERNAL_ERROR org.apache.hadoop.ozone.om.exceptions.OMException: Allocated 0 blocks. Requested 5 blocks
	at org.apache.hadoop.ozone.om.protocolPB.OzoneManagerProtocolClientSideTranslatorPB.handleError(OzoneManagerProtocolClientSideTranslatorPB.java:732)
	at org.apache.hadoop.ozone.om.protocolPB.OzoneManagerProtocolClientSideTranslatorPB.openKey(OzoneManagerProtocolClientSideTranslatorPB.java:723)
	at sun.reflect.NativeMethodAccessorImpl.invoke0(Native Method)
	at sun.reflect.NativeMethodAccessorImpl.invoke(NativeMethodAccessorImpl.java:62)
	at sun.reflect.DelegatingMethodAccessorImpl.invoke(DelegatingMethodAccessorImpl.java:43)
	at java.lang.reflect.Method.invoke(Method.java:498)
	at org.apache.hadoop.hdds.tracing.TraceAllMethod.invoke(TraceAllMethod.java:66)
	at com.sun.proxy.$Proxy37.openKey(Unknown Source)
	at org.apache.hadoop.ozone.client.rpc.RpcClient.createKey(RpcClient.java:614)
	at org.apache.hadoop.ozone.client.OzoneBucket.createKey(OzoneBucket.java:325)
	at org.apache.hadoop.ozone.freon.RandomKeyGenerator.createKey(RandomKeyGenerator.java:695)
	at org.apache.hadoop.ozone.freon.RandomKeyGenerator.access$1100(RandomKeyGenerator.java:88)
	at org.apache.hadoop.ozone.freon.RandomKeyGenerator$ObjectCreator.run(RandomKeyGenerator.java:615)
	at java.util.concurrent.Executors$RunnableAdapter.call(Executors.java:511)
	at java.util.concurrent.FutureTask.run(FutureTask.java:266)
	at java.util.concurrent.ThreadPoolExecutor.runWorker(ThreadPoolExecutor.java:1149)
	at java.util.concurrent.ThreadPoolExecutor$Worker.run(ThreadPoolExecutor.java:624)
	at java.lang.Thread.run(Thread.java:748)
</error>
    <system-out><![CDATA[2019-09-26 11:00:45,639 [main] INFO  freon.RandomKeyGenerator (RandomKeyGenerator.java:call(258)) - Override validateWrites to false, because hdds.container.chunk.persistdata is set to false.
2019-09-26 11:00:45,645 [c2a282d4-c040-416d-9ee6-85fb672e92c4@group-7DA3E163D347:LeaderElection20] INFO  impl.LeaderElection (LeaderElection.java:askForVotes(182)) - c2a282d4-c040-416d-9ee6-85fb672e92c4@group-7DA3E163D347:LeaderElection20: begin an election at term 1 for -1: [c2a282d4-c040-416d-9ee6-85fb672e92c4:192.168.30.13:41516], old=null
2019-09-26 11:00:45,645 [0847ba72-fdd2-48af-a9ba-81785ca9ed12@group-45EFBB105674:LeaderElection21] INFO  impl.LeaderElection (LeaderElection.java:askForVotes(182)) - 0847ba72-fdd2-48af-a9ba-81785ca9ed12@group-45EFBB105674:LeaderElection21: begin an election at term 1 for -1: [0847ba72-fdd2-48af-a9ba-81785ca9ed12:192.168.30.13:33635], old=null
2019-09-26 11:00:45,645 [c2a282d4-c040-416d-9ee6-85fb672e92c4@group-7DA3E163D347:LeaderElection20] INFO  impl.RoleInfo (RoleInfo.java:shutdownLeaderElection(134)) - c2a282d4-c040-416d-9ee6-85fb672e92c4: shutdown LeaderElection
2019-09-26 11:00:45,645 [0847ba72-fdd2-48af-a9ba-81785ca9ed12@group-45EFBB105674:LeaderElection21] INFO  impl.RoleInfo (RoleInfo.java:shutdownLeaderElection(134)) - 0847ba72-fdd2-48af-a9ba-81785ca9ed12: shutdown LeaderElection
2019-09-26 11:00:45,645 [c2a282d4-c040-416d-9ee6-85fb672e92c4@group-7DA3E163D347:LeaderElection20] INFO  impl.RaftServerImpl (RaftServerImpl.java:setRole(174)) - c2a282d4-c040-416d-9ee6-85fb672e92c4@group-7DA3E163D347: changes role from CANDIDATE to LEADER at term 1 for changeToLeader
2019-09-26 11:00:45,646 [0847ba72-fdd2-48af-a9ba-81785ca9ed12@group-45EFBB105674:LeaderElection21] INFO  impl.RaftServerImpl (RaftServerImpl.java:setRole(174)) - 0847ba72-fdd2-48af-a9ba-81785ca9ed12@group-45EFBB105674: changes role from CANDIDATE to LEADER at term 1 for changeToLeader
2019-09-26 11:00:45,646 [c2a282d4-c040-416d-9ee6-85fb672e92c4@group-7DA3E163D347:LeaderElection20] INFO  impl.RaftServerImpl (ServerState.java:setLeader(253)) - c2a282d4-c040-416d-9ee6-85fb672e92c4@group-7DA3E163D347: change Leader from null to c2a282d4-c040-416d-9ee6-85fb672e92c4 at term 1 for becomeLeader, leader elected after 5182ms
2019-09-26 11:00:45,646 [0847ba72-fdd2-48af-a9ba-81785ca9ed12@group-45EFBB105674:LeaderElection21] INFO  impl.RaftServerImpl (ServerState.java:setLeader(253)) - 0847ba72-fdd2-48af-a9ba-81785ca9ed12@group-45EFBB105674: change Leader from null to 0847ba72-fdd2-48af-a9ba-81785ca9ed12 at term 1 for becomeLeader, leader elected after 5102ms
2019-09-26 11:00:45,646 [c2a282d4-c040-416d-9ee6-85fb672e92c4@group-7DA3E163D347:LeaderElection20] INFO  server.RaftServerConfigKeys (ConfUtils.java:logGet(43)) - raft.server.staging.catchup.gap = 1000 (default)
2019-09-26 11:00:45,646 [0847ba72-fdd2-48af-a9ba-81785ca9ed12@group-45EFBB105674:LeaderElection21] INFO  server.RaftServerConfigKeys (ConfUtils.java:logGet(43)) - raft.server.staging.catchup.gap = 1000 (default)
2019-09-26 11:00:45,646 [c2a282d4-c040-416d-9ee6-85fb672e92c4@group-7DA3E163D347:LeaderElection20] INFO  server.RaftServerConfigKeys (ConfUtils.java:logGet(43)) - raft.server.rpc.sleep.time = 25ms (default)
2019-09-26 11:00:45,646 [0847ba72-fdd2-48af-a9ba-81785ca9ed12@group-45EFBB105674:LeaderElection21] INFO  server.RaftServerConfigKeys (ConfUtils.java:logGet(43)) - raft.server.rpc.sleep.time = 25ms (default)
2019-09-26 11:00:45,647 [c2a282d4-c040-416d-9ee6-85fb672e92c4@group-7DA3E163D347:LeaderElection20] INFO  server.RaftServerConfigKeys (ConfUtils.java:logGet(43)) - raft.server.write.element-limit = 4096 (default)
2019-09-26 11:00:45,647 [0847ba72-fdd2-48af-a9ba-81785ca9ed12@group-45EFBB105674:LeaderElection21] INFO  server.RaftServerConfigKeys (ConfUtils.java:logGet(43)) - raft.server.write.element-limit = 4096 (default)
2019-09-26 11:00:45,647 [c2a282d4-c040-416d-9ee6-85fb672e92c4@group-7DA3E163D347:LeaderElection20] INFO  server.RaftServerConfigKeys (ConfUtils.java:logGet(43)) - raft.server.watch.timeout = 10s (default)
2019-09-26 11:00:45,647 [0847ba72-fdd2-48af-a9ba-81785ca9ed12@group-45EFBB105674:LeaderElection21] INFO  server.RaftServerConfigKeys (ConfUtils.java:logGet(43)) - raft.server.watch.timeout = 10s (default)
2019-09-26 11:00:45,647 [c2a282d4-c040-416d-9ee6-85fb672e92c4@group-7DA3E163D347:LeaderElection20] INFO  server.RaftServerConfigKeys (ConfUtils.java:logGet(43)) - raft.server.watch.timeout.denomination = 1s (default)
2019-09-26 11:00:45,647 [0847ba72-fdd2-48af-a9ba-81785ca9ed12@group-45EFBB105674:LeaderElection21] INFO  server.RaftServerConfigKeys (ConfUtils.java:logGet(43)) - raft.server.watch.timeout.denomination = 1s (default)
2019-09-26 11:00:45,647 [c2a282d4-c040-416d-9ee6-85fb672e92c4@group-7DA3E163D347:LeaderElection20] INFO  server.RaftServerConfigKeys (ConfUtils.java:logGet(43)) - raft.server.watch.element-limit = 65536 (default)
2019-09-26 11:00:45,648 [0847ba72-fdd2-48af-a9ba-81785ca9ed12@group-45EFBB105674:LeaderElection21] INFO  server.RaftServerConfigKeys (ConfUtils.java:logGet(43)) - raft.server.watch.element-limit = 65536 (default)
2019-09-26 11:00:45,651 [c2a282d4-c040-416d-9ee6-85fb672e92c4@group-7DA3E163D347:LeaderElection20] INFO  impl.RoleInfo (RoleInfo.java:updateAndGet(143)) - c2a282d4-c040-416d-9ee6-85fb672e92c4: start LeaderState
2019-09-26 11:00:45,653 [c2a282d4-c040-416d-9ee6-85fb672e92c4@group-7DA3E163D347:LeaderElection20] INFO  segmented.SegmentedRaftLogWorker (SegmentedRaftLogWorker.java:startLogSegment(380)) - c2a282d4-c040-416d-9ee6-85fb672e92c4@group-7DA3E163D347-SegmentedRaftLogWorker: Starting segment from index:0
2019-09-26 11:00:45,654 [0847ba72-fdd2-48af-a9ba-81785ca9ed12@group-45EFBB105674:LeaderElection21] INFO  impl.RoleInfo (RoleInfo.java:updateAndGet(143)) - 0847ba72-fdd2-48af-a9ba-81785ca9ed12: start LeaderState
2019-09-26 11:00:45,654 [0847ba72-fdd2-48af-a9ba-81785ca9ed12@group-45EFBB105674:LeaderElection21] INFO  segmented.SegmentedRaftLogWorker (SegmentedRaftLogWorker.java:startLogSegment(380)) - 0847ba72-fdd2-48af-a9ba-81785ca9ed12@group-45EFBB105674-SegmentedRaftLogWorker: Starting segment from index:0
2019-09-26 11:00:45,696 [Thread-278] INFO  impl.FollowerState (FollowerState.java:run(106)) - 0847ba72-fdd2-48af-a9ba-81785ca9ed12:group-04FE873F703A changes to CANDIDATE, lastRpcTime:5095, electionTimeout:5087ms
2019-09-26 11:00:45,654 [c2a282d4-c040-416d-9ee6-85fb672e92c4@group-7DA3E163D347:LeaderElection20] INFO  impl.RaftServerImpl (ServerState.java:setRaftConf(354)) - c2a282d4-c040-416d-9ee6-85fb672e92c4@group-7DA3E163D347: set configuration 0: [c2a282d4-c040-416d-9ee6-85fb672e92c4:192.168.30.13:41516], old=null at 0
2019-09-26 11:00:45,697 [Thread-278] INFO  impl.RoleInfo (RoleInfo.java:shutdownFollowerState(121)) - 0847ba72-fdd2-48af-a9ba-81785ca9ed12: shutdown FollowerState
2019-09-26 11:00:45,746 [c2a282d4-c040-416d-9ee6-85fb672e92c4@group-7DA3E163D347-SegmentedRaftLogWorker] INFO  segmented.SegmentedRaftLogWorker (SegmentedRaftLogWorker.java:execute(569)) - c2a282d4-c040-416d-9ee6-85fb672e92c4@group-7DA3E163D347-SegmentedRaftLogWorker: created new log segment /workdir/hadoop-ozone/tools/target/test-dir/MiniOzoneClusterImpl-86256be1-a8a6-428e-b2d3-bd155870efd4/datanode-1/data/ratis/846aa197-1e42-4545-8d41-7da3e163d347/current/log_inprogress_0
2019-09-26 11:00:45,747 [Thread-278] INFO  impl.RaftServerImpl (RaftServerImpl.java:setRole(174)) - 0847ba72-fdd2-48af-a9ba-81785ca9ed12@group-04FE873F703A: changes role from  FOLLOWER to CANDIDATE at term 0 for changeToCandidate
2019-09-26 11:00:45,747 [0847ba72-fdd2-48af-a9ba-81785ca9ed12@group-45EFBB105674:LeaderElection21] INFO  impl.RaftServerImpl (ServerState.java:setRaftConf(354)) - 0847ba72-fdd2-48af-a9ba-81785ca9ed12@group-45EFBB105674: set configuration 0: [0847ba72-fdd2-48af-a9ba-81785ca9ed12:192.168.30.13:33635], old=null at 0
2019-09-26 11:00:45,747 [Thread-278] INFO  impl.RoleInfo (RoleInfo.java:updateAndGet(143)) - 0847ba72-fdd2-48af-a9ba-81785ca9ed12: start LeaderElection
2019-09-26 11:00:45,754 [main] INFO  freon.RandomKeyGenerator (RandomKeyGenerator.java:call(283)) - Number of Threads: 10
2019-09-26 11:00:45,754 [main] INFO  freon.RandomKeyGenerator (RandomKeyGenerator.java:call(288)) - Number of Volumes: 1.
2019-09-26 11:00:45,754 [main] INFO  freon.RandomKeyGenerator (RandomKeyGenerator.java:call(289)) - Number of Buckets per Volume: 1.
2019-09-26 11:00:45,754 [main] INFO  freon.RandomKeyGenerator (RandomKeyGenerator.java:call(290)) - Number of Keys per Bucket: 1.
2019-09-26 11:00:45,755 [main] INFO  freon.RandomKeyGenerator (RandomKeyGenerator.java:call(291)) - Key size: 20971520 bytes
2019-09-26 11:00:45,755 [main] INFO  freon.RandomKeyGenerator (RandomKeyGenerator.java:call(292)) - Buffer size: 4096 bytes
2019-09-26 11:00:45,755 [main] INFO  freon.RandomKeyGenerator (RandomKeyGenerator.java:call(293)) - validateWrites : false
2019-09-26 11:00:45,756 [pool-74-thread-1] INFO  rpc.RpcClient (RpcClient.java:createVolume(276)) - Creating Volume: vol-0-40967, with jenkins1000 as owner.
2019-09-26 11:00:45,757 [main] INFO  freon.RandomKeyGenerator (RandomKeyGenerator.java:call(313)) - Starting progress bar Thread.
2019-09-26 11:00:45,759 [0847ba72-fdd2-48af-a9ba-81785ca9ed12@group-45EFBB105674-SegmentedRaftLogWorker] INFO  segmented.SegmentedRaftLogWorker (SegmentedRaftLogWorker.java:execute(569)) - 0847ba72-fdd2-48af-a9ba-81785ca9ed12@group-45EFBB105674-SegmentedRaftLogWorker: created new log segment /workdir/hadoop-ozone/tools/target/test-dir/MiniOzoneClusterImpl-86256be1-a8a6-428e-b2d3-bd155870efd4/datanode-4/data/ratis/d4c58987-188c-4b79-a896-45efbb105674/current/log_inprogress_0
2019-09-26 11:00:45,759 [0847ba72-fdd2-48af-a9ba-81785ca9ed12@group-04FE873F703A:LeaderElection22] INFO  impl.LeaderElection (LeaderElection.java:askForVotes(182)) - 0847ba72-fdd2-48af-a9ba-81785ca9ed12@group-04FE873F703A:LeaderElection22: begin an election at term 1 for -1: [0847ba72-fdd2-48af-a9ba-81785ca9ed12:192.168.30.13:33635], old=null

2019-09-26 11:00:45,759 [0847ba72-fdd2-48af-a9ba-81785ca9ed12@group-04FE873F703A:LeaderElection22] INFO  impl.RoleInfo (RoleInfo.java:shutdownLeaderElection(134)) - 0847ba72-fdd2-48af-a9ba-81785ca9ed12: shutdown LeaderElection
 0.00% |█                                                                                                    |  0/1 Time: 0:00:002019-09-26 11:00:45,760 [0847ba72-fdd2-48af-a9ba-81785ca9ed12@group-04FE873F703A:LeaderElection22] INFO  impl.RaftServerImpl (RaftServerImpl.java:setRole(174)) - 0847ba72-fdd2-48af-a9ba-81785ca9ed12@group-04FE873F703A: changes role from CANDIDATE to LEADER at term 1 for changeToLeader
2019-09-26 11:00:45,760 [0847ba72-fdd2-48af-a9ba-81785ca9ed12@group-04FE873F703A:LeaderElection22] INFO  impl.RaftServerImpl (ServerState.java:setLeader(253)) - 0847ba72-fdd2-48af-a9ba-81785ca9ed12@group-04FE873F703A: change Leader from null to 0847ba72-fdd2-48af-a9ba-81785ca9ed12 at term 1 for becomeLeader, leader elected after 5166ms
2019-09-26 11:00:45,760 [0847ba72-fdd2-48af-a9ba-81785ca9ed12@group-04FE873F703A:LeaderElection22] INFO  server.RaftServerConfigKeys (ConfUtils.java:logGet(43)) - raft.server.staging.catchup.gap = 1000 (default)
2019-09-26 11:00:45,760 [0847ba72-fdd2-48af-a9ba-81785ca9ed12@group-04FE873F703A:LeaderElection22] INFO  server.RaftServerConfigKeys (ConfUtils.java:logGet(43)) - raft.server.rpc.sleep.time = 25ms (default)
2019-09-26 11:00:45,760 [0847ba72-fdd2-48af-a9ba-81785ca9ed12@group-04FE873F703A:LeaderElection22] INFO  server.RaftServerConfigKeys (ConfUtils.java:logGet(43)) - raft.server.write.element-limit = 4096 (default)
2019-09-26 11:00:45,761 [0847ba72-fdd2-48af-a9ba-81785ca9ed12@group-04FE873F703A:LeaderElection22] INFO  server.RaftServerConfigKeys (ConfUtils.java:logGet(43)) - raft.server.watch.timeout = 10s (default)
2019-09-26 11:00:45,761 [0847ba72-fdd2-48af-a9ba-81785ca9ed12@group-04FE873F703A:LeaderElection22] INFO  server.RaftServerConfigKeys (ConfUtils.java:logGet(43)) - raft.server.watch.timeout.denomination = 1s (default)
2019-09-26 11:00:45,761 [0847ba72-fdd2-48af-a9ba-81785ca9ed12@group-04FE873F703A:LeaderElection22] INFO  server.RaftServerConfigKeys (ConfUtils.java:logGet(43)) - raft.server.watch.element-limit = 65536 (default)
2019-09-26 11:00:45,762 [IPC Server handler 1 on 39432] INFO  volume.OMVolumeCreateRequest (OMVolumeCreateRequest.java:validateAndUpdateCache(189)) - created volume:vol-0-40967 for user:jenkins1000
2019-09-26 11:00:45,764 [0847ba72-fdd2-48af-a9ba-81785ca9ed12@group-04FE873F703A:LeaderElection22] INFO  impl.RoleInfo (RoleInfo.java:updateAndGet(143)) - 0847ba72-fdd2-48af-a9ba-81785ca9ed12: start LeaderState
2019-09-26 11:00:45,764 [0847ba72-fdd2-48af-a9ba-81785ca9ed12@group-04FE873F703A:LeaderElection22] INFO  segmented.SegmentedRaftLogWorker (SegmentedRaftLogWorker.java:startLogSegment(380)) - 0847ba72-fdd2-48af-a9ba-81785ca9ed12@group-04FE873F703A-SegmentedRaftLogWorker: Starting segment from index:0
2019-09-26 11:00:45,765 [0847ba72-fdd2-48af-a9ba-81785ca9ed12@group-04FE873F703A:LeaderElection22] INFO  impl.RaftServerImpl (ServerState.java:setRaftConf(354)) - 0847ba72-fdd2-48af-a9ba-81785ca9ed12@group-04FE873F703A: set configuration 0: [0847ba72-fdd2-48af-a9ba-81785ca9ed12:192.168.30.13:33635], old=null at 0
2019-09-26 11:00:45,815 [pool-74-thread-2] INFO  rpc.RpcClient (RpcClient.java:createBucket(415)) - Creating Bucket: vol-0-40967/bucket-0-57534, with Versioning false and Storage Type set to DISK and Encryption set to false 
2019-09-26 11:00:45,817 [0847ba72-fdd2-48af-a9ba-81785ca9ed12@group-04FE873F703A-SegmentedRaftLogWorker] INFO  segmented.SegmentedRaftLogWorker (SegmentedRaftLogWorker.java:execute(569)) - 0847ba72-fdd2-48af-a9ba-81785ca9ed12@group-04FE873F703A-SegmentedRaftLogWorker: created new log segment /workdir/hadoop-ozone/tools/target/test-dir/MiniOzoneClusterImpl-86256be1-a8a6-428e-b2d3-bd155870efd4/datanode-4/data/ratis/31d50075-b9fa-4bd7-9590-04fe873f703a/current/log_inprogress_0
2019-09-26 11:00:45,829 [IPC Server handler 17 on 44966] INFO  pipeline.PipelinePlacementPolicy (PipelinePlacementPolicy.java:meetCriteria(91)) - Pipeline Placement: can't place more pipeline on heavy datanode： 0847ba72-fdd2-48af-a9ba-81785ca9ed12 Heaviness: 6 limit: 5
2019-09-26 11:00:45,829 [IPC Server handler 17 on 44966] INFO  pipeline.PipelinePlacementPolicy (PipelinePlacementPolicy.java:meetCriteria(91)) - Pipeline Placement: can't place more pipeline on heavy datanode： bfc6808e-e12b-4ff8-8ebc-28d07afe8d0b Heaviness: 6 limit: 5
2019-09-26 11:00:45,830 [IPC Server handler 17 on 44966] INFO  pipeline.PipelinePlacementPolicy (PipelinePlacementPolicy.java:meetCriteria(91)) - Pipeline Placement: can't place more pipeline on heavy datanode： 9ef131de-2cca-412b-9aef-245b2f16ad17 Heaviness: 6 limit: 5
2019-09-26 11:00:45,830 [IPC Server handler 17 on 44966] INFO  pipeline.PipelinePlacementPolicy (PipelinePlacementPolicy.java:meetCriteria(91)) - Pipeline Placement: can't place more pipeline on heavy datanode： c2a282d4-c040-416d-9ee6-85fb672e92c4 Heaviness: 6 limit: 5
2019-09-26 11:00:45,830 [IPC Server handler 17 on 44966] INFO  pipeline.PipelinePlacementPolicy (PipelinePlacementPolicy.java:meetCriteria(91)) - Pipeline Placement: can't place more pipeline on heavy datanode： 77948620-7a50-4d08-820b-4684d575a259 Heaviness: 6 limit: 5
2019-09-26 11:00:45,830 [IPC Server handler 17 on 44966] ERROR pipeline.PipelinePlacementPolicy (PipelinePlacementPolicy.java:filterViableNodes(148)) - Unable to find enough nodes that meet the criteria that cannot engage in more than 5 pipelines. Nodes required: 3 Found: 0, healthy nodes count inNodeManager: 5.
2019-09-26 11:00:45,830 [IPC Server handler 17 on 44966] ERROR pipeline.SCMPipelineManager (SCMPipelineManager.java:createPipeline(167)) - Pipeline creation failed.
org.apache.hadoop.hdds.scm.exceptions.SCMException: Unable to find enough nodes that meet the criteria that cannot engage in more than 5 pipelines. Nodes required: 3 Found: 0, healthy nodes count inNodeManager: 5.
	at org.apache.hadoop.hdds.scm.pipeline.PipelinePlacementPolicy.filterViableNodes(PipelinePlacementPolicy.java:149)
	at org.apache.hadoop.hdds.scm.pipeline.PipelinePlacementPolicy.chooseDatanodes(PipelinePlacementPolicy.java:172)
	at org.apache.hadoop.hdds.scm.pipeline.RatisPipelineProvider.create(RatisPipelineProvider.java:93)
	at org.apache.hadoop.hdds.scm.pipeline.PipelineFactory.create(PipelineFactory.java:58)
	at org.apache.hadoop.hdds.scm.pipeline.SCMPipelineManager.createPipeline(SCMPipelineManager.java:155)
	at org.apache.hadoop.hdds.scm.block.BlockManagerImpl.allocateBlock(BlockManagerImpl.java:190)
	at org.apache.hadoop.hdds.scm.server.SCMBlockProtocolServer.allocateBlock(SCMBlockProtocolServer.java:182)
	at org.apache.hadoop.ozone.protocolPB.ScmBlockLocationProtocolServerSideTranslatorPB.allocateScmBlock(ScmBlockLocationProtocolServerSideTranslatorPB.java:183)
	at org.apache.hadoop.ozone.protocolPB.ScmBlockLocationProtocolServerSideTranslatorPB.processMessage(ScmBlockLocationProtocolServerSideTranslatorPB.java:141)
	at org.apache.hadoop.ozone.protocolPB.ScmBlockLocationProtocolServerSideTranslatorPB.send(ScmBlockLocationProtocolServerSideTranslatorPB.java:116)
	at org.apache.hadoop.hdds.protocol.proto.ScmBlockLocationProtocolProtos$ScmBlockLocationProtocolService$2.callBlockingMethod(ScmBlockLocationProtocolProtos.java:13157)
	at org.apache.hadoop.ipc.ProtobufRpcEngine$Server$ProtoBufRpcInvoker.call(ProtobufRpcEngine.java:524)
	at org.apache.hadoop.ipc.RPC$Server.call(RPC.java:1025)
	at org.apache.hadoop.ipc.Server$RpcCall.run(Server.java:876)
	at org.apache.hadoop.ipc.Server$RpcCall.run(Server.java:822)
	at java.security.AccessController.doPrivileged(Native Method)
	at javax.security.auth.Subject.doAs(Subject.java:422)
	at org.apache.hadoop.security.UserGroupInformation.doAs(UserGroupInformation.java:1730)
	at org.apache.hadoop.ipc.Server$Handler.run(Server.java:2682)
2019-09-26 11:00:45,833 [IPC Server handler 17 on 44966] WARN  block.BlockManagerImpl (BlockManagerImpl.java:allocateBlock(192)) - Pipeline creation failed for type:RATIS factor:THREE. Retrying get pipelines call once.
org.apache.hadoop.hdds.scm.exceptions.SCMException: Unable to find enough nodes that meet the criteria that cannot engage in more than 5 pipelines. Nodes required: 3 Found: 0, healthy nodes count inNodeManager: 5.
	at org.apache.hadoop.hdds.scm.pipeline.PipelinePlacementPolicy.filterViableNodes(PipelinePlacementPolicy.java:149)
	at org.apache.hadoop.hdds.scm.pipeline.PipelinePlacementPolicy.chooseDatanodes(PipelinePlacementPolicy.java:172)
	at org.apache.hadoop.hdds.scm.pipeline.RatisPipelineProvider.create(RatisPipelineProvider.java:93)
	at org.apache.hadoop.hdds.scm.pipeline.PipelineFactory.create(PipelineFactory.java:58)
	at org.apache.hadoop.hdds.scm.pipeline.SCMPipelineManager.createPipeline(SCMPipelineManager.java:155)
	at org.apache.hadoop.hdds.scm.block.BlockManagerImpl.allocateBlock(BlockManagerImpl.java:190)
	at org.apache.hadoop.hdds.scm.server.SCMBlockProtocolServer.allocateBlock(SCMBlockProtocolServer.java:182)
	at org.apache.hadoop.ozone.protocolPB.ScmBlockLocationProtocolServerSideTranslatorPB.allocateScmBlock(ScmBlockLocationProtocolServerSideTranslatorPB.java:183)
	at org.apache.hadoop.ozone.protocolPB.ScmBlockLocationProtocolServerSideTranslatorPB.processMessage(ScmBlockLocationProtocolServerSideTranslatorPB.java:141)
	at org.apache.hadoop.ozone.protocolPB.ScmBlockLocationProtocolServerSideTranslatorPB.send(ScmBlockLocationProtocolServerSideTranslatorPB.java:116)
	at org.apache.hadoop.hdds.protocol.proto.ScmBlockLocationProtocolProtos$ScmBlockLocationProtocolService$2.callBlockingMethod(ScmBlockLocationProtocolProtos.java:13157)
	at org.apache.hadoop.ipc.ProtobufRpcEngine$Server$ProtoBufRpcInvoker.call(ProtobufRpcEngine.java:524)
	at org.apache.hadoop.ipc.RPC$Server.call(RPC.java:1025)
	at org.apache.hadoop.ipc.Server$RpcCall.run(Server.java:876)
	at org.apache.hadoop.ipc.Server$RpcCall.run(Server.java:822)
	at java.security.AccessController.doPrivileged(Native Method)
	at javax.security.auth.Subject.doAs(Subject.java:422)
	at org.apache.hadoop.security.UserGroupInformation.doAs(UserGroupInformation.java:1730)
	at org.apache.hadoop.ipc.Server$Handler.run(Server.java:2682)
2019-09-26 11:00:45,833 [IPC Server handler 17 on 44966] INFO  block.BlockManagerImpl (BlockManagerImpl.java:allocateBlock(198)) - Could not find available pipeline of type:RATIS and factor:THREE even after retrying
2019-09-26 11:00:45,834 [IPC Server handler 17 on 44966] ERROR block.BlockManagerImpl (BlockManagerImpl.java:allocateBlock(222)) - Unable to allocate a block for the size: 4194304, type: RATIS, factor: THREE
2019-09-26 11:00:45,834 [IPC Server handler 17 on 44966] INFO  pipeline.PipelinePlacementPolicy (PipelinePlacementPolicy.java:meetCriteria(91)) - Pipeline Placement: can't place more pipeline on heavy datanode： 0847ba72-fdd2-48af-a9ba-81785ca9ed12 Heaviness: 6 limit: 5
2019-09-26 11:00:45,834 [IPC Server handler 17 on 44966] INFO  pipeline.PipelinePlacementPolicy (PipelinePlacementPolicy.java:meetCriteria(91)) - Pipeline Placement: can't place more pipeline on heavy datanode： bfc6808e-e12b-4ff8-8ebc-28d07afe8d0b Heaviness: 6 limit: 5
2019-09-26 11:00:45,834 [IPC Server handler 17 on 44966] INFO  pipeline.PipelinePlacementPolicy (PipelinePlacementPolicy.java:meetCriteria(91)) - Pipeline Placement: can't place more pipeline on heavy datanode： 9ef131de-2cca-412b-9aef-245b2f16ad17 Heaviness: 6 limit: 5
2019-09-26 11:00:45,835 [IPC Server handler 17 on 44966] INFO  pipeline.PipelinePlacementPolicy (PipelinePlacementPolicy.java:meetCriteria(91)) - Pipeline Placement: can't place more pipeline on heavy datanode： c2a282d4-c040-416d-9ee6-85fb672e92c4 Heaviness: 6 limit: 5
2019-09-26 11:00:45,835 [IPC Server handler 17 on 44966] INFO  pipeline.PipelinePlacementPolicy (PipelinePlacementPolicy.java:meetCriteria(91)) - Pipeline Placement: can't place more pipeline on heavy datanode： 77948620-7a50-4d08-820b-4684d575a259 Heaviness: 6 limit: 5
2019-09-26 11:00:45,835 [IPC Server handler 17 on 44966] ERROR pipeline.PipelinePlacementPolicy (PipelinePlacementPolicy.java:filterViableNodes(148)) - Unable to find enough nodes that meet the criteria that cannot engage in more than 5 pipelines. Nodes required: 3 Found: 0, healthy nodes count inNodeManager: 5.
2019-09-26 11:00:45,835 [IPC Server handler 17 on 44966] ERROR pipeline.SCMPipelineManager (SCMPipelineManager.java:createPipeline(167)) - Pipeline creation failed.
org.apache.hadoop.hdds.scm.exceptions.SCMException: Unable to find enough nodes that meet the criteria that cannot engage in more than 5 pipelines. Nodes required: 3 Found: 0, healthy nodes count inNodeManager: 5.
	at org.apache.hadoop.hdds.scm.pipeline.PipelinePlacementPolicy.filterViableNodes(PipelinePlacementPolicy.java:149)
	at org.apache.hadoop.hdds.scm.pipeline.PipelinePlacementPolicy.chooseDatanodes(PipelinePlacementPolicy.java:172)
	at org.apache.hadoop.hdds.scm.pipeline.RatisPipelineProvider.create(RatisPipelineProvider.java:93)
	at org.apache.hadoop.hdds.scm.pipeline.PipelineFactory.create(PipelineFactory.java:58)
	at org.apache.hadoop.hdds.scm.pipeline.SCMPipelineManager.createPipeline(SCMPipelineManager.java:155)
	at org.apache.hadoop.hdds.scm.block.BlockManagerImpl.allocateBlock(BlockManagerImpl.java:190)
	at org.apache.hadoop.hdds.scm.server.SCMBlockProtocolServer.allocateBlock(SCMBlockProtocolServer.java:182)
	at org.apache.hadoop.ozone.protocolPB.ScmBlockLocationProtocolServerSideTranslatorPB.allocateScmBlock(ScmBlockLocationProtocolServerSideTranslatorPB.java:183)
	at org.apache.hadoop.ozone.protocolPB.ScmBlockLocationProtocolServerSideTranslatorPB.processMessage(ScmBlockLocationProtocolServerSideTranslatorPB.java:141)
	at org.apache.hadoop.ozone.protocolPB.ScmBlockLocationProtocolServerSideTranslatorPB.send(ScmBlockLocationProtocolServerSideTranslatorPB.java:116)
	at org.apache.hadoop.hdds.protocol.proto.ScmBlockLocationProtocolProtos$ScmBlockLocationProtocolService$2.callBlockingMethod(ScmBlockLocationProtocolProtos.java:13157)
	at org.apache.hadoop.ipc.ProtobufRpcEngine$Server$ProtoBufRpcInvoker.call(ProtobufRpcEngine.java:524)
	at org.apache.hadoop.ipc.RPC$Server.call(RPC.java:1025)
	at org.apache.hadoop.ipc.Server$RpcCall.run(Server.java:876)
	at org.apache.hadoop.ipc.Server$RpcCall.run(Server.java:822)
	at java.security.AccessController.doPrivileged(Native Method)
	at javax.security.auth.Subject.doAs(Subject.java:422)
	at org.apache.hadoop.security.UserGroupInformation.doAs(UserGroupInformation.java:1730)
	at org.apache.hadoop.ipc.Server$Handler.run(Server.java:2682)
2019-09-26 11:00:45,836 [IPC Server handler 17 on 44966] WARN  block.BlockManagerImpl (BlockManagerImpl.java:allocateBlock(192)) - Pipeline creation failed for type:RATIS factor:THREE. Retrying get pipelines call once.
org.apache.hadoop.hdds.scm.exceptions.SCMException: Unable to find enough nodes that meet the criteria that cannot engage in more than 5 pipelines. Nodes required: 3 Found: 0, healthy nodes count inNodeManager: 5.
	at org.apache.hadoop.hdds.scm.pipeline.PipelinePlacementPolicy.filterViableNodes(PipelinePlacementPolicy.java:149)
	at org.apache.hadoop.hdds.scm.pipeline.PipelinePlacementPolicy.chooseDatanodes(PipelinePlacementPolicy.java:172)
	at org.apache.hadoop.hdds.scm.pipeline.RatisPipelineProvider.create(RatisPipelineProvider.java:93)
	at org.apache.hadoop.hdds.scm.pipeline.PipelineFactory.create(PipelineFactory.java:58)
	at org.apache.hadoop.hdds.scm.pipeline.SCMPipelineManager.createPipeline(SCMPipelineManager.java:155)
	at org.apache.hadoop.hdds.scm.block.BlockManagerImpl.allocateBlock(BlockManagerImpl.java:190)
	at org.apache.hadoop.hdds.scm.server.SCMBlockProtocolServer.allocateBlock(SCMBlockProtocolServer.java:182)
	at org.apache.hadoop.ozone.protocolPB.ScmBlockLocationProtocolServerSideTranslatorPB.allocateScmBlock(ScmBlockLocationProtocolServerSideTranslatorPB.java:183)
	at org.apache.hadoop.ozone.protocolPB.ScmBlockLocationProtocolServerSideTranslatorPB.processMessage(ScmBlockLocationProtocolServerSideTranslatorPB.java:141)
	at org.apache.hadoop.ozone.protocolPB.ScmBlockLocationProtocolServerSideTranslatorPB.send(ScmBlockLocationProtocolServerSideTranslatorPB.java:116)
	at org.apache.hadoop.hdds.protocol.proto.ScmBlockLocationProtocolProtos$ScmBlockLocationProtocolService$2.callBlockingMethod(ScmBlockLocationProtocolProtos.java:13157)
	at org.apache.hadoop.ipc.ProtobufRpcEngine$Server$ProtoBufRpcInvoker.call(ProtobufRpcEngine.java:524)
	at org.apache.hadoop.ipc.RPC$Server.call(RPC.java:1025)
	at org.apache.hadoop.ipc.Server$RpcCall.run(Server.java:876)
	at org.apache.hadoop.ipc.Server$RpcCall.run(Server.java:822)
	at java.security.AccessController.doPrivileged(Native Method)
	at javax.security.auth.Subject.doAs(Subject.java:422)
	at org.apache.hadoop.security.UserGroupInformation.doAs(UserGroupInformation.java:1730)
	at org.apache.hadoop.ipc.Server$Handler.run(Server.java:2682)
2019-09-26 11:00:45,836 [IPC Server handler 17 on 44966] INFO  block.BlockManagerImpl (BlockManagerImpl.java:allocateBlock(198)) - Could not find available pipeline of type:RATIS and factor:THREE even after retrying
2019-09-26 11:00:45,836 [IPC Server handler 17 on 44966] ERROR block.BlockManagerImpl (BlockManagerImpl.java:allocateBlock(222)) - Unable to allocate a block for the size: 4194304, type: RATIS, factor: THREE
2019-09-26 11:00:45,836 [IPC Server handler 17 on 44966] INFO  pipeline.PipelinePlacementPolicy (PipelinePlacementPolicy.java:meetCriteria(91)) - Pipeline Placement: can't place more pipeline on heavy datanode： 0847ba72-fdd2-48af-a9ba-81785ca9ed12 Heaviness: 6 limit: 5
2019-09-26 11:00:45,837 [IPC Server handler 17 on 44966] INFO  pipeline.PipelinePlacementPolicy (PipelinePlacementPolicy.java:meetCriteria(91)) - Pipeline Placement: can't place more pipeline on heavy datanode： bfc6808e-e12b-4ff8-8ebc-28d07afe8d0b Heaviness: 6 limit: 5
2019-09-26 11:00:45,837 [IPC Server handler 17 on 44966] INFO  pipeline.PipelinePlacementPolicy (PipelinePlacementPolicy.java:meetCriteria(91)) - Pipeline Placement: can't place more pipeline on heavy datanode： 9ef131de-2cca-412b-9aef-245b2f16ad17 Heaviness: 6 limit: 5
2019-09-26 11:00:45,837 [IPC Server handler 17 on 44966] INFO  pipeline.PipelinePlacementPolicy (PipelinePlacementPolicy.java:meetCriteria(91)) - Pipeline Placement: can't place more pipeline on heavy datanode： c2a282d4-c040-416d-9ee6-85fb672e92c4 Heaviness: 6 limit: 5
2019-09-26 11:00:45,837 [IPC Server handler 17 on 44966] INFO  pipeline.PipelinePlacementPolicy (PipelinePlacementPolicy.java:meetCriteria(91)) - Pipeline Placement: can't place more pipeline on heavy datanode： 77948620-7a50-4d08-820b-4684d575a259 Heaviness: 6 limit: 5
2019-09-26 11:00:45,838 [IPC Server handler 17 on 44966] ERROR pipeline.PipelinePlacementPolicy (PipelinePlacementPolicy.java:filterViableNodes(148)) - Unable to find enough nodes that meet the criteria that cannot engage in more than 5 pipelines. Nodes required: 3 Found: 0, healthy nodes count inNodeManager: 5.
2019-09-26 11:00:45,838 [IPC Server handler 17 on 44966] ERROR pipeline.SCMPipelineManager (SCMPipelineManager.java:createPipeline(167)) - Pipeline creation failed.
org.apache.hadoop.hdds.scm.exceptions.SCMException: Unable to find enough nodes that meet the criteria that cannot engage in more than 5 pipelines. Nodes required: 3 Found: 0, healthy nodes count inNodeManager: 5.
	at org.apache.hadoop.hdds.scm.pipeline.PipelinePlacementPolicy.filterViableNodes(PipelinePlacementPolicy.java:149)
	at org.apache.hadoop.hdds.scm.pipeline.PipelinePlacementPolicy.chooseDatanodes(PipelinePlacementPolicy.java:172)
	at org.apache.hadoop.hdds.scm.pipeline.RatisPipelineProvider.create(RatisPipelineProvider.java:93)
	at org.apache.hadoop.hdds.scm.pipeline.PipelineFactory.create(PipelineFactory.java:58)
	at org.apache.hadoop.hdds.scm.pipeline.SCMPipelineManager.createPipeline(SCMPipelineManager.java:155)
	at org.apache.hadoop.hdds.scm.block.BlockManagerImpl.allocateBlock(BlockManagerImpl.java:190)
	at org.apache.hadoop.hdds.scm.server.SCMBlockProtocolServer.allocateBlock(SCMBlockProtocolServer.java:182)
	at org.apache.hadoop.ozone.protocolPB.ScmBlockLocationProtocolServerSideTranslatorPB.allocateScmBlock(ScmBlockLocationProtocolServerSideTranslatorPB.java:183)
	at org.apache.hadoop.ozone.protocolPB.ScmBlockLocationProtocolServerSideTranslatorPB.processMessage(ScmBlockLocationProtocolServerSideTranslatorPB.java:141)
	at org.apache.hadoop.ozone.protocolPB.ScmBlockLocationProtocolServerSideTranslatorPB.send(ScmBlockLocationProtocolServerSideTranslatorPB.java:116)
	at org.apache.hadoop.hdds.protocol.proto.ScmBlockLocationProtocolProtos$ScmBlockLocationProtocolService$2.callBlockingMethod(ScmBlockLocationProtocolProtos.java:13157)
	at org.apache.hadoop.ipc.ProtobufRpcEngine$Server$ProtoBufRpcInvoker.call(ProtobufRpcEngine.java:524)
	at org.apache.hadoop.ipc.RPC$Server.call(RPC.java:1025)
	at org.apache.hadoop.ipc.Server$RpcCall.run(Server.java:876)
	at org.apache.hadoop.ipc.Server$RpcCall.run(Server.java:822)
	at java.security.AccessController.doPrivileged(Native Method)
	at javax.security.auth.Subject.doAs(Subject.java:422)
	at org.apache.hadoop.security.UserGroupInformation.doAs(UserGroupInformation.java:1730)
	at org.apache.hadoop.ipc.Server$Handler.run(Server.java:2682)
2019-09-26 11:00:45,838 [IPC Server handler 17 on 44966] WARN  block.BlockManagerImpl (BlockManagerImpl.java:allocateBlock(192)) - Pipeline creation failed for type:RATIS factor:THREE. Retrying get pipelines call once.
org.apache.hadoop.hdds.scm.exceptions.SCMException: Unable to find enough nodes that meet the criteria that cannot engage in more than 5 pipelines. Nodes required: 3 Found: 0, healthy nodes count inNodeManager: 5.
	at org.apache.hadoop.hdds.scm.pipeline.PipelinePlacementPolicy.filterViableNodes(PipelinePlacementPolicy.java:149)
	at org.apache.hadoop.hdds.scm.pipeline.PipelinePlacementPolicy.chooseDatanodes(PipelinePlacementPolicy.java:172)
	at org.apache.hadoop.hdds.scm.pipeline.RatisPipelineProvider.create(RatisPipelineProvider.java:93)
	at org.apache.hadoop.hdds.scm.pipeline.PipelineFactory.create(PipelineFactory.java:58)
	at org.apache.hadoop.hdds.scm.pipeline.SCMPipelineManager.createPipeline(SCMPipelineManager.java:155)
	at org.apache.hadoop.hdds.scm.block.BlockManagerImpl.allocateBlock(BlockManagerImpl.java:190)
	at org.apache.hadoop.hdds.scm.server.SCMBlockProtocolServer.allocateBlock(SCMBlockProtocolServer.java:182)
	at org.apache.hadoop.ozone.protocolPB.ScmBlockLocationProtocolServerSideTranslatorPB.allocateScmBlock(ScmBlockLocationProtocolServerSideTranslatorPB.java:183)
	at org.apache.hadoop.ozone.protocolPB.ScmBlockLocationProtocolServerSideTranslatorPB.processMessage(ScmBlockLocationProtocolServerSideTranslatorPB.java:141)
	at org.apache.hadoop.ozone.protocolPB.ScmBlockLocationProtocolServerSideTranslatorPB.send(ScmBlockLocationProtocolServerSideTranslatorPB.java:116)
	at org.apache.hadoop.hdds.protocol.proto.ScmBlockLocationProtocolProtos$ScmBlockLocationProtocolService$2.callBlockingMethod(ScmBlockLocationProtocolProtos.java:13157)
	at org.apache.hadoop.ipc.ProtobufRpcEngine$Server$ProtoBufRpcInvoker.call(ProtobufRpcEngine.java:524)
	at org.apache.hadoop.ipc.RPC$Server.call(RPC.java:1025)
	at org.apache.hadoop.ipc.Server$RpcCall.run(Server.java:876)
	at org.apache.hadoop.ipc.Server$RpcCall.run(Server.java:822)
	at java.security.AccessController.doPrivileged(Native Method)
	at javax.security.auth.Subject.doAs(Subject.java:422)
	at org.apache.hadoop.security.UserGroupInformation.doAs(UserGroupInformation.java:1730)
	at org.apache.hadoop.ipc.Server$Handler.run(Server.java:2682)
2019-09-26 11:00:45,839 [IPC Server handler 17 on 44966] INFO  block.BlockManagerImpl (BlockManagerImpl.java:allocateBlock(198)) - Could not find available pipeline of type:RATIS and factor:THREE even after retrying
2019-09-26 11:00:45,839 [IPC Server handler 17 on 44966] ERROR block.BlockManagerImpl (BlockManagerImpl.java:allocateBlock(222)) - Unable to allocate a block for the size: 4194304, type: RATIS, factor: THREE
2019-09-26 11:00:45,839 [IPC Server handler 17 on 44966] INFO  pipeline.PipelinePlacementPolicy (PipelinePlacementPolicy.java:meetCriteria(91)) - Pipeline Placement: can't place more pipeline on heavy datanode： 0847ba72-fdd2-48af-a9ba-81785ca9ed12 Heaviness: 6 limit: 5
2019-09-26 11:00:45,839 [IPC Server handler 17 on 44966] INFO  pipeline.PipelinePlacementPolicy (PipelinePlacementPolicy.java:meetCriteria(91)) - Pipeline Placement: can't place more pipeline on heavy datanode： bfc6808e-e12b-4ff8-8ebc-28d07afe8d0b Heaviness: 6 limit: 5
2019-09-26 11:00:45,839 [IPC Server handler 17 on 44966] INFO  pipeline.PipelinePlacementPolicy (PipelinePlacementPolicy.java:meetCriteria(91)) - Pipeline Placement: can't place more pipeline on heavy datanode： 9ef131de-2cca-412b-9aef-245b2f16ad17 Heaviness: 6 limit: 5
2019-09-26 11:00:45,840 [IPC Server handler 17 on 44966] INFO  pipeline.PipelinePlacementPolicy (PipelinePlacementPolicy.java:meetCriteria(91)) - Pipeline Placement: can't place more pipeline on heavy datanode： c2a282d4-c040-416d-9ee6-85fb672e92c4 Heaviness: 6 limit: 5
2019-09-26 11:00:45,840 [IPC Server handler 17 on 44966] INFO  pipeline.PipelinePlacementPolicy (PipelinePlacementPolicy.java:meetCriteria(91)) - Pipeline Placement: can't place more pipeline on heavy datanode： 77948620-7a50-4d08-820b-4684d575a259 Heaviness: 6 limit: 5
2019-09-26 11:00:45,840 [IPC Server handler 17 on 44966] ERROR pipeline.PipelinePlacementPolicy (PipelinePlacementPolicy.java:filterViableNodes(148)) - Unable to find enough nodes that meet the criteria that cannot engage in more than 5 pipelines. Nodes required: 3 Found: 0, healthy nodes count inNodeManager: 5.
2019-09-26 11:00:45,840 [IPC Server handler 17 on 44966] ERROR pipeline.SCMPipelineManager (SCMPipelineManager.java:createPipeline(167)) - Pipeline creation failed.
org.apache.hadoop.hdds.scm.exceptions.SCMException: Unable to find enough nodes that meet the criteria that cannot engage in more than 5 pipelines. Nodes required: 3 Found: 0, healthy nodes count inNodeManager: 5.
	at org.apache.hadoop.hdds.scm.pipeline.PipelinePlacementPolicy.filterViableNodes(PipelinePlacementPolicy.java:149)
	at org.apache.hadoop.hdds.scm.pipeline.PipelinePlacementPolicy.chooseDatanodes(PipelinePlacementPolicy.java:172)
	at org.apache.hadoop.hdds.scm.pipeline.RatisPipelineProvider.create(RatisPipelineProvider.java:93)
	at org.apache.hadoop.hdds.scm.pipeline.PipelineFactory.create(PipelineFactory.java:58)
	at org.apache.hadoop.hdds.scm.pipeline.SCMPipelineManager.createPipeline(SCMPipelineManager.java:155)
	at org.apache.hadoop.hdds.scm.block.BlockManagerImpl.allocateBlock(BlockManagerImpl.java:190)
	at org.apache.hadoop.hdds.scm.server.SCMBlockProtocolServer.allocateBlock(SCMBlockProtocolServer.java:182)
	at org.apache.hadoop.ozone.protocolPB.ScmBlockLocationProtocolServerSideTranslatorPB.allocateScmBlock(ScmBlockLocationProtocolServerSideTranslatorPB.java:183)
	at org.apache.hadoop.ozone.protocolPB.ScmBlockLocationProtocolServerSideTranslatorPB.processMessage(ScmBlockLocationProtocolServerSideTranslatorPB.java:141)
	at org.apache.hadoop.ozone.protocolPB.ScmBlockLocationProtocolServerSideTranslatorPB.send(ScmBlockLocationProtocolServerSideTranslatorPB.java:116)
	at org.apache.hadoop.hdds.protocol.proto.ScmBlockLocationProtocolProtos$ScmBlockLocationProtocolService$2.callBlockingMethod(ScmBlockLocationProtocolProtos.java:13157)
	at org.apache.hadoop.ipc.ProtobufRpcEngine$Server$ProtoBufRpcInvoker.call(ProtobufRpcEngine.java:524)
	at org.apache.hadoop.ipc.RPC$Server.call(RPC.java:1025)
	at org.apache.hadoop.ipc.Server$RpcCall.run(Server.java:876)
	at org.apache.hadoop.ipc.Server$RpcCall.run(Server.java:822)
	at java.security.AccessController.doPrivileged(Native Method)
	at javax.security.auth.Subject.doAs(Subject.java:422)
	at org.apache.hadoop.security.UserGroupInformation.doAs(UserGroupInformation.java:1730)
	at org.apache.hadoop.ipc.Server$Handler.run(Server.java:2682)
2019-09-26 11:00:45,841 [IPC Server handler 17 on 44966] WARN  block.BlockManagerImpl (BlockManagerImpl.java:allocateBlock(192)) - Pipeline creation failed for type:RATIS factor:THREE. Retrying get pipelines call once.
org.apache.hadoop.hdds.scm.exceptions.SCMException: Unable to find enough nodes that meet the criteria that cannot engage in more than 5 pipelines. Nodes required: 3 Found: 0, healthy nodes count inNodeManager: 5.
	at org.apache.hadoop.hdds.scm.pipeline.PipelinePlacementPolicy.filterViableNodes(PipelinePlacementPolicy.java:149)
	at org.apache.hadoop.hdds.scm.pipeline.PipelinePlacementPolicy.chooseDatanodes(PipelinePlacementPolicy.java:172)
	at org.apache.hadoop.hdds.scm.pipeline.RatisPipelineProvider.create(RatisPipelineProvider.java:93)
	at org.apache.hadoop.hdds.scm.pipeline.PipelineFactory.create(PipelineFactory.java:58)
	at org.apache.hadoop.hdds.scm.pipeline.SCMPipelineManager.createPipeline(SCMPipelineManager.java:155)
	at org.apache.hadoop.hdds.scm.block.BlockManagerImpl.allocateBlock(BlockManagerImpl.java:190)
	at org.apache.hadoop.hdds.scm.server.SCMBlockProtocolServer.allocateBlock(SCMBlockProtocolServer.java:182)
	at org.apache.hadoop.ozone.protocolPB.ScmBlockLocationProtocolServerSideTranslatorPB.allocateScmBlock(ScmBlockLocationProtocolServerSideTranslatorPB.java:183)
	at org.apache.hadoop.ozone.protocolPB.ScmBlockLocationProtocolServerSideTranslatorPB.processMessage(ScmBlockLocationProtocolServerSideTranslatorPB.java:141)
	at org.apache.hadoop.ozone.protocolPB.ScmBlockLocationProtocolServerSideTranslatorPB.send(ScmBlockLocationProtocolServerSideTranslatorPB.java:116)
	at org.apache.hadoop.hdds.protocol.proto.ScmBlockLocationProtocolProtos$ScmBlockLocationProtocolService$2.callBlockingMethod(ScmBlockLocationProtocolProtos.java:13157)
	at org.apache.hadoop.ipc.ProtobufRpcEngine$Server$ProtoBufRpcInvoker.call(ProtobufRpcEngine.java:524)
	at org.apache.hadoop.ipc.RPC$Server.call(RPC.java:1025)
	at org.apache.hadoop.ipc.Server$RpcCall.run(Server.java:876)
	at org.apache.hadoop.ipc.Server$RpcCall.run(Server.java:822)
	at java.security.AccessController.doPrivileged(Native Method)
	at javax.security.auth.Subject.doAs(Subject.java:422)
	at org.apache.hadoop.security.UserGroupInformation.doAs(UserGroupInformation.java:1730)
	at org.apache.hadoop.ipc.Server$Handler.run(Server.java:2682)
2019-09-26 11:00:45,841 [IPC Server handler 17 on 44966] INFO  block.BlockManagerImpl (BlockManagerImpl.java:allocateBlock(198)) - Could not find available pipeline of type:RATIS and factor:THREE even after retrying
2019-09-26 11:00:45,841 [IPC Server handler 17 on 44966] ERROR block.BlockManagerImpl (BlockManagerImpl.java:allocateBlock(222)) - Unable to allocate a block for the size: 4194304, type: RATIS, factor: THREE
2019-09-26 11:00:45,842 [IPC Server handler 17 on 44966] INFO  pipeline.PipelinePlacementPolicy (PipelinePlacementPolicy.java:meetCriteria(91)) - Pipeline Placement: can't place more pipeline on heavy datanode： 0847ba72-fdd2-48af-a9ba-81785ca9ed12 Heaviness: 6 limit: 5
2019-09-26 11:00:45,842 [IPC Server handler 17 on 44966] INFO  pipeline.PipelinePlacementPolicy (PipelinePlacementPolicy.java:meetCriteria(91)) - Pipeline Placement: can't place more pipeline on heavy datanode： bfc6808e-e12b-4ff8-8ebc-28d07afe8d0b Heaviness: 6 limit: 5
2019-09-26 11:00:45,842 [IPC Server handler 17 on 44966] INFO  pipeline.PipelinePlacementPolicy (PipelinePlacementPolicy.java:meetCriteria(91)) - Pipeline Placement: can't place more pipeline on heavy datanode： 9ef131de-2cca-412b-9aef-245b2f16ad17 Heaviness: 6 limit: 5
2019-09-26 11:00:45,842 [IPC Server handler 17 on 44966] INFO  pipeline.PipelinePlacementPolicy (PipelinePlacementPolicy.java:meetCriteria(91)) - Pipeline Placement: can't place more pipeline on heavy datanode： c2a282d4-c040-416d-9ee6-85fb672e92c4 Heaviness: 6 limit: 5
2019-09-26 11:00:45,842 [IPC Server handler 17 on 44966] INFO  pipeline.PipelinePlacementPolicy (PipelinePlacementPolicy.java:meetCriteria(91)) - Pipeline Placement: can't place more pipeline on heavy datanode： 77948620-7a50-4d08-820b-4684d575a259 Heaviness: 6 limit: 5
2019-09-26 11:00:45,843 [IPC Server handler 17 on 44966] ERROR pipeline.PipelinePlacementPolicy (PipelinePlacementPolicy.java:filterViableNodes(148)) - Unable to find enough nodes that meet the criteria that cannot engage in more than 5 pipelines. Nodes required: 3 Found: 0, healthy nodes count inNodeManager: 5.
2019-09-26 11:00:45,843 [IPC Server handler 17 on 44966] ERROR pipeline.SCMPipelineManager (SCMPipelineManager.java:createPipeline(167)) - Pipeline creation failed.
org.apache.hadoop.hdds.scm.exceptions.SCMException: Unable to find enough nodes that meet the criteria that cannot engage in more than 5 pipelines. Nodes required: 3 Found: 0, healthy nodes count inNodeManager: 5.
	at org.apache.hadoop.hdds.scm.pipeline.PipelinePlacementPolicy.filterViableNodes(PipelinePlacementPolicy.java:149)
	at org.apache.hadoop.hdds.scm.pipeline.PipelinePlacementPolicy.chooseDatanodes(PipelinePlacementPolicy.java:172)
	at org.apache.hadoop.hdds.scm.pipeline.RatisPipelineProvider.create(RatisPipelineProvider.java:93)
	at org.apache.hadoop.hdds.scm.pipeline.PipelineFactory.create(PipelineFactory.java:58)
	at org.apache.hadoop.hdds.scm.pipeline.SCMPipelineManager.createPipeline(SCMPipelineManager.java:155)
	at org.apache.hadoop.hdds.scm.block.BlockManagerImpl.allocateBlock(BlockManagerImpl.java:190)
	at org.apache.hadoop.hdds.scm.server.SCMBlockProtocolServer.allocateBlock(SCMBlockProtocolServer.java:182)
	at org.apache.hadoop.ozone.protocolPB.ScmBlockLocationProtocolServerSideTranslatorPB.allocateScmBlock(ScmBlockLocationProtocolServerSideTranslatorPB.java:183)
	at org.apache.hadoop.ozone.protocolPB.ScmBlockLocationProtocolServerSideTranslatorPB.processMessage(ScmBlockLocationProtocolServerSideTranslatorPB.java:141)
	at org.apache.hadoop.ozone.protocolPB.ScmBlockLocationProtocolServerSideTranslatorPB.send(ScmBlockLocationProtocolServerSideTranslatorPB.java:116)
	at org.apache.hadoop.hdds.protocol.proto.ScmBlockLocationProtocolProtos$ScmBlockLocationProtocolService$2.callBlockingMethod(ScmBlockLocationProtocolProtos.java:13157)
	at org.apache.hadoop.ipc.ProtobufRpcEngine$Server$ProtoBufRpcInvoker.call(ProtobufRpcEngine.java:524)
	at org.apache.hadoop.ipc.RPC$Server.call(RPC.java:1025)
	at org.apache.hadoop.ipc.Server$RpcCall.run(Server.java:876)
	at org.apache.hadoop.ipc.Server$RpcCall.run(Server.java:822)
	at java.security.AccessController.doPrivileged(Native Method)
	at javax.security.auth.Subject.doAs(Subject.java:422)
	at org.apache.hadoop.security.UserGroupInformation.doAs(UserGroupInformation.java:1730)
	at org.apache.hadoop.ipc.Server$Handler.run(Server.java:2682)
2019-09-26 11:00:45,843 [IPC Server handler 17 on 44966] WARN  block.BlockManagerImpl (BlockManagerImpl.java:allocateBlock(192)) - Pipeline creation failed for type:RATIS factor:THREE. Retrying get pipelines call once.
org.apache.hadoop.hdds.scm.exceptions.SCMException: Unable to find enough nodes that meet the criteria that cannot engage in more than 5 pipelines. Nodes required: 3 Found: 0, healthy nodes count inNodeManager: 5.
	at org.apache.hadoop.hdds.scm.pipeline.PipelinePlacementPolicy.filterViableNodes(PipelinePlacementPolicy.java:149)
	at org.apache.hadoop.hdds.scm.pipeline.PipelinePlacementPolicy.chooseDatanodes(PipelinePlacementPolicy.java:172)
	at org.apache.hadoop.hdds.scm.pipeline.RatisPipelineProvider.create(RatisPipelineProvider.java:93)
	at org.apache.hadoop.hdds.scm.pipeline.PipelineFactory.create(PipelineFactory.java:58)
	at org.apache.hadoop.hdds.scm.pipeline.SCMPipelineManager.createPipeline(SCMPipelineManager.java:155)
	at org.apache.hadoop.hdds.scm.block.BlockManagerImpl.allocateBlock(BlockManagerImpl.java:190)
	at org.apache.hadoop.hdds.scm.server.SCMBlockProtocolServer.allocateBlock(SCMBlockProtocolServer.java:182)
	at org.apache.hadoop.ozone.protocolPB.ScmBlockLocationProtocolServerSideTranslatorPB.allocateScmBlock(ScmBlockLocationProtocolServerSideTranslatorPB.java:183)
	at org.apache.hadoop.ozone.protocolPB.ScmBlockLocationProtocolServerSideTranslatorPB.processMessage(ScmBlockLocationProtocolServerSideTranslatorPB.java:141)
	at org.apache.hadoop.ozone.protocolPB.ScmBlockLocationProtocolServerSideTranslatorPB.send(ScmBlockLocationProtocolServerSideTranslatorPB.java:116)
	at org.apache.hadoop.hdds.protocol.proto.ScmBlockLocationProtocolProtos$ScmBlockLocationProtocolService$2.callBlockingMethod(ScmBlockLocationProtocolProtos.java:13157)
	at org.apache.hadoop.ipc.ProtobufRpcEngine$Server$ProtoBufRpcInvoker.call(ProtobufRpcEngine.java:524)
	at org.apache.hadoop.ipc.RPC$Server.call(RPC.java:1025)
	at org.apache.hadoop.ipc.Server$RpcCall.run(Server.java:876)
	at org.apache.hadoop.ipc.Server$RpcCall.run(Server.java:822)
	at java.security.AccessController.doPrivileged(Native Method)
	at javax.security.auth.Subject.doAs(Subject.java:422)
	at org.apache.hadoop.security.UserGroupInformation.doAs(UserGroupInformation.java:1730)
	at org.apache.hadoop.ipc.Server$Handler.run(Server.java:2682)
2019-09-26 11:00:45,844 [IPC Server handler 17 on 44966] INFO  block.BlockManagerImpl (BlockManagerImpl.java:allocateBlock(198)) - Could not find available pipeline of type:RATIS and factor:THREE even after retrying
2019-09-26 11:00:45,844 [IPC Server handler 17 on 44966] ERROR block.BlockManagerImpl (BlockManagerImpl.java:allocateBlock(222)) - Unable to allocate a block for the size: 4194304, type: RATIS, factor: THREE
2019-09-26 11:00:45,845 [pool-74-thread-3] ERROR freon.RandomKeyGenerator (RandomKeyGenerator.java:createKey(733)) - Exception while adding key: key-0-06521 in bucket: bucket-0-57534 of volume: vol-0-40967.
INTERNAL_ERROR org.apache.hadoop.ozone.om.exceptions.OMException: Allocated 0 blocks. Requested 5 blocks
	at org.apache.hadoop.ozone.om.protocolPB.OzoneManagerProtocolClientSideTranslatorPB.handleError(OzoneManagerProtocolClientSideTranslatorPB.java:732)
	at org.apache.hadoop.ozone.om.protocolPB.OzoneManagerProtocolClientSideTranslatorPB.openKey(OzoneManagerProtocolClientSideTranslatorPB.java:723)
	at sun.reflect.NativeMethodAccessorImpl.invoke0(Native Method)
	at sun.reflect.NativeMethodAccessorImpl.invoke(NativeMethodAccessorImpl.java:62)
	at sun.reflect.DelegatingMethodAccessorImpl.invoke(DelegatingMethodAccessorImpl.java:43)
	at java.lang.reflect.Method.invoke(Method.java:498)
	at org.apache.hadoop.hdds.tracing.TraceAllMethod.invoke(TraceAllMethod.java:66)
	at com.sun.proxy.$Proxy37.openKey(Unknown Source)
	at org.apache.hadoop.ozone.client.rpc.RpcClient.createKey(RpcClient.java:614)
	at org.apache.hadoop.ozone.client.OzoneBucket.createKey(OzoneBucket.java:325)
	at org.apache.hadoop.ozone.freon.RandomKeyGenerator.createKey(RandomKeyGenerator.java:695)
	at org.apache.hadoop.ozone.freon.RandomKeyGenerator.access$1100(RandomKeyGenerator.java:88)
	at org.apache.hadoop.ozone.freon.RandomKeyGenerator$ObjectCreator.run(RandomKeyGenerator.java:615)
	at java.util.concurrent.Executors$RunnableAdapter.call(Executors.java:511)
	at java.util.concurrent.FutureTask.run(FutureTask.java:266)
	at java.util.concurrent.ThreadPoolExecutor.runWorker(ThreadPoolExecutor.java:1149)
	at java.util.concurrent.ThreadPoolExecutor$Worker.run(ThreadPoolExecutor.java:624)
	at java.lang.Thread.run(Thread.java:748)
2019-09-26 11:00:45,858 [Thread-281] INFO  impl.FollowerState (FollowerState.java:run(106)) - 9ef131de-2cca-412b-9aef-245b2f16ad17:group-DF8877E13C61 changes to CANDIDATE, lastRpcTime:5200, electionTimeout:5200ms
2019-09-26 11:00:45,858 [Thread-281] INFO  impl.RoleInfo (RoleInfo.java:shutdownFollowerState(121)) - 9ef131de-2cca-412b-9aef-245b2f16ad17: shutdown FollowerState
2019-09-26 11:00:45,858 [Thread-281] INFO  impl.RaftServerImpl (RaftServerImpl.java:setRole(174)) - 9ef131de-2cca-412b-9aef-245b2f16ad17@group-DF8877E13C61: changes role from  FOLLOWER to CANDIDATE at term 0 for changeToCandidate
2019-09-26 11:00:45,859 [Thread-281] INFO  impl.RoleInfo (RoleInfo.java:updateAndGet(143)) - 9ef131de-2cca-412b-9aef-245b2f16ad17: start LeaderElection
2019-09-26 11:00:45,876 [9ef131de-2cca-412b-9aef-245b2f16ad17@group-DF8877E13C61:LeaderElection23] INFO  impl.LeaderElection (LeaderElection.java:askForVotes(182)) - 9ef131de-2cca-412b-9aef-245b2f16ad17@group-DF8877E13C61:LeaderElection23: begin an election at term 1 for -1: [9ef131de-2cca-412b-9aef-245b2f16ad17:192.168.30.13:43347], old=null
2019-09-26 11:00:45,876 [9ef131de-2cca-412b-9aef-245b2f16ad17@group-DF8877E13C61:LeaderElection23] INFO  impl.RoleInfo (RoleInfo.java:shutdownLeaderElection(134)) - 9ef131de-2cca-412b-9aef-245b2f16ad17: shutdown LeaderElection
2019-09-26 11:00:45,876 [9ef131de-2cca-412b-9aef-245b2f16ad17@group-DF8877E13C61:LeaderElection23] INFO  impl.RaftServerImpl (RaftServerImpl.java:setRole(174)) - 9ef131de-2cca-412b-9aef-245b2f16ad17@group-DF8877E13C61: changes role from CANDIDATE to LEADER at term 1 for changeToLeader
2019-09-26 11:00:45,876 [9ef131de-2cca-412b-9aef-245b2f16ad17@group-DF8877E13C61:LeaderElection23] INFO  impl.RaftServerImpl (ServerState.java:setLeader(253)) - 9ef131de-2cca-412b-9aef-245b2f16ad17@group-DF8877E13C61: change Leader from null to 9ef131de-2cca-412b-9aef-245b2f16ad17 at term 1 for becomeLeader, leader elected after 5227ms
2019-09-26 11:00:45,877 [9ef131de-2cca-412b-9aef-245b2f16ad17@group-DF8877E13C61:LeaderElection23] INFO  server.RaftServerConfigKeys (ConfUtils.java:logGet(43)) - raft.server.staging.catchup.gap = 1000 (default)
2019-09-26 11:00:45,877 [9ef131de-2cca-412b-9aef-245b2f16ad17@group-DF8877E13C61:LeaderElection23] INFO  server.RaftServerConfigKeys (ConfUtils.java:logGet(43)) - raft.server.rpc.sleep.time = 25ms (default)
2019-09-26 11:00:45,877 [9ef131de-2cca-412b-9aef-245b2f16ad17@group-DF8877E13C61:LeaderElection23] INFO  server.RaftServerConfigKeys (ConfUtils.java:logGet(43)) - raft.server.write.element-limit = 4096 (default)
2019-09-26 11:00:45,877 [9ef131de-2cca-412b-9aef-245b2f16ad17@group-DF8877E13C61:LeaderElection23] INFO  server.RaftServerConfigKeys (ConfUtils.java:logGet(43)) - raft.server.watch.timeout = 10s (default)
2019-09-26 11:00:45,877 [9ef131de-2cca-412b-9aef-245b2f16ad17@group-DF8877E13C61:LeaderElection23] INFO  server.RaftServerConfigKeys (ConfUtils.java:logGet(43)) - raft.server.watch.timeout.denomination = 1s (default)
2019-09-26 11:00:45,878 [9ef131de-2cca-412b-9aef-245b2f16ad17@group-DF8877E13C61:LeaderElection23] INFO  server.RaftServerConfigKeys (ConfUtils.java:logGet(43)) - raft.server.watch.element-limit = 65536 (default)
2019-09-26 11:00:45,879 [Thread-285] INFO  impl.FollowerState (FollowerState.java:run(106)) - 9ef131de-2cca-412b-9aef-245b2f16ad17:group-835A2D9F3A10 changes to CANDIDATE, lastRpcTime:5163, electionTimeout:5163ms
2019-09-26 11:00:45,879 [Thread-285] INFO  impl.RoleInfo (RoleInfo.java:shutdownFollowerState(121)) - 9ef131de-2cca-412b-9aef-245b2f16ad17: shutdown FollowerState
2019-09-26 11:00:45,879 [Thread-285] INFO  impl.RaftServerImpl (RaftServerImpl.java:setRole(174)) - 9ef131de-2cca-412b-9aef-245b2f16ad17@group-835A2D9F3A10: changes role from  FOLLOWER to CANDIDATE at term 0 for changeToCandidate
2019-09-26 11:00:45,879 [Thread-285] INFO  impl.RoleInfo (RoleInfo.java:updateAndGet(143)) - 9ef131de-2cca-412b-9aef-245b2f16ad17: start LeaderElection
2019-09-26 11:00:45,883 [9ef131de-2cca-412b-9aef-245b2f16ad17@group-DF8877E13C61:LeaderElection23] INFO  impl.RoleInfo (RoleInfo.java:updateAndGet(143)) - 9ef131de-2cca-412b-9aef-245b2f16ad17: start LeaderState
2019-09-26 11:00:45,883 [9ef131de-2cca-412b-9aef-245b2f16ad17@group-DF8877E13C61:LeaderElection23] INFO  segmented.SegmentedRaftLogWorker (SegmentedRaftLogWorker.java:startLogSegment(380)) - 9ef131de-2cca-412b-9aef-245b2f16ad17@group-DF8877E13C61-SegmentedRaftLogWorker: Starting segment from index:0
2019-09-26 11:00:45,884 [9ef131de-2cca-412b-9aef-245b2f16ad17@group-DF8877E13C61:LeaderElection23] INFO  impl.RaftServerImpl (ServerState.java:setRaftConf(354)) - 9ef131de-2cca-412b-9aef-245b2f16ad17@group-DF8877E13C61: set configuration 0: [9ef131de-2cca-412b-9aef-245b2f16ad17:192.168.30.13:43347], old=null at 0
2019-09-26 11:00:45,927 [Thread-288] INFO  impl.FollowerState (FollowerState.java:run(106)) - c2a282d4-c040-416d-9ee6-85fb672e92c4:group-0E6F51461994 changes to CANDIDATE, lastRpcTime:5154, electionTimeout:5151ms
2019-09-26 11:00:45,927 [9ef131de-2cca-412b-9aef-245b2f16ad17@group-835A2D9F3A10:LeaderElection24] INFO  impl.LeaderElection (LeaderElection.java:askForVotes(182)) - 9ef131de-2cca-412b-9aef-245b2f16ad17@group-835A2D9F3A10:LeaderElection24: begin an election at term 1 for -1: [9ef131de-2cca-412b-9aef-245b2f16ad17:192.168.30.13:43347], old=null
2019-09-26 11:00:45,927 [Thread-288] INFO  impl.RoleInfo (RoleInfo.java:shutdownFollowerState(121)) - c2a282d4-c040-416d-9ee6-85fb672e92c4: shutdown FollowerState
2019-09-26 11:00:45,927 [9ef131de-2cca-412b-9aef-245b2f16ad17@group-835A2D9F3A10:LeaderElection24] INFO  impl.RoleInfo (RoleInfo.java:shutdownLeaderElection(134)) - 9ef131de-2cca-412b-9aef-245b2f16ad17: shutdown LeaderElection
2019-09-26 11:00:45,927 [Thread-288] INFO  impl.RaftServerImpl (RaftServerImpl.java:setRole(174)) - c2a282d4-c040-416d-9ee6-85fb672e92c4@group-0E6F51461994: changes role from  FOLLOWER to CANDIDATE at term 0 for changeToCandidate
2019-09-26 11:00:45,927 [9ef131de-2cca-412b-9aef-245b2f16ad17@group-835A2D9F3A10:LeaderElection24] INFO  impl.RaftServerImpl (RaftServerImpl.java:setRole(174)) - 9ef131de-2cca-412b-9aef-245b2f16ad17@group-835A2D9F3A10: changes role from CANDIDATE to LEADER at term 1 for changeToLeader
2019-09-26 11:00:45,927 [9ef131de-2cca-412b-9aef-245b2f16ad17@group-835A2D9F3A10:LeaderElection24] INFO  impl.RaftServerImpl (ServerState.java:setLeader(253)) - 9ef131de-2cca-412b-9aef-245b2f16ad17@group-835A2D9F3A10: change Leader from null to 9ef131de-2cca-412b-9aef-245b2f16ad17 at term 1 for becomeLeader, leader elected after 5220ms
2019-09-26 11:00:45,927 [Thread-288] INFO  impl.RoleInfo (RoleInfo.java:updateAndGet(143)) - c2a282d4-c040-416d-9ee6-85fb672e92c4: start LeaderElection
2019-09-26 11:00:45,928 [9ef131de-2cca-412b-9aef-245b2f16ad17@group-835A2D9F3A10:LeaderElection24] INFO  server.RaftServerConfigKeys (ConfUtils.java:logGet(43)) - raft.server.staging.catchup.gap = 1000 (default)
2019-09-26 11:00:45,928 [9ef131de-2cca-412b-9aef-245b2f16ad17@group-835A2D9F3A10:LeaderElection24] INFO  server.RaftServerConfigKeys (ConfUtils.java:logGet(43)) - raft.server.rpc.sleep.time = 25ms (default)
2019-09-26 11:00:45,928 [9ef131de-2cca-412b-9aef-245b2f16ad17@group-835A2D9F3A10:LeaderElection24] INFO  server.RaftServerConfigKeys (ConfUtils.java:logGet(43)) - raft.server.write.element-limit = 4096 (default)
2019-09-26 11:00:45,930 [9ef131de-2cca-412b-9aef-245b2f16ad17@group-835A2D9F3A10:LeaderElection24] INFO  server.RaftServerConfigKeys (ConfUtils.java:logGet(43)) - raft.server.watch.timeout = 10s (default)
2019-09-26 11:00:45,930 [9ef131de-2cca-412b-9aef-245b2f16ad17@group-835A2D9F3A10:LeaderElection24] INFO  server.RaftServerConfigKeys (ConfUtils.java:logGet(43)) - raft.server.watch.timeout.denomination = 1s (default)
2019-09-26 11:00:45,931 [9ef131de-2cca-412b-9aef-245b2f16ad17@group-835A2D9F3A10:LeaderElection24] INFO  server.RaftServerConfigKeys (ConfUtils.java:logGet(43)) - raft.server.watch.element-limit = 65536 (default)
2019-09-26 11:00:45,934 [9ef131de-2cca-412b-9aef-245b2f16ad17@group-835A2D9F3A10:LeaderElection24] INFO  impl.RoleInfo (RoleInfo.java:updateAndGet(143)) - 9ef131de-2cca-412b-9aef-245b2f16ad17: start LeaderState
2019-09-26 11:00:45,934 [9ef131de-2cca-412b-9aef-245b2f16ad17@group-835A2D9F3A10:LeaderElection24] INFO  segmented.SegmentedRaftLogWorker (SegmentedRaftLogWorker.java:startLogSegment(380)) - 9ef131de-2cca-412b-9aef-245b2f16ad17@group-835A2D9F3A10-SegmentedRaftLogWorker: Starting segment from index:0
2019-09-26 11:00:45,935 [9ef131de-2cca-412b-9aef-245b2f16ad17@group-835A2D9F3A10:LeaderElection24] INFO  impl.RaftServerImpl (ServerState.java:setRaftConf(354)) - 9ef131de-2cca-412b-9aef-245b2f16ad17@group-835A2D9F3A10: set configuration 0: [9ef131de-2cca-412b-9aef-245b2f16ad17:192.168.30.13:43347], old=null at 0
2019-09-26 11:00:45,976 [9ef131de-2cca-412b-9aef-245b2f16ad17@group-DF8877E13C61-SegmentedRaftLogWorker] INFO  segmented.SegmentedRaftLogWorker (SegmentedRaftLogWorker.java:execute(569)) - 9ef131de-2cca-412b-9aef-245b2f16ad17@group-DF8877E13C61-SegmentedRaftLogWorker: created new log segment /workdir/hadoop-ozone/tools/target/test-dir/MiniOzoneClusterImpl-86256be1-a8a6-428e-b2d3-bd155870efd4/datanode-2/data/ratis/e048d8aa-85d9-4ab2-bd65-df8877e13c61/current/log_inprogress_0
2019-09-26 11:00:45,976 [c2a282d4-c040-416d-9ee6-85fb672e92c4@group-0E6F51461994:LeaderElection25] INFO  impl.LeaderElection (LeaderElection.java:askForVotes(182)) - c2a282d4-c040-416d-9ee6-85fb672e92c4@group-0E6F51461994:LeaderElection25: begin an election at term 1 for -1: [c2a282d4-c040-416d-9ee6-85fb672e92c4:192.168.30.13:41516], old=null
2019-09-26 11:00:45,977 [c2a282d4-c040-416d-9ee6-85fb672e92c4@group-0E6F51461994:LeaderElection25] INFO  impl.RoleInfo (RoleInfo.java:shutdownLeaderElection(134)) - c2a282d4-c040-416d-9ee6-85fb672e92c4: shutdown LeaderElection
2019-09-26 11:00:45,977 [c2a282d4-c040-416d-9ee6-85fb672e92c4@group-0E6F51461994:LeaderElection25] INFO  impl.RaftServerImpl (RaftServerImpl.java:setRole(174)) - c2a282d4-c040-416d-9ee6-85fb672e92c4@group-0E6F51461994: changes role from CANDIDATE to LEADER at term 1 for changeToLeader
2019-09-26 11:00:45,977 [c2a282d4-c040-416d-9ee6-85fb672e92c4@group-0E6F51461994:LeaderElection25] INFO  impl.RaftServerImpl (ServerState.java:setLeader(253)) - c2a282d4-c040-416d-9ee6-85fb672e92c4@group-0E6F51461994: change Leader from null to c2a282d4-c040-416d-9ee6-85fb672e92c4 at term 1 for becomeLeader, leader elected after 5212ms
2019-09-26 11:00:45,977 [c2a282d4-c040-416d-9ee6-85fb672e92c4@group-0E6F51461994:LeaderElection25] INFO  server.RaftServerConfigKeys (ConfUtils.java:logGet(43)) - raft.server.staging.catchup.gap = 1000 (default)
2019-09-26 11:00:45,977 [c2a282d4-c040-416d-9ee6-85fb672e92c4@group-0E6F51461994:LeaderElection25] INFO  server.RaftServerConfigKeys (ConfUtils.java:logGet(43)) - raft.server.rpc.sleep.time = 25ms (default)
2019-09-26 11:00:45,978 [c2a282d4-c040-416d-9ee6-85fb672e92c4@group-0E6F51461994:LeaderElection25] INFO  server.RaftServerConfigKeys (ConfUtils.java:logGet(43)) - raft.server.write.element-limit = 4096 (default)
2019-09-26 11:00:45,978 [c2a282d4-c040-416d-9ee6-85fb672e92c4@group-0E6F51461994:LeaderElection25] INFO  server.RaftServerConfigKeys (ConfUtils.java:logGet(43)) - raft.server.watch.timeout = 10s (default)
2019-09-26 11:00:45,978 [c2a282d4-c040-416d-9ee6-85fb672e92c4@group-0E6F51461994:LeaderElection25] INFO  server.RaftServerConfigKeys (ConfUtils.java:logGet(43)) - raft.server.watch.timeout.denomination = 1s (default)
2019-09-26 11:00:45,978 [c2a282d4-c040-416d-9ee6-85fb672e92c4@group-0E6F51461994:LeaderElection25] INFO  server.RaftServerConfigKeys (ConfUtils.java:logGet(43)) - raft.server.watch.element-limit = 65536 (default)
2019-09-26 11:00:45,981 [c2a282d4-c040-416d-9ee6-85fb672e92c4@group-0E6F51461994:LeaderElection25] INFO  impl.RoleInfo (RoleInfo.java:updateAndGet(143)) - c2a282d4-c040-416d-9ee6-85fb672e92c4: start LeaderState
2019-09-26 11:00:45,982 [c2a282d4-c040-416d-9ee6-85fb672e92c4@group-0E6F51461994:LeaderElection25] INFO  segmented.SegmentedRaftLogWorker (SegmentedRaftLogWorker.java:startLogSegment(380)) - c2a282d4-c040-416d-9ee6-85fb672e92c4@group-0E6F51461994-SegmentedRaftLogWorker: Starting segment from index:0
2019-09-26 11:00:45,982 [c2a282d4-c040-416d-9ee6-85fb672e92c4@group-0E6F51461994:LeaderElection25] INFO  impl.RaftServerImpl (ServerState.java:setRaftConf(354)) - c2a282d4-c040-416d-9ee6-85fb672e92c4@group-0E6F51461994: set configuration 0: [c2a282d4-c040-416d-9ee6-85fb672e92c4:192.168.30.13:41516], old=null at 0
2019-09-26 11:00:46,022 [9ef131de-2cca-412b-9aef-245b2f16ad17@group-835A2D9F3A10-SegmentedRaftLogWorker] INFO  segmented.SegmentedRaftLogWorker (SegmentedRaftLogWorker.java:execute(569)) - 9ef131de-2cca-412b-9aef-245b2f16ad17@group-835A2D9F3A10-SegmentedRaftLogWorker: created new log segment /workdir/hadoop-ozone/tools/target/test-dir/MiniOzoneClusterImpl-86256be1-a8a6-428e-b2d3-bd155870efd4/datanode-2/data/ratis/e6e94a2f-892e-491d-9cc0-835a2d9f3a10/current/log_inprogress_0
2019-09-26 11:00:46,034 [c2a282d4-c040-416d-9ee6-85fb672e92c4@group-0E6F51461994-SegmentedRaftLogWorker] INFO  segmented.SegmentedRaftLogWorker (SegmentedRaftLogWorker.java:execute(569)) - c2a282d4-c040-416d-9ee6-85fb672e92c4@group-0E6F51461994-SegmentedRaftLogWorker: created new log segment /workdir/hadoop-ozone/tools/target/test-dir/MiniOzoneClusterImpl-86256be1-a8a6-428e-b2d3-bd155870efd4/datanode-1/data/ratis/01ccecf8-b5eb-44e4-8e9d-0e6f51461994/current/log_inprogress_0
2019-09-26 11:00:46,136 [Thread-291] INFO  impl.FollowerState (FollowerState.java:run(106)) - 0847ba72-fdd2-48af-a9ba-81785ca9ed12:group-D7807B3B9F39 changes to CANDIDATE, lastRpcTime:5112, electionTimeout:5112ms
2019-09-26 11:00:46,136 [Thread-291] INFO  impl.RoleInfo (RoleInfo.java:shutdownFollowerState(121)) - 0847ba72-fdd2-48af-a9ba-81785ca9ed12: shutdown FollowerState
2019-09-26 11:00:46,137 [Thread-291] INFO  impl.RaftServerImpl (RaftServerImpl.java:setRole(174)) - 0847ba72-fdd2-48af-a9ba-81785ca9ed12@group-D7807B3B9F39: changes role from  FOLLOWER to CANDIDATE at term 0 for changeToCandidate
2019-09-26 11:00:46,137 [Thread-291] INFO  impl.RoleInfo (RoleInfo.java:updateAndGet(143)) - 0847ba72-fdd2-48af-a9ba-81785ca9ed12: start LeaderElection
2019-09-26 11:00:46,155 [0847ba72-fdd2-48af-a9ba-81785ca9ed12@group-D7807B3B9F39:LeaderElection26] INFO  impl.LeaderElection (LeaderElection.java:askForVotes(182)) - 0847ba72-fdd2-48af-a9ba-81785ca9ed12@group-D7807B3B9F39:LeaderElection26: begin an election at term 1 for -1: [0847ba72-fdd2-48af-a9ba-81785ca9ed12:192.168.30.13:33635], old=null
2019-09-26 11:00:46,155 [0847ba72-fdd2-48af-a9ba-81785ca9ed12@group-D7807B3B9F39:LeaderElection26] INFO  impl.RoleInfo (RoleInfo.java:shutdownLeaderElection(134)) - 0847ba72-fdd2-48af-a9ba-81785ca9ed12: shutdown LeaderElection
2019-09-26 11:00:46,155 [0847ba72-fdd2-48af-a9ba-81785ca9ed12@group-D7807B3B9F39:LeaderElection26] INFO  impl.RaftServerImpl (RaftServerImpl.java:setRole(174)) - 0847ba72-fdd2-48af-a9ba-81785ca9ed12@group-D7807B3B9F39: changes role from CANDIDATE to LEADER at term 1 for changeToLeader
2019-09-26 11:00:46,155 [0847ba72-fdd2-48af-a9ba-81785ca9ed12@group-D7807B3B9F39:LeaderElection26] INFO  impl.RaftServerImpl (ServerState.java:setLeader(253)) - 0847ba72-fdd2-48af-a9ba-81785ca9ed12@group-D7807B3B9F39: change Leader from null to 0847ba72-fdd2-48af-a9ba-81785ca9ed12 at term 1 for becomeLeader, leader elected after 5298ms
2019-09-26 11:00:46,156 [0847ba72-fdd2-48af-a9ba-81785ca9ed12@group-D7807B3B9F39:LeaderElection26] INFO  server.RaftServerConfigKeys (ConfUtils.java:logGet(43)) - raft.server.staging.catchup.gap = 1000 (default)
2019-09-26 11:00:46,156 [0847ba72-fdd2-48af-a9ba-81785ca9ed12@group-D7807B3B9F39:LeaderElection26] INFO  server.RaftServerConfigKeys (ConfUtils.java:logGet(43)) - raft.server.rpc.sleep.time = 25ms (default)
2019-09-26 11:00:46,156 [0847ba72-fdd2-48af-a9ba-81785ca9ed12@group-D7807B3B9F39:LeaderElection26] INFO  server.RaftServerConfigKeys (ConfUtils.java:logGet(43)) - raft.server.write.element-limit = 4096 (default)
2019-09-26 11:00:46,156 [0847ba72-fdd2-48af-a9ba-81785ca9ed12@group-D7807B3B9F39:LeaderElection26] INFO  server.RaftServerConfigKeys (ConfUtils.java:logGet(43)) - raft.server.watch.timeout = 10s (default)
2019-09-26 11:00:46,157 [0847ba72-fdd2-48af-a9ba-81785ca9ed12@group-D7807B3B9F39:LeaderElection26] INFO  server.RaftServerConfigKeys (ConfUtils.java:logGet(43)) - raft.server.watch.timeout.denomination = 1s (default)
2019-09-26 11:00:46,157 [0847ba72-fdd2-48af-a9ba-81785ca9ed12@group-D7807B3B9F39:LeaderElection26] INFO  server.RaftServerConfigKeys (ConfUtils.java:logGet(43)) - raft.server.watch.element-limit = 65536 (default)
2019-09-26 11:00:46,161 [0847ba72-fdd2-48af-a9ba-81785ca9ed12@group-D7807B3B9F39:LeaderElection26] INFO  impl.RoleInfo (RoleInfo.java:updateAndGet(143)) - 0847ba72-fdd2-48af-a9ba-81785ca9ed12: start LeaderState
2019-09-26 11:00:46,161 [0847ba72-fdd2-48af-a9ba-81785ca9ed12@group-D7807B3B9F39:LeaderElection26] INFO  segmented.SegmentedRaftLogWorker (SegmentedRaftLogWorker.java:startLogSegment(380)) - 0847ba72-fdd2-48af-a9ba-81785ca9ed12@group-D7807B3B9F39-SegmentedRaftLogWorker: Starting segment from index:0
2019-09-26 11:00:46,162 [0847ba72-fdd2-48af-a9ba-81785ca9ed12@group-D7807B3B9F39:LeaderElection26] INFO  impl.RaftServerImpl (ServerState.java:setRaftConf(354)) - 0847ba72-fdd2-48af-a9ba-81785ca9ed12@group-D7807B3B9F39: set configuration 0: [0847ba72-fdd2-48af-a9ba-81785ca9ed12:192.168.30.13:33635], old=null at 0
2019-09-26 11:00:46,199 [Thread-294] INFO  impl.FollowerState (FollowerState.java:run(106)) - bfc6808e-e12b-4ff8-8ebc-28d07afe8d0b:group-2475F625C20A changes to CANDIDATE, lastRpcTime:5124, electionTimeout:5117ms
2019-09-26 11:00:46,199 [Thread-297] INFO  impl.FollowerState (FollowerState.java:run(106)) - 9ef131de-2cca-412b-9aef-245b2f16ad17:group-E702C3376B43 changes to CANDIDATE, lastRpcTime:5070, electionTimeout:5052ms
2019-09-26 11:00:46,200 [Thread-294] INFO  impl.RoleInfo (RoleInfo.java:shutdownFollowerState(121)) - bfc6808e-e12b-4ff8-8ebc-28d07afe8d0b: shutdown FollowerState
2019-09-26 11:00:46,200 [Thread-297] INFO  impl.RoleInfo (RoleInfo.java:shutdownFollowerState(121)) - 9ef131de-2cca-412b-9aef-245b2f16ad17: shutdown FollowerState
2019-09-26 11:00:46,200 [Thread-294] INFO  impl.RaftServerImpl (RaftServerImpl.java:setRole(174)) - bfc6808e-e12b-4ff8-8ebc-28d07afe8d0b@group-2475F625C20A: changes role from  FOLLOWER to CANDIDATE at term 0 for changeToCandidate
2019-09-26 11:00:46,200 [Thread-297] INFO  impl.RaftServerImpl (RaftServerImpl.java:setRole(174)) - 9ef131de-2cca-412b-9aef-245b2f16ad17@group-E702C3376B43: changes role from  FOLLOWER to CANDIDATE at term 0 for changeToCandidate
2019-09-26 11:00:46,200 [Thread-294] INFO  impl.RoleInfo (RoleInfo.java:updateAndGet(143)) - bfc6808e-e12b-4ff8-8ebc-28d07afe8d0b: start LeaderElection
2019-09-26 11:00:46,200 [Thread-297] INFO  impl.RoleInfo (RoleInfo.java:updateAndGet(143)) - 9ef131de-2cca-412b-9aef-245b2f16ad17: start LeaderElection
2019-09-26 11:00:46,211 [Thread-300] INFO  impl.FollowerState (FollowerState.java:run(106)) - bfc6808e-e12b-4ff8-8ebc-28d07afe8d0b:group-951D4893690C changes to CANDIDATE, lastRpcTime:5028, electionTimeout:5028ms
2019-09-26 11:00:46,211 [Thread-300] INFO  impl.RoleInfo (RoleInfo.java:shutdownFollowerState(121)) - bfc6808e-e12b-4ff8-8ebc-28d07afe8d0b: shutdown FollowerState
2019-09-26 11:00:46,212 [Thread-300] INFO  impl.RaftServerImpl (RaftServerImpl.java:setRole(174)) - bfc6808e-e12b-4ff8-8ebc-28d07afe8d0b@group-951D4893690C: changes role from  FOLLOWER to CANDIDATE at term 0 for changeToCandidate
2019-09-26 11:00:46,212 [Thread-300] INFO  impl.RoleInfo (RoleInfo.java:updateAndGet(143)) - bfc6808e-e12b-4ff8-8ebc-28d07afe8d0b: start LeaderElection
2019-09-26 11:00:46,214 [0847ba72-fdd2-48af-a9ba-81785ca9ed12@group-D7807B3B9F39-SegmentedRaftLogWorker] INFO  segmented.SegmentedRaftLogWorker (SegmentedRaftLogWorker.java:execute(569)) - 0847ba72-fdd2-48af-a9ba-81785ca9ed12@group-D7807B3B9F39-SegmentedRaftLogWorker: created new log segment /workdir/hadoop-ozone/tools/target/test-dir/MiniOzoneClusterImpl-86256be1-a8a6-428e-b2d3-bd155870efd4/datanode-4/data/ratis/ed986fac-42d7-4a09-9429-d7807b3b9f39/current/log_inprogress_0
2019-09-26 11:00:46,214 [bfc6808e-e12b-4ff8-8ebc-28d07afe8d0b@group-2475F625C20A:LeaderElection27] INFO  impl.LeaderElection (LeaderElection.java:askForVotes(182)) - bfc6808e-e12b-4ff8-8ebc-28d07afe8d0b@group-2475F625C20A:LeaderElection27: begin an election at term 1 for -1: [bfc6808e-e12b-4ff8-8ebc-28d07afe8d0b:192.168.30.13:46368], old=null
2019-09-26 11:00:46,214 [9ef131de-2cca-412b-9aef-245b2f16ad17@group-E702C3376B43:LeaderElection28] INFO  impl.LeaderElection (LeaderElection.java:askForVotes(182)) - 9ef131de-2cca-412b-9aef-245b2f16ad17@group-E702C3376B43:LeaderElection28: begin an election at term 1 for -1: [9ef131de-2cca-412b-9aef-245b2f16ad17:192.168.30.13:43347], old=null
2019-09-26 11:00:46,215 [bfc6808e-e12b-4ff8-8ebc-28d07afe8d0b@group-2475F625C20A:LeaderElection27] INFO  impl.RoleInfo (RoleInfo.java:shutdownLeaderElection(134)) - bfc6808e-e12b-4ff8-8ebc-28d07afe8d0b: shutdown LeaderElection
2019-09-26 11:00:46,215 [9ef131de-2cca-412b-9aef-245b2f16ad17@group-E702C3376B43:LeaderElection28] INFO  impl.RoleInfo (RoleInfo.java:shutdownLeaderElection(134)) - 9ef131de-2cca-412b-9aef-245b2f16ad17: shutdown LeaderElection
2019-09-26 11:00:46,215 [bfc6808e-e12b-4ff8-8ebc-28d07afe8d0b@group-2475F625C20A:LeaderElection27] INFO  impl.RaftServerImpl (RaftServerImpl.java:setRole(174)) - bfc6808e-e12b-4ff8-8ebc-28d07afe8d0b@group-2475F625C20A: changes role from CANDIDATE to LEADER at term 1 for changeToLeader
2019-09-26 11:00:46,215 [9ef131de-2cca-412b-9aef-245b2f16ad17@group-E702C3376B43:LeaderElection28] INFO  impl.RaftServerImpl (RaftServerImpl.java:setRole(174)) - 9ef131de-2cca-412b-9aef-245b2f16ad17@group-E702C3376B43: changes role from CANDIDATE to LEADER at term 1 for changeToLeader
2019-09-26 11:00:46,215 [bfc6808e-e12b-4ff8-8ebc-28d07afe8d0b@group-2475F625C20A:LeaderElection27] INFO  impl.RaftServerImpl (ServerState.java:setLeader(253)) - bfc6808e-e12b-4ff8-8ebc-28d07afe8d0b@group-2475F625C20A: change Leader from null to bfc6808e-e12b-4ff8-8ebc-28d07afe8d0b at term 1 for becomeLeader, leader elected after 5147ms
2019-09-26 11:00:46,215 [9ef131de-2cca-412b-9aef-245b2f16ad17@group-E702C3376B43:LeaderElection28] INFO  impl.RaftServerImpl (ServerState.java:setLeader(253)) - 9ef131de-2cca-412b-9aef-245b2f16ad17@group-E702C3376B43: change Leader from null to 9ef131de-2cca-412b-9aef-245b2f16ad17 at term 1 for becomeLeader, leader elected after 5092ms
2019-09-26 11:00:46,215 [bfc6808e-e12b-4ff8-8ebc-28d07afe8d0b@group-2475F625C20A:LeaderElection27] INFO  server.RaftServerConfigKeys (ConfUtils.java:logGet(43)) - raft.server.staging.catchup.gap = 1000 (default)
2019-09-26 11:00:46,216 [9ef131de-2cca-412b-9aef-245b2f16ad17@group-E702C3376B43:LeaderElection28] INFO  server.RaftServerConfigKeys (ConfUtils.java:logGet(43)) - raft.server.staging.catchup.gap = 1000 (default)
2019-09-26 11:00:46,216 [bfc6808e-e12b-4ff8-8ebc-28d07afe8d0b@group-2475F625C20A:LeaderElection27] INFO  server.RaftServerConfigKeys (ConfUtils.java:logGet(43)) - raft.server.rpc.sleep.time = 25ms (default)
2019-09-26 11:00:46,216 [9ef131de-2cca-412b-9aef-245b2f16ad17@group-E702C3376B43:LeaderElection28] INFO  server.RaftServerConfigKeys (ConfUtils.java:logGet(43)) - raft.server.rpc.sleep.time = 25ms (default)
2019-09-26 11:00:46,216 [bfc6808e-e12b-4ff8-8ebc-28d07afe8d0b@group-2475F625C20A:LeaderElection27] INFO  server.RaftServerConfigKeys (ConfUtils.java:logGet(43)) - raft.server.write.element-limit = 4096 (default)
2019-09-26 11:00:46,216 [9ef131de-2cca-412b-9aef-245b2f16ad17@group-E702C3376B43:LeaderElection28] INFO  server.RaftServerConfigKeys (ConfUtils.java:logGet(43)) - raft.server.write.element-limit = 4096 (default)
2019-09-26 11:00:46,216 [bfc6808e-e12b-4ff8-8ebc-28d07afe8d0b@group-2475F625C20A:LeaderElection27] INFO  server.RaftServerConfigKeys (ConfUtils.java:logGet(43)) - raft.server.watch.timeout = 10s (default)
2019-09-26 11:00:46,216 [9ef131de-2cca-412b-9aef-245b2f16ad17@group-E702C3376B43:LeaderElection28] INFO  server.RaftServerConfigKeys (ConfUtils.java:logGet(43)) - raft.server.watch.timeout = 10s (default)
2019-09-26 11:00:46,217 [bfc6808e-e12b-4ff8-8ebc-28d07afe8d0b@group-2475F625C20A:LeaderElection27] INFO  server.RaftServerConfigKeys (ConfUtils.java:logGet(43)) - raft.server.watch.timeout.denomination = 1s (default)
2019-09-26 11:00:46,217 [9ef131de-2cca-412b-9aef-245b2f16ad17@group-E702C3376B43:LeaderElection28] INFO  server.RaftServerConfigKeys (ConfUtils.java:logGet(43)) - raft.server.watch.timeout.denomination = 1s (default)
2019-09-26 11:00:46,217 [bfc6808e-e12b-4ff8-8ebc-28d07afe8d0b@group-2475F625C20A:LeaderElection27] INFO  server.RaftServerConfigKeys (ConfUtils.java:logGet(43)) - raft.server.watch.element-limit = 65536 (default)
2019-09-26 11:00:46,217 [9ef131de-2cca-412b-9aef-245b2f16ad17@group-E702C3376B43:LeaderElection28] INFO  server.RaftServerConfigKeys (ConfUtils.java:logGet(43)) - raft.server.watch.element-limit = 65536 (default)
2019-09-26 11:00:46,221 [bfc6808e-e12b-4ff8-8ebc-28d07afe8d0b@group-2475F625C20A:LeaderElection27] INFO  impl.RoleInfo (RoleInfo.java:updateAndGet(143)) - bfc6808e-e12b-4ff8-8ebc-28d07afe8d0b: start LeaderState
2019-09-26 11:00:46,222 [bfc6808e-e12b-4ff8-8ebc-28d07afe8d0b@group-2475F625C20A:LeaderElection27] INFO  segmented.SegmentedRaftLogWorker (SegmentedRaftLogWorker.java:startLogSegment(380)) - bfc6808e-e12b-4ff8-8ebc-28d07afe8d0b@group-2475F625C20A-SegmentedRaftLogWorker: Starting segment from index:0
2019-09-26 11:00:46,222 [bfc6808e-e12b-4ff8-8ebc-28d07afe8d0b@group-2475F625C20A:LeaderElection27] INFO  impl.RaftServerImpl (ServerState.java:setRaftConf(354)) - bfc6808e-e12b-4ff8-8ebc-28d07afe8d0b@group-2475F625C20A: set configuration 0: [bfc6808e-e12b-4ff8-8ebc-28d07afe8d0b:192.168.30.13:46368], old=null at 0
2019-09-26 11:00:46,255 [bfc6808e-e12b-4ff8-8ebc-28d07afe8d0b@group-951D4893690C:LeaderElection29] INFO  impl.LeaderElection (LeaderElection.java:askForVotes(182)) - bfc6808e-e12b-4ff8-8ebc-28d07afe8d0b@group-951D4893690C:LeaderElection29: begin an election at term 1 for -1: [bfc6808e-e12b-4ff8-8ebc-28d07afe8d0b:192.168.30.13:46368], old=null
2019-09-26 11:00:46,255 [9ef131de-2cca-412b-9aef-245b2f16ad17@group-E702C3376B43:LeaderElection28] INFO  impl.RoleInfo (RoleInfo.java:updateAndGet(143)) - 9ef131de-2cca-412b-9aef-245b2f16ad17: start LeaderState
2019-09-26 11:00:46,255 [bfc6808e-e12b-4ff8-8ebc-28d07afe8d0b@group-951D4893690C:LeaderElection29] INFO  impl.RoleInfo (RoleInfo.java:shutdownLeaderElection(134)) - bfc6808e-e12b-4ff8-8ebc-28d07afe8d0b: shutdown LeaderElection
2019-09-26 11:00:46,256 [bfc6808e-e12b-4ff8-8ebc-28d07afe8d0b@group-951D4893690C:LeaderElection29] INFO  impl.RaftServerImpl (RaftServerImpl.java:setRole(174)) - bfc6808e-e12b-4ff8-8ebc-28d07afe8d0b@group-951D4893690C: changes role from CANDIDATE to LEADER at term 1 for changeToLeader
2019-09-26 11:00:46,256 [9ef131de-2cca-412b-9aef-245b2f16ad17@group-E702C3376B43:LeaderElection28] INFO  segmented.SegmentedRaftLogWorker (SegmentedRaftLogWorker.java:startLogSegment(380)) - 9ef131de-2cca-412b-9aef-245b2f16ad17@group-E702C3376B43-SegmentedRaftLogWorker: Starting segment from index:0
2019-09-26 11:00:46,256 [bfc6808e-e12b-4ff8-8ebc-28d07afe8d0b@group-951D4893690C:LeaderElection29] INFO  impl.RaftServerImpl (ServerState.java:setLeader(253)) - bfc6808e-e12b-4ff8-8ebc-28d07afe8d0b@group-951D4893690C: change Leader from null to bfc6808e-e12b-4ff8-8ebc-28d07afe8d0b at term 1 for becomeLeader, leader elected after 5080ms
2019-09-26 11:00:46,256 [bfc6808e-e12b-4ff8-8ebc-28d07afe8d0b@group-951D4893690C:LeaderElection29] INFO  server.RaftServerConfigKeys (ConfUtils.java:logGet(43)) - raft.server.staging.catchup.gap = 1000 (default)
2019-09-26 11:00:46,256 [bfc6808e-e12b-4ff8-8ebc-28d07afe8d0b@group-951D4893690C:LeaderElection29] INFO  server.RaftServerConfigKeys (ConfUtils.java:logGet(43)) - raft.server.rpc.sleep.time = 25ms (default)
2019-09-26 11:00:46,257 [bfc6808e-e12b-4ff8-8ebc-28d07afe8d0b@group-951D4893690C:LeaderElection29] INFO  server.RaftServerConfigKeys (ConfUtils.java:logGet(43)) - raft.server.write.element-limit = 4096 (default)
2019-09-26 11:00:46,257 [9ef131de-2cca-412b-9aef-245b2f16ad17@group-E702C3376B43:LeaderElection28] INFO  impl.RaftServerImpl (ServerState.java:setRaftConf(354)) - 9ef131de-2cca-412b-9aef-245b2f16ad17@group-E702C3376B43: set configuration 0: [9ef131de-2cca-412b-9aef-245b2f16ad17:192.168.30.13:43347], old=null at 0
2019-09-26 11:00:46,257 [bfc6808e-e12b-4ff8-8ebc-28d07afe8d0b@group-951D4893690C:LeaderElection29] INFO  server.RaftServerConfigKeys (ConfUtils.java:logGet(43)) - raft.server.watch.timeout = 10s (default)
2019-09-26 11:00:46,285 [bfc6808e-e12b-4ff8-8ebc-28d07afe8d0b@group-2475F625C20A-SegmentedRaftLogWorker] INFO  segmented.SegmentedRaftLogWorker (SegmentedRaftLogWorker.java:execute(569)) - bfc6808e-e12b-4ff8-8ebc-28d07afe8d0b@group-2475F625C20A-SegmentedRaftLogWorker: created new log segment /workdir/hadoop-ozone/tools/target/test-dir/MiniOzoneClusterImpl-86256be1-a8a6-428e-b2d3-bd155870efd4/datanode-0/data/ratis/2ffa168e-b652-4f1c-ae6e-2475f625c20a/current/log_inprogress_0
2019-09-26 11:00:46,285 [bfc6808e-e12b-4ff8-8ebc-28d07afe8d0b@group-951D4893690C:LeaderElection29] INFO  server.RaftServerConfigKeys (ConfUtils.java:logGet(43)) - raft.server.watch.timeout.denomination = 1s (default)
2019-09-26 11:00:46,285 [bfc6808e-e12b-4ff8-8ebc-28d07afe8d0b@group-951D4893690C:LeaderElection29] INFO  server.RaftServerConfigKeys (ConfUtils.java:logGet(43)) - raft.server.watch.element-limit = 65536 (default)
2019-09-26 11:00:46,288 [bfc6808e-e12b-4ff8-8ebc-28d07afe8d0b@group-951D4893690C:LeaderElection29] INFO  impl.RoleInfo (RoleInfo.java:updateAndGet(143)) - bfc6808e-e12b-4ff8-8ebc-28d07afe8d0b: start LeaderState
2019-09-26 11:00:46,288 [bfc6808e-e12b-4ff8-8ebc-28d07afe8d0b@group-951D4893690C:LeaderElection29] INFO  segmented.SegmentedRaftLogWorker (SegmentedRaftLogWorker.java:startLogSegment(380)) - bfc6808e-e12b-4ff8-8ebc-28d07afe8d0b@group-951D4893690C-SegmentedRaftLogWorker: Starting segment from index:0
2019-09-26 11:00:46,289 [bfc6808e-e12b-4ff8-8ebc-28d07afe8d0b@group-951D4893690C:LeaderElection29] INFO  impl.RaftServerImpl (ServerState.java:setRaftConf(354)) - bfc6808e-e12b-4ff8-8ebc-28d07afe8d0b@group-951D4893690C: set configuration 0: [bfc6808e-e12b-4ff8-8ebc-28d07afe8d0b:192.168.30.13:46368], old=null at 0
2019-09-26 11:00:46,327 [9ef131de-2cca-412b-9aef-245b2f16ad17@group-E702C3376B43-SegmentedRaftLogWorker] INFO  segmented.SegmentedRaftLogWorker (SegmentedRaftLogWorker.java:execute(569)) - 9ef131de-2cca-412b-9aef-245b2f16ad17@group-E702C3376B43-SegmentedRaftLogWorker: created new log segment /workdir/hadoop-ozone/tools/target/test-dir/MiniOzoneClusterImpl-86256be1-a8a6-428e-b2d3-bd155870efd4/datanode-2/data/ratis/f04478c3-0a6d-47b6-b359-e702c3376b43/current/log_inprogress_0
2019-09-26 11:00:46,348 [bfc6808e-e12b-4ff8-8ebc-28d07afe8d0b@group-951D4893690C-SegmentedRaftLogWorker] INFO  segmented.SegmentedRaftLogWorker (SegmentedRaftLogWorker.java:execute(569)) - bfc6808e-e12b-4ff8-8ebc-28d07afe8d0b@group-951D4893690C-SegmentedRaftLogWorker: created new log segment /workdir/hadoop-ozone/tools/target/test-dir/MiniOzoneClusterImpl-86256be1-a8a6-428e-b2d3-bd155870efd4/datanode-0/data/ratis/98de8f21-69a6-4435-b56e-951d4893690c/current/log_inprogress_0
2019-09-26 11:00:46,447 [Thread-303] INFO  impl.FollowerState (FollowerState.java:run(106)) - bfc6808e-e12b-4ff8-8ebc-28d07afe8d0b:group-CF5151716198 changes to CANDIDATE, lastRpcTime:5200, electionTimeout:5200ms
2019-09-26 11:00:46,448 [Thread-303] INFO  impl.RoleInfo (RoleInfo.java:shutdownFollowerState(121)) - bfc6808e-e12b-4ff8-8ebc-28d07afe8d0b: shutdown FollowerState
2019-09-26 11:00:46,448 [Thread-303] INFO  impl.RaftServerImpl (RaftServerImpl.java:setRole(174)) - bfc6808e-e12b-4ff8-8ebc-28d07afe8d0b@group-CF5151716198: changes role from  FOLLOWER to CANDIDATE at term 0 for changeToCandidate
2019-09-26 11:00:46,448 [Thread-303] INFO  impl.RoleInfo (RoleInfo.java:updateAndGet(143)) - bfc6808e-e12b-4ff8-8ebc-28d07afe8d0b: start LeaderElection
2019-09-26 11:00:46,465 [bfc6808e-e12b-4ff8-8ebc-28d07afe8d0b@group-CF5151716198:LeaderElection30] INFO  impl.LeaderElection (LeaderElection.java:askForVotes(182)) - bfc6808e-e12b-4ff8-8ebc-28d07afe8d0b@group-CF5151716198:LeaderElection30: begin an election at term 1 for -1: [bfc6808e-e12b-4ff8-8ebc-28d07afe8d0b:192.168.30.13:46368], old=null
2019-09-26 11:00:46,465 [bfc6808e-e12b-4ff8-8ebc-28d07afe8d0b@group-CF5151716198:LeaderElection30] INFO  impl.RoleInfo (RoleInfo.java:shutdownLeaderElection(134)) - bfc6808e-e12b-4ff8-8ebc-28d07afe8d0b: shutdown LeaderElection
2019-09-26 11:00:46,465 [bfc6808e-e12b-4ff8-8ebc-28d07afe8d0b@group-CF5151716198:LeaderElection30] INFO  impl.RaftServerImpl (RaftServerImpl.java:setRole(174)) - bfc6808e-e12b-4ff8-8ebc-28d07afe8d0b@group-CF5151716198: changes role from CANDIDATE to LEADER at term 1 for changeToLeader
2019-09-26 11:00:46,466 [bfc6808e-e12b-4ff8-8ebc-28d07afe8d0b@group-CF5151716198:LeaderElection30] INFO  impl.RaftServerImpl (ServerState.java:setLeader(253)) - bfc6808e-e12b-4ff8-8ebc-28d07afe8d0b@group-CF5151716198: change Leader from null to bfc6808e-e12b-4ff8-8ebc-28d07afe8d0b at term 1 for becomeLeader, leader elected after 5234ms
2019-09-26 11:00:46,466 [bfc6808e-e12b-4ff8-8ebc-28d07afe8d0b@group-CF5151716198:LeaderElection30] INFO  server.RaftServerConfigKeys (ConfUtils.java:logGet(43)) - raft.server.staging.catchup.gap = 1000 (default)
2019-09-26 11:00:46,466 [bfc6808e-e12b-4ff8-8ebc-28d07afe8d0b@group-CF5151716198:LeaderElection30] INFO  server.RaftServerConfigKeys (ConfUtils.java:logGet(43)) - raft.server.rpc.sleep.time = 25ms (default)
2019-09-26 11:00:46,466 [bfc6808e-e12b-4ff8-8ebc-28d07afe8d0b@group-CF5151716198:LeaderElection30] INFO  server.RaftServerConfigKeys (ConfUtils.java:logGet(43)) - raft.server.write.element-limit = 4096 (default)
2019-09-26 11:00:46,466 [bfc6808e-e12b-4ff8-8ebc-28d07afe8d0b@group-CF5151716198:LeaderElection30] INFO  server.RaftServerConfigKeys (ConfUtils.java:logGet(43)) - raft.server.watch.timeout = 10s (default)
2019-09-26 11:00:46,467 [bfc6808e-e12b-4ff8-8ebc-28d07afe8d0b@group-CF5151716198:LeaderElection30] INFO  server.RaftServerConfigKeys (ConfUtils.java:logGet(43)) - raft.server.watch.timeout.denomination = 1s (default)
2019-09-26 11:00:46,467 [bfc6808e-e12b-4ff8-8ebc-28d07afe8d0b@group-CF5151716198:LeaderElection30] INFO  server.RaftServerConfigKeys (ConfUtils.java:logGet(43)) - raft.server.watch.element-limit = 65536 (default)
2019-09-26 11:00:46,471 [bfc6808e-e12b-4ff8-8ebc-28d07afe8d0b@group-CF5151716198:LeaderElection30] INFO  impl.RoleInfo (RoleInfo.java:updateAndGet(143)) - bfc6808e-e12b-4ff8-8ebc-28d07afe8d0b: start LeaderState
2019-09-26 11:00:46,471 [bfc6808e-e12b-4ff8-8ebc-28d07afe8d0b@group-CF5151716198:LeaderElection30] INFO  segmented.SegmentedRaftLogWorker (SegmentedRaftLogWorker.java:startLogSegment(380)) - bfc6808e-e12b-4ff8-8ebc-28d07afe8d0b@group-CF5151716198-SegmentedRaftLogWorker: Starting segment from index:0
2019-09-26 11:00:46,472 [bfc6808e-e12b-4ff8-8ebc-28d07afe8d0b@group-CF5151716198:LeaderElection30] INFO  impl.RaftServerImpl (ServerState.java:setRaftConf(354)) - bfc6808e-e12b-4ff8-8ebc-28d07afe8d0b@group-CF5151716198: set configuration 0: [bfc6808e-e12b-4ff8-8ebc-28d07afe8d0b:192.168.30.13:46368], old=null at 0
2019-09-26 11:00:46,526 [bfc6808e-e12b-4ff8-8ebc-28d07afe8d0b@group-CF5151716198-SegmentedRaftLogWorker] INFO  segmented.SegmentedRaftLogWorker (SegmentedRaftLogWorker.java:execute(569)) - bfc6808e-e12b-4ff8-8ebc-28d07afe8d0b@group-CF5151716198-SegmentedRaftLogWorker: created new log segment /workdir/hadoop-ozone/tools/target/test-dir/MiniOzoneClusterImpl-86256be1-a8a6-428e-b2d3-bd155870efd4/datanode-0/data/ratis/960c1155-a215-4687-9456-cf5151716198/current/log_inprogress_0
 0.00% |█                                                                                                    |  0/1 Time: 0:00:01 0.00% |█                                                                                                    |  0/1 Time: 0:00:02 0.00% |█                                                                                                    |  0/1 Time: 0:00:03 0.00% |█                                                                                                    |  0/1 Time: 0:00:04 100.00% |█████████████████████████████████████████████████████████████████████████████████████████████████████|  1/1 Time: 0:00:05
]]></system-out>
  </testcase>
</testsuite>