<?xml version="1.0" encoding="UTF-8"?>
<testsuite xmlns:xsi="http://www.w3.org/2001/XMLSchema-instance" xsi:noNamespaceSchemaLocation="https://maven.apache.org/surefire/maven-surefire-plugin/xsd/surefire-test-report.xsd" name="org.apache.hadoop.ozone.freon.TestDataValidateWithUnsafeByteOperations" time="57.034" tests="3" errors="3" skipped="0" failures="0">
  <properties>
    <property name="awt.toolkit" value="sun.awt.X11.XToolkit"/>
    <property name="file.encoding.pkg" value="sun.io"/>
    <property name="java.specification.version" value="1.8"/>
    <property name="sun.cpu.isalist" value=""/>
    <property name="sun.jnu.encoding" value="UTF-8"/>
    <property name="java.class.path" value="/workdir/hadoop-ozone/tools/target/test-classes:/workdir/hadoop-ozone/tools/target/classes:/home/user/.m2/repository/org/apache/hadoop/hadoop-ozone-ozone-manager/0.5.0-SNAPSHOT/hadoop-ozone-ozone-manager-0.5.0-SNAPSHOT.jar:/home/user/.m2/repository/org/apache/hadoop/hadoop-hdds-docs/0.5.0-SNAPSHOT/hadoop-hdds-docs-0.5.0-SNAPSHOT.jar:/home/user/.m2/repository/org/bouncycastle/bcprov-jdk15on/1.60/bcprov-jdk15on-1.60.jar:/home/user/.m2/repository/org/apache/hadoop/hadoop-ozone-common/0.5.0-SNAPSHOT/hadoop-ozone-common-0.5.0-SNAPSHOT.jar:/home/user/.m2/repository/org/apache/commons/commons-compress/1.4.1/commons-compress-1.4.1.jar:/home/user/.m2/repository/org/tukaani/xz/1.0/xz-1.0.jar:/home/user/.m2/repository/org/apache/hadoop/hadoop-hdfs-client/3.2.0/hadoop-hdfs-client-3.2.0.jar:/home/user/.m2/repository/com/fasterxml/jackson/core/jackson-annotations/2.9.9/jackson-annotations-2.9.9.jar:/home/user/.m2/repository/org/apache/hadoop/hadoop-hdds-common/0.5.0-SNAPSHOT/hadoop-hdds-common-0.5.0-SNAPSHOT.jar:/home/user/.m2/repository/org/apache/hadoop/hadoop-hdds-config/0.5.0-SNAPSHOT/hadoop-hdds-config-0.5.0-SNAPSHOT.jar:/home/user/.m2/repository/javax/annotation/javax.annotation-api/1.2/javax.annotation-api-1.2.jar:/home/user/.m2/repository/org/apache/ratis/ratis-server/0.4.0/ratis-server-0.4.0.jar:/home/user/.m2/repository/org/apache/ratis/ratis-thirdparty-misc/0.2.0/ratis-thirdparty-misc-0.2.0.jar:/home/user/.m2/repository/org/apache/ratis/ratis-proto/0.4.0/ratis-proto-0.4.0.jar:/home/user/.m2/repository/org/apache/ratis/ratis-common/0.4.0/ratis-common-0.4.0.jar:/home/user/.m2/repository/org/apache/ratis/ratis-client/0.4.0/ratis-client-0.4.0.jar:/home/user/.m2/repository/org/apache/ratis/ratis-metrics/0.4.0/ratis-metrics-0.4.0.jar:/home/user/.m2/repository/com/github/joshelser/dropwizard-metrics-hadoop-metrics2-reporter/0.1.2/dropwizard-metrics-hadoop-metrics2-reporter-0.1.2.jar:/home/user/.m2/repository/io/dropwizard/metrics/metrics-jvm/3.2.5/metrics-jvm-3.2.5.jar:/home/user/.m2/repository/io/dropwizard/metrics/metrics-ganglia/3.2.5/metrics-ganglia-3.2.5.jar:/home/user/.m2/repository/info/ganglia/gmetric4j/gmetric4j/1.0.7/gmetric4j-1.0.7.jar:/home/user/.m2/repository/org/apache/ratis/ratis-netty/0.4.0/ratis-netty-0.4.0.jar:/home/user/.m2/repository/org/apache/ratis/ratis-grpc/0.4.0/ratis-grpc-0.4.0.jar:/home/user/.m2/repository/org/rocksdb/rocksdbjni/6.0.1/rocksdbjni-6.0.1.jar:/home/user/.m2/repository/org/apache/logging/log4j/log4j-api/2.11.0/log4j-api-2.11.0.jar:/home/user/.m2/repository/org/apache/logging/log4j/log4j-core/2.11.0/log4j-core-2.11.0.jar:/home/user/.m2/repository/com/lmax/disruptor/3.4.2/disruptor-3.4.2.jar:/home/user/.m2/repository/org/apache/commons/commons-pool2/2.6.0/commons-pool2-2.6.0.jar:/home/user/.m2/repository/org/bouncycastle/bcpkix-jdk15on/1.60/bcpkix-jdk15on-1.60.jar:/home/user/.m2/repository/commons-validator/commons-validator/1.6/commons-validator-1.6.jar:/home/user/.m2/repository/commons-digester/commons-digester/1.8.1/commons-digester-1.8.1.jar:/home/user/.m2/repository/io/jaegertracing/jaeger-client/0.34.0/jaeger-client-0.34.0.jar:/home/user/.m2/repository/io/jaegertracing/jaeger-thrift/0.34.0/jaeger-thrift-0.34.0.jar:/home/user/.m2/repository/org/apache/thrift/libthrift/0.12.0/libthrift-0.12.0.jar:/home/user/.m2/repository/com/squareup/okhttp3/okhttp/3.9.0/okhttp-3.9.0.jar:/home/user/.m2/repository/com/squareup/okio/okio/1.13.0/okio-1.13.0.jar:/home/user/.m2/repository/io/jaegertracing/jaeger-core/0.34.0/jaeger-core-0.34.0.jar:/home/user/.m2/repository/io/jaegertracing/jaeger-tracerresolver/0.34.0/jaeger-tracerresolver-0.34.0.jar:/home/user/.m2/repository/io/opentracing/contrib/opentracing-tracerresolver/0.1.5/opentracing-tracerresolver-0.1.5.jar:/home/user/.m2/repository/io/opentracing/opentracing-util/0.31.0/opentracing-util-0.31.0.jar:/home/user/.m2/repository/io/opentracing/opentracing-api/0.31.0/opentracing-api-0.31.0.jar:/home/user/.m2/repository/io/opentracing/opentracing-noop/0.31.0/opentracing-noop-0.31.0.jar:/home/user/.m2/repository/org/yaml/snakeyaml/1.16/snakeyaml-1.16.jar:/home/user/.m2/repository/org/apache/hadoop/hadoop-hdds-container-service/0.5.0-SNAPSHOT/hadoop-hdds-container-service-0.5.0-SNAPSHOT.jar:/home/user/.m2/repository/org/apache/hadoop/hadoop-hdds-client/0.5.0-SNAPSHOT/hadoop-hdds-client-0.5.0-SNAPSHOT.jar:/home/user/.m2/repository/org/apache/hadoop/hadoop-hdds-tools/0.5.0-SNAPSHOT/hadoop-hdds-tools-0.5.0-SNAPSHOT.jar:/home/user/.m2/repository/org/xerial/sqlite-jdbc/3.25.2/sqlite-jdbc-3.25.2.jar:/home/user/.m2/repository/org/apache/hadoop/hadoop-hdds-server-scm/0.5.0-SNAPSHOT/hadoop-hdds-server-scm-0.5.0-SNAPSHOT.jar:/home/user/.m2/repository/org/hamcrest/hamcrest-all/1.3/hamcrest-all-1.3.jar:/home/user/.m2/repository/info/picocli/picocli/3.9.6/picocli-3.9.6.jar:/home/user/.m2/repository/com/google/protobuf/protobuf-java/2.5.0/protobuf-java-2.5.0.jar:/home/user/.m2/repository/com/google/guava/guava/11.0.2/guava-11.0.2.jar:/home/user/.m2/repository/org/apache/hadoop/hadoop-ozone-client/0.5.0-SNAPSHOT/hadoop-ozone-client-0.5.0-SNAPSHOT.jar:/workdir/hadoop-ozone/ozonefs/target/classes:/home/user/.m2/repository/org/apache/hadoop/hadoop-hdds-server-framework/0.5.0-SNAPSHOT/hadoop-hdds-server-framework-0.5.0-SNAPSHOT.jar:/home/user/.m2/repository/org/apache/hadoop/hadoop-common/3.2.0/hadoop-common-3.2.0.jar:/home/user/.m2/repository/org/apache/hadoop/hadoop-annotations/3.2.0/hadoop-annotations-3.2.0.jar:/usr/lib/jvm/java-1.8-openjdk/jre/../lib/tools.jar:/home/user/.m2/repository/commons-cli/commons-cli/1.2/commons-cli-1.2.jar:/home/user/.m2/repository/org/apache/commons/commons-math3/3.1.1/commons-math3-3.1.1.jar:/home/user/.m2/repository/org/apache/httpcomponents/httpclient/4.5.2/httpclient-4.5.2.jar:/home/user/.m2/repository/org/apache/httpcomponents/httpcore/4.4.4/httpcore-4.4.4.jar:/home/user/.m2/repository/commons-codec/commons-codec/1.11/commons-codec-1.11.jar:/home/user/.m2/repository/commons-io/commons-io/2.5/commons-io-2.5.jar:/home/user/.m2/repository/commons-net/commons-net/3.6/commons-net-3.6.jar:/home/user/.m2/repository/commons-collections/commons-collections/3.2.2/commons-collections-3.2.2.jar:/home/user/.m2/repository/javax/servlet/javax.servlet-api/3.1.0/javax.servlet-api-3.1.0.jar:/home/user/.m2/repository/org/eclipse/jetty/jetty-server/9.3.25.v20180904/jetty-server-9.3.25.v20180904.jar:/home/user/.m2/repository/org/eclipse/jetty/jetty-http/9.3.25.v20180904/jetty-http-9.3.25.v20180904.jar:/home/user/.m2/repository/org/eclipse/jetty/jetty-io/9.3.25.v20180904/jetty-io-9.3.25.v20180904.jar:/home/user/.m2/repository/org/eclipse/jetty/jetty-util/9.3.25.v20180904/jetty-util-9.3.25.v20180904.jar:/home/user/.m2/repository/org/eclipse/jetty/jetty-servlet/9.3.25.v20180904/jetty-servlet-9.3.25.v20180904.jar:/home/user/.m2/repository/org/eclipse/jetty/jetty-security/9.3.25.v20180904/jetty-security-9.3.25.v20180904.jar:/home/user/.m2/repository/org/eclipse/jetty/jetty-webapp/9.3.25.v20180904/jetty-webapp-9.3.25.v20180904.jar:/home/user/.m2/repository/org/eclipse/jetty/jetty-xml/9.3.25.v20180904/jetty-xml-9.3.25.v20180904.jar:/home/user/.m2/repository/javax/servlet/jsp/jsp-api/2.1/jsp-api-2.1.jar:/home/user/.m2/repository/com/sun/jersey/jersey-core/1.19/jersey-core-1.19.jar:/home/user/.m2/repository/javax/ws/rs/jsr311-api/1.1.1/jsr311-api-1.1.1.jar:/home/user/.m2/repository/com/sun/jersey/jersey-servlet/1.19/jersey-servlet-1.19.jar:/home/user/.m2/repository/com/sun/jersey/jersey-json/1.19/jersey-json-1.19.jar:/home/user/.m2/repository/org/codehaus/jettison/jettison/1.1/jettison-1.1.jar:/home/user/.m2/repository/com/sun/xml/bind/jaxb-impl/2.3.0.1/jaxb-impl-2.3.0.1.jar:/home/user/.m2/repository/org/codehaus/jackson/jackson-core-asl/1.9.13/jackson-core-asl-1.9.13.jar:/home/user/.m2/repository/org/codehaus/jackson/jackson-mapper-asl/1.9.13/jackson-mapper-asl-1.9.13.jar:/home/user/.m2/repository/org/codehaus/jackson/jackson-jaxrs/1.9.13/jackson-jaxrs-1.9.13.jar:/home/user/.m2/repository/org/codehaus/jackson/jackson-xc/1.9.13/jackson-xc-1.9.13.jar:/home/user/.m2/repository/com/sun/jersey/jersey-server/1.19/jersey-server-1.19.jar:/home/user/.m2/repository/commons-logging/commons-logging/1.1.3/commons-logging-1.1.3.jar:/home/user/.m2/repository/log4j/log4j/1.2.17/log4j-1.2.17.jar:/home/user/.m2/repository/commons-beanutils/commons-beanutils/1.9.4/commons-beanutils-1.9.4.jar:/home/user/.m2/repository/org/apache/commons/commons-configuration2/2.1.1/commons-configuration2-2.1.1.jar:/home/user/.m2/repository/org/apache/commons/commons-lang3/3.7/commons-lang3-3.7.jar:/home/user/.m2/repository/org/apache/commons/commons-text/1.4/commons-text-1.4.jar:/home/user/.m2/repository/org/slf4j/slf4j-api/1.7.25/slf4j-api-1.7.25.jar:/home/user/.m2/repository/org/slf4j/slf4j-log4j12/1.7.25/slf4j-log4j12-1.7.25.jar:/home/user/.m2/repository/org/apache/avro/avro/1.7.7/avro-1.7.7.jar:/home/user/.m2/repository/com/thoughtworks/paranamer/paranamer/2.3/paranamer-2.3.jar:/home/user/.m2/repository/org/xerial/snappy/snappy-java/1.0.5/snappy-java-1.0.5.jar:/home/user/.m2/repository/com/google/re2j/re2j/1.1/re2j-1.1.jar:/home/user/.m2/repository/com/google/code/gson/gson/2.2.4/gson-2.2.4.jar:/home/user/.m2/repository/org/apache/hadoop/hadoop-auth/3.2.0/hadoop-auth-3.2.0.jar:/home/user/.m2/repository/com/nimbusds/nimbus-jose-jwt/4.41.1/nimbus-jose-jwt-4.41.1.jar:/home/user/.m2/repository/com/github/stephenc/jcip/jcip-annotations/1.0-1/jcip-annotations-1.0-1.jar:/home/user/.m2/repository/net/minidev/json-smart/2.3/json-smart-2.3.jar:/home/user/.m2/repository/net/minidev/accessors-smart/1.2/accessors-smart-1.2.jar:/home/user/.m2/repository/org/apache/curator/curator-framework/2.12.0/curator-framework-2.12.0.jar:/home/user/.m2/repository/com/jcraft/jsch/0.1.54/jsch-0.1.54.jar:/home/user/.m2/repository/org/apache/curator/curator-client/2.12.0/curator-client-2.12.0.jar:/home/user/.m2/repository/org/apache/curator/curator-recipes/2.12.0/curator-recipes-2.12.0.jar:/home/user/.m2/repository/com/google/code/findbugs/jsr305/3.0.0/jsr305-3.0.0.jar:/home/user/.m2/repository/org/apache/htrace/htrace-core4/4.1.0-incubating/htrace-core4-4.1.0-incubating.jar:/home/user/.m2/repository/org/apache/zookeeper/zookeeper/3.4.13/zookeeper-3.4.13.jar:/home/user/.m2/repository/jline/jline/0.9.94/jline-0.9.94.jar:/home/user/.m2/repository/org/apache/yetus/audience-annotations/0.5.0/audience-annotations-0.5.0.jar:/home/user/.m2/repository/org/apache/kerby/kerb-simplekdc/1.0.1/kerb-simplekdc-1.0.1.jar:/home/user/.m2/repository/org/apache/kerby/kerb-client/1.0.1/kerb-client-1.0.1.jar:/home/user/.m2/repository/org/apache/kerby/kerby-config/1.0.1/kerby-config-1.0.1.jar:/home/user/.m2/repository/org/apache/kerby/kerb-core/1.0.1/kerb-core-1.0.1.jar:/home/user/.m2/repository/org/apache/kerby/kerby-pkix/1.0.1/kerby-pkix-1.0.1.jar:/home/user/.m2/repository/org/apache/kerby/kerby-asn1/1.0.1/kerby-asn1-1.0.1.jar:/home/user/.m2/repository/org/apache/kerby/kerby-util/1.0.1/kerby-util-1.0.1.jar:/home/user/.m2/repository/org/apache/kerby/kerb-common/1.0.1/kerb-common-1.0.1.jar:/home/user/.m2/repository/org/apache/kerby/kerb-crypto/1.0.1/kerb-crypto-1.0.1.jar:/home/user/.m2/repository/org/apache/kerby/kerb-util/1.0.1/kerb-util-1.0.1.jar:/home/user/.m2/repository/org/apache/kerby/token-provider/1.0.1/token-provider-1.0.1.jar:/home/user/.m2/repository/org/apache/kerby/kerb-admin/1.0.1/kerb-admin-1.0.1.jar:/home/user/.m2/repository/org/apache/kerby/kerb-server/1.0.1/kerb-server-1.0.1.jar:/home/user/.m2/repository/org/apache/kerby/kerb-identity/1.0.1/kerb-identity-1.0.1.jar:/home/user/.m2/repository/org/apache/kerby/kerby-xdr/1.0.1/kerby-xdr-1.0.1.jar:/home/user/.m2/repository/com/fasterxml/jackson/core/jackson-databind/2.9.9/jackson-databind-2.9.9.jar:/home/user/.m2/repository/com/fasterxml/jackson/core/jackson-core/2.9.9/jackson-core-2.9.9.jar:/home/user/.m2/repository/org/codehaus/woodstox/stax2-api/3.1.4/stax2-api-3.1.4.jar:/home/user/.m2/repository/com/fasterxml/woodstox/woodstox-core/5.0.3/woodstox-core-5.0.3.jar:/home/user/.m2/repository/dnsjava/dnsjava/2.1.7/dnsjava-2.1.7.jar:/home/user/.m2/repository/org/apache/hadoop/hadoop-hdfs/3.2.0/hadoop-hdfs-3.2.0.jar:/home/user/.m2/repository/org/eclipse/jetty/jetty-util-ajax/9.3.25.v20180904/jetty-util-ajax-9.3.25.v20180904.jar:/home/user/.m2/repository/commons-daemon/commons-daemon/1.0.13/commons-daemon-1.0.13.jar:/home/user/.m2/repository/io/netty/netty/3.10.5.Final/netty-3.10.5.Final.jar:/home/user/.m2/repository/io/netty/netty-all/4.0.52.Final/netty-all-4.0.52.Final.jar:/home/user/.m2/repository/org/fusesource/leveldbjni/leveldbjni-all/1.8/leveldbjni-all-1.8.jar:/home/user/.m2/repository/com/sun/xml/bind/jaxb-core/2.3.0.1/jaxb-core-2.3.0.1.jar:/home/user/.m2/repository/javax/xml/bind/jaxb-api/2.3.0/jaxb-api-2.3.0.jar:/home/user/.m2/repository/javax/activation/activation/1.1.1/activation-1.1.1.jar:/home/user/.m2/repository/io/dropwizard/metrics/metrics-core/3.2.4/metrics-core-3.2.4.jar:/home/user/.m2/repository/org/openjdk/jmh/jmh-core/1.19/jmh-core-1.19.jar:/home/user/.m2/repository/net/sf/jopt-simple/jopt-simple/4.6/jopt-simple-4.6.jar:/home/user/.m2/repository/org/openjdk/jmh/jmh-generator-annprocess/1.19/jmh-generator-annprocess-1.19.jar:/home/user/.m2/repository/com/amazonaws/aws-java-sdk-s3/1.11.615/aws-java-sdk-s3-1.11.615.jar:/home/user/.m2/repository/com/amazonaws/aws-java-sdk-kms/1.11.615/aws-java-sdk-kms-1.11.615.jar:/home/user/.m2/repository/com/amazonaws/aws-java-sdk-core/1.11.615/aws-java-sdk-core-1.11.615.jar:/home/user/.m2/repository/software/amazon/ion/ion-java/1.0.2/ion-java-1.0.2.jar:/home/user/.m2/repository/com/fasterxml/jackson/dataformat/jackson-dataformat-cbor/2.9.9/jackson-dataformat-cbor-2.9.9.jar:/home/user/.m2/repository/joda-time/joda-time/2.9.9/joda-time-2.9.9.jar:/home/user/.m2/repository/com/amazonaws/jmespath-java/1.11.615/jmespath-java-1.11.615.jar:/home/user/.m2/repository/com/google/code/findbugs/findbugs/3.0.1/findbugs-3.0.1.jar:/home/user/.m2/repository/net/jcip/jcip-annotations/1.0/jcip-annotations-1.0.jar:/home/user/.m2/repository/com/google/code/findbugs/bcel-findbugs/6.0/bcel-findbugs-6.0.jar:/home/user/.m2/repository/com/google/code/findbugs/jFormatString/2.0.1/jFormatString-2.0.1.jar:/home/user/.m2/repository/dom4j/dom4j/1.6.1/dom4j-1.6.1.jar:/home/user/.m2/repository/xml-apis/xml-apis/1.0.b2/xml-apis-1.0.b2.jar:/home/user/.m2/repository/org/ow2/asm/asm-debug-all/5.0.2/asm-debug-all-5.0.2.jar:/home/user/.m2/repository/org/ow2/asm/asm-commons/5.0.2/asm-commons-5.0.2.jar:/home/user/.m2/repository/org/ow2/asm/asm-tree/5.0.2/asm-tree-5.0.2.jar:/home/user/.m2/repository/org/ow2/asm/asm/5.0.4/asm-5.0.4.jar:/home/user/.m2/repository/commons-lang/commons-lang/2.6/commons-lang-2.6.jar:/home/user/.m2/repository/com/apple/AppleJavaExtensions/1.4/AppleJavaExtensions-1.4.jar:/home/user/.m2/repository/jaxen/jaxen/1.1.6/jaxen-1.1.6.jar:/home/user/.m2/repository/junit/junit/4.11/junit-4.11.jar:/home/user/.m2/repository/org/hamcrest/hamcrest-core/1.3/hamcrest-core-1.3.jar:/home/user/.m2/repository/org/apache/hadoop/hadoop-common/3.2.0/hadoop-common-3.2.0-tests.jar:/workdir/hadoop-ozone/integration-test/target/test-classes:/home/user/.m2/repository/org/apache/hadoop/hadoop-ozone-s3gateway/0.5.0-SNAPSHOT/hadoop-ozone-s3gateway-0.5.0-SNAPSHOT.jar:/home/user/.m2/repository/org/jboss/weld/servlet/weld-servlet/2.4.7.Final/weld-servlet-2.4.7.Final.jar:/home/user/.m2/repository/org/glassfish/jersey/containers/jersey-container-servlet-core/2.27/jersey-container-servlet-core-2.27.jar:/home/user/.m2/repository/org/glassfish/hk2/external/javax.inject/2.5.0-b42/javax.inject-2.5.0-b42.jar:/home/user/.m2/repository/org/glassfish/jersey/core/jersey-common/2.27/jersey-common-2.27.jar:/home/user/.m2/repository/org/glassfish/hk2/osgi-resource-locator/1.0.1/osgi-resource-locator-1.0.1.jar:/home/user/.m2/repository/javax/ws/rs/javax.ws.rs-api/2.1/javax.ws.rs-api-2.1.jar:/home/user/.m2/repository/org/glassfish/jersey/ext/cdi/jersey-cdi1x/2.27/jersey-cdi1x-2.27.jar:/home/user/.m2/repository/org/glassfish/jersey/inject/jersey-hk2/2.27/jersey-hk2-2.27.jar:/home/user/.m2/repository/org/glassfish/hk2/hk2-locator/2.5.0-b42/hk2-locator-2.5.0-b42.jar:/home/user/.m2/repository/org/javassist/javassist/3.22.0-CR2/javassist-3.22.0-CR2.jar:/home/user/.m2/repository/org/glassfish/hk2/hk2-api/2.5.0/hk2-api-2.5.0.jar:/home/user/.m2/repository/org/glassfish/hk2/external/jakarta.inject/2.5.0/jakarta.inject-2.5.0.jar:/home/user/.m2/repository/org/glassfish/hk2/hk2-utils/2.5.0/hk2-utils-2.5.0.jar:/home/user/.m2/repository/jakarta/annotation/jakarta.annotation-api/1.3.4/jakarta.annotation-api-1.3.4.jar:/home/user/.m2/repository/org/glassfish/hk2/external/aopalliance-repackaged/2.5.0/aopalliance-repackaged-2.5.0.jar:/home/user/.m2/repository/com/fasterxml/jackson/dataformat/jackson-dataformat-xml/2.9.0/jackson-dataformat-xml-2.9.0.jar:/home/user/.m2/repository/com/fasterxml/jackson/module/jackson-module-jaxb-annotations/2.9.9/jackson-module-jaxb-annotations-2.9.9.jar:/home/user/.m2/repository/javax/enterprise/cdi-api/1.2/cdi-api-1.2.jar:/home/user/.m2/repository/javax/el/javax.el-api/3.0.0/javax.el-api-3.0.0.jar:/home/user/.m2/repository/javax/interceptor/javax.interceptor-api/1.2/javax.interceptor-api-1.2.jar:/home/user/.m2/repository/javax/inject/javax.inject/1/javax.inject-1.jar:/home/user/.m2/repository/org/apache/hadoop/hadoop-ozone-csi/0.5.0-SNAPSHOT/hadoop-ozone-csi-0.5.0-SNAPSHOT.jar:/home/user/.m2/repository/com/google/protobuf/protobuf-java-util/3.5.1/protobuf-java-util-3.5.1.jar:/home/user/.m2/repository/io/grpc/grpc-netty/1.17.1/grpc-netty-1.17.1.jar:/home/user/.m2/repository/io/grpc/grpc-core/1.17.1/grpc-core-1.17.1.jar:/home/user/.m2/repository/io/grpc/grpc-context/1.17.1/grpc-context-1.17.1.jar:/home/user/.m2/repository/com/google/errorprone/error_prone_annotations/2.2.0/error_prone_annotations-2.2.0.jar:/home/user/.m2/repository/org/codehaus/mojo/animal-sniffer-annotations/1.17/animal-sniffer-annotations-1.17.jar:/home/user/.m2/repository/io/opencensus/opencensus-api/0.17.0/opencensus-api-0.17.0.jar:/home/user/.m2/repository/io/opencensus/opencensus-contrib-grpc-metrics/0.17.0/opencensus-contrib-grpc-metrics-0.17.0.jar:/home/user/.m2/repository/io/netty/netty-codec-http2/4.1.30.Final/netty-codec-http2-4.1.30.Final.jar:/home/user/.m2/repository/io/netty/netty-codec-http/4.1.30.Final/netty-codec-http-4.1.30.Final.jar:/home/user/.m2/repository/io/netty/netty-codec/4.1.30.Final/netty-codec-4.1.30.Final.jar:/home/user/.m2/repository/io/netty/netty-handler/4.1.30.Final/netty-handler-4.1.30.Final.jar:/home/user/.m2/repository/io/netty/netty-handler-proxy/4.1.30.Final/netty-handler-proxy-4.1.30.Final.jar:/home/user/.m2/repository/io/netty/netty-codec-socks/4.1.30.Final/netty-codec-socks-4.1.30.Final.jar:/home/user/.m2/repository/io/netty/netty-transport-native-epoll/4.1.30.Final/netty-transport-native-epoll-4.1.30.Final.jar:/home/user/.m2/repository/io/netty/netty-common/4.1.30.Final/netty-common-4.1.30.Final.jar:/home/user/.m2/repository/io/netty/netty-buffer/4.1.30.Final/netty-buffer-4.1.30.Final.jar:/home/user/.m2/repository/io/netty/netty-transport/4.1.30.Final/netty-transport-4.1.30.Final.jar:/home/user/.m2/repository/io/netty/netty-resolver/4.1.30.Final/netty-resolver-4.1.30.Final.jar:/home/user/.m2/repository/io/netty/netty-transport-native-unix-common/4.1.30.Final/netty-transport-native-unix-common-4.1.30.Final.jar:/home/user/.m2/repository/io/grpc/grpc-protobuf/1.17.1/grpc-protobuf-1.17.1.jar:/home/user/.m2/repository/com/google/api/grpc/proto-google-common-protos/1.0.0/proto-google-common-protos-1.0.0.jar:/home/user/.m2/repository/io/grpc/grpc-protobuf-lite/1.17.1/grpc-protobuf-lite-1.17.1.jar:/home/user/.m2/repository/io/grpc/grpc-stub/1.17.1/grpc-stub-1.17.1.jar:/home/user/.m2/repository/org/apache/hadoop/hadoop-ozone-recon/0.5.0-SNAPSHOT/hadoop-ozone-recon-0.5.0-SNAPSHOT.jar:/home/user/.m2/repository/org/apache/hadoop/hadoop-ozone-reconcodegen/0.5.0-SNAPSHOT/hadoop-ozone-reconcodegen-0.5.0-SNAPSHOT.jar:/home/user/.m2/repository/com/google/inject/extensions/guice-multibindings/4.0/guice-multibindings-4.0.jar:/home/user/.m2/repository/com/google/inject/guice/4.0/guice-4.0.jar:/home/user/.m2/repository/aopalliance/aopalliance/1.0/aopalliance-1.0.jar:/home/user/.m2/repository/com/google/inject/extensions/guice-servlet/4.0/guice-servlet-4.0.jar:/home/user/.m2/repository/org/glassfish/jersey/containers/jersey-container-servlet/2.27/jersey-container-servlet-2.27.jar:/home/user/.m2/repository/org/glassfish/hk2/guice-bridge/2.5.0/guice-bridge-2.5.0.jar:/home/user/.m2/repository/org/glassfish/jersey/core/jersey-server/2.27/jersey-server-2.27.jar:/home/user/.m2/repository/org/glassfish/jersey/core/jersey-client/2.27/jersey-client-2.27.jar:/home/user/.m2/repository/org/glassfish/jersey/media/jersey-media-jaxb/2.27/jersey-media-jaxb-2.27.jar:/home/user/.m2/repository/javax/validation/validation-api/1.1.0.Final/validation-api-1.1.0.Final.jar:/home/user/.m2/repository/org/glassfish/jersey/media/jersey-media-json-jackson/2.27/jersey-media-json-jackson-2.27.jar:/home/user/.m2/repository/org/glassfish/jersey/ext/jersey-entity-filtering/2.27/jersey-entity-filtering-2.27.jar:/home/user/.m2/repository/com/google/inject/extensions/guice-assistedinject/4.0/guice-assistedinject-4.0.jar:/home/user/.m2/repository/org/jooq/jooq/3.11.10/jooq-3.11.10.jar:/home/user/.m2/repository/org/jooq/jooq-meta/3.11.10/jooq-meta-3.11.10.jar:/home/user/.m2/repository/org/jooq/jooq-codegen/3.11.10/jooq-codegen-3.11.10.jar:/home/user/.m2/repository/com/jolbox/bonecp/0.8.0.RELEASE/bonecp-0.8.0.RELEASE.jar:/home/user/.m2/repository/org/springframework/spring-jdbc/5.1.3.RELEASE/spring-jdbc-5.1.3.RELEASE.jar:/home/user/.m2/repository/org/springframework/spring-beans/5.1.3.RELEASE/spring-beans-5.1.3.RELEASE.jar:/home/user/.m2/repository/org/springframework/spring-core/5.1.3.RELEASE/spring-core-5.1.3.RELEASE.jar:/home/user/.m2/repository/org/springframework/spring-jcl/5.1.3.RELEASE/spring-jcl-5.1.3.RELEASE.jar:/home/user/.m2/repository/org/springframework/spring-tx/5.1.3.RELEASE/spring-tx-5.1.3.RELEASE.jar:/home/user/.m2/repository/org/mockito/mockito-core/2.15.0/mockito-core-2.15.0.jar:/home/user/.m2/repository/net/bytebuddy/byte-buddy/1.7.9/byte-buddy-1.7.9.jar:/home/user/.m2/repository/net/bytebuddy/byte-buddy-agent/1.7.9/byte-buddy-agent-1.7.9.jar:/home/user/.m2/repository/org/objenesis/objenesis/1.0/objenesis-1.0.jar:"/>
    <property name="java.vm.vendor" value="IcedTea"/>
    <property name="sun.arch.data.model" value="64"/>
    <property name="test.build.dir" value="/workdir/hadoop-ozone/tools/target/test-dir"/>
    <property name="test.cache.data" value=""/>
    <property name="java.vendor.url" value="https://icedtea.classpath.org"/>
    <property name="user.timezone" value=""/>
    <property name="java.vm.specification.version" value="1.8"/>
    <property name="os.name" value="Linux"/>
    <property name="test.build.data" value="/workdir/hadoop-ozone/tools/target/test-dir"/>
    <property name="user.country" value="US"/>
    <property name="sun.java.launcher" value="SUN_STANDARD"/>
    <property name="sun.boot.library.path" value="/usr/lib/jvm/java-1.8-openjdk/jre/lib/amd64"/>
    <property name="sun.java.command" value="/workdir/hadoop-ozone/tools/target/surefire/surefirebooter3459585191175437712.jar /workdir/hadoop-ozone/tools/target/surefire 2019-09-26T09-15-41_457-jvmRun1 surefire8952592767097669514tmp surefire_107554419958672934034tmp"/>
    <property name="test" value="!TestMiniChaosOzoneCluster"/>
    <property name="surefire.test.class.path" value="/workdir/hadoop-ozone/tools/target/test-classes:/workdir/hadoop-ozone/tools/target/classes:/home/user/.m2/repository/org/apache/hadoop/hadoop-ozone-ozone-manager/0.5.0-SNAPSHOT/hadoop-ozone-ozone-manager-0.5.0-SNAPSHOT.jar:/home/user/.m2/repository/org/apache/hadoop/hadoop-hdds-docs/0.5.0-SNAPSHOT/hadoop-hdds-docs-0.5.0-SNAPSHOT.jar:/home/user/.m2/repository/org/bouncycastle/bcprov-jdk15on/1.60/bcprov-jdk15on-1.60.jar:/home/user/.m2/repository/org/apache/hadoop/hadoop-ozone-common/0.5.0-SNAPSHOT/hadoop-ozone-common-0.5.0-SNAPSHOT.jar:/home/user/.m2/repository/org/apache/commons/commons-compress/1.4.1/commons-compress-1.4.1.jar:/home/user/.m2/repository/org/tukaani/xz/1.0/xz-1.0.jar:/home/user/.m2/repository/org/apache/hadoop/hadoop-hdfs-client/3.2.0/hadoop-hdfs-client-3.2.0.jar:/home/user/.m2/repository/com/fasterxml/jackson/core/jackson-annotations/2.9.9/jackson-annotations-2.9.9.jar:/home/user/.m2/repository/org/apache/hadoop/hadoop-hdds-common/0.5.0-SNAPSHOT/hadoop-hdds-common-0.5.0-SNAPSHOT.jar:/home/user/.m2/repository/org/apache/hadoop/hadoop-hdds-config/0.5.0-SNAPSHOT/hadoop-hdds-config-0.5.0-SNAPSHOT.jar:/home/user/.m2/repository/javax/annotation/javax.annotation-api/1.2/javax.annotation-api-1.2.jar:/home/user/.m2/repository/org/apache/ratis/ratis-server/0.4.0/ratis-server-0.4.0.jar:/home/user/.m2/repository/org/apache/ratis/ratis-thirdparty-misc/0.2.0/ratis-thirdparty-misc-0.2.0.jar:/home/user/.m2/repository/org/apache/ratis/ratis-proto/0.4.0/ratis-proto-0.4.0.jar:/home/user/.m2/repository/org/apache/ratis/ratis-common/0.4.0/ratis-common-0.4.0.jar:/home/user/.m2/repository/org/apache/ratis/ratis-client/0.4.0/ratis-client-0.4.0.jar:/home/user/.m2/repository/org/apache/ratis/ratis-metrics/0.4.0/ratis-metrics-0.4.0.jar:/home/user/.m2/repository/com/github/joshelser/dropwizard-metrics-hadoop-metrics2-reporter/0.1.2/dropwizard-metrics-hadoop-metrics2-reporter-0.1.2.jar:/home/user/.m2/repository/io/dropwizard/metrics/metrics-jvm/3.2.5/metrics-jvm-3.2.5.jar:/home/user/.m2/repository/io/dropwizard/metrics/metrics-ganglia/3.2.5/metrics-ganglia-3.2.5.jar:/home/user/.m2/repository/info/ganglia/gmetric4j/gmetric4j/1.0.7/gmetric4j-1.0.7.jar:/home/user/.m2/repository/org/apache/ratis/ratis-netty/0.4.0/ratis-netty-0.4.0.jar:/home/user/.m2/repository/org/apache/ratis/ratis-grpc/0.4.0/ratis-grpc-0.4.0.jar:/home/user/.m2/repository/org/rocksdb/rocksdbjni/6.0.1/rocksdbjni-6.0.1.jar:/home/user/.m2/repository/org/apache/logging/log4j/log4j-api/2.11.0/log4j-api-2.11.0.jar:/home/user/.m2/repository/org/apache/logging/log4j/log4j-core/2.11.0/log4j-core-2.11.0.jar:/home/user/.m2/repository/com/lmax/disruptor/3.4.2/disruptor-3.4.2.jar:/home/user/.m2/repository/org/apache/commons/commons-pool2/2.6.0/commons-pool2-2.6.0.jar:/home/user/.m2/repository/org/bouncycastle/bcpkix-jdk15on/1.60/bcpkix-jdk15on-1.60.jar:/home/user/.m2/repository/commons-validator/commons-validator/1.6/commons-validator-1.6.jar:/home/user/.m2/repository/commons-digester/commons-digester/1.8.1/commons-digester-1.8.1.jar:/home/user/.m2/repository/io/jaegertracing/jaeger-client/0.34.0/jaeger-client-0.34.0.jar:/home/user/.m2/repository/io/jaegertracing/jaeger-thrift/0.34.0/jaeger-thrift-0.34.0.jar:/home/user/.m2/repository/org/apache/thrift/libthrift/0.12.0/libthrift-0.12.0.jar:/home/user/.m2/repository/com/squareup/okhttp3/okhttp/3.9.0/okhttp-3.9.0.jar:/home/user/.m2/repository/com/squareup/okio/okio/1.13.0/okio-1.13.0.jar:/home/user/.m2/repository/io/jaegertracing/jaeger-core/0.34.0/jaeger-core-0.34.0.jar:/home/user/.m2/repository/io/jaegertracing/jaeger-tracerresolver/0.34.0/jaeger-tracerresolver-0.34.0.jar:/home/user/.m2/repository/io/opentracing/contrib/opentracing-tracerresolver/0.1.5/opentracing-tracerresolver-0.1.5.jar:/home/user/.m2/repository/io/opentracing/opentracing-util/0.31.0/opentracing-util-0.31.0.jar:/home/user/.m2/repository/io/opentracing/opentracing-api/0.31.0/opentracing-api-0.31.0.jar:/home/user/.m2/repository/io/opentracing/opentracing-noop/0.31.0/opentracing-noop-0.31.0.jar:/home/user/.m2/repository/org/yaml/snakeyaml/1.16/snakeyaml-1.16.jar:/home/user/.m2/repository/org/apache/hadoop/hadoop-hdds-container-service/0.5.0-SNAPSHOT/hadoop-hdds-container-service-0.5.0-SNAPSHOT.jar:/home/user/.m2/repository/org/apache/hadoop/hadoop-hdds-client/0.5.0-SNAPSHOT/hadoop-hdds-client-0.5.0-SNAPSHOT.jar:/home/user/.m2/repository/org/apache/hadoop/hadoop-hdds-tools/0.5.0-SNAPSHOT/hadoop-hdds-tools-0.5.0-SNAPSHOT.jar:/home/user/.m2/repository/org/xerial/sqlite-jdbc/3.25.2/sqlite-jdbc-3.25.2.jar:/home/user/.m2/repository/org/apache/hadoop/hadoop-hdds-server-scm/0.5.0-SNAPSHOT/hadoop-hdds-server-scm-0.5.0-SNAPSHOT.jar:/home/user/.m2/repository/org/hamcrest/hamcrest-all/1.3/hamcrest-all-1.3.jar:/home/user/.m2/repository/info/picocli/picocli/3.9.6/picocli-3.9.6.jar:/home/user/.m2/repository/com/google/protobuf/protobuf-java/2.5.0/protobuf-java-2.5.0.jar:/home/user/.m2/repository/com/google/guava/guava/11.0.2/guava-11.0.2.jar:/home/user/.m2/repository/org/apache/hadoop/hadoop-ozone-client/0.5.0-SNAPSHOT/hadoop-ozone-client-0.5.0-SNAPSHOT.jar:/workdir/hadoop-ozone/ozonefs/target/classes:/home/user/.m2/repository/org/apache/hadoop/hadoop-hdds-server-framework/0.5.0-SNAPSHOT/hadoop-hdds-server-framework-0.5.0-SNAPSHOT.jar:/home/user/.m2/repository/org/apache/hadoop/hadoop-common/3.2.0/hadoop-common-3.2.0.jar:/home/user/.m2/repository/org/apache/hadoop/hadoop-annotations/3.2.0/hadoop-annotations-3.2.0.jar:/usr/lib/jvm/java-1.8-openjdk/jre/../lib/tools.jar:/home/user/.m2/repository/commons-cli/commons-cli/1.2/commons-cli-1.2.jar:/home/user/.m2/repository/org/apache/commons/commons-math3/3.1.1/commons-math3-3.1.1.jar:/home/user/.m2/repository/org/apache/httpcomponents/httpclient/4.5.2/httpclient-4.5.2.jar:/home/user/.m2/repository/org/apache/httpcomponents/httpcore/4.4.4/httpcore-4.4.4.jar:/home/user/.m2/repository/commons-codec/commons-codec/1.11/commons-codec-1.11.jar:/home/user/.m2/repository/commons-io/commons-io/2.5/commons-io-2.5.jar:/home/user/.m2/repository/commons-net/commons-net/3.6/commons-net-3.6.jar:/home/user/.m2/repository/commons-collections/commons-collections/3.2.2/commons-collections-3.2.2.jar:/home/user/.m2/repository/javax/servlet/javax.servlet-api/3.1.0/javax.servlet-api-3.1.0.jar:/home/user/.m2/repository/org/eclipse/jetty/jetty-server/9.3.25.v20180904/jetty-server-9.3.25.v20180904.jar:/home/user/.m2/repository/org/eclipse/jetty/jetty-http/9.3.25.v20180904/jetty-http-9.3.25.v20180904.jar:/home/user/.m2/repository/org/eclipse/jetty/jetty-io/9.3.25.v20180904/jetty-io-9.3.25.v20180904.jar:/home/user/.m2/repository/org/eclipse/jetty/jetty-util/9.3.25.v20180904/jetty-util-9.3.25.v20180904.jar:/home/user/.m2/repository/org/eclipse/jetty/jetty-servlet/9.3.25.v20180904/jetty-servlet-9.3.25.v20180904.jar:/home/user/.m2/repository/org/eclipse/jetty/jetty-security/9.3.25.v20180904/jetty-security-9.3.25.v20180904.jar:/home/user/.m2/repository/org/eclipse/jetty/jetty-webapp/9.3.25.v20180904/jetty-webapp-9.3.25.v20180904.jar:/home/user/.m2/repository/org/eclipse/jetty/jetty-xml/9.3.25.v20180904/jetty-xml-9.3.25.v20180904.jar:/home/user/.m2/repository/javax/servlet/jsp/jsp-api/2.1/jsp-api-2.1.jar:/home/user/.m2/repository/com/sun/jersey/jersey-core/1.19/jersey-core-1.19.jar:/home/user/.m2/repository/javax/ws/rs/jsr311-api/1.1.1/jsr311-api-1.1.1.jar:/home/user/.m2/repository/com/sun/jersey/jersey-servlet/1.19/jersey-servlet-1.19.jar:/home/user/.m2/repository/com/sun/jersey/jersey-json/1.19/jersey-json-1.19.jar:/home/user/.m2/repository/org/codehaus/jettison/jettison/1.1/jettison-1.1.jar:/home/user/.m2/repository/com/sun/xml/bind/jaxb-impl/2.3.0.1/jaxb-impl-2.3.0.1.jar:/home/user/.m2/repository/org/codehaus/jackson/jackson-core-asl/1.9.13/jackson-core-asl-1.9.13.jar:/home/user/.m2/repository/org/codehaus/jackson/jackson-mapper-asl/1.9.13/jackson-mapper-asl-1.9.13.jar:/home/user/.m2/repository/org/codehaus/jackson/jackson-jaxrs/1.9.13/jackson-jaxrs-1.9.13.jar:/home/user/.m2/repository/org/codehaus/jackson/jackson-xc/1.9.13/jackson-xc-1.9.13.jar:/home/user/.m2/repository/com/sun/jersey/jersey-server/1.19/jersey-server-1.19.jar:/home/user/.m2/repository/commons-logging/commons-logging/1.1.3/commons-logging-1.1.3.jar:/home/user/.m2/repository/log4j/log4j/1.2.17/log4j-1.2.17.jar:/home/user/.m2/repository/commons-beanutils/commons-beanutils/1.9.4/commons-beanutils-1.9.4.jar:/home/user/.m2/repository/org/apache/commons/commons-configuration2/2.1.1/commons-configuration2-2.1.1.jar:/home/user/.m2/repository/org/apache/commons/commons-lang3/3.7/commons-lang3-3.7.jar:/home/user/.m2/repository/org/apache/commons/commons-text/1.4/commons-text-1.4.jar:/home/user/.m2/repository/org/slf4j/slf4j-api/1.7.25/slf4j-api-1.7.25.jar:/home/user/.m2/repository/org/slf4j/slf4j-log4j12/1.7.25/slf4j-log4j12-1.7.25.jar:/home/user/.m2/repository/org/apache/avro/avro/1.7.7/avro-1.7.7.jar:/home/user/.m2/repository/com/thoughtworks/paranamer/paranamer/2.3/paranamer-2.3.jar:/home/user/.m2/repository/org/xerial/snappy/snappy-java/1.0.5/snappy-java-1.0.5.jar:/home/user/.m2/repository/com/google/re2j/re2j/1.1/re2j-1.1.jar:/home/user/.m2/repository/com/google/code/gson/gson/2.2.4/gson-2.2.4.jar:/home/user/.m2/repository/org/apache/hadoop/hadoop-auth/3.2.0/hadoop-auth-3.2.0.jar:/home/user/.m2/repository/com/nimbusds/nimbus-jose-jwt/4.41.1/nimbus-jose-jwt-4.41.1.jar:/home/user/.m2/repository/com/github/stephenc/jcip/jcip-annotations/1.0-1/jcip-annotations-1.0-1.jar:/home/user/.m2/repository/net/minidev/json-smart/2.3/json-smart-2.3.jar:/home/user/.m2/repository/net/minidev/accessors-smart/1.2/accessors-smart-1.2.jar:/home/user/.m2/repository/org/apache/curator/curator-framework/2.12.0/curator-framework-2.12.0.jar:/home/user/.m2/repository/com/jcraft/jsch/0.1.54/jsch-0.1.54.jar:/home/user/.m2/repository/org/apache/curator/curator-client/2.12.0/curator-client-2.12.0.jar:/home/user/.m2/repository/org/apache/curator/curator-recipes/2.12.0/curator-recipes-2.12.0.jar:/home/user/.m2/repository/com/google/code/findbugs/jsr305/3.0.0/jsr305-3.0.0.jar:/home/user/.m2/repository/org/apache/htrace/htrace-core4/4.1.0-incubating/htrace-core4-4.1.0-incubating.jar:/home/user/.m2/repository/org/apache/zookeeper/zookeeper/3.4.13/zookeeper-3.4.13.jar:/home/user/.m2/repository/jline/jline/0.9.94/jline-0.9.94.jar:/home/user/.m2/repository/org/apache/yetus/audience-annotations/0.5.0/audience-annotations-0.5.0.jar:/home/user/.m2/repository/org/apache/kerby/kerb-simplekdc/1.0.1/kerb-simplekdc-1.0.1.jar:/home/user/.m2/repository/org/apache/kerby/kerb-client/1.0.1/kerb-client-1.0.1.jar:/home/user/.m2/repository/org/apache/kerby/kerby-config/1.0.1/kerby-config-1.0.1.jar:/home/user/.m2/repository/org/apache/kerby/kerb-core/1.0.1/kerb-core-1.0.1.jar:/home/user/.m2/repository/org/apache/kerby/kerby-pkix/1.0.1/kerby-pkix-1.0.1.jar:/home/user/.m2/repository/org/apache/kerby/kerby-asn1/1.0.1/kerby-asn1-1.0.1.jar:/home/user/.m2/repository/org/apache/kerby/kerby-util/1.0.1/kerby-util-1.0.1.jar:/home/user/.m2/repository/org/apache/kerby/kerb-common/1.0.1/kerb-common-1.0.1.jar:/home/user/.m2/repository/org/apache/kerby/kerb-crypto/1.0.1/kerb-crypto-1.0.1.jar:/home/user/.m2/repository/org/apache/kerby/kerb-util/1.0.1/kerb-util-1.0.1.jar:/home/user/.m2/repository/org/apache/kerby/token-provider/1.0.1/token-provider-1.0.1.jar:/home/user/.m2/repository/org/apache/kerby/kerb-admin/1.0.1/kerb-admin-1.0.1.jar:/home/user/.m2/repository/org/apache/kerby/kerb-server/1.0.1/kerb-server-1.0.1.jar:/home/user/.m2/repository/org/apache/kerby/kerb-identity/1.0.1/kerb-identity-1.0.1.jar:/home/user/.m2/repository/org/apache/kerby/kerby-xdr/1.0.1/kerby-xdr-1.0.1.jar:/home/user/.m2/repository/com/fasterxml/jackson/core/jackson-databind/2.9.9/jackson-databind-2.9.9.jar:/home/user/.m2/repository/com/fasterxml/jackson/core/jackson-core/2.9.9/jackson-core-2.9.9.jar:/home/user/.m2/repository/org/codehaus/woodstox/stax2-api/3.1.4/stax2-api-3.1.4.jar:/home/user/.m2/repository/com/fasterxml/woodstox/woodstox-core/5.0.3/woodstox-core-5.0.3.jar:/home/user/.m2/repository/dnsjava/dnsjava/2.1.7/dnsjava-2.1.7.jar:/home/user/.m2/repository/org/apache/hadoop/hadoop-hdfs/3.2.0/hadoop-hdfs-3.2.0.jar:/home/user/.m2/repository/org/eclipse/jetty/jetty-util-ajax/9.3.25.v20180904/jetty-util-ajax-9.3.25.v20180904.jar:/home/user/.m2/repository/commons-daemon/commons-daemon/1.0.13/commons-daemon-1.0.13.jar:/home/user/.m2/repository/io/netty/netty/3.10.5.Final/netty-3.10.5.Final.jar:/home/user/.m2/repository/io/netty/netty-all/4.0.52.Final/netty-all-4.0.52.Final.jar:/home/user/.m2/repository/org/fusesource/leveldbjni/leveldbjni-all/1.8/leveldbjni-all-1.8.jar:/home/user/.m2/repository/com/sun/xml/bind/jaxb-core/2.3.0.1/jaxb-core-2.3.0.1.jar:/home/user/.m2/repository/javax/xml/bind/jaxb-api/2.3.0/jaxb-api-2.3.0.jar:/home/user/.m2/repository/javax/activation/activation/1.1.1/activation-1.1.1.jar:/home/user/.m2/repository/io/dropwizard/metrics/metrics-core/3.2.4/metrics-core-3.2.4.jar:/home/user/.m2/repository/org/openjdk/jmh/jmh-core/1.19/jmh-core-1.19.jar:/home/user/.m2/repository/net/sf/jopt-simple/jopt-simple/4.6/jopt-simple-4.6.jar:/home/user/.m2/repository/org/openjdk/jmh/jmh-generator-annprocess/1.19/jmh-generator-annprocess-1.19.jar:/home/user/.m2/repository/com/amazonaws/aws-java-sdk-s3/1.11.615/aws-java-sdk-s3-1.11.615.jar:/home/user/.m2/repository/com/amazonaws/aws-java-sdk-kms/1.11.615/aws-java-sdk-kms-1.11.615.jar:/home/user/.m2/repository/com/amazonaws/aws-java-sdk-core/1.11.615/aws-java-sdk-core-1.11.615.jar:/home/user/.m2/repository/software/amazon/ion/ion-java/1.0.2/ion-java-1.0.2.jar:/home/user/.m2/repository/com/fasterxml/jackson/dataformat/jackson-dataformat-cbor/2.9.9/jackson-dataformat-cbor-2.9.9.jar:/home/user/.m2/repository/joda-time/joda-time/2.9.9/joda-time-2.9.9.jar:/home/user/.m2/repository/com/amazonaws/jmespath-java/1.11.615/jmespath-java-1.11.615.jar:/home/user/.m2/repository/com/google/code/findbugs/findbugs/3.0.1/findbugs-3.0.1.jar:/home/user/.m2/repository/net/jcip/jcip-annotations/1.0/jcip-annotations-1.0.jar:/home/user/.m2/repository/com/google/code/findbugs/bcel-findbugs/6.0/bcel-findbugs-6.0.jar:/home/user/.m2/repository/com/google/code/findbugs/jFormatString/2.0.1/jFormatString-2.0.1.jar:/home/user/.m2/repository/dom4j/dom4j/1.6.1/dom4j-1.6.1.jar:/home/user/.m2/repository/xml-apis/xml-apis/1.0.b2/xml-apis-1.0.b2.jar:/home/user/.m2/repository/org/ow2/asm/asm-debug-all/5.0.2/asm-debug-all-5.0.2.jar:/home/user/.m2/repository/org/ow2/asm/asm-commons/5.0.2/asm-commons-5.0.2.jar:/home/user/.m2/repository/org/ow2/asm/asm-tree/5.0.2/asm-tree-5.0.2.jar:/home/user/.m2/repository/org/ow2/asm/asm/5.0.4/asm-5.0.4.jar:/home/user/.m2/repository/commons-lang/commons-lang/2.6/commons-lang-2.6.jar:/home/user/.m2/repository/com/apple/AppleJavaExtensions/1.4/AppleJavaExtensions-1.4.jar:/home/user/.m2/repository/jaxen/jaxen/1.1.6/jaxen-1.1.6.jar:/home/user/.m2/repository/junit/junit/4.11/junit-4.11.jar:/home/user/.m2/repository/org/hamcrest/hamcrest-core/1.3/hamcrest-core-1.3.jar:/home/user/.m2/repository/org/apache/hadoop/hadoop-common/3.2.0/hadoop-common-3.2.0-tests.jar:/workdir/hadoop-ozone/integration-test/target/test-classes:/home/user/.m2/repository/org/apache/hadoop/hadoop-ozone-s3gateway/0.5.0-SNAPSHOT/hadoop-ozone-s3gateway-0.5.0-SNAPSHOT.jar:/home/user/.m2/repository/org/jboss/weld/servlet/weld-servlet/2.4.7.Final/weld-servlet-2.4.7.Final.jar:/home/user/.m2/repository/org/glassfish/jersey/containers/jersey-container-servlet-core/2.27/jersey-container-servlet-core-2.27.jar:/home/user/.m2/repository/org/glassfish/hk2/external/javax.inject/2.5.0-b42/javax.inject-2.5.0-b42.jar:/home/user/.m2/repository/org/glassfish/jersey/core/jersey-common/2.27/jersey-common-2.27.jar:/home/user/.m2/repository/org/glassfish/hk2/osgi-resource-locator/1.0.1/osgi-resource-locator-1.0.1.jar:/home/user/.m2/repository/javax/ws/rs/javax.ws.rs-api/2.1/javax.ws.rs-api-2.1.jar:/home/user/.m2/repository/org/glassfish/jersey/ext/cdi/jersey-cdi1x/2.27/jersey-cdi1x-2.27.jar:/home/user/.m2/repository/org/glassfish/jersey/inject/jersey-hk2/2.27/jersey-hk2-2.27.jar:/home/user/.m2/repository/org/glassfish/hk2/hk2-locator/2.5.0-b42/hk2-locator-2.5.0-b42.jar:/home/user/.m2/repository/org/javassist/javassist/3.22.0-CR2/javassist-3.22.0-CR2.jar:/home/user/.m2/repository/org/glassfish/hk2/hk2-api/2.5.0/hk2-api-2.5.0.jar:/home/user/.m2/repository/org/glassfish/hk2/external/jakarta.inject/2.5.0/jakarta.inject-2.5.0.jar:/home/user/.m2/repository/org/glassfish/hk2/hk2-utils/2.5.0/hk2-utils-2.5.0.jar:/home/user/.m2/repository/jakarta/annotation/jakarta.annotation-api/1.3.4/jakarta.annotation-api-1.3.4.jar:/home/user/.m2/repository/org/glassfish/hk2/external/aopalliance-repackaged/2.5.0/aopalliance-repackaged-2.5.0.jar:/home/user/.m2/repository/com/fasterxml/jackson/dataformat/jackson-dataformat-xml/2.9.0/jackson-dataformat-xml-2.9.0.jar:/home/user/.m2/repository/com/fasterxml/jackson/module/jackson-module-jaxb-annotations/2.9.9/jackson-module-jaxb-annotations-2.9.9.jar:/home/user/.m2/repository/javax/enterprise/cdi-api/1.2/cdi-api-1.2.jar:/home/user/.m2/repository/javax/el/javax.el-api/3.0.0/javax.el-api-3.0.0.jar:/home/user/.m2/repository/javax/interceptor/javax.interceptor-api/1.2/javax.interceptor-api-1.2.jar:/home/user/.m2/repository/javax/inject/javax.inject/1/javax.inject-1.jar:/home/user/.m2/repository/org/apache/hadoop/hadoop-ozone-csi/0.5.0-SNAPSHOT/hadoop-ozone-csi-0.5.0-SNAPSHOT.jar:/home/user/.m2/repository/com/google/protobuf/protobuf-java-util/3.5.1/protobuf-java-util-3.5.1.jar:/home/user/.m2/repository/io/grpc/grpc-netty/1.17.1/grpc-netty-1.17.1.jar:/home/user/.m2/repository/io/grpc/grpc-core/1.17.1/grpc-core-1.17.1.jar:/home/user/.m2/repository/io/grpc/grpc-context/1.17.1/grpc-context-1.17.1.jar:/home/user/.m2/repository/com/google/errorprone/error_prone_annotations/2.2.0/error_prone_annotations-2.2.0.jar:/home/user/.m2/repository/org/codehaus/mojo/animal-sniffer-annotations/1.17/animal-sniffer-annotations-1.17.jar:/home/user/.m2/repository/io/opencensus/opencensus-api/0.17.0/opencensus-api-0.17.0.jar:/home/user/.m2/repository/io/opencensus/opencensus-contrib-grpc-metrics/0.17.0/opencensus-contrib-grpc-metrics-0.17.0.jar:/home/user/.m2/repository/io/netty/netty-codec-http2/4.1.30.Final/netty-codec-http2-4.1.30.Final.jar:/home/user/.m2/repository/io/netty/netty-codec-http/4.1.30.Final/netty-codec-http-4.1.30.Final.jar:/home/user/.m2/repository/io/netty/netty-codec/4.1.30.Final/netty-codec-4.1.30.Final.jar:/home/user/.m2/repository/io/netty/netty-handler/4.1.30.Final/netty-handler-4.1.30.Final.jar:/home/user/.m2/repository/io/netty/netty-handler-proxy/4.1.30.Final/netty-handler-proxy-4.1.30.Final.jar:/home/user/.m2/repository/io/netty/netty-codec-socks/4.1.30.Final/netty-codec-socks-4.1.30.Final.jar:/home/user/.m2/repository/io/netty/netty-transport-native-epoll/4.1.30.Final/netty-transport-native-epoll-4.1.30.Final.jar:/home/user/.m2/repository/io/netty/netty-common/4.1.30.Final/netty-common-4.1.30.Final.jar:/home/user/.m2/repository/io/netty/netty-buffer/4.1.30.Final/netty-buffer-4.1.30.Final.jar:/home/user/.m2/repository/io/netty/netty-transport/4.1.30.Final/netty-transport-4.1.30.Final.jar:/home/user/.m2/repository/io/netty/netty-resolver/4.1.30.Final/netty-resolver-4.1.30.Final.jar:/home/user/.m2/repository/io/netty/netty-transport-native-unix-common/4.1.30.Final/netty-transport-native-unix-common-4.1.30.Final.jar:/home/user/.m2/repository/io/grpc/grpc-protobuf/1.17.1/grpc-protobuf-1.17.1.jar:/home/user/.m2/repository/com/google/api/grpc/proto-google-common-protos/1.0.0/proto-google-common-protos-1.0.0.jar:/home/user/.m2/repository/io/grpc/grpc-protobuf-lite/1.17.1/grpc-protobuf-lite-1.17.1.jar:/home/user/.m2/repository/io/grpc/grpc-stub/1.17.1/grpc-stub-1.17.1.jar:/home/user/.m2/repository/org/apache/hadoop/hadoop-ozone-recon/0.5.0-SNAPSHOT/hadoop-ozone-recon-0.5.0-SNAPSHOT.jar:/home/user/.m2/repository/org/apache/hadoop/hadoop-ozone-reconcodegen/0.5.0-SNAPSHOT/hadoop-ozone-reconcodegen-0.5.0-SNAPSHOT.jar:/home/user/.m2/repository/com/google/inject/extensions/guice-multibindings/4.0/guice-multibindings-4.0.jar:/home/user/.m2/repository/com/google/inject/guice/4.0/guice-4.0.jar:/home/user/.m2/repository/aopalliance/aopalliance/1.0/aopalliance-1.0.jar:/home/user/.m2/repository/com/google/inject/extensions/guice-servlet/4.0/guice-servlet-4.0.jar:/home/user/.m2/repository/org/glassfish/jersey/containers/jersey-container-servlet/2.27/jersey-container-servlet-2.27.jar:/home/user/.m2/repository/org/glassfish/hk2/guice-bridge/2.5.0/guice-bridge-2.5.0.jar:/home/user/.m2/repository/org/glassfish/jersey/core/jersey-server/2.27/jersey-server-2.27.jar:/home/user/.m2/repository/org/glassfish/jersey/core/jersey-client/2.27/jersey-client-2.27.jar:/home/user/.m2/repository/org/glassfish/jersey/media/jersey-media-jaxb/2.27/jersey-media-jaxb-2.27.jar:/home/user/.m2/repository/javax/validation/validation-api/1.1.0.Final/validation-api-1.1.0.Final.jar:/home/user/.m2/repository/org/glassfish/jersey/media/jersey-media-json-jackson/2.27/jersey-media-json-jackson-2.27.jar:/home/user/.m2/repository/org/glassfish/jersey/ext/jersey-entity-filtering/2.27/jersey-entity-filtering-2.27.jar:/home/user/.m2/repository/com/google/inject/extensions/guice-assistedinject/4.0/guice-assistedinject-4.0.jar:/home/user/.m2/repository/org/jooq/jooq/3.11.10/jooq-3.11.10.jar:/home/user/.m2/repository/org/jooq/jooq-meta/3.11.10/jooq-meta-3.11.10.jar:/home/user/.m2/repository/org/jooq/jooq-codegen/3.11.10/jooq-codegen-3.11.10.jar:/home/user/.m2/repository/com/jolbox/bonecp/0.8.0.RELEASE/bonecp-0.8.0.RELEASE.jar:/home/user/.m2/repository/org/springframework/spring-jdbc/5.1.3.RELEASE/spring-jdbc-5.1.3.RELEASE.jar:/home/user/.m2/repository/org/springframework/spring-beans/5.1.3.RELEASE/spring-beans-5.1.3.RELEASE.jar:/home/user/.m2/repository/org/springframework/spring-core/5.1.3.RELEASE/spring-core-5.1.3.RELEASE.jar:/home/user/.m2/repository/org/springframework/spring-jcl/5.1.3.RELEASE/spring-jcl-5.1.3.RELEASE.jar:/home/user/.m2/repository/org/springframework/spring-tx/5.1.3.RELEASE/spring-tx-5.1.3.RELEASE.jar:/home/user/.m2/repository/org/mockito/mockito-core/2.15.0/mockito-core-2.15.0.jar:/home/user/.m2/repository/net/bytebuddy/byte-buddy/1.7.9/byte-buddy-1.7.9.jar:/home/user/.m2/repository/net/bytebuddy/byte-buddy-agent/1.7.9/byte-buddy-agent-1.7.9.jar:/home/user/.m2/repository/org/objenesis/objenesis/1.0/objenesis-1.0.jar:"/>
    <property name="sun.cpu.endian" value="little"/>
    <property name="user.home" value="/home/user"/>
    <property name="user.language" value="en"/>
    <property name="java.specification.vendor" value="Oracle Corporation"/>
    <property name="java.home" value="/usr/lib/jvm/java-1.8-openjdk/jre"/>
    <property name="java.security.krb5.conf" value="/workdir/hadoop-ozone/tools/target/test-classes/krb5.conf"/>
    <property name="basedir" value="/workdir/hadoop-ozone/tools"/>
    <property name="file.separator" value="/"/>
    <property name="line.separator" value="&#10;"/>
    <property name="java.vm.specification.vendor" value="Oracle Corporation"/>
    <property name="java.specification.name" value="Java Platform API Specification"/>
    <property name="java.awt.graphicsenv" value="sun.awt.X11GraphicsEnvironment"/>
    <property name="surefire.real.class.path" value="/workdir/hadoop-ozone/tools/target/surefire/surefirebooter3459585191175437712.jar"/>
    <property name="hadoop.log.dir" value="/workdir/hadoop-ozone/tools/target/log"/>
    <property name="sun.boot.class.path" value="/usr/lib/jvm/java-1.8-openjdk/jre/lib/resources.jar:/usr/lib/jvm/java-1.8-openjdk/jre/lib/rt.jar:/usr/lib/jvm/java-1.8-openjdk/jre/lib/sunrsasign.jar:/usr/lib/jvm/java-1.8-openjdk/jre/lib/jsse.jar:/usr/lib/jvm/java-1.8-openjdk/jre/lib/jce.jar:/usr/lib/jvm/java-1.8-openjdk/jre/lib/charsets.jar:/usr/lib/jvm/java-1.8-openjdk/jre/lib/jfr.jar:/usr/lib/jvm/java-1.8-openjdk/jre/classes"/>
    <property name="sun.management.compiler" value="HotSpot 64-Bit Tiered Compilers"/>
    <property name="java.runtime.version" value="1.8.0_212-b04"/>
    <property name="java.net.preferIPv4Stack" value="true"/>
    <property name="user.name" value="jenkins1000"/>
    <property name="path.separator" value=":"/>
    <property name="java.security.egd" value="file:///dev/urandom"/>
    <property name="os.version" value="3.10.0-957.12.2.el7.x86_64"/>
    <property name="java.endorsed.dirs" value="/usr/lib/jvm/java-1.8-openjdk/jre/lib/endorsed"/>
    <property name="java.runtime.name" value="OpenJDK Runtime Environment"/>
    <property name="file.encoding" value="UTF-8"/>
    <property name="java.vm.name" value="OpenJDK 64-Bit Server VM"/>
    <property name="test.build.webapps" value=""/>
    <property name="localRepository" value="/home/user/.m2/repository"/>
    <property name="java.vendor.url.bug" value="https://icedtea.classpath.org/bugzilla"/>
    <property name="java.io.tmpdir" value="/tmp"/>
    <property name="require.test.libhadoop" value=""/>
    <property name="java.version" value="1.8.0_212"/>
    <property name="user.dir" value="/workdir/hadoop-ozone/tools"/>
    <property name="os.arch" value="amd64"/>
    <property name="java.vm.specification.name" value="Java Virtual Machine Specification"/>
    <property name="test.build.classes" value="/workdir/hadoop-ozone/tools/target/test-classes"/>
    <property name="java.awt.printerjob" value="sun.print.PSPrinterJob"/>
    <property name="sun.os.patch.level" value="unknown"/>
    <property name="hadoop.tmp.dir" value="/workdir/hadoop-ozone/tools/target/tmp"/>
    <property name="java.library.path" value="/usr/lib/jvm/java-1.8-openjdk/jre/lib/amd64/server:/usr/lib/jvm/java-1.8-openjdk/jre/lib/amd64:/usr/lib/jvm/java-1.8-openjdk/jre/../lib/amd64:/workdir/hadoop-ozone/tools/target/native/target/usr/local/lib:/workdir/hadoop-ozone/tools/../../hadoop-common-project/hadoop-common/target/native/target/usr/local/lib:/usr/java/packages/lib/amd64:/usr/lib64:/lib64:/lib:/usr/lib"/>
    <property name="java.vm.info" value="mixed mode"/>
    <property name="java.vendor" value="IcedTea"/>
    <property name="java.vm.version" value="25.212-b04"/>
    <property name="java.ext.dirs" value="/usr/lib/jvm/java-1.8-openjdk/jre/lib/ext:/usr/java/packages/lib/ext"/>
    <property name="sun.io.unicode.encoding" value="UnicodeLittle"/>
    <property name="java.class.version" value="52.0"/>
  </properties>
  <testcase name="ratisTestLargeKey" classname="org.apache.hadoop.ozone.freon.TestDataValidateWithUnsafeByteOperations" time="10.769">
    <error message="Allocated 0 blocks. Requested 5 blocks" type="INTERNAL_ERROR org.apache.hadoop.ozone.om.exceptions.OMException">INTERNAL_ERROR org.apache.hadoop.ozone.om.exceptions.OMException: Allocated 0 blocks. Requested 5 blocks
	at org.apache.hadoop.ozone.om.protocolPB.OzoneManagerProtocolClientSideTranslatorPB.handleError(OzoneManagerProtocolClientSideTranslatorPB.java:732)
	at org.apache.hadoop.ozone.om.protocolPB.OzoneManagerProtocolClientSideTranslatorPB.openKey(OzoneManagerProtocolClientSideTranslatorPB.java:723)
	at sun.reflect.NativeMethodAccessorImpl.invoke0(Native Method)
	at sun.reflect.NativeMethodAccessorImpl.invoke(NativeMethodAccessorImpl.java:62)
	at sun.reflect.DelegatingMethodAccessorImpl.invoke(DelegatingMethodAccessorImpl.java:43)
	at java.lang.reflect.Method.invoke(Method.java:498)
	at org.apache.hadoop.hdds.tracing.TraceAllMethod.invoke(TraceAllMethod.java:66)
	at com.sun.proxy.$Proxy37.openKey(Unknown Source)
	at org.apache.hadoop.ozone.client.rpc.RpcClient.createKey(RpcClient.java:614)
	at org.apache.hadoop.ozone.client.OzoneBucket.createKey(OzoneBucket.java:325)
	at org.apache.hadoop.ozone.freon.RandomKeyGenerator.createKey(RandomKeyGenerator.java:695)
	at org.apache.hadoop.ozone.freon.RandomKeyGenerator.access$1100(RandomKeyGenerator.java:88)
	at org.apache.hadoop.ozone.freon.RandomKeyGenerator$ObjectCreator.run(RandomKeyGenerator.java:615)
	at java.util.concurrent.Executors$RunnableAdapter.call(Executors.java:511)
	at java.util.concurrent.FutureTask.run(FutureTask.java:266)
	at java.util.concurrent.ThreadPoolExecutor.runWorker(ThreadPoolExecutor.java:1149)
	at java.util.concurrent.ThreadPoolExecutor$Worker.run(ThreadPoolExecutor.java:624)
	at java.lang.Thread.run(Thread.java:748)
</error>
    <system-out><![CDATA[2019-09-26 10:59:06,982 [main] WARN  server.ServerUtils (ServerUtils.java:getScmDbDir(145)) - ozone.scm.db.dirs is not configured. We recommend adding this setting. Falling back to ozone.metadata.dirs instead.
2019-09-26 10:59:07,143 [main] WARN  server.ServerUtils (ServerUtils.java:getScmDbDir(145)) - ozone.scm.db.dirs is not configured. We recommend adding this setting. Falling back to ozone.metadata.dirs instead.
2019-09-26 10:59:07,147 [main] WARN  server.ServerUtils (ServerUtils.java:getScmDbDir(145)) - ozone.scm.db.dirs is not configured. We recommend adding this setting. Falling back to ozone.metadata.dirs instead.
2019-09-26 10:59:07,167 [main] INFO  util.log (Log.java:initialized(192)) - Logging initialized @919ms
2019-09-26 10:59:07,270 [main] INFO  db.DBStoreBuilder (DBStoreBuilder.java:addTable(110)) - using custom profile for table: deletedBlocks
2019-09-26 10:59:07,270 [main] INFO  db.DBStoreBuilder (DBStoreBuilder.java:processTables(161)) - Using default column profile:DBProfile.DISK for Table:deletedBlocks
2019-09-26 10:59:07,271 [main] INFO  db.DBStoreBuilder (DBStoreBuilder.java:addTable(110)) - using custom profile for table: validCerts
2019-09-26 10:59:07,271 [main] INFO  db.DBStoreBuilder (DBStoreBuilder.java:processTables(161)) - Using default column profile:DBProfile.DISK for Table:validCerts
2019-09-26 10:59:07,271 [main] INFO  db.DBStoreBuilder (DBStoreBuilder.java:addTable(110)) - using custom profile for table: revokedCerts
2019-09-26 10:59:07,272 [main] INFO  db.DBStoreBuilder (DBStoreBuilder.java:processTables(161)) - Using default column profile:DBProfile.DISK for Table:revokedCerts
2019-09-26 10:59:07,284 [main] INFO  db.DBStoreBuilder (DBStoreBuilder.java:addTable(110)) - using custom profile for table: default
2019-09-26 10:59:07,284 [main] INFO  db.DBStoreBuilder (DBStoreBuilder.java:processTables(167)) - Using default column profile:DBProfile.DISK for Table:default
2019-09-26 10:59:07,285 [main] INFO  db.DBStoreBuilder (DBStoreBuilder.java:getDbProfile(198)) - Using default options. DBProfile.DISK
2019-09-26 10:59:07,675 [main] INFO  net.NodeSchemaLoader (NodeSchemaLoader.java:loadSchemaFromFile(125)) - Loading file from sun.misc.CompoundEnumeration@3e694b3f
2019-09-26 10:59:07,677 [main] INFO  net.NodeSchemaLoader (NodeSchemaLoader.java:loadSchema(171)) - Loading network topology layer schema file
2019-09-26 10:59:07,773 [main] WARN  server.ServerUtils (ServerUtils.java:sanitizeUserArgs(70)) - ozone.scm.stale.node.interval value = 300000 is larger than max = 100000 based on the key value of ozone.scm.heartbeat.thread.interval, reset to the max value 100000.
2019-09-26 10:59:07,776 [main] WARN  server.ServerUtils (ServerUtils.java:sanitizeUserArgs(70)) - ozone.scm.stale.node.interval value = 300000 is larger than max = 100000 based on the key value of ozone.scm.heartbeat.thread.interval, reset to the max value 100000.
2019-09-26 10:59:07,778 [main] INFO  node.SCMNodeManager (SCMNodeManager.java:<init>(114)) - Entering startup safe mode.
2019-09-26 10:59:07,851 [main] INFO  algorithms.ContainerPlacementPolicyFactory (ContainerPlacementPolicyFactory.java:getPolicy(59)) - Create container placement policy of type org.apache.hadoop.hdds.scm.container.placement.algorithms.SCMContainerPlacementRandom
2019-09-26 10:59:07,866 [main] WARN  server.ServerUtils (ServerUtils.java:getScmDbDir(145)) - ozone.scm.db.dirs is not configured. We recommend adding this setting. Falling back to ozone.metadata.dirs instead.
2019-09-26 10:59:07,949 [main] INFO  pipeline.SCMPipelineManager (SCMPipelineManager.java:initializePipelineState(132)) - No pipeline exists in current db
2019-09-26 10:59:07,952 [main] WARN  server.ServerUtils (ServerUtils.java:getScmDbDir(145)) - ozone.scm.db.dirs is not configured. We recommend adding this setting. Falling back to ozone.metadata.dirs instead.
2019-09-26 10:59:08,079 [main] WARN  events.EventQueue (EventQueue.java:fireEvent(183)) - No event handler registered for event TypedEvent{payloadType=SafeModeStatus, name='SafeModeStatus'}
2019-09-26 10:59:08,440 [main] INFO  ipc.CallQueueManager (CallQueueManager.java:<init>(84)) - Using callQueue: class java.util.concurrent.LinkedBlockingQueue, queueCapacity: 2000, scheduler: class org.apache.hadoop.ipc.DefaultRpcScheduler, ipcBackoff: false.
2019-09-26 10:59:08,468 [Socket Reader #1 for port 42653] INFO  ipc.Server (Server.java:run(1074)) - Starting Socket Reader #1 for port 42653
2019-09-26 10:59:08,618 [main] INFO  ipc.CallQueueManager (CallQueueManager.java:<init>(84)) - Using callQueue: class java.util.concurrent.LinkedBlockingQueue, queueCapacity: 2000, scheduler: class org.apache.hadoop.ipc.DefaultRpcScheduler, ipcBackoff: false.
2019-09-26 10:59:08,619 [Socket Reader #1 for port 40095] INFO  ipc.Server (Server.java:run(1074)) - Starting Socket Reader #1 for port 40095
2019-09-26 10:59:08,632 [main] INFO  ipc.CallQueueManager (CallQueueManager.java:<init>(84)) - Using callQueue: class java.util.concurrent.LinkedBlockingQueue, queueCapacity: 2000, scheduler: class org.apache.hadoop.ipc.DefaultRpcScheduler, ipcBackoff: false.
2019-09-26 10:59:08,633 [Socket Reader #1 for port 33183] INFO  ipc.Server (Server.java:run(1074)) - Starting Socket Reader #1 for port 33183
2019-09-26 10:59:08,662 [main] INFO  hdfs.DFSUtil (DFSUtil.java:httpServerTemplateForNNAndJN(1641)) - Starting Web-server for scm at: http://0.0.0.0:0
2019-09-26 10:59:08,811 [main] INFO  server.AuthenticationFilter (AuthenticationFilter.java:constructSecretProvider(240)) - Unable to initialize FileSignerSecretProvider, falling back to use random secrets.
2019-09-26 10:59:08,828 [main] WARN  http.HttpRequestLog (HttpRequestLog.java:getRequestLog(97)) - Jetty request log can only be enabled using Log4j
2019-09-26 10:59:08,837 [main] INFO  http.HttpServer2 (HttpServer2.java:addGlobalFilter(975)) - Added global filter 'safety' (class=org.apache.hadoop.http.HttpServer2$QuotingInputFilter)
2019-09-26 10:59:08,840 [main] INFO  http.HttpServer2 (HttpServer2.java:addFilter(948)) - Added filter static_user_filter (class=org.apache.hadoop.http.lib.StaticUserWebFilter$StaticUserFilter) to context scm
2019-09-26 10:59:08,840 [main] INFO  http.HttpServer2 (HttpServer2.java:addFilter(958)) - Added filter static_user_filter (class=org.apache.hadoop.http.lib.StaticUserWebFilter$StaticUserFilter) to context static
2019-09-26 10:59:08,841 [main] INFO  http.HttpServer2 (HttpServer2.java:addFilter(958)) - Added filter static_user_filter (class=org.apache.hadoop.http.lib.StaticUserWebFilter$StaticUserFilter) to context logs
2019-09-26 10:59:08,869 [main] INFO  server.StorageContainerManager (StorageContainerManager.java:start(770)) - StorageContainerLocationProtocol RPC server is listening at /0.0.0.0:33183
2019-09-26 10:59:08,923 [main] WARN  impl.MetricsConfig (MetricsConfig.java:loadFirst(134)) - Cannot locate configuration: tried hadoop-metrics2-storagecontainermanager.properties,hadoop-metrics2.properties
2019-09-26 10:59:08,936 [main] INFO  impl.MetricsSystemImpl (MetricsSystemImpl.java:startTimer(374)) - Scheduled Metric snapshot period at 10 second(s).
2019-09-26 10:59:08,936 [main] INFO  impl.MetricsSystemImpl (MetricsSystemImpl.java:start(191)) - StorageContainerManager metrics system started
2019-09-26 10:59:09,156 [main] INFO  server.SCMClientProtocolServer (SCMClientProtocolServer.java:start(151)) - RPC server for Client  is listening at /0.0.0.0:33183
2019-09-26 10:59:09,156 [IPC Server Responder] INFO  ipc.Server (Server.java:run(1314)) - IPC Server Responder: starting
2019-09-26 10:59:09,156 [IPC Server listener on 33183] INFO  ipc.Server (Server.java:run(1153)) - IPC Server listener on 33183: starting
2019-09-26 10:59:09,160 [main] INFO  server.StorageContainerManager (StorageContainerManager.java:start(780)) - ScmBlockLocationProtocol RPC server is listening at /0.0.0.0:40095
2019-09-26 10:59:09,161 [main] INFO  server.SCMBlockProtocolServer (SCMBlockProtocolServer.java:start(146)) - RPC server for Block Protocol is listening at /0.0.0.0:40095
2019-09-26 10:59:09,162 [IPC Server Responder] INFO  ipc.Server (Server.java:run(1314)) - IPC Server Responder: starting
2019-09-26 10:59:09,162 [IPC Server listener on 40095] INFO  ipc.Server (Server.java:run(1153)) - IPC Server listener on 40095: starting
2019-09-26 10:59:09,165 [main] INFO  server.StorageContainerManager (StorageContainerManager.java:start(784)) - ScmDatanodeProtocl RPC server is listening at /0.0.0.0:42653
2019-09-26 10:59:09,165 [main] INFO  server.SCMDatanodeProtocolServer (SCMDatanodeProtocolServer.java:start(191)) - RPC server for DataNodes is listening at /0.0.0.0:42653
2019-09-26 10:59:09,165 [IPC Server Responder] INFO  ipc.Server (Server.java:run(1314)) - IPC Server Responder: starting
2019-09-26 10:59:09,165 [IPC Server listener on 42653] INFO  ipc.Server (Server.java:run(1153)) - IPC Server listener on 42653: starting
2019-09-26 10:59:09,169 [main] INFO  http.HttpServer2 (HttpServer2.java:bindListener(1191)) - Jetty bound to port 43191
2019-09-26 10:59:09,171 [main] INFO  server.Server (Server.java:doStart(351)) - jetty-9.3.25.v20180904, build timestamp: 2018-09-04T21:11:46Z, git hash: 3ce520221d0240229c862b122d2b06c12a625732
2019-09-26 10:59:09,205 [main] INFO  handler.ContextHandler (ContextHandler.java:doStart(781)) - Started o.e.j.s.ServletContextHandler@4983159f{/logs,file:///workdir/hadoop-ozone/tools/target/log,AVAILABLE}
2019-09-26 10:59:09,206 [main] INFO  handler.ContextHandler (ContextHandler.java:doStart(781)) - Started o.e.j.s.ServletContextHandler@1d2bd371{/static,jar:file:/home/user/.m2/repository/org/apache/hadoop/hadoop-hdds-server-scm/0.5.0-SNAPSHOT/hadoop-hdds-server-scm-0.5.0-SNAPSHOT.jar!/webapps/static,AVAILABLE}
2019-09-26 10:59:09,278 [main] INFO  handler.ContextHandler (ContextHandler.java:doStart(781)) - Started o.e.j.w.WebAppContext@78461bc4{/,file:///tmp/jetty-0.0.0.0-43191-scm-_-any-1315051999819764554.dir/webapp/,AVAILABLE}{/scm}
2019-09-26 10:59:09,283 [main] INFO  server.AbstractConnector (AbstractConnector.java:doStart(278)) - Started ServerConnector@51f49060{HTTP/1.1,[http/1.1]}{0.0.0.0:43191}
2019-09-26 10:59:09,283 [main] INFO  server.Server (Server.java:doStart(419)) - Started @3036ms
2019-09-26 10:59:09,286 [main] INFO  impl.MetricsSinkAdapter (MetricsSinkAdapter.java:start(204)) - Sink prometheus started
2019-09-26 10:59:09,286 [main] INFO  impl.MetricsSystemImpl (MetricsSystemImpl.java:registerSink(301)) - Registered sink prometheus
2019-09-26 10:59:09,287 [main] INFO  server.BaseHttpServer (BaseHttpServer.java:updateConnectorAddress(215)) - HTTP server of SCM is listening at http://0.0.0.0:43191
2019-09-26 10:59:09,293 [org.apache.hadoop.util.JvmPauseMonitor$Monitor@46ab18da] INFO  util.JvmPauseMonitor (JvmPauseMonitor.java:run(188)) - Starting JVM pause monitor
2019-09-26 10:59:09,295 [main] WARN  server.ServerUtils (ServerUtils.java:getDBPath(222)) - ozone.om.db.dirs is not configured. We recommend adding this setting. Falling back to ozone.metadata.dirs instead.
2019-09-26 10:59:09,389 [main] WARN  server.ServerUtils (ServerUtils.java:getDBPath(222)) - ozone.om.db.dirs is not configured. We recommend adding this setting. Falling back to ozone.metadata.dirs instead.
2019-09-26 10:59:09,389 [main] WARN  server.ServerUtils (ServerUtils.java:getDBPath(222)) - ozone.om.db.dirs is not configured. We recommend adding this setting. Falling back to ozone.metadata.dirs instead.
2019-09-26 10:59:09,390 [main] INFO  om.OzoneManager (OzoneManager.java:setOMNodeDetails(652)) - OM Service ID is not set. Setting it to the default ID: omServiceIdDefault
2019-09-26 10:59:09,390 [main] INFO  om.OzoneManager (OzoneManager.java:setOMNodeDetails(658)) - OM Node ID is not set. Setting it to the OmStorage's OmID: 3946ecb4-a1f2-4d9e-a114-c0caac19349d
2019-09-26 10:59:09,392 [main] INFO  om.OzoneManager (OzoneManager.java:loadOMHAConfigs(609)) - Found matching OM address with OMServiceId: null, OMNodeId: null, RPC Address: localhost:0 and Ratis port: 9872
2019-09-26 10:59:10,112 [main] WARN  server.ServerUtils (ServerUtils.java:getDBPath(222)) - ozone.om.db.dirs is not configured. We recommend adding this setting. Falling back to ozone.metadata.dirs instead.
2019-09-26 10:59:10,120 [main] INFO  db.DBStoreBuilder (DBStoreBuilder.java:addTable(110)) - using custom profile for table: userTable
2019-09-26 10:59:10,120 [main] INFO  db.DBStoreBuilder (DBStoreBuilder.java:processTables(161)) - Using default column profile:DBProfile.DISK for Table:userTable
2019-09-26 10:59:10,120 [main] INFO  db.DBStoreBuilder (DBStoreBuilder.java:addTable(110)) - using custom profile for table: volumeTable
2019-09-26 10:59:10,120 [main] INFO  db.DBStoreBuilder (DBStoreBuilder.java:processTables(161)) - Using default column profile:DBProfile.DISK for Table:volumeTable
2019-09-26 10:59:10,121 [main] INFO  db.DBStoreBuilder (DBStoreBuilder.java:addTable(110)) - using custom profile for table: bucketTable
2019-09-26 10:59:10,121 [main] INFO  db.DBStoreBuilder (DBStoreBuilder.java:processTables(161)) - Using default column profile:DBProfile.DISK for Table:bucketTable
2019-09-26 10:59:10,121 [main] INFO  db.DBStoreBuilder (DBStoreBuilder.java:addTable(110)) - using custom profile for table: keyTable
2019-09-26 10:59:10,121 [main] INFO  db.DBStoreBuilder (DBStoreBuilder.java:processTables(161)) - Using default column profile:DBProfile.DISK for Table:keyTable
2019-09-26 10:59:10,122 [main] INFO  db.DBStoreBuilder (DBStoreBuilder.java:addTable(110)) - using custom profile for table: deletedTable
2019-09-26 10:59:10,122 [main] INFO  db.DBStoreBuilder (DBStoreBuilder.java:processTables(161)) - Using default column profile:DBProfile.DISK for Table:deletedTable
2019-09-26 10:59:10,122 [main] INFO  db.DBStoreBuilder (DBStoreBuilder.java:addTable(110)) - using custom profile for table: openKeyTable
2019-09-26 10:59:10,122 [main] INFO  db.DBStoreBuilder (DBStoreBuilder.java:processTables(161)) - Using default column profile:DBProfile.DISK for Table:openKeyTable
2019-09-26 10:59:10,123 [main] INFO  db.DBStoreBuilder (DBStoreBuilder.java:addTable(110)) - using custom profile for table: s3Table
2019-09-26 10:59:10,123 [main] INFO  db.DBStoreBuilder (DBStoreBuilder.java:processTables(161)) - Using default column profile:DBProfile.DISK for Table:s3Table
2019-09-26 10:59:10,123 [main] INFO  db.DBStoreBuilder (DBStoreBuilder.java:addTable(110)) - using custom profile for table: multipartInfoTable
2019-09-26 10:59:10,123 [main] INFO  db.DBStoreBuilder (DBStoreBuilder.java:processTables(161)) - Using default column profile:DBProfile.DISK for Table:multipartInfoTable
2019-09-26 10:59:10,124 [main] INFO  db.DBStoreBuilder (DBStoreBuilder.java:addTable(110)) - using custom profile for table: dTokenTable
2019-09-26 10:59:10,124 [main] INFO  db.DBStoreBuilder (DBStoreBuilder.java:processTables(161)) - Using default column profile:DBProfile.DISK for Table:dTokenTable
2019-09-26 10:59:10,124 [main] INFO  db.DBStoreBuilder (DBStoreBuilder.java:addTable(110)) - using custom profile for table: s3SecretTable
2019-09-26 10:59:10,124 [main] INFO  db.DBStoreBuilder (DBStoreBuilder.java:processTables(161)) - Using default column profile:DBProfile.DISK for Table:s3SecretTable
2019-09-26 10:59:10,125 [main] INFO  db.DBStoreBuilder (DBStoreBuilder.java:addTable(110)) - using custom profile for table: prefixTable
2019-09-26 10:59:10,125 [main] INFO  db.DBStoreBuilder (DBStoreBuilder.java:processTables(161)) - Using default column profile:DBProfile.DISK for Table:prefixTable
2019-09-26 10:59:10,125 [main] INFO  db.DBStoreBuilder (DBStoreBuilder.java:addTable(110)) - using custom profile for table: default
2019-09-26 10:59:10,126 [main] INFO  db.DBStoreBuilder (DBStoreBuilder.java:processTables(167)) - Using default column profile:DBProfile.DISK for Table:default
2019-09-26 10:59:10,126 [main] INFO  db.DBStoreBuilder (DBStoreBuilder.java:getDbProfile(198)) - Using default options. DBProfile.DISK
2019-09-26 10:59:10,803 [main] INFO  ipc.CallQueueManager (CallQueueManager.java:<init>(84)) - Using callQueue: class java.util.concurrent.LinkedBlockingQueue, queueCapacity: 2000, scheduler: class org.apache.hadoop.ipc.DefaultRpcScheduler, ipcBackoff: false.
2019-09-26 10:59:10,804 [Socket Reader #1 for port 44791] INFO  ipc.Server (Server.java:run(1074)) - Starting Socket Reader #1 for port 44791
2019-09-26 10:59:10,830 [main] INFO  om.OzoneManager (OzoneManager.java:start(1243)) - OzoneManager RPC server is listening at localhost/127.0.0.1:44791
2019-09-26 10:59:10,830 [main] INFO  impl.MetricsSystemImpl (MetricsSystemImpl.java:init(158)) - OzoneManager metrics system started (again)
2019-09-26 10:59:10,831 [IPC Server Responder] INFO  ipc.Server (Server.java:run(1314)) - IPC Server Responder: starting
2019-09-26 10:59:10,832 [IPC Server listener on 44791] INFO  ipc.Server (Server.java:run(1153)) - IPC Server listener on 44791: starting
2019-09-26 10:59:10,838 [main] INFO  hdfs.DFSUtil (DFSUtil.java:httpServerTemplateForNNAndJN(1641)) - Starting Web-server for ozoneManager at: http://0.0.0.0:0
2019-09-26 10:59:10,840 [main] INFO  server.AuthenticationFilter (AuthenticationFilter.java:constructSecretProvider(240)) - Unable to initialize FileSignerSecretProvider, falling back to use random secrets.
2019-09-26 10:59:10,841 [main] WARN  http.HttpRequestLog (HttpRequestLog.java:getRequestLog(97)) - Jetty request log can only be enabled using Log4j
2019-09-26 10:59:10,842 [main] INFO  http.HttpServer2 (HttpServer2.java:addGlobalFilter(975)) - Added global filter 'safety' (class=org.apache.hadoop.http.HttpServer2$QuotingInputFilter)
2019-09-26 10:59:10,843 [main] INFO  http.HttpServer2 (HttpServer2.java:addFilter(948)) - Added filter static_user_filter (class=org.apache.hadoop.http.lib.StaticUserWebFilter$StaticUserFilter) to context ozoneManager
2019-09-26 10:59:10,843 [main] INFO  http.HttpServer2 (HttpServer2.java:addFilter(958)) - Added filter static_user_filter (class=org.apache.hadoop.http.lib.StaticUserWebFilter$StaticUserFilter) to context logs
2019-09-26 10:59:10,844 [main] INFO  http.HttpServer2 (HttpServer2.java:addFilter(958)) - Added filter static_user_filter (class=org.apache.hadoop.http.lib.StaticUserWebFilter$StaticUserFilter) to context static
2019-09-26 10:59:10,846 [main] INFO  http.HttpServer2 (HttpServer2.java:bindListener(1191)) - Jetty bound to port 39147
2019-09-26 10:59:10,846 [main] INFO  server.Server (Server.java:doStart(351)) - jetty-9.3.25.v20180904, build timestamp: 2018-09-04T21:11:46Z, git hash: 3ce520221d0240229c862b122d2b06c12a625732
2019-09-26 10:59:10,848 [main] INFO  handler.ContextHandler (ContextHandler.java:doStart(781)) - Started o.e.j.s.ServletContextHandler@55b8dbda{/logs,file:///workdir/hadoop-ozone/tools/target/log,AVAILABLE}
2019-09-26 10:59:10,848 [main] INFO  handler.ContextHandler (ContextHandler.java:doStart(781)) - Started o.e.j.s.ServletContextHandler@3a022576{/static,jar:file:/home/user/.m2/repository/org/apache/hadoop/hadoop-ozone-ozone-manager/0.5.0-SNAPSHOT/hadoop-ozone-ozone-manager-0.5.0-SNAPSHOT.jar!/webapps/static,AVAILABLE}
2019-09-26 10:59:10,896 [main] INFO  handler.ContextHandler (ContextHandler.java:doStart(781)) - Started o.e.j.w.WebAppContext@388b401d{/,file:///tmp/jetty-0.0.0.0-39147-ozoneManager-_-any-537603045921111145.dir/webapp/,AVAILABLE}{/ozoneManager}
2019-09-26 10:59:10,898 [main] INFO  server.AbstractConnector (AbstractConnector.java:doStart(278)) - Started ServerConnector@2bcec6a6{HTTP/1.1,[http/1.1]}{0.0.0.0:39147}
2019-09-26 10:59:10,898 [main] INFO  server.Server (Server.java:doStart(419)) - Started @4650ms
2019-09-26 10:59:10,899 [main] WARN  impl.MetricsSystemImpl (MetricsSystemImpl.java:register(276)) - Sink prometheus already exists!
2019-09-26 10:59:10,899 [main] INFO  server.BaseHttpServer (BaseHttpServer.java:updateConnectorAddress(215)) - HTTP server of OZONEMANAGER is listening at http://0.0.0.0:39147
2019-09-26 10:59:11,187 [main] INFO  impl.MetricsSystemImpl (MetricsSystemImpl.java:init(158)) - HddsDatanode metrics system started (again)
2019-09-26 10:59:11,249 [main] INFO  ozone.HddsDatanodeService (HddsDatanodeService.java:start(184)) - HddsDatanodeService host:pr-hdds-1569-wvzgm-824869521 ip:192.168.30.13
2019-09-26 10:59:11,287 [main] INFO  volume.HddsVolume (HddsVolume.java:<init>(176)) - Creating Volume: /workdir/hadoop-ozone/tools/target/test-dir/MiniOzoneClusterImpl-500c1b69-91fd-4a69-8f24-d9dc154afa78/datanode-0/data/containers/hdds of  storage type : DISK and capacity : 1482555576320
2019-09-26 10:59:11,289 [main] INFO  volume.VolumeSet (VolumeSet.java:initializeVolumeSet(170)) - Added Volume : /workdir/hadoop-ozone/tools/target/test-dir/MiniOzoneClusterImpl-500c1b69-91fd-4a69-8f24-d9dc154afa78/datanode-0/data/containers/hdds to VolumeSet
2019-09-26 10:59:11,292 [main] INFO  volume.ThrottledAsyncChecker (ThrottledAsyncChecker.java:schedule(139)) - Scheduling a check for org.apache.hadoop.ozone.container.common.volume.HddsVolume@5ff60a8c
2019-09-26 10:59:11,311 [main] INFO  volume.HddsVolumeChecker (HddsVolumeChecker.java:checkAllVolumes(202)) - Scheduled health check for volume org.apache.hadoop.ozone.container.common.volume.HddsVolume@5ff60a8c
2019-09-26 10:59:11,430 [main] INFO  impl.RaftServerProxy (ConfUtils.java:logGet(43)) - raft.rpc.type = GRPC (default)
2019-09-26 10:59:11,515 [main] INFO  grpc.GrpcFactory (GrpcFactory.java:checkPooledByteBufAllocatorUseCacheForAllThreads(45)) - PERFORMANCE WARNING: useCacheForAllThreads is true that may cause Netty to create a lot garbage objects and, as a result, trigger GC.
	It is recommended to disable useCacheForAllThreads by setting -Dorg.apache.ratis.thirdparty.io.netty.allocator.useCacheForAllThreads=false in command line.
2019-09-26 10:59:11,522 [main] INFO  grpc.GrpcConfigKeys$Server (ConfUtils.java:logGet(43)) - raft.grpc.server.port = 0 (default)
2019-09-26 10:59:11,523 [main] INFO  server.GrpcService (ConfUtils.java:logGet(43)) - raft.grpc.message.size.max = 33570816 (custom)
2019-09-26 10:59:11,525 [main] INFO  server.RaftServerConfigKeys (ConfUtils.java:logGet(43)) - raft.server.log.appender.buffer.byte-limit = 33554432 (custom)
2019-09-26 10:59:11,526 [main] INFO  server.GrpcService (ConfUtils.java:logGet(43)) - raft.grpc.flow.control.window = 1MB (=1048576) (default)
2019-09-26 10:59:11,527 [main] INFO  server.RaftServerConfigKeys (ConfUtils.java:logGet(43)) - raft.server.rpc.request.timeout = 3000ms (default)
2019-09-26 10:59:11,711 [main] INFO  server.RaftServerConfigKeys (ConfUtils.java:logGet(43)) - raft.server.storage.dir = [/workdir/hadoop-ozone/tools/target/test-dir/MiniOzoneClusterImpl-500c1b69-91fd-4a69-8f24-d9dc154afa78/datanode-0/data/ratis] (custom)
2019-09-26 10:59:11,778 [main] INFO  hdfs.DFSUtil (DFSUtil.java:httpServerTemplateForNNAndJN(1641)) - Starting Web-server for hddsDatanode at: http://0.0.0.0:0
2019-09-26 10:59:11,782 [main] INFO  server.AuthenticationFilter (AuthenticationFilter.java:constructSecretProvider(240)) - Unable to initialize FileSignerSecretProvider, falling back to use random secrets.
2019-09-26 10:59:11,783 [main] WARN  http.HttpRequestLog (HttpRequestLog.java:getRequestLog(97)) - Jetty request log can only be enabled using Log4j
2019-09-26 10:59:11,786 [main] INFO  http.HttpServer2 (HttpServer2.java:addGlobalFilter(975)) - Added global filter 'safety' (class=org.apache.hadoop.http.HttpServer2$QuotingInputFilter)
2019-09-26 10:59:11,788 [main] INFO  http.HttpServer2 (HttpServer2.java:addFilter(948)) - Added filter static_user_filter (class=org.apache.hadoop.http.lib.StaticUserWebFilter$StaticUserFilter) to context hddsDatanode
2019-09-26 10:59:11,788 [main] INFO  http.HttpServer2 (HttpServer2.java:addFilter(958)) - Added filter static_user_filter (class=org.apache.hadoop.http.lib.StaticUserWebFilter$StaticUserFilter) to context logs
2019-09-26 10:59:11,788 [main] INFO  http.HttpServer2 (HttpServer2.java:addFilter(958)) - Added filter static_user_filter (class=org.apache.hadoop.http.lib.StaticUserWebFilter$StaticUserFilter) to context static
2019-09-26 10:59:11,791 [main] INFO  http.HttpServer2 (HttpServer2.java:bindListener(1191)) - Jetty bound to port 42982
2019-09-26 10:59:11,791 [main] INFO  server.Server (Server.java:doStart(351)) - jetty-9.3.25.v20180904, build timestamp: 2018-09-04T21:11:46Z, git hash: 3ce520221d0240229c862b122d2b06c12a625732
2019-09-26 10:59:11,794 [main] INFO  handler.ContextHandler (ContextHandler.java:doStart(781)) - Started o.e.j.s.ServletContextHandler@352c44a8{/logs,file:///workdir/hadoop-ozone/tools/target/log,AVAILABLE}
2019-09-26 10:59:11,795 [main] INFO  handler.ContextHandler (ContextHandler.java:doStart(781)) - Started o.e.j.s.ServletContextHandler@a66e580{/static,jar:file:/home/user/.m2/repository/org/apache/hadoop/hadoop-hdds-container-service/0.5.0-SNAPSHOT/hadoop-hdds-container-service-0.5.0-SNAPSHOT.jar!/webapps/static,AVAILABLE}
2019-09-26 10:59:11,844 [main] INFO  handler.ContextHandler (ContextHandler.java:doStart(781)) - Started o.e.j.w.WebAppContext@3dffc764{/,file:///tmp/jetty-0.0.0.0-42982-hddsDatanode-_-any-1279801035353427661.dir/webapp/,AVAILABLE}{/hddsDatanode}
2019-09-26 10:59:11,845 [main] INFO  server.AbstractConnector (AbstractConnector.java:doStart(278)) - Started ServerConnector@4b6e1c0{HTTP/1.1,[http/1.1]}{0.0.0.0:42982}
2019-09-26 10:59:11,847 [main] INFO  server.Server (Server.java:doStart(419)) - Started @5599ms
2019-09-26 10:59:11,847 [main] WARN  impl.MetricsSystemImpl (MetricsSystemImpl.java:register(276)) - Sink prometheus already exists!
2019-09-26 10:59:11,848 [main] INFO  server.BaseHttpServer (BaseHttpServer.java:updateConnectorAddress(215)) - HTTP server of HDDSDATANODE is listening at http://0.0.0.0:42982
2019-09-26 10:59:11,850 [main] INFO  impl.MetricsSystemImpl (MetricsSystemImpl.java:init(158)) - HddsDatanode metrics system started (again)
2019-09-26 10:59:11,854 [main] INFO  ozone.HddsDatanodeService (HddsDatanodeService.java:start(184)) - HddsDatanodeService host:pr-hdds-1569-wvzgm-824869521 ip:192.168.30.13
2019-09-26 10:59:11,856 [org.apache.hadoop.util.JvmPauseMonitor$Monitor@3b6548c6] INFO  util.JvmPauseMonitor (JvmPauseMonitor.java:run(188)) - Starting JVM pause monitor
2019-09-26 10:59:11,865 [main] INFO  volume.HddsVolume (HddsVolume.java:<init>(176)) - Creating Volume: /workdir/hadoop-ozone/tools/target/test-dir/MiniOzoneClusterImpl-500c1b69-91fd-4a69-8f24-d9dc154afa78/datanode-1/data/containers/hdds of  storage type : DISK and capacity : 1482555576320
2019-09-26 10:59:11,865 [main] INFO  volume.VolumeSet (VolumeSet.java:initializeVolumeSet(170)) - Added Volume : /workdir/hadoop-ozone/tools/target/test-dir/MiniOzoneClusterImpl-500c1b69-91fd-4a69-8f24-d9dc154afa78/datanode-1/data/containers/hdds to VolumeSet
2019-09-26 10:59:11,866 [main] INFO  volume.ThrottledAsyncChecker (ThrottledAsyncChecker.java:schedule(139)) - Scheduling a check for org.apache.hadoop.ozone.container.common.volume.HddsVolume@12fcc71f
2019-09-26 10:59:11,867 [main] INFO  volume.HddsVolumeChecker (HddsVolumeChecker.java:checkAllVolumes(202)) - Scheduled health check for volume org.apache.hadoop.ozone.container.common.volume.HddsVolume@12fcc71f
2019-09-26 10:59:11,888 [main] INFO  impl.RaftServerProxy (ConfUtils.java:logGet(43)) - raft.rpc.type = GRPC (default)
2019-09-26 10:59:11,889 [main] INFO  grpc.GrpcFactory (GrpcFactory.java:checkPooledByteBufAllocatorUseCacheForAllThreads(45)) - PERFORMANCE WARNING: useCacheForAllThreads is true that may cause Netty to create a lot garbage objects and, as a result, trigger GC.
	It is recommended to disable useCacheForAllThreads by setting -Dorg.apache.ratis.thirdparty.io.netty.allocator.useCacheForAllThreads=false in command line.
2019-09-26 10:59:11,889 [main] INFO  grpc.GrpcConfigKeys$Server (ConfUtils.java:logGet(43)) - raft.grpc.server.port = 0 (default)
2019-09-26 10:59:11,890 [main] INFO  server.GrpcService (ConfUtils.java:logGet(43)) - raft.grpc.message.size.max = 33570816 (custom)
2019-09-26 10:59:11,890 [main] INFO  server.RaftServerConfigKeys (ConfUtils.java:logGet(43)) - raft.server.log.appender.buffer.byte-limit = 33554432 (custom)
2019-09-26 10:59:11,890 [main] INFO  server.GrpcService (ConfUtils.java:logGet(43)) - raft.grpc.flow.control.window = 1MB (=1048576) (default)
2019-09-26 10:59:11,891 [main] INFO  server.RaftServerConfigKeys (ConfUtils.java:logGet(43)) - raft.server.rpc.request.timeout = 3000ms (default)
2019-09-26 10:59:11,891 [main] INFO  server.RaftServerConfigKeys (ConfUtils.java:logGet(43)) - raft.server.storage.dir = [/workdir/hadoop-ozone/tools/target/test-dir/MiniOzoneClusterImpl-500c1b69-91fd-4a69-8f24-d9dc154afa78/datanode-1/data/ratis] (custom)
2019-09-26 10:59:11,893 [main] INFO  hdfs.DFSUtil (DFSUtil.java:httpServerTemplateForNNAndJN(1641)) - Starting Web-server for hddsDatanode at: http://0.0.0.0:0
2019-09-26 10:59:11,895 [main] INFO  server.AuthenticationFilter (AuthenticationFilter.java:constructSecretProvider(240)) - Unable to initialize FileSignerSecretProvider, falling back to use random secrets.
2019-09-26 10:59:11,896 [main] WARN  http.HttpRequestLog (HttpRequestLog.java:getRequestLog(97)) - Jetty request log can only be enabled using Log4j
2019-09-26 10:59:11,899 [main] INFO  http.HttpServer2 (HttpServer2.java:addGlobalFilter(975)) - Added global filter 'safety' (class=org.apache.hadoop.http.HttpServer2$QuotingInputFilter)
2019-09-26 10:59:11,900 [main] INFO  http.HttpServer2 (HttpServer2.java:addFilter(948)) - Added filter static_user_filter (class=org.apache.hadoop.http.lib.StaticUserWebFilter$StaticUserFilter) to context hddsDatanode
2019-09-26 10:59:11,900 [main] INFO  http.HttpServer2 (HttpServer2.java:addFilter(958)) - Added filter static_user_filter (class=org.apache.hadoop.http.lib.StaticUserWebFilter$StaticUserFilter) to context static
2019-09-26 10:59:11,901 [main] INFO  http.HttpServer2 (HttpServer2.java:addFilter(958)) - Added filter static_user_filter (class=org.apache.hadoop.http.lib.StaticUserWebFilter$StaticUserFilter) to context logs
2019-09-26 10:59:11,902 [main] INFO  http.HttpServer2 (HttpServer2.java:bindListener(1191)) - Jetty bound to port 42699
2019-09-26 10:59:11,902 [main] INFO  server.Server (Server.java:doStart(351)) - jetty-9.3.25.v20180904, build timestamp: 2018-09-04T21:11:46Z, git hash: 3ce520221d0240229c862b122d2b06c12a625732
2019-09-26 10:59:11,907 [main] INFO  handler.ContextHandler (ContextHandler.java:doStart(781)) - Started o.e.j.s.ServletContextHandler@7bc44ce8{/logs,file:///workdir/hadoop-ozone/tools/target/log,AVAILABLE}
2019-09-26 10:59:11,908 [main] INFO  handler.ContextHandler (ContextHandler.java:doStart(781)) - Started o.e.j.s.ServletContextHandler@58472096{/static,jar:file:/home/user/.m2/repository/org/apache/hadoop/hadoop-hdds-container-service/0.5.0-SNAPSHOT/hadoop-hdds-container-service-0.5.0-SNAPSHOT.jar!/webapps/static,AVAILABLE}
2019-09-26 10:59:11,953 [main] INFO  handler.ContextHandler (ContextHandler.java:doStart(781)) - Started o.e.j.w.WebAppContext@2e66bc32{/,file:///tmp/jetty-0.0.0.0-42699-hddsDatanode-_-any-3136600219143671833.dir/webapp/,AVAILABLE}{/hddsDatanode}
2019-09-26 10:59:11,956 [main] INFO  server.AbstractConnector (AbstractConnector.java:doStart(278)) - Started ServerConnector@54d8c20d{HTTP/1.1,[http/1.1]}{0.0.0.0:42699}
2019-09-26 10:59:11,958 [main] INFO  server.Server (Server.java:doStart(419)) - Started @5710ms
2019-09-26 10:59:11,958 [main] WARN  impl.MetricsSystemImpl (MetricsSystemImpl.java:register(276)) - Sink prometheus already exists!
2019-09-26 10:59:11,959 [main] INFO  server.BaseHttpServer (BaseHttpServer.java:updateConnectorAddress(215)) - HTTP server of HDDSDATANODE is listening at http://0.0.0.0:42699
2019-09-26 10:59:11,960 [main] INFO  impl.MetricsSystemImpl (MetricsSystemImpl.java:init(158)) - HddsDatanode metrics system started (again)
2019-09-26 10:59:11,963 [org.apache.hadoop.util.JvmPauseMonitor$Monitor@562169b6] INFO  util.JvmPauseMonitor (JvmPauseMonitor.java:run(188)) - Starting JVM pause monitor
2019-09-26 10:59:11,966 [main] INFO  ozone.HddsDatanodeService (HddsDatanodeService.java:start(184)) - HddsDatanodeService host:pr-hdds-1569-wvzgm-824869521 ip:192.168.30.13
2019-09-26 10:59:11,974 [main] INFO  volume.HddsVolume (HddsVolume.java:<init>(176)) - Creating Volume: /workdir/hadoop-ozone/tools/target/test-dir/MiniOzoneClusterImpl-500c1b69-91fd-4a69-8f24-d9dc154afa78/datanode-2/data/containers/hdds of  storage type : DISK and capacity : 1482555576320
2019-09-26 10:59:11,974 [main] INFO  volume.VolumeSet (VolumeSet.java:initializeVolumeSet(170)) - Added Volume : /workdir/hadoop-ozone/tools/target/test-dir/MiniOzoneClusterImpl-500c1b69-91fd-4a69-8f24-d9dc154afa78/datanode-2/data/containers/hdds to VolumeSet
2019-09-26 10:59:11,974 [main] INFO  volume.ThrottledAsyncChecker (ThrottledAsyncChecker.java:schedule(139)) - Scheduling a check for org.apache.hadoop.ozone.container.common.volume.HddsVolume@4faa298
2019-09-26 10:59:11,976 [main] INFO  volume.HddsVolumeChecker (HddsVolumeChecker.java:checkAllVolumes(202)) - Scheduled health check for volume org.apache.hadoop.ozone.container.common.volume.HddsVolume@4faa298
2019-09-26 10:59:11,981 [Datanode State Machine Thread - 0] INFO  datanode.InitDatanodeState (InitDatanodeState.java:persistContainerDatanodeDetails(140)) - DatanodeDetails is persisted to /workdir/hadoop-ozone/tools/target/test-dir/MiniOzoneClusterImpl-500c1b69-91fd-4a69-8f24-d9dc154afa78/datanode-0/meta/datanode.id
2019-09-26 10:59:11,984 [Datanode State Machine Thread - 0] INFO  datanode.InitDatanodeState (InitDatanodeState.java:persistContainerDatanodeDetails(140)) - DatanodeDetails is persisted to /workdir/hadoop-ozone/tools/target/test-dir/MiniOzoneClusterImpl-500c1b69-91fd-4a69-8f24-d9dc154afa78/datanode-1/meta/datanode.id
2019-09-26 10:59:11,999 [main] INFO  impl.RaftServerProxy (ConfUtils.java:logGet(43)) - raft.rpc.type = GRPC (default)
2019-09-26 10:59:11,999 [main] INFO  grpc.GrpcFactory (GrpcFactory.java:checkPooledByteBufAllocatorUseCacheForAllThreads(45)) - PERFORMANCE WARNING: useCacheForAllThreads is true that may cause Netty to create a lot garbage objects and, as a result, trigger GC.
	It is recommended to disable useCacheForAllThreads by setting -Dorg.apache.ratis.thirdparty.io.netty.allocator.useCacheForAllThreads=false in command line.
2019-09-26 10:59:12,000 [main] INFO  grpc.GrpcConfigKeys$Server (ConfUtils.java:logGet(43)) - raft.grpc.server.port = 0 (default)
2019-09-26 10:59:12,000 [main] INFO  server.GrpcService (ConfUtils.java:logGet(43)) - raft.grpc.message.size.max = 33570816 (custom)
2019-09-26 10:59:12,000 [main] INFO  server.RaftServerConfigKeys (ConfUtils.java:logGet(43)) - raft.server.log.appender.buffer.byte-limit = 33554432 (custom)
2019-09-26 10:59:12,001 [main] INFO  server.GrpcService (ConfUtils.java:logGet(43)) - raft.grpc.flow.control.window = 1MB (=1048576) (default)
2019-09-26 10:59:12,001 [main] INFO  server.RaftServerConfigKeys (ConfUtils.java:logGet(43)) - raft.server.rpc.request.timeout = 3000ms (default)
2019-09-26 10:59:12,002 [main] INFO  server.RaftServerConfigKeys (ConfUtils.java:logGet(43)) - raft.server.storage.dir = [/workdir/hadoop-ozone/tools/target/test-dir/MiniOzoneClusterImpl-500c1b69-91fd-4a69-8f24-d9dc154afa78/datanode-2/data/ratis] (custom)
2019-09-26 10:59:12,004 [main] INFO  hdfs.DFSUtil (DFSUtil.java:httpServerTemplateForNNAndJN(1641)) - Starting Web-server for hddsDatanode at: http://0.0.0.0:0
2019-09-26 10:59:12,005 [main] INFO  server.AuthenticationFilter (AuthenticationFilter.java:constructSecretProvider(240)) - Unable to initialize FileSignerSecretProvider, falling back to use random secrets.
2019-09-26 10:59:12,006 [main] WARN  http.HttpRequestLog (HttpRequestLog.java:getRequestLog(97)) - Jetty request log can only be enabled using Log4j
2019-09-26 10:59:12,008 [main] INFO  http.HttpServer2 (HttpServer2.java:addGlobalFilter(975)) - Added global filter 'safety' (class=org.apache.hadoop.http.HttpServer2$QuotingInputFilter)
2019-09-26 10:59:12,009 [main] INFO  http.HttpServer2 (HttpServer2.java:addFilter(948)) - Added filter static_user_filter (class=org.apache.hadoop.http.lib.StaticUserWebFilter$StaticUserFilter) to context hddsDatanode
2019-09-26 10:59:12,009 [main] INFO  http.HttpServer2 (HttpServer2.java:addFilter(958)) - Added filter static_user_filter (class=org.apache.hadoop.http.lib.StaticUserWebFilter$StaticUserFilter) to context static
2019-09-26 10:59:12,009 [main] INFO  http.HttpServer2 (HttpServer2.java:addFilter(958)) - Added filter static_user_filter (class=org.apache.hadoop.http.lib.StaticUserWebFilter$StaticUserFilter) to context logs
2019-09-26 10:59:12,010 [main] INFO  http.HttpServer2 (HttpServer2.java:bindListener(1191)) - Jetty bound to port 39467
2019-09-26 10:59:12,010 [main] INFO  server.Server (Server.java:doStart(351)) - jetty-9.3.25.v20180904, build timestamp: 2018-09-04T21:11:46Z, git hash: 3ce520221d0240229c862b122d2b06c12a625732
2019-09-26 10:59:12,012 [main] INFO  handler.ContextHandler (ContextHandler.java:doStart(781)) - Started o.e.j.s.ServletContextHandler@5dd903be{/logs,file:///workdir/hadoop-ozone/tools/target/log,AVAILABLE}
2019-09-26 10:59:12,013 [main] INFO  handler.ContextHandler (ContextHandler.java:doStart(781)) - Started o.e.j.s.ServletContextHandler@4a163575{/static,jar:file:/home/user/.m2/repository/org/apache/hadoop/hadoop-hdds-container-service/0.5.0-SNAPSHOT/hadoop-hdds-container-service-0.5.0-SNAPSHOT.jar!/webapps/static,AVAILABLE}
2019-09-26 10:59:12,046 [main] INFO  handler.ContextHandler (ContextHandler.java:doStart(781)) - Started o.e.j.w.WebAppContext@74ecacc3{/,file:///tmp/jetty-0.0.0.0-39467-hddsDatanode-_-any-8529824734992079454.dir/webapp/,AVAILABLE}{/hddsDatanode}
2019-09-26 10:59:12,048 [main] INFO  server.AbstractConnector (AbstractConnector.java:doStart(278)) - Started ServerConnector@517a2b0{HTTP/1.1,[http/1.1]}{0.0.0.0:39467}
2019-09-26 10:59:12,048 [main] INFO  server.Server (Server.java:doStart(419)) - Started @5800ms
2019-09-26 10:59:12,049 [main] WARN  impl.MetricsSystemImpl (MetricsSystemImpl.java:register(276)) - Sink prometheus already exists!
2019-09-26 10:59:12,049 [main] INFO  server.BaseHttpServer (BaseHttpServer.java:updateConnectorAddress(215)) - HTTP server of HDDSDATANODE is listening at http://0.0.0.0:39467
2019-09-26 10:59:12,050 [main] INFO  impl.MetricsSystemImpl (MetricsSystemImpl.java:init(158)) - HddsDatanode metrics system started (again)
2019-09-26 10:59:12,053 [main] INFO  ozone.HddsDatanodeService (HddsDatanodeService.java:start(184)) - HddsDatanodeService host:pr-hdds-1569-wvzgm-824869521 ip:192.168.30.13
2019-09-26 10:59:12,053 [org.apache.hadoop.util.JvmPauseMonitor$Monitor@6e6a7397] INFO  util.JvmPauseMonitor (JvmPauseMonitor.java:run(188)) - Starting JVM pause monitor
2019-09-26 10:59:12,056 [Datanode State Machine Thread - 0] INFO  datanode.InitDatanodeState (InitDatanodeState.java:persistContainerDatanodeDetails(140)) - DatanodeDetails is persisted to /workdir/hadoop-ozone/tools/target/test-dir/MiniOzoneClusterImpl-500c1b69-91fd-4a69-8f24-d9dc154afa78/datanode-2/meta/datanode.id
2019-09-26 10:59:12,061 [main] INFO  volume.HddsVolume (HddsVolume.java:<init>(176)) - Creating Volume: /workdir/hadoop-ozone/tools/target/test-dir/MiniOzoneClusterImpl-500c1b69-91fd-4a69-8f24-d9dc154afa78/datanode-3/data/containers/hdds of  storage type : DISK and capacity : 1482555576320
2019-09-26 10:59:12,061 [main] INFO  volume.VolumeSet (VolumeSet.java:initializeVolumeSet(170)) - Added Volume : /workdir/hadoop-ozone/tools/target/test-dir/MiniOzoneClusterImpl-500c1b69-91fd-4a69-8f24-d9dc154afa78/datanode-3/data/containers/hdds to VolumeSet
2019-09-26 10:59:12,061 [main] INFO  volume.ThrottledAsyncChecker (ThrottledAsyncChecker.java:schedule(139)) - Scheduling a check for org.apache.hadoop.ozone.container.common.volume.HddsVolume@23f3da8b
2019-09-26 10:59:12,062 [main] INFO  volume.HddsVolumeChecker (HddsVolumeChecker.java:checkAllVolumes(202)) - Scheduled health check for volume org.apache.hadoop.ozone.container.common.volume.HddsVolume@23f3da8b
2019-09-26 10:59:12,076 [main] INFO  impl.RaftServerProxy (ConfUtils.java:logGet(43)) - raft.rpc.type = GRPC (default)
2019-09-26 10:59:12,077 [main] INFO  grpc.GrpcFactory (GrpcFactory.java:checkPooledByteBufAllocatorUseCacheForAllThreads(45)) - PERFORMANCE WARNING: useCacheForAllThreads is true that may cause Netty to create a lot garbage objects and, as a result, trigger GC.
	It is recommended to disable useCacheForAllThreads by setting -Dorg.apache.ratis.thirdparty.io.netty.allocator.useCacheForAllThreads=false in command line.
2019-09-26 10:59:12,077 [main] INFO  grpc.GrpcConfigKeys$Server (ConfUtils.java:logGet(43)) - raft.grpc.server.port = 0 (default)
2019-09-26 10:59:12,077 [main] INFO  server.GrpcService (ConfUtils.java:logGet(43)) - raft.grpc.message.size.max = 33570816 (custom)
2019-09-26 10:59:12,077 [main] INFO  server.RaftServerConfigKeys (ConfUtils.java:logGet(43)) - raft.server.log.appender.buffer.byte-limit = 33554432 (custom)
2019-09-26 10:59:12,077 [main] INFO  server.GrpcService (ConfUtils.java:logGet(43)) - raft.grpc.flow.control.window = 1MB (=1048576) (default)
2019-09-26 10:59:12,078 [main] INFO  server.RaftServerConfigKeys (ConfUtils.java:logGet(43)) - raft.server.rpc.request.timeout = 3000ms (default)
2019-09-26 10:59:12,078 [main] INFO  server.RaftServerConfigKeys (ConfUtils.java:logGet(43)) - raft.server.storage.dir = [/workdir/hadoop-ozone/tools/target/test-dir/MiniOzoneClusterImpl-500c1b69-91fd-4a69-8f24-d9dc154afa78/datanode-3/data/ratis] (custom)
2019-09-26 10:59:12,080 [main] INFO  hdfs.DFSUtil (DFSUtil.java:httpServerTemplateForNNAndJN(1641)) - Starting Web-server for hddsDatanode at: http://0.0.0.0:0
2019-09-26 10:59:12,081 [main] INFO  server.AuthenticationFilter (AuthenticationFilter.java:constructSecretProvider(240)) - Unable to initialize FileSignerSecretProvider, falling back to use random secrets.
2019-09-26 10:59:12,081 [main] WARN  http.HttpRequestLog (HttpRequestLog.java:getRequestLog(97)) - Jetty request log can only be enabled using Log4j
2019-09-26 10:59:12,083 [main] INFO  http.HttpServer2 (HttpServer2.java:addGlobalFilter(975)) - Added global filter 'safety' (class=org.apache.hadoop.http.HttpServer2$QuotingInputFilter)
2019-09-26 10:59:12,083 [main] INFO  http.HttpServer2 (HttpServer2.java:addFilter(948)) - Added filter static_user_filter (class=org.apache.hadoop.http.lib.StaticUserWebFilter$StaticUserFilter) to context hddsDatanode
2019-09-26 10:59:12,084 [main] INFO  http.HttpServer2 (HttpServer2.java:addFilter(958)) - Added filter static_user_filter (class=org.apache.hadoop.http.lib.StaticUserWebFilter$StaticUserFilter) to context logs
2019-09-26 10:59:12,084 [main] INFO  http.HttpServer2 (HttpServer2.java:addFilter(958)) - Added filter static_user_filter (class=org.apache.hadoop.http.lib.StaticUserWebFilter$StaticUserFilter) to context static
2019-09-26 10:59:12,084 [main] INFO  http.HttpServer2 (HttpServer2.java:bindListener(1191)) - Jetty bound to port 45621
2019-09-26 10:59:12,085 [main] INFO  server.Server (Server.java:doStart(351)) - jetty-9.3.25.v20180904, build timestamp: 2018-09-04T21:11:46Z, git hash: 3ce520221d0240229c862b122d2b06c12a625732
2019-09-26 10:59:12,088 [main] INFO  handler.ContextHandler (ContextHandler.java:doStart(781)) - Started o.e.j.s.ServletContextHandler@38eb0f4d{/logs,file:///workdir/hadoop-ozone/tools/target/log,AVAILABLE}
2019-09-26 10:59:12,088 [main] INFO  handler.ContextHandler (ContextHandler.java:doStart(781)) - Started o.e.j.s.ServletContextHandler@15b642b9{/static,jar:file:/home/user/.m2/repository/org/apache/hadoop/hadoop-hdds-container-service/0.5.0-SNAPSHOT/hadoop-hdds-container-service-0.5.0-SNAPSHOT.jar!/webapps/static,AVAILABLE}
2019-09-26 10:59:12,119 [main] INFO  handler.ContextHandler (ContextHandler.java:doStart(781)) - Started o.e.j.w.WebAppContext@333c8791{/,file:///tmp/jetty-0.0.0.0-45621-hddsDatanode-_-any-6870811268560008914.dir/webapp/,AVAILABLE}{/hddsDatanode}
2019-09-26 10:59:12,120 [main] INFO  server.AbstractConnector (AbstractConnector.java:doStart(278)) - Started ServerConnector@6c0e13b7{HTTP/1.1,[http/1.1]}{0.0.0.0:45621}
2019-09-26 10:59:12,121 [main] INFO  server.Server (Server.java:doStart(419)) - Started @5873ms
2019-09-26 10:59:12,121 [main] WARN  impl.MetricsSystemImpl (MetricsSystemImpl.java:register(276)) - Sink prometheus already exists!
2019-09-26 10:59:12,122 [main] INFO  server.BaseHttpServer (BaseHttpServer.java:updateConnectorAddress(215)) - HTTP server of HDDSDATANODE is listening at http://0.0.0.0:45621
2019-09-26 10:59:12,123 [main] INFO  impl.MetricsSystemImpl (MetricsSystemImpl.java:init(158)) - HddsDatanode metrics system started (again)
2019-09-26 10:59:12,127 [org.apache.hadoop.util.JvmPauseMonitor$Monitor@3262d132] INFO  util.JvmPauseMonitor (JvmPauseMonitor.java:run(188)) - Starting JVM pause monitor
2019-09-26 10:59:12,128 [main] INFO  ozone.HddsDatanodeService (HddsDatanodeService.java:start(184)) - HddsDatanodeService host:pr-hdds-1569-wvzgm-824869521 ip:192.168.30.13
2019-09-26 10:59:12,130 [Datanode State Machine Thread - 0] INFO  datanode.InitDatanodeState (InitDatanodeState.java:persistContainerDatanodeDetails(140)) - DatanodeDetails is persisted to /workdir/hadoop-ozone/tools/target/test-dir/MiniOzoneClusterImpl-500c1b69-91fd-4a69-8f24-d9dc154afa78/datanode-3/meta/datanode.id
2019-09-26 10:59:12,135 [main] INFO  volume.HddsVolume (HddsVolume.java:<init>(176)) - Creating Volume: /workdir/hadoop-ozone/tools/target/test-dir/MiniOzoneClusterImpl-500c1b69-91fd-4a69-8f24-d9dc154afa78/datanode-4/data/containers/hdds of  storage type : DISK and capacity : 1482555576320
2019-09-26 10:59:12,136 [main] INFO  volume.VolumeSet (VolumeSet.java:initializeVolumeSet(170)) - Added Volume : /workdir/hadoop-ozone/tools/target/test-dir/MiniOzoneClusterImpl-500c1b69-91fd-4a69-8f24-d9dc154afa78/datanode-4/data/containers/hdds to VolumeSet
2019-09-26 10:59:12,136 [main] INFO  volume.ThrottledAsyncChecker (ThrottledAsyncChecker.java:schedule(139)) - Scheduling a check for org.apache.hadoop.ozone.container.common.volume.HddsVolume@671d1157
2019-09-26 10:59:12,137 [main] INFO  volume.HddsVolumeChecker (HddsVolumeChecker.java:checkAllVolumes(202)) - Scheduled health check for volume org.apache.hadoop.ozone.container.common.volume.HddsVolume@671d1157
2019-09-26 10:59:12,160 [main] INFO  impl.RaftServerProxy (ConfUtils.java:logGet(43)) - raft.rpc.type = GRPC (default)
2019-09-26 10:59:12,161 [main] INFO  grpc.GrpcFactory (GrpcFactory.java:checkPooledByteBufAllocatorUseCacheForAllThreads(45)) - PERFORMANCE WARNING: useCacheForAllThreads is true that may cause Netty to create a lot garbage objects and, as a result, trigger GC.
	It is recommended to disable useCacheForAllThreads by setting -Dorg.apache.ratis.thirdparty.io.netty.allocator.useCacheForAllThreads=false in command line.
2019-09-26 10:59:12,161 [main] INFO  grpc.GrpcConfigKeys$Server (ConfUtils.java:logGet(43)) - raft.grpc.server.port = 0 (default)
2019-09-26 10:59:12,161 [main] INFO  server.GrpcService (ConfUtils.java:logGet(43)) - raft.grpc.message.size.max = 33570816 (custom)
2019-09-26 10:59:12,162 [main] INFO  server.RaftServerConfigKeys (ConfUtils.java:logGet(43)) - raft.server.log.appender.buffer.byte-limit = 33554432 (custom)
2019-09-26 10:59:12,162 [main] INFO  server.GrpcService (ConfUtils.java:logGet(43)) - raft.grpc.flow.control.window = 1MB (=1048576) (default)
2019-09-26 10:59:12,163 [main] INFO  server.RaftServerConfigKeys (ConfUtils.java:logGet(43)) - raft.server.rpc.request.timeout = 3000ms (default)
2019-09-26 10:59:12,164 [main] INFO  server.RaftServerConfigKeys (ConfUtils.java:logGet(43)) - raft.server.storage.dir = [/workdir/hadoop-ozone/tools/target/test-dir/MiniOzoneClusterImpl-500c1b69-91fd-4a69-8f24-d9dc154afa78/datanode-4/data/ratis] (custom)
2019-09-26 10:59:12,166 [main] INFO  hdfs.DFSUtil (DFSUtil.java:httpServerTemplateForNNAndJN(1641)) - Starting Web-server for hddsDatanode at: http://0.0.0.0:0
2019-09-26 10:59:12,168 [main] INFO  server.AuthenticationFilter (AuthenticationFilter.java:constructSecretProvider(240)) - Unable to initialize FileSignerSecretProvider, falling back to use random secrets.
2019-09-26 10:59:12,169 [main] WARN  http.HttpRequestLog (HttpRequestLog.java:getRequestLog(97)) - Jetty request log can only be enabled using Log4j
2019-09-26 10:59:12,171 [main] INFO  http.HttpServer2 (HttpServer2.java:addGlobalFilter(975)) - Added global filter 'safety' (class=org.apache.hadoop.http.HttpServer2$QuotingInputFilter)
2019-09-26 10:59:12,172 [main] INFO  http.HttpServer2 (HttpServer2.java:addFilter(948)) - Added filter static_user_filter (class=org.apache.hadoop.http.lib.StaticUserWebFilter$StaticUserFilter) to context hddsDatanode
2019-09-26 10:59:12,172 [main] INFO  http.HttpServer2 (HttpServer2.java:addFilter(958)) - Added filter static_user_filter (class=org.apache.hadoop.http.lib.StaticUserWebFilter$StaticUserFilter) to context logs
2019-09-26 10:59:12,173 [main] INFO  http.HttpServer2 (HttpServer2.java:addFilter(958)) - Added filter static_user_filter (class=org.apache.hadoop.http.lib.StaticUserWebFilter$StaticUserFilter) to context static
2019-09-26 10:59:12,174 [main] INFO  http.HttpServer2 (HttpServer2.java:bindListener(1191)) - Jetty bound to port 32888
2019-09-26 10:59:12,174 [main] INFO  server.Server (Server.java:doStart(351)) - jetty-9.3.25.v20180904, build timestamp: 2018-09-04T21:11:46Z, git hash: 3ce520221d0240229c862b122d2b06c12a625732
2019-09-26 10:59:12,177 [main] INFO  handler.ContextHandler (ContextHandler.java:doStart(781)) - Started o.e.j.s.ServletContextHandler@4c58255{/logs,file:///workdir/hadoop-ozone/tools/target/log,AVAILABLE}
2019-09-26 10:59:12,178 [main] INFO  handler.ContextHandler (ContextHandler.java:doStart(781)) - Started o.e.j.s.ServletContextHandler@10b1a751{/static,jar:file:/home/user/.m2/repository/org/apache/hadoop/hadoop-hdds-container-service/0.5.0-SNAPSHOT/hadoop-hdds-container-service-0.5.0-SNAPSHOT.jar!/webapps/static,AVAILABLE}
2019-09-26 10:59:12,218 [main] INFO  handler.ContextHandler (ContextHandler.java:doStart(781)) - Started o.e.j.w.WebAppContext@4596f8f3{/,file:///tmp/jetty-0.0.0.0-32888-hddsDatanode-_-any-2940595815068434449.dir/webapp/,AVAILABLE}{/hddsDatanode}
2019-09-26 10:59:12,220 [main] INFO  server.AbstractConnector (AbstractConnector.java:doStart(278)) - Started ServerConnector@ccf91df{HTTP/1.1,[http/1.1]}{0.0.0.0:32888}
2019-09-26 10:59:12,220 [main] INFO  server.Server (Server.java:doStart(419)) - Started @5972ms
2019-09-26 10:59:12,220 [main] WARN  impl.MetricsSystemImpl (MetricsSystemImpl.java:register(276)) - Sink prometheus already exists!
2019-09-26 10:59:12,221 [main] INFO  server.BaseHttpServer (BaseHttpServer.java:updateConnectorAddress(215)) - HTTP server of HDDSDATANODE is listening at http://0.0.0.0:32888
2019-09-26 10:59:12,224 [main] INFO  ozone.MiniOzoneClusterImpl (MiniOzoneClusterImpl.java:lambda$waitForClusterToBeReady$0(147)) - Waiting for cluster to be ready. Got 0 of 5 DN Heartbeats.
2019-09-26 10:59:12,224 [org.apache.hadoop.util.JvmPauseMonitor$Monitor@17ba0a1b] INFO  util.JvmPauseMonitor (JvmPauseMonitor.java:run(188)) - Starting JVM pause monitor
2019-09-26 10:59:12,227 [Datanode State Machine Thread - 0] INFO  datanode.InitDatanodeState (InitDatanodeState.java:persistContainerDatanodeDetails(140)) - DatanodeDetails is persisted to /workdir/hadoop-ozone/tools/target/test-dir/MiniOzoneClusterImpl-500c1b69-91fd-4a69-8f24-d9dc154afa78/datanode-4/meta/datanode.id
2019-09-26 10:59:13,224 [main] INFO  ozone.MiniOzoneClusterImpl (MiniOzoneClusterImpl.java:lambda$waitForClusterToBeReady$0(147)) - Waiting for cluster to be ready. Got 0 of 5 DN Heartbeats.
2019-09-26 10:59:13,927 [Datanode State Machine Thread - 0] INFO  ozoneimpl.OzoneContainer (OzoneContainer.java:start(217)) - Attempting to start container services.
2019-09-26 10:59:13,931 [Datanode State Machine Thread - 0] INFO  ozoneimpl.OzoneContainer (OzoneContainer.java:startContainerScrub(179)) - Background container scanner has been disabled.
2019-09-26 10:59:13,931 [Datanode State Machine Thread - 0] INFO  ratis.XceiverServerRatis (XceiverServerRatis.java:start(411)) - Starting XceiverServerRatis 2e8c5f4f-ba99-49b1-bcd5-57d537838a55 at port 0
2019-09-26 10:59:13,963 [Datanode State Machine Thread - 0] INFO  impl.RaftServerProxy (RaftServerProxy.java:lambda$start$3(299)) - 2e8c5f4f-ba99-49b1-bcd5-57d537838a55: start RPC server
2019-09-26 10:59:13,982 [Datanode State Machine Thread - 0] INFO  ozoneimpl.OzoneContainer (OzoneContainer.java:start(217)) - Attempting to start container services.
2019-09-26 10:59:13,990 [Datanode State Machine Thread - 0] INFO  ozoneimpl.OzoneContainer (OzoneContainer.java:startContainerScrub(179)) - Background container scanner has been disabled.
2019-09-26 10:59:13,990 [Datanode State Machine Thread - 0] INFO  ratis.XceiverServerRatis (XceiverServerRatis.java:start(411)) - Starting XceiverServerRatis c38bca17-ec4a-4641-8fc4-32bb8247f11f at port 0
2019-09-26 10:59:14,006 [Datanode State Machine Thread - 0] INFO  impl.RaftServerProxy (RaftServerProxy.java:lambda$start$3(299)) - c38bca17-ec4a-4641-8fc4-32bb8247f11f: start RPC server
2019-09-26 10:59:14,069 [Datanode State Machine Thread - 0] INFO  ozoneimpl.OzoneContainer (OzoneContainer.java:start(217)) - Attempting to start container services.
2019-09-26 10:59:14,071 [Datanode State Machine Thread - 0] INFO  ozoneimpl.OzoneContainer (OzoneContainer.java:startContainerScrub(179)) - Background container scanner has been disabled.
2019-09-26 10:59:14,072 [Datanode State Machine Thread - 0] INFO  ratis.XceiverServerRatis (XceiverServerRatis.java:start(411)) - Starting XceiverServerRatis c1a9f1dd-6c0d-41cb-a4f1-f4597ac7f27c at port 0
2019-09-26 10:59:14,081 [Datanode State Machine Thread - 0] INFO  impl.RaftServerProxy (RaftServerProxy.java:lambda$start$3(299)) - c1a9f1dd-6c0d-41cb-a4f1-f4597ac7f27c: start RPC server
2019-09-26 10:59:14,144 [Datanode State Machine Thread - 0] INFO  ozoneimpl.OzoneContainer (OzoneContainer.java:start(217)) - Attempting to start container services.
2019-09-26 10:59:14,144 [Datanode State Machine Thread - 0] INFO  server.GrpcService (GrpcService.java:startImpl(158)) - 2e8c5f4f-ba99-49b1-bcd5-57d537838a55: GrpcService started, listening on 0.0.0.0/0.0.0.0:41803
2019-09-26 10:59:14,144 [Datanode State Machine Thread - 0] INFO  server.GrpcService (GrpcService.java:startImpl(158)) - c1a9f1dd-6c0d-41cb-a4f1-f4597ac7f27c: GrpcService started, listening on 0.0.0.0/0.0.0.0:44506
2019-09-26 10:59:14,144 [Datanode State Machine Thread - 0] INFO  server.GrpcService (GrpcService.java:startImpl(158)) - c38bca17-ec4a-4641-8fc4-32bb8247f11f: GrpcService started, listening on 0.0.0.0/0.0.0.0:39970
2019-09-26 10:59:14,146 [Datanode State Machine Thread - 0] INFO  ratis.XceiverServerRatis (XceiverServerRatis.java:start(421)) - XceiverServerRatis c1a9f1dd-6c0d-41cb-a4f1-f4597ac7f27c is started using port 44506
2019-09-26 10:59:14,146 [Datanode State Machine Thread - 0] INFO  ozoneimpl.OzoneContainer (OzoneContainer.java:startContainerScrub(179)) - Background container scanner has been disabled.
2019-09-26 10:59:14,146 [Datanode State Machine Thread - 0] INFO  ratis.XceiverServerRatis (XceiverServerRatis.java:start(421)) - XceiverServerRatis 2e8c5f4f-ba99-49b1-bcd5-57d537838a55 is started using port 41803
2019-09-26 10:59:14,147 [Datanode State Machine Thread - 0] INFO  ratis.XceiverServerRatis (XceiverServerRatis.java:start(411)) - Starting XceiverServerRatis cf629036-ace7-4ca9-94d6-fc8cc18310da at port 0
2019-09-26 10:59:14,147 [Datanode State Machine Thread - 0] INFO  ratis.XceiverServerRatis (XceiverServerRatis.java:start(421)) - XceiverServerRatis c38bca17-ec4a-4641-8fc4-32bb8247f11f is started using port 39970
2019-09-26 10:59:14,156 [Datanode State Machine Thread - 0] INFO  server.XceiverServerGrpc (XceiverServerGrpc.java:start(149)) - XceiverServerGrpc 2e8c5f4f-ba99-49b1-bcd5-57d537838a55 is started using port 44566
2019-09-26 10:59:14,156 [Datanode State Machine Thread - 0] INFO  server.XceiverServerGrpc (XceiverServerGrpc.java:start(149)) - XceiverServerGrpc c38bca17-ec4a-4641-8fc4-32bb8247f11f is started using port 33931
2019-09-26 10:59:14,156 [Datanode State Machine Thread - 0] INFO  server.XceiverServerGrpc (XceiverServerGrpc.java:start(149)) - XceiverServerGrpc c1a9f1dd-6c0d-41cb-a4f1-f4597ac7f27c is started using port 44393
2019-09-26 10:59:14,164 [Datanode State Machine Thread - 0] INFO  impl.RaftServerProxy (RaftServerProxy.java:lambda$start$3(299)) - cf629036-ace7-4ca9-94d6-fc8cc18310da: start RPC server
2019-09-26 10:59:14,167 [Datanode State Machine Thread - 0] INFO  server.GrpcService (GrpcService.java:startImpl(158)) - cf629036-ace7-4ca9-94d6-fc8cc18310da: GrpcService started, listening on 0.0.0.0/0.0.0.0:46232
2019-09-26 10:59:14,167 [Datanode State Machine Thread - 0] INFO  ratis.XceiverServerRatis (XceiverServerRatis.java:start(421)) - XceiverServerRatis cf629036-ace7-4ca9-94d6-fc8cc18310da is started using port 46232
2019-09-26 10:59:14,169 [Datanode State Machine Thread - 0] INFO  server.XceiverServerGrpc (XceiverServerGrpc.java:start(149)) - XceiverServerGrpc cf629036-ace7-4ca9-94d6-fc8cc18310da is started using port 41618
2019-09-26 10:59:14,225 [main] INFO  ozone.MiniOzoneClusterImpl (MiniOzoneClusterImpl.java:lambda$waitForClusterToBeReady$0(147)) - Waiting for cluster to be ready. Got 0 of 5 DN Heartbeats.
2019-09-26 10:59:14,241 [Datanode State Machine Thread - 0] INFO  ozoneimpl.OzoneContainer (OzoneContainer.java:start(217)) - Attempting to start container services.
2019-09-26 10:59:14,248 [Datanode State Machine Thread - 0] INFO  ozoneimpl.OzoneContainer (OzoneContainer.java:startContainerScrub(179)) - Background container scanner has been disabled.
2019-09-26 10:59:14,248 [Datanode State Machine Thread - 0] INFO  ratis.XceiverServerRatis (XceiverServerRatis.java:start(411)) - Starting XceiverServerRatis 91fb8321-54d9-4a64-90be-ab1c2b6fea7b at port 0
2019-09-26 10:59:14,257 [Datanode State Machine Thread - 0] INFO  impl.RaftServerProxy (RaftServerProxy.java:lambda$start$3(299)) - 91fb8321-54d9-4a64-90be-ab1c2b6fea7b: start RPC server
2019-09-26 10:59:14,261 [Datanode State Machine Thread - 0] INFO  server.GrpcService (GrpcService.java:startImpl(158)) - 91fb8321-54d9-4a64-90be-ab1c2b6fea7b: GrpcService started, listening on 0.0.0.0/0.0.0.0:42819
2019-09-26 10:59:14,261 [Datanode State Machine Thread - 0] INFO  ratis.XceiverServerRatis (XceiverServerRatis.java:start(421)) - XceiverServerRatis 91fb8321-54d9-4a64-90be-ab1c2b6fea7b is started using port 42819
2019-09-26 10:59:14,265 [Datanode State Machine Thread - 0] INFO  server.XceiverServerGrpc (XceiverServerGrpc.java:start(149)) - XceiverServerGrpc 91fb8321-54d9-4a64-90be-ab1c2b6fea7b is started using port 42036
2019-09-26 10:59:15,226 [main] INFO  ozone.MiniOzoneClusterImpl (MiniOzoneClusterImpl.java:lambda$waitForClusterToBeReady$0(147)) - Waiting for cluster to be ready. Got 0 of 5 DN Heartbeats.
2019-09-26 10:59:15,902 [IPC Server handler 1 on 42653] INFO  net.NetworkTopology (NetworkTopologyImpl.java:add(111)) - Added a new node: /default-rack/2e8c5f4f-ba99-49b1-bcd5-57d537838a55
2019-09-26 10:59:15,904 [IPC Server handler 1 on 42653] INFO  node.SCMNodeManager (SCMNodeManager.java:register(266)) - Registered Data node : 2e8c5f4f-ba99-49b1-bcd5-57d537838a55{ip: 192.168.30.13, host: pr-hdds-1569-wvzgm-824869521, networkLocation: /default-rack, certSerialId: null}
2019-09-26 10:59:15,909 [EventQueue-NodeRegistrationContainerReportForDataNodeSafeModeRule] INFO  safemode.SCMSafeModeManager (DataNodeSafeModeRule.java:process(71)) - SCM in safe mode. 1 DataNodes registered, 1 required.
2019-09-26 10:59:15,909 [EventQueue-NodeRegistrationContainerReportForDataNodeSafeModeRule] INFO  safemode.SCMSafeModeManager (SCMSafeModeManager.java:validateSafeModeExitRules(177)) - ScmSafeModeManager, all rules are successfully validated
2019-09-26 10:59:15,909 [EventQueue-NodeRegistrationContainerReportForDataNodeSafeModeRule] INFO  safemode.SCMSafeModeManager (SCMSafeModeManager.java:exitSafeMode(193)) - SCM exiting safe mode.
2019-09-26 10:59:15,966 [IPC Server handler 2 on 42653] INFO  net.NetworkTopology (NetworkTopologyImpl.java:add(111)) - Added a new node: /default-rack/c38bca17-ec4a-4641-8fc4-32bb8247f11f
2019-09-26 10:59:15,967 [IPC Server handler 2 on 42653] INFO  node.SCMNodeManager (SCMNodeManager.java:register(266)) - Registered Data node : c38bca17-ec4a-4641-8fc4-32bb8247f11f{ip: 192.168.30.13, host: pr-hdds-1569-wvzgm-824869521, networkLocation: /default-rack, certSerialId: null}
2019-09-26 10:59:16,058 [IPC Server handler 3 on 42653] INFO  net.NetworkTopology (NetworkTopologyImpl.java:add(111)) - Added a new node: /default-rack/c1a9f1dd-6c0d-41cb-a4f1-f4597ac7f27c
2019-09-26 10:59:16,059 [IPC Server handler 3 on 42653] INFO  node.SCMNodeManager (SCMNodeManager.java:register(266)) - Registered Data node : c1a9f1dd-6c0d-41cb-a4f1-f4597ac7f27c{ip: 192.168.30.13, host: pr-hdds-1569-wvzgm-824869521, networkLocation: /default-rack, certSerialId: null}
2019-09-26 10:59:16,129 [IPC Server handler 4 on 42653] INFO  net.NetworkTopology (NetworkTopologyImpl.java:add(111)) - Added a new node: /default-rack/cf629036-ace7-4ca9-94d6-fc8cc18310da
2019-09-26 10:59:16,129 [IPC Server handler 4 on 42653] INFO  node.SCMNodeManager (SCMNodeManager.java:register(266)) - Registered Data node : cf629036-ace7-4ca9-94d6-fc8cc18310da{ip: 192.168.30.13, host: pr-hdds-1569-wvzgm-824869521, networkLocation: /default-rack, certSerialId: null}
2019-09-26 10:59:16,227 [main] INFO  ozone.MiniOzoneClusterImpl (MiniOzoneClusterImpl.java:lambda$waitForClusterToBeReady$0(147)) - Waiting for cluster to be ready. Got 4 of 5 DN Heartbeats.
2019-09-26 10:59:16,228 [IPC Server handler 1 on 42653] INFO  net.NetworkTopology (NetworkTopologyImpl.java:add(111)) - Added a new node: /default-rack/91fb8321-54d9-4a64-90be-ab1c2b6fea7b
2019-09-26 10:59:16,228 [IPC Server handler 1 on 42653] INFO  node.SCMNodeManager (SCMNodeManager.java:register(266)) - Registered Data node : 91fb8321-54d9-4a64-90be-ab1c2b6fea7b{ip: 192.168.30.13, host: pr-hdds-1569-wvzgm-824869521, networkLocation: /default-rack, certSerialId: null}
2019-09-26 10:59:16,472 [grpc-default-executor-0] INFO  impl.RaftServerProxy (RaftServerProxy.java:addNew(89)) - 2e8c5f4f-ba99-49b1-bcd5-57d537838a55: addNew group-597BAC5B19B2:[2e8c5f4f-ba99-49b1-bcd5-57d537838a55:192.168.30.13:41803] returns group-597BAC5B19B2:java.util.concurrent.CompletableFuture@5775a541[Not completed]
2019-09-26 10:59:16,496 [pool-27-thread-1] INFO  impl.RaftServerImpl (RaftServerImpl.java:<init>(95)) - 2e8c5f4f-ba99-49b1-bcd5-57d537838a55: new RaftServerImpl for group-597BAC5B19B2:[2e8c5f4f-ba99-49b1-bcd5-57d537838a55:192.168.30.13:41803] with ContainerStateMachine:uninitialized
2019-09-26 10:59:16,498 [pool-27-thread-1] INFO  server.RaftServerConfigKeys (ConfUtils.java:logGet(43)) - raft.server.rpc.timeout.min = 5s (custom)
2019-09-26 10:59:16,499 [pool-27-thread-1] INFO  server.RaftServerConfigKeys (ConfUtils.java:logGet(43)) - raft.server.rpc.timeout.max = 5200ms (custom)
2019-09-26 10:59:16,500 [pool-27-thread-1] INFO  server.RaftServerConfigKeys (ConfUtils.java:logGet(43)) - raft.server.rpcslowness.timeout = 120s (custom)
2019-09-26 10:59:16,500 [pool-27-thread-1] INFO  server.RaftServerConfigKeys (ConfUtils.java:logGet(43)) - raft.server.sleep.deviation.threshold = 300 (default)
2019-09-26 10:59:16,501 [pool-27-thread-1] INFO  server.RaftServerConfigKeys (ConfUtils.java:logGet(43)) - raft.server.log.appender.install.snapshot.enabled = false (custom)
2019-09-26 10:59:16,511 [pool-27-thread-1] INFO  impl.RaftServerImpl (ServerState.java:<init>(103)) - 2e8c5f4f-ba99-49b1-bcd5-57d537838a55@group-597BAC5B19B2: ConfigurationManager, init=-1: [2e8c5f4f-ba99-49b1-bcd5-57d537838a55:192.168.30.13:41803], old=null, confs=<EMPTY_MAP>
2019-09-26 10:59:16,512 [pool-27-thread-1] INFO  server.RaftServerConfigKeys (ConfUtils.java:logGet(43)) - raft.server.storage.dir = [/workdir/hadoop-ozone/tools/target/test-dir/MiniOzoneClusterImpl-500c1b69-91fd-4a69-8f24-d9dc154afa78/datanode-0/data/ratis] (custom)
2019-09-26 10:59:16,520 [pool-27-thread-1] INFO  storage.RaftStorageDirectory (RaftStorageDirectory.java:analyzeStorage(246)) - The storage directory /workdir/hadoop-ozone/tools/target/test-dir/MiniOzoneClusterImpl-500c1b69-91fd-4a69-8f24-d9dc154afa78/datanode-0/data/ratis/28b46455-72d6-41f5-adf1-597bac5b19b2 does not exist. Creating ...
2019-09-26 10:59:16,537 [pool-27-thread-1] INFO  storage.RaftStorageDirectory (RaftStorageDirectory.java:tryLock(328)) - Lock on /workdir/hadoop-ozone/tools/target/test-dir/MiniOzoneClusterImpl-500c1b69-91fd-4a69-8f24-d9dc154afa78/datanode-0/data/ratis/28b46455-72d6-41f5-adf1-597bac5b19b2/in_use.lock acquired by nodename 12288@pr-hdds-1569-wvzgm-824869521
2019-09-26 10:59:16,553 [pool-27-thread-1] INFO  storage.RaftStorage (RaftStorage.java:format(72)) - Storage directory /workdir/hadoop-ozone/tools/target/test-dir/MiniOzoneClusterImpl-500c1b69-91fd-4a69-8f24-d9dc154afa78/datanode-0/data/ratis/28b46455-72d6-41f5-adf1-597bac5b19b2 has been successfully formatted.
2019-09-26 10:59:16,556 [pool-27-thread-1] INFO  ratis.ContainerStateMachine (ContainerStateMachine.java:loadSnapshot(230)) - group-597BAC5B19B2: The snapshot info is null. Setting the last applied indexto:(t:0, i:~)
2019-09-26 10:59:16,556 [pool-27-thread-1] INFO  server.RaftServerConfigKeys (ConfUtils.java:logGet(43)) - raft.server.notification.no-leader.timeout = 120s (custom)
2019-09-26 10:59:16,559 [pool-27-thread-1] INFO  server.RaftServerConfigKeys (ConfUtils.java:logGet(43)) - raft.server.log.use.memory = false (default)
2019-09-26 10:59:16,567 [pool-27-thread-1] INFO  server.RaftServerConfigKeys (ConfUtils.java:logGet(43)) - raft.server.log.purge.gap = 1000000 (custom)
2019-09-26 10:59:16,568 [pool-27-thread-1] INFO  server.RaftServerConfigKeys (ConfUtils.java:logGet(43)) - raft.server.log.appender.buffer.byte-limit = 33554432 (custom)
2019-09-26 10:59:16,571 [pool-27-thread-1] INFO  server.RaftServerConfigKeys (ConfUtils.java:logGet(43)) - raft.server.log.segment.size.max = 1048576 (custom)
2019-09-26 10:59:16,577 [pool-27-thread-1] INFO  server.RaftServerConfigKeys (ConfUtils.java:logGet(43)) - raft.server.log.segment.cache.num.max = 2 (custom)
2019-09-26 10:59:16,587 [pool-27-thread-1] INFO  segmented.SegmentedRaftLogWorker (SegmentedRaftLogWorker.java:<init>(172)) - new 2e8c5f4f-ba99-49b1-bcd5-57d537838a55@group-597BAC5B19B2-SegmentedRaftLogWorker for RaftStorage:Storage Directory /workdir/hadoop-ozone/tools/target/test-dir/MiniOzoneClusterImpl-500c1b69-91fd-4a69-8f24-d9dc154afa78/datanode-0/data/ratis/28b46455-72d6-41f5-adf1-597bac5b19b2
2019-09-26 10:59:16,589 [pool-27-thread-1] INFO  impl.MetricsSystemImpl (MetricsSystemImpl.java:init(158)) - ratis metrics system started (again)
2019-09-26 10:59:16,599 [pool-27-thread-1] INFO  metrics.MetricRegistries (MetricRegistriesLoader.java:load(64)) - Loaded MetricRegistries class org.apache.ratis.metrics.impl.MetricRegistriesImpl
2019-09-26 10:59:16,641 [pool-27-thread-1] INFO  server.RaftServerConfigKeys (ConfUtils.java:logGet(43)) - raft.server.log.queue.byte-limit = 2147483647 (custom)
2019-09-26 10:59:16,642 [pool-27-thread-1] INFO  server.RaftServerConfigKeys (ConfUtils.java:logGet(43)) - raft.server.log.queue.element-limit = 1024 (custom)
2019-09-26 10:59:16,646 [pool-27-thread-1] INFO  server.RaftServerConfigKeys (ConfUtils.java:logGet(43)) - raft.server.log.segment.size.max = 1048576 (custom)
2019-09-26 10:59:16,646 [pool-27-thread-1] INFO  server.RaftServerConfigKeys (ConfUtils.java:logGet(43)) - raft.server.log.preallocated.size = 16384 (custom)
2019-09-26 10:59:16,647 [pool-27-thread-1] INFO  server.RaftServerConfigKeys (ConfUtils.java:logGet(43)) - raft.server.log.write.buffer.size = 33554432 (custom)
2019-09-26 10:59:16,647 [pool-27-thread-1] INFO  server.RaftServerConfigKeys (ConfUtils.java:logGet(43)) - raft.server.log.force.sync.num = 128 (default)
2019-09-26 10:59:16,648 [pool-27-thread-1] INFO  server.RaftServerConfigKeys (ConfUtils.java:logGet(43)) - raft.server.log.statemachine.data.sync = true (default)
2019-09-26 10:59:16,649 [pool-27-thread-1] INFO  server.RaftServerConfigKeys (ConfUtils.java:logGet(43)) - raft.server.log.statemachine.data.sync.timeout = 10s (default)
2019-09-26 10:59:16,649 [pool-27-thread-1] INFO  server.RaftServerConfigKeys (ConfUtils.java:logGet(43)) - raft.server.log.statemachine.data.sync.timeout.retry = -1 (default)
2019-09-26 10:59:16,663 [pool-27-thread-1] INFO  server.RaftServerConfigKeys (ConfUtils.java:logGet(43)) - raft.server.log.statemachine.data.caching.enabled = true (custom)
2019-09-26 10:59:16,668 [pool-27-thread-1] INFO  segmented.SegmentedRaftLogWorker (SegmentedRaftLogWorker.java:lambda$new$0(132)) - 2e8c5f4f-ba99-49b1-bcd5-57d537838a55@group-597BAC5B19B2-SegmentedRaftLogWorker: flushIndex: setUnconditionally 0 -> -1
2019-09-26 10:59:16,673 [pool-27-thread-1] INFO  server.RaftServerConfigKeys (ConfUtils.java:logGet(43)) - raft.server.snapshot.auto.trigger.enabled = true (custom)
2019-09-26 10:59:16,674 [pool-27-thread-1] INFO  server.RaftServerConfigKeys (ConfUtils.java:logGet(43)) - raft.server.snapshot.auto.trigger.threshold = 10000 (custom)
2019-09-26 10:59:16,674 [pool-27-thread-1] INFO  server.RaftServerConfigKeys (ConfUtils.java:logGet(43)) - raft.server.snapshot.retention.num.files = 5 (custom)
2019-09-26 10:59:16,675 [pool-27-thread-1] INFO  server.RaftServerConfigKeys (ConfUtils.java:logGet(43)) - raft.server.retrycache.expirytime = 600000ms (custom)
2019-09-26 10:59:16,703 [pool-27-thread-1] INFO  impl.RaftServerImpl (RaftServerImpl.java:start(185)) - 2e8c5f4f-ba99-49b1-bcd5-57d537838a55@group-597BAC5B19B2: start as a follower, conf=-1: [2e8c5f4f-ba99-49b1-bcd5-57d537838a55:192.168.30.13:41803], old=null
2019-09-26 10:59:16,704 [pool-27-thread-1] INFO  impl.RaftServerImpl (RaftServerImpl.java:setRole(174)) - 2e8c5f4f-ba99-49b1-bcd5-57d537838a55@group-597BAC5B19B2: changes role from      null to FOLLOWER at term 0 for startAsFollower
2019-09-26 10:59:16,705 [pool-27-thread-1] INFO  impl.RoleInfo (RoleInfo.java:updateAndGet(143)) - 2e8c5f4f-ba99-49b1-bcd5-57d537838a55: start FollowerState
2019-09-26 10:59:16,707 [pool-27-thread-1] INFO  util.JmxRegister (JmxRegister.java:tryRegister(44)) - Successfully registered JMX Bean with object name Ratis:service=RaftServer,group=group-597BAC5B19B2,id=2e8c5f4f-ba99-49b1-bcd5-57d537838a55
2019-09-26 10:59:16,780 [RatisPipelineUtilsThread] INFO  pipeline.PipelineStateManager (PipelineStateManager.java:addPipeline(56)) - Created pipeline Pipeline[ Id: 28b46455-72d6-41f5-adf1-597bac5b19b2, Nodes: 2e8c5f4f-ba99-49b1-bcd5-57d537838a55{ip: 192.168.30.13, host: pr-hdds-1569-wvzgm-824869521, networkLocation: /default-rack, certSerialId: null}, Type:RATIS, Factor:ONE, State:OPEN]
2019-09-26 10:59:16,807 [grpc-default-executor-0] INFO  impl.RaftServerProxy (RaftServerProxy.java:addNew(89)) - c1a9f1dd-6c0d-41cb-a4f1-f4597ac7f27c: addNew group-F83A4ADF93A4:[c1a9f1dd-6c0d-41cb-a4f1-f4597ac7f27c:192.168.30.13:44506] returns group-F83A4ADF93A4:java.util.concurrent.CompletableFuture@18572cd5[Not completed]
2019-09-26 10:59:16,857 [pool-47-thread-1] INFO  impl.RaftServerImpl (RaftServerImpl.java:<init>(95)) - c1a9f1dd-6c0d-41cb-a4f1-f4597ac7f27c: new RaftServerImpl for group-F83A4ADF93A4:[c1a9f1dd-6c0d-41cb-a4f1-f4597ac7f27c:192.168.30.13:44506] with ContainerStateMachine:uninitialized
2019-09-26 10:59:16,859 [pool-47-thread-1] INFO  server.RaftServerConfigKeys (ConfUtils.java:logGet(43)) - raft.server.rpc.timeout.min = 5s (custom)
2019-09-26 10:59:16,859 [pool-47-thread-1] INFO  server.RaftServerConfigKeys (ConfUtils.java:logGet(43)) - raft.server.rpc.timeout.max = 5200ms (custom)
2019-09-26 10:59:16,859 [pool-47-thread-1] INFO  server.RaftServerConfigKeys (ConfUtils.java:logGet(43)) - raft.server.rpcslowness.timeout = 120s (custom)
2019-09-26 10:59:16,859 [pool-47-thread-1] INFO  server.RaftServerConfigKeys (ConfUtils.java:logGet(43)) - raft.server.sleep.deviation.threshold = 300 (default)
2019-09-26 10:59:16,859 [pool-47-thread-1] INFO  server.RaftServerConfigKeys (ConfUtils.java:logGet(43)) - raft.server.log.appender.install.snapshot.enabled = false (custom)
2019-09-26 10:59:16,860 [pool-47-thread-1] INFO  impl.RaftServerImpl (ServerState.java:<init>(103)) - c1a9f1dd-6c0d-41cb-a4f1-f4597ac7f27c@group-F83A4ADF93A4: ConfigurationManager, init=-1: [c1a9f1dd-6c0d-41cb-a4f1-f4597ac7f27c:192.168.30.13:44506], old=null, confs=<EMPTY_MAP>
2019-09-26 10:59:16,860 [pool-47-thread-1] INFO  server.RaftServerConfigKeys (ConfUtils.java:logGet(43)) - raft.server.storage.dir = [/workdir/hadoop-ozone/tools/target/test-dir/MiniOzoneClusterImpl-500c1b69-91fd-4a69-8f24-d9dc154afa78/datanode-2/data/ratis] (custom)
2019-09-26 10:59:16,861 [pool-47-thread-1] INFO  storage.RaftStorageDirectory (RaftStorageDirectory.java:analyzeStorage(246)) - The storage directory /workdir/hadoop-ozone/tools/target/test-dir/MiniOzoneClusterImpl-500c1b69-91fd-4a69-8f24-d9dc154afa78/datanode-2/data/ratis/8542f24c-9a0c-4f7d-8879-f83a4adf93a4 does not exist. Creating ...
2019-09-26 10:59:16,883 [pool-47-thread-1] INFO  storage.RaftStorageDirectory (RaftStorageDirectory.java:tryLock(328)) - Lock on /workdir/hadoop-ozone/tools/target/test-dir/MiniOzoneClusterImpl-500c1b69-91fd-4a69-8f24-d9dc154afa78/datanode-2/data/ratis/8542f24c-9a0c-4f7d-8879-f83a4adf93a4/in_use.lock acquired by nodename 12288@pr-hdds-1569-wvzgm-824869521
2019-09-26 10:59:16,903 [pool-47-thread-1] INFO  storage.RaftStorage (RaftStorage.java:format(72)) - Storage directory /workdir/hadoop-ozone/tools/target/test-dir/MiniOzoneClusterImpl-500c1b69-91fd-4a69-8f24-d9dc154afa78/datanode-2/data/ratis/8542f24c-9a0c-4f7d-8879-f83a4adf93a4 has been successfully formatted.
2019-09-26 10:59:16,905 [pool-47-thread-1] INFO  ratis.ContainerStateMachine (ContainerStateMachine.java:loadSnapshot(230)) - group-F83A4ADF93A4: The snapshot info is null. Setting the last applied indexto:(t:0, i:~)
2019-09-26 10:59:16,906 [pool-47-thread-1] INFO  server.RaftServerConfigKeys (ConfUtils.java:logGet(43)) - raft.server.notification.no-leader.timeout = 120s (custom)
2019-09-26 10:59:16,906 [pool-47-thread-1] INFO  server.RaftServerConfigKeys (ConfUtils.java:logGet(43)) - raft.server.log.use.memory = false (default)
2019-09-26 10:59:16,907 [pool-47-thread-1] INFO  server.RaftServerConfigKeys (ConfUtils.java:logGet(43)) - raft.server.log.purge.gap = 1000000 (custom)
2019-09-26 10:59:16,907 [pool-47-thread-1] INFO  server.RaftServerConfigKeys (ConfUtils.java:logGet(43)) - raft.server.log.appender.buffer.byte-limit = 33554432 (custom)
2019-09-26 10:59:16,907 [pool-47-thread-1] INFO  server.RaftServerConfigKeys (ConfUtils.java:logGet(43)) - raft.server.log.segment.size.max = 1048576 (custom)
2019-09-26 10:59:16,907 [pool-47-thread-1] INFO  server.RaftServerConfigKeys (ConfUtils.java:logGet(43)) - raft.server.log.segment.cache.num.max = 2 (custom)
2019-09-26 10:59:16,908 [pool-47-thread-1] INFO  segmented.SegmentedRaftLogWorker (SegmentedRaftLogWorker.java:<init>(172)) - new c1a9f1dd-6c0d-41cb-a4f1-f4597ac7f27c@group-F83A4ADF93A4-SegmentedRaftLogWorker for RaftStorage:Storage Directory /workdir/hadoop-ozone/tools/target/test-dir/MiniOzoneClusterImpl-500c1b69-91fd-4a69-8f24-d9dc154afa78/datanode-2/data/ratis/8542f24c-9a0c-4f7d-8879-f83a4adf93a4
2019-09-26 10:59:16,916 [pool-47-thread-1] INFO  server.RaftServerConfigKeys (ConfUtils.java:logGet(43)) - raft.server.log.queue.byte-limit = 2147483647 (custom)
2019-09-26 10:59:16,916 [pool-47-thread-1] INFO  server.RaftServerConfigKeys (ConfUtils.java:logGet(43)) - raft.server.log.queue.element-limit = 1024 (custom)
2019-09-26 10:59:16,916 [pool-47-thread-1] INFO  server.RaftServerConfigKeys (ConfUtils.java:logGet(43)) - raft.server.log.segment.size.max = 1048576 (custom)
2019-09-26 10:59:16,917 [pool-47-thread-1] INFO  server.RaftServerConfigKeys (ConfUtils.java:logGet(43)) - raft.server.log.preallocated.size = 16384 (custom)
2019-09-26 10:59:16,917 [pool-47-thread-1] INFO  server.RaftServerConfigKeys (ConfUtils.java:logGet(43)) - raft.server.log.write.buffer.size = 33554432 (custom)
2019-09-26 10:59:16,917 [pool-47-thread-1] INFO  server.RaftServerConfigKeys (ConfUtils.java:logGet(43)) - raft.server.log.force.sync.num = 128 (default)
2019-09-26 10:59:16,917 [pool-47-thread-1] INFO  server.RaftServerConfigKeys (ConfUtils.java:logGet(43)) - raft.server.log.statemachine.data.sync = true (default)
2019-09-26 10:59:16,917 [pool-47-thread-1] INFO  server.RaftServerConfigKeys (ConfUtils.java:logGet(43)) - raft.server.log.statemachine.data.sync.timeout = 10s (default)
2019-09-26 10:59:16,918 [pool-47-thread-1] INFO  server.RaftServerConfigKeys (ConfUtils.java:logGet(43)) - raft.server.log.statemachine.data.sync.timeout.retry = -1 (default)
2019-09-26 10:59:16,918 [pool-47-thread-1] INFO  server.RaftServerConfigKeys (ConfUtils.java:logGet(43)) - raft.server.log.statemachine.data.caching.enabled = true (custom)
2019-09-26 10:59:16,918 [pool-47-thread-1] INFO  segmented.SegmentedRaftLogWorker (SegmentedRaftLogWorker.java:lambda$new$0(132)) - c1a9f1dd-6c0d-41cb-a4f1-f4597ac7f27c@group-F83A4ADF93A4-SegmentedRaftLogWorker: flushIndex: setUnconditionally 0 -> -1
2019-09-26 10:59:16,919 [pool-47-thread-1] INFO  server.RaftServerConfigKeys (ConfUtils.java:logGet(43)) - raft.server.snapshot.auto.trigger.enabled = true (custom)
2019-09-26 10:59:16,919 [pool-47-thread-1] INFO  server.RaftServerConfigKeys (ConfUtils.java:logGet(43)) - raft.server.snapshot.auto.trigger.threshold = 10000 (custom)
2019-09-26 10:59:16,919 [pool-47-thread-1] INFO  server.RaftServerConfigKeys (ConfUtils.java:logGet(43)) - raft.server.snapshot.retention.num.files = 5 (custom)
2019-09-26 10:59:16,919 [pool-47-thread-1] INFO  server.RaftServerConfigKeys (ConfUtils.java:logGet(43)) - raft.server.retrycache.expirytime = 600000ms (custom)
2019-09-26 10:59:16,925 [pool-47-thread-1] INFO  impl.RaftServerImpl (RaftServerImpl.java:start(185)) - c1a9f1dd-6c0d-41cb-a4f1-f4597ac7f27c@group-F83A4ADF93A4: start as a follower, conf=-1: [c1a9f1dd-6c0d-41cb-a4f1-f4597ac7f27c:192.168.30.13:44506], old=null
2019-09-26 10:59:16,926 [pool-47-thread-1] INFO  impl.RaftServerImpl (RaftServerImpl.java:setRole(174)) - c1a9f1dd-6c0d-41cb-a4f1-f4597ac7f27c@group-F83A4ADF93A4: changes role from      null to FOLLOWER at term 0 for startAsFollower
2019-09-26 10:59:16,926 [pool-47-thread-1] INFO  impl.RoleInfo (RoleInfo.java:updateAndGet(143)) - c1a9f1dd-6c0d-41cb-a4f1-f4597ac7f27c: start FollowerState
2019-09-26 10:59:16,928 [pool-47-thread-1] INFO  util.JmxRegister (JmxRegister.java:tryRegister(44)) - Successfully registered JMX Bean with object name Ratis:service=RaftServer,group=group-F83A4ADF93A4,id=c1a9f1dd-6c0d-41cb-a4f1-f4597ac7f27c
2019-09-26 10:59:16,946 [RatisPipelineUtilsThread] INFO  pipeline.PipelineStateManager (PipelineStateManager.java:addPipeline(56)) - Created pipeline Pipeline[ Id: 8542f24c-9a0c-4f7d-8879-f83a4adf93a4, Nodes: c1a9f1dd-6c0d-41cb-a4f1-f4597ac7f27c{ip: 192.168.30.13, host: pr-hdds-1569-wvzgm-824869521, networkLocation: /default-rack, certSerialId: null}, Type:RATIS, Factor:ONE, State:OPEN]
2019-09-26 10:59:16,966 [grpc-default-executor-0] INFO  impl.RaftServerProxy (RaftServerProxy.java:addNew(89)) - 91fb8321-54d9-4a64-90be-ab1c2b6fea7b: addNew group-75914CF6CA9F:[91fb8321-54d9-4a64-90be-ab1c2b6fea7b:192.168.30.13:42819] returns group-75914CF6CA9F:java.util.concurrent.CompletableFuture@57605aa0[Not completed]
2019-09-26 10:59:16,988 [pool-67-thread-1] INFO  impl.RaftServerImpl (RaftServerImpl.java:<init>(95)) - 91fb8321-54d9-4a64-90be-ab1c2b6fea7b: new RaftServerImpl for group-75914CF6CA9F:[91fb8321-54d9-4a64-90be-ab1c2b6fea7b:192.168.30.13:42819] with ContainerStateMachine:uninitialized
2019-09-26 10:59:16,988 [pool-67-thread-1] INFO  server.RaftServerConfigKeys (ConfUtils.java:logGet(43)) - raft.server.rpc.timeout.min = 5s (custom)
2019-09-26 10:59:16,988 [pool-67-thread-1] INFO  server.RaftServerConfigKeys (ConfUtils.java:logGet(43)) - raft.server.rpc.timeout.max = 5200ms (custom)
2019-09-26 10:59:16,989 [pool-67-thread-1] INFO  server.RaftServerConfigKeys (ConfUtils.java:logGet(43)) - raft.server.rpcslowness.timeout = 120s (custom)
2019-09-26 10:59:16,989 [pool-67-thread-1] INFO  server.RaftServerConfigKeys (ConfUtils.java:logGet(43)) - raft.server.sleep.deviation.threshold = 300 (default)
2019-09-26 10:59:16,989 [pool-67-thread-1] INFO  server.RaftServerConfigKeys (ConfUtils.java:logGet(43)) - raft.server.log.appender.install.snapshot.enabled = false (custom)
2019-09-26 10:59:16,989 [pool-67-thread-1] INFO  impl.RaftServerImpl (ServerState.java:<init>(103)) - 91fb8321-54d9-4a64-90be-ab1c2b6fea7b@group-75914CF6CA9F: ConfigurationManager, init=-1: [91fb8321-54d9-4a64-90be-ab1c2b6fea7b:192.168.30.13:42819], old=null, confs=<EMPTY_MAP>
2019-09-26 10:59:16,989 [pool-67-thread-1] INFO  server.RaftServerConfigKeys (ConfUtils.java:logGet(43)) - raft.server.storage.dir = [/workdir/hadoop-ozone/tools/target/test-dir/MiniOzoneClusterImpl-500c1b69-91fd-4a69-8f24-d9dc154afa78/datanode-4/data/ratis] (custom)
2019-09-26 10:59:16,990 [pool-67-thread-1] INFO  storage.RaftStorageDirectory (RaftStorageDirectory.java:analyzeStorage(246)) - The storage directory /workdir/hadoop-ozone/tools/target/test-dir/MiniOzoneClusterImpl-500c1b69-91fd-4a69-8f24-d9dc154afa78/datanode-4/data/ratis/1d7011c1-8a75-41d7-a206-75914cf6ca9f does not exist. Creating ...
2019-09-26 10:59:17,011 [pool-67-thread-1] INFO  storage.RaftStorageDirectory (RaftStorageDirectory.java:tryLock(328)) - Lock on /workdir/hadoop-ozone/tools/target/test-dir/MiniOzoneClusterImpl-500c1b69-91fd-4a69-8f24-d9dc154afa78/datanode-4/data/ratis/1d7011c1-8a75-41d7-a206-75914cf6ca9f/in_use.lock acquired by nodename 12288@pr-hdds-1569-wvzgm-824869521
2019-09-26 10:59:17,024 [pool-67-thread-1] INFO  storage.RaftStorage (RaftStorage.java:format(72)) - Storage directory /workdir/hadoop-ozone/tools/target/test-dir/MiniOzoneClusterImpl-500c1b69-91fd-4a69-8f24-d9dc154afa78/datanode-4/data/ratis/1d7011c1-8a75-41d7-a206-75914cf6ca9f has been successfully formatted.
2019-09-26 10:59:17,024 [pool-67-thread-1] INFO  ratis.ContainerStateMachine (ContainerStateMachine.java:loadSnapshot(230)) - group-75914CF6CA9F: The snapshot info is null. Setting the last applied indexto:(t:0, i:~)
2019-09-26 10:59:17,025 [pool-67-thread-1] INFO  server.RaftServerConfigKeys (ConfUtils.java:logGet(43)) - raft.server.notification.no-leader.timeout = 120s (custom)
2019-09-26 10:59:17,025 [pool-67-thread-1] INFO  server.RaftServerConfigKeys (ConfUtils.java:logGet(43)) - raft.server.log.use.memory = false (default)
2019-09-26 10:59:17,025 [pool-67-thread-1] INFO  server.RaftServerConfigKeys (ConfUtils.java:logGet(43)) - raft.server.log.purge.gap = 1000000 (custom)
2019-09-26 10:59:17,026 [pool-67-thread-1] INFO  server.RaftServerConfigKeys (ConfUtils.java:logGet(43)) - raft.server.log.appender.buffer.byte-limit = 33554432 (custom)
2019-09-26 10:59:17,026 [pool-67-thread-1] INFO  server.RaftServerConfigKeys (ConfUtils.java:logGet(43)) - raft.server.log.segment.size.max = 1048576 (custom)
2019-09-26 10:59:17,026 [pool-67-thread-1] INFO  server.RaftServerConfigKeys (ConfUtils.java:logGet(43)) - raft.server.log.segment.cache.num.max = 2 (custom)
2019-09-26 10:59:17,026 [pool-67-thread-1] INFO  segmented.SegmentedRaftLogWorker (SegmentedRaftLogWorker.java:<init>(172)) - new 91fb8321-54d9-4a64-90be-ab1c2b6fea7b@group-75914CF6CA9F-SegmentedRaftLogWorker for RaftStorage:Storage Directory /workdir/hadoop-ozone/tools/target/test-dir/MiniOzoneClusterImpl-500c1b69-91fd-4a69-8f24-d9dc154afa78/datanode-4/data/ratis/1d7011c1-8a75-41d7-a206-75914cf6ca9f
2019-09-26 10:59:17,058 [pool-67-thread-1] INFO  server.RaftServerConfigKeys (ConfUtils.java:logGet(43)) - raft.server.log.queue.byte-limit = 2147483647 (custom)
2019-09-26 10:59:17,058 [pool-67-thread-1] INFO  server.RaftServerConfigKeys (ConfUtils.java:logGet(43)) - raft.server.log.queue.element-limit = 1024 (custom)
2019-09-26 10:59:17,058 [pool-67-thread-1] INFO  server.RaftServerConfigKeys (ConfUtils.java:logGet(43)) - raft.server.log.segment.size.max = 1048576 (custom)
2019-09-26 10:59:17,059 [pool-67-thread-1] INFO  server.RaftServerConfigKeys (ConfUtils.java:logGet(43)) - raft.server.log.preallocated.size = 16384 (custom)
2019-09-26 10:59:17,059 [pool-67-thread-1] INFO  server.RaftServerConfigKeys (ConfUtils.java:logGet(43)) - raft.server.log.write.buffer.size = 33554432 (custom)
2019-09-26 10:59:17,059 [pool-67-thread-1] INFO  server.RaftServerConfigKeys (ConfUtils.java:logGet(43)) - raft.server.log.force.sync.num = 128 (default)
2019-09-26 10:59:17,059 [pool-67-thread-1] INFO  server.RaftServerConfigKeys (ConfUtils.java:logGet(43)) - raft.server.log.statemachine.data.sync = true (default)
2019-09-26 10:59:17,060 [pool-67-thread-1] INFO  server.RaftServerConfigKeys (ConfUtils.java:logGet(43)) - raft.server.log.statemachine.data.sync.timeout = 10s (default)
2019-09-26 10:59:17,060 [pool-67-thread-1] INFO  server.RaftServerConfigKeys (ConfUtils.java:logGet(43)) - raft.server.log.statemachine.data.sync.timeout.retry = -1 (default)
2019-09-26 10:59:17,060 [pool-67-thread-1] INFO  server.RaftServerConfigKeys (ConfUtils.java:logGet(43)) - raft.server.log.statemachine.data.caching.enabled = true (custom)
2019-09-26 10:59:17,061 [pool-67-thread-1] INFO  segmented.SegmentedRaftLogWorker (SegmentedRaftLogWorker.java:lambda$new$0(132)) - 91fb8321-54d9-4a64-90be-ab1c2b6fea7b@group-75914CF6CA9F-SegmentedRaftLogWorker: flushIndex: setUnconditionally 0 -> -1
2019-09-26 10:59:17,061 [pool-67-thread-1] INFO  server.RaftServerConfigKeys (ConfUtils.java:logGet(43)) - raft.server.snapshot.auto.trigger.enabled = true (custom)
2019-09-26 10:59:17,061 [pool-67-thread-1] INFO  server.RaftServerConfigKeys (ConfUtils.java:logGet(43)) - raft.server.snapshot.auto.trigger.threshold = 10000 (custom)
2019-09-26 10:59:17,061 [pool-67-thread-1] INFO  server.RaftServerConfigKeys (ConfUtils.java:logGet(43)) - raft.server.snapshot.retention.num.files = 5 (custom)
2019-09-26 10:59:17,062 [pool-67-thread-1] INFO  server.RaftServerConfigKeys (ConfUtils.java:logGet(43)) - raft.server.retrycache.expirytime = 600000ms (custom)
2019-09-26 10:59:17,069 [pool-67-thread-1] INFO  impl.RaftServerImpl (RaftServerImpl.java:start(185)) - 91fb8321-54d9-4a64-90be-ab1c2b6fea7b@group-75914CF6CA9F: start as a follower, conf=-1: [91fb8321-54d9-4a64-90be-ab1c2b6fea7b:192.168.30.13:42819], old=null
2019-09-26 10:59:17,069 [pool-67-thread-1] INFO  impl.RaftServerImpl (RaftServerImpl.java:setRole(174)) - 91fb8321-54d9-4a64-90be-ab1c2b6fea7b@group-75914CF6CA9F: changes role from      null to FOLLOWER at term 0 for startAsFollower
2019-09-26 10:59:17,069 [pool-67-thread-1] INFO  impl.RoleInfo (RoleInfo.java:updateAndGet(143)) - 91fb8321-54d9-4a64-90be-ab1c2b6fea7b: start FollowerState
2019-09-26 10:59:17,070 [pool-67-thread-1] INFO  util.JmxRegister (JmxRegister.java:tryRegister(44)) - Successfully registered JMX Bean with object name Ratis:service=RaftServer,group=group-75914CF6CA9F,id=91fb8321-54d9-4a64-90be-ab1c2b6fea7b
2019-09-26 10:59:17,082 [RatisPipelineUtilsThread] INFO  pipeline.PipelineStateManager (PipelineStateManager.java:addPipeline(56)) - Created pipeline Pipeline[ Id: 1d7011c1-8a75-41d7-a206-75914cf6ca9f, Nodes: 91fb8321-54d9-4a64-90be-ab1c2b6fea7b{ip: 192.168.30.13, host: pr-hdds-1569-wvzgm-824869521, networkLocation: /default-rack, certSerialId: null}, Type:RATIS, Factor:ONE, State:OPEN]
2019-09-26 10:59:17,100 [grpc-default-executor-0] INFO  impl.RaftServerProxy (RaftServerProxy.java:addNew(89)) - c1a9f1dd-6c0d-41cb-a4f1-f4597ac7f27c: addNew group-3288700592EF:[c1a9f1dd-6c0d-41cb-a4f1-f4597ac7f27c:192.168.30.13:44506] returns group-3288700592EF:java.util.concurrent.CompletableFuture@421fd43e[Not completed]
2019-09-26 10:59:17,102 [pool-47-thread-1] INFO  impl.RaftServerImpl (RaftServerImpl.java:<init>(95)) - c1a9f1dd-6c0d-41cb-a4f1-f4597ac7f27c: new RaftServerImpl for group-3288700592EF:[c1a9f1dd-6c0d-41cb-a4f1-f4597ac7f27c:192.168.30.13:44506] with ContainerStateMachine:uninitialized
2019-09-26 10:59:17,102 [pool-47-thread-1] INFO  server.RaftServerConfigKeys (ConfUtils.java:logGet(43)) - raft.server.rpc.timeout.min = 5s (custom)
2019-09-26 10:59:17,103 [pool-47-thread-1] INFO  server.RaftServerConfigKeys (ConfUtils.java:logGet(43)) - raft.server.rpc.timeout.max = 5200ms (custom)
2019-09-26 10:59:17,103 [pool-47-thread-1] INFO  server.RaftServerConfigKeys (ConfUtils.java:logGet(43)) - raft.server.rpcslowness.timeout = 120s (custom)
2019-09-26 10:59:17,103 [pool-47-thread-1] INFO  server.RaftServerConfigKeys (ConfUtils.java:logGet(43)) - raft.server.sleep.deviation.threshold = 300 (default)
2019-09-26 10:59:17,103 [pool-47-thread-1] INFO  server.RaftServerConfigKeys (ConfUtils.java:logGet(43)) - raft.server.log.appender.install.snapshot.enabled = false (custom)
2019-09-26 10:59:17,103 [pool-47-thread-1] INFO  impl.RaftServerImpl (ServerState.java:<init>(103)) - c1a9f1dd-6c0d-41cb-a4f1-f4597ac7f27c@group-3288700592EF: ConfigurationManager, init=-1: [c1a9f1dd-6c0d-41cb-a4f1-f4597ac7f27c:192.168.30.13:44506], old=null, confs=<EMPTY_MAP>
2019-09-26 10:59:17,104 [pool-47-thread-1] INFO  server.RaftServerConfigKeys (ConfUtils.java:logGet(43)) - raft.server.storage.dir = [/workdir/hadoop-ozone/tools/target/test-dir/MiniOzoneClusterImpl-500c1b69-91fd-4a69-8f24-d9dc154afa78/datanode-2/data/ratis] (custom)
2019-09-26 10:59:17,104 [pool-47-thread-1] INFO  storage.RaftStorageDirectory (RaftStorageDirectory.java:analyzeStorage(246)) - The storage directory /workdir/hadoop-ozone/tools/target/test-dir/MiniOzoneClusterImpl-500c1b69-91fd-4a69-8f24-d9dc154afa78/datanode-2/data/ratis/0159ab23-661a-472a-b820-3288700592ef does not exist. Creating ...
2019-09-26 10:59:17,119 [pool-47-thread-1] INFO  storage.RaftStorageDirectory (RaftStorageDirectory.java:tryLock(328)) - Lock on /workdir/hadoop-ozone/tools/target/test-dir/MiniOzoneClusterImpl-500c1b69-91fd-4a69-8f24-d9dc154afa78/datanode-2/data/ratis/0159ab23-661a-472a-b820-3288700592ef/in_use.lock acquired by nodename 12288@pr-hdds-1569-wvzgm-824869521
2019-09-26 10:59:17,138 [pool-47-thread-1] INFO  storage.RaftStorage (RaftStorage.java:format(72)) - Storage directory /workdir/hadoop-ozone/tools/target/test-dir/MiniOzoneClusterImpl-500c1b69-91fd-4a69-8f24-d9dc154afa78/datanode-2/data/ratis/0159ab23-661a-472a-b820-3288700592ef has been successfully formatted.
2019-09-26 10:59:17,139 [pool-47-thread-1] INFO  ratis.ContainerStateMachine (ContainerStateMachine.java:loadSnapshot(230)) - group-3288700592EF: The snapshot info is null. Setting the last applied indexto:(t:0, i:~)
2019-09-26 10:59:17,139 [pool-47-thread-1] INFO  server.RaftServerConfigKeys (ConfUtils.java:logGet(43)) - raft.server.notification.no-leader.timeout = 120s (custom)
2019-09-26 10:59:17,139 [pool-47-thread-1] INFO  server.RaftServerConfigKeys (ConfUtils.java:logGet(43)) - raft.server.log.use.memory = false (default)
2019-09-26 10:59:17,139 [pool-47-thread-1] INFO  server.RaftServerConfigKeys (ConfUtils.java:logGet(43)) - raft.server.log.purge.gap = 1000000 (custom)
2019-09-26 10:59:17,140 [pool-47-thread-1] INFO  server.RaftServerConfigKeys (ConfUtils.java:logGet(43)) - raft.server.log.appender.buffer.byte-limit = 33554432 (custom)
2019-09-26 10:59:17,140 [pool-47-thread-1] INFO  server.RaftServerConfigKeys (ConfUtils.java:logGet(43)) - raft.server.log.segment.size.max = 1048576 (custom)
2019-09-26 10:59:17,140 [pool-47-thread-1] INFO  server.RaftServerConfigKeys (ConfUtils.java:logGet(43)) - raft.server.log.segment.cache.num.max = 2 (custom)
2019-09-26 10:59:17,140 [pool-47-thread-1] INFO  segmented.SegmentedRaftLogWorker (SegmentedRaftLogWorker.java:<init>(172)) - new c1a9f1dd-6c0d-41cb-a4f1-f4597ac7f27c@group-3288700592EF-SegmentedRaftLogWorker for RaftStorage:Storage Directory /workdir/hadoop-ozone/tools/target/test-dir/MiniOzoneClusterImpl-500c1b69-91fd-4a69-8f24-d9dc154afa78/datanode-2/data/ratis/0159ab23-661a-472a-b820-3288700592ef
2019-09-26 10:59:17,140 [pool-47-thread-1] INFO  server.RaftServerConfigKeys (ConfUtils.java:logGet(43)) - raft.server.log.queue.byte-limit = 2147483647 (custom)
2019-09-26 10:59:17,141 [pool-47-thread-1] INFO  server.RaftServerConfigKeys (ConfUtils.java:logGet(43)) - raft.server.log.queue.element-limit = 1024 (custom)
2019-09-26 10:59:17,141 [pool-47-thread-1] INFO  server.RaftServerConfigKeys (ConfUtils.java:logGet(43)) - raft.server.log.segment.size.max = 1048576 (custom)
2019-09-26 10:59:17,141 [pool-47-thread-1] INFO  server.RaftServerConfigKeys (ConfUtils.java:logGet(43)) - raft.server.log.preallocated.size = 16384 (custom)
2019-09-26 10:59:17,141 [pool-47-thread-1] INFO  server.RaftServerConfigKeys (ConfUtils.java:logGet(43)) - raft.server.log.write.buffer.size = 33554432 (custom)
2019-09-26 10:59:17,141 [pool-47-thread-1] INFO  server.RaftServerConfigKeys (ConfUtils.java:logGet(43)) - raft.server.log.force.sync.num = 128 (default)
2019-09-26 10:59:17,141 [pool-47-thread-1] INFO  server.RaftServerConfigKeys (ConfUtils.java:logGet(43)) - raft.server.log.statemachine.data.sync = true (default)
2019-09-26 10:59:17,142 [pool-47-thread-1] INFO  server.RaftServerConfigKeys (ConfUtils.java:logGet(43)) - raft.server.log.statemachine.data.sync.timeout = 10s (default)
2019-09-26 10:59:17,142 [pool-47-thread-1] INFO  server.RaftServerConfigKeys (ConfUtils.java:logGet(43)) - raft.server.log.statemachine.data.sync.timeout.retry = -1 (default)
2019-09-26 10:59:17,142 [pool-47-thread-1] INFO  server.RaftServerConfigKeys (ConfUtils.java:logGet(43)) - raft.server.log.statemachine.data.caching.enabled = true (custom)
2019-09-26 10:59:17,142 [pool-47-thread-1] INFO  segmented.SegmentedRaftLogWorker (SegmentedRaftLogWorker.java:lambda$new$0(132)) - c1a9f1dd-6c0d-41cb-a4f1-f4597ac7f27c@group-3288700592EF-SegmentedRaftLogWorker: flushIndex: setUnconditionally 0 -> -1
2019-09-26 10:59:17,143 [pool-47-thread-1] INFO  server.RaftServerConfigKeys (ConfUtils.java:logGet(43)) - raft.server.snapshot.auto.trigger.enabled = true (custom)
2019-09-26 10:59:17,143 [pool-47-thread-1] INFO  server.RaftServerConfigKeys (ConfUtils.java:logGet(43)) - raft.server.snapshot.auto.trigger.threshold = 10000 (custom)
2019-09-26 10:59:17,143 [pool-47-thread-1] INFO  server.RaftServerConfigKeys (ConfUtils.java:logGet(43)) - raft.server.snapshot.retention.num.files = 5 (custom)
2019-09-26 10:59:17,143 [pool-47-thread-1] INFO  server.RaftServerConfigKeys (ConfUtils.java:logGet(43)) - raft.server.retrycache.expirytime = 600000ms (custom)
2019-09-26 10:59:17,148 [pool-47-thread-1] INFO  impl.RaftServerImpl (RaftServerImpl.java:start(185)) - c1a9f1dd-6c0d-41cb-a4f1-f4597ac7f27c@group-3288700592EF: start as a follower, conf=-1: [c1a9f1dd-6c0d-41cb-a4f1-f4597ac7f27c:192.168.30.13:44506], old=null
2019-09-26 10:59:17,148 [pool-47-thread-1] INFO  impl.RaftServerImpl (RaftServerImpl.java:setRole(174)) - c1a9f1dd-6c0d-41cb-a4f1-f4597ac7f27c@group-3288700592EF: changes role from      null to FOLLOWER at term 0 for startAsFollower
2019-09-26 10:59:17,148 [pool-47-thread-1] INFO  impl.RoleInfo (RoleInfo.java:updateAndGet(143)) - c1a9f1dd-6c0d-41cb-a4f1-f4597ac7f27c: start FollowerState
2019-09-26 10:59:17,149 [pool-47-thread-1] INFO  util.JmxRegister (JmxRegister.java:tryRegister(44)) - Successfully registered JMX Bean with object name Ratis:service=RaftServer,group=group-3288700592EF,id=c1a9f1dd-6c0d-41cb-a4f1-f4597ac7f27c
2019-09-26 10:59:17,161 [RatisPipelineUtilsThread] INFO  pipeline.PipelineStateManager (PipelineStateManager.java:addPipeline(56)) - Created pipeline Pipeline[ Id: 0159ab23-661a-472a-b820-3288700592ef, Nodes: c1a9f1dd-6c0d-41cb-a4f1-f4597ac7f27c{ip: 192.168.30.13, host: pr-hdds-1569-wvzgm-824869521, networkLocation: /default-rack, certSerialId: null}, Type:RATIS, Factor:ONE, State:OPEN]
2019-09-26 10:59:17,187 [grpc-default-executor-0] INFO  impl.RaftServerProxy (RaftServerProxy.java:addNew(89)) - 91fb8321-54d9-4a64-90be-ab1c2b6fea7b: addNew group-549A22A054A1:[91fb8321-54d9-4a64-90be-ab1c2b6fea7b:192.168.30.13:42819] returns group-549A22A054A1:java.util.concurrent.CompletableFuture@7a90c32e[Not completed]
2019-09-26 10:59:17,189 [pool-67-thread-1] INFO  impl.RaftServerImpl (RaftServerImpl.java:<init>(95)) - 91fb8321-54d9-4a64-90be-ab1c2b6fea7b: new RaftServerImpl for group-549A22A054A1:[91fb8321-54d9-4a64-90be-ab1c2b6fea7b:192.168.30.13:42819] with ContainerStateMachine:uninitialized
2019-09-26 10:59:17,189 [pool-67-thread-1] INFO  server.RaftServerConfigKeys (ConfUtils.java:logGet(43)) - raft.server.rpc.timeout.min = 5s (custom)
2019-09-26 10:59:17,189 [pool-67-thread-1] INFO  server.RaftServerConfigKeys (ConfUtils.java:logGet(43)) - raft.server.rpc.timeout.max = 5200ms (custom)
2019-09-26 10:59:17,189 [pool-67-thread-1] INFO  server.RaftServerConfigKeys (ConfUtils.java:logGet(43)) - raft.server.rpcslowness.timeout = 120s (custom)
2019-09-26 10:59:17,190 [pool-67-thread-1] INFO  server.RaftServerConfigKeys (ConfUtils.java:logGet(43)) - raft.server.sleep.deviation.threshold = 300 (default)
2019-09-26 10:59:17,190 [pool-67-thread-1] INFO  server.RaftServerConfigKeys (ConfUtils.java:logGet(43)) - raft.server.log.appender.install.snapshot.enabled = false (custom)
2019-09-26 10:59:17,190 [pool-67-thread-1] INFO  impl.RaftServerImpl (ServerState.java:<init>(103)) - 91fb8321-54d9-4a64-90be-ab1c2b6fea7b@group-549A22A054A1: ConfigurationManager, init=-1: [91fb8321-54d9-4a64-90be-ab1c2b6fea7b:192.168.30.13:42819], old=null, confs=<EMPTY_MAP>
2019-09-26 10:59:17,190 [pool-67-thread-1] INFO  server.RaftServerConfigKeys (ConfUtils.java:logGet(43)) - raft.server.storage.dir = [/workdir/hadoop-ozone/tools/target/test-dir/MiniOzoneClusterImpl-500c1b69-91fd-4a69-8f24-d9dc154afa78/datanode-4/data/ratis] (custom)
2019-09-26 10:59:17,190 [pool-67-thread-1] INFO  storage.RaftStorageDirectory (RaftStorageDirectory.java:analyzeStorage(246)) - The storage directory /workdir/hadoop-ozone/tools/target/test-dir/MiniOzoneClusterImpl-500c1b69-91fd-4a69-8f24-d9dc154afa78/datanode-4/data/ratis/7fd8a3f1-ec75-49b0-a62f-549a22a054a1 does not exist. Creating ...
2019-09-26 10:59:17,215 [pool-67-thread-1] INFO  storage.RaftStorageDirectory (RaftStorageDirectory.java:tryLock(328)) - Lock on /workdir/hadoop-ozone/tools/target/test-dir/MiniOzoneClusterImpl-500c1b69-91fd-4a69-8f24-d9dc154afa78/datanode-4/data/ratis/7fd8a3f1-ec75-49b0-a62f-549a22a054a1/in_use.lock acquired by nodename 12288@pr-hdds-1569-wvzgm-824869521
2019-09-26 10:59:17,228 [pool-67-thread-1] INFO  storage.RaftStorage (RaftStorage.java:format(72)) - Storage directory /workdir/hadoop-ozone/tools/target/test-dir/MiniOzoneClusterImpl-500c1b69-91fd-4a69-8f24-d9dc154afa78/datanode-4/data/ratis/7fd8a3f1-ec75-49b0-a62f-549a22a054a1 has been successfully formatted.
2019-09-26 10:59:17,228 [main] INFO  ozone.MiniOzoneClusterImpl (MiniOzoneClusterImpl.java:lambda$waitForClusterToBeReady$0(147)) - Cluster is ready. Got 5 of 5 DN Heartbeats.
2019-09-26 10:59:17,228 [pool-67-thread-1] INFO  ratis.ContainerStateMachine (ContainerStateMachine.java:loadSnapshot(230)) - group-549A22A054A1: The snapshot info is null. Setting the last applied indexto:(t:0, i:~)
2019-09-26 10:59:17,228 [pool-67-thread-1] INFO  server.RaftServerConfigKeys (ConfUtils.java:logGet(43)) - raft.server.notification.no-leader.timeout = 120s (custom)
2019-09-26 10:59:17,228 [pool-67-thread-1] INFO  server.RaftServerConfigKeys (ConfUtils.java:logGet(43)) - raft.server.log.use.memory = false (default)
2019-09-26 10:59:17,229 [pool-67-thread-1] INFO  server.RaftServerConfigKeys (ConfUtils.java:logGet(43)) - raft.server.log.purge.gap = 1000000 (custom)
2019-09-26 10:59:17,229 [pool-67-thread-1] INFO  server.RaftServerConfigKeys (ConfUtils.java:logGet(43)) - raft.server.log.appender.buffer.byte-limit = 33554432 (custom)
2019-09-26 10:59:17,229 [pool-67-thread-1] INFO  server.RaftServerConfigKeys (ConfUtils.java:logGet(43)) - raft.server.log.segment.size.max = 1048576 (custom)
2019-09-26 10:59:17,229 [pool-67-thread-1] INFO  server.RaftServerConfigKeys (ConfUtils.java:logGet(43)) - raft.server.log.segment.cache.num.max = 2 (custom)
2019-09-26 10:59:17,229 [pool-67-thread-1] INFO  segmented.SegmentedRaftLogWorker (SegmentedRaftLogWorker.java:<init>(172)) - new 91fb8321-54d9-4a64-90be-ab1c2b6fea7b@group-549A22A054A1-SegmentedRaftLogWorker for RaftStorage:Storage Directory /workdir/hadoop-ozone/tools/target/test-dir/MiniOzoneClusterImpl-500c1b69-91fd-4a69-8f24-d9dc154afa78/datanode-4/data/ratis/7fd8a3f1-ec75-49b0-a62f-549a22a054a1
2019-09-26 10:59:17,230 [pool-67-thread-1] INFO  server.RaftServerConfigKeys (ConfUtils.java:logGet(43)) - raft.server.log.queue.byte-limit = 2147483647 (custom)
2019-09-26 10:59:17,230 [pool-67-thread-1] INFO  server.RaftServerConfigKeys (ConfUtils.java:logGet(43)) - raft.server.log.queue.element-limit = 1024 (custom)
2019-09-26 10:59:17,230 [pool-67-thread-1] INFO  server.RaftServerConfigKeys (ConfUtils.java:logGet(43)) - raft.server.log.segment.size.max = 1048576 (custom)
2019-09-26 10:59:17,230 [pool-67-thread-1] INFO  server.RaftServerConfigKeys (ConfUtils.java:logGet(43)) - raft.server.log.preallocated.size = 16384 (custom)
2019-09-26 10:59:17,230 [pool-67-thread-1] INFO  server.RaftServerConfigKeys (ConfUtils.java:logGet(43)) - raft.server.log.write.buffer.size = 33554432 (custom)
2019-09-26 10:59:17,230 [pool-67-thread-1] INFO  server.RaftServerConfigKeys (ConfUtils.java:logGet(43)) - raft.server.log.force.sync.num = 128 (default)
2019-09-26 10:59:17,231 [pool-67-thread-1] INFO  server.RaftServerConfigKeys (ConfUtils.java:logGet(43)) - raft.server.log.statemachine.data.sync = true (default)
2019-09-26 10:59:17,231 [pool-67-thread-1] INFO  server.RaftServerConfigKeys (ConfUtils.java:logGet(43)) - raft.server.log.statemachine.data.sync.timeout = 10s (default)
2019-09-26 10:59:17,231 [pool-67-thread-1] INFO  server.RaftServerConfigKeys (ConfUtils.java:logGet(43)) - raft.server.log.statemachine.data.sync.timeout.retry = -1 (default)
2019-09-26 10:59:17,231 [pool-67-thread-1] INFO  server.RaftServerConfigKeys (ConfUtils.java:logGet(43)) - raft.server.log.statemachine.data.caching.enabled = true (custom)
2019-09-26 10:59:17,232 [pool-67-thread-1] INFO  segmented.SegmentedRaftLogWorker (SegmentedRaftLogWorker.java:lambda$new$0(132)) - 91fb8321-54d9-4a64-90be-ab1c2b6fea7b@group-549A22A054A1-SegmentedRaftLogWorker: flushIndex: setUnconditionally 0 -> -1
2019-09-26 10:59:17,232 [pool-67-thread-1] INFO  server.RaftServerConfigKeys (ConfUtils.java:logGet(43)) - raft.server.snapshot.auto.trigger.enabled = true (custom)
2019-09-26 10:59:17,232 [pool-67-thread-1] INFO  server.RaftServerConfigKeys (ConfUtils.java:logGet(43)) - raft.server.snapshot.auto.trigger.threshold = 10000 (custom)
2019-09-26 10:59:17,232 [pool-67-thread-1] INFO  server.RaftServerConfigKeys (ConfUtils.java:logGet(43)) - raft.server.snapshot.retention.num.files = 5 (custom)
2019-09-26 10:59:17,233 [pool-67-thread-1] INFO  server.RaftServerConfigKeys (ConfUtils.java:logGet(43)) - raft.server.retrycache.expirytime = 600000ms (custom)
2019-09-26 10:59:17,239 [pool-67-thread-1] INFO  impl.RaftServerImpl (RaftServerImpl.java:start(185)) - 91fb8321-54d9-4a64-90be-ab1c2b6fea7b@group-549A22A054A1: start as a follower, conf=-1: [91fb8321-54d9-4a64-90be-ab1c2b6fea7b:192.168.30.13:42819], old=null
2019-09-26 10:59:17,239 [pool-67-thread-1] INFO  impl.RaftServerImpl (RaftServerImpl.java:setRole(174)) - 91fb8321-54d9-4a64-90be-ab1c2b6fea7b@group-549A22A054A1: changes role from      null to FOLLOWER at term 0 for startAsFollower
2019-09-26 10:59:17,239 [pool-67-thread-1] INFO  impl.RoleInfo (RoleInfo.java:updateAndGet(143)) - 91fb8321-54d9-4a64-90be-ab1c2b6fea7b: start FollowerState
2019-09-26 10:59:17,240 [pool-67-thread-1] INFO  util.JmxRegister (JmxRegister.java:tryRegister(44)) - Successfully registered JMX Bean with object name Ratis:service=RaftServer,group=group-549A22A054A1,id=91fb8321-54d9-4a64-90be-ab1c2b6fea7b
2019-09-26 10:59:17,255 [RatisPipelineUtilsThread] INFO  pipeline.PipelineStateManager (PipelineStateManager.java:addPipeline(56)) - Created pipeline Pipeline[ Id: 7fd8a3f1-ec75-49b0-a62f-549a22a054a1, Nodes: 91fb8321-54d9-4a64-90be-ab1c2b6fea7b{ip: 192.168.30.13, host: pr-hdds-1569-wvzgm-824869521, networkLocation: /default-rack, certSerialId: null}, Type:RATIS, Factor:ONE, State:OPEN]
2019-09-26 10:59:17,278 [grpc-default-executor-0] INFO  impl.RaftServerProxy (RaftServerProxy.java:addNew(89)) - c1a9f1dd-6c0d-41cb-a4f1-f4597ac7f27c: addNew group-D867A5C68368:[c1a9f1dd-6c0d-41cb-a4f1-f4597ac7f27c:192.168.30.13:44506] returns group-D867A5C68368:java.util.concurrent.CompletableFuture@373b1211[Not completed]
2019-09-26 10:59:17,280 [pool-47-thread-1] INFO  impl.RaftServerImpl (RaftServerImpl.java:<init>(95)) - c1a9f1dd-6c0d-41cb-a4f1-f4597ac7f27c: new RaftServerImpl for group-D867A5C68368:[c1a9f1dd-6c0d-41cb-a4f1-f4597ac7f27c:192.168.30.13:44506] with ContainerStateMachine:uninitialized
2019-09-26 10:59:17,280 [pool-47-thread-1] INFO  server.RaftServerConfigKeys (ConfUtils.java:logGet(43)) - raft.server.rpc.timeout.min = 5s (custom)
2019-09-26 10:59:17,280 [pool-47-thread-1] INFO  server.RaftServerConfigKeys (ConfUtils.java:logGet(43)) - raft.server.rpc.timeout.max = 5200ms (custom)
2019-09-26 10:59:17,280 [pool-47-thread-1] INFO  server.RaftServerConfigKeys (ConfUtils.java:logGet(43)) - raft.server.rpcslowness.timeout = 120s (custom)
2019-09-26 10:59:17,280 [pool-47-thread-1] INFO  server.RaftServerConfigKeys (ConfUtils.java:logGet(43)) - raft.server.sleep.deviation.threshold = 300 (default)
2019-09-26 10:59:17,281 [pool-47-thread-1] INFO  server.RaftServerConfigKeys (ConfUtils.java:logGet(43)) - raft.server.log.appender.install.snapshot.enabled = false (custom)
2019-09-26 10:59:17,281 [pool-47-thread-1] INFO  impl.RaftServerImpl (ServerState.java:<init>(103)) - c1a9f1dd-6c0d-41cb-a4f1-f4597ac7f27c@group-D867A5C68368: ConfigurationManager, init=-1: [c1a9f1dd-6c0d-41cb-a4f1-f4597ac7f27c:192.168.30.13:44506], old=null, confs=<EMPTY_MAP>
2019-09-26 10:59:17,281 [pool-47-thread-1] INFO  server.RaftServerConfigKeys (ConfUtils.java:logGet(43)) - raft.server.storage.dir = [/workdir/hadoop-ozone/tools/target/test-dir/MiniOzoneClusterImpl-500c1b69-91fd-4a69-8f24-d9dc154afa78/datanode-2/data/ratis] (custom)
2019-09-26 10:59:17,281 [pool-47-thread-1] INFO  storage.RaftStorageDirectory (RaftStorageDirectory.java:analyzeStorage(246)) - The storage directory /workdir/hadoop-ozone/tools/target/test-dir/MiniOzoneClusterImpl-500c1b69-91fd-4a69-8f24-d9dc154afa78/datanode-2/data/ratis/423803ef-aa43-489d-b810-d867a5c68368 does not exist. Creating ...
2019-09-26 10:59:17,306 [pool-47-thread-1] INFO  storage.RaftStorageDirectory (RaftStorageDirectory.java:tryLock(328)) - Lock on /workdir/hadoop-ozone/tools/target/test-dir/MiniOzoneClusterImpl-500c1b69-91fd-4a69-8f24-d9dc154afa78/datanode-2/data/ratis/423803ef-aa43-489d-b810-d867a5c68368/in_use.lock acquired by nodename 12288@pr-hdds-1569-wvzgm-824869521
2019-09-26 10:59:17,318 [pool-47-thread-1] INFO  storage.RaftStorage (RaftStorage.java:format(72)) - Storage directory /workdir/hadoop-ozone/tools/target/test-dir/MiniOzoneClusterImpl-500c1b69-91fd-4a69-8f24-d9dc154afa78/datanode-2/data/ratis/423803ef-aa43-489d-b810-d867a5c68368 has been successfully formatted.
2019-09-26 10:59:17,319 [pool-47-thread-1] INFO  ratis.ContainerStateMachine (ContainerStateMachine.java:loadSnapshot(230)) - group-D867A5C68368: The snapshot info is null. Setting the last applied indexto:(t:0, i:~)
2019-09-26 10:59:17,319 [pool-47-thread-1] INFO  server.RaftServerConfigKeys (ConfUtils.java:logGet(43)) - raft.server.notification.no-leader.timeout = 120s (custom)
2019-09-26 10:59:17,319 [pool-47-thread-1] INFO  server.RaftServerConfigKeys (ConfUtils.java:logGet(43)) - raft.server.log.use.memory = false (default)
2019-09-26 10:59:17,319 [pool-47-thread-1] INFO  server.RaftServerConfigKeys (ConfUtils.java:logGet(43)) - raft.server.log.purge.gap = 1000000 (custom)
2019-09-26 10:59:17,319 [pool-47-thread-1] INFO  server.RaftServerConfigKeys (ConfUtils.java:logGet(43)) - raft.server.log.appender.buffer.byte-limit = 33554432 (custom)
2019-09-26 10:59:17,319 [pool-47-thread-1] INFO  server.RaftServerConfigKeys (ConfUtils.java:logGet(43)) - raft.server.log.segment.size.max = 1048576 (custom)
2019-09-26 10:59:17,320 [pool-47-thread-1] INFO  server.RaftServerConfigKeys (ConfUtils.java:logGet(43)) - raft.server.log.segment.cache.num.max = 2 (custom)
2019-09-26 10:59:17,320 [pool-47-thread-1] INFO  segmented.SegmentedRaftLogWorker (SegmentedRaftLogWorker.java:<init>(172)) - new c1a9f1dd-6c0d-41cb-a4f1-f4597ac7f27c@group-D867A5C68368-SegmentedRaftLogWorker for RaftStorage:Storage Directory /workdir/hadoop-ozone/tools/target/test-dir/MiniOzoneClusterImpl-500c1b69-91fd-4a69-8f24-d9dc154afa78/datanode-2/data/ratis/423803ef-aa43-489d-b810-d867a5c68368
2019-09-26 10:59:17,320 [pool-47-thread-1] INFO  server.RaftServerConfigKeys (ConfUtils.java:logGet(43)) - raft.server.log.queue.byte-limit = 2147483647 (custom)
2019-09-26 10:59:17,320 [pool-47-thread-1] INFO  server.RaftServerConfigKeys (ConfUtils.java:logGet(43)) - raft.server.log.queue.element-limit = 1024 (custom)
2019-09-26 10:59:17,320 [pool-47-thread-1] INFO  server.RaftServerConfigKeys (ConfUtils.java:logGet(43)) - raft.server.log.segment.size.max = 1048576 (custom)
2019-09-26 10:59:17,320 [pool-47-thread-1] INFO  server.RaftServerConfigKeys (ConfUtils.java:logGet(43)) - raft.server.log.preallocated.size = 16384 (custom)
2019-09-26 10:59:17,320 [pool-47-thread-1] INFO  server.RaftServerConfigKeys (ConfUtils.java:logGet(43)) - raft.server.log.write.buffer.size = 33554432 (custom)
2019-09-26 10:59:17,321 [pool-47-thread-1] INFO  server.RaftServerConfigKeys (ConfUtils.java:logGet(43)) - raft.server.log.force.sync.num = 128 (default)
2019-09-26 10:59:17,321 [pool-47-thread-1] INFO  server.RaftServerConfigKeys (ConfUtils.java:logGet(43)) - raft.server.log.statemachine.data.sync = true (default)
2019-09-26 10:59:17,321 [pool-47-thread-1] INFO  server.RaftServerConfigKeys (ConfUtils.java:logGet(43)) - raft.server.log.statemachine.data.sync.timeout = 10s (default)
2019-09-26 10:59:17,321 [pool-47-thread-1] INFO  server.RaftServerConfigKeys (ConfUtils.java:logGet(43)) - raft.server.log.statemachine.data.sync.timeout.retry = -1 (default)
2019-09-26 10:59:17,321 [pool-47-thread-1] INFO  server.RaftServerConfigKeys (ConfUtils.java:logGet(43)) - raft.server.log.statemachine.data.caching.enabled = true (custom)
2019-09-26 10:59:17,321 [pool-47-thread-1] INFO  segmented.SegmentedRaftLogWorker (SegmentedRaftLogWorker.java:lambda$new$0(132)) - c1a9f1dd-6c0d-41cb-a4f1-f4597ac7f27c@group-D867A5C68368-SegmentedRaftLogWorker: flushIndex: setUnconditionally 0 -> -1
2019-09-26 10:59:17,322 [pool-47-thread-1] INFO  server.RaftServerConfigKeys (ConfUtils.java:logGet(43)) - raft.server.snapshot.auto.trigger.enabled = true (custom)
2019-09-26 10:59:17,322 [pool-47-thread-1] INFO  server.RaftServerConfigKeys (ConfUtils.java:logGet(43)) - raft.server.snapshot.auto.trigger.threshold = 10000 (custom)
2019-09-26 10:59:17,322 [pool-47-thread-1] INFO  server.RaftServerConfigKeys (ConfUtils.java:logGet(43)) - raft.server.snapshot.retention.num.files = 5 (custom)
2019-09-26 10:59:17,322 [pool-47-thread-1] INFO  server.RaftServerConfigKeys (ConfUtils.java:logGet(43)) - raft.server.retrycache.expirytime = 600000ms (custom)
2019-09-26 10:59:17,326 [pool-47-thread-1] INFO  impl.RaftServerImpl (RaftServerImpl.java:start(185)) - c1a9f1dd-6c0d-41cb-a4f1-f4597ac7f27c@group-D867A5C68368: start as a follower, conf=-1: [c1a9f1dd-6c0d-41cb-a4f1-f4597ac7f27c:192.168.30.13:44506], old=null
2019-09-26 10:59:17,326 [pool-47-thread-1] INFO  impl.RaftServerImpl (RaftServerImpl.java:setRole(174)) - c1a9f1dd-6c0d-41cb-a4f1-f4597ac7f27c@group-D867A5C68368: changes role from      null to FOLLOWER at term 0 for startAsFollower
2019-09-26 10:59:17,326 [pool-47-thread-1] INFO  impl.RoleInfo (RoleInfo.java:updateAndGet(143)) - c1a9f1dd-6c0d-41cb-a4f1-f4597ac7f27c: start FollowerState
2019-09-26 10:59:17,326 [pool-47-thread-1] INFO  util.JmxRegister (JmxRegister.java:tryRegister(44)) - Successfully registered JMX Bean with object name Ratis:service=RaftServer,group=group-D867A5C68368,id=c1a9f1dd-6c0d-41cb-a4f1-f4597ac7f27c
2019-09-26 10:59:17,349 [RatisPipelineUtilsThread] INFO  pipeline.PipelineStateManager (PipelineStateManager.java:addPipeline(56)) - Created pipeline Pipeline[ Id: 423803ef-aa43-489d-b810-d867a5c68368, Nodes: c1a9f1dd-6c0d-41cb-a4f1-f4597ac7f27c{ip: 192.168.30.13, host: pr-hdds-1569-wvzgm-824869521, networkLocation: /default-rack, certSerialId: null}, Type:RATIS, Factor:ONE, State:OPEN]
2019-09-26 10:59:17,364 [grpc-default-executor-0] INFO  impl.RaftServerProxy (RaftServerProxy.java:addNew(89)) - 91fb8321-54d9-4a64-90be-ab1c2b6fea7b: addNew group-088850AF5A02:[91fb8321-54d9-4a64-90be-ab1c2b6fea7b:192.168.30.13:42819] returns group-088850AF5A02:java.util.concurrent.CompletableFuture@65d9fd9d[Not completed]
2019-09-26 10:59:17,367 [pool-67-thread-1] INFO  impl.RaftServerImpl (RaftServerImpl.java:<init>(95)) - 91fb8321-54d9-4a64-90be-ab1c2b6fea7b: new RaftServerImpl for group-088850AF5A02:[91fb8321-54d9-4a64-90be-ab1c2b6fea7b:192.168.30.13:42819] with ContainerStateMachine:uninitialized
2019-09-26 10:59:17,367 [pool-67-thread-1] INFO  server.RaftServerConfigKeys (ConfUtils.java:logGet(43)) - raft.server.rpc.timeout.min = 5s (custom)
2019-09-26 10:59:17,368 [pool-67-thread-1] INFO  server.RaftServerConfigKeys (ConfUtils.java:logGet(43)) - raft.server.rpc.timeout.max = 5200ms (custom)
2019-09-26 10:59:17,368 [pool-67-thread-1] INFO  server.RaftServerConfigKeys (ConfUtils.java:logGet(43)) - raft.server.rpcslowness.timeout = 120s (custom)
2019-09-26 10:59:17,368 [pool-67-thread-1] INFO  server.RaftServerConfigKeys (ConfUtils.java:logGet(43)) - raft.server.sleep.deviation.threshold = 300 (default)
2019-09-26 10:59:17,368 [pool-67-thread-1] INFO  server.RaftServerConfigKeys (ConfUtils.java:logGet(43)) - raft.server.log.appender.install.snapshot.enabled = false (custom)
2019-09-26 10:59:17,368 [pool-67-thread-1] INFO  impl.RaftServerImpl (ServerState.java:<init>(103)) - 91fb8321-54d9-4a64-90be-ab1c2b6fea7b@group-088850AF5A02: ConfigurationManager, init=-1: [91fb8321-54d9-4a64-90be-ab1c2b6fea7b:192.168.30.13:42819], old=null, confs=<EMPTY_MAP>
2019-09-26 10:59:17,369 [pool-67-thread-1] INFO  server.RaftServerConfigKeys (ConfUtils.java:logGet(43)) - raft.server.storage.dir = [/workdir/hadoop-ozone/tools/target/test-dir/MiniOzoneClusterImpl-500c1b69-91fd-4a69-8f24-d9dc154afa78/datanode-4/data/ratis] (custom)
2019-09-26 10:59:17,369 [pool-67-thread-1] INFO  storage.RaftStorageDirectory (RaftStorageDirectory.java:analyzeStorage(246)) - The storage directory /workdir/hadoop-ozone/tools/target/test-dir/MiniOzoneClusterImpl-500c1b69-91fd-4a69-8f24-d9dc154afa78/datanode-4/data/ratis/9f29ae85-ccd5-4557-885a-088850af5a02 does not exist. Creating ...
2019-09-26 10:59:17,384 [pool-67-thread-1] INFO  storage.RaftStorageDirectory (RaftStorageDirectory.java:tryLock(328)) - Lock on /workdir/hadoop-ozone/tools/target/test-dir/MiniOzoneClusterImpl-500c1b69-91fd-4a69-8f24-d9dc154afa78/datanode-4/data/ratis/9f29ae85-ccd5-4557-885a-088850af5a02/in_use.lock acquired by nodename 12288@pr-hdds-1569-wvzgm-824869521
2019-09-26 10:59:17,416 [pool-67-thread-1] INFO  storage.RaftStorage (RaftStorage.java:format(72)) - Storage directory /workdir/hadoop-ozone/tools/target/test-dir/MiniOzoneClusterImpl-500c1b69-91fd-4a69-8f24-d9dc154afa78/datanode-4/data/ratis/9f29ae85-ccd5-4557-885a-088850af5a02 has been successfully formatted.
2019-09-26 10:59:17,416 [pool-67-thread-1] INFO  ratis.ContainerStateMachine (ContainerStateMachine.java:loadSnapshot(230)) - group-088850AF5A02: The snapshot info is null. Setting the last applied indexto:(t:0, i:~)
2019-09-26 10:59:17,416 [pool-67-thread-1] INFO  server.RaftServerConfigKeys (ConfUtils.java:logGet(43)) - raft.server.notification.no-leader.timeout = 120s (custom)
2019-09-26 10:59:17,417 [pool-67-thread-1] INFO  server.RaftServerConfigKeys (ConfUtils.java:logGet(43)) - raft.server.log.use.memory = false (default)
2019-09-26 10:59:17,417 [pool-67-thread-1] INFO  server.RaftServerConfigKeys (ConfUtils.java:logGet(43)) - raft.server.log.purge.gap = 1000000 (custom)
2019-09-26 10:59:17,417 [pool-67-thread-1] INFO  server.RaftServerConfigKeys (ConfUtils.java:logGet(43)) - raft.server.log.appender.buffer.byte-limit = 33554432 (custom)
2019-09-26 10:59:17,417 [pool-67-thread-1] INFO  server.RaftServerConfigKeys (ConfUtils.java:logGet(43)) - raft.server.log.segment.size.max = 1048576 (custom)
2019-09-26 10:59:17,417 [pool-67-thread-1] INFO  server.RaftServerConfigKeys (ConfUtils.java:logGet(43)) - raft.server.log.segment.cache.num.max = 2 (custom)
2019-09-26 10:59:17,418 [pool-67-thread-1] INFO  segmented.SegmentedRaftLogWorker (SegmentedRaftLogWorker.java:<init>(172)) - new 91fb8321-54d9-4a64-90be-ab1c2b6fea7b@group-088850AF5A02-SegmentedRaftLogWorker for RaftStorage:Storage Directory /workdir/hadoop-ozone/tools/target/test-dir/MiniOzoneClusterImpl-500c1b69-91fd-4a69-8f24-d9dc154afa78/datanode-4/data/ratis/9f29ae85-ccd5-4557-885a-088850af5a02
2019-09-26 10:59:17,418 [pool-67-thread-1] INFO  server.RaftServerConfigKeys (ConfUtils.java:logGet(43)) - raft.server.log.queue.byte-limit = 2147483647 (custom)
2019-09-26 10:59:17,418 [pool-67-thread-1] INFO  server.RaftServerConfigKeys (ConfUtils.java:logGet(43)) - raft.server.log.queue.element-limit = 1024 (custom)
2019-09-26 10:59:17,418 [pool-67-thread-1] INFO  server.RaftServerConfigKeys (ConfUtils.java:logGet(43)) - raft.server.log.segment.size.max = 1048576 (custom)
2019-09-26 10:59:17,418 [pool-67-thread-1] INFO  server.RaftServerConfigKeys (ConfUtils.java:logGet(43)) - raft.server.log.preallocated.size = 16384 (custom)
2019-09-26 10:59:17,419 [pool-67-thread-1] INFO  server.RaftServerConfigKeys (ConfUtils.java:logGet(43)) - raft.server.log.write.buffer.size = 33554432 (custom)
2019-09-26 10:59:17,419 [pool-67-thread-1] INFO  server.RaftServerConfigKeys (ConfUtils.java:logGet(43)) - raft.server.log.force.sync.num = 128 (default)
2019-09-26 10:59:17,419 [pool-67-thread-1] INFO  server.RaftServerConfigKeys (ConfUtils.java:logGet(43)) - raft.server.log.statemachine.data.sync = true (default)
2019-09-26 10:59:17,419 [pool-67-thread-1] INFO  server.RaftServerConfigKeys (ConfUtils.java:logGet(43)) - raft.server.log.statemachine.data.sync.timeout = 10s (default)
2019-09-26 10:59:17,419 [pool-67-thread-1] INFO  server.RaftServerConfigKeys (ConfUtils.java:logGet(43)) - raft.server.log.statemachine.data.sync.timeout.retry = -1 (default)
2019-09-26 10:59:17,420 [pool-67-thread-1] INFO  server.RaftServerConfigKeys (ConfUtils.java:logGet(43)) - raft.server.log.statemachine.data.caching.enabled = true (custom)
2019-09-26 10:59:17,420 [pool-67-thread-1] INFO  segmented.SegmentedRaftLogWorker (SegmentedRaftLogWorker.java:lambda$new$0(132)) - 91fb8321-54d9-4a64-90be-ab1c2b6fea7b@group-088850AF5A02-SegmentedRaftLogWorker: flushIndex: setUnconditionally 0 -> -1
2019-09-26 10:59:17,420 [pool-67-thread-1] INFO  server.RaftServerConfigKeys (ConfUtils.java:logGet(43)) - raft.server.snapshot.auto.trigger.enabled = true (custom)
2019-09-26 10:59:17,422 [pool-67-thread-1] INFO  server.RaftServerConfigKeys (ConfUtils.java:logGet(43)) - raft.server.snapshot.auto.trigger.threshold = 10000 (custom)
2019-09-26 10:59:17,422 [pool-67-thread-1] INFO  server.RaftServerConfigKeys (ConfUtils.java:logGet(43)) - raft.server.snapshot.retention.num.files = 5 (custom)
2019-09-26 10:59:17,423 [pool-67-thread-1] INFO  server.RaftServerConfigKeys (ConfUtils.java:logGet(43)) - raft.server.retrycache.expirytime = 600000ms (custom)
2019-09-26 10:59:17,427 [pool-67-thread-1] INFO  impl.RaftServerImpl (RaftServerImpl.java:start(185)) - 91fb8321-54d9-4a64-90be-ab1c2b6fea7b@group-088850AF5A02: start as a follower, conf=-1: [91fb8321-54d9-4a64-90be-ab1c2b6fea7b:192.168.30.13:42819], old=null
2019-09-26 10:59:17,428 [pool-67-thread-1] INFO  impl.RaftServerImpl (RaftServerImpl.java:setRole(174)) - 91fb8321-54d9-4a64-90be-ab1c2b6fea7b@group-088850AF5A02: changes role from      null to FOLLOWER at term 0 for startAsFollower
2019-09-26 10:59:17,428 [pool-67-thread-1] INFO  impl.RoleInfo (RoleInfo.java:updateAndGet(143)) - 91fb8321-54d9-4a64-90be-ab1c2b6fea7b: start FollowerState
2019-09-26 10:59:17,428 [pool-67-thread-1] INFO  util.JmxRegister (JmxRegister.java:tryRegister(44)) - Successfully registered JMX Bean with object name Ratis:service=RaftServer,group=group-088850AF5A02,id=91fb8321-54d9-4a64-90be-ab1c2b6fea7b
2019-09-26 10:59:17,443 [RatisPipelineUtilsThread] INFO  pipeline.PipelineStateManager (PipelineStateManager.java:addPipeline(56)) - Created pipeline Pipeline[ Id: 9f29ae85-ccd5-4557-885a-088850af5a02, Nodes: 91fb8321-54d9-4a64-90be-ab1c2b6fea7b{ip: 192.168.30.13, host: pr-hdds-1569-wvzgm-824869521, networkLocation: /default-rack, certSerialId: null}, Type:RATIS, Factor:ONE, State:OPEN]
2019-09-26 10:59:17,457 [grpc-default-executor-0] INFO  impl.RaftServerProxy (RaftServerProxy.java:addNew(89)) - 2e8c5f4f-ba99-49b1-bcd5-57d537838a55: addNew group-A78B31F32CF2:[2e8c5f4f-ba99-49b1-bcd5-57d537838a55:192.168.30.13:41803] returns group-A78B31F32CF2:java.util.concurrent.CompletableFuture@4d28cf75[Not completed]
2019-09-26 10:59:17,460 [pool-27-thread-1] INFO  impl.RaftServerImpl (RaftServerImpl.java:<init>(95)) - 2e8c5f4f-ba99-49b1-bcd5-57d537838a55: new RaftServerImpl for group-A78B31F32CF2:[2e8c5f4f-ba99-49b1-bcd5-57d537838a55:192.168.30.13:41803] with ContainerStateMachine:uninitialized
2019-09-26 10:59:17,461 [pool-27-thread-1] INFO  server.RaftServerConfigKeys (ConfUtils.java:logGet(43)) - raft.server.rpc.timeout.min = 5s (custom)
2019-09-26 10:59:17,461 [pool-27-thread-1] INFO  server.RaftServerConfigKeys (ConfUtils.java:logGet(43)) - raft.server.rpc.timeout.max = 5200ms (custom)
2019-09-26 10:59:17,461 [pool-27-thread-1] INFO  server.RaftServerConfigKeys (ConfUtils.java:logGet(43)) - raft.server.rpcslowness.timeout = 120s (custom)
2019-09-26 10:59:17,461 [pool-27-thread-1] INFO  server.RaftServerConfigKeys (ConfUtils.java:logGet(43)) - raft.server.sleep.deviation.threshold = 300 (default)
2019-09-26 10:59:17,461 [pool-27-thread-1] INFO  server.RaftServerConfigKeys (ConfUtils.java:logGet(43)) - raft.server.log.appender.install.snapshot.enabled = false (custom)
2019-09-26 10:59:17,461 [pool-27-thread-1] INFO  impl.RaftServerImpl (ServerState.java:<init>(103)) - 2e8c5f4f-ba99-49b1-bcd5-57d537838a55@group-A78B31F32CF2: ConfigurationManager, init=-1: [2e8c5f4f-ba99-49b1-bcd5-57d537838a55:192.168.30.13:41803], old=null, confs=<EMPTY_MAP>
2019-09-26 10:59:17,462 [pool-27-thread-1] INFO  server.RaftServerConfigKeys (ConfUtils.java:logGet(43)) - raft.server.storage.dir = [/workdir/hadoop-ozone/tools/target/test-dir/MiniOzoneClusterImpl-500c1b69-91fd-4a69-8f24-d9dc154afa78/datanode-0/data/ratis] (custom)
2019-09-26 10:59:17,462 [pool-27-thread-1] INFO  storage.RaftStorageDirectory (RaftStorageDirectory.java:analyzeStorage(246)) - The storage directory /workdir/hadoop-ozone/tools/target/test-dir/MiniOzoneClusterImpl-500c1b69-91fd-4a69-8f24-d9dc154afa78/datanode-0/data/ratis/80a10114-9828-451b-9603-a78b31f32cf2 does not exist. Creating ...
2019-09-26 10:59:17,476 [pool-27-thread-1] INFO  storage.RaftStorageDirectory (RaftStorageDirectory.java:tryLock(328)) - Lock on /workdir/hadoop-ozone/tools/target/test-dir/MiniOzoneClusterImpl-500c1b69-91fd-4a69-8f24-d9dc154afa78/datanode-0/data/ratis/80a10114-9828-451b-9603-a78b31f32cf2/in_use.lock acquired by nodename 12288@pr-hdds-1569-wvzgm-824869521
2019-09-26 10:59:17,489 [pool-27-thread-1] INFO  storage.RaftStorage (RaftStorage.java:format(72)) - Storage directory /workdir/hadoop-ozone/tools/target/test-dir/MiniOzoneClusterImpl-500c1b69-91fd-4a69-8f24-d9dc154afa78/datanode-0/data/ratis/80a10114-9828-451b-9603-a78b31f32cf2 has been successfully formatted.
2019-09-26 10:59:17,489 [pool-27-thread-1] INFO  ratis.ContainerStateMachine (ContainerStateMachine.java:loadSnapshot(230)) - group-A78B31F32CF2: The snapshot info is null. Setting the last applied indexto:(t:0, i:~)
2019-09-26 10:59:17,489 [pool-27-thread-1] INFO  server.RaftServerConfigKeys (ConfUtils.java:logGet(43)) - raft.server.notification.no-leader.timeout = 120s (custom)
2019-09-26 10:59:17,489 [pool-27-thread-1] INFO  server.RaftServerConfigKeys (ConfUtils.java:logGet(43)) - raft.server.log.use.memory = false (default)
2019-09-26 10:59:17,490 [pool-27-thread-1] INFO  server.RaftServerConfigKeys (ConfUtils.java:logGet(43)) - raft.server.log.purge.gap = 1000000 (custom)
2019-09-26 10:59:17,490 [pool-27-thread-1] INFO  server.RaftServerConfigKeys (ConfUtils.java:logGet(43)) - raft.server.log.appender.buffer.byte-limit = 33554432 (custom)
2019-09-26 10:59:17,490 [pool-27-thread-1] INFO  server.RaftServerConfigKeys (ConfUtils.java:logGet(43)) - raft.server.log.segment.size.max = 1048576 (custom)
2019-09-26 10:59:17,490 [pool-27-thread-1] INFO  server.RaftServerConfigKeys (ConfUtils.java:logGet(43)) - raft.server.log.segment.cache.num.max = 2 (custom)
2019-09-26 10:59:17,490 [pool-27-thread-1] INFO  segmented.SegmentedRaftLogWorker (SegmentedRaftLogWorker.java:<init>(172)) - new 2e8c5f4f-ba99-49b1-bcd5-57d537838a55@group-A78B31F32CF2-SegmentedRaftLogWorker for RaftStorage:Storage Directory /workdir/hadoop-ozone/tools/target/test-dir/MiniOzoneClusterImpl-500c1b69-91fd-4a69-8f24-d9dc154afa78/datanode-0/data/ratis/80a10114-9828-451b-9603-a78b31f32cf2
2019-09-26 10:59:17,491 [pool-27-thread-1] INFO  server.RaftServerConfigKeys (ConfUtils.java:logGet(43)) - raft.server.log.queue.byte-limit = 2147483647 (custom)
2019-09-26 10:59:17,491 [pool-27-thread-1] INFO  server.RaftServerConfigKeys (ConfUtils.java:logGet(43)) - raft.server.log.queue.element-limit = 1024 (custom)
2019-09-26 10:59:17,491 [pool-27-thread-1] INFO  server.RaftServerConfigKeys (ConfUtils.java:logGet(43)) - raft.server.log.segment.size.max = 1048576 (custom)
2019-09-26 10:59:17,491 [pool-27-thread-1] INFO  server.RaftServerConfigKeys (ConfUtils.java:logGet(43)) - raft.server.log.preallocated.size = 16384 (custom)
2019-09-26 10:59:17,491 [pool-27-thread-1] INFO  server.RaftServerConfigKeys (ConfUtils.java:logGet(43)) - raft.server.log.write.buffer.size = 33554432 (custom)
2019-09-26 10:59:17,491 [pool-27-thread-1] INFO  server.RaftServerConfigKeys (ConfUtils.java:logGet(43)) - raft.server.log.force.sync.num = 128 (default)
2019-09-26 10:59:17,491 [pool-27-thread-1] INFO  server.RaftServerConfigKeys (ConfUtils.java:logGet(43)) - raft.server.log.statemachine.data.sync = true (default)
2019-09-26 10:59:17,492 [pool-27-thread-1] INFO  server.RaftServerConfigKeys (ConfUtils.java:logGet(43)) - raft.server.log.statemachine.data.sync.timeout = 10s (default)
2019-09-26 10:59:17,492 [pool-27-thread-1] INFO  server.RaftServerConfigKeys (ConfUtils.java:logGet(43)) - raft.server.log.statemachine.data.sync.timeout.retry = -1 (default)
2019-09-26 10:59:17,492 [pool-27-thread-1] INFO  server.RaftServerConfigKeys (ConfUtils.java:logGet(43)) - raft.server.log.statemachine.data.caching.enabled = true (custom)
2019-09-26 10:59:17,492 [pool-27-thread-1] INFO  segmented.SegmentedRaftLogWorker (SegmentedRaftLogWorker.java:lambda$new$0(132)) - 2e8c5f4f-ba99-49b1-bcd5-57d537838a55@group-A78B31F32CF2-SegmentedRaftLogWorker: flushIndex: setUnconditionally 0 -> -1
2019-09-26 10:59:17,493 [pool-27-thread-1] INFO  server.RaftServerConfigKeys (ConfUtils.java:logGet(43)) - raft.server.snapshot.auto.trigger.enabled = true (custom)
2019-09-26 10:59:17,493 [pool-27-thread-1] INFO  server.RaftServerConfigKeys (ConfUtils.java:logGet(43)) - raft.server.snapshot.auto.trigger.threshold = 10000 (custom)
2019-09-26 10:59:17,493 [pool-27-thread-1] INFO  server.RaftServerConfigKeys (ConfUtils.java:logGet(43)) - raft.server.snapshot.retention.num.files = 5 (custom)
2019-09-26 10:59:17,493 [pool-27-thread-1] INFO  server.RaftServerConfigKeys (ConfUtils.java:logGet(43)) - raft.server.retrycache.expirytime = 600000ms (custom)
2019-09-26 10:59:17,497 [pool-27-thread-1] INFO  impl.RaftServerImpl (RaftServerImpl.java:start(185)) - 2e8c5f4f-ba99-49b1-bcd5-57d537838a55@group-A78B31F32CF2: start as a follower, conf=-1: [2e8c5f4f-ba99-49b1-bcd5-57d537838a55:192.168.30.13:41803], old=null
2019-09-26 10:59:17,497 [pool-27-thread-1] INFO  impl.RaftServerImpl (RaftServerImpl.java:setRole(174)) - 2e8c5f4f-ba99-49b1-bcd5-57d537838a55@group-A78B31F32CF2: changes role from      null to FOLLOWER at term 0 for startAsFollower
2019-09-26 10:59:17,498 [pool-27-thread-1] INFO  impl.RoleInfo (RoleInfo.java:updateAndGet(143)) - 2e8c5f4f-ba99-49b1-bcd5-57d537838a55: start FollowerState
2019-09-26 10:59:17,498 [pool-27-thread-1] INFO  util.JmxRegister (JmxRegister.java:tryRegister(44)) - Successfully registered JMX Bean with object name Ratis:service=RaftServer,group=group-A78B31F32CF2,id=2e8c5f4f-ba99-49b1-bcd5-57d537838a55
2019-09-26 10:59:17,509 [RatisPipelineUtilsThread] INFO  pipeline.PipelineStateManager (PipelineStateManager.java:addPipeline(56)) - Created pipeline Pipeline[ Id: 80a10114-9828-451b-9603-a78b31f32cf2, Nodes: 2e8c5f4f-ba99-49b1-bcd5-57d537838a55{ip: 192.168.30.13, host: pr-hdds-1569-wvzgm-824869521, networkLocation: /default-rack, certSerialId: null}, Type:RATIS, Factor:ONE, State:OPEN]
2019-09-26 10:59:17,540 [grpc-default-executor-0] INFO  impl.RaftServerProxy (RaftServerProxy.java:addNew(89)) - c1a9f1dd-6c0d-41cb-a4f1-f4597ac7f27c: addNew group-A9C78827B3F4:[c1a9f1dd-6c0d-41cb-a4f1-f4597ac7f27c:192.168.30.13:44506] returns group-A9C78827B3F4:java.util.concurrent.CompletableFuture@1845814a[Not completed]
2019-09-26 10:59:17,541 [pool-47-thread-1] INFO  impl.RaftServerImpl (RaftServerImpl.java:<init>(95)) - c1a9f1dd-6c0d-41cb-a4f1-f4597ac7f27c: new RaftServerImpl for group-A9C78827B3F4:[c1a9f1dd-6c0d-41cb-a4f1-f4597ac7f27c:192.168.30.13:44506] with ContainerStateMachine:uninitialized
2019-09-26 10:59:17,542 [pool-47-thread-1] INFO  server.RaftServerConfigKeys (ConfUtils.java:logGet(43)) - raft.server.rpc.timeout.min = 5s (custom)
2019-09-26 10:59:17,542 [pool-47-thread-1] INFO  server.RaftServerConfigKeys (ConfUtils.java:logGet(43)) - raft.server.rpc.timeout.max = 5200ms (custom)
2019-09-26 10:59:17,542 [pool-47-thread-1] INFO  server.RaftServerConfigKeys (ConfUtils.java:logGet(43)) - raft.server.rpcslowness.timeout = 120s (custom)
2019-09-26 10:59:17,542 [pool-47-thread-1] INFO  server.RaftServerConfigKeys (ConfUtils.java:logGet(43)) - raft.server.sleep.deviation.threshold = 300 (default)
2019-09-26 10:59:17,542 [pool-47-thread-1] INFO  server.RaftServerConfigKeys (ConfUtils.java:logGet(43)) - raft.server.log.appender.install.snapshot.enabled = false (custom)
2019-09-26 10:59:17,542 [pool-47-thread-1] INFO  impl.RaftServerImpl (ServerState.java:<init>(103)) - c1a9f1dd-6c0d-41cb-a4f1-f4597ac7f27c@group-A9C78827B3F4: ConfigurationManager, init=-1: [c1a9f1dd-6c0d-41cb-a4f1-f4597ac7f27c:192.168.30.13:44506], old=null, confs=<EMPTY_MAP>
2019-09-26 10:59:17,542 [pool-47-thread-1] INFO  server.RaftServerConfigKeys (ConfUtils.java:logGet(43)) - raft.server.storage.dir = [/workdir/hadoop-ozone/tools/target/test-dir/MiniOzoneClusterImpl-500c1b69-91fd-4a69-8f24-d9dc154afa78/datanode-2/data/ratis] (custom)
2019-09-26 10:59:17,543 [pool-47-thread-1] INFO  storage.RaftStorageDirectory (RaftStorageDirectory.java:analyzeStorage(246)) - The storage directory /workdir/hadoop-ozone/tools/target/test-dir/MiniOzoneClusterImpl-500c1b69-91fd-4a69-8f24-d9dc154afa78/datanode-2/data/ratis/fb5f464f-024e-4817-b484-a9c78827b3f4 does not exist. Creating ...
2019-09-26 10:59:17,555 [pool-47-thread-1] INFO  storage.RaftStorageDirectory (RaftStorageDirectory.java:tryLock(328)) - Lock on /workdir/hadoop-ozone/tools/target/test-dir/MiniOzoneClusterImpl-500c1b69-91fd-4a69-8f24-d9dc154afa78/datanode-2/data/ratis/fb5f464f-024e-4817-b484-a9c78827b3f4/in_use.lock acquired by nodename 12288@pr-hdds-1569-wvzgm-824869521
2019-09-26 10:59:17,568 [pool-47-thread-1] INFO  storage.RaftStorage (RaftStorage.java:format(72)) - Storage directory /workdir/hadoop-ozone/tools/target/test-dir/MiniOzoneClusterImpl-500c1b69-91fd-4a69-8f24-d9dc154afa78/datanode-2/data/ratis/fb5f464f-024e-4817-b484-a9c78827b3f4 has been successfully formatted.
2019-09-26 10:59:17,568 [pool-47-thread-1] INFO  ratis.ContainerStateMachine (ContainerStateMachine.java:loadSnapshot(230)) - group-A9C78827B3F4: The snapshot info is null. Setting the last applied indexto:(t:0, i:~)
2019-09-26 10:59:17,569 [pool-47-thread-1] INFO  server.RaftServerConfigKeys (ConfUtils.java:logGet(43)) - raft.server.notification.no-leader.timeout = 120s (custom)
2019-09-26 10:59:17,569 [pool-47-thread-1] INFO  server.RaftServerConfigKeys (ConfUtils.java:logGet(43)) - raft.server.log.use.memory = false (default)
2019-09-26 10:59:17,569 [pool-47-thread-1] INFO  server.RaftServerConfigKeys (ConfUtils.java:logGet(43)) - raft.server.log.purge.gap = 1000000 (custom)
2019-09-26 10:59:17,569 [pool-47-thread-1] INFO  server.RaftServerConfigKeys (ConfUtils.java:logGet(43)) - raft.server.log.appender.buffer.byte-limit = 33554432 (custom)
2019-09-26 10:59:17,569 [pool-47-thread-1] INFO  server.RaftServerConfigKeys (ConfUtils.java:logGet(43)) - raft.server.log.segment.size.max = 1048576 (custom)
2019-09-26 10:59:17,569 [pool-47-thread-1] INFO  server.RaftServerConfigKeys (ConfUtils.java:logGet(43)) - raft.server.log.segment.cache.num.max = 2 (custom)
2019-09-26 10:59:17,569 [pool-47-thread-1] INFO  segmented.SegmentedRaftLogWorker (SegmentedRaftLogWorker.java:<init>(172)) - new c1a9f1dd-6c0d-41cb-a4f1-f4597ac7f27c@group-A9C78827B3F4-SegmentedRaftLogWorker for RaftStorage:Storage Directory /workdir/hadoop-ozone/tools/target/test-dir/MiniOzoneClusterImpl-500c1b69-91fd-4a69-8f24-d9dc154afa78/datanode-2/data/ratis/fb5f464f-024e-4817-b484-a9c78827b3f4
2019-09-26 10:59:17,570 [pool-47-thread-1] INFO  server.RaftServerConfigKeys (ConfUtils.java:logGet(43)) - raft.server.log.queue.byte-limit = 2147483647 (custom)
2019-09-26 10:59:17,570 [pool-47-thread-1] INFO  server.RaftServerConfigKeys (ConfUtils.java:logGet(43)) - raft.server.log.queue.element-limit = 1024 (custom)
2019-09-26 10:59:17,570 [pool-47-thread-1] INFO  server.RaftServerConfigKeys (ConfUtils.java:logGet(43)) - raft.server.log.segment.size.max = 1048576 (custom)
2019-09-26 10:59:17,570 [pool-47-thread-1] INFO  server.RaftServerConfigKeys (ConfUtils.java:logGet(43)) - raft.server.log.preallocated.size = 16384 (custom)
2019-09-26 10:59:17,570 [pool-47-thread-1] INFO  server.RaftServerConfigKeys (ConfUtils.java:logGet(43)) - raft.server.log.write.buffer.size = 33554432 (custom)
2019-09-26 10:59:17,570 [pool-47-thread-1] INFO  server.RaftServerConfigKeys (ConfUtils.java:logGet(43)) - raft.server.log.force.sync.num = 128 (default)
2019-09-26 10:59:17,570 [pool-47-thread-1] INFO  server.RaftServerConfigKeys (ConfUtils.java:logGet(43)) - raft.server.log.statemachine.data.sync = true (default)
2019-09-26 10:59:17,570 [pool-47-thread-1] INFO  server.RaftServerConfigKeys (ConfUtils.java:logGet(43)) - raft.server.log.statemachine.data.sync.timeout = 10s (default)
2019-09-26 10:59:17,571 [pool-47-thread-1] INFO  server.RaftServerConfigKeys (ConfUtils.java:logGet(43)) - raft.server.log.statemachine.data.sync.timeout.retry = -1 (default)
2019-09-26 10:59:17,571 [pool-47-thread-1] INFO  server.RaftServerConfigKeys (ConfUtils.java:logGet(43)) - raft.server.log.statemachine.data.caching.enabled = true (custom)
2019-09-26 10:59:17,571 [pool-47-thread-1] INFO  segmented.SegmentedRaftLogWorker (SegmentedRaftLogWorker.java:lambda$new$0(132)) - c1a9f1dd-6c0d-41cb-a4f1-f4597ac7f27c@group-A9C78827B3F4-SegmentedRaftLogWorker: flushIndex: setUnconditionally 0 -> -1
2019-09-26 10:59:17,571 [pool-47-thread-1] INFO  server.RaftServerConfigKeys (ConfUtils.java:logGet(43)) - raft.server.snapshot.auto.trigger.enabled = true (custom)
2019-09-26 10:59:17,571 [pool-47-thread-1] INFO  server.RaftServerConfigKeys (ConfUtils.java:logGet(43)) - raft.server.snapshot.auto.trigger.threshold = 10000 (custom)
2019-09-26 10:59:17,572 [pool-47-thread-1] INFO  server.RaftServerConfigKeys (ConfUtils.java:logGet(43)) - raft.server.snapshot.retention.num.files = 5 (custom)
2019-09-26 10:59:17,572 [pool-47-thread-1] INFO  server.RaftServerConfigKeys (ConfUtils.java:logGet(43)) - raft.server.retrycache.expirytime = 600000ms (custom)
2019-09-26 10:59:17,574 [pool-47-thread-1] INFO  impl.RaftServerImpl (RaftServerImpl.java:start(185)) - c1a9f1dd-6c0d-41cb-a4f1-f4597ac7f27c@group-A9C78827B3F4: start as a follower, conf=-1: [c1a9f1dd-6c0d-41cb-a4f1-f4597ac7f27c:192.168.30.13:44506], old=null
2019-09-26 10:59:17,575 [pool-47-thread-1] INFO  impl.RaftServerImpl (RaftServerImpl.java:setRole(174)) - c1a9f1dd-6c0d-41cb-a4f1-f4597ac7f27c@group-A9C78827B3F4: changes role from      null to FOLLOWER at term 0 for startAsFollower
2019-09-26 10:59:17,575 [pool-47-thread-1] INFO  impl.RoleInfo (RoleInfo.java:updateAndGet(143)) - c1a9f1dd-6c0d-41cb-a4f1-f4597ac7f27c: start FollowerState
2019-09-26 10:59:17,575 [pool-47-thread-1] INFO  util.JmxRegister (JmxRegister.java:tryRegister(44)) - Successfully registered JMX Bean with object name Ratis:service=RaftServer,group=group-A9C78827B3F4,id=c1a9f1dd-6c0d-41cb-a4f1-f4597ac7f27c
2019-09-26 10:59:17,585 [RatisPipelineUtilsThread] INFO  pipeline.PipelineStateManager (PipelineStateManager.java:addPipeline(56)) - Created pipeline Pipeline[ Id: fb5f464f-024e-4817-b484-a9c78827b3f4, Nodes: c1a9f1dd-6c0d-41cb-a4f1-f4597ac7f27c{ip: 192.168.30.13, host: pr-hdds-1569-wvzgm-824869521, networkLocation: /default-rack, certSerialId: null}, Type:RATIS, Factor:ONE, State:OPEN]
2019-09-26 10:59:17,604 [grpc-default-executor-0] INFO  impl.RaftServerProxy (RaftServerProxy.java:addNew(89)) - cf629036-ace7-4ca9-94d6-fc8cc18310da: addNew group-9B860AB6D60B:[cf629036-ace7-4ca9-94d6-fc8cc18310da:192.168.30.13:46232] returns group-9B860AB6D60B:java.util.concurrent.CompletableFuture@3160e50c[Not completed]
2019-09-26 10:59:17,606 [pool-57-thread-1] INFO  impl.RaftServerImpl (RaftServerImpl.java:<init>(95)) - cf629036-ace7-4ca9-94d6-fc8cc18310da: new RaftServerImpl for group-9B860AB6D60B:[cf629036-ace7-4ca9-94d6-fc8cc18310da:192.168.30.13:46232] with ContainerStateMachine:uninitialized
2019-09-26 10:59:17,606 [pool-57-thread-1] INFO  server.RaftServerConfigKeys (ConfUtils.java:logGet(43)) - raft.server.rpc.timeout.min = 5s (custom)
2019-09-26 10:59:17,606 [pool-57-thread-1] INFO  server.RaftServerConfigKeys (ConfUtils.java:logGet(43)) - raft.server.rpc.timeout.max = 5200ms (custom)
2019-09-26 10:59:17,606 [pool-57-thread-1] INFO  server.RaftServerConfigKeys (ConfUtils.java:logGet(43)) - raft.server.rpcslowness.timeout = 120s (custom)
2019-09-26 10:59:17,606 [pool-57-thread-1] INFO  server.RaftServerConfigKeys (ConfUtils.java:logGet(43)) - raft.server.sleep.deviation.threshold = 300 (default)
2019-09-26 10:59:17,607 [pool-57-thread-1] INFO  server.RaftServerConfigKeys (ConfUtils.java:logGet(43)) - raft.server.log.appender.install.snapshot.enabled = false (custom)
2019-09-26 10:59:17,607 [pool-57-thread-1] INFO  impl.RaftServerImpl (ServerState.java:<init>(103)) - cf629036-ace7-4ca9-94d6-fc8cc18310da@group-9B860AB6D60B: ConfigurationManager, init=-1: [cf629036-ace7-4ca9-94d6-fc8cc18310da:192.168.30.13:46232], old=null, confs=<EMPTY_MAP>
2019-09-26 10:59:17,607 [pool-57-thread-1] INFO  server.RaftServerConfigKeys (ConfUtils.java:logGet(43)) - raft.server.storage.dir = [/workdir/hadoop-ozone/tools/target/test-dir/MiniOzoneClusterImpl-500c1b69-91fd-4a69-8f24-d9dc154afa78/datanode-3/data/ratis] (custom)
2019-09-26 10:59:17,607 [pool-57-thread-1] INFO  storage.RaftStorageDirectory (RaftStorageDirectory.java:analyzeStorage(246)) - The storage directory /workdir/hadoop-ozone/tools/target/test-dir/MiniOzoneClusterImpl-500c1b69-91fd-4a69-8f24-d9dc154afa78/datanode-3/data/ratis/07c97adf-5cb5-4c14-b98b-9b860ab6d60b does not exist. Creating ...
2019-09-26 10:59:17,620 [pool-57-thread-1] INFO  storage.RaftStorageDirectory (RaftStorageDirectory.java:tryLock(328)) - Lock on /workdir/hadoop-ozone/tools/target/test-dir/MiniOzoneClusterImpl-500c1b69-91fd-4a69-8f24-d9dc154afa78/datanode-3/data/ratis/07c97adf-5cb5-4c14-b98b-9b860ab6d60b/in_use.lock acquired by nodename 12288@pr-hdds-1569-wvzgm-824869521
2019-09-26 10:59:17,639 [pool-57-thread-1] INFO  storage.RaftStorage (RaftStorage.java:format(72)) - Storage directory /workdir/hadoop-ozone/tools/target/test-dir/MiniOzoneClusterImpl-500c1b69-91fd-4a69-8f24-d9dc154afa78/datanode-3/data/ratis/07c97adf-5cb5-4c14-b98b-9b860ab6d60b has been successfully formatted.
2019-09-26 10:59:17,639 [pool-57-thread-1] INFO  ratis.ContainerStateMachine (ContainerStateMachine.java:loadSnapshot(230)) - group-9B860AB6D60B: The snapshot info is null. Setting the last applied indexto:(t:0, i:~)
2019-09-26 10:59:17,639 [pool-57-thread-1] INFO  server.RaftServerConfigKeys (ConfUtils.java:logGet(43)) - raft.server.notification.no-leader.timeout = 120s (custom)
2019-09-26 10:59:17,640 [pool-57-thread-1] INFO  server.RaftServerConfigKeys (ConfUtils.java:logGet(43)) - raft.server.log.use.memory = false (default)
2019-09-26 10:59:17,640 [pool-57-thread-1] INFO  server.RaftServerConfigKeys (ConfUtils.java:logGet(43)) - raft.server.log.purge.gap = 1000000 (custom)
2019-09-26 10:59:17,640 [pool-57-thread-1] INFO  server.RaftServerConfigKeys (ConfUtils.java:logGet(43)) - raft.server.log.appender.buffer.byte-limit = 33554432 (custom)
2019-09-26 10:59:17,640 [pool-57-thread-1] INFO  server.RaftServerConfigKeys (ConfUtils.java:logGet(43)) - raft.server.log.segment.size.max = 1048576 (custom)
2019-09-26 10:59:17,640 [pool-57-thread-1] INFO  server.RaftServerConfigKeys (ConfUtils.java:logGet(43)) - raft.server.log.segment.cache.num.max = 2 (custom)
2019-09-26 10:59:17,640 [pool-57-thread-1] INFO  segmented.SegmentedRaftLogWorker (SegmentedRaftLogWorker.java:<init>(172)) - new cf629036-ace7-4ca9-94d6-fc8cc18310da@group-9B860AB6D60B-SegmentedRaftLogWorker for RaftStorage:Storage Directory /workdir/hadoop-ozone/tools/target/test-dir/MiniOzoneClusterImpl-500c1b69-91fd-4a69-8f24-d9dc154afa78/datanode-3/data/ratis/07c97adf-5cb5-4c14-b98b-9b860ab6d60b
2019-09-26 10:59:17,644 [pool-57-thread-1] INFO  server.RaftServerConfigKeys (ConfUtils.java:logGet(43)) - raft.server.log.queue.byte-limit = 2147483647 (custom)
2019-09-26 10:59:17,644 [pool-57-thread-1] INFO  server.RaftServerConfigKeys (ConfUtils.java:logGet(43)) - raft.server.log.queue.element-limit = 1024 (custom)
2019-09-26 10:59:17,644 [pool-57-thread-1] INFO  server.RaftServerConfigKeys (ConfUtils.java:logGet(43)) - raft.server.log.segment.size.max = 1048576 (custom)
2019-09-26 10:59:17,646 [pool-57-thread-1] INFO  server.RaftServerConfigKeys (ConfUtils.java:logGet(43)) - raft.server.log.preallocated.size = 16384 (custom)
2019-09-26 10:59:17,646 [pool-57-thread-1] INFO  server.RaftServerConfigKeys (ConfUtils.java:logGet(43)) - raft.server.log.write.buffer.size = 33554432 (custom)
2019-09-26 10:59:17,647 [pool-57-thread-1] INFO  server.RaftServerConfigKeys (ConfUtils.java:logGet(43)) - raft.server.log.force.sync.num = 128 (default)
2019-09-26 10:59:17,647 [pool-57-thread-1] INFO  server.RaftServerConfigKeys (ConfUtils.java:logGet(43)) - raft.server.log.statemachine.data.sync = true (default)
2019-09-26 10:59:17,647 [pool-57-thread-1] INFO  server.RaftServerConfigKeys (ConfUtils.java:logGet(43)) - raft.server.log.statemachine.data.sync.timeout = 10s (default)
2019-09-26 10:59:17,647 [pool-57-thread-1] INFO  server.RaftServerConfigKeys (ConfUtils.java:logGet(43)) - raft.server.log.statemachine.data.sync.timeout.retry = -1 (default)
2019-09-26 10:59:17,648 [pool-57-thread-1] INFO  server.RaftServerConfigKeys (ConfUtils.java:logGet(43)) - raft.server.log.statemachine.data.caching.enabled = true (custom)
2019-09-26 10:59:17,648 [pool-57-thread-1] INFO  segmented.SegmentedRaftLogWorker (SegmentedRaftLogWorker.java:lambda$new$0(132)) - cf629036-ace7-4ca9-94d6-fc8cc18310da@group-9B860AB6D60B-SegmentedRaftLogWorker: flushIndex: setUnconditionally 0 -> -1
2019-09-26 10:59:17,648 [pool-57-thread-1] INFO  server.RaftServerConfigKeys (ConfUtils.java:logGet(43)) - raft.server.snapshot.auto.trigger.enabled = true (custom)
2019-09-26 10:59:17,649 [pool-57-thread-1] INFO  server.RaftServerConfigKeys (ConfUtils.java:logGet(43)) - raft.server.snapshot.auto.trigger.threshold = 10000 (custom)
2019-09-26 10:59:17,649 [pool-57-thread-1] INFO  server.RaftServerConfigKeys (ConfUtils.java:logGet(43)) - raft.server.snapshot.retention.num.files = 5 (custom)
2019-09-26 10:59:17,649 [pool-57-thread-1] INFO  server.RaftServerConfigKeys (ConfUtils.java:logGet(43)) - raft.server.retrycache.expirytime = 600000ms (custom)
2019-09-26 10:59:17,652 [pool-57-thread-1] INFO  impl.RaftServerImpl (RaftServerImpl.java:start(185)) - cf629036-ace7-4ca9-94d6-fc8cc18310da@group-9B860AB6D60B: start as a follower, conf=-1: [cf629036-ace7-4ca9-94d6-fc8cc18310da:192.168.30.13:46232], old=null
2019-09-26 10:59:17,652 [pool-57-thread-1] INFO  impl.RaftServerImpl (RaftServerImpl.java:setRole(174)) - cf629036-ace7-4ca9-94d6-fc8cc18310da@group-9B860AB6D60B: changes role from      null to FOLLOWER at term 0 for startAsFollower
2019-09-26 10:59:17,653 [pool-57-thread-1] INFO  impl.RoleInfo (RoleInfo.java:updateAndGet(143)) - cf629036-ace7-4ca9-94d6-fc8cc18310da: start FollowerState
2019-09-26 10:59:17,653 [pool-57-thread-1] INFO  util.JmxRegister (JmxRegister.java:tryRegister(44)) - Successfully registered JMX Bean with object name Ratis:service=RaftServer,group=group-9B860AB6D60B,id=cf629036-ace7-4ca9-94d6-fc8cc18310da
2019-09-26 10:59:17,663 [RatisPipelineUtilsThread] INFO  pipeline.PipelineStateManager (PipelineStateManager.java:addPipeline(56)) - Created pipeline Pipeline[ Id: 07c97adf-5cb5-4c14-b98b-9b860ab6d60b, Nodes: cf629036-ace7-4ca9-94d6-fc8cc18310da{ip: 192.168.30.13, host: pr-hdds-1569-wvzgm-824869521, networkLocation: /default-rack, certSerialId: null}, Type:RATIS, Factor:ONE, State:OPEN]
2019-09-26 10:59:17,677 [grpc-default-executor-0] INFO  impl.RaftServerProxy (RaftServerProxy.java:addNew(89)) - 91fb8321-54d9-4a64-90be-ab1c2b6fea7b: addNew group-A33AEBB70DAB:[91fb8321-54d9-4a64-90be-ab1c2b6fea7b:192.168.30.13:42819] returns group-A33AEBB70DAB:java.util.concurrent.CompletableFuture@1279494a[Not completed]
2019-09-26 10:59:17,679 [pool-67-thread-1] INFO  impl.RaftServerImpl (RaftServerImpl.java:<init>(95)) - 91fb8321-54d9-4a64-90be-ab1c2b6fea7b: new RaftServerImpl for group-A33AEBB70DAB:[91fb8321-54d9-4a64-90be-ab1c2b6fea7b:192.168.30.13:42819] with ContainerStateMachine:uninitialized
2019-09-26 10:59:17,679 [pool-67-thread-1] INFO  server.RaftServerConfigKeys (ConfUtils.java:logGet(43)) - raft.server.rpc.timeout.min = 5s (custom)
2019-09-26 10:59:17,679 [pool-67-thread-1] INFO  server.RaftServerConfigKeys (ConfUtils.java:logGet(43)) - raft.server.rpc.timeout.max = 5200ms (custom)
2019-09-26 10:59:17,680 [pool-67-thread-1] INFO  server.RaftServerConfigKeys (ConfUtils.java:logGet(43)) - raft.server.rpcslowness.timeout = 120s (custom)
2019-09-26 10:59:17,680 [pool-67-thread-1] INFO  server.RaftServerConfigKeys (ConfUtils.java:logGet(43)) - raft.server.sleep.deviation.threshold = 300 (default)
2019-09-26 10:59:17,680 [pool-67-thread-1] INFO  server.RaftServerConfigKeys (ConfUtils.java:logGet(43)) - raft.server.log.appender.install.snapshot.enabled = false (custom)
2019-09-26 10:59:17,680 [pool-67-thread-1] INFO  impl.RaftServerImpl (ServerState.java:<init>(103)) - 91fb8321-54d9-4a64-90be-ab1c2b6fea7b@group-A33AEBB70DAB: ConfigurationManager, init=-1: [91fb8321-54d9-4a64-90be-ab1c2b6fea7b:192.168.30.13:42819], old=null, confs=<EMPTY_MAP>
2019-09-26 10:59:17,680 [pool-67-thread-1] INFO  server.RaftServerConfigKeys (ConfUtils.java:logGet(43)) - raft.server.storage.dir = [/workdir/hadoop-ozone/tools/target/test-dir/MiniOzoneClusterImpl-500c1b69-91fd-4a69-8f24-d9dc154afa78/datanode-4/data/ratis] (custom)
2019-09-26 10:59:17,681 [pool-67-thread-1] INFO  storage.RaftStorageDirectory (RaftStorageDirectory.java:analyzeStorage(246)) - The storage directory /workdir/hadoop-ozone/tools/target/test-dir/MiniOzoneClusterImpl-500c1b69-91fd-4a69-8f24-d9dc154afa78/datanode-4/data/ratis/41f0724a-129d-4827-92fe-a33aebb70dab does not exist. Creating ...
2019-09-26 10:59:17,693 [pool-67-thread-1] INFO  storage.RaftStorageDirectory (RaftStorageDirectory.java:tryLock(328)) - Lock on /workdir/hadoop-ozone/tools/target/test-dir/MiniOzoneClusterImpl-500c1b69-91fd-4a69-8f24-d9dc154afa78/datanode-4/data/ratis/41f0724a-129d-4827-92fe-a33aebb70dab/in_use.lock acquired by nodename 12288@pr-hdds-1569-wvzgm-824869521
2019-09-26 10:59:17,708 [pool-67-thread-1] INFO  storage.RaftStorage (RaftStorage.java:format(72)) - Storage directory /workdir/hadoop-ozone/tools/target/test-dir/MiniOzoneClusterImpl-500c1b69-91fd-4a69-8f24-d9dc154afa78/datanode-4/data/ratis/41f0724a-129d-4827-92fe-a33aebb70dab has been successfully formatted.
2019-09-26 10:59:17,709 [pool-67-thread-1] INFO  ratis.ContainerStateMachine (ContainerStateMachine.java:loadSnapshot(230)) - group-A33AEBB70DAB: The snapshot info is null. Setting the last applied indexto:(t:0, i:~)
2019-09-26 10:59:17,709 [pool-67-thread-1] INFO  server.RaftServerConfigKeys (ConfUtils.java:logGet(43)) - raft.server.notification.no-leader.timeout = 120s (custom)
2019-09-26 10:59:17,709 [pool-67-thread-1] INFO  server.RaftServerConfigKeys (ConfUtils.java:logGet(43)) - raft.server.log.use.memory = false (default)
2019-09-26 10:59:17,709 [pool-67-thread-1] INFO  server.RaftServerConfigKeys (ConfUtils.java:logGet(43)) - raft.server.log.purge.gap = 1000000 (custom)
2019-09-26 10:59:17,709 [pool-67-thread-1] INFO  server.RaftServerConfigKeys (ConfUtils.java:logGet(43)) - raft.server.log.appender.buffer.byte-limit = 33554432 (custom)
2019-09-26 10:59:17,710 [pool-67-thread-1] INFO  server.RaftServerConfigKeys (ConfUtils.java:logGet(43)) - raft.server.log.segment.size.max = 1048576 (custom)
2019-09-26 10:59:17,710 [pool-67-thread-1] INFO  server.RaftServerConfigKeys (ConfUtils.java:logGet(43)) - raft.server.log.segment.cache.num.max = 2 (custom)
2019-09-26 10:59:17,710 [pool-67-thread-1] INFO  segmented.SegmentedRaftLogWorker (SegmentedRaftLogWorker.java:<init>(172)) - new 91fb8321-54d9-4a64-90be-ab1c2b6fea7b@group-A33AEBB70DAB-SegmentedRaftLogWorker for RaftStorage:Storage Directory /workdir/hadoop-ozone/tools/target/test-dir/MiniOzoneClusterImpl-500c1b69-91fd-4a69-8f24-d9dc154afa78/datanode-4/data/ratis/41f0724a-129d-4827-92fe-a33aebb70dab
2019-09-26 10:59:17,710 [pool-67-thread-1] INFO  server.RaftServerConfigKeys (ConfUtils.java:logGet(43)) - raft.server.log.queue.byte-limit = 2147483647 (custom)
2019-09-26 10:59:17,710 [pool-67-thread-1] INFO  server.RaftServerConfigKeys (ConfUtils.java:logGet(43)) - raft.server.log.queue.element-limit = 1024 (custom)
2019-09-26 10:59:17,711 [pool-67-thread-1] INFO  server.RaftServerConfigKeys (ConfUtils.java:logGet(43)) - raft.server.log.segment.size.max = 1048576 (custom)
2019-09-26 10:59:17,711 [pool-67-thread-1] INFO  server.RaftServerConfigKeys (ConfUtils.java:logGet(43)) - raft.server.log.preallocated.size = 16384 (custom)
2019-09-26 10:59:17,711 [pool-67-thread-1] INFO  server.RaftServerConfigKeys (ConfUtils.java:logGet(43)) - raft.server.log.write.buffer.size = 33554432 (custom)
2019-09-26 10:59:17,711 [pool-67-thread-1] INFO  server.RaftServerConfigKeys (ConfUtils.java:logGet(43)) - raft.server.log.force.sync.num = 128 (default)
2019-09-26 10:59:17,711 [pool-67-thread-1] INFO  server.RaftServerConfigKeys (ConfUtils.java:logGet(43)) - raft.server.log.statemachine.data.sync = true (default)
2019-09-26 10:59:17,711 [pool-67-thread-1] INFO  server.RaftServerConfigKeys (ConfUtils.java:logGet(43)) - raft.server.log.statemachine.data.sync.timeout = 10s (default)
2019-09-26 10:59:17,712 [pool-67-thread-1] INFO  server.RaftServerConfigKeys (ConfUtils.java:logGet(43)) - raft.server.log.statemachine.data.sync.timeout.retry = -1 (default)
2019-09-26 10:59:17,712 [pool-67-thread-1] INFO  server.RaftServerConfigKeys (ConfUtils.java:logGet(43)) - raft.server.log.statemachine.data.caching.enabled = true (custom)
2019-09-26 10:59:17,712 [pool-67-thread-1] INFO  segmented.SegmentedRaftLogWorker (SegmentedRaftLogWorker.java:lambda$new$0(132)) - 91fb8321-54d9-4a64-90be-ab1c2b6fea7b@group-A33AEBB70DAB-SegmentedRaftLogWorker: flushIndex: setUnconditionally 0 -> -1
2019-09-26 10:59:17,713 [pool-67-thread-1] INFO  server.RaftServerConfigKeys (ConfUtils.java:logGet(43)) - raft.server.snapshot.auto.trigger.enabled = true (custom)
2019-09-26 10:59:17,713 [pool-67-thread-1] INFO  server.RaftServerConfigKeys (ConfUtils.java:logGet(43)) - raft.server.snapshot.auto.trigger.threshold = 10000 (custom)
2019-09-26 10:59:17,713 [pool-67-thread-1] INFO  server.RaftServerConfigKeys (ConfUtils.java:logGet(43)) - raft.server.snapshot.retention.num.files = 5 (custom)
2019-09-26 10:59:17,713 [pool-67-thread-1] INFO  server.RaftServerConfigKeys (ConfUtils.java:logGet(43)) - raft.server.retrycache.expirytime = 600000ms (custom)
2019-09-26 10:59:17,717 [pool-67-thread-1] INFO  impl.RaftServerImpl (RaftServerImpl.java:start(185)) - 91fb8321-54d9-4a64-90be-ab1c2b6fea7b@group-A33AEBB70DAB: start as a follower, conf=-1: [91fb8321-54d9-4a64-90be-ab1c2b6fea7b:192.168.30.13:42819], old=null
2019-09-26 10:59:17,717 [pool-67-thread-1] INFO  impl.RaftServerImpl (RaftServerImpl.java:setRole(174)) - 91fb8321-54d9-4a64-90be-ab1c2b6fea7b@group-A33AEBB70DAB: changes role from      null to FOLLOWER at term 0 for startAsFollower
2019-09-26 10:59:17,717 [pool-67-thread-1] INFO  impl.RoleInfo (RoleInfo.java:updateAndGet(143)) - 91fb8321-54d9-4a64-90be-ab1c2b6fea7b: start FollowerState
2019-09-26 10:59:17,718 [pool-67-thread-1] INFO  util.JmxRegister (JmxRegister.java:tryRegister(44)) - Successfully registered JMX Bean with object name Ratis:service=RaftServer,group=group-A33AEBB70DAB,id=91fb8321-54d9-4a64-90be-ab1c2b6fea7b
2019-09-26 10:59:17,728 [RatisPipelineUtilsThread] INFO  pipeline.PipelineStateManager (PipelineStateManager.java:addPipeline(56)) - Created pipeline Pipeline[ Id: 41f0724a-129d-4827-92fe-a33aebb70dab, Nodes: 91fb8321-54d9-4a64-90be-ab1c2b6fea7b{ip: 192.168.30.13, host: pr-hdds-1569-wvzgm-824869521, networkLocation: /default-rack, certSerialId: null}, Type:RATIS, Factor:ONE, State:OPEN]
2019-09-26 10:59:17,745 [grpc-default-executor-0] INFO  impl.RaftServerProxy (RaftServerProxy.java:addNew(89)) - 2e8c5f4f-ba99-49b1-bcd5-57d537838a55: addNew group-F703083EB9CA:[2e8c5f4f-ba99-49b1-bcd5-57d537838a55:192.168.30.13:41803] returns group-F703083EB9CA:java.util.concurrent.CompletableFuture@798a0982[Not completed]
2019-09-26 10:59:17,767 [pool-27-thread-1] INFO  impl.RaftServerImpl (RaftServerImpl.java:<init>(95)) - 2e8c5f4f-ba99-49b1-bcd5-57d537838a55: new RaftServerImpl for group-F703083EB9CA:[2e8c5f4f-ba99-49b1-bcd5-57d537838a55:192.168.30.13:41803] with ContainerStateMachine:uninitialized
2019-09-26 10:59:17,768 [pool-27-thread-1] INFO  server.RaftServerConfigKeys (ConfUtils.java:logGet(43)) - raft.server.rpc.timeout.min = 5s (custom)
2019-09-26 10:59:17,768 [pool-27-thread-1] INFO  server.RaftServerConfigKeys (ConfUtils.java:logGet(43)) - raft.server.rpc.timeout.max = 5200ms (custom)
2019-09-26 10:59:17,768 [pool-27-thread-1] INFO  server.RaftServerConfigKeys (ConfUtils.java:logGet(43)) - raft.server.rpcslowness.timeout = 120s (custom)
2019-09-26 10:59:17,768 [pool-27-thread-1] INFO  server.RaftServerConfigKeys (ConfUtils.java:logGet(43)) - raft.server.sleep.deviation.threshold = 300 (default)
2019-09-26 10:59:17,768 [pool-27-thread-1] INFO  server.RaftServerConfigKeys (ConfUtils.java:logGet(43)) - raft.server.log.appender.install.snapshot.enabled = false (custom)
2019-09-26 10:59:17,769 [pool-27-thread-1] INFO  impl.RaftServerImpl (ServerState.java:<init>(103)) - 2e8c5f4f-ba99-49b1-bcd5-57d537838a55@group-F703083EB9CA: ConfigurationManager, init=-1: [2e8c5f4f-ba99-49b1-bcd5-57d537838a55:192.168.30.13:41803], old=null, confs=<EMPTY_MAP>
2019-09-26 10:59:17,769 [pool-27-thread-1] INFO  server.RaftServerConfigKeys (ConfUtils.java:logGet(43)) - raft.server.storage.dir = [/workdir/hadoop-ozone/tools/target/test-dir/MiniOzoneClusterImpl-500c1b69-91fd-4a69-8f24-d9dc154afa78/datanode-0/data/ratis] (custom)
2019-09-26 10:59:17,769 [pool-27-thread-1] INFO  storage.RaftStorageDirectory (RaftStorageDirectory.java:analyzeStorage(246)) - The storage directory /workdir/hadoop-ozone/tools/target/test-dir/MiniOzoneClusterImpl-500c1b69-91fd-4a69-8f24-d9dc154afa78/datanode-0/data/ratis/fc235a68-2574-451a-aeaa-f703083eb9ca does not exist. Creating ...
2019-09-26 10:59:17,783 [pool-27-thread-1] INFO  storage.RaftStorageDirectory (RaftStorageDirectory.java:tryLock(328)) - Lock on /workdir/hadoop-ozone/tools/target/test-dir/MiniOzoneClusterImpl-500c1b69-91fd-4a69-8f24-d9dc154afa78/datanode-0/data/ratis/fc235a68-2574-451a-aeaa-f703083eb9ca/in_use.lock acquired by nodename 12288@pr-hdds-1569-wvzgm-824869521
2019-09-26 10:59:17,798 [pool-27-thread-1] INFO  storage.RaftStorage (RaftStorage.java:format(72)) - Storage directory /workdir/hadoop-ozone/tools/target/test-dir/MiniOzoneClusterImpl-500c1b69-91fd-4a69-8f24-d9dc154afa78/datanode-0/data/ratis/fc235a68-2574-451a-aeaa-f703083eb9ca has been successfully formatted.
2019-09-26 10:59:17,798 [pool-27-thread-1] INFO  ratis.ContainerStateMachine (ContainerStateMachine.java:loadSnapshot(230)) - group-F703083EB9CA: The snapshot info is null. Setting the last applied indexto:(t:0, i:~)
2019-09-26 10:59:17,798 [pool-27-thread-1] INFO  server.RaftServerConfigKeys (ConfUtils.java:logGet(43)) - raft.server.notification.no-leader.timeout = 120s (custom)
2019-09-26 10:59:17,799 [pool-27-thread-1] INFO  server.RaftServerConfigKeys (ConfUtils.java:logGet(43)) - raft.server.log.use.memory = false (default)
2019-09-26 10:59:17,799 [pool-27-thread-1] INFO  server.RaftServerConfigKeys (ConfUtils.java:logGet(43)) - raft.server.log.purge.gap = 1000000 (custom)
2019-09-26 10:59:17,799 [pool-27-thread-1] INFO  server.RaftServerConfigKeys (ConfUtils.java:logGet(43)) - raft.server.log.appender.buffer.byte-limit = 33554432 (custom)
2019-09-26 10:59:17,799 [pool-27-thread-1] INFO  server.RaftServerConfigKeys (ConfUtils.java:logGet(43)) - raft.server.log.segment.size.max = 1048576 (custom)
2019-09-26 10:59:17,799 [pool-27-thread-1] INFO  server.RaftServerConfigKeys (ConfUtils.java:logGet(43)) - raft.server.log.segment.cache.num.max = 2 (custom)
2019-09-26 10:59:17,800 [pool-27-thread-1] INFO  segmented.SegmentedRaftLogWorker (SegmentedRaftLogWorker.java:<init>(172)) - new 2e8c5f4f-ba99-49b1-bcd5-57d537838a55@group-F703083EB9CA-SegmentedRaftLogWorker for RaftStorage:Storage Directory /workdir/hadoop-ozone/tools/target/test-dir/MiniOzoneClusterImpl-500c1b69-91fd-4a69-8f24-d9dc154afa78/datanode-0/data/ratis/fc235a68-2574-451a-aeaa-f703083eb9ca
2019-09-26 10:59:17,800 [pool-27-thread-1] INFO  server.RaftServerConfigKeys (ConfUtils.java:logGet(43)) - raft.server.log.queue.byte-limit = 2147483647 (custom)
2019-09-26 10:59:17,801 [pool-27-thread-1] INFO  server.RaftServerConfigKeys (ConfUtils.java:logGet(43)) - raft.server.log.queue.element-limit = 1024 (custom)
2019-09-26 10:59:17,801 [pool-27-thread-1] INFO  server.RaftServerConfigKeys (ConfUtils.java:logGet(43)) - raft.server.log.segment.size.max = 1048576 (custom)
2019-09-26 10:59:17,802 [pool-27-thread-1] INFO  server.RaftServerConfigKeys (ConfUtils.java:logGet(43)) - raft.server.log.preallocated.size = 16384 (custom)
2019-09-26 10:59:17,802 [pool-27-thread-1] INFO  server.RaftServerConfigKeys (ConfUtils.java:logGet(43)) - raft.server.log.write.buffer.size = 33554432 (custom)
2019-09-26 10:59:17,802 [pool-27-thread-1] INFO  server.RaftServerConfigKeys (ConfUtils.java:logGet(43)) - raft.server.log.force.sync.num = 128 (default)
2019-09-26 10:59:17,802 [pool-27-thread-1] INFO  server.RaftServerConfigKeys (ConfUtils.java:logGet(43)) - raft.server.log.statemachine.data.sync = true (default)
2019-09-26 10:59:17,802 [pool-27-thread-1] INFO  server.RaftServerConfigKeys (ConfUtils.java:logGet(43)) - raft.server.log.statemachine.data.sync.timeout = 10s (default)
2019-09-26 10:59:17,802 [pool-27-thread-1] INFO  server.RaftServerConfigKeys (ConfUtils.java:logGet(43)) - raft.server.log.statemachine.data.sync.timeout.retry = -1 (default)
2019-09-26 10:59:17,803 [pool-27-thread-1] INFO  server.RaftServerConfigKeys (ConfUtils.java:logGet(43)) - raft.server.log.statemachine.data.caching.enabled = true (custom)
2019-09-26 10:59:17,803 [pool-27-thread-1] INFO  segmented.SegmentedRaftLogWorker (SegmentedRaftLogWorker.java:lambda$new$0(132)) - 2e8c5f4f-ba99-49b1-bcd5-57d537838a55@group-F703083EB9CA-SegmentedRaftLogWorker: flushIndex: setUnconditionally 0 -> -1
2019-09-26 10:59:17,804 [pool-27-thread-1] INFO  server.RaftServerConfigKeys (ConfUtils.java:logGet(43)) - raft.server.snapshot.auto.trigger.enabled = true (custom)
2019-09-26 10:59:17,804 [pool-27-thread-1] INFO  server.RaftServerConfigKeys (ConfUtils.java:logGet(43)) - raft.server.snapshot.auto.trigger.threshold = 10000 (custom)
2019-09-26 10:59:17,804 [pool-27-thread-1] INFO  server.RaftServerConfigKeys (ConfUtils.java:logGet(43)) - raft.server.snapshot.retention.num.files = 5 (custom)
2019-09-26 10:59:17,804 [pool-27-thread-1] INFO  server.RaftServerConfigKeys (ConfUtils.java:logGet(43)) - raft.server.retrycache.expirytime = 600000ms (custom)
2019-09-26 10:59:17,808 [pool-27-thread-1] INFO  impl.RaftServerImpl (RaftServerImpl.java:start(185)) - 2e8c5f4f-ba99-49b1-bcd5-57d537838a55@group-F703083EB9CA: start as a follower, conf=-1: [2e8c5f4f-ba99-49b1-bcd5-57d537838a55:192.168.30.13:41803], old=null
2019-09-26 10:59:17,808 [pool-27-thread-1] INFO  impl.RaftServerImpl (RaftServerImpl.java:setRole(174)) - 2e8c5f4f-ba99-49b1-bcd5-57d537838a55@group-F703083EB9CA: changes role from      null to FOLLOWER at term 0 for startAsFollower
2019-09-26 10:59:17,808 [pool-27-thread-1] INFO  impl.RoleInfo (RoleInfo.java:updateAndGet(143)) - 2e8c5f4f-ba99-49b1-bcd5-57d537838a55: start FollowerState
2019-09-26 10:59:17,809 [pool-27-thread-1] INFO  util.JmxRegister (JmxRegister.java:tryRegister(44)) - Successfully registered JMX Bean with object name Ratis:service=RaftServer,group=group-F703083EB9CA,id=2e8c5f4f-ba99-49b1-bcd5-57d537838a55
2019-09-26 10:59:17,818 [RatisPipelineUtilsThread] INFO  pipeline.PipelineStateManager (PipelineStateManager.java:addPipeline(56)) - Created pipeline Pipeline[ Id: fc235a68-2574-451a-aeaa-f703083eb9ca, Nodes: 2e8c5f4f-ba99-49b1-bcd5-57d537838a55{ip: 192.168.30.13, host: pr-hdds-1569-wvzgm-824869521, networkLocation: /default-rack, certSerialId: null}, Type:RATIS, Factor:ONE, State:OPEN]
2019-09-26 10:59:17,833 [grpc-default-executor-0] INFO  impl.RaftServerProxy (RaftServerProxy.java:addNew(89)) - cf629036-ace7-4ca9-94d6-fc8cc18310da: addNew group-FD53E5AE74D5:[cf629036-ace7-4ca9-94d6-fc8cc18310da:192.168.30.13:46232] returns group-FD53E5AE74D5:java.util.concurrent.CompletableFuture@7f497b1a[Not completed]
2019-09-26 10:59:17,835 [pool-57-thread-1] INFO  impl.RaftServerImpl (RaftServerImpl.java:<init>(95)) - cf629036-ace7-4ca9-94d6-fc8cc18310da: new RaftServerImpl for group-FD53E5AE74D5:[cf629036-ace7-4ca9-94d6-fc8cc18310da:192.168.30.13:46232] with ContainerStateMachine:uninitialized
2019-09-26 10:59:17,835 [pool-57-thread-1] INFO  server.RaftServerConfigKeys (ConfUtils.java:logGet(43)) - raft.server.rpc.timeout.min = 5s (custom)
2019-09-26 10:59:17,837 [pool-57-thread-1] INFO  server.RaftServerConfigKeys (ConfUtils.java:logGet(43)) - raft.server.rpc.timeout.max = 5200ms (custom)
2019-09-26 10:59:17,837 [pool-57-thread-1] INFO  server.RaftServerConfigKeys (ConfUtils.java:logGet(43)) - raft.server.rpcslowness.timeout = 120s (custom)
2019-09-26 10:59:17,837 [pool-57-thread-1] INFO  server.RaftServerConfigKeys (ConfUtils.java:logGet(43)) - raft.server.sleep.deviation.threshold = 300 (default)
2019-09-26 10:59:17,838 [pool-57-thread-1] INFO  server.RaftServerConfigKeys (ConfUtils.java:logGet(43)) - raft.server.log.appender.install.snapshot.enabled = false (custom)
2019-09-26 10:59:17,838 [pool-57-thread-1] INFO  impl.RaftServerImpl (ServerState.java:<init>(103)) - cf629036-ace7-4ca9-94d6-fc8cc18310da@group-FD53E5AE74D5: ConfigurationManager, init=-1: [cf629036-ace7-4ca9-94d6-fc8cc18310da:192.168.30.13:46232], old=null, confs=<EMPTY_MAP>
2019-09-26 10:59:17,838 [pool-57-thread-1] INFO  server.RaftServerConfigKeys (ConfUtils.java:logGet(43)) - raft.server.storage.dir = [/workdir/hadoop-ozone/tools/target/test-dir/MiniOzoneClusterImpl-500c1b69-91fd-4a69-8f24-d9dc154afa78/datanode-3/data/ratis] (custom)
2019-09-26 10:59:17,838 [pool-57-thread-1] INFO  storage.RaftStorageDirectory (RaftStorageDirectory.java:analyzeStorage(246)) - The storage directory /workdir/hadoop-ozone/tools/target/test-dir/MiniOzoneClusterImpl-500c1b69-91fd-4a69-8f24-d9dc154afa78/datanode-3/data/ratis/b42909e5-62ab-4b87-8b09-fd53e5ae74d5 does not exist. Creating ...
2019-09-26 10:59:17,853 [pool-57-thread-1] INFO  storage.RaftStorageDirectory (RaftStorageDirectory.java:tryLock(328)) - Lock on /workdir/hadoop-ozone/tools/target/test-dir/MiniOzoneClusterImpl-500c1b69-91fd-4a69-8f24-d9dc154afa78/datanode-3/data/ratis/b42909e5-62ab-4b87-8b09-fd53e5ae74d5/in_use.lock acquired by nodename 12288@pr-hdds-1569-wvzgm-824869521
2019-09-26 10:59:17,866 [pool-57-thread-1] INFO  storage.RaftStorage (RaftStorage.java:format(72)) - Storage directory /workdir/hadoop-ozone/tools/target/test-dir/MiniOzoneClusterImpl-500c1b69-91fd-4a69-8f24-d9dc154afa78/datanode-3/data/ratis/b42909e5-62ab-4b87-8b09-fd53e5ae74d5 has been successfully formatted.
2019-09-26 10:59:17,866 [pool-57-thread-1] INFO  ratis.ContainerStateMachine (ContainerStateMachine.java:loadSnapshot(230)) - group-FD53E5AE74D5: The snapshot info is null. Setting the last applied indexto:(t:0, i:~)
2019-09-26 10:59:17,868 [pool-57-thread-1] INFO  server.RaftServerConfigKeys (ConfUtils.java:logGet(43)) - raft.server.notification.no-leader.timeout = 120s (custom)
2019-09-26 10:59:17,868 [pool-57-thread-1] INFO  server.RaftServerConfigKeys (ConfUtils.java:logGet(43)) - raft.server.log.use.memory = false (default)
2019-09-26 10:59:17,868 [pool-57-thread-1] INFO  server.RaftServerConfigKeys (ConfUtils.java:logGet(43)) - raft.server.log.purge.gap = 1000000 (custom)
2019-09-26 10:59:17,868 [pool-57-thread-1] INFO  server.RaftServerConfigKeys (ConfUtils.java:logGet(43)) - raft.server.log.appender.buffer.byte-limit = 33554432 (custom)
2019-09-26 10:59:17,869 [pool-57-thread-1] INFO  server.RaftServerConfigKeys (ConfUtils.java:logGet(43)) - raft.server.log.segment.size.max = 1048576 (custom)
2019-09-26 10:59:17,869 [pool-57-thread-1] INFO  server.RaftServerConfigKeys (ConfUtils.java:logGet(43)) - raft.server.log.segment.cache.num.max = 2 (custom)
2019-09-26 10:59:17,869 [pool-57-thread-1] INFO  segmented.SegmentedRaftLogWorker (SegmentedRaftLogWorker.java:<init>(172)) - new cf629036-ace7-4ca9-94d6-fc8cc18310da@group-FD53E5AE74D5-SegmentedRaftLogWorker for RaftStorage:Storage Directory /workdir/hadoop-ozone/tools/target/test-dir/MiniOzoneClusterImpl-500c1b69-91fd-4a69-8f24-d9dc154afa78/datanode-3/data/ratis/b42909e5-62ab-4b87-8b09-fd53e5ae74d5
2019-09-26 10:59:17,869 [pool-57-thread-1] INFO  server.RaftServerConfigKeys (ConfUtils.java:logGet(43)) - raft.server.log.queue.byte-limit = 2147483647 (custom)
2019-09-26 10:59:17,869 [pool-57-thread-1] INFO  server.RaftServerConfigKeys (ConfUtils.java:logGet(43)) - raft.server.log.queue.element-limit = 1024 (custom)
2019-09-26 10:59:17,870 [pool-57-thread-1] INFO  server.RaftServerConfigKeys (ConfUtils.java:logGet(43)) - raft.server.log.segment.size.max = 1048576 (custom)
2019-09-26 10:59:17,870 [pool-57-thread-1] INFO  server.RaftServerConfigKeys (ConfUtils.java:logGet(43)) - raft.server.log.preallocated.size = 16384 (custom)
2019-09-26 10:59:17,870 [pool-57-thread-1] INFO  server.RaftServerConfigKeys (ConfUtils.java:logGet(43)) - raft.server.log.write.buffer.size = 33554432 (custom)
2019-09-26 10:59:17,870 [pool-57-thread-1] INFO  server.RaftServerConfigKeys (ConfUtils.java:logGet(43)) - raft.server.log.force.sync.num = 128 (default)
2019-09-26 10:59:17,870 [pool-57-thread-1] INFO  server.RaftServerConfigKeys (ConfUtils.java:logGet(43)) - raft.server.log.statemachine.data.sync = true (default)
2019-09-26 10:59:17,871 [pool-57-thread-1] INFO  server.RaftServerConfigKeys (ConfUtils.java:logGet(43)) - raft.server.log.statemachine.data.sync.timeout = 10s (default)
2019-09-26 10:59:17,871 [pool-57-thread-1] INFO  server.RaftServerConfigKeys (ConfUtils.java:logGet(43)) - raft.server.log.statemachine.data.sync.timeout.retry = -1 (default)
2019-09-26 10:59:17,871 [pool-57-thread-1] INFO  server.RaftServerConfigKeys (ConfUtils.java:logGet(43)) - raft.server.log.statemachine.data.caching.enabled = true (custom)
2019-09-26 10:59:17,871 [pool-57-thread-1] INFO  segmented.SegmentedRaftLogWorker (SegmentedRaftLogWorker.java:lambda$new$0(132)) - cf629036-ace7-4ca9-94d6-fc8cc18310da@group-FD53E5AE74D5-SegmentedRaftLogWorker: flushIndex: setUnconditionally 0 -> -1
2019-09-26 10:59:17,872 [pool-57-thread-1] INFO  server.RaftServerConfigKeys (ConfUtils.java:logGet(43)) - raft.server.snapshot.auto.trigger.enabled = true (custom)
2019-09-26 10:59:17,872 [pool-57-thread-1] INFO  server.RaftServerConfigKeys (ConfUtils.java:logGet(43)) - raft.server.snapshot.auto.trigger.threshold = 10000 (custom)
2019-09-26 10:59:17,872 [pool-57-thread-1] INFO  server.RaftServerConfigKeys (ConfUtils.java:logGet(43)) - raft.server.snapshot.retention.num.files = 5 (custom)
2019-09-26 10:59:17,872 [pool-57-thread-1] INFO  server.RaftServerConfigKeys (ConfUtils.java:logGet(43)) - raft.server.retrycache.expirytime = 600000ms (custom)
2019-09-26 10:59:17,876 [pool-57-thread-1] INFO  impl.RaftServerImpl (RaftServerImpl.java:start(185)) - cf629036-ace7-4ca9-94d6-fc8cc18310da@group-FD53E5AE74D5: start as a follower, conf=-1: [cf629036-ace7-4ca9-94d6-fc8cc18310da:192.168.30.13:46232], old=null
2019-09-26 10:59:17,876 [pool-57-thread-1] INFO  impl.RaftServerImpl (RaftServerImpl.java:setRole(174)) - cf629036-ace7-4ca9-94d6-fc8cc18310da@group-FD53E5AE74D5: changes role from      null to FOLLOWER at term 0 for startAsFollower
2019-09-26 10:59:17,876 [pool-57-thread-1] INFO  impl.RoleInfo (RoleInfo.java:updateAndGet(143)) - cf629036-ace7-4ca9-94d6-fc8cc18310da: start FollowerState
2019-09-26 10:59:17,877 [pool-57-thread-1] INFO  util.JmxRegister (JmxRegister.java:tryRegister(44)) - Successfully registered JMX Bean with object name Ratis:service=RaftServer,group=group-FD53E5AE74D5,id=cf629036-ace7-4ca9-94d6-fc8cc18310da
2019-09-26 10:59:17,886 [RatisPipelineUtilsThread] INFO  pipeline.PipelineStateManager (PipelineStateManager.java:addPipeline(56)) - Created pipeline Pipeline[ Id: b42909e5-62ab-4b87-8b09-fd53e5ae74d5, Nodes: cf629036-ace7-4ca9-94d6-fc8cc18310da{ip: 192.168.30.13, host: pr-hdds-1569-wvzgm-824869521, networkLocation: /default-rack, certSerialId: null}, Type:RATIS, Factor:ONE, State:OPEN]
2019-09-26 10:59:17,898 [grpc-default-executor-0] INFO  impl.RaftServerProxy (RaftServerProxy.java:addNew(89)) - 91fb8321-54d9-4a64-90be-ab1c2b6fea7b: addNew group-3A7B05CDE57D:[91fb8321-54d9-4a64-90be-ab1c2b6fea7b:192.168.30.13:42819] returns group-3A7B05CDE57D:java.util.concurrent.CompletableFuture@3fd447bf[Not completed]
2019-09-26 10:59:17,900 [pool-67-thread-1] INFO  impl.RaftServerImpl (RaftServerImpl.java:<init>(95)) - 91fb8321-54d9-4a64-90be-ab1c2b6fea7b: new RaftServerImpl for group-3A7B05CDE57D:[91fb8321-54d9-4a64-90be-ab1c2b6fea7b:192.168.30.13:42819] with ContainerStateMachine:uninitialized
2019-09-26 10:59:17,900 [pool-67-thread-1] INFO  server.RaftServerConfigKeys (ConfUtils.java:logGet(43)) - raft.server.rpc.timeout.min = 5s (custom)
2019-09-26 10:59:17,900 [pool-67-thread-1] INFO  server.RaftServerConfigKeys (ConfUtils.java:logGet(43)) - raft.server.rpc.timeout.max = 5200ms (custom)
2019-09-26 10:59:17,900 [pool-67-thread-1] INFO  server.RaftServerConfigKeys (ConfUtils.java:logGet(43)) - raft.server.rpcslowness.timeout = 120s (custom)
2019-09-26 10:59:17,900 [pool-67-thread-1] INFO  server.RaftServerConfigKeys (ConfUtils.java:logGet(43)) - raft.server.sleep.deviation.threshold = 300 (default)
2019-09-26 10:59:17,900 [pool-67-thread-1] INFO  server.RaftServerConfigKeys (ConfUtils.java:logGet(43)) - raft.server.log.appender.install.snapshot.enabled = false (custom)
2019-09-26 10:59:17,901 [pool-67-thread-1] INFO  impl.RaftServerImpl (ServerState.java:<init>(103)) - 91fb8321-54d9-4a64-90be-ab1c2b6fea7b@group-3A7B05CDE57D: ConfigurationManager, init=-1: [91fb8321-54d9-4a64-90be-ab1c2b6fea7b:192.168.30.13:42819], old=null, confs=<EMPTY_MAP>
2019-09-26 10:59:17,901 [pool-67-thread-1] INFO  server.RaftServerConfigKeys (ConfUtils.java:logGet(43)) - raft.server.storage.dir = [/workdir/hadoop-ozone/tools/target/test-dir/MiniOzoneClusterImpl-500c1b69-91fd-4a69-8f24-d9dc154afa78/datanode-4/data/ratis] (custom)
2019-09-26 10:59:17,901 [pool-67-thread-1] INFO  storage.RaftStorageDirectory (RaftStorageDirectory.java:analyzeStorage(246)) - The storage directory /workdir/hadoop-ozone/tools/target/test-dir/MiniOzoneClusterImpl-500c1b69-91fd-4a69-8f24-d9dc154afa78/datanode-4/data/ratis/222f8a74-4f46-4434-9fd5-3a7b05cde57d does not exist. Creating ...
2019-09-26 10:59:17,914 [pool-67-thread-1] INFO  storage.RaftStorageDirectory (RaftStorageDirectory.java:tryLock(328)) - Lock on /workdir/hadoop-ozone/tools/target/test-dir/MiniOzoneClusterImpl-500c1b69-91fd-4a69-8f24-d9dc154afa78/datanode-4/data/ratis/222f8a74-4f46-4434-9fd5-3a7b05cde57d/in_use.lock acquired by nodename 12288@pr-hdds-1569-wvzgm-824869521
2019-09-26 10:59:17,926 [pool-67-thread-1] INFO  storage.RaftStorage (RaftStorage.java:format(72)) - Storage directory /workdir/hadoop-ozone/tools/target/test-dir/MiniOzoneClusterImpl-500c1b69-91fd-4a69-8f24-d9dc154afa78/datanode-4/data/ratis/222f8a74-4f46-4434-9fd5-3a7b05cde57d has been successfully formatted.
2019-09-26 10:59:17,927 [pool-67-thread-1] INFO  ratis.ContainerStateMachine (ContainerStateMachine.java:loadSnapshot(230)) - group-3A7B05CDE57D: The snapshot info is null. Setting the last applied indexto:(t:0, i:~)
2019-09-26 10:59:17,927 [pool-67-thread-1] INFO  server.RaftServerConfigKeys (ConfUtils.java:logGet(43)) - raft.server.notification.no-leader.timeout = 120s (custom)
2019-09-26 10:59:17,927 [pool-67-thread-1] INFO  server.RaftServerConfigKeys (ConfUtils.java:logGet(43)) - raft.server.log.use.memory = false (default)
2019-09-26 10:59:17,927 [pool-67-thread-1] INFO  server.RaftServerConfigKeys (ConfUtils.java:logGet(43)) - raft.server.log.purge.gap = 1000000 (custom)
2019-09-26 10:59:17,927 [pool-67-thread-1] INFO  server.RaftServerConfigKeys (ConfUtils.java:logGet(43)) - raft.server.log.appender.buffer.byte-limit = 33554432 (custom)
2019-09-26 10:59:17,927 [pool-67-thread-1] INFO  server.RaftServerConfigKeys (ConfUtils.java:logGet(43)) - raft.server.log.segment.size.max = 1048576 (custom)
2019-09-26 10:59:17,928 [pool-67-thread-1] INFO  server.RaftServerConfigKeys (ConfUtils.java:logGet(43)) - raft.server.log.segment.cache.num.max = 2 (custom)
2019-09-26 10:59:17,928 [pool-67-thread-1] INFO  segmented.SegmentedRaftLogWorker (SegmentedRaftLogWorker.java:<init>(172)) - new 91fb8321-54d9-4a64-90be-ab1c2b6fea7b@group-3A7B05CDE57D-SegmentedRaftLogWorker for RaftStorage:Storage Directory /workdir/hadoop-ozone/tools/target/test-dir/MiniOzoneClusterImpl-500c1b69-91fd-4a69-8f24-d9dc154afa78/datanode-4/data/ratis/222f8a74-4f46-4434-9fd5-3a7b05cde57d
2019-09-26 10:59:17,928 [pool-67-thread-1] INFO  server.RaftServerConfigKeys (ConfUtils.java:logGet(43)) - raft.server.log.queue.byte-limit = 2147483647 (custom)
2019-09-26 10:59:17,928 [pool-67-thread-1] INFO  server.RaftServerConfigKeys (ConfUtils.java:logGet(43)) - raft.server.log.queue.element-limit = 1024 (custom)
2019-09-26 10:59:17,928 [pool-67-thread-1] INFO  server.RaftServerConfigKeys (ConfUtils.java:logGet(43)) - raft.server.log.segment.size.max = 1048576 (custom)
2019-09-26 10:59:17,928 [pool-67-thread-1] INFO  server.RaftServerConfigKeys (ConfUtils.java:logGet(43)) - raft.server.log.preallocated.size = 16384 (custom)
2019-09-26 10:59:17,928 [pool-67-thread-1] INFO  server.RaftServerConfigKeys (ConfUtils.java:logGet(43)) - raft.server.log.write.buffer.size = 33554432 (custom)
2019-09-26 10:59:17,929 [pool-67-thread-1] INFO  server.RaftServerConfigKeys (ConfUtils.java:logGet(43)) - raft.server.log.force.sync.num = 128 (default)
2019-09-26 10:59:17,929 [pool-67-thread-1] INFO  server.RaftServerConfigKeys (ConfUtils.java:logGet(43)) - raft.server.log.statemachine.data.sync = true (default)
2019-09-26 10:59:17,929 [pool-67-thread-1] INFO  server.RaftServerConfigKeys (ConfUtils.java:logGet(43)) - raft.server.log.statemachine.data.sync.timeout = 10s (default)
2019-09-26 10:59:17,929 [pool-67-thread-1] INFO  server.RaftServerConfigKeys (ConfUtils.java:logGet(43)) - raft.server.log.statemachine.data.sync.timeout.retry = -1 (default)
2019-09-26 10:59:17,929 [pool-67-thread-1] INFO  server.RaftServerConfigKeys (ConfUtils.java:logGet(43)) - raft.server.log.statemachine.data.caching.enabled = true (custom)
2019-09-26 10:59:17,930 [pool-67-thread-1] INFO  segmented.SegmentedRaftLogWorker (SegmentedRaftLogWorker.java:lambda$new$0(132)) - 91fb8321-54d9-4a64-90be-ab1c2b6fea7b@group-3A7B05CDE57D-SegmentedRaftLogWorker: flushIndex: setUnconditionally 0 -> -1
2019-09-26 10:59:17,930 [pool-67-thread-1] INFO  server.RaftServerConfigKeys (ConfUtils.java:logGet(43)) - raft.server.snapshot.auto.trigger.enabled = true (custom)
2019-09-26 10:59:17,930 [pool-67-thread-1] INFO  server.RaftServerConfigKeys (ConfUtils.java:logGet(43)) - raft.server.snapshot.auto.trigger.threshold = 10000 (custom)
2019-09-26 10:59:17,930 [pool-67-thread-1] INFO  server.RaftServerConfigKeys (ConfUtils.java:logGet(43)) - raft.server.snapshot.retention.num.files = 5 (custom)
2019-09-26 10:59:17,930 [pool-67-thread-1] INFO  server.RaftServerConfigKeys (ConfUtils.java:logGet(43)) - raft.server.retrycache.expirytime = 600000ms (custom)
2019-09-26 10:59:17,933 [pool-67-thread-1] INFO  impl.RaftServerImpl (RaftServerImpl.java:start(185)) - 91fb8321-54d9-4a64-90be-ab1c2b6fea7b@group-3A7B05CDE57D: start as a follower, conf=-1: [91fb8321-54d9-4a64-90be-ab1c2b6fea7b:192.168.30.13:42819], old=null
2019-09-26 10:59:17,933 [pool-67-thread-1] INFO  impl.RaftServerImpl (RaftServerImpl.java:setRole(174)) - 91fb8321-54d9-4a64-90be-ab1c2b6fea7b@group-3A7B05CDE57D: changes role from      null to FOLLOWER at term 0 for startAsFollower
2019-09-26 10:59:17,933 [pool-67-thread-1] INFO  impl.RoleInfo (RoleInfo.java:updateAndGet(143)) - 91fb8321-54d9-4a64-90be-ab1c2b6fea7b: start FollowerState
2019-09-26 10:59:17,934 [pool-67-thread-1] INFO  util.JmxRegister (JmxRegister.java:tryRegister(44)) - Successfully registered JMX Bean with object name Ratis:service=RaftServer,group=group-3A7B05CDE57D,id=91fb8321-54d9-4a64-90be-ab1c2b6fea7b
2019-09-26 10:59:17,945 [RatisPipelineUtilsThread] INFO  pipeline.PipelineStateManager (PipelineStateManager.java:addPipeline(56)) - Created pipeline Pipeline[ Id: 222f8a74-4f46-4434-9fd5-3a7b05cde57d, Nodes: 91fb8321-54d9-4a64-90be-ab1c2b6fea7b{ip: 192.168.30.13, host: pr-hdds-1569-wvzgm-824869521, networkLocation: /default-rack, certSerialId: null}, Type:RATIS, Factor:ONE, State:OPEN]
2019-09-26 10:59:17,967 [grpc-default-executor-0] INFO  impl.RaftServerProxy (RaftServerProxy.java:addNew(89)) - c38bca17-ec4a-4641-8fc4-32bb8247f11f: addNew group-8EBF63128858:[c38bca17-ec4a-4641-8fc4-32bb8247f11f:192.168.30.13:39970] returns group-8EBF63128858:java.util.concurrent.CompletableFuture@746da081[Not completed]
2019-09-26 10:59:17,970 [pool-37-thread-1] INFO  impl.RaftServerImpl (RaftServerImpl.java:<init>(95)) - c38bca17-ec4a-4641-8fc4-32bb8247f11f: new RaftServerImpl for group-8EBF63128858:[c38bca17-ec4a-4641-8fc4-32bb8247f11f:192.168.30.13:39970] with ContainerStateMachine:uninitialized
2019-09-26 10:59:17,970 [pool-37-thread-1] INFO  server.RaftServerConfigKeys (ConfUtils.java:logGet(43)) - raft.server.rpc.timeout.min = 5s (custom)
2019-09-26 10:59:17,970 [pool-37-thread-1] INFO  server.RaftServerConfigKeys (ConfUtils.java:logGet(43)) - raft.server.rpc.timeout.max = 5200ms (custom)
2019-09-26 10:59:17,970 [pool-37-thread-1] INFO  server.RaftServerConfigKeys (ConfUtils.java:logGet(43)) - raft.server.rpcslowness.timeout = 120s (custom)
2019-09-26 10:59:17,970 [pool-37-thread-1] INFO  server.RaftServerConfigKeys (ConfUtils.java:logGet(43)) - raft.server.sleep.deviation.threshold = 300 (default)
2019-09-26 10:59:17,971 [pool-37-thread-1] INFO  server.RaftServerConfigKeys (ConfUtils.java:logGet(43)) - raft.server.log.appender.install.snapshot.enabled = false (custom)
2019-09-26 10:59:17,971 [pool-37-thread-1] INFO  impl.RaftServerImpl (ServerState.java:<init>(103)) - c38bca17-ec4a-4641-8fc4-32bb8247f11f@group-8EBF63128858: ConfigurationManager, init=-1: [c38bca17-ec4a-4641-8fc4-32bb8247f11f:192.168.30.13:39970], old=null, confs=<EMPTY_MAP>
2019-09-26 10:59:17,971 [pool-37-thread-1] INFO  server.RaftServerConfigKeys (ConfUtils.java:logGet(43)) - raft.server.storage.dir = [/workdir/hadoop-ozone/tools/target/test-dir/MiniOzoneClusterImpl-500c1b69-91fd-4a69-8f24-d9dc154afa78/datanode-1/data/ratis] (custom)
2019-09-26 10:59:17,971 [pool-37-thread-1] INFO  storage.RaftStorageDirectory (RaftStorageDirectory.java:analyzeStorage(246)) - The storage directory /workdir/hadoop-ozone/tools/target/test-dir/MiniOzoneClusterImpl-500c1b69-91fd-4a69-8f24-d9dc154afa78/datanode-1/data/ratis/ed32246d-d7f6-42da-a477-8ebf63128858 does not exist. Creating ...
2019-09-26 10:59:17,980 [main] INFO  freon.RandomKeyGenerator (RandomKeyGenerator.java:call(283)) - Number of Threads: 10
2019-09-26 10:59:17,981 [main] INFO  freon.RandomKeyGenerator (RandomKeyGenerator.java:call(288)) - Number of Volumes: 1.
2019-09-26 10:59:17,981 [main] INFO  freon.RandomKeyGenerator (RandomKeyGenerator.java:call(289)) - Number of Buckets per Volume: 1.
2019-09-26 10:59:17,982 [main] INFO  freon.RandomKeyGenerator (RandomKeyGenerator.java:call(290)) - Number of Keys per Bucket: 1.
2019-09-26 10:59:17,982 [main] INFO  freon.RandomKeyGenerator (RandomKeyGenerator.java:call(291)) - Key size: 20971520 bytes
2019-09-26 10:59:17,982 [main] INFO  freon.RandomKeyGenerator (RandomKeyGenerator.java:call(292)) - Buffer size: 4096 bytes
2019-09-26 10:59:17,982 [main] INFO  freon.RandomKeyGenerator (RandomKeyGenerator.java:call(293)) - validateWrites : true
2019-09-26 10:59:17,985 [pool-37-thread-1] INFO  storage.RaftStorageDirectory (RaftStorageDirectory.java:tryLock(328)) - Lock on /workdir/hadoop-ozone/tools/target/test-dir/MiniOzoneClusterImpl-500c1b69-91fd-4a69-8f24-d9dc154afa78/datanode-1/data/ratis/ed32246d-d7f6-42da-a477-8ebf63128858/in_use.lock acquired by nodename 12288@pr-hdds-1569-wvzgm-824869521
2019-09-26 10:59:17,988 [main] INFO  freon.RandomKeyGenerator (RandomKeyGenerator.java:call(307)) - Data validation is enabled.
2019-09-26 10:59:17,989 [main] INFO  freon.RandomKeyGenerator (RandomKeyGenerator.java:call(313)) - Starting progress bar Thread.

 0.00% |█                                                                                                    |  0/1 Time: 0:00:002019-09-26 10:59:17,999 [pool-37-thread-1] INFO  storage.RaftStorage (RaftStorage.java:format(72)) - Storage directory /workdir/hadoop-ozone/tools/target/test-dir/MiniOzoneClusterImpl-500c1b69-91fd-4a69-8f24-d9dc154afa78/datanode-1/data/ratis/ed32246d-d7f6-42da-a477-8ebf63128858 has been successfully formatted.
2019-09-26 10:59:17,999 [pool-37-thread-1] INFO  ratis.ContainerStateMachine (ContainerStateMachine.java:loadSnapshot(230)) - group-8EBF63128858: The snapshot info is null. Setting the last applied indexto:(t:0, i:~)
2019-09-26 10:59:18,000 [pool-37-thread-1] INFO  server.RaftServerConfigKeys (ConfUtils.java:logGet(43)) - raft.server.notification.no-leader.timeout = 120s (custom)
2019-09-26 10:59:18,000 [pool-37-thread-1] INFO  server.RaftServerConfigKeys (ConfUtils.java:logGet(43)) - raft.server.log.use.memory = false (default)
2019-09-26 10:59:18,000 [pool-37-thread-1] INFO  server.RaftServerConfigKeys (ConfUtils.java:logGet(43)) - raft.server.log.purge.gap = 1000000 (custom)
2019-09-26 10:59:18,000 [pool-37-thread-1] INFO  server.RaftServerConfigKeys (ConfUtils.java:logGet(43)) - raft.server.log.appender.buffer.byte-limit = 33554432 (custom)
2019-09-26 10:59:18,000 [pool-37-thread-1] INFO  server.RaftServerConfigKeys (ConfUtils.java:logGet(43)) - raft.server.log.segment.size.max = 1048576 (custom)
2019-09-26 10:59:18,000 [pool-37-thread-1] INFO  server.RaftServerConfigKeys (ConfUtils.java:logGet(43)) - raft.server.log.segment.cache.num.max = 2 (custom)
2019-09-26 10:59:18,001 [pool-37-thread-1] INFO  segmented.SegmentedRaftLogWorker (SegmentedRaftLogWorker.java:<init>(172)) - new c38bca17-ec4a-4641-8fc4-32bb8247f11f@group-8EBF63128858-SegmentedRaftLogWorker for RaftStorage:Storage Directory /workdir/hadoop-ozone/tools/target/test-dir/MiniOzoneClusterImpl-500c1b69-91fd-4a69-8f24-d9dc154afa78/datanode-1/data/ratis/ed32246d-d7f6-42da-a477-8ebf63128858
2019-09-26 10:59:18,014 [pool-37-thread-1] INFO  server.RaftServerConfigKeys (ConfUtils.java:logGet(43)) - raft.server.log.queue.byte-limit = 2147483647 (custom)
2019-09-26 10:59:18,015 [pool-37-thread-1] INFO  server.RaftServerConfigKeys (ConfUtils.java:logGet(43)) - raft.server.log.queue.element-limit = 1024 (custom)
2019-09-26 10:59:18,015 [pool-37-thread-1] INFO  server.RaftServerConfigKeys (ConfUtils.java:logGet(43)) - raft.server.log.segment.size.max = 1048576 (custom)
2019-09-26 10:59:18,015 [pool-37-thread-1] INFO  server.RaftServerConfigKeys (ConfUtils.java:logGet(43)) - raft.server.log.preallocated.size = 16384 (custom)
2019-09-26 10:59:18,015 [pool-37-thread-1] INFO  server.RaftServerConfigKeys (ConfUtils.java:logGet(43)) - raft.server.log.write.buffer.size = 33554432 (custom)
2019-09-26 10:59:18,015 [pool-37-thread-1] INFO  server.RaftServerConfigKeys (ConfUtils.java:logGet(43)) - raft.server.log.force.sync.num = 128 (default)
2019-09-26 10:59:18,015 [pool-37-thread-1] INFO  server.RaftServerConfigKeys (ConfUtils.java:logGet(43)) - raft.server.log.statemachine.data.sync = true (default)
2019-09-26 10:59:18,015 [pool-37-thread-1] INFO  server.RaftServerConfigKeys (ConfUtils.java:logGet(43)) - raft.server.log.statemachine.data.sync.timeout = 10s (default)
2019-09-26 10:59:18,015 [pool-37-thread-1] INFO  server.RaftServerConfigKeys (ConfUtils.java:logGet(43)) - raft.server.log.statemachine.data.sync.timeout.retry = -1 (default)
2019-09-26 10:59:18,016 [pool-37-thread-1] INFO  server.RaftServerConfigKeys (ConfUtils.java:logGet(43)) - raft.server.log.statemachine.data.caching.enabled = true (custom)
2019-09-26 10:59:18,016 [pool-37-thread-1] INFO  segmented.SegmentedRaftLogWorker (SegmentedRaftLogWorker.java:lambda$new$0(132)) - c38bca17-ec4a-4641-8fc4-32bb8247f11f@group-8EBF63128858-SegmentedRaftLogWorker: flushIndex: setUnconditionally 0 -> -1
2019-09-26 10:59:18,016 [pool-37-thread-1] INFO  server.RaftServerConfigKeys (ConfUtils.java:logGet(43)) - raft.server.snapshot.auto.trigger.enabled = true (custom)
2019-09-26 10:59:18,016 [pool-37-thread-1] INFO  server.RaftServerConfigKeys (ConfUtils.java:logGet(43)) - raft.server.snapshot.auto.trigger.threshold = 10000 (custom)
2019-09-26 10:59:18,017 [pool-37-thread-1] INFO  server.RaftServerConfigKeys (ConfUtils.java:logGet(43)) - raft.server.snapshot.retention.num.files = 5 (custom)
2019-09-26 10:59:18,017 [pool-37-thread-1] INFO  server.RaftServerConfigKeys (ConfUtils.java:logGet(43)) - raft.server.retrycache.expirytime = 600000ms (custom)
2019-09-26 10:59:18,019 [pool-37-thread-1] INFO  impl.RaftServerImpl (RaftServerImpl.java:start(185)) - c38bca17-ec4a-4641-8fc4-32bb8247f11f@group-8EBF63128858: start as a follower, conf=-1: [c38bca17-ec4a-4641-8fc4-32bb8247f11f:192.168.30.13:39970], old=null
2019-09-26 10:59:18,019 [pool-37-thread-1] INFO  impl.RaftServerImpl (RaftServerImpl.java:setRole(174)) - c38bca17-ec4a-4641-8fc4-32bb8247f11f@group-8EBF63128858: changes role from      null to FOLLOWER at term 0 for startAsFollower
2019-09-26 10:59:18,019 [pool-37-thread-1] INFO  impl.RoleInfo (RoleInfo.java:updateAndGet(143)) - c38bca17-ec4a-4641-8fc4-32bb8247f11f: start FollowerState
2019-09-26 10:59:18,019 [pool-37-thread-1] INFO  util.JmxRegister (JmxRegister.java:tryRegister(44)) - Successfully registered JMX Bean with object name Ratis:service=RaftServer,group=group-8EBF63128858,id=c38bca17-ec4a-4641-8fc4-32bb8247f11f
2019-09-26 10:59:18,024 [pool-73-thread-1] INFO  rpc.RpcClient (RpcClient.java:createVolume(276)) - Creating Volume: vol-0-11289, with jenkins1000 as owner.
2019-09-26 10:59:18,025 [RatisPipelineUtilsThread] INFO  pipeline.PipelineStateManager (PipelineStateManager.java:addPipeline(56)) - Created pipeline Pipeline[ Id: ed32246d-d7f6-42da-a477-8ebf63128858, Nodes: c38bca17-ec4a-4641-8fc4-32bb8247f11f{ip: 192.168.30.13, host: pr-hdds-1569-wvzgm-824869521, networkLocation: /default-rack, certSerialId: null}, Type:RATIS, Factor:ONE, State:OPEN]
2019-09-26 10:59:18,039 [grpc-default-executor-0] INFO  impl.RaftServerProxy (RaftServerProxy.java:addNew(89)) - 2e8c5f4f-ba99-49b1-bcd5-57d537838a55: addNew group-09BB870F62A0:[2e8c5f4f-ba99-49b1-bcd5-57d537838a55:192.168.30.13:41803] returns group-09BB870F62A0:java.util.concurrent.CompletableFuture@6d8e09ad[Not completed]
2019-09-26 10:59:18,041 [pool-27-thread-1] INFO  impl.RaftServerImpl (RaftServerImpl.java:<init>(95)) - 2e8c5f4f-ba99-49b1-bcd5-57d537838a55: new RaftServerImpl for group-09BB870F62A0:[2e8c5f4f-ba99-49b1-bcd5-57d537838a55:192.168.30.13:41803] with ContainerStateMachine:uninitialized
2019-09-26 10:59:18,041 [pool-27-thread-1] INFO  server.RaftServerConfigKeys (ConfUtils.java:logGet(43)) - raft.server.rpc.timeout.min = 5s (custom)
2019-09-26 10:59:18,041 [pool-27-thread-1] INFO  server.RaftServerConfigKeys (ConfUtils.java:logGet(43)) - raft.server.rpc.timeout.max = 5200ms (custom)
2019-09-26 10:59:18,042 [pool-27-thread-1] INFO  server.RaftServerConfigKeys (ConfUtils.java:logGet(43)) - raft.server.rpcslowness.timeout = 120s (custom)
2019-09-26 10:59:18,042 [pool-27-thread-1] INFO  server.RaftServerConfigKeys (ConfUtils.java:logGet(43)) - raft.server.sleep.deviation.threshold = 300 (default)
2019-09-26 10:59:18,042 [pool-27-thread-1] INFO  server.RaftServerConfigKeys (ConfUtils.java:logGet(43)) - raft.server.log.appender.install.snapshot.enabled = false (custom)
2019-09-26 10:59:18,042 [pool-27-thread-1] INFO  impl.RaftServerImpl (ServerState.java:<init>(103)) - 2e8c5f4f-ba99-49b1-bcd5-57d537838a55@group-09BB870F62A0: ConfigurationManager, init=-1: [2e8c5f4f-ba99-49b1-bcd5-57d537838a55:192.168.30.13:41803], old=null, confs=<EMPTY_MAP>
2019-09-26 10:59:18,042 [pool-27-thread-1] INFO  server.RaftServerConfigKeys (ConfUtils.java:logGet(43)) - raft.server.storage.dir = [/workdir/hadoop-ozone/tools/target/test-dir/MiniOzoneClusterImpl-500c1b69-91fd-4a69-8f24-d9dc154afa78/datanode-0/data/ratis] (custom)
2019-09-26 10:59:18,043 [pool-27-thread-1] INFO  storage.RaftStorageDirectory (RaftStorageDirectory.java:analyzeStorage(246)) - The storage directory /workdir/hadoop-ozone/tools/target/test-dir/MiniOzoneClusterImpl-500c1b69-91fd-4a69-8f24-d9dc154afa78/datanode-0/data/ratis/7663d72f-f2ae-41b9-a9d2-09bb870f62a0 does not exist. Creating ...
2019-09-26 10:59:18,057 [pool-27-thread-1] INFO  storage.RaftStorageDirectory (RaftStorageDirectory.java:tryLock(328)) - Lock on /workdir/hadoop-ozone/tools/target/test-dir/MiniOzoneClusterImpl-500c1b69-91fd-4a69-8f24-d9dc154afa78/datanode-0/data/ratis/7663d72f-f2ae-41b9-a9d2-09bb870f62a0/in_use.lock acquired by nodename 12288@pr-hdds-1569-wvzgm-824869521
2019-09-26 10:59:18,070 [pool-27-thread-1] INFO  storage.RaftStorage (RaftStorage.java:format(72)) - Storage directory /workdir/hadoop-ozone/tools/target/test-dir/MiniOzoneClusterImpl-500c1b69-91fd-4a69-8f24-d9dc154afa78/datanode-0/data/ratis/7663d72f-f2ae-41b9-a9d2-09bb870f62a0 has been successfully formatted.
2019-09-26 10:59:18,071 [pool-27-thread-1] INFO  ratis.ContainerStateMachine (ContainerStateMachine.java:loadSnapshot(230)) - group-09BB870F62A0: The snapshot info is null. Setting the last applied indexto:(t:0, i:~)
2019-09-26 10:59:18,071 [pool-27-thread-1] INFO  server.RaftServerConfigKeys (ConfUtils.java:logGet(43)) - raft.server.notification.no-leader.timeout = 120s (custom)
2019-09-26 10:59:18,071 [pool-27-thread-1] INFO  server.RaftServerConfigKeys (ConfUtils.java:logGet(43)) - raft.server.log.use.memory = false (default)
2019-09-26 10:59:18,071 [pool-27-thread-1] INFO  server.RaftServerConfigKeys (ConfUtils.java:logGet(43)) - raft.server.log.purge.gap = 1000000 (custom)
2019-09-26 10:59:18,072 [pool-27-thread-1] INFO  server.RaftServerConfigKeys (ConfUtils.java:logGet(43)) - raft.server.log.appender.buffer.byte-limit = 33554432 (custom)
2019-09-26 10:59:18,072 [pool-27-thread-1] INFO  server.RaftServerConfigKeys (ConfUtils.java:logGet(43)) - raft.server.log.segment.size.max = 1048576 (custom)
2019-09-26 10:59:18,072 [pool-27-thread-1] INFO  server.RaftServerConfigKeys (ConfUtils.java:logGet(43)) - raft.server.log.segment.cache.num.max = 2 (custom)
2019-09-26 10:59:18,072 [pool-27-thread-1] INFO  segmented.SegmentedRaftLogWorker (SegmentedRaftLogWorker.java:<init>(172)) - new 2e8c5f4f-ba99-49b1-bcd5-57d537838a55@group-09BB870F62A0-SegmentedRaftLogWorker for RaftStorage:Storage Directory /workdir/hadoop-ozone/tools/target/test-dir/MiniOzoneClusterImpl-500c1b69-91fd-4a69-8f24-d9dc154afa78/datanode-0/data/ratis/7663d72f-f2ae-41b9-a9d2-09bb870f62a0
2019-09-26 10:59:18,072 [pool-27-thread-1] INFO  server.RaftServerConfigKeys (ConfUtils.java:logGet(43)) - raft.server.log.queue.byte-limit = 2147483647 (custom)
2019-09-26 10:59:18,073 [pool-27-thread-1] INFO  server.RaftServerConfigKeys (ConfUtils.java:logGet(43)) - raft.server.log.queue.element-limit = 1024 (custom)
2019-09-26 10:59:18,074 [pool-27-thread-1] INFO  server.RaftServerConfigKeys (ConfUtils.java:logGet(43)) - raft.server.log.segment.size.max = 1048576 (custom)
2019-09-26 10:59:18,074 [pool-27-thread-1] INFO  server.RaftServerConfigKeys (ConfUtils.java:logGet(43)) - raft.server.log.preallocated.size = 16384 (custom)
2019-09-26 10:59:18,075 [pool-27-thread-1] INFO  server.RaftServerConfigKeys (ConfUtils.java:logGet(43)) - raft.server.log.write.buffer.size = 33554432 (custom)
2019-09-26 10:59:18,075 [pool-27-thread-1] INFO  server.RaftServerConfigKeys (ConfUtils.java:logGet(43)) - raft.server.log.force.sync.num = 128 (default)
2019-09-26 10:59:18,075 [pool-27-thread-1] INFO  server.RaftServerConfigKeys (ConfUtils.java:logGet(43)) - raft.server.log.statemachine.data.sync = true (default)
2019-09-26 10:59:18,075 [pool-27-thread-1] INFO  server.RaftServerConfigKeys (ConfUtils.java:logGet(43)) - raft.server.log.statemachine.data.sync.timeout = 10s (default)
2019-09-26 10:59:18,075 [pool-27-thread-1] INFO  server.RaftServerConfigKeys (ConfUtils.java:logGet(43)) - raft.server.log.statemachine.data.sync.timeout.retry = -1 (default)
2019-09-26 10:59:18,076 [pool-27-thread-1] INFO  server.RaftServerConfigKeys (ConfUtils.java:logGet(43)) - raft.server.log.statemachine.data.caching.enabled = true (custom)
2019-09-26 10:59:18,076 [pool-27-thread-1] INFO  segmented.SegmentedRaftLogWorker (SegmentedRaftLogWorker.java:lambda$new$0(132)) - 2e8c5f4f-ba99-49b1-bcd5-57d537838a55@group-09BB870F62A0-SegmentedRaftLogWorker: flushIndex: setUnconditionally 0 -> -1
2019-09-26 10:59:18,077 [pool-27-thread-1] INFO  server.RaftServerConfigKeys (ConfUtils.java:logGet(43)) - raft.server.snapshot.auto.trigger.enabled = true (custom)
2019-09-26 10:59:18,077 [pool-27-thread-1] INFO  server.RaftServerConfigKeys (ConfUtils.java:logGet(43)) - raft.server.snapshot.auto.trigger.threshold = 10000 (custom)
2019-09-26 10:59:18,077 [pool-27-thread-1] INFO  server.RaftServerConfigKeys (ConfUtils.java:logGet(43)) - raft.server.snapshot.retention.num.files = 5 (custom)
2019-09-26 10:59:18,078 [pool-27-thread-1] INFO  server.RaftServerConfigKeys (ConfUtils.java:logGet(43)) - raft.server.retrycache.expirytime = 600000ms (custom)
2019-09-26 10:59:18,081 [pool-27-thread-1] INFO  impl.RaftServerImpl (RaftServerImpl.java:start(185)) - 2e8c5f4f-ba99-49b1-bcd5-57d537838a55@group-09BB870F62A0: start as a follower, conf=-1: [2e8c5f4f-ba99-49b1-bcd5-57d537838a55:192.168.30.13:41803], old=null
2019-09-26 10:59:18,081 [pool-27-thread-1] INFO  impl.RaftServerImpl (RaftServerImpl.java:setRole(174)) - 2e8c5f4f-ba99-49b1-bcd5-57d537838a55@group-09BB870F62A0: changes role from      null to FOLLOWER at term 0 for startAsFollower
2019-09-26 10:59:18,082 [pool-27-thread-1] INFO  impl.RoleInfo (RoleInfo.java:updateAndGet(143)) - 2e8c5f4f-ba99-49b1-bcd5-57d537838a55: start FollowerState
2019-09-26 10:59:18,082 [pool-27-thread-1] INFO  util.JmxRegister (JmxRegister.java:tryRegister(44)) - Successfully registered JMX Bean with object name Ratis:service=RaftServer,group=group-09BB870F62A0,id=2e8c5f4f-ba99-49b1-bcd5-57d537838a55
2019-09-26 10:59:18,087 [RatisPipelineUtilsThread] INFO  pipeline.PipelineStateManager (PipelineStateManager.java:addPipeline(56)) - Created pipeline Pipeline[ Id: 7663d72f-f2ae-41b9-a9d2-09bb870f62a0, Nodes: 2e8c5f4f-ba99-49b1-bcd5-57d537838a55{ip: 192.168.30.13, host: pr-hdds-1569-wvzgm-824869521, networkLocation: /default-rack, certSerialId: null}, Type:RATIS, Factor:ONE, State:OPEN]
2019-09-26 10:59:18,097 [grpc-default-executor-0] INFO  impl.RaftServerProxy (RaftServerProxy.java:addNew(89)) - cf629036-ace7-4ca9-94d6-fc8cc18310da: addNew group-39E9929E7837:[cf629036-ace7-4ca9-94d6-fc8cc18310da:192.168.30.13:46232] returns group-39E9929E7837:java.util.concurrent.CompletableFuture@19269a05[Not completed]
2019-09-26 10:59:18,099 [pool-57-thread-1] INFO  impl.RaftServerImpl (RaftServerImpl.java:<init>(95)) - cf629036-ace7-4ca9-94d6-fc8cc18310da: new RaftServerImpl for group-39E9929E7837:[cf629036-ace7-4ca9-94d6-fc8cc18310da:192.168.30.13:46232] with ContainerStateMachine:uninitialized
2019-09-26 10:59:18,100 [pool-57-thread-1] INFO  server.RaftServerConfigKeys (ConfUtils.java:logGet(43)) - raft.server.rpc.timeout.min = 5s (custom)
2019-09-26 10:59:18,100 [pool-57-thread-1] INFO  server.RaftServerConfigKeys (ConfUtils.java:logGet(43)) - raft.server.rpc.timeout.max = 5200ms (custom)
2019-09-26 10:59:18,100 [pool-57-thread-1] INFO  server.RaftServerConfigKeys (ConfUtils.java:logGet(43)) - raft.server.rpcslowness.timeout = 120s (custom)
2019-09-26 10:59:18,100 [pool-57-thread-1] INFO  server.RaftServerConfigKeys (ConfUtils.java:logGet(43)) - raft.server.sleep.deviation.threshold = 300 (default)
2019-09-26 10:59:18,101 [pool-57-thread-1] INFO  server.RaftServerConfigKeys (ConfUtils.java:logGet(43)) - raft.server.log.appender.install.snapshot.enabled = false (custom)
2019-09-26 10:59:18,101 [pool-57-thread-1] INFO  impl.RaftServerImpl (ServerState.java:<init>(103)) - cf629036-ace7-4ca9-94d6-fc8cc18310da@group-39E9929E7837: ConfigurationManager, init=-1: [cf629036-ace7-4ca9-94d6-fc8cc18310da:192.168.30.13:46232], old=null, confs=<EMPTY_MAP>
2019-09-26 10:59:18,101 [pool-57-thread-1] INFO  server.RaftServerConfigKeys (ConfUtils.java:logGet(43)) - raft.server.storage.dir = [/workdir/hadoop-ozone/tools/target/test-dir/MiniOzoneClusterImpl-500c1b69-91fd-4a69-8f24-d9dc154afa78/datanode-3/data/ratis] (custom)
2019-09-26 10:59:18,102 [pool-57-thread-1] INFO  storage.RaftStorageDirectory (RaftStorageDirectory.java:analyzeStorage(246)) - The storage directory /workdir/hadoop-ozone/tools/target/test-dir/MiniOzoneClusterImpl-500c1b69-91fd-4a69-8f24-d9dc154afa78/datanode-3/data/ratis/9833019d-8513-4d4f-9f50-39e9929e7837 does not exist. Creating ...
2019-09-26 10:59:18,122 [pool-57-thread-1] INFO  storage.RaftStorageDirectory (RaftStorageDirectory.java:tryLock(328)) - Lock on /workdir/hadoop-ozone/tools/target/test-dir/MiniOzoneClusterImpl-500c1b69-91fd-4a69-8f24-d9dc154afa78/datanode-3/data/ratis/9833019d-8513-4d4f-9f50-39e9929e7837/in_use.lock acquired by nodename 12288@pr-hdds-1569-wvzgm-824869521
2019-09-26 10:59:18,136 [pool-57-thread-1] INFO  storage.RaftStorage (RaftStorage.java:format(72)) - Storage directory /workdir/hadoop-ozone/tools/target/test-dir/MiniOzoneClusterImpl-500c1b69-91fd-4a69-8f24-d9dc154afa78/datanode-3/data/ratis/9833019d-8513-4d4f-9f50-39e9929e7837 has been successfully formatted.
2019-09-26 10:59:18,136 [pool-57-thread-1] INFO  ratis.ContainerStateMachine (ContainerStateMachine.java:loadSnapshot(230)) - group-39E9929E7837: The snapshot info is null. Setting the last applied indexto:(t:0, i:~)
2019-09-26 10:59:18,137 [pool-57-thread-1] INFO  server.RaftServerConfigKeys (ConfUtils.java:logGet(43)) - raft.server.notification.no-leader.timeout = 120s (custom)
2019-09-26 10:59:18,137 [pool-57-thread-1] INFO  server.RaftServerConfigKeys (ConfUtils.java:logGet(43)) - raft.server.log.use.memory = false (default)
2019-09-26 10:59:18,137 [pool-57-thread-1] INFO  server.RaftServerConfigKeys (ConfUtils.java:logGet(43)) - raft.server.log.purge.gap = 1000000 (custom)
2019-09-26 10:59:18,137 [pool-57-thread-1] INFO  server.RaftServerConfigKeys (ConfUtils.java:logGet(43)) - raft.server.log.appender.buffer.byte-limit = 33554432 (custom)
2019-09-26 10:59:18,137 [pool-57-thread-1] INFO  server.RaftServerConfigKeys (ConfUtils.java:logGet(43)) - raft.server.log.segment.size.max = 1048576 (custom)
2019-09-26 10:59:18,138 [pool-57-thread-1] INFO  server.RaftServerConfigKeys (ConfUtils.java:logGet(43)) - raft.server.log.segment.cache.num.max = 2 (custom)
2019-09-26 10:59:18,138 [pool-57-thread-1] INFO  segmented.SegmentedRaftLogWorker (SegmentedRaftLogWorker.java:<init>(172)) - new cf629036-ace7-4ca9-94d6-fc8cc18310da@group-39E9929E7837-SegmentedRaftLogWorker for RaftStorage:Storage Directory /workdir/hadoop-ozone/tools/target/test-dir/MiniOzoneClusterImpl-500c1b69-91fd-4a69-8f24-d9dc154afa78/datanode-3/data/ratis/9833019d-8513-4d4f-9f50-39e9929e7837
2019-09-26 10:59:18,138 [pool-57-thread-1] INFO  server.RaftServerConfigKeys (ConfUtils.java:logGet(43)) - raft.server.log.queue.byte-limit = 2147483647 (custom)
2019-09-26 10:59:18,138 [pool-57-thread-1] INFO  server.RaftServerConfigKeys (ConfUtils.java:logGet(43)) - raft.server.log.queue.element-limit = 1024 (custom)
2019-09-26 10:59:18,138 [pool-57-thread-1] INFO  server.RaftServerConfigKeys (ConfUtils.java:logGet(43)) - raft.server.log.segment.size.max = 1048576 (custom)
2019-09-26 10:59:18,139 [pool-57-thread-1] INFO  server.RaftServerConfigKeys (ConfUtils.java:logGet(43)) - raft.server.log.preallocated.size = 16384 (custom)
2019-09-26 10:59:18,139 [pool-57-thread-1] INFO  server.RaftServerConfigKeys (ConfUtils.java:logGet(43)) - raft.server.log.write.buffer.size = 33554432 (custom)
2019-09-26 10:59:18,139 [pool-57-thread-1] INFO  server.RaftServerConfigKeys (ConfUtils.java:logGet(43)) - raft.server.log.force.sync.num = 128 (default)
2019-09-26 10:59:18,139 [pool-57-thread-1] INFO  server.RaftServerConfigKeys (ConfUtils.java:logGet(43)) - raft.server.log.statemachine.data.sync = true (default)
2019-09-26 10:59:18,139 [pool-57-thread-1] INFO  server.RaftServerConfigKeys (ConfUtils.java:logGet(43)) - raft.server.log.statemachine.data.sync.timeout = 10s (default)
2019-09-26 10:59:18,140 [pool-57-thread-1] INFO  server.RaftServerConfigKeys (ConfUtils.java:logGet(43)) - raft.server.log.statemachine.data.sync.timeout.retry = -1 (default)
2019-09-26 10:59:18,140 [pool-57-thread-1] INFO  server.RaftServerConfigKeys (ConfUtils.java:logGet(43)) - raft.server.log.statemachine.data.caching.enabled = true (custom)
2019-09-26 10:59:18,140 [pool-57-thread-1] INFO  segmented.SegmentedRaftLogWorker (SegmentedRaftLogWorker.java:lambda$new$0(132)) - cf629036-ace7-4ca9-94d6-fc8cc18310da@group-39E9929E7837-SegmentedRaftLogWorker: flushIndex: setUnconditionally 0 -> -1
2019-09-26 10:59:18,141 [pool-57-thread-1] INFO  server.RaftServerConfigKeys (ConfUtils.java:logGet(43)) - raft.server.snapshot.auto.trigger.enabled = true (custom)
2019-09-26 10:59:18,141 [pool-57-thread-1] INFO  server.RaftServerConfigKeys (ConfUtils.java:logGet(43)) - raft.server.snapshot.auto.trigger.threshold = 10000 (custom)
2019-09-26 10:59:18,141 [pool-57-thread-1] INFO  server.RaftServerConfigKeys (ConfUtils.java:logGet(43)) - raft.server.snapshot.retention.num.files = 5 (custom)
2019-09-26 10:59:18,143 [pool-57-thread-1] INFO  server.RaftServerConfigKeys (ConfUtils.java:logGet(43)) - raft.server.retrycache.expirytime = 600000ms (custom)
2019-09-26 10:59:18,144 [IPC Server handler 19 on 44791] INFO  volume.OMVolumeCreateRequest (OMVolumeCreateRequest.java:validateAndUpdateCache(189)) - created volume:vol-0-11289 for user:jenkins1000
2019-09-26 10:59:18,147 [pool-57-thread-1] INFO  impl.RaftServerImpl (RaftServerImpl.java:start(185)) - cf629036-ace7-4ca9-94d6-fc8cc18310da@group-39E9929E7837: start as a follower, conf=-1: [cf629036-ace7-4ca9-94d6-fc8cc18310da:192.168.30.13:46232], old=null
2019-09-26 10:59:18,147 [pool-57-thread-1] INFO  impl.RaftServerImpl (RaftServerImpl.java:setRole(174)) - cf629036-ace7-4ca9-94d6-fc8cc18310da@group-39E9929E7837: changes role from      null to FOLLOWER at term 0 for startAsFollower
2019-09-26 10:59:18,147 [pool-57-thread-1] INFO  impl.RoleInfo (RoleInfo.java:updateAndGet(143)) - cf629036-ace7-4ca9-94d6-fc8cc18310da: start FollowerState
2019-09-26 10:59:18,148 [pool-57-thread-1] INFO  util.JmxRegister (JmxRegister.java:tryRegister(44)) - Successfully registered JMX Bean with object name Ratis:service=RaftServer,group=group-39E9929E7837,id=cf629036-ace7-4ca9-94d6-fc8cc18310da
2019-09-26 10:59:18,154 [RatisPipelineUtilsThread] INFO  pipeline.PipelineStateManager (PipelineStateManager.java:addPipeline(56)) - Created pipeline Pipeline[ Id: 9833019d-8513-4d4f-9f50-39e9929e7837, Nodes: cf629036-ace7-4ca9-94d6-fc8cc18310da{ip: 192.168.30.13, host: pr-hdds-1569-wvzgm-824869521, networkLocation: /default-rack, certSerialId: null}, Type:RATIS, Factor:ONE, State:OPEN]
2019-09-26 10:59:18,170 [grpc-default-executor-0] INFO  impl.RaftServerProxy (RaftServerProxy.java:addNew(89)) - c38bca17-ec4a-4641-8fc4-32bb8247f11f: addNew group-693C11D4E22F:[c38bca17-ec4a-4641-8fc4-32bb8247f11f:192.168.30.13:39970] returns group-693C11D4E22F:java.util.concurrent.CompletableFuture@6b4f805[Not completed]
2019-09-26 10:59:18,172 [pool-37-thread-1] INFO  impl.RaftServerImpl (RaftServerImpl.java:<init>(95)) - c38bca17-ec4a-4641-8fc4-32bb8247f11f: new RaftServerImpl for group-693C11D4E22F:[c38bca17-ec4a-4641-8fc4-32bb8247f11f:192.168.30.13:39970] with ContainerStateMachine:uninitialized
2019-09-26 10:59:18,172 [pool-37-thread-1] INFO  server.RaftServerConfigKeys (ConfUtils.java:logGet(43)) - raft.server.rpc.timeout.min = 5s (custom)
2019-09-26 10:59:18,172 [pool-37-thread-1] INFO  server.RaftServerConfigKeys (ConfUtils.java:logGet(43)) - raft.server.rpc.timeout.max = 5200ms (custom)
2019-09-26 10:59:18,172 [pool-37-thread-1] INFO  server.RaftServerConfigKeys (ConfUtils.java:logGet(43)) - raft.server.rpcslowness.timeout = 120s (custom)
2019-09-26 10:59:18,172 [pool-37-thread-1] INFO  server.RaftServerConfigKeys (ConfUtils.java:logGet(43)) - raft.server.sleep.deviation.threshold = 300 (default)
2019-09-26 10:59:18,172 [pool-37-thread-1] INFO  server.RaftServerConfigKeys (ConfUtils.java:logGet(43)) - raft.server.log.appender.install.snapshot.enabled = false (custom)
2019-09-26 10:59:18,172 [pool-37-thread-1] INFO  impl.RaftServerImpl (ServerState.java:<init>(103)) - c38bca17-ec4a-4641-8fc4-32bb8247f11f@group-693C11D4E22F: ConfigurationManager, init=-1: [c38bca17-ec4a-4641-8fc4-32bb8247f11f:192.168.30.13:39970], old=null, confs=<EMPTY_MAP>
2019-09-26 10:59:18,173 [pool-37-thread-1] INFO  server.RaftServerConfigKeys (ConfUtils.java:logGet(43)) - raft.server.storage.dir = [/workdir/hadoop-ozone/tools/target/test-dir/MiniOzoneClusterImpl-500c1b69-91fd-4a69-8f24-d9dc154afa78/datanode-1/data/ratis] (custom)
2019-09-26 10:59:18,175 [pool-37-thread-1] INFO  storage.RaftStorageDirectory (RaftStorageDirectory.java:analyzeStorage(246)) - The storage directory /workdir/hadoop-ozone/tools/target/test-dir/MiniOzoneClusterImpl-500c1b69-91fd-4a69-8f24-d9dc154afa78/datanode-1/data/ratis/671ac181-28fb-40ef-80f2-693c11d4e22f does not exist. Creating ...
2019-09-26 10:59:18,182 [pool-73-thread-2] INFO  rpc.RpcClient (RpcClient.java:createBucket(415)) - Creating Bucket: vol-0-11289/bucket-0-31878, with Versioning false and Storage Type set to DISK and Encryption set to false 
2019-09-26 10:59:18,202 [pool-37-thread-1] INFO  storage.RaftStorageDirectory (RaftStorageDirectory.java:tryLock(328)) - Lock on /workdir/hadoop-ozone/tools/target/test-dir/MiniOzoneClusterImpl-500c1b69-91fd-4a69-8f24-d9dc154afa78/datanode-1/data/ratis/671ac181-28fb-40ef-80f2-693c11d4e22f/in_use.lock acquired by nodename 12288@pr-hdds-1569-wvzgm-824869521
2019-09-26 10:59:18,575 [pool-37-thread-1] INFO  storage.RaftStorage (RaftStorage.java:format(72)) - Storage directory /workdir/hadoop-ozone/tools/target/test-dir/MiniOzoneClusterImpl-500c1b69-91fd-4a69-8f24-d9dc154afa78/datanode-1/data/ratis/671ac181-28fb-40ef-80f2-693c11d4e22f has been successfully formatted.
2019-09-26 10:59:18,580 [pool-37-thread-1] INFO  ratis.ContainerStateMachine (ContainerStateMachine.java:loadSnapshot(230)) - group-693C11D4E22F: The snapshot info is null. Setting the last applied indexto:(t:0, i:~)
2019-09-26 10:59:18,581 [pool-37-thread-1] INFO  server.RaftServerConfigKeys (ConfUtils.java:logGet(43)) - raft.server.notification.no-leader.timeout = 120s (custom)
2019-09-26 10:59:18,581 [pool-37-thread-1] INFO  server.RaftServerConfigKeys (ConfUtils.java:logGet(43)) - raft.server.log.use.memory = false (default)
2019-09-26 10:59:18,581 [pool-37-thread-1] INFO  server.RaftServerConfigKeys (ConfUtils.java:logGet(43)) - raft.server.log.purge.gap = 1000000 (custom)
2019-09-26 10:59:18,581 [pool-37-thread-1] INFO  server.RaftServerConfigKeys (ConfUtils.java:logGet(43)) - raft.server.log.appender.buffer.byte-limit = 33554432 (custom)
2019-09-26 10:59:18,582 [pool-37-thread-1] INFO  server.RaftServerConfigKeys (ConfUtils.java:logGet(43)) - raft.server.log.segment.size.max = 1048576 (custom)
2019-09-26 10:59:18,582 [pool-37-thread-1] INFO  server.RaftServerConfigKeys (ConfUtils.java:logGet(43)) - raft.server.log.segment.cache.num.max = 2 (custom)
2019-09-26 10:59:18,582 [pool-37-thread-1] INFO  segmented.SegmentedRaftLogWorker (SegmentedRaftLogWorker.java:<init>(172)) - new c38bca17-ec4a-4641-8fc4-32bb8247f11f@group-693C11D4E22F-SegmentedRaftLogWorker for RaftStorage:Storage Directory /workdir/hadoop-ozone/tools/target/test-dir/MiniOzoneClusterImpl-500c1b69-91fd-4a69-8f24-d9dc154afa78/datanode-1/data/ratis/671ac181-28fb-40ef-80f2-693c11d4e22f
2019-09-26 10:59:18,586 [pool-37-thread-1] INFO  server.RaftServerConfigKeys (ConfUtils.java:logGet(43)) - raft.server.log.queue.byte-limit = 2147483647 (custom)
2019-09-26 10:59:18,586 [pool-37-thread-1] INFO  server.RaftServerConfigKeys (ConfUtils.java:logGet(43)) - raft.server.log.queue.element-limit = 1024 (custom)
2019-09-26 10:59:18,588 [pool-37-thread-1] INFO  server.RaftServerConfigKeys (ConfUtils.java:logGet(43)) - raft.server.log.segment.size.max = 1048576 (custom)
2019-09-26 10:59:18,592 [pool-37-thread-1] INFO  server.RaftServerConfigKeys (ConfUtils.java:logGet(43)) - raft.server.log.preallocated.size = 16384 (custom)
2019-09-26 10:59:18,592 [pool-37-thread-1] INFO  server.RaftServerConfigKeys (ConfUtils.java:logGet(43)) - raft.server.log.write.buffer.size = 33554432 (custom)
2019-09-26 10:59:18,592 [pool-37-thread-1] INFO  server.RaftServerConfigKeys (ConfUtils.java:logGet(43)) - raft.server.log.force.sync.num = 128 (default)
2019-09-26 10:59:18,593 [pool-37-thread-1] INFO  server.RaftServerConfigKeys (ConfUtils.java:logGet(43)) - raft.server.log.statemachine.data.sync = true (default)
2019-09-26 10:59:18,593 [pool-37-thread-1] INFO  server.RaftServerConfigKeys (ConfUtils.java:logGet(43)) - raft.server.log.statemachine.data.sync.timeout = 10s (default)
2019-09-26 10:59:18,593 [pool-37-thread-1] INFO  server.RaftServerConfigKeys (ConfUtils.java:logGet(43)) - raft.server.log.statemachine.data.sync.timeout.retry = -1 (default)
2019-09-26 10:59:18,593 [pool-37-thread-1] INFO  server.RaftServerConfigKeys (ConfUtils.java:logGet(43)) - raft.server.log.statemachine.data.caching.enabled = true (custom)
2019-09-26 10:59:18,594 [pool-37-thread-1] INFO  segmented.SegmentedRaftLogWorker (SegmentedRaftLogWorker.java:lambda$new$0(132)) - c38bca17-ec4a-4641-8fc4-32bb8247f11f@group-693C11D4E22F-SegmentedRaftLogWorker: flushIndex: setUnconditionally 0 -> -1
2019-09-26 10:59:18,594 [pool-37-thread-1] INFO  server.RaftServerConfigKeys (ConfUtils.java:logGet(43)) - raft.server.snapshot.auto.trigger.enabled = true (custom)
2019-09-26 10:59:18,595 [pool-37-thread-1] INFO  server.RaftServerConfigKeys (ConfUtils.java:logGet(43)) - raft.server.snapshot.auto.trigger.threshold = 10000 (custom)
2019-09-26 10:59:18,595 [pool-37-thread-1] INFO  server.RaftServerConfigKeys (ConfUtils.java:logGet(43)) - raft.server.snapshot.retention.num.files = 5 (custom)
2019-09-26 10:59:18,595 [pool-37-thread-1] INFO  server.RaftServerConfigKeys (ConfUtils.java:logGet(43)) - raft.server.retrycache.expirytime = 600000ms (custom)
2019-09-26 10:59:18,599 [pool-37-thread-1] INFO  impl.RaftServerImpl (RaftServerImpl.java:start(185)) - c38bca17-ec4a-4641-8fc4-32bb8247f11f@group-693C11D4E22F: start as a follower, conf=-1: [c38bca17-ec4a-4641-8fc4-32bb8247f11f:192.168.30.13:39970], old=null
2019-09-26 10:59:18,599 [pool-37-thread-1] INFO  impl.RaftServerImpl (RaftServerImpl.java:setRole(174)) - c38bca17-ec4a-4641-8fc4-32bb8247f11f@group-693C11D4E22F: changes role from      null to FOLLOWER at term 0 for startAsFollower
2019-09-26 10:59:18,599 [pool-37-thread-1] INFO  impl.RoleInfo (RoleInfo.java:updateAndGet(143)) - c38bca17-ec4a-4641-8fc4-32bb8247f11f: start FollowerState
2019-09-26 10:59:18,600 [pool-37-thread-1] INFO  util.JmxRegister (JmxRegister.java:tryRegister(44)) - Successfully registered JMX Bean with object name Ratis:service=RaftServer,group=group-693C11D4E22F,id=c38bca17-ec4a-4641-8fc4-32bb8247f11f
2019-09-26 10:59:18,623 [RatisPipelineUtilsThread] INFO  pipeline.PipelineStateManager (PipelineStateManager.java:addPipeline(56)) - Created pipeline Pipeline[ Id: 671ac181-28fb-40ef-80f2-693c11d4e22f, Nodes: c38bca17-ec4a-4641-8fc4-32bb8247f11f{ip: 192.168.30.13, host: pr-hdds-1569-wvzgm-824869521, networkLocation: /default-rack, certSerialId: null}, Type:RATIS, Factor:ONE, State:OPEN]
2019-09-26 10:59:18,634 [grpc-default-executor-0] INFO  impl.RaftServerProxy (RaftServerProxy.java:addNew(89)) - 91fb8321-54d9-4a64-90be-ab1c2b6fea7b: addNew group-B65DC5546BDB:[91fb8321-54d9-4a64-90be-ab1c2b6fea7b:192.168.30.13:42819] returns group-B65DC5546BDB:java.util.concurrent.CompletableFuture@6a736c8c[Not completed]
2019-09-26 10:59:18,636 [pool-67-thread-1] INFO  impl.RaftServerImpl (RaftServerImpl.java:<init>(95)) - 91fb8321-54d9-4a64-90be-ab1c2b6fea7b: new RaftServerImpl for group-B65DC5546BDB:[91fb8321-54d9-4a64-90be-ab1c2b6fea7b:192.168.30.13:42819] with ContainerStateMachine:uninitialized
2019-09-26 10:59:18,636 [pool-67-thread-1] INFO  server.RaftServerConfigKeys (ConfUtils.java:logGet(43)) - raft.server.rpc.timeout.min = 5s (custom)
2019-09-26 10:59:18,636 [pool-67-thread-1] INFO  server.RaftServerConfigKeys (ConfUtils.java:logGet(43)) - raft.server.rpc.timeout.max = 5200ms (custom)
2019-09-26 10:59:18,637 [pool-67-thread-1] INFO  server.RaftServerConfigKeys (ConfUtils.java:logGet(43)) - raft.server.rpcslowness.timeout = 120s (custom)
2019-09-26 10:59:18,637 [pool-67-thread-1] INFO  server.RaftServerConfigKeys (ConfUtils.java:logGet(43)) - raft.server.sleep.deviation.threshold = 300 (default)
2019-09-26 10:59:18,637 [pool-67-thread-1] INFO  server.RaftServerConfigKeys (ConfUtils.java:logGet(43)) - raft.server.log.appender.install.snapshot.enabled = false (custom)
2019-09-26 10:59:18,637 [pool-67-thread-1] INFO  impl.RaftServerImpl (ServerState.java:<init>(103)) - 91fb8321-54d9-4a64-90be-ab1c2b6fea7b@group-B65DC5546BDB: ConfigurationManager, init=-1: [91fb8321-54d9-4a64-90be-ab1c2b6fea7b:192.168.30.13:42819], old=null, confs=<EMPTY_MAP>
2019-09-26 10:59:18,637 [pool-67-thread-1] INFO  server.RaftServerConfigKeys (ConfUtils.java:logGet(43)) - raft.server.storage.dir = [/workdir/hadoop-ozone/tools/target/test-dir/MiniOzoneClusterImpl-500c1b69-91fd-4a69-8f24-d9dc154afa78/datanode-4/data/ratis] (custom)
2019-09-26 10:59:18,638 [pool-67-thread-1] INFO  storage.RaftStorageDirectory (RaftStorageDirectory.java:analyzeStorage(246)) - The storage directory /workdir/hadoop-ozone/tools/target/test-dir/MiniOzoneClusterImpl-500c1b69-91fd-4a69-8f24-d9dc154afa78/datanode-4/data/ratis/8c9471a9-7621-4bd4-9c09-b65dc5546bdb does not exist. Creating ...
2019-09-26 10:59:18,662 [pool-67-thread-1] INFO  storage.RaftStorageDirectory (RaftStorageDirectory.java:tryLock(328)) - Lock on /workdir/hadoop-ozone/tools/target/test-dir/MiniOzoneClusterImpl-500c1b69-91fd-4a69-8f24-d9dc154afa78/datanode-4/data/ratis/8c9471a9-7621-4bd4-9c09-b65dc5546bdb/in_use.lock acquired by nodename 12288@pr-hdds-1569-wvzgm-824869521
2019-09-26 10:59:18,677 [pool-67-thread-1] INFO  storage.RaftStorage (RaftStorage.java:format(72)) - Storage directory /workdir/hadoop-ozone/tools/target/test-dir/MiniOzoneClusterImpl-500c1b69-91fd-4a69-8f24-d9dc154afa78/datanode-4/data/ratis/8c9471a9-7621-4bd4-9c09-b65dc5546bdb has been successfully formatted.
2019-09-26 10:59:18,678 [pool-67-thread-1] INFO  ratis.ContainerStateMachine (ContainerStateMachine.java:loadSnapshot(230)) - group-B65DC5546BDB: The snapshot info is null. Setting the last applied indexto:(t:0, i:~)
2019-09-26 10:59:18,678 [pool-67-thread-1] INFO  server.RaftServerConfigKeys (ConfUtils.java:logGet(43)) - raft.server.notification.no-leader.timeout = 120s (custom)
2019-09-26 10:59:18,678 [pool-67-thread-1] INFO  server.RaftServerConfigKeys (ConfUtils.java:logGet(43)) - raft.server.log.use.memory = false (default)
2019-09-26 10:59:18,678 [pool-67-thread-1] INFO  server.RaftServerConfigKeys (ConfUtils.java:logGet(43)) - raft.server.log.purge.gap = 1000000 (custom)
2019-09-26 10:59:18,679 [pool-67-thread-1] INFO  server.RaftServerConfigKeys (ConfUtils.java:logGet(43)) - raft.server.log.appender.buffer.byte-limit = 33554432 (custom)
2019-09-26 10:59:18,679 [pool-67-thread-1] INFO  server.RaftServerConfigKeys (ConfUtils.java:logGet(43)) - raft.server.log.segment.size.max = 1048576 (custom)
2019-09-26 10:59:18,679 [pool-67-thread-1] INFO  server.RaftServerConfigKeys (ConfUtils.java:logGet(43)) - raft.server.log.segment.cache.num.max = 2 (custom)
2019-09-26 10:59:18,679 [pool-67-thread-1] INFO  segmented.SegmentedRaftLogWorker (SegmentedRaftLogWorker.java:<init>(172)) - new 91fb8321-54d9-4a64-90be-ab1c2b6fea7b@group-B65DC5546BDB-SegmentedRaftLogWorker for RaftStorage:Storage Directory /workdir/hadoop-ozone/tools/target/test-dir/MiniOzoneClusterImpl-500c1b69-91fd-4a69-8f24-d9dc154afa78/datanode-4/data/ratis/8c9471a9-7621-4bd4-9c09-b65dc5546bdb
2019-09-26 10:59:18,679 [pool-67-thread-1] INFO  server.RaftServerConfigKeys (ConfUtils.java:logGet(43)) - raft.server.log.queue.byte-limit = 2147483647 (custom)
2019-09-26 10:59:18,680 [pool-67-thread-1] INFO  server.RaftServerConfigKeys (ConfUtils.java:logGet(43)) - raft.server.log.queue.element-limit = 1024 (custom)
2019-09-26 10:59:18,680 [pool-67-thread-1] INFO  server.RaftServerConfigKeys (ConfUtils.java:logGet(43)) - raft.server.log.segment.size.max = 1048576 (custom)
2019-09-26 10:59:18,680 [pool-67-thread-1] INFO  server.RaftServerConfigKeys (ConfUtils.java:logGet(43)) - raft.server.log.preallocated.size = 16384 (custom)
2019-09-26 10:59:18,680 [pool-67-thread-1] INFO  server.RaftServerConfigKeys (ConfUtils.java:logGet(43)) - raft.server.log.write.buffer.size = 33554432 (custom)
2019-09-26 10:59:18,680 [pool-67-thread-1] INFO  server.RaftServerConfigKeys (ConfUtils.java:logGet(43)) - raft.server.log.force.sync.num = 128 (default)
2019-09-26 10:59:18,681 [pool-67-thread-1] INFO  server.RaftServerConfigKeys (ConfUtils.java:logGet(43)) - raft.server.log.statemachine.data.sync = true (default)
2019-09-26 10:59:18,681 [pool-67-thread-1] INFO  server.RaftServerConfigKeys (ConfUtils.java:logGet(43)) - raft.server.log.statemachine.data.sync.timeout = 10s (default)
2019-09-26 10:59:18,681 [pool-67-thread-1] INFO  server.RaftServerConfigKeys (ConfUtils.java:logGet(43)) - raft.server.log.statemachine.data.sync.timeout.retry = -1 (default)
2019-09-26 10:59:18,681 [pool-67-thread-1] INFO  server.RaftServerConfigKeys (ConfUtils.java:logGet(43)) - raft.server.log.statemachine.data.caching.enabled = true (custom)
2019-09-26 10:59:18,682 [pool-67-thread-1] INFO  segmented.SegmentedRaftLogWorker (SegmentedRaftLogWorker.java:lambda$new$0(132)) - 91fb8321-54d9-4a64-90be-ab1c2b6fea7b@group-B65DC5546BDB-SegmentedRaftLogWorker: flushIndex: setUnconditionally 0 -> -1
2019-09-26 10:59:18,682 [pool-67-thread-1] INFO  server.RaftServerConfigKeys (ConfUtils.java:logGet(43)) - raft.server.snapshot.auto.trigger.enabled = true (custom)
2019-09-26 10:59:18,682 [pool-67-thread-1] INFO  server.RaftServerConfigKeys (ConfUtils.java:logGet(43)) - raft.server.snapshot.auto.trigger.threshold = 10000 (custom)
2019-09-26 10:59:18,683 [pool-67-thread-1] INFO  server.RaftServerConfigKeys (ConfUtils.java:logGet(43)) - raft.server.snapshot.retention.num.files = 5 (custom)
2019-09-26 10:59:18,683 [pool-67-thread-1] INFO  server.RaftServerConfigKeys (ConfUtils.java:logGet(43)) - raft.server.retrycache.expirytime = 600000ms (custom)
2019-09-26 10:59:18,686 [pool-67-thread-1] INFO  impl.RaftServerImpl (RaftServerImpl.java:start(185)) - 91fb8321-54d9-4a64-90be-ab1c2b6fea7b@group-B65DC5546BDB: start as a follower, conf=-1: [91fb8321-54d9-4a64-90be-ab1c2b6fea7b:192.168.30.13:42819], old=null
2019-09-26 10:59:18,687 [pool-67-thread-1] INFO  impl.RaftServerImpl (RaftServerImpl.java:setRole(174)) - 91fb8321-54d9-4a64-90be-ab1c2b6fea7b@group-B65DC5546BDB: changes role from      null to FOLLOWER at term 0 for startAsFollower
2019-09-26 10:59:18,687 [pool-67-thread-1] INFO  impl.RoleInfo (RoleInfo.java:updateAndGet(143)) - 91fb8321-54d9-4a64-90be-ab1c2b6fea7b: start FollowerState
2019-09-26 10:59:18,687 [pool-67-thread-1] INFO  util.JmxRegister (JmxRegister.java:tryRegister(44)) - Successfully registered JMX Bean with object name Ratis:service=RaftServer,group=group-B65DC5546BDB,id=91fb8321-54d9-4a64-90be-ab1c2b6fea7b
2019-09-26 10:59:18,693 [RatisPipelineUtilsThread] INFO  pipeline.PipelineStateManager (PipelineStateManager.java:addPipeline(56)) - Created pipeline Pipeline[ Id: 8c9471a9-7621-4bd4-9c09-b65dc5546bdb, Nodes: 91fb8321-54d9-4a64-90be-ab1c2b6fea7b{ip: 192.168.30.13, host: pr-hdds-1569-wvzgm-824869521, networkLocation: /default-rack, certSerialId: null}, Type:RATIS, Factor:ONE, State:OPEN]
2019-09-26 10:59:18,694 [RatisPipelineUtilsThread] INFO  pipeline.PipelinePlacementPolicy (PipelinePlacementPolicy.java:meetCriteria(91)) - Pipeline Placement: can't place more pipeline on heavy datanode： 91fb8321-54d9-4a64-90be-ab1c2b6fea7b Heaviness: 6 limit: 5
2019-09-26 10:59:18,719 [grpc-default-executor-0] INFO  impl.RaftServerProxy (RaftServerProxy.java:addNew(89)) - 2e8c5f4f-ba99-49b1-bcd5-57d537838a55: addNew group-B9592E57032F:[2e8c5f4f-ba99-49b1-bcd5-57d537838a55:192.168.30.13:41803] returns group-B9592E57032F:java.util.concurrent.CompletableFuture@2c89f29[Not completed]
2019-09-26 10:59:18,721 [pool-27-thread-1] INFO  impl.RaftServerImpl (RaftServerImpl.java:<init>(95)) - 2e8c5f4f-ba99-49b1-bcd5-57d537838a55: new RaftServerImpl for group-B9592E57032F:[2e8c5f4f-ba99-49b1-bcd5-57d537838a55:192.168.30.13:41803] with ContainerStateMachine:uninitialized
2019-09-26 10:59:18,722 [pool-27-thread-1] INFO  server.RaftServerConfigKeys (ConfUtils.java:logGet(43)) - raft.server.rpc.timeout.min = 5s (custom)
2019-09-26 10:59:18,722 [pool-27-thread-1] INFO  server.RaftServerConfigKeys (ConfUtils.java:logGet(43)) - raft.server.rpc.timeout.max = 5200ms (custom)
2019-09-26 10:59:18,722 [pool-27-thread-1] INFO  server.RaftServerConfigKeys (ConfUtils.java:logGet(43)) - raft.server.rpcslowness.timeout = 120s (custom)
2019-09-26 10:59:18,722 [pool-27-thread-1] INFO  server.RaftServerConfigKeys (ConfUtils.java:logGet(43)) - raft.server.sleep.deviation.threshold = 300 (default)
2019-09-26 10:59:18,722 [pool-27-thread-1] INFO  server.RaftServerConfigKeys (ConfUtils.java:logGet(43)) - raft.server.log.appender.install.snapshot.enabled = false (custom)
2019-09-26 10:59:18,723 [pool-27-thread-1] INFO  impl.RaftServerImpl (ServerState.java:<init>(103)) - 2e8c5f4f-ba99-49b1-bcd5-57d537838a55@group-B9592E57032F: ConfigurationManager, init=-1: [2e8c5f4f-ba99-49b1-bcd5-57d537838a55:192.168.30.13:41803], old=null, confs=<EMPTY_MAP>
2019-09-26 10:59:18,723 [pool-27-thread-1] INFO  server.RaftServerConfigKeys (ConfUtils.java:logGet(43)) - raft.server.storage.dir = [/workdir/hadoop-ozone/tools/target/test-dir/MiniOzoneClusterImpl-500c1b69-91fd-4a69-8f24-d9dc154afa78/datanode-0/data/ratis] (custom)
2019-09-26 10:59:18,723 [pool-27-thread-1] INFO  storage.RaftStorageDirectory (RaftStorageDirectory.java:analyzeStorage(246)) - The storage directory /workdir/hadoop-ozone/tools/target/test-dir/MiniOzoneClusterImpl-500c1b69-91fd-4a69-8f24-d9dc154afa78/datanode-0/data/ratis/8cd7aba1-59c1-4973-b4ac-b9592e57032f does not exist. Creating ...
2019-09-26 10:59:18,736 [pool-27-thread-1] INFO  storage.RaftStorageDirectory (RaftStorageDirectory.java:tryLock(328)) - Lock on /workdir/hadoop-ozone/tools/target/test-dir/MiniOzoneClusterImpl-500c1b69-91fd-4a69-8f24-d9dc154afa78/datanode-0/data/ratis/8cd7aba1-59c1-4973-b4ac-b9592e57032f/in_use.lock acquired by nodename 12288@pr-hdds-1569-wvzgm-824869521
2019-09-26 10:59:18,770 [pool-27-thread-1] INFO  storage.RaftStorage (RaftStorage.java:format(72)) - Storage directory /workdir/hadoop-ozone/tools/target/test-dir/MiniOzoneClusterImpl-500c1b69-91fd-4a69-8f24-d9dc154afa78/datanode-0/data/ratis/8cd7aba1-59c1-4973-b4ac-b9592e57032f has been successfully formatted.
2019-09-26 10:59:18,771 [pool-27-thread-1] INFO  ratis.ContainerStateMachine (ContainerStateMachine.java:loadSnapshot(230)) - group-B9592E57032F: The snapshot info is null. Setting the last applied indexto:(t:0, i:~)
2019-09-26 10:59:18,771 [pool-27-thread-1] INFO  server.RaftServerConfigKeys (ConfUtils.java:logGet(43)) - raft.server.notification.no-leader.timeout = 120s (custom)
2019-09-26 10:59:18,771 [pool-27-thread-1] INFO  server.RaftServerConfigKeys (ConfUtils.java:logGet(43)) - raft.server.log.use.memory = false (default)
2019-09-26 10:59:18,771 [pool-27-thread-1] INFO  server.RaftServerConfigKeys (ConfUtils.java:logGet(43)) - raft.server.log.purge.gap = 1000000 (custom)
2019-09-26 10:59:18,772 [pool-27-thread-1] INFO  server.RaftServerConfigKeys (ConfUtils.java:logGet(43)) - raft.server.log.appender.buffer.byte-limit = 33554432 (custom)
2019-09-26 10:59:18,772 [pool-27-thread-1] INFO  server.RaftServerConfigKeys (ConfUtils.java:logGet(43)) - raft.server.log.segment.size.max = 1048576 (custom)
2019-09-26 10:59:18,772 [pool-27-thread-1] INFO  server.RaftServerConfigKeys (ConfUtils.java:logGet(43)) - raft.server.log.segment.cache.num.max = 2 (custom)
2019-09-26 10:59:18,772 [pool-27-thread-1] INFO  segmented.SegmentedRaftLogWorker (SegmentedRaftLogWorker.java:<init>(172)) - new 2e8c5f4f-ba99-49b1-bcd5-57d537838a55@group-B9592E57032F-SegmentedRaftLogWorker for RaftStorage:Storage Directory /workdir/hadoop-ozone/tools/target/test-dir/MiniOzoneClusterImpl-500c1b69-91fd-4a69-8f24-d9dc154afa78/datanode-0/data/ratis/8cd7aba1-59c1-4973-b4ac-b9592e57032f
2019-09-26 10:59:18,772 [pool-27-thread-1] INFO  server.RaftServerConfigKeys (ConfUtils.java:logGet(43)) - raft.server.log.queue.byte-limit = 2147483647 (custom)
2019-09-26 10:59:18,773 [pool-27-thread-1] INFO  server.RaftServerConfigKeys (ConfUtils.java:logGet(43)) - raft.server.log.queue.element-limit = 1024 (custom)
2019-09-26 10:59:18,773 [pool-27-thread-1] INFO  server.RaftServerConfigKeys (ConfUtils.java:logGet(43)) - raft.server.log.segment.size.max = 1048576 (custom)
2019-09-26 10:59:18,773 [pool-27-thread-1] INFO  server.RaftServerConfigKeys (ConfUtils.java:logGet(43)) - raft.server.log.preallocated.size = 16384 (custom)
2019-09-26 10:59:18,773 [pool-27-thread-1] INFO  server.RaftServerConfigKeys (ConfUtils.java:logGet(43)) - raft.server.log.write.buffer.size = 33554432 (custom)
2019-09-26 10:59:18,773 [pool-27-thread-1] INFO  server.RaftServerConfigKeys (ConfUtils.java:logGet(43)) - raft.server.log.force.sync.num = 128 (default)
2019-09-26 10:59:18,774 [pool-27-thread-1] INFO  server.RaftServerConfigKeys (ConfUtils.java:logGet(43)) - raft.server.log.statemachine.data.sync = true (default)
2019-09-26 10:59:18,774 [pool-27-thread-1] INFO  server.RaftServerConfigKeys (ConfUtils.java:logGet(43)) - raft.server.log.statemachine.data.sync.timeout = 10s (default)
2019-09-26 10:59:18,774 [pool-27-thread-1] INFO  server.RaftServerConfigKeys (ConfUtils.java:logGet(43)) - raft.server.log.statemachine.data.sync.timeout.retry = -1 (default)
2019-09-26 10:59:18,774 [pool-27-thread-1] INFO  server.RaftServerConfigKeys (ConfUtils.java:logGet(43)) - raft.server.log.statemachine.data.caching.enabled = true (custom)
2019-09-26 10:59:18,775 [pool-27-thread-1] INFO  segmented.SegmentedRaftLogWorker (SegmentedRaftLogWorker.java:lambda$new$0(132)) - 2e8c5f4f-ba99-49b1-bcd5-57d537838a55@group-B9592E57032F-SegmentedRaftLogWorker: flushIndex: setUnconditionally 0 -> -1
2019-09-26 10:59:18,775 [pool-27-thread-1] INFO  server.RaftServerConfigKeys (ConfUtils.java:logGet(43)) - raft.server.snapshot.auto.trigger.enabled = true (custom)
2019-09-26 10:59:18,775 [pool-27-thread-1] INFO  server.RaftServerConfigKeys (ConfUtils.java:logGet(43)) - raft.server.snapshot.auto.trigger.threshold = 10000 (custom)
2019-09-26 10:59:18,776 [pool-27-thread-1] INFO  server.RaftServerConfigKeys (ConfUtils.java:logGet(43)) - raft.server.snapshot.retention.num.files = 5 (custom)
2019-09-26 10:59:18,776 [pool-27-thread-1] INFO  server.RaftServerConfigKeys (ConfUtils.java:logGet(43)) - raft.server.retrycache.expirytime = 600000ms (custom)
2019-09-26 10:59:18,783 [pool-27-thread-1] INFO  impl.RaftServerImpl (RaftServerImpl.java:start(185)) - 2e8c5f4f-ba99-49b1-bcd5-57d537838a55@group-B9592E57032F: start as a follower, conf=-1: [2e8c5f4f-ba99-49b1-bcd5-57d537838a55:192.168.30.13:41803], old=null
2019-09-26 10:59:18,783 [pool-27-thread-1] INFO  impl.RaftServerImpl (RaftServerImpl.java:setRole(174)) - 2e8c5f4f-ba99-49b1-bcd5-57d537838a55@group-B9592E57032F: changes role from      null to FOLLOWER at term 0 for startAsFollower
2019-09-26 10:59:18,783 [pool-27-thread-1] INFO  impl.RoleInfo (RoleInfo.java:updateAndGet(143)) - 2e8c5f4f-ba99-49b1-bcd5-57d537838a55: start FollowerState
2019-09-26 10:59:18,790 [pool-27-thread-1] INFO  util.JmxRegister (JmxRegister.java:tryRegister(44)) - Successfully registered JMX Bean with object name Ratis:service=RaftServer,group=group-B9592E57032F,id=2e8c5f4f-ba99-49b1-bcd5-57d537838a55
2019-09-26 10:59:18,806 [RatisPipelineUtilsThread] INFO  pipeline.PipelineStateManager (PipelineStateManager.java:addPipeline(56)) - Created pipeline Pipeline[ Id: 8cd7aba1-59c1-4973-b4ac-b9592e57032f, Nodes: 2e8c5f4f-ba99-49b1-bcd5-57d537838a55{ip: 192.168.30.13, host: pr-hdds-1569-wvzgm-824869521, networkLocation: /default-rack, certSerialId: null}, Type:RATIS, Factor:ONE, State:OPEN]
2019-09-26 10:59:18,806 [RatisPipelineUtilsThread] INFO  pipeline.PipelinePlacementPolicy (PipelinePlacementPolicy.java:meetCriteria(91)) - Pipeline Placement: can't place more pipeline on heavy datanode： 91fb8321-54d9-4a64-90be-ab1c2b6fea7b Heaviness: 6 limit: 5
2019-09-26 10:59:18,818 [grpc-default-executor-0] INFO  impl.RaftServerProxy (RaftServerProxy.java:addNew(89)) - c1a9f1dd-6c0d-41cb-a4f1-f4597ac7f27c: addNew group-DCB792644867:[c1a9f1dd-6c0d-41cb-a4f1-f4597ac7f27c:192.168.30.13:44506] returns group-DCB792644867:java.util.concurrent.CompletableFuture@75867ae2[Not completed]
2019-09-26 10:59:18,820 [pool-47-thread-1] INFO  impl.RaftServerImpl (RaftServerImpl.java:<init>(95)) - c1a9f1dd-6c0d-41cb-a4f1-f4597ac7f27c: new RaftServerImpl for group-DCB792644867:[c1a9f1dd-6c0d-41cb-a4f1-f4597ac7f27c:192.168.30.13:44506] with ContainerStateMachine:uninitialized
2019-09-26 10:59:18,820 [pool-47-thread-1] INFO  server.RaftServerConfigKeys (ConfUtils.java:logGet(43)) - raft.server.rpc.timeout.min = 5s (custom)
2019-09-26 10:59:18,820 [pool-47-thread-1] INFO  server.RaftServerConfigKeys (ConfUtils.java:logGet(43)) - raft.server.rpc.timeout.max = 5200ms (custom)
2019-09-26 10:59:18,820 [pool-47-thread-1] INFO  server.RaftServerConfigKeys (ConfUtils.java:logGet(43)) - raft.server.rpcslowness.timeout = 120s (custom)
2019-09-26 10:59:18,821 [pool-47-thread-1] INFO  server.RaftServerConfigKeys (ConfUtils.java:logGet(43)) - raft.server.sleep.deviation.threshold = 300 (default)
2019-09-26 10:59:18,821 [pool-47-thread-1] INFO  server.RaftServerConfigKeys (ConfUtils.java:logGet(43)) - raft.server.log.appender.install.snapshot.enabled = false (custom)
2019-09-26 10:59:18,821 [pool-47-thread-1] INFO  impl.RaftServerImpl (ServerState.java:<init>(103)) - c1a9f1dd-6c0d-41cb-a4f1-f4597ac7f27c@group-DCB792644867: ConfigurationManager, init=-1: [c1a9f1dd-6c0d-41cb-a4f1-f4597ac7f27c:192.168.30.13:44506], old=null, confs=<EMPTY_MAP>
2019-09-26 10:59:18,821 [pool-47-thread-1] INFO  server.RaftServerConfigKeys (ConfUtils.java:logGet(43)) - raft.server.storage.dir = [/workdir/hadoop-ozone/tools/target/test-dir/MiniOzoneClusterImpl-500c1b69-91fd-4a69-8f24-d9dc154afa78/datanode-2/data/ratis] (custom)
2019-09-26 10:59:18,822 [pool-47-thread-1] INFO  storage.RaftStorageDirectory (RaftStorageDirectory.java:analyzeStorage(246)) - The storage directory /workdir/hadoop-ozone/tools/target/test-dir/MiniOzoneClusterImpl-500c1b69-91fd-4a69-8f24-d9dc154afa78/datanode-2/data/ratis/2c9f9d06-e730-41c8-836a-dcb792644867 does not exist. Creating ...
2019-09-26 10:59:18,843 [pool-47-thread-1] INFO  storage.RaftStorageDirectory (RaftStorageDirectory.java:tryLock(328)) - Lock on /workdir/hadoop-ozone/tools/target/test-dir/MiniOzoneClusterImpl-500c1b69-91fd-4a69-8f24-d9dc154afa78/datanode-2/data/ratis/2c9f9d06-e730-41c8-836a-dcb792644867/in_use.lock acquired by nodename 12288@pr-hdds-1569-wvzgm-824869521
2019-09-26 10:59:18,858 [pool-47-thread-1] INFO  storage.RaftStorage (RaftStorage.java:format(72)) - Storage directory /workdir/hadoop-ozone/tools/target/test-dir/MiniOzoneClusterImpl-500c1b69-91fd-4a69-8f24-d9dc154afa78/datanode-2/data/ratis/2c9f9d06-e730-41c8-836a-dcb792644867 has been successfully formatted.
2019-09-26 10:59:18,859 [pool-47-thread-1] INFO  ratis.ContainerStateMachine (ContainerStateMachine.java:loadSnapshot(230)) - group-DCB792644867: The snapshot info is null. Setting the last applied indexto:(t:0, i:~)
2019-09-26 10:59:18,859 [pool-47-thread-1] INFO  server.RaftServerConfigKeys (ConfUtils.java:logGet(43)) - raft.server.notification.no-leader.timeout = 120s (custom)
2019-09-26 10:59:18,859 [pool-47-thread-1] INFO  server.RaftServerConfigKeys (ConfUtils.java:logGet(43)) - raft.server.log.use.memory = false (default)
2019-09-26 10:59:18,859 [pool-47-thread-1] INFO  server.RaftServerConfigKeys (ConfUtils.java:logGet(43)) - raft.server.log.purge.gap = 1000000 (custom)
2019-09-26 10:59:18,859 [pool-47-thread-1] INFO  server.RaftServerConfigKeys (ConfUtils.java:logGet(43)) - raft.server.log.appender.buffer.byte-limit = 33554432 (custom)
2019-09-26 10:59:18,860 [pool-47-thread-1] INFO  server.RaftServerConfigKeys (ConfUtils.java:logGet(43)) - raft.server.log.segment.size.max = 1048576 (custom)
2019-09-26 10:59:18,860 [pool-47-thread-1] INFO  server.RaftServerConfigKeys (ConfUtils.java:logGet(43)) - raft.server.log.segment.cache.num.max = 2 (custom)
2019-09-26 10:59:18,860 [pool-47-thread-1] INFO  segmented.SegmentedRaftLogWorker (SegmentedRaftLogWorker.java:<init>(172)) - new c1a9f1dd-6c0d-41cb-a4f1-f4597ac7f27c@group-DCB792644867-SegmentedRaftLogWorker for RaftStorage:Storage Directory /workdir/hadoop-ozone/tools/target/test-dir/MiniOzoneClusterImpl-500c1b69-91fd-4a69-8f24-d9dc154afa78/datanode-2/data/ratis/2c9f9d06-e730-41c8-836a-dcb792644867
2019-09-26 10:59:18,860 [pool-47-thread-1] INFO  server.RaftServerConfigKeys (ConfUtils.java:logGet(43)) - raft.server.log.queue.byte-limit = 2147483647 (custom)
2019-09-26 10:59:18,860 [pool-47-thread-1] INFO  server.RaftServerConfigKeys (ConfUtils.java:logGet(43)) - raft.server.log.queue.element-limit = 1024 (custom)
2019-09-26 10:59:18,861 [pool-47-thread-1] INFO  server.RaftServerConfigKeys (ConfUtils.java:logGet(43)) - raft.server.log.segment.size.max = 1048576 (custom)
2019-09-26 10:59:18,861 [pool-47-thread-1] INFO  server.RaftServerConfigKeys (ConfUtils.java:logGet(43)) - raft.server.log.preallocated.size = 16384 (custom)
2019-09-26 10:59:18,861 [pool-47-thread-1] INFO  server.RaftServerConfigKeys (ConfUtils.java:logGet(43)) - raft.server.log.write.buffer.size = 33554432 (custom)
2019-09-26 10:59:18,861 [pool-47-thread-1] INFO  server.RaftServerConfigKeys (ConfUtils.java:logGet(43)) - raft.server.log.force.sync.num = 128 (default)
2019-09-26 10:59:18,861 [pool-47-thread-1] INFO  server.RaftServerConfigKeys (ConfUtils.java:logGet(43)) - raft.server.log.statemachine.data.sync = true (default)
2019-09-26 10:59:18,861 [pool-47-thread-1] INFO  server.RaftServerConfigKeys (ConfUtils.java:logGet(43)) - raft.server.log.statemachine.data.sync.timeout = 10s (default)
2019-09-26 10:59:18,861 [pool-47-thread-1] INFO  server.RaftServerConfigKeys (ConfUtils.java:logGet(43)) - raft.server.log.statemachine.data.sync.timeout.retry = -1 (default)
2019-09-26 10:59:18,862 [pool-47-thread-1] INFO  server.RaftServerConfigKeys (ConfUtils.java:logGet(43)) - raft.server.log.statemachine.data.caching.enabled = true (custom)
2019-09-26 10:59:18,862 [pool-47-thread-1] INFO  segmented.SegmentedRaftLogWorker (SegmentedRaftLogWorker.java:lambda$new$0(132)) - c1a9f1dd-6c0d-41cb-a4f1-f4597ac7f27c@group-DCB792644867-SegmentedRaftLogWorker: flushIndex: setUnconditionally 0 -> -1
2019-09-26 10:59:18,862 [pool-47-thread-1] INFO  server.RaftServerConfigKeys (ConfUtils.java:logGet(43)) - raft.server.snapshot.auto.trigger.enabled = true (custom)
2019-09-26 10:59:18,863 [pool-47-thread-1] INFO  server.RaftServerConfigKeys (ConfUtils.java:logGet(43)) - raft.server.snapshot.auto.trigger.threshold = 10000 (custom)
2019-09-26 10:59:18,863 [pool-47-thread-1] INFO  server.RaftServerConfigKeys (ConfUtils.java:logGet(43)) - raft.server.snapshot.retention.num.files = 5 (custom)
2019-09-26 10:59:18,863 [pool-47-thread-1] INFO  server.RaftServerConfigKeys (ConfUtils.java:logGet(43)) - raft.server.retrycache.expirytime = 600000ms (custom)
2019-09-26 10:59:18,866 [pool-47-thread-1] INFO  impl.RaftServerImpl (RaftServerImpl.java:start(185)) - c1a9f1dd-6c0d-41cb-a4f1-f4597ac7f27c@group-DCB792644867: start as a follower, conf=-1: [c1a9f1dd-6c0d-41cb-a4f1-f4597ac7f27c:192.168.30.13:44506], old=null
2019-09-26 10:59:18,866 [pool-47-thread-1] INFO  impl.RaftServerImpl (RaftServerImpl.java:setRole(174)) - c1a9f1dd-6c0d-41cb-a4f1-f4597ac7f27c@group-DCB792644867: changes role from      null to FOLLOWER at term 0 for startAsFollower
2019-09-26 10:59:18,866 [pool-47-thread-1] INFO  impl.RoleInfo (RoleInfo.java:updateAndGet(143)) - c1a9f1dd-6c0d-41cb-a4f1-f4597ac7f27c: start FollowerState
2019-09-26 10:59:18,866 [pool-47-thread-1] INFO  util.JmxRegister (JmxRegister.java:tryRegister(44)) - Successfully registered JMX Bean with object name Ratis:service=RaftServer,group=group-DCB792644867,id=c1a9f1dd-6c0d-41cb-a4f1-f4597ac7f27c
2019-09-26 10:59:18,872 [RatisPipelineUtilsThread] INFO  pipeline.PipelineStateManager (PipelineStateManager.java:addPipeline(56)) - Created pipeline Pipeline[ Id: 2c9f9d06-e730-41c8-836a-dcb792644867, Nodes: c1a9f1dd-6c0d-41cb-a4f1-f4597ac7f27c{ip: 192.168.30.13, host: pr-hdds-1569-wvzgm-824869521, networkLocation: /default-rack, certSerialId: null}, Type:RATIS, Factor:ONE, State:OPEN]
2019-09-26 10:59:18,872 [RatisPipelineUtilsThread] INFO  pipeline.PipelinePlacementPolicy (PipelinePlacementPolicy.java:meetCriteria(91)) - Pipeline Placement: can't place more pipeline on heavy datanode： 91fb8321-54d9-4a64-90be-ab1c2b6fea7b Heaviness: 6 limit: 5
2019-09-26 10:59:18,882 [grpc-default-executor-0] INFO  impl.RaftServerProxy (RaftServerProxy.java:addNew(89)) - 2e8c5f4f-ba99-49b1-bcd5-57d537838a55: addNew group-989390985ADB:[2e8c5f4f-ba99-49b1-bcd5-57d537838a55:192.168.30.13:41803] returns group-989390985ADB:java.util.concurrent.CompletableFuture@79da2311[Not completed]
2019-09-26 10:59:18,884 [pool-27-thread-1] INFO  impl.RaftServerImpl (RaftServerImpl.java:<init>(95)) - 2e8c5f4f-ba99-49b1-bcd5-57d537838a55: new RaftServerImpl for group-989390985ADB:[2e8c5f4f-ba99-49b1-bcd5-57d537838a55:192.168.30.13:41803] with ContainerStateMachine:uninitialized
2019-09-26 10:59:18,884 [pool-27-thread-1] INFO  server.RaftServerConfigKeys (ConfUtils.java:logGet(43)) - raft.server.rpc.timeout.min = 5s (custom)
2019-09-26 10:59:18,885 [pool-27-thread-1] INFO  server.RaftServerConfigKeys (ConfUtils.java:logGet(43)) - raft.server.rpc.timeout.max = 5200ms (custom)
2019-09-26 10:59:18,885 [pool-27-thread-1] INFO  server.RaftServerConfigKeys (ConfUtils.java:logGet(43)) - raft.server.rpcslowness.timeout = 120s (custom)
2019-09-26 10:59:18,885 [pool-27-thread-1] INFO  server.RaftServerConfigKeys (ConfUtils.java:logGet(43)) - raft.server.sleep.deviation.threshold = 300 (default)
2019-09-26 10:59:18,885 [pool-27-thread-1] INFO  server.RaftServerConfigKeys (ConfUtils.java:logGet(43)) - raft.server.log.appender.install.snapshot.enabled = false (custom)
2019-09-26 10:59:18,885 [pool-27-thread-1] INFO  impl.RaftServerImpl (ServerState.java:<init>(103)) - 2e8c5f4f-ba99-49b1-bcd5-57d537838a55@group-989390985ADB: ConfigurationManager, init=-1: [2e8c5f4f-ba99-49b1-bcd5-57d537838a55:192.168.30.13:41803], old=null, confs=<EMPTY_MAP>
2019-09-26 10:59:18,886 [pool-27-thread-1] INFO  server.RaftServerConfigKeys (ConfUtils.java:logGet(43)) - raft.server.storage.dir = [/workdir/hadoop-ozone/tools/target/test-dir/MiniOzoneClusterImpl-500c1b69-91fd-4a69-8f24-d9dc154afa78/datanode-0/data/ratis] (custom)
2019-09-26 10:59:18,886 [pool-27-thread-1] INFO  storage.RaftStorageDirectory (RaftStorageDirectory.java:analyzeStorage(246)) - The storage directory /workdir/hadoop-ozone/tools/target/test-dir/MiniOzoneClusterImpl-500c1b69-91fd-4a69-8f24-d9dc154afa78/datanode-0/data/ratis/01510d15-5d45-4578-88d0-989390985adb does not exist. Creating ...
2019-09-26 10:59:18,901 [pool-27-thread-1] INFO  storage.RaftStorageDirectory (RaftStorageDirectory.java:tryLock(328)) - Lock on /workdir/hadoop-ozone/tools/target/test-dir/MiniOzoneClusterImpl-500c1b69-91fd-4a69-8f24-d9dc154afa78/datanode-0/data/ratis/01510d15-5d45-4578-88d0-989390985adb/in_use.lock acquired by nodename 12288@pr-hdds-1569-wvzgm-824869521
2019-09-26 10:59:18,914 [pool-27-thread-1] INFO  storage.RaftStorage (RaftStorage.java:format(72)) - Storage directory /workdir/hadoop-ozone/tools/target/test-dir/MiniOzoneClusterImpl-500c1b69-91fd-4a69-8f24-d9dc154afa78/datanode-0/data/ratis/01510d15-5d45-4578-88d0-989390985adb has been successfully formatted.
2019-09-26 10:59:18,914 [pool-27-thread-1] INFO  ratis.ContainerStateMachine (ContainerStateMachine.java:loadSnapshot(230)) - group-989390985ADB: The snapshot info is null. Setting the last applied indexto:(t:0, i:~)
2019-09-26 10:59:18,915 [pool-27-thread-1] INFO  server.RaftServerConfigKeys (ConfUtils.java:logGet(43)) - raft.server.notification.no-leader.timeout = 120s (custom)
2019-09-26 10:59:18,915 [pool-27-thread-1] INFO  server.RaftServerConfigKeys (ConfUtils.java:logGet(43)) - raft.server.log.use.memory = false (default)
2019-09-26 10:59:18,915 [pool-27-thread-1] INFO  server.RaftServerConfigKeys (ConfUtils.java:logGet(43)) - raft.server.log.purge.gap = 1000000 (custom)
2019-09-26 10:59:18,916 [pool-27-thread-1] INFO  server.RaftServerConfigKeys (ConfUtils.java:logGet(43)) - raft.server.log.appender.buffer.byte-limit = 33554432 (custom)
2019-09-26 10:59:18,916 [pool-27-thread-1] INFO  server.RaftServerConfigKeys (ConfUtils.java:logGet(43)) - raft.server.log.segment.size.max = 1048576 (custom)
2019-09-26 10:59:18,916 [pool-27-thread-1] INFO  server.RaftServerConfigKeys (ConfUtils.java:logGet(43)) - raft.server.log.segment.cache.num.max = 2 (custom)
2019-09-26 10:59:18,917 [pool-27-thread-1] INFO  segmented.SegmentedRaftLogWorker (SegmentedRaftLogWorker.java:<init>(172)) - new 2e8c5f4f-ba99-49b1-bcd5-57d537838a55@group-989390985ADB-SegmentedRaftLogWorker for RaftStorage:Storage Directory /workdir/hadoop-ozone/tools/target/test-dir/MiniOzoneClusterImpl-500c1b69-91fd-4a69-8f24-d9dc154afa78/datanode-0/data/ratis/01510d15-5d45-4578-88d0-989390985adb
2019-09-26 10:59:18,917 [Thread-208] INFO  container.ReplicationManager (ReplicationManager.java:start(163)) - Starting Replication Monitor Thread.
2019-09-26 10:59:18,917 [pool-27-thread-1] INFO  server.RaftServerConfigKeys (ConfUtils.java:logGet(43)) - raft.server.log.queue.byte-limit = 2147483647 (custom)
2019-09-26 10:59:18,917 [pool-27-thread-1] INFO  server.RaftServerConfigKeys (ConfUtils.java:logGet(43)) - raft.server.log.queue.element-limit = 1024 (custom)
2019-09-26 10:59:18,918 [pool-27-thread-1] INFO  server.RaftServerConfigKeys (ConfUtils.java:logGet(43)) - raft.server.log.segment.size.max = 1048576 (custom)
2019-09-26 10:59:18,918 [pool-27-thread-1] INFO  server.RaftServerConfigKeys (ConfUtils.java:logGet(43)) - raft.server.log.preallocated.size = 16384 (custom)
2019-09-26 10:59:18,918 [pool-27-thread-1] INFO  server.RaftServerConfigKeys (ConfUtils.java:logGet(43)) - raft.server.log.write.buffer.size = 33554432 (custom)
2019-09-26 10:59:18,918 [pool-27-thread-1] INFO  server.RaftServerConfigKeys (ConfUtils.java:logGet(43)) - raft.server.log.force.sync.num = 128 (default)
2019-09-26 10:59:18,919 [pool-27-thread-1] INFO  server.RaftServerConfigKeys (ConfUtils.java:logGet(43)) - raft.server.log.statemachine.data.sync = true (default)
2019-09-26 10:59:18,919 [pool-27-thread-1] INFO  server.RaftServerConfigKeys (ConfUtils.java:logGet(43)) - raft.server.log.statemachine.data.sync.timeout = 10s (default)
2019-09-26 10:59:18,919 [pool-27-thread-1] INFO  server.RaftServerConfigKeys (ConfUtils.java:logGet(43)) - raft.server.log.statemachine.data.sync.timeout.retry = -1 (default)
2019-09-26 10:59:18,919 [pool-27-thread-1] INFO  server.RaftServerConfigKeys (ConfUtils.java:logGet(43)) - raft.server.log.statemachine.data.caching.enabled = true (custom)
2019-09-26 10:59:18,919 [ReplicationMonitor] INFO  container.ReplicationManager (ReplicationManager.java:run(226)) - Replication Monitor Thread took 1 milliseconds for processing 0 containers.
2019-09-26 10:59:18,920 [pool-27-thread-1] INFO  segmented.SegmentedRaftLogWorker (SegmentedRaftLogWorker.java:lambda$new$0(132)) - 2e8c5f4f-ba99-49b1-bcd5-57d537838a55@group-989390985ADB-SegmentedRaftLogWorker: flushIndex: setUnconditionally 0 -> -1
2019-09-26 10:59:18,920 [pool-27-thread-1] INFO  server.RaftServerConfigKeys (ConfUtils.java:logGet(43)) - raft.server.snapshot.auto.trigger.enabled = true (custom)
2019-09-26 10:59:18,920 [pool-27-thread-1] INFO  server.RaftServerConfigKeys (ConfUtils.java:logGet(43)) - raft.server.snapshot.auto.trigger.threshold = 10000 (custom)
2019-09-26 10:59:18,921 [pool-27-thread-1] INFO  server.RaftServerConfigKeys (ConfUtils.java:logGet(43)) - raft.server.snapshot.retention.num.files = 5 (custom)
2019-09-26 10:59:18,921 [pool-27-thread-1] INFO  server.RaftServerConfigKeys (ConfUtils.java:logGet(43)) - raft.server.retrycache.expirytime = 600000ms (custom)
2019-09-26 10:59:18,924 [pool-27-thread-1] INFO  impl.RaftServerImpl (RaftServerImpl.java:start(185)) - 2e8c5f4f-ba99-49b1-bcd5-57d537838a55@group-989390985ADB: start as a follower, conf=-1: [2e8c5f4f-ba99-49b1-bcd5-57d537838a55:192.168.30.13:41803], old=null
2019-09-26 10:59:18,924 [pool-27-thread-1] INFO  impl.RaftServerImpl (RaftServerImpl.java:setRole(174)) - 2e8c5f4f-ba99-49b1-bcd5-57d537838a55@group-989390985ADB: changes role from      null to FOLLOWER at term 0 for startAsFollower
2019-09-26 10:59:18,924 [pool-27-thread-1] INFO  impl.RoleInfo (RoleInfo.java:updateAndGet(143)) - 2e8c5f4f-ba99-49b1-bcd5-57d537838a55: start FollowerState
2019-09-26 10:59:18,925 [pool-27-thread-1] INFO  util.JmxRegister (JmxRegister.java:tryRegister(44)) - Successfully registered JMX Bean with object name Ratis:service=RaftServer,group=group-989390985ADB,id=2e8c5f4f-ba99-49b1-bcd5-57d537838a55
2019-09-26 10:59:18,930 [RatisPipelineUtilsThread] INFO  pipeline.PipelineStateManager (PipelineStateManager.java:addPipeline(56)) - Created pipeline Pipeline[ Id: 01510d15-5d45-4578-88d0-989390985adb, Nodes: 2e8c5f4f-ba99-49b1-bcd5-57d537838a55{ip: 192.168.30.13, host: pr-hdds-1569-wvzgm-824869521, networkLocation: /default-rack, certSerialId: null}, Type:RATIS, Factor:ONE, State:OPEN]
2019-09-26 10:59:18,931 [RatisPipelineUtilsThread] INFO  pipeline.PipelinePlacementPolicy (PipelinePlacementPolicy.java:meetCriteria(91)) - Pipeline Placement: can't place more pipeline on heavy datanode： 91fb8321-54d9-4a64-90be-ab1c2b6fea7b Heaviness: 6 limit: 5
2019-09-26 10:59:18,931 [RatisPipelineUtilsThread] INFO  pipeline.PipelinePlacementPolicy (PipelinePlacementPolicy.java:meetCriteria(91)) - Pipeline Placement: can't place more pipeline on heavy datanode： 2e8c5f4f-ba99-49b1-bcd5-57d537838a55 Heaviness: 6 limit: 5
2019-09-26 10:59:18,941 [grpc-default-executor-0] INFO  impl.RaftServerProxy (RaftServerProxy.java:addNew(89)) - cf629036-ace7-4ca9-94d6-fc8cc18310da: addNew group-2B4F140FFDB5:[cf629036-ace7-4ca9-94d6-fc8cc18310da:192.168.30.13:46232] returns group-2B4F140FFDB5:java.util.concurrent.CompletableFuture@3825668b[Not completed]
 0.00% |█                                                                                                    |  0/1 Time: 0:00:012019-09-26 10:59:19,151 [pool-57-thread-1] INFO  impl.RaftServerImpl (RaftServerImpl.java:<init>(95)) - cf629036-ace7-4ca9-94d6-fc8cc18310da: new RaftServerImpl for group-2B4F140FFDB5:[cf629036-ace7-4ca9-94d6-fc8cc18310da:192.168.30.13:46232] with ContainerStateMachine:uninitialized
2019-09-26 10:59:19,152 [pool-57-thread-1] INFO  server.RaftServerConfigKeys (ConfUtils.java:logGet(43)) - raft.server.rpc.timeout.min = 5s (custom)
2019-09-26 10:59:19,152 [pool-57-thread-1] INFO  server.RaftServerConfigKeys (ConfUtils.java:logGet(43)) - raft.server.rpc.timeout.max = 5200ms (custom)
2019-09-26 10:59:19,152 [pool-57-thread-1] INFO  server.RaftServerConfigKeys (ConfUtils.java:logGet(43)) - raft.server.rpcslowness.timeout = 120s (custom)
2019-09-26 10:59:19,152 [pool-57-thread-1] INFO  server.RaftServerConfigKeys (ConfUtils.java:logGet(43)) - raft.server.sleep.deviation.threshold = 300 (default)
2019-09-26 10:59:19,152 [pool-57-thread-1] INFO  server.RaftServerConfigKeys (ConfUtils.java:logGet(43)) - raft.server.log.appender.install.snapshot.enabled = false (custom)
2019-09-26 10:59:19,153 [pool-57-thread-1] INFO  impl.RaftServerImpl (ServerState.java:<init>(103)) - cf629036-ace7-4ca9-94d6-fc8cc18310da@group-2B4F140FFDB5: ConfigurationManager, init=-1: [cf629036-ace7-4ca9-94d6-fc8cc18310da:192.168.30.13:46232], old=null, confs=<EMPTY_MAP>
2019-09-26 10:59:19,153 [pool-57-thread-1] INFO  server.RaftServerConfigKeys (ConfUtils.java:logGet(43)) - raft.server.storage.dir = [/workdir/hadoop-ozone/tools/target/test-dir/MiniOzoneClusterImpl-500c1b69-91fd-4a69-8f24-d9dc154afa78/datanode-3/data/ratis] (custom)
2019-09-26 10:59:19,153 [pool-57-thread-1] INFO  storage.RaftStorageDirectory (RaftStorageDirectory.java:analyzeStorage(246)) - The storage directory /workdir/hadoop-ozone/tools/target/test-dir/MiniOzoneClusterImpl-500c1b69-91fd-4a69-8f24-d9dc154afa78/datanode-3/data/ratis/8c21920f-67f0-451e-b2fd-2b4f140ffdb5 does not exist. Creating ...
2019-09-26 10:59:19,178 [pool-57-thread-1] INFO  storage.RaftStorageDirectory (RaftStorageDirectory.java:tryLock(328)) - Lock on /workdir/hadoop-ozone/tools/target/test-dir/MiniOzoneClusterImpl-500c1b69-91fd-4a69-8f24-d9dc154afa78/datanode-3/data/ratis/8c21920f-67f0-451e-b2fd-2b4f140ffdb5/in_use.lock acquired by nodename 12288@pr-hdds-1569-wvzgm-824869521
2019-09-26 10:59:19,192 [pool-57-thread-1] INFO  storage.RaftStorage (RaftStorage.java:format(72)) - Storage directory /workdir/hadoop-ozone/tools/target/test-dir/MiniOzoneClusterImpl-500c1b69-91fd-4a69-8f24-d9dc154afa78/datanode-3/data/ratis/8c21920f-67f0-451e-b2fd-2b4f140ffdb5 has been successfully formatted.
2019-09-26 10:59:19,193 [pool-57-thread-1] INFO  ratis.ContainerStateMachine (ContainerStateMachine.java:loadSnapshot(230)) - group-2B4F140FFDB5: The snapshot info is null. Setting the last applied indexto:(t:0, i:~)
2019-09-26 10:59:19,193 [pool-57-thread-1] INFO  server.RaftServerConfigKeys (ConfUtils.java:logGet(43)) - raft.server.notification.no-leader.timeout = 120s (custom)
2019-09-26 10:59:19,193 [pool-57-thread-1] INFO  server.RaftServerConfigKeys (ConfUtils.java:logGet(43)) - raft.server.log.use.memory = false (default)
2019-09-26 10:59:19,193 [pool-57-thread-1] INFO  server.RaftServerConfigKeys (ConfUtils.java:logGet(43)) - raft.server.log.purge.gap = 1000000 (custom)
2019-09-26 10:59:19,193 [pool-57-thread-1] INFO  server.RaftServerConfigKeys (ConfUtils.java:logGet(43)) - raft.server.log.appender.buffer.byte-limit = 33554432 (custom)
2019-09-26 10:59:19,194 [pool-57-thread-1] INFO  server.RaftServerConfigKeys (ConfUtils.java:logGet(43)) - raft.server.log.segment.size.max = 1048576 (custom)
2019-09-26 10:59:19,194 [pool-57-thread-1] INFO  server.RaftServerConfigKeys (ConfUtils.java:logGet(43)) - raft.server.log.segment.cache.num.max = 2 (custom)
2019-09-26 10:59:19,194 [pool-57-thread-1] INFO  segmented.SegmentedRaftLogWorker (SegmentedRaftLogWorker.java:<init>(172)) - new cf629036-ace7-4ca9-94d6-fc8cc18310da@group-2B4F140FFDB5-SegmentedRaftLogWorker for RaftStorage:Storage Directory /workdir/hadoop-ozone/tools/target/test-dir/MiniOzoneClusterImpl-500c1b69-91fd-4a69-8f24-d9dc154afa78/datanode-3/data/ratis/8c21920f-67f0-451e-b2fd-2b4f140ffdb5
2019-09-26 10:59:19,194 [pool-57-thread-1] INFO  server.RaftServerConfigKeys (ConfUtils.java:logGet(43)) - raft.server.log.queue.byte-limit = 2147483647 (custom)
2019-09-26 10:59:19,194 [pool-57-thread-1] INFO  server.RaftServerConfigKeys (ConfUtils.java:logGet(43)) - raft.server.log.queue.element-limit = 1024 (custom)
2019-09-26 10:59:19,195 [pool-57-thread-1] INFO  server.RaftServerConfigKeys (ConfUtils.java:logGet(43)) - raft.server.log.segment.size.max = 1048576 (custom)
2019-09-26 10:59:19,195 [pool-57-thread-1] INFO  server.RaftServerConfigKeys (ConfUtils.java:logGet(43)) - raft.server.log.preallocated.size = 16384 (custom)
2019-09-26 10:59:19,195 [pool-57-thread-1] INFO  server.RaftServerConfigKeys (ConfUtils.java:logGet(43)) - raft.server.log.write.buffer.size = 33554432 (custom)
2019-09-26 10:59:19,195 [pool-57-thread-1] INFO  server.RaftServerConfigKeys (ConfUtils.java:logGet(43)) - raft.server.log.force.sync.num = 128 (default)
2019-09-26 10:59:19,195 [pool-57-thread-1] INFO  server.RaftServerConfigKeys (ConfUtils.java:logGet(43)) - raft.server.log.statemachine.data.sync = true (default)
2019-09-26 10:59:19,196 [pool-57-thread-1] INFO  server.RaftServerConfigKeys (ConfUtils.java:logGet(43)) - raft.server.log.statemachine.data.sync.timeout = 10s (default)
2019-09-26 10:59:19,196 [pool-57-thread-1] INFO  server.RaftServerConfigKeys (ConfUtils.java:logGet(43)) - raft.server.log.statemachine.data.sync.timeout.retry = -1 (default)
2019-09-26 10:59:19,196 [pool-57-thread-1] INFO  server.RaftServerConfigKeys (ConfUtils.java:logGet(43)) - raft.server.log.statemachine.data.caching.enabled = true (custom)
2019-09-26 10:59:19,197 [pool-57-thread-1] INFO  segmented.SegmentedRaftLogWorker (SegmentedRaftLogWorker.java:lambda$new$0(132)) - cf629036-ace7-4ca9-94d6-fc8cc18310da@group-2B4F140FFDB5-SegmentedRaftLogWorker: flushIndex: setUnconditionally 0 -> -1
2019-09-26 10:59:19,197 [pool-57-thread-1] INFO  server.RaftServerConfigKeys (ConfUtils.java:logGet(43)) - raft.server.snapshot.auto.trigger.enabled = true (custom)
2019-09-26 10:59:19,197 [pool-57-thread-1] INFO  server.RaftServerConfigKeys (ConfUtils.java:logGet(43)) - raft.server.snapshot.auto.trigger.threshold = 10000 (custom)
2019-09-26 10:59:19,197 [pool-57-thread-1] INFO  server.RaftServerConfigKeys (ConfUtils.java:logGet(43)) - raft.server.snapshot.retention.num.files = 5 (custom)
2019-09-26 10:59:19,198 [pool-57-thread-1] INFO  server.RaftServerConfigKeys (ConfUtils.java:logGet(43)) - raft.server.retrycache.expirytime = 600000ms (custom)
2019-09-26 10:59:19,201 [pool-57-thread-1] INFO  impl.RaftServerImpl (RaftServerImpl.java:start(185)) - cf629036-ace7-4ca9-94d6-fc8cc18310da@group-2B4F140FFDB5: start as a follower, conf=-1: [cf629036-ace7-4ca9-94d6-fc8cc18310da:192.168.30.13:46232], old=null
2019-09-26 10:59:19,202 [pool-57-thread-1] INFO  impl.RaftServerImpl (RaftServerImpl.java:setRole(174)) - cf629036-ace7-4ca9-94d6-fc8cc18310da@group-2B4F140FFDB5: changes role from      null to FOLLOWER at term 0 for startAsFollower
2019-09-26 10:59:19,202 [pool-57-thread-1] INFO  impl.RoleInfo (RoleInfo.java:updateAndGet(143)) - cf629036-ace7-4ca9-94d6-fc8cc18310da: start FollowerState
2019-09-26 10:59:19,202 [pool-57-thread-1] INFO  util.JmxRegister (JmxRegister.java:tryRegister(44)) - Successfully registered JMX Bean with object name Ratis:service=RaftServer,group=group-2B4F140FFDB5,id=cf629036-ace7-4ca9-94d6-fc8cc18310da
2019-09-26 10:59:19,209 [RatisPipelineUtilsThread] INFO  pipeline.PipelineStateManager (PipelineStateManager.java:addPipeline(56)) - Created pipeline Pipeline[ Id: 8c21920f-67f0-451e-b2fd-2b4f140ffdb5, Nodes: cf629036-ace7-4ca9-94d6-fc8cc18310da{ip: 192.168.30.13, host: pr-hdds-1569-wvzgm-824869521, networkLocation: /default-rack, certSerialId: null}, Type:RATIS, Factor:ONE, State:OPEN]
2019-09-26 10:59:19,210 [RatisPipelineUtilsThread] INFO  pipeline.PipelinePlacementPolicy (PipelinePlacementPolicy.java:meetCriteria(91)) - Pipeline Placement: can't place more pipeline on heavy datanode： 91fb8321-54d9-4a64-90be-ab1c2b6fea7b Heaviness: 6 limit: 5
2019-09-26 10:59:19,210 [RatisPipelineUtilsThread] INFO  pipeline.PipelinePlacementPolicy (PipelinePlacementPolicy.java:meetCriteria(91)) - Pipeline Placement: can't place more pipeline on heavy datanode： 2e8c5f4f-ba99-49b1-bcd5-57d537838a55 Heaviness: 6 limit: 5
2019-09-26 10:59:19,221 [grpc-default-executor-0] INFO  impl.RaftServerProxy (RaftServerProxy.java:addNew(89)) - c1a9f1dd-6c0d-41cb-a4f1-f4597ac7f27c: addNew group-52E9AABDC54C:[c1a9f1dd-6c0d-41cb-a4f1-f4597ac7f27c:192.168.30.13:44506] returns group-52E9AABDC54C:java.util.concurrent.CompletableFuture@41232a14[Not completed]
2019-09-26 10:59:19,223 [pool-47-thread-1] INFO  impl.RaftServerImpl (RaftServerImpl.java:<init>(95)) - c1a9f1dd-6c0d-41cb-a4f1-f4597ac7f27c: new RaftServerImpl for group-52E9AABDC54C:[c1a9f1dd-6c0d-41cb-a4f1-f4597ac7f27c:192.168.30.13:44506] with ContainerStateMachine:uninitialized
2019-09-26 10:59:19,223 [pool-47-thread-1] INFO  server.RaftServerConfigKeys (ConfUtils.java:logGet(43)) - raft.server.rpc.timeout.min = 5s (custom)
2019-09-26 10:59:19,223 [pool-47-thread-1] INFO  server.RaftServerConfigKeys (ConfUtils.java:logGet(43)) - raft.server.rpc.timeout.max = 5200ms (custom)
2019-09-26 10:59:19,223 [pool-47-thread-1] INFO  server.RaftServerConfigKeys (ConfUtils.java:logGet(43)) - raft.server.rpcslowness.timeout = 120s (custom)
2019-09-26 10:59:19,223 [pool-47-thread-1] INFO  server.RaftServerConfigKeys (ConfUtils.java:logGet(43)) - raft.server.sleep.deviation.threshold = 300 (default)
2019-09-26 10:59:19,224 [pool-47-thread-1] INFO  server.RaftServerConfigKeys (ConfUtils.java:logGet(43)) - raft.server.log.appender.install.snapshot.enabled = false (custom)
2019-09-26 10:59:19,224 [pool-47-thread-1] INFO  impl.RaftServerImpl (ServerState.java:<init>(103)) - c1a9f1dd-6c0d-41cb-a4f1-f4597ac7f27c@group-52E9AABDC54C: ConfigurationManager, init=-1: [c1a9f1dd-6c0d-41cb-a4f1-f4597ac7f27c:192.168.30.13:44506], old=null, confs=<EMPTY_MAP>
2019-09-26 10:59:19,224 [pool-47-thread-1] INFO  server.RaftServerConfigKeys (ConfUtils.java:logGet(43)) - raft.server.storage.dir = [/workdir/hadoop-ozone/tools/target/test-dir/MiniOzoneClusterImpl-500c1b69-91fd-4a69-8f24-d9dc154afa78/datanode-2/data/ratis] (custom)
2019-09-26 10:59:19,224 [pool-47-thread-1] INFO  storage.RaftStorageDirectory (RaftStorageDirectory.java:analyzeStorage(246)) - The storage directory /workdir/hadoop-ozone/tools/target/test-dir/MiniOzoneClusterImpl-500c1b69-91fd-4a69-8f24-d9dc154afa78/datanode-2/data/ratis/c4a7010b-34dd-4616-857b-52e9aabdc54c does not exist. Creating ...
2019-09-26 10:59:19,245 [pool-47-thread-1] INFO  storage.RaftStorageDirectory (RaftStorageDirectory.java:tryLock(328)) - Lock on /workdir/hadoop-ozone/tools/target/test-dir/MiniOzoneClusterImpl-500c1b69-91fd-4a69-8f24-d9dc154afa78/datanode-2/data/ratis/c4a7010b-34dd-4616-857b-52e9aabdc54c/in_use.lock acquired by nodename 12288@pr-hdds-1569-wvzgm-824869521
2019-09-26 10:59:19,258 [pool-47-thread-1] INFO  storage.RaftStorage (RaftStorage.java:format(72)) - Storage directory /workdir/hadoop-ozone/tools/target/test-dir/MiniOzoneClusterImpl-500c1b69-91fd-4a69-8f24-d9dc154afa78/datanode-2/data/ratis/c4a7010b-34dd-4616-857b-52e9aabdc54c has been successfully formatted.
2019-09-26 10:59:19,259 [pool-47-thread-1] INFO  ratis.ContainerStateMachine (ContainerStateMachine.java:loadSnapshot(230)) - group-52E9AABDC54C: The snapshot info is null. Setting the last applied indexto:(t:0, i:~)
2019-09-26 10:59:19,259 [pool-47-thread-1] INFO  server.RaftServerConfigKeys (ConfUtils.java:logGet(43)) - raft.server.notification.no-leader.timeout = 120s (custom)
2019-09-26 10:59:19,259 [pool-47-thread-1] INFO  server.RaftServerConfigKeys (ConfUtils.java:logGet(43)) - raft.server.log.use.memory = false (default)
2019-09-26 10:59:19,259 [pool-47-thread-1] INFO  server.RaftServerConfigKeys (ConfUtils.java:logGet(43)) - raft.server.log.purge.gap = 1000000 (custom)
2019-09-26 10:59:19,259 [pool-47-thread-1] INFO  server.RaftServerConfigKeys (ConfUtils.java:logGet(43)) - raft.server.log.appender.buffer.byte-limit = 33554432 (custom)
2019-09-26 10:59:19,259 [pool-47-thread-1] INFO  server.RaftServerConfigKeys (ConfUtils.java:logGet(43)) - raft.server.log.segment.size.max = 1048576 (custom)
2019-09-26 10:59:19,259 [pool-47-thread-1] INFO  server.RaftServerConfigKeys (ConfUtils.java:logGet(43)) - raft.server.log.segment.cache.num.max = 2 (custom)
2019-09-26 10:59:19,259 [pool-47-thread-1] INFO  segmented.SegmentedRaftLogWorker (SegmentedRaftLogWorker.java:<init>(172)) - new c1a9f1dd-6c0d-41cb-a4f1-f4597ac7f27c@group-52E9AABDC54C-SegmentedRaftLogWorker for RaftStorage:Storage Directory /workdir/hadoop-ozone/tools/target/test-dir/MiniOzoneClusterImpl-500c1b69-91fd-4a69-8f24-d9dc154afa78/datanode-2/data/ratis/c4a7010b-34dd-4616-857b-52e9aabdc54c
2019-09-26 10:59:19,260 [pool-47-thread-1] INFO  server.RaftServerConfigKeys (ConfUtils.java:logGet(43)) - raft.server.log.queue.byte-limit = 2147483647 (custom)
2019-09-26 10:59:19,260 [pool-47-thread-1] INFO  server.RaftServerConfigKeys (ConfUtils.java:logGet(43)) - raft.server.log.queue.element-limit = 1024 (custom)
2019-09-26 10:59:19,260 [pool-47-thread-1] INFO  server.RaftServerConfigKeys (ConfUtils.java:logGet(43)) - raft.server.log.segment.size.max = 1048576 (custom)
2019-09-26 10:59:19,260 [pool-47-thread-1] INFO  server.RaftServerConfigKeys (ConfUtils.java:logGet(43)) - raft.server.log.preallocated.size = 16384 (custom)
2019-09-26 10:59:19,260 [pool-47-thread-1] INFO  server.RaftServerConfigKeys (ConfUtils.java:logGet(43)) - raft.server.log.write.buffer.size = 33554432 (custom)
2019-09-26 10:59:19,260 [pool-47-thread-1] INFO  server.RaftServerConfigKeys (ConfUtils.java:logGet(43)) - raft.server.log.force.sync.num = 128 (default)
2019-09-26 10:59:19,260 [pool-47-thread-1] INFO  server.RaftServerConfigKeys (ConfUtils.java:logGet(43)) - raft.server.log.statemachine.data.sync = true (default)
2019-09-26 10:59:19,261 [pool-47-thread-1] INFO  server.RaftServerConfigKeys (ConfUtils.java:logGet(43)) - raft.server.log.statemachine.data.sync.timeout = 10s (default)
2019-09-26 10:59:19,261 [pool-47-thread-1] INFO  server.RaftServerConfigKeys (ConfUtils.java:logGet(43)) - raft.server.log.statemachine.data.sync.timeout.retry = -1 (default)
2019-09-26 10:59:19,261 [pool-47-thread-1] INFO  server.RaftServerConfigKeys (ConfUtils.java:logGet(43)) - raft.server.log.statemachine.data.caching.enabled = true (custom)
2019-09-26 10:59:19,261 [pool-47-thread-1] INFO  segmented.SegmentedRaftLogWorker (SegmentedRaftLogWorker.java:lambda$new$0(132)) - c1a9f1dd-6c0d-41cb-a4f1-f4597ac7f27c@group-52E9AABDC54C-SegmentedRaftLogWorker: flushIndex: setUnconditionally 0 -> -1
2019-09-26 10:59:19,261 [pool-47-thread-1] INFO  server.RaftServerConfigKeys (ConfUtils.java:logGet(43)) - raft.server.snapshot.auto.trigger.enabled = true (custom)
2019-09-26 10:59:19,262 [pool-47-thread-1] INFO  server.RaftServerConfigKeys (ConfUtils.java:logGet(43)) - raft.server.snapshot.auto.trigger.threshold = 10000 (custom)
2019-09-26 10:59:19,262 [pool-47-thread-1] INFO  server.RaftServerConfigKeys (ConfUtils.java:logGet(43)) - raft.server.snapshot.retention.num.files = 5 (custom)
2019-09-26 10:59:19,262 [pool-47-thread-1] INFO  server.RaftServerConfigKeys (ConfUtils.java:logGet(43)) - raft.server.retrycache.expirytime = 600000ms (custom)
2019-09-26 10:59:19,264 [pool-47-thread-1] INFO  impl.RaftServerImpl (RaftServerImpl.java:start(185)) - c1a9f1dd-6c0d-41cb-a4f1-f4597ac7f27c@group-52E9AABDC54C: start as a follower, conf=-1: [c1a9f1dd-6c0d-41cb-a4f1-f4597ac7f27c:192.168.30.13:44506], old=null
2019-09-26 10:59:19,264 [pool-47-thread-1] INFO  impl.RaftServerImpl (RaftServerImpl.java:setRole(174)) - c1a9f1dd-6c0d-41cb-a4f1-f4597ac7f27c@group-52E9AABDC54C: changes role from      null to FOLLOWER at term 0 for startAsFollower
2019-09-26 10:59:19,265 [pool-47-thread-1] INFO  impl.RoleInfo (RoleInfo.java:updateAndGet(143)) - c1a9f1dd-6c0d-41cb-a4f1-f4597ac7f27c: start FollowerState
2019-09-26 10:59:19,265 [pool-47-thread-1] INFO  util.JmxRegister (JmxRegister.java:tryRegister(44)) - Successfully registered JMX Bean with object name Ratis:service=RaftServer,group=group-52E9AABDC54C,id=c1a9f1dd-6c0d-41cb-a4f1-f4597ac7f27c
2019-09-26 10:59:19,270 [RatisPipelineUtilsThread] INFO  pipeline.PipelineStateManager (PipelineStateManager.java:addPipeline(56)) - Created pipeline Pipeline[ Id: c4a7010b-34dd-4616-857b-52e9aabdc54c, Nodes: c1a9f1dd-6c0d-41cb-a4f1-f4597ac7f27c{ip: 192.168.30.13, host: pr-hdds-1569-wvzgm-824869521, networkLocation: /default-rack, certSerialId: null}, Type:RATIS, Factor:ONE, State:OPEN]
2019-09-26 10:59:19,271 [RatisPipelineUtilsThread] INFO  pipeline.PipelinePlacementPolicy (PipelinePlacementPolicy.java:meetCriteria(91)) - Pipeline Placement: can't place more pipeline on heavy datanode： c1a9f1dd-6c0d-41cb-a4f1-f4597ac7f27c Heaviness: 6 limit: 5
2019-09-26 10:59:19,271 [RatisPipelineUtilsThread] INFO  pipeline.PipelinePlacementPolicy (PipelinePlacementPolicy.java:meetCriteria(91)) - Pipeline Placement: can't place more pipeline on heavy datanode： 91fb8321-54d9-4a64-90be-ab1c2b6fea7b Heaviness: 6 limit: 5
2019-09-26 10:59:19,271 [RatisPipelineUtilsThread] INFO  pipeline.PipelinePlacementPolicy (PipelinePlacementPolicy.java:meetCriteria(91)) - Pipeline Placement: can't place more pipeline on heavy datanode： 2e8c5f4f-ba99-49b1-bcd5-57d537838a55 Heaviness: 6 limit: 5
2019-09-26 10:59:19,281 [grpc-default-executor-0] INFO  impl.RaftServerProxy (RaftServerProxy.java:addNew(89)) - cf629036-ace7-4ca9-94d6-fc8cc18310da: addNew group-6265D98AF1B0:[cf629036-ace7-4ca9-94d6-fc8cc18310da:192.168.30.13:46232] returns group-6265D98AF1B0:java.util.concurrent.CompletableFuture@3ee94607[Not completed]
2019-09-26 10:59:19,282 [pool-57-thread-1] INFO  impl.RaftServerImpl (RaftServerImpl.java:<init>(95)) - cf629036-ace7-4ca9-94d6-fc8cc18310da: new RaftServerImpl for group-6265D98AF1B0:[cf629036-ace7-4ca9-94d6-fc8cc18310da:192.168.30.13:46232] with ContainerStateMachine:uninitialized
2019-09-26 10:59:19,282 [pool-57-thread-1] INFO  server.RaftServerConfigKeys (ConfUtils.java:logGet(43)) - raft.server.rpc.timeout.min = 5s (custom)
2019-09-26 10:59:19,283 [pool-57-thread-1] INFO  server.RaftServerConfigKeys (ConfUtils.java:logGet(43)) - raft.server.rpc.timeout.max = 5200ms (custom)
2019-09-26 10:59:19,283 [pool-57-thread-1] INFO  server.RaftServerConfigKeys (ConfUtils.java:logGet(43)) - raft.server.rpcslowness.timeout = 120s (custom)
2019-09-26 10:59:19,283 [pool-57-thread-1] INFO  server.RaftServerConfigKeys (ConfUtils.java:logGet(43)) - raft.server.sleep.deviation.threshold = 300 (default)
2019-09-26 10:59:19,283 [pool-57-thread-1] INFO  server.RaftServerConfigKeys (ConfUtils.java:logGet(43)) - raft.server.log.appender.install.snapshot.enabled = false (custom)
2019-09-26 10:59:19,283 [pool-57-thread-1] INFO  impl.RaftServerImpl (ServerState.java:<init>(103)) - cf629036-ace7-4ca9-94d6-fc8cc18310da@group-6265D98AF1B0: ConfigurationManager, init=-1: [cf629036-ace7-4ca9-94d6-fc8cc18310da:192.168.30.13:46232], old=null, confs=<EMPTY_MAP>
2019-09-26 10:59:19,284 [pool-57-thread-1] INFO  server.RaftServerConfigKeys (ConfUtils.java:logGet(43)) - raft.server.storage.dir = [/workdir/hadoop-ozone/tools/target/test-dir/MiniOzoneClusterImpl-500c1b69-91fd-4a69-8f24-d9dc154afa78/datanode-3/data/ratis] (custom)
2019-09-26 10:59:19,284 [pool-57-thread-1] INFO  storage.RaftStorageDirectory (RaftStorageDirectory.java:analyzeStorage(246)) - The storage directory /workdir/hadoop-ozone/tools/target/test-dir/MiniOzoneClusterImpl-500c1b69-91fd-4a69-8f24-d9dc154afa78/datanode-3/data/ratis/75772803-db87-49f4-af7c-6265d98af1b0 does not exist. Creating ...
2019-09-26 10:59:19,296 [pool-57-thread-1] INFO  storage.RaftStorageDirectory (RaftStorageDirectory.java:tryLock(328)) - Lock on /workdir/hadoop-ozone/tools/target/test-dir/MiniOzoneClusterImpl-500c1b69-91fd-4a69-8f24-d9dc154afa78/datanode-3/data/ratis/75772803-db87-49f4-af7c-6265d98af1b0/in_use.lock acquired by nodename 12288@pr-hdds-1569-wvzgm-824869521
2019-09-26 10:59:19,316 [pool-57-thread-1] INFO  storage.RaftStorage (RaftStorage.java:format(72)) - Storage directory /workdir/hadoop-ozone/tools/target/test-dir/MiniOzoneClusterImpl-500c1b69-91fd-4a69-8f24-d9dc154afa78/datanode-3/data/ratis/75772803-db87-49f4-af7c-6265d98af1b0 has been successfully formatted.
2019-09-26 10:59:19,316 [pool-57-thread-1] INFO  ratis.ContainerStateMachine (ContainerStateMachine.java:loadSnapshot(230)) - group-6265D98AF1B0: The snapshot info is null. Setting the last applied indexto:(t:0, i:~)
2019-09-26 10:59:19,316 [pool-57-thread-1] INFO  server.RaftServerConfigKeys (ConfUtils.java:logGet(43)) - raft.server.notification.no-leader.timeout = 120s (custom)
2019-09-26 10:59:19,316 [pool-57-thread-1] INFO  server.RaftServerConfigKeys (ConfUtils.java:logGet(43)) - raft.server.log.use.memory = false (default)
2019-09-26 10:59:19,317 [pool-57-thread-1] INFO  server.RaftServerConfigKeys (ConfUtils.java:logGet(43)) - raft.server.log.purge.gap = 1000000 (custom)
2019-09-26 10:59:19,317 [pool-57-thread-1] INFO  server.RaftServerConfigKeys (ConfUtils.java:logGet(43)) - raft.server.log.appender.buffer.byte-limit = 33554432 (custom)
2019-09-26 10:59:19,317 [pool-57-thread-1] INFO  server.RaftServerConfigKeys (ConfUtils.java:logGet(43)) - raft.server.log.segment.size.max = 1048576 (custom)
2019-09-26 10:59:19,317 [pool-57-thread-1] INFO  server.RaftServerConfigKeys (ConfUtils.java:logGet(43)) - raft.server.log.segment.cache.num.max = 2 (custom)
2019-09-26 10:59:19,317 [pool-57-thread-1] INFO  segmented.SegmentedRaftLogWorker (SegmentedRaftLogWorker.java:<init>(172)) - new cf629036-ace7-4ca9-94d6-fc8cc18310da@group-6265D98AF1B0-SegmentedRaftLogWorker for RaftStorage:Storage Directory /workdir/hadoop-ozone/tools/target/test-dir/MiniOzoneClusterImpl-500c1b69-91fd-4a69-8f24-d9dc154afa78/datanode-3/data/ratis/75772803-db87-49f4-af7c-6265d98af1b0
2019-09-26 10:59:19,318 [pool-57-thread-1] INFO  server.RaftServerConfigKeys (ConfUtils.java:logGet(43)) - raft.server.log.queue.byte-limit = 2147483647 (custom)
2019-09-26 10:59:19,318 [pool-57-thread-1] INFO  server.RaftServerConfigKeys (ConfUtils.java:logGet(43)) - raft.server.log.queue.element-limit = 1024 (custom)
2019-09-26 10:59:19,318 [pool-57-thread-1] INFO  server.RaftServerConfigKeys (ConfUtils.java:logGet(43)) - raft.server.log.segment.size.max = 1048576 (custom)
2019-09-26 10:59:19,318 [pool-57-thread-1] INFO  server.RaftServerConfigKeys (ConfUtils.java:logGet(43)) - raft.server.log.preallocated.size = 16384 (custom)
2019-09-26 10:59:19,318 [pool-57-thread-1] INFO  server.RaftServerConfigKeys (ConfUtils.java:logGet(43)) - raft.server.log.write.buffer.size = 33554432 (custom)
2019-09-26 10:59:19,318 [pool-57-thread-1] INFO  server.RaftServerConfigKeys (ConfUtils.java:logGet(43)) - raft.server.log.force.sync.num = 128 (default)
2019-09-26 10:59:19,319 [pool-57-thread-1] INFO  server.RaftServerConfigKeys (ConfUtils.java:logGet(43)) - raft.server.log.statemachine.data.sync = true (default)
2019-09-26 10:59:19,319 [pool-57-thread-1] INFO  server.RaftServerConfigKeys (ConfUtils.java:logGet(43)) - raft.server.log.statemachine.data.sync.timeout = 10s (default)
2019-09-26 10:59:19,319 [pool-57-thread-1] INFO  server.RaftServerConfigKeys (ConfUtils.java:logGet(43)) - raft.server.log.statemachine.data.sync.timeout.retry = -1 (default)
2019-09-26 10:59:19,319 [pool-57-thread-1] INFO  server.RaftServerConfigKeys (ConfUtils.java:logGet(43)) - raft.server.log.statemachine.data.caching.enabled = true (custom)
2019-09-26 10:59:19,320 [pool-57-thread-1] INFO  segmented.SegmentedRaftLogWorker (SegmentedRaftLogWorker.java:lambda$new$0(132)) - cf629036-ace7-4ca9-94d6-fc8cc18310da@group-6265D98AF1B0-SegmentedRaftLogWorker: flushIndex: setUnconditionally 0 -> -1
2019-09-26 10:59:19,320 [pool-57-thread-1] INFO  server.RaftServerConfigKeys (ConfUtils.java:logGet(43)) - raft.server.snapshot.auto.trigger.enabled = true (custom)
2019-09-26 10:59:19,320 [pool-57-thread-1] INFO  server.RaftServerConfigKeys (ConfUtils.java:logGet(43)) - raft.server.snapshot.auto.trigger.threshold = 10000 (custom)
2019-09-26 10:59:19,320 [pool-57-thread-1] INFO  server.RaftServerConfigKeys (ConfUtils.java:logGet(43)) - raft.server.snapshot.retention.num.files = 5 (custom)
2019-09-26 10:59:19,320 [pool-57-thread-1] INFO  server.RaftServerConfigKeys (ConfUtils.java:logGet(43)) - raft.server.retrycache.expirytime = 600000ms (custom)
2019-09-26 10:59:19,323 [pool-57-thread-1] INFO  impl.RaftServerImpl (RaftServerImpl.java:start(185)) - cf629036-ace7-4ca9-94d6-fc8cc18310da@group-6265D98AF1B0: start as a follower, conf=-1: [cf629036-ace7-4ca9-94d6-fc8cc18310da:192.168.30.13:46232], old=null
2019-09-26 10:59:19,324 [pool-57-thread-1] INFO  impl.RaftServerImpl (RaftServerImpl.java:setRole(174)) - cf629036-ace7-4ca9-94d6-fc8cc18310da@group-6265D98AF1B0: changes role from      null to FOLLOWER at term 0 for startAsFollower
2019-09-26 10:59:19,324 [pool-57-thread-1] INFO  impl.RoleInfo (RoleInfo.java:updateAndGet(143)) - cf629036-ace7-4ca9-94d6-fc8cc18310da: start FollowerState
2019-09-26 10:59:19,324 [pool-57-thread-1] INFO  util.JmxRegister (JmxRegister.java:tryRegister(44)) - Successfully registered JMX Bean with object name Ratis:service=RaftServer,group=group-6265D98AF1B0,id=cf629036-ace7-4ca9-94d6-fc8cc18310da
2019-09-26 10:59:19,329 [RatisPipelineUtilsThread] INFO  pipeline.PipelineStateManager (PipelineStateManager.java:addPipeline(56)) - Created pipeline Pipeline[ Id: 75772803-db87-49f4-af7c-6265d98af1b0, Nodes: cf629036-ace7-4ca9-94d6-fc8cc18310da{ip: 192.168.30.13, host: pr-hdds-1569-wvzgm-824869521, networkLocation: /default-rack, certSerialId: null}, Type:RATIS, Factor:ONE, State:OPEN]
2019-09-26 10:59:19,329 [RatisPipelineUtilsThread] INFO  pipeline.PipelinePlacementPolicy (PipelinePlacementPolicy.java:meetCriteria(91)) - Pipeline Placement: can't place more pipeline on heavy datanode： c1a9f1dd-6c0d-41cb-a4f1-f4597ac7f27c Heaviness: 6 limit: 5
2019-09-26 10:59:19,329 [RatisPipelineUtilsThread] INFO  pipeline.PipelinePlacementPolicy (PipelinePlacementPolicy.java:meetCriteria(91)) - Pipeline Placement: can't place more pipeline on heavy datanode： 91fb8321-54d9-4a64-90be-ab1c2b6fea7b Heaviness: 6 limit: 5
2019-09-26 10:59:19,330 [RatisPipelineUtilsThread] INFO  pipeline.PipelinePlacementPolicy (PipelinePlacementPolicy.java:meetCriteria(91)) - Pipeline Placement: can't place more pipeline on heavy datanode： 2e8c5f4f-ba99-49b1-bcd5-57d537838a55 Heaviness: 6 limit: 5
2019-09-26 10:59:19,339 [grpc-default-executor-0] INFO  impl.RaftServerProxy (RaftServerProxy.java:addNew(89)) - c38bca17-ec4a-4641-8fc4-32bb8247f11f: addNew group-DE7A2FC978CB:[c38bca17-ec4a-4641-8fc4-32bb8247f11f:192.168.30.13:39970] returns group-DE7A2FC978CB:java.util.concurrent.CompletableFuture@45dc709b[Not completed]
2019-09-26 10:59:19,340 [pool-37-thread-1] INFO  impl.RaftServerImpl (RaftServerImpl.java:<init>(95)) - c38bca17-ec4a-4641-8fc4-32bb8247f11f: new RaftServerImpl for group-DE7A2FC978CB:[c38bca17-ec4a-4641-8fc4-32bb8247f11f:192.168.30.13:39970] with ContainerStateMachine:uninitialized
2019-09-26 10:59:19,340 [pool-37-thread-1] INFO  server.RaftServerConfigKeys (ConfUtils.java:logGet(43)) - raft.server.rpc.timeout.min = 5s (custom)
2019-09-26 10:59:19,340 [pool-37-thread-1] INFO  server.RaftServerConfigKeys (ConfUtils.java:logGet(43)) - raft.server.rpc.timeout.max = 5200ms (custom)
2019-09-26 10:59:19,340 [pool-37-thread-1] INFO  server.RaftServerConfigKeys (ConfUtils.java:logGet(43)) - raft.server.rpcslowness.timeout = 120s (custom)
2019-09-26 10:59:19,340 [pool-37-thread-1] INFO  server.RaftServerConfigKeys (ConfUtils.java:logGet(43)) - raft.server.sleep.deviation.threshold = 300 (default)
2019-09-26 10:59:19,340 [pool-37-thread-1] INFO  server.RaftServerConfigKeys (ConfUtils.java:logGet(43)) - raft.server.log.appender.install.snapshot.enabled = false (custom)
2019-09-26 10:59:19,340 [pool-37-thread-1] INFO  impl.RaftServerImpl (ServerState.java:<init>(103)) - c38bca17-ec4a-4641-8fc4-32bb8247f11f@group-DE7A2FC978CB: ConfigurationManager, init=-1: [c38bca17-ec4a-4641-8fc4-32bb8247f11f:192.168.30.13:39970], old=null, confs=<EMPTY_MAP>
2019-09-26 10:59:19,341 [pool-37-thread-1] INFO  server.RaftServerConfigKeys (ConfUtils.java:logGet(43)) - raft.server.storage.dir = [/workdir/hadoop-ozone/tools/target/test-dir/MiniOzoneClusterImpl-500c1b69-91fd-4a69-8f24-d9dc154afa78/datanode-1/data/ratis] (custom)
2019-09-26 10:59:19,341 [pool-37-thread-1] INFO  storage.RaftStorageDirectory (RaftStorageDirectory.java:analyzeStorage(246)) - The storage directory /workdir/hadoop-ozone/tools/target/test-dir/MiniOzoneClusterImpl-500c1b69-91fd-4a69-8f24-d9dc154afa78/datanode-1/data/ratis/587409cb-a523-4cc3-841e-de7a2fc978cb does not exist. Creating ...
2019-09-26 10:59:19,353 [pool-37-thread-1] INFO  storage.RaftStorageDirectory (RaftStorageDirectory.java:tryLock(328)) - Lock on /workdir/hadoop-ozone/tools/target/test-dir/MiniOzoneClusterImpl-500c1b69-91fd-4a69-8f24-d9dc154afa78/datanode-1/data/ratis/587409cb-a523-4cc3-841e-de7a2fc978cb/in_use.lock acquired by nodename 12288@pr-hdds-1569-wvzgm-824869521
2019-09-26 10:59:19,367 [pool-37-thread-1] INFO  storage.RaftStorage (RaftStorage.java:format(72)) - Storage directory /workdir/hadoop-ozone/tools/target/test-dir/MiniOzoneClusterImpl-500c1b69-91fd-4a69-8f24-d9dc154afa78/datanode-1/data/ratis/587409cb-a523-4cc3-841e-de7a2fc978cb has been successfully formatted.
2019-09-26 10:59:19,367 [pool-37-thread-1] INFO  ratis.ContainerStateMachine (ContainerStateMachine.java:loadSnapshot(230)) - group-DE7A2FC978CB: The snapshot info is null. Setting the last applied indexto:(t:0, i:~)
2019-09-26 10:59:19,367 [pool-37-thread-1] INFO  server.RaftServerConfigKeys (ConfUtils.java:logGet(43)) - raft.server.notification.no-leader.timeout = 120s (custom)
2019-09-26 10:59:19,367 [pool-37-thread-1] INFO  server.RaftServerConfigKeys (ConfUtils.java:logGet(43)) - raft.server.log.use.memory = false (default)
2019-09-26 10:59:19,368 [pool-37-thread-1] INFO  server.RaftServerConfigKeys (ConfUtils.java:logGet(43)) - raft.server.log.purge.gap = 1000000 (custom)
2019-09-26 10:59:19,368 [pool-37-thread-1] INFO  server.RaftServerConfigKeys (ConfUtils.java:logGet(43)) - raft.server.log.appender.buffer.byte-limit = 33554432 (custom)
2019-09-26 10:59:19,368 [pool-37-thread-1] INFO  server.RaftServerConfigKeys (ConfUtils.java:logGet(43)) - raft.server.log.segment.size.max = 1048576 (custom)
2019-09-26 10:59:19,368 [pool-37-thread-1] INFO  server.RaftServerConfigKeys (ConfUtils.java:logGet(43)) - raft.server.log.segment.cache.num.max = 2 (custom)
2019-09-26 10:59:19,368 [pool-37-thread-1] INFO  segmented.SegmentedRaftLogWorker (SegmentedRaftLogWorker.java:<init>(172)) - new c38bca17-ec4a-4641-8fc4-32bb8247f11f@group-DE7A2FC978CB-SegmentedRaftLogWorker for RaftStorage:Storage Directory /workdir/hadoop-ozone/tools/target/test-dir/MiniOzoneClusterImpl-500c1b69-91fd-4a69-8f24-d9dc154afa78/datanode-1/data/ratis/587409cb-a523-4cc3-841e-de7a2fc978cb
2019-09-26 10:59:19,368 [pool-37-thread-1] INFO  server.RaftServerConfigKeys (ConfUtils.java:logGet(43)) - raft.server.log.queue.byte-limit = 2147483647 (custom)
2019-09-26 10:59:19,368 [pool-37-thread-1] INFO  server.RaftServerConfigKeys (ConfUtils.java:logGet(43)) - raft.server.log.queue.element-limit = 1024 (custom)
2019-09-26 10:59:19,369 [pool-37-thread-1] INFO  server.RaftServerConfigKeys (ConfUtils.java:logGet(43)) - raft.server.log.segment.size.max = 1048576 (custom)
2019-09-26 10:59:19,369 [pool-37-thread-1] INFO  server.RaftServerConfigKeys (ConfUtils.java:logGet(43)) - raft.server.log.preallocated.size = 16384 (custom)
2019-09-26 10:59:19,369 [pool-37-thread-1] INFO  server.RaftServerConfigKeys (ConfUtils.java:logGet(43)) - raft.server.log.write.buffer.size = 33554432 (custom)
2019-09-26 10:59:19,369 [pool-37-thread-1] INFO  server.RaftServerConfigKeys (ConfUtils.java:logGet(43)) - raft.server.log.force.sync.num = 128 (default)
2019-09-26 10:59:19,369 [pool-37-thread-1] INFO  server.RaftServerConfigKeys (ConfUtils.java:logGet(43)) - raft.server.log.statemachine.data.sync = true (default)
2019-09-26 10:59:19,369 [pool-37-thread-1] INFO  server.RaftServerConfigKeys (ConfUtils.java:logGet(43)) - raft.server.log.statemachine.data.sync.timeout = 10s (default)
2019-09-26 10:59:19,369 [pool-37-thread-1] INFO  server.RaftServerConfigKeys (ConfUtils.java:logGet(43)) - raft.server.log.statemachine.data.sync.timeout.retry = -1 (default)
2019-09-26 10:59:19,369 [pool-37-thread-1] INFO  server.RaftServerConfigKeys (ConfUtils.java:logGet(43)) - raft.server.log.statemachine.data.caching.enabled = true (custom)
2019-09-26 10:59:19,370 [pool-37-thread-1] INFO  segmented.SegmentedRaftLogWorker (SegmentedRaftLogWorker.java:lambda$new$0(132)) - c38bca17-ec4a-4641-8fc4-32bb8247f11f@group-DE7A2FC978CB-SegmentedRaftLogWorker: flushIndex: setUnconditionally 0 -> -1
2019-09-26 10:59:19,370 [pool-37-thread-1] INFO  server.RaftServerConfigKeys (ConfUtils.java:logGet(43)) - raft.server.snapshot.auto.trigger.enabled = true (custom)
2019-09-26 10:59:19,370 [pool-37-thread-1] INFO  server.RaftServerConfigKeys (ConfUtils.java:logGet(43)) - raft.server.snapshot.auto.trigger.threshold = 10000 (custom)
2019-09-26 10:59:19,370 [pool-37-thread-1] INFO  server.RaftServerConfigKeys (ConfUtils.java:logGet(43)) - raft.server.snapshot.retention.num.files = 5 (custom)
2019-09-26 10:59:19,371 [pool-37-thread-1] INFO  server.RaftServerConfigKeys (ConfUtils.java:logGet(43)) - raft.server.retrycache.expirytime = 600000ms (custom)
2019-09-26 10:59:19,373 [pool-37-thread-1] INFO  impl.RaftServerImpl (RaftServerImpl.java:start(185)) - c38bca17-ec4a-4641-8fc4-32bb8247f11f@group-DE7A2FC978CB: start as a follower, conf=-1: [c38bca17-ec4a-4641-8fc4-32bb8247f11f:192.168.30.13:39970], old=null
2019-09-26 10:59:19,373 [pool-37-thread-1] INFO  impl.RaftServerImpl (RaftServerImpl.java:setRole(174)) - c38bca17-ec4a-4641-8fc4-32bb8247f11f@group-DE7A2FC978CB: changes role from      null to FOLLOWER at term 0 for startAsFollower
2019-09-26 10:59:19,373 [pool-37-thread-1] INFO  impl.RoleInfo (RoleInfo.java:updateAndGet(143)) - c38bca17-ec4a-4641-8fc4-32bb8247f11f: start FollowerState
2019-09-26 10:59:19,373 [pool-37-thread-1] INFO  util.JmxRegister (JmxRegister.java:tryRegister(44)) - Successfully registered JMX Bean with object name Ratis:service=RaftServer,group=group-DE7A2FC978CB,id=c38bca17-ec4a-4641-8fc4-32bb8247f11f
2019-09-26 10:59:19,379 [RatisPipelineUtilsThread] INFO  pipeline.PipelineStateManager (PipelineStateManager.java:addPipeline(56)) - Created pipeline Pipeline[ Id: 587409cb-a523-4cc3-841e-de7a2fc978cb, Nodes: c38bca17-ec4a-4641-8fc4-32bb8247f11f{ip: 192.168.30.13, host: pr-hdds-1569-wvzgm-824869521, networkLocation: /default-rack, certSerialId: null}, Type:RATIS, Factor:ONE, State:OPEN]
2019-09-26 10:59:19,379 [RatisPipelineUtilsThread] INFO  pipeline.PipelinePlacementPolicy (PipelinePlacementPolicy.java:meetCriteria(91)) - Pipeline Placement: can't place more pipeline on heavy datanode： c1a9f1dd-6c0d-41cb-a4f1-f4597ac7f27c Heaviness: 6 limit: 5
2019-09-26 10:59:19,379 [RatisPipelineUtilsThread] INFO  pipeline.PipelinePlacementPolicy (PipelinePlacementPolicy.java:meetCriteria(91)) - Pipeline Placement: can't place more pipeline on heavy datanode： 91fb8321-54d9-4a64-90be-ab1c2b6fea7b Heaviness: 6 limit: 5
2019-09-26 10:59:19,379 [RatisPipelineUtilsThread] INFO  pipeline.PipelinePlacementPolicy (PipelinePlacementPolicy.java:meetCriteria(91)) - Pipeline Placement: can't place more pipeline on heavy datanode： 2e8c5f4f-ba99-49b1-bcd5-57d537838a55 Heaviness: 6 limit: 5
2019-09-26 10:59:19,392 [grpc-default-executor-0] INFO  impl.RaftServerProxy (RaftServerProxy.java:addNew(89)) - c38bca17-ec4a-4641-8fc4-32bb8247f11f: addNew group-7B87BF3C6D06:[c38bca17-ec4a-4641-8fc4-32bb8247f11f:192.168.30.13:39970] returns group-7B87BF3C6D06:java.util.concurrent.CompletableFuture@470cc636[Not completed]
2019-09-26 10:59:19,393 [pool-37-thread-1] INFO  impl.RaftServerImpl (RaftServerImpl.java:<init>(95)) - c38bca17-ec4a-4641-8fc4-32bb8247f11f: new RaftServerImpl for group-7B87BF3C6D06:[c38bca17-ec4a-4641-8fc4-32bb8247f11f:192.168.30.13:39970] with ContainerStateMachine:uninitialized
2019-09-26 10:59:19,393 [pool-37-thread-1] INFO  server.RaftServerConfigKeys (ConfUtils.java:logGet(43)) - raft.server.rpc.timeout.min = 5s (custom)
2019-09-26 10:59:19,393 [pool-37-thread-1] INFO  server.RaftServerConfigKeys (ConfUtils.java:logGet(43)) - raft.server.rpc.timeout.max = 5200ms (custom)
2019-09-26 10:59:19,393 [pool-37-thread-1] INFO  server.RaftServerConfigKeys (ConfUtils.java:logGet(43)) - raft.server.rpcslowness.timeout = 120s (custom)
2019-09-26 10:59:19,393 [pool-37-thread-1] INFO  server.RaftServerConfigKeys (ConfUtils.java:logGet(43)) - raft.server.sleep.deviation.threshold = 300 (default)
2019-09-26 10:59:19,394 [pool-37-thread-1] INFO  server.RaftServerConfigKeys (ConfUtils.java:logGet(43)) - raft.server.log.appender.install.snapshot.enabled = false (custom)
2019-09-26 10:59:19,394 [pool-37-thread-1] INFO  impl.RaftServerImpl (ServerState.java:<init>(103)) - c38bca17-ec4a-4641-8fc4-32bb8247f11f@group-7B87BF3C6D06: ConfigurationManager, init=-1: [c38bca17-ec4a-4641-8fc4-32bb8247f11f:192.168.30.13:39970], old=null, confs=<EMPTY_MAP>
2019-09-26 10:59:19,394 [pool-37-thread-1] INFO  server.RaftServerConfigKeys (ConfUtils.java:logGet(43)) - raft.server.storage.dir = [/workdir/hadoop-ozone/tools/target/test-dir/MiniOzoneClusterImpl-500c1b69-91fd-4a69-8f24-d9dc154afa78/datanode-1/data/ratis] (custom)
2019-09-26 10:59:19,394 [pool-37-thread-1] INFO  storage.RaftStorageDirectory (RaftStorageDirectory.java:analyzeStorage(246)) - The storage directory /workdir/hadoop-ozone/tools/target/test-dir/MiniOzoneClusterImpl-500c1b69-91fd-4a69-8f24-d9dc154afa78/datanode-1/data/ratis/ca19ae0d-f603-4ea6-8bb2-7b87bf3c6d06 does not exist. Creating ...
2019-09-26 10:59:19,408 [pool-37-thread-1] INFO  storage.RaftStorageDirectory (RaftStorageDirectory.java:tryLock(328)) - Lock on /workdir/hadoop-ozone/tools/target/test-dir/MiniOzoneClusterImpl-500c1b69-91fd-4a69-8f24-d9dc154afa78/datanode-1/data/ratis/ca19ae0d-f603-4ea6-8bb2-7b87bf3c6d06/in_use.lock acquired by nodename 12288@pr-hdds-1569-wvzgm-824869521
2019-09-26 10:59:19,421 [pool-37-thread-1] INFO  storage.RaftStorage (RaftStorage.java:format(72)) - Storage directory /workdir/hadoop-ozone/tools/target/test-dir/MiniOzoneClusterImpl-500c1b69-91fd-4a69-8f24-d9dc154afa78/datanode-1/data/ratis/ca19ae0d-f603-4ea6-8bb2-7b87bf3c6d06 has been successfully formatted.
2019-09-26 10:59:19,421 [pool-37-thread-1] INFO  ratis.ContainerStateMachine (ContainerStateMachine.java:loadSnapshot(230)) - group-7B87BF3C6D06: The snapshot info is null. Setting the last applied indexto:(t:0, i:~)
2019-09-26 10:59:19,421 [pool-37-thread-1] INFO  server.RaftServerConfigKeys (ConfUtils.java:logGet(43)) - raft.server.notification.no-leader.timeout = 120s (custom)
2019-09-26 10:59:19,422 [pool-37-thread-1] INFO  server.RaftServerConfigKeys (ConfUtils.java:logGet(43)) - raft.server.log.use.memory = false (default)
2019-09-26 10:59:19,422 [pool-37-thread-1] INFO  server.RaftServerConfigKeys (ConfUtils.java:logGet(43)) - raft.server.log.purge.gap = 1000000 (custom)
2019-09-26 10:59:19,422 [pool-37-thread-1] INFO  server.RaftServerConfigKeys (ConfUtils.java:logGet(43)) - raft.server.log.appender.buffer.byte-limit = 33554432 (custom)
2019-09-26 10:59:19,422 [pool-37-thread-1] INFO  server.RaftServerConfigKeys (ConfUtils.java:logGet(43)) - raft.server.log.segment.size.max = 1048576 (custom)
2019-09-26 10:59:19,422 [pool-37-thread-1] INFO  server.RaftServerConfigKeys (ConfUtils.java:logGet(43)) - raft.server.log.segment.cache.num.max = 2 (custom)
2019-09-26 10:59:19,422 [pool-37-thread-1] INFO  segmented.SegmentedRaftLogWorker (SegmentedRaftLogWorker.java:<init>(172)) - new c38bca17-ec4a-4641-8fc4-32bb8247f11f@group-7B87BF3C6D06-SegmentedRaftLogWorker for RaftStorage:Storage Directory /workdir/hadoop-ozone/tools/target/test-dir/MiniOzoneClusterImpl-500c1b69-91fd-4a69-8f24-d9dc154afa78/datanode-1/data/ratis/ca19ae0d-f603-4ea6-8bb2-7b87bf3c6d06
2019-09-26 10:59:19,422 [pool-37-thread-1] INFO  server.RaftServerConfigKeys (ConfUtils.java:logGet(43)) - raft.server.log.queue.byte-limit = 2147483647 (custom)
2019-09-26 10:59:19,423 [pool-37-thread-1] INFO  server.RaftServerConfigKeys (ConfUtils.java:logGet(43)) - raft.server.log.queue.element-limit = 1024 (custom)
2019-09-26 10:59:19,423 [pool-37-thread-1] INFO  server.RaftServerConfigKeys (ConfUtils.java:logGet(43)) - raft.server.log.segment.size.max = 1048576 (custom)
2019-09-26 10:59:19,423 [pool-37-thread-1] INFO  server.RaftServerConfigKeys (ConfUtils.java:logGet(43)) - raft.server.log.preallocated.size = 16384 (custom)
2019-09-26 10:59:19,423 [pool-37-thread-1] INFO  server.RaftServerConfigKeys (ConfUtils.java:logGet(43)) - raft.server.log.write.buffer.size = 33554432 (custom)
2019-09-26 10:59:19,423 [pool-37-thread-1] INFO  server.RaftServerConfigKeys (ConfUtils.java:logGet(43)) - raft.server.log.force.sync.num = 128 (default)
2019-09-26 10:59:19,423 [pool-37-thread-1] INFO  server.RaftServerConfigKeys (ConfUtils.java:logGet(43)) - raft.server.log.statemachine.data.sync = true (default)
2019-09-26 10:59:19,423 [pool-37-thread-1] INFO  server.RaftServerConfigKeys (ConfUtils.java:logGet(43)) - raft.server.log.statemachine.data.sync.timeout = 10s (default)
2019-09-26 10:59:19,424 [pool-37-thread-1] INFO  server.RaftServerConfigKeys (ConfUtils.java:logGet(43)) - raft.server.log.statemachine.data.sync.timeout.retry = -1 (default)
2019-09-26 10:59:19,424 [pool-37-thread-1] INFO  server.RaftServerConfigKeys (ConfUtils.java:logGet(43)) - raft.server.log.statemachine.data.caching.enabled = true (custom)
2019-09-26 10:59:19,424 [pool-37-thread-1] INFO  segmented.SegmentedRaftLogWorker (SegmentedRaftLogWorker.java:lambda$new$0(132)) - c38bca17-ec4a-4641-8fc4-32bb8247f11f@group-7B87BF3C6D06-SegmentedRaftLogWorker: flushIndex: setUnconditionally 0 -> -1
2019-09-26 10:59:19,424 [pool-37-thread-1] INFO  server.RaftServerConfigKeys (ConfUtils.java:logGet(43)) - raft.server.snapshot.auto.trigger.enabled = true (custom)
2019-09-26 10:59:19,425 [pool-37-thread-1] INFO  server.RaftServerConfigKeys (ConfUtils.java:logGet(43)) - raft.server.snapshot.auto.trigger.threshold = 10000 (custom)
2019-09-26 10:59:19,425 [pool-37-thread-1] INFO  server.RaftServerConfigKeys (ConfUtils.java:logGet(43)) - raft.server.snapshot.retention.num.files = 5 (custom)
2019-09-26 10:59:19,425 [pool-37-thread-1] INFO  server.RaftServerConfigKeys (ConfUtils.java:logGet(43)) - raft.server.retrycache.expirytime = 600000ms (custom)
2019-09-26 10:59:19,428 [pool-37-thread-1] INFO  impl.RaftServerImpl (RaftServerImpl.java:start(185)) - c38bca17-ec4a-4641-8fc4-32bb8247f11f@group-7B87BF3C6D06: start as a follower, conf=-1: [c38bca17-ec4a-4641-8fc4-32bb8247f11f:192.168.30.13:39970], old=null
2019-09-26 10:59:19,428 [pool-37-thread-1] INFO  impl.RaftServerImpl (RaftServerImpl.java:setRole(174)) - c38bca17-ec4a-4641-8fc4-32bb8247f11f@group-7B87BF3C6D06: changes role from      null to FOLLOWER at term 0 for startAsFollower
2019-09-26 10:59:19,428 [pool-37-thread-1] INFO  impl.RoleInfo (RoleInfo.java:updateAndGet(143)) - c38bca17-ec4a-4641-8fc4-32bb8247f11f: start FollowerState
2019-09-26 10:59:19,428 [pool-37-thread-1] INFO  util.JmxRegister (JmxRegister.java:tryRegister(44)) - Successfully registered JMX Bean with object name Ratis:service=RaftServer,group=group-7B87BF3C6D06,id=c38bca17-ec4a-4641-8fc4-32bb8247f11f
2019-09-26 10:59:19,433 [RatisPipelineUtilsThread] INFO  pipeline.PipelineStateManager (PipelineStateManager.java:addPipeline(56)) - Created pipeline Pipeline[ Id: ca19ae0d-f603-4ea6-8bb2-7b87bf3c6d06, Nodes: c38bca17-ec4a-4641-8fc4-32bb8247f11f{ip: 192.168.30.13, host: pr-hdds-1569-wvzgm-824869521, networkLocation: /default-rack, certSerialId: null}, Type:RATIS, Factor:ONE, State:OPEN]
2019-09-26 10:59:19,434 [RatisPipelineUtilsThread] INFO  pipeline.PipelinePlacementPolicy (PipelinePlacementPolicy.java:meetCriteria(91)) - Pipeline Placement: can't place more pipeline on heavy datanode： c1a9f1dd-6c0d-41cb-a4f1-f4597ac7f27c Heaviness: 6 limit: 5
2019-09-26 10:59:19,434 [RatisPipelineUtilsThread] INFO  pipeline.PipelinePlacementPolicy (PipelinePlacementPolicy.java:meetCriteria(91)) - Pipeline Placement: can't place more pipeline on heavy datanode： 91fb8321-54d9-4a64-90be-ab1c2b6fea7b Heaviness: 6 limit: 5
2019-09-26 10:59:19,434 [RatisPipelineUtilsThread] INFO  pipeline.PipelinePlacementPolicy (PipelinePlacementPolicy.java:meetCriteria(91)) - Pipeline Placement: can't place more pipeline on heavy datanode： 2e8c5f4f-ba99-49b1-bcd5-57d537838a55 Heaviness: 6 limit: 5
2019-09-26 10:59:19,445 [grpc-default-executor-0] INFO  impl.RaftServerProxy (RaftServerProxy.java:addNew(89)) - cf629036-ace7-4ca9-94d6-fc8cc18310da: addNew group-E3037A53D10A:[cf629036-ace7-4ca9-94d6-fc8cc18310da:192.168.30.13:46232] returns group-E3037A53D10A:java.util.concurrent.CompletableFuture@40f1d24c[Not completed]
2019-09-26 10:59:19,446 [pool-57-thread-1] INFO  impl.RaftServerImpl (RaftServerImpl.java:<init>(95)) - cf629036-ace7-4ca9-94d6-fc8cc18310da: new RaftServerImpl for group-E3037A53D10A:[cf629036-ace7-4ca9-94d6-fc8cc18310da:192.168.30.13:46232] with ContainerStateMachine:uninitialized
2019-09-26 10:59:19,446 [pool-57-thread-1] INFO  server.RaftServerConfigKeys (ConfUtils.java:logGet(43)) - raft.server.rpc.timeout.min = 5s (custom)
2019-09-26 10:59:19,446 [pool-57-thread-1] INFO  server.RaftServerConfigKeys (ConfUtils.java:logGet(43)) - raft.server.rpc.timeout.max = 5200ms (custom)
2019-09-26 10:59:19,446 [pool-57-thread-1] INFO  server.RaftServerConfigKeys (ConfUtils.java:logGet(43)) - raft.server.rpcslowness.timeout = 120s (custom)
2019-09-26 10:59:19,447 [pool-57-thread-1] INFO  server.RaftServerConfigKeys (ConfUtils.java:logGet(43)) - raft.server.sleep.deviation.threshold = 300 (default)
2019-09-26 10:59:19,447 [pool-57-thread-1] INFO  server.RaftServerConfigKeys (ConfUtils.java:logGet(43)) - raft.server.log.appender.install.snapshot.enabled = false (custom)
2019-09-26 10:59:19,447 [pool-57-thread-1] INFO  impl.RaftServerImpl (ServerState.java:<init>(103)) - cf629036-ace7-4ca9-94d6-fc8cc18310da@group-E3037A53D10A: ConfigurationManager, init=-1: [cf629036-ace7-4ca9-94d6-fc8cc18310da:192.168.30.13:46232], old=null, confs=<EMPTY_MAP>
2019-09-26 10:59:19,447 [pool-57-thread-1] INFO  server.RaftServerConfigKeys (ConfUtils.java:logGet(43)) - raft.server.storage.dir = [/workdir/hadoop-ozone/tools/target/test-dir/MiniOzoneClusterImpl-500c1b69-91fd-4a69-8f24-d9dc154afa78/datanode-3/data/ratis] (custom)
2019-09-26 10:59:19,448 [pool-57-thread-1] INFO  storage.RaftStorageDirectory (RaftStorageDirectory.java:analyzeStorage(246)) - The storage directory /workdir/hadoop-ozone/tools/target/test-dir/MiniOzoneClusterImpl-500c1b69-91fd-4a69-8f24-d9dc154afa78/datanode-3/data/ratis/bf8b52cf-9564-4ae0-966f-e3037a53d10a does not exist. Creating ...
2019-09-26 10:59:19,460 [pool-57-thread-1] INFO  storage.RaftStorageDirectory (RaftStorageDirectory.java:tryLock(328)) - Lock on /workdir/hadoop-ozone/tools/target/test-dir/MiniOzoneClusterImpl-500c1b69-91fd-4a69-8f24-d9dc154afa78/datanode-3/data/ratis/bf8b52cf-9564-4ae0-966f-e3037a53d10a/in_use.lock acquired by nodename 12288@pr-hdds-1569-wvzgm-824869521
2019-09-26 10:59:19,473 [pool-57-thread-1] INFO  storage.RaftStorage (RaftStorage.java:format(72)) - Storage directory /workdir/hadoop-ozone/tools/target/test-dir/MiniOzoneClusterImpl-500c1b69-91fd-4a69-8f24-d9dc154afa78/datanode-3/data/ratis/bf8b52cf-9564-4ae0-966f-e3037a53d10a has been successfully formatted.
2019-09-26 10:59:19,473 [pool-57-thread-1] INFO  ratis.ContainerStateMachine (ContainerStateMachine.java:loadSnapshot(230)) - group-E3037A53D10A: The snapshot info is null. Setting the last applied indexto:(t:0, i:~)
2019-09-26 10:59:19,473 [pool-57-thread-1] INFO  server.RaftServerConfigKeys (ConfUtils.java:logGet(43)) - raft.server.notification.no-leader.timeout = 120s (custom)
2019-09-26 10:59:19,474 [pool-57-thread-1] INFO  server.RaftServerConfigKeys (ConfUtils.java:logGet(43)) - raft.server.log.use.memory = false (default)
2019-09-26 10:59:19,474 [pool-57-thread-1] INFO  server.RaftServerConfigKeys (ConfUtils.java:logGet(43)) - raft.server.log.purge.gap = 1000000 (custom)
2019-09-26 10:59:19,474 [pool-57-thread-1] INFO  server.RaftServerConfigKeys (ConfUtils.java:logGet(43)) - raft.server.log.appender.buffer.byte-limit = 33554432 (custom)
2019-09-26 10:59:19,474 [pool-57-thread-1] INFO  server.RaftServerConfigKeys (ConfUtils.java:logGet(43)) - raft.server.log.segment.size.max = 1048576 (custom)
2019-09-26 10:59:19,474 [pool-57-thread-1] INFO  server.RaftServerConfigKeys (ConfUtils.java:logGet(43)) - raft.server.log.segment.cache.num.max = 2 (custom)
2019-09-26 10:59:19,474 [pool-57-thread-1] INFO  segmented.SegmentedRaftLogWorker (SegmentedRaftLogWorker.java:<init>(172)) - new cf629036-ace7-4ca9-94d6-fc8cc18310da@group-E3037A53D10A-SegmentedRaftLogWorker for RaftStorage:Storage Directory /workdir/hadoop-ozone/tools/target/test-dir/MiniOzoneClusterImpl-500c1b69-91fd-4a69-8f24-d9dc154afa78/datanode-3/data/ratis/bf8b52cf-9564-4ae0-966f-e3037a53d10a
2019-09-26 10:59:19,475 [pool-57-thread-1] INFO  server.RaftServerConfigKeys (ConfUtils.java:logGet(43)) - raft.server.log.queue.byte-limit = 2147483647 (custom)
2019-09-26 10:59:19,475 [pool-57-thread-1] INFO  server.RaftServerConfigKeys (ConfUtils.java:logGet(43)) - raft.server.log.queue.element-limit = 1024 (custom)
2019-09-26 10:59:19,475 [pool-57-thread-1] INFO  server.RaftServerConfigKeys (ConfUtils.java:logGet(43)) - raft.server.log.segment.size.max = 1048576 (custom)
2019-09-26 10:59:19,475 [pool-57-thread-1] INFO  server.RaftServerConfigKeys (ConfUtils.java:logGet(43)) - raft.server.log.preallocated.size = 16384 (custom)
2019-09-26 10:59:19,475 [pool-57-thread-1] INFO  server.RaftServerConfigKeys (ConfUtils.java:logGet(43)) - raft.server.log.write.buffer.size = 33554432 (custom)
2019-09-26 10:59:19,475 [pool-57-thread-1] INFO  server.RaftServerConfigKeys (ConfUtils.java:logGet(43)) - raft.server.log.force.sync.num = 128 (default)
2019-09-26 10:59:19,476 [pool-57-thread-1] INFO  server.RaftServerConfigKeys (ConfUtils.java:logGet(43)) - raft.server.log.statemachine.data.sync = true (default)
2019-09-26 10:59:19,476 [pool-57-thread-1] INFO  server.RaftServerConfigKeys (ConfUtils.java:logGet(43)) - raft.server.log.statemachine.data.sync.timeout = 10s (default)
2019-09-26 10:59:19,476 [pool-57-thread-1] INFO  server.RaftServerConfigKeys (ConfUtils.java:logGet(43)) - raft.server.log.statemachine.data.sync.timeout.retry = -1 (default)
2019-09-26 10:59:19,476 [pool-57-thread-1] INFO  server.RaftServerConfigKeys (ConfUtils.java:logGet(43)) - raft.server.log.statemachine.data.caching.enabled = true (custom)
2019-09-26 10:59:19,477 [pool-57-thread-1] INFO  segmented.SegmentedRaftLogWorker (SegmentedRaftLogWorker.java:lambda$new$0(132)) - cf629036-ace7-4ca9-94d6-fc8cc18310da@group-E3037A53D10A-SegmentedRaftLogWorker: flushIndex: setUnconditionally 0 -> -1
2019-09-26 10:59:19,477 [pool-57-thread-1] INFO  server.RaftServerConfigKeys (ConfUtils.java:logGet(43)) - raft.server.snapshot.auto.trigger.enabled = true (custom)
2019-09-26 10:59:19,477 [pool-57-thread-1] INFO  server.RaftServerConfigKeys (ConfUtils.java:logGet(43)) - raft.server.snapshot.auto.trigger.threshold = 10000 (custom)
2019-09-26 10:59:19,477 [pool-57-thread-1] INFO  server.RaftServerConfigKeys (ConfUtils.java:logGet(43)) - raft.server.snapshot.retention.num.files = 5 (custom)
2019-09-26 10:59:19,477 [pool-57-thread-1] INFO  server.RaftServerConfigKeys (ConfUtils.java:logGet(43)) - raft.server.retrycache.expirytime = 600000ms (custom)
2019-09-26 10:59:19,480 [pool-57-thread-1] INFO  impl.RaftServerImpl (RaftServerImpl.java:start(185)) - cf629036-ace7-4ca9-94d6-fc8cc18310da@group-E3037A53D10A: start as a follower, conf=-1: [cf629036-ace7-4ca9-94d6-fc8cc18310da:192.168.30.13:46232], old=null
2019-09-26 10:59:19,480 [pool-57-thread-1] INFO  impl.RaftServerImpl (RaftServerImpl.java:setRole(174)) - cf629036-ace7-4ca9-94d6-fc8cc18310da@group-E3037A53D10A: changes role from      null to FOLLOWER at term 0 for startAsFollower
2019-09-26 10:59:19,481 [pool-57-thread-1] INFO  impl.RoleInfo (RoleInfo.java:updateAndGet(143)) - cf629036-ace7-4ca9-94d6-fc8cc18310da: start FollowerState
2019-09-26 10:59:19,481 [pool-57-thread-1] INFO  util.JmxRegister (JmxRegister.java:tryRegister(44)) - Successfully registered JMX Bean with object name Ratis:service=RaftServer,group=group-E3037A53D10A,id=cf629036-ace7-4ca9-94d6-fc8cc18310da
2019-09-26 10:59:19,486 [RatisPipelineUtilsThread] INFO  pipeline.PipelineStateManager (PipelineStateManager.java:addPipeline(56)) - Created pipeline Pipeline[ Id: bf8b52cf-9564-4ae0-966f-e3037a53d10a, Nodes: cf629036-ace7-4ca9-94d6-fc8cc18310da{ip: 192.168.30.13, host: pr-hdds-1569-wvzgm-824869521, networkLocation: /default-rack, certSerialId: null}, Type:RATIS, Factor:ONE, State:OPEN]
2019-09-26 10:59:19,487 [RatisPipelineUtilsThread] INFO  pipeline.PipelinePlacementPolicy (PipelinePlacementPolicy.java:meetCriteria(91)) - Pipeline Placement: can't place more pipeline on heavy datanode： c1a9f1dd-6c0d-41cb-a4f1-f4597ac7f27c Heaviness: 6 limit: 5
2019-09-26 10:59:19,487 [RatisPipelineUtilsThread] INFO  pipeline.PipelinePlacementPolicy (PipelinePlacementPolicy.java:meetCriteria(91)) - Pipeline Placement: can't place more pipeline on heavy datanode： 91fb8321-54d9-4a64-90be-ab1c2b6fea7b Heaviness: 6 limit: 5
2019-09-26 10:59:19,487 [RatisPipelineUtilsThread] INFO  pipeline.PipelinePlacementPolicy (PipelinePlacementPolicy.java:meetCriteria(91)) - Pipeline Placement: can't place more pipeline on heavy datanode： cf629036-ace7-4ca9-94d6-fc8cc18310da Heaviness: 6 limit: 5
2019-09-26 10:59:19,487 [RatisPipelineUtilsThread] INFO  pipeline.PipelinePlacementPolicy (PipelinePlacementPolicy.java:meetCriteria(91)) - Pipeline Placement: can't place more pipeline on heavy datanode： 2e8c5f4f-ba99-49b1-bcd5-57d537838a55 Heaviness: 6 limit: 5
2019-09-26 10:59:19,497 [grpc-default-executor-0] INFO  impl.RaftServerProxy (RaftServerProxy.java:addNew(89)) - c38bca17-ec4a-4641-8fc4-32bb8247f11f: addNew group-AB16FD523046:[c38bca17-ec4a-4641-8fc4-32bb8247f11f:192.168.30.13:39970] returns group-AB16FD523046:java.util.concurrent.CompletableFuture@594db91c[Not completed]
2019-09-26 10:59:19,499 [pool-37-thread-1] INFO  impl.RaftServerImpl (RaftServerImpl.java:<init>(95)) - c38bca17-ec4a-4641-8fc4-32bb8247f11f: new RaftServerImpl for group-AB16FD523046:[c38bca17-ec4a-4641-8fc4-32bb8247f11f:192.168.30.13:39970] with ContainerStateMachine:uninitialized
2019-09-26 10:59:19,499 [pool-37-thread-1] INFO  server.RaftServerConfigKeys (ConfUtils.java:logGet(43)) - raft.server.rpc.timeout.min = 5s (custom)
2019-09-26 10:59:19,499 [pool-37-thread-1] INFO  server.RaftServerConfigKeys (ConfUtils.java:logGet(43)) - raft.server.rpc.timeout.max = 5200ms (custom)
2019-09-26 10:59:19,499 [pool-37-thread-1] INFO  server.RaftServerConfigKeys (ConfUtils.java:logGet(43)) - raft.server.rpcslowness.timeout = 120s (custom)
2019-09-26 10:59:19,499 [pool-37-thread-1] INFO  server.RaftServerConfigKeys (ConfUtils.java:logGet(43)) - raft.server.sleep.deviation.threshold = 300 (default)
2019-09-26 10:59:19,499 [pool-37-thread-1] INFO  server.RaftServerConfigKeys (ConfUtils.java:logGet(43)) - raft.server.log.appender.install.snapshot.enabled = false (custom)
2019-09-26 10:59:19,500 [pool-37-thread-1] INFO  impl.RaftServerImpl (ServerState.java:<init>(103)) - c38bca17-ec4a-4641-8fc4-32bb8247f11f@group-AB16FD523046: ConfigurationManager, init=-1: [c38bca17-ec4a-4641-8fc4-32bb8247f11f:192.168.30.13:39970], old=null, confs=<EMPTY_MAP>
2019-09-26 10:59:19,500 [pool-37-thread-1] INFO  server.RaftServerConfigKeys (ConfUtils.java:logGet(43)) - raft.server.storage.dir = [/workdir/hadoop-ozone/tools/target/test-dir/MiniOzoneClusterImpl-500c1b69-91fd-4a69-8f24-d9dc154afa78/datanode-1/data/ratis] (custom)
2019-09-26 10:59:19,500 [pool-37-thread-1] INFO  storage.RaftStorageDirectory (RaftStorageDirectory.java:analyzeStorage(246)) - The storage directory /workdir/hadoop-ozone/tools/target/test-dir/MiniOzoneClusterImpl-500c1b69-91fd-4a69-8f24-d9dc154afa78/datanode-1/data/ratis/13d14c94-97e8-4d0e-a808-ab16fd523046 does not exist. Creating ...
2019-09-26 10:59:19,514 [pool-37-thread-1] INFO  storage.RaftStorageDirectory (RaftStorageDirectory.java:tryLock(328)) - Lock on /workdir/hadoop-ozone/tools/target/test-dir/MiniOzoneClusterImpl-500c1b69-91fd-4a69-8f24-d9dc154afa78/datanode-1/data/ratis/13d14c94-97e8-4d0e-a808-ab16fd523046/in_use.lock acquired by nodename 12288@pr-hdds-1569-wvzgm-824869521
2019-09-26 10:59:19,527 [pool-37-thread-1] INFO  storage.RaftStorage (RaftStorage.java:format(72)) - Storage directory /workdir/hadoop-ozone/tools/target/test-dir/MiniOzoneClusterImpl-500c1b69-91fd-4a69-8f24-d9dc154afa78/datanode-1/data/ratis/13d14c94-97e8-4d0e-a808-ab16fd523046 has been successfully formatted.
2019-09-26 10:59:19,528 [pool-37-thread-1] INFO  ratis.ContainerStateMachine (ContainerStateMachine.java:loadSnapshot(230)) - group-AB16FD523046: The snapshot info is null. Setting the last applied indexto:(t:0, i:~)
2019-09-26 10:59:19,528 [pool-37-thread-1] INFO  server.RaftServerConfigKeys (ConfUtils.java:logGet(43)) - raft.server.notification.no-leader.timeout = 120s (custom)
2019-09-26 10:59:19,528 [pool-37-thread-1] INFO  server.RaftServerConfigKeys (ConfUtils.java:logGet(43)) - raft.server.log.use.memory = false (default)
2019-09-26 10:59:19,528 [pool-37-thread-1] INFO  server.RaftServerConfigKeys (ConfUtils.java:logGet(43)) - raft.server.log.purge.gap = 1000000 (custom)
2019-09-26 10:59:19,529 [pool-37-thread-1] INFO  server.RaftServerConfigKeys (ConfUtils.java:logGet(43)) - raft.server.log.appender.buffer.byte-limit = 33554432 (custom)
2019-09-26 10:59:19,529 [pool-37-thread-1] INFO  server.RaftServerConfigKeys (ConfUtils.java:logGet(43)) - raft.server.log.segment.size.max = 1048576 (custom)
2019-09-26 10:59:19,529 [pool-37-thread-1] INFO  server.RaftServerConfigKeys (ConfUtils.java:logGet(43)) - raft.server.log.segment.cache.num.max = 2 (custom)
2019-09-26 10:59:19,529 [pool-37-thread-1] INFO  segmented.SegmentedRaftLogWorker (SegmentedRaftLogWorker.java:<init>(172)) - new c38bca17-ec4a-4641-8fc4-32bb8247f11f@group-AB16FD523046-SegmentedRaftLogWorker for RaftStorage:Storage Directory /workdir/hadoop-ozone/tools/target/test-dir/MiniOzoneClusterImpl-500c1b69-91fd-4a69-8f24-d9dc154afa78/datanode-1/data/ratis/13d14c94-97e8-4d0e-a808-ab16fd523046
2019-09-26 10:59:19,529 [pool-37-thread-1] INFO  server.RaftServerConfigKeys (ConfUtils.java:logGet(43)) - raft.server.log.queue.byte-limit = 2147483647 (custom)
2019-09-26 10:59:19,529 [pool-37-thread-1] INFO  server.RaftServerConfigKeys (ConfUtils.java:logGet(43)) - raft.server.log.queue.element-limit = 1024 (custom)
2019-09-26 10:59:19,530 [pool-37-thread-1] INFO  server.RaftServerConfigKeys (ConfUtils.java:logGet(43)) - raft.server.log.segment.size.max = 1048576 (custom)
2019-09-26 10:59:19,530 [pool-37-thread-1] INFO  server.RaftServerConfigKeys (ConfUtils.java:logGet(43)) - raft.server.log.preallocated.size = 16384 (custom)
2019-09-26 10:59:19,530 [pool-37-thread-1] INFO  server.RaftServerConfigKeys (ConfUtils.java:logGet(43)) - raft.server.log.write.buffer.size = 33554432 (custom)
2019-09-26 10:59:19,530 [pool-37-thread-1] INFO  server.RaftServerConfigKeys (ConfUtils.java:logGet(43)) - raft.server.log.force.sync.num = 128 (default)
2019-09-26 10:59:19,530 [pool-37-thread-1] INFO  server.RaftServerConfigKeys (ConfUtils.java:logGet(43)) - raft.server.log.statemachine.data.sync = true (default)
2019-09-26 10:59:19,530 [pool-37-thread-1] INFO  server.RaftServerConfigKeys (ConfUtils.java:logGet(43)) - raft.server.log.statemachine.data.sync.timeout = 10s (default)
2019-09-26 10:59:19,531 [pool-37-thread-1] INFO  server.RaftServerConfigKeys (ConfUtils.java:logGet(43)) - raft.server.log.statemachine.data.sync.timeout.retry = -1 (default)
2019-09-26 10:59:19,531 [pool-37-thread-1] INFO  server.RaftServerConfigKeys (ConfUtils.java:logGet(43)) - raft.server.log.statemachine.data.caching.enabled = true (custom)
2019-09-26 10:59:19,531 [pool-37-thread-1] INFO  segmented.SegmentedRaftLogWorker (SegmentedRaftLogWorker.java:lambda$new$0(132)) - c38bca17-ec4a-4641-8fc4-32bb8247f11f@group-AB16FD523046-SegmentedRaftLogWorker: flushIndex: setUnconditionally 0 -> -1
2019-09-26 10:59:19,532 [pool-37-thread-1] INFO  server.RaftServerConfigKeys (ConfUtils.java:logGet(43)) - raft.server.snapshot.auto.trigger.enabled = true (custom)
2019-09-26 10:59:19,532 [pool-37-thread-1] INFO  server.RaftServerConfigKeys (ConfUtils.java:logGet(43)) - raft.server.snapshot.auto.trigger.threshold = 10000 (custom)
2019-09-26 10:59:19,532 [pool-37-thread-1] INFO  server.RaftServerConfigKeys (ConfUtils.java:logGet(43)) - raft.server.snapshot.retention.num.files = 5 (custom)
2019-09-26 10:59:19,532 [pool-37-thread-1] INFO  server.RaftServerConfigKeys (ConfUtils.java:logGet(43)) - raft.server.retrycache.expirytime = 600000ms (custom)
2019-09-26 10:59:19,535 [pool-37-thread-1] INFO  impl.RaftServerImpl (RaftServerImpl.java:start(185)) - c38bca17-ec4a-4641-8fc4-32bb8247f11f@group-AB16FD523046: start as a follower, conf=-1: [c38bca17-ec4a-4641-8fc4-32bb8247f11f:192.168.30.13:39970], old=null
2019-09-26 10:59:19,535 [pool-37-thread-1] INFO  impl.RaftServerImpl (RaftServerImpl.java:setRole(174)) - c38bca17-ec4a-4641-8fc4-32bb8247f11f@group-AB16FD523046: changes role from      null to FOLLOWER at term 0 for startAsFollower
2019-09-26 10:59:19,535 [pool-37-thread-1] INFO  impl.RoleInfo (RoleInfo.java:updateAndGet(143)) - c38bca17-ec4a-4641-8fc4-32bb8247f11f: start FollowerState
2019-09-26 10:59:19,536 [pool-37-thread-1] INFO  util.JmxRegister (JmxRegister.java:tryRegister(44)) - Successfully registered JMX Bean with object name Ratis:service=RaftServer,group=group-AB16FD523046,id=c38bca17-ec4a-4641-8fc4-32bb8247f11f
2019-09-26 10:59:19,541 [RatisPipelineUtilsThread] INFO  pipeline.PipelineStateManager (PipelineStateManager.java:addPipeline(56)) - Created pipeline Pipeline[ Id: 13d14c94-97e8-4d0e-a808-ab16fd523046, Nodes: c38bca17-ec4a-4641-8fc4-32bb8247f11f{ip: 192.168.30.13, host: pr-hdds-1569-wvzgm-824869521, networkLocation: /default-rack, certSerialId: null}, Type:RATIS, Factor:ONE, State:OPEN]
2019-09-26 10:59:19,541 [RatisPipelineUtilsThread] INFO  pipeline.PipelinePlacementPolicy (PipelinePlacementPolicy.java:meetCriteria(91)) - Pipeline Placement: can't place more pipeline on heavy datanode： c1a9f1dd-6c0d-41cb-a4f1-f4597ac7f27c Heaviness: 6 limit: 5
2019-09-26 10:59:19,541 [RatisPipelineUtilsThread] INFO  pipeline.PipelinePlacementPolicy (PipelinePlacementPolicy.java:meetCriteria(91)) - Pipeline Placement: can't place more pipeline on heavy datanode： 91fb8321-54d9-4a64-90be-ab1c2b6fea7b Heaviness: 6 limit: 5
2019-09-26 10:59:19,542 [RatisPipelineUtilsThread] INFO  pipeline.PipelinePlacementPolicy (PipelinePlacementPolicy.java:meetCriteria(91)) - Pipeline Placement: can't place more pipeline on heavy datanode： cf629036-ace7-4ca9-94d6-fc8cc18310da Heaviness: 6 limit: 5
2019-09-26 10:59:19,542 [RatisPipelineUtilsThread] INFO  pipeline.PipelinePlacementPolicy (PipelinePlacementPolicy.java:meetCriteria(91)) - Pipeline Placement: can't place more pipeline on heavy datanode： 2e8c5f4f-ba99-49b1-bcd5-57d537838a55 Heaviness: 6 limit: 5
2019-09-26 10:59:19,552 [grpc-default-executor-0] INFO  impl.RaftServerProxy (RaftServerProxy.java:addNew(89)) - c38bca17-ec4a-4641-8fc4-32bb8247f11f: addNew group-D17408D427AD:[c38bca17-ec4a-4641-8fc4-32bb8247f11f:192.168.30.13:39970] returns group-D17408D427AD:java.util.concurrent.CompletableFuture@805cfee[Not completed]
2019-09-26 10:59:19,553 [pool-37-thread-1] INFO  impl.RaftServerImpl (RaftServerImpl.java:<init>(95)) - c38bca17-ec4a-4641-8fc4-32bb8247f11f: new RaftServerImpl for group-D17408D427AD:[c38bca17-ec4a-4641-8fc4-32bb8247f11f:192.168.30.13:39970] with ContainerStateMachine:uninitialized
2019-09-26 10:59:19,553 [pool-37-thread-1] INFO  server.RaftServerConfigKeys (ConfUtils.java:logGet(43)) - raft.server.rpc.timeout.min = 5s (custom)
2019-09-26 10:59:19,553 [pool-37-thread-1] INFO  server.RaftServerConfigKeys (ConfUtils.java:logGet(43)) - raft.server.rpc.timeout.max = 5200ms (custom)
2019-09-26 10:59:19,554 [pool-37-thread-1] INFO  server.RaftServerConfigKeys (ConfUtils.java:logGet(43)) - raft.server.rpcslowness.timeout = 120s (custom)
2019-09-26 10:59:19,554 [pool-37-thread-1] INFO  server.RaftServerConfigKeys (ConfUtils.java:logGet(43)) - raft.server.sleep.deviation.threshold = 300 (default)
2019-09-26 10:59:19,554 [pool-37-thread-1] INFO  server.RaftServerConfigKeys (ConfUtils.java:logGet(43)) - raft.server.log.appender.install.snapshot.enabled = false (custom)
2019-09-26 10:59:19,554 [pool-37-thread-1] INFO  impl.RaftServerImpl (ServerState.java:<init>(103)) - c38bca17-ec4a-4641-8fc4-32bb8247f11f@group-D17408D427AD: ConfigurationManager, init=-1: [c38bca17-ec4a-4641-8fc4-32bb8247f11f:192.168.30.13:39970], old=null, confs=<EMPTY_MAP>
2019-09-26 10:59:19,554 [pool-37-thread-1] INFO  server.RaftServerConfigKeys (ConfUtils.java:logGet(43)) - raft.server.storage.dir = [/workdir/hadoop-ozone/tools/target/test-dir/MiniOzoneClusterImpl-500c1b69-91fd-4a69-8f24-d9dc154afa78/datanode-1/data/ratis] (custom)
2019-09-26 10:59:19,555 [pool-37-thread-1] INFO  storage.RaftStorageDirectory (RaftStorageDirectory.java:analyzeStorage(246)) - The storage directory /workdir/hadoop-ozone/tools/target/test-dir/MiniOzoneClusterImpl-500c1b69-91fd-4a69-8f24-d9dc154afa78/datanode-1/data/ratis/69e7a1c8-f5ed-40c6-a20e-d17408d427ad does not exist. Creating ...
2019-09-26 10:59:19,568 [pool-37-thread-1] INFO  storage.RaftStorageDirectory (RaftStorageDirectory.java:tryLock(328)) - Lock on /workdir/hadoop-ozone/tools/target/test-dir/MiniOzoneClusterImpl-500c1b69-91fd-4a69-8f24-d9dc154afa78/datanode-1/data/ratis/69e7a1c8-f5ed-40c6-a20e-d17408d427ad/in_use.lock acquired by nodename 12288@pr-hdds-1569-wvzgm-824869521
2019-09-26 10:59:19,603 [pool-37-thread-1] INFO  storage.RaftStorage (RaftStorage.java:format(72)) - Storage directory /workdir/hadoop-ozone/tools/target/test-dir/MiniOzoneClusterImpl-500c1b69-91fd-4a69-8f24-d9dc154afa78/datanode-1/data/ratis/69e7a1c8-f5ed-40c6-a20e-d17408d427ad has been successfully formatted.
2019-09-26 10:59:19,603 [pool-37-thread-1] INFO  ratis.ContainerStateMachine (ContainerStateMachine.java:loadSnapshot(230)) - group-D17408D427AD: The snapshot info is null. Setting the last applied indexto:(t:0, i:~)
2019-09-26 10:59:19,603 [pool-37-thread-1] INFO  server.RaftServerConfigKeys (ConfUtils.java:logGet(43)) - raft.server.notification.no-leader.timeout = 120s (custom)
2019-09-26 10:59:19,604 [pool-37-thread-1] INFO  server.RaftServerConfigKeys (ConfUtils.java:logGet(43)) - raft.server.log.use.memory = false (default)
2019-09-26 10:59:19,604 [pool-37-thread-1] INFO  server.RaftServerConfigKeys (ConfUtils.java:logGet(43)) - raft.server.log.purge.gap = 1000000 (custom)
2019-09-26 10:59:19,604 [pool-37-thread-1] INFO  server.RaftServerConfigKeys (ConfUtils.java:logGet(43)) - raft.server.log.appender.buffer.byte-limit = 33554432 (custom)
2019-09-26 10:59:19,604 [pool-37-thread-1] INFO  server.RaftServerConfigKeys (ConfUtils.java:logGet(43)) - raft.server.log.segment.size.max = 1048576 (custom)
2019-09-26 10:59:19,604 [pool-37-thread-1] INFO  server.RaftServerConfigKeys (ConfUtils.java:logGet(43)) - raft.server.log.segment.cache.num.max = 2 (custom)
2019-09-26 10:59:19,604 [pool-37-thread-1] INFO  segmented.SegmentedRaftLogWorker (SegmentedRaftLogWorker.java:<init>(172)) - new c38bca17-ec4a-4641-8fc4-32bb8247f11f@group-D17408D427AD-SegmentedRaftLogWorker for RaftStorage:Storage Directory /workdir/hadoop-ozone/tools/target/test-dir/MiniOzoneClusterImpl-500c1b69-91fd-4a69-8f24-d9dc154afa78/datanode-1/data/ratis/69e7a1c8-f5ed-40c6-a20e-d17408d427ad
2019-09-26 10:59:19,605 [pool-37-thread-1] INFO  server.RaftServerConfigKeys (ConfUtils.java:logGet(43)) - raft.server.log.queue.byte-limit = 2147483647 (custom)
2019-09-26 10:59:19,605 [pool-37-thread-1] INFO  server.RaftServerConfigKeys (ConfUtils.java:logGet(43)) - raft.server.log.queue.element-limit = 1024 (custom)
2019-09-26 10:59:19,605 [pool-37-thread-1] INFO  server.RaftServerConfigKeys (ConfUtils.java:logGet(43)) - raft.server.log.segment.size.max = 1048576 (custom)
2019-09-26 10:59:19,605 [pool-37-thread-1] INFO  server.RaftServerConfigKeys (ConfUtils.java:logGet(43)) - raft.server.log.preallocated.size = 16384 (custom)
2019-09-26 10:59:19,605 [pool-37-thread-1] INFO  server.RaftServerConfigKeys (ConfUtils.java:logGet(43)) - raft.server.log.write.buffer.size = 33554432 (custom)
2019-09-26 10:59:19,606 [pool-37-thread-1] INFO  server.RaftServerConfigKeys (ConfUtils.java:logGet(43)) - raft.server.log.force.sync.num = 128 (default)
2019-09-26 10:59:19,606 [pool-37-thread-1] INFO  server.RaftServerConfigKeys (ConfUtils.java:logGet(43)) - raft.server.log.statemachine.data.sync = true (default)
2019-09-26 10:59:19,606 [pool-37-thread-1] INFO  server.RaftServerConfigKeys (ConfUtils.java:logGet(43)) - raft.server.log.statemachine.data.sync.timeout = 10s (default)
2019-09-26 10:59:19,606 [pool-37-thread-1] INFO  server.RaftServerConfigKeys (ConfUtils.java:logGet(43)) - raft.server.log.statemachine.data.sync.timeout.retry = -1 (default)
2019-09-26 10:59:19,606 [pool-37-thread-1] INFO  server.RaftServerConfigKeys (ConfUtils.java:logGet(43)) - raft.server.log.statemachine.data.caching.enabled = true (custom)
2019-09-26 10:59:19,607 [pool-37-thread-1] INFO  segmented.SegmentedRaftLogWorker (SegmentedRaftLogWorker.java:lambda$new$0(132)) - c38bca17-ec4a-4641-8fc4-32bb8247f11f@group-D17408D427AD-SegmentedRaftLogWorker: flushIndex: setUnconditionally 0 -> -1
2019-09-26 10:59:19,607 [pool-37-thread-1] INFO  server.RaftServerConfigKeys (ConfUtils.java:logGet(43)) - raft.server.snapshot.auto.trigger.enabled = true (custom)
2019-09-26 10:59:19,607 [pool-37-thread-1] INFO  server.RaftServerConfigKeys (ConfUtils.java:logGet(43)) - raft.server.snapshot.auto.trigger.threshold = 10000 (custom)
2019-09-26 10:59:19,607 [pool-37-thread-1] INFO  server.RaftServerConfigKeys (ConfUtils.java:logGet(43)) - raft.server.snapshot.retention.num.files = 5 (custom)
2019-09-26 10:59:19,608 [pool-37-thread-1] INFO  server.RaftServerConfigKeys (ConfUtils.java:logGet(43)) - raft.server.retrycache.expirytime = 600000ms (custom)
2019-09-26 10:59:19,611 [pool-37-thread-1] INFO  impl.RaftServerImpl (RaftServerImpl.java:start(185)) - c38bca17-ec4a-4641-8fc4-32bb8247f11f@group-D17408D427AD: start as a follower, conf=-1: [c38bca17-ec4a-4641-8fc4-32bb8247f11f:192.168.30.13:39970], old=null
2019-09-26 10:59:19,611 [pool-37-thread-1] INFO  impl.RaftServerImpl (RaftServerImpl.java:setRole(174)) - c38bca17-ec4a-4641-8fc4-32bb8247f11f@group-D17408D427AD: changes role from      null to FOLLOWER at term 0 for startAsFollower
2019-09-26 10:59:19,611 [pool-37-thread-1] INFO  impl.RoleInfo (RoleInfo.java:updateAndGet(143)) - c38bca17-ec4a-4641-8fc4-32bb8247f11f: start FollowerState
2019-09-26 10:59:19,611 [pool-37-thread-1] INFO  util.JmxRegister (JmxRegister.java:tryRegister(44)) - Successfully registered JMX Bean with object name Ratis:service=RaftServer,group=group-D17408D427AD,id=c38bca17-ec4a-4641-8fc4-32bb8247f11f
2019-09-26 10:59:19,617 [RatisPipelineUtilsThread] INFO  pipeline.PipelineStateManager (PipelineStateManager.java:addPipeline(56)) - Created pipeline Pipeline[ Id: 69e7a1c8-f5ed-40c6-a20e-d17408d427ad, Nodes: c38bca17-ec4a-4641-8fc4-32bb8247f11f{ip: 192.168.30.13, host: pr-hdds-1569-wvzgm-824869521, networkLocation: /default-rack, certSerialId: null}, Type:RATIS, Factor:ONE, State:OPEN]
2019-09-26 10:59:19,617 [RatisPipelineUtilsThread] INFO  pipeline.PipelinePlacementPolicy (PipelinePlacementPolicy.java:meetCriteria(91)) - Pipeline Placement: can't place more pipeline on heavy datanode： c38bca17-ec4a-4641-8fc4-32bb8247f11f Heaviness: 6 limit: 5
2019-09-26 10:59:19,617 [RatisPipelineUtilsThread] INFO  pipeline.PipelinePlacementPolicy (PipelinePlacementPolicy.java:meetCriteria(91)) - Pipeline Placement: can't place more pipeline on heavy datanode： c1a9f1dd-6c0d-41cb-a4f1-f4597ac7f27c Heaviness: 6 limit: 5
2019-09-26 10:59:19,618 [RatisPipelineUtilsThread] INFO  pipeline.PipelinePlacementPolicy (PipelinePlacementPolicy.java:meetCriteria(91)) - Pipeline Placement: can't place more pipeline on heavy datanode： 91fb8321-54d9-4a64-90be-ab1c2b6fea7b Heaviness: 6 limit: 5
2019-09-26 10:59:19,618 [RatisPipelineUtilsThread] INFO  pipeline.PipelinePlacementPolicy (PipelinePlacementPolicy.java:meetCriteria(91)) - Pipeline Placement: can't place more pipeline on heavy datanode： cf629036-ace7-4ca9-94d6-fc8cc18310da Heaviness: 6 limit: 5
2019-09-26 10:59:19,618 [RatisPipelineUtilsThread] INFO  pipeline.PipelinePlacementPolicy (PipelinePlacementPolicy.java:meetCriteria(91)) - Pipeline Placement: can't place more pipeline on heavy datanode： 2e8c5f4f-ba99-49b1-bcd5-57d537838a55 Heaviness: 6 limit: 5
2019-09-26 10:59:19,618 [RatisPipelineUtilsThread] ERROR pipeline.PipelinePlacementPolicy (PipelinePlacementPolicy.java:filterViableNodes(148)) - Unable to find enough nodes that meet the criteria that cannot engage in more than 5 pipelines. Nodes required: 1 Found: 0, healthy nodes count inNodeManager: 5.
2019-09-26 10:59:19,621 [RatisPipelineUtilsThread] ERROR pipeline.SCMPipelineManager (SCMPipelineManager.java:createPipeline(167)) - Pipeline creation failed.
org.apache.hadoop.hdds.scm.exceptions.SCMException: Unable to find enough nodes that meet the criteria that cannot engage in more than 5 pipelines. Nodes required: 1 Found: 0, healthy nodes count inNodeManager: 5.
	at org.apache.hadoop.hdds.scm.pipeline.PipelinePlacementPolicy.filterViableNodes(PipelinePlacementPolicy.java:149)
	at org.apache.hadoop.hdds.scm.pipeline.PipelinePlacementPolicy.chooseDatanodes(PipelinePlacementPolicy.java:172)
	at org.apache.hadoop.hdds.scm.pipeline.RatisPipelineProvider.create(RatisPipelineProvider.java:93)
	at org.apache.hadoop.hdds.scm.pipeline.PipelineFactory.create(PipelineFactory.java:58)
	at org.apache.hadoop.hdds.scm.pipeline.SCMPipelineManager.createPipeline(SCMPipelineManager.java:155)
	at org.apache.hadoop.hdds.scm.pipeline.BackgroundPipelineCreator.createPipelines(BackgroundPipelineCreator.java:99)
	at java.util.concurrent.Executors$RunnableAdapter.call(Executors.java:511)
	at java.util.concurrent.FutureTask.run(FutureTask.java:266)
	at java.util.concurrent.ScheduledThreadPoolExecutor$ScheduledFutureTask.access$201(ScheduledThreadPoolExecutor.java:180)
	at java.util.concurrent.ScheduledThreadPoolExecutor$ScheduledFutureTask.run(ScheduledThreadPoolExecutor.java:293)
	at java.util.concurrent.ThreadPoolExecutor.runWorker(ThreadPoolExecutor.java:1149)
	at java.util.concurrent.ThreadPoolExecutor$Worker.run(ThreadPoolExecutor.java:624)
	at java.lang.Thread.run(Thread.java:748)
2019-09-26 10:59:19,623 [RatisPipelineUtilsThread] INFO  pipeline.PipelinePlacementPolicy (PipelinePlacementPolicy.java:meetCriteria(91)) - Pipeline Placement: can't place more pipeline on heavy datanode： c38bca17-ec4a-4641-8fc4-32bb8247f11f Heaviness: 6 limit: 5
2019-09-26 10:59:19,624 [RatisPipelineUtilsThread] INFO  pipeline.PipelinePlacementPolicy (PipelinePlacementPolicy.java:meetCriteria(91)) - Pipeline Placement: can't place more pipeline on heavy datanode： c1a9f1dd-6c0d-41cb-a4f1-f4597ac7f27c Heaviness: 6 limit: 5
2019-09-26 10:59:19,624 [RatisPipelineUtilsThread] INFO  pipeline.PipelinePlacementPolicy (PipelinePlacementPolicy.java:meetCriteria(91)) - Pipeline Placement: can't place more pipeline on heavy datanode： 91fb8321-54d9-4a64-90be-ab1c2b6fea7b Heaviness: 6 limit: 5
2019-09-26 10:59:19,624 [RatisPipelineUtilsThread] INFO  pipeline.PipelinePlacementPolicy (PipelinePlacementPolicy.java:meetCriteria(91)) - Pipeline Placement: can't place more pipeline on heavy datanode： cf629036-ace7-4ca9-94d6-fc8cc18310da Heaviness: 6 limit: 5
2019-09-26 10:59:19,624 [RatisPipelineUtilsThread] INFO  pipeline.PipelinePlacementPolicy (PipelinePlacementPolicy.java:meetCriteria(91)) - Pipeline Placement: can't place more pipeline on heavy datanode： 2e8c5f4f-ba99-49b1-bcd5-57d537838a55 Heaviness: 6 limit: 5
2019-09-26 10:59:19,624 [RatisPipelineUtilsThread] ERROR pipeline.PipelinePlacementPolicy (PipelinePlacementPolicy.java:filterViableNodes(148)) - Unable to find enough nodes that meet the criteria that cannot engage in more than 5 pipelines. Nodes required: 3 Found: 0, healthy nodes count inNodeManager: 5.
2019-09-26 10:59:19,625 [RatisPipelineUtilsThread] ERROR pipeline.SCMPipelineManager (SCMPipelineManager.java:createPipeline(167)) - Pipeline creation failed.
org.apache.hadoop.hdds.scm.exceptions.SCMException: Unable to find enough nodes that meet the criteria that cannot engage in more than 5 pipelines. Nodes required: 3 Found: 0, healthy nodes count inNodeManager: 5.
	at org.apache.hadoop.hdds.scm.pipeline.PipelinePlacementPolicy.filterViableNodes(PipelinePlacementPolicy.java:149)
	at org.apache.hadoop.hdds.scm.pipeline.PipelinePlacementPolicy.chooseDatanodes(PipelinePlacementPolicy.java:172)
	at org.apache.hadoop.hdds.scm.pipeline.RatisPipelineProvider.create(RatisPipelineProvider.java:93)
	at org.apache.hadoop.hdds.scm.pipeline.PipelineFactory.create(PipelineFactory.java:58)
	at org.apache.hadoop.hdds.scm.pipeline.SCMPipelineManager.createPipeline(SCMPipelineManager.java:155)
	at org.apache.hadoop.hdds.scm.pipeline.BackgroundPipelineCreator.createPipelines(BackgroundPipelineCreator.java:99)
	at java.util.concurrent.Executors$RunnableAdapter.call(Executors.java:511)
	at java.util.concurrent.FutureTask.run(FutureTask.java:266)
	at java.util.concurrent.ScheduledThreadPoolExecutor$ScheduledFutureTask.access$201(ScheduledThreadPoolExecutor.java:180)
	at java.util.concurrent.ScheduledThreadPoolExecutor$ScheduledFutureTask.run(ScheduledThreadPoolExecutor.java:293)
	at java.util.concurrent.ThreadPoolExecutor.runWorker(ThreadPoolExecutor.java:1149)
	at java.util.concurrent.ThreadPoolExecutor$Worker.run(ThreadPoolExecutor.java:624)
	at java.lang.Thread.run(Thread.java:748)
2019-09-26 10:59:19,627 [RatisPipelineUtilsThread] INFO  pipeline.PipelinePlacementPolicy (PipelinePlacementPolicy.java:meetCriteria(91)) - Pipeline Placement: can't place more pipeline on heavy datanode： c38bca17-ec4a-4641-8fc4-32bb8247f11f Heaviness: 6 limit: 5
2019-09-26 10:59:19,628 [RatisPipelineUtilsThread] INFO  pipeline.PipelinePlacementPolicy (PipelinePlacementPolicy.java:meetCriteria(91)) - Pipeline Placement: can't place more pipeline on heavy datanode： c1a9f1dd-6c0d-41cb-a4f1-f4597ac7f27c Heaviness: 6 limit: 5
2019-09-26 10:59:19,628 [RatisPipelineUtilsThread] INFO  pipeline.PipelinePlacementPolicy (PipelinePlacementPolicy.java:meetCriteria(91)) - Pipeline Placement: can't place more pipeline on heavy datanode： 91fb8321-54d9-4a64-90be-ab1c2b6fea7b Heaviness: 6 limit: 5
2019-09-26 10:59:19,628 [RatisPipelineUtilsThread] INFO  pipeline.PipelinePlacementPolicy (PipelinePlacementPolicy.java:meetCriteria(91)) - Pipeline Placement: can't place more pipeline on heavy datanode： cf629036-ace7-4ca9-94d6-fc8cc18310da Heaviness: 6 limit: 5
2019-09-26 10:59:19,628 [RatisPipelineUtilsThread] INFO  pipeline.PipelinePlacementPolicy (PipelinePlacementPolicy.java:meetCriteria(91)) - Pipeline Placement: can't place more pipeline on heavy datanode： 2e8c5f4f-ba99-49b1-bcd5-57d537838a55 Heaviness: 6 limit: 5
2019-09-26 10:59:19,628 [RatisPipelineUtilsThread] ERROR pipeline.PipelinePlacementPolicy (PipelinePlacementPolicy.java:filterViableNodes(148)) - Unable to find enough nodes that meet the criteria that cannot engage in more than 5 pipelines. Nodes required: 1 Found: 0, healthy nodes count inNodeManager: 5.
2019-09-26 10:59:19,629 [RatisPipelineUtilsThread] ERROR pipeline.SCMPipelineManager (SCMPipelineManager.java:createPipeline(167)) - Pipeline creation failed.
org.apache.hadoop.hdds.scm.exceptions.SCMException: Unable to find enough nodes that meet the criteria that cannot engage in more than 5 pipelines. Nodes required: 1 Found: 0, healthy nodes count inNodeManager: 5.
	at org.apache.hadoop.hdds.scm.pipeline.PipelinePlacementPolicy.filterViableNodes(PipelinePlacementPolicy.java:149)
	at org.apache.hadoop.hdds.scm.pipeline.PipelinePlacementPolicy.chooseDatanodes(PipelinePlacementPolicy.java:172)
	at org.apache.hadoop.hdds.scm.pipeline.RatisPipelineProvider.create(RatisPipelineProvider.java:93)
	at org.apache.hadoop.hdds.scm.pipeline.PipelineFactory.create(PipelineFactory.java:58)
	at org.apache.hadoop.hdds.scm.pipeline.SCMPipelineManager.createPipeline(SCMPipelineManager.java:155)
	at org.apache.hadoop.hdds.scm.pipeline.BackgroundPipelineCreator.createPipelines(BackgroundPipelineCreator.java:99)
	at org.apache.hadoop.hdds.scm.pipeline.BackgroundPipelineCreator.lambda$startFixedIntervalPipelineCreator$0(BackgroundPipelineCreator.java:70)
	at java.util.concurrent.Executors$RunnableAdapter.call(Executors.java:511)
	at java.util.concurrent.FutureTask.runAndReset(FutureTask.java:308)
	at java.util.concurrent.ScheduledThreadPoolExecutor$ScheduledFutureTask.access$301(ScheduledThreadPoolExecutor.java:180)
	at java.util.concurrent.ScheduledThreadPoolExecutor$ScheduledFutureTask.run(ScheduledThreadPoolExecutor.java:294)
	at java.util.concurrent.ThreadPoolExecutor.runWorker(ThreadPoolExecutor.java:1149)
	at java.util.concurrent.ThreadPoolExecutor$Worker.run(ThreadPoolExecutor.java:624)
	at java.lang.Thread.run(Thread.java:748)
2019-09-26 10:59:19,629 [RatisPipelineUtilsThread] INFO  pipeline.PipelinePlacementPolicy (PipelinePlacementPolicy.java:meetCriteria(91)) - Pipeline Placement: can't place more pipeline on heavy datanode： c38bca17-ec4a-4641-8fc4-32bb8247f11f Heaviness: 6 limit: 5
2019-09-26 10:59:19,629 [RatisPipelineUtilsThread] INFO  pipeline.PipelinePlacementPolicy (PipelinePlacementPolicy.java:meetCriteria(91)) - Pipeline Placement: can't place more pipeline on heavy datanode： c1a9f1dd-6c0d-41cb-a4f1-f4597ac7f27c Heaviness: 6 limit: 5
2019-09-26 10:59:19,630 [RatisPipelineUtilsThread] INFO  pipeline.PipelinePlacementPolicy (PipelinePlacementPolicy.java:meetCriteria(91)) - Pipeline Placement: can't place more pipeline on heavy datanode： 91fb8321-54d9-4a64-90be-ab1c2b6fea7b Heaviness: 6 limit: 5
2019-09-26 10:59:19,630 [RatisPipelineUtilsThread] INFO  pipeline.PipelinePlacementPolicy (PipelinePlacementPolicy.java:meetCriteria(91)) - Pipeline Placement: can't place more pipeline on heavy datanode： cf629036-ace7-4ca9-94d6-fc8cc18310da Heaviness: 6 limit: 5
2019-09-26 10:59:19,630 [RatisPipelineUtilsThread] INFO  pipeline.PipelinePlacementPolicy (PipelinePlacementPolicy.java:meetCriteria(91)) - Pipeline Placement: can't place more pipeline on heavy datanode： 2e8c5f4f-ba99-49b1-bcd5-57d537838a55 Heaviness: 6 limit: 5
2019-09-26 10:59:19,630 [RatisPipelineUtilsThread] ERROR pipeline.PipelinePlacementPolicy (PipelinePlacementPolicy.java:filterViableNodes(148)) - Unable to find enough nodes that meet the criteria that cannot engage in more than 5 pipelines. Nodes required: 3 Found: 0, healthy nodes count inNodeManager: 5.
2019-09-26 10:59:19,630 [RatisPipelineUtilsThread] ERROR pipeline.SCMPipelineManager (SCMPipelineManager.java:createPipeline(167)) - Pipeline creation failed.
org.apache.hadoop.hdds.scm.exceptions.SCMException: Unable to find enough nodes that meet the criteria that cannot engage in more than 5 pipelines. Nodes required: 3 Found: 0, healthy nodes count inNodeManager: 5.
	at org.apache.hadoop.hdds.scm.pipeline.PipelinePlacementPolicy.filterViableNodes(PipelinePlacementPolicy.java:149)
	at org.apache.hadoop.hdds.scm.pipeline.PipelinePlacementPolicy.chooseDatanodes(PipelinePlacementPolicy.java:172)
	at org.apache.hadoop.hdds.scm.pipeline.RatisPipelineProvider.create(RatisPipelineProvider.java:93)
	at org.apache.hadoop.hdds.scm.pipeline.PipelineFactory.create(PipelineFactory.java:58)
	at org.apache.hadoop.hdds.scm.pipeline.SCMPipelineManager.createPipeline(SCMPipelineManager.java:155)
	at org.apache.hadoop.hdds.scm.pipeline.BackgroundPipelineCreator.createPipelines(BackgroundPipelineCreator.java:99)
	at org.apache.hadoop.hdds.scm.pipeline.BackgroundPipelineCreator.lambda$startFixedIntervalPipelineCreator$0(BackgroundPipelineCreator.java:70)
	at java.util.concurrent.Executors$RunnableAdapter.call(Executors.java:511)
	at java.util.concurrent.FutureTask.runAndReset(FutureTask.java:308)
	at java.util.concurrent.ScheduledThreadPoolExecutor$ScheduledFutureTask.access$301(ScheduledThreadPoolExecutor.java:180)
	at java.util.concurrent.ScheduledThreadPoolExecutor$ScheduledFutureTask.run(ScheduledThreadPoolExecutor.java:294)
	at java.util.concurrent.ThreadPoolExecutor.runWorker(ThreadPoolExecutor.java:1149)
	at java.util.concurrent.ThreadPoolExecutor$Worker.run(ThreadPoolExecutor.java:624)
	at java.lang.Thread.run(Thread.java:748)
2019-09-26 10:59:19,631 [IPC Server handler 0 on 40095] INFO  pipeline.PipelinePlacementPolicy (PipelinePlacementPolicy.java:meetCriteria(91)) - Pipeline Placement: can't place more pipeline on heavy datanode： c38bca17-ec4a-4641-8fc4-32bb8247f11f Heaviness: 6 limit: 5
2019-09-26 10:59:19,631 [IPC Server handler 0 on 40095] INFO  pipeline.PipelinePlacementPolicy (PipelinePlacementPolicy.java:meetCriteria(91)) - Pipeline Placement: can't place more pipeline on heavy datanode： c1a9f1dd-6c0d-41cb-a4f1-f4597ac7f27c Heaviness: 6 limit: 5
2019-09-26 10:59:19,632 [IPC Server handler 0 on 40095] INFO  pipeline.PipelinePlacementPolicy (PipelinePlacementPolicy.java:meetCriteria(91)) - Pipeline Placement: can't place more pipeline on heavy datanode： 91fb8321-54d9-4a64-90be-ab1c2b6fea7b Heaviness: 6 limit: 5
2019-09-26 10:59:19,632 [IPC Server handler 0 on 40095] INFO  pipeline.PipelinePlacementPolicy (PipelinePlacementPolicy.java:meetCriteria(91)) - Pipeline Placement: can't place more pipeline on heavy datanode： cf629036-ace7-4ca9-94d6-fc8cc18310da Heaviness: 6 limit: 5
2019-09-26 10:59:19,632 [IPC Server handler 0 on 40095] INFO  pipeline.PipelinePlacementPolicy (PipelinePlacementPolicy.java:meetCriteria(91)) - Pipeline Placement: can't place more pipeline on heavy datanode： 2e8c5f4f-ba99-49b1-bcd5-57d537838a55 Heaviness: 6 limit: 5
2019-09-26 10:59:19,632 [IPC Server handler 0 on 40095] ERROR pipeline.PipelinePlacementPolicy (PipelinePlacementPolicy.java:filterViableNodes(148)) - Unable to find enough nodes that meet the criteria that cannot engage in more than 5 pipelines. Nodes required: 3 Found: 0, healthy nodes count inNodeManager: 5.
2019-09-26 10:59:19,633 [IPC Server handler 0 on 40095] ERROR pipeline.SCMPipelineManager (SCMPipelineManager.java:createPipeline(167)) - Pipeline creation failed.
org.apache.hadoop.hdds.scm.exceptions.SCMException: Unable to find enough nodes that meet the criteria that cannot engage in more than 5 pipelines. Nodes required: 3 Found: 0, healthy nodes count inNodeManager: 5.
	at org.apache.hadoop.hdds.scm.pipeline.PipelinePlacementPolicy.filterViableNodes(PipelinePlacementPolicy.java:149)
	at org.apache.hadoop.hdds.scm.pipeline.PipelinePlacementPolicy.chooseDatanodes(PipelinePlacementPolicy.java:172)
	at org.apache.hadoop.hdds.scm.pipeline.RatisPipelineProvider.create(RatisPipelineProvider.java:93)
	at org.apache.hadoop.hdds.scm.pipeline.PipelineFactory.create(PipelineFactory.java:58)
	at org.apache.hadoop.hdds.scm.pipeline.SCMPipelineManager.createPipeline(SCMPipelineManager.java:155)
	at org.apache.hadoop.hdds.scm.block.BlockManagerImpl.allocateBlock(BlockManagerImpl.java:190)
	at org.apache.hadoop.hdds.scm.server.SCMBlockProtocolServer.allocateBlock(SCMBlockProtocolServer.java:182)
	at org.apache.hadoop.ozone.protocolPB.ScmBlockLocationProtocolServerSideTranslatorPB.allocateScmBlock(ScmBlockLocationProtocolServerSideTranslatorPB.java:183)
	at org.apache.hadoop.ozone.protocolPB.ScmBlockLocationProtocolServerSideTranslatorPB.processMessage(ScmBlockLocationProtocolServerSideTranslatorPB.java:141)
	at org.apache.hadoop.ozone.protocolPB.ScmBlockLocationProtocolServerSideTranslatorPB.send(ScmBlockLocationProtocolServerSideTranslatorPB.java:116)
	at org.apache.hadoop.hdds.protocol.proto.ScmBlockLocationProtocolProtos$ScmBlockLocationProtocolService$2.callBlockingMethod(ScmBlockLocationProtocolProtos.java:13157)
	at org.apache.hadoop.ipc.ProtobufRpcEngine$Server$ProtoBufRpcInvoker.call(ProtobufRpcEngine.java:524)
	at org.apache.hadoop.ipc.RPC$Server.call(RPC.java:1025)
	at org.apache.hadoop.ipc.Server$RpcCall.run(Server.java:876)
	at org.apache.hadoop.ipc.Server$RpcCall.run(Server.java:822)
	at java.security.AccessController.doPrivileged(Native Method)
	at javax.security.auth.Subject.doAs(Subject.java:422)
	at org.apache.hadoop.security.UserGroupInformation.doAs(UserGroupInformation.java:1730)
	at org.apache.hadoop.ipc.Server$Handler.run(Server.java:2682)
2019-09-26 10:59:19,633 [IPC Server handler 0 on 40095] WARN  block.BlockManagerImpl (BlockManagerImpl.java:allocateBlock(192)) - Pipeline creation failed for type:RATIS factor:THREE. Retrying get pipelines call once.
org.apache.hadoop.hdds.scm.exceptions.SCMException: Unable to find enough nodes that meet the criteria that cannot engage in more than 5 pipelines. Nodes required: 3 Found: 0, healthy nodes count inNodeManager: 5.
	at org.apache.hadoop.hdds.scm.pipeline.PipelinePlacementPolicy.filterViableNodes(PipelinePlacementPolicy.java:149)
	at org.apache.hadoop.hdds.scm.pipeline.PipelinePlacementPolicy.chooseDatanodes(PipelinePlacementPolicy.java:172)
	at org.apache.hadoop.hdds.scm.pipeline.RatisPipelineProvider.create(RatisPipelineProvider.java:93)
	at org.apache.hadoop.hdds.scm.pipeline.PipelineFactory.create(PipelineFactory.java:58)
	at org.apache.hadoop.hdds.scm.pipeline.SCMPipelineManager.createPipeline(SCMPipelineManager.java:155)
	at org.apache.hadoop.hdds.scm.block.BlockManagerImpl.allocateBlock(BlockManagerImpl.java:190)
	at org.apache.hadoop.hdds.scm.server.SCMBlockProtocolServer.allocateBlock(SCMBlockProtocolServer.java:182)
	at org.apache.hadoop.ozone.protocolPB.ScmBlockLocationProtocolServerSideTranslatorPB.allocateScmBlock(ScmBlockLocationProtocolServerSideTranslatorPB.java:183)
	at org.apache.hadoop.ozone.protocolPB.ScmBlockLocationProtocolServerSideTranslatorPB.processMessage(ScmBlockLocationProtocolServerSideTranslatorPB.java:141)
	at org.apache.hadoop.ozone.protocolPB.ScmBlockLocationProtocolServerSideTranslatorPB.send(ScmBlockLocationProtocolServerSideTranslatorPB.java:116)
	at org.apache.hadoop.hdds.protocol.proto.ScmBlockLocationProtocolProtos$ScmBlockLocationProtocolService$2.callBlockingMethod(ScmBlockLocationProtocolProtos.java:13157)
	at org.apache.hadoop.ipc.ProtobufRpcEngine$Server$ProtoBufRpcInvoker.call(ProtobufRpcEngine.java:524)
	at org.apache.hadoop.ipc.RPC$Server.call(RPC.java:1025)
	at org.apache.hadoop.ipc.Server$RpcCall.run(Server.java:876)
	at org.apache.hadoop.ipc.Server$RpcCall.run(Server.java:822)
	at java.security.AccessController.doPrivileged(Native Method)
	at javax.security.auth.Subject.doAs(Subject.java:422)
	at org.apache.hadoop.security.UserGroupInformation.doAs(UserGroupInformation.java:1730)
	at org.apache.hadoop.ipc.Server$Handler.run(Server.java:2682)
2019-09-26 10:59:19,634 [IPC Server handler 0 on 40095] INFO  block.BlockManagerImpl (BlockManagerImpl.java:allocateBlock(198)) - Could not find available pipeline of type:RATIS and factor:THREE even after retrying
2019-09-26 10:59:19,634 [IPC Server handler 0 on 40095] ERROR block.BlockManagerImpl (BlockManagerImpl.java:allocateBlock(222)) - Unable to allocate a block for the size: 4194304, type: RATIS, factor: THREE
2019-09-26 10:59:19,634 [IPC Server handler 0 on 40095] INFO  pipeline.PipelinePlacementPolicy (PipelinePlacementPolicy.java:meetCriteria(91)) - Pipeline Placement: can't place more pipeline on heavy datanode： c38bca17-ec4a-4641-8fc4-32bb8247f11f Heaviness: 6 limit: 5
2019-09-26 10:59:19,635 [IPC Server handler 0 on 40095] INFO  pipeline.PipelinePlacementPolicy (PipelinePlacementPolicy.java:meetCriteria(91)) - Pipeline Placement: can't place more pipeline on heavy datanode： c1a9f1dd-6c0d-41cb-a4f1-f4597ac7f27c Heaviness: 6 limit: 5
2019-09-26 10:59:19,635 [IPC Server handler 0 on 40095] INFO  pipeline.PipelinePlacementPolicy (PipelinePlacementPolicy.java:meetCriteria(91)) - Pipeline Placement: can't place more pipeline on heavy datanode： 91fb8321-54d9-4a64-90be-ab1c2b6fea7b Heaviness: 6 limit: 5
2019-09-26 10:59:19,635 [IPC Server handler 0 on 40095] INFO  pipeline.PipelinePlacementPolicy (PipelinePlacementPolicy.java:meetCriteria(91)) - Pipeline Placement: can't place more pipeline on heavy datanode： cf629036-ace7-4ca9-94d6-fc8cc18310da Heaviness: 6 limit: 5
2019-09-26 10:59:19,635 [IPC Server handler 0 on 40095] INFO  pipeline.PipelinePlacementPolicy (PipelinePlacementPolicy.java:meetCriteria(91)) - Pipeline Placement: can't place more pipeline on heavy datanode： 2e8c5f4f-ba99-49b1-bcd5-57d537838a55 Heaviness: 6 limit: 5
2019-09-26 10:59:19,636 [IPC Server handler 0 on 40095] ERROR pipeline.PipelinePlacementPolicy (PipelinePlacementPolicy.java:filterViableNodes(148)) - Unable to find enough nodes that meet the criteria that cannot engage in more than 5 pipelines. Nodes required: 3 Found: 0, healthy nodes count inNodeManager: 5.
2019-09-26 10:59:19,636 [IPC Server handler 0 on 40095] ERROR pipeline.SCMPipelineManager (SCMPipelineManager.java:createPipeline(167)) - Pipeline creation failed.
org.apache.hadoop.hdds.scm.exceptions.SCMException: Unable to find enough nodes that meet the criteria that cannot engage in more than 5 pipelines. Nodes required: 3 Found: 0, healthy nodes count inNodeManager: 5.
	at org.apache.hadoop.hdds.scm.pipeline.PipelinePlacementPolicy.filterViableNodes(PipelinePlacementPolicy.java:149)
	at org.apache.hadoop.hdds.scm.pipeline.PipelinePlacementPolicy.chooseDatanodes(PipelinePlacementPolicy.java:172)
	at org.apache.hadoop.hdds.scm.pipeline.RatisPipelineProvider.create(RatisPipelineProvider.java:93)
	at org.apache.hadoop.hdds.scm.pipeline.PipelineFactory.create(PipelineFactory.java:58)
	at org.apache.hadoop.hdds.scm.pipeline.SCMPipelineManager.createPipeline(SCMPipelineManager.java:155)
	at org.apache.hadoop.hdds.scm.block.BlockManagerImpl.allocateBlock(BlockManagerImpl.java:190)
	at org.apache.hadoop.hdds.scm.server.SCMBlockProtocolServer.allocateBlock(SCMBlockProtocolServer.java:182)
	at org.apache.hadoop.ozone.protocolPB.ScmBlockLocationProtocolServerSideTranslatorPB.allocateScmBlock(ScmBlockLocationProtocolServerSideTranslatorPB.java:183)
	at org.apache.hadoop.ozone.protocolPB.ScmBlockLocationProtocolServerSideTranslatorPB.processMessage(ScmBlockLocationProtocolServerSideTranslatorPB.java:141)
	at org.apache.hadoop.ozone.protocolPB.ScmBlockLocationProtocolServerSideTranslatorPB.send(ScmBlockLocationProtocolServerSideTranslatorPB.java:116)
	at org.apache.hadoop.hdds.protocol.proto.ScmBlockLocationProtocolProtos$ScmBlockLocationProtocolService$2.callBlockingMethod(ScmBlockLocationProtocolProtos.java:13157)
	at org.apache.hadoop.ipc.ProtobufRpcEngine$Server$ProtoBufRpcInvoker.call(ProtobufRpcEngine.java:524)
	at org.apache.hadoop.ipc.RPC$Server.call(RPC.java:1025)
	at org.apache.hadoop.ipc.Server$RpcCall.run(Server.java:876)
	at org.apache.hadoop.ipc.Server$RpcCall.run(Server.java:822)
	at java.security.AccessController.doPrivileged(Native Method)
	at javax.security.auth.Subject.doAs(Subject.java:422)
	at org.apache.hadoop.security.UserGroupInformation.doAs(UserGroupInformation.java:1730)
	at org.apache.hadoop.ipc.Server$Handler.run(Server.java:2682)
2019-09-26 10:59:19,636 [IPC Server handler 0 on 40095] WARN  block.BlockManagerImpl (BlockManagerImpl.java:allocateBlock(192)) - Pipeline creation failed for type:RATIS factor:THREE. Retrying get pipelines call once.
org.apache.hadoop.hdds.scm.exceptions.SCMException: Unable to find enough nodes that meet the criteria that cannot engage in more than 5 pipelines. Nodes required: 3 Found: 0, healthy nodes count inNodeManager: 5.
	at org.apache.hadoop.hdds.scm.pipeline.PipelinePlacementPolicy.filterViableNodes(PipelinePlacementPolicy.java:149)
	at org.apache.hadoop.hdds.scm.pipeline.PipelinePlacementPolicy.chooseDatanodes(PipelinePlacementPolicy.java:172)
	at org.apache.hadoop.hdds.scm.pipeline.RatisPipelineProvider.create(RatisPipelineProvider.java:93)
	at org.apache.hadoop.hdds.scm.pipeline.PipelineFactory.create(PipelineFactory.java:58)
	at org.apache.hadoop.hdds.scm.pipeline.SCMPipelineManager.createPipeline(SCMPipelineManager.java:155)
	at org.apache.hadoop.hdds.scm.block.BlockManagerImpl.allocateBlock(BlockManagerImpl.java:190)
	at org.apache.hadoop.hdds.scm.server.SCMBlockProtocolServer.allocateBlock(SCMBlockProtocolServer.java:182)
	at org.apache.hadoop.ozone.protocolPB.ScmBlockLocationProtocolServerSideTranslatorPB.allocateScmBlock(ScmBlockLocationProtocolServerSideTranslatorPB.java:183)
	at org.apache.hadoop.ozone.protocolPB.ScmBlockLocationProtocolServerSideTranslatorPB.processMessage(ScmBlockLocationProtocolServerSideTranslatorPB.java:141)
	at org.apache.hadoop.ozone.protocolPB.ScmBlockLocationProtocolServerSideTranslatorPB.send(ScmBlockLocationProtocolServerSideTranslatorPB.java:116)
	at org.apache.hadoop.hdds.protocol.proto.ScmBlockLocationProtocolProtos$ScmBlockLocationProtocolService$2.callBlockingMethod(ScmBlockLocationProtocolProtos.java:13157)
	at org.apache.hadoop.ipc.ProtobufRpcEngine$Server$ProtoBufRpcInvoker.call(ProtobufRpcEngine.java:524)
	at org.apache.hadoop.ipc.RPC$Server.call(RPC.java:1025)
	at org.apache.hadoop.ipc.Server$RpcCall.run(Server.java:876)
	at org.apache.hadoop.ipc.Server$RpcCall.run(Server.java:822)
	at java.security.AccessController.doPrivileged(Native Method)
	at javax.security.auth.Subject.doAs(Subject.java:422)
	at org.apache.hadoop.security.UserGroupInformation.doAs(UserGroupInformation.java:1730)
	at org.apache.hadoop.ipc.Server$Handler.run(Server.java:2682)
2019-09-26 10:59:19,637 [IPC Server handler 0 on 40095] INFO  block.BlockManagerImpl (BlockManagerImpl.java:allocateBlock(198)) - Could not find available pipeline of type:RATIS and factor:THREE even after retrying
2019-09-26 10:59:19,637 [IPC Server handler 0 on 40095] ERROR block.BlockManagerImpl (BlockManagerImpl.java:allocateBlock(222)) - Unable to allocate a block for the size: 4194304, type: RATIS, factor: THREE
2019-09-26 10:59:19,637 [IPC Server handler 0 on 40095] INFO  pipeline.PipelinePlacementPolicy (PipelinePlacementPolicy.java:meetCriteria(91)) - Pipeline Placement: can't place more pipeline on heavy datanode： c38bca17-ec4a-4641-8fc4-32bb8247f11f Heaviness: 6 limit: 5
2019-09-26 10:59:19,638 [IPC Server handler 0 on 40095] INFO  pipeline.PipelinePlacementPolicy (PipelinePlacementPolicy.java:meetCriteria(91)) - Pipeline Placement: can't place more pipeline on heavy datanode： c1a9f1dd-6c0d-41cb-a4f1-f4597ac7f27c Heaviness: 6 limit: 5
2019-09-26 10:59:19,638 [IPC Server handler 0 on 40095] INFO  pipeline.PipelinePlacementPolicy (PipelinePlacementPolicy.java:meetCriteria(91)) - Pipeline Placement: can't place more pipeline on heavy datanode： 91fb8321-54d9-4a64-90be-ab1c2b6fea7b Heaviness: 6 limit: 5
2019-09-26 10:59:19,638 [IPC Server handler 0 on 40095] INFO  pipeline.PipelinePlacementPolicy (PipelinePlacementPolicy.java:meetCriteria(91)) - Pipeline Placement: can't place more pipeline on heavy datanode： cf629036-ace7-4ca9-94d6-fc8cc18310da Heaviness: 6 limit: 5
2019-09-26 10:59:19,638 [IPC Server handler 0 on 40095] INFO  pipeline.PipelinePlacementPolicy (PipelinePlacementPolicy.java:meetCriteria(91)) - Pipeline Placement: can't place more pipeline on heavy datanode： 2e8c5f4f-ba99-49b1-bcd5-57d537838a55 Heaviness: 6 limit: 5
2019-09-26 10:59:19,639 [IPC Server handler 0 on 40095] ERROR pipeline.PipelinePlacementPolicy (PipelinePlacementPolicy.java:filterViableNodes(148)) - Unable to find enough nodes that meet the criteria that cannot engage in more than 5 pipelines. Nodes required: 3 Found: 0, healthy nodes count inNodeManager: 5.
2019-09-26 10:59:19,639 [IPC Server handler 0 on 40095] ERROR pipeline.SCMPipelineManager (SCMPipelineManager.java:createPipeline(167)) - Pipeline creation failed.
org.apache.hadoop.hdds.scm.exceptions.SCMException: Unable to find enough nodes that meet the criteria that cannot engage in more than 5 pipelines. Nodes required: 3 Found: 0, healthy nodes count inNodeManager: 5.
	at org.apache.hadoop.hdds.scm.pipeline.PipelinePlacementPolicy.filterViableNodes(PipelinePlacementPolicy.java:149)
	at org.apache.hadoop.hdds.scm.pipeline.PipelinePlacementPolicy.chooseDatanodes(PipelinePlacementPolicy.java:172)
	at org.apache.hadoop.hdds.scm.pipeline.RatisPipelineProvider.create(RatisPipelineProvider.java:93)
	at org.apache.hadoop.hdds.scm.pipeline.PipelineFactory.create(PipelineFactory.java:58)
	at org.apache.hadoop.hdds.scm.pipeline.SCMPipelineManager.createPipeline(SCMPipelineManager.java:155)
	at org.apache.hadoop.hdds.scm.block.BlockManagerImpl.allocateBlock(BlockManagerImpl.java:190)
	at org.apache.hadoop.hdds.scm.server.SCMBlockProtocolServer.allocateBlock(SCMBlockProtocolServer.java:182)
	at org.apache.hadoop.ozone.protocolPB.ScmBlockLocationProtocolServerSideTranslatorPB.allocateScmBlock(ScmBlockLocationProtocolServerSideTranslatorPB.java:183)
	at org.apache.hadoop.ozone.protocolPB.ScmBlockLocationProtocolServerSideTranslatorPB.processMessage(ScmBlockLocationProtocolServerSideTranslatorPB.java:141)
	at org.apache.hadoop.ozone.protocolPB.ScmBlockLocationProtocolServerSideTranslatorPB.send(ScmBlockLocationProtocolServerSideTranslatorPB.java:116)
	at org.apache.hadoop.hdds.protocol.proto.ScmBlockLocationProtocolProtos$ScmBlockLocationProtocolService$2.callBlockingMethod(ScmBlockLocationProtocolProtos.java:13157)
	at org.apache.hadoop.ipc.ProtobufRpcEngine$Server$ProtoBufRpcInvoker.call(ProtobufRpcEngine.java:524)
	at org.apache.hadoop.ipc.RPC$Server.call(RPC.java:1025)
	at org.apache.hadoop.ipc.Server$RpcCall.run(Server.java:876)
	at org.apache.hadoop.ipc.Server$RpcCall.run(Server.java:822)
	at java.security.AccessController.doPrivileged(Native Method)
	at javax.security.auth.Subject.doAs(Subject.java:422)
	at org.apache.hadoop.security.UserGroupInformation.doAs(UserGroupInformation.java:1730)
	at org.apache.hadoop.ipc.Server$Handler.run(Server.java:2682)
2019-09-26 10:59:19,639 [IPC Server handler 0 on 40095] WARN  block.BlockManagerImpl (BlockManagerImpl.java:allocateBlock(192)) - Pipeline creation failed for type:RATIS factor:THREE. Retrying get pipelines call once.
org.apache.hadoop.hdds.scm.exceptions.SCMException: Unable to find enough nodes that meet the criteria that cannot engage in more than 5 pipelines. Nodes required: 3 Found: 0, healthy nodes count inNodeManager: 5.
	at org.apache.hadoop.hdds.scm.pipeline.PipelinePlacementPolicy.filterViableNodes(PipelinePlacementPolicy.java:149)
	at org.apache.hadoop.hdds.scm.pipeline.PipelinePlacementPolicy.chooseDatanodes(PipelinePlacementPolicy.java:172)
	at org.apache.hadoop.hdds.scm.pipeline.RatisPipelineProvider.create(RatisPipelineProvider.java:93)
	at org.apache.hadoop.hdds.scm.pipeline.PipelineFactory.create(PipelineFactory.java:58)
	at org.apache.hadoop.hdds.scm.pipeline.SCMPipelineManager.createPipeline(SCMPipelineManager.java:155)
	at org.apache.hadoop.hdds.scm.block.BlockManagerImpl.allocateBlock(BlockManagerImpl.java:190)
	at org.apache.hadoop.hdds.scm.server.SCMBlockProtocolServer.allocateBlock(SCMBlockProtocolServer.java:182)
	at org.apache.hadoop.ozone.protocolPB.ScmBlockLocationProtocolServerSideTranslatorPB.allocateScmBlock(ScmBlockLocationProtocolServerSideTranslatorPB.java:183)
	at org.apache.hadoop.ozone.protocolPB.ScmBlockLocationProtocolServerSideTranslatorPB.processMessage(ScmBlockLocationProtocolServerSideTranslatorPB.java:141)
	at org.apache.hadoop.ozone.protocolPB.ScmBlockLocationProtocolServerSideTranslatorPB.send(ScmBlockLocationProtocolServerSideTranslatorPB.java:116)
	at org.apache.hadoop.hdds.protocol.proto.ScmBlockLocationProtocolProtos$ScmBlockLocationProtocolService$2.callBlockingMethod(ScmBlockLocationProtocolProtos.java:13157)
	at org.apache.hadoop.ipc.ProtobufRpcEngine$Server$ProtoBufRpcInvoker.call(ProtobufRpcEngine.java:524)
	at org.apache.hadoop.ipc.RPC$Server.call(RPC.java:1025)
	at org.apache.hadoop.ipc.Server$RpcCall.run(Server.java:876)
	at org.apache.hadoop.ipc.Server$RpcCall.run(Server.java:822)
	at java.security.AccessController.doPrivileged(Native Method)
	at javax.security.auth.Subject.doAs(Subject.java:422)
	at org.apache.hadoop.security.UserGroupInformation.doAs(UserGroupInformation.java:1730)
	at org.apache.hadoop.ipc.Server$Handler.run(Server.java:2682)
2019-09-26 10:59:19,640 [IPC Server handler 0 on 40095] INFO  block.BlockManagerImpl (BlockManagerImpl.java:allocateBlock(198)) - Could not find available pipeline of type:RATIS and factor:THREE even after retrying
2019-09-26 10:59:19,640 [IPC Server handler 0 on 40095] ERROR block.BlockManagerImpl (BlockManagerImpl.java:allocateBlock(222)) - Unable to allocate a block for the size: 4194304, type: RATIS, factor: THREE
2019-09-26 10:59:19,640 [IPC Server handler 0 on 40095] INFO  pipeline.PipelinePlacementPolicy (PipelinePlacementPolicy.java:meetCriteria(91)) - Pipeline Placement: can't place more pipeline on heavy datanode： c38bca17-ec4a-4641-8fc4-32bb8247f11f Heaviness: 6 limit: 5
2019-09-26 10:59:19,641 [IPC Server handler 0 on 40095] INFO  pipeline.PipelinePlacementPolicy (PipelinePlacementPolicy.java:meetCriteria(91)) - Pipeline Placement: can't place more pipeline on heavy datanode： c1a9f1dd-6c0d-41cb-a4f1-f4597ac7f27c Heaviness: 6 limit: 5
2019-09-26 10:59:19,641 [IPC Server handler 0 on 40095] INFO  pipeline.PipelinePlacementPolicy (PipelinePlacementPolicy.java:meetCriteria(91)) - Pipeline Placement: can't place more pipeline on heavy datanode： 91fb8321-54d9-4a64-90be-ab1c2b6fea7b Heaviness: 6 limit: 5
2019-09-26 10:59:19,641 [IPC Server handler 0 on 40095] INFO  pipeline.PipelinePlacementPolicy (PipelinePlacementPolicy.java:meetCriteria(91)) - Pipeline Placement: can't place more pipeline on heavy datanode： cf629036-ace7-4ca9-94d6-fc8cc18310da Heaviness: 6 limit: 5
2019-09-26 10:59:19,641 [IPC Server handler 0 on 40095] INFO  pipeline.PipelinePlacementPolicy (PipelinePlacementPolicy.java:meetCriteria(91)) - Pipeline Placement: can't place more pipeline on heavy datanode： 2e8c5f4f-ba99-49b1-bcd5-57d537838a55 Heaviness: 6 limit: 5
2019-09-26 10:59:19,641 [IPC Server handler 0 on 40095] ERROR pipeline.PipelinePlacementPolicy (PipelinePlacementPolicy.java:filterViableNodes(148)) - Unable to find enough nodes that meet the criteria that cannot engage in more than 5 pipelines. Nodes required: 3 Found: 0, healthy nodes count inNodeManager: 5.
2019-09-26 10:59:19,642 [IPC Server handler 0 on 40095] ERROR pipeline.SCMPipelineManager (SCMPipelineManager.java:createPipeline(167)) - Pipeline creation failed.
org.apache.hadoop.hdds.scm.exceptions.SCMException: Unable to find enough nodes that meet the criteria that cannot engage in more than 5 pipelines. Nodes required: 3 Found: 0, healthy nodes count inNodeManager: 5.
	at org.apache.hadoop.hdds.scm.pipeline.PipelinePlacementPolicy.filterViableNodes(PipelinePlacementPolicy.java:149)
	at org.apache.hadoop.hdds.scm.pipeline.PipelinePlacementPolicy.chooseDatanodes(PipelinePlacementPolicy.java:172)
	at org.apache.hadoop.hdds.scm.pipeline.RatisPipelineProvider.create(RatisPipelineProvider.java:93)
	at org.apache.hadoop.hdds.scm.pipeline.PipelineFactory.create(PipelineFactory.java:58)
	at org.apache.hadoop.hdds.scm.pipeline.SCMPipelineManager.createPipeline(SCMPipelineManager.java:155)
	at org.apache.hadoop.hdds.scm.block.BlockManagerImpl.allocateBlock(BlockManagerImpl.java:190)
	at org.apache.hadoop.hdds.scm.server.SCMBlockProtocolServer.allocateBlock(SCMBlockProtocolServer.java:182)
	at org.apache.hadoop.ozone.protocolPB.ScmBlockLocationProtocolServerSideTranslatorPB.allocateScmBlock(ScmBlockLocationProtocolServerSideTranslatorPB.java:183)
	at org.apache.hadoop.ozone.protocolPB.ScmBlockLocationProtocolServerSideTranslatorPB.processMessage(ScmBlockLocationProtocolServerSideTranslatorPB.java:141)
	at org.apache.hadoop.ozone.protocolPB.ScmBlockLocationProtocolServerSideTranslatorPB.send(ScmBlockLocationProtocolServerSideTranslatorPB.java:116)
	at org.apache.hadoop.hdds.protocol.proto.ScmBlockLocationProtocolProtos$ScmBlockLocationProtocolService$2.callBlockingMethod(ScmBlockLocationProtocolProtos.java:13157)
	at org.apache.hadoop.ipc.ProtobufRpcEngine$Server$ProtoBufRpcInvoker.call(ProtobufRpcEngine.java:524)
	at org.apache.hadoop.ipc.RPC$Server.call(RPC.java:1025)
	at org.apache.hadoop.ipc.Server$RpcCall.run(Server.java:876)
	at org.apache.hadoop.ipc.Server$RpcCall.run(Server.java:822)
	at java.security.AccessController.doPrivileged(Native Method)
	at javax.security.auth.Subject.doAs(Subject.java:422)
	at org.apache.hadoop.security.UserGroupInformation.doAs(UserGroupInformation.java:1730)
	at org.apache.hadoop.ipc.Server$Handler.run(Server.java:2682)
2019-09-26 10:59:19,642 [IPC Server handler 0 on 40095] WARN  block.BlockManagerImpl (BlockManagerImpl.java:allocateBlock(192)) - Pipeline creation failed for type:RATIS factor:THREE. Retrying get pipelines call once.
org.apache.hadoop.hdds.scm.exceptions.SCMException: Unable to find enough nodes that meet the criteria that cannot engage in more than 5 pipelines. Nodes required: 3 Found: 0, healthy nodes count inNodeManager: 5.
	at org.apache.hadoop.hdds.scm.pipeline.PipelinePlacementPolicy.filterViableNodes(PipelinePlacementPolicy.java:149)
	at org.apache.hadoop.hdds.scm.pipeline.PipelinePlacementPolicy.chooseDatanodes(PipelinePlacementPolicy.java:172)
	at org.apache.hadoop.hdds.scm.pipeline.RatisPipelineProvider.create(RatisPipelineProvider.java:93)
	at org.apache.hadoop.hdds.scm.pipeline.PipelineFactory.create(PipelineFactory.java:58)
	at org.apache.hadoop.hdds.scm.pipeline.SCMPipelineManager.createPipeline(SCMPipelineManager.java:155)
	at org.apache.hadoop.hdds.scm.block.BlockManagerImpl.allocateBlock(BlockManagerImpl.java:190)
	at org.apache.hadoop.hdds.scm.server.SCMBlockProtocolServer.allocateBlock(SCMBlockProtocolServer.java:182)
	at org.apache.hadoop.ozone.protocolPB.ScmBlockLocationProtocolServerSideTranslatorPB.allocateScmBlock(ScmBlockLocationProtocolServerSideTranslatorPB.java:183)
	at org.apache.hadoop.ozone.protocolPB.ScmBlockLocationProtocolServerSideTranslatorPB.processMessage(ScmBlockLocationProtocolServerSideTranslatorPB.java:141)
	at org.apache.hadoop.ozone.protocolPB.ScmBlockLocationProtocolServerSideTranslatorPB.send(ScmBlockLocationProtocolServerSideTranslatorPB.java:116)
	at org.apache.hadoop.hdds.protocol.proto.ScmBlockLocationProtocolProtos$ScmBlockLocationProtocolService$2.callBlockingMethod(ScmBlockLocationProtocolProtos.java:13157)
	at org.apache.hadoop.ipc.ProtobufRpcEngine$Server$ProtoBufRpcInvoker.call(ProtobufRpcEngine.java:524)
	at org.apache.hadoop.ipc.RPC$Server.call(RPC.java:1025)
	at org.apache.hadoop.ipc.Server$RpcCall.run(Server.java:876)
	at org.apache.hadoop.ipc.Server$RpcCall.run(Server.java:822)
	at java.security.AccessController.doPrivileged(Native Method)
	at javax.security.auth.Subject.doAs(Subject.java:422)
	at org.apache.hadoop.security.UserGroupInformation.doAs(UserGroupInformation.java:1730)
	at org.apache.hadoop.ipc.Server$Handler.run(Server.java:2682)
2019-09-26 10:59:19,643 [IPC Server handler 0 on 40095] INFO  block.BlockManagerImpl (BlockManagerImpl.java:allocateBlock(198)) - Could not find available pipeline of type:RATIS and factor:THREE even after retrying
2019-09-26 10:59:19,643 [IPC Server handler 0 on 40095] ERROR block.BlockManagerImpl (BlockManagerImpl.java:allocateBlock(222)) - Unable to allocate a block for the size: 4194304, type: RATIS, factor: THREE
2019-09-26 10:59:19,643 [IPC Server handler 0 on 40095] INFO  pipeline.PipelinePlacementPolicy (PipelinePlacementPolicy.java:meetCriteria(91)) - Pipeline Placement: can't place more pipeline on heavy datanode： c38bca17-ec4a-4641-8fc4-32bb8247f11f Heaviness: 6 limit: 5
2019-09-26 10:59:19,643 [IPC Server handler 0 on 40095] INFO  pipeline.PipelinePlacementPolicy (PipelinePlacementPolicy.java:meetCriteria(91)) - Pipeline Placement: can't place more pipeline on heavy datanode： c1a9f1dd-6c0d-41cb-a4f1-f4597ac7f27c Heaviness: 6 limit: 5
2019-09-26 10:59:19,644 [IPC Server handler 0 on 40095] INFO  pipeline.PipelinePlacementPolicy (PipelinePlacementPolicy.java:meetCriteria(91)) - Pipeline Placement: can't place more pipeline on heavy datanode： 91fb8321-54d9-4a64-90be-ab1c2b6fea7b Heaviness: 6 limit: 5
2019-09-26 10:59:19,644 [IPC Server handler 0 on 40095] INFO  pipeline.PipelinePlacementPolicy (PipelinePlacementPolicy.java:meetCriteria(91)) - Pipeline Placement: can't place more pipeline on heavy datanode： cf629036-ace7-4ca9-94d6-fc8cc18310da Heaviness: 6 limit: 5
2019-09-26 10:59:19,644 [IPC Server handler 0 on 40095] INFO  pipeline.PipelinePlacementPolicy (PipelinePlacementPolicy.java:meetCriteria(91)) - Pipeline Placement: can't place more pipeline on heavy datanode： 2e8c5f4f-ba99-49b1-bcd5-57d537838a55 Heaviness: 6 limit: 5
2019-09-26 10:59:19,644 [IPC Server handler 0 on 40095] ERROR pipeline.PipelinePlacementPolicy (PipelinePlacementPolicy.java:filterViableNodes(148)) - Unable to find enough nodes that meet the criteria that cannot engage in more than 5 pipelines. Nodes required: 3 Found: 0, healthy nodes count inNodeManager: 5.
2019-09-26 10:59:19,645 [IPC Server handler 0 on 40095] ERROR pipeline.SCMPipelineManager (SCMPipelineManager.java:createPipeline(167)) - Pipeline creation failed.
org.apache.hadoop.hdds.scm.exceptions.SCMException: Unable to find enough nodes that meet the criteria that cannot engage in more than 5 pipelines. Nodes required: 3 Found: 0, healthy nodes count inNodeManager: 5.
	at org.apache.hadoop.hdds.scm.pipeline.PipelinePlacementPolicy.filterViableNodes(PipelinePlacementPolicy.java:149)
	at org.apache.hadoop.hdds.scm.pipeline.PipelinePlacementPolicy.chooseDatanodes(PipelinePlacementPolicy.java:172)
	at org.apache.hadoop.hdds.scm.pipeline.RatisPipelineProvider.create(RatisPipelineProvider.java:93)
	at org.apache.hadoop.hdds.scm.pipeline.PipelineFactory.create(PipelineFactory.java:58)
	at org.apache.hadoop.hdds.scm.pipeline.SCMPipelineManager.createPipeline(SCMPipelineManager.java:155)
	at org.apache.hadoop.hdds.scm.block.BlockManagerImpl.allocateBlock(BlockManagerImpl.java:190)
	at org.apache.hadoop.hdds.scm.server.SCMBlockProtocolServer.allocateBlock(SCMBlockProtocolServer.java:182)
	at org.apache.hadoop.ozone.protocolPB.ScmBlockLocationProtocolServerSideTranslatorPB.allocateScmBlock(ScmBlockLocationProtocolServerSideTranslatorPB.java:183)
	at org.apache.hadoop.ozone.protocolPB.ScmBlockLocationProtocolServerSideTranslatorPB.processMessage(ScmBlockLocationProtocolServerSideTranslatorPB.java:141)
	at org.apache.hadoop.ozone.protocolPB.ScmBlockLocationProtocolServerSideTranslatorPB.send(ScmBlockLocationProtocolServerSideTranslatorPB.java:116)
	at org.apache.hadoop.hdds.protocol.proto.ScmBlockLocationProtocolProtos$ScmBlockLocationProtocolService$2.callBlockingMethod(ScmBlockLocationProtocolProtos.java:13157)
	at org.apache.hadoop.ipc.ProtobufRpcEngine$Server$ProtoBufRpcInvoker.call(ProtobufRpcEngine.java:524)
	at org.apache.hadoop.ipc.RPC$Server.call(RPC.java:1025)
	at org.apache.hadoop.ipc.Server$RpcCall.run(Server.java:876)
	at org.apache.hadoop.ipc.Server$RpcCall.run(Server.java:822)
	at java.security.AccessController.doPrivileged(Native Method)
	at javax.security.auth.Subject.doAs(Subject.java:422)
	at org.apache.hadoop.security.UserGroupInformation.doAs(UserGroupInformation.java:1730)
	at org.apache.hadoop.ipc.Server$Handler.run(Server.java:2682)
2019-09-26 10:59:19,645 [IPC Server handler 0 on 40095] WARN  block.BlockManagerImpl (BlockManagerImpl.java:allocateBlock(192)) - Pipeline creation failed for type:RATIS factor:THREE. Retrying get pipelines call once.
org.apache.hadoop.hdds.scm.exceptions.SCMException: Unable to find enough nodes that meet the criteria that cannot engage in more than 5 pipelines. Nodes required: 3 Found: 0, healthy nodes count inNodeManager: 5.
	at org.apache.hadoop.hdds.scm.pipeline.PipelinePlacementPolicy.filterViableNodes(PipelinePlacementPolicy.java:149)
	at org.apache.hadoop.hdds.scm.pipeline.PipelinePlacementPolicy.chooseDatanodes(PipelinePlacementPolicy.java:172)
	at org.apache.hadoop.hdds.scm.pipeline.RatisPipelineProvider.create(RatisPipelineProvider.java:93)
	at org.apache.hadoop.hdds.scm.pipeline.PipelineFactory.create(PipelineFactory.java:58)
	at org.apache.hadoop.hdds.scm.pipeline.SCMPipelineManager.createPipeline(SCMPipelineManager.java:155)
	at org.apache.hadoop.hdds.scm.block.BlockManagerImpl.allocateBlock(BlockManagerImpl.java:190)
	at org.apache.hadoop.hdds.scm.server.SCMBlockProtocolServer.allocateBlock(SCMBlockProtocolServer.java:182)
	at org.apache.hadoop.ozone.protocolPB.ScmBlockLocationProtocolServerSideTranslatorPB.allocateScmBlock(ScmBlockLocationProtocolServerSideTranslatorPB.java:183)
	at org.apache.hadoop.ozone.protocolPB.ScmBlockLocationProtocolServerSideTranslatorPB.processMessage(ScmBlockLocationProtocolServerSideTranslatorPB.java:141)
	at org.apache.hadoop.ozone.protocolPB.ScmBlockLocationProtocolServerSideTranslatorPB.send(ScmBlockLocationProtocolServerSideTranslatorPB.java:116)
	at org.apache.hadoop.hdds.protocol.proto.ScmBlockLocationProtocolProtos$ScmBlockLocationProtocolService$2.callBlockingMethod(ScmBlockLocationProtocolProtos.java:13157)
	at org.apache.hadoop.ipc.ProtobufRpcEngine$Server$ProtoBufRpcInvoker.call(ProtobufRpcEngine.java:524)
	at org.apache.hadoop.ipc.RPC$Server.call(RPC.java:1025)
	at org.apache.hadoop.ipc.Server$RpcCall.run(Server.java:876)
	at org.apache.hadoop.ipc.Server$RpcCall.run(Server.java:822)
	at java.security.AccessController.doPrivileged(Native Method)
	at javax.security.auth.Subject.doAs(Subject.java:422)
	at org.apache.hadoop.security.UserGroupInformation.doAs(UserGroupInformation.java:1730)
	at org.apache.hadoop.ipc.Server$Handler.run(Server.java:2682)
2019-09-26 10:59:19,646 [IPC Server handler 0 on 40095] INFO  block.BlockManagerImpl (BlockManagerImpl.java:allocateBlock(198)) - Could not find available pipeline of type:RATIS and factor:THREE even after retrying
2019-09-26 10:59:19,646 [IPC Server handler 0 on 40095] ERROR block.BlockManagerImpl (BlockManagerImpl.java:allocateBlock(222)) - Unable to allocate a block for the size: 4194304, type: RATIS, factor: THREE
2019-09-26 10:59:19,654 [pool-73-thread-4] ERROR freon.RandomKeyGenerator (RandomKeyGenerator.java:createKey(733)) - Exception while adding key: key-0-91878 in bucket: bucket-0-31878 of volume: vol-0-11289.
INTERNAL_ERROR org.apache.hadoop.ozone.om.exceptions.OMException: Allocated 0 blocks. Requested 5 blocks
	at org.apache.hadoop.ozone.om.protocolPB.OzoneManagerProtocolClientSideTranslatorPB.handleError(OzoneManagerProtocolClientSideTranslatorPB.java:732)
	at org.apache.hadoop.ozone.om.protocolPB.OzoneManagerProtocolClientSideTranslatorPB.openKey(OzoneManagerProtocolClientSideTranslatorPB.java:723)
	at sun.reflect.NativeMethodAccessorImpl.invoke0(Native Method)
	at sun.reflect.NativeMethodAccessorImpl.invoke(NativeMethodAccessorImpl.java:62)
	at sun.reflect.DelegatingMethodAccessorImpl.invoke(DelegatingMethodAccessorImpl.java:43)
	at java.lang.reflect.Method.invoke(Method.java:498)
	at org.apache.hadoop.hdds.tracing.TraceAllMethod.invoke(TraceAllMethod.java:66)
	at com.sun.proxy.$Proxy37.openKey(Unknown Source)
	at org.apache.hadoop.ozone.client.rpc.RpcClient.createKey(RpcClient.java:614)
	at org.apache.hadoop.ozone.client.OzoneBucket.createKey(OzoneBucket.java:325)
	at org.apache.hadoop.ozone.freon.RandomKeyGenerator.createKey(RandomKeyGenerator.java:695)
	at org.apache.hadoop.ozone.freon.RandomKeyGenerator.access$1100(RandomKeyGenerator.java:88)
	at org.apache.hadoop.ozone.freon.RandomKeyGenerator$ObjectCreator.run(RandomKeyGenerator.java:615)
	at java.util.concurrent.Executors$RunnableAdapter.call(Executors.java:511)
	at java.util.concurrent.FutureTask.run(FutureTask.java:266)
	at java.util.concurrent.ThreadPoolExecutor.runWorker(ThreadPoolExecutor.java:1149)
	at java.util.concurrent.ThreadPoolExecutor$Worker.run(ThreadPoolExecutor.java:624)
	at java.lang.Thread.run(Thread.java:748)
 0.00% |█                                                                                                    |  0/1 Time: 0:00:02 0.00% |█                                                                                                    |  0/1 Time: 0:00:032019-09-26 10:59:21,819 [Thread-210] INFO  impl.FollowerState (FollowerState.java:run(106)) - 2e8c5f4f-ba99-49b1-bcd5-57d537838a55:group-597BAC5B19B2 changes to CANDIDATE, lastRpcTime:5114, electionTimeout:5113ms
2019-09-26 10:59:21,822 [Thread-210] INFO  impl.RoleInfo (RoleInfo.java:shutdownFollowerState(121)) - 2e8c5f4f-ba99-49b1-bcd5-57d537838a55: shutdown FollowerState
2019-09-26 10:59:21,822 [Thread-210] INFO  impl.RaftServerImpl (RaftServerImpl.java:setRole(174)) - 2e8c5f4f-ba99-49b1-bcd5-57d537838a55@group-597BAC5B19B2: changes role from  FOLLOWER to CANDIDATE at term 0 for changeToCandidate
2019-09-26 10:59:21,829 [Thread-210] INFO  impl.RoleInfo (RoleInfo.java:updateAndGet(143)) - 2e8c5f4f-ba99-49b1-bcd5-57d537838a55: start LeaderElection
2019-09-26 10:59:21,848 [2e8c5f4f-ba99-49b1-bcd5-57d537838a55@group-597BAC5B19B2:LeaderElection1] INFO  impl.LeaderElection (LeaderElection.java:askForVotes(182)) - 2e8c5f4f-ba99-49b1-bcd5-57d537838a55@group-597BAC5B19B2:LeaderElection1: begin an election at term 1 for -1: [2e8c5f4f-ba99-49b1-bcd5-57d537838a55:192.168.30.13:41803], old=null
2019-09-26 10:59:21,850 [2e8c5f4f-ba99-49b1-bcd5-57d537838a55@group-597BAC5B19B2:LeaderElection1] INFO  impl.RoleInfo (RoleInfo.java:shutdownLeaderElection(134)) - 2e8c5f4f-ba99-49b1-bcd5-57d537838a55: shutdown LeaderElection
2019-09-26 10:59:21,851 [2e8c5f4f-ba99-49b1-bcd5-57d537838a55@group-597BAC5B19B2:LeaderElection1] INFO  impl.RaftServerImpl (RaftServerImpl.java:setRole(174)) - 2e8c5f4f-ba99-49b1-bcd5-57d537838a55@group-597BAC5B19B2: changes role from CANDIDATE to LEADER at term 1 for changeToLeader
2019-09-26 10:59:21,851 [2e8c5f4f-ba99-49b1-bcd5-57d537838a55@group-597BAC5B19B2:LeaderElection1] INFO  impl.RaftServerImpl (ServerState.java:setLeader(253)) - 2e8c5f4f-ba99-49b1-bcd5-57d537838a55@group-597BAC5B19B2: change Leader from null to 2e8c5f4f-ba99-49b1-bcd5-57d537838a55 at term 1 for becomeLeader, leader elected after 5294ms
2019-09-26 10:59:21,875 [2e8c5f4f-ba99-49b1-bcd5-57d537838a55@group-597BAC5B19B2:LeaderElection1] INFO  server.RaftServerConfigKeys (ConfUtils.java:logGet(43)) - raft.server.staging.catchup.gap = 1000 (default)
2019-09-26 10:59:21,875 [2e8c5f4f-ba99-49b1-bcd5-57d537838a55@group-597BAC5B19B2:LeaderElection1] INFO  server.RaftServerConfigKeys (ConfUtils.java:logGet(43)) - raft.server.rpc.sleep.time = 25ms (default)
2019-09-26 10:59:21,879 [2e8c5f4f-ba99-49b1-bcd5-57d537838a55@group-597BAC5B19B2:LeaderElection1] INFO  server.RaftServerConfigKeys (ConfUtils.java:logGet(43)) - raft.server.write.element-limit = 4096 (default)
2019-09-26 10:59:21,882 [2e8c5f4f-ba99-49b1-bcd5-57d537838a55@group-597BAC5B19B2:LeaderElection1] INFO  server.RaftServerConfigKeys (ConfUtils.java:logGet(43)) - raft.server.watch.timeout = 10s (default)
2019-09-26 10:59:21,882 [2e8c5f4f-ba99-49b1-bcd5-57d537838a55@group-597BAC5B19B2:LeaderElection1] INFO  server.RaftServerConfigKeys (ConfUtils.java:logGet(43)) - raft.server.watch.timeout.denomination = 1s (default)
2019-09-26 10:59:21,884 [2e8c5f4f-ba99-49b1-bcd5-57d537838a55@group-597BAC5B19B2:LeaderElection1] INFO  server.RaftServerConfigKeys (ConfUtils.java:logGet(43)) - raft.server.watch.element-limit = 65536 (default)
2019-09-26 10:59:21,898 [2e8c5f4f-ba99-49b1-bcd5-57d537838a55@group-597BAC5B19B2:LeaderElection1] INFO  impl.RoleInfo (RoleInfo.java:updateAndGet(143)) - 2e8c5f4f-ba99-49b1-bcd5-57d537838a55: start LeaderState
2019-09-26 10:59:21,924 [2e8c5f4f-ba99-49b1-bcd5-57d537838a55@group-597BAC5B19B2:LeaderElection1] INFO  segmented.SegmentedRaftLogWorker (SegmentedRaftLogWorker.java:startLogSegment(380)) - 2e8c5f4f-ba99-49b1-bcd5-57d537838a55@group-597BAC5B19B2-SegmentedRaftLogWorker: Starting segment from index:0
2019-09-26 10:59:21,934 [2e8c5f4f-ba99-49b1-bcd5-57d537838a55@group-597BAC5B19B2:LeaderElection1] INFO  impl.RaftServerImpl (ServerState.java:setRaftConf(354)) - 2e8c5f4f-ba99-49b1-bcd5-57d537838a55@group-597BAC5B19B2: set configuration 0: [2e8c5f4f-ba99-49b1-bcd5-57d537838a55:192.168.30.13:41803], old=null at 0
2019-09-26 10:59:21,946 [Thread-213] INFO  impl.FollowerState (FollowerState.java:run(106)) - c1a9f1dd-6c0d-41cb-a4f1-f4597ac7f27c:group-F83A4ADF93A4 changes to CANDIDATE, lastRpcTime:5019, electionTimeout:5018ms
2019-09-26 10:59:21,951 [Thread-213] INFO  impl.RoleInfo (RoleInfo.java:shutdownFollowerState(121)) - c1a9f1dd-6c0d-41cb-a4f1-f4597ac7f27c: shutdown FollowerState
2019-09-26 10:59:21,952 [Thread-213] INFO  impl.RaftServerImpl (RaftServerImpl.java:setRole(174)) - c1a9f1dd-6c0d-41cb-a4f1-f4597ac7f27c@group-F83A4ADF93A4: changes role from  FOLLOWER to CANDIDATE at term 0 for changeToCandidate
2019-09-26 10:59:21,952 [Thread-213] INFO  impl.RoleInfo (RoleInfo.java:updateAndGet(143)) - c1a9f1dd-6c0d-41cb-a4f1-f4597ac7f27c: start LeaderElection
2019-09-26 10:59:21,969 [c1a9f1dd-6c0d-41cb-a4f1-f4597ac7f27c@group-F83A4ADF93A4:LeaderElection2] INFO  impl.LeaderElection (LeaderElection.java:askForVotes(182)) - c1a9f1dd-6c0d-41cb-a4f1-f4597ac7f27c@group-F83A4ADF93A4:LeaderElection2: begin an election at term 1 for -1: [c1a9f1dd-6c0d-41cb-a4f1-f4597ac7f27c:192.168.30.13:44506], old=null
2019-09-26 10:59:21,969 [c1a9f1dd-6c0d-41cb-a4f1-f4597ac7f27c@group-F83A4ADF93A4:LeaderElection2] INFO  impl.RoleInfo (RoleInfo.java:shutdownLeaderElection(134)) - c1a9f1dd-6c0d-41cb-a4f1-f4597ac7f27c: shutdown LeaderElection
2019-09-26 10:59:21,970 [c1a9f1dd-6c0d-41cb-a4f1-f4597ac7f27c@group-F83A4ADF93A4:LeaderElection2] INFO  impl.RaftServerImpl (RaftServerImpl.java:setRole(174)) - c1a9f1dd-6c0d-41cb-a4f1-f4597ac7f27c@group-F83A4ADF93A4: changes role from CANDIDATE to LEADER at term 1 for changeToLeader
2019-09-26 10:59:21,970 [c1a9f1dd-6c0d-41cb-a4f1-f4597ac7f27c@group-F83A4ADF93A4:LeaderElection2] INFO  impl.RaftServerImpl (ServerState.java:setLeader(253)) - c1a9f1dd-6c0d-41cb-a4f1-f4597ac7f27c@group-F83A4ADF93A4: change Leader from null to c1a9f1dd-6c0d-41cb-a4f1-f4597ac7f27c at term 1 for becomeLeader, leader elected after 5063ms
2019-09-26 10:59:21,971 [c1a9f1dd-6c0d-41cb-a4f1-f4597ac7f27c@group-F83A4ADF93A4:LeaderElection2] INFO  server.RaftServerConfigKeys (ConfUtils.java:logGet(43)) - raft.server.staging.catchup.gap = 1000 (default)
2019-09-26 10:59:21,972 [c1a9f1dd-6c0d-41cb-a4f1-f4597ac7f27c@group-F83A4ADF93A4:LeaderElection2] INFO  server.RaftServerConfigKeys (ConfUtils.java:logGet(43)) - raft.server.rpc.sleep.time = 25ms (default)
2019-09-26 10:59:21,972 [c1a9f1dd-6c0d-41cb-a4f1-f4597ac7f27c@group-F83A4ADF93A4:LeaderElection2] INFO  server.RaftServerConfigKeys (ConfUtils.java:logGet(43)) - raft.server.write.element-limit = 4096 (default)
2019-09-26 10:59:21,972 [c1a9f1dd-6c0d-41cb-a4f1-f4597ac7f27c@group-F83A4ADF93A4:LeaderElection2] INFO  server.RaftServerConfigKeys (ConfUtils.java:logGet(43)) - raft.server.watch.timeout = 10s (default)
2019-09-26 10:59:21,972 [c1a9f1dd-6c0d-41cb-a4f1-f4597ac7f27c@group-F83A4ADF93A4:LeaderElection2] INFO  server.RaftServerConfigKeys (ConfUtils.java:logGet(43)) - raft.server.watch.timeout.denomination = 1s (default)
2019-09-26 10:59:21,973 [c1a9f1dd-6c0d-41cb-a4f1-f4597ac7f27c@group-F83A4ADF93A4:LeaderElection2] INFO  server.RaftServerConfigKeys (ConfUtils.java:logGet(43)) - raft.server.watch.element-limit = 65536 (default)
2019-09-26 10:59:21,976 [c1a9f1dd-6c0d-41cb-a4f1-f4597ac7f27c@group-F83A4ADF93A4:LeaderElection2] INFO  impl.RoleInfo (RoleInfo.java:updateAndGet(143)) - c1a9f1dd-6c0d-41cb-a4f1-f4597ac7f27c: start LeaderState
2019-09-26 10:59:21,976 [c1a9f1dd-6c0d-41cb-a4f1-f4597ac7f27c@group-F83A4ADF93A4:LeaderElection2] INFO  segmented.SegmentedRaftLogWorker (SegmentedRaftLogWorker.java:startLogSegment(380)) - c1a9f1dd-6c0d-41cb-a4f1-f4597ac7f27c@group-F83A4ADF93A4-SegmentedRaftLogWorker: Starting segment from index:0
2019-09-26 10:59:21,977 [c1a9f1dd-6c0d-41cb-a4f1-f4597ac7f27c@group-F83A4ADF93A4:LeaderElection2] INFO  impl.RaftServerImpl (ServerState.java:setRaftConf(354)) - c1a9f1dd-6c0d-41cb-a4f1-f4597ac7f27c@group-F83A4ADF93A4: set configuration 0: [c1a9f1dd-6c0d-41cb-a4f1-f4597ac7f27c:192.168.30.13:44506], old=null at 0
 0.00% |█                                                                                                    |  0/1 Time: 0:00:042019-09-26 10:59:22,153 [2e8c5f4f-ba99-49b1-bcd5-57d537838a55@group-597BAC5B19B2-SegmentedRaftLogWorker] INFO  segmented.SegmentedRaftLogWorker (SegmentedRaftLogWorker.java:execute(569)) - 2e8c5f4f-ba99-49b1-bcd5-57d537838a55@group-597BAC5B19B2-SegmentedRaftLogWorker: created new log segment /workdir/hadoop-ozone/tools/target/test-dir/MiniOzoneClusterImpl-500c1b69-91fd-4a69-8f24-d9dc154afa78/datanode-0/data/ratis/28b46455-72d6-41f5-adf1-597bac5b19b2/current/log_inprogress_0
2019-09-26 10:59:22,153 [c1a9f1dd-6c0d-41cb-a4f1-f4597ac7f27c@group-F83A4ADF93A4-SegmentedRaftLogWorker] INFO  segmented.SegmentedRaftLogWorker (SegmentedRaftLogWorker.java:execute(569)) - c1a9f1dd-6c0d-41cb-a4f1-f4597ac7f27c@group-F83A4ADF93A4-SegmentedRaftLogWorker: created new log segment /workdir/hadoop-ozone/tools/target/test-dir/MiniOzoneClusterImpl-500c1b69-91fd-4a69-8f24-d9dc154afa78/datanode-2/data/ratis/8542f24c-9a0c-4f7d-8879-f83a4adf93a4/current/log_inprogress_0
2019-09-26 10:59:22,171 [Thread-216] INFO  impl.FollowerState (FollowerState.java:run(106)) - 91fb8321-54d9-4a64-90be-ab1c2b6fea7b:group-75914CF6CA9F changes to CANDIDATE, lastRpcTime:5101, electionTimeout:5101ms
2019-09-26 10:59:22,173 [Thread-216] INFO  impl.RoleInfo (RoleInfo.java:shutdownFollowerState(121)) - 91fb8321-54d9-4a64-90be-ab1c2b6fea7b: shutdown FollowerState
2019-09-26 10:59:22,173 [Thread-216] INFO  impl.RaftServerImpl (RaftServerImpl.java:setRole(174)) - 91fb8321-54d9-4a64-90be-ab1c2b6fea7b@group-75914CF6CA9F: changes role from  FOLLOWER to CANDIDATE at term 0 for changeToCandidate
2019-09-26 10:59:22,173 [Thread-216] INFO  impl.RoleInfo (RoleInfo.java:updateAndGet(143)) - 91fb8321-54d9-4a64-90be-ab1c2b6fea7b: start LeaderElection
2019-09-26 10:59:22,191 [91fb8321-54d9-4a64-90be-ab1c2b6fea7b@group-75914CF6CA9F:LeaderElection3] INFO  impl.LeaderElection (LeaderElection.java:askForVotes(182)) - 91fb8321-54d9-4a64-90be-ab1c2b6fea7b@group-75914CF6CA9F:LeaderElection3: begin an election at term 1 for -1: [91fb8321-54d9-4a64-90be-ab1c2b6fea7b:192.168.30.13:42819], old=null
2019-09-26 10:59:22,192 [91fb8321-54d9-4a64-90be-ab1c2b6fea7b@group-75914CF6CA9F:LeaderElection3] INFO  impl.RoleInfo (RoleInfo.java:shutdownLeaderElection(134)) - 91fb8321-54d9-4a64-90be-ab1c2b6fea7b: shutdown LeaderElection
2019-09-26 10:59:22,193 [91fb8321-54d9-4a64-90be-ab1c2b6fea7b@group-75914CF6CA9F:LeaderElection3] INFO  impl.RaftServerImpl (RaftServerImpl.java:setRole(174)) - 91fb8321-54d9-4a64-90be-ab1c2b6fea7b@group-75914CF6CA9F: changes role from CANDIDATE to LEADER at term 1 for changeToLeader
2019-09-26 10:59:22,193 [91fb8321-54d9-4a64-90be-ab1c2b6fea7b@group-75914CF6CA9F:LeaderElection3] INFO  impl.RaftServerImpl (ServerState.java:setLeader(253)) - 91fb8321-54d9-4a64-90be-ab1c2b6fea7b@group-75914CF6CA9F: change Leader from null to 91fb8321-54d9-4a64-90be-ab1c2b6fea7b at term 1 for becomeLeader, leader elected after 5168ms
2019-09-26 10:59:22,194 [91fb8321-54d9-4a64-90be-ab1c2b6fea7b@group-75914CF6CA9F:LeaderElection3] INFO  server.RaftServerConfigKeys (ConfUtils.java:logGet(43)) - raft.server.staging.catchup.gap = 1000 (default)
2019-09-26 10:59:22,195 [91fb8321-54d9-4a64-90be-ab1c2b6fea7b@group-75914CF6CA9F:LeaderElection3] INFO  server.RaftServerConfigKeys (ConfUtils.java:logGet(43)) - raft.server.rpc.sleep.time = 25ms (default)
2019-09-26 10:59:22,195 [91fb8321-54d9-4a64-90be-ab1c2b6fea7b@group-75914CF6CA9F:LeaderElection3] INFO  server.RaftServerConfigKeys (ConfUtils.java:logGet(43)) - raft.server.write.element-limit = 4096 (default)
2019-09-26 10:59:22,195 [91fb8321-54d9-4a64-90be-ab1c2b6fea7b@group-75914CF6CA9F:LeaderElection3] INFO  server.RaftServerConfigKeys (ConfUtils.java:logGet(43)) - raft.server.watch.timeout = 10s (default)
2019-09-26 10:59:22,195 [91fb8321-54d9-4a64-90be-ab1c2b6fea7b@group-75914CF6CA9F:LeaderElection3] INFO  server.RaftServerConfigKeys (ConfUtils.java:logGet(43)) - raft.server.watch.timeout.denomination = 1s (default)
2019-09-26 10:59:22,195 [91fb8321-54d9-4a64-90be-ab1c2b6fea7b@group-75914CF6CA9F:LeaderElection3] INFO  server.RaftServerConfigKeys (ConfUtils.java:logGet(43)) - raft.server.watch.element-limit = 65536 (default)
2019-09-26 10:59:22,198 [91fb8321-54d9-4a64-90be-ab1c2b6fea7b@group-75914CF6CA9F:LeaderElection3] INFO  impl.RoleInfo (RoleInfo.java:updateAndGet(143)) - 91fb8321-54d9-4a64-90be-ab1c2b6fea7b: start LeaderState
2019-09-26 10:59:22,199 [91fb8321-54d9-4a64-90be-ab1c2b6fea7b@group-75914CF6CA9F:LeaderElection3] INFO  segmented.SegmentedRaftLogWorker (SegmentedRaftLogWorker.java:startLogSegment(380)) - 91fb8321-54d9-4a64-90be-ab1c2b6fea7b@group-75914CF6CA9F-SegmentedRaftLogWorker: Starting segment from index:0
2019-09-26 10:59:22,199 [91fb8321-54d9-4a64-90be-ab1c2b6fea7b@group-75914CF6CA9F:LeaderElection3] INFO  impl.RaftServerImpl (ServerState.java:setRaftConf(354)) - 91fb8321-54d9-4a64-90be-ab1c2b6fea7b@group-75914CF6CA9F: set configuration 0: [91fb8321-54d9-4a64-90be-ab1c2b6fea7b:192.168.30.13:42819], old=null at 0
2019-09-26 10:59:22,261 [91fb8321-54d9-4a64-90be-ab1c2b6fea7b@group-75914CF6CA9F-SegmentedRaftLogWorker] INFO  segmented.SegmentedRaftLogWorker (SegmentedRaftLogWorker.java:execute(569)) - 91fb8321-54d9-4a64-90be-ab1c2b6fea7b@group-75914CF6CA9F-SegmentedRaftLogWorker: created new log segment /workdir/hadoop-ozone/tools/target/test-dir/MiniOzoneClusterImpl-500c1b69-91fd-4a69-8f24-d9dc154afa78/datanode-4/data/ratis/1d7011c1-8a75-41d7-a206-75914cf6ca9f/current/log_inprogress_0
2019-09-26 10:59:22,276 [Thread-222] INFO  impl.FollowerState (FollowerState.java:run(106)) - 91fb8321-54d9-4a64-90be-ab1c2b6fea7b:group-549A22A054A1 changes to CANDIDATE, lastRpcTime:5037, electionTimeout:5036ms
2019-09-26 10:59:22,277 [Thread-222] INFO  impl.RoleInfo (RoleInfo.java:shutdownFollowerState(121)) - 91fb8321-54d9-4a64-90be-ab1c2b6fea7b: shutdown FollowerState
2019-09-26 10:59:22,277 [Thread-222] INFO  impl.RaftServerImpl (RaftServerImpl.java:setRole(174)) - 91fb8321-54d9-4a64-90be-ab1c2b6fea7b@group-549A22A054A1: changes role from  FOLLOWER to CANDIDATE at term 0 for changeToCandidate
2019-09-26 10:59:22,277 [Thread-222] INFO  impl.RoleInfo (RoleInfo.java:updateAndGet(143)) - 91fb8321-54d9-4a64-90be-ab1c2b6fea7b: start LeaderElection
2019-09-26 10:59:22,292 [Thread-219] INFO  impl.FollowerState (FollowerState.java:run(106)) - c1a9f1dd-6c0d-41cb-a4f1-f4597ac7f27c:group-3288700592EF changes to CANDIDATE, lastRpcTime:5143, electionTimeout:5143ms
2019-09-26 10:59:22,292 [Thread-219] INFO  impl.RoleInfo (RoleInfo.java:shutdownFollowerState(121)) - c1a9f1dd-6c0d-41cb-a4f1-f4597ac7f27c: shutdown FollowerState
2019-09-26 10:59:22,293 [Thread-219] INFO  impl.RaftServerImpl (RaftServerImpl.java:setRole(174)) - c1a9f1dd-6c0d-41cb-a4f1-f4597ac7f27c@group-3288700592EF: changes role from  FOLLOWER to CANDIDATE at term 0 for changeToCandidate
2019-09-26 10:59:22,293 [Thread-219] INFO  impl.RoleInfo (RoleInfo.java:updateAndGet(143)) - c1a9f1dd-6c0d-41cb-a4f1-f4597ac7f27c: start LeaderElection
2019-09-26 10:59:22,298 [91fb8321-54d9-4a64-90be-ab1c2b6fea7b@group-549A22A054A1:LeaderElection4] INFO  impl.LeaderElection (LeaderElection.java:askForVotes(182)) - 91fb8321-54d9-4a64-90be-ab1c2b6fea7b@group-549A22A054A1:LeaderElection4: begin an election at term 1 for -1: [91fb8321-54d9-4a64-90be-ab1c2b6fea7b:192.168.30.13:42819], old=null
2019-09-26 10:59:22,298 [91fb8321-54d9-4a64-90be-ab1c2b6fea7b@group-549A22A054A1:LeaderElection4] INFO  impl.RoleInfo (RoleInfo.java:shutdownLeaderElection(134)) - 91fb8321-54d9-4a64-90be-ab1c2b6fea7b: shutdown LeaderElection
2019-09-26 10:59:22,299 [91fb8321-54d9-4a64-90be-ab1c2b6fea7b@group-549A22A054A1:LeaderElection4] INFO  impl.RaftServerImpl (RaftServerImpl.java:setRole(174)) - 91fb8321-54d9-4a64-90be-ab1c2b6fea7b@group-549A22A054A1: changes role from CANDIDATE to LEADER at term 1 for changeToLeader
2019-09-26 10:59:22,299 [91fb8321-54d9-4a64-90be-ab1c2b6fea7b@group-549A22A054A1:LeaderElection4] INFO  impl.RaftServerImpl (ServerState.java:setLeader(253)) - 91fb8321-54d9-4a64-90be-ab1c2b6fea7b@group-549A22A054A1: change Leader from null to 91fb8321-54d9-4a64-90be-ab1c2b6fea7b at term 1 for becomeLeader, leader elected after 5070ms
2019-09-26 10:59:22,299 [91fb8321-54d9-4a64-90be-ab1c2b6fea7b@group-549A22A054A1:LeaderElection4] INFO  server.RaftServerConfigKeys (ConfUtils.java:logGet(43)) - raft.server.staging.catchup.gap = 1000 (default)
2019-09-26 10:59:22,299 [91fb8321-54d9-4a64-90be-ab1c2b6fea7b@group-549A22A054A1:LeaderElection4] INFO  server.RaftServerConfigKeys (ConfUtils.java:logGet(43)) - raft.server.rpc.sleep.time = 25ms (default)
2019-09-26 10:59:22,300 [91fb8321-54d9-4a64-90be-ab1c2b6fea7b@group-549A22A054A1:LeaderElection4] INFO  server.RaftServerConfigKeys (ConfUtils.java:logGet(43)) - raft.server.write.element-limit = 4096 (default)
2019-09-26 10:59:22,300 [91fb8321-54d9-4a64-90be-ab1c2b6fea7b@group-549A22A054A1:LeaderElection4] INFO  server.RaftServerConfigKeys (ConfUtils.java:logGet(43)) - raft.server.watch.timeout = 10s (default)
2019-09-26 10:59:22,300 [91fb8321-54d9-4a64-90be-ab1c2b6fea7b@group-549A22A054A1:LeaderElection4] INFO  server.RaftServerConfigKeys (ConfUtils.java:logGet(43)) - raft.server.watch.timeout.denomination = 1s (default)
2019-09-26 10:59:22,300 [91fb8321-54d9-4a64-90be-ab1c2b6fea7b@group-549A22A054A1:LeaderElection4] INFO  server.RaftServerConfigKeys (ConfUtils.java:logGet(43)) - raft.server.watch.element-limit = 65536 (default)
2019-09-26 10:59:22,303 [91fb8321-54d9-4a64-90be-ab1c2b6fea7b@group-549A22A054A1:LeaderElection4] INFO  impl.RoleInfo (RoleInfo.java:updateAndGet(143)) - 91fb8321-54d9-4a64-90be-ab1c2b6fea7b: start LeaderState
2019-09-26 10:59:22,304 [91fb8321-54d9-4a64-90be-ab1c2b6fea7b@group-549A22A054A1:LeaderElection4] INFO  segmented.SegmentedRaftLogWorker (SegmentedRaftLogWorker.java:startLogSegment(380)) - 91fb8321-54d9-4a64-90be-ab1c2b6fea7b@group-549A22A054A1-SegmentedRaftLogWorker: Starting segment from index:0
2019-09-26 10:59:22,304 [91fb8321-54d9-4a64-90be-ab1c2b6fea7b@group-549A22A054A1:LeaderElection4] INFO  impl.RaftServerImpl (ServerState.java:setRaftConf(354)) - 91fb8321-54d9-4a64-90be-ab1c2b6fea7b@group-549A22A054A1: set configuration 0: [91fb8321-54d9-4a64-90be-ab1c2b6fea7b:192.168.30.13:42819], old=null at 0
2019-09-26 10:59:22,344 [c1a9f1dd-6c0d-41cb-a4f1-f4597ac7f27c@group-3288700592EF:LeaderElection5] INFO  impl.LeaderElection (LeaderElection.java:askForVotes(182)) - c1a9f1dd-6c0d-41cb-a4f1-f4597ac7f27c@group-3288700592EF:LeaderElection5: begin an election at term 1 for -1: [c1a9f1dd-6c0d-41cb-a4f1-f4597ac7f27c:192.168.30.13:44506], old=null
2019-09-26 10:59:22,344 [c1a9f1dd-6c0d-41cb-a4f1-f4597ac7f27c@group-3288700592EF:LeaderElection5] INFO  impl.RoleInfo (RoleInfo.java:shutdownLeaderElection(134)) - c1a9f1dd-6c0d-41cb-a4f1-f4597ac7f27c: shutdown LeaderElection
2019-09-26 10:59:22,345 [c1a9f1dd-6c0d-41cb-a4f1-f4597ac7f27c@group-3288700592EF:LeaderElection5] INFO  impl.RaftServerImpl (RaftServerImpl.java:setRole(174)) - c1a9f1dd-6c0d-41cb-a4f1-f4597ac7f27c@group-3288700592EF: changes role from CANDIDATE to LEADER at term 1 for changeToLeader
2019-09-26 10:59:22,345 [c1a9f1dd-6c0d-41cb-a4f1-f4597ac7f27c@group-3288700592EF:LeaderElection5] INFO  impl.RaftServerImpl (ServerState.java:setLeader(253)) - c1a9f1dd-6c0d-41cb-a4f1-f4597ac7f27c@group-3288700592EF: change Leader from null to c1a9f1dd-6c0d-41cb-a4f1-f4597ac7f27c at term 1 for becomeLeader, leader elected after 5205ms
2019-09-26 10:59:22,345 [c1a9f1dd-6c0d-41cb-a4f1-f4597ac7f27c@group-3288700592EF:LeaderElection5] INFO  server.RaftServerConfigKeys (ConfUtils.java:logGet(43)) - raft.server.staging.catchup.gap = 1000 (default)
2019-09-26 10:59:22,345 [c1a9f1dd-6c0d-41cb-a4f1-f4597ac7f27c@group-3288700592EF:LeaderElection5] INFO  server.RaftServerConfigKeys (ConfUtils.java:logGet(43)) - raft.server.rpc.sleep.time = 25ms (default)
2019-09-26 10:59:22,345 [c1a9f1dd-6c0d-41cb-a4f1-f4597ac7f27c@group-3288700592EF:LeaderElection5] INFO  server.RaftServerConfigKeys (ConfUtils.java:logGet(43)) - raft.server.write.element-limit = 4096 (default)
2019-09-26 10:59:22,346 [c1a9f1dd-6c0d-41cb-a4f1-f4597ac7f27c@group-3288700592EF:LeaderElection5] INFO  server.RaftServerConfigKeys (ConfUtils.java:logGet(43)) - raft.server.watch.timeout = 10s (default)
2019-09-26 10:59:22,346 [c1a9f1dd-6c0d-41cb-a4f1-f4597ac7f27c@group-3288700592EF:LeaderElection5] INFO  server.RaftServerConfigKeys (ConfUtils.java:logGet(43)) - raft.server.watch.timeout.denomination = 1s (default)
2019-09-26 10:59:22,346 [c1a9f1dd-6c0d-41cb-a4f1-f4597ac7f27c@group-3288700592EF:LeaderElection5] INFO  server.RaftServerConfigKeys (ConfUtils.java:logGet(43)) - raft.server.watch.element-limit = 65536 (default)
2019-09-26 10:59:22,349 [c1a9f1dd-6c0d-41cb-a4f1-f4597ac7f27c@group-3288700592EF:LeaderElection5] INFO  impl.RoleInfo (RoleInfo.java:updateAndGet(143)) - c1a9f1dd-6c0d-41cb-a4f1-f4597ac7f27c: start LeaderState
2019-09-26 10:59:22,349 [c1a9f1dd-6c0d-41cb-a4f1-f4597ac7f27c@group-3288700592EF:LeaderElection5] INFO  segmented.SegmentedRaftLogWorker (SegmentedRaftLogWorker.java:startLogSegment(380)) - c1a9f1dd-6c0d-41cb-a4f1-f4597ac7f27c@group-3288700592EF-SegmentedRaftLogWorker: Starting segment from index:0
2019-09-26 10:59:22,350 [c1a9f1dd-6c0d-41cb-a4f1-f4597ac7f27c@group-3288700592EF:LeaderElection5] INFO  impl.RaftServerImpl (ServerState.java:setRaftConf(354)) - c1a9f1dd-6c0d-41cb-a4f1-f4597ac7f27c@group-3288700592EF: set configuration 0: [c1a9f1dd-6c0d-41cb-a4f1-f4597ac7f27c:192.168.30.13:44506], old=null at 0
2019-09-26 10:59:22,390 [91fb8321-54d9-4a64-90be-ab1c2b6fea7b@group-549A22A054A1-SegmentedRaftLogWorker] INFO  segmented.SegmentedRaftLogWorker (SegmentedRaftLogWorker.java:execute(569)) - 91fb8321-54d9-4a64-90be-ab1c2b6fea7b@group-549A22A054A1-SegmentedRaftLogWorker: created new log segment /workdir/hadoop-ozone/tools/target/test-dir/MiniOzoneClusterImpl-500c1b69-91fd-4a69-8f24-d9dc154afa78/datanode-4/data/ratis/7fd8a3f1-ec75-49b0-a62f-549a22a054a1/current/log_inprogress_0
2019-09-26 10:59:22,404 [c1a9f1dd-6c0d-41cb-a4f1-f4597ac7f27c@group-3288700592EF-SegmentedRaftLogWorker] INFO  segmented.SegmentedRaftLogWorker (SegmentedRaftLogWorker.java:execute(569)) - c1a9f1dd-6c0d-41cb-a4f1-f4597ac7f27c@group-3288700592EF-SegmentedRaftLogWorker: created new log segment /workdir/hadoop-ozone/tools/target/test-dir/MiniOzoneClusterImpl-500c1b69-91fd-4a69-8f24-d9dc154afa78/datanode-2/data/ratis/0159ab23-661a-472a-b820-3288700592ef/current/log_inprogress_0
2019-09-26 10:59:22,437 [Thread-228] INFO  impl.FollowerState (FollowerState.java:run(106)) - 91fb8321-54d9-4a64-90be-ab1c2b6fea7b:group-088850AF5A02 changes to CANDIDATE, lastRpcTime:5008, electionTimeout:5008ms
2019-09-26 10:59:22,437 [Thread-228] INFO  impl.RoleInfo (RoleInfo.java:shutdownFollowerState(121)) - 91fb8321-54d9-4a64-90be-ab1c2b6fea7b: shutdown FollowerState
2019-09-26 10:59:22,437 [Thread-228] INFO  impl.RaftServerImpl (RaftServerImpl.java:setRole(174)) - 91fb8321-54d9-4a64-90be-ab1c2b6fea7b@group-088850AF5A02: changes role from  FOLLOWER to CANDIDATE at term 0 for changeToCandidate
2019-09-26 10:59:22,437 [Thread-228] INFO  impl.RoleInfo (RoleInfo.java:updateAndGet(143)) - 91fb8321-54d9-4a64-90be-ab1c2b6fea7b: start LeaderElection
2019-09-26 10:59:22,467 [91fb8321-54d9-4a64-90be-ab1c2b6fea7b@group-088850AF5A02:LeaderElection6] INFO  impl.LeaderElection (LeaderElection.java:askForVotes(182)) - 91fb8321-54d9-4a64-90be-ab1c2b6fea7b@group-088850AF5A02:LeaderElection6: begin an election at term 1 for -1: [91fb8321-54d9-4a64-90be-ab1c2b6fea7b:192.168.30.13:42819], old=null
2019-09-26 10:59:22,467 [91fb8321-54d9-4a64-90be-ab1c2b6fea7b@group-088850AF5A02:LeaderElection6] INFO  impl.RoleInfo (RoleInfo.java:shutdownLeaderElection(134)) - 91fb8321-54d9-4a64-90be-ab1c2b6fea7b: shutdown LeaderElection
2019-09-26 10:59:22,468 [91fb8321-54d9-4a64-90be-ab1c2b6fea7b@group-088850AF5A02:LeaderElection6] INFO  impl.RaftServerImpl (RaftServerImpl.java:setRole(174)) - 91fb8321-54d9-4a64-90be-ab1c2b6fea7b@group-088850AF5A02: changes role from CANDIDATE to LEADER at term 1 for changeToLeader
2019-09-26 10:59:22,468 [91fb8321-54d9-4a64-90be-ab1c2b6fea7b@group-088850AF5A02:LeaderElection6] INFO  impl.RaftServerImpl (ServerState.java:setLeader(253)) - 91fb8321-54d9-4a64-90be-ab1c2b6fea7b@group-088850AF5A02: change Leader from null to 91fb8321-54d9-4a64-90be-ab1c2b6fea7b at term 1 for becomeLeader, leader elected after 5051ms
2019-09-26 10:59:22,468 [91fb8321-54d9-4a64-90be-ab1c2b6fea7b@group-088850AF5A02:LeaderElection6] INFO  server.RaftServerConfigKeys (ConfUtils.java:logGet(43)) - raft.server.staging.catchup.gap = 1000 (default)
2019-09-26 10:59:22,468 [91fb8321-54d9-4a64-90be-ab1c2b6fea7b@group-088850AF5A02:LeaderElection6] INFO  server.RaftServerConfigKeys (ConfUtils.java:logGet(43)) - raft.server.rpc.sleep.time = 25ms (default)
2019-09-26 10:59:22,468 [91fb8321-54d9-4a64-90be-ab1c2b6fea7b@group-088850AF5A02:LeaderElection6] INFO  server.RaftServerConfigKeys (ConfUtils.java:logGet(43)) - raft.server.write.element-limit = 4096 (default)
2019-09-26 10:59:22,469 [91fb8321-54d9-4a64-90be-ab1c2b6fea7b@group-088850AF5A02:LeaderElection6] INFO  server.RaftServerConfigKeys (ConfUtils.java:logGet(43)) - raft.server.watch.timeout = 10s (default)
2019-09-26 10:59:22,469 [91fb8321-54d9-4a64-90be-ab1c2b6fea7b@group-088850AF5A02:LeaderElection6] INFO  server.RaftServerConfigKeys (ConfUtils.java:logGet(43)) - raft.server.watch.timeout.denomination = 1s (default)
2019-09-26 10:59:22,469 [91fb8321-54d9-4a64-90be-ab1c2b6fea7b@group-088850AF5A02:LeaderElection6] INFO  server.RaftServerConfigKeys (ConfUtils.java:logGet(43)) - raft.server.watch.element-limit = 65536 (default)
2019-09-26 10:59:22,472 [91fb8321-54d9-4a64-90be-ab1c2b6fea7b@group-088850AF5A02:LeaderElection6] INFO  impl.RoleInfo (RoleInfo.java:updateAndGet(143)) - 91fb8321-54d9-4a64-90be-ab1c2b6fea7b: start LeaderState
2019-09-26 10:59:22,472 [91fb8321-54d9-4a64-90be-ab1c2b6fea7b@group-088850AF5A02:LeaderElection6] INFO  segmented.SegmentedRaftLogWorker (SegmentedRaftLogWorker.java:startLogSegment(380)) - 91fb8321-54d9-4a64-90be-ab1c2b6fea7b@group-088850AF5A02-SegmentedRaftLogWorker: Starting segment from index:0
2019-09-26 10:59:22,473 [91fb8321-54d9-4a64-90be-ab1c2b6fea7b@group-088850AF5A02:LeaderElection6] INFO  impl.RaftServerImpl (ServerState.java:setRaftConf(354)) - 91fb8321-54d9-4a64-90be-ab1c2b6fea7b@group-088850AF5A02: set configuration 0: [91fb8321-54d9-4a64-90be-ab1c2b6fea7b:192.168.30.13:42819], old=null at 0
2019-09-26 10:59:22,521 [Thread-225] INFO  impl.FollowerState (FollowerState.java:run(106)) - c1a9f1dd-6c0d-41cb-a4f1-f4597ac7f27c:group-D867A5C68368 changes to CANDIDATE, lastRpcTime:5195, electionTimeout:5195ms
2019-09-26 10:59:22,522 [Thread-225] INFO  impl.RoleInfo (RoleInfo.java:shutdownFollowerState(121)) - c1a9f1dd-6c0d-41cb-a4f1-f4597ac7f27c: shutdown FollowerState
2019-09-26 10:59:22,522 [Thread-225] INFO  impl.RaftServerImpl (RaftServerImpl.java:setRole(174)) - c1a9f1dd-6c0d-41cb-a4f1-f4597ac7f27c@group-D867A5C68368: changes role from  FOLLOWER to CANDIDATE at term 0 for changeToCandidate
2019-09-26 10:59:22,522 [Thread-225] INFO  impl.RoleInfo (RoleInfo.java:updateAndGet(143)) - c1a9f1dd-6c0d-41cb-a4f1-f4597ac7f27c: start LeaderElection
2019-09-26 10:59:22,540 [91fb8321-54d9-4a64-90be-ab1c2b6fea7b@group-088850AF5A02-SegmentedRaftLogWorker] INFO  segmented.SegmentedRaftLogWorker (SegmentedRaftLogWorker.java:execute(569)) - 91fb8321-54d9-4a64-90be-ab1c2b6fea7b@group-088850AF5A02-SegmentedRaftLogWorker: created new log segment /workdir/hadoop-ozone/tools/target/test-dir/MiniOzoneClusterImpl-500c1b69-91fd-4a69-8f24-d9dc154afa78/datanode-4/data/ratis/9f29ae85-ccd5-4557-885a-088850af5a02/current/log_inprogress_0
2019-09-26 10:59:22,541 [c1a9f1dd-6c0d-41cb-a4f1-f4597ac7f27c@group-D867A5C68368:LeaderElection7] INFO  impl.LeaderElection (LeaderElection.java:askForVotes(182)) - c1a9f1dd-6c0d-41cb-a4f1-f4597ac7f27c@group-D867A5C68368:LeaderElection7: begin an election at term 1 for -1: [c1a9f1dd-6c0d-41cb-a4f1-f4597ac7f27c:192.168.30.13:44506], old=null
2019-09-26 10:59:22,541 [c1a9f1dd-6c0d-41cb-a4f1-f4597ac7f27c@group-D867A5C68368:LeaderElection7] INFO  impl.RoleInfo (RoleInfo.java:shutdownLeaderElection(134)) - c1a9f1dd-6c0d-41cb-a4f1-f4597ac7f27c: shutdown LeaderElection
2019-09-26 10:59:22,542 [c1a9f1dd-6c0d-41cb-a4f1-f4597ac7f27c@group-D867A5C68368:LeaderElection7] INFO  impl.RaftServerImpl (RaftServerImpl.java:setRole(174)) - c1a9f1dd-6c0d-41cb-a4f1-f4597ac7f27c@group-D867A5C68368: changes role from CANDIDATE to LEADER at term 1 for changeToLeader
2019-09-26 10:59:22,542 [c1a9f1dd-6c0d-41cb-a4f1-f4597ac7f27c@group-D867A5C68368:LeaderElection7] INFO  impl.RaftServerImpl (ServerState.java:setLeader(253)) - c1a9f1dd-6c0d-41cb-a4f1-f4597ac7f27c@group-D867A5C68368: change Leader from null to c1a9f1dd-6c0d-41cb-a4f1-f4597ac7f27c at term 1 for becomeLeader, leader elected after 5222ms
2019-09-26 10:59:22,542 [c1a9f1dd-6c0d-41cb-a4f1-f4597ac7f27c@group-D867A5C68368:LeaderElection7] INFO  server.RaftServerConfigKeys (ConfUtils.java:logGet(43)) - raft.server.staging.catchup.gap = 1000 (default)
2019-09-26 10:59:22,542 [c1a9f1dd-6c0d-41cb-a4f1-f4597ac7f27c@group-D867A5C68368:LeaderElection7] INFO  server.RaftServerConfigKeys (ConfUtils.java:logGet(43)) - raft.server.rpc.sleep.time = 25ms (default)
2019-09-26 10:59:22,542 [c1a9f1dd-6c0d-41cb-a4f1-f4597ac7f27c@group-D867A5C68368:LeaderElection7] INFO  server.RaftServerConfigKeys (ConfUtils.java:logGet(43)) - raft.server.write.element-limit = 4096 (default)
2019-09-26 10:59:22,542 [c1a9f1dd-6c0d-41cb-a4f1-f4597ac7f27c@group-D867A5C68368:LeaderElection7] INFO  server.RaftServerConfigKeys (ConfUtils.java:logGet(43)) - raft.server.watch.timeout = 10s (default)
2019-09-26 10:59:22,543 [c1a9f1dd-6c0d-41cb-a4f1-f4597ac7f27c@group-D867A5C68368:LeaderElection7] INFO  server.RaftServerConfigKeys (ConfUtils.java:logGet(43)) - raft.server.watch.timeout.denomination = 1s (default)
2019-09-26 10:59:22,543 [c1a9f1dd-6c0d-41cb-a4f1-f4597ac7f27c@group-D867A5C68368:LeaderElection7] INFO  server.RaftServerConfigKeys (ConfUtils.java:logGet(43)) - raft.server.watch.element-limit = 65536 (default)
2019-09-26 10:59:22,546 [c1a9f1dd-6c0d-41cb-a4f1-f4597ac7f27c@group-D867A5C68368:LeaderElection7] INFO  impl.RoleInfo (RoleInfo.java:updateAndGet(143)) - c1a9f1dd-6c0d-41cb-a4f1-f4597ac7f27c: start LeaderState
2019-09-26 10:59:22,546 [c1a9f1dd-6c0d-41cb-a4f1-f4597ac7f27c@group-D867A5C68368:LeaderElection7] INFO  segmented.SegmentedRaftLogWorker (SegmentedRaftLogWorker.java:startLogSegment(380)) - c1a9f1dd-6c0d-41cb-a4f1-f4597ac7f27c@group-D867A5C68368-SegmentedRaftLogWorker: Starting segment from index:0
2019-09-26 10:59:22,547 [c1a9f1dd-6c0d-41cb-a4f1-f4597ac7f27c@group-D867A5C68368:LeaderElection7] INFO  impl.RaftServerImpl (ServerState.java:setRaftConf(354)) - c1a9f1dd-6c0d-41cb-a4f1-f4597ac7f27c@group-D867A5C68368: set configuration 0: [c1a9f1dd-6c0d-41cb-a4f1-f4597ac7f27c:192.168.30.13:44506], old=null at 0
2019-09-26 10:59:22,615 [c1a9f1dd-6c0d-41cb-a4f1-f4597ac7f27c@group-D867A5C68368-SegmentedRaftLogWorker] INFO  segmented.SegmentedRaftLogWorker (SegmentedRaftLogWorker.java:execute(569)) - c1a9f1dd-6c0d-41cb-a4f1-f4597ac7f27c@group-D867A5C68368-SegmentedRaftLogWorker: created new log segment /workdir/hadoop-ozone/tools/target/test-dir/MiniOzoneClusterImpl-500c1b69-91fd-4a69-8f24-d9dc154afa78/datanode-2/data/ratis/423803ef-aa43-489d-b810-d867a5c68368/current/log_inprogress_0
2019-09-26 10:59:22,636 [Thread-235] INFO  impl.FollowerState (FollowerState.java:run(106)) - c1a9f1dd-6c0d-41cb-a4f1-f4597ac7f27c:group-A9C78827B3F4 changes to CANDIDATE, lastRpcTime:5061, electionTimeout:5061ms
2019-09-26 10:59:22,637 [Thread-235] INFO  impl.RoleInfo (RoleInfo.java:shutdownFollowerState(121)) - c1a9f1dd-6c0d-41cb-a4f1-f4597ac7f27c: shutdown FollowerState
2019-09-26 10:59:22,637 [Thread-235] INFO  impl.RaftServerImpl (RaftServerImpl.java:setRole(174)) - c1a9f1dd-6c0d-41cb-a4f1-f4597ac7f27c@group-A9C78827B3F4: changes role from  FOLLOWER to CANDIDATE at term 0 for changeToCandidate
2019-09-26 10:59:22,637 [Thread-235] INFO  impl.RoleInfo (RoleInfo.java:updateAndGet(143)) - c1a9f1dd-6c0d-41cb-a4f1-f4597ac7f27c: start LeaderElection
2019-09-26 10:59:22,656 [c1a9f1dd-6c0d-41cb-a4f1-f4597ac7f27c@group-A9C78827B3F4:LeaderElection8] INFO  impl.LeaderElection (LeaderElection.java:askForVotes(182)) - c1a9f1dd-6c0d-41cb-a4f1-f4597ac7f27c@group-A9C78827B3F4:LeaderElection8: begin an election at term 1 for -1: [c1a9f1dd-6c0d-41cb-a4f1-f4597ac7f27c:192.168.30.13:44506], old=null
2019-09-26 10:59:22,656 [c1a9f1dd-6c0d-41cb-a4f1-f4597ac7f27c@group-A9C78827B3F4:LeaderElection8] INFO  impl.RoleInfo (RoleInfo.java:shutdownLeaderElection(134)) - c1a9f1dd-6c0d-41cb-a4f1-f4597ac7f27c: shutdown LeaderElection
2019-09-26 10:59:22,656 [c1a9f1dd-6c0d-41cb-a4f1-f4597ac7f27c@group-A9C78827B3F4:LeaderElection8] INFO  impl.RaftServerImpl (RaftServerImpl.java:setRole(174)) - c1a9f1dd-6c0d-41cb-a4f1-f4597ac7f27c@group-A9C78827B3F4: changes role from CANDIDATE to LEADER at term 1 for changeToLeader
2019-09-26 10:59:22,656 [c1a9f1dd-6c0d-41cb-a4f1-f4597ac7f27c@group-A9C78827B3F4:LeaderElection8] INFO  impl.RaftServerImpl (ServerState.java:setLeader(253)) - c1a9f1dd-6c0d-41cb-a4f1-f4597ac7f27c@group-A9C78827B3F4: change Leader from null to c1a9f1dd-6c0d-41cb-a4f1-f4597ac7f27c at term 1 for becomeLeader, leader elected after 5087ms
2019-09-26 10:59:22,657 [c1a9f1dd-6c0d-41cb-a4f1-f4597ac7f27c@group-A9C78827B3F4:LeaderElection8] INFO  server.RaftServerConfigKeys (ConfUtils.java:logGet(43)) - raft.server.staging.catchup.gap = 1000 (default)
2019-09-26 10:59:22,657 [c1a9f1dd-6c0d-41cb-a4f1-f4597ac7f27c@group-A9C78827B3F4:LeaderElection8] INFO  server.RaftServerConfigKeys (ConfUtils.java:logGet(43)) - raft.server.rpc.sleep.time = 25ms (default)
2019-09-26 10:59:22,657 [c1a9f1dd-6c0d-41cb-a4f1-f4597ac7f27c@group-A9C78827B3F4:LeaderElection8] INFO  server.RaftServerConfigKeys (ConfUtils.java:logGet(43)) - raft.server.write.element-limit = 4096 (default)
2019-09-26 10:59:22,657 [c1a9f1dd-6c0d-41cb-a4f1-f4597ac7f27c@group-A9C78827B3F4:LeaderElection8] INFO  server.RaftServerConfigKeys (ConfUtils.java:logGet(43)) - raft.server.watch.timeout = 10s (default)
2019-09-26 10:59:22,657 [c1a9f1dd-6c0d-41cb-a4f1-f4597ac7f27c@group-A9C78827B3F4:LeaderElection8] INFO  server.RaftServerConfigKeys (ConfUtils.java:logGet(43)) - raft.server.watch.timeout.denomination = 1s (default)
2019-09-26 10:59:22,658 [c1a9f1dd-6c0d-41cb-a4f1-f4597ac7f27c@group-A9C78827B3F4:LeaderElection8] INFO  server.RaftServerConfigKeys (ConfUtils.java:logGet(43)) - raft.server.watch.element-limit = 65536 (default)
2019-09-26 10:59:22,658 [Thread-238] INFO  impl.FollowerState (FollowerState.java:run(106)) - cf629036-ace7-4ca9-94d6-fc8cc18310da:group-9B860AB6D60B changes to CANDIDATE, lastRpcTime:5005, electionTimeout:5005ms
2019-09-26 10:59:22,659 [Thread-238] INFO  impl.RoleInfo (RoleInfo.java:shutdownFollowerState(121)) - cf629036-ace7-4ca9-94d6-fc8cc18310da: shutdown FollowerState
2019-09-26 10:59:22,659 [Thread-238] INFO  impl.RaftServerImpl (RaftServerImpl.java:setRole(174)) - cf629036-ace7-4ca9-94d6-fc8cc18310da@group-9B860AB6D60B: changes role from  FOLLOWER to CANDIDATE at term 0 for changeToCandidate
2019-09-26 10:59:22,659 [Thread-238] INFO  impl.RoleInfo (RoleInfo.java:updateAndGet(143)) - cf629036-ace7-4ca9-94d6-fc8cc18310da: start LeaderElection
2019-09-26 10:59:22,664 [c1a9f1dd-6c0d-41cb-a4f1-f4597ac7f27c@group-A9C78827B3F4:LeaderElection8] INFO  impl.RoleInfo (RoleInfo.java:updateAndGet(143)) - c1a9f1dd-6c0d-41cb-a4f1-f4597ac7f27c: start LeaderState
2019-09-26 10:59:22,664 [c1a9f1dd-6c0d-41cb-a4f1-f4597ac7f27c@group-A9C78827B3F4:LeaderElection8] INFO  segmented.SegmentedRaftLogWorker (SegmentedRaftLogWorker.java:startLogSegment(380)) - c1a9f1dd-6c0d-41cb-a4f1-f4597ac7f27c@group-A9C78827B3F4-SegmentedRaftLogWorker: Starting segment from index:0
2019-09-26 10:59:22,665 [c1a9f1dd-6c0d-41cb-a4f1-f4597ac7f27c@group-A9C78827B3F4:LeaderElection8] INFO  impl.RaftServerImpl (ServerState.java:setRaftConf(354)) - c1a9f1dd-6c0d-41cb-a4f1-f4597ac7f27c@group-A9C78827B3F4: set configuration 0: [c1a9f1dd-6c0d-41cb-a4f1-f4597ac7f27c:192.168.30.13:44506], old=null at 0
2019-09-26 10:59:22,698 [cf629036-ace7-4ca9-94d6-fc8cc18310da@group-9B860AB6D60B:LeaderElection9] INFO  impl.LeaderElection (LeaderElection.java:askForVotes(182)) - cf629036-ace7-4ca9-94d6-fc8cc18310da@group-9B860AB6D60B:LeaderElection9: begin an election at term 1 for -1: [cf629036-ace7-4ca9-94d6-fc8cc18310da:192.168.30.13:46232], old=null
2019-09-26 10:59:22,698 [Thread-231] INFO  impl.FollowerState (FollowerState.java:run(106)) - 2e8c5f4f-ba99-49b1-bcd5-57d537838a55:group-A78B31F32CF2 changes to CANDIDATE, lastRpcTime:5198, electionTimeout:5186ms
2019-09-26 10:59:22,699 [cf629036-ace7-4ca9-94d6-fc8cc18310da@group-9B860AB6D60B:LeaderElection9] INFO  impl.RoleInfo (RoleInfo.java:shutdownLeaderElection(134)) - cf629036-ace7-4ca9-94d6-fc8cc18310da: shutdown LeaderElection
2019-09-26 10:59:22,699 [Thread-231] INFO  impl.RoleInfo (RoleInfo.java:shutdownFollowerState(121)) - 2e8c5f4f-ba99-49b1-bcd5-57d537838a55: shutdown FollowerState
2019-09-26 10:59:22,699 [cf629036-ace7-4ca9-94d6-fc8cc18310da@group-9B860AB6D60B:LeaderElection9] INFO  impl.RaftServerImpl (RaftServerImpl.java:setRole(174)) - cf629036-ace7-4ca9-94d6-fc8cc18310da@group-9B860AB6D60B: changes role from CANDIDATE to LEADER at term 1 for changeToLeader
2019-09-26 10:59:22,699 [Thread-231] INFO  impl.RaftServerImpl (RaftServerImpl.java:setRole(174)) - 2e8c5f4f-ba99-49b1-bcd5-57d537838a55@group-A78B31F32CF2: changes role from  FOLLOWER to CANDIDATE at term 0 for changeToCandidate
2019-09-26 10:59:22,699 [cf629036-ace7-4ca9-94d6-fc8cc18310da@group-9B860AB6D60B:LeaderElection9] INFO  impl.RaftServerImpl (ServerState.java:setLeader(253)) - cf629036-ace7-4ca9-94d6-fc8cc18310da@group-9B860AB6D60B: change Leader from null to cf629036-ace7-4ca9-94d6-fc8cc18310da at term 1 for becomeLeader, leader elected after 5059ms
2019-09-26 10:59:22,699 [Thread-231] INFO  impl.RoleInfo (RoleInfo.java:updateAndGet(143)) - 2e8c5f4f-ba99-49b1-bcd5-57d537838a55: start LeaderElection
2019-09-26 10:59:22,701 [cf629036-ace7-4ca9-94d6-fc8cc18310da@group-9B860AB6D60B:LeaderElection9] INFO  server.RaftServerConfigKeys (ConfUtils.java:logGet(43)) - raft.server.staging.catchup.gap = 1000 (default)
2019-09-26 10:59:22,701 [cf629036-ace7-4ca9-94d6-fc8cc18310da@group-9B860AB6D60B:LeaderElection9] INFO  server.RaftServerConfigKeys (ConfUtils.java:logGet(43)) - raft.server.rpc.sleep.time = 25ms (default)
2019-09-26 10:59:22,703 [cf629036-ace7-4ca9-94d6-fc8cc18310da@group-9B860AB6D60B:LeaderElection9] INFO  server.RaftServerConfigKeys (ConfUtils.java:logGet(43)) - raft.server.write.element-limit = 4096 (default)
2019-09-26 10:59:22,703 [c1a9f1dd-6c0d-41cb-a4f1-f4597ac7f27c@group-A9C78827B3F4-SegmentedRaftLogWorker] INFO  segmented.SegmentedRaftLogWorker (SegmentedRaftLogWorker.java:execute(569)) - c1a9f1dd-6c0d-41cb-a4f1-f4597ac7f27c@group-A9C78827B3F4-SegmentedRaftLogWorker: created new log segment /workdir/hadoop-ozone/tools/target/test-dir/MiniOzoneClusterImpl-500c1b69-91fd-4a69-8f24-d9dc154afa78/datanode-2/data/ratis/fb5f464f-024e-4817-b484-a9c78827b3f4/current/log_inprogress_0
2019-09-26 10:59:22,706 [cf629036-ace7-4ca9-94d6-fc8cc18310da@group-9B860AB6D60B:LeaderElection9] INFO  server.RaftServerConfigKeys (ConfUtils.java:logGet(43)) - raft.server.watch.timeout = 10s (default)
2019-09-26 10:59:22,706 [cf629036-ace7-4ca9-94d6-fc8cc18310da@group-9B860AB6D60B:LeaderElection9] INFO  server.RaftServerConfigKeys (ConfUtils.java:logGet(43)) - raft.server.watch.timeout.denomination = 1s (default)
2019-09-26 10:59:22,706 [cf629036-ace7-4ca9-94d6-fc8cc18310da@group-9B860AB6D60B:LeaderElection9] INFO  server.RaftServerConfigKeys (ConfUtils.java:logGet(43)) - raft.server.watch.element-limit = 65536 (default)
2019-09-26 10:59:22,709 [cf629036-ace7-4ca9-94d6-fc8cc18310da@group-9B860AB6D60B:LeaderElection9] INFO  impl.RoleInfo (RoleInfo.java:updateAndGet(143)) - cf629036-ace7-4ca9-94d6-fc8cc18310da: start LeaderState
2019-09-26 10:59:22,709 [cf629036-ace7-4ca9-94d6-fc8cc18310da@group-9B860AB6D60B:LeaderElection9] INFO  segmented.SegmentedRaftLogWorker (SegmentedRaftLogWorker.java:startLogSegment(380)) - cf629036-ace7-4ca9-94d6-fc8cc18310da@group-9B860AB6D60B-SegmentedRaftLogWorker: Starting segment from index:0
2019-09-26 10:59:22,710 [cf629036-ace7-4ca9-94d6-fc8cc18310da@group-9B860AB6D60B:LeaderElection9] INFO  impl.RaftServerImpl (ServerState.java:setRaftConf(354)) - cf629036-ace7-4ca9-94d6-fc8cc18310da@group-9B860AB6D60B: set configuration 0: [cf629036-ace7-4ca9-94d6-fc8cc18310da:192.168.30.13:46232], old=null at 0
2019-09-26 10:59:22,749 [Thread-241] INFO  impl.FollowerState (FollowerState.java:run(106)) - 91fb8321-54d9-4a64-90be-ab1c2b6fea7b:group-A33AEBB70DAB changes to CANDIDATE, lastRpcTime:5031, electionTimeout:5006ms
2019-09-26 10:59:22,749 [2e8c5f4f-ba99-49b1-bcd5-57d537838a55@group-A78B31F32CF2:LeaderElection10] INFO  impl.LeaderElection (LeaderElection.java:askForVotes(182)) - 2e8c5f4f-ba99-49b1-bcd5-57d537838a55@group-A78B31F32CF2:LeaderElection10: begin an election at term 1 for -1: [2e8c5f4f-ba99-49b1-bcd5-57d537838a55:192.168.30.13:41803], old=null
2019-09-26 10:59:22,749 [2e8c5f4f-ba99-49b1-bcd5-57d537838a55@group-A78B31F32CF2:LeaderElection10] INFO  impl.RoleInfo (RoleInfo.java:shutdownLeaderElection(134)) - 2e8c5f4f-ba99-49b1-bcd5-57d537838a55: shutdown LeaderElection
2019-09-26 10:59:22,749 [Thread-241] INFO  impl.RoleInfo (RoleInfo.java:shutdownFollowerState(121)) - 91fb8321-54d9-4a64-90be-ab1c2b6fea7b: shutdown FollowerState
2019-09-26 10:59:22,749 [2e8c5f4f-ba99-49b1-bcd5-57d537838a55@group-A78B31F32CF2:LeaderElection10] INFO  impl.RaftServerImpl (RaftServerImpl.java:setRole(174)) - 2e8c5f4f-ba99-49b1-bcd5-57d537838a55@group-A78B31F32CF2: changes role from CANDIDATE to LEADER at term 1 for changeToLeader
2019-09-26 10:59:22,750 [Thread-241] INFO  impl.RaftServerImpl (RaftServerImpl.java:setRole(174)) - 91fb8321-54d9-4a64-90be-ab1c2b6fea7b@group-A33AEBB70DAB: changes role from  FOLLOWER to CANDIDATE at term 0 for changeToCandidate
2019-09-26 10:59:22,750 [2e8c5f4f-ba99-49b1-bcd5-57d537838a55@group-A78B31F32CF2:LeaderElection10] INFO  impl.RaftServerImpl (ServerState.java:setLeader(253)) - 2e8c5f4f-ba99-49b1-bcd5-57d537838a55@group-A78B31F32CF2: change Leader from null to 2e8c5f4f-ba99-49b1-bcd5-57d537838a55 at term 1 for becomeLeader, leader elected after 5260ms
2019-09-26 10:59:22,750 [2e8c5f4f-ba99-49b1-bcd5-57d537838a55@group-A78B31F32CF2:LeaderElection10] INFO  server.RaftServerConfigKeys (ConfUtils.java:logGet(43)) - raft.server.staging.catchup.gap = 1000 (default)
2019-09-26 10:59:22,750 [Thread-241] INFO  impl.RoleInfo (RoleInfo.java:updateAndGet(143)) - 91fb8321-54d9-4a64-90be-ab1c2b6fea7b: start LeaderElection
2019-09-26 10:59:22,750 [2e8c5f4f-ba99-49b1-bcd5-57d537838a55@group-A78B31F32CF2:LeaderElection10] INFO  server.RaftServerConfigKeys (ConfUtils.java:logGet(43)) - raft.server.rpc.sleep.time = 25ms (default)
2019-09-26 10:59:22,751 [2e8c5f4f-ba99-49b1-bcd5-57d537838a55@group-A78B31F32CF2:LeaderElection10] INFO  server.RaftServerConfigKeys (ConfUtils.java:logGet(43)) - raft.server.write.element-limit = 4096 (default)
2019-09-26 10:59:22,754 [2e8c5f4f-ba99-49b1-bcd5-57d537838a55@group-A78B31F32CF2:LeaderElection10] INFO  server.RaftServerConfigKeys (ConfUtils.java:logGet(43)) - raft.server.watch.timeout = 10s (default)
2019-09-26 10:59:22,755 [2e8c5f4f-ba99-49b1-bcd5-57d537838a55@group-A78B31F32CF2:LeaderElection10] INFO  server.RaftServerConfigKeys (ConfUtils.java:logGet(43)) - raft.server.watch.timeout.denomination = 1s (default)
2019-09-26 10:59:22,755 [2e8c5f4f-ba99-49b1-bcd5-57d537838a55@group-A78B31F32CF2:LeaderElection10] INFO  server.RaftServerConfigKeys (ConfUtils.java:logGet(43)) - raft.server.watch.element-limit = 65536 (default)
2019-09-26 10:59:22,758 [2e8c5f4f-ba99-49b1-bcd5-57d537838a55@group-A78B31F32CF2:LeaderElection10] INFO  impl.RoleInfo (RoleInfo.java:updateAndGet(143)) - 2e8c5f4f-ba99-49b1-bcd5-57d537838a55: start LeaderState
2019-09-26 10:59:22,758 [2e8c5f4f-ba99-49b1-bcd5-57d537838a55@group-A78B31F32CF2:LeaderElection10] INFO  segmented.SegmentedRaftLogWorker (SegmentedRaftLogWorker.java:startLogSegment(380)) - 2e8c5f4f-ba99-49b1-bcd5-57d537838a55@group-A78B31F32CF2-SegmentedRaftLogWorker: Starting segment from index:0
2019-09-26 10:59:22,758 [2e8c5f4f-ba99-49b1-bcd5-57d537838a55@group-A78B31F32CF2:LeaderElection10] INFO  impl.RaftServerImpl (ServerState.java:setRaftConf(354)) - 2e8c5f4f-ba99-49b1-bcd5-57d537838a55@group-A78B31F32CF2: set configuration 0: [2e8c5f4f-ba99-49b1-bcd5-57d537838a55:192.168.30.13:41803], old=null at 0
2019-09-26 10:59:22,794 [cf629036-ace7-4ca9-94d6-fc8cc18310da@group-9B860AB6D60B-SegmentedRaftLogWorker] INFO  segmented.SegmentedRaftLogWorker (SegmentedRaftLogWorker.java:execute(569)) - cf629036-ace7-4ca9-94d6-fc8cc18310da@group-9B860AB6D60B-SegmentedRaftLogWorker: created new log segment /workdir/hadoop-ozone/tools/target/test-dir/MiniOzoneClusterImpl-500c1b69-91fd-4a69-8f24-d9dc154afa78/datanode-3/data/ratis/07c97adf-5cb5-4c14-b98b-9b860ab6d60b/current/log_inprogress_0
2019-09-26 10:59:22,795 [91fb8321-54d9-4a64-90be-ab1c2b6fea7b@group-A33AEBB70DAB:LeaderElection11] INFO  impl.LeaderElection (LeaderElection.java:askForVotes(182)) - 91fb8321-54d9-4a64-90be-ab1c2b6fea7b@group-A33AEBB70DAB:LeaderElection11: begin an election at term 1 for -1: [91fb8321-54d9-4a64-90be-ab1c2b6fea7b:192.168.30.13:42819], old=null
2019-09-26 10:59:22,795 [91fb8321-54d9-4a64-90be-ab1c2b6fea7b@group-A33AEBB70DAB:LeaderElection11] INFO  impl.RoleInfo (RoleInfo.java:shutdownLeaderElection(134)) - 91fb8321-54d9-4a64-90be-ab1c2b6fea7b: shutdown LeaderElection
2019-09-26 10:59:22,795 [91fb8321-54d9-4a64-90be-ab1c2b6fea7b@group-A33AEBB70DAB:LeaderElection11] INFO  impl.RaftServerImpl (RaftServerImpl.java:setRole(174)) - 91fb8321-54d9-4a64-90be-ab1c2b6fea7b@group-A33AEBB70DAB: changes role from CANDIDATE to LEADER at term 1 for changeToLeader
2019-09-26 10:59:22,795 [91fb8321-54d9-4a64-90be-ab1c2b6fea7b@group-A33AEBB70DAB:LeaderElection11] INFO  impl.RaftServerImpl (ServerState.java:setLeader(253)) - 91fb8321-54d9-4a64-90be-ab1c2b6fea7b@group-A33AEBB70DAB: change Leader from null to 91fb8321-54d9-4a64-90be-ab1c2b6fea7b at term 1 for becomeLeader, leader elected after 5086ms
2019-09-26 10:59:22,795 [91fb8321-54d9-4a64-90be-ab1c2b6fea7b@group-A33AEBB70DAB:LeaderElection11] INFO  server.RaftServerConfigKeys (ConfUtils.java:logGet(43)) - raft.server.staging.catchup.gap = 1000 (default)
2019-09-26 10:59:22,796 [91fb8321-54d9-4a64-90be-ab1c2b6fea7b@group-A33AEBB70DAB:LeaderElection11] INFO  server.RaftServerConfigKeys (ConfUtils.java:logGet(43)) - raft.server.rpc.sleep.time = 25ms (default)
2019-09-26 10:59:22,796 [91fb8321-54d9-4a64-90be-ab1c2b6fea7b@group-A33AEBB70DAB:LeaderElection11] INFO  server.RaftServerConfigKeys (ConfUtils.java:logGet(43)) - raft.server.write.element-limit = 4096 (default)
2019-09-26 10:59:22,796 [91fb8321-54d9-4a64-90be-ab1c2b6fea7b@group-A33AEBB70DAB:LeaderElection11] INFO  server.RaftServerConfigKeys (ConfUtils.java:logGet(43)) - raft.server.watch.timeout = 10s (default)
2019-09-26 10:59:22,796 [91fb8321-54d9-4a64-90be-ab1c2b6fea7b@group-A33AEBB70DAB:LeaderElection11] INFO  server.RaftServerConfigKeys (ConfUtils.java:logGet(43)) - raft.server.watch.timeout.denomination = 1s (default)
2019-09-26 10:59:22,796 [91fb8321-54d9-4a64-90be-ab1c2b6fea7b@group-A33AEBB70DAB:LeaderElection11] INFO  server.RaftServerConfigKeys (ConfUtils.java:logGet(43)) - raft.server.watch.element-limit = 65536 (default)
2019-09-26 10:59:22,799 [91fb8321-54d9-4a64-90be-ab1c2b6fea7b@group-A33AEBB70DAB:LeaderElection11] INFO  impl.RoleInfo (RoleInfo.java:updateAndGet(143)) - 91fb8321-54d9-4a64-90be-ab1c2b6fea7b: start LeaderState
2019-09-26 10:59:22,800 [91fb8321-54d9-4a64-90be-ab1c2b6fea7b@group-A33AEBB70DAB:LeaderElection11] INFO  segmented.SegmentedRaftLogWorker (SegmentedRaftLogWorker.java:startLogSegment(380)) - 91fb8321-54d9-4a64-90be-ab1c2b6fea7b@group-A33AEBB70DAB-SegmentedRaftLogWorker: Starting segment from index:0
2019-09-26 10:59:22,800 [91fb8321-54d9-4a64-90be-ab1c2b6fea7b@group-A33AEBB70DAB:LeaderElection11] INFO  impl.RaftServerImpl (ServerState.java:setRaftConf(354)) - 91fb8321-54d9-4a64-90be-ab1c2b6fea7b@group-A33AEBB70DAB: set configuration 0: [91fb8321-54d9-4a64-90be-ab1c2b6fea7b:192.168.30.13:42819], old=null at 0
2019-09-26 10:59:22,840 [Thread-245] INFO  impl.FollowerState (FollowerState.java:run(106)) - 2e8c5f4f-ba99-49b1-bcd5-57d537838a55:group-F703083EB9CA changes to CANDIDATE, lastRpcTime:5032, electionTimeout:5022ms
2019-09-26 10:59:22,841 [2e8c5f4f-ba99-49b1-bcd5-57d537838a55@group-A78B31F32CF2-SegmentedRaftLogWorker] INFO  segmented.SegmentedRaftLogWorker (SegmentedRaftLogWorker.java:execute(569)) - 2e8c5f4f-ba99-49b1-bcd5-57d537838a55@group-A78B31F32CF2-SegmentedRaftLogWorker: created new log segment /workdir/hadoop-ozone/tools/target/test-dir/MiniOzoneClusterImpl-500c1b69-91fd-4a69-8f24-d9dc154afa78/datanode-0/data/ratis/80a10114-9828-451b-9603-a78b31f32cf2/current/log_inprogress_0
2019-09-26 10:59:22,850 [Thread-245] INFO  impl.RoleInfo (RoleInfo.java:shutdownFollowerState(121)) - 2e8c5f4f-ba99-49b1-bcd5-57d537838a55: shutdown FollowerState
2019-09-26 10:59:22,850 [Thread-245] INFO  impl.RaftServerImpl (RaftServerImpl.java:setRole(174)) - 2e8c5f4f-ba99-49b1-bcd5-57d537838a55@group-F703083EB9CA: changes role from  FOLLOWER to CANDIDATE at term 0 for changeToCandidate
2019-09-26 10:59:22,854 [91fb8321-54d9-4a64-90be-ab1c2b6fea7b@group-A33AEBB70DAB-SegmentedRaftLogWorker] INFO  segmented.SegmentedRaftLogWorker (SegmentedRaftLogWorker.java:execute(569)) - 91fb8321-54d9-4a64-90be-ab1c2b6fea7b@group-A33AEBB70DAB-SegmentedRaftLogWorker: created new log segment /workdir/hadoop-ozone/tools/target/test-dir/MiniOzoneClusterImpl-500c1b69-91fd-4a69-8f24-d9dc154afa78/datanode-4/data/ratis/41f0724a-129d-4827-92fe-a33aebb70dab/current/log_inprogress_0
2019-09-26 10:59:22,854 [Thread-245] INFO  impl.RoleInfo (RoleInfo.java:updateAndGet(143)) - 2e8c5f4f-ba99-49b1-bcd5-57d537838a55: start LeaderElection
2019-09-26 10:59:22,867 [2e8c5f4f-ba99-49b1-bcd5-57d537838a55@group-F703083EB9CA:LeaderElection12] INFO  impl.LeaderElection (LeaderElection.java:askForVotes(182)) - 2e8c5f4f-ba99-49b1-bcd5-57d537838a55@group-F703083EB9CA:LeaderElection12: begin an election at term 1 for -1: [2e8c5f4f-ba99-49b1-bcd5-57d537838a55:192.168.30.13:41803], old=null
2019-09-26 10:59:22,868 [2e8c5f4f-ba99-49b1-bcd5-57d537838a55@group-F703083EB9CA:LeaderElection12] INFO  impl.RoleInfo (RoleInfo.java:shutdownLeaderElection(134)) - 2e8c5f4f-ba99-49b1-bcd5-57d537838a55: shutdown LeaderElection
2019-09-26 10:59:22,868 [2e8c5f4f-ba99-49b1-bcd5-57d537838a55@group-F703083EB9CA:LeaderElection12] INFO  impl.RaftServerImpl (RaftServerImpl.java:setRole(174)) - 2e8c5f4f-ba99-49b1-bcd5-57d537838a55@group-F703083EB9CA: changes role from CANDIDATE to LEADER at term 1 for changeToLeader
2019-09-26 10:59:22,868 [2e8c5f4f-ba99-49b1-bcd5-57d537838a55@group-F703083EB9CA:LeaderElection12] INFO  impl.RaftServerImpl (ServerState.java:setLeader(253)) - 2e8c5f4f-ba99-49b1-bcd5-57d537838a55@group-F703083EB9CA: change Leader from null to 2e8c5f4f-ba99-49b1-bcd5-57d537838a55 at term 1 for becomeLeader, leader elected after 5069ms
2019-09-26 10:59:22,868 [2e8c5f4f-ba99-49b1-bcd5-57d537838a55@group-F703083EB9CA:LeaderElection12] INFO  server.RaftServerConfigKeys (ConfUtils.java:logGet(43)) - raft.server.staging.catchup.gap = 1000 (default)
2019-09-26 10:59:22,868 [2e8c5f4f-ba99-49b1-bcd5-57d537838a55@group-F703083EB9CA:LeaderElection12] INFO  server.RaftServerConfigKeys (ConfUtils.java:logGet(43)) - raft.server.rpc.sleep.time = 25ms (default)
2019-09-26 10:59:22,868 [2e8c5f4f-ba99-49b1-bcd5-57d537838a55@group-F703083EB9CA:LeaderElection12] INFO  server.RaftServerConfigKeys (ConfUtils.java:logGet(43)) - raft.server.write.element-limit = 4096 (default)
2019-09-26 10:59:22,869 [2e8c5f4f-ba99-49b1-bcd5-57d537838a55@group-F703083EB9CA:LeaderElection12] INFO  server.RaftServerConfigKeys (ConfUtils.java:logGet(43)) - raft.server.watch.timeout = 10s (default)
2019-09-26 10:59:22,869 [2e8c5f4f-ba99-49b1-bcd5-57d537838a55@group-F703083EB9CA:LeaderElection12] INFO  server.RaftServerConfigKeys (ConfUtils.java:logGet(43)) - raft.server.watch.timeout.denomination = 1s (default)
2019-09-26 10:59:22,869 [2e8c5f4f-ba99-49b1-bcd5-57d537838a55@group-F703083EB9CA:LeaderElection12] INFO  server.RaftServerConfigKeys (ConfUtils.java:logGet(43)) - raft.server.watch.element-limit = 65536 (default)
2019-09-26 10:59:22,872 [2e8c5f4f-ba99-49b1-bcd5-57d537838a55@group-F703083EB9CA:LeaderElection12] INFO  impl.RoleInfo (RoleInfo.java:updateAndGet(143)) - 2e8c5f4f-ba99-49b1-bcd5-57d537838a55: start LeaderState
2019-09-26 10:59:22,872 [2e8c5f4f-ba99-49b1-bcd5-57d537838a55@group-F703083EB9CA:LeaderElection12] INFO  segmented.SegmentedRaftLogWorker (SegmentedRaftLogWorker.java:startLogSegment(380)) - 2e8c5f4f-ba99-49b1-bcd5-57d537838a55@group-F703083EB9CA-SegmentedRaftLogWorker: Starting segment from index:0
2019-09-26 10:59:22,873 [2e8c5f4f-ba99-49b1-bcd5-57d537838a55@group-F703083EB9CA:LeaderElection12] INFO  impl.RaftServerImpl (ServerState.java:setRaftConf(354)) - 2e8c5f4f-ba99-49b1-bcd5-57d537838a55@group-F703083EB9CA: set configuration 0: [2e8c5f4f-ba99-49b1-bcd5-57d537838a55:192.168.30.13:41803], old=null at 0
2019-09-26 10:59:22,923 [2e8c5f4f-ba99-49b1-bcd5-57d537838a55@group-F703083EB9CA-SegmentedRaftLogWorker] INFO  segmented.SegmentedRaftLogWorker (SegmentedRaftLogWorker.java:execute(569)) - 2e8c5f4f-ba99-49b1-bcd5-57d537838a55@group-F703083EB9CA-SegmentedRaftLogWorker: created new log segment /workdir/hadoop-ozone/tools/target/test-dir/MiniOzoneClusterImpl-500c1b69-91fd-4a69-8f24-d9dc154afa78/datanode-0/data/ratis/fc235a68-2574-451a-aeaa-f703083eb9ca/current/log_inprogress_0
 100.00% |█████████████████████████████████████████████████████████████████████████████████████████████████████|  1/1 Time: 0:00:05
2019-09-26 10:59:23,020 [Thread-251] INFO  impl.FollowerState (FollowerState.java:run(106)) - 91fb8321-54d9-4a64-90be-ab1c2b6fea7b:group-3A7B05CDE57D changes to CANDIDATE, lastRpcTime:5086, electionTimeout:5086ms
2019-09-26 10:59:23,020 [Thread-251] INFO  impl.RoleInfo (RoleInfo.java:shutdownFollowerState(121)) - 91fb8321-54d9-4a64-90be-ab1c2b6fea7b: shutdown FollowerState
2019-09-26 10:59:23,021 [Thread-251] INFO  impl.RaftServerImpl (RaftServerImpl.java:setRole(174)) - 91fb8321-54d9-4a64-90be-ab1c2b6fea7b@group-3A7B05CDE57D: changes role from  FOLLOWER to CANDIDATE at term 0 for changeToCandidate
2019-09-26 10:59:23,021 [Thread-251] INFO  impl.RoleInfo (RoleInfo.java:updateAndGet(143)) - 91fb8321-54d9-4a64-90be-ab1c2b6fea7b: start LeaderElection
2019-09-26 10:59:23,025 [Thread-248] INFO  impl.FollowerState (FollowerState.java:run(106)) - cf629036-ace7-4ca9-94d6-fc8cc18310da:group-FD53E5AE74D5 changes to CANDIDATE, lastRpcTime:5147, electionTimeout:5146ms
2019-09-26 10:59:23,025 [Thread-258] INFO  impl.FollowerState (FollowerState.java:run(106)) - c38bca17-ec4a-4641-8fc4-32bb8247f11f:group-8EBF63128858 changes to CANDIDATE, lastRpcTime:5006, electionTimeout:5004ms
2019-09-26 10:59:23,026 [Thread-248] INFO  impl.RoleInfo (RoleInfo.java:shutdownFollowerState(121)) - cf629036-ace7-4ca9-94d6-fc8cc18310da: shutdown FollowerState
2019-09-26 10:59:23,026 [Thread-258] INFO  impl.RoleInfo (RoleInfo.java:shutdownFollowerState(121)) - c38bca17-ec4a-4641-8fc4-32bb8247f11f: shutdown FollowerState
2019-09-26 10:59:23,026 [Thread-248] INFO  impl.RaftServerImpl (RaftServerImpl.java:setRole(174)) - cf629036-ace7-4ca9-94d6-fc8cc18310da@group-FD53E5AE74D5: changes role from  FOLLOWER to CANDIDATE at term 0 for changeToCandidate
2019-09-26 10:59:23,026 [Thread-258] INFO  impl.RaftServerImpl (RaftServerImpl.java:setRole(174)) - c38bca17-ec4a-4641-8fc4-32bb8247f11f@group-8EBF63128858: changes role from  FOLLOWER to CANDIDATE at term 0 for changeToCandidate
2019-09-26 10:59:23,027 [Thread-248] INFO  impl.RoleInfo (RoleInfo.java:updateAndGet(143)) - cf629036-ace7-4ca9-94d6-fc8cc18310da: start LeaderElection
2019-09-26 10:59:23,027 [Thread-258] INFO  impl.RoleInfo (RoleInfo.java:updateAndGet(143)) - c38bca17-ec4a-4641-8fc4-32bb8247f11f: start LeaderElection
2019-09-26 10:59:23,050 [91fb8321-54d9-4a64-90be-ab1c2b6fea7b@group-3A7B05CDE57D:LeaderElection13] INFO  impl.LeaderElection (LeaderElection.java:askForVotes(182)) - 91fb8321-54d9-4a64-90be-ab1c2b6fea7b@group-3A7B05CDE57D:LeaderElection13: begin an election at term 1 for -1: [91fb8321-54d9-4a64-90be-ab1c2b6fea7b:192.168.30.13:42819], old=null
2019-09-26 10:59:23,050 [91fb8321-54d9-4a64-90be-ab1c2b6fea7b@group-3A7B05CDE57D:LeaderElection13] INFO  impl.RoleInfo (RoleInfo.java:shutdownLeaderElection(134)) - 91fb8321-54d9-4a64-90be-ab1c2b6fea7b: shutdown LeaderElection
2019-09-26 10:59:23,050 [91fb8321-54d9-4a64-90be-ab1c2b6fea7b@group-3A7B05CDE57D:LeaderElection13] INFO  impl.RaftServerImpl (RaftServerImpl.java:setRole(174)) - 91fb8321-54d9-4a64-90be-ab1c2b6fea7b@group-3A7B05CDE57D: changes role from CANDIDATE to LEADER at term 1 for changeToLeader
2019-09-26 10:59:23,050 [91fb8321-54d9-4a64-90be-ab1c2b6fea7b@group-3A7B05CDE57D:LeaderElection13] INFO  impl.RaftServerImpl (ServerState.java:setLeader(253)) - 91fb8321-54d9-4a64-90be-ab1c2b6fea7b@group-3A7B05CDE57D: change Leader from null to 91fb8321-54d9-4a64-90be-ab1c2b6fea7b at term 1 for becomeLeader, leader elected after 5123ms
2019-09-26 10:59:23,051 [91fb8321-54d9-4a64-90be-ab1c2b6fea7b@group-3A7B05CDE57D:LeaderElection13] INFO  server.RaftServerConfigKeys (ConfUtils.java:logGet(43)) - raft.server.staging.catchup.gap = 1000 (default)
2019-09-26 10:59:23,051 [91fb8321-54d9-4a64-90be-ab1c2b6fea7b@group-3A7B05CDE57D:LeaderElection13] INFO  server.RaftServerConfigKeys (ConfUtils.java:logGet(43)) - raft.server.rpc.sleep.time = 25ms (default)
2019-09-26 10:59:23,051 [91fb8321-54d9-4a64-90be-ab1c2b6fea7b@group-3A7B05CDE57D:LeaderElection13] INFO  server.RaftServerConfigKeys (ConfUtils.java:logGet(43)) - raft.server.write.element-limit = 4096 (default)
2019-09-26 10:59:23,051 [91fb8321-54d9-4a64-90be-ab1c2b6fea7b@group-3A7B05CDE57D:LeaderElection13] INFO  server.RaftServerConfigKeys (ConfUtils.java:logGet(43)) - raft.server.watch.timeout = 10s (default)
2019-09-26 10:59:23,051 [91fb8321-54d9-4a64-90be-ab1c2b6fea7b@group-3A7B05CDE57D:LeaderElection13] INFO  server.RaftServerConfigKeys (ConfUtils.java:logGet(43)) - raft.server.watch.timeout.denomination = 1s (default)
2019-09-26 10:59:23,052 [91fb8321-54d9-4a64-90be-ab1c2b6fea7b@group-3A7B05CDE57D:LeaderElection13] INFO  server.RaftServerConfigKeys (ConfUtils.java:logGet(43)) - raft.server.watch.element-limit = 65536 (default)
2019-09-26 10:59:23,055 [91fb8321-54d9-4a64-90be-ab1c2b6fea7b@group-3A7B05CDE57D:LeaderElection13] INFO  impl.RoleInfo (RoleInfo.java:updateAndGet(143)) - 91fb8321-54d9-4a64-90be-ab1c2b6fea7b: start LeaderState
2019-09-26 10:59:23,056 [91fb8321-54d9-4a64-90be-ab1c2b6fea7b@group-3A7B05CDE57D:LeaderElection13] INFO  segmented.SegmentedRaftLogWorker (SegmentedRaftLogWorker.java:startLogSegment(380)) - 91fb8321-54d9-4a64-90be-ab1c2b6fea7b@group-3A7B05CDE57D-SegmentedRaftLogWorker: Starting segment from index:0
2019-09-26 10:59:23,057 [91fb8321-54d9-4a64-90be-ab1c2b6fea7b@group-3A7B05CDE57D:LeaderElection13] INFO  impl.RaftServerImpl (ServerState.java:setRaftConf(354)) - 91fb8321-54d9-4a64-90be-ab1c2b6fea7b@group-3A7B05CDE57D: set configuration 0: [91fb8321-54d9-4a64-90be-ab1c2b6fea7b:192.168.30.13:42819], old=null at 0
2019-09-26 10:59:23,063 [cf629036-ace7-4ca9-94d6-fc8cc18310da@group-FD53E5AE74D5:LeaderElection14] INFO  impl.LeaderElection (LeaderElection.java:askForVotes(182)) - cf629036-ace7-4ca9-94d6-fc8cc18310da@group-FD53E5AE74D5:LeaderElection14: begin an election at term 1 for -1: [cf629036-ace7-4ca9-94d6-fc8cc18310da:192.168.30.13:46232], old=null
2019-09-26 10:59:23,063 [c38bca17-ec4a-4641-8fc4-32bb8247f11f@group-8EBF63128858:LeaderElection15] INFO  impl.LeaderElection (LeaderElection.java:askForVotes(182)) - c38bca17-ec4a-4641-8fc4-32bb8247f11f@group-8EBF63128858:LeaderElection15: begin an election at term 1 for -1: [c38bca17-ec4a-4641-8fc4-32bb8247f11f:192.168.30.13:39970], old=null
2019-09-26 10:59:23,063 [cf629036-ace7-4ca9-94d6-fc8cc18310da@group-FD53E5AE74D5:LeaderElection14] INFO  impl.RoleInfo (RoleInfo.java:shutdownLeaderElection(134)) - cf629036-ace7-4ca9-94d6-fc8cc18310da: shutdown LeaderElection
2019-09-26 10:59:23,063 [c38bca17-ec4a-4641-8fc4-32bb8247f11f@group-8EBF63128858:LeaderElection15] INFO  impl.RoleInfo (RoleInfo.java:shutdownLeaderElection(134)) - c38bca17-ec4a-4641-8fc4-32bb8247f11f: shutdown LeaderElection
2019-09-26 10:59:23,064 [cf629036-ace7-4ca9-94d6-fc8cc18310da@group-FD53E5AE74D5:LeaderElection14] INFO  impl.RaftServerImpl (RaftServerImpl.java:setRole(174)) - cf629036-ace7-4ca9-94d6-fc8cc18310da@group-FD53E5AE74D5: changes role from CANDIDATE to LEADER at term 1 for changeToLeader
2019-09-26 10:59:23,064 [c38bca17-ec4a-4641-8fc4-32bb8247f11f@group-8EBF63128858:LeaderElection15] INFO  impl.RaftServerImpl (RaftServerImpl.java:setRole(174)) - c38bca17-ec4a-4641-8fc4-32bb8247f11f@group-8EBF63128858: changes role from CANDIDATE to LEADER at term 1 for changeToLeader
2019-09-26 10:59:23,064 [cf629036-ace7-4ca9-94d6-fc8cc18310da@group-FD53E5AE74D5:LeaderElection14] INFO  impl.RaftServerImpl (ServerState.java:setLeader(253)) - cf629036-ace7-4ca9-94d6-fc8cc18310da@group-FD53E5AE74D5: change Leader from null to cf629036-ace7-4ca9-94d6-fc8cc18310da at term 1 for becomeLeader, leader elected after 5196ms
2019-09-26 10:59:23,064 [c38bca17-ec4a-4641-8fc4-32bb8247f11f@group-8EBF63128858:LeaderElection15] INFO  impl.RaftServerImpl (ServerState.java:setLeader(253)) - c38bca17-ec4a-4641-8fc4-32bb8247f11f@group-8EBF63128858: change Leader from null to c38bca17-ec4a-4641-8fc4-32bb8247f11f at term 1 for becomeLeader, leader elected after 5064ms
2019-09-26 10:59:23,064 [cf629036-ace7-4ca9-94d6-fc8cc18310da@group-FD53E5AE74D5:LeaderElection14] INFO  server.RaftServerConfigKeys (ConfUtils.java:logGet(43)) - raft.server.staging.catchup.gap = 1000 (default)
2019-09-26 10:59:23,102 [Thread-261] INFO  impl.FollowerState (FollowerState.java:run(106)) - 2e8c5f4f-ba99-49b1-bcd5-57d537838a55:group-09BB870F62A0 changes to CANDIDATE, lastRpcTime:5020, electionTimeout:5016ms
2019-09-26 10:59:23,102 [c38bca17-ec4a-4641-8fc4-32bb8247f11f@group-8EBF63128858:LeaderElection15] INFO  server.RaftServerConfigKeys (ConfUtils.java:logGet(43)) - raft.server.staging.catchup.gap = 1000 (default)
2019-09-26 10:59:23,103 [Thread-261] INFO  impl.RoleInfo (RoleInfo.java:shutdownFollowerState(121)) - 2e8c5f4f-ba99-49b1-bcd5-57d537838a55: shutdown FollowerState
2019-09-26 10:59:23,103 [cf629036-ace7-4ca9-94d6-fc8cc18310da@group-FD53E5AE74D5:LeaderElection14] INFO  server.RaftServerConfigKeys (ConfUtils.java:logGet(43)) - raft.server.rpc.sleep.time = 25ms (default)
2019-09-26 10:59:23,103 [Thread-261] INFO  impl.RaftServerImpl (RaftServerImpl.java:setRole(174)) - 2e8c5f4f-ba99-49b1-bcd5-57d537838a55@group-09BB870F62A0: changes role from  FOLLOWER to CANDIDATE at term 0 for changeToCandidate
2019-09-26 10:59:23,103 [c38bca17-ec4a-4641-8fc4-32bb8247f11f@group-8EBF63128858:LeaderElection15] INFO  server.RaftServerConfigKeys (ConfUtils.java:logGet(43)) - raft.server.rpc.sleep.time = 25ms (default)
2019-09-26 10:59:23,104 [Thread-261] INFO  impl.RoleInfo (RoleInfo.java:updateAndGet(143)) - 2e8c5f4f-ba99-49b1-bcd5-57d537838a55: start LeaderElection
2019-09-26 10:59:23,104 [cf629036-ace7-4ca9-94d6-fc8cc18310da@group-FD53E5AE74D5:LeaderElection14] INFO  server.RaftServerConfigKeys (ConfUtils.java:logGet(43)) - raft.server.write.element-limit = 4096 (default)
2019-09-26 10:59:23,104 [c38bca17-ec4a-4641-8fc4-32bb8247f11f@group-8EBF63128858:LeaderElection15] INFO  server.RaftServerConfigKeys (ConfUtils.java:logGet(43)) - raft.server.write.element-limit = 4096 (default)
2019-09-26 10:59:23,106 [cf629036-ace7-4ca9-94d6-fc8cc18310da@group-FD53E5AE74D5:LeaderElection14] INFO  server.RaftServerConfigKeys (ConfUtils.java:logGet(43)) - raft.server.watch.timeout = 10s (default)
2019-09-26 10:59:23,110 [c38bca17-ec4a-4641-8fc4-32bb8247f11f@group-8EBF63128858:LeaderElection15] INFO  server.RaftServerConfigKeys (ConfUtils.java:logGet(43)) - raft.server.watch.timeout = 10s (default)
2019-09-26 10:59:23,111 [c38bca17-ec4a-4641-8fc4-32bb8247f11f@group-8EBF63128858:LeaderElection15] INFO  server.RaftServerConfigKeys (ConfUtils.java:logGet(43)) - raft.server.watch.timeout.denomination = 1s (default)
2019-09-26 10:59:23,110 [cf629036-ace7-4ca9-94d6-fc8cc18310da@group-FD53E5AE74D5:LeaderElection14] INFO  server.RaftServerConfigKeys (ConfUtils.java:logGet(43)) - raft.server.watch.timeout.denomination = 1s (default)
2019-09-26 10:59:23,111 [c38bca17-ec4a-4641-8fc4-32bb8247f11f@group-8EBF63128858:LeaderElection15] INFO  server.RaftServerConfigKeys (ConfUtils.java:logGet(43)) - raft.server.watch.element-limit = 65536 (default)
2019-09-26 10:59:23,111 [cf629036-ace7-4ca9-94d6-fc8cc18310da@group-FD53E5AE74D5:LeaderElection14] INFO  server.RaftServerConfigKeys (ConfUtils.java:logGet(43)) - raft.server.watch.element-limit = 65536 (default)
2019-09-26 10:59:23,116 [c38bca17-ec4a-4641-8fc4-32bb8247f11f@group-8EBF63128858:LeaderElection15] INFO  impl.RoleInfo (RoleInfo.java:updateAndGet(143)) - c38bca17-ec4a-4641-8fc4-32bb8247f11f: start LeaderState
2019-09-26 10:59:23,116 [c38bca17-ec4a-4641-8fc4-32bb8247f11f@group-8EBF63128858:LeaderElection15] INFO  segmented.SegmentedRaftLogWorker (SegmentedRaftLogWorker.java:startLogSegment(380)) - c38bca17-ec4a-4641-8fc4-32bb8247f11f@group-8EBF63128858-SegmentedRaftLogWorker: Starting segment from index:0
2019-09-26 10:59:23,116 [cf629036-ace7-4ca9-94d6-fc8cc18310da@group-FD53E5AE74D5:LeaderElection14] INFO  impl.RoleInfo (RoleInfo.java:updateAndGet(143)) - cf629036-ace7-4ca9-94d6-fc8cc18310da: start LeaderState
2019-09-26 10:59:23,117 [cf629036-ace7-4ca9-94d6-fc8cc18310da@group-FD53E5AE74D5:LeaderElection14] INFO  segmented.SegmentedRaftLogWorker (SegmentedRaftLogWorker.java:startLogSegment(380)) - cf629036-ace7-4ca9-94d6-fc8cc18310da@group-FD53E5AE74D5-SegmentedRaftLogWorker: Starting segment from index:0
2019-09-26 10:59:23,117 [c38bca17-ec4a-4641-8fc4-32bb8247f11f@group-8EBF63128858:LeaderElection15] INFO  impl.RaftServerImpl (ServerState.java:setRaftConf(354)) - c38bca17-ec4a-4641-8fc4-32bb8247f11f@group-8EBF63128858: set configuration 0: [c38bca17-ec4a-4641-8fc4-32bb8247f11f:192.168.30.13:39970], old=null at 0
2019-09-26 10:59:23,158 [91fb8321-54d9-4a64-90be-ab1c2b6fea7b@group-3A7B05CDE57D-SegmentedRaftLogWorker] INFO  segmented.SegmentedRaftLogWorker (SegmentedRaftLogWorker.java:execute(569)) - 91fb8321-54d9-4a64-90be-ab1c2b6fea7b@group-3A7B05CDE57D-SegmentedRaftLogWorker: created new log segment /workdir/hadoop-ozone/tools/target/test-dir/MiniOzoneClusterImpl-500c1b69-91fd-4a69-8f24-d9dc154afa78/datanode-4/data/ratis/222f8a74-4f46-4434-9fd5-3a7b05cde57d/current/log_inprogress_0
2019-09-26 10:59:23,158 [2e8c5f4f-ba99-49b1-bcd5-57d537838a55@group-09BB870F62A0:LeaderElection16] INFO  impl.LeaderElection (LeaderElection.java:askForVotes(182)) - 2e8c5f4f-ba99-49b1-bcd5-57d537838a55@group-09BB870F62A0:LeaderElection16: begin an election at term 1 for -1: [2e8c5f4f-ba99-49b1-bcd5-57d537838a55:192.168.30.13:41803], old=null
2019-09-26 10:59:23,158 [cf629036-ace7-4ca9-94d6-fc8cc18310da@group-FD53E5AE74D5:LeaderElection14] INFO  impl.RaftServerImpl (ServerState.java:setRaftConf(354)) - cf629036-ace7-4ca9-94d6-fc8cc18310da@group-FD53E5AE74D5: set configuration 0: [cf629036-ace7-4ca9-94d6-fc8cc18310da:192.168.30.13:46232], old=null at 0
2019-09-26 10:59:23,159 [2e8c5f4f-ba99-49b1-bcd5-57d537838a55@group-09BB870F62A0:LeaderElection16] INFO  impl.RoleInfo (RoleInfo.java:shutdownLeaderElection(134)) - 2e8c5f4f-ba99-49b1-bcd5-57d537838a55: shutdown LeaderElection
2019-09-26 10:59:23,201 [c38bca17-ec4a-4641-8fc4-32bb8247f11f@group-8EBF63128858-SegmentedRaftLogWorker] INFO  segmented.SegmentedRaftLogWorker (SegmentedRaftLogWorker.java:execute(569)) - c38bca17-ec4a-4641-8fc4-32bb8247f11f@group-8EBF63128858-SegmentedRaftLogWorker: created new log segment /workdir/hadoop-ozone/tools/target/test-dir/MiniOzoneClusterImpl-500c1b69-91fd-4a69-8f24-d9dc154afa78/datanode-1/data/ratis/ed32246d-d7f6-42da-a477-8ebf63128858/current/log_inprogress_0
2019-09-26 10:59:23,201 [Thread-264] INFO  impl.FollowerState (FollowerState.java:run(106)) - cf629036-ace7-4ca9-94d6-fc8cc18310da:group-39E9929E7837 changes to CANDIDATE, lastRpcTime:5053, electionTimeout:5042ms
2019-09-26 10:59:23,203 [2e8c5f4f-ba99-49b1-bcd5-57d537838a55@group-09BB870F62A0:LeaderElection16] INFO  impl.RaftServerImpl (RaftServerImpl.java:setRole(174)) - 2e8c5f4f-ba99-49b1-bcd5-57d537838a55@group-09BB870F62A0: changes role from CANDIDATE to LEADER at term 1 for changeToLeader
2019-09-26 10:59:23,204 [Thread-264] INFO  impl.RoleInfo (RoleInfo.java:shutdownFollowerState(121)) - cf629036-ace7-4ca9-94d6-fc8cc18310da: shutdown FollowerState
2019-09-26 10:59:23,204 [2e8c5f4f-ba99-49b1-bcd5-57d537838a55@group-09BB870F62A0:LeaderElection16] INFO  impl.RaftServerImpl (ServerState.java:setLeader(253)) - 2e8c5f4f-ba99-49b1-bcd5-57d537838a55@group-09BB870F62A0: change Leader from null to 2e8c5f4f-ba99-49b1-bcd5-57d537838a55 at term 1 for becomeLeader, leader elected after 5133ms
2019-09-26 10:59:23,204 [Thread-264] INFO  impl.RaftServerImpl (RaftServerImpl.java:setRole(174)) - cf629036-ace7-4ca9-94d6-fc8cc18310da@group-39E9929E7837: changes role from  FOLLOWER to CANDIDATE at term 0 for changeToCandidate
2019-09-26 10:59:23,204 [2e8c5f4f-ba99-49b1-bcd5-57d537838a55@group-09BB870F62A0:LeaderElection16] INFO  server.RaftServerConfigKeys (ConfUtils.java:logGet(43)) - raft.server.staging.catchup.gap = 1000 (default)
2019-09-26 10:59:23,205 [Thread-264] INFO  impl.RoleInfo (RoleInfo.java:updateAndGet(143)) - cf629036-ace7-4ca9-94d6-fc8cc18310da: start LeaderElection
2019-09-26 10:59:23,205 [2e8c5f4f-ba99-49b1-bcd5-57d537838a55@group-09BB870F62A0:LeaderElection16] INFO  server.RaftServerConfigKeys (ConfUtils.java:logGet(43)) - raft.server.rpc.sleep.time = 25ms (default)
2019-09-26 10:59:23,205 [2e8c5f4f-ba99-49b1-bcd5-57d537838a55@group-09BB870F62A0:LeaderElection16] INFO  server.RaftServerConfigKeys (ConfUtils.java:logGet(43)) - raft.server.write.element-limit = 4096 (default)
2019-09-26 10:59:23,211 [2e8c5f4f-ba99-49b1-bcd5-57d537838a55@group-09BB870F62A0:LeaderElection16] INFO  server.RaftServerConfigKeys (ConfUtils.java:logGet(43)) - raft.server.watch.timeout = 10s (default)
2019-09-26 10:59:23,211 [2e8c5f4f-ba99-49b1-bcd5-57d537838a55@group-09BB870F62A0:LeaderElection16] INFO  server.RaftServerConfigKeys (ConfUtils.java:logGet(43)) - raft.server.watch.timeout.denomination = 1s (default)
2019-09-26 10:59:23,211 [2e8c5f4f-ba99-49b1-bcd5-57d537838a55@group-09BB870F62A0:LeaderElection16] INFO  server.RaftServerConfigKeys (ConfUtils.java:logGet(43)) - raft.server.watch.element-limit = 65536 (default)
2019-09-26 10:59:23,213 [cf629036-ace7-4ca9-94d6-fc8cc18310da@group-FD53E5AE74D5-SegmentedRaftLogWorker] INFO  segmented.SegmentedRaftLogWorker (SegmentedRaftLogWorker.java:execute(569)) - cf629036-ace7-4ca9-94d6-fc8cc18310da@group-FD53E5AE74D5-SegmentedRaftLogWorker: created new log segment /workdir/hadoop-ozone/tools/target/test-dir/MiniOzoneClusterImpl-500c1b69-91fd-4a69-8f24-d9dc154afa78/datanode-3/data/ratis/b42909e5-62ab-4b87-8b09-fd53e5ae74d5/current/log_inprogress_0
2019-09-26 10:59:23,216 [2e8c5f4f-ba99-49b1-bcd5-57d537838a55@group-09BB870F62A0:LeaderElection16] INFO  impl.RoleInfo (RoleInfo.java:updateAndGet(143)) - 2e8c5f4f-ba99-49b1-bcd5-57d537838a55: start LeaderState
2019-09-26 10:59:23,216 [2e8c5f4f-ba99-49b1-bcd5-57d537838a55@group-09BB870F62A0:LeaderElection16] INFO  segmented.SegmentedRaftLogWorker (SegmentedRaftLogWorker.java:startLogSegment(380)) - 2e8c5f4f-ba99-49b1-bcd5-57d537838a55@group-09BB870F62A0-SegmentedRaftLogWorker: Starting segment from index:0
2019-09-26 10:59:23,217 [2e8c5f4f-ba99-49b1-bcd5-57d537838a55@group-09BB870F62A0:LeaderElection16] INFO  impl.RaftServerImpl (ServerState.java:setRaftConf(354)) - 2e8c5f4f-ba99-49b1-bcd5-57d537838a55@group-09BB870F62A0: set configuration 0: [2e8c5f4f-ba99-49b1-bcd5-57d537838a55:192.168.30.13:41803], old=null at 0
2019-09-26 10:59:23,250 [cf629036-ace7-4ca9-94d6-fc8cc18310da@group-39E9929E7837:LeaderElection17] INFO  impl.LeaderElection (LeaderElection.java:askForVotes(182)) - cf629036-ace7-4ca9-94d6-fc8cc18310da@group-39E9929E7837:LeaderElection17: begin an election at term 1 for -1: [cf629036-ace7-4ca9-94d6-fc8cc18310da:192.168.30.13:46232], old=null
2019-09-26 10:59:23,250 [cf629036-ace7-4ca9-94d6-fc8cc18310da@group-39E9929E7837:LeaderElection17] INFO  impl.RoleInfo (RoleInfo.java:shutdownLeaderElection(134)) - cf629036-ace7-4ca9-94d6-fc8cc18310da: shutdown LeaderElection
2019-09-26 10:59:23,251 [cf629036-ace7-4ca9-94d6-fc8cc18310da@group-39E9929E7837:LeaderElection17] INFO  impl.RaftServerImpl (RaftServerImpl.java:setRole(174)) - cf629036-ace7-4ca9-94d6-fc8cc18310da@group-39E9929E7837: changes role from CANDIDATE to LEADER at term 1 for changeToLeader
2019-09-26 10:59:23,251 [cf629036-ace7-4ca9-94d6-fc8cc18310da@group-39E9929E7837:LeaderElection17] INFO  impl.RaftServerImpl (ServerState.java:setLeader(253)) - cf629036-ace7-4ca9-94d6-fc8cc18310da@group-39E9929E7837: change Leader from null to cf629036-ace7-4ca9-94d6-fc8cc18310da at term 1 for becomeLeader, leader elected after 5114ms
2019-09-26 10:59:23,251 [cf629036-ace7-4ca9-94d6-fc8cc18310da@group-39E9929E7837:LeaderElection17] INFO  server.RaftServerConfigKeys (ConfUtils.java:logGet(43)) - raft.server.staging.catchup.gap = 1000 (default)
2019-09-26 10:59:23,251 [cf629036-ace7-4ca9-94d6-fc8cc18310da@group-39E9929E7837:LeaderElection17] INFO  server.RaftServerConfigKeys (ConfUtils.java:logGet(43)) - raft.server.rpc.sleep.time = 25ms (default)
2019-09-26 10:59:23,252 [cf629036-ace7-4ca9-94d6-fc8cc18310da@group-39E9929E7837:LeaderElection17] INFO  server.RaftServerConfigKeys (ConfUtils.java:logGet(43)) - raft.server.write.element-limit = 4096 (default)
2019-09-26 10:59:23,252 [cf629036-ace7-4ca9-94d6-fc8cc18310da@group-39E9929E7837:LeaderElection17] INFO  server.RaftServerConfigKeys (ConfUtils.java:logGet(43)) - raft.server.watch.timeout = 10s (default)
2019-09-26 10:59:23,252 [cf629036-ace7-4ca9-94d6-fc8cc18310da@group-39E9929E7837:LeaderElection17] INFO  server.RaftServerConfigKeys (ConfUtils.java:logGet(43)) - raft.server.watch.timeout.denomination = 1s (default)
2019-09-26 10:59:23,252 [cf629036-ace7-4ca9-94d6-fc8cc18310da@group-39E9929E7837:LeaderElection17] INFO  server.RaftServerConfigKeys (ConfUtils.java:logGet(43)) - raft.server.watch.element-limit = 65536 (default)
2019-09-26 10:59:23,256 [cf629036-ace7-4ca9-94d6-fc8cc18310da@group-39E9929E7837:LeaderElection17] INFO  impl.RoleInfo (RoleInfo.java:updateAndGet(143)) - cf629036-ace7-4ca9-94d6-fc8cc18310da: start LeaderState
2019-09-26 10:59:23,257 [cf629036-ace7-4ca9-94d6-fc8cc18310da@group-39E9929E7837:LeaderElection17] INFO  segmented.SegmentedRaftLogWorker (SegmentedRaftLogWorker.java:startLogSegment(380)) - cf629036-ace7-4ca9-94d6-fc8cc18310da@group-39E9929E7837-SegmentedRaftLogWorker: Starting segment from index:0
2019-09-26 10:59:23,257 [cf629036-ace7-4ca9-94d6-fc8cc18310da@group-39E9929E7837:LeaderElection17] INFO  impl.RaftServerImpl (ServerState.java:setRaftConf(354)) - cf629036-ace7-4ca9-94d6-fc8cc18310da@group-39E9929E7837: set configuration 0: [cf629036-ace7-4ca9-94d6-fc8cc18310da:192.168.30.13:46232], old=null at 0
2019-09-26 10:59:23,298 [2e8c5f4f-ba99-49b1-bcd5-57d537838a55@group-09BB870F62A0-SegmentedRaftLogWorker] INFO  segmented.SegmentedRaftLogWorker (SegmentedRaftLogWorker.java:execute(569)) - 2e8c5f4f-ba99-49b1-bcd5-57d537838a55@group-09BB870F62A0-SegmentedRaftLogWorker: created new log segment /workdir/hadoop-ozone/tools/target/test-dir/MiniOzoneClusterImpl-500c1b69-91fd-4a69-8f24-d9dc154afa78/datanode-0/data/ratis/7663d72f-f2ae-41b9-a9d2-09bb870f62a0/current/log_inprogress_0
2019-09-26 10:59:23,322 [cf629036-ace7-4ca9-94d6-fc8cc18310da@group-39E9929E7837-SegmentedRaftLogWorker] INFO  segmented.SegmentedRaftLogWorker (SegmentedRaftLogWorker.java:execute(569)) - cf629036-ace7-4ca9-94d6-fc8cc18310da@group-39E9929E7837-SegmentedRaftLogWorker: created new log segment /workdir/hadoop-ozone/tools/target/test-dir/MiniOzoneClusterImpl-500c1b69-91fd-4a69-8f24-d9dc154afa78/datanode-3/data/ratis/9833019d-8513-4d4f-9f50-39e9929e7837/current/log_inprogress_0
2019-09-26 10:59:23,722 [Thread-267] INFO  impl.FollowerState (FollowerState.java:run(106)) - c38bca17-ec4a-4641-8fc4-32bb8247f11f:group-693C11D4E22F changes to CANDIDATE, lastRpcTime:5122, electionTimeout:5122ms
2019-09-26 10:59:23,722 [Thread-267] INFO  impl.RoleInfo (RoleInfo.java:shutdownFollowerState(121)) - c38bca17-ec4a-4641-8fc4-32bb8247f11f: shutdown FollowerState
2019-09-26 10:59:23,723 [Thread-267] INFO  impl.RaftServerImpl (RaftServerImpl.java:setRole(174)) - c38bca17-ec4a-4641-8fc4-32bb8247f11f@group-693C11D4E22F: changes role from  FOLLOWER to CANDIDATE at term 0 for changeToCandidate
2019-09-26 10:59:23,723 [Thread-267] INFO  impl.RoleInfo (RoleInfo.java:updateAndGet(143)) - c38bca17-ec4a-4641-8fc4-32bb8247f11f: start LeaderElection
2019-09-26 10:59:23,744 [c38bca17-ec4a-4641-8fc4-32bb8247f11f@group-693C11D4E22F:LeaderElection18] INFO  impl.LeaderElection (LeaderElection.java:askForVotes(182)) - c38bca17-ec4a-4641-8fc4-32bb8247f11f@group-693C11D4E22F:LeaderElection18: begin an election at term 1 for -1: [c38bca17-ec4a-4641-8fc4-32bb8247f11f:192.168.30.13:39970], old=null
2019-09-26 10:59:23,744 [c38bca17-ec4a-4641-8fc4-32bb8247f11f@group-693C11D4E22F:LeaderElection18] INFO  impl.RoleInfo (RoleInfo.java:shutdownLeaderElection(134)) - c38bca17-ec4a-4641-8fc4-32bb8247f11f: shutdown LeaderElection
2019-09-26 10:59:23,744 [c38bca17-ec4a-4641-8fc4-32bb8247f11f@group-693C11D4E22F:LeaderElection18] INFO  impl.RaftServerImpl (RaftServerImpl.java:setRole(174)) - c38bca17-ec4a-4641-8fc4-32bb8247f11f@group-693C11D4E22F: changes role from CANDIDATE to LEADER at term 1 for changeToLeader
2019-09-26 10:59:23,745 [c38bca17-ec4a-4641-8fc4-32bb8247f11f@group-693C11D4E22F:LeaderElection18] INFO  impl.RaftServerImpl (ServerState.java:setLeader(253)) - c38bca17-ec4a-4641-8fc4-32bb8247f11f@group-693C11D4E22F: change Leader from null to c38bca17-ec4a-4641-8fc4-32bb8247f11f at term 1 for becomeLeader, leader elected after 5164ms
2019-09-26 10:59:23,745 [c38bca17-ec4a-4641-8fc4-32bb8247f11f@group-693C11D4E22F:LeaderElection18] INFO  server.RaftServerConfigKeys (ConfUtils.java:logGet(43)) - raft.server.staging.catchup.gap = 1000 (default)
2019-09-26 10:59:23,745 [c38bca17-ec4a-4641-8fc4-32bb8247f11f@group-693C11D4E22F:LeaderElection18] INFO  server.RaftServerConfigKeys (ConfUtils.java:logGet(43)) - raft.server.rpc.sleep.time = 25ms (default)
2019-09-26 10:59:23,745 [c38bca17-ec4a-4641-8fc4-32bb8247f11f@group-693C11D4E22F:LeaderElection18] INFO  server.RaftServerConfigKeys (ConfUtils.java:logGet(43)) - raft.server.write.element-limit = 4096 (default)
2019-09-26 10:59:23,745 [c38bca17-ec4a-4641-8fc4-32bb8247f11f@group-693C11D4E22F:LeaderElection18] INFO  server.RaftServerConfigKeys (ConfUtils.java:logGet(43)) - raft.server.watch.timeout = 10s (default)
2019-09-26 10:59:23,746 [c38bca17-ec4a-4641-8fc4-32bb8247f11f@group-693C11D4E22F:LeaderElection18] INFO  server.RaftServerConfigKeys (ConfUtils.java:logGet(43)) - raft.server.watch.timeout.denomination = 1s (default)
2019-09-26 10:59:23,746 [c38bca17-ec4a-4641-8fc4-32bb8247f11f@group-693C11D4E22F:LeaderElection18] INFO  server.RaftServerConfigKeys (ConfUtils.java:logGet(43)) - raft.server.watch.element-limit = 65536 (default)
2019-09-26 10:59:23,749 [c38bca17-ec4a-4641-8fc4-32bb8247f11f@group-693C11D4E22F:LeaderElection18] INFO  impl.RoleInfo (RoleInfo.java:updateAndGet(143)) - c38bca17-ec4a-4641-8fc4-32bb8247f11f: start LeaderState
2019-09-26 10:59:23,749 [c38bca17-ec4a-4641-8fc4-32bb8247f11f@group-693C11D4E22F:LeaderElection18] INFO  segmented.SegmentedRaftLogWorker (SegmentedRaftLogWorker.java:startLogSegment(380)) - c38bca17-ec4a-4641-8fc4-32bb8247f11f@group-693C11D4E22F-SegmentedRaftLogWorker: Starting segment from index:0
2019-09-26 10:59:23,750 [c38bca17-ec4a-4641-8fc4-32bb8247f11f@group-693C11D4E22F:LeaderElection18] INFO  impl.RaftServerImpl (ServerState.java:setRaftConf(354)) - c38bca17-ec4a-4641-8fc4-32bb8247f11f@group-693C11D4E22F: set configuration 0: [c38bca17-ec4a-4641-8fc4-32bb8247f11f:192.168.30.13:39970], old=null at 0
2019-09-26 10:59:23,802 [Thread-270] INFO  impl.FollowerState (FollowerState.java:run(106)) - 91fb8321-54d9-4a64-90be-ab1c2b6fea7b:group-B65DC5546BDB changes to CANDIDATE, lastRpcTime:5115, electionTimeout:5115ms
2019-09-26 10:59:23,803 [Thread-270] INFO  impl.RoleInfo (RoleInfo.java:shutdownFollowerState(121)) - 91fb8321-54d9-4a64-90be-ab1c2b6fea7b: shutdown FollowerState
2019-09-26 10:59:23,803 [Thread-270] INFO  impl.RaftServerImpl (RaftServerImpl.java:setRole(174)) - 91fb8321-54d9-4a64-90be-ab1c2b6fea7b@group-B65DC5546BDB: changes role from  FOLLOWER to CANDIDATE at term 0 for changeToCandidate
2019-09-26 10:59:23,803 [Thread-270] INFO  impl.RoleInfo (RoleInfo.java:updateAndGet(143)) - 91fb8321-54d9-4a64-90be-ab1c2b6fea7b: start LeaderElection
2019-09-26 10:59:23,806 [c38bca17-ec4a-4641-8fc4-32bb8247f11f@group-693C11D4E22F-SegmentedRaftLogWorker] INFO  segmented.SegmentedRaftLogWorker (SegmentedRaftLogWorker.java:execute(569)) - c38bca17-ec4a-4641-8fc4-32bb8247f11f@group-693C11D4E22F-SegmentedRaftLogWorker: created new log segment /workdir/hadoop-ozone/tools/target/test-dir/MiniOzoneClusterImpl-500c1b69-91fd-4a69-8f24-d9dc154afa78/datanode-1/data/ratis/671ac181-28fb-40ef-80f2-693c11d4e22f/current/log_inprogress_0
2019-09-26 10:59:23,821 [Thread-273] INFO  impl.FollowerState (FollowerState.java:run(106)) - 2e8c5f4f-ba99-49b1-bcd5-57d537838a55:group-B9592E57032F changes to CANDIDATE, lastRpcTime:5037, electionTimeout:5037ms
2019-09-26 10:59:23,821 [Thread-273] INFO  impl.RoleInfo (RoleInfo.java:shutdownFollowerState(121)) - 2e8c5f4f-ba99-49b1-bcd5-57d537838a55: shutdown FollowerState
2019-09-26 10:59:23,821 [Thread-273] INFO  impl.RaftServerImpl (RaftServerImpl.java:setRole(174)) - 2e8c5f4f-ba99-49b1-bcd5-57d537838a55@group-B9592E57032F: changes role from  FOLLOWER to CANDIDATE at term 0 for changeToCandidate
2019-09-26 10:59:23,821 [Thread-273] INFO  impl.RoleInfo (RoleInfo.java:updateAndGet(143)) - 2e8c5f4f-ba99-49b1-bcd5-57d537838a55: start LeaderElection
2019-09-26 10:59:23,839 [91fb8321-54d9-4a64-90be-ab1c2b6fea7b@group-B65DC5546BDB:LeaderElection19] INFO  impl.LeaderElection (LeaderElection.java:askForVotes(182)) - 91fb8321-54d9-4a64-90be-ab1c2b6fea7b@group-B65DC5546BDB:LeaderElection19: begin an election at term 1 for -1: [91fb8321-54d9-4a64-90be-ab1c2b6fea7b:192.168.30.13:42819], old=null
2019-09-26 10:59:23,840 [91fb8321-54d9-4a64-90be-ab1c2b6fea7b@group-B65DC5546BDB:LeaderElection19] INFO  impl.RoleInfo (RoleInfo.java:shutdownLeaderElection(134)) - 91fb8321-54d9-4a64-90be-ab1c2b6fea7b: shutdown LeaderElection
2019-09-26 10:59:23,840 [91fb8321-54d9-4a64-90be-ab1c2b6fea7b@group-B65DC5546BDB:LeaderElection19] INFO  impl.RaftServerImpl (RaftServerImpl.java:setRole(174)) - 91fb8321-54d9-4a64-90be-ab1c2b6fea7b@group-B65DC5546BDB: changes role from CANDIDATE to LEADER at term 1 for changeToLeader
2019-09-26 10:59:23,840 [91fb8321-54d9-4a64-90be-ab1c2b6fea7b@group-B65DC5546BDB:LeaderElection19] INFO  impl.RaftServerImpl (ServerState.java:setLeader(253)) - 91fb8321-54d9-4a64-90be-ab1c2b6fea7b@group-B65DC5546BDB: change Leader from null to 91fb8321-54d9-4a64-90be-ab1c2b6fea7b at term 1 for becomeLeader, leader elected after 5162ms
2019-09-26 10:59:23,840 [91fb8321-54d9-4a64-90be-ab1c2b6fea7b@group-B65DC5546BDB:LeaderElection19] INFO  server.RaftServerConfigKeys (ConfUtils.java:logGet(43)) - raft.server.staging.catchup.gap = 1000 (default)
2019-09-26 10:59:23,841 [91fb8321-54d9-4a64-90be-ab1c2b6fea7b@group-B65DC5546BDB:LeaderElection19] INFO  server.RaftServerConfigKeys (ConfUtils.java:logGet(43)) - raft.server.rpc.sleep.time = 25ms (default)
2019-09-26 10:59:23,841 [91fb8321-54d9-4a64-90be-ab1c2b6fea7b@group-B65DC5546BDB:LeaderElection19] INFO  server.RaftServerConfigKeys (ConfUtils.java:logGet(43)) - raft.server.write.element-limit = 4096 (default)
2019-09-26 10:59:23,841 [91fb8321-54d9-4a64-90be-ab1c2b6fea7b@group-B65DC5546BDB:LeaderElection19] INFO  server.RaftServerConfigKeys (ConfUtils.java:logGet(43)) - raft.server.watch.timeout = 10s (default)
2019-09-26 10:59:23,841 [91fb8321-54d9-4a64-90be-ab1c2b6fea7b@group-B65DC5546BDB:LeaderElection19] INFO  server.RaftServerConfigKeys (ConfUtils.java:logGet(43)) - raft.server.watch.timeout.denomination = 1s (default)
2019-09-26 10:59:23,841 [91fb8321-54d9-4a64-90be-ab1c2b6fea7b@group-B65DC5546BDB:LeaderElection19] INFO  server.RaftServerConfigKeys (ConfUtils.java:logGet(43)) - raft.server.watch.element-limit = 65536 (default)
2019-09-26 10:59:23,845 [91fb8321-54d9-4a64-90be-ab1c2b6fea7b@group-B65DC5546BDB:LeaderElection19] INFO  impl.RoleInfo (RoleInfo.java:updateAndGet(143)) - 91fb8321-54d9-4a64-90be-ab1c2b6fea7b: start LeaderState
2019-09-26 10:59:23,846 [91fb8321-54d9-4a64-90be-ab1c2b6fea7b@group-B65DC5546BDB:LeaderElection19] INFO  segmented.SegmentedRaftLogWorker (SegmentedRaftLogWorker.java:startLogSegment(380)) - 91fb8321-54d9-4a64-90be-ab1c2b6fea7b@group-B65DC5546BDB-SegmentedRaftLogWorker: Starting segment from index:0
2019-09-26 10:59:23,846 [91fb8321-54d9-4a64-90be-ab1c2b6fea7b@group-B65DC5546BDB:LeaderElection19] INFO  impl.RaftServerImpl (ServerState.java:setRaftConf(354)) - 91fb8321-54d9-4a64-90be-ab1c2b6fea7b@group-B65DC5546BDB: set configuration 0: [91fb8321-54d9-4a64-90be-ab1c2b6fea7b:192.168.30.13:42819], old=null at 0
2019-09-26 10:59:23,888 [2e8c5f4f-ba99-49b1-bcd5-57d537838a55@group-B9592E57032F:LeaderElection20] INFO  impl.LeaderElection (LeaderElection.java:askForVotes(182)) - 2e8c5f4f-ba99-49b1-bcd5-57d537838a55@group-B9592E57032F:LeaderElection20: begin an election at term 1 for -1: [2e8c5f4f-ba99-49b1-bcd5-57d537838a55:192.168.30.13:41803], old=null
2019-09-26 10:59:23,888 [2e8c5f4f-ba99-49b1-bcd5-57d537838a55@group-B9592E57032F:LeaderElection20] INFO  impl.RoleInfo (RoleInfo.java:shutdownLeaderElection(134)) - 2e8c5f4f-ba99-49b1-bcd5-57d537838a55: shutdown LeaderElection
2019-09-26 10:59:23,888 [2e8c5f4f-ba99-49b1-bcd5-57d537838a55@group-B9592E57032F:LeaderElection20] INFO  impl.RaftServerImpl (RaftServerImpl.java:setRole(174)) - 2e8c5f4f-ba99-49b1-bcd5-57d537838a55@group-B9592E57032F: changes role from CANDIDATE to LEADER at term 1 for changeToLeader
2019-09-26 10:59:23,889 [2e8c5f4f-ba99-49b1-bcd5-57d537838a55@group-B9592E57032F:LeaderElection20] INFO  impl.RaftServerImpl (ServerState.java:setLeader(253)) - 2e8c5f4f-ba99-49b1-bcd5-57d537838a55@group-B9592E57032F: change Leader from null to 2e8c5f4f-ba99-49b1-bcd5-57d537838a55 at term 1 for becomeLeader, leader elected after 5117ms
2019-09-26 10:59:23,889 [2e8c5f4f-ba99-49b1-bcd5-57d537838a55@group-B9592E57032F:LeaderElection20] INFO  server.RaftServerConfigKeys (ConfUtils.java:logGet(43)) - raft.server.staging.catchup.gap = 1000 (default)
2019-09-26 10:59:23,889 [2e8c5f4f-ba99-49b1-bcd5-57d537838a55@group-B9592E57032F:LeaderElection20] INFO  server.RaftServerConfigKeys (ConfUtils.java:logGet(43)) - raft.server.rpc.sleep.time = 25ms (default)
2019-09-26 10:59:23,889 [2e8c5f4f-ba99-49b1-bcd5-57d537838a55@group-B9592E57032F:LeaderElection20] INFO  server.RaftServerConfigKeys (ConfUtils.java:logGet(43)) - raft.server.write.element-limit = 4096 (default)
2019-09-26 10:59:23,890 [2e8c5f4f-ba99-49b1-bcd5-57d537838a55@group-B9592E57032F:LeaderElection20] INFO  server.RaftServerConfigKeys (ConfUtils.java:logGet(43)) - raft.server.watch.timeout = 10s (default)
2019-09-26 10:59:23,890 [2e8c5f4f-ba99-49b1-bcd5-57d537838a55@group-B9592E57032F:LeaderElection20] INFO  server.RaftServerConfigKeys (ConfUtils.java:logGet(43)) - raft.server.watch.timeout.denomination = 1s (default)
2019-09-26 10:59:23,890 [2e8c5f4f-ba99-49b1-bcd5-57d537838a55@group-B9592E57032F:LeaderElection20] INFO  server.RaftServerConfigKeys (ConfUtils.java:logGet(43)) - raft.server.watch.element-limit = 65536 (default)
2019-09-26 10:59:23,894 [2e8c5f4f-ba99-49b1-bcd5-57d537838a55@group-B9592E57032F:LeaderElection20] INFO  impl.RoleInfo (RoleInfo.java:updateAndGet(143)) - 2e8c5f4f-ba99-49b1-bcd5-57d537838a55: start LeaderState
2019-09-26 10:59:23,894 [2e8c5f4f-ba99-49b1-bcd5-57d537838a55@group-B9592E57032F:LeaderElection20] INFO  segmented.SegmentedRaftLogWorker (SegmentedRaftLogWorker.java:startLogSegment(380)) - 2e8c5f4f-ba99-49b1-bcd5-57d537838a55@group-B9592E57032F-SegmentedRaftLogWorker: Starting segment from index:0
2019-09-26 10:59:23,906 [2e8c5f4f-ba99-49b1-bcd5-57d537838a55@group-B9592E57032F:LeaderElection20] INFO  impl.RaftServerImpl (ServerState.java:setRaftConf(354)) - 2e8c5f4f-ba99-49b1-bcd5-57d537838a55@group-B9592E57032F: set configuration 0: [2e8c5f4f-ba99-49b1-bcd5-57d537838a55:192.168.30.13:41803], old=null at 0
2019-09-26 10:59:23,959 [91fb8321-54d9-4a64-90be-ab1c2b6fea7b@group-B65DC5546BDB-SegmentedRaftLogWorker] INFO  segmented.SegmentedRaftLogWorker (SegmentedRaftLogWorker.java:execute(569)) - 91fb8321-54d9-4a64-90be-ab1c2b6fea7b@group-B65DC5546BDB-SegmentedRaftLogWorker: created new log segment /workdir/hadoop-ozone/tools/target/test-dir/MiniOzoneClusterImpl-500c1b69-91fd-4a69-8f24-d9dc154afa78/datanode-4/data/ratis/8c9471a9-7621-4bd4-9c09-b65dc5546bdb/current/log_inprogress_0
2019-09-26 10:59:23,984 [2e8c5f4f-ba99-49b1-bcd5-57d537838a55@group-B9592E57032F-SegmentedRaftLogWorker] INFO  segmented.SegmentedRaftLogWorker (SegmentedRaftLogWorker.java:execute(569)) - 2e8c5f4f-ba99-49b1-bcd5-57d537838a55@group-B9592E57032F-SegmentedRaftLogWorker: created new log segment /workdir/hadoop-ozone/tools/target/test-dir/MiniOzoneClusterImpl-500c1b69-91fd-4a69-8f24-d9dc154afa78/datanode-0/data/ratis/8cd7aba1-59c1-4973-b4ac-b9592e57032f/current/log_inprogress_0
2019-09-26 10:59:23,989 [Thread-276] INFO  impl.FollowerState (FollowerState.java:run(106)) - c1a9f1dd-6c0d-41cb-a4f1-f4597ac7f27c:group-DCB792644867 changes to CANDIDATE, lastRpcTime:5122, electionTimeout:5122ms
2019-09-26 10:59:23,989 [Thread-276] INFO  impl.RoleInfo (RoleInfo.java:shutdownFollowerState(121)) - c1a9f1dd-6c0d-41cb-a4f1-f4597ac7f27c: shutdown FollowerState
2019-09-26 10:59:23,989 [Thread-276] INFO  impl.RaftServerImpl (RaftServerImpl.java:setRole(174)) - c1a9f1dd-6c0d-41cb-a4f1-f4597ac7f27c@group-DCB792644867: changes role from  FOLLOWER to CANDIDATE at term 0 for changeToCandidate
2019-09-26 10:59:23,989 [Thread-276] INFO  impl.RoleInfo (RoleInfo.java:updateAndGet(143)) - c1a9f1dd-6c0d-41cb-a4f1-f4597ac7f27c: start LeaderElection
2019-09-26 10:59:24,001 [c1a9f1dd-6c0d-41cb-a4f1-f4597ac7f27c@group-DCB792644867:LeaderElection21] INFO  impl.LeaderElection (LeaderElection.java:askForVotes(182)) - c1a9f1dd-6c0d-41cb-a4f1-f4597ac7f27c@group-DCB792644867:LeaderElection21: begin an election at term 1 for -1: [c1a9f1dd-6c0d-41cb-a4f1-f4597ac7f27c:192.168.30.13:44506], old=null
2019-09-26 10:59:24,002 [c1a9f1dd-6c0d-41cb-a4f1-f4597ac7f27c@group-DCB792644867:LeaderElection21] INFO  impl.RoleInfo (RoleInfo.java:shutdownLeaderElection(134)) - c1a9f1dd-6c0d-41cb-a4f1-f4597ac7f27c: shutdown LeaderElection
2019-09-26 10:59:24,002 [c1a9f1dd-6c0d-41cb-a4f1-f4597ac7f27c@group-DCB792644867:LeaderElection21] INFO  impl.RaftServerImpl (RaftServerImpl.java:setRole(174)) - c1a9f1dd-6c0d-41cb-a4f1-f4597ac7f27c@group-DCB792644867: changes role from CANDIDATE to LEADER at term 1 for changeToLeader
2019-09-26 10:59:24,002 [c1a9f1dd-6c0d-41cb-a4f1-f4597ac7f27c@group-DCB792644867:LeaderElection21] INFO  impl.RaftServerImpl (ServerState.java:setLeader(253)) - c1a9f1dd-6c0d-41cb-a4f1-f4597ac7f27c@group-DCB792644867: change Leader from null to c1a9f1dd-6c0d-41cb-a4f1-f4597ac7f27c at term 1 for becomeLeader, leader elected after 5142ms
2019-09-26 10:59:24,002 [c1a9f1dd-6c0d-41cb-a4f1-f4597ac7f27c@group-DCB792644867:LeaderElection21] INFO  server.RaftServerConfigKeys (ConfUtils.java:logGet(43)) - raft.server.staging.catchup.gap = 1000 (default)
2019-09-26 10:59:24,002 [c1a9f1dd-6c0d-41cb-a4f1-f4597ac7f27c@group-DCB792644867:LeaderElection21] INFO  server.RaftServerConfigKeys (ConfUtils.java:logGet(43)) - raft.server.rpc.sleep.time = 25ms (default)
2019-09-26 10:59:24,002 [c1a9f1dd-6c0d-41cb-a4f1-f4597ac7f27c@group-DCB792644867:LeaderElection21] INFO  server.RaftServerConfigKeys (ConfUtils.java:logGet(43)) - raft.server.write.element-limit = 4096 (default)
2019-09-26 10:59:24,003 [c1a9f1dd-6c0d-41cb-a4f1-f4597ac7f27c@group-DCB792644867:LeaderElection21] INFO  server.RaftServerConfigKeys (ConfUtils.java:logGet(43)) - raft.server.watch.timeout = 10s (default)
2019-09-26 10:59:24,003 [c1a9f1dd-6c0d-41cb-a4f1-f4597ac7f27c@group-DCB792644867:LeaderElection21] INFO  server.RaftServerConfigKeys (ConfUtils.java:logGet(43)) - raft.server.watch.timeout.denomination = 1s (default)
2019-09-26 10:59:24,003 [c1a9f1dd-6c0d-41cb-a4f1-f4597ac7f27c@group-DCB792644867:LeaderElection21] INFO  server.RaftServerConfigKeys (ConfUtils.java:logGet(43)) - raft.server.watch.element-limit = 65536 (default)
2019-09-26 10:59:24,007 [c1a9f1dd-6c0d-41cb-a4f1-f4597ac7f27c@group-DCB792644867:LeaderElection21] INFO  impl.RoleInfo (RoleInfo.java:updateAndGet(143)) - c1a9f1dd-6c0d-41cb-a4f1-f4597ac7f27c: start LeaderState
2019-09-26 10:59:24,007 [c1a9f1dd-6c0d-41cb-a4f1-f4597ac7f27c@group-DCB792644867:LeaderElection21] INFO  segmented.SegmentedRaftLogWorker (SegmentedRaftLogWorker.java:startLogSegment(380)) - c1a9f1dd-6c0d-41cb-a4f1-f4597ac7f27c@group-DCB792644867-SegmentedRaftLogWorker: Starting segment from index:0
2019-09-26 10:59:24,008 [c1a9f1dd-6c0d-41cb-a4f1-f4597ac7f27c@group-DCB792644867:LeaderElection21] INFO  impl.RaftServerImpl (ServerState.java:setRaftConf(354)) - c1a9f1dd-6c0d-41cb-a4f1-f4597ac7f27c@group-DCB792644867: set configuration 0: [c1a9f1dd-6c0d-41cb-a4f1-f4597ac7f27c:192.168.30.13:44506], old=null at 0
2019-09-26 10:59:24,055 [Thread-280] INFO  impl.FollowerState (FollowerState.java:run(106)) - 2e8c5f4f-ba99-49b1-bcd5-57d537838a55:group-989390985ADB changes to CANDIDATE, lastRpcTime:5130, electionTimeout:5130ms
2019-09-26 10:59:24,055 [Thread-280] INFO  impl.RoleInfo (RoleInfo.java:shutdownFollowerState(121)) - 2e8c5f4f-ba99-49b1-bcd5-57d537838a55: shutdown FollowerState
2019-09-26 10:59:24,056 [Thread-280] INFO  impl.RaftServerImpl (RaftServerImpl.java:setRole(174)) - 2e8c5f4f-ba99-49b1-bcd5-57d537838a55@group-989390985ADB: changes role from  FOLLOWER to CANDIDATE at term 0 for changeToCandidate
2019-09-26 10:59:24,056 [Thread-280] INFO  impl.RoleInfo (RoleInfo.java:updateAndGet(143)) - 2e8c5f4f-ba99-49b1-bcd5-57d537838a55: start LeaderElection
2019-09-26 10:59:24,073 [c1a9f1dd-6c0d-41cb-a4f1-f4597ac7f27c@group-DCB792644867-SegmentedRaftLogWorker] INFO  segmented.SegmentedRaftLogWorker (SegmentedRaftLogWorker.java:execute(569)) - c1a9f1dd-6c0d-41cb-a4f1-f4597ac7f27c@group-DCB792644867-SegmentedRaftLogWorker: created new log segment /workdir/hadoop-ozone/tools/target/test-dir/MiniOzoneClusterImpl-500c1b69-91fd-4a69-8f24-d9dc154afa78/datanode-2/data/ratis/2c9f9d06-e730-41c8-836a-dcb792644867/current/log_inprogress_0
2019-09-26 10:59:24,073 [2e8c5f4f-ba99-49b1-bcd5-57d537838a55@group-989390985ADB:LeaderElection22] INFO  impl.LeaderElection (LeaderElection.java:askForVotes(182)) - 2e8c5f4f-ba99-49b1-bcd5-57d537838a55@group-989390985ADB:LeaderElection22: begin an election at term 1 for -1: [2e8c5f4f-ba99-49b1-bcd5-57d537838a55:192.168.30.13:41803], old=null
2019-09-26 10:59:24,074 [2e8c5f4f-ba99-49b1-bcd5-57d537838a55@group-989390985ADB:LeaderElection22] INFO  impl.RoleInfo (RoleInfo.java:shutdownLeaderElection(134)) - 2e8c5f4f-ba99-49b1-bcd5-57d537838a55: shutdown LeaderElection
2019-09-26 10:59:24,074 [2e8c5f4f-ba99-49b1-bcd5-57d537838a55@group-989390985ADB:LeaderElection22] INFO  impl.RaftServerImpl (RaftServerImpl.java:setRole(174)) - 2e8c5f4f-ba99-49b1-bcd5-57d537838a55@group-989390985ADB: changes role from CANDIDATE to LEADER at term 1 for changeToLeader
2019-09-26 10:59:24,074 [2e8c5f4f-ba99-49b1-bcd5-57d537838a55@group-989390985ADB:LeaderElection22] INFO  impl.RaftServerImpl (ServerState.java:setLeader(253)) - 2e8c5f4f-ba99-49b1-bcd5-57d537838a55@group-989390985ADB: change Leader from null to 2e8c5f4f-ba99-49b1-bcd5-57d537838a55 at term 1 for becomeLeader, leader elected after 5159ms
2019-09-26 10:59:24,074 [2e8c5f4f-ba99-49b1-bcd5-57d537838a55@group-989390985ADB:LeaderElection22] INFO  server.RaftServerConfigKeys (ConfUtils.java:logGet(43)) - raft.server.staging.catchup.gap = 1000 (default)
2019-09-26 10:59:24,074 [2e8c5f4f-ba99-49b1-bcd5-57d537838a55@group-989390985ADB:LeaderElection22] INFO  server.RaftServerConfigKeys (ConfUtils.java:logGet(43)) - raft.server.rpc.sleep.time = 25ms (default)
2019-09-26 10:59:24,075 [2e8c5f4f-ba99-49b1-bcd5-57d537838a55@group-989390985ADB:LeaderElection22] INFO  server.RaftServerConfigKeys (ConfUtils.java:logGet(43)) - raft.server.write.element-limit = 4096 (default)
2019-09-26 10:59:24,075 [2e8c5f4f-ba99-49b1-bcd5-57d537838a55@group-989390985ADB:LeaderElection22] INFO  server.RaftServerConfigKeys (ConfUtils.java:logGet(43)) - raft.server.watch.timeout = 10s (default)
2019-09-26 10:59:24,075 [2e8c5f4f-ba99-49b1-bcd5-57d537838a55@group-989390985ADB:LeaderElection22] INFO  server.RaftServerConfigKeys (ConfUtils.java:logGet(43)) - raft.server.watch.timeout.denomination = 1s (default)
2019-09-26 10:59:24,075 [2e8c5f4f-ba99-49b1-bcd5-57d537838a55@group-989390985ADB:LeaderElection22] INFO  server.RaftServerConfigKeys (ConfUtils.java:logGet(43)) - raft.server.watch.element-limit = 65536 (default)
2019-09-26 10:59:24,078 [2e8c5f4f-ba99-49b1-bcd5-57d537838a55@group-989390985ADB:LeaderElection22] INFO  impl.RoleInfo (RoleInfo.java:updateAndGet(143)) - 2e8c5f4f-ba99-49b1-bcd5-57d537838a55: start LeaderState
2019-09-26 10:59:24,079 [2e8c5f4f-ba99-49b1-bcd5-57d537838a55@group-989390985ADB:LeaderElection22] INFO  segmented.SegmentedRaftLogWorker (SegmentedRaftLogWorker.java:startLogSegment(380)) - 2e8c5f4f-ba99-49b1-bcd5-57d537838a55@group-989390985ADB-SegmentedRaftLogWorker: Starting segment from index:0
2019-09-26 10:59:24,079 [2e8c5f4f-ba99-49b1-bcd5-57d537838a55@group-989390985ADB:LeaderElection22] INFO  impl.RaftServerImpl (ServerState.java:setRaftConf(354)) - 2e8c5f4f-ba99-49b1-bcd5-57d537838a55@group-989390985ADB: set configuration 0: [2e8c5f4f-ba99-49b1-bcd5-57d537838a55:192.168.30.13:41803], old=null at 0
2019-09-26 10:59:24,126 [2e8c5f4f-ba99-49b1-bcd5-57d537838a55@group-989390985ADB-SegmentedRaftLogWorker] INFO  segmented.SegmentedRaftLogWorker (SegmentedRaftLogWorker.java:execute(569)) - 2e8c5f4f-ba99-49b1-bcd5-57d537838a55@group-989390985ADB-SegmentedRaftLogWorker: created new log segment /workdir/hadoop-ozone/tools/target/test-dir/MiniOzoneClusterImpl-500c1b69-91fd-4a69-8f24-d9dc154afa78/datanode-0/data/ratis/01510d15-5d45-4578-88d0-989390985adb/current/log_inprogress_0
2019-09-26 10:59:24,358 [Thread-283] INFO  impl.FollowerState (FollowerState.java:run(106)) - cf629036-ace7-4ca9-94d6-fc8cc18310da:group-2B4F140FFDB5 changes to CANDIDATE, lastRpcTime:5155, electionTimeout:5155ms
2019-09-26 10:59:24,358 [Thread-283] INFO  impl.RoleInfo (RoleInfo.java:shutdownFollowerState(121)) - cf629036-ace7-4ca9-94d6-fc8cc18310da: shutdown FollowerState
2019-09-26 10:59:24,358 [Thread-283] INFO  impl.RaftServerImpl (RaftServerImpl.java:setRole(174)) - cf629036-ace7-4ca9-94d6-fc8cc18310da@group-2B4F140FFDB5: changes role from  FOLLOWER to CANDIDATE at term 0 for changeToCandidate
2019-09-26 10:59:24,359 [Thread-283] INFO  impl.RoleInfo (RoleInfo.java:updateAndGet(143)) - cf629036-ace7-4ca9-94d6-fc8cc18310da: start LeaderElection
2019-09-26 10:59:24,362 [Thread-286] INFO  impl.FollowerState (FollowerState.java:run(106)) - c1a9f1dd-6c0d-41cb-a4f1-f4597ac7f27c:group-52E9AABDC54C changes to CANDIDATE, lastRpcTime:5097, electionTimeout:5097ms
2019-09-26 10:59:24,363 [Thread-286] INFO  impl.RoleInfo (RoleInfo.java:shutdownFollowerState(121)) - c1a9f1dd-6c0d-41cb-a4f1-f4597ac7f27c: shutdown FollowerState
2019-09-26 10:59:24,363 [Thread-286] INFO  impl.RaftServerImpl (RaftServerImpl.java:setRole(174)) - c1a9f1dd-6c0d-41cb-a4f1-f4597ac7f27c@group-52E9AABDC54C: changes role from  FOLLOWER to CANDIDATE at term 0 for changeToCandidate
2019-09-26 10:59:24,363 [Thread-286] INFO  impl.RoleInfo (RoleInfo.java:updateAndGet(143)) - c1a9f1dd-6c0d-41cb-a4f1-f4597ac7f27c: start LeaderElection
2019-09-26 10:59:24,376 [c1a9f1dd-6c0d-41cb-a4f1-f4597ac7f27c@group-52E9AABDC54C:LeaderElection24] INFO  impl.LeaderElection (LeaderElection.java:askForVotes(182)) - c1a9f1dd-6c0d-41cb-a4f1-f4597ac7f27c@group-52E9AABDC54C:LeaderElection24: begin an election at term 1 for -1: [c1a9f1dd-6c0d-41cb-a4f1-f4597ac7f27c:192.168.30.13:44506], old=null
2019-09-26 10:59:24,376 [cf629036-ace7-4ca9-94d6-fc8cc18310da@group-2B4F140FFDB5:LeaderElection23] INFO  impl.LeaderElection (LeaderElection.java:askForVotes(182)) - cf629036-ace7-4ca9-94d6-fc8cc18310da@group-2B4F140FFDB5:LeaderElection23: begin an election at term 1 for -1: [cf629036-ace7-4ca9-94d6-fc8cc18310da:192.168.30.13:46232], old=null
2019-09-26 10:59:24,376 [c1a9f1dd-6c0d-41cb-a4f1-f4597ac7f27c@group-52E9AABDC54C:LeaderElection24] INFO  impl.RoleInfo (RoleInfo.java:shutdownLeaderElection(134)) - c1a9f1dd-6c0d-41cb-a4f1-f4597ac7f27c: shutdown LeaderElection
2019-09-26 10:59:24,377 [cf629036-ace7-4ca9-94d6-fc8cc18310da@group-2B4F140FFDB5:LeaderElection23] INFO  impl.RoleInfo (RoleInfo.java:shutdownLeaderElection(134)) - cf629036-ace7-4ca9-94d6-fc8cc18310da: shutdown LeaderElection
2019-09-26 10:59:24,377 [c1a9f1dd-6c0d-41cb-a4f1-f4597ac7f27c@group-52E9AABDC54C:LeaderElection24] INFO  impl.RaftServerImpl (RaftServerImpl.java:setRole(174)) - c1a9f1dd-6c0d-41cb-a4f1-f4597ac7f27c@group-52E9AABDC54C: changes role from CANDIDATE to LEADER at term 1 for changeToLeader
2019-09-26 10:59:24,377 [cf629036-ace7-4ca9-94d6-fc8cc18310da@group-2B4F140FFDB5:LeaderElection23] INFO  impl.RaftServerImpl (RaftServerImpl.java:setRole(174)) - cf629036-ace7-4ca9-94d6-fc8cc18310da@group-2B4F140FFDB5: changes role from CANDIDATE to LEADER at term 1 for changeToLeader
2019-09-26 10:59:24,377 [c1a9f1dd-6c0d-41cb-a4f1-f4597ac7f27c@group-52E9AABDC54C:LeaderElection24] INFO  impl.RaftServerImpl (ServerState.java:setLeader(253)) - c1a9f1dd-6c0d-41cb-a4f1-f4597ac7f27c@group-52E9AABDC54C: change Leader from null to c1a9f1dd-6c0d-41cb-a4f1-f4597ac7f27c at term 1 for becomeLeader, leader elected after 5118ms
2019-09-26 10:59:24,377 [cf629036-ace7-4ca9-94d6-fc8cc18310da@group-2B4F140FFDB5:LeaderElection23] INFO  impl.RaftServerImpl (ServerState.java:setLeader(253)) - cf629036-ace7-4ca9-94d6-fc8cc18310da@group-2B4F140FFDB5: change Leader from null to cf629036-ace7-4ca9-94d6-fc8cc18310da at term 1 for becomeLeader, leader elected after 5184ms
2019-09-26 10:59:24,377 [c1a9f1dd-6c0d-41cb-a4f1-f4597ac7f27c@group-52E9AABDC54C:LeaderElection24] INFO  server.RaftServerConfigKeys (ConfUtils.java:logGet(43)) - raft.server.staging.catchup.gap = 1000 (default)
2019-09-26 10:59:24,378 [cf629036-ace7-4ca9-94d6-fc8cc18310da@group-2B4F140FFDB5:LeaderElection23] INFO  server.RaftServerConfigKeys (ConfUtils.java:logGet(43)) - raft.server.staging.catchup.gap = 1000 (default)
2019-09-26 10:59:24,378 [c1a9f1dd-6c0d-41cb-a4f1-f4597ac7f27c@group-52E9AABDC54C:LeaderElection24] INFO  server.RaftServerConfigKeys (ConfUtils.java:logGet(43)) - raft.server.rpc.sleep.time = 25ms (default)
2019-09-26 10:59:24,378 [cf629036-ace7-4ca9-94d6-fc8cc18310da@group-2B4F140FFDB5:LeaderElection23] INFO  server.RaftServerConfigKeys (ConfUtils.java:logGet(43)) - raft.server.rpc.sleep.time = 25ms (default)
2019-09-26 10:59:24,378 [c1a9f1dd-6c0d-41cb-a4f1-f4597ac7f27c@group-52E9AABDC54C:LeaderElection24] INFO  server.RaftServerConfigKeys (ConfUtils.java:logGet(43)) - raft.server.write.element-limit = 4096 (default)
2019-09-26 10:59:24,378 [cf629036-ace7-4ca9-94d6-fc8cc18310da@group-2B4F140FFDB5:LeaderElection23] INFO  server.RaftServerConfigKeys (ConfUtils.java:logGet(43)) - raft.server.write.element-limit = 4096 (default)
2019-09-26 10:59:24,378 [c1a9f1dd-6c0d-41cb-a4f1-f4597ac7f27c@group-52E9AABDC54C:LeaderElection24] INFO  server.RaftServerConfigKeys (ConfUtils.java:logGet(43)) - raft.server.watch.timeout = 10s (default)
2019-09-26 10:59:24,379 [cf629036-ace7-4ca9-94d6-fc8cc18310da@group-2B4F140FFDB5:LeaderElection23] INFO  server.RaftServerConfigKeys (ConfUtils.java:logGet(43)) - raft.server.watch.timeout = 10s (default)
2019-09-26 10:59:24,379 [c1a9f1dd-6c0d-41cb-a4f1-f4597ac7f27c@group-52E9AABDC54C:LeaderElection24] INFO  server.RaftServerConfigKeys (ConfUtils.java:logGet(43)) - raft.server.watch.timeout.denomination = 1s (default)
2019-09-26 10:59:24,379 [cf629036-ace7-4ca9-94d6-fc8cc18310da@group-2B4F140FFDB5:LeaderElection23] INFO  server.RaftServerConfigKeys (ConfUtils.java:logGet(43)) - raft.server.watch.timeout.denomination = 1s (default)
2019-09-26 10:59:24,379 [c1a9f1dd-6c0d-41cb-a4f1-f4597ac7f27c@group-52E9AABDC54C:LeaderElection24] INFO  server.RaftServerConfigKeys (ConfUtils.java:logGet(43)) - raft.server.watch.element-limit = 65536 (default)
2019-09-26 10:59:24,379 [cf629036-ace7-4ca9-94d6-fc8cc18310da@group-2B4F140FFDB5:LeaderElection23] INFO  server.RaftServerConfigKeys (ConfUtils.java:logGet(43)) - raft.server.watch.element-limit = 65536 (default)
2019-09-26 10:59:24,383 [c1a9f1dd-6c0d-41cb-a4f1-f4597ac7f27c@group-52E9AABDC54C:LeaderElection24] INFO  impl.RoleInfo (RoleInfo.java:updateAndGet(143)) - c1a9f1dd-6c0d-41cb-a4f1-f4597ac7f27c: start LeaderState
2019-09-26 10:59:24,384 [c1a9f1dd-6c0d-41cb-a4f1-f4597ac7f27c@group-52E9AABDC54C:LeaderElection24] INFO  segmented.SegmentedRaftLogWorker (SegmentedRaftLogWorker.java:startLogSegment(380)) - c1a9f1dd-6c0d-41cb-a4f1-f4597ac7f27c@group-52E9AABDC54C-SegmentedRaftLogWorker: Starting segment from index:0
2019-09-26 10:59:24,384 [c1a9f1dd-6c0d-41cb-a4f1-f4597ac7f27c@group-52E9AABDC54C:LeaderElection24] INFO  impl.RaftServerImpl (ServerState.java:setRaftConf(354)) - c1a9f1dd-6c0d-41cb-a4f1-f4597ac7f27c@group-52E9AABDC54C: set configuration 0: [c1a9f1dd-6c0d-41cb-a4f1-f4597ac7f27c:192.168.30.13:44506], old=null at 0
2019-09-26 10:59:24,427 [Thread-292] INFO  impl.FollowerState (FollowerState.java:run(106)) - c38bca17-ec4a-4641-8fc4-32bb8247f11f:group-DE7A2FC978CB changes to CANDIDATE, lastRpcTime:5053, electionTimeout:5020ms
2019-09-26 10:59:24,427 [cf629036-ace7-4ca9-94d6-fc8cc18310da@group-2B4F140FFDB5:LeaderElection23] INFO  impl.RoleInfo (RoleInfo.java:updateAndGet(143)) - cf629036-ace7-4ca9-94d6-fc8cc18310da: start LeaderState
2019-09-26 10:59:24,427 [Thread-292] INFO  impl.RoleInfo (RoleInfo.java:shutdownFollowerState(121)) - c38bca17-ec4a-4641-8fc4-32bb8247f11f: shutdown FollowerState
2019-09-26 10:59:24,427 [cf629036-ace7-4ca9-94d6-fc8cc18310da@group-2B4F140FFDB5:LeaderElection23] INFO  segmented.SegmentedRaftLogWorker (SegmentedRaftLogWorker.java:startLogSegment(380)) - cf629036-ace7-4ca9-94d6-fc8cc18310da@group-2B4F140FFDB5-SegmentedRaftLogWorker: Starting segment from index:0
2019-09-26 10:59:24,428 [Thread-292] INFO  impl.RaftServerImpl (RaftServerImpl.java:setRole(174)) - c38bca17-ec4a-4641-8fc4-32bb8247f11f@group-DE7A2FC978CB: changes role from  FOLLOWER to CANDIDATE at term 0 for changeToCandidate
2019-09-26 10:59:24,428 [Thread-292] INFO  impl.RoleInfo (RoleInfo.java:updateAndGet(143)) - c38bca17-ec4a-4641-8fc4-32bb8247f11f: start LeaderElection
2019-09-26 10:59:24,428 [cf629036-ace7-4ca9-94d6-fc8cc18310da@group-2B4F140FFDB5:LeaderElection23] INFO  impl.RaftServerImpl (ServerState.java:setRaftConf(354)) - cf629036-ace7-4ca9-94d6-fc8cc18310da@group-2B4F140FFDB5: set configuration 0: [cf629036-ace7-4ca9-94d6-fc8cc18310da:192.168.30.13:46232], old=null at 0
2019-09-26 10:59:24,467 [c1a9f1dd-6c0d-41cb-a4f1-f4597ac7f27c@group-52E9AABDC54C-SegmentedRaftLogWorker] INFO  segmented.SegmentedRaftLogWorker (SegmentedRaftLogWorker.java:execute(569)) - c1a9f1dd-6c0d-41cb-a4f1-f4597ac7f27c@group-52E9AABDC54C-SegmentedRaftLogWorker: created new log segment /workdir/hadoop-ozone/tools/target/test-dir/MiniOzoneClusterImpl-500c1b69-91fd-4a69-8f24-d9dc154afa78/datanode-2/data/ratis/c4a7010b-34dd-4616-857b-52e9aabdc54c/current/log_inprogress_0
2019-09-26 10:59:24,468 [Thread-295] INFO  impl.FollowerState (FollowerState.java:run(106)) - c38bca17-ec4a-4641-8fc4-32bb8247f11f:group-7B87BF3C6D06 changes to CANDIDATE, lastRpcTime:5039, electionTimeout:5011ms
2019-09-26 10:59:24,470 [Thread-295] INFO  impl.RoleInfo (RoleInfo.java:shutdownFollowerState(121)) - c38bca17-ec4a-4641-8fc4-32bb8247f11f: shutdown FollowerState
2019-09-26 10:59:24,470 [Thread-295] INFO  impl.RaftServerImpl (RaftServerImpl.java:setRole(174)) - c38bca17-ec4a-4641-8fc4-32bb8247f11f@group-7B87BF3C6D06: changes role from  FOLLOWER to CANDIDATE at term 0 for changeToCandidate
2019-09-26 10:59:24,470 [Thread-295] INFO  impl.RoleInfo (RoleInfo.java:updateAndGet(143)) - c38bca17-ec4a-4641-8fc4-32bb8247f11f: start LeaderElection
2019-09-26 10:59:24,481 [cf629036-ace7-4ca9-94d6-fc8cc18310da@group-2B4F140FFDB5-SegmentedRaftLogWorker] INFO  segmented.SegmentedRaftLogWorker (SegmentedRaftLogWorker.java:execute(569)) - cf629036-ace7-4ca9-94d6-fc8cc18310da@group-2B4F140FFDB5-SegmentedRaftLogWorker: created new log segment /workdir/hadoop-ozone/tools/target/test-dir/MiniOzoneClusterImpl-500c1b69-91fd-4a69-8f24-d9dc154afa78/datanode-3/data/ratis/8c21920f-67f0-451e-b2fd-2b4f140ffdb5/current/log_inprogress_0
2019-09-26 10:59:24,481 [c38bca17-ec4a-4641-8fc4-32bb8247f11f@group-DE7A2FC978CB:LeaderElection25] INFO  impl.LeaderElection (LeaderElection.java:askForVotes(182)) - c38bca17-ec4a-4641-8fc4-32bb8247f11f@group-DE7A2FC978CB:LeaderElection25: begin an election at term 1 for -1: [c38bca17-ec4a-4641-8fc4-32bb8247f11f:192.168.30.13:39970], old=null
2019-09-26 10:59:24,481 [c38bca17-ec4a-4641-8fc4-32bb8247f11f@group-7B87BF3C6D06:LeaderElection26] INFO  impl.LeaderElection (LeaderElection.java:askForVotes(182)) - c38bca17-ec4a-4641-8fc4-32bb8247f11f@group-7B87BF3C6D06:LeaderElection26: begin an election at term 1 for -1: [c38bca17-ec4a-4641-8fc4-32bb8247f11f:192.168.30.13:39970], old=null
2019-09-26 10:59:24,481 [c38bca17-ec4a-4641-8fc4-32bb8247f11f@group-DE7A2FC978CB:LeaderElection25] INFO  impl.RoleInfo (RoleInfo.java:shutdownLeaderElection(134)) - c38bca17-ec4a-4641-8fc4-32bb8247f11f: shutdown LeaderElection
2019-09-26 10:59:24,481 [c38bca17-ec4a-4641-8fc4-32bb8247f11f@group-7B87BF3C6D06:LeaderElection26] INFO  impl.RoleInfo (RoleInfo.java:shutdownLeaderElection(134)) - c38bca17-ec4a-4641-8fc4-32bb8247f11f: shutdown LeaderElection
2019-09-26 10:59:24,481 [c38bca17-ec4a-4641-8fc4-32bb8247f11f@group-DE7A2FC978CB:LeaderElection25] INFO  impl.RaftServerImpl (RaftServerImpl.java:setRole(174)) - c38bca17-ec4a-4641-8fc4-32bb8247f11f@group-DE7A2FC978CB: changes role from CANDIDATE to LEADER at term 1 for changeToLeader
2019-09-26 10:59:24,482 [c38bca17-ec4a-4641-8fc4-32bb8247f11f@group-7B87BF3C6D06:LeaderElection26] INFO  impl.RaftServerImpl (RaftServerImpl.java:setRole(174)) - c38bca17-ec4a-4641-8fc4-32bb8247f11f@group-7B87BF3C6D06: changes role from CANDIDATE to LEADER at term 1 for changeToLeader
2019-09-26 10:59:24,482 [c38bca17-ec4a-4641-8fc4-32bb8247f11f@group-DE7A2FC978CB:LeaderElection25] INFO  impl.RaftServerImpl (ServerState.java:setLeader(253)) - c38bca17-ec4a-4641-8fc4-32bb8247f11f@group-DE7A2FC978CB: change Leader from null to c38bca17-ec4a-4641-8fc4-32bb8247f11f at term 1 for becomeLeader, leader elected after 5114ms
2019-09-26 10:59:24,482 [c38bca17-ec4a-4641-8fc4-32bb8247f11f@group-7B87BF3C6D06:LeaderElection26] INFO  impl.RaftServerImpl (ServerState.java:setLeader(253)) - c38bca17-ec4a-4641-8fc4-32bb8247f11f@group-7B87BF3C6D06: change Leader from null to c38bca17-ec4a-4641-8fc4-32bb8247f11f at term 1 for becomeLeader, leader elected after 5060ms
2019-09-26 10:59:24,482 [c38bca17-ec4a-4641-8fc4-32bb8247f11f@group-DE7A2FC978CB:LeaderElection25] INFO  server.RaftServerConfigKeys (ConfUtils.java:logGet(43)) - raft.server.staging.catchup.gap = 1000 (default)
2019-09-26 10:59:24,482 [c38bca17-ec4a-4641-8fc4-32bb8247f11f@group-7B87BF3C6D06:LeaderElection26] INFO  server.RaftServerConfigKeys (ConfUtils.java:logGet(43)) - raft.server.staging.catchup.gap = 1000 (default)
2019-09-26 10:59:24,482 [c38bca17-ec4a-4641-8fc4-32bb8247f11f@group-DE7A2FC978CB:LeaderElection25] INFO  server.RaftServerConfigKeys (ConfUtils.java:logGet(43)) - raft.server.rpc.sleep.time = 25ms (default)
2019-09-26 10:59:24,483 [c38bca17-ec4a-4641-8fc4-32bb8247f11f@group-7B87BF3C6D06:LeaderElection26] INFO  server.RaftServerConfigKeys (ConfUtils.java:logGet(43)) - raft.server.rpc.sleep.time = 25ms (default)
2019-09-26 10:59:24,483 [c38bca17-ec4a-4641-8fc4-32bb8247f11f@group-DE7A2FC978CB:LeaderElection25] INFO  server.RaftServerConfigKeys (ConfUtils.java:logGet(43)) - raft.server.write.element-limit = 4096 (default)
2019-09-26 10:59:24,483 [c38bca17-ec4a-4641-8fc4-32bb8247f11f@group-7B87BF3C6D06:LeaderElection26] INFO  server.RaftServerConfigKeys (ConfUtils.java:logGet(43)) - raft.server.write.element-limit = 4096 (default)
2019-09-26 10:59:24,483 [c38bca17-ec4a-4641-8fc4-32bb8247f11f@group-DE7A2FC978CB:LeaderElection25] INFO  server.RaftServerConfigKeys (ConfUtils.java:logGet(43)) - raft.server.watch.timeout = 10s (default)
2019-09-26 10:59:24,483 [c38bca17-ec4a-4641-8fc4-32bb8247f11f@group-7B87BF3C6D06:LeaderElection26] INFO  server.RaftServerConfigKeys (ConfUtils.java:logGet(43)) - raft.server.watch.timeout = 10s (default)
2019-09-26 10:59:24,484 [c38bca17-ec4a-4641-8fc4-32bb8247f11f@group-DE7A2FC978CB:LeaderElection25] INFO  server.RaftServerConfigKeys (ConfUtils.java:logGet(43)) - raft.server.watch.timeout.denomination = 1s (default)
2019-09-26 10:59:24,484 [c38bca17-ec4a-4641-8fc4-32bb8247f11f@group-7B87BF3C6D06:LeaderElection26] INFO  server.RaftServerConfigKeys (ConfUtils.java:logGet(43)) - raft.server.watch.timeout.denomination = 1s (default)
2019-09-26 10:59:24,484 [c38bca17-ec4a-4641-8fc4-32bb8247f11f@group-DE7A2FC978CB:LeaderElection25] INFO  server.RaftServerConfigKeys (ConfUtils.java:logGet(43)) - raft.server.watch.element-limit = 65536 (default)
2019-09-26 10:59:24,484 [c38bca17-ec4a-4641-8fc4-32bb8247f11f@group-7B87BF3C6D06:LeaderElection26] INFO  server.RaftServerConfigKeys (ConfUtils.java:logGet(43)) - raft.server.watch.element-limit = 65536 (default)
2019-09-26 10:59:24,490 [Thread-289] INFO  impl.FollowerState (FollowerState.java:run(106)) - cf629036-ace7-4ca9-94d6-fc8cc18310da:group-6265D98AF1B0 changes to CANDIDATE, lastRpcTime:5165, electionTimeout:5165ms
2019-09-26 10:59:24,490 [Thread-289] INFO  impl.RoleInfo (RoleInfo.java:shutdownFollowerState(121)) - cf629036-ace7-4ca9-94d6-fc8cc18310da: shutdown FollowerState
2019-09-26 10:59:24,490 [Thread-289] INFO  impl.RaftServerImpl (RaftServerImpl.java:setRole(174)) - cf629036-ace7-4ca9-94d6-fc8cc18310da@group-6265D98AF1B0: changes role from  FOLLOWER to CANDIDATE at term 0 for changeToCandidate
2019-09-26 10:59:24,490 [Thread-289] INFO  impl.RoleInfo (RoleInfo.java:updateAndGet(143)) - cf629036-ace7-4ca9-94d6-fc8cc18310da: start LeaderElection
2019-09-26 10:59:24,491 [c38bca17-ec4a-4641-8fc4-32bb8247f11f@group-DE7A2FC978CB:LeaderElection25] INFO  impl.RoleInfo (RoleInfo.java:updateAndGet(143)) - c38bca17-ec4a-4641-8fc4-32bb8247f11f: start LeaderState
2019-09-26 10:59:24,491 [c38bca17-ec4a-4641-8fc4-32bb8247f11f@group-7B87BF3C6D06:LeaderElection26] INFO  impl.RoleInfo (RoleInfo.java:updateAndGet(143)) - c38bca17-ec4a-4641-8fc4-32bb8247f11f: start LeaderState
2019-09-26 10:59:24,494 [c38bca17-ec4a-4641-8fc4-32bb8247f11f@group-7B87BF3C6D06:LeaderElection26] INFO  segmented.SegmentedRaftLogWorker (SegmentedRaftLogWorker.java:startLogSegment(380)) - c38bca17-ec4a-4641-8fc4-32bb8247f11f@group-7B87BF3C6D06-SegmentedRaftLogWorker: Starting segment from index:0
2019-09-26 10:59:24,494 [c38bca17-ec4a-4641-8fc4-32bb8247f11f@group-DE7A2FC978CB:LeaderElection25] INFO  segmented.SegmentedRaftLogWorker (SegmentedRaftLogWorker.java:startLogSegment(380)) - c38bca17-ec4a-4641-8fc4-32bb8247f11f@group-DE7A2FC978CB-SegmentedRaftLogWorker: Starting segment from index:0
2019-09-26 10:59:24,495 [c38bca17-ec4a-4641-8fc4-32bb8247f11f@group-7B87BF3C6D06:LeaderElection26] INFO  impl.RaftServerImpl (ServerState.java:setRaftConf(354)) - c38bca17-ec4a-4641-8fc4-32bb8247f11f@group-7B87BF3C6D06: set configuration 0: [c38bca17-ec4a-4641-8fc4-32bb8247f11f:192.168.30.13:39970], old=null at 0
2019-09-26 10:59:24,543 [Thread-298] INFO  impl.FollowerState (FollowerState.java:run(106)) - cf629036-ace7-4ca9-94d6-fc8cc18310da:group-E3037A53D10A changes to CANDIDATE, lastRpcTime:5061, electionTimeout:5060ms
2019-09-26 10:59:24,543 [cf629036-ace7-4ca9-94d6-fc8cc18310da@group-6265D98AF1B0:LeaderElection27] INFO  impl.LeaderElection (LeaderElection.java:askForVotes(182)) - cf629036-ace7-4ca9-94d6-fc8cc18310da@group-6265D98AF1B0:LeaderElection27: begin an election at term 1 for -1: [cf629036-ace7-4ca9-94d6-fc8cc18310da:192.168.30.13:46232], old=null
2019-09-26 10:59:24,543 [c38bca17-ec4a-4641-8fc4-32bb8247f11f@group-DE7A2FC978CB:LeaderElection25] INFO  impl.RaftServerImpl (ServerState.java:setRaftConf(354)) - c38bca17-ec4a-4641-8fc4-32bb8247f11f@group-DE7A2FC978CB: set configuration 0: [c38bca17-ec4a-4641-8fc4-32bb8247f11f:192.168.30.13:39970], old=null at 0
2019-09-26 10:59:24,543 [cf629036-ace7-4ca9-94d6-fc8cc18310da@group-6265D98AF1B0:LeaderElection27] INFO  impl.RoleInfo (RoleInfo.java:shutdownLeaderElection(134)) - cf629036-ace7-4ca9-94d6-fc8cc18310da: shutdown LeaderElection
2019-09-26 10:59:24,543 [Thread-298] INFO  impl.RoleInfo (RoleInfo.java:shutdownFollowerState(121)) - cf629036-ace7-4ca9-94d6-fc8cc18310da: shutdown FollowerState
2019-09-26 10:59:24,545 [cf629036-ace7-4ca9-94d6-fc8cc18310da@group-6265D98AF1B0:LeaderElection27] INFO  impl.RaftServerImpl (RaftServerImpl.java:setRole(174)) - cf629036-ace7-4ca9-94d6-fc8cc18310da@group-6265D98AF1B0: changes role from CANDIDATE to LEADER at term 1 for changeToLeader
2019-09-26 10:59:24,545 [Thread-298] INFO  impl.RaftServerImpl (RaftServerImpl.java:setRole(174)) - cf629036-ace7-4ca9-94d6-fc8cc18310da@group-E3037A53D10A: changes role from  FOLLOWER to CANDIDATE at term 0 for changeToCandidate
2019-09-26 10:59:24,545 [cf629036-ace7-4ca9-94d6-fc8cc18310da@group-6265D98AF1B0:LeaderElection27] INFO  impl.RaftServerImpl (ServerState.java:setLeader(253)) - cf629036-ace7-4ca9-94d6-fc8cc18310da@group-6265D98AF1B0: change Leader from null to cf629036-ace7-4ca9-94d6-fc8cc18310da at term 1 for becomeLeader, leader elected after 5229ms
2019-09-26 10:59:24,546 [Thread-298] INFO  impl.RoleInfo (RoleInfo.java:updateAndGet(143)) - cf629036-ace7-4ca9-94d6-fc8cc18310da: start LeaderElection
2019-09-26 10:59:24,546 [cf629036-ace7-4ca9-94d6-fc8cc18310da@group-6265D98AF1B0:LeaderElection27] INFO  server.RaftServerConfigKeys (ConfUtils.java:logGet(43)) - raft.server.staging.catchup.gap = 1000 (default)
2019-09-26 10:59:24,546 [cf629036-ace7-4ca9-94d6-fc8cc18310da@group-6265D98AF1B0:LeaderElection27] INFO  server.RaftServerConfigKeys (ConfUtils.java:logGet(43)) - raft.server.rpc.sleep.time = 25ms (default)
2019-09-26 10:59:24,548 [cf629036-ace7-4ca9-94d6-fc8cc18310da@group-6265D98AF1B0:LeaderElection27] INFO  server.RaftServerConfigKeys (ConfUtils.java:logGet(43)) - raft.server.write.element-limit = 4096 (default)
2019-09-26 10:59:24,548 [cf629036-ace7-4ca9-94d6-fc8cc18310da@group-6265D98AF1B0:LeaderElection27] INFO  server.RaftServerConfigKeys (ConfUtils.java:logGet(43)) - raft.server.watch.timeout = 10s (default)
2019-09-26 10:59:24,548 [cf629036-ace7-4ca9-94d6-fc8cc18310da@group-6265D98AF1B0:LeaderElection27] INFO  server.RaftServerConfigKeys (ConfUtils.java:logGet(43)) - raft.server.watch.timeout.denomination = 1s (default)
2019-09-26 10:59:24,548 [cf629036-ace7-4ca9-94d6-fc8cc18310da@group-6265D98AF1B0:LeaderElection27] INFO  server.RaftServerConfigKeys (ConfUtils.java:logGet(43)) - raft.server.watch.element-limit = 65536 (default)
2019-09-26 10:59:24,551 [cf629036-ace7-4ca9-94d6-fc8cc18310da@group-6265D98AF1B0:LeaderElection27] INFO  impl.RoleInfo (RoleInfo.java:updateAndGet(143)) - cf629036-ace7-4ca9-94d6-fc8cc18310da: start LeaderState
2019-09-26 10:59:24,551 [cf629036-ace7-4ca9-94d6-fc8cc18310da@group-6265D98AF1B0:LeaderElection27] INFO  segmented.SegmentedRaftLogWorker (SegmentedRaftLogWorker.java:startLogSegment(380)) - cf629036-ace7-4ca9-94d6-fc8cc18310da@group-6265D98AF1B0-SegmentedRaftLogWorker: Starting segment from index:0
2019-09-26 10:59:24,552 [cf629036-ace7-4ca9-94d6-fc8cc18310da@group-6265D98AF1B0:LeaderElection27] INFO  impl.RaftServerImpl (ServerState.java:setRaftConf(354)) - cf629036-ace7-4ca9-94d6-fc8cc18310da@group-6265D98AF1B0: set configuration 0: [cf629036-ace7-4ca9-94d6-fc8cc18310da:192.168.30.13:46232], old=null at 0
2019-09-26 10:59:24,593 [Thread-301] INFO  impl.FollowerState (FollowerState.java:run(106)) - c38bca17-ec4a-4641-8fc4-32bb8247f11f:group-AB16FD523046 changes to CANDIDATE, lastRpcTime:5057, electionTimeout:5053ms
2019-09-26 10:59:24,593 [c38bca17-ec4a-4641-8fc4-32bb8247f11f@group-DE7A2FC978CB-SegmentedRaftLogWorker] INFO  segmented.SegmentedRaftLogWorker (SegmentedRaftLogWorker.java:execute(569)) - c38bca17-ec4a-4641-8fc4-32bb8247f11f@group-DE7A2FC978CB-SegmentedRaftLogWorker: created new log segment /workdir/hadoop-ozone/tools/target/test-dir/MiniOzoneClusterImpl-500c1b69-91fd-4a69-8f24-d9dc154afa78/datanode-1/data/ratis/587409cb-a523-4cc3-841e-de7a2fc978cb/current/log_inprogress_0
2019-09-26 10:59:24,593 [cf629036-ace7-4ca9-94d6-fc8cc18310da@group-E3037A53D10A:LeaderElection28] INFO  impl.LeaderElection (LeaderElection.java:askForVotes(182)) - cf629036-ace7-4ca9-94d6-fc8cc18310da@group-E3037A53D10A:LeaderElection28: begin an election at term 1 for -1: [cf629036-ace7-4ca9-94d6-fc8cc18310da:192.168.30.13:46232], old=null
2019-09-26 10:59:24,593 [c38bca17-ec4a-4641-8fc4-32bb8247f11f@group-7B87BF3C6D06-SegmentedRaftLogWorker] INFO  segmented.SegmentedRaftLogWorker (SegmentedRaftLogWorker.java:execute(569)) - c38bca17-ec4a-4641-8fc4-32bb8247f11f@group-7B87BF3C6D06-SegmentedRaftLogWorker: created new log segment /workdir/hadoop-ozone/tools/target/test-dir/MiniOzoneClusterImpl-500c1b69-91fd-4a69-8f24-d9dc154afa78/datanode-1/data/ratis/ca19ae0d-f603-4ea6-8bb2-7b87bf3c6d06/current/log_inprogress_0
2019-09-26 10:59:24,593 [cf629036-ace7-4ca9-94d6-fc8cc18310da@group-E3037A53D10A:LeaderElection28] INFO  impl.RoleInfo (RoleInfo.java:shutdownLeaderElection(134)) - cf629036-ace7-4ca9-94d6-fc8cc18310da: shutdown LeaderElection
2019-09-26 10:59:24,593 [Thread-301] INFO  impl.RoleInfo (RoleInfo.java:shutdownFollowerState(121)) - c38bca17-ec4a-4641-8fc4-32bb8247f11f: shutdown FollowerState
2019-09-26 10:59:24,594 [cf629036-ace7-4ca9-94d6-fc8cc18310da@group-E3037A53D10A:LeaderElection28] INFO  impl.RaftServerImpl (RaftServerImpl.java:setRole(174)) - cf629036-ace7-4ca9-94d6-fc8cc18310da@group-E3037A53D10A: changes role from CANDIDATE to LEADER at term 1 for changeToLeader
2019-09-26 10:59:24,594 [Thread-301] INFO  impl.RaftServerImpl (RaftServerImpl.java:setRole(174)) - c38bca17-ec4a-4641-8fc4-32bb8247f11f@group-AB16FD523046: changes role from  FOLLOWER to CANDIDATE at term 0 for changeToCandidate
2019-09-26 10:59:24,594 [cf629036-ace7-4ca9-94d6-fc8cc18310da@group-E3037A53D10A:LeaderElection28] INFO  impl.RaftServerImpl (ServerState.java:setLeader(253)) - cf629036-ace7-4ca9-94d6-fc8cc18310da@group-E3037A53D10A: change Leader from null to cf629036-ace7-4ca9-94d6-fc8cc18310da at term 1 for becomeLeader, leader elected after 5120ms
2019-09-26 10:59:24,594 [Thread-301] INFO  impl.RoleInfo (RoleInfo.java:updateAndGet(143)) - c38bca17-ec4a-4641-8fc4-32bb8247f11f: start LeaderElection
2019-09-26 10:59:24,594 [cf629036-ace7-4ca9-94d6-fc8cc18310da@group-E3037A53D10A:LeaderElection28] INFO  server.RaftServerConfigKeys (ConfUtils.java:logGet(43)) - raft.server.staging.catchup.gap = 1000 (default)
2019-09-26 10:59:24,595 [cf629036-ace7-4ca9-94d6-fc8cc18310da@group-E3037A53D10A:LeaderElection28] INFO  server.RaftServerConfigKeys (ConfUtils.java:logGet(43)) - raft.server.rpc.sleep.time = 25ms (default)
2019-09-26 10:59:24,595 [cf629036-ace7-4ca9-94d6-fc8cc18310da@group-E3037A53D10A:LeaderElection28] INFO  server.RaftServerConfigKeys (ConfUtils.java:logGet(43)) - raft.server.write.element-limit = 4096 (default)
2019-09-26 10:59:24,597 [cf629036-ace7-4ca9-94d6-fc8cc18310da@group-E3037A53D10A:LeaderElection28] INFO  server.RaftServerConfigKeys (ConfUtils.java:logGet(43)) - raft.server.watch.timeout = 10s (default)
2019-09-26 10:59:24,597 [cf629036-ace7-4ca9-94d6-fc8cc18310da@group-E3037A53D10A:LeaderElection28] INFO  server.RaftServerConfigKeys (ConfUtils.java:logGet(43)) - raft.server.watch.timeout.denomination = 1s (default)
2019-09-26 10:59:24,598 [cf629036-ace7-4ca9-94d6-fc8cc18310da@group-E3037A53D10A:LeaderElection28] INFO  server.RaftServerConfigKeys (ConfUtils.java:logGet(43)) - raft.server.watch.element-limit = 65536 (default)
2019-09-26 10:59:24,601 [cf629036-ace7-4ca9-94d6-fc8cc18310da@group-E3037A53D10A:LeaderElection28] INFO  impl.RoleInfo (RoleInfo.java:updateAndGet(143)) - cf629036-ace7-4ca9-94d6-fc8cc18310da: start LeaderState
2019-09-26 10:59:24,601 [cf629036-ace7-4ca9-94d6-fc8cc18310da@group-E3037A53D10A:LeaderElection28] INFO  segmented.SegmentedRaftLogWorker (SegmentedRaftLogWorker.java:startLogSegment(380)) - cf629036-ace7-4ca9-94d6-fc8cc18310da@group-E3037A53D10A-SegmentedRaftLogWorker: Starting segment from index:0
2019-09-26 10:59:24,602 [cf629036-ace7-4ca9-94d6-fc8cc18310da@group-E3037A53D10A:LeaderElection28] INFO  impl.RaftServerImpl (ServerState.java:setRaftConf(354)) - cf629036-ace7-4ca9-94d6-fc8cc18310da@group-E3037A53D10A: set configuration 0: [cf629036-ace7-4ca9-94d6-fc8cc18310da:192.168.30.13:46232], old=null at 0
2019-09-26 10:59:24,644 [cf629036-ace7-4ca9-94d6-fc8cc18310da@group-6265D98AF1B0-SegmentedRaftLogWorker] INFO  segmented.SegmentedRaftLogWorker (SegmentedRaftLogWorker.java:execute(569)) - cf629036-ace7-4ca9-94d6-fc8cc18310da@group-6265D98AF1B0-SegmentedRaftLogWorker: created new log segment /workdir/hadoop-ozone/tools/target/test-dir/MiniOzoneClusterImpl-500c1b69-91fd-4a69-8f24-d9dc154afa78/datanode-3/data/ratis/75772803-db87-49f4-af7c-6265d98af1b0/current/log_inprogress_0
2019-09-26 10:59:24,644 [c38bca17-ec4a-4641-8fc4-32bb8247f11f@group-AB16FD523046:LeaderElection29] INFO  impl.LeaderElection (LeaderElection.java:askForVotes(182)) - c38bca17-ec4a-4641-8fc4-32bb8247f11f@group-AB16FD523046:LeaderElection29: begin an election at term 1 for -1: [c38bca17-ec4a-4641-8fc4-32bb8247f11f:192.168.30.13:39970], old=null
2019-09-26 10:59:24,645 [c38bca17-ec4a-4641-8fc4-32bb8247f11f@group-AB16FD523046:LeaderElection29] INFO  impl.RoleInfo (RoleInfo.java:shutdownLeaderElection(134)) - c38bca17-ec4a-4641-8fc4-32bb8247f11f: shutdown LeaderElection
2019-09-26 10:59:24,645 [c38bca17-ec4a-4641-8fc4-32bb8247f11f@group-AB16FD523046:LeaderElection29] INFO  impl.RaftServerImpl (RaftServerImpl.java:setRole(174)) - c38bca17-ec4a-4641-8fc4-32bb8247f11f@group-AB16FD523046: changes role from CANDIDATE to LEADER at term 1 for changeToLeader
2019-09-26 10:59:24,645 [c38bca17-ec4a-4641-8fc4-32bb8247f11f@group-AB16FD523046:LeaderElection29] INFO  impl.RaftServerImpl (ServerState.java:setLeader(253)) - c38bca17-ec4a-4641-8fc4-32bb8247f11f@group-AB16FD523046: change Leader from null to c38bca17-ec4a-4641-8fc4-32bb8247f11f at term 1 for becomeLeader, leader elected after 5116ms
2019-09-26 10:59:24,645 [c38bca17-ec4a-4641-8fc4-32bb8247f11f@group-AB16FD523046:LeaderElection29] INFO  server.RaftServerConfigKeys (ConfUtils.java:logGet(43)) - raft.server.staging.catchup.gap = 1000 (default)
2019-09-26 10:59:24,645 [c38bca17-ec4a-4641-8fc4-32bb8247f11f@group-AB16FD523046:LeaderElection29] INFO  server.RaftServerConfigKeys (ConfUtils.java:logGet(43)) - raft.server.rpc.sleep.time = 25ms (default)
2019-09-26 10:59:24,646 [c38bca17-ec4a-4641-8fc4-32bb8247f11f@group-AB16FD523046:LeaderElection29] INFO  server.RaftServerConfigKeys (ConfUtils.java:logGet(43)) - raft.server.write.element-limit = 4096 (default)
2019-09-26 10:59:24,646 [c38bca17-ec4a-4641-8fc4-32bb8247f11f@group-AB16FD523046:LeaderElection29] INFO  server.RaftServerConfigKeys (ConfUtils.java:logGet(43)) - raft.server.watch.timeout = 10s (default)
2019-09-26 10:59:24,646 [c38bca17-ec4a-4641-8fc4-32bb8247f11f@group-AB16FD523046:LeaderElection29] INFO  server.RaftServerConfigKeys (ConfUtils.java:logGet(43)) - raft.server.watch.timeout.denomination = 1s (default)
2019-09-26 10:59:24,646 [c38bca17-ec4a-4641-8fc4-32bb8247f11f@group-AB16FD523046:LeaderElection29] INFO  server.RaftServerConfigKeys (ConfUtils.java:logGet(43)) - raft.server.watch.element-limit = 65536 (default)
2019-09-26 10:59:24,650 [c38bca17-ec4a-4641-8fc4-32bb8247f11f@group-AB16FD523046:LeaderElection29] INFO  impl.RoleInfo (RoleInfo.java:updateAndGet(143)) - c38bca17-ec4a-4641-8fc4-32bb8247f11f: start LeaderState
2019-09-26 10:59:24,650 [c38bca17-ec4a-4641-8fc4-32bb8247f11f@group-AB16FD523046:LeaderElection29] INFO  segmented.SegmentedRaftLogWorker (SegmentedRaftLogWorker.java:startLogSegment(380)) - c38bca17-ec4a-4641-8fc4-32bb8247f11f@group-AB16FD523046-SegmentedRaftLogWorker: Starting segment from index:0
2019-09-26 10:59:24,651 [c38bca17-ec4a-4641-8fc4-32bb8247f11f@group-AB16FD523046:LeaderElection29] INFO  impl.RaftServerImpl (ServerState.java:setRaftConf(354)) - c38bca17-ec4a-4641-8fc4-32bb8247f11f@group-AB16FD523046: set configuration 0: [c38bca17-ec4a-4641-8fc4-32bb8247f11f:192.168.30.13:39970], old=null at 0
2019-09-26 10:59:24,695 [cf629036-ace7-4ca9-94d6-fc8cc18310da@group-E3037A53D10A-SegmentedRaftLogWorker] INFO  segmented.SegmentedRaftLogWorker (SegmentedRaftLogWorker.java:execute(569)) - cf629036-ace7-4ca9-94d6-fc8cc18310da@group-E3037A53D10A-SegmentedRaftLogWorker: created new log segment /workdir/hadoop-ozone/tools/target/test-dir/MiniOzoneClusterImpl-500c1b69-91fd-4a69-8f24-d9dc154afa78/datanode-3/data/ratis/bf8b52cf-9564-4ae0-966f-e3037a53d10a/current/log_inprogress_0
2019-09-26 10:59:24,695 [Thread-304] INFO  impl.FollowerState (FollowerState.java:run(106)) - c38bca17-ec4a-4641-8fc4-32bb8247f11f:group-D17408D427AD changes to CANDIDATE, lastRpcTime:5083, electionTimeout:5042ms
2019-09-26 10:59:24,695 [Thread-304] INFO  impl.RoleInfo (RoleInfo.java:shutdownFollowerState(121)) - c38bca17-ec4a-4641-8fc4-32bb8247f11f: shutdown FollowerState
2019-09-26 10:59:24,696 [Thread-304] INFO  impl.RaftServerImpl (RaftServerImpl.java:setRole(174)) - c38bca17-ec4a-4641-8fc4-32bb8247f11f@group-D17408D427AD: changes role from  FOLLOWER to CANDIDATE at term 0 for changeToCandidate
2019-09-26 10:59:24,696 [Thread-304] INFO  impl.RoleInfo (RoleInfo.java:updateAndGet(143)) - c38bca17-ec4a-4641-8fc4-32bb8247f11f: start LeaderElection
2019-09-26 10:59:24,708 [c38bca17-ec4a-4641-8fc4-32bb8247f11f@group-AB16FD523046-SegmentedRaftLogWorker] INFO  segmented.SegmentedRaftLogWorker (SegmentedRaftLogWorker.java:execute(569)) - c38bca17-ec4a-4641-8fc4-32bb8247f11f@group-AB16FD523046-SegmentedRaftLogWorker: created new log segment /workdir/hadoop-ozone/tools/target/test-dir/MiniOzoneClusterImpl-500c1b69-91fd-4a69-8f24-d9dc154afa78/datanode-1/data/ratis/13d14c94-97e8-4d0e-a808-ab16fd523046/current/log_inprogress_0
2019-09-26 10:59:24,708 [c38bca17-ec4a-4641-8fc4-32bb8247f11f@group-D17408D427AD:LeaderElection30] INFO  impl.LeaderElection (LeaderElection.java:askForVotes(182)) - c38bca17-ec4a-4641-8fc4-32bb8247f11f@group-D17408D427AD:LeaderElection30: begin an election at term 1 for -1: [c38bca17-ec4a-4641-8fc4-32bb8247f11f:192.168.30.13:39970], old=null
2019-09-26 10:59:24,708 [c38bca17-ec4a-4641-8fc4-32bb8247f11f@group-D17408D427AD:LeaderElection30] INFO  impl.RoleInfo (RoleInfo.java:shutdownLeaderElection(134)) - c38bca17-ec4a-4641-8fc4-32bb8247f11f: shutdown LeaderElection
2019-09-26 10:59:24,708 [c38bca17-ec4a-4641-8fc4-32bb8247f11f@group-D17408D427AD:LeaderElection30] INFO  impl.RaftServerImpl (RaftServerImpl.java:setRole(174)) - c38bca17-ec4a-4641-8fc4-32bb8247f11f@group-D17408D427AD: changes role from CANDIDATE to LEADER at term 1 for changeToLeader
2019-09-26 10:59:24,708 [c38bca17-ec4a-4641-8fc4-32bb8247f11f@group-D17408D427AD:LeaderElection30] INFO  impl.RaftServerImpl (ServerState.java:setLeader(253)) - c38bca17-ec4a-4641-8fc4-32bb8247f11f@group-D17408D427AD: change Leader from null to c38bca17-ec4a-4641-8fc4-32bb8247f11f at term 1 for becomeLeader, leader elected after 5104ms
2019-09-26 10:59:24,709 [c38bca17-ec4a-4641-8fc4-32bb8247f11f@group-D17408D427AD:LeaderElection30] INFO  server.RaftServerConfigKeys (ConfUtils.java:logGet(43)) - raft.server.staging.catchup.gap = 1000 (default)
2019-09-26 10:59:24,709 [c38bca17-ec4a-4641-8fc4-32bb8247f11f@group-D17408D427AD:LeaderElection30] INFO  server.RaftServerConfigKeys (ConfUtils.java:logGet(43)) - raft.server.rpc.sleep.time = 25ms (default)
2019-09-26 10:59:24,709 [c38bca17-ec4a-4641-8fc4-32bb8247f11f@group-D17408D427AD:LeaderElection30] INFO  server.RaftServerConfigKeys (ConfUtils.java:logGet(43)) - raft.server.write.element-limit = 4096 (default)
2019-09-26 10:59:24,709 [c38bca17-ec4a-4641-8fc4-32bb8247f11f@group-D17408D427AD:LeaderElection30] INFO  server.RaftServerConfigKeys (ConfUtils.java:logGet(43)) - raft.server.watch.timeout = 10s (default)
2019-09-26 10:59:24,709 [c38bca17-ec4a-4641-8fc4-32bb8247f11f@group-D17408D427AD:LeaderElection30] INFO  server.RaftServerConfigKeys (ConfUtils.java:logGet(43)) - raft.server.watch.timeout.denomination = 1s (default)
2019-09-26 10:59:24,709 [c38bca17-ec4a-4641-8fc4-32bb8247f11f@group-D17408D427AD:LeaderElection30] INFO  server.RaftServerConfigKeys (ConfUtils.java:logGet(43)) - raft.server.watch.element-limit = 65536 (default)
2019-09-26 10:59:24,713 [c38bca17-ec4a-4641-8fc4-32bb8247f11f@group-D17408D427AD:LeaderElection30] INFO  impl.RoleInfo (RoleInfo.java:updateAndGet(143)) - c38bca17-ec4a-4641-8fc4-32bb8247f11f: start LeaderState
2019-09-26 10:59:24,713 [c38bca17-ec4a-4641-8fc4-32bb8247f11f@group-D17408D427AD:LeaderElection30] INFO  segmented.SegmentedRaftLogWorker (SegmentedRaftLogWorker.java:startLogSegment(380)) - c38bca17-ec4a-4641-8fc4-32bb8247f11f@group-D17408D427AD-SegmentedRaftLogWorker: Starting segment from index:0
2019-09-26 10:59:24,714 [c38bca17-ec4a-4641-8fc4-32bb8247f11f@group-D17408D427AD:LeaderElection30] INFO  impl.RaftServerImpl (ServerState.java:setRaftConf(354)) - c38bca17-ec4a-4641-8fc4-32bb8247f11f@group-D17408D427AD: set configuration 0: [c38bca17-ec4a-4641-8fc4-32bb8247f11f:192.168.30.13:39970], old=null at 0
2019-09-26 10:59:24,769 [c38bca17-ec4a-4641-8fc4-32bb8247f11f@group-D17408D427AD-SegmentedRaftLogWorker] INFO  segmented.SegmentedRaftLogWorker (SegmentedRaftLogWorker.java:execute(569)) - c38bca17-ec4a-4641-8fc4-32bb8247f11f@group-D17408D427AD-SegmentedRaftLogWorker: created new log segment /workdir/hadoop-ozone/tools/target/test-dir/MiniOzoneClusterImpl-500c1b69-91fd-4a69-8f24-d9dc154afa78/datanode-1/data/ratis/69e7a1c8-f5ed-40c6-a20e-d17408d427ad/current/log_inprogress_0
]]></system-out>
    <system-err><![CDATA[ERROR StatusLogger No Log4j 2 configuration file found. Using default configuration (logging only errors to the console), or user programmatically provided configurations. Set system property 'log4j2.debug' to show Log4j 2 internal initialization logging. See https://logging.apache.org/log4j/2.x/manual/configuration.html for instructions on how to configure Log4j 2
]]></system-err>
  </testcase>
  <testcase name="standaloneTestLargeKey" classname="org.apache.hadoop.ozone.freon.TestDataValidateWithUnsafeByteOperations" time="10.134">
    <error message="Allocated 0 blocks. Requested 5 blocks" type="INTERNAL_ERROR org.apache.hadoop.ozone.om.exceptions.OMException">INTERNAL_ERROR org.apache.hadoop.ozone.om.exceptions.OMException: Allocated 0 blocks. Requested 5 blocks
	at org.apache.hadoop.ozone.om.protocolPB.OzoneManagerProtocolClientSideTranslatorPB.handleError(OzoneManagerProtocolClientSideTranslatorPB.java:732)
	at org.apache.hadoop.ozone.om.protocolPB.OzoneManagerProtocolClientSideTranslatorPB.openKey(OzoneManagerProtocolClientSideTranslatorPB.java:723)
	at sun.reflect.NativeMethodAccessorImpl.invoke0(Native Method)
	at sun.reflect.NativeMethodAccessorImpl.invoke(NativeMethodAccessorImpl.java:62)
	at sun.reflect.DelegatingMethodAccessorImpl.invoke(DelegatingMethodAccessorImpl.java:43)
	at java.lang.reflect.Method.invoke(Method.java:498)
	at org.apache.hadoop.hdds.tracing.TraceAllMethod.invoke(TraceAllMethod.java:66)
	at com.sun.proxy.$Proxy37.openKey(Unknown Source)
	at org.apache.hadoop.ozone.client.rpc.RpcClient.createKey(RpcClient.java:614)
	at org.apache.hadoop.ozone.client.OzoneBucket.createKey(OzoneBucket.java:325)
	at org.apache.hadoop.ozone.freon.RandomKeyGenerator.createKey(RandomKeyGenerator.java:695)
	at org.apache.hadoop.ozone.freon.RandomKeyGenerator.access$1100(RandomKeyGenerator.java:88)
	at org.apache.hadoop.ozone.freon.RandomKeyGenerator$ObjectCreator.run(RandomKeyGenerator.java:615)
	at java.util.concurrent.Executors$RunnableAdapter.call(Executors.java:511)
	at java.util.concurrent.FutureTask.run(FutureTask.java:266)
	at java.util.concurrent.ThreadPoolExecutor.runWorker(ThreadPoolExecutor.java:1149)
	at java.util.concurrent.ThreadPoolExecutor$Worker.run(ThreadPoolExecutor.java:624)
	at java.lang.Thread.run(Thread.java:748)
</error>
    <system-out><![CDATA[2019-09-26 10:59:28,131 [main] INFO  freon.RandomKeyGenerator (RandomKeyGenerator.java:call(283)) - Number of Threads: 10
2019-09-26 10:59:28,131 [main] INFO  freon.RandomKeyGenerator (RandomKeyGenerator.java:call(288)) - Number of Volumes: 1.
2019-09-26 10:59:28,131 [main] INFO  freon.RandomKeyGenerator (RandomKeyGenerator.java:call(289)) - Number of Buckets per Volume: 1.
2019-09-26 10:59:28,132 [main] INFO  freon.RandomKeyGenerator (RandomKeyGenerator.java:call(290)) - Number of Keys per Bucket: 1.
2019-09-26 10:59:28,132 [main] INFO  freon.RandomKeyGenerator (RandomKeyGenerator.java:call(291)) - Key size: 20971520 bytes
2019-09-26 10:59:28,132 [main] INFO  freon.RandomKeyGenerator (RandomKeyGenerator.java:call(292)) - Buffer size: 4096 bytes
2019-09-26 10:59:28,132 [main] INFO  freon.RandomKeyGenerator (RandomKeyGenerator.java:call(293)) - validateWrites : true
2019-09-26 10:59:28,133 [pool-74-thread-1] INFO  rpc.RpcClient (RpcClient.java:createVolume(276)) - Creating Volume: vol-0-61334, with jenkins1000 as owner.
2019-09-26 10:59:28,134 [main] INFO  freon.RandomKeyGenerator (RandomKeyGenerator.java:call(307)) - Data validation is enabled.
2019-09-26 10:59:28,134 [main] INFO  freon.RandomKeyGenerator (RandomKeyGenerator.java:call(313)) - Starting progress bar Thread.

 0.00% |█                                                                                                    |  0/1 Time: 0:00:002019-09-26 10:59:28,139 [IPC Server handler 18 on 44791] INFO  volume.OMVolumeCreateRequest (OMVolumeCreateRequest.java:validateAndUpdateCache(189)) - created volume:vol-0-61334 for user:jenkins1000
2019-09-26 10:59:28,156 [pool-74-thread-2] INFO  rpc.RpcClient (RpcClient.java:createBucket(415)) - Creating Bucket: vol-0-61334/bucket-0-90704, with Versioning false and Storage Type set to DISK and Encryption set to false 
2019-09-26 10:59:28,168 [IPC Server handler 15 on 40095] INFO  pipeline.PipelinePlacementPolicy (PipelinePlacementPolicy.java:meetCriteria(91)) - Pipeline Placement: can't place more pipeline on heavy datanode： c38bca17-ec4a-4641-8fc4-32bb8247f11f Heaviness: 6 limit: 5
2019-09-26 10:59:28,168 [IPC Server handler 15 on 40095] INFO  pipeline.PipelinePlacementPolicy (PipelinePlacementPolicy.java:meetCriteria(91)) - Pipeline Placement: can't place more pipeline on heavy datanode： c1a9f1dd-6c0d-41cb-a4f1-f4597ac7f27c Heaviness: 6 limit: 5
2019-09-26 10:59:28,168 [IPC Server handler 15 on 40095] INFO  pipeline.PipelinePlacementPolicy (PipelinePlacementPolicy.java:meetCriteria(91)) - Pipeline Placement: can't place more pipeline on heavy datanode： 91fb8321-54d9-4a64-90be-ab1c2b6fea7b Heaviness: 6 limit: 5
2019-09-26 10:59:28,169 [IPC Server handler 15 on 40095] INFO  pipeline.PipelinePlacementPolicy (PipelinePlacementPolicy.java:meetCriteria(91)) - Pipeline Placement: can't place more pipeline on heavy datanode： cf629036-ace7-4ca9-94d6-fc8cc18310da Heaviness: 6 limit: 5
2019-09-26 10:59:28,169 [IPC Server handler 15 on 40095] INFO  pipeline.PipelinePlacementPolicy (PipelinePlacementPolicy.java:meetCriteria(91)) - Pipeline Placement: can't place more pipeline on heavy datanode： 2e8c5f4f-ba99-49b1-bcd5-57d537838a55 Heaviness: 6 limit: 5
2019-09-26 10:59:28,169 [IPC Server handler 15 on 40095] ERROR pipeline.PipelinePlacementPolicy (PipelinePlacementPolicy.java:filterViableNodes(148)) - Unable to find enough nodes that meet the criteria that cannot engage in more than 5 pipelines. Nodes required: 3 Found: 0, healthy nodes count inNodeManager: 5.
2019-09-26 10:59:28,169 [IPC Server handler 15 on 40095] ERROR pipeline.SCMPipelineManager (SCMPipelineManager.java:createPipeline(167)) - Pipeline creation failed.
org.apache.hadoop.hdds.scm.exceptions.SCMException: Unable to find enough nodes that meet the criteria that cannot engage in more than 5 pipelines. Nodes required: 3 Found: 0, healthy nodes count inNodeManager: 5.
	at org.apache.hadoop.hdds.scm.pipeline.PipelinePlacementPolicy.filterViableNodes(PipelinePlacementPolicy.java:149)
	at org.apache.hadoop.hdds.scm.pipeline.PipelinePlacementPolicy.chooseDatanodes(PipelinePlacementPolicy.java:172)
	at org.apache.hadoop.hdds.scm.pipeline.RatisPipelineProvider.create(RatisPipelineProvider.java:93)
	at org.apache.hadoop.hdds.scm.pipeline.PipelineFactory.create(PipelineFactory.java:58)
	at org.apache.hadoop.hdds.scm.pipeline.SCMPipelineManager.createPipeline(SCMPipelineManager.java:155)
	at org.apache.hadoop.hdds.scm.block.BlockManagerImpl.allocateBlock(BlockManagerImpl.java:190)
	at org.apache.hadoop.hdds.scm.server.SCMBlockProtocolServer.allocateBlock(SCMBlockProtocolServer.java:182)
	at org.apache.hadoop.ozone.protocolPB.ScmBlockLocationProtocolServerSideTranslatorPB.allocateScmBlock(ScmBlockLocationProtocolServerSideTranslatorPB.java:183)
	at org.apache.hadoop.ozone.protocolPB.ScmBlockLocationProtocolServerSideTranslatorPB.processMessage(ScmBlockLocationProtocolServerSideTranslatorPB.java:141)
	at org.apache.hadoop.ozone.protocolPB.ScmBlockLocationProtocolServerSideTranslatorPB.send(ScmBlockLocationProtocolServerSideTranslatorPB.java:116)
	at org.apache.hadoop.hdds.protocol.proto.ScmBlockLocationProtocolProtos$ScmBlockLocationProtocolService$2.callBlockingMethod(ScmBlockLocationProtocolProtos.java:13157)
	at org.apache.hadoop.ipc.ProtobufRpcEngine$Server$ProtoBufRpcInvoker.call(ProtobufRpcEngine.java:524)
	at org.apache.hadoop.ipc.RPC$Server.call(RPC.java:1025)
	at org.apache.hadoop.ipc.Server$RpcCall.run(Server.java:876)
	at org.apache.hadoop.ipc.Server$RpcCall.run(Server.java:822)
	at java.security.AccessController.doPrivileged(Native Method)
	at javax.security.auth.Subject.doAs(Subject.java:422)
	at org.apache.hadoop.security.UserGroupInformation.doAs(UserGroupInformation.java:1730)
	at org.apache.hadoop.ipc.Server$Handler.run(Server.java:2682)
2019-09-26 10:59:28,170 [IPC Server handler 15 on 40095] WARN  block.BlockManagerImpl (BlockManagerImpl.java:allocateBlock(192)) - Pipeline creation failed for type:RATIS factor:THREE. Retrying get pipelines call once.
org.apache.hadoop.hdds.scm.exceptions.SCMException: Unable to find enough nodes that meet the criteria that cannot engage in more than 5 pipelines. Nodes required: 3 Found: 0, healthy nodes count inNodeManager: 5.
	at org.apache.hadoop.hdds.scm.pipeline.PipelinePlacementPolicy.filterViableNodes(PipelinePlacementPolicy.java:149)
	at org.apache.hadoop.hdds.scm.pipeline.PipelinePlacementPolicy.chooseDatanodes(PipelinePlacementPolicy.java:172)
	at org.apache.hadoop.hdds.scm.pipeline.RatisPipelineProvider.create(RatisPipelineProvider.java:93)
	at org.apache.hadoop.hdds.scm.pipeline.PipelineFactory.create(PipelineFactory.java:58)
	at org.apache.hadoop.hdds.scm.pipeline.SCMPipelineManager.createPipeline(SCMPipelineManager.java:155)
	at org.apache.hadoop.hdds.scm.block.BlockManagerImpl.allocateBlock(BlockManagerImpl.java:190)
	at org.apache.hadoop.hdds.scm.server.SCMBlockProtocolServer.allocateBlock(SCMBlockProtocolServer.java:182)
	at org.apache.hadoop.ozone.protocolPB.ScmBlockLocationProtocolServerSideTranslatorPB.allocateScmBlock(ScmBlockLocationProtocolServerSideTranslatorPB.java:183)
	at org.apache.hadoop.ozone.protocolPB.ScmBlockLocationProtocolServerSideTranslatorPB.processMessage(ScmBlockLocationProtocolServerSideTranslatorPB.java:141)
	at org.apache.hadoop.ozone.protocolPB.ScmBlockLocationProtocolServerSideTranslatorPB.send(ScmBlockLocationProtocolServerSideTranslatorPB.java:116)
	at org.apache.hadoop.hdds.protocol.proto.ScmBlockLocationProtocolProtos$ScmBlockLocationProtocolService$2.callBlockingMethod(ScmBlockLocationProtocolProtos.java:13157)
	at org.apache.hadoop.ipc.ProtobufRpcEngine$Server$ProtoBufRpcInvoker.call(ProtobufRpcEngine.java:524)
	at org.apache.hadoop.ipc.RPC$Server.call(RPC.java:1025)
	at org.apache.hadoop.ipc.Server$RpcCall.run(Server.java:876)
	at org.apache.hadoop.ipc.Server$RpcCall.run(Server.java:822)
	at java.security.AccessController.doPrivileged(Native Method)
	at javax.security.auth.Subject.doAs(Subject.java:422)
	at org.apache.hadoop.security.UserGroupInformation.doAs(UserGroupInformation.java:1730)
	at org.apache.hadoop.ipc.Server$Handler.run(Server.java:2682)
2019-09-26 10:59:28,171 [IPC Server handler 15 on 40095] INFO  block.BlockManagerImpl (BlockManagerImpl.java:allocateBlock(198)) - Could not find available pipeline of type:RATIS and factor:THREE even after retrying
2019-09-26 10:59:28,171 [IPC Server handler 15 on 40095] ERROR block.BlockManagerImpl (BlockManagerImpl.java:allocateBlock(222)) - Unable to allocate a block for the size: 4194304, type: RATIS, factor: THREE
2019-09-26 10:59:28,171 [IPC Server handler 15 on 40095] INFO  pipeline.PipelinePlacementPolicy (PipelinePlacementPolicy.java:meetCriteria(91)) - Pipeline Placement: can't place more pipeline on heavy datanode： c38bca17-ec4a-4641-8fc4-32bb8247f11f Heaviness: 6 limit: 5
2019-09-26 10:59:28,172 [IPC Server handler 15 on 40095] INFO  pipeline.PipelinePlacementPolicy (PipelinePlacementPolicy.java:meetCriteria(91)) - Pipeline Placement: can't place more pipeline on heavy datanode： c1a9f1dd-6c0d-41cb-a4f1-f4597ac7f27c Heaviness: 6 limit: 5
2019-09-26 10:59:28,172 [IPC Server handler 15 on 40095] INFO  pipeline.PipelinePlacementPolicy (PipelinePlacementPolicy.java:meetCriteria(91)) - Pipeline Placement: can't place more pipeline on heavy datanode： 91fb8321-54d9-4a64-90be-ab1c2b6fea7b Heaviness: 6 limit: 5
2019-09-26 10:59:28,172 [IPC Server handler 15 on 40095] INFO  pipeline.PipelinePlacementPolicy (PipelinePlacementPolicy.java:meetCriteria(91)) - Pipeline Placement: can't place more pipeline on heavy datanode： cf629036-ace7-4ca9-94d6-fc8cc18310da Heaviness: 6 limit: 5
2019-09-26 10:59:28,172 [IPC Server handler 15 on 40095] INFO  pipeline.PipelinePlacementPolicy (PipelinePlacementPolicy.java:meetCriteria(91)) - Pipeline Placement: can't place more pipeline on heavy datanode： 2e8c5f4f-ba99-49b1-bcd5-57d537838a55 Heaviness: 6 limit: 5
2019-09-26 10:59:28,173 [IPC Server handler 15 on 40095] ERROR pipeline.PipelinePlacementPolicy (PipelinePlacementPolicy.java:filterViableNodes(148)) - Unable to find enough nodes that meet the criteria that cannot engage in more than 5 pipelines. Nodes required: 3 Found: 0, healthy nodes count inNodeManager: 5.
2019-09-26 10:59:28,173 [IPC Server handler 15 on 40095] ERROR pipeline.SCMPipelineManager (SCMPipelineManager.java:createPipeline(167)) - Pipeline creation failed.
org.apache.hadoop.hdds.scm.exceptions.SCMException: Unable to find enough nodes that meet the criteria that cannot engage in more than 5 pipelines. Nodes required: 3 Found: 0, healthy nodes count inNodeManager: 5.
	at org.apache.hadoop.hdds.scm.pipeline.PipelinePlacementPolicy.filterViableNodes(PipelinePlacementPolicy.java:149)
	at org.apache.hadoop.hdds.scm.pipeline.PipelinePlacementPolicy.chooseDatanodes(PipelinePlacementPolicy.java:172)
	at org.apache.hadoop.hdds.scm.pipeline.RatisPipelineProvider.create(RatisPipelineProvider.java:93)
	at org.apache.hadoop.hdds.scm.pipeline.PipelineFactory.create(PipelineFactory.java:58)
	at org.apache.hadoop.hdds.scm.pipeline.SCMPipelineManager.createPipeline(SCMPipelineManager.java:155)
	at org.apache.hadoop.hdds.scm.block.BlockManagerImpl.allocateBlock(BlockManagerImpl.java:190)
	at org.apache.hadoop.hdds.scm.server.SCMBlockProtocolServer.allocateBlock(SCMBlockProtocolServer.java:182)
	at org.apache.hadoop.ozone.protocolPB.ScmBlockLocationProtocolServerSideTranslatorPB.allocateScmBlock(ScmBlockLocationProtocolServerSideTranslatorPB.java:183)
	at org.apache.hadoop.ozone.protocolPB.ScmBlockLocationProtocolServerSideTranslatorPB.processMessage(ScmBlockLocationProtocolServerSideTranslatorPB.java:141)
	at org.apache.hadoop.ozone.protocolPB.ScmBlockLocationProtocolServerSideTranslatorPB.send(ScmBlockLocationProtocolServerSideTranslatorPB.java:116)
	at org.apache.hadoop.hdds.protocol.proto.ScmBlockLocationProtocolProtos$ScmBlockLocationProtocolService$2.callBlockingMethod(ScmBlockLocationProtocolProtos.java:13157)
	at org.apache.hadoop.ipc.ProtobufRpcEngine$Server$ProtoBufRpcInvoker.call(ProtobufRpcEngine.java:524)
	at org.apache.hadoop.ipc.RPC$Server.call(RPC.java:1025)
	at org.apache.hadoop.ipc.Server$RpcCall.run(Server.java:876)
	at org.apache.hadoop.ipc.Server$RpcCall.run(Server.java:822)
	at java.security.AccessController.doPrivileged(Native Method)
	at javax.security.auth.Subject.doAs(Subject.java:422)
	at org.apache.hadoop.security.UserGroupInformation.doAs(UserGroupInformation.java:1730)
	at org.apache.hadoop.ipc.Server$Handler.run(Server.java:2682)
2019-09-26 10:59:28,174 [IPC Server handler 15 on 40095] WARN  block.BlockManagerImpl (BlockManagerImpl.java:allocateBlock(192)) - Pipeline creation failed for type:RATIS factor:THREE. Retrying get pipelines call once.
org.apache.hadoop.hdds.scm.exceptions.SCMException: Unable to find enough nodes that meet the criteria that cannot engage in more than 5 pipelines. Nodes required: 3 Found: 0, healthy nodes count inNodeManager: 5.
	at org.apache.hadoop.hdds.scm.pipeline.PipelinePlacementPolicy.filterViableNodes(PipelinePlacementPolicy.java:149)
	at org.apache.hadoop.hdds.scm.pipeline.PipelinePlacementPolicy.chooseDatanodes(PipelinePlacementPolicy.java:172)
	at org.apache.hadoop.hdds.scm.pipeline.RatisPipelineProvider.create(RatisPipelineProvider.java:93)
	at org.apache.hadoop.hdds.scm.pipeline.PipelineFactory.create(PipelineFactory.java:58)
	at org.apache.hadoop.hdds.scm.pipeline.SCMPipelineManager.createPipeline(SCMPipelineManager.java:155)
	at org.apache.hadoop.hdds.scm.block.BlockManagerImpl.allocateBlock(BlockManagerImpl.java:190)
	at org.apache.hadoop.hdds.scm.server.SCMBlockProtocolServer.allocateBlock(SCMBlockProtocolServer.java:182)
	at org.apache.hadoop.ozone.protocolPB.ScmBlockLocationProtocolServerSideTranslatorPB.allocateScmBlock(ScmBlockLocationProtocolServerSideTranslatorPB.java:183)
	at org.apache.hadoop.ozone.protocolPB.ScmBlockLocationProtocolServerSideTranslatorPB.processMessage(ScmBlockLocationProtocolServerSideTranslatorPB.java:141)
	at org.apache.hadoop.ozone.protocolPB.ScmBlockLocationProtocolServerSideTranslatorPB.send(ScmBlockLocationProtocolServerSideTranslatorPB.java:116)
	at org.apache.hadoop.hdds.protocol.proto.ScmBlockLocationProtocolProtos$ScmBlockLocationProtocolService$2.callBlockingMethod(ScmBlockLocationProtocolProtos.java:13157)
	at org.apache.hadoop.ipc.ProtobufRpcEngine$Server$ProtoBufRpcInvoker.call(ProtobufRpcEngine.java:524)
	at org.apache.hadoop.ipc.RPC$Server.call(RPC.java:1025)
	at org.apache.hadoop.ipc.Server$RpcCall.run(Server.java:876)
	at org.apache.hadoop.ipc.Server$RpcCall.run(Server.java:822)
	at java.security.AccessController.doPrivileged(Native Method)
	at javax.security.auth.Subject.doAs(Subject.java:422)
	at org.apache.hadoop.security.UserGroupInformation.doAs(UserGroupInformation.java:1730)
	at org.apache.hadoop.ipc.Server$Handler.run(Server.java:2682)
2019-09-26 10:59:28,174 [IPC Server handler 15 on 40095] INFO  block.BlockManagerImpl (BlockManagerImpl.java:allocateBlock(198)) - Could not find available pipeline of type:RATIS and factor:THREE even after retrying
2019-09-26 10:59:28,174 [IPC Server handler 15 on 40095] ERROR block.BlockManagerImpl (BlockManagerImpl.java:allocateBlock(222)) - Unable to allocate a block for the size: 4194304, type: RATIS, factor: THREE
2019-09-26 10:59:28,175 [IPC Server handler 15 on 40095] INFO  pipeline.PipelinePlacementPolicy (PipelinePlacementPolicy.java:meetCriteria(91)) - Pipeline Placement: can't place more pipeline on heavy datanode： c38bca17-ec4a-4641-8fc4-32bb8247f11f Heaviness: 6 limit: 5
2019-09-26 10:59:28,175 [IPC Server handler 15 on 40095] INFO  pipeline.PipelinePlacementPolicy (PipelinePlacementPolicy.java:meetCriteria(91)) - Pipeline Placement: can't place more pipeline on heavy datanode： c1a9f1dd-6c0d-41cb-a4f1-f4597ac7f27c Heaviness: 6 limit: 5
2019-09-26 10:59:28,175 [IPC Server handler 15 on 40095] INFO  pipeline.PipelinePlacementPolicy (PipelinePlacementPolicy.java:meetCriteria(91)) - Pipeline Placement: can't place more pipeline on heavy datanode： 91fb8321-54d9-4a64-90be-ab1c2b6fea7b Heaviness: 6 limit: 5
2019-09-26 10:59:28,175 [IPC Server handler 15 on 40095] INFO  pipeline.PipelinePlacementPolicy (PipelinePlacementPolicy.java:meetCriteria(91)) - Pipeline Placement: can't place more pipeline on heavy datanode： cf629036-ace7-4ca9-94d6-fc8cc18310da Heaviness: 6 limit: 5
2019-09-26 10:59:28,176 [IPC Server handler 15 on 40095] INFO  pipeline.PipelinePlacementPolicy (PipelinePlacementPolicy.java:meetCriteria(91)) - Pipeline Placement: can't place more pipeline on heavy datanode： 2e8c5f4f-ba99-49b1-bcd5-57d537838a55 Heaviness: 6 limit: 5
2019-09-26 10:59:28,176 [IPC Server handler 15 on 40095] ERROR pipeline.PipelinePlacementPolicy (PipelinePlacementPolicy.java:filterViableNodes(148)) - Unable to find enough nodes that meet the criteria that cannot engage in more than 5 pipelines. Nodes required: 3 Found: 0, healthy nodes count inNodeManager: 5.
2019-09-26 10:59:28,176 [IPC Server handler 15 on 40095] ERROR pipeline.SCMPipelineManager (SCMPipelineManager.java:createPipeline(167)) - Pipeline creation failed.
org.apache.hadoop.hdds.scm.exceptions.SCMException: Unable to find enough nodes that meet the criteria that cannot engage in more than 5 pipelines. Nodes required: 3 Found: 0, healthy nodes count inNodeManager: 5.
	at org.apache.hadoop.hdds.scm.pipeline.PipelinePlacementPolicy.filterViableNodes(PipelinePlacementPolicy.java:149)
	at org.apache.hadoop.hdds.scm.pipeline.PipelinePlacementPolicy.chooseDatanodes(PipelinePlacementPolicy.java:172)
	at org.apache.hadoop.hdds.scm.pipeline.RatisPipelineProvider.create(RatisPipelineProvider.java:93)
	at org.apache.hadoop.hdds.scm.pipeline.PipelineFactory.create(PipelineFactory.java:58)
	at org.apache.hadoop.hdds.scm.pipeline.SCMPipelineManager.createPipeline(SCMPipelineManager.java:155)
	at org.apache.hadoop.hdds.scm.block.BlockManagerImpl.allocateBlock(BlockManagerImpl.java:190)
	at org.apache.hadoop.hdds.scm.server.SCMBlockProtocolServer.allocateBlock(SCMBlockProtocolServer.java:182)
	at org.apache.hadoop.ozone.protocolPB.ScmBlockLocationProtocolServerSideTranslatorPB.allocateScmBlock(ScmBlockLocationProtocolServerSideTranslatorPB.java:183)
	at org.apache.hadoop.ozone.protocolPB.ScmBlockLocationProtocolServerSideTranslatorPB.processMessage(ScmBlockLocationProtocolServerSideTranslatorPB.java:141)
	at org.apache.hadoop.ozone.protocolPB.ScmBlockLocationProtocolServerSideTranslatorPB.send(ScmBlockLocationProtocolServerSideTranslatorPB.java:116)
	at org.apache.hadoop.hdds.protocol.proto.ScmBlockLocationProtocolProtos$ScmBlockLocationProtocolService$2.callBlockingMethod(ScmBlockLocationProtocolProtos.java:13157)
	at org.apache.hadoop.ipc.ProtobufRpcEngine$Server$ProtoBufRpcInvoker.call(ProtobufRpcEngine.java:524)
	at org.apache.hadoop.ipc.RPC$Server.call(RPC.java:1025)
	at org.apache.hadoop.ipc.Server$RpcCall.run(Server.java:876)
	at org.apache.hadoop.ipc.Server$RpcCall.run(Server.java:822)
	at java.security.AccessController.doPrivileged(Native Method)
	at javax.security.auth.Subject.doAs(Subject.java:422)
	at org.apache.hadoop.security.UserGroupInformation.doAs(UserGroupInformation.java:1730)
	at org.apache.hadoop.ipc.Server$Handler.run(Server.java:2682)
2019-09-26 10:59:28,177 [IPC Server handler 15 on 40095] WARN  block.BlockManagerImpl (BlockManagerImpl.java:allocateBlock(192)) - Pipeline creation failed for type:RATIS factor:THREE. Retrying get pipelines call once.
org.apache.hadoop.hdds.scm.exceptions.SCMException: Unable to find enough nodes that meet the criteria that cannot engage in more than 5 pipelines. Nodes required: 3 Found: 0, healthy nodes count inNodeManager: 5.
	at org.apache.hadoop.hdds.scm.pipeline.PipelinePlacementPolicy.filterViableNodes(PipelinePlacementPolicy.java:149)
	at org.apache.hadoop.hdds.scm.pipeline.PipelinePlacementPolicy.chooseDatanodes(PipelinePlacementPolicy.java:172)
	at org.apache.hadoop.hdds.scm.pipeline.RatisPipelineProvider.create(RatisPipelineProvider.java:93)
	at org.apache.hadoop.hdds.scm.pipeline.PipelineFactory.create(PipelineFactory.java:58)
	at org.apache.hadoop.hdds.scm.pipeline.SCMPipelineManager.createPipeline(SCMPipelineManager.java:155)
	at org.apache.hadoop.hdds.scm.block.BlockManagerImpl.allocateBlock(BlockManagerImpl.java:190)
	at org.apache.hadoop.hdds.scm.server.SCMBlockProtocolServer.allocateBlock(SCMBlockProtocolServer.java:182)
	at org.apache.hadoop.ozone.protocolPB.ScmBlockLocationProtocolServerSideTranslatorPB.allocateScmBlock(ScmBlockLocationProtocolServerSideTranslatorPB.java:183)
	at org.apache.hadoop.ozone.protocolPB.ScmBlockLocationProtocolServerSideTranslatorPB.processMessage(ScmBlockLocationProtocolServerSideTranslatorPB.java:141)
	at org.apache.hadoop.ozone.protocolPB.ScmBlockLocationProtocolServerSideTranslatorPB.send(ScmBlockLocationProtocolServerSideTranslatorPB.java:116)
	at org.apache.hadoop.hdds.protocol.proto.ScmBlockLocationProtocolProtos$ScmBlockLocationProtocolService$2.callBlockingMethod(ScmBlockLocationProtocolProtos.java:13157)
	at org.apache.hadoop.ipc.ProtobufRpcEngine$Server$ProtoBufRpcInvoker.call(ProtobufRpcEngine.java:524)
	at org.apache.hadoop.ipc.RPC$Server.call(RPC.java:1025)
	at org.apache.hadoop.ipc.Server$RpcCall.run(Server.java:876)
	at org.apache.hadoop.ipc.Server$RpcCall.run(Server.java:822)
	at java.security.AccessController.doPrivileged(Native Method)
	at javax.security.auth.Subject.doAs(Subject.java:422)
	at org.apache.hadoop.security.UserGroupInformation.doAs(UserGroupInformation.java:1730)
	at org.apache.hadoop.ipc.Server$Handler.run(Server.java:2682)
2019-09-26 10:59:28,178 [IPC Server handler 15 on 40095] INFO  block.BlockManagerImpl (BlockManagerImpl.java:allocateBlock(198)) - Could not find available pipeline of type:RATIS and factor:THREE even after retrying
2019-09-26 10:59:28,178 [IPC Server handler 15 on 40095] ERROR block.BlockManagerImpl (BlockManagerImpl.java:allocateBlock(222)) - Unable to allocate a block for the size: 4194304, type: RATIS, factor: THREE
2019-09-26 10:59:28,178 [IPC Server handler 15 on 40095] INFO  pipeline.PipelinePlacementPolicy (PipelinePlacementPolicy.java:meetCriteria(91)) - Pipeline Placement: can't place more pipeline on heavy datanode： c38bca17-ec4a-4641-8fc4-32bb8247f11f Heaviness: 6 limit: 5
2019-09-26 10:59:28,178 [IPC Server handler 15 on 40095] INFO  pipeline.PipelinePlacementPolicy (PipelinePlacementPolicy.java:meetCriteria(91)) - Pipeline Placement: can't place more pipeline on heavy datanode： c1a9f1dd-6c0d-41cb-a4f1-f4597ac7f27c Heaviness: 6 limit: 5
2019-09-26 10:59:28,178 [IPC Server handler 15 on 40095] INFO  pipeline.PipelinePlacementPolicy (PipelinePlacementPolicy.java:meetCriteria(91)) - Pipeline Placement: can't place more pipeline on heavy datanode： 91fb8321-54d9-4a64-90be-ab1c2b6fea7b Heaviness: 6 limit: 5
2019-09-26 10:59:28,179 [IPC Server handler 15 on 40095] INFO  pipeline.PipelinePlacementPolicy (PipelinePlacementPolicy.java:meetCriteria(91)) - Pipeline Placement: can't place more pipeline on heavy datanode： cf629036-ace7-4ca9-94d6-fc8cc18310da Heaviness: 6 limit: 5
2019-09-26 10:59:28,179 [IPC Server handler 15 on 40095] INFO  pipeline.PipelinePlacementPolicy (PipelinePlacementPolicy.java:meetCriteria(91)) - Pipeline Placement: can't place more pipeline on heavy datanode： 2e8c5f4f-ba99-49b1-bcd5-57d537838a55 Heaviness: 6 limit: 5
2019-09-26 10:59:28,179 [IPC Server handler 15 on 40095] ERROR pipeline.PipelinePlacementPolicy (PipelinePlacementPolicy.java:filterViableNodes(148)) - Unable to find enough nodes that meet the criteria that cannot engage in more than 5 pipelines. Nodes required: 3 Found: 0, healthy nodes count inNodeManager: 5.
2019-09-26 10:59:28,179 [IPC Server handler 15 on 40095] ERROR pipeline.SCMPipelineManager (SCMPipelineManager.java:createPipeline(167)) - Pipeline creation failed.
org.apache.hadoop.hdds.scm.exceptions.SCMException: Unable to find enough nodes that meet the criteria that cannot engage in more than 5 pipelines. Nodes required: 3 Found: 0, healthy nodes count inNodeManager: 5.
	at org.apache.hadoop.hdds.scm.pipeline.PipelinePlacementPolicy.filterViableNodes(PipelinePlacementPolicy.java:149)
	at org.apache.hadoop.hdds.scm.pipeline.PipelinePlacementPolicy.chooseDatanodes(PipelinePlacementPolicy.java:172)
	at org.apache.hadoop.hdds.scm.pipeline.RatisPipelineProvider.create(RatisPipelineProvider.java:93)
	at org.apache.hadoop.hdds.scm.pipeline.PipelineFactory.create(PipelineFactory.java:58)
	at org.apache.hadoop.hdds.scm.pipeline.SCMPipelineManager.createPipeline(SCMPipelineManager.java:155)
	at org.apache.hadoop.hdds.scm.block.BlockManagerImpl.allocateBlock(BlockManagerImpl.java:190)
	at org.apache.hadoop.hdds.scm.server.SCMBlockProtocolServer.allocateBlock(SCMBlockProtocolServer.java:182)
	at org.apache.hadoop.ozone.protocolPB.ScmBlockLocationProtocolServerSideTranslatorPB.allocateScmBlock(ScmBlockLocationProtocolServerSideTranslatorPB.java:183)
	at org.apache.hadoop.ozone.protocolPB.ScmBlockLocationProtocolServerSideTranslatorPB.processMessage(ScmBlockLocationProtocolServerSideTranslatorPB.java:141)
	at org.apache.hadoop.ozone.protocolPB.ScmBlockLocationProtocolServerSideTranslatorPB.send(ScmBlockLocationProtocolServerSideTranslatorPB.java:116)
	at org.apache.hadoop.hdds.protocol.proto.ScmBlockLocationProtocolProtos$ScmBlockLocationProtocolService$2.callBlockingMethod(ScmBlockLocationProtocolProtos.java:13157)
	at org.apache.hadoop.ipc.ProtobufRpcEngine$Server$ProtoBufRpcInvoker.call(ProtobufRpcEngine.java:524)
	at org.apache.hadoop.ipc.RPC$Server.call(RPC.java:1025)
	at org.apache.hadoop.ipc.Server$RpcCall.run(Server.java:876)
	at org.apache.hadoop.ipc.Server$RpcCall.run(Server.java:822)
	at java.security.AccessController.doPrivileged(Native Method)
	at javax.security.auth.Subject.doAs(Subject.java:422)
	at org.apache.hadoop.security.UserGroupInformation.doAs(UserGroupInformation.java:1730)
	at org.apache.hadoop.ipc.Server$Handler.run(Server.java:2682)
2019-09-26 10:59:28,180 [IPC Server handler 15 on 40095] WARN  block.BlockManagerImpl (BlockManagerImpl.java:allocateBlock(192)) - Pipeline creation failed for type:RATIS factor:THREE. Retrying get pipelines call once.
org.apache.hadoop.hdds.scm.exceptions.SCMException: Unable to find enough nodes that meet the criteria that cannot engage in more than 5 pipelines. Nodes required: 3 Found: 0, healthy nodes count inNodeManager: 5.
	at org.apache.hadoop.hdds.scm.pipeline.PipelinePlacementPolicy.filterViableNodes(PipelinePlacementPolicy.java:149)
	at org.apache.hadoop.hdds.scm.pipeline.PipelinePlacementPolicy.chooseDatanodes(PipelinePlacementPolicy.java:172)
	at org.apache.hadoop.hdds.scm.pipeline.RatisPipelineProvider.create(RatisPipelineProvider.java:93)
	at org.apache.hadoop.hdds.scm.pipeline.PipelineFactory.create(PipelineFactory.java:58)
	at org.apache.hadoop.hdds.scm.pipeline.SCMPipelineManager.createPipeline(SCMPipelineManager.java:155)
	at org.apache.hadoop.hdds.scm.block.BlockManagerImpl.allocateBlock(BlockManagerImpl.java:190)
	at org.apache.hadoop.hdds.scm.server.SCMBlockProtocolServer.allocateBlock(SCMBlockProtocolServer.java:182)
	at org.apache.hadoop.ozone.protocolPB.ScmBlockLocationProtocolServerSideTranslatorPB.allocateScmBlock(ScmBlockLocationProtocolServerSideTranslatorPB.java:183)
	at org.apache.hadoop.ozone.protocolPB.ScmBlockLocationProtocolServerSideTranslatorPB.processMessage(ScmBlockLocationProtocolServerSideTranslatorPB.java:141)
	at org.apache.hadoop.ozone.protocolPB.ScmBlockLocationProtocolServerSideTranslatorPB.send(ScmBlockLocationProtocolServerSideTranslatorPB.java:116)
	at org.apache.hadoop.hdds.protocol.proto.ScmBlockLocationProtocolProtos$ScmBlockLocationProtocolService$2.callBlockingMethod(ScmBlockLocationProtocolProtos.java:13157)
	at org.apache.hadoop.ipc.ProtobufRpcEngine$Server$ProtoBufRpcInvoker.call(ProtobufRpcEngine.java:524)
	at org.apache.hadoop.ipc.RPC$Server.call(RPC.java:1025)
	at org.apache.hadoop.ipc.Server$RpcCall.run(Server.java:876)
	at org.apache.hadoop.ipc.Server$RpcCall.run(Server.java:822)
	at java.security.AccessController.doPrivileged(Native Method)
	at javax.security.auth.Subject.doAs(Subject.java:422)
	at org.apache.hadoop.security.UserGroupInformation.doAs(UserGroupInformation.java:1730)
	at org.apache.hadoop.ipc.Server$Handler.run(Server.java:2682)
2019-09-26 10:59:28,180 [IPC Server handler 15 on 40095] INFO  block.BlockManagerImpl (BlockManagerImpl.java:allocateBlock(198)) - Could not find available pipeline of type:RATIS and factor:THREE even after retrying
2019-09-26 10:59:28,180 [IPC Server handler 15 on 40095] ERROR block.BlockManagerImpl (BlockManagerImpl.java:allocateBlock(222)) - Unable to allocate a block for the size: 4194304, type: RATIS, factor: THREE
2019-09-26 10:59:28,180 [IPC Server handler 15 on 40095] INFO  pipeline.PipelinePlacementPolicy (PipelinePlacementPolicy.java:meetCriteria(91)) - Pipeline Placement: can't place more pipeline on heavy datanode： c38bca17-ec4a-4641-8fc4-32bb8247f11f Heaviness: 6 limit: 5
2019-09-26 10:59:28,181 [IPC Server handler 15 on 40095] INFO  pipeline.PipelinePlacementPolicy (PipelinePlacementPolicy.java:meetCriteria(91)) - Pipeline Placement: can't place more pipeline on heavy datanode： c1a9f1dd-6c0d-41cb-a4f1-f4597ac7f27c Heaviness: 6 limit: 5
2019-09-26 10:59:28,181 [IPC Server handler 15 on 40095] INFO  pipeline.PipelinePlacementPolicy (PipelinePlacementPolicy.java:meetCriteria(91)) - Pipeline Placement: can't place more pipeline on heavy datanode： 91fb8321-54d9-4a64-90be-ab1c2b6fea7b Heaviness: 6 limit: 5
2019-09-26 10:59:28,181 [IPC Server handler 15 on 40095] INFO  pipeline.PipelinePlacementPolicy (PipelinePlacementPolicy.java:meetCriteria(91)) - Pipeline Placement: can't place more pipeline on heavy datanode： cf629036-ace7-4ca9-94d6-fc8cc18310da Heaviness: 6 limit: 5
2019-09-26 10:59:28,181 [IPC Server handler 15 on 40095] INFO  pipeline.PipelinePlacementPolicy (PipelinePlacementPolicy.java:meetCriteria(91)) - Pipeline Placement: can't place more pipeline on heavy datanode： 2e8c5f4f-ba99-49b1-bcd5-57d537838a55 Heaviness: 6 limit: 5
2019-09-26 10:59:28,181 [IPC Server handler 15 on 40095] ERROR pipeline.PipelinePlacementPolicy (PipelinePlacementPolicy.java:filterViableNodes(148)) - Unable to find enough nodes that meet the criteria that cannot engage in more than 5 pipelines. Nodes required: 3 Found: 0, healthy nodes count inNodeManager: 5.
2019-09-26 10:59:28,182 [IPC Server handler 15 on 40095] ERROR pipeline.SCMPipelineManager (SCMPipelineManager.java:createPipeline(167)) - Pipeline creation failed.
org.apache.hadoop.hdds.scm.exceptions.SCMException: Unable to find enough nodes that meet the criteria that cannot engage in more than 5 pipelines. Nodes required: 3 Found: 0, healthy nodes count inNodeManager: 5.
	at org.apache.hadoop.hdds.scm.pipeline.PipelinePlacementPolicy.filterViableNodes(PipelinePlacementPolicy.java:149)
	at org.apache.hadoop.hdds.scm.pipeline.PipelinePlacementPolicy.chooseDatanodes(PipelinePlacementPolicy.java:172)
	at org.apache.hadoop.hdds.scm.pipeline.RatisPipelineProvider.create(RatisPipelineProvider.java:93)
	at org.apache.hadoop.hdds.scm.pipeline.PipelineFactory.create(PipelineFactory.java:58)
	at org.apache.hadoop.hdds.scm.pipeline.SCMPipelineManager.createPipeline(SCMPipelineManager.java:155)
	at org.apache.hadoop.hdds.scm.block.BlockManagerImpl.allocateBlock(BlockManagerImpl.java:190)
	at org.apache.hadoop.hdds.scm.server.SCMBlockProtocolServer.allocateBlock(SCMBlockProtocolServer.java:182)
	at org.apache.hadoop.ozone.protocolPB.ScmBlockLocationProtocolServerSideTranslatorPB.allocateScmBlock(ScmBlockLocationProtocolServerSideTranslatorPB.java:183)
	at org.apache.hadoop.ozone.protocolPB.ScmBlockLocationProtocolServerSideTranslatorPB.processMessage(ScmBlockLocationProtocolServerSideTranslatorPB.java:141)
	at org.apache.hadoop.ozone.protocolPB.ScmBlockLocationProtocolServerSideTranslatorPB.send(ScmBlockLocationProtocolServerSideTranslatorPB.java:116)
	at org.apache.hadoop.hdds.protocol.proto.ScmBlockLocationProtocolProtos$ScmBlockLocationProtocolService$2.callBlockingMethod(ScmBlockLocationProtocolProtos.java:13157)
	at org.apache.hadoop.ipc.ProtobufRpcEngine$Server$ProtoBufRpcInvoker.call(ProtobufRpcEngine.java:524)
	at org.apache.hadoop.ipc.RPC$Server.call(RPC.java:1025)
	at org.apache.hadoop.ipc.Server$RpcCall.run(Server.java:876)
	at org.apache.hadoop.ipc.Server$RpcCall.run(Server.java:822)
	at java.security.AccessController.doPrivileged(Native Method)
	at javax.security.auth.Subject.doAs(Subject.java:422)
	at org.apache.hadoop.security.UserGroupInformation.doAs(UserGroupInformation.java:1730)
	at org.apache.hadoop.ipc.Server$Handler.run(Server.java:2682)
2019-09-26 10:59:28,182 [IPC Server handler 15 on 40095] WARN  block.BlockManagerImpl (BlockManagerImpl.java:allocateBlock(192)) - Pipeline creation failed for type:RATIS factor:THREE. Retrying get pipelines call once.
org.apache.hadoop.hdds.scm.exceptions.SCMException: Unable to find enough nodes that meet the criteria that cannot engage in more than 5 pipelines. Nodes required: 3 Found: 0, healthy nodes count inNodeManager: 5.
	at org.apache.hadoop.hdds.scm.pipeline.PipelinePlacementPolicy.filterViableNodes(PipelinePlacementPolicy.java:149)
	at org.apache.hadoop.hdds.scm.pipeline.PipelinePlacementPolicy.chooseDatanodes(PipelinePlacementPolicy.java:172)
	at org.apache.hadoop.hdds.scm.pipeline.RatisPipelineProvider.create(RatisPipelineProvider.java:93)
	at org.apache.hadoop.hdds.scm.pipeline.PipelineFactory.create(PipelineFactory.java:58)
	at org.apache.hadoop.hdds.scm.pipeline.SCMPipelineManager.createPipeline(SCMPipelineManager.java:155)
	at org.apache.hadoop.hdds.scm.block.BlockManagerImpl.allocateBlock(BlockManagerImpl.java:190)
	at org.apache.hadoop.hdds.scm.server.SCMBlockProtocolServer.allocateBlock(SCMBlockProtocolServer.java:182)
	at org.apache.hadoop.ozone.protocolPB.ScmBlockLocationProtocolServerSideTranslatorPB.allocateScmBlock(ScmBlockLocationProtocolServerSideTranslatorPB.java:183)
	at org.apache.hadoop.ozone.protocolPB.ScmBlockLocationProtocolServerSideTranslatorPB.processMessage(ScmBlockLocationProtocolServerSideTranslatorPB.java:141)
	at org.apache.hadoop.ozone.protocolPB.ScmBlockLocationProtocolServerSideTranslatorPB.send(ScmBlockLocationProtocolServerSideTranslatorPB.java:116)
	at org.apache.hadoop.hdds.protocol.proto.ScmBlockLocationProtocolProtos$ScmBlockLocationProtocolService$2.callBlockingMethod(ScmBlockLocationProtocolProtos.java:13157)
	at org.apache.hadoop.ipc.ProtobufRpcEngine$Server$ProtoBufRpcInvoker.call(ProtobufRpcEngine.java:524)
	at org.apache.hadoop.ipc.RPC$Server.call(RPC.java:1025)
	at org.apache.hadoop.ipc.Server$RpcCall.run(Server.java:876)
	at org.apache.hadoop.ipc.Server$RpcCall.run(Server.java:822)
	at java.security.AccessController.doPrivileged(Native Method)
	at javax.security.auth.Subject.doAs(Subject.java:422)
	at org.apache.hadoop.security.UserGroupInformation.doAs(UserGroupInformation.java:1730)
	at org.apache.hadoop.ipc.Server$Handler.run(Server.java:2682)
2019-09-26 10:59:28,182 [IPC Server handler 15 on 40095] INFO  block.BlockManagerImpl (BlockManagerImpl.java:allocateBlock(198)) - Could not find available pipeline of type:RATIS and factor:THREE even after retrying
2019-09-26 10:59:28,183 [IPC Server handler 15 on 40095] ERROR block.BlockManagerImpl (BlockManagerImpl.java:allocateBlock(222)) - Unable to allocate a block for the size: 4194304, type: RATIS, factor: THREE
2019-09-26 10:59:28,184 [pool-74-thread-3] ERROR freon.RandomKeyGenerator (RandomKeyGenerator.java:createKey(733)) - Exception while adding key: key-0-83514 in bucket: bucket-0-90704 of volume: vol-0-61334.
INTERNAL_ERROR org.apache.hadoop.ozone.om.exceptions.OMException: Allocated 0 blocks. Requested 5 blocks
	at org.apache.hadoop.ozone.om.protocolPB.OzoneManagerProtocolClientSideTranslatorPB.handleError(OzoneManagerProtocolClientSideTranslatorPB.java:732)
	at org.apache.hadoop.ozone.om.protocolPB.OzoneManagerProtocolClientSideTranslatorPB.openKey(OzoneManagerProtocolClientSideTranslatorPB.java:723)
	at sun.reflect.NativeMethodAccessorImpl.invoke0(Native Method)
	at sun.reflect.NativeMethodAccessorImpl.invoke(NativeMethodAccessorImpl.java:62)
	at sun.reflect.DelegatingMethodAccessorImpl.invoke(DelegatingMethodAccessorImpl.java:43)
	at java.lang.reflect.Method.invoke(Method.java:498)
	at org.apache.hadoop.hdds.tracing.TraceAllMethod.invoke(TraceAllMethod.java:66)
	at com.sun.proxy.$Proxy37.openKey(Unknown Source)
	at org.apache.hadoop.ozone.client.rpc.RpcClient.createKey(RpcClient.java:614)
	at org.apache.hadoop.ozone.client.OzoneBucket.createKey(OzoneBucket.java:325)
	at org.apache.hadoop.ozone.freon.RandomKeyGenerator.createKey(RandomKeyGenerator.java:695)
	at org.apache.hadoop.ozone.freon.RandomKeyGenerator.access$1100(RandomKeyGenerator.java:88)
	at org.apache.hadoop.ozone.freon.RandomKeyGenerator$ObjectCreator.run(RandomKeyGenerator.java:615)
	at java.util.concurrent.Executors$RunnableAdapter.call(Executors.java:511)
	at java.util.concurrent.FutureTask.run(FutureTask.java:266)
	at java.util.concurrent.ThreadPoolExecutor.runWorker(ThreadPoolExecutor.java:1149)
	at java.util.concurrent.ThreadPoolExecutor$Worker.run(ThreadPoolExecutor.java:624)
	at java.lang.Thread.run(Thread.java:748)
 0.00% |█                                                                                                    |  0/1 Time: 0:00:01 0.00% |█                                                                                                    |  0/1 Time: 0:00:02 0.00% |█                                                                                                    |  0/1 Time: 0:00:03 0.00% |█                                                                                                    |  0/1 Time: 0:00:04 100.00% |█████████████████████████████████████████████████████████████████████████████████████████████████████|  1/1 Time: 0:00:05
]]></system-out>
  </testcase>
  <testcase name="validateWriteTest" classname="org.apache.hadoop.ozone.freon.TestDataValidateWithUnsafeByteOperations" time="10.029">
    <error message="Allocated 0 blocks. Requested 1 blocks" type="INTERNAL_ERROR org.apache.hadoop.ozone.om.exceptions.OMException">INTERNAL_ERROR org.apache.hadoop.ozone.om.exceptions.OMException: Allocated 0 blocks. Requested 1 blocks
	at org.apache.hadoop.ozone.om.protocolPB.OzoneManagerProtocolClientSideTranslatorPB.handleError(OzoneManagerProtocolClientSideTranslatorPB.java:732)
	at org.apache.hadoop.ozone.om.protocolPB.OzoneManagerProtocolClientSideTranslatorPB.openKey(OzoneManagerProtocolClientSideTranslatorPB.java:723)
	at sun.reflect.NativeMethodAccessorImpl.invoke0(Native Method)
	at sun.reflect.NativeMethodAccessorImpl.invoke(NativeMethodAccessorImpl.java:62)
	at sun.reflect.DelegatingMethodAccessorImpl.invoke(DelegatingMethodAccessorImpl.java:43)
	at java.lang.reflect.Method.invoke(Method.java:498)
	at org.apache.hadoop.hdds.tracing.TraceAllMethod.invoke(TraceAllMethod.java:66)
	at com.sun.proxy.$Proxy37.openKey(Unknown Source)
	at org.apache.hadoop.ozone.client.rpc.RpcClient.createKey(RpcClient.java:614)
	at org.apache.hadoop.ozone.client.OzoneBucket.createKey(OzoneBucket.java:325)
	at org.apache.hadoop.ozone.freon.RandomKeyGenerator.createKey(RandomKeyGenerator.java:695)
	at org.apache.hadoop.ozone.freon.RandomKeyGenerator.access$1100(RandomKeyGenerator.java:88)
	at org.apache.hadoop.ozone.freon.RandomKeyGenerator$ObjectCreator.run(RandomKeyGenerator.java:615)
	at java.util.concurrent.Executors$RunnableAdapter.call(Executors.java:511)
	at java.util.concurrent.FutureTask.run(FutureTask.java:266)
	at java.util.concurrent.ThreadPoolExecutor.runWorker(ThreadPoolExecutor.java:1149)
	at java.util.concurrent.ThreadPoolExecutor$Worker.run(ThreadPoolExecutor.java:624)
	at java.lang.Thread.run(Thread.java:748)
</error>
    <system-out><![CDATA[2019-09-26 10:59:38,159 [main] INFO  freon.RandomKeyGenerator (RandomKeyGenerator.java:call(283)) - Number of Threads: 10
2019-09-26 10:59:38,160 [main] INFO  freon.RandomKeyGenerator (RandomKeyGenerator.java:call(288)) - Number of Volumes: 2.
2019-09-26 10:59:38,160 [main] INFO  freon.RandomKeyGenerator (RandomKeyGenerator.java:call(289)) - Number of Buckets per Volume: 5.
2019-09-26 10:59:38,160 [main] INFO  freon.RandomKeyGenerator (RandomKeyGenerator.java:call(290)) - Number of Keys per Bucket: 10.
2019-09-26 10:59:38,160 [main] INFO  freon.RandomKeyGenerator (RandomKeyGenerator.java:call(291)) - Key size: 10240 bytes
2019-09-26 10:59:38,160 [main] INFO  freon.RandomKeyGenerator (RandomKeyGenerator.java:call(292)) - Buffer size: 4096 bytes
2019-09-26 10:59:38,161 [main] INFO  freon.RandomKeyGenerator (RandomKeyGenerator.java:call(293)) - validateWrites : true
2019-09-26 10:59:38,162 [pool-75-thread-1] INFO  rpc.RpcClient (RpcClient.java:createVolume(276)) - Creating Volume: vol-0-37149, with jenkins1000 as owner.
2019-09-26 10:59:38,162 [pool-75-thread-2] INFO  rpc.RpcClient (RpcClient.java:createVolume(276)) - Creating Volume: vol-1-15971, with jenkins1000 as owner.
2019-09-26 10:59:38,165 [main] INFO  freon.RandomKeyGenerator (RandomKeyGenerator.java:call(307)) - Data validation is enabled.
2019-09-26 10:59:38,165 [main] INFO  freon.RandomKeyGenerator (RandomKeyGenerator.java:call(313)) - Starting progress bar Thread.

 0.00% |█                                                                                                    |  0/100 Time: 0:00:002019-09-26 10:59:38,168 [IPC Server handler 7 on 44791] INFO  volume.OMVolumeCreateRequest (OMVolumeCreateRequest.java:validateAndUpdateCache(189)) - created volume:vol-0-37149 for user:jenkins1000
2019-09-26 10:59:38,180 [pool-75-thread-1] INFO  rpc.RpcClient (RpcClient.java:createBucket(415)) - Creating Bucket: vol-0-37149/bucket-4-25611, with Versioning false and Storage Type set to DISK and Encryption set to false 
2019-09-26 10:59:38,181 [IPC Server handler 6 on 44791] INFO  volume.OMVolumeCreateRequest (OMVolumeCreateRequest.java:validateAndUpdateCache(189)) - created volume:vol-1-15971 for user:jenkins1000
2019-09-26 10:59:38,183 [pool-75-thread-7] INFO  rpc.RpcClient (RpcClient.java:createBucket(415)) - Creating Bucket: vol-0-37149/bucket-2-47437, with Versioning false and Storage Type set to DISK and Encryption set to false 
2019-09-26 10:59:38,183 [pool-75-thread-3] INFO  rpc.RpcClient (RpcClient.java:createBucket(415)) - Creating Bucket: vol-0-37149/bucket-0-21880, with Versioning false and Storage Type set to DISK and Encryption set to false 
2019-09-26 10:59:38,183 [pool-75-thread-5] INFO  rpc.RpcClient (RpcClient.java:createBucket(415)) - Creating Bucket: vol-0-37149/bucket-1-07865, with Versioning false and Storage Type set to DISK and Encryption set to false 
2019-09-26 10:59:38,185 [pool-75-thread-2] INFO  rpc.RpcClient (RpcClient.java:createBucket(415)) - Creating Bucket: vol-1-15971/bucket-4-94812, with Versioning false and Storage Type set to DISK and Encryption set to false 
2019-09-26 10:59:38,185 [pool-75-thread-8] INFO  rpc.RpcClient (RpcClient.java:createBucket(415)) - Creating Bucket: vol-1-15971/bucket-2-51430, with Versioning false and Storage Type set to DISK and Encryption set to false 
2019-09-26 10:59:38,185 [pool-75-thread-9] INFO  rpc.RpcClient (RpcClient.java:createBucket(415)) - Creating Bucket: vol-0-37149/bucket-3-11084, with Versioning false and Storage Type set to DISK and Encryption set to false 
2019-09-26 10:59:38,186 [pool-75-thread-10] INFO  rpc.RpcClient (RpcClient.java:createBucket(415)) - Creating Bucket: vol-1-15971/bucket-3-51026, with Versioning false and Storage Type set to DISK and Encryption set to false 
2019-09-26 10:59:38,194 [pool-75-thread-4] INFO  rpc.RpcClient (RpcClient.java:createBucket(415)) - Creating Bucket: vol-1-15971/bucket-0-31307, with Versioning false and Storage Type set to DISK and Encryption set to false 
2019-09-26 10:59:38,194 [pool-75-thread-6] INFO  rpc.RpcClient (RpcClient.java:createBucket(415)) - Creating Bucket: vol-1-15971/bucket-1-86159, with Versioning false and Storage Type set to DISK and Encryption set to false 
2019-09-26 10:59:38,255 [IPC Server handler 0 on 40095] INFO  pipeline.PipelinePlacementPolicy (PipelinePlacementPolicy.java:meetCriteria(91)) - Pipeline Placement: can't place more pipeline on heavy datanode： c38bca17-ec4a-4641-8fc4-32bb8247f11f Heaviness: 6 limit: 5
2019-09-26 10:59:38,256 [IPC Server handler 0 on 40095] INFO  pipeline.PipelinePlacementPolicy (PipelinePlacementPolicy.java:meetCriteria(91)) - Pipeline Placement: can't place more pipeline on heavy datanode： c1a9f1dd-6c0d-41cb-a4f1-f4597ac7f27c Heaviness: 6 limit: 5
2019-09-26 10:59:38,256 [IPC Server handler 0 on 40095] INFO  pipeline.PipelinePlacementPolicy (PipelinePlacementPolicy.java:meetCriteria(91)) - Pipeline Placement: can't place more pipeline on heavy datanode： 91fb8321-54d9-4a64-90be-ab1c2b6fea7b Heaviness: 6 limit: 5
2019-09-26 10:59:38,256 [IPC Server handler 0 on 40095] INFO  pipeline.PipelinePlacementPolicy (PipelinePlacementPolicy.java:meetCriteria(91)) - Pipeline Placement: can't place more pipeline on heavy datanode： cf629036-ace7-4ca9-94d6-fc8cc18310da Heaviness: 6 limit: 5
2019-09-26 10:59:38,257 [IPC Server handler 0 on 40095] INFO  pipeline.PipelinePlacementPolicy (PipelinePlacementPolicy.java:meetCriteria(91)) - Pipeline Placement: can't place more pipeline on heavy datanode： 2e8c5f4f-ba99-49b1-bcd5-57d537838a55 Heaviness: 6 limit: 5
2019-09-26 10:59:38,257 [IPC Server handler 0 on 40095] ERROR pipeline.PipelinePlacementPolicy (PipelinePlacementPolicy.java:filterViableNodes(148)) - Unable to find enough nodes that meet the criteria that cannot engage in more than 5 pipelines. Nodes required: 3 Found: 0, healthy nodes count inNodeManager: 5.
2019-09-26 10:59:38,257 [IPC Server handler 0 on 40095] ERROR pipeline.SCMPipelineManager (SCMPipelineManager.java:createPipeline(167)) - Pipeline creation failed.
org.apache.hadoop.hdds.scm.exceptions.SCMException: Unable to find enough nodes that meet the criteria that cannot engage in more than 5 pipelines. Nodes required: 3 Found: 0, healthy nodes count inNodeManager: 5.
	at org.apache.hadoop.hdds.scm.pipeline.PipelinePlacementPolicy.filterViableNodes(PipelinePlacementPolicy.java:149)
	at org.apache.hadoop.hdds.scm.pipeline.PipelinePlacementPolicy.chooseDatanodes(PipelinePlacementPolicy.java:172)
	at org.apache.hadoop.hdds.scm.pipeline.RatisPipelineProvider.create(RatisPipelineProvider.java:93)
	at org.apache.hadoop.hdds.scm.pipeline.PipelineFactory.create(PipelineFactory.java:58)
	at org.apache.hadoop.hdds.scm.pipeline.SCMPipelineManager.createPipeline(SCMPipelineManager.java:155)
	at org.apache.hadoop.hdds.scm.block.BlockManagerImpl.allocateBlock(BlockManagerImpl.java:190)
	at org.apache.hadoop.hdds.scm.server.SCMBlockProtocolServer.allocateBlock(SCMBlockProtocolServer.java:182)
	at org.apache.hadoop.ozone.protocolPB.ScmBlockLocationProtocolServerSideTranslatorPB.allocateScmBlock(ScmBlockLocationProtocolServerSideTranslatorPB.java:183)
	at org.apache.hadoop.ozone.protocolPB.ScmBlockLocationProtocolServerSideTranslatorPB.processMessage(ScmBlockLocationProtocolServerSideTranslatorPB.java:141)
	at org.apache.hadoop.ozone.protocolPB.ScmBlockLocationProtocolServerSideTranslatorPB.send(ScmBlockLocationProtocolServerSideTranslatorPB.java:116)
	at org.apache.hadoop.hdds.protocol.proto.ScmBlockLocationProtocolProtos$ScmBlockLocationProtocolService$2.callBlockingMethod(ScmBlockLocationProtocolProtos.java:13157)
	at org.apache.hadoop.ipc.ProtobufRpcEngine$Server$ProtoBufRpcInvoker.call(ProtobufRpcEngine.java:524)
	at org.apache.hadoop.ipc.RPC$Server.call(RPC.java:1025)
	at org.apache.hadoop.ipc.Server$RpcCall.run(Server.java:876)
	at org.apache.hadoop.ipc.Server$RpcCall.run(Server.java:822)
	at java.security.AccessController.doPrivileged(Native Method)
	at javax.security.auth.Subject.doAs(Subject.java:422)
	at org.apache.hadoop.security.UserGroupInformation.doAs(UserGroupInformation.java:1730)
	at org.apache.hadoop.ipc.Server$Handler.run(Server.java:2682)
2019-09-26 10:59:38,258 [IPC Server handler 0 on 40095] WARN  block.BlockManagerImpl (BlockManagerImpl.java:allocateBlock(192)) - Pipeline creation failed for type:RATIS factor:THREE. Retrying get pipelines call once.
org.apache.hadoop.hdds.scm.exceptions.SCMException: Unable to find enough nodes that meet the criteria that cannot engage in more than 5 pipelines. Nodes required: 3 Found: 0, healthy nodes count inNodeManager: 5.
	at org.apache.hadoop.hdds.scm.pipeline.PipelinePlacementPolicy.filterViableNodes(PipelinePlacementPolicy.java:149)
	at org.apache.hadoop.hdds.scm.pipeline.PipelinePlacementPolicy.chooseDatanodes(PipelinePlacementPolicy.java:172)
	at org.apache.hadoop.hdds.scm.pipeline.RatisPipelineProvider.create(RatisPipelineProvider.java:93)
	at org.apache.hadoop.hdds.scm.pipeline.PipelineFactory.create(PipelineFactory.java:58)
	at org.apache.hadoop.hdds.scm.pipeline.SCMPipelineManager.createPipeline(SCMPipelineManager.java:155)
	at org.apache.hadoop.hdds.scm.block.BlockManagerImpl.allocateBlock(BlockManagerImpl.java:190)
	at org.apache.hadoop.hdds.scm.server.SCMBlockProtocolServer.allocateBlock(SCMBlockProtocolServer.java:182)
	at org.apache.hadoop.ozone.protocolPB.ScmBlockLocationProtocolServerSideTranslatorPB.allocateScmBlock(ScmBlockLocationProtocolServerSideTranslatorPB.java:183)
	at org.apache.hadoop.ozone.protocolPB.ScmBlockLocationProtocolServerSideTranslatorPB.processMessage(ScmBlockLocationProtocolServerSideTranslatorPB.java:141)
	at org.apache.hadoop.ozone.protocolPB.ScmBlockLocationProtocolServerSideTranslatorPB.send(ScmBlockLocationProtocolServerSideTranslatorPB.java:116)
	at org.apache.hadoop.hdds.protocol.proto.ScmBlockLocationProtocolProtos$ScmBlockLocationProtocolService$2.callBlockingMethod(ScmBlockLocationProtocolProtos.java:13157)
	at org.apache.hadoop.ipc.ProtobufRpcEngine$Server$ProtoBufRpcInvoker.call(ProtobufRpcEngine.java:524)
	at org.apache.hadoop.ipc.RPC$Server.call(RPC.java:1025)
	at org.apache.hadoop.ipc.Server$RpcCall.run(Server.java:876)
	at org.apache.hadoop.ipc.Server$RpcCall.run(Server.java:822)
	at java.security.AccessController.doPrivileged(Native Method)
	at javax.security.auth.Subject.doAs(Subject.java:422)
	at org.apache.hadoop.security.UserGroupInformation.doAs(UserGroupInformation.java:1730)
	at org.apache.hadoop.ipc.Server$Handler.run(Server.java:2682)
2019-09-26 10:59:38,258 [IPC Server handler 15 on 40095] INFO  pipeline.PipelinePlacementPolicy (PipelinePlacementPolicy.java:meetCriteria(91)) - Pipeline Placement: can't place more pipeline on heavy datanode： c38bca17-ec4a-4641-8fc4-32bb8247f11f Heaviness: 6 limit: 5
2019-09-26 10:59:38,258 [IPC Server handler 15 on 40095] INFO  pipeline.PipelinePlacementPolicy (PipelinePlacementPolicy.java:meetCriteria(91)) - Pipeline Placement: can't place more pipeline on heavy datanode： c1a9f1dd-6c0d-41cb-a4f1-f4597ac7f27c Heaviness: 6 limit: 5
2019-09-26 10:59:38,258 [IPC Server handler 15 on 40095] INFO  pipeline.PipelinePlacementPolicy (PipelinePlacementPolicy.java:meetCriteria(91)) - Pipeline Placement: can't place more pipeline on heavy datanode： 91fb8321-54d9-4a64-90be-ab1c2b6fea7b Heaviness: 6 limit: 5
2019-09-26 10:59:38,258 [IPC Server handler 15 on 40095] INFO  pipeline.PipelinePlacementPolicy (PipelinePlacementPolicy.java:meetCriteria(91)) - Pipeline Placement: can't place more pipeline on heavy datanode： cf629036-ace7-4ca9-94d6-fc8cc18310da Heaviness: 6 limit: 5
2019-09-26 10:59:38,259 [IPC Server handler 15 on 40095] INFO  pipeline.PipelinePlacementPolicy (PipelinePlacementPolicy.java:meetCriteria(91)) - Pipeline Placement: can't place more pipeline on heavy datanode： 2e8c5f4f-ba99-49b1-bcd5-57d537838a55 Heaviness: 6 limit: 5
2019-09-26 10:59:38,259 [IPC Server handler 15 on 40095] ERROR pipeline.PipelinePlacementPolicy (PipelinePlacementPolicy.java:filterViableNodes(148)) - Unable to find enough nodes that meet the criteria that cannot engage in more than 5 pipelines. Nodes required: 3 Found: 0, healthy nodes count inNodeManager: 5.
2019-09-26 10:59:38,259 [IPC Server handler 15 on 40095] ERROR pipeline.SCMPipelineManager (SCMPipelineManager.java:createPipeline(167)) - Pipeline creation failed.
org.apache.hadoop.hdds.scm.exceptions.SCMException: Unable to find enough nodes that meet the criteria that cannot engage in more than 5 pipelines. Nodes required: 3 Found: 0, healthy nodes count inNodeManager: 5.
	at org.apache.hadoop.hdds.scm.pipeline.PipelinePlacementPolicy.filterViableNodes(PipelinePlacementPolicy.java:149)
	at org.apache.hadoop.hdds.scm.pipeline.PipelinePlacementPolicy.chooseDatanodes(PipelinePlacementPolicy.java:172)
	at org.apache.hadoop.hdds.scm.pipeline.RatisPipelineProvider.create(RatisPipelineProvider.java:93)
	at org.apache.hadoop.hdds.scm.pipeline.PipelineFactory.create(PipelineFactory.java:58)
	at org.apache.hadoop.hdds.scm.pipeline.SCMPipelineManager.createPipeline(SCMPipelineManager.java:155)
	at org.apache.hadoop.hdds.scm.block.BlockManagerImpl.allocateBlock(BlockManagerImpl.java:190)
	at org.apache.hadoop.hdds.scm.server.SCMBlockProtocolServer.allocateBlock(SCMBlockProtocolServer.java:182)
	at org.apache.hadoop.ozone.protocolPB.ScmBlockLocationProtocolServerSideTranslatorPB.allocateScmBlock(ScmBlockLocationProtocolServerSideTranslatorPB.java:183)
	at org.apache.hadoop.ozone.protocolPB.ScmBlockLocationProtocolServerSideTranslatorPB.processMessage(ScmBlockLocationProtocolServerSideTranslatorPB.java:141)
	at org.apache.hadoop.ozone.protocolPB.ScmBlockLocationProtocolServerSideTranslatorPB.send(ScmBlockLocationProtocolServerSideTranslatorPB.java:116)
	at org.apache.hadoop.hdds.protocol.proto.ScmBlockLocationProtocolProtos$ScmBlockLocationProtocolService$2.callBlockingMethod(ScmBlockLocationProtocolProtos.java:13157)
	at org.apache.hadoop.ipc.ProtobufRpcEngine$Server$ProtoBufRpcInvoker.call(ProtobufRpcEngine.java:524)
	at org.apache.hadoop.ipc.RPC$Server.call(RPC.java:1025)
	at org.apache.hadoop.ipc.Server$RpcCall.run(Server.java:876)
	at org.apache.hadoop.ipc.Server$RpcCall.run(Server.java:822)
	at java.security.AccessController.doPrivileged(Native Method)
	at javax.security.auth.Subject.doAs(Subject.java:422)
	at org.apache.hadoop.security.UserGroupInformation.doAs(UserGroupInformation.java:1730)
	at org.apache.hadoop.ipc.Server$Handler.run(Server.java:2682)
2019-09-26 10:59:38,261 [IPC Server handler 15 on 40095] WARN  block.BlockManagerImpl (BlockManagerImpl.java:allocateBlock(192)) - Pipeline creation failed for type:RATIS factor:THREE. Retrying get pipelines call once.
org.apache.hadoop.hdds.scm.exceptions.SCMException: Unable to find enough nodes that meet the criteria that cannot engage in more than 5 pipelines. Nodes required: 3 Found: 0, healthy nodes count inNodeManager: 5.
	at org.apache.hadoop.hdds.scm.pipeline.PipelinePlacementPolicy.filterViableNodes(PipelinePlacementPolicy.java:149)
	at org.apache.hadoop.hdds.scm.pipeline.PipelinePlacementPolicy.chooseDatanodes(PipelinePlacementPolicy.java:172)
	at org.apache.hadoop.hdds.scm.pipeline.RatisPipelineProvider.create(RatisPipelineProvider.java:93)
	at org.apache.hadoop.hdds.scm.pipeline.PipelineFactory.create(PipelineFactory.java:58)
	at org.apache.hadoop.hdds.scm.pipeline.SCMPipelineManager.createPipeline(SCMPipelineManager.java:155)
	at org.apache.hadoop.hdds.scm.block.BlockManagerImpl.allocateBlock(BlockManagerImpl.java:190)
	at org.apache.hadoop.hdds.scm.server.SCMBlockProtocolServer.allocateBlock(SCMBlockProtocolServer.java:182)
	at org.apache.hadoop.ozone.protocolPB.ScmBlockLocationProtocolServerSideTranslatorPB.allocateScmBlock(ScmBlockLocationProtocolServerSideTranslatorPB.java:183)
	at org.apache.hadoop.ozone.protocolPB.ScmBlockLocationProtocolServerSideTranslatorPB.processMessage(ScmBlockLocationProtocolServerSideTranslatorPB.java:141)
	at org.apache.hadoop.ozone.protocolPB.ScmBlockLocationProtocolServerSideTranslatorPB.send(ScmBlockLocationProtocolServerSideTranslatorPB.java:116)
	at org.apache.hadoop.hdds.protocol.proto.ScmBlockLocationProtocolProtos$ScmBlockLocationProtocolService$2.callBlockingMethod(ScmBlockLocationProtocolProtos.java:13157)
	at org.apache.hadoop.ipc.ProtobufRpcEngine$Server$ProtoBufRpcInvoker.call(ProtobufRpcEngine.java:524)
	at org.apache.hadoop.ipc.RPC$Server.call(RPC.java:1025)
	at org.apache.hadoop.ipc.Server$RpcCall.run(Server.java:876)
	at org.apache.hadoop.ipc.Server$RpcCall.run(Server.java:822)
	at java.security.AccessController.doPrivileged(Native Method)
	at javax.security.auth.Subject.doAs(Subject.java:422)
	at org.apache.hadoop.security.UserGroupInformation.doAs(UserGroupInformation.java:1730)
	at org.apache.hadoop.ipc.Server$Handler.run(Server.java:2682)
2019-09-26 10:59:38,261 [IPC Server handler 14 on 40095] INFO  pipeline.PipelinePlacementPolicy (PipelinePlacementPolicy.java:meetCriteria(91)) - Pipeline Placement: can't place more pipeline on heavy datanode： c38bca17-ec4a-4641-8fc4-32bb8247f11f Heaviness: 6 limit: 5
2019-09-26 10:59:38,262 [IPC Server handler 14 on 40095] INFO  pipeline.PipelinePlacementPolicy (PipelinePlacementPolicy.java:meetCriteria(91)) - Pipeline Placement: can't place more pipeline on heavy datanode： c1a9f1dd-6c0d-41cb-a4f1-f4597ac7f27c Heaviness: 6 limit: 5
2019-09-26 10:59:38,262 [IPC Server handler 14 on 40095] INFO  pipeline.PipelinePlacementPolicy (PipelinePlacementPolicy.java:meetCriteria(91)) - Pipeline Placement: can't place more pipeline on heavy datanode： 91fb8321-54d9-4a64-90be-ab1c2b6fea7b Heaviness: 6 limit: 5
2019-09-26 10:59:38,262 [IPC Server handler 14 on 40095] INFO  pipeline.PipelinePlacementPolicy (PipelinePlacementPolicy.java:meetCriteria(91)) - Pipeline Placement: can't place more pipeline on heavy datanode： cf629036-ace7-4ca9-94d6-fc8cc18310da Heaviness: 6 limit: 5
2019-09-26 10:59:38,262 [IPC Server handler 14 on 40095] INFO  pipeline.PipelinePlacementPolicy (PipelinePlacementPolicy.java:meetCriteria(91)) - Pipeline Placement: can't place more pipeline on heavy datanode： 2e8c5f4f-ba99-49b1-bcd5-57d537838a55 Heaviness: 6 limit: 5
2019-09-26 10:59:38,262 [IPC Server handler 14 on 40095] ERROR pipeline.PipelinePlacementPolicy (PipelinePlacementPolicy.java:filterViableNodes(148)) - Unable to find enough nodes that meet the criteria that cannot engage in more than 5 pipelines. Nodes required: 3 Found: 0, healthy nodes count inNodeManager: 5.
2019-09-26 10:59:38,262 [IPC Server handler 14 on 40095] ERROR pipeline.SCMPipelineManager (SCMPipelineManager.java:createPipeline(167)) - Pipeline creation failed.
org.apache.hadoop.hdds.scm.exceptions.SCMException: Unable to find enough nodes that meet the criteria that cannot engage in more than 5 pipelines. Nodes required: 3 Found: 0, healthy nodes count inNodeManager: 5.
	at org.apache.hadoop.hdds.scm.pipeline.PipelinePlacementPolicy.filterViableNodes(PipelinePlacementPolicy.java:149)
	at org.apache.hadoop.hdds.scm.pipeline.PipelinePlacementPolicy.chooseDatanodes(PipelinePlacementPolicy.java:172)
	at org.apache.hadoop.hdds.scm.pipeline.RatisPipelineProvider.create(RatisPipelineProvider.java:93)
	at org.apache.hadoop.hdds.scm.pipeline.PipelineFactory.create(PipelineFactory.java:58)
	at org.apache.hadoop.hdds.scm.pipeline.SCMPipelineManager.createPipeline(SCMPipelineManager.java:155)
	at org.apache.hadoop.hdds.scm.block.BlockManagerImpl.allocateBlock(BlockManagerImpl.java:190)
	at org.apache.hadoop.hdds.scm.server.SCMBlockProtocolServer.allocateBlock(SCMBlockProtocolServer.java:182)
	at org.apache.hadoop.ozone.protocolPB.ScmBlockLocationProtocolServerSideTranslatorPB.allocateScmBlock(ScmBlockLocationProtocolServerSideTranslatorPB.java:183)
	at org.apache.hadoop.ozone.protocolPB.ScmBlockLocationProtocolServerSideTranslatorPB.processMessage(ScmBlockLocationProtocolServerSideTranslatorPB.java:141)
	at org.apache.hadoop.ozone.protocolPB.ScmBlockLocationProtocolServerSideTranslatorPB.send(ScmBlockLocationProtocolServerSideTranslatorPB.java:116)
	at org.apache.hadoop.hdds.protocol.proto.ScmBlockLocationProtocolProtos$ScmBlockLocationProtocolService$2.callBlockingMethod(ScmBlockLocationProtocolProtos.java:13157)
	at org.apache.hadoop.ipc.ProtobufRpcEngine$Server$ProtoBufRpcInvoker.call(ProtobufRpcEngine.java:524)
	at org.apache.hadoop.ipc.RPC$Server.call(RPC.java:1025)
	at org.apache.hadoop.ipc.Server$RpcCall.run(Server.java:876)
	at org.apache.hadoop.ipc.Server$RpcCall.run(Server.java:822)
	at java.security.AccessController.doPrivileged(Native Method)
	at javax.security.auth.Subject.doAs(Subject.java:422)
	at org.apache.hadoop.security.UserGroupInformation.doAs(UserGroupInformation.java:1730)
	at org.apache.hadoop.ipc.Server$Handler.run(Server.java:2682)
2019-09-26 10:59:38,263 [IPC Server handler 14 on 40095] WARN  block.BlockManagerImpl (BlockManagerImpl.java:allocateBlock(192)) - Pipeline creation failed for type:RATIS factor:THREE. Retrying get pipelines call once.
org.apache.hadoop.hdds.scm.exceptions.SCMException: Unable to find enough nodes that meet the criteria that cannot engage in more than 5 pipelines. Nodes required: 3 Found: 0, healthy nodes count inNodeManager: 5.
	at org.apache.hadoop.hdds.scm.pipeline.PipelinePlacementPolicy.filterViableNodes(PipelinePlacementPolicy.java:149)
	at org.apache.hadoop.hdds.scm.pipeline.PipelinePlacementPolicy.chooseDatanodes(PipelinePlacementPolicy.java:172)
	at org.apache.hadoop.hdds.scm.pipeline.RatisPipelineProvider.create(RatisPipelineProvider.java:93)
	at org.apache.hadoop.hdds.scm.pipeline.PipelineFactory.create(PipelineFactory.java:58)
	at org.apache.hadoop.hdds.scm.pipeline.SCMPipelineManager.createPipeline(SCMPipelineManager.java:155)
	at org.apache.hadoop.hdds.scm.block.BlockManagerImpl.allocateBlock(BlockManagerImpl.java:190)
	at org.apache.hadoop.hdds.scm.server.SCMBlockProtocolServer.allocateBlock(SCMBlockProtocolServer.java:182)
	at org.apache.hadoop.ozone.protocolPB.ScmBlockLocationProtocolServerSideTranslatorPB.allocateScmBlock(ScmBlockLocationProtocolServerSideTranslatorPB.java:183)
	at org.apache.hadoop.ozone.protocolPB.ScmBlockLocationProtocolServerSideTranslatorPB.processMessage(ScmBlockLocationProtocolServerSideTranslatorPB.java:141)
	at org.apache.hadoop.ozone.protocolPB.ScmBlockLocationProtocolServerSideTranslatorPB.send(ScmBlockLocationProtocolServerSideTranslatorPB.java:116)
	at org.apache.hadoop.hdds.protocol.proto.ScmBlockLocationProtocolProtos$ScmBlockLocationProtocolService$2.callBlockingMethod(ScmBlockLocationProtocolProtos.java:13157)
	at org.apache.hadoop.ipc.ProtobufRpcEngine$Server$ProtoBufRpcInvoker.call(ProtobufRpcEngine.java:524)
	at org.apache.hadoop.ipc.RPC$Server.call(RPC.java:1025)
	at org.apache.hadoop.ipc.Server$RpcCall.run(Server.java:876)
	at org.apache.hadoop.ipc.Server$RpcCall.run(Server.java:822)
	at java.security.AccessController.doPrivileged(Native Method)
	at javax.security.auth.Subject.doAs(Subject.java:422)
	at org.apache.hadoop.security.UserGroupInformation.doAs(UserGroupInformation.java:1730)
	at org.apache.hadoop.ipc.Server$Handler.run(Server.java:2682)
2019-09-26 10:59:38,263 [IPC Server handler 15 on 40095] INFO  block.BlockManagerImpl (BlockManagerImpl.java:allocateBlock(198)) - Could not find available pipeline of type:RATIS and factor:THREE even after retrying
2019-09-26 10:59:38,263 [IPC Server handler 15 on 40095] ERROR block.BlockManagerImpl (BlockManagerImpl.java:allocateBlock(222)) - Unable to allocate a block for the size: 4194304, type: RATIS, factor: THREE
2019-09-26 10:59:38,263 [IPC Server handler 0 on 40095] INFO  block.BlockManagerImpl (BlockManagerImpl.java:allocateBlock(198)) - Could not find available pipeline of type:RATIS and factor:THREE even after retrying
2019-09-26 10:59:38,265 [IPC Server handler 0 on 40095] ERROR block.BlockManagerImpl (BlockManagerImpl.java:allocateBlock(222)) - Unable to allocate a block for the size: 4194304, type: RATIS, factor: THREE
2019-09-26 10:59:38,263 [IPC Server handler 9 on 40095] INFO  pipeline.PipelinePlacementPolicy (PipelinePlacementPolicy.java:meetCriteria(91)) - Pipeline Placement: can't place more pipeline on heavy datanode： c38bca17-ec4a-4641-8fc4-32bb8247f11f Heaviness: 6 limit: 5
2019-09-26 10:59:38,267 [IPC Server handler 9 on 40095] INFO  pipeline.PipelinePlacementPolicy (PipelinePlacementPolicy.java:meetCriteria(91)) - Pipeline Placement: can't place more pipeline on heavy datanode： c1a9f1dd-6c0d-41cb-a4f1-f4597ac7f27c Heaviness: 6 limit: 5
2019-09-26 10:59:38,268 [IPC Server handler 9 on 40095] INFO  pipeline.PipelinePlacementPolicy (PipelinePlacementPolicy.java:meetCriteria(91)) - Pipeline Placement: can't place more pipeline on heavy datanode： 91fb8321-54d9-4a64-90be-ab1c2b6fea7b Heaviness: 6 limit: 5
2019-09-26 10:59:38,268 [pool-75-thread-5] ERROR freon.RandomKeyGenerator (RandomKeyGenerator.java:createKey(733)) - Exception while adding key: key-0-78063 in bucket: bucket-1-07865 of volume: vol-0-37149.
INTERNAL_ERROR org.apache.hadoop.ozone.om.exceptions.OMException: Allocated 0 blocks. Requested 1 blocks
	at org.apache.hadoop.ozone.om.protocolPB.OzoneManagerProtocolClientSideTranslatorPB.handleError(OzoneManagerProtocolClientSideTranslatorPB.java:732)
	at org.apache.hadoop.ozone.om.protocolPB.OzoneManagerProtocolClientSideTranslatorPB.openKey(OzoneManagerProtocolClientSideTranslatorPB.java:723)
	at sun.reflect.NativeMethodAccessorImpl.invoke0(Native Method)
	at sun.reflect.NativeMethodAccessorImpl.invoke(NativeMethodAccessorImpl.java:62)
	at sun.reflect.DelegatingMethodAccessorImpl.invoke(DelegatingMethodAccessorImpl.java:43)
	at java.lang.reflect.Method.invoke(Method.java:498)
	at org.apache.hadoop.hdds.tracing.TraceAllMethod.invoke(TraceAllMethod.java:66)
	at com.sun.proxy.$Proxy37.openKey(Unknown Source)
	at org.apache.hadoop.ozone.client.rpc.RpcClient.createKey(RpcClient.java:614)
	at org.apache.hadoop.ozone.client.OzoneBucket.createKey(OzoneBucket.java:325)
	at org.apache.hadoop.ozone.freon.RandomKeyGenerator.createKey(RandomKeyGenerator.java:695)
	at org.apache.hadoop.ozone.freon.RandomKeyGenerator.access$1100(RandomKeyGenerator.java:88)
	at org.apache.hadoop.ozone.freon.RandomKeyGenerator$ObjectCreator.run(RandomKeyGenerator.java:615)
	at java.util.concurrent.Executors$RunnableAdapter.call(Executors.java:511)
	at java.util.concurrent.FutureTask.run(FutureTask.java:266)
	at java.util.concurrent.ThreadPoolExecutor.runWorker(ThreadPoolExecutor.java:1149)
	at java.util.concurrent.ThreadPoolExecutor$Worker.run(ThreadPoolExecutor.java:624)
	at java.lang.Thread.run(Thread.java:748)
2019-09-26 10:59:38,268 [pool-75-thread-8] ERROR freon.RandomKeyGenerator (RandomKeyGenerator.java:createKey(733)) - Exception while adding key: key-0-26178 in bucket: bucket-2-51430 of volume: vol-1-15971.
INTERNAL_ERROR org.apache.hadoop.ozone.om.exceptions.OMException: Allocated 0 blocks. Requested 1 blocks
	at org.apache.hadoop.ozone.om.protocolPB.OzoneManagerProtocolClientSideTranslatorPB.handleError(OzoneManagerProtocolClientSideTranslatorPB.java:732)
	at org.apache.hadoop.ozone.om.protocolPB.OzoneManagerProtocolClientSideTranslatorPB.openKey(OzoneManagerProtocolClientSideTranslatorPB.java:723)
	at sun.reflect.NativeMethodAccessorImpl.invoke0(Native Method)
	at sun.reflect.NativeMethodAccessorImpl.invoke(NativeMethodAccessorImpl.java:62)
	at sun.reflect.DelegatingMethodAccessorImpl.invoke(DelegatingMethodAccessorImpl.java:43)
	at java.lang.reflect.Method.invoke(Method.java:498)
	at org.apache.hadoop.hdds.tracing.TraceAllMethod.invoke(TraceAllMethod.java:66)
	at com.sun.proxy.$Proxy37.openKey(Unknown Source)
	at org.apache.hadoop.ozone.client.rpc.RpcClient.createKey(RpcClient.java:614)
	at org.apache.hadoop.ozone.client.OzoneBucket.createKey(OzoneBucket.java:325)
	at org.apache.hadoop.ozone.freon.RandomKeyGenerator.createKey(RandomKeyGenerator.java:695)
	at org.apache.hadoop.ozone.freon.RandomKeyGenerator.access$1100(RandomKeyGenerator.java:88)
	at org.apache.hadoop.ozone.freon.RandomKeyGenerator$ObjectCreator.run(RandomKeyGenerator.java:615)
	at java.util.concurrent.Executors$RunnableAdapter.call(Executors.java:511)
	at java.util.concurrent.FutureTask.run(FutureTask.java:266)
	at java.util.concurrent.ThreadPoolExecutor.runWorker(ThreadPoolExecutor.java:1149)
	at java.util.concurrent.ThreadPoolExecutor$Worker.run(ThreadPoolExecutor.java:624)
	at java.lang.Thread.run(Thread.java:748)
2019-09-26 10:59:38,268 [IPC Server handler 9 on 40095] INFO  pipeline.PipelinePlacementPolicy (PipelinePlacementPolicy.java:meetCriteria(91)) - Pipeline Placement: can't place more pipeline on heavy datanode： cf629036-ace7-4ca9-94d6-fc8cc18310da Heaviness: 6 limit: 5
2019-09-26 10:59:38,270 [IPC Server handler 9 on 40095] INFO  pipeline.PipelinePlacementPolicy (PipelinePlacementPolicy.java:meetCriteria(91)) - Pipeline Placement: can't place more pipeline on heavy datanode： 2e8c5f4f-ba99-49b1-bcd5-57d537838a55 Heaviness: 6 limit: 5
2019-09-26 10:59:38,271 [IPC Server handler 9 on 40095] ERROR pipeline.PipelinePlacementPolicy (PipelinePlacementPolicy.java:filterViableNodes(148)) - Unable to find enough nodes that meet the criteria that cannot engage in more than 5 pipelines. Nodes required: 3 Found: 0, healthy nodes count inNodeManager: 5.
2019-09-26 10:59:38,271 [IPC Server handler 9 on 40095] ERROR pipeline.SCMPipelineManager (SCMPipelineManager.java:createPipeline(167)) - Pipeline creation failed.
org.apache.hadoop.hdds.scm.exceptions.SCMException: Unable to find enough nodes that meet the criteria that cannot engage in more than 5 pipelines. Nodes required: 3 Found: 0, healthy nodes count inNodeManager: 5.
	at org.apache.hadoop.hdds.scm.pipeline.PipelinePlacementPolicy.filterViableNodes(PipelinePlacementPolicy.java:149)
	at org.apache.hadoop.hdds.scm.pipeline.PipelinePlacementPolicy.chooseDatanodes(PipelinePlacementPolicy.java:172)
	at org.apache.hadoop.hdds.scm.pipeline.RatisPipelineProvider.create(RatisPipelineProvider.java:93)
	at org.apache.hadoop.hdds.scm.pipeline.PipelineFactory.create(PipelineFactory.java:58)
	at org.apache.hadoop.hdds.scm.pipeline.SCMPipelineManager.createPipeline(SCMPipelineManager.java:155)
	at org.apache.hadoop.hdds.scm.block.BlockManagerImpl.allocateBlock(BlockManagerImpl.java:190)
	at org.apache.hadoop.hdds.scm.server.SCMBlockProtocolServer.allocateBlock(SCMBlockProtocolServer.java:182)
	at org.apache.hadoop.ozone.protocolPB.ScmBlockLocationProtocolServerSideTranslatorPB.allocateScmBlock(ScmBlockLocationProtocolServerSideTranslatorPB.java:183)
	at org.apache.hadoop.ozone.protocolPB.ScmBlockLocationProtocolServerSideTranslatorPB.processMessage(ScmBlockLocationProtocolServerSideTranslatorPB.java:141)
	at org.apache.hadoop.ozone.protocolPB.ScmBlockLocationProtocolServerSideTranslatorPB.send(ScmBlockLocationProtocolServerSideTranslatorPB.java:116)
	at org.apache.hadoop.hdds.protocol.proto.ScmBlockLocationProtocolProtos$ScmBlockLocationProtocolService$2.callBlockingMethod(ScmBlockLocationProtocolProtos.java:13157)
	at org.apache.hadoop.ipc.ProtobufRpcEngine$Server$ProtoBufRpcInvoker.call(ProtobufRpcEngine.java:524)
	at org.apache.hadoop.ipc.RPC$Server.call(RPC.java:1025)
	at org.apache.hadoop.ipc.Server$RpcCall.run(Server.java:876)
	at org.apache.hadoop.ipc.Server$RpcCall.run(Server.java:822)
	at java.security.AccessController.doPrivileged(Native Method)
	at javax.security.auth.Subject.doAs(Subject.java:422)
	at org.apache.hadoop.security.UserGroupInformation.doAs(UserGroupInformation.java:1730)
	at org.apache.hadoop.ipc.Server$Handler.run(Server.java:2682)
2019-09-26 10:59:38,271 [IPC Server handler 9 on 40095] WARN  block.BlockManagerImpl (BlockManagerImpl.java:allocateBlock(192)) - Pipeline creation failed for type:RATIS factor:THREE. Retrying get pipelines call once.
org.apache.hadoop.hdds.scm.exceptions.SCMException: Unable to find enough nodes that meet the criteria that cannot engage in more than 5 pipelines. Nodes required: 3 Found: 0, healthy nodes count inNodeManager: 5.
	at org.apache.hadoop.hdds.scm.pipeline.PipelinePlacementPolicy.filterViableNodes(PipelinePlacementPolicy.java:149)
	at org.apache.hadoop.hdds.scm.pipeline.PipelinePlacementPolicy.chooseDatanodes(PipelinePlacementPolicy.java:172)
	at org.apache.hadoop.hdds.scm.pipeline.RatisPipelineProvider.create(RatisPipelineProvider.java:93)
	at org.apache.hadoop.hdds.scm.pipeline.PipelineFactory.create(PipelineFactory.java:58)
	at org.apache.hadoop.hdds.scm.pipeline.SCMPipelineManager.createPipeline(SCMPipelineManager.java:155)
	at org.apache.hadoop.hdds.scm.block.BlockManagerImpl.allocateBlock(BlockManagerImpl.java:190)
	at org.apache.hadoop.hdds.scm.server.SCMBlockProtocolServer.allocateBlock(SCMBlockProtocolServer.java:182)
	at org.apache.hadoop.ozone.protocolPB.ScmBlockLocationProtocolServerSideTranslatorPB.allocateScmBlock(ScmBlockLocationProtocolServerSideTranslatorPB.java:183)
	at org.apache.hadoop.ozone.protocolPB.ScmBlockLocationProtocolServerSideTranslatorPB.processMessage(ScmBlockLocationProtocolServerSideTranslatorPB.java:141)
	at org.apache.hadoop.ozone.protocolPB.ScmBlockLocationProtocolServerSideTranslatorPB.send(ScmBlockLocationProtocolServerSideTranslatorPB.java:116)
	at org.apache.hadoop.hdds.protocol.proto.ScmBlockLocationProtocolProtos$ScmBlockLocationProtocolService$2.callBlockingMethod(ScmBlockLocationProtocolProtos.java:13157)
	at org.apache.hadoop.ipc.ProtobufRpcEngine$Server$ProtoBufRpcInvoker.call(ProtobufRpcEngine.java:524)
	at org.apache.hadoop.ipc.RPC$Server.call(RPC.java:1025)
	at org.apache.hadoop.ipc.Server$RpcCall.run(Server.java:876)
	at org.apache.hadoop.ipc.Server$RpcCall.run(Server.java:822)
	at java.security.AccessController.doPrivileged(Native Method)
	at javax.security.auth.Subject.doAs(Subject.java:422)
	at org.apache.hadoop.security.UserGroupInformation.doAs(UserGroupInformation.java:1730)
	at org.apache.hadoop.ipc.Server$Handler.run(Server.java:2682)
2019-09-26 10:59:38,271 [IPC Server handler 13 on 40095] INFO  pipeline.PipelinePlacementPolicy (PipelinePlacementPolicy.java:meetCriteria(91)) - Pipeline Placement: can't place more pipeline on heavy datanode： c38bca17-ec4a-4641-8fc4-32bb8247f11f Heaviness: 6 limit: 5
2019-09-26 10:59:38,272 [IPC Server handler 13 on 40095] INFO  pipeline.PipelinePlacementPolicy (PipelinePlacementPolicy.java:meetCriteria(91)) - Pipeline Placement: can't place more pipeline on heavy datanode： c1a9f1dd-6c0d-41cb-a4f1-f4597ac7f27c Heaviness: 6 limit: 5
2019-09-26 10:59:38,272 [IPC Server handler 13 on 40095] INFO  pipeline.PipelinePlacementPolicy (PipelinePlacementPolicy.java:meetCriteria(91)) - Pipeline Placement: can't place more pipeline on heavy datanode： 91fb8321-54d9-4a64-90be-ab1c2b6fea7b Heaviness: 6 limit: 5
2019-09-26 10:59:38,272 [IPC Server handler 13 on 40095] INFO  pipeline.PipelinePlacementPolicy (PipelinePlacementPolicy.java:meetCriteria(91)) - Pipeline Placement: can't place more pipeline on heavy datanode： cf629036-ace7-4ca9-94d6-fc8cc18310da Heaviness: 6 limit: 5
2019-09-26 10:59:38,272 [IPC Server handler 13 on 40095] INFO  pipeline.PipelinePlacementPolicy (PipelinePlacementPolicy.java:meetCriteria(91)) - Pipeline Placement: can't place more pipeline on heavy datanode： 2e8c5f4f-ba99-49b1-bcd5-57d537838a55 Heaviness: 6 limit: 5
2019-09-26 10:59:38,272 [IPC Server handler 13 on 40095] ERROR pipeline.PipelinePlacementPolicy (PipelinePlacementPolicy.java:filterViableNodes(148)) - Unable to find enough nodes that meet the criteria that cannot engage in more than 5 pipelines. Nodes required: 3 Found: 0, healthy nodes count inNodeManager: 5.
2019-09-26 10:59:38,272 [IPC Server handler 13 on 40095] ERROR pipeline.SCMPipelineManager (SCMPipelineManager.java:createPipeline(167)) - Pipeline creation failed.
org.apache.hadoop.hdds.scm.exceptions.SCMException: Unable to find enough nodes that meet the criteria that cannot engage in more than 5 pipelines. Nodes required: 3 Found: 0, healthy nodes count inNodeManager: 5.
	at org.apache.hadoop.hdds.scm.pipeline.PipelinePlacementPolicy.filterViableNodes(PipelinePlacementPolicy.java:149)
	at org.apache.hadoop.hdds.scm.pipeline.PipelinePlacementPolicy.chooseDatanodes(PipelinePlacementPolicy.java:172)
	at org.apache.hadoop.hdds.scm.pipeline.RatisPipelineProvider.create(RatisPipelineProvider.java:93)
	at org.apache.hadoop.hdds.scm.pipeline.PipelineFactory.create(PipelineFactory.java:58)
	at org.apache.hadoop.hdds.scm.pipeline.SCMPipelineManager.createPipeline(SCMPipelineManager.java:155)
	at org.apache.hadoop.hdds.scm.block.BlockManagerImpl.allocateBlock(BlockManagerImpl.java:190)
	at org.apache.hadoop.hdds.scm.server.SCMBlockProtocolServer.allocateBlock(SCMBlockProtocolServer.java:182)
	at org.apache.hadoop.ozone.protocolPB.ScmBlockLocationProtocolServerSideTranslatorPB.allocateScmBlock(ScmBlockLocationProtocolServerSideTranslatorPB.java:183)
	at org.apache.hadoop.ozone.protocolPB.ScmBlockLocationProtocolServerSideTranslatorPB.processMessage(ScmBlockLocationProtocolServerSideTranslatorPB.java:141)
	at org.apache.hadoop.ozone.protocolPB.ScmBlockLocationProtocolServerSideTranslatorPB.send(ScmBlockLocationProtocolServerSideTranslatorPB.java:116)
	at org.apache.hadoop.hdds.protocol.proto.ScmBlockLocationProtocolProtos$ScmBlockLocationProtocolService$2.callBlockingMethod(ScmBlockLocationProtocolProtos.java:13157)
	at org.apache.hadoop.ipc.ProtobufRpcEngine$Server$ProtoBufRpcInvoker.call(ProtobufRpcEngine.java:524)
	at org.apache.hadoop.ipc.RPC$Server.call(RPC.java:1025)
	at org.apache.hadoop.ipc.Server$RpcCall.run(Server.java:876)
	at org.apache.hadoop.ipc.Server$RpcCall.run(Server.java:822)
	at java.security.AccessController.doPrivileged(Native Method)
	at javax.security.auth.Subject.doAs(Subject.java:422)
	at org.apache.hadoop.security.UserGroupInformation.doAs(UserGroupInformation.java:1730)
	at org.apache.hadoop.ipc.Server$Handler.run(Server.java:2682)
2019-09-26 10:59:38,275 [IPC Server handler 13 on 40095] WARN  block.BlockManagerImpl (BlockManagerImpl.java:allocateBlock(192)) - Pipeline creation failed for type:RATIS factor:THREE. Retrying get pipelines call once.
org.apache.hadoop.hdds.scm.exceptions.SCMException: Unable to find enough nodes that meet the criteria that cannot engage in more than 5 pipelines. Nodes required: 3 Found: 0, healthy nodes count inNodeManager: 5.
	at org.apache.hadoop.hdds.scm.pipeline.PipelinePlacementPolicy.filterViableNodes(PipelinePlacementPolicy.java:149)
	at org.apache.hadoop.hdds.scm.pipeline.PipelinePlacementPolicy.chooseDatanodes(PipelinePlacementPolicy.java:172)
	at org.apache.hadoop.hdds.scm.pipeline.RatisPipelineProvider.create(RatisPipelineProvider.java:93)
	at org.apache.hadoop.hdds.scm.pipeline.PipelineFactory.create(PipelineFactory.java:58)
	at org.apache.hadoop.hdds.scm.pipeline.SCMPipelineManager.createPipeline(SCMPipelineManager.java:155)
	at org.apache.hadoop.hdds.scm.block.BlockManagerImpl.allocateBlock(BlockManagerImpl.java:190)
	at org.apache.hadoop.hdds.scm.server.SCMBlockProtocolServer.allocateBlock(SCMBlockProtocolServer.java:182)
	at org.apache.hadoop.ozone.protocolPB.ScmBlockLocationProtocolServerSideTranslatorPB.allocateScmBlock(ScmBlockLocationProtocolServerSideTranslatorPB.java:183)
	at org.apache.hadoop.ozone.protocolPB.ScmBlockLocationProtocolServerSideTranslatorPB.processMessage(ScmBlockLocationProtocolServerSideTranslatorPB.java:141)
	at org.apache.hadoop.ozone.protocolPB.ScmBlockLocationProtocolServerSideTranslatorPB.send(ScmBlockLocationProtocolServerSideTranslatorPB.java:116)
	at org.apache.hadoop.hdds.protocol.proto.ScmBlockLocationProtocolProtos$ScmBlockLocationProtocolService$2.callBlockingMethod(ScmBlockLocationProtocolProtos.java:13157)
	at org.apache.hadoop.ipc.ProtobufRpcEngine$Server$ProtoBufRpcInvoker.call(ProtobufRpcEngine.java:524)
	at org.apache.hadoop.ipc.RPC$Server.call(RPC.java:1025)
	at org.apache.hadoop.ipc.Server$RpcCall.run(Server.java:876)
	at org.apache.hadoop.ipc.Server$RpcCall.run(Server.java:822)
	at java.security.AccessController.doPrivileged(Native Method)
	at javax.security.auth.Subject.doAs(Subject.java:422)
	at org.apache.hadoop.security.UserGroupInformation.doAs(UserGroupInformation.java:1730)
	at org.apache.hadoop.ipc.Server$Handler.run(Server.java:2682)
2019-09-26 10:59:38,275 [IPC Server handler 14 on 40095] INFO  block.BlockManagerImpl (BlockManagerImpl.java:allocateBlock(198)) - Could not find available pipeline of type:RATIS and factor:THREE even after retrying
2019-09-26 10:59:38,275 [IPC Server handler 9 on 40095] INFO  block.BlockManagerImpl (BlockManagerImpl.java:allocateBlock(198)) - Could not find available pipeline of type:RATIS and factor:THREE even after retrying
2019-09-26 10:59:38,275 [IPC Server handler 13 on 40095] INFO  block.BlockManagerImpl (BlockManagerImpl.java:allocateBlock(198)) - Could not find available pipeline of type:RATIS and factor:THREE even after retrying
2019-09-26 10:59:38,275 [IPC Server handler 13 on 40095] ERROR block.BlockManagerImpl (BlockManagerImpl.java:allocateBlock(222)) - Unable to allocate a block for the size: 4194304, type: RATIS, factor: THREE
2019-09-26 10:59:38,275 [IPC Server handler 9 on 40095] ERROR block.BlockManagerImpl (BlockManagerImpl.java:allocateBlock(222)) - Unable to allocate a block for the size: 4194304, type: RATIS, factor: THREE
2019-09-26 10:59:38,275 [IPC Server handler 3 on 40095] INFO  pipeline.PipelinePlacementPolicy (PipelinePlacementPolicy.java:meetCriteria(91)) - Pipeline Placement: can't place more pipeline on heavy datanode： c38bca17-ec4a-4641-8fc4-32bb8247f11f Heaviness: 6 limit: 5
2019-09-26 10:59:38,276 [IPC Server handler 3 on 40095] INFO  pipeline.PipelinePlacementPolicy (PipelinePlacementPolicy.java:meetCriteria(91)) - Pipeline Placement: can't place more pipeline on heavy datanode： c1a9f1dd-6c0d-41cb-a4f1-f4597ac7f27c Heaviness: 6 limit: 5
2019-09-26 10:59:38,275 [IPC Server handler 14 on 40095] ERROR block.BlockManagerImpl (BlockManagerImpl.java:allocateBlock(222)) - Unable to allocate a block for the size: 4194304, type: RATIS, factor: THREE
2019-09-26 10:59:38,276 [pool-75-thread-9] ERROR freon.RandomKeyGenerator (RandomKeyGenerator.java:createKey(733)) - Exception while adding key: key-0-69264 in bucket: bucket-3-11084 of volume: vol-0-37149.
INTERNAL_ERROR org.apache.hadoop.ozone.om.exceptions.OMException: Allocated 0 blocks. Requested 1 blocks
	at org.apache.hadoop.ozone.om.protocolPB.OzoneManagerProtocolClientSideTranslatorPB.handleError(OzoneManagerProtocolClientSideTranslatorPB.java:732)
	at org.apache.hadoop.ozone.om.protocolPB.OzoneManagerProtocolClientSideTranslatorPB.openKey(OzoneManagerProtocolClientSideTranslatorPB.java:723)
	at sun.reflect.NativeMethodAccessorImpl.invoke0(Native Method)
	at sun.reflect.NativeMethodAccessorImpl.invoke(NativeMethodAccessorImpl.java:62)
	at sun.reflect.DelegatingMethodAccessorImpl.invoke(DelegatingMethodAccessorImpl.java:43)
	at java.lang.reflect.Method.invoke(Method.java:498)
	at org.apache.hadoop.hdds.tracing.TraceAllMethod.invoke(TraceAllMethod.java:66)
	at com.sun.proxy.$Proxy37.openKey(Unknown Source)
	at org.apache.hadoop.ozone.client.rpc.RpcClient.createKey(RpcClient.java:614)
	at org.apache.hadoop.ozone.client.OzoneBucket.createKey(OzoneBucket.java:325)
	at org.apache.hadoop.ozone.freon.RandomKeyGenerator.createKey(RandomKeyGenerator.java:695)
	at org.apache.hadoop.ozone.freon.RandomKeyGenerator.access$1100(RandomKeyGenerator.java:88)
	at org.apache.hadoop.ozone.freon.RandomKeyGenerator$ObjectCreator.run(RandomKeyGenerator.java:615)
	at java.util.concurrent.Executors$RunnableAdapter.call(Executors.java:511)
	at java.util.concurrent.FutureTask.run(FutureTask.java:266)
	at java.util.concurrent.ThreadPoolExecutor.runWorker(ThreadPoolExecutor.java:1149)
	at java.util.concurrent.ThreadPoolExecutor$Worker.run(ThreadPoolExecutor.java:624)
	at java.lang.Thread.run(Thread.java:748)
2019-09-26 10:59:38,276 [IPC Server handler 3 on 40095] INFO  pipeline.PipelinePlacementPolicy (PipelinePlacementPolicy.java:meetCriteria(91)) - Pipeline Placement: can't place more pipeline on heavy datanode： 91fb8321-54d9-4a64-90be-ab1c2b6fea7b Heaviness: 6 limit: 5
2019-09-26 10:59:38,277 [pool-75-thread-1] ERROR freon.RandomKeyGenerator (RandomKeyGenerator.java:createKey(733)) - Exception while adding key: key-0-81658 in bucket: bucket-0-21880 of volume: vol-0-37149.
INTERNAL_ERROR org.apache.hadoop.ozone.om.exceptions.OMException: Allocated 0 blocks. Requested 1 blocks
	at org.apache.hadoop.ozone.om.protocolPB.OzoneManagerProtocolClientSideTranslatorPB.handleError(OzoneManagerProtocolClientSideTranslatorPB.java:732)
	at org.apache.hadoop.ozone.om.protocolPB.OzoneManagerProtocolClientSideTranslatorPB.openKey(OzoneManagerProtocolClientSideTranslatorPB.java:723)
	at sun.reflect.NativeMethodAccessorImpl.invoke0(Native Method)
	at sun.reflect.NativeMethodAccessorImpl.invoke(NativeMethodAccessorImpl.java:62)
	at sun.reflect.DelegatingMethodAccessorImpl.invoke(DelegatingMethodAccessorImpl.java:43)
	at java.lang.reflect.Method.invoke(Method.java:498)
	at org.apache.hadoop.hdds.tracing.TraceAllMethod.invoke(TraceAllMethod.java:66)
	at com.sun.proxy.$Proxy37.openKey(Unknown Source)
	at org.apache.hadoop.ozone.client.rpc.RpcClient.createKey(RpcClient.java:614)
	at org.apache.hadoop.ozone.client.OzoneBucket.createKey(OzoneBucket.java:325)
	at org.apache.hadoop.ozone.freon.RandomKeyGenerator.createKey(RandomKeyGenerator.java:695)
	at org.apache.hadoop.ozone.freon.RandomKeyGenerator.access$1100(RandomKeyGenerator.java:88)
	at org.apache.hadoop.ozone.freon.RandomKeyGenerator$ObjectCreator.run(RandomKeyGenerator.java:615)
	at java.util.concurrent.Executors$RunnableAdapter.call(Executors.java:511)
	at java.util.concurrent.FutureTask.run(FutureTask.java:266)
	at java.util.concurrent.ThreadPoolExecutor.runWorker(ThreadPoolExecutor.java:1149)
	at java.util.concurrent.ThreadPoolExecutor$Worker.run(ThreadPoolExecutor.java:624)
	at java.lang.Thread.run(Thread.java:748)
2019-09-26 10:59:38,277 [pool-75-thread-2] ERROR freon.RandomKeyGenerator (RandomKeyGenerator.java:createKey(733)) - Exception while adding key: key-0-02976 in bucket: bucket-2-47437 of volume: vol-0-37149.
INTERNAL_ERROR org.apache.hadoop.ozone.om.exceptions.OMException: Allocated 0 blocks. Requested 1 blocks
	at org.apache.hadoop.ozone.om.protocolPB.OzoneManagerProtocolClientSideTranslatorPB.handleError(OzoneManagerProtocolClientSideTranslatorPB.java:732)
	at org.apache.hadoop.ozone.om.protocolPB.OzoneManagerProtocolClientSideTranslatorPB.openKey(OzoneManagerProtocolClientSideTranslatorPB.java:723)
	at sun.reflect.NativeMethodAccessorImpl.invoke0(Native Method)
	at sun.reflect.NativeMethodAccessorImpl.invoke(NativeMethodAccessorImpl.java:62)
	at sun.reflect.DelegatingMethodAccessorImpl.invoke(DelegatingMethodAccessorImpl.java:43)
	at java.lang.reflect.Method.invoke(Method.java:498)
	at org.apache.hadoop.hdds.tracing.TraceAllMethod.invoke(TraceAllMethod.java:66)
	at com.sun.proxy.$Proxy37.openKey(Unknown Source)
	at org.apache.hadoop.ozone.client.rpc.RpcClient.createKey(RpcClient.java:614)
	at org.apache.hadoop.ozone.client.OzoneBucket.createKey(OzoneBucket.java:325)
	at org.apache.hadoop.ozone.freon.RandomKeyGenerator.createKey(RandomKeyGenerator.java:695)
	at org.apache.hadoop.ozone.freon.RandomKeyGenerator.access$1100(RandomKeyGenerator.java:88)
	at org.apache.hadoop.ozone.freon.RandomKeyGenerator$ObjectCreator.run(RandomKeyGenerator.java:615)
	at java.util.concurrent.Executors$RunnableAdapter.call(Executors.java:511)
	at java.util.concurrent.FutureTask.run(FutureTask.java:266)
	at java.util.concurrent.ThreadPoolExecutor.runWorker(ThreadPoolExecutor.java:1149)
	at java.util.concurrent.ThreadPoolExecutor$Worker.run(ThreadPoolExecutor.java:624)
	at java.lang.Thread.run(Thread.java:748)
2019-09-26 10:59:38,277 [IPC Server handler 3 on 40095] INFO  pipeline.PipelinePlacementPolicy (PipelinePlacementPolicy.java:meetCriteria(91)) - Pipeline Placement: can't place more pipeline on heavy datanode： cf629036-ace7-4ca9-94d6-fc8cc18310da Heaviness: 6 limit: 5
2019-09-26 10:59:38,278 [IPC Server handler 3 on 40095] INFO  pipeline.PipelinePlacementPolicy (PipelinePlacementPolicy.java:meetCriteria(91)) - Pipeline Placement: can't place more pipeline on heavy datanode： 2e8c5f4f-ba99-49b1-bcd5-57d537838a55 Heaviness: 6 limit: 5
2019-09-26 10:59:38,279 [IPC Server handler 3 on 40095] ERROR pipeline.PipelinePlacementPolicy (PipelinePlacementPolicy.java:filterViableNodes(148)) - Unable to find enough nodes that meet the criteria that cannot engage in more than 5 pipelines. Nodes required: 3 Found: 0, healthy nodes count inNodeManager: 5.
2019-09-26 10:59:38,279 [IPC Server handler 3 on 40095] ERROR pipeline.SCMPipelineManager (SCMPipelineManager.java:createPipeline(167)) - Pipeline creation failed.
org.apache.hadoop.hdds.scm.exceptions.SCMException: Unable to find enough nodes that meet the criteria that cannot engage in more than 5 pipelines. Nodes required: 3 Found: 0, healthy nodes count inNodeManager: 5.
	at org.apache.hadoop.hdds.scm.pipeline.PipelinePlacementPolicy.filterViableNodes(PipelinePlacementPolicy.java:149)
	at org.apache.hadoop.hdds.scm.pipeline.PipelinePlacementPolicy.chooseDatanodes(PipelinePlacementPolicy.java:172)
	at org.apache.hadoop.hdds.scm.pipeline.RatisPipelineProvider.create(RatisPipelineProvider.java:93)
	at org.apache.hadoop.hdds.scm.pipeline.PipelineFactory.create(PipelineFactory.java:58)
	at org.apache.hadoop.hdds.scm.pipeline.SCMPipelineManager.createPipeline(SCMPipelineManager.java:155)
	at org.apache.hadoop.hdds.scm.block.BlockManagerImpl.allocateBlock(BlockManagerImpl.java:190)
	at org.apache.hadoop.hdds.scm.server.SCMBlockProtocolServer.allocateBlock(SCMBlockProtocolServer.java:182)
	at org.apache.hadoop.ozone.protocolPB.ScmBlockLocationProtocolServerSideTranslatorPB.allocateScmBlock(ScmBlockLocationProtocolServerSideTranslatorPB.java:183)
	at org.apache.hadoop.ozone.protocolPB.ScmBlockLocationProtocolServerSideTranslatorPB.processMessage(ScmBlockLocationProtocolServerSideTranslatorPB.java:141)
	at org.apache.hadoop.ozone.protocolPB.ScmBlockLocationProtocolServerSideTranslatorPB.send(ScmBlockLocationProtocolServerSideTranslatorPB.java:116)
	at org.apache.hadoop.hdds.protocol.proto.ScmBlockLocationProtocolProtos$ScmBlockLocationProtocolService$2.callBlockingMethod(ScmBlockLocationProtocolProtos.java:13157)
	at org.apache.hadoop.ipc.ProtobufRpcEngine$Server$ProtoBufRpcInvoker.call(ProtobufRpcEngine.java:524)
	at org.apache.hadoop.ipc.RPC$Server.call(RPC.java:1025)
	at org.apache.hadoop.ipc.Server$RpcCall.run(Server.java:876)
	at org.apache.hadoop.ipc.Server$RpcCall.run(Server.java:822)
	at java.security.AccessController.doPrivileged(Native Method)
	at javax.security.auth.Subject.doAs(Subject.java:422)
	at org.apache.hadoop.security.UserGroupInformation.doAs(UserGroupInformation.java:1730)
	at org.apache.hadoop.ipc.Server$Handler.run(Server.java:2682)
2019-09-26 10:59:38,288 [IPC Server handler 3 on 40095] WARN  block.BlockManagerImpl (BlockManagerImpl.java:allocateBlock(192)) - Pipeline creation failed for type:RATIS factor:THREE. Retrying get pipelines call once.
org.apache.hadoop.hdds.scm.exceptions.SCMException: Unable to find enough nodes that meet the criteria that cannot engage in more than 5 pipelines. Nodes required: 3 Found: 0, healthy nodes count inNodeManager: 5.
	at org.apache.hadoop.hdds.scm.pipeline.PipelinePlacementPolicy.filterViableNodes(PipelinePlacementPolicy.java:149)
	at org.apache.hadoop.hdds.scm.pipeline.PipelinePlacementPolicy.chooseDatanodes(PipelinePlacementPolicy.java:172)
	at org.apache.hadoop.hdds.scm.pipeline.RatisPipelineProvider.create(RatisPipelineProvider.java:93)
	at org.apache.hadoop.hdds.scm.pipeline.PipelineFactory.create(PipelineFactory.java:58)
	at org.apache.hadoop.hdds.scm.pipeline.SCMPipelineManager.createPipeline(SCMPipelineManager.java:155)
	at org.apache.hadoop.hdds.scm.block.BlockManagerImpl.allocateBlock(BlockManagerImpl.java:190)
	at org.apache.hadoop.hdds.scm.server.SCMBlockProtocolServer.allocateBlock(SCMBlockProtocolServer.java:182)
	at org.apache.hadoop.ozone.protocolPB.ScmBlockLocationProtocolServerSideTranslatorPB.allocateScmBlock(ScmBlockLocationProtocolServerSideTranslatorPB.java:183)
	at org.apache.hadoop.ozone.protocolPB.ScmBlockLocationProtocolServerSideTranslatorPB.processMessage(ScmBlockLocationProtocolServerSideTranslatorPB.java:141)
	at org.apache.hadoop.ozone.protocolPB.ScmBlockLocationProtocolServerSideTranslatorPB.send(ScmBlockLocationProtocolServerSideTranslatorPB.java:116)
	at org.apache.hadoop.hdds.protocol.proto.ScmBlockLocationProtocolProtos$ScmBlockLocationProtocolService$2.callBlockingMethod(ScmBlockLocationProtocolProtos.java:13157)
	at org.apache.hadoop.ipc.ProtobufRpcEngine$Server$ProtoBufRpcInvoker.call(ProtobufRpcEngine.java:524)
	at org.apache.hadoop.ipc.RPC$Server.call(RPC.java:1025)
	at org.apache.hadoop.ipc.Server$RpcCall.run(Server.java:876)
	at org.apache.hadoop.ipc.Server$RpcCall.run(Server.java:822)
	at java.security.AccessController.doPrivileged(Native Method)
	at javax.security.auth.Subject.doAs(Subject.java:422)
	at org.apache.hadoop.security.UserGroupInformation.doAs(UserGroupInformation.java:1730)
	at org.apache.hadoop.ipc.Server$Handler.run(Server.java:2682)
2019-09-26 10:59:38,288 [IPC Server handler 12 on 40095] INFO  pipeline.PipelinePlacementPolicy (PipelinePlacementPolicy.java:meetCriteria(91)) - Pipeline Placement: can't place more pipeline on heavy datanode： c38bca17-ec4a-4641-8fc4-32bb8247f11f Heaviness: 6 limit: 5
2019-09-26 10:59:38,289 [IPC Server handler 12 on 40095] INFO  pipeline.PipelinePlacementPolicy (PipelinePlacementPolicy.java:meetCriteria(91)) - Pipeline Placement: can't place more pipeline on heavy datanode： c1a9f1dd-6c0d-41cb-a4f1-f4597ac7f27c Heaviness: 6 limit: 5
2019-09-26 10:59:38,289 [IPC Server handler 12 on 40095] INFO  pipeline.PipelinePlacementPolicy (PipelinePlacementPolicy.java:meetCriteria(91)) - Pipeline Placement: can't place more pipeline on heavy datanode： 91fb8321-54d9-4a64-90be-ab1c2b6fea7b Heaviness: 6 limit: 5
2019-09-26 10:59:38,289 [IPC Server handler 12 on 40095] INFO  pipeline.PipelinePlacementPolicy (PipelinePlacementPolicy.java:meetCriteria(91)) - Pipeline Placement: can't place more pipeline on heavy datanode： cf629036-ace7-4ca9-94d6-fc8cc18310da Heaviness: 6 limit: 5
2019-09-26 10:59:38,290 [IPC Server handler 12 on 40095] INFO  pipeline.PipelinePlacementPolicy (PipelinePlacementPolicy.java:meetCriteria(91)) - Pipeline Placement: can't place more pipeline on heavy datanode： 2e8c5f4f-ba99-49b1-bcd5-57d537838a55 Heaviness: 6 limit: 5
2019-09-26 10:59:38,290 [IPC Server handler 12 on 40095] ERROR pipeline.PipelinePlacementPolicy (PipelinePlacementPolicy.java:filterViableNodes(148)) - Unable to find enough nodes that meet the criteria that cannot engage in more than 5 pipelines. Nodes required: 3 Found: 0, healthy nodes count inNodeManager: 5.
2019-09-26 10:59:38,290 [IPC Server handler 12 on 40095] ERROR pipeline.SCMPipelineManager (SCMPipelineManager.java:createPipeline(167)) - Pipeline creation failed.
org.apache.hadoop.hdds.scm.exceptions.SCMException: Unable to find enough nodes that meet the criteria that cannot engage in more than 5 pipelines. Nodes required: 3 Found: 0, healthy nodes count inNodeManager: 5.
	at org.apache.hadoop.hdds.scm.pipeline.PipelinePlacementPolicy.filterViableNodes(PipelinePlacementPolicy.java:149)
	at org.apache.hadoop.hdds.scm.pipeline.PipelinePlacementPolicy.chooseDatanodes(PipelinePlacementPolicy.java:172)
	at org.apache.hadoop.hdds.scm.pipeline.RatisPipelineProvider.create(RatisPipelineProvider.java:93)
	at org.apache.hadoop.hdds.scm.pipeline.PipelineFactory.create(PipelineFactory.java:58)
	at org.apache.hadoop.hdds.scm.pipeline.SCMPipelineManager.createPipeline(SCMPipelineManager.java:155)
	at org.apache.hadoop.hdds.scm.block.BlockManagerImpl.allocateBlock(BlockManagerImpl.java:190)
	at org.apache.hadoop.hdds.scm.server.SCMBlockProtocolServer.allocateBlock(SCMBlockProtocolServer.java:182)
	at org.apache.hadoop.ozone.protocolPB.ScmBlockLocationProtocolServerSideTranslatorPB.allocateScmBlock(ScmBlockLocationProtocolServerSideTranslatorPB.java:183)
	at org.apache.hadoop.ozone.protocolPB.ScmBlockLocationProtocolServerSideTranslatorPB.processMessage(ScmBlockLocationProtocolServerSideTranslatorPB.java:141)
	at org.apache.hadoop.ozone.protocolPB.ScmBlockLocationProtocolServerSideTranslatorPB.send(ScmBlockLocationProtocolServerSideTranslatorPB.java:116)
	at org.apache.hadoop.hdds.protocol.proto.ScmBlockLocationProtocolProtos$ScmBlockLocationProtocolService$2.callBlockingMethod(ScmBlockLocationProtocolProtos.java:13157)
	at org.apache.hadoop.ipc.ProtobufRpcEngine$Server$ProtoBufRpcInvoker.call(ProtobufRpcEngine.java:524)
	at org.apache.hadoop.ipc.RPC$Server.call(RPC.java:1025)
	at org.apache.hadoop.ipc.Server$RpcCall.run(Server.java:876)
	at org.apache.hadoop.ipc.Server$RpcCall.run(Server.java:822)
	at java.security.AccessController.doPrivileged(Native Method)
	at javax.security.auth.Subject.doAs(Subject.java:422)
	at org.apache.hadoop.security.UserGroupInformation.doAs(UserGroupInformation.java:1730)
	at org.apache.hadoop.ipc.Server$Handler.run(Server.java:2682)
2019-09-26 10:59:38,291 [IPC Server handler 12 on 40095] WARN  block.BlockManagerImpl (BlockManagerImpl.java:allocateBlock(192)) - Pipeline creation failed for type:RATIS factor:THREE. Retrying get pipelines call once.
org.apache.hadoop.hdds.scm.exceptions.SCMException: Unable to find enough nodes that meet the criteria that cannot engage in more than 5 pipelines. Nodes required: 3 Found: 0, healthy nodes count inNodeManager: 5.
	at org.apache.hadoop.hdds.scm.pipeline.PipelinePlacementPolicy.filterViableNodes(PipelinePlacementPolicy.java:149)
	at org.apache.hadoop.hdds.scm.pipeline.PipelinePlacementPolicy.chooseDatanodes(PipelinePlacementPolicy.java:172)
	at org.apache.hadoop.hdds.scm.pipeline.RatisPipelineProvider.create(RatisPipelineProvider.java:93)
	at org.apache.hadoop.hdds.scm.pipeline.PipelineFactory.create(PipelineFactory.java:58)
	at org.apache.hadoop.hdds.scm.pipeline.SCMPipelineManager.createPipeline(SCMPipelineManager.java:155)
	at org.apache.hadoop.hdds.scm.block.BlockManagerImpl.allocateBlock(BlockManagerImpl.java:190)
	at org.apache.hadoop.hdds.scm.server.SCMBlockProtocolServer.allocateBlock(SCMBlockProtocolServer.java:182)
	at org.apache.hadoop.ozone.protocolPB.ScmBlockLocationProtocolServerSideTranslatorPB.allocateScmBlock(ScmBlockLocationProtocolServerSideTranslatorPB.java:183)
	at org.apache.hadoop.ozone.protocolPB.ScmBlockLocationProtocolServerSideTranslatorPB.processMessage(ScmBlockLocationProtocolServerSideTranslatorPB.java:141)
	at org.apache.hadoop.ozone.protocolPB.ScmBlockLocationProtocolServerSideTranslatorPB.send(ScmBlockLocationProtocolServerSideTranslatorPB.java:116)
	at org.apache.hadoop.hdds.protocol.proto.ScmBlockLocationProtocolProtos$ScmBlockLocationProtocolService$2.callBlockingMethod(ScmBlockLocationProtocolProtos.java:13157)
	at org.apache.hadoop.ipc.ProtobufRpcEngine$Server$ProtoBufRpcInvoker.call(ProtobufRpcEngine.java:524)
	at org.apache.hadoop.ipc.RPC$Server.call(RPC.java:1025)
	at org.apache.hadoop.ipc.Server$RpcCall.run(Server.java:876)
	at org.apache.hadoop.ipc.Server$RpcCall.run(Server.java:822)
	at java.security.AccessController.doPrivileged(Native Method)
	at javax.security.auth.Subject.doAs(Subject.java:422)
	at org.apache.hadoop.security.UserGroupInformation.doAs(UserGroupInformation.java:1730)
	at org.apache.hadoop.ipc.Server$Handler.run(Server.java:2682)
2019-09-26 10:59:38,291 [IPC Server handler 16 on 40095] INFO  pipeline.PipelinePlacementPolicy (PipelinePlacementPolicy.java:meetCriteria(91)) - Pipeline Placement: can't place more pipeline on heavy datanode： c38bca17-ec4a-4641-8fc4-32bb8247f11f Heaviness: 6 limit: 5
2019-09-26 10:59:38,292 [IPC Server handler 16 on 40095] INFO  pipeline.PipelinePlacementPolicy (PipelinePlacementPolicy.java:meetCriteria(91)) - Pipeline Placement: can't place more pipeline on heavy datanode： c1a9f1dd-6c0d-41cb-a4f1-f4597ac7f27c Heaviness: 6 limit: 5
2019-09-26 10:59:38,291 [IPC Server handler 3 on 40095] INFO  block.BlockManagerImpl (BlockManagerImpl.java:allocateBlock(198)) - Could not find available pipeline of type:RATIS and factor:THREE even after retrying
2019-09-26 10:59:38,292 [IPC Server handler 16 on 40095] INFO  pipeline.PipelinePlacementPolicy (PipelinePlacementPolicy.java:meetCriteria(91)) - Pipeline Placement: can't place more pipeline on heavy datanode： 91fb8321-54d9-4a64-90be-ab1c2b6fea7b Heaviness: 6 limit: 5
2019-09-26 10:59:38,292 [IPC Server handler 3 on 40095] ERROR block.BlockManagerImpl (BlockManagerImpl.java:allocateBlock(222)) - Unable to allocate a block for the size: 4194304, type: RATIS, factor: THREE
2019-09-26 10:59:38,292 [IPC Server handler 16 on 40095] INFO  pipeline.PipelinePlacementPolicy (PipelinePlacementPolicy.java:meetCriteria(91)) - Pipeline Placement: can't place more pipeline on heavy datanode： cf629036-ace7-4ca9-94d6-fc8cc18310da Heaviness: 6 limit: 5
2019-09-26 10:59:38,293 [IPC Server handler 16 on 40095] INFO  pipeline.PipelinePlacementPolicy (PipelinePlacementPolicy.java:meetCriteria(91)) - Pipeline Placement: can't place more pipeline on heavy datanode： 2e8c5f4f-ba99-49b1-bcd5-57d537838a55 Heaviness: 6 limit: 5
2019-09-26 10:59:38,293 [IPC Server handler 16 on 40095] ERROR pipeline.PipelinePlacementPolicy (PipelinePlacementPolicy.java:filterViableNodes(148)) - Unable to find enough nodes that meet the criteria that cannot engage in more than 5 pipelines. Nodes required: 3 Found: 0, healthy nodes count inNodeManager: 5.
2019-09-26 10:59:38,293 [IPC Server handler 16 on 40095] ERROR pipeline.SCMPipelineManager (SCMPipelineManager.java:createPipeline(167)) - Pipeline creation failed.
org.apache.hadoop.hdds.scm.exceptions.SCMException: Unable to find enough nodes that meet the criteria that cannot engage in more than 5 pipelines. Nodes required: 3 Found: 0, healthy nodes count inNodeManager: 5.
	at org.apache.hadoop.hdds.scm.pipeline.PipelinePlacementPolicy.filterViableNodes(PipelinePlacementPolicy.java:149)
	at org.apache.hadoop.hdds.scm.pipeline.PipelinePlacementPolicy.chooseDatanodes(PipelinePlacementPolicy.java:172)
	at org.apache.hadoop.hdds.scm.pipeline.RatisPipelineProvider.create(RatisPipelineProvider.java:93)
	at org.apache.hadoop.hdds.scm.pipeline.PipelineFactory.create(PipelineFactory.java:58)
	at org.apache.hadoop.hdds.scm.pipeline.SCMPipelineManager.createPipeline(SCMPipelineManager.java:155)
	at org.apache.hadoop.hdds.scm.block.BlockManagerImpl.allocateBlock(BlockManagerImpl.java:190)
	at org.apache.hadoop.hdds.scm.server.SCMBlockProtocolServer.allocateBlock(SCMBlockProtocolServer.java:182)
	at org.apache.hadoop.ozone.protocolPB.ScmBlockLocationProtocolServerSideTranslatorPB.allocateScmBlock(ScmBlockLocationProtocolServerSideTranslatorPB.java:183)
	at org.apache.hadoop.ozone.protocolPB.ScmBlockLocationProtocolServerSideTranslatorPB.processMessage(ScmBlockLocationProtocolServerSideTranslatorPB.java:141)
	at org.apache.hadoop.ozone.protocolPB.ScmBlockLocationProtocolServerSideTranslatorPB.send(ScmBlockLocationProtocolServerSideTranslatorPB.java:116)
	at org.apache.hadoop.hdds.protocol.proto.ScmBlockLocationProtocolProtos$ScmBlockLocationProtocolService$2.callBlockingMethod(ScmBlockLocationProtocolProtos.java:13157)
	at org.apache.hadoop.ipc.ProtobufRpcEngine$Server$ProtoBufRpcInvoker.call(ProtobufRpcEngine.java:524)
	at org.apache.hadoop.ipc.RPC$Server.call(RPC.java:1025)
	at org.apache.hadoop.ipc.Server$RpcCall.run(Server.java:876)
	at org.apache.hadoop.ipc.Server$RpcCall.run(Server.java:822)
	at java.security.AccessController.doPrivileged(Native Method)
	at javax.security.auth.Subject.doAs(Subject.java:422)
	at org.apache.hadoop.security.UserGroupInformation.doAs(UserGroupInformation.java:1730)
	at org.apache.hadoop.ipc.Server$Handler.run(Server.java:2682)
2019-09-26 10:59:38,293 [pool-75-thread-6] ERROR freon.RandomKeyGenerator (RandomKeyGenerator.java:createKey(733)) - Exception while adding key: key-0-95816 in bucket: bucket-4-25611 of volume: vol-0-37149.
INTERNAL_ERROR org.apache.hadoop.ozone.om.exceptions.OMException: Allocated 0 blocks. Requested 1 blocks
	at org.apache.hadoop.ozone.om.protocolPB.OzoneManagerProtocolClientSideTranslatorPB.handleError(OzoneManagerProtocolClientSideTranslatorPB.java:732)
	at org.apache.hadoop.ozone.om.protocolPB.OzoneManagerProtocolClientSideTranslatorPB.openKey(OzoneManagerProtocolClientSideTranslatorPB.java:723)
	at sun.reflect.NativeMethodAccessorImpl.invoke0(Native Method)
	at sun.reflect.NativeMethodAccessorImpl.invoke(NativeMethodAccessorImpl.java:62)
	at sun.reflect.DelegatingMethodAccessorImpl.invoke(DelegatingMethodAccessorImpl.java:43)
	at java.lang.reflect.Method.invoke(Method.java:498)
	at org.apache.hadoop.hdds.tracing.TraceAllMethod.invoke(TraceAllMethod.java:66)
	at com.sun.proxy.$Proxy37.openKey(Unknown Source)
	at org.apache.hadoop.ozone.client.rpc.RpcClient.createKey(RpcClient.java:614)
	at org.apache.hadoop.ozone.client.OzoneBucket.createKey(OzoneBucket.java:325)
	at org.apache.hadoop.ozone.freon.RandomKeyGenerator.createKey(RandomKeyGenerator.java:695)
	at org.apache.hadoop.ozone.freon.RandomKeyGenerator.access$1100(RandomKeyGenerator.java:88)
	at org.apache.hadoop.ozone.freon.RandomKeyGenerator$ObjectCreator.run(RandomKeyGenerator.java:615)
	at java.util.concurrent.Executors$RunnableAdapter.call(Executors.java:511)
	at java.util.concurrent.FutureTask.run(FutureTask.java:266)
	at java.util.concurrent.ThreadPoolExecutor.runWorker(ThreadPoolExecutor.java:1149)
	at java.util.concurrent.ThreadPoolExecutor$Worker.run(ThreadPoolExecutor.java:624)
	at java.lang.Thread.run(Thread.java:748)
2019-09-26 10:59:38,295 [IPC Server handler 19 on 40095] INFO  pipeline.PipelinePlacementPolicy (PipelinePlacementPolicy.java:meetCriteria(91)) - Pipeline Placement: can't place more pipeline on heavy datanode： c38bca17-ec4a-4641-8fc4-32bb8247f11f Heaviness: 6 limit: 5
2019-09-26 10:59:38,295 [IPC Server handler 12 on 40095] INFO  block.BlockManagerImpl (BlockManagerImpl.java:allocateBlock(198)) - Could not find available pipeline of type:RATIS and factor:THREE even after retrying
2019-09-26 10:59:38,295 [IPC Server handler 16 on 40095] WARN  block.BlockManagerImpl (BlockManagerImpl.java:allocateBlock(192)) - Pipeline creation failed for type:RATIS factor:THREE. Retrying get pipelines call once.
org.apache.hadoop.hdds.scm.exceptions.SCMException: Unable to find enough nodes that meet the criteria that cannot engage in more than 5 pipelines. Nodes required: 3 Found: 0, healthy nodes count inNodeManager: 5.
	at org.apache.hadoop.hdds.scm.pipeline.PipelinePlacementPolicy.filterViableNodes(PipelinePlacementPolicy.java:149)
	at org.apache.hadoop.hdds.scm.pipeline.PipelinePlacementPolicy.chooseDatanodes(PipelinePlacementPolicy.java:172)
	at org.apache.hadoop.hdds.scm.pipeline.RatisPipelineProvider.create(RatisPipelineProvider.java:93)
	at org.apache.hadoop.hdds.scm.pipeline.PipelineFactory.create(PipelineFactory.java:58)
	at org.apache.hadoop.hdds.scm.pipeline.SCMPipelineManager.createPipeline(SCMPipelineManager.java:155)
	at org.apache.hadoop.hdds.scm.block.BlockManagerImpl.allocateBlock(BlockManagerImpl.java:190)
	at org.apache.hadoop.hdds.scm.server.SCMBlockProtocolServer.allocateBlock(SCMBlockProtocolServer.java:182)
	at org.apache.hadoop.ozone.protocolPB.ScmBlockLocationProtocolServerSideTranslatorPB.allocateScmBlock(ScmBlockLocationProtocolServerSideTranslatorPB.java:183)
	at org.apache.hadoop.ozone.protocolPB.ScmBlockLocationProtocolServerSideTranslatorPB.processMessage(ScmBlockLocationProtocolServerSideTranslatorPB.java:141)
	at org.apache.hadoop.ozone.protocolPB.ScmBlockLocationProtocolServerSideTranslatorPB.send(ScmBlockLocationProtocolServerSideTranslatorPB.java:116)
	at org.apache.hadoop.hdds.protocol.proto.ScmBlockLocationProtocolProtos$ScmBlockLocationProtocolService$2.callBlockingMethod(ScmBlockLocationProtocolProtos.java:13157)
	at org.apache.hadoop.ipc.ProtobufRpcEngine$Server$ProtoBufRpcInvoker.call(ProtobufRpcEngine.java:524)
	at org.apache.hadoop.ipc.RPC$Server.call(RPC.java:1025)
	at org.apache.hadoop.ipc.Server$RpcCall.run(Server.java:876)
	at org.apache.hadoop.ipc.Server$RpcCall.run(Server.java:822)
	at java.security.AccessController.doPrivileged(Native Method)
	at javax.security.auth.Subject.doAs(Subject.java:422)
	at org.apache.hadoop.security.UserGroupInformation.doAs(UserGroupInformation.java:1730)
	at org.apache.hadoop.ipc.Server$Handler.run(Server.java:2682)
2019-09-26 10:59:38,296 [IPC Server handler 12 on 40095] ERROR block.BlockManagerImpl (BlockManagerImpl.java:allocateBlock(222)) - Unable to allocate a block for the size: 4194304, type: RATIS, factor: THREE
2019-09-26 10:59:38,296 [IPC Server handler 19 on 40095] INFO  pipeline.PipelinePlacementPolicy (PipelinePlacementPolicy.java:meetCriteria(91)) - Pipeline Placement: can't place more pipeline on heavy datanode： c1a9f1dd-6c0d-41cb-a4f1-f4597ac7f27c Heaviness: 6 limit: 5
2019-09-26 10:59:38,297 [IPC Server handler 19 on 40095] INFO  pipeline.PipelinePlacementPolicy (PipelinePlacementPolicy.java:meetCriteria(91)) - Pipeline Placement: can't place more pipeline on heavy datanode： 91fb8321-54d9-4a64-90be-ab1c2b6fea7b Heaviness: 6 limit: 5
2019-09-26 10:59:38,297 [IPC Server handler 19 on 40095] INFO  pipeline.PipelinePlacementPolicy (PipelinePlacementPolicy.java:meetCriteria(91)) - Pipeline Placement: can't place more pipeline on heavy datanode： cf629036-ace7-4ca9-94d6-fc8cc18310da Heaviness: 6 limit: 5
2019-09-26 10:59:38,297 [IPC Server handler 19 on 40095] INFO  pipeline.PipelinePlacementPolicy (PipelinePlacementPolicy.java:meetCriteria(91)) - Pipeline Placement: can't place more pipeline on heavy datanode： 2e8c5f4f-ba99-49b1-bcd5-57d537838a55 Heaviness: 6 limit: 5
2019-09-26 10:59:38,298 [IPC Server handler 19 on 40095] ERROR pipeline.PipelinePlacementPolicy (PipelinePlacementPolicy.java:filterViableNodes(148)) - Unable to find enough nodes that meet the criteria that cannot engage in more than 5 pipelines. Nodes required: 3 Found: 0, healthy nodes count inNodeManager: 5.
2019-09-26 10:59:38,298 [pool-75-thread-10] ERROR freon.RandomKeyGenerator (RandomKeyGenerator.java:createKey(733)) - Exception while adding key: key-0-30522 in bucket: bucket-4-94812 of volume: vol-1-15971.
INTERNAL_ERROR org.apache.hadoop.ozone.om.exceptions.OMException: Allocated 0 blocks. Requested 1 blocks
	at org.apache.hadoop.ozone.om.protocolPB.OzoneManagerProtocolClientSideTranslatorPB.handleError(OzoneManagerProtocolClientSideTranslatorPB.java:732)
	at org.apache.hadoop.ozone.om.protocolPB.OzoneManagerProtocolClientSideTranslatorPB.openKey(OzoneManagerProtocolClientSideTranslatorPB.java:723)
	at sun.reflect.NativeMethodAccessorImpl.invoke0(Native Method)
	at sun.reflect.NativeMethodAccessorImpl.invoke(NativeMethodAccessorImpl.java:62)
	at sun.reflect.DelegatingMethodAccessorImpl.invoke(DelegatingMethodAccessorImpl.java:43)
	at java.lang.reflect.Method.invoke(Method.java:498)
	at org.apache.hadoop.hdds.tracing.TraceAllMethod.invoke(TraceAllMethod.java:66)
	at com.sun.proxy.$Proxy37.openKey(Unknown Source)
	at org.apache.hadoop.ozone.client.rpc.RpcClient.createKey(RpcClient.java:614)
	at org.apache.hadoop.ozone.client.OzoneBucket.createKey(OzoneBucket.java:325)
	at org.apache.hadoop.ozone.freon.RandomKeyGenerator.createKey(RandomKeyGenerator.java:695)
	at org.apache.hadoop.ozone.freon.RandomKeyGenerator.access$1100(RandomKeyGenerator.java:88)
	at org.apache.hadoop.ozone.freon.RandomKeyGenerator$ObjectCreator.run(RandomKeyGenerator.java:615)
	at java.util.concurrent.Executors$RunnableAdapter.call(Executors.java:511)
	at java.util.concurrent.FutureTask.run(FutureTask.java:266)
	at java.util.concurrent.ThreadPoolExecutor.runWorker(ThreadPoolExecutor.java:1149)
	at java.util.concurrent.ThreadPoolExecutor$Worker.run(ThreadPoolExecutor.java:624)
	at java.lang.Thread.run(Thread.java:748)
2019-09-26 10:59:38,298 [IPC Server handler 19 on 40095] ERROR pipeline.SCMPipelineManager (SCMPipelineManager.java:createPipeline(167)) - Pipeline creation failed.
org.apache.hadoop.hdds.scm.exceptions.SCMException: Unable to find enough nodes that meet the criteria that cannot engage in more than 5 pipelines. Nodes required: 3 Found: 0, healthy nodes count inNodeManager: 5.
	at org.apache.hadoop.hdds.scm.pipeline.PipelinePlacementPolicy.filterViableNodes(PipelinePlacementPolicy.java:149)
	at org.apache.hadoop.hdds.scm.pipeline.PipelinePlacementPolicy.chooseDatanodes(PipelinePlacementPolicy.java:172)
	at org.apache.hadoop.hdds.scm.pipeline.RatisPipelineProvider.create(RatisPipelineProvider.java:93)
	at org.apache.hadoop.hdds.scm.pipeline.PipelineFactory.create(PipelineFactory.java:58)
	at org.apache.hadoop.hdds.scm.pipeline.SCMPipelineManager.createPipeline(SCMPipelineManager.java:155)
	at org.apache.hadoop.hdds.scm.block.BlockManagerImpl.allocateBlock(BlockManagerImpl.java:190)
	at org.apache.hadoop.hdds.scm.server.SCMBlockProtocolServer.allocateBlock(SCMBlockProtocolServer.java:182)
	at org.apache.hadoop.ozone.protocolPB.ScmBlockLocationProtocolServerSideTranslatorPB.allocateScmBlock(ScmBlockLocationProtocolServerSideTranslatorPB.java:183)
	at org.apache.hadoop.ozone.protocolPB.ScmBlockLocationProtocolServerSideTranslatorPB.processMessage(ScmBlockLocationProtocolServerSideTranslatorPB.java:141)
	at org.apache.hadoop.ozone.protocolPB.ScmBlockLocationProtocolServerSideTranslatorPB.send(ScmBlockLocationProtocolServerSideTranslatorPB.java:116)
	at org.apache.hadoop.hdds.protocol.proto.ScmBlockLocationProtocolProtos$ScmBlockLocationProtocolService$2.callBlockingMethod(ScmBlockLocationProtocolProtos.java:13157)
	at org.apache.hadoop.ipc.ProtobufRpcEngine$Server$ProtoBufRpcInvoker.call(ProtobufRpcEngine.java:524)
	at org.apache.hadoop.ipc.RPC$Server.call(RPC.java:1025)
	at org.apache.hadoop.ipc.Server$RpcCall.run(Server.java:876)
	at org.apache.hadoop.ipc.Server$RpcCall.run(Server.java:822)
	at java.security.AccessController.doPrivileged(Native Method)
	at javax.security.auth.Subject.doAs(Subject.java:422)
	at org.apache.hadoop.security.UserGroupInformation.doAs(UserGroupInformation.java:1730)
	at org.apache.hadoop.ipc.Server$Handler.run(Server.java:2682)
2019-09-26 10:59:38,300 [IPC Server handler 19 on 40095] WARN  block.BlockManagerImpl (BlockManagerImpl.java:allocateBlock(192)) - Pipeline creation failed for type:RATIS factor:THREE. Retrying get pipelines call once.
org.apache.hadoop.hdds.scm.exceptions.SCMException: Unable to find enough nodes that meet the criteria that cannot engage in more than 5 pipelines. Nodes required: 3 Found: 0, healthy nodes count inNodeManager: 5.
	at org.apache.hadoop.hdds.scm.pipeline.PipelinePlacementPolicy.filterViableNodes(PipelinePlacementPolicy.java:149)
	at org.apache.hadoop.hdds.scm.pipeline.PipelinePlacementPolicy.chooseDatanodes(PipelinePlacementPolicy.java:172)
	at org.apache.hadoop.hdds.scm.pipeline.RatisPipelineProvider.create(RatisPipelineProvider.java:93)
	at org.apache.hadoop.hdds.scm.pipeline.PipelineFactory.create(PipelineFactory.java:58)
	at org.apache.hadoop.hdds.scm.pipeline.SCMPipelineManager.createPipeline(SCMPipelineManager.java:155)
	at org.apache.hadoop.hdds.scm.block.BlockManagerImpl.allocateBlock(BlockManagerImpl.java:190)
	at org.apache.hadoop.hdds.scm.server.SCMBlockProtocolServer.allocateBlock(SCMBlockProtocolServer.java:182)
	at org.apache.hadoop.ozone.protocolPB.ScmBlockLocationProtocolServerSideTranslatorPB.allocateScmBlock(ScmBlockLocationProtocolServerSideTranslatorPB.java:183)
	at org.apache.hadoop.ozone.protocolPB.ScmBlockLocationProtocolServerSideTranslatorPB.processMessage(ScmBlockLocationProtocolServerSideTranslatorPB.java:141)
	at org.apache.hadoop.ozone.protocolPB.ScmBlockLocationProtocolServerSideTranslatorPB.send(ScmBlockLocationProtocolServerSideTranslatorPB.java:116)
	at org.apache.hadoop.hdds.protocol.proto.ScmBlockLocationProtocolProtos$ScmBlockLocationProtocolService$2.callBlockingMethod(ScmBlockLocationProtocolProtos.java:13157)
	at org.apache.hadoop.ipc.ProtobufRpcEngine$Server$ProtoBufRpcInvoker.call(ProtobufRpcEngine.java:524)
	at org.apache.hadoop.ipc.RPC$Server.call(RPC.java:1025)
	at org.apache.hadoop.ipc.Server$RpcCall.run(Server.java:876)
	at org.apache.hadoop.ipc.Server$RpcCall.run(Server.java:822)
	at java.security.AccessController.doPrivileged(Native Method)
	at javax.security.auth.Subject.doAs(Subject.java:422)
	at org.apache.hadoop.security.UserGroupInformation.doAs(UserGroupInformation.java:1730)
	at org.apache.hadoop.ipc.Server$Handler.run(Server.java:2682)
2019-09-26 10:59:38,301 [IPC Server handler 7 on 40095] INFO  pipeline.PipelinePlacementPolicy (PipelinePlacementPolicy.java:meetCriteria(91)) - Pipeline Placement: can't place more pipeline on heavy datanode： c38bca17-ec4a-4641-8fc4-32bb8247f11f Heaviness: 6 limit: 5
2019-09-26 10:59:38,300 [IPC Server handler 16 on 40095] INFO  block.BlockManagerImpl (BlockManagerImpl.java:allocateBlock(198)) - Could not find available pipeline of type:RATIS and factor:THREE even after retrying
2019-09-26 10:59:38,301 [IPC Server handler 7 on 40095] INFO  pipeline.PipelinePlacementPolicy (PipelinePlacementPolicy.java:meetCriteria(91)) - Pipeline Placement: can't place more pipeline on heavy datanode： c1a9f1dd-6c0d-41cb-a4f1-f4597ac7f27c Heaviness: 6 limit: 5
2019-09-26 10:59:38,301 [IPC Server handler 16 on 40095] ERROR block.BlockManagerImpl (BlockManagerImpl.java:allocateBlock(222)) - Unable to allocate a block for the size: 4194304, type: RATIS, factor: THREE
2019-09-26 10:59:38,302 [IPC Server handler 7 on 40095] INFO  pipeline.PipelinePlacementPolicy (PipelinePlacementPolicy.java:meetCriteria(91)) - Pipeline Placement: can't place more pipeline on heavy datanode： 91fb8321-54d9-4a64-90be-ab1c2b6fea7b Heaviness: 6 limit: 5
2019-09-26 10:59:38,302 [IPC Server handler 7 on 40095] INFO  pipeline.PipelinePlacementPolicy (PipelinePlacementPolicy.java:meetCriteria(91)) - Pipeline Placement: can't place more pipeline on heavy datanode： cf629036-ace7-4ca9-94d6-fc8cc18310da Heaviness: 6 limit: 5
2019-09-26 10:59:38,302 [IPC Server handler 7 on 40095] INFO  pipeline.PipelinePlacementPolicy (PipelinePlacementPolicy.java:meetCriteria(91)) - Pipeline Placement: can't place more pipeline on heavy datanode： 2e8c5f4f-ba99-49b1-bcd5-57d537838a55 Heaviness: 6 limit: 5
2019-09-26 10:59:38,302 [IPC Server handler 7 on 40095] ERROR pipeline.PipelinePlacementPolicy (PipelinePlacementPolicy.java:filterViableNodes(148)) - Unable to find enough nodes that meet the criteria that cannot engage in more than 5 pipelines. Nodes required: 3 Found: 0, healthy nodes count inNodeManager: 5.
2019-09-26 10:59:38,302 [IPC Server handler 7 on 40095] ERROR pipeline.SCMPipelineManager (SCMPipelineManager.java:createPipeline(167)) - Pipeline creation failed.
org.apache.hadoop.hdds.scm.exceptions.SCMException: Unable to find enough nodes that meet the criteria that cannot engage in more than 5 pipelines. Nodes required: 3 Found: 0, healthy nodes count inNodeManager: 5.
	at org.apache.hadoop.hdds.scm.pipeline.PipelinePlacementPolicy.filterViableNodes(PipelinePlacementPolicy.java:149)
	at org.apache.hadoop.hdds.scm.pipeline.PipelinePlacementPolicy.chooseDatanodes(PipelinePlacementPolicy.java:172)
	at org.apache.hadoop.hdds.scm.pipeline.RatisPipelineProvider.create(RatisPipelineProvider.java:93)
	at org.apache.hadoop.hdds.scm.pipeline.PipelineFactory.create(PipelineFactory.java:58)
	at org.apache.hadoop.hdds.scm.pipeline.SCMPipelineManager.createPipeline(SCMPipelineManager.java:155)
	at org.apache.hadoop.hdds.scm.block.BlockManagerImpl.allocateBlock(BlockManagerImpl.java:190)
	at org.apache.hadoop.hdds.scm.server.SCMBlockProtocolServer.allocateBlock(SCMBlockProtocolServer.java:182)
	at org.apache.hadoop.ozone.protocolPB.ScmBlockLocationProtocolServerSideTranslatorPB.allocateScmBlock(ScmBlockLocationProtocolServerSideTranslatorPB.java:183)
	at org.apache.hadoop.ozone.protocolPB.ScmBlockLocationProtocolServerSideTranslatorPB.processMessage(ScmBlockLocationProtocolServerSideTranslatorPB.java:141)
	at org.apache.hadoop.ozone.protocolPB.ScmBlockLocationProtocolServerSideTranslatorPB.send(ScmBlockLocationProtocolServerSideTranslatorPB.java:116)
	at org.apache.hadoop.hdds.protocol.proto.ScmBlockLocationProtocolProtos$ScmBlockLocationProtocolService$2.callBlockingMethod(ScmBlockLocationProtocolProtos.java:13157)
	at org.apache.hadoop.ipc.ProtobufRpcEngine$Server$ProtoBufRpcInvoker.call(ProtobufRpcEngine.java:524)
	at org.apache.hadoop.ipc.RPC$Server.call(RPC.java:1025)
	at org.apache.hadoop.ipc.Server$RpcCall.run(Server.java:876)
	at org.apache.hadoop.ipc.Server$RpcCall.run(Server.java:822)
	at java.security.AccessController.doPrivileged(Native Method)
	at javax.security.auth.Subject.doAs(Subject.java:422)
	at org.apache.hadoop.security.UserGroupInformation.doAs(UserGroupInformation.java:1730)
	at org.apache.hadoop.ipc.Server$Handler.run(Server.java:2682)
2019-09-26 10:59:38,303 [pool-75-thread-4] ERROR freon.RandomKeyGenerator (RandomKeyGenerator.java:createKey(733)) - Exception while adding key: key-0-15030 in bucket: bucket-3-51026 of volume: vol-1-15971.
INTERNAL_ERROR org.apache.hadoop.ozone.om.exceptions.OMException: Allocated 0 blocks. Requested 1 blocks
	at org.apache.hadoop.ozone.om.protocolPB.OzoneManagerProtocolClientSideTranslatorPB.handleError(OzoneManagerProtocolClientSideTranslatorPB.java:732)
	at org.apache.hadoop.ozone.om.protocolPB.OzoneManagerProtocolClientSideTranslatorPB.openKey(OzoneManagerProtocolClientSideTranslatorPB.java:723)
	at sun.reflect.NativeMethodAccessorImpl.invoke0(Native Method)
	at sun.reflect.NativeMethodAccessorImpl.invoke(NativeMethodAccessorImpl.java:62)
	at sun.reflect.DelegatingMethodAccessorImpl.invoke(DelegatingMethodAccessorImpl.java:43)
	at java.lang.reflect.Method.invoke(Method.java:498)
	at org.apache.hadoop.hdds.tracing.TraceAllMethod.invoke(TraceAllMethod.java:66)
	at com.sun.proxy.$Proxy37.openKey(Unknown Source)
	at org.apache.hadoop.ozone.client.rpc.RpcClient.createKey(RpcClient.java:614)
	at org.apache.hadoop.ozone.client.OzoneBucket.createKey(OzoneBucket.java:325)
	at org.apache.hadoop.ozone.freon.RandomKeyGenerator.createKey(RandomKeyGenerator.java:695)
	at org.apache.hadoop.ozone.freon.RandomKeyGenerator.access$1100(RandomKeyGenerator.java:88)
	at org.apache.hadoop.ozone.freon.RandomKeyGenerator$ObjectCreator.run(RandomKeyGenerator.java:615)
	at java.util.concurrent.Executors$RunnableAdapter.call(Executors.java:511)
	at java.util.concurrent.FutureTask.run(FutureTask.java:266)
	at java.util.concurrent.ThreadPoolExecutor.runWorker(ThreadPoolExecutor.java:1149)
	at java.util.concurrent.ThreadPoolExecutor$Worker.run(ThreadPoolExecutor.java:624)
	at java.lang.Thread.run(Thread.java:748)
2019-09-26 10:59:38,303 [IPC Server handler 19 on 40095] INFO  block.BlockManagerImpl (BlockManagerImpl.java:allocateBlock(198)) - Could not find available pipeline of type:RATIS and factor:THREE even after retrying
2019-09-26 10:59:38,303 [IPC Server handler 7 on 40095] WARN  block.BlockManagerImpl (BlockManagerImpl.java:allocateBlock(192)) - Pipeline creation failed for type:RATIS factor:THREE. Retrying get pipelines call once.
org.apache.hadoop.hdds.scm.exceptions.SCMException: Unable to find enough nodes that meet the criteria that cannot engage in more than 5 pipelines. Nodes required: 3 Found: 0, healthy nodes count inNodeManager: 5.
	at org.apache.hadoop.hdds.scm.pipeline.PipelinePlacementPolicy.filterViableNodes(PipelinePlacementPolicy.java:149)
	at org.apache.hadoop.hdds.scm.pipeline.PipelinePlacementPolicy.chooseDatanodes(PipelinePlacementPolicy.java:172)
	at org.apache.hadoop.hdds.scm.pipeline.RatisPipelineProvider.create(RatisPipelineProvider.java:93)
	at org.apache.hadoop.hdds.scm.pipeline.PipelineFactory.create(PipelineFactory.java:58)
	at org.apache.hadoop.hdds.scm.pipeline.SCMPipelineManager.createPipeline(SCMPipelineManager.java:155)
	at org.apache.hadoop.hdds.scm.block.BlockManagerImpl.allocateBlock(BlockManagerImpl.java:190)
	at org.apache.hadoop.hdds.scm.server.SCMBlockProtocolServer.allocateBlock(SCMBlockProtocolServer.java:182)
	at org.apache.hadoop.ozone.protocolPB.ScmBlockLocationProtocolServerSideTranslatorPB.allocateScmBlock(ScmBlockLocationProtocolServerSideTranslatorPB.java:183)
	at org.apache.hadoop.ozone.protocolPB.ScmBlockLocationProtocolServerSideTranslatorPB.processMessage(ScmBlockLocationProtocolServerSideTranslatorPB.java:141)
	at org.apache.hadoop.ozone.protocolPB.ScmBlockLocationProtocolServerSideTranslatorPB.send(ScmBlockLocationProtocolServerSideTranslatorPB.java:116)
	at org.apache.hadoop.hdds.protocol.proto.ScmBlockLocationProtocolProtos$ScmBlockLocationProtocolService$2.callBlockingMethod(ScmBlockLocationProtocolProtos.java:13157)
	at org.apache.hadoop.ipc.ProtobufRpcEngine$Server$ProtoBufRpcInvoker.call(ProtobufRpcEngine.java:524)
	at org.apache.hadoop.ipc.RPC$Server.call(RPC.java:1025)
	at org.apache.hadoop.ipc.Server$RpcCall.run(Server.java:876)
	at org.apache.hadoop.ipc.Server$RpcCall.run(Server.java:822)
	at java.security.AccessController.doPrivileged(Native Method)
	at javax.security.auth.Subject.doAs(Subject.java:422)
	at org.apache.hadoop.security.UserGroupInformation.doAs(UserGroupInformation.java:1730)
	at org.apache.hadoop.ipc.Server$Handler.run(Server.java:2682)
2019-09-26 10:59:38,304 [IPC Server handler 19 on 40095] ERROR block.BlockManagerImpl (BlockManagerImpl.java:allocateBlock(222)) - Unable to allocate a block for the size: 4194304, type: RATIS, factor: THREE
2019-09-26 10:59:38,305 [IPC Server handler 7 on 40095] INFO  block.BlockManagerImpl (BlockManagerImpl.java:allocateBlock(198)) - Could not find available pipeline of type:RATIS and factor:THREE even after retrying
2019-09-26 10:59:38,306 [IPC Server handler 7 on 40095] ERROR block.BlockManagerImpl (BlockManagerImpl.java:allocateBlock(222)) - Unable to allocate a block for the size: 4194304, type: RATIS, factor: THREE
2019-09-26 10:59:38,306 [pool-75-thread-7] ERROR freon.RandomKeyGenerator (RandomKeyGenerator.java:createKey(733)) - Exception while adding key: key-0-65760 in bucket: bucket-0-31307 of volume: vol-1-15971.
INTERNAL_ERROR org.apache.hadoop.ozone.om.exceptions.OMException: Allocated 0 blocks. Requested 1 blocks
	at org.apache.hadoop.ozone.om.protocolPB.OzoneManagerProtocolClientSideTranslatorPB.handleError(OzoneManagerProtocolClientSideTranslatorPB.java:732)
	at org.apache.hadoop.ozone.om.protocolPB.OzoneManagerProtocolClientSideTranslatorPB.openKey(OzoneManagerProtocolClientSideTranslatorPB.java:723)
	at sun.reflect.NativeMethodAccessorImpl.invoke0(Native Method)
	at sun.reflect.NativeMethodAccessorImpl.invoke(NativeMethodAccessorImpl.java:62)
	at sun.reflect.DelegatingMethodAccessorImpl.invoke(DelegatingMethodAccessorImpl.java:43)
	at java.lang.reflect.Method.invoke(Method.java:498)
	at org.apache.hadoop.hdds.tracing.TraceAllMethod.invoke(TraceAllMethod.java:66)
	at com.sun.proxy.$Proxy37.openKey(Unknown Source)
	at org.apache.hadoop.ozone.client.rpc.RpcClient.createKey(RpcClient.java:614)
	at org.apache.hadoop.ozone.client.OzoneBucket.createKey(OzoneBucket.java:325)
	at org.apache.hadoop.ozone.freon.RandomKeyGenerator.createKey(RandomKeyGenerator.java:695)
	at org.apache.hadoop.ozone.freon.RandomKeyGenerator.access$1100(RandomKeyGenerator.java:88)
	at org.apache.hadoop.ozone.freon.RandomKeyGenerator$ObjectCreator.run(RandomKeyGenerator.java:615)
	at java.util.concurrent.Executors$RunnableAdapter.call(Executors.java:511)
	at java.util.concurrent.FutureTask.run(FutureTask.java:266)
	at java.util.concurrent.ThreadPoolExecutor.runWorker(ThreadPoolExecutor.java:1149)
	at java.util.concurrent.ThreadPoolExecutor$Worker.run(ThreadPoolExecutor.java:624)
	at java.lang.Thread.run(Thread.java:748)
2019-09-26 10:59:38,307 [pool-75-thread-3] ERROR freon.RandomKeyGenerator (RandomKeyGenerator.java:createKey(733)) - Exception while adding key: key-0-12558 in bucket: bucket-1-86159 of volume: vol-1-15971.
INTERNAL_ERROR org.apache.hadoop.ozone.om.exceptions.OMException: Allocated 0 blocks. Requested 1 blocks
	at org.apache.hadoop.ozone.om.protocolPB.OzoneManagerProtocolClientSideTranslatorPB.handleError(OzoneManagerProtocolClientSideTranslatorPB.java:732)
	at org.apache.hadoop.ozone.om.protocolPB.OzoneManagerProtocolClientSideTranslatorPB.openKey(OzoneManagerProtocolClientSideTranslatorPB.java:723)
	at sun.reflect.NativeMethodAccessorImpl.invoke0(Native Method)
	at sun.reflect.NativeMethodAccessorImpl.invoke(NativeMethodAccessorImpl.java:62)
	at sun.reflect.DelegatingMethodAccessorImpl.invoke(DelegatingMethodAccessorImpl.java:43)
	at java.lang.reflect.Method.invoke(Method.java:498)
	at org.apache.hadoop.hdds.tracing.TraceAllMethod.invoke(TraceAllMethod.java:66)
	at com.sun.proxy.$Proxy37.openKey(Unknown Source)
	at org.apache.hadoop.ozone.client.rpc.RpcClient.createKey(RpcClient.java:614)
	at org.apache.hadoop.ozone.client.OzoneBucket.createKey(OzoneBucket.java:325)
	at org.apache.hadoop.ozone.freon.RandomKeyGenerator.createKey(RandomKeyGenerator.java:695)
	at org.apache.hadoop.ozone.freon.RandomKeyGenerator.access$1100(RandomKeyGenerator.java:88)
	at org.apache.hadoop.ozone.freon.RandomKeyGenerator$ObjectCreator.run(RandomKeyGenerator.java:615)
	at java.util.concurrent.Executors$RunnableAdapter.call(Executors.java:511)
	at java.util.concurrent.FutureTask.run(FutureTask.java:266)
	at java.util.concurrent.ThreadPoolExecutor.runWorker(ThreadPoolExecutor.java:1149)
	at java.util.concurrent.ThreadPoolExecutor$Worker.run(ThreadPoolExecutor.java:624)
	at java.lang.Thread.run(Thread.java:748)
 0.00% |█                                                                                                    |  0/100 Time: 0:00:01 0.00% |█                                                                                                    |  0/100 Time: 0:00:02 0.00% |█                                                                                                    |  0/100 Time: 0:00:03 0.00% |█                                                                                                    |  0/100 Time: 0:00:04 100.00% |█████████████████████████████████████████████████████████████████████████████████████████████████████|  100/100 Time: 0:00:05
]]></system-out>
  </testcase>
</testsuite>