<?xml version="1.0" encoding="UTF-8"?>
<testsuite xmlns:xsi="http://www.w3.org/2001/XMLSchema-instance" xsi:noNamespaceSchemaLocation="https://maven.apache.org/surefire/maven-surefire-plugin/xsd/surefire-test-report.xsd" name="org.apache.hadoop.ozone.client.rpc.TestBlockOutputStreamWithFailures" time="757.99" tests="8" errors="0" skipped="0" failures="1">
  <properties>
    <property name="awt.toolkit" value="sun.awt.X11.XToolkit"/>
    <property name="file.encoding.pkg" value="sun.io"/>
    <property name="java.specification.version" value="1.8"/>
    <property name="sun.cpu.isalist" value=""/>
    <property name="sun.jnu.encoding" value="UTF-8"/>
    <property name="java.class.path" value="/workdir/hadoop-ozone/integration-test/target/test-classes:/workdir/hadoop-ozone/integration-test/target/classes:/home/user/.m2/repository/org/apache/hadoop/hadoop-ozone-common/0.5.0-SNAPSHOT/hadoop-ozone-common-0.5.0-SNAPSHOT.jar:/home/user/.m2/repository/org/apache/commons/commons-compress/1.4.1/commons-compress-1.4.1.jar:/home/user/.m2/repository/org/tukaani/xz/1.0/xz-1.0.jar:/home/user/.m2/repository/org/apache/hadoop/hadoop-common/3.2.0/hadoop-common-3.2.0.jar:/home/user/.m2/repository/org/apache/hadoop/hadoop-hdfs/3.2.0/hadoop-hdfs-3.2.0.jar:/home/user/.m2/repository/org/apache/hadoop/hadoop-hdfs-client/3.2.0/hadoop-hdfs-client-3.2.0.jar:/home/user/.m2/repository/com/fasterxml/jackson/core/jackson-annotations/2.9.5/jackson-annotations-2.9.5.jar:/home/user/.m2/repository/org/apache/hadoop/hadoop-hdds-common/0.5.0-SNAPSHOT/hadoop-hdds-common-0.5.0-SNAPSHOT.jar:/home/user/.m2/repository/javax/annotation/javax.annotation-api/1.2/javax.annotation-api-1.2.jar:/home/user/.m2/repository/org/apache/ratis/ratis-server/0.4.0-2337318-SNAPSHOT/ratis-server-0.4.0-2337318-SNAPSHOT.jar:/home/user/.m2/repository/org/apache/ratis/ratis-thirdparty-misc/0.2.0/ratis-thirdparty-misc-0.2.0.jar:/home/user/.m2/repository/org/apache/ratis/ratis-proto/0.4.0-2337318-SNAPSHOT/ratis-proto-0.4.0-2337318-SNAPSHOT.jar:/home/user/.m2/repository/org/apache/ratis/ratis-common/0.4.0-2337318-SNAPSHOT/ratis-common-0.4.0-2337318-SNAPSHOT.jar:/home/user/.m2/repository/org/apache/ratis/ratis-client/0.4.0-2337318-SNAPSHOT/ratis-client-0.4.0-2337318-SNAPSHOT.jar:/home/user/.m2/repository/org/apache/ratis/ratis-metrics/0.4.0-2337318-SNAPSHOT/ratis-metrics-0.4.0-2337318-SNAPSHOT.jar:/home/user/.m2/repository/org/apache/ratis/ratis-netty/0.4.0-2337318-SNAPSHOT/ratis-netty-0.4.0-2337318-SNAPSHOT.jar:/home/user/.m2/repository/org/apache/ratis/ratis-grpc/0.4.0-2337318-SNAPSHOT/ratis-grpc-0.4.0-2337318-SNAPSHOT.jar:/home/user/.m2/repository/org/rocksdb/rocksdbjni/6.0.1/rocksdbjni-6.0.1.jar:/home/user/.m2/repository/org/apache/logging/log4j/log4j-api/2.11.0/log4j-api-2.11.0.jar:/home/user/.m2/repository/org/apache/logging/log4j/log4j-core/2.11.0/log4j-core-2.11.0.jar:/home/user/.m2/repository/com/lmax/disruptor/3.4.2/disruptor-3.4.2.jar:/home/user/.m2/repository/org/apache/commons/commons-pool2/2.6.0/commons-pool2-2.6.0.jar:/home/user/.m2/repository/org/bouncycastle/bcpkix-jdk15on/1.60/bcpkix-jdk15on-1.60.jar:/home/user/.m2/repository/commons-validator/commons-validator/1.6/commons-validator-1.6.jar:/home/user/.m2/repository/commons-digester/commons-digester/1.8.1/commons-digester-1.8.1.jar:/home/user/.m2/repository/io/jaegertracing/jaeger-client/0.33.1/jaeger-client-0.33.1.jar:/home/user/.m2/repository/io/jaegertracing/jaeger-thrift/0.33.1/jaeger-thrift-0.33.1.jar:/home/user/.m2/repository/org/apache/thrift/libthrift/0.11.0/libthrift-0.11.0.jar:/home/user/.m2/repository/com/squareup/okhttp3/okhttp/3.9.0/okhttp-3.9.0.jar:/home/user/.m2/repository/com/squareup/okio/okio/1.13.0/okio-1.13.0.jar:/home/user/.m2/repository/io/jaegertracing/jaeger-core/0.33.1/jaeger-core-0.33.1.jar:/home/user/.m2/repository/io/jaegertracing/jaeger-tracerresolver/0.33.1/jaeger-tracerresolver-0.33.1.jar:/home/user/.m2/repository/io/opentracing/contrib/opentracing-tracerresolver/0.1.5/opentracing-tracerresolver-0.1.5.jar:/home/user/.m2/repository/io/opentracing/opentracing-util/0.31.0/opentracing-util-0.31.0.jar:/home/user/.m2/repository/io/opentracing/opentracing-api/0.31.0/opentracing-api-0.31.0.jar:/home/user/.m2/repository/io/opentracing/opentracing-noop/0.31.0/opentracing-noop-0.31.0.jar:/home/user/.m2/repository/org/apache/hadoop/hadoop-hdds-server-framework/0.5.0-SNAPSHOT/hadoop-hdds-server-framework-0.5.0-SNAPSHOT.jar:/home/user/.m2/repository/org/apache/hadoop/hadoop-hdds-container-service/0.5.0-SNAPSHOT/hadoop-hdds-container-service-0.5.0-SNAPSHOT.jar:/home/user/.m2/repository/org/apache/hadoop/hadoop-hdds-client/0.5.0-SNAPSHOT/hadoop-hdds-client-0.5.0-SNAPSHOT.jar:/home/user/.m2/repository/org/apache/hadoop/hadoop-hdds-tools/0.5.0-SNAPSHOT/hadoop-hdds-tools-0.5.0-SNAPSHOT.jar:/home/user/.m2/repository/org/apache/hadoop/hadoop-hdds-server-scm/0.5.0-SNAPSHOT/hadoop-hdds-server-scm-0.5.0-SNAPSHOT.jar:/home/user/.m2/repository/org/apache/hadoop/hadoop-hdds-docs/0.5.0-SNAPSHOT/hadoop-hdds-docs-0.5.0-SNAPSHOT.jar:/home/user/.m2/repository/io/dropwizard/metrics/metrics-core/3.2.4/metrics-core-3.2.4.jar:/home/user/.m2/repository/org/hamcrest/hamcrest-all/1.3/hamcrest-all-1.3.jar:/home/user/.m2/repository/org/bouncycastle/bcprov-jdk15on/1.60/bcprov-jdk15on-1.60.jar:/home/user/.m2/repository/info/picocli/picocli/3.9.6/picocli-3.9.6.jar:/home/user/.m2/repository/com/google/protobuf/protobuf-java/2.5.0/protobuf-java-2.5.0.jar:/home/user/.m2/repository/com/google/guava/guava/11.0.2/guava-11.0.2.jar:/home/user/.m2/repository/org/apache/hadoop/hadoop-ozone-ozone-manager/0.5.0-SNAPSHOT/hadoop-ozone-ozone-manager-0.5.0-SNAPSHOT.jar:/home/user/.m2/repository/org/apache/hadoop/hadoop-minikdc/3.2.0/hadoop-minikdc-3.2.0.jar:/home/user/.m2/repository/commons-io/commons-io/2.5/commons-io-2.5.jar:/home/user/.m2/repository/org/apache/kerby/kerb-simplekdc/1.0.1/kerb-simplekdc-1.0.1.jar:/home/user/.m2/repository/org/apache/kerby/kerb-client/1.0.1/kerb-client-1.0.1.jar:/home/user/.m2/repository/org/apache/kerby/kerby-config/1.0.1/kerby-config-1.0.1.jar:/home/user/.m2/repository/org/apache/kerby/kerb-core/1.0.1/kerb-core-1.0.1.jar:/home/user/.m2/repository/org/apache/kerby/kerby-pkix/1.0.1/kerby-pkix-1.0.1.jar:/home/user/.m2/repository/org/apache/kerby/kerby-asn1/1.0.1/kerby-asn1-1.0.1.jar:/home/user/.m2/repository/org/apache/kerby/kerby-util/1.0.1/kerby-util-1.0.1.jar:/home/user/.m2/repository/org/apache/kerby/kerb-common/1.0.1/kerb-common-1.0.1.jar:/home/user/.m2/repository/org/apache/kerby/kerb-crypto/1.0.1/kerb-crypto-1.0.1.jar:/home/user/.m2/repository/org/apache/kerby/kerb-util/1.0.1/kerb-util-1.0.1.jar:/home/user/.m2/repository/org/apache/kerby/token-provider/1.0.1/token-provider-1.0.1.jar:/home/user/.m2/repository/org/apache/kerby/kerb-admin/1.0.1/kerb-admin-1.0.1.jar:/home/user/.m2/repository/org/apache/kerby/kerb-server/1.0.1/kerb-server-1.0.1.jar:/home/user/.m2/repository/org/apache/kerby/kerb-identity/1.0.1/kerb-identity-1.0.1.jar:/home/user/.m2/repository/org/apache/kerby/kerby-xdr/1.0.1/kerby-xdr-1.0.1.jar:/home/user/.m2/repository/org/slf4j/slf4j-log4j12/1.7.25/slf4j-log4j12-1.7.25.jar:/home/user/.m2/repository/org/apache/hadoop/hadoop-ozone-s3gateway/0.5.0-SNAPSHOT/hadoop-ozone-s3gateway-0.5.0-SNAPSHOT.jar:/home/user/.m2/repository/org/jboss/weld/servlet/weld-servlet/2.4.7.Final/weld-servlet-2.4.7.Final.jar:/home/user/.m2/repository/org/glassfish/jersey/containers/jersey-container-servlet-core/2.27/jersey-container-servlet-core-2.27.jar:/home/user/.m2/repository/org/glassfish/hk2/external/javax.inject/2.5.0-b42/javax.inject-2.5.0-b42.jar:/home/user/.m2/repository/org/glassfish/jersey/core/jersey-common/2.27/jersey-common-2.27.jar:/home/user/.m2/repository/org/glassfish/hk2/osgi-resource-locator/1.0.1/osgi-resource-locator-1.0.1.jar:/home/user/.m2/repository/javax/ws/rs/javax.ws.rs-api/2.1/javax.ws.rs-api-2.1.jar:/home/user/.m2/repository/org/glassfish/jersey/ext/cdi/jersey-cdi1x/2.27/jersey-cdi1x-2.27.jar:/home/user/.m2/repository/org/glassfish/jersey/inject/jersey-hk2/2.27/jersey-hk2-2.27.jar:/home/user/.m2/repository/org/glassfish/hk2/hk2-locator/2.5.0-b42/hk2-locator-2.5.0-b42.jar:/home/user/.m2/repository/org/javassist/javassist/3.22.0-CR2/javassist-3.22.0-CR2.jar:/home/user/.m2/repository/org/glassfish/hk2/hk2-api/2.5.0/hk2-api-2.5.0.jar:/home/user/.m2/repository/org/glassfish/hk2/external/jakarta.inject/2.5.0/jakarta.inject-2.5.0.jar:/home/user/.m2/repository/org/glassfish/hk2/hk2-utils/2.5.0/hk2-utils-2.5.0.jar:/home/user/.m2/repository/jakarta/annotation/jakarta.annotation-api/1.3.4/jakarta.annotation-api-1.3.4.jar:/home/user/.m2/repository/org/glassfish/hk2/external/aopalliance-repackaged/2.5.0/aopalliance-repackaged-2.5.0.jar:/home/user/.m2/repository/com/fasterxml/jackson/dataformat/jackson-dataformat-xml/2.9.0/jackson-dataformat-xml-2.9.0.jar:/home/user/.m2/repository/com/fasterxml/jackson/core/jackson-core/2.9.5/jackson-core-2.9.5.jar:/home/user/.m2/repository/com/fasterxml/jackson/module/jackson-module-jaxb-annotations/2.9.5/jackson-module-jaxb-annotations-2.9.5.jar:/home/user/.m2/repository/javax/enterprise/cdi-api/1.2/cdi-api-1.2.jar:/home/user/.m2/repository/javax/el/javax.el-api/3.0.0/javax.el-api-3.0.0.jar:/home/user/.m2/repository/javax/interceptor/javax.interceptor-api/1.2/javax.interceptor-api-1.2.jar:/home/user/.m2/repository/javax/inject/javax.inject/1/javax.inject-1.jar:/home/user/.m2/repository/com/sun/xml/bind/jaxb-impl/2.3.0.1/jaxb-impl-2.3.0.1.jar:/home/user/.m2/repository/com/sun/xml/bind/jaxb-core/2.3.0.1/jaxb-core-2.3.0.1.jar:/home/user/.m2/repository/javax/xml/bind/jaxb-api/2.3.0/jaxb-api-2.3.0.jar:/home/user/.m2/repository/javax/activation/activation/1.1.1/activation-1.1.1.jar:/home/user/.m2/repository/org/apache/hadoop/hadoop-ozone-csi/0.5.0-SNAPSHOT/hadoop-ozone-csi-0.5.0-SNAPSHOT.jar:/home/user/.m2/repository/com/google/protobuf/protobuf-java-util/3.5.1/protobuf-java-util-3.5.1.jar:/home/user/.m2/repository/org/apache/hadoop/hadoop-hdds-config/0.5.0-SNAPSHOT/hadoop-hdds-config-0.5.0-SNAPSHOT.jar:/home/user/.m2/repository/io/grpc/grpc-netty/1.17.1/grpc-netty-1.17.1.jar:/home/user/.m2/repository/io/grpc/grpc-core/1.17.1/grpc-core-1.17.1.jar:/home/user/.m2/repository/io/grpc/grpc-context/1.17.1/grpc-context-1.17.1.jar:/home/user/.m2/repository/com/google/errorprone/error_prone_annotations/2.2.0/error_prone_annotations-2.2.0.jar:/home/user/.m2/repository/org/codehaus/mojo/animal-sniffer-annotations/1.17/animal-sniffer-annotations-1.17.jar:/home/user/.m2/repository/io/opencensus/opencensus-api/0.17.0/opencensus-api-0.17.0.jar:/home/user/.m2/repository/io/opencensus/opencensus-contrib-grpc-metrics/0.17.0/opencensus-contrib-grpc-metrics-0.17.0.jar:/home/user/.m2/repository/io/netty/netty-codec-http2/4.1.30.Final/netty-codec-http2-4.1.30.Final.jar:/home/user/.m2/repository/io/netty/netty-codec-http/4.1.30.Final/netty-codec-http-4.1.30.Final.jar:/home/user/.m2/repository/io/netty/netty-codec/4.1.30.Final/netty-codec-4.1.30.Final.jar:/home/user/.m2/repository/io/netty/netty-handler/4.1.30.Final/netty-handler-4.1.30.Final.jar:/home/user/.m2/repository/io/netty/netty-handler-proxy/4.1.30.Final/netty-handler-proxy-4.1.30.Final.jar:/home/user/.m2/repository/io/netty/netty-codec-socks/4.1.30.Final/netty-codec-socks-4.1.30.Final.jar:/home/user/.m2/repository/io/netty/netty-transport-native-epoll/4.1.30.Final/netty-transport-native-epoll-4.1.30.Final.jar:/home/user/.m2/repository/io/netty/netty-common/4.1.30.Final/netty-common-4.1.30.Final.jar:/home/user/.m2/repository/io/netty/netty-buffer/4.1.30.Final/netty-buffer-4.1.30.Final.jar:/home/user/.m2/repository/io/netty/netty-transport/4.1.30.Final/netty-transport-4.1.30.Final.jar:/home/user/.m2/repository/io/netty/netty-resolver/4.1.30.Final/netty-resolver-4.1.30.Final.jar:/home/user/.m2/repository/io/netty/netty-transport-native-unix-common/4.1.30.Final/netty-transport-native-unix-common-4.1.30.Final.jar:/home/user/.m2/repository/io/grpc/grpc-protobuf/1.17.1/grpc-protobuf-1.17.1.jar:/home/user/.m2/repository/com/google/api/grpc/proto-google-common-protos/1.0.0/proto-google-common-protos-1.0.0.jar:/home/user/.m2/repository/io/grpc/grpc-protobuf-lite/1.17.1/grpc-protobuf-lite-1.17.1.jar:/home/user/.m2/repository/io/grpc/grpc-stub/1.17.1/grpc-stub-1.17.1.jar:/home/user/.m2/repository/org/apache/hadoop/hadoop-ozone-recon/0.5.0-SNAPSHOT/hadoop-ozone-recon-0.5.0-SNAPSHOT.jar:/home/user/.m2/repository/org/apache/hadoop/hadoop-ozone-reconcodegen/0.5.0-SNAPSHOT/hadoop-ozone-reconcodegen-0.5.0-SNAPSHOT.jar:/home/user/.m2/repository/com/google/inject/extensions/guice-multibindings/4.0/guice-multibindings-4.0.jar:/home/user/.m2/repository/com/google/inject/guice/4.0/guice-4.0.jar:/home/user/.m2/repository/aopalliance/aopalliance/1.0/aopalliance-1.0.jar:/home/user/.m2/repository/com/google/inject/extensions/guice-servlet/4.0/guice-servlet-4.0.jar:/home/user/.m2/repository/org/glassfish/jersey/containers/jersey-container-servlet/2.27/jersey-container-servlet-2.27.jar:/home/user/.m2/repository/org/glassfish/hk2/guice-bridge/2.5.0/guice-bridge-2.5.0.jar:/home/user/.m2/repository/org/glassfish/jersey/core/jersey-server/2.27/jersey-server-2.27.jar:/home/user/.m2/repository/org/glassfish/jersey/core/jersey-client/2.27/jersey-client-2.27.jar:/home/user/.m2/repository/org/glassfish/jersey/media/jersey-media-jaxb/2.27/jersey-media-jaxb-2.27.jar:/home/user/.m2/repository/javax/validation/validation-api/1.1.0.Final/validation-api-1.1.0.Final.jar:/home/user/.m2/repository/org/glassfish/jersey/media/jersey-media-json-jackson/2.27/jersey-media-json-jackson-2.27.jar:/home/user/.m2/repository/org/glassfish/jersey/ext/jersey-entity-filtering/2.27/jersey-entity-filtering-2.27.jar:/home/user/.m2/repository/com/google/inject/extensions/guice-assistedinject/4.0/guice-assistedinject-4.0.jar:/home/user/.m2/repository/org/jooq/jooq/3.11.10/jooq-3.11.10.jar:/home/user/.m2/repository/org/jooq/jooq-meta/3.11.10/jooq-meta-3.11.10.jar:/home/user/.m2/repository/org/jooq/jooq-codegen/3.11.10/jooq-codegen-3.11.10.jar:/home/user/.m2/repository/com/jolbox/bonecp/0.8.0.RELEASE/bonecp-0.8.0.RELEASE.jar:/home/user/.m2/repository/org/xerial/sqlite-jdbc/3.25.2/sqlite-jdbc-3.25.2.jar:/home/user/.m2/repository/org/springframework/spring-jdbc/5.1.3.RELEASE/spring-jdbc-5.1.3.RELEASE.jar:/home/user/.m2/repository/org/springframework/spring-beans/5.1.3.RELEASE/spring-beans-5.1.3.RELEASE.jar:/home/user/.m2/repository/org/springframework/spring-core/5.1.3.RELEASE/spring-core-5.1.3.RELEASE.jar:/home/user/.m2/repository/org/springframework/spring-jcl/5.1.3.RELEASE/spring-jcl-5.1.3.RELEASE.jar:/home/user/.m2/repository/org/springframework/spring-tx/5.1.3.RELEASE/spring-tx-5.1.3.RELEASE.jar:/home/user/.m2/repository/org/apache/hadoop/hadoop-ozone-client/0.5.0-SNAPSHOT/hadoop-ozone-client-0.5.0-SNAPSHOT.jar:/home/user/.m2/repository/commons-lang/commons-lang/2.6/commons-lang-2.6.jar:/home/user/.m2/repository/org/apache/hadoop/hadoop-ozone-ozone-manager/0.5.0-SNAPSHOT/hadoop-ozone-ozone-manager-0.5.0-SNAPSHOT-tests.jar:/home/user/.m2/repository/junit/junit/4.11/junit-4.11.jar:/home/user/.m2/repository/org/hamcrest/hamcrest-core/1.3/hamcrest-core-1.3.jar:/home/user/.m2/repository/org/openjdk/jmh/jmh-core/1.19/jmh-core-1.19.jar:/home/user/.m2/repository/net/sf/jopt-simple/jopt-simple/4.6/jopt-simple-4.6.jar:/home/user/.m2/repository/org/apache/commons/commons-math3/3.1.1/commons-math3-3.1.1.jar:/home/user/.m2/repository/org/openjdk/jmh/jmh-generator-annprocess/1.19/jmh-generator-annprocess-1.19.jar:/home/user/.m2/repository/org/mockito/mockito-all/1.8.5/mockito-all-1.8.5.jar:/home/user/.m2/repository/org/apache/hadoop/hadoop-kms/3.2.0/hadoop-kms-3.2.0.jar:/home/user/.m2/repository/org/apache/hadoop/hadoop-auth/3.2.0/hadoop-auth-3.2.0.jar:/home/user/.m2/repository/com/nimbusds/nimbus-jose-jwt/4.41.1/nimbus-jose-jwt-4.41.1.jar:/home/user/.m2/repository/com/github/stephenc/jcip/jcip-annotations/1.0-1/jcip-annotations-1.0-1.jar:/home/user/.m2/repository/net/minidev/json-smart/2.3/json-smart-2.3.jar:/home/user/.m2/repository/net/minidev/accessors-smart/1.2/accessors-smart-1.2.jar:/home/user/.m2/repository/org/ow2/asm/asm/5.0.4/asm-5.0.4.jar:/home/user/.m2/repository/org/apache/curator/curator-framework/2.12.0/curator-framework-2.12.0.jar:/home/user/.m2/repository/com/sun/jersey/jersey-core/1.19/jersey-core-1.19.jar:/home/user/.m2/repository/javax/ws/rs/jsr311-api/1.1.1/jsr311-api-1.1.1.jar:/home/user/.m2/repository/com/sun/jersey/jersey-server/1.19/jersey-server-1.19.jar:/home/user/.m2/repository/javax/servlet/javax.servlet-api/3.1.0/javax.servlet-api-3.1.0.jar:/home/user/.m2/repository/org/eclipse/jetty/jetty-server/9.3.24.v20180605/jetty-server-9.3.24.v20180605.jar:/home/user/.m2/repository/org/eclipse/jetty/jetty-http/9.3.24.v20180605/jetty-http-9.3.24.v20180605.jar:/home/user/.m2/repository/org/eclipse/jetty/jetty-io/9.3.24.v20180605/jetty-io-9.3.24.v20180605.jar:/home/user/.m2/repository/org/eclipse/jetty/jetty-webapp/9.3.24.v20180605/jetty-webapp-9.3.24.v20180605.jar:/home/user/.m2/repository/org/eclipse/jetty/jetty-xml/9.3.24.v20180605/jetty-xml-9.3.24.v20180605.jar:/home/user/.m2/repository/log4j/log4j/1.2.17/log4j-1.2.17.jar:/home/user/.m2/repository/org/slf4j/slf4j-api/1.7.25/slf4j-api-1.7.25.jar:/home/user/.m2/repository/org/slf4j/jul-to-slf4j/1.7.25/jul-to-slf4j-1.7.25.jar:/home/user/.m2/repository/org/eclipse/jetty/jetty-util/9.3.24.v20180605/jetty-util-9.3.24.v20180605.jar:/home/user/.m2/repository/com/fasterxml/jackson/core/jackson-databind/2.9.5/jackson-databind-2.9.5.jar:/home/user/.m2/repository/org/apache/hadoop/hadoop-kms/3.2.0/hadoop-kms-3.2.0-tests.jar:/home/user/.m2/repository/org/apache/hadoop/hadoop-hdds-server-scm/0.5.0-SNAPSHOT/hadoop-hdds-server-scm-0.5.0-SNAPSHOT-tests.jar:/home/user/.m2/repository/org/apache/hadoop/hadoop-hdds-container-service/0.5.0-SNAPSHOT/hadoop-hdds-container-service-0.5.0-SNAPSHOT-tests.jar:/home/user/.m2/repository/org/yaml/snakeyaml/1.16/snakeyaml-1.16.jar:/home/user/.m2/repository/org/apache/hadoop/hadoop-common/3.2.0/hadoop-common-3.2.0-tests.jar:/home/user/.m2/repository/org/apache/hadoop/hadoop-annotations/3.2.0/hadoop-annotations-3.2.0.jar:/usr/lib/jvm/java-1.8-openjdk/jre/../lib/tools.jar:/home/user/.m2/repository/commons-cli/commons-cli/1.2/commons-cli-1.2.jar:/home/user/.m2/repository/org/apache/httpcomponents/httpclient/4.5.2/httpclient-4.5.2.jar:/home/user/.m2/repository/org/apache/httpcomponents/httpcore/4.4.4/httpcore-4.4.4.jar:/home/user/.m2/repository/commons-codec/commons-codec/1.11/commons-codec-1.11.jar:/home/user/.m2/repository/commons-net/commons-net/3.6/commons-net-3.6.jar:/home/user/.m2/repository/commons-collections/commons-collections/3.2.2/commons-collections-3.2.2.jar:/home/user/.m2/repository/org/eclipse/jetty/jetty-servlet/9.3.24.v20180605/jetty-servlet-9.3.24.v20180605.jar:/home/user/.m2/repository/org/eclipse/jetty/jetty-security/9.3.24.v20180605/jetty-security-9.3.24.v20180605.jar:/home/user/.m2/repository/javax/servlet/jsp/jsp-api/2.1/jsp-api-2.1.jar:/home/user/.m2/repository/com/sun/jersey/jersey-servlet/1.19/jersey-servlet-1.19.jar:/home/user/.m2/repository/com/sun/jersey/jersey-json/1.19/jersey-json-1.19.jar:/home/user/.m2/repository/org/codehaus/jettison/jettison/1.1/jettison-1.1.jar:/home/user/.m2/repository/org/codehaus/jackson/jackson-core-asl/1.9.13/jackson-core-asl-1.9.13.jar:/home/user/.m2/repository/org/codehaus/jackson/jackson-mapper-asl/1.9.13/jackson-mapper-asl-1.9.13.jar:/home/user/.m2/repository/org/codehaus/jackson/jackson-jaxrs/1.9.13/jackson-jaxrs-1.9.13.jar:/home/user/.m2/repository/org/codehaus/jackson/jackson-xc/1.9.13/jackson-xc-1.9.13.jar:/home/user/.m2/repository/commons-logging/commons-logging/1.1.3/commons-logging-1.1.3.jar:/home/user/.m2/repository/commons-beanutils/commons-beanutils/1.9.3/commons-beanutils-1.9.3.jar:/home/user/.m2/repository/org/apache/commons/commons-configuration2/2.1.1/commons-configuration2-2.1.1.jar:/home/user/.m2/repository/org/apache/commons/commons-lang3/3.7/commons-lang3-3.7.jar:/home/user/.m2/repository/org/apache/commons/commons-text/1.4/commons-text-1.4.jar:/home/user/.m2/repository/org/apache/avro/avro/1.7.7/avro-1.7.7.jar:/home/user/.m2/repository/com/thoughtworks/paranamer/paranamer/2.3/paranamer-2.3.jar:/home/user/.m2/repository/org/xerial/snappy/snappy-java/1.0.5/snappy-java-1.0.5.jar:/home/user/.m2/repository/com/google/re2j/re2j/1.1/re2j-1.1.jar:/home/user/.m2/repository/com/google/code/gson/gson/2.2.4/gson-2.2.4.jar:/home/user/.m2/repository/com/jcraft/jsch/0.1.54/jsch-0.1.54.jar:/home/user/.m2/repository/org/apache/curator/curator-client/2.12.0/curator-client-2.12.0.jar:/home/user/.m2/repository/org/apache/curator/curator-recipes/2.12.0/curator-recipes-2.12.0.jar:/home/user/.m2/repository/com/google/code/findbugs/jsr305/3.0.0/jsr305-3.0.0.jar:/home/user/.m2/repository/org/apache/htrace/htrace-core4/4.1.0-incubating/htrace-core4-4.1.0-incubating.jar:/home/user/.m2/repository/org/apache/zookeeper/zookeeper/3.4.13/zookeeper-3.4.13.jar:/home/user/.m2/repository/org/apache/yetus/audience-annotations/0.5.0/audience-annotations-0.5.0.jar:/home/user/.m2/repository/org/codehaus/woodstox/stax2-api/3.1.4/stax2-api-3.1.4.jar:/home/user/.m2/repository/com/fasterxml/woodstox/woodstox-core/5.0.3/woodstox-core-5.0.3.jar:/home/user/.m2/repository/dnsjava/dnsjava/2.1.7/dnsjava-2.1.7.jar:/home/user/.m2/repository/org/apache/hadoop/hadoop-hdfs/3.2.0/hadoop-hdfs-3.2.0-tests.jar:/home/user/.m2/repository/org/eclipse/jetty/jetty-util-ajax/9.3.24.v20180605/jetty-util-ajax-9.3.24.v20180605.jar:/home/user/.m2/repository/commons-daemon/commons-daemon/1.0.13/commons-daemon-1.0.13.jar:/home/user/.m2/repository/io/netty/netty/3.10.5.Final/netty-3.10.5.Final.jar:/home/user/.m2/repository/io/netty/netty-all/4.0.52.Final/netty-all-4.0.52.Final.jar:/home/user/.m2/repository/org/fusesource/leveldbjni/leveldbjni-all/1.8/leveldbjni-all-1.8.jar:"/>
    <property name="java.vm.vendor" value="IcedTea"/>
    <property name="sun.arch.data.model" value="64"/>
    <property name="test.build.dir" value="/workdir/hadoop-ozone/integration-test/target/test-dir"/>
    <property name="test.cache.data" value=""/>
    <property name="java.vendor.url" value="https://icedtea.classpath.org"/>
    <property name="user.timezone" value=""/>
    <property name="java.vm.specification.version" value="1.8"/>
    <property name="os.name" value="Linux"/>
    <property name="test.build.data" value="/workdir/hadoop-ozone/integration-test/target/test-dir"/>
    <property name="user.country" value="US"/>
    <property name="sun.java.launcher" value="SUN_STANDARD"/>
    <property name="sun.boot.library.path" value="/usr/lib/jvm/java-1.8-openjdk/jre/lib/amd64"/>
    <property name="sun.java.command" value="/workdir/hadoop-ozone/integration-test/target/surefire/surefirebooter7017146953588652300.jar /workdir/hadoop-ozone/integration-test/target/surefire 2019-09-10T23-38-31_094-jvmRun1 surefire6782940269497642577tmp surefire_168766460687246610129tmp"/>
    <property name="test" value="!TestMiniChaosOzoneCluster"/>
    <property name="surefire.test.class.path" value="/workdir/hadoop-ozone/integration-test/target/test-classes:/workdir/hadoop-ozone/integration-test/target/classes:/home/user/.m2/repository/org/apache/hadoop/hadoop-ozone-common/0.5.0-SNAPSHOT/hadoop-ozone-common-0.5.0-SNAPSHOT.jar:/home/user/.m2/repository/org/apache/commons/commons-compress/1.4.1/commons-compress-1.4.1.jar:/home/user/.m2/repository/org/tukaani/xz/1.0/xz-1.0.jar:/home/user/.m2/repository/org/apache/hadoop/hadoop-common/3.2.0/hadoop-common-3.2.0.jar:/home/user/.m2/repository/org/apache/hadoop/hadoop-hdfs/3.2.0/hadoop-hdfs-3.2.0.jar:/home/user/.m2/repository/org/apache/hadoop/hadoop-hdfs-client/3.2.0/hadoop-hdfs-client-3.2.0.jar:/home/user/.m2/repository/com/fasterxml/jackson/core/jackson-annotations/2.9.5/jackson-annotations-2.9.5.jar:/home/user/.m2/repository/org/apache/hadoop/hadoop-hdds-common/0.5.0-SNAPSHOT/hadoop-hdds-common-0.5.0-SNAPSHOT.jar:/home/user/.m2/repository/javax/annotation/javax.annotation-api/1.2/javax.annotation-api-1.2.jar:/home/user/.m2/repository/org/apache/ratis/ratis-server/0.4.0-2337318-SNAPSHOT/ratis-server-0.4.0-2337318-SNAPSHOT.jar:/home/user/.m2/repository/org/apache/ratis/ratis-thirdparty-misc/0.2.0/ratis-thirdparty-misc-0.2.0.jar:/home/user/.m2/repository/org/apache/ratis/ratis-proto/0.4.0-2337318-SNAPSHOT/ratis-proto-0.4.0-2337318-SNAPSHOT.jar:/home/user/.m2/repository/org/apache/ratis/ratis-common/0.4.0-2337318-SNAPSHOT/ratis-common-0.4.0-2337318-SNAPSHOT.jar:/home/user/.m2/repository/org/apache/ratis/ratis-client/0.4.0-2337318-SNAPSHOT/ratis-client-0.4.0-2337318-SNAPSHOT.jar:/home/user/.m2/repository/org/apache/ratis/ratis-metrics/0.4.0-2337318-SNAPSHOT/ratis-metrics-0.4.0-2337318-SNAPSHOT.jar:/home/user/.m2/repository/org/apache/ratis/ratis-netty/0.4.0-2337318-SNAPSHOT/ratis-netty-0.4.0-2337318-SNAPSHOT.jar:/home/user/.m2/repository/org/apache/ratis/ratis-grpc/0.4.0-2337318-SNAPSHOT/ratis-grpc-0.4.0-2337318-SNAPSHOT.jar:/home/user/.m2/repository/org/rocksdb/rocksdbjni/6.0.1/rocksdbjni-6.0.1.jar:/home/user/.m2/repository/org/apache/logging/log4j/log4j-api/2.11.0/log4j-api-2.11.0.jar:/home/user/.m2/repository/org/apache/logging/log4j/log4j-core/2.11.0/log4j-core-2.11.0.jar:/home/user/.m2/repository/com/lmax/disruptor/3.4.2/disruptor-3.4.2.jar:/home/user/.m2/repository/org/apache/commons/commons-pool2/2.6.0/commons-pool2-2.6.0.jar:/home/user/.m2/repository/org/bouncycastle/bcpkix-jdk15on/1.60/bcpkix-jdk15on-1.60.jar:/home/user/.m2/repository/commons-validator/commons-validator/1.6/commons-validator-1.6.jar:/home/user/.m2/repository/commons-digester/commons-digester/1.8.1/commons-digester-1.8.1.jar:/home/user/.m2/repository/io/jaegertracing/jaeger-client/0.33.1/jaeger-client-0.33.1.jar:/home/user/.m2/repository/io/jaegertracing/jaeger-thrift/0.33.1/jaeger-thrift-0.33.1.jar:/home/user/.m2/repository/org/apache/thrift/libthrift/0.11.0/libthrift-0.11.0.jar:/home/user/.m2/repository/com/squareup/okhttp3/okhttp/3.9.0/okhttp-3.9.0.jar:/home/user/.m2/repository/com/squareup/okio/okio/1.13.0/okio-1.13.0.jar:/home/user/.m2/repository/io/jaegertracing/jaeger-core/0.33.1/jaeger-core-0.33.1.jar:/home/user/.m2/repository/io/jaegertracing/jaeger-tracerresolver/0.33.1/jaeger-tracerresolver-0.33.1.jar:/home/user/.m2/repository/io/opentracing/contrib/opentracing-tracerresolver/0.1.5/opentracing-tracerresolver-0.1.5.jar:/home/user/.m2/repository/io/opentracing/opentracing-util/0.31.0/opentracing-util-0.31.0.jar:/home/user/.m2/repository/io/opentracing/opentracing-api/0.31.0/opentracing-api-0.31.0.jar:/home/user/.m2/repository/io/opentracing/opentracing-noop/0.31.0/opentracing-noop-0.31.0.jar:/home/user/.m2/repository/org/apache/hadoop/hadoop-hdds-server-framework/0.5.0-SNAPSHOT/hadoop-hdds-server-framework-0.5.0-SNAPSHOT.jar:/home/user/.m2/repository/org/apache/hadoop/hadoop-hdds-container-service/0.5.0-SNAPSHOT/hadoop-hdds-container-service-0.5.0-SNAPSHOT.jar:/home/user/.m2/repository/org/apache/hadoop/hadoop-hdds-client/0.5.0-SNAPSHOT/hadoop-hdds-client-0.5.0-SNAPSHOT.jar:/home/user/.m2/repository/org/apache/hadoop/hadoop-hdds-tools/0.5.0-SNAPSHOT/hadoop-hdds-tools-0.5.0-SNAPSHOT.jar:/home/user/.m2/repository/org/apache/hadoop/hadoop-hdds-server-scm/0.5.0-SNAPSHOT/hadoop-hdds-server-scm-0.5.0-SNAPSHOT.jar:/home/user/.m2/repository/org/apache/hadoop/hadoop-hdds-docs/0.5.0-SNAPSHOT/hadoop-hdds-docs-0.5.0-SNAPSHOT.jar:/home/user/.m2/repository/io/dropwizard/metrics/metrics-core/3.2.4/metrics-core-3.2.4.jar:/home/user/.m2/repository/org/hamcrest/hamcrest-all/1.3/hamcrest-all-1.3.jar:/home/user/.m2/repository/org/bouncycastle/bcprov-jdk15on/1.60/bcprov-jdk15on-1.60.jar:/home/user/.m2/repository/info/picocli/picocli/3.9.6/picocli-3.9.6.jar:/home/user/.m2/repository/com/google/protobuf/protobuf-java/2.5.0/protobuf-java-2.5.0.jar:/home/user/.m2/repository/com/google/guava/guava/11.0.2/guava-11.0.2.jar:/home/user/.m2/repository/org/apache/hadoop/hadoop-ozone-ozone-manager/0.5.0-SNAPSHOT/hadoop-ozone-ozone-manager-0.5.0-SNAPSHOT.jar:/home/user/.m2/repository/org/apache/hadoop/hadoop-minikdc/3.2.0/hadoop-minikdc-3.2.0.jar:/home/user/.m2/repository/commons-io/commons-io/2.5/commons-io-2.5.jar:/home/user/.m2/repository/org/apache/kerby/kerb-simplekdc/1.0.1/kerb-simplekdc-1.0.1.jar:/home/user/.m2/repository/org/apache/kerby/kerb-client/1.0.1/kerb-client-1.0.1.jar:/home/user/.m2/repository/org/apache/kerby/kerby-config/1.0.1/kerby-config-1.0.1.jar:/home/user/.m2/repository/org/apache/kerby/kerb-core/1.0.1/kerb-core-1.0.1.jar:/home/user/.m2/repository/org/apache/kerby/kerby-pkix/1.0.1/kerby-pkix-1.0.1.jar:/home/user/.m2/repository/org/apache/kerby/kerby-asn1/1.0.1/kerby-asn1-1.0.1.jar:/home/user/.m2/repository/org/apache/kerby/kerby-util/1.0.1/kerby-util-1.0.1.jar:/home/user/.m2/repository/org/apache/kerby/kerb-common/1.0.1/kerb-common-1.0.1.jar:/home/user/.m2/repository/org/apache/kerby/kerb-crypto/1.0.1/kerb-crypto-1.0.1.jar:/home/user/.m2/repository/org/apache/kerby/kerb-util/1.0.1/kerb-util-1.0.1.jar:/home/user/.m2/repository/org/apache/kerby/token-provider/1.0.1/token-provider-1.0.1.jar:/home/user/.m2/repository/org/apache/kerby/kerb-admin/1.0.1/kerb-admin-1.0.1.jar:/home/user/.m2/repository/org/apache/kerby/kerb-server/1.0.1/kerb-server-1.0.1.jar:/home/user/.m2/repository/org/apache/kerby/kerb-identity/1.0.1/kerb-identity-1.0.1.jar:/home/user/.m2/repository/org/apache/kerby/kerby-xdr/1.0.1/kerby-xdr-1.0.1.jar:/home/user/.m2/repository/org/slf4j/slf4j-log4j12/1.7.25/slf4j-log4j12-1.7.25.jar:/home/user/.m2/repository/org/apache/hadoop/hadoop-ozone-s3gateway/0.5.0-SNAPSHOT/hadoop-ozone-s3gateway-0.5.0-SNAPSHOT.jar:/home/user/.m2/repository/org/jboss/weld/servlet/weld-servlet/2.4.7.Final/weld-servlet-2.4.7.Final.jar:/home/user/.m2/repository/org/glassfish/jersey/containers/jersey-container-servlet-core/2.27/jersey-container-servlet-core-2.27.jar:/home/user/.m2/repository/org/glassfish/hk2/external/javax.inject/2.5.0-b42/javax.inject-2.5.0-b42.jar:/home/user/.m2/repository/org/glassfish/jersey/core/jersey-common/2.27/jersey-common-2.27.jar:/home/user/.m2/repository/org/glassfish/hk2/osgi-resource-locator/1.0.1/osgi-resource-locator-1.0.1.jar:/home/user/.m2/repository/javax/ws/rs/javax.ws.rs-api/2.1/javax.ws.rs-api-2.1.jar:/home/user/.m2/repository/org/glassfish/jersey/ext/cdi/jersey-cdi1x/2.27/jersey-cdi1x-2.27.jar:/home/user/.m2/repository/org/glassfish/jersey/inject/jersey-hk2/2.27/jersey-hk2-2.27.jar:/home/user/.m2/repository/org/glassfish/hk2/hk2-locator/2.5.0-b42/hk2-locator-2.5.0-b42.jar:/home/user/.m2/repository/org/javassist/javassist/3.22.0-CR2/javassist-3.22.0-CR2.jar:/home/user/.m2/repository/org/glassfish/hk2/hk2-api/2.5.0/hk2-api-2.5.0.jar:/home/user/.m2/repository/org/glassfish/hk2/external/jakarta.inject/2.5.0/jakarta.inject-2.5.0.jar:/home/user/.m2/repository/org/glassfish/hk2/hk2-utils/2.5.0/hk2-utils-2.5.0.jar:/home/user/.m2/repository/jakarta/annotation/jakarta.annotation-api/1.3.4/jakarta.annotation-api-1.3.4.jar:/home/user/.m2/repository/org/glassfish/hk2/external/aopalliance-repackaged/2.5.0/aopalliance-repackaged-2.5.0.jar:/home/user/.m2/repository/com/fasterxml/jackson/dataformat/jackson-dataformat-xml/2.9.0/jackson-dataformat-xml-2.9.0.jar:/home/user/.m2/repository/com/fasterxml/jackson/core/jackson-core/2.9.5/jackson-core-2.9.5.jar:/home/user/.m2/repository/com/fasterxml/jackson/module/jackson-module-jaxb-annotations/2.9.5/jackson-module-jaxb-annotations-2.9.5.jar:/home/user/.m2/repository/javax/enterprise/cdi-api/1.2/cdi-api-1.2.jar:/home/user/.m2/repository/javax/el/javax.el-api/3.0.0/javax.el-api-3.0.0.jar:/home/user/.m2/repository/javax/interceptor/javax.interceptor-api/1.2/javax.interceptor-api-1.2.jar:/home/user/.m2/repository/javax/inject/javax.inject/1/javax.inject-1.jar:/home/user/.m2/repository/com/sun/xml/bind/jaxb-impl/2.3.0.1/jaxb-impl-2.3.0.1.jar:/home/user/.m2/repository/com/sun/xml/bind/jaxb-core/2.3.0.1/jaxb-core-2.3.0.1.jar:/home/user/.m2/repository/javax/xml/bind/jaxb-api/2.3.0/jaxb-api-2.3.0.jar:/home/user/.m2/repository/javax/activation/activation/1.1.1/activation-1.1.1.jar:/home/user/.m2/repository/org/apache/hadoop/hadoop-ozone-csi/0.5.0-SNAPSHOT/hadoop-ozone-csi-0.5.0-SNAPSHOT.jar:/home/user/.m2/repository/com/google/protobuf/protobuf-java-util/3.5.1/protobuf-java-util-3.5.1.jar:/home/user/.m2/repository/org/apache/hadoop/hadoop-hdds-config/0.5.0-SNAPSHOT/hadoop-hdds-config-0.5.0-SNAPSHOT.jar:/home/user/.m2/repository/io/grpc/grpc-netty/1.17.1/grpc-netty-1.17.1.jar:/home/user/.m2/repository/io/grpc/grpc-core/1.17.1/grpc-core-1.17.1.jar:/home/user/.m2/repository/io/grpc/grpc-context/1.17.1/grpc-context-1.17.1.jar:/home/user/.m2/repository/com/google/errorprone/error_prone_annotations/2.2.0/error_prone_annotations-2.2.0.jar:/home/user/.m2/repository/org/codehaus/mojo/animal-sniffer-annotations/1.17/animal-sniffer-annotations-1.17.jar:/home/user/.m2/repository/io/opencensus/opencensus-api/0.17.0/opencensus-api-0.17.0.jar:/home/user/.m2/repository/io/opencensus/opencensus-contrib-grpc-metrics/0.17.0/opencensus-contrib-grpc-metrics-0.17.0.jar:/home/user/.m2/repository/io/netty/netty-codec-http2/4.1.30.Final/netty-codec-http2-4.1.30.Final.jar:/home/user/.m2/repository/io/netty/netty-codec-http/4.1.30.Final/netty-codec-http-4.1.30.Final.jar:/home/user/.m2/repository/io/netty/netty-codec/4.1.30.Final/netty-codec-4.1.30.Final.jar:/home/user/.m2/repository/io/netty/netty-handler/4.1.30.Final/netty-handler-4.1.30.Final.jar:/home/user/.m2/repository/io/netty/netty-handler-proxy/4.1.30.Final/netty-handler-proxy-4.1.30.Final.jar:/home/user/.m2/repository/io/netty/netty-codec-socks/4.1.30.Final/netty-codec-socks-4.1.30.Final.jar:/home/user/.m2/repository/io/netty/netty-transport-native-epoll/4.1.30.Final/netty-transport-native-epoll-4.1.30.Final.jar:/home/user/.m2/repository/io/netty/netty-common/4.1.30.Final/netty-common-4.1.30.Final.jar:/home/user/.m2/repository/io/netty/netty-buffer/4.1.30.Final/netty-buffer-4.1.30.Final.jar:/home/user/.m2/repository/io/netty/netty-transport/4.1.30.Final/netty-transport-4.1.30.Final.jar:/home/user/.m2/repository/io/netty/netty-resolver/4.1.30.Final/netty-resolver-4.1.30.Final.jar:/home/user/.m2/repository/io/netty/netty-transport-native-unix-common/4.1.30.Final/netty-transport-native-unix-common-4.1.30.Final.jar:/home/user/.m2/repository/io/grpc/grpc-protobuf/1.17.1/grpc-protobuf-1.17.1.jar:/home/user/.m2/repository/com/google/api/grpc/proto-google-common-protos/1.0.0/proto-google-common-protos-1.0.0.jar:/home/user/.m2/repository/io/grpc/grpc-protobuf-lite/1.17.1/grpc-protobuf-lite-1.17.1.jar:/home/user/.m2/repository/io/grpc/grpc-stub/1.17.1/grpc-stub-1.17.1.jar:/home/user/.m2/repository/org/apache/hadoop/hadoop-ozone-recon/0.5.0-SNAPSHOT/hadoop-ozone-recon-0.5.0-SNAPSHOT.jar:/home/user/.m2/repository/org/apache/hadoop/hadoop-ozone-reconcodegen/0.5.0-SNAPSHOT/hadoop-ozone-reconcodegen-0.5.0-SNAPSHOT.jar:/home/user/.m2/repository/com/google/inject/extensions/guice-multibindings/4.0/guice-multibindings-4.0.jar:/home/user/.m2/repository/com/google/inject/guice/4.0/guice-4.0.jar:/home/user/.m2/repository/aopalliance/aopalliance/1.0/aopalliance-1.0.jar:/home/user/.m2/repository/com/google/inject/extensions/guice-servlet/4.0/guice-servlet-4.0.jar:/home/user/.m2/repository/org/glassfish/jersey/containers/jersey-container-servlet/2.27/jersey-container-servlet-2.27.jar:/home/user/.m2/repository/org/glassfish/hk2/guice-bridge/2.5.0/guice-bridge-2.5.0.jar:/home/user/.m2/repository/org/glassfish/jersey/core/jersey-server/2.27/jersey-server-2.27.jar:/home/user/.m2/repository/org/glassfish/jersey/core/jersey-client/2.27/jersey-client-2.27.jar:/home/user/.m2/repository/org/glassfish/jersey/media/jersey-media-jaxb/2.27/jersey-media-jaxb-2.27.jar:/home/user/.m2/repository/javax/validation/validation-api/1.1.0.Final/validation-api-1.1.0.Final.jar:/home/user/.m2/repository/org/glassfish/jersey/media/jersey-media-json-jackson/2.27/jersey-media-json-jackson-2.27.jar:/home/user/.m2/repository/org/glassfish/jersey/ext/jersey-entity-filtering/2.27/jersey-entity-filtering-2.27.jar:/home/user/.m2/repository/com/google/inject/extensions/guice-assistedinject/4.0/guice-assistedinject-4.0.jar:/home/user/.m2/repository/org/jooq/jooq/3.11.10/jooq-3.11.10.jar:/home/user/.m2/repository/org/jooq/jooq-meta/3.11.10/jooq-meta-3.11.10.jar:/home/user/.m2/repository/org/jooq/jooq-codegen/3.11.10/jooq-codegen-3.11.10.jar:/home/user/.m2/repository/com/jolbox/bonecp/0.8.0.RELEASE/bonecp-0.8.0.RELEASE.jar:/home/user/.m2/repository/org/xerial/sqlite-jdbc/3.25.2/sqlite-jdbc-3.25.2.jar:/home/user/.m2/repository/org/springframework/spring-jdbc/5.1.3.RELEASE/spring-jdbc-5.1.3.RELEASE.jar:/home/user/.m2/repository/org/springframework/spring-beans/5.1.3.RELEASE/spring-beans-5.1.3.RELEASE.jar:/home/user/.m2/repository/org/springframework/spring-core/5.1.3.RELEASE/spring-core-5.1.3.RELEASE.jar:/home/user/.m2/repository/org/springframework/spring-jcl/5.1.3.RELEASE/spring-jcl-5.1.3.RELEASE.jar:/home/user/.m2/repository/org/springframework/spring-tx/5.1.3.RELEASE/spring-tx-5.1.3.RELEASE.jar:/home/user/.m2/repository/org/apache/hadoop/hadoop-ozone-client/0.5.0-SNAPSHOT/hadoop-ozone-client-0.5.0-SNAPSHOT.jar:/home/user/.m2/repository/commons-lang/commons-lang/2.6/commons-lang-2.6.jar:/home/user/.m2/repository/org/apache/hadoop/hadoop-ozone-ozone-manager/0.5.0-SNAPSHOT/hadoop-ozone-ozone-manager-0.5.0-SNAPSHOT-tests.jar:/home/user/.m2/repository/junit/junit/4.11/junit-4.11.jar:/home/user/.m2/repository/org/hamcrest/hamcrest-core/1.3/hamcrest-core-1.3.jar:/home/user/.m2/repository/org/openjdk/jmh/jmh-core/1.19/jmh-core-1.19.jar:/home/user/.m2/repository/net/sf/jopt-simple/jopt-simple/4.6/jopt-simple-4.6.jar:/home/user/.m2/repository/org/apache/commons/commons-math3/3.1.1/commons-math3-3.1.1.jar:/home/user/.m2/repository/org/openjdk/jmh/jmh-generator-annprocess/1.19/jmh-generator-annprocess-1.19.jar:/home/user/.m2/repository/org/mockito/mockito-all/1.8.5/mockito-all-1.8.5.jar:/home/user/.m2/repository/org/apache/hadoop/hadoop-kms/3.2.0/hadoop-kms-3.2.0.jar:/home/user/.m2/repository/org/apache/hadoop/hadoop-auth/3.2.0/hadoop-auth-3.2.0.jar:/home/user/.m2/repository/com/nimbusds/nimbus-jose-jwt/4.41.1/nimbus-jose-jwt-4.41.1.jar:/home/user/.m2/repository/com/github/stephenc/jcip/jcip-annotations/1.0-1/jcip-annotations-1.0-1.jar:/home/user/.m2/repository/net/minidev/json-smart/2.3/json-smart-2.3.jar:/home/user/.m2/repository/net/minidev/accessors-smart/1.2/accessors-smart-1.2.jar:/home/user/.m2/repository/org/ow2/asm/asm/5.0.4/asm-5.0.4.jar:/home/user/.m2/repository/org/apache/curator/curator-framework/2.12.0/curator-framework-2.12.0.jar:/home/user/.m2/repository/com/sun/jersey/jersey-core/1.19/jersey-core-1.19.jar:/home/user/.m2/repository/javax/ws/rs/jsr311-api/1.1.1/jsr311-api-1.1.1.jar:/home/user/.m2/repository/com/sun/jersey/jersey-server/1.19/jersey-server-1.19.jar:/home/user/.m2/repository/javax/servlet/javax.servlet-api/3.1.0/javax.servlet-api-3.1.0.jar:/home/user/.m2/repository/org/eclipse/jetty/jetty-server/9.3.24.v20180605/jetty-server-9.3.24.v20180605.jar:/home/user/.m2/repository/org/eclipse/jetty/jetty-http/9.3.24.v20180605/jetty-http-9.3.24.v20180605.jar:/home/user/.m2/repository/org/eclipse/jetty/jetty-io/9.3.24.v20180605/jetty-io-9.3.24.v20180605.jar:/home/user/.m2/repository/org/eclipse/jetty/jetty-webapp/9.3.24.v20180605/jetty-webapp-9.3.24.v20180605.jar:/home/user/.m2/repository/org/eclipse/jetty/jetty-xml/9.3.24.v20180605/jetty-xml-9.3.24.v20180605.jar:/home/user/.m2/repository/log4j/log4j/1.2.17/log4j-1.2.17.jar:/home/user/.m2/repository/org/slf4j/slf4j-api/1.7.25/slf4j-api-1.7.25.jar:/home/user/.m2/repository/org/slf4j/jul-to-slf4j/1.7.25/jul-to-slf4j-1.7.25.jar:/home/user/.m2/repository/org/eclipse/jetty/jetty-util/9.3.24.v20180605/jetty-util-9.3.24.v20180605.jar:/home/user/.m2/repository/com/fasterxml/jackson/core/jackson-databind/2.9.5/jackson-databind-2.9.5.jar:/home/user/.m2/repository/org/apache/hadoop/hadoop-kms/3.2.0/hadoop-kms-3.2.0-tests.jar:/home/user/.m2/repository/org/apache/hadoop/hadoop-hdds-server-scm/0.5.0-SNAPSHOT/hadoop-hdds-server-scm-0.5.0-SNAPSHOT-tests.jar:/home/user/.m2/repository/org/apache/hadoop/hadoop-hdds-container-service/0.5.0-SNAPSHOT/hadoop-hdds-container-service-0.5.0-SNAPSHOT-tests.jar:/home/user/.m2/repository/org/yaml/snakeyaml/1.16/snakeyaml-1.16.jar:/home/user/.m2/repository/org/apache/hadoop/hadoop-common/3.2.0/hadoop-common-3.2.0-tests.jar:/home/user/.m2/repository/org/apache/hadoop/hadoop-annotations/3.2.0/hadoop-annotations-3.2.0.jar:/usr/lib/jvm/java-1.8-openjdk/jre/../lib/tools.jar:/home/user/.m2/repository/commons-cli/commons-cli/1.2/commons-cli-1.2.jar:/home/user/.m2/repository/org/apache/httpcomponents/httpclient/4.5.2/httpclient-4.5.2.jar:/home/user/.m2/repository/org/apache/httpcomponents/httpcore/4.4.4/httpcore-4.4.4.jar:/home/user/.m2/repository/commons-codec/commons-codec/1.11/commons-codec-1.11.jar:/home/user/.m2/repository/commons-net/commons-net/3.6/commons-net-3.6.jar:/home/user/.m2/repository/commons-collections/commons-collections/3.2.2/commons-collections-3.2.2.jar:/home/user/.m2/repository/org/eclipse/jetty/jetty-servlet/9.3.24.v20180605/jetty-servlet-9.3.24.v20180605.jar:/home/user/.m2/repository/org/eclipse/jetty/jetty-security/9.3.24.v20180605/jetty-security-9.3.24.v20180605.jar:/home/user/.m2/repository/javax/servlet/jsp/jsp-api/2.1/jsp-api-2.1.jar:/home/user/.m2/repository/com/sun/jersey/jersey-servlet/1.19/jersey-servlet-1.19.jar:/home/user/.m2/repository/com/sun/jersey/jersey-json/1.19/jersey-json-1.19.jar:/home/user/.m2/repository/org/codehaus/jettison/jettison/1.1/jettison-1.1.jar:/home/user/.m2/repository/org/codehaus/jackson/jackson-core-asl/1.9.13/jackson-core-asl-1.9.13.jar:/home/user/.m2/repository/org/codehaus/jackson/jackson-mapper-asl/1.9.13/jackson-mapper-asl-1.9.13.jar:/home/user/.m2/repository/org/codehaus/jackson/jackson-jaxrs/1.9.13/jackson-jaxrs-1.9.13.jar:/home/user/.m2/repository/org/codehaus/jackson/jackson-xc/1.9.13/jackson-xc-1.9.13.jar:/home/user/.m2/repository/commons-logging/commons-logging/1.1.3/commons-logging-1.1.3.jar:/home/user/.m2/repository/commons-beanutils/commons-beanutils/1.9.3/commons-beanutils-1.9.3.jar:/home/user/.m2/repository/org/apache/commons/commons-configuration2/2.1.1/commons-configuration2-2.1.1.jar:/home/user/.m2/repository/org/apache/commons/commons-lang3/3.7/commons-lang3-3.7.jar:/home/user/.m2/repository/org/apache/commons/commons-text/1.4/commons-text-1.4.jar:/home/user/.m2/repository/org/apache/avro/avro/1.7.7/avro-1.7.7.jar:/home/user/.m2/repository/com/thoughtworks/paranamer/paranamer/2.3/paranamer-2.3.jar:/home/user/.m2/repository/org/xerial/snappy/snappy-java/1.0.5/snappy-java-1.0.5.jar:/home/user/.m2/repository/com/google/re2j/re2j/1.1/re2j-1.1.jar:/home/user/.m2/repository/com/google/code/gson/gson/2.2.4/gson-2.2.4.jar:/home/user/.m2/repository/com/jcraft/jsch/0.1.54/jsch-0.1.54.jar:/home/user/.m2/repository/org/apache/curator/curator-client/2.12.0/curator-client-2.12.0.jar:/home/user/.m2/repository/org/apache/curator/curator-recipes/2.12.0/curator-recipes-2.12.0.jar:/home/user/.m2/repository/com/google/code/findbugs/jsr305/3.0.0/jsr305-3.0.0.jar:/home/user/.m2/repository/org/apache/htrace/htrace-core4/4.1.0-incubating/htrace-core4-4.1.0-incubating.jar:/home/user/.m2/repository/org/apache/zookeeper/zookeeper/3.4.13/zookeeper-3.4.13.jar:/home/user/.m2/repository/org/apache/yetus/audience-annotations/0.5.0/audience-annotations-0.5.0.jar:/home/user/.m2/repository/org/codehaus/woodstox/stax2-api/3.1.4/stax2-api-3.1.4.jar:/home/user/.m2/repository/com/fasterxml/woodstox/woodstox-core/5.0.3/woodstox-core-5.0.3.jar:/home/user/.m2/repository/dnsjava/dnsjava/2.1.7/dnsjava-2.1.7.jar:/home/user/.m2/repository/org/apache/hadoop/hadoop-hdfs/3.2.0/hadoop-hdfs-3.2.0-tests.jar:/home/user/.m2/repository/org/eclipse/jetty/jetty-util-ajax/9.3.24.v20180605/jetty-util-ajax-9.3.24.v20180605.jar:/home/user/.m2/repository/commons-daemon/commons-daemon/1.0.13/commons-daemon-1.0.13.jar:/home/user/.m2/repository/io/netty/netty/3.10.5.Final/netty-3.10.5.Final.jar:/home/user/.m2/repository/io/netty/netty-all/4.0.52.Final/netty-all-4.0.52.Final.jar:/home/user/.m2/repository/org/fusesource/leveldbjni/leveldbjni-all/1.8/leveldbjni-all-1.8.jar:"/>
    <property name="sun.cpu.endian" value="little"/>
    <property name="user.home" value="/home/user"/>
    <property name="user.language" value="en"/>
    <property name="java.specification.vendor" value="Oracle Corporation"/>
    <property name="java.home" value="/usr/lib/jvm/java-1.8-openjdk/jre"/>
    <property name="java.security.krb5.conf" value="/workdir/hadoop-ozone/integration-test/target/test-classes/krb5.conf"/>
    <property name="basedir" value="/workdir/hadoop-ozone/integration-test"/>
    <property name="file.separator" value="/"/>
    <property name="line.separator" value="&#10;"/>
    <property name="java.vm.specification.vendor" value="Oracle Corporation"/>
    <property name="java.specification.name" value="Java Platform API Specification"/>
    <property name="java.awt.graphicsenv" value="sun.awt.X11GraphicsEnvironment"/>
    <property name="surefire.real.class.path" value="/workdir/hadoop-ozone/integration-test/target/surefire/surefirebooter7017146953588652300.jar"/>
    <property name="hadoop.log.dir" value="/workdir/hadoop-ozone/integration-test/target/log"/>
    <property name="sun.boot.class.path" value="/usr/lib/jvm/java-1.8-openjdk/jre/lib/resources.jar:/usr/lib/jvm/java-1.8-openjdk/jre/lib/rt.jar:/usr/lib/jvm/java-1.8-openjdk/jre/lib/sunrsasign.jar:/usr/lib/jvm/java-1.8-openjdk/jre/lib/jsse.jar:/usr/lib/jvm/java-1.8-openjdk/jre/lib/jce.jar:/usr/lib/jvm/java-1.8-openjdk/jre/lib/charsets.jar:/usr/lib/jvm/java-1.8-openjdk/jre/lib/jfr.jar:/usr/lib/jvm/java-1.8-openjdk/jre/classes"/>
    <property name="sun.management.compiler" value="HotSpot 64-Bit Tiered Compilers"/>
    <property name="java.runtime.version" value="1.8.0_212-b04"/>
    <property name="java.net.preferIPv4Stack" value="true"/>
    <property name="user.name" value="jenkins1000"/>
    <property name="path.separator" value=":"/>
    <property name="java.security.egd" value="file:///dev/urandom"/>
    <property name="os.version" value="3.10.0-957.12.2.el7.x86_64"/>
    <property name="java.endorsed.dirs" value="/usr/lib/jvm/java-1.8-openjdk/jre/lib/endorsed"/>
    <property name="java.runtime.name" value="OpenJDK Runtime Environment"/>
    <property name="file.encoding" value="UTF-8"/>
    <property name="java.vm.name" value="OpenJDK 64-Bit Server VM"/>
    <property name="test.build.webapps" value=""/>
    <property name="localRepository" value="/home/user/.m2/repository"/>
    <property name="java.vendor.url.bug" value="https://icedtea.classpath.org/bugzilla"/>
    <property name="java.io.tmpdir" value="/tmp"/>
    <property name="require.test.libhadoop" value=""/>
    <property name="java.version" value="1.8.0_212"/>
    <property name="user.dir" value="/workdir/hadoop-ozone/integration-test"/>
    <property name="os.arch" value="amd64"/>
    <property name="java.vm.specification.name" value="Java Virtual Machine Specification"/>
    <property name="test.build.classes" value="/workdir/hadoop-ozone/integration-test/target/test-classes"/>
    <property name="java.awt.printerjob" value="sun.print.PSPrinterJob"/>
    <property name="sun.os.patch.level" value="unknown"/>
    <property name="hadoop.tmp.dir" value="/workdir/hadoop-ozone/integration-test/target/tmp"/>
    <property name="java.library.path" value="/usr/lib/jvm/java-1.8-openjdk/jre/lib/amd64/server:/usr/lib/jvm/java-1.8-openjdk/jre/lib/amd64:/usr/lib/jvm/java-1.8-openjdk/jre/../lib/amd64:/workdir/hadoop-ozone/integration-test/target/native/target/usr/local/lib:/workdir/hadoop-ozone/integration-test/../../hadoop-common-project/hadoop-common/target/native/target/usr/local/lib:/usr/java/packages/lib/amd64:/usr/lib64:/lib64:/lib:/usr/lib"/>
    <property name="java.vm.info" value="mixed mode"/>
    <property name="java.vendor" value="IcedTea"/>
    <property name="java.vm.version" value="25.212-b04"/>
    <property name="java.ext.dirs" value="/usr/lib/jvm/java-1.8-openjdk/jre/lib/ext:/usr/java/packages/lib/ext"/>
    <property name="sun.io.unicode.encoding" value="UnicodeLittle"/>
    <property name="java.class.version" value="52.0"/>
  </properties>
  <testcase name="test2DatanodesFailure" classname="org.apache.hadoop.ozone.client.rpc.TestBlockOutputStreamWithFailures" time="106.391"/>
  <testcase name="testDatanodeFailureWithPreAllocation" classname="org.apache.hadoop.ozone.client.rpc.TestBlockOutputStreamWithFailures" time="226.752"/>
  <testcase name="testDatanodeFailureWithSingleNodeRatis" classname="org.apache.hadoop.ozone.client.rpc.TestBlockOutputStreamWithFailures" time="223.798"/>
  <testcase name="testWatchForCommitWithSingleNodeRatis" classname="org.apache.hadoop.ozone.client.rpc.TestBlockOutputStreamWithFailures" time="36.834"/>
  <testcase name="testWatchForCommitDatanodeFailure" classname="org.apache.hadoop.ozone.client.rpc.TestBlockOutputStreamWithFailures" time="35.15"/>
  <testcase name="testFailureWithPrimeSizedData" classname="org.apache.hadoop.ozone.client.rpc.TestBlockOutputStreamWithFailures" time="47.74">
    <failure message="expected:&lt;2&gt; but was:&lt;3&gt;" type="java.lang.AssertionError"><![CDATA[java.lang.AssertionError: expected:<2> but was:<3>
	at org.junit.Assert.fail(Assert.java:88)
	at org.junit.Assert.failNotEquals(Assert.java:743)
	at org.junit.Assert.assertEquals(Assert.java:118)
	at org.junit.Assert.assertEquals(Assert.java:555)
	at org.junit.Assert.assertEquals(Assert.java:542)
	at org.apache.hadoop.ozone.client.rpc.TestBlockOutputStreamWithFailures.testFailureWithPrimeSizedData(TestBlockOutputStreamWithFailures.java:635)
	at sun.reflect.NativeMethodAccessorImpl.invoke0(Native Method)
	at sun.reflect.NativeMethodAccessorImpl.invoke(NativeMethodAccessorImpl.java:62)
	at sun.reflect.DelegatingMethodAccessorImpl.invoke(DelegatingMethodAccessorImpl.java:43)
	at java.lang.reflect.Method.invoke(Method.java:498)
	at org.junit.runners.model.FrameworkMethod$1.runReflectiveCall(FrameworkMethod.java:47)
	at org.junit.internal.runners.model.ReflectiveCallable.run(ReflectiveCallable.java:12)
	at org.junit.runners.model.FrameworkMethod.invokeExplosively(FrameworkMethod.java:44)
	at org.junit.internal.runners.statements.InvokeMethod.evaluate(InvokeMethod.java:17)
	at org.junit.internal.runners.statements.RunBefores.evaluate(RunBefores.java:26)
	at org.junit.internal.runners.statements.RunAfters.evaluate(RunAfters.java:27)
	at org.junit.runners.ParentRunner.runLeaf(ParentRunner.java:271)
	at org.junit.runners.BlockJUnit4ClassRunner.runChild(BlockJUnit4ClassRunner.java:70)
	at org.junit.runners.BlockJUnit4ClassRunner.runChild(BlockJUnit4ClassRunner.java:50)
	at org.junit.runners.ParentRunner$3.run(ParentRunner.java:238)
	at org.junit.runners.ParentRunner$1.schedule(ParentRunner.java:63)
	at org.junit.runners.ParentRunner.runChildren(ParentRunner.java:236)
	at org.junit.runners.ParentRunner.access$000(ParentRunner.java:53)
	at org.junit.runners.ParentRunner$2.evaluate(ParentRunner.java:229)
	at org.junit.runners.ParentRunner.run(ParentRunner.java:309)
	at org.apache.maven.surefire.junit4.JUnit4Provider.execute(JUnit4Provider.java:365)
	at org.apache.maven.surefire.junit4.JUnit4Provider.executeWithRerun(JUnit4Provider.java:273)
	at org.apache.maven.surefire.junit4.JUnit4Provider.executeTestSet(JUnit4Provider.java:238)
	at org.apache.maven.surefire.junit4.JUnit4Provider.invoke(JUnit4Provider.java:159)
	at org.apache.maven.surefire.booter.ForkedBooter.invokeProviderInSameClassLoader(ForkedBooter.java:384)
	at org.apache.maven.surefire.booter.ForkedBooter.runSuitesInProcess(ForkedBooter.java:345)
	at org.apache.maven.surefire.booter.ForkedBooter.execute(ForkedBooter.java:126)
	at org.apache.maven.surefire.booter.ForkedBooter.main(ForkedBooter.java:418)
]]></failure>
    <system-out><![CDATA[2019-09-11 00:00:40,082 [main] WARN  server.ServerUtils (ServerUtils.java:getScmDbDir(145)) - ozone.scm.db.dirs is not configured. We recommend adding this setting. Falling back to ozone.metadata.dirs instead.
2019-09-11 00:00:40,115 [main] WARN  server.ServerUtils (ServerUtils.java:getScmDbDir(145)) - ozone.scm.db.dirs is not configured. We recommend adding this setting. Falling back to ozone.metadata.dirs instead.
2019-09-11 00:00:40,116 [main] WARN  server.ServerUtils (ServerUtils.java:getScmDbDir(145)) - ozone.scm.db.dirs is not configured. We recommend adding this setting. Falling back to ozone.metadata.dirs instead.
2019-09-11 00:00:40,116 [main] INFO  db.DBStoreBuilder (DBStoreBuilder.java:addTable(110)) - using custom profile for table: deletedBlocks
2019-09-11 00:00:40,117 [main] INFO  db.DBStoreBuilder (DBStoreBuilder.java:processTables(161)) - Using default column profile:DBProfile.DISK for Table:deletedBlocks
2019-09-11 00:00:40,117 [main] INFO  db.DBStoreBuilder (DBStoreBuilder.java:addTable(110)) - using custom profile for table: validCerts
2019-09-11 00:00:40,117 [main] INFO  db.DBStoreBuilder (DBStoreBuilder.java:processTables(161)) - Using default column profile:DBProfile.DISK for Table:validCerts
2019-09-11 00:00:40,118 [main] INFO  db.DBStoreBuilder (DBStoreBuilder.java:addTable(110)) - using custom profile for table: revokedCerts
2019-09-11 00:00:40,118 [main] INFO  db.DBStoreBuilder (DBStoreBuilder.java:processTables(161)) - Using default column profile:DBProfile.DISK for Table:revokedCerts
2019-09-11 00:00:40,118 [main] INFO  db.DBStoreBuilder (DBStoreBuilder.java:addTable(110)) - using custom profile for table: default
2019-09-11 00:00:40,118 [main] INFO  db.DBStoreBuilder (DBStoreBuilder.java:processTables(167)) - Using default column profile:DBProfile.DISK for Table:default
2019-09-11 00:00:40,119 [main] INFO  db.DBStoreBuilder (DBStoreBuilder.java:getDbProfile(198)) - Using default options. DBProfile.DISK
2019-09-11 00:00:40,338 [main] INFO  net.NodeSchemaLoader (NodeSchemaLoader.java:loadSchemaFromFile(125)) - Loading file from sun.misc.CompoundEnumeration@73e1ecd0
2019-09-11 00:00:40,339 [main] INFO  net.NodeSchemaLoader (NodeSchemaLoader.java:loadSchema(171)) - Loading network topology layer schema file
2019-09-11 00:00:40,345 [main] INFO  node.SCMNodeManager (SCMNodeManager.java:<init>(114)) - Entering startup safe mode.
2019-09-11 00:00:40,346 [main] INFO  algorithms.ContainerPlacementPolicyFactory (ContainerPlacementPolicyFactory.java:getPolicy(55)) - Create container placement policy of type org.apache.hadoop.hdds.scm.container.placement.algorithms.SCMContainerPlacementRandom
2019-09-11 00:00:40,347 [main] WARN  server.ServerUtils (ServerUtils.java:getScmDbDir(145)) - ozone.scm.db.dirs is not configured. We recommend adding this setting. Falling back to ozone.metadata.dirs instead.
2019-09-11 00:00:40,404 [main] INFO  pipeline.SCMPipelineManager (SCMPipelineManager.java:initializePipelineState(128)) - No pipeline exists in current db
2019-09-11 00:00:40,404 [main] WARN  server.ServerUtils (ServerUtils.java:getScmDbDir(145)) - ozone.scm.db.dirs is not configured. We recommend adding this setting. Falling back to ozone.metadata.dirs instead.
2019-09-11 00:00:40,473 [main] WARN  events.EventQueue (EventQueue.java:fireEvent(183)) - No event handler registered for event TypedEvent{payloadType=SafeModeStatus, name='SafeModeStatus'}
2019-09-11 00:00:40,474 [main] INFO  ipc.CallQueueManager (CallQueueManager.java:<init>(84)) - Using callQueue: class java.util.concurrent.LinkedBlockingQueue, queueCapacity: 2000, scheduler: class org.apache.hadoop.ipc.DefaultRpcScheduler, ipcBackoff: false.
2019-09-11 00:00:40,476 [Socket Reader #1 for port 46287] INFO  ipc.Server (Server.java:run(1074)) - Starting Socket Reader #1 for port 46287
2019-09-11 00:00:40,478 [main] INFO  ipc.CallQueueManager (CallQueueManager.java:<init>(84)) - Using callQueue: class java.util.concurrent.LinkedBlockingQueue, queueCapacity: 2000, scheduler: class org.apache.hadoop.ipc.DefaultRpcScheduler, ipcBackoff: false.
2019-09-11 00:00:40,479 [Socket Reader #1 for port 45573] INFO  ipc.Server (Server.java:run(1074)) - Starting Socket Reader #1 for port 45573
2019-09-11 00:00:40,481 [main] INFO  ipc.CallQueueManager (CallQueueManager.java:<init>(84)) - Using callQueue: class java.util.concurrent.LinkedBlockingQueue, queueCapacity: 2000, scheduler: class org.apache.hadoop.ipc.DefaultRpcScheduler, ipcBackoff: false.
2019-09-11 00:00:40,482 [Socket Reader #1 for port 35223] INFO  ipc.Server (Server.java:run(1074)) - Starting Socket Reader #1 for port 35223
2019-09-11 00:00:40,486 [main] INFO  hdfs.DFSUtil (DFSUtil.java:httpServerTemplateForNNAndJN(1641)) - Starting Web-server for scm at: http://0.0.0.0:0
2019-09-11 00:00:40,490 [main] INFO  server.AuthenticationFilter (AuthenticationFilter.java:constructSecretProvider(240)) - Unable to initialize FileSignerSecretProvider, falling back to use random secrets.
2019-09-11 00:00:40,491 [main] WARN  http.HttpRequestLog (HttpRequestLog.java:getRequestLog(97)) - Jetty request log can only be enabled using Log4j
2019-09-11 00:00:40,493 [main] INFO  http.HttpServer2 (HttpServer2.java:addGlobalFilter(975)) - Added global filter 'safety' (class=org.apache.hadoop.http.HttpServer2$QuotingInputFilter)
2019-09-11 00:00:40,494 [main] INFO  http.HttpServer2 (HttpServer2.java:addFilter(948)) - Added filter static_user_filter (class=org.apache.hadoop.http.lib.StaticUserWebFilter$StaticUserFilter) to context scm
2019-09-11 00:00:40,494 [main] INFO  http.HttpServer2 (HttpServer2.java:addFilter(958)) - Added filter static_user_filter (class=org.apache.hadoop.http.lib.StaticUserWebFilter$StaticUserFilter) to context logs
2019-09-11 00:00:40,494 [main] INFO  http.HttpServer2 (HttpServer2.java:addFilter(958)) - Added filter static_user_filter (class=org.apache.hadoop.http.lib.StaticUserWebFilter$StaticUserFilter) to context static
2019-09-11 00:00:40,497 [main] INFO  server.StorageContainerManager (StorageContainerManager.java:start(759)) - StorageContainerLocationProtocol RPC server is listening at /0.0.0.0:35223
2019-09-11 00:00:40,500 [main] WARN  impl.MetricsConfig (MetricsConfig.java:loadFirst(134)) - Cannot locate configuration: tried hadoop-metrics2-storagecontainermanager.properties,hadoop-metrics2.properties
2019-09-11 00:00:40,501 [main] INFO  impl.MetricsSystemImpl (MetricsSystemImpl.java:startTimer(374)) - Scheduled Metric snapshot period at 10 second(s).
2019-09-11 00:00:40,501 [main] INFO  impl.MetricsSystemImpl (MetricsSystemImpl.java:start(191)) - StorageContainerManager metrics system started
2019-09-11 00:00:40,548 [main] WARN  impl.MetricsSystemImpl (MetricsSystemImpl.java:register(276)) - Sink prometheus already exists!
2019-09-11 00:00:40,624 [main] INFO  server.SCMClientProtocolServer (SCMClientProtocolServer.java:start(151)) - RPC server for Client  is listening at /0.0.0.0:35223
2019-09-11 00:00:40,625 [IPC Server Responder] INFO  ipc.Server (Server.java:run(1314)) - IPC Server Responder: starting
2019-09-11 00:00:40,625 [IPC Server listener on 35223] INFO  ipc.Server (Server.java:run(1153)) - IPC Server listener on 35223: starting
2019-09-11 00:00:40,630 [main] INFO  server.StorageContainerManager (StorageContainerManager.java:start(769)) - ScmBlockLocationProtocol RPC server is listening at /0.0.0.0:45573
2019-09-11 00:00:40,630 [main] INFO  server.SCMBlockProtocolServer (SCMBlockProtocolServer.java:start(146)) - RPC server for Block Protocol is listening at /0.0.0.0:45573
2019-09-11 00:00:40,631 [IPC Server Responder] INFO  ipc.Server (Server.java:run(1314)) - IPC Server Responder: starting
2019-09-11 00:00:40,631 [IPC Server listener on 45573] INFO  ipc.Server (Server.java:run(1153)) - IPC Server listener on 45573: starting
2019-09-11 00:00:40,635 [main] INFO  server.StorageContainerManager (StorageContainerManager.java:start(773)) - ScmDatanodeProtocl RPC server is listening at /0.0.0.0:46287
2019-09-11 00:00:40,636 [main] INFO  server.SCMDatanodeProtocolServer (SCMDatanodeProtocolServer.java:start(191)) - RPC server for DataNodes is listening at /0.0.0.0:46287
2019-09-11 00:00:40,636 [IPC Server Responder] INFO  ipc.Server (Server.java:run(1314)) - IPC Server Responder: starting
2019-09-11 00:00:40,636 [IPC Server listener on 46287] INFO  ipc.Server (Server.java:run(1153)) - IPC Server listener on 46287: starting
2019-09-11 00:00:40,645 [main] INFO  http.HttpServer2 (HttpServer2.java:bindListener(1191)) - Jetty bound to port 32911
2019-09-11 00:00:40,645 [main] INFO  server.Server (Server.java:doStart(351)) - jetty-9.3.24.v20180605, build timestamp: 2018-06-05T17:11:56Z, git hash: 84205aa28f11a4f31f2a3b86d1bba2cc8ab69827
2019-09-11 00:00:40,647 [main] INFO  handler.ContextHandler (ContextHandler.java:doStart(781)) - Started o.e.j.s.ServletContextHandler@71166348{/logs,file:///workdir/hadoop-ozone/integration-test/target/log,AVAILABLE}
2019-09-11 00:00:40,648 [main] INFO  handler.ContextHandler (ContextHandler.java:doStart(781)) - Started o.e.j.s.ServletContextHandler@20bb85b4{/static,file:///workdir/hadoop-ozone/integration-test/target/test-classes/webapps/static,AVAILABLE}
2019-09-11 00:00:40,654 [main] INFO  handler.ContextHandler (ContextHandler.java:doStart(781)) - Started o.e.j.w.WebAppContext@d36c1c3{/,file:///workdir/hadoop-ozone/integration-test/target/test-classes/webapps/scm/,AVAILABLE}{/scm}
2019-09-11 00:00:40,654 [main] INFO  server.AbstractConnector (AbstractConnector.java:doStart(278)) - Started ServerConnector@96abc76{HTTP/1.1,[http/1.1]}{0.0.0.0:32911}
2019-09-11 00:00:40,656 [main] INFO  server.Server (Server.java:doStart(419)) - Started @630076ms
2019-09-11 00:00:40,656 [main] WARN  impl.MetricsSystemImpl (MetricsSystemImpl.java:register(276)) - Sink prometheus already exists!
2019-09-11 00:00:40,657 [main] INFO  server.BaseHttpServer (BaseHttpServer.java:updateConnectorAddress(215)) - HTTP server of SCM is listening at http://0.0.0.0:32911
2019-09-11 00:00:40,658 [main] WARN  server.ServerUtils (ServerUtils.java:getDBPath(222)) - ozone.om.db.dirs is not configured. We recommend adding this setting. Falling back to ozone.metadata.dirs instead.
2019-09-11 00:00:40,658 [org.apache.hadoop.util.JvmPauseMonitor$Monitor@437281c5] INFO  util.JvmPauseMonitor (JvmPauseMonitor.java:run(188)) - Starting JVM pause monitor
2019-09-11 00:00:40,672 [main] WARN  server.ServerUtils (ServerUtils.java:getDBPath(222)) - ozone.om.db.dirs is not configured. We recommend adding this setting. Falling back to ozone.metadata.dirs instead.
2019-09-11 00:00:40,673 [main] WARN  server.ServerUtils (ServerUtils.java:getDBPath(222)) - ozone.om.db.dirs is not configured. We recommend adding this setting. Falling back to ozone.metadata.dirs instead.
2019-09-11 00:00:40,673 [main] INFO  om.OzoneManager (OzoneManager.java:setOMNodeDetails(649)) - OM Service ID is not set. Setting it to the default ID: omServiceIdDefault
2019-09-11 00:00:40,674 [main] INFO  om.OzoneManager (OzoneManager.java:setOMNodeDetails(655)) - OM Node ID is not set. Setting it to the OmStorage's OmID: 2e1fa456-be94-4f85-b195-0e14cd0f4c05
2019-09-11 00:00:40,674 [main] INFO  om.OzoneManager (OzoneManager.java:loadOMHAConfigs(606)) - Found matching OM address with OMServiceId: null, OMNodeId: null, RPC Address: localhost:0 and Ratis port: 9872
2019-09-11 00:00:40,680 [main] WARN  server.ServerUtils (ServerUtils.java:getDBPath(222)) - ozone.om.db.dirs is not configured. We recommend adding this setting. Falling back to ozone.metadata.dirs instead.
2019-09-11 00:00:40,681 [main] INFO  db.DBStoreBuilder (DBStoreBuilder.java:addTable(110)) - using custom profile for table: userTable
2019-09-11 00:00:40,681 [main] INFO  db.DBStoreBuilder (DBStoreBuilder.java:processTables(161)) - Using default column profile:DBProfile.DISK for Table:userTable
2019-09-11 00:00:40,682 [main] INFO  db.DBStoreBuilder (DBStoreBuilder.java:addTable(110)) - using custom profile for table: volumeTable
2019-09-11 00:00:40,682 [main] INFO  db.DBStoreBuilder (DBStoreBuilder.java:processTables(161)) - Using default column profile:DBProfile.DISK for Table:volumeTable
2019-09-11 00:00:40,682 [main] INFO  db.DBStoreBuilder (DBStoreBuilder.java:addTable(110)) - using custom profile for table: bucketTable
2019-09-11 00:00:40,682 [main] INFO  db.DBStoreBuilder (DBStoreBuilder.java:processTables(161)) - Using default column profile:DBProfile.DISK for Table:bucketTable
2019-09-11 00:00:40,683 [main] INFO  db.DBStoreBuilder (DBStoreBuilder.java:addTable(110)) - using custom profile for table: keyTable
2019-09-11 00:00:40,683 [main] INFO  db.DBStoreBuilder (DBStoreBuilder.java:processTables(161)) - Using default column profile:DBProfile.DISK for Table:keyTable
2019-09-11 00:00:40,683 [main] INFO  db.DBStoreBuilder (DBStoreBuilder.java:addTable(110)) - using custom profile for table: deletedTable
2019-09-11 00:00:40,683 [main] INFO  db.DBStoreBuilder (DBStoreBuilder.java:processTables(161)) - Using default column profile:DBProfile.DISK for Table:deletedTable
2019-09-11 00:00:40,684 [main] INFO  db.DBStoreBuilder (DBStoreBuilder.java:addTable(110)) - using custom profile for table: openKeyTable
2019-09-11 00:00:40,684 [main] INFO  db.DBStoreBuilder (DBStoreBuilder.java:processTables(161)) - Using default column profile:DBProfile.DISK for Table:openKeyTable
2019-09-11 00:00:40,684 [main] INFO  db.DBStoreBuilder (DBStoreBuilder.java:addTable(110)) - using custom profile for table: s3Table
2019-09-11 00:00:40,685 [main] INFO  db.DBStoreBuilder (DBStoreBuilder.java:processTables(161)) - Using default column profile:DBProfile.DISK for Table:s3Table
2019-09-11 00:00:40,685 [main] INFO  db.DBStoreBuilder (DBStoreBuilder.java:addTable(110)) - using custom profile for table: multipartInfoTable
2019-09-11 00:00:40,685 [main] INFO  db.DBStoreBuilder (DBStoreBuilder.java:processTables(161)) - Using default column profile:DBProfile.DISK for Table:multipartInfoTable
2019-09-11 00:00:40,685 [main] INFO  db.DBStoreBuilder (DBStoreBuilder.java:addTable(110)) - using custom profile for table: dTokenTable
2019-09-11 00:00:40,686 [main] INFO  db.DBStoreBuilder (DBStoreBuilder.java:processTables(161)) - Using default column profile:DBProfile.DISK for Table:dTokenTable
2019-09-11 00:00:40,686 [main] INFO  db.DBStoreBuilder (DBStoreBuilder.java:addTable(110)) - using custom profile for table: s3SecretTable
2019-09-11 00:00:40,686 [main] INFO  db.DBStoreBuilder (DBStoreBuilder.java:processTables(161)) - Using default column profile:DBProfile.DISK for Table:s3SecretTable
2019-09-11 00:00:40,686 [main] INFO  db.DBStoreBuilder (DBStoreBuilder.java:addTable(110)) - using custom profile for table: prefixTable
2019-09-11 00:00:40,687 [main] INFO  db.DBStoreBuilder (DBStoreBuilder.java:processTables(161)) - Using default column profile:DBProfile.DISK for Table:prefixTable
2019-09-11 00:00:40,687 [main] INFO  db.DBStoreBuilder (DBStoreBuilder.java:addTable(110)) - using custom profile for table: default
2019-09-11 00:00:40,687 [main] INFO  db.DBStoreBuilder (DBStoreBuilder.java:processTables(167)) - Using default column profile:DBProfile.DISK for Table:default
2019-09-11 00:00:40,687 [main] INFO  db.DBStoreBuilder (DBStoreBuilder.java:getDbProfile(198)) - Using default options. DBProfile.DISK
2019-09-11 00:00:41,318 [main] INFO  ipc.CallQueueManager (CallQueueManager.java:<init>(84)) - Using callQueue: class java.util.concurrent.LinkedBlockingQueue, queueCapacity: 2000, scheduler: class org.apache.hadoop.ipc.DefaultRpcScheduler, ipcBackoff: false.
2019-09-11 00:00:41,319 [Socket Reader #1 for port 45899] INFO  ipc.Server (Server.java:run(1074)) - Starting Socket Reader #1 for port 45899
2019-09-11 00:00:41,334 [main] INFO  om.OzoneManager (OzoneManager.java:start(1240)) - OzoneManager RPC server is listening at localhost/127.0.0.1:45899
2019-09-11 00:00:41,335 [main] INFO  impl.MetricsSystemImpl (MetricsSystemImpl.java:init(158)) - OzoneManager metrics system started (again)
2019-09-11 00:00:41,336 [IPC Server Responder] INFO  ipc.Server (Server.java:run(1314)) - IPC Server Responder: starting
2019-09-11 00:00:41,336 [IPC Server listener on 45899] INFO  ipc.Server (Server.java:run(1153)) - IPC Server listener on 45899: starting
2019-09-11 00:00:41,341 [main] INFO  hdfs.DFSUtil (DFSUtil.java:httpServerTemplateForNNAndJN(1641)) - Starting Web-server for ozoneManager at: http://0.0.0.0:0
2019-09-11 00:00:41,342 [main] INFO  server.AuthenticationFilter (AuthenticationFilter.java:constructSecretProvider(240)) - Unable to initialize FileSignerSecretProvider, falling back to use random secrets.
2019-09-11 00:00:41,342 [main] WARN  http.HttpRequestLog (HttpRequestLog.java:getRequestLog(97)) - Jetty request log can only be enabled using Log4j
2019-09-11 00:00:41,344 [main] INFO  http.HttpServer2 (HttpServer2.java:addGlobalFilter(975)) - Added global filter 'safety' (class=org.apache.hadoop.http.HttpServer2$QuotingInputFilter)
2019-09-11 00:00:41,345 [main] INFO  http.HttpServer2 (HttpServer2.java:addFilter(948)) - Added filter static_user_filter (class=org.apache.hadoop.http.lib.StaticUserWebFilter$StaticUserFilter) to context ozoneManager
2019-09-11 00:00:41,345 [main] INFO  http.HttpServer2 (HttpServer2.java:addFilter(958)) - Added filter static_user_filter (class=org.apache.hadoop.http.lib.StaticUserWebFilter$StaticUserFilter) to context logs
2019-09-11 00:00:41,345 [main] INFO  http.HttpServer2 (HttpServer2.java:addFilter(958)) - Added filter static_user_filter (class=org.apache.hadoop.http.lib.StaticUserWebFilter$StaticUserFilter) to context static
2019-09-11 00:00:41,346 [main] INFO  http.HttpServer2 (HttpServer2.java:bindListener(1191)) - Jetty bound to port 39521
2019-09-11 00:00:41,346 [main] INFO  server.Server (Server.java:doStart(351)) - jetty-9.3.24.v20180605, build timestamp: 2018-06-05T17:11:56Z, git hash: 84205aa28f11a4f31f2a3b86d1bba2cc8ab69827
2019-09-11 00:00:41,348 [main] INFO  handler.ContextHandler (ContextHandler.java:doStart(781)) - Started o.e.j.s.ServletContextHandler@50122012{/logs,file:///workdir/hadoop-ozone/integration-test/target/log,AVAILABLE}
2019-09-11 00:00:41,349 [main] INFO  handler.ContextHandler (ContextHandler.java:doStart(781)) - Started o.e.j.s.ServletContextHandler@7db5b890{/static,file:///workdir/hadoop-ozone/integration-test/target/test-classes/webapps/static,AVAILABLE}
2019-09-11 00:00:41,354 [main] INFO  handler.ContextHandler (ContextHandler.java:doStart(781)) - Started o.e.j.w.WebAppContext@3e6748ae{/,file:///workdir/hadoop-ozone/integration-test/target/test-classes/webapps/ozoneManager/,AVAILABLE}{/ozoneManager}
2019-09-11 00:00:41,354 [main] INFO  server.AbstractConnector (AbstractConnector.java:doStart(278)) - Started ServerConnector@28f154cc{HTTP/1.1,[http/1.1]}{0.0.0.0:39521}
2019-09-11 00:00:41,355 [main] INFO  server.Server (Server.java:doStart(419)) - Started @630775ms
2019-09-11 00:00:41,355 [main] WARN  impl.MetricsSystemImpl (MetricsSystemImpl.java:register(276)) - Sink prometheus already exists!
2019-09-11 00:00:41,356 [main] INFO  server.BaseHttpServer (BaseHttpServer.java:updateConnectorAddress(215)) - HTTP server of OZONEMANAGER is listening at http://0.0.0.0:39521
2019-09-11 00:00:41,374 [main] INFO  impl.MetricsSystemImpl (MetricsSystemImpl.java:init(158)) - HddsDatanode metrics system started (again)
2019-09-11 00:00:41,377 [main] INFO  ozone.HddsDatanodeService (HddsDatanodeService.java:start(184)) - HddsDatanodeService host:pr-hdds-2007-n2glh-1307100181 ip:192.168.36.99
2019-09-11 00:00:41,384 [main] INFO  volume.HddsVolume (HddsVolume.java:<init>(176)) - Creating Volume: /workdir/hadoop-ozone/integration-test/target/test-dir/MiniOzoneClusterImpl-e22a53fb-91d7-4d35-81b0-6fa6ae710c0c/datanode-0/data/containers/hdds of  storage type : DISK and capacity : 1482555576320
2019-09-11 00:00:41,384 [main] INFO  volume.VolumeSet (VolumeSet.java:initializeVolumeSet(170)) - Added Volume : /workdir/hadoop-ozone/integration-test/target/test-dir/MiniOzoneClusterImpl-e22a53fb-91d7-4d35-81b0-6fa6ae710c0c/datanode-0/data/containers/hdds to VolumeSet
2019-09-11 00:00:41,385 [main] INFO  volume.ThrottledAsyncChecker (ThrottledAsyncChecker.java:schedule(140)) - Scheduling a check for org.apache.hadoop.ozone.container.common.volume.HddsVolume@23ad2d17
2019-09-11 00:00:41,385 [main] INFO  volume.HddsVolumeChecker (HddsVolumeChecker.java:checkAllVolumes(203)) - Scheduled health check for volume org.apache.hadoop.ozone.container.common.volume.HddsVolume@23ad2d17
2019-09-11 00:00:41,401 [main] INFO  impl.RaftServerProxy (ConfUtils.java:logGet(43)) - raft.rpc.type = GRPC (default)
2019-09-11 00:00:41,401 [main] INFO  grpc.GrpcFactory (GrpcFactory.java:checkPooledByteBufAllocatorUseCacheForAllThreads(45)) - PERFORMANCE WARNING: useCacheForAllThreads is true that may cause Netty to create a lot garbage objects and, as a result, trigger GC.
	It is recommended to disable useCacheForAllThreads by setting -Dorg.apache.ratis.thirdparty.io.netty.allocator.useCacheForAllThreads=false in command line.
2019-09-11 00:00:41,401 [main] INFO  grpc.GrpcConfigKeys$Server (ConfUtils.java:logGet(43)) - raft.grpc.server.port = 0 (default)
2019-09-11 00:00:41,401 [main] INFO  server.GrpcService (ConfUtils.java:logGet(43)) - raft.grpc.message.size.max = 33570816 (custom)
2019-09-11 00:00:41,402 [main] INFO  server.RaftServerConfigKeys (ConfUtils.java:logGet(43)) - raft.server.log.appender.buffer.byte-limit = 33554432 (custom)
2019-09-11 00:00:41,402 [main] INFO  server.GrpcService (ConfUtils.java:logGet(43)) - raft.grpc.flow.control.window = 1MB (=1048576) (default)
2019-09-11 00:00:41,402 [main] INFO  server.RaftServerConfigKeys (ConfUtils.java:logGet(43)) - raft.server.rpc.request.timeout = 3000ms (default)
2019-09-11 00:00:41,403 [main] INFO  server.RaftServerConfigKeys (ConfUtils.java:logGet(43)) - raft.server.storage.dir = [/workdir/hadoop-ozone/integration-test/target/test-dir/MiniOzoneClusterImpl-e22a53fb-91d7-4d35-81b0-6fa6ae710c0c/datanode-0/data/ratis] (custom)
2019-09-11 00:00:41,404 [main] INFO  hdfs.DFSUtil (DFSUtil.java:httpServerTemplateForNNAndJN(1641)) - Starting Web-server for hddsDatanode at: http://0.0.0.0:0
2019-09-11 00:00:41,405 [main] INFO  server.AuthenticationFilter (AuthenticationFilter.java:constructSecretProvider(240)) - Unable to initialize FileSignerSecretProvider, falling back to use random secrets.
2019-09-11 00:00:41,406 [main] WARN  http.HttpRequestLog (HttpRequestLog.java:getRequestLog(97)) - Jetty request log can only be enabled using Log4j
2019-09-11 00:00:41,407 [main] INFO  http.HttpServer2 (HttpServer2.java:addGlobalFilter(975)) - Added global filter 'safety' (class=org.apache.hadoop.http.HttpServer2$QuotingInputFilter)
2019-09-11 00:00:41,408 [main] INFO  http.HttpServer2 (HttpServer2.java:addFilter(948)) - Added filter static_user_filter (class=org.apache.hadoop.http.lib.StaticUserWebFilter$StaticUserFilter) to context hddsDatanode
2019-09-11 00:00:41,408 [main] INFO  http.HttpServer2 (HttpServer2.java:addFilter(958)) - Added filter static_user_filter (class=org.apache.hadoop.http.lib.StaticUserWebFilter$StaticUserFilter) to context static
2019-09-11 00:00:41,408 [main] INFO  http.HttpServer2 (HttpServer2.java:addFilter(958)) - Added filter static_user_filter (class=org.apache.hadoop.http.lib.StaticUserWebFilter$StaticUserFilter) to context logs
2019-09-11 00:00:41,409 [main] INFO  http.HttpServer2 (HttpServer2.java:bindListener(1191)) - Jetty bound to port 41524
2019-09-11 00:00:41,409 [main] INFO  server.Server (Server.java:doStart(351)) - jetty-9.3.24.v20180605, build timestamp: 2018-06-05T17:11:56Z, git hash: 84205aa28f11a4f31f2a3b86d1bba2cc8ab69827
2019-09-11 00:00:41,410 [main] INFO  handler.ContextHandler (ContextHandler.java:doStart(781)) - Started o.e.j.s.ServletContextHandler@76ac68b0{/logs,file:///workdir/hadoop-ozone/integration-test/target/log,AVAILABLE}
2019-09-11 00:00:41,411 [main] INFO  handler.ContextHandler (ContextHandler.java:doStart(781)) - Started o.e.j.s.ServletContextHandler@63917fe1{/static,jar:file:/home/user/.m2/repository/org/apache/hadoop/hadoop-hdds-container-service/0.5.0-SNAPSHOT/hadoop-hdds-container-service-0.5.0-SNAPSHOT.jar!/webapps/static,AVAILABLE}
2019-09-11 00:00:41,453 [main] INFO  handler.ContextHandler (ContextHandler.java:doStart(781)) - Started o.e.j.w.WebAppContext@10e9a5fe{/,file:///tmp/jetty-0.0.0.0-41524-hddsDatanode-_-any-3378932738766817003.dir/webapp/,AVAILABLE}{/hddsDatanode}
2019-09-11 00:00:41,454 [main] INFO  server.AbstractConnector (AbstractConnector.java:doStart(278)) - Started ServerConnector@259287ac{HTTP/1.1,[http/1.1]}{0.0.0.0:41524}
2019-09-11 00:00:41,455 [main] INFO  server.Server (Server.java:doStart(419)) - Started @630875ms
2019-09-11 00:00:41,455 [main] WARN  impl.MetricsSystemImpl (MetricsSystemImpl.java:register(276)) - Sink prometheus already exists!
2019-09-11 00:00:41,456 [main] INFO  server.BaseHttpServer (BaseHttpServer.java:updateConnectorAddress(215)) - HTTP server of HDDSDATANODE is listening at http://0.0.0.0:41524
2019-09-11 00:00:41,457 [main] INFO  impl.MetricsSystemImpl (MetricsSystemImpl.java:init(158)) - HddsDatanode metrics system started (again)
2019-09-11 00:00:41,461 [org.apache.hadoop.util.JvmPauseMonitor$Monitor@5c28b1c2] INFO  util.JvmPauseMonitor (JvmPauseMonitor.java:run(188)) - Starting JVM pause monitor
2019-09-11 00:00:41,461 [main] INFO  ozone.HddsDatanodeService (HddsDatanodeService.java:start(184)) - HddsDatanodeService host:pr-hdds-2007-n2glh-1307100181 ip:192.168.36.99
2019-09-11 00:00:41,462 [Datanode State Machine Thread - 0] INFO  datanode.InitDatanodeState (InitDatanodeState.java:persistContainerDatanodeDetails(140)) - DatanodeDetails is persisted to /workdir/hadoop-ozone/integration-test/target/test-dir/MiniOzoneClusterImpl-e22a53fb-91d7-4d35-81b0-6fa6ae710c0c/datanode-0/meta/datanode.id
2019-09-11 00:00:41,469 [main] INFO  volume.HddsVolume (HddsVolume.java:<init>(176)) - Creating Volume: /workdir/hadoop-ozone/integration-test/target/test-dir/MiniOzoneClusterImpl-e22a53fb-91d7-4d35-81b0-6fa6ae710c0c/datanode-1/data/containers/hdds of  storage type : DISK and capacity : 1482555576320
2019-09-11 00:00:41,469 [main] INFO  volume.VolumeSet (VolumeSet.java:initializeVolumeSet(170)) - Added Volume : /workdir/hadoop-ozone/integration-test/target/test-dir/MiniOzoneClusterImpl-e22a53fb-91d7-4d35-81b0-6fa6ae710c0c/datanode-1/data/containers/hdds to VolumeSet
2019-09-11 00:00:41,470 [main] INFO  volume.ThrottledAsyncChecker (ThrottledAsyncChecker.java:schedule(140)) - Scheduling a check for org.apache.hadoop.ozone.container.common.volume.HddsVolume@440ef8d
2019-09-11 00:00:41,470 [main] INFO  volume.HddsVolumeChecker (HddsVolumeChecker.java:checkAllVolumes(203)) - Scheduled health check for volume org.apache.hadoop.ozone.container.common.volume.HddsVolume@440ef8d
2019-09-11 00:00:41,490 [main] INFO  impl.RaftServerProxy (ConfUtils.java:logGet(43)) - raft.rpc.type = GRPC (default)
2019-09-11 00:00:41,490 [main] INFO  grpc.GrpcFactory (GrpcFactory.java:checkPooledByteBufAllocatorUseCacheForAllThreads(45)) - PERFORMANCE WARNING: useCacheForAllThreads is true that may cause Netty to create a lot garbage objects and, as a result, trigger GC.
	It is recommended to disable useCacheForAllThreads by setting -Dorg.apache.ratis.thirdparty.io.netty.allocator.useCacheForAllThreads=false in command line.
2019-09-11 00:00:41,490 [main] INFO  grpc.GrpcConfigKeys$Server (ConfUtils.java:logGet(43)) - raft.grpc.server.port = 0 (default)
2019-09-11 00:00:41,490 [main] INFO  server.GrpcService (ConfUtils.java:logGet(43)) - raft.grpc.message.size.max = 33570816 (custom)
2019-09-11 00:00:41,491 [main] INFO  server.RaftServerConfigKeys (ConfUtils.java:logGet(43)) - raft.server.log.appender.buffer.byte-limit = 33554432 (custom)
2019-09-11 00:00:41,491 [main] INFO  server.GrpcService (ConfUtils.java:logGet(43)) - raft.grpc.flow.control.window = 1MB (=1048576) (default)
2019-09-11 00:00:41,491 [main] INFO  server.RaftServerConfigKeys (ConfUtils.java:logGet(43)) - raft.server.rpc.request.timeout = 3000ms (default)
2019-09-11 00:00:41,492 [main] INFO  server.RaftServerConfigKeys (ConfUtils.java:logGet(43)) - raft.server.storage.dir = [/workdir/hadoop-ozone/integration-test/target/test-dir/MiniOzoneClusterImpl-e22a53fb-91d7-4d35-81b0-6fa6ae710c0c/datanode-1/data/ratis] (custom)
2019-09-11 00:00:41,493 [main] INFO  hdfs.DFSUtil (DFSUtil.java:httpServerTemplateForNNAndJN(1641)) - Starting Web-server for hddsDatanode at: http://0.0.0.0:0
2019-09-11 00:00:41,495 [main] INFO  server.AuthenticationFilter (AuthenticationFilter.java:constructSecretProvider(240)) - Unable to initialize FileSignerSecretProvider, falling back to use random secrets.
2019-09-11 00:00:41,495 [main] WARN  http.HttpRequestLog (HttpRequestLog.java:getRequestLog(97)) - Jetty request log can only be enabled using Log4j
2019-09-11 00:00:41,497 [main] INFO  http.HttpServer2 (HttpServer2.java:addGlobalFilter(975)) - Added global filter 'safety' (class=org.apache.hadoop.http.HttpServer2$QuotingInputFilter)
2019-09-11 00:00:41,498 [main] INFO  http.HttpServer2 (HttpServer2.java:addFilter(948)) - Added filter static_user_filter (class=org.apache.hadoop.http.lib.StaticUserWebFilter$StaticUserFilter) to context hddsDatanode
2019-09-11 00:00:41,498 [main] INFO  http.HttpServer2 (HttpServer2.java:addFilter(958)) - Added filter static_user_filter (class=org.apache.hadoop.http.lib.StaticUserWebFilter$StaticUserFilter) to context logs
2019-09-11 00:00:41,498 [main] INFO  http.HttpServer2 (HttpServer2.java:addFilter(958)) - Added filter static_user_filter (class=org.apache.hadoop.http.lib.StaticUserWebFilter$StaticUserFilter) to context static
2019-09-11 00:00:41,499 [main] INFO  http.HttpServer2 (HttpServer2.java:bindListener(1191)) - Jetty bound to port 36783
2019-09-11 00:00:41,499 [main] INFO  server.Server (Server.java:doStart(351)) - jetty-9.3.24.v20180605, build timestamp: 2018-06-05T17:11:56Z, git hash: 84205aa28f11a4f31f2a3b86d1bba2cc8ab69827
2019-09-11 00:00:41,501 [main] INFO  handler.ContextHandler (ContextHandler.java:doStart(781)) - Started o.e.j.s.ServletContextHandler@46612bfc{/logs,file:///workdir/hadoop-ozone/integration-test/target/log,AVAILABLE}
2019-09-11 00:00:41,501 [main] INFO  handler.ContextHandler (ContextHandler.java:doStart(781)) - Started o.e.j.s.ServletContextHandler@25699aa7{/static,jar:file:/home/user/.m2/repository/org/apache/hadoop/hadoop-hdds-container-service/0.5.0-SNAPSHOT/hadoop-hdds-container-service-0.5.0-SNAPSHOT.jar!/webapps/static,AVAILABLE}
2019-09-11 00:00:41,538 [main] INFO  handler.ContextHandler (ContextHandler.java:doStart(781)) - Started o.e.j.w.WebAppContext@37b01ce2{/,file:///tmp/jetty-0.0.0.0-36783-hddsDatanode-_-any-3996153410660747393.dir/webapp/,AVAILABLE}{/hddsDatanode}
2019-09-11 00:00:41,538 [main] INFO  server.AbstractConnector (AbstractConnector.java:doStart(278)) - Started ServerConnector@1a88c4f5{HTTP/1.1,[http/1.1]}{0.0.0.0:36783}
2019-09-11 00:00:41,540 [main] INFO  server.Server (Server.java:doStart(419)) - Started @630960ms
2019-09-11 00:00:41,540 [main] WARN  impl.MetricsSystemImpl (MetricsSystemImpl.java:register(276)) - Sink prometheus already exists!
2019-09-11 00:00:41,541 [main] INFO  server.BaseHttpServer (BaseHttpServer.java:updateConnectorAddress(215)) - HTTP server of HDDSDATANODE is listening at http://0.0.0.0:36783
2019-09-11 00:00:41,541 [main] INFO  impl.MetricsSystemImpl (MetricsSystemImpl.java:init(158)) - HddsDatanode metrics system started (again)
2019-09-11 00:00:41,544 [org.apache.hadoop.util.JvmPauseMonitor$Monitor@ac1bfac] INFO  util.JvmPauseMonitor (JvmPauseMonitor.java:run(188)) - Starting JVM pause monitor
2019-09-11 00:00:41,544 [main] INFO  ozone.HddsDatanodeService (HddsDatanodeService.java:start(184)) - HddsDatanodeService host:pr-hdds-2007-n2glh-1307100181 ip:192.168.36.99
2019-09-11 00:00:41,546 [Datanode State Machine Thread - 0] INFO  datanode.InitDatanodeState (InitDatanodeState.java:persistContainerDatanodeDetails(140)) - DatanodeDetails is persisted to /workdir/hadoop-ozone/integration-test/target/test-dir/MiniOzoneClusterImpl-e22a53fb-91d7-4d35-81b0-6fa6ae710c0c/datanode-1/meta/datanode.id
2019-09-11 00:00:41,551 [main] INFO  volume.HddsVolume (HddsVolume.java:<init>(176)) - Creating Volume: /workdir/hadoop-ozone/integration-test/target/test-dir/MiniOzoneClusterImpl-e22a53fb-91d7-4d35-81b0-6fa6ae710c0c/datanode-2/data/containers/hdds of  storage type : DISK and capacity : 1482555576320
2019-09-11 00:00:41,551 [main] INFO  volume.VolumeSet (VolumeSet.java:initializeVolumeSet(170)) - Added Volume : /workdir/hadoop-ozone/integration-test/target/test-dir/MiniOzoneClusterImpl-e22a53fb-91d7-4d35-81b0-6fa6ae710c0c/datanode-2/data/containers/hdds to VolumeSet
2019-09-11 00:00:41,551 [main] INFO  volume.ThrottledAsyncChecker (ThrottledAsyncChecker.java:schedule(140)) - Scheduling a check for org.apache.hadoop.ozone.container.common.volume.HddsVolume@62e73ab6
2019-09-11 00:00:41,552 [main] INFO  volume.HddsVolumeChecker (HddsVolumeChecker.java:checkAllVolumes(203)) - Scheduled health check for volume org.apache.hadoop.ozone.container.common.volume.HddsVolume@62e73ab6
2019-09-11 00:00:41,565 [main] INFO  impl.RaftServerProxy (ConfUtils.java:logGet(43)) - raft.rpc.type = GRPC (default)
2019-09-11 00:00:41,566 [main] INFO  grpc.GrpcFactory (GrpcFactory.java:checkPooledByteBufAllocatorUseCacheForAllThreads(45)) - PERFORMANCE WARNING: useCacheForAllThreads is true that may cause Netty to create a lot garbage objects and, as a result, trigger GC.
	It is recommended to disable useCacheForAllThreads by setting -Dorg.apache.ratis.thirdparty.io.netty.allocator.useCacheForAllThreads=false in command line.
2019-09-11 00:00:41,566 [main] INFO  grpc.GrpcConfigKeys$Server (ConfUtils.java:logGet(43)) - raft.grpc.server.port = 0 (default)
2019-09-11 00:00:41,566 [main] INFO  server.GrpcService (ConfUtils.java:logGet(43)) - raft.grpc.message.size.max = 33570816 (custom)
2019-09-11 00:00:41,566 [main] INFO  server.RaftServerConfigKeys (ConfUtils.java:logGet(43)) - raft.server.log.appender.buffer.byte-limit = 33554432 (custom)
2019-09-11 00:00:41,566 [main] INFO  server.GrpcService (ConfUtils.java:logGet(43)) - raft.grpc.flow.control.window = 1MB (=1048576) (default)
2019-09-11 00:00:41,567 [main] INFO  server.RaftServerConfigKeys (ConfUtils.java:logGet(43)) - raft.server.rpc.request.timeout = 3000ms (default)
2019-09-11 00:00:41,567 [main] INFO  server.RaftServerConfigKeys (ConfUtils.java:logGet(43)) - raft.server.storage.dir = [/workdir/hadoop-ozone/integration-test/target/test-dir/MiniOzoneClusterImpl-e22a53fb-91d7-4d35-81b0-6fa6ae710c0c/datanode-2/data/ratis] (custom)
2019-09-11 00:00:41,568 [main] INFO  hdfs.DFSUtil (DFSUtil.java:httpServerTemplateForNNAndJN(1641)) - Starting Web-server for hddsDatanode at: http://0.0.0.0:0
2019-09-11 00:00:41,569 [main] INFO  server.AuthenticationFilter (AuthenticationFilter.java:constructSecretProvider(240)) - Unable to initialize FileSignerSecretProvider, falling back to use random secrets.
2019-09-11 00:00:41,570 [main] WARN  http.HttpRequestLog (HttpRequestLog.java:getRequestLog(97)) - Jetty request log can only be enabled using Log4j
2019-09-11 00:00:41,571 [main] INFO  http.HttpServer2 (HttpServer2.java:addGlobalFilter(975)) - Added global filter 'safety' (class=org.apache.hadoop.http.HttpServer2$QuotingInputFilter)
2019-09-11 00:00:41,571 [main] INFO  http.HttpServer2 (HttpServer2.java:addFilter(948)) - Added filter static_user_filter (class=org.apache.hadoop.http.lib.StaticUserWebFilter$StaticUserFilter) to context hddsDatanode
2019-09-11 00:00:41,572 [main] INFO  http.HttpServer2 (HttpServer2.java:addFilter(958)) - Added filter static_user_filter (class=org.apache.hadoop.http.lib.StaticUserWebFilter$StaticUserFilter) to context logs
2019-09-11 00:00:41,572 [main] INFO  http.HttpServer2 (HttpServer2.java:addFilter(958)) - Added filter static_user_filter (class=org.apache.hadoop.http.lib.StaticUserWebFilter$StaticUserFilter) to context static
2019-09-11 00:00:41,572 [main] INFO  http.HttpServer2 (HttpServer2.java:bindListener(1191)) - Jetty bound to port 34948
2019-09-11 00:00:41,573 [main] INFO  server.Server (Server.java:doStart(351)) - jetty-9.3.24.v20180605, build timestamp: 2018-06-05T17:11:56Z, git hash: 84205aa28f11a4f31f2a3b86d1bba2cc8ab69827
2019-09-11 00:00:41,574 [main] INFO  handler.ContextHandler (ContextHandler.java:doStart(781)) - Started o.e.j.s.ServletContextHandler@2a5abd3c{/logs,file:///workdir/hadoop-ozone/integration-test/target/log,AVAILABLE}
2019-09-11 00:00:41,575 [main] INFO  handler.ContextHandler (ContextHandler.java:doStart(781)) - Started o.e.j.s.ServletContextHandler@25c1f5ee{/static,jar:file:/home/user/.m2/repository/org/apache/hadoop/hadoop-hdds-container-service/0.5.0-SNAPSHOT/hadoop-hdds-container-service-0.5.0-SNAPSHOT.jar!/webapps/static,AVAILABLE}
2019-09-11 00:00:41,602 [main] INFO  handler.ContextHandler (ContextHandler.java:doStart(781)) - Started o.e.j.w.WebAppContext@23564dd2{/,file:///tmp/jetty-0.0.0.0-34948-hddsDatanode-_-any-5338241855687450092.dir/webapp/,AVAILABLE}{/hddsDatanode}
2019-09-11 00:00:41,602 [main] INFO  server.AbstractConnector (AbstractConnector.java:doStart(278)) - Started ServerConnector@54895681{HTTP/1.1,[http/1.1]}{0.0.0.0:34948}
2019-09-11 00:00:41,602 [main] INFO  server.Server (Server.java:doStart(419)) - Started @631022ms
2019-09-11 00:00:41,604 [main] WARN  impl.MetricsSystemImpl (MetricsSystemImpl.java:register(276)) - Sink prometheus already exists!
2019-09-11 00:00:41,604 [main] INFO  server.BaseHttpServer (BaseHttpServer.java:updateConnectorAddress(215)) - HTTP server of HDDSDATANODE is listening at http://0.0.0.0:34948
2019-09-11 00:00:41,605 [main] INFO  impl.MetricsSystemImpl (MetricsSystemImpl.java:init(158)) - HddsDatanode metrics system started (again)
2019-09-11 00:00:41,608 [org.apache.hadoop.util.JvmPauseMonitor$Monitor@1203af10] INFO  util.JvmPauseMonitor (JvmPauseMonitor.java:run(188)) - Starting JVM pause monitor
2019-09-11 00:00:41,609 [main] INFO  ozone.HddsDatanodeService (HddsDatanodeService.java:start(184)) - HddsDatanodeService host:pr-hdds-2007-n2glh-1307100181 ip:192.168.36.99
2019-09-11 00:00:41,610 [Datanode State Machine Thread - 0] INFO  datanode.InitDatanodeState (InitDatanodeState.java:persistContainerDatanodeDetails(140)) - DatanodeDetails is persisted to /workdir/hadoop-ozone/integration-test/target/test-dir/MiniOzoneClusterImpl-e22a53fb-91d7-4d35-81b0-6fa6ae710c0c/datanode-2/meta/datanode.id
2019-09-11 00:00:41,615 [main] INFO  volume.HddsVolume (HddsVolume.java:<init>(176)) - Creating Volume: /workdir/hadoop-ozone/integration-test/target/test-dir/MiniOzoneClusterImpl-e22a53fb-91d7-4d35-81b0-6fa6ae710c0c/datanode-3/data/containers/hdds of  storage type : DISK and capacity : 1482555576320
2019-09-11 00:00:41,615 [main] INFO  volume.VolumeSet (VolumeSet.java:initializeVolumeSet(170)) - Added Volume : /workdir/hadoop-ozone/integration-test/target/test-dir/MiniOzoneClusterImpl-e22a53fb-91d7-4d35-81b0-6fa6ae710c0c/datanode-3/data/containers/hdds to VolumeSet
2019-09-11 00:00:41,616 [main] INFO  volume.ThrottledAsyncChecker (ThrottledAsyncChecker.java:schedule(140)) - Scheduling a check for org.apache.hadoop.ozone.container.common.volume.HddsVolume@402b4f81
2019-09-11 00:00:41,616 [main] INFO  volume.HddsVolumeChecker (HddsVolumeChecker.java:checkAllVolumes(203)) - Scheduled health check for volume org.apache.hadoop.ozone.container.common.volume.HddsVolume@402b4f81
2019-09-11 00:00:41,634 [main] INFO  impl.RaftServerProxy (ConfUtils.java:logGet(43)) - raft.rpc.type = GRPC (default)
2019-09-11 00:00:41,635 [main] INFO  grpc.GrpcFactory (GrpcFactory.java:checkPooledByteBufAllocatorUseCacheForAllThreads(45)) - PERFORMANCE WARNING: useCacheForAllThreads is true that may cause Netty to create a lot garbage objects and, as a result, trigger GC.
	It is recommended to disable useCacheForAllThreads by setting -Dorg.apache.ratis.thirdparty.io.netty.allocator.useCacheForAllThreads=false in command line.
2019-09-11 00:00:41,635 [main] INFO  grpc.GrpcConfigKeys$Server (ConfUtils.java:logGet(43)) - raft.grpc.server.port = 0 (default)
2019-09-11 00:00:41,635 [main] INFO  server.GrpcService (ConfUtils.java:logGet(43)) - raft.grpc.message.size.max = 33570816 (custom)
2019-09-11 00:00:41,636 [main] INFO  server.RaftServerConfigKeys (ConfUtils.java:logGet(43)) - raft.server.log.appender.buffer.byte-limit = 33554432 (custom)
2019-09-11 00:00:41,636 [main] INFO  server.GrpcService (ConfUtils.java:logGet(43)) - raft.grpc.flow.control.window = 1MB (=1048576) (default)
2019-09-11 00:00:41,636 [main] INFO  server.RaftServerConfigKeys (ConfUtils.java:logGet(43)) - raft.server.rpc.request.timeout = 3000ms (default)
2019-09-11 00:00:41,637 [main] INFO  server.RaftServerConfigKeys (ConfUtils.java:logGet(43)) - raft.server.storage.dir = [/workdir/hadoop-ozone/integration-test/target/test-dir/MiniOzoneClusterImpl-e22a53fb-91d7-4d35-81b0-6fa6ae710c0c/datanode-3/data/ratis] (custom)
2019-09-11 00:00:41,638 [main] INFO  hdfs.DFSUtil (DFSUtil.java:httpServerTemplateForNNAndJN(1641)) - Starting Web-server for hddsDatanode at: http://0.0.0.0:0
2019-09-11 00:00:41,639 [main] INFO  server.AuthenticationFilter (AuthenticationFilter.java:constructSecretProvider(240)) - Unable to initialize FileSignerSecretProvider, falling back to use random secrets.
2019-09-11 00:00:41,640 [main] WARN  http.HttpRequestLog (HttpRequestLog.java:getRequestLog(97)) - Jetty request log can only be enabled using Log4j
2019-09-11 00:00:41,642 [main] INFO  http.HttpServer2 (HttpServer2.java:addGlobalFilter(975)) - Added global filter 'safety' (class=org.apache.hadoop.http.HttpServer2$QuotingInputFilter)
2019-09-11 00:00:41,642 [main] INFO  http.HttpServer2 (HttpServer2.java:addFilter(948)) - Added filter static_user_filter (class=org.apache.hadoop.http.lib.StaticUserWebFilter$StaticUserFilter) to context hddsDatanode
2019-09-11 00:00:41,642 [main] INFO  http.HttpServer2 (HttpServer2.java:addFilter(958)) - Added filter static_user_filter (class=org.apache.hadoop.http.lib.StaticUserWebFilter$StaticUserFilter) to context static
2019-09-11 00:00:41,643 [main] INFO  http.HttpServer2 (HttpServer2.java:addFilter(958)) - Added filter static_user_filter (class=org.apache.hadoop.http.lib.StaticUserWebFilter$StaticUserFilter) to context logs
2019-09-11 00:00:41,643 [main] INFO  http.HttpServer2 (HttpServer2.java:bindListener(1191)) - Jetty bound to port 35137
2019-09-11 00:00:41,644 [main] INFO  server.Server (Server.java:doStart(351)) - jetty-9.3.24.v20180605, build timestamp: 2018-06-05T17:11:56Z, git hash: 84205aa28f11a4f31f2a3b86d1bba2cc8ab69827
2019-09-11 00:00:41,645 [main] INFO  handler.ContextHandler (ContextHandler.java:doStart(781)) - Started o.e.j.s.ServletContextHandler@6eda012b{/logs,file:///workdir/hadoop-ozone/integration-test/target/log,AVAILABLE}
2019-09-11 00:00:41,646 [main] INFO  handler.ContextHandler (ContextHandler.java:doStart(781)) - Started o.e.j.s.ServletContextHandler@7d66a126{/static,jar:file:/home/user/.m2/repository/org/apache/hadoop/hadoop-hdds-container-service/0.5.0-SNAPSHOT/hadoop-hdds-container-service-0.5.0-SNAPSHOT.jar!/webapps/static,AVAILABLE}
2019-09-11 00:00:41,681 [main] INFO  handler.ContextHandler (ContextHandler.java:doStart(781)) - Started o.e.j.w.WebAppContext@55421b8d{/,file:///tmp/jetty-0.0.0.0-35137-hddsDatanode-_-any-5905147688687631153.dir/webapp/,AVAILABLE}{/hddsDatanode}
2019-09-11 00:00:41,681 [main] INFO  server.AbstractConnector (AbstractConnector.java:doStart(278)) - Started ServerConnector@24a04257{HTTP/1.1,[http/1.1]}{0.0.0.0:35137}
2019-09-11 00:00:41,683 [main] INFO  server.Server (Server.java:doStart(419)) - Started @631103ms
2019-09-11 00:00:41,683 [main] WARN  impl.MetricsSystemImpl (MetricsSystemImpl.java:register(276)) - Sink prometheus already exists!
2019-09-11 00:00:41,683 [main] INFO  server.BaseHttpServer (BaseHttpServer.java:updateConnectorAddress(215)) - HTTP server of HDDSDATANODE is listening at http://0.0.0.0:35137
2019-09-11 00:00:41,684 [main] INFO  impl.MetricsSystemImpl (MetricsSystemImpl.java:init(158)) - HddsDatanode metrics system started (again)
2019-09-11 00:00:41,687 [org.apache.hadoop.util.JvmPauseMonitor$Monitor@2680d60] INFO  util.JvmPauseMonitor (JvmPauseMonitor.java:run(188)) - Starting JVM pause monitor
2019-09-11 00:00:41,688 [main] INFO  ozone.HddsDatanodeService (HddsDatanodeService.java:start(184)) - HddsDatanodeService host:pr-hdds-2007-n2glh-1307100181 ip:192.168.36.99
2019-09-11 00:00:41,689 [Datanode State Machine Thread - 0] INFO  datanode.InitDatanodeState (InitDatanodeState.java:persistContainerDatanodeDetails(140)) - DatanodeDetails is persisted to /workdir/hadoop-ozone/integration-test/target/test-dir/MiniOzoneClusterImpl-e22a53fb-91d7-4d35-81b0-6fa6ae710c0c/datanode-3/meta/datanode.id
2019-09-11 00:00:41,694 [main] INFO  volume.HddsVolume (HddsVolume.java:<init>(176)) - Creating Volume: /workdir/hadoop-ozone/integration-test/target/test-dir/MiniOzoneClusterImpl-e22a53fb-91d7-4d35-81b0-6fa6ae710c0c/datanode-4/data/containers/hdds of  storage type : DISK and capacity : 1482555576320
2019-09-11 00:00:41,694 [main] INFO  volume.VolumeSet (VolumeSet.java:initializeVolumeSet(170)) - Added Volume : /workdir/hadoop-ozone/integration-test/target/test-dir/MiniOzoneClusterImpl-e22a53fb-91d7-4d35-81b0-6fa6ae710c0c/datanode-4/data/containers/hdds to VolumeSet
2019-09-11 00:00:41,695 [main] INFO  volume.ThrottledAsyncChecker (ThrottledAsyncChecker.java:schedule(140)) - Scheduling a check for org.apache.hadoop.ozone.container.common.volume.HddsVolume@6c9a3661
2019-09-11 00:00:41,695 [main] INFO  volume.HddsVolumeChecker (HddsVolumeChecker.java:checkAllVolumes(203)) - Scheduled health check for volume org.apache.hadoop.ozone.container.common.volume.HddsVolume@6c9a3661
2019-09-11 00:00:41,713 [main] INFO  impl.RaftServerProxy (ConfUtils.java:logGet(43)) - raft.rpc.type = GRPC (default)
2019-09-11 00:00:41,714 [main] INFO  grpc.GrpcFactory (GrpcFactory.java:checkPooledByteBufAllocatorUseCacheForAllThreads(45)) - PERFORMANCE WARNING: useCacheForAllThreads is true that may cause Netty to create a lot garbage objects and, as a result, trigger GC.
	It is recommended to disable useCacheForAllThreads by setting -Dorg.apache.ratis.thirdparty.io.netty.allocator.useCacheForAllThreads=false in command line.
2019-09-11 00:00:41,714 [main] INFO  grpc.GrpcConfigKeys$Server (ConfUtils.java:logGet(43)) - raft.grpc.server.port = 0 (default)
2019-09-11 00:00:41,714 [main] INFO  server.GrpcService (ConfUtils.java:logGet(43)) - raft.grpc.message.size.max = 33570816 (custom)
2019-09-11 00:00:41,715 [main] INFO  server.RaftServerConfigKeys (ConfUtils.java:logGet(43)) - raft.server.log.appender.buffer.byte-limit = 33554432 (custom)
2019-09-11 00:00:41,715 [main] INFO  server.GrpcService (ConfUtils.java:logGet(43)) - raft.grpc.flow.control.window = 1MB (=1048576) (default)
2019-09-11 00:00:41,715 [main] INFO  server.RaftServerConfigKeys (ConfUtils.java:logGet(43)) - raft.server.rpc.request.timeout = 3000ms (default)
2019-09-11 00:00:41,716 [main] INFO  server.RaftServerConfigKeys (ConfUtils.java:logGet(43)) - raft.server.storage.dir = [/workdir/hadoop-ozone/integration-test/target/test-dir/MiniOzoneClusterImpl-e22a53fb-91d7-4d35-81b0-6fa6ae710c0c/datanode-4/data/ratis] (custom)
2019-09-11 00:00:41,717 [main] INFO  hdfs.DFSUtil (DFSUtil.java:httpServerTemplateForNNAndJN(1641)) - Starting Web-server for hddsDatanode at: http://0.0.0.0:0
2019-09-11 00:00:41,718 [main] INFO  server.AuthenticationFilter (AuthenticationFilter.java:constructSecretProvider(240)) - Unable to initialize FileSignerSecretProvider, falling back to use random secrets.
2019-09-11 00:00:41,718 [main] WARN  http.HttpRequestLog (HttpRequestLog.java:getRequestLog(97)) - Jetty request log can only be enabled using Log4j
2019-09-11 00:00:41,720 [main] INFO  http.HttpServer2 (HttpServer2.java:addGlobalFilter(975)) - Added global filter 'safety' (class=org.apache.hadoop.http.HttpServer2$QuotingInputFilter)
2019-09-11 00:00:41,720 [main] INFO  http.HttpServer2 (HttpServer2.java:addFilter(948)) - Added filter static_user_filter (class=org.apache.hadoop.http.lib.StaticUserWebFilter$StaticUserFilter) to context hddsDatanode
2019-09-11 00:00:41,721 [main] INFO  http.HttpServer2 (HttpServer2.java:addFilter(958)) - Added filter static_user_filter (class=org.apache.hadoop.http.lib.StaticUserWebFilter$StaticUserFilter) to context static
2019-09-11 00:00:41,721 [main] INFO  http.HttpServer2 (HttpServer2.java:addFilter(958)) - Added filter static_user_filter (class=org.apache.hadoop.http.lib.StaticUserWebFilter$StaticUserFilter) to context logs
2019-09-11 00:00:41,721 [main] INFO  http.HttpServer2 (HttpServer2.java:bindListener(1191)) - Jetty bound to port 44736
2019-09-11 00:00:41,721 [main] INFO  server.Server (Server.java:doStart(351)) - jetty-9.3.24.v20180605, build timestamp: 2018-06-05T17:11:56Z, git hash: 84205aa28f11a4f31f2a3b86d1bba2cc8ab69827
2019-09-11 00:00:41,723 [main] INFO  handler.ContextHandler (ContextHandler.java:doStart(781)) - Started o.e.j.s.ServletContextHandler@4607d78b{/logs,file:///workdir/hadoop-ozone/integration-test/target/log,AVAILABLE}
2019-09-11 00:00:41,723 [main] INFO  handler.ContextHandler (ContextHandler.java:doStart(781)) - Started o.e.j.s.ServletContextHandler@22048bd6{/static,jar:file:/home/user/.m2/repository/org/apache/hadoop/hadoop-hdds-container-service/0.5.0-SNAPSHOT/hadoop-hdds-container-service-0.5.0-SNAPSHOT.jar!/webapps/static,AVAILABLE}
2019-09-11 00:00:41,751 [main] INFO  handler.ContextHandler (ContextHandler.java:doStart(781)) - Started o.e.j.w.WebAppContext@375084c9{/,file:///tmp/jetty-0.0.0.0-44736-hddsDatanode-_-any-4716050053200344122.dir/webapp/,AVAILABLE}{/hddsDatanode}
2019-09-11 00:00:41,751 [main] INFO  server.AbstractConnector (AbstractConnector.java:doStart(278)) - Started ServerConnector@bd93bc3{HTTP/1.1,[http/1.1]}{0.0.0.0:44736}
2019-09-11 00:00:41,751 [main] INFO  server.Server (Server.java:doStart(419)) - Started @631171ms
2019-09-11 00:00:41,753 [main] WARN  impl.MetricsSystemImpl (MetricsSystemImpl.java:register(276)) - Sink prometheus already exists!
2019-09-11 00:00:41,754 [main] INFO  server.BaseHttpServer (BaseHttpServer.java:updateConnectorAddress(215)) - HTTP server of HDDSDATANODE is listening at http://0.0.0.0:44736
2019-09-11 00:00:41,754 [main] INFO  impl.MetricsSystemImpl (MetricsSystemImpl.java:init(158)) - HddsDatanode metrics system started (again)
2019-09-11 00:00:41,758 [org.apache.hadoop.util.JvmPauseMonitor$Monitor@4e5c02e9] INFO  util.JvmPauseMonitor (JvmPauseMonitor.java:run(188)) - Starting JVM pause monitor
2019-09-11 00:00:41,759 [main] INFO  ozone.HddsDatanodeService (HddsDatanodeService.java:start(184)) - HddsDatanodeService host:pr-hdds-2007-n2glh-1307100181 ip:192.168.36.99
2019-09-11 00:00:41,760 [Datanode State Machine Thread - 0] INFO  datanode.InitDatanodeState (InitDatanodeState.java:persistContainerDatanodeDetails(140)) - DatanodeDetails is persisted to /workdir/hadoop-ozone/integration-test/target/test-dir/MiniOzoneClusterImpl-e22a53fb-91d7-4d35-81b0-6fa6ae710c0c/datanode-4/meta/datanode.id
2019-09-11 00:00:41,771 [main] INFO  volume.HddsVolume (HddsVolume.java:<init>(176)) - Creating Volume: /workdir/hadoop-ozone/integration-test/target/test-dir/MiniOzoneClusterImpl-e22a53fb-91d7-4d35-81b0-6fa6ae710c0c/datanode-5/data/containers/hdds of  storage type : DISK and capacity : 1482555576320
2019-09-11 00:00:41,771 [main] INFO  volume.VolumeSet (VolumeSet.java:initializeVolumeSet(170)) - Added Volume : /workdir/hadoop-ozone/integration-test/target/test-dir/MiniOzoneClusterImpl-e22a53fb-91d7-4d35-81b0-6fa6ae710c0c/datanode-5/data/containers/hdds to VolumeSet
2019-09-11 00:00:41,772 [main] INFO  volume.ThrottledAsyncChecker (ThrottledAsyncChecker.java:schedule(140)) - Scheduling a check for org.apache.hadoop.ozone.container.common.volume.HddsVolume@197ce367
2019-09-11 00:00:41,772 [main] INFO  volume.HddsVolumeChecker (HddsVolumeChecker.java:checkAllVolumes(203)) - Scheduled health check for volume org.apache.hadoop.ozone.container.common.volume.HddsVolume@197ce367
2019-09-11 00:00:41,792 [main] INFO  impl.RaftServerProxy (ConfUtils.java:logGet(43)) - raft.rpc.type = GRPC (default)
2019-09-11 00:00:41,792 [main] INFO  grpc.GrpcFactory (GrpcFactory.java:checkPooledByteBufAllocatorUseCacheForAllThreads(45)) - PERFORMANCE WARNING: useCacheForAllThreads is true that may cause Netty to create a lot garbage objects and, as a result, trigger GC.
	It is recommended to disable useCacheForAllThreads by setting -Dorg.apache.ratis.thirdparty.io.netty.allocator.useCacheForAllThreads=false in command line.
2019-09-11 00:00:41,792 [main] INFO  grpc.GrpcConfigKeys$Server (ConfUtils.java:logGet(43)) - raft.grpc.server.port = 0 (default)
2019-09-11 00:00:41,792 [main] INFO  server.GrpcService (ConfUtils.java:logGet(43)) - raft.grpc.message.size.max = 33570816 (custom)
2019-09-11 00:00:41,793 [main] INFO  server.RaftServerConfigKeys (ConfUtils.java:logGet(43)) - raft.server.log.appender.buffer.byte-limit = 33554432 (custom)
2019-09-11 00:00:41,793 [main] INFO  server.GrpcService (ConfUtils.java:logGet(43)) - raft.grpc.flow.control.window = 1MB (=1048576) (default)
2019-09-11 00:00:41,793 [main] INFO  server.RaftServerConfigKeys (ConfUtils.java:logGet(43)) - raft.server.rpc.request.timeout = 3000ms (default)
2019-09-11 00:00:41,794 [main] INFO  server.RaftServerConfigKeys (ConfUtils.java:logGet(43)) - raft.server.storage.dir = [/workdir/hadoop-ozone/integration-test/target/test-dir/MiniOzoneClusterImpl-e22a53fb-91d7-4d35-81b0-6fa6ae710c0c/datanode-5/data/ratis] (custom)
2019-09-11 00:00:41,795 [main] INFO  hdfs.DFSUtil (DFSUtil.java:httpServerTemplateForNNAndJN(1641)) - Starting Web-server for hddsDatanode at: http://0.0.0.0:0
2019-09-11 00:00:41,797 [main] INFO  server.AuthenticationFilter (AuthenticationFilter.java:constructSecretProvider(240)) - Unable to initialize FileSignerSecretProvider, falling back to use random secrets.
2019-09-11 00:00:41,798 [main] WARN  http.HttpRequestLog (HttpRequestLog.java:getRequestLog(97)) - Jetty request log can only be enabled using Log4j
2019-09-11 00:00:41,800 [main] INFO  http.HttpServer2 (HttpServer2.java:addGlobalFilter(975)) - Added global filter 'safety' (class=org.apache.hadoop.http.HttpServer2$QuotingInputFilter)
2019-09-11 00:00:41,800 [main] INFO  http.HttpServer2 (HttpServer2.java:addFilter(948)) - Added filter static_user_filter (class=org.apache.hadoop.http.lib.StaticUserWebFilter$StaticUserFilter) to context hddsDatanode
2019-09-11 00:00:41,801 [main] INFO  http.HttpServer2 (HttpServer2.java:addFilter(958)) - Added filter static_user_filter (class=org.apache.hadoop.http.lib.StaticUserWebFilter$StaticUserFilter) to context logs
2019-09-11 00:00:41,801 [main] INFO  http.HttpServer2 (HttpServer2.java:addFilter(958)) - Added filter static_user_filter (class=org.apache.hadoop.http.lib.StaticUserWebFilter$StaticUserFilter) to context static
2019-09-11 00:00:41,802 [main] INFO  http.HttpServer2 (HttpServer2.java:bindListener(1191)) - Jetty bound to port 33427
2019-09-11 00:00:41,802 [main] INFO  server.Server (Server.java:doStart(351)) - jetty-9.3.24.v20180605, build timestamp: 2018-06-05T17:11:56Z, git hash: 84205aa28f11a4f31f2a3b86d1bba2cc8ab69827
2019-09-11 00:00:41,804 [main] INFO  handler.ContextHandler (ContextHandler.java:doStart(781)) - Started o.e.j.s.ServletContextHandler@c472300{/logs,file:///workdir/hadoop-ozone/integration-test/target/log,AVAILABLE}
2019-09-11 00:00:41,805 [main] INFO  handler.ContextHandler (ContextHandler.java:doStart(781)) - Started o.e.j.s.ServletContextHandler@6826b70f{/static,jar:file:/home/user/.m2/repository/org/apache/hadoop/hadoop-hdds-container-service/0.5.0-SNAPSHOT/hadoop-hdds-container-service-0.5.0-SNAPSHOT.jar!/webapps/static,AVAILABLE}
2019-09-11 00:00:41,845 [main] INFO  handler.ContextHandler (ContextHandler.java:doStart(781)) - Started o.e.j.w.WebAppContext@1544ded3{/,file:///tmp/jetty-0.0.0.0-33427-hddsDatanode-_-any-2937438262899947886.dir/webapp/,AVAILABLE}{/hddsDatanode}
2019-09-11 00:00:41,845 [main] INFO  server.AbstractConnector (AbstractConnector.java:doStart(278)) - Started ServerConnector@3ccb12d{HTTP/1.1,[http/1.1]}{0.0.0.0:33427}
2019-09-11 00:00:41,847 [main] INFO  server.Server (Server.java:doStart(419)) - Started @631266ms
2019-09-11 00:00:41,847 [main] WARN  impl.MetricsSystemImpl (MetricsSystemImpl.java:register(276)) - Sink prometheus already exists!
2019-09-11 00:00:41,848 [main] INFO  server.BaseHttpServer (BaseHttpServer.java:updateConnectorAddress(215)) - HTTP server of HDDSDATANODE is listening at http://0.0.0.0:33427
2019-09-11 00:00:41,848 [main] INFO  impl.MetricsSystemImpl (MetricsSystemImpl.java:init(158)) - HddsDatanode metrics system started (again)
2019-09-11 00:00:41,853 [org.apache.hadoop.util.JvmPauseMonitor$Monitor@445b5cec] INFO  util.JvmPauseMonitor (JvmPauseMonitor.java:run(188)) - Starting JVM pause monitor
2019-09-11 00:00:41,854 [main] INFO  ozone.HddsDatanodeService (HddsDatanodeService.java:start(184)) - HddsDatanodeService host:pr-hdds-2007-n2glh-1307100181 ip:192.168.36.99
2019-09-11 00:00:41,855 [Datanode State Machine Thread - 0] INFO  datanode.InitDatanodeState (InitDatanodeState.java:persistContainerDatanodeDetails(140)) - DatanodeDetails is persisted to /workdir/hadoop-ozone/integration-test/target/test-dir/MiniOzoneClusterImpl-e22a53fb-91d7-4d35-81b0-6fa6ae710c0c/datanode-5/meta/datanode.id
2019-09-11 00:00:41,861 [main] INFO  volume.HddsVolume (HddsVolume.java:<init>(176)) - Creating Volume: /workdir/hadoop-ozone/integration-test/target/test-dir/MiniOzoneClusterImpl-e22a53fb-91d7-4d35-81b0-6fa6ae710c0c/datanode-6/data/containers/hdds of  storage type : DISK and capacity : 1482555576320
2019-09-11 00:00:41,861 [main] INFO  volume.VolumeSet (VolumeSet.java:initializeVolumeSet(170)) - Added Volume : /workdir/hadoop-ozone/integration-test/target/test-dir/MiniOzoneClusterImpl-e22a53fb-91d7-4d35-81b0-6fa6ae710c0c/datanode-6/data/containers/hdds to VolumeSet
2019-09-11 00:00:41,861 [main] INFO  volume.ThrottledAsyncChecker (ThrottledAsyncChecker.java:schedule(140)) - Scheduling a check for org.apache.hadoop.ozone.container.common.volume.HddsVolume@7336fd8f
2019-09-11 00:00:41,862 [main] INFO  volume.HddsVolumeChecker (HddsVolumeChecker.java:checkAllVolumes(203)) - Scheduled health check for volume org.apache.hadoop.ozone.container.common.volume.HddsVolume@7336fd8f
2019-09-11 00:00:41,879 [main] INFO  impl.RaftServerProxy (ConfUtils.java:logGet(43)) - raft.rpc.type = GRPC (default)
2019-09-11 00:00:41,880 [main] INFO  grpc.GrpcFactory (GrpcFactory.java:checkPooledByteBufAllocatorUseCacheForAllThreads(45)) - PERFORMANCE WARNING: useCacheForAllThreads is true that may cause Netty to create a lot garbage objects and, as a result, trigger GC.
	It is recommended to disable useCacheForAllThreads by setting -Dorg.apache.ratis.thirdparty.io.netty.allocator.useCacheForAllThreads=false in command line.
2019-09-11 00:00:41,880 [main] INFO  grpc.GrpcConfigKeys$Server (ConfUtils.java:logGet(43)) - raft.grpc.server.port = 0 (default)
2019-09-11 00:00:41,880 [main] INFO  server.GrpcService (ConfUtils.java:logGet(43)) - raft.grpc.message.size.max = 33570816 (custom)
2019-09-11 00:00:41,880 [main] INFO  server.RaftServerConfigKeys (ConfUtils.java:logGet(43)) - raft.server.log.appender.buffer.byte-limit = 33554432 (custom)
2019-09-11 00:00:41,881 [main] INFO  server.GrpcService (ConfUtils.java:logGet(43)) - raft.grpc.flow.control.window = 1MB (=1048576) (default)
2019-09-11 00:00:41,881 [main] INFO  server.RaftServerConfigKeys (ConfUtils.java:logGet(43)) - raft.server.rpc.request.timeout = 3000ms (default)
2019-09-11 00:00:41,882 [main] INFO  server.RaftServerConfigKeys (ConfUtils.java:logGet(43)) - raft.server.storage.dir = [/workdir/hadoop-ozone/integration-test/target/test-dir/MiniOzoneClusterImpl-e22a53fb-91d7-4d35-81b0-6fa6ae710c0c/datanode-6/data/ratis] (custom)
2019-09-11 00:00:41,883 [main] INFO  hdfs.DFSUtil (DFSUtil.java:httpServerTemplateForNNAndJN(1641)) - Starting Web-server for hddsDatanode at: http://0.0.0.0:0
2019-09-11 00:00:41,885 [main] INFO  server.AuthenticationFilter (AuthenticationFilter.java:constructSecretProvider(240)) - Unable to initialize FileSignerSecretProvider, falling back to use random secrets.
2019-09-11 00:00:41,886 [main] WARN  http.HttpRequestLog (HttpRequestLog.java:getRequestLog(97)) - Jetty request log can only be enabled using Log4j
2019-09-11 00:00:41,888 [main] INFO  http.HttpServer2 (HttpServer2.java:addGlobalFilter(975)) - Added global filter 'safety' (class=org.apache.hadoop.http.HttpServer2$QuotingInputFilter)
2019-09-11 00:00:41,889 [main] INFO  http.HttpServer2 (HttpServer2.java:addFilter(948)) - Added filter static_user_filter (class=org.apache.hadoop.http.lib.StaticUserWebFilter$StaticUserFilter) to context hddsDatanode
2019-09-11 00:00:41,889 [main] INFO  http.HttpServer2 (HttpServer2.java:addFilter(958)) - Added filter static_user_filter (class=org.apache.hadoop.http.lib.StaticUserWebFilter$StaticUserFilter) to context logs
2019-09-11 00:00:41,889 [main] INFO  http.HttpServer2 (HttpServer2.java:addFilter(958)) - Added filter static_user_filter (class=org.apache.hadoop.http.lib.StaticUserWebFilter$StaticUserFilter) to context static
2019-09-11 00:00:41,890 [main] INFO  http.HttpServer2 (HttpServer2.java:bindListener(1191)) - Jetty bound to port 35982
2019-09-11 00:00:41,890 [main] INFO  server.Server (Server.java:doStart(351)) - jetty-9.3.24.v20180605, build timestamp: 2018-06-05T17:11:56Z, git hash: 84205aa28f11a4f31f2a3b86d1bba2cc8ab69827
2019-09-11 00:00:41,892 [main] INFO  handler.ContextHandler (ContextHandler.java:doStart(781)) - Started o.e.j.s.ServletContextHandler@639c7f9c{/logs,file:///workdir/hadoop-ozone/integration-test/target/log,AVAILABLE}
2019-09-11 00:00:41,893 [main] INFO  handler.ContextHandler (ContextHandler.java:doStart(781)) - Started o.e.j.s.ServletContextHandler@1815577b{/static,jar:file:/home/user/.m2/repository/org/apache/hadoop/hadoop-hdds-container-service/0.5.0-SNAPSHOT/hadoop-hdds-container-service-0.5.0-SNAPSHOT.jar!/webapps/static,AVAILABLE}
2019-09-11 00:00:41,936 [main] INFO  handler.ContextHandler (ContextHandler.java:doStart(781)) - Started o.e.j.w.WebAppContext@1f758e4f{/,file:///tmp/jetty-0.0.0.0-35982-hddsDatanode-_-any-5431723999189145666.dir/webapp/,AVAILABLE}{/hddsDatanode}
2019-09-11 00:00:41,936 [main] INFO  server.AbstractConnector (AbstractConnector.java:doStart(278)) - Started ServerConnector@733534f9{HTTP/1.1,[http/1.1]}{0.0.0.0:35982}
2019-09-11 00:00:41,938 [main] INFO  server.Server (Server.java:doStart(419)) - Started @631358ms
2019-09-11 00:00:41,938 [main] WARN  impl.MetricsSystemImpl (MetricsSystemImpl.java:register(276)) - Sink prometheus already exists!
2019-09-11 00:00:41,939 [main] INFO  server.BaseHttpServer (BaseHttpServer.java:updateConnectorAddress(215)) - HTTP server of HDDSDATANODE is listening at http://0.0.0.0:35982
2019-09-11 00:00:41,939 [main] INFO  ozone.MiniOzoneClusterImpl (MiniOzoneClusterImpl.java:lambda$waitForClusterToBeReady$0(140)) - Waiting for cluster to be ready. Got 0 of 7 DN Heartbeats.
2019-09-11 00:00:41,941 [org.apache.hadoop.util.JvmPauseMonitor$Monitor@1ccfd4df] INFO  util.JvmPauseMonitor (JvmPauseMonitor.java:run(188)) - Starting JVM pause monitor
2019-09-11 00:00:41,942 [Datanode State Machine Thread - 0] INFO  datanode.InitDatanodeState (InitDatanodeState.java:persistContainerDatanodeDetails(140)) - DatanodeDetails is persisted to /workdir/hadoop-ozone/integration-test/target/test-dir/MiniOzoneClusterImpl-e22a53fb-91d7-4d35-81b0-6fa6ae710c0c/datanode-6/meta/datanode.id
2019-09-11 00:00:42,940 [main] INFO  ozone.MiniOzoneClusterImpl (MiniOzoneClusterImpl.java:lambda$waitForClusterToBeReady$0(140)) - Waiting for cluster to be ready. Got 0 of 7 DN Heartbeats.
2019-09-11 00:00:43,483 [Datanode State Machine Thread - 0] INFO  ozoneimpl.OzoneContainer (OzoneContainer.java:start(201)) - Attempting to start container services.
2019-09-11 00:00:43,483 [Datanode State Machine Thread - 0] INFO  ozoneimpl.OzoneContainer (OzoneContainer.java:startContainerScrub(175)) - Background container scrubber has been disabled by hdds.containerscrub.enabled
2019-09-11 00:00:43,483 [Datanode State Machine Thread - 0] INFO  ratis.XceiverServerRatis (XceiverServerRatis.java:start(393)) - Starting XceiverServerRatis d1866f23-e324-4f00-81e4-aba39189eab3 at port 0
2019-09-11 00:00:43,490 [Datanode State Machine Thread - 0] INFO  impl.RaftServerProxy (RaftServerProxy.java:lambda$start$3(299)) - d1866f23-e324-4f00-81e4-aba39189eab3: start RPC server
2019-09-11 00:00:43,491 [Datanode State Machine Thread - 0] INFO  server.GrpcService (GrpcService.java:startImpl(149)) - d1866f23-e324-4f00-81e4-aba39189eab3: GrpcService started, listening on 0.0.0.0/0.0.0.0:40086
2019-09-11 00:00:43,491 [Datanode State Machine Thread - 0] INFO  ratis.XceiverServerRatis (XceiverServerRatis.java:start(403)) - XceiverServerRatis d1866f23-e324-4f00-81e4-aba39189eab3 is started using port 40086
2019-09-11 00:00:43,492 [Datanode State Machine Thread - 0] INFO  server.XceiverServerGrpc (XceiverServerGrpc.java:start(163)) - XceiverServerGrpc d1866f23-e324-4f00-81e4-aba39189eab3 is started using port 36935
2019-09-11 00:00:43,566 [Datanode State Machine Thread - 0] INFO  ozoneimpl.OzoneContainer (OzoneContainer.java:start(201)) - Attempting to start container services.
2019-09-11 00:00:43,566 [Datanode State Machine Thread - 0] INFO  ozoneimpl.OzoneContainer (OzoneContainer.java:startContainerScrub(175)) - Background container scrubber has been disabled by hdds.containerscrub.enabled
2019-09-11 00:00:43,566 [Datanode State Machine Thread - 0] INFO  ratis.XceiverServerRatis (XceiverServerRatis.java:start(393)) - Starting XceiverServerRatis 300fc559-675d-4e55-b6b8-a1f8acab2d78 at port 0
2019-09-11 00:00:43,920 [Datanode State Machine Thread - 0] INFO  impl.RaftServerProxy (RaftServerProxy.java:lambda$start$3(299)) - 300fc559-675d-4e55-b6b8-a1f8acab2d78: start RPC server
2019-09-11 00:00:43,944 [main] INFO  ozone.MiniOzoneClusterImpl (MiniOzoneClusterImpl.java:lambda$waitForClusterToBeReady$0(140)) - Waiting for cluster to be ready. Got 0 of 7 DN Heartbeats.
2019-09-11 00:00:43,998 [Datanode State Machine Thread - 0] INFO  server.GrpcService (GrpcService.java:startImpl(149)) - 300fc559-675d-4e55-b6b8-a1f8acab2d78: GrpcService started, listening on 0.0.0.0/0.0.0.0:37903
2019-09-11 00:00:44,005 [Datanode State Machine Thread - 0] INFO  ozoneimpl.OzoneContainer (OzoneContainer.java:start(201)) - Attempting to start container services.
2019-09-11 00:00:44,013 [Datanode State Machine Thread - 0] INFO  ratis.XceiverServerRatis (XceiverServerRatis.java:start(403)) - XceiverServerRatis 300fc559-675d-4e55-b6b8-a1f8acab2d78 is started using port 37903
2019-09-11 00:00:44,024 [Datanode State Machine Thread - 0] INFO  ozoneimpl.OzoneContainer (OzoneContainer.java:startContainerScrub(175)) - Background container scrubber has been disabled by hdds.containerscrub.enabled
2019-09-11 00:00:44,028 [Datanode State Machine Thread - 0] INFO  ratis.XceiverServerRatis (XceiverServerRatis.java:start(393)) - Starting XceiverServerRatis e664e961-aac9-42bf-bdf1-066f5156a4eb at port 0
2019-09-11 00:00:44,034 [Datanode State Machine Thread - 0] INFO  server.XceiverServerGrpc (XceiverServerGrpc.java:start(163)) - XceiverServerGrpc 300fc559-675d-4e55-b6b8-a1f8acab2d78 is started using port 40475
2019-09-11 00:00:44,063 [Datanode State Machine Thread - 0] INFO  ozoneimpl.OzoneContainer (OzoneContainer.java:start(201)) - Attempting to start container services.
2019-09-11 00:00:44,065 [Datanode State Machine Thread - 0] INFO  ozoneimpl.OzoneContainer (OzoneContainer.java:startContainerScrub(175)) - Background container scrubber has been disabled by hdds.containerscrub.enabled
2019-09-11 00:00:44,065 [Datanode State Machine Thread - 0] INFO  ratis.XceiverServerRatis (XceiverServerRatis.java:start(393)) - Starting XceiverServerRatis 18b5dca1-5cee-4f4a-a372-b89973203a77 at port 0
2019-09-11 00:00:44,065 [Datanode State Machine Thread - 0] INFO  ozoneimpl.OzoneContainer (OzoneContainer.java:start(201)) - Attempting to start container services.
2019-09-11 00:00:44,067 [Datanode State Machine Thread - 0] INFO  ozoneimpl.OzoneContainer (OzoneContainer.java:startContainerScrub(175)) - Background container scrubber has been disabled by hdds.containerscrub.enabled
2019-09-11 00:00:44,065 [Datanode State Machine Thread - 0] INFO  ozoneimpl.OzoneContainer (OzoneContainer.java:start(201)) - Attempting to start container services.
2019-09-11 00:00:44,067 [Datanode State Machine Thread - 0] INFO  ratis.XceiverServerRatis (XceiverServerRatis.java:start(393)) - Starting XceiverServerRatis 8134e7f4-1e90-4318-ba5f-921a50abbefc at port 0
2019-09-11 00:00:44,083 [Datanode State Machine Thread - 0] INFO  ozoneimpl.OzoneContainer (OzoneContainer.java:start(201)) - Attempting to start container services.
2019-09-11 00:00:44,083 [Datanode State Machine Thread - 0] INFO  ozoneimpl.OzoneContainer (OzoneContainer.java:startContainerScrub(175)) - Background container scrubber has been disabled by hdds.containerscrub.enabled
2019-09-11 00:00:44,067 [Datanode State Machine Thread - 0] INFO  ozoneimpl.OzoneContainer (OzoneContainer.java:startContainerScrub(175)) - Background container scrubber has been disabled by hdds.containerscrub.enabled
2019-09-11 00:00:44,084 [Datanode State Machine Thread - 0] INFO  ratis.XceiverServerRatis (XceiverServerRatis.java:start(393)) - Starting XceiverServerRatis bbc2a5fa-cf2b-4b97-a6b6-c2260dff6e77 at port 0
2019-09-11 00:00:44,084 [Datanode State Machine Thread - 0] INFO  ratis.XceiverServerRatis (XceiverServerRatis.java:start(393)) - Starting XceiverServerRatis c0862f5c-5826-4b92-adfa-20dd0620b5c2 at port 0
2019-09-11 00:00:44,120 [Datanode State Machine Thread - 0] INFO  impl.RaftServerProxy (RaftServerProxy.java:lambda$start$3(299)) - e664e961-aac9-42bf-bdf1-066f5156a4eb: start RPC server
2019-09-11 00:00:44,120 [Datanode State Machine Thread - 0] INFO  server.GrpcService (GrpcService.java:startImpl(149)) - e664e961-aac9-42bf-bdf1-066f5156a4eb: GrpcService started, listening on 0.0.0.0/0.0.0.0:35473
2019-09-11 00:00:44,121 [Datanode State Machine Thread - 0] INFO  ratis.XceiverServerRatis (XceiverServerRatis.java:start(403)) - XceiverServerRatis e664e961-aac9-42bf-bdf1-066f5156a4eb is started using port 35473
2019-09-11 00:00:44,137 [Datanode State Machine Thread - 0] INFO  server.XceiverServerGrpc (XceiverServerGrpc.java:start(163)) - XceiverServerGrpc e664e961-aac9-42bf-bdf1-066f5156a4eb is started using port 37885
2019-09-11 00:00:44,156 [Datanode State Machine Thread - 0] INFO  impl.RaftServerProxy (RaftServerProxy.java:lambda$start$3(299)) - bbc2a5fa-cf2b-4b97-a6b6-c2260dff6e77: start RPC server
2019-09-11 00:00:44,158 [Datanode State Machine Thread - 0] INFO  server.GrpcService (GrpcService.java:startImpl(149)) - bbc2a5fa-cf2b-4b97-a6b6-c2260dff6e77: GrpcService started, listening on 0.0.0.0/0.0.0.0:36713
2019-09-11 00:00:44,158 [Datanode State Machine Thread - 0] INFO  ratis.XceiverServerRatis (XceiverServerRatis.java:start(403)) - XceiverServerRatis bbc2a5fa-cf2b-4b97-a6b6-c2260dff6e77 is started using port 36713
2019-09-11 00:00:44,158 [Datanode State Machine Thread - 0] INFO  server.XceiverServerGrpc (XceiverServerGrpc.java:start(163)) - XceiverServerGrpc bbc2a5fa-cf2b-4b97-a6b6-c2260dff6e77 is started using port 42698
2019-09-11 00:00:44,162 [Datanode State Machine Thread - 0] INFO  impl.RaftServerProxy (RaftServerProxy.java:lambda$start$3(299)) - c0862f5c-5826-4b92-adfa-20dd0620b5c2: start RPC server
2019-09-11 00:00:44,163 [Datanode State Machine Thread - 0] INFO  server.GrpcService (GrpcService.java:startImpl(149)) - c0862f5c-5826-4b92-adfa-20dd0620b5c2: GrpcService started, listening on 0.0.0.0/0.0.0.0:37443
2019-09-11 00:00:44,163 [Datanode State Machine Thread - 0] INFO  ratis.XceiverServerRatis (XceiverServerRatis.java:start(403)) - XceiverServerRatis c0862f5c-5826-4b92-adfa-20dd0620b5c2 is started using port 37443
2019-09-11 00:00:44,165 [Datanode State Machine Thread - 0] INFO  server.XceiverServerGrpc (XceiverServerGrpc.java:start(163)) - XceiverServerGrpc c0862f5c-5826-4b92-adfa-20dd0620b5c2 is started using port 46566
2019-09-11 00:00:44,165 [Datanode State Machine Thread - 0] INFO  impl.RaftServerProxy (RaftServerProxy.java:lambda$start$3(299)) - 18b5dca1-5cee-4f4a-a372-b89973203a77: start RPC server
2019-09-11 00:00:44,168 [Datanode State Machine Thread - 0] INFO  impl.RaftServerProxy (RaftServerProxy.java:lambda$start$3(299)) - 8134e7f4-1e90-4318-ba5f-921a50abbefc: start RPC server
2019-09-11 00:00:44,168 [Datanode State Machine Thread - 0] INFO  server.GrpcService (GrpcService.java:startImpl(149)) - 18b5dca1-5cee-4f4a-a372-b89973203a77: GrpcService started, listening on 0.0.0.0/0.0.0.0:45926
2019-09-11 00:00:44,170 [Datanode State Machine Thread - 0] INFO  ratis.XceiverServerRatis (XceiverServerRatis.java:start(403)) - XceiverServerRatis 18b5dca1-5cee-4f4a-a372-b89973203a77 is started using port 45926
2019-09-11 00:00:44,170 [Datanode State Machine Thread - 0] INFO  server.GrpcService (GrpcService.java:startImpl(149)) - 8134e7f4-1e90-4318-ba5f-921a50abbefc: GrpcService started, listening on 0.0.0.0/0.0.0.0:39977
2019-09-11 00:00:44,170 [Datanode State Machine Thread - 0] INFO  ratis.XceiverServerRatis (XceiverServerRatis.java:start(403)) - XceiverServerRatis 8134e7f4-1e90-4318-ba5f-921a50abbefc is started using port 39977
2019-09-11 00:00:44,171 [Datanode State Machine Thread - 0] INFO  server.XceiverServerGrpc (XceiverServerGrpc.java:start(163)) - XceiverServerGrpc 18b5dca1-5cee-4f4a-a372-b89973203a77 is started using port 42214
2019-09-11 00:00:44,171 [Datanode State Machine Thread - 0] INFO  server.XceiverServerGrpc (XceiverServerGrpc.java:start(163)) - XceiverServerGrpc 8134e7f4-1e90-4318-ba5f-921a50abbefc is started using port 43078
2019-09-11 00:00:44,955 [main] INFO  ozone.MiniOzoneClusterImpl (MiniOzoneClusterImpl.java:lambda$waitForClusterToBeReady$0(140)) - Waiting for cluster to be ready. Got 0 of 7 DN Heartbeats.
2019-09-11 00:00:45,468 [IPC Server handler 0 on 46287] INFO  net.NetworkTopology (NetworkTopologyImpl.java:add(110)) - Added a new node: /default-rack/d1866f23-e324-4f00-81e4-aba39189eab3
2019-09-11 00:00:45,471 [IPC Server handler 0 on 46287] INFO  node.SCMNodeManager (SCMNodeManager.java:register(266)) - Registered Data node : d1866f23-e324-4f00-81e4-aba39189eab3{ip: 192.168.36.99, host: pr-hdds-2007-n2glh-1307100181, networkLocation: /default-rack, certSerialId: null}
2019-09-11 00:00:45,472 [EventQueue-NodeRegistrationContainerReportForDataNodeSafeModeRule] INFO  safemode.SCMSafeModeManager (DataNodeSafeModeRule.java:process(71)) - SCM in safe mode. 1 DataNodes registered, 1 required.
2019-09-11 00:00:45,475 [EventQueue-NodeRegistrationContainerReportForDataNodeSafeModeRule] INFO  safemode.SCMSafeModeManager (SCMSafeModeManager.java:validateSafeModeExitRules(177)) - ScmSafeModeManager, all rules are successfully validated
2019-09-11 00:00:45,475 [EventQueue-NodeRegistrationContainerReportForDataNodeSafeModeRule] INFO  safemode.SCMSafeModeManager (SCMSafeModeManager.java:exitSafeMode(193)) - SCM exiting safe mode.
2019-09-11 00:00:45,486 [grpc-default-executor-3] INFO  impl.RaftServerProxy (RaftServerProxy.java:addNew(89)) - d1866f23-e324-4f00-81e4-aba39189eab3: addNew group-0B37042E30B8:[d1866f23-e324-4f00-81e4-aba39189eab3:192.168.36.99:40086] returns group-0B37042E30B8:java.util.concurrent.CompletableFuture@4ebe02fe[Not completed]
2019-09-11 00:00:45,488 [pool-499-thread-1] INFO  impl.RaftServerImpl (RaftServerImpl.java:<init>(93)) - d1866f23-e324-4f00-81e4-aba39189eab3: new RaftServerImpl for group-0B37042E30B8:[d1866f23-e324-4f00-81e4-aba39189eab3:192.168.36.99:40086] with ContainerStateMachine:uninitialized
2019-09-11 00:00:45,488 [pool-499-thread-1] INFO  server.RaftServerConfigKeys (ConfUtils.java:logGet(43)) - raft.server.rpc.timeout.min = 5s (custom)
2019-09-11 00:00:45,488 [pool-499-thread-1] INFO  server.RaftServerConfigKeys (ConfUtils.java:logGet(43)) - raft.server.rpc.timeout.max = 5200ms (custom)
2019-09-11 00:00:45,488 [pool-499-thread-1] INFO  server.RaftServerConfigKeys (ConfUtils.java:logGet(43)) - raft.server.rpcslowness.timeout = 120s (custom)
2019-09-11 00:00:45,488 [pool-499-thread-1] INFO  server.RaftServerConfigKeys (ConfUtils.java:logGet(43)) - raft.server.sleep.deviation.threshold = 300 (default)
2019-09-11 00:00:45,488 [pool-499-thread-1] INFO  server.RaftServerConfigKeys (ConfUtils.java:logGet(43)) - raft.server.log.appender.install.snapshot.enabled = false (custom)
2019-09-11 00:00:45,489 [pool-499-thread-1] INFO  impl.RaftServerImpl (ServerState.java:<init>(105)) - d1866f23-e324-4f00-81e4-aba39189eab3:group-0B37042E30B8 ConfigurationManager, init=-1: [d1866f23-e324-4f00-81e4-aba39189eab3:192.168.36.99:40086], old=null, confs=<EMPTY_MAP>
2019-09-11 00:00:45,489 [pool-499-thread-1] INFO  server.RaftServerConfigKeys (ConfUtils.java:logGet(43)) - raft.server.storage.dir = [/workdir/hadoop-ozone/integration-test/target/test-dir/MiniOzoneClusterImpl-e22a53fb-91d7-4d35-81b0-6fa6ae710c0c/datanode-0/data/ratis] (custom)
2019-09-11 00:00:45,489 [pool-499-thread-1] INFO  storage.RaftStorageDirectory (RaftStorageDirectory.java:analyzeStorage(246)) - The storage directory /workdir/hadoop-ozone/integration-test/target/test-dir/MiniOzoneClusterImpl-e22a53fb-91d7-4d35-81b0-6fa6ae710c0c/datanode-0/data/ratis/6a1bed3a-83e9-47cf-98a2-0b37042e30b8 does not exist. Creating ...
2019-09-11 00:00:45,538 [pool-499-thread-1] INFO  storage.RaftStorageDirectory (RaftStorageDirectory.java:tryLock(328)) - Lock on /workdir/hadoop-ozone/integration-test/target/test-dir/MiniOzoneClusterImpl-e22a53fb-91d7-4d35-81b0-6fa6ae710c0c/datanode-0/data/ratis/6a1bed3a-83e9-47cf-98a2-0b37042e30b8/in_use.lock acquired by nodename 21388@pr-hdds-2007-n2glh-1307100181
2019-09-11 00:00:45,545 [IPC Server handler 1 on 46287] INFO  net.NetworkTopology (NetworkTopologyImpl.java:add(110)) - Added a new node: /default-rack/300fc559-675d-4e55-b6b8-a1f8acab2d78
2019-09-11 00:00:45,545 [IPC Server handler 1 on 46287] INFO  node.SCMNodeManager (SCMNodeManager.java:register(266)) - Registered Data node : 300fc559-675d-4e55-b6b8-a1f8acab2d78{ip: 192.168.36.99, host: pr-hdds-2007-n2glh-1307100181, networkLocation: /default-rack, certSerialId: null}
2019-09-11 00:00:45,552 [pool-499-thread-1] INFO  storage.RaftStorage (RaftStorage.java:format(72)) - Storage directory /workdir/hadoop-ozone/integration-test/target/test-dir/MiniOzoneClusterImpl-e22a53fb-91d7-4d35-81b0-6fa6ae710c0c/datanode-0/data/ratis/6a1bed3a-83e9-47cf-98a2-0b37042e30b8 has been successfully formatted.
2019-09-11 00:00:45,552 [pool-499-thread-1] INFO  ratis.ContainerStateMachine (ContainerStateMachine.java:loadSnapshot(227)) - group-0B37042E30B8: The snapshot info is null. Setting the last applied indexto:(t:0, i:~)
2019-09-11 00:00:45,552 [pool-499-thread-1] INFO  server.RaftServerConfigKeys (ConfUtils.java:logGet(43)) - raft.server.leader.election.timeout = 120s (custom)
2019-09-11 00:00:45,553 [pool-499-thread-1] INFO  server.RaftServerConfigKeys (ConfUtils.java:logGet(43)) - raft.server.log.use.memory = false (default)
2019-09-11 00:00:45,553 [pool-499-thread-1] INFO  server.RaftServerConfigKeys (ConfUtils.java:logGet(43)) - raft.server.log.purge.gap = 1000000 (custom)
2019-09-11 00:00:45,553 [pool-499-thread-1] INFO  server.RaftServerConfigKeys (ConfUtils.java:logGet(43)) - raft.server.log.appender.buffer.byte-limit = 33554432 (custom)
2019-09-11 00:00:45,553 [pool-499-thread-1] INFO  server.RaftServerConfigKeys (ConfUtils.java:logGet(43)) - raft.server.log.segment.size.max = 1048576 (custom)
2019-09-11 00:00:45,553 [pool-499-thread-1] INFO  server.RaftServerConfigKeys (ConfUtils.java:logGet(43)) - raft.server.log.segment.cache.num.max = 2 (custom)
2019-09-11 00:00:45,553 [pool-499-thread-1] INFO  segmented.SegmentedRaftLogWorker (SegmentedRaftLogWorker.java:<init>(172)) - new d1866f23-e324-4f00-81e4-aba39189eab3-SegmentedRaftLogWorker:Storage Directory /workdir/hadoop-ozone/integration-test/target/test-dir/MiniOzoneClusterImpl-e22a53fb-91d7-4d35-81b0-6fa6ae710c0c/datanode-0/data/ratis/6a1bed3a-83e9-47cf-98a2-0b37042e30b8 for RaftStorage:Storage Directory /workdir/hadoop-ozone/integration-test/target/test-dir/MiniOzoneClusterImpl-e22a53fb-91d7-4d35-81b0-6fa6ae710c0c/datanode-0/data/ratis/6a1bed3a-83e9-47cf-98a2-0b37042e30b8
2019-09-11 00:00:45,554 [pool-499-thread-1] INFO  server.RaftServerConfigKeys (ConfUtils.java:logGet(43)) - raft.server.log.queue.byte-limit = 2147483647 (custom)
2019-09-11 00:00:45,554 [pool-499-thread-1] INFO  server.RaftServerConfigKeys (ConfUtils.java:logGet(43)) - raft.server.log.queue.element-limit = 1024 (custom)
2019-09-11 00:00:45,554 [pool-499-thread-1] INFO  server.RaftServerConfigKeys (ConfUtils.java:logGet(43)) - raft.server.log.segment.size.max = 1048576 (custom)
2019-09-11 00:00:45,554 [pool-499-thread-1] INFO  server.RaftServerConfigKeys (ConfUtils.java:logGet(43)) - raft.server.log.preallocated.size = 16384 (custom)
2019-09-11 00:00:45,554 [pool-499-thread-1] INFO  server.RaftServerConfigKeys (ConfUtils.java:logGet(43)) - raft.server.log.write.buffer.size = 33554432 (custom)
2019-09-11 00:00:45,554 [pool-499-thread-1] INFO  server.RaftServerConfigKeys (ConfUtils.java:logGet(43)) - raft.server.log.force.sync.num = 128 (default)
2019-09-11 00:00:45,555 [pool-499-thread-1] INFO  server.RaftServerConfigKeys (ConfUtils.java:logGet(43)) - raft.server.log.statemachine.data.sync = true (default)
2019-09-11 00:00:45,555 [pool-499-thread-1] INFO  server.RaftServerConfigKeys (ConfUtils.java:logGet(43)) - raft.server.log.statemachine.data.sync.timeout = 10s (default)
2019-09-11 00:00:45,555 [pool-499-thread-1] INFO  server.RaftServerConfigKeys (ConfUtils.java:logGet(43)) - raft.server.log.statemachine.data.sync.timeout.retry = -1 (default)
2019-09-11 00:00:45,555 [pool-499-thread-1] INFO  server.RaftServerConfigKeys (ConfUtils.java:logGet(43)) - raft.server.log.statemachine.data.caching.enabled = true (custom)
2019-09-11 00:00:45,556 [pool-499-thread-1] INFO  segmented.SegmentedRaftLogWorker (SegmentedRaftLogWorker.java:lambda$new$0(132)) - d1866f23-e324-4f00-81e4-aba39189eab3-SegmentedRaftLogWorker:Storage Directory /workdir/hadoop-ozone/integration-test/target/test-dir/MiniOzoneClusterImpl-e22a53fb-91d7-4d35-81b0-6fa6ae710c0c/datanode-0/data/ratis/6a1bed3a-83e9-47cf-98a2-0b37042e30b8: flushIndex: setUnconditionally 0 -> -1
2019-09-11 00:00:45,556 [pool-499-thread-1] INFO  server.RaftServerConfigKeys (ConfUtils.java:logGet(43)) - raft.server.snapshot.auto.trigger.enabled = true (custom)
2019-09-11 00:00:45,556 [pool-499-thread-1] INFO  server.RaftServerConfigKeys (ConfUtils.java:logGet(43)) - raft.server.snapshot.auto.trigger.threshold = 10000 (custom)
2019-09-11 00:00:45,556 [pool-499-thread-1] INFO  server.RaftServerConfigKeys (ConfUtils.java:logGet(43)) - raft.server.retrycache.expirytime = 600000ms (custom)
2019-09-11 00:00:45,557 [pool-499-thread-1] INFO  impl.RaftServerImpl (RaftServerImpl.java:start(180)) - d1866f23-e324-4f00-81e4-aba39189eab3: start group-0B37042E30B8
2019-09-11 00:00:45,557 [pool-499-thread-1] INFO  impl.RaftServerImpl (RaftServerImpl.java:setRole(171)) - d1866f23-e324-4f00-81e4-aba39189eab3:group-0B37042E30B8 changes role from null to FOLLOWER at term 0 for startAsFollower
2019-09-11 00:00:45,557 [pool-499-thread-1] INFO  impl.RoleInfo (RoleInfo.java:updateAndGet(143)) - d1866f23-e324-4f00-81e4-aba39189eab3: start FollowerState
2019-09-11 00:00:45,563 [pool-499-thread-1] INFO  util.JmxRegister (JmxRegister.java:tryRegister(44)) - Successfully registered JMX Bean with object name Ratis:service=RaftServer,group=group-0B37042E30B8,id=d1866f23-e324-4f00-81e4-aba39189eab3
2019-09-11 00:00:45,568 [RatisPipelineUtilsThread] INFO  pipeline.PipelineStateManager (PipelineStateManager.java:addPipeline(56)) - Created pipeline Pipeline[ Id: 6a1bed3a-83e9-47cf-98a2-0b37042e30b8, Nodes: d1866f23-e324-4f00-81e4-aba39189eab3{ip: 192.168.36.99, host: pr-hdds-2007-n2glh-1307100181, networkLocation: /default-rack, certSerialId: null}, Type:RATIS, Factor:ONE, State:OPEN]
2019-09-11 00:00:45,577 [grpc-default-executor-5] INFO  impl.RaftServerProxy (RaftServerProxy.java:addNew(89)) - 300fc559-675d-4e55-b6b8-a1f8acab2d78: addNew group-096A06B4A757:[300fc559-675d-4e55-b6b8-a1f8acab2d78:192.168.36.99:37903] returns group-096A06B4A757:java.util.concurrent.CompletableFuture@7ba2c887[Not completed]
2019-09-11 00:00:45,579 [pool-509-thread-1] INFO  impl.RaftServerImpl (RaftServerImpl.java:<init>(93)) - 300fc559-675d-4e55-b6b8-a1f8acab2d78: new RaftServerImpl for group-096A06B4A757:[300fc559-675d-4e55-b6b8-a1f8acab2d78:192.168.36.99:37903] with ContainerStateMachine:uninitialized
2019-09-11 00:00:45,579 [pool-509-thread-1] INFO  server.RaftServerConfigKeys (ConfUtils.java:logGet(43)) - raft.server.rpc.timeout.min = 5s (custom)
2019-09-11 00:00:45,579 [pool-509-thread-1] INFO  server.RaftServerConfigKeys (ConfUtils.java:logGet(43)) - raft.server.rpc.timeout.max = 5200ms (custom)
2019-09-11 00:00:45,579 [pool-509-thread-1] INFO  server.RaftServerConfigKeys (ConfUtils.java:logGet(43)) - raft.server.rpcslowness.timeout = 120s (custom)
2019-09-11 00:00:45,580 [pool-509-thread-1] INFO  server.RaftServerConfigKeys (ConfUtils.java:logGet(43)) - raft.server.sleep.deviation.threshold = 300 (default)
2019-09-11 00:00:45,580 [pool-509-thread-1] INFO  server.RaftServerConfigKeys (ConfUtils.java:logGet(43)) - raft.server.log.appender.install.snapshot.enabled = false (custom)
2019-09-11 00:00:45,580 [pool-509-thread-1] INFO  impl.RaftServerImpl (ServerState.java:<init>(105)) - 300fc559-675d-4e55-b6b8-a1f8acab2d78:group-096A06B4A757 ConfigurationManager, init=-1: [300fc559-675d-4e55-b6b8-a1f8acab2d78:192.168.36.99:37903], old=null, confs=<EMPTY_MAP>
2019-09-11 00:00:45,580 [pool-509-thread-1] INFO  server.RaftServerConfigKeys (ConfUtils.java:logGet(43)) - raft.server.storage.dir = [/workdir/hadoop-ozone/integration-test/target/test-dir/MiniOzoneClusterImpl-e22a53fb-91d7-4d35-81b0-6fa6ae710c0c/datanode-1/data/ratis] (custom)
2019-09-11 00:00:45,581 [pool-509-thread-1] INFO  storage.RaftStorageDirectory (RaftStorageDirectory.java:analyzeStorage(246)) - The storage directory /workdir/hadoop-ozone/integration-test/target/test-dir/MiniOzoneClusterImpl-e22a53fb-91d7-4d35-81b0-6fa6ae710c0c/datanode-1/data/ratis/711efb60-a86d-460b-bb8d-096a06b4a757 does not exist. Creating ...
2019-09-11 00:00:45,594 [pool-509-thread-1] INFO  storage.RaftStorageDirectory (RaftStorageDirectory.java:tryLock(328)) - Lock on /workdir/hadoop-ozone/integration-test/target/test-dir/MiniOzoneClusterImpl-e22a53fb-91d7-4d35-81b0-6fa6ae710c0c/datanode-1/data/ratis/711efb60-a86d-460b-bb8d-096a06b4a757/in_use.lock acquired by nodename 21388@pr-hdds-2007-n2glh-1307100181
2019-09-11 00:00:45,607 [pool-509-thread-1] INFO  storage.RaftStorage (RaftStorage.java:format(72)) - Storage directory /workdir/hadoop-ozone/integration-test/target/test-dir/MiniOzoneClusterImpl-e22a53fb-91d7-4d35-81b0-6fa6ae710c0c/datanode-1/data/ratis/711efb60-a86d-460b-bb8d-096a06b4a757 has been successfully formatted.
2019-09-11 00:00:45,608 [pool-509-thread-1] INFO  ratis.ContainerStateMachine (ContainerStateMachine.java:loadSnapshot(227)) - group-096A06B4A757: The snapshot info is null. Setting the last applied indexto:(t:0, i:~)
2019-09-11 00:00:45,608 [pool-509-thread-1] INFO  server.RaftServerConfigKeys (ConfUtils.java:logGet(43)) - raft.server.leader.election.timeout = 120s (custom)
2019-09-11 00:00:45,608 [pool-509-thread-1] INFO  server.RaftServerConfigKeys (ConfUtils.java:logGet(43)) - raft.server.log.use.memory = false (default)
2019-09-11 00:00:45,608 [pool-509-thread-1] INFO  server.RaftServerConfigKeys (ConfUtils.java:logGet(43)) - raft.server.log.purge.gap = 1000000 (custom)
2019-09-11 00:00:45,608 [pool-509-thread-1] INFO  server.RaftServerConfigKeys (ConfUtils.java:logGet(43)) - raft.server.log.appender.buffer.byte-limit = 33554432 (custom)
2019-09-11 00:00:45,608 [pool-509-thread-1] INFO  server.RaftServerConfigKeys (ConfUtils.java:logGet(43)) - raft.server.log.segment.size.max = 1048576 (custom)
2019-09-11 00:00:45,608 [pool-509-thread-1] INFO  server.RaftServerConfigKeys (ConfUtils.java:logGet(43)) - raft.server.log.segment.cache.num.max = 2 (custom)
2019-09-11 00:00:45,608 [pool-509-thread-1] INFO  segmented.SegmentedRaftLogWorker (SegmentedRaftLogWorker.java:<init>(172)) - new 300fc559-675d-4e55-b6b8-a1f8acab2d78-SegmentedRaftLogWorker:Storage Directory /workdir/hadoop-ozone/integration-test/target/test-dir/MiniOzoneClusterImpl-e22a53fb-91d7-4d35-81b0-6fa6ae710c0c/datanode-1/data/ratis/711efb60-a86d-460b-bb8d-096a06b4a757 for RaftStorage:Storage Directory /workdir/hadoop-ozone/integration-test/target/test-dir/MiniOzoneClusterImpl-e22a53fb-91d7-4d35-81b0-6fa6ae710c0c/datanode-1/data/ratis/711efb60-a86d-460b-bb8d-096a06b4a757
2019-09-11 00:00:45,608 [pool-509-thread-1] INFO  server.RaftServerConfigKeys (ConfUtils.java:logGet(43)) - raft.server.log.queue.byte-limit = 2147483647 (custom)
2019-09-11 00:00:45,609 [pool-509-thread-1] INFO  server.RaftServerConfigKeys (ConfUtils.java:logGet(43)) - raft.server.log.queue.element-limit = 1024 (custom)
2019-09-11 00:00:45,609 [pool-509-thread-1] INFO  server.RaftServerConfigKeys (ConfUtils.java:logGet(43)) - raft.server.log.segment.size.max = 1048576 (custom)
2019-09-11 00:00:45,609 [pool-509-thread-1] INFO  server.RaftServerConfigKeys (ConfUtils.java:logGet(43)) - raft.server.log.preallocated.size = 16384 (custom)
2019-09-11 00:00:45,609 [pool-509-thread-1] INFO  server.RaftServerConfigKeys (ConfUtils.java:logGet(43)) - raft.server.log.write.buffer.size = 33554432 (custom)
2019-09-11 00:00:45,609 [pool-509-thread-1] INFO  server.RaftServerConfigKeys (ConfUtils.java:logGet(43)) - raft.server.log.force.sync.num = 128 (default)
2019-09-11 00:00:45,609 [pool-509-thread-1] INFO  server.RaftServerConfigKeys (ConfUtils.java:logGet(43)) - raft.server.log.statemachine.data.sync = true (default)
2019-09-11 00:00:45,609 [pool-509-thread-1] INFO  server.RaftServerConfigKeys (ConfUtils.java:logGet(43)) - raft.server.log.statemachine.data.sync.timeout = 10s (default)
2019-09-11 00:00:45,609 [pool-509-thread-1] INFO  server.RaftServerConfigKeys (ConfUtils.java:logGet(43)) - raft.server.log.statemachine.data.sync.timeout.retry = -1 (default)
2019-09-11 00:00:45,610 [pool-509-thread-1] INFO  server.RaftServerConfigKeys (ConfUtils.java:logGet(43)) - raft.server.log.statemachine.data.caching.enabled = true (custom)
2019-09-11 00:00:45,610 [pool-509-thread-1] INFO  segmented.SegmentedRaftLogWorker (SegmentedRaftLogWorker.java:lambda$new$0(132)) - 300fc559-675d-4e55-b6b8-a1f8acab2d78-SegmentedRaftLogWorker:Storage Directory /workdir/hadoop-ozone/integration-test/target/test-dir/MiniOzoneClusterImpl-e22a53fb-91d7-4d35-81b0-6fa6ae710c0c/datanode-1/data/ratis/711efb60-a86d-460b-bb8d-096a06b4a757: flushIndex: setUnconditionally 0 -> -1
2019-09-11 00:00:45,610 [pool-509-thread-1] INFO  server.RaftServerConfigKeys (ConfUtils.java:logGet(43)) - raft.server.snapshot.auto.trigger.enabled = true (custom)
2019-09-11 00:00:45,610 [pool-509-thread-1] INFO  server.RaftServerConfigKeys (ConfUtils.java:logGet(43)) - raft.server.snapshot.auto.trigger.threshold = 10000 (custom)
2019-09-11 00:00:45,610 [pool-509-thread-1] INFO  server.RaftServerConfigKeys (ConfUtils.java:logGet(43)) - raft.server.retrycache.expirytime = 600000ms (custom)
2019-09-11 00:00:45,610 [pool-509-thread-1] INFO  impl.RaftServerImpl (RaftServerImpl.java:start(180)) - 300fc559-675d-4e55-b6b8-a1f8acab2d78: start group-096A06B4A757
2019-09-11 00:00:45,611 [pool-509-thread-1] INFO  impl.RaftServerImpl (RaftServerImpl.java:setRole(171)) - 300fc559-675d-4e55-b6b8-a1f8acab2d78:group-096A06B4A757 changes role from null to FOLLOWER at term 0 for startAsFollower
2019-09-11 00:00:45,611 [pool-509-thread-1] INFO  impl.RoleInfo (RoleInfo.java:updateAndGet(143)) - 300fc559-675d-4e55-b6b8-a1f8acab2d78: start FollowerState
2019-09-11 00:00:45,611 [pool-509-thread-1] INFO  util.JmxRegister (JmxRegister.java:tryRegister(44)) - Successfully registered JMX Bean with object name Ratis:service=RaftServer,group=group-096A06B4A757,id=300fc559-675d-4e55-b6b8-a1f8acab2d78
2019-09-11 00:00:45,613 [RatisPipelineUtilsThread] INFO  pipeline.PipelineStateManager (PipelineStateManager.java:addPipeline(56)) - Created pipeline Pipeline[ Id: 711efb60-a86d-460b-bb8d-096a06b4a757, Nodes: 300fc559-675d-4e55-b6b8-a1f8acab2d78{ip: 192.168.36.99, host: pr-hdds-2007-n2glh-1307100181, networkLocation: /default-rack, certSerialId: null}, Type:RATIS, Factor:ONE, State:OPEN]
2019-09-11 00:00:45,825 [IPC Server handler 18 on 46287] INFO  net.NetworkTopology (NetworkTopologyImpl.java:add(110)) - Added a new node: /default-rack/e664e961-aac9-42bf-bdf1-066f5156a4eb
2019-09-11 00:00:45,825 [IPC Server handler 18 on 46287] INFO  node.SCMNodeManager (SCMNodeManager.java:register(266)) - Registered Data node : e664e961-aac9-42bf-bdf1-066f5156a4eb{ip: 192.168.36.99, host: pr-hdds-2007-n2glh-1307100181, networkLocation: /default-rack, certSerialId: null}
2019-09-11 00:00:45,832 [grpc-default-executor-5] INFO  impl.RaftServerProxy (RaftServerProxy.java:addNew(89)) - e664e961-aac9-42bf-bdf1-066f5156a4eb: addNew group-89D755F7760C:[e664e961-aac9-42bf-bdf1-066f5156a4eb:192.168.36.99:35473] returns group-89D755F7760C:java.util.concurrent.CompletableFuture@1bbcc565[Not completed]
2019-09-11 00:00:45,833 [IPC Server handler 14 on 46287] INFO  net.NetworkTopology (NetworkTopologyImpl.java:add(110)) - Added a new node: /default-rack/8134e7f4-1e90-4318-ba5f-921a50abbefc
2019-09-11 00:00:45,833 [IPC Server handler 14 on 46287] INFO  node.SCMNodeManager (SCMNodeManager.java:register(266)) - Registered Data node : 8134e7f4-1e90-4318-ba5f-921a50abbefc{ip: 192.168.36.99, host: pr-hdds-2007-n2glh-1307100181, networkLocation: /default-rack, certSerialId: null}
2019-09-11 00:00:45,833 [IPC Server handler 19 on 46287] INFO  net.NetworkTopology (NetworkTopologyImpl.java:add(110)) - Added a new node: /default-rack/18b5dca1-5cee-4f4a-a372-b89973203a77
2019-09-11 00:00:45,833 [IPC Server handler 19 on 46287] INFO  node.SCMNodeManager (SCMNodeManager.java:register(266)) - Registered Data node : 18b5dca1-5cee-4f4a-a372-b89973203a77{ip: 192.168.36.99, host: pr-hdds-2007-n2glh-1307100181, networkLocation: /default-rack, certSerialId: null}
2019-09-11 00:00:45,834 [pool-539-thread-1] INFO  impl.RaftServerImpl (RaftServerImpl.java:<init>(93)) - e664e961-aac9-42bf-bdf1-066f5156a4eb: new RaftServerImpl for group-89D755F7760C:[e664e961-aac9-42bf-bdf1-066f5156a4eb:192.168.36.99:35473] with ContainerStateMachine:uninitialized
2019-09-11 00:00:45,834 [pool-539-thread-1] INFO  server.RaftServerConfigKeys (ConfUtils.java:logGet(43)) - raft.server.rpc.timeout.min = 5s (custom)
2019-09-11 00:00:45,834 [pool-539-thread-1] INFO  server.RaftServerConfigKeys (ConfUtils.java:logGet(43)) - raft.server.rpc.timeout.max = 5200ms (custom)
2019-09-11 00:00:45,834 [pool-539-thread-1] INFO  server.RaftServerConfigKeys (ConfUtils.java:logGet(43)) - raft.server.rpcslowness.timeout = 120s (custom)
2019-09-11 00:00:45,834 [pool-539-thread-1] INFO  server.RaftServerConfigKeys (ConfUtils.java:logGet(43)) - raft.server.sleep.deviation.threshold = 300 (default)
2019-09-11 00:00:45,834 [pool-539-thread-1] INFO  server.RaftServerConfigKeys (ConfUtils.java:logGet(43)) - raft.server.log.appender.install.snapshot.enabled = false (custom)
2019-09-11 00:00:45,835 [pool-539-thread-1] INFO  impl.RaftServerImpl (ServerState.java:<init>(105)) - e664e961-aac9-42bf-bdf1-066f5156a4eb:group-89D755F7760C ConfigurationManager, init=-1: [e664e961-aac9-42bf-bdf1-066f5156a4eb:192.168.36.99:35473], old=null, confs=<EMPTY_MAP>
2019-09-11 00:00:45,835 [pool-539-thread-1] INFO  server.RaftServerConfigKeys (ConfUtils.java:logGet(43)) - raft.server.storage.dir = [/workdir/hadoop-ozone/integration-test/target/test-dir/MiniOzoneClusterImpl-e22a53fb-91d7-4d35-81b0-6fa6ae710c0c/datanode-4/data/ratis] (custom)
2019-09-11 00:00:45,835 [pool-539-thread-1] INFO  storage.RaftStorageDirectory (RaftStorageDirectory.java:analyzeStorage(246)) - The storage directory /workdir/hadoop-ozone/integration-test/target/test-dir/MiniOzoneClusterImpl-e22a53fb-91d7-4d35-81b0-6fa6ae710c0c/datanode-4/data/ratis/84b8e3df-0956-41a2-870c-89d755f7760c does not exist. Creating ...
2019-09-11 00:00:45,848 [pool-539-thread-1] INFO  storage.RaftStorageDirectory (RaftStorageDirectory.java:tryLock(328)) - Lock on /workdir/hadoop-ozone/integration-test/target/test-dir/MiniOzoneClusterImpl-e22a53fb-91d7-4d35-81b0-6fa6ae710c0c/datanode-4/data/ratis/84b8e3df-0956-41a2-870c-89d755f7760c/in_use.lock acquired by nodename 21388@pr-hdds-2007-n2glh-1307100181
2019-09-11 00:00:45,861 [pool-539-thread-1] INFO  storage.RaftStorage (RaftStorage.java:format(72)) - Storage directory /workdir/hadoop-ozone/integration-test/target/test-dir/MiniOzoneClusterImpl-e22a53fb-91d7-4d35-81b0-6fa6ae710c0c/datanode-4/data/ratis/84b8e3df-0956-41a2-870c-89d755f7760c has been successfully formatted.
2019-09-11 00:00:45,862 [pool-539-thread-1] INFO  ratis.ContainerStateMachine (ContainerStateMachine.java:loadSnapshot(227)) - group-89D755F7760C: The snapshot info is null. Setting the last applied indexto:(t:0, i:~)
2019-09-11 00:00:45,862 [pool-539-thread-1] INFO  server.RaftServerConfigKeys (ConfUtils.java:logGet(43)) - raft.server.leader.election.timeout = 120s (custom)
2019-09-11 00:00:45,862 [pool-539-thread-1] INFO  server.RaftServerConfigKeys (ConfUtils.java:logGet(43)) - raft.server.log.use.memory = false (default)
2019-09-11 00:00:45,863 [pool-539-thread-1] INFO  server.RaftServerConfigKeys (ConfUtils.java:logGet(43)) - raft.server.log.purge.gap = 1000000 (custom)
2019-09-11 00:00:45,863 [pool-539-thread-1] INFO  server.RaftServerConfigKeys (ConfUtils.java:logGet(43)) - raft.server.log.appender.buffer.byte-limit = 33554432 (custom)
2019-09-11 00:00:45,863 [pool-539-thread-1] INFO  server.RaftServerConfigKeys (ConfUtils.java:logGet(43)) - raft.server.log.segment.size.max = 1048576 (custom)
2019-09-11 00:00:45,863 [pool-539-thread-1] INFO  server.RaftServerConfigKeys (ConfUtils.java:logGet(43)) - raft.server.log.segment.cache.num.max = 2 (custom)
2019-09-11 00:00:45,863 [pool-539-thread-1] INFO  segmented.SegmentedRaftLogWorker (SegmentedRaftLogWorker.java:<init>(172)) - new e664e961-aac9-42bf-bdf1-066f5156a4eb-SegmentedRaftLogWorker:Storage Directory /workdir/hadoop-ozone/integration-test/target/test-dir/MiniOzoneClusterImpl-e22a53fb-91d7-4d35-81b0-6fa6ae710c0c/datanode-4/data/ratis/84b8e3df-0956-41a2-870c-89d755f7760c for RaftStorage:Storage Directory /workdir/hadoop-ozone/integration-test/target/test-dir/MiniOzoneClusterImpl-e22a53fb-91d7-4d35-81b0-6fa6ae710c0c/datanode-4/data/ratis/84b8e3df-0956-41a2-870c-89d755f7760c
2019-09-11 00:00:45,864 [pool-539-thread-1] INFO  server.RaftServerConfigKeys (ConfUtils.java:logGet(43)) - raft.server.log.queue.byte-limit = 2147483647 (custom)
2019-09-11 00:00:45,864 [pool-539-thread-1] INFO  server.RaftServerConfigKeys (ConfUtils.java:logGet(43)) - raft.server.log.queue.element-limit = 1024 (custom)
2019-09-11 00:00:45,864 [pool-539-thread-1] INFO  server.RaftServerConfigKeys (ConfUtils.java:logGet(43)) - raft.server.log.segment.size.max = 1048576 (custom)
2019-09-11 00:00:45,864 [pool-539-thread-1] INFO  server.RaftServerConfigKeys (ConfUtils.java:logGet(43)) - raft.server.log.preallocated.size = 16384 (custom)
2019-09-11 00:00:45,865 [pool-539-thread-1] INFO  server.RaftServerConfigKeys (ConfUtils.java:logGet(43)) - raft.server.log.write.buffer.size = 33554432 (custom)
2019-09-11 00:00:45,865 [pool-539-thread-1] INFO  server.RaftServerConfigKeys (ConfUtils.java:logGet(43)) - raft.server.log.force.sync.num = 128 (default)
2019-09-11 00:00:45,865 [pool-539-thread-1] INFO  server.RaftServerConfigKeys (ConfUtils.java:logGet(43)) - raft.server.log.statemachine.data.sync = true (default)
2019-09-11 00:00:45,865 [pool-539-thread-1] INFO  server.RaftServerConfigKeys (ConfUtils.java:logGet(43)) - raft.server.log.statemachine.data.sync.timeout = 10s (default)
2019-09-11 00:00:45,866 [IPC Server handler 10 on 46287] INFO  net.NetworkTopology (NetworkTopologyImpl.java:add(110)) - Added a new node: /default-rack/c0862f5c-5826-4b92-adfa-20dd0620b5c2
2019-09-11 00:00:45,866 [IPC Server handler 10 on 46287] INFO  node.SCMNodeManager (SCMNodeManager.java:register(266)) - Registered Data node : c0862f5c-5826-4b92-adfa-20dd0620b5c2{ip: 192.168.36.99, host: pr-hdds-2007-n2glh-1307100181, networkLocation: /default-rack, certSerialId: null}
2019-09-11 00:00:45,866 [pool-539-thread-1] INFO  server.RaftServerConfigKeys (ConfUtils.java:logGet(43)) - raft.server.log.statemachine.data.sync.timeout.retry = -1 (default)
2019-09-11 00:00:45,866 [pool-539-thread-1] INFO  server.RaftServerConfigKeys (ConfUtils.java:logGet(43)) - raft.server.log.statemachine.data.caching.enabled = true (custom)
2019-09-11 00:00:45,867 [pool-539-thread-1] INFO  segmented.SegmentedRaftLogWorker (SegmentedRaftLogWorker.java:lambda$new$0(132)) - e664e961-aac9-42bf-bdf1-066f5156a4eb-SegmentedRaftLogWorker:Storage Directory /workdir/hadoop-ozone/integration-test/target/test-dir/MiniOzoneClusterImpl-e22a53fb-91d7-4d35-81b0-6fa6ae710c0c/datanode-4/data/ratis/84b8e3df-0956-41a2-870c-89d755f7760c: flushIndex: setUnconditionally 0 -> -1
2019-09-11 00:00:45,867 [pool-539-thread-1] INFO  server.RaftServerConfigKeys (ConfUtils.java:logGet(43)) - raft.server.snapshot.auto.trigger.enabled = true (custom)
2019-09-11 00:00:45,867 [pool-539-thread-1] INFO  server.RaftServerConfigKeys (ConfUtils.java:logGet(43)) - raft.server.snapshot.auto.trigger.threshold = 10000 (custom)
2019-09-11 00:00:45,867 [pool-539-thread-1] INFO  server.RaftServerConfigKeys (ConfUtils.java:logGet(43)) - raft.server.retrycache.expirytime = 600000ms (custom)
2019-09-11 00:00:45,868 [pool-539-thread-1] INFO  impl.RaftServerImpl (RaftServerImpl.java:start(180)) - e664e961-aac9-42bf-bdf1-066f5156a4eb: start group-89D755F7760C
2019-09-11 00:00:45,868 [pool-539-thread-1] INFO  impl.RaftServerImpl (RaftServerImpl.java:setRole(171)) - e664e961-aac9-42bf-bdf1-066f5156a4eb:group-89D755F7760C changes role from null to FOLLOWER at term 0 for startAsFollower
2019-09-11 00:00:45,868 [pool-539-thread-1] INFO  impl.RoleInfo (RoleInfo.java:updateAndGet(143)) - e664e961-aac9-42bf-bdf1-066f5156a4eb: start FollowerState
2019-09-11 00:00:45,868 [pool-539-thread-1] INFO  util.JmxRegister (JmxRegister.java:tryRegister(44)) - Successfully registered JMX Bean with object name Ratis:service=RaftServer,group=group-89D755F7760C,id=e664e961-aac9-42bf-bdf1-066f5156a4eb
2019-09-11 00:00:45,871 [RatisPipelineUtilsThread] INFO  pipeline.PipelineStateManager (PipelineStateManager.java:addPipeline(56)) - Created pipeline Pipeline[ Id: 84b8e3df-0956-41a2-870c-89d755f7760c, Nodes: e664e961-aac9-42bf-bdf1-066f5156a4eb{ip: 192.168.36.99, host: pr-hdds-2007-n2glh-1307100181, networkLocation: /default-rack, certSerialId: null}, Type:RATIS, Factor:ONE, State:OPEN]
2019-09-11 00:00:45,888 [grpc-default-executor-5] INFO  impl.RaftServerProxy (RaftServerProxy.java:addNew(89)) - 8134e7f4-1e90-4318-ba5f-921a50abbefc: addNew group-091C0F206372:[8134e7f4-1e90-4318-ba5f-921a50abbefc:192.168.36.99:39977] returns group-091C0F206372:java.util.concurrent.CompletableFuture@4400b387[Not completed]
2019-09-11 00:00:45,889 [pool-529-thread-1] INFO  impl.RaftServerImpl (RaftServerImpl.java:<init>(93)) - 8134e7f4-1e90-4318-ba5f-921a50abbefc: new RaftServerImpl for group-091C0F206372:[8134e7f4-1e90-4318-ba5f-921a50abbefc:192.168.36.99:39977] with ContainerStateMachine:uninitialized
2019-09-11 00:00:45,889 [pool-529-thread-1] INFO  server.RaftServerConfigKeys (ConfUtils.java:logGet(43)) - raft.server.rpc.timeout.min = 5s (custom)
2019-09-11 00:00:45,889 [pool-529-thread-1] INFO  server.RaftServerConfigKeys (ConfUtils.java:logGet(43)) - raft.server.rpc.timeout.max = 5200ms (custom)
2019-09-11 00:00:45,889 [pool-529-thread-1] INFO  server.RaftServerConfigKeys (ConfUtils.java:logGet(43)) - raft.server.rpcslowness.timeout = 120s (custom)
2019-09-11 00:00:45,889 [pool-529-thread-1] INFO  server.RaftServerConfigKeys (ConfUtils.java:logGet(43)) - raft.server.sleep.deviation.threshold = 300 (default)
2019-09-11 00:00:45,889 [pool-529-thread-1] INFO  server.RaftServerConfigKeys (ConfUtils.java:logGet(43)) - raft.server.log.appender.install.snapshot.enabled = false (custom)
2019-09-11 00:00:45,889 [pool-529-thread-1] INFO  impl.RaftServerImpl (ServerState.java:<init>(105)) - 8134e7f4-1e90-4318-ba5f-921a50abbefc:group-091C0F206372 ConfigurationManager, init=-1: [8134e7f4-1e90-4318-ba5f-921a50abbefc:192.168.36.99:39977], old=null, confs=<EMPTY_MAP>
2019-09-11 00:00:45,889 [pool-529-thread-1] INFO  server.RaftServerConfigKeys (ConfUtils.java:logGet(43)) - raft.server.storage.dir = [/workdir/hadoop-ozone/integration-test/target/test-dir/MiniOzoneClusterImpl-e22a53fb-91d7-4d35-81b0-6fa6ae710c0c/datanode-3/data/ratis] (custom)
2019-09-11 00:00:45,890 [pool-529-thread-1] INFO  storage.RaftStorageDirectory (RaftStorageDirectory.java:analyzeStorage(246)) - The storage directory /workdir/hadoop-ozone/integration-test/target/test-dir/MiniOzoneClusterImpl-e22a53fb-91d7-4d35-81b0-6fa6ae710c0c/datanode-3/data/ratis/2337204d-ce30-4d0a-acd6-091c0f206372 does not exist. Creating ...
2019-09-11 00:00:45,903 [pool-529-thread-1] INFO  storage.RaftStorageDirectory (RaftStorageDirectory.java:tryLock(328)) - Lock on /workdir/hadoop-ozone/integration-test/target/test-dir/MiniOzoneClusterImpl-e22a53fb-91d7-4d35-81b0-6fa6ae710c0c/datanode-3/data/ratis/2337204d-ce30-4d0a-acd6-091c0f206372/in_use.lock acquired by nodename 21388@pr-hdds-2007-n2glh-1307100181
2019-09-11 00:00:45,916 [pool-529-thread-1] INFO  storage.RaftStorage (RaftStorage.java:format(72)) - Storage directory /workdir/hadoop-ozone/integration-test/target/test-dir/MiniOzoneClusterImpl-e22a53fb-91d7-4d35-81b0-6fa6ae710c0c/datanode-3/data/ratis/2337204d-ce30-4d0a-acd6-091c0f206372 has been successfully formatted.
2019-09-11 00:00:45,916 [pool-529-thread-1] INFO  ratis.ContainerStateMachine (ContainerStateMachine.java:loadSnapshot(227)) - group-091C0F206372: The snapshot info is null. Setting the last applied indexto:(t:0, i:~)
2019-09-11 00:00:45,916 [pool-529-thread-1] INFO  server.RaftServerConfigKeys (ConfUtils.java:logGet(43)) - raft.server.leader.election.timeout = 120s (custom)
2019-09-11 00:00:45,916 [pool-529-thread-1] INFO  server.RaftServerConfigKeys (ConfUtils.java:logGet(43)) - raft.server.log.use.memory = false (default)
2019-09-11 00:00:45,916 [pool-529-thread-1] INFO  server.RaftServerConfigKeys (ConfUtils.java:logGet(43)) - raft.server.log.purge.gap = 1000000 (custom)
2019-09-11 00:00:45,916 [pool-529-thread-1] INFO  server.RaftServerConfigKeys (ConfUtils.java:logGet(43)) - raft.server.log.appender.buffer.byte-limit = 33554432 (custom)
2019-09-11 00:00:45,916 [pool-529-thread-1] INFO  server.RaftServerConfigKeys (ConfUtils.java:logGet(43)) - raft.server.log.segment.size.max = 1048576 (custom)
2019-09-11 00:00:45,917 [pool-529-thread-1] INFO  server.RaftServerConfigKeys (ConfUtils.java:logGet(43)) - raft.server.log.segment.cache.num.max = 2 (custom)
2019-09-11 00:00:45,917 [pool-529-thread-1] INFO  segmented.SegmentedRaftLogWorker (SegmentedRaftLogWorker.java:<init>(172)) - new 8134e7f4-1e90-4318-ba5f-921a50abbefc-SegmentedRaftLogWorker:Storage Directory /workdir/hadoop-ozone/integration-test/target/test-dir/MiniOzoneClusterImpl-e22a53fb-91d7-4d35-81b0-6fa6ae710c0c/datanode-3/data/ratis/2337204d-ce30-4d0a-acd6-091c0f206372 for RaftStorage:Storage Directory /workdir/hadoop-ozone/integration-test/target/test-dir/MiniOzoneClusterImpl-e22a53fb-91d7-4d35-81b0-6fa6ae710c0c/datanode-3/data/ratis/2337204d-ce30-4d0a-acd6-091c0f206372
2019-09-11 00:00:45,917 [pool-529-thread-1] INFO  server.RaftServerConfigKeys (ConfUtils.java:logGet(43)) - raft.server.log.queue.byte-limit = 2147483647 (custom)
2019-09-11 00:00:45,917 [pool-529-thread-1] INFO  server.RaftServerConfigKeys (ConfUtils.java:logGet(43)) - raft.server.log.queue.element-limit = 1024 (custom)
2019-09-11 00:00:45,917 [pool-529-thread-1] INFO  server.RaftServerConfigKeys (ConfUtils.java:logGet(43)) - raft.server.log.segment.size.max = 1048576 (custom)
2019-09-11 00:00:45,917 [pool-529-thread-1] INFO  server.RaftServerConfigKeys (ConfUtils.java:logGet(43)) - raft.server.log.preallocated.size = 16384 (custom)
2019-09-11 00:00:45,917 [pool-529-thread-1] INFO  server.RaftServerConfigKeys (ConfUtils.java:logGet(43)) - raft.server.log.write.buffer.size = 33554432 (custom)
2019-09-11 00:00:45,917 [pool-529-thread-1] INFO  server.RaftServerConfigKeys (ConfUtils.java:logGet(43)) - raft.server.log.force.sync.num = 128 (default)
2019-09-11 00:00:45,917 [pool-529-thread-1] INFO  server.RaftServerConfigKeys (ConfUtils.java:logGet(43)) - raft.server.log.statemachine.data.sync = true (default)
2019-09-11 00:00:45,918 [pool-529-thread-1] INFO  server.RaftServerConfigKeys (ConfUtils.java:logGet(43)) - raft.server.log.statemachine.data.sync.timeout = 10s (default)
2019-09-11 00:00:45,918 [pool-529-thread-1] INFO  server.RaftServerConfigKeys (ConfUtils.java:logGet(43)) - raft.server.log.statemachine.data.sync.timeout.retry = -1 (default)
2019-09-11 00:00:45,918 [pool-529-thread-1] INFO  server.RaftServerConfigKeys (ConfUtils.java:logGet(43)) - raft.server.log.statemachine.data.caching.enabled = true (custom)
2019-09-11 00:00:45,918 [pool-529-thread-1] INFO  segmented.SegmentedRaftLogWorker (SegmentedRaftLogWorker.java:lambda$new$0(132)) - 8134e7f4-1e90-4318-ba5f-921a50abbefc-SegmentedRaftLogWorker:Storage Directory /workdir/hadoop-ozone/integration-test/target/test-dir/MiniOzoneClusterImpl-e22a53fb-91d7-4d35-81b0-6fa6ae710c0c/datanode-3/data/ratis/2337204d-ce30-4d0a-acd6-091c0f206372: flushIndex: setUnconditionally 0 -> -1
2019-09-11 00:00:45,918 [pool-529-thread-1] INFO  server.RaftServerConfigKeys (ConfUtils.java:logGet(43)) - raft.server.snapshot.auto.trigger.enabled = true (custom)
2019-09-11 00:00:45,919 [pool-529-thread-1] INFO  server.RaftServerConfigKeys (ConfUtils.java:logGet(43)) - raft.server.snapshot.auto.trigger.threshold = 10000 (custom)
2019-09-11 00:00:45,919 [pool-529-thread-1] INFO  server.RaftServerConfigKeys (ConfUtils.java:logGet(43)) - raft.server.retrycache.expirytime = 600000ms (custom)
2019-09-11 00:00:45,919 [pool-529-thread-1] INFO  impl.RaftServerImpl (RaftServerImpl.java:start(180)) - 8134e7f4-1e90-4318-ba5f-921a50abbefc: start group-091C0F206372
2019-09-11 00:00:45,919 [pool-529-thread-1] INFO  impl.RaftServerImpl (RaftServerImpl.java:setRole(171)) - 8134e7f4-1e90-4318-ba5f-921a50abbefc:group-091C0F206372 changes role from null to FOLLOWER at term 0 for startAsFollower
2019-09-11 00:00:45,919 [pool-529-thread-1] INFO  impl.RoleInfo (RoleInfo.java:updateAndGet(143)) - 8134e7f4-1e90-4318-ba5f-921a50abbefc: start FollowerState
2019-09-11 00:00:45,919 [pool-529-thread-1] INFO  util.JmxRegister (JmxRegister.java:tryRegister(44)) - Successfully registered JMX Bean with object name Ratis:service=RaftServer,group=group-091C0F206372,id=8134e7f4-1e90-4318-ba5f-921a50abbefc
2019-09-11 00:00:45,921 [RatisPipelineUtilsThread] INFO  pipeline.PipelineStateManager (PipelineStateManager.java:addPipeline(56)) - Created pipeline Pipeline[ Id: 2337204d-ce30-4d0a-acd6-091c0f206372, Nodes: 8134e7f4-1e90-4318-ba5f-921a50abbefc{ip: 192.168.36.99, host: pr-hdds-2007-n2glh-1307100181, networkLocation: /default-rack, certSerialId: null}, Type:RATIS, Factor:ONE, State:OPEN]
2019-09-11 00:00:45,925 [grpc-default-executor-5] INFO  impl.RaftServerProxy (RaftServerProxy.java:addNew(89)) - c0862f5c-5826-4b92-adfa-20dd0620b5c2: addNew group-C63E1F4E448D:[c0862f5c-5826-4b92-adfa-20dd0620b5c2:192.168.36.99:37443] returns group-C63E1F4E448D:java.util.concurrent.CompletableFuture@872764e[Not completed]
2019-09-11 00:00:45,926 [pool-549-thread-1] INFO  impl.RaftServerImpl (RaftServerImpl.java:<init>(93)) - c0862f5c-5826-4b92-adfa-20dd0620b5c2: new RaftServerImpl for group-C63E1F4E448D:[c0862f5c-5826-4b92-adfa-20dd0620b5c2:192.168.36.99:37443] with ContainerStateMachine:uninitialized
2019-09-11 00:00:45,926 [pool-549-thread-1] INFO  server.RaftServerConfigKeys (ConfUtils.java:logGet(43)) - raft.server.rpc.timeout.min = 5s (custom)
2019-09-11 00:00:45,926 [pool-549-thread-1] INFO  server.RaftServerConfigKeys (ConfUtils.java:logGet(43)) - raft.server.rpc.timeout.max = 5200ms (custom)
2019-09-11 00:00:45,926 [pool-549-thread-1] INFO  server.RaftServerConfigKeys (ConfUtils.java:logGet(43)) - raft.server.rpcslowness.timeout = 120s (custom)
2019-09-11 00:00:45,926 [pool-549-thread-1] INFO  server.RaftServerConfigKeys (ConfUtils.java:logGet(43)) - raft.server.sleep.deviation.threshold = 300 (default)
2019-09-11 00:00:45,926 [pool-549-thread-1] INFO  server.RaftServerConfigKeys (ConfUtils.java:logGet(43)) - raft.server.log.appender.install.snapshot.enabled = false (custom)
2019-09-11 00:00:45,927 [pool-549-thread-1] INFO  impl.RaftServerImpl (ServerState.java:<init>(105)) - c0862f5c-5826-4b92-adfa-20dd0620b5c2:group-C63E1F4E448D ConfigurationManager, init=-1: [c0862f5c-5826-4b92-adfa-20dd0620b5c2:192.168.36.99:37443], old=null, confs=<EMPTY_MAP>
2019-09-11 00:00:45,927 [pool-549-thread-1] INFO  server.RaftServerConfigKeys (ConfUtils.java:logGet(43)) - raft.server.storage.dir = [/workdir/hadoop-ozone/integration-test/target/test-dir/MiniOzoneClusterImpl-e22a53fb-91d7-4d35-81b0-6fa6ae710c0c/datanode-5/data/ratis] (custom)
2019-09-11 00:00:45,927 [pool-549-thread-1] INFO  storage.RaftStorageDirectory (RaftStorageDirectory.java:analyzeStorage(246)) - The storage directory /workdir/hadoop-ozone/integration-test/target/test-dir/MiniOzoneClusterImpl-e22a53fb-91d7-4d35-81b0-6fa6ae710c0c/datanode-5/data/ratis/c36b77e4-43d6-4ac7-a471-c63e1f4e448d does not exist. Creating ...
2019-09-11 00:00:45,939 [pool-549-thread-1] INFO  storage.RaftStorageDirectory (RaftStorageDirectory.java:tryLock(328)) - Lock on /workdir/hadoop-ozone/integration-test/target/test-dir/MiniOzoneClusterImpl-e22a53fb-91d7-4d35-81b0-6fa6ae710c0c/datanode-5/data/ratis/c36b77e4-43d6-4ac7-a471-c63e1f4e448d/in_use.lock acquired by nodename 21388@pr-hdds-2007-n2glh-1307100181
2019-09-11 00:00:45,950 [IPC Server handler 2 on 46287] INFO  net.NetworkTopology (NetworkTopologyImpl.java:add(110)) - Added a new node: /default-rack/bbc2a5fa-cf2b-4b97-a6b6-c2260dff6e77
2019-09-11 00:00:45,951 [IPC Server handler 2 on 46287] INFO  node.SCMNodeManager (SCMNodeManager.java:register(266)) - Registered Data node : bbc2a5fa-cf2b-4b97-a6b6-c2260dff6e77{ip: 192.168.36.99, host: pr-hdds-2007-n2glh-1307100181, networkLocation: /default-rack, certSerialId: null}
2019-09-11 00:00:45,952 [pool-549-thread-1] INFO  storage.RaftStorage (RaftStorage.java:format(72)) - Storage directory /workdir/hadoop-ozone/integration-test/target/test-dir/MiniOzoneClusterImpl-e22a53fb-91d7-4d35-81b0-6fa6ae710c0c/datanode-5/data/ratis/c36b77e4-43d6-4ac7-a471-c63e1f4e448d has been successfully formatted.
2019-09-11 00:00:45,953 [pool-549-thread-1] INFO  ratis.ContainerStateMachine (ContainerStateMachine.java:loadSnapshot(227)) - group-C63E1F4E448D: The snapshot info is null. Setting the last applied indexto:(t:0, i:~)
2019-09-11 00:00:45,953 [pool-549-thread-1] INFO  server.RaftServerConfigKeys (ConfUtils.java:logGet(43)) - raft.server.leader.election.timeout = 120s (custom)
2019-09-11 00:00:45,953 [pool-549-thread-1] INFO  server.RaftServerConfigKeys (ConfUtils.java:logGet(43)) - raft.server.log.use.memory = false (default)
2019-09-11 00:00:45,953 [pool-549-thread-1] INFO  server.RaftServerConfigKeys (ConfUtils.java:logGet(43)) - raft.server.log.purge.gap = 1000000 (custom)
2019-09-11 00:00:45,953 [pool-549-thread-1] INFO  server.RaftServerConfigKeys (ConfUtils.java:logGet(43)) - raft.server.log.appender.buffer.byte-limit = 33554432 (custom)
2019-09-11 00:00:45,953 [pool-549-thread-1] INFO  server.RaftServerConfigKeys (ConfUtils.java:logGet(43)) - raft.server.log.segment.size.max = 1048576 (custom)
2019-09-11 00:00:45,953 [pool-549-thread-1] INFO  server.RaftServerConfigKeys (ConfUtils.java:logGet(43)) - raft.server.log.segment.cache.num.max = 2 (custom)
2019-09-11 00:00:45,953 [pool-549-thread-1] INFO  segmented.SegmentedRaftLogWorker (SegmentedRaftLogWorker.java:<init>(172)) - new c0862f5c-5826-4b92-adfa-20dd0620b5c2-SegmentedRaftLogWorker:Storage Directory /workdir/hadoop-ozone/integration-test/target/test-dir/MiniOzoneClusterImpl-e22a53fb-91d7-4d35-81b0-6fa6ae710c0c/datanode-5/data/ratis/c36b77e4-43d6-4ac7-a471-c63e1f4e448d for RaftStorage:Storage Directory /workdir/hadoop-ozone/integration-test/target/test-dir/MiniOzoneClusterImpl-e22a53fb-91d7-4d35-81b0-6fa6ae710c0c/datanode-5/data/ratis/c36b77e4-43d6-4ac7-a471-c63e1f4e448d
2019-09-11 00:00:45,953 [pool-549-thread-1] INFO  server.RaftServerConfigKeys (ConfUtils.java:logGet(43)) - raft.server.log.queue.byte-limit = 2147483647 (custom)
2019-09-11 00:00:45,953 [pool-549-thread-1] INFO  server.RaftServerConfigKeys (ConfUtils.java:logGet(43)) - raft.server.log.queue.element-limit = 1024 (custom)
2019-09-11 00:00:45,954 [pool-549-thread-1] INFO  server.RaftServerConfigKeys (ConfUtils.java:logGet(43)) - raft.server.log.segment.size.max = 1048576 (custom)
2019-09-11 00:00:45,954 [pool-549-thread-1] INFO  server.RaftServerConfigKeys (ConfUtils.java:logGet(43)) - raft.server.log.preallocated.size = 16384 (custom)
2019-09-11 00:00:45,954 [pool-549-thread-1] INFO  server.RaftServerConfigKeys (ConfUtils.java:logGet(43)) - raft.server.log.write.buffer.size = 33554432 (custom)
2019-09-11 00:00:45,954 [pool-549-thread-1] INFO  server.RaftServerConfigKeys (ConfUtils.java:logGet(43)) - raft.server.log.force.sync.num = 128 (default)
2019-09-11 00:00:45,954 [pool-549-thread-1] INFO  server.RaftServerConfigKeys (ConfUtils.java:logGet(43)) - raft.server.log.statemachine.data.sync = true (default)
2019-09-11 00:00:45,954 [pool-549-thread-1] INFO  server.RaftServerConfigKeys (ConfUtils.java:logGet(43)) - raft.server.log.statemachine.data.sync.timeout = 10s (default)
2019-09-11 00:00:45,954 [pool-549-thread-1] INFO  server.RaftServerConfigKeys (ConfUtils.java:logGet(43)) - raft.server.log.statemachine.data.sync.timeout.retry = -1 (default)
2019-09-11 00:00:45,954 [pool-549-thread-1] INFO  server.RaftServerConfigKeys (ConfUtils.java:logGet(43)) - raft.server.log.statemachine.data.caching.enabled = true (custom)
2019-09-11 00:00:45,955 [pool-549-thread-1] INFO  segmented.SegmentedRaftLogWorker (SegmentedRaftLogWorker.java:lambda$new$0(132)) - c0862f5c-5826-4b92-adfa-20dd0620b5c2-SegmentedRaftLogWorker:Storage Directory /workdir/hadoop-ozone/integration-test/target/test-dir/MiniOzoneClusterImpl-e22a53fb-91d7-4d35-81b0-6fa6ae710c0c/datanode-5/data/ratis/c36b77e4-43d6-4ac7-a471-c63e1f4e448d: flushIndex: setUnconditionally 0 -> -1
2019-09-11 00:00:45,955 [pool-549-thread-1] INFO  server.RaftServerConfigKeys (ConfUtils.java:logGet(43)) - raft.server.snapshot.auto.trigger.enabled = true (custom)
2019-09-11 00:00:45,955 [pool-549-thread-1] INFO  server.RaftServerConfigKeys (ConfUtils.java:logGet(43)) - raft.server.snapshot.auto.trigger.threshold = 10000 (custom)
2019-09-11 00:00:45,955 [pool-549-thread-1] INFO  server.RaftServerConfigKeys (ConfUtils.java:logGet(43)) - raft.server.retrycache.expirytime = 600000ms (custom)
2019-09-11 00:00:45,955 [pool-549-thread-1] INFO  impl.RaftServerImpl (RaftServerImpl.java:start(180)) - c0862f5c-5826-4b92-adfa-20dd0620b5c2: start group-C63E1F4E448D
2019-09-11 00:00:45,955 [pool-549-thread-1] INFO  impl.RaftServerImpl (RaftServerImpl.java:setRole(171)) - c0862f5c-5826-4b92-adfa-20dd0620b5c2:group-C63E1F4E448D changes role from null to FOLLOWER at term 0 for startAsFollower
2019-09-11 00:00:45,955 [pool-549-thread-1] INFO  impl.RoleInfo (RoleInfo.java:updateAndGet(143)) - c0862f5c-5826-4b92-adfa-20dd0620b5c2: start FollowerState
2019-09-11 00:00:45,955 [main] INFO  ozone.MiniOzoneClusterImpl (MiniOzoneClusterImpl.java:lambda$waitForClusterToBeReady$0(140)) - Cluster is ready. Got 7 of 7 DN Heartbeats.
2019-09-11 00:00:45,956 [pool-549-thread-1] INFO  util.JmxRegister (JmxRegister.java:tryRegister(44)) - Successfully registered JMX Bean with object name Ratis:service=RaftServer,group=group-C63E1F4E448D,id=c0862f5c-5826-4b92-adfa-20dd0620b5c2
2019-09-11 00:00:45,957 [RatisPipelineUtilsThread] INFO  pipeline.PipelineStateManager (PipelineStateManager.java:addPipeline(56)) - Created pipeline Pipeline[ Id: c36b77e4-43d6-4ac7-a471-c63e1f4e448d, Nodes: c0862f5c-5826-4b92-adfa-20dd0620b5c2{ip: 192.168.36.99, host: pr-hdds-2007-n2glh-1307100181, networkLocation: /default-rack, certSerialId: null}, Type:RATIS, Factor:ONE, State:OPEN]
2019-09-11 00:00:45,972 [grpc-default-executor-5] INFO  impl.RaftServerProxy (RaftServerProxy.java:addNew(89)) - 18b5dca1-5cee-4f4a-a372-b89973203a77: addNew group-71CCFDEBDFC9:[18b5dca1-5cee-4f4a-a372-b89973203a77:192.168.36.99:45926] returns group-71CCFDEBDFC9:java.util.concurrent.CompletableFuture@67a09756[Not completed]
2019-09-11 00:00:45,990 [pool-519-thread-1] INFO  impl.RaftServerImpl (RaftServerImpl.java:<init>(93)) - 18b5dca1-5cee-4f4a-a372-b89973203a77: new RaftServerImpl for group-71CCFDEBDFC9:[18b5dca1-5cee-4f4a-a372-b89973203a77:192.168.36.99:45926] with ContainerStateMachine:uninitialized
2019-09-11 00:00:45,990 [pool-519-thread-1] INFO  server.RaftServerConfigKeys (ConfUtils.java:logGet(43)) - raft.server.rpc.timeout.min = 5s (custom)
2019-09-11 00:00:45,990 [pool-519-thread-1] INFO  server.RaftServerConfigKeys (ConfUtils.java:logGet(43)) - raft.server.rpc.timeout.max = 5200ms (custom)
2019-09-11 00:00:45,990 [pool-519-thread-1] INFO  server.RaftServerConfigKeys (ConfUtils.java:logGet(43)) - raft.server.rpcslowness.timeout = 120s (custom)
2019-09-11 00:00:45,990 [pool-519-thread-1] INFO  server.RaftServerConfigKeys (ConfUtils.java:logGet(43)) - raft.server.sleep.deviation.threshold = 300 (default)
2019-09-11 00:00:45,990 [pool-519-thread-1] INFO  server.RaftServerConfigKeys (ConfUtils.java:logGet(43)) - raft.server.log.appender.install.snapshot.enabled = false (custom)
2019-09-11 00:00:45,991 [pool-519-thread-1] INFO  impl.RaftServerImpl (ServerState.java:<init>(105)) - 18b5dca1-5cee-4f4a-a372-b89973203a77:group-71CCFDEBDFC9 ConfigurationManager, init=-1: [18b5dca1-5cee-4f4a-a372-b89973203a77:192.168.36.99:45926], old=null, confs=<EMPTY_MAP>
2019-09-11 00:00:45,991 [pool-519-thread-1] INFO  server.RaftServerConfigKeys (ConfUtils.java:logGet(43)) - raft.server.storage.dir = [/workdir/hadoop-ozone/integration-test/target/test-dir/MiniOzoneClusterImpl-e22a53fb-91d7-4d35-81b0-6fa6ae710c0c/datanode-2/data/ratis] (custom)
2019-09-11 00:00:45,991 [pool-519-thread-1] INFO  storage.RaftStorageDirectory (RaftStorageDirectory.java:analyzeStorage(246)) - The storage directory /workdir/hadoop-ozone/integration-test/target/test-dir/MiniOzoneClusterImpl-e22a53fb-91d7-4d35-81b0-6fa6ae710c0c/datanode-2/data/ratis/241487b0-7061-495c-a3c8-71ccfdebdfc9 does not exist. Creating ...
2019-09-11 00:00:45,993 [main] INFO  rpc.RpcClient (RpcClient.java:createVolume(294)) - Creating Volume: testblockoutputstream, with jenkins1000 as owner.
2019-09-11 00:00:45,996 [IPC Server handler 1 on 45899] INFO  volume.OMVolumeCreateRequest (OMVolumeCreateRequest.java:validateAndUpdateCache(189)) - created volume:testblockoutputstream for user:jenkins1000
2019-09-11 00:00:46,005 [pool-519-thread-1] INFO  storage.RaftStorageDirectory (RaftStorageDirectory.java:tryLock(328)) - Lock on /workdir/hadoop-ozone/integration-test/target/test-dir/MiniOzoneClusterImpl-e22a53fb-91d7-4d35-81b0-6fa6ae710c0c/datanode-2/data/ratis/241487b0-7061-495c-a3c8-71ccfdebdfc9/in_use.lock acquired by nodename 21388@pr-hdds-2007-n2glh-1307100181
2019-09-11 00:00:46,013 [main] INFO  rpc.RpcClient (RpcClient.java:createBucket(433)) - Creating Bucket: testblockoutputstream/testblockoutputstream, with Versioning false and Storage Type set to DISK and Encryption set to false 
2019-09-11 00:00:46,025 [pool-519-thread-1] INFO  storage.RaftStorage (RaftStorage.java:format(72)) - Storage directory /workdir/hadoop-ozone/integration-test/target/test-dir/MiniOzoneClusterImpl-e22a53fb-91d7-4d35-81b0-6fa6ae710c0c/datanode-2/data/ratis/241487b0-7061-495c-a3c8-71ccfdebdfc9 has been successfully formatted.
2019-09-11 00:00:46,025 [pool-519-thread-1] INFO  ratis.ContainerStateMachine (ContainerStateMachine.java:loadSnapshot(227)) - group-71CCFDEBDFC9: The snapshot info is null. Setting the last applied indexto:(t:0, i:~)
2019-09-11 00:00:46,025 [pool-519-thread-1] INFO  server.RaftServerConfigKeys (ConfUtils.java:logGet(43)) - raft.server.leader.election.timeout = 120s (custom)
2019-09-11 00:00:46,026 [pool-519-thread-1] INFO  server.RaftServerConfigKeys (ConfUtils.java:logGet(43)) - raft.server.log.use.memory = false (default)
2019-09-11 00:00:46,026 [pool-519-thread-1] INFO  server.RaftServerConfigKeys (ConfUtils.java:logGet(43)) - raft.server.log.purge.gap = 1000000 (custom)
2019-09-11 00:00:46,026 [pool-519-thread-1] INFO  server.RaftServerConfigKeys (ConfUtils.java:logGet(43)) - raft.server.log.appender.buffer.byte-limit = 33554432 (custom)
2019-09-11 00:00:46,026 [pool-519-thread-1] INFO  server.RaftServerConfigKeys (ConfUtils.java:logGet(43)) - raft.server.log.segment.size.max = 1048576 (custom)
2019-09-11 00:00:46,026 [pool-519-thread-1] INFO  server.RaftServerConfigKeys (ConfUtils.java:logGet(43)) - raft.server.log.segment.cache.num.max = 2 (custom)
2019-09-11 00:00:46,026 [pool-519-thread-1] INFO  segmented.SegmentedRaftLogWorker (SegmentedRaftLogWorker.java:<init>(172)) - new 18b5dca1-5cee-4f4a-a372-b89973203a77-SegmentedRaftLogWorker:Storage Directory /workdir/hadoop-ozone/integration-test/target/test-dir/MiniOzoneClusterImpl-e22a53fb-91d7-4d35-81b0-6fa6ae710c0c/datanode-2/data/ratis/241487b0-7061-495c-a3c8-71ccfdebdfc9 for RaftStorage:Storage Directory /workdir/hadoop-ozone/integration-test/target/test-dir/MiniOzoneClusterImpl-e22a53fb-91d7-4d35-81b0-6fa6ae710c0c/datanode-2/data/ratis/241487b0-7061-495c-a3c8-71ccfdebdfc9
2019-09-11 00:00:46,027 [pool-519-thread-1] INFO  server.RaftServerConfigKeys (ConfUtils.java:logGet(43)) - raft.server.log.queue.byte-limit = 2147483647 (custom)
2019-09-11 00:00:46,027 [pool-519-thread-1] INFO  server.RaftServerConfigKeys (ConfUtils.java:logGet(43)) - raft.server.log.queue.element-limit = 1024 (custom)
2019-09-11 00:00:46,027 [pool-519-thread-1] INFO  server.RaftServerConfigKeys (ConfUtils.java:logGet(43)) - raft.server.log.segment.size.max = 1048576 (custom)
2019-09-11 00:00:46,027 [pool-519-thread-1] INFO  server.RaftServerConfigKeys (ConfUtils.java:logGet(43)) - raft.server.log.preallocated.size = 16384 (custom)
2019-09-11 00:00:46,027 [pool-519-thread-1] INFO  server.RaftServerConfigKeys (ConfUtils.java:logGet(43)) - raft.server.log.write.buffer.size = 33554432 (custom)
2019-09-11 00:00:46,028 [pool-519-thread-1] INFO  server.RaftServerConfigKeys (ConfUtils.java:logGet(43)) - raft.server.log.force.sync.num = 128 (default)
2019-09-11 00:00:46,028 [pool-519-thread-1] INFO  server.RaftServerConfigKeys (ConfUtils.java:logGet(43)) - raft.server.log.statemachine.data.sync = true (default)
2019-09-11 00:00:46,028 [pool-519-thread-1] INFO  server.RaftServerConfigKeys (ConfUtils.java:logGet(43)) - raft.server.log.statemachine.data.sync.timeout = 10s (default)
2019-09-11 00:00:46,028 [pool-519-thread-1] INFO  server.RaftServerConfigKeys (ConfUtils.java:logGet(43)) - raft.server.log.statemachine.data.sync.timeout.retry = -1 (default)
2019-09-11 00:00:46,028 [pool-519-thread-1] INFO  server.RaftServerConfigKeys (ConfUtils.java:logGet(43)) - raft.server.log.statemachine.data.caching.enabled = true (custom)
2019-09-11 00:00:46,029 [pool-519-thread-1] INFO  segmented.SegmentedRaftLogWorker (SegmentedRaftLogWorker.java:lambda$new$0(132)) - 18b5dca1-5cee-4f4a-a372-b89973203a77-SegmentedRaftLogWorker:Storage Directory /workdir/hadoop-ozone/integration-test/target/test-dir/MiniOzoneClusterImpl-e22a53fb-91d7-4d35-81b0-6fa6ae710c0c/datanode-2/data/ratis/241487b0-7061-495c-a3c8-71ccfdebdfc9: flushIndex: setUnconditionally 0 -> -1
2019-09-11 00:00:46,029 [pool-519-thread-1] INFO  server.RaftServerConfigKeys (ConfUtils.java:logGet(43)) - raft.server.snapshot.auto.trigger.enabled = true (custom)
2019-09-11 00:00:46,029 [pool-519-thread-1] INFO  server.RaftServerConfigKeys (ConfUtils.java:logGet(43)) - raft.server.snapshot.auto.trigger.threshold = 10000 (custom)
2019-09-11 00:00:46,030 [pool-519-thread-1] INFO  server.RaftServerConfigKeys (ConfUtils.java:logGet(43)) - raft.server.retrycache.expirytime = 600000ms (custom)
2019-09-11 00:00:46,030 [pool-519-thread-1] INFO  impl.RaftServerImpl (RaftServerImpl.java:start(180)) - 18b5dca1-5cee-4f4a-a372-b89973203a77: start group-71CCFDEBDFC9
2019-09-11 00:00:46,030 [pool-519-thread-1] INFO  impl.RaftServerImpl (RaftServerImpl.java:setRole(171)) - 18b5dca1-5cee-4f4a-a372-b89973203a77:group-71CCFDEBDFC9 changes role from null to FOLLOWER at term 0 for startAsFollower
2019-09-11 00:00:46,030 [pool-519-thread-1] INFO  impl.RoleInfo (RoleInfo.java:updateAndGet(143)) - 18b5dca1-5cee-4f4a-a372-b89973203a77: start FollowerState
2019-09-11 00:00:46,030 [pool-519-thread-1] INFO  util.JmxRegister (JmxRegister.java:tryRegister(44)) - Successfully registered JMX Bean with object name Ratis:service=RaftServer,group=group-71CCFDEBDFC9,id=18b5dca1-5cee-4f4a-a372-b89973203a77
2019-09-11 00:00:46,032 [RatisPipelineUtilsThread] INFO  pipeline.PipelineStateManager (PipelineStateManager.java:addPipeline(56)) - Created pipeline Pipeline[ Id: 241487b0-7061-495c-a3c8-71ccfdebdfc9, Nodes: 18b5dca1-5cee-4f4a-a372-b89973203a77{ip: 192.168.36.99, host: pr-hdds-2007-n2glh-1307100181, networkLocation: /default-rack, certSerialId: null}, Type:RATIS, Factor:ONE, State:OPEN]
2019-09-11 00:00:46,040 [grpc-default-executor-5] INFO  impl.RaftServerProxy (RaftServerProxy.java:addNew(89)) - bbc2a5fa-cf2b-4b97-a6b6-c2260dff6e77: addNew group-89DD507C5741:[bbc2a5fa-cf2b-4b97-a6b6-c2260dff6e77:192.168.36.99:36713] returns group-89DD507C5741:java.util.concurrent.CompletableFuture@5d632c64[Not completed]
2019-09-11 00:00:46,042 [pool-559-thread-1] INFO  impl.RaftServerImpl (RaftServerImpl.java:<init>(93)) - bbc2a5fa-cf2b-4b97-a6b6-c2260dff6e77: new RaftServerImpl for group-89DD507C5741:[bbc2a5fa-cf2b-4b97-a6b6-c2260dff6e77:192.168.36.99:36713] with ContainerStateMachine:uninitialized
2019-09-11 00:00:46,042 [pool-559-thread-1] INFO  server.RaftServerConfigKeys (ConfUtils.java:logGet(43)) - raft.server.rpc.timeout.min = 5s (custom)
2019-09-11 00:00:46,042 [pool-559-thread-1] INFO  server.RaftServerConfigKeys (ConfUtils.java:logGet(43)) - raft.server.rpc.timeout.max = 5200ms (custom)
2019-09-11 00:00:46,042 [pool-559-thread-1] INFO  server.RaftServerConfigKeys (ConfUtils.java:logGet(43)) - raft.server.rpcslowness.timeout = 120s (custom)
2019-09-11 00:00:46,042 [pool-559-thread-1] INFO  server.RaftServerConfigKeys (ConfUtils.java:logGet(43)) - raft.server.sleep.deviation.threshold = 300 (default)
2019-09-11 00:00:46,043 [pool-559-thread-1] INFO  server.RaftServerConfigKeys (ConfUtils.java:logGet(43)) - raft.server.log.appender.install.snapshot.enabled = false (custom)
2019-09-11 00:00:46,043 [pool-559-thread-1] INFO  impl.RaftServerImpl (ServerState.java:<init>(105)) - bbc2a5fa-cf2b-4b97-a6b6-c2260dff6e77:group-89DD507C5741 ConfigurationManager, init=-1: [bbc2a5fa-cf2b-4b97-a6b6-c2260dff6e77:192.168.36.99:36713], old=null, confs=<EMPTY_MAP>
2019-09-11 00:00:46,043 [pool-559-thread-1] INFO  server.RaftServerConfigKeys (ConfUtils.java:logGet(43)) - raft.server.storage.dir = [/workdir/hadoop-ozone/integration-test/target/test-dir/MiniOzoneClusterImpl-e22a53fb-91d7-4d35-81b0-6fa6ae710c0c/datanode-6/data/ratis] (custom)
2019-09-11 00:00:46,043 [pool-559-thread-1] INFO  storage.RaftStorageDirectory (RaftStorageDirectory.java:analyzeStorage(246)) - The storage directory /workdir/hadoop-ozone/integration-test/target/test-dir/MiniOzoneClusterImpl-e22a53fb-91d7-4d35-81b0-6fa6ae710c0c/datanode-6/data/ratis/388bdfc2-aa6f-4b6d-8060-89dd507c5741 does not exist. Creating ...
2019-09-11 00:00:46,056 [pool-559-thread-1] INFO  storage.RaftStorageDirectory (RaftStorageDirectory.java:tryLock(328)) - Lock on /workdir/hadoop-ozone/integration-test/target/test-dir/MiniOzoneClusterImpl-e22a53fb-91d7-4d35-81b0-6fa6ae710c0c/datanode-6/data/ratis/388bdfc2-aa6f-4b6d-8060-89dd507c5741/in_use.lock acquired by nodename 21388@pr-hdds-2007-n2glh-1307100181
2019-09-11 00:00:46,070 [pool-559-thread-1] INFO  storage.RaftStorage (RaftStorage.java:format(72)) - Storage directory /workdir/hadoop-ozone/integration-test/target/test-dir/MiniOzoneClusterImpl-e22a53fb-91d7-4d35-81b0-6fa6ae710c0c/datanode-6/data/ratis/388bdfc2-aa6f-4b6d-8060-89dd507c5741 has been successfully formatted.
2019-09-11 00:00:46,070 [pool-559-thread-1] INFO  ratis.ContainerStateMachine (ContainerStateMachine.java:loadSnapshot(227)) - group-89DD507C5741: The snapshot info is null. Setting the last applied indexto:(t:0, i:~)
2019-09-11 00:00:46,070 [pool-559-thread-1] INFO  server.RaftServerConfigKeys (ConfUtils.java:logGet(43)) - raft.server.leader.election.timeout = 120s (custom)
2019-09-11 00:00:46,070 [pool-559-thread-1] INFO  server.RaftServerConfigKeys (ConfUtils.java:logGet(43)) - raft.server.log.use.memory = false (default)
2019-09-11 00:00:46,070 [pool-559-thread-1] INFO  server.RaftServerConfigKeys (ConfUtils.java:logGet(43)) - raft.server.log.purge.gap = 1000000 (custom)
2019-09-11 00:00:46,070 [pool-559-thread-1] INFO  server.RaftServerConfigKeys (ConfUtils.java:logGet(43)) - raft.server.log.appender.buffer.byte-limit = 33554432 (custom)
2019-09-11 00:00:46,070 [pool-559-thread-1] INFO  server.RaftServerConfigKeys (ConfUtils.java:logGet(43)) - raft.server.log.segment.size.max = 1048576 (custom)
2019-09-11 00:00:46,071 [pool-559-thread-1] INFO  server.RaftServerConfigKeys (ConfUtils.java:logGet(43)) - raft.server.log.segment.cache.num.max = 2 (custom)
2019-09-11 00:00:46,071 [pool-559-thread-1] INFO  segmented.SegmentedRaftLogWorker (SegmentedRaftLogWorker.java:<init>(172)) - new bbc2a5fa-cf2b-4b97-a6b6-c2260dff6e77-SegmentedRaftLogWorker:Storage Directory /workdir/hadoop-ozone/integration-test/target/test-dir/MiniOzoneClusterImpl-e22a53fb-91d7-4d35-81b0-6fa6ae710c0c/datanode-6/data/ratis/388bdfc2-aa6f-4b6d-8060-89dd507c5741 for RaftStorage:Storage Directory /workdir/hadoop-ozone/integration-test/target/test-dir/MiniOzoneClusterImpl-e22a53fb-91d7-4d35-81b0-6fa6ae710c0c/datanode-6/data/ratis/388bdfc2-aa6f-4b6d-8060-89dd507c5741
2019-09-11 00:00:46,071 [pool-559-thread-1] INFO  server.RaftServerConfigKeys (ConfUtils.java:logGet(43)) - raft.server.log.queue.byte-limit = 2147483647 (custom)
2019-09-11 00:00:46,071 [pool-559-thread-1] INFO  server.RaftServerConfigKeys (ConfUtils.java:logGet(43)) - raft.server.log.queue.element-limit = 1024 (custom)
2019-09-11 00:00:46,071 [pool-559-thread-1] INFO  server.RaftServerConfigKeys (ConfUtils.java:logGet(43)) - raft.server.log.segment.size.max = 1048576 (custom)
2019-09-11 00:00:46,071 [pool-559-thread-1] INFO  server.RaftServerConfigKeys (ConfUtils.java:logGet(43)) - raft.server.log.preallocated.size = 16384 (custom)
2019-09-11 00:00:46,071 [pool-559-thread-1] INFO  server.RaftServerConfigKeys (ConfUtils.java:logGet(43)) - raft.server.log.write.buffer.size = 33554432 (custom)
2019-09-11 00:00:46,071 [pool-559-thread-1] INFO  server.RaftServerConfigKeys (ConfUtils.java:logGet(43)) - raft.server.log.force.sync.num = 128 (default)
2019-09-11 00:00:46,071 [pool-559-thread-1] INFO  server.RaftServerConfigKeys (ConfUtils.java:logGet(43)) - raft.server.log.statemachine.data.sync = true (default)
2019-09-11 00:00:46,072 [pool-559-thread-1] INFO  server.RaftServerConfigKeys (ConfUtils.java:logGet(43)) - raft.server.log.statemachine.data.sync.timeout = 10s (default)
2019-09-11 00:00:46,072 [pool-559-thread-1] INFO  server.RaftServerConfigKeys (ConfUtils.java:logGet(43)) - raft.server.log.statemachine.data.sync.timeout.retry = -1 (default)
2019-09-11 00:00:46,072 [pool-559-thread-1] INFO  server.RaftServerConfigKeys (ConfUtils.java:logGet(43)) - raft.server.log.statemachine.data.caching.enabled = true (custom)
2019-09-11 00:00:46,072 [pool-559-thread-1] INFO  segmented.SegmentedRaftLogWorker (SegmentedRaftLogWorker.java:lambda$new$0(132)) - bbc2a5fa-cf2b-4b97-a6b6-c2260dff6e77-SegmentedRaftLogWorker:Storage Directory /workdir/hadoop-ozone/integration-test/target/test-dir/MiniOzoneClusterImpl-e22a53fb-91d7-4d35-81b0-6fa6ae710c0c/datanode-6/data/ratis/388bdfc2-aa6f-4b6d-8060-89dd507c5741: flushIndex: setUnconditionally 0 -> -1
2019-09-11 00:00:46,072 [pool-559-thread-1] INFO  server.RaftServerConfigKeys (ConfUtils.java:logGet(43)) - raft.server.snapshot.auto.trigger.enabled = true (custom)
2019-09-11 00:00:46,072 [pool-559-thread-1] INFO  server.RaftServerConfigKeys (ConfUtils.java:logGet(43)) - raft.server.snapshot.auto.trigger.threshold = 10000 (custom)
2019-09-11 00:00:46,073 [pool-559-thread-1] INFO  server.RaftServerConfigKeys (ConfUtils.java:logGet(43)) - raft.server.retrycache.expirytime = 600000ms (custom)
2019-09-11 00:00:46,073 [pool-559-thread-1] INFO  impl.RaftServerImpl (RaftServerImpl.java:start(180)) - bbc2a5fa-cf2b-4b97-a6b6-c2260dff6e77: start group-89DD507C5741
2019-09-11 00:00:46,073 [pool-559-thread-1] INFO  impl.RaftServerImpl (RaftServerImpl.java:setRole(171)) - bbc2a5fa-cf2b-4b97-a6b6-c2260dff6e77:group-89DD507C5741 changes role from null to FOLLOWER at term 0 for startAsFollower
2019-09-11 00:00:46,073 [pool-559-thread-1] INFO  impl.RoleInfo (RoleInfo.java:updateAndGet(143)) - bbc2a5fa-cf2b-4b97-a6b6-c2260dff6e77: start FollowerState
2019-09-11 00:00:46,073 [pool-559-thread-1] INFO  util.JmxRegister (JmxRegister.java:tryRegister(44)) - Successfully registered JMX Bean with object name Ratis:service=RaftServer,group=group-89DD507C5741,id=bbc2a5fa-cf2b-4b97-a6b6-c2260dff6e77
2019-09-11 00:00:46,075 [RatisPipelineUtilsThread] INFO  pipeline.PipelineStateManager (PipelineStateManager.java:addPipeline(56)) - Created pipeline Pipeline[ Id: 388bdfc2-aa6f-4b6d-8060-89dd507c5741, Nodes: bbc2a5fa-cf2b-4b97-a6b6-c2260dff6e77{ip: 192.168.36.99, host: pr-hdds-2007-n2glh-1307100181, networkLocation: /default-rack, certSerialId: null}, Type:RATIS, Factor:ONE, State:OPEN]
2019-09-11 00:00:46,092 [grpc-default-executor-3] INFO  impl.RaftServerProxy (RaftServerProxy.java:addNew(89)) - 8134e7f4-1e90-4318-ba5f-921a50abbefc: addNew group-BA09F1E85783:[c0862f5c-5826-4b92-adfa-20dd0620b5c2:192.168.36.99:37443, e664e961-aac9-42bf-bdf1-066f5156a4eb:192.168.36.99:35473, 8134e7f4-1e90-4318-ba5f-921a50abbefc:192.168.36.99:39977] returns group-BA09F1E85783:java.util.concurrent.CompletableFuture@16b0587a[Not completed]
2019-09-11 00:00:46,093 [grpc-default-executor-5] INFO  impl.RaftServerProxy (RaftServerProxy.java:addNew(89)) - e664e961-aac9-42bf-bdf1-066f5156a4eb: addNew group-BA09F1E85783:[c0862f5c-5826-4b92-adfa-20dd0620b5c2:192.168.36.99:37443, e664e961-aac9-42bf-bdf1-066f5156a4eb:192.168.36.99:35473, 8134e7f4-1e90-4318-ba5f-921a50abbefc:192.168.36.99:39977] returns group-BA09F1E85783:java.util.concurrent.CompletableFuture@7558bd06[Not completed]
2019-09-11 00:00:46,095 [grpc-default-executor-1] INFO  impl.RaftServerProxy (RaftServerProxy.java:addNew(89)) - c0862f5c-5826-4b92-adfa-20dd0620b5c2: addNew group-BA09F1E85783:[c0862f5c-5826-4b92-adfa-20dd0620b5c2:192.168.36.99:37443, e664e961-aac9-42bf-bdf1-066f5156a4eb:192.168.36.99:35473, 8134e7f4-1e90-4318-ba5f-921a50abbefc:192.168.36.99:39977] returns group-BA09F1E85783:java.util.concurrent.CompletableFuture@4ab8ecd4[Not completed]
2019-09-11 00:00:46,096 [pool-529-thread-1] INFO  impl.RaftServerImpl (RaftServerImpl.java:<init>(93)) - 8134e7f4-1e90-4318-ba5f-921a50abbefc: new RaftServerImpl for group-BA09F1E85783:[c0862f5c-5826-4b92-adfa-20dd0620b5c2:192.168.36.99:37443, e664e961-aac9-42bf-bdf1-066f5156a4eb:192.168.36.99:35473, 8134e7f4-1e90-4318-ba5f-921a50abbefc:192.168.36.99:39977] with ContainerStateMachine:uninitialized
2019-09-11 00:00:46,096 [pool-529-thread-1] INFO  server.RaftServerConfigKeys (ConfUtils.java:logGet(43)) - raft.server.rpc.timeout.min = 5s (custom)
2019-09-11 00:00:46,097 [pool-529-thread-1] INFO  server.RaftServerConfigKeys (ConfUtils.java:logGet(43)) - raft.server.rpc.timeout.max = 5200ms (custom)
2019-09-11 00:00:46,097 [pool-529-thread-1] INFO  server.RaftServerConfigKeys (ConfUtils.java:logGet(43)) - raft.server.rpcslowness.timeout = 120s (custom)
2019-09-11 00:00:46,097 [pool-549-thread-1] INFO  impl.RaftServerImpl (RaftServerImpl.java:<init>(93)) - c0862f5c-5826-4b92-adfa-20dd0620b5c2: new RaftServerImpl for group-BA09F1E85783:[c0862f5c-5826-4b92-adfa-20dd0620b5c2:192.168.36.99:37443, e664e961-aac9-42bf-bdf1-066f5156a4eb:192.168.36.99:35473, 8134e7f4-1e90-4318-ba5f-921a50abbefc:192.168.36.99:39977] with ContainerStateMachine:uninitialized
2019-09-11 00:00:46,097 [pool-529-thread-1] INFO  server.RaftServerConfigKeys (ConfUtils.java:logGet(43)) - raft.server.sleep.deviation.threshold = 300 (default)
2019-09-11 00:00:46,097 [pool-549-thread-1] INFO  server.RaftServerConfigKeys (ConfUtils.java:logGet(43)) - raft.server.rpc.timeout.min = 5s (custom)
2019-09-11 00:00:46,097 [pool-529-thread-1] INFO  server.RaftServerConfigKeys (ConfUtils.java:logGet(43)) - raft.server.log.appender.install.snapshot.enabled = false (custom)
2019-09-11 00:00:46,097 [pool-549-thread-1] INFO  server.RaftServerConfigKeys (ConfUtils.java:logGet(43)) - raft.server.rpc.timeout.max = 5200ms (custom)
2019-09-11 00:00:46,097 [pool-529-thread-1] INFO  impl.RaftServerImpl (ServerState.java:<init>(105)) - 8134e7f4-1e90-4318-ba5f-921a50abbefc:group-BA09F1E85783 ConfigurationManager, init=-1: [c0862f5c-5826-4b92-adfa-20dd0620b5c2:192.168.36.99:37443, e664e961-aac9-42bf-bdf1-066f5156a4eb:192.168.36.99:35473, 8134e7f4-1e90-4318-ba5f-921a50abbefc:192.168.36.99:39977], old=null, confs=<EMPTY_MAP>
2019-09-11 00:00:46,097 [pool-549-thread-1] INFO  server.RaftServerConfigKeys (ConfUtils.java:logGet(43)) - raft.server.rpcslowness.timeout = 120s (custom)
2019-09-11 00:00:46,098 [pool-529-thread-1] INFO  server.RaftServerConfigKeys (ConfUtils.java:logGet(43)) - raft.server.storage.dir = [/workdir/hadoop-ozone/integration-test/target/test-dir/MiniOzoneClusterImpl-e22a53fb-91d7-4d35-81b0-6fa6ae710c0c/datanode-3/data/ratis] (custom)
2019-09-11 00:00:46,098 [pool-539-thread-1] INFO  impl.RaftServerImpl (RaftServerImpl.java:<init>(93)) - e664e961-aac9-42bf-bdf1-066f5156a4eb: new RaftServerImpl for group-BA09F1E85783:[c0862f5c-5826-4b92-adfa-20dd0620b5c2:192.168.36.99:37443, e664e961-aac9-42bf-bdf1-066f5156a4eb:192.168.36.99:35473, 8134e7f4-1e90-4318-ba5f-921a50abbefc:192.168.36.99:39977] with ContainerStateMachine:uninitialized
2019-09-11 00:00:46,098 [pool-549-thread-1] INFO  server.RaftServerConfigKeys (ConfUtils.java:logGet(43)) - raft.server.sleep.deviation.threshold = 300 (default)
2019-09-11 00:00:46,098 [pool-529-thread-1] INFO  storage.RaftStorageDirectory (RaftStorageDirectory.java:analyzeStorage(246)) - The storage directory /workdir/hadoop-ozone/integration-test/target/test-dir/MiniOzoneClusterImpl-e22a53fb-91d7-4d35-81b0-6fa6ae710c0c/datanode-3/data/ratis/64f1e453-e329-4c68-939c-ba09f1e85783 does not exist. Creating ...
2019-09-11 00:00:46,098 [pool-539-thread-1] INFO  server.RaftServerConfigKeys (ConfUtils.java:logGet(43)) - raft.server.rpc.timeout.min = 5s (custom)
2019-09-11 00:00:46,098 [pool-549-thread-1] INFO  server.RaftServerConfigKeys (ConfUtils.java:logGet(43)) - raft.server.log.appender.install.snapshot.enabled = false (custom)
2019-09-11 00:00:46,098 [pool-539-thread-1] INFO  server.RaftServerConfigKeys (ConfUtils.java:logGet(43)) - raft.server.rpc.timeout.max = 5200ms (custom)
2019-09-11 00:00:46,098 [pool-549-thread-1] INFO  impl.RaftServerImpl (ServerState.java:<init>(105)) - c0862f5c-5826-4b92-adfa-20dd0620b5c2:group-BA09F1E85783 ConfigurationManager, init=-1: [c0862f5c-5826-4b92-adfa-20dd0620b5c2:192.168.36.99:37443, e664e961-aac9-42bf-bdf1-066f5156a4eb:192.168.36.99:35473, 8134e7f4-1e90-4318-ba5f-921a50abbefc:192.168.36.99:39977], old=null, confs=<EMPTY_MAP>
2019-09-11 00:00:46,098 [pool-539-thread-1] INFO  server.RaftServerConfigKeys (ConfUtils.java:logGet(43)) - raft.server.rpcslowness.timeout = 120s (custom)
2019-09-11 00:00:46,099 [pool-549-thread-1] INFO  server.RaftServerConfigKeys (ConfUtils.java:logGet(43)) - raft.server.storage.dir = [/workdir/hadoop-ozone/integration-test/target/test-dir/MiniOzoneClusterImpl-e22a53fb-91d7-4d35-81b0-6fa6ae710c0c/datanode-5/data/ratis] (custom)
2019-09-11 00:00:46,099 [pool-539-thread-1] INFO  server.RaftServerConfigKeys (ConfUtils.java:logGet(43)) - raft.server.sleep.deviation.threshold = 300 (default)
2019-09-11 00:00:46,099 [pool-539-thread-1] INFO  server.RaftServerConfigKeys (ConfUtils.java:logGet(43)) - raft.server.log.appender.install.snapshot.enabled = false (custom)
2019-09-11 00:00:46,099 [pool-549-thread-1] INFO  storage.RaftStorageDirectory (RaftStorageDirectory.java:analyzeStorage(246)) - The storage directory /workdir/hadoop-ozone/integration-test/target/test-dir/MiniOzoneClusterImpl-e22a53fb-91d7-4d35-81b0-6fa6ae710c0c/datanode-5/data/ratis/64f1e453-e329-4c68-939c-ba09f1e85783 does not exist. Creating ...
2019-09-11 00:00:46,099 [pool-539-thread-1] INFO  impl.RaftServerImpl (ServerState.java:<init>(105)) - e664e961-aac9-42bf-bdf1-066f5156a4eb:group-BA09F1E85783 ConfigurationManager, init=-1: [c0862f5c-5826-4b92-adfa-20dd0620b5c2:192.168.36.99:37443, e664e961-aac9-42bf-bdf1-066f5156a4eb:192.168.36.99:35473, 8134e7f4-1e90-4318-ba5f-921a50abbefc:192.168.36.99:39977], old=null, confs=<EMPTY_MAP>
2019-09-11 00:00:46,099 [pool-539-thread-1] INFO  server.RaftServerConfigKeys (ConfUtils.java:logGet(43)) - raft.server.storage.dir = [/workdir/hadoop-ozone/integration-test/target/test-dir/MiniOzoneClusterImpl-e22a53fb-91d7-4d35-81b0-6fa6ae710c0c/datanode-4/data/ratis] (custom)
2019-09-11 00:00:46,099 [pool-539-thread-1] INFO  storage.RaftStorageDirectory (RaftStorageDirectory.java:analyzeStorage(246)) - The storage directory /workdir/hadoop-ozone/integration-test/target/test-dir/MiniOzoneClusterImpl-e22a53fb-91d7-4d35-81b0-6fa6ae710c0c/datanode-4/data/ratis/64f1e453-e329-4c68-939c-ba09f1e85783 does not exist. Creating ...
2019-09-11 00:00:46,124 [pool-549-thread-1] INFO  storage.RaftStorageDirectory (RaftStorageDirectory.java:tryLock(328)) - Lock on /workdir/hadoop-ozone/integration-test/target/test-dir/MiniOzoneClusterImpl-e22a53fb-91d7-4d35-81b0-6fa6ae710c0c/datanode-5/data/ratis/64f1e453-e329-4c68-939c-ba09f1e85783/in_use.lock acquired by nodename 21388@pr-hdds-2007-n2glh-1307100181
2019-09-11 00:00:46,124 [pool-539-thread-1] INFO  storage.RaftStorageDirectory (RaftStorageDirectory.java:tryLock(328)) - Lock on /workdir/hadoop-ozone/integration-test/target/test-dir/MiniOzoneClusterImpl-e22a53fb-91d7-4d35-81b0-6fa6ae710c0c/datanode-4/data/ratis/64f1e453-e329-4c68-939c-ba09f1e85783/in_use.lock acquired by nodename 21388@pr-hdds-2007-n2glh-1307100181
2019-09-11 00:00:46,124 [pool-529-thread-1] INFO  storage.RaftStorageDirectory (RaftStorageDirectory.java:tryLock(328)) - Lock on /workdir/hadoop-ozone/integration-test/target/test-dir/MiniOzoneClusterImpl-e22a53fb-91d7-4d35-81b0-6fa6ae710c0c/datanode-3/data/ratis/64f1e453-e329-4c68-939c-ba09f1e85783/in_use.lock acquired by nodename 21388@pr-hdds-2007-n2glh-1307100181
2019-09-11 00:00:46,147 [pool-539-thread-1] INFO  storage.RaftStorage (RaftStorage.java:format(72)) - Storage directory /workdir/hadoop-ozone/integration-test/target/test-dir/MiniOzoneClusterImpl-e22a53fb-91d7-4d35-81b0-6fa6ae710c0c/datanode-4/data/ratis/64f1e453-e329-4c68-939c-ba09f1e85783 has been successfully formatted.
2019-09-11 00:00:46,147 [pool-549-thread-1] INFO  storage.RaftStorage (RaftStorage.java:format(72)) - Storage directory /workdir/hadoop-ozone/integration-test/target/test-dir/MiniOzoneClusterImpl-e22a53fb-91d7-4d35-81b0-6fa6ae710c0c/datanode-5/data/ratis/64f1e453-e329-4c68-939c-ba09f1e85783 has been successfully formatted.
2019-09-11 00:00:46,147 [pool-539-thread-1] INFO  ratis.ContainerStateMachine (ContainerStateMachine.java:loadSnapshot(227)) - group-BA09F1E85783: The snapshot info is null. Setting the last applied indexto:(t:0, i:~)
2019-09-11 00:00:46,147 [pool-529-thread-1] INFO  storage.RaftStorage (RaftStorage.java:format(72)) - Storage directory /workdir/hadoop-ozone/integration-test/target/test-dir/MiniOzoneClusterImpl-e22a53fb-91d7-4d35-81b0-6fa6ae710c0c/datanode-3/data/ratis/64f1e453-e329-4c68-939c-ba09f1e85783 has been successfully formatted.
2019-09-11 00:00:46,147 [pool-539-thread-1] INFO  server.RaftServerConfigKeys (ConfUtils.java:logGet(43)) - raft.server.leader.election.timeout = 120s (custom)
2019-09-11 00:00:46,147 [pool-549-thread-1] INFO  ratis.ContainerStateMachine (ContainerStateMachine.java:loadSnapshot(227)) - group-BA09F1E85783: The snapshot info is null. Setting the last applied indexto:(t:0, i:~)
2019-09-11 00:00:46,148 [pool-529-thread-1] INFO  ratis.ContainerStateMachine (ContainerStateMachine.java:loadSnapshot(227)) - group-BA09F1E85783: The snapshot info is null. Setting the last applied indexto:(t:0, i:~)
2019-09-11 00:00:46,148 [pool-539-thread-1] INFO  server.RaftServerConfigKeys (ConfUtils.java:logGet(43)) - raft.server.log.use.memory = false (default)
2019-09-11 00:00:46,148 [pool-529-thread-1] INFO  server.RaftServerConfigKeys (ConfUtils.java:logGet(43)) - raft.server.leader.election.timeout = 120s (custom)
2019-09-11 00:00:46,148 [pool-549-thread-1] INFO  server.RaftServerConfigKeys (ConfUtils.java:logGet(43)) - raft.server.leader.election.timeout = 120s (custom)
2019-09-11 00:00:46,148 [pool-529-thread-1] INFO  server.RaftServerConfigKeys (ConfUtils.java:logGet(43)) - raft.server.log.use.memory = false (default)
2019-09-11 00:00:46,148 [pool-539-thread-1] INFO  server.RaftServerConfigKeys (ConfUtils.java:logGet(43)) - raft.server.log.purge.gap = 1000000 (custom)
2019-09-11 00:00:46,148 [pool-529-thread-1] INFO  server.RaftServerConfigKeys (ConfUtils.java:logGet(43)) - raft.server.log.purge.gap = 1000000 (custom)
2019-09-11 00:00:46,148 [pool-549-thread-1] INFO  server.RaftServerConfigKeys (ConfUtils.java:logGet(43)) - raft.server.log.use.memory = false (default)
2019-09-11 00:00:46,149 [pool-529-thread-1] INFO  server.RaftServerConfigKeys (ConfUtils.java:logGet(43)) - raft.server.log.appender.buffer.byte-limit = 33554432 (custom)
2019-09-11 00:00:46,149 [pool-539-thread-1] INFO  server.RaftServerConfigKeys (ConfUtils.java:logGet(43)) - raft.server.log.appender.buffer.byte-limit = 33554432 (custom)
2019-09-11 00:00:46,149 [pool-529-thread-1] INFO  server.RaftServerConfigKeys (ConfUtils.java:logGet(43)) - raft.server.log.segment.size.max = 1048576 (custom)
2019-09-11 00:00:46,149 [pool-549-thread-1] INFO  server.RaftServerConfigKeys (ConfUtils.java:logGet(43)) - raft.server.log.purge.gap = 1000000 (custom)
2019-09-11 00:00:46,149 [pool-529-thread-1] INFO  server.RaftServerConfigKeys (ConfUtils.java:logGet(43)) - raft.server.log.segment.cache.num.max = 2 (custom)
2019-09-11 00:00:46,149 [pool-539-thread-1] INFO  server.RaftServerConfigKeys (ConfUtils.java:logGet(43)) - raft.server.log.segment.size.max = 1048576 (custom)
2019-09-11 00:00:46,150 [pool-529-thread-1] INFO  segmented.SegmentedRaftLogWorker (SegmentedRaftLogWorker.java:<init>(172)) - new 8134e7f4-1e90-4318-ba5f-921a50abbefc-SegmentedRaftLogWorker:Storage Directory /workdir/hadoop-ozone/integration-test/target/test-dir/MiniOzoneClusterImpl-e22a53fb-91d7-4d35-81b0-6fa6ae710c0c/datanode-3/data/ratis/64f1e453-e329-4c68-939c-ba09f1e85783 for RaftStorage:Storage Directory /workdir/hadoop-ozone/integration-test/target/test-dir/MiniOzoneClusterImpl-e22a53fb-91d7-4d35-81b0-6fa6ae710c0c/datanode-3/data/ratis/64f1e453-e329-4c68-939c-ba09f1e85783
2019-09-11 00:00:46,149 [pool-549-thread-1] INFO  server.RaftServerConfigKeys (ConfUtils.java:logGet(43)) - raft.server.log.appender.buffer.byte-limit = 33554432 (custom)
2019-09-11 00:00:46,150 [pool-529-thread-1] INFO  server.RaftServerConfigKeys (ConfUtils.java:logGet(43)) - raft.server.log.queue.byte-limit = 2147483647 (custom)
2019-09-11 00:00:46,150 [pool-539-thread-1] INFO  server.RaftServerConfigKeys (ConfUtils.java:logGet(43)) - raft.server.log.segment.cache.num.max = 2 (custom)
2019-09-11 00:00:46,150 [pool-529-thread-1] INFO  server.RaftServerConfigKeys (ConfUtils.java:logGet(43)) - raft.server.log.queue.element-limit = 1024 (custom)
2019-09-11 00:00:46,150 [pool-549-thread-1] INFO  server.RaftServerConfigKeys (ConfUtils.java:logGet(43)) - raft.server.log.segment.size.max = 1048576 (custom)
2019-09-11 00:00:46,150 [pool-529-thread-1] INFO  server.RaftServerConfigKeys (ConfUtils.java:logGet(43)) - raft.server.log.segment.size.max = 1048576 (custom)
2019-09-11 00:00:46,150 [pool-539-thread-1] INFO  segmented.SegmentedRaftLogWorker (SegmentedRaftLogWorker.java:<init>(172)) - new e664e961-aac9-42bf-bdf1-066f5156a4eb-SegmentedRaftLogWorker:Storage Directory /workdir/hadoop-ozone/integration-test/target/test-dir/MiniOzoneClusterImpl-e22a53fb-91d7-4d35-81b0-6fa6ae710c0c/datanode-4/data/ratis/64f1e453-e329-4c68-939c-ba09f1e85783 for RaftStorage:Storage Directory /workdir/hadoop-ozone/integration-test/target/test-dir/MiniOzoneClusterImpl-e22a53fb-91d7-4d35-81b0-6fa6ae710c0c/datanode-4/data/ratis/64f1e453-e329-4c68-939c-ba09f1e85783
2019-09-11 00:00:46,151 [pool-529-thread-1] INFO  server.RaftServerConfigKeys (ConfUtils.java:logGet(43)) - raft.server.log.preallocated.size = 16384 (custom)
2019-09-11 00:00:46,151 [pool-529-thread-1] INFO  server.RaftServerConfigKeys (ConfUtils.java:logGet(43)) - raft.server.log.write.buffer.size = 33554432 (custom)
2019-09-11 00:00:46,150 [pool-549-thread-1] INFO  server.RaftServerConfigKeys (ConfUtils.java:logGet(43)) - raft.server.log.segment.cache.num.max = 2 (custom)
2019-09-11 00:00:46,151 [pool-529-thread-1] INFO  server.RaftServerConfigKeys (ConfUtils.java:logGet(43)) - raft.server.log.force.sync.num = 128 (default)
2019-09-11 00:00:46,151 [pool-529-thread-1] INFO  server.RaftServerConfigKeys (ConfUtils.java:logGet(43)) - raft.server.log.statemachine.data.sync = true (default)
2019-09-11 00:00:46,151 [pool-539-thread-1] INFO  server.RaftServerConfigKeys (ConfUtils.java:logGet(43)) - raft.server.log.queue.byte-limit = 2147483647 (custom)
2019-09-11 00:00:46,151 [pool-529-thread-1] INFO  server.RaftServerConfigKeys (ConfUtils.java:logGet(43)) - raft.server.log.statemachine.data.sync.timeout = 10s (default)
2019-09-11 00:00:46,152 [pool-529-thread-1] INFO  server.RaftServerConfigKeys (ConfUtils.java:logGet(43)) - raft.server.log.statemachine.data.sync.timeout.retry = -1 (default)
2019-09-11 00:00:46,151 [pool-549-thread-1] INFO  segmented.SegmentedRaftLogWorker (SegmentedRaftLogWorker.java:<init>(172)) - new c0862f5c-5826-4b92-adfa-20dd0620b5c2-SegmentedRaftLogWorker:Storage Directory /workdir/hadoop-ozone/integration-test/target/test-dir/MiniOzoneClusterImpl-e22a53fb-91d7-4d35-81b0-6fa6ae710c0c/datanode-5/data/ratis/64f1e453-e329-4c68-939c-ba09f1e85783 for RaftStorage:Storage Directory /workdir/hadoop-ozone/integration-test/target/test-dir/MiniOzoneClusterImpl-e22a53fb-91d7-4d35-81b0-6fa6ae710c0c/datanode-5/data/ratis/64f1e453-e329-4c68-939c-ba09f1e85783
2019-09-11 00:00:46,152 [pool-529-thread-1] INFO  server.RaftServerConfigKeys (ConfUtils.java:logGet(43)) - raft.server.log.statemachine.data.caching.enabled = true (custom)
2019-09-11 00:00:46,152 [pool-539-thread-1] INFO  server.RaftServerConfigKeys (ConfUtils.java:logGet(43)) - raft.server.log.queue.element-limit = 1024 (custom)
2019-09-11 00:00:46,152 [pool-529-thread-1] INFO  segmented.SegmentedRaftLogWorker (SegmentedRaftLogWorker.java:lambda$new$0(132)) - 8134e7f4-1e90-4318-ba5f-921a50abbefc-SegmentedRaftLogWorker:Storage Directory /workdir/hadoop-ozone/integration-test/target/test-dir/MiniOzoneClusterImpl-e22a53fb-91d7-4d35-81b0-6fa6ae710c0c/datanode-3/data/ratis/64f1e453-e329-4c68-939c-ba09f1e85783: flushIndex: setUnconditionally 0 -> -1
2019-09-11 00:00:46,152 [pool-549-thread-1] INFO  server.RaftServerConfigKeys (ConfUtils.java:logGet(43)) - raft.server.log.queue.byte-limit = 2147483647 (custom)
2019-09-11 00:00:46,152 [pool-539-thread-1] INFO  server.RaftServerConfigKeys (ConfUtils.java:logGet(43)) - raft.server.log.segment.size.max = 1048576 (custom)
2019-09-11 00:00:46,153 [pool-549-thread-1] INFO  server.RaftServerConfigKeys (ConfUtils.java:logGet(43)) - raft.server.log.queue.element-limit = 1024 (custom)
2019-09-11 00:00:46,153 [pool-529-thread-1] INFO  server.RaftServerConfigKeys (ConfUtils.java:logGet(43)) - raft.server.snapshot.auto.trigger.enabled = true (custom)
2019-09-11 00:00:46,153 [pool-549-thread-1] INFO  server.RaftServerConfigKeys (ConfUtils.java:logGet(43)) - raft.server.log.segment.size.max = 1048576 (custom)
2019-09-11 00:00:46,153 [pool-539-thread-1] INFO  server.RaftServerConfigKeys (ConfUtils.java:logGet(43)) - raft.server.log.preallocated.size = 16384 (custom)
2019-09-11 00:00:46,153 [pool-549-thread-1] INFO  server.RaftServerConfigKeys (ConfUtils.java:logGet(43)) - raft.server.log.preallocated.size = 16384 (custom)
2019-09-11 00:00:46,153 [pool-529-thread-1] INFO  server.RaftServerConfigKeys (ConfUtils.java:logGet(43)) - raft.server.snapshot.auto.trigger.threshold = 10000 (custom)
2019-09-11 00:00:46,153 [pool-549-thread-1] INFO  server.RaftServerConfigKeys (ConfUtils.java:logGet(43)) - raft.server.log.write.buffer.size = 33554432 (custom)
2019-09-11 00:00:46,154 [pool-549-thread-1] INFO  server.RaftServerConfigKeys (ConfUtils.java:logGet(43)) - raft.server.log.force.sync.num = 128 (default)
2019-09-11 00:00:46,153 [pool-539-thread-1] INFO  server.RaftServerConfigKeys (ConfUtils.java:logGet(43)) - raft.server.log.write.buffer.size = 33554432 (custom)
2019-09-11 00:00:46,154 [pool-549-thread-1] INFO  server.RaftServerConfigKeys (ConfUtils.java:logGet(43)) - raft.server.log.statemachine.data.sync = true (default)
2019-09-11 00:00:46,154 [pool-529-thread-1] INFO  server.RaftServerConfigKeys (ConfUtils.java:logGet(43)) - raft.server.retrycache.expirytime = 600000ms (custom)
2019-09-11 00:00:46,154 [pool-549-thread-1] INFO  server.RaftServerConfigKeys (ConfUtils.java:logGet(43)) - raft.server.log.statemachine.data.sync.timeout = 10s (default)
2019-09-11 00:00:46,154 [pool-539-thread-1] INFO  server.RaftServerConfigKeys (ConfUtils.java:logGet(43)) - raft.server.log.force.sync.num = 128 (default)
2019-09-11 00:00:46,155 [pool-549-thread-1] INFO  server.RaftServerConfigKeys (ConfUtils.java:logGet(43)) - raft.server.log.statemachine.data.sync.timeout.retry = -1 (default)
2019-09-11 00:00:46,154 [pool-529-thread-1] INFO  impl.RaftServerImpl (RaftServerImpl.java:start(180)) - 8134e7f4-1e90-4318-ba5f-921a50abbefc: start group-BA09F1E85783
2019-09-11 00:00:46,155 [pool-549-thread-1] INFO  server.RaftServerConfigKeys (ConfUtils.java:logGet(43)) - raft.server.log.statemachine.data.caching.enabled = true (custom)
2019-09-11 00:00:46,155 [pool-539-thread-1] INFO  server.RaftServerConfigKeys (ConfUtils.java:logGet(43)) - raft.server.log.statemachine.data.sync = true (default)
2019-09-11 00:00:46,155 [pool-549-thread-1] INFO  segmented.SegmentedRaftLogWorker (SegmentedRaftLogWorker.java:lambda$new$0(132)) - c0862f5c-5826-4b92-adfa-20dd0620b5c2-SegmentedRaftLogWorker:Storage Directory /workdir/hadoop-ozone/integration-test/target/test-dir/MiniOzoneClusterImpl-e22a53fb-91d7-4d35-81b0-6fa6ae710c0c/datanode-5/data/ratis/64f1e453-e329-4c68-939c-ba09f1e85783: flushIndex: setUnconditionally 0 -> -1
2019-09-11 00:00:46,155 [pool-529-thread-1] INFO  impl.RaftServerImpl (RaftServerImpl.java:setRole(171)) - 8134e7f4-1e90-4318-ba5f-921a50abbefc:group-BA09F1E85783 changes role from null to FOLLOWER at term 0 for startAsFollower
2019-09-11 00:00:46,155 [pool-539-thread-1] INFO  server.RaftServerConfigKeys (ConfUtils.java:logGet(43)) - raft.server.log.statemachine.data.sync.timeout = 10s (default)
2019-09-11 00:00:46,156 [pool-549-thread-1] INFO  server.RaftServerConfigKeys (ConfUtils.java:logGet(43)) - raft.server.snapshot.auto.trigger.enabled = true (custom)
2019-09-11 00:00:46,156 [pool-529-thread-1] INFO  impl.RoleInfo (RoleInfo.java:updateAndGet(143)) - 8134e7f4-1e90-4318-ba5f-921a50abbefc: start FollowerState
2019-09-11 00:00:46,156 [pool-549-thread-1] INFO  server.RaftServerConfigKeys (ConfUtils.java:logGet(43)) - raft.server.snapshot.auto.trigger.threshold = 10000 (custom)
2019-09-11 00:00:46,156 [pool-539-thread-1] INFO  server.RaftServerConfigKeys (ConfUtils.java:logGet(43)) - raft.server.log.statemachine.data.sync.timeout.retry = -1 (default)
2019-09-11 00:00:46,156 [pool-549-thread-1] INFO  server.RaftServerConfigKeys (ConfUtils.java:logGet(43)) - raft.server.retrycache.expirytime = 600000ms (custom)
2019-09-11 00:00:46,157 [pool-539-thread-1] INFO  server.RaftServerConfigKeys (ConfUtils.java:logGet(43)) - raft.server.log.statemachine.data.caching.enabled = true (custom)
2019-09-11 00:00:46,156 [pool-529-thread-1] INFO  util.JmxRegister (JmxRegister.java:tryRegister(44)) - Successfully registered JMX Bean with object name Ratis:service=RaftServer,group=group-BA09F1E85783,id=8134e7f4-1e90-4318-ba5f-921a50abbefc
2019-09-11 00:00:46,157 [pool-549-thread-1] INFO  impl.RaftServerImpl (RaftServerImpl.java:start(180)) - c0862f5c-5826-4b92-adfa-20dd0620b5c2: start group-BA09F1E85783
2019-09-11 00:00:46,157 [pool-539-thread-1] INFO  segmented.SegmentedRaftLogWorker (SegmentedRaftLogWorker.java:lambda$new$0(132)) - e664e961-aac9-42bf-bdf1-066f5156a4eb-SegmentedRaftLogWorker:Storage Directory /workdir/hadoop-ozone/integration-test/target/test-dir/MiniOzoneClusterImpl-e22a53fb-91d7-4d35-81b0-6fa6ae710c0c/datanode-4/data/ratis/64f1e453-e329-4c68-939c-ba09f1e85783: flushIndex: setUnconditionally 0 -> -1
2019-09-11 00:00:46,157 [pool-549-thread-1] INFO  impl.RaftServerImpl (RaftServerImpl.java:setRole(171)) - c0862f5c-5826-4b92-adfa-20dd0620b5c2:group-BA09F1E85783 changes role from null to FOLLOWER at term 0 for startAsFollower
2019-09-11 00:00:46,157 [pool-549-thread-1] INFO  impl.RoleInfo (RoleInfo.java:updateAndGet(143)) - c0862f5c-5826-4b92-adfa-20dd0620b5c2: start FollowerState
2019-09-11 00:00:46,157 [pool-539-thread-1] INFO  server.RaftServerConfigKeys (ConfUtils.java:logGet(43)) - raft.server.snapshot.auto.trigger.enabled = true (custom)
2019-09-11 00:00:46,158 [pool-539-thread-1] INFO  server.RaftServerConfigKeys (ConfUtils.java:logGet(43)) - raft.server.snapshot.auto.trigger.threshold = 10000 (custom)
2019-09-11 00:00:46,158 [pool-549-thread-1] INFO  util.JmxRegister (JmxRegister.java:tryRegister(44)) - Successfully registered JMX Bean with object name Ratis:service=RaftServer,group=group-BA09F1E85783,id=c0862f5c-5826-4b92-adfa-20dd0620b5c2
2019-09-11 00:00:46,158 [pool-539-thread-1] INFO  server.RaftServerConfigKeys (ConfUtils.java:logGet(43)) - raft.server.retrycache.expirytime = 600000ms (custom)
2019-09-11 00:00:46,158 [pool-539-thread-1] INFO  impl.RaftServerImpl (RaftServerImpl.java:start(180)) - e664e961-aac9-42bf-bdf1-066f5156a4eb: start group-BA09F1E85783
2019-09-11 00:00:46,158 [pool-539-thread-1] INFO  impl.RaftServerImpl (RaftServerImpl.java:setRole(171)) - e664e961-aac9-42bf-bdf1-066f5156a4eb:group-BA09F1E85783 changes role from null to FOLLOWER at term 0 for startAsFollower
2019-09-11 00:00:46,159 [pool-539-thread-1] INFO  impl.RoleInfo (RoleInfo.java:updateAndGet(143)) - e664e961-aac9-42bf-bdf1-066f5156a4eb: start FollowerState
2019-09-11 00:00:46,159 [pool-539-thread-1] INFO  util.JmxRegister (JmxRegister.java:tryRegister(44)) - Successfully registered JMX Bean with object name Ratis:service=RaftServer,group=group-BA09F1E85783,id=e664e961-aac9-42bf-bdf1-066f5156a4eb
2019-09-11 00:00:46,161 [RatisPipelineUtilsThread] INFO  pipeline.PipelineStateManager (PipelineStateManager.java:addPipeline(56)) - Created pipeline Pipeline[ Id: 64f1e453-e329-4c68-939c-ba09f1e85783, Nodes: e664e961-aac9-42bf-bdf1-066f5156a4eb{ip: 192.168.36.99, host: pr-hdds-2007-n2glh-1307100181, networkLocation: /default-rack, certSerialId: null}8134e7f4-1e90-4318-ba5f-921a50abbefc{ip: 192.168.36.99, host: pr-hdds-2007-n2glh-1307100181, networkLocation: /default-rack, certSerialId: null}c0862f5c-5826-4b92-adfa-20dd0620b5c2{ip: 192.168.36.99, host: pr-hdds-2007-n2glh-1307100181, networkLocation: /default-rack, certSerialId: null}, Type:RATIS, Factor:THREE, State:OPEN]
2019-09-11 00:00:46,171 [grpc-default-executor-3] INFO  impl.RaftServerProxy (RaftServerProxy.java:addNew(89)) - bbc2a5fa-cf2b-4b97-a6b6-c2260dff6e77: addNew group-17BE19A598B1:[d1866f23-e324-4f00-81e4-aba39189eab3:192.168.36.99:40086, 18b5dca1-5cee-4f4a-a372-b89973203a77:192.168.36.99:45926, bbc2a5fa-cf2b-4b97-a6b6-c2260dff6e77:192.168.36.99:36713] returns group-17BE19A598B1:java.util.concurrent.CompletableFuture@52c5e63c[Not completed]
2019-09-11 00:00:46,174 [grpc-default-executor-1] INFO  impl.RaftServerProxy (RaftServerProxy.java:addNew(89)) - 18b5dca1-5cee-4f4a-a372-b89973203a77: addNew group-17BE19A598B1:[d1866f23-e324-4f00-81e4-aba39189eab3:192.168.36.99:40086, 18b5dca1-5cee-4f4a-a372-b89973203a77:192.168.36.99:45926, bbc2a5fa-cf2b-4b97-a6b6-c2260dff6e77:192.168.36.99:36713] returns group-17BE19A598B1:java.util.concurrent.CompletableFuture@4d2ddffb[Not completed]
2019-09-11 00:00:46,171 [grpc-default-executor-5] INFO  impl.RaftServerProxy (RaftServerProxy.java:addNew(89)) - d1866f23-e324-4f00-81e4-aba39189eab3: addNew group-17BE19A598B1:[d1866f23-e324-4f00-81e4-aba39189eab3:192.168.36.99:40086, 18b5dca1-5cee-4f4a-a372-b89973203a77:192.168.36.99:45926, bbc2a5fa-cf2b-4b97-a6b6-c2260dff6e77:192.168.36.99:36713] returns group-17BE19A598B1:java.util.concurrent.CompletableFuture@5fbd248d[Not completed]
2019-09-11 00:00:46,175 [pool-559-thread-1] INFO  impl.RaftServerImpl (RaftServerImpl.java:<init>(93)) - bbc2a5fa-cf2b-4b97-a6b6-c2260dff6e77: new RaftServerImpl for group-17BE19A598B1:[d1866f23-e324-4f00-81e4-aba39189eab3:192.168.36.99:40086, 18b5dca1-5cee-4f4a-a372-b89973203a77:192.168.36.99:45926, bbc2a5fa-cf2b-4b97-a6b6-c2260dff6e77:192.168.36.99:36713] with ContainerStateMachine:uninitialized
2019-09-11 00:00:46,175 [pool-559-thread-1] INFO  server.RaftServerConfigKeys (ConfUtils.java:logGet(43)) - raft.server.rpc.timeout.min = 5s (custom)
2019-09-11 00:00:46,175 [pool-559-thread-1] INFO  server.RaftServerConfigKeys (ConfUtils.java:logGet(43)) - raft.server.rpc.timeout.max = 5200ms (custom)
2019-09-11 00:00:46,175 [pool-559-thread-1] INFO  server.RaftServerConfigKeys (ConfUtils.java:logGet(43)) - raft.server.rpcslowness.timeout = 120s (custom)
2019-09-11 00:00:46,175 [pool-559-thread-1] INFO  server.RaftServerConfigKeys (ConfUtils.java:logGet(43)) - raft.server.sleep.deviation.threshold = 300 (default)
2019-09-11 00:00:46,175 [pool-559-thread-1] INFO  server.RaftServerConfigKeys (ConfUtils.java:logGet(43)) - raft.server.log.appender.install.snapshot.enabled = false (custom)
2019-09-11 00:00:46,175 [pool-559-thread-1] INFO  impl.RaftServerImpl (ServerState.java:<init>(105)) - bbc2a5fa-cf2b-4b97-a6b6-c2260dff6e77:group-17BE19A598B1 ConfigurationManager, init=-1: [d1866f23-e324-4f00-81e4-aba39189eab3:192.168.36.99:40086, 18b5dca1-5cee-4f4a-a372-b89973203a77:192.168.36.99:45926, bbc2a5fa-cf2b-4b97-a6b6-c2260dff6e77:192.168.36.99:36713], old=null, confs=<EMPTY_MAP>
2019-09-11 00:00:46,175 [pool-499-thread-1] INFO  impl.RaftServerImpl (RaftServerImpl.java:<init>(93)) - d1866f23-e324-4f00-81e4-aba39189eab3: new RaftServerImpl for group-17BE19A598B1:[d1866f23-e324-4f00-81e4-aba39189eab3:192.168.36.99:40086, 18b5dca1-5cee-4f4a-a372-b89973203a77:192.168.36.99:45926, bbc2a5fa-cf2b-4b97-a6b6-c2260dff6e77:192.168.36.99:36713] with ContainerStateMachine:uninitialized
2019-09-11 00:00:46,175 [pool-559-thread-1] INFO  server.RaftServerConfigKeys (ConfUtils.java:logGet(43)) - raft.server.storage.dir = [/workdir/hadoop-ozone/integration-test/target/test-dir/MiniOzoneClusterImpl-e22a53fb-91d7-4d35-81b0-6fa6ae710c0c/datanode-6/data/ratis] (custom)
2019-09-11 00:00:46,176 [pool-499-thread-1] INFO  server.RaftServerConfigKeys (ConfUtils.java:logGet(43)) - raft.server.rpc.timeout.min = 5s (custom)
2019-09-11 00:00:46,176 [pool-519-thread-1] INFO  impl.RaftServerImpl (RaftServerImpl.java:<init>(93)) - 18b5dca1-5cee-4f4a-a372-b89973203a77: new RaftServerImpl for group-17BE19A598B1:[d1866f23-e324-4f00-81e4-aba39189eab3:192.168.36.99:40086, 18b5dca1-5cee-4f4a-a372-b89973203a77:192.168.36.99:45926, bbc2a5fa-cf2b-4b97-a6b6-c2260dff6e77:192.168.36.99:36713] with ContainerStateMachine:uninitialized
2019-09-11 00:00:46,176 [pool-559-thread-1] INFO  storage.RaftStorageDirectory (RaftStorageDirectory.java:analyzeStorage(246)) - The storage directory /workdir/hadoop-ozone/integration-test/target/test-dir/MiniOzoneClusterImpl-e22a53fb-91d7-4d35-81b0-6fa6ae710c0c/datanode-6/data/ratis/d2f15af8-242c-4cd8-8960-17be19a598b1 does not exist. Creating ...
2019-09-11 00:00:46,176 [pool-499-thread-1] INFO  server.RaftServerConfigKeys (ConfUtils.java:logGet(43)) - raft.server.rpc.timeout.max = 5200ms (custom)
2019-09-11 00:00:46,176 [pool-519-thread-1] INFO  server.RaftServerConfigKeys (ConfUtils.java:logGet(43)) - raft.server.rpc.timeout.min = 5s (custom)
2019-09-11 00:00:46,176 [pool-499-thread-1] INFO  server.RaftServerConfigKeys (ConfUtils.java:logGet(43)) - raft.server.rpcslowness.timeout = 120s (custom)
2019-09-11 00:00:46,176 [pool-519-thread-1] INFO  server.RaftServerConfigKeys (ConfUtils.java:logGet(43)) - raft.server.rpc.timeout.max = 5200ms (custom)
2019-09-11 00:00:46,176 [pool-499-thread-1] INFO  server.RaftServerConfigKeys (ConfUtils.java:logGet(43)) - raft.server.sleep.deviation.threshold = 300 (default)
2019-09-11 00:00:46,177 [pool-519-thread-1] INFO  server.RaftServerConfigKeys (ConfUtils.java:logGet(43)) - raft.server.rpcslowness.timeout = 120s (custom)
2019-09-11 00:00:46,177 [pool-499-thread-1] INFO  server.RaftServerConfigKeys (ConfUtils.java:logGet(43)) - raft.server.log.appender.install.snapshot.enabled = false (custom)
2019-09-11 00:00:46,177 [pool-519-thread-1] INFO  server.RaftServerConfigKeys (ConfUtils.java:logGet(43)) - raft.server.sleep.deviation.threshold = 300 (default)
2019-09-11 00:00:46,177 [pool-499-thread-1] INFO  impl.RaftServerImpl (ServerState.java:<init>(105)) - d1866f23-e324-4f00-81e4-aba39189eab3:group-17BE19A598B1 ConfigurationManager, init=-1: [d1866f23-e324-4f00-81e4-aba39189eab3:192.168.36.99:40086, 18b5dca1-5cee-4f4a-a372-b89973203a77:192.168.36.99:45926, bbc2a5fa-cf2b-4b97-a6b6-c2260dff6e77:192.168.36.99:36713], old=null, confs=<EMPTY_MAP>
2019-09-11 00:00:46,177 [pool-519-thread-1] INFO  server.RaftServerConfigKeys (ConfUtils.java:logGet(43)) - raft.server.log.appender.install.snapshot.enabled = false (custom)
2019-09-11 00:00:46,177 [pool-499-thread-1] INFO  server.RaftServerConfigKeys (ConfUtils.java:logGet(43)) - raft.server.storage.dir = [/workdir/hadoop-ozone/integration-test/target/test-dir/MiniOzoneClusterImpl-e22a53fb-91d7-4d35-81b0-6fa6ae710c0c/datanode-0/data/ratis] (custom)
2019-09-11 00:00:46,177 [pool-519-thread-1] INFO  impl.RaftServerImpl (ServerState.java:<init>(105)) - 18b5dca1-5cee-4f4a-a372-b89973203a77:group-17BE19A598B1 ConfigurationManager, init=-1: [d1866f23-e324-4f00-81e4-aba39189eab3:192.168.36.99:40086, 18b5dca1-5cee-4f4a-a372-b89973203a77:192.168.36.99:45926, bbc2a5fa-cf2b-4b97-a6b6-c2260dff6e77:192.168.36.99:36713], old=null, confs=<EMPTY_MAP>
2019-09-11 00:00:46,178 [pool-519-thread-1] INFO  server.RaftServerConfigKeys (ConfUtils.java:logGet(43)) - raft.server.storage.dir = [/workdir/hadoop-ozone/integration-test/target/test-dir/MiniOzoneClusterImpl-e22a53fb-91d7-4d35-81b0-6fa6ae710c0c/datanode-2/data/ratis] (custom)
2019-09-11 00:00:46,178 [pool-499-thread-1] INFO  storage.RaftStorageDirectory (RaftStorageDirectory.java:analyzeStorage(246)) - The storage directory /workdir/hadoop-ozone/integration-test/target/test-dir/MiniOzoneClusterImpl-e22a53fb-91d7-4d35-81b0-6fa6ae710c0c/datanode-0/data/ratis/d2f15af8-242c-4cd8-8960-17be19a598b1 does not exist. Creating ...
2019-09-11 00:00:46,178 [pool-519-thread-1] INFO  storage.RaftStorageDirectory (RaftStorageDirectory.java:analyzeStorage(246)) - The storage directory /workdir/hadoop-ozone/integration-test/target/test-dir/MiniOzoneClusterImpl-e22a53fb-91d7-4d35-81b0-6fa6ae710c0c/datanode-2/data/ratis/d2f15af8-242c-4cd8-8960-17be19a598b1 does not exist. Creating ...
2019-09-11 00:00:46,189 [pool-559-thread-1] INFO  storage.RaftStorageDirectory (RaftStorageDirectory.java:tryLock(328)) - Lock on /workdir/hadoop-ozone/integration-test/target/test-dir/MiniOzoneClusterImpl-e22a53fb-91d7-4d35-81b0-6fa6ae710c0c/datanode-6/data/ratis/d2f15af8-242c-4cd8-8960-17be19a598b1/in_use.lock acquired by nodename 21388@pr-hdds-2007-n2glh-1307100181
2019-09-11 00:00:46,189 [pool-499-thread-1] INFO  storage.RaftStorageDirectory (RaftStorageDirectory.java:tryLock(328)) - Lock on /workdir/hadoop-ozone/integration-test/target/test-dir/MiniOzoneClusterImpl-e22a53fb-91d7-4d35-81b0-6fa6ae710c0c/datanode-0/data/ratis/d2f15af8-242c-4cd8-8960-17be19a598b1/in_use.lock acquired by nodename 21388@pr-hdds-2007-n2glh-1307100181
2019-09-11 00:00:46,189 [pool-519-thread-1] INFO  storage.RaftStorageDirectory (RaftStorageDirectory.java:tryLock(328)) - Lock on /workdir/hadoop-ozone/integration-test/target/test-dir/MiniOzoneClusterImpl-e22a53fb-91d7-4d35-81b0-6fa6ae710c0c/datanode-2/data/ratis/d2f15af8-242c-4cd8-8960-17be19a598b1/in_use.lock acquired by nodename 21388@pr-hdds-2007-n2glh-1307100181
2019-09-11 00:00:46,203 [pool-559-thread-1] INFO  storage.RaftStorage (RaftStorage.java:format(72)) - Storage directory /workdir/hadoop-ozone/integration-test/target/test-dir/MiniOzoneClusterImpl-e22a53fb-91d7-4d35-81b0-6fa6ae710c0c/datanode-6/data/ratis/d2f15af8-242c-4cd8-8960-17be19a598b1 has been successfully formatted.
2019-09-11 00:00:46,203 [pool-519-thread-1] INFO  storage.RaftStorage (RaftStorage.java:format(72)) - Storage directory /workdir/hadoop-ozone/integration-test/target/test-dir/MiniOzoneClusterImpl-e22a53fb-91d7-4d35-81b0-6fa6ae710c0c/datanode-2/data/ratis/d2f15af8-242c-4cd8-8960-17be19a598b1 has been successfully formatted.
2019-09-11 00:00:46,203 [pool-559-thread-1] INFO  ratis.ContainerStateMachine (ContainerStateMachine.java:loadSnapshot(227)) - group-17BE19A598B1: The snapshot info is null. Setting the last applied indexto:(t:0, i:~)
2019-09-11 00:00:46,203 [pool-499-thread-1] INFO  storage.RaftStorage (RaftStorage.java:format(72)) - Storage directory /workdir/hadoop-ozone/integration-test/target/test-dir/MiniOzoneClusterImpl-e22a53fb-91d7-4d35-81b0-6fa6ae710c0c/datanode-0/data/ratis/d2f15af8-242c-4cd8-8960-17be19a598b1 has been successfully formatted.
2019-09-11 00:00:46,203 [pool-559-thread-1] INFO  server.RaftServerConfigKeys (ConfUtils.java:logGet(43)) - raft.server.leader.election.timeout = 120s (custom)
2019-09-11 00:00:46,203 [pool-519-thread-1] INFO  ratis.ContainerStateMachine (ContainerStateMachine.java:loadSnapshot(227)) - group-17BE19A598B1: The snapshot info is null. Setting the last applied indexto:(t:0, i:~)
2019-09-11 00:00:46,203 [pool-499-thread-1] INFO  ratis.ContainerStateMachine (ContainerStateMachine.java:loadSnapshot(227)) - group-17BE19A598B1: The snapshot info is null. Setting the last applied indexto:(t:0, i:~)
2019-09-11 00:00:46,203 [pool-559-thread-1] INFO  server.RaftServerConfigKeys (ConfUtils.java:logGet(43)) - raft.server.log.use.memory = false (default)
2019-09-11 00:00:46,204 [pool-499-thread-1] INFO  server.RaftServerConfigKeys (ConfUtils.java:logGet(43)) - raft.server.leader.election.timeout = 120s (custom)
2019-09-11 00:00:46,204 [pool-519-thread-1] INFO  server.RaftServerConfigKeys (ConfUtils.java:logGet(43)) - raft.server.leader.election.timeout = 120s (custom)
2019-09-11 00:00:46,204 [pool-499-thread-1] INFO  server.RaftServerConfigKeys (ConfUtils.java:logGet(43)) - raft.server.log.use.memory = false (default)
2019-09-11 00:00:46,204 [pool-559-thread-1] INFO  server.RaftServerConfigKeys (ConfUtils.java:logGet(43)) - raft.server.log.purge.gap = 1000000 (custom)
2019-09-11 00:00:46,204 [pool-499-thread-1] INFO  server.RaftServerConfigKeys (ConfUtils.java:logGet(43)) - raft.server.log.purge.gap = 1000000 (custom)
2019-09-11 00:00:46,204 [pool-519-thread-1] INFO  server.RaftServerConfigKeys (ConfUtils.java:logGet(43)) - raft.server.log.use.memory = false (default)
2019-09-11 00:00:46,204 [pool-499-thread-1] INFO  server.RaftServerConfigKeys (ConfUtils.java:logGet(43)) - raft.server.log.appender.buffer.byte-limit = 33554432 (custom)
2019-09-11 00:00:46,204 [pool-559-thread-1] INFO  server.RaftServerConfigKeys (ConfUtils.java:logGet(43)) - raft.server.log.appender.buffer.byte-limit = 33554432 (custom)
2019-09-11 00:00:46,205 [pool-499-thread-1] INFO  server.RaftServerConfigKeys (ConfUtils.java:logGet(43)) - raft.server.log.segment.size.max = 1048576 (custom)
2019-09-11 00:00:46,204 [pool-519-thread-1] INFO  server.RaftServerConfigKeys (ConfUtils.java:logGet(43)) - raft.server.log.purge.gap = 1000000 (custom)
2019-09-11 00:00:46,205 [pool-499-thread-1] INFO  server.RaftServerConfigKeys (ConfUtils.java:logGet(43)) - raft.server.log.segment.cache.num.max = 2 (custom)
2019-09-11 00:00:46,205 [pool-559-thread-1] INFO  server.RaftServerConfigKeys (ConfUtils.java:logGet(43)) - raft.server.log.segment.size.max = 1048576 (custom)
2019-09-11 00:00:46,205 [pool-499-thread-1] INFO  segmented.SegmentedRaftLogWorker (SegmentedRaftLogWorker.java:<init>(172)) - new d1866f23-e324-4f00-81e4-aba39189eab3-SegmentedRaftLogWorker:Storage Directory /workdir/hadoop-ozone/integration-test/target/test-dir/MiniOzoneClusterImpl-e22a53fb-91d7-4d35-81b0-6fa6ae710c0c/datanode-0/data/ratis/d2f15af8-242c-4cd8-8960-17be19a598b1 for RaftStorage:Storage Directory /workdir/hadoop-ozone/integration-test/target/test-dir/MiniOzoneClusterImpl-e22a53fb-91d7-4d35-81b0-6fa6ae710c0c/datanode-0/data/ratis/d2f15af8-242c-4cd8-8960-17be19a598b1
2019-09-11 00:00:46,205 [pool-519-thread-1] INFO  server.RaftServerConfigKeys (ConfUtils.java:logGet(43)) - raft.server.log.appender.buffer.byte-limit = 33554432 (custom)
2019-09-11 00:00:46,205 [pool-499-thread-1] INFO  server.RaftServerConfigKeys (ConfUtils.java:logGet(43)) - raft.server.log.queue.byte-limit = 2147483647 (custom)
2019-09-11 00:00:46,205 [pool-559-thread-1] INFO  server.RaftServerConfigKeys (ConfUtils.java:logGet(43)) - raft.server.log.segment.cache.num.max = 2 (custom)
2019-09-11 00:00:46,205 [pool-499-thread-1] INFO  server.RaftServerConfigKeys (ConfUtils.java:logGet(43)) - raft.server.log.queue.element-limit = 1024 (custom)
2019-09-11 00:00:46,205 [pool-519-thread-1] INFO  server.RaftServerConfigKeys (ConfUtils.java:logGet(43)) - raft.server.log.segment.size.max = 1048576 (custom)
2019-09-11 00:00:46,206 [pool-499-thread-1] INFO  server.RaftServerConfigKeys (ConfUtils.java:logGet(43)) - raft.server.log.segment.size.max = 1048576 (custom)
2019-09-11 00:00:46,206 [pool-499-thread-1] INFO  server.RaftServerConfigKeys (ConfUtils.java:logGet(43)) - raft.server.log.preallocated.size = 16384 (custom)
2019-09-11 00:00:46,206 [pool-559-thread-1] INFO  segmented.SegmentedRaftLogWorker (SegmentedRaftLogWorker.java:<init>(172)) - new bbc2a5fa-cf2b-4b97-a6b6-c2260dff6e77-SegmentedRaftLogWorker:Storage Directory /workdir/hadoop-ozone/integration-test/target/test-dir/MiniOzoneClusterImpl-e22a53fb-91d7-4d35-81b0-6fa6ae710c0c/datanode-6/data/ratis/d2f15af8-242c-4cd8-8960-17be19a598b1 for RaftStorage:Storage Directory /workdir/hadoop-ozone/integration-test/target/test-dir/MiniOzoneClusterImpl-e22a53fb-91d7-4d35-81b0-6fa6ae710c0c/datanode-6/data/ratis/d2f15af8-242c-4cd8-8960-17be19a598b1
2019-09-11 00:00:46,206 [pool-499-thread-1] INFO  server.RaftServerConfigKeys (ConfUtils.java:logGet(43)) - raft.server.log.write.buffer.size = 33554432 (custom)
2019-09-11 00:00:46,206 [pool-519-thread-1] INFO  server.RaftServerConfigKeys (ConfUtils.java:logGet(43)) - raft.server.log.segment.cache.num.max = 2 (custom)
2019-09-11 00:00:46,206 [pool-499-thread-1] INFO  server.RaftServerConfigKeys (ConfUtils.java:logGet(43)) - raft.server.log.force.sync.num = 128 (default)
2019-09-11 00:00:46,206 [pool-559-thread-1] INFO  server.RaftServerConfigKeys (ConfUtils.java:logGet(43)) - raft.server.log.queue.byte-limit = 2147483647 (custom)
2019-09-11 00:00:46,206 [pool-499-thread-1] INFO  server.RaftServerConfigKeys (ConfUtils.java:logGet(43)) - raft.server.log.statemachine.data.sync = true (default)
2019-09-11 00:00:46,206 [pool-519-thread-1] INFO  segmented.SegmentedRaftLogWorker (SegmentedRaftLogWorker.java:<init>(172)) - new 18b5dca1-5cee-4f4a-a372-b89973203a77-SegmentedRaftLogWorker:Storage Directory /workdir/hadoop-ozone/integration-test/target/test-dir/MiniOzoneClusterImpl-e22a53fb-91d7-4d35-81b0-6fa6ae710c0c/datanode-2/data/ratis/d2f15af8-242c-4cd8-8960-17be19a598b1 for RaftStorage:Storage Directory /workdir/hadoop-ozone/integration-test/target/test-dir/MiniOzoneClusterImpl-e22a53fb-91d7-4d35-81b0-6fa6ae710c0c/datanode-2/data/ratis/d2f15af8-242c-4cd8-8960-17be19a598b1
2019-09-11 00:00:46,207 [pool-499-thread-1] INFO  server.RaftServerConfigKeys (ConfUtils.java:logGet(43)) - raft.server.log.statemachine.data.sync.timeout = 10s (default)
2019-09-11 00:00:46,207 [pool-499-thread-1] INFO  server.RaftServerConfigKeys (ConfUtils.java:logGet(43)) - raft.server.log.statemachine.data.sync.timeout.retry = -1 (default)
2019-09-11 00:00:46,206 [pool-559-thread-1] INFO  server.RaftServerConfigKeys (ConfUtils.java:logGet(43)) - raft.server.log.queue.element-limit = 1024 (custom)
2019-09-11 00:00:46,207 [pool-499-thread-1] INFO  server.RaftServerConfigKeys (ConfUtils.java:logGet(43)) - raft.server.log.statemachine.data.caching.enabled = true (custom)
2019-09-11 00:00:46,207 [pool-519-thread-1] INFO  server.RaftServerConfigKeys (ConfUtils.java:logGet(43)) - raft.server.log.queue.byte-limit = 2147483647 (custom)
2019-09-11 00:00:46,207 [pool-559-thread-1] INFO  server.RaftServerConfigKeys (ConfUtils.java:logGet(43)) - raft.server.log.segment.size.max = 1048576 (custom)
2019-09-11 00:00:46,207 [pool-499-thread-1] INFO  segmented.SegmentedRaftLogWorker (SegmentedRaftLogWorker.java:lambda$new$0(132)) - d1866f23-e324-4f00-81e4-aba39189eab3-SegmentedRaftLogWorker:Storage Directory /workdir/hadoop-ozone/integration-test/target/test-dir/MiniOzoneClusterImpl-e22a53fb-91d7-4d35-81b0-6fa6ae710c0c/datanode-0/data/ratis/d2f15af8-242c-4cd8-8960-17be19a598b1: flushIndex: setUnconditionally 0 -> -1
2019-09-11 00:00:46,207 [pool-519-thread-1] INFO  server.RaftServerConfigKeys (ConfUtils.java:logGet(43)) - raft.server.log.queue.element-limit = 1024 (custom)
2019-09-11 00:00:46,207 [pool-559-thread-1] INFO  server.RaftServerConfigKeys (ConfUtils.java:logGet(43)) - raft.server.log.preallocated.size = 16384 (custom)
2019-09-11 00:00:46,208 [pool-519-thread-1] INFO  server.RaftServerConfigKeys (ConfUtils.java:logGet(43)) - raft.server.log.segment.size.max = 1048576 (custom)
2019-09-11 00:00:46,208 [pool-559-thread-1] INFO  server.RaftServerConfigKeys (ConfUtils.java:logGet(43)) - raft.server.log.write.buffer.size = 33554432 (custom)
2019-09-11 00:00:46,208 [pool-499-thread-1] INFO  server.RaftServerConfigKeys (ConfUtils.java:logGet(43)) - raft.server.snapshot.auto.trigger.enabled = true (custom)
2019-09-11 00:00:46,208 [pool-559-thread-1] INFO  server.RaftServerConfigKeys (ConfUtils.java:logGet(43)) - raft.server.log.force.sync.num = 128 (default)
2019-09-11 00:00:46,208 [pool-519-thread-1] INFO  server.RaftServerConfigKeys (ConfUtils.java:logGet(43)) - raft.server.log.preallocated.size = 16384 (custom)
2019-09-11 00:00:46,208 [pool-559-thread-1] INFO  server.RaftServerConfigKeys (ConfUtils.java:logGet(43)) - raft.server.log.statemachine.data.sync = true (default)
2019-09-11 00:00:46,208 [pool-559-thread-1] INFO  server.RaftServerConfigKeys (ConfUtils.java:logGet(43)) - raft.server.log.statemachine.data.sync.timeout = 10s (default)
2019-09-11 00:00:46,208 [pool-499-thread-1] INFO  server.RaftServerConfigKeys (ConfUtils.java:logGet(43)) - raft.server.snapshot.auto.trigger.threshold = 10000 (custom)
2019-09-11 00:00:46,208 [pool-559-thread-1] INFO  server.RaftServerConfigKeys (ConfUtils.java:logGet(43)) - raft.server.log.statemachine.data.sync.timeout.retry = -1 (default)
2019-09-11 00:00:46,208 [pool-519-thread-1] INFO  server.RaftServerConfigKeys (ConfUtils.java:logGet(43)) - raft.server.log.write.buffer.size = 33554432 (custom)
2019-09-11 00:00:46,209 [pool-559-thread-1] INFO  server.RaftServerConfigKeys (ConfUtils.java:logGet(43)) - raft.server.log.statemachine.data.caching.enabled = true (custom)
2019-09-11 00:00:46,209 [pool-499-thread-1] INFO  server.RaftServerConfigKeys (ConfUtils.java:logGet(43)) - raft.server.retrycache.expirytime = 600000ms (custom)
2019-09-11 00:00:46,209 [pool-559-thread-1] INFO  segmented.SegmentedRaftLogWorker (SegmentedRaftLogWorker.java:lambda$new$0(132)) - bbc2a5fa-cf2b-4b97-a6b6-c2260dff6e77-SegmentedRaftLogWorker:Storage Directory /workdir/hadoop-ozone/integration-test/target/test-dir/MiniOzoneClusterImpl-e22a53fb-91d7-4d35-81b0-6fa6ae710c0c/datanode-6/data/ratis/d2f15af8-242c-4cd8-8960-17be19a598b1: flushIndex: setUnconditionally 0 -> -1
2019-09-11 00:00:46,209 [pool-519-thread-1] INFO  server.RaftServerConfigKeys (ConfUtils.java:logGet(43)) - raft.server.log.force.sync.num = 128 (default)
2019-09-11 00:00:46,209 [pool-499-thread-1] INFO  impl.RaftServerImpl (RaftServerImpl.java:start(180)) - d1866f23-e324-4f00-81e4-aba39189eab3: start group-17BE19A598B1
2019-09-11 00:00:46,209 [pool-559-thread-1] INFO  server.RaftServerConfigKeys (ConfUtils.java:logGet(43)) - raft.server.snapshot.auto.trigger.enabled = true (custom)
2019-09-11 00:00:46,209 [pool-519-thread-1] INFO  server.RaftServerConfigKeys (ConfUtils.java:logGet(43)) - raft.server.log.statemachine.data.sync = true (default)
2019-09-11 00:00:46,209 [pool-559-thread-1] INFO  server.RaftServerConfigKeys (ConfUtils.java:logGet(43)) - raft.server.snapshot.auto.trigger.threshold = 10000 (custom)
2019-09-11 00:00:46,209 [pool-499-thread-1] INFO  impl.RaftServerImpl (RaftServerImpl.java:setRole(171)) - d1866f23-e324-4f00-81e4-aba39189eab3:group-17BE19A598B1 changes role from null to FOLLOWER at term 0 for startAsFollower
2019-09-11 00:00:46,210 [pool-559-thread-1] INFO  server.RaftServerConfigKeys (ConfUtils.java:logGet(43)) - raft.server.retrycache.expirytime = 600000ms (custom)
2019-09-11 00:00:46,210 [pool-519-thread-1] INFO  server.RaftServerConfigKeys (ConfUtils.java:logGet(43)) - raft.server.log.statemachine.data.sync.timeout = 10s (default)
2019-09-11 00:00:46,210 [pool-559-thread-1] INFO  impl.RaftServerImpl (RaftServerImpl.java:start(180)) - bbc2a5fa-cf2b-4b97-a6b6-c2260dff6e77: start group-17BE19A598B1
2019-09-11 00:00:46,210 [pool-499-thread-1] INFO  impl.RoleInfo (RoleInfo.java:updateAndGet(143)) - d1866f23-e324-4f00-81e4-aba39189eab3: start FollowerState
2019-09-11 00:00:46,210 [pool-559-thread-1] INFO  impl.RaftServerImpl (RaftServerImpl.java:setRole(171)) - bbc2a5fa-cf2b-4b97-a6b6-c2260dff6e77:group-17BE19A598B1 changes role from null to FOLLOWER at term 0 for startAsFollower
2019-09-11 00:00:46,210 [pool-519-thread-1] INFO  server.RaftServerConfigKeys (ConfUtils.java:logGet(43)) - raft.server.log.statemachine.data.sync.timeout.retry = -1 (default)
2019-09-11 00:00:46,210 [pool-559-thread-1] INFO  impl.RoleInfo (RoleInfo.java:updateAndGet(143)) - bbc2a5fa-cf2b-4b97-a6b6-c2260dff6e77: start FollowerState
2019-09-11 00:00:46,210 [pool-519-thread-1] INFO  server.RaftServerConfigKeys (ConfUtils.java:logGet(43)) - raft.server.log.statemachine.data.caching.enabled = true (custom)
2019-09-11 00:00:46,210 [pool-499-thread-1] INFO  util.JmxRegister (JmxRegister.java:tryRegister(44)) - Successfully registered JMX Bean with object name Ratis:service=RaftServer,group=group-17BE19A598B1,id=d1866f23-e324-4f00-81e4-aba39189eab3
2019-09-11 00:00:46,211 [pool-559-thread-1] INFO  util.JmxRegister (JmxRegister.java:tryRegister(44)) - Successfully registered JMX Bean with object name Ratis:service=RaftServer,group=group-17BE19A598B1,id=bbc2a5fa-cf2b-4b97-a6b6-c2260dff6e77
2019-09-11 00:00:46,211 [pool-519-thread-1] INFO  segmented.SegmentedRaftLogWorker (SegmentedRaftLogWorker.java:lambda$new$0(132)) - 18b5dca1-5cee-4f4a-a372-b89973203a77-SegmentedRaftLogWorker:Storage Directory /workdir/hadoop-ozone/integration-test/target/test-dir/MiniOzoneClusterImpl-e22a53fb-91d7-4d35-81b0-6fa6ae710c0c/datanode-2/data/ratis/d2f15af8-242c-4cd8-8960-17be19a598b1: flushIndex: setUnconditionally 0 -> -1
2019-09-11 00:00:46,211 [pool-519-thread-1] INFO  server.RaftServerConfigKeys (ConfUtils.java:logGet(43)) - raft.server.snapshot.auto.trigger.enabled = true (custom)
2019-09-11 00:00:46,211 [pool-519-thread-1] INFO  server.RaftServerConfigKeys (ConfUtils.java:logGet(43)) - raft.server.snapshot.auto.trigger.threshold = 10000 (custom)
2019-09-11 00:00:46,212 [pool-519-thread-1] INFO  server.RaftServerConfigKeys (ConfUtils.java:logGet(43)) - raft.server.retrycache.expirytime = 600000ms (custom)
2019-09-11 00:00:46,212 [pool-519-thread-1] INFO  impl.RaftServerImpl (RaftServerImpl.java:start(180)) - 18b5dca1-5cee-4f4a-a372-b89973203a77: start group-17BE19A598B1
2019-09-11 00:00:46,212 [pool-519-thread-1] INFO  impl.RaftServerImpl (RaftServerImpl.java:setRole(171)) - 18b5dca1-5cee-4f4a-a372-b89973203a77:group-17BE19A598B1 changes role from null to FOLLOWER at term 0 for startAsFollower
2019-09-11 00:00:46,212 [pool-519-thread-1] INFO  impl.RoleInfo (RoleInfo.java:updateAndGet(143)) - 18b5dca1-5cee-4f4a-a372-b89973203a77: start FollowerState
2019-09-11 00:00:46,212 [pool-519-thread-1] INFO  util.JmxRegister (JmxRegister.java:tryRegister(44)) - Successfully registered JMX Bean with object name Ratis:service=RaftServer,group=group-17BE19A598B1,id=18b5dca1-5cee-4f4a-a372-b89973203a77
2019-09-11 00:00:46,214 [RatisPipelineUtilsThread] INFO  pipeline.PipelineStateManager (PipelineStateManager.java:addPipeline(56)) - Created pipeline Pipeline[ Id: d2f15af8-242c-4cd8-8960-17be19a598b1, Nodes: d1866f23-e324-4f00-81e4-aba39189eab3{ip: 192.168.36.99, host: pr-hdds-2007-n2glh-1307100181, networkLocation: /default-rack, certSerialId: null}18b5dca1-5cee-4f4a-a372-b89973203a77{ip: 192.168.36.99, host: pr-hdds-2007-n2glh-1307100181, networkLocation: /default-rack, certSerialId: null}bbc2a5fa-cf2b-4b97-a6b6-c2260dff6e77{ip: 192.168.36.99, host: pr-hdds-2007-n2glh-1307100181, networkLocation: /default-rack, certSerialId: null}, Type:RATIS, Factor:THREE, State:OPEN]
2019-09-11 00:00:46,232 [grpc-default-executor-5] INFO  client.GrpcClientProtocolClient (GrpcClientProtocolClient.java:onNext(255)) - client-C0043CEF3BBA->e664e961-aac9-42bf-bdf1-066f5156a4eb: receive RaftClientReply:client-C0043CEF3BBA->e664e961-aac9-42bf-bdf1-066f5156a4eb@group-BA09F1E85783, cid=208, FAILED org.apache.ratis.protocol.NotLeaderException: Server e664e961-aac9-42bf-bdf1-066f5156a4eb is not the leader (null). Request must be sent to leader., logIndex=0, commits[e664e961-aac9-42bf-bdf1-066f5156a4eb:c-1]
2019-09-11 00:00:47,246 [grpc-default-executor-1] INFO  client.GrpcClientProtocolClient (GrpcClientProtocolClient.java:onNext(255)) - client-C0043CEF3BBA->8134e7f4-1e90-4318-ba5f-921a50abbefc: receive RaftClientReply:client-C0043CEF3BBA->8134e7f4-1e90-4318-ba5f-921a50abbefc@group-BA09F1E85783, cid=208, FAILED org.apache.ratis.protocol.NotLeaderException: Server 8134e7f4-1e90-4318-ba5f-921a50abbefc is not the leader (null). Request must be sent to leader., logIndex=0, commits[8134e7f4-1e90-4318-ba5f-921a50abbefc:c-1]
2019-09-11 00:00:48,259 [grpc-default-executor-3] INFO  client.GrpcClientProtocolClient (GrpcClientProtocolClient.java:onNext(255)) - client-C0043CEF3BBA->e664e961-aac9-42bf-bdf1-066f5156a4eb: receive RaftClientReply:client-C0043CEF3BBA->e664e961-aac9-42bf-bdf1-066f5156a4eb@group-BA09F1E85783, cid=208, FAILED org.apache.ratis.protocol.NotLeaderException: Server e664e961-aac9-42bf-bdf1-066f5156a4eb is not the leader (null). Request must be sent to leader., logIndex=0, commits[e664e961-aac9-42bf-bdf1-066f5156a4eb:c-1]
2019-09-11 00:00:48,477 [Thread-4117] INFO  container.ReplicationManager (ReplicationManager.java:start(162)) - Starting Replication Monitor Thread.
2019-09-11 00:00:48,482 [ReplicationMonitor] INFO  container.ReplicationManager (ReplicationManager.java:run(225)) - Replication Monitor Thread took 0 milliseconds for processing 1 containers.
2019-09-11 00:00:49,271 [grpc-default-executor-1] INFO  client.GrpcClientProtocolClient (GrpcClientProtocolClient.java:onNext(255)) - client-C0043CEF3BBA->c0862f5c-5826-4b92-adfa-20dd0620b5c2: receive RaftClientReply:client-C0043CEF3BBA->c0862f5c-5826-4b92-adfa-20dd0620b5c2@group-BA09F1E85783, cid=208, FAILED org.apache.ratis.protocol.NotLeaderException: Server c0862f5c-5826-4b92-adfa-20dd0620b5c2 is not the leader (null). Request must be sent to leader., logIndex=0, commits[c0862f5c-5826-4b92-adfa-20dd0620b5c2:c-1]
2019-09-11 00:00:50,281 [grpc-default-executor-1] INFO  client.GrpcClientProtocolClient (GrpcClientProtocolClient.java:onNext(255)) - client-C0043CEF3BBA->8134e7f4-1e90-4318-ba5f-921a50abbefc: receive RaftClientReply:client-C0043CEF3BBA->8134e7f4-1e90-4318-ba5f-921a50abbefc@group-BA09F1E85783, cid=208, FAILED org.apache.ratis.protocol.NotLeaderException: Server 8134e7f4-1e90-4318-ba5f-921a50abbefc is not the leader (null). Request must be sent to leader., logIndex=0, commits[8134e7f4-1e90-4318-ba5f-921a50abbefc:c-1]
2019-09-11 00:00:50,623 [Thread-4119] INFO  impl.FollowerState (FollowerState.java:run(106)) - d1866f23-e324-4f00-81e4-aba39189eab3:group-0B37042E30B8 changes to CANDIDATE, lastRpcTime:5065, electionTimeout:5060ms
2019-09-11 00:00:50,623 [Thread-4119] INFO  impl.RoleInfo (RoleInfo.java:shutdownFollowerState(121)) - d1866f23-e324-4f00-81e4-aba39189eab3: shutdown FollowerState
2019-09-11 00:00:50,623 [Thread-4119] INFO  impl.RaftServerImpl (RaftServerImpl.java:setRole(171)) - d1866f23-e324-4f00-81e4-aba39189eab3:group-0B37042E30B8 changes role from FOLLOWER to CANDIDATE at term 0 for changeToCandidate
2019-09-11 00:00:50,624 [Thread-4119] INFO  impl.RoleInfo (RoleInfo.java:updateAndGet(143)) - d1866f23-e324-4f00-81e4-aba39189eab3: start LeaderElection
2019-09-11 00:00:50,659 [d1866f23-e324-4f00-81e4-aba39189eab3:group-0B37042E30B8:LeaderElection92] INFO  impl.LeaderElection (LeaderElection.java:askForVotes(181)) - d1866f23-e324-4f00-81e4-aba39189eab3:group-0B37042E30B8:LeaderElection92: begin an election at term 1 for -1: [d1866f23-e324-4f00-81e4-aba39189eab3:192.168.36.99:40086], old=null
2019-09-11 00:00:50,659 [d1866f23-e324-4f00-81e4-aba39189eab3:group-0B37042E30B8:LeaderElection92] INFO  impl.RoleInfo (RoleInfo.java:shutdownLeaderElection(134)) - d1866f23-e324-4f00-81e4-aba39189eab3: shutdown LeaderElection
2019-09-11 00:00:50,659 [d1866f23-e324-4f00-81e4-aba39189eab3:group-0B37042E30B8:LeaderElection92] INFO  impl.RaftServerImpl (RaftServerImpl.java:setRole(171)) - d1866f23-e324-4f00-81e4-aba39189eab3:group-0B37042E30B8 changes role from CANDIDATE to LEADER at term 1 for changeToLeader
2019-09-11 00:00:50,660 [d1866f23-e324-4f00-81e4-aba39189eab3:group-0B37042E30B8:LeaderElection92] INFO  impl.RaftServerImpl (ServerState.java:setLeader(263)) - d1866f23-e324-4f00-81e4-aba39189eab3:group-0B37042E30B8 change Leader from null to d1866f23-e324-4f00-81e4-aba39189eab3 at term 1 for becomeLeader, leader elected after 5107ms
2019-09-11 00:00:50,660 [d1866f23-e324-4f00-81e4-aba39189eab3:group-0B37042E30B8:LeaderElection92] INFO  server.RaftServerConfigKeys (ConfUtils.java:logGet(43)) - raft.server.staging.catchup.gap = 1000 (default)
2019-09-11 00:00:50,660 [d1866f23-e324-4f00-81e4-aba39189eab3:group-0B37042E30B8:LeaderElection92] INFO  server.RaftServerConfigKeys (ConfUtils.java:logGet(43)) - raft.server.rpc.sleep.time = 25ms (default)
2019-09-11 00:00:50,660 [d1866f23-e324-4f00-81e4-aba39189eab3:group-0B37042E30B8:LeaderElection92] INFO  server.RaftServerConfigKeys (ConfUtils.java:logGet(43)) - raft.server.write.element-limit = 4096 (default)
2019-09-11 00:00:50,661 [d1866f23-e324-4f00-81e4-aba39189eab3:group-0B37042E30B8:LeaderElection92] INFO  server.RaftServerConfigKeys (ConfUtils.java:logGet(43)) - raft.server.watch.timeout = 10s (default)
2019-09-11 00:00:50,661 [d1866f23-e324-4f00-81e4-aba39189eab3:group-0B37042E30B8:LeaderElection92] INFO  server.RaftServerConfigKeys (ConfUtils.java:logGet(43)) - raft.server.watch.timeout.denomination = 1s (default)
2019-09-11 00:00:50,661 [d1866f23-e324-4f00-81e4-aba39189eab3:group-0B37042E30B8:LeaderElection92] INFO  server.RaftServerConfigKeys (ConfUtils.java:logGet(43)) - raft.server.watch.element-limit = 65536 (default)
2019-09-11 00:00:50,662 [d1866f23-e324-4f00-81e4-aba39189eab3:group-0B37042E30B8:LeaderElection92] INFO  impl.RoleInfo (RoleInfo.java:updateAndGet(143)) - d1866f23-e324-4f00-81e4-aba39189eab3: start LeaderState
2019-09-11 00:00:50,662 [d1866f23-e324-4f00-81e4-aba39189eab3:group-0B37042E30B8:LeaderElection92] INFO  segmented.SegmentedRaftLogWorker (SegmentedRaftLogWorker.java:startLogSegment(380)) - d1866f23-e324-4f00-81e4-aba39189eab3-SegmentedRaftLogWorker:Storage Directory /workdir/hadoop-ozone/integration-test/target/test-dir/MiniOzoneClusterImpl-e22a53fb-91d7-4d35-81b0-6fa6ae710c0c/datanode-0/data/ratis/6a1bed3a-83e9-47cf-98a2-0b37042e30b8: Starting segment from index:0
2019-09-11 00:00:50,663 [d1866f23-e324-4f00-81e4-aba39189eab3:group-0B37042E30B8:LeaderElection92] INFO  impl.RaftServerImpl (ServerState.java:setRaftConf(361)) - d1866f23-e324-4f00-81e4-aba39189eab3:group-0B37042E30B8 set configuration 0: [d1866f23-e324-4f00-81e4-aba39189eab3:192.168.36.99:40086], old=null at 0
2019-09-11 00:00:50,676 [Thread-4122] INFO  impl.FollowerState (FollowerState.java:run(106)) - 300fc559-675d-4e55-b6b8-a1f8acab2d78:group-096A06B4A757 changes to CANDIDATE, lastRpcTime:5065, electionTimeout:5065ms
2019-09-11 00:00:50,676 [Thread-4122] INFO  impl.RoleInfo (RoleInfo.java:shutdownFollowerState(121)) - 300fc559-675d-4e55-b6b8-a1f8acab2d78: shutdown FollowerState
2019-09-11 00:00:50,676 [Thread-4122] INFO  impl.RaftServerImpl (RaftServerImpl.java:setRole(171)) - 300fc559-675d-4e55-b6b8-a1f8acab2d78:group-096A06B4A757 changes role from FOLLOWER to CANDIDATE at term 0 for changeToCandidate
2019-09-11 00:00:50,677 [Thread-4122] INFO  impl.RoleInfo (RoleInfo.java:updateAndGet(143)) - 300fc559-675d-4e55-b6b8-a1f8acab2d78: start LeaderElection
2019-09-11 00:00:50,733 [d1866f23-e324-4f00-81e4-aba39189eab3-SegmentedRaftLogWorker:Storage Directory /workdir/hadoop-ozone/integration-test/target/test-dir/MiniOzoneClusterImpl-e22a53fb-91d7-4d35-81b0-6fa6ae710c0c/datanode-0/data/ratis/6a1bed3a-83e9-47cf-98a2-0b37042e30b8] INFO  segmented.SegmentedRaftLogWorker (SegmentedRaftLogWorker.java:execute(569)) - d1866f23-e324-4f00-81e4-aba39189eab3-SegmentedRaftLogWorker:Storage Directory /workdir/hadoop-ozone/integration-test/target/test-dir/MiniOzoneClusterImpl-e22a53fb-91d7-4d35-81b0-6fa6ae710c0c/datanode-0/data/ratis/6a1bed3a-83e9-47cf-98a2-0b37042e30b8: created new log segment /workdir/hadoop-ozone/integration-test/target/test-dir/MiniOzoneClusterImpl-e22a53fb-91d7-4d35-81b0-6fa6ae710c0c/datanode-0/data/ratis/6a1bed3a-83e9-47cf-98a2-0b37042e30b8/current/log_inprogress_0
2019-09-11 00:00:50,733 [300fc559-675d-4e55-b6b8-a1f8acab2d78:group-096A06B4A757:LeaderElection93] INFO  impl.LeaderElection (LeaderElection.java:askForVotes(181)) - 300fc559-675d-4e55-b6b8-a1f8acab2d78:group-096A06B4A757:LeaderElection93: begin an election at term 1 for -1: [300fc559-675d-4e55-b6b8-a1f8acab2d78:192.168.36.99:37903], old=null
2019-09-11 00:00:50,733 [300fc559-675d-4e55-b6b8-a1f8acab2d78:group-096A06B4A757:LeaderElection93] INFO  impl.RoleInfo (RoleInfo.java:shutdownLeaderElection(134)) - 300fc559-675d-4e55-b6b8-a1f8acab2d78: shutdown LeaderElection
2019-09-11 00:00:50,733 [300fc559-675d-4e55-b6b8-a1f8acab2d78:group-096A06B4A757:LeaderElection93] INFO  impl.RaftServerImpl (RaftServerImpl.java:setRole(171)) - 300fc559-675d-4e55-b6b8-a1f8acab2d78:group-096A06B4A757 changes role from CANDIDATE to LEADER at term 1 for changeToLeader
2019-09-11 00:00:50,733 [300fc559-675d-4e55-b6b8-a1f8acab2d78:group-096A06B4A757:LeaderElection93] INFO  impl.RaftServerImpl (ServerState.java:setLeader(263)) - 300fc559-675d-4e55-b6b8-a1f8acab2d78:group-096A06B4A757 change Leader from null to 300fc559-675d-4e55-b6b8-a1f8acab2d78 at term 1 for becomeLeader, leader elected after 5125ms
2019-09-11 00:00:50,733 [300fc559-675d-4e55-b6b8-a1f8acab2d78:group-096A06B4A757:LeaderElection93] INFO  server.RaftServerConfigKeys (ConfUtils.java:logGet(43)) - raft.server.staging.catchup.gap = 1000 (default)
2019-09-11 00:00:50,734 [300fc559-675d-4e55-b6b8-a1f8acab2d78:group-096A06B4A757:LeaderElection93] INFO  server.RaftServerConfigKeys (ConfUtils.java:logGet(43)) - raft.server.rpc.sleep.time = 25ms (default)
2019-09-11 00:00:50,734 [300fc559-675d-4e55-b6b8-a1f8acab2d78:group-096A06B4A757:LeaderElection93] INFO  server.RaftServerConfigKeys (ConfUtils.java:logGet(43)) - raft.server.write.element-limit = 4096 (default)
2019-09-11 00:00:50,734 [300fc559-675d-4e55-b6b8-a1f8acab2d78:group-096A06B4A757:LeaderElection93] INFO  server.RaftServerConfigKeys (ConfUtils.java:logGet(43)) - raft.server.watch.timeout = 10s (default)
2019-09-11 00:00:50,734 [300fc559-675d-4e55-b6b8-a1f8acab2d78:group-096A06B4A757:LeaderElection93] INFO  server.RaftServerConfigKeys (ConfUtils.java:logGet(43)) - raft.server.watch.timeout.denomination = 1s (default)
2019-09-11 00:00:50,734 [300fc559-675d-4e55-b6b8-a1f8acab2d78:group-096A06B4A757:LeaderElection93] INFO  server.RaftServerConfigKeys (ConfUtils.java:logGet(43)) - raft.server.watch.element-limit = 65536 (default)
2019-09-11 00:00:50,734 [300fc559-675d-4e55-b6b8-a1f8acab2d78:group-096A06B4A757:LeaderElection93] INFO  impl.RoleInfo (RoleInfo.java:updateAndGet(143)) - 300fc559-675d-4e55-b6b8-a1f8acab2d78: start LeaderState
2019-09-11 00:00:50,735 [300fc559-675d-4e55-b6b8-a1f8acab2d78:group-096A06B4A757:LeaderElection93] INFO  segmented.SegmentedRaftLogWorker (SegmentedRaftLogWorker.java:startLogSegment(380)) - 300fc559-675d-4e55-b6b8-a1f8acab2d78-SegmentedRaftLogWorker:Storage Directory /workdir/hadoop-ozone/integration-test/target/test-dir/MiniOzoneClusterImpl-e22a53fb-91d7-4d35-81b0-6fa6ae710c0c/datanode-1/data/ratis/711efb60-a86d-460b-bb8d-096a06b4a757: Starting segment from index:0
2019-09-11 00:00:50,735 [300fc559-675d-4e55-b6b8-a1f8acab2d78:group-096A06B4A757:LeaderElection93] INFO  impl.RaftServerImpl (ServerState.java:setRaftConf(361)) - 300fc559-675d-4e55-b6b8-a1f8acab2d78:group-096A06B4A757 set configuration 0: [300fc559-675d-4e55-b6b8-a1f8acab2d78:192.168.36.99:37903], old=null at 0
2019-09-11 00:00:50,794 [300fc559-675d-4e55-b6b8-a1f8acab2d78-SegmentedRaftLogWorker:Storage Directory /workdir/hadoop-ozone/integration-test/target/test-dir/MiniOzoneClusterImpl-e22a53fb-91d7-4d35-81b0-6fa6ae710c0c/datanode-1/data/ratis/711efb60-a86d-460b-bb8d-096a06b4a757] INFO  segmented.SegmentedRaftLogWorker (SegmentedRaftLogWorker.java:execute(569)) - 300fc559-675d-4e55-b6b8-a1f8acab2d78-SegmentedRaftLogWorker:Storage Directory /workdir/hadoop-ozone/integration-test/target/test-dir/MiniOzoneClusterImpl-e22a53fb-91d7-4d35-81b0-6fa6ae710c0c/datanode-1/data/ratis/711efb60-a86d-460b-bb8d-096a06b4a757: created new log segment /workdir/hadoop-ozone/integration-test/target/test-dir/MiniOzoneClusterImpl-e22a53fb-91d7-4d35-81b0-6fa6ae710c0c/datanode-1/data/ratis/711efb60-a86d-460b-bb8d-096a06b4a757/current/log_inprogress_0
2019-09-11 00:00:50,880 [Thread-4126] INFO  impl.FollowerState (FollowerState.java:run(106)) - e664e961-aac9-42bf-bdf1-066f5156a4eb:group-89D755F7760C changes to CANDIDATE, lastRpcTime:5012, electionTimeout:5012ms
2019-09-11 00:00:50,881 [Thread-4126] INFO  impl.RoleInfo (RoleInfo.java:shutdownFollowerState(121)) - e664e961-aac9-42bf-bdf1-066f5156a4eb: shutdown FollowerState
2019-09-11 00:00:50,881 [Thread-4126] INFO  impl.RaftServerImpl (RaftServerImpl.java:setRole(171)) - e664e961-aac9-42bf-bdf1-066f5156a4eb:group-89D755F7760C changes role from FOLLOWER to CANDIDATE at term 0 for changeToCandidate
2019-09-11 00:00:50,881 [Thread-4126] INFO  impl.RoleInfo (RoleInfo.java:updateAndGet(143)) - e664e961-aac9-42bf-bdf1-066f5156a4eb: start LeaderElection
2019-09-11 00:00:50,915 [e664e961-aac9-42bf-bdf1-066f5156a4eb:group-89D755F7760C:LeaderElection94] INFO  impl.LeaderElection (LeaderElection.java:askForVotes(181)) - e664e961-aac9-42bf-bdf1-066f5156a4eb:group-89D755F7760C:LeaderElection94: begin an election at term 1 for -1: [e664e961-aac9-42bf-bdf1-066f5156a4eb:192.168.36.99:35473], old=null
2019-09-11 00:00:50,915 [e664e961-aac9-42bf-bdf1-066f5156a4eb:group-89D755F7760C:LeaderElection94] INFO  impl.RoleInfo (RoleInfo.java:shutdownLeaderElection(134)) - e664e961-aac9-42bf-bdf1-066f5156a4eb: shutdown LeaderElection
2019-09-11 00:00:50,915 [e664e961-aac9-42bf-bdf1-066f5156a4eb:group-89D755F7760C:LeaderElection94] INFO  impl.RaftServerImpl (RaftServerImpl.java:setRole(171)) - e664e961-aac9-42bf-bdf1-066f5156a4eb:group-89D755F7760C changes role from CANDIDATE to LEADER at term 1 for changeToLeader
2019-09-11 00:00:50,916 [e664e961-aac9-42bf-bdf1-066f5156a4eb:group-89D755F7760C:LeaderElection94] INFO  impl.RaftServerImpl (ServerState.java:setLeader(263)) - e664e961-aac9-42bf-bdf1-066f5156a4eb:group-89D755F7760C change Leader from null to e664e961-aac9-42bf-bdf1-066f5156a4eb at term 1 for becomeLeader, leader elected after 5053ms
2019-09-11 00:00:50,916 [e664e961-aac9-42bf-bdf1-066f5156a4eb:group-89D755F7760C:LeaderElection94] INFO  server.RaftServerConfigKeys (ConfUtils.java:logGet(43)) - raft.server.staging.catchup.gap = 1000 (default)
2019-09-11 00:00:50,916 [e664e961-aac9-42bf-bdf1-066f5156a4eb:group-89D755F7760C:LeaderElection94] INFO  server.RaftServerConfigKeys (ConfUtils.java:logGet(43)) - raft.server.rpc.sleep.time = 25ms (default)
2019-09-11 00:00:50,916 [e664e961-aac9-42bf-bdf1-066f5156a4eb:group-89D755F7760C:LeaderElection94] INFO  server.RaftServerConfigKeys (ConfUtils.java:logGet(43)) - raft.server.write.element-limit = 4096 (default)
2019-09-11 00:00:50,916 [e664e961-aac9-42bf-bdf1-066f5156a4eb:group-89D755F7760C:LeaderElection94] INFO  server.RaftServerConfigKeys (ConfUtils.java:logGet(43)) - raft.server.watch.timeout = 10s (default)
2019-09-11 00:00:50,916 [e664e961-aac9-42bf-bdf1-066f5156a4eb:group-89D755F7760C:LeaderElection94] INFO  server.RaftServerConfigKeys (ConfUtils.java:logGet(43)) - raft.server.watch.timeout.denomination = 1s (default)
2019-09-11 00:00:50,917 [e664e961-aac9-42bf-bdf1-066f5156a4eb:group-89D755F7760C:LeaderElection94] INFO  server.RaftServerConfigKeys (ConfUtils.java:logGet(43)) - raft.server.watch.element-limit = 65536 (default)
2019-09-11 00:00:50,917 [e664e961-aac9-42bf-bdf1-066f5156a4eb:group-89D755F7760C:LeaderElection94] INFO  impl.RoleInfo (RoleInfo.java:updateAndGet(143)) - e664e961-aac9-42bf-bdf1-066f5156a4eb: start LeaderState
2019-09-11 00:00:50,917 [e664e961-aac9-42bf-bdf1-066f5156a4eb:group-89D755F7760C:LeaderElection94] INFO  segmented.SegmentedRaftLogWorker (SegmentedRaftLogWorker.java:startLogSegment(380)) - e664e961-aac9-42bf-bdf1-066f5156a4eb-SegmentedRaftLogWorker:Storage Directory /workdir/hadoop-ozone/integration-test/target/test-dir/MiniOzoneClusterImpl-e22a53fb-91d7-4d35-81b0-6fa6ae710c0c/datanode-4/data/ratis/84b8e3df-0956-41a2-870c-89d755f7760c: Starting segment from index:0
2019-09-11 00:00:50,918 [e664e961-aac9-42bf-bdf1-066f5156a4eb:group-89D755F7760C:LeaderElection94] INFO  impl.RaftServerImpl (ServerState.java:setRaftConf(361)) - e664e961-aac9-42bf-bdf1-066f5156a4eb:group-89D755F7760C set configuration 0: [e664e961-aac9-42bf-bdf1-066f5156a4eb:192.168.36.99:35473], old=null at 0
2019-09-11 00:00:50,967 [e664e961-aac9-42bf-bdf1-066f5156a4eb-SegmentedRaftLogWorker:Storage Directory /workdir/hadoop-ozone/integration-test/target/test-dir/MiniOzoneClusterImpl-e22a53fb-91d7-4d35-81b0-6fa6ae710c0c/datanode-4/data/ratis/84b8e3df-0956-41a2-870c-89d755f7760c] INFO  segmented.SegmentedRaftLogWorker (SegmentedRaftLogWorker.java:execute(569)) - e664e961-aac9-42bf-bdf1-066f5156a4eb-SegmentedRaftLogWorker:Storage Directory /workdir/hadoop-ozone/integration-test/target/test-dir/MiniOzoneClusterImpl-e22a53fb-91d7-4d35-81b0-6fa6ae710c0c/datanode-4/data/ratis/84b8e3df-0956-41a2-870c-89d755f7760c: created new log segment /workdir/hadoop-ozone/integration-test/target/test-dir/MiniOzoneClusterImpl-e22a53fb-91d7-4d35-81b0-6fa6ae710c0c/datanode-4/data/ratis/84b8e3df-0956-41a2-870c-89d755f7760c/current/log_inprogress_0
2019-09-11 00:00:51,028 [Thread-4132] INFO  impl.FollowerState (FollowerState.java:run(106)) - c0862f5c-5826-4b92-adfa-20dd0620b5c2:group-C63E1F4E448D changes to CANDIDATE, lastRpcTime:5072, electionTimeout:5072ms
2019-09-11 00:00:51,028 [Thread-4132] INFO  impl.RoleInfo (RoleInfo.java:shutdownFollowerState(121)) - c0862f5c-5826-4b92-adfa-20dd0620b5c2: shutdown FollowerState
2019-09-11 00:00:51,028 [Thread-4132] INFO  impl.RaftServerImpl (RaftServerImpl.java:setRole(171)) - c0862f5c-5826-4b92-adfa-20dd0620b5c2:group-C63E1F4E448D changes role from FOLLOWER to CANDIDATE at term 0 for changeToCandidate
2019-09-11 00:00:51,028 [Thread-4132] INFO  impl.RoleInfo (RoleInfo.java:updateAndGet(143)) - c0862f5c-5826-4b92-adfa-20dd0620b5c2: start LeaderElection
2019-09-11 00:00:51,033 [Thread-4129] INFO  impl.FollowerState (FollowerState.java:run(106)) - 8134e7f4-1e90-4318-ba5f-921a50abbefc:group-091C0F206372 changes to CANDIDATE, lastRpcTime:5113, electionTimeout:5112ms
2019-09-11 00:00:51,035 [Thread-4129] INFO  impl.RoleInfo (RoleInfo.java:shutdownFollowerState(121)) - 8134e7f4-1e90-4318-ba5f-921a50abbefc: shutdown FollowerState
2019-09-11 00:00:51,035 [Thread-4129] INFO  impl.RaftServerImpl (RaftServerImpl.java:setRole(171)) - 8134e7f4-1e90-4318-ba5f-921a50abbefc:group-091C0F206372 changes role from FOLLOWER to CANDIDATE at term 0 for changeToCandidate
2019-09-11 00:00:51,035 [Thread-4129] INFO  impl.RoleInfo (RoleInfo.java:updateAndGet(143)) - 8134e7f4-1e90-4318-ba5f-921a50abbefc: start LeaderElection
2019-09-11 00:00:51,086 [8134e7f4-1e90-4318-ba5f-921a50abbefc:group-091C0F206372:LeaderElection96] INFO  impl.LeaderElection (LeaderElection.java:askForVotes(181)) - 8134e7f4-1e90-4318-ba5f-921a50abbefc:group-091C0F206372:LeaderElection96: begin an election at term 1 for -1: [8134e7f4-1e90-4318-ba5f-921a50abbefc:192.168.36.99:39977], old=null
2019-09-11 00:00:51,086 [c0862f5c-5826-4b92-adfa-20dd0620b5c2:group-C63E1F4E448D:LeaderElection95] INFO  impl.LeaderElection (LeaderElection.java:askForVotes(181)) - c0862f5c-5826-4b92-adfa-20dd0620b5c2:group-C63E1F4E448D:LeaderElection95: begin an election at term 1 for -1: [c0862f5c-5826-4b92-adfa-20dd0620b5c2:192.168.36.99:37443], old=null
2019-09-11 00:00:51,086 [c0862f5c-5826-4b92-adfa-20dd0620b5c2:group-C63E1F4E448D:LeaderElection95] INFO  impl.RoleInfo (RoleInfo.java:shutdownLeaderElection(134)) - c0862f5c-5826-4b92-adfa-20dd0620b5c2: shutdown LeaderElection
2019-09-11 00:00:51,086 [c0862f5c-5826-4b92-adfa-20dd0620b5c2:group-C63E1F4E448D:LeaderElection95] INFO  impl.RaftServerImpl (RaftServerImpl.java:setRole(171)) - c0862f5c-5826-4b92-adfa-20dd0620b5c2:group-C63E1F4E448D changes role from CANDIDATE to LEADER at term 1 for changeToLeader
2019-09-11 00:00:51,087 [c0862f5c-5826-4b92-adfa-20dd0620b5c2:group-C63E1F4E448D:LeaderElection95] INFO  impl.RaftServerImpl (ServerState.java:setLeader(263)) - c0862f5c-5826-4b92-adfa-20dd0620b5c2:group-C63E1F4E448D change Leader from null to c0862f5c-5826-4b92-adfa-20dd0620b5c2 at term 1 for becomeLeader, leader elected after 5133ms
2019-09-11 00:00:51,087 [c0862f5c-5826-4b92-adfa-20dd0620b5c2:group-C63E1F4E448D:LeaderElection95] INFO  server.RaftServerConfigKeys (ConfUtils.java:logGet(43)) - raft.server.staging.catchup.gap = 1000 (default)
2019-09-11 00:00:51,087 [c0862f5c-5826-4b92-adfa-20dd0620b5c2:group-C63E1F4E448D:LeaderElection95] INFO  server.RaftServerConfigKeys (ConfUtils.java:logGet(43)) - raft.server.rpc.sleep.time = 25ms (default)
2019-09-11 00:00:51,087 [c0862f5c-5826-4b92-adfa-20dd0620b5c2:group-C63E1F4E448D:LeaderElection95] INFO  server.RaftServerConfigKeys (ConfUtils.java:logGet(43)) - raft.server.write.element-limit = 4096 (default)
2019-09-11 00:00:51,087 [c0862f5c-5826-4b92-adfa-20dd0620b5c2:group-C63E1F4E448D:LeaderElection95] INFO  server.RaftServerConfigKeys (ConfUtils.java:logGet(43)) - raft.server.watch.timeout = 10s (default)
2019-09-11 00:00:51,088 [c0862f5c-5826-4b92-adfa-20dd0620b5c2:group-C63E1F4E448D:LeaderElection95] INFO  server.RaftServerConfigKeys (ConfUtils.java:logGet(43)) - raft.server.watch.timeout.denomination = 1s (default)
2019-09-11 00:00:51,088 [c0862f5c-5826-4b92-adfa-20dd0620b5c2:group-C63E1F4E448D:LeaderElection95] INFO  server.RaftServerConfigKeys (ConfUtils.java:logGet(43)) - raft.server.watch.element-limit = 65536 (default)
2019-09-11 00:00:51,088 [c0862f5c-5826-4b92-adfa-20dd0620b5c2:group-C63E1F4E448D:LeaderElection95] INFO  impl.RoleInfo (RoleInfo.java:updateAndGet(143)) - c0862f5c-5826-4b92-adfa-20dd0620b5c2: start LeaderState
2019-09-11 00:00:51,088 [c0862f5c-5826-4b92-adfa-20dd0620b5c2:group-C63E1F4E448D:LeaderElection95] INFO  segmented.SegmentedRaftLogWorker (SegmentedRaftLogWorker.java:startLogSegment(380)) - c0862f5c-5826-4b92-adfa-20dd0620b5c2-SegmentedRaftLogWorker:Storage Directory /workdir/hadoop-ozone/integration-test/target/test-dir/MiniOzoneClusterImpl-e22a53fb-91d7-4d35-81b0-6fa6ae710c0c/datanode-5/data/ratis/c36b77e4-43d6-4ac7-a471-c63e1f4e448d: Starting segment from index:0
2019-09-11 00:00:51,086 [8134e7f4-1e90-4318-ba5f-921a50abbefc:group-091C0F206372:LeaderElection96] INFO  impl.RoleInfo (RoleInfo.java:shutdownLeaderElection(134)) - 8134e7f4-1e90-4318-ba5f-921a50abbefc: shutdown LeaderElection
2019-09-11 00:00:51,089 [8134e7f4-1e90-4318-ba5f-921a50abbefc:group-091C0F206372:LeaderElection96] INFO  impl.RaftServerImpl (RaftServerImpl.java:setRole(171)) - 8134e7f4-1e90-4318-ba5f-921a50abbefc:group-091C0F206372 changes role from CANDIDATE to LEADER at term 1 for changeToLeader
2019-09-11 00:00:51,089 [c0862f5c-5826-4b92-adfa-20dd0620b5c2:group-C63E1F4E448D:LeaderElection95] INFO  impl.RaftServerImpl (ServerState.java:setRaftConf(361)) - c0862f5c-5826-4b92-adfa-20dd0620b5c2:group-C63E1F4E448D set configuration 0: [c0862f5c-5826-4b92-adfa-20dd0620b5c2:192.168.36.99:37443], old=null at 0
2019-09-11 00:00:51,089 [8134e7f4-1e90-4318-ba5f-921a50abbefc:group-091C0F206372:LeaderElection96] INFO  impl.RaftServerImpl (ServerState.java:setLeader(263)) - 8134e7f4-1e90-4318-ba5f-921a50abbefc:group-091C0F206372 change Leader from null to 8134e7f4-1e90-4318-ba5f-921a50abbefc at term 1 for becomeLeader, leader elected after 5173ms
2019-09-11 00:00:51,090 [8134e7f4-1e90-4318-ba5f-921a50abbefc:group-091C0F206372:LeaderElection96] INFO  server.RaftServerConfigKeys (ConfUtils.java:logGet(43)) - raft.server.staging.catchup.gap = 1000 (default)
2019-09-11 00:00:51,090 [8134e7f4-1e90-4318-ba5f-921a50abbefc:group-091C0F206372:LeaderElection96] INFO  server.RaftServerConfigKeys (ConfUtils.java:logGet(43)) - raft.server.rpc.sleep.time = 25ms (default)
2019-09-11 00:00:51,090 [8134e7f4-1e90-4318-ba5f-921a50abbefc:group-091C0F206372:LeaderElection96] INFO  server.RaftServerConfigKeys (ConfUtils.java:logGet(43)) - raft.server.write.element-limit = 4096 (default)
2019-09-11 00:00:51,091 [8134e7f4-1e90-4318-ba5f-921a50abbefc:group-091C0F206372:LeaderElection96] INFO  server.RaftServerConfigKeys (ConfUtils.java:logGet(43)) - raft.server.watch.timeout = 10s (default)
2019-09-11 00:00:51,091 [8134e7f4-1e90-4318-ba5f-921a50abbefc:group-091C0F206372:LeaderElection96] INFO  server.RaftServerConfigKeys (ConfUtils.java:logGet(43)) - raft.server.watch.timeout.denomination = 1s (default)
2019-09-11 00:00:51,091 [8134e7f4-1e90-4318-ba5f-921a50abbefc:group-091C0F206372:LeaderElection96] INFO  server.RaftServerConfigKeys (ConfUtils.java:logGet(43)) - raft.server.watch.element-limit = 65536 (default)
2019-09-11 00:00:51,092 [8134e7f4-1e90-4318-ba5f-921a50abbefc:group-091C0F206372:LeaderElection96] INFO  impl.RoleInfo (RoleInfo.java:updateAndGet(143)) - 8134e7f4-1e90-4318-ba5f-921a50abbefc: start LeaderState
2019-09-11 00:00:51,092 [8134e7f4-1e90-4318-ba5f-921a50abbefc:group-091C0F206372:LeaderElection96] INFO  segmented.SegmentedRaftLogWorker (SegmentedRaftLogWorker.java:startLogSegment(380)) - 8134e7f4-1e90-4318-ba5f-921a50abbefc-SegmentedRaftLogWorker:Storage Directory /workdir/hadoop-ozone/integration-test/target/test-dir/MiniOzoneClusterImpl-e22a53fb-91d7-4d35-81b0-6fa6ae710c0c/datanode-3/data/ratis/2337204d-ce30-4d0a-acd6-091c0f206372: Starting segment from index:0
2019-09-11 00:00:51,099 [8134e7f4-1e90-4318-ba5f-921a50abbefc:group-091C0F206372:LeaderElection96] INFO  impl.RaftServerImpl (ServerState.java:setRaftConf(361)) - 8134e7f4-1e90-4318-ba5f-921a50abbefc:group-091C0F206372 set configuration 0: [8134e7f4-1e90-4318-ba5f-921a50abbefc:192.168.36.99:39977], old=null at 0
2019-09-11 00:00:51,157 [8134e7f4-1e90-4318-ba5f-921a50abbefc-SegmentedRaftLogWorker:Storage Directory /workdir/hadoop-ozone/integration-test/target/test-dir/MiniOzoneClusterImpl-e22a53fb-91d7-4d35-81b0-6fa6ae710c0c/datanode-3/data/ratis/2337204d-ce30-4d0a-acd6-091c0f206372] INFO  segmented.SegmentedRaftLogWorker (SegmentedRaftLogWorker.java:execute(569)) - 8134e7f4-1e90-4318-ba5f-921a50abbefc-SegmentedRaftLogWorker:Storage Directory /workdir/hadoop-ozone/integration-test/target/test-dir/MiniOzoneClusterImpl-e22a53fb-91d7-4d35-81b0-6fa6ae710c0c/datanode-3/data/ratis/2337204d-ce30-4d0a-acd6-091c0f206372: created new log segment /workdir/hadoop-ozone/integration-test/target/test-dir/MiniOzoneClusterImpl-e22a53fb-91d7-4d35-81b0-6fa6ae710c0c/datanode-3/data/ratis/2337204d-ce30-4d0a-acd6-091c0f206372/current/log_inprogress_0
2019-09-11 00:00:51,157 [c0862f5c-5826-4b92-adfa-20dd0620b5c2-SegmentedRaftLogWorker:Storage Directory /workdir/hadoop-ozone/integration-test/target/test-dir/MiniOzoneClusterImpl-e22a53fb-91d7-4d35-81b0-6fa6ae710c0c/datanode-5/data/ratis/c36b77e4-43d6-4ac7-a471-c63e1f4e448d] INFO  segmented.SegmentedRaftLogWorker (SegmentedRaftLogWorker.java:execute(569)) - c0862f5c-5826-4b92-adfa-20dd0620b5c2-SegmentedRaftLogWorker:Storage Directory /workdir/hadoop-ozone/integration-test/target/test-dir/MiniOzoneClusterImpl-e22a53fb-91d7-4d35-81b0-6fa6ae710c0c/datanode-5/data/ratis/c36b77e4-43d6-4ac7-a471-c63e1f4e448d: created new log segment /workdir/hadoop-ozone/integration-test/target/test-dir/MiniOzoneClusterImpl-e22a53fb-91d7-4d35-81b0-6fa6ae710c0c/datanode-5/data/ratis/c36b77e4-43d6-4ac7-a471-c63e1f4e448d/current/log_inprogress_0
2019-09-11 00:00:51,207 [Thread-4137] INFO  impl.FollowerState (FollowerState.java:run(106)) - 18b5dca1-5cee-4f4a-a372-b89973203a77:group-71CCFDEBDFC9 changes to CANDIDATE, lastRpcTime:5176, electionTimeout:5176ms
2019-09-11 00:00:51,207 [Thread-4137] INFO  impl.RoleInfo (RoleInfo.java:shutdownFollowerState(121)) - 18b5dca1-5cee-4f4a-a372-b89973203a77: shutdown FollowerState
2019-09-11 00:00:51,207 [Thread-4137] INFO  impl.RaftServerImpl (RaftServerImpl.java:setRole(171)) - 18b5dca1-5cee-4f4a-a372-b89973203a77:group-71CCFDEBDFC9 changes role from FOLLOWER to CANDIDATE at term 0 for changeToCandidate
2019-09-11 00:00:51,207 [Thread-4137] INFO  impl.RoleInfo (RoleInfo.java:updateAndGet(143)) - 18b5dca1-5cee-4f4a-a372-b89973203a77: start LeaderElection
2019-09-11 00:00:51,207 [Thread-4142] INFO  impl.FollowerState (FollowerState.java:run(106)) - bbc2a5fa-cf2b-4b97-a6b6-c2260dff6e77:group-89DD507C5741 changes to CANDIDATE, lastRpcTime:5134, electionTimeout:5134ms
2019-09-11 00:00:51,207 [Thread-4142] INFO  impl.RoleInfo (RoleInfo.java:shutdownFollowerState(121)) - bbc2a5fa-cf2b-4b97-a6b6-c2260dff6e77: shutdown FollowerState
2019-09-11 00:00:51,208 [Thread-4142] INFO  impl.RaftServerImpl (RaftServerImpl.java:setRole(171)) - bbc2a5fa-cf2b-4b97-a6b6-c2260dff6e77:group-89DD507C5741 changes role from FOLLOWER to CANDIDATE at term 0 for changeToCandidate
2019-09-11 00:00:51,213 [Thread-4145] INFO  impl.FollowerState (FollowerState.java:run(106)) - 8134e7f4-1e90-4318-ba5f-921a50abbefc:group-BA09F1E85783 changes to CANDIDATE, lastRpcTime:5057, electionTimeout:5055ms
2019-09-11 00:00:51,213 [Thread-4142] INFO  impl.RoleInfo (RoleInfo.java:updateAndGet(143)) - bbc2a5fa-cf2b-4b97-a6b6-c2260dff6e77: start LeaderElection
2019-09-11 00:00:51,213 [Thread-4145] INFO  impl.RoleInfo (RoleInfo.java:shutdownFollowerState(121)) - 8134e7f4-1e90-4318-ba5f-921a50abbefc: shutdown FollowerState
2019-09-11 00:00:51,214 [Thread-4145] INFO  impl.RaftServerImpl (RaftServerImpl.java:setRole(171)) - 8134e7f4-1e90-4318-ba5f-921a50abbefc:group-BA09F1E85783 changes role from FOLLOWER to CANDIDATE at term 0 for changeToCandidate
2019-09-11 00:00:51,214 [Thread-4145] INFO  impl.RoleInfo (RoleInfo.java:updateAndGet(143)) - 8134e7f4-1e90-4318-ba5f-921a50abbefc: start LeaderElection
2019-09-11 00:00:51,225 [Thread-4160] INFO  impl.FollowerState (FollowerState.java:run(106)) - 18b5dca1-5cee-4f4a-a372-b89973203a77:group-17BE19A598B1 changes to CANDIDATE, lastRpcTime:5013, electionTimeout:5005ms
2019-09-11 00:00:51,225 [Thread-4160] INFO  impl.RoleInfo (RoleInfo.java:shutdownFollowerState(121)) - 18b5dca1-5cee-4f4a-a372-b89973203a77: shutdown FollowerState
2019-09-11 00:00:51,226 [Thread-4160] INFO  impl.RaftServerImpl (RaftServerImpl.java:setRole(171)) - 18b5dca1-5cee-4f4a-a372-b89973203a77:group-17BE19A598B1 changes role from FOLLOWER to CANDIDATE at term 0 for changeToCandidate
2019-09-11 00:00:51,226 [Thread-4160] INFO  impl.RoleInfo (RoleInfo.java:updateAndGet(143)) - 18b5dca1-5cee-4f4a-a372-b89973203a77: start LeaderElection
2019-09-11 00:00:51,239 [18b5dca1-5cee-4f4a-a372-b89973203a77:group-17BE19A598B1:LeaderElection100] INFO  impl.LeaderElection (LeaderElection.java:askForVotes(181)) - 18b5dca1-5cee-4f4a-a372-b89973203a77:group-17BE19A598B1:LeaderElection100: begin an election at term 1 for -1: [d1866f23-e324-4f00-81e4-aba39189eab3:192.168.36.99:40086, 18b5dca1-5cee-4f4a-a372-b89973203a77:192.168.36.99:45926, bbc2a5fa-cf2b-4b97-a6b6-c2260dff6e77:192.168.36.99:36713], old=null
2019-09-11 00:00:51,239 [18b5dca1-5cee-4f4a-a372-b89973203a77:group-71CCFDEBDFC9:LeaderElection97] INFO  impl.LeaderElection (LeaderElection.java:askForVotes(181)) - 18b5dca1-5cee-4f4a-a372-b89973203a77:group-71CCFDEBDFC9:LeaderElection97: begin an election at term 1 for -1: [18b5dca1-5cee-4f4a-a372-b89973203a77:192.168.36.99:45926], old=null
2019-09-11 00:00:51,239 [8134e7f4-1e90-4318-ba5f-921a50abbefc:group-BA09F1E85783:LeaderElection99] INFO  impl.LeaderElection (LeaderElection.java:askForVotes(181)) - 8134e7f4-1e90-4318-ba5f-921a50abbefc:group-BA09F1E85783:LeaderElection99: begin an election at term 1 for -1: [c0862f5c-5826-4b92-adfa-20dd0620b5c2:192.168.36.99:37443, e664e961-aac9-42bf-bdf1-066f5156a4eb:192.168.36.99:35473, 8134e7f4-1e90-4318-ba5f-921a50abbefc:192.168.36.99:39977], old=null
2019-09-11 00:00:51,239 [bbc2a5fa-cf2b-4b97-a6b6-c2260dff6e77:group-89DD507C5741:LeaderElection98] INFO  impl.LeaderElection (LeaderElection.java:askForVotes(181)) - bbc2a5fa-cf2b-4b97-a6b6-c2260dff6e77:group-89DD507C5741:LeaderElection98: begin an election at term 1 for -1: [bbc2a5fa-cf2b-4b97-a6b6-c2260dff6e77:192.168.36.99:36713], old=null
2019-09-11 00:00:51,240 [18b5dca1-5cee-4f4a-a372-b89973203a77:group-71CCFDEBDFC9:LeaderElection97] INFO  impl.RoleInfo (RoleInfo.java:shutdownLeaderElection(134)) - 18b5dca1-5cee-4f4a-a372-b89973203a77: shutdown LeaderElection
2019-09-11 00:00:51,240 [bbc2a5fa-cf2b-4b97-a6b6-c2260dff6e77:group-89DD507C5741:LeaderElection98] INFO  impl.RoleInfo (RoleInfo.java:shutdownLeaderElection(134)) - bbc2a5fa-cf2b-4b97-a6b6-c2260dff6e77: shutdown LeaderElection
2019-09-11 00:00:51,240 [bbc2a5fa-cf2b-4b97-a6b6-c2260dff6e77:group-89DD507C5741:LeaderElection98] INFO  impl.RaftServerImpl (RaftServerImpl.java:setRole(171)) - bbc2a5fa-cf2b-4b97-a6b6-c2260dff6e77:group-89DD507C5741 changes role from CANDIDATE to LEADER at term 1 for changeToLeader
2019-09-11 00:00:51,240 [bbc2a5fa-cf2b-4b97-a6b6-c2260dff6e77:group-89DD507C5741:LeaderElection98] INFO  impl.RaftServerImpl (ServerState.java:setLeader(263)) - bbc2a5fa-cf2b-4b97-a6b6-c2260dff6e77:group-89DD507C5741 change Leader from null to bbc2a5fa-cf2b-4b97-a6b6-c2260dff6e77 at term 1 for becomeLeader, leader elected after 5170ms
2019-09-11 00:00:51,240 [18b5dca1-5cee-4f4a-a372-b89973203a77:group-71CCFDEBDFC9:LeaderElection97] INFO  impl.RaftServerImpl (RaftServerImpl.java:setRole(171)) - 18b5dca1-5cee-4f4a-a372-b89973203a77:group-71CCFDEBDFC9 changes role from CANDIDATE to LEADER at term 1 for changeToLeader
2019-09-11 00:00:51,241 [bbc2a5fa-cf2b-4b97-a6b6-c2260dff6e77:group-89DD507C5741:LeaderElection98] INFO  server.RaftServerConfigKeys (ConfUtils.java:logGet(43)) - raft.server.staging.catchup.gap = 1000 (default)
2019-09-11 00:00:51,241 [18b5dca1-5cee-4f4a-a372-b89973203a77:group-71CCFDEBDFC9:LeaderElection97] INFO  impl.RaftServerImpl (ServerState.java:setLeader(263)) - 18b5dca1-5cee-4f4a-a372-b89973203a77:group-71CCFDEBDFC9 change Leader from null to 18b5dca1-5cee-4f4a-a372-b89973203a77 at term 1 for becomeLeader, leader elected after 5215ms
2019-09-11 00:00:51,241 [bbc2a5fa-cf2b-4b97-a6b6-c2260dff6e77:group-89DD507C5741:LeaderElection98] INFO  server.RaftServerConfigKeys (ConfUtils.java:logGet(43)) - raft.server.rpc.sleep.time = 25ms (default)
2019-09-11 00:00:51,241 [18b5dca1-5cee-4f4a-a372-b89973203a77:group-71CCFDEBDFC9:LeaderElection97] INFO  server.RaftServerConfigKeys (ConfUtils.java:logGet(43)) - raft.server.staging.catchup.gap = 1000 (default)
2019-09-11 00:00:51,241 [bbc2a5fa-cf2b-4b97-a6b6-c2260dff6e77:group-89DD507C5741:LeaderElection98] INFO  server.RaftServerConfigKeys (ConfUtils.java:logGet(43)) - raft.server.write.element-limit = 4096 (default)
2019-09-11 00:00:51,241 [18b5dca1-5cee-4f4a-a372-b89973203a77:group-71CCFDEBDFC9:LeaderElection97] INFO  server.RaftServerConfigKeys (ConfUtils.java:logGet(43)) - raft.server.rpc.sleep.time = 25ms (default)
2019-09-11 00:00:51,241 [bbc2a5fa-cf2b-4b97-a6b6-c2260dff6e77:group-89DD507C5741:LeaderElection98] INFO  server.RaftServerConfigKeys (ConfUtils.java:logGet(43)) - raft.server.watch.timeout = 10s (default)
2019-09-11 00:00:51,241 [18b5dca1-5cee-4f4a-a372-b89973203a77:group-71CCFDEBDFC9:LeaderElection97] INFO  server.RaftServerConfigKeys (ConfUtils.java:logGet(43)) - raft.server.write.element-limit = 4096 (default)
2019-09-11 00:00:51,242 [bbc2a5fa-cf2b-4b97-a6b6-c2260dff6e77:group-89DD507C5741:LeaderElection98] INFO  server.RaftServerConfigKeys (ConfUtils.java:logGet(43)) - raft.server.watch.timeout.denomination = 1s (default)
2019-09-11 00:00:51,242 [18b5dca1-5cee-4f4a-a372-b89973203a77:group-71CCFDEBDFC9:LeaderElection97] INFO  server.RaftServerConfigKeys (ConfUtils.java:logGet(43)) - raft.server.watch.timeout = 10s (default)
2019-09-11 00:00:51,242 [bbc2a5fa-cf2b-4b97-a6b6-c2260dff6e77:group-89DD507C5741:LeaderElection98] INFO  server.RaftServerConfigKeys (ConfUtils.java:logGet(43)) - raft.server.watch.element-limit = 65536 (default)
2019-09-11 00:00:51,242 [18b5dca1-5cee-4f4a-a372-b89973203a77:group-71CCFDEBDFC9:LeaderElection97] INFO  server.RaftServerConfigKeys (ConfUtils.java:logGet(43)) - raft.server.watch.timeout.denomination = 1s (default)
2019-09-11 00:00:51,242 [18b5dca1-5cee-4f4a-a372-b89973203a77:group-71CCFDEBDFC9:LeaderElection97] INFO  server.RaftServerConfigKeys (ConfUtils.java:logGet(43)) - raft.server.watch.element-limit = 65536 (default)
2019-09-11 00:00:51,242 [bbc2a5fa-cf2b-4b97-a6b6-c2260dff6e77:group-89DD507C5741:LeaderElection98] INFO  impl.RoleInfo (RoleInfo.java:updateAndGet(143)) - bbc2a5fa-cf2b-4b97-a6b6-c2260dff6e77: start LeaderState
2019-09-11 00:00:51,242 [18b5dca1-5cee-4f4a-a372-b89973203a77:group-71CCFDEBDFC9:LeaderElection97] INFO  impl.RoleInfo (RoleInfo.java:updateAndGet(143)) - 18b5dca1-5cee-4f4a-a372-b89973203a77: start LeaderState
2019-09-11 00:00:51,242 [bbc2a5fa-cf2b-4b97-a6b6-c2260dff6e77:group-89DD507C5741:LeaderElection98] INFO  segmented.SegmentedRaftLogWorker (SegmentedRaftLogWorker.java:startLogSegment(380)) - bbc2a5fa-cf2b-4b97-a6b6-c2260dff6e77-SegmentedRaftLogWorker:Storage Directory /workdir/hadoop-ozone/integration-test/target/test-dir/MiniOzoneClusterImpl-e22a53fb-91d7-4d35-81b0-6fa6ae710c0c/datanode-6/data/ratis/388bdfc2-aa6f-4b6d-8060-89dd507c5741: Starting segment from index:0
2019-09-11 00:00:51,243 [18b5dca1-5cee-4f4a-a372-b89973203a77:group-71CCFDEBDFC9:LeaderElection97] INFO  segmented.SegmentedRaftLogWorker (SegmentedRaftLogWorker.java:startLogSegment(380)) - 18b5dca1-5cee-4f4a-a372-b89973203a77-SegmentedRaftLogWorker:Storage Directory /workdir/hadoop-ozone/integration-test/target/test-dir/MiniOzoneClusterImpl-e22a53fb-91d7-4d35-81b0-6fa6ae710c0c/datanode-2/data/ratis/241487b0-7061-495c-a3c8-71ccfdebdfc9: Starting segment from index:0
2019-09-11 00:00:51,243 [bbc2a5fa-cf2b-4b97-a6b6-c2260dff6e77:group-89DD507C5741:LeaderElection98] INFO  impl.RaftServerImpl (ServerState.java:setRaftConf(361)) - bbc2a5fa-cf2b-4b97-a6b6-c2260dff6e77:group-89DD507C5741 set configuration 0: [bbc2a5fa-cf2b-4b97-a6b6-c2260dff6e77:192.168.36.99:36713], old=null at 0
2019-09-11 00:00:51,275 [18b5dca1-5cee-4f4a-a372-b89973203a77:group-71CCFDEBDFC9:LeaderElection97] INFO  impl.RaftServerImpl (ServerState.java:setRaftConf(361)) - 18b5dca1-5cee-4f4a-a372-b89973203a77:group-71CCFDEBDFC9 set configuration 0: [18b5dca1-5cee-4f4a-a372-b89973203a77:192.168.36.99:45926], old=null at 0
2019-09-11 00:00:51,276 [grpc-default-executor-7] INFO  impl.RaftServerImpl (RaftServerImpl.java:setRole(171)) - c0862f5c-5826-4b92-adfa-20dd0620b5c2:group-BA09F1E85783 changes role from FOLLOWER to FOLLOWER at term 1 for recognizeCandidate:8134e7f4-1e90-4318-ba5f-921a50abbefc
2019-09-11 00:00:51,307 [Thread-4151] INFO  impl.FollowerState (FollowerState.java:run(106)) - e664e961-aac9-42bf-bdf1-066f5156a4eb:group-BA09F1E85783 changes to CANDIDATE, lastRpcTime:5148, electionTimeout:5136ms
2019-09-11 00:00:51,307 [bbc2a5fa-cf2b-4b97-a6b6-c2260dff6e77-SegmentedRaftLogWorker:Storage Directory /workdir/hadoop-ozone/integration-test/target/test-dir/MiniOzoneClusterImpl-e22a53fb-91d7-4d35-81b0-6fa6ae710c0c/datanode-6/data/ratis/388bdfc2-aa6f-4b6d-8060-89dd507c5741] INFO  segmented.SegmentedRaftLogWorker (SegmentedRaftLogWorker.java:execute(569)) - bbc2a5fa-cf2b-4b97-a6b6-c2260dff6e77-SegmentedRaftLogWorker:Storage Directory /workdir/hadoop-ozone/integration-test/target/test-dir/MiniOzoneClusterImpl-e22a53fb-91d7-4d35-81b0-6fa6ae710c0c/datanode-6/data/ratis/388bdfc2-aa6f-4b6d-8060-89dd507c5741: created new log segment /workdir/hadoop-ozone/integration-test/target/test-dir/MiniOzoneClusterImpl-e22a53fb-91d7-4d35-81b0-6fa6ae710c0c/datanode-6/data/ratis/388bdfc2-aa6f-4b6d-8060-89dd507c5741/current/log_inprogress_0
2019-09-11 00:00:51,307 [Thread-4155] INFO  impl.FollowerState (FollowerState.java:run(106)) - d1866f23-e324-4f00-81e4-aba39189eab3:group-17BE19A598B1 changes to CANDIDATE, lastRpcTime:5096, electionTimeout:5087ms
2019-09-11 00:00:51,307 [grpc-default-executor-1] INFO  impl.RaftServerImpl (RaftServerImpl.java:setRole(171)) - bbc2a5fa-cf2b-4b97-a6b6-c2260dff6e77:group-17BE19A598B1 changes role from FOLLOWER to FOLLOWER at term 1 for recognizeCandidate:18b5dca1-5cee-4f4a-a372-b89973203a77
2019-09-11 00:00:51,312 [Thread-4155] INFO  impl.RoleInfo (RoleInfo.java:shutdownFollowerState(121)) - d1866f23-e324-4f00-81e4-aba39189eab3: shutdown FollowerState
2019-09-11 00:00:51,307 [Thread-4151] INFO  impl.RoleInfo (RoleInfo.java:shutdownFollowerState(121)) - e664e961-aac9-42bf-bdf1-066f5156a4eb: shutdown FollowerState
2019-09-11 00:00:51,312 [Thread-4151] INFO  impl.RaftServerImpl (RaftServerImpl.java:setRole(171)) - e664e961-aac9-42bf-bdf1-066f5156a4eb:group-BA09F1E85783 changes role from FOLLOWER to CANDIDATE at term 0 for changeToCandidate
2019-09-11 00:00:51,307 [grpc-default-executor-7] INFO  impl.RoleInfo (RoleInfo.java:shutdownFollowerState(121)) - c0862f5c-5826-4b92-adfa-20dd0620b5c2: shutdown FollowerState
2019-09-11 00:00:51,312 [Thread-4151] INFO  impl.RoleInfo (RoleInfo.java:updateAndGet(143)) - e664e961-aac9-42bf-bdf1-066f5156a4eb: start LeaderElection
2019-09-11 00:00:51,312 [Thread-4148] INFO  impl.FollowerState (FollowerState.java:run(114)) - c0862f5c-5826-4b92-adfa-20dd0620b5c2: FollowerState was interrupted: java.lang.InterruptedException: sleep interrupted
2019-09-11 00:00:51,312 [Thread-4155] INFO  impl.RaftServerImpl (RaftServerImpl.java:setRole(171)) - d1866f23-e324-4f00-81e4-aba39189eab3:group-17BE19A598B1 changes role from FOLLOWER to CANDIDATE at term 0 for changeToCandidate
2019-09-11 00:00:51,312 [grpc-default-executor-1] INFO  impl.RoleInfo (RoleInfo.java:shutdownFollowerState(121)) - bbc2a5fa-cf2b-4b97-a6b6-c2260dff6e77: shutdown FollowerState
2019-09-11 00:00:51,313 [Thread-4155] INFO  impl.RoleInfo (RoleInfo.java:updateAndGet(143)) - d1866f23-e324-4f00-81e4-aba39189eab3: start LeaderElection
2019-09-11 00:00:51,313 [grpc-default-executor-1] INFO  impl.RoleInfo (RoleInfo.java:updateAndGet(143)) - bbc2a5fa-cf2b-4b97-a6b6-c2260dff6e77: start FollowerState
2019-09-11 00:00:51,312 [grpc-default-executor-7] INFO  impl.RoleInfo (RoleInfo.java:updateAndGet(143)) - c0862f5c-5826-4b92-adfa-20dd0620b5c2: start FollowerState
2019-09-11 00:00:51,313 [grpc-default-executor-3] INFO  impl.RaftServerImpl (RaftServerImpl.java:setRole(171)) - e664e961-aac9-42bf-bdf1-066f5156a4eb:group-BA09F1E85783 changes role from CANDIDATE to FOLLOWER at term 1 for recognizeCandidate:8134e7f4-1e90-4318-ba5f-921a50abbefc
2019-09-11 00:00:51,313 [Thread-4156] INFO  impl.FollowerState (FollowerState.java:run(114)) - bbc2a5fa-cf2b-4b97-a6b6-c2260dff6e77: FollowerState was interrupted: java.lang.InterruptedException: sleep interrupted
2019-09-11 00:00:51,316 [grpc-default-executor-5] INFO  impl.RaftServerImpl (RaftServerImpl.java:setRole(171)) - d1866f23-e324-4f00-81e4-aba39189eab3:group-17BE19A598B1 changes role from CANDIDATE to FOLLOWER at term 1 for recognizeCandidate:18b5dca1-5cee-4f4a-a372-b89973203a77
2019-09-11 00:00:51,316 [grpc-default-executor-5] INFO  impl.RoleInfo (RoleInfo.java:shutdownLeaderElection(134)) - d1866f23-e324-4f00-81e4-aba39189eab3: shutdown LeaderElection
2019-09-11 00:00:51,313 [grpc-default-executor-3] INFO  impl.RoleInfo (RoleInfo.java:shutdownLeaderElection(134)) - e664e961-aac9-42bf-bdf1-066f5156a4eb: shutdown LeaderElection
2019-09-11 00:00:51,316 [grpc-default-executor-5] INFO  impl.RoleInfo (RoleInfo.java:updateAndGet(143)) - d1866f23-e324-4f00-81e4-aba39189eab3: start FollowerState
2019-09-11 00:00:51,316 [grpc-default-executor-3] INFO  impl.RoleInfo (RoleInfo.java:updateAndGet(143)) - e664e961-aac9-42bf-bdf1-066f5156a4eb: start FollowerState
2019-09-11 00:00:51,321 [18b5dca1-5cee-4f4a-a372-b89973203a77-SegmentedRaftLogWorker:Storage Directory /workdir/hadoop-ozone/integration-test/target/test-dir/MiniOzoneClusterImpl-e22a53fb-91d7-4d35-81b0-6fa6ae710c0c/datanode-2/data/ratis/241487b0-7061-495c-a3c8-71ccfdebdfc9] INFO  segmented.SegmentedRaftLogWorker (SegmentedRaftLogWorker.java:execute(569)) - 18b5dca1-5cee-4f4a-a372-b89973203a77-SegmentedRaftLogWorker:Storage Directory /workdir/hadoop-ozone/integration-test/target/test-dir/MiniOzoneClusterImpl-e22a53fb-91d7-4d35-81b0-6fa6ae710c0c/datanode-2/data/ratis/241487b0-7061-495c-a3c8-71ccfdebdfc9: created new log segment /workdir/hadoop-ozone/integration-test/target/test-dir/MiniOzoneClusterImpl-e22a53fb-91d7-4d35-81b0-6fa6ae710c0c/datanode-2/data/ratis/241487b0-7061-495c-a3c8-71ccfdebdfc9/current/log_inprogress_0
2019-09-11 00:00:51,323 [grpc-default-executor-5] INFO  client.GrpcClientProtocolClient (GrpcClientProtocolClient.java:onNext(255)) - client-C0043CEF3BBA->c0862f5c-5826-4b92-adfa-20dd0620b5c2: receive RaftClientReply:client-C0043CEF3BBA->c0862f5c-5826-4b92-adfa-20dd0620b5c2@group-BA09F1E85783, cid=208, FAILED org.apache.ratis.protocol.NotLeaderException: Server c0862f5c-5826-4b92-adfa-20dd0620b5c2 is not the leader (null). Request must be sent to leader., logIndex=0, commits[c0862f5c-5826-4b92-adfa-20dd0620b5c2:c-1]
2019-09-11 00:00:51,323 [8134e7f4-1e90-4318-ba5f-921a50abbefc:group-BA09F1E85783:LeaderElection99] INFO  impl.LeaderElection (LeaderElection.java:logAndReturn(56)) - 8134e7f4-1e90-4318-ba5f-921a50abbefc:group-BA09F1E85783:LeaderElection99: Election PASSED; received 1 response(s) [8134e7f4-1e90-4318-ba5f-921a50abbefc<-c0862f5c-5826-4b92-adfa-20dd0620b5c2#0:OK-t1] and 0 exception(s); 8134e7f4-1e90-4318-ba5f-921a50abbefc:t1, leader=null, voted=8134e7f4-1e90-4318-ba5f-921a50abbefc, raftlog=8134e7f4-1e90-4318-ba5f-921a50abbefc-SegmentedRaftLog:OPENED:c-1,f-1,i0, conf=-1: [c0862f5c-5826-4b92-adfa-20dd0620b5c2:192.168.36.99:37443, e664e961-aac9-42bf-bdf1-066f5156a4eb:192.168.36.99:35473, 8134e7f4-1e90-4318-ba5f-921a50abbefc:192.168.36.99:39977], old=null
2019-09-11 00:00:51,323 [8134e7f4-1e90-4318-ba5f-921a50abbefc:group-BA09F1E85783:LeaderElection99] INFO  impl.RoleInfo (RoleInfo.java:shutdownLeaderElection(134)) - 8134e7f4-1e90-4318-ba5f-921a50abbefc: shutdown LeaderElection
2019-09-11 00:00:51,323 [8134e7f4-1e90-4318-ba5f-921a50abbefc:group-BA09F1E85783:LeaderElection99] INFO  impl.RaftServerImpl (RaftServerImpl.java:setRole(171)) - 8134e7f4-1e90-4318-ba5f-921a50abbefc:group-BA09F1E85783 changes role from CANDIDATE to LEADER at term 1 for changeToLeader
2019-09-11 00:00:51,323 [8134e7f4-1e90-4318-ba5f-921a50abbefc:group-BA09F1E85783:LeaderElection99] INFO  impl.RaftServerImpl (ServerState.java:setLeader(263)) - 8134e7f4-1e90-4318-ba5f-921a50abbefc:group-BA09F1E85783 change Leader from null to 8134e7f4-1e90-4318-ba5f-921a50abbefc at term 1 for becomeLeader, leader elected after 5175ms
2019-09-11 00:00:51,323 [8134e7f4-1e90-4318-ba5f-921a50abbefc:group-BA09F1E85783:LeaderElection99] INFO  server.RaftServerConfigKeys (ConfUtils.java:logGet(43)) - raft.server.staging.catchup.gap = 1000 (default)
2019-09-11 00:00:51,323 [8134e7f4-1e90-4318-ba5f-921a50abbefc:group-BA09F1E85783:LeaderElection99] INFO  server.RaftServerConfigKeys (ConfUtils.java:logGet(43)) - raft.server.rpc.sleep.time = 25ms (default)
2019-09-11 00:00:51,326 [8134e7f4-1e90-4318-ba5f-921a50abbefc:group-BA09F1E85783:LeaderElection99] INFO  server.RaftServerConfigKeys (ConfUtils.java:logGet(43)) - raft.server.write.element-limit = 4096 (default)
2019-09-11 00:00:51,326 [18b5dca1-5cee-4f4a-a372-b89973203a77:group-17BE19A598B1:LeaderElection100] INFO  impl.LeaderElection (LeaderElection.java:logAndReturn(56)) - 18b5dca1-5cee-4f4a-a372-b89973203a77:group-17BE19A598B1:LeaderElection100: Election PASSED; received 2 response(s) [18b5dca1-5cee-4f4a-a372-b89973203a77<-d1866f23-e324-4f00-81e4-aba39189eab3#0:FAIL-t1, 18b5dca1-5cee-4f4a-a372-b89973203a77<-bbc2a5fa-cf2b-4b97-a6b6-c2260dff6e77#0:OK-t1] and 0 exception(s); 18b5dca1-5cee-4f4a-a372-b89973203a77:t1, leader=null, voted=18b5dca1-5cee-4f4a-a372-b89973203a77, raftlog=18b5dca1-5cee-4f4a-a372-b89973203a77-SegmentedRaftLog:OPENED:c-1,f-1,i0, conf=-1: [d1866f23-e324-4f00-81e4-aba39189eab3:192.168.36.99:40086, 18b5dca1-5cee-4f4a-a372-b89973203a77:192.168.36.99:45926, bbc2a5fa-cf2b-4b97-a6b6-c2260dff6e77:192.168.36.99:36713], old=null
2019-09-11 00:00:51,326 [8134e7f4-1e90-4318-ba5f-921a50abbefc:group-BA09F1E85783:LeaderElection99] INFO  server.RaftServerConfigKeys (ConfUtils.java:logGet(43)) - raft.server.watch.timeout = 10s (default)
2019-09-11 00:00:51,326 [18b5dca1-5cee-4f4a-a372-b89973203a77:group-17BE19A598B1:LeaderElection100] INFO  impl.RoleInfo (RoleInfo.java:shutdownLeaderElection(134)) - 18b5dca1-5cee-4f4a-a372-b89973203a77: shutdown LeaderElection
2019-09-11 00:00:51,327 [18b5dca1-5cee-4f4a-a372-b89973203a77:group-17BE19A598B1:LeaderElection100] INFO  impl.RaftServerImpl (RaftServerImpl.java:setRole(171)) - 18b5dca1-5cee-4f4a-a372-b89973203a77:group-17BE19A598B1 changes role from CANDIDATE to LEADER at term 1 for changeToLeader
2019-09-11 00:00:51,327 [18b5dca1-5cee-4f4a-a372-b89973203a77:group-17BE19A598B1:LeaderElection100] INFO  impl.RaftServerImpl (ServerState.java:setLeader(263)) - 18b5dca1-5cee-4f4a-a372-b89973203a77:group-17BE19A598B1 change Leader from null to 18b5dca1-5cee-4f4a-a372-b89973203a77 at term 1 for becomeLeader, leader elected after 5123ms
2019-09-11 00:00:51,327 [8134e7f4-1e90-4318-ba5f-921a50abbefc:group-BA09F1E85783:LeaderElection99] INFO  server.RaftServerConfigKeys (ConfUtils.java:logGet(43)) - raft.server.watch.timeout.denomination = 1s (default)
2019-09-11 00:00:51,327 [18b5dca1-5cee-4f4a-a372-b89973203a77:group-17BE19A598B1:LeaderElection100] INFO  server.RaftServerConfigKeys (ConfUtils.java:logGet(43)) - raft.server.staging.catchup.gap = 1000 (default)
2019-09-11 00:00:51,327 [18b5dca1-5cee-4f4a-a372-b89973203a77:group-17BE19A598B1:LeaderElection100] INFO  server.RaftServerConfigKeys (ConfUtils.java:logGet(43)) - raft.server.rpc.sleep.time = 25ms (default)
2019-09-11 00:00:51,327 [8134e7f4-1e90-4318-ba5f-921a50abbefc:group-BA09F1E85783:LeaderElection99] INFO  server.RaftServerConfigKeys (ConfUtils.java:logGet(43)) - raft.server.watch.element-limit = 65536 (default)
2019-09-11 00:00:51,328 [18b5dca1-5cee-4f4a-a372-b89973203a77:group-17BE19A598B1:LeaderElection100] INFO  server.RaftServerConfigKeys (ConfUtils.java:logGet(43)) - raft.server.write.element-limit = 4096 (default)
2019-09-11 00:00:51,328 [8134e7f4-1e90-4318-ba5f-921a50abbefc:group-BA09F1E85783:LeaderElection99] INFO  server.RaftServerConfigKeys (ConfUtils.java:logGet(43)) - raft.server.log.appender.snapshot.chunk.size.max = 16MB (=16777216) (default)
2019-09-11 00:00:51,328 [18b5dca1-5cee-4f4a-a372-b89973203a77:group-17BE19A598B1:LeaderElection100] INFO  server.RaftServerConfigKeys (ConfUtils.java:logGet(43)) - raft.server.watch.timeout = 10s (default)
2019-09-11 00:00:51,329 [18b5dca1-5cee-4f4a-a372-b89973203a77:group-17BE19A598B1:LeaderElection100] INFO  server.RaftServerConfigKeys (ConfUtils.java:logGet(43)) - raft.server.watch.timeout.denomination = 1s (default)
2019-09-11 00:00:51,329 [18b5dca1-5cee-4f4a-a372-b89973203a77:group-17BE19A598B1:LeaderElection100] INFO  server.RaftServerConfigKeys (ConfUtils.java:logGet(43)) - raft.server.watch.element-limit = 65536 (default)
2019-09-11 00:00:51,328 [8134e7f4-1e90-4318-ba5f-921a50abbefc:group-BA09F1E85783:LeaderElection99] INFO  server.RaftServerConfigKeys (ConfUtils.java:logGet(43)) - raft.server.log.appender.buffer.byte-limit = 33554432 (custom)
2019-09-11 00:00:51,329 [8134e7f4-1e90-4318-ba5f-921a50abbefc:group-BA09F1E85783:LeaderElection99] INFO  server.RaftServerConfigKeys (ConfUtils.java:logGet(43)) - raft.server.log.appender.buffer.element-limit = 1 (custom)
2019-09-11 00:00:51,329 [18b5dca1-5cee-4f4a-a372-b89973203a77:group-17BE19A598B1:LeaderElection100] INFO  server.RaftServerConfigKeys (ConfUtils.java:logGet(43)) - raft.server.log.appender.snapshot.chunk.size.max = 16MB (=16777216) (default)
2019-09-11 00:00:51,330 [18b5dca1-5cee-4f4a-a372-b89973203a77:group-17BE19A598B1:LeaderElection100] INFO  server.RaftServerConfigKeys (ConfUtils.java:logGet(43)) - raft.server.log.appender.buffer.byte-limit = 33554432 (custom)
2019-09-11 00:00:51,330 [18b5dca1-5cee-4f4a-a372-b89973203a77:group-17BE19A598B1:LeaderElection100] INFO  server.RaftServerConfigKeys (ConfUtils.java:logGet(43)) - raft.server.log.appender.buffer.element-limit = 1 (custom)
2019-09-11 00:00:51,329 [8134e7f4-1e90-4318-ba5f-921a50abbefc:group-BA09F1E85783:LeaderElection99] INFO  grpc.GrpcConfigKeys$Server (ConfUtils.java:logGet(43)) - raft.grpc.server.leader.outstanding.appends.max = 128 (default)
2019-09-11 00:00:51,330 [18b5dca1-5cee-4f4a-a372-b89973203a77:group-17BE19A598B1:LeaderElection100] INFO  grpc.GrpcConfigKeys$Server (ConfUtils.java:logGet(43)) - raft.grpc.server.leader.outstanding.appends.max = 128 (default)
2019-09-11 00:00:51,330 [18b5dca1-5cee-4f4a-a372-b89973203a77:group-17BE19A598B1:LeaderElection100] INFO  server.RaftServerConfigKeys (ConfUtils.java:logGet(43)) - raft.server.rpc.request.timeout = 3000ms (default)
2019-09-11 00:00:51,330 [18b5dca1-5cee-4f4a-a372-b89973203a77:group-17BE19A598B1:LeaderElection100] INFO  server.RaftServerConfigKeys (ConfUtils.java:logGet(43)) - raft.server.log.appender.install.snapshot.enabled = false (custom)
2019-09-11 00:00:51,331 [18b5dca1-5cee-4f4a-a372-b89973203a77:group-17BE19A598B1:LeaderElection100] INFO  server.RaftServerConfigKeys (ConfUtils.java:logGet(43)) - raft.server.log.appender.snapshot.chunk.size.max = 16MB (=16777216) (default)
2019-09-11 00:00:51,331 [18b5dca1-5cee-4f4a-a372-b89973203a77:group-17BE19A598B1:LeaderElection100] INFO  server.RaftServerConfigKeys (ConfUtils.java:logGet(43)) - raft.server.log.appender.buffer.byte-limit = 33554432 (custom)
2019-09-11 00:00:51,331 [18b5dca1-5cee-4f4a-a372-b89973203a77:group-17BE19A598B1:LeaderElection100] INFO  server.RaftServerConfigKeys (ConfUtils.java:logGet(43)) - raft.server.log.appender.buffer.element-limit = 1 (custom)
2019-09-11 00:00:51,331 [18b5dca1-5cee-4f4a-a372-b89973203a77:group-17BE19A598B1:LeaderElection100] INFO  grpc.GrpcConfigKeys$Server (ConfUtils.java:logGet(43)) - raft.grpc.server.leader.outstanding.appends.max = 128 (default)
2019-09-11 00:00:51,331 [18b5dca1-5cee-4f4a-a372-b89973203a77:group-17BE19A598B1:LeaderElection100] INFO  server.RaftServerConfigKeys (ConfUtils.java:logGet(43)) - raft.server.rpc.request.timeout = 3000ms (default)
2019-09-11 00:00:51,331 [18b5dca1-5cee-4f4a-a372-b89973203a77:group-17BE19A598B1:LeaderElection100] INFO  server.RaftServerConfigKeys (ConfUtils.java:logGet(43)) - raft.server.log.appender.install.snapshot.enabled = false (custom)
2019-09-11 00:00:51,332 [18b5dca1-5cee-4f4a-a372-b89973203a77:group-17BE19A598B1:LeaderElection100] INFO  impl.RoleInfo (RoleInfo.java:updateAndGet(143)) - 18b5dca1-5cee-4f4a-a372-b89973203a77: start LeaderState
2019-09-11 00:00:51,332 [18b5dca1-5cee-4f4a-a372-b89973203a77:group-17BE19A598B1:LeaderElection100] INFO  segmented.SegmentedRaftLogWorker (SegmentedRaftLogWorker.java:startLogSegment(380)) - 18b5dca1-5cee-4f4a-a372-b89973203a77-SegmentedRaftLogWorker:Storage Directory /workdir/hadoop-ozone/integration-test/target/test-dir/MiniOzoneClusterImpl-e22a53fb-91d7-4d35-81b0-6fa6ae710c0c/datanode-2/data/ratis/d2f15af8-242c-4cd8-8960-17be19a598b1: Starting segment from index:0
2019-09-11 00:00:51,330 [8134e7f4-1e90-4318-ba5f-921a50abbefc:group-BA09F1E85783:LeaderElection99] INFO  server.RaftServerConfigKeys (ConfUtils.java:logGet(43)) - raft.server.rpc.request.timeout = 3000ms (default)
2019-09-11 00:00:51,332 [8134e7f4-1e90-4318-ba5f-921a50abbefc:group-BA09F1E85783:LeaderElection99] INFO  server.RaftServerConfigKeys (ConfUtils.java:logGet(43)) - raft.server.log.appender.install.snapshot.enabled = false (custom)
2019-09-11 00:00:51,333 [8134e7f4-1e90-4318-ba5f-921a50abbefc:group-BA09F1E85783:LeaderElection99] INFO  server.RaftServerConfigKeys (ConfUtils.java:logGet(43)) - raft.server.log.appender.snapshot.chunk.size.max = 16MB (=16777216) (default)
2019-09-11 00:00:51,333 [8134e7f4-1e90-4318-ba5f-921a50abbefc:group-BA09F1E85783:LeaderElection99] INFO  server.RaftServerConfigKeys (ConfUtils.java:logGet(43)) - raft.server.log.appender.buffer.byte-limit = 33554432 (custom)
2019-09-11 00:00:51,333 [8134e7f4-1e90-4318-ba5f-921a50abbefc:group-BA09F1E85783:LeaderElection99] INFO  server.RaftServerConfigKeys (ConfUtils.java:logGet(43)) - raft.server.log.appender.buffer.element-limit = 1 (custom)
2019-09-11 00:00:51,335 [d1866f23-e324-4f00-81e4-aba39189eab3:group-17BE19A598B1:LeaderElection102] INFO  impl.LeaderElection (LeaderElection.java:askForVotes(181)) - d1866f23-e324-4f00-81e4-aba39189eab3:group-17BE19A598B1:LeaderElection102: begin an election at term 2 for -1: [d1866f23-e324-4f00-81e4-aba39189eab3:192.168.36.99:40086, 18b5dca1-5cee-4f4a-a372-b89973203a77:192.168.36.99:45926, bbc2a5fa-cf2b-4b97-a6b6-c2260dff6e77:192.168.36.99:36713], old=null
2019-09-11 00:00:51,336 [18b5dca1-5cee-4f4a-a372-b89973203a77:group-17BE19A598B1:LeaderElection100] INFO  impl.RaftServerImpl (ServerState.java:setRaftConf(361)) - 18b5dca1-5cee-4f4a-a372-b89973203a77:group-17BE19A598B1 set configuration 0: [d1866f23-e324-4f00-81e4-aba39189eab3:192.168.36.99:40086, 18b5dca1-5cee-4f4a-a372-b89973203a77:192.168.36.99:45926, bbc2a5fa-cf2b-4b97-a6b6-c2260dff6e77:192.168.36.99:36713], old=null at 0
2019-09-11 00:00:51,336 [e664e961-aac9-42bf-bdf1-066f5156a4eb:group-BA09F1E85783:LeaderElection101] INFO  impl.LeaderElection (LeaderElection.java:askForVotes(181)) - e664e961-aac9-42bf-bdf1-066f5156a4eb:group-BA09F1E85783:LeaderElection101: begin an election at term 2 for -1: [c0862f5c-5826-4b92-adfa-20dd0620b5c2:192.168.36.99:37443, e664e961-aac9-42bf-bdf1-066f5156a4eb:192.168.36.99:35473, 8134e7f4-1e90-4318-ba5f-921a50abbefc:192.168.36.99:39977], old=null
2019-09-11 00:00:51,336 [8134e7f4-1e90-4318-ba5f-921a50abbefc:group-BA09F1E85783:LeaderElection99] INFO  grpc.GrpcConfigKeys$Server (ConfUtils.java:logGet(43)) - raft.grpc.server.leader.outstanding.appends.max = 128 (default)
2019-09-11 00:00:51,336 [8134e7f4-1e90-4318-ba5f-921a50abbefc:group-BA09F1E85783:LeaderElection99] INFO  server.RaftServerConfigKeys (ConfUtils.java:logGet(43)) - raft.server.rpc.request.timeout = 3000ms (default)
2019-09-11 00:00:51,336 [8134e7f4-1e90-4318-ba5f-921a50abbefc:group-BA09F1E85783:LeaderElection99] INFO  server.RaftServerConfigKeys (ConfUtils.java:logGet(43)) - raft.server.log.appender.install.snapshot.enabled = false (custom)
2019-09-11 00:00:51,336 [8134e7f4-1e90-4318-ba5f-921a50abbefc:group-BA09F1E85783:LeaderElection99] INFO  impl.RoleInfo (RoleInfo.java:updateAndGet(143)) - 8134e7f4-1e90-4318-ba5f-921a50abbefc: start LeaderState
2019-09-11 00:00:51,337 [8134e7f4-1e90-4318-ba5f-921a50abbefc:group-BA09F1E85783:LeaderElection99] INFO  segmented.SegmentedRaftLogWorker (SegmentedRaftLogWorker.java:startLogSegment(380)) - 8134e7f4-1e90-4318-ba5f-921a50abbefc-SegmentedRaftLogWorker:Storage Directory /workdir/hadoop-ozone/integration-test/target/test-dir/MiniOzoneClusterImpl-e22a53fb-91d7-4d35-81b0-6fa6ae710c0c/datanode-3/data/ratis/64f1e453-e329-4c68-939c-ba09f1e85783: Starting segment from index:0
2019-09-11 00:00:51,338 [d1866f23-e324-4f00-81e4-aba39189eab3:group-17BE19A598B1:LeaderElection102] INFO  impl.LeaderElection (LeaderElection.java:logAndReturn(56)) - d1866f23-e324-4f00-81e4-aba39189eab3:group-17BE19A598B1:LeaderElection102: Election REJECTED; received 0 response(s) [] and 0 exception(s); d1866f23-e324-4f00-81e4-aba39189eab3:t2, leader=null, voted=d1866f23-e324-4f00-81e4-aba39189eab3, raftlog=d1866f23-e324-4f00-81e4-aba39189eab3-SegmentedRaftLog:OPENED:c-1,f-1,i0, conf=-1: [d1866f23-e324-4f00-81e4-aba39189eab3:192.168.36.99:40086, 18b5dca1-5cee-4f4a-a372-b89973203a77:192.168.36.99:45926, bbc2a5fa-cf2b-4b97-a6b6-c2260dff6e77:192.168.36.99:36713], old=null
2019-09-11 00:00:51,342 [Thread-4223] INFO  impl.RaftServerImpl (ServerState.java:setLeader(263)) - 18b5dca1-5cee-4f4a-a372-b89973203a77:group-17BE19A598B1 change Leader from 18b5dca1-5cee-4f4a-a372-b89973203a77 to null at term 2 for updateCurrentTerm
2019-09-11 00:00:51,380 [Thread-4223] INFO  impl.RaftServerImpl (RaftServerImpl.java:setRole(171)) - 18b5dca1-5cee-4f4a-a372-b89973203a77:group-17BE19A598B1 changes role from LEADER to FOLLOWER at term 2 for stepDown
2019-09-11 00:00:51,378 [e664e961-aac9-42bf-bdf1-066f5156a4eb:group-BA09F1E85783:LeaderElection101] INFO  impl.LeaderElection (LeaderElection.java:logAndReturn(56)) - e664e961-aac9-42bf-bdf1-066f5156a4eb:group-BA09F1E85783:LeaderElection101: Election REJECTED; received 0 response(s) [] and 0 exception(s); e664e961-aac9-42bf-bdf1-066f5156a4eb:t2, leader=null, voted=e664e961-aac9-42bf-bdf1-066f5156a4eb, raftlog=e664e961-aac9-42bf-bdf1-066f5156a4eb-SegmentedRaftLog:OPENED:c-1,f-1,i0, conf=-1: [c0862f5c-5826-4b92-adfa-20dd0620b5c2:192.168.36.99:37443, e664e961-aac9-42bf-bdf1-066f5156a4eb:192.168.36.99:35473, 8134e7f4-1e90-4318-ba5f-921a50abbefc:192.168.36.99:39977], old=null
2019-09-11 00:00:51,378 [8134e7f4-1e90-4318-ba5f-921a50abbefc:group-BA09F1E85783:LeaderElection99] INFO  impl.RaftServerImpl (ServerState.java:setRaftConf(361)) - 8134e7f4-1e90-4318-ba5f-921a50abbefc:group-BA09F1E85783 set configuration 0: [c0862f5c-5826-4b92-adfa-20dd0620b5c2:192.168.36.99:37443, e664e961-aac9-42bf-bdf1-066f5156a4eb:192.168.36.99:35473, 8134e7f4-1e90-4318-ba5f-921a50abbefc:192.168.36.99:39977], old=null at 0
2019-09-11 00:00:51,377 [grpc-default-executor-7] INFO  impl.RaftServerImpl (ServerState.java:setLeader(263)) - bbc2a5fa-cf2b-4b97-a6b6-c2260dff6e77:group-17BE19A598B1 change Leader from null to 18b5dca1-5cee-4f4a-a372-b89973203a77 at term 1 for appendEntries, leader elected after 5173ms
2019-09-11 00:00:51,380 [Thread-4223] INFO  impl.RoleInfo (RoleInfo.java:shutdownLeaderState(104)) - 18b5dca1-5cee-4f4a-a372-b89973203a77: shutdown LeaderState
2019-09-11 00:00:51,384 [org.apache.ratis.server.impl.LogAppender$AppenderDaemon$$Lambda$513/1922318765@1fd74636] WARN  server.GrpcLogAppender (GrpcLogAppender.java:mayWait(143)) - GrpcLogAppender(18b5dca1-5cee-4f4a-a372-b89973203a77->bbc2a5fa-cf2b-4b97-a6b6-c2260dff6e77): Wait interrupted by java.lang.InterruptedException
2019-09-11 00:00:51,384 [Thread-4223] INFO  impl.PendingRequests (PendingRequests.java:sendNotLeaderResponses(202)) - 18b5dca1-5cee-4f4a-a372-b89973203a77-PendingRequests: sendNotLeaderResponses
2019-09-11 00:00:51,384 [org.apache.ratis.server.impl.LogAppender$AppenderDaemon$$Lambda$513/1922318765@5ad5d308] WARN  server.GrpcLogAppender (GrpcLogAppender.java:mayWait(143)) - GrpcLogAppender(18b5dca1-5cee-4f4a-a372-b89973203a77->d1866f23-e324-4f00-81e4-aba39189eab3): Wait interrupted by java.lang.InterruptedException
2019-09-11 00:00:51,384 [Thread-4223] INFO  impl.RoleInfo (RoleInfo.java:updateAndGet(143)) - 18b5dca1-5cee-4f4a-a372-b89973203a77: start FollowerState
2019-09-11 00:00:51,385 [grpc-default-executor-5] INFO  server.GrpcServerProtocolService (GrpcServerProtocolService.java:onCompleted(104)) - bbc2a5fa-cf2b-4b97-a6b6-c2260dff6e77: appendEntries completed
2019-09-11 00:00:51,385 [grpc-default-executor-7] INFO  impl.RaftServerImpl (ServerState.java:setLeader(263)) - c0862f5c-5826-4b92-adfa-20dd0620b5c2:group-BA09F1E85783 change Leader from null to 8134e7f4-1e90-4318-ba5f-921a50abbefc at term 1 for appendEntries, leader elected after 5236ms
2019-09-11 00:00:51,385 [grpc-default-executor-3] INFO  server.GrpcLogAppender (GrpcLogAppender.java:onCompleted(292)) - 18b5dca1-5cee-4f4a-a372-b89973203a77->bbc2a5fa-cf2b-4b97-a6b6-c2260dff6e77: follower responses appendEntries COMPLETED
2019-09-11 00:00:51,385 [grpc-default-executor-1] INFO  server.GrpcServerProtocolService (GrpcServerProtocolService.java:onCompleted(104)) - d1866f23-e324-4f00-81e4-aba39189eab3: appendEntries completed
2019-09-11 00:00:51,387 [grpc-default-executor-3] INFO  impl.FollowerInfo (FollowerInfo.java:lambda$new$0(50)) - 18b5dca1-5cee-4f4a-a372-b89973203a77->bbc2a5fa-cf2b-4b97-a6b6-c2260dff6e77: nextIndex: updateUnconditionally 0 -> 0
2019-09-11 00:00:51,387 [Thread-4222] INFO  impl.RaftServerImpl (ServerState.java:setLeader(263)) - 8134e7f4-1e90-4318-ba5f-921a50abbefc:group-BA09F1E85783 change Leader from 8134e7f4-1e90-4318-ba5f-921a50abbefc to null at term 2 for updateCurrentTerm
2019-09-11 00:00:51,387 [Thread-4222] INFO  impl.RaftServerImpl (RaftServerImpl.java:setRole(171)) - 8134e7f4-1e90-4318-ba5f-921a50abbefc:group-BA09F1E85783 changes role from LEADER to FOLLOWER at term 2 for stepDown
2019-09-11 00:00:51,387 [Thread-4222] INFO  impl.RoleInfo (RoleInfo.java:shutdownLeaderState(104)) - 8134e7f4-1e90-4318-ba5f-921a50abbefc: shutdown LeaderState
2019-09-11 00:00:51,387 [grpc-default-executor-3] INFO  impl.RaftServerImpl (ServerState.java:setLeader(263)) - bbc2a5fa-cf2b-4b97-a6b6-c2260dff6e77:group-17BE19A598B1 change Leader from 18b5dca1-5cee-4f4a-a372-b89973203a77 to null at term 2 for updateCurrentTerm
2019-09-11 00:00:51,391 [org.apache.ratis.server.impl.LogAppender$AppenderDaemon$$Lambda$513/1922318765@2c73255f] WARN  server.GrpcLogAppender (GrpcLogAppender.java:mayWait(143)) - GrpcLogAppender(8134e7f4-1e90-4318-ba5f-921a50abbefc->c0862f5c-5826-4b92-adfa-20dd0620b5c2): Wait interrupted by java.lang.InterruptedException
2019-09-11 00:00:51,391 [8134e7f4-1e90-4318-ba5f-921a50abbefc-SegmentedRaftLogWorker:Storage Directory /workdir/hadoop-ozone/integration-test/target/test-dir/MiniOzoneClusterImpl-e22a53fb-91d7-4d35-81b0-6fa6ae710c0c/datanode-3/data/ratis/64f1e453-e329-4c68-939c-ba09f1e85783] INFO  segmented.SegmentedRaftLogWorker (SegmentedRaftLogWorker.java:execute(569)) - 8134e7f4-1e90-4318-ba5f-921a50abbefc-SegmentedRaftLogWorker:Storage Directory /workdir/hadoop-ozone/integration-test/target/test-dir/MiniOzoneClusterImpl-e22a53fb-91d7-4d35-81b0-6fa6ae710c0c/datanode-3/data/ratis/64f1e453-e329-4c68-939c-ba09f1e85783: created new log segment /workdir/hadoop-ozone/integration-test/target/test-dir/MiniOzoneClusterImpl-e22a53fb-91d7-4d35-81b0-6fa6ae710c0c/datanode-3/data/ratis/64f1e453-e329-4c68-939c-ba09f1e85783/current/log_inprogress_0
2019-09-11 00:00:51,391 [18b5dca1-5cee-4f4a-a372-b89973203a77-SegmentedRaftLogWorker:Storage Directory /workdir/hadoop-ozone/integration-test/target/test-dir/MiniOzoneClusterImpl-e22a53fb-91d7-4d35-81b0-6fa6ae710c0c/datanode-2/data/ratis/d2f15af8-242c-4cd8-8960-17be19a598b1] INFO  segmented.SegmentedRaftLogWorker (SegmentedRaftLogWorker.java:execute(569)) - 18b5dca1-5cee-4f4a-a372-b89973203a77-SegmentedRaftLogWorker:Storage Directory /workdir/hadoop-ozone/integration-test/target/test-dir/MiniOzoneClusterImpl-e22a53fb-91d7-4d35-81b0-6fa6ae710c0c/datanode-2/data/ratis/d2f15af8-242c-4cd8-8960-17be19a598b1: created new log segment /workdir/hadoop-ozone/integration-test/target/test-dir/MiniOzoneClusterImpl-e22a53fb-91d7-4d35-81b0-6fa6ae710c0c/datanode-2/data/ratis/d2f15af8-242c-4cd8-8960-17be19a598b1/current/log_inprogress_0
2019-09-11 00:00:51,391 [Thread-4222] INFO  impl.PendingRequests (PendingRequests.java:sendNotLeaderResponses(202)) - 8134e7f4-1e90-4318-ba5f-921a50abbefc-PendingRequests: sendNotLeaderResponses
2019-09-11 00:00:51,391 [org.apache.ratis.server.impl.LogAppender$AppenderDaemon$$Lambda$513/1922318765@6971beb5] WARN  server.GrpcLogAppender (GrpcLogAppender.java:mayWait(143)) - GrpcLogAppender(8134e7f4-1e90-4318-ba5f-921a50abbefc->e664e961-aac9-42bf-bdf1-066f5156a4eb): Wait interrupted by java.lang.InterruptedException
2019-09-11 00:00:51,388 [grpc-default-executor-9] INFO  impl.RaftServerImpl (ServerState.java:setLeader(263)) - c0862f5c-5826-4b92-adfa-20dd0620b5c2:group-BA09F1E85783 change Leader from 8134e7f4-1e90-4318-ba5f-921a50abbefc to null at term 2 for updateCurrentTerm
2019-09-11 00:00:51,393 [grpc-default-executor-9] INFO  impl.RaftServerImpl (RaftServerImpl.java:setRole(171)) - c0862f5c-5826-4b92-adfa-20dd0620b5c2:group-BA09F1E85783 changes role from FOLLOWER to FOLLOWER at term 2 for recognizeCandidate:e664e961-aac9-42bf-bdf1-066f5156a4eb
2019-09-11 00:00:51,393 [grpc-default-executor-9] INFO  impl.RoleInfo (RoleInfo.java:shutdownFollowerState(121)) - c0862f5c-5826-4b92-adfa-20dd0620b5c2: shutdown FollowerState
2019-09-11 00:00:51,393 [Thread-4222] INFO  impl.RoleInfo (RoleInfo.java:updateAndGet(143)) - 8134e7f4-1e90-4318-ba5f-921a50abbefc: start FollowerState
2019-09-11 00:00:51,393 [Thread-4215] INFO  impl.FollowerState (FollowerState.java:run(114)) - c0862f5c-5826-4b92-adfa-20dd0620b5c2: FollowerState was interrupted: java.lang.InterruptedException: sleep interrupted
2019-09-11 00:00:51,393 [grpc-default-executor-7] INFO  server.GrpcServerProtocolService (GrpcServerProtocolService.java:onCompleted(104)) - c0862f5c-5826-4b92-adfa-20dd0620b5c2: appendEntries completed
2019-09-11 00:00:51,392 [grpc-default-executor-5] INFO  impl.RaftServerImpl (RaftServerImpl.java:setRole(171)) - 18b5dca1-5cee-4f4a-a372-b89973203a77:group-17BE19A598B1 changes role from FOLLOWER to FOLLOWER at term 2 for recognizeCandidate:d1866f23-e324-4f00-81e4-aba39189eab3
2019-09-11 00:00:51,391 [grpc-default-executor-3] INFO  impl.RaftServerImpl (RaftServerImpl.java:setRole(171)) - bbc2a5fa-cf2b-4b97-a6b6-c2260dff6e77:group-17BE19A598B1 changes role from FOLLOWER to FOLLOWER at term 2 for recognizeCandidate:d1866f23-e324-4f00-81e4-aba39189eab3
2019-09-11 00:00:51,395 [grpc-default-executor-7] INFO  server.GrpcLogAppender (GrpcLogAppender.java:onCompleted(292)) - 8134e7f4-1e90-4318-ba5f-921a50abbefc->c0862f5c-5826-4b92-adfa-20dd0620b5c2: follower responses appendEntries COMPLETED
2019-09-11 00:00:51,395 [grpc-default-executor-5] INFO  impl.RoleInfo (RoleInfo.java:shutdownFollowerState(121)) - 18b5dca1-5cee-4f4a-a372-b89973203a77: shutdown FollowerState
2019-09-11 00:00:51,393 [grpc-default-executor-10] INFO  server.GrpcServerProtocolService (GrpcServerProtocolService.java:onCompleted(104)) - e664e961-aac9-42bf-bdf1-066f5156a4eb: appendEntries completed
2019-09-11 00:00:51,393 [grpc-default-executor-9] INFO  impl.RoleInfo (RoleInfo.java:updateAndGet(143)) - c0862f5c-5826-4b92-adfa-20dd0620b5c2: start FollowerState
2019-09-11 00:00:51,396 [Thread-4237] INFO  impl.FollowerState (FollowerState.java:run(114)) - 18b5dca1-5cee-4f4a-a372-b89973203a77: FollowerState was interrupted: java.lang.InterruptedException: sleep interrupted
2019-09-11 00:00:51,396 [grpc-default-executor-10] INFO  server.GrpcLogAppender (GrpcLogAppender.java:onCompleted(292)) - 8134e7f4-1e90-4318-ba5f-921a50abbefc->e664e961-aac9-42bf-bdf1-066f5156a4eb: follower responses appendEntries COMPLETED
2019-09-11 00:00:51,396 [grpc-default-executor-5] INFO  impl.RoleInfo (RoleInfo.java:updateAndGet(143)) - 18b5dca1-5cee-4f4a-a372-b89973203a77: start FollowerState
2019-09-11 00:00:51,396 [grpc-default-executor-7] INFO  impl.FollowerInfo (FollowerInfo.java:lambda$new$0(50)) - 8134e7f4-1e90-4318-ba5f-921a50abbefc->c0862f5c-5826-4b92-adfa-20dd0620b5c2: nextIndex: updateUnconditionally 0 -> 0
2019-09-11 00:00:51,398 [grpc-default-executor-8] INFO  server.GrpcLogAppender (GrpcLogAppender.java:onCompleted(292)) - 18b5dca1-5cee-4f4a-a372-b89973203a77->d1866f23-e324-4f00-81e4-aba39189eab3: follower responses appendEntries COMPLETED
2019-09-11 00:00:51,395 [grpc-default-executor-3] INFO  impl.RoleInfo (RoleInfo.java:shutdownFollowerState(121)) - bbc2a5fa-cf2b-4b97-a6b6-c2260dff6e77: shutdown FollowerState
2019-09-11 00:00:51,398 [grpc-default-executor-8] INFO  impl.FollowerInfo (FollowerInfo.java:lambda$new$0(50)) - 18b5dca1-5cee-4f4a-a372-b89973203a77->d1866f23-e324-4f00-81e4-aba39189eab3: nextIndex: updateUnconditionally 1 -> 0
2019-09-11 00:00:51,398 [grpc-default-executor-10] INFO  impl.FollowerInfo (FollowerInfo.java:lambda$new$0(50)) - 8134e7f4-1e90-4318-ba5f-921a50abbefc->e664e961-aac9-42bf-bdf1-066f5156a4eb: nextIndex: updateUnconditionally 0 -> 0
2019-09-11 00:00:51,398 [Thread-4218] INFO  impl.FollowerState (FollowerState.java:run(114)) - bbc2a5fa-cf2b-4b97-a6b6-c2260dff6e77: FollowerState was interrupted: java.lang.InterruptedException: sleep interrupted
2019-09-11 00:00:51,398 [grpc-default-executor-3] INFO  impl.RoleInfo (RoleInfo.java:updateAndGet(143)) - bbc2a5fa-cf2b-4b97-a6b6-c2260dff6e77: start FollowerState
2019-09-11 00:00:51,404 [grpc-default-executor-1] INFO  impl.RaftServerImpl (RaftServerImpl.java:setRole(171)) - 8134e7f4-1e90-4318-ba5f-921a50abbefc:group-BA09F1E85783 changes role from FOLLOWER to FOLLOWER at term 2 for recognizeCandidate:e664e961-aac9-42bf-bdf1-066f5156a4eb
2019-09-11 00:00:51,406 [grpc-default-executor-1] INFO  impl.RoleInfo (RoleInfo.java:shutdownFollowerState(121)) - 8134e7f4-1e90-4318-ba5f-921a50abbefc: shutdown FollowerState
2019-09-11 00:00:51,406 [grpc-default-executor-1] INFO  impl.RoleInfo (RoleInfo.java:updateAndGet(143)) - 8134e7f4-1e90-4318-ba5f-921a50abbefc: start FollowerState
2019-09-11 00:00:51,406 [Thread-4239] INFO  impl.FollowerState (FollowerState.java:run(114)) - 8134e7f4-1e90-4318-ba5f-921a50abbefc: FollowerState was interrupted: java.lang.InterruptedException: sleep interrupted
2019-09-11 00:00:52,332 [grpc-default-executor-3] INFO  client.GrpcClientProtocolClient (GrpcClientProtocolClient.java:onNext(255)) - client-C0043CEF3BBA->e664e961-aac9-42bf-bdf1-066f5156a4eb: receive RaftClientReply:client-C0043CEF3BBA->e664e961-aac9-42bf-bdf1-066f5156a4eb@group-BA09F1E85783, cid=208, FAILED org.apache.ratis.protocol.NotLeaderException: Server e664e961-aac9-42bf-bdf1-066f5156a4eb is not the leader (null). Request must be sent to leader., logIndex=0, commits[e664e961-aac9-42bf-bdf1-066f5156a4eb:c-1]
2019-09-11 00:00:53,343 [grpc-default-executor-9] INFO  client.GrpcClientProtocolClient (GrpcClientProtocolClient.java:onNext(255)) - client-C0043CEF3BBA->c0862f5c-5826-4b92-adfa-20dd0620b5c2: receive RaftClientReply:client-C0043CEF3BBA->c0862f5c-5826-4b92-adfa-20dd0620b5c2@group-BA09F1E85783, cid=208, FAILED org.apache.ratis.protocol.NotLeaderException: Server c0862f5c-5826-4b92-adfa-20dd0620b5c2 is not the leader (null). Request must be sent to leader., logIndex=0, commits[c0862f5c-5826-4b92-adfa-20dd0620b5c2:c-1, e664e961-aac9-42bf-bdf1-066f5156a4eb:c-1, 8134e7f4-1e90-4318-ba5f-921a50abbefc:c-1]
2019-09-11 00:00:54,354 [grpc-default-executor-9] INFO  client.GrpcClientProtocolClient (GrpcClientProtocolClient.java:onNext(255)) - client-C0043CEF3BBA->8134e7f4-1e90-4318-ba5f-921a50abbefc: receive RaftClientReply:client-C0043CEF3BBA->8134e7f4-1e90-4318-ba5f-921a50abbefc@group-BA09F1E85783, cid=208, FAILED org.apache.ratis.protocol.NotLeaderException: Server 8134e7f4-1e90-4318-ba5f-921a50abbefc is not the leader (null). Request must be sent to leader., logIndex=0, commits[8134e7f4-1e90-4318-ba5f-921a50abbefc:c-1, c0862f5c-5826-4b92-adfa-20dd0620b5c2:c-1, e664e961-aac9-42bf-bdf1-066f5156a4eb:c-1]
2019-09-11 00:00:55,369 [grpc-default-executor-3] INFO  client.GrpcClientProtocolClient (GrpcClientProtocolClient.java:onNext(255)) - client-C0043CEF3BBA->e664e961-aac9-42bf-bdf1-066f5156a4eb: receive RaftClientReply:client-C0043CEF3BBA->e664e961-aac9-42bf-bdf1-066f5156a4eb@group-BA09F1E85783, cid=208, FAILED org.apache.ratis.protocol.NotLeaderException: Server e664e961-aac9-42bf-bdf1-066f5156a4eb is not the leader (null). Request must be sent to leader., logIndex=0, commits[e664e961-aac9-42bf-bdf1-066f5156a4eb:c-1]
2019-09-11 00:00:56,332 [Thread-4219] INFO  impl.FollowerState (FollowerState.java:run(106)) - d1866f23-e324-4f00-81e4-aba39189eab3:group-17BE19A598B1 changes to CANDIDATE, lastRpcTime:5015, electionTimeout:5015ms
2019-09-11 00:00:56,332 [Thread-4219] INFO  impl.RoleInfo (RoleInfo.java:shutdownFollowerState(121)) - d1866f23-e324-4f00-81e4-aba39189eab3: shutdown FollowerState
2019-09-11 00:00:56,332 [Thread-4219] INFO  impl.RaftServerImpl (RaftServerImpl.java:setRole(171)) - d1866f23-e324-4f00-81e4-aba39189eab3:group-17BE19A598B1 changes role from FOLLOWER to CANDIDATE at term 2 for changeToCandidate
2019-09-11 00:00:56,332 [Thread-4219] INFO  impl.RoleInfo (RoleInfo.java:updateAndGet(143)) - d1866f23-e324-4f00-81e4-aba39189eab3: start LeaderElection
2019-09-11 00:00:56,351 [d1866f23-e324-4f00-81e4-aba39189eab3:group-17BE19A598B1:LeaderElection103] INFO  impl.LeaderElection (LeaderElection.java:askForVotes(181)) - d1866f23-e324-4f00-81e4-aba39189eab3:group-17BE19A598B1:LeaderElection103: begin an election at term 3 for -1: [d1866f23-e324-4f00-81e4-aba39189eab3:192.168.36.99:40086, 18b5dca1-5cee-4f4a-a372-b89973203a77:192.168.36.99:45926, bbc2a5fa-cf2b-4b97-a6b6-c2260dff6e77:192.168.36.99:36713], old=null
2019-09-11 00:00:56,354 [grpc-default-executor-3] INFO  impl.RaftServerImpl (RaftServerImpl.java:setRole(171)) - 18b5dca1-5cee-4f4a-a372-b89973203a77:group-17BE19A598B1 changes role from FOLLOWER to FOLLOWER at term 3 for recognizeCandidate:d1866f23-e324-4f00-81e4-aba39189eab3
2019-09-11 00:00:56,354 [grpc-default-executor-1] INFO  impl.RaftServerImpl (RaftServerImpl.java:setRole(171)) - bbc2a5fa-cf2b-4b97-a6b6-c2260dff6e77:group-17BE19A598B1 changes role from FOLLOWER to FOLLOWER at term 3 for recognizeCandidate:d1866f23-e324-4f00-81e4-aba39189eab3
2019-09-11 00:00:56,354 [grpc-default-executor-3] INFO  impl.RoleInfo (RoleInfo.java:shutdownFollowerState(121)) - 18b5dca1-5cee-4f4a-a372-b89973203a77: shutdown FollowerState
2019-09-11 00:00:56,354 [grpc-default-executor-1] INFO  impl.RoleInfo (RoleInfo.java:shutdownFollowerState(121)) - bbc2a5fa-cf2b-4b97-a6b6-c2260dff6e77: shutdown FollowerState
2019-09-11 00:00:56,354 [Thread-4241] INFO  impl.FollowerState (FollowerState.java:run(114)) - 18b5dca1-5cee-4f4a-a372-b89973203a77: FollowerState was interrupted: java.lang.InterruptedException: sleep interrupted
2019-09-11 00:00:56,354 [grpc-default-executor-3] INFO  impl.RoleInfo (RoleInfo.java:updateAndGet(143)) - 18b5dca1-5cee-4f4a-a372-b89973203a77: start FollowerState
2019-09-11 00:00:56,355 [Thread-4242] INFO  impl.FollowerState (FollowerState.java:run(114)) - bbc2a5fa-cf2b-4b97-a6b6-c2260dff6e77: FollowerState was interrupted: java.lang.InterruptedException: sleep interrupted
2019-09-11 00:00:56,355 [grpc-default-executor-1] INFO  impl.RoleInfo (RoleInfo.java:updateAndGet(143)) - bbc2a5fa-cf2b-4b97-a6b6-c2260dff6e77: start FollowerState
2019-09-11 00:00:56,377 [d1866f23-e324-4f00-81e4-aba39189eab3:group-17BE19A598B1:LeaderElection103] INFO  impl.LeaderElection (LeaderElection.java:logAndReturn(56)) - d1866f23-e324-4f00-81e4-aba39189eab3:group-17BE19A598B1:LeaderElection103: Election PASSED; received 1 response(s) [d1866f23-e324-4f00-81e4-aba39189eab3<-bbc2a5fa-cf2b-4b97-a6b6-c2260dff6e77#0:OK-t3] and 0 exception(s); d1866f23-e324-4f00-81e4-aba39189eab3:t3, leader=null, voted=d1866f23-e324-4f00-81e4-aba39189eab3, raftlog=d1866f23-e324-4f00-81e4-aba39189eab3-SegmentedRaftLog:OPENED:c-1,f-1,i0, conf=-1: [d1866f23-e324-4f00-81e4-aba39189eab3:192.168.36.99:40086, 18b5dca1-5cee-4f4a-a372-b89973203a77:192.168.36.99:45926, bbc2a5fa-cf2b-4b97-a6b6-c2260dff6e77:192.168.36.99:36713], old=null
2019-09-11 00:00:56,377 [d1866f23-e324-4f00-81e4-aba39189eab3:group-17BE19A598B1:LeaderElection103] INFO  impl.RoleInfo (RoleInfo.java:shutdownLeaderElection(134)) - d1866f23-e324-4f00-81e4-aba39189eab3: shutdown LeaderElection
2019-09-11 00:00:56,377 [d1866f23-e324-4f00-81e4-aba39189eab3:group-17BE19A598B1:LeaderElection103] INFO  impl.RaftServerImpl (RaftServerImpl.java:setRole(171)) - d1866f23-e324-4f00-81e4-aba39189eab3:group-17BE19A598B1 changes role from CANDIDATE to LEADER at term 3 for changeToLeader
2019-09-11 00:00:56,377 [d1866f23-e324-4f00-81e4-aba39189eab3:group-17BE19A598B1:LeaderElection103] INFO  impl.RaftServerImpl (ServerState.java:setLeader(263)) - d1866f23-e324-4f00-81e4-aba39189eab3:group-17BE19A598B1 change Leader from null to d1866f23-e324-4f00-81e4-aba39189eab3 at term 3 for becomeLeader, leader elected after 10173ms
2019-09-11 00:00:56,377 [grpc-default-executor-3] INFO  client.GrpcClientProtocolClient (GrpcClientProtocolClient.java:onNext(255)) - client-C0043CEF3BBA->8134e7f4-1e90-4318-ba5f-921a50abbefc: receive RaftClientReply:client-C0043CEF3BBA->8134e7f4-1e90-4318-ba5f-921a50abbefc@group-BA09F1E85783, cid=208, FAILED org.apache.ratis.protocol.NotLeaderException: Server 8134e7f4-1e90-4318-ba5f-921a50abbefc is not the leader (null). Request must be sent to leader., logIndex=0, commits[8134e7f4-1e90-4318-ba5f-921a50abbefc:c-1, c0862f5c-5826-4b92-adfa-20dd0620b5c2:c-1, e664e961-aac9-42bf-bdf1-066f5156a4eb:c-1]
2019-09-11 00:00:56,378 [d1866f23-e324-4f00-81e4-aba39189eab3:group-17BE19A598B1:LeaderElection103] INFO  server.RaftServerConfigKeys (ConfUtils.java:logGet(43)) - raft.server.staging.catchup.gap = 1000 (default)
2019-09-11 00:00:56,378 [d1866f23-e324-4f00-81e4-aba39189eab3:group-17BE19A598B1:LeaderElection103] INFO  server.RaftServerConfigKeys (ConfUtils.java:logGet(43)) - raft.server.rpc.sleep.time = 25ms (default)
2019-09-11 00:00:56,378 [d1866f23-e324-4f00-81e4-aba39189eab3:group-17BE19A598B1:LeaderElection103] INFO  server.RaftServerConfigKeys (ConfUtils.java:logGet(43)) - raft.server.write.element-limit = 4096 (default)
2019-09-11 00:00:56,378 [d1866f23-e324-4f00-81e4-aba39189eab3:group-17BE19A598B1:LeaderElection103] INFO  server.RaftServerConfigKeys (ConfUtils.java:logGet(43)) - raft.server.watch.timeout = 10s (default)
2019-09-11 00:00:56,381 [d1866f23-e324-4f00-81e4-aba39189eab3:group-17BE19A598B1:LeaderElection103] INFO  server.RaftServerConfigKeys (ConfUtils.java:logGet(43)) - raft.server.watch.timeout.denomination = 1s (default)
2019-09-11 00:00:56,381 [d1866f23-e324-4f00-81e4-aba39189eab3:group-17BE19A598B1:LeaderElection103] INFO  server.RaftServerConfigKeys (ConfUtils.java:logGet(43)) - raft.server.watch.element-limit = 65536 (default)
2019-09-11 00:00:56,381 [d1866f23-e324-4f00-81e4-aba39189eab3:group-17BE19A598B1:LeaderElection103] INFO  server.RaftServerConfigKeys (ConfUtils.java:logGet(43)) - raft.server.log.appender.snapshot.chunk.size.max = 16MB (=16777216) (default)
2019-09-11 00:00:56,382 [d1866f23-e324-4f00-81e4-aba39189eab3:group-17BE19A598B1:LeaderElection103] INFO  server.RaftServerConfigKeys (ConfUtils.java:logGet(43)) - raft.server.log.appender.buffer.byte-limit = 33554432 (custom)
2019-09-11 00:00:56,382 [d1866f23-e324-4f00-81e4-aba39189eab3:group-17BE19A598B1:LeaderElection103] INFO  server.RaftServerConfigKeys (ConfUtils.java:logGet(43)) - raft.server.log.appender.buffer.element-limit = 1 (custom)
2019-09-11 00:00:56,382 [d1866f23-e324-4f00-81e4-aba39189eab3:group-17BE19A598B1:LeaderElection103] INFO  grpc.GrpcConfigKeys$Server (ConfUtils.java:logGet(43)) - raft.grpc.server.leader.outstanding.appends.max = 128 (default)
2019-09-11 00:00:56,382 [d1866f23-e324-4f00-81e4-aba39189eab3:group-17BE19A598B1:LeaderElection103] INFO  server.RaftServerConfigKeys (ConfUtils.java:logGet(43)) - raft.server.rpc.request.timeout = 3000ms (default)
2019-09-11 00:00:56,382 [d1866f23-e324-4f00-81e4-aba39189eab3:group-17BE19A598B1:LeaderElection103] INFO  server.RaftServerConfigKeys (ConfUtils.java:logGet(43)) - raft.server.log.appender.install.snapshot.enabled = false (custom)
2019-09-11 00:00:56,383 [d1866f23-e324-4f00-81e4-aba39189eab3:group-17BE19A598B1:LeaderElection103] INFO  server.RaftServerConfigKeys (ConfUtils.java:logGet(43)) - raft.server.log.appender.snapshot.chunk.size.max = 16MB (=16777216) (default)
2019-09-11 00:00:56,383 [d1866f23-e324-4f00-81e4-aba39189eab3:group-17BE19A598B1:LeaderElection103] INFO  server.RaftServerConfigKeys (ConfUtils.java:logGet(43)) - raft.server.log.appender.buffer.byte-limit = 33554432 (custom)
2019-09-11 00:00:56,383 [d1866f23-e324-4f00-81e4-aba39189eab3:group-17BE19A598B1:LeaderElection103] INFO  server.RaftServerConfigKeys (ConfUtils.java:logGet(43)) - raft.server.log.appender.buffer.element-limit = 1 (custom)
2019-09-11 00:00:56,383 [d1866f23-e324-4f00-81e4-aba39189eab3:group-17BE19A598B1:LeaderElection103] INFO  grpc.GrpcConfigKeys$Server (ConfUtils.java:logGet(43)) - raft.grpc.server.leader.outstanding.appends.max = 128 (default)
2019-09-11 00:00:56,383 [d1866f23-e324-4f00-81e4-aba39189eab3:group-17BE19A598B1:LeaderElection103] INFO  server.RaftServerConfigKeys (ConfUtils.java:logGet(43)) - raft.server.rpc.request.timeout = 3000ms (default)
2019-09-11 00:00:56,383 [d1866f23-e324-4f00-81e4-aba39189eab3:group-17BE19A598B1:LeaderElection103] INFO  server.RaftServerConfigKeys (ConfUtils.java:logGet(43)) - raft.server.log.appender.install.snapshot.enabled = false (custom)
2019-09-11 00:00:56,384 [d1866f23-e324-4f00-81e4-aba39189eab3:group-17BE19A598B1:LeaderElection103] INFO  impl.RoleInfo (RoleInfo.java:updateAndGet(143)) - d1866f23-e324-4f00-81e4-aba39189eab3: start LeaderState
2019-09-11 00:00:56,384 [d1866f23-e324-4f00-81e4-aba39189eab3:group-17BE19A598B1:LeaderElection103] INFO  segmented.SegmentedRaftLogWorker (SegmentedRaftLogWorker.java:startLogSegment(380)) - d1866f23-e324-4f00-81e4-aba39189eab3-SegmentedRaftLogWorker:Storage Directory /workdir/hadoop-ozone/integration-test/target/test-dir/MiniOzoneClusterImpl-e22a53fb-91d7-4d35-81b0-6fa6ae710c0c/datanode-0/data/ratis/d2f15af8-242c-4cd8-8960-17be19a598b1: Starting segment from index:0
2019-09-11 00:00:56,385 [d1866f23-e324-4f00-81e4-aba39189eab3:group-17BE19A598B1:LeaderElection103] INFO  impl.RaftServerImpl (ServerState.java:setRaftConf(361)) - d1866f23-e324-4f00-81e4-aba39189eab3:group-17BE19A598B1 set configuration 0: [d1866f23-e324-4f00-81e4-aba39189eab3:192.168.36.99:40086, 18b5dca1-5cee-4f4a-a372-b89973203a77:192.168.36.99:45926, bbc2a5fa-cf2b-4b97-a6b6-c2260dff6e77:192.168.36.99:36713], old=null at 0
2019-09-11 00:00:56,386 [grpc-default-executor-3] INFO  impl.RaftServerImpl (ServerState.java:setLeader(263)) - 18b5dca1-5cee-4f4a-a372-b89973203a77:group-17BE19A598B1 change Leader from null to d1866f23-e324-4f00-81e4-aba39189eab3 at term 3 for appendEntries, leader elected after 5043ms
2019-09-11 00:00:56,386 [grpc-default-executor-1] INFO  impl.RaftServerImpl (ServerState.java:setLeader(263)) - bbc2a5fa-cf2b-4b97-a6b6-c2260dff6e77:group-17BE19A598B1 change Leader from null to d1866f23-e324-4f00-81e4-aba39189eab3 at term 3 for appendEntries, leader elected after 4998ms
2019-09-11 00:00:56,388 [grpc-default-executor-1] INFO  impl.RaftServerImpl (ServerState.java:setRaftConf(361)) - 18b5dca1-5cee-4f4a-a372-b89973203a77:group-17BE19A598B1 set configuration 0: [d1866f23-e324-4f00-81e4-aba39189eab3:192.168.36.99:40086, 18b5dca1-5cee-4f4a-a372-b89973203a77:192.168.36.99:45926, bbc2a5fa-cf2b-4b97-a6b6-c2260dff6e77:192.168.36.99:36713], old=null at 0
2019-09-11 00:00:56,389 [grpc-default-executor-3] INFO  impl.RaftServerImpl (ServerState.java:setRaftConf(361)) - bbc2a5fa-cf2b-4b97-a6b6-c2260dff6e77:group-17BE19A598B1 set configuration 0: [d1866f23-e324-4f00-81e4-aba39189eab3:192.168.36.99:40086, 18b5dca1-5cee-4f4a-a372-b89973203a77:192.168.36.99:45926, bbc2a5fa-cf2b-4b97-a6b6-c2260dff6e77:192.168.36.99:36713], old=null at 0
2019-09-11 00:00:56,389 [grpc-default-executor-3] INFO  segmented.SegmentedRaftLogWorker (SegmentedRaftLogWorker.java:startLogSegment(380)) - bbc2a5fa-cf2b-4b97-a6b6-c2260dff6e77-SegmentedRaftLogWorker:Storage Directory /workdir/hadoop-ozone/integration-test/target/test-dir/MiniOzoneClusterImpl-e22a53fb-91d7-4d35-81b0-6fa6ae710c0c/datanode-6/data/ratis/d2f15af8-242c-4cd8-8960-17be19a598b1: Starting segment from index:0
2019-09-11 00:00:56,389 [grpc-default-executor-1] INFO  segmented.SegmentedRaftLogWorker (SegmentedRaftLogWorker.java:truncate(396)) - 18b5dca1-5cee-4f4a-a372-b89973203a77-SegmentedRaftLogWorker:Storage Directory /workdir/hadoop-ozone/integration-test/target/test-dir/MiniOzoneClusterImpl-e22a53fb-91d7-4d35-81b0-6fa6ae710c0c/datanode-2/data/ratis/d2f15af8-242c-4cd8-8960-17be19a598b1: Truncating segments toTruncate: null
  toDelete: [(0, 0) isOpen? true, length=0, newEndIndex=-1], start index 0
2019-09-11 00:00:56,390 [grpc-default-executor-1] INFO  segmented.SegmentedRaftLogWorker (SegmentedRaftLogWorker.java:startLogSegment(380)) - 18b5dca1-5cee-4f4a-a372-b89973203a77-SegmentedRaftLogWorker:Storage Directory /workdir/hadoop-ozone/integration-test/target/test-dir/MiniOzoneClusterImpl-e22a53fb-91d7-4d35-81b0-6fa6ae710c0c/datanode-2/data/ratis/d2f15af8-242c-4cd8-8960-17be19a598b1: Starting segment from index:0
2019-09-11 00:00:56,390 [18b5dca1-5cee-4f4a-a372-b89973203a77-SegmentedRaftLogWorker:Storage Directory /workdir/hadoop-ozone/integration-test/target/test-dir/MiniOzoneClusterImpl-e22a53fb-91d7-4d35-81b0-6fa6ae710c0c/datanode-2/data/ratis/d2f15af8-242c-4cd8-8960-17be19a598b1] INFO  segmented.SegmentedRaftLogWorker (SegmentedRaftLogWorker.java:execute(633)) - 18b5dca1-5cee-4f4a-a372-b89973203a77-SegmentedRaftLogWorker:Storage Directory /workdir/hadoop-ozone/integration-test/target/test-dir/MiniOzoneClusterImpl-e22a53fb-91d7-4d35-81b0-6fa6ae710c0c/datanode-2/data/ratis/d2f15af8-242c-4cd8-8960-17be19a598b1: Deleted log file /workdir/hadoop-ozone/integration-test/target/test-dir/MiniOzoneClusterImpl-e22a53fb-91d7-4d35-81b0-6fa6ae710c0c/datanode-2/data/ratis/d2f15af8-242c-4cd8-8960-17be19a598b1/current/log_inprogress_0
2019-09-11 00:00:56,391 [18b5dca1-5cee-4f4a-a372-b89973203a77-SegmentedRaftLogWorker:Storage Directory /workdir/hadoop-ozone/integration-test/target/test-dir/MiniOzoneClusterImpl-e22a53fb-91d7-4d35-81b0-6fa6ae710c0c/datanode-2/data/ratis/d2f15af8-242c-4cd8-8960-17be19a598b1] INFO  segmented.SegmentedRaftLogWorker (SegmentedRaftLogWorker.java:lambda$new$0(132)) - 18b5dca1-5cee-4f4a-a372-b89973203a77-SegmentedRaftLogWorker:Storage Directory /workdir/hadoop-ozone/integration-test/target/test-dir/MiniOzoneClusterImpl-e22a53fb-91d7-4d35-81b0-6fa6ae710c0c/datanode-2/data/ratis/d2f15af8-242c-4cd8-8960-17be19a598b1: flushIndex: setUnconditionally 0 -> -1
2019-09-11 00:00:56,444 [d1866f23-e324-4f00-81e4-aba39189eab3-SegmentedRaftLogWorker:Storage Directory /workdir/hadoop-ozone/integration-test/target/test-dir/MiniOzoneClusterImpl-e22a53fb-91d7-4d35-81b0-6fa6ae710c0c/datanode-0/data/ratis/d2f15af8-242c-4cd8-8960-17be19a598b1] INFO  segmented.SegmentedRaftLogWorker (SegmentedRaftLogWorker.java:execute(569)) - d1866f23-e324-4f00-81e4-aba39189eab3-SegmentedRaftLogWorker:Storage Directory /workdir/hadoop-ozone/integration-test/target/test-dir/MiniOzoneClusterImpl-e22a53fb-91d7-4d35-81b0-6fa6ae710c0c/datanode-0/data/ratis/d2f15af8-242c-4cd8-8960-17be19a598b1: created new log segment /workdir/hadoop-ozone/integration-test/target/test-dir/MiniOzoneClusterImpl-e22a53fb-91d7-4d35-81b0-6fa6ae710c0c/datanode-0/data/ratis/d2f15af8-242c-4cd8-8960-17be19a598b1/current/log_inprogress_0
2019-09-11 00:00:56,445 [bbc2a5fa-cf2b-4b97-a6b6-c2260dff6e77-SegmentedRaftLogWorker:Storage Directory /workdir/hadoop-ozone/integration-test/target/test-dir/MiniOzoneClusterImpl-e22a53fb-91d7-4d35-81b0-6fa6ae710c0c/datanode-6/data/ratis/d2f15af8-242c-4cd8-8960-17be19a598b1] INFO  segmented.SegmentedRaftLogWorker (SegmentedRaftLogWorker.java:execute(569)) - bbc2a5fa-cf2b-4b97-a6b6-c2260dff6e77-SegmentedRaftLogWorker:Storage Directory /workdir/hadoop-ozone/integration-test/target/test-dir/MiniOzoneClusterImpl-e22a53fb-91d7-4d35-81b0-6fa6ae710c0c/datanode-6/data/ratis/d2f15af8-242c-4cd8-8960-17be19a598b1: created new log segment /workdir/hadoop-ozone/integration-test/target/test-dir/MiniOzoneClusterImpl-e22a53fb-91d7-4d35-81b0-6fa6ae710c0c/datanode-6/data/ratis/d2f15af8-242c-4cd8-8960-17be19a598b1/current/log_inprogress_0
2019-09-11 00:00:56,445 [18b5dca1-5cee-4f4a-a372-b89973203a77-SegmentedRaftLogWorker:Storage Directory /workdir/hadoop-ozone/integration-test/target/test-dir/MiniOzoneClusterImpl-e22a53fb-91d7-4d35-81b0-6fa6ae710c0c/datanode-2/data/ratis/d2f15af8-242c-4cd8-8960-17be19a598b1] INFO  segmented.SegmentedRaftLogWorker (SegmentedRaftLogWorker.java:execute(569)) - 18b5dca1-5cee-4f4a-a372-b89973203a77-SegmentedRaftLogWorker:Storage Directory /workdir/hadoop-ozone/integration-test/target/test-dir/MiniOzoneClusterImpl-e22a53fb-91d7-4d35-81b0-6fa6ae710c0c/datanode-2/data/ratis/d2f15af8-242c-4cd8-8960-17be19a598b1: created new log segment /workdir/hadoop-ozone/integration-test/target/test-dir/MiniOzoneClusterImpl-e22a53fb-91d7-4d35-81b0-6fa6ae710c0c/datanode-2/data/ratis/d2f15af8-242c-4cd8-8960-17be19a598b1/current/log_inprogress_0
2019-09-11 00:00:56,475 [Thread-4243] INFO  impl.FollowerState (FollowerState.java:run(106)) - 8134e7f4-1e90-4318-ba5f-921a50abbefc:group-BA09F1E85783 changes to CANDIDATE, lastRpcTime:5068, electionTimeout:5067ms
2019-09-11 00:00:56,475 [Thread-4243] INFO  impl.RoleInfo (RoleInfo.java:shutdownFollowerState(121)) - 8134e7f4-1e90-4318-ba5f-921a50abbefc: shutdown FollowerState
2019-09-11 00:00:56,475 [Thread-4243] INFO  impl.RaftServerImpl (RaftServerImpl.java:setRole(171)) - 8134e7f4-1e90-4318-ba5f-921a50abbefc:group-BA09F1E85783 changes role from FOLLOWER to CANDIDATE at term 2 for changeToCandidate
2019-09-11 00:00:56,476 [Thread-4243] INFO  impl.RoleInfo (RoleInfo.java:updateAndGet(143)) - 8134e7f4-1e90-4318-ba5f-921a50abbefc: start LeaderElection
2019-09-11 00:00:56,488 [Thread-4220] INFO  impl.FollowerState (FollowerState.java:run(106)) - e664e961-aac9-42bf-bdf1-066f5156a4eb:group-BA09F1E85783 changes to CANDIDATE, lastRpcTime:5171, electionTimeout:5171ms
2019-09-11 00:00:56,488 [Thread-4220] INFO  impl.RoleInfo (RoleInfo.java:shutdownFollowerState(121)) - e664e961-aac9-42bf-bdf1-066f5156a4eb: shutdown FollowerState
2019-09-11 00:00:56,488 [Thread-4220] INFO  impl.RaftServerImpl (RaftServerImpl.java:setRole(171)) - e664e961-aac9-42bf-bdf1-066f5156a4eb:group-BA09F1E85783 changes role from FOLLOWER to CANDIDATE at term 2 for changeToCandidate
2019-09-11 00:00:56,488 [Thread-4220] INFO  impl.RoleInfo (RoleInfo.java:updateAndGet(143)) - e664e961-aac9-42bf-bdf1-066f5156a4eb: start LeaderElection
2019-09-11 00:00:56,503 [Thread-4240] INFO  impl.FollowerState (FollowerState.java:run(106)) - c0862f5c-5826-4b92-adfa-20dd0620b5c2:group-BA09F1E85783 changes to CANDIDATE, lastRpcTime:5109, electionTimeout:5105ms
2019-09-11 00:00:56,503 [Thread-4240] INFO  impl.RoleInfo (RoleInfo.java:shutdownFollowerState(121)) - c0862f5c-5826-4b92-adfa-20dd0620b5c2: shutdown FollowerState
2019-09-11 00:00:56,503 [Thread-4240] INFO  impl.RaftServerImpl (RaftServerImpl.java:setRole(171)) - c0862f5c-5826-4b92-adfa-20dd0620b5c2:group-BA09F1E85783 changes role from FOLLOWER to CANDIDATE at term 2 for changeToCandidate
2019-09-11 00:00:56,503 [Thread-4240] INFO  impl.RoleInfo (RoleInfo.java:updateAndGet(143)) - c0862f5c-5826-4b92-adfa-20dd0620b5c2: start LeaderElection
2019-09-11 00:00:56,506 [8134e7f4-1e90-4318-ba5f-921a50abbefc:group-BA09F1E85783:LeaderElection104] INFO  impl.LeaderElection (LeaderElection.java:askForVotes(181)) - 8134e7f4-1e90-4318-ba5f-921a50abbefc:group-BA09F1E85783:LeaderElection104: begin an election at term 3 for 0: [c0862f5c-5826-4b92-adfa-20dd0620b5c2:192.168.36.99:37443, e664e961-aac9-42bf-bdf1-066f5156a4eb:192.168.36.99:35473, 8134e7f4-1e90-4318-ba5f-921a50abbefc:192.168.36.99:39977], old=null
2019-09-11 00:00:56,506 [e664e961-aac9-42bf-bdf1-066f5156a4eb:group-BA09F1E85783:LeaderElection105] INFO  impl.LeaderElection (LeaderElection.java:askForVotes(181)) - e664e961-aac9-42bf-bdf1-066f5156a4eb:group-BA09F1E85783:LeaderElection105: begin an election at term 3 for -1: [c0862f5c-5826-4b92-adfa-20dd0620b5c2:192.168.36.99:37443, e664e961-aac9-42bf-bdf1-066f5156a4eb:192.168.36.99:35473, 8134e7f4-1e90-4318-ba5f-921a50abbefc:192.168.36.99:39977], old=null
2019-09-11 00:00:56,520 [c0862f5c-5826-4b92-adfa-20dd0620b5c2:group-BA09F1E85783:LeaderElection106] INFO  impl.LeaderElection (LeaderElection.java:askForVotes(181)) - c0862f5c-5826-4b92-adfa-20dd0620b5c2:group-BA09F1E85783:LeaderElection106: begin an election at term 3 for -1: [c0862f5c-5826-4b92-adfa-20dd0620b5c2:192.168.36.99:37443, e664e961-aac9-42bf-bdf1-066f5156a4eb:192.168.36.99:35473, 8134e7f4-1e90-4318-ba5f-921a50abbefc:192.168.36.99:39977], old=null
2019-09-11 00:00:56,521 [e664e961-aac9-42bf-bdf1-066f5156a4eb:group-BA09F1E85783:LeaderElection105] INFO  impl.LeaderElection (LeaderElection.java:logAndReturn(56)) - e664e961-aac9-42bf-bdf1-066f5156a4eb:group-BA09F1E85783:LeaderElection105: Election REJECTED; received 2 response(s) [e664e961-aac9-42bf-bdf1-066f5156a4eb<-c0862f5c-5826-4b92-adfa-20dd0620b5c2#0:FAIL-t3, e664e961-aac9-42bf-bdf1-066f5156a4eb<-8134e7f4-1e90-4318-ba5f-921a50abbefc#0:FAIL-t3] and 0 exception(s); e664e961-aac9-42bf-bdf1-066f5156a4eb:t3, leader=null, voted=e664e961-aac9-42bf-bdf1-066f5156a4eb, raftlog=e664e961-aac9-42bf-bdf1-066f5156a4eb-SegmentedRaftLog:OPENED:c-1,f-1,i0, conf=-1: [c0862f5c-5826-4b92-adfa-20dd0620b5c2:192.168.36.99:37443, e664e961-aac9-42bf-bdf1-066f5156a4eb:192.168.36.99:35473, 8134e7f4-1e90-4318-ba5f-921a50abbefc:192.168.36.99:39977], old=null
2019-09-11 00:00:56,521 [8134e7f4-1e90-4318-ba5f-921a50abbefc:group-BA09F1E85783:LeaderElection104] INFO  impl.LeaderElection (LeaderElection.java:logAndReturn(56)) - 8134e7f4-1e90-4318-ba5f-921a50abbefc:group-BA09F1E85783:LeaderElection104: Election REJECTED; received 2 response(s) [8134e7f4-1e90-4318-ba5f-921a50abbefc<-c0862f5c-5826-4b92-adfa-20dd0620b5c2#0:FAIL-t3, 8134e7f4-1e90-4318-ba5f-921a50abbefc<-e664e961-aac9-42bf-bdf1-066f5156a4eb#0:FAIL-t3] and 0 exception(s); 8134e7f4-1e90-4318-ba5f-921a50abbefc:t3, leader=null, voted=8134e7f4-1e90-4318-ba5f-921a50abbefc, raftlog=8134e7f4-1e90-4318-ba5f-921a50abbefc-SegmentedRaftLog:OPENED:c-1,f0,i0, conf=0: [c0862f5c-5826-4b92-adfa-20dd0620b5c2:192.168.36.99:37443, e664e961-aac9-42bf-bdf1-066f5156a4eb:192.168.36.99:35473, 8134e7f4-1e90-4318-ba5f-921a50abbefc:192.168.36.99:39977], old=null
2019-09-11 00:00:56,521 [e664e961-aac9-42bf-bdf1-066f5156a4eb:group-BA09F1E85783:LeaderElection105] INFO  impl.RaftServerImpl (RaftServerImpl.java:setRole(171)) - e664e961-aac9-42bf-bdf1-066f5156a4eb:group-BA09F1E85783 changes role from CANDIDATE to FOLLOWER at term 3 for DISCOVERED_A_NEW_TERM
2019-09-11 00:00:56,521 [e664e961-aac9-42bf-bdf1-066f5156a4eb:group-BA09F1E85783:LeaderElection105] INFO  impl.RoleInfo (RoleInfo.java:shutdownLeaderElection(134)) - e664e961-aac9-42bf-bdf1-066f5156a4eb: shutdown LeaderElection
2019-09-11 00:00:56,521 [8134e7f4-1e90-4318-ba5f-921a50abbefc:group-BA09F1E85783:LeaderElection104] INFO  impl.RaftServerImpl (RaftServerImpl.java:setRole(171)) - 8134e7f4-1e90-4318-ba5f-921a50abbefc:group-BA09F1E85783 changes role from CANDIDATE to FOLLOWER at term 3 for DISCOVERED_A_NEW_TERM
2019-09-11 00:00:56,521 [e664e961-aac9-42bf-bdf1-066f5156a4eb:group-BA09F1E85783:LeaderElection105] INFO  impl.RoleInfo (RoleInfo.java:updateAndGet(143)) - e664e961-aac9-42bf-bdf1-066f5156a4eb: start FollowerState
2019-09-11 00:00:56,521 [8134e7f4-1e90-4318-ba5f-921a50abbefc:group-BA09F1E85783:LeaderElection104] INFO  impl.RoleInfo (RoleInfo.java:shutdownLeaderElection(134)) - 8134e7f4-1e90-4318-ba5f-921a50abbefc: shutdown LeaderElection
2019-09-11 00:00:56,522 [8134e7f4-1e90-4318-ba5f-921a50abbefc:group-BA09F1E85783:LeaderElection104] INFO  impl.RoleInfo (RoleInfo.java:updateAndGet(143)) - 8134e7f4-1e90-4318-ba5f-921a50abbefc: start FollowerState
2019-09-11 00:00:56,524 [c0862f5c-5826-4b92-adfa-20dd0620b5c2:group-BA09F1E85783:LeaderElection106] INFO  impl.LeaderElection (LeaderElection.java:logAndReturn(56)) - c0862f5c-5826-4b92-adfa-20dd0620b5c2:group-BA09F1E85783:LeaderElection106: Election REJECTED; received 2 response(s) [c0862f5c-5826-4b92-adfa-20dd0620b5c2<-e664e961-aac9-42bf-bdf1-066f5156a4eb#0:FAIL-t3, c0862f5c-5826-4b92-adfa-20dd0620b5c2<-8134e7f4-1e90-4318-ba5f-921a50abbefc#0:FAIL-t3] and 0 exception(s); c0862f5c-5826-4b92-adfa-20dd0620b5c2:t3, leader=null, voted=c0862f5c-5826-4b92-adfa-20dd0620b5c2, raftlog=c0862f5c-5826-4b92-adfa-20dd0620b5c2-SegmentedRaftLog:OPENED:c-1,f-1,i0, conf=-1: [c0862f5c-5826-4b92-adfa-20dd0620b5c2:192.168.36.99:37443, e664e961-aac9-42bf-bdf1-066f5156a4eb:192.168.36.99:35473, 8134e7f4-1e90-4318-ba5f-921a50abbefc:192.168.36.99:39977], old=null
2019-09-11 00:00:56,524 [c0862f5c-5826-4b92-adfa-20dd0620b5c2:group-BA09F1E85783:LeaderElection106] INFO  impl.RaftServerImpl (RaftServerImpl.java:setRole(171)) - c0862f5c-5826-4b92-adfa-20dd0620b5c2:group-BA09F1E85783 changes role from CANDIDATE to FOLLOWER at term 3 for DISCOVERED_A_NEW_TERM
2019-09-11 00:00:56,524 [c0862f5c-5826-4b92-adfa-20dd0620b5c2:group-BA09F1E85783:LeaderElection106] INFO  impl.RoleInfo (RoleInfo.java:shutdownLeaderElection(134)) - c0862f5c-5826-4b92-adfa-20dd0620b5c2: shutdown LeaderElection
2019-09-11 00:00:56,525 [c0862f5c-5826-4b92-adfa-20dd0620b5c2:group-BA09F1E85783:LeaderElection106] INFO  impl.RoleInfo (RoleInfo.java:updateAndGet(143)) - c0862f5c-5826-4b92-adfa-20dd0620b5c2: start FollowerState
2019-09-11 00:00:57,386 [grpc-default-executor-3] INFO  client.GrpcClientProtocolClient (GrpcClientProtocolClient.java:onNext(255)) - client-C0043CEF3BBA->e664e961-aac9-42bf-bdf1-066f5156a4eb: receive RaftClientReply:client-C0043CEF3BBA->e664e961-aac9-42bf-bdf1-066f5156a4eb@group-BA09F1E85783, cid=208, FAILED org.apache.ratis.protocol.NotLeaderException: Server e664e961-aac9-42bf-bdf1-066f5156a4eb is not the leader (null). Request must be sent to leader., logIndex=0, commits[e664e961-aac9-42bf-bdf1-066f5156a4eb:c-1]
2019-09-11 00:00:58,396 [grpc-default-executor-3] INFO  client.GrpcClientProtocolClient (GrpcClientProtocolClient.java:onNext(255)) - client-C0043CEF3BBA->8134e7f4-1e90-4318-ba5f-921a50abbefc: receive RaftClientReply:client-C0043CEF3BBA->8134e7f4-1e90-4318-ba5f-921a50abbefc@group-BA09F1E85783, cid=208, FAILED org.apache.ratis.protocol.NotLeaderException: Server 8134e7f4-1e90-4318-ba5f-921a50abbefc is not the leader (null). Request must be sent to leader., logIndex=0, commits[8134e7f4-1e90-4318-ba5f-921a50abbefc:c-1, c0862f5c-5826-4b92-adfa-20dd0620b5c2:c-1, e664e961-aac9-42bf-bdf1-066f5156a4eb:c-1]
2019-09-11 00:00:59,407 [grpc-default-executor-9] INFO  client.GrpcClientProtocolClient (GrpcClientProtocolClient.java:onNext(255)) - client-C0043CEF3BBA->c0862f5c-5826-4b92-adfa-20dd0620b5c2: receive RaftClientReply:client-C0043CEF3BBA->c0862f5c-5826-4b92-adfa-20dd0620b5c2@group-BA09F1E85783, cid=208, FAILED org.apache.ratis.protocol.NotLeaderException: Server c0862f5c-5826-4b92-adfa-20dd0620b5c2 is not the leader (null). Request must be sent to leader., logIndex=0, commits[c0862f5c-5826-4b92-adfa-20dd0620b5c2:c-1, e664e961-aac9-42bf-bdf1-066f5156a4eb:c-1, 8134e7f4-1e90-4318-ba5f-921a50abbefc:c-1]
2019-09-11 00:01:00,418 [grpc-default-executor-9] INFO  client.GrpcClientProtocolClient (GrpcClientProtocolClient.java:onNext(255)) - client-C0043CEF3BBA->e664e961-aac9-42bf-bdf1-066f5156a4eb: receive RaftClientReply:client-C0043CEF3BBA->e664e961-aac9-42bf-bdf1-066f5156a4eb@group-BA09F1E85783, cid=208, FAILED org.apache.ratis.protocol.NotLeaderException: Server e664e961-aac9-42bf-bdf1-066f5156a4eb is not the leader (null). Request must be sent to leader., logIndex=0, commits[e664e961-aac9-42bf-bdf1-066f5156a4eb:c-1]
2019-09-11 00:01:01,427 [grpc-default-executor-3] INFO  client.GrpcClientProtocolClient (GrpcClientProtocolClient.java:onNext(255)) - client-C0043CEF3BBA->8134e7f4-1e90-4318-ba5f-921a50abbefc: receive RaftClientReply:client-C0043CEF3BBA->8134e7f4-1e90-4318-ba5f-921a50abbefc@group-BA09F1E85783, cid=208, FAILED org.apache.ratis.protocol.NotLeaderException: Server 8134e7f4-1e90-4318-ba5f-921a50abbefc is not the leader (null). Request must be sent to leader., logIndex=0, commits[8134e7f4-1e90-4318-ba5f-921a50abbefc:c-1, c0862f5c-5826-4b92-adfa-20dd0620b5c2:c-1, e664e961-aac9-42bf-bdf1-066f5156a4eb:c-1]
2019-09-11 00:01:01,606 [Thread-4299] INFO  impl.FollowerState (FollowerState.java:run(106)) - c0862f5c-5826-4b92-adfa-20dd0620b5c2:group-BA09F1E85783 changes to CANDIDATE, lastRpcTime:5081, electionTimeout:5081ms
2019-09-11 00:01:01,606 [Thread-4299] INFO  impl.RoleInfo (RoleInfo.java:shutdownFollowerState(121)) - c0862f5c-5826-4b92-adfa-20dd0620b5c2: shutdown FollowerState
2019-09-11 00:01:01,607 [Thread-4299] INFO  impl.RaftServerImpl (RaftServerImpl.java:setRole(171)) - c0862f5c-5826-4b92-adfa-20dd0620b5c2:group-BA09F1E85783 changes role from FOLLOWER to CANDIDATE at term 3 for changeToCandidate
2019-09-11 00:01:01,607 [Thread-4299] INFO  impl.RoleInfo (RoleInfo.java:updateAndGet(143)) - c0862f5c-5826-4b92-adfa-20dd0620b5c2: start LeaderElection
2019-09-11 00:01:01,625 [c0862f5c-5826-4b92-adfa-20dd0620b5c2:group-BA09F1E85783:LeaderElection107] INFO  impl.LeaderElection (LeaderElection.java:askForVotes(181)) - c0862f5c-5826-4b92-adfa-20dd0620b5c2:group-BA09F1E85783:LeaderElection107: begin an election at term 4 for -1: [c0862f5c-5826-4b92-adfa-20dd0620b5c2:192.168.36.99:37443, e664e961-aac9-42bf-bdf1-066f5156a4eb:192.168.36.99:35473, 8134e7f4-1e90-4318-ba5f-921a50abbefc:192.168.36.99:39977], old=null
2019-09-11 00:01:01,628 [grpc-default-executor-3] INFO  impl.RaftServerImpl (RaftServerImpl.java:setRole(171)) - 8134e7f4-1e90-4318-ba5f-921a50abbefc:group-BA09F1E85783 changes role from FOLLOWER to FOLLOWER at term 4 for recognizeCandidate:c0862f5c-5826-4b92-adfa-20dd0620b5c2
2019-09-11 00:01:01,629 [grpc-default-executor-3] INFO  impl.RoleInfo (RoleInfo.java:shutdownFollowerState(121)) - 8134e7f4-1e90-4318-ba5f-921a50abbefc: shutdown FollowerState
2019-09-11 00:01:01,628 [grpc-default-executor-9] INFO  impl.RaftServerImpl (RaftServerImpl.java:setRole(171)) - e664e961-aac9-42bf-bdf1-066f5156a4eb:group-BA09F1E85783 changes role from FOLLOWER to FOLLOWER at term 4 for recognizeCandidate:c0862f5c-5826-4b92-adfa-20dd0620b5c2
2019-09-11 00:01:01,629 [Thread-4298] INFO  impl.FollowerState (FollowerState.java:run(114)) - 8134e7f4-1e90-4318-ba5f-921a50abbefc: FollowerState was interrupted: java.lang.InterruptedException: sleep interrupted
2019-09-11 00:01:01,629 [grpc-default-executor-3] INFO  impl.RoleInfo (RoleInfo.java:updateAndGet(143)) - 8134e7f4-1e90-4318-ba5f-921a50abbefc: start FollowerState
2019-09-11 00:01:01,629 [grpc-default-executor-9] INFO  impl.RoleInfo (RoleInfo.java:shutdownFollowerState(121)) - e664e961-aac9-42bf-bdf1-066f5156a4eb: shutdown FollowerState
2019-09-11 00:01:01,633 [grpc-default-executor-9] INFO  impl.RoleInfo (RoleInfo.java:updateAndGet(143)) - e664e961-aac9-42bf-bdf1-066f5156a4eb: start FollowerState
2019-09-11 00:01:01,633 [Thread-4297] INFO  impl.FollowerState (FollowerState.java:run(114)) - e664e961-aac9-42bf-bdf1-066f5156a4eb: FollowerState was interrupted: java.lang.InterruptedException: sleep interrupted
2019-09-11 00:01:01,650 [c0862f5c-5826-4b92-adfa-20dd0620b5c2:group-BA09F1E85783:LeaderElection107] INFO  impl.LeaderElection (LeaderElection.java:logAndReturn(56)) - c0862f5c-5826-4b92-adfa-20dd0620b5c2:group-BA09F1E85783:LeaderElection107: Election PASSED; received 2 response(s) [c0862f5c-5826-4b92-adfa-20dd0620b5c2<-e664e961-aac9-42bf-bdf1-066f5156a4eb#0:OK-t4, c0862f5c-5826-4b92-adfa-20dd0620b5c2<-8134e7f4-1e90-4318-ba5f-921a50abbefc#0:FAIL-t4] and 0 exception(s); c0862f5c-5826-4b92-adfa-20dd0620b5c2:t4, leader=null, voted=c0862f5c-5826-4b92-adfa-20dd0620b5c2, raftlog=c0862f5c-5826-4b92-adfa-20dd0620b5c2-SegmentedRaftLog:OPENED:c-1,f-1,i0, conf=-1: [c0862f5c-5826-4b92-adfa-20dd0620b5c2:192.168.36.99:37443, e664e961-aac9-42bf-bdf1-066f5156a4eb:192.168.36.99:35473, 8134e7f4-1e90-4318-ba5f-921a50abbefc:192.168.36.99:39977], old=null
2019-09-11 00:01:01,651 [c0862f5c-5826-4b92-adfa-20dd0620b5c2:group-BA09F1E85783:LeaderElection107] INFO  impl.RoleInfo (RoleInfo.java:shutdownLeaderElection(134)) - c0862f5c-5826-4b92-adfa-20dd0620b5c2: shutdown LeaderElection
2019-09-11 00:01:01,651 [c0862f5c-5826-4b92-adfa-20dd0620b5c2:group-BA09F1E85783:LeaderElection107] INFO  impl.RaftServerImpl (RaftServerImpl.java:setRole(171)) - c0862f5c-5826-4b92-adfa-20dd0620b5c2:group-BA09F1E85783 changes role from CANDIDATE to LEADER at term 4 for changeToLeader
2019-09-11 00:01:01,651 [c0862f5c-5826-4b92-adfa-20dd0620b5c2:group-BA09F1E85783:LeaderElection107] INFO  impl.RaftServerImpl (ServerState.java:setLeader(263)) - c0862f5c-5826-4b92-adfa-20dd0620b5c2:group-BA09F1E85783 change Leader from null to c0862f5c-5826-4b92-adfa-20dd0620b5c2 at term 4 for becomeLeader, leader elected after 10263ms
2019-09-11 00:01:01,651 [c0862f5c-5826-4b92-adfa-20dd0620b5c2:group-BA09F1E85783:LeaderElection107] INFO  server.RaftServerConfigKeys (ConfUtils.java:logGet(43)) - raft.server.staging.catchup.gap = 1000 (default)
2019-09-11 00:01:01,651 [c0862f5c-5826-4b92-adfa-20dd0620b5c2:group-BA09F1E85783:LeaderElection107] INFO  server.RaftServerConfigKeys (ConfUtils.java:logGet(43)) - raft.server.rpc.sleep.time = 25ms (default)
2019-09-11 00:01:01,651 [c0862f5c-5826-4b92-adfa-20dd0620b5c2:group-BA09F1E85783:LeaderElection107] INFO  server.RaftServerConfigKeys (ConfUtils.java:logGet(43)) - raft.server.write.element-limit = 4096 (default)
2019-09-11 00:01:01,651 [c0862f5c-5826-4b92-adfa-20dd0620b5c2:group-BA09F1E85783:LeaderElection107] INFO  server.RaftServerConfigKeys (ConfUtils.java:logGet(43)) - raft.server.watch.timeout = 10s (default)
2019-09-11 00:01:01,652 [c0862f5c-5826-4b92-adfa-20dd0620b5c2:group-BA09F1E85783:LeaderElection107] INFO  server.RaftServerConfigKeys (ConfUtils.java:logGet(43)) - raft.server.watch.timeout.denomination = 1s (default)
2019-09-11 00:01:01,652 [c0862f5c-5826-4b92-adfa-20dd0620b5c2:group-BA09F1E85783:LeaderElection107] INFO  server.RaftServerConfigKeys (ConfUtils.java:logGet(43)) - raft.server.watch.element-limit = 65536 (default)
2019-09-11 00:01:01,652 [c0862f5c-5826-4b92-adfa-20dd0620b5c2:group-BA09F1E85783:LeaderElection107] INFO  server.RaftServerConfigKeys (ConfUtils.java:logGet(43)) - raft.server.log.appender.snapshot.chunk.size.max = 16MB (=16777216) (default)
2019-09-11 00:01:01,652 [c0862f5c-5826-4b92-adfa-20dd0620b5c2:group-BA09F1E85783:LeaderElection107] INFO  server.RaftServerConfigKeys (ConfUtils.java:logGet(43)) - raft.server.log.appender.buffer.byte-limit = 33554432 (custom)
2019-09-11 00:01:01,652 [c0862f5c-5826-4b92-adfa-20dd0620b5c2:group-BA09F1E85783:LeaderElection107] INFO  server.RaftServerConfigKeys (ConfUtils.java:logGet(43)) - raft.server.log.appender.buffer.element-limit = 1 (custom)
2019-09-11 00:01:01,652 [c0862f5c-5826-4b92-adfa-20dd0620b5c2:group-BA09F1E85783:LeaderElection107] INFO  grpc.GrpcConfigKeys$Server (ConfUtils.java:logGet(43)) - raft.grpc.server.leader.outstanding.appends.max = 128 (default)
2019-09-11 00:01:01,653 [c0862f5c-5826-4b92-adfa-20dd0620b5c2:group-BA09F1E85783:LeaderElection107] INFO  server.RaftServerConfigKeys (ConfUtils.java:logGet(43)) - raft.server.rpc.request.timeout = 3000ms (default)
2019-09-11 00:01:01,653 [c0862f5c-5826-4b92-adfa-20dd0620b5c2:group-BA09F1E85783:LeaderElection107] INFO  server.RaftServerConfigKeys (ConfUtils.java:logGet(43)) - raft.server.log.appender.install.snapshot.enabled = false (custom)
2019-09-11 00:01:01,653 [c0862f5c-5826-4b92-adfa-20dd0620b5c2:group-BA09F1E85783:LeaderElection107] INFO  server.RaftServerConfigKeys (ConfUtils.java:logGet(43)) - raft.server.log.appender.snapshot.chunk.size.max = 16MB (=16777216) (default)
2019-09-11 00:01:01,653 [c0862f5c-5826-4b92-adfa-20dd0620b5c2:group-BA09F1E85783:LeaderElection107] INFO  server.RaftServerConfigKeys (ConfUtils.java:logGet(43)) - raft.server.log.appender.buffer.byte-limit = 33554432 (custom)
2019-09-11 00:01:01,653 [c0862f5c-5826-4b92-adfa-20dd0620b5c2:group-BA09F1E85783:LeaderElection107] INFO  server.RaftServerConfigKeys (ConfUtils.java:logGet(43)) - raft.server.log.appender.buffer.element-limit = 1 (custom)
2019-09-11 00:01:01,653 [c0862f5c-5826-4b92-adfa-20dd0620b5c2:group-BA09F1E85783:LeaderElection107] INFO  grpc.GrpcConfigKeys$Server (ConfUtils.java:logGet(43)) - raft.grpc.server.leader.outstanding.appends.max = 128 (default)
2019-09-11 00:01:01,653 [c0862f5c-5826-4b92-adfa-20dd0620b5c2:group-BA09F1E85783:LeaderElection107] INFO  server.RaftServerConfigKeys (ConfUtils.java:logGet(43)) - raft.server.rpc.request.timeout = 3000ms (default)
2019-09-11 00:01:01,654 [c0862f5c-5826-4b92-adfa-20dd0620b5c2:group-BA09F1E85783:LeaderElection107] INFO  server.RaftServerConfigKeys (ConfUtils.java:logGet(43)) - raft.server.log.appender.install.snapshot.enabled = false (custom)
2019-09-11 00:01:01,654 [c0862f5c-5826-4b92-adfa-20dd0620b5c2:group-BA09F1E85783:LeaderElection107] INFO  impl.RoleInfo (RoleInfo.java:updateAndGet(143)) - c0862f5c-5826-4b92-adfa-20dd0620b5c2: start LeaderState
2019-09-11 00:01:01,654 [c0862f5c-5826-4b92-adfa-20dd0620b5c2:group-BA09F1E85783:LeaderElection107] INFO  segmented.SegmentedRaftLogWorker (SegmentedRaftLogWorker.java:startLogSegment(380)) - c0862f5c-5826-4b92-adfa-20dd0620b5c2-SegmentedRaftLogWorker:Storage Directory /workdir/hadoop-ozone/integration-test/target/test-dir/MiniOzoneClusterImpl-e22a53fb-91d7-4d35-81b0-6fa6ae710c0c/datanode-5/data/ratis/64f1e453-e329-4c68-939c-ba09f1e85783: Starting segment from index:0
2019-09-11 00:01:01,655 [c0862f5c-5826-4b92-adfa-20dd0620b5c2:group-BA09F1E85783:LeaderElection107] INFO  impl.RaftServerImpl (ServerState.java:setRaftConf(361)) - c0862f5c-5826-4b92-adfa-20dd0620b5c2:group-BA09F1E85783 set configuration 0: [c0862f5c-5826-4b92-adfa-20dd0620b5c2:192.168.36.99:37443, e664e961-aac9-42bf-bdf1-066f5156a4eb:192.168.36.99:35473, 8134e7f4-1e90-4318-ba5f-921a50abbefc:192.168.36.99:39977], old=null at 0
2019-09-11 00:01:01,656 [grpc-default-executor-3] INFO  impl.RaftServerImpl (ServerState.java:setLeader(263)) - e664e961-aac9-42bf-bdf1-066f5156a4eb:group-BA09F1E85783 change Leader from null to c0862f5c-5826-4b92-adfa-20dd0620b5c2 at term 4 for appendEntries, leader elected after 15508ms
2019-09-11 00:01:01,656 [grpc-default-executor-9] INFO  impl.RaftServerImpl (ServerState.java:setLeader(263)) - 8134e7f4-1e90-4318-ba5f-921a50abbefc:group-BA09F1E85783 change Leader from null to c0862f5c-5826-4b92-adfa-20dd0620b5c2 at term 4 for appendEntries, leader elected after 10268ms
2019-09-11 00:01:01,658 [grpc-default-executor-9] INFO  impl.RaftServerImpl (ServerState.java:setRaftConf(361)) - e664e961-aac9-42bf-bdf1-066f5156a4eb:group-BA09F1E85783 set configuration 0: [c0862f5c-5826-4b92-adfa-20dd0620b5c2:192.168.36.99:37443, e664e961-aac9-42bf-bdf1-066f5156a4eb:192.168.36.99:35473, 8134e7f4-1e90-4318-ba5f-921a50abbefc:192.168.36.99:39977], old=null at 0
2019-09-11 00:01:01,658 [grpc-default-executor-3] INFO  impl.RaftServerImpl (ServerState.java:setRaftConf(361)) - 8134e7f4-1e90-4318-ba5f-921a50abbefc:group-BA09F1E85783 set configuration 0: [c0862f5c-5826-4b92-adfa-20dd0620b5c2:192.168.36.99:37443, e664e961-aac9-42bf-bdf1-066f5156a4eb:192.168.36.99:35473, 8134e7f4-1e90-4318-ba5f-921a50abbefc:192.168.36.99:39977], old=null at 0
2019-09-11 00:01:01,658 [grpc-default-executor-9] INFO  segmented.SegmentedRaftLogWorker (SegmentedRaftLogWorker.java:startLogSegment(380)) - e664e961-aac9-42bf-bdf1-066f5156a4eb-SegmentedRaftLogWorker:Storage Directory /workdir/hadoop-ozone/integration-test/target/test-dir/MiniOzoneClusterImpl-e22a53fb-91d7-4d35-81b0-6fa6ae710c0c/datanode-4/data/ratis/64f1e453-e329-4c68-939c-ba09f1e85783: Starting segment from index:0
2019-09-11 00:01:01,658 [grpc-default-executor-3] INFO  segmented.SegmentedRaftLogWorker (SegmentedRaftLogWorker.java:truncate(396)) - 8134e7f4-1e90-4318-ba5f-921a50abbefc-SegmentedRaftLogWorker:Storage Directory /workdir/hadoop-ozone/integration-test/target/test-dir/MiniOzoneClusterImpl-e22a53fb-91d7-4d35-81b0-6fa6ae710c0c/datanode-3/data/ratis/64f1e453-e329-4c68-939c-ba09f1e85783: Truncating segments toTruncate: null
  toDelete: [(0, 0) isOpen? true, length=0, newEndIndex=-1], start index 0
2019-09-11 00:01:01,659 [grpc-default-executor-3] INFO  segmented.SegmentedRaftLogWorker (SegmentedRaftLogWorker.java:startLogSegment(380)) - 8134e7f4-1e90-4318-ba5f-921a50abbefc-SegmentedRaftLogWorker:Storage Directory /workdir/hadoop-ozone/integration-test/target/test-dir/MiniOzoneClusterImpl-e22a53fb-91d7-4d35-81b0-6fa6ae710c0c/datanode-3/data/ratis/64f1e453-e329-4c68-939c-ba09f1e85783: Starting segment from index:0
2019-09-11 00:01:01,659 [8134e7f4-1e90-4318-ba5f-921a50abbefc-SegmentedRaftLogWorker:Storage Directory /workdir/hadoop-ozone/integration-test/target/test-dir/MiniOzoneClusterImpl-e22a53fb-91d7-4d35-81b0-6fa6ae710c0c/datanode-3/data/ratis/64f1e453-e329-4c68-939c-ba09f1e85783] INFO  segmented.SegmentedRaftLogWorker (SegmentedRaftLogWorker.java:execute(633)) - 8134e7f4-1e90-4318-ba5f-921a50abbefc-SegmentedRaftLogWorker:Storage Directory /workdir/hadoop-ozone/integration-test/target/test-dir/MiniOzoneClusterImpl-e22a53fb-91d7-4d35-81b0-6fa6ae710c0c/datanode-3/data/ratis/64f1e453-e329-4c68-939c-ba09f1e85783: Deleted log file /workdir/hadoop-ozone/integration-test/target/test-dir/MiniOzoneClusterImpl-e22a53fb-91d7-4d35-81b0-6fa6ae710c0c/datanode-3/data/ratis/64f1e453-e329-4c68-939c-ba09f1e85783/current/log_inprogress_0
2019-09-11 00:01:01,659 [8134e7f4-1e90-4318-ba5f-921a50abbefc-SegmentedRaftLogWorker:Storage Directory /workdir/hadoop-ozone/integration-test/target/test-dir/MiniOzoneClusterImpl-e22a53fb-91d7-4d35-81b0-6fa6ae710c0c/datanode-3/data/ratis/64f1e453-e329-4c68-939c-ba09f1e85783] INFO  segmented.SegmentedRaftLogWorker (SegmentedRaftLogWorker.java:lambda$new$0(132)) - 8134e7f4-1e90-4318-ba5f-921a50abbefc-SegmentedRaftLogWorker:Storage Directory /workdir/hadoop-ozone/integration-test/target/test-dir/MiniOzoneClusterImpl-e22a53fb-91d7-4d35-81b0-6fa6ae710c0c/datanode-3/data/ratis/64f1e453-e329-4c68-939c-ba09f1e85783: flushIndex: setUnconditionally 0 -> -1
2019-09-11 00:01:01,694 [c0862f5c-5826-4b92-adfa-20dd0620b5c2-SegmentedRaftLogWorker:Storage Directory /workdir/hadoop-ozone/integration-test/target/test-dir/MiniOzoneClusterImpl-e22a53fb-91d7-4d35-81b0-6fa6ae710c0c/datanode-5/data/ratis/64f1e453-e329-4c68-939c-ba09f1e85783] INFO  segmented.SegmentedRaftLogWorker (SegmentedRaftLogWorker.java:execute(569)) - c0862f5c-5826-4b92-adfa-20dd0620b5c2-SegmentedRaftLogWorker:Storage Directory /workdir/hadoop-ozone/integration-test/target/test-dir/MiniOzoneClusterImpl-e22a53fb-91d7-4d35-81b0-6fa6ae710c0c/datanode-5/data/ratis/64f1e453-e329-4c68-939c-ba09f1e85783: created new log segment /workdir/hadoop-ozone/integration-test/target/test-dir/MiniOzoneClusterImpl-e22a53fb-91d7-4d35-81b0-6fa6ae710c0c/datanode-5/data/ratis/64f1e453-e329-4c68-939c-ba09f1e85783/current/log_inprogress_0
2019-09-11 00:01:01,708 [e664e961-aac9-42bf-bdf1-066f5156a4eb-SegmentedRaftLogWorker:Storage Directory /workdir/hadoop-ozone/integration-test/target/test-dir/MiniOzoneClusterImpl-e22a53fb-91d7-4d35-81b0-6fa6ae710c0c/datanode-4/data/ratis/64f1e453-e329-4c68-939c-ba09f1e85783] INFO  segmented.SegmentedRaftLogWorker (SegmentedRaftLogWorker.java:execute(569)) - e664e961-aac9-42bf-bdf1-066f5156a4eb-SegmentedRaftLogWorker:Storage Directory /workdir/hadoop-ozone/integration-test/target/test-dir/MiniOzoneClusterImpl-e22a53fb-91d7-4d35-81b0-6fa6ae710c0c/datanode-4/data/ratis/64f1e453-e329-4c68-939c-ba09f1e85783: created new log segment /workdir/hadoop-ozone/integration-test/target/test-dir/MiniOzoneClusterImpl-e22a53fb-91d7-4d35-81b0-6fa6ae710c0c/datanode-4/data/ratis/64f1e453-e329-4c68-939c-ba09f1e85783/current/log_inprogress_0
2019-09-11 00:01:01,708 [8134e7f4-1e90-4318-ba5f-921a50abbefc-SegmentedRaftLogWorker:Storage Directory /workdir/hadoop-ozone/integration-test/target/test-dir/MiniOzoneClusterImpl-e22a53fb-91d7-4d35-81b0-6fa6ae710c0c/datanode-3/data/ratis/64f1e453-e329-4c68-939c-ba09f1e85783] INFO  segmented.SegmentedRaftLogWorker (SegmentedRaftLogWorker.java:execute(569)) - 8134e7f4-1e90-4318-ba5f-921a50abbefc-SegmentedRaftLogWorker:Storage Directory /workdir/hadoop-ozone/integration-test/target/test-dir/MiniOzoneClusterImpl-e22a53fb-91d7-4d35-81b0-6fa6ae710c0c/datanode-3/data/ratis/64f1e453-e329-4c68-939c-ba09f1e85783: created new log segment /workdir/hadoop-ozone/integration-test/target/test-dir/MiniOzoneClusterImpl-e22a53fb-91d7-4d35-81b0-6fa6ae710c0c/datanode-3/data/ratis/64f1e453-e329-4c68-939c-ba09f1e85783/current/log_inprogress_0
2019-09-11 00:01:02,437 [grpc-default-executor-1] INFO  client.GrpcClientProtocolClient (GrpcClientProtocolClient.java:onNext(255)) - client-C0043CEF3BBA->e664e961-aac9-42bf-bdf1-066f5156a4eb: receive RaftClientReply:client-C0043CEF3BBA->e664e961-aac9-42bf-bdf1-066f5156a4eb@group-BA09F1E85783, cid=208, FAILED org.apache.ratis.protocol.NotLeaderException: Server e664e961-aac9-42bf-bdf1-066f5156a4eb is not the leader (c0862f5c-5826-4b92-adfa-20dd0620b5c2:192.168.36.99:37443). Request must be sent to leader., logIndex=0, commits[e664e961-aac9-42bf-bdf1-066f5156a4eb:c-1, c0862f5c-5826-4b92-adfa-20dd0620b5c2:c-1, 8134e7f4-1e90-4318-ba5f-921a50abbefc:c-1]
2019-09-11 00:01:02,624 [grpc-default-executor-1] INFO  client.GrpcClientProtocolClient (GrpcClientProtocolClient.java:onNext(255)) - client-C0043CEF3BBA->c0862f5c-5826-4b92-adfa-20dd0620b5c2: receive RaftClientReply:client-C0043CEF3BBA->c0862f5c-5826-4b92-adfa-20dd0620b5c2@group-BA09F1E85783, cid=208, SUCCESS, logIndex=1, commits[c0862f5c-5826-4b92-adfa-20dd0620b5c2:c1, e664e961-aac9-42bf-bdf1-066f5156a4eb:c0, 8134e7f4-1e90-4318-ba5f-921a50abbefc:c0]
2019-09-11 00:01:02,636 [grpc-default-executor-1] INFO  client.GrpcClientProtocolClient (GrpcClientProtocolClient.java:onNext(255)) - client-C0043CEF3BBA->c0862f5c-5826-4b92-adfa-20dd0620b5c2: receive RaftClientReply:client-C0043CEF3BBA->c0862f5c-5826-4b92-adfa-20dd0620b5c2@group-BA09F1E85783, cid=209, SUCCESS, logIndex=3, commits[c0862f5c-5826-4b92-adfa-20dd0620b5c2:c4, e664e961-aac9-42bf-bdf1-066f5156a4eb:c1, 8134e7f4-1e90-4318-ba5f-921a50abbefc:c1]
2019-09-11 00:01:02,694 [grpc-default-executor-9] INFO  client.GrpcClientProtocolClient (GrpcClientProtocolClient.java:onNext(255)) - client-C0043CEF3BBA->c0862f5c-5826-4b92-adfa-20dd0620b5c2: receive RaftClientReply:client-C0043CEF3BBA->c0862f5c-5826-4b92-adfa-20dd0620b5c2@group-BA09F1E85783, cid=210, SUCCESS, logIndex=4, commits[c0862f5c-5826-4b92-adfa-20dd0620b5c2:c6, e664e961-aac9-42bf-bdf1-066f5156a4eb:c4, 8134e7f4-1e90-4318-ba5f-921a50abbefc:c4]
2019-09-11 00:01:02,696 [EventQueue-CloseContainerForCloseContainerEventHandler] INFO  container.CloseContainerEventHandler (CloseContainerEventHandler.java:onMessage(61)) - Close container Event triggered for container : #1
2019-09-11 00:01:02,697 [EventQueue-CloseContainerForCloseContainerEventHandler] INFO  container.CloseContainerEventHandler (CloseContainerEventHandler.java:onMessage(61)) - Close container Event triggered for container : #1
2019-09-11 00:01:02,697 [EventQueue-CloseContainerForCloseContainerEventHandler] INFO  container.CloseContainerEventHandler (CloseContainerEventHandler.java:onMessage(61)) - Close container Event triggered for container : #1
2019-09-11 00:01:04,685 [RatisApplyTransactionExecutor 1] INFO  interfaces.Container (KeyValueContainer.java:flushAndSyncDB(382)) - Container 1 is synced with bcsId 4.
2019-09-11 00:01:04,685 [RatisApplyTransactionExecutor 1] INFO  interfaces.Container (KeyValueContainer.java:flushAndSyncDB(382)) - Container 1 is synced with bcsId 4.
2019-09-11 00:01:04,685 [RatisApplyTransactionExecutor 1] INFO  interfaces.Container (KeyValueContainer.java:flushAndSyncDB(382)) - Container 1 is synced with bcsId 4.
2019-09-11 00:01:04,685 [RatisApplyTransactionExecutor 1] INFO  interfaces.Container (KeyValueContainer.java:flushAndSyncDB(382)) - Container 1 is synced with bcsId 4.
2019-09-11 00:01:04,685 [RatisApplyTransactionExecutor 1] INFO  interfaces.Container (KeyValueContainer.java:flushAndSyncDB(382)) - Container 1 is synced with bcsId 4.
2019-09-11 00:01:04,686 [RatisApplyTransactionExecutor 1] INFO  interfaces.Container (KeyValueContainer.java:flushAndSyncDB(382)) - Container 1 is synced with bcsId 4.
00:01:04.699 [grpc-default-executor-3] ERROR DNAudit - user=null | ip=null | op=WRITE_CHUNK {blockData=conID: 1 locID: 102770936788746256 bcsId: 4} | ret=FAILURE
org.apache.hadoop.hdds.scm.container.common.helpers.ContainerNotOpenException: Container 1 in CLOSED state
	at org.apache.hadoop.ozone.container.common.impl.HddsDispatcher.validateContainerCommand(HddsDispatcher.java:408) ~[hadoop-hdds-container-service-0.5.0-SNAPSHOT.jar:?]
	at org.apache.hadoop.ozone.container.common.transport.server.ratis.ContainerStateMachine.startTransaction(ContainerStateMachine.java:310) ~[hadoop-hdds-container-service-0.5.0-SNAPSHOT.jar:?]
	at org.apache.ratis.server.impl.RaftServerImpl.submitClientRequestAsync(RaftServerImpl.java:566) ~[ratis-server-0.4.0-2337318-SNAPSHOT.jar:0.4.0-2337318-SNAPSHOT]
	at org.apache.ratis.server.impl.RaftServerProxy.lambda$submitClientRequestAsync$7(RaftServerProxy.java:333) ~[ratis-server-0.4.0-2337318-SNAPSHOT.jar:0.4.0-2337318-SNAPSHOT]
	at org.apache.ratis.server.impl.RaftServerProxy.lambda$null$5(RaftServerProxy.java:328) ~[ratis-server-0.4.0-2337318-SNAPSHOT.jar:0.4.0-2337318-SNAPSHOT]
	at org.apache.ratis.util.JavaUtils.callAsUnchecked(JavaUtils.java:109) ~[ratis-common-0.4.0-2337318-SNAPSHOT.jar:0.4.0-2337318-SNAPSHOT]
	at org.apache.ratis.server.impl.RaftServerProxy.lambda$submitRequest$6(RaftServerProxy.java:328) ~[ratis-server-0.4.0-2337318-SNAPSHOT.jar:0.4.0-2337318-SNAPSHOT]
	at java.util.concurrent.CompletableFuture.uniComposeStage(CompletableFuture.java:981) ~[?:1.8.0_212]
	at java.util.concurrent.CompletableFuture.thenCompose(CompletableFuture.java:2124) ~[?:1.8.0_212]
	at org.apache.ratis.server.impl.RaftServerProxy.submitRequest(RaftServerProxy.java:327) ~[ratis-server-0.4.0-2337318-SNAPSHOT.jar:0.4.0-2337318-SNAPSHOT]
	at org.apache.ratis.server.impl.RaftServerProxy.submitClientRequestAsync(RaftServerProxy.java:333) ~[ratis-server-0.4.0-2337318-SNAPSHOT.jar:0.4.0-2337318-SNAPSHOT]
	at org.apache.ratis.grpc.client.GrpcClientProtocolService$RequestStreamObserver.processClientRequest(GrpcClientProtocolService.java:220) ~[ratis-grpc-0.4.0-2337318-SNAPSHOT.jar:0.4.0-2337318-SNAPSHOT]
	at org.apache.ratis.grpc.client.GrpcClientProtocolService$OrderedRequestStreamObserver.processClientRequest(GrpcClientProtocolService.java:326) ~[ratis-grpc-0.4.0-2337318-SNAPSHOT.jar:0.4.0-2337318-SNAPSHOT]
	at org.apache.ratis.util.SlidingWindow$Server.processRequestsFromHead(SlidingWindow.java:429) [ratis-common-0.4.0-2337318-SNAPSHOT.jar:0.4.0-2337318-SNAPSHOT]
	at org.apache.ratis.util.SlidingWindow$Server.receivedRequest(SlidingWindow.java:421) [ratis-common-0.4.0-2337318-SNAPSHOT.jar:0.4.0-2337318-SNAPSHOT]
	at org.apache.ratis.grpc.client.GrpcClientProtocolService$OrderedRequestStreamObserver.processClientRequest(GrpcClientProtocolService.java:345) [ratis-grpc-0.4.0-2337318-SNAPSHOT.jar:0.4.0-2337318-SNAPSHOT]
	at org.apache.ratis.grpc.client.GrpcClientProtocolService$RequestStreamObserver.onNext(GrpcClientProtocolService.java:240) [ratis-grpc-0.4.0-2337318-SNAPSHOT.jar:0.4.0-2337318-SNAPSHOT]
	at org.apache.ratis.grpc.client.GrpcClientProtocolService$RequestStreamObserver.onNext(GrpcClientProtocolService.java:168) [ratis-grpc-0.4.0-2337318-SNAPSHOT.jar:0.4.0-2337318-SNAPSHOT]
	at org.apache.ratis.thirdparty.io.grpc.stub.ServerCalls$StreamingServerCallHandler$StreamingServerCallListener.onMessage(ServerCalls.java:248) [ratis-thirdparty-misc-0.2.0.jar:0.2.0]
	at org.apache.ratis.thirdparty.io.grpc.internal.ServerCallImpl$ServerStreamListenerImpl.messagesAvailable(ServerCallImpl.java:263) [ratis-thirdparty-misc-0.2.0.jar:0.2.0]
	at org.apache.ratis.thirdparty.io.grpc.internal.ServerImpl$JumpToApplicationThreadServerStreamListener$1MessagesAvailable.runInContext(ServerImpl.java:686) [ratis-thirdparty-misc-0.2.0.jar:0.2.0]
	at org.apache.ratis.thirdparty.io.grpc.internal.ContextRunnable.run(ContextRunnable.java:37) [ratis-thirdparty-misc-0.2.0.jar:0.2.0]
	at org.apache.ratis.thirdparty.io.grpc.internal.SerializingExecutor.run(SerializingExecutor.java:123) [ratis-thirdparty-misc-0.2.0.jar:0.2.0]
	at java.util.concurrent.ThreadPoolExecutor.runWorker(ThreadPoolExecutor.java:1149) [?:1.8.0_212]
	at java.util.concurrent.ThreadPoolExecutor$Worker.run(ThreadPoolExecutor.java:624) [?:1.8.0_212]
	at java.lang.Thread.run(Thread.java:748) [?:1.8.0_212]
2019-09-11 00:01:04,707 [EventQueue-IncrementalContainerReportForIncrementalContainerReportHandler] INFO  container.IncrementalContainerReportHandler (AbstractContainerReportHandler.java:updateContainerState(176)) - Moving container #1 to CLOSED state, datanode 8134e7f4-1e90-4318-ba5f-921a50abbefc{ip: 192.168.36.99, host: pr-hdds-2007-n2glh-1307100181, networkLocation: /default-rack, certSerialId: null} reported CLOSED replica.
00:01:04.708 [grpc-default-executor-3] ERROR DNAudit - user=null | ip=null | op=WRITE_CHUNK {blockData=conID: 1 locID: 102770936788746256 bcsId: 4} | ret=FAILURE
org.apache.hadoop.hdds.scm.container.common.helpers.ContainerNotOpenException: Container 1 in CLOSED state
	at org.apache.hadoop.ozone.container.common.impl.HddsDispatcher.validateContainerCommand(HddsDispatcher.java:408) ~[hadoop-hdds-container-service-0.5.0-SNAPSHOT.jar:?]
	at org.apache.hadoop.ozone.container.common.transport.server.ratis.ContainerStateMachine.startTransaction(ContainerStateMachine.java:310) ~[hadoop-hdds-container-service-0.5.0-SNAPSHOT.jar:?]
	at org.apache.ratis.server.impl.RaftServerImpl.submitClientRequestAsync(RaftServerImpl.java:566) ~[ratis-server-0.4.0-2337318-SNAPSHOT.jar:0.4.0-2337318-SNAPSHOT]
	at org.apache.ratis.server.impl.RaftServerProxy.lambda$submitClientRequestAsync$7(RaftServerProxy.java:333) ~[ratis-server-0.4.0-2337318-SNAPSHOT.jar:0.4.0-2337318-SNAPSHOT]
	at org.apache.ratis.server.impl.RaftServerProxy.lambda$null$5(RaftServerProxy.java:328) ~[ratis-server-0.4.0-2337318-SNAPSHOT.jar:0.4.0-2337318-SNAPSHOT]
	at org.apache.ratis.util.JavaUtils.callAsUnchecked(JavaUtils.java:109) ~[ratis-common-0.4.0-2337318-SNAPSHOT.jar:0.4.0-2337318-SNAPSHOT]
	at org.apache.ratis.server.impl.RaftServerProxy.lambda$submitRequest$6(RaftServerProxy.java:328) ~[ratis-server-0.4.0-2337318-SNAPSHOT.jar:0.4.0-2337318-SNAPSHOT]
	at java.util.concurrent.CompletableFuture.uniComposeStage(CompletableFuture.java:981) ~[?:1.8.0_212]
	at java.util.concurrent.CompletableFuture.thenCompose(CompletableFuture.java:2124) ~[?:1.8.0_212]
	at org.apache.ratis.server.impl.RaftServerProxy.submitRequest(RaftServerProxy.java:327) ~[ratis-server-0.4.0-2337318-SNAPSHOT.jar:0.4.0-2337318-SNAPSHOT]
	at org.apache.ratis.server.impl.RaftServerProxy.submitClientRequestAsync(RaftServerProxy.java:333) ~[ratis-server-0.4.0-2337318-SNAPSHOT.jar:0.4.0-2337318-SNAPSHOT]
	at org.apache.ratis.grpc.client.GrpcClientProtocolService$RequestStreamObserver.processClientRequest(GrpcClientProtocolService.java:220) ~[ratis-grpc-0.4.0-2337318-SNAPSHOT.jar:0.4.0-2337318-SNAPSHOT]
	at org.apache.ratis.grpc.client.GrpcClientProtocolService$OrderedRequestStreamObserver.processClientRequest(GrpcClientProtocolService.java:326) ~[ratis-grpc-0.4.0-2337318-SNAPSHOT.jar:0.4.0-2337318-SNAPSHOT]
	at org.apache.ratis.util.SlidingWindow$Server.processRequestsFromHead(SlidingWindow.java:429) [ratis-common-0.4.0-2337318-SNAPSHOT.jar:0.4.0-2337318-SNAPSHOT]
	at org.apache.ratis.util.SlidingWindow$Server.receivedRequest(SlidingWindow.java:421) [ratis-common-0.4.0-2337318-SNAPSHOT.jar:0.4.0-2337318-SNAPSHOT]
	at org.apache.ratis.grpc.client.GrpcClientProtocolService$OrderedRequestStreamObserver.processClientRequest(GrpcClientProtocolService.java:345) [ratis-grpc-0.4.0-2337318-SNAPSHOT.jar:0.4.0-2337318-SNAPSHOT]
	at org.apache.ratis.grpc.client.GrpcClientProtocolService$RequestStreamObserver.onNext(GrpcClientProtocolService.java:240) [ratis-grpc-0.4.0-2337318-SNAPSHOT.jar:0.4.0-2337318-SNAPSHOT]
	at org.apache.ratis.grpc.client.GrpcClientProtocolService$RequestStreamObserver.onNext(GrpcClientProtocolService.java:168) [ratis-grpc-0.4.0-2337318-SNAPSHOT.jar:0.4.0-2337318-SNAPSHOT]
	at org.apache.ratis.thirdparty.io.grpc.stub.ServerCalls$StreamingServerCallHandler$StreamingServerCallListener.onMessage(ServerCalls.java:248) [ratis-thirdparty-misc-0.2.0.jar:0.2.0]
	at org.apache.ratis.thirdparty.io.grpc.internal.ServerCallImpl$ServerStreamListenerImpl.messagesAvailable(ServerCallImpl.java:263) [ratis-thirdparty-misc-0.2.0.jar:0.2.0]
	at org.apache.ratis.thirdparty.io.grpc.internal.ServerImpl$JumpToApplicationThreadServerStreamListener$1MessagesAvailable.runInContext(ServerImpl.java:686) [ratis-thirdparty-misc-0.2.0.jar:0.2.0]
	at org.apache.ratis.thirdparty.io.grpc.internal.ContextRunnable.run(ContextRunnable.java:37) [ratis-thirdparty-misc-0.2.0.jar:0.2.0]
	at org.apache.ratis.thirdparty.io.grpc.internal.SerializingExecutor.run(SerializingExecutor.java:123) [ratis-thirdparty-misc-0.2.0.jar:0.2.0]
	at java.util.concurrent.ThreadPoolExecutor.runWorker(ThreadPoolExecutor.java:1149) [?:1.8.0_212]
	at java.util.concurrent.ThreadPoolExecutor$Worker.run(ThreadPoolExecutor.java:624) [?:1.8.0_212]
	at java.lang.Thread.run(Thread.java:748) [?:1.8.0_212]
2019-09-11 00:01:04,709 [grpc-default-executor-1] INFO  client.GrpcClientProtocolClient (GrpcClientProtocolClient.java:onNext(255)) - client-C0043CEF3BBA->c0862f5c-5826-4b92-adfa-20dd0620b5c2: receive RaftClientReply:client-C0043CEF3BBA->c0862f5c-5826-4b92-adfa-20dd0620b5c2@group-BA09F1E85783, cid=211, FAILED org.apache.ratis.protocol.StateMachineException: org.apache.hadoop.hdds.scm.container.common.helpers.ContainerNotOpenException from Server c0862f5c-5826-4b92-adfa-20dd0620b5c2: Container 1 in CLOSED state, logIndex=0, commits[c0862f5c-5826-4b92-adfa-20dd0620b5c2:c8, e664e961-aac9-42bf-bdf1-066f5156a4eb:c7, 8134e7f4-1e90-4318-ba5f-921a50abbefc:c7]
00:01:04.709 [grpc-default-executor-3] ERROR DNAudit - user=null | ip=null | op=PUT_BLOCK {blockData=[blockId=conID: 1 locID: 102770936788746256 bcsId: 0,size=334]} | ret=FAILURE
org.apache.hadoop.hdds.scm.container.common.helpers.ContainerNotOpenException: Container 1 in CLOSED state
	at org.apache.hadoop.ozone.container.common.impl.HddsDispatcher.validateContainerCommand(HddsDispatcher.java:408) ~[hadoop-hdds-container-service-0.5.0-SNAPSHOT.jar:?]
	at org.apache.hadoop.ozone.container.common.transport.server.ratis.ContainerStateMachine.startTransaction(ContainerStateMachine.java:310) ~[hadoop-hdds-container-service-0.5.0-SNAPSHOT.jar:?]
	at org.apache.ratis.server.impl.RaftServerImpl.submitClientRequestAsync(RaftServerImpl.java:566) ~[ratis-server-0.4.0-2337318-SNAPSHOT.jar:0.4.0-2337318-SNAPSHOT]
	at org.apache.ratis.server.impl.RaftServerProxy.lambda$submitClientRequestAsync$7(RaftServerProxy.java:333) ~[ratis-server-0.4.0-2337318-SNAPSHOT.jar:0.4.0-2337318-SNAPSHOT]
	at org.apache.ratis.server.impl.RaftServerProxy.lambda$null$5(RaftServerProxy.java:328) ~[ratis-server-0.4.0-2337318-SNAPSHOT.jar:0.4.0-2337318-SNAPSHOT]
	at org.apache.ratis.util.JavaUtils.callAsUnchecked(JavaUtils.java:109) ~[ratis-common-0.4.0-2337318-SNAPSHOT.jar:0.4.0-2337318-SNAPSHOT]
	at org.apache.ratis.server.impl.RaftServerProxy.lambda$submitRequest$6(RaftServerProxy.java:328) ~[ratis-server-0.4.0-2337318-SNAPSHOT.jar:0.4.0-2337318-SNAPSHOT]
	at java.util.concurrent.CompletableFuture.uniComposeStage(CompletableFuture.java:981) ~[?:1.8.0_212]
	at java.util.concurrent.CompletableFuture.thenCompose(CompletableFuture.java:2124) ~[?:1.8.0_212]
	at org.apache.ratis.server.impl.RaftServerProxy.submitRequest(RaftServerProxy.java:327) ~[ratis-server-0.4.0-2337318-SNAPSHOT.jar:0.4.0-2337318-SNAPSHOT]
	at org.apache.ratis.server.impl.RaftServerProxy.submitClientRequestAsync(RaftServerProxy.java:333) ~[ratis-server-0.4.0-2337318-SNAPSHOT.jar:0.4.0-2337318-SNAPSHOT]
	at org.apache.ratis.grpc.client.GrpcClientProtocolService$RequestStreamObserver.processClientRequest(GrpcClientProtocolService.java:220) ~[ratis-grpc-0.4.0-2337318-SNAPSHOT.jar:0.4.0-2337318-SNAPSHOT]
	at org.apache.ratis.grpc.client.GrpcClientProtocolService$OrderedRequestStreamObserver.processClientRequest(GrpcClientProtocolService.java:326) ~[ratis-grpc-0.4.0-2337318-SNAPSHOT.jar:0.4.0-2337318-SNAPSHOT]
	at org.apache.ratis.util.SlidingWindow$Server.processRequestsFromHead(SlidingWindow.java:429) [ratis-common-0.4.0-2337318-SNAPSHOT.jar:0.4.0-2337318-SNAPSHOT]
	at org.apache.ratis.util.SlidingWindow$Server.receivedRequest(SlidingWindow.java:421) [ratis-common-0.4.0-2337318-SNAPSHOT.jar:0.4.0-2337318-SNAPSHOT]
	at org.apache.ratis.grpc.client.GrpcClientProtocolService$OrderedRequestStreamObserver.processClientRequest(GrpcClientProtocolService.java:345) [ratis-grpc-0.4.0-2337318-SNAPSHOT.jar:0.4.0-2337318-SNAPSHOT]
	at org.apache.ratis.grpc.client.GrpcClientProtocolService$RequestStreamObserver.onNext(GrpcClientProtocolService.java:240) [ratis-grpc-0.4.0-2337318-SNAPSHOT.jar:0.4.0-2337318-SNAPSHOT]
	at org.apache.ratis.grpc.client.GrpcClientProtocolService$RequestStreamObserver.onNext(GrpcClientProtocolService.java:168) [ratis-grpc-0.4.0-2337318-SNAPSHOT.jar:0.4.0-2337318-SNAPSHOT]
	at org.apache.ratis.thirdparty.io.grpc.stub.ServerCalls$StreamingServerCallHandler$StreamingServerCallListener.onMessage(ServerCalls.java:248) [ratis-thirdparty-misc-0.2.0.jar:0.2.0]
	at org.apache.ratis.thirdparty.io.grpc.internal.ServerCallImpl$ServerStreamListenerImpl.messagesAvailable(ServerCallImpl.java:263) [ratis-thirdparty-misc-0.2.0.jar:0.2.0]
	at org.apache.ratis.thirdparty.io.grpc.internal.ServerImpl$JumpToApplicationThreadServerStreamListener$1MessagesAvailable.runInContext(ServerImpl.java:686) [ratis-thirdparty-misc-0.2.0.jar:0.2.0]
	at org.apache.ratis.thirdparty.io.grpc.internal.ContextRunnable.run(ContextRunnable.java:37) [ratis-thirdparty-misc-0.2.0.jar:0.2.0]
	at org.apache.ratis.thirdparty.io.grpc.internal.SerializingExecutor.run(SerializingExecutor.java:123) [ratis-thirdparty-misc-0.2.0.jar:0.2.0]
	at java.util.concurrent.ThreadPoolExecutor.runWorker(ThreadPoolExecutor.java:1149) [?:1.8.0_212]
	at java.util.concurrent.ThreadPoolExecutor$Worker.run(ThreadPoolExecutor.java:624) [?:1.8.0_212]
	at java.lang.Thread.run(Thread.java:748) [?:1.8.0_212]
2019-09-11 00:01:04,721 [grpc-default-executor-3] INFO  client.GrpcClientProtocolClient (GrpcClientProtocolClient.java:onNext(255)) - client-C0043CEF3BBA->c0862f5c-5826-4b92-adfa-20dd0620b5c2: receive RaftClientReply:client-C0043CEF3BBA->c0862f5c-5826-4b92-adfa-20dd0620b5c2@group-BA09F1E85783, cid=212, FAILED org.apache.ratis.protocol.StateMachineException: org.apache.hadoop.hdds.scm.container.common.helpers.ContainerNotOpenException from Server c0862f5c-5826-4b92-adfa-20dd0620b5c2: Container 1 in CLOSED state, logIndex=0, commits[c0862f5c-5826-4b92-adfa-20dd0620b5c2:c8, e664e961-aac9-42bf-bdf1-066f5156a4eb:c7, 8134e7f4-1e90-4318-ba5f-921a50abbefc:c7]
2019-09-11 00:01:04,722 [grpc-default-executor-3] INFO  client.GrpcClientProtocolClient (GrpcClientProtocolClient.java:onNext(255)) - client-C0043CEF3BBA->c0862f5c-5826-4b92-adfa-20dd0620b5c2: receive RaftClientReply:client-C0043CEF3BBA->c0862f5c-5826-4b92-adfa-20dd0620b5c2@group-BA09F1E85783, cid=213, FAILED org.apache.ratis.protocol.StateMachineException: org.apache.hadoop.hdds.scm.container.common.helpers.ContainerNotOpenException from Server c0862f5c-5826-4b92-adfa-20dd0620b5c2: Container 1 in CLOSED state, logIndex=0, commits[c0862f5c-5826-4b92-adfa-20dd0620b5c2:c8, e664e961-aac9-42bf-bdf1-066f5156a4eb:c7, 8134e7f4-1e90-4318-ba5f-921a50abbefc:c7]
2019-09-11 00:01:04,949 [grpc-default-executor-3] INFO  client.GrpcClientProtocolClient (GrpcClientProtocolClient.java:onNext(255)) - client-8CF0C4937620->d1866f23-e324-4f00-81e4-aba39189eab3: receive RaftClientReply:client-8CF0C4937620->d1866f23-e324-4f00-81e4-aba39189eab3@group-17BE19A598B1, cid=214, SUCCESS, logIndex=1, commits[d1866f23-e324-4f00-81e4-aba39189eab3:c1, 18b5dca1-5cee-4f4a-a372-b89973203a77:c0, bbc2a5fa-cf2b-4b97-a6b6-c2260dff6e77:c0]
2019-09-11 00:01:04,992 [grpc-default-executor-9] INFO  client.GrpcClientProtocolClient (GrpcClientProtocolClient.java:onNext(255)) - client-8CF0C4937620->d1866f23-e324-4f00-81e4-aba39189eab3: receive RaftClientReply:client-8CF0C4937620->d1866f23-e324-4f00-81e4-aba39189eab3@group-17BE19A598B1, cid=215, SUCCESS, logIndex=3, commits[d1866f23-e324-4f00-81e4-aba39189eab3:c3, 18b5dca1-5cee-4f4a-a372-b89973203a77:c2, bbc2a5fa-cf2b-4b97-a6b6-c2260dff6e77:c2]
2019-09-11 00:01:05,062 [grpc-default-executor-9] INFO  client.GrpcClientProtocolClient (GrpcClientProtocolClient.java:onNext(255)) - client-8CF0C4937620->d1866f23-e324-4f00-81e4-aba39189eab3: receive RaftClientReply:client-8CF0C4937620->d1866f23-e324-4f00-81e4-aba39189eab3@group-17BE19A598B1, cid=216, SUCCESS, logIndex=4, commits[d1866f23-e324-4f00-81e4-aba39189eab3:c6, 18b5dca1-5cee-4f4a-a372-b89973203a77:c2, bbc2a5fa-cf2b-4b97-a6b6-c2260dff6e77:c2]
2019-09-11 00:01:06,064 [main] WARN  scm.XceiverClientRatis (XceiverClientRatis.java:watchForCommit(262)) - 3 way commit failed on pipeline Pipeline[ Id: d2f15af8-242c-4cd8-8960-17be19a598b1, Nodes: d1866f23-e324-4f00-81e4-aba39189eab3{ip: 192.168.36.99, host: pr-hdds-2007-n2glh-1307100181, networkLocation: /default-rack, certSerialId: null}18b5dca1-5cee-4f4a-a372-b89973203a77{ip: 192.168.36.99, host: pr-hdds-2007-n2glh-1307100181, networkLocation: /default-rack, certSerialId: null}bbc2a5fa-cf2b-4b97-a6b6-c2260dff6e77{ip: 192.168.36.99, host: pr-hdds-2007-n2glh-1307100181, networkLocation: /default-rack, certSerialId: null}, Type:RATIS, Factor:THREE, State:OPEN]
java.util.concurrent.TimeoutException
	at java.util.concurrent.CompletableFuture.timedGet(CompletableFuture.java:1771)
	at java.util.concurrent.CompletableFuture.get(CompletableFuture.java:1915)
	at org.apache.hadoop.hdds.scm.XceiverClientRatis.watchForCommit(XceiverClientRatis.java:259)
	at org.apache.hadoop.hdds.scm.storage.CommitWatcher.watchForCommit(CommitWatcher.java:194)
	at org.apache.hadoop.hdds.scm.storage.CommitWatcher.watchOnLastIndex(CommitWatcher.java:157)
	at org.apache.hadoop.hdds.scm.storage.BlockOutputStream.watchForCommit(BlockOutputStream.java:347)
	at org.apache.hadoop.hdds.scm.storage.BlockOutputStream.handleFlush(BlockOutputStream.java:479)
	at org.apache.hadoop.hdds.scm.storage.BlockOutputStream.flush(BlockOutputStream.java:428)
	at org.apache.hadoop.ozone.client.io.BlockOutputStreamEntry.flush(BlockOutputStreamEntry.java:136)
	at org.apache.hadoop.ozone.client.io.KeyOutputStream.handleFlushOrClose(KeyOutputStream.java:442)
	at org.apache.hadoop.ozone.client.io.KeyOutputStream.flush(KeyOutputStream.java:396)
	at org.apache.hadoop.ozone.client.io.OzoneOutputStream.flush(OzoneOutputStream.java:54)
	at org.apache.hadoop.ozone.client.rpc.TestBlockOutputStreamWithFailures.testFailureWithPrimeSizedData(TestBlockOutputStreamWithFailures.java:633)
	at sun.reflect.NativeMethodAccessorImpl.invoke0(Native Method)
	at sun.reflect.NativeMethodAccessorImpl.invoke(NativeMethodAccessorImpl.java:62)
	at sun.reflect.DelegatingMethodAccessorImpl.invoke(DelegatingMethodAccessorImpl.java:43)
	at java.lang.reflect.Method.invoke(Method.java:498)
	at org.junit.runners.model.FrameworkMethod$1.runReflectiveCall(FrameworkMethod.java:47)
	at org.junit.internal.runners.model.ReflectiveCallable.run(ReflectiveCallable.java:12)
	at org.junit.runners.model.FrameworkMethod.invokeExplosively(FrameworkMethod.java:44)
	at org.junit.internal.runners.statements.InvokeMethod.evaluate(InvokeMethod.java:17)
	at org.junit.internal.runners.statements.RunBefores.evaluate(RunBefores.java:26)
	at org.junit.internal.runners.statements.RunAfters.evaluate(RunAfters.java:27)
	at org.junit.runners.ParentRunner.runLeaf(ParentRunner.java:271)
	at org.junit.runners.BlockJUnit4ClassRunner.runChild(BlockJUnit4ClassRunner.java:70)
	at org.junit.runners.BlockJUnit4ClassRunner.runChild(BlockJUnit4ClassRunner.java:50)
	at org.junit.runners.ParentRunner$3.run(ParentRunner.java:238)
	at org.junit.runners.ParentRunner$1.schedule(ParentRunner.java:63)
	at org.junit.runners.ParentRunner.runChildren(ParentRunner.java:236)
	at org.junit.runners.ParentRunner.access$000(ParentRunner.java:53)
	at org.junit.runners.ParentRunner$2.evaluate(ParentRunner.java:229)
	at org.junit.runners.ParentRunner.run(ParentRunner.java:309)
	at org.apache.maven.surefire.junit4.JUnit4Provider.execute(JUnit4Provider.java:365)
	at org.apache.maven.surefire.junit4.JUnit4Provider.executeWithRerun(JUnit4Provider.java:273)
	at org.apache.maven.surefire.junit4.JUnit4Provider.executeTestSet(JUnit4Provider.java:238)
	at org.apache.maven.surefire.junit4.JUnit4Provider.invoke(JUnit4Provider.java:159)
	at org.apache.maven.surefire.booter.ForkedBooter.invokeProviderInSameClassLoader(ForkedBooter.java:384)
	at org.apache.maven.surefire.booter.ForkedBooter.runSuitesInProcess(ForkedBooter.java:345)
	at org.apache.maven.surefire.booter.ForkedBooter.execute(ForkedBooter.java:126)
	at org.apache.maven.surefire.booter.ForkedBooter.main(ForkedBooter.java:418)
2019-09-11 00:01:07,068 [main] WARN  storage.CommitWatcher (CommitWatcher.java:watchForCommit(203)) - watchForCommit failed for index 4
java.util.concurrent.TimeoutException
	at java.util.concurrent.CompletableFuture.timedGet(CompletableFuture.java:1771)
	at java.util.concurrent.CompletableFuture.get(CompletableFuture.java:1915)
	at org.apache.hadoop.hdds.scm.XceiverClientRatis.watchForCommit(XceiverClientRatis.java:268)
	at org.apache.hadoop.hdds.scm.storage.CommitWatcher.watchForCommit(CommitWatcher.java:194)
	at org.apache.hadoop.hdds.scm.storage.CommitWatcher.watchOnLastIndex(CommitWatcher.java:157)
	at org.apache.hadoop.hdds.scm.storage.BlockOutputStream.watchForCommit(BlockOutputStream.java:347)
	at org.apache.hadoop.hdds.scm.storage.BlockOutputStream.handleFlush(BlockOutputStream.java:479)
	at org.apache.hadoop.hdds.scm.storage.BlockOutputStream.flush(BlockOutputStream.java:428)
	at org.apache.hadoop.ozone.client.io.BlockOutputStreamEntry.flush(BlockOutputStreamEntry.java:136)
	at org.apache.hadoop.ozone.client.io.KeyOutputStream.handleFlushOrClose(KeyOutputStream.java:442)
	at org.apache.hadoop.ozone.client.io.KeyOutputStream.flush(KeyOutputStream.java:396)
	at org.apache.hadoop.ozone.client.io.OzoneOutputStream.flush(OzoneOutputStream.java:54)
	at org.apache.hadoop.ozone.client.rpc.TestBlockOutputStreamWithFailures.testFailureWithPrimeSizedData(TestBlockOutputStreamWithFailures.java:633)
	at sun.reflect.NativeMethodAccessorImpl.invoke0(Native Method)
	at sun.reflect.NativeMethodAccessorImpl.invoke(NativeMethodAccessorImpl.java:62)
	at sun.reflect.DelegatingMethodAccessorImpl.invoke(DelegatingMethodAccessorImpl.java:43)
	at java.lang.reflect.Method.invoke(Method.java:498)
	at org.junit.runners.model.FrameworkMethod$1.runReflectiveCall(FrameworkMethod.java:47)
	at org.junit.internal.runners.model.ReflectiveCallable.run(ReflectiveCallable.java:12)
	at org.junit.runners.model.FrameworkMethod.invokeExplosively(FrameworkMethod.java:44)
	at org.junit.internal.runners.statements.InvokeMethod.evaluate(InvokeMethod.java:17)
	at org.junit.internal.runners.statements.RunBefores.evaluate(RunBefores.java:26)
	at org.junit.internal.runners.statements.RunAfters.evaluate(RunAfters.java:27)
	at org.junit.runners.ParentRunner.runLeaf(ParentRunner.java:271)
	at org.junit.runners.BlockJUnit4ClassRunner.runChild(BlockJUnit4ClassRunner.java:70)
	at org.junit.runners.BlockJUnit4ClassRunner.runChild(BlockJUnit4ClassRunner.java:50)
	at org.junit.runners.ParentRunner$3.run(ParentRunner.java:238)
	at org.junit.runners.ParentRunner$1.schedule(ParentRunner.java:63)
	at org.junit.runners.ParentRunner.runChildren(ParentRunner.java:236)
	at org.junit.runners.ParentRunner.access$000(ParentRunner.java:53)
	at org.junit.runners.ParentRunner$2.evaluate(ParentRunner.java:229)
	at org.junit.runners.ParentRunner.run(ParentRunner.java:309)
	at org.apache.maven.surefire.junit4.JUnit4Provider.execute(JUnit4Provider.java:365)
	at org.apache.maven.surefire.junit4.JUnit4Provider.executeWithRerun(JUnit4Provider.java:273)
	at org.apache.maven.surefire.junit4.JUnit4Provider.executeTestSet(JUnit4Provider.java:238)
	at org.apache.maven.surefire.junit4.JUnit4Provider.invoke(JUnit4Provider.java:159)
	at org.apache.maven.surefire.booter.ForkedBooter.invokeProviderInSameClassLoader(ForkedBooter.java:384)
	at org.apache.maven.surefire.booter.ForkedBooter.runSuitesInProcess(ForkedBooter.java:345)
	at org.apache.maven.surefire.booter.ForkedBooter.execute(ForkedBooter.java:126)
	at org.apache.maven.surefire.booter.ForkedBooter.main(ForkedBooter.java:418)
2019-09-11 00:01:07,070 [main] WARN  io.KeyOutputStream (KeyOutputStream.java:handleException(276)) - Encountered exception java.io.IOException: Unexpected Storage Container Exception: java.io.IOException: Unexpected Storage Container Exception: java.util.concurrent.TimeoutException on the pipeline Pipeline[ Id: d2f15af8-242c-4cd8-8960-17be19a598b1, Nodes: d1866f23-e324-4f00-81e4-aba39189eab3{ip: 192.168.36.99, host: pr-hdds-2007-n2glh-1307100181, networkLocation: /default-rack, certSerialId: null}18b5dca1-5cee-4f4a-a372-b89973203a77{ip: 192.168.36.99, host: pr-hdds-2007-n2glh-1307100181, networkLocation: /default-rack, certSerialId: null}bbc2a5fa-cf2b-4b97-a6b6-c2260dff6e77{ip: 192.168.36.99, host: pr-hdds-2007-n2glh-1307100181, networkLocation: /default-rack, certSerialId: null}, Type:RATIS, Factor:THREE, State:OPEN]. The last committed block length is 0, uncommitted data length is 167 retry count 0
2019-09-11 00:01:07,111 [grpc-default-executor-1] INFO  client.GrpcClientProtocolClient (GrpcClientProtocolClient.java:onNext(255)) - client-132C109E0248->e664e961-aac9-42bf-bdf1-066f5156a4eb: receive RaftClientReply:client-132C109E0248->e664e961-aac9-42bf-bdf1-066f5156a4eb@group-BA09F1E85783, cid=219, FAILED org.apache.ratis.protocol.NotLeaderException: Server e664e961-aac9-42bf-bdf1-066f5156a4eb is not the leader (c0862f5c-5826-4b92-adfa-20dd0620b5c2:192.168.36.99:37443). Request must be sent to leader., logIndex=0, commits[e664e961-aac9-42bf-bdf1-066f5156a4eb:c7, c0862f5c-5826-4b92-adfa-20dd0620b5c2:c7, 8134e7f4-1e90-4318-ba5f-921a50abbefc:c6]
2019-09-11 00:01:07,266 [grpc-default-executor-1] INFO  client.GrpcClientProtocolClient (GrpcClientProtocolClient.java:onNext(255)) - client-132C109E0248->c0862f5c-5826-4b92-adfa-20dd0620b5c2: receive RaftClientReply:client-132C109E0248->c0862f5c-5826-4b92-adfa-20dd0620b5c2@group-BA09F1E85783, cid=219, SUCCESS, logIndex=9, commits[c0862f5c-5826-4b92-adfa-20dd0620b5c2:c9, e664e961-aac9-42bf-bdf1-066f5156a4eb:c8, 8134e7f4-1e90-4318-ba5f-921a50abbefc:c8]
2019-09-11 00:01:07,277 [grpc-default-executor-9] INFO  client.GrpcClientProtocolClient (GrpcClientProtocolClient.java:onNext(255)) - client-132C109E0248->c0862f5c-5826-4b92-adfa-20dd0620b5c2: receive RaftClientReply:client-132C109E0248->c0862f5c-5826-4b92-adfa-20dd0620b5c2@group-BA09F1E85783, cid=220, SUCCESS, logIndex=11, commits[c0862f5c-5826-4b92-adfa-20dd0620b5c2:c12, e664e961-aac9-42bf-bdf1-066f5156a4eb:c9, 8134e7f4-1e90-4318-ba5f-921a50abbefc:c9]
2019-09-11 00:01:07,336 [grpc-default-executor-10] INFO  client.GrpcClientProtocolClient (GrpcClientProtocolClient.java:onNext(255)) - client-132C109E0248->c0862f5c-5826-4b92-adfa-20dd0620b5c2: receive RaftClientReply:client-132C109E0248->c0862f5c-5826-4b92-adfa-20dd0620b5c2@group-BA09F1E85783, cid=221, SUCCESS, logIndex=12, commits[c0862f5c-5826-4b92-adfa-20dd0620b5c2:c14, e664e961-aac9-42bf-bdf1-066f5156a4eb:c12, 8134e7f4-1e90-4318-ba5f-921a50abbefc:c12]
2019-09-11 00:01:07,338 [main] INFO  ozone.MiniOzoneClusterImpl (MiniOzoneClusterImpl.java:shutdown(307)) - Shutting down the Mini Ozone Cluster
2019-09-11 00:01:07,338 [main] INFO  ozone.MiniOzoneClusterImpl (MiniOzoneClusterImpl.java:stop(322)) - Stopping the Mini Ozone Cluster
2019-09-11 00:01:07,338 [main] INFO  ozone.MiniOzoneClusterImpl (MiniOzoneClusterImpl.java:stop(324)) - Stopping the OzoneManager
2019-09-11 00:01:07,338 [main] INFO  ipc.Server (Server.java:stop(3082)) - Stopping server on 45899
2019-09-11 00:01:07,356 [IPC Server listener on 45899] INFO  ipc.Server (Server.java:run(1185)) - Stopping IPC Server listener on 45899
2019-09-11 00:01:07,359 [IPC Server Responder] INFO  ipc.Server (Server.java:run(1319)) - Stopping IPC Server Responder
2019-09-11 00:01:07,357 [main] INFO  ratis.OzoneManagerDoubleBuffer (OzoneManagerDoubleBuffer.java:stop(248)) - Stopping OMDoubleBuffer flush thread
2019-09-11 00:01:07,370 [OMDoubleBufferFlushThread] INFO  ratis.OzoneManagerDoubleBuffer (OzoneManagerDoubleBuffer.java:flushTransactions(191)) - OMDoubleBuffer flush thread OMDoubleBufferFlushThread is interrupted and will exit. OMDoubleBufferFlushThread
2019-09-11 00:01:07,370 [main] INFO  utils.BackgroundService (BackgroundService.java:shutdown(148)) - Shutting down service KeyDeletingService
2019-09-11 00:01:07,371 [main] INFO  handler.ContextHandler (ContextHandler.java:doStop(910)) - Stopped o.e.j.w.WebAppContext@3e6748ae{/,null,UNAVAILABLE}{/ozoneManager}
2019-09-11 00:01:07,372 [main] INFO  server.AbstractConnector (AbstractConnector.java:doStop(318)) - Stopped ServerConnector@28f154cc{HTTP/1.1,[http/1.1]}{0.0.0.0:0}
2019-09-11 00:01:07,372 [main] INFO  handler.ContextHandler (ContextHandler.java:doStop(910)) - Stopped o.e.j.s.ServletContextHandler@7db5b890{/static,file:///workdir/hadoop-ozone/integration-test/target/test-classes/webapps/static,UNAVAILABLE}
2019-09-11 00:01:07,373 [main] INFO  handler.ContextHandler (ContextHandler.java:doStop(910)) - Stopped o.e.j.s.ServletContextHandler@50122012{/logs,file:///workdir/hadoop-ozone/integration-test/target/log,UNAVAILABLE}
2019-09-11 00:01:07,381 [main] INFO  ozone.MiniOzoneClusterImpl (MiniOzoneClusterImpl.java:stop(330)) - Shutting the HddsDatanodes
2019-09-11 00:01:07,516 [grpc-default-executor-9] INFO  client.GrpcClientProtocolClient (GrpcClientProtocolClient.java:onNext(255)) - client-8CF0C4937620->d1866f23-e324-4f00-81e4-aba39189eab3: receive RaftClientReply:client-8CF0C4937620->d1866f23-e324-4f00-81e4-aba39189eab3@group-17BE19A598B1, cid=218, SUCCESS, logIndex=0, commits[d1866f23-e324-4f00-81e4-aba39189eab3:c6, 18b5dca1-5cee-4f4a-a372-b89973203a77:c6, bbc2a5fa-cf2b-4b97-a6b6-c2260dff6e77:c2]
2019-09-11 00:01:07,517 [grpc-default-executor-9] INFO  client.GrpcClientProtocolClient (GrpcClientProtocolClient.java:onNext(255)) - client-8CF0C4937620->d1866f23-e324-4f00-81e4-aba39189eab3: receive RaftClientReply:client-8CF0C4937620->d1866f23-e324-4f00-81e4-aba39189eab3@group-17BE19A598B1, cid=217, SUCCESS, logIndex=0, commits[d1866f23-e324-4f00-81e4-aba39189eab3:c6, 18b5dca1-5cee-4f4a-a372-b89973203a77:c6, bbc2a5fa-cf2b-4b97-a6b6-c2260dff6e77:c6]
2019-09-11 00:01:07,544 [Datanode State Machine Thread - 0] INFO  statemachine.DatanodeStateMachine (DatanodeStateMachine.java:lambda$startDaemon$0(350)) - Ozone container server started.
2019-09-11 00:01:08,245 [Datanode State Machine Thread - 0] INFO  statemachine.DatanodeStateMachine (DatanodeStateMachine.java:lambda$startDaemon$0(350)) - Ozone container server started.
2019-09-11 00:01:11,617 [EventQueue-StaleNodeForStaleNodeHandler] INFO  node.StaleNodeHandler (StaleNodeHandler.java:onMessage(58)) - Datanode 300fc559-675d-4e55-b6b8-a1f8acab2d78{ip: 192.168.36.99, host: pr-hdds-2007-n2glh-1307100181, networkLocation: /default-rack, certSerialId: null} moved to stale state. Finalizing its pipelines [PipelineID=711efb60-a86d-460b-bb8d-096a06b4a757]
2019-09-11 00:01:11,617 [EventQueue-StaleNodeForStaleNodeHandler] INFO  pipeline.SCMPipelineManager (SCMPipelineManager.java:finalizeAndDestroyPipeline(311)) - destroying pipeline:Pipeline[ Id: 711efb60-a86d-460b-bb8d-096a06b4a757, Nodes: 300fc559-675d-4e55-b6b8-a1f8acab2d78{ip: 192.168.36.99, host: pr-hdds-2007-n2glh-1307100181, networkLocation: /default-rack, certSerialId: null}, Type:RATIS, Factor:ONE, State:OPEN]
2019-09-11 00:01:11,617 [EventQueue-StaleNodeForStaleNodeHandler] INFO  pipeline.PipelineStateManager (PipelineStateManager.java:finalizePipeline(123)) - Pipeline Pipeline[ Id: 711efb60-a86d-460b-bb8d-096a06b4a757, Nodes: 300fc559-675d-4e55-b6b8-a1f8acab2d78{ip: 192.168.36.99, host: pr-hdds-2007-n2glh-1307100181, networkLocation: /default-rack, certSerialId: null}, Type:RATIS, Factor:ONE, State:CLOSED] moved to CLOSED state
2019-09-11 00:01:12,317 [EventQueue-StaleNodeForStaleNodeHandler] INFO  node.StaleNodeHandler (StaleNodeHandler.java:onMessage(58)) - Datanode e664e961-aac9-42bf-bdf1-066f5156a4eb{ip: 192.168.36.99, host: pr-hdds-2007-n2glh-1307100181, networkLocation: /default-rack, certSerialId: null} moved to stale state. Finalizing its pipelines [PipelineID=84b8e3df-0956-41a2-870c-89d755f7760c, PipelineID=64f1e453-e329-4c68-939c-ba09f1e85783]
2019-09-11 00:01:12,318 [EventQueue-StaleNodeForStaleNodeHandler] INFO  pipeline.SCMPipelineManager (SCMPipelineManager.java:finalizeAndDestroyPipeline(311)) - destroying pipeline:Pipeline[ Id: 84b8e3df-0956-41a2-870c-89d755f7760c, Nodes: e664e961-aac9-42bf-bdf1-066f5156a4eb{ip: 192.168.36.99, host: pr-hdds-2007-n2glh-1307100181, networkLocation: /default-rack, certSerialId: null}, Type:RATIS, Factor:ONE, State:OPEN]
2019-09-11 00:01:12,318 [EventQueue-StaleNodeForStaleNodeHandler] INFO  pipeline.PipelineStateManager (PipelineStateManager.java:finalizePipeline(123)) - Pipeline Pipeline[ Id: 84b8e3df-0956-41a2-870c-89d755f7760c, Nodes: e664e961-aac9-42bf-bdf1-066f5156a4eb{ip: 192.168.36.99, host: pr-hdds-2007-n2glh-1307100181, networkLocation: /default-rack, certSerialId: null}, Type:RATIS, Factor:ONE, State:CLOSED] moved to CLOSED state
2019-09-11 00:01:12,318 [EventQueue-StaleNodeForStaleNodeHandler] INFO  pipeline.SCMPipelineManager (SCMPipelineManager.java:finalizeAndDestroyPipeline(311)) - destroying pipeline:Pipeline[ Id: 64f1e453-e329-4c68-939c-ba09f1e85783, Nodes: e664e961-aac9-42bf-bdf1-066f5156a4eb{ip: 192.168.36.99, host: pr-hdds-2007-n2glh-1307100181, networkLocation: /default-rack, certSerialId: null}8134e7f4-1e90-4318-ba5f-921a50abbefc{ip: 192.168.36.99, host: pr-hdds-2007-n2glh-1307100181, networkLocation: /default-rack, certSerialId: null}c0862f5c-5826-4b92-adfa-20dd0620b5c2{ip: 192.168.36.99, host: pr-hdds-2007-n2glh-1307100181, networkLocation: /default-rack, certSerialId: null}, Type:RATIS, Factor:THREE, State:OPEN]
2019-09-11 00:01:12,319 [EventQueue-StaleNodeForStaleNodeHandler] INFO  pipeline.PipelineStateManager (PipelineStateManager.java:finalizePipeline(123)) - Pipeline Pipeline[ Id: 64f1e453-e329-4c68-939c-ba09f1e85783, Nodes: e664e961-aac9-42bf-bdf1-066f5156a4eb{ip: 192.168.36.99, host: pr-hdds-2007-n2glh-1307100181, networkLocation: /default-rack, certSerialId: null}8134e7f4-1e90-4318-ba5f-921a50abbefc{ip: 192.168.36.99, host: pr-hdds-2007-n2glh-1307100181, networkLocation: /default-rack, certSerialId: null}c0862f5c-5826-4b92-adfa-20dd0620b5c2{ip: 192.168.36.99, host: pr-hdds-2007-n2glh-1307100181, networkLocation: /default-rack, certSerialId: null}, Type:RATIS, Factor:THREE, State:CLOSED] moved to CLOSED state
2019-09-11 00:01:12,319 [EventQueue-CloseContainerForCloseContainerEventHandler] INFO  container.CloseContainerEventHandler (CloseContainerEventHandler.java:onMessage(61)) - Close container Event triggered for container : #3
2019-09-11 00:01:12,382 [ForkJoinPool.commonPool-worker-1] INFO  ozoneimpl.OzoneContainer (OzoneContainer.java:stop(215)) - Attempting to stop container services.
2019-09-11 00:01:12,382 [main] INFO  ozoneimpl.OzoneContainer (OzoneContainer.java:stop(215)) - Attempting to stop container services.
2019-09-11 00:01:12,382 [ForkJoinPool.commonPool-worker-1] INFO  impl.RaftServerProxy (RaftServerProxy.java:lambda$close$4(314)) - 300fc559-675d-4e55-b6b8-a1f8acab2d78: close
2019-09-11 00:01:12,383 [main] INFO  impl.RaftServerProxy (RaftServerProxy.java:lambda$close$4(314)) - e664e961-aac9-42bf-bdf1-066f5156a4eb: close
2019-09-11 00:01:12,383 [ForkJoinPool.commonPool-worker-1] INFO  impl.RaftServerImpl (RaftServerImpl.java:lambda$shutdown$3(245)) - 300fc559-675d-4e55-b6b8-a1f8acab2d78: shutdown group-096A06B4A757
2019-09-11 00:01:12,383 [main] INFO  impl.RaftServerImpl (RaftServerImpl.java:lambda$shutdown$3(245)) - e664e961-aac9-42bf-bdf1-066f5156a4eb: shutdown group-89D755F7760C
2019-09-11 00:01:12,384 [ForkJoinPool.commonPool-worker-1] INFO  util.JmxRegister (JmxRegister.java:unregister(73)) - Successfully un-registered JMX Bean with object name Ratis:service=RaftServer,group=group-096A06B4A757,id=300fc559-675d-4e55-b6b8-a1f8acab2d78
2019-09-11 00:01:12,384 [ForkJoinPool.commonPool-worker-1] INFO  impl.RoleInfo (RoleInfo.java:shutdownLeaderState(104)) - 300fc559-675d-4e55-b6b8-a1f8acab2d78: shutdown LeaderState
2019-09-11 00:01:12,384 [main] INFO  util.JmxRegister (JmxRegister.java:unregister(73)) - Successfully un-registered JMX Bean with object name Ratis:service=RaftServer,group=group-89D755F7760C,id=e664e961-aac9-42bf-bdf1-066f5156a4eb
2019-09-11 00:01:12,385 [ForkJoinPool.commonPool-worker-1] INFO  impl.PendingRequests (PendingRequests.java:sendNotLeaderResponses(202)) - 300fc559-675d-4e55-b6b8-a1f8acab2d78-PendingRequests: sendNotLeaderResponses
2019-09-11 00:01:12,385 [main] INFO  impl.RoleInfo (RoleInfo.java:shutdownLeaderState(104)) - e664e961-aac9-42bf-bdf1-066f5156a4eb: shutdown LeaderState
2019-09-11 00:01:12,385 [ForkJoinPool.commonPool-worker-1] INFO  impl.StateMachineUpdater (StateMachineUpdater.java:stopAndJoin(115)) - StateMachineUpdater:300fc559-675d-4e55-b6b8-a1f8acab2d78:group-096A06B4A757: set stopIndex = 0
2019-09-11 00:01:12,386 [main] INFO  impl.PendingRequests (PendingRequests.java:sendNotLeaderResponses(202)) - e664e961-aac9-42bf-bdf1-066f5156a4eb-PendingRequests: sendNotLeaderResponses
2019-09-11 00:01:12,386 [ForkJoinPool.commonPool-worker-1] INFO  impl.RaftServerImpl (ServerState.java:close(394)) - 300fc559-675d-4e55-b6b8-a1f8acab2d78:group-096A06B4A757 closes. The last applied log index is 0
2019-09-11 00:01:12,386 [main] INFO  impl.StateMachineUpdater (StateMachineUpdater.java:stopAndJoin(115)) - StateMachineUpdater:e664e961-aac9-42bf-bdf1-066f5156a4eb:group-89D755F7760C: set stopIndex = 0
2019-09-11 00:01:12,387 [300fc559-675d-4e55-b6b8-a1f8acab2d78-SegmentedRaftLogWorker:Storage Directory /workdir/hadoop-ozone/integration-test/target/test-dir/MiniOzoneClusterImpl-e22a53fb-91d7-4d35-81b0-6fa6ae710c0c/datanode-1/data/ratis/711efb60-a86d-460b-bb8d-096a06b4a757] INFO  segmented.SegmentedRaftLogWorker (SegmentedRaftLogWorker.java:run(313)) - 300fc559-675d-4e55-b6b8-a1f8acab2d78-SegmentedRaftLogWorker:Storage Directory /workdir/hadoop-ozone/integration-test/target/test-dir/MiniOzoneClusterImpl-e22a53fb-91d7-4d35-81b0-6fa6ae710c0c/datanode-1/data/ratis/711efb60-a86d-460b-bb8d-096a06b4a757 was interrupted, exiting. There are 0 tasks remaining in the queue.
2019-09-11 00:01:12,387 [main] INFO  impl.RaftServerImpl (ServerState.java:close(394)) - e664e961-aac9-42bf-bdf1-066f5156a4eb:group-89D755F7760C closes. The last applied log index is 0
2019-09-11 00:01:12,390 [e664e961-aac9-42bf-bdf1-066f5156a4eb-SegmentedRaftLogWorker:Storage Directory /workdir/hadoop-ozone/integration-test/target/test-dir/MiniOzoneClusterImpl-e22a53fb-91d7-4d35-81b0-6fa6ae710c0c/datanode-4/data/ratis/84b8e3df-0956-41a2-870c-89d755f7760c] INFO  segmented.SegmentedRaftLogWorker (SegmentedRaftLogWorker.java:run(313)) - e664e961-aac9-42bf-bdf1-066f5156a4eb-SegmentedRaftLogWorker:Storage Directory /workdir/hadoop-ozone/integration-test/target/test-dir/MiniOzoneClusterImpl-e22a53fb-91d7-4d35-81b0-6fa6ae710c0c/datanode-4/data/ratis/84b8e3df-0956-41a2-870c-89d755f7760c was interrupted, exiting. There are 0 tasks remaining in the queue.
2019-09-11 00:01:12,390 [ForkJoinPool.commonPool-worker-1] INFO  segmented.SegmentedRaftLogWorker (SegmentedRaftLogWorker.java:close(228)) - 300fc559-675d-4e55-b6b8-a1f8acab2d78-SegmentedRaftLogWorker:Storage Directory /workdir/hadoop-ozone/integration-test/target/test-dir/MiniOzoneClusterImpl-e22a53fb-91d7-4d35-81b0-6fa6ae710c0c/datanode-1/data/ratis/711efb60-a86d-460b-bb8d-096a06b4a757 close()
2019-09-11 00:01:12,393 [main] INFO  segmented.SegmentedRaftLogWorker (SegmentedRaftLogWorker.java:close(228)) - e664e961-aac9-42bf-bdf1-066f5156a4eb-SegmentedRaftLogWorker:Storage Directory /workdir/hadoop-ozone/integration-test/target/test-dir/MiniOzoneClusterImpl-e22a53fb-91d7-4d35-81b0-6fa6ae710c0c/datanode-4/data/ratis/84b8e3df-0956-41a2-870c-89d755f7760c close()
2019-09-11 00:01:12,398 [ForkJoinPool.commonPool-worker-1] INFO  server.GrpcService (GrpcService.java:closeImpl(155)) - 300fc559-675d-4e55-b6b8-a1f8acab2d78: shutdown server with port 37903 now
2019-09-11 00:01:12,403 [main] INFO  impl.RaftServerImpl (RaftServerImpl.java:lambda$shutdown$3(245)) - e664e961-aac9-42bf-bdf1-066f5156a4eb: shutdown group-BA09F1E85783
2019-09-11 00:01:12,406 [ForkJoinPool.commonPool-worker-1] INFO  server.GrpcService (GrpcService.java:closeImpl(163)) - 300fc559-675d-4e55-b6b8-a1f8acab2d78: shutdown server with port 37903 successfully
2019-09-11 00:01:12,406 [main] INFO  util.JmxRegister (JmxRegister.java:unregister(73)) - Successfully un-registered JMX Bean with object name Ratis:service=RaftServer,group=group-BA09F1E85783,id=e664e961-aac9-42bf-bdf1-066f5156a4eb
2019-09-11 00:01:12,406 [main] INFO  impl.RoleInfo (RoleInfo.java:shutdownFollowerState(121)) - e664e961-aac9-42bf-bdf1-066f5156a4eb: shutdown FollowerState
2019-09-11 00:01:12,407 [main] INFO  impl.StateMachineUpdater (StateMachineUpdater.java:stopAndJoin(115)) - StateMachineUpdater:e664e961-aac9-42bf-bdf1-066f5156a4eb:group-BA09F1E85783: set stopIndex = 14
2019-09-11 00:01:12,407 [StateMachineUpdater:e664e961-aac9-42bf-bdf1-066f5156a4eb:group-BA09F1E85783] INFO  ratis.ContainerStateMachine (ContainerStateMachine.java:takeSnapshot(284)) - group-BA09F1E85783: Taking a snapshot at:(t:4, i:12) file /workdir/hadoop-ozone/integration-test/target/test-dir/MiniOzoneClusterImpl-e22a53fb-91d7-4d35-81b0-6fa6ae710c0c/datanode-4/data/ratis/64f1e453-e329-4c68-939c-ba09f1e85783/sm/snapshot.4_12
2019-09-11 00:01:12,407 [Thread-4338] INFO  impl.FollowerState (FollowerState.java:run(114)) - e664e961-aac9-42bf-bdf1-066f5156a4eb: FollowerState was interrupted: java.lang.InterruptedException: sleep interrupted
2019-09-11 00:01:12,414 [refreshUsed-/workdir/hadoop-ozone/integration-test/target/test-dir/MiniOzoneClusterImpl-e22a53fb-91d7-4d35-81b0-6fa6ae710c0c/datanode-1/data/containers] WARN  fs.CachingGetSpaceUsed (CachingGetSpaceUsed.java:run(183)) - Thread Interrupted waiting to refresh disk information: sleep interrupted
2019-09-11 00:01:12,431 [ForkJoinPool.commonPool-worker-1] INFO  utils.BackgroundService (BackgroundService.java:shutdown(148)) - Shutting down service BlockDeletingService
2019-09-11 00:01:12,451 [ForkJoinPool.commonPool-worker-1] INFO  statemachine.DatanodeStateMachine (DatanodeStateMachine.java:stopDaemon(395)) - Ozone container server stopped.
2019-09-11 00:01:12,456 [StateMachineUpdater:e664e961-aac9-42bf-bdf1-066f5156a4eb:group-BA09F1E85783] INFO  ratis.ContainerStateMachine (ContainerStateMachine.java:takeSnapshot(295)) - group-BA09F1E85783: Finished taking a snapshot at:(t:4, i:12) file:/workdir/hadoop-ozone/integration-test/target/test-dir/MiniOzoneClusterImpl-e22a53fb-91d7-4d35-81b0-6fa6ae710c0c/datanode-4/data/ratis/64f1e453-e329-4c68-939c-ba09f1e85783/sm/snapshot.4_12 time:49
2019-09-11 00:01:12,456 [StateMachineUpdater:e664e961-aac9-42bf-bdf1-066f5156a4eb:group-BA09F1E85783] INFO  impl.StateMachineUpdater (StateMachineUpdater.java:takeSnapshot(242)) - StateMachineUpdater:e664e961-aac9-42bf-bdf1-066f5156a4eb:group-BA09F1E85783: Took a snapshot at index 12
2019-09-11 00:01:12,456 [StateMachineUpdater:e664e961-aac9-42bf-bdf1-066f5156a4eb:group-BA09F1E85783] INFO  impl.StateMachineUpdater (StateMachineUpdater.java:lambda$new$0(80)) - StateMachineUpdater:e664e961-aac9-42bf-bdf1-066f5156a4eb:group-BA09F1E85783: snapshotIndex: updateIncreasingly -1 -> 12
2019-09-11 00:01:12,457 [main] INFO  impl.RaftServerImpl (ServerState.java:close(394)) - e664e961-aac9-42bf-bdf1-066f5156a4eb:group-BA09F1E85783 closes. The last applied log index is 14
2019-09-11 00:01:12,459 [ForkJoinPool.commonPool-worker-1] INFO  handler.ContextHandler (ContextHandler.java:doStop(910)) - Stopped o.e.j.w.WebAppContext@37b01ce2{/,null,UNAVAILABLE}{/hddsDatanode}
2019-09-11 00:01:12,459 [e664e961-aac9-42bf-bdf1-066f5156a4eb-SegmentedRaftLogWorker:Storage Directory /workdir/hadoop-ozone/integration-test/target/test-dir/MiniOzoneClusterImpl-e22a53fb-91d7-4d35-81b0-6fa6ae710c0c/datanode-4/data/ratis/64f1e453-e329-4c68-939c-ba09f1e85783] INFO  segmented.SegmentedRaftLogWorker (SegmentedRaftLogWorker.java:run(313)) - e664e961-aac9-42bf-bdf1-066f5156a4eb-SegmentedRaftLogWorker:Storage Directory /workdir/hadoop-ozone/integration-test/target/test-dir/MiniOzoneClusterImpl-e22a53fb-91d7-4d35-81b0-6fa6ae710c0c/datanode-4/data/ratis/64f1e453-e329-4c68-939c-ba09f1e85783 was interrupted, exiting. There are 0 tasks remaining in the queue.
2019-09-11 00:01:12,462 [main] INFO  segmented.SegmentedRaftLogWorker (SegmentedRaftLogWorker.java:close(228)) - e664e961-aac9-42bf-bdf1-066f5156a4eb-SegmentedRaftLogWorker:Storage Directory /workdir/hadoop-ozone/integration-test/target/test-dir/MiniOzoneClusterImpl-e22a53fb-91d7-4d35-81b0-6fa6ae710c0c/datanode-4/data/ratis/64f1e453-e329-4c68-939c-ba09f1e85783 close()
2019-09-11 00:01:12,462 [ForkJoinPool.commonPool-worker-1] INFO  server.AbstractConnector (AbstractConnector.java:doStop(318)) - Stopped ServerConnector@1a88c4f5{HTTP/1.1,[http/1.1]}{0.0.0.0:0}
2019-09-11 00:01:12,466 [main] INFO  server.GrpcService (GrpcService.java:closeImpl(155)) - e664e961-aac9-42bf-bdf1-066f5156a4eb: shutdown server with port 35473 now
2019-09-11 00:01:12,473 [ForkJoinPool.commonPool-worker-1] INFO  handler.ContextHandler (ContextHandler.java:doStop(910)) - Stopped o.e.j.s.ServletContextHandler@25699aa7{/static,jar:file:/home/user/.m2/repository/org/apache/hadoop/hadoop-hdds-container-service/0.5.0-SNAPSHOT/hadoop-hdds-container-service-0.5.0-SNAPSHOT.jar!/webapps/static,UNAVAILABLE}
2019-09-11 00:01:12,473 [ForkJoinPool.commonPool-worker-1] INFO  handler.ContextHandler (ContextHandler.java:doStop(910)) - Stopped o.e.j.s.ServletContextHandler@46612bfc{/logs,file:///workdir/hadoop-ozone/integration-test/target/log,UNAVAILABLE}
2019-09-11 00:01:12,474 [grpc-default-executor-9] WARN  server.GrpcServerProtocolService (LogUtils.java:warn(134)) - e664e961-aac9-42bf-bdf1-066f5156a4eb: appendEntries onError: org.apache.ratis.thirdparty.io.grpc.StatusRuntimeException: CANCELLED: cancelled before receiving half close
2019-09-11 00:01:12,474 [main] INFO  server.GrpcService (GrpcService.java:closeImpl(163)) - e664e961-aac9-42bf-bdf1-066f5156a4eb: shutdown server with port 35473 successfully
2019-09-11 00:01:12,475 [grpc-default-executor-1] WARN  server.GrpcLogAppender (LogUtils.java:warn(134)) - c0862f5c-5826-4b92-adfa-20dd0620b5c2->e664e961-aac9-42bf-bdf1-066f5156a4eb: Failed appendEntries: org.apache.ratis.thirdparty.io.grpc.StatusRuntimeException: CANCELLED: HTTP/2 error code: CANCEL
Received Rst Stream
2019-09-11 00:01:12,475 [grpc-default-executor-1] INFO  impl.FollowerInfo (FollowerInfo.java:lambda$new$0(50)) - c0862f5c-5826-4b92-adfa-20dd0620b5c2->e664e961-aac9-42bf-bdf1-066f5156a4eb: nextIndex: updateUnconditionally 15 -> 14
2019-09-11 00:01:12,480 [refreshUsed-/workdir/hadoop-ozone/integration-test/target/test-dir/MiniOzoneClusterImpl-e22a53fb-91d7-4d35-81b0-6fa6ae710c0c/datanode-4/data/containers] WARN  fs.CachingGetSpaceUsed (CachingGetSpaceUsed.java:run(183)) - Thread Interrupted waiting to refresh disk information: sleep interrupted
2019-09-11 00:01:12,492 [main] INFO  utils.BackgroundService (BackgroundService.java:shutdown(148)) - Shutting down service BlockDeletingService
2019-09-11 00:01:12,496 [main] INFO  statemachine.DatanodeStateMachine (DatanodeStateMachine.java:stopDaemon(395)) - Ozone container server stopped.
2019-09-11 00:01:12,497 [main] INFO  handler.ContextHandler (ContextHandler.java:doStop(910)) - Stopped o.e.j.w.WebAppContext@375084c9{/,null,UNAVAILABLE}{/hddsDatanode}
2019-09-11 00:01:12,498 [main] INFO  server.AbstractConnector (AbstractConnector.java:doStop(318)) - Stopped ServerConnector@bd93bc3{HTTP/1.1,[http/1.1]}{0.0.0.0:0}
2019-09-11 00:01:12,498 [main] INFO  handler.ContextHandler (ContextHandler.java:doStop(910)) - Stopped o.e.j.s.ServletContextHandler@22048bd6{/static,jar:file:/home/user/.m2/repository/org/apache/hadoop/hadoop-hdds-container-service/0.5.0-SNAPSHOT/hadoop-hdds-container-service-0.5.0-SNAPSHOT.jar!/webapps/static,UNAVAILABLE}
2019-09-11 00:01:12,499 [main] INFO  handler.ContextHandler (ContextHandler.java:doStop(910)) - Stopped o.e.j.s.ServletContextHandler@4607d78b{/logs,file:///workdir/hadoop-ozone/integration-test/target/log,UNAVAILABLE}
2019-09-11 00:01:12,926 [Datanode State Machine Thread - 0] INFO  statemachine.DatanodeStateMachine (DatanodeStateMachine.java:lambda$startDaemon$0(350)) - Ozone container server started.
2019-09-11 00:01:13,245 [Datanode State Machine Thread - 0] INFO  statemachine.DatanodeStateMachine (DatanodeStateMachine.java:lambda$startDaemon$0(350)) - Ozone container server started.
2019-09-11 00:01:14,263 [grpc-default-executor-10] WARN  server.GrpcLogAppender (LogUtils.java:warn(134)) - c0862f5c-5826-4b92-adfa-20dd0620b5c2->e664e961-aac9-42bf-bdf1-066f5156a4eb: Failed appendEntries: org.apache.ratis.thirdparty.io.grpc.StatusRuntimeException: UNAVAILABLE: io exception
2019-09-11 00:01:14,263 [grpc-default-executor-10] INFO  impl.FollowerInfo (FollowerInfo.java:lambda$new$0(50)) - c0862f5c-5826-4b92-adfa-20dd0620b5c2->e664e961-aac9-42bf-bdf1-066f5156a4eb: nextIndex: updateUnconditionally 15 -> 14
2019-09-11 00:01:14,275 [grpc-default-executor-1] WARN  server.GrpcLogAppender (LogUtils.java:warn(134)) - c0862f5c-5826-4b92-adfa-20dd0620b5c2->e664e961-aac9-42bf-bdf1-066f5156a4eb: Failed appendEntries: org.apache.ratis.thirdparty.io.grpc.StatusRuntimeException: UNAVAILABLE: io exception
2019-09-11 00:01:14,275 [grpc-default-executor-1] INFO  impl.FollowerInfo (FollowerInfo.java:lambda$new$0(50)) - c0862f5c-5826-4b92-adfa-20dd0620b5c2->e664e961-aac9-42bf-bdf1-066f5156a4eb: nextIndex: updateUnconditionally 15 -> 14
2019-09-11 00:01:14,288 [grpc-default-executor-10] WARN  server.GrpcLogAppender (LogUtils.java:warn(134)) - c0862f5c-5826-4b92-adfa-20dd0620b5c2->e664e961-aac9-42bf-bdf1-066f5156a4eb: Failed appendEntries: org.apache.ratis.thirdparty.io.grpc.StatusRuntimeException: UNAVAILABLE: io exception
2019-09-11 00:01:14,288 [grpc-default-executor-10] INFO  impl.FollowerInfo (FollowerInfo.java:lambda$new$0(50)) - c0862f5c-5826-4b92-adfa-20dd0620b5c2->e664e961-aac9-42bf-bdf1-066f5156a4eb: nextIndex: updateUnconditionally 15 -> 14
2019-09-11 00:01:14,326 [RatisApplyTransactionExecutor 3] INFO  interfaces.Container (KeyValueContainer.java:flushAndSyncDB(382)) - Container 3 is synced with bcsId 12.
2019-09-11 00:01:14,326 [RatisApplyTransactionExecutor 3] INFO  interfaces.Container (KeyValueContainer.java:flushAndSyncDB(382)) - Container 3 is synced with bcsId 12.
2019-09-11 00:01:14,340 [RatisApplyTransactionExecutor 3] INFO  interfaces.Container (KeyValueContainer.java:flushAndSyncDB(382)) - Container 3 is synced with bcsId 12.
2019-09-11 00:01:14,341 [RatisApplyTransactionExecutor 3] INFO  interfaces.Container (KeyValueContainer.java:flushAndSyncDB(382)) - Container 3 is synced with bcsId 12.
2019-09-11 00:01:14,342 [EventQueue-IncrementalContainerReportForIncrementalContainerReportHandler] INFO  container.IncrementalContainerReportHandler (AbstractContainerReportHandler.java:updateContainerState(176)) - Moving container #3 to CLOSED state, datanode c0862f5c-5826-4b92-adfa-20dd0620b5c2{ip: 192.168.36.99, host: pr-hdds-2007-n2glh-1307100181, networkLocation: /default-rack, certSerialId: null} reported CLOSED replica.
2019-09-11 00:01:16,789 [grpc-default-executor-1] WARN  server.GrpcLogAppender (LogUtils.java:warn(134)) - c0862f5c-5826-4b92-adfa-20dd0620b5c2->e664e961-aac9-42bf-bdf1-066f5156a4eb: Failed appendEntries: org.apache.ratis.thirdparty.io.grpc.StatusRuntimeException: UNAVAILABLE: io exception
2019-09-11 00:01:16,789 [grpc-default-executor-1] INFO  impl.FollowerInfo (FollowerInfo.java:lambda$new$0(50)) - c0862f5c-5826-4b92-adfa-20dd0620b5c2->e664e961-aac9-42bf-bdf1-066f5156a4eb: nextIndex: updateUnconditionally 14 -> 13
2019-09-11 00:01:17,023 [EventQueue-StaleNodeForStaleNodeHandler] INFO  node.StaleNodeHandler (StaleNodeHandler.java:onMessage(58)) - Datanode 18b5dca1-5cee-4f4a-a372-b89973203a77{ip: 192.168.36.99, host: pr-hdds-2007-n2glh-1307100181, networkLocation: /default-rack, certSerialId: null} moved to stale state. Finalizing its pipelines [PipelineID=d2f15af8-242c-4cd8-8960-17be19a598b1, PipelineID=241487b0-7061-495c-a3c8-71ccfdebdfc9]
2019-09-11 00:01:17,024 [EventQueue-StaleNodeForStaleNodeHandler] INFO  pipeline.SCMPipelineManager (SCMPipelineManager.java:finalizeAndDestroyPipeline(311)) - destroying pipeline:Pipeline[ Id: d2f15af8-242c-4cd8-8960-17be19a598b1, Nodes: d1866f23-e324-4f00-81e4-aba39189eab3{ip: 192.168.36.99, host: pr-hdds-2007-n2glh-1307100181, networkLocation: /default-rack, certSerialId: null}18b5dca1-5cee-4f4a-a372-b89973203a77{ip: 192.168.36.99, host: pr-hdds-2007-n2glh-1307100181, networkLocation: /default-rack, certSerialId: null}bbc2a5fa-cf2b-4b97-a6b6-c2260dff6e77{ip: 192.168.36.99, host: pr-hdds-2007-n2glh-1307100181, networkLocation: /default-rack, certSerialId: null}, Type:RATIS, Factor:THREE, State:OPEN]
2019-09-11 00:01:17,024 [EventQueue-StaleNodeForStaleNodeHandler] INFO  pipeline.PipelineStateManager (PipelineStateManager.java:finalizePipeline(123)) - Pipeline Pipeline[ Id: d2f15af8-242c-4cd8-8960-17be19a598b1, Nodes: d1866f23-e324-4f00-81e4-aba39189eab3{ip: 192.168.36.99, host: pr-hdds-2007-n2glh-1307100181, networkLocation: /default-rack, certSerialId: null}18b5dca1-5cee-4f4a-a372-b89973203a77{ip: 192.168.36.99, host: pr-hdds-2007-n2glh-1307100181, networkLocation: /default-rack, certSerialId: null}bbc2a5fa-cf2b-4b97-a6b6-c2260dff6e77{ip: 192.168.36.99, host: pr-hdds-2007-n2glh-1307100181, networkLocation: /default-rack, certSerialId: null}, Type:RATIS, Factor:THREE, State:CLOSED] moved to CLOSED state
2019-09-11 00:01:17,024 [EventQueue-CloseContainerForCloseContainerEventHandler] INFO  container.CloseContainerEventHandler (CloseContainerEventHandler.java:onMessage(61)) - Close container Event triggered for container : #2
2019-09-11 00:01:17,024 [EventQueue-StaleNodeForStaleNodeHandler] INFO  pipeline.SCMPipelineManager (SCMPipelineManager.java:finalizeAndDestroyPipeline(311)) - destroying pipeline:Pipeline[ Id: 241487b0-7061-495c-a3c8-71ccfdebdfc9, Nodes: 18b5dca1-5cee-4f4a-a372-b89973203a77{ip: 192.168.36.99, host: pr-hdds-2007-n2glh-1307100181, networkLocation: /default-rack, certSerialId: null}, Type:RATIS, Factor:ONE, State:OPEN]
2019-09-11 00:01:17,024 [EventQueue-StaleNodeForStaleNodeHandler] INFO  pipeline.PipelineStateManager (PipelineStateManager.java:finalizePipeline(123)) - Pipeline Pipeline[ Id: 241487b0-7061-495c-a3c8-71ccfdebdfc9, Nodes: 18b5dca1-5cee-4f4a-a372-b89973203a77{ip: 192.168.36.99, host: pr-hdds-2007-n2glh-1307100181, networkLocation: /default-rack, certSerialId: null}, Type:RATIS, Factor:ONE, State:CLOSED] moved to CLOSED state
2019-09-11 00:01:17,324 [EventQueue-StaleNodeForStaleNodeHandler] INFO  node.StaleNodeHandler (StaleNodeHandler.java:onMessage(58)) - Datanode 8134e7f4-1e90-4318-ba5f-921a50abbefc{ip: 192.168.36.99, host: pr-hdds-2007-n2glh-1307100181, networkLocation: /default-rack, certSerialId: null} moved to stale state. Finalizing its pipelines [PipelineID=2337204d-ce30-4d0a-acd6-091c0f206372, PipelineID=64f1e453-e329-4c68-939c-ba09f1e85783]
2019-09-11 00:01:17,324 [EventQueue-StaleNodeForStaleNodeHandler] INFO  pipeline.SCMPipelineManager (SCMPipelineManager.java:finalizeAndDestroyPipeline(311)) - destroying pipeline:Pipeline[ Id: 2337204d-ce30-4d0a-acd6-091c0f206372, Nodes: 8134e7f4-1e90-4318-ba5f-921a50abbefc{ip: 192.168.36.99, host: pr-hdds-2007-n2glh-1307100181, networkLocation: /default-rack, certSerialId: null}, Type:RATIS, Factor:ONE, State:OPEN]
2019-09-11 00:01:17,324 [EventQueue-StaleNodeForStaleNodeHandler] INFO  pipeline.PipelineStateManager (PipelineStateManager.java:finalizePipeline(123)) - Pipeline Pipeline[ Id: 2337204d-ce30-4d0a-acd6-091c0f206372, Nodes: 8134e7f4-1e90-4318-ba5f-921a50abbefc{ip: 192.168.36.99, host: pr-hdds-2007-n2glh-1307100181, networkLocation: /default-rack, certSerialId: null}, Type:RATIS, Factor:ONE, State:CLOSED] moved to CLOSED state
2019-09-11 00:01:17,324 [EventQueue-StaleNodeForStaleNodeHandler] INFO  pipeline.SCMPipelineManager (SCMPipelineManager.java:finalizeAndDestroyPipeline(311)) - destroying pipeline:Pipeline[ Id: 64f1e453-e329-4c68-939c-ba09f1e85783, Nodes: e664e961-aac9-42bf-bdf1-066f5156a4eb{ip: 192.168.36.99, host: pr-hdds-2007-n2glh-1307100181, networkLocation: /default-rack, certSerialId: null}8134e7f4-1e90-4318-ba5f-921a50abbefc{ip: 192.168.36.99, host: pr-hdds-2007-n2glh-1307100181, networkLocation: /default-rack, certSerialId: null}c0862f5c-5826-4b92-adfa-20dd0620b5c2{ip: 192.168.36.99, host: pr-hdds-2007-n2glh-1307100181, networkLocation: /default-rack, certSerialId: null}, Type:RATIS, Factor:THREE, State:CLOSED]
2019-09-11 00:01:17,475 [ForkJoinPool.commonPool-worker-1] INFO  ozoneimpl.OzoneContainer (OzoneContainer.java:stop(215)) - Attempting to stop container services.
2019-09-11 00:01:17,476 [ForkJoinPool.commonPool-worker-1] INFO  impl.RaftServerProxy (RaftServerProxy.java:lambda$close$4(314)) - 18b5dca1-5cee-4f4a-a372-b89973203a77: close
2019-09-11 00:01:17,476 [ForkJoinPool.commonPool-worker-1] INFO  impl.RaftServerImpl (RaftServerImpl.java:lambda$shutdown$3(245)) - 18b5dca1-5cee-4f4a-a372-b89973203a77: shutdown group-17BE19A598B1
2019-09-11 00:01:17,476 [ForkJoinPool.commonPool-worker-1] INFO  util.JmxRegister (JmxRegister.java:unregister(73)) - Successfully un-registered JMX Bean with object name Ratis:service=RaftServer,group=group-17BE19A598B1,id=18b5dca1-5cee-4f4a-a372-b89973203a77
2019-09-11 00:01:17,476 [ForkJoinPool.commonPool-worker-1] INFO  impl.RoleInfo (RoleInfo.java:shutdownFollowerState(121)) - 18b5dca1-5cee-4f4a-a372-b89973203a77: shutdown FollowerState
2019-09-11 00:01:17,477 [ForkJoinPool.commonPool-worker-1] INFO  impl.StateMachineUpdater (StateMachineUpdater.java:stopAndJoin(115)) - StateMachineUpdater:18b5dca1-5cee-4f4a-a372-b89973203a77:group-17BE19A598B1: set stopIndex = 6
2019-09-11 00:01:17,477 [StateMachineUpdater:18b5dca1-5cee-4f4a-a372-b89973203a77:group-17BE19A598B1] INFO  ratis.ContainerStateMachine (ContainerStateMachine.java:takeSnapshot(284)) - group-17BE19A598B1: Taking a snapshot at:(t:3, i:6) file /workdir/hadoop-ozone/integration-test/target/test-dir/MiniOzoneClusterImpl-e22a53fb-91d7-4d35-81b0-6fa6ae710c0c/datanode-2/data/ratis/d2f15af8-242c-4cd8-8960-17be19a598b1/sm/snapshot.3_6
2019-09-11 00:01:17,477 [Thread-4275] INFO  impl.FollowerState (FollowerState.java:run(114)) - 18b5dca1-5cee-4f4a-a372-b89973203a77: FollowerState was interrupted: java.lang.InterruptedException: sleep interrupted
2019-09-11 00:01:17,493 [StateMachineUpdater:18b5dca1-5cee-4f4a-a372-b89973203a77:group-17BE19A598B1] INFO  ratis.ContainerStateMachine (ContainerStateMachine.java:takeSnapshot(295)) - group-17BE19A598B1: Finished taking a snapshot at:(t:3, i:6) file:/workdir/hadoop-ozone/integration-test/target/test-dir/MiniOzoneClusterImpl-e22a53fb-91d7-4d35-81b0-6fa6ae710c0c/datanode-2/data/ratis/d2f15af8-242c-4cd8-8960-17be19a598b1/sm/snapshot.3_6 time:16
2019-09-11 00:01:17,493 [StateMachineUpdater:18b5dca1-5cee-4f4a-a372-b89973203a77:group-17BE19A598B1] INFO  impl.StateMachineUpdater (StateMachineUpdater.java:takeSnapshot(242)) - StateMachineUpdater:18b5dca1-5cee-4f4a-a372-b89973203a77:group-17BE19A598B1: Took a snapshot at index 6
2019-09-11 00:01:17,493 [StateMachineUpdater:18b5dca1-5cee-4f4a-a372-b89973203a77:group-17BE19A598B1] INFO  impl.StateMachineUpdater (StateMachineUpdater.java:lambda$new$0(80)) - StateMachineUpdater:18b5dca1-5cee-4f4a-a372-b89973203a77:group-17BE19A598B1: snapshotIndex: updateIncreasingly -1 -> 6
2019-09-11 00:01:17,494 [ForkJoinPool.commonPool-worker-1] INFO  impl.RaftServerImpl (ServerState.java:close(394)) - 18b5dca1-5cee-4f4a-a372-b89973203a77:group-17BE19A598B1 closes. The last applied log index is 6
2019-09-11 00:01:17,495 [18b5dca1-5cee-4f4a-a372-b89973203a77-SegmentedRaftLogWorker:Storage Directory /workdir/hadoop-ozone/integration-test/target/test-dir/MiniOzoneClusterImpl-e22a53fb-91d7-4d35-81b0-6fa6ae710c0c/datanode-2/data/ratis/d2f15af8-242c-4cd8-8960-17be19a598b1] INFO  segmented.SegmentedRaftLogWorker (SegmentedRaftLogWorker.java:run(313)) - 18b5dca1-5cee-4f4a-a372-b89973203a77-SegmentedRaftLogWorker:Storage Directory /workdir/hadoop-ozone/integration-test/target/test-dir/MiniOzoneClusterImpl-e22a53fb-91d7-4d35-81b0-6fa6ae710c0c/datanode-2/data/ratis/d2f15af8-242c-4cd8-8960-17be19a598b1 was interrupted, exiting. There are 0 tasks remaining in the queue.
2019-09-11 00:01:17,497 [ForkJoinPool.commonPool-worker-1] INFO  segmented.SegmentedRaftLogWorker (SegmentedRaftLogWorker.java:close(228)) - 18b5dca1-5cee-4f4a-a372-b89973203a77-SegmentedRaftLogWorker:Storage Directory /workdir/hadoop-ozone/integration-test/target/test-dir/MiniOzoneClusterImpl-e22a53fb-91d7-4d35-81b0-6fa6ae710c0c/datanode-2/data/ratis/d2f15af8-242c-4cd8-8960-17be19a598b1 close()
2019-09-11 00:01:17,501 [ForkJoinPool.commonPool-worker-1] INFO  impl.RaftServerImpl (RaftServerImpl.java:lambda$shutdown$3(245)) - 18b5dca1-5cee-4f4a-a372-b89973203a77: shutdown group-71CCFDEBDFC9
2019-09-11 00:01:17,501 [main] INFO  ozoneimpl.OzoneContainer (OzoneContainer.java:stop(215)) - Attempting to stop container services.
2019-09-11 00:01:17,501 [ForkJoinPool.commonPool-worker-1] INFO  util.JmxRegister (JmxRegister.java:unregister(73)) - Successfully un-registered JMX Bean with object name Ratis:service=RaftServer,group=group-71CCFDEBDFC9,id=18b5dca1-5cee-4f4a-a372-b89973203a77
2019-09-11 00:01:17,502 [main] INFO  impl.RaftServerProxy (RaftServerProxy.java:lambda$close$4(314)) - 8134e7f4-1e90-4318-ba5f-921a50abbefc: close
2019-09-11 00:01:17,502 [ForkJoinPool.commonPool-worker-1] INFO  impl.RoleInfo (RoleInfo.java:shutdownLeaderState(104)) - 18b5dca1-5cee-4f4a-a372-b89973203a77: shutdown LeaderState
2019-09-11 00:01:17,502 [main] INFO  impl.RaftServerImpl (RaftServerImpl.java:lambda$shutdown$3(245)) - 8134e7f4-1e90-4318-ba5f-921a50abbefc: shutdown group-091C0F206372
2019-09-11 00:01:17,502 [ForkJoinPool.commonPool-worker-1] INFO  impl.PendingRequests (PendingRequests.java:sendNotLeaderResponses(202)) - 18b5dca1-5cee-4f4a-a372-b89973203a77-PendingRequests: sendNotLeaderResponses
2019-09-11 00:01:17,503 [main] INFO  util.JmxRegister (JmxRegister.java:unregister(73)) - Successfully un-registered JMX Bean with object name Ratis:service=RaftServer,group=group-091C0F206372,id=8134e7f4-1e90-4318-ba5f-921a50abbefc
2019-09-11 00:01:17,503 [ForkJoinPool.commonPool-worker-1] INFO  impl.StateMachineUpdater (StateMachineUpdater.java:stopAndJoin(115)) - StateMachineUpdater:18b5dca1-5cee-4f4a-a372-b89973203a77:group-71CCFDEBDFC9: set stopIndex = 0
2019-09-11 00:01:17,503 [main] INFO  impl.RoleInfo (RoleInfo.java:shutdownLeaderState(104)) - 8134e7f4-1e90-4318-ba5f-921a50abbefc: shutdown LeaderState
2019-09-11 00:01:17,504 [ForkJoinPool.commonPool-worker-1] INFO  impl.RaftServerImpl (ServerState.java:close(394)) - 18b5dca1-5cee-4f4a-a372-b89973203a77:group-71CCFDEBDFC9 closes. The last applied log index is 0
2019-09-11 00:01:17,504 [main] INFO  impl.PendingRequests (PendingRequests.java:sendNotLeaderResponses(202)) - 8134e7f4-1e90-4318-ba5f-921a50abbefc-PendingRequests: sendNotLeaderResponses
2019-09-11 00:01:17,504 [18b5dca1-5cee-4f4a-a372-b89973203a77-SegmentedRaftLogWorker:Storage Directory /workdir/hadoop-ozone/integration-test/target/test-dir/MiniOzoneClusterImpl-e22a53fb-91d7-4d35-81b0-6fa6ae710c0c/datanode-2/data/ratis/241487b0-7061-495c-a3c8-71ccfdebdfc9] INFO  segmented.SegmentedRaftLogWorker (SegmentedRaftLogWorker.java:run(313)) - 18b5dca1-5cee-4f4a-a372-b89973203a77-SegmentedRaftLogWorker:Storage Directory /workdir/hadoop-ozone/integration-test/target/test-dir/MiniOzoneClusterImpl-e22a53fb-91d7-4d35-81b0-6fa6ae710c0c/datanode-2/data/ratis/241487b0-7061-495c-a3c8-71ccfdebdfc9 was interrupted, exiting. There are 0 tasks remaining in the queue.
2019-09-11 00:01:17,505 [main] INFO  impl.StateMachineUpdater (StateMachineUpdater.java:stopAndJoin(115)) - StateMachineUpdater:8134e7f4-1e90-4318-ba5f-921a50abbefc:group-091C0F206372: set stopIndex = 0
2019-09-11 00:01:17,507 [ForkJoinPool.commonPool-worker-1] INFO  segmented.SegmentedRaftLogWorker (SegmentedRaftLogWorker.java:close(228)) - 18b5dca1-5cee-4f4a-a372-b89973203a77-SegmentedRaftLogWorker:Storage Directory /workdir/hadoop-ozone/integration-test/target/test-dir/MiniOzoneClusterImpl-e22a53fb-91d7-4d35-81b0-6fa6ae710c0c/datanode-2/data/ratis/241487b0-7061-495c-a3c8-71ccfdebdfc9 close()
2019-09-11 00:01:17,507 [main] INFO  impl.RaftServerImpl (ServerState.java:close(394)) - 8134e7f4-1e90-4318-ba5f-921a50abbefc:group-091C0F206372 closes. The last applied log index is 0
2019-09-11 00:01:17,510 [ForkJoinPool.commonPool-worker-1] INFO  server.GrpcService (GrpcService.java:closeImpl(155)) - 18b5dca1-5cee-4f4a-a372-b89973203a77: shutdown server with port 45926 now
2019-09-11 00:01:17,511 [8134e7f4-1e90-4318-ba5f-921a50abbefc-SegmentedRaftLogWorker:Storage Directory /workdir/hadoop-ozone/integration-test/target/test-dir/MiniOzoneClusterImpl-e22a53fb-91d7-4d35-81b0-6fa6ae710c0c/datanode-3/data/ratis/2337204d-ce30-4d0a-acd6-091c0f206372] INFO  segmented.SegmentedRaftLogWorker (SegmentedRaftLogWorker.java:run(313)) - 8134e7f4-1e90-4318-ba5f-921a50abbefc-SegmentedRaftLogWorker:Storage Directory /workdir/hadoop-ozone/integration-test/target/test-dir/MiniOzoneClusterImpl-e22a53fb-91d7-4d35-81b0-6fa6ae710c0c/datanode-3/data/ratis/2337204d-ce30-4d0a-acd6-091c0f206372 was interrupted, exiting. There are 0 tasks remaining in the queue.
2019-09-11 00:01:17,513 [main] INFO  segmented.SegmentedRaftLogWorker (SegmentedRaftLogWorker.java:close(228)) - 8134e7f4-1e90-4318-ba5f-921a50abbefc-SegmentedRaftLogWorker:Storage Directory /workdir/hadoop-ozone/integration-test/target/test-dir/MiniOzoneClusterImpl-e22a53fb-91d7-4d35-81b0-6fa6ae710c0c/datanode-3/data/ratis/2337204d-ce30-4d0a-acd6-091c0f206372 close()
2019-09-11 00:01:17,513 [grpc-default-executor-9] WARN  server.GrpcServerProtocolService (LogUtils.java:warn(134)) - 18b5dca1-5cee-4f4a-a372-b89973203a77: appendEntries onError: org.apache.ratis.thirdparty.io.grpc.StatusRuntimeException: CANCELLED: cancelled before receiving half close
2019-09-11 00:01:17,517 [main] INFO  impl.RaftServerImpl (RaftServerImpl.java:lambda$shutdown$3(245)) - 8134e7f4-1e90-4318-ba5f-921a50abbefc: shutdown group-BA09F1E85783
2019-09-11 00:01:17,513 [grpc-default-executor-10] WARN  server.GrpcLogAppender (LogUtils.java:warn(134)) - d1866f23-e324-4f00-81e4-aba39189eab3->18b5dca1-5cee-4f4a-a372-b89973203a77: Failed appendEntries: org.apache.ratis.thirdparty.io.grpc.StatusRuntimeException: CANCELLED: HTTP/2 error code: CANCEL
Received Rst Stream
2019-09-11 00:01:17,513 [ForkJoinPool.commonPool-worker-1] INFO  server.GrpcService (GrpcService.java:closeImpl(163)) - 18b5dca1-5cee-4f4a-a372-b89973203a77: shutdown server with port 45926 successfully
2019-09-11 00:01:17,517 [grpc-default-executor-10] INFO  impl.FollowerInfo (FollowerInfo.java:lambda$new$0(50)) - d1866f23-e324-4f00-81e4-aba39189eab3->18b5dca1-5cee-4f4a-a372-b89973203a77: nextIndex: updateUnconditionally 7 -> 6
2019-09-11 00:01:17,517 [main] INFO  util.JmxRegister (JmxRegister.java:unregister(73)) - Successfully un-registered JMX Bean with object name Ratis:service=RaftServer,group=group-BA09F1E85783,id=8134e7f4-1e90-4318-ba5f-921a50abbefc
2019-09-11 00:01:17,518 [main] INFO  impl.RoleInfo (RoleInfo.java:shutdownFollowerState(121)) - 8134e7f4-1e90-4318-ba5f-921a50abbefc: shutdown FollowerState
2019-09-11 00:01:17,519 [main] INFO  impl.StateMachineUpdater (StateMachineUpdater.java:stopAndJoin(115)) - StateMachineUpdater:8134e7f4-1e90-4318-ba5f-921a50abbefc:group-BA09F1E85783: set stopIndex = 16
2019-09-11 00:01:17,519 [StateMachineUpdater:8134e7f4-1e90-4318-ba5f-921a50abbefc:group-BA09F1E85783] INFO  ratis.ContainerStateMachine (ContainerStateMachine.java:takeSnapshot(284)) - group-BA09F1E85783: Taking a snapshot at:(t:4, i:15) file /workdir/hadoop-ozone/integration-test/target/test-dir/MiniOzoneClusterImpl-e22a53fb-91d7-4d35-81b0-6fa6ae710c0c/datanode-3/data/ratis/64f1e453-e329-4c68-939c-ba09f1e85783/sm/snapshot.4_15
2019-09-11 00:01:17,519 [Thread-4337] INFO  impl.FollowerState (FollowerState.java:run(114)) - 8134e7f4-1e90-4318-ba5f-921a50abbefc: FollowerState was interrupted: java.lang.InterruptedException: sleep interrupted
2019-09-11 00:01:17,519 [refreshUsed-/workdir/hadoop-ozone/integration-test/target/test-dir/MiniOzoneClusterImpl-e22a53fb-91d7-4d35-81b0-6fa6ae710c0c/datanode-2/data/containers] WARN  fs.CachingGetSpaceUsed (CachingGetSpaceUsed.java:run(183)) - Thread Interrupted waiting to refresh disk information: sleep interrupted
2019-09-11 00:01:17,524 [grpc-default-executor-1] WARN  server.GrpcLogAppender (LogUtils.java:warn(134)) - d1866f23-e324-4f00-81e4-aba39189eab3->18b5dca1-5cee-4f4a-a372-b89973203a77: Failed appendEntries: org.apache.ratis.thirdparty.io.grpc.StatusRuntimeException: UNAVAILABLE: io exception
2019-09-11 00:01:17,526 [grpc-default-executor-1] INFO  impl.FollowerInfo (FollowerInfo.java:lambda$new$0(50)) - d1866f23-e324-4f00-81e4-aba39189eab3->18b5dca1-5cee-4f4a-a372-b89973203a77: nextIndex: updateUnconditionally 6 -> 5
2019-09-11 00:01:17,538 [ForkJoinPool.commonPool-worker-1] INFO  utils.BackgroundService (BackgroundService.java:shutdown(148)) - Shutting down service BlockDeletingService
2019-09-11 00:01:17,543 [ForkJoinPool.commonPool-worker-1] INFO  statemachine.DatanodeStateMachine (DatanodeStateMachine.java:stopDaemon(395)) - Ozone container server stopped.
2019-09-11 00:01:17,546 [ForkJoinPool.commonPool-worker-1] INFO  handler.ContextHandler (ContextHandler.java:doStop(910)) - Stopped o.e.j.w.WebAppContext@23564dd2{/,null,UNAVAILABLE}{/hddsDatanode}
2019-09-11 00:01:17,547 [ForkJoinPool.commonPool-worker-1] INFO  server.AbstractConnector (AbstractConnector.java:doStop(318)) - Stopped ServerConnector@54895681{HTTP/1.1,[http/1.1]}{0.0.0.0:0}
2019-09-11 00:01:17,547 [ForkJoinPool.commonPool-worker-1] INFO  handler.ContextHandler (ContextHandler.java:doStop(910)) - Stopped o.e.j.s.ServletContextHandler@25c1f5ee{/static,jar:file:/home/user/.m2/repository/org/apache/hadoop/hadoop-hdds-container-service/0.5.0-SNAPSHOT/hadoop-hdds-container-service-0.5.0-SNAPSHOT.jar!/webapps/static,UNAVAILABLE}
2019-09-11 00:01:17,548 [ForkJoinPool.commonPool-worker-1] INFO  handler.ContextHandler (ContextHandler.java:doStop(910)) - Stopped o.e.j.s.ServletContextHandler@2a5abd3c{/logs,file:///workdir/hadoop-ozone/integration-test/target/log,UNAVAILABLE}
2019-09-11 00:01:17,558 [StateMachineUpdater:8134e7f4-1e90-4318-ba5f-921a50abbefc:group-BA09F1E85783] INFO  ratis.ContainerStateMachine (ContainerStateMachine.java:takeSnapshot(295)) - group-BA09F1E85783: Finished taking a snapshot at:(t:4, i:15) file:/workdir/hadoop-ozone/integration-test/target/test-dir/MiniOzoneClusterImpl-e22a53fb-91d7-4d35-81b0-6fa6ae710c0c/datanode-3/data/ratis/64f1e453-e329-4c68-939c-ba09f1e85783/sm/snapshot.4_15 time:40
2019-09-11 00:01:17,559 [StateMachineUpdater:8134e7f4-1e90-4318-ba5f-921a50abbefc:group-BA09F1E85783] INFO  impl.StateMachineUpdater (StateMachineUpdater.java:takeSnapshot(242)) - StateMachineUpdater:8134e7f4-1e90-4318-ba5f-921a50abbefc:group-BA09F1E85783: Took a snapshot at index 15
2019-09-11 00:01:17,559 [StateMachineUpdater:8134e7f4-1e90-4318-ba5f-921a50abbefc:group-BA09F1E85783] INFO  impl.StateMachineUpdater (StateMachineUpdater.java:lambda$new$0(80)) - StateMachineUpdater:8134e7f4-1e90-4318-ba5f-921a50abbefc:group-BA09F1E85783: snapshotIndex: updateIncreasingly -1 -> 15
2019-09-11 00:01:17,559 [main] INFO  impl.RaftServerImpl (ServerState.java:close(394)) - 8134e7f4-1e90-4318-ba5f-921a50abbefc:group-BA09F1E85783 closes. The last applied log index is 16
2019-09-11 00:01:17,560 [8134e7f4-1e90-4318-ba5f-921a50abbefc-SegmentedRaftLogWorker:Storage Directory /workdir/hadoop-ozone/integration-test/target/test-dir/MiniOzoneClusterImpl-e22a53fb-91d7-4d35-81b0-6fa6ae710c0c/datanode-3/data/ratis/64f1e453-e329-4c68-939c-ba09f1e85783] INFO  segmented.SegmentedRaftLogWorker (SegmentedRaftLogWorker.java:run(313)) - 8134e7f4-1e90-4318-ba5f-921a50abbefc-SegmentedRaftLogWorker:Storage Directory /workdir/hadoop-ozone/integration-test/target/test-dir/MiniOzoneClusterImpl-e22a53fb-91d7-4d35-81b0-6fa6ae710c0c/datanode-3/data/ratis/64f1e453-e329-4c68-939c-ba09f1e85783 was interrupted, exiting. There are 0 tasks remaining in the queue.
2019-09-11 00:01:17,562 [main] INFO  segmented.SegmentedRaftLogWorker (SegmentedRaftLogWorker.java:close(228)) - 8134e7f4-1e90-4318-ba5f-921a50abbefc-SegmentedRaftLogWorker:Storage Directory /workdir/hadoop-ozone/integration-test/target/test-dir/MiniOzoneClusterImpl-e22a53fb-91d7-4d35-81b0-6fa6ae710c0c/datanode-3/data/ratis/64f1e453-e329-4c68-939c-ba09f1e85783 close()
2019-09-11 00:01:17,573 [main] INFO  server.GrpcService (GrpcService.java:closeImpl(155)) - 8134e7f4-1e90-4318-ba5f-921a50abbefc: shutdown server with port 39977 now
2019-09-11 00:01:17,574 [grpc-default-executor-9] WARN  server.GrpcServerProtocolService (LogUtils.java:warn(134)) - 8134e7f4-1e90-4318-ba5f-921a50abbefc: appendEntries onError: org.apache.ratis.thirdparty.io.grpc.StatusRuntimeException: CANCELLED: cancelled before receiving half close
2019-09-11 00:01:17,574 [main] INFO  server.GrpcService (GrpcService.java:closeImpl(163)) - 8134e7f4-1e90-4318-ba5f-921a50abbefc: shutdown server with port 39977 successfully
2019-09-11 00:01:17,574 [grpc-default-executor-9] WARN  server.GrpcLogAppender (LogUtils.java:warn(134)) - c0862f5c-5826-4b92-adfa-20dd0620b5c2->8134e7f4-1e90-4318-ba5f-921a50abbefc: Failed appendEntries: org.apache.ratis.thirdparty.io.grpc.StatusRuntimeException: CANCELLED: HTTP/2 error code: CANCEL
Received Rst Stream
2019-09-11 00:01:17,575 [grpc-default-executor-9] INFO  impl.FollowerInfo (FollowerInfo.java:lambda$new$0(50)) - c0862f5c-5826-4b92-adfa-20dd0620b5c2->8134e7f4-1e90-4318-ba5f-921a50abbefc: nextIndex: updateUnconditionally 17 -> 16
2019-09-11 00:01:17,575 [refreshUsed-/workdir/hadoop-ozone/integration-test/target/test-dir/MiniOzoneClusterImpl-e22a53fb-91d7-4d35-81b0-6fa6ae710c0c/datanode-3/data/containers] WARN  fs.CachingGetSpaceUsed (CachingGetSpaceUsed.java:run(183)) - Thread Interrupted waiting to refresh disk information: sleep interrupted
2019-09-11 00:01:17,586 [main] INFO  utils.BackgroundService (BackgroundService.java:shutdown(148)) - Shutting down service BlockDeletingService
2019-09-11 00:01:17,594 [main] INFO  statemachine.DatanodeStateMachine (DatanodeStateMachine.java:stopDaemon(395)) - Ozone container server stopped.
2019-09-11 00:01:17,595 [main] INFO  handler.ContextHandler (ContextHandler.java:doStop(910)) - Stopped o.e.j.w.WebAppContext@55421b8d{/,null,UNAVAILABLE}{/hddsDatanode}
2019-09-11 00:01:17,596 [main] INFO  server.AbstractConnector (AbstractConnector.java:doStop(318)) - Stopped ServerConnector@24a04257{HTTP/1.1,[http/1.1]}{0.0.0.0:0}
2019-09-11 00:01:17,596 [main] INFO  handler.ContextHandler (ContextHandler.java:doStop(910)) - Stopped o.e.j.s.ServletContextHandler@7d66a126{/static,jar:file:/home/user/.m2/repository/org/apache/hadoop/hadoop-hdds-container-service/0.5.0-SNAPSHOT/hadoop-hdds-container-service-0.5.0-SNAPSHOT.jar!/webapps/static,UNAVAILABLE}
2019-09-11 00:01:17,596 [main] INFO  handler.ContextHandler (ContextHandler.java:doStop(910)) - Stopped o.e.j.s.ServletContextHandler@6eda012b{/logs,file:///workdir/hadoop-ozone/integration-test/target/log,UNAVAILABLE}
2019-09-11 00:01:17,926 [Datanode State Machine Thread - 0] INFO  statemachine.DatanodeStateMachine (DatanodeStateMachine.java:lambda$startDaemon$0(350)) - Ozone container server started.
2019-09-11 00:01:17,926 [Datanode State Machine Thread - 0] INFO  statemachine.DatanodeStateMachine (DatanodeStateMachine.java:lambda$startDaemon$0(350)) - Ozone container server started.
2019-09-11 00:01:19,290 [grpc-default-executor-10] WARN  server.GrpcLogAppender (LogUtils.java:warn(134)) - c0862f5c-5826-4b92-adfa-20dd0620b5c2->e664e961-aac9-42bf-bdf1-066f5156a4eb: Failed appendEntries: org.apache.ratis.thirdparty.io.grpc.StatusRuntimeException: UNAVAILABLE: io exception
2019-09-11 00:01:19,290 [grpc-default-executor-3] WARN  server.GrpcLogAppender (LogUtils.java:warn(134)) - c0862f5c-5826-4b92-adfa-20dd0620b5c2->8134e7f4-1e90-4318-ba5f-921a50abbefc: Failed appendEntries: org.apache.ratis.thirdparty.io.grpc.StatusRuntimeException: UNAVAILABLE: io exception
2019-09-11 00:01:19,290 [grpc-default-executor-10] INFO  impl.FollowerInfo (FollowerInfo.java:lambda$new$0(50)) - c0862f5c-5826-4b92-adfa-20dd0620b5c2->e664e961-aac9-42bf-bdf1-066f5156a4eb: nextIndex: updateUnconditionally 13 -> 12
2019-09-11 00:01:19,291 [grpc-default-executor-3] INFO  impl.FollowerInfo (FollowerInfo.java:lambda$new$0(50)) - c0862f5c-5826-4b92-adfa-20dd0620b5c2->8134e7f4-1e90-4318-ba5f-921a50abbefc: nextIndex: updateUnconditionally 16 -> 15
2019-09-11 00:01:20,025 [grpc-default-executor-1] WARN  server.GrpcLogAppender (LogUtils.java:warn(134)) - d1866f23-e324-4f00-81e4-aba39189eab3->18b5dca1-5cee-4f4a-a372-b89973203a77: Failed appendEntries: org.apache.ratis.thirdparty.io.grpc.StatusRuntimeException: UNAVAILABLE: io exception
2019-09-11 00:01:20,025 [grpc-default-executor-1] INFO  impl.FollowerInfo (FollowerInfo.java:lambda$new$0(50)) - d1866f23-e324-4f00-81e4-aba39189eab3->18b5dca1-5cee-4f4a-a372-b89973203a77: nextIndex: updateUnconditionally 5 -> 4
2019-09-11 00:01:21,791 [grpc-default-executor-3] WARN  server.GrpcLogAppender (LogUtils.java:warn(134)) - c0862f5c-5826-4b92-adfa-20dd0620b5c2->e664e961-aac9-42bf-bdf1-066f5156a4eb: Failed appendEntries: org.apache.ratis.thirdparty.io.grpc.StatusRuntimeException: UNAVAILABLE: io exception
2019-09-11 00:01:21,791 [grpc-default-executor-9] WARN  server.GrpcLogAppender (LogUtils.java:warn(134)) - c0862f5c-5826-4b92-adfa-20dd0620b5c2->8134e7f4-1e90-4318-ba5f-921a50abbefc: Failed appendEntries: org.apache.ratis.thirdparty.io.grpc.StatusRuntimeException: UNAVAILABLE: io exception
2019-09-11 00:01:21,791 [grpc-default-executor-3] INFO  impl.FollowerInfo (FollowerInfo.java:lambda$new$0(50)) - c0862f5c-5826-4b92-adfa-20dd0620b5c2->e664e961-aac9-42bf-bdf1-066f5156a4eb: nextIndex: updateUnconditionally 12 -> 11
2019-09-11 00:01:21,791 [grpc-default-executor-9] INFO  impl.FollowerInfo (FollowerInfo.java:lambda$new$0(50)) - c0862f5c-5826-4b92-adfa-20dd0620b5c2->8134e7f4-1e90-4318-ba5f-921a50abbefc: nextIndex: updateUnconditionally 15 -> 14
2019-09-11 00:01:21,930 [EventQueue-StaleNodeForStaleNodeHandler] INFO  node.StaleNodeHandler (StaleNodeHandler.java:onMessage(58)) - Datanode d1866f23-e324-4f00-81e4-aba39189eab3{ip: 192.168.36.99, host: pr-hdds-2007-n2glh-1307100181, networkLocation: /default-rack, certSerialId: null} moved to stale state. Finalizing its pipelines [PipelineID=6a1bed3a-83e9-47cf-98a2-0b37042e30b8, PipelineID=d2f15af8-242c-4cd8-8960-17be19a598b1]
2019-09-11 00:01:21,930 [EventQueue-StaleNodeForStaleNodeHandler] INFO  pipeline.SCMPipelineManager (SCMPipelineManager.java:finalizeAndDestroyPipeline(311)) - destroying pipeline:Pipeline[ Id: 6a1bed3a-83e9-47cf-98a2-0b37042e30b8, Nodes: d1866f23-e324-4f00-81e4-aba39189eab3{ip: 192.168.36.99, host: pr-hdds-2007-n2glh-1307100181, networkLocation: /default-rack, certSerialId: null}, Type:RATIS, Factor:ONE, State:OPEN]
2019-09-11 00:01:21,931 [EventQueue-StaleNodeForStaleNodeHandler] INFO  pipeline.PipelineStateManager (PipelineStateManager.java:finalizePipeline(123)) - Pipeline Pipeline[ Id: 6a1bed3a-83e9-47cf-98a2-0b37042e30b8, Nodes: d1866f23-e324-4f00-81e4-aba39189eab3{ip: 192.168.36.99, host: pr-hdds-2007-n2glh-1307100181, networkLocation: /default-rack, certSerialId: null}, Type:RATIS, Factor:ONE, State:CLOSED] moved to CLOSED state
2019-09-11 00:01:21,931 [EventQueue-StaleNodeForStaleNodeHandler] INFO  pipeline.SCMPipelineManager (SCMPipelineManager.java:finalizeAndDestroyPipeline(311)) - destroying pipeline:Pipeline[ Id: d2f15af8-242c-4cd8-8960-17be19a598b1, Nodes: d1866f23-e324-4f00-81e4-aba39189eab3{ip: 192.168.36.99, host: pr-hdds-2007-n2glh-1307100181, networkLocation: /default-rack, certSerialId: null}18b5dca1-5cee-4f4a-a372-b89973203a77{ip: 192.168.36.99, host: pr-hdds-2007-n2glh-1307100181, networkLocation: /default-rack, certSerialId: null}bbc2a5fa-cf2b-4b97-a6b6-c2260dff6e77{ip: 192.168.36.99, host: pr-hdds-2007-n2glh-1307100181, networkLocation: /default-rack, certSerialId: null}, Type:RATIS, Factor:THREE, State:CLOSED]
2019-09-11 00:01:21,931 [EventQueue-StaleNodeForStaleNodeHandler] INFO  node.StaleNodeHandler (StaleNodeHandler.java:onMessage(58)) - Datanode bbc2a5fa-cf2b-4b97-a6b6-c2260dff6e77{ip: 192.168.36.99, host: pr-hdds-2007-n2glh-1307100181, networkLocation: /default-rack, certSerialId: null} moved to stale state. Finalizing its pipelines [PipelineID=d2f15af8-242c-4cd8-8960-17be19a598b1, PipelineID=388bdfc2-aa6f-4b6d-8060-89dd507c5741]
2019-09-11 00:01:21,931 [EventQueue-StaleNodeForStaleNodeHandler] INFO  pipeline.SCMPipelineManager (SCMPipelineManager.java:finalizeAndDestroyPipeline(311)) - destroying pipeline:Pipeline[ Id: d2f15af8-242c-4cd8-8960-17be19a598b1, Nodes: d1866f23-e324-4f00-81e4-aba39189eab3{ip: 192.168.36.99, host: pr-hdds-2007-n2glh-1307100181, networkLocation: /default-rack, certSerialId: null}18b5dca1-5cee-4f4a-a372-b89973203a77{ip: 192.168.36.99, host: pr-hdds-2007-n2glh-1307100181, networkLocation: /default-rack, certSerialId: null}bbc2a5fa-cf2b-4b97-a6b6-c2260dff6e77{ip: 192.168.36.99, host: pr-hdds-2007-n2glh-1307100181, networkLocation: /default-rack, certSerialId: null}, Type:RATIS, Factor:THREE, State:CLOSED]
2019-09-11 00:01:21,931 [EventQueue-StaleNodeForStaleNodeHandler] INFO  pipeline.SCMPipelineManager (SCMPipelineManager.java:finalizeAndDestroyPipeline(311)) - destroying pipeline:Pipeline[ Id: 388bdfc2-aa6f-4b6d-8060-89dd507c5741, Nodes: bbc2a5fa-cf2b-4b97-a6b6-c2260dff6e77{ip: 192.168.36.99, host: pr-hdds-2007-n2glh-1307100181, networkLocation: /default-rack, certSerialId: null}, Type:RATIS, Factor:ONE, State:OPEN]
2019-09-11 00:01:21,932 [EventQueue-StaleNodeForStaleNodeHandler] INFO  pipeline.PipelineStateManager (PipelineStateManager.java:finalizePipeline(123)) - Pipeline Pipeline[ Id: 388bdfc2-aa6f-4b6d-8060-89dd507c5741, Nodes: bbc2a5fa-cf2b-4b97-a6b6-c2260dff6e77{ip: 192.168.36.99, host: pr-hdds-2007-n2glh-1307100181, networkLocation: /default-rack, certSerialId: null}, Type:RATIS, Factor:ONE, State:CLOSED] moved to CLOSED state
2019-09-11 00:01:22,525 [grpc-default-executor-3] WARN  server.GrpcLogAppender (LogUtils.java:warn(134)) - d1866f23-e324-4f00-81e4-aba39189eab3->18b5dca1-5cee-4f4a-a372-b89973203a77: Failed appendEntries: org.apache.ratis.thirdparty.io.grpc.StatusRuntimeException: UNAVAILABLE: io exception
2019-09-11 00:01:22,526 [grpc-default-executor-3] INFO  impl.FollowerInfo (FollowerInfo.java:lambda$new$0(50)) - d1866f23-e324-4f00-81e4-aba39189eab3->18b5dca1-5cee-4f4a-a372-b89973203a77: nextIndex: updateUnconditionally 4 -> 3
2019-09-11 00:01:22,549 [ForkJoinPool.commonPool-worker-1] INFO  ozoneimpl.OzoneContainer (OzoneContainer.java:stop(215)) - Attempting to stop container services.
2019-09-11 00:01:22,549 [ForkJoinPool.commonPool-worker-1] INFO  impl.RaftServerProxy (RaftServerProxy.java:lambda$close$4(314)) - d1866f23-e324-4f00-81e4-aba39189eab3: close
2019-09-11 00:01:22,550 [ForkJoinPool.commonPool-worker-1] INFO  impl.RaftServerImpl (RaftServerImpl.java:lambda$shutdown$3(245)) - d1866f23-e324-4f00-81e4-aba39189eab3: shutdown group-0B37042E30B8
2019-09-11 00:01:22,550 [ForkJoinPool.commonPool-worker-1] INFO  util.JmxRegister (JmxRegister.java:unregister(73)) - Successfully un-registered JMX Bean with object name Ratis:service=RaftServer,group=group-0B37042E30B8,id=d1866f23-e324-4f00-81e4-aba39189eab3
2019-09-11 00:01:22,550 [ForkJoinPool.commonPool-worker-1] INFO  impl.RoleInfo (RoleInfo.java:shutdownLeaderState(104)) - d1866f23-e324-4f00-81e4-aba39189eab3: shutdown LeaderState
2019-09-11 00:01:22,551 [ForkJoinPool.commonPool-worker-1] INFO  impl.PendingRequests (PendingRequests.java:sendNotLeaderResponses(202)) - d1866f23-e324-4f00-81e4-aba39189eab3-PendingRequests: sendNotLeaderResponses
2019-09-11 00:01:22,551 [ForkJoinPool.commonPool-worker-1] INFO  impl.StateMachineUpdater (StateMachineUpdater.java:stopAndJoin(115)) - StateMachineUpdater:d1866f23-e324-4f00-81e4-aba39189eab3:group-0B37042E30B8: set stopIndex = 0
2019-09-11 00:01:22,551 [ForkJoinPool.commonPool-worker-1] INFO  impl.RaftServerImpl (ServerState.java:close(394)) - d1866f23-e324-4f00-81e4-aba39189eab3:group-0B37042E30B8 closes. The last applied log index is 0
2019-09-11 00:01:22,552 [d1866f23-e324-4f00-81e4-aba39189eab3-SegmentedRaftLogWorker:Storage Directory /workdir/hadoop-ozone/integration-test/target/test-dir/MiniOzoneClusterImpl-e22a53fb-91d7-4d35-81b0-6fa6ae710c0c/datanode-0/data/ratis/6a1bed3a-83e9-47cf-98a2-0b37042e30b8] INFO  segmented.SegmentedRaftLogWorker (SegmentedRaftLogWorker.java:run(313)) - d1866f23-e324-4f00-81e4-aba39189eab3-SegmentedRaftLogWorker:Storage Directory /workdir/hadoop-ozone/integration-test/target/test-dir/MiniOzoneClusterImpl-e22a53fb-91d7-4d35-81b0-6fa6ae710c0c/datanode-0/data/ratis/6a1bed3a-83e9-47cf-98a2-0b37042e30b8 was interrupted, exiting. There are 0 tasks remaining in the queue.
2019-09-11 00:01:22,554 [ForkJoinPool.commonPool-worker-1] INFO  segmented.SegmentedRaftLogWorker (SegmentedRaftLogWorker.java:close(228)) - d1866f23-e324-4f00-81e4-aba39189eab3-SegmentedRaftLogWorker:Storage Directory /workdir/hadoop-ozone/integration-test/target/test-dir/MiniOzoneClusterImpl-e22a53fb-91d7-4d35-81b0-6fa6ae710c0c/datanode-0/data/ratis/6a1bed3a-83e9-47cf-98a2-0b37042e30b8 close()
2019-09-11 00:01:22,556 [ForkJoinPool.commonPool-worker-1] INFO  impl.RaftServerImpl (RaftServerImpl.java:lambda$shutdown$3(245)) - d1866f23-e324-4f00-81e4-aba39189eab3: shutdown group-17BE19A598B1
2019-09-11 00:01:22,556 [ForkJoinPool.commonPool-worker-1] INFO  util.JmxRegister (JmxRegister.java:unregister(73)) - Successfully un-registered JMX Bean with object name Ratis:service=RaftServer,group=group-17BE19A598B1,id=d1866f23-e324-4f00-81e4-aba39189eab3
2019-09-11 00:01:22,557 [ForkJoinPool.commonPool-worker-1] INFO  impl.RoleInfo (RoleInfo.java:shutdownLeaderState(104)) - d1866f23-e324-4f00-81e4-aba39189eab3: shutdown LeaderState
2019-09-11 00:01:22,560 [ForkJoinPool.commonPool-worker-1] INFO  impl.PendingRequests (PendingRequests.java:sendNotLeaderResponses(202)) - d1866f23-e324-4f00-81e4-aba39189eab3-PendingRequests: sendNotLeaderResponses
2019-09-11 00:01:22,560 [org.apache.ratis.server.impl.LogAppender$AppenderDaemon$$Lambda$513/1922318765@2732bdd0] WARN  server.GrpcLogAppender (GrpcLogAppender.java:mayWait(143)) - GrpcLogAppender(d1866f23-e324-4f00-81e4-aba39189eab3->bbc2a5fa-cf2b-4b97-a6b6-c2260dff6e77): Wait interrupted by java.lang.InterruptedException
2019-09-11 00:01:22,560 [org.apache.ratis.server.impl.LogAppender$AppenderDaemon$$Lambda$513/1922318765@62303ff2] WARN  server.GrpcLogAppender (GrpcLogAppender.java:mayWait(143)) - GrpcLogAppender(d1866f23-e324-4f00-81e4-aba39189eab3->18b5dca1-5cee-4f4a-a372-b89973203a77): Wait interrupted by java.lang.InterruptedException
2019-09-11 00:01:22,566 [ForkJoinPool.commonPool-worker-1] INFO  impl.StateMachineUpdater (StateMachineUpdater.java:stopAndJoin(115)) - StateMachineUpdater:d1866f23-e324-4f00-81e4-aba39189eab3:group-17BE19A598B1: set stopIndex = 6
2019-09-11 00:01:22,566 [grpc-default-executor-1] INFO  server.GrpcServerProtocolService (GrpcServerProtocolService.java:onCompleted(104)) - bbc2a5fa-cf2b-4b97-a6b6-c2260dff6e77: appendEntries completed
2019-09-11 00:01:22,566 [StateMachineUpdater:d1866f23-e324-4f00-81e4-aba39189eab3:group-17BE19A598B1] INFO  ratis.ContainerStateMachine (ContainerStateMachine.java:takeSnapshot(284)) - group-17BE19A598B1: Taking a snapshot at:(t:3, i:6) file /workdir/hadoop-ozone/integration-test/target/test-dir/MiniOzoneClusterImpl-e22a53fb-91d7-4d35-81b0-6fa6ae710c0c/datanode-0/data/ratis/d2f15af8-242c-4cd8-8960-17be19a598b1/sm/snapshot.3_6
2019-09-11 00:01:22,567 [grpc-default-executor-1] INFO  server.GrpcLogAppender (GrpcLogAppender.java:onCompleted(292)) - d1866f23-e324-4f00-81e4-aba39189eab3->bbc2a5fa-cf2b-4b97-a6b6-c2260dff6e77: follower responses appendEntries COMPLETED
2019-09-11 00:01:22,567 [grpc-default-executor-1] INFO  impl.FollowerInfo (FollowerInfo.java:lambda$new$0(50)) - d1866f23-e324-4f00-81e4-aba39189eab3->bbc2a5fa-cf2b-4b97-a6b6-c2260dff6e77: nextIndex: updateUnconditionally 7 -> 6
2019-09-11 00:01:22,580 [StateMachineUpdater:d1866f23-e324-4f00-81e4-aba39189eab3:group-17BE19A598B1] INFO  ratis.ContainerStateMachine (ContainerStateMachine.java:takeSnapshot(295)) - group-17BE19A598B1: Finished taking a snapshot at:(t:3, i:6) file:/workdir/hadoop-ozone/integration-test/target/test-dir/MiniOzoneClusterImpl-e22a53fb-91d7-4d35-81b0-6fa6ae710c0c/datanode-0/data/ratis/d2f15af8-242c-4cd8-8960-17be19a598b1/sm/snapshot.3_6 time:14
2019-09-11 00:01:22,580 [StateMachineUpdater:d1866f23-e324-4f00-81e4-aba39189eab3:group-17BE19A598B1] INFO  impl.StateMachineUpdater (StateMachineUpdater.java:takeSnapshot(242)) - StateMachineUpdater:d1866f23-e324-4f00-81e4-aba39189eab3:group-17BE19A598B1: Took a snapshot at index 6
2019-09-11 00:01:22,580 [StateMachineUpdater:d1866f23-e324-4f00-81e4-aba39189eab3:group-17BE19A598B1] INFO  impl.StateMachineUpdater (StateMachineUpdater.java:lambda$new$0(80)) - StateMachineUpdater:d1866f23-e324-4f00-81e4-aba39189eab3:group-17BE19A598B1: snapshotIndex: updateIncreasingly -1 -> 6
2019-09-11 00:01:22,580 [ForkJoinPool.commonPool-worker-1] INFO  impl.RaftServerImpl (ServerState.java:close(394)) - d1866f23-e324-4f00-81e4-aba39189eab3:group-17BE19A598B1 closes. The last applied log index is 6
2019-09-11 00:01:22,581 [d1866f23-e324-4f00-81e4-aba39189eab3-SegmentedRaftLogWorker:Storage Directory /workdir/hadoop-ozone/integration-test/target/test-dir/MiniOzoneClusterImpl-e22a53fb-91d7-4d35-81b0-6fa6ae710c0c/datanode-0/data/ratis/d2f15af8-242c-4cd8-8960-17be19a598b1] INFO  segmented.SegmentedRaftLogWorker (SegmentedRaftLogWorker.java:run(313)) - d1866f23-e324-4f00-81e4-aba39189eab3-SegmentedRaftLogWorker:Storage Directory /workdir/hadoop-ozone/integration-test/target/test-dir/MiniOzoneClusterImpl-e22a53fb-91d7-4d35-81b0-6fa6ae710c0c/datanode-0/data/ratis/d2f15af8-242c-4cd8-8960-17be19a598b1 was interrupted, exiting. There are 0 tasks remaining in the queue.
2019-09-11 00:01:22,583 [ForkJoinPool.commonPool-worker-1] INFO  segmented.SegmentedRaftLogWorker (SegmentedRaftLogWorker.java:close(228)) - d1866f23-e324-4f00-81e4-aba39189eab3-SegmentedRaftLogWorker:Storage Directory /workdir/hadoop-ozone/integration-test/target/test-dir/MiniOzoneClusterImpl-e22a53fb-91d7-4d35-81b0-6fa6ae710c0c/datanode-0/data/ratis/d2f15af8-242c-4cd8-8960-17be19a598b1 close()
2019-09-11 00:01:22,584 [ForkJoinPool.commonPool-worker-1] INFO  server.GrpcService (GrpcService.java:closeImpl(155)) - d1866f23-e324-4f00-81e4-aba39189eab3: shutdown server with port 40086 now
2019-09-11 00:01:22,585 [grpc-default-executor-3] WARN  client.GrpcClientProtocolService (LogUtils.java:warn(134)) - 1-UnorderedRequestStreamObserver1: onError: org.apache.ratis.thirdparty.io.grpc.StatusRuntimeException: CANCELLED: cancelled before receiving half close
2019-09-11 00:01:22,585 [ForkJoinPool.commonPool-worker-1] INFO  server.GrpcService (GrpcService.java:closeImpl(163)) - d1866f23-e324-4f00-81e4-aba39189eab3: shutdown server with port 40086 successfully
2019-09-11 00:01:22,587 [refreshUsed-/workdir/hadoop-ozone/integration-test/target/test-dir/MiniOzoneClusterImpl-e22a53fb-91d7-4d35-81b0-6fa6ae710c0c/datanode-0/data/containers] WARN  fs.CachingGetSpaceUsed (CachingGetSpaceUsed.java:run(183)) - Thread Interrupted waiting to refresh disk information: sleep interrupted
2019-09-11 00:01:22,597 [main] INFO  ozoneimpl.OzoneContainer (OzoneContainer.java:stop(215)) - Attempting to stop container services.
2019-09-11 00:01:22,598 [main] INFO  impl.RaftServerProxy (RaftServerProxy.java:lambda$close$4(314)) - bbc2a5fa-cf2b-4b97-a6b6-c2260dff6e77: close
2019-09-11 00:01:22,598 [main] INFO  impl.RaftServerImpl (RaftServerImpl.java:lambda$shutdown$3(245)) - bbc2a5fa-cf2b-4b97-a6b6-c2260dff6e77: shutdown group-17BE19A598B1
2019-09-11 00:01:22,598 [main] INFO  util.JmxRegister (JmxRegister.java:unregister(73)) - Successfully un-registered JMX Bean with object name Ratis:service=RaftServer,group=group-17BE19A598B1,id=bbc2a5fa-cf2b-4b97-a6b6-c2260dff6e77
2019-09-11 00:01:22,599 [main] INFO  impl.RoleInfo (RoleInfo.java:shutdownFollowerState(121)) - bbc2a5fa-cf2b-4b97-a6b6-c2260dff6e77: shutdown FollowerState
2019-09-11 00:01:22,599 [main] INFO  impl.StateMachineUpdater (StateMachineUpdater.java:stopAndJoin(115)) - StateMachineUpdater:bbc2a5fa-cf2b-4b97-a6b6-c2260dff6e77:group-17BE19A598B1: set stopIndex = 6
2019-09-11 00:01:22,599 [StateMachineUpdater:bbc2a5fa-cf2b-4b97-a6b6-c2260dff6e77:group-17BE19A598B1] INFO  ratis.ContainerStateMachine (ContainerStateMachine.java:takeSnapshot(284)) - group-17BE19A598B1: Taking a snapshot at:(t:3, i:6) file /workdir/hadoop-ozone/integration-test/target/test-dir/MiniOzoneClusterImpl-e22a53fb-91d7-4d35-81b0-6fa6ae710c0c/datanode-6/data/ratis/d2f15af8-242c-4cd8-8960-17be19a598b1/sm/snapshot.3_6
2019-09-11 00:01:22,599 [Thread-4276] INFO  impl.FollowerState (FollowerState.java:run(114)) - bbc2a5fa-cf2b-4b97-a6b6-c2260dff6e77: FollowerState was interrupted: java.lang.InterruptedException: sleep interrupted
2019-09-11 00:01:22,604 [ForkJoinPool.commonPool-worker-1] INFO  utils.BackgroundService (BackgroundService.java:shutdown(148)) - Shutting down service BlockDeletingService
2019-09-11 00:01:22,608 [ForkJoinPool.commonPool-worker-1] INFO  statemachine.DatanodeStateMachine (DatanodeStateMachine.java:stopDaemon(395)) - Ozone container server stopped.
2019-09-11 00:01:22,612 [ForkJoinPool.commonPool-worker-1] INFO  handler.ContextHandler (ContextHandler.java:doStop(910)) - Stopped o.e.j.w.WebAppContext@10e9a5fe{/,null,UNAVAILABLE}{/hddsDatanode}
2019-09-11 00:01:22,613 [ForkJoinPool.commonPool-worker-1] INFO  server.AbstractConnector (AbstractConnector.java:doStop(318)) - Stopped ServerConnector@259287ac{HTTP/1.1,[http/1.1]}{0.0.0.0:0}
2019-09-11 00:01:22,613 [ForkJoinPool.commonPool-worker-1] INFO  handler.ContextHandler (ContextHandler.java:doStop(910)) - Stopped o.e.j.s.ServletContextHandler@63917fe1{/static,jar:file:/home/user/.m2/repository/org/apache/hadoop/hadoop-hdds-container-service/0.5.0-SNAPSHOT/hadoop-hdds-container-service-0.5.0-SNAPSHOT.jar!/webapps/static,UNAVAILABLE}
2019-09-11 00:01:22,613 [ForkJoinPool.commonPool-worker-1] INFO  handler.ContextHandler (ContextHandler.java:doStop(910)) - Stopped o.e.j.s.ServletContextHandler@76ac68b0{/logs,file:///workdir/hadoop-ozone/integration-test/target/log,UNAVAILABLE}
2019-09-11 00:01:22,643 [StateMachineUpdater:bbc2a5fa-cf2b-4b97-a6b6-c2260dff6e77:group-17BE19A598B1] INFO  ratis.ContainerStateMachine (ContainerStateMachine.java:takeSnapshot(295)) - group-17BE19A598B1: Finished taking a snapshot at:(t:3, i:6) file:/workdir/hadoop-ozone/integration-test/target/test-dir/MiniOzoneClusterImpl-e22a53fb-91d7-4d35-81b0-6fa6ae710c0c/datanode-6/data/ratis/d2f15af8-242c-4cd8-8960-17be19a598b1/sm/snapshot.3_6 time:44
2019-09-11 00:01:22,643 [StateMachineUpdater:bbc2a5fa-cf2b-4b97-a6b6-c2260dff6e77:group-17BE19A598B1] INFO  impl.StateMachineUpdater (StateMachineUpdater.java:takeSnapshot(242)) - StateMachineUpdater:bbc2a5fa-cf2b-4b97-a6b6-c2260dff6e77:group-17BE19A598B1: Took a snapshot at index 6
2019-09-11 00:01:22,643 [StateMachineUpdater:bbc2a5fa-cf2b-4b97-a6b6-c2260dff6e77:group-17BE19A598B1] INFO  impl.StateMachineUpdater (StateMachineUpdater.java:lambda$new$0(80)) - StateMachineUpdater:bbc2a5fa-cf2b-4b97-a6b6-c2260dff6e77:group-17BE19A598B1: snapshotIndex: updateIncreasingly -1 -> 6
2019-09-11 00:01:22,644 [main] INFO  impl.RaftServerImpl (ServerState.java:close(394)) - bbc2a5fa-cf2b-4b97-a6b6-c2260dff6e77:group-17BE19A598B1 closes. The last applied log index is 6
2019-09-11 00:01:22,644 [bbc2a5fa-cf2b-4b97-a6b6-c2260dff6e77-SegmentedRaftLogWorker:Storage Directory /workdir/hadoop-ozone/integration-test/target/test-dir/MiniOzoneClusterImpl-e22a53fb-91d7-4d35-81b0-6fa6ae710c0c/datanode-6/data/ratis/d2f15af8-242c-4cd8-8960-17be19a598b1] INFO  segmented.SegmentedRaftLogWorker (SegmentedRaftLogWorker.java:run(313)) - bbc2a5fa-cf2b-4b97-a6b6-c2260dff6e77-SegmentedRaftLogWorker:Storage Directory /workdir/hadoop-ozone/integration-test/target/test-dir/MiniOzoneClusterImpl-e22a53fb-91d7-4d35-81b0-6fa6ae710c0c/datanode-6/data/ratis/d2f15af8-242c-4cd8-8960-17be19a598b1 was interrupted, exiting. There are 0 tasks remaining in the queue.
2019-09-11 00:01:22,647 [main] INFO  segmented.SegmentedRaftLogWorker (SegmentedRaftLogWorker.java:close(228)) - bbc2a5fa-cf2b-4b97-a6b6-c2260dff6e77-SegmentedRaftLogWorker:Storage Directory /workdir/hadoop-ozone/integration-test/target/test-dir/MiniOzoneClusterImpl-e22a53fb-91d7-4d35-81b0-6fa6ae710c0c/datanode-6/data/ratis/d2f15af8-242c-4cd8-8960-17be19a598b1 close()
2019-09-11 00:01:22,655 [main] INFO  impl.RaftServerImpl (RaftServerImpl.java:lambda$shutdown$3(245)) - bbc2a5fa-cf2b-4b97-a6b6-c2260dff6e77: shutdown group-89DD507C5741
2019-09-11 00:01:22,656 [main] INFO  util.JmxRegister (JmxRegister.java:unregister(73)) - Successfully un-registered JMX Bean with object name Ratis:service=RaftServer,group=group-89DD507C5741,id=bbc2a5fa-cf2b-4b97-a6b6-c2260dff6e77
2019-09-11 00:01:22,656 [main] INFO  impl.RoleInfo (RoleInfo.java:shutdownLeaderState(104)) - bbc2a5fa-cf2b-4b97-a6b6-c2260dff6e77: shutdown LeaderState
2019-09-11 00:01:22,656 [main] INFO  impl.PendingRequests (PendingRequests.java:sendNotLeaderResponses(202)) - bbc2a5fa-cf2b-4b97-a6b6-c2260dff6e77-PendingRequests: sendNotLeaderResponses
2019-09-11 00:01:22,656 [main] INFO  impl.StateMachineUpdater (StateMachineUpdater.java:stopAndJoin(115)) - StateMachineUpdater:bbc2a5fa-cf2b-4b97-a6b6-c2260dff6e77:group-89DD507C5741: set stopIndex = 0
2019-09-11 00:01:22,657 [main] INFO  impl.RaftServerImpl (ServerState.java:close(394)) - bbc2a5fa-cf2b-4b97-a6b6-c2260dff6e77:group-89DD507C5741 closes. The last applied log index is 0
2019-09-11 00:01:22,657 [bbc2a5fa-cf2b-4b97-a6b6-c2260dff6e77-SegmentedRaftLogWorker:Storage Directory /workdir/hadoop-ozone/integration-test/target/test-dir/MiniOzoneClusterImpl-e22a53fb-91d7-4d35-81b0-6fa6ae710c0c/datanode-6/data/ratis/388bdfc2-aa6f-4b6d-8060-89dd507c5741] INFO  segmented.SegmentedRaftLogWorker (SegmentedRaftLogWorker.java:run(313)) - bbc2a5fa-cf2b-4b97-a6b6-c2260dff6e77-SegmentedRaftLogWorker:Storage Directory /workdir/hadoop-ozone/integration-test/target/test-dir/MiniOzoneClusterImpl-e22a53fb-91d7-4d35-81b0-6fa6ae710c0c/datanode-6/data/ratis/388bdfc2-aa6f-4b6d-8060-89dd507c5741 was interrupted, exiting. There are 0 tasks remaining in the queue.
2019-09-11 00:01:22,657 [main] INFO  segmented.SegmentedRaftLogWorker (SegmentedRaftLogWorker.java:close(228)) - bbc2a5fa-cf2b-4b97-a6b6-c2260dff6e77-SegmentedRaftLogWorker:Storage Directory /workdir/hadoop-ozone/integration-test/target/test-dir/MiniOzoneClusterImpl-e22a53fb-91d7-4d35-81b0-6fa6ae710c0c/datanode-6/data/ratis/388bdfc2-aa6f-4b6d-8060-89dd507c5741 close()
2019-09-11 00:01:22,658 [main] INFO  server.GrpcService (GrpcService.java:closeImpl(155)) - bbc2a5fa-cf2b-4b97-a6b6-c2260dff6e77: shutdown server with port 36713 now
2019-09-11 00:01:22,658 [main] INFO  server.GrpcService (GrpcService.java:closeImpl(163)) - bbc2a5fa-cf2b-4b97-a6b6-c2260dff6e77: shutdown server with port 36713 successfully
2019-09-11 00:01:22,660 [refreshUsed-/workdir/hadoop-ozone/integration-test/target/test-dir/MiniOzoneClusterImpl-e22a53fb-91d7-4d35-81b0-6fa6ae710c0c/datanode-6/data/containers] WARN  fs.CachingGetSpaceUsed (CachingGetSpaceUsed.java:run(183)) - Thread Interrupted waiting to refresh disk information: sleep interrupted
2019-09-11 00:01:22,676 [main] INFO  utils.BackgroundService (BackgroundService.java:shutdown(148)) - Shutting down service BlockDeletingService
2019-09-11 00:01:22,684 [main] INFO  statemachine.DatanodeStateMachine (DatanodeStateMachine.java:stopDaemon(395)) - Ozone container server stopped.
2019-09-11 00:01:22,685 [main] INFO  handler.ContextHandler (ContextHandler.java:doStop(910)) - Stopped o.e.j.w.WebAppContext@1f758e4f{/,null,UNAVAILABLE}{/hddsDatanode}
2019-09-11 00:01:22,685 [main] INFO  server.AbstractConnector (AbstractConnector.java:doStop(318)) - Stopped ServerConnector@733534f9{HTTP/1.1,[http/1.1]}{0.0.0.0:0}
2019-09-11 00:01:22,686 [main] INFO  handler.ContextHandler (ContextHandler.java:doStop(910)) - Stopped o.e.j.s.ServletContextHandler@1815577b{/static,jar:file:/home/user/.m2/repository/org/apache/hadoop/hadoop-hdds-container-service/0.5.0-SNAPSHOT/hadoop-hdds-container-service-0.5.0-SNAPSHOT.jar!/webapps/static,UNAVAILABLE}
2019-09-11 00:01:22,686 [main] INFO  handler.ContextHandler (ContextHandler.java:doStop(910)) - Stopped o.e.j.s.ServletContextHandler@639c7f9c{/logs,file:///workdir/hadoop-ozone/integration-test/target/log,UNAVAILABLE}
2019-09-11 00:01:23,342 [Datanode State Machine Thread - 0] INFO  statemachine.DatanodeStateMachine (DatanodeStateMachine.java:lambda$startDaemon$0(350)) - Ozone container server started.
2019-09-11 00:01:24,291 [grpc-default-executor-3] WARN  server.GrpcLogAppender (LogUtils.java:warn(134)) - c0862f5c-5826-4b92-adfa-20dd0620b5c2->8134e7f4-1e90-4318-ba5f-921a50abbefc: Failed appendEntries: org.apache.ratis.thirdparty.io.grpc.StatusRuntimeException: UNAVAILABLE: io exception
2019-09-11 00:01:24,291 [grpc-default-executor-1] WARN  server.GrpcLogAppender (LogUtils.java:warn(134)) - c0862f5c-5826-4b92-adfa-20dd0620b5c2->e664e961-aac9-42bf-bdf1-066f5156a4eb: Failed appendEntries: org.apache.ratis.thirdparty.io.grpc.StatusRuntimeException: UNAVAILABLE: io exception
2019-09-11 00:01:24,291 [grpc-default-executor-3] INFO  impl.FollowerInfo (FollowerInfo.java:lambda$new$0(50)) - c0862f5c-5826-4b92-adfa-20dd0620b5c2->8134e7f4-1e90-4318-ba5f-921a50abbefc: nextIndex: updateUnconditionally 14 -> 13
2019-09-11 00:01:24,291 [grpc-default-executor-1] INFO  impl.FollowerInfo (FollowerInfo.java:lambda$new$0(50)) - c0862f5c-5826-4b92-adfa-20dd0620b5c2->e664e961-aac9-42bf-bdf1-066f5156a4eb: nextIndex: updateUnconditionally 11 -> 10
2019-09-11 00:01:26,791 [grpc-default-executor-5] WARN  server.GrpcLogAppender (LogUtils.java:warn(134)) - c0862f5c-5826-4b92-adfa-20dd0620b5c2->e664e961-aac9-42bf-bdf1-066f5156a4eb: Failed appendEntries: org.apache.ratis.thirdparty.io.grpc.StatusRuntimeException: UNAVAILABLE: io exception
2019-09-11 00:01:26,791 [grpc-default-executor-8] WARN  server.GrpcLogAppender (LogUtils.java:warn(134)) - c0862f5c-5826-4b92-adfa-20dd0620b5c2->8134e7f4-1e90-4318-ba5f-921a50abbefc: Failed appendEntries: org.apache.ratis.thirdparty.io.grpc.StatusRuntimeException: UNAVAILABLE: io exception
2019-09-11 00:01:26,792 [grpc-default-executor-5] INFO  impl.FollowerInfo (FollowerInfo.java:lambda$new$0(50)) - c0862f5c-5826-4b92-adfa-20dd0620b5c2->e664e961-aac9-42bf-bdf1-066f5156a4eb: nextIndex: updateUnconditionally 10 -> 9
2019-09-11 00:01:26,792 [grpc-default-executor-8] INFO  impl.FollowerInfo (FollowerInfo.java:lambda$new$0(50)) - c0862f5c-5826-4b92-adfa-20dd0620b5c2->8134e7f4-1e90-4318-ba5f-921a50abbefc: nextIndex: updateUnconditionally 13 -> 12
2019-09-11 00:01:27,439 [EventQueue-StaleNodeForStaleNodeHandler] INFO  node.StaleNodeHandler (StaleNodeHandler.java:onMessage(58)) - Datanode c0862f5c-5826-4b92-adfa-20dd0620b5c2{ip: 192.168.36.99, host: pr-hdds-2007-n2glh-1307100181, networkLocation: /default-rack, certSerialId: null} moved to stale state. Finalizing its pipelines [PipelineID=c36b77e4-43d6-4ac7-a471-c63e1f4e448d, PipelineID=64f1e453-e329-4c68-939c-ba09f1e85783]
2019-09-11 00:01:27,439 [EventQueue-StaleNodeForStaleNodeHandler] INFO  pipeline.SCMPipelineManager (SCMPipelineManager.java:finalizeAndDestroyPipeline(311)) - destroying pipeline:Pipeline[ Id: c36b77e4-43d6-4ac7-a471-c63e1f4e448d, Nodes: c0862f5c-5826-4b92-adfa-20dd0620b5c2{ip: 192.168.36.99, host: pr-hdds-2007-n2glh-1307100181, networkLocation: /default-rack, certSerialId: null}, Type:RATIS, Factor:ONE, State:OPEN]
2019-09-11 00:01:27,440 [EventQueue-StaleNodeForStaleNodeHandler] INFO  pipeline.PipelineStateManager (PipelineStateManager.java:finalizePipeline(123)) - Pipeline Pipeline[ Id: c36b77e4-43d6-4ac7-a471-c63e1f4e448d, Nodes: c0862f5c-5826-4b92-adfa-20dd0620b5c2{ip: 192.168.36.99, host: pr-hdds-2007-n2glh-1307100181, networkLocation: /default-rack, certSerialId: null}, Type:RATIS, Factor:ONE, State:CLOSED] moved to CLOSED state
2019-09-11 00:01:27,440 [EventQueue-StaleNodeForStaleNodeHandler] INFO  pipeline.SCMPipelineManager (SCMPipelineManager.java:finalizeAndDestroyPipeline(311)) - destroying pipeline:Pipeline[ Id: 64f1e453-e329-4c68-939c-ba09f1e85783, Nodes: e664e961-aac9-42bf-bdf1-066f5156a4eb{ip: 192.168.36.99, host: pr-hdds-2007-n2glh-1307100181, networkLocation: /default-rack, certSerialId: null}8134e7f4-1e90-4318-ba5f-921a50abbefc{ip: 192.168.36.99, host: pr-hdds-2007-n2glh-1307100181, networkLocation: /default-rack, certSerialId: null}c0862f5c-5826-4b92-adfa-20dd0620b5c2{ip: 192.168.36.99, host: pr-hdds-2007-n2glh-1307100181, networkLocation: /default-rack, certSerialId: null}, Type:RATIS, Factor:THREE, State:CLOSED]
2019-09-11 00:01:27,616 [ForkJoinPool.commonPool-worker-1] INFO  ozoneimpl.OzoneContainer (OzoneContainer.java:stop(215)) - Attempting to stop container services.
2019-09-11 00:01:27,616 [ForkJoinPool.commonPool-worker-1] INFO  impl.RaftServerProxy (RaftServerProxy.java:lambda$close$4(314)) - c0862f5c-5826-4b92-adfa-20dd0620b5c2: close
2019-09-11 00:01:27,616 [ForkJoinPool.commonPool-worker-1] INFO  impl.RaftServerImpl (RaftServerImpl.java:lambda$shutdown$3(245)) - c0862f5c-5826-4b92-adfa-20dd0620b5c2: shutdown group-C63E1F4E448D
2019-09-11 00:01:27,617 [ForkJoinPool.commonPool-worker-1] INFO  util.JmxRegister (JmxRegister.java:unregister(73)) - Successfully un-registered JMX Bean with object name Ratis:service=RaftServer,group=group-C63E1F4E448D,id=c0862f5c-5826-4b92-adfa-20dd0620b5c2
2019-09-11 00:01:27,617 [ForkJoinPool.commonPool-worker-1] INFO  impl.RoleInfo (RoleInfo.java:shutdownLeaderState(104)) - c0862f5c-5826-4b92-adfa-20dd0620b5c2: shutdown LeaderState
2019-09-11 00:01:27,617 [ForkJoinPool.commonPool-worker-1] INFO  impl.PendingRequests (PendingRequests.java:sendNotLeaderResponses(202)) - c0862f5c-5826-4b92-adfa-20dd0620b5c2-PendingRequests: sendNotLeaderResponses
2019-09-11 00:01:27,617 [ForkJoinPool.commonPool-worker-1] INFO  impl.StateMachineUpdater (StateMachineUpdater.java:stopAndJoin(115)) - StateMachineUpdater:c0862f5c-5826-4b92-adfa-20dd0620b5c2:group-C63E1F4E448D: set stopIndex = 0
2019-09-11 00:01:27,618 [ForkJoinPool.commonPool-worker-1] INFO  impl.RaftServerImpl (ServerState.java:close(394)) - c0862f5c-5826-4b92-adfa-20dd0620b5c2:group-C63E1F4E448D closes. The last applied log index is 0
2019-09-11 00:01:27,618 [c0862f5c-5826-4b92-adfa-20dd0620b5c2-SegmentedRaftLogWorker:Storage Directory /workdir/hadoop-ozone/integration-test/target/test-dir/MiniOzoneClusterImpl-e22a53fb-91d7-4d35-81b0-6fa6ae710c0c/datanode-5/data/ratis/c36b77e4-43d6-4ac7-a471-c63e1f4e448d] INFO  segmented.SegmentedRaftLogWorker (SegmentedRaftLogWorker.java:run(313)) - c0862f5c-5826-4b92-adfa-20dd0620b5c2-SegmentedRaftLogWorker:Storage Directory /workdir/hadoop-ozone/integration-test/target/test-dir/MiniOzoneClusterImpl-e22a53fb-91d7-4d35-81b0-6fa6ae710c0c/datanode-5/data/ratis/c36b77e4-43d6-4ac7-a471-c63e1f4e448d was interrupted, exiting. There are 0 tasks remaining in the queue.
2019-09-11 00:01:27,618 [ForkJoinPool.commonPool-worker-1] INFO  segmented.SegmentedRaftLogWorker (SegmentedRaftLogWorker.java:close(228)) - c0862f5c-5826-4b92-adfa-20dd0620b5c2-SegmentedRaftLogWorker:Storage Directory /workdir/hadoop-ozone/integration-test/target/test-dir/MiniOzoneClusterImpl-e22a53fb-91d7-4d35-81b0-6fa6ae710c0c/datanode-5/data/ratis/c36b77e4-43d6-4ac7-a471-c63e1f4e448d close()
2019-09-11 00:01:27,619 [ForkJoinPool.commonPool-worker-1] INFO  impl.RaftServerImpl (RaftServerImpl.java:lambda$shutdown$3(245)) - c0862f5c-5826-4b92-adfa-20dd0620b5c2: shutdown group-BA09F1E85783
2019-09-11 00:01:27,619 [ForkJoinPool.commonPool-worker-1] INFO  util.JmxRegister (JmxRegister.java:unregister(73)) - Successfully un-registered JMX Bean with object name Ratis:service=RaftServer,group=group-BA09F1E85783,id=c0862f5c-5826-4b92-adfa-20dd0620b5c2
2019-09-11 00:01:27,619 [ForkJoinPool.commonPool-worker-1] INFO  impl.RoleInfo (RoleInfo.java:shutdownLeaderState(104)) - c0862f5c-5826-4b92-adfa-20dd0620b5c2: shutdown LeaderState
2019-09-11 00:01:27,623 [org.apache.ratis.server.impl.LogAppender$AppenderDaemon$$Lambda$513/1922318765@26866fd4] WARN  server.GrpcLogAppender (GrpcLogAppender.java:mayWait(143)) - GrpcLogAppender(c0862f5c-5826-4b92-adfa-20dd0620b5c2->e664e961-aac9-42bf-bdf1-066f5156a4eb): Wait interrupted by java.lang.InterruptedException
2019-09-11 00:01:27,623 [org.apache.ratis.server.impl.LogAppender$AppenderDaemon$$Lambda$513/1922318765@6384e560] WARN  server.GrpcLogAppender (GrpcLogAppender.java:mayWait(143)) - GrpcLogAppender(c0862f5c-5826-4b92-adfa-20dd0620b5c2->8134e7f4-1e90-4318-ba5f-921a50abbefc): Wait interrupted by java.lang.InterruptedException
2019-09-11 00:01:27,623 [ForkJoinPool.commonPool-worker-1] INFO  impl.PendingRequests (PendingRequests.java:sendNotLeaderResponses(202)) - c0862f5c-5826-4b92-adfa-20dd0620b5c2-PendingRequests: sendNotLeaderResponses
2019-09-11 00:01:27,626 [ForkJoinPool.commonPool-worker-1] INFO  impl.StateMachineUpdater (StateMachineUpdater.java:stopAndJoin(115)) - StateMachineUpdater:c0862f5c-5826-4b92-adfa-20dd0620b5c2:group-BA09F1E85783: set stopIndex = 16
2019-09-11 00:01:27,626 [StateMachineUpdater:c0862f5c-5826-4b92-adfa-20dd0620b5c2:group-BA09F1E85783] INFO  ratis.ContainerStateMachine (ContainerStateMachine.java:takeSnapshot(284)) - group-BA09F1E85783: Taking a snapshot at:(t:4, i:16) file /workdir/hadoop-ozone/integration-test/target/test-dir/MiniOzoneClusterImpl-e22a53fb-91d7-4d35-81b0-6fa6ae710c0c/datanode-5/data/ratis/64f1e453-e329-4c68-939c-ba09f1e85783/sm/snapshot.4_16
2019-09-11 00:01:27,685 [StateMachineUpdater:c0862f5c-5826-4b92-adfa-20dd0620b5c2:group-BA09F1E85783] INFO  ratis.ContainerStateMachine (ContainerStateMachine.java:takeSnapshot(295)) - group-BA09F1E85783: Finished taking a snapshot at:(t:4, i:16) file:/workdir/hadoop-ozone/integration-test/target/test-dir/MiniOzoneClusterImpl-e22a53fb-91d7-4d35-81b0-6fa6ae710c0c/datanode-5/data/ratis/64f1e453-e329-4c68-939c-ba09f1e85783/sm/snapshot.4_16 time:59
2019-09-11 00:01:27,685 [StateMachineUpdater:c0862f5c-5826-4b92-adfa-20dd0620b5c2:group-BA09F1E85783] INFO  impl.StateMachineUpdater (StateMachineUpdater.java:takeSnapshot(242)) - StateMachineUpdater:c0862f5c-5826-4b92-adfa-20dd0620b5c2:group-BA09F1E85783: Took a snapshot at index 16
2019-09-11 00:01:27,685 [StateMachineUpdater:c0862f5c-5826-4b92-adfa-20dd0620b5c2:group-BA09F1E85783] INFO  impl.StateMachineUpdater (StateMachineUpdater.java:lambda$new$0(80)) - StateMachineUpdater:c0862f5c-5826-4b92-adfa-20dd0620b5c2:group-BA09F1E85783: snapshotIndex: updateIncreasingly -1 -> 16
2019-09-11 00:01:27,686 [ForkJoinPool.commonPool-worker-1] INFO  impl.RaftServerImpl (ServerState.java:close(394)) - c0862f5c-5826-4b92-adfa-20dd0620b5c2:group-BA09F1E85783 closes. The last applied log index is 16
2019-09-11 00:01:27,686 [c0862f5c-5826-4b92-adfa-20dd0620b5c2-SegmentedRaftLogWorker:Storage Directory /workdir/hadoop-ozone/integration-test/target/test-dir/MiniOzoneClusterImpl-e22a53fb-91d7-4d35-81b0-6fa6ae710c0c/datanode-5/data/ratis/64f1e453-e329-4c68-939c-ba09f1e85783] INFO  segmented.SegmentedRaftLogWorker (SegmentedRaftLogWorker.java:run(313)) - c0862f5c-5826-4b92-adfa-20dd0620b5c2-SegmentedRaftLogWorker:Storage Directory /workdir/hadoop-ozone/integration-test/target/test-dir/MiniOzoneClusterImpl-e22a53fb-91d7-4d35-81b0-6fa6ae710c0c/datanode-5/data/ratis/64f1e453-e329-4c68-939c-ba09f1e85783 was interrupted, exiting. There are 0 tasks remaining in the queue.
2019-09-11 00:01:27,687 [ForkJoinPool.commonPool-worker-1] INFO  segmented.SegmentedRaftLogWorker (SegmentedRaftLogWorker.java:close(228)) - c0862f5c-5826-4b92-adfa-20dd0620b5c2-SegmentedRaftLogWorker:Storage Directory /workdir/hadoop-ozone/integration-test/target/test-dir/MiniOzoneClusterImpl-e22a53fb-91d7-4d35-81b0-6fa6ae710c0c/datanode-5/data/ratis/64f1e453-e329-4c68-939c-ba09f1e85783 close()
2019-09-11 00:01:27,687 [ForkJoinPool.commonPool-worker-1] INFO  server.GrpcService (GrpcService.java:closeImpl(155)) - c0862f5c-5826-4b92-adfa-20dd0620b5c2: shutdown server with port 37443 now
2019-09-11 00:01:27,688 [ForkJoinPool.commonPool-worker-1] INFO  server.GrpcService (GrpcService.java:closeImpl(163)) - c0862f5c-5826-4b92-adfa-20dd0620b5c2: shutdown server with port 37443 successfully
2019-09-11 00:01:27,689 [refreshUsed-/workdir/hadoop-ozone/integration-test/target/test-dir/MiniOzoneClusterImpl-e22a53fb-91d7-4d35-81b0-6fa6ae710c0c/datanode-5/data/containers] WARN  fs.CachingGetSpaceUsed (CachingGetSpaceUsed.java:run(183)) - Thread Interrupted waiting to refresh disk information: sleep interrupted
2019-09-11 00:01:27,703 [ForkJoinPool.commonPool-worker-1] INFO  utils.BackgroundService (BackgroundService.java:shutdown(148)) - Shutting down service BlockDeletingService
2019-09-11 00:01:27,704 [ForkJoinPool.commonPool-worker-1] INFO  statemachine.DatanodeStateMachine (DatanodeStateMachine.java:stopDaemon(395)) - Ozone container server stopped.
2019-09-11 00:01:27,720 [ForkJoinPool.commonPool-worker-1] INFO  handler.ContextHandler (ContextHandler.java:doStop(910)) - Stopped o.e.j.w.WebAppContext@1544ded3{/,null,UNAVAILABLE}{/hddsDatanode}
2019-09-11 00:01:27,721 [ForkJoinPool.commonPool-worker-1] INFO  server.AbstractConnector (AbstractConnector.java:doStop(318)) - Stopped ServerConnector@3ccb12d{HTTP/1.1,[http/1.1]}{0.0.0.0:0}
2019-09-11 00:01:27,721 [ForkJoinPool.commonPool-worker-1] INFO  handler.ContextHandler (ContextHandler.java:doStop(910)) - Stopped o.e.j.s.ServletContextHandler@6826b70f{/static,jar:file:/home/user/.m2/repository/org/apache/hadoop/hadoop-hdds-container-service/0.5.0-SNAPSHOT/hadoop-hdds-container-service-0.5.0-SNAPSHOT.jar!/webapps/static,UNAVAILABLE}
2019-09-11 00:01:27,722 [ForkJoinPool.commonPool-worker-1] INFO  handler.ContextHandler (ContextHandler.java:doStop(910)) - Stopped o.e.j.s.ServletContextHandler@c472300{/logs,file:///workdir/hadoop-ozone/integration-test/target/log,UNAVAILABLE}
2019-09-11 00:01:27,723 [main] INFO  ozone.MiniOzoneClusterImpl (MiniOzoneClusterImpl.java:stop(339)) - Stopping the StorageContainerManager
2019-09-11 00:01:27,723 [main] INFO  server.StorageContainerManager (StorageContainerManager.java:stop(797)) - Stopping Replication Manager Service.
2019-09-11 00:01:27,723 [main] INFO  container.ReplicationManager (ReplicationManager.java:stop(203)) - Stopping Replication Monitor Thread.
2019-09-11 00:01:27,723 [main] INFO  server.StorageContainerManager (StorageContainerManager.java:stop(804)) - Stopping Lease Manager of the command watchers
2019-09-11 00:01:27,723 [main] INFO  server.StorageContainerManager (StorageContainerManager.java:stop(811)) - Stopping datanode service RPC server
2019-09-11 00:01:27,723 [main] INFO  server.SCMDatanodeProtocolServer (SCMDatanodeProtocolServer.java:stop(367)) - Stopping the RPC server for DataNodes
2019-09-11 00:01:27,724 [main] INFO  ipc.Server (Server.java:stop(3082)) - Stopping server on 46287
2019-09-11 00:01:27,727 [IPC Server listener on 46287] INFO  ipc.Server (Server.java:run(1185)) - Stopping IPC Server listener on 46287
2019-09-11 00:01:27,727 [IPC Server Responder] INFO  ipc.Server (Server.java:run(1319)) - Stopping IPC Server Responder
2019-09-11 00:01:27,739 [SCM Heartbeat Processing Thread - 0] WARN  node.NodeStateManager (NodeStateManager.java:scheduleNextHealthCheck(646)) - Current Thread is interrupted, shutting down HB processing thread for Node Manager.
2019-09-11 00:01:27,740 [main] INFO  server.StorageContainerManager (StorageContainerManager.java:stop(819)) - Stopping block service RPC server
2019-09-11 00:01:27,740 [main] INFO  server.SCMBlockProtocolServer (SCMBlockProtocolServer.java:stop(155)) - Stopping the RPC server for Block Protocol
2019-09-11 00:01:27,740 [main] INFO  ipc.Server (Server.java:stop(3082)) - Stopping server on 45573
2019-09-11 00:01:27,743 [IPC Server listener on 45573] INFO  ipc.Server (Server.java:run(1185)) - Stopping IPC Server listener on 45573
2019-09-11 00:01:27,747 [main] INFO  server.StorageContainerManager (StorageContainerManager.java:stop(826)) - Stopping the StorageContainerLocationProtocol RPC server
2019-09-11 00:01:27,747 [IPC Server Responder] INFO  ipc.Server (Server.java:run(1319)) - Stopping IPC Server Responder
2019-09-11 00:01:27,748 [main] INFO  server.SCMClientProtocolServer (SCMClientProtocolServer.java:stop(159)) - Stopping the RPC server for Client Protocol
2019-09-11 00:01:27,748 [main] INFO  ipc.Server (Server.java:stop(3082)) - Stopping server on 35223
2019-09-11 00:01:27,751 [main] INFO  server.StorageContainerManager (StorageContainerManager.java:stop(833)) - Stopping Storage Container Manager HTTP server.
2019-09-11 00:01:27,751 [IPC Server listener on 35223] INFO  ipc.Server (Server.java:run(1185)) - Stopping IPC Server listener on 35223
2019-09-11 00:01:27,751 [IPC Server Responder] INFO  ipc.Server (Server.java:run(1319)) - Stopping IPC Server Responder
2019-09-11 00:01:27,753 [main] INFO  handler.ContextHandler (ContextHandler.java:doStop(910)) - Stopped o.e.j.w.WebAppContext@d36c1c3{/,null,UNAVAILABLE}{/scm}
2019-09-11 00:01:27,753 [main] INFO  server.AbstractConnector (AbstractConnector.java:doStop(318)) - Stopped ServerConnector@96abc76{HTTP/1.1,[http/1.1]}{0.0.0.0:0}
2019-09-11 00:01:27,754 [main] INFO  handler.ContextHandler (ContextHandler.java:doStop(910)) - Stopped o.e.j.s.ServletContextHandler@20bb85b4{/static,file:///workdir/hadoop-ozone/integration-test/target/test-classes/webapps/static,UNAVAILABLE}
2019-09-11 00:01:27,754 [main] INFO  handler.ContextHandler (ContextHandler.java:doStop(910)) - Stopped o.e.j.s.ServletContextHandler@71166348{/logs,file:///workdir/hadoop-ozone/integration-test/target/log,UNAVAILABLE}
2019-09-11 00:01:27,755 [main] INFO  server.StorageContainerManager (StorageContainerManager.java:stop(844)) - Stopping Block Manager Service.
2019-09-11 00:01:27,755 [main] INFO  utils.BackgroundService (BackgroundService.java:shutdown(148)) - Shutting down service SCMBlockDeletingService
2019-09-11 00:01:27,755 [main] INFO  utils.BackgroundService (BackgroundService.java:shutdown(148)) - Shutting down service SCMBlockDeletingService
2019-09-11 00:01:27,756 [main] INFO  server.StorageContainerManager (StorageContainerManager.java:stop(866)) - Stopping SCM Event Queue.
2019-09-11 00:01:27,759 [main] INFO  impl.MetricsSystemImpl (MetricsSystemImpl.java:stop(210)) - Stopping HddsDatanode metrics system...
2019-09-11 00:01:27,771 [main] INFO  impl.MetricsSystemImpl (MetricsSystemImpl.java:stop(216)) - HddsDatanode metrics system stopped.
]]></system-out>
    <system-err><![CDATA[Sep 11, 2019 12:00:44 AM org.apache.ratis.thirdparty.io.grpc.internal.ManagedChannelOrphanWrapper$ManagedChannelReference cleanQueue
SEVERE: *~*~*~ Channel ManagedChannelImpl{logId=3088, target=192.168.36.99:41363} was not shutdown properly!!! ~*~*~*
    Make sure to call shutdown()/shutdownNow() and wait until awaitTermination() returns true.
java.lang.RuntimeException: ManagedChannel allocation site
	at org.apache.ratis.thirdparty.io.grpc.internal.ManagedChannelOrphanWrapper$ManagedChannelReference.<init>(ManagedChannelOrphanWrapper.java:103)
	at org.apache.ratis.thirdparty.io.grpc.internal.ManagedChannelOrphanWrapper.<init>(ManagedChannelOrphanWrapper.java:53)
	at org.apache.ratis.thirdparty.io.grpc.internal.ManagedChannelOrphanWrapper.<init>(ManagedChannelOrphanWrapper.java:44)
	at org.apache.ratis.thirdparty.io.grpc.internal.AbstractManagedChannelImplBuilder.build(AbstractManagedChannelImplBuilder.java:411)
	at org.apache.hadoop.hdds.scm.XceiverClientGrpc.connectToDatanode(XceiverClientGrpc.java:175)
	at org.apache.hadoop.hdds.scm.XceiverClientGrpc.reconnect(XceiverClientGrpc.java:423)
	at org.apache.hadoop.hdds.scm.XceiverClientGrpc.sendCommandAsync(XceiverClientGrpc.java:372)
	at org.apache.hadoop.hdds.scm.XceiverClientGrpc.sendCommandWithRetry(XceiverClientGrpc.java:285)
	at org.apache.hadoop.hdds.scm.XceiverClientGrpc.sendCommandWithTraceIDAndRetry(XceiverClientGrpc.java:251)
	at org.apache.hadoop.hdds.scm.XceiverClientGrpc.sendCommand(XceiverClientGrpc.java:234)
	at org.apache.hadoop.hdds.scm.storage.ContainerProtocolCalls.readChunk(ContainerProtocolCalls.java:245)
	at org.apache.hadoop.hdds.scm.storage.ChunkInputStream.readChunk(ChunkInputStream.java:335)
	at org.apache.hadoop.hdds.scm.storage.ChunkInputStream.readChunkFromContainer(ChunkInputStream.java:307)
	at org.apache.hadoop.hdds.scm.storage.ChunkInputStream.prepareRead(ChunkInputStream.java:259)
	at org.apache.hadoop.hdds.scm.storage.ChunkInputStream.read(ChunkInputStream.java:144)
	at org.apache.hadoop.hdds.scm.storage.BlockInputStream.read(BlockInputStream.java:239)
	at org.apache.hadoop.ozone.client.io.KeyInputStream.read(KeyInputStream.java:171)
	at org.apache.hadoop.ozone.client.io.OzoneInputStream.read(OzoneInputStream.java:47)
	at java.io.InputStream.read(InputStream.java:101)
	at org.apache.hadoop.ozone.container.ContainerTestHelper.validateData(ContainerTestHelper.java:714)
	at org.apache.hadoop.ozone.client.rpc.TestBlockOutputStreamWithFailures.validateData(TestBlockOutputStreamWithFailures.java:1216)
	at org.apache.hadoop.ozone.client.rpc.TestBlockOutputStreamWithFailures.testWatchForCommitDatanodeFailure(TestBlockOutputStreamWithFailures.java:393)
	at sun.reflect.NativeMethodAccessorImpl.invoke0(Native Method)
	at sun.reflect.NativeMethodAccessorImpl.invoke(NativeMethodAccessorImpl.java:62)
	at sun.reflect.DelegatingMethodAccessorImpl.invoke(DelegatingMethodAccessorImpl.java:43)
	at java.lang.reflect.Method.invoke(Method.java:498)
	at org.junit.runners.model.FrameworkMethod$1.runReflectiveCall(FrameworkMethod.java:47)
	at org.junit.internal.runners.model.ReflectiveCallable.run(ReflectiveCallable.java:12)
	at org.junit.runners.model.FrameworkMethod.invokeExplosively(FrameworkMethod.java:44)
	at org.junit.internal.runners.statements.InvokeMethod.evaluate(InvokeMethod.java:17)
	at org.junit.internal.runners.statements.RunBefores.evaluate(RunBefores.java:26)
	at org.junit.internal.runners.statements.RunAfters.evaluate(RunAfters.java:27)
	at org.junit.runners.ParentRunner.runLeaf(ParentRunner.java:271)
	at org.junit.runners.BlockJUnit4ClassRunner.runChild(BlockJUnit4ClassRunner.java:70)
	at org.junit.runners.BlockJUnit4ClassRunner.runChild(BlockJUnit4ClassRunner.java:50)
	at org.junit.runners.ParentRunner$3.run(ParentRunner.java:238)
	at org.junit.runners.ParentRunner$1.schedule(ParentRunner.java:63)
	at org.junit.runners.ParentRunner.runChildren(ParentRunner.java:236)
	at org.junit.runners.ParentRunner.access$000(ParentRunner.java:53)
	at org.junit.runners.ParentRunner$2.evaluate(ParentRunner.java:229)
	at org.junit.runners.ParentRunner.run(ParentRunner.java:309)
	at org.apache.maven.surefire.junit4.JUnit4Provider.execute(JUnit4Provider.java:365)
	at org.apache.maven.surefire.junit4.JUnit4Provider.executeWithRerun(JUnit4Provider.java:273)
	at org.apache.maven.surefire.junit4.JUnit4Provider.executeTestSet(JUnit4Provider.java:238)
	at org.apache.maven.surefire.junit4.JUnit4Provider.invoke(JUnit4Provider.java:159)
	at org.apache.maven.surefire.booter.ForkedBooter.invokeProviderInSameClassLoader(ForkedBooter.java:384)
	at org.apache.maven.surefire.booter.ForkedBooter.runSuitesInProcess(ForkedBooter.java:345)
	at org.apache.maven.surefire.booter.ForkedBooter.execute(ForkedBooter.java:126)
	at org.apache.maven.surefire.booter.ForkedBooter.main(ForkedBooter.java:418)

Sep 11, 2019 12:00:45 AM org.apache.ratis.thirdparty.io.grpc.internal.ManagedChannelOrphanWrapper$ManagedChannelReference cleanQueue
SEVERE: *~*~*~ Channel ManagedChannelImpl{logId=3069, target=192.168.36.99:42511} was not shutdown properly!!! ~*~*~*
    Make sure to call shutdown()/shutdownNow() and wait until awaitTermination() returns true.
java.lang.RuntimeException: ManagedChannel allocation site
	at org.apache.ratis.thirdparty.io.grpc.internal.ManagedChannelOrphanWrapper$ManagedChannelReference.<init>(ManagedChannelOrphanWrapper.java:103)
	at org.apache.ratis.thirdparty.io.grpc.internal.ManagedChannelOrphanWrapper.<init>(ManagedChannelOrphanWrapper.java:53)
	at org.apache.ratis.thirdparty.io.grpc.internal.ManagedChannelOrphanWrapper.<init>(ManagedChannelOrphanWrapper.java:44)
	at org.apache.ratis.thirdparty.io.grpc.internal.AbstractManagedChannelImplBuilder.build(AbstractManagedChannelImplBuilder.java:411)
	at org.apache.hadoop.hdds.scm.XceiverClientGrpc.connectToDatanode(XceiverClientGrpc.java:175)
	at org.apache.hadoop.hdds.scm.XceiverClientGrpc.reconnect(XceiverClientGrpc.java:423)
	at org.apache.hadoop.hdds.scm.XceiverClientGrpc.sendCommandAsync(XceiverClientGrpc.java:372)
	at org.apache.hadoop.hdds.scm.XceiverClientGrpc.sendCommandWithRetry(XceiverClientGrpc.java:285)
	at org.apache.hadoop.hdds.scm.XceiverClientGrpc.sendCommandWithTraceIDAndRetry(XceiverClientGrpc.java:251)
	at org.apache.hadoop.hdds.scm.XceiverClientGrpc.sendCommand(XceiverClientGrpc.java:234)
	at org.apache.hadoop.hdds.scm.storage.ContainerProtocolCalls.getBlock(ContainerProtocolCalls.java:118)
	at org.apache.hadoop.hdds.scm.storage.BlockInputStream.getChunkInfos(BlockInputStream.java:167)
	at org.apache.hadoop.hdds.scm.storage.BlockInputStream.initialize(BlockInputStream.java:118)
	at org.apache.hadoop.hdds.scm.storage.BlockInputStream.read(BlockInputStream.java:222)
	at org.apache.hadoop.ozone.client.io.KeyInputStream.read(KeyInputStream.java:171)
	at org.apache.hadoop.ozone.client.io.OzoneInputStream.read(OzoneInputStream.java:47)
	at java.io.InputStream.read(InputStream.java:101)
	at org.apache.hadoop.ozone.container.ContainerTestHelper.validateData(ContainerTestHelper.java:714)
	at org.apache.hadoop.ozone.client.rpc.TestBlockOutputStreamWithFailures.validateData(TestBlockOutputStreamWithFailures.java:1216)
	at org.apache.hadoop.ozone.client.rpc.TestBlockOutputStreamWithFailures.testWatchForCommitDatanodeFailure(TestBlockOutputStreamWithFailures.java:393)
	at sun.reflect.NativeMethodAccessorImpl.invoke0(Native Method)
	at sun.reflect.NativeMethodAccessorImpl.invoke(NativeMethodAccessorImpl.java:62)
	at sun.reflect.DelegatingMethodAccessorImpl.invoke(DelegatingMethodAccessorImpl.java:43)
	at java.lang.reflect.Method.invoke(Method.java:498)
	at org.junit.runners.model.FrameworkMethod$1.runReflectiveCall(FrameworkMethod.java:47)
	at org.junit.internal.runners.model.ReflectiveCallable.run(ReflectiveCallable.java:12)
	at org.junit.runners.model.FrameworkMethod.invokeExplosively(FrameworkMethod.java:44)
	at org.junit.internal.runners.statements.InvokeMethod.evaluate(InvokeMethod.java:17)
	at org.junit.internal.runners.statements.RunBefores.evaluate(RunBefores.java:26)
	at org.junit.internal.runners.statements.RunAfters.evaluate(RunAfters.java:27)
	at org.junit.runners.ParentRunner.runLeaf(ParentRunner.java:271)
	at org.junit.runners.BlockJUnit4ClassRunner.runChild(BlockJUnit4ClassRunner.java:70)
	at org.junit.runners.BlockJUnit4ClassRunner.runChild(BlockJUnit4ClassRunner.java:50)
	at org.junit.runners.ParentRunner$3.run(ParentRunner.java:238)
	at org.junit.runners.ParentRunner$1.schedule(ParentRunner.java:63)
	at org.junit.runners.ParentRunner.runChildren(ParentRunner.java:236)
	at org.junit.runners.ParentRunner.access$000(ParentRunner.java:53)
	at org.junit.runners.ParentRunner$2.evaluate(ParentRunner.java:229)
	at org.junit.runners.ParentRunner.run(ParentRunner.java:309)
	at org.apache.maven.surefire.junit4.JUnit4Provider.execute(JUnit4Provider.java:365)
	at org.apache.maven.surefire.junit4.JUnit4Provider.executeWithRerun(JUnit4Provider.java:273)
	at org.apache.maven.surefire.junit4.JUnit4Provider.executeTestSet(JUnit4Provider.java:238)
	at org.apache.maven.surefire.junit4.JUnit4Provider.invoke(JUnit4Provider.java:159)
	at org.apache.maven.surefire.booter.ForkedBooter.invokeProviderInSameClassLoader(ForkedBooter.java:384)
	at org.apache.maven.surefire.booter.ForkedBooter.runSuitesInProcess(ForkedBooter.java:345)
	at org.apache.maven.surefire.booter.ForkedBooter.execute(ForkedBooter.java:126)
	at org.apache.maven.surefire.booter.ForkedBooter.main(ForkedBooter.java:418)

Sep 11, 2019 12:00:45 AM org.apache.ratis.thirdparty.io.grpc.internal.ManagedChannelOrphanWrapper$ManagedChannelReference cleanQueue
SEVERE: *~*~*~ Channel ManagedChannelImpl{logId=2804, target=192.168.36.99:39623} was not shutdown properly!!! ~*~*~*
    Make sure to call shutdown()/shutdownNow() and wait until awaitTermination() returns true.
java.lang.RuntimeException: ManagedChannel allocation site
	at org.apache.ratis.thirdparty.io.grpc.internal.ManagedChannelOrphanWrapper$ManagedChannelReference.<init>(ManagedChannelOrphanWrapper.java:103)
	at org.apache.ratis.thirdparty.io.grpc.internal.ManagedChannelOrphanWrapper.<init>(ManagedChannelOrphanWrapper.java:53)
	at org.apache.ratis.thirdparty.io.grpc.internal.ManagedChannelOrphanWrapper.<init>(ManagedChannelOrphanWrapper.java:44)
	at org.apache.ratis.thirdparty.io.grpc.internal.AbstractManagedChannelImplBuilder.build(AbstractManagedChannelImplBuilder.java:411)
	at org.apache.ratis.grpc.client.GrpcClientProtocolClient.<init>(GrpcClientProtocolClient.java:119)
	at org.apache.ratis.grpc.client.GrpcClientRpc.lambda$new$0(GrpcClientRpc.java:55)
	at org.apache.ratis.util.PeerProxyMap$PeerAndProxy.lambda$getProxy$0(PeerProxyMap.java:61)
	at org.apache.ratis.util.LifeCycle.startAndTransition(LifeCycle.java:202)
	at org.apache.ratis.util.PeerProxyMap$PeerAndProxy.getProxy(PeerProxyMap.java:60)
	at org.apache.ratis.util.PeerProxyMap.getProxy(PeerProxyMap.java:107)
	at org.apache.ratis.grpc.client.GrpcClientRpc.sendRequestAsync(GrpcClientRpc.java:66)
	at org.apache.ratis.client.impl.OrderedAsync.sendRequest(OrderedAsync.java:208)
	at org.apache.ratis.client.impl.OrderedAsync.sendRequestWithRetry(OrderedAsync.java:169)
	at org.apache.ratis.util.SlidingWindow$Client.sendOrDelayRequest(SlidingWindow.java:278)
	at org.apache.ratis.util.SlidingWindow$Client.retry(SlidingWindow.java:294)
	at org.apache.ratis.client.impl.OrderedAsync.lambda$scheduleWithTimeout$7(OrderedAsync.java:195)
	at org.apache.ratis.util.TimeoutScheduler.lambda$onTimeout$0(TimeoutScheduler.java:85)
	at org.apache.ratis.util.TimeoutScheduler.lambda$onTimeout$1(TimeoutScheduler.java:104)
	at org.apache.ratis.util.LogUtils.runAndLog(LogUtils.java:50)
	at org.apache.ratis.util.LogUtils$1.run(LogUtils.java:91)
	at java.util.concurrent.Executors$RunnableAdapter.call(Executors.java:511)
	at java.util.concurrent.FutureTask.run(FutureTask.java:266)
	at java.util.concurrent.ScheduledThreadPoolExecutor$ScheduledFutureTask.access$201(ScheduledThreadPoolExecutor.java:180)
	at java.util.concurrent.ScheduledThreadPoolExecutor$ScheduledFutureTask.run(ScheduledThreadPoolExecutor.java:293)
	at java.util.concurrent.ThreadPoolExecutor.runWorker(ThreadPoolExecutor.java:1149)
	at java.util.concurrent.ThreadPoolExecutor$Worker.run(ThreadPoolExecutor.java:624)
	at java.lang.Thread.run(Thread.java:748)

Sep 11, 2019 12:00:45 AM org.apache.ratis.thirdparty.io.grpc.internal.ManagedChannelOrphanWrapper$ManagedChannelReference cleanQueue
SEVERE: *~*~*~ Channel ManagedChannelImpl{logId=2819, target=192.168.36.99:38598} was not shutdown properly!!! ~*~*~*
    Make sure to call shutdown()/shutdownNow() and wait until awaitTermination() returns true.
java.lang.RuntimeException: ManagedChannel allocation site
	at org.apache.ratis.thirdparty.io.grpc.internal.ManagedChannelOrphanWrapper$ManagedChannelReference.<init>(ManagedChannelOrphanWrapper.java:103)
	at org.apache.ratis.thirdparty.io.grpc.internal.ManagedChannelOrphanWrapper.<init>(ManagedChannelOrphanWrapper.java:53)
	at org.apache.ratis.thirdparty.io.grpc.internal.ManagedChannelOrphanWrapper.<init>(ManagedChannelOrphanWrapper.java:44)
	at org.apache.ratis.thirdparty.io.grpc.internal.AbstractManagedChannelImplBuilder.build(AbstractManagedChannelImplBuilder.java:411)
	at org.apache.hadoop.hdds.scm.XceiverClientGrpc.connectToDatanode(XceiverClientGrpc.java:175)
	at org.apache.hadoop.hdds.scm.XceiverClientGrpc.reconnect(XceiverClientGrpc.java:423)
	at org.apache.hadoop.hdds.scm.XceiverClientGrpc.sendCommandAsync(XceiverClientGrpc.java:372)
	at org.apache.hadoop.hdds.scm.XceiverClientGrpc.sendCommandWithRetry(XceiverClientGrpc.java:285)
	at org.apache.hadoop.hdds.scm.XceiverClientGrpc.sendCommandWithTraceIDAndRetry(XceiverClientGrpc.java:251)
	at org.apache.hadoop.hdds.scm.XceiverClientGrpc.sendCommand(XceiverClientGrpc.java:234)
	at org.apache.hadoop.hdds.scm.storage.ContainerProtocolCalls.getBlock(ContainerProtocolCalls.java:118)
	at org.apache.hadoop.hdds.scm.storage.BlockInputStream.getChunkInfos(BlockInputStream.java:167)
	at org.apache.hadoop.hdds.scm.storage.BlockInputStream.initialize(BlockInputStream.java:118)
	at org.apache.hadoop.hdds.scm.storage.BlockInputStream.read(BlockInputStream.java:222)
	at org.apache.hadoop.ozone.client.io.KeyInputStream.read(KeyInputStream.java:171)
	at org.apache.hadoop.ozone.client.io.OzoneInputStream.read(OzoneInputStream.java:47)
	at java.io.InputStream.read(InputStream.java:101)
	at org.apache.hadoop.ozone.container.ContainerTestHelper.validateData(ContainerTestHelper.java:714)
	at org.apache.hadoop.ozone.client.rpc.TestBlockOutputStreamWithFailures.validateData(TestBlockOutputStreamWithFailures.java:1216)
	at org.apache.hadoop.ozone.client.rpc.TestBlockOutputStreamWithFailures.testWatchForCommitWithSingleNodeRatis(TestBlockOutputStreamWithFailures.java:918)
	at sun.reflect.NativeMethodAccessorImpl.invoke0(Native Method)
	at sun.reflect.NativeMethodAccessorImpl.invoke(NativeMethodAccessorImpl.java:62)
	at sun.reflect.DelegatingMethodAccessorImpl.invoke(DelegatingMethodAccessorImpl.java:43)
	at java.lang.reflect.Method.invoke(Method.java:498)
	at org.junit.runners.model.FrameworkMethod$1.runReflectiveCall(FrameworkMethod.java:47)
	at org.junit.internal.runners.model.ReflectiveCallable.run(ReflectiveCallable.java:12)
	at org.junit.runners.model.FrameworkMethod.invokeExplosively(FrameworkMethod.java:44)
	at org.junit.internal.runners.statements.InvokeMethod.evaluate(InvokeMethod.java:17)
	at org.junit.internal.runners.statements.RunBefores.evaluate(RunBefores.java:26)
	at org.junit.internal.runners.statements.RunAfters.evaluate(RunAfters.java:27)
	at org.junit.runners.ParentRunner.runLeaf(ParentRunner.java:271)
	at org.junit.runners.BlockJUnit4ClassRunner.runChild(BlockJUnit4ClassRunner.java:70)
	at org.junit.runners.BlockJUnit4ClassRunner.runChild(BlockJUnit4ClassRunner.java:50)
	at org.junit.runners.ParentRunner$3.run(ParentRunner.java:238)
	at org.junit.runners.ParentRunner$1.schedule(ParentRunner.java:63)
	at org.junit.runners.ParentRunner.runChildren(ParentRunner.java:236)
	at org.junit.runners.ParentRunner.access$000(ParentRunner.java:53)
	at org.junit.runners.ParentRunner$2.evaluate(ParentRunner.java:229)
	at org.junit.runners.ParentRunner.run(ParentRunner.java:309)
	at org.apache.maven.surefire.junit4.JUnit4Provider.execute(JUnit4Provider.java:365)
	at org.apache.maven.surefire.junit4.JUnit4Provider.executeWithRerun(JUnit4Provider.java:273)
	at org.apache.maven.surefire.junit4.JUnit4Provider.executeTestSet(JUnit4Provider.java:238)
	at org.apache.maven.surefire.junit4.JUnit4Provider.invoke(JUnit4Provider.java:159)
	at org.apache.maven.surefire.booter.ForkedBooter.invokeProviderInSameClassLoader(ForkedBooter.java:384)
	at org.apache.maven.surefire.booter.ForkedBooter.runSuitesInProcess(ForkedBooter.java:345)
	at org.apache.maven.surefire.booter.ForkedBooter.execute(ForkedBooter.java:126)
	at org.apache.maven.surefire.booter.ForkedBooter.main(ForkedBooter.java:418)

Sep 11, 2019 12:00:45 AM org.apache.ratis.thirdparty.io.grpc.internal.ManagedChannelOrphanWrapper$ManagedChannelReference cleanQueue
SEVERE: *~*~*~ Channel ManagedChannelImpl{logId=2607, target=192.168.36.99:42770} was not shutdown properly!!! ~*~*~*
    Make sure to call shutdown()/shutdownNow() and wait until awaitTermination() returns true.
java.lang.RuntimeException: ManagedChannel allocation site
	at org.apache.ratis.thirdparty.io.grpc.internal.ManagedChannelOrphanWrapper$ManagedChannelReference.<init>(ManagedChannelOrphanWrapper.java:103)
	at org.apache.ratis.thirdparty.io.grpc.internal.ManagedChannelOrphanWrapper.<init>(ManagedChannelOrphanWrapper.java:53)
	at org.apache.ratis.thirdparty.io.grpc.internal.ManagedChannelOrphanWrapper.<init>(ManagedChannelOrphanWrapper.java:44)
	at org.apache.ratis.thirdparty.io.grpc.internal.AbstractManagedChannelImplBuilder.build(AbstractManagedChannelImplBuilder.java:411)
	at org.apache.hadoop.hdds.scm.XceiverClientGrpc.connectToDatanode(XceiverClientGrpc.java:175)
	at org.apache.hadoop.hdds.scm.XceiverClientGrpc.reconnect(XceiverClientGrpc.java:423)
	at org.apache.hadoop.hdds.scm.XceiverClientGrpc.sendCommandAsync(XceiverClientGrpc.java:372)
	at org.apache.hadoop.hdds.scm.XceiverClientGrpc.sendCommandWithRetry(XceiverClientGrpc.java:285)
	at org.apache.hadoop.hdds.scm.XceiverClientGrpc.sendCommandWithTraceIDAndRetry(XceiverClientGrpc.java:251)
	at org.apache.hadoop.hdds.scm.XceiverClientGrpc.sendCommand(XceiverClientGrpc.java:234)
	at org.apache.hadoop.hdds.scm.storage.ContainerProtocolCalls.getBlock(ContainerProtocolCalls.java:118)
	at org.apache.hadoop.hdds.scm.storage.BlockInputStream.getChunkInfos(BlockInputStream.java:167)
	at org.apache.hadoop.hdds.scm.storage.BlockInputStream.initialize(BlockInputStream.java:118)
	at org.apache.hadoop.hdds.scm.storage.BlockInputStream.read(BlockInputStream.java:222)
	at org.apache.hadoop.ozone.client.io.KeyInputStream.read(KeyInputStream.java:171)
	at org.apache.hadoop.ozone.client.io.OzoneInputStream.read(OzoneInputStream.java:47)
	at java.io.InputStream.read(InputStream.java:101)
	at org.apache.hadoop.ozone.container.ContainerTestHelper.validateData(ContainerTestHelper.java:714)
	at org.apache.hadoop.ozone.client.rpc.TestBlockOutputStreamWithFailures.validateData(TestBlockOutputStreamWithFailures.java:1216)
	at org.apache.hadoop.ozone.client.rpc.TestBlockOutputStreamWithFailures.testDatanodeFailureWithSingleNodeRatis(TestBlockOutputStreamWithFailures.java:1058)
	at sun.reflect.NativeMethodAccessorImpl.invoke0(Native Method)
	at sun.reflect.NativeMethodAccessorImpl.invoke(NativeMethodAccessorImpl.java:62)
	at sun.reflect.DelegatingMethodAccessorImpl.invoke(DelegatingMethodAccessorImpl.java:43)
	at java.lang.reflect.Method.invoke(Method.java:498)
	at org.junit.runners.model.FrameworkMethod$1.runReflectiveCall(FrameworkMethod.java:47)
	at org.junit.internal.runners.model.ReflectiveCallable.run(ReflectiveCallable.java:12)
	at org.junit.runners.model.FrameworkMethod.invokeExplosively(FrameworkMethod.java:44)
	at org.junit.internal.runners.statements.InvokeMethod.evaluate(InvokeMethod.java:17)
	at org.junit.internal.runners.statements.RunBefores.evaluate(RunBefores.java:26)
	at org.junit.internal.runners.statements.RunAfters.evaluate(RunAfters.java:27)
	at org.junit.runners.ParentRunner.runLeaf(ParentRunner.java:271)
	at org.junit.runners.BlockJUnit4ClassRunner.runChild(BlockJUnit4ClassRunner.java:70)
	at org.junit.runners.BlockJUnit4ClassRunner.runChild(BlockJUnit4ClassRunner.java:50)
	at org.junit.runners.ParentRunner$3.run(ParentRunner.java:238)
	at org.junit.runners.ParentRunner$1.schedule(ParentRunner.java:63)
	at org.junit.runners.ParentRunner.runChildren(ParentRunner.java:236)
	at org.junit.runners.ParentRunner.access$000(ParentRunner.java:53)
	at org.junit.runners.ParentRunner$2.evaluate(ParentRunner.java:229)
	at org.junit.runners.ParentRunner.run(ParentRunner.java:309)
	at org.apache.maven.surefire.junit4.JUnit4Provider.execute(JUnit4Provider.java:365)
	at org.apache.maven.surefire.junit4.JUnit4Provider.executeWithRerun(JUnit4Provider.java:273)
	at org.apache.maven.surefire.junit4.JUnit4Provider.executeTestSet(JUnit4Provider.java:238)
	at org.apache.maven.surefire.junit4.JUnit4Provider.invoke(JUnit4Provider.java:159)
	at org.apache.maven.surefire.booter.ForkedBooter.invokeProviderInSameClassLoader(ForkedBooter.java:384)
	at org.apache.maven.surefire.booter.ForkedBooter.runSuitesInProcess(ForkedBooter.java:345)
	at org.apache.maven.surefire.booter.ForkedBooter.execute(ForkedBooter.java:126)
	at org.apache.maven.surefire.booter.ForkedBooter.main(ForkedBooter.java:418)

Sep 11, 2019 12:00:45 AM org.apache.ratis.thirdparty.io.grpc.internal.ManagedChannelOrphanWrapper$ManagedChannelReference cleanQueue
SEVERE: *~*~*~ Channel ManagedChannelImpl{logId=2573, target=192.168.36.99:37505} was not shutdown properly!!! ~*~*~*
    Make sure to call shutdown()/shutdownNow() and wait until awaitTermination() returns true.
java.lang.RuntimeException: ManagedChannel allocation site
	at org.apache.ratis.thirdparty.io.grpc.internal.ManagedChannelOrphanWrapper$ManagedChannelReference.<init>(ManagedChannelOrphanWrapper.java:103)
	at org.apache.ratis.thirdparty.io.grpc.internal.ManagedChannelOrphanWrapper.<init>(ManagedChannelOrphanWrapper.java:53)
	at org.apache.ratis.thirdparty.io.grpc.internal.ManagedChannelOrphanWrapper.<init>(ManagedChannelOrphanWrapper.java:44)
	at org.apache.ratis.thirdparty.io.grpc.internal.AbstractManagedChannelImplBuilder.build(AbstractManagedChannelImplBuilder.java:411)
	at org.apache.ratis.grpc.client.GrpcClientProtocolClient.<init>(GrpcClientProtocolClient.java:119)
	at org.apache.ratis.grpc.client.GrpcClientRpc.lambda$new$0(GrpcClientRpc.java:55)
	at org.apache.ratis.util.PeerProxyMap$PeerAndProxy.lambda$getProxy$0(PeerProxyMap.java:61)
	at org.apache.ratis.util.LifeCycle.startAndTransition(LifeCycle.java:202)
	at org.apache.ratis.util.PeerProxyMap$PeerAndProxy.getProxy(PeerProxyMap.java:60)
	at org.apache.ratis.util.PeerProxyMap.getProxy(PeerProxyMap.java:107)
	at org.apache.ratis.grpc.client.GrpcClientRpc.sendRequestAsync(GrpcClientRpc.java:66)
	at org.apache.ratis.client.impl.OrderedAsync.sendRequest(OrderedAsync.java:208)
	at org.apache.ratis.client.impl.OrderedAsync.sendRequestWithRetry(OrderedAsync.java:169)
	at org.apache.ratis.util.SlidingWindow$Client.sendOrDelayRequest(SlidingWindow.java:278)
	at org.apache.ratis.util.SlidingWindow$Client.submitNewRequest(SlidingWindow.java:257)
	at org.apache.ratis.client.impl.OrderedAsync.send(OrderedAsync.java:155)
	at org.apache.ratis.client.impl.RaftClientImpl.sendAsync(RaftClientImpl.java:145)
	at org.apache.ratis.client.impl.RaftClientImpl.sendAsync(RaftClientImpl.java:125)
	at org.apache.hadoop.hdds.scm.XceiverClientRatis.sendRequestAsync(XceiverClientRatis.java:224)
	at org.apache.hadoop.hdds.scm.XceiverClientRatis.sendCommandAsync(XceiverClientRatis.java:302)
	at org.apache.hadoop.hdds.scm.storage.ContainerProtocolCalls.writeChunkAsync(ContainerProtocolCalls.java:310)
	at org.apache.hadoop.hdds.scm.storage.BlockOutputStream.writeChunkToContainer(BlockOutputStream.java:601)
	at org.apache.hadoop.hdds.scm.storage.BlockOutputStream.writeChunk(BlockOutputStream.java:459)
	at org.apache.hadoop.hdds.scm.storage.BlockOutputStream.writeOnRetry(BlockOutputStream.java:285)
	at org.apache.hadoop.ozone.client.io.BlockOutputStreamEntry.writeOnRetry(BlockOutputStreamEntry.java:200)
	at org.apache.hadoop.ozone.client.io.KeyOutputStream.handleWrite(KeyOutputStream.java:209)
	at org.apache.hadoop.ozone.client.io.KeyOutputStream.handleRetry(KeyOutputStream.java:376)
	at org.apache.hadoop.ozone.client.io.KeyOutputStream.handleException(KeyOutputStream.java:325)
	at org.apache.hadoop.ozone.client.io.KeyOutputStream.handleFlushOrClose(KeyOutputStream.java:448)
	at org.apache.hadoop.ozone.client.io.KeyOutputStream.handleWrite(KeyOutputStream.java:235)
	at org.apache.hadoop.ozone.client.io.KeyOutputStream.write(KeyOutputStream.java:193)
	at org.apache.hadoop.ozone.client.io.OzoneOutputStream.write(OzoneOutputStream.java:49)
	at java.io.OutputStream.write(OutputStream.java:75)
	at org.apache.hadoop.ozone.client.rpc.TestBlockOutputStreamWithFailures.testDatanodeFailureWithSingleNodeRatis(TestBlockOutputStreamWithFailures.java:1021)
	at sun.reflect.NativeMethodAccessorImpl.invoke0(Native Method)
	at sun.reflect.NativeMethodAccessorImpl.invoke(NativeMethodAccessorImpl.java:62)
	at sun.reflect.DelegatingMethodAccessorImpl.invoke(DelegatingMethodAccessorImpl.java:43)
	at java.lang.reflect.Method.invoke(Method.java:498)
	at org.junit.runners.model.FrameworkMethod$1.runReflectiveCall(FrameworkMethod.java:47)
	at org.junit.internal.runners.model.ReflectiveCallable.run(ReflectiveCallable.java:12)
	at org.junit.runners.model.FrameworkMethod.invokeExplosively(FrameworkMethod.java:44)
	at org.junit.internal.runners.statements.InvokeMethod.evaluate(InvokeMethod.java:17)
	at org.junit.internal.runners.statements.RunBefores.evaluate(RunBefores.java:26)
	at org.junit.internal.runners.statements.RunAfters.evaluate(RunAfters.java:27)
	at org.junit.runners.ParentRunner.runLeaf(ParentRunner.java:271)
	at org.junit.runners.BlockJUnit4ClassRunner.runChild(BlockJUnit4ClassRunner.java:70)
	at org.junit.runners.BlockJUnit4ClassRunner.runChild(BlockJUnit4ClassRunner.java:50)
	at org.junit.runners.ParentRunner$3.run(ParentRunner.java:238)
	at org.junit.runners.ParentRunner$1.schedule(ParentRunner.java:63)
	at org.junit.runners.ParentRunner.runChildren(ParentRunner.java:236)
	at org.junit.runners.ParentRunner.access$000(ParentRunner.java:53)
	at org.junit.runners.ParentRunner$2.evaluate(ParentRunner.java:229)
	at org.junit.runners.ParentRunner.run(ParentRunner.java:309)
	at org.apache.maven.surefire.junit4.JUnit4Provider.execute(JUnit4Provider.java:365)
	at org.apache.maven.surefire.junit4.JUnit4Provider.executeWithRerun(JUnit4Provider.java:273)
	at org.apache.maven.surefire.junit4.JUnit4Provider.executeTestSet(JUnit4Provider.java:238)
	at org.apache.maven.surefire.junit4.JUnit4Provider.invoke(JUnit4Provider.java:159)
	at org.apache.maven.surefire.booter.ForkedBooter.invokeProviderInSameClassLoader(ForkedBooter.java:384)
	at org.apache.maven.surefire.booter.ForkedBooter.runSuitesInProcess(ForkedBooter.java:345)
	at org.apache.maven.surefire.booter.ForkedBooter.execute(ForkedBooter.java:126)
	at org.apache.maven.surefire.booter.ForkedBooter.main(ForkedBooter.java:418)

Sep 11, 2019 12:00:45 AM org.apache.ratis.thirdparty.io.grpc.internal.ManagedChannelOrphanWrapper$ManagedChannelReference cleanQueue
SEVERE: *~*~*~ Channel ManagedChannelImpl{logId=2809, target=192.168.36.99:44762} was not shutdown properly!!! ~*~*~*
    Make sure to call shutdown()/shutdownNow() and wait until awaitTermination() returns true.
java.lang.RuntimeException: ManagedChannel allocation site
	at org.apache.ratis.thirdparty.io.grpc.internal.ManagedChannelOrphanWrapper$ManagedChannelReference.<init>(ManagedChannelOrphanWrapper.java:103)
	at org.apache.ratis.thirdparty.io.grpc.internal.ManagedChannelOrphanWrapper.<init>(ManagedChannelOrphanWrapper.java:53)
	at org.apache.ratis.thirdparty.io.grpc.internal.ManagedChannelOrphanWrapper.<init>(ManagedChannelOrphanWrapper.java:44)
	at org.apache.ratis.thirdparty.io.grpc.internal.AbstractManagedChannelImplBuilder.build(AbstractManagedChannelImplBuilder.java:411)
	at org.apache.ratis.grpc.client.GrpcClientProtocolClient.<init>(GrpcClientProtocolClient.java:119)
	at org.apache.ratis.grpc.client.GrpcClientRpc.lambda$new$0(GrpcClientRpc.java:55)
	at org.apache.ratis.util.PeerProxyMap$PeerAndProxy.lambda$getProxy$0(PeerProxyMap.java:61)
	at org.apache.ratis.util.LifeCycle.startAndTransition(LifeCycle.java:202)
	at org.apache.ratis.util.PeerProxyMap$PeerAndProxy.getProxy(PeerProxyMap.java:60)
	at org.apache.ratis.util.PeerProxyMap.getProxy(PeerProxyMap.java:107)
	at org.apache.ratis.grpc.client.GrpcClientRpc.sendRequestAsync(GrpcClientRpc.java:66)
	at org.apache.ratis.client.impl.OrderedAsync.sendRequest(OrderedAsync.java:208)
	at org.apache.ratis.client.impl.OrderedAsync.sendRequestWithRetry(OrderedAsync.java:169)
	at org.apache.ratis.util.SlidingWindow$Client.sendOrDelayRequest(SlidingWindow.java:278)
	at org.apache.ratis.util.SlidingWindow$Client.submitNewRequest(SlidingWindow.java:257)
	at org.apache.ratis.client.impl.OrderedAsync.send(OrderedAsync.java:155)
	at org.apache.ratis.client.impl.RaftClientImpl.sendAsync(RaftClientImpl.java:145)
	at org.apache.ratis.client.impl.RaftClientImpl.sendAsync(RaftClientImpl.java:125)
	at org.apache.hadoop.hdds.scm.XceiverClientRatis.sendRequestAsync(XceiverClientRatis.java:224)
	at org.apache.hadoop.hdds.scm.XceiverClientRatis.sendCommandAsync(XceiverClientRatis.java:302)
	at org.apache.hadoop.hdds.scm.storage.ContainerProtocolCalls.writeChunkAsync(ContainerProtocolCalls.java:310)
	at org.apache.hadoop.hdds.scm.storage.BlockOutputStream.writeChunkToContainer(BlockOutputStream.java:601)
	at org.apache.hadoop.hdds.scm.storage.BlockOutputStream.writeChunk(BlockOutputStream.java:459)
	at org.apache.hadoop.hdds.scm.storage.BlockOutputStream.writeOnRetry(BlockOutputStream.java:285)
	at org.apache.hadoop.ozone.client.io.BlockOutputStreamEntry.writeOnRetry(BlockOutputStreamEntry.java:200)
	at org.apache.hadoop.ozone.client.io.KeyOutputStream.handleWrite(KeyOutputStream.java:209)
	at org.apache.hadoop.ozone.client.io.KeyOutputStream.handleRetry(KeyOutputStream.java:376)
	at org.apache.hadoop.ozone.client.io.KeyOutputStream.handleException(KeyOutputStream.java:325)
	at org.apache.hadoop.ozone.client.io.KeyOutputStream.handleFlushOrClose(KeyOutputStream.java:448)
	at org.apache.hadoop.ozone.client.io.KeyOutputStream.handleWrite(KeyOutputStream.java:235)
	at org.apache.hadoop.ozone.client.io.KeyOutputStream.write(KeyOutputStream.java:193)
	at org.apache.hadoop.ozone.client.io.OzoneOutputStream.write(OzoneOutputStream.java:49)
	at java.io.OutputStream.write(OutputStream.java:75)
	at org.apache.hadoop.ozone.client.rpc.TestBlockOutputStreamWithFailures.testWatchForCommitWithSingleNodeRatis(TestBlockOutputStreamWithFailures.java:885)
	at sun.reflect.NativeMethodAccessorImpl.invoke0(Native Method)
	at sun.reflect.NativeMethodAccessorImpl.invoke(NativeMethodAccessorImpl.java:62)
	at sun.reflect.DelegatingMethodAccessorImpl.invoke(DelegatingMethodAccessorImpl.java:43)
	at java.lang.reflect.Method.invoke(Method.java:498)
	at org.junit.runners.model.FrameworkMethod$1.runReflectiveCall(FrameworkMethod.java:47)
	at org.junit.internal.runners.model.ReflectiveCallable.run(ReflectiveCallable.java:12)
	at org.junit.runners.model.FrameworkMethod.invokeExplosively(FrameworkMethod.java:44)
	at org.junit.internal.runners.statements.InvokeMethod.evaluate(InvokeMethod.java:17)
	at org.junit.internal.runners.statements.RunBefores.evaluate(RunBefores.java:26)
	at org.junit.internal.runners.statements.RunAfters.evaluate(RunAfters.java:27)
	at org.junit.runners.ParentRunner.runLeaf(ParentRunner.java:271)
	at org.junit.runners.BlockJUnit4ClassRunner.runChild(BlockJUnit4ClassRunner.java:70)
	at org.junit.runners.BlockJUnit4ClassRunner.runChild(BlockJUnit4ClassRunner.java:50)
	at org.junit.runners.ParentRunner$3.run(ParentRunner.java:238)
	at org.junit.runners.ParentRunner$1.schedule(ParentRunner.java:63)
	at org.junit.runners.ParentRunner.runChildren(ParentRunner.java:236)
	at org.junit.runners.ParentRunner.access$000(ParentRunner.java:53)
	at org.junit.runners.ParentRunner$2.evaluate(ParentRunner.java:229)
	at org.junit.runners.ParentRunner.run(ParentRunner.java:309)
	at org.apache.maven.surefire.junit4.JUnit4Provider.execute(JUnit4Provider.java:365)
	at org.apache.maven.surefire.junit4.JUnit4Provider.executeWithRerun(JUnit4Provider.java:273)
	at org.apache.maven.surefire.junit4.JUnit4Provider.executeTestSet(JUnit4Provider.java:238)
	at org.apache.maven.surefire.junit4.JUnit4Provider.invoke(JUnit4Provider.java:159)
	at org.apache.maven.surefire.booter.ForkedBooter.invokeProviderInSameClassLoader(ForkedBooter.java:384)
	at org.apache.maven.surefire.booter.ForkedBooter.runSuitesInProcess(ForkedBooter.java:345)
	at org.apache.maven.surefire.booter.ForkedBooter.execute(ForkedBooter.java:126)
	at org.apache.maven.surefire.booter.ForkedBooter.main(ForkedBooter.java:418)

Sep 11, 2019 12:00:45 AM org.apache.ratis.thirdparty.io.grpc.internal.ManagedChannelOrphanWrapper$ManagedChannelReference cleanQueue
SEVERE: *~*~*~ Channel ManagedChannelImpl{logId=3083, target=192.168.36.99:43149} was not shutdown properly!!! ~*~*~*
    Make sure to call shutdown()/shutdownNow() and wait until awaitTermination() returns true.
java.lang.RuntimeException: ManagedChannel allocation site
	at org.apache.ratis.thirdparty.io.grpc.internal.ManagedChannelOrphanWrapper$ManagedChannelReference.<init>(ManagedChannelOrphanWrapper.java:103)
	at org.apache.ratis.thirdparty.io.grpc.internal.ManagedChannelOrphanWrapper.<init>(ManagedChannelOrphanWrapper.java:53)
	at org.apache.ratis.thirdparty.io.grpc.internal.ManagedChannelOrphanWrapper.<init>(ManagedChannelOrphanWrapper.java:44)
	at org.apache.ratis.thirdparty.io.grpc.internal.AbstractManagedChannelImplBuilder.build(AbstractManagedChannelImplBuilder.java:411)
	at org.apache.hadoop.hdds.scm.XceiverClientGrpc.connectToDatanode(XceiverClientGrpc.java:175)
	at org.apache.hadoop.hdds.scm.XceiverClientGrpc.reconnect(XceiverClientGrpc.java:423)
	at org.apache.hadoop.hdds.scm.XceiverClientGrpc.sendCommandAsync(XceiverClientGrpc.java:372)
	at org.apache.hadoop.hdds.scm.XceiverClientGrpc.sendCommandWithRetry(XceiverClientGrpc.java:285)
	at org.apache.hadoop.hdds.scm.XceiverClientGrpc.sendCommandWithTraceIDAndRetry(XceiverClientGrpc.java:251)
	at org.apache.hadoop.hdds.scm.XceiverClientGrpc.sendCommand(XceiverClientGrpc.java:234)
	at org.apache.hadoop.hdds.scm.storage.ContainerProtocolCalls.getBlock(ContainerProtocolCalls.java:118)
	at org.apache.hadoop.hdds.scm.storage.BlockInputStream.getChunkInfos(BlockInputStream.java:167)
	at org.apache.hadoop.hdds.scm.storage.BlockInputStream.initialize(BlockInputStream.java:118)
	at org.apache.hadoop.hdds.scm.storage.BlockInputStream.read(BlockInputStream.java:222)
	at org.apache.hadoop.ozone.client.io.KeyInputStream.read(KeyInputStream.java:171)
	at org.apache.hadoop.ozone.client.io.OzoneInputStream.read(OzoneInputStream.java:47)
	at java.io.InputStream.read(InputStream.java:101)
	at org.apache.hadoop.ozone.container.ContainerTestHelper.validateData(ContainerTestHelper.java:714)
	at org.apache.hadoop.ozone.client.rpc.TestBlockOutputStreamWithFailures.validateData(TestBlockOutputStreamWithFailures.java:1216)
	at org.apache.hadoop.ozone.client.rpc.TestBlockOutputStreamWithFailures.testWatchForCommitDatanodeFailure(TestBlockOutputStreamWithFailures.java:393)
	at sun.reflect.NativeMethodAccessorImpl.invoke0(Native Method)
	at sun.reflect.NativeMethodAccessorImpl.invoke(NativeMethodAccessorImpl.java:62)
	at sun.reflect.DelegatingMethodAccessorImpl.invoke(DelegatingMethodAccessorImpl.java:43)
	at java.lang.reflect.Method.invoke(Method.java:498)
	at org.junit.runners.model.FrameworkMethod$1.runReflectiveCall(FrameworkMethod.java:47)
	at org.junit.internal.runners.model.ReflectiveCallable.run(ReflectiveCallable.java:12)
	at org.junit.runners.model.FrameworkMethod.invokeExplosively(FrameworkMethod.java:44)
	at org.junit.internal.runners.statements.InvokeMethod.evaluate(InvokeMethod.java:17)
	at org.junit.internal.runners.statements.RunBefores.evaluate(RunBefores.java:26)
	at org.junit.internal.runners.statements.RunAfters.evaluate(RunAfters.java:27)
	at org.junit.runners.ParentRunner.runLeaf(ParentRunner.java:271)
	at org.junit.runners.BlockJUnit4ClassRunner.runChild(BlockJUnit4ClassRunner.java:70)
	at org.junit.runners.BlockJUnit4ClassRunner.runChild(BlockJUnit4ClassRunner.java:50)
	at org.junit.runners.ParentRunner$3.run(ParentRunner.java:238)
	at org.junit.runners.ParentRunner$1.schedule(ParentRunner.java:63)
	at org.junit.runners.ParentRunner.runChildren(ParentRunner.java:236)
	at org.junit.runners.ParentRunner.access$000(ParentRunner.java:53)
	at org.junit.runners.ParentRunner$2.evaluate(ParentRunner.java:229)
	at org.junit.runners.ParentRunner.run(ParentRunner.java:309)
	at org.apache.maven.surefire.junit4.JUnit4Provider.execute(JUnit4Provider.java:365)
	at org.apache.maven.surefire.junit4.JUnit4Provider.executeWithRerun(JUnit4Provider.java:273)
	at org.apache.maven.surefire.junit4.JUnit4Provider.executeTestSet(JUnit4Provider.java:238)
	at org.apache.maven.surefire.junit4.JUnit4Provider.invoke(JUnit4Provider.java:159)
	at org.apache.maven.surefire.booter.ForkedBooter.invokeProviderInSameClassLoader(ForkedBooter.java:384)
	at org.apache.maven.surefire.booter.ForkedBooter.runSuitesInProcess(ForkedBooter.java:345)
	at org.apache.maven.surefire.booter.ForkedBooter.execute(ForkedBooter.java:126)
	at org.apache.maven.surefire.booter.ForkedBooter.main(ForkedBooter.java:418)

Sep 11, 2019 12:00:45 AM org.apache.ratis.thirdparty.io.grpc.internal.ManagedChannelOrphanWrapper$ManagedChannelReference cleanQueue
SEVERE: *~*~*~ Channel ManagedChannelImpl{logId=3064, target=192.168.36.99:40228} was not shutdown properly!!! ~*~*~*
    Make sure to call shutdown()/shutdownNow() and wait until awaitTermination() returns true.
java.lang.RuntimeException: ManagedChannel allocation site
	at org.apache.ratis.thirdparty.io.grpc.internal.ManagedChannelOrphanWrapper$ManagedChannelReference.<init>(ManagedChannelOrphanWrapper.java:103)
	at org.apache.ratis.thirdparty.io.grpc.internal.ManagedChannelOrphanWrapper.<init>(ManagedChannelOrphanWrapper.java:53)
	at org.apache.ratis.thirdparty.io.grpc.internal.ManagedChannelOrphanWrapper.<init>(ManagedChannelOrphanWrapper.java:44)
	at org.apache.ratis.thirdparty.io.grpc.internal.AbstractManagedChannelImplBuilder.build(AbstractManagedChannelImplBuilder.java:411)
	at org.apache.ratis.grpc.client.GrpcClientProtocolClient.<init>(GrpcClientProtocolClient.java:119)
	at org.apache.ratis.grpc.client.GrpcClientRpc.lambda$new$0(GrpcClientRpc.java:55)
	at org.apache.ratis.util.PeerProxyMap$PeerAndProxy.lambda$getProxy$0(PeerProxyMap.java:61)
	at org.apache.ratis.util.LifeCycle.startAndTransition(LifeCycle.java:202)
	at org.apache.ratis.util.PeerProxyMap$PeerAndProxy.getProxy(PeerProxyMap.java:60)
	at org.apache.ratis.util.PeerProxyMap.getProxy(PeerProxyMap.java:107)
	at org.apache.ratis.grpc.client.GrpcClientRpc.sendRequestAsync(GrpcClientRpc.java:66)
	at org.apache.ratis.client.impl.OrderedAsync.sendRequest(OrderedAsync.java:208)
	at org.apache.ratis.client.impl.OrderedAsync.sendRequestWithRetry(OrderedAsync.java:169)
	at org.apache.ratis.util.SlidingWindow$Client.sendOrDelayRequest(SlidingWindow.java:278)
	at org.apache.ratis.util.SlidingWindow$Client.submitNewRequest(SlidingWindow.java:257)
	at org.apache.ratis.client.impl.OrderedAsync.send(OrderedAsync.java:155)
	at org.apache.ratis.client.impl.RaftClientImpl.sendAsync(RaftClientImpl.java:145)
	at org.apache.ratis.client.impl.RaftClientImpl.sendAsync(RaftClientImpl.java:125)
	at org.apache.hadoop.hdds.scm.XceiverClientRatis.sendRequestAsync(XceiverClientRatis.java:224)
	at org.apache.hadoop.hdds.scm.XceiverClientRatis.sendCommandAsync(XceiverClientRatis.java:302)
	at org.apache.hadoop.hdds.scm.storage.ContainerProtocolCalls.writeChunkAsync(ContainerProtocolCalls.java:310)
	at org.apache.hadoop.hdds.scm.storage.BlockOutputStream.writeChunkToContainer(BlockOutputStream.java:601)
	at org.apache.hadoop.hdds.scm.storage.BlockOutputStream.writeChunk(BlockOutputStream.java:459)
	at org.apache.hadoop.hdds.scm.storage.BlockOutputStream.write(BlockOutputStream.java:240)
	at org.apache.hadoop.ozone.client.io.BlockOutputStreamEntry.write(BlockOutputStreamEntry.java:129)
	at org.apache.hadoop.ozone.client.io.KeyOutputStream.handleWrite(KeyOutputStream.java:211)
	at org.apache.hadoop.ozone.client.io.KeyOutputStream.write(KeyOutputStream.java:193)
	at org.apache.hadoop.ozone.client.io.OzoneOutputStream.write(OzoneOutputStream.java:49)
	at java.io.OutputStream.write(OutputStream.java:75)
	at org.apache.hadoop.ozone.client.rpc.TestBlockOutputStreamWithFailures.testWatchForCommitDatanodeFailure(TestBlockOutputStreamWithFailures.java:363)
	at sun.reflect.NativeMethodAccessorImpl.invoke0(Native Method)
	at sun.reflect.NativeMethodAccessorImpl.invoke(NativeMethodAccessorImpl.java:62)
	at sun.reflect.DelegatingMethodAccessorImpl.invoke(DelegatingMethodAccessorImpl.java:43)
	at java.lang.reflect.Method.invoke(Method.java:498)
	at org.junit.runners.model.FrameworkMethod$1.runReflectiveCall(FrameworkMethod.java:47)
	at org.junit.internal.runners.model.ReflectiveCallable.run(ReflectiveCallable.java:12)
	at org.junit.runners.model.FrameworkMethod.invokeExplosively(FrameworkMethod.java:44)
	at org.junit.internal.runners.statements.InvokeMethod.evaluate(InvokeMethod.java:17)
	at org.junit.internal.runners.statements.RunBefores.evaluate(RunBefores.java:26)
	at org.junit.internal.runners.statements.RunAfters.evaluate(RunAfters.java:27)
	at org.junit.runners.ParentRunner.runLeaf(ParentRunner.java:271)
	at org.junit.runners.BlockJUnit4ClassRunner.runChild(BlockJUnit4ClassRunner.java:70)
	at org.junit.runners.BlockJUnit4ClassRunner.runChild(BlockJUnit4ClassRunner.java:50)
	at org.junit.runners.ParentRunner$3.run(ParentRunner.java:238)
	at org.junit.runners.ParentRunner$1.schedule(ParentRunner.java:63)
	at org.junit.runners.ParentRunner.runChildren(ParentRunner.java:236)
	at org.junit.runners.ParentRunner.access$000(ParentRunner.java:53)
	at org.junit.runners.ParentRunner$2.evaluate(ParentRunner.java:229)
	at org.junit.runners.ParentRunner.run(ParentRunner.java:309)
	at org.apache.maven.surefire.junit4.JUnit4Provider.execute(JUnit4Provider.java:365)
	at org.apache.maven.surefire.junit4.JUnit4Provider.executeWithRerun(JUnit4Provider.java:273)
	at org.apache.maven.surefire.junit4.JUnit4Provider.executeTestSet(JUnit4Provider.java:238)
	at org.apache.maven.surefire.junit4.JUnit4Provider.invoke(JUnit4Provider.java:159)
	at org.apache.maven.surefire.booter.ForkedBooter.invokeProviderInSameClassLoader(ForkedBooter.java:384)
	at org.apache.maven.surefire.booter.ForkedBooter.runSuitesInProcess(ForkedBooter.java:345)
	at org.apache.maven.surefire.booter.ForkedBooter.execute(ForkedBooter.java:126)
	at org.apache.maven.surefire.booter.ForkedBooter.main(ForkedBooter.java:418)

Sep 11, 2019 12:00:45 AM org.apache.ratis.thirdparty.io.grpc.internal.ManagedChannelOrphanWrapper$ManagedChannelReference cleanQueue
SEVERE: *~*~*~ Channel ManagedChannelImpl{logId=2814, target=192.168.36.99:33734} was not shutdown properly!!! ~*~*~*
    Make sure to call shutdown()/shutdownNow() and wait until awaitTermination() returns true.
java.lang.RuntimeException: ManagedChannel allocation site
	at org.apache.ratis.thirdparty.io.grpc.internal.ManagedChannelOrphanWrapper$ManagedChannelReference.<init>(ManagedChannelOrphanWrapper.java:103)
	at org.apache.ratis.thirdparty.io.grpc.internal.ManagedChannelOrphanWrapper.<init>(ManagedChannelOrphanWrapper.java:53)
	at org.apache.ratis.thirdparty.io.grpc.internal.ManagedChannelOrphanWrapper.<init>(ManagedChannelOrphanWrapper.java:44)
	at org.apache.ratis.thirdparty.io.grpc.internal.AbstractManagedChannelImplBuilder.build(AbstractManagedChannelImplBuilder.java:411)
	at org.apache.hadoop.hdds.scm.XceiverClientGrpc.connectToDatanode(XceiverClientGrpc.java:175)
	at org.apache.hadoop.hdds.scm.XceiverClientGrpc.reconnect(XceiverClientGrpc.java:423)
	at org.apache.hadoop.hdds.scm.XceiverClientGrpc.sendCommandAsync(XceiverClientGrpc.java:372)
	at org.apache.hadoop.hdds.scm.XceiverClientGrpc.sendCommandWithRetry(XceiverClientGrpc.java:285)
	at org.apache.hadoop.hdds.scm.XceiverClientGrpc.sendCommandWithTraceIDAndRetry(XceiverClientGrpc.java:251)
	at org.apache.hadoop.hdds.scm.XceiverClientGrpc.sendCommand(XceiverClientGrpc.java:234)
	at org.apache.hadoop.hdds.scm.storage.ContainerProtocolCalls.getBlock(ContainerProtocolCalls.java:118)
	at org.apache.hadoop.hdds.scm.storage.BlockInputStream.getChunkInfos(BlockInputStream.java:167)
	at org.apache.hadoop.hdds.scm.storage.BlockInputStream.initialize(BlockInputStream.java:118)
	at org.apache.hadoop.hdds.scm.storage.BlockInputStream.read(BlockInputStream.java:222)
	at org.apache.hadoop.ozone.client.io.KeyInputStream.read(KeyInputStream.java:171)
	at org.apache.hadoop.ozone.client.io.OzoneInputStream.read(OzoneInputStream.java:47)
	at java.io.InputStream.read(InputStream.java:101)
	at org.apache.hadoop.ozone.container.ContainerTestHelper.validateData(ContainerTestHelper.java:714)
	at org.apache.hadoop.ozone.client.rpc.TestBlockOutputStreamWithFailures.validateData(TestBlockOutputStreamWithFailures.java:1216)
	at org.apache.hadoop.ozone.client.rpc.TestBlockOutputStreamWithFailures.testWatchForCommitWithSingleNodeRatis(TestBlockOutputStreamWithFailures.java:918)
	at sun.reflect.NativeMethodAccessorImpl.invoke0(Native Method)
	at sun.reflect.NativeMethodAccessorImpl.invoke(NativeMethodAccessorImpl.java:62)
	at sun.reflect.DelegatingMethodAccessorImpl.invoke(DelegatingMethodAccessorImpl.java:43)
	at java.lang.reflect.Method.invoke(Method.java:498)
	at org.junit.runners.model.FrameworkMethod$1.runReflectiveCall(FrameworkMethod.java:47)
	at org.junit.internal.runners.model.ReflectiveCallable.run(ReflectiveCallable.java:12)
	at org.junit.runners.model.FrameworkMethod.invokeExplosively(FrameworkMethod.java:44)
	at org.junit.internal.runners.statements.InvokeMethod.evaluate(InvokeMethod.java:17)
	at org.junit.internal.runners.statements.RunBefores.evaluate(RunBefores.java:26)
	at org.junit.internal.runners.statements.RunAfters.evaluate(RunAfters.java:27)
	at org.junit.runners.ParentRunner.runLeaf(ParentRunner.java:271)
	at org.junit.runners.BlockJUnit4ClassRunner.runChild(BlockJUnit4ClassRunner.java:70)
	at org.junit.runners.BlockJUnit4ClassRunner.runChild(BlockJUnit4ClassRunner.java:50)
	at org.junit.runners.ParentRunner$3.run(ParentRunner.java:238)
	at org.junit.runners.ParentRunner$1.schedule(ParentRunner.java:63)
	at org.junit.runners.ParentRunner.runChildren(ParentRunner.java:236)
	at org.junit.runners.ParentRunner.access$000(ParentRunner.java:53)
	at org.junit.runners.ParentRunner$2.evaluate(ParentRunner.java:229)
	at org.junit.runners.ParentRunner.run(ParentRunner.java:309)
	at org.apache.maven.surefire.junit4.JUnit4Provider.execute(JUnit4Provider.java:365)
	at org.apache.maven.surefire.junit4.JUnit4Provider.executeWithRerun(JUnit4Provider.java:273)
	at org.apache.maven.surefire.junit4.JUnit4Provider.executeTestSet(JUnit4Provider.java:238)
	at org.apache.maven.surefire.junit4.JUnit4Provider.invoke(JUnit4Provider.java:159)
	at org.apache.maven.surefire.booter.ForkedBooter.invokeProviderInSameClassLoader(ForkedBooter.java:384)
	at org.apache.maven.surefire.booter.ForkedBooter.runSuitesInProcess(ForkedBooter.java:345)
	at org.apache.maven.surefire.booter.ForkedBooter.execute(ForkedBooter.java:126)
	at org.apache.maven.surefire.booter.ForkedBooter.main(ForkedBooter.java:418)

Sep 11, 2019 12:00:45 AM org.apache.ratis.thirdparty.io.grpc.internal.ManagedChannelOrphanWrapper$ManagedChannelReference cleanQueue
SEVERE: *~*~*~ Channel ManagedChannelImpl{logId=2602, target=192.168.36.99:44463} was not shutdown properly!!! ~*~*~*
    Make sure to call shutdown()/shutdownNow() and wait until awaitTermination() returns true.
java.lang.RuntimeException: ManagedChannel allocation site
	at org.apache.ratis.thirdparty.io.grpc.internal.ManagedChannelOrphanWrapper$ManagedChannelReference.<init>(ManagedChannelOrphanWrapper.java:103)
	at org.apache.ratis.thirdparty.io.grpc.internal.ManagedChannelOrphanWrapper.<init>(ManagedChannelOrphanWrapper.java:53)
	at org.apache.ratis.thirdparty.io.grpc.internal.ManagedChannelOrphanWrapper.<init>(ManagedChannelOrphanWrapper.java:44)
	at org.apache.ratis.thirdparty.io.grpc.internal.AbstractManagedChannelImplBuilder.build(AbstractManagedChannelImplBuilder.java:411)
	at org.apache.hadoop.hdds.scm.XceiverClientGrpc.connectToDatanode(XceiverClientGrpc.java:175)
	at org.apache.hadoop.hdds.scm.XceiverClientGrpc.reconnect(XceiverClientGrpc.java:423)
	at org.apache.hadoop.hdds.scm.XceiverClientGrpc.sendCommandAsync(XceiverClientGrpc.java:372)
	at org.apache.hadoop.hdds.scm.XceiverClientGrpc.sendCommandWithRetry(XceiverClientGrpc.java:285)
	at org.apache.hadoop.hdds.scm.XceiverClientGrpc.sendCommandWithTraceIDAndRetry(XceiverClientGrpc.java:251)
	at org.apache.hadoop.hdds.scm.XceiverClientGrpc.sendCommand(XceiverClientGrpc.java:234)
	at org.apache.hadoop.hdds.scm.storage.ContainerProtocolCalls.getBlock(ContainerProtocolCalls.java:118)
	at org.apache.hadoop.hdds.scm.storage.BlockInputStream.getChunkInfos(BlockInputStream.java:167)
	at org.apache.hadoop.hdds.scm.storage.BlockInputStream.initialize(BlockInputStream.java:118)
	at org.apache.hadoop.hdds.scm.storage.BlockInputStream.read(BlockInputStream.java:222)
	at org.apache.hadoop.ozone.client.io.KeyInputStream.read(KeyInputStream.java:171)
	at org.apache.hadoop.ozone.client.io.OzoneInputStream.read(OzoneInputStream.java:47)
	at java.io.InputStream.read(InputStream.java:101)
	at org.apache.hadoop.ozone.container.ContainerTestHelper.validateData(ContainerTestHelper.java:714)
	at org.apache.hadoop.ozone.client.rpc.TestBlockOutputStreamWithFailures.validateData(TestBlockOutputStreamWithFailures.java:1216)
	at org.apache.hadoop.ozone.client.rpc.TestBlockOutputStreamWithFailures.testDatanodeFailureWithSingleNodeRatis(TestBlockOutputStreamWithFailures.java:1058)
	at sun.reflect.NativeMethodAccessorImpl.invoke0(Native Method)
	at sun.reflect.NativeMethodAccessorImpl.invoke(NativeMethodAccessorImpl.java:62)
	at sun.reflect.DelegatingMethodAccessorImpl.invoke(DelegatingMethodAccessorImpl.java:43)
	at java.lang.reflect.Method.invoke(Method.java:498)
	at org.junit.runners.model.FrameworkMethod$1.runReflectiveCall(FrameworkMethod.java:47)
	at org.junit.internal.runners.model.ReflectiveCallable.run(ReflectiveCallable.java:12)
	at org.junit.runners.model.FrameworkMethod.invokeExplosively(FrameworkMethod.java:44)
	at org.junit.internal.runners.statements.InvokeMethod.evaluate(InvokeMethod.java:17)
	at org.junit.internal.runners.statements.RunBefores.evaluate(RunBefores.java:26)
	at org.junit.internal.runners.statements.RunAfters.evaluate(RunAfters.java:27)
	at org.junit.runners.ParentRunner.runLeaf(ParentRunner.java:271)
	at org.junit.runners.BlockJUnit4ClassRunner.runChild(BlockJUnit4ClassRunner.java:70)
	at org.junit.runners.BlockJUnit4ClassRunner.runChild(BlockJUnit4ClassRunner.java:50)
	at org.junit.runners.ParentRunner$3.run(ParentRunner.java:238)
	at org.junit.runners.ParentRunner$1.schedule(ParentRunner.java:63)
	at org.junit.runners.ParentRunner.runChildren(ParentRunner.java:236)
	at org.junit.runners.ParentRunner.access$000(ParentRunner.java:53)
	at org.junit.runners.ParentRunner$2.evaluate(ParentRunner.java:229)
	at org.junit.runners.ParentRunner.run(ParentRunner.java:309)
	at org.apache.maven.surefire.junit4.JUnit4Provider.execute(JUnit4Provider.java:365)
	at org.apache.maven.surefire.junit4.JUnit4Provider.executeWithRerun(JUnit4Provider.java:273)
	at org.apache.maven.surefire.junit4.JUnit4Provider.executeTestSet(JUnit4Provider.java:238)
	at org.apache.maven.surefire.junit4.JUnit4Provider.invoke(JUnit4Provider.java:159)
	at org.apache.maven.surefire.booter.ForkedBooter.invokeProviderInSameClassLoader(ForkedBooter.java:384)
	at org.apache.maven.surefire.booter.ForkedBooter.runSuitesInProcess(ForkedBooter.java:345)
	at org.apache.maven.surefire.booter.ForkedBooter.execute(ForkedBooter.java:126)
	at org.apache.maven.surefire.booter.ForkedBooter.main(ForkedBooter.java:418)

Sep 11, 2019 12:00:45 AM org.apache.ratis.thirdparty.io.grpc.internal.ManagedChannelOrphanWrapper$ManagedChannelReference cleanQueue
SEVERE: *~*~*~ Channel ManagedChannelImpl{logId=3078, target=192.168.36.99:34498} was not shutdown properly!!! ~*~*~*
    Make sure to call shutdown()/shutdownNow() and wait until awaitTermination() returns true.
java.lang.RuntimeException: ManagedChannel allocation site
	at org.apache.ratis.thirdparty.io.grpc.internal.ManagedChannelOrphanWrapper$ManagedChannelReference.<init>(ManagedChannelOrphanWrapper.java:103)
	at org.apache.ratis.thirdparty.io.grpc.internal.ManagedChannelOrphanWrapper.<init>(ManagedChannelOrphanWrapper.java:53)
	at org.apache.ratis.thirdparty.io.grpc.internal.ManagedChannelOrphanWrapper.<init>(ManagedChannelOrphanWrapper.java:44)
	at org.apache.ratis.thirdparty.io.grpc.internal.AbstractManagedChannelImplBuilder.build(AbstractManagedChannelImplBuilder.java:411)
	at org.apache.hadoop.hdds.scm.XceiverClientGrpc.connectToDatanode(XceiverClientGrpc.java:175)
	at org.apache.hadoop.hdds.scm.XceiverClientGrpc.reconnect(XceiverClientGrpc.java:423)
	at org.apache.hadoop.hdds.scm.XceiverClientGrpc.sendCommandAsync(XceiverClientGrpc.java:372)
	at org.apache.hadoop.hdds.scm.XceiverClientGrpc.sendCommandWithRetry(XceiverClientGrpc.java:285)
	at org.apache.hadoop.hdds.scm.XceiverClientGrpc.sendCommandWithTraceIDAndRetry(XceiverClientGrpc.java:251)
	at org.apache.hadoop.hdds.scm.XceiverClientGrpc.sendCommand(XceiverClientGrpc.java:234)
	at org.apache.hadoop.hdds.scm.storage.ContainerProtocolCalls.readChunk(ContainerProtocolCalls.java:245)
	at org.apache.hadoop.hdds.scm.storage.ChunkInputStream.readChunk(ChunkInputStream.java:335)
	at org.apache.hadoop.hdds.scm.storage.ChunkInputStream.readChunkFromContainer(ChunkInputStream.java:307)
	at org.apache.hadoop.hdds.scm.storage.ChunkInputStream.prepareRead(ChunkInputStream.java:259)
	at org.apache.hadoop.hdds.scm.storage.ChunkInputStream.read(ChunkInputStream.java:144)
	at org.apache.hadoop.hdds.scm.storage.BlockInputStream.read(BlockInputStream.java:239)
	at org.apache.hadoop.ozone.client.io.KeyInputStream.read(KeyInputStream.java:171)
	at org.apache.hadoop.ozone.client.io.OzoneInputStream.read(OzoneInputStream.java:47)
	at java.io.InputStream.read(InputStream.java:101)
	at org.apache.hadoop.ozone.container.ContainerTestHelper.validateData(ContainerTestHelper.java:714)
	at org.apache.hadoop.ozone.client.rpc.TestBlockOutputStreamWithFailures.validateData(TestBlockOutputStreamWithFailures.java:1216)
	at org.apache.hadoop.ozone.client.rpc.TestBlockOutputStreamWithFailures.testWatchForCommitDatanodeFailure(TestBlockOutputStreamWithFailures.java:393)
	at sun.reflect.NativeMethodAccessorImpl.invoke0(Native Method)
	at sun.reflect.NativeMethodAccessorImpl.invoke(NativeMethodAccessorImpl.java:62)
	at sun.reflect.DelegatingMethodAccessorImpl.invoke(DelegatingMethodAccessorImpl.java:43)
	at java.lang.reflect.Method.invoke(Method.java:498)
	at org.junit.runners.model.FrameworkMethod$1.runReflectiveCall(FrameworkMethod.java:47)
	at org.junit.internal.runners.model.ReflectiveCallable.run(ReflectiveCallable.java:12)
	at org.junit.runners.model.FrameworkMethod.invokeExplosively(FrameworkMethod.java:44)
	at org.junit.internal.runners.statements.InvokeMethod.evaluate(InvokeMethod.java:17)
	at org.junit.internal.runners.statements.RunBefores.evaluate(RunBefores.java:26)
	at org.junit.internal.runners.statements.RunAfters.evaluate(RunAfters.java:27)
	at org.junit.runners.ParentRunner.runLeaf(ParentRunner.java:271)
	at org.junit.runners.BlockJUnit4ClassRunner.runChild(BlockJUnit4ClassRunner.java:70)
	at org.junit.runners.BlockJUnit4ClassRunner.runChild(BlockJUnit4ClassRunner.java:50)
	at org.junit.runners.ParentRunner$3.run(ParentRunner.java:238)
	at org.junit.runners.ParentRunner$1.schedule(ParentRunner.java:63)
	at org.junit.runners.ParentRunner.runChildren(ParentRunner.java:236)
	at org.junit.runners.ParentRunner.access$000(ParentRunner.java:53)
	at org.junit.runners.ParentRunner$2.evaluate(ParentRunner.java:229)
	at org.junit.runners.ParentRunner.run(ParentRunner.java:309)
	at org.apache.maven.surefire.junit4.JUnit4Provider.execute(JUnit4Provider.java:365)
	at org.apache.maven.surefire.junit4.JUnit4Provider.executeWithRerun(JUnit4Provider.java:273)
	at org.apache.maven.surefire.junit4.JUnit4Provider.executeTestSet(JUnit4Provider.java:238)
	at org.apache.maven.surefire.junit4.JUnit4Provider.invoke(JUnit4Provider.java:159)
	at org.apache.maven.surefire.booter.ForkedBooter.invokeProviderInSameClassLoader(ForkedBooter.java:384)
	at org.apache.maven.surefire.booter.ForkedBooter.runSuitesInProcess(ForkedBooter.java:345)
	at org.apache.maven.surefire.booter.ForkedBooter.execute(ForkedBooter.java:126)
	at org.apache.maven.surefire.booter.ForkedBooter.main(ForkedBooter.java:418)

Sep 11, 2019 12:00:45 AM org.apache.ratis.thirdparty.io.grpc.internal.ManagedChannelOrphanWrapper$ManagedChannelReference cleanQueue
SEVERE: *~*~*~ Channel ManagedChannelImpl{logId=3073, target=192.168.36.99:43746} was not shutdown properly!!! ~*~*~*
    Make sure to call shutdown()/shutdownNow() and wait until awaitTermination() returns true.
java.lang.RuntimeException: ManagedChannel allocation site
	at org.apache.ratis.thirdparty.io.grpc.internal.ManagedChannelOrphanWrapper$ManagedChannelReference.<init>(ManagedChannelOrphanWrapper.java:103)
	at org.apache.ratis.thirdparty.io.grpc.internal.ManagedChannelOrphanWrapper.<init>(ManagedChannelOrphanWrapper.java:53)
	at org.apache.ratis.thirdparty.io.grpc.internal.ManagedChannelOrphanWrapper.<init>(ManagedChannelOrphanWrapper.java:44)
	at org.apache.ratis.thirdparty.io.grpc.internal.AbstractManagedChannelImplBuilder.build(AbstractManagedChannelImplBuilder.java:411)
	at org.apache.hadoop.hdds.scm.XceiverClientGrpc.connectToDatanode(XceiverClientGrpc.java:175)
	at org.apache.hadoop.hdds.scm.XceiverClientGrpc.reconnect(XceiverClientGrpc.java:423)
	at org.apache.hadoop.hdds.scm.XceiverClientGrpc.sendCommandAsync(XceiverClientGrpc.java:372)
	at org.apache.hadoop.hdds.scm.XceiverClientGrpc.sendCommandWithRetry(XceiverClientGrpc.java:285)
	at org.apache.hadoop.hdds.scm.XceiverClientGrpc.sendCommandWithTraceIDAndRetry(XceiverClientGrpc.java:251)
	at org.apache.hadoop.hdds.scm.XceiverClientGrpc.sendCommand(XceiverClientGrpc.java:234)
	at org.apache.hadoop.hdds.scm.storage.ContainerProtocolCalls.getBlock(ContainerProtocolCalls.java:118)
	at org.apache.hadoop.hdds.scm.storage.BlockInputStream.getChunkInfos(BlockInputStream.java:167)
	at org.apache.hadoop.hdds.scm.storage.BlockInputStream.initialize(BlockInputStream.java:118)
	at org.apache.hadoop.hdds.scm.storage.BlockInputStream.read(BlockInputStream.java:222)
	at org.apache.hadoop.ozone.client.io.KeyInputStream.read(KeyInputStream.java:171)
	at org.apache.hadoop.ozone.client.io.OzoneInputStream.read(OzoneInputStream.java:47)
	at java.io.InputStream.read(InputStream.java:101)
	at org.apache.hadoop.ozone.container.ContainerTestHelper.validateData(ContainerTestHelper.java:714)
	at org.apache.hadoop.ozone.client.rpc.TestBlockOutputStreamWithFailures.validateData(TestBlockOutputStreamWithFailures.java:1216)
	at org.apache.hadoop.ozone.client.rpc.TestBlockOutputStreamWithFailures.testWatchForCommitDatanodeFailure(TestBlockOutputStreamWithFailures.java:393)
	at sun.reflect.NativeMethodAccessorImpl.invoke0(Native Method)
	at sun.reflect.NativeMethodAccessorImpl.invoke(NativeMethodAccessorImpl.java:62)
	at sun.reflect.DelegatingMethodAccessorImpl.invoke(DelegatingMethodAccessorImpl.java:43)
	at java.lang.reflect.Method.invoke(Method.java:498)
	at org.junit.runners.model.FrameworkMethod$1.runReflectiveCall(FrameworkMethod.java:47)
	at org.junit.internal.runners.model.ReflectiveCallable.run(ReflectiveCallable.java:12)
	at org.junit.runners.model.FrameworkMethod.invokeExplosively(FrameworkMethod.java:44)
	at org.junit.internal.runners.statements.InvokeMethod.evaluate(InvokeMethod.java:17)
	at org.junit.internal.runners.statements.RunBefores.evaluate(RunBefores.java:26)
	at org.junit.internal.runners.statements.RunAfters.evaluate(RunAfters.java:27)
	at org.junit.runners.ParentRunner.runLeaf(ParentRunner.java:271)
	at org.junit.runners.BlockJUnit4ClassRunner.runChild(BlockJUnit4ClassRunner.java:70)
	at org.junit.runners.BlockJUnit4ClassRunner.runChild(BlockJUnit4ClassRunner.java:50)
	at org.junit.runners.ParentRunner$3.run(ParentRunner.java:238)
	at org.junit.runners.ParentRunner$1.schedule(ParentRunner.java:63)
	at org.junit.runners.ParentRunner.runChildren(ParentRunner.java:236)
	at org.junit.runners.ParentRunner.access$000(ParentRunner.java:53)
	at org.junit.runners.ParentRunner$2.evaluate(ParentRunner.java:229)
	at org.junit.runners.ParentRunner.run(ParentRunner.java:309)
	at org.apache.maven.surefire.junit4.JUnit4Provider.execute(JUnit4Provider.java:365)
	at org.apache.maven.surefire.junit4.JUnit4Provider.executeWithRerun(JUnit4Provider.java:273)
	at org.apache.maven.surefire.junit4.JUnit4Provider.executeTestSet(JUnit4Provider.java:238)
	at org.apache.maven.surefire.junit4.JUnit4Provider.invoke(JUnit4Provider.java:159)
	at org.apache.maven.surefire.booter.ForkedBooter.invokeProviderInSameClassLoader(ForkedBooter.java:384)
	at org.apache.maven.surefire.booter.ForkedBooter.runSuitesInProcess(ForkedBooter.java:345)
	at org.apache.maven.surefire.booter.ForkedBooter.execute(ForkedBooter.java:126)
	at org.apache.maven.surefire.booter.ForkedBooter.main(ForkedBooter.java:418)

]]></system-err>
  </testcase>
  <testcase name="testWatchForCommitWithCloseContainerException" classname="org.apache.hadoop.ozone.client.rpc.TestBlockOutputStreamWithFailures" time="40.387"/>
  <testcase name="testExceptionDuringClose" classname="org.apache.hadoop.ozone.client.rpc.TestBlockOutputStreamWithFailures" time="40.702"/>
</testsuite>