<?xml version="1.0" encoding="UTF-8"?>
<testsuite xmlns:xsi="http://www.w3.org/2001/XMLSchema-instance" xsi:noNamespaceSchemaLocation="https://maven.apache.org/surefire/maven-surefire-plugin/xsd/surefire-test-report.xsd" name="org.apache.hadoop.ozone.freon.TestDataValidateWithDummyContainers" time="492.291" tests="3" errors="1" skipped="0" failures="0">
  <properties>
    <property name="awt.toolkit" value="sun.awt.X11.XToolkit"/>
    <property name="file.encoding.pkg" value="sun.io"/>
    <property name="java.specification.version" value="1.8"/>
    <property name="sun.cpu.isalist" value=""/>
    <property name="sun.jnu.encoding" value="UTF-8"/>
    <property name="java.class.path" value="/tmp/workdir/hadoop-ozone/tools/target/test-classes:/tmp/workdir/hadoop-ozone/tools/target/classes:/home/user/.m2/repository/org/apache/hadoop/hadoop-ozone-ozone-manager/0.5.0-SNAPSHOT/hadoop-ozone-ozone-manager-0.5.0-SNAPSHOT.jar:/home/user/.m2/repository/org/apache/hadoop/hadoop-hdds-docs/0.5.0-SNAPSHOT/hadoop-hdds-docs-0.5.0-SNAPSHOT.jar:/home/user/.m2/repository/org/bouncycastle/bcprov-jdk15on/1.60/bcprov-jdk15on-1.60.jar:/home/user/.m2/repository/org/apache/hadoop/hadoop-ozone-common/0.5.0-SNAPSHOT/hadoop-ozone-common-0.5.0-SNAPSHOT.jar:/home/user/.m2/repository/org/apache/commons/commons-compress/1.4.1/commons-compress-1.4.1.jar:/home/user/.m2/repository/org/tukaani/xz/1.0/xz-1.0.jar:/home/user/.m2/repository/org/apache/hadoop/hadoop-hdfs-client/3.2.0/hadoop-hdfs-client-3.2.0.jar:/home/user/.m2/repository/com/fasterxml/jackson/core/jackson-annotations/2.9.5/jackson-annotations-2.9.5.jar:/home/user/.m2/repository/org/apache/hadoop/hadoop-hdds-common/0.5.0-SNAPSHOT/hadoop-hdds-common-0.5.0-SNAPSHOT.jar:/home/user/.m2/repository/org/apache/hadoop/hadoop-hdds-config/0.5.0-SNAPSHOT/hadoop-hdds-config-0.5.0-SNAPSHOT.jar:/home/user/.m2/repository/javax/annotation/javax.annotation-api/1.2/javax.annotation-api-1.2.jar:/home/user/.m2/repository/org/apache/ratis/ratis-server/0.4.0-78e95b9-SNAPSHOT/ratis-server-0.4.0-78e95b9-SNAPSHOT.jar:/home/user/.m2/repository/org/apache/ratis/ratis-thirdparty-misc/0.2.0/ratis-thirdparty-misc-0.2.0.jar:/home/user/.m2/repository/org/apache/ratis/ratis-proto/0.4.0-78e95b9-SNAPSHOT/ratis-proto-0.4.0-78e95b9-SNAPSHOT.jar:/home/user/.m2/repository/org/apache/ratis/ratis-common/0.4.0-78e95b9-SNAPSHOT/ratis-common-0.4.0-78e95b9-SNAPSHOT.jar:/home/user/.m2/repository/org/apache/ratis/ratis-client/0.4.0-78e95b9-SNAPSHOT/ratis-client-0.4.0-78e95b9-SNAPSHOT.jar:/home/user/.m2/repository/org/apache/ratis/ratis-metrics/0.4.0-78e95b9-SNAPSHOT/ratis-metrics-0.4.0-78e95b9-SNAPSHOT.jar:/home/user/.m2/repository/com/github/joshelser/dropwizard-metrics-hadoop-metrics2-reporter/0.1.2/dropwizard-metrics-hadoop-metrics2-reporter-0.1.2.jar:/home/user/.m2/repository/io/dropwizard/metrics/metrics-jvm/3.2.5/metrics-jvm-3.2.5.jar:/home/user/.m2/repository/io/dropwizard/metrics/metrics-ganglia/3.2.5/metrics-ganglia-3.2.5.jar:/home/user/.m2/repository/info/ganglia/gmetric4j/gmetric4j/1.0.7/gmetric4j-1.0.7.jar:/home/user/.m2/repository/org/apache/ratis/ratis-netty/0.4.0-78e95b9-SNAPSHOT/ratis-netty-0.4.0-78e95b9-SNAPSHOT.jar:/home/user/.m2/repository/org/apache/ratis/ratis-grpc/0.4.0-78e95b9-SNAPSHOT/ratis-grpc-0.4.0-78e95b9-SNAPSHOT.jar:/home/user/.m2/repository/org/rocksdb/rocksdbjni/6.0.1/rocksdbjni-6.0.1.jar:/home/user/.m2/repository/org/apache/logging/log4j/log4j-api/2.11.0/log4j-api-2.11.0.jar:/home/user/.m2/repository/org/apache/logging/log4j/log4j-core/2.11.0/log4j-core-2.11.0.jar:/home/user/.m2/repository/com/lmax/disruptor/3.4.2/disruptor-3.4.2.jar:/home/user/.m2/repository/org/apache/commons/commons-pool2/2.6.0/commons-pool2-2.6.0.jar:/home/user/.m2/repository/org/bouncycastle/bcpkix-jdk15on/1.60/bcpkix-jdk15on-1.60.jar:/home/user/.m2/repository/commons-validator/commons-validator/1.6/commons-validator-1.6.jar:/home/user/.m2/repository/commons-digester/commons-digester/1.8.1/commons-digester-1.8.1.jar:/home/user/.m2/repository/io/jaegertracing/jaeger-client/0.33.1/jaeger-client-0.33.1.jar:/home/user/.m2/repository/io/jaegertracing/jaeger-thrift/0.33.1/jaeger-thrift-0.33.1.jar:/home/user/.m2/repository/org/apache/thrift/libthrift/0.11.0/libthrift-0.11.0.jar:/home/user/.m2/repository/com/squareup/okhttp3/okhttp/3.9.0/okhttp-3.9.0.jar:/home/user/.m2/repository/com/squareup/okio/okio/1.13.0/okio-1.13.0.jar:/home/user/.m2/repository/io/jaegertracing/jaeger-core/0.33.1/jaeger-core-0.33.1.jar:/home/user/.m2/repository/io/jaegertracing/jaeger-tracerresolver/0.33.1/jaeger-tracerresolver-0.33.1.jar:/home/user/.m2/repository/io/opentracing/contrib/opentracing-tracerresolver/0.1.5/opentracing-tracerresolver-0.1.5.jar:/home/user/.m2/repository/io/opentracing/opentracing-util/0.31.0/opentracing-util-0.31.0.jar:/home/user/.m2/repository/io/opentracing/opentracing-api/0.31.0/opentracing-api-0.31.0.jar:/home/user/.m2/repository/io/opentracing/opentracing-noop/0.31.0/opentracing-noop-0.31.0.jar:/home/user/.m2/repository/org/yaml/snakeyaml/1.16/snakeyaml-1.16.jar:/home/user/.m2/repository/org/apache/hadoop/hadoop-hdds-container-service/0.5.0-SNAPSHOT/hadoop-hdds-container-service-0.5.0-SNAPSHOT.jar:/home/user/.m2/repository/org/apache/hadoop/hadoop-hdds-client/0.5.0-SNAPSHOT/hadoop-hdds-client-0.5.0-SNAPSHOT.jar:/home/user/.m2/repository/org/apache/hadoop/hadoop-hdds-tools/0.5.0-SNAPSHOT/hadoop-hdds-tools-0.5.0-SNAPSHOT.jar:/home/user/.m2/repository/org/xerial/sqlite-jdbc/3.25.2/sqlite-jdbc-3.25.2.jar:/home/user/.m2/repository/org/apache/hadoop/hadoop-hdds-server-scm/0.5.0-SNAPSHOT/hadoop-hdds-server-scm-0.5.0-SNAPSHOT.jar:/home/user/.m2/repository/org/hamcrest/hamcrest-all/1.3/hamcrest-all-1.3.jar:/home/user/.m2/repository/info/picocli/picocli/3.9.6/picocli-3.9.6.jar:/home/user/.m2/repository/com/google/protobuf/protobuf-java/2.5.0/protobuf-java-2.5.0.jar:/home/user/.m2/repository/com/google/guava/guava/11.0.2/guava-11.0.2.jar:/home/user/.m2/repository/org/apache/hadoop/hadoop-ozone-client/0.5.0-SNAPSHOT/hadoop-ozone-client-0.5.0-SNAPSHOT.jar:/tmp/workdir/hadoop-ozone/ozonefs/target/classes:/home/user/.m2/repository/org/apache/hadoop/hadoop-hdds-server-framework/0.5.0-SNAPSHOT/hadoop-hdds-server-framework-0.5.0-SNAPSHOT.jar:/home/user/.m2/repository/org/apache/hadoop/hadoop-common/3.2.0/hadoop-common-3.2.0.jar:/home/user/.m2/repository/org/apache/hadoop/hadoop-annotations/3.2.0/hadoop-annotations-3.2.0.jar:/usr/lib/jvm/java-1.8-openjdk/jre/../lib/tools.jar:/home/user/.m2/repository/commons-cli/commons-cli/1.2/commons-cli-1.2.jar:/home/user/.m2/repository/org/apache/commons/commons-math3/3.1.1/commons-math3-3.1.1.jar:/home/user/.m2/repository/org/apache/httpcomponents/httpclient/4.5.2/httpclient-4.5.2.jar:/home/user/.m2/repository/org/apache/httpcomponents/httpcore/4.4.4/httpcore-4.4.4.jar:/home/user/.m2/repository/commons-codec/commons-codec/1.11/commons-codec-1.11.jar:/home/user/.m2/repository/commons-io/commons-io/2.5/commons-io-2.5.jar:/home/user/.m2/repository/commons-net/commons-net/3.6/commons-net-3.6.jar:/home/user/.m2/repository/commons-collections/commons-collections/3.2.2/commons-collections-3.2.2.jar:/home/user/.m2/repository/javax/servlet/javax.servlet-api/3.1.0/javax.servlet-api-3.1.0.jar:/home/user/.m2/repository/org/eclipse/jetty/jetty-server/9.3.24.v20180605/jetty-server-9.3.24.v20180605.jar:/home/user/.m2/repository/org/eclipse/jetty/jetty-http/9.3.24.v20180605/jetty-http-9.3.24.v20180605.jar:/home/user/.m2/repository/org/eclipse/jetty/jetty-io/9.3.24.v20180605/jetty-io-9.3.24.v20180605.jar:/home/user/.m2/repository/org/eclipse/jetty/jetty-util/9.3.24.v20180605/jetty-util-9.3.24.v20180605.jar:/home/user/.m2/repository/org/eclipse/jetty/jetty-servlet/9.3.24.v20180605/jetty-servlet-9.3.24.v20180605.jar:/home/user/.m2/repository/org/eclipse/jetty/jetty-security/9.3.24.v20180605/jetty-security-9.3.24.v20180605.jar:/home/user/.m2/repository/org/eclipse/jetty/jetty-webapp/9.3.24.v20180605/jetty-webapp-9.3.24.v20180605.jar:/home/user/.m2/repository/org/eclipse/jetty/jetty-xml/9.3.24.v20180605/jetty-xml-9.3.24.v20180605.jar:/home/user/.m2/repository/javax/servlet/jsp/jsp-api/2.1/jsp-api-2.1.jar:/home/user/.m2/repository/com/sun/jersey/jersey-core/1.19/jersey-core-1.19.jar:/home/user/.m2/repository/javax/ws/rs/jsr311-api/1.1.1/jsr311-api-1.1.1.jar:/home/user/.m2/repository/com/sun/jersey/jersey-servlet/1.19/jersey-servlet-1.19.jar:/home/user/.m2/repository/com/sun/jersey/jersey-json/1.19/jersey-json-1.19.jar:/home/user/.m2/repository/org/codehaus/jettison/jettison/1.1/jettison-1.1.jar:/home/user/.m2/repository/com/sun/xml/bind/jaxb-impl/2.3.0.1/jaxb-impl-2.3.0.1.jar:/home/user/.m2/repository/org/codehaus/jackson/jackson-core-asl/1.9.13/jackson-core-asl-1.9.13.jar:/home/user/.m2/repository/org/codehaus/jackson/jackson-mapper-asl/1.9.13/jackson-mapper-asl-1.9.13.jar:/home/user/.m2/repository/org/codehaus/jackson/jackson-jaxrs/1.9.13/jackson-jaxrs-1.9.13.jar:/home/user/.m2/repository/org/codehaus/jackson/jackson-xc/1.9.13/jackson-xc-1.9.13.jar:/home/user/.m2/repository/com/sun/jersey/jersey-server/1.19/jersey-server-1.19.jar:/home/user/.m2/repository/commons-logging/commons-logging/1.1.3/commons-logging-1.1.3.jar:/home/user/.m2/repository/log4j/log4j/1.2.17/log4j-1.2.17.jar:/home/user/.m2/repository/commons-beanutils/commons-beanutils/1.9.3/commons-beanutils-1.9.3.jar:/home/user/.m2/repository/org/apache/commons/commons-configuration2/2.1.1/commons-configuration2-2.1.1.jar:/home/user/.m2/repository/org/apache/commons/commons-lang3/3.7/commons-lang3-3.7.jar:/home/user/.m2/repository/org/apache/commons/commons-text/1.4/commons-text-1.4.jar:/home/user/.m2/repository/org/slf4j/slf4j-api/1.7.25/slf4j-api-1.7.25.jar:/home/user/.m2/repository/org/slf4j/slf4j-log4j12/1.7.25/slf4j-log4j12-1.7.25.jar:/home/user/.m2/repository/org/apache/avro/avro/1.7.7/avro-1.7.7.jar:/home/user/.m2/repository/com/thoughtworks/paranamer/paranamer/2.3/paranamer-2.3.jar:/home/user/.m2/repository/org/xerial/snappy/snappy-java/1.0.5/snappy-java-1.0.5.jar:/home/user/.m2/repository/com/google/re2j/re2j/1.1/re2j-1.1.jar:/home/user/.m2/repository/com/google/code/gson/gson/2.2.4/gson-2.2.4.jar:/home/user/.m2/repository/org/apache/hadoop/hadoop-auth/3.2.0/hadoop-auth-3.2.0.jar:/home/user/.m2/repository/com/nimbusds/nimbus-jose-jwt/4.41.1/nimbus-jose-jwt-4.41.1.jar:/home/user/.m2/repository/com/github/stephenc/jcip/jcip-annotations/1.0-1/jcip-annotations-1.0-1.jar:/home/user/.m2/repository/net/minidev/json-smart/2.3/json-smart-2.3.jar:/home/user/.m2/repository/net/minidev/accessors-smart/1.2/accessors-smart-1.2.jar:/home/user/.m2/repository/org/apache/curator/curator-framework/2.12.0/curator-framework-2.12.0.jar:/home/user/.m2/repository/com/jcraft/jsch/0.1.54/jsch-0.1.54.jar:/home/user/.m2/repository/org/apache/curator/curator-client/2.12.0/curator-client-2.12.0.jar:/home/user/.m2/repository/org/apache/curator/curator-recipes/2.12.0/curator-recipes-2.12.0.jar:/home/user/.m2/repository/com/google/code/findbugs/jsr305/3.0.0/jsr305-3.0.0.jar:/home/user/.m2/repository/org/apache/htrace/htrace-core4/4.1.0-incubating/htrace-core4-4.1.0-incubating.jar:/home/user/.m2/repository/org/apache/zookeeper/zookeeper/3.4.13/zookeeper-3.4.13.jar:/home/user/.m2/repository/org/apache/yetus/audience-annotations/0.5.0/audience-annotations-0.5.0.jar:/home/user/.m2/repository/org/apache/kerby/kerb-simplekdc/1.0.1/kerb-simplekdc-1.0.1.jar:/home/user/.m2/repository/org/apache/kerby/kerb-client/1.0.1/kerb-client-1.0.1.jar:/home/user/.m2/repository/org/apache/kerby/kerby-config/1.0.1/kerby-config-1.0.1.jar:/home/user/.m2/repository/org/apache/kerby/kerb-core/1.0.1/kerb-core-1.0.1.jar:/home/user/.m2/repository/org/apache/kerby/kerby-pkix/1.0.1/kerby-pkix-1.0.1.jar:/home/user/.m2/repository/org/apache/kerby/kerby-asn1/1.0.1/kerby-asn1-1.0.1.jar:/home/user/.m2/repository/org/apache/kerby/kerby-util/1.0.1/kerby-util-1.0.1.jar:/home/user/.m2/repository/org/apache/kerby/kerb-common/1.0.1/kerb-common-1.0.1.jar:/home/user/.m2/repository/org/apache/kerby/kerb-crypto/1.0.1/kerb-crypto-1.0.1.jar:/home/user/.m2/repository/org/apache/kerby/kerb-util/1.0.1/kerb-util-1.0.1.jar:/home/user/.m2/repository/org/apache/kerby/token-provider/1.0.1/token-provider-1.0.1.jar:/home/user/.m2/repository/org/apache/kerby/kerb-admin/1.0.1/kerb-admin-1.0.1.jar:/home/user/.m2/repository/org/apache/kerby/kerb-server/1.0.1/kerb-server-1.0.1.jar:/home/user/.m2/repository/org/apache/kerby/kerb-identity/1.0.1/kerb-identity-1.0.1.jar:/home/user/.m2/repository/org/apache/kerby/kerby-xdr/1.0.1/kerby-xdr-1.0.1.jar:/home/user/.m2/repository/com/fasterxml/jackson/core/jackson-databind/2.9.5/jackson-databind-2.9.5.jar:/home/user/.m2/repository/com/fasterxml/jackson/core/jackson-core/2.9.5/jackson-core-2.9.5.jar:/home/user/.m2/repository/org/codehaus/woodstox/stax2-api/3.1.4/stax2-api-3.1.4.jar:/home/user/.m2/repository/com/fasterxml/woodstox/woodstox-core/5.0.3/woodstox-core-5.0.3.jar:/home/user/.m2/repository/dnsjava/dnsjava/2.1.7/dnsjava-2.1.7.jar:/home/user/.m2/repository/org/apache/hadoop/hadoop-hdfs/3.2.0/hadoop-hdfs-3.2.0.jar:/home/user/.m2/repository/org/eclipse/jetty/jetty-util-ajax/9.3.24.v20180605/jetty-util-ajax-9.3.24.v20180605.jar:/home/user/.m2/repository/commons-daemon/commons-daemon/1.0.13/commons-daemon-1.0.13.jar:/home/user/.m2/repository/io/netty/netty/3.10.5.Final/netty-3.10.5.Final.jar:/home/user/.m2/repository/io/netty/netty-all/4.0.52.Final/netty-all-4.0.52.Final.jar:/home/user/.m2/repository/org/fusesource/leveldbjni/leveldbjni-all/1.8/leveldbjni-all-1.8.jar:/home/user/.m2/repository/com/sun/xml/bind/jaxb-core/2.3.0.1/jaxb-core-2.3.0.1.jar:/home/user/.m2/repository/javax/xml/bind/jaxb-api/2.3.0/jaxb-api-2.3.0.jar:/home/user/.m2/repository/javax/activation/activation/1.1.1/activation-1.1.1.jar:/home/user/.m2/repository/io/dropwizard/metrics/metrics-core/3.2.4/metrics-core-3.2.4.jar:/home/user/.m2/repository/org/openjdk/jmh/jmh-core/1.19/jmh-core-1.19.jar:/home/user/.m2/repository/net/sf/jopt-simple/jopt-simple/4.6/jopt-simple-4.6.jar:/home/user/.m2/repository/org/openjdk/jmh/jmh-generator-annprocess/1.19/jmh-generator-annprocess-1.19.jar:/home/user/.m2/repository/com/google/code/findbugs/findbugs/3.0.1/findbugs-3.0.1.jar:/home/user/.m2/repository/net/jcip/jcip-annotations/1.0/jcip-annotations-1.0.jar:/home/user/.m2/repository/com/google/code/findbugs/bcel-findbugs/6.0/bcel-findbugs-6.0.jar:/home/user/.m2/repository/com/google/code/findbugs/jFormatString/2.0.1/jFormatString-2.0.1.jar:/home/user/.m2/repository/dom4j/dom4j/1.6.1/dom4j-1.6.1.jar:/home/user/.m2/repository/xml-apis/xml-apis/1.0.b2/xml-apis-1.0.b2.jar:/home/user/.m2/repository/org/ow2/asm/asm-debug-all/5.0.2/asm-debug-all-5.0.2.jar:/home/user/.m2/repository/org/ow2/asm/asm-commons/5.0.2/asm-commons-5.0.2.jar:/home/user/.m2/repository/org/ow2/asm/asm-tree/5.0.2/asm-tree-5.0.2.jar:/home/user/.m2/repository/org/ow2/asm/asm/5.0.4/asm-5.0.4.jar:/home/user/.m2/repository/commons-lang/commons-lang/2.6/commons-lang-2.6.jar:/home/user/.m2/repository/com/apple/AppleJavaExtensions/1.4/AppleJavaExtensions-1.4.jar:/home/user/.m2/repository/jaxen/jaxen/1.1.6/jaxen-1.1.6.jar:/home/user/.m2/repository/junit/junit/4.11/junit-4.11.jar:/home/user/.m2/repository/org/hamcrest/hamcrest-core/1.3/hamcrest-core-1.3.jar:/home/user/.m2/repository/org/apache/hadoop/hadoop-common/3.2.0/hadoop-common-3.2.0-tests.jar:/tmp/workdir/hadoop-ozone/integration-test/target/test-classes:/home/user/.m2/repository/org/apache/hadoop/hadoop-ozone-s3gateway/0.5.0-SNAPSHOT/hadoop-ozone-s3gateway-0.5.0-SNAPSHOT.jar:/home/user/.m2/repository/org/jboss/weld/servlet/weld-servlet/2.4.7.Final/weld-servlet-2.4.7.Final.jar:/home/user/.m2/repository/org/glassfish/jersey/containers/jersey-container-servlet-core/2.27/jersey-container-servlet-core-2.27.jar:/home/user/.m2/repository/org/glassfish/hk2/external/javax.inject/2.5.0-b42/javax.inject-2.5.0-b42.jar:/home/user/.m2/repository/org/glassfish/jersey/core/jersey-common/2.27/jersey-common-2.27.jar:/home/user/.m2/repository/org/glassfish/hk2/osgi-resource-locator/1.0.1/osgi-resource-locator-1.0.1.jar:/home/user/.m2/repository/javax/ws/rs/javax.ws.rs-api/2.1/javax.ws.rs-api-2.1.jar:/home/user/.m2/repository/org/glassfish/jersey/ext/cdi/jersey-cdi1x/2.27/jersey-cdi1x-2.27.jar:/home/user/.m2/repository/org/glassfish/jersey/inject/jersey-hk2/2.27/jersey-hk2-2.27.jar:/home/user/.m2/repository/org/glassfish/hk2/hk2-locator/2.5.0-b42/hk2-locator-2.5.0-b42.jar:/home/user/.m2/repository/org/javassist/javassist/3.22.0-CR2/javassist-3.22.0-CR2.jar:/home/user/.m2/repository/org/glassfish/hk2/hk2-api/2.5.0/hk2-api-2.5.0.jar:/home/user/.m2/repository/org/glassfish/hk2/external/jakarta.inject/2.5.0/jakarta.inject-2.5.0.jar:/home/user/.m2/repository/org/glassfish/hk2/hk2-utils/2.5.0/hk2-utils-2.5.0.jar:/home/user/.m2/repository/jakarta/annotation/jakarta.annotation-api/1.3.4/jakarta.annotation-api-1.3.4.jar:/home/user/.m2/repository/org/glassfish/hk2/external/aopalliance-repackaged/2.5.0/aopalliance-repackaged-2.5.0.jar:/home/user/.m2/repository/com/fasterxml/jackson/dataformat/jackson-dataformat-xml/2.9.0/jackson-dataformat-xml-2.9.0.jar:/home/user/.m2/repository/com/fasterxml/jackson/module/jackson-module-jaxb-annotations/2.9.5/jackson-module-jaxb-annotations-2.9.5.jar:/home/user/.m2/repository/javax/enterprise/cdi-api/1.2/cdi-api-1.2.jar:/home/user/.m2/repository/javax/el/javax.el-api/3.0.0/javax.el-api-3.0.0.jar:/home/user/.m2/repository/javax/interceptor/javax.interceptor-api/1.2/javax.interceptor-api-1.2.jar:/home/user/.m2/repository/javax/inject/javax.inject/1/javax.inject-1.jar:/home/user/.m2/repository/org/apache/hadoop/hadoop-ozone-csi/0.5.0-SNAPSHOT/hadoop-ozone-csi-0.5.0-SNAPSHOT.jar:/home/user/.m2/repository/com/google/protobuf/protobuf-java-util/3.5.1/protobuf-java-util-3.5.1.jar:/home/user/.m2/repository/io/grpc/grpc-netty/1.17.1/grpc-netty-1.17.1.jar:/home/user/.m2/repository/io/grpc/grpc-core/1.17.1/grpc-core-1.17.1.jar:/home/user/.m2/repository/io/grpc/grpc-context/1.17.1/grpc-context-1.17.1.jar:/home/user/.m2/repository/com/google/errorprone/error_prone_annotations/2.2.0/error_prone_annotations-2.2.0.jar:/home/user/.m2/repository/org/codehaus/mojo/animal-sniffer-annotations/1.17/animal-sniffer-annotations-1.17.jar:/home/user/.m2/repository/io/opencensus/opencensus-api/0.17.0/opencensus-api-0.17.0.jar:/home/user/.m2/repository/io/opencensus/opencensus-contrib-grpc-metrics/0.17.0/opencensus-contrib-grpc-metrics-0.17.0.jar:/home/user/.m2/repository/io/netty/netty-codec-http2/4.1.30.Final/netty-codec-http2-4.1.30.Final.jar:/home/user/.m2/repository/io/netty/netty-codec-http/4.1.30.Final/netty-codec-http-4.1.30.Final.jar:/home/user/.m2/repository/io/netty/netty-codec/4.1.30.Final/netty-codec-4.1.30.Final.jar:/home/user/.m2/repository/io/netty/netty-handler/4.1.30.Final/netty-handler-4.1.30.Final.jar:/home/user/.m2/repository/io/netty/netty-handler-proxy/4.1.30.Final/netty-handler-proxy-4.1.30.Final.jar:/home/user/.m2/repository/io/netty/netty-codec-socks/4.1.30.Final/netty-codec-socks-4.1.30.Final.jar:/home/user/.m2/repository/io/netty/netty-transport-native-epoll/4.1.30.Final/netty-transport-native-epoll-4.1.30.Final.jar:/home/user/.m2/repository/io/netty/netty-common/4.1.30.Final/netty-common-4.1.30.Final.jar:/home/user/.m2/repository/io/netty/netty-buffer/4.1.30.Final/netty-buffer-4.1.30.Final.jar:/home/user/.m2/repository/io/netty/netty-transport/4.1.30.Final/netty-transport-4.1.30.Final.jar:/home/user/.m2/repository/io/netty/netty-resolver/4.1.30.Final/netty-resolver-4.1.30.Final.jar:/home/user/.m2/repository/io/netty/netty-transport-native-unix-common/4.1.30.Final/netty-transport-native-unix-common-4.1.30.Final.jar:/home/user/.m2/repository/io/grpc/grpc-protobuf/1.17.1/grpc-protobuf-1.17.1.jar:/home/user/.m2/repository/com/google/api/grpc/proto-google-common-protos/1.0.0/proto-google-common-protos-1.0.0.jar:/home/user/.m2/repository/io/grpc/grpc-protobuf-lite/1.17.1/grpc-protobuf-lite-1.17.1.jar:/home/user/.m2/repository/io/grpc/grpc-stub/1.17.1/grpc-stub-1.17.1.jar:/home/user/.m2/repository/org/apache/hadoop/hadoop-ozone-recon/0.5.0-SNAPSHOT/hadoop-ozone-recon-0.5.0-SNAPSHOT.jar:/home/user/.m2/repository/org/apache/hadoop/hadoop-ozone-reconcodegen/0.5.0-SNAPSHOT/hadoop-ozone-reconcodegen-0.5.0-SNAPSHOT.jar:/home/user/.m2/repository/com/google/inject/extensions/guice-multibindings/4.0/guice-multibindings-4.0.jar:/home/user/.m2/repository/com/google/inject/guice/4.0/guice-4.0.jar:/home/user/.m2/repository/aopalliance/aopalliance/1.0/aopalliance-1.0.jar:/home/user/.m2/repository/com/google/inject/extensions/guice-servlet/4.0/guice-servlet-4.0.jar:/home/user/.m2/repository/org/glassfish/jersey/containers/jersey-container-servlet/2.27/jersey-container-servlet-2.27.jar:/home/user/.m2/repository/org/glassfish/hk2/guice-bridge/2.5.0/guice-bridge-2.5.0.jar:/home/user/.m2/repository/org/glassfish/jersey/core/jersey-server/2.27/jersey-server-2.27.jar:/home/user/.m2/repository/org/glassfish/jersey/core/jersey-client/2.27/jersey-client-2.27.jar:/home/user/.m2/repository/org/glassfish/jersey/media/jersey-media-jaxb/2.27/jersey-media-jaxb-2.27.jar:/home/user/.m2/repository/javax/validation/validation-api/1.1.0.Final/validation-api-1.1.0.Final.jar:/home/user/.m2/repository/org/glassfish/jersey/media/jersey-media-json-jackson/2.27/jersey-media-json-jackson-2.27.jar:/home/user/.m2/repository/org/glassfish/jersey/ext/jersey-entity-filtering/2.27/jersey-entity-filtering-2.27.jar:/home/user/.m2/repository/com/google/inject/extensions/guice-assistedinject/4.0/guice-assistedinject-4.0.jar:/home/user/.m2/repository/org/jooq/jooq/3.11.10/jooq-3.11.10.jar:/home/user/.m2/repository/org/jooq/jooq-meta/3.11.10/jooq-meta-3.11.10.jar:/home/user/.m2/repository/org/jooq/jooq-codegen/3.11.10/jooq-codegen-3.11.10.jar:/home/user/.m2/repository/com/jolbox/bonecp/0.8.0.RELEASE/bonecp-0.8.0.RELEASE.jar:/home/user/.m2/repository/org/springframework/spring-jdbc/5.1.3.RELEASE/spring-jdbc-5.1.3.RELEASE.jar:/home/user/.m2/repository/org/springframework/spring-beans/5.1.3.RELEASE/spring-beans-5.1.3.RELEASE.jar:/home/user/.m2/repository/org/springframework/spring-core/5.1.3.RELEASE/spring-core-5.1.3.RELEASE.jar:/home/user/.m2/repository/org/springframework/spring-jcl/5.1.3.RELEASE/spring-jcl-5.1.3.RELEASE.jar:/home/user/.m2/repository/org/springframework/spring-tx/5.1.3.RELEASE/spring-tx-5.1.3.RELEASE.jar:/home/user/.m2/repository/org/mockito/mockito-core/2.15.0/mockito-core-2.15.0.jar:/home/user/.m2/repository/net/bytebuddy/byte-buddy/1.7.9/byte-buddy-1.7.9.jar:/home/user/.m2/repository/net/bytebuddy/byte-buddy-agent/1.7.9/byte-buddy-agent-1.7.9.jar:/home/user/.m2/repository/org/objenesis/objenesis/1.0/objenesis-1.0.jar:"/>
    <property name="java.vm.vendor" value="IcedTea"/>
    <property name="sun.arch.data.model" value="64"/>
    <property name="test.build.dir" value="/tmp/workdir/hadoop-ozone/tools/target/test-dir"/>
    <property name="test.cache.data" value=""/>
    <property name="java.vendor.url" value="https://icedtea.classpath.org"/>
    <property name="user.timezone" value=""/>
    <property name="java.vm.specification.version" value="1.8"/>
    <property name="os.name" value="Linux"/>
    <property name="test.build.data" value="/tmp/workdir/hadoop-ozone/tools/target/test-dir"/>
    <property name="user.country" value="US"/>
    <property name="sun.java.launcher" value="SUN_STANDARD"/>
    <property name="sun.boot.library.path" value="/usr/lib/jvm/java-1.8-openjdk/jre/lib/amd64"/>
    <property name="sun.java.command" value="/tmp/workdir/hadoop-ozone/tools/target/surefire/surefirebooter4322744915085497092.jar /tmp/workdir/hadoop-ozone/tools/target/surefire 2019-09-17T11-28-32_756-jvmRun1 surefire795446708036105088tmp surefire_1126652192501008304425tmp"/>
    <property name="test" value="!TestMiniChaosOzoneCluster"/>
    <property name="surefire.test.class.path" value="/tmp/workdir/hadoop-ozone/tools/target/test-classes:/tmp/workdir/hadoop-ozone/tools/target/classes:/home/user/.m2/repository/org/apache/hadoop/hadoop-ozone-ozone-manager/0.5.0-SNAPSHOT/hadoop-ozone-ozone-manager-0.5.0-SNAPSHOT.jar:/home/user/.m2/repository/org/apache/hadoop/hadoop-hdds-docs/0.5.0-SNAPSHOT/hadoop-hdds-docs-0.5.0-SNAPSHOT.jar:/home/user/.m2/repository/org/bouncycastle/bcprov-jdk15on/1.60/bcprov-jdk15on-1.60.jar:/home/user/.m2/repository/org/apache/hadoop/hadoop-ozone-common/0.5.0-SNAPSHOT/hadoop-ozone-common-0.5.0-SNAPSHOT.jar:/home/user/.m2/repository/org/apache/commons/commons-compress/1.4.1/commons-compress-1.4.1.jar:/home/user/.m2/repository/org/tukaani/xz/1.0/xz-1.0.jar:/home/user/.m2/repository/org/apache/hadoop/hadoop-hdfs-client/3.2.0/hadoop-hdfs-client-3.2.0.jar:/home/user/.m2/repository/com/fasterxml/jackson/core/jackson-annotations/2.9.5/jackson-annotations-2.9.5.jar:/home/user/.m2/repository/org/apache/hadoop/hadoop-hdds-common/0.5.0-SNAPSHOT/hadoop-hdds-common-0.5.0-SNAPSHOT.jar:/home/user/.m2/repository/org/apache/hadoop/hadoop-hdds-config/0.5.0-SNAPSHOT/hadoop-hdds-config-0.5.0-SNAPSHOT.jar:/home/user/.m2/repository/javax/annotation/javax.annotation-api/1.2/javax.annotation-api-1.2.jar:/home/user/.m2/repository/org/apache/ratis/ratis-server/0.4.0-78e95b9-SNAPSHOT/ratis-server-0.4.0-78e95b9-SNAPSHOT.jar:/home/user/.m2/repository/org/apache/ratis/ratis-thirdparty-misc/0.2.0/ratis-thirdparty-misc-0.2.0.jar:/home/user/.m2/repository/org/apache/ratis/ratis-proto/0.4.0-78e95b9-SNAPSHOT/ratis-proto-0.4.0-78e95b9-SNAPSHOT.jar:/home/user/.m2/repository/org/apache/ratis/ratis-common/0.4.0-78e95b9-SNAPSHOT/ratis-common-0.4.0-78e95b9-SNAPSHOT.jar:/home/user/.m2/repository/org/apache/ratis/ratis-client/0.4.0-78e95b9-SNAPSHOT/ratis-client-0.4.0-78e95b9-SNAPSHOT.jar:/home/user/.m2/repository/org/apache/ratis/ratis-metrics/0.4.0-78e95b9-SNAPSHOT/ratis-metrics-0.4.0-78e95b9-SNAPSHOT.jar:/home/user/.m2/repository/com/github/joshelser/dropwizard-metrics-hadoop-metrics2-reporter/0.1.2/dropwizard-metrics-hadoop-metrics2-reporter-0.1.2.jar:/home/user/.m2/repository/io/dropwizard/metrics/metrics-jvm/3.2.5/metrics-jvm-3.2.5.jar:/home/user/.m2/repository/io/dropwizard/metrics/metrics-ganglia/3.2.5/metrics-ganglia-3.2.5.jar:/home/user/.m2/repository/info/ganglia/gmetric4j/gmetric4j/1.0.7/gmetric4j-1.0.7.jar:/home/user/.m2/repository/org/apache/ratis/ratis-netty/0.4.0-78e95b9-SNAPSHOT/ratis-netty-0.4.0-78e95b9-SNAPSHOT.jar:/home/user/.m2/repository/org/apache/ratis/ratis-grpc/0.4.0-78e95b9-SNAPSHOT/ratis-grpc-0.4.0-78e95b9-SNAPSHOT.jar:/home/user/.m2/repository/org/rocksdb/rocksdbjni/6.0.1/rocksdbjni-6.0.1.jar:/home/user/.m2/repository/org/apache/logging/log4j/log4j-api/2.11.0/log4j-api-2.11.0.jar:/home/user/.m2/repository/org/apache/logging/log4j/log4j-core/2.11.0/log4j-core-2.11.0.jar:/home/user/.m2/repository/com/lmax/disruptor/3.4.2/disruptor-3.4.2.jar:/home/user/.m2/repository/org/apache/commons/commons-pool2/2.6.0/commons-pool2-2.6.0.jar:/home/user/.m2/repository/org/bouncycastle/bcpkix-jdk15on/1.60/bcpkix-jdk15on-1.60.jar:/home/user/.m2/repository/commons-validator/commons-validator/1.6/commons-validator-1.6.jar:/home/user/.m2/repository/commons-digester/commons-digester/1.8.1/commons-digester-1.8.1.jar:/home/user/.m2/repository/io/jaegertracing/jaeger-client/0.33.1/jaeger-client-0.33.1.jar:/home/user/.m2/repository/io/jaegertracing/jaeger-thrift/0.33.1/jaeger-thrift-0.33.1.jar:/home/user/.m2/repository/org/apache/thrift/libthrift/0.11.0/libthrift-0.11.0.jar:/home/user/.m2/repository/com/squareup/okhttp3/okhttp/3.9.0/okhttp-3.9.0.jar:/home/user/.m2/repository/com/squareup/okio/okio/1.13.0/okio-1.13.0.jar:/home/user/.m2/repository/io/jaegertracing/jaeger-core/0.33.1/jaeger-core-0.33.1.jar:/home/user/.m2/repository/io/jaegertracing/jaeger-tracerresolver/0.33.1/jaeger-tracerresolver-0.33.1.jar:/home/user/.m2/repository/io/opentracing/contrib/opentracing-tracerresolver/0.1.5/opentracing-tracerresolver-0.1.5.jar:/home/user/.m2/repository/io/opentracing/opentracing-util/0.31.0/opentracing-util-0.31.0.jar:/home/user/.m2/repository/io/opentracing/opentracing-api/0.31.0/opentracing-api-0.31.0.jar:/home/user/.m2/repository/io/opentracing/opentracing-noop/0.31.0/opentracing-noop-0.31.0.jar:/home/user/.m2/repository/org/yaml/snakeyaml/1.16/snakeyaml-1.16.jar:/home/user/.m2/repository/org/apache/hadoop/hadoop-hdds-container-service/0.5.0-SNAPSHOT/hadoop-hdds-container-service-0.5.0-SNAPSHOT.jar:/home/user/.m2/repository/org/apache/hadoop/hadoop-hdds-client/0.5.0-SNAPSHOT/hadoop-hdds-client-0.5.0-SNAPSHOT.jar:/home/user/.m2/repository/org/apache/hadoop/hadoop-hdds-tools/0.5.0-SNAPSHOT/hadoop-hdds-tools-0.5.0-SNAPSHOT.jar:/home/user/.m2/repository/org/xerial/sqlite-jdbc/3.25.2/sqlite-jdbc-3.25.2.jar:/home/user/.m2/repository/org/apache/hadoop/hadoop-hdds-server-scm/0.5.0-SNAPSHOT/hadoop-hdds-server-scm-0.5.0-SNAPSHOT.jar:/home/user/.m2/repository/org/hamcrest/hamcrest-all/1.3/hamcrest-all-1.3.jar:/home/user/.m2/repository/info/picocli/picocli/3.9.6/picocli-3.9.6.jar:/home/user/.m2/repository/com/google/protobuf/protobuf-java/2.5.0/protobuf-java-2.5.0.jar:/home/user/.m2/repository/com/google/guava/guava/11.0.2/guava-11.0.2.jar:/home/user/.m2/repository/org/apache/hadoop/hadoop-ozone-client/0.5.0-SNAPSHOT/hadoop-ozone-client-0.5.0-SNAPSHOT.jar:/tmp/workdir/hadoop-ozone/ozonefs/target/classes:/home/user/.m2/repository/org/apache/hadoop/hadoop-hdds-server-framework/0.5.0-SNAPSHOT/hadoop-hdds-server-framework-0.5.0-SNAPSHOT.jar:/home/user/.m2/repository/org/apache/hadoop/hadoop-common/3.2.0/hadoop-common-3.2.0.jar:/home/user/.m2/repository/org/apache/hadoop/hadoop-annotations/3.2.0/hadoop-annotations-3.2.0.jar:/usr/lib/jvm/java-1.8-openjdk/jre/../lib/tools.jar:/home/user/.m2/repository/commons-cli/commons-cli/1.2/commons-cli-1.2.jar:/home/user/.m2/repository/org/apache/commons/commons-math3/3.1.1/commons-math3-3.1.1.jar:/home/user/.m2/repository/org/apache/httpcomponents/httpclient/4.5.2/httpclient-4.5.2.jar:/home/user/.m2/repository/org/apache/httpcomponents/httpcore/4.4.4/httpcore-4.4.4.jar:/home/user/.m2/repository/commons-codec/commons-codec/1.11/commons-codec-1.11.jar:/home/user/.m2/repository/commons-io/commons-io/2.5/commons-io-2.5.jar:/home/user/.m2/repository/commons-net/commons-net/3.6/commons-net-3.6.jar:/home/user/.m2/repository/commons-collections/commons-collections/3.2.2/commons-collections-3.2.2.jar:/home/user/.m2/repository/javax/servlet/javax.servlet-api/3.1.0/javax.servlet-api-3.1.0.jar:/home/user/.m2/repository/org/eclipse/jetty/jetty-server/9.3.24.v20180605/jetty-server-9.3.24.v20180605.jar:/home/user/.m2/repository/org/eclipse/jetty/jetty-http/9.3.24.v20180605/jetty-http-9.3.24.v20180605.jar:/home/user/.m2/repository/org/eclipse/jetty/jetty-io/9.3.24.v20180605/jetty-io-9.3.24.v20180605.jar:/home/user/.m2/repository/org/eclipse/jetty/jetty-util/9.3.24.v20180605/jetty-util-9.3.24.v20180605.jar:/home/user/.m2/repository/org/eclipse/jetty/jetty-servlet/9.3.24.v20180605/jetty-servlet-9.3.24.v20180605.jar:/home/user/.m2/repository/org/eclipse/jetty/jetty-security/9.3.24.v20180605/jetty-security-9.3.24.v20180605.jar:/home/user/.m2/repository/org/eclipse/jetty/jetty-webapp/9.3.24.v20180605/jetty-webapp-9.3.24.v20180605.jar:/home/user/.m2/repository/org/eclipse/jetty/jetty-xml/9.3.24.v20180605/jetty-xml-9.3.24.v20180605.jar:/home/user/.m2/repository/javax/servlet/jsp/jsp-api/2.1/jsp-api-2.1.jar:/home/user/.m2/repository/com/sun/jersey/jersey-core/1.19/jersey-core-1.19.jar:/home/user/.m2/repository/javax/ws/rs/jsr311-api/1.1.1/jsr311-api-1.1.1.jar:/home/user/.m2/repository/com/sun/jersey/jersey-servlet/1.19/jersey-servlet-1.19.jar:/home/user/.m2/repository/com/sun/jersey/jersey-json/1.19/jersey-json-1.19.jar:/home/user/.m2/repository/org/codehaus/jettison/jettison/1.1/jettison-1.1.jar:/home/user/.m2/repository/com/sun/xml/bind/jaxb-impl/2.3.0.1/jaxb-impl-2.3.0.1.jar:/home/user/.m2/repository/org/codehaus/jackson/jackson-core-asl/1.9.13/jackson-core-asl-1.9.13.jar:/home/user/.m2/repository/org/codehaus/jackson/jackson-mapper-asl/1.9.13/jackson-mapper-asl-1.9.13.jar:/home/user/.m2/repository/org/codehaus/jackson/jackson-jaxrs/1.9.13/jackson-jaxrs-1.9.13.jar:/home/user/.m2/repository/org/codehaus/jackson/jackson-xc/1.9.13/jackson-xc-1.9.13.jar:/home/user/.m2/repository/com/sun/jersey/jersey-server/1.19/jersey-server-1.19.jar:/home/user/.m2/repository/commons-logging/commons-logging/1.1.3/commons-logging-1.1.3.jar:/home/user/.m2/repository/log4j/log4j/1.2.17/log4j-1.2.17.jar:/home/user/.m2/repository/commons-beanutils/commons-beanutils/1.9.3/commons-beanutils-1.9.3.jar:/home/user/.m2/repository/org/apache/commons/commons-configuration2/2.1.1/commons-configuration2-2.1.1.jar:/home/user/.m2/repository/org/apache/commons/commons-lang3/3.7/commons-lang3-3.7.jar:/home/user/.m2/repository/org/apache/commons/commons-text/1.4/commons-text-1.4.jar:/home/user/.m2/repository/org/slf4j/slf4j-api/1.7.25/slf4j-api-1.7.25.jar:/home/user/.m2/repository/org/slf4j/slf4j-log4j12/1.7.25/slf4j-log4j12-1.7.25.jar:/home/user/.m2/repository/org/apache/avro/avro/1.7.7/avro-1.7.7.jar:/home/user/.m2/repository/com/thoughtworks/paranamer/paranamer/2.3/paranamer-2.3.jar:/home/user/.m2/repository/org/xerial/snappy/snappy-java/1.0.5/snappy-java-1.0.5.jar:/home/user/.m2/repository/com/google/re2j/re2j/1.1/re2j-1.1.jar:/home/user/.m2/repository/com/google/code/gson/gson/2.2.4/gson-2.2.4.jar:/home/user/.m2/repository/org/apache/hadoop/hadoop-auth/3.2.0/hadoop-auth-3.2.0.jar:/home/user/.m2/repository/com/nimbusds/nimbus-jose-jwt/4.41.1/nimbus-jose-jwt-4.41.1.jar:/home/user/.m2/repository/com/github/stephenc/jcip/jcip-annotations/1.0-1/jcip-annotations-1.0-1.jar:/home/user/.m2/repository/net/minidev/json-smart/2.3/json-smart-2.3.jar:/home/user/.m2/repository/net/minidev/accessors-smart/1.2/accessors-smart-1.2.jar:/home/user/.m2/repository/org/apache/curator/curator-framework/2.12.0/curator-framework-2.12.0.jar:/home/user/.m2/repository/com/jcraft/jsch/0.1.54/jsch-0.1.54.jar:/home/user/.m2/repository/org/apache/curator/curator-client/2.12.0/curator-client-2.12.0.jar:/home/user/.m2/repository/org/apache/curator/curator-recipes/2.12.0/curator-recipes-2.12.0.jar:/home/user/.m2/repository/com/google/code/findbugs/jsr305/3.0.0/jsr305-3.0.0.jar:/home/user/.m2/repository/org/apache/htrace/htrace-core4/4.1.0-incubating/htrace-core4-4.1.0-incubating.jar:/home/user/.m2/repository/org/apache/zookeeper/zookeeper/3.4.13/zookeeper-3.4.13.jar:/home/user/.m2/repository/org/apache/yetus/audience-annotations/0.5.0/audience-annotations-0.5.0.jar:/home/user/.m2/repository/org/apache/kerby/kerb-simplekdc/1.0.1/kerb-simplekdc-1.0.1.jar:/home/user/.m2/repository/org/apache/kerby/kerb-client/1.0.1/kerb-client-1.0.1.jar:/home/user/.m2/repository/org/apache/kerby/kerby-config/1.0.1/kerby-config-1.0.1.jar:/home/user/.m2/repository/org/apache/kerby/kerb-core/1.0.1/kerb-core-1.0.1.jar:/home/user/.m2/repository/org/apache/kerby/kerby-pkix/1.0.1/kerby-pkix-1.0.1.jar:/home/user/.m2/repository/org/apache/kerby/kerby-asn1/1.0.1/kerby-asn1-1.0.1.jar:/home/user/.m2/repository/org/apache/kerby/kerby-util/1.0.1/kerby-util-1.0.1.jar:/home/user/.m2/repository/org/apache/kerby/kerb-common/1.0.1/kerb-common-1.0.1.jar:/home/user/.m2/repository/org/apache/kerby/kerb-crypto/1.0.1/kerb-crypto-1.0.1.jar:/home/user/.m2/repository/org/apache/kerby/kerb-util/1.0.1/kerb-util-1.0.1.jar:/home/user/.m2/repository/org/apache/kerby/token-provider/1.0.1/token-provider-1.0.1.jar:/home/user/.m2/repository/org/apache/kerby/kerb-admin/1.0.1/kerb-admin-1.0.1.jar:/home/user/.m2/repository/org/apache/kerby/kerb-server/1.0.1/kerb-server-1.0.1.jar:/home/user/.m2/repository/org/apache/kerby/kerb-identity/1.0.1/kerb-identity-1.0.1.jar:/home/user/.m2/repository/org/apache/kerby/kerby-xdr/1.0.1/kerby-xdr-1.0.1.jar:/home/user/.m2/repository/com/fasterxml/jackson/core/jackson-databind/2.9.5/jackson-databind-2.9.5.jar:/home/user/.m2/repository/com/fasterxml/jackson/core/jackson-core/2.9.5/jackson-core-2.9.5.jar:/home/user/.m2/repository/org/codehaus/woodstox/stax2-api/3.1.4/stax2-api-3.1.4.jar:/home/user/.m2/repository/com/fasterxml/woodstox/woodstox-core/5.0.3/woodstox-core-5.0.3.jar:/home/user/.m2/repository/dnsjava/dnsjava/2.1.7/dnsjava-2.1.7.jar:/home/user/.m2/repository/org/apache/hadoop/hadoop-hdfs/3.2.0/hadoop-hdfs-3.2.0.jar:/home/user/.m2/repository/org/eclipse/jetty/jetty-util-ajax/9.3.24.v20180605/jetty-util-ajax-9.3.24.v20180605.jar:/home/user/.m2/repository/commons-daemon/commons-daemon/1.0.13/commons-daemon-1.0.13.jar:/home/user/.m2/repository/io/netty/netty/3.10.5.Final/netty-3.10.5.Final.jar:/home/user/.m2/repository/io/netty/netty-all/4.0.52.Final/netty-all-4.0.52.Final.jar:/home/user/.m2/repository/org/fusesource/leveldbjni/leveldbjni-all/1.8/leveldbjni-all-1.8.jar:/home/user/.m2/repository/com/sun/xml/bind/jaxb-core/2.3.0.1/jaxb-core-2.3.0.1.jar:/home/user/.m2/repository/javax/xml/bind/jaxb-api/2.3.0/jaxb-api-2.3.0.jar:/home/user/.m2/repository/javax/activation/activation/1.1.1/activation-1.1.1.jar:/home/user/.m2/repository/io/dropwizard/metrics/metrics-core/3.2.4/metrics-core-3.2.4.jar:/home/user/.m2/repository/org/openjdk/jmh/jmh-core/1.19/jmh-core-1.19.jar:/home/user/.m2/repository/net/sf/jopt-simple/jopt-simple/4.6/jopt-simple-4.6.jar:/home/user/.m2/repository/org/openjdk/jmh/jmh-generator-annprocess/1.19/jmh-generator-annprocess-1.19.jar:/home/user/.m2/repository/com/google/code/findbugs/findbugs/3.0.1/findbugs-3.0.1.jar:/home/user/.m2/repository/net/jcip/jcip-annotations/1.0/jcip-annotations-1.0.jar:/home/user/.m2/repository/com/google/code/findbugs/bcel-findbugs/6.0/bcel-findbugs-6.0.jar:/home/user/.m2/repository/com/google/code/findbugs/jFormatString/2.0.1/jFormatString-2.0.1.jar:/home/user/.m2/repository/dom4j/dom4j/1.6.1/dom4j-1.6.1.jar:/home/user/.m2/repository/xml-apis/xml-apis/1.0.b2/xml-apis-1.0.b2.jar:/home/user/.m2/repository/org/ow2/asm/asm-debug-all/5.0.2/asm-debug-all-5.0.2.jar:/home/user/.m2/repository/org/ow2/asm/asm-commons/5.0.2/asm-commons-5.0.2.jar:/home/user/.m2/repository/org/ow2/asm/asm-tree/5.0.2/asm-tree-5.0.2.jar:/home/user/.m2/repository/org/ow2/asm/asm/5.0.4/asm-5.0.4.jar:/home/user/.m2/repository/commons-lang/commons-lang/2.6/commons-lang-2.6.jar:/home/user/.m2/repository/com/apple/AppleJavaExtensions/1.4/AppleJavaExtensions-1.4.jar:/home/user/.m2/repository/jaxen/jaxen/1.1.6/jaxen-1.1.6.jar:/home/user/.m2/repository/junit/junit/4.11/junit-4.11.jar:/home/user/.m2/repository/org/hamcrest/hamcrest-core/1.3/hamcrest-core-1.3.jar:/home/user/.m2/repository/org/apache/hadoop/hadoop-common/3.2.0/hadoop-common-3.2.0-tests.jar:/tmp/workdir/hadoop-ozone/integration-test/target/test-classes:/home/user/.m2/repository/org/apache/hadoop/hadoop-ozone-s3gateway/0.5.0-SNAPSHOT/hadoop-ozone-s3gateway-0.5.0-SNAPSHOT.jar:/home/user/.m2/repository/org/jboss/weld/servlet/weld-servlet/2.4.7.Final/weld-servlet-2.4.7.Final.jar:/home/user/.m2/repository/org/glassfish/jersey/containers/jersey-container-servlet-core/2.27/jersey-container-servlet-core-2.27.jar:/home/user/.m2/repository/org/glassfish/hk2/external/javax.inject/2.5.0-b42/javax.inject-2.5.0-b42.jar:/home/user/.m2/repository/org/glassfish/jersey/core/jersey-common/2.27/jersey-common-2.27.jar:/home/user/.m2/repository/org/glassfish/hk2/osgi-resource-locator/1.0.1/osgi-resource-locator-1.0.1.jar:/home/user/.m2/repository/javax/ws/rs/javax.ws.rs-api/2.1/javax.ws.rs-api-2.1.jar:/home/user/.m2/repository/org/glassfish/jersey/ext/cdi/jersey-cdi1x/2.27/jersey-cdi1x-2.27.jar:/home/user/.m2/repository/org/glassfish/jersey/inject/jersey-hk2/2.27/jersey-hk2-2.27.jar:/home/user/.m2/repository/org/glassfish/hk2/hk2-locator/2.5.0-b42/hk2-locator-2.5.0-b42.jar:/home/user/.m2/repository/org/javassist/javassist/3.22.0-CR2/javassist-3.22.0-CR2.jar:/home/user/.m2/repository/org/glassfish/hk2/hk2-api/2.5.0/hk2-api-2.5.0.jar:/home/user/.m2/repository/org/glassfish/hk2/external/jakarta.inject/2.5.0/jakarta.inject-2.5.0.jar:/home/user/.m2/repository/org/glassfish/hk2/hk2-utils/2.5.0/hk2-utils-2.5.0.jar:/home/user/.m2/repository/jakarta/annotation/jakarta.annotation-api/1.3.4/jakarta.annotation-api-1.3.4.jar:/home/user/.m2/repository/org/glassfish/hk2/external/aopalliance-repackaged/2.5.0/aopalliance-repackaged-2.5.0.jar:/home/user/.m2/repository/com/fasterxml/jackson/dataformat/jackson-dataformat-xml/2.9.0/jackson-dataformat-xml-2.9.0.jar:/home/user/.m2/repository/com/fasterxml/jackson/module/jackson-module-jaxb-annotations/2.9.5/jackson-module-jaxb-annotations-2.9.5.jar:/home/user/.m2/repository/javax/enterprise/cdi-api/1.2/cdi-api-1.2.jar:/home/user/.m2/repository/javax/el/javax.el-api/3.0.0/javax.el-api-3.0.0.jar:/home/user/.m2/repository/javax/interceptor/javax.interceptor-api/1.2/javax.interceptor-api-1.2.jar:/home/user/.m2/repository/javax/inject/javax.inject/1/javax.inject-1.jar:/home/user/.m2/repository/org/apache/hadoop/hadoop-ozone-csi/0.5.0-SNAPSHOT/hadoop-ozone-csi-0.5.0-SNAPSHOT.jar:/home/user/.m2/repository/com/google/protobuf/protobuf-java-util/3.5.1/protobuf-java-util-3.5.1.jar:/home/user/.m2/repository/io/grpc/grpc-netty/1.17.1/grpc-netty-1.17.1.jar:/home/user/.m2/repository/io/grpc/grpc-core/1.17.1/grpc-core-1.17.1.jar:/home/user/.m2/repository/io/grpc/grpc-context/1.17.1/grpc-context-1.17.1.jar:/home/user/.m2/repository/com/google/errorprone/error_prone_annotations/2.2.0/error_prone_annotations-2.2.0.jar:/home/user/.m2/repository/org/codehaus/mojo/animal-sniffer-annotations/1.17/animal-sniffer-annotations-1.17.jar:/home/user/.m2/repository/io/opencensus/opencensus-api/0.17.0/opencensus-api-0.17.0.jar:/home/user/.m2/repository/io/opencensus/opencensus-contrib-grpc-metrics/0.17.0/opencensus-contrib-grpc-metrics-0.17.0.jar:/home/user/.m2/repository/io/netty/netty-codec-http2/4.1.30.Final/netty-codec-http2-4.1.30.Final.jar:/home/user/.m2/repository/io/netty/netty-codec-http/4.1.30.Final/netty-codec-http-4.1.30.Final.jar:/home/user/.m2/repository/io/netty/netty-codec/4.1.30.Final/netty-codec-4.1.30.Final.jar:/home/user/.m2/repository/io/netty/netty-handler/4.1.30.Final/netty-handler-4.1.30.Final.jar:/home/user/.m2/repository/io/netty/netty-handler-proxy/4.1.30.Final/netty-handler-proxy-4.1.30.Final.jar:/home/user/.m2/repository/io/netty/netty-codec-socks/4.1.30.Final/netty-codec-socks-4.1.30.Final.jar:/home/user/.m2/repository/io/netty/netty-transport-native-epoll/4.1.30.Final/netty-transport-native-epoll-4.1.30.Final.jar:/home/user/.m2/repository/io/netty/netty-common/4.1.30.Final/netty-common-4.1.30.Final.jar:/home/user/.m2/repository/io/netty/netty-buffer/4.1.30.Final/netty-buffer-4.1.30.Final.jar:/home/user/.m2/repository/io/netty/netty-transport/4.1.30.Final/netty-transport-4.1.30.Final.jar:/home/user/.m2/repository/io/netty/netty-resolver/4.1.30.Final/netty-resolver-4.1.30.Final.jar:/home/user/.m2/repository/io/netty/netty-transport-native-unix-common/4.1.30.Final/netty-transport-native-unix-common-4.1.30.Final.jar:/home/user/.m2/repository/io/grpc/grpc-protobuf/1.17.1/grpc-protobuf-1.17.1.jar:/home/user/.m2/repository/com/google/api/grpc/proto-google-common-protos/1.0.0/proto-google-common-protos-1.0.0.jar:/home/user/.m2/repository/io/grpc/grpc-protobuf-lite/1.17.1/grpc-protobuf-lite-1.17.1.jar:/home/user/.m2/repository/io/grpc/grpc-stub/1.17.1/grpc-stub-1.17.1.jar:/home/user/.m2/repository/org/apache/hadoop/hadoop-ozone-recon/0.5.0-SNAPSHOT/hadoop-ozone-recon-0.5.0-SNAPSHOT.jar:/home/user/.m2/repository/org/apache/hadoop/hadoop-ozone-reconcodegen/0.5.0-SNAPSHOT/hadoop-ozone-reconcodegen-0.5.0-SNAPSHOT.jar:/home/user/.m2/repository/com/google/inject/extensions/guice-multibindings/4.0/guice-multibindings-4.0.jar:/home/user/.m2/repository/com/google/inject/guice/4.0/guice-4.0.jar:/home/user/.m2/repository/aopalliance/aopalliance/1.0/aopalliance-1.0.jar:/home/user/.m2/repository/com/google/inject/extensions/guice-servlet/4.0/guice-servlet-4.0.jar:/home/user/.m2/repository/org/glassfish/jersey/containers/jersey-container-servlet/2.27/jersey-container-servlet-2.27.jar:/home/user/.m2/repository/org/glassfish/hk2/guice-bridge/2.5.0/guice-bridge-2.5.0.jar:/home/user/.m2/repository/org/glassfish/jersey/core/jersey-server/2.27/jersey-server-2.27.jar:/home/user/.m2/repository/org/glassfish/jersey/core/jersey-client/2.27/jersey-client-2.27.jar:/home/user/.m2/repository/org/glassfish/jersey/media/jersey-media-jaxb/2.27/jersey-media-jaxb-2.27.jar:/home/user/.m2/repository/javax/validation/validation-api/1.1.0.Final/validation-api-1.1.0.Final.jar:/home/user/.m2/repository/org/glassfish/jersey/media/jersey-media-json-jackson/2.27/jersey-media-json-jackson-2.27.jar:/home/user/.m2/repository/org/glassfish/jersey/ext/jersey-entity-filtering/2.27/jersey-entity-filtering-2.27.jar:/home/user/.m2/repository/com/google/inject/extensions/guice-assistedinject/4.0/guice-assistedinject-4.0.jar:/home/user/.m2/repository/org/jooq/jooq/3.11.10/jooq-3.11.10.jar:/home/user/.m2/repository/org/jooq/jooq-meta/3.11.10/jooq-meta-3.11.10.jar:/home/user/.m2/repository/org/jooq/jooq-codegen/3.11.10/jooq-codegen-3.11.10.jar:/home/user/.m2/repository/com/jolbox/bonecp/0.8.0.RELEASE/bonecp-0.8.0.RELEASE.jar:/home/user/.m2/repository/org/springframework/spring-jdbc/5.1.3.RELEASE/spring-jdbc-5.1.3.RELEASE.jar:/home/user/.m2/repository/org/springframework/spring-beans/5.1.3.RELEASE/spring-beans-5.1.3.RELEASE.jar:/home/user/.m2/repository/org/springframework/spring-core/5.1.3.RELEASE/spring-core-5.1.3.RELEASE.jar:/home/user/.m2/repository/org/springframework/spring-jcl/5.1.3.RELEASE/spring-jcl-5.1.3.RELEASE.jar:/home/user/.m2/repository/org/springframework/spring-tx/5.1.3.RELEASE/spring-tx-5.1.3.RELEASE.jar:/home/user/.m2/repository/org/mockito/mockito-core/2.15.0/mockito-core-2.15.0.jar:/home/user/.m2/repository/net/bytebuddy/byte-buddy/1.7.9/byte-buddy-1.7.9.jar:/home/user/.m2/repository/net/bytebuddy/byte-buddy-agent/1.7.9/byte-buddy-agent-1.7.9.jar:/home/user/.m2/repository/org/objenesis/objenesis/1.0/objenesis-1.0.jar:"/>
    <property name="sun.cpu.endian" value="little"/>
    <property name="user.home" value="/home/user"/>
    <property name="user.language" value="en"/>
    <property name="java.specification.vendor" value="Oracle Corporation"/>
    <property name="java.home" value="/usr/lib/jvm/java-1.8-openjdk/jre"/>
    <property name="java.security.krb5.conf" value="/tmp/workdir/hadoop-ozone/tools/target/test-classes/krb5.conf"/>
    <property name="basedir" value="/tmp/workdir/hadoop-ozone/tools"/>
    <property name="file.separator" value="/"/>
    <property name="line.separator" value="&#10;"/>
    <property name="java.vm.specification.vendor" value="Oracle Corporation"/>
    <property name="java.specification.name" value="Java Platform API Specification"/>
    <property name="java.awt.graphicsenv" value="sun.awt.X11GraphicsEnvironment"/>
    <property name="surefire.real.class.path" value="/tmp/workdir/hadoop-ozone/tools/target/surefire/surefirebooter4322744915085497092.jar"/>
    <property name="hadoop.log.dir" value="/tmp/workdir/hadoop-ozone/tools/target/log"/>
    <property name="sun.boot.class.path" value="/usr/lib/jvm/java-1.8-openjdk/jre/lib/resources.jar:/usr/lib/jvm/java-1.8-openjdk/jre/lib/rt.jar:/usr/lib/jvm/java-1.8-openjdk/jre/lib/sunrsasign.jar:/usr/lib/jvm/java-1.8-openjdk/jre/lib/jsse.jar:/usr/lib/jvm/java-1.8-openjdk/jre/lib/jce.jar:/usr/lib/jvm/java-1.8-openjdk/jre/lib/charsets.jar:/usr/lib/jvm/java-1.8-openjdk/jre/lib/jfr.jar:/usr/lib/jvm/java-1.8-openjdk/jre/classes"/>
    <property name="sun.management.compiler" value="HotSpot 64-Bit Tiered Compilers"/>
    <property name="java.runtime.version" value="1.8.0_212-b04"/>
    <property name="java.net.preferIPv4Stack" value="true"/>
    <property name="user.name" value="jenkins1000"/>
    <property name="path.separator" value=":"/>
    <property name="java.security.egd" value="file:///dev/urandom"/>
    <property name="os.version" value="3.10.0-957.12.2.el7.x86_64"/>
    <property name="java.endorsed.dirs" value="/usr/lib/jvm/java-1.8-openjdk/jre/lib/endorsed"/>
    <property name="java.runtime.name" value="OpenJDK Runtime Environment"/>
    <property name="file.encoding" value="UTF-8"/>
    <property name="java.vm.name" value="OpenJDK 64-Bit Server VM"/>
    <property name="test.build.webapps" value=""/>
    <property name="localRepository" value="/home/user/.m2/repository"/>
    <property name="java.vendor.url.bug" value="https://icedtea.classpath.org/bugzilla"/>
    <property name="java.io.tmpdir" value="/tmp"/>
    <property name="require.test.libhadoop" value=""/>
    <property name="java.version" value="1.8.0_212"/>
    <property name="user.dir" value="/tmp/workdir/hadoop-ozone/tools"/>
    <property name="os.arch" value="amd64"/>
    <property name="java.vm.specification.name" value="Java Virtual Machine Specification"/>
    <property name="test.build.classes" value="/tmp/workdir/hadoop-ozone/tools/target/test-classes"/>
    <property name="java.awt.printerjob" value="sun.print.PSPrinterJob"/>
    <property name="sun.os.patch.level" value="unknown"/>
    <property name="hadoop.tmp.dir" value="/tmp/workdir/hadoop-ozone/tools/target/tmp"/>
    <property name="java.library.path" value="/usr/lib/jvm/java-1.8-openjdk/jre/lib/amd64/server:/usr/lib/jvm/java-1.8-openjdk/jre/lib/amd64:/usr/lib/jvm/java-1.8-openjdk/jre/../lib/amd64:/tmp/workdir/hadoop-ozone/tools/target/native/target/usr/local/lib:/tmp/workdir/hadoop-ozone/tools/../../hadoop-common-project/hadoop-common/target/native/target/usr/local/lib:/usr/java/packages/lib/amd64:/usr/lib64:/lib64:/lib:/usr/lib"/>
    <property name="java.vm.info" value="mixed mode"/>
    <property name="java.vendor" value="IcedTea"/>
    <property name="java.vm.version" value="25.212-b04"/>
    <property name="java.ext.dirs" value="/usr/lib/jvm/java-1.8-openjdk/jre/lib/ext:/usr/java/packages/lib/ext"/>
    <property name="sun.io.unicode.encoding" value="UnicodeLittle"/>
    <property name="java.class.version" value="52.0"/>
  </properties>
  <testcase name="validateWriteTest" classname="org.apache.hadoop.ozone.freon.TestDataValidateWithDummyContainers" time="0.001"/>
  <testcase name="ratisTestLargeKey" classname="org.apache.hadoop.ozone.freon.TestDataValidateWithDummyContainers" time="410.829">
    <error message="Allocated 0 blocks. Requested 1 blocks" type="INTERNAL_ERROR org.apache.hadoop.ozone.om.exceptions.OMException">INTERNAL_ERROR org.apache.hadoop.ozone.om.exceptions.OMException: Allocated 0 blocks. Requested 1 blocks
	at org.apache.hadoop.ozone.om.protocolPB.OzoneManagerProtocolClientSideTranslatorPB.handleError(OzoneManagerProtocolClientSideTranslatorPB.java:726)
	at org.apache.hadoop.ozone.om.protocolPB.OzoneManagerProtocolClientSideTranslatorPB.allocateBlock(OzoneManagerProtocolClientSideTranslatorPB.java:758)
	at sun.reflect.NativeMethodAccessorImpl.invoke0(Native Method)
	at sun.reflect.NativeMethodAccessorImpl.invoke(NativeMethodAccessorImpl.java:62)
	at sun.reflect.DelegatingMethodAccessorImpl.invoke(DelegatingMethodAccessorImpl.java:43)
	at java.lang.reflect.Method.invoke(Method.java:498)
	at org.apache.hadoop.hdds.tracing.TraceAllMethod.invoke(TraceAllMethod.java:66)
	at com.sun.proxy.$Proxy37.allocateBlock(Unknown Source)
	at org.apache.hadoop.ozone.client.io.BlockOutputStreamEntryPool.allocateNewBlock(BlockOutputStreamEntryPool.java:248)
	at org.apache.hadoop.ozone.client.io.BlockOutputStreamEntryPool.allocateBlockIfNeeded(BlockOutputStreamEntryPool.java:296)
	at org.apache.hadoop.ozone.client.io.KeyOutputStream.handleWrite(KeyOutputStream.java:201)
	at org.apache.hadoop.ozone.client.io.KeyOutputStream.write(KeyOutputStream.java:193)
	at org.apache.hadoop.ozone.client.io.OzoneOutputStream.write(OzoneOutputStream.java:49)
	at org.apache.hadoop.ozone.freon.RandomKeyGenerator.createKey(RandomKeyGenerator.java:708)
	at org.apache.hadoop.ozone.freon.RandomKeyGenerator.access$1100(RandomKeyGenerator.java:88)
	at org.apache.hadoop.ozone.freon.RandomKeyGenerator$ObjectCreator.run(RandomKeyGenerator.java:615)
	at java.util.concurrent.Executors$RunnableAdapter.call(Executors.java:511)
	at java.util.concurrent.FutureTask.run(FutureTask.java:266)
	at java.util.concurrent.ThreadPoolExecutor.runWorker(ThreadPoolExecutor.java:1149)
	at java.util.concurrent.ThreadPoolExecutor$Worker.run(ThreadPoolExecutor.java:624)
	at java.lang.Thread.run(Thread.java:748)
</error>
    <system-out><![CDATA[2019-09-17 13:41:49,492 [pool-57-thread-1] INFO  server.RaftServerConfigKeys (ConfUtils.java:logGet(43)) - raft.server.storage.dir = [/tmp/workdir/hadoop-ozone/tools/target/test-dir/MiniOzoneClusterImpl-5c3156a5-1eb5-4435-9faa-bd301b5c4b00/datanode-3/data/ratis] (custom)
2019-09-17 13:41:49,492 [pool-57-thread-1] INFO  storage.RaftStorageDirectory (RaftStorageDirectory.java:analyzeStorage(246)) - The storage directory /tmp/workdir/hadoop-ozone/tools/target/test-dir/MiniOzoneClusterImpl-5c3156a5-1eb5-4435-9faa-bd301b5c4b00/datanode-3/data/ratis/fd95ab6c-6817-401e-b805-877e4f7224ff does not exist. Creating ...
2019-09-17 13:41:49,497 [main] INFO  freon.RandomKeyGenerator (RandomKeyGenerator.java:call(258)) - Override validateWrites to false, because hdds.container.chunk.persistdata is set to false.
2019-09-17 13:41:49,511 [pool-57-thread-1] INFO  storage.RaftStorageDirectory (RaftStorageDirectory.java:tryLock(328)) - Lock on /tmp/workdir/hadoop-ozone/tools/target/test-dir/MiniOzoneClusterImpl-5c3156a5-1eb5-4435-9faa-bd301b5c4b00/datanode-3/data/ratis/fd95ab6c-6817-401e-b805-877e4f7224ff/in_use.lock acquired by nodename 8806@pr-hdds-2136-chhj8-2666454444
2019-09-17 13:41:49,528 [pool-57-thread-1] INFO  storage.RaftStorage (RaftStorage.java:format(72)) - Storage directory /tmp/workdir/hadoop-ozone/tools/target/test-dir/MiniOzoneClusterImpl-5c3156a5-1eb5-4435-9faa-bd301b5c4b00/datanode-3/data/ratis/fd95ab6c-6817-401e-b805-877e4f7224ff has been successfully formatted.
2019-09-17 13:41:49,529 [pool-57-thread-1] INFO  ratis.ContainerStateMachine (ContainerStateMachine.java:loadSnapshot(230)) - group-877E4F7224FF: The snapshot info is null. Setting the last applied indexto:(t:0, i:~)
2019-09-17 13:41:49,529 [pool-57-thread-1] INFO  server.RaftServerConfigKeys (ConfUtils.java:logGet(43)) - raft.server.notification.no-leader.timeout = 120s (custom)
2019-09-17 13:41:49,529 [pool-57-thread-1] INFO  server.RaftServerConfigKeys (ConfUtils.java:logGet(43)) - raft.server.log.use.memory = false (default)
2019-09-17 13:41:49,529 [pool-57-thread-1] INFO  server.RaftServerConfigKeys (ConfUtils.java:logGet(43)) - raft.server.log.purge.gap = 1000000 (custom)
2019-09-17 13:41:49,530 [pool-57-thread-1] INFO  server.RaftServerConfigKeys (ConfUtils.java:logGet(43)) - raft.server.log.appender.buffer.byte-limit = 33554432 (custom)
2019-09-17 13:41:49,530 [pool-57-thread-1] INFO  server.RaftServerConfigKeys (ConfUtils.java:logGet(43)) - raft.server.log.segment.size.max = 1048576 (custom)
2019-09-17 13:41:49,530 [pool-57-thread-1] INFO  server.RaftServerConfigKeys (ConfUtils.java:logGet(43)) - raft.server.log.segment.cache.num.max = 2 (custom)
2019-09-17 13:41:49,530 [pool-57-thread-1] INFO  segmented.SegmentedRaftLogWorker (SegmentedRaftLogWorker.java:<init>(172)) - new 84a1d144-f461-48d4-8d3c-b1ed76ff1296@group-877E4F7224FF-SegmentedRaftLogWorker for RaftStorage:Storage Directory /tmp/workdir/hadoop-ozone/tools/target/test-dir/MiniOzoneClusterImpl-5c3156a5-1eb5-4435-9faa-bd301b5c4b00/datanode-3/data/ratis/fd95ab6c-6817-401e-b805-877e4f7224ff
2019-09-17 13:41:49,536 [pool-57-thread-1] INFO  server.RaftServerConfigKeys (ConfUtils.java:logGet(43)) - raft.server.log.queue.byte-limit = 2147483647 (custom)
2019-09-17 13:41:49,537 [pool-57-thread-1] INFO  server.RaftServerConfigKeys (ConfUtils.java:logGet(43)) - raft.server.log.queue.element-limit = 1024 (custom)
2019-09-17 13:41:49,537 [pool-57-thread-1] INFO  server.RaftServerConfigKeys (ConfUtils.java:logGet(43)) - raft.server.log.segment.size.max = 1048576 (custom)
2019-09-17 13:41:49,537 [pool-57-thread-1] INFO  server.RaftServerConfigKeys (ConfUtils.java:logGet(43)) - raft.server.log.preallocated.size = 16384 (custom)
2019-09-17 13:41:49,537 [pool-57-thread-1] INFO  server.RaftServerConfigKeys (ConfUtils.java:logGet(43)) - raft.server.log.write.buffer.size = 33554432 (custom)
2019-09-17 13:41:49,537 [pool-57-thread-1] INFO  server.RaftServerConfigKeys (ConfUtils.java:logGet(43)) - raft.server.log.force.sync.num = 128 (default)
2019-09-17 13:41:49,538 [pool-57-thread-1] INFO  server.RaftServerConfigKeys (ConfUtils.java:logGet(43)) - raft.server.log.statemachine.data.sync = true (default)
2019-09-17 13:41:49,538 [pool-57-thread-1] INFO  server.RaftServerConfigKeys (ConfUtils.java:logGet(43)) - raft.server.log.statemachine.data.sync.timeout = 10s (default)
2019-09-17 13:41:49,538 [pool-57-thread-1] INFO  server.RaftServerConfigKeys (ConfUtils.java:logGet(43)) - raft.server.log.statemachine.data.sync.timeout.retry = -1 (default)
2019-09-17 13:41:49,538 [pool-57-thread-1] INFO  server.RaftServerConfigKeys (ConfUtils.java:logGet(43)) - raft.server.log.statemachine.data.caching.enabled = true (custom)
2019-09-17 13:41:49,539 [pool-57-thread-1] INFO  segmented.SegmentedRaftLogWorker (SegmentedRaftLogWorker.java:lambda$new$0(132)) - 84a1d144-f461-48d4-8d3c-b1ed76ff1296@group-877E4F7224FF-SegmentedRaftLogWorker: flushIndex: setUnconditionally 0 -> -1
2019-09-17 13:41:49,539 [pool-57-thread-1] INFO  server.RaftServerConfigKeys (ConfUtils.java:logGet(43)) - raft.server.snapshot.auto.trigger.enabled = true (custom)
2019-09-17 13:41:49,539 [pool-57-thread-1] INFO  server.RaftServerConfigKeys (ConfUtils.java:logGet(43)) - raft.server.snapshot.auto.trigger.threshold = 10000 (custom)
2019-09-17 13:41:49,540 [pool-57-thread-1] INFO  server.RaftServerConfigKeys (ConfUtils.java:logGet(43)) - raft.server.snapshot.retention.num.files = 5 (custom)
2019-09-17 13:41:49,540 [pool-57-thread-1] INFO  server.RaftServerConfigKeys (ConfUtils.java:logGet(43)) - raft.server.retrycache.expirytime = 600000ms (custom)
2019-09-17 13:41:49,547 [pool-57-thread-1] INFO  impl.RaftServerImpl (RaftServerImpl.java:start(185)) - 84a1d144-f461-48d4-8d3c-b1ed76ff1296@group-877E4F7224FF: start as a follower, conf=-1: [84a1d144-f461-48d4-8d3c-b1ed76ff1296:192.168.5.130:35187], old=null
2019-09-17 13:41:49,547 [pool-57-thread-1] INFO  impl.RaftServerImpl (RaftServerImpl.java:setRole(174)) - 84a1d144-f461-48d4-8d3c-b1ed76ff1296@group-877E4F7224FF: changes role from      null to FOLLOWER at term 0 for startAsFollower
2019-09-17 13:41:49,548 [pool-57-thread-1] INFO  impl.RoleInfo (RoleInfo.java:updateAndGet(143)) - 84a1d144-f461-48d4-8d3c-b1ed76ff1296: start FollowerState
2019-09-17 13:41:49,548 [pool-57-thread-1] INFO  util.JmxRegister (JmxRegister.java:tryRegister(44)) - Successfully registered JMX Bean with object name Ratis:service=RaftServer,group=group-877E4F7224FF,id=84a1d144-f461-48d4-8d3c-b1ed76ff1296
2019-09-17 13:41:49,566 [RatisPipelineUtilsThread] INFO  pipeline.PipelineStateManager (PipelineStateManager.java:addPipeline(56)) - Created pipeline Pipeline[ Id: fd95ab6c-6817-401e-b805-877e4f7224ff, Nodes: 84a1d144-f461-48d4-8d3c-b1ed76ff1296{ip: 192.168.5.130, host: pr-hdds-2136-chhj8-2666454444, networkLocation: /default-rack, certSerialId: null}, Type:RATIS, Factor:ONE, State:OPEN]
2019-09-17 13:41:49,592 [grpc-default-executor-0] INFO  impl.RaftServerProxy (RaftServerProxy.java:addNew(89)) - d9f38682-412e-4192-bf4e-e605951a1ca5: addNew group-D104D031A8C2:[d9f38682-412e-4192-bf4e-e605951a1ca5:192.168.5.130:41067] returns group-D104D031A8C2:java.util.concurrent.CompletableFuture@f6a871a[Not completed]
2019-09-17 13:41:49,596 [pool-67-thread-1] INFO  impl.RaftServerImpl (RaftServerImpl.java:<init>(95)) - d9f38682-412e-4192-bf4e-e605951a1ca5: new RaftServerImpl for group-D104D031A8C2:[d9f38682-412e-4192-bf4e-e605951a1ca5:192.168.5.130:41067] with ContainerStateMachine:uninitialized
2019-09-17 13:41:49,596 [pool-67-thread-1] INFO  server.RaftServerConfigKeys (ConfUtils.java:logGet(43)) - raft.server.rpc.timeout.min = 5s (custom)
2019-09-17 13:41:49,596 [pool-67-thread-1] INFO  server.RaftServerConfigKeys (ConfUtils.java:logGet(43)) - raft.server.rpc.timeout.max = 5200ms (custom)
2019-09-17 13:41:49,596 [pool-67-thread-1] INFO  server.RaftServerConfigKeys (ConfUtils.java:logGet(43)) - raft.server.rpcslowness.timeout = 120s (custom)
2019-09-17 13:41:49,596 [pool-67-thread-1] INFO  server.RaftServerConfigKeys (ConfUtils.java:logGet(43)) - raft.server.sleep.deviation.threshold = 300 (default)
2019-09-17 13:41:49,597 [pool-67-thread-1] INFO  server.RaftServerConfigKeys (ConfUtils.java:logGet(43)) - raft.server.log.appender.install.snapshot.enabled = false (custom)
2019-09-17 13:41:49,597 [pool-67-thread-1] INFO  impl.RaftServerImpl (ServerState.java:<init>(103)) - d9f38682-412e-4192-bf4e-e605951a1ca5@group-D104D031A8C2: ConfigurationManager, init=-1: [d9f38682-412e-4192-bf4e-e605951a1ca5:192.168.5.130:41067], old=null, confs=<EMPTY_MAP>
2019-09-17 13:41:49,597 [pool-67-thread-1] INFO  server.RaftServerConfigKeys (ConfUtils.java:logGet(43)) - raft.server.storage.dir = [/tmp/workdir/hadoop-ozone/tools/target/test-dir/MiniOzoneClusterImpl-5c3156a5-1eb5-4435-9faa-bd301b5c4b00/datanode-4/data/ratis] (custom)
2019-09-17 13:41:49,597 [pool-67-thread-1] INFO  storage.RaftStorageDirectory (RaftStorageDirectory.java:analyzeStorage(246)) - The storage directory /tmp/workdir/hadoop-ozone/tools/target/test-dir/MiniOzoneClusterImpl-5c3156a5-1eb5-4435-9faa-bd301b5c4b00/datanode-4/data/ratis/cd59211f-911a-4e8f-b273-d104d031a8c2 does not exist. Creating ...
2019-09-17 13:41:49,617 [pool-67-thread-1] INFO  storage.RaftStorageDirectory (RaftStorageDirectory.java:tryLock(328)) - Lock on /tmp/workdir/hadoop-ozone/tools/target/test-dir/MiniOzoneClusterImpl-5c3156a5-1eb5-4435-9faa-bd301b5c4b00/datanode-4/data/ratis/cd59211f-911a-4e8f-b273-d104d031a8c2/in_use.lock acquired by nodename 8806@pr-hdds-2136-chhj8-2666454444
2019-09-17 13:41:49,637 [pool-67-thread-1] INFO  storage.RaftStorage (RaftStorage.java:format(72)) - Storage directory /tmp/workdir/hadoop-ozone/tools/target/test-dir/MiniOzoneClusterImpl-5c3156a5-1eb5-4435-9faa-bd301b5c4b00/datanode-4/data/ratis/cd59211f-911a-4e8f-b273-d104d031a8c2 has been successfully formatted.
2019-09-17 13:41:49,637 [pool-67-thread-1] INFO  ratis.ContainerStateMachine (ContainerStateMachine.java:loadSnapshot(230)) - group-D104D031A8C2: The snapshot info is null. Setting the last applied indexto:(t:0, i:~)
2019-09-17 13:41:49,638 [pool-67-thread-1] INFO  server.RaftServerConfigKeys (ConfUtils.java:logGet(43)) - raft.server.notification.no-leader.timeout = 120s (custom)
2019-09-17 13:41:49,638 [pool-67-thread-1] INFO  server.RaftServerConfigKeys (ConfUtils.java:logGet(43)) - raft.server.log.use.memory = false (default)
2019-09-17 13:41:49,638 [pool-67-thread-1] INFO  server.RaftServerConfigKeys (ConfUtils.java:logGet(43)) - raft.server.log.purge.gap = 1000000 (custom)
2019-09-17 13:41:49,638 [pool-67-thread-1] INFO  server.RaftServerConfigKeys (ConfUtils.java:logGet(43)) - raft.server.log.appender.buffer.byte-limit = 33554432 (custom)
2019-09-17 13:41:49,638 [pool-67-thread-1] INFO  server.RaftServerConfigKeys (ConfUtils.java:logGet(43)) - raft.server.log.segment.size.max = 1048576 (custom)
2019-09-17 13:41:49,639 [pool-67-thread-1] INFO  server.RaftServerConfigKeys (ConfUtils.java:logGet(43)) - raft.server.log.segment.cache.num.max = 2 (custom)
2019-09-17 13:41:49,639 [pool-67-thread-1] INFO  segmented.SegmentedRaftLogWorker (SegmentedRaftLogWorker.java:<init>(172)) - new d9f38682-412e-4192-bf4e-e605951a1ca5@group-D104D031A8C2-SegmentedRaftLogWorker for RaftStorage:Storage Directory /tmp/workdir/hadoop-ozone/tools/target/test-dir/MiniOzoneClusterImpl-5c3156a5-1eb5-4435-9faa-bd301b5c4b00/datanode-4/data/ratis/cd59211f-911a-4e8f-b273-d104d031a8c2
2019-09-17 13:41:49,643 [pool-67-thread-1] INFO  server.RaftServerConfigKeys (ConfUtils.java:logGet(43)) - raft.server.log.queue.byte-limit = 2147483647 (custom)
2019-09-17 13:41:49,643 [pool-67-thread-1] INFO  server.RaftServerConfigKeys (ConfUtils.java:logGet(43)) - raft.server.log.queue.element-limit = 1024 (custom)
2019-09-17 13:41:49,643 [pool-67-thread-1] INFO  server.RaftServerConfigKeys (ConfUtils.java:logGet(43)) - raft.server.log.segment.size.max = 1048576 (custom)
2019-09-17 13:41:49,643 [pool-67-thread-1] INFO  server.RaftServerConfigKeys (ConfUtils.java:logGet(43)) - raft.server.log.preallocated.size = 16384 (custom)
2019-09-17 13:41:49,643 [pool-67-thread-1] INFO  server.RaftServerConfigKeys (ConfUtils.java:logGet(43)) - raft.server.log.write.buffer.size = 33554432 (custom)
2019-09-17 13:41:49,643 [pool-67-thread-1] INFO  server.RaftServerConfigKeys (ConfUtils.java:logGet(43)) - raft.server.log.force.sync.num = 128 (default)
2019-09-17 13:41:49,644 [pool-67-thread-1] INFO  server.RaftServerConfigKeys (ConfUtils.java:logGet(43)) - raft.server.log.statemachine.data.sync = true (default)
2019-09-17 13:41:49,644 [pool-67-thread-1] INFO  server.RaftServerConfigKeys (ConfUtils.java:logGet(43)) - raft.server.log.statemachine.data.sync.timeout = 10s (default)
2019-09-17 13:41:49,644 [pool-67-thread-1] INFO  server.RaftServerConfigKeys (ConfUtils.java:logGet(43)) - raft.server.log.statemachine.data.sync.timeout.retry = -1 (default)
2019-09-17 13:41:49,644 [pool-67-thread-1] INFO  server.RaftServerConfigKeys (ConfUtils.java:logGet(43)) - raft.server.log.statemachine.data.caching.enabled = true (custom)
2019-09-17 13:41:49,644 [pool-67-thread-1] INFO  segmented.SegmentedRaftLogWorker (SegmentedRaftLogWorker.java:lambda$new$0(132)) - d9f38682-412e-4192-bf4e-e605951a1ca5@group-D104D031A8C2-SegmentedRaftLogWorker: flushIndex: setUnconditionally 0 -> -1
2019-09-17 13:41:49,645 [pool-67-thread-1] INFO  server.RaftServerConfigKeys (ConfUtils.java:logGet(43)) - raft.server.snapshot.auto.trigger.enabled = true (custom)
2019-09-17 13:41:49,645 [pool-67-thread-1] INFO  server.RaftServerConfigKeys (ConfUtils.java:logGet(43)) - raft.server.snapshot.auto.trigger.threshold = 10000 (custom)
2019-09-17 13:41:49,645 [pool-67-thread-1] INFO  server.RaftServerConfigKeys (ConfUtils.java:logGet(43)) - raft.server.snapshot.retention.num.files = 5 (custom)
2019-09-17 13:41:49,645 [pool-67-thread-1] INFO  server.RaftServerConfigKeys (ConfUtils.java:logGet(43)) - raft.server.retrycache.expirytime = 600000ms (custom)
2019-09-17 13:41:49,649 [pool-67-thread-1] INFO  impl.RaftServerImpl (RaftServerImpl.java:start(185)) - d9f38682-412e-4192-bf4e-e605951a1ca5@group-D104D031A8C2: start as a follower, conf=-1: [d9f38682-412e-4192-bf4e-e605951a1ca5:192.168.5.130:41067], old=null
2019-09-17 13:41:49,649 [pool-67-thread-1] INFO  impl.RaftServerImpl (RaftServerImpl.java:setRole(174)) - d9f38682-412e-4192-bf4e-e605951a1ca5@group-D104D031A8C2: changes role from      null to FOLLOWER at term 0 for startAsFollower
2019-09-17 13:41:49,649 [pool-67-thread-1] INFO  impl.RoleInfo (RoleInfo.java:updateAndGet(143)) - d9f38682-412e-4192-bf4e-e605951a1ca5: start FollowerState
2019-09-17 13:41:49,649 [pool-67-thread-1] INFO  util.JmxRegister (JmxRegister.java:tryRegister(44)) - Successfully registered JMX Bean with object name Ratis:service=RaftServer,group=group-D104D031A8C2,id=d9f38682-412e-4192-bf4e-e605951a1ca5
2019-09-17 13:41:49,663 [RatisPipelineUtilsThread] INFO  pipeline.PipelineStateManager (PipelineStateManager.java:addPipeline(56)) - Created pipeline Pipeline[ Id: cd59211f-911a-4e8f-b273-d104d031a8c2, Nodes: d9f38682-412e-4192-bf4e-e605951a1ca5{ip: 192.168.5.130, host: pr-hdds-2136-chhj8-2666454444, networkLocation: /default-rack, certSerialId: null}, Type:RATIS, Factor:ONE, State:OPEN]
2019-09-17 13:41:49,716 [grpc-default-executor-2] INFO  impl.RaftServerProxy (RaftServerProxy.java:addNew(89)) - bf9845cc-5491-4380-971d-60a5c36fd440: addNew group-8A5A189D8196:[73c69e8a-9bd3-45ee-8ac9-6e361d860e2f:192.168.5.130:33300, 235b1c08-2c3c-45bc-ab7f-b19a657e57f0:192.168.5.130:39322, bf9845cc-5491-4380-971d-60a5c36fd440:192.168.5.130:40791] returns group-8A5A189D8196:java.util.concurrent.CompletableFuture@73f435c0[Not completed]
2019-09-17 13:41:49,719 [grpc-default-executor-2] INFO  impl.RaftServerProxy (RaftServerProxy.java:addNew(89)) - 235b1c08-2c3c-45bc-ab7f-b19a657e57f0: addNew group-8A5A189D8196:[73c69e8a-9bd3-45ee-8ac9-6e361d860e2f:192.168.5.130:33300, 235b1c08-2c3c-45bc-ab7f-b19a657e57f0:192.168.5.130:39322, bf9845cc-5491-4380-971d-60a5c36fd440:192.168.5.130:40791] returns group-8A5A189D8196:java.util.concurrent.CompletableFuture@2d94946a[Not completed]
2019-09-17 13:41:49,721 [pool-47-thread-1] INFO  impl.RaftServerImpl (RaftServerImpl.java:<init>(95)) - bf9845cc-5491-4380-971d-60a5c36fd440: new RaftServerImpl for group-8A5A189D8196:[73c69e8a-9bd3-45ee-8ac9-6e361d860e2f:192.168.5.130:33300, 235b1c08-2c3c-45bc-ab7f-b19a657e57f0:192.168.5.130:39322, bf9845cc-5491-4380-971d-60a5c36fd440:192.168.5.130:40791] with ContainerStateMachine:uninitialized
2019-09-17 13:41:49,721 [pool-47-thread-1] INFO  server.RaftServerConfigKeys (ConfUtils.java:logGet(43)) - raft.server.rpc.timeout.min = 5s (custom)
2019-09-17 13:41:49,721 [pool-47-thread-1] INFO  server.RaftServerConfigKeys (ConfUtils.java:logGet(43)) - raft.server.rpc.timeout.max = 5200ms (custom)
2019-09-17 13:41:49,721 [pool-47-thread-1] INFO  server.RaftServerConfigKeys (ConfUtils.java:logGet(43)) - raft.server.rpcslowness.timeout = 120s (custom)
2019-09-17 13:41:49,721 [grpc-default-executor-2] INFO  impl.RaftServerProxy (RaftServerProxy.java:addNew(89)) - 73c69e8a-9bd3-45ee-8ac9-6e361d860e2f: addNew group-8A5A189D8196:[73c69e8a-9bd3-45ee-8ac9-6e361d860e2f:192.168.5.130:33300, 235b1c08-2c3c-45bc-ab7f-b19a657e57f0:192.168.5.130:39322, bf9845cc-5491-4380-971d-60a5c36fd440:192.168.5.130:40791] returns group-8A5A189D8196:java.util.concurrent.CompletableFuture@78a028e[Not completed]
2019-09-17 13:41:49,721 [pool-47-thread-1] INFO  server.RaftServerConfigKeys (ConfUtils.java:logGet(43)) - raft.server.sleep.deviation.threshold = 300 (default)
2019-09-17 13:41:49,722 [pool-47-thread-1] INFO  server.RaftServerConfigKeys (ConfUtils.java:logGet(43)) - raft.server.log.appender.install.snapshot.enabled = false (custom)
2019-09-17 13:41:49,722 [pool-47-thread-1] INFO  impl.RaftServerImpl (ServerState.java:<init>(103)) - bf9845cc-5491-4380-971d-60a5c36fd440@group-8A5A189D8196: ConfigurationManager, init=-1: [73c69e8a-9bd3-45ee-8ac9-6e361d860e2f:192.168.5.130:33300, 235b1c08-2c3c-45bc-ab7f-b19a657e57f0:192.168.5.130:39322, bf9845cc-5491-4380-971d-60a5c36fd440:192.168.5.130:40791], old=null, confs=<EMPTY_MAP>
2019-09-17 13:41:49,722 [pool-47-thread-1] INFO  server.RaftServerConfigKeys (ConfUtils.java:logGet(43)) - raft.server.storage.dir = [/tmp/workdir/hadoop-ozone/tools/target/test-dir/MiniOzoneClusterImpl-5c3156a5-1eb5-4435-9faa-bd301b5c4b00/datanode-2/data/ratis] (custom)
2019-09-17 13:41:49,722 [pool-47-thread-1] INFO  storage.RaftStorageDirectory (RaftStorageDirectory.java:analyzeStorage(246)) - The storage directory /tmp/workdir/hadoop-ozone/tools/target/test-dir/MiniOzoneClusterImpl-5c3156a5-1eb5-4435-9faa-bd301b5c4b00/datanode-2/data/ratis/035cdd69-bb9b-4d06-9aec-8a5a189d8196 does not exist. Creating ...
2019-09-17 13:41:49,722 [pool-37-thread-1] INFO  impl.RaftServerImpl (RaftServerImpl.java:<init>(95)) - 235b1c08-2c3c-45bc-ab7f-b19a657e57f0: new RaftServerImpl for group-8A5A189D8196:[73c69e8a-9bd3-45ee-8ac9-6e361d860e2f:192.168.5.130:33300, 235b1c08-2c3c-45bc-ab7f-b19a657e57f0:192.168.5.130:39322, bf9845cc-5491-4380-971d-60a5c36fd440:192.168.5.130:40791] with ContainerStateMachine:uninitialized
2019-09-17 13:41:49,723 [pool-37-thread-1] INFO  server.RaftServerConfigKeys (ConfUtils.java:logGet(43)) - raft.server.rpc.timeout.min = 5s (custom)
2019-09-17 13:41:49,723 [pool-37-thread-1] INFO  server.RaftServerConfigKeys (ConfUtils.java:logGet(43)) - raft.server.rpc.timeout.max = 5200ms (custom)
2019-09-17 13:41:49,723 [pool-37-thread-1] INFO  server.RaftServerConfigKeys (ConfUtils.java:logGet(43)) - raft.server.rpcslowness.timeout = 120s (custom)
2019-09-17 13:41:49,723 [pool-37-thread-1] INFO  server.RaftServerConfigKeys (ConfUtils.java:logGet(43)) - raft.server.sleep.deviation.threshold = 300 (default)
2019-09-17 13:41:49,723 [pool-37-thread-1] INFO  server.RaftServerConfigKeys (ConfUtils.java:logGet(43)) - raft.server.log.appender.install.snapshot.enabled = false (custom)
2019-09-17 13:41:49,724 [pool-37-thread-1] INFO  impl.RaftServerImpl (ServerState.java:<init>(103)) - 235b1c08-2c3c-45bc-ab7f-b19a657e57f0@group-8A5A189D8196: ConfigurationManager, init=-1: [73c69e8a-9bd3-45ee-8ac9-6e361d860e2f:192.168.5.130:33300, 235b1c08-2c3c-45bc-ab7f-b19a657e57f0:192.168.5.130:39322, bf9845cc-5491-4380-971d-60a5c36fd440:192.168.5.130:40791], old=null, confs=<EMPTY_MAP>
2019-09-17 13:41:49,724 [pool-27-thread-1] INFO  impl.RaftServerImpl (RaftServerImpl.java:<init>(95)) - 73c69e8a-9bd3-45ee-8ac9-6e361d860e2f: new RaftServerImpl for group-8A5A189D8196:[73c69e8a-9bd3-45ee-8ac9-6e361d860e2f:192.168.5.130:33300, 235b1c08-2c3c-45bc-ab7f-b19a657e57f0:192.168.5.130:39322, bf9845cc-5491-4380-971d-60a5c36fd440:192.168.5.130:40791] with ContainerStateMachine:uninitialized
2019-09-17 13:41:49,724 [pool-37-thread-1] INFO  server.RaftServerConfigKeys (ConfUtils.java:logGet(43)) - raft.server.storage.dir = [/tmp/workdir/hadoop-ozone/tools/target/test-dir/MiniOzoneClusterImpl-5c3156a5-1eb5-4435-9faa-bd301b5c4b00/datanode-1/data/ratis] (custom)
2019-09-17 13:41:49,724 [pool-27-thread-1] INFO  server.RaftServerConfigKeys (ConfUtils.java:logGet(43)) - raft.server.rpc.timeout.min = 5s (custom)
2019-09-17 13:41:49,724 [pool-27-thread-1] INFO  server.RaftServerConfigKeys (ConfUtils.java:logGet(43)) - raft.server.rpc.timeout.max = 5200ms (custom)
2019-09-17 13:41:49,724 [pool-37-thread-1] INFO  storage.RaftStorageDirectory (RaftStorageDirectory.java:analyzeStorage(246)) - The storage directory /tmp/workdir/hadoop-ozone/tools/target/test-dir/MiniOzoneClusterImpl-5c3156a5-1eb5-4435-9faa-bd301b5c4b00/datanode-1/data/ratis/035cdd69-bb9b-4d06-9aec-8a5a189d8196 does not exist. Creating ...
2019-09-17 13:41:49,724 [pool-27-thread-1] INFO  server.RaftServerConfigKeys (ConfUtils.java:logGet(43)) - raft.server.rpcslowness.timeout = 120s (custom)
2019-09-17 13:41:49,725 [pool-27-thread-1] INFO  server.RaftServerConfigKeys (ConfUtils.java:logGet(43)) - raft.server.sleep.deviation.threshold = 300 (default)
2019-09-17 13:41:49,725 [pool-27-thread-1] INFO  server.RaftServerConfigKeys (ConfUtils.java:logGet(43)) - raft.server.log.appender.install.snapshot.enabled = false (custom)
2019-09-17 13:41:49,725 [pool-27-thread-1] INFO  impl.RaftServerImpl (ServerState.java:<init>(103)) - 73c69e8a-9bd3-45ee-8ac9-6e361d860e2f@group-8A5A189D8196: ConfigurationManager, init=-1: [73c69e8a-9bd3-45ee-8ac9-6e361d860e2f:192.168.5.130:33300, 235b1c08-2c3c-45bc-ab7f-b19a657e57f0:192.168.5.130:39322, bf9845cc-5491-4380-971d-60a5c36fd440:192.168.5.130:40791], old=null, confs=<EMPTY_MAP>
2019-09-17 13:41:49,725 [pool-27-thread-1] INFO  server.RaftServerConfigKeys (ConfUtils.java:logGet(43)) - raft.server.storage.dir = [/tmp/workdir/hadoop-ozone/tools/target/test-dir/MiniOzoneClusterImpl-5c3156a5-1eb5-4435-9faa-bd301b5c4b00/datanode-0/data/ratis] (custom)
2019-09-17 13:41:49,726 [pool-27-thread-1] INFO  storage.RaftStorageDirectory (RaftStorageDirectory.java:analyzeStorage(246)) - The storage directory /tmp/workdir/hadoop-ozone/tools/target/test-dir/MiniOzoneClusterImpl-5c3156a5-1eb5-4435-9faa-bd301b5c4b00/datanode-0/data/ratis/035cdd69-bb9b-4d06-9aec-8a5a189d8196 does not exist. Creating ...
2019-09-17 13:41:49,757 [pool-27-thread-1] INFO  storage.RaftStorageDirectory (RaftStorageDirectory.java:tryLock(328)) - Lock on /tmp/workdir/hadoop-ozone/tools/target/test-dir/MiniOzoneClusterImpl-5c3156a5-1eb5-4435-9faa-bd301b5c4b00/datanode-0/data/ratis/035cdd69-bb9b-4d06-9aec-8a5a189d8196/in_use.lock acquired by nodename 8806@pr-hdds-2136-chhj8-2666454444
2019-09-17 13:41:49,757 [pool-37-thread-1] INFO  storage.RaftStorageDirectory (RaftStorageDirectory.java:tryLock(328)) - Lock on /tmp/workdir/hadoop-ozone/tools/target/test-dir/MiniOzoneClusterImpl-5c3156a5-1eb5-4435-9faa-bd301b5c4b00/datanode-1/data/ratis/035cdd69-bb9b-4d06-9aec-8a5a189d8196/in_use.lock acquired by nodename 8806@pr-hdds-2136-chhj8-2666454444
2019-09-17 13:41:49,757 [pool-47-thread-1] INFO  storage.RaftStorageDirectory (RaftStorageDirectory.java:tryLock(328)) - Lock on /tmp/workdir/hadoop-ozone/tools/target/test-dir/MiniOzoneClusterImpl-5c3156a5-1eb5-4435-9faa-bd301b5c4b00/datanode-2/data/ratis/035cdd69-bb9b-4d06-9aec-8a5a189d8196/in_use.lock acquired by nodename 8806@pr-hdds-2136-chhj8-2666454444
2019-09-17 13:41:49,807 [pool-47-thread-1] INFO  storage.RaftStorage (RaftStorage.java:format(72)) - Storage directory /tmp/workdir/hadoop-ozone/tools/target/test-dir/MiniOzoneClusterImpl-5c3156a5-1eb5-4435-9faa-bd301b5c4b00/datanode-2/data/ratis/035cdd69-bb9b-4d06-9aec-8a5a189d8196 has been successfully formatted.
2019-09-17 13:41:49,807 [pool-37-thread-1] INFO  storage.RaftStorage (RaftStorage.java:format(72)) - Storage directory /tmp/workdir/hadoop-ozone/tools/target/test-dir/MiniOzoneClusterImpl-5c3156a5-1eb5-4435-9faa-bd301b5c4b00/datanode-1/data/ratis/035cdd69-bb9b-4d06-9aec-8a5a189d8196 has been successfully formatted.
2019-09-17 13:41:49,807 [pool-27-thread-1] INFO  storage.RaftStorage (RaftStorage.java:format(72)) - Storage directory /tmp/workdir/hadoop-ozone/tools/target/test-dir/MiniOzoneClusterImpl-5c3156a5-1eb5-4435-9faa-bd301b5c4b00/datanode-0/data/ratis/035cdd69-bb9b-4d06-9aec-8a5a189d8196 has been successfully formatted.
2019-09-17 13:41:49,808 [pool-47-thread-1] INFO  ratis.ContainerStateMachine (ContainerStateMachine.java:loadSnapshot(230)) - group-8A5A189D8196: The snapshot info is null. Setting the last applied indexto:(t:0, i:~)
2019-09-17 13:41:49,808 [pool-37-thread-1] INFO  ratis.ContainerStateMachine (ContainerStateMachine.java:loadSnapshot(230)) - group-8A5A189D8196: The snapshot info is null. Setting the last applied indexto:(t:0, i:~)
2019-09-17 13:41:49,808 [pool-47-thread-1] INFO  server.RaftServerConfigKeys (ConfUtils.java:logGet(43)) - raft.server.notification.no-leader.timeout = 120s (custom)
2019-09-17 13:41:49,808 [pool-27-thread-1] INFO  ratis.ContainerStateMachine (ContainerStateMachine.java:loadSnapshot(230)) - group-8A5A189D8196: The snapshot info is null. Setting the last applied indexto:(t:0, i:~)
2019-09-17 13:41:49,810 [pool-47-thread-1] INFO  server.RaftServerConfigKeys (ConfUtils.java:logGet(43)) - raft.server.log.use.memory = false (default)
2019-09-17 13:41:49,809 [pool-37-thread-1] INFO  server.RaftServerConfigKeys (ConfUtils.java:logGet(43)) - raft.server.notification.no-leader.timeout = 120s (custom)
2019-09-17 13:41:49,815 [pool-47-thread-1] INFO  server.RaftServerConfigKeys (ConfUtils.java:logGet(43)) - raft.server.log.purge.gap = 1000000 (custom)
2019-09-17 13:41:49,814 [pool-27-thread-1] INFO  server.RaftServerConfigKeys (ConfUtils.java:logGet(43)) - raft.server.notification.no-leader.timeout = 120s (custom)
2019-09-17 13:41:49,815 [pool-47-thread-1] INFO  server.RaftServerConfigKeys (ConfUtils.java:logGet(43)) - raft.server.log.appender.buffer.byte-limit = 33554432 (custom)
2019-09-17 13:41:49,815 [pool-37-thread-1] INFO  server.RaftServerConfigKeys (ConfUtils.java:logGet(43)) - raft.server.log.use.memory = false (default)
2019-09-17 13:41:49,816 [pool-47-thread-1] INFO  server.RaftServerConfigKeys (ConfUtils.java:logGet(43)) - raft.server.log.segment.size.max = 1048576 (custom)
2019-09-17 13:41:49,815 [pool-27-thread-1] INFO  server.RaftServerConfigKeys (ConfUtils.java:logGet(43)) - raft.server.log.use.memory = false (default)
2019-09-17 13:41:49,816 [pool-47-thread-1] INFO  server.RaftServerConfigKeys (ConfUtils.java:logGet(43)) - raft.server.log.segment.cache.num.max = 2 (custom)
2019-09-17 13:41:49,816 [pool-37-thread-1] INFO  server.RaftServerConfigKeys (ConfUtils.java:logGet(43)) - raft.server.log.purge.gap = 1000000 (custom)
2019-09-17 13:41:49,817 [pool-47-thread-1] INFO  segmented.SegmentedRaftLogWorker (SegmentedRaftLogWorker.java:<init>(172)) - new bf9845cc-5491-4380-971d-60a5c36fd440@group-8A5A189D8196-SegmentedRaftLogWorker for RaftStorage:Storage Directory /tmp/workdir/hadoop-ozone/tools/target/test-dir/MiniOzoneClusterImpl-5c3156a5-1eb5-4435-9faa-bd301b5c4b00/datanode-2/data/ratis/035cdd69-bb9b-4d06-9aec-8a5a189d8196
2019-09-17 13:41:49,816 [pool-27-thread-1] INFO  server.RaftServerConfigKeys (ConfUtils.java:logGet(43)) - raft.server.log.purge.gap = 1000000 (custom)
2019-09-17 13:41:49,817 [pool-47-thread-1] INFO  server.RaftServerConfigKeys (ConfUtils.java:logGet(43)) - raft.server.log.queue.byte-limit = 2147483647 (custom)
2019-09-17 13:41:49,817 [pool-37-thread-1] INFO  server.RaftServerConfigKeys (ConfUtils.java:logGet(43)) - raft.server.log.appender.buffer.byte-limit = 33554432 (custom)
2019-09-17 13:41:49,817 [pool-47-thread-1] INFO  server.RaftServerConfigKeys (ConfUtils.java:logGet(43)) - raft.server.log.queue.element-limit = 1024 (custom)
2019-09-17 13:41:49,817 [pool-27-thread-1] INFO  server.RaftServerConfigKeys (ConfUtils.java:logGet(43)) - raft.server.log.appender.buffer.byte-limit = 33554432 (custom)
2019-09-17 13:41:49,818 [pool-47-thread-1] INFO  server.RaftServerConfigKeys (ConfUtils.java:logGet(43)) - raft.server.log.segment.size.max = 1048576 (custom)
2019-09-17 13:41:49,818 [pool-37-thread-1] INFO  server.RaftServerConfigKeys (ConfUtils.java:logGet(43)) - raft.server.log.segment.size.max = 1048576 (custom)
2019-09-17 13:41:49,818 [pool-47-thread-1] INFO  server.RaftServerConfigKeys (ConfUtils.java:logGet(43)) - raft.server.log.preallocated.size = 16384 (custom)
2019-09-17 13:41:49,818 [pool-27-thread-1] INFO  server.RaftServerConfigKeys (ConfUtils.java:logGet(43)) - raft.server.log.segment.size.max = 1048576 (custom)
2019-09-17 13:41:49,818 [pool-47-thread-1] INFO  server.RaftServerConfigKeys (ConfUtils.java:logGet(43)) - raft.server.log.write.buffer.size = 33554432 (custom)
2019-09-17 13:41:49,818 [pool-37-thread-1] INFO  server.RaftServerConfigKeys (ConfUtils.java:logGet(43)) - raft.server.log.segment.cache.num.max = 2 (custom)
2019-09-17 13:41:49,819 [pool-47-thread-1] INFO  server.RaftServerConfigKeys (ConfUtils.java:logGet(43)) - raft.server.log.force.sync.num = 128 (default)
2019-09-17 13:41:49,819 [pool-27-thread-1] INFO  server.RaftServerConfigKeys (ConfUtils.java:logGet(43)) - raft.server.log.segment.cache.num.max = 2 (custom)
2019-09-17 13:41:49,819 [pool-47-thread-1] INFO  server.RaftServerConfigKeys (ConfUtils.java:logGet(43)) - raft.server.log.statemachine.data.sync = true (default)
2019-09-17 13:41:49,819 [pool-37-thread-1] INFO  segmented.SegmentedRaftLogWorker (SegmentedRaftLogWorker.java:<init>(172)) - new 235b1c08-2c3c-45bc-ab7f-b19a657e57f0@group-8A5A189D8196-SegmentedRaftLogWorker for RaftStorage:Storage Directory /tmp/workdir/hadoop-ozone/tools/target/test-dir/MiniOzoneClusterImpl-5c3156a5-1eb5-4435-9faa-bd301b5c4b00/datanode-1/data/ratis/035cdd69-bb9b-4d06-9aec-8a5a189d8196
2019-09-17 13:41:49,820 [pool-47-thread-1] INFO  server.RaftServerConfigKeys (ConfUtils.java:logGet(43)) - raft.server.log.statemachine.data.sync.timeout = 10s (default)
2019-09-17 13:41:49,819 [pool-27-thread-1] INFO  segmented.SegmentedRaftLogWorker (SegmentedRaftLogWorker.java:<init>(172)) - new 73c69e8a-9bd3-45ee-8ac9-6e361d860e2f@group-8A5A189D8196-SegmentedRaftLogWorker for RaftStorage:Storage Directory /tmp/workdir/hadoop-ozone/tools/target/test-dir/MiniOzoneClusterImpl-5c3156a5-1eb5-4435-9faa-bd301b5c4b00/datanode-0/data/ratis/035cdd69-bb9b-4d06-9aec-8a5a189d8196
2019-09-17 13:41:49,820 [pool-47-thread-1] INFO  server.RaftServerConfigKeys (ConfUtils.java:logGet(43)) - raft.server.log.statemachine.data.sync.timeout.retry = -1 (default)
2019-09-17 13:41:49,820 [pool-37-thread-1] INFO  server.RaftServerConfigKeys (ConfUtils.java:logGet(43)) - raft.server.log.queue.byte-limit = 2147483647 (custom)
2019-09-17 13:41:49,820 [pool-47-thread-1] INFO  server.RaftServerConfigKeys (ConfUtils.java:logGet(43)) - raft.server.log.statemachine.data.caching.enabled = true (custom)
2019-09-17 13:41:49,820 [pool-27-thread-1] INFO  server.RaftServerConfigKeys (ConfUtils.java:logGet(43)) - raft.server.log.queue.byte-limit = 2147483647 (custom)
2019-09-17 13:41:49,821 [pool-37-thread-1] INFO  server.RaftServerConfigKeys (ConfUtils.java:logGet(43)) - raft.server.log.queue.element-limit = 1024 (custom)
2019-09-17 13:41:49,821 [pool-47-thread-1] INFO  segmented.SegmentedRaftLogWorker (SegmentedRaftLogWorker.java:lambda$new$0(132)) - bf9845cc-5491-4380-971d-60a5c36fd440@group-8A5A189D8196-SegmentedRaftLogWorker: flushIndex: setUnconditionally 0 -> -1
2019-09-17 13:41:49,821 [pool-27-thread-1] INFO  server.RaftServerConfigKeys (ConfUtils.java:logGet(43)) - raft.server.log.queue.element-limit = 1024 (custom)
2019-09-17 13:41:49,821 [pool-37-thread-1] INFO  server.RaftServerConfigKeys (ConfUtils.java:logGet(43)) - raft.server.log.segment.size.max = 1048576 (custom)
2019-09-17 13:41:49,821 [pool-47-thread-1] INFO  server.RaftServerConfigKeys (ConfUtils.java:logGet(43)) - raft.server.snapshot.auto.trigger.enabled = true (custom)
2019-09-17 13:41:49,821 [pool-27-thread-1] INFO  server.RaftServerConfigKeys (ConfUtils.java:logGet(43)) - raft.server.log.segment.size.max = 1048576 (custom)
2019-09-17 13:41:49,822 [pool-47-thread-1] INFO  server.RaftServerConfigKeys (ConfUtils.java:logGet(43)) - raft.server.snapshot.auto.trigger.threshold = 10000 (custom)
2019-09-17 13:41:49,821 [pool-37-thread-1] INFO  server.RaftServerConfigKeys (ConfUtils.java:logGet(43)) - raft.server.log.preallocated.size = 16384 (custom)
2019-09-17 13:41:49,822 [pool-47-thread-1] INFO  server.RaftServerConfigKeys (ConfUtils.java:logGet(43)) - raft.server.snapshot.retention.num.files = 5 (custom)
2019-09-17 13:41:49,822 [pool-27-thread-1] INFO  server.RaftServerConfigKeys (ConfUtils.java:logGet(43)) - raft.server.log.preallocated.size = 16384 (custom)
2019-09-17 13:41:49,822 [pool-37-thread-1] INFO  server.RaftServerConfigKeys (ConfUtils.java:logGet(43)) - raft.server.log.write.buffer.size = 33554432 (custom)
2019-09-17 13:41:49,823 [pool-27-thread-1] INFO  server.RaftServerConfigKeys (ConfUtils.java:logGet(43)) - raft.server.log.write.buffer.size = 33554432 (custom)
2019-09-17 13:41:49,822 [pool-47-thread-1] INFO  server.RaftServerConfigKeys (ConfUtils.java:logGet(43)) - raft.server.retrycache.expirytime = 600000ms (custom)
2019-09-17 13:41:49,823 [pool-27-thread-1] INFO  server.RaftServerConfigKeys (ConfUtils.java:logGet(43)) - raft.server.log.force.sync.num = 128 (default)
2019-09-17 13:41:49,823 [pool-37-thread-1] INFO  server.RaftServerConfigKeys (ConfUtils.java:logGet(43)) - raft.server.log.force.sync.num = 128 (default)
2019-09-17 13:41:49,823 [pool-27-thread-1] INFO  server.RaftServerConfigKeys (ConfUtils.java:logGet(43)) - raft.server.log.statemachine.data.sync = true (default)
2019-09-17 13:41:49,823 [pool-37-thread-1] INFO  server.RaftServerConfigKeys (ConfUtils.java:logGet(43)) - raft.server.log.statemachine.data.sync = true (default)
2019-09-17 13:41:49,823 [pool-27-thread-1] INFO  server.RaftServerConfigKeys (ConfUtils.java:logGet(43)) - raft.server.log.statemachine.data.sync.timeout = 10s (default)
2019-09-17 13:41:49,824 [pool-37-thread-1] INFO  server.RaftServerConfigKeys (ConfUtils.java:logGet(43)) - raft.server.log.statemachine.data.sync.timeout = 10s (default)
2019-09-17 13:41:49,824 [pool-27-thread-1] INFO  server.RaftServerConfigKeys (ConfUtils.java:logGet(43)) - raft.server.log.statemachine.data.sync.timeout.retry = -1 (default)
2019-09-17 13:41:49,824 [pool-37-thread-1] INFO  server.RaftServerConfigKeys (ConfUtils.java:logGet(43)) - raft.server.log.statemachine.data.sync.timeout.retry = -1 (default)
2019-09-17 13:41:49,824 [pool-27-thread-1] INFO  server.RaftServerConfigKeys (ConfUtils.java:logGet(43)) - raft.server.log.statemachine.data.caching.enabled = true (custom)
2019-09-17 13:41:49,824 [pool-37-thread-1] INFO  server.RaftServerConfigKeys (ConfUtils.java:logGet(43)) - raft.server.log.statemachine.data.caching.enabled = true (custom)
2019-09-17 13:41:49,825 [pool-27-thread-1] INFO  segmented.SegmentedRaftLogWorker (SegmentedRaftLogWorker.java:lambda$new$0(132)) - 73c69e8a-9bd3-45ee-8ac9-6e361d860e2f@group-8A5A189D8196-SegmentedRaftLogWorker: flushIndex: setUnconditionally 0 -> -1
2019-09-17 13:41:49,825 [pool-37-thread-1] INFO  segmented.SegmentedRaftLogWorker (SegmentedRaftLogWorker.java:lambda$new$0(132)) - 235b1c08-2c3c-45bc-ab7f-b19a657e57f0@group-8A5A189D8196-SegmentedRaftLogWorker: flushIndex: setUnconditionally 0 -> -1
2019-09-17 13:41:49,825 [pool-27-thread-1] INFO  server.RaftServerConfigKeys (ConfUtils.java:logGet(43)) - raft.server.snapshot.auto.trigger.enabled = true (custom)
2019-09-17 13:41:49,825 [pool-27-thread-1] INFO  server.RaftServerConfigKeys (ConfUtils.java:logGet(43)) - raft.server.snapshot.auto.trigger.threshold = 10000 (custom)
2019-09-17 13:41:49,825 [pool-37-thread-1] INFO  server.RaftServerConfigKeys (ConfUtils.java:logGet(43)) - raft.server.snapshot.auto.trigger.enabled = true (custom)
2019-09-17 13:41:49,825 [pool-27-thread-1] INFO  server.RaftServerConfigKeys (ConfUtils.java:logGet(43)) - raft.server.snapshot.retention.num.files = 5 (custom)
2019-09-17 13:41:49,826 [pool-37-thread-1] INFO  server.RaftServerConfigKeys (ConfUtils.java:logGet(43)) - raft.server.snapshot.auto.trigger.threshold = 10000 (custom)
2019-09-17 13:41:49,826 [pool-27-thread-1] INFO  server.RaftServerConfigKeys (ConfUtils.java:logGet(43)) - raft.server.retrycache.expirytime = 600000ms (custom)
2019-09-17 13:41:49,826 [pool-37-thread-1] INFO  server.RaftServerConfigKeys (ConfUtils.java:logGet(43)) - raft.server.snapshot.retention.num.files = 5 (custom)
2019-09-17 13:41:49,826 [pool-37-thread-1] INFO  server.RaftServerConfigKeys (ConfUtils.java:logGet(43)) - raft.server.retrycache.expirytime = 600000ms (custom)
2019-09-17 13:41:49,828 [pool-47-thread-1] INFO  impl.RaftServerImpl (RaftServerImpl.java:start(185)) - bf9845cc-5491-4380-971d-60a5c36fd440@group-8A5A189D8196: start as a follower, conf=-1: [73c69e8a-9bd3-45ee-8ac9-6e361d860e2f:192.168.5.130:33300, 235b1c08-2c3c-45bc-ab7f-b19a657e57f0:192.168.5.130:39322, bf9845cc-5491-4380-971d-60a5c36fd440:192.168.5.130:40791], old=null
2019-09-17 13:41:49,828 [pool-47-thread-1] INFO  impl.RaftServerImpl (RaftServerImpl.java:setRole(174)) - bf9845cc-5491-4380-971d-60a5c36fd440@group-8A5A189D8196: changes role from      null to FOLLOWER at term 0 for startAsFollower
2019-09-17 13:41:49,828 [pool-47-thread-1] INFO  impl.RoleInfo (RoleInfo.java:updateAndGet(143)) - bf9845cc-5491-4380-971d-60a5c36fd440: start FollowerState
2019-09-17 13:41:49,829 [pool-47-thread-1] INFO  util.JmxRegister (JmxRegister.java:tryRegister(44)) - Successfully registered JMX Bean with object name Ratis:service=RaftServer,group=group-8A5A189D8196,id=bf9845cc-5491-4380-971d-60a5c36fd440
2019-09-17 13:41:49,835 [pool-27-thread-1] INFO  impl.RaftServerImpl (RaftServerImpl.java:start(185)) - 73c69e8a-9bd3-45ee-8ac9-6e361d860e2f@group-8A5A189D8196: start as a follower, conf=-1: [73c69e8a-9bd3-45ee-8ac9-6e361d860e2f:192.168.5.130:33300, 235b1c08-2c3c-45bc-ab7f-b19a657e57f0:192.168.5.130:39322, bf9845cc-5491-4380-971d-60a5c36fd440:192.168.5.130:40791], old=null
2019-09-17 13:41:49,835 [pool-27-thread-1] INFO  impl.RaftServerImpl (RaftServerImpl.java:setRole(174)) - 73c69e8a-9bd3-45ee-8ac9-6e361d860e2f@group-8A5A189D8196: changes role from      null to FOLLOWER at term 0 for startAsFollower
2019-09-17 13:41:49,837 [pool-27-thread-1] INFO  impl.RoleInfo (RoleInfo.java:updateAndGet(143)) - 73c69e8a-9bd3-45ee-8ac9-6e361d860e2f: start FollowerState
2019-09-17 13:41:49,837 [pool-37-thread-1] INFO  impl.RaftServerImpl (RaftServerImpl.java:start(185)) - 235b1c08-2c3c-45bc-ab7f-b19a657e57f0@group-8A5A189D8196: start as a follower, conf=-1: [73c69e8a-9bd3-45ee-8ac9-6e361d860e2f:192.168.5.130:33300, 235b1c08-2c3c-45bc-ab7f-b19a657e57f0:192.168.5.130:39322, bf9845cc-5491-4380-971d-60a5c36fd440:192.168.5.130:40791], old=null
2019-09-17 13:41:49,838 [pool-37-thread-1] INFO  impl.RaftServerImpl (RaftServerImpl.java:setRole(174)) - 235b1c08-2c3c-45bc-ab7f-b19a657e57f0@group-8A5A189D8196: changes role from      null to FOLLOWER at term 0 for startAsFollower
2019-09-17 13:41:49,838 [pool-27-thread-1] INFO  util.JmxRegister (JmxRegister.java:tryRegister(44)) - Successfully registered JMX Bean with object name Ratis:service=RaftServer,group=group-8A5A189D8196,id=73c69e8a-9bd3-45ee-8ac9-6e361d860e2f
2019-09-17 13:41:49,839 [pool-37-thread-1] INFO  impl.RoleInfo (RoleInfo.java:updateAndGet(143)) - 235b1c08-2c3c-45bc-ab7f-b19a657e57f0: start FollowerState
2019-09-17 13:41:49,841 [pool-37-thread-1] INFO  util.JmxRegister (JmxRegister.java:tryRegister(44)) - Successfully registered JMX Bean with object name Ratis:service=RaftServer,group=group-8A5A189D8196,id=235b1c08-2c3c-45bc-ab7f-b19a657e57f0
2019-09-17 13:41:49,857 [RatisPipelineUtilsThread] INFO  pipeline.PipelineStateManager (PipelineStateManager.java:addPipeline(56)) - Created pipeline Pipeline[ Id: 035cdd69-bb9b-4d06-9aec-8a5a189d8196, Nodes: bf9845cc-5491-4380-971d-60a5c36fd440{ip: 192.168.5.130, host: pr-hdds-2136-chhj8-2666454444, networkLocation: /default-rack, certSerialId: null}73c69e8a-9bd3-45ee-8ac9-6e361d860e2f{ip: 192.168.5.130, host: pr-hdds-2136-chhj8-2666454444, networkLocation: /default-rack, certSerialId: null}235b1c08-2c3c-45bc-ab7f-b19a657e57f0{ip: 192.168.5.130, host: pr-hdds-2136-chhj8-2666454444, networkLocation: /default-rack, certSerialId: null}, Type:RATIS, Factor:THREE, State:OPEN]
2019-09-17 13:41:50,125 [main] INFO  freon.RandomKeyGenerator (RandomKeyGenerator.java:call(283)) - Number of Threads: 10
2019-09-17 13:41:50,126 [main] INFO  freon.RandomKeyGenerator (RandomKeyGenerator.java:call(288)) - Number of Volumes: 1.
2019-09-17 13:41:50,126 [main] INFO  freon.RandomKeyGenerator (RandomKeyGenerator.java:call(289)) - Number of Buckets per Volume: 1.
2019-09-17 13:41:50,127 [main] INFO  freon.RandomKeyGenerator (RandomKeyGenerator.java:call(290)) - Number of Keys per Bucket: 1.
2019-09-17 13:41:50,127 [main] INFO  freon.RandomKeyGenerator (RandomKeyGenerator.java:call(291)) - Key size: 20971520 bytes
2019-09-17 13:41:50,127 [main] INFO  freon.RandomKeyGenerator (RandomKeyGenerator.java:call(292)) - Buffer size: 4096 bytes
2019-09-17 13:41:50,127 [main] INFO  freon.RandomKeyGenerator (RandomKeyGenerator.java:call(293)) - validateWrites : false
2019-09-17 13:41:50,134 [main] INFO  freon.RandomKeyGenerator (RandomKeyGenerator.java:call(313)) - Starting progress bar Thread.

 0.00% |█                                                                                                    |  0/1 Time: 0:00:002019-09-17 13:41:50,169 [pool-73-thread-1] INFO  rpc.RpcClient (RpcClient.java:createVolume(302)) - Creating Volume: vol-0-41570, with jenkins1000 as owner.
2019-09-17 13:41:50,305 [IPC Server handler 1 on 32889] INFO  volume.OMVolumeCreateRequest (OMVolumeCreateRequest.java:validateAndUpdateCache(189)) - created volume:vol-0-41570 for user:jenkins1000
2019-09-17 13:41:50,368 [pool-73-thread-2] INFO  rpc.RpcClient (RpcClient.java:createBucket(441)) - Creating Bucket: vol-0-41570/bucket-0-01070, with Versioning false and Storage Type set to DISK and Encryption set to false 
2019-09-17 13:41:51,103 [pool-73-thread-3] INFO  impl.MetricsSystemImpl (MetricsSystemImpl.java:init(158)) - XceiverClientMetrics metrics system started (again)
 0.00% |█                                                                                                    |  0/1 Time: 0:00:012019-09-17 13:41:51,225 [Thread-208] INFO  container.ReplicationManager (ReplicationManager.java:start(162)) - Starting Replication Monitor Thread.
2019-09-17 13:41:51,229 [ReplicationMonitor] INFO  container.ReplicationManager (ReplicationManager.java:run(225)) - Replication Monitor Thread took 1 milliseconds for processing 3 containers.
2019-09-17 13:41:51,243 [grpc-default-executor-2] INFO  client.GrpcClientProtocolClient (GrpcClientProtocolClient.java:onNext(264)) - client-81120FDD4B4A->bf9845cc-5491-4380-971d-60a5c36fd440: receive RaftClientReply:client-81120FDD4B4A->bf9845cc-5491-4380-971d-60a5c36fd440@group-8A5A189D8196, cid=8, FAILED org.apache.ratis.protocol.NotLeaderException: Server bf9845cc-5491-4380-971d-60a5c36fd440@group-8A5A189D8196 is not the leader, logIndex=0, commits[bf9845cc-5491-4380-971d-60a5c36fd440:c-1]
 0.00% |█                                                                                                    |  0/1 Time: 0:00:022019-09-17 13:41:52,298 [grpc-default-executor-0] INFO  client.GrpcClientProtocolClient (GrpcClientProtocolClient.java:onNext(264)) - client-81120FDD4B4A->73c69e8a-9bd3-45ee-8ac9-6e361d860e2f: receive RaftClientReply:client-81120FDD4B4A->73c69e8a-9bd3-45ee-8ac9-6e361d860e2f@group-8A5A189D8196, cid=8, FAILED org.apache.ratis.protocol.NotLeaderException: Server 73c69e8a-9bd3-45ee-8ac9-6e361d860e2f@group-8A5A189D8196 is not the leader, logIndex=0, commits[73c69e8a-9bd3-45ee-8ac9-6e361d860e2f:c-1]
 0.00% |█                                                                                                    |  0/1 Time: 0:00:032019-09-17 13:41:53,339 [grpc-default-executor-2] INFO  client.GrpcClientProtocolClient (GrpcClientProtocolClient.java:onNext(264)) - client-81120FDD4B4A->235b1c08-2c3c-45bc-ab7f-b19a657e57f0: receive RaftClientReply:client-81120FDD4B4A->235b1c08-2c3c-45bc-ab7f-b19a657e57f0@group-8A5A189D8196, cid=8, FAILED org.apache.ratis.protocol.NotLeaderException: Server 235b1c08-2c3c-45bc-ab7f-b19a657e57f0@group-8A5A189D8196 is not the leader, logIndex=0, commits[235b1c08-2c3c-45bc-ab7f-b19a657e57f0:c-1]
 0.00% |█                                                                                                    |  0/1 Time: 0:00:042019-09-17 13:41:54,172 [Thread-210] INFO  impl.FollowerState (FollowerState.java:run(106)) - 73c69e8a-9bd3-45ee-8ac9-6e361d860e2f:group-C791A570B154 changes to CANDIDATE, lastRpcTime:5119, electionTimeout:5119ms
2019-09-17 13:41:54,174 [Thread-210] INFO  impl.RoleInfo (RoleInfo.java:shutdownFollowerState(121)) - 73c69e8a-9bd3-45ee-8ac9-6e361d860e2f: shutdown FollowerState
2019-09-17 13:41:54,175 [Thread-210] INFO  impl.RaftServerImpl (RaftServerImpl.java:setRole(174)) - 73c69e8a-9bd3-45ee-8ac9-6e361d860e2f@group-C791A570B154: changes role from  FOLLOWER to CANDIDATE at term 0 for changeToCandidate
2019-09-17 13:41:54,182 [Thread-210] INFO  impl.RoleInfo (RoleInfo.java:updateAndGet(143)) - 73c69e8a-9bd3-45ee-8ac9-6e361d860e2f: start LeaderElection
2019-09-17 13:41:54,206 [73c69e8a-9bd3-45ee-8ac9-6e361d860e2f@group-C791A570B154:LeaderElection1] INFO  impl.LeaderElection (LeaderElection.java:askForVotes(182)) - 73c69e8a-9bd3-45ee-8ac9-6e361d860e2f@group-C791A570B154:LeaderElection1: begin an election at term 1 for -1: [73c69e8a-9bd3-45ee-8ac9-6e361d860e2f:192.168.5.130:33300], old=null
2019-09-17 13:41:54,208 [73c69e8a-9bd3-45ee-8ac9-6e361d860e2f@group-C791A570B154:LeaderElection1] INFO  impl.RoleInfo (RoleInfo.java:shutdownLeaderElection(134)) - 73c69e8a-9bd3-45ee-8ac9-6e361d860e2f: shutdown LeaderElection
2019-09-17 13:41:54,208 [73c69e8a-9bd3-45ee-8ac9-6e361d860e2f@group-C791A570B154:LeaderElection1] INFO  impl.RaftServerImpl (RaftServerImpl.java:setRole(174)) - 73c69e8a-9bd3-45ee-8ac9-6e361d860e2f@group-C791A570B154: changes role from CANDIDATE to LEADER at term 1 for changeToLeader
2019-09-17 13:41:54,209 [73c69e8a-9bd3-45ee-8ac9-6e361d860e2f@group-C791A570B154:LeaderElection1] INFO  impl.RaftServerImpl (ServerState.java:setLeader(253)) - 73c69e8a-9bd3-45ee-8ac9-6e361d860e2f@group-C791A570B154: change Leader from null to 73c69e8a-9bd3-45ee-8ac9-6e361d860e2f at term 1 for becomeLeader, leader elected after 5281ms
2019-09-17 13:41:54,217 [73c69e8a-9bd3-45ee-8ac9-6e361d860e2f@group-C791A570B154:LeaderElection1] INFO  server.RaftServerConfigKeys (ConfUtils.java:logGet(43)) - raft.server.staging.catchup.gap = 1000 (default)
2019-09-17 13:41:54,217 [73c69e8a-9bd3-45ee-8ac9-6e361d860e2f@group-C791A570B154:LeaderElection1] INFO  server.RaftServerConfigKeys (ConfUtils.java:logGet(43)) - raft.server.rpc.sleep.time = 25ms (default)
2019-09-17 13:41:54,220 [73c69e8a-9bd3-45ee-8ac9-6e361d860e2f@group-C791A570B154:LeaderElection1] INFO  server.RaftServerConfigKeys (ConfUtils.java:logGet(43)) - raft.server.write.element-limit = 4096 (default)
2019-09-17 13:41:54,223 [73c69e8a-9bd3-45ee-8ac9-6e361d860e2f@group-C791A570B154:LeaderElection1] INFO  server.RaftServerConfigKeys (ConfUtils.java:logGet(43)) - raft.server.watch.timeout = 10s (default)
2019-09-17 13:41:54,224 [73c69e8a-9bd3-45ee-8ac9-6e361d860e2f@group-C791A570B154:LeaderElection1] INFO  server.RaftServerConfigKeys (ConfUtils.java:logGet(43)) - raft.server.watch.timeout.denomination = 1s (default)
2019-09-17 13:41:54,225 [73c69e8a-9bd3-45ee-8ac9-6e361d860e2f@group-C791A570B154:LeaderElection1] INFO  server.RaftServerConfigKeys (ConfUtils.java:logGet(43)) - raft.server.watch.element-limit = 65536 (default)
2019-09-17 13:41:54,237 [73c69e8a-9bd3-45ee-8ac9-6e361d860e2f@group-C791A570B154:LeaderElection1] INFO  impl.RoleInfo (RoleInfo.java:updateAndGet(143)) - 73c69e8a-9bd3-45ee-8ac9-6e361d860e2f: start LeaderState
2019-09-17 13:41:54,269 [73c69e8a-9bd3-45ee-8ac9-6e361d860e2f@group-C791A570B154:LeaderElection1] INFO  segmented.SegmentedRaftLogWorker (SegmentedRaftLogWorker.java:startLogSegment(380)) - 73c69e8a-9bd3-45ee-8ac9-6e361d860e2f@group-C791A570B154-SegmentedRaftLogWorker: Starting segment from index:0
2019-09-17 13:41:54,279 [73c69e8a-9bd3-45ee-8ac9-6e361d860e2f@group-C791A570B154:LeaderElection1] INFO  impl.RaftServerImpl (ServerState.java:setRaftConf(354)) - 73c69e8a-9bd3-45ee-8ac9-6e361d860e2f@group-C791A570B154: set configuration 0: [73c69e8a-9bd3-45ee-8ac9-6e361d860e2f:192.168.5.130:33300], old=null at 0
2019-09-17 13:41:54,330 [Thread-213] INFO  impl.FollowerState (FollowerState.java:run(106)) - bf9845cc-5491-4380-971d-60a5c36fd440:group-AE0288AC8C02 changes to CANDIDATE, lastRpcTime:5041, electionTimeout:5040ms
2019-09-17 13:41:54,336 [Thread-213] INFO  impl.RoleInfo (RoleInfo.java:shutdownFollowerState(121)) - bf9845cc-5491-4380-971d-60a5c36fd440: shutdown FollowerState
2019-09-17 13:41:54,336 [Thread-213] INFO  impl.RaftServerImpl (RaftServerImpl.java:setRole(174)) - bf9845cc-5491-4380-971d-60a5c36fd440@group-AE0288AC8C02: changes role from  FOLLOWER to CANDIDATE at term 0 for changeToCandidate
2019-09-17 13:41:54,336 [Thread-213] INFO  impl.RoleInfo (RoleInfo.java:updateAndGet(143)) - bf9845cc-5491-4380-971d-60a5c36fd440: start LeaderElection
2019-09-17 13:41:54,358 [bf9845cc-5491-4380-971d-60a5c36fd440@group-AE0288AC8C02:LeaderElection2] INFO  impl.LeaderElection (LeaderElection.java:askForVotes(182)) - bf9845cc-5491-4380-971d-60a5c36fd440@group-AE0288AC8C02:LeaderElection2: begin an election at term 1 for -1: [bf9845cc-5491-4380-971d-60a5c36fd440:192.168.5.130:40791], old=null
2019-09-17 13:41:54,358 [bf9845cc-5491-4380-971d-60a5c36fd440@group-AE0288AC8C02:LeaderElection2] INFO  impl.RoleInfo (RoleInfo.java:shutdownLeaderElection(134)) - bf9845cc-5491-4380-971d-60a5c36fd440: shutdown LeaderElection
2019-09-17 13:41:54,358 [bf9845cc-5491-4380-971d-60a5c36fd440@group-AE0288AC8C02:LeaderElection2] INFO  impl.RaftServerImpl (RaftServerImpl.java:setRole(174)) - bf9845cc-5491-4380-971d-60a5c36fd440@group-AE0288AC8C02: changes role from CANDIDATE to LEADER at term 1 for changeToLeader
2019-09-17 13:41:54,358 [bf9845cc-5491-4380-971d-60a5c36fd440@group-AE0288AC8C02:LeaderElection2] INFO  impl.RaftServerImpl (ServerState.java:setLeader(253)) - bf9845cc-5491-4380-971d-60a5c36fd440@group-AE0288AC8C02: change Leader from null to bf9845cc-5491-4380-971d-60a5c36fd440 at term 1 for becomeLeader, leader elected after 5088ms
2019-09-17 13:41:54,359 [bf9845cc-5491-4380-971d-60a5c36fd440@group-AE0288AC8C02:LeaderElection2] INFO  server.RaftServerConfigKeys (ConfUtils.java:logGet(43)) - raft.server.staging.catchup.gap = 1000 (default)
2019-09-17 13:41:54,360 [bf9845cc-5491-4380-971d-60a5c36fd440@group-AE0288AC8C02:LeaderElection2] INFO  server.RaftServerConfigKeys (ConfUtils.java:logGet(43)) - raft.server.rpc.sleep.time = 25ms (default)
2019-09-17 13:41:54,360 [bf9845cc-5491-4380-971d-60a5c36fd440@group-AE0288AC8C02:LeaderElection2] INFO  server.RaftServerConfigKeys (ConfUtils.java:logGet(43)) - raft.server.write.element-limit = 4096 (default)
2019-09-17 13:41:54,360 [bf9845cc-5491-4380-971d-60a5c36fd440@group-AE0288AC8C02:LeaderElection2] INFO  server.RaftServerConfigKeys (ConfUtils.java:logGet(43)) - raft.server.watch.timeout = 10s (default)
2019-09-17 13:41:54,360 [bf9845cc-5491-4380-971d-60a5c36fd440@group-AE0288AC8C02:LeaderElection2] INFO  server.RaftServerConfigKeys (ConfUtils.java:logGet(43)) - raft.server.watch.timeout.denomination = 1s (default)
2019-09-17 13:41:54,360 [bf9845cc-5491-4380-971d-60a5c36fd440@group-AE0288AC8C02:LeaderElection2] INFO  server.RaftServerConfigKeys (ConfUtils.java:logGet(43)) - raft.server.watch.element-limit = 65536 (default)
2019-09-17 13:41:54,363 [bf9845cc-5491-4380-971d-60a5c36fd440@group-AE0288AC8C02:LeaderElection2] INFO  impl.RoleInfo (RoleInfo.java:updateAndGet(143)) - bf9845cc-5491-4380-971d-60a5c36fd440: start LeaderState
2019-09-17 13:41:54,363 [bf9845cc-5491-4380-971d-60a5c36fd440@group-AE0288AC8C02:LeaderElection2] INFO  segmented.SegmentedRaftLogWorker (SegmentedRaftLogWorker.java:startLogSegment(380)) - bf9845cc-5491-4380-971d-60a5c36fd440@group-AE0288AC8C02-SegmentedRaftLogWorker: Starting segment from index:0
2019-09-17 13:41:54,365 [bf9845cc-5491-4380-971d-60a5c36fd440@group-AE0288AC8C02:LeaderElection2] INFO  impl.RaftServerImpl (ServerState.java:setRaftConf(354)) - bf9845cc-5491-4380-971d-60a5c36fd440@group-AE0288AC8C02: set configuration 0: [bf9845cc-5491-4380-971d-60a5c36fd440:192.168.5.130:40791], old=null at 0
2019-09-17 13:41:54,372 [grpc-default-executor-2] INFO  client.GrpcClientProtocolClient (GrpcClientProtocolClient.java:onNext(264)) - client-81120FDD4B4A->bf9845cc-5491-4380-971d-60a5c36fd440: receive RaftClientReply:client-81120FDD4B4A->bf9845cc-5491-4380-971d-60a5c36fd440@group-8A5A189D8196, cid=8, FAILED org.apache.ratis.protocol.NotLeaderException: Server bf9845cc-5491-4380-971d-60a5c36fd440@group-8A5A189D8196 is not the leader, logIndex=0, commits[bf9845cc-5491-4380-971d-60a5c36fd440:c-1]
2019-09-17 13:41:54,494 [73c69e8a-9bd3-45ee-8ac9-6e361d860e2f@group-C791A570B154-SegmentedRaftLogWorker] INFO  segmented.SegmentedRaftLogWorker (SegmentedRaftLogWorker.java:execute(569)) - 73c69e8a-9bd3-45ee-8ac9-6e361d860e2f@group-C791A570B154-SegmentedRaftLogWorker: created new log segment /tmp/workdir/hadoop-ozone/tools/target/test-dir/MiniOzoneClusterImpl-5c3156a5-1eb5-4435-9faa-bd301b5c4b00/datanode-0/data/ratis/8b000b72-f644-4b23-90cd-c791a570b154/current/log_inprogress_0
2019-09-17 13:41:54,494 [bf9845cc-5491-4380-971d-60a5c36fd440@group-AE0288AC8C02-SegmentedRaftLogWorker] INFO  segmented.SegmentedRaftLogWorker (SegmentedRaftLogWorker.java:execute(569)) - bf9845cc-5491-4380-971d-60a5c36fd440@group-AE0288AC8C02-SegmentedRaftLogWorker: created new log segment /tmp/workdir/hadoop-ozone/tools/target/test-dir/MiniOzoneClusterImpl-5c3156a5-1eb5-4435-9faa-bd301b5c4b00/datanode-2/data/ratis/1e83e973-dba3-43f4-b33c-ae0288ac8c02/current/log_inprogress_0
2019-09-17 13:41:54,550 [Thread-216] INFO  impl.FollowerState (FollowerState.java:run(106)) - 235b1c08-2c3c-45bc-ab7f-b19a657e57f0:group-824BFD071F22 changes to CANDIDATE, lastRpcTime:5097, electionTimeout:5097ms
2019-09-17 13:41:54,553 [Thread-216] INFO  impl.RoleInfo (RoleInfo.java:shutdownFollowerState(121)) - 235b1c08-2c3c-45bc-ab7f-b19a657e57f0: shutdown FollowerState
2019-09-17 13:41:54,553 [Thread-216] INFO  impl.RaftServerImpl (RaftServerImpl.java:setRole(174)) - 235b1c08-2c3c-45bc-ab7f-b19a657e57f0@group-824BFD071F22: changes role from  FOLLOWER to CANDIDATE at term 0 for changeToCandidate
2019-09-17 13:41:54,553 [Thread-216] INFO  impl.RoleInfo (RoleInfo.java:updateAndGet(143)) - 235b1c08-2c3c-45bc-ab7f-b19a657e57f0: start LeaderElection
2019-09-17 13:41:54,578 [235b1c08-2c3c-45bc-ab7f-b19a657e57f0@group-824BFD071F22:LeaderElection3] INFO  impl.LeaderElection (LeaderElection.java:askForVotes(182)) - 235b1c08-2c3c-45bc-ab7f-b19a657e57f0@group-824BFD071F22:LeaderElection3: begin an election at term 1 for -1: [235b1c08-2c3c-45bc-ab7f-b19a657e57f0:192.168.5.130:39322], old=null
2019-09-17 13:41:54,579 [235b1c08-2c3c-45bc-ab7f-b19a657e57f0@group-824BFD071F22:LeaderElection3] INFO  impl.RoleInfo (RoleInfo.java:shutdownLeaderElection(134)) - 235b1c08-2c3c-45bc-ab7f-b19a657e57f0: shutdown LeaderElection
2019-09-17 13:41:54,580 [235b1c08-2c3c-45bc-ab7f-b19a657e57f0@group-824BFD071F22:LeaderElection3] INFO  impl.RaftServerImpl (RaftServerImpl.java:setRole(174)) - 235b1c08-2c3c-45bc-ab7f-b19a657e57f0@group-824BFD071F22: changes role from CANDIDATE to LEADER at term 1 for changeToLeader
2019-09-17 13:41:54,580 [235b1c08-2c3c-45bc-ab7f-b19a657e57f0@group-824BFD071F22:LeaderElection3] INFO  impl.RaftServerImpl (ServerState.java:setLeader(253)) - 235b1c08-2c3c-45bc-ab7f-b19a657e57f0@group-824BFD071F22: change Leader from null to 235b1c08-2c3c-45bc-ab7f-b19a657e57f0 at term 1 for becomeLeader, leader elected after 5176ms
2019-09-17 13:41:54,581 [235b1c08-2c3c-45bc-ab7f-b19a657e57f0@group-824BFD071F22:LeaderElection3] INFO  server.RaftServerConfigKeys (ConfUtils.java:logGet(43)) - raft.server.staging.catchup.gap = 1000 (default)
2019-09-17 13:41:54,581 [235b1c08-2c3c-45bc-ab7f-b19a657e57f0@group-824BFD071F22:LeaderElection3] INFO  server.RaftServerConfigKeys (ConfUtils.java:logGet(43)) - raft.server.rpc.sleep.time = 25ms (default)
2019-09-17 13:41:54,581 [235b1c08-2c3c-45bc-ab7f-b19a657e57f0@group-824BFD071F22:LeaderElection3] INFO  server.RaftServerConfigKeys (ConfUtils.java:logGet(43)) - raft.server.write.element-limit = 4096 (default)
2019-09-17 13:41:54,581 [235b1c08-2c3c-45bc-ab7f-b19a657e57f0@group-824BFD071F22:LeaderElection3] INFO  server.RaftServerConfigKeys (ConfUtils.java:logGet(43)) - raft.server.watch.timeout = 10s (default)
2019-09-17 13:41:54,582 [235b1c08-2c3c-45bc-ab7f-b19a657e57f0@group-824BFD071F22:LeaderElection3] INFO  server.RaftServerConfigKeys (ConfUtils.java:logGet(43)) - raft.server.watch.timeout.denomination = 1s (default)
2019-09-17 13:41:54,582 [235b1c08-2c3c-45bc-ab7f-b19a657e57f0@group-824BFD071F22:LeaderElection3] INFO  server.RaftServerConfigKeys (ConfUtils.java:logGet(43)) - raft.server.watch.element-limit = 65536 (default)
2019-09-17 13:41:54,585 [235b1c08-2c3c-45bc-ab7f-b19a657e57f0@group-824BFD071F22:LeaderElection3] INFO  impl.RoleInfo (RoleInfo.java:updateAndGet(143)) - 235b1c08-2c3c-45bc-ab7f-b19a657e57f0: start LeaderState
2019-09-17 13:41:54,585 [235b1c08-2c3c-45bc-ab7f-b19a657e57f0@group-824BFD071F22:LeaderElection3] INFO  segmented.SegmentedRaftLogWorker (SegmentedRaftLogWorker.java:startLogSegment(380)) - 235b1c08-2c3c-45bc-ab7f-b19a657e57f0@group-824BFD071F22-SegmentedRaftLogWorker: Starting segment from index:0
2019-09-17 13:41:54,586 [235b1c08-2c3c-45bc-ab7f-b19a657e57f0@group-824BFD071F22:LeaderElection3] INFO  impl.RaftServerImpl (ServerState.java:setRaftConf(354)) - 235b1c08-2c3c-45bc-ab7f-b19a657e57f0@group-824BFD071F22: set configuration 0: [235b1c08-2c3c-45bc-ab7f-b19a657e57f0:192.168.5.130:39322], old=null at 0
2019-09-17 13:41:54,614 [Thread-219] INFO  impl.FollowerState (FollowerState.java:run(106)) - 84a1d144-f461-48d4-8d3c-b1ed76ff1296:group-877E4F7224FF changes to CANDIDATE, lastRpcTime:5066, electionTimeout:5066ms
2019-09-17 13:41:54,614 [Thread-219] INFO  impl.RoleInfo (RoleInfo.java:shutdownFollowerState(121)) - 84a1d144-f461-48d4-8d3c-b1ed76ff1296: shutdown FollowerState
2019-09-17 13:41:54,614 [Thread-219] INFO  impl.RaftServerImpl (RaftServerImpl.java:setRole(174)) - 84a1d144-f461-48d4-8d3c-b1ed76ff1296@group-877E4F7224FF: changes role from  FOLLOWER to CANDIDATE at term 0 for changeToCandidate
2019-09-17 13:41:54,615 [Thread-219] INFO  impl.RoleInfo (RoleInfo.java:updateAndGet(143)) - 84a1d144-f461-48d4-8d3c-b1ed76ff1296: start LeaderElection
2019-09-17 13:41:54,655 [235b1c08-2c3c-45bc-ab7f-b19a657e57f0@group-824BFD071F22-SegmentedRaftLogWorker] INFO  segmented.SegmentedRaftLogWorker (SegmentedRaftLogWorker.java:execute(569)) - 235b1c08-2c3c-45bc-ab7f-b19a657e57f0@group-824BFD071F22-SegmentedRaftLogWorker: created new log segment /tmp/workdir/hadoop-ozone/tools/target/test-dir/MiniOzoneClusterImpl-5c3156a5-1eb5-4435-9faa-bd301b5c4b00/datanode-1/data/ratis/be593426-5cac-4221-a8c2-824bfd071f22/current/log_inprogress_0
2019-09-17 13:41:54,655 [84a1d144-f461-48d4-8d3c-b1ed76ff1296@group-877E4F7224FF:LeaderElection4] INFO  impl.LeaderElection (LeaderElection.java:askForVotes(182)) - 84a1d144-f461-48d4-8d3c-b1ed76ff1296@group-877E4F7224FF:LeaderElection4: begin an election at term 1 for -1: [84a1d144-f461-48d4-8d3c-b1ed76ff1296:192.168.5.130:35187], old=null
2019-09-17 13:41:54,655 [84a1d144-f461-48d4-8d3c-b1ed76ff1296@group-877E4F7224FF:LeaderElection4] INFO  impl.RoleInfo (RoleInfo.java:shutdownLeaderElection(134)) - 84a1d144-f461-48d4-8d3c-b1ed76ff1296: shutdown LeaderElection
2019-09-17 13:41:54,655 [84a1d144-f461-48d4-8d3c-b1ed76ff1296@group-877E4F7224FF:LeaderElection4] INFO  impl.RaftServerImpl (RaftServerImpl.java:setRole(174)) - 84a1d144-f461-48d4-8d3c-b1ed76ff1296@group-877E4F7224FF: changes role from CANDIDATE to LEADER at term 1 for changeToLeader
2019-09-17 13:41:54,655 [84a1d144-f461-48d4-8d3c-b1ed76ff1296@group-877E4F7224FF:LeaderElection4] INFO  impl.RaftServerImpl (ServerState.java:setLeader(253)) - 84a1d144-f461-48d4-8d3c-b1ed76ff1296@group-877E4F7224FF: change Leader from null to 84a1d144-f461-48d4-8d3c-b1ed76ff1296 at term 1 for becomeLeader, leader elected after 5126ms
2019-09-17 13:41:54,657 [84a1d144-f461-48d4-8d3c-b1ed76ff1296@group-877E4F7224FF:LeaderElection4] INFO  server.RaftServerConfigKeys (ConfUtils.java:logGet(43)) - raft.server.staging.catchup.gap = 1000 (default)
2019-09-17 13:41:54,658 [84a1d144-f461-48d4-8d3c-b1ed76ff1296@group-877E4F7224FF:LeaderElection4] INFO  server.RaftServerConfigKeys (ConfUtils.java:logGet(43)) - raft.server.rpc.sleep.time = 25ms (default)
2019-09-17 13:41:54,658 [84a1d144-f461-48d4-8d3c-b1ed76ff1296@group-877E4F7224FF:LeaderElection4] INFO  server.RaftServerConfigKeys (ConfUtils.java:logGet(43)) - raft.server.write.element-limit = 4096 (default)
2019-09-17 13:41:54,658 [84a1d144-f461-48d4-8d3c-b1ed76ff1296@group-877E4F7224FF:LeaderElection4] INFO  server.RaftServerConfigKeys (ConfUtils.java:logGet(43)) - raft.server.watch.timeout = 10s (default)
2019-09-17 13:41:54,659 [84a1d144-f461-48d4-8d3c-b1ed76ff1296@group-877E4F7224FF:LeaderElection4] INFO  server.RaftServerConfigKeys (ConfUtils.java:logGet(43)) - raft.server.watch.timeout.denomination = 1s (default)
2019-09-17 13:41:54,659 [84a1d144-f461-48d4-8d3c-b1ed76ff1296@group-877E4F7224FF:LeaderElection4] INFO  server.RaftServerConfigKeys (ConfUtils.java:logGet(43)) - raft.server.watch.element-limit = 65536 (default)
2019-09-17 13:41:54,663 [84a1d144-f461-48d4-8d3c-b1ed76ff1296@group-877E4F7224FF:LeaderElection4] INFO  impl.RoleInfo (RoleInfo.java:updateAndGet(143)) - 84a1d144-f461-48d4-8d3c-b1ed76ff1296: start LeaderState
2019-09-17 13:41:54,663 [84a1d144-f461-48d4-8d3c-b1ed76ff1296@group-877E4F7224FF:LeaderElection4] INFO  segmented.SegmentedRaftLogWorker (SegmentedRaftLogWorker.java:startLogSegment(380)) - 84a1d144-f461-48d4-8d3c-b1ed76ff1296@group-877E4F7224FF-SegmentedRaftLogWorker: Starting segment from index:0
2019-09-17 13:41:54,664 [84a1d144-f461-48d4-8d3c-b1ed76ff1296@group-877E4F7224FF:LeaderElection4] INFO  impl.RaftServerImpl (ServerState.java:setRaftConf(354)) - 84a1d144-f461-48d4-8d3c-b1ed76ff1296@group-877E4F7224FF: set configuration 0: [84a1d144-f461-48d4-8d3c-b1ed76ff1296:192.168.5.130:35187], old=null at 0
2019-09-17 13:41:54,718 [84a1d144-f461-48d4-8d3c-b1ed76ff1296@group-877E4F7224FF-SegmentedRaftLogWorker] INFO  segmented.SegmentedRaftLogWorker (SegmentedRaftLogWorker.java:execute(569)) - 84a1d144-f461-48d4-8d3c-b1ed76ff1296@group-877E4F7224FF-SegmentedRaftLogWorker: created new log segment /tmp/workdir/hadoop-ozone/tools/target/test-dir/MiniOzoneClusterImpl-5c3156a5-1eb5-4435-9faa-bd301b5c4b00/datanode-3/data/ratis/fd95ab6c-6817-401e-b805-877e4f7224ff/current/log_inprogress_0
2019-09-17 13:41:54,783 [Thread-222] INFO  impl.FollowerState (FollowerState.java:run(106)) - d9f38682-412e-4192-bf4e-e605951a1ca5:group-D104D031A8C2 changes to CANDIDATE, lastRpcTime:5133, electionTimeout:5133ms
2019-09-17 13:41:54,783 [Thread-222] INFO  impl.RoleInfo (RoleInfo.java:shutdownFollowerState(121)) - d9f38682-412e-4192-bf4e-e605951a1ca5: shutdown FollowerState
2019-09-17 13:41:54,783 [Thread-222] INFO  impl.RaftServerImpl (RaftServerImpl.java:setRole(174)) - d9f38682-412e-4192-bf4e-e605951a1ca5@group-D104D031A8C2: changes role from  FOLLOWER to CANDIDATE at term 0 for changeToCandidate
2019-09-17 13:41:54,783 [Thread-222] INFO  impl.RoleInfo (RoleInfo.java:updateAndGet(143)) - d9f38682-412e-4192-bf4e-e605951a1ca5: start LeaderElection
2019-09-17 13:41:54,822 [d9f38682-412e-4192-bf4e-e605951a1ca5@group-D104D031A8C2:LeaderElection5] INFO  impl.LeaderElection (LeaderElection.java:askForVotes(182)) - d9f38682-412e-4192-bf4e-e605951a1ca5@group-D104D031A8C2:LeaderElection5: begin an election at term 1 for -1: [d9f38682-412e-4192-bf4e-e605951a1ca5:192.168.5.130:41067], old=null
2019-09-17 13:41:54,822 [d9f38682-412e-4192-bf4e-e605951a1ca5@group-D104D031A8C2:LeaderElection5] INFO  impl.RoleInfo (RoleInfo.java:shutdownLeaderElection(134)) - d9f38682-412e-4192-bf4e-e605951a1ca5: shutdown LeaderElection
2019-09-17 13:41:54,823 [d9f38682-412e-4192-bf4e-e605951a1ca5@group-D104D031A8C2:LeaderElection5] INFO  impl.RaftServerImpl (RaftServerImpl.java:setRole(174)) - d9f38682-412e-4192-bf4e-e605951a1ca5@group-D104D031A8C2: changes role from CANDIDATE to LEADER at term 1 for changeToLeader
2019-09-17 13:41:54,823 [d9f38682-412e-4192-bf4e-e605951a1ca5@group-D104D031A8C2:LeaderElection5] INFO  impl.RaftServerImpl (ServerState.java:setLeader(253)) - d9f38682-412e-4192-bf4e-e605951a1ca5@group-D104D031A8C2: change Leader from null to d9f38682-412e-4192-bf4e-e605951a1ca5 at term 1 for becomeLeader, leader elected after 5185ms
2019-09-17 13:41:54,825 [d9f38682-412e-4192-bf4e-e605951a1ca5@group-D104D031A8C2:LeaderElection5] INFO  server.RaftServerConfigKeys (ConfUtils.java:logGet(43)) - raft.server.staging.catchup.gap = 1000 (default)
2019-09-17 13:41:54,825 [d9f38682-412e-4192-bf4e-e605951a1ca5@group-D104D031A8C2:LeaderElection5] INFO  server.RaftServerConfigKeys (ConfUtils.java:logGet(43)) - raft.server.rpc.sleep.time = 25ms (default)
2019-09-17 13:41:54,825 [d9f38682-412e-4192-bf4e-e605951a1ca5@group-D104D031A8C2:LeaderElection5] INFO  server.RaftServerConfigKeys (ConfUtils.java:logGet(43)) - raft.server.write.element-limit = 4096 (default)
2019-09-17 13:41:54,826 [d9f38682-412e-4192-bf4e-e605951a1ca5@group-D104D031A8C2:LeaderElection5] INFO  server.RaftServerConfigKeys (ConfUtils.java:logGet(43)) - raft.server.watch.timeout = 10s (default)
2019-09-17 13:41:54,826 [d9f38682-412e-4192-bf4e-e605951a1ca5@group-D104D031A8C2:LeaderElection5] INFO  server.RaftServerConfigKeys (ConfUtils.java:logGet(43)) - raft.server.watch.timeout.denomination = 1s (default)
2019-09-17 13:41:54,826 [d9f38682-412e-4192-bf4e-e605951a1ca5@group-D104D031A8C2:LeaderElection5] INFO  server.RaftServerConfigKeys (ConfUtils.java:logGet(43)) - raft.server.watch.element-limit = 65536 (default)
2019-09-17 13:41:54,830 [d9f38682-412e-4192-bf4e-e605951a1ca5@group-D104D031A8C2:LeaderElection5] INFO  impl.RoleInfo (RoleInfo.java:updateAndGet(143)) - d9f38682-412e-4192-bf4e-e605951a1ca5: start LeaderState
2019-09-17 13:41:54,830 [d9f38682-412e-4192-bf4e-e605951a1ca5@group-D104D031A8C2:LeaderElection5] INFO  segmented.SegmentedRaftLogWorker (SegmentedRaftLogWorker.java:startLogSegment(380)) - d9f38682-412e-4192-bf4e-e605951a1ca5@group-D104D031A8C2-SegmentedRaftLogWorker: Starting segment from index:0
2019-09-17 13:41:54,831 [d9f38682-412e-4192-bf4e-e605951a1ca5@group-D104D031A8C2:LeaderElection5] INFO  impl.RaftServerImpl (ServerState.java:setRaftConf(354)) - d9f38682-412e-4192-bf4e-e605951a1ca5@group-D104D031A8C2: set configuration 0: [d9f38682-412e-4192-bf4e-e605951a1ca5:192.168.5.130:41067], old=null at 0
2019-09-17 13:41:54,875 [d9f38682-412e-4192-bf4e-e605951a1ca5@group-D104D031A8C2-SegmentedRaftLogWorker] INFO  segmented.SegmentedRaftLogWorker (SegmentedRaftLogWorker.java:execute(569)) - d9f38682-412e-4192-bf4e-e605951a1ca5@group-D104D031A8C2-SegmentedRaftLogWorker: created new log segment /tmp/workdir/hadoop-ozone/tools/target/test-dir/MiniOzoneClusterImpl-5c3156a5-1eb5-4435-9faa-bd301b5c4b00/datanode-4/data/ratis/cd59211f-911a-4e8f-b273-d104d031a8c2/current/log_inprogress_0
2019-09-17 13:41:54,950 [Thread-230] INFO  impl.FollowerState (FollowerState.java:run(106)) - 73c69e8a-9bd3-45ee-8ac9-6e361d860e2f:group-8A5A189D8196 changes to CANDIDATE, lastRpcTime:5112, electionTimeout:5112ms
2019-09-17 13:41:54,950 [Thread-230] INFO  impl.RoleInfo (RoleInfo.java:shutdownFollowerState(121)) - 73c69e8a-9bd3-45ee-8ac9-6e361d860e2f: shutdown FollowerState
2019-09-17 13:41:54,950 [Thread-230] INFO  impl.RaftServerImpl (RaftServerImpl.java:setRole(174)) - 73c69e8a-9bd3-45ee-8ac9-6e361d860e2f@group-8A5A189D8196: changes role from  FOLLOWER to CANDIDATE at term 0 for changeToCandidate
2019-09-17 13:41:54,951 [Thread-230] INFO  impl.RoleInfo (RoleInfo.java:updateAndGet(143)) - 73c69e8a-9bd3-45ee-8ac9-6e361d860e2f: start LeaderElection
2019-09-17 13:41:54,955 [Thread-231] INFO  impl.FollowerState (FollowerState.java:run(106)) - 235b1c08-2c3c-45bc-ab7f-b19a657e57f0:group-8A5A189D8196 changes to CANDIDATE, lastRpcTime:5117, electionTimeout:5113ms
2019-09-17 13:41:54,955 [Thread-231] INFO  impl.RoleInfo (RoleInfo.java:shutdownFollowerState(121)) - 235b1c08-2c3c-45bc-ab7f-b19a657e57f0: shutdown FollowerState
2019-09-17 13:41:54,955 [Thread-231] INFO  impl.RaftServerImpl (RaftServerImpl.java:setRole(174)) - 235b1c08-2c3c-45bc-ab7f-b19a657e57f0@group-8A5A189D8196: changes role from  FOLLOWER to CANDIDATE at term 0 for changeToCandidate
2019-09-17 13:41:54,956 [Thread-231] INFO  impl.RoleInfo (RoleInfo.java:updateAndGet(143)) - 235b1c08-2c3c-45bc-ab7f-b19a657e57f0: start LeaderElection
2019-09-17 13:41:54,966 [Thread-228] INFO  impl.FollowerState (FollowerState.java:run(106)) - bf9845cc-5491-4380-971d-60a5c36fd440:group-8A5A189D8196 changes to CANDIDATE, lastRpcTime:5137, electionTimeout:5137ms
2019-09-17 13:41:54,967 [Thread-228] INFO  impl.RoleInfo (RoleInfo.java:shutdownFollowerState(121)) - bf9845cc-5491-4380-971d-60a5c36fd440: shutdown FollowerState
2019-09-17 13:41:54,967 [Thread-228] INFO  impl.RaftServerImpl (RaftServerImpl.java:setRole(174)) - bf9845cc-5491-4380-971d-60a5c36fd440@group-8A5A189D8196: changes role from  FOLLOWER to CANDIDATE at term 0 for changeToCandidate
2019-09-17 13:41:54,967 [Thread-228] INFO  impl.RoleInfo (RoleInfo.java:updateAndGet(143)) - bf9845cc-5491-4380-971d-60a5c36fd440: start LeaderElection
2019-09-17 13:41:54,972 [73c69e8a-9bd3-45ee-8ac9-6e361d860e2f@group-8A5A189D8196:LeaderElection6] INFO  impl.LeaderElection (LeaderElection.java:askForVotes(182)) - 73c69e8a-9bd3-45ee-8ac9-6e361d860e2f@group-8A5A189D8196:LeaderElection6: begin an election at term 1 for -1: [73c69e8a-9bd3-45ee-8ac9-6e361d860e2f:192.168.5.130:33300, 235b1c08-2c3c-45bc-ab7f-b19a657e57f0:192.168.5.130:39322, bf9845cc-5491-4380-971d-60a5c36fd440:192.168.5.130:40791], old=null
2019-09-17 13:41:54,991 [235b1c08-2c3c-45bc-ab7f-b19a657e57f0@group-8A5A189D8196:LeaderElection7] INFO  impl.LeaderElection (LeaderElection.java:askForVotes(182)) - 235b1c08-2c3c-45bc-ab7f-b19a657e57f0@group-8A5A189D8196:LeaderElection7: begin an election at term 1 for -1: [73c69e8a-9bd3-45ee-8ac9-6e361d860e2f:192.168.5.130:33300, 235b1c08-2c3c-45bc-ab7f-b19a657e57f0:192.168.5.130:39322, bf9845cc-5491-4380-971d-60a5c36fd440:192.168.5.130:40791], old=null
2019-09-17 13:41:54,991 [bf9845cc-5491-4380-971d-60a5c36fd440@group-8A5A189D8196:LeaderElection8] INFO  impl.LeaderElection (LeaderElection.java:askForVotes(182)) - bf9845cc-5491-4380-971d-60a5c36fd440@group-8A5A189D8196:LeaderElection8: begin an election at term 1 for -1: [73c69e8a-9bd3-45ee-8ac9-6e361d860e2f:192.168.5.130:33300, 235b1c08-2c3c-45bc-ab7f-b19a657e57f0:192.168.5.130:39322, bf9845cc-5491-4380-971d-60a5c36fd440:192.168.5.130:40791], old=null
2019-09-17 13:41:55,037 [bf9845cc-5491-4380-971d-60a5c36fd440@group-8A5A189D8196:LeaderElection8] INFO  impl.LeaderElection (LeaderElection.java:logAndReturn(56)) - bf9845cc-5491-4380-971d-60a5c36fd440@group-8A5A189D8196:LeaderElection8: Election REJECTED; received 2 response(s) [bf9845cc-5491-4380-971d-60a5c36fd440<-73c69e8a-9bd3-45ee-8ac9-6e361d860e2f#0:FAIL-t1, bf9845cc-5491-4380-971d-60a5c36fd440<-235b1c08-2c3c-45bc-ab7f-b19a657e57f0#0:FAIL-t1] and 0 exception(s); bf9845cc-5491-4380-971d-60a5c36fd440@group-8A5A189D8196:t1, leader=null, voted=bf9845cc-5491-4380-971d-60a5c36fd440, raftlog=bf9845cc-5491-4380-971d-60a5c36fd440@group-8A5A189D8196-SegmentedRaftLog:OPENED:c-1,f-1,i0, conf=-1: [73c69e8a-9bd3-45ee-8ac9-6e361d860e2f:192.168.5.130:33300, 235b1c08-2c3c-45bc-ab7f-b19a657e57f0:192.168.5.130:39322, bf9845cc-5491-4380-971d-60a5c36fd440:192.168.5.130:40791], old=null
2019-09-17 13:41:55,037 [73c69e8a-9bd3-45ee-8ac9-6e361d860e2f@group-8A5A189D8196:LeaderElection6] INFO  impl.LeaderElection (LeaderElection.java:logAndReturn(56)) - 73c69e8a-9bd3-45ee-8ac9-6e361d860e2f@group-8A5A189D8196:LeaderElection6: Election REJECTED; received 2 response(s) [73c69e8a-9bd3-45ee-8ac9-6e361d860e2f<-235b1c08-2c3c-45bc-ab7f-b19a657e57f0#0:FAIL-t1, 73c69e8a-9bd3-45ee-8ac9-6e361d860e2f<-bf9845cc-5491-4380-971d-60a5c36fd440#0:FAIL-t1] and 0 exception(s); 73c69e8a-9bd3-45ee-8ac9-6e361d860e2f@group-8A5A189D8196:t1, leader=null, voted=73c69e8a-9bd3-45ee-8ac9-6e361d860e2f, raftlog=73c69e8a-9bd3-45ee-8ac9-6e361d860e2f@group-8A5A189D8196-SegmentedRaftLog:OPENED:c-1,f-1,i0, conf=-1: [73c69e8a-9bd3-45ee-8ac9-6e361d860e2f:192.168.5.130:33300, 235b1c08-2c3c-45bc-ab7f-b19a657e57f0:192.168.5.130:39322, bf9845cc-5491-4380-971d-60a5c36fd440:192.168.5.130:40791], old=null
2019-09-17 13:41:55,046 [bf9845cc-5491-4380-971d-60a5c36fd440@group-8A5A189D8196:LeaderElection8] INFO  impl.RaftServerImpl (RaftServerImpl.java:setRole(174)) - bf9845cc-5491-4380-971d-60a5c36fd440@group-8A5A189D8196: changes role from CANDIDATE to FOLLOWER at term 1 for DISCOVERED_A_NEW_TERM
2019-09-17 13:41:55,046 [73c69e8a-9bd3-45ee-8ac9-6e361d860e2f@group-8A5A189D8196:LeaderElection6] INFO  impl.RaftServerImpl (RaftServerImpl.java:setRole(174)) - 73c69e8a-9bd3-45ee-8ac9-6e361d860e2f@group-8A5A189D8196: changes role from CANDIDATE to FOLLOWER at term 1 for DISCOVERED_A_NEW_TERM
2019-09-17 13:41:55,047 [bf9845cc-5491-4380-971d-60a5c36fd440@group-8A5A189D8196:LeaderElection8] INFO  impl.RoleInfo (RoleInfo.java:shutdownLeaderElection(134)) - bf9845cc-5491-4380-971d-60a5c36fd440: shutdown LeaderElection
2019-09-17 13:41:55,049 [73c69e8a-9bd3-45ee-8ac9-6e361d860e2f@group-8A5A189D8196:LeaderElection6] INFO  impl.RoleInfo (RoleInfo.java:shutdownLeaderElection(134)) - 73c69e8a-9bd3-45ee-8ac9-6e361d860e2f: shutdown LeaderElection
2019-09-17 13:41:55,055 [235b1c08-2c3c-45bc-ab7f-b19a657e57f0@group-8A5A189D8196:LeaderElection7] INFO  impl.LeaderElection (LeaderElection.java:logAndReturn(56)) - 235b1c08-2c3c-45bc-ab7f-b19a657e57f0@group-8A5A189D8196:LeaderElection7: Election REJECTED; received 2 response(s) [235b1c08-2c3c-45bc-ab7f-b19a657e57f0<-73c69e8a-9bd3-45ee-8ac9-6e361d860e2f#0:FAIL-t1, 235b1c08-2c3c-45bc-ab7f-b19a657e57f0<-bf9845cc-5491-4380-971d-60a5c36fd440#0:FAIL-t1] and 0 exception(s); 235b1c08-2c3c-45bc-ab7f-b19a657e57f0@group-8A5A189D8196:t1, leader=null, voted=235b1c08-2c3c-45bc-ab7f-b19a657e57f0, raftlog=235b1c08-2c3c-45bc-ab7f-b19a657e57f0@group-8A5A189D8196-SegmentedRaftLog:OPENED:c-1,f-1,i0, conf=-1: [73c69e8a-9bd3-45ee-8ac9-6e361d860e2f:192.168.5.130:33300, 235b1c08-2c3c-45bc-ab7f-b19a657e57f0:192.168.5.130:39322, bf9845cc-5491-4380-971d-60a5c36fd440:192.168.5.130:40791], old=null
2019-09-17 13:41:55,055 [bf9845cc-5491-4380-971d-60a5c36fd440@group-8A5A189D8196:LeaderElection8] INFO  impl.RoleInfo (RoleInfo.java:updateAndGet(143)) - bf9845cc-5491-4380-971d-60a5c36fd440: start FollowerState
2019-09-17 13:41:55,055 [235b1c08-2c3c-45bc-ab7f-b19a657e57f0@group-8A5A189D8196:LeaderElection7] INFO  impl.RaftServerImpl (RaftServerImpl.java:setRole(174)) - 235b1c08-2c3c-45bc-ab7f-b19a657e57f0@group-8A5A189D8196: changes role from CANDIDATE to FOLLOWER at term 1 for DISCOVERED_A_NEW_TERM
2019-09-17 13:41:55,055 [73c69e8a-9bd3-45ee-8ac9-6e361d860e2f@group-8A5A189D8196:LeaderElection6] INFO  impl.RoleInfo (RoleInfo.java:updateAndGet(143)) - 73c69e8a-9bd3-45ee-8ac9-6e361d860e2f: start FollowerState
2019-09-17 13:41:55,057 [235b1c08-2c3c-45bc-ab7f-b19a657e57f0@group-8A5A189D8196:LeaderElection7] INFO  impl.RoleInfo (RoleInfo.java:shutdownLeaderElection(134)) - 235b1c08-2c3c-45bc-ab7f-b19a657e57f0: shutdown LeaderElection
2019-09-17 13:41:55,060 [235b1c08-2c3c-45bc-ab7f-b19a657e57f0@group-8A5A189D8196:LeaderElection7] INFO  impl.RoleInfo (RoleInfo.java:updateAndGet(143)) - 235b1c08-2c3c-45bc-ab7f-b19a657e57f0: start FollowerState
 0.00% |█                                                                                                    |  0/1 Time: 0:00:052019-09-17 13:41:55,405 [grpc-default-executor-2] INFO  client.GrpcClientProtocolClient (GrpcClientProtocolClient.java:onNext(264)) - client-81120FDD4B4A->235b1c08-2c3c-45bc-ab7f-b19a657e57f0: receive RaftClientReply:client-81120FDD4B4A->235b1c08-2c3c-45bc-ab7f-b19a657e57f0@group-8A5A189D8196, cid=8, FAILED org.apache.ratis.protocol.NotLeaderException: Server 235b1c08-2c3c-45bc-ab7f-b19a657e57f0@group-8A5A189D8196 is not the leader, logIndex=0, commits[235b1c08-2c3c-45bc-ab7f-b19a657e57f0:c-1]
 0.00% |█                                                                                                    |  0/1 Time: 0:00:062019-09-17 13:41:56,449 [grpc-default-executor-3] INFO  client.GrpcClientProtocolClient (GrpcClientProtocolClient.java:onNext(264)) - client-81120FDD4B4A->73c69e8a-9bd3-45ee-8ac9-6e361d860e2f: receive RaftClientReply:client-81120FDD4B4A->73c69e8a-9bd3-45ee-8ac9-6e361d860e2f@group-8A5A189D8196, cid=8, FAILED org.apache.ratis.protocol.NotLeaderException: Server 73c69e8a-9bd3-45ee-8ac9-6e361d860e2f@group-8A5A189D8196 is not the leader, logIndex=0, commits[73c69e8a-9bd3-45ee-8ac9-6e361d860e2f:c-1]
 0.00% |█                                                                                                    |  0/1 Time: 0:00:072019-09-17 13:41:57,496 [grpc-default-executor-3] INFO  client.GrpcClientProtocolClient (GrpcClientProtocolClient.java:onNext(264)) - client-81120FDD4B4A->235b1c08-2c3c-45bc-ab7f-b19a657e57f0: receive RaftClientReply:client-81120FDD4B4A->235b1c08-2c3c-45bc-ab7f-b19a657e57f0@group-8A5A189D8196, cid=8, FAILED org.apache.ratis.protocol.NotLeaderException: Server 235b1c08-2c3c-45bc-ab7f-b19a657e57f0@group-8A5A189D8196 is not the leader, logIndex=0, commits[235b1c08-2c3c-45bc-ab7f-b19a657e57f0:c-1]
 0.00% |█                                                                                                    |  0/1 Time: 0:00:082019-09-17 13:41:58,549 [grpc-default-executor-3] INFO  client.GrpcClientProtocolClient (GrpcClientProtocolClient.java:onNext(264)) - client-81120FDD4B4A->bf9845cc-5491-4380-971d-60a5c36fd440: receive RaftClientReply:client-81120FDD4B4A->bf9845cc-5491-4380-971d-60a5c36fd440@group-8A5A189D8196, cid=8, FAILED org.apache.ratis.protocol.NotLeaderException: Server bf9845cc-5491-4380-971d-60a5c36fd440@group-8A5A189D8196 is not the leader, logIndex=0, commits[bf9845cc-5491-4380-971d-60a5c36fd440:c-1]
 0.00% |█                                                                                                    |  0/1 Time: 0:00:092019-09-17 13:41:59,585 [grpc-default-executor-3] INFO  client.GrpcClientProtocolClient (GrpcClientProtocolClient.java:onNext(264)) - client-81120FDD4B4A->235b1c08-2c3c-45bc-ab7f-b19a657e57f0: receive RaftClientReply:client-81120FDD4B4A->235b1c08-2c3c-45bc-ab7f-b19a657e57f0@group-8A5A189D8196, cid=8, FAILED org.apache.ratis.protocol.NotLeaderException: Server 235b1c08-2c3c-45bc-ab7f-b19a657e57f0@group-8A5A189D8196 is not the leader, logIndex=0, commits[235b1c08-2c3c-45bc-ab7f-b19a657e57f0:c-1]
2019-09-17 13:42:00,083 [Thread-268] INFO  impl.FollowerState (FollowerState.java:run(106)) - 73c69e8a-9bd3-45ee-8ac9-6e361d860e2f:group-8A5A189D8196 changes to CANDIDATE, lastRpcTime:5028, electionTimeout:5023ms
2019-09-17 13:42:00,084 [Thread-268] INFO  impl.RoleInfo (RoleInfo.java:shutdownFollowerState(121)) - 73c69e8a-9bd3-45ee-8ac9-6e361d860e2f: shutdown FollowerState
2019-09-17 13:42:00,084 [Thread-268] INFO  impl.RaftServerImpl (RaftServerImpl.java:setRole(174)) - 73c69e8a-9bd3-45ee-8ac9-6e361d860e2f@group-8A5A189D8196: changes role from  FOLLOWER to CANDIDATE at term 1 for changeToCandidate
2019-09-17 13:42:00,085 [Thread-268] INFO  impl.RoleInfo (RoleInfo.java:updateAndGet(143)) - 73c69e8a-9bd3-45ee-8ac9-6e361d860e2f: start LeaderElection
2019-09-17 13:42:00,114 [73c69e8a-9bd3-45ee-8ac9-6e361d860e2f@group-8A5A189D8196:LeaderElection9] INFO  impl.LeaderElection (LeaderElection.java:askForVotes(182)) - 73c69e8a-9bd3-45ee-8ac9-6e361d860e2f@group-8A5A189D8196:LeaderElection9: begin an election at term 2 for -1: [73c69e8a-9bd3-45ee-8ac9-6e361d860e2f:192.168.5.130:33300, 235b1c08-2c3c-45bc-ab7f-b19a657e57f0:192.168.5.130:39322, bf9845cc-5491-4380-971d-60a5c36fd440:192.168.5.130:40791], old=null
2019-09-17 13:42:00,134 [Thread-269] INFO  impl.FollowerState (FollowerState.java:run(106)) - 235b1c08-2c3c-45bc-ab7f-b19a657e57f0:group-8A5A189D8196 changes to CANDIDATE, lastRpcTime:5073, electionTimeout:5059ms
2019-09-17 13:42:00,134 [Thread-269] INFO  impl.RoleInfo (RoleInfo.java:shutdownFollowerState(121)) - 235b1c08-2c3c-45bc-ab7f-b19a657e57f0: shutdown FollowerState
2019-09-17 13:42:00,134 [Thread-269] INFO  impl.RaftServerImpl (RaftServerImpl.java:setRole(174)) - 235b1c08-2c3c-45bc-ab7f-b19a657e57f0@group-8A5A189D8196: changes role from  FOLLOWER to CANDIDATE at term 1 for changeToCandidate
2019-09-17 13:42:00,134 [grpc-default-executor-2] INFO  impl.RaftServerImpl (RaftServerImpl.java:setRole(174)) - bf9845cc-5491-4380-971d-60a5c36fd440@group-8A5A189D8196: changes role from  FOLLOWER to FOLLOWER at term 2 for recognizeCandidate:73c69e8a-9bd3-45ee-8ac9-6e361d860e2f
2019-09-17 13:42:00,134 [Thread-269] INFO  impl.RoleInfo (RoleInfo.java:updateAndGet(143)) - 235b1c08-2c3c-45bc-ab7f-b19a657e57f0: start LeaderElection
2019-09-17 13:42:00,135 [grpc-default-executor-2] INFO  impl.RoleInfo (RoleInfo.java:shutdownFollowerState(121)) - bf9845cc-5491-4380-971d-60a5c36fd440: shutdown FollowerState
2019-09-17 13:42:00,135 [grpc-default-executor-3] INFO  impl.RaftServerImpl (RaftServerImpl.java:setRole(174)) - 235b1c08-2c3c-45bc-ab7f-b19a657e57f0@group-8A5A189D8196: changes role from CANDIDATE to FOLLOWER at term 2 for recognizeCandidate:73c69e8a-9bd3-45ee-8ac9-6e361d860e2f
2019-09-17 13:42:00,135 [grpc-default-executor-2] INFO  impl.RoleInfo (RoleInfo.java:updateAndGet(143)) - bf9845cc-5491-4380-971d-60a5c36fd440: start FollowerState
2019-09-17 13:42:00,137 [Thread-267] INFO  impl.FollowerState (FollowerState.java:run(115)) - bf9845cc-5491-4380-971d-60a5c36fd440: FollowerState was interrupted: java.lang.InterruptedException: sleep interrupted
2019-09-17 13:42:00,137 [grpc-default-executor-3] INFO  impl.RoleInfo (RoleInfo.java:shutdownLeaderElection(134)) - 235b1c08-2c3c-45bc-ab7f-b19a657e57f0: shutdown LeaderElection
2019-09-17 13:42:00,139 [grpc-default-executor-3] INFO  impl.RoleInfo (RoleInfo.java:updateAndGet(143)) - 235b1c08-2c3c-45bc-ab7f-b19a657e57f0: start FollowerState
 0.00% |█                                                                                                    |  0/1 Time: 0:00:102019-09-17 13:42:00,181 [73c69e8a-9bd3-45ee-8ac9-6e361d860e2f@group-8A5A189D8196:LeaderElection9] INFO  impl.LeaderElection (LeaderElection.java:logAndReturn(56)) - 73c69e8a-9bd3-45ee-8ac9-6e361d860e2f@group-8A5A189D8196:LeaderElection9: Election PASSED; received 2 response(s) [73c69e8a-9bd3-45ee-8ac9-6e361d860e2f<-235b1c08-2c3c-45bc-ab7f-b19a657e57f0#0:FAIL-t2, 73c69e8a-9bd3-45ee-8ac9-6e361d860e2f<-bf9845cc-5491-4380-971d-60a5c36fd440#0:OK-t2] and 0 exception(s); 73c69e8a-9bd3-45ee-8ac9-6e361d860e2f@group-8A5A189D8196:t2, leader=null, voted=73c69e8a-9bd3-45ee-8ac9-6e361d860e2f, raftlog=73c69e8a-9bd3-45ee-8ac9-6e361d860e2f@group-8A5A189D8196-SegmentedRaftLog:OPENED:c-1,f-1,i0, conf=-1: [73c69e8a-9bd3-45ee-8ac9-6e361d860e2f:192.168.5.130:33300, 235b1c08-2c3c-45bc-ab7f-b19a657e57f0:192.168.5.130:39322, bf9845cc-5491-4380-971d-60a5c36fd440:192.168.5.130:40791], old=null
2019-09-17 13:42:00,181 [73c69e8a-9bd3-45ee-8ac9-6e361d860e2f@group-8A5A189D8196:LeaderElection9] INFO  impl.RoleInfo (RoleInfo.java:shutdownLeaderElection(134)) - 73c69e8a-9bd3-45ee-8ac9-6e361d860e2f: shutdown LeaderElection
2019-09-17 13:42:00,181 [73c69e8a-9bd3-45ee-8ac9-6e361d860e2f@group-8A5A189D8196:LeaderElection9] INFO  impl.RaftServerImpl (RaftServerImpl.java:setRole(174)) - 73c69e8a-9bd3-45ee-8ac9-6e361d860e2f@group-8A5A189D8196: changes role from CANDIDATE to LEADER at term 2 for changeToLeader
2019-09-17 13:42:00,183 [73c69e8a-9bd3-45ee-8ac9-6e361d860e2f@group-8A5A189D8196:LeaderElection9] INFO  impl.RaftServerImpl (ServerState.java:setLeader(253)) - 73c69e8a-9bd3-45ee-8ac9-6e361d860e2f@group-8A5A189D8196: change Leader from null to 73c69e8a-9bd3-45ee-8ac9-6e361d860e2f at term 2 for becomeLeader, leader elected after 10368ms
2019-09-17 13:42:00,183 [73c69e8a-9bd3-45ee-8ac9-6e361d860e2f@group-8A5A189D8196:LeaderElection9] INFO  server.RaftServerConfigKeys (ConfUtils.java:logGet(43)) - raft.server.staging.catchup.gap = 1000 (default)
2019-09-17 13:42:00,183 [73c69e8a-9bd3-45ee-8ac9-6e361d860e2f@group-8A5A189D8196:LeaderElection9] INFO  server.RaftServerConfigKeys (ConfUtils.java:logGet(43)) - raft.server.rpc.sleep.time = 25ms (default)
2019-09-17 13:42:00,184 [73c69e8a-9bd3-45ee-8ac9-6e361d860e2f@group-8A5A189D8196:LeaderElection9] INFO  server.RaftServerConfigKeys (ConfUtils.java:logGet(43)) - raft.server.write.element-limit = 4096 (default)
2019-09-17 13:42:00,184 [73c69e8a-9bd3-45ee-8ac9-6e361d860e2f@group-8A5A189D8196:LeaderElection9] INFO  server.RaftServerConfigKeys (ConfUtils.java:logGet(43)) - raft.server.watch.timeout = 10s (default)
2019-09-17 13:42:00,184 [73c69e8a-9bd3-45ee-8ac9-6e361d860e2f@group-8A5A189D8196:LeaderElection9] INFO  server.RaftServerConfigKeys (ConfUtils.java:logGet(43)) - raft.server.watch.timeout.denomination = 1s (default)
2019-09-17 13:42:00,185 [73c69e8a-9bd3-45ee-8ac9-6e361d860e2f@group-8A5A189D8196:LeaderElection9] INFO  server.RaftServerConfigKeys (ConfUtils.java:logGet(43)) - raft.server.watch.element-limit = 65536 (default)
2019-09-17 13:42:00,194 [73c69e8a-9bd3-45ee-8ac9-6e361d860e2f@group-8A5A189D8196:LeaderElection9] INFO  server.RaftServerConfigKeys (ConfUtils.java:logGet(43)) - raft.server.log.appender.snapshot.chunk.size.max = 16MB (=16777216) (default)
2019-09-17 13:42:00,194 [73c69e8a-9bd3-45ee-8ac9-6e361d860e2f@group-8A5A189D8196:LeaderElection9] INFO  server.RaftServerConfigKeys (ConfUtils.java:logGet(43)) - raft.server.log.appender.buffer.byte-limit = 33554432 (custom)
2019-09-17 13:42:00,195 [73c69e8a-9bd3-45ee-8ac9-6e361d860e2f@group-8A5A189D8196:LeaderElection9] INFO  server.RaftServerConfigKeys (ConfUtils.java:logGet(43)) - raft.server.log.appender.buffer.element-limit = 1 (custom)
2019-09-17 13:42:00,202 [73c69e8a-9bd3-45ee-8ac9-6e361d860e2f@group-8A5A189D8196:LeaderElection9] INFO  grpc.GrpcConfigKeys$Server (ConfUtils.java:logGet(43)) - raft.grpc.server.leader.outstanding.appends.max = 128 (default)
2019-09-17 13:42:00,202 [73c69e8a-9bd3-45ee-8ac9-6e361d860e2f@group-8A5A189D8196:LeaderElection9] INFO  server.RaftServerConfigKeys (ConfUtils.java:logGet(43)) - raft.server.rpc.request.timeout = 3000ms (default)
2019-09-17 13:42:00,202 [73c69e8a-9bd3-45ee-8ac9-6e361d860e2f@group-8A5A189D8196:LeaderElection9] INFO  server.RaftServerConfigKeys (ConfUtils.java:logGet(43)) - raft.server.log.appender.install.snapshot.enabled = false (custom)
2019-09-17 13:42:00,207 [73c69e8a-9bd3-45ee-8ac9-6e361d860e2f@group-8A5A189D8196:LeaderElection9] INFO  server.RaftServerConfigKeys (ConfUtils.java:logGet(43)) - raft.server.log.appender.snapshot.chunk.size.max = 16MB (=16777216) (default)
2019-09-17 13:42:00,207 [73c69e8a-9bd3-45ee-8ac9-6e361d860e2f@group-8A5A189D8196:LeaderElection9] INFO  server.RaftServerConfigKeys (ConfUtils.java:logGet(43)) - raft.server.log.appender.buffer.byte-limit = 33554432 (custom)
2019-09-17 13:42:00,207 [73c69e8a-9bd3-45ee-8ac9-6e361d860e2f@group-8A5A189D8196:LeaderElection9] INFO  server.RaftServerConfigKeys (ConfUtils.java:logGet(43)) - raft.server.log.appender.buffer.element-limit = 1 (custom)
2019-09-17 13:42:00,207 [73c69e8a-9bd3-45ee-8ac9-6e361d860e2f@group-8A5A189D8196:LeaderElection9] INFO  grpc.GrpcConfigKeys$Server (ConfUtils.java:logGet(43)) - raft.grpc.server.leader.outstanding.appends.max = 128 (default)
2019-09-17 13:42:00,207 [73c69e8a-9bd3-45ee-8ac9-6e361d860e2f@group-8A5A189D8196:LeaderElection9] INFO  server.RaftServerConfigKeys (ConfUtils.java:logGet(43)) - raft.server.rpc.request.timeout = 3000ms (default)
2019-09-17 13:42:00,208 [73c69e8a-9bd3-45ee-8ac9-6e361d860e2f@group-8A5A189D8196:LeaderElection9] INFO  server.RaftServerConfigKeys (ConfUtils.java:logGet(43)) - raft.server.log.appender.install.snapshot.enabled = false (custom)
2019-09-17 13:42:00,209 [73c69e8a-9bd3-45ee-8ac9-6e361d860e2f@group-8A5A189D8196:LeaderElection9] INFO  impl.RoleInfo (RoleInfo.java:updateAndGet(143)) - 73c69e8a-9bd3-45ee-8ac9-6e361d860e2f: start LeaderState
2019-09-17 13:42:00,210 [73c69e8a-9bd3-45ee-8ac9-6e361d860e2f@group-8A5A189D8196:LeaderElection9] INFO  segmented.SegmentedRaftLogWorker (SegmentedRaftLogWorker.java:startLogSegment(380)) - 73c69e8a-9bd3-45ee-8ac9-6e361d860e2f@group-8A5A189D8196-SegmentedRaftLogWorker: Starting segment from index:0
2019-09-17 13:42:00,211 [73c69e8a-9bd3-45ee-8ac9-6e361d860e2f@group-8A5A189D8196:LeaderElection9] INFO  impl.RaftServerImpl (ServerState.java:setRaftConf(354)) - 73c69e8a-9bd3-45ee-8ac9-6e361d860e2f@group-8A5A189D8196: set configuration 0: [73c69e8a-9bd3-45ee-8ac9-6e361d860e2f:192.168.5.130:33300, 235b1c08-2c3c-45bc-ab7f-b19a657e57f0:192.168.5.130:39322, bf9845cc-5491-4380-971d-60a5c36fd440:192.168.5.130:40791], old=null at 0
2019-09-17 13:42:00,248 [235b1c08-2c3c-45bc-ab7f-b19a657e57f0@group-8A5A189D8196:LeaderElection10] INFO  impl.LeaderElection (LeaderElection.java:askForVotes(182)) - 235b1c08-2c3c-45bc-ab7f-b19a657e57f0@group-8A5A189D8196:LeaderElection10: begin an election at term 3 for -1: [73c69e8a-9bd3-45ee-8ac9-6e361d860e2f:192.168.5.130:33300, 235b1c08-2c3c-45bc-ab7f-b19a657e57f0:192.168.5.130:39322, bf9845cc-5491-4380-971d-60a5c36fd440:192.168.5.130:40791], old=null
2019-09-17 13:42:00,251 [235b1c08-2c3c-45bc-ab7f-b19a657e57f0@group-8A5A189D8196:LeaderElection10] INFO  impl.LeaderElection (LeaderElection.java:logAndReturn(56)) - 235b1c08-2c3c-45bc-ab7f-b19a657e57f0@group-8A5A189D8196:LeaderElection10: Election REJECTED; received 0 response(s) [] and 0 exception(s); 235b1c08-2c3c-45bc-ab7f-b19a657e57f0@group-8A5A189D8196:t3, leader=null, voted=235b1c08-2c3c-45bc-ab7f-b19a657e57f0, raftlog=235b1c08-2c3c-45bc-ab7f-b19a657e57f0@group-8A5A189D8196-SegmentedRaftLog:OPENED:c-1,f-1,i0, conf=-1: [73c69e8a-9bd3-45ee-8ac9-6e361d860e2f:192.168.5.130:33300, 235b1c08-2c3c-45bc-ab7f-b19a657e57f0:192.168.5.130:39322, bf9845cc-5491-4380-971d-60a5c36fd440:192.168.5.130:40791], old=null
2019-09-17 13:42:00,259 [grpc-default-executor-3] INFO  impl.RaftServerImpl (RaftServerImpl.java:setRole(174)) - bf9845cc-5491-4380-971d-60a5c36fd440@group-8A5A189D8196: changes role from  FOLLOWER to FOLLOWER at term 3 for recognizeCandidate:235b1c08-2c3c-45bc-ab7f-b19a657e57f0
2019-09-17 13:42:00,262 [grpc-default-executor-3] INFO  impl.RoleInfo (RoleInfo.java:shutdownFollowerState(121)) - bf9845cc-5491-4380-971d-60a5c36fd440: shutdown FollowerState
2019-09-17 13:42:00,262 [grpc-default-executor-2] INFO  impl.RaftServerImpl (ServerState.java:setLeader(253)) - 73c69e8a-9bd3-45ee-8ac9-6e361d860e2f@group-8A5A189D8196: change Leader from 73c69e8a-9bd3-45ee-8ac9-6e361d860e2f to null at term 3 for updateCurrentTerm
2019-09-17 13:42:00,266 [Thread-284] INFO  impl.FollowerState (FollowerState.java:run(115)) - bf9845cc-5491-4380-971d-60a5c36fd440: FollowerState was interrupted: java.lang.InterruptedException: sleep interrupted
2019-09-17 13:42:00,266 [grpc-default-executor-2] INFO  impl.RaftServerImpl (RaftServerImpl.java:setRole(174)) - 73c69e8a-9bd3-45ee-8ac9-6e361d860e2f@group-8A5A189D8196: changes role from    LEADER to FOLLOWER at term 3 for recognizeCandidate:235b1c08-2c3c-45bc-ab7f-b19a657e57f0
2019-09-17 13:42:00,262 [grpc-default-executor-3] INFO  impl.RoleInfo (RoleInfo.java:updateAndGet(143)) - bf9845cc-5491-4380-971d-60a5c36fd440: start FollowerState
2019-09-17 13:42:00,267 [grpc-default-executor-2] INFO  impl.RoleInfo (RoleInfo.java:shutdownLeaderState(104)) - 73c69e8a-9bd3-45ee-8ac9-6e361d860e2f: shutdown LeaderState
2019-09-17 13:42:00,270 [73c69e8a-9bd3-45ee-8ac9-6e361d860e2f@group-8A5A189D8196-SegmentedRaftLogWorker] INFO  segmented.SegmentedRaftLogWorker (SegmentedRaftLogWorker.java:execute(569)) - 73c69e8a-9bd3-45ee-8ac9-6e361d860e2f@group-8A5A189D8196-SegmentedRaftLogWorker: created new log segment /tmp/workdir/hadoop-ozone/tools/target/test-dir/MiniOzoneClusterImpl-5c3156a5-1eb5-4435-9faa-bd301b5c4b00/datanode-0/data/ratis/035cdd69-bb9b-4d06-9aec-8a5a189d8196/current/log_inprogress_0
2019-09-17 13:42:00,271 [grpc-default-executor-2] INFO  impl.PendingRequests (PendingRequests.java:sendNotLeaderResponses(202)) - 73c69e8a-9bd3-45ee-8ac9-6e361d860e2f-PendingRequests: sendNotLeaderResponses
2019-09-17 13:42:00,274 [grpc-default-executor-2] INFO  impl.RoleInfo (RoleInfo.java:updateAndGet(143)) - 73c69e8a-9bd3-45ee-8ac9-6e361d860e2f: start FollowerState
2019-09-17 13:42:00,275 [org.apache.ratis.server.impl.LogAppender$AppenderDaemon$$Lambda$512/1779790241@7987abb2] WARN  server.GrpcLogAppender (GrpcLogAppender.java:mayWait(143)) - 73c69e8a-9bd3-45ee-8ac9-6e361d860e2f@group-8A5A189D8196->bf9845cc-5491-4380-971d-60a5c36fd440-GrpcLogAppender: Wait interrupted by java.lang.InterruptedException
2019-09-17 13:42:00,275 [org.apache.ratis.server.impl.LogAppender$AppenderDaemon$$Lambda$512/1779790241@2d64ed7e] WARN  server.GrpcLogAppender (GrpcLogAppender.java:mayWait(143)) - 73c69e8a-9bd3-45ee-8ac9-6e361d860e2f@group-8A5A189D8196->235b1c08-2c3c-45bc-ab7f-b19a657e57f0-GrpcLogAppender: Wait interrupted by java.lang.InterruptedException
2019-09-17 13:42:00,283 [grpc-default-executor-0] INFO  server.GrpcServerProtocolService (GrpcServerProtocolService.java:onCompleted(113)) - 235b1c08-2c3c-45bc-ab7f-b19a657e57f0: Completed APPEND_ENTRIES, lastRequest: null
2019-09-17 13:42:00,283 [grpc-default-executor-1] INFO  server.GrpcServerProtocolService (GrpcServerProtocolService.java:onCompleted(113)) - bf9845cc-5491-4380-971d-60a5c36fd440: Completed APPEND_ENTRIES, lastRequest: null
2019-09-17 13:42:00,287 [grpc-default-executor-1] INFO  server.GrpcLogAppender (GrpcLogAppender.java:onCompleted(293)) - 73c69e8a-9bd3-45ee-8ac9-6e361d860e2f@group-8A5A189D8196->235b1c08-2c3c-45bc-ab7f-b19a657e57f0-AppendLogResponseHandler: follower responses appendEntries COMPLETED
2019-09-17 13:42:00,289 [grpc-default-executor-0] INFO  server.GrpcLogAppender (GrpcLogAppender.java:onCompleted(293)) - 73c69e8a-9bd3-45ee-8ac9-6e361d860e2f@group-8A5A189D8196->bf9845cc-5491-4380-971d-60a5c36fd440-AppendLogResponseHandler: follower responses appendEntries COMPLETED
2019-09-17 13:42:00,293 [grpc-default-executor-0] INFO  impl.FollowerInfo (FollowerInfo.java:lambda$new$0(51)) - 73c69e8a-9bd3-45ee-8ac9-6e361d860e2f@group-8A5A189D8196->bf9845cc-5491-4380-971d-60a5c36fd440: nextIndex: updateUnconditionally 0 -> 0
2019-09-17 13:42:00,293 [grpc-default-executor-1] INFO  impl.FollowerInfo (FollowerInfo.java:lambda$new$0(51)) - 73c69e8a-9bd3-45ee-8ac9-6e361d860e2f@group-8A5A189D8196->235b1c08-2c3c-45bc-ab7f-b19a657e57f0: nextIndex: updateUnconditionally 0 -> 0
2019-09-17 13:42:00,614 [grpc-default-executor-3] INFO  client.GrpcClientProtocolClient (GrpcClientProtocolClient.java:onNext(264)) - client-81120FDD4B4A->73c69e8a-9bd3-45ee-8ac9-6e361d860e2f: receive RaftClientReply:client-81120FDD4B4A->73c69e8a-9bd3-45ee-8ac9-6e361d860e2f@group-8A5A189D8196, cid=8, FAILED org.apache.ratis.protocol.NotLeaderException: Server 73c69e8a-9bd3-45ee-8ac9-6e361d860e2f@group-8A5A189D8196 is not the leader, logIndex=0, commits[73c69e8a-9bd3-45ee-8ac9-6e361d860e2f:c-1, 235b1c08-2c3c-45bc-ab7f-b19a657e57f0:c-1, bf9845cc-5491-4380-971d-60a5c36fd440:c-1]
 0.00% |█                                                                                                    |  0/1 Time: 0:00:112019-09-17 13:42:01,641 [grpc-default-executor-3] INFO  client.GrpcClientProtocolClient (GrpcClientProtocolClient.java:onNext(264)) - client-81120FDD4B4A->bf9845cc-5491-4380-971d-60a5c36fd440: receive RaftClientReply:client-81120FDD4B4A->bf9845cc-5491-4380-971d-60a5c36fd440@group-8A5A189D8196, cid=8, FAILED org.apache.ratis.protocol.NotLeaderException: Server bf9845cc-5491-4380-971d-60a5c36fd440@group-8A5A189D8196 is not the leader, logIndex=0, commits[bf9845cc-5491-4380-971d-60a5c36fd440:c-1]
 0.00% |█                                                                                                    |  0/1 Time: 0:00:122019-09-17 13:42:02,668 [grpc-default-executor-3] INFO  client.GrpcClientProtocolClient (GrpcClientProtocolClient.java:onNext(264)) - client-81120FDD4B4A->235b1c08-2c3c-45bc-ab7f-b19a657e57f0: receive RaftClientReply:client-81120FDD4B4A->235b1c08-2c3c-45bc-ab7f-b19a657e57f0@group-8A5A189D8196, cid=8, FAILED org.apache.ratis.protocol.NotLeaderException: Server 235b1c08-2c3c-45bc-ab7f-b19a657e57f0@group-8A5A189D8196 is not the leader, logIndex=0, commits[235b1c08-2c3c-45bc-ab7f-b19a657e57f0:c-1]
 0.00% |█                                                                                                    |  0/1 Time: 0:00:132019-09-17 13:42:03,696 [grpc-default-executor-2] INFO  client.GrpcClientProtocolClient (GrpcClientProtocolClient.java:onNext(264)) - client-81120FDD4B4A->bf9845cc-5491-4380-971d-60a5c36fd440: receive RaftClientReply:client-81120FDD4B4A->bf9845cc-5491-4380-971d-60a5c36fd440@group-8A5A189D8196, cid=8, FAILED org.apache.ratis.protocol.NotLeaderException: Server bf9845cc-5491-4380-971d-60a5c36fd440@group-8A5A189D8196 is not the leader, logIndex=0, commits[bf9845cc-5491-4380-971d-60a5c36fd440:c-1]
 0.00% |█                                                                                                    |  0/1 Time: 0:00:142019-09-17 13:42:04,739 [grpc-default-executor-1] INFO  client.GrpcClientProtocolClient (GrpcClientProtocolClient.java:onNext(264)) - client-81120FDD4B4A->73c69e8a-9bd3-45ee-8ac9-6e361d860e2f: receive RaftClientReply:client-81120FDD4B4A->73c69e8a-9bd3-45ee-8ac9-6e361d860e2f@group-8A5A189D8196, cid=8, FAILED org.apache.ratis.protocol.NotLeaderException: Server 73c69e8a-9bd3-45ee-8ac9-6e361d860e2f@group-8A5A189D8196 is not the leader, logIndex=0, commits[73c69e8a-9bd3-45ee-8ac9-6e361d860e2f:c-1, 235b1c08-2c3c-45bc-ab7f-b19a657e57f0:c-1, bf9845cc-5491-4380-971d-60a5c36fd440:c-1]
 0.00% |█                                                                                                    |  0/1 Time: 0:00:152019-09-17 13:42:05,151 [Thread-285] INFO  impl.FollowerState (FollowerState.java:run(106)) - 235b1c08-2c3c-45bc-ab7f-b19a657e57f0:group-8A5A189D8196 changes to CANDIDATE, lastRpcTime:5011, electionTimeout:5011ms
2019-09-17 13:42:05,151 [Thread-285] INFO  impl.RoleInfo (RoleInfo.java:shutdownFollowerState(121)) - 235b1c08-2c3c-45bc-ab7f-b19a657e57f0: shutdown FollowerState
2019-09-17 13:42:05,151 [Thread-285] INFO  impl.RaftServerImpl (RaftServerImpl.java:setRole(174)) - 235b1c08-2c3c-45bc-ab7f-b19a657e57f0@group-8A5A189D8196: changes role from  FOLLOWER to CANDIDATE at term 3 for changeToCandidate
2019-09-17 13:42:05,152 [Thread-285] INFO  impl.RoleInfo (RoleInfo.java:updateAndGet(143)) - 235b1c08-2c3c-45bc-ab7f-b19a657e57f0: start LeaderElection
2019-09-17 13:42:05,179 [235b1c08-2c3c-45bc-ab7f-b19a657e57f0@group-8A5A189D8196:LeaderElection11] INFO  impl.LeaderElection (LeaderElection.java:askForVotes(182)) - 235b1c08-2c3c-45bc-ab7f-b19a657e57f0@group-8A5A189D8196:LeaderElection11: begin an election at term 4 for -1: [73c69e8a-9bd3-45ee-8ac9-6e361d860e2f:192.168.5.130:33300, 235b1c08-2c3c-45bc-ab7f-b19a657e57f0:192.168.5.130:39322, bf9845cc-5491-4380-971d-60a5c36fd440:192.168.5.130:40791], old=null
2019-09-17 13:42:05,191 [grpc-default-executor-2] INFO  impl.RaftServerImpl (RaftServerImpl.java:setRole(174)) - bf9845cc-5491-4380-971d-60a5c36fd440@group-8A5A189D8196: changes role from  FOLLOWER to FOLLOWER at term 4 for recognizeCandidate:235b1c08-2c3c-45bc-ab7f-b19a657e57f0
2019-09-17 13:42:05,191 [grpc-default-executor-2] INFO  impl.RoleInfo (RoleInfo.java:shutdownFollowerState(121)) - bf9845cc-5491-4380-971d-60a5c36fd440: shutdown FollowerState
2019-09-17 13:42:05,191 [grpc-default-executor-1] INFO  impl.RaftServerImpl (RaftServerImpl.java:setRole(174)) - 73c69e8a-9bd3-45ee-8ac9-6e361d860e2f@group-8A5A189D8196: changes role from  FOLLOWER to FOLLOWER at term 4 for recognizeCandidate:235b1c08-2c3c-45bc-ab7f-b19a657e57f0
2019-09-17 13:42:05,191 [Thread-291] INFO  impl.FollowerState (FollowerState.java:run(115)) - bf9845cc-5491-4380-971d-60a5c36fd440: FollowerState was interrupted: java.lang.InterruptedException: sleep interrupted
2019-09-17 13:42:05,191 [grpc-default-executor-2] INFO  impl.RoleInfo (RoleInfo.java:updateAndGet(143)) - bf9845cc-5491-4380-971d-60a5c36fd440: start FollowerState
2019-09-17 13:42:05,191 [grpc-default-executor-1] INFO  impl.RoleInfo (RoleInfo.java:shutdownFollowerState(121)) - 73c69e8a-9bd3-45ee-8ac9-6e361d860e2f: shutdown FollowerState
2019-09-17 13:42:05,194 [grpc-default-executor-1] INFO  impl.RoleInfo (RoleInfo.java:updateAndGet(143)) - 73c69e8a-9bd3-45ee-8ac9-6e361d860e2f: start FollowerState
2019-09-17 13:42:05,194 [Thread-292] INFO  impl.FollowerState (FollowerState.java:run(115)) - 73c69e8a-9bd3-45ee-8ac9-6e361d860e2f: FollowerState was interrupted: java.lang.InterruptedException: sleep interrupted
2019-09-17 13:42:05,224 [235b1c08-2c3c-45bc-ab7f-b19a657e57f0@group-8A5A189D8196:LeaderElection11] INFO  impl.LeaderElection (LeaderElection.java:logAndReturn(56)) - 235b1c08-2c3c-45bc-ab7f-b19a657e57f0@group-8A5A189D8196:LeaderElection11: Election PASSED; received 2 response(s) [235b1c08-2c3c-45bc-ab7f-b19a657e57f0<-73c69e8a-9bd3-45ee-8ac9-6e361d860e2f#0:FAIL-t4, 235b1c08-2c3c-45bc-ab7f-b19a657e57f0<-bf9845cc-5491-4380-971d-60a5c36fd440#0:OK-t4] and 0 exception(s); 235b1c08-2c3c-45bc-ab7f-b19a657e57f0@group-8A5A189D8196:t4, leader=null, voted=235b1c08-2c3c-45bc-ab7f-b19a657e57f0, raftlog=235b1c08-2c3c-45bc-ab7f-b19a657e57f0@group-8A5A189D8196-SegmentedRaftLog:OPENED:c-1,f-1,i0, conf=-1: [73c69e8a-9bd3-45ee-8ac9-6e361d860e2f:192.168.5.130:33300, 235b1c08-2c3c-45bc-ab7f-b19a657e57f0:192.168.5.130:39322, bf9845cc-5491-4380-971d-60a5c36fd440:192.168.5.130:40791], old=null
2019-09-17 13:42:05,225 [235b1c08-2c3c-45bc-ab7f-b19a657e57f0@group-8A5A189D8196:LeaderElection11] INFO  impl.RoleInfo (RoleInfo.java:shutdownLeaderElection(134)) - 235b1c08-2c3c-45bc-ab7f-b19a657e57f0: shutdown LeaderElection
2019-09-17 13:42:05,227 [235b1c08-2c3c-45bc-ab7f-b19a657e57f0@group-8A5A189D8196:LeaderElection11] INFO  impl.RaftServerImpl (RaftServerImpl.java:setRole(174)) - 235b1c08-2c3c-45bc-ab7f-b19a657e57f0@group-8A5A189D8196: changes role from CANDIDATE to LEADER at term 4 for changeToLeader
2019-09-17 13:42:05,228 [235b1c08-2c3c-45bc-ab7f-b19a657e57f0@group-8A5A189D8196:LeaderElection11] INFO  impl.RaftServerImpl (ServerState.java:setLeader(253)) - 235b1c08-2c3c-45bc-ab7f-b19a657e57f0@group-8A5A189D8196: change Leader from null to 235b1c08-2c3c-45bc-ab7f-b19a657e57f0 at term 4 for becomeLeader, leader elected after 15419ms
2019-09-17 13:42:05,228 [235b1c08-2c3c-45bc-ab7f-b19a657e57f0@group-8A5A189D8196:LeaderElection11] INFO  server.RaftServerConfigKeys (ConfUtils.java:logGet(43)) - raft.server.staging.catchup.gap = 1000 (default)
2019-09-17 13:42:05,228 [235b1c08-2c3c-45bc-ab7f-b19a657e57f0@group-8A5A189D8196:LeaderElection11] INFO  server.RaftServerConfigKeys (ConfUtils.java:logGet(43)) - raft.server.rpc.sleep.time = 25ms (default)
2019-09-17 13:42:05,228 [235b1c08-2c3c-45bc-ab7f-b19a657e57f0@group-8A5A189D8196:LeaderElection11] INFO  server.RaftServerConfigKeys (ConfUtils.java:logGet(43)) - raft.server.write.element-limit = 4096 (default)
2019-09-17 13:42:05,229 [235b1c08-2c3c-45bc-ab7f-b19a657e57f0@group-8A5A189D8196:LeaderElection11] INFO  server.RaftServerConfigKeys (ConfUtils.java:logGet(43)) - raft.server.watch.timeout = 10s (default)
2019-09-17 13:42:05,229 [235b1c08-2c3c-45bc-ab7f-b19a657e57f0@group-8A5A189D8196:LeaderElection11] INFO  server.RaftServerConfigKeys (ConfUtils.java:logGet(43)) - raft.server.watch.timeout.denomination = 1s (default)
2019-09-17 13:42:05,229 [235b1c08-2c3c-45bc-ab7f-b19a657e57f0@group-8A5A189D8196:LeaderElection11] INFO  server.RaftServerConfigKeys (ConfUtils.java:logGet(43)) - raft.server.watch.element-limit = 65536 (default)
2019-09-17 13:42:05,233 [235b1c08-2c3c-45bc-ab7f-b19a657e57f0@group-8A5A189D8196:LeaderElection11] INFO  server.RaftServerConfigKeys (ConfUtils.java:logGet(43)) - raft.server.log.appender.snapshot.chunk.size.max = 16MB (=16777216) (default)
2019-09-17 13:42:05,233 [235b1c08-2c3c-45bc-ab7f-b19a657e57f0@group-8A5A189D8196:LeaderElection11] INFO  server.RaftServerConfigKeys (ConfUtils.java:logGet(43)) - raft.server.log.appender.buffer.byte-limit = 33554432 (custom)
2019-09-17 13:42:05,234 [235b1c08-2c3c-45bc-ab7f-b19a657e57f0@group-8A5A189D8196:LeaderElection11] INFO  server.RaftServerConfigKeys (ConfUtils.java:logGet(43)) - raft.server.log.appender.buffer.element-limit = 1 (custom)
2019-09-17 13:42:05,234 [235b1c08-2c3c-45bc-ab7f-b19a657e57f0@group-8A5A189D8196:LeaderElection11] INFO  grpc.GrpcConfigKeys$Server (ConfUtils.java:logGet(43)) - raft.grpc.server.leader.outstanding.appends.max = 128 (default)
2019-09-17 13:42:05,236 [235b1c08-2c3c-45bc-ab7f-b19a657e57f0@group-8A5A189D8196:LeaderElection11] INFO  server.RaftServerConfigKeys (ConfUtils.java:logGet(43)) - raft.server.rpc.request.timeout = 3000ms (default)
2019-09-17 13:42:05,236 [235b1c08-2c3c-45bc-ab7f-b19a657e57f0@group-8A5A189D8196:LeaderElection11] INFO  server.RaftServerConfigKeys (ConfUtils.java:logGet(43)) - raft.server.log.appender.install.snapshot.enabled = false (custom)
2019-09-17 13:42:05,237 [235b1c08-2c3c-45bc-ab7f-b19a657e57f0@group-8A5A189D8196:LeaderElection11] INFO  server.RaftServerConfigKeys (ConfUtils.java:logGet(43)) - raft.server.log.appender.snapshot.chunk.size.max = 16MB (=16777216) (default)
2019-09-17 13:42:05,237 [235b1c08-2c3c-45bc-ab7f-b19a657e57f0@group-8A5A189D8196:LeaderElection11] INFO  server.RaftServerConfigKeys (ConfUtils.java:logGet(43)) - raft.server.log.appender.buffer.byte-limit = 33554432 (custom)
2019-09-17 13:42:05,237 [235b1c08-2c3c-45bc-ab7f-b19a657e57f0@group-8A5A189D8196:LeaderElection11] INFO  server.RaftServerConfigKeys (ConfUtils.java:logGet(43)) - raft.server.log.appender.buffer.element-limit = 1 (custom)
2019-09-17 13:42:05,238 [235b1c08-2c3c-45bc-ab7f-b19a657e57f0@group-8A5A189D8196:LeaderElection11] INFO  grpc.GrpcConfigKeys$Server (ConfUtils.java:logGet(43)) - raft.grpc.server.leader.outstanding.appends.max = 128 (default)
2019-09-17 13:42:05,238 [235b1c08-2c3c-45bc-ab7f-b19a657e57f0@group-8A5A189D8196:LeaderElection11] INFO  server.RaftServerConfigKeys (ConfUtils.java:logGet(43)) - raft.server.rpc.request.timeout = 3000ms (default)
2019-09-17 13:42:05,238 [235b1c08-2c3c-45bc-ab7f-b19a657e57f0@group-8A5A189D8196:LeaderElection11] INFO  server.RaftServerConfigKeys (ConfUtils.java:logGet(43)) - raft.server.log.appender.install.snapshot.enabled = false (custom)
2019-09-17 13:42:05,238 [235b1c08-2c3c-45bc-ab7f-b19a657e57f0@group-8A5A189D8196:LeaderElection11] INFO  impl.RoleInfo (RoleInfo.java:updateAndGet(143)) - 235b1c08-2c3c-45bc-ab7f-b19a657e57f0: start LeaderState
2019-09-17 13:42:05,239 [235b1c08-2c3c-45bc-ab7f-b19a657e57f0@group-8A5A189D8196:LeaderElection11] INFO  segmented.SegmentedRaftLogWorker (SegmentedRaftLogWorker.java:startLogSegment(380)) - 235b1c08-2c3c-45bc-ab7f-b19a657e57f0@group-8A5A189D8196-SegmentedRaftLogWorker: Starting segment from index:0
2019-09-17 13:42:05,240 [235b1c08-2c3c-45bc-ab7f-b19a657e57f0@group-8A5A189D8196:LeaderElection11] INFO  impl.RaftServerImpl (ServerState.java:setRaftConf(354)) - 235b1c08-2c3c-45bc-ab7f-b19a657e57f0@group-8A5A189D8196: set configuration 0: [73c69e8a-9bd3-45ee-8ac9-6e361d860e2f:192.168.5.130:33300, 235b1c08-2c3c-45bc-ab7f-b19a657e57f0:192.168.5.130:39322, bf9845cc-5491-4380-971d-60a5c36fd440:192.168.5.130:40791], old=null at 0
2019-09-17 13:42:05,282 [grpc-default-executor-2] INFO  impl.RaftServerImpl (ServerState.java:setLeader(253)) - bf9845cc-5491-4380-971d-60a5c36fd440@group-8A5A189D8196: change Leader from null to 235b1c08-2c3c-45bc-ab7f-b19a657e57f0 at term 4 for appendEntries, leader elected after 15473ms
2019-09-17 13:42:05,282 [grpc-default-executor-1] INFO  impl.RaftServerImpl (ServerState.java:setLeader(253)) - 73c69e8a-9bd3-45ee-8ac9-6e361d860e2f@group-8A5A189D8196: change Leader from null to 235b1c08-2c3c-45bc-ab7f-b19a657e57f0 at term 4 for appendEntries, leader elected after 5020ms
2019-09-17 13:42:05,290 [235b1c08-2c3c-45bc-ab7f-b19a657e57f0@group-8A5A189D8196-SegmentedRaftLogWorker] INFO  segmented.SegmentedRaftLogWorker (SegmentedRaftLogWorker.java:execute(569)) - 235b1c08-2c3c-45bc-ab7f-b19a657e57f0@group-8A5A189D8196-SegmentedRaftLogWorker: created new log segment /tmp/workdir/hadoop-ozone/tools/target/test-dir/MiniOzoneClusterImpl-5c3156a5-1eb5-4435-9faa-bd301b5c4b00/datanode-1/data/ratis/035cdd69-bb9b-4d06-9aec-8a5a189d8196/current/log_inprogress_0
2019-09-17 13:42:05,318 [grpc-default-executor-1] INFO  impl.RaftServerImpl (ServerState.java:setRaftConf(354)) - 73c69e8a-9bd3-45ee-8ac9-6e361d860e2f@group-8A5A189D8196: set configuration 0: [73c69e8a-9bd3-45ee-8ac9-6e361d860e2f:192.168.5.130:33300, 235b1c08-2c3c-45bc-ab7f-b19a657e57f0:192.168.5.130:39322, bf9845cc-5491-4380-971d-60a5c36fd440:192.168.5.130:40791], old=null at 0
2019-09-17 13:42:05,318 [grpc-default-executor-2] INFO  impl.RaftServerImpl (ServerState.java:setRaftConf(354)) - bf9845cc-5491-4380-971d-60a5c36fd440@group-8A5A189D8196: set configuration 0: [73c69e8a-9bd3-45ee-8ac9-6e361d860e2f:192.168.5.130:33300, 235b1c08-2c3c-45bc-ab7f-b19a657e57f0:192.168.5.130:39322, bf9845cc-5491-4380-971d-60a5c36fd440:192.168.5.130:40791], old=null at 0
2019-09-17 13:42:05,318 [grpc-default-executor-2] INFO  segmented.SegmentedRaftLogWorker (SegmentedRaftLogWorker.java:startLogSegment(380)) - bf9845cc-5491-4380-971d-60a5c36fd440@group-8A5A189D8196-SegmentedRaftLogWorker: Starting segment from index:0
2019-09-17 13:42:05,321 [grpc-default-executor-1] INFO  segmented.SegmentedRaftLogWorker (SegmentedRaftLogWorker.java:truncate(396)) - 73c69e8a-9bd3-45ee-8ac9-6e361d860e2f@group-8A5A189D8196-SegmentedRaftLogWorker: Truncating segments toTruncate: null
  toDelete: [(0, 0) isOpen? true, length=0, newEndIndex=-1], start index 0
2019-09-17 13:42:05,322 [grpc-default-executor-1] INFO  segmented.SegmentedRaftLogWorker (SegmentedRaftLogWorker.java:startLogSegment(380)) - 73c69e8a-9bd3-45ee-8ac9-6e361d860e2f@group-8A5A189D8196-SegmentedRaftLogWorker: Starting segment from index:0
2019-09-17 13:42:05,324 [73c69e8a-9bd3-45ee-8ac9-6e361d860e2f@group-8A5A189D8196-SegmentedRaftLogWorker] INFO  segmented.SegmentedRaftLogWorker (SegmentedRaftLogWorker.java:execute(633)) - 73c69e8a-9bd3-45ee-8ac9-6e361d860e2f@group-8A5A189D8196-SegmentedRaftLogWorker: Deleted log file /tmp/workdir/hadoop-ozone/tools/target/test-dir/MiniOzoneClusterImpl-5c3156a5-1eb5-4435-9faa-bd301b5c4b00/datanode-0/data/ratis/035cdd69-bb9b-4d06-9aec-8a5a189d8196/current/log_inprogress_0
2019-09-17 13:42:05,324 [73c69e8a-9bd3-45ee-8ac9-6e361d860e2f@group-8A5A189D8196-SegmentedRaftLogWorker] INFO  segmented.SegmentedRaftLogWorker (SegmentedRaftLogWorker.java:lambda$new$0(132)) - 73c69e8a-9bd3-45ee-8ac9-6e361d860e2f@group-8A5A189D8196-SegmentedRaftLogWorker: flushIndex: setUnconditionally 0 -> -1
2019-09-17 13:42:05,379 [bf9845cc-5491-4380-971d-60a5c36fd440@group-8A5A189D8196-SegmentedRaftLogWorker] INFO  segmented.SegmentedRaftLogWorker (SegmentedRaftLogWorker.java:execute(569)) - bf9845cc-5491-4380-971d-60a5c36fd440@group-8A5A189D8196-SegmentedRaftLogWorker: created new log segment /tmp/workdir/hadoop-ozone/tools/target/test-dir/MiniOzoneClusterImpl-5c3156a5-1eb5-4435-9faa-bd301b5c4b00/datanode-2/data/ratis/035cdd69-bb9b-4d06-9aec-8a5a189d8196/current/log_inprogress_0
2019-09-17 13:42:05,379 [73c69e8a-9bd3-45ee-8ac9-6e361d860e2f@group-8A5A189D8196-SegmentedRaftLogWorker] INFO  segmented.SegmentedRaftLogWorker (SegmentedRaftLogWorker.java:execute(569)) - 73c69e8a-9bd3-45ee-8ac9-6e361d860e2f@group-8A5A189D8196-SegmentedRaftLogWorker: created new log segment /tmp/workdir/hadoop-ozone/tools/target/test-dir/MiniOzoneClusterImpl-5c3156a5-1eb5-4435-9faa-bd301b5c4b00/datanode-0/data/ratis/035cdd69-bb9b-4d06-9aec-8a5a189d8196/current/log_inprogress_0
2019-09-17 13:42:06,097 [grpc-default-executor-2] INFO  client.GrpcClientProtocolClient (GrpcClientProtocolClient.java:onNext(264)) - client-81120FDD4B4A->235b1c08-2c3c-45bc-ab7f-b19a657e57f0: receive RaftClientReply:client-81120FDD4B4A->235b1c08-2c3c-45bc-ab7f-b19a657e57f0@group-8A5A189D8196, cid=8, SUCCESS, logIndex=1, commits[235b1c08-2c3c-45bc-ab7f-b19a657e57f0:c1, 73c69e8a-9bd3-45ee-8ac9-6e361d860e2f:c0, bf9845cc-5491-4380-971d-60a5c36fd440:c0]
 0.00% |█                                                                                                    |  0/1 Time: 0:00:162019-09-17 13:42:06,231 [grpc-default-executor-2] INFO  client.GrpcClientProtocolClient (GrpcClientProtocolClient.java:onNext(264)) - client-81120FDD4B4A->235b1c08-2c3c-45bc-ab7f-b19a657e57f0: receive RaftClientReply:client-81120FDD4B4A->235b1c08-2c3c-45bc-ab7f-b19a657e57f0@group-8A5A189D8196, cid=9, SUCCESS, logIndex=3, commits[235b1c08-2c3c-45bc-ab7f-b19a657e57f0:c8, 73c69e8a-9bd3-45ee-8ac9-6e361d860e2f:c5, bf9845cc-5491-4380-971d-60a5c36fd440:c5]
2019-09-17 13:42:06,234 [grpc-default-executor-2] INFO  client.GrpcClientProtocolClient (GrpcClientProtocolClient.java:onNext(264)) - client-81120FDD4B4A->235b1c08-2c3c-45bc-ab7f-b19a657e57f0: receive RaftClientReply:client-81120FDD4B4A->235b1c08-2c3c-45bc-ab7f-b19a657e57f0@group-8A5A189D8196, cid=10, SUCCESS, logIndex=4, commits[235b1c08-2c3c-45bc-ab7f-b19a657e57f0:c8, 73c69e8a-9bd3-45ee-8ac9-6e361d860e2f:c5, bf9845cc-5491-4380-971d-60a5c36fd440:c5]
2019-09-17 13:42:06,374 [grpc-default-executor-2] INFO  client.GrpcClientProtocolClient (GrpcClientProtocolClient.java:onNext(264)) - client-81120FDD4B4A->235b1c08-2c3c-45bc-ab7f-b19a657e57f0: receive RaftClientReply:client-81120FDD4B4A->235b1c08-2c3c-45bc-ab7f-b19a657e57f0@group-8A5A189D8196, cid=11, SUCCESS, logIndex=5, commits[235b1c08-2c3c-45bc-ab7f-b19a657e57f0:c8, 73c69e8a-9bd3-45ee-8ac9-6e361d860e2f:c5, bf9845cc-5491-4380-971d-60a5c36fd440:c5]
2019-09-17 13:42:06,424 [grpc-default-executor-1] INFO  client.GrpcClientProtocolClient (GrpcClientProtocolClient.java:onNext(264)) - client-81120FDD4B4A->235b1c08-2c3c-45bc-ab7f-b19a657e57f0: receive RaftClientReply:client-81120FDD4B4A->235b1c08-2c3c-45bc-ab7f-b19a657e57f0@group-8A5A189D8196, cid=12, SUCCESS, logIndex=9, commits[235b1c08-2c3c-45bc-ab7f-b19a657e57f0:c9, 73c69e8a-9bd3-45ee-8ac9-6e361d860e2f:c8, bf9845cc-5491-4380-971d-60a5c36fd440:c5]
2019-09-17 13:42:06,427 [grpc-default-executor-2] INFO  client.GrpcClientProtocolClient (GrpcClientProtocolClient.java:onNext(264)) - client-81120FDD4B4A->235b1c08-2c3c-45bc-ab7f-b19a657e57f0: receive RaftClientReply:client-81120FDD4B4A->235b1c08-2c3c-45bc-ab7f-b19a657e57f0@group-8A5A189D8196, cid=13, SUCCESS, logIndex=10, commits[235b1c08-2c3c-45bc-ab7f-b19a657e57f0:c10, 73c69e8a-9bd3-45ee-8ac9-6e361d860e2f:c8, bf9845cc-5491-4380-971d-60a5c36fd440:c8]
2019-09-17 13:42:06,430 [grpc-default-executor-2] INFO  client.GrpcClientProtocolClient (GrpcClientProtocolClient.java:onNext(264)) - client-81120FDD4B4A->235b1c08-2c3c-45bc-ab7f-b19a657e57f0: receive RaftClientReply:client-81120FDD4B4A->235b1c08-2c3c-45bc-ab7f-b19a657e57f0@group-8A5A189D8196, cid=14, SUCCESS, logIndex=11, commits[235b1c08-2c3c-45bc-ab7f-b19a657e57f0:c11, 73c69e8a-9bd3-45ee-8ac9-6e361d860e2f:c8, bf9845cc-5491-4380-971d-60a5c36fd440:c8]
2019-09-17 13:42:06,442 [grpc-default-executor-0] INFO  client.GrpcClientProtocolClient (GrpcClientProtocolClient.java:onNext(264)) - client-81120FDD4B4A->235b1c08-2c3c-45bc-ab7f-b19a657e57f0: receive RaftClientReply:client-81120FDD4B4A->235b1c08-2c3c-45bc-ab7f-b19a657e57f0@group-8A5A189D8196, cid=15, SUCCESS, logIndex=12, commits[235b1c08-2c3c-45bc-ab7f-b19a657e57f0:c14, 73c69e8a-9bd3-45ee-8ac9-6e361d860e2f:c9, bf9845cc-5491-4380-971d-60a5c36fd440:c10]
2019-09-17 13:42:06,468 [grpc-default-executor-2] INFO  client.GrpcClientProtocolClient (GrpcClientProtocolClient.java:onNext(264)) - client-81120FDD4B4A->235b1c08-2c3c-45bc-ab7f-b19a657e57f0: receive RaftClientReply:client-81120FDD4B4A->235b1c08-2c3c-45bc-ab7f-b19a657e57f0@group-8A5A189D8196, cid=16, SUCCESS, logIndex=0, commits[235b1c08-2c3c-45bc-ab7f-b19a657e57f0:c15, 73c69e8a-9bd3-45ee-8ac9-6e361d860e2f:c12, bf9845cc-5491-4380-971d-60a5c36fd440:c13]
2019-09-17 13:42:06,473 [grpc-default-executor-2] INFO  client.GrpcClientProtocolClient (GrpcClientProtocolClient.java:onNext(264)) - client-81120FDD4B4A->235b1c08-2c3c-45bc-ab7f-b19a657e57f0: receive RaftClientReply:client-81120FDD4B4A->235b1c08-2c3c-45bc-ab7f-b19a657e57f0@group-8A5A189D8196, cid=17, SUCCESS, logIndex=0, commits[235b1c08-2c3c-45bc-ab7f-b19a657e57f0:c16, 73c69e8a-9bd3-45ee-8ac9-6e361d860e2f:c12, bf9845cc-5491-4380-971d-60a5c36fd440:c13]
2019-09-17 13:42:06,507 [grpc-default-executor-2] INFO  client.GrpcClientProtocolClient (GrpcClientProtocolClient.java:onNext(264)) - client-B79E81ABE48D->bf9845cc-5491-4380-971d-60a5c36fd440: receive RaftClientReply:client-B79E81ABE48D->bf9845cc-5491-4380-971d-60a5c36fd440@group-8A5A189D8196, cid=18, FAILED org.apache.ratis.protocol.NotLeaderException: Server bf9845cc-5491-4380-971d-60a5c36fd440@group-8A5A189D8196 is not the leader 235b1c08-2c3c-45bc-ab7f-b19a657e57f0:192.168.5.130:39322, logIndex=0, commits[bf9845cc-5491-4380-971d-60a5c36fd440:c13, 73c69e8a-9bd3-45ee-8ac9-6e361d860e2f:c9, 235b1c08-2c3c-45bc-ab7f-b19a657e57f0:c13]
2019-09-17 13:42:06,716 [grpc-default-executor-2] INFO  client.GrpcClientProtocolClient (GrpcClientProtocolClient.java:onNext(264)) - client-B79E81ABE48D->235b1c08-2c3c-45bc-ab7f-b19a657e57f0: receive RaftClientReply:client-B79E81ABE48D->235b1c08-2c3c-45bc-ab7f-b19a657e57f0@group-8A5A189D8196, cid=18, SUCCESS, logIndex=17, commits[235b1c08-2c3c-45bc-ab7f-b19a657e57f0:c17, 73c69e8a-9bd3-45ee-8ac9-6e361d860e2f:c16, bf9845cc-5491-4380-971d-60a5c36fd440:c16]
2019-09-17 13:42:06,818 [grpc-default-executor-2] INFO  client.GrpcClientProtocolClient (GrpcClientProtocolClient.java:onNext(264)) - client-B79E81ABE48D->235b1c08-2c3c-45bc-ab7f-b19a657e57f0: receive RaftClientReply:client-B79E81ABE48D->235b1c08-2c3c-45bc-ab7f-b19a657e57f0@group-8A5A189D8196, cid=19, SUCCESS, logIndex=19, commits[235b1c08-2c3c-45bc-ab7f-b19a657e57f0:c23, 73c69e8a-9bd3-45ee-8ac9-6e361d860e2f:c20, bf9845cc-5491-4380-971d-60a5c36fd440:c20]
2019-09-17 13:42:06,819 [grpc-default-executor-2] INFO  client.GrpcClientProtocolClient (GrpcClientProtocolClient.java:onNext(264)) - client-B79E81ABE48D->235b1c08-2c3c-45bc-ab7f-b19a657e57f0: receive RaftClientReply:client-B79E81ABE48D->235b1c08-2c3c-45bc-ab7f-b19a657e57f0@group-8A5A189D8196, cid=20, SUCCESS, logIndex=20, commits[235b1c08-2c3c-45bc-ab7f-b19a657e57f0:c23, 73c69e8a-9bd3-45ee-8ac9-6e361d860e2f:c20, bf9845cc-5491-4380-971d-60a5c36fd440:c20]
2019-09-17 13:42:06,967 [grpc-default-executor-2] INFO  client.GrpcClientProtocolClient (GrpcClientProtocolClient.java:onNext(264)) - client-B79E81ABE48D->235b1c08-2c3c-45bc-ab7f-b19a657e57f0: receive RaftClientReply:client-B79E81ABE48D->235b1c08-2c3c-45bc-ab7f-b19a657e57f0@group-8A5A189D8196, cid=21, SUCCESS, logIndex=22, commits[235b1c08-2c3c-45bc-ab7f-b19a657e57f0:c24, 73c69e8a-9bd3-45ee-8ac9-6e361d860e2f:c22, bf9845cc-5491-4380-971d-60a5c36fd440:c22]
2019-09-17 13:42:07,019 [grpc-default-executor-2] INFO  client.GrpcClientProtocolClient (GrpcClientProtocolClient.java:onNext(264)) - client-B79E81ABE48D->235b1c08-2c3c-45bc-ab7f-b19a657e57f0: receive RaftClientReply:client-B79E81ABE48D->235b1c08-2c3c-45bc-ab7f-b19a657e57f0@group-8A5A189D8196, cid=22, SUCCESS, logIndex=25, commits[235b1c08-2c3c-45bc-ab7f-b19a657e57f0:c25, 73c69e8a-9bd3-45ee-8ac9-6e361d860e2f:c24, bf9845cc-5491-4380-971d-60a5c36fd440:c24]
2019-09-17 13:42:07,024 [grpc-default-executor-0] INFO  client.GrpcClientProtocolClient (GrpcClientProtocolClient.java:onNext(264)) - client-B79E81ABE48D->235b1c08-2c3c-45bc-ab7f-b19a657e57f0: receive RaftClientReply:client-B79E81ABE48D->235b1c08-2c3c-45bc-ab7f-b19a657e57f0@group-8A5A189D8196, cid=23, SUCCESS, logIndex=26, commits[235b1c08-2c3c-45bc-ab7f-b19a657e57f0:c26, 73c69e8a-9bd3-45ee-8ac9-6e361d860e2f:c24, bf9845cc-5491-4380-971d-60a5c36fd440:c24]
2019-09-17 13:42:07,038 [grpc-default-executor-0] INFO  client.GrpcClientProtocolClient (GrpcClientProtocolClient.java:onNext(264)) - client-B79E81ABE48D->235b1c08-2c3c-45bc-ab7f-b19a657e57f0: receive RaftClientReply:client-B79E81ABE48D->235b1c08-2c3c-45bc-ab7f-b19a657e57f0@group-8A5A189D8196, cid=24, SUCCESS, logIndex=27, commits[235b1c08-2c3c-45bc-ab7f-b19a657e57f0:c28, 73c69e8a-9bd3-45ee-8ac9-6e361d860e2f:c24, bf9845cc-5491-4380-971d-60a5c36fd440:c24]
2019-09-17 13:42:07,038 [grpc-default-executor-0] INFO  client.GrpcClientProtocolClient (GrpcClientProtocolClient.java:onNext(264)) - client-B79E81ABE48D->235b1c08-2c3c-45bc-ab7f-b19a657e57f0: receive RaftClientReply:client-B79E81ABE48D->235b1c08-2c3c-45bc-ab7f-b19a657e57f0@group-8A5A189D8196, cid=25, SUCCESS, logIndex=28, commits[235b1c08-2c3c-45bc-ab7f-b19a657e57f0:c28, 73c69e8a-9bd3-45ee-8ac9-6e361d860e2f:c24, bf9845cc-5491-4380-971d-60a5c36fd440:c24]
2019-09-17 13:42:07,058 [grpc-default-executor-0] INFO  client.GrpcClientProtocolClient (GrpcClientProtocolClient.java:onNext(264)) - client-B79E81ABE48D->235b1c08-2c3c-45bc-ab7f-b19a657e57f0: receive RaftClientReply:client-B79E81ABE48D->235b1c08-2c3c-45bc-ab7f-b19a657e57f0@group-8A5A189D8196, cid=26, SUCCESS, logIndex=0, commits[235b1c08-2c3c-45bc-ab7f-b19a657e57f0:c32, 73c69e8a-9bd3-45ee-8ac9-6e361d860e2f:c26, bf9845cc-5491-4380-971d-60a5c36fd440:c28]
2019-09-17 13:42:07,061 [grpc-default-executor-0] INFO  client.GrpcClientProtocolClient (GrpcClientProtocolClient.java:onNext(264)) - client-B79E81ABE48D->235b1c08-2c3c-45bc-ab7f-b19a657e57f0: receive RaftClientReply:client-B79E81ABE48D->235b1c08-2c3c-45bc-ab7f-b19a657e57f0@group-8A5A189D8196, cid=27, SUCCESS, logIndex=0, commits[235b1c08-2c3c-45bc-ab7f-b19a657e57f0:c32, 73c69e8a-9bd3-45ee-8ac9-6e361d860e2f:c28, bf9845cc-5491-4380-971d-60a5c36fd440:c28]
 0.00% |█                                                                                                    |  0/1 Time: 0:00:17 0.00% |█                                                                                                    |  0/1 Time: 0:00:18 0.00% |█                                                                                                    |  0/1 Time: 0:00:192019-09-17 13:42:10,079 [java.util.concurrent.ThreadPoolExecutor$Worker@2c96aea2[State = -1, empty queue]] WARN  server.GrpcLogAppender (GrpcLogAppender.java:timeoutAppendRequest(200)) - 235b1c08-2c3c-45bc-ab7f-b19a657e57f0@group-8A5A189D8196->73c69e8a-9bd3-45ee-8ac9-6e361d860e2f-GrpcLogAppender: appendEntries Timeout, request=235b1c08-2c3c-45bc-ab7f-b19a657e57f0->73c69e8a-9bd3-45ee-8ac9-6e361d860e2f#34-t4, previous=(t:4, i:32), leaderCommit=32, initializing? false, entries: size=1, first=(t:4, i:33), STATEMACHINELOGENTRY, client-B79E81ABE48D, cid=28
2019-09-17 13:42:10,079 [java.util.concurrent.ThreadPoolExecutor$Worker@23a99472[State = -1, empty queue]] WARN  server.GrpcLogAppender (GrpcLogAppender.java:timeoutAppendRequest(200)) - 235b1c08-2c3c-45bc-ab7f-b19a657e57f0@group-8A5A189D8196->bf9845cc-5491-4380-971d-60a5c36fd440-GrpcLogAppender: appendEntries Timeout, request=235b1c08-2c3c-45bc-ab7f-b19a657e57f0->bf9845cc-5491-4380-971d-60a5c36fd440#34-t4, previous=(t:4, i:32), leaderCommit=32, initializing? false, entries: size=1, first=(t:4, i:33), STATEMACHINELOGENTRY, client-B79E81ABE48D, cid=28
2019-09-17 13:42:10,080 [java.util.concurrent.ThreadPoolExecutor$Worker@2c96aea2[State = -1, empty queue]] WARN  server.GrpcLogAppender (GrpcLogAppender.java:timeoutAppendRequest(200)) - 235b1c08-2c3c-45bc-ab7f-b19a657e57f0@group-8A5A189D8196->73c69e8a-9bd3-45ee-8ac9-6e361d860e2f-GrpcLogAppender: appendEntries Timeout, request=235b1c08-2c3c-45bc-ab7f-b19a657e57f0->73c69e8a-9bd3-45ee-8ac9-6e361d860e2f#35-t4, previous=(t:4, i:33), leaderCommit=32, initializing? false, entries: size=1, first=(t:4, i:34), STATEMACHINELOGENTRY, client-B79E81ABE48D, cid=29
2019-09-17 13:42:10,084 [java.util.concurrent.ThreadPoolExecutor$Worker@23a99472[State = -1, empty queue]] WARN  server.GrpcLogAppender (GrpcLogAppender.java:timeoutAppendRequest(200)) - 235b1c08-2c3c-45bc-ab7f-b19a657e57f0@group-8A5A189D8196->bf9845cc-5491-4380-971d-60a5c36fd440-GrpcLogAppender: appendEntries Timeout, request=235b1c08-2c3c-45bc-ab7f-b19a657e57f0->bf9845cc-5491-4380-971d-60a5c36fd440#35-t4, previous=(t:4, i:33), leaderCommit=32, initializing? false, entries: size=1, first=(t:4, i:34), STATEMACHINELOGENTRY, client-B79E81ABE48D, cid=29
2019-09-17 13:42:10,089 [java.util.concurrent.ThreadPoolExecutor$Worker@23a99472[State = -1, empty queue]] WARN  server.GrpcLogAppender (GrpcLogAppender.java:timeoutAppendRequest(200)) - 235b1c08-2c3c-45bc-ab7f-b19a657e57f0@group-8A5A189D8196->bf9845cc-5491-4380-971d-60a5c36fd440-GrpcLogAppender: appendEntries Timeout, request=235b1c08-2c3c-45bc-ab7f-b19a657e57f0->bf9845cc-5491-4380-971d-60a5c36fd440#36-t4, previous=(t:4, i:34), leaderCommit=32, initializing? false, entries: size=1, first=(t:4, i:35), STATEMACHINELOGENTRY, client-B79E81ABE48D, cid=30
2019-09-17 13:42:10,089 [java.util.concurrent.ThreadPoolExecutor$Worker@2c96aea2[State = -1, empty queue]] WARN  server.GrpcLogAppender (GrpcLogAppender.java:timeoutAppendRequest(200)) - 235b1c08-2c3c-45bc-ab7f-b19a657e57f0@group-8A5A189D8196->73c69e8a-9bd3-45ee-8ac9-6e361d860e2f-GrpcLogAppender: appendEntries Timeout, request=235b1c08-2c3c-45bc-ab7f-b19a657e57f0->73c69e8a-9bd3-45ee-8ac9-6e361d860e2f#36-t4, previous=(t:4, i:34), leaderCommit=32, initializing? false, entries: size=1, first=(t:4, i:35), STATEMACHINELOGENTRY, client-B79E81ABE48D, cid=30
2019-09-17 13:42:10,091 [java.util.concurrent.ThreadPoolExecutor$Worker@23a99472[State = -1, empty queue]] WARN  server.GrpcLogAppender (GrpcLogAppender.java:timeoutAppendRequest(200)) - 235b1c08-2c3c-45bc-ab7f-b19a657e57f0@group-8A5A189D8196->bf9845cc-5491-4380-971d-60a5c36fd440-GrpcLogAppender: appendEntries Timeout, request=235b1c08-2c3c-45bc-ab7f-b19a657e57f0->bf9845cc-5491-4380-971d-60a5c36fd440#37-t4, previous=(t:4, i:35), leaderCommit=32, initializing? false, entries: size=1, first=(t:4, i:36), STATEMACHINELOGENTRY, client-B79E81ABE48D, cid=31
2019-09-17 13:42:10,093 [java.util.concurrent.ThreadPoolExecutor$Worker@2c96aea2[State = -1, empty queue]] WARN  server.GrpcLogAppender (GrpcLogAppender.java:timeoutAppendRequest(200)) - 235b1c08-2c3c-45bc-ab7f-b19a657e57f0@group-8A5A189D8196->73c69e8a-9bd3-45ee-8ac9-6e361d860e2f-GrpcLogAppender: appendEntries Timeout, request=235b1c08-2c3c-45bc-ab7f-b19a657e57f0->73c69e8a-9bd3-45ee-8ac9-6e361d860e2f#37-t4, previous=(t:4, i:35), leaderCommit=32, initializing? false, entries: size=1, first=(t:4, i:36), STATEMACHINELOGENTRY, client-B79E81ABE48D, cid=31
 0.00% |█                                                                                                    |  0/1 Time: 0:00:20 0.00% |█                                                                                                    |  0/1 Time: 0:00:212019-09-17 13:42:12,142 [grpc-default-executor-0] INFO  client.GrpcClientProtocolClient (GrpcClientProtocolClient.java:onNext(264)) - client-B79E81ABE48D->bf9845cc-5491-4380-971d-60a5c36fd440: receive RaftClientReply:client-B79E81ABE48D->bf9845cc-5491-4380-971d-60a5c36fd440@group-8A5A189D8196, cid=28, FAILED org.apache.ratis.protocol.NotLeaderException: Server bf9845cc-5491-4380-971d-60a5c36fd440@group-8A5A189D8196 is not the leader 235b1c08-2c3c-45bc-ab7f-b19a657e57f0:192.168.5.130:39322, logIndex=0, commits[bf9845cc-5491-4380-971d-60a5c36fd440:c32, 73c69e8a-9bd3-45ee-8ac9-6e361d860e2f:c28, 235b1c08-2c3c-45bc-ab7f-b19a657e57f0:c32]
 0.00% |█                                                                                                    |  0/1 Time: 0:00:222019-09-17 13:42:12,590 [java.util.concurrent.ThreadPoolExecutor$Worker@2c96aea2[State = -1, empty queue]] WARN  server.GrpcLogAppender (GrpcLogAppender.java:timeoutAppendRequest(200)) - 235b1c08-2c3c-45bc-ab7f-b19a657e57f0@group-8A5A189D8196->73c69e8a-9bd3-45ee-8ac9-6e361d860e2f-GrpcLogAppender: appendEntries Timeout, request=235b1c08-2c3c-45bc-ab7f-b19a657e57f0->73c69e8a-9bd3-45ee-8ac9-6e361d860e2f#38-t4, previous=(t:4, i:36), leaderCommit=32, initializing? false, entries: <empty>
2019-09-17 13:42:12,596 [java.util.concurrent.ThreadPoolExecutor$Worker@23a99472[State = -1, empty queue]] WARN  server.GrpcLogAppender (GrpcLogAppender.java:timeoutAppendRequest(200)) - 235b1c08-2c3c-45bc-ab7f-b19a657e57f0@group-8A5A189D8196->bf9845cc-5491-4380-971d-60a5c36fd440-GrpcLogAppender: appendEntries Timeout, request=235b1c08-2c3c-45bc-ab7f-b19a657e57f0->bf9845cc-5491-4380-971d-60a5c36fd440#38-t4, previous=(t:4, i:36), leaderCommit=32, initializing? false, entries: <empty>
 0.00% |█                                                                                                    |  0/1 Time: 0:00:23 0.00% |█                                                                                                    |  0/1 Time: 0:00:242019-09-17 13:42:15,096 [java.util.concurrent.ThreadPoolExecutor$Worker@2c96aea2[State = -1, empty queue]] WARN  server.GrpcLogAppender (GrpcLogAppender.java:timeoutAppendRequest(200)) - 235b1c08-2c3c-45bc-ab7f-b19a657e57f0@group-8A5A189D8196->73c69e8a-9bd3-45ee-8ac9-6e361d860e2f-GrpcLogAppender: appendEntries Timeout, request=235b1c08-2c3c-45bc-ab7f-b19a657e57f0->73c69e8a-9bd3-45ee-8ac9-6e361d860e2f#39-t4, previous=(t:4, i:36), leaderCommit=32, initializing? false, entries: <empty>
2019-09-17 13:42:15,096 [java.util.concurrent.ThreadPoolExecutor$Worker@23a99472[State = -1, empty queue]] WARN  server.GrpcLogAppender (GrpcLogAppender.java:timeoutAppendRequest(200)) - 235b1c08-2c3c-45bc-ab7f-b19a657e57f0@group-8A5A189D8196->bf9845cc-5491-4380-971d-60a5c36fd440-GrpcLogAppender: appendEntries Timeout, request=235b1c08-2c3c-45bc-ab7f-b19a657e57f0->bf9845cc-5491-4380-971d-60a5c36fd440#39-t4, previous=(t:4, i:36), leaderCommit=32, initializing? false, entries: <empty>
 0.00% |█                                                                                                    |  0/1 Time: 0:00:25 0.00% |█                                                                                                    |  0/1 Time: 0:00:26 0.00% |█                                                                                                    |  0/1 Time: 0:00:272019-09-17 13:42:17,223 [grpc-default-executor-0] INFO  client.GrpcClientProtocolClient (GrpcClientProtocolClient.java:onNext(264)) - client-B79E81ABE48D->73c69e8a-9bd3-45ee-8ac9-6e361d860e2f: receive RaftClientReply:client-B79E81ABE48D->73c69e8a-9bd3-45ee-8ac9-6e361d860e2f@group-8A5A189D8196, cid=28, FAILED org.apache.ratis.protocol.NotLeaderException: Server 73c69e8a-9bd3-45ee-8ac9-6e361d860e2f@group-8A5A189D8196 is not the leader 235b1c08-2c3c-45bc-ab7f-b19a657e57f0:192.168.5.130:39322, logIndex=0, commits[73c69e8a-9bd3-45ee-8ac9-6e361d860e2f:c32, 235b1c08-2c3c-45bc-ab7f-b19a657e57f0:c32, bf9845cc-5491-4380-971d-60a5c36fd440:c28]
2019-09-17 13:42:17,249 [bf9845cc-5491-4380-971d-60a5c36fd440@group-8A5A189D8196-SegmentedRaftLogWorker] WARN  segmented.SegmentedRaftLogWorker (SegmentedRaftLogWorker.java:getFromFuture(90)) - Timeout 0/~
org.apache.ratis.protocol.TimeoutIOException: Timeout 10s: WriteLog:35: (t:4, i:35), STATEMACHINELOGENTRY, client-B79E81ABE48D, cid=30-writeStateMachineData
	at org.apache.ratis.util.IOUtils.getFromFuture(IOUtils.java:87)
	at org.apache.ratis.server.raftlog.segmented.SegmentedRaftLogWorker$StateMachineDataPolicy.getFromFuture(SegmentedRaftLogWorker.java:87)
	at org.apache.ratis.server.raftlog.segmented.SegmentedRaftLogWorker$WriteLog.execute(SegmentedRaftLogWorker.java:477)
	at org.apache.ratis.server.raftlog.segmented.SegmentedRaftLogWorker.run(SegmentedRaftLogWorker.java:289)
	at java.lang.Thread.run(Thread.java:748)
Caused by: java.util.concurrent.TimeoutException
	at java.util.concurrent.CompletableFuture.timedGet(CompletableFuture.java:1771)
	at java.util.concurrent.CompletableFuture.get(CompletableFuture.java:1915)
	at org.apache.ratis.util.IOUtils.getFromFuture(IOUtils.java:79)
	... 4 more
2019-09-17 13:42:17,249 [235b1c08-2c3c-45bc-ab7f-b19a657e57f0@group-8A5A189D8196-SegmentedRaftLogWorker] WARN  segmented.SegmentedRaftLogWorker (SegmentedRaftLogWorker.java:getFromFuture(90)) - Timeout 0/~
org.apache.ratis.protocol.TimeoutIOException: Timeout 10s: WriteLog:35: (t:4, i:35), STATEMACHINELOGENTRY, client-B79E81ABE48D, cid=30-writeStateMachineData
	at org.apache.ratis.util.IOUtils.getFromFuture(IOUtils.java:87)
	at org.apache.ratis.server.raftlog.segmented.SegmentedRaftLogWorker$StateMachineDataPolicy.getFromFuture(SegmentedRaftLogWorker.java:87)
	at org.apache.ratis.server.raftlog.segmented.SegmentedRaftLogWorker$WriteLog.execute(SegmentedRaftLogWorker.java:477)
	at org.apache.ratis.server.raftlog.segmented.SegmentedRaftLogWorker.run(SegmentedRaftLogWorker.java:289)
	at java.lang.Thread.run(Thread.java:748)
Caused by: java.util.concurrent.TimeoutException
	at java.util.concurrent.CompletableFuture.timedGet(CompletableFuture.java:1771)
	at java.util.concurrent.CompletableFuture.get(CompletableFuture.java:1915)
	at org.apache.ratis.util.IOUtils.getFromFuture(IOUtils.java:79)
	... 4 more
2019-09-17 13:42:17,249 [73c69e8a-9bd3-45ee-8ac9-6e361d860e2f@group-8A5A189D8196-SegmentedRaftLogWorker] WARN  segmented.SegmentedRaftLogWorker (SegmentedRaftLogWorker.java:getFromFuture(90)) - Timeout 0/~
org.apache.ratis.protocol.TimeoutIOException: Timeout 10s: WriteLog:35: (t:4, i:35), STATEMACHINELOGENTRY, client-B79E81ABE48D, cid=30-writeStateMachineData
	at org.apache.ratis.util.IOUtils.getFromFuture(IOUtils.java:87)
	at org.apache.ratis.server.raftlog.segmented.SegmentedRaftLogWorker$StateMachineDataPolicy.getFromFuture(SegmentedRaftLogWorker.java:87)
	at org.apache.ratis.server.raftlog.segmented.SegmentedRaftLogWorker$WriteLog.execute(SegmentedRaftLogWorker.java:477)
	at org.apache.ratis.server.raftlog.segmented.SegmentedRaftLogWorker.run(SegmentedRaftLogWorker.java:289)
	at java.lang.Thread.run(Thread.java:748)
Caused by: java.util.concurrent.TimeoutException
	at java.util.concurrent.CompletableFuture.timedGet(CompletableFuture.java:1771)
	at java.util.concurrent.CompletableFuture.get(CompletableFuture.java:1915)
	at org.apache.ratis.util.IOUtils.getFromFuture(IOUtils.java:79)
	... 4 more
2019-09-17 13:42:17,597 [java.util.concurrent.ThreadPoolExecutor$Worker@2c96aea2[State = -1, empty queue]] WARN  server.GrpcLogAppender (GrpcLogAppender.java:timeoutAppendRequest(200)) - 235b1c08-2c3c-45bc-ab7f-b19a657e57f0@group-8A5A189D8196->73c69e8a-9bd3-45ee-8ac9-6e361d860e2f-GrpcLogAppender: appendEntries Timeout, request=235b1c08-2c3c-45bc-ab7f-b19a657e57f0->73c69e8a-9bd3-45ee-8ac9-6e361d860e2f#40-t4, previous=(t:4, i:36), leaderCommit=32, initializing? false, entries: <empty>
2019-09-17 13:42:17,597 [java.util.concurrent.ThreadPoolExecutor$Worker@23a99472[State = -1, empty queue]] WARN  server.GrpcLogAppender (GrpcLogAppender.java:timeoutAppendRequest(200)) - 235b1c08-2c3c-45bc-ab7f-b19a657e57f0@group-8A5A189D8196->bf9845cc-5491-4380-971d-60a5c36fd440-GrpcLogAppender: appendEntries Timeout, request=235b1c08-2c3c-45bc-ab7f-b19a657e57f0->bf9845cc-5491-4380-971d-60a5c36fd440#40-t4, previous=(t:4, i:36), leaderCommit=32, initializing? false, entries: <empty>
 0.00% |█                                                                                                    |  0/1 Time: 0:00:28 0.00% |█                                                                                                    |  0/1 Time: 0:00:292019-09-17 13:42:20,099 [java.util.concurrent.ThreadPoolExecutor$Worker@23a99472[State = -1, empty queue]] WARN  server.GrpcLogAppender (GrpcLogAppender.java:timeoutAppendRequest(200)) - 235b1c08-2c3c-45bc-ab7f-b19a657e57f0@group-8A5A189D8196->bf9845cc-5491-4380-971d-60a5c36fd440-GrpcLogAppender: appendEntries Timeout, request=235b1c08-2c3c-45bc-ab7f-b19a657e57f0->bf9845cc-5491-4380-971d-60a5c36fd440#41-t4, previous=(t:4, i:36), leaderCommit=32, initializing? false, entries: <empty>
2019-09-17 13:42:20,099 [java.util.concurrent.ThreadPoolExecutor$Worker@2c96aea2[State = -1, empty queue]] WARN  server.GrpcLogAppender (GrpcLogAppender.java:timeoutAppendRequest(200)) - 235b1c08-2c3c-45bc-ab7f-b19a657e57f0@group-8A5A189D8196->73c69e8a-9bd3-45ee-8ac9-6e361d860e2f-GrpcLogAppender: appendEntries Timeout, request=235b1c08-2c3c-45bc-ab7f-b19a657e57f0->73c69e8a-9bd3-45ee-8ac9-6e361d860e2f#41-t4, previous=(t:4, i:36), leaderCommit=32, initializing? false, entries: <empty>
 0.00% |█                                                                                                    |  0/1 Time: 0:00:30 0.00% |█                                                                                                    |  0/1 Time: 0:00:31 0.00% |█                                                                                                    |  0/1 Time: 0:00:322019-09-17 13:42:22,282 [grpc-default-executor-2] INFO  client.GrpcClientProtocolClient (GrpcClientProtocolClient.java:onNext(264)) - client-B79E81ABE48D->bf9845cc-5491-4380-971d-60a5c36fd440: receive RaftClientReply:client-B79E81ABE48D->bf9845cc-5491-4380-971d-60a5c36fd440@group-8A5A189D8196, cid=28, FAILED org.apache.ratis.protocol.NotLeaderException: Server bf9845cc-5491-4380-971d-60a5c36fd440@group-8A5A189D8196 is not the leader 235b1c08-2c3c-45bc-ab7f-b19a657e57f0:192.168.5.130:39322, logIndex=0, commits[bf9845cc-5491-4380-971d-60a5c36fd440:c32, 73c69e8a-9bd3-45ee-8ac9-6e361d860e2f:c28, 235b1c08-2c3c-45bc-ab7f-b19a657e57f0:c32]
2019-09-17 13:42:22,600 [java.util.concurrent.ThreadPoolExecutor$Worker@23a99472[State = -1, empty queue]] WARN  server.GrpcLogAppender (GrpcLogAppender.java:timeoutAppendRequest(200)) - 235b1c08-2c3c-45bc-ab7f-b19a657e57f0@group-8A5A189D8196->bf9845cc-5491-4380-971d-60a5c36fd440-GrpcLogAppender: appendEntries Timeout, request=235b1c08-2c3c-45bc-ab7f-b19a657e57f0->bf9845cc-5491-4380-971d-60a5c36fd440#42-t4, previous=(t:4, i:36), leaderCommit=32, initializing? false, entries: <empty>
2019-09-17 13:42:22,600 [java.util.concurrent.ThreadPoolExecutor$Worker@2c96aea2[State = -1, empty queue]] WARN  server.GrpcLogAppender (GrpcLogAppender.java:timeoutAppendRequest(200)) - 235b1c08-2c3c-45bc-ab7f-b19a657e57f0@group-8A5A189D8196->73c69e8a-9bd3-45ee-8ac9-6e361d860e2f-GrpcLogAppender: appendEntries Timeout, request=235b1c08-2c3c-45bc-ab7f-b19a657e57f0->73c69e8a-9bd3-45ee-8ac9-6e361d860e2f#42-t4, previous=(t:4, i:36), leaderCommit=32, initializing? false, entries: <empty>
 0.00% |█                                                                                                    |  0/1 Time: 0:00:33 0.00% |█                                                                                                    |  0/1 Time: 0:00:342019-09-17 13:42:25,102 [java.util.concurrent.ThreadPoolExecutor$Worker@23a99472[State = -1, empty queue]] WARN  server.GrpcLogAppender (GrpcLogAppender.java:timeoutAppendRequest(200)) - 235b1c08-2c3c-45bc-ab7f-b19a657e57f0@group-8A5A189D8196->bf9845cc-5491-4380-971d-60a5c36fd440-GrpcLogAppender: appendEntries Timeout, request=235b1c08-2c3c-45bc-ab7f-b19a657e57f0->bf9845cc-5491-4380-971d-60a5c36fd440#43-t4, previous=(t:4, i:36), leaderCommit=32, initializing? false, entries: <empty>
2019-09-17 13:42:25,102 [java.util.concurrent.ThreadPoolExecutor$Worker@2c96aea2[State = -1, empty queue]] WARN  server.GrpcLogAppender (GrpcLogAppender.java:timeoutAppendRequest(200)) - 235b1c08-2c3c-45bc-ab7f-b19a657e57f0@group-8A5A189D8196->73c69e8a-9bd3-45ee-8ac9-6e361d860e2f-GrpcLogAppender: appendEntries Timeout, request=235b1c08-2c3c-45bc-ab7f-b19a657e57f0->73c69e8a-9bd3-45ee-8ac9-6e361d860e2f#43-t4, previous=(t:4, i:36), leaderCommit=32, initializing? false, entries: <empty>
 0.00% |█                                                                                                    |  0/1 Time: 0:00:35 0.00% |█                                                                                                    |  0/1 Time: 0:00:36 0.00% |█                                                                                                    |  0/1 Time: 0:00:372019-09-17 13:42:27,252 [bf9845cc-5491-4380-971d-60a5c36fd440@group-8A5A189D8196-SegmentedRaftLogWorker] WARN  segmented.SegmentedRaftLogWorker (SegmentedRaftLogWorker.java:getFromFuture(90)) - Timeout 1/~
org.apache.ratis.protocol.TimeoutIOException: Timeout 10s: WriteLog:35: (t:4, i:35), STATEMACHINELOGENTRY, client-B79E81ABE48D, cid=30-writeStateMachineData
	at org.apache.ratis.util.IOUtils.getFromFuture(IOUtils.java:87)
	at org.apache.ratis.server.raftlog.segmented.SegmentedRaftLogWorker$StateMachineDataPolicy.getFromFuture(SegmentedRaftLogWorker.java:87)
	at org.apache.ratis.server.raftlog.segmented.SegmentedRaftLogWorker$WriteLog.execute(SegmentedRaftLogWorker.java:477)
	at org.apache.ratis.server.raftlog.segmented.SegmentedRaftLogWorker.run(SegmentedRaftLogWorker.java:289)
	at java.lang.Thread.run(Thread.java:748)
Caused by: java.util.concurrent.TimeoutException
	at java.util.concurrent.CompletableFuture.timedGet(CompletableFuture.java:1771)
	at java.util.concurrent.CompletableFuture.get(CompletableFuture.java:1915)
	at org.apache.ratis.util.IOUtils.getFromFuture(IOUtils.java:79)
	... 4 more
2019-09-17 13:42:27,253 [235b1c08-2c3c-45bc-ab7f-b19a657e57f0@group-8A5A189D8196-SegmentedRaftLogWorker] WARN  segmented.SegmentedRaftLogWorker (SegmentedRaftLogWorker.java:getFromFuture(90)) - Timeout 1/~
org.apache.ratis.protocol.TimeoutIOException: Timeout 10s: WriteLog:35: (t:4, i:35), STATEMACHINELOGENTRY, client-B79E81ABE48D, cid=30-writeStateMachineData
	at org.apache.ratis.util.IOUtils.getFromFuture(IOUtils.java:87)
	at org.apache.ratis.server.raftlog.segmented.SegmentedRaftLogWorker$StateMachineDataPolicy.getFromFuture(SegmentedRaftLogWorker.java:87)
	at org.apache.ratis.server.raftlog.segmented.SegmentedRaftLogWorker$WriteLog.execute(SegmentedRaftLogWorker.java:477)
	at org.apache.ratis.server.raftlog.segmented.SegmentedRaftLogWorker.run(SegmentedRaftLogWorker.java:289)
	at java.lang.Thread.run(Thread.java:748)
Caused by: java.util.concurrent.TimeoutException
	at java.util.concurrent.CompletableFuture.timedGet(CompletableFuture.java:1771)
	at java.util.concurrent.CompletableFuture.get(CompletableFuture.java:1915)
	at org.apache.ratis.util.IOUtils.getFromFuture(IOUtils.java:79)
	... 4 more
2019-09-17 13:42:27,254 [73c69e8a-9bd3-45ee-8ac9-6e361d860e2f@group-8A5A189D8196-SegmentedRaftLogWorker] WARN  segmented.SegmentedRaftLogWorker (SegmentedRaftLogWorker.java:getFromFuture(90)) - Timeout 1/~
org.apache.ratis.protocol.TimeoutIOException: Timeout 10s: WriteLog:35: (t:4, i:35), STATEMACHINELOGENTRY, client-B79E81ABE48D, cid=30-writeStateMachineData
	at org.apache.ratis.util.IOUtils.getFromFuture(IOUtils.java:87)
	at org.apache.ratis.server.raftlog.segmented.SegmentedRaftLogWorker$StateMachineDataPolicy.getFromFuture(SegmentedRaftLogWorker.java:87)
	at org.apache.ratis.server.raftlog.segmented.SegmentedRaftLogWorker$WriteLog.execute(SegmentedRaftLogWorker.java:477)
	at org.apache.ratis.server.raftlog.segmented.SegmentedRaftLogWorker.run(SegmentedRaftLogWorker.java:289)
	at java.lang.Thread.run(Thread.java:748)
Caused by: java.util.concurrent.TimeoutException
	at java.util.concurrent.CompletableFuture.timedGet(CompletableFuture.java:1771)
	at java.util.concurrent.CompletableFuture.get(CompletableFuture.java:1915)
	at org.apache.ratis.util.IOUtils.getFromFuture(IOUtils.java:79)
	... 4 more
2019-09-17 13:42:27,340 [grpc-default-executor-0] INFO  client.GrpcClientProtocolClient (GrpcClientProtocolClient.java:onNext(264)) - client-B79E81ABE48D->73c69e8a-9bd3-45ee-8ac9-6e361d860e2f: receive RaftClientReply:client-B79E81ABE48D->73c69e8a-9bd3-45ee-8ac9-6e361d860e2f@group-8A5A189D8196, cid=28, FAILED org.apache.ratis.protocol.NotLeaderException: Server 73c69e8a-9bd3-45ee-8ac9-6e361d860e2f@group-8A5A189D8196 is not the leader 235b1c08-2c3c-45bc-ab7f-b19a657e57f0:192.168.5.130:39322, logIndex=0, commits[73c69e8a-9bd3-45ee-8ac9-6e361d860e2f:c32, 235b1c08-2c3c-45bc-ab7f-b19a657e57f0:c32, bf9845cc-5491-4380-971d-60a5c36fd440:c28]
2019-09-17 13:42:27,603 [java.util.concurrent.ThreadPoolExecutor$Worker@23a99472[State = -1, empty queue]] WARN  server.GrpcLogAppender (GrpcLogAppender.java:timeoutAppendRequest(200)) - 235b1c08-2c3c-45bc-ab7f-b19a657e57f0@group-8A5A189D8196->bf9845cc-5491-4380-971d-60a5c36fd440-GrpcLogAppender: appendEntries Timeout, request=235b1c08-2c3c-45bc-ab7f-b19a657e57f0->bf9845cc-5491-4380-971d-60a5c36fd440#44-t4, previous=(t:4, i:36), leaderCommit=32, initializing? false, entries: <empty>
2019-09-17 13:42:27,603 [java.util.concurrent.ThreadPoolExecutor$Worker@2c96aea2[State = -1, empty queue]] WARN  server.GrpcLogAppender (GrpcLogAppender.java:timeoutAppendRequest(200)) - 235b1c08-2c3c-45bc-ab7f-b19a657e57f0@group-8A5A189D8196->73c69e8a-9bd3-45ee-8ac9-6e361d860e2f-GrpcLogAppender: appendEntries Timeout, request=235b1c08-2c3c-45bc-ab7f-b19a657e57f0->73c69e8a-9bd3-45ee-8ac9-6e361d860e2f#44-t4, previous=(t:4, i:36), leaderCommit=32, initializing? false, entries: <empty>
 0.00% |█                                                                                                    |  0/1 Time: 0:00:38 0.00% |█                                                                                                    |  0/1 Time: 0:00:392019-09-17 13:42:30,104 [java.util.concurrent.ThreadPoolExecutor$Worker@2c96aea2[State = -1, empty queue]] WARN  server.GrpcLogAppender (GrpcLogAppender.java:timeoutAppendRequest(200)) - 235b1c08-2c3c-45bc-ab7f-b19a657e57f0@group-8A5A189D8196->73c69e8a-9bd3-45ee-8ac9-6e361d860e2f-GrpcLogAppender: appendEntries Timeout, request=235b1c08-2c3c-45bc-ab7f-b19a657e57f0->73c69e8a-9bd3-45ee-8ac9-6e361d860e2f#45-t4, previous=(t:4, i:36), leaderCommit=32, initializing? false, entries: <empty>
2019-09-17 13:42:30,104 [java.util.concurrent.ThreadPoolExecutor$Worker@23a99472[State = -1, empty queue]] WARN  server.GrpcLogAppender (GrpcLogAppender.java:timeoutAppendRequest(200)) - 235b1c08-2c3c-45bc-ab7f-b19a657e57f0@group-8A5A189D8196->bf9845cc-5491-4380-971d-60a5c36fd440-GrpcLogAppender: appendEntries Timeout, request=235b1c08-2c3c-45bc-ab7f-b19a657e57f0->bf9845cc-5491-4380-971d-60a5c36fd440#45-t4, previous=(t:4, i:36), leaderCommit=32, initializing? false, entries: <empty>
 0.00% |█                                                                                                    |  0/1 Time: 0:00:40 0.00% |█                                                                                                    |  0/1 Time: 0:00:41 0.00% |█                                                                                                    |  0/1 Time: 0:00:422019-09-17 13:42:32,411 [grpc-default-executor-2] INFO  client.GrpcClientProtocolClient (GrpcClientProtocolClient.java:onNext(264)) - client-B79E81ABE48D->73c69e8a-9bd3-45ee-8ac9-6e361d860e2f: receive RaftClientReply:client-B79E81ABE48D->73c69e8a-9bd3-45ee-8ac9-6e361d860e2f@group-8A5A189D8196, cid=28, FAILED org.apache.ratis.protocol.NotLeaderException: Server 73c69e8a-9bd3-45ee-8ac9-6e361d860e2f@group-8A5A189D8196 is not the leader 235b1c08-2c3c-45bc-ab7f-b19a657e57f0:192.168.5.130:39322, logIndex=0, commits[73c69e8a-9bd3-45ee-8ac9-6e361d860e2f:c32, 235b1c08-2c3c-45bc-ab7f-b19a657e57f0:c32, bf9845cc-5491-4380-971d-60a5c36fd440:c28]
2019-09-17 13:42:32,607 [java.util.concurrent.ThreadPoolExecutor$Worker@23a99472[State = -1, empty queue]] WARN  server.GrpcLogAppender (GrpcLogAppender.java:timeoutAppendRequest(200)) - 235b1c08-2c3c-45bc-ab7f-b19a657e57f0@group-8A5A189D8196->bf9845cc-5491-4380-971d-60a5c36fd440-GrpcLogAppender: appendEntries Timeout, request=235b1c08-2c3c-45bc-ab7f-b19a657e57f0->bf9845cc-5491-4380-971d-60a5c36fd440#46-t4, previous=(t:4, i:36), leaderCommit=32, initializing? false, entries: <empty>
2019-09-17 13:42:32,607 [java.util.concurrent.ThreadPoolExecutor$Worker@2c96aea2[State = -1, empty queue]] WARN  server.GrpcLogAppender (GrpcLogAppender.java:timeoutAppendRequest(200)) - 235b1c08-2c3c-45bc-ab7f-b19a657e57f0@group-8A5A189D8196->73c69e8a-9bd3-45ee-8ac9-6e361d860e2f-GrpcLogAppender: appendEntries Timeout, request=235b1c08-2c3c-45bc-ab7f-b19a657e57f0->73c69e8a-9bd3-45ee-8ac9-6e361d860e2f#46-t4, previous=(t:4, i:36), leaderCommit=32, initializing? false, entries: <empty>
 0.00% |█                                                                                                    |  0/1 Time: 0:00:43 0.00% |█                                                                                                    |  0/1 Time: 0:00:442019-09-17 13:42:35,109 [java.util.concurrent.ThreadPoolExecutor$Worker@23a99472[State = -1, empty queue]] WARN  server.GrpcLogAppender (GrpcLogAppender.java:timeoutAppendRequest(200)) - 235b1c08-2c3c-45bc-ab7f-b19a657e57f0@group-8A5A189D8196->bf9845cc-5491-4380-971d-60a5c36fd440-GrpcLogAppender: appendEntries Timeout, request=235b1c08-2c3c-45bc-ab7f-b19a657e57f0->bf9845cc-5491-4380-971d-60a5c36fd440#47-t4, previous=(t:4, i:36), leaderCommit=32, initializing? false, entries: <empty>
2019-09-17 13:42:35,109 [java.util.concurrent.ThreadPoolExecutor$Worker@2c96aea2[State = -1, empty queue]] WARN  server.GrpcLogAppender (GrpcLogAppender.java:timeoutAppendRequest(200)) - 235b1c08-2c3c-45bc-ab7f-b19a657e57f0@group-8A5A189D8196->73c69e8a-9bd3-45ee-8ac9-6e361d860e2f-GrpcLogAppender: appendEntries Timeout, request=235b1c08-2c3c-45bc-ab7f-b19a657e57f0->73c69e8a-9bd3-45ee-8ac9-6e361d860e2f#47-t4, previous=(t:4, i:36), leaderCommit=32, initializing? false, entries: <empty>
 0.00% |█                                                                                                    |  0/1 Time: 0:00:45 0.00% |█                                                                                                    |  0/1 Time: 0:00:46 0.00% |█                                                                                                    |  0/1 Time: 0:00:472019-09-17 13:42:37,254 [bf9845cc-5491-4380-971d-60a5c36fd440@group-8A5A189D8196-SegmentedRaftLogWorker] WARN  segmented.SegmentedRaftLogWorker (SegmentedRaftLogWorker.java:getFromFuture(90)) - Timeout 2/~
org.apache.ratis.protocol.TimeoutIOException: Timeout 10s: WriteLog:35: (t:4, i:35), STATEMACHINELOGENTRY, client-B79E81ABE48D, cid=30-writeStateMachineData
	at org.apache.ratis.util.IOUtils.getFromFuture(IOUtils.java:87)
	at org.apache.ratis.server.raftlog.segmented.SegmentedRaftLogWorker$StateMachineDataPolicy.getFromFuture(SegmentedRaftLogWorker.java:87)
	at org.apache.ratis.server.raftlog.segmented.SegmentedRaftLogWorker$WriteLog.execute(SegmentedRaftLogWorker.java:477)
	at org.apache.ratis.server.raftlog.segmented.SegmentedRaftLogWorker.run(SegmentedRaftLogWorker.java:289)
	at java.lang.Thread.run(Thread.java:748)
Caused by: java.util.concurrent.TimeoutException
	at java.util.concurrent.CompletableFuture.timedGet(CompletableFuture.java:1771)
	at java.util.concurrent.CompletableFuture.get(CompletableFuture.java:1915)
	at org.apache.ratis.util.IOUtils.getFromFuture(IOUtils.java:79)
	... 4 more
2019-09-17 13:42:37,255 [73c69e8a-9bd3-45ee-8ac9-6e361d860e2f@group-8A5A189D8196-SegmentedRaftLogWorker] WARN  segmented.SegmentedRaftLogWorker (SegmentedRaftLogWorker.java:getFromFuture(90)) - Timeout 2/~
org.apache.ratis.protocol.TimeoutIOException: Timeout 10s: WriteLog:35: (t:4, i:35), STATEMACHINELOGENTRY, client-B79E81ABE48D, cid=30-writeStateMachineData
	at org.apache.ratis.util.IOUtils.getFromFuture(IOUtils.java:87)
	at org.apache.ratis.server.raftlog.segmented.SegmentedRaftLogWorker$StateMachineDataPolicy.getFromFuture(SegmentedRaftLogWorker.java:87)
	at org.apache.ratis.server.raftlog.segmented.SegmentedRaftLogWorker$WriteLog.execute(SegmentedRaftLogWorker.java:477)
	at org.apache.ratis.server.raftlog.segmented.SegmentedRaftLogWorker.run(SegmentedRaftLogWorker.java:289)
	at java.lang.Thread.run(Thread.java:748)
Caused by: java.util.concurrent.TimeoutException
	at java.util.concurrent.CompletableFuture.timedGet(CompletableFuture.java:1771)
	at java.util.concurrent.CompletableFuture.get(CompletableFuture.java:1915)
	at org.apache.ratis.util.IOUtils.getFromFuture(IOUtils.java:79)
	... 4 more
2019-09-17 13:42:37,254 [235b1c08-2c3c-45bc-ab7f-b19a657e57f0@group-8A5A189D8196-SegmentedRaftLogWorker] WARN  segmented.SegmentedRaftLogWorker (SegmentedRaftLogWorker.java:getFromFuture(90)) - Timeout 2/~
org.apache.ratis.protocol.TimeoutIOException: Timeout 10s: WriteLog:35: (t:4, i:35), STATEMACHINELOGENTRY, client-B79E81ABE48D, cid=30-writeStateMachineData
	at org.apache.ratis.util.IOUtils.getFromFuture(IOUtils.java:87)
	at org.apache.ratis.server.raftlog.segmented.SegmentedRaftLogWorker$StateMachineDataPolicy.getFromFuture(SegmentedRaftLogWorker.java:87)
	at org.apache.ratis.server.raftlog.segmented.SegmentedRaftLogWorker$WriteLog.execute(SegmentedRaftLogWorker.java:477)
	at org.apache.ratis.server.raftlog.segmented.SegmentedRaftLogWorker.run(SegmentedRaftLogWorker.java:289)
	at java.lang.Thread.run(Thread.java:748)
Caused by: java.util.concurrent.TimeoutException
	at java.util.concurrent.CompletableFuture.timedGet(CompletableFuture.java:1771)
	at java.util.concurrent.CompletableFuture.get(CompletableFuture.java:1915)
	at org.apache.ratis.util.IOUtils.getFromFuture(IOUtils.java:79)
	... 4 more
2019-09-17 13:42:37,465 [grpc-default-executor-2] INFO  client.GrpcClientProtocolClient (GrpcClientProtocolClient.java:onNext(264)) - client-B79E81ABE48D->73c69e8a-9bd3-45ee-8ac9-6e361d860e2f: receive RaftClientReply:client-B79E81ABE48D->73c69e8a-9bd3-45ee-8ac9-6e361d860e2f@group-8A5A189D8196, cid=28, FAILED org.apache.ratis.protocol.NotLeaderException: Server 73c69e8a-9bd3-45ee-8ac9-6e361d860e2f@group-8A5A189D8196 is not the leader 235b1c08-2c3c-45bc-ab7f-b19a657e57f0:192.168.5.130:39322, logIndex=0, commits[73c69e8a-9bd3-45ee-8ac9-6e361d860e2f:c32, 235b1c08-2c3c-45bc-ab7f-b19a657e57f0:c32, bf9845cc-5491-4380-971d-60a5c36fd440:c28]
2019-09-17 13:42:37,611 [java.util.concurrent.ThreadPoolExecutor$Worker@23a99472[State = -1, empty queue]] WARN  server.GrpcLogAppender (GrpcLogAppender.java:timeoutAppendRequest(200)) - 235b1c08-2c3c-45bc-ab7f-b19a657e57f0@group-8A5A189D8196->bf9845cc-5491-4380-971d-60a5c36fd440-GrpcLogAppender: appendEntries Timeout, request=235b1c08-2c3c-45bc-ab7f-b19a657e57f0->bf9845cc-5491-4380-971d-60a5c36fd440#48-t4, previous=(t:4, i:36), leaderCommit=32, initializing? false, entries: <empty>
2019-09-17 13:42:37,611 [java.util.concurrent.ThreadPoolExecutor$Worker@2c96aea2[State = -1, empty queue]] WARN  server.GrpcLogAppender (GrpcLogAppender.java:timeoutAppendRequest(200)) - 235b1c08-2c3c-45bc-ab7f-b19a657e57f0@group-8A5A189D8196->73c69e8a-9bd3-45ee-8ac9-6e361d860e2f-GrpcLogAppender: appendEntries Timeout, request=235b1c08-2c3c-45bc-ab7f-b19a657e57f0->73c69e8a-9bd3-45ee-8ac9-6e361d860e2f#48-t4, previous=(t:4, i:36), leaderCommit=32, initializing? false, entries: <empty>
 0.00% |█                                                                                                    |  0/1 Time: 0:00:48 0.00% |█                                                                                                    |  0/1 Time: 0:00:492019-09-17 13:42:40,112 [java.util.concurrent.ThreadPoolExecutor$Worker@23a99472[State = -1, empty queue]] WARN  server.GrpcLogAppender (GrpcLogAppender.java:timeoutAppendRequest(200)) - 235b1c08-2c3c-45bc-ab7f-b19a657e57f0@group-8A5A189D8196->bf9845cc-5491-4380-971d-60a5c36fd440-GrpcLogAppender: appendEntries Timeout, request=235b1c08-2c3c-45bc-ab7f-b19a657e57f0->bf9845cc-5491-4380-971d-60a5c36fd440#49-t4, previous=(t:4, i:36), leaderCommit=32, initializing? false, entries: <empty>
2019-09-17 13:42:40,112 [java.util.concurrent.ThreadPoolExecutor$Worker@2c96aea2[State = -1, empty queue]] WARN  server.GrpcLogAppender (GrpcLogAppender.java:timeoutAppendRequest(200)) - 235b1c08-2c3c-45bc-ab7f-b19a657e57f0@group-8A5A189D8196->73c69e8a-9bd3-45ee-8ac9-6e361d860e2f-GrpcLogAppender: appendEntries Timeout, request=235b1c08-2c3c-45bc-ab7f-b19a657e57f0->73c69e8a-9bd3-45ee-8ac9-6e361d860e2f#49-t4, previous=(t:4, i:36), leaderCommit=32, initializing? false, entries: <empty>
 0.00% |█                                                                                                    |  0/1 Time: 0:00:50 0.00% |█                                                                                                    |  0/1 Time: 0:00:51 0.00% |█                                                                                                    |  0/1 Time: 0:00:522019-09-17 13:42:42,514 [grpc-default-executor-3] INFO  client.GrpcClientProtocolClient (GrpcClientProtocolClient.java:onNext(264)) - client-B79E81ABE48D->73c69e8a-9bd3-45ee-8ac9-6e361d860e2f: receive RaftClientReply:client-B79E81ABE48D->73c69e8a-9bd3-45ee-8ac9-6e361d860e2f@group-8A5A189D8196, cid=28, FAILED org.apache.ratis.protocol.NotLeaderException: Server 73c69e8a-9bd3-45ee-8ac9-6e361d860e2f@group-8A5A189D8196 is not the leader 235b1c08-2c3c-45bc-ab7f-b19a657e57f0:192.168.5.130:39322, logIndex=0, commits[73c69e8a-9bd3-45ee-8ac9-6e361d860e2f:c32, 235b1c08-2c3c-45bc-ab7f-b19a657e57f0:c32, bf9845cc-5491-4380-971d-60a5c36fd440:c28]
2019-09-17 13:42:42,612 [java.util.concurrent.ThreadPoolExecutor$Worker@23a99472[State = -1, empty queue]] WARN  server.GrpcLogAppender (GrpcLogAppender.java:timeoutAppendRequest(200)) - 235b1c08-2c3c-45bc-ab7f-b19a657e57f0@group-8A5A189D8196->bf9845cc-5491-4380-971d-60a5c36fd440-GrpcLogAppender: appendEntries Timeout, request=235b1c08-2c3c-45bc-ab7f-b19a657e57f0->bf9845cc-5491-4380-971d-60a5c36fd440#50-t4, previous=(t:4, i:36), leaderCommit=32, initializing? false, entries: <empty>
2019-09-17 13:42:42,612 [java.util.concurrent.ThreadPoolExecutor$Worker@2c96aea2[State = -1, empty queue]] WARN  server.GrpcLogAppender (GrpcLogAppender.java:timeoutAppendRequest(200)) - 235b1c08-2c3c-45bc-ab7f-b19a657e57f0@group-8A5A189D8196->73c69e8a-9bd3-45ee-8ac9-6e361d860e2f-GrpcLogAppender: appendEntries Timeout, request=235b1c08-2c3c-45bc-ab7f-b19a657e57f0->73c69e8a-9bd3-45ee-8ac9-6e361d860e2f#50-t4, previous=(t:4, i:36), leaderCommit=32, initializing? false, entries: <empty>
 0.00% |█                                                                                                    |  0/1 Time: 0:00:53 0.00% |█                                                                                                    |  0/1 Time: 0:00:542019-09-17 13:42:45,113 [java.util.concurrent.ThreadPoolExecutor$Worker@23a99472[State = -1, empty queue]] WARN  server.GrpcLogAppender (GrpcLogAppender.java:timeoutAppendRequest(200)) - 235b1c08-2c3c-45bc-ab7f-b19a657e57f0@group-8A5A189D8196->bf9845cc-5491-4380-971d-60a5c36fd440-GrpcLogAppender: appendEntries Timeout, request=235b1c08-2c3c-45bc-ab7f-b19a657e57f0->bf9845cc-5491-4380-971d-60a5c36fd440#51-t4, previous=(t:4, i:36), leaderCommit=32, initializing? false, entries: <empty>
2019-09-17 13:42:45,113 [java.util.concurrent.ThreadPoolExecutor$Worker@2c96aea2[State = -1, empty queue]] WARN  server.GrpcLogAppender (GrpcLogAppender.java:timeoutAppendRequest(200)) - 235b1c08-2c3c-45bc-ab7f-b19a657e57f0@group-8A5A189D8196->73c69e8a-9bd3-45ee-8ac9-6e361d860e2f-GrpcLogAppender: appendEntries Timeout, request=235b1c08-2c3c-45bc-ab7f-b19a657e57f0->73c69e8a-9bd3-45ee-8ac9-6e361d860e2f#51-t4, previous=(t:4, i:36), leaderCommit=32, initializing? false, entries: <empty>
 0.00% |█                                                                                                    |  0/1 Time: 0:00:55 0.00% |█                                                                                                    |  0/1 Time: 0:00:56 0.00% |█                                                                                                    |  0/1 Time: 0:00:572019-09-17 13:42:47,255 [bf9845cc-5491-4380-971d-60a5c36fd440@group-8A5A189D8196-SegmentedRaftLogWorker] WARN  segmented.SegmentedRaftLogWorker (SegmentedRaftLogWorker.java:getFromFuture(90)) - Timeout 3/~
org.apache.ratis.protocol.TimeoutIOException: Timeout 10s: WriteLog:35: (t:4, i:35), STATEMACHINELOGENTRY, client-B79E81ABE48D, cid=30-writeStateMachineData
	at org.apache.ratis.util.IOUtils.getFromFuture(IOUtils.java:87)
	at org.apache.ratis.server.raftlog.segmented.SegmentedRaftLogWorker$StateMachineDataPolicy.getFromFuture(SegmentedRaftLogWorker.java:87)
	at org.apache.ratis.server.raftlog.segmented.SegmentedRaftLogWorker$WriteLog.execute(SegmentedRaftLogWorker.java:477)
	at org.apache.ratis.server.raftlog.segmented.SegmentedRaftLogWorker.run(SegmentedRaftLogWorker.java:289)
	at java.lang.Thread.run(Thread.java:748)
Caused by: java.util.concurrent.TimeoutException
	at java.util.concurrent.CompletableFuture.timedGet(CompletableFuture.java:1771)
	at java.util.concurrent.CompletableFuture.get(CompletableFuture.java:1915)
	at org.apache.ratis.util.IOUtils.getFromFuture(IOUtils.java:79)
	... 4 more
2019-09-17 13:42:47,256 [73c69e8a-9bd3-45ee-8ac9-6e361d860e2f@group-8A5A189D8196-SegmentedRaftLogWorker] WARN  segmented.SegmentedRaftLogWorker (SegmentedRaftLogWorker.java:getFromFuture(90)) - Timeout 3/~
org.apache.ratis.protocol.TimeoutIOException: Timeout 10s: WriteLog:35: (t:4, i:35), STATEMACHINELOGENTRY, client-B79E81ABE48D, cid=30-writeStateMachineData
	at org.apache.ratis.util.IOUtils.getFromFuture(IOUtils.java:87)
	at org.apache.ratis.server.raftlog.segmented.SegmentedRaftLogWorker$StateMachineDataPolicy.getFromFuture(SegmentedRaftLogWorker.java:87)
	at org.apache.ratis.server.raftlog.segmented.SegmentedRaftLogWorker$WriteLog.execute(SegmentedRaftLogWorker.java:477)
	at org.apache.ratis.server.raftlog.segmented.SegmentedRaftLogWorker.run(SegmentedRaftLogWorker.java:289)
	at java.lang.Thread.run(Thread.java:748)
Caused by: java.util.concurrent.TimeoutException
	at java.util.concurrent.CompletableFuture.timedGet(CompletableFuture.java:1771)
	at java.util.concurrent.CompletableFuture.get(CompletableFuture.java:1915)
	at org.apache.ratis.util.IOUtils.getFromFuture(IOUtils.java:79)
	... 4 more
2019-09-17 13:42:47,256 [235b1c08-2c3c-45bc-ab7f-b19a657e57f0@group-8A5A189D8196-SegmentedRaftLogWorker] WARN  segmented.SegmentedRaftLogWorker (SegmentedRaftLogWorker.java:getFromFuture(90)) - Timeout 3/~
org.apache.ratis.protocol.TimeoutIOException: Timeout 10s: WriteLog:35: (t:4, i:35), STATEMACHINELOGENTRY, client-B79E81ABE48D, cid=30-writeStateMachineData
	at org.apache.ratis.util.IOUtils.getFromFuture(IOUtils.java:87)
	at org.apache.ratis.server.raftlog.segmented.SegmentedRaftLogWorker$StateMachineDataPolicy.getFromFuture(SegmentedRaftLogWorker.java:87)
	at org.apache.ratis.server.raftlog.segmented.SegmentedRaftLogWorker$WriteLog.execute(SegmentedRaftLogWorker.java:477)
	at org.apache.ratis.server.raftlog.segmented.SegmentedRaftLogWorker.run(SegmentedRaftLogWorker.java:289)
	at java.lang.Thread.run(Thread.java:748)
Caused by: java.util.concurrent.TimeoutException
	at java.util.concurrent.CompletableFuture.timedGet(CompletableFuture.java:1771)
	at java.util.concurrent.CompletableFuture.get(CompletableFuture.java:1915)
	at org.apache.ratis.util.IOUtils.getFromFuture(IOUtils.java:79)
	... 4 more
2019-09-17 13:42:47,564 [grpc-default-executor-3] INFO  client.GrpcClientProtocolClient (GrpcClientProtocolClient.java:onNext(264)) - client-B79E81ABE48D->bf9845cc-5491-4380-971d-60a5c36fd440: receive RaftClientReply:client-B79E81ABE48D->bf9845cc-5491-4380-971d-60a5c36fd440@group-8A5A189D8196, cid=28, FAILED org.apache.ratis.protocol.NotLeaderException: Server bf9845cc-5491-4380-971d-60a5c36fd440@group-8A5A189D8196 is not the leader 235b1c08-2c3c-45bc-ab7f-b19a657e57f0:192.168.5.130:39322, logIndex=0, commits[bf9845cc-5491-4380-971d-60a5c36fd440:c32, 73c69e8a-9bd3-45ee-8ac9-6e361d860e2f:c28, 235b1c08-2c3c-45bc-ab7f-b19a657e57f0:c32]
2019-09-17 13:42:47,613 [java.util.concurrent.ThreadPoolExecutor$Worker@2c96aea2[State = -1, empty queue]] WARN  server.GrpcLogAppender (GrpcLogAppender.java:timeoutAppendRequest(200)) - 235b1c08-2c3c-45bc-ab7f-b19a657e57f0@group-8A5A189D8196->73c69e8a-9bd3-45ee-8ac9-6e361d860e2f-GrpcLogAppender: appendEntries Timeout, request=235b1c08-2c3c-45bc-ab7f-b19a657e57f0->73c69e8a-9bd3-45ee-8ac9-6e361d860e2f#52-t4, previous=(t:4, i:36), leaderCommit=32, initializing? false, entries: <empty>
2019-09-17 13:42:47,613 [java.util.concurrent.ThreadPoolExecutor$Worker@23a99472[State = -1, empty queue]] WARN  server.GrpcLogAppender (GrpcLogAppender.java:timeoutAppendRequest(200)) - 235b1c08-2c3c-45bc-ab7f-b19a657e57f0@group-8A5A189D8196->bf9845cc-5491-4380-971d-60a5c36fd440-GrpcLogAppender: appendEntries Timeout, request=235b1c08-2c3c-45bc-ab7f-b19a657e57f0->bf9845cc-5491-4380-971d-60a5c36fd440#52-t4, previous=(t:4, i:36), leaderCommit=32, initializing? false, entries: <empty>
 0.00% |█                                                                                                    |  0/1 Time: 0:00:58 0.00% |█                                                                                                    |  0/1 Time: 0:00:592019-09-17 13:42:50,114 [java.util.concurrent.ThreadPoolExecutor$Worker@23a99472[State = -1, empty queue]] WARN  server.GrpcLogAppender (GrpcLogAppender.java:timeoutAppendRequest(200)) - 235b1c08-2c3c-45bc-ab7f-b19a657e57f0@group-8A5A189D8196->bf9845cc-5491-4380-971d-60a5c36fd440-GrpcLogAppender: appendEntries Timeout, request=235b1c08-2c3c-45bc-ab7f-b19a657e57f0->bf9845cc-5491-4380-971d-60a5c36fd440#53-t4, previous=(t:4, i:36), leaderCommit=32, initializing? false, entries: <empty>
2019-09-17 13:42:50,114 [java.util.concurrent.ThreadPoolExecutor$Worker@2c96aea2[State = -1, empty queue]] WARN  server.GrpcLogAppender (GrpcLogAppender.java:timeoutAppendRequest(200)) - 235b1c08-2c3c-45bc-ab7f-b19a657e57f0@group-8A5A189D8196->73c69e8a-9bd3-45ee-8ac9-6e361d860e2f-GrpcLogAppender: appendEntries Timeout, request=235b1c08-2c3c-45bc-ab7f-b19a657e57f0->73c69e8a-9bd3-45ee-8ac9-6e361d860e2f#53-t4, previous=(t:4, i:36), leaderCommit=32, initializing? false, entries: <empty>
 0.00% |█                                                                                                    |  0/1 Time: 0:01:00 0.00% |█                                                                                                    |  0/1 Time: 0:01:01 0.00% |█                                                                                                    |  0/1 Time: 0:01:022019-09-17 13:42:52,616 [java.util.concurrent.ThreadPoolExecutor$Worker@23a99472[State = -1, empty queue]] WARN  server.GrpcLogAppender (GrpcLogAppender.java:timeoutAppendRequest(200)) - 235b1c08-2c3c-45bc-ab7f-b19a657e57f0@group-8A5A189D8196->bf9845cc-5491-4380-971d-60a5c36fd440-GrpcLogAppender: appendEntries Timeout, request=235b1c08-2c3c-45bc-ab7f-b19a657e57f0->bf9845cc-5491-4380-971d-60a5c36fd440#54-t4, previous=(t:4, i:36), leaderCommit=32, initializing? false, entries: <empty>
2019-09-17 13:42:52,616 [java.util.concurrent.ThreadPoolExecutor$Worker@2c96aea2[State = -1, empty queue]] WARN  server.GrpcLogAppender (GrpcLogAppender.java:timeoutAppendRequest(200)) - 235b1c08-2c3c-45bc-ab7f-b19a657e57f0@group-8A5A189D8196->73c69e8a-9bd3-45ee-8ac9-6e361d860e2f-GrpcLogAppender: appendEntries Timeout, request=235b1c08-2c3c-45bc-ab7f-b19a657e57f0->73c69e8a-9bd3-45ee-8ac9-6e361d860e2f#54-t4, previous=(t:4, i:36), leaderCommit=32, initializing? false, entries: <empty>
2019-09-17 13:42:52,625 [grpc-default-executor-2] INFO  client.GrpcClientProtocolClient (GrpcClientProtocolClient.java:onNext(264)) - client-B79E81ABE48D->bf9845cc-5491-4380-971d-60a5c36fd440: receive RaftClientReply:client-B79E81ABE48D->bf9845cc-5491-4380-971d-60a5c36fd440@group-8A5A189D8196, cid=28, FAILED org.apache.ratis.protocol.NotLeaderException: Server bf9845cc-5491-4380-971d-60a5c36fd440@group-8A5A189D8196 is not the leader 235b1c08-2c3c-45bc-ab7f-b19a657e57f0:192.168.5.130:39322, logIndex=0, commits[bf9845cc-5491-4380-971d-60a5c36fd440:c32, 73c69e8a-9bd3-45ee-8ac9-6e361d860e2f:c28, 235b1c08-2c3c-45bc-ab7f-b19a657e57f0:c32]
 0.00% |█                                                                                                    |  0/1 Time: 0:01:03 0.00% |█                                                                                                    |  0/1 Time: 0:01:042019-09-17 13:42:55,117 [java.util.concurrent.ThreadPoolExecutor$Worker@23a99472[State = -1, empty queue]] WARN  server.GrpcLogAppender (GrpcLogAppender.java:timeoutAppendRequest(200)) - 235b1c08-2c3c-45bc-ab7f-b19a657e57f0@group-8A5A189D8196->bf9845cc-5491-4380-971d-60a5c36fd440-GrpcLogAppender: appendEntries Timeout, request=235b1c08-2c3c-45bc-ab7f-b19a657e57f0->bf9845cc-5491-4380-971d-60a5c36fd440#55-t4, previous=(t:4, i:36), leaderCommit=32, initializing? false, entries: <empty>
2019-09-17 13:42:55,117 [java.util.concurrent.ThreadPoolExecutor$Worker@2c96aea2[State = -1, empty queue]] WARN  server.GrpcLogAppender (GrpcLogAppender.java:timeoutAppendRequest(200)) - 235b1c08-2c3c-45bc-ab7f-b19a657e57f0@group-8A5A189D8196->73c69e8a-9bd3-45ee-8ac9-6e361d860e2f-GrpcLogAppender: appendEntries Timeout, request=235b1c08-2c3c-45bc-ab7f-b19a657e57f0->73c69e8a-9bd3-45ee-8ac9-6e361d860e2f#55-t4, previous=(t:4, i:36), leaderCommit=32, initializing? false, entries: <empty>
 0.00% |█                                                                                                    |  0/1 Time: 0:01:05 0.00% |█                                                                                                    |  0/1 Time: 0:01:06 0.00% |█                                                                                                    |  0/1 Time: 0:01:072019-09-17 13:42:57,257 [bf9845cc-5491-4380-971d-60a5c36fd440@group-8A5A189D8196-SegmentedRaftLogWorker] WARN  segmented.SegmentedRaftLogWorker (SegmentedRaftLogWorker.java:getFromFuture(90)) - Timeout 4/~
org.apache.ratis.protocol.TimeoutIOException: Timeout 10s: WriteLog:35: (t:4, i:35), STATEMACHINELOGENTRY, client-B79E81ABE48D, cid=30-writeStateMachineData
	at org.apache.ratis.util.IOUtils.getFromFuture(IOUtils.java:87)
	at org.apache.ratis.server.raftlog.segmented.SegmentedRaftLogWorker$StateMachineDataPolicy.getFromFuture(SegmentedRaftLogWorker.java:87)
	at org.apache.ratis.server.raftlog.segmented.SegmentedRaftLogWorker$WriteLog.execute(SegmentedRaftLogWorker.java:477)
	at org.apache.ratis.server.raftlog.segmented.SegmentedRaftLogWorker.run(SegmentedRaftLogWorker.java:289)
	at java.lang.Thread.run(Thread.java:748)
Caused by: java.util.concurrent.TimeoutException
	at java.util.concurrent.CompletableFuture.timedGet(CompletableFuture.java:1771)
	at java.util.concurrent.CompletableFuture.get(CompletableFuture.java:1915)
	at org.apache.ratis.util.IOUtils.getFromFuture(IOUtils.java:79)
	... 4 more
2019-09-17 13:42:57,257 [235b1c08-2c3c-45bc-ab7f-b19a657e57f0@group-8A5A189D8196-SegmentedRaftLogWorker] WARN  segmented.SegmentedRaftLogWorker (SegmentedRaftLogWorker.java:getFromFuture(90)) - Timeout 4/~
org.apache.ratis.protocol.TimeoutIOException: Timeout 10s: WriteLog:35: (t:4, i:35), STATEMACHINELOGENTRY, client-B79E81ABE48D, cid=30-writeStateMachineData
	at org.apache.ratis.util.IOUtils.getFromFuture(IOUtils.java:87)
	at org.apache.ratis.server.raftlog.segmented.SegmentedRaftLogWorker$StateMachineDataPolicy.getFromFuture(SegmentedRaftLogWorker.java:87)
	at org.apache.ratis.server.raftlog.segmented.SegmentedRaftLogWorker$WriteLog.execute(SegmentedRaftLogWorker.java:477)
	at org.apache.ratis.server.raftlog.segmented.SegmentedRaftLogWorker.run(SegmentedRaftLogWorker.java:289)
	at java.lang.Thread.run(Thread.java:748)
Caused by: java.util.concurrent.TimeoutException
	at java.util.concurrent.CompletableFuture.timedGet(CompletableFuture.java:1771)
	at java.util.concurrent.CompletableFuture.get(CompletableFuture.java:1915)
	at org.apache.ratis.util.IOUtils.getFromFuture(IOUtils.java:79)
	... 4 more
2019-09-17 13:42:57,257 [73c69e8a-9bd3-45ee-8ac9-6e361d860e2f@group-8A5A189D8196-SegmentedRaftLogWorker] WARN  segmented.SegmentedRaftLogWorker (SegmentedRaftLogWorker.java:getFromFuture(90)) - Timeout 4/~
org.apache.ratis.protocol.TimeoutIOException: Timeout 10s: WriteLog:35: (t:4, i:35), STATEMACHINELOGENTRY, client-B79E81ABE48D, cid=30-writeStateMachineData
	at org.apache.ratis.util.IOUtils.getFromFuture(IOUtils.java:87)
	at org.apache.ratis.server.raftlog.segmented.SegmentedRaftLogWorker$StateMachineDataPolicy.getFromFuture(SegmentedRaftLogWorker.java:87)
	at org.apache.ratis.server.raftlog.segmented.SegmentedRaftLogWorker$WriteLog.execute(SegmentedRaftLogWorker.java:477)
	at org.apache.ratis.server.raftlog.segmented.SegmentedRaftLogWorker.run(SegmentedRaftLogWorker.java:289)
	at java.lang.Thread.run(Thread.java:748)
Caused by: java.util.concurrent.TimeoutException
	at java.util.concurrent.CompletableFuture.timedGet(CompletableFuture.java:1771)
	at java.util.concurrent.CompletableFuture.get(CompletableFuture.java:1915)
	at org.apache.ratis.util.IOUtils.getFromFuture(IOUtils.java:79)
	... 4 more
2019-09-17 13:42:57,619 [java.util.concurrent.ThreadPoolExecutor$Worker@23a99472[State = -1, empty queue]] WARN  server.GrpcLogAppender (GrpcLogAppender.java:timeoutAppendRequest(200)) - 235b1c08-2c3c-45bc-ab7f-b19a657e57f0@group-8A5A189D8196->bf9845cc-5491-4380-971d-60a5c36fd440-GrpcLogAppender: appendEntries Timeout, request=235b1c08-2c3c-45bc-ab7f-b19a657e57f0->bf9845cc-5491-4380-971d-60a5c36fd440#56-t4, previous=(t:4, i:36), leaderCommit=32, initializing? false, entries: <empty>
2019-09-17 13:42:57,619 [java.util.concurrent.ThreadPoolExecutor$Worker@2c96aea2[State = -1, empty queue]] WARN  server.GrpcLogAppender (GrpcLogAppender.java:timeoutAppendRequest(200)) - 235b1c08-2c3c-45bc-ab7f-b19a657e57f0@group-8A5A189D8196->73c69e8a-9bd3-45ee-8ac9-6e361d860e2f-GrpcLogAppender: appendEntries Timeout, request=235b1c08-2c3c-45bc-ab7f-b19a657e57f0->73c69e8a-9bd3-45ee-8ac9-6e361d860e2f#56-t4, previous=(t:4, i:36), leaderCommit=32, initializing? false, entries: <empty>
2019-09-17 13:42:57,679 [grpc-default-executor-3] INFO  client.GrpcClientProtocolClient (GrpcClientProtocolClient.java:onNext(264)) - client-B79E81ABE48D->73c69e8a-9bd3-45ee-8ac9-6e361d860e2f: receive RaftClientReply:client-B79E81ABE48D->73c69e8a-9bd3-45ee-8ac9-6e361d860e2f@group-8A5A189D8196, cid=28, FAILED org.apache.ratis.protocol.NotLeaderException: Server 73c69e8a-9bd3-45ee-8ac9-6e361d860e2f@group-8A5A189D8196 is not the leader 235b1c08-2c3c-45bc-ab7f-b19a657e57f0:192.168.5.130:39322, logIndex=0, commits[73c69e8a-9bd3-45ee-8ac9-6e361d860e2f:c32, 235b1c08-2c3c-45bc-ab7f-b19a657e57f0:c32, bf9845cc-5491-4380-971d-60a5c36fd440:c28]
 0.00% |█                                                                                                    |  0/1 Time: 0:01:08 0.00% |█                                                                                                    |  0/1 Time: 0:01:092019-09-17 13:43:00,120 [java.util.concurrent.ThreadPoolExecutor$Worker@2c96aea2[State = -1, empty queue]] WARN  server.GrpcLogAppender (GrpcLogAppender.java:timeoutAppendRequest(200)) - 235b1c08-2c3c-45bc-ab7f-b19a657e57f0@group-8A5A189D8196->73c69e8a-9bd3-45ee-8ac9-6e361d860e2f-GrpcLogAppender: appendEntries Timeout, request=235b1c08-2c3c-45bc-ab7f-b19a657e57f0->73c69e8a-9bd3-45ee-8ac9-6e361d860e2f#57-t4, previous=(t:4, i:36), leaderCommit=32, initializing? false, entries: <empty>
2019-09-17 13:43:00,120 [java.util.concurrent.ThreadPoolExecutor$Worker@23a99472[State = -1, empty queue]] WARN  server.GrpcLogAppender (GrpcLogAppender.java:timeoutAppendRequest(200)) - 235b1c08-2c3c-45bc-ab7f-b19a657e57f0@group-8A5A189D8196->bf9845cc-5491-4380-971d-60a5c36fd440-GrpcLogAppender: appendEntries Timeout, request=235b1c08-2c3c-45bc-ab7f-b19a657e57f0->bf9845cc-5491-4380-971d-60a5c36fd440#57-t4, previous=(t:4, i:36), leaderCommit=32, initializing? false, entries: <empty>
 0.00% |█                                                                                                    |  0/1 Time: 0:01:10 0.00% |█                                                                                                    |  0/1 Time: 0:01:11 0.00% |█                                                                                                    |  0/1 Time: 0:01:122019-09-17 13:43:02,624 [java.util.concurrent.ThreadPoolExecutor$Worker@2c96aea2[State = -1, empty queue]] WARN  server.GrpcLogAppender (GrpcLogAppender.java:timeoutAppendRequest(200)) - 235b1c08-2c3c-45bc-ab7f-b19a657e57f0@group-8A5A189D8196->73c69e8a-9bd3-45ee-8ac9-6e361d860e2f-GrpcLogAppender: appendEntries Timeout, request=235b1c08-2c3c-45bc-ab7f-b19a657e57f0->73c69e8a-9bd3-45ee-8ac9-6e361d860e2f#58-t4, previous=(t:4, i:36), leaderCommit=32, initializing? false, entries: <empty>
2019-09-17 13:43:02,624 [java.util.concurrent.ThreadPoolExecutor$Worker@23a99472[State = -1, empty queue]] WARN  server.GrpcLogAppender (GrpcLogAppender.java:timeoutAppendRequest(200)) - 235b1c08-2c3c-45bc-ab7f-b19a657e57f0@group-8A5A189D8196->bf9845cc-5491-4380-971d-60a5c36fd440-GrpcLogAppender: appendEntries Timeout, request=235b1c08-2c3c-45bc-ab7f-b19a657e57f0->bf9845cc-5491-4380-971d-60a5c36fd440#58-t4, previous=(t:4, i:36), leaderCommit=32, initializing? false, entries: <empty>
2019-09-17 13:43:02,736 [grpc-default-executor-0] INFO  client.GrpcClientProtocolClient (GrpcClientProtocolClient.java:onNext(264)) - client-B79E81ABE48D->bf9845cc-5491-4380-971d-60a5c36fd440: receive RaftClientReply:client-B79E81ABE48D->bf9845cc-5491-4380-971d-60a5c36fd440@group-8A5A189D8196, cid=28, FAILED org.apache.ratis.protocol.NotLeaderException: Server bf9845cc-5491-4380-971d-60a5c36fd440@group-8A5A189D8196 is not the leader 235b1c08-2c3c-45bc-ab7f-b19a657e57f0:192.168.5.130:39322, logIndex=0, commits[bf9845cc-5491-4380-971d-60a5c36fd440:c32, 73c69e8a-9bd3-45ee-8ac9-6e361d860e2f:c28, 235b1c08-2c3c-45bc-ab7f-b19a657e57f0:c32]
 0.00% |█                                                                                                    |  0/1 Time: 0:01:13 0.00% |█                                                                                                    |  0/1 Time: 0:01:142019-09-17 13:43:05,125 [java.util.concurrent.ThreadPoolExecutor$Worker@2c96aea2[State = -1, empty queue]] WARN  server.GrpcLogAppender (GrpcLogAppender.java:timeoutAppendRequest(200)) - 235b1c08-2c3c-45bc-ab7f-b19a657e57f0@group-8A5A189D8196->73c69e8a-9bd3-45ee-8ac9-6e361d860e2f-GrpcLogAppender: appendEntries Timeout, request=235b1c08-2c3c-45bc-ab7f-b19a657e57f0->73c69e8a-9bd3-45ee-8ac9-6e361d860e2f#59-t4, previous=(t:4, i:36), leaderCommit=32, initializing? false, entries: <empty>
2019-09-17 13:43:05,125 [java.util.concurrent.ThreadPoolExecutor$Worker@23a99472[State = -1, empty queue]] WARN  server.GrpcLogAppender (GrpcLogAppender.java:timeoutAppendRequest(200)) - 235b1c08-2c3c-45bc-ab7f-b19a657e57f0@group-8A5A189D8196->bf9845cc-5491-4380-971d-60a5c36fd440-GrpcLogAppender: appendEntries Timeout, request=235b1c08-2c3c-45bc-ab7f-b19a657e57f0->bf9845cc-5491-4380-971d-60a5c36fd440#59-t4, previous=(t:4, i:36), leaderCommit=32, initializing? false, entries: <empty>
 0.00% |█                                                                                                    |  0/1 Time: 0:01:15 0.00% |█                                                                                                    |  0/1 Time: 0:01:16 0.00% |█                                                                                                    |  0/1 Time: 0:01:172019-09-17 13:43:07,259 [bf9845cc-5491-4380-971d-60a5c36fd440@group-8A5A189D8196-SegmentedRaftLogWorker] WARN  segmented.SegmentedRaftLogWorker (SegmentedRaftLogWorker.java:getFromFuture(90)) - Timeout 5/~
org.apache.ratis.protocol.TimeoutIOException: Timeout 10s: WriteLog:35: (t:4, i:35), STATEMACHINELOGENTRY, client-B79E81ABE48D, cid=30-writeStateMachineData
	at org.apache.ratis.util.IOUtils.getFromFuture(IOUtils.java:87)
	at org.apache.ratis.server.raftlog.segmented.SegmentedRaftLogWorker$StateMachineDataPolicy.getFromFuture(SegmentedRaftLogWorker.java:87)
	at org.apache.ratis.server.raftlog.segmented.SegmentedRaftLogWorker$WriteLog.execute(SegmentedRaftLogWorker.java:477)
	at org.apache.ratis.server.raftlog.segmented.SegmentedRaftLogWorker.run(SegmentedRaftLogWorker.java:289)
	at java.lang.Thread.run(Thread.java:748)
Caused by: java.util.concurrent.TimeoutException
	at java.util.concurrent.CompletableFuture.timedGet(CompletableFuture.java:1771)
	at java.util.concurrent.CompletableFuture.get(CompletableFuture.java:1915)
	at org.apache.ratis.util.IOUtils.getFromFuture(IOUtils.java:79)
	... 4 more
2019-09-17 13:43:07,259 [235b1c08-2c3c-45bc-ab7f-b19a657e57f0@group-8A5A189D8196-SegmentedRaftLogWorker] WARN  segmented.SegmentedRaftLogWorker (SegmentedRaftLogWorker.java:getFromFuture(90)) - Timeout 5/~
org.apache.ratis.protocol.TimeoutIOException: Timeout 10s: WriteLog:35: (t:4, i:35), STATEMACHINELOGENTRY, client-B79E81ABE48D, cid=30-writeStateMachineData
	at org.apache.ratis.util.IOUtils.getFromFuture(IOUtils.java:87)
	at org.apache.ratis.server.raftlog.segmented.SegmentedRaftLogWorker$StateMachineDataPolicy.getFromFuture(SegmentedRaftLogWorker.java:87)
	at org.apache.ratis.server.raftlog.segmented.SegmentedRaftLogWorker$WriteLog.execute(SegmentedRaftLogWorker.java:477)
	at org.apache.ratis.server.raftlog.segmented.SegmentedRaftLogWorker.run(SegmentedRaftLogWorker.java:289)
	at java.lang.Thread.run(Thread.java:748)
Caused by: java.util.concurrent.TimeoutException
	at java.util.concurrent.CompletableFuture.timedGet(CompletableFuture.java:1771)
	at java.util.concurrent.CompletableFuture.get(CompletableFuture.java:1915)
	at org.apache.ratis.util.IOUtils.getFromFuture(IOUtils.java:79)
	... 4 more
2019-09-17 13:43:07,260 [73c69e8a-9bd3-45ee-8ac9-6e361d860e2f@group-8A5A189D8196-SegmentedRaftLogWorker] WARN  segmented.SegmentedRaftLogWorker (SegmentedRaftLogWorker.java:getFromFuture(90)) - Timeout 5/~
org.apache.ratis.protocol.TimeoutIOException: Timeout 10s: WriteLog:35: (t:4, i:35), STATEMACHINELOGENTRY, client-B79E81ABE48D, cid=30-writeStateMachineData
	at org.apache.ratis.util.IOUtils.getFromFuture(IOUtils.java:87)
	at org.apache.ratis.server.raftlog.segmented.SegmentedRaftLogWorker$StateMachineDataPolicy.getFromFuture(SegmentedRaftLogWorker.java:87)
	at org.apache.ratis.server.raftlog.segmented.SegmentedRaftLogWorker$WriteLog.execute(SegmentedRaftLogWorker.java:477)
	at org.apache.ratis.server.raftlog.segmented.SegmentedRaftLogWorker.run(SegmentedRaftLogWorker.java:289)
	at java.lang.Thread.run(Thread.java:748)
Caused by: java.util.concurrent.TimeoutException
	at java.util.concurrent.CompletableFuture.timedGet(CompletableFuture.java:1771)
	at java.util.concurrent.CompletableFuture.get(CompletableFuture.java:1915)
	at org.apache.ratis.util.IOUtils.getFromFuture(IOUtils.java:79)
	... 4 more
2019-09-17 13:43:07,626 [java.util.concurrent.ThreadPoolExecutor$Worker@23a99472[State = -1, empty queue]] WARN  server.GrpcLogAppender (GrpcLogAppender.java:timeoutAppendRequest(200)) - 235b1c08-2c3c-45bc-ab7f-b19a657e57f0@group-8A5A189D8196->bf9845cc-5491-4380-971d-60a5c36fd440-GrpcLogAppender: appendEntries Timeout, request=235b1c08-2c3c-45bc-ab7f-b19a657e57f0->bf9845cc-5491-4380-971d-60a5c36fd440#60-t4, previous=(t:4, i:36), leaderCommit=32, initializing? false, entries: <empty>
2019-09-17 13:43:07,626 [java.util.concurrent.ThreadPoolExecutor$Worker@2c96aea2[State = -1, empty queue]] WARN  server.GrpcLogAppender (GrpcLogAppender.java:timeoutAppendRequest(200)) - 235b1c08-2c3c-45bc-ab7f-b19a657e57f0@group-8A5A189D8196->73c69e8a-9bd3-45ee-8ac9-6e361d860e2f-GrpcLogAppender: appendEntries Timeout, request=235b1c08-2c3c-45bc-ab7f-b19a657e57f0->73c69e8a-9bd3-45ee-8ac9-6e361d860e2f#60-t4, previous=(t:4, i:36), leaderCommit=32, initializing? false, entries: <empty>
2019-09-17 13:43:07,788 [grpc-default-executor-3] INFO  client.GrpcClientProtocolClient (GrpcClientProtocolClient.java:onNext(264)) - client-B79E81ABE48D->73c69e8a-9bd3-45ee-8ac9-6e361d860e2f: receive RaftClientReply:client-B79E81ABE48D->73c69e8a-9bd3-45ee-8ac9-6e361d860e2f@group-8A5A189D8196, cid=28, FAILED org.apache.ratis.protocol.NotLeaderException: Server 73c69e8a-9bd3-45ee-8ac9-6e361d860e2f@group-8A5A189D8196 is not the leader 235b1c08-2c3c-45bc-ab7f-b19a657e57f0:192.168.5.130:39322, logIndex=0, commits[73c69e8a-9bd3-45ee-8ac9-6e361d860e2f:c32, 235b1c08-2c3c-45bc-ab7f-b19a657e57f0:c32, bf9845cc-5491-4380-971d-60a5c36fd440:c28]
 0.00% |█                                                                                                    |  0/1 Time: 0:01:18 0.00% |█                                                                                                    |  0/1 Time: 0:01:192019-09-17 13:43:10,127 [java.util.concurrent.ThreadPoolExecutor$Worker@23a99472[State = -1, empty queue]] WARN  server.GrpcLogAppender (GrpcLogAppender.java:timeoutAppendRequest(200)) - 235b1c08-2c3c-45bc-ab7f-b19a657e57f0@group-8A5A189D8196->bf9845cc-5491-4380-971d-60a5c36fd440-GrpcLogAppender: appendEntries Timeout, request=235b1c08-2c3c-45bc-ab7f-b19a657e57f0->bf9845cc-5491-4380-971d-60a5c36fd440#61-t4, previous=(t:4, i:36), leaderCommit=32, initializing? false, entries: <empty>
2019-09-17 13:43:10,127 [java.util.concurrent.ThreadPoolExecutor$Worker@2c96aea2[State = -1, empty queue]] WARN  server.GrpcLogAppender (GrpcLogAppender.java:timeoutAppendRequest(200)) - 235b1c08-2c3c-45bc-ab7f-b19a657e57f0@group-8A5A189D8196->73c69e8a-9bd3-45ee-8ac9-6e361d860e2f-GrpcLogAppender: appendEntries Timeout, request=235b1c08-2c3c-45bc-ab7f-b19a657e57f0->73c69e8a-9bd3-45ee-8ac9-6e361d860e2f#61-t4, previous=(t:4, i:36), leaderCommit=32, initializing? false, entries: <empty>
 0.00% |█                                                                                                    |  0/1 Time: 0:01:20 0.00% |█                                                                                                    |  0/1 Time: 0:01:21 0.00% |█                                                                                                    |  0/1 Time: 0:01:222019-09-17 13:43:12,627 [java.util.concurrent.ThreadPoolExecutor$Worker@2c96aea2[State = -1, empty queue]] WARN  server.GrpcLogAppender (GrpcLogAppender.java:timeoutAppendRequest(200)) - 235b1c08-2c3c-45bc-ab7f-b19a657e57f0@group-8A5A189D8196->73c69e8a-9bd3-45ee-8ac9-6e361d860e2f-GrpcLogAppender: appendEntries Timeout, request=235b1c08-2c3c-45bc-ab7f-b19a657e57f0->73c69e8a-9bd3-45ee-8ac9-6e361d860e2f#62-t4, previous=(t:4, i:36), leaderCommit=32, initializing? false, entries: <empty>
2019-09-17 13:43:12,627 [java.util.concurrent.ThreadPoolExecutor$Worker@23a99472[State = -1, empty queue]] WARN  server.GrpcLogAppender (GrpcLogAppender.java:timeoutAppendRequest(200)) - 235b1c08-2c3c-45bc-ab7f-b19a657e57f0@group-8A5A189D8196->bf9845cc-5491-4380-971d-60a5c36fd440-GrpcLogAppender: appendEntries Timeout, request=235b1c08-2c3c-45bc-ab7f-b19a657e57f0->bf9845cc-5491-4380-971d-60a5c36fd440#62-t4, previous=(t:4, i:36), leaderCommit=32, initializing? false, entries: <empty>
2019-09-17 13:43:12,848 [grpc-default-executor-2] INFO  client.GrpcClientProtocolClient (GrpcClientProtocolClient.java:onNext(264)) - client-B79E81ABE48D->bf9845cc-5491-4380-971d-60a5c36fd440: receive RaftClientReply:client-B79E81ABE48D->bf9845cc-5491-4380-971d-60a5c36fd440@group-8A5A189D8196, cid=28, FAILED org.apache.ratis.protocol.NotLeaderException: Server bf9845cc-5491-4380-971d-60a5c36fd440@group-8A5A189D8196 is not the leader 235b1c08-2c3c-45bc-ab7f-b19a657e57f0:192.168.5.130:39322, logIndex=0, commits[bf9845cc-5491-4380-971d-60a5c36fd440:c32, 73c69e8a-9bd3-45ee-8ac9-6e361d860e2f:c28, 235b1c08-2c3c-45bc-ab7f-b19a657e57f0:c32]
 0.00% |█                                                                                                    |  0/1 Time: 0:01:23 0.00% |█                                                                                                    |  0/1 Time: 0:01:242019-09-17 13:43:15,129 [java.util.concurrent.ThreadPoolExecutor$Worker@23a99472[State = -1, empty queue]] WARN  server.GrpcLogAppender (GrpcLogAppender.java:timeoutAppendRequest(200)) - 235b1c08-2c3c-45bc-ab7f-b19a657e57f0@group-8A5A189D8196->bf9845cc-5491-4380-971d-60a5c36fd440-GrpcLogAppender: appendEntries Timeout, request=235b1c08-2c3c-45bc-ab7f-b19a657e57f0->bf9845cc-5491-4380-971d-60a5c36fd440#63-t4, previous=(t:4, i:36), leaderCommit=32, initializing? false, entries: <empty>
2019-09-17 13:43:15,129 [java.util.concurrent.ThreadPoolExecutor$Worker@2c96aea2[State = -1, empty queue]] WARN  server.GrpcLogAppender (GrpcLogAppender.java:timeoutAppendRequest(200)) - 235b1c08-2c3c-45bc-ab7f-b19a657e57f0@group-8A5A189D8196->73c69e8a-9bd3-45ee-8ac9-6e361d860e2f-GrpcLogAppender: appendEntries Timeout, request=235b1c08-2c3c-45bc-ab7f-b19a657e57f0->73c69e8a-9bd3-45ee-8ac9-6e361d860e2f#63-t4, previous=(t:4, i:36), leaderCommit=32, initializing? false, entries: <empty>
 0.00% |█                                                                                                    |  0/1 Time: 0:01:25 0.00% |█                                                                                                    |  0/1 Time: 0:01:26 0.00% |█                                                                                                    |  0/1 Time: 0:01:272019-09-17 13:43:17,260 [bf9845cc-5491-4380-971d-60a5c36fd440@group-8A5A189D8196-SegmentedRaftLogWorker] WARN  segmented.SegmentedRaftLogWorker (SegmentedRaftLogWorker.java:getFromFuture(90)) - Timeout 6/~
org.apache.ratis.protocol.TimeoutIOException: Timeout 10s: WriteLog:35: (t:4, i:35), STATEMACHINELOGENTRY, client-B79E81ABE48D, cid=30-writeStateMachineData
	at org.apache.ratis.util.IOUtils.getFromFuture(IOUtils.java:87)
	at org.apache.ratis.server.raftlog.segmented.SegmentedRaftLogWorker$StateMachineDataPolicy.getFromFuture(SegmentedRaftLogWorker.java:87)
	at org.apache.ratis.server.raftlog.segmented.SegmentedRaftLogWorker$WriteLog.execute(SegmentedRaftLogWorker.java:477)
	at org.apache.ratis.server.raftlog.segmented.SegmentedRaftLogWorker.run(SegmentedRaftLogWorker.java:289)
	at java.lang.Thread.run(Thread.java:748)
Caused by: java.util.concurrent.TimeoutException
	at java.util.concurrent.CompletableFuture.timedGet(CompletableFuture.java:1771)
	at java.util.concurrent.CompletableFuture.get(CompletableFuture.java:1915)
	at org.apache.ratis.util.IOUtils.getFromFuture(IOUtils.java:79)
	... 4 more
2019-09-17 13:43:17,260 [235b1c08-2c3c-45bc-ab7f-b19a657e57f0@group-8A5A189D8196-SegmentedRaftLogWorker] WARN  segmented.SegmentedRaftLogWorker (SegmentedRaftLogWorker.java:getFromFuture(90)) - Timeout 6/~
org.apache.ratis.protocol.TimeoutIOException: Timeout 10s: WriteLog:35: (t:4, i:35), STATEMACHINELOGENTRY, client-B79E81ABE48D, cid=30-writeStateMachineData
	at org.apache.ratis.util.IOUtils.getFromFuture(IOUtils.java:87)
	at org.apache.ratis.server.raftlog.segmented.SegmentedRaftLogWorker$StateMachineDataPolicy.getFromFuture(SegmentedRaftLogWorker.java:87)
	at org.apache.ratis.server.raftlog.segmented.SegmentedRaftLogWorker$WriteLog.execute(SegmentedRaftLogWorker.java:477)
	at org.apache.ratis.server.raftlog.segmented.SegmentedRaftLogWorker.run(SegmentedRaftLogWorker.java:289)
	at java.lang.Thread.run(Thread.java:748)
Caused by: java.util.concurrent.TimeoutException
	at java.util.concurrent.CompletableFuture.timedGet(CompletableFuture.java:1771)
	at java.util.concurrent.CompletableFuture.get(CompletableFuture.java:1915)
	at org.apache.ratis.util.IOUtils.getFromFuture(IOUtils.java:79)
	... 4 more
2019-09-17 13:43:17,261 [73c69e8a-9bd3-45ee-8ac9-6e361d860e2f@group-8A5A189D8196-SegmentedRaftLogWorker] WARN  segmented.SegmentedRaftLogWorker (SegmentedRaftLogWorker.java:getFromFuture(90)) - Timeout 6/~
org.apache.ratis.protocol.TimeoutIOException: Timeout 10s: WriteLog:35: (t:4, i:35), STATEMACHINELOGENTRY, client-B79E81ABE48D, cid=30-writeStateMachineData
	at org.apache.ratis.util.IOUtils.getFromFuture(IOUtils.java:87)
	at org.apache.ratis.server.raftlog.segmented.SegmentedRaftLogWorker$StateMachineDataPolicy.getFromFuture(SegmentedRaftLogWorker.java:87)
	at org.apache.ratis.server.raftlog.segmented.SegmentedRaftLogWorker$WriteLog.execute(SegmentedRaftLogWorker.java:477)
	at org.apache.ratis.server.raftlog.segmented.SegmentedRaftLogWorker.run(SegmentedRaftLogWorker.java:289)
	at java.lang.Thread.run(Thread.java:748)
Caused by: java.util.concurrent.TimeoutException
	at java.util.concurrent.CompletableFuture.timedGet(CompletableFuture.java:1771)
	at java.util.concurrent.CompletableFuture.get(CompletableFuture.java:1915)
	at org.apache.ratis.util.IOUtils.getFromFuture(IOUtils.java:79)
	... 4 more
2019-09-17 13:43:17,630 [java.util.concurrent.ThreadPoolExecutor$Worker@2c96aea2[State = -1, empty queue]] WARN  server.GrpcLogAppender (GrpcLogAppender.java:timeoutAppendRequest(200)) - 235b1c08-2c3c-45bc-ab7f-b19a657e57f0@group-8A5A189D8196->73c69e8a-9bd3-45ee-8ac9-6e361d860e2f-GrpcLogAppender: appendEntries Timeout, request=235b1c08-2c3c-45bc-ab7f-b19a657e57f0->73c69e8a-9bd3-45ee-8ac9-6e361d860e2f#64-t4, previous=(t:4, i:36), leaderCommit=32, initializing? false, entries: <empty>
2019-09-17 13:43:17,630 [java.util.concurrent.ThreadPoolExecutor$Worker@23a99472[State = -1, empty queue]] WARN  server.GrpcLogAppender (GrpcLogAppender.java:timeoutAppendRequest(200)) - 235b1c08-2c3c-45bc-ab7f-b19a657e57f0@group-8A5A189D8196->bf9845cc-5491-4380-971d-60a5c36fd440-GrpcLogAppender: appendEntries Timeout, request=235b1c08-2c3c-45bc-ab7f-b19a657e57f0->bf9845cc-5491-4380-971d-60a5c36fd440#64-t4, previous=(t:4, i:36), leaderCommit=32, initializing? false, entries: <empty>
2019-09-17 13:43:17,903 [grpc-default-executor-0] INFO  client.GrpcClientProtocolClient (GrpcClientProtocolClient.java:onNext(264)) - client-B79E81ABE48D->bf9845cc-5491-4380-971d-60a5c36fd440: receive RaftClientReply:client-B79E81ABE48D->bf9845cc-5491-4380-971d-60a5c36fd440@group-8A5A189D8196, cid=28, FAILED org.apache.ratis.protocol.NotLeaderException: Server bf9845cc-5491-4380-971d-60a5c36fd440@group-8A5A189D8196 is not the leader 235b1c08-2c3c-45bc-ab7f-b19a657e57f0:192.168.5.130:39322, logIndex=0, commits[bf9845cc-5491-4380-971d-60a5c36fd440:c32, 73c69e8a-9bd3-45ee-8ac9-6e361d860e2f:c28, 235b1c08-2c3c-45bc-ab7f-b19a657e57f0:c32]
 0.00% |█                                                                                                    |  0/1 Time: 0:01:28 0.00% |█                                                                                                    |  0/1 Time: 0:01:292019-09-17 13:43:20,131 [java.util.concurrent.ThreadPoolExecutor$Worker@23a99472[State = -1, empty queue]] WARN  server.GrpcLogAppender (GrpcLogAppender.java:timeoutAppendRequest(200)) - 235b1c08-2c3c-45bc-ab7f-b19a657e57f0@group-8A5A189D8196->bf9845cc-5491-4380-971d-60a5c36fd440-GrpcLogAppender: appendEntries Timeout, request=235b1c08-2c3c-45bc-ab7f-b19a657e57f0->bf9845cc-5491-4380-971d-60a5c36fd440#65-t4, previous=(t:4, i:36), leaderCommit=32, initializing? false, entries: <empty>
2019-09-17 13:43:20,131 [java.util.concurrent.ThreadPoolExecutor$Worker@2c96aea2[State = -1, empty queue]] WARN  server.GrpcLogAppender (GrpcLogAppender.java:timeoutAppendRequest(200)) - 235b1c08-2c3c-45bc-ab7f-b19a657e57f0@group-8A5A189D8196->73c69e8a-9bd3-45ee-8ac9-6e361d860e2f-GrpcLogAppender: appendEntries Timeout, request=235b1c08-2c3c-45bc-ab7f-b19a657e57f0->73c69e8a-9bd3-45ee-8ac9-6e361d860e2f#65-t4, previous=(t:4, i:36), leaderCommit=32, initializing? false, entries: <empty>
 0.00% |█                                                                                                    |  0/1 Time: 0:01:30 0.00% |█                                                                                                    |  0/1 Time: 0:01:31 0.00% |█                                                                                                    |  0/1 Time: 0:01:322019-09-17 13:43:22,633 [java.util.concurrent.ThreadPoolExecutor$Worker@2c96aea2[State = -1, empty queue]] WARN  server.GrpcLogAppender (GrpcLogAppender.java:timeoutAppendRequest(200)) - 235b1c08-2c3c-45bc-ab7f-b19a657e57f0@group-8A5A189D8196->73c69e8a-9bd3-45ee-8ac9-6e361d860e2f-GrpcLogAppender: appendEntries Timeout, request=235b1c08-2c3c-45bc-ab7f-b19a657e57f0->73c69e8a-9bd3-45ee-8ac9-6e361d860e2f#66-t4, previous=(t:4, i:36), leaderCommit=32, initializing? false, entries: <empty>
2019-09-17 13:43:22,633 [java.util.concurrent.ThreadPoolExecutor$Worker@23a99472[State = -1, empty queue]] WARN  server.GrpcLogAppender (GrpcLogAppender.java:timeoutAppendRequest(200)) - 235b1c08-2c3c-45bc-ab7f-b19a657e57f0@group-8A5A189D8196->bf9845cc-5491-4380-971d-60a5c36fd440-GrpcLogAppender: appendEntries Timeout, request=235b1c08-2c3c-45bc-ab7f-b19a657e57f0->bf9845cc-5491-4380-971d-60a5c36fd440#66-t4, previous=(t:4, i:36), leaderCommit=32, initializing? false, entries: <empty>
2019-09-17 13:43:22,961 [grpc-default-executor-0] INFO  client.GrpcClientProtocolClient (GrpcClientProtocolClient.java:onNext(264)) - client-B79E81ABE48D->bf9845cc-5491-4380-971d-60a5c36fd440: receive RaftClientReply:client-B79E81ABE48D->bf9845cc-5491-4380-971d-60a5c36fd440@group-8A5A189D8196, cid=28, FAILED org.apache.ratis.protocol.NotLeaderException: Server bf9845cc-5491-4380-971d-60a5c36fd440@group-8A5A189D8196 is not the leader 235b1c08-2c3c-45bc-ab7f-b19a657e57f0:192.168.5.130:39322, logIndex=0, commits[bf9845cc-5491-4380-971d-60a5c36fd440:c32, 73c69e8a-9bd3-45ee-8ac9-6e361d860e2f:c28, 235b1c08-2c3c-45bc-ab7f-b19a657e57f0:c32]
 0.00% |█                                                                                                    |  0/1 Time: 0:01:33 0.00% |█                                                                                                    |  0/1 Time: 0:01:342019-09-17 13:43:25,133 [java.util.concurrent.ThreadPoolExecutor$Worker@2c96aea2[State = -1, empty queue]] WARN  server.GrpcLogAppender (GrpcLogAppender.java:timeoutAppendRequest(200)) - 235b1c08-2c3c-45bc-ab7f-b19a657e57f0@group-8A5A189D8196->73c69e8a-9bd3-45ee-8ac9-6e361d860e2f-GrpcLogAppender: appendEntries Timeout, request=235b1c08-2c3c-45bc-ab7f-b19a657e57f0->73c69e8a-9bd3-45ee-8ac9-6e361d860e2f#67-t4, previous=(t:4, i:36), leaderCommit=32, initializing? false, entries: <empty>
2019-09-17 13:43:25,133 [java.util.concurrent.ThreadPoolExecutor$Worker@23a99472[State = -1, empty queue]] WARN  server.GrpcLogAppender (GrpcLogAppender.java:timeoutAppendRequest(200)) - 235b1c08-2c3c-45bc-ab7f-b19a657e57f0@group-8A5A189D8196->bf9845cc-5491-4380-971d-60a5c36fd440-GrpcLogAppender: appendEntries Timeout, request=235b1c08-2c3c-45bc-ab7f-b19a657e57f0->bf9845cc-5491-4380-971d-60a5c36fd440#67-t4, previous=(t:4, i:36), leaderCommit=32, initializing? false, entries: <empty>
 0.00% |█                                                                                                    |  0/1 Time: 0:01:35 0.00% |█                                                                                                    |  0/1 Time: 0:01:36 0.00% |█                                                                                                    |  0/1 Time: 0:01:372019-09-17 13:43:27,261 [bf9845cc-5491-4380-971d-60a5c36fd440@group-8A5A189D8196-SegmentedRaftLogWorker] WARN  segmented.SegmentedRaftLogWorker (SegmentedRaftLogWorker.java:getFromFuture(90)) - Timeout 7/~
org.apache.ratis.protocol.TimeoutIOException: Timeout 10s: WriteLog:35: (t:4, i:35), STATEMACHINELOGENTRY, client-B79E81ABE48D, cid=30-writeStateMachineData
	at org.apache.ratis.util.IOUtils.getFromFuture(IOUtils.java:87)
	at org.apache.ratis.server.raftlog.segmented.SegmentedRaftLogWorker$StateMachineDataPolicy.getFromFuture(SegmentedRaftLogWorker.java:87)
	at org.apache.ratis.server.raftlog.segmented.SegmentedRaftLogWorker$WriteLog.execute(SegmentedRaftLogWorker.java:477)
	at org.apache.ratis.server.raftlog.segmented.SegmentedRaftLogWorker.run(SegmentedRaftLogWorker.java:289)
	at java.lang.Thread.run(Thread.java:748)
Caused by: java.util.concurrent.TimeoutException
	at java.util.concurrent.CompletableFuture.timedGet(CompletableFuture.java:1771)
	at java.util.concurrent.CompletableFuture.get(CompletableFuture.java:1915)
	at org.apache.ratis.util.IOUtils.getFromFuture(IOUtils.java:79)
	... 4 more
2019-09-17 13:43:27,274 [235b1c08-2c3c-45bc-ab7f-b19a657e57f0@group-8A5A189D8196-SegmentedRaftLogWorker] WARN  segmented.SegmentedRaftLogWorker (SegmentedRaftLogWorker.java:getFromFuture(90)) - Timeout 7/~
org.apache.ratis.protocol.TimeoutIOException: Timeout 10s: WriteLog:35: (t:4, i:35), STATEMACHINELOGENTRY, client-B79E81ABE48D, cid=30-writeStateMachineData
	at org.apache.ratis.util.IOUtils.getFromFuture(IOUtils.java:87)
	at org.apache.ratis.server.raftlog.segmented.SegmentedRaftLogWorker$StateMachineDataPolicy.getFromFuture(SegmentedRaftLogWorker.java:87)
	at org.apache.ratis.server.raftlog.segmented.SegmentedRaftLogWorker$WriteLog.execute(SegmentedRaftLogWorker.java:477)
	at org.apache.ratis.server.raftlog.segmented.SegmentedRaftLogWorker.run(SegmentedRaftLogWorker.java:289)
	at java.lang.Thread.run(Thread.java:748)
Caused by: java.util.concurrent.TimeoutException
	at java.util.concurrent.CompletableFuture.timedGet(CompletableFuture.java:1771)
	at java.util.concurrent.CompletableFuture.get(CompletableFuture.java:1915)
	at org.apache.ratis.util.IOUtils.getFromFuture(IOUtils.java:79)
	... 4 more
2019-09-17 13:43:27,274 [73c69e8a-9bd3-45ee-8ac9-6e361d860e2f@group-8A5A189D8196-SegmentedRaftLogWorker] WARN  segmented.SegmentedRaftLogWorker (SegmentedRaftLogWorker.java:getFromFuture(90)) - Timeout 7/~
org.apache.ratis.protocol.TimeoutIOException: Timeout 10s: WriteLog:35: (t:4, i:35), STATEMACHINELOGENTRY, client-B79E81ABE48D, cid=30-writeStateMachineData
	at org.apache.ratis.util.IOUtils.getFromFuture(IOUtils.java:87)
	at org.apache.ratis.server.raftlog.segmented.SegmentedRaftLogWorker$StateMachineDataPolicy.getFromFuture(SegmentedRaftLogWorker.java:87)
	at org.apache.ratis.server.raftlog.segmented.SegmentedRaftLogWorker$WriteLog.execute(SegmentedRaftLogWorker.java:477)
	at org.apache.ratis.server.raftlog.segmented.SegmentedRaftLogWorker.run(SegmentedRaftLogWorker.java:289)
	at java.lang.Thread.run(Thread.java:748)
Caused by: java.util.concurrent.TimeoutException
	at java.util.concurrent.CompletableFuture.timedGet(CompletableFuture.java:1771)
	at java.util.concurrent.CompletableFuture.get(CompletableFuture.java:1915)
	at org.apache.ratis.util.IOUtils.getFromFuture(IOUtils.java:79)
	... 4 more
2019-09-17 13:43:27,634 [java.util.concurrent.ThreadPoolExecutor$Worker@23a99472[State = -1, empty queue]] WARN  server.GrpcLogAppender (GrpcLogAppender.java:timeoutAppendRequest(200)) - 235b1c08-2c3c-45bc-ab7f-b19a657e57f0@group-8A5A189D8196->bf9845cc-5491-4380-971d-60a5c36fd440-GrpcLogAppender: appendEntries Timeout, request=235b1c08-2c3c-45bc-ab7f-b19a657e57f0->bf9845cc-5491-4380-971d-60a5c36fd440#68-t4, previous=(t:4, i:36), leaderCommit=32, initializing? false, entries: <empty>
2019-09-17 13:43:27,634 [java.util.concurrent.ThreadPoolExecutor$Worker@2c96aea2[State = -1, empty queue]] WARN  server.GrpcLogAppender (GrpcLogAppender.java:timeoutAppendRequest(200)) - 235b1c08-2c3c-45bc-ab7f-b19a657e57f0@group-8A5A189D8196->73c69e8a-9bd3-45ee-8ac9-6e361d860e2f-GrpcLogAppender: appendEntries Timeout, request=235b1c08-2c3c-45bc-ab7f-b19a657e57f0->73c69e8a-9bd3-45ee-8ac9-6e361d860e2f#68-t4, previous=(t:4, i:36), leaderCommit=32, initializing? false, entries: <empty>
2019-09-17 13:43:28,039 [grpc-default-executor-0] INFO  client.GrpcClientProtocolClient (GrpcClientProtocolClient.java:onNext(264)) - client-B79E81ABE48D->73c69e8a-9bd3-45ee-8ac9-6e361d860e2f: receive RaftClientReply:client-B79E81ABE48D->73c69e8a-9bd3-45ee-8ac9-6e361d860e2f@group-8A5A189D8196, cid=28, FAILED org.apache.ratis.protocol.NotLeaderException: Server 73c69e8a-9bd3-45ee-8ac9-6e361d860e2f@group-8A5A189D8196 is not the leader 235b1c08-2c3c-45bc-ab7f-b19a657e57f0:192.168.5.130:39322, logIndex=0, commits[73c69e8a-9bd3-45ee-8ac9-6e361d860e2f:c32, 235b1c08-2c3c-45bc-ab7f-b19a657e57f0:c32, bf9845cc-5491-4380-971d-60a5c36fd440:c28]
 0.00% |█                                                                                                    |  0/1 Time: 0:01:38 0.00% |█                                                                                                    |  0/1 Time: 0:01:392019-09-17 13:43:30,135 [java.util.concurrent.ThreadPoolExecutor$Worker@23a99472[State = -1, empty queue]] WARN  server.GrpcLogAppender (GrpcLogAppender.java:timeoutAppendRequest(200)) - 235b1c08-2c3c-45bc-ab7f-b19a657e57f0@group-8A5A189D8196->bf9845cc-5491-4380-971d-60a5c36fd440-GrpcLogAppender: appendEntries Timeout, request=235b1c08-2c3c-45bc-ab7f-b19a657e57f0->bf9845cc-5491-4380-971d-60a5c36fd440#69-t4, previous=(t:4, i:36), leaderCommit=32, initializing? false, entries: <empty>
2019-09-17 13:43:30,135 [java.util.concurrent.ThreadPoolExecutor$Worker@2c96aea2[State = -1, empty queue]] WARN  server.GrpcLogAppender (GrpcLogAppender.java:timeoutAppendRequest(200)) - 235b1c08-2c3c-45bc-ab7f-b19a657e57f0@group-8A5A189D8196->73c69e8a-9bd3-45ee-8ac9-6e361d860e2f-GrpcLogAppender: appendEntries Timeout, request=235b1c08-2c3c-45bc-ab7f-b19a657e57f0->73c69e8a-9bd3-45ee-8ac9-6e361d860e2f#69-t4, previous=(t:4, i:36), leaderCommit=32, initializing? false, entries: <empty>
 0.00% |█                                                                                                    |  0/1 Time: 0:01:40 0.00% |█                                                                                                    |  0/1 Time: 0:01:41 0.00% |█                                                                                                    |  0/1 Time: 0:01:422019-09-17 13:43:32,636 [java.util.concurrent.ThreadPoolExecutor$Worker@23a99472[State = -1, empty queue]] WARN  server.GrpcLogAppender (GrpcLogAppender.java:timeoutAppendRequest(200)) - 235b1c08-2c3c-45bc-ab7f-b19a657e57f0@group-8A5A189D8196->bf9845cc-5491-4380-971d-60a5c36fd440-GrpcLogAppender: appendEntries Timeout, request=235b1c08-2c3c-45bc-ab7f-b19a657e57f0->bf9845cc-5491-4380-971d-60a5c36fd440#70-t4, previous=(t:4, i:36), leaderCommit=32, initializing? false, entries: <empty>
2019-09-17 13:43:32,636 [java.util.concurrent.ThreadPoolExecutor$Worker@2c96aea2[State = -1, empty queue]] WARN  server.GrpcLogAppender (GrpcLogAppender.java:timeoutAppendRequest(200)) - 235b1c08-2c3c-45bc-ab7f-b19a657e57f0@group-8A5A189D8196->73c69e8a-9bd3-45ee-8ac9-6e361d860e2f-GrpcLogAppender: appendEntries Timeout, request=235b1c08-2c3c-45bc-ab7f-b19a657e57f0->73c69e8a-9bd3-45ee-8ac9-6e361d860e2f#70-t4, previous=(t:4, i:36), leaderCommit=32, initializing? false, entries: <empty>
2019-09-17 13:43:33,131 [grpc-default-executor-0] INFO  client.GrpcClientProtocolClient (GrpcClientProtocolClient.java:onNext(264)) - client-B79E81ABE48D->73c69e8a-9bd3-45ee-8ac9-6e361d860e2f: receive RaftClientReply:client-B79E81ABE48D->73c69e8a-9bd3-45ee-8ac9-6e361d860e2f@group-8A5A189D8196, cid=28, FAILED org.apache.ratis.protocol.NotLeaderException: Server 73c69e8a-9bd3-45ee-8ac9-6e361d860e2f@group-8A5A189D8196 is not the leader 235b1c08-2c3c-45bc-ab7f-b19a657e57f0:192.168.5.130:39322, logIndex=0, commits[73c69e8a-9bd3-45ee-8ac9-6e361d860e2f:c32, 235b1c08-2c3c-45bc-ab7f-b19a657e57f0:c32, bf9845cc-5491-4380-971d-60a5c36fd440:c28]
 0.00% |█                                                                                                    |  0/1 Time: 0:01:43 0.00% |█                                                                                                    |  0/1 Time: 0:01:442019-09-17 13:43:35,137 [java.util.concurrent.ThreadPoolExecutor$Worker@23a99472[State = -1, empty queue]] WARN  server.GrpcLogAppender (GrpcLogAppender.java:timeoutAppendRequest(200)) - 235b1c08-2c3c-45bc-ab7f-b19a657e57f0@group-8A5A189D8196->bf9845cc-5491-4380-971d-60a5c36fd440-GrpcLogAppender: appendEntries Timeout, request=235b1c08-2c3c-45bc-ab7f-b19a657e57f0->bf9845cc-5491-4380-971d-60a5c36fd440#71-t4, previous=(t:4, i:36), leaderCommit=32, initializing? false, entries: <empty>
2019-09-17 13:43:35,137 [java.util.concurrent.ThreadPoolExecutor$Worker@2c96aea2[State = -1, empty queue]] WARN  server.GrpcLogAppender (GrpcLogAppender.java:timeoutAppendRequest(200)) - 235b1c08-2c3c-45bc-ab7f-b19a657e57f0@group-8A5A189D8196->73c69e8a-9bd3-45ee-8ac9-6e361d860e2f-GrpcLogAppender: appendEntries Timeout, request=235b1c08-2c3c-45bc-ab7f-b19a657e57f0->73c69e8a-9bd3-45ee-8ac9-6e361d860e2f#71-t4, previous=(t:4, i:36), leaderCommit=32, initializing? false, entries: <empty>
 0.00% |█                                                                                                    |  0/1 Time: 0:01:45 0.00% |█                                                                                                    |  0/1 Time: 0:01:46 0.00% |█                                                                                                    |  0/1 Time: 0:01:472019-09-17 13:43:37,263 [bf9845cc-5491-4380-971d-60a5c36fd440@group-8A5A189D8196-SegmentedRaftLogWorker] WARN  segmented.SegmentedRaftLogWorker (SegmentedRaftLogWorker.java:getFromFuture(90)) - Timeout 8/~
org.apache.ratis.protocol.TimeoutIOException: Timeout 10s: WriteLog:35: (t:4, i:35), STATEMACHINELOGENTRY, client-B79E81ABE48D, cid=30-writeStateMachineData
	at org.apache.ratis.util.IOUtils.getFromFuture(IOUtils.java:87)
	at org.apache.ratis.server.raftlog.segmented.SegmentedRaftLogWorker$StateMachineDataPolicy.getFromFuture(SegmentedRaftLogWorker.java:87)
	at org.apache.ratis.server.raftlog.segmented.SegmentedRaftLogWorker$WriteLog.execute(SegmentedRaftLogWorker.java:477)
	at org.apache.ratis.server.raftlog.segmented.SegmentedRaftLogWorker.run(SegmentedRaftLogWorker.java:289)
	at java.lang.Thread.run(Thread.java:748)
Caused by: java.util.concurrent.TimeoutException
	at java.util.concurrent.CompletableFuture.timedGet(CompletableFuture.java:1771)
	at java.util.concurrent.CompletableFuture.get(CompletableFuture.java:1915)
	at org.apache.ratis.util.IOUtils.getFromFuture(IOUtils.java:79)
	... 4 more
2019-09-17 13:43:37,275 [235b1c08-2c3c-45bc-ab7f-b19a657e57f0@group-8A5A189D8196-SegmentedRaftLogWorker] WARN  segmented.SegmentedRaftLogWorker (SegmentedRaftLogWorker.java:getFromFuture(90)) - Timeout 8/~
org.apache.ratis.protocol.TimeoutIOException: Timeout 10s: WriteLog:35: (t:4, i:35), STATEMACHINELOGENTRY, client-B79E81ABE48D, cid=30-writeStateMachineData
	at org.apache.ratis.util.IOUtils.getFromFuture(IOUtils.java:87)
	at org.apache.ratis.server.raftlog.segmented.SegmentedRaftLogWorker$StateMachineDataPolicy.getFromFuture(SegmentedRaftLogWorker.java:87)
	at org.apache.ratis.server.raftlog.segmented.SegmentedRaftLogWorker$WriteLog.execute(SegmentedRaftLogWorker.java:477)
	at org.apache.ratis.server.raftlog.segmented.SegmentedRaftLogWorker.run(SegmentedRaftLogWorker.java:289)
	at java.lang.Thread.run(Thread.java:748)
Caused by: java.util.concurrent.TimeoutException
	at java.util.concurrent.CompletableFuture.timedGet(CompletableFuture.java:1771)
	at java.util.concurrent.CompletableFuture.get(CompletableFuture.java:1915)
	at org.apache.ratis.util.IOUtils.getFromFuture(IOUtils.java:79)
	... 4 more
2019-09-17 13:43:37,275 [73c69e8a-9bd3-45ee-8ac9-6e361d860e2f@group-8A5A189D8196-SegmentedRaftLogWorker] WARN  segmented.SegmentedRaftLogWorker (SegmentedRaftLogWorker.java:getFromFuture(90)) - Timeout 8/~
org.apache.ratis.protocol.TimeoutIOException: Timeout 10s: WriteLog:35: (t:4, i:35), STATEMACHINELOGENTRY, client-B79E81ABE48D, cid=30-writeStateMachineData
	at org.apache.ratis.util.IOUtils.getFromFuture(IOUtils.java:87)
	at org.apache.ratis.server.raftlog.segmented.SegmentedRaftLogWorker$StateMachineDataPolicy.getFromFuture(SegmentedRaftLogWorker.java:87)
	at org.apache.ratis.server.raftlog.segmented.SegmentedRaftLogWorker$WriteLog.execute(SegmentedRaftLogWorker.java:477)
	at org.apache.ratis.server.raftlog.segmented.SegmentedRaftLogWorker.run(SegmentedRaftLogWorker.java:289)
	at java.lang.Thread.run(Thread.java:748)
Caused by: java.util.concurrent.TimeoutException
	at java.util.concurrent.CompletableFuture.timedGet(CompletableFuture.java:1771)
	at java.util.concurrent.CompletableFuture.get(CompletableFuture.java:1915)
	at org.apache.ratis.util.IOUtils.getFromFuture(IOUtils.java:79)
	... 4 more
2019-09-17 13:43:37,637 [java.util.concurrent.ThreadPoolExecutor$Worker@23a99472[State = -1, empty queue]] WARN  server.GrpcLogAppender (GrpcLogAppender.java:timeoutAppendRequest(200)) - 235b1c08-2c3c-45bc-ab7f-b19a657e57f0@group-8A5A189D8196->bf9845cc-5491-4380-971d-60a5c36fd440-GrpcLogAppender: appendEntries Timeout, request=235b1c08-2c3c-45bc-ab7f-b19a657e57f0->bf9845cc-5491-4380-971d-60a5c36fd440#72-t4, previous=(t:4, i:36), leaderCommit=32, initializing? false, entries: <empty>
2019-09-17 13:43:37,637 [java.util.concurrent.ThreadPoolExecutor$Worker@2c96aea2[State = -1, empty queue]] WARN  server.GrpcLogAppender (GrpcLogAppender.java:timeoutAppendRequest(200)) - 235b1c08-2c3c-45bc-ab7f-b19a657e57f0@group-8A5A189D8196->73c69e8a-9bd3-45ee-8ac9-6e361d860e2f-GrpcLogAppender: appendEntries Timeout, request=235b1c08-2c3c-45bc-ab7f-b19a657e57f0->73c69e8a-9bd3-45ee-8ac9-6e361d860e2f#72-t4, previous=(t:4, i:36), leaderCommit=32, initializing? false, entries: <empty>
 0.00% |█                                                                                                    |  0/1 Time: 0:01:482019-09-17 13:43:38,188 [grpc-default-executor-2] INFO  client.GrpcClientProtocolClient (GrpcClientProtocolClient.java:onNext(264)) - client-B79E81ABE48D->73c69e8a-9bd3-45ee-8ac9-6e361d860e2f: receive RaftClientReply:client-B79E81ABE48D->73c69e8a-9bd3-45ee-8ac9-6e361d860e2f@group-8A5A189D8196, cid=28, FAILED org.apache.ratis.protocol.NotLeaderException: Server 73c69e8a-9bd3-45ee-8ac9-6e361d860e2f@group-8A5A189D8196 is not the leader 235b1c08-2c3c-45bc-ab7f-b19a657e57f0:192.168.5.130:39322, logIndex=0, commits[73c69e8a-9bd3-45ee-8ac9-6e361d860e2f:c32, 235b1c08-2c3c-45bc-ab7f-b19a657e57f0:c32, bf9845cc-5491-4380-971d-60a5c36fd440:c28]
 0.00% |█                                                                                                    |  0/1 Time: 0:01:492019-09-17 13:43:40,138 [java.util.concurrent.ThreadPoolExecutor$Worker@23a99472[State = -1, empty queue]] WARN  server.GrpcLogAppender (GrpcLogAppender.java:timeoutAppendRequest(200)) - 235b1c08-2c3c-45bc-ab7f-b19a657e57f0@group-8A5A189D8196->bf9845cc-5491-4380-971d-60a5c36fd440-GrpcLogAppender: appendEntries Timeout, request=235b1c08-2c3c-45bc-ab7f-b19a657e57f0->bf9845cc-5491-4380-971d-60a5c36fd440#73-t4, previous=(t:4, i:36), leaderCommit=32, initializing? false, entries: <empty>
2019-09-17 13:43:40,138 [java.util.concurrent.ThreadPoolExecutor$Worker@2c96aea2[State = -1, empty queue]] WARN  server.GrpcLogAppender (GrpcLogAppender.java:timeoutAppendRequest(200)) - 235b1c08-2c3c-45bc-ab7f-b19a657e57f0@group-8A5A189D8196->73c69e8a-9bd3-45ee-8ac9-6e361d860e2f-GrpcLogAppender: appendEntries Timeout, request=235b1c08-2c3c-45bc-ab7f-b19a657e57f0->73c69e8a-9bd3-45ee-8ac9-6e361d860e2f#73-t4, previous=(t:4, i:36), leaderCommit=32, initializing? false, entries: <empty>
 0.00% |█                                                                                                    |  0/1 Time: 0:01:50 0.00% |█                                                                                                    |  0/1 Time: 0:01:51 0.00% |█                                                                                                    |  0/1 Time: 0:01:522019-09-17 13:43:42,639 [java.util.concurrent.ThreadPoolExecutor$Worker@23a99472[State = -1, empty queue]] WARN  server.GrpcLogAppender (GrpcLogAppender.java:timeoutAppendRequest(200)) - 235b1c08-2c3c-45bc-ab7f-b19a657e57f0@group-8A5A189D8196->bf9845cc-5491-4380-971d-60a5c36fd440-GrpcLogAppender: appendEntries Timeout, request=235b1c08-2c3c-45bc-ab7f-b19a657e57f0->bf9845cc-5491-4380-971d-60a5c36fd440#74-t4, previous=(t:4, i:36), leaderCommit=32, initializing? false, entries: <empty>
2019-09-17 13:43:42,639 [java.util.concurrent.ThreadPoolExecutor$Worker@2c96aea2[State = -1, empty queue]] WARN  server.GrpcLogAppender (GrpcLogAppender.java:timeoutAppendRequest(200)) - 235b1c08-2c3c-45bc-ab7f-b19a657e57f0@group-8A5A189D8196->73c69e8a-9bd3-45ee-8ac9-6e361d860e2f-GrpcLogAppender: appendEntries Timeout, request=235b1c08-2c3c-45bc-ab7f-b19a657e57f0->73c69e8a-9bd3-45ee-8ac9-6e361d860e2f#74-t4, previous=(t:4, i:36), leaderCommit=32, initializing? false, entries: <empty>
 0.00% |█                                                                                                    |  0/1 Time: 0:01:532019-09-17 13:43:43,254 [grpc-default-executor-3] INFO  client.GrpcClientProtocolClient (GrpcClientProtocolClient.java:onNext(264)) - client-B79E81ABE48D->bf9845cc-5491-4380-971d-60a5c36fd440: receive RaftClientReply:client-B79E81ABE48D->bf9845cc-5491-4380-971d-60a5c36fd440@group-8A5A189D8196, cid=28, FAILED org.apache.ratis.protocol.NotLeaderException: Server bf9845cc-5491-4380-971d-60a5c36fd440@group-8A5A189D8196 is not the leader 235b1c08-2c3c-45bc-ab7f-b19a657e57f0:192.168.5.130:39322, logIndex=0, commits[bf9845cc-5491-4380-971d-60a5c36fd440:c32, 73c69e8a-9bd3-45ee-8ac9-6e361d860e2f:c28, 235b1c08-2c3c-45bc-ab7f-b19a657e57f0:c32]
 0.00% |█                                                                                                    |  0/1 Time: 0:01:542019-09-17 13:43:45,141 [java.util.concurrent.ThreadPoolExecutor$Worker@23a99472[State = -1, empty queue]] WARN  server.GrpcLogAppender (GrpcLogAppender.java:timeoutAppendRequest(200)) - 235b1c08-2c3c-45bc-ab7f-b19a657e57f0@group-8A5A189D8196->bf9845cc-5491-4380-971d-60a5c36fd440-GrpcLogAppender: appendEntries Timeout, request=235b1c08-2c3c-45bc-ab7f-b19a657e57f0->bf9845cc-5491-4380-971d-60a5c36fd440#75-t4, previous=(t:4, i:36), leaderCommit=32, initializing? false, entries: <empty>
2019-09-17 13:43:45,141 [java.util.concurrent.ThreadPoolExecutor$Worker@2c96aea2[State = -1, empty queue]] WARN  server.GrpcLogAppender (GrpcLogAppender.java:timeoutAppendRequest(200)) - 235b1c08-2c3c-45bc-ab7f-b19a657e57f0@group-8A5A189D8196->73c69e8a-9bd3-45ee-8ac9-6e361d860e2f-GrpcLogAppender: appendEntries Timeout, request=235b1c08-2c3c-45bc-ab7f-b19a657e57f0->73c69e8a-9bd3-45ee-8ac9-6e361d860e2f#75-t4, previous=(t:4, i:36), leaderCommit=32, initializing? false, entries: <empty>
 0.00% |█                                                                                                    |  0/1 Time: 0:01:55 0.00% |█                                                                                                    |  0/1 Time: 0:01:56 0.00% |█                                                                                                    |  0/1 Time: 0:01:572019-09-17 13:43:47,264 [bf9845cc-5491-4380-971d-60a5c36fd440@group-8A5A189D8196-SegmentedRaftLogWorker] WARN  segmented.SegmentedRaftLogWorker (SegmentedRaftLogWorker.java:getFromFuture(90)) - Timeout 9/~
org.apache.ratis.protocol.TimeoutIOException: Timeout 10s: WriteLog:35: (t:4, i:35), STATEMACHINELOGENTRY, client-B79E81ABE48D, cid=30-writeStateMachineData
	at org.apache.ratis.util.IOUtils.getFromFuture(IOUtils.java:87)
	at org.apache.ratis.server.raftlog.segmented.SegmentedRaftLogWorker$StateMachineDataPolicy.getFromFuture(SegmentedRaftLogWorker.java:87)
	at org.apache.ratis.server.raftlog.segmented.SegmentedRaftLogWorker$WriteLog.execute(SegmentedRaftLogWorker.java:477)
	at org.apache.ratis.server.raftlog.segmented.SegmentedRaftLogWorker.run(SegmentedRaftLogWorker.java:289)
	at java.lang.Thread.run(Thread.java:748)
Caused by: java.util.concurrent.TimeoutException
	at java.util.concurrent.CompletableFuture.timedGet(CompletableFuture.java:1771)
	at java.util.concurrent.CompletableFuture.get(CompletableFuture.java:1915)
	at org.apache.ratis.util.IOUtils.getFromFuture(IOUtils.java:79)
	... 4 more
2019-09-17 13:43:47,283 [235b1c08-2c3c-45bc-ab7f-b19a657e57f0@group-8A5A189D8196-SegmentedRaftLogWorker] WARN  segmented.SegmentedRaftLogWorker (SegmentedRaftLogWorker.java:getFromFuture(90)) - Timeout 9/~
org.apache.ratis.protocol.TimeoutIOException: Timeout 10s: WriteLog:35: (t:4, i:35), STATEMACHINELOGENTRY, client-B79E81ABE48D, cid=30-writeStateMachineData
	at org.apache.ratis.util.IOUtils.getFromFuture(IOUtils.java:87)
	at org.apache.ratis.server.raftlog.segmented.SegmentedRaftLogWorker$StateMachineDataPolicy.getFromFuture(SegmentedRaftLogWorker.java:87)
	at org.apache.ratis.server.raftlog.segmented.SegmentedRaftLogWorker$WriteLog.execute(SegmentedRaftLogWorker.java:477)
	at org.apache.ratis.server.raftlog.segmented.SegmentedRaftLogWorker.run(SegmentedRaftLogWorker.java:289)
	at java.lang.Thread.run(Thread.java:748)
Caused by: java.util.concurrent.TimeoutException
	at java.util.concurrent.CompletableFuture.timedGet(CompletableFuture.java:1771)
	at java.util.concurrent.CompletableFuture.get(CompletableFuture.java:1915)
	at org.apache.ratis.util.IOUtils.getFromFuture(IOUtils.java:79)
	... 4 more
2019-09-17 13:43:47,283 [73c69e8a-9bd3-45ee-8ac9-6e361d860e2f@group-8A5A189D8196-SegmentedRaftLogWorker] WARN  segmented.SegmentedRaftLogWorker (SegmentedRaftLogWorker.java:getFromFuture(90)) - Timeout 9/~
org.apache.ratis.protocol.TimeoutIOException: Timeout 10s: WriteLog:35: (t:4, i:35), STATEMACHINELOGENTRY, client-B79E81ABE48D, cid=30-writeStateMachineData
	at org.apache.ratis.util.IOUtils.getFromFuture(IOUtils.java:87)
	at org.apache.ratis.server.raftlog.segmented.SegmentedRaftLogWorker$StateMachineDataPolicy.getFromFuture(SegmentedRaftLogWorker.java:87)
	at org.apache.ratis.server.raftlog.segmented.SegmentedRaftLogWorker$WriteLog.execute(SegmentedRaftLogWorker.java:477)
	at org.apache.ratis.server.raftlog.segmented.SegmentedRaftLogWorker.run(SegmentedRaftLogWorker.java:289)
	at java.lang.Thread.run(Thread.java:748)
Caused by: java.util.concurrent.TimeoutException
	at java.util.concurrent.CompletableFuture.timedGet(CompletableFuture.java:1771)
	at java.util.concurrent.CompletableFuture.get(CompletableFuture.java:1915)
	at org.apache.ratis.util.IOUtils.getFromFuture(IOUtils.java:79)
	... 4 more
2019-09-17 13:43:47,643 [java.util.concurrent.ThreadPoolExecutor$Worker@2c96aea2[State = -1, empty queue]] WARN  server.GrpcLogAppender (GrpcLogAppender.java:timeoutAppendRequest(200)) - 235b1c08-2c3c-45bc-ab7f-b19a657e57f0@group-8A5A189D8196->73c69e8a-9bd3-45ee-8ac9-6e361d860e2f-GrpcLogAppender: appendEntries Timeout, request=235b1c08-2c3c-45bc-ab7f-b19a657e57f0->73c69e8a-9bd3-45ee-8ac9-6e361d860e2f#76-t4, previous=(t:4, i:36), leaderCommit=32, initializing? false, entries: <empty>
2019-09-17 13:43:47,643 [java.util.concurrent.ThreadPoolExecutor$Worker@23a99472[State = -1, empty queue]] WARN  server.GrpcLogAppender (GrpcLogAppender.java:timeoutAppendRequest(200)) - 235b1c08-2c3c-45bc-ab7f-b19a657e57f0@group-8A5A189D8196->bf9845cc-5491-4380-971d-60a5c36fd440-GrpcLogAppender: appendEntries Timeout, request=235b1c08-2c3c-45bc-ab7f-b19a657e57f0->bf9845cc-5491-4380-971d-60a5c36fd440#76-t4, previous=(t:4, i:36), leaderCommit=32, initializing? false, entries: <empty>
 0.00% |█                                                                                                    |  0/1 Time: 0:01:582019-09-17 13:43:48,321 [grpc-default-executor-0] INFO  client.GrpcClientProtocolClient (GrpcClientProtocolClient.java:onNext(264)) - client-B79E81ABE48D->bf9845cc-5491-4380-971d-60a5c36fd440: receive RaftClientReply:client-B79E81ABE48D->bf9845cc-5491-4380-971d-60a5c36fd440@group-8A5A189D8196, cid=28, FAILED org.apache.ratis.protocol.NotLeaderException: Server bf9845cc-5491-4380-971d-60a5c36fd440@group-8A5A189D8196 is not the leader 235b1c08-2c3c-45bc-ab7f-b19a657e57f0:192.168.5.130:39322, logIndex=0, commits[bf9845cc-5491-4380-971d-60a5c36fd440:c32, 73c69e8a-9bd3-45ee-8ac9-6e361d860e2f:c28, 235b1c08-2c3c-45bc-ab7f-b19a657e57f0:c32]
 0.00% |█                                                                                                    |  0/1 Time: 0:01:592019-09-17 13:43:50,144 [java.util.concurrent.ThreadPoolExecutor$Worker@23a99472[State = -1, empty queue]] WARN  server.GrpcLogAppender (GrpcLogAppender.java:timeoutAppendRequest(200)) - 235b1c08-2c3c-45bc-ab7f-b19a657e57f0@group-8A5A189D8196->bf9845cc-5491-4380-971d-60a5c36fd440-GrpcLogAppender: appendEntries Timeout, request=235b1c08-2c3c-45bc-ab7f-b19a657e57f0->bf9845cc-5491-4380-971d-60a5c36fd440#77-t4, previous=(t:4, i:36), leaderCommit=32, initializing? false, entries: <empty>
2019-09-17 13:43:50,144 [java.util.concurrent.ThreadPoolExecutor$Worker@2c96aea2[State = -1, empty queue]] WARN  server.GrpcLogAppender (GrpcLogAppender.java:timeoutAppendRequest(200)) - 235b1c08-2c3c-45bc-ab7f-b19a657e57f0@group-8A5A189D8196->73c69e8a-9bd3-45ee-8ac9-6e361d860e2f-GrpcLogAppender: appendEntries Timeout, request=235b1c08-2c3c-45bc-ab7f-b19a657e57f0->73c69e8a-9bd3-45ee-8ac9-6e361d860e2f#77-t4, previous=(t:4, i:36), leaderCommit=32, initializing? false, entries: <empty>
 0.00% |█                                                                                                    |  0/1 Time: 0:02:00 0.00% |█                                                                                                    |  0/1 Time: 0:02:01 0.00% |█                                                                                                    |  0/1 Time: 0:02:022019-09-17 13:43:52,645 [java.util.concurrent.ThreadPoolExecutor$Worker@23a99472[State = -1, empty queue]] WARN  server.GrpcLogAppender (GrpcLogAppender.java:timeoutAppendRequest(200)) - 235b1c08-2c3c-45bc-ab7f-b19a657e57f0@group-8A5A189D8196->bf9845cc-5491-4380-971d-60a5c36fd440-GrpcLogAppender: appendEntries Timeout, request=235b1c08-2c3c-45bc-ab7f-b19a657e57f0->bf9845cc-5491-4380-971d-60a5c36fd440#78-t4, previous=(t:4, i:36), leaderCommit=32, initializing? false, entries: <empty>
2019-09-17 13:43:52,645 [java.util.concurrent.ThreadPoolExecutor$Worker@2c96aea2[State = -1, empty queue]] WARN  server.GrpcLogAppender (GrpcLogAppender.java:timeoutAppendRequest(200)) - 235b1c08-2c3c-45bc-ab7f-b19a657e57f0@group-8A5A189D8196->73c69e8a-9bd3-45ee-8ac9-6e361d860e2f-GrpcLogAppender: appendEntries Timeout, request=235b1c08-2c3c-45bc-ab7f-b19a657e57f0->73c69e8a-9bd3-45ee-8ac9-6e361d860e2f#78-t4, previous=(t:4, i:36), leaderCommit=32, initializing? false, entries: <empty>
 0.00% |█                                                                                                    |  0/1 Time: 0:02:032019-09-17 13:43:53,381 [grpc-default-executor-3] INFO  client.GrpcClientProtocolClient (GrpcClientProtocolClient.java:onNext(264)) - client-B79E81ABE48D->73c69e8a-9bd3-45ee-8ac9-6e361d860e2f: receive RaftClientReply:client-B79E81ABE48D->73c69e8a-9bd3-45ee-8ac9-6e361d860e2f@group-8A5A189D8196, cid=28, FAILED org.apache.ratis.protocol.NotLeaderException: Server 73c69e8a-9bd3-45ee-8ac9-6e361d860e2f@group-8A5A189D8196 is not the leader 235b1c08-2c3c-45bc-ab7f-b19a657e57f0:192.168.5.130:39322, logIndex=0, commits[73c69e8a-9bd3-45ee-8ac9-6e361d860e2f:c32, 235b1c08-2c3c-45bc-ab7f-b19a657e57f0:c32, bf9845cc-5491-4380-971d-60a5c36fd440:c28]
 0.00% |█                                                                                                    |  0/1 Time: 0:02:042019-09-17 13:43:55,147 [java.util.concurrent.ThreadPoolExecutor$Worker@2c96aea2[State = -1, empty queue]] WARN  server.GrpcLogAppender (GrpcLogAppender.java:timeoutAppendRequest(200)) - 235b1c08-2c3c-45bc-ab7f-b19a657e57f0@group-8A5A189D8196->73c69e8a-9bd3-45ee-8ac9-6e361d860e2f-GrpcLogAppender: appendEntries Timeout, request=235b1c08-2c3c-45bc-ab7f-b19a657e57f0->73c69e8a-9bd3-45ee-8ac9-6e361d860e2f#79-t4, previous=(t:4, i:36), leaderCommit=32, initializing? false, entries: <empty>
2019-09-17 13:43:55,147 [java.util.concurrent.ThreadPoolExecutor$Worker@23a99472[State = -1, empty queue]] WARN  server.GrpcLogAppender (GrpcLogAppender.java:timeoutAppendRequest(200)) - 235b1c08-2c3c-45bc-ab7f-b19a657e57f0@group-8A5A189D8196->bf9845cc-5491-4380-971d-60a5c36fd440-GrpcLogAppender: appendEntries Timeout, request=235b1c08-2c3c-45bc-ab7f-b19a657e57f0->bf9845cc-5491-4380-971d-60a5c36fd440#79-t4, previous=(t:4, i:36), leaderCommit=32, initializing? false, entries: <empty>
 0.00% |█                                                                                                    |  0/1 Time: 0:02:05 0.00% |█                                                                                                    |  0/1 Time: 0:02:06 0.00% |█                                                                                                    |  0/1 Time: 0:02:072019-09-17 13:43:57,266 [bf9845cc-5491-4380-971d-60a5c36fd440@group-8A5A189D8196-SegmentedRaftLogWorker] WARN  segmented.SegmentedRaftLogWorker (SegmentedRaftLogWorker.java:getFromFuture(90)) - Timeout 10/~
org.apache.ratis.protocol.TimeoutIOException: Timeout 10s: WriteLog:35: (t:4, i:35), STATEMACHINELOGENTRY, client-B79E81ABE48D, cid=30-writeStateMachineData
	at org.apache.ratis.util.IOUtils.getFromFuture(IOUtils.java:87)
	at org.apache.ratis.server.raftlog.segmented.SegmentedRaftLogWorker$StateMachineDataPolicy.getFromFuture(SegmentedRaftLogWorker.java:87)
	at org.apache.ratis.server.raftlog.segmented.SegmentedRaftLogWorker$WriteLog.execute(SegmentedRaftLogWorker.java:477)
	at org.apache.ratis.server.raftlog.segmented.SegmentedRaftLogWorker.run(SegmentedRaftLogWorker.java:289)
	at java.lang.Thread.run(Thread.java:748)
Caused by: java.util.concurrent.TimeoutException
	at java.util.concurrent.CompletableFuture.timedGet(CompletableFuture.java:1771)
	at java.util.concurrent.CompletableFuture.get(CompletableFuture.java:1915)
	at org.apache.ratis.util.IOUtils.getFromFuture(IOUtils.java:79)
	... 4 more
2019-09-17 13:43:57,284 [235b1c08-2c3c-45bc-ab7f-b19a657e57f0@group-8A5A189D8196-SegmentedRaftLogWorker] WARN  segmented.SegmentedRaftLogWorker (SegmentedRaftLogWorker.java:getFromFuture(90)) - Timeout 10/~
org.apache.ratis.protocol.TimeoutIOException: Timeout 10s: WriteLog:35: (t:4, i:35), STATEMACHINELOGENTRY, client-B79E81ABE48D, cid=30-writeStateMachineData
	at org.apache.ratis.util.IOUtils.getFromFuture(IOUtils.java:87)
	at org.apache.ratis.server.raftlog.segmented.SegmentedRaftLogWorker$StateMachineDataPolicy.getFromFuture(SegmentedRaftLogWorker.java:87)
	at org.apache.ratis.server.raftlog.segmented.SegmentedRaftLogWorker$WriteLog.execute(SegmentedRaftLogWorker.java:477)
	at org.apache.ratis.server.raftlog.segmented.SegmentedRaftLogWorker.run(SegmentedRaftLogWorker.java:289)
	at java.lang.Thread.run(Thread.java:748)
Caused by: java.util.concurrent.TimeoutException
	at java.util.concurrent.CompletableFuture.timedGet(CompletableFuture.java:1771)
	at java.util.concurrent.CompletableFuture.get(CompletableFuture.java:1915)
	at org.apache.ratis.util.IOUtils.getFromFuture(IOUtils.java:79)
	... 4 more
2019-09-17 13:43:57,285 [73c69e8a-9bd3-45ee-8ac9-6e361d860e2f@group-8A5A189D8196-SegmentedRaftLogWorker] WARN  segmented.SegmentedRaftLogWorker (SegmentedRaftLogWorker.java:getFromFuture(90)) - Timeout 10/~
org.apache.ratis.protocol.TimeoutIOException: Timeout 10s: WriteLog:35: (t:4, i:35), STATEMACHINELOGENTRY, client-B79E81ABE48D, cid=30-writeStateMachineData
	at org.apache.ratis.util.IOUtils.getFromFuture(IOUtils.java:87)
	at org.apache.ratis.server.raftlog.segmented.SegmentedRaftLogWorker$StateMachineDataPolicy.getFromFuture(SegmentedRaftLogWorker.java:87)
	at org.apache.ratis.server.raftlog.segmented.SegmentedRaftLogWorker$WriteLog.execute(SegmentedRaftLogWorker.java:477)
	at org.apache.ratis.server.raftlog.segmented.SegmentedRaftLogWorker.run(SegmentedRaftLogWorker.java:289)
	at java.lang.Thread.run(Thread.java:748)
Caused by: java.util.concurrent.TimeoutException
	at java.util.concurrent.CompletableFuture.timedGet(CompletableFuture.java:1771)
	at java.util.concurrent.CompletableFuture.get(CompletableFuture.java:1915)
	at org.apache.ratis.util.IOUtils.getFromFuture(IOUtils.java:79)
	... 4 more
2019-09-17 13:43:57,647 [java.util.concurrent.ThreadPoolExecutor$Worker@2c96aea2[State = -1, empty queue]] WARN  server.GrpcLogAppender (GrpcLogAppender.java:timeoutAppendRequest(200)) - 235b1c08-2c3c-45bc-ab7f-b19a657e57f0@group-8A5A189D8196->73c69e8a-9bd3-45ee-8ac9-6e361d860e2f-GrpcLogAppender: appendEntries Timeout, request=235b1c08-2c3c-45bc-ab7f-b19a657e57f0->73c69e8a-9bd3-45ee-8ac9-6e361d860e2f#80-t4, previous=(t:4, i:36), leaderCommit=32, initializing? false, entries: <empty>
2019-09-17 13:43:57,647 [java.util.concurrent.ThreadPoolExecutor$Worker@23a99472[State = -1, empty queue]] WARN  server.GrpcLogAppender (GrpcLogAppender.java:timeoutAppendRequest(200)) - 235b1c08-2c3c-45bc-ab7f-b19a657e57f0@group-8A5A189D8196->bf9845cc-5491-4380-971d-60a5c36fd440-GrpcLogAppender: appendEntries Timeout, request=235b1c08-2c3c-45bc-ab7f-b19a657e57f0->bf9845cc-5491-4380-971d-60a5c36fd440#80-t4, previous=(t:4, i:36), leaderCommit=32, initializing? false, entries: <empty>
 0.00% |█                                                                                                    |  0/1 Time: 0:02:082019-09-17 13:43:58,426 [grpc-default-executor-3] INFO  client.GrpcClientProtocolClient (GrpcClientProtocolClient.java:onNext(264)) - client-B79E81ABE48D->bf9845cc-5491-4380-971d-60a5c36fd440: receive RaftClientReply:client-B79E81ABE48D->bf9845cc-5491-4380-971d-60a5c36fd440@group-8A5A189D8196, cid=28, FAILED org.apache.ratis.protocol.NotLeaderException: Server bf9845cc-5491-4380-971d-60a5c36fd440@group-8A5A189D8196 is not the leader 235b1c08-2c3c-45bc-ab7f-b19a657e57f0:192.168.5.130:39322, logIndex=0, commits[bf9845cc-5491-4380-971d-60a5c36fd440:c32, 73c69e8a-9bd3-45ee-8ac9-6e361d860e2f:c28, 235b1c08-2c3c-45bc-ab7f-b19a657e57f0:c32]
 0.00% |█                                                                                                    |  0/1 Time: 0:02:092019-09-17 13:44:00,148 [java.util.concurrent.ThreadPoolExecutor$Worker@2c96aea2[State = -1, empty queue]] WARN  server.GrpcLogAppender (GrpcLogAppender.java:timeoutAppendRequest(200)) - 235b1c08-2c3c-45bc-ab7f-b19a657e57f0@group-8A5A189D8196->73c69e8a-9bd3-45ee-8ac9-6e361d860e2f-GrpcLogAppender: appendEntries Timeout, request=235b1c08-2c3c-45bc-ab7f-b19a657e57f0->73c69e8a-9bd3-45ee-8ac9-6e361d860e2f#81-t4, previous=(t:4, i:36), leaderCommit=32, initializing? false, entries: <empty>
2019-09-17 13:44:00,148 [java.util.concurrent.ThreadPoolExecutor$Worker@23a99472[State = -1, empty queue]] WARN  server.GrpcLogAppender (GrpcLogAppender.java:timeoutAppendRequest(200)) - 235b1c08-2c3c-45bc-ab7f-b19a657e57f0@group-8A5A189D8196->bf9845cc-5491-4380-971d-60a5c36fd440-GrpcLogAppender: appendEntries Timeout, request=235b1c08-2c3c-45bc-ab7f-b19a657e57f0->bf9845cc-5491-4380-971d-60a5c36fd440#81-t4, previous=(t:4, i:36), leaderCommit=32, initializing? false, entries: <empty>
 0.00% |█                                                                                                    |  0/1 Time: 0:02:10 0.00% |█                                                                                                    |  0/1 Time: 0:02:11 0.00% |█                                                                                                    |  0/1 Time: 0:02:122019-09-17 13:44:02,648 [java.util.concurrent.ThreadPoolExecutor$Worker@23a99472[State = -1, empty queue]] WARN  server.GrpcLogAppender (GrpcLogAppender.java:timeoutAppendRequest(200)) - 235b1c08-2c3c-45bc-ab7f-b19a657e57f0@group-8A5A189D8196->bf9845cc-5491-4380-971d-60a5c36fd440-GrpcLogAppender: appendEntries Timeout, request=235b1c08-2c3c-45bc-ab7f-b19a657e57f0->bf9845cc-5491-4380-971d-60a5c36fd440#82-t4, previous=(t:4, i:36), leaderCommit=32, initializing? false, entries: <empty>
2019-09-17 13:44:02,648 [java.util.concurrent.ThreadPoolExecutor$Worker@2c96aea2[State = -1, empty queue]] WARN  server.GrpcLogAppender (GrpcLogAppender.java:timeoutAppendRequest(200)) - 235b1c08-2c3c-45bc-ab7f-b19a657e57f0@group-8A5A189D8196->73c69e8a-9bd3-45ee-8ac9-6e361d860e2f-GrpcLogAppender: appendEntries Timeout, request=235b1c08-2c3c-45bc-ab7f-b19a657e57f0->73c69e8a-9bd3-45ee-8ac9-6e361d860e2f#82-t4, previous=(t:4, i:36), leaderCommit=32, initializing? false, entries: <empty>
 0.00% |█                                                                                                    |  0/1 Time: 0:02:132019-09-17 13:44:03,467 [grpc-default-executor-3] INFO  client.GrpcClientProtocolClient (GrpcClientProtocolClient.java:onNext(264)) - client-B79E81ABE48D->73c69e8a-9bd3-45ee-8ac9-6e361d860e2f: receive RaftClientReply:client-B79E81ABE48D->73c69e8a-9bd3-45ee-8ac9-6e361d860e2f@group-8A5A189D8196, cid=28, FAILED org.apache.ratis.protocol.NotLeaderException: Server 73c69e8a-9bd3-45ee-8ac9-6e361d860e2f@group-8A5A189D8196 is not the leader 235b1c08-2c3c-45bc-ab7f-b19a657e57f0:192.168.5.130:39322, logIndex=0, commits[73c69e8a-9bd3-45ee-8ac9-6e361d860e2f:c32, 235b1c08-2c3c-45bc-ab7f-b19a657e57f0:c32, bf9845cc-5491-4380-971d-60a5c36fd440:c28]
 0.00% |█                                                                                                    |  0/1 Time: 0:02:142019-09-17 13:44:05,149 [java.util.concurrent.ThreadPoolExecutor$Worker@2c96aea2[State = -1, empty queue]] WARN  server.GrpcLogAppender (GrpcLogAppender.java:timeoutAppendRequest(200)) - 235b1c08-2c3c-45bc-ab7f-b19a657e57f0@group-8A5A189D8196->73c69e8a-9bd3-45ee-8ac9-6e361d860e2f-GrpcLogAppender: appendEntries Timeout, request=235b1c08-2c3c-45bc-ab7f-b19a657e57f0->73c69e8a-9bd3-45ee-8ac9-6e361d860e2f#83-t4, previous=(t:4, i:36), leaderCommit=32, initializing? false, entries: <empty>
2019-09-17 13:44:05,149 [java.util.concurrent.ThreadPoolExecutor$Worker@23a99472[State = -1, empty queue]] WARN  server.GrpcLogAppender (GrpcLogAppender.java:timeoutAppendRequest(200)) - 235b1c08-2c3c-45bc-ab7f-b19a657e57f0@group-8A5A189D8196->bf9845cc-5491-4380-971d-60a5c36fd440-GrpcLogAppender: appendEntries Timeout, request=235b1c08-2c3c-45bc-ab7f-b19a657e57f0->bf9845cc-5491-4380-971d-60a5c36fd440#83-t4, previous=(t:4, i:36), leaderCommit=32, initializing? false, entries: <empty>
 0.00% |█                                                                                                    |  0/1 Time: 0:02:15 0.00% |█                                                                                                    |  0/1 Time: 0:02:16 0.00% |█                                                                                                    |  0/1 Time: 0:02:172019-09-17 13:44:07,198 [org.apache.ratis.server.impl.LogAppender$AppenderDaemon$$Lambda$512/1779790241@1a5926d9] ERROR ratis.XceiverServerRatis (XceiverServerRatis.java:triggerPipelineClose(575)) - pipeline Action CLOSE  on pipeline PipelineID=035cdd69-bb9b-4d06-9aec-8a5a189d8196.Reason : 235b1c08-2c3c-45bc-ab7f-b19a657e57f0 has not seen follower/s 73c69e8a-9bd3-45ee-8ac9-6e361d860e2f for 120120ms bf9845cc-5491-4380-971d-60a5c36fd440 for 120127ms
2019-09-17 13:44:07,198 [org.apache.ratis.server.impl.LogAppender$AppenderDaemon$$Lambda$512/1779790241@51703f4c] ERROR ratis.XceiverServerRatis (XceiverServerRatis.java:triggerPipelineClose(575)) - pipeline Action CLOSE  on pipeline PipelineID=035cdd69-bb9b-4d06-9aec-8a5a189d8196.Reason : 235b1c08-2c3c-45bc-ab7f-b19a657e57f0 has not seen follower/s 73c69e8a-9bd3-45ee-8ac9-6e361d860e2f for 120120ms bf9845cc-5491-4380-971d-60a5c36fd440 for 120127ms
2019-09-17 13:44:07,265 [EventQueue-PipelineActionsForPipelineActionHandler] ERROR pipeline.PipelineActionHandler (PipelineActionHandler.java:onMessage(60)) - Received pipeline action CLOSE for Pipeline[ Id: 035cdd69-bb9b-4d06-9aec-8a5a189d8196, Nodes: bf9845cc-5491-4380-971d-60a5c36fd440{ip: 192.168.5.130, host: pr-hdds-2136-chhj8-2666454444, networkLocation: /default-rack, certSerialId: null}73c69e8a-9bd3-45ee-8ac9-6e361d860e2f{ip: 192.168.5.130, host: pr-hdds-2136-chhj8-2666454444, networkLocation: /default-rack, certSerialId: null}235b1c08-2c3c-45bc-ab7f-b19a657e57f0{ip: 192.168.5.130, host: pr-hdds-2136-chhj8-2666454444, networkLocation: /default-rack, certSerialId: null}, Type:RATIS, Factor:THREE, State:OPEN] from datanode 235b1c08-2c3c-45bc-ab7f-b19a657e57f0{ip: 192.168.5.130, host: pr-hdds-2136-chhj8-2666454444, networkLocation: /default-rack, certSerialId: null}. Reason : 235b1c08-2c3c-45bc-ab7f-b19a657e57f0 has not seen follower/s 73c69e8a-9bd3-45ee-8ac9-6e361d860e2f for 120120ms bf9845cc-5491-4380-971d-60a5c36fd440 for 120127ms
2019-09-17 13:44:07,265 [EventQueue-PipelineActionsForPipelineActionHandler] INFO  pipeline.SCMPipelineManager (SCMPipelineManager.java:finalizeAndDestroyPipeline(311)) - destroying pipeline:Pipeline[ Id: 035cdd69-bb9b-4d06-9aec-8a5a189d8196, Nodes: bf9845cc-5491-4380-971d-60a5c36fd440{ip: 192.168.5.130, host: pr-hdds-2136-chhj8-2666454444, networkLocation: /default-rack, certSerialId: null}73c69e8a-9bd3-45ee-8ac9-6e361d860e2f{ip: 192.168.5.130, host: pr-hdds-2136-chhj8-2666454444, networkLocation: /default-rack, certSerialId: null}235b1c08-2c3c-45bc-ab7f-b19a657e57f0{ip: 192.168.5.130, host: pr-hdds-2136-chhj8-2666454444, networkLocation: /default-rack, certSerialId: null}, Type:RATIS, Factor:THREE, State:OPEN]
2019-09-17 13:44:07,266 [EventQueue-PipelineActionsForPipelineActionHandler] INFO  pipeline.PipelineStateManager (PipelineStateManager.java:finalizePipeline(123)) - Pipeline Pipeline[ Id: 035cdd69-bb9b-4d06-9aec-8a5a189d8196, Nodes: bf9845cc-5491-4380-971d-60a5c36fd440{ip: 192.168.5.130, host: pr-hdds-2136-chhj8-2666454444, networkLocation: /default-rack, certSerialId: null}73c69e8a-9bd3-45ee-8ac9-6e361d860e2f{ip: 192.168.5.130, host: pr-hdds-2136-chhj8-2666454444, networkLocation: /default-rack, certSerialId: null}235b1c08-2c3c-45bc-ab7f-b19a657e57f0{ip: 192.168.5.130, host: pr-hdds-2136-chhj8-2666454444, networkLocation: /default-rack, certSerialId: null}, Type:RATIS, Factor:THREE, State:CLOSED] moved to CLOSED state
2019-09-17 13:44:07,268 [bf9845cc-5491-4380-971d-60a5c36fd440@group-8A5A189D8196-SegmentedRaftLogWorker] WARN  segmented.SegmentedRaftLogWorker (SegmentedRaftLogWorker.java:getFromFuture(90)) - Timeout 11/~
org.apache.ratis.protocol.TimeoutIOException: Timeout 10s: WriteLog:35: (t:4, i:35), STATEMACHINELOGENTRY, client-B79E81ABE48D, cid=30-writeStateMachineData
	at org.apache.ratis.util.IOUtils.getFromFuture(IOUtils.java:87)
	at org.apache.ratis.server.raftlog.segmented.SegmentedRaftLogWorker$StateMachineDataPolicy.getFromFuture(SegmentedRaftLogWorker.java:87)
	at org.apache.ratis.server.raftlog.segmented.SegmentedRaftLogWorker$WriteLog.execute(SegmentedRaftLogWorker.java:477)
	at org.apache.ratis.server.raftlog.segmented.SegmentedRaftLogWorker.run(SegmentedRaftLogWorker.java:289)
	at java.lang.Thread.run(Thread.java:748)
Caused by: java.util.concurrent.TimeoutException
	at java.util.concurrent.CompletableFuture.timedGet(CompletableFuture.java:1771)
	at java.util.concurrent.CompletableFuture.get(CompletableFuture.java:1915)
	at org.apache.ratis.util.IOUtils.getFromFuture(IOUtils.java:79)
	... 4 more
2019-09-17 13:44:07,270 [EventQueue-CloseContainerForCloseContainerEventHandler] INFO  container.CloseContainerEventHandler (CloseContainerEventHandler.java:onMessage(61)) - Close container Event triggered for container : #1
2019-09-17 13:44:07,277 [EventQueue-CloseContainerForCloseContainerEventHandler] INFO  container.CloseContainerEventHandler (CloseContainerEventHandler.java:onMessage(61)) - Close container Event triggered for container : #2
2019-09-17 13:44:07,277 [EventQueue-CloseContainerForCloseContainerEventHandler] INFO  container.CloseContainerEventHandler (CloseContainerEventHandler.java:onMessage(61)) - Close container Event triggered for container : #3
2019-09-17 13:44:07,285 [235b1c08-2c3c-45bc-ab7f-b19a657e57f0@group-8A5A189D8196-SegmentedRaftLogWorker] WARN  segmented.SegmentedRaftLogWorker (SegmentedRaftLogWorker.java:getFromFuture(90)) - Timeout 11/~
org.apache.ratis.protocol.TimeoutIOException: Timeout 10s: WriteLog:35: (t:4, i:35), STATEMACHINELOGENTRY, client-B79E81ABE48D, cid=30-writeStateMachineData
	at org.apache.ratis.util.IOUtils.getFromFuture(IOUtils.java:87)
	at org.apache.ratis.server.raftlog.segmented.SegmentedRaftLogWorker$StateMachineDataPolicy.getFromFuture(SegmentedRaftLogWorker.java:87)
	at org.apache.ratis.server.raftlog.segmented.SegmentedRaftLogWorker$WriteLog.execute(SegmentedRaftLogWorker.java:477)
	at org.apache.ratis.server.raftlog.segmented.SegmentedRaftLogWorker.run(SegmentedRaftLogWorker.java:289)
	at java.lang.Thread.run(Thread.java:748)
Caused by: java.util.concurrent.TimeoutException
	at java.util.concurrent.CompletableFuture.timedGet(CompletableFuture.java:1771)
	at java.util.concurrent.CompletableFuture.get(CompletableFuture.java:1915)
	at org.apache.ratis.util.IOUtils.getFromFuture(IOUtils.java:79)
	... 4 more
2019-09-17 13:44:07,287 [73c69e8a-9bd3-45ee-8ac9-6e361d860e2f@group-8A5A189D8196-SegmentedRaftLogWorker] WARN  segmented.SegmentedRaftLogWorker (SegmentedRaftLogWorker.java:getFromFuture(90)) - Timeout 11/~
org.apache.ratis.protocol.TimeoutIOException: Timeout 10s: WriteLog:35: (t:4, i:35), STATEMACHINELOGENTRY, client-B79E81ABE48D, cid=30-writeStateMachineData
	at org.apache.ratis.util.IOUtils.getFromFuture(IOUtils.java:87)
	at org.apache.ratis.server.raftlog.segmented.SegmentedRaftLogWorker$StateMachineDataPolicy.getFromFuture(SegmentedRaftLogWorker.java:87)
	at org.apache.ratis.server.raftlog.segmented.SegmentedRaftLogWorker$WriteLog.execute(SegmentedRaftLogWorker.java:477)
	at org.apache.ratis.server.raftlog.segmented.SegmentedRaftLogWorker.run(SegmentedRaftLogWorker.java:289)
	at java.lang.Thread.run(Thread.java:748)
Caused by: java.util.concurrent.TimeoutException
	at java.util.concurrent.CompletableFuture.timedGet(CompletableFuture.java:1771)
	at java.util.concurrent.CompletableFuture.get(CompletableFuture.java:1915)
	at org.apache.ratis.util.IOUtils.getFromFuture(IOUtils.java:79)
	... 4 more
2019-09-17 13:44:07,649 [java.util.concurrent.ThreadPoolExecutor$Worker@23a99472[State = -1, empty queue]] WARN  server.GrpcLogAppender (GrpcLogAppender.java:timeoutAppendRequest(200)) - 235b1c08-2c3c-45bc-ab7f-b19a657e57f0@group-8A5A189D8196->bf9845cc-5491-4380-971d-60a5c36fd440-GrpcLogAppender: appendEntries Timeout, request=235b1c08-2c3c-45bc-ab7f-b19a657e57f0->bf9845cc-5491-4380-971d-60a5c36fd440#84-t4, previous=(t:4, i:36), leaderCommit=32, initializing? false, entries: <empty>
2019-09-17 13:44:07,649 [java.util.concurrent.ThreadPoolExecutor$Worker@2c96aea2[State = -1, empty queue]] WARN  server.GrpcLogAppender (GrpcLogAppender.java:timeoutAppendRequest(200)) - 235b1c08-2c3c-45bc-ab7f-b19a657e57f0@group-8A5A189D8196->73c69e8a-9bd3-45ee-8ac9-6e361d860e2f-GrpcLogAppender: appendEntries Timeout, request=235b1c08-2c3c-45bc-ab7f-b19a657e57f0->73c69e8a-9bd3-45ee-8ac9-6e361d860e2f#84-t4, previous=(t:4, i:36), leaderCommit=32, initializing? false, entries: <empty>
 0.00% |█                                                                                                    |  0/1 Time: 0:02:182019-09-17 13:44:08,511 [grpc-default-executor-2] INFO  client.GrpcClientProtocolClient (GrpcClientProtocolClient.java:onNext(264)) - client-B79E81ABE48D->bf9845cc-5491-4380-971d-60a5c36fd440: receive RaftClientReply:client-B79E81ABE48D->bf9845cc-5491-4380-971d-60a5c36fd440@group-8A5A189D8196, cid=28, FAILED org.apache.ratis.protocol.NotLeaderException: Server bf9845cc-5491-4380-971d-60a5c36fd440@group-8A5A189D8196 is not the leader 235b1c08-2c3c-45bc-ab7f-b19a657e57f0:192.168.5.130:39322, logIndex=0, commits[bf9845cc-5491-4380-971d-60a5c36fd440:c32, 73c69e8a-9bd3-45ee-8ac9-6e361d860e2f:c28, 235b1c08-2c3c-45bc-ab7f-b19a657e57f0:c32]
 0.00% |█                                                                                                    |  0/1 Time: 0:02:192019-09-17 13:44:09,650 [org.apache.ratis.server.impl.LogAppender$AppenderDaemon$$Lambda$512/1779790241@51703f4c] ERROR ratis.XceiverServerRatis (XceiverServerRatis.java:triggerPipelineClose(575)) - pipeline Action CLOSE  on pipeline PipelineID=035cdd69-bb9b-4d06-9aec-8a5a189d8196.Reason : 235b1c08-2c3c-45bc-ab7f-b19a657e57f0 has not seen follower/s 73c69e8a-9bd3-45ee-8ac9-6e361d860e2f for 122593ms bf9845cc-5491-4380-971d-60a5c36fd440 for 122596ms
2019-09-17 13:44:09,651 [org.apache.ratis.server.impl.LogAppender$AppenderDaemon$$Lambda$512/1779790241@1a5926d9] ERROR ratis.XceiverServerRatis (XceiverServerRatis.java:triggerPipelineClose(575)) - pipeline Action CLOSE  on pipeline PipelineID=035cdd69-bb9b-4d06-9aec-8a5a189d8196.Reason : 235b1c08-2c3c-45bc-ab7f-b19a657e57f0 has not seen follower/s 73c69e8a-9bd3-45ee-8ac9-6e361d860e2f for 122593ms bf9845cc-5491-4380-971d-60a5c36fd440 for 122596ms
2019-09-17 13:44:10,150 [java.util.concurrent.ThreadPoolExecutor$Worker@23a99472[State = -1, empty queue]] WARN  server.GrpcLogAppender (GrpcLogAppender.java:timeoutAppendRequest(200)) - 235b1c08-2c3c-45bc-ab7f-b19a657e57f0@group-8A5A189D8196->bf9845cc-5491-4380-971d-60a5c36fd440-GrpcLogAppender: appendEntries Timeout, request=235b1c08-2c3c-45bc-ab7f-b19a657e57f0->bf9845cc-5491-4380-971d-60a5c36fd440#85-t4, previous=(t:4, i:36), leaderCommit=32, initializing? false, entries: <empty>
2019-09-17 13:44:10,150 [java.util.concurrent.ThreadPoolExecutor$Worker@2c96aea2[State = -1, empty queue]] WARN  server.GrpcLogAppender (GrpcLogAppender.java:timeoutAppendRequest(200)) - 235b1c08-2c3c-45bc-ab7f-b19a657e57f0@group-8A5A189D8196->73c69e8a-9bd3-45ee-8ac9-6e361d860e2f-GrpcLogAppender: appendEntries Timeout, request=235b1c08-2c3c-45bc-ab7f-b19a657e57f0->73c69e8a-9bd3-45ee-8ac9-6e361d860e2f#85-t4, previous=(t:4, i:36), leaderCommit=32, initializing? false, entries: <empty>
 0.00% |█                                                                                                    |  0/1 Time: 0:02:202019-09-17 13:44:10,262 [EventQueue-PipelineActionsForPipelineActionHandler] ERROR pipeline.PipelineActionHandler (PipelineActionHandler.java:onMessage(60)) - Received pipeline action CLOSE for Pipeline[ Id: 035cdd69-bb9b-4d06-9aec-8a5a189d8196, Nodes: bf9845cc-5491-4380-971d-60a5c36fd440{ip: 192.168.5.130, host: pr-hdds-2136-chhj8-2666454444, networkLocation: /default-rack, certSerialId: null}73c69e8a-9bd3-45ee-8ac9-6e361d860e2f{ip: 192.168.5.130, host: pr-hdds-2136-chhj8-2666454444, networkLocation: /default-rack, certSerialId: null}235b1c08-2c3c-45bc-ab7f-b19a657e57f0{ip: 192.168.5.130, host: pr-hdds-2136-chhj8-2666454444, networkLocation: /default-rack, certSerialId: null}, Type:RATIS, Factor:THREE, State:CLOSED] from datanode 235b1c08-2c3c-45bc-ab7f-b19a657e57f0{ip: 192.168.5.130, host: pr-hdds-2136-chhj8-2666454444, networkLocation: /default-rack, certSerialId: null}. Reason : 235b1c08-2c3c-45bc-ab7f-b19a657e57f0 has not seen follower/s 73c69e8a-9bd3-45ee-8ac9-6e361d860e2f for 122593ms bf9845cc-5491-4380-971d-60a5c36fd440 for 122596ms
2019-09-17 13:44:10,263 [EventQueue-PipelineActionsForPipelineActionHandler] INFO  pipeline.SCMPipelineManager (SCMPipelineManager.java:finalizeAndDestroyPipeline(311)) - destroying pipeline:Pipeline[ Id: 035cdd69-bb9b-4d06-9aec-8a5a189d8196, Nodes: bf9845cc-5491-4380-971d-60a5c36fd440{ip: 192.168.5.130, host: pr-hdds-2136-chhj8-2666454444, networkLocation: /default-rack, certSerialId: null}73c69e8a-9bd3-45ee-8ac9-6e361d860e2f{ip: 192.168.5.130, host: pr-hdds-2136-chhj8-2666454444, networkLocation: /default-rack, certSerialId: null}235b1c08-2c3c-45bc-ab7f-b19a657e57f0{ip: 192.168.5.130, host: pr-hdds-2136-chhj8-2666454444, networkLocation: /default-rack, certSerialId: null}, Type:RATIS, Factor:THREE, State:CLOSED]
2019-09-17 13:44:10,299 [org.apache.ratis.server.impl.LogAppender$AppenderDaemon$$Lambda$512/1779790241@51703f4c] ERROR ratis.XceiverServerRatis (XceiverServerRatis.java:triggerPipelineClose(575)) - pipeline Action CLOSE  on pipeline PipelineID=035cdd69-bb9b-4d06-9aec-8a5a189d8196.Reason : 235b1c08-2c3c-45bc-ab7f-b19a657e57f0 has not seen follower/s 73c69e8a-9bd3-45ee-8ac9-6e361d860e2f for 123242ms bf9845cc-5491-4380-971d-60a5c36fd440 for 123244ms
2019-09-17 13:44:10,299 [org.apache.ratis.server.impl.LogAppender$AppenderDaemon$$Lambda$512/1779790241@1a5926d9] ERROR ratis.XceiverServerRatis (XceiverServerRatis.java:triggerPipelineClose(575)) - pipeline Action CLOSE  on pipeline PipelineID=035cdd69-bb9b-4d06-9aec-8a5a189d8196.Reason : 235b1c08-2c3c-45bc-ab7f-b19a657e57f0 has not seen follower/s 73c69e8a-9bd3-45ee-8ac9-6e361d860e2f for 123242ms bf9845cc-5491-4380-971d-60a5c36fd440 for 123244ms
 0.00% |█                                                                                                    |  0/1 Time: 0:02:212019-09-17 13:44:11,298 [EventQueue-PipelineActionsForPipelineActionHandler] ERROR pipeline.PipelineActionHandler (PipelineActionHandler.java:onMessage(60)) - Received pipeline action CLOSE for Pipeline[ Id: 035cdd69-bb9b-4d06-9aec-8a5a189d8196, Nodes: bf9845cc-5491-4380-971d-60a5c36fd440{ip: 192.168.5.130, host: pr-hdds-2136-chhj8-2666454444, networkLocation: /default-rack, certSerialId: null}73c69e8a-9bd3-45ee-8ac9-6e361d860e2f{ip: 192.168.5.130, host: pr-hdds-2136-chhj8-2666454444, networkLocation: /default-rack, certSerialId: null}235b1c08-2c3c-45bc-ab7f-b19a657e57f0{ip: 192.168.5.130, host: pr-hdds-2136-chhj8-2666454444, networkLocation: /default-rack, certSerialId: null}, Type:RATIS, Factor:THREE, State:CLOSED] from datanode 235b1c08-2c3c-45bc-ab7f-b19a657e57f0{ip: 192.168.5.130, host: pr-hdds-2136-chhj8-2666454444, networkLocation: /default-rack, certSerialId: null}. Reason : 235b1c08-2c3c-45bc-ab7f-b19a657e57f0 has not seen follower/s 73c69e8a-9bd3-45ee-8ac9-6e361d860e2f for 123242ms bf9845cc-5491-4380-971d-60a5c36fd440 for 123244ms
2019-09-17 13:44:11,298 [EventQueue-PipelineActionsForPipelineActionHandler] INFO  pipeline.SCMPipelineManager (SCMPipelineManager.java:finalizeAndDestroyPipeline(311)) - destroying pipeline:Pipeline[ Id: 035cdd69-bb9b-4d06-9aec-8a5a189d8196, Nodes: bf9845cc-5491-4380-971d-60a5c36fd440{ip: 192.168.5.130, host: pr-hdds-2136-chhj8-2666454444, networkLocation: /default-rack, certSerialId: null}73c69e8a-9bd3-45ee-8ac9-6e361d860e2f{ip: 192.168.5.130, host: pr-hdds-2136-chhj8-2666454444, networkLocation: /default-rack, certSerialId: null}235b1c08-2c3c-45bc-ab7f-b19a657e57f0{ip: 192.168.5.130, host: pr-hdds-2136-chhj8-2666454444, networkLocation: /default-rack, certSerialId: null}, Type:RATIS, Factor:THREE, State:CLOSED]
 0.00% |█                                                                                                    |  0/1 Time: 0:02:222019-09-17 13:44:12,651 [java.util.concurrent.ThreadPoolExecutor$Worker@2c96aea2[State = -1, empty queue]] WARN  server.GrpcLogAppender (GrpcLogAppender.java:timeoutAppendRequest(200)) - 235b1c08-2c3c-45bc-ab7f-b19a657e57f0@group-8A5A189D8196->73c69e8a-9bd3-45ee-8ac9-6e361d860e2f-GrpcLogAppender: appendEntries Timeout, request=235b1c08-2c3c-45bc-ab7f-b19a657e57f0->73c69e8a-9bd3-45ee-8ac9-6e361d860e2f#86-t4, previous=(t:4, i:36), leaderCommit=32, initializing? false, entries: <empty>
2019-09-17 13:44:12,651 [java.util.concurrent.ThreadPoolExecutor$Worker@23a99472[State = -1, empty queue]] WARN  server.GrpcLogAppender (GrpcLogAppender.java:timeoutAppendRequest(200)) - 235b1c08-2c3c-45bc-ab7f-b19a657e57f0@group-8A5A189D8196->bf9845cc-5491-4380-971d-60a5c36fd440-GrpcLogAppender: appendEntries Timeout, request=235b1c08-2c3c-45bc-ab7f-b19a657e57f0->bf9845cc-5491-4380-971d-60a5c36fd440#86-t4, previous=(t:4, i:36), leaderCommit=32, initializing? false, entries: <empty>
2019-09-17 13:44:12,801 [org.apache.ratis.server.impl.LogAppender$AppenderDaemon$$Lambda$512/1779790241@1a5926d9] ERROR ratis.XceiverServerRatis (XceiverServerRatis.java:triggerPipelineClose(575)) - pipeline Action CLOSE  on pipeline PipelineID=035cdd69-bb9b-4d06-9aec-8a5a189d8196.Reason : 235b1c08-2c3c-45bc-ab7f-b19a657e57f0 has not seen follower/s 73c69e8a-9bd3-45ee-8ac9-6e361d860e2f for 125744ms bf9845cc-5491-4380-971d-60a5c36fd440 for 125746ms
2019-09-17 13:44:12,801 [org.apache.ratis.server.impl.LogAppender$AppenderDaemon$$Lambda$512/1779790241@51703f4c] ERROR ratis.XceiverServerRatis (XceiverServerRatis.java:triggerPipelineClose(575)) - pipeline Action CLOSE  on pipeline PipelineID=035cdd69-bb9b-4d06-9aec-8a5a189d8196.Reason : 235b1c08-2c3c-45bc-ab7f-b19a657e57f0 has not seen follower/s 73c69e8a-9bd3-45ee-8ac9-6e361d860e2f for 125744ms bf9845cc-5491-4380-971d-60a5c36fd440 for 125746ms
 0.00% |█                                                                                                    |  0/1 Time: 0:02:232019-09-17 13:44:13,297 [EventQueue-PipelineActionsForPipelineActionHandler] ERROR pipeline.PipelineActionHandler (PipelineActionHandler.java:onMessage(60)) - Received pipeline action CLOSE for Pipeline[ Id: 035cdd69-bb9b-4d06-9aec-8a5a189d8196, Nodes: bf9845cc-5491-4380-971d-60a5c36fd440{ip: 192.168.5.130, host: pr-hdds-2136-chhj8-2666454444, networkLocation: /default-rack, certSerialId: null}73c69e8a-9bd3-45ee-8ac9-6e361d860e2f{ip: 192.168.5.130, host: pr-hdds-2136-chhj8-2666454444, networkLocation: /default-rack, certSerialId: null}235b1c08-2c3c-45bc-ab7f-b19a657e57f0{ip: 192.168.5.130, host: pr-hdds-2136-chhj8-2666454444, networkLocation: /default-rack, certSerialId: null}, Type:RATIS, Factor:THREE, State:CLOSED] from datanode 235b1c08-2c3c-45bc-ab7f-b19a657e57f0{ip: 192.168.5.130, host: pr-hdds-2136-chhj8-2666454444, networkLocation: /default-rack, certSerialId: null}. Reason : 235b1c08-2c3c-45bc-ab7f-b19a657e57f0 has not seen follower/s 73c69e8a-9bd3-45ee-8ac9-6e361d860e2f for 125744ms bf9845cc-5491-4380-971d-60a5c36fd440 for 125746ms
2019-09-17 13:44:13,298 [EventQueue-PipelineActionsForPipelineActionHandler] INFO  pipeline.SCMPipelineManager (SCMPipelineManager.java:finalizeAndDestroyPipeline(311)) - destroying pipeline:Pipeline[ Id: 035cdd69-bb9b-4d06-9aec-8a5a189d8196, Nodes: bf9845cc-5491-4380-971d-60a5c36fd440{ip: 192.168.5.130, host: pr-hdds-2136-chhj8-2666454444, networkLocation: /default-rack, certSerialId: null}73c69e8a-9bd3-45ee-8ac9-6e361d860e2f{ip: 192.168.5.130, host: pr-hdds-2136-chhj8-2666454444, networkLocation: /default-rack, certSerialId: null}235b1c08-2c3c-45bc-ab7f-b19a657e57f0{ip: 192.168.5.130, host: pr-hdds-2136-chhj8-2666454444, networkLocation: /default-rack, certSerialId: null}, Type:RATIS, Factor:THREE, State:CLOSED]
2019-09-17 13:44:13,299 [java.util.concurrent.ThreadPoolExecutor$Worker@2c96aea2[State = -1, empty queue]] WARN  server.GrpcLogAppender (GrpcLogAppender.java:timeoutAppendRequest(200)) - 235b1c08-2c3c-45bc-ab7f-b19a657e57f0@group-8A5A189D8196->73c69e8a-9bd3-45ee-8ac9-6e361d860e2f-GrpcLogAppender: appendEntries Timeout, request=235b1c08-2c3c-45bc-ab7f-b19a657e57f0->73c69e8a-9bd3-45ee-8ac9-6e361d860e2f#87-t4, previous=(t:4, i:36), leaderCommit=32, initializing? false, entries: size=1, first=(t:4, i:37), STATEMACHINELOGENTRY, client-96E5F584E5F2, cid=3
2019-09-17 13:44:13,299 [java.util.concurrent.ThreadPoolExecutor$Worker@23a99472[State = -1, empty queue]] WARN  server.GrpcLogAppender (GrpcLogAppender.java:timeoutAppendRequest(200)) - 235b1c08-2c3c-45bc-ab7f-b19a657e57f0@group-8A5A189D8196->bf9845cc-5491-4380-971d-60a5c36fd440-GrpcLogAppender: appendEntries Timeout, request=235b1c08-2c3c-45bc-ab7f-b19a657e57f0->bf9845cc-5491-4380-971d-60a5c36fd440#87-t4, previous=(t:4, i:36), leaderCommit=32, initializing? false, entries: size=1, first=(t:4, i:37), STATEMACHINELOGENTRY, client-96E5F584E5F2, cid=3
2019-09-17 13:44:13,560 [grpc-default-executor-3] INFO  client.GrpcClientProtocolClient (GrpcClientProtocolClient.java:onNext(264)) - client-B79E81ABE48D->73c69e8a-9bd3-45ee-8ac9-6e361d860e2f: receive RaftClientReply:client-B79E81ABE48D->73c69e8a-9bd3-45ee-8ac9-6e361d860e2f@group-8A5A189D8196, cid=28, FAILED org.apache.ratis.protocol.NotLeaderException: Server 73c69e8a-9bd3-45ee-8ac9-6e361d860e2f@group-8A5A189D8196 is not the leader 235b1c08-2c3c-45bc-ab7f-b19a657e57f0:192.168.5.130:39322, logIndex=0, commits[73c69e8a-9bd3-45ee-8ac9-6e361d860e2f:c32, 235b1c08-2c3c-45bc-ab7f-b19a657e57f0:c32, bf9845cc-5491-4380-971d-60a5c36fd440:c28]
 0.00% |█                                                                                                    |  0/1 Time: 0:02:24 0.00% |█                                                                                                    |  0/1 Time: 0:02:252019-09-17 13:44:15,303 [org.apache.ratis.server.impl.LogAppender$AppenderDaemon$$Lambda$512/1779790241@1a5926d9] ERROR ratis.XceiverServerRatis (XceiverServerRatis.java:triggerPipelineClose(575)) - pipeline Action CLOSE  on pipeline PipelineID=035cdd69-bb9b-4d06-9aec-8a5a189d8196.Reason : 235b1c08-2c3c-45bc-ab7f-b19a657e57f0 has not seen follower/s 73c69e8a-9bd3-45ee-8ac9-6e361d860e2f for 128246ms bf9845cc-5491-4380-971d-60a5c36fd440 for 128248ms
2019-09-17 13:44:15,303 [org.apache.ratis.server.impl.LogAppender$AppenderDaemon$$Lambda$512/1779790241@51703f4c] ERROR ratis.XceiverServerRatis (XceiverServerRatis.java:triggerPipelineClose(575)) - pipeline Action CLOSE  on pipeline PipelineID=035cdd69-bb9b-4d06-9aec-8a5a189d8196.Reason : 235b1c08-2c3c-45bc-ab7f-b19a657e57f0 has not seen follower/s 73c69e8a-9bd3-45ee-8ac9-6e361d860e2f for 128246ms bf9845cc-5491-4380-971d-60a5c36fd440 for 128248ms
2019-09-17 13:44:15,801 [java.util.concurrent.ThreadPoolExecutor$Worker@2c96aea2[State = -1, empty queue]] WARN  server.GrpcLogAppender (GrpcLogAppender.java:timeoutAppendRequest(200)) - 235b1c08-2c3c-45bc-ab7f-b19a657e57f0@group-8A5A189D8196->73c69e8a-9bd3-45ee-8ac9-6e361d860e2f-GrpcLogAppender: appendEntries Timeout, request=235b1c08-2c3c-45bc-ab7f-b19a657e57f0->73c69e8a-9bd3-45ee-8ac9-6e361d860e2f#88-t4, previous=(t:4, i:37), leaderCommit=32, initializing? false, entries: <empty>
2019-09-17 13:44:15,801 [java.util.concurrent.ThreadPoolExecutor$Worker@23a99472[State = -1, empty queue]] WARN  server.GrpcLogAppender (GrpcLogAppender.java:timeoutAppendRequest(200)) - 235b1c08-2c3c-45bc-ab7f-b19a657e57f0@group-8A5A189D8196->bf9845cc-5491-4380-971d-60a5c36fd440-GrpcLogAppender: appendEntries Timeout, request=235b1c08-2c3c-45bc-ab7f-b19a657e57f0->bf9845cc-5491-4380-971d-60a5c36fd440#88-t4, previous=(t:4, i:37), leaderCommit=32, initializing? false, entries: <empty>
 0.00% |█                                                                                                    |  0/1 Time: 0:02:262019-09-17 13:44:16,299 [EventQueue-PipelineActionsForPipelineActionHandler] ERROR pipeline.PipelineActionHandler (PipelineActionHandler.java:onMessage(60)) - Received pipeline action CLOSE for Pipeline[ Id: 035cdd69-bb9b-4d06-9aec-8a5a189d8196, Nodes: bf9845cc-5491-4380-971d-60a5c36fd440{ip: 192.168.5.130, host: pr-hdds-2136-chhj8-2666454444, networkLocation: /default-rack, certSerialId: null}73c69e8a-9bd3-45ee-8ac9-6e361d860e2f{ip: 192.168.5.130, host: pr-hdds-2136-chhj8-2666454444, networkLocation: /default-rack, certSerialId: null}235b1c08-2c3c-45bc-ab7f-b19a657e57f0{ip: 192.168.5.130, host: pr-hdds-2136-chhj8-2666454444, networkLocation: /default-rack, certSerialId: null}, Type:RATIS, Factor:THREE, State:CLOSED] from datanode 235b1c08-2c3c-45bc-ab7f-b19a657e57f0{ip: 192.168.5.130, host: pr-hdds-2136-chhj8-2666454444, networkLocation: /default-rack, certSerialId: null}. Reason : 235b1c08-2c3c-45bc-ab7f-b19a657e57f0 has not seen follower/s 73c69e8a-9bd3-45ee-8ac9-6e361d860e2f for 128246ms bf9845cc-5491-4380-971d-60a5c36fd440 for 128248ms
2019-09-17 13:44:16,299 [EventQueue-PipelineActionsForPipelineActionHandler] INFO  pipeline.SCMPipelineManager (SCMPipelineManager.java:finalizeAndDestroyPipeline(311)) - destroying pipeline:Pipeline[ Id: 035cdd69-bb9b-4d06-9aec-8a5a189d8196, Nodes: bf9845cc-5491-4380-971d-60a5c36fd440{ip: 192.168.5.130, host: pr-hdds-2136-chhj8-2666454444, networkLocation: /default-rack, certSerialId: null}73c69e8a-9bd3-45ee-8ac9-6e361d860e2f{ip: 192.168.5.130, host: pr-hdds-2136-chhj8-2666454444, networkLocation: /default-rack, certSerialId: null}235b1c08-2c3c-45bc-ab7f-b19a657e57f0{ip: 192.168.5.130, host: pr-hdds-2136-chhj8-2666454444, networkLocation: /default-rack, certSerialId: null}, Type:RATIS, Factor:THREE, State:CLOSED]
 0.00% |█                                                                                                    |  0/1 Time: 0:02:272019-09-17 13:44:17,271 [bf9845cc-5491-4380-971d-60a5c36fd440@group-8A5A189D8196-SegmentedRaftLogWorker] WARN  segmented.SegmentedRaftLogWorker (SegmentedRaftLogWorker.java:getFromFuture(90)) - Timeout 12/~
org.apache.ratis.protocol.TimeoutIOException: Timeout 10s: WriteLog:35: (t:4, i:35), STATEMACHINELOGENTRY, client-B79E81ABE48D, cid=30-writeStateMachineData
	at org.apache.ratis.util.IOUtils.getFromFuture(IOUtils.java:87)
	at org.apache.ratis.server.raftlog.segmented.SegmentedRaftLogWorker$StateMachineDataPolicy.getFromFuture(SegmentedRaftLogWorker.java:87)
	at org.apache.ratis.server.raftlog.segmented.SegmentedRaftLogWorker$WriteLog.execute(SegmentedRaftLogWorker.java:477)
	at org.apache.ratis.server.raftlog.segmented.SegmentedRaftLogWorker.run(SegmentedRaftLogWorker.java:289)
	at java.lang.Thread.run(Thread.java:748)
Caused by: java.util.concurrent.TimeoutException
	at java.util.concurrent.CompletableFuture.timedGet(CompletableFuture.java:1771)
	at java.util.concurrent.CompletableFuture.get(CompletableFuture.java:1915)
	at org.apache.ratis.util.IOUtils.getFromFuture(IOUtils.java:79)
	... 4 more
2019-09-17 13:44:17,286 [235b1c08-2c3c-45bc-ab7f-b19a657e57f0@group-8A5A189D8196-SegmentedRaftLogWorker] WARN  segmented.SegmentedRaftLogWorker (SegmentedRaftLogWorker.java:getFromFuture(90)) - Timeout 12/~
org.apache.ratis.protocol.TimeoutIOException: Timeout 10s: WriteLog:35: (t:4, i:35), STATEMACHINELOGENTRY, client-B79E81ABE48D, cid=30-writeStateMachineData
	at org.apache.ratis.util.IOUtils.getFromFuture(IOUtils.java:87)
	at org.apache.ratis.server.raftlog.segmented.SegmentedRaftLogWorker$StateMachineDataPolicy.getFromFuture(SegmentedRaftLogWorker.java:87)
	at org.apache.ratis.server.raftlog.segmented.SegmentedRaftLogWorker$WriteLog.execute(SegmentedRaftLogWorker.java:477)
	at org.apache.ratis.server.raftlog.segmented.SegmentedRaftLogWorker.run(SegmentedRaftLogWorker.java:289)
	at java.lang.Thread.run(Thread.java:748)
Caused by: java.util.concurrent.TimeoutException
	at java.util.concurrent.CompletableFuture.timedGet(CompletableFuture.java:1771)
	at java.util.concurrent.CompletableFuture.get(CompletableFuture.java:1915)
	at org.apache.ratis.util.IOUtils.getFromFuture(IOUtils.java:79)
	... 4 more
2019-09-17 13:44:17,288 [73c69e8a-9bd3-45ee-8ac9-6e361d860e2f@group-8A5A189D8196-SegmentedRaftLogWorker] WARN  segmented.SegmentedRaftLogWorker (SegmentedRaftLogWorker.java:getFromFuture(90)) - Timeout 12/~
org.apache.ratis.protocol.TimeoutIOException: Timeout 10s: WriteLog:35: (t:4, i:35), STATEMACHINELOGENTRY, client-B79E81ABE48D, cid=30-writeStateMachineData
	at org.apache.ratis.util.IOUtils.getFromFuture(IOUtils.java:87)
	at org.apache.ratis.server.raftlog.segmented.SegmentedRaftLogWorker$StateMachineDataPolicy.getFromFuture(SegmentedRaftLogWorker.java:87)
	at org.apache.ratis.server.raftlog.segmented.SegmentedRaftLogWorker$WriteLog.execute(SegmentedRaftLogWorker.java:477)
	at org.apache.ratis.server.raftlog.segmented.SegmentedRaftLogWorker.run(SegmentedRaftLogWorker.java:289)
	at java.lang.Thread.run(Thread.java:748)
Caused by: java.util.concurrent.TimeoutException
	at java.util.concurrent.CompletableFuture.timedGet(CompletableFuture.java:1771)
	at java.util.concurrent.CompletableFuture.get(CompletableFuture.java:1915)
	at org.apache.ratis.util.IOUtils.getFromFuture(IOUtils.java:79)
	... 4 more
2019-09-17 13:44:17,804 [org.apache.ratis.server.impl.LogAppender$AppenderDaemon$$Lambda$512/1779790241@1a5926d9] ERROR ratis.XceiverServerRatis (XceiverServerRatis.java:triggerPipelineClose(575)) - pipeline Action CLOSE  on pipeline PipelineID=035cdd69-bb9b-4d06-9aec-8a5a189d8196.Reason : 235b1c08-2c3c-45bc-ab7f-b19a657e57f0 has not seen follower/s 73c69e8a-9bd3-45ee-8ac9-6e361d860e2f for 130747ms bf9845cc-5491-4380-971d-60a5c36fd440 for 130750ms
2019-09-17 13:44:17,804 [org.apache.ratis.server.impl.LogAppender$AppenderDaemon$$Lambda$512/1779790241@51703f4c] ERROR ratis.XceiverServerRatis (XceiverServerRatis.java:triggerPipelineClose(575)) - pipeline Action CLOSE  on pipeline PipelineID=035cdd69-bb9b-4d06-9aec-8a5a189d8196.Reason : 235b1c08-2c3c-45bc-ab7f-b19a657e57f0 has not seen follower/s 73c69e8a-9bd3-45ee-8ac9-6e361d860e2f for 130747ms bf9845cc-5491-4380-971d-60a5c36fd440 for 130750ms
 0.00% |█                                                                                                    |  0/1 Time: 0:02:282019-09-17 13:44:18,298 [EventQueue-PipelineActionsForPipelineActionHandler] ERROR pipeline.PipelineActionHandler (PipelineActionHandler.java:onMessage(60)) - Received pipeline action CLOSE for Pipeline[ Id: 035cdd69-bb9b-4d06-9aec-8a5a189d8196, Nodes: bf9845cc-5491-4380-971d-60a5c36fd440{ip: 192.168.5.130, host: pr-hdds-2136-chhj8-2666454444, networkLocation: /default-rack, certSerialId: null}73c69e8a-9bd3-45ee-8ac9-6e361d860e2f{ip: 192.168.5.130, host: pr-hdds-2136-chhj8-2666454444, networkLocation: /default-rack, certSerialId: null}235b1c08-2c3c-45bc-ab7f-b19a657e57f0{ip: 192.168.5.130, host: pr-hdds-2136-chhj8-2666454444, networkLocation: /default-rack, certSerialId: null}, Type:RATIS, Factor:THREE, State:CLOSED] from datanode 235b1c08-2c3c-45bc-ab7f-b19a657e57f0{ip: 192.168.5.130, host: pr-hdds-2136-chhj8-2666454444, networkLocation: /default-rack, certSerialId: null}. Reason : 235b1c08-2c3c-45bc-ab7f-b19a657e57f0 has not seen follower/s 73c69e8a-9bd3-45ee-8ac9-6e361d860e2f for 130747ms bf9845cc-5491-4380-971d-60a5c36fd440 for 130750ms
2019-09-17 13:44:18,298 [EventQueue-PipelineActionsForPipelineActionHandler] INFO  pipeline.SCMPipelineManager (SCMPipelineManager.java:finalizeAndDestroyPipeline(311)) - destroying pipeline:Pipeline[ Id: 035cdd69-bb9b-4d06-9aec-8a5a189d8196, Nodes: bf9845cc-5491-4380-971d-60a5c36fd440{ip: 192.168.5.130, host: pr-hdds-2136-chhj8-2666454444, networkLocation: /default-rack, certSerialId: null}73c69e8a-9bd3-45ee-8ac9-6e361d860e2f{ip: 192.168.5.130, host: pr-hdds-2136-chhj8-2666454444, networkLocation: /default-rack, certSerialId: null}235b1c08-2c3c-45bc-ab7f-b19a657e57f0{ip: 192.168.5.130, host: pr-hdds-2136-chhj8-2666454444, networkLocation: /default-rack, certSerialId: null}, Type:RATIS, Factor:THREE, State:CLOSED]
2019-09-17 13:44:18,303 [java.util.concurrent.ThreadPoolExecutor$Worker@23a99472[State = -1, empty queue]] WARN  server.GrpcLogAppender (GrpcLogAppender.java:timeoutAppendRequest(200)) - 235b1c08-2c3c-45bc-ab7f-b19a657e57f0@group-8A5A189D8196->bf9845cc-5491-4380-971d-60a5c36fd440-GrpcLogAppender: appendEntries Timeout, request=235b1c08-2c3c-45bc-ab7f-b19a657e57f0->bf9845cc-5491-4380-971d-60a5c36fd440#89-t4, previous=(t:4, i:37), leaderCommit=32, initializing? false, entries: <empty>
2019-09-17 13:44:18,307 [java.util.concurrent.ThreadPoolExecutor$Worker@2c96aea2[State = -1, empty queue]] WARN  server.GrpcLogAppender (GrpcLogAppender.java:timeoutAppendRequest(200)) - 235b1c08-2c3c-45bc-ab7f-b19a657e57f0@group-8A5A189D8196->73c69e8a-9bd3-45ee-8ac9-6e361d860e2f-GrpcLogAppender: appendEntries Timeout, request=235b1c08-2c3c-45bc-ab7f-b19a657e57f0->73c69e8a-9bd3-45ee-8ac9-6e361d860e2f#89-t4, previous=(t:4, i:37), leaderCommit=32, initializing? false, entries: <empty>
2019-09-17 13:44:18,609 [grpc-default-executor-3] INFO  client.GrpcClientProtocolClient (GrpcClientProtocolClient.java:onNext(264)) - client-B79E81ABE48D->73c69e8a-9bd3-45ee-8ac9-6e361d860e2f: receive RaftClientReply:client-B79E81ABE48D->73c69e8a-9bd3-45ee-8ac9-6e361d860e2f@group-8A5A189D8196, cid=28, FAILED org.apache.ratis.protocol.NotLeaderException: Server 73c69e8a-9bd3-45ee-8ac9-6e361d860e2f@group-8A5A189D8196 is not the leader 235b1c08-2c3c-45bc-ab7f-b19a657e57f0:192.168.5.130:39322, logIndex=0, commits[73c69e8a-9bd3-45ee-8ac9-6e361d860e2f:c32, 235b1c08-2c3c-45bc-ab7f-b19a657e57f0:c32, bf9845cc-5491-4380-971d-60a5c36fd440:c28]
 0.00% |█                                                                                                    |  0/1 Time: 0:02:29 0.00% |█                                                                                                    |  0/1 Time: 0:02:302019-09-17 13:44:20,305 [org.apache.ratis.server.impl.LogAppender$AppenderDaemon$$Lambda$512/1779790241@51703f4c] ERROR ratis.XceiverServerRatis (XceiverServerRatis.java:triggerPipelineClose(575)) - pipeline Action CLOSE  on pipeline PipelineID=035cdd69-bb9b-4d06-9aec-8a5a189d8196.Reason : 235b1c08-2c3c-45bc-ab7f-b19a657e57f0 has not seen follower/s 73c69e8a-9bd3-45ee-8ac9-6e361d860e2f for 133248ms bf9845cc-5491-4380-971d-60a5c36fd440 for 133250ms
2019-09-17 13:44:20,305 [org.apache.ratis.server.impl.LogAppender$AppenderDaemon$$Lambda$512/1779790241@1a5926d9] ERROR ratis.XceiverServerRatis (XceiverServerRatis.java:triggerPipelineClose(575)) - pipeline Action CLOSE  on pipeline PipelineID=035cdd69-bb9b-4d06-9aec-8a5a189d8196.Reason : 235b1c08-2c3c-45bc-ab7f-b19a657e57f0 has not seen follower/s 73c69e8a-9bd3-45ee-8ac9-6e361d860e2f for 133248ms bf9845cc-5491-4380-971d-60a5c36fd440 for 133251ms
2019-09-17 13:44:20,804 [java.util.concurrent.ThreadPoolExecutor$Worker@23a99472[State = -1, empty queue]] WARN  server.GrpcLogAppender (GrpcLogAppender.java:timeoutAppendRequest(200)) - 235b1c08-2c3c-45bc-ab7f-b19a657e57f0@group-8A5A189D8196->bf9845cc-5491-4380-971d-60a5c36fd440-GrpcLogAppender: appendEntries Timeout, request=235b1c08-2c3c-45bc-ab7f-b19a657e57f0->bf9845cc-5491-4380-971d-60a5c36fd440#90-t4, previous=(t:4, i:37), leaderCommit=32, initializing? false, entries: <empty>
2019-09-17 13:44:20,804 [java.util.concurrent.ThreadPoolExecutor$Worker@2c96aea2[State = -1, empty queue]] WARN  server.GrpcLogAppender (GrpcLogAppender.java:timeoutAppendRequest(200)) - 235b1c08-2c3c-45bc-ab7f-b19a657e57f0@group-8A5A189D8196->73c69e8a-9bd3-45ee-8ac9-6e361d860e2f-GrpcLogAppender: appendEntries Timeout, request=235b1c08-2c3c-45bc-ab7f-b19a657e57f0->73c69e8a-9bd3-45ee-8ac9-6e361d860e2f#90-t4, previous=(t:4, i:37), leaderCommit=32, initializing? false, entries: <empty>
 0.00% |█                                                                                                    |  0/1 Time: 0:02:312019-09-17 13:44:21,299 [EventQueue-PipelineActionsForPipelineActionHandler] ERROR pipeline.PipelineActionHandler (PipelineActionHandler.java:onMessage(60)) - Received pipeline action CLOSE for Pipeline[ Id: 035cdd69-bb9b-4d06-9aec-8a5a189d8196, Nodes: bf9845cc-5491-4380-971d-60a5c36fd440{ip: 192.168.5.130, host: pr-hdds-2136-chhj8-2666454444, networkLocation: /default-rack, certSerialId: null}73c69e8a-9bd3-45ee-8ac9-6e361d860e2f{ip: 192.168.5.130, host: pr-hdds-2136-chhj8-2666454444, networkLocation: /default-rack, certSerialId: null}235b1c08-2c3c-45bc-ab7f-b19a657e57f0{ip: 192.168.5.130, host: pr-hdds-2136-chhj8-2666454444, networkLocation: /default-rack, certSerialId: null}, Type:RATIS, Factor:THREE, State:CLOSED] from datanode 235b1c08-2c3c-45bc-ab7f-b19a657e57f0{ip: 192.168.5.130, host: pr-hdds-2136-chhj8-2666454444, networkLocation: /default-rack, certSerialId: null}. Reason : 235b1c08-2c3c-45bc-ab7f-b19a657e57f0 has not seen follower/s 73c69e8a-9bd3-45ee-8ac9-6e361d860e2f for 133248ms bf9845cc-5491-4380-971d-60a5c36fd440 for 133250ms
2019-09-17 13:44:21,299 [EventQueue-PipelineActionsForPipelineActionHandler] INFO  pipeline.SCMPipelineManager (SCMPipelineManager.java:finalizeAndDestroyPipeline(311)) - destroying pipeline:Pipeline[ Id: 035cdd69-bb9b-4d06-9aec-8a5a189d8196, Nodes: bf9845cc-5491-4380-971d-60a5c36fd440{ip: 192.168.5.130, host: pr-hdds-2136-chhj8-2666454444, networkLocation: /default-rack, certSerialId: null}73c69e8a-9bd3-45ee-8ac9-6e361d860e2f{ip: 192.168.5.130, host: pr-hdds-2136-chhj8-2666454444, networkLocation: /default-rack, certSerialId: null}235b1c08-2c3c-45bc-ab7f-b19a657e57f0{ip: 192.168.5.130, host: pr-hdds-2136-chhj8-2666454444, networkLocation: /default-rack, certSerialId: null}, Type:RATIS, Factor:THREE, State:CLOSED]
 0.00% |█                                                                                                    |  0/1 Time: 0:02:322019-09-17 13:44:22,806 [org.apache.ratis.server.impl.LogAppender$AppenderDaemon$$Lambda$512/1779790241@51703f4c] ERROR ratis.XceiverServerRatis (XceiverServerRatis.java:triggerPipelineClose(575)) - pipeline Action CLOSE  on pipeline PipelineID=035cdd69-bb9b-4d06-9aec-8a5a189d8196.Reason : 235b1c08-2c3c-45bc-ab7f-b19a657e57f0 has not seen follower/s 73c69e8a-9bd3-45ee-8ac9-6e361d860e2f for 135749ms bf9845cc-5491-4380-971d-60a5c36fd440 for 135752ms
2019-09-17 13:44:22,806 [org.apache.ratis.server.impl.LogAppender$AppenderDaemon$$Lambda$512/1779790241@1a5926d9] ERROR ratis.XceiverServerRatis (XceiverServerRatis.java:triggerPipelineClose(575)) - pipeline Action CLOSE  on pipeline PipelineID=035cdd69-bb9b-4d06-9aec-8a5a189d8196.Reason : 235b1c08-2c3c-45bc-ab7f-b19a657e57f0 has not seen follower/s 73c69e8a-9bd3-45ee-8ac9-6e361d860e2f for 135749ms bf9845cc-5491-4380-971d-60a5c36fd440 for 135752ms
 0.00% |█                                                                                                    |  0/1 Time: 0:02:332019-09-17 13:44:23,299 [EventQueue-PipelineActionsForPipelineActionHandler] ERROR pipeline.PipelineActionHandler (PipelineActionHandler.java:onMessage(60)) - Received pipeline action CLOSE for Pipeline[ Id: 035cdd69-bb9b-4d06-9aec-8a5a189d8196, Nodes: bf9845cc-5491-4380-971d-60a5c36fd440{ip: 192.168.5.130, host: pr-hdds-2136-chhj8-2666454444, networkLocation: /default-rack, certSerialId: null}73c69e8a-9bd3-45ee-8ac9-6e361d860e2f{ip: 192.168.5.130, host: pr-hdds-2136-chhj8-2666454444, networkLocation: /default-rack, certSerialId: null}235b1c08-2c3c-45bc-ab7f-b19a657e57f0{ip: 192.168.5.130, host: pr-hdds-2136-chhj8-2666454444, networkLocation: /default-rack, certSerialId: null}, Type:RATIS, Factor:THREE, State:CLOSED] from datanode 235b1c08-2c3c-45bc-ab7f-b19a657e57f0{ip: 192.168.5.130, host: pr-hdds-2136-chhj8-2666454444, networkLocation: /default-rack, certSerialId: null}. Reason : 235b1c08-2c3c-45bc-ab7f-b19a657e57f0 has not seen follower/s 73c69e8a-9bd3-45ee-8ac9-6e361d860e2f for 135749ms bf9845cc-5491-4380-971d-60a5c36fd440 for 135752ms
2019-09-17 13:44:23,300 [EventQueue-PipelineActionsForPipelineActionHandler] INFO  pipeline.SCMPipelineManager (SCMPipelineManager.java:finalizeAndDestroyPipeline(311)) - destroying pipeline:Pipeline[ Id: 035cdd69-bb9b-4d06-9aec-8a5a189d8196, Nodes: bf9845cc-5491-4380-971d-60a5c36fd440{ip: 192.168.5.130, host: pr-hdds-2136-chhj8-2666454444, networkLocation: /default-rack, certSerialId: null}73c69e8a-9bd3-45ee-8ac9-6e361d860e2f{ip: 192.168.5.130, host: pr-hdds-2136-chhj8-2666454444, networkLocation: /default-rack, certSerialId: null}235b1c08-2c3c-45bc-ab7f-b19a657e57f0{ip: 192.168.5.130, host: pr-hdds-2136-chhj8-2666454444, networkLocation: /default-rack, certSerialId: null}, Type:RATIS, Factor:THREE, State:CLOSED]
2019-09-17 13:44:23,305 [java.util.concurrent.ThreadPoolExecutor$Worker@23a99472[State = -1, empty queue]] WARN  server.GrpcLogAppender (GrpcLogAppender.java:timeoutAppendRequest(200)) - 235b1c08-2c3c-45bc-ab7f-b19a657e57f0@group-8A5A189D8196->bf9845cc-5491-4380-971d-60a5c36fd440-GrpcLogAppender: appendEntries Timeout, request=235b1c08-2c3c-45bc-ab7f-b19a657e57f0->bf9845cc-5491-4380-971d-60a5c36fd440#91-t4, previous=(t:4, i:37), leaderCommit=32, initializing? false, entries: <empty>
2019-09-17 13:44:23,307 [java.util.concurrent.ThreadPoolExecutor$Worker@2c96aea2[State = -1, empty queue]] WARN  server.GrpcLogAppender (GrpcLogAppender.java:timeoutAppendRequest(200)) - 235b1c08-2c3c-45bc-ab7f-b19a657e57f0@group-8A5A189D8196->73c69e8a-9bd3-45ee-8ac9-6e361d860e2f-GrpcLogAppender: appendEntries Timeout, request=235b1c08-2c3c-45bc-ab7f-b19a657e57f0->73c69e8a-9bd3-45ee-8ac9-6e361d860e2f#91-t4, previous=(t:4, i:37), leaderCommit=32, initializing? false, entries: <empty>
2019-09-17 13:44:23,672 [grpc-default-executor-2] INFO  client.GrpcClientProtocolClient (GrpcClientProtocolClient.java:onNext(264)) - client-B79E81ABE48D->73c69e8a-9bd3-45ee-8ac9-6e361d860e2f: receive RaftClientReply:client-B79E81ABE48D->73c69e8a-9bd3-45ee-8ac9-6e361d860e2f@group-8A5A189D8196, cid=28, FAILED org.apache.ratis.protocol.NotLeaderException: Server 73c69e8a-9bd3-45ee-8ac9-6e361d860e2f@group-8A5A189D8196 is not the leader 235b1c08-2c3c-45bc-ab7f-b19a657e57f0:192.168.5.130:39322, logIndex=0, commits[73c69e8a-9bd3-45ee-8ac9-6e361d860e2f:c32, 235b1c08-2c3c-45bc-ab7f-b19a657e57f0:c32, bf9845cc-5491-4380-971d-60a5c36fd440:c28]
 0.00% |█                                                                                                    |  0/1 Time: 0:02:34 0.00% |█                                                                                                    |  0/1 Time: 0:02:352019-09-17 13:44:25,308 [org.apache.ratis.server.impl.LogAppender$AppenderDaemon$$Lambda$512/1779790241@1a5926d9] ERROR ratis.XceiverServerRatis (XceiverServerRatis.java:triggerPipelineClose(575)) - pipeline Action CLOSE  on pipeline PipelineID=035cdd69-bb9b-4d06-9aec-8a5a189d8196.Reason : 235b1c08-2c3c-45bc-ab7f-b19a657e57f0 has not seen follower/s 73c69e8a-9bd3-45ee-8ac9-6e361d860e2f for 138251ms bf9845cc-5491-4380-971d-60a5c36fd440 for 138254ms
2019-09-17 13:44:25,308 [org.apache.ratis.server.impl.LogAppender$AppenderDaemon$$Lambda$512/1779790241@51703f4c] ERROR ratis.XceiverServerRatis (XceiverServerRatis.java:triggerPipelineClose(575)) - pipeline Action CLOSE  on pipeline PipelineID=035cdd69-bb9b-4d06-9aec-8a5a189d8196.Reason : 235b1c08-2c3c-45bc-ab7f-b19a657e57f0 has not seen follower/s 73c69e8a-9bd3-45ee-8ac9-6e361d860e2f for 138251ms bf9845cc-5491-4380-971d-60a5c36fd440 for 138254ms
2019-09-17 13:44:25,806 [java.util.concurrent.ThreadPoolExecutor$Worker@23a99472[State = -1, empty queue]] WARN  server.GrpcLogAppender (GrpcLogAppender.java:timeoutAppendRequest(200)) - 235b1c08-2c3c-45bc-ab7f-b19a657e57f0@group-8A5A189D8196->bf9845cc-5491-4380-971d-60a5c36fd440-GrpcLogAppender: appendEntries Timeout, request=235b1c08-2c3c-45bc-ab7f-b19a657e57f0->bf9845cc-5491-4380-971d-60a5c36fd440#92-t4, previous=(t:4, i:37), leaderCommit=32, initializing? false, entries: <empty>
2019-09-17 13:44:25,806 [java.util.concurrent.ThreadPoolExecutor$Worker@2c96aea2[State = -1, empty queue]] WARN  server.GrpcLogAppender (GrpcLogAppender.java:timeoutAppendRequest(200)) - 235b1c08-2c3c-45bc-ab7f-b19a657e57f0@group-8A5A189D8196->73c69e8a-9bd3-45ee-8ac9-6e361d860e2f-GrpcLogAppender: appendEntries Timeout, request=235b1c08-2c3c-45bc-ab7f-b19a657e57f0->73c69e8a-9bd3-45ee-8ac9-6e361d860e2f#92-t4, previous=(t:4, i:37), leaderCommit=32, initializing? false, entries: <empty>
 0.00% |█                                                                                                    |  0/1 Time: 0:02:362019-09-17 13:44:26,301 [EventQueue-PipelineActionsForPipelineActionHandler] ERROR pipeline.PipelineActionHandler (PipelineActionHandler.java:onMessage(60)) - Received pipeline action CLOSE for Pipeline[ Id: 035cdd69-bb9b-4d06-9aec-8a5a189d8196, Nodes: bf9845cc-5491-4380-971d-60a5c36fd440{ip: 192.168.5.130, host: pr-hdds-2136-chhj8-2666454444, networkLocation: /default-rack, certSerialId: null}73c69e8a-9bd3-45ee-8ac9-6e361d860e2f{ip: 192.168.5.130, host: pr-hdds-2136-chhj8-2666454444, networkLocation: /default-rack, certSerialId: null}235b1c08-2c3c-45bc-ab7f-b19a657e57f0{ip: 192.168.5.130, host: pr-hdds-2136-chhj8-2666454444, networkLocation: /default-rack, certSerialId: null}, Type:RATIS, Factor:THREE, State:CLOSED] from datanode 235b1c08-2c3c-45bc-ab7f-b19a657e57f0{ip: 192.168.5.130, host: pr-hdds-2136-chhj8-2666454444, networkLocation: /default-rack, certSerialId: null}. Reason : 235b1c08-2c3c-45bc-ab7f-b19a657e57f0 has not seen follower/s 73c69e8a-9bd3-45ee-8ac9-6e361d860e2f for 138251ms bf9845cc-5491-4380-971d-60a5c36fd440 for 138254ms
2019-09-17 13:44:26,301 [EventQueue-PipelineActionsForPipelineActionHandler] INFO  pipeline.SCMPipelineManager (SCMPipelineManager.java:finalizeAndDestroyPipeline(311)) - destroying pipeline:Pipeline[ Id: 035cdd69-bb9b-4d06-9aec-8a5a189d8196, Nodes: bf9845cc-5491-4380-971d-60a5c36fd440{ip: 192.168.5.130, host: pr-hdds-2136-chhj8-2666454444, networkLocation: /default-rack, certSerialId: null}73c69e8a-9bd3-45ee-8ac9-6e361d860e2f{ip: 192.168.5.130, host: pr-hdds-2136-chhj8-2666454444, networkLocation: /default-rack, certSerialId: null}235b1c08-2c3c-45bc-ab7f-b19a657e57f0{ip: 192.168.5.130, host: pr-hdds-2136-chhj8-2666454444, networkLocation: /default-rack, certSerialId: null}, Type:RATIS, Factor:THREE, State:CLOSED]
 0.00% |█                                                                                                    |  0/1 Time: 0:02:372019-09-17 13:44:27,274 [bf9845cc-5491-4380-971d-60a5c36fd440@group-8A5A189D8196-SegmentedRaftLogWorker] WARN  segmented.SegmentedRaftLogWorker (SegmentedRaftLogWorker.java:getFromFuture(90)) - Timeout 13/~
org.apache.ratis.protocol.TimeoutIOException: Timeout 10s: WriteLog:35: (t:4, i:35), STATEMACHINELOGENTRY, client-B79E81ABE48D, cid=30-writeStateMachineData
	at org.apache.ratis.util.IOUtils.getFromFuture(IOUtils.java:87)
	at org.apache.ratis.server.raftlog.segmented.SegmentedRaftLogWorker$StateMachineDataPolicy.getFromFuture(SegmentedRaftLogWorker.java:87)
	at org.apache.ratis.server.raftlog.segmented.SegmentedRaftLogWorker$WriteLog.execute(SegmentedRaftLogWorker.java:477)
	at org.apache.ratis.server.raftlog.segmented.SegmentedRaftLogWorker.run(SegmentedRaftLogWorker.java:289)
	at java.lang.Thread.run(Thread.java:748)
Caused by: java.util.concurrent.TimeoutException
	at java.util.concurrent.CompletableFuture.timedGet(CompletableFuture.java:1771)
	at java.util.concurrent.CompletableFuture.get(CompletableFuture.java:1915)
	at org.apache.ratis.util.IOUtils.getFromFuture(IOUtils.java:79)
	... 4 more
2019-09-17 13:44:27,288 [235b1c08-2c3c-45bc-ab7f-b19a657e57f0@group-8A5A189D8196-SegmentedRaftLogWorker] WARN  segmented.SegmentedRaftLogWorker (SegmentedRaftLogWorker.java:getFromFuture(90)) - Timeout 13/~
org.apache.ratis.protocol.TimeoutIOException: Timeout 10s: WriteLog:35: (t:4, i:35), STATEMACHINELOGENTRY, client-B79E81ABE48D, cid=30-writeStateMachineData
	at org.apache.ratis.util.IOUtils.getFromFuture(IOUtils.java:87)
	at org.apache.ratis.server.raftlog.segmented.SegmentedRaftLogWorker$StateMachineDataPolicy.getFromFuture(SegmentedRaftLogWorker.java:87)
	at org.apache.ratis.server.raftlog.segmented.SegmentedRaftLogWorker$WriteLog.execute(SegmentedRaftLogWorker.java:477)
	at org.apache.ratis.server.raftlog.segmented.SegmentedRaftLogWorker.run(SegmentedRaftLogWorker.java:289)
	at java.lang.Thread.run(Thread.java:748)
Caused by: java.util.concurrent.TimeoutException
	at java.util.concurrent.CompletableFuture.timedGet(CompletableFuture.java:1771)
	at java.util.concurrent.CompletableFuture.get(CompletableFuture.java:1915)
	at org.apache.ratis.util.IOUtils.getFromFuture(IOUtils.java:79)
	... 4 more
2019-09-17 13:44:27,294 [73c69e8a-9bd3-45ee-8ac9-6e361d860e2f@group-8A5A189D8196-SegmentedRaftLogWorker] WARN  segmented.SegmentedRaftLogWorker (SegmentedRaftLogWorker.java:getFromFuture(90)) - Timeout 13/~
org.apache.ratis.protocol.TimeoutIOException: Timeout 10s: WriteLog:35: (t:4, i:35), STATEMACHINELOGENTRY, client-B79E81ABE48D, cid=30-writeStateMachineData
	at org.apache.ratis.util.IOUtils.getFromFuture(IOUtils.java:87)
	at org.apache.ratis.server.raftlog.segmented.SegmentedRaftLogWorker$StateMachineDataPolicy.getFromFuture(SegmentedRaftLogWorker.java:87)
	at org.apache.ratis.server.raftlog.segmented.SegmentedRaftLogWorker$WriteLog.execute(SegmentedRaftLogWorker.java:477)
	at org.apache.ratis.server.raftlog.segmented.SegmentedRaftLogWorker.run(SegmentedRaftLogWorker.java:289)
	at java.lang.Thread.run(Thread.java:748)
Caused by: java.util.concurrent.TimeoutException
	at java.util.concurrent.CompletableFuture.timedGet(CompletableFuture.java:1771)
	at java.util.concurrent.CompletableFuture.get(CompletableFuture.java:1915)
	at org.apache.ratis.util.IOUtils.getFromFuture(IOUtils.java:79)
	... 4 more
2019-09-17 13:44:27,810 [org.apache.ratis.server.impl.LogAppender$AppenderDaemon$$Lambda$512/1779790241@1a5926d9] ERROR ratis.XceiverServerRatis (XceiverServerRatis.java:triggerPipelineClose(575)) - pipeline Action CLOSE  on pipeline PipelineID=035cdd69-bb9b-4d06-9aec-8a5a189d8196.Reason : 235b1c08-2c3c-45bc-ab7f-b19a657e57f0 has not seen follower/s 73c69e8a-9bd3-45ee-8ac9-6e361d860e2f for 140752ms bf9845cc-5491-4380-971d-60a5c36fd440 for 140755ms
2019-09-17 13:44:27,810 [org.apache.ratis.server.impl.LogAppender$AppenderDaemon$$Lambda$512/1779790241@51703f4c] ERROR ratis.XceiverServerRatis (XceiverServerRatis.java:triggerPipelineClose(575)) - pipeline Action CLOSE  on pipeline PipelineID=035cdd69-bb9b-4d06-9aec-8a5a189d8196.Reason : 235b1c08-2c3c-45bc-ab7f-b19a657e57f0 has not seen follower/s 73c69e8a-9bd3-45ee-8ac9-6e361d860e2f for 140752ms bf9845cc-5491-4380-971d-60a5c36fd440 for 140755ms
 0.00% |█                                                                                                    |  0/1 Time: 0:02:382019-09-17 13:44:28,299 [EventQueue-PipelineActionsForPipelineActionHandler] ERROR pipeline.PipelineActionHandler (PipelineActionHandler.java:onMessage(60)) - Received pipeline action CLOSE for Pipeline[ Id: 035cdd69-bb9b-4d06-9aec-8a5a189d8196, Nodes: bf9845cc-5491-4380-971d-60a5c36fd440{ip: 192.168.5.130, host: pr-hdds-2136-chhj8-2666454444, networkLocation: /default-rack, certSerialId: null}73c69e8a-9bd3-45ee-8ac9-6e361d860e2f{ip: 192.168.5.130, host: pr-hdds-2136-chhj8-2666454444, networkLocation: /default-rack, certSerialId: null}235b1c08-2c3c-45bc-ab7f-b19a657e57f0{ip: 192.168.5.130, host: pr-hdds-2136-chhj8-2666454444, networkLocation: /default-rack, certSerialId: null}, Type:RATIS, Factor:THREE, State:CLOSED] from datanode 235b1c08-2c3c-45bc-ab7f-b19a657e57f0{ip: 192.168.5.130, host: pr-hdds-2136-chhj8-2666454444, networkLocation: /default-rack, certSerialId: null}. Reason : 235b1c08-2c3c-45bc-ab7f-b19a657e57f0 has not seen follower/s 73c69e8a-9bd3-45ee-8ac9-6e361d860e2f for 140752ms bf9845cc-5491-4380-971d-60a5c36fd440 for 140755ms
2019-09-17 13:44:28,300 [EventQueue-PipelineActionsForPipelineActionHandler] INFO  pipeline.SCMPipelineManager (SCMPipelineManager.java:finalizeAndDestroyPipeline(311)) - destroying pipeline:Pipeline[ Id: 035cdd69-bb9b-4d06-9aec-8a5a189d8196, Nodes: bf9845cc-5491-4380-971d-60a5c36fd440{ip: 192.168.5.130, host: pr-hdds-2136-chhj8-2666454444, networkLocation: /default-rack, certSerialId: null}73c69e8a-9bd3-45ee-8ac9-6e361d860e2f{ip: 192.168.5.130, host: pr-hdds-2136-chhj8-2666454444, networkLocation: /default-rack, certSerialId: null}235b1c08-2c3c-45bc-ab7f-b19a657e57f0{ip: 192.168.5.130, host: pr-hdds-2136-chhj8-2666454444, networkLocation: /default-rack, certSerialId: null}, Type:RATIS, Factor:THREE, State:CLOSED]
2019-09-17 13:44:28,308 [java.util.concurrent.ThreadPoolExecutor$Worker@2c96aea2[State = -1, empty queue]] WARN  server.GrpcLogAppender (GrpcLogAppender.java:timeoutAppendRequest(200)) - 235b1c08-2c3c-45bc-ab7f-b19a657e57f0@group-8A5A189D8196->73c69e8a-9bd3-45ee-8ac9-6e361d860e2f-GrpcLogAppender: appendEntries Timeout, request=235b1c08-2c3c-45bc-ab7f-b19a657e57f0->73c69e8a-9bd3-45ee-8ac9-6e361d860e2f#93-t4, previous=(t:4, i:37), leaderCommit=32, initializing? false, entries: <empty>
2019-09-17 13:44:28,308 [java.util.concurrent.ThreadPoolExecutor$Worker@23a99472[State = -1, empty queue]] WARN  server.GrpcLogAppender (GrpcLogAppender.java:timeoutAppendRequest(200)) - 235b1c08-2c3c-45bc-ab7f-b19a657e57f0@group-8A5A189D8196->bf9845cc-5491-4380-971d-60a5c36fd440-GrpcLogAppender: appendEntries Timeout, request=235b1c08-2c3c-45bc-ab7f-b19a657e57f0->bf9845cc-5491-4380-971d-60a5c36fd440#93-t4, previous=(t:4, i:37), leaderCommit=32, initializing? false, entries: <empty>
2019-09-17 13:44:28,732 [grpc-default-executor-3] INFO  client.GrpcClientProtocolClient (GrpcClientProtocolClient.java:onNext(264)) - client-B79E81ABE48D->bf9845cc-5491-4380-971d-60a5c36fd440: receive RaftClientReply:client-B79E81ABE48D->bf9845cc-5491-4380-971d-60a5c36fd440@group-8A5A189D8196, cid=28, FAILED org.apache.ratis.protocol.NotLeaderException: Server bf9845cc-5491-4380-971d-60a5c36fd440@group-8A5A189D8196 is not the leader 235b1c08-2c3c-45bc-ab7f-b19a657e57f0:192.168.5.130:39322, logIndex=0, commits[bf9845cc-5491-4380-971d-60a5c36fd440:c32, 73c69e8a-9bd3-45ee-8ac9-6e361d860e2f:c28, 235b1c08-2c3c-45bc-ab7f-b19a657e57f0:c32]
 0.00% |█                                                                                                    |  0/1 Time: 0:02:39 0.00% |█                                                                                                    |  0/1 Time: 0:02:402019-09-17 13:44:30,311 [org.apache.ratis.server.impl.LogAppender$AppenderDaemon$$Lambda$512/1779790241@51703f4c] ERROR ratis.XceiverServerRatis (XceiverServerRatis.java:triggerPipelineClose(575)) - pipeline Action CLOSE  on pipeline PipelineID=035cdd69-bb9b-4d06-9aec-8a5a189d8196.Reason : 235b1c08-2c3c-45bc-ab7f-b19a657e57f0 has not seen follower/s 73c69e8a-9bd3-45ee-8ac9-6e361d860e2f for 143254ms bf9845cc-5491-4380-971d-60a5c36fd440 for 143256ms
2019-09-17 13:44:30,311 [org.apache.ratis.server.impl.LogAppender$AppenderDaemon$$Lambda$512/1779790241@1a5926d9] ERROR ratis.XceiverServerRatis (XceiverServerRatis.java:triggerPipelineClose(575)) - pipeline Action CLOSE  on pipeline PipelineID=035cdd69-bb9b-4d06-9aec-8a5a189d8196.Reason : 235b1c08-2c3c-45bc-ab7f-b19a657e57f0 has not seen follower/s 73c69e8a-9bd3-45ee-8ac9-6e361d860e2f for 143254ms bf9845cc-5491-4380-971d-60a5c36fd440 for 143256ms
2019-09-17 13:44:30,809 [java.util.concurrent.ThreadPoolExecutor$Worker@2c96aea2[State = -1, empty queue]] WARN  server.GrpcLogAppender (GrpcLogAppender.java:timeoutAppendRequest(200)) - 235b1c08-2c3c-45bc-ab7f-b19a657e57f0@group-8A5A189D8196->73c69e8a-9bd3-45ee-8ac9-6e361d860e2f-GrpcLogAppender: appendEntries Timeout, request=235b1c08-2c3c-45bc-ab7f-b19a657e57f0->73c69e8a-9bd3-45ee-8ac9-6e361d860e2f#94-t4, previous=(t:4, i:37), leaderCommit=32, initializing? false, entries: <empty>
2019-09-17 13:44:30,810 [java.util.concurrent.ThreadPoolExecutor$Worker@23a99472[State = -1, empty queue]] WARN  server.GrpcLogAppender (GrpcLogAppender.java:timeoutAppendRequest(200)) - 235b1c08-2c3c-45bc-ab7f-b19a657e57f0@group-8A5A189D8196->bf9845cc-5491-4380-971d-60a5c36fd440-GrpcLogAppender: appendEntries Timeout, request=235b1c08-2c3c-45bc-ab7f-b19a657e57f0->bf9845cc-5491-4380-971d-60a5c36fd440#94-t4, previous=(t:4, i:37), leaderCommit=32, initializing? false, entries: <empty>
 0.00% |█                                                                                                    |  0/1 Time: 0:02:412019-09-17 13:44:31,300 [EventQueue-PipelineActionsForPipelineActionHandler] ERROR pipeline.PipelineActionHandler (PipelineActionHandler.java:onMessage(60)) - Received pipeline action CLOSE for Pipeline[ Id: 035cdd69-bb9b-4d06-9aec-8a5a189d8196, Nodes: bf9845cc-5491-4380-971d-60a5c36fd440{ip: 192.168.5.130, host: pr-hdds-2136-chhj8-2666454444, networkLocation: /default-rack, certSerialId: null}73c69e8a-9bd3-45ee-8ac9-6e361d860e2f{ip: 192.168.5.130, host: pr-hdds-2136-chhj8-2666454444, networkLocation: /default-rack, certSerialId: null}235b1c08-2c3c-45bc-ab7f-b19a657e57f0{ip: 192.168.5.130, host: pr-hdds-2136-chhj8-2666454444, networkLocation: /default-rack, certSerialId: null}, Type:RATIS, Factor:THREE, State:CLOSED] from datanode 235b1c08-2c3c-45bc-ab7f-b19a657e57f0{ip: 192.168.5.130, host: pr-hdds-2136-chhj8-2666454444, networkLocation: /default-rack, certSerialId: null}. Reason : 235b1c08-2c3c-45bc-ab7f-b19a657e57f0 has not seen follower/s 73c69e8a-9bd3-45ee-8ac9-6e361d860e2f for 143254ms bf9845cc-5491-4380-971d-60a5c36fd440 for 143256ms
2019-09-17 13:44:31,300 [EventQueue-PipelineActionsForPipelineActionHandler] INFO  pipeline.SCMPipelineManager (SCMPipelineManager.java:finalizeAndDestroyPipeline(311)) - destroying pipeline:Pipeline[ Id: 035cdd69-bb9b-4d06-9aec-8a5a189d8196, Nodes: bf9845cc-5491-4380-971d-60a5c36fd440{ip: 192.168.5.130, host: pr-hdds-2136-chhj8-2666454444, networkLocation: /default-rack, certSerialId: null}73c69e8a-9bd3-45ee-8ac9-6e361d860e2f{ip: 192.168.5.130, host: pr-hdds-2136-chhj8-2666454444, networkLocation: /default-rack, certSerialId: null}235b1c08-2c3c-45bc-ab7f-b19a657e57f0{ip: 192.168.5.130, host: pr-hdds-2136-chhj8-2666454444, networkLocation: /default-rack, certSerialId: null}, Type:RATIS, Factor:THREE, State:CLOSED]
 0.00% |█                                                                                                    |  0/1 Time: 0:02:422019-09-17 13:44:32,812 [org.apache.ratis.server.impl.LogAppender$AppenderDaemon$$Lambda$512/1779790241@51703f4c] ERROR ratis.XceiverServerRatis (XceiverServerRatis.java:triggerPipelineClose(575)) - pipeline Action CLOSE  on pipeline PipelineID=035cdd69-bb9b-4d06-9aec-8a5a189d8196.Reason : 235b1c08-2c3c-45bc-ab7f-b19a657e57f0 has not seen follower/s 73c69e8a-9bd3-45ee-8ac9-6e361d860e2f for 145755ms bf9845cc-5491-4380-971d-60a5c36fd440 for 145757ms
2019-09-17 13:44:32,812 [org.apache.ratis.server.impl.LogAppender$AppenderDaemon$$Lambda$512/1779790241@1a5926d9] ERROR ratis.XceiverServerRatis (XceiverServerRatis.java:triggerPipelineClose(575)) - pipeline Action CLOSE  on pipeline PipelineID=035cdd69-bb9b-4d06-9aec-8a5a189d8196.Reason : 235b1c08-2c3c-45bc-ab7f-b19a657e57f0 has not seen follower/s 73c69e8a-9bd3-45ee-8ac9-6e361d860e2f for 145755ms bf9845cc-5491-4380-971d-60a5c36fd440 for 145757ms
 0.00% |█                                                                                                    |  0/1 Time: 0:02:432019-09-17 13:44:33,300 [EventQueue-PipelineActionsForPipelineActionHandler] ERROR pipeline.PipelineActionHandler (PipelineActionHandler.java:onMessage(60)) - Received pipeline action CLOSE for Pipeline[ Id: 035cdd69-bb9b-4d06-9aec-8a5a189d8196, Nodes: bf9845cc-5491-4380-971d-60a5c36fd440{ip: 192.168.5.130, host: pr-hdds-2136-chhj8-2666454444, networkLocation: /default-rack, certSerialId: null}73c69e8a-9bd3-45ee-8ac9-6e361d860e2f{ip: 192.168.5.130, host: pr-hdds-2136-chhj8-2666454444, networkLocation: /default-rack, certSerialId: null}235b1c08-2c3c-45bc-ab7f-b19a657e57f0{ip: 192.168.5.130, host: pr-hdds-2136-chhj8-2666454444, networkLocation: /default-rack, certSerialId: null}, Type:RATIS, Factor:THREE, State:CLOSED] from datanode 235b1c08-2c3c-45bc-ab7f-b19a657e57f0{ip: 192.168.5.130, host: pr-hdds-2136-chhj8-2666454444, networkLocation: /default-rack, certSerialId: null}. Reason : 235b1c08-2c3c-45bc-ab7f-b19a657e57f0 has not seen follower/s 73c69e8a-9bd3-45ee-8ac9-6e361d860e2f for 145755ms bf9845cc-5491-4380-971d-60a5c36fd440 for 145757ms
2019-09-17 13:44:33,301 [EventQueue-PipelineActionsForPipelineActionHandler] INFO  pipeline.SCMPipelineManager (SCMPipelineManager.java:finalizeAndDestroyPipeline(311)) - destroying pipeline:Pipeline[ Id: 035cdd69-bb9b-4d06-9aec-8a5a189d8196, Nodes: bf9845cc-5491-4380-971d-60a5c36fd440{ip: 192.168.5.130, host: pr-hdds-2136-chhj8-2666454444, networkLocation: /default-rack, certSerialId: null}73c69e8a-9bd3-45ee-8ac9-6e361d860e2f{ip: 192.168.5.130, host: pr-hdds-2136-chhj8-2666454444, networkLocation: /default-rack, certSerialId: null}235b1c08-2c3c-45bc-ab7f-b19a657e57f0{ip: 192.168.5.130, host: pr-hdds-2136-chhj8-2666454444, networkLocation: /default-rack, certSerialId: null}, Type:RATIS, Factor:THREE, State:CLOSED]
2019-09-17 13:44:33,310 [java.util.concurrent.ThreadPoolExecutor$Worker@2c96aea2[State = -1, empty queue]] WARN  server.GrpcLogAppender (GrpcLogAppender.java:timeoutAppendRequest(200)) - 235b1c08-2c3c-45bc-ab7f-b19a657e57f0@group-8A5A189D8196->73c69e8a-9bd3-45ee-8ac9-6e361d860e2f-GrpcLogAppender: appendEntries Timeout, request=235b1c08-2c3c-45bc-ab7f-b19a657e57f0->73c69e8a-9bd3-45ee-8ac9-6e361d860e2f#95-t4, previous=(t:4, i:37), leaderCommit=32, initializing? false, entries: <empty>
2019-09-17 13:44:33,310 [java.util.concurrent.ThreadPoolExecutor$Worker@23a99472[State = -1, empty queue]] WARN  server.GrpcLogAppender (GrpcLogAppender.java:timeoutAppendRequest(200)) - 235b1c08-2c3c-45bc-ab7f-b19a657e57f0@group-8A5A189D8196->bf9845cc-5491-4380-971d-60a5c36fd440-GrpcLogAppender: appendEntries Timeout, request=235b1c08-2c3c-45bc-ab7f-b19a657e57f0->bf9845cc-5491-4380-971d-60a5c36fd440#95-t4, previous=(t:4, i:37), leaderCommit=32, initializing? false, entries: <empty>
2019-09-17 13:44:33,782 [grpc-default-executor-2] INFO  client.GrpcClientProtocolClient (GrpcClientProtocolClient.java:onNext(264)) - client-B79E81ABE48D->bf9845cc-5491-4380-971d-60a5c36fd440: receive RaftClientReply:client-B79E81ABE48D->bf9845cc-5491-4380-971d-60a5c36fd440@group-8A5A189D8196, cid=28, FAILED org.apache.ratis.protocol.NotLeaderException: Server bf9845cc-5491-4380-971d-60a5c36fd440@group-8A5A189D8196 is not the leader 235b1c08-2c3c-45bc-ab7f-b19a657e57f0:192.168.5.130:39322, logIndex=0, commits[bf9845cc-5491-4380-971d-60a5c36fd440:c32, 73c69e8a-9bd3-45ee-8ac9-6e361d860e2f:c28, 235b1c08-2c3c-45bc-ab7f-b19a657e57f0:c32]
 0.00% |█                                                                                                    |  0/1 Time: 0:02:44 0.00% |█                                                                                                    |  0/1 Time: 0:02:452019-09-17 13:44:35,313 [org.apache.ratis.server.impl.LogAppender$AppenderDaemon$$Lambda$512/1779790241@51703f4c] ERROR ratis.XceiverServerRatis (XceiverServerRatis.java:triggerPipelineClose(575)) - pipeline Action CLOSE  on pipeline PipelineID=035cdd69-bb9b-4d06-9aec-8a5a189d8196.Reason : 235b1c08-2c3c-45bc-ab7f-b19a657e57f0 has not seen follower/s 73c69e8a-9bd3-45ee-8ac9-6e361d860e2f for 148256ms bf9845cc-5491-4380-971d-60a5c36fd440 for 148258ms
2019-09-17 13:44:35,313 [org.apache.ratis.server.impl.LogAppender$AppenderDaemon$$Lambda$512/1779790241@1a5926d9] ERROR ratis.XceiverServerRatis (XceiverServerRatis.java:triggerPipelineClose(575)) - pipeline Action CLOSE  on pipeline PipelineID=035cdd69-bb9b-4d06-9aec-8a5a189d8196.Reason : 235b1c08-2c3c-45bc-ab7f-b19a657e57f0 has not seen follower/s 73c69e8a-9bd3-45ee-8ac9-6e361d860e2f for 148256ms bf9845cc-5491-4380-971d-60a5c36fd440 for 148258ms
2019-09-17 13:44:35,812 [java.util.concurrent.ThreadPoolExecutor$Worker@23a99472[State = -1, empty queue]] WARN  server.GrpcLogAppender (GrpcLogAppender.java:timeoutAppendRequest(200)) - 235b1c08-2c3c-45bc-ab7f-b19a657e57f0@group-8A5A189D8196->bf9845cc-5491-4380-971d-60a5c36fd440-GrpcLogAppender: appendEntries Timeout, request=235b1c08-2c3c-45bc-ab7f-b19a657e57f0->bf9845cc-5491-4380-971d-60a5c36fd440#96-t4, previous=(t:4, i:37), leaderCommit=32, initializing? false, entries: <empty>
2019-09-17 13:44:35,812 [java.util.concurrent.ThreadPoolExecutor$Worker@2c96aea2[State = -1, empty queue]] WARN  server.GrpcLogAppender (GrpcLogAppender.java:timeoutAppendRequest(200)) - 235b1c08-2c3c-45bc-ab7f-b19a657e57f0@group-8A5A189D8196->73c69e8a-9bd3-45ee-8ac9-6e361d860e2f-GrpcLogAppender: appendEntries Timeout, request=235b1c08-2c3c-45bc-ab7f-b19a657e57f0->73c69e8a-9bd3-45ee-8ac9-6e361d860e2f#96-t4, previous=(t:4, i:37), leaderCommit=32, initializing? false, entries: <empty>
 0.00% |█                                                                                                    |  0/1 Time: 0:02:462019-09-17 13:44:36,301 [EventQueue-PipelineActionsForPipelineActionHandler] ERROR pipeline.PipelineActionHandler (PipelineActionHandler.java:onMessage(60)) - Received pipeline action CLOSE for Pipeline[ Id: 035cdd69-bb9b-4d06-9aec-8a5a189d8196, Nodes: bf9845cc-5491-4380-971d-60a5c36fd440{ip: 192.168.5.130, host: pr-hdds-2136-chhj8-2666454444, networkLocation: /default-rack, certSerialId: null}73c69e8a-9bd3-45ee-8ac9-6e361d860e2f{ip: 192.168.5.130, host: pr-hdds-2136-chhj8-2666454444, networkLocation: /default-rack, certSerialId: null}235b1c08-2c3c-45bc-ab7f-b19a657e57f0{ip: 192.168.5.130, host: pr-hdds-2136-chhj8-2666454444, networkLocation: /default-rack, certSerialId: null}, Type:RATIS, Factor:THREE, State:CLOSED] from datanode 235b1c08-2c3c-45bc-ab7f-b19a657e57f0{ip: 192.168.5.130, host: pr-hdds-2136-chhj8-2666454444, networkLocation: /default-rack, certSerialId: null}. Reason : 235b1c08-2c3c-45bc-ab7f-b19a657e57f0 has not seen follower/s 73c69e8a-9bd3-45ee-8ac9-6e361d860e2f for 148256ms bf9845cc-5491-4380-971d-60a5c36fd440 for 148258ms
2019-09-17 13:44:36,301 [EventQueue-PipelineActionsForPipelineActionHandler] INFO  pipeline.SCMPipelineManager (SCMPipelineManager.java:finalizeAndDestroyPipeline(311)) - destroying pipeline:Pipeline[ Id: 035cdd69-bb9b-4d06-9aec-8a5a189d8196, Nodes: bf9845cc-5491-4380-971d-60a5c36fd440{ip: 192.168.5.130, host: pr-hdds-2136-chhj8-2666454444, networkLocation: /default-rack, certSerialId: null}73c69e8a-9bd3-45ee-8ac9-6e361d860e2f{ip: 192.168.5.130, host: pr-hdds-2136-chhj8-2666454444, networkLocation: /default-rack, certSerialId: null}235b1c08-2c3c-45bc-ab7f-b19a657e57f0{ip: 192.168.5.130, host: pr-hdds-2136-chhj8-2666454444, networkLocation: /default-rack, certSerialId: null}, Type:RATIS, Factor:THREE, State:CLOSED]
 0.00% |█                                                                                                    |  0/1 Time: 0:02:472019-09-17 13:44:37,277 [bf9845cc-5491-4380-971d-60a5c36fd440@group-8A5A189D8196-SegmentedRaftLogWorker] WARN  segmented.SegmentedRaftLogWorker (SegmentedRaftLogWorker.java:getFromFuture(90)) - Timeout 14/~
org.apache.ratis.protocol.TimeoutIOException: Timeout 10s: WriteLog:35: (t:4, i:35), STATEMACHINELOGENTRY, client-B79E81ABE48D, cid=30-writeStateMachineData
	at org.apache.ratis.util.IOUtils.getFromFuture(IOUtils.java:87)
	at org.apache.ratis.server.raftlog.segmented.SegmentedRaftLogWorker$StateMachineDataPolicy.getFromFuture(SegmentedRaftLogWorker.java:87)
	at org.apache.ratis.server.raftlog.segmented.SegmentedRaftLogWorker$WriteLog.execute(SegmentedRaftLogWorker.java:477)
	at org.apache.ratis.server.raftlog.segmented.SegmentedRaftLogWorker.run(SegmentedRaftLogWorker.java:289)
	at java.lang.Thread.run(Thread.java:748)
Caused by: java.util.concurrent.TimeoutException
	at java.util.concurrent.CompletableFuture.timedGet(CompletableFuture.java:1771)
	at java.util.concurrent.CompletableFuture.get(CompletableFuture.java:1915)
	at org.apache.ratis.util.IOUtils.getFromFuture(IOUtils.java:79)
	... 4 more
2019-09-17 13:44:37,295 [235b1c08-2c3c-45bc-ab7f-b19a657e57f0@group-8A5A189D8196-SegmentedRaftLogWorker] WARN  segmented.SegmentedRaftLogWorker (SegmentedRaftLogWorker.java:getFromFuture(90)) - Timeout 14/~
org.apache.ratis.protocol.TimeoutIOException: Timeout 10s: WriteLog:35: (t:4, i:35), STATEMACHINELOGENTRY, client-B79E81ABE48D, cid=30-writeStateMachineData
	at org.apache.ratis.util.IOUtils.getFromFuture(IOUtils.java:87)
	at org.apache.ratis.server.raftlog.segmented.SegmentedRaftLogWorker$StateMachineDataPolicy.getFromFuture(SegmentedRaftLogWorker.java:87)
	at org.apache.ratis.server.raftlog.segmented.SegmentedRaftLogWorker$WriteLog.execute(SegmentedRaftLogWorker.java:477)
	at org.apache.ratis.server.raftlog.segmented.SegmentedRaftLogWorker.run(SegmentedRaftLogWorker.java:289)
	at java.lang.Thread.run(Thread.java:748)
Caused by: java.util.concurrent.TimeoutException
	at java.util.concurrent.CompletableFuture.timedGet(CompletableFuture.java:1771)
	at java.util.concurrent.CompletableFuture.get(CompletableFuture.java:1915)
	at org.apache.ratis.util.IOUtils.getFromFuture(IOUtils.java:79)
	... 4 more
2019-09-17 13:44:37,295 [73c69e8a-9bd3-45ee-8ac9-6e361d860e2f@group-8A5A189D8196-SegmentedRaftLogWorker] WARN  segmented.SegmentedRaftLogWorker (SegmentedRaftLogWorker.java:getFromFuture(90)) - Timeout 14/~
org.apache.ratis.protocol.TimeoutIOException: Timeout 10s: WriteLog:35: (t:4, i:35), STATEMACHINELOGENTRY, client-B79E81ABE48D, cid=30-writeStateMachineData
	at org.apache.ratis.util.IOUtils.getFromFuture(IOUtils.java:87)
	at org.apache.ratis.server.raftlog.segmented.SegmentedRaftLogWorker$StateMachineDataPolicy.getFromFuture(SegmentedRaftLogWorker.java:87)
	at org.apache.ratis.server.raftlog.segmented.SegmentedRaftLogWorker$WriteLog.execute(SegmentedRaftLogWorker.java:477)
	at org.apache.ratis.server.raftlog.segmented.SegmentedRaftLogWorker.run(SegmentedRaftLogWorker.java:289)
	at java.lang.Thread.run(Thread.java:748)
Caused by: java.util.concurrent.TimeoutException
	at java.util.concurrent.CompletableFuture.timedGet(CompletableFuture.java:1771)
	at java.util.concurrent.CompletableFuture.get(CompletableFuture.java:1915)
	at org.apache.ratis.util.IOUtils.getFromFuture(IOUtils.java:79)
	... 4 more
2019-09-17 13:44:37,814 [org.apache.ratis.server.impl.LogAppender$AppenderDaemon$$Lambda$512/1779790241@51703f4c] ERROR ratis.XceiverServerRatis (XceiverServerRatis.java:triggerPipelineClose(575)) - pipeline Action CLOSE  on pipeline PipelineID=035cdd69-bb9b-4d06-9aec-8a5a189d8196.Reason : 235b1c08-2c3c-45bc-ab7f-b19a657e57f0 has not seen follower/s 73c69e8a-9bd3-45ee-8ac9-6e361d860e2f for 150757ms bf9845cc-5491-4380-971d-60a5c36fd440 for 150759ms
2019-09-17 13:44:37,814 [org.apache.ratis.server.impl.LogAppender$AppenderDaemon$$Lambda$512/1779790241@1a5926d9] ERROR ratis.XceiverServerRatis (XceiverServerRatis.java:triggerPipelineClose(575)) - pipeline Action CLOSE  on pipeline PipelineID=035cdd69-bb9b-4d06-9aec-8a5a189d8196.Reason : 235b1c08-2c3c-45bc-ab7f-b19a657e57f0 has not seen follower/s 73c69e8a-9bd3-45ee-8ac9-6e361d860e2f for 150757ms bf9845cc-5491-4380-971d-60a5c36fd440 for 150759ms
 0.00% |█                                                                                                    |  0/1 Time: 0:02:482019-09-17 13:44:38,301 [EventQueue-PipelineActionsForPipelineActionHandler] ERROR pipeline.PipelineActionHandler (PipelineActionHandler.java:onMessage(60)) - Received pipeline action CLOSE for Pipeline[ Id: 035cdd69-bb9b-4d06-9aec-8a5a189d8196, Nodes: bf9845cc-5491-4380-971d-60a5c36fd440{ip: 192.168.5.130, host: pr-hdds-2136-chhj8-2666454444, networkLocation: /default-rack, certSerialId: null}73c69e8a-9bd3-45ee-8ac9-6e361d860e2f{ip: 192.168.5.130, host: pr-hdds-2136-chhj8-2666454444, networkLocation: /default-rack, certSerialId: null}235b1c08-2c3c-45bc-ab7f-b19a657e57f0{ip: 192.168.5.130, host: pr-hdds-2136-chhj8-2666454444, networkLocation: /default-rack, certSerialId: null}, Type:RATIS, Factor:THREE, State:CLOSED] from datanode 235b1c08-2c3c-45bc-ab7f-b19a657e57f0{ip: 192.168.5.130, host: pr-hdds-2136-chhj8-2666454444, networkLocation: /default-rack, certSerialId: null}. Reason : 235b1c08-2c3c-45bc-ab7f-b19a657e57f0 has not seen follower/s 73c69e8a-9bd3-45ee-8ac9-6e361d860e2f for 150757ms bf9845cc-5491-4380-971d-60a5c36fd440 for 150759ms
2019-09-17 13:44:38,301 [EventQueue-PipelineActionsForPipelineActionHandler] INFO  pipeline.SCMPipelineManager (SCMPipelineManager.java:finalizeAndDestroyPipeline(311)) - destroying pipeline:Pipeline[ Id: 035cdd69-bb9b-4d06-9aec-8a5a189d8196, Nodes: bf9845cc-5491-4380-971d-60a5c36fd440{ip: 192.168.5.130, host: pr-hdds-2136-chhj8-2666454444, networkLocation: /default-rack, certSerialId: null}73c69e8a-9bd3-45ee-8ac9-6e361d860e2f{ip: 192.168.5.130, host: pr-hdds-2136-chhj8-2666454444, networkLocation: /default-rack, certSerialId: null}235b1c08-2c3c-45bc-ab7f-b19a657e57f0{ip: 192.168.5.130, host: pr-hdds-2136-chhj8-2666454444, networkLocation: /default-rack, certSerialId: null}, Type:RATIS, Factor:THREE, State:CLOSED]
2019-09-17 13:44:38,313 [java.util.concurrent.ThreadPoolExecutor$Worker@23a99472[State = -1, empty queue]] WARN  server.GrpcLogAppender (GrpcLogAppender.java:timeoutAppendRequest(200)) - 235b1c08-2c3c-45bc-ab7f-b19a657e57f0@group-8A5A189D8196->bf9845cc-5491-4380-971d-60a5c36fd440-GrpcLogAppender: appendEntries Timeout, request=235b1c08-2c3c-45bc-ab7f-b19a657e57f0->bf9845cc-5491-4380-971d-60a5c36fd440#97-t4, previous=(t:4, i:37), leaderCommit=32, initializing? false, entries: <empty>
2019-09-17 13:44:38,313 [java.util.concurrent.ThreadPoolExecutor$Worker@2c96aea2[State = -1, empty queue]] WARN  server.GrpcLogAppender (GrpcLogAppender.java:timeoutAppendRequest(200)) - 235b1c08-2c3c-45bc-ab7f-b19a657e57f0@group-8A5A189D8196->73c69e8a-9bd3-45ee-8ac9-6e361d860e2f-GrpcLogAppender: appendEntries Timeout, request=235b1c08-2c3c-45bc-ab7f-b19a657e57f0->73c69e8a-9bd3-45ee-8ac9-6e361d860e2f#97-t4, previous=(t:4, i:37), leaderCommit=32, initializing? false, entries: <empty>
2019-09-17 13:44:38,827 [grpc-default-executor-3] INFO  client.GrpcClientProtocolClient (GrpcClientProtocolClient.java:onNext(264)) - client-B79E81ABE48D->bf9845cc-5491-4380-971d-60a5c36fd440: receive RaftClientReply:client-B79E81ABE48D->bf9845cc-5491-4380-971d-60a5c36fd440@group-8A5A189D8196, cid=28, FAILED org.apache.ratis.protocol.NotLeaderException: Server bf9845cc-5491-4380-971d-60a5c36fd440@group-8A5A189D8196 is not the leader 235b1c08-2c3c-45bc-ab7f-b19a657e57f0:192.168.5.130:39322, logIndex=0, commits[bf9845cc-5491-4380-971d-60a5c36fd440:c32, 73c69e8a-9bd3-45ee-8ac9-6e361d860e2f:c28, 235b1c08-2c3c-45bc-ab7f-b19a657e57f0:c32]
 0.00% |█                                                                                                    |  0/1 Time: 0:02:49 0.00% |█                                                                                                    |  0/1 Time: 0:02:502019-09-17 13:44:40,315 [org.apache.ratis.server.impl.LogAppender$AppenderDaemon$$Lambda$512/1779790241@51703f4c] ERROR ratis.XceiverServerRatis (XceiverServerRatis.java:triggerPipelineClose(575)) - pipeline Action CLOSE  on pipeline PipelineID=035cdd69-bb9b-4d06-9aec-8a5a189d8196.Reason : 235b1c08-2c3c-45bc-ab7f-b19a657e57f0 has not seen follower/s 73c69e8a-9bd3-45ee-8ac9-6e361d860e2f for 153258ms bf9845cc-5491-4380-971d-60a5c36fd440 for 153260ms
2019-09-17 13:44:40,315 [org.apache.ratis.server.impl.LogAppender$AppenderDaemon$$Lambda$512/1779790241@1a5926d9] ERROR ratis.XceiverServerRatis (XceiverServerRatis.java:triggerPipelineClose(575)) - pipeline Action CLOSE  on pipeline PipelineID=035cdd69-bb9b-4d06-9aec-8a5a189d8196.Reason : 235b1c08-2c3c-45bc-ab7f-b19a657e57f0 has not seen follower/s 73c69e8a-9bd3-45ee-8ac9-6e361d860e2f for 153258ms bf9845cc-5491-4380-971d-60a5c36fd440 for 153260ms
2019-09-17 13:44:40,814 [java.util.concurrent.ThreadPoolExecutor$Worker@23a99472[State = -1, empty queue]] WARN  server.GrpcLogAppender (GrpcLogAppender.java:timeoutAppendRequest(200)) - 235b1c08-2c3c-45bc-ab7f-b19a657e57f0@group-8A5A189D8196->bf9845cc-5491-4380-971d-60a5c36fd440-GrpcLogAppender: appendEntries Timeout, request=235b1c08-2c3c-45bc-ab7f-b19a657e57f0->bf9845cc-5491-4380-971d-60a5c36fd440#98-t4, previous=(t:4, i:37), leaderCommit=32, initializing? false, entries: <empty>
2019-09-17 13:44:40,814 [java.util.concurrent.ThreadPoolExecutor$Worker@2c96aea2[State = -1, empty queue]] WARN  server.GrpcLogAppender (GrpcLogAppender.java:timeoutAppendRequest(200)) - 235b1c08-2c3c-45bc-ab7f-b19a657e57f0@group-8A5A189D8196->73c69e8a-9bd3-45ee-8ac9-6e361d860e2f-GrpcLogAppender: appendEntries Timeout, request=235b1c08-2c3c-45bc-ab7f-b19a657e57f0->73c69e8a-9bd3-45ee-8ac9-6e361d860e2f#98-t4, previous=(t:4, i:37), leaderCommit=32, initializing? false, entries: <empty>
 0.00% |█                                                                                                    |  0/1 Time: 0:02:512019-09-17 13:44:41,301 [EventQueue-PipelineActionsForPipelineActionHandler] ERROR pipeline.PipelineActionHandler (PipelineActionHandler.java:onMessage(60)) - Received pipeline action CLOSE for Pipeline[ Id: 035cdd69-bb9b-4d06-9aec-8a5a189d8196, Nodes: bf9845cc-5491-4380-971d-60a5c36fd440{ip: 192.168.5.130, host: pr-hdds-2136-chhj8-2666454444, networkLocation: /default-rack, certSerialId: null}73c69e8a-9bd3-45ee-8ac9-6e361d860e2f{ip: 192.168.5.130, host: pr-hdds-2136-chhj8-2666454444, networkLocation: /default-rack, certSerialId: null}235b1c08-2c3c-45bc-ab7f-b19a657e57f0{ip: 192.168.5.130, host: pr-hdds-2136-chhj8-2666454444, networkLocation: /default-rack, certSerialId: null}, Type:RATIS, Factor:THREE, State:CLOSED] from datanode 235b1c08-2c3c-45bc-ab7f-b19a657e57f0{ip: 192.168.5.130, host: pr-hdds-2136-chhj8-2666454444, networkLocation: /default-rack, certSerialId: null}. Reason : 235b1c08-2c3c-45bc-ab7f-b19a657e57f0 has not seen follower/s 73c69e8a-9bd3-45ee-8ac9-6e361d860e2f for 153258ms bf9845cc-5491-4380-971d-60a5c36fd440 for 153260ms
2019-09-17 13:44:41,301 [EventQueue-PipelineActionsForPipelineActionHandler] INFO  pipeline.SCMPipelineManager (SCMPipelineManager.java:finalizeAndDestroyPipeline(311)) - destroying pipeline:Pipeline[ Id: 035cdd69-bb9b-4d06-9aec-8a5a189d8196, Nodes: bf9845cc-5491-4380-971d-60a5c36fd440{ip: 192.168.5.130, host: pr-hdds-2136-chhj8-2666454444, networkLocation: /default-rack, certSerialId: null}73c69e8a-9bd3-45ee-8ac9-6e361d860e2f{ip: 192.168.5.130, host: pr-hdds-2136-chhj8-2666454444, networkLocation: /default-rack, certSerialId: null}235b1c08-2c3c-45bc-ab7f-b19a657e57f0{ip: 192.168.5.130, host: pr-hdds-2136-chhj8-2666454444, networkLocation: /default-rack, certSerialId: null}, Type:RATIS, Factor:THREE, State:CLOSED]
 0.00% |█                                                                                                    |  0/1 Time: 0:02:522019-09-17 13:44:42,816 [org.apache.ratis.server.impl.LogAppender$AppenderDaemon$$Lambda$512/1779790241@51703f4c] ERROR ratis.XceiverServerRatis (XceiverServerRatis.java:triggerPipelineClose(575)) - pipeline Action CLOSE  on pipeline PipelineID=035cdd69-bb9b-4d06-9aec-8a5a189d8196.Reason : 235b1c08-2c3c-45bc-ab7f-b19a657e57f0 has not seen follower/s 73c69e8a-9bd3-45ee-8ac9-6e361d860e2f for 155759ms bf9845cc-5491-4380-971d-60a5c36fd440 for 155761ms
2019-09-17 13:44:42,816 [org.apache.ratis.server.impl.LogAppender$AppenderDaemon$$Lambda$512/1779790241@1a5926d9] ERROR ratis.XceiverServerRatis (XceiverServerRatis.java:triggerPipelineClose(575)) - pipeline Action CLOSE  on pipeline PipelineID=035cdd69-bb9b-4d06-9aec-8a5a189d8196.Reason : 235b1c08-2c3c-45bc-ab7f-b19a657e57f0 has not seen follower/s 73c69e8a-9bd3-45ee-8ac9-6e361d860e2f for 155759ms bf9845cc-5491-4380-971d-60a5c36fd440 for 155761ms
 0.00% |█                                                                                                    |  0/1 Time: 0:02:532019-09-17 13:44:43,301 [EventQueue-PipelineActionsForPipelineActionHandler] ERROR pipeline.PipelineActionHandler (PipelineActionHandler.java:onMessage(60)) - Received pipeline action CLOSE for Pipeline[ Id: 035cdd69-bb9b-4d06-9aec-8a5a189d8196, Nodes: bf9845cc-5491-4380-971d-60a5c36fd440{ip: 192.168.5.130, host: pr-hdds-2136-chhj8-2666454444, networkLocation: /default-rack, certSerialId: null}73c69e8a-9bd3-45ee-8ac9-6e361d860e2f{ip: 192.168.5.130, host: pr-hdds-2136-chhj8-2666454444, networkLocation: /default-rack, certSerialId: null}235b1c08-2c3c-45bc-ab7f-b19a657e57f0{ip: 192.168.5.130, host: pr-hdds-2136-chhj8-2666454444, networkLocation: /default-rack, certSerialId: null}, Type:RATIS, Factor:THREE, State:CLOSED] from datanode 235b1c08-2c3c-45bc-ab7f-b19a657e57f0{ip: 192.168.5.130, host: pr-hdds-2136-chhj8-2666454444, networkLocation: /default-rack, certSerialId: null}. Reason : 235b1c08-2c3c-45bc-ab7f-b19a657e57f0 has not seen follower/s 73c69e8a-9bd3-45ee-8ac9-6e361d860e2f for 155759ms bf9845cc-5491-4380-971d-60a5c36fd440 for 155761ms
2019-09-17 13:44:43,302 [EventQueue-PipelineActionsForPipelineActionHandler] INFO  pipeline.SCMPipelineManager (SCMPipelineManager.java:finalizeAndDestroyPipeline(311)) - destroying pipeline:Pipeline[ Id: 035cdd69-bb9b-4d06-9aec-8a5a189d8196, Nodes: bf9845cc-5491-4380-971d-60a5c36fd440{ip: 192.168.5.130, host: pr-hdds-2136-chhj8-2666454444, networkLocation: /default-rack, certSerialId: null}73c69e8a-9bd3-45ee-8ac9-6e361d860e2f{ip: 192.168.5.130, host: pr-hdds-2136-chhj8-2666454444, networkLocation: /default-rack, certSerialId: null}235b1c08-2c3c-45bc-ab7f-b19a657e57f0{ip: 192.168.5.130, host: pr-hdds-2136-chhj8-2666454444, networkLocation: /default-rack, certSerialId: null}, Type:RATIS, Factor:THREE, State:CLOSED]
2019-09-17 13:44:43,315 [java.util.concurrent.ThreadPoolExecutor$Worker@2c96aea2[State = -1, empty queue]] WARN  server.GrpcLogAppender (GrpcLogAppender.java:timeoutAppendRequest(200)) - 235b1c08-2c3c-45bc-ab7f-b19a657e57f0@group-8A5A189D8196->73c69e8a-9bd3-45ee-8ac9-6e361d860e2f-GrpcLogAppender: appendEntries Timeout, request=235b1c08-2c3c-45bc-ab7f-b19a657e57f0->73c69e8a-9bd3-45ee-8ac9-6e361d860e2f#99-t4, previous=(t:4, i:37), leaderCommit=32, initializing? false, entries: <empty>
2019-09-17 13:44:43,315 [java.util.concurrent.ThreadPoolExecutor$Worker@23a99472[State = -1, empty queue]] WARN  server.GrpcLogAppender (GrpcLogAppender.java:timeoutAppendRequest(200)) - 235b1c08-2c3c-45bc-ab7f-b19a657e57f0@group-8A5A189D8196->bf9845cc-5491-4380-971d-60a5c36fd440-GrpcLogAppender: appendEntries Timeout, request=235b1c08-2c3c-45bc-ab7f-b19a657e57f0->bf9845cc-5491-4380-971d-60a5c36fd440#99-t4, previous=(t:4, i:37), leaderCommit=32, initializing? false, entries: <empty>
2019-09-17 13:44:43,886 [grpc-default-executor-2] INFO  client.GrpcClientProtocolClient (GrpcClientProtocolClient.java:onNext(264)) - client-B79E81ABE48D->bf9845cc-5491-4380-971d-60a5c36fd440: receive RaftClientReply:client-B79E81ABE48D->bf9845cc-5491-4380-971d-60a5c36fd440@group-8A5A189D8196, cid=28, FAILED org.apache.ratis.protocol.NotLeaderException: Server bf9845cc-5491-4380-971d-60a5c36fd440@group-8A5A189D8196 is not the leader 235b1c08-2c3c-45bc-ab7f-b19a657e57f0:192.168.5.130:39322, logIndex=0, commits[bf9845cc-5491-4380-971d-60a5c36fd440:c32, 73c69e8a-9bd3-45ee-8ac9-6e361d860e2f:c28, 235b1c08-2c3c-45bc-ab7f-b19a657e57f0:c32]
 0.00% |█                                                                                                    |  0/1 Time: 0:02:54 0.00% |█                                                                                                    |  0/1 Time: 0:02:552019-09-17 13:44:45,317 [org.apache.ratis.server.impl.LogAppender$AppenderDaemon$$Lambda$512/1779790241@51703f4c] ERROR ratis.XceiverServerRatis (XceiverServerRatis.java:triggerPipelineClose(575)) - pipeline Action CLOSE  on pipeline PipelineID=035cdd69-bb9b-4d06-9aec-8a5a189d8196.Reason : 235b1c08-2c3c-45bc-ab7f-b19a657e57f0 has not seen follower/s 73c69e8a-9bd3-45ee-8ac9-6e361d860e2f for 158260ms bf9845cc-5491-4380-971d-60a5c36fd440 for 158262ms
2019-09-17 13:44:45,317 [org.apache.ratis.server.impl.LogAppender$AppenderDaemon$$Lambda$512/1779790241@1a5926d9] ERROR ratis.XceiverServerRatis (XceiverServerRatis.java:triggerPipelineClose(575)) - pipeline Action CLOSE  on pipeline PipelineID=035cdd69-bb9b-4d06-9aec-8a5a189d8196.Reason : 235b1c08-2c3c-45bc-ab7f-b19a657e57f0 has not seen follower/s 73c69e8a-9bd3-45ee-8ac9-6e361d860e2f for 158260ms bf9845cc-5491-4380-971d-60a5c36fd440 for 158262ms
2019-09-17 13:44:45,816 [java.util.concurrent.ThreadPoolExecutor$Worker@23a99472[State = -1, empty queue]] WARN  server.GrpcLogAppender (GrpcLogAppender.java:timeoutAppendRequest(200)) - 235b1c08-2c3c-45bc-ab7f-b19a657e57f0@group-8A5A189D8196->bf9845cc-5491-4380-971d-60a5c36fd440-GrpcLogAppender: appendEntries Timeout, request=235b1c08-2c3c-45bc-ab7f-b19a657e57f0->bf9845cc-5491-4380-971d-60a5c36fd440#100-t4, previous=(t:4, i:37), leaderCommit=32, initializing? false, entries: <empty>
2019-09-17 13:44:45,816 [java.util.concurrent.ThreadPoolExecutor$Worker@2c96aea2[State = -1, empty queue]] WARN  server.GrpcLogAppender (GrpcLogAppender.java:timeoutAppendRequest(200)) - 235b1c08-2c3c-45bc-ab7f-b19a657e57f0@group-8A5A189D8196->73c69e8a-9bd3-45ee-8ac9-6e361d860e2f-GrpcLogAppender: appendEntries Timeout, request=235b1c08-2c3c-45bc-ab7f-b19a657e57f0->73c69e8a-9bd3-45ee-8ac9-6e361d860e2f#100-t4, previous=(t:4, i:37), leaderCommit=32, initializing? false, entries: <empty>
 0.00% |█                                                                                                    |  0/1 Time: 0:02:562019-09-17 13:44:46,302 [EventQueue-PipelineActionsForPipelineActionHandler] ERROR pipeline.PipelineActionHandler (PipelineActionHandler.java:onMessage(60)) - Received pipeline action CLOSE for Pipeline[ Id: 035cdd69-bb9b-4d06-9aec-8a5a189d8196, Nodes: bf9845cc-5491-4380-971d-60a5c36fd440{ip: 192.168.5.130, host: pr-hdds-2136-chhj8-2666454444, networkLocation: /default-rack, certSerialId: null}73c69e8a-9bd3-45ee-8ac9-6e361d860e2f{ip: 192.168.5.130, host: pr-hdds-2136-chhj8-2666454444, networkLocation: /default-rack, certSerialId: null}235b1c08-2c3c-45bc-ab7f-b19a657e57f0{ip: 192.168.5.130, host: pr-hdds-2136-chhj8-2666454444, networkLocation: /default-rack, certSerialId: null}, Type:RATIS, Factor:THREE, State:CLOSED] from datanode 235b1c08-2c3c-45bc-ab7f-b19a657e57f0{ip: 192.168.5.130, host: pr-hdds-2136-chhj8-2666454444, networkLocation: /default-rack, certSerialId: null}. Reason : 235b1c08-2c3c-45bc-ab7f-b19a657e57f0 has not seen follower/s 73c69e8a-9bd3-45ee-8ac9-6e361d860e2f for 158260ms bf9845cc-5491-4380-971d-60a5c36fd440 for 158262ms
2019-09-17 13:44:46,303 [EventQueue-PipelineActionsForPipelineActionHandler] INFO  pipeline.SCMPipelineManager (SCMPipelineManager.java:finalizeAndDestroyPipeline(311)) - destroying pipeline:Pipeline[ Id: 035cdd69-bb9b-4d06-9aec-8a5a189d8196, Nodes: bf9845cc-5491-4380-971d-60a5c36fd440{ip: 192.168.5.130, host: pr-hdds-2136-chhj8-2666454444, networkLocation: /default-rack, certSerialId: null}73c69e8a-9bd3-45ee-8ac9-6e361d860e2f{ip: 192.168.5.130, host: pr-hdds-2136-chhj8-2666454444, networkLocation: /default-rack, certSerialId: null}235b1c08-2c3c-45bc-ab7f-b19a657e57f0{ip: 192.168.5.130, host: pr-hdds-2136-chhj8-2666454444, networkLocation: /default-rack, certSerialId: null}, Type:RATIS, Factor:THREE, State:CLOSED]
 0.00% |█                                                                                                    |  0/1 Time: 0:02:572019-09-17 13:44:47,278 [bf9845cc-5491-4380-971d-60a5c36fd440@group-8A5A189D8196-SegmentedRaftLogWorker] WARN  segmented.SegmentedRaftLogWorker (SegmentedRaftLogWorker.java:getFromFuture(90)) - Timeout 15/~
org.apache.ratis.protocol.TimeoutIOException: Timeout 10s: WriteLog:35: (t:4, i:35), STATEMACHINELOGENTRY, client-B79E81ABE48D, cid=30-writeStateMachineData
	at org.apache.ratis.util.IOUtils.getFromFuture(IOUtils.java:87)
	at org.apache.ratis.server.raftlog.segmented.SegmentedRaftLogWorker$StateMachineDataPolicy.getFromFuture(SegmentedRaftLogWorker.java:87)
	at org.apache.ratis.server.raftlog.segmented.SegmentedRaftLogWorker$WriteLog.execute(SegmentedRaftLogWorker.java:477)
	at org.apache.ratis.server.raftlog.segmented.SegmentedRaftLogWorker.run(SegmentedRaftLogWorker.java:289)
	at java.lang.Thread.run(Thread.java:748)
Caused by: java.util.concurrent.TimeoutException
	at java.util.concurrent.CompletableFuture.timedGet(CompletableFuture.java:1771)
	at java.util.concurrent.CompletableFuture.get(CompletableFuture.java:1915)
	at org.apache.ratis.util.IOUtils.getFromFuture(IOUtils.java:79)
	... 4 more
2019-09-17 13:44:47,296 [235b1c08-2c3c-45bc-ab7f-b19a657e57f0@group-8A5A189D8196-SegmentedRaftLogWorker] WARN  segmented.SegmentedRaftLogWorker (SegmentedRaftLogWorker.java:getFromFuture(90)) - Timeout 15/~
org.apache.ratis.protocol.TimeoutIOException: Timeout 10s: WriteLog:35: (t:4, i:35), STATEMACHINELOGENTRY, client-B79E81ABE48D, cid=30-writeStateMachineData
	at org.apache.ratis.util.IOUtils.getFromFuture(IOUtils.java:87)
	at org.apache.ratis.server.raftlog.segmented.SegmentedRaftLogWorker$StateMachineDataPolicy.getFromFuture(SegmentedRaftLogWorker.java:87)
	at org.apache.ratis.server.raftlog.segmented.SegmentedRaftLogWorker$WriteLog.execute(SegmentedRaftLogWorker.java:477)
	at org.apache.ratis.server.raftlog.segmented.SegmentedRaftLogWorker.run(SegmentedRaftLogWorker.java:289)
	at java.lang.Thread.run(Thread.java:748)
Caused by: java.util.concurrent.TimeoutException
	at java.util.concurrent.CompletableFuture.timedGet(CompletableFuture.java:1771)
	at java.util.concurrent.CompletableFuture.get(CompletableFuture.java:1915)
	at org.apache.ratis.util.IOUtils.getFromFuture(IOUtils.java:79)
	... 4 more
2019-09-17 13:44:47,296 [73c69e8a-9bd3-45ee-8ac9-6e361d860e2f@group-8A5A189D8196-SegmentedRaftLogWorker] WARN  segmented.SegmentedRaftLogWorker (SegmentedRaftLogWorker.java:getFromFuture(90)) - Timeout 15/~
org.apache.ratis.protocol.TimeoutIOException: Timeout 10s: WriteLog:35: (t:4, i:35), STATEMACHINELOGENTRY, client-B79E81ABE48D, cid=30-writeStateMachineData
	at org.apache.ratis.util.IOUtils.getFromFuture(IOUtils.java:87)
	at org.apache.ratis.server.raftlog.segmented.SegmentedRaftLogWorker$StateMachineDataPolicy.getFromFuture(SegmentedRaftLogWorker.java:87)
	at org.apache.ratis.server.raftlog.segmented.SegmentedRaftLogWorker$WriteLog.execute(SegmentedRaftLogWorker.java:477)
	at org.apache.ratis.server.raftlog.segmented.SegmentedRaftLogWorker.run(SegmentedRaftLogWorker.java:289)
	at java.lang.Thread.run(Thread.java:748)
Caused by: java.util.concurrent.TimeoutException
	at java.util.concurrent.CompletableFuture.timedGet(CompletableFuture.java:1771)
	at java.util.concurrent.CompletableFuture.get(CompletableFuture.java:1915)
	at org.apache.ratis.util.IOUtils.getFromFuture(IOUtils.java:79)
	... 4 more
2019-09-17 13:44:47,819 [org.apache.ratis.server.impl.LogAppender$AppenderDaemon$$Lambda$512/1779790241@51703f4c] ERROR ratis.XceiverServerRatis (XceiverServerRatis.java:triggerPipelineClose(575)) - pipeline Action CLOSE  on pipeline PipelineID=035cdd69-bb9b-4d06-9aec-8a5a189d8196.Reason : 235b1c08-2c3c-45bc-ab7f-b19a657e57f0 has not seen follower/s 73c69e8a-9bd3-45ee-8ac9-6e361d860e2f for 160762ms bf9845cc-5491-4380-971d-60a5c36fd440 for 160765ms
2019-09-17 13:44:47,819 [org.apache.ratis.server.impl.LogAppender$AppenderDaemon$$Lambda$512/1779790241@1a5926d9] ERROR ratis.XceiverServerRatis (XceiverServerRatis.java:triggerPipelineClose(575)) - pipeline Action CLOSE  on pipeline PipelineID=035cdd69-bb9b-4d06-9aec-8a5a189d8196.Reason : 235b1c08-2c3c-45bc-ab7f-b19a657e57f0 has not seen follower/s 73c69e8a-9bd3-45ee-8ac9-6e361d860e2f for 160762ms bf9845cc-5491-4380-971d-60a5c36fd440 for 160765ms
 0.00% |█                                                                                                    |  0/1 Time: 0:02:582019-09-17 13:44:48,309 [EventQueue-PipelineActionsForPipelineActionHandler] ERROR pipeline.PipelineActionHandler (PipelineActionHandler.java:onMessage(60)) - Received pipeline action CLOSE for Pipeline[ Id: 035cdd69-bb9b-4d06-9aec-8a5a189d8196, Nodes: bf9845cc-5491-4380-971d-60a5c36fd440{ip: 192.168.5.130, host: pr-hdds-2136-chhj8-2666454444, networkLocation: /default-rack, certSerialId: null}73c69e8a-9bd3-45ee-8ac9-6e361d860e2f{ip: 192.168.5.130, host: pr-hdds-2136-chhj8-2666454444, networkLocation: /default-rack, certSerialId: null}235b1c08-2c3c-45bc-ab7f-b19a657e57f0{ip: 192.168.5.130, host: pr-hdds-2136-chhj8-2666454444, networkLocation: /default-rack, certSerialId: null}, Type:RATIS, Factor:THREE, State:CLOSED] from datanode 235b1c08-2c3c-45bc-ab7f-b19a657e57f0{ip: 192.168.5.130, host: pr-hdds-2136-chhj8-2666454444, networkLocation: /default-rack, certSerialId: null}. Reason : 235b1c08-2c3c-45bc-ab7f-b19a657e57f0 has not seen follower/s 73c69e8a-9bd3-45ee-8ac9-6e361d860e2f for 160762ms bf9845cc-5491-4380-971d-60a5c36fd440 for 160765ms
2019-09-17 13:44:48,309 [EventQueue-PipelineActionsForPipelineActionHandler] INFO  pipeline.SCMPipelineManager (SCMPipelineManager.java:finalizeAndDestroyPipeline(311)) - destroying pipeline:Pipeline[ Id: 035cdd69-bb9b-4d06-9aec-8a5a189d8196, Nodes: bf9845cc-5491-4380-971d-60a5c36fd440{ip: 192.168.5.130, host: pr-hdds-2136-chhj8-2666454444, networkLocation: /default-rack, certSerialId: null}73c69e8a-9bd3-45ee-8ac9-6e361d860e2f{ip: 192.168.5.130, host: pr-hdds-2136-chhj8-2666454444, networkLocation: /default-rack, certSerialId: null}235b1c08-2c3c-45bc-ab7f-b19a657e57f0{ip: 192.168.5.130, host: pr-hdds-2136-chhj8-2666454444, networkLocation: /default-rack, certSerialId: null}, Type:RATIS, Factor:THREE, State:CLOSED]
2019-09-17 13:44:48,317 [java.util.concurrent.ThreadPoolExecutor$Worker@23a99472[State = -1, empty queue]] WARN  server.GrpcLogAppender (GrpcLogAppender.java:timeoutAppendRequest(200)) - 235b1c08-2c3c-45bc-ab7f-b19a657e57f0@group-8A5A189D8196->bf9845cc-5491-4380-971d-60a5c36fd440-GrpcLogAppender: appendEntries Timeout, request=235b1c08-2c3c-45bc-ab7f-b19a657e57f0->bf9845cc-5491-4380-971d-60a5c36fd440#101-t4, previous=(t:4, i:37), leaderCommit=32, initializing? false, entries: <empty>
2019-09-17 13:44:48,317 [java.util.concurrent.ThreadPoolExecutor$Worker@2c96aea2[State = -1, empty queue]] WARN  server.GrpcLogAppender (GrpcLogAppender.java:timeoutAppendRequest(200)) - 235b1c08-2c3c-45bc-ab7f-b19a657e57f0@group-8A5A189D8196->73c69e8a-9bd3-45ee-8ac9-6e361d860e2f-GrpcLogAppender: appendEntries Timeout, request=235b1c08-2c3c-45bc-ab7f-b19a657e57f0->73c69e8a-9bd3-45ee-8ac9-6e361d860e2f#101-t4, previous=(t:4, i:37), leaderCommit=32, initializing? false, entries: <empty>
2019-09-17 13:44:48,933 [grpc-default-executor-3] INFO  client.GrpcClientProtocolClient (GrpcClientProtocolClient.java:onNext(264)) - client-B79E81ABE48D->bf9845cc-5491-4380-971d-60a5c36fd440: receive RaftClientReply:client-B79E81ABE48D->bf9845cc-5491-4380-971d-60a5c36fd440@group-8A5A189D8196, cid=28, FAILED org.apache.ratis.protocol.NotLeaderException: Server bf9845cc-5491-4380-971d-60a5c36fd440@group-8A5A189D8196 is not the leader 235b1c08-2c3c-45bc-ab7f-b19a657e57f0:192.168.5.130:39322, logIndex=0, commits[bf9845cc-5491-4380-971d-60a5c36fd440:c32, 73c69e8a-9bd3-45ee-8ac9-6e361d860e2f:c28, 235b1c08-2c3c-45bc-ab7f-b19a657e57f0:c32]
 0.00% |█                                                                                                    |  0/1 Time: 0:02:59 0.00% |█                                                                                                    |  0/1 Time: 0:03:002019-09-17 13:44:50,321 [org.apache.ratis.server.impl.LogAppender$AppenderDaemon$$Lambda$512/1779790241@1a5926d9] ERROR ratis.XceiverServerRatis (XceiverServerRatis.java:triggerPipelineClose(575)) - pipeline Action CLOSE  on pipeline PipelineID=035cdd69-bb9b-4d06-9aec-8a5a189d8196.Reason : 235b1c08-2c3c-45bc-ab7f-b19a657e57f0 has not seen follower/s 73c69e8a-9bd3-45ee-8ac9-6e361d860e2f for 163263ms bf9845cc-5491-4380-971d-60a5c36fd440 for 163266ms
2019-09-17 13:44:50,321 [org.apache.ratis.server.impl.LogAppender$AppenderDaemon$$Lambda$512/1779790241@51703f4c] ERROR ratis.XceiverServerRatis (XceiverServerRatis.java:triggerPipelineClose(575)) - pipeline Action CLOSE  on pipeline PipelineID=035cdd69-bb9b-4d06-9aec-8a5a189d8196.Reason : 235b1c08-2c3c-45bc-ab7f-b19a657e57f0 has not seen follower/s 73c69e8a-9bd3-45ee-8ac9-6e361d860e2f for 163263ms bf9845cc-5491-4380-971d-60a5c36fd440 for 163266ms
2019-09-17 13:44:50,819 [java.util.concurrent.ThreadPoolExecutor$Worker@23a99472[State = -1, empty queue]] WARN  server.GrpcLogAppender (GrpcLogAppender.java:timeoutAppendRequest(200)) - 235b1c08-2c3c-45bc-ab7f-b19a657e57f0@group-8A5A189D8196->bf9845cc-5491-4380-971d-60a5c36fd440-GrpcLogAppender: appendEntries Timeout, request=235b1c08-2c3c-45bc-ab7f-b19a657e57f0->bf9845cc-5491-4380-971d-60a5c36fd440#102-t4, previous=(t:4, i:37), leaderCommit=32, initializing? false, entries: <empty>
2019-09-17 13:44:50,819 [java.util.concurrent.ThreadPoolExecutor$Worker@2c96aea2[State = -1, empty queue]] WARN  server.GrpcLogAppender (GrpcLogAppender.java:timeoutAppendRequest(200)) - 235b1c08-2c3c-45bc-ab7f-b19a657e57f0@group-8A5A189D8196->73c69e8a-9bd3-45ee-8ac9-6e361d860e2f-GrpcLogAppender: appendEntries Timeout, request=235b1c08-2c3c-45bc-ab7f-b19a657e57f0->73c69e8a-9bd3-45ee-8ac9-6e361d860e2f#102-t4, previous=(t:4, i:37), leaderCommit=32, initializing? false, entries: <empty>
 0.00% |█                                                                                                    |  0/1 Time: 0:03:012019-09-17 13:44:51,309 [EventQueue-PipelineActionsForPipelineActionHandler] ERROR pipeline.PipelineActionHandler (PipelineActionHandler.java:onMessage(60)) - Received pipeline action CLOSE for Pipeline[ Id: 035cdd69-bb9b-4d06-9aec-8a5a189d8196, Nodes: bf9845cc-5491-4380-971d-60a5c36fd440{ip: 192.168.5.130, host: pr-hdds-2136-chhj8-2666454444, networkLocation: /default-rack, certSerialId: null}73c69e8a-9bd3-45ee-8ac9-6e361d860e2f{ip: 192.168.5.130, host: pr-hdds-2136-chhj8-2666454444, networkLocation: /default-rack, certSerialId: null}235b1c08-2c3c-45bc-ab7f-b19a657e57f0{ip: 192.168.5.130, host: pr-hdds-2136-chhj8-2666454444, networkLocation: /default-rack, certSerialId: null}, Type:RATIS, Factor:THREE, State:CLOSED] from datanode 235b1c08-2c3c-45bc-ab7f-b19a657e57f0{ip: 192.168.5.130, host: pr-hdds-2136-chhj8-2666454444, networkLocation: /default-rack, certSerialId: null}. Reason : 235b1c08-2c3c-45bc-ab7f-b19a657e57f0 has not seen follower/s 73c69e8a-9bd3-45ee-8ac9-6e361d860e2f for 163263ms bf9845cc-5491-4380-971d-60a5c36fd440 for 163266ms
2019-09-17 13:44:51,309 [EventQueue-PipelineActionsForPipelineActionHandler] INFO  pipeline.SCMPipelineManager (SCMPipelineManager.java:finalizeAndDestroyPipeline(311)) - destroying pipeline:Pipeline[ Id: 035cdd69-bb9b-4d06-9aec-8a5a189d8196, Nodes: bf9845cc-5491-4380-971d-60a5c36fd440{ip: 192.168.5.130, host: pr-hdds-2136-chhj8-2666454444, networkLocation: /default-rack, certSerialId: null}73c69e8a-9bd3-45ee-8ac9-6e361d860e2f{ip: 192.168.5.130, host: pr-hdds-2136-chhj8-2666454444, networkLocation: /default-rack, certSerialId: null}235b1c08-2c3c-45bc-ab7f-b19a657e57f0{ip: 192.168.5.130, host: pr-hdds-2136-chhj8-2666454444, networkLocation: /default-rack, certSerialId: null}, Type:RATIS, Factor:THREE, State:CLOSED]
 0.00% |█                                                                                                    |  0/1 Time: 0:03:022019-09-17 13:44:52,821 [org.apache.ratis.server.impl.LogAppender$AppenderDaemon$$Lambda$512/1779790241@51703f4c] ERROR ratis.XceiverServerRatis (XceiverServerRatis.java:triggerPipelineClose(575)) - pipeline Action CLOSE  on pipeline PipelineID=035cdd69-bb9b-4d06-9aec-8a5a189d8196.Reason : 235b1c08-2c3c-45bc-ab7f-b19a657e57f0 has not seen follower/s 73c69e8a-9bd3-45ee-8ac9-6e361d860e2f for 165764ms bf9845cc-5491-4380-971d-60a5c36fd440 for 165767ms
2019-09-17 13:44:52,821 [org.apache.ratis.server.impl.LogAppender$AppenderDaemon$$Lambda$512/1779790241@1a5926d9] ERROR ratis.XceiverServerRatis (XceiverServerRatis.java:triggerPipelineClose(575)) - pipeline Action CLOSE  on pipeline PipelineID=035cdd69-bb9b-4d06-9aec-8a5a189d8196.Reason : 235b1c08-2c3c-45bc-ab7f-b19a657e57f0 has not seen follower/s 73c69e8a-9bd3-45ee-8ac9-6e361d860e2f for 165764ms bf9845cc-5491-4380-971d-60a5c36fd440 for 165767ms
 0.00% |█                                                                                                    |  0/1 Time: 0:03:032019-09-17 13:44:53,308 [EventQueue-PipelineActionsForPipelineActionHandler] ERROR pipeline.PipelineActionHandler (PipelineActionHandler.java:onMessage(60)) - Received pipeline action CLOSE for Pipeline[ Id: 035cdd69-bb9b-4d06-9aec-8a5a189d8196, Nodes: bf9845cc-5491-4380-971d-60a5c36fd440{ip: 192.168.5.130, host: pr-hdds-2136-chhj8-2666454444, networkLocation: /default-rack, certSerialId: null}73c69e8a-9bd3-45ee-8ac9-6e361d860e2f{ip: 192.168.5.130, host: pr-hdds-2136-chhj8-2666454444, networkLocation: /default-rack, certSerialId: null}235b1c08-2c3c-45bc-ab7f-b19a657e57f0{ip: 192.168.5.130, host: pr-hdds-2136-chhj8-2666454444, networkLocation: /default-rack, certSerialId: null}, Type:RATIS, Factor:THREE, State:CLOSED] from datanode 235b1c08-2c3c-45bc-ab7f-b19a657e57f0{ip: 192.168.5.130, host: pr-hdds-2136-chhj8-2666454444, networkLocation: /default-rack, certSerialId: null}. Reason : 235b1c08-2c3c-45bc-ab7f-b19a657e57f0 has not seen follower/s 73c69e8a-9bd3-45ee-8ac9-6e361d860e2f for 165764ms bf9845cc-5491-4380-971d-60a5c36fd440 for 165767ms
2019-09-17 13:44:53,308 [EventQueue-PipelineActionsForPipelineActionHandler] INFO  pipeline.SCMPipelineManager (SCMPipelineManager.java:finalizeAndDestroyPipeline(311)) - destroying pipeline:Pipeline[ Id: 035cdd69-bb9b-4d06-9aec-8a5a189d8196, Nodes: bf9845cc-5491-4380-971d-60a5c36fd440{ip: 192.168.5.130, host: pr-hdds-2136-chhj8-2666454444, networkLocation: /default-rack, certSerialId: null}73c69e8a-9bd3-45ee-8ac9-6e361d860e2f{ip: 192.168.5.130, host: pr-hdds-2136-chhj8-2666454444, networkLocation: /default-rack, certSerialId: null}235b1c08-2c3c-45bc-ab7f-b19a657e57f0{ip: 192.168.5.130, host: pr-hdds-2136-chhj8-2666454444, networkLocation: /default-rack, certSerialId: null}, Type:RATIS, Factor:THREE, State:CLOSED]
2019-09-17 13:44:53,320 [java.util.concurrent.ThreadPoolExecutor$Worker@2c96aea2[State = -1, empty queue]] WARN  server.GrpcLogAppender (GrpcLogAppender.java:timeoutAppendRequest(200)) - 235b1c08-2c3c-45bc-ab7f-b19a657e57f0@group-8A5A189D8196->73c69e8a-9bd3-45ee-8ac9-6e361d860e2f-GrpcLogAppender: appendEntries Timeout, request=235b1c08-2c3c-45bc-ab7f-b19a657e57f0->73c69e8a-9bd3-45ee-8ac9-6e361d860e2f#103-t4, previous=(t:4, i:37), leaderCommit=32, initializing? false, entries: <empty>
2019-09-17 13:44:53,320 [java.util.concurrent.ThreadPoolExecutor$Worker@23a99472[State = -1, empty queue]] WARN  server.GrpcLogAppender (GrpcLogAppender.java:timeoutAppendRequest(200)) - 235b1c08-2c3c-45bc-ab7f-b19a657e57f0@group-8A5A189D8196->bf9845cc-5491-4380-971d-60a5c36fd440-GrpcLogAppender: appendEntries Timeout, request=235b1c08-2c3c-45bc-ab7f-b19a657e57f0->bf9845cc-5491-4380-971d-60a5c36fd440#103-t4, previous=(t:4, i:37), leaderCommit=32, initializing? false, entries: <empty>
2019-09-17 13:44:53,980 [grpc-default-executor-2] INFO  client.GrpcClientProtocolClient (GrpcClientProtocolClient.java:onNext(264)) - client-B79E81ABE48D->bf9845cc-5491-4380-971d-60a5c36fd440: receive RaftClientReply:client-B79E81ABE48D->bf9845cc-5491-4380-971d-60a5c36fd440@group-8A5A189D8196, cid=28, FAILED org.apache.ratis.protocol.NotLeaderException: Server bf9845cc-5491-4380-971d-60a5c36fd440@group-8A5A189D8196 is not the leader 235b1c08-2c3c-45bc-ab7f-b19a657e57f0:192.168.5.130:39322, logIndex=0, commits[bf9845cc-5491-4380-971d-60a5c36fd440:c32, 73c69e8a-9bd3-45ee-8ac9-6e361d860e2f:c28, 235b1c08-2c3c-45bc-ab7f-b19a657e57f0:c32]
 0.00% |█                                                                                                    |  0/1 Time: 0:03:04 0.00% |█                                                                                                    |  0/1 Time: 0:03:052019-09-17 13:44:55,322 [org.apache.ratis.server.impl.LogAppender$AppenderDaemon$$Lambda$512/1779790241@51703f4c] ERROR ratis.XceiverServerRatis (XceiverServerRatis.java:triggerPipelineClose(575)) - pipeline Action CLOSE  on pipeline PipelineID=035cdd69-bb9b-4d06-9aec-8a5a189d8196.Reason : 235b1c08-2c3c-45bc-ab7f-b19a657e57f0 has not seen follower/s 73c69e8a-9bd3-45ee-8ac9-6e361d860e2f for 168265ms bf9845cc-5491-4380-971d-60a5c36fd440 for 168267ms
2019-09-17 13:44:55,322 [org.apache.ratis.server.impl.LogAppender$AppenderDaemon$$Lambda$512/1779790241@1a5926d9] ERROR ratis.XceiverServerRatis (XceiverServerRatis.java:triggerPipelineClose(575)) - pipeline Action CLOSE  on pipeline PipelineID=035cdd69-bb9b-4d06-9aec-8a5a189d8196.Reason : 235b1c08-2c3c-45bc-ab7f-b19a657e57f0 has not seen follower/s 73c69e8a-9bd3-45ee-8ac9-6e361d860e2f for 168265ms bf9845cc-5491-4380-971d-60a5c36fd440 for 168268ms
2019-09-17 13:44:55,821 [java.util.concurrent.ThreadPoolExecutor$Worker@23a99472[State = -1, empty queue]] WARN  server.GrpcLogAppender (GrpcLogAppender.java:timeoutAppendRequest(200)) - 235b1c08-2c3c-45bc-ab7f-b19a657e57f0@group-8A5A189D8196->bf9845cc-5491-4380-971d-60a5c36fd440-GrpcLogAppender: appendEntries Timeout, request=235b1c08-2c3c-45bc-ab7f-b19a657e57f0->bf9845cc-5491-4380-971d-60a5c36fd440#104-t4, previous=(t:4, i:37), leaderCommit=32, initializing? false, entries: <empty>
2019-09-17 13:44:55,821 [java.util.concurrent.ThreadPoolExecutor$Worker@2c96aea2[State = -1, empty queue]] WARN  server.GrpcLogAppender (GrpcLogAppender.java:timeoutAppendRequest(200)) - 235b1c08-2c3c-45bc-ab7f-b19a657e57f0@group-8A5A189D8196->73c69e8a-9bd3-45ee-8ac9-6e361d860e2f-GrpcLogAppender: appendEntries Timeout, request=235b1c08-2c3c-45bc-ab7f-b19a657e57f0->73c69e8a-9bd3-45ee-8ac9-6e361d860e2f#104-t4, previous=(t:4, i:37), leaderCommit=32, initializing? false, entries: <empty>
 0.00% |█                                                                                                    |  0/1 Time: 0:03:062019-09-17 13:44:56,309 [EventQueue-PipelineActionsForPipelineActionHandler] ERROR pipeline.PipelineActionHandler (PipelineActionHandler.java:onMessage(60)) - Received pipeline action CLOSE for Pipeline[ Id: 035cdd69-bb9b-4d06-9aec-8a5a189d8196, Nodes: bf9845cc-5491-4380-971d-60a5c36fd440{ip: 192.168.5.130, host: pr-hdds-2136-chhj8-2666454444, networkLocation: /default-rack, certSerialId: null}73c69e8a-9bd3-45ee-8ac9-6e361d860e2f{ip: 192.168.5.130, host: pr-hdds-2136-chhj8-2666454444, networkLocation: /default-rack, certSerialId: null}235b1c08-2c3c-45bc-ab7f-b19a657e57f0{ip: 192.168.5.130, host: pr-hdds-2136-chhj8-2666454444, networkLocation: /default-rack, certSerialId: null}, Type:RATIS, Factor:THREE, State:CLOSED] from datanode 235b1c08-2c3c-45bc-ab7f-b19a657e57f0{ip: 192.168.5.130, host: pr-hdds-2136-chhj8-2666454444, networkLocation: /default-rack, certSerialId: null}. Reason : 235b1c08-2c3c-45bc-ab7f-b19a657e57f0 has not seen follower/s 73c69e8a-9bd3-45ee-8ac9-6e361d860e2f for 168265ms bf9845cc-5491-4380-971d-60a5c36fd440 for 168267ms
2019-09-17 13:44:56,309 [EventQueue-PipelineActionsForPipelineActionHandler] INFO  pipeline.SCMPipelineManager (SCMPipelineManager.java:finalizeAndDestroyPipeline(311)) - destroying pipeline:Pipeline[ Id: 035cdd69-bb9b-4d06-9aec-8a5a189d8196, Nodes: bf9845cc-5491-4380-971d-60a5c36fd440{ip: 192.168.5.130, host: pr-hdds-2136-chhj8-2666454444, networkLocation: /default-rack, certSerialId: null}73c69e8a-9bd3-45ee-8ac9-6e361d860e2f{ip: 192.168.5.130, host: pr-hdds-2136-chhj8-2666454444, networkLocation: /default-rack, certSerialId: null}235b1c08-2c3c-45bc-ab7f-b19a657e57f0{ip: 192.168.5.130, host: pr-hdds-2136-chhj8-2666454444, networkLocation: /default-rack, certSerialId: null}, Type:RATIS, Factor:THREE, State:CLOSED]
 0.00% |█                                                                                                    |  0/1 Time: 0:03:072019-09-17 13:44:57,280 [bf9845cc-5491-4380-971d-60a5c36fd440@group-8A5A189D8196-SegmentedRaftLogWorker] WARN  segmented.SegmentedRaftLogWorker (SegmentedRaftLogWorker.java:getFromFuture(90)) - Timeout 16/~
org.apache.ratis.protocol.TimeoutIOException: Timeout 10s: WriteLog:35: (t:4, i:35), STATEMACHINELOGENTRY, client-B79E81ABE48D, cid=30-writeStateMachineData
	at org.apache.ratis.util.IOUtils.getFromFuture(IOUtils.java:87)
	at org.apache.ratis.server.raftlog.segmented.SegmentedRaftLogWorker$StateMachineDataPolicy.getFromFuture(SegmentedRaftLogWorker.java:87)
	at org.apache.ratis.server.raftlog.segmented.SegmentedRaftLogWorker$WriteLog.execute(SegmentedRaftLogWorker.java:477)
	at org.apache.ratis.server.raftlog.segmented.SegmentedRaftLogWorker.run(SegmentedRaftLogWorker.java:289)
	at java.lang.Thread.run(Thread.java:748)
Caused by: java.util.concurrent.TimeoutException
	at java.util.concurrent.CompletableFuture.timedGet(CompletableFuture.java:1771)
	at java.util.concurrent.CompletableFuture.get(CompletableFuture.java:1915)
	at org.apache.ratis.util.IOUtils.getFromFuture(IOUtils.java:79)
	... 4 more
2019-09-17 13:44:57,310 [235b1c08-2c3c-45bc-ab7f-b19a657e57f0@group-8A5A189D8196-SegmentedRaftLogWorker] WARN  segmented.SegmentedRaftLogWorker (SegmentedRaftLogWorker.java:getFromFuture(90)) - Timeout 16/~
org.apache.ratis.protocol.TimeoutIOException: Timeout 10s: WriteLog:35: (t:4, i:35), STATEMACHINELOGENTRY, client-B79E81ABE48D, cid=30-writeStateMachineData
	at org.apache.ratis.util.IOUtils.getFromFuture(IOUtils.java:87)
	at org.apache.ratis.server.raftlog.segmented.SegmentedRaftLogWorker$StateMachineDataPolicy.getFromFuture(SegmentedRaftLogWorker.java:87)
	at org.apache.ratis.server.raftlog.segmented.SegmentedRaftLogWorker$WriteLog.execute(SegmentedRaftLogWorker.java:477)
	at org.apache.ratis.server.raftlog.segmented.SegmentedRaftLogWorker.run(SegmentedRaftLogWorker.java:289)
	at java.lang.Thread.run(Thread.java:748)
Caused by: java.util.concurrent.TimeoutException
	at java.util.concurrent.CompletableFuture.timedGet(CompletableFuture.java:1771)
	at java.util.concurrent.CompletableFuture.get(CompletableFuture.java:1915)
	at org.apache.ratis.util.IOUtils.getFromFuture(IOUtils.java:79)
	... 4 more
2019-09-17 13:44:57,311 [73c69e8a-9bd3-45ee-8ac9-6e361d860e2f@group-8A5A189D8196-SegmentedRaftLogWorker] WARN  segmented.SegmentedRaftLogWorker (SegmentedRaftLogWorker.java:getFromFuture(90)) - Timeout 16/~
org.apache.ratis.protocol.TimeoutIOException: Timeout 10s: WriteLog:35: (t:4, i:35), STATEMACHINELOGENTRY, client-B79E81ABE48D, cid=30-writeStateMachineData
	at org.apache.ratis.util.IOUtils.getFromFuture(IOUtils.java:87)
	at org.apache.ratis.server.raftlog.segmented.SegmentedRaftLogWorker$StateMachineDataPolicy.getFromFuture(SegmentedRaftLogWorker.java:87)
	at org.apache.ratis.server.raftlog.segmented.SegmentedRaftLogWorker$WriteLog.execute(SegmentedRaftLogWorker.java:477)
	at org.apache.ratis.server.raftlog.segmented.SegmentedRaftLogWorker.run(SegmentedRaftLogWorker.java:289)
	at java.lang.Thread.run(Thread.java:748)
Caused by: java.util.concurrent.TimeoutException
	at java.util.concurrent.CompletableFuture.timedGet(CompletableFuture.java:1771)
	at java.util.concurrent.CompletableFuture.get(CompletableFuture.java:1915)
	at org.apache.ratis.util.IOUtils.getFromFuture(IOUtils.java:79)
	... 4 more
2019-09-17 13:44:57,824 [org.apache.ratis.server.impl.LogAppender$AppenderDaemon$$Lambda$512/1779790241@1a5926d9] ERROR ratis.XceiverServerRatis (XceiverServerRatis.java:triggerPipelineClose(575)) - pipeline Action CLOSE  on pipeline PipelineID=035cdd69-bb9b-4d06-9aec-8a5a189d8196.Reason : 235b1c08-2c3c-45bc-ab7f-b19a657e57f0 has not seen follower/s 73c69e8a-9bd3-45ee-8ac9-6e361d860e2f for 170767ms bf9845cc-5491-4380-971d-60a5c36fd440 for 170770ms
2019-09-17 13:44:57,824 [org.apache.ratis.server.impl.LogAppender$AppenderDaemon$$Lambda$512/1779790241@51703f4c] ERROR ratis.XceiverServerRatis (XceiverServerRatis.java:triggerPipelineClose(575)) - pipeline Action CLOSE  on pipeline PipelineID=035cdd69-bb9b-4d06-9aec-8a5a189d8196.Reason : 235b1c08-2c3c-45bc-ab7f-b19a657e57f0 has not seen follower/s 73c69e8a-9bd3-45ee-8ac9-6e361d860e2f for 170767ms bf9845cc-5491-4380-971d-60a5c36fd440 for 170770ms
 0.00% |█                                                                                                    |  0/1 Time: 0:03:082019-09-17 13:44:58,310 [EventQueue-PipelineActionsForPipelineActionHandler] ERROR pipeline.PipelineActionHandler (PipelineActionHandler.java:onMessage(60)) - Received pipeline action CLOSE for Pipeline[ Id: 035cdd69-bb9b-4d06-9aec-8a5a189d8196, Nodes: bf9845cc-5491-4380-971d-60a5c36fd440{ip: 192.168.5.130, host: pr-hdds-2136-chhj8-2666454444, networkLocation: /default-rack, certSerialId: null}73c69e8a-9bd3-45ee-8ac9-6e361d860e2f{ip: 192.168.5.130, host: pr-hdds-2136-chhj8-2666454444, networkLocation: /default-rack, certSerialId: null}235b1c08-2c3c-45bc-ab7f-b19a657e57f0{ip: 192.168.5.130, host: pr-hdds-2136-chhj8-2666454444, networkLocation: /default-rack, certSerialId: null}, Type:RATIS, Factor:THREE, State:CLOSED] from datanode 235b1c08-2c3c-45bc-ab7f-b19a657e57f0{ip: 192.168.5.130, host: pr-hdds-2136-chhj8-2666454444, networkLocation: /default-rack, certSerialId: null}. Reason : 235b1c08-2c3c-45bc-ab7f-b19a657e57f0 has not seen follower/s 73c69e8a-9bd3-45ee-8ac9-6e361d860e2f for 170767ms bf9845cc-5491-4380-971d-60a5c36fd440 for 170770ms
2019-09-17 13:44:58,311 [EventQueue-PipelineActionsForPipelineActionHandler] INFO  pipeline.SCMPipelineManager (SCMPipelineManager.java:finalizeAndDestroyPipeline(311)) - destroying pipeline:Pipeline[ Id: 035cdd69-bb9b-4d06-9aec-8a5a189d8196, Nodes: bf9845cc-5491-4380-971d-60a5c36fd440{ip: 192.168.5.130, host: pr-hdds-2136-chhj8-2666454444, networkLocation: /default-rack, certSerialId: null}73c69e8a-9bd3-45ee-8ac9-6e361d860e2f{ip: 192.168.5.130, host: pr-hdds-2136-chhj8-2666454444, networkLocation: /default-rack, certSerialId: null}235b1c08-2c3c-45bc-ab7f-b19a657e57f0{ip: 192.168.5.130, host: pr-hdds-2136-chhj8-2666454444, networkLocation: /default-rack, certSerialId: null}, Type:RATIS, Factor:THREE, State:CLOSED]
2019-09-17 13:44:58,322 [java.util.concurrent.ThreadPoolExecutor$Worker@23a99472[State = -1, empty queue]] WARN  server.GrpcLogAppender (GrpcLogAppender.java:timeoutAppendRequest(200)) - 235b1c08-2c3c-45bc-ab7f-b19a657e57f0@group-8A5A189D8196->bf9845cc-5491-4380-971d-60a5c36fd440-GrpcLogAppender: appendEntries Timeout, request=235b1c08-2c3c-45bc-ab7f-b19a657e57f0->bf9845cc-5491-4380-971d-60a5c36fd440#105-t4, previous=(t:4, i:37), leaderCommit=32, initializing? false, entries: <empty>
2019-09-17 13:44:58,322 [java.util.concurrent.ThreadPoolExecutor$Worker@2c96aea2[State = -1, empty queue]] WARN  server.GrpcLogAppender (GrpcLogAppender.java:timeoutAppendRequest(200)) - 235b1c08-2c3c-45bc-ab7f-b19a657e57f0@group-8A5A189D8196->73c69e8a-9bd3-45ee-8ac9-6e361d860e2f-GrpcLogAppender: appendEntries Timeout, request=235b1c08-2c3c-45bc-ab7f-b19a657e57f0->73c69e8a-9bd3-45ee-8ac9-6e361d860e2f#105-t4, previous=(t:4, i:37), leaderCommit=32, initializing? false, entries: <empty>
2019-09-17 13:44:59,035 [grpc-default-executor-4] INFO  client.GrpcClientProtocolClient (GrpcClientProtocolClient.java:onNext(264)) - client-B79E81ABE48D->73c69e8a-9bd3-45ee-8ac9-6e361d860e2f: receive RaftClientReply:client-B79E81ABE48D->73c69e8a-9bd3-45ee-8ac9-6e361d860e2f@group-8A5A189D8196, cid=28, FAILED org.apache.ratis.protocol.NotLeaderException: Server 73c69e8a-9bd3-45ee-8ac9-6e361d860e2f@group-8A5A189D8196 is not the leader 235b1c08-2c3c-45bc-ab7f-b19a657e57f0:192.168.5.130:39322, logIndex=0, commits[73c69e8a-9bd3-45ee-8ac9-6e361d860e2f:c32, 235b1c08-2c3c-45bc-ab7f-b19a657e57f0:c32, bf9845cc-5491-4380-971d-60a5c36fd440:c28]
 0.00% |█                                                                                                    |  0/1 Time: 0:03:09 0.00% |█                                                                                                    |  0/1 Time: 0:03:102019-09-17 13:45:00,326 [org.apache.ratis.server.impl.LogAppender$AppenderDaemon$$Lambda$512/1779790241@1a5926d9] ERROR ratis.XceiverServerRatis (XceiverServerRatis.java:triggerPipelineClose(575)) - pipeline Action CLOSE  on pipeline PipelineID=035cdd69-bb9b-4d06-9aec-8a5a189d8196.Reason : 235b1c08-2c3c-45bc-ab7f-b19a657e57f0 has not seen follower/s 73c69e8a-9bd3-45ee-8ac9-6e361d860e2f for 173269ms bf9845cc-5491-4380-971d-60a5c36fd440 for 173271ms
2019-09-17 13:45:00,326 [org.apache.ratis.server.impl.LogAppender$AppenderDaemon$$Lambda$512/1779790241@51703f4c] ERROR ratis.XceiverServerRatis (XceiverServerRatis.java:triggerPipelineClose(575)) - pipeline Action CLOSE  on pipeline PipelineID=035cdd69-bb9b-4d06-9aec-8a5a189d8196.Reason : 235b1c08-2c3c-45bc-ab7f-b19a657e57f0 has not seen follower/s 73c69e8a-9bd3-45ee-8ac9-6e361d860e2f for 173269ms bf9845cc-5491-4380-971d-60a5c36fd440 for 173271ms
2019-09-17 13:45:00,824 [java.util.concurrent.ThreadPoolExecutor$Worker@2c96aea2[State = -1, empty queue]] WARN  server.GrpcLogAppender (GrpcLogAppender.java:timeoutAppendRequest(200)) - 235b1c08-2c3c-45bc-ab7f-b19a657e57f0@group-8A5A189D8196->73c69e8a-9bd3-45ee-8ac9-6e361d860e2f-GrpcLogAppender: appendEntries Timeout, request=235b1c08-2c3c-45bc-ab7f-b19a657e57f0->73c69e8a-9bd3-45ee-8ac9-6e361d860e2f#106-t4, previous=(t:4, i:37), leaderCommit=32, initializing? false, entries: <empty>
2019-09-17 13:45:00,824 [java.util.concurrent.ThreadPoolExecutor$Worker@23a99472[State = -1, empty queue]] WARN  server.GrpcLogAppender (GrpcLogAppender.java:timeoutAppendRequest(200)) - 235b1c08-2c3c-45bc-ab7f-b19a657e57f0@group-8A5A189D8196->bf9845cc-5491-4380-971d-60a5c36fd440-GrpcLogAppender: appendEntries Timeout, request=235b1c08-2c3c-45bc-ab7f-b19a657e57f0->bf9845cc-5491-4380-971d-60a5c36fd440#106-t4, previous=(t:4, i:37), leaderCommit=32, initializing? false, entries: <empty>
 0.00% |█                                                                                                    |  0/1 Time: 0:03:112019-09-17 13:45:01,309 [EventQueue-PipelineActionsForPipelineActionHandler] ERROR pipeline.PipelineActionHandler (PipelineActionHandler.java:onMessage(60)) - Received pipeline action CLOSE for Pipeline[ Id: 035cdd69-bb9b-4d06-9aec-8a5a189d8196, Nodes: bf9845cc-5491-4380-971d-60a5c36fd440{ip: 192.168.5.130, host: pr-hdds-2136-chhj8-2666454444, networkLocation: /default-rack, certSerialId: null}73c69e8a-9bd3-45ee-8ac9-6e361d860e2f{ip: 192.168.5.130, host: pr-hdds-2136-chhj8-2666454444, networkLocation: /default-rack, certSerialId: null}235b1c08-2c3c-45bc-ab7f-b19a657e57f0{ip: 192.168.5.130, host: pr-hdds-2136-chhj8-2666454444, networkLocation: /default-rack, certSerialId: null}, Type:RATIS, Factor:THREE, State:CLOSED] from datanode 235b1c08-2c3c-45bc-ab7f-b19a657e57f0{ip: 192.168.5.130, host: pr-hdds-2136-chhj8-2666454444, networkLocation: /default-rack, certSerialId: null}. Reason : 235b1c08-2c3c-45bc-ab7f-b19a657e57f0 has not seen follower/s 73c69e8a-9bd3-45ee-8ac9-6e361d860e2f for 173269ms bf9845cc-5491-4380-971d-60a5c36fd440 for 173271ms
2019-09-17 13:45:01,310 [EventQueue-PipelineActionsForPipelineActionHandler] INFO  pipeline.SCMPipelineManager (SCMPipelineManager.java:finalizeAndDestroyPipeline(311)) - destroying pipeline:Pipeline[ Id: 035cdd69-bb9b-4d06-9aec-8a5a189d8196, Nodes: bf9845cc-5491-4380-971d-60a5c36fd440{ip: 192.168.5.130, host: pr-hdds-2136-chhj8-2666454444, networkLocation: /default-rack, certSerialId: null}73c69e8a-9bd3-45ee-8ac9-6e361d860e2f{ip: 192.168.5.130, host: pr-hdds-2136-chhj8-2666454444, networkLocation: /default-rack, certSerialId: null}235b1c08-2c3c-45bc-ab7f-b19a657e57f0{ip: 192.168.5.130, host: pr-hdds-2136-chhj8-2666454444, networkLocation: /default-rack, certSerialId: null}, Type:RATIS, Factor:THREE, State:CLOSED]
 0.00% |█                                                                                                    |  0/1 Time: 0:03:122019-09-17 13:45:02,828 [org.apache.ratis.server.impl.LogAppender$AppenderDaemon$$Lambda$512/1779790241@1a5926d9] ERROR ratis.XceiverServerRatis (XceiverServerRatis.java:triggerPipelineClose(575)) - pipeline Action CLOSE  on pipeline PipelineID=035cdd69-bb9b-4d06-9aec-8a5a189d8196.Reason : 235b1c08-2c3c-45bc-ab7f-b19a657e57f0 has not seen follower/s 73c69e8a-9bd3-45ee-8ac9-6e361d860e2f for 175771ms bf9845cc-5491-4380-971d-60a5c36fd440 for 175773ms
2019-09-17 13:45:02,828 [org.apache.ratis.server.impl.LogAppender$AppenderDaemon$$Lambda$512/1779790241@51703f4c] ERROR ratis.XceiverServerRatis (XceiverServerRatis.java:triggerPipelineClose(575)) - pipeline Action CLOSE  on pipeline PipelineID=035cdd69-bb9b-4d06-9aec-8a5a189d8196.Reason : 235b1c08-2c3c-45bc-ab7f-b19a657e57f0 has not seen follower/s 73c69e8a-9bd3-45ee-8ac9-6e361d860e2f for 175771ms bf9845cc-5491-4380-971d-60a5c36fd440 for 175773ms
 0.00% |█                                                                                                    |  0/1 Time: 0:03:132019-09-17 13:45:03,311 [EventQueue-PipelineActionsForPipelineActionHandler] ERROR pipeline.PipelineActionHandler (PipelineActionHandler.java:onMessage(60)) - Received pipeline action CLOSE for Pipeline[ Id: 035cdd69-bb9b-4d06-9aec-8a5a189d8196, Nodes: bf9845cc-5491-4380-971d-60a5c36fd440{ip: 192.168.5.130, host: pr-hdds-2136-chhj8-2666454444, networkLocation: /default-rack, certSerialId: null}73c69e8a-9bd3-45ee-8ac9-6e361d860e2f{ip: 192.168.5.130, host: pr-hdds-2136-chhj8-2666454444, networkLocation: /default-rack, certSerialId: null}235b1c08-2c3c-45bc-ab7f-b19a657e57f0{ip: 192.168.5.130, host: pr-hdds-2136-chhj8-2666454444, networkLocation: /default-rack, certSerialId: null}, Type:RATIS, Factor:THREE, State:CLOSED] from datanode 235b1c08-2c3c-45bc-ab7f-b19a657e57f0{ip: 192.168.5.130, host: pr-hdds-2136-chhj8-2666454444, networkLocation: /default-rack, certSerialId: null}. Reason : 235b1c08-2c3c-45bc-ab7f-b19a657e57f0 has not seen follower/s 73c69e8a-9bd3-45ee-8ac9-6e361d860e2f for 175771ms bf9845cc-5491-4380-971d-60a5c36fd440 for 175773ms
2019-09-17 13:45:03,311 [EventQueue-PipelineActionsForPipelineActionHandler] INFO  pipeline.SCMPipelineManager (SCMPipelineManager.java:finalizeAndDestroyPipeline(311)) - destroying pipeline:Pipeline[ Id: 035cdd69-bb9b-4d06-9aec-8a5a189d8196, Nodes: bf9845cc-5491-4380-971d-60a5c36fd440{ip: 192.168.5.130, host: pr-hdds-2136-chhj8-2666454444, networkLocation: /default-rack, certSerialId: null}73c69e8a-9bd3-45ee-8ac9-6e361d860e2f{ip: 192.168.5.130, host: pr-hdds-2136-chhj8-2666454444, networkLocation: /default-rack, certSerialId: null}235b1c08-2c3c-45bc-ab7f-b19a657e57f0{ip: 192.168.5.130, host: pr-hdds-2136-chhj8-2666454444, networkLocation: /default-rack, certSerialId: null}, Type:RATIS, Factor:THREE, State:CLOSED]
2019-09-17 13:45:03,326 [java.util.concurrent.ThreadPoolExecutor$Worker@2c96aea2[State = -1, empty queue]] WARN  server.GrpcLogAppender (GrpcLogAppender.java:timeoutAppendRequest(200)) - 235b1c08-2c3c-45bc-ab7f-b19a657e57f0@group-8A5A189D8196->73c69e8a-9bd3-45ee-8ac9-6e361d860e2f-GrpcLogAppender: appendEntries Timeout, request=235b1c08-2c3c-45bc-ab7f-b19a657e57f0->73c69e8a-9bd3-45ee-8ac9-6e361d860e2f#107-t4, previous=(t:4, i:37), leaderCommit=32, initializing? false, entries: <empty>
2019-09-17 13:45:03,326 [java.util.concurrent.ThreadPoolExecutor$Worker@23a99472[State = -1, empty queue]] WARN  server.GrpcLogAppender (GrpcLogAppender.java:timeoutAppendRequest(200)) - 235b1c08-2c3c-45bc-ab7f-b19a657e57f0@group-8A5A189D8196->bf9845cc-5491-4380-971d-60a5c36fd440-GrpcLogAppender: appendEntries Timeout, request=235b1c08-2c3c-45bc-ab7f-b19a657e57f0->bf9845cc-5491-4380-971d-60a5c36fd440#107-t4, previous=(t:4, i:37), leaderCommit=32, initializing? false, entries: <empty>
2019-09-17 13:45:04,087 [grpc-default-executor-2] INFO  client.GrpcClientProtocolClient (GrpcClientProtocolClient.java:onNext(264)) - client-B79E81ABE48D->bf9845cc-5491-4380-971d-60a5c36fd440: receive RaftClientReply:client-B79E81ABE48D->bf9845cc-5491-4380-971d-60a5c36fd440@group-8A5A189D8196, cid=28, FAILED org.apache.ratis.protocol.NotLeaderException: Server bf9845cc-5491-4380-971d-60a5c36fd440@group-8A5A189D8196 is not the leader 235b1c08-2c3c-45bc-ab7f-b19a657e57f0:192.168.5.130:39322, logIndex=0, commits[bf9845cc-5491-4380-971d-60a5c36fd440:c32, 73c69e8a-9bd3-45ee-8ac9-6e361d860e2f:c28, 235b1c08-2c3c-45bc-ab7f-b19a657e57f0:c32]
 0.00% |█                                                                                                    |  0/1 Time: 0:03:14 0.00% |█                                                                                                    |  0/1 Time: 0:03:152019-09-17 13:45:05,330 [org.apache.ratis.server.impl.LogAppender$AppenderDaemon$$Lambda$512/1779790241@1a5926d9] ERROR ratis.XceiverServerRatis (XceiverServerRatis.java:triggerPipelineClose(575)) - pipeline Action CLOSE  on pipeline PipelineID=035cdd69-bb9b-4d06-9aec-8a5a189d8196.Reason : 235b1c08-2c3c-45bc-ab7f-b19a657e57f0 has not seen follower/s 73c69e8a-9bd3-45ee-8ac9-6e361d860e2f for 178272ms bf9845cc-5491-4380-971d-60a5c36fd440 for 178275ms
2019-09-17 13:45:05,330 [org.apache.ratis.server.impl.LogAppender$AppenderDaemon$$Lambda$512/1779790241@51703f4c] ERROR ratis.XceiverServerRatis (XceiverServerRatis.java:triggerPipelineClose(575)) - pipeline Action CLOSE  on pipeline PipelineID=035cdd69-bb9b-4d06-9aec-8a5a189d8196.Reason : 235b1c08-2c3c-45bc-ab7f-b19a657e57f0 has not seen follower/s 73c69e8a-9bd3-45ee-8ac9-6e361d860e2f for 178272ms bf9845cc-5491-4380-971d-60a5c36fd440 for 178275ms
2019-09-17 13:45:05,828 [java.util.concurrent.ThreadPoolExecutor$Worker@2c96aea2[State = -1, empty queue]] WARN  server.GrpcLogAppender (GrpcLogAppender.java:timeoutAppendRequest(200)) - 235b1c08-2c3c-45bc-ab7f-b19a657e57f0@group-8A5A189D8196->73c69e8a-9bd3-45ee-8ac9-6e361d860e2f-GrpcLogAppender: appendEntries Timeout, request=235b1c08-2c3c-45bc-ab7f-b19a657e57f0->73c69e8a-9bd3-45ee-8ac9-6e361d860e2f#108-t4, previous=(t:4, i:37), leaderCommit=32, initializing? false, entries: <empty>
2019-09-17 13:45:05,828 [java.util.concurrent.ThreadPoolExecutor$Worker@23a99472[State = -1, empty queue]] WARN  server.GrpcLogAppender (GrpcLogAppender.java:timeoutAppendRequest(200)) - 235b1c08-2c3c-45bc-ab7f-b19a657e57f0@group-8A5A189D8196->bf9845cc-5491-4380-971d-60a5c36fd440-GrpcLogAppender: appendEntries Timeout, request=235b1c08-2c3c-45bc-ab7f-b19a657e57f0->bf9845cc-5491-4380-971d-60a5c36fd440#108-t4, previous=(t:4, i:37), leaderCommit=32, initializing? false, entries: <empty>
 0.00% |█                                                                                                    |  0/1 Time: 0:03:162019-09-17 13:45:06,312 [EventQueue-PipelineActionsForPipelineActionHandler] ERROR pipeline.PipelineActionHandler (PipelineActionHandler.java:onMessage(60)) - Received pipeline action CLOSE for Pipeline[ Id: 035cdd69-bb9b-4d06-9aec-8a5a189d8196, Nodes: bf9845cc-5491-4380-971d-60a5c36fd440{ip: 192.168.5.130, host: pr-hdds-2136-chhj8-2666454444, networkLocation: /default-rack, certSerialId: null}73c69e8a-9bd3-45ee-8ac9-6e361d860e2f{ip: 192.168.5.130, host: pr-hdds-2136-chhj8-2666454444, networkLocation: /default-rack, certSerialId: null}235b1c08-2c3c-45bc-ab7f-b19a657e57f0{ip: 192.168.5.130, host: pr-hdds-2136-chhj8-2666454444, networkLocation: /default-rack, certSerialId: null}, Type:RATIS, Factor:THREE, State:CLOSED] from datanode 235b1c08-2c3c-45bc-ab7f-b19a657e57f0{ip: 192.168.5.130, host: pr-hdds-2136-chhj8-2666454444, networkLocation: /default-rack, certSerialId: null}. Reason : 235b1c08-2c3c-45bc-ab7f-b19a657e57f0 has not seen follower/s 73c69e8a-9bd3-45ee-8ac9-6e361d860e2f for 178272ms bf9845cc-5491-4380-971d-60a5c36fd440 for 178275ms
2019-09-17 13:45:06,313 [EventQueue-PipelineActionsForPipelineActionHandler] INFO  pipeline.SCMPipelineManager (SCMPipelineManager.java:finalizeAndDestroyPipeline(311)) - destroying pipeline:Pipeline[ Id: 035cdd69-bb9b-4d06-9aec-8a5a189d8196, Nodes: bf9845cc-5491-4380-971d-60a5c36fd440{ip: 192.168.5.130, host: pr-hdds-2136-chhj8-2666454444, networkLocation: /default-rack, certSerialId: null}73c69e8a-9bd3-45ee-8ac9-6e361d860e2f{ip: 192.168.5.130, host: pr-hdds-2136-chhj8-2666454444, networkLocation: /default-rack, certSerialId: null}235b1c08-2c3c-45bc-ab7f-b19a657e57f0{ip: 192.168.5.130, host: pr-hdds-2136-chhj8-2666454444, networkLocation: /default-rack, certSerialId: null}, Type:RATIS, Factor:THREE, State:CLOSED]
 0.00% |█                                                                                                    |  0/1 Time: 0:03:172019-09-17 13:45:07,282 [bf9845cc-5491-4380-971d-60a5c36fd440@group-8A5A189D8196-SegmentedRaftLogWorker] WARN  segmented.SegmentedRaftLogWorker (SegmentedRaftLogWorker.java:getFromFuture(90)) - Timeout 17/~
org.apache.ratis.protocol.TimeoutIOException: Timeout 10s: WriteLog:35: (t:4, i:35), STATEMACHINELOGENTRY, client-B79E81ABE48D, cid=30-writeStateMachineData
	at org.apache.ratis.util.IOUtils.getFromFuture(IOUtils.java:87)
	at org.apache.ratis.server.raftlog.segmented.SegmentedRaftLogWorker$StateMachineDataPolicy.getFromFuture(SegmentedRaftLogWorker.java:87)
	at org.apache.ratis.server.raftlog.segmented.SegmentedRaftLogWorker$WriteLog.execute(SegmentedRaftLogWorker.java:477)
	at org.apache.ratis.server.raftlog.segmented.SegmentedRaftLogWorker.run(SegmentedRaftLogWorker.java:289)
	at java.lang.Thread.run(Thread.java:748)
Caused by: java.util.concurrent.TimeoutException
	at java.util.concurrent.CompletableFuture.timedGet(CompletableFuture.java:1771)
	at java.util.concurrent.CompletableFuture.get(CompletableFuture.java:1915)
	at org.apache.ratis.util.IOUtils.getFromFuture(IOUtils.java:79)
	... 4 more
2019-09-17 13:45:07,311 [235b1c08-2c3c-45bc-ab7f-b19a657e57f0@group-8A5A189D8196-SegmentedRaftLogWorker] WARN  segmented.SegmentedRaftLogWorker (SegmentedRaftLogWorker.java:getFromFuture(90)) - Timeout 17/~
org.apache.ratis.protocol.TimeoutIOException: Timeout 10s: WriteLog:35: (t:4, i:35), STATEMACHINELOGENTRY, client-B79E81ABE48D, cid=30-writeStateMachineData
	at org.apache.ratis.util.IOUtils.getFromFuture(IOUtils.java:87)
	at org.apache.ratis.server.raftlog.segmented.SegmentedRaftLogWorker$StateMachineDataPolicy.getFromFuture(SegmentedRaftLogWorker.java:87)
	at org.apache.ratis.server.raftlog.segmented.SegmentedRaftLogWorker$WriteLog.execute(SegmentedRaftLogWorker.java:477)
	at org.apache.ratis.server.raftlog.segmented.SegmentedRaftLogWorker.run(SegmentedRaftLogWorker.java:289)
	at java.lang.Thread.run(Thread.java:748)
Caused by: java.util.concurrent.TimeoutException
	at java.util.concurrent.CompletableFuture.timedGet(CompletableFuture.java:1771)
	at java.util.concurrent.CompletableFuture.get(CompletableFuture.java:1915)
	at org.apache.ratis.util.IOUtils.getFromFuture(IOUtils.java:79)
	... 4 more
2019-09-17 13:45:07,312 [73c69e8a-9bd3-45ee-8ac9-6e361d860e2f@group-8A5A189D8196-SegmentedRaftLogWorker] WARN  segmented.SegmentedRaftLogWorker (SegmentedRaftLogWorker.java:getFromFuture(90)) - Timeout 17/~
org.apache.ratis.protocol.TimeoutIOException: Timeout 10s: WriteLog:35: (t:4, i:35), STATEMACHINELOGENTRY, client-B79E81ABE48D, cid=30-writeStateMachineData
	at org.apache.ratis.util.IOUtils.getFromFuture(IOUtils.java:87)
	at org.apache.ratis.server.raftlog.segmented.SegmentedRaftLogWorker$StateMachineDataPolicy.getFromFuture(SegmentedRaftLogWorker.java:87)
	at org.apache.ratis.server.raftlog.segmented.SegmentedRaftLogWorker$WriteLog.execute(SegmentedRaftLogWorker.java:477)
	at org.apache.ratis.server.raftlog.segmented.SegmentedRaftLogWorker.run(SegmentedRaftLogWorker.java:289)
	at java.lang.Thread.run(Thread.java:748)
Caused by: java.util.concurrent.TimeoutException
	at java.util.concurrent.CompletableFuture.timedGet(CompletableFuture.java:1771)
	at java.util.concurrent.CompletableFuture.get(CompletableFuture.java:1915)
	at org.apache.ratis.util.IOUtils.getFromFuture(IOUtils.java:79)
	... 4 more
2019-09-17 13:45:07,831 [org.apache.ratis.server.impl.LogAppender$AppenderDaemon$$Lambda$512/1779790241@51703f4c] ERROR ratis.XceiverServerRatis (XceiverServerRatis.java:triggerPipelineClose(575)) - pipeline Action CLOSE  on pipeline PipelineID=035cdd69-bb9b-4d06-9aec-8a5a189d8196.Reason : 235b1c08-2c3c-45bc-ab7f-b19a657e57f0 has not seen follower/s 73c69e8a-9bd3-45ee-8ac9-6e361d860e2f for 180773ms bf9845cc-5491-4380-971d-60a5c36fd440 for 180776ms
2019-09-17 13:45:07,831 [org.apache.ratis.server.impl.LogAppender$AppenderDaemon$$Lambda$512/1779790241@1a5926d9] ERROR ratis.XceiverServerRatis (XceiverServerRatis.java:triggerPipelineClose(575)) - pipeline Action CLOSE  on pipeline PipelineID=035cdd69-bb9b-4d06-9aec-8a5a189d8196.Reason : 235b1c08-2c3c-45bc-ab7f-b19a657e57f0 has not seen follower/s 73c69e8a-9bd3-45ee-8ac9-6e361d860e2f for 180774ms bf9845cc-5491-4380-971d-60a5c36fd440 for 180776ms
 0.00% |█                                                                                                    |  0/1 Time: 0:03:182019-09-17 13:45:08,312 [EventQueue-PipelineActionsForPipelineActionHandler] ERROR pipeline.PipelineActionHandler (PipelineActionHandler.java:onMessage(60)) - Received pipeline action CLOSE for Pipeline[ Id: 035cdd69-bb9b-4d06-9aec-8a5a189d8196, Nodes: bf9845cc-5491-4380-971d-60a5c36fd440{ip: 192.168.5.130, host: pr-hdds-2136-chhj8-2666454444, networkLocation: /default-rack, certSerialId: null}73c69e8a-9bd3-45ee-8ac9-6e361d860e2f{ip: 192.168.5.130, host: pr-hdds-2136-chhj8-2666454444, networkLocation: /default-rack, certSerialId: null}235b1c08-2c3c-45bc-ab7f-b19a657e57f0{ip: 192.168.5.130, host: pr-hdds-2136-chhj8-2666454444, networkLocation: /default-rack, certSerialId: null}, Type:RATIS, Factor:THREE, State:CLOSED] from datanode 235b1c08-2c3c-45bc-ab7f-b19a657e57f0{ip: 192.168.5.130, host: pr-hdds-2136-chhj8-2666454444, networkLocation: /default-rack, certSerialId: null}. Reason : 235b1c08-2c3c-45bc-ab7f-b19a657e57f0 has not seen follower/s 73c69e8a-9bd3-45ee-8ac9-6e361d860e2f for 180773ms bf9845cc-5491-4380-971d-60a5c36fd440 for 180776ms
2019-09-17 13:45:08,312 [EventQueue-PipelineActionsForPipelineActionHandler] INFO  pipeline.SCMPipelineManager (SCMPipelineManager.java:finalizeAndDestroyPipeline(311)) - destroying pipeline:Pipeline[ Id: 035cdd69-bb9b-4d06-9aec-8a5a189d8196, Nodes: bf9845cc-5491-4380-971d-60a5c36fd440{ip: 192.168.5.130, host: pr-hdds-2136-chhj8-2666454444, networkLocation: /default-rack, certSerialId: null}73c69e8a-9bd3-45ee-8ac9-6e361d860e2f{ip: 192.168.5.130, host: pr-hdds-2136-chhj8-2666454444, networkLocation: /default-rack, certSerialId: null}235b1c08-2c3c-45bc-ab7f-b19a657e57f0{ip: 192.168.5.130, host: pr-hdds-2136-chhj8-2666454444, networkLocation: /default-rack, certSerialId: null}, Type:RATIS, Factor:THREE, State:CLOSED]
2019-09-17 13:45:08,329 [java.util.concurrent.ThreadPoolExecutor$Worker@2c96aea2[State = -1, empty queue]] WARN  server.GrpcLogAppender (GrpcLogAppender.java:timeoutAppendRequest(200)) - 235b1c08-2c3c-45bc-ab7f-b19a657e57f0@group-8A5A189D8196->73c69e8a-9bd3-45ee-8ac9-6e361d860e2f-GrpcLogAppender: appendEntries Timeout, request=235b1c08-2c3c-45bc-ab7f-b19a657e57f0->73c69e8a-9bd3-45ee-8ac9-6e361d860e2f#109-t4, previous=(t:4, i:37), leaderCommit=32, initializing? false, entries: <empty>
2019-09-17 13:45:08,329 [java.util.concurrent.ThreadPoolExecutor$Worker@23a99472[State = -1, empty queue]] WARN  server.GrpcLogAppender (GrpcLogAppender.java:timeoutAppendRequest(200)) - 235b1c08-2c3c-45bc-ab7f-b19a657e57f0@group-8A5A189D8196->bf9845cc-5491-4380-971d-60a5c36fd440-GrpcLogAppender: appendEntries Timeout, request=235b1c08-2c3c-45bc-ab7f-b19a657e57f0->bf9845cc-5491-4380-971d-60a5c36fd440#109-t4, previous=(t:4, i:37), leaderCommit=32, initializing? false, entries: <empty>
2019-09-17 13:45:09,152 [grpc-default-executor-2] INFO  client.GrpcClientProtocolClient (GrpcClientProtocolClient.java:onNext(264)) - client-B79E81ABE48D->73c69e8a-9bd3-45ee-8ac9-6e361d860e2f: receive RaftClientReply:client-B79E81ABE48D->73c69e8a-9bd3-45ee-8ac9-6e361d860e2f@group-8A5A189D8196, cid=28, FAILED org.apache.ratis.protocol.NotLeaderException: Server 73c69e8a-9bd3-45ee-8ac9-6e361d860e2f@group-8A5A189D8196 is not the leader 235b1c08-2c3c-45bc-ab7f-b19a657e57f0:192.168.5.130:39322, logIndex=0, commits[73c69e8a-9bd3-45ee-8ac9-6e361d860e2f:c32, 235b1c08-2c3c-45bc-ab7f-b19a657e57f0:c32, bf9845cc-5491-4380-971d-60a5c36fd440:c28]
 0.00% |█                                                                                                    |  0/1 Time: 0:03:19 0.00% |█                                                                                                    |  0/1 Time: 0:03:202019-09-17 13:45:10,332 [org.apache.ratis.server.impl.LogAppender$AppenderDaemon$$Lambda$512/1779790241@51703f4c] ERROR ratis.XceiverServerRatis (XceiverServerRatis.java:triggerPipelineClose(575)) - pipeline Action CLOSE  on pipeline PipelineID=035cdd69-bb9b-4d06-9aec-8a5a189d8196.Reason : 235b1c08-2c3c-45bc-ab7f-b19a657e57f0 has not seen follower/s 73c69e8a-9bd3-45ee-8ac9-6e361d860e2f for 183275ms bf9845cc-5491-4380-971d-60a5c36fd440 for 183277ms
2019-09-17 13:45:10,332 [org.apache.ratis.server.impl.LogAppender$AppenderDaemon$$Lambda$512/1779790241@1a5926d9] ERROR ratis.XceiverServerRatis (XceiverServerRatis.java:triggerPipelineClose(575)) - pipeline Action CLOSE  on pipeline PipelineID=035cdd69-bb9b-4d06-9aec-8a5a189d8196.Reason : 235b1c08-2c3c-45bc-ab7f-b19a657e57f0 has not seen follower/s 73c69e8a-9bd3-45ee-8ac9-6e361d860e2f for 183275ms bf9845cc-5491-4380-971d-60a5c36fd440 for 183277ms
2019-09-17 13:45:10,831 [java.util.concurrent.ThreadPoolExecutor$Worker@23a99472[State = -1, empty queue]] WARN  server.GrpcLogAppender (GrpcLogAppender.java:timeoutAppendRequest(200)) - 235b1c08-2c3c-45bc-ab7f-b19a657e57f0@group-8A5A189D8196->bf9845cc-5491-4380-971d-60a5c36fd440-GrpcLogAppender: appendEntries Timeout, request=235b1c08-2c3c-45bc-ab7f-b19a657e57f0->bf9845cc-5491-4380-971d-60a5c36fd440#110-t4, previous=(t:4, i:37), leaderCommit=32, initializing? false, entries: <empty>
2019-09-17 13:45:10,831 [java.util.concurrent.ThreadPoolExecutor$Worker@2c96aea2[State = -1, empty queue]] WARN  server.GrpcLogAppender (GrpcLogAppender.java:timeoutAppendRequest(200)) - 235b1c08-2c3c-45bc-ab7f-b19a657e57f0@group-8A5A189D8196->73c69e8a-9bd3-45ee-8ac9-6e361d860e2f-GrpcLogAppender: appendEntries Timeout, request=235b1c08-2c3c-45bc-ab7f-b19a657e57f0->73c69e8a-9bd3-45ee-8ac9-6e361d860e2f#110-t4, previous=(t:4, i:37), leaderCommit=32, initializing? false, entries: <empty>
 0.00% |█                                                                                                    |  0/1 Time: 0:03:212019-09-17 13:45:11,313 [EventQueue-PipelineActionsForPipelineActionHandler] ERROR pipeline.PipelineActionHandler (PipelineActionHandler.java:onMessage(60)) - Received pipeline action CLOSE for Pipeline[ Id: 035cdd69-bb9b-4d06-9aec-8a5a189d8196, Nodes: bf9845cc-5491-4380-971d-60a5c36fd440{ip: 192.168.5.130, host: pr-hdds-2136-chhj8-2666454444, networkLocation: /default-rack, certSerialId: null}73c69e8a-9bd3-45ee-8ac9-6e361d860e2f{ip: 192.168.5.130, host: pr-hdds-2136-chhj8-2666454444, networkLocation: /default-rack, certSerialId: null}235b1c08-2c3c-45bc-ab7f-b19a657e57f0{ip: 192.168.5.130, host: pr-hdds-2136-chhj8-2666454444, networkLocation: /default-rack, certSerialId: null}, Type:RATIS, Factor:THREE, State:CLOSED] from datanode 235b1c08-2c3c-45bc-ab7f-b19a657e57f0{ip: 192.168.5.130, host: pr-hdds-2136-chhj8-2666454444, networkLocation: /default-rack, certSerialId: null}. Reason : 235b1c08-2c3c-45bc-ab7f-b19a657e57f0 has not seen follower/s 73c69e8a-9bd3-45ee-8ac9-6e361d860e2f for 183275ms bf9845cc-5491-4380-971d-60a5c36fd440 for 183277ms
2019-09-17 13:45:11,314 [EventQueue-PipelineActionsForPipelineActionHandler] INFO  pipeline.SCMPipelineManager (SCMPipelineManager.java:finalizeAndDestroyPipeline(311)) - destroying pipeline:Pipeline[ Id: 035cdd69-bb9b-4d06-9aec-8a5a189d8196, Nodes: bf9845cc-5491-4380-971d-60a5c36fd440{ip: 192.168.5.130, host: pr-hdds-2136-chhj8-2666454444, networkLocation: /default-rack, certSerialId: null}73c69e8a-9bd3-45ee-8ac9-6e361d860e2f{ip: 192.168.5.130, host: pr-hdds-2136-chhj8-2666454444, networkLocation: /default-rack, certSerialId: null}235b1c08-2c3c-45bc-ab7f-b19a657e57f0{ip: 192.168.5.130, host: pr-hdds-2136-chhj8-2666454444, networkLocation: /default-rack, certSerialId: null}, Type:RATIS, Factor:THREE, State:CLOSED]
 0.00% |█                                                                                                    |  0/1 Time: 0:03:222019-09-17 13:45:12,834 [org.apache.ratis.server.impl.LogAppender$AppenderDaemon$$Lambda$512/1779790241@1a5926d9] ERROR ratis.XceiverServerRatis (XceiverServerRatis.java:triggerPipelineClose(575)) - pipeline Action CLOSE  on pipeline PipelineID=035cdd69-bb9b-4d06-9aec-8a5a189d8196.Reason : 235b1c08-2c3c-45bc-ab7f-b19a657e57f0 has not seen follower/s 73c69e8a-9bd3-45ee-8ac9-6e361d860e2f for 185777ms bf9845cc-5491-4380-971d-60a5c36fd440 for 185780ms
2019-09-17 13:45:12,834 [org.apache.ratis.server.impl.LogAppender$AppenderDaemon$$Lambda$512/1779790241@51703f4c] ERROR ratis.XceiverServerRatis (XceiverServerRatis.java:triggerPipelineClose(575)) - pipeline Action CLOSE  on pipeline PipelineID=035cdd69-bb9b-4d06-9aec-8a5a189d8196.Reason : 235b1c08-2c3c-45bc-ab7f-b19a657e57f0 has not seen follower/s 73c69e8a-9bd3-45ee-8ac9-6e361d860e2f for 185777ms bf9845cc-5491-4380-971d-60a5c36fd440 for 185780ms
 0.00% |█                                                                                                    |  0/1 Time: 0:03:232019-09-17 13:45:13,297 [grpc-default-executor-2] INFO  impl.RaftServerProxy (RaftServerProxy.java:remove(95)) - bf9845cc-5491-4380-971d-60a5c36fd440: remove  FOLLOWER bf9845cc-5491-4380-971d-60a5c36fd440@group-8A5A189D8196:t4, leader=235b1c08-2c3c-45bc-ab7f-b19a657e57f0, voted=235b1c08-2c3c-45bc-ab7f-b19a657e57f0, raftlog=bf9845cc-5491-4380-971d-60a5c36fd440@group-8A5A189D8196-SegmentedRaftLog:OPENED:c32,f32,i37, conf=0: [73c69e8a-9bd3-45ee-8ac9-6e361d860e2f:192.168.5.130:33300, 235b1c08-2c3c-45bc-ab7f-b19a657e57f0:192.168.5.130:39322, bf9845cc-5491-4380-971d-60a5c36fd440:192.168.5.130:40791], old=null RUNNING
2019-09-17 13:45:13,302 [grpc-default-executor-2] INFO  impl.RaftServerImpl (RaftServerImpl.java:lambda$shutdown$3(251)) - bf9845cc-5491-4380-971d-60a5c36fd440@group-8A5A189D8196: shutdown
2019-09-17 13:45:13,303 [grpc-default-executor-2] INFO  util.JmxRegister (JmxRegister.java:unregister(73)) - Successfully un-registered JMX Bean with object name Ratis:service=RaftServer,group=group-8A5A189D8196,id=bf9845cc-5491-4380-971d-60a5c36fd440
2019-09-17 13:45:13,303 [grpc-default-executor-2] INFO  impl.RoleInfo (RoleInfo.java:shutdownFollowerState(121)) - bf9845cc-5491-4380-971d-60a5c36fd440: shutdown FollowerState
2019-09-17 13:45:13,303 [grpc-default-executor-2] INFO  impl.StateMachineUpdater (StateMachineUpdater.java:stopAndJoin(125)) - bf9845cc-5491-4380-971d-60a5c36fd440@group-8A5A189D8196-StateMachineUpdater: set stopIndex = 32
2019-09-17 13:45:13,303 [Thread-306] INFO  impl.FollowerState (FollowerState.java:run(115)) - bf9845cc-5491-4380-971d-60a5c36fd440: FollowerState was interrupted: java.lang.InterruptedException: sleep interrupted
2019-09-17 13:45:13,305 [bf9845cc-5491-4380-971d-60a5c36fd440@group-8A5A189D8196-StateMachineUpdater] INFO  ratis.ContainerStateMachine (ContainerStateMachine.java:takeSnapshot(289)) - group-8A5A189D8196: Taking a snapshot at:(t:4, i:28) file /tmp/workdir/hadoop-ozone/tools/target/test-dir/MiniOzoneClusterImpl-5c3156a5-1eb5-4435-9faa-bd301b5c4b00/datanode-2/data/ratis/035cdd69-bb9b-4d06-9aec-8a5a189d8196/sm/snapshot.4_28
2019-09-17 13:45:13,313 [EventQueue-PipelineActionsForPipelineActionHandler] ERROR pipeline.PipelineActionHandler (PipelineActionHandler.java:onMessage(60)) - Received pipeline action CLOSE for Pipeline[ Id: 035cdd69-bb9b-4d06-9aec-8a5a189d8196, Nodes: bf9845cc-5491-4380-971d-60a5c36fd440{ip: 192.168.5.130, host: pr-hdds-2136-chhj8-2666454444, networkLocation: /default-rack, certSerialId: null}73c69e8a-9bd3-45ee-8ac9-6e361d860e2f{ip: 192.168.5.130, host: pr-hdds-2136-chhj8-2666454444, networkLocation: /default-rack, certSerialId: null}235b1c08-2c3c-45bc-ab7f-b19a657e57f0{ip: 192.168.5.130, host: pr-hdds-2136-chhj8-2666454444, networkLocation: /default-rack, certSerialId: null}, Type:RATIS, Factor:THREE, State:CLOSED] from datanode 235b1c08-2c3c-45bc-ab7f-b19a657e57f0{ip: 192.168.5.130, host: pr-hdds-2136-chhj8-2666454444, networkLocation: /default-rack, certSerialId: null}. Reason : 235b1c08-2c3c-45bc-ab7f-b19a657e57f0 has not seen follower/s 73c69e8a-9bd3-45ee-8ac9-6e361d860e2f for 185777ms bf9845cc-5491-4380-971d-60a5c36fd440 for 185780ms
2019-09-17 13:45:13,313 [EventQueue-PipelineActionsForPipelineActionHandler] INFO  pipeline.SCMPipelineManager (SCMPipelineManager.java:finalizeAndDestroyPipeline(311)) - destroying pipeline:Pipeline[ Id: 035cdd69-bb9b-4d06-9aec-8a5a189d8196, Nodes: bf9845cc-5491-4380-971d-60a5c36fd440{ip: 192.168.5.130, host: pr-hdds-2136-chhj8-2666454444, networkLocation: /default-rack, certSerialId: null}73c69e8a-9bd3-45ee-8ac9-6e361d860e2f{ip: 192.168.5.130, host: pr-hdds-2136-chhj8-2666454444, networkLocation: /default-rack, certSerialId: null}235b1c08-2c3c-45bc-ab7f-b19a657e57f0{ip: 192.168.5.130, host: pr-hdds-2136-chhj8-2666454444, networkLocation: /default-rack, certSerialId: null}, Type:RATIS, Factor:THREE, State:CLOSED]
2019-09-17 13:45:13,332 [java.util.concurrent.ThreadPoolExecutor$Worker@23a99472[State = -1, empty queue]] WARN  server.GrpcLogAppender (GrpcLogAppender.java:timeoutAppendRequest(200)) - 235b1c08-2c3c-45bc-ab7f-b19a657e57f0@group-8A5A189D8196->bf9845cc-5491-4380-971d-60a5c36fd440-GrpcLogAppender: appendEntries Timeout, request=235b1c08-2c3c-45bc-ab7f-b19a657e57f0->bf9845cc-5491-4380-971d-60a5c36fd440#111-t4, previous=(t:4, i:37), leaderCommit=32, initializing? false, entries: <empty>
2019-09-17 13:45:13,332 [java.util.concurrent.ThreadPoolExecutor$Worker@2c96aea2[State = -1, empty queue]] WARN  server.GrpcLogAppender (GrpcLogAppender.java:timeoutAppendRequest(200)) - 235b1c08-2c3c-45bc-ab7f-b19a657e57f0@group-8A5A189D8196->73c69e8a-9bd3-45ee-8ac9-6e361d860e2f-GrpcLogAppender: appendEntries Timeout, request=235b1c08-2c3c-45bc-ab7f-b19a657e57f0->73c69e8a-9bd3-45ee-8ac9-6e361d860e2f#111-t4, previous=(t:4, i:37), leaderCommit=32, initializing? false, entries: <empty>
2019-09-17 13:45:13,345 [bf9845cc-5491-4380-971d-60a5c36fd440@group-8A5A189D8196-StateMachineUpdater] INFO  ratis.ContainerStateMachine (ContainerStateMachine.java:takeSnapshot(300)) - group-8A5A189D8196: Finished taking a snapshot at:(t:4, i:28) file:/tmp/workdir/hadoop-ozone/tools/target/test-dir/MiniOzoneClusterImpl-5c3156a5-1eb5-4435-9faa-bd301b5c4b00/datanode-2/data/ratis/035cdd69-bb9b-4d06-9aec-8a5a189d8196/sm/snapshot.4_28 time:42
2019-09-17 13:45:13,347 [bf9845cc-5491-4380-971d-60a5c36fd440@group-8A5A189D8196-StateMachineUpdater] INFO  impl.StateMachineUpdater (StateMachineUpdater.java:takeSnapshot(258)) - bf9845cc-5491-4380-971d-60a5c36fd440@group-8A5A189D8196-StateMachineUpdater: Took a snapshot at index 28
2019-09-17 13:45:13,348 [bf9845cc-5491-4380-971d-60a5c36fd440@group-8A5A189D8196-StateMachineUpdater] INFO  impl.StateMachineUpdater (StateMachineUpdater.java:lambda$new$0(83)) - bf9845cc-5491-4380-971d-60a5c36fd440@group-8A5A189D8196-StateMachineUpdater: snapshotIndex: updateIncreasingly -1 -> 28
2019-09-17 13:45:13,354 [bf9845cc-5491-4380-971d-60a5c36fd440@group-8A5A189D8196-StateMachineUpdater] INFO  ratis.ContainerStateMachine (ContainerStateMachine.java:takeSnapshot(289)) - group-8A5A189D8196: Taking a snapshot at:(t:4, i:28) file /tmp/workdir/hadoop-ozone/tools/target/test-dir/MiniOzoneClusterImpl-5c3156a5-1eb5-4435-9faa-bd301b5c4b00/datanode-2/data/ratis/035cdd69-bb9b-4d06-9aec-8a5a189d8196/sm/snapshot.4_28
2019-09-17 13:45:13,383 [bf9845cc-5491-4380-971d-60a5c36fd440@group-8A5A189D8196-StateMachineUpdater] INFO  ratis.ContainerStateMachine (ContainerStateMachine.java:takeSnapshot(300)) - group-8A5A189D8196: Finished taking a snapshot at:(t:4, i:28) file:/tmp/workdir/hadoop-ozone/tools/target/test-dir/MiniOzoneClusterImpl-5c3156a5-1eb5-4435-9faa-bd301b5c4b00/datanode-2/data/ratis/035cdd69-bb9b-4d06-9aec-8a5a189d8196/sm/snapshot.4_28 time:28
2019-09-17 13:45:13,383 [bf9845cc-5491-4380-971d-60a5c36fd440@group-8A5A189D8196-StateMachineUpdater] INFO  impl.StateMachineUpdater (StateMachineUpdater.java:takeSnapshot(258)) - bf9845cc-5491-4380-971d-60a5c36fd440@group-8A5A189D8196-StateMachineUpdater: Took a snapshot at index 28
2019-09-17 13:45:13,383 [bf9845cc-5491-4380-971d-60a5c36fd440@group-8A5A189D8196-StateMachineUpdater] INFO  impl.StateMachineUpdater (StateMachineUpdater.java:lambda$new$0(83)) - bf9845cc-5491-4380-971d-60a5c36fd440@group-8A5A189D8196-StateMachineUpdater: snapshotIndex: updateIncreasingly 28 -> 28
2019-09-17 13:45:13,384 [grpc-default-executor-2] INFO  impl.RaftServerImpl (ServerState.java:close(385)) - bf9845cc-5491-4380-971d-60a5c36fd440@group-8A5A189D8196: closes. applyIndex: 32
2019-09-17 13:45:13,388 [bf9845cc-5491-4380-971d-60a5c36fd440@group-8A5A189D8196-SegmentedRaftLogWorker] ERROR ratis.XceiverServerRatis (XceiverServerRatis.java:triggerPipelineClose(575)) - pipeline Action CLOSE  on pipeline PipelineID=035cdd69-bb9b-4d06-9aec-8a5a189d8196.Reason : WriteLog:35: (t:4, i:35), STATEMACHINELOGENTRY, client-B79E81ABE48D, cid=30-writeStateMachineData interrupted.
2019-09-17 13:45:13,391 [EventQueue-PipelineActionsForPipelineActionHandler] ERROR pipeline.PipelineActionHandler (PipelineActionHandler.java:onMessage(60)) - Received pipeline action CLOSE for Pipeline[ Id: 035cdd69-bb9b-4d06-9aec-8a5a189d8196, Nodes: bf9845cc-5491-4380-971d-60a5c36fd440{ip: 192.168.5.130, host: pr-hdds-2136-chhj8-2666454444, networkLocation: /default-rack, certSerialId: null}73c69e8a-9bd3-45ee-8ac9-6e361d860e2f{ip: 192.168.5.130, host: pr-hdds-2136-chhj8-2666454444, networkLocation: /default-rack, certSerialId: null}235b1c08-2c3c-45bc-ab7f-b19a657e57f0{ip: 192.168.5.130, host: pr-hdds-2136-chhj8-2666454444, networkLocation: /default-rack, certSerialId: null}, Type:RATIS, Factor:THREE, State:CLOSED] from datanode bf9845cc-5491-4380-971d-60a5c36fd440{ip: 192.168.5.130, host: pr-hdds-2136-chhj8-2666454444, networkLocation: /default-rack, certSerialId: null}. Reason : WriteLog:35: (t:4, i:35), STATEMACHINELOGENTRY, client-B79E81ABE48D, cid=30-writeStateMachineData interrupted.
2019-09-17 13:45:13,391 [EventQueue-PipelineActionsForPipelineActionHandler] INFO  pipeline.SCMPipelineManager (SCMPipelineManager.java:finalizeAndDestroyPipeline(311)) - destroying pipeline:Pipeline[ Id: 035cdd69-bb9b-4d06-9aec-8a5a189d8196, Nodes: bf9845cc-5491-4380-971d-60a5c36fd440{ip: 192.168.5.130, host: pr-hdds-2136-chhj8-2666454444, networkLocation: /default-rack, certSerialId: null}73c69e8a-9bd3-45ee-8ac9-6e361d860e2f{ip: 192.168.5.130, host: pr-hdds-2136-chhj8-2666454444, networkLocation: /default-rack, certSerialId: null}235b1c08-2c3c-45bc-ab7f-b19a657e57f0{ip: 192.168.5.130, host: pr-hdds-2136-chhj8-2666454444, networkLocation: /default-rack, certSerialId: null}, Type:RATIS, Factor:THREE, State:CLOSED]
2019-09-17 13:45:13,402 [grpc-default-executor-2] INFO  segmented.SegmentedRaftLogWorker (SegmentedRaftLogWorker.java:close(228)) - bf9845cc-5491-4380-971d-60a5c36fd440@group-8A5A189D8196-SegmentedRaftLogWorker close()
2019-09-17 13:45:13,425 [grpc-default-executor-2] INFO  interfaces.Container (KeyValueContainer.java:flushAndSyncDB(386)) - Container 1 is synced with bcsId 12.
2019-09-17 13:45:13,426 [grpc-default-executor-2] INFO  interfaces.Container (KeyValueContainer.java:flushAndSyncDB(386)) - Container 1 is synced with bcsId 12.
2019-09-17 13:45:13,453 [EventQueue-IncrementalContainerReportForIncrementalContainerReportHandler] INFO  container.IncrementalContainerReportHandler (AbstractContainerReportHandler.java:updateContainerState(169)) - Moving container #1 to QUASI_CLOSED state, datanode bf9845cc-5491-4380-971d-60a5c36fd440{ip: 192.168.5.130, host: pr-hdds-2136-chhj8-2666454444, networkLocation: /default-rack, certSerialId: null} reported QUASI_CLOSED replica.
2019-09-17 13:45:13,468 [grpc-default-executor-2] INFO  interfaces.Container (KeyValueContainer.java:flushAndSyncDB(386)) - Container 2 is synced with bcsId 28.
2019-09-17 13:45:13,468 [grpc-default-executor-2] INFO  interfaces.Container (KeyValueContainer.java:flushAndSyncDB(386)) - Container 2 is synced with bcsId 28.
2019-09-17 13:45:13,486 [EventQueue-IncrementalContainerReportForIncrementalContainerReportHandler] INFO  container.IncrementalContainerReportHandler (AbstractContainerReportHandler.java:updateContainerState(169)) - Moving container #2 to QUASI_CLOSED state, datanode bf9845cc-5491-4380-971d-60a5c36fd440{ip: 192.168.5.130, host: pr-hdds-2136-chhj8-2666454444, networkLocation: /default-rack, certSerialId: null} reported QUASI_CLOSED replica.
2019-09-17 13:45:13,569 [grpc-default-executor-2] INFO  interfaces.Container (KeyValueContainer.java:flushAndSyncDB(386)) - Container 3 is synced with bcsId 0.
2019-09-17 13:45:13,570 [grpc-default-executor-2] INFO  interfaces.Container (KeyValueContainer.java:flushAndSyncDB(386)) - Container 3 is synced with bcsId 0.
2019-09-17 13:45:13,585 [EventQueue-IncrementalContainerReportForIncrementalContainerReportHandler] INFO  container.IncrementalContainerReportHandler (AbstractContainerReportHandler.java:updateContainerState(169)) - Moving container #3 to QUASI_CLOSED state, datanode bf9845cc-5491-4380-971d-60a5c36fd440{ip: 192.168.5.130, host: pr-hdds-2136-chhj8-2666454444, networkLocation: /default-rack, certSerialId: null} reported QUASI_CLOSED replica.
2019-09-17 13:45:13,597 [grpc-default-executor-2] INFO  impl.RaftServerProxy (RaftServerProxy.java:remove(95)) - 73c69e8a-9bd3-45ee-8ac9-6e361d860e2f: remove  FOLLOWER 73c69e8a-9bd3-45ee-8ac9-6e361d860e2f@group-8A5A189D8196:t4, leader=235b1c08-2c3c-45bc-ab7f-b19a657e57f0, voted=null, raftlog=73c69e8a-9bd3-45ee-8ac9-6e361d860e2f@group-8A5A189D8196-SegmentedRaftLog:OPENED:c32,f32,i37, conf=0: [73c69e8a-9bd3-45ee-8ac9-6e361d860e2f:192.168.5.130:33300, 235b1c08-2c3c-45bc-ab7f-b19a657e57f0:192.168.5.130:39322, bf9845cc-5491-4380-971d-60a5c36fd440:192.168.5.130:40791], old=null RUNNING
2019-09-17 13:45:13,598 [grpc-default-executor-2] INFO  impl.RaftServerImpl (RaftServerImpl.java:lambda$shutdown$3(251)) - 73c69e8a-9bd3-45ee-8ac9-6e361d860e2f@group-8A5A189D8196: shutdown
2019-09-17 13:45:13,598 [grpc-default-executor-2] INFO  util.JmxRegister (JmxRegister.java:unregister(73)) - Successfully un-registered JMX Bean with object name Ratis:service=RaftServer,group=group-8A5A189D8196,id=73c69e8a-9bd3-45ee-8ac9-6e361d860e2f
2019-09-17 13:45:13,598 [grpc-default-executor-2] INFO  impl.RoleInfo (RoleInfo.java:shutdownFollowerState(121)) - 73c69e8a-9bd3-45ee-8ac9-6e361d860e2f: shutdown FollowerState
2019-09-17 13:45:13,599 [grpc-default-executor-2] INFO  impl.StateMachineUpdater (StateMachineUpdater.java:stopAndJoin(125)) - 73c69e8a-9bd3-45ee-8ac9-6e361d860e2f@group-8A5A189D8196-StateMachineUpdater: set stopIndex = 32
2019-09-17 13:45:13,599 [73c69e8a-9bd3-45ee-8ac9-6e361d860e2f@group-8A5A189D8196-StateMachineUpdater] INFO  ratis.ContainerStateMachine (ContainerStateMachine.java:takeSnapshot(289)) - group-8A5A189D8196: Taking a snapshot at:(t:4, i:28) file /tmp/workdir/hadoop-ozone/tools/target/test-dir/MiniOzoneClusterImpl-5c3156a5-1eb5-4435-9faa-bd301b5c4b00/datanode-0/data/ratis/035cdd69-bb9b-4d06-9aec-8a5a189d8196/sm/snapshot.4_28
2019-09-17 13:45:13,599 [Thread-307] INFO  impl.FollowerState (FollowerState.java:run(115)) - 73c69e8a-9bd3-45ee-8ac9-6e361d860e2f: FollowerState was interrupted: java.lang.InterruptedException: sleep interrupted
2019-09-17 13:45:13,617 [73c69e8a-9bd3-45ee-8ac9-6e361d860e2f@group-8A5A189D8196-StateMachineUpdater] INFO  ratis.ContainerStateMachine (ContainerStateMachine.java:takeSnapshot(300)) - group-8A5A189D8196: Finished taking a snapshot at:(t:4, i:28) file:/tmp/workdir/hadoop-ozone/tools/target/test-dir/MiniOzoneClusterImpl-5c3156a5-1eb5-4435-9faa-bd301b5c4b00/datanode-0/data/ratis/035cdd69-bb9b-4d06-9aec-8a5a189d8196/sm/snapshot.4_28 time:18
2019-09-17 13:45:13,617 [73c69e8a-9bd3-45ee-8ac9-6e361d860e2f@group-8A5A189D8196-StateMachineUpdater] INFO  impl.StateMachineUpdater (StateMachineUpdater.java:takeSnapshot(258)) - 73c69e8a-9bd3-45ee-8ac9-6e361d860e2f@group-8A5A189D8196-StateMachineUpdater: Took a snapshot at index 28
2019-09-17 13:45:13,617 [73c69e8a-9bd3-45ee-8ac9-6e361d860e2f@group-8A5A189D8196-StateMachineUpdater] INFO  impl.StateMachineUpdater (StateMachineUpdater.java:lambda$new$0(83)) - 73c69e8a-9bd3-45ee-8ac9-6e361d860e2f@group-8A5A189D8196-StateMachineUpdater: snapshotIndex: updateIncreasingly -1 -> 28
2019-09-17 13:45:13,618 [73c69e8a-9bd3-45ee-8ac9-6e361d860e2f@group-8A5A189D8196-StateMachineUpdater] INFO  ratis.ContainerStateMachine (ContainerStateMachine.java:takeSnapshot(289)) - group-8A5A189D8196: Taking a snapshot at:(t:4, i:28) file /tmp/workdir/hadoop-ozone/tools/target/test-dir/MiniOzoneClusterImpl-5c3156a5-1eb5-4435-9faa-bd301b5c4b00/datanode-0/data/ratis/035cdd69-bb9b-4d06-9aec-8a5a189d8196/sm/snapshot.4_28
2019-09-17 13:45:13,647 [73c69e8a-9bd3-45ee-8ac9-6e361d860e2f@group-8A5A189D8196-StateMachineUpdater] INFO  ratis.ContainerStateMachine (ContainerStateMachine.java:takeSnapshot(300)) - group-8A5A189D8196: Finished taking a snapshot at:(t:4, i:28) file:/tmp/workdir/hadoop-ozone/tools/target/test-dir/MiniOzoneClusterImpl-5c3156a5-1eb5-4435-9faa-bd301b5c4b00/datanode-0/data/ratis/035cdd69-bb9b-4d06-9aec-8a5a189d8196/sm/snapshot.4_28 time:30
2019-09-17 13:45:13,647 [73c69e8a-9bd3-45ee-8ac9-6e361d860e2f@group-8A5A189D8196-StateMachineUpdater] INFO  impl.StateMachineUpdater (StateMachineUpdater.java:takeSnapshot(258)) - 73c69e8a-9bd3-45ee-8ac9-6e361d860e2f@group-8A5A189D8196-StateMachineUpdater: Took a snapshot at index 28
2019-09-17 13:45:13,648 [73c69e8a-9bd3-45ee-8ac9-6e361d860e2f@group-8A5A189D8196-StateMachineUpdater] INFO  impl.StateMachineUpdater (StateMachineUpdater.java:lambda$new$0(83)) - 73c69e8a-9bd3-45ee-8ac9-6e361d860e2f@group-8A5A189D8196-StateMachineUpdater: snapshotIndex: updateIncreasingly 28 -> 28
2019-09-17 13:45:13,648 [grpc-default-executor-2] INFO  impl.RaftServerImpl (ServerState.java:close(385)) - 73c69e8a-9bd3-45ee-8ac9-6e361d860e2f@group-8A5A189D8196: closes. applyIndex: 32
2019-09-17 13:45:13,651 [73c69e8a-9bd3-45ee-8ac9-6e361d860e2f@group-8A5A189D8196-SegmentedRaftLogWorker] ERROR ratis.XceiverServerRatis (XceiverServerRatis.java:triggerPipelineClose(575)) - pipeline Action CLOSE  on pipeline PipelineID=035cdd69-bb9b-4d06-9aec-8a5a189d8196.Reason : WriteLog:35: (t:4, i:35), STATEMACHINELOGENTRY, client-B79E81ABE48D, cid=30-writeStateMachineData interrupted.
2019-09-17 13:45:13,653 [EventQueue-PipelineActionsForPipelineActionHandler] ERROR pipeline.PipelineActionHandler (PipelineActionHandler.java:onMessage(60)) - Received pipeline action CLOSE for Pipeline[ Id: 035cdd69-bb9b-4d06-9aec-8a5a189d8196, Nodes: bf9845cc-5491-4380-971d-60a5c36fd440{ip: 192.168.5.130, host: pr-hdds-2136-chhj8-2666454444, networkLocation: /default-rack, certSerialId: null}73c69e8a-9bd3-45ee-8ac9-6e361d860e2f{ip: 192.168.5.130, host: pr-hdds-2136-chhj8-2666454444, networkLocation: /default-rack, certSerialId: null}235b1c08-2c3c-45bc-ab7f-b19a657e57f0{ip: 192.168.5.130, host: pr-hdds-2136-chhj8-2666454444, networkLocation: /default-rack, certSerialId: null}, Type:RATIS, Factor:THREE, State:CLOSED] from datanode 73c69e8a-9bd3-45ee-8ac9-6e361d860e2f{ip: 192.168.5.130, host: pr-hdds-2136-chhj8-2666454444, networkLocation: /default-rack, certSerialId: null}. Reason : WriteLog:35: (t:4, i:35), STATEMACHINELOGENTRY, client-B79E81ABE48D, cid=30-writeStateMachineData interrupted.
2019-09-17 13:45:13,653 [EventQueue-PipelineActionsForPipelineActionHandler] INFO  pipeline.SCMPipelineManager (SCMPipelineManager.java:finalizeAndDestroyPipeline(311)) - destroying pipeline:Pipeline[ Id: 035cdd69-bb9b-4d06-9aec-8a5a189d8196, Nodes: bf9845cc-5491-4380-971d-60a5c36fd440{ip: 192.168.5.130, host: pr-hdds-2136-chhj8-2666454444, networkLocation: /default-rack, certSerialId: null}73c69e8a-9bd3-45ee-8ac9-6e361d860e2f{ip: 192.168.5.130, host: pr-hdds-2136-chhj8-2666454444, networkLocation: /default-rack, certSerialId: null}235b1c08-2c3c-45bc-ab7f-b19a657e57f0{ip: 192.168.5.130, host: pr-hdds-2136-chhj8-2666454444, networkLocation: /default-rack, certSerialId: null}, Type:RATIS, Factor:THREE, State:CLOSED]
2019-09-17 13:45:13,659 [grpc-default-executor-2] INFO  segmented.SegmentedRaftLogWorker (SegmentedRaftLogWorker.java:close(228)) - 73c69e8a-9bd3-45ee-8ac9-6e361d860e2f@group-8A5A189D8196-SegmentedRaftLogWorker close()
2019-09-17 13:45:13,682 [grpc-default-executor-2] INFO  interfaces.Container (KeyValueContainer.java:flushAndSyncDB(386)) - Container 1 is synced with bcsId 12.
2019-09-17 13:45:13,683 [grpc-default-executor-2] INFO  interfaces.Container (KeyValueContainer.java:flushAndSyncDB(386)) - Container 1 is synced with bcsId 12.
2019-09-17 13:45:13,717 [grpc-default-executor-2] INFO  interfaces.Container (KeyValueContainer.java:flushAndSyncDB(386)) - Container 2 is synced with bcsId 28.
2019-09-17 13:45:13,717 [grpc-default-executor-2] INFO  interfaces.Container (KeyValueContainer.java:flushAndSyncDB(386)) - Container 2 is synced with bcsId 28.
2019-09-17 13:45:13,862 [grpc-default-executor-2] INFO  interfaces.Container (KeyValueContainer.java:flushAndSyncDB(386)) - Container 3 is synced with bcsId 0.
2019-09-17 13:45:13,862 [grpc-default-executor-2] INFO  interfaces.Container (KeyValueContainer.java:flushAndSyncDB(386)) - Container 3 is synced with bcsId 0.
2019-09-17 13:45:13,895 [grpc-default-executor-2] INFO  impl.RaftServerProxy (RaftServerProxy.java:remove(95)) - 235b1c08-2c3c-45bc-ab7f-b19a657e57f0: remove    LEADER 235b1c08-2c3c-45bc-ab7f-b19a657e57f0@group-8A5A189D8196:t4, leader=235b1c08-2c3c-45bc-ab7f-b19a657e57f0, voted=235b1c08-2c3c-45bc-ab7f-b19a657e57f0, raftlog=235b1c08-2c3c-45bc-ab7f-b19a657e57f0@group-8A5A189D8196-SegmentedRaftLog:OPENED:c32,f32,i37, conf=0: [73c69e8a-9bd3-45ee-8ac9-6e361d860e2f:192.168.5.130:33300, 235b1c08-2c3c-45bc-ab7f-b19a657e57f0:192.168.5.130:39322, bf9845cc-5491-4380-971d-60a5c36fd440:192.168.5.130:40791], old=null RUNNING
2019-09-17 13:45:13,896 [grpc-default-executor-2] INFO  impl.RaftServerImpl (RaftServerImpl.java:lambda$shutdown$3(251)) - 235b1c08-2c3c-45bc-ab7f-b19a657e57f0@group-8A5A189D8196: shutdown
2019-09-17 13:45:13,896 [grpc-default-executor-2] INFO  util.JmxRegister (JmxRegister.java:unregister(73)) - Successfully un-registered JMX Bean with object name Ratis:service=RaftServer,group=group-8A5A189D8196,id=235b1c08-2c3c-45bc-ab7f-b19a657e57f0
2019-09-17 13:45:13,896 [grpc-default-executor-2] INFO  impl.RoleInfo (RoleInfo.java:shutdownLeaderState(104)) - 235b1c08-2c3c-45bc-ab7f-b19a657e57f0: shutdown LeaderState
2019-09-17 13:45:13,900 [grpc-default-executor-2] INFO  impl.PendingRequests (PendingRequests.java:sendNotLeaderResponses(202)) - 235b1c08-2c3c-45bc-ab7f-b19a657e57f0-PendingRequests: sendNotLeaderResponses
2019-09-17 13:45:13,900 [org.apache.ratis.server.impl.LogAppender$AppenderDaemon$$Lambda$512/1779790241@1a5926d9] WARN  server.GrpcLogAppender (GrpcLogAppender.java:mayWait(143)) - 235b1c08-2c3c-45bc-ab7f-b19a657e57f0@group-8A5A189D8196->73c69e8a-9bd3-45ee-8ac9-6e361d860e2f-GrpcLogAppender: Wait interrupted by java.lang.InterruptedException
2019-09-17 13:45:13,900 [org.apache.ratis.server.impl.LogAppender$AppenderDaemon$$Lambda$512/1779790241@51703f4c] WARN  server.GrpcLogAppender (GrpcLogAppender.java:mayWait(143)) - 235b1c08-2c3c-45bc-ab7f-b19a657e57f0@group-8A5A189D8196->bf9845cc-5491-4380-971d-60a5c36fd440-GrpcLogAppender: Wait interrupted by java.lang.InterruptedException
2019-09-17 13:45:13,901 [grpc-default-executor-3] INFO  server.GrpcServerProtocolService (GrpcServerProtocolService.java:onCompleted(113)) - 73c69e8a-9bd3-45ee-8ac9-6e361d860e2f: Completed APPEND_ENTRIES, lastRequest: 235b1c08-2c3c-45bc-ab7f-b19a657e57f0->73c69e8a-9bd3-45ee-8ac9-6e361d860e2f#112-t4, previous=(t:4, i:37), leaderCommit=32, initializing? false, entries: <empty>
2019-09-17 13:45:13,901 [grpc-default-executor-4] INFO  server.GrpcServerProtocolService (GrpcServerProtocolService.java:onCompleted(113)) - bf9845cc-5491-4380-971d-60a5c36fd440: Completed APPEND_ENTRIES, lastRequest: 235b1c08-2c3c-45bc-ab7f-b19a657e57f0->bf9845cc-5491-4380-971d-60a5c36fd440#112-t4, previous=(t:4, i:37), leaderCommit=32, initializing? false, entries: <empty>
2019-09-17 13:45:13,902 [grpc-default-executor-4] INFO  server.GrpcLogAppender (GrpcLogAppender.java:onCompleted(293)) - 235b1c08-2c3c-45bc-ab7f-b19a657e57f0@group-8A5A189D8196->73c69e8a-9bd3-45ee-8ac9-6e361d860e2f-AppendLogResponseHandler: follower responses appendEntries COMPLETED
2019-09-17 13:45:13,902 [grpc-default-executor-3] INFO  server.GrpcLogAppender (GrpcLogAppender.java:onCompleted(293)) - 235b1c08-2c3c-45bc-ab7f-b19a657e57f0@group-8A5A189D8196->bf9845cc-5491-4380-971d-60a5c36fd440-AppendLogResponseHandler: follower responses appendEntries COMPLETED
2019-09-17 13:45:13,906 [grpc-default-executor-4] INFO  impl.FollowerInfo (FollowerInfo.java:lambda$new$0(51)) - 235b1c08-2c3c-45bc-ab7f-b19a657e57f0@group-8A5A189D8196->73c69e8a-9bd3-45ee-8ac9-6e361d860e2f: nextIndex: updateUnconditionally 38 -> 33
2019-09-17 13:45:13,906 [grpc-default-executor-3] INFO  impl.FollowerInfo (FollowerInfo.java:lambda$new$0(51)) - 235b1c08-2c3c-45bc-ab7f-b19a657e57f0@group-8A5A189D8196->bf9845cc-5491-4380-971d-60a5c36fd440: nextIndex: updateUnconditionally 38 -> 33
2019-09-17 13:45:13,906 [grpc-default-executor-2] INFO  impl.StateMachineUpdater (StateMachineUpdater.java:stopAndJoin(125)) - 235b1c08-2c3c-45bc-ab7f-b19a657e57f0@group-8A5A189D8196-StateMachineUpdater: set stopIndex = 32
2019-09-17 13:45:13,906 [235b1c08-2c3c-45bc-ab7f-b19a657e57f0@group-8A5A189D8196-StateMachineUpdater] INFO  ratis.ContainerStateMachine (ContainerStateMachine.java:takeSnapshot(289)) - group-8A5A189D8196: Taking a snapshot at:(t:4, i:28) file /tmp/workdir/hadoop-ozone/tools/target/test-dir/MiniOzoneClusterImpl-5c3156a5-1eb5-4435-9faa-bd301b5c4b00/datanode-1/data/ratis/035cdd69-bb9b-4d06-9aec-8a5a189d8196/sm/snapshot.4_28
2019-09-17 13:45:13,946 [235b1c08-2c3c-45bc-ab7f-b19a657e57f0@group-8A5A189D8196-StateMachineUpdater] INFO  ratis.ContainerStateMachine (ContainerStateMachine.java:takeSnapshot(300)) - group-8A5A189D8196: Finished taking a snapshot at:(t:4, i:28) file:/tmp/workdir/hadoop-ozone/tools/target/test-dir/MiniOzoneClusterImpl-5c3156a5-1eb5-4435-9faa-bd301b5c4b00/datanode-1/data/ratis/035cdd69-bb9b-4d06-9aec-8a5a189d8196/sm/snapshot.4_28 time:40
2019-09-17 13:45:13,947 [235b1c08-2c3c-45bc-ab7f-b19a657e57f0@group-8A5A189D8196-StateMachineUpdater] INFO  impl.StateMachineUpdater (StateMachineUpdater.java:takeSnapshot(258)) - 235b1c08-2c3c-45bc-ab7f-b19a657e57f0@group-8A5A189D8196-StateMachineUpdater: Took a snapshot at index 28
2019-09-17 13:45:13,947 [235b1c08-2c3c-45bc-ab7f-b19a657e57f0@group-8A5A189D8196-StateMachineUpdater] INFO  impl.StateMachineUpdater (StateMachineUpdater.java:lambda$new$0(83)) - 235b1c08-2c3c-45bc-ab7f-b19a657e57f0@group-8A5A189D8196-StateMachineUpdater: snapshotIndex: updateIncreasingly -1 -> 28
2019-09-17 13:45:13,947 [235b1c08-2c3c-45bc-ab7f-b19a657e57f0@group-8A5A189D8196-StateMachineUpdater] INFO  ratis.ContainerStateMachine (ContainerStateMachine.java:takeSnapshot(289)) - group-8A5A189D8196: Taking a snapshot at:(t:4, i:28) file /tmp/workdir/hadoop-ozone/tools/target/test-dir/MiniOzoneClusterImpl-5c3156a5-1eb5-4435-9faa-bd301b5c4b00/datanode-1/data/ratis/035cdd69-bb9b-4d06-9aec-8a5a189d8196/sm/snapshot.4_28
2019-09-17 13:45:13,947 [Command processor thread] ERROR commandhandler.CloseContainerCommandHandler (CloseContainerCommandHandler.java:handle(125)) - Can't close container #2
java.io.IOException: org.apache.ratis.protocol.GroupMismatchException: 235b1c08-2c3c-45bc-ab7f-b19a657e57f0: group-8A5A189D8196 not found.
	at org.apache.hadoop.ozone.container.common.transport.server.ratis.XceiverServerRatis.submitRequest(XceiverServerRatis.java:502)
	at org.apache.hadoop.ozone.container.common.statemachine.commandhandler.CloseContainerCommandHandler.handle(CloseContainerCommandHandler.java:102)
	at org.apache.hadoop.ozone.container.common.statemachine.commandhandler.CommandDispatcher.handle(CommandDispatcher.java:99)
	at org.apache.hadoop.ozone.container.common.statemachine.DatanodeStateMachine.lambda$initCommandHandlerThread$1(DatanodeStateMachine.java:432)
	at java.lang.Thread.run(Thread.java:748)
Caused by: java.util.concurrent.ExecutionException: org.apache.ratis.protocol.GroupMismatchException: 235b1c08-2c3c-45bc-ab7f-b19a657e57f0: group-8A5A189D8196 not found.
	at java.util.concurrent.CompletableFuture.reportGet(CompletableFuture.java:357)
	at java.util.concurrent.CompletableFuture.get(CompletableFuture.java:1895)
	at org.apache.hadoop.ozone.container.common.transport.server.ratis.XceiverServerRatis.submitRequest(XceiverServerRatis.java:500)
	... 4 more
Caused by: org.apache.ratis.protocol.GroupMismatchException: 235b1c08-2c3c-45bc-ab7f-b19a657e57f0: group-8A5A189D8196 not found.
	at org.apache.ratis.server.impl.RaftServerProxy$ImplMap.get(RaftServerProxy.java:122)
	at org.apache.ratis.server.impl.RaftServerProxy.getImplFuture(RaftServerProxy.java:269)
	at org.apache.ratis.server.impl.RaftServerProxy.submitRequest(RaftServerProxy.java:327)
	at org.apache.ratis.server.impl.RaftServerProxy.submitClientRequestAsync(RaftServerProxy.java:333)
	... 5 more
2019-09-17 13:45:13,964 [235b1c08-2c3c-45bc-ab7f-b19a657e57f0@group-8A5A189D8196-StateMachineUpdater] INFO  ratis.ContainerStateMachine (ContainerStateMachine.java:takeSnapshot(300)) - group-8A5A189D8196: Finished taking a snapshot at:(t:4, i:28) file:/tmp/workdir/hadoop-ozone/tools/target/test-dir/MiniOzoneClusterImpl-5c3156a5-1eb5-4435-9faa-bd301b5c4b00/datanode-1/data/ratis/035cdd69-bb9b-4d06-9aec-8a5a189d8196/sm/snapshot.4_28 time:17
2019-09-17 13:45:13,964 [235b1c08-2c3c-45bc-ab7f-b19a657e57f0@group-8A5A189D8196-StateMachineUpdater] INFO  impl.StateMachineUpdater (StateMachineUpdater.java:takeSnapshot(258)) - 235b1c08-2c3c-45bc-ab7f-b19a657e57f0@group-8A5A189D8196-StateMachineUpdater: Took a snapshot at index 28
2019-09-17 13:45:13,964 [235b1c08-2c3c-45bc-ab7f-b19a657e57f0@group-8A5A189D8196-StateMachineUpdater] INFO  impl.StateMachineUpdater (StateMachineUpdater.java:lambda$new$0(83)) - 235b1c08-2c3c-45bc-ab7f-b19a657e57f0@group-8A5A189D8196-StateMachineUpdater: snapshotIndex: updateIncreasingly 28 -> 28
2019-09-17 13:45:13,964 [Command processor thread] ERROR commandhandler.CloseContainerCommandHandler (CloseContainerCommandHandler.java:handle(125)) - Can't close container #3
java.io.IOException: org.apache.ratis.protocol.GroupMismatchException: 235b1c08-2c3c-45bc-ab7f-b19a657e57f0: group-8A5A189D8196 not found.
	at org.apache.hadoop.ozone.container.common.transport.server.ratis.XceiverServerRatis.submitRequest(XceiverServerRatis.java:502)
	at org.apache.hadoop.ozone.container.common.statemachine.commandhandler.CloseContainerCommandHandler.handle(CloseContainerCommandHandler.java:102)
	at org.apache.hadoop.ozone.container.common.statemachine.commandhandler.CommandDispatcher.handle(CommandDispatcher.java:99)
	at org.apache.hadoop.ozone.container.common.statemachine.DatanodeStateMachine.lambda$initCommandHandlerThread$1(DatanodeStateMachine.java:432)
	at java.lang.Thread.run(Thread.java:748)
Caused by: java.util.concurrent.ExecutionException: org.apache.ratis.protocol.GroupMismatchException: 235b1c08-2c3c-45bc-ab7f-b19a657e57f0: group-8A5A189D8196 not found.
	at java.util.concurrent.CompletableFuture.reportGet(CompletableFuture.java:357)
	at java.util.concurrent.CompletableFuture.get(CompletableFuture.java:1895)
	at org.apache.hadoop.ozone.container.common.transport.server.ratis.XceiverServerRatis.submitRequest(XceiverServerRatis.java:500)
	... 4 more
Caused by: org.apache.ratis.protocol.GroupMismatchException: 235b1c08-2c3c-45bc-ab7f-b19a657e57f0: group-8A5A189D8196 not found.
	at org.apache.ratis.server.impl.RaftServerProxy$ImplMap.get(RaftServerProxy.java:122)
	at org.apache.ratis.server.impl.RaftServerProxy.getImplFuture(RaftServerProxy.java:269)
	at org.apache.ratis.server.impl.RaftServerProxy.submitRequest(RaftServerProxy.java:327)
	at org.apache.ratis.server.impl.RaftServerProxy.submitClientRequestAsync(RaftServerProxy.java:333)
	... 5 more
2019-09-17 13:45:13,964 [grpc-default-executor-2] INFO  impl.RaftServerImpl (ServerState.java:close(385)) - 235b1c08-2c3c-45bc-ab7f-b19a657e57f0@group-8A5A189D8196: closes. applyIndex: 32
2019-09-17 13:45:13,965 [235b1c08-2c3c-45bc-ab7f-b19a657e57f0@group-8A5A189D8196-SegmentedRaftLogWorker] ERROR ratis.XceiverServerRatis (XceiverServerRatis.java:triggerPipelineClose(575)) - pipeline Action CLOSE  on pipeline PipelineID=035cdd69-bb9b-4d06-9aec-8a5a189d8196.Reason : WriteLog:35: (t:4, i:35), STATEMACHINELOGENTRY, client-B79E81ABE48D, cid=30-writeStateMachineData interrupted.
2019-09-17 13:45:13,967 [EventQueue-PipelineActionsForPipelineActionHandler] ERROR pipeline.PipelineActionHandler (PipelineActionHandler.java:onMessage(60)) - Received pipeline action CLOSE for Pipeline[ Id: 035cdd69-bb9b-4d06-9aec-8a5a189d8196, Nodes: bf9845cc-5491-4380-971d-60a5c36fd440{ip: 192.168.5.130, host: pr-hdds-2136-chhj8-2666454444, networkLocation: /default-rack, certSerialId: null}73c69e8a-9bd3-45ee-8ac9-6e361d860e2f{ip: 192.168.5.130, host: pr-hdds-2136-chhj8-2666454444, networkLocation: /default-rack, certSerialId: null}235b1c08-2c3c-45bc-ab7f-b19a657e57f0{ip: 192.168.5.130, host: pr-hdds-2136-chhj8-2666454444, networkLocation: /default-rack, certSerialId: null}, Type:RATIS, Factor:THREE, State:CLOSED] from datanode 235b1c08-2c3c-45bc-ab7f-b19a657e57f0{ip: 192.168.5.130, host: pr-hdds-2136-chhj8-2666454444, networkLocation: /default-rack, certSerialId: null}. Reason : WriteLog:35: (t:4, i:35), STATEMACHINELOGENTRY, client-B79E81ABE48D, cid=30-writeStateMachineData interrupted.
2019-09-17 13:45:13,967 [EventQueue-PipelineActionsForPipelineActionHandler] INFO  pipeline.SCMPipelineManager (SCMPipelineManager.java:finalizeAndDestroyPipeline(311)) - destroying pipeline:Pipeline[ Id: 035cdd69-bb9b-4d06-9aec-8a5a189d8196, Nodes: bf9845cc-5491-4380-971d-60a5c36fd440{ip: 192.168.5.130, host: pr-hdds-2136-chhj8-2666454444, networkLocation: /default-rack, certSerialId: null}73c69e8a-9bd3-45ee-8ac9-6e361d860e2f{ip: 192.168.5.130, host: pr-hdds-2136-chhj8-2666454444, networkLocation: /default-rack, certSerialId: null}235b1c08-2c3c-45bc-ab7f-b19a657e57f0{ip: 192.168.5.130, host: pr-hdds-2136-chhj8-2666454444, networkLocation: /default-rack, certSerialId: null}, Type:RATIS, Factor:THREE, State:CLOSED]
2019-09-17 13:45:13,975 [grpc-default-executor-2] INFO  segmented.SegmentedRaftLogWorker (SegmentedRaftLogWorker.java:close(228)) - 235b1c08-2c3c-45bc-ab7f-b19a657e57f0@group-8A5A189D8196-SegmentedRaftLogWorker close()
2019-09-17 13:45:14,007 [grpc-default-executor-2] INFO  interfaces.Container (KeyValueContainer.java:flushAndSyncDB(386)) - Container 1 is synced with bcsId 12.
2019-09-17 13:45:14,007 [grpc-default-executor-2] INFO  interfaces.Container (KeyValueContainer.java:flushAndSyncDB(386)) - Container 1 is synced with bcsId 12.
2019-09-17 13:45:14,042 [grpc-default-executor-2] INFO  interfaces.Container (KeyValueContainer.java:flushAndSyncDB(386)) - Container 2 is synced with bcsId 28.
2019-09-17 13:45:14,042 [grpc-default-executor-2] INFO  interfaces.Container (KeyValueContainer.java:flushAndSyncDB(386)) - Container 2 is synced with bcsId 28.
2019-09-17 13:45:14,172 [grpc-default-executor-2] INFO  interfaces.Container (KeyValueContainer.java:flushAndSyncDB(386)) - Container 3 is synced with bcsId 0.
2019-09-17 13:45:14,172 [grpc-default-executor-2] INFO  interfaces.Container (KeyValueContainer.java:flushAndSyncDB(386)) - Container 3 is synced with bcsId 0.
2019-09-17 13:45:14,195 [RatisPipelineUtilsThread] INFO  pipeline.PipelineStateManager (PipelineStateManager.java:removePipeline(108)) - Pipeline Pipeline[ Id: 035cdd69-bb9b-4d06-9aec-8a5a189d8196, Nodes: bf9845cc-5491-4380-971d-60a5c36fd440{ip: 192.168.5.130, host: pr-hdds-2136-chhj8-2666454444, networkLocation: /default-rack, certSerialId: null}73c69e8a-9bd3-45ee-8ac9-6e361d860e2f{ip: 192.168.5.130, host: pr-hdds-2136-chhj8-2666454444, networkLocation: /default-rack, certSerialId: null}235b1c08-2c3c-45bc-ab7f-b19a657e57f0{ip: 192.168.5.130, host: pr-hdds-2136-chhj8-2666454444, networkLocation: /default-rack, certSerialId: null}, Type:RATIS, Factor:THREE, State:CLOSED] removed from db
2019-09-17 13:45:14,216 [grpc-default-executor-5] INFO  impl.RaftServerProxy (RaftServerProxy.java:addNew(89)) - 73c69e8a-9bd3-45ee-8ac9-6e361d860e2f: addNew group-7DC0A196B6AC:[73c69e8a-9bd3-45ee-8ac9-6e361d860e2f:192.168.5.130:33300, 235b1c08-2c3c-45bc-ab7f-b19a657e57f0:192.168.5.130:39322, bf9845cc-5491-4380-971d-60a5c36fd440:192.168.5.130:40791] returns group-7DC0A196B6AC:java.util.concurrent.CompletableFuture@50fb4d41[Not completed]
2019-09-17 13:45:14,218 [grpc-default-executor-4] INFO  impl.RaftServerProxy (RaftServerProxy.java:addNew(89)) - 235b1c08-2c3c-45bc-ab7f-b19a657e57f0: addNew group-7DC0A196B6AC:[73c69e8a-9bd3-45ee-8ac9-6e361d860e2f:192.168.5.130:33300, 235b1c08-2c3c-45bc-ab7f-b19a657e57f0:192.168.5.130:39322, bf9845cc-5491-4380-971d-60a5c36fd440:192.168.5.130:40791] returns group-7DC0A196B6AC:java.util.concurrent.CompletableFuture@74919a59[Not completed]
2019-09-17 13:45:14,218 [grpc-default-executor-2] INFO  impl.RaftServerProxy (RaftServerProxy.java:addNew(89)) - bf9845cc-5491-4380-971d-60a5c36fd440: addNew group-7DC0A196B6AC:[73c69e8a-9bd3-45ee-8ac9-6e361d860e2f:192.168.5.130:33300, 235b1c08-2c3c-45bc-ab7f-b19a657e57f0:192.168.5.130:39322, bf9845cc-5491-4380-971d-60a5c36fd440:192.168.5.130:40791] returns group-7DC0A196B6AC:java.util.concurrent.CompletableFuture@1db9db77[Not completed]
2019-09-17 13:45:14,222 [pool-27-thread-1] INFO  impl.RaftServerImpl (RaftServerImpl.java:<init>(95)) - 73c69e8a-9bd3-45ee-8ac9-6e361d860e2f: new RaftServerImpl for group-7DC0A196B6AC:[73c69e8a-9bd3-45ee-8ac9-6e361d860e2f:192.168.5.130:33300, 235b1c08-2c3c-45bc-ab7f-b19a657e57f0:192.168.5.130:39322, bf9845cc-5491-4380-971d-60a5c36fd440:192.168.5.130:40791] with ContainerStateMachine:uninitialized
 0.00% |█                                                                                                    |  0/1 Time: 0:03:242019-09-17 13:45:14,225 [pool-27-thread-1] INFO  server.RaftServerConfigKeys (ConfUtils.java:logGet(43)) - raft.server.rpc.timeout.min = 5s (custom)
2019-09-17 13:45:14,225 [pool-73-thread-3] WARN  io.KeyOutputStream (KeyOutputStream.java:handleException(276)) - Encountered exception java.io.IOException: Unexpected Storage Container Exception: java.util.concurrent.CompletionException: java.util.concurrent.CompletionException: org.apache.ratis.protocol.GroupMismatchException: bf9845cc-5491-4380-971d-60a5c36fd440: group-8A5A189D8196 not found. on the pipeline Pipeline[ Id: 035cdd69-bb9b-4d06-9aec-8a5a189d8196, Nodes: bf9845cc-5491-4380-971d-60a5c36fd440{ip: 192.168.5.130, host: pr-hdds-2136-chhj8-2666454444, networkLocation: /default-rack, certSerialId: null}73c69e8a-9bd3-45ee-8ac9-6e361d860e2f{ip: 192.168.5.130, host: pr-hdds-2136-chhj8-2666454444, networkLocation: /default-rack, certSerialId: null}235b1c08-2c3c-45bc-ab7f-b19a657e57f0{ip: 192.168.5.130, host: pr-hdds-2136-chhj8-2666454444, networkLocation: /default-rack, certSerialId: null}, Type:RATIS, Factor:THREE, State:OPEN]. The last committed block length is 0, uncommitted data length is 2097152 retry count 0
2019-09-17 13:45:14,225 [pool-27-thread-1] INFO  server.RaftServerConfigKeys (ConfUtils.java:logGet(43)) - raft.server.rpc.timeout.max = 5200ms (custom)
2019-09-17 13:45:14,225 [pool-27-thread-1] INFO  server.RaftServerConfigKeys (ConfUtils.java:logGet(43)) - raft.server.rpcslowness.timeout = 120s (custom)
2019-09-17 13:45:14,225 [pool-27-thread-1] INFO  server.RaftServerConfigKeys (ConfUtils.java:logGet(43)) - raft.server.sleep.deviation.threshold = 300 (default)
2019-09-17 13:45:14,225 [pool-27-thread-1] INFO  server.RaftServerConfigKeys (ConfUtils.java:logGet(43)) - raft.server.log.appender.install.snapshot.enabled = false (custom)
2019-09-17 13:45:14,226 [pool-27-thread-1] INFO  impl.RaftServerImpl (ServerState.java:<init>(103)) - 73c69e8a-9bd3-45ee-8ac9-6e361d860e2f@group-7DC0A196B6AC: ConfigurationManager, init=-1: [73c69e8a-9bd3-45ee-8ac9-6e361d860e2f:192.168.5.130:33300, 235b1c08-2c3c-45bc-ab7f-b19a657e57f0:192.168.5.130:39322, bf9845cc-5491-4380-971d-60a5c36fd440:192.168.5.130:40791], old=null, confs=<EMPTY_MAP>
2019-09-17 13:45:14,226 [pool-47-thread-1] INFO  impl.RaftServerImpl (RaftServerImpl.java:<init>(95)) - bf9845cc-5491-4380-971d-60a5c36fd440: new RaftServerImpl for group-7DC0A196B6AC:[73c69e8a-9bd3-45ee-8ac9-6e361d860e2f:192.168.5.130:33300, 235b1c08-2c3c-45bc-ab7f-b19a657e57f0:192.168.5.130:39322, bf9845cc-5491-4380-971d-60a5c36fd440:192.168.5.130:40791] with ContainerStateMachine:uninitialized
2019-09-17 13:45:14,226 [pool-47-thread-1] INFO  server.RaftServerConfigKeys (ConfUtils.java:logGet(43)) - raft.server.rpc.timeout.min = 5s (custom)
2019-09-17 13:45:14,226 [pool-27-thread-1] INFO  server.RaftServerConfigKeys (ConfUtils.java:logGet(43)) - raft.server.storage.dir = [/tmp/workdir/hadoop-ozone/tools/target/test-dir/MiniOzoneClusterImpl-5c3156a5-1eb5-4435-9faa-bd301b5c4b00/datanode-0/data/ratis] (custom)
2019-09-17 13:45:14,226 [pool-47-thread-1] INFO  server.RaftServerConfigKeys (ConfUtils.java:logGet(43)) - raft.server.rpc.timeout.max = 5200ms (custom)
2019-09-17 13:45:14,226 [pool-47-thread-1] INFO  server.RaftServerConfigKeys (ConfUtils.java:logGet(43)) - raft.server.rpcslowness.timeout = 120s (custom)
2019-09-17 13:45:14,226 [pool-37-thread-1] INFO  impl.RaftServerImpl (RaftServerImpl.java:<init>(95)) - 235b1c08-2c3c-45bc-ab7f-b19a657e57f0: new RaftServerImpl for group-7DC0A196B6AC:[73c69e8a-9bd3-45ee-8ac9-6e361d860e2f:192.168.5.130:33300, 235b1c08-2c3c-45bc-ab7f-b19a657e57f0:192.168.5.130:39322, bf9845cc-5491-4380-971d-60a5c36fd440:192.168.5.130:40791] with ContainerStateMachine:uninitialized
2019-09-17 13:45:14,227 [pool-27-thread-1] INFO  storage.RaftStorageDirectory (RaftStorageDirectory.java:analyzeStorage(246)) - The storage directory /tmp/workdir/hadoop-ozone/tools/target/test-dir/MiniOzoneClusterImpl-5c3156a5-1eb5-4435-9faa-bd301b5c4b00/datanode-0/data/ratis/402c8385-ff61-457f-b415-7dc0a196b6ac does not exist. Creating ...
2019-09-17 13:45:14,227 [pool-47-thread-1] INFO  server.RaftServerConfigKeys (ConfUtils.java:logGet(43)) - raft.server.sleep.deviation.threshold = 300 (default)
2019-09-17 13:45:14,227 [pool-37-thread-1] INFO  server.RaftServerConfigKeys (ConfUtils.java:logGet(43)) - raft.server.rpc.timeout.min = 5s (custom)
2019-09-17 13:45:14,227 [pool-47-thread-1] INFO  server.RaftServerConfigKeys (ConfUtils.java:logGet(43)) - raft.server.log.appender.install.snapshot.enabled = false (custom)
2019-09-17 13:45:14,227 [pool-37-thread-1] INFO  server.RaftServerConfigKeys (ConfUtils.java:logGet(43)) - raft.server.rpc.timeout.max = 5200ms (custom)
2019-09-17 13:45:14,227 [pool-47-thread-1] INFO  impl.RaftServerImpl (ServerState.java:<init>(103)) - bf9845cc-5491-4380-971d-60a5c36fd440@group-7DC0A196B6AC: ConfigurationManager, init=-1: [73c69e8a-9bd3-45ee-8ac9-6e361d860e2f:192.168.5.130:33300, 235b1c08-2c3c-45bc-ab7f-b19a657e57f0:192.168.5.130:39322, bf9845cc-5491-4380-971d-60a5c36fd440:192.168.5.130:40791], old=null, confs=<EMPTY_MAP>
2019-09-17 13:45:14,227 [pool-37-thread-1] INFO  server.RaftServerConfigKeys (ConfUtils.java:logGet(43)) - raft.server.rpcslowness.timeout = 120s (custom)
2019-09-17 13:45:14,227 [pool-47-thread-1] INFO  server.RaftServerConfigKeys (ConfUtils.java:logGet(43)) - raft.server.storage.dir = [/tmp/workdir/hadoop-ozone/tools/target/test-dir/MiniOzoneClusterImpl-5c3156a5-1eb5-4435-9faa-bd301b5c4b00/datanode-2/data/ratis] (custom)
2019-09-17 13:45:14,227 [pool-37-thread-1] INFO  server.RaftServerConfigKeys (ConfUtils.java:logGet(43)) - raft.server.sleep.deviation.threshold = 300 (default)
2019-09-17 13:45:14,228 [pool-37-thread-1] INFO  server.RaftServerConfigKeys (ConfUtils.java:logGet(43)) - raft.server.log.appender.install.snapshot.enabled = false (custom)
2019-09-17 13:45:14,228 [pool-37-thread-1] INFO  impl.RaftServerImpl (ServerState.java:<init>(103)) - 235b1c08-2c3c-45bc-ab7f-b19a657e57f0@group-7DC0A196B6AC: ConfigurationManager, init=-1: [73c69e8a-9bd3-45ee-8ac9-6e361d860e2f:192.168.5.130:33300, 235b1c08-2c3c-45bc-ab7f-b19a657e57f0:192.168.5.130:39322, bf9845cc-5491-4380-971d-60a5c36fd440:192.168.5.130:40791], old=null, confs=<EMPTY_MAP>
2019-09-17 13:45:14,228 [pool-47-thread-1] INFO  storage.RaftStorageDirectory (RaftStorageDirectory.java:analyzeStorage(246)) - The storage directory /tmp/workdir/hadoop-ozone/tools/target/test-dir/MiniOzoneClusterImpl-5c3156a5-1eb5-4435-9faa-bd301b5c4b00/datanode-2/data/ratis/402c8385-ff61-457f-b415-7dc0a196b6ac does not exist. Creating ...
2019-09-17 13:45:14,228 [pool-37-thread-1] INFO  server.RaftServerConfigKeys (ConfUtils.java:logGet(43)) - raft.server.storage.dir = [/tmp/workdir/hadoop-ozone/tools/target/test-dir/MiniOzoneClusterImpl-5c3156a5-1eb5-4435-9faa-bd301b5c4b00/datanode-1/data/ratis] (custom)
2019-09-17 13:45:14,228 [pool-37-thread-1] INFO  storage.RaftStorageDirectory (RaftStorageDirectory.java:analyzeStorage(246)) - The storage directory /tmp/workdir/hadoop-ozone/tools/target/test-dir/MiniOzoneClusterImpl-5c3156a5-1eb5-4435-9faa-bd301b5c4b00/datanode-1/data/ratis/402c8385-ff61-457f-b415-7dc0a196b6ac does not exist. Creating ...
2019-09-17 13:45:14,255 [pool-27-thread-1] INFO  storage.RaftStorageDirectory (RaftStorageDirectory.java:tryLock(328)) - Lock on /tmp/workdir/hadoop-ozone/tools/target/test-dir/MiniOzoneClusterImpl-5c3156a5-1eb5-4435-9faa-bd301b5c4b00/datanode-0/data/ratis/402c8385-ff61-457f-b415-7dc0a196b6ac/in_use.lock acquired by nodename 8806@pr-hdds-2136-chhj8-2666454444
2019-09-17 13:45:14,255 [pool-47-thread-1] INFO  storage.RaftStorageDirectory (RaftStorageDirectory.java:tryLock(328)) - Lock on /tmp/workdir/hadoop-ozone/tools/target/test-dir/MiniOzoneClusterImpl-5c3156a5-1eb5-4435-9faa-bd301b5c4b00/datanode-2/data/ratis/402c8385-ff61-457f-b415-7dc0a196b6ac/in_use.lock acquired by nodename 8806@pr-hdds-2136-chhj8-2666454444
2019-09-17 13:45:14,272 [pool-37-thread-1] INFO  storage.RaftStorageDirectory (RaftStorageDirectory.java:tryLock(328)) - Lock on /tmp/workdir/hadoop-ozone/tools/target/test-dir/MiniOzoneClusterImpl-5c3156a5-1eb5-4435-9faa-bd301b5c4b00/datanode-1/data/ratis/402c8385-ff61-457f-b415-7dc0a196b6ac/in_use.lock acquired by nodename 8806@pr-hdds-2136-chhj8-2666454444
2019-09-17 13:45:14,289 [pool-47-thread-1] INFO  storage.RaftStorage (RaftStorage.java:format(72)) - Storage directory /tmp/workdir/hadoop-ozone/tools/target/test-dir/MiniOzoneClusterImpl-5c3156a5-1eb5-4435-9faa-bd301b5c4b00/datanode-2/data/ratis/402c8385-ff61-457f-b415-7dc0a196b6ac has been successfully formatted.
2019-09-17 13:45:14,289 [pool-27-thread-1] INFO  storage.RaftStorage (RaftStorage.java:format(72)) - Storage directory /tmp/workdir/hadoop-ozone/tools/target/test-dir/MiniOzoneClusterImpl-5c3156a5-1eb5-4435-9faa-bd301b5c4b00/datanode-0/data/ratis/402c8385-ff61-457f-b415-7dc0a196b6ac has been successfully formatted.
2019-09-17 13:45:14,290 [pool-47-thread-1] INFO  ratis.ContainerStateMachine (ContainerStateMachine.java:loadSnapshot(230)) - group-7DC0A196B6AC: The snapshot info is null. Setting the last applied indexto:(t:0, i:~)
2019-09-17 13:45:14,290 [pool-27-thread-1] INFO  ratis.ContainerStateMachine (ContainerStateMachine.java:loadSnapshot(230)) - group-7DC0A196B6AC: The snapshot info is null. Setting the last applied indexto:(t:0, i:~)
2019-09-17 13:45:14,290 [pool-47-thread-1] INFO  server.RaftServerConfigKeys (ConfUtils.java:logGet(43)) - raft.server.notification.no-leader.timeout = 120s (custom)
2019-09-17 13:45:14,290 [pool-27-thread-1] INFO  server.RaftServerConfigKeys (ConfUtils.java:logGet(43)) - raft.server.notification.no-leader.timeout = 120s (custom)
2019-09-17 13:45:14,290 [pool-47-thread-1] INFO  server.RaftServerConfigKeys (ConfUtils.java:logGet(43)) - raft.server.log.use.memory = false (default)
2019-09-17 13:45:14,290 [pool-27-thread-1] INFO  server.RaftServerConfigKeys (ConfUtils.java:logGet(43)) - raft.server.log.use.memory = false (default)
2019-09-17 13:45:14,290 [pool-47-thread-1] INFO  server.RaftServerConfigKeys (ConfUtils.java:logGet(43)) - raft.server.log.purge.gap = 1000000 (custom)
2019-09-17 13:45:14,291 [pool-27-thread-1] INFO  server.RaftServerConfigKeys (ConfUtils.java:logGet(43)) - raft.server.log.purge.gap = 1000000 (custom)
2019-09-17 13:45:14,291 [pool-47-thread-1] INFO  server.RaftServerConfigKeys (ConfUtils.java:logGet(43)) - raft.server.log.appender.buffer.byte-limit = 33554432 (custom)
2019-09-17 13:45:14,291 [pool-27-thread-1] INFO  server.RaftServerConfigKeys (ConfUtils.java:logGet(43)) - raft.server.log.appender.buffer.byte-limit = 33554432 (custom)
2019-09-17 13:45:14,291 [pool-47-thread-1] INFO  server.RaftServerConfigKeys (ConfUtils.java:logGet(43)) - raft.server.log.segment.size.max = 1048576 (custom)
2019-09-17 13:45:14,291 [pool-27-thread-1] INFO  server.RaftServerConfigKeys (ConfUtils.java:logGet(43)) - raft.server.log.segment.size.max = 1048576 (custom)
2019-09-17 13:45:14,291 [pool-47-thread-1] INFO  server.RaftServerConfigKeys (ConfUtils.java:logGet(43)) - raft.server.log.segment.cache.num.max = 2 (custom)
2019-09-17 13:45:14,291 [pool-27-thread-1] INFO  server.RaftServerConfigKeys (ConfUtils.java:logGet(43)) - raft.server.log.segment.cache.num.max = 2 (custom)
2019-09-17 13:45:14,292 [pool-47-thread-1] INFO  segmented.SegmentedRaftLogWorker (SegmentedRaftLogWorker.java:<init>(172)) - new bf9845cc-5491-4380-971d-60a5c36fd440@group-7DC0A196B6AC-SegmentedRaftLogWorker for RaftStorage:Storage Directory /tmp/workdir/hadoop-ozone/tools/target/test-dir/MiniOzoneClusterImpl-5c3156a5-1eb5-4435-9faa-bd301b5c4b00/datanode-2/data/ratis/402c8385-ff61-457f-b415-7dc0a196b6ac
2019-09-17 13:45:14,292 [pool-27-thread-1] INFO  segmented.SegmentedRaftLogWorker (SegmentedRaftLogWorker.java:<init>(172)) - new 73c69e8a-9bd3-45ee-8ac9-6e361d860e2f@group-7DC0A196B6AC-SegmentedRaftLogWorker for RaftStorage:Storage Directory /tmp/workdir/hadoop-ozone/tools/target/test-dir/MiniOzoneClusterImpl-5c3156a5-1eb5-4435-9faa-bd301b5c4b00/datanode-0/data/ratis/402c8385-ff61-457f-b415-7dc0a196b6ac
2019-09-17 13:45:14,292 [pool-47-thread-1] INFO  server.RaftServerConfigKeys (ConfUtils.java:logGet(43)) - raft.server.log.queue.byte-limit = 2147483647 (custom)
2019-09-17 13:45:14,292 [pool-27-thread-1] INFO  server.RaftServerConfigKeys (ConfUtils.java:logGet(43)) - raft.server.log.queue.byte-limit = 2147483647 (custom)
2019-09-17 13:45:14,292 [pool-47-thread-1] INFO  server.RaftServerConfigKeys (ConfUtils.java:logGet(43)) - raft.server.log.queue.element-limit = 1024 (custom)
2019-09-17 13:45:14,292 [pool-27-thread-1] INFO  server.RaftServerConfigKeys (ConfUtils.java:logGet(43)) - raft.server.log.queue.element-limit = 1024 (custom)
2019-09-17 13:45:14,292 [pool-47-thread-1] INFO  server.RaftServerConfigKeys (ConfUtils.java:logGet(43)) - raft.server.log.segment.size.max = 1048576 (custom)
2019-09-17 13:45:14,292 [pool-27-thread-1] INFO  server.RaftServerConfigKeys (ConfUtils.java:logGet(43)) - raft.server.log.segment.size.max = 1048576 (custom)
2019-09-17 13:45:14,292 [pool-47-thread-1] INFO  server.RaftServerConfigKeys (ConfUtils.java:logGet(43)) - raft.server.log.preallocated.size = 16384 (custom)
2019-09-17 13:45:14,292 [pool-27-thread-1] INFO  server.RaftServerConfigKeys (ConfUtils.java:logGet(43)) - raft.server.log.preallocated.size = 16384 (custom)
2019-09-17 13:45:14,293 [pool-47-thread-1] INFO  server.RaftServerConfigKeys (ConfUtils.java:logGet(43)) - raft.server.log.write.buffer.size = 33554432 (custom)
2019-09-17 13:45:14,293 [pool-27-thread-1] INFO  server.RaftServerConfigKeys (ConfUtils.java:logGet(43)) - raft.server.log.write.buffer.size = 33554432 (custom)
2019-09-17 13:45:14,293 [pool-47-thread-1] INFO  server.RaftServerConfigKeys (ConfUtils.java:logGet(43)) - raft.server.log.force.sync.num = 128 (default)
2019-09-17 13:45:14,293 [pool-27-thread-1] INFO  server.RaftServerConfigKeys (ConfUtils.java:logGet(43)) - raft.server.log.force.sync.num = 128 (default)
2019-09-17 13:45:14,293 [pool-47-thread-1] INFO  server.RaftServerConfigKeys (ConfUtils.java:logGet(43)) - raft.server.log.statemachine.data.sync = true (default)
2019-09-17 13:45:14,293 [pool-27-thread-1] INFO  server.RaftServerConfigKeys (ConfUtils.java:logGet(43)) - raft.server.log.statemachine.data.sync = true (default)
2019-09-17 13:45:14,293 [pool-47-thread-1] INFO  server.RaftServerConfigKeys (ConfUtils.java:logGet(43)) - raft.server.log.statemachine.data.sync.timeout = 10s (default)
2019-09-17 13:45:14,293 [pool-27-thread-1] INFO  server.RaftServerConfigKeys (ConfUtils.java:logGet(43)) - raft.server.log.statemachine.data.sync.timeout = 10s (default)
2019-09-17 13:45:14,293 [pool-47-thread-1] INFO  server.RaftServerConfigKeys (ConfUtils.java:logGet(43)) - raft.server.log.statemachine.data.sync.timeout.retry = -1 (default)
2019-09-17 13:45:14,294 [pool-27-thread-1] INFO  server.RaftServerConfigKeys (ConfUtils.java:logGet(43)) - raft.server.log.statemachine.data.sync.timeout.retry = -1 (default)
2019-09-17 13:45:14,294 [pool-47-thread-1] INFO  server.RaftServerConfigKeys (ConfUtils.java:logGet(43)) - raft.server.log.statemachine.data.caching.enabled = true (custom)
2019-09-17 13:45:14,294 [pool-27-thread-1] INFO  server.RaftServerConfigKeys (ConfUtils.java:logGet(43)) - raft.server.log.statemachine.data.caching.enabled = true (custom)
2019-09-17 13:45:14,294 [pool-47-thread-1] INFO  segmented.SegmentedRaftLogWorker (SegmentedRaftLogWorker.java:lambda$new$0(132)) - bf9845cc-5491-4380-971d-60a5c36fd440@group-7DC0A196B6AC-SegmentedRaftLogWorker: flushIndex: setUnconditionally 0 -> -1
2019-09-17 13:45:14,294 [pool-27-thread-1] INFO  segmented.SegmentedRaftLogWorker (SegmentedRaftLogWorker.java:lambda$new$0(132)) - 73c69e8a-9bd3-45ee-8ac9-6e361d860e2f@group-7DC0A196B6AC-SegmentedRaftLogWorker: flushIndex: setUnconditionally 0 -> -1
2019-09-17 13:45:14,294 [pool-47-thread-1] INFO  server.RaftServerConfigKeys (ConfUtils.java:logGet(43)) - raft.server.snapshot.auto.trigger.enabled = true (custom)
2019-09-17 13:45:14,294 [pool-27-thread-1] INFO  server.RaftServerConfigKeys (ConfUtils.java:logGet(43)) - raft.server.snapshot.auto.trigger.enabled = true (custom)
2019-09-17 13:45:14,294 [pool-47-thread-1] INFO  server.RaftServerConfigKeys (ConfUtils.java:logGet(43)) - raft.server.snapshot.auto.trigger.threshold = 10000 (custom)
2019-09-17 13:45:14,295 [pool-27-thread-1] INFO  server.RaftServerConfigKeys (ConfUtils.java:logGet(43)) - raft.server.snapshot.auto.trigger.threshold = 10000 (custom)
2019-09-17 13:45:14,295 [pool-47-thread-1] INFO  server.RaftServerConfigKeys (ConfUtils.java:logGet(43)) - raft.server.snapshot.retention.num.files = 5 (custom)
2019-09-17 13:45:14,295 [pool-27-thread-1] INFO  server.RaftServerConfigKeys (ConfUtils.java:logGet(43)) - raft.server.snapshot.retention.num.files = 5 (custom)
2019-09-17 13:45:14,295 [pool-47-thread-1] INFO  server.RaftServerConfigKeys (ConfUtils.java:logGet(43)) - raft.server.retrycache.expirytime = 600000ms (custom)
2019-09-17 13:45:14,295 [pool-27-thread-1] INFO  server.RaftServerConfigKeys (ConfUtils.java:logGet(43)) - raft.server.retrycache.expirytime = 600000ms (custom)
2019-09-17 13:45:14,299 [pool-27-thread-1] INFO  impl.RaftServerImpl (RaftServerImpl.java:start(185)) - 73c69e8a-9bd3-45ee-8ac9-6e361d860e2f@group-7DC0A196B6AC: start as a follower, conf=-1: [73c69e8a-9bd3-45ee-8ac9-6e361d860e2f:192.168.5.130:33300, 235b1c08-2c3c-45bc-ab7f-b19a657e57f0:192.168.5.130:39322, bf9845cc-5491-4380-971d-60a5c36fd440:192.168.5.130:40791], old=null
2019-09-17 13:45:14,299 [pool-47-thread-1] INFO  impl.RaftServerImpl (RaftServerImpl.java:start(185)) - bf9845cc-5491-4380-971d-60a5c36fd440@group-7DC0A196B6AC: start as a follower, conf=-1: [73c69e8a-9bd3-45ee-8ac9-6e361d860e2f:192.168.5.130:33300, 235b1c08-2c3c-45bc-ab7f-b19a657e57f0:192.168.5.130:39322, bf9845cc-5491-4380-971d-60a5c36fd440:192.168.5.130:40791], old=null
2019-09-17 13:45:14,299 [pool-27-thread-1] INFO  impl.RaftServerImpl (RaftServerImpl.java:setRole(174)) - 73c69e8a-9bd3-45ee-8ac9-6e361d860e2f@group-7DC0A196B6AC: changes role from      null to FOLLOWER at term 0 for startAsFollower
2019-09-17 13:45:14,299 [pool-47-thread-1] INFO  impl.RaftServerImpl (RaftServerImpl.java:setRole(174)) - bf9845cc-5491-4380-971d-60a5c36fd440@group-7DC0A196B6AC: changes role from      null to FOLLOWER at term 0 for startAsFollower
2019-09-17 13:45:14,299 [pool-27-thread-1] INFO  impl.RoleInfo (RoleInfo.java:updateAndGet(143)) - 73c69e8a-9bd3-45ee-8ac9-6e361d860e2f: start FollowerState
2019-09-17 13:45:14,299 [pool-47-thread-1] INFO  impl.RoleInfo (RoleInfo.java:updateAndGet(143)) - bf9845cc-5491-4380-971d-60a5c36fd440: start FollowerState
2019-09-17 13:45:14,300 [pool-47-thread-1] INFO  util.JmxRegister (JmxRegister.java:tryRegister(44)) - Successfully registered JMX Bean with object name Ratis:service=RaftServer,group=group-7DC0A196B6AC,id=bf9845cc-5491-4380-971d-60a5c36fd440
2019-09-17 13:45:14,300 [pool-27-thread-1] INFO  util.JmxRegister (JmxRegister.java:tryRegister(44)) - Successfully registered JMX Bean with object name Ratis:service=RaftServer,group=group-7DC0A196B6AC,id=73c69e8a-9bd3-45ee-8ac9-6e361d860e2f
2019-09-17 13:45:14,332 [pool-37-thread-1] INFO  storage.RaftStorage (RaftStorage.java:format(72)) - Storage directory /tmp/workdir/hadoop-ozone/tools/target/test-dir/MiniOzoneClusterImpl-5c3156a5-1eb5-4435-9faa-bd301b5c4b00/datanode-1/data/ratis/402c8385-ff61-457f-b415-7dc0a196b6ac has been successfully formatted.
2019-09-17 13:45:14,332 [pool-37-thread-1] INFO  ratis.ContainerStateMachine (ContainerStateMachine.java:loadSnapshot(230)) - group-7DC0A196B6AC: The snapshot info is null. Setting the last applied indexto:(t:0, i:~)
2019-09-17 13:45:14,332 [pool-37-thread-1] INFO  server.RaftServerConfigKeys (ConfUtils.java:logGet(43)) - raft.server.notification.no-leader.timeout = 120s (custom)
2019-09-17 13:45:14,332 [pool-37-thread-1] INFO  server.RaftServerConfigKeys (ConfUtils.java:logGet(43)) - raft.server.log.use.memory = false (default)
2019-09-17 13:45:14,332 [pool-37-thread-1] INFO  server.RaftServerConfigKeys (ConfUtils.java:logGet(43)) - raft.server.log.purge.gap = 1000000 (custom)
2019-09-17 13:45:14,332 [pool-37-thread-1] INFO  server.RaftServerConfigKeys (ConfUtils.java:logGet(43)) - raft.server.log.appender.buffer.byte-limit = 33554432 (custom)
2019-09-17 13:45:14,333 [pool-37-thread-1] INFO  server.RaftServerConfigKeys (ConfUtils.java:logGet(43)) - raft.server.log.segment.size.max = 1048576 (custom)
2019-09-17 13:45:14,333 [pool-37-thread-1] INFO  server.RaftServerConfigKeys (ConfUtils.java:logGet(43)) - raft.server.log.segment.cache.num.max = 2 (custom)
2019-09-17 13:45:14,333 [pool-37-thread-1] INFO  segmented.SegmentedRaftLogWorker (SegmentedRaftLogWorker.java:<init>(172)) - new 235b1c08-2c3c-45bc-ab7f-b19a657e57f0@group-7DC0A196B6AC-SegmentedRaftLogWorker for RaftStorage:Storage Directory /tmp/workdir/hadoop-ozone/tools/target/test-dir/MiniOzoneClusterImpl-5c3156a5-1eb5-4435-9faa-bd301b5c4b00/datanode-1/data/ratis/402c8385-ff61-457f-b415-7dc0a196b6ac
2019-09-17 13:45:14,333 [pool-37-thread-1] INFO  server.RaftServerConfigKeys (ConfUtils.java:logGet(43)) - raft.server.log.queue.byte-limit = 2147483647 (custom)
2019-09-17 13:45:14,333 [pool-37-thread-1] INFO  server.RaftServerConfigKeys (ConfUtils.java:logGet(43)) - raft.server.log.queue.element-limit = 1024 (custom)
2019-09-17 13:45:14,333 [pool-37-thread-1] INFO  server.RaftServerConfigKeys (ConfUtils.java:logGet(43)) - raft.server.log.segment.size.max = 1048576 (custom)
2019-09-17 13:45:14,333 [pool-37-thread-1] INFO  server.RaftServerConfigKeys (ConfUtils.java:logGet(43)) - raft.server.log.preallocated.size = 16384 (custom)
2019-09-17 13:45:14,333 [pool-37-thread-1] INFO  server.RaftServerConfigKeys (ConfUtils.java:logGet(43)) - raft.server.log.write.buffer.size = 33554432 (custom)
2019-09-17 13:45:14,333 [pool-37-thread-1] INFO  server.RaftServerConfigKeys (ConfUtils.java:logGet(43)) - raft.server.log.force.sync.num = 128 (default)
2019-09-17 13:45:14,334 [pool-37-thread-1] INFO  server.RaftServerConfigKeys (ConfUtils.java:logGet(43)) - raft.server.log.statemachine.data.sync = true (default)
2019-09-17 13:45:14,334 [pool-37-thread-1] INFO  server.RaftServerConfigKeys (ConfUtils.java:logGet(43)) - raft.server.log.statemachine.data.sync.timeout = 10s (default)
2019-09-17 13:45:14,334 [pool-37-thread-1] INFO  server.RaftServerConfigKeys (ConfUtils.java:logGet(43)) - raft.server.log.statemachine.data.sync.timeout.retry = -1 (default)
2019-09-17 13:45:14,334 [pool-37-thread-1] INFO  server.RaftServerConfigKeys (ConfUtils.java:logGet(43)) - raft.server.log.statemachine.data.caching.enabled = true (custom)
2019-09-17 13:45:14,334 [pool-37-thread-1] INFO  segmented.SegmentedRaftLogWorker (SegmentedRaftLogWorker.java:lambda$new$0(132)) - 235b1c08-2c3c-45bc-ab7f-b19a657e57f0@group-7DC0A196B6AC-SegmentedRaftLogWorker: flushIndex: setUnconditionally 0 -> -1
2019-09-17 13:45:14,334 [pool-37-thread-1] INFO  server.RaftServerConfigKeys (ConfUtils.java:logGet(43)) - raft.server.snapshot.auto.trigger.enabled = true (custom)
2019-09-17 13:45:14,334 [pool-37-thread-1] INFO  server.RaftServerConfigKeys (ConfUtils.java:logGet(43)) - raft.server.snapshot.auto.trigger.threshold = 10000 (custom)
2019-09-17 13:45:14,335 [pool-37-thread-1] INFO  server.RaftServerConfigKeys (ConfUtils.java:logGet(43)) - raft.server.snapshot.retention.num.files = 5 (custom)
2019-09-17 13:45:14,335 [pool-37-thread-1] INFO  server.RaftServerConfigKeys (ConfUtils.java:logGet(43)) - raft.server.retrycache.expirytime = 600000ms (custom)
2019-09-17 13:45:14,338 [pool-37-thread-1] INFO  impl.RaftServerImpl (RaftServerImpl.java:start(185)) - 235b1c08-2c3c-45bc-ab7f-b19a657e57f0@group-7DC0A196B6AC: start as a follower, conf=-1: [73c69e8a-9bd3-45ee-8ac9-6e361d860e2f:192.168.5.130:33300, 235b1c08-2c3c-45bc-ab7f-b19a657e57f0:192.168.5.130:39322, bf9845cc-5491-4380-971d-60a5c36fd440:192.168.5.130:40791], old=null
2019-09-17 13:45:14,338 [pool-37-thread-1] INFO  impl.RaftServerImpl (RaftServerImpl.java:setRole(174)) - 235b1c08-2c3c-45bc-ab7f-b19a657e57f0@group-7DC0A196B6AC: changes role from      null to FOLLOWER at term 0 for startAsFollower
2019-09-17 13:45:14,338 [pool-37-thread-1] INFO  impl.RoleInfo (RoleInfo.java:updateAndGet(143)) - 235b1c08-2c3c-45bc-ab7f-b19a657e57f0: start FollowerState
2019-09-17 13:45:14,338 [pool-37-thread-1] INFO  util.JmxRegister (JmxRegister.java:tryRegister(44)) - Successfully registered JMX Bean with object name Ratis:service=RaftServer,group=group-7DC0A196B6AC,id=235b1c08-2c3c-45bc-ab7f-b19a657e57f0
2019-09-17 13:45:14,342 [RatisPipelineUtilsThread] INFO  pipeline.PipelineStateManager (PipelineStateManager.java:addPipeline(56)) - Created pipeline Pipeline[ Id: 402c8385-ff61-457f-b415-7dc0a196b6ac, Nodes: bf9845cc-5491-4380-971d-60a5c36fd440{ip: 192.168.5.130, host: pr-hdds-2136-chhj8-2666454444, networkLocation: /default-rack, certSerialId: null}73c69e8a-9bd3-45ee-8ac9-6e361d860e2f{ip: 192.168.5.130, host: pr-hdds-2136-chhj8-2666454444, networkLocation: /default-rack, certSerialId: null}235b1c08-2c3c-45bc-ab7f-b19a657e57f0{ip: 192.168.5.130, host: pr-hdds-2136-chhj8-2666454444, networkLocation: /default-rack, certSerialId: null}, Type:RATIS, Factor:THREE, State:OPEN]
2019-09-17 13:45:14,379 [grpc-default-executor-2] INFO  client.GrpcClientProtocolClient (GrpcClientProtocolClient.java:onNext(264)) - client-BB96F508478C->bf9845cc-5491-4380-971d-60a5c36fd440: receive RaftClientReply:client-BB96F508478C->bf9845cc-5491-4380-971d-60a5c36fd440@group-7DC0A196B6AC, cid=38, FAILED org.apache.ratis.protocol.NotLeaderException: Server bf9845cc-5491-4380-971d-60a5c36fd440@group-7DC0A196B6AC is not the leader, logIndex=0, commits[bf9845cc-5491-4380-971d-60a5c36fd440:c-1]
 0.00% |█                                                                                                    |  0/1 Time: 0:03:252019-09-17 13:45:15,406 [grpc-default-executor-5] INFO  client.GrpcClientProtocolClient (GrpcClientProtocolClient.java:onNext(264)) - client-BB96F508478C->235b1c08-2c3c-45bc-ab7f-b19a657e57f0: receive RaftClientReply:client-BB96F508478C->235b1c08-2c3c-45bc-ab7f-b19a657e57f0@group-7DC0A196B6AC, cid=38, FAILED org.apache.ratis.protocol.NotLeaderException: Server 235b1c08-2c3c-45bc-ab7f-b19a657e57f0@group-7DC0A196B6AC is not the leader, logIndex=0, commits[235b1c08-2c3c-45bc-ab7f-b19a657e57f0:c-1]
 0.00% |█                                                                                                    |  0/1 Time: 0:03:262019-09-17 13:45:16,272 [grpc-default-executor-5] INFO  impl.RaftServerProxy (RaftServerProxy.java:remove(95)) - bf9845cc-5491-4380-971d-60a5c36fd440: remove group-8A5A189D8196:null
2019-09-17 13:45:16,285 [RatisPipelineUtilsThread] WARN  pipeline.RatisPipelineUtils (RatisPipelineUtils.java:destroyPipeline(66)) - Pipeline destroy failed for pipeline=PipelineID=035cdd69-bb9b-4d06-9aec-8a5a189d8196 dn=bf9845cc-5491-4380-971d-60a5c36fd440{ip: 192.168.5.130, host: pr-hdds-2136-chhj8-2666454444, networkLocation: /default-rack, certSerialId: null}
2019-09-17 13:45:16,294 [grpc-default-executor-5] INFO  impl.RaftServerProxy (RaftServerProxy.java:remove(95)) - 73c69e8a-9bd3-45ee-8ac9-6e361d860e2f: remove group-8A5A189D8196:null
2019-09-17 13:45:16,302 [RatisPipelineUtilsThread] WARN  pipeline.RatisPipelineUtils (RatisPipelineUtils.java:destroyPipeline(66)) - Pipeline destroy failed for pipeline=PipelineID=035cdd69-bb9b-4d06-9aec-8a5a189d8196 dn=73c69e8a-9bd3-45ee-8ac9-6e361d860e2f{ip: 192.168.5.130, host: pr-hdds-2136-chhj8-2666454444, networkLocation: /default-rack, certSerialId: null}
2019-09-17 13:45:16,309 [grpc-default-executor-5] INFO  impl.RaftServerProxy (RaftServerProxy.java:remove(95)) - 235b1c08-2c3c-45bc-ab7f-b19a657e57f0: remove group-8A5A189D8196:null
2019-09-17 13:45:16,316 [RatisPipelineUtilsThread] WARN  pipeline.RatisPipelineUtils (RatisPipelineUtils.java:destroyPipeline(66)) - Pipeline destroy failed for pipeline=PipelineID=035cdd69-bb9b-4d06-9aec-8a5a189d8196 dn=235b1c08-2c3c-45bc-ab7f-b19a657e57f0{ip: 192.168.5.130, host: pr-hdds-2136-chhj8-2666454444, networkLocation: /default-rack, certSerialId: null}
2019-09-17 13:45:16,316 [RatisPipelineUtilsThread] ERROR pipeline.SCMPipelineManager (Scheduler.java:lambda$schedule$1(70)) - Destroy pipeline failed for pipeline:Pipeline[ Id: 035cdd69-bb9b-4d06-9aec-8a5a189d8196, Nodes: bf9845cc-5491-4380-971d-60a5c36fd440{ip: 192.168.5.130, host: pr-hdds-2136-chhj8-2666454444, networkLocation: /default-rack, certSerialId: null}73c69e8a-9bd3-45ee-8ac9-6e361d860e2f{ip: 192.168.5.130, host: pr-hdds-2136-chhj8-2666454444, networkLocation: /default-rack, certSerialId: null}235b1c08-2c3c-45bc-ab7f-b19a657e57f0{ip: 192.168.5.130, host: pr-hdds-2136-chhj8-2666454444, networkLocation: /default-rack, certSerialId: null}, Type:RATIS, Factor:THREE, State:CLOSED]
org.apache.hadoop.hdds.scm.pipeline.PipelineNotFoundException: PipelineID=035cdd69-bb9b-4d06-9aec-8a5a189d8196 not found
	at org.apache.hadoop.hdds.scm.pipeline.PipelineStateMap.getPipeline(PipelineStateMap.java:132)
	at org.apache.hadoop.hdds.scm.pipeline.PipelineStateMap.removePipeline(PipelineStateMap.java:322)
	at org.apache.hadoop.hdds.scm.pipeline.PipelineStateManager.removePipeline(PipelineStateManager.java:107)
	at org.apache.hadoop.hdds.scm.pipeline.SCMPipelineManager.removePipeline(SCMPipelineManager.java:423)
	at org.apache.hadoop.hdds.scm.pipeline.SCMPipelineManager.destroyPipeline(SCMPipelineManager.java:409)
	at org.apache.hadoop.hdds.scm.pipeline.SCMPipelineManager.lambda$finalizeAndDestroyPipeline$0(SCMPipelineManager.java:318)
	at org.apache.hadoop.utils.Scheduler.lambda$schedule$1(Scheduler.java:68)
	at java.util.concurrent.Executors$RunnableAdapter.call(Executors.java:511)
	at java.util.concurrent.FutureTask.run(FutureTask.java:266)
	at java.util.concurrent.ScheduledThreadPoolExecutor$ScheduledFutureTask.access$201(ScheduledThreadPoolExecutor.java:180)
	at java.util.concurrent.ScheduledThreadPoolExecutor$ScheduledFutureTask.run(ScheduledThreadPoolExecutor.java:293)
	at java.util.concurrent.ThreadPoolExecutor.runWorker(ThreadPoolExecutor.java:1149)
	at java.util.concurrent.ThreadPoolExecutor$Worker.run(ThreadPoolExecutor.java:624)
	at java.lang.Thread.run(Thread.java:748)
2019-09-17 13:45:16,426 [grpc-default-executor-5] INFO  client.GrpcClientProtocolClient (GrpcClientProtocolClient.java:onNext(264)) - client-BB96F508478C->bf9845cc-5491-4380-971d-60a5c36fd440: receive RaftClientReply:client-BB96F508478C->bf9845cc-5491-4380-971d-60a5c36fd440@group-7DC0A196B6AC, cid=38, FAILED org.apache.ratis.protocol.NotLeaderException: Server bf9845cc-5491-4380-971d-60a5c36fd440@group-7DC0A196B6AC is not the leader, logIndex=0, commits[bf9845cc-5491-4380-971d-60a5c36fd440:c-1]
 0.00% |█                                                                                                    |  0/1 Time: 0:03:272019-09-17 13:45:17,310 [grpc-default-executor-2] INFO  impl.RaftServerProxy (RaftServerProxy.java:remove(95)) - bf9845cc-5491-4380-971d-60a5c36fd440: remove group-8A5A189D8196:null
2019-09-17 13:45:17,316 [RatisPipelineUtilsThread] WARN  pipeline.RatisPipelineUtils (RatisPipelineUtils.java:destroyPipeline(66)) - Pipeline destroy failed for pipeline=PipelineID=035cdd69-bb9b-4d06-9aec-8a5a189d8196 dn=bf9845cc-5491-4380-971d-60a5c36fd440{ip: 192.168.5.130, host: pr-hdds-2136-chhj8-2666454444, networkLocation: /default-rack, certSerialId: null}
2019-09-17 13:45:17,322 [grpc-default-executor-2] INFO  impl.RaftServerProxy (RaftServerProxy.java:remove(95)) - 73c69e8a-9bd3-45ee-8ac9-6e361d860e2f: remove group-8A5A189D8196:null
2019-09-17 13:45:17,326 [RatisPipelineUtilsThread] WARN  pipeline.RatisPipelineUtils (RatisPipelineUtils.java:destroyPipeline(66)) - Pipeline destroy failed for pipeline=PipelineID=035cdd69-bb9b-4d06-9aec-8a5a189d8196 dn=73c69e8a-9bd3-45ee-8ac9-6e361d860e2f{ip: 192.168.5.130, host: pr-hdds-2136-chhj8-2666454444, networkLocation: /default-rack, certSerialId: null}
2019-09-17 13:45:17,331 [grpc-default-executor-2] INFO  impl.RaftServerProxy (RaftServerProxy.java:remove(95)) - 235b1c08-2c3c-45bc-ab7f-b19a657e57f0: remove group-8A5A189D8196:null
2019-09-17 13:45:17,336 [RatisPipelineUtilsThread] WARN  pipeline.RatisPipelineUtils (RatisPipelineUtils.java:destroyPipeline(66)) - Pipeline destroy failed for pipeline=PipelineID=035cdd69-bb9b-4d06-9aec-8a5a189d8196 dn=235b1c08-2c3c-45bc-ab7f-b19a657e57f0{ip: 192.168.5.130, host: pr-hdds-2136-chhj8-2666454444, networkLocation: /default-rack, certSerialId: null}
2019-09-17 13:45:17,336 [RatisPipelineUtilsThread] ERROR pipeline.SCMPipelineManager (Scheduler.java:lambda$schedule$1(70)) - Destroy pipeline failed for pipeline:Pipeline[ Id: 035cdd69-bb9b-4d06-9aec-8a5a189d8196, Nodes: bf9845cc-5491-4380-971d-60a5c36fd440{ip: 192.168.5.130, host: pr-hdds-2136-chhj8-2666454444, networkLocation: /default-rack, certSerialId: null}73c69e8a-9bd3-45ee-8ac9-6e361d860e2f{ip: 192.168.5.130, host: pr-hdds-2136-chhj8-2666454444, networkLocation: /default-rack, certSerialId: null}235b1c08-2c3c-45bc-ab7f-b19a657e57f0{ip: 192.168.5.130, host: pr-hdds-2136-chhj8-2666454444, networkLocation: /default-rack, certSerialId: null}, Type:RATIS, Factor:THREE, State:CLOSED]
org.apache.hadoop.hdds.scm.pipeline.PipelineNotFoundException: PipelineID=035cdd69-bb9b-4d06-9aec-8a5a189d8196 not found
	at org.apache.hadoop.hdds.scm.pipeline.PipelineStateMap.getPipeline(PipelineStateMap.java:132)
	at org.apache.hadoop.hdds.scm.pipeline.PipelineStateMap.removePipeline(PipelineStateMap.java:322)
	at org.apache.hadoop.hdds.scm.pipeline.PipelineStateManager.removePipeline(PipelineStateManager.java:107)
	at org.apache.hadoop.hdds.scm.pipeline.SCMPipelineManager.removePipeline(SCMPipelineManager.java:423)
	at org.apache.hadoop.hdds.scm.pipeline.SCMPipelineManager.destroyPipeline(SCMPipelineManager.java:409)
	at org.apache.hadoop.hdds.scm.pipeline.SCMPipelineManager.lambda$finalizeAndDestroyPipeline$0(SCMPipelineManager.java:318)
	at org.apache.hadoop.utils.Scheduler.lambda$schedule$1(Scheduler.java:68)
	at java.util.concurrent.Executors$RunnableAdapter.call(Executors.java:511)
	at java.util.concurrent.FutureTask.run(FutureTask.java:266)
	at java.util.concurrent.ScheduledThreadPoolExecutor$ScheduledFutureTask.access$201(ScheduledThreadPoolExecutor.java:180)
	at java.util.concurrent.ScheduledThreadPoolExecutor$ScheduledFutureTask.run(ScheduledThreadPoolExecutor.java:293)
	at java.util.concurrent.ThreadPoolExecutor.runWorker(ThreadPoolExecutor.java:1149)
	at java.util.concurrent.ThreadPoolExecutor$Worker.run(ThreadPoolExecutor.java:624)
	at java.lang.Thread.run(Thread.java:748)
2019-09-17 13:45:17,447 [grpc-default-executor-5] INFO  client.GrpcClientProtocolClient (GrpcClientProtocolClient.java:onNext(264)) - client-BB96F508478C->235b1c08-2c3c-45bc-ab7f-b19a657e57f0: receive RaftClientReply:client-BB96F508478C->235b1c08-2c3c-45bc-ab7f-b19a657e57f0@group-7DC0A196B6AC, cid=38, FAILED org.apache.ratis.protocol.NotLeaderException: Server 235b1c08-2c3c-45bc-ab7f-b19a657e57f0@group-7DC0A196B6AC is not the leader, logIndex=0, commits[235b1c08-2c3c-45bc-ab7f-b19a657e57f0:c-1]
 0.00% |█                                                                                                    |  0/1 Time: 0:03:282019-09-17 13:45:18,474 [grpc-default-executor-2] INFO  client.GrpcClientProtocolClient (GrpcClientProtocolClient.java:onNext(264)) - client-BB96F508478C->bf9845cc-5491-4380-971d-60a5c36fd440: receive RaftClientReply:client-BB96F508478C->bf9845cc-5491-4380-971d-60a5c36fd440@group-7DC0A196B6AC, cid=38, FAILED org.apache.ratis.protocol.NotLeaderException: Server bf9845cc-5491-4380-971d-60a5c36fd440@group-7DC0A196B6AC is not the leader, logIndex=0, commits[bf9845cc-5491-4380-971d-60a5c36fd440:c-1]
 0.00% |█                                                                                                    |  0/1 Time: 0:03:292019-09-17 13:45:19,308 [grpc-default-executor-2] INFO  impl.RaftServerProxy (RaftServerProxy.java:remove(95)) - bf9845cc-5491-4380-971d-60a5c36fd440: remove group-8A5A189D8196:null
2019-09-17 13:45:19,315 [RatisPipelineUtilsThread] WARN  pipeline.RatisPipelineUtils (RatisPipelineUtils.java:destroyPipeline(66)) - Pipeline destroy failed for pipeline=PipelineID=035cdd69-bb9b-4d06-9aec-8a5a189d8196 dn=bf9845cc-5491-4380-971d-60a5c36fd440{ip: 192.168.5.130, host: pr-hdds-2136-chhj8-2666454444, networkLocation: /default-rack, certSerialId: null}
2019-09-17 13:45:19,322 [grpc-default-executor-2] INFO  impl.RaftServerProxy (RaftServerProxy.java:remove(95)) - 73c69e8a-9bd3-45ee-8ac9-6e361d860e2f: remove group-8A5A189D8196:null
2019-09-17 13:45:19,328 [RatisPipelineUtilsThread] WARN  pipeline.RatisPipelineUtils (RatisPipelineUtils.java:destroyPipeline(66)) - Pipeline destroy failed for pipeline=PipelineID=035cdd69-bb9b-4d06-9aec-8a5a189d8196 dn=73c69e8a-9bd3-45ee-8ac9-6e361d860e2f{ip: 192.168.5.130, host: pr-hdds-2136-chhj8-2666454444, networkLocation: /default-rack, certSerialId: null}
2019-09-17 13:45:19,333 [grpc-default-executor-2] INFO  impl.RaftServerProxy (RaftServerProxy.java:remove(95)) - 235b1c08-2c3c-45bc-ab7f-b19a657e57f0: remove group-8A5A189D8196:null
2019-09-17 13:45:19,339 [RatisPipelineUtilsThread] WARN  pipeline.RatisPipelineUtils (RatisPipelineUtils.java:destroyPipeline(66)) - Pipeline destroy failed for pipeline=PipelineID=035cdd69-bb9b-4d06-9aec-8a5a189d8196 dn=235b1c08-2c3c-45bc-ab7f-b19a657e57f0{ip: 192.168.5.130, host: pr-hdds-2136-chhj8-2666454444, networkLocation: /default-rack, certSerialId: null}
2019-09-17 13:45:19,339 [RatisPipelineUtilsThread] ERROR pipeline.SCMPipelineManager (Scheduler.java:lambda$schedule$1(70)) - Destroy pipeline failed for pipeline:Pipeline[ Id: 035cdd69-bb9b-4d06-9aec-8a5a189d8196, Nodes: bf9845cc-5491-4380-971d-60a5c36fd440{ip: 192.168.5.130, host: pr-hdds-2136-chhj8-2666454444, networkLocation: /default-rack, certSerialId: null}73c69e8a-9bd3-45ee-8ac9-6e361d860e2f{ip: 192.168.5.130, host: pr-hdds-2136-chhj8-2666454444, networkLocation: /default-rack, certSerialId: null}235b1c08-2c3c-45bc-ab7f-b19a657e57f0{ip: 192.168.5.130, host: pr-hdds-2136-chhj8-2666454444, networkLocation: /default-rack, certSerialId: null}, Type:RATIS, Factor:THREE, State:CLOSED]
org.apache.hadoop.hdds.scm.pipeline.PipelineNotFoundException: PipelineID=035cdd69-bb9b-4d06-9aec-8a5a189d8196 not found
	at org.apache.hadoop.hdds.scm.pipeline.PipelineStateMap.getPipeline(PipelineStateMap.java:132)
	at org.apache.hadoop.hdds.scm.pipeline.PipelineStateMap.removePipeline(PipelineStateMap.java:322)
	at org.apache.hadoop.hdds.scm.pipeline.PipelineStateManager.removePipeline(PipelineStateManager.java:107)
	at org.apache.hadoop.hdds.scm.pipeline.SCMPipelineManager.removePipeline(SCMPipelineManager.java:423)
	at org.apache.hadoop.hdds.scm.pipeline.SCMPipelineManager.destroyPipeline(SCMPipelineManager.java:409)
	at org.apache.hadoop.hdds.scm.pipeline.SCMPipelineManager.lambda$finalizeAndDestroyPipeline$0(SCMPipelineManager.java:318)
	at org.apache.hadoop.utils.Scheduler.lambda$schedule$1(Scheduler.java:68)
	at java.util.concurrent.Executors$RunnableAdapter.call(Executors.java:511)
	at java.util.concurrent.FutureTask.run(FutureTask.java:266)
	at java.util.concurrent.ScheduledThreadPoolExecutor$ScheduledFutureTask.access$201(ScheduledThreadPoolExecutor.java:180)
	at java.util.concurrent.ScheduledThreadPoolExecutor$ScheduledFutureTask.run(ScheduledThreadPoolExecutor.java:293)
	at java.util.concurrent.ThreadPoolExecutor.runWorker(ThreadPoolExecutor.java:1149)
	at java.util.concurrent.ThreadPoolExecutor$Worker.run(ThreadPoolExecutor.java:624)
	at java.lang.Thread.run(Thread.java:748)
2019-09-17 13:45:19,347 [Thread-708] INFO  impl.FollowerState (FollowerState.java:run(106)) - bf9845cc-5491-4380-971d-60a5c36fd440:group-7DC0A196B6AC changes to CANDIDATE, lastRpcTime:5047, electionTimeout:5047ms
2019-09-17 13:45:19,348 [Thread-708] INFO  impl.RoleInfo (RoleInfo.java:shutdownFollowerState(121)) - bf9845cc-5491-4380-971d-60a5c36fd440: shutdown FollowerState
2019-09-17 13:45:19,348 [Thread-708] INFO  impl.RaftServerImpl (RaftServerImpl.java:setRole(174)) - bf9845cc-5491-4380-971d-60a5c36fd440@group-7DC0A196B6AC: changes role from  FOLLOWER to CANDIDATE at term 0 for changeToCandidate
2019-09-17 13:45:19,348 [Thread-708] INFO  impl.RoleInfo (RoleInfo.java:updateAndGet(143)) - bf9845cc-5491-4380-971d-60a5c36fd440: start LeaderElection
2019-09-17 13:45:19,394 [bf9845cc-5491-4380-971d-60a5c36fd440@group-7DC0A196B6AC:LeaderElection12] INFO  impl.LeaderElection (LeaderElection.java:askForVotes(182)) - bf9845cc-5491-4380-971d-60a5c36fd440@group-7DC0A196B6AC:LeaderElection12: begin an election at term 1 for -1: [73c69e8a-9bd3-45ee-8ac9-6e361d860e2f:192.168.5.130:33300, 235b1c08-2c3c-45bc-ab7f-b19a657e57f0:192.168.5.130:39322, bf9845cc-5491-4380-971d-60a5c36fd440:192.168.5.130:40791], old=null
2019-09-17 13:45:19,399 [grpc-default-executor-2] INFO  impl.RaftServerImpl (RaftServerImpl.java:setRole(174)) - 235b1c08-2c3c-45bc-ab7f-b19a657e57f0@group-7DC0A196B6AC: changes role from  FOLLOWER to FOLLOWER at term 1 for recognizeCandidate:bf9845cc-5491-4380-971d-60a5c36fd440
2019-09-17 13:45:19,401 [grpc-default-executor-5] INFO  impl.RaftServerImpl (RaftServerImpl.java:setRole(174)) - 73c69e8a-9bd3-45ee-8ac9-6e361d860e2f@group-7DC0A196B6AC: changes role from  FOLLOWER to FOLLOWER at term 1 for recognizeCandidate:bf9845cc-5491-4380-971d-60a5c36fd440
2019-09-17 13:45:19,401 [grpc-default-executor-2] INFO  impl.RoleInfo (RoleInfo.java:shutdownFollowerState(121)) - 235b1c08-2c3c-45bc-ab7f-b19a657e57f0: shutdown FollowerState
2019-09-17 13:45:19,401 [grpc-default-executor-5] INFO  impl.RoleInfo (RoleInfo.java:shutdownFollowerState(121)) - 73c69e8a-9bd3-45ee-8ac9-6e361d860e2f: shutdown FollowerState
2019-09-17 13:45:19,402 [grpc-default-executor-2] INFO  impl.RoleInfo (RoleInfo.java:updateAndGet(143)) - 235b1c08-2c3c-45bc-ab7f-b19a657e57f0: start FollowerState
2019-09-17 13:45:19,402 [Thread-712] INFO  impl.FollowerState (FollowerState.java:run(115)) - 235b1c08-2c3c-45bc-ab7f-b19a657e57f0: FollowerState was interrupted: java.lang.InterruptedException: sleep interrupted
2019-09-17 13:45:19,402 [grpc-default-executor-5] INFO  impl.RoleInfo (RoleInfo.java:updateAndGet(143)) - 73c69e8a-9bd3-45ee-8ac9-6e361d860e2f: start FollowerState
2019-09-17 13:45:19,402 [Thread-707] INFO  impl.FollowerState (FollowerState.java:run(115)) - 73c69e8a-9bd3-45ee-8ac9-6e361d860e2f: FollowerState was interrupted: java.lang.InterruptedException: sleep interrupted
2019-09-17 13:45:19,446 [bf9845cc-5491-4380-971d-60a5c36fd440@group-7DC0A196B6AC:LeaderElection12] INFO  impl.LeaderElection (LeaderElection.java:logAndReturn(56)) - bf9845cc-5491-4380-971d-60a5c36fd440@group-7DC0A196B6AC:LeaderElection12: Election PASSED; received 1 response(s) [bf9845cc-5491-4380-971d-60a5c36fd440<-73c69e8a-9bd3-45ee-8ac9-6e361d860e2f#0:OK-t1] and 0 exception(s); bf9845cc-5491-4380-971d-60a5c36fd440@group-7DC0A196B6AC:t1, leader=null, voted=bf9845cc-5491-4380-971d-60a5c36fd440, raftlog=bf9845cc-5491-4380-971d-60a5c36fd440@group-7DC0A196B6AC-SegmentedRaftLog:OPENED:c-1,f-1,i0, conf=-1: [73c69e8a-9bd3-45ee-8ac9-6e361d860e2f:192.168.5.130:33300, 235b1c08-2c3c-45bc-ab7f-b19a657e57f0:192.168.5.130:39322, bf9845cc-5491-4380-971d-60a5c36fd440:192.168.5.130:40791], old=null
2019-09-17 13:45:19,446 [bf9845cc-5491-4380-971d-60a5c36fd440@group-7DC0A196B6AC:LeaderElection12] INFO  impl.RoleInfo (RoleInfo.java:shutdownLeaderElection(134)) - bf9845cc-5491-4380-971d-60a5c36fd440: shutdown LeaderElection
2019-09-17 13:45:19,446 [bf9845cc-5491-4380-971d-60a5c36fd440@group-7DC0A196B6AC:LeaderElection12] INFO  impl.RaftServerImpl (RaftServerImpl.java:setRole(174)) - bf9845cc-5491-4380-971d-60a5c36fd440@group-7DC0A196B6AC: changes role from CANDIDATE to LEADER at term 1 for changeToLeader
2019-09-17 13:45:19,446 [bf9845cc-5491-4380-971d-60a5c36fd440@group-7DC0A196B6AC:LeaderElection12] INFO  impl.RaftServerImpl (ServerState.java:setLeader(253)) - bf9845cc-5491-4380-971d-60a5c36fd440@group-7DC0A196B6AC: change Leader from null to bf9845cc-5491-4380-971d-60a5c36fd440 at term 1 for becomeLeader, leader elected after 5156ms
2019-09-17 13:45:19,447 [bf9845cc-5491-4380-971d-60a5c36fd440@group-7DC0A196B6AC:LeaderElection12] INFO  server.RaftServerConfigKeys (ConfUtils.java:logGet(43)) - raft.server.staging.catchup.gap = 1000 (default)
2019-09-17 13:45:19,447 [bf9845cc-5491-4380-971d-60a5c36fd440@group-7DC0A196B6AC:LeaderElection12] INFO  server.RaftServerConfigKeys (ConfUtils.java:logGet(43)) - raft.server.rpc.sleep.time = 25ms (default)
2019-09-17 13:45:19,447 [bf9845cc-5491-4380-971d-60a5c36fd440@group-7DC0A196B6AC:LeaderElection12] INFO  server.RaftServerConfigKeys (ConfUtils.java:logGet(43)) - raft.server.write.element-limit = 4096 (default)
2019-09-17 13:45:19,447 [bf9845cc-5491-4380-971d-60a5c36fd440@group-7DC0A196B6AC:LeaderElection12] INFO  server.RaftServerConfigKeys (ConfUtils.java:logGet(43)) - raft.server.watch.timeout = 10s (default)
2019-09-17 13:45:19,447 [bf9845cc-5491-4380-971d-60a5c36fd440@group-7DC0A196B6AC:LeaderElection12] INFO  server.RaftServerConfigKeys (ConfUtils.java:logGet(43)) - raft.server.watch.timeout.denomination = 1s (default)
2019-09-17 13:45:19,447 [bf9845cc-5491-4380-971d-60a5c36fd440@group-7DC0A196B6AC:LeaderElection12] INFO  server.RaftServerConfigKeys (ConfUtils.java:logGet(43)) - raft.server.watch.element-limit = 65536 (default)
2019-09-17 13:45:19,450 [bf9845cc-5491-4380-971d-60a5c36fd440@group-7DC0A196B6AC:LeaderElection12] INFO  server.RaftServerConfigKeys (ConfUtils.java:logGet(43)) - raft.server.log.appender.snapshot.chunk.size.max = 16MB (=16777216) (default)
2019-09-17 13:45:19,451 [bf9845cc-5491-4380-971d-60a5c36fd440@group-7DC0A196B6AC:LeaderElection12] INFO  server.RaftServerConfigKeys (ConfUtils.java:logGet(43)) - raft.server.log.appender.buffer.byte-limit = 33554432 (custom)
2019-09-17 13:45:19,451 [bf9845cc-5491-4380-971d-60a5c36fd440@group-7DC0A196B6AC:LeaderElection12] INFO  server.RaftServerConfigKeys (ConfUtils.java:logGet(43)) - raft.server.log.appender.buffer.element-limit = 1 (custom)
2019-09-17 13:45:19,451 [bf9845cc-5491-4380-971d-60a5c36fd440@group-7DC0A196B6AC:LeaderElection12] INFO  grpc.GrpcConfigKeys$Server (ConfUtils.java:logGet(43)) - raft.grpc.server.leader.outstanding.appends.max = 128 (default)
2019-09-17 13:45:19,451 [bf9845cc-5491-4380-971d-60a5c36fd440@group-7DC0A196B6AC:LeaderElection12] INFO  server.RaftServerConfigKeys (ConfUtils.java:logGet(43)) - raft.server.rpc.request.timeout = 3000ms (default)
2019-09-17 13:45:19,451 [bf9845cc-5491-4380-971d-60a5c36fd440@group-7DC0A196B6AC:LeaderElection12] INFO  server.RaftServerConfigKeys (ConfUtils.java:logGet(43)) - raft.server.log.appender.install.snapshot.enabled = false (custom)
2019-09-17 13:45:19,452 [bf9845cc-5491-4380-971d-60a5c36fd440@group-7DC0A196B6AC:LeaderElection12] INFO  server.RaftServerConfigKeys (ConfUtils.java:logGet(43)) - raft.server.log.appender.snapshot.chunk.size.max = 16MB (=16777216) (default)
2019-09-17 13:45:19,452 [bf9845cc-5491-4380-971d-60a5c36fd440@group-7DC0A196B6AC:LeaderElection12] INFO  server.RaftServerConfigKeys (ConfUtils.java:logGet(43)) - raft.server.log.appender.buffer.byte-limit = 33554432 (custom)
2019-09-17 13:45:19,452 [bf9845cc-5491-4380-971d-60a5c36fd440@group-7DC0A196B6AC:LeaderElection12] INFO  server.RaftServerConfigKeys (ConfUtils.java:logGet(43)) - raft.server.log.appender.buffer.element-limit = 1 (custom)
2019-09-17 13:45:19,452 [bf9845cc-5491-4380-971d-60a5c36fd440@group-7DC0A196B6AC:LeaderElection12] INFO  grpc.GrpcConfigKeys$Server (ConfUtils.java:logGet(43)) - raft.grpc.server.leader.outstanding.appends.max = 128 (default)
2019-09-17 13:45:19,452 [bf9845cc-5491-4380-971d-60a5c36fd440@group-7DC0A196B6AC:LeaderElection12] INFO  server.RaftServerConfigKeys (ConfUtils.java:logGet(43)) - raft.server.rpc.request.timeout = 3000ms (default)
2019-09-17 13:45:19,452 [bf9845cc-5491-4380-971d-60a5c36fd440@group-7DC0A196B6AC:LeaderElection12] INFO  server.RaftServerConfigKeys (ConfUtils.java:logGet(43)) - raft.server.log.appender.install.snapshot.enabled = false (custom)
2019-09-17 13:45:19,453 [bf9845cc-5491-4380-971d-60a5c36fd440@group-7DC0A196B6AC:LeaderElection12] INFO  impl.RoleInfo (RoleInfo.java:updateAndGet(143)) - bf9845cc-5491-4380-971d-60a5c36fd440: start LeaderState
2019-09-17 13:45:19,453 [bf9845cc-5491-4380-971d-60a5c36fd440@group-7DC0A196B6AC:LeaderElection12] INFO  segmented.SegmentedRaftLogWorker (SegmentedRaftLogWorker.java:startLogSegment(380)) - bf9845cc-5491-4380-971d-60a5c36fd440@group-7DC0A196B6AC-SegmentedRaftLogWorker: Starting segment from index:0
2019-09-17 13:45:19,454 [bf9845cc-5491-4380-971d-60a5c36fd440@group-7DC0A196B6AC:LeaderElection12] INFO  impl.RaftServerImpl (ServerState.java:setRaftConf(354)) - bf9845cc-5491-4380-971d-60a5c36fd440@group-7DC0A196B6AC: set configuration 0: [73c69e8a-9bd3-45ee-8ac9-6e361d860e2f:192.168.5.130:33300, 235b1c08-2c3c-45bc-ab7f-b19a657e57f0:192.168.5.130:39322, bf9845cc-5491-4380-971d-60a5c36fd440:192.168.5.130:40791], old=null at 0
2019-09-17 13:45:19,456 [grpc-default-executor-2] INFO  impl.RaftServerImpl (ServerState.java:setLeader(253)) - 235b1c08-2c3c-45bc-ab7f-b19a657e57f0@group-7DC0A196B6AC: change Leader from null to bf9845cc-5491-4380-971d-60a5c36fd440 at term 1 for appendEntries, leader elected after 5124ms
2019-09-17 13:45:19,456 [grpc-default-executor-5] INFO  impl.RaftServerImpl (ServerState.java:setLeader(253)) - 73c69e8a-9bd3-45ee-8ac9-6e361d860e2f@group-7DC0A196B6AC: change Leader from null to bf9845cc-5491-4380-971d-60a5c36fd440 at term 1 for appendEntries, leader elected after 5166ms
2019-09-17 13:45:19,488 [grpc-default-executor-2] INFO  impl.RaftServerImpl (ServerState.java:setRaftConf(354)) - 73c69e8a-9bd3-45ee-8ac9-6e361d860e2f@group-7DC0A196B6AC: set configuration 0: [73c69e8a-9bd3-45ee-8ac9-6e361d860e2f:192.168.5.130:33300, 235b1c08-2c3c-45bc-ab7f-b19a657e57f0:192.168.5.130:39322, bf9845cc-5491-4380-971d-60a5c36fd440:192.168.5.130:40791], old=null at 0
2019-09-17 13:45:19,488 [grpc-default-executor-5] INFO  impl.RaftServerImpl (ServerState.java:setRaftConf(354)) - 235b1c08-2c3c-45bc-ab7f-b19a657e57f0@group-7DC0A196B6AC: set configuration 0: [73c69e8a-9bd3-45ee-8ac9-6e361d860e2f:192.168.5.130:33300, 235b1c08-2c3c-45bc-ab7f-b19a657e57f0:192.168.5.130:39322, bf9845cc-5491-4380-971d-60a5c36fd440:192.168.5.130:40791], old=null at 0
2019-09-17 13:45:19,489 [grpc-default-executor-2] INFO  segmented.SegmentedRaftLogWorker (SegmentedRaftLogWorker.java:startLogSegment(380)) - 73c69e8a-9bd3-45ee-8ac9-6e361d860e2f@group-7DC0A196B6AC-SegmentedRaftLogWorker: Starting segment from index:0
2019-09-17 13:45:19,489 [grpc-default-executor-5] INFO  segmented.SegmentedRaftLogWorker (SegmentedRaftLogWorker.java:startLogSegment(380)) - 235b1c08-2c3c-45bc-ab7f-b19a657e57f0@group-7DC0A196B6AC-SegmentedRaftLogWorker: Starting segment from index:0
2019-09-17 13:45:19,526 [bf9845cc-5491-4380-971d-60a5c36fd440@group-7DC0A196B6AC-SegmentedRaftLogWorker] INFO  segmented.SegmentedRaftLogWorker (SegmentedRaftLogWorker.java:execute(569)) - bf9845cc-5491-4380-971d-60a5c36fd440@group-7DC0A196B6AC-SegmentedRaftLogWorker: created new log segment /tmp/workdir/hadoop-ozone/tools/target/test-dir/MiniOzoneClusterImpl-5c3156a5-1eb5-4435-9faa-bd301b5c4b00/datanode-2/data/ratis/402c8385-ff61-457f-b415-7dc0a196b6ac/current/log_inprogress_0
2019-09-17 13:45:19,527 [grpc-default-executor-5] INFO  client.GrpcClientProtocolClient (GrpcClientProtocolClient.java:onNext(264)) - client-BB96F508478C->73c69e8a-9bd3-45ee-8ac9-6e361d860e2f: receive RaftClientReply:client-BB96F508478C->73c69e8a-9bd3-45ee-8ac9-6e361d860e2f@group-7DC0A196B6AC, cid=38, FAILED org.apache.ratis.protocol.NotLeaderException: Server 73c69e8a-9bd3-45ee-8ac9-6e361d860e2f@group-7DC0A196B6AC is not the leader bf9845cc-5491-4380-971d-60a5c36fd440:192.168.5.130:40791, logIndex=0, commits[73c69e8a-9bd3-45ee-8ac9-6e361d860e2f:c-1, 235b1c08-2c3c-45bc-ab7f-b19a657e57f0:c-1, bf9845cc-5491-4380-971d-60a5c36fd440:c-1]
2019-09-17 13:45:19,545 [235b1c08-2c3c-45bc-ab7f-b19a657e57f0@group-7DC0A196B6AC-SegmentedRaftLogWorker] INFO  segmented.SegmentedRaftLogWorker (SegmentedRaftLogWorker.java:execute(569)) - 235b1c08-2c3c-45bc-ab7f-b19a657e57f0@group-7DC0A196B6AC-SegmentedRaftLogWorker: created new log segment /tmp/workdir/hadoop-ozone/tools/target/test-dir/MiniOzoneClusterImpl-5c3156a5-1eb5-4435-9faa-bd301b5c4b00/datanode-1/data/ratis/402c8385-ff61-457f-b415-7dc0a196b6ac/current/log_inprogress_0
2019-09-17 13:45:19,545 [73c69e8a-9bd3-45ee-8ac9-6e361d860e2f@group-7DC0A196B6AC-SegmentedRaftLogWorker] INFO  segmented.SegmentedRaftLogWorker (SegmentedRaftLogWorker.java:execute(569)) - 73c69e8a-9bd3-45ee-8ac9-6e361d860e2f@group-7DC0A196B6AC-SegmentedRaftLogWorker: created new log segment /tmp/workdir/hadoop-ozone/tools/target/test-dir/MiniOzoneClusterImpl-5c3156a5-1eb5-4435-9faa-bd301b5c4b00/datanode-0/data/ratis/402c8385-ff61-457f-b415-7dc0a196b6ac/current/log_inprogress_0
2019-09-17 13:45:19,745 [grpc-default-executor-5] INFO  client.GrpcClientProtocolClient (GrpcClientProtocolClient.java:onNext(264)) - client-BB96F508478C->bf9845cc-5491-4380-971d-60a5c36fd440: receive RaftClientReply:client-BB96F508478C->bf9845cc-5491-4380-971d-60a5c36fd440@group-7DC0A196B6AC, cid=38, SUCCESS, logIndex=1, commits[bf9845cc-5491-4380-971d-60a5c36fd440:c1, 73c69e8a-9bd3-45ee-8ac9-6e361d860e2f:c-1, 235b1c08-2c3c-45bc-ab7f-b19a657e57f0:c0]
2019-09-17 13:45:19,908 [grpc-default-executor-5] INFO  client.GrpcClientProtocolClient (GrpcClientProtocolClient.java:onNext(264)) - client-BB96F508478C->bf9845cc-5491-4380-971d-60a5c36fd440: receive RaftClientReply:client-BB96F508478C->bf9845cc-5491-4380-971d-60a5c36fd440@group-7DC0A196B6AC, cid=39, SUCCESS, logIndex=3, commits[bf9845cc-5491-4380-971d-60a5c36fd440:c8, 73c69e8a-9bd3-45ee-8ac9-6e361d860e2f:c5, 235b1c08-2c3c-45bc-ab7f-b19a657e57f0:c5]
2019-09-17 13:45:19,909 [grpc-default-executor-5] INFO  client.GrpcClientProtocolClient (GrpcClientProtocolClient.java:onNext(264)) - client-BB96F508478C->bf9845cc-5491-4380-971d-60a5c36fd440: receive RaftClientReply:client-BB96F508478C->bf9845cc-5491-4380-971d-60a5c36fd440@group-7DC0A196B6AC, cid=40, SUCCESS, logIndex=4, commits[bf9845cc-5491-4380-971d-60a5c36fd440:c8, 73c69e8a-9bd3-45ee-8ac9-6e361d860e2f:c5, 235b1c08-2c3c-45bc-ab7f-b19a657e57f0:c5]
2019-09-17 13:45:20,033 [grpc-default-executor-5] INFO  client.GrpcClientProtocolClient (GrpcClientProtocolClient.java:onNext(264)) - client-BB96F508478C->bf9845cc-5491-4380-971d-60a5c36fd440: receive RaftClientReply:client-BB96F508478C->bf9845cc-5491-4380-971d-60a5c36fd440@group-7DC0A196B6AC, cid=41, SUCCESS, logIndex=5, commits[bf9845cc-5491-4380-971d-60a5c36fd440:c8, 73c69e8a-9bd3-45ee-8ac9-6e361d860e2f:c5, 235b1c08-2c3c-45bc-ab7f-b19a657e57f0:c5]
2019-09-17 13:45:20,077 [grpc-default-executor-2] INFO  client.GrpcClientProtocolClient (GrpcClientProtocolClient.java:onNext(264)) - client-BB96F508478C->bf9845cc-5491-4380-971d-60a5c36fd440: receive RaftClientReply:client-BB96F508478C->bf9845cc-5491-4380-971d-60a5c36fd440@group-7DC0A196B6AC, cid=51, SUCCESS, logIndex=9, commits[bf9845cc-5491-4380-971d-60a5c36fd440:c10, 73c69e8a-9bd3-45ee-8ac9-6e361d860e2f:c8, 235b1c08-2c3c-45bc-ab7f-b19a657e57f0:c8]
2019-09-17 13:45:20,078 [grpc-default-executor-2] INFO  client.GrpcClientProtocolClient (GrpcClientProtocolClient.java:onNext(264)) - client-BB96F508478C->bf9845cc-5491-4380-971d-60a5c36fd440: receive RaftClientReply:client-BB96F508478C->bf9845cc-5491-4380-971d-60a5c36fd440@group-7DC0A196B6AC, cid=52, SUCCESS, logIndex=10, commits[bf9845cc-5491-4380-971d-60a5c36fd440:c12, 73c69e8a-9bd3-45ee-8ac9-6e361d860e2f:c8, 235b1c08-2c3c-45bc-ab7f-b19a657e57f0:c8]
2019-09-17 13:45:20,079 [grpc-default-executor-2] INFO  client.GrpcClientProtocolClient (GrpcClientProtocolClient.java:onNext(264)) - client-BB96F508478C->bf9845cc-5491-4380-971d-60a5c36fd440: receive RaftClientReply:client-BB96F508478C->bf9845cc-5491-4380-971d-60a5c36fd440@group-7DC0A196B6AC, cid=53, SUCCESS, logIndex=11, commits[bf9845cc-5491-4380-971d-60a5c36fd440:c12, 73c69e8a-9bd3-45ee-8ac9-6e361d860e2f:c8, 235b1c08-2c3c-45bc-ab7f-b19a657e57f0:c8]
2019-09-17 13:45:20,079 [grpc-default-executor-2] INFO  client.GrpcClientProtocolClient (GrpcClientProtocolClient.java:onNext(264)) - client-BB96F508478C->bf9845cc-5491-4380-971d-60a5c36fd440: receive RaftClientReply:client-BB96F508478C->bf9845cc-5491-4380-971d-60a5c36fd440@group-7DC0A196B6AC, cid=54, SUCCESS, logIndex=12, commits[bf9845cc-5491-4380-971d-60a5c36fd440:c12, 73c69e8a-9bd3-45ee-8ac9-6e361d860e2f:c8, 235b1c08-2c3c-45bc-ab7f-b19a657e57f0:c8]
2019-09-17 13:45:20,089 [grpc-default-executor-2] INFO  client.GrpcClientProtocolClient (GrpcClientProtocolClient.java:onNext(264)) - client-BB96F508478C->bf9845cc-5491-4380-971d-60a5c36fd440: receive RaftClientReply:client-BB96F508478C->bf9845cc-5491-4380-971d-60a5c36fd440@group-7DC0A196B6AC, cid=55, SUCCESS, logIndex=0, commits[bf9845cc-5491-4380-971d-60a5c36fd440:c16, 73c69e8a-9bd3-45ee-8ac9-6e361d860e2f:c12, 235b1c08-2c3c-45bc-ab7f-b19a657e57f0:c10]
2019-09-17 13:45:20,092 [grpc-default-executor-2] INFO  client.GrpcClientProtocolClient (GrpcClientProtocolClient.java:onNext(264)) - client-BB96F508478C->bf9845cc-5491-4380-971d-60a5c36fd440: receive RaftClientReply:client-BB96F508478C->bf9845cc-5491-4380-971d-60a5c36fd440@group-7DC0A196B6AC, cid=56, SUCCESS, logIndex=0, commits[bf9845cc-5491-4380-971d-60a5c36fd440:c16, 73c69e8a-9bd3-45ee-8ac9-6e361d860e2f:c12, 235b1c08-2c3c-45bc-ab7f-b19a657e57f0:c12]
 0.00% |█                                                                                                    |  0/1 Time: 0:03:30 0.00% |█                                                                                                    |  0/1 Time: 0:03:31 0.00% |█                                                                                                    |  0/1 Time: 0:03:322019-09-17 13:45:22,310 [grpc-default-executor-2] INFO  impl.RaftServerProxy (RaftServerProxy.java:remove(95)) - bf9845cc-5491-4380-971d-60a5c36fd440: remove group-8A5A189D8196:null
2019-09-17 13:45:22,317 [RatisPipelineUtilsThread] WARN  pipeline.RatisPipelineUtils (RatisPipelineUtils.java:destroyPipeline(66)) - Pipeline destroy failed for pipeline=PipelineID=035cdd69-bb9b-4d06-9aec-8a5a189d8196 dn=bf9845cc-5491-4380-971d-60a5c36fd440{ip: 192.168.5.130, host: pr-hdds-2136-chhj8-2666454444, networkLocation: /default-rack, certSerialId: null}
2019-09-17 13:45:22,325 [grpc-default-executor-2] INFO  impl.RaftServerProxy (RaftServerProxy.java:remove(95)) - 73c69e8a-9bd3-45ee-8ac9-6e361d860e2f: remove group-8A5A189D8196:null
2019-09-17 13:45:22,331 [RatisPipelineUtilsThread] WARN  pipeline.RatisPipelineUtils (RatisPipelineUtils.java:destroyPipeline(66)) - Pipeline destroy failed for pipeline=PipelineID=035cdd69-bb9b-4d06-9aec-8a5a189d8196 dn=73c69e8a-9bd3-45ee-8ac9-6e361d860e2f{ip: 192.168.5.130, host: pr-hdds-2136-chhj8-2666454444, networkLocation: /default-rack, certSerialId: null}
2019-09-17 13:45:22,337 [grpc-default-executor-2] INFO  impl.RaftServerProxy (RaftServerProxy.java:remove(95)) - 235b1c08-2c3c-45bc-ab7f-b19a657e57f0: remove group-8A5A189D8196:null
2019-09-17 13:45:22,343 [RatisPipelineUtilsThread] WARN  pipeline.RatisPipelineUtils (RatisPipelineUtils.java:destroyPipeline(66)) - Pipeline destroy failed for pipeline=PipelineID=035cdd69-bb9b-4d06-9aec-8a5a189d8196 dn=235b1c08-2c3c-45bc-ab7f-b19a657e57f0{ip: 192.168.5.130, host: pr-hdds-2136-chhj8-2666454444, networkLocation: /default-rack, certSerialId: null}
2019-09-17 13:45:22,343 [RatisPipelineUtilsThread] ERROR pipeline.SCMPipelineManager (Scheduler.java:lambda$schedule$1(70)) - Destroy pipeline failed for pipeline:Pipeline[ Id: 035cdd69-bb9b-4d06-9aec-8a5a189d8196, Nodes: bf9845cc-5491-4380-971d-60a5c36fd440{ip: 192.168.5.130, host: pr-hdds-2136-chhj8-2666454444, networkLocation: /default-rack, certSerialId: null}73c69e8a-9bd3-45ee-8ac9-6e361d860e2f{ip: 192.168.5.130, host: pr-hdds-2136-chhj8-2666454444, networkLocation: /default-rack, certSerialId: null}235b1c08-2c3c-45bc-ab7f-b19a657e57f0{ip: 192.168.5.130, host: pr-hdds-2136-chhj8-2666454444, networkLocation: /default-rack, certSerialId: null}, Type:RATIS, Factor:THREE, State:CLOSED]
org.apache.hadoop.hdds.scm.pipeline.PipelineNotFoundException: PipelineID=035cdd69-bb9b-4d06-9aec-8a5a189d8196 not found
	at org.apache.hadoop.hdds.scm.pipeline.PipelineStateMap.getPipeline(PipelineStateMap.java:132)
	at org.apache.hadoop.hdds.scm.pipeline.PipelineStateMap.removePipeline(PipelineStateMap.java:322)
	at org.apache.hadoop.hdds.scm.pipeline.PipelineStateManager.removePipeline(PipelineStateManager.java:107)
	at org.apache.hadoop.hdds.scm.pipeline.SCMPipelineManager.removePipeline(SCMPipelineManager.java:423)
	at org.apache.hadoop.hdds.scm.pipeline.SCMPipelineManager.destroyPipeline(SCMPipelineManager.java:409)
	at org.apache.hadoop.hdds.scm.pipeline.SCMPipelineManager.lambda$finalizeAndDestroyPipeline$0(SCMPipelineManager.java:318)
	at org.apache.hadoop.utils.Scheduler.lambda$schedule$1(Scheduler.java:68)
	at java.util.concurrent.Executors$RunnableAdapter.call(Executors.java:511)
	at java.util.concurrent.FutureTask.run(FutureTask.java:266)
	at java.util.concurrent.ScheduledThreadPoolExecutor$ScheduledFutureTask.access$201(ScheduledThreadPoolExecutor.java:180)
	at java.util.concurrent.ScheduledThreadPoolExecutor$ScheduledFutureTask.run(ScheduledThreadPoolExecutor.java:293)
	at java.util.concurrent.ThreadPoolExecutor.runWorker(ThreadPoolExecutor.java:1149)
	at java.util.concurrent.ThreadPoolExecutor$Worker.run(ThreadPoolExecutor.java:624)
	at java.lang.Thread.run(Thread.java:748)
2019-09-17 13:45:23,121 [java.util.concurrent.ThreadPoolExecutor$Worker@662ab04f[State = -1, empty queue]] WARN  server.GrpcLogAppender (GrpcLogAppender.java:timeoutAppendRequest(200)) - bf9845cc-5491-4380-971d-60a5c36fd440@group-7DC0A196B6AC->235b1c08-2c3c-45bc-ab7f-b19a657e57f0-GrpcLogAppender: appendEntries Timeout, request=bf9845cc-5491-4380-971d-60a5c36fd440->235b1c08-2c3c-45bc-ab7f-b19a657e57f0#18-t1, previous=(t:1, i:16), leaderCommit=16, initializing? false, entries: size=1, first=(t:1, i:17), STATEMACHINELOGENTRY, client-BB96F508478C, cid=57
2019-09-17 13:45:23,121 [java.util.concurrent.ThreadPoolExecutor$Worker@5f232967[State = -1, empty queue]] WARN  server.GrpcLogAppender (GrpcLogAppender.java:timeoutAppendRequest(200)) - bf9845cc-5491-4380-971d-60a5c36fd440@group-7DC0A196B6AC->73c69e8a-9bd3-45ee-8ac9-6e361d860e2f-GrpcLogAppender: appendEntries Timeout, request=bf9845cc-5491-4380-971d-60a5c36fd440->73c69e8a-9bd3-45ee-8ac9-6e361d860e2f#18-t1, previous=(t:1, i:16), leaderCommit=16, initializing? false, entries: size=1, first=(t:1, i:17), STATEMACHINELOGENTRY, client-BB96F508478C, cid=57
2019-09-17 13:45:23,122 [java.util.concurrent.ThreadPoolExecutor$Worker@662ab04f[State = -1, empty queue]] WARN  server.GrpcLogAppender (GrpcLogAppender.java:timeoutAppendRequest(200)) - bf9845cc-5491-4380-971d-60a5c36fd440@group-7DC0A196B6AC->235b1c08-2c3c-45bc-ab7f-b19a657e57f0-GrpcLogAppender: appendEntries Timeout, request=bf9845cc-5491-4380-971d-60a5c36fd440->235b1c08-2c3c-45bc-ab7f-b19a657e57f0#19-t1, previous=(t:1, i:17), leaderCommit=16, initializing? false, entries: size=1, first=(t:1, i:18), STATEMACHINELOGENTRY, client-BB96F508478C, cid=58
2019-09-17 13:45:23,122 [java.util.concurrent.ThreadPoolExecutor$Worker@5f232967[State = -1, empty queue]] WARN  server.GrpcLogAppender (GrpcLogAppender.java:timeoutAppendRequest(200)) - bf9845cc-5491-4380-971d-60a5c36fd440@group-7DC0A196B6AC->73c69e8a-9bd3-45ee-8ac9-6e361d860e2f-GrpcLogAppender: appendEntries Timeout, request=bf9845cc-5491-4380-971d-60a5c36fd440->73c69e8a-9bd3-45ee-8ac9-6e361d860e2f#19-t1, previous=(t:1, i:17), leaderCommit=16, initializing? false, entries: size=1, first=(t:1, i:18), STATEMACHINELOGENTRY, client-BB96F508478C, cid=58
2019-09-17 13:45:23,132 [java.util.concurrent.ThreadPoolExecutor$Worker@662ab04f[State = -1, empty queue]] WARN  server.GrpcLogAppender (GrpcLogAppender.java:timeoutAppendRequest(200)) - bf9845cc-5491-4380-971d-60a5c36fd440@group-7DC0A196B6AC->235b1c08-2c3c-45bc-ab7f-b19a657e57f0-GrpcLogAppender: appendEntries Timeout, request=bf9845cc-5491-4380-971d-60a5c36fd440->235b1c08-2c3c-45bc-ab7f-b19a657e57f0#20-t1, previous=(t:1, i:18), leaderCommit=16, initializing? false, entries: size=1, first=(t:1, i:19), STATEMACHINELOGENTRY, client-BB96F508478C, cid=59
2019-09-17 13:45:23,132 [java.util.concurrent.ThreadPoolExecutor$Worker@5f232967[State = -1, empty queue]] WARN  server.GrpcLogAppender (GrpcLogAppender.java:timeoutAppendRequest(200)) - bf9845cc-5491-4380-971d-60a5c36fd440@group-7DC0A196B6AC->73c69e8a-9bd3-45ee-8ac9-6e361d860e2f-GrpcLogAppender: appendEntries Timeout, request=bf9845cc-5491-4380-971d-60a5c36fd440->73c69e8a-9bd3-45ee-8ac9-6e361d860e2f#20-t1, previous=(t:1, i:18), leaderCommit=16, initializing? false, entries: size=1, first=(t:1, i:19), STATEMACHINELOGENTRY, client-BB96F508478C, cid=59
2019-09-17 13:45:23,132 [java.util.concurrent.ThreadPoolExecutor$Worker@662ab04f[State = -1, empty queue]] WARN  server.GrpcLogAppender (GrpcLogAppender.java:timeoutAppendRequest(200)) - bf9845cc-5491-4380-971d-60a5c36fd440@group-7DC0A196B6AC->235b1c08-2c3c-45bc-ab7f-b19a657e57f0-GrpcLogAppender: appendEntries Timeout, request=bf9845cc-5491-4380-971d-60a5c36fd440->235b1c08-2c3c-45bc-ab7f-b19a657e57f0#21-t1, previous=(t:1, i:19), leaderCommit=16, initializing? false, entries: size=1, first=(t:1, i:20), STATEMACHINELOGENTRY, client-BB96F508478C, cid=60
2019-09-17 13:45:23,132 [java.util.concurrent.ThreadPoolExecutor$Worker@5f232967[State = -1, empty queue]] WARN  server.GrpcLogAppender (GrpcLogAppender.java:timeoutAppendRequest(200)) - bf9845cc-5491-4380-971d-60a5c36fd440@group-7DC0A196B6AC->73c69e8a-9bd3-45ee-8ac9-6e361d860e2f-GrpcLogAppender: appendEntries Timeout, request=bf9845cc-5491-4380-971d-60a5c36fd440->73c69e8a-9bd3-45ee-8ac9-6e361d860e2f#21-t1, previous=(t:1, i:19), leaderCommit=16, initializing? false, entries: size=1, first=(t:1, i:20), STATEMACHINELOGENTRY, client-BB96F508478C, cid=60
 0.00% |█                                                                                                    |  0/1 Time: 0:03:33 0.00% |█                                                                                                    |  0/1 Time: 0:03:342019-09-17 13:45:24,313 [grpc-default-executor-2] INFO  impl.RaftServerProxy (RaftServerProxy.java:remove(95)) - bf9845cc-5491-4380-971d-60a5c36fd440: remove group-8A5A189D8196:null
2019-09-17 13:45:24,318 [RatisPipelineUtilsThread] WARN  pipeline.RatisPipelineUtils (RatisPipelineUtils.java:destroyPipeline(66)) - Pipeline destroy failed for pipeline=PipelineID=035cdd69-bb9b-4d06-9aec-8a5a189d8196 dn=bf9845cc-5491-4380-971d-60a5c36fd440{ip: 192.168.5.130, host: pr-hdds-2136-chhj8-2666454444, networkLocation: /default-rack, certSerialId: null}
2019-09-17 13:45:24,321 [grpc-default-executor-2] INFO  impl.RaftServerProxy (RaftServerProxy.java:remove(95)) - 73c69e8a-9bd3-45ee-8ac9-6e361d860e2f: remove group-8A5A189D8196:null
2019-09-17 13:45:24,326 [RatisPipelineUtilsThread] WARN  pipeline.RatisPipelineUtils (RatisPipelineUtils.java:destroyPipeline(66)) - Pipeline destroy failed for pipeline=PipelineID=035cdd69-bb9b-4d06-9aec-8a5a189d8196 dn=73c69e8a-9bd3-45ee-8ac9-6e361d860e2f{ip: 192.168.5.130, host: pr-hdds-2136-chhj8-2666454444, networkLocation: /default-rack, certSerialId: null}
2019-09-17 13:45:24,332 [grpc-default-executor-2] INFO  impl.RaftServerProxy (RaftServerProxy.java:remove(95)) - 235b1c08-2c3c-45bc-ab7f-b19a657e57f0: remove group-8A5A189D8196:null
2019-09-17 13:45:24,337 [RatisPipelineUtilsThread] WARN  pipeline.RatisPipelineUtils (RatisPipelineUtils.java:destroyPipeline(66)) - Pipeline destroy failed for pipeline=PipelineID=035cdd69-bb9b-4d06-9aec-8a5a189d8196 dn=235b1c08-2c3c-45bc-ab7f-b19a657e57f0{ip: 192.168.5.130, host: pr-hdds-2136-chhj8-2666454444, networkLocation: /default-rack, certSerialId: null}
2019-09-17 13:45:24,338 [RatisPipelineUtilsThread] ERROR pipeline.SCMPipelineManager (Scheduler.java:lambda$schedule$1(70)) - Destroy pipeline failed for pipeline:Pipeline[ Id: 035cdd69-bb9b-4d06-9aec-8a5a189d8196, Nodes: bf9845cc-5491-4380-971d-60a5c36fd440{ip: 192.168.5.130, host: pr-hdds-2136-chhj8-2666454444, networkLocation: /default-rack, certSerialId: null}73c69e8a-9bd3-45ee-8ac9-6e361d860e2f{ip: 192.168.5.130, host: pr-hdds-2136-chhj8-2666454444, networkLocation: /default-rack, certSerialId: null}235b1c08-2c3c-45bc-ab7f-b19a657e57f0{ip: 192.168.5.130, host: pr-hdds-2136-chhj8-2666454444, networkLocation: /default-rack, certSerialId: null}, Type:RATIS, Factor:THREE, State:CLOSED]
org.apache.hadoop.hdds.scm.pipeline.PipelineNotFoundException: PipelineID=035cdd69-bb9b-4d06-9aec-8a5a189d8196 not found
	at org.apache.hadoop.hdds.scm.pipeline.PipelineStateMap.getPipeline(PipelineStateMap.java:132)
	at org.apache.hadoop.hdds.scm.pipeline.PipelineStateMap.removePipeline(PipelineStateMap.java:322)
	at org.apache.hadoop.hdds.scm.pipeline.PipelineStateManager.removePipeline(PipelineStateManager.java:107)
	at org.apache.hadoop.hdds.scm.pipeline.SCMPipelineManager.removePipeline(SCMPipelineManager.java:423)
	at org.apache.hadoop.hdds.scm.pipeline.SCMPipelineManager.destroyPipeline(SCMPipelineManager.java:409)
	at org.apache.hadoop.hdds.scm.pipeline.SCMPipelineManager.lambda$finalizeAndDestroyPipeline$0(SCMPipelineManager.java:318)
	at org.apache.hadoop.utils.Scheduler.lambda$schedule$1(Scheduler.java:68)
	at java.util.concurrent.Executors$RunnableAdapter.call(Executors.java:511)
	at java.util.concurrent.FutureTask.run(FutureTask.java:266)
	at java.util.concurrent.ScheduledThreadPoolExecutor$ScheduledFutureTask.access$201(ScheduledThreadPoolExecutor.java:180)
	at java.util.concurrent.ScheduledThreadPoolExecutor$ScheduledFutureTask.run(ScheduledThreadPoolExecutor.java:293)
	at java.util.concurrent.ThreadPoolExecutor.runWorker(ThreadPoolExecutor.java:1149)
	at java.util.concurrent.ThreadPoolExecutor$Worker.run(ThreadPoolExecutor.java:624)
	at java.lang.Thread.run(Thread.java:748)
2019-09-17 13:45:25,155 [grpc-default-executor-3] INFO  client.GrpcClientProtocolClient (GrpcClientProtocolClient.java:onNext(264)) - client-BB96F508478C->235b1c08-2c3c-45bc-ab7f-b19a657e57f0: receive RaftClientReply:client-BB96F508478C->235b1c08-2c3c-45bc-ab7f-b19a657e57f0@group-7DC0A196B6AC, cid=57, FAILED org.apache.ratis.protocol.NotLeaderException: Server 235b1c08-2c3c-45bc-ab7f-b19a657e57f0@group-7DC0A196B6AC is not the leader bf9845cc-5491-4380-971d-60a5c36fd440:192.168.5.130:40791, logIndex=0, commits[235b1c08-2c3c-45bc-ab7f-b19a657e57f0:c16, 73c69e8a-9bd3-45ee-8ac9-6e361d860e2f:c12, bf9845cc-5491-4380-971d-60a5c36fd440:c16]
 0.00% |█                                                                                                    |  0/1 Time: 0:03:352019-09-17 13:45:25,633 [java.util.concurrent.ThreadPoolExecutor$Worker@5f232967[State = -1, empty queue]] WARN  server.GrpcLogAppender (GrpcLogAppender.java:timeoutAppendRequest(200)) - bf9845cc-5491-4380-971d-60a5c36fd440@group-7DC0A196B6AC->73c69e8a-9bd3-45ee-8ac9-6e361d860e2f-GrpcLogAppender: appendEntries Timeout, request=bf9845cc-5491-4380-971d-60a5c36fd440->73c69e8a-9bd3-45ee-8ac9-6e361d860e2f#22-t1, previous=(t:1, i:20), leaderCommit=16, initializing? false, entries: <empty>
2019-09-17 13:45:25,633 [java.util.concurrent.ThreadPoolExecutor$Worker@662ab04f[State = -1, empty queue]] WARN  server.GrpcLogAppender (GrpcLogAppender.java:timeoutAppendRequest(200)) - bf9845cc-5491-4380-971d-60a5c36fd440@group-7DC0A196B6AC->235b1c08-2c3c-45bc-ab7f-b19a657e57f0-GrpcLogAppender: appendEntries Timeout, request=bf9845cc-5491-4380-971d-60a5c36fd440->235b1c08-2c3c-45bc-ab7f-b19a657e57f0#22-t1, previous=(t:1, i:20), leaderCommit=16, initializing? false, entries: <empty>
 0.00% |█                                                                                                    |  0/1 Time: 0:03:36 0.00% |█                                                                                                    |  0/1 Time: 0:03:372019-09-17 13:45:27,307 [grpc-default-executor-5] INFO  impl.RaftServerProxy (RaftServerProxy.java:remove(95)) - bf9845cc-5491-4380-971d-60a5c36fd440: remove group-8A5A189D8196:null
2019-09-17 13:45:27,318 [RatisPipelineUtilsThread] WARN  pipeline.RatisPipelineUtils (RatisPipelineUtils.java:destroyPipeline(66)) - Pipeline destroy failed for pipeline=PipelineID=035cdd69-bb9b-4d06-9aec-8a5a189d8196 dn=bf9845cc-5491-4380-971d-60a5c36fd440{ip: 192.168.5.130, host: pr-hdds-2136-chhj8-2666454444, networkLocation: /default-rack, certSerialId: null}
2019-09-17 13:45:27,321 [grpc-default-executor-5] INFO  impl.RaftServerProxy (RaftServerProxy.java:remove(95)) - 73c69e8a-9bd3-45ee-8ac9-6e361d860e2f: remove group-8A5A189D8196:null
2019-09-17 13:45:27,338 [RatisPipelineUtilsThread] WARN  pipeline.RatisPipelineUtils (RatisPipelineUtils.java:destroyPipeline(66)) - Pipeline destroy failed for pipeline=PipelineID=035cdd69-bb9b-4d06-9aec-8a5a189d8196 dn=73c69e8a-9bd3-45ee-8ac9-6e361d860e2f{ip: 192.168.5.130, host: pr-hdds-2136-chhj8-2666454444, networkLocation: /default-rack, certSerialId: null}
2019-09-17 13:45:27,341 [grpc-default-executor-5] INFO  impl.RaftServerProxy (RaftServerProxy.java:remove(95)) - 235b1c08-2c3c-45bc-ab7f-b19a657e57f0: remove group-8A5A189D8196:null
2019-09-17 13:45:27,345 [RatisPipelineUtilsThread] WARN  pipeline.RatisPipelineUtils (RatisPipelineUtils.java:destroyPipeline(66)) - Pipeline destroy failed for pipeline=PipelineID=035cdd69-bb9b-4d06-9aec-8a5a189d8196 dn=235b1c08-2c3c-45bc-ab7f-b19a657e57f0{ip: 192.168.5.130, host: pr-hdds-2136-chhj8-2666454444, networkLocation: /default-rack, certSerialId: null}
2019-09-17 13:45:27,346 [RatisPipelineUtilsThread] ERROR pipeline.SCMPipelineManager (Scheduler.java:lambda$schedule$1(70)) - Destroy pipeline failed for pipeline:Pipeline[ Id: 035cdd69-bb9b-4d06-9aec-8a5a189d8196, Nodes: bf9845cc-5491-4380-971d-60a5c36fd440{ip: 192.168.5.130, host: pr-hdds-2136-chhj8-2666454444, networkLocation: /default-rack, certSerialId: null}73c69e8a-9bd3-45ee-8ac9-6e361d860e2f{ip: 192.168.5.130, host: pr-hdds-2136-chhj8-2666454444, networkLocation: /default-rack, certSerialId: null}235b1c08-2c3c-45bc-ab7f-b19a657e57f0{ip: 192.168.5.130, host: pr-hdds-2136-chhj8-2666454444, networkLocation: /default-rack, certSerialId: null}, Type:RATIS, Factor:THREE, State:CLOSED]
org.apache.hadoop.hdds.scm.pipeline.PipelineNotFoundException: PipelineID=035cdd69-bb9b-4d06-9aec-8a5a189d8196 not found
	at org.apache.hadoop.hdds.scm.pipeline.PipelineStateMap.getPipeline(PipelineStateMap.java:132)
	at org.apache.hadoop.hdds.scm.pipeline.PipelineStateMap.removePipeline(PipelineStateMap.java:322)
	at org.apache.hadoop.hdds.scm.pipeline.PipelineStateManager.removePipeline(PipelineStateManager.java:107)
	at org.apache.hadoop.hdds.scm.pipeline.SCMPipelineManager.removePipeline(SCMPipelineManager.java:423)
	at org.apache.hadoop.hdds.scm.pipeline.SCMPipelineManager.destroyPipeline(SCMPipelineManager.java:409)
	at org.apache.hadoop.hdds.scm.pipeline.SCMPipelineManager.lambda$finalizeAndDestroyPipeline$0(SCMPipelineManager.java:318)
	at org.apache.hadoop.utils.Scheduler.lambda$schedule$1(Scheduler.java:68)
	at java.util.concurrent.Executors$RunnableAdapter.call(Executors.java:511)
	at java.util.concurrent.FutureTask.run(FutureTask.java:266)
	at java.util.concurrent.ScheduledThreadPoolExecutor$ScheduledFutureTask.access$201(ScheduledThreadPoolExecutor.java:180)
	at java.util.concurrent.ScheduledThreadPoolExecutor$ScheduledFutureTask.run(ScheduledThreadPoolExecutor.java:293)
	at java.util.concurrent.ThreadPoolExecutor.runWorker(ThreadPoolExecutor.java:1149)
	at java.util.concurrent.ThreadPoolExecutor$Worker.run(ThreadPoolExecutor.java:624)
	at java.lang.Thread.run(Thread.java:748)
2019-09-17 13:45:28,134 [java.util.concurrent.ThreadPoolExecutor$Worker@5f232967[State = -1, empty queue]] WARN  server.GrpcLogAppender (GrpcLogAppender.java:timeoutAppendRequest(200)) - bf9845cc-5491-4380-971d-60a5c36fd440@group-7DC0A196B6AC->73c69e8a-9bd3-45ee-8ac9-6e361d860e2f-GrpcLogAppender: appendEntries Timeout, request=bf9845cc-5491-4380-971d-60a5c36fd440->73c69e8a-9bd3-45ee-8ac9-6e361d860e2f#23-t1, previous=(t:1, i:20), leaderCommit=16, initializing? false, entries: <empty>
2019-09-17 13:45:28,134 [java.util.concurrent.ThreadPoolExecutor$Worker@662ab04f[State = -1, empty queue]] WARN  server.GrpcLogAppender (GrpcLogAppender.java:timeoutAppendRequest(200)) - bf9845cc-5491-4380-971d-60a5c36fd440@group-7DC0A196B6AC->235b1c08-2c3c-45bc-ab7f-b19a657e57f0-GrpcLogAppender: appendEntries Timeout, request=bf9845cc-5491-4380-971d-60a5c36fd440->235b1c08-2c3c-45bc-ab7f-b19a657e57f0#23-t1, previous=(t:1, i:20), leaderCommit=16, initializing? false, entries: <empty>
 0.00% |█                                                                                                    |  0/1 Time: 0:03:38 0.00% |█                                                                                                    |  0/1 Time: 0:03:392019-09-17 13:45:29,308 [grpc-default-executor-5] INFO  impl.RaftServerProxy (RaftServerProxy.java:remove(95)) - bf9845cc-5491-4380-971d-60a5c36fd440: remove group-8A5A189D8196:null
2019-09-17 13:45:29,314 [RatisPipelineUtilsThread] WARN  pipeline.RatisPipelineUtils (RatisPipelineUtils.java:destroyPipeline(66)) - Pipeline destroy failed for pipeline=PipelineID=035cdd69-bb9b-4d06-9aec-8a5a189d8196 dn=bf9845cc-5491-4380-971d-60a5c36fd440{ip: 192.168.5.130, host: pr-hdds-2136-chhj8-2666454444, networkLocation: /default-rack, certSerialId: null}
2019-09-17 13:45:29,317 [grpc-default-executor-5] INFO  impl.RaftServerProxy (RaftServerProxy.java:remove(95)) - 73c69e8a-9bd3-45ee-8ac9-6e361d860e2f: remove group-8A5A189D8196:null
2019-09-17 13:45:29,322 [RatisPipelineUtilsThread] WARN  pipeline.RatisPipelineUtils (RatisPipelineUtils.java:destroyPipeline(66)) - Pipeline destroy failed for pipeline=PipelineID=035cdd69-bb9b-4d06-9aec-8a5a189d8196 dn=73c69e8a-9bd3-45ee-8ac9-6e361d860e2f{ip: 192.168.5.130, host: pr-hdds-2136-chhj8-2666454444, networkLocation: /default-rack, certSerialId: null}
2019-09-17 13:45:29,326 [grpc-default-executor-5] INFO  impl.RaftServerProxy (RaftServerProxy.java:remove(95)) - 235b1c08-2c3c-45bc-ab7f-b19a657e57f0: remove group-8A5A189D8196:null
2019-09-17 13:45:29,331 [RatisPipelineUtilsThread] WARN  pipeline.RatisPipelineUtils (RatisPipelineUtils.java:destroyPipeline(66)) - Pipeline destroy failed for pipeline=PipelineID=035cdd69-bb9b-4d06-9aec-8a5a189d8196 dn=235b1c08-2c3c-45bc-ab7f-b19a657e57f0{ip: 192.168.5.130, host: pr-hdds-2136-chhj8-2666454444, networkLocation: /default-rack, certSerialId: null}
2019-09-17 13:45:29,331 [RatisPipelineUtilsThread] ERROR pipeline.SCMPipelineManager (Scheduler.java:lambda$schedule$1(70)) - Destroy pipeline failed for pipeline:Pipeline[ Id: 035cdd69-bb9b-4d06-9aec-8a5a189d8196, Nodes: bf9845cc-5491-4380-971d-60a5c36fd440{ip: 192.168.5.130, host: pr-hdds-2136-chhj8-2666454444, networkLocation: /default-rack, certSerialId: null}73c69e8a-9bd3-45ee-8ac9-6e361d860e2f{ip: 192.168.5.130, host: pr-hdds-2136-chhj8-2666454444, networkLocation: /default-rack, certSerialId: null}235b1c08-2c3c-45bc-ab7f-b19a657e57f0{ip: 192.168.5.130, host: pr-hdds-2136-chhj8-2666454444, networkLocation: /default-rack, certSerialId: null}, Type:RATIS, Factor:THREE, State:CLOSED]
org.apache.hadoop.hdds.scm.pipeline.PipelineNotFoundException: PipelineID=035cdd69-bb9b-4d06-9aec-8a5a189d8196 not found
	at org.apache.hadoop.hdds.scm.pipeline.PipelineStateMap.getPipeline(PipelineStateMap.java:132)
	at org.apache.hadoop.hdds.scm.pipeline.PipelineStateMap.removePipeline(PipelineStateMap.java:322)
	at org.apache.hadoop.hdds.scm.pipeline.PipelineStateManager.removePipeline(PipelineStateManager.java:107)
	at org.apache.hadoop.hdds.scm.pipeline.SCMPipelineManager.removePipeline(SCMPipelineManager.java:423)
	at org.apache.hadoop.hdds.scm.pipeline.SCMPipelineManager.destroyPipeline(SCMPipelineManager.java:409)
	at org.apache.hadoop.hdds.scm.pipeline.SCMPipelineManager.lambda$finalizeAndDestroyPipeline$0(SCMPipelineManager.java:318)
	at org.apache.hadoop.utils.Scheduler.lambda$schedule$1(Scheduler.java:68)
	at java.util.concurrent.Executors$RunnableAdapter.call(Executors.java:511)
	at java.util.concurrent.FutureTask.run(FutureTask.java:266)
	at java.util.concurrent.ScheduledThreadPoolExecutor$ScheduledFutureTask.access$201(ScheduledThreadPoolExecutor.java:180)
	at java.util.concurrent.ScheduledThreadPoolExecutor$ScheduledFutureTask.run(ScheduledThreadPoolExecutor.java:293)
	at java.util.concurrent.ThreadPoolExecutor.runWorker(ThreadPoolExecutor.java:1149)
	at java.util.concurrent.ThreadPoolExecutor$Worker.run(ThreadPoolExecutor.java:624)
	at java.lang.Thread.run(Thread.java:748)
2019-09-17 13:45:30,127 [73c69e8a-9bd3-45ee-8ac9-6e361d860e2f@group-7DC0A196B6AC-SegmentedRaftLogWorker] WARN  segmented.SegmentedRaftLogWorker (SegmentedRaftLogWorker.java:getFromFuture(90)) - Timeout 0/~
org.apache.ratis.protocol.TimeoutIOException: Timeout 10s: WriteLog:17: (t:1, i:17), STATEMACHINELOGENTRY, client-BB96F508478C, cid=57-writeStateMachineData
	at org.apache.ratis.util.IOUtils.getFromFuture(IOUtils.java:87)
	at org.apache.ratis.server.raftlog.segmented.SegmentedRaftLogWorker$StateMachineDataPolicy.getFromFuture(SegmentedRaftLogWorker.java:87)
	at org.apache.ratis.server.raftlog.segmented.SegmentedRaftLogWorker$WriteLog.execute(SegmentedRaftLogWorker.java:477)
	at org.apache.ratis.server.raftlog.segmented.SegmentedRaftLogWorker.run(SegmentedRaftLogWorker.java:289)
	at java.lang.Thread.run(Thread.java:748)
Caused by: java.util.concurrent.TimeoutException
	at java.util.concurrent.CompletableFuture.timedGet(CompletableFuture.java:1771)
	at java.util.concurrent.CompletableFuture.get(CompletableFuture.java:1915)
	at org.apache.ratis.util.IOUtils.getFromFuture(IOUtils.java:79)
	... 4 more
2019-09-17 13:45:30,201 [grpc-default-executor-3] INFO  client.GrpcClientProtocolClient (GrpcClientProtocolClient.java:onNext(264)) - client-BB96F508478C->73c69e8a-9bd3-45ee-8ac9-6e361d860e2f: receive RaftClientReply:client-BB96F508478C->73c69e8a-9bd3-45ee-8ac9-6e361d860e2f@group-7DC0A196B6AC, cid=57, FAILED org.apache.ratis.protocol.NotLeaderException: Server 73c69e8a-9bd3-45ee-8ac9-6e361d860e2f@group-7DC0A196B6AC is not the leader bf9845cc-5491-4380-971d-60a5c36fd440:192.168.5.130:40791, logIndex=0, commits[73c69e8a-9bd3-45ee-8ac9-6e361d860e2f:c16, 235b1c08-2c3c-45bc-ab7f-b19a657e57f0:c12, bf9845cc-5491-4380-971d-60a5c36fd440:c16]
 0.00% |█                                                                                                    |  0/1 Time: 0:03:402019-09-17 13:45:30,333 [235b1c08-2c3c-45bc-ab7f-b19a657e57f0@group-7DC0A196B6AC-SegmentedRaftLogWorker] WARN  segmented.SegmentedRaftLogWorker (SegmentedRaftLogWorker.java:getFromFuture(90)) - Timeout 0/~
org.apache.ratis.protocol.TimeoutIOException: Timeout 10s: WriteLog:19: (t:1, i:19), STATEMACHINELOGENTRY, client-BB96F508478C, cid=59-writeStateMachineData
	at org.apache.ratis.util.IOUtils.getFromFuture(IOUtils.java:87)
	at org.apache.ratis.server.raftlog.segmented.SegmentedRaftLogWorker$StateMachineDataPolicy.getFromFuture(SegmentedRaftLogWorker.java:87)
	at org.apache.ratis.server.raftlog.segmented.SegmentedRaftLogWorker$WriteLog.execute(SegmentedRaftLogWorker.java:477)
	at org.apache.ratis.server.raftlog.segmented.SegmentedRaftLogWorker.run(SegmentedRaftLogWorker.java:289)
	at java.lang.Thread.run(Thread.java:748)
Caused by: java.util.concurrent.TimeoutException
	at java.util.concurrent.CompletableFuture.timedGet(CompletableFuture.java:1771)
	at java.util.concurrent.CompletableFuture.get(CompletableFuture.java:1915)
	at org.apache.ratis.util.IOUtils.getFromFuture(IOUtils.java:79)
	... 4 more
2019-09-17 13:45:30,333 [bf9845cc-5491-4380-971d-60a5c36fd440@group-7DC0A196B6AC-SegmentedRaftLogWorker] WARN  segmented.SegmentedRaftLogWorker (SegmentedRaftLogWorker.java:getFromFuture(90)) - Timeout 0/~
org.apache.ratis.protocol.TimeoutIOException: Timeout 10s: WriteLog:19: (t:1, i:19), STATEMACHINELOGENTRY, client-BB96F508478C, cid=59-writeStateMachineData
	at org.apache.ratis.util.IOUtils.getFromFuture(IOUtils.java:87)
	at org.apache.ratis.server.raftlog.segmented.SegmentedRaftLogWorker$StateMachineDataPolicy.getFromFuture(SegmentedRaftLogWorker.java:87)
	at org.apache.ratis.server.raftlog.segmented.SegmentedRaftLogWorker$WriteLog.execute(SegmentedRaftLogWorker.java:477)
	at org.apache.ratis.server.raftlog.segmented.SegmentedRaftLogWorker.run(SegmentedRaftLogWorker.java:289)
	at java.lang.Thread.run(Thread.java:748)
Caused by: java.util.concurrent.TimeoutException
	at java.util.concurrent.CompletableFuture.timedGet(CompletableFuture.java:1771)
	at java.util.concurrent.CompletableFuture.get(CompletableFuture.java:1915)
	at org.apache.ratis.util.IOUtils.getFromFuture(IOUtils.java:79)
	... 4 more
2019-09-17 13:45:30,635 [java.util.concurrent.ThreadPoolExecutor$Worker@5f232967[State = -1, empty queue]] WARN  server.GrpcLogAppender (GrpcLogAppender.java:timeoutAppendRequest(200)) - bf9845cc-5491-4380-971d-60a5c36fd440@group-7DC0A196B6AC->73c69e8a-9bd3-45ee-8ac9-6e361d860e2f-GrpcLogAppender: appendEntries Timeout, request=bf9845cc-5491-4380-971d-60a5c36fd440->73c69e8a-9bd3-45ee-8ac9-6e361d860e2f#24-t1, previous=(t:1, i:20), leaderCommit=16, initializing? false, entries: <empty>
2019-09-17 13:45:30,635 [java.util.concurrent.ThreadPoolExecutor$Worker@662ab04f[State = -1, empty queue]] WARN  server.GrpcLogAppender (GrpcLogAppender.java:timeoutAppendRequest(200)) - bf9845cc-5491-4380-971d-60a5c36fd440@group-7DC0A196B6AC->235b1c08-2c3c-45bc-ab7f-b19a657e57f0-GrpcLogAppender: appendEntries Timeout, request=bf9845cc-5491-4380-971d-60a5c36fd440->235b1c08-2c3c-45bc-ab7f-b19a657e57f0#24-t1, previous=(t:1, i:20), leaderCommit=16, initializing? false, entries: <empty>
 0.00% |█                                                                                                    |  0/1 Time: 0:03:41 0.00% |█                                                                                                    |  0/1 Time: 0:03:422019-09-17 13:45:32,309 [grpc-default-executor-3] INFO  impl.RaftServerProxy (RaftServerProxy.java:remove(95)) - bf9845cc-5491-4380-971d-60a5c36fd440: remove group-8A5A189D8196:null
2019-09-17 13:45:32,318 [RatisPipelineUtilsThread] WARN  pipeline.RatisPipelineUtils (RatisPipelineUtils.java:destroyPipeline(66)) - Pipeline destroy failed for pipeline=PipelineID=035cdd69-bb9b-4d06-9aec-8a5a189d8196 dn=bf9845cc-5491-4380-971d-60a5c36fd440{ip: 192.168.5.130, host: pr-hdds-2136-chhj8-2666454444, networkLocation: /default-rack, certSerialId: null}
2019-09-17 13:45:32,321 [grpc-default-executor-3] INFO  impl.RaftServerProxy (RaftServerProxy.java:remove(95)) - 73c69e8a-9bd3-45ee-8ac9-6e361d860e2f: remove group-8A5A189D8196:null
2019-09-17 13:45:32,325 [RatisPipelineUtilsThread] WARN  pipeline.RatisPipelineUtils (RatisPipelineUtils.java:destroyPipeline(66)) - Pipeline destroy failed for pipeline=PipelineID=035cdd69-bb9b-4d06-9aec-8a5a189d8196 dn=73c69e8a-9bd3-45ee-8ac9-6e361d860e2f{ip: 192.168.5.130, host: pr-hdds-2136-chhj8-2666454444, networkLocation: /default-rack, certSerialId: null}
2019-09-17 13:45:32,327 [grpc-default-executor-3] INFO  impl.RaftServerProxy (RaftServerProxy.java:remove(95)) - 235b1c08-2c3c-45bc-ab7f-b19a657e57f0: remove group-8A5A189D8196:null
2019-09-17 13:45:32,331 [RatisPipelineUtilsThread] WARN  pipeline.RatisPipelineUtils (RatisPipelineUtils.java:destroyPipeline(66)) - Pipeline destroy failed for pipeline=PipelineID=035cdd69-bb9b-4d06-9aec-8a5a189d8196 dn=235b1c08-2c3c-45bc-ab7f-b19a657e57f0{ip: 192.168.5.130, host: pr-hdds-2136-chhj8-2666454444, networkLocation: /default-rack, certSerialId: null}
2019-09-17 13:45:32,331 [RatisPipelineUtilsThread] ERROR pipeline.SCMPipelineManager (Scheduler.java:lambda$schedule$1(70)) - Destroy pipeline failed for pipeline:Pipeline[ Id: 035cdd69-bb9b-4d06-9aec-8a5a189d8196, Nodes: bf9845cc-5491-4380-971d-60a5c36fd440{ip: 192.168.5.130, host: pr-hdds-2136-chhj8-2666454444, networkLocation: /default-rack, certSerialId: null}73c69e8a-9bd3-45ee-8ac9-6e361d860e2f{ip: 192.168.5.130, host: pr-hdds-2136-chhj8-2666454444, networkLocation: /default-rack, certSerialId: null}235b1c08-2c3c-45bc-ab7f-b19a657e57f0{ip: 192.168.5.130, host: pr-hdds-2136-chhj8-2666454444, networkLocation: /default-rack, certSerialId: null}, Type:RATIS, Factor:THREE, State:CLOSED]
org.apache.hadoop.hdds.scm.pipeline.PipelineNotFoundException: PipelineID=035cdd69-bb9b-4d06-9aec-8a5a189d8196 not found
	at org.apache.hadoop.hdds.scm.pipeline.PipelineStateMap.getPipeline(PipelineStateMap.java:132)
	at org.apache.hadoop.hdds.scm.pipeline.PipelineStateMap.removePipeline(PipelineStateMap.java:322)
	at org.apache.hadoop.hdds.scm.pipeline.PipelineStateManager.removePipeline(PipelineStateManager.java:107)
	at org.apache.hadoop.hdds.scm.pipeline.SCMPipelineManager.removePipeline(SCMPipelineManager.java:423)
	at org.apache.hadoop.hdds.scm.pipeline.SCMPipelineManager.destroyPipeline(SCMPipelineManager.java:409)
	at org.apache.hadoop.hdds.scm.pipeline.SCMPipelineManager.lambda$finalizeAndDestroyPipeline$0(SCMPipelineManager.java:318)
	at org.apache.hadoop.utils.Scheduler.lambda$schedule$1(Scheduler.java:68)
	at java.util.concurrent.Executors$RunnableAdapter.call(Executors.java:511)
	at java.util.concurrent.FutureTask.run(FutureTask.java:266)
	at java.util.concurrent.ScheduledThreadPoolExecutor$ScheduledFutureTask.access$201(ScheduledThreadPoolExecutor.java:180)
	at java.util.concurrent.ScheduledThreadPoolExecutor$ScheduledFutureTask.run(ScheduledThreadPoolExecutor.java:293)
	at java.util.concurrent.ThreadPoolExecutor.runWorker(ThreadPoolExecutor.java:1149)
	at java.util.concurrent.ThreadPoolExecutor$Worker.run(ThreadPoolExecutor.java:624)
	at java.lang.Thread.run(Thread.java:748)
2019-09-17 13:45:33,136 [java.util.concurrent.ThreadPoolExecutor$Worker@5f232967[State = -1, empty queue]] WARN  server.GrpcLogAppender (GrpcLogAppender.java:timeoutAppendRequest(200)) - bf9845cc-5491-4380-971d-60a5c36fd440@group-7DC0A196B6AC->73c69e8a-9bd3-45ee-8ac9-6e361d860e2f-GrpcLogAppender: appendEntries Timeout, request=bf9845cc-5491-4380-971d-60a5c36fd440->73c69e8a-9bd3-45ee-8ac9-6e361d860e2f#25-t1, previous=(t:1, i:20), leaderCommit=16, initializing? false, entries: <empty>
2019-09-17 13:45:33,136 [java.util.concurrent.ThreadPoolExecutor$Worker@662ab04f[State = -1, empty queue]] WARN  server.GrpcLogAppender (GrpcLogAppender.java:timeoutAppendRequest(200)) - bf9845cc-5491-4380-971d-60a5c36fd440@group-7DC0A196B6AC->235b1c08-2c3c-45bc-ab7f-b19a657e57f0-GrpcLogAppender: appendEntries Timeout, request=bf9845cc-5491-4380-971d-60a5c36fd440->235b1c08-2c3c-45bc-ab7f-b19a657e57f0#25-t1, previous=(t:1, i:20), leaderCommit=16, initializing? false, entries: <empty>
 0.00% |█                                                                                                    |  0/1 Time: 0:03:43 0.00% |█                                                                                                    |  0/1 Time: 0:03:442019-09-17 13:45:34,306 [grpc-default-executor-3] INFO  impl.RaftServerProxy (RaftServerProxy.java:remove(95)) - bf9845cc-5491-4380-971d-60a5c36fd440: remove group-8A5A189D8196:null
2019-09-17 13:45:34,311 [RatisPipelineUtilsThread] WARN  pipeline.RatisPipelineUtils (RatisPipelineUtils.java:destroyPipeline(66)) - Pipeline destroy failed for pipeline=PipelineID=035cdd69-bb9b-4d06-9aec-8a5a189d8196 dn=bf9845cc-5491-4380-971d-60a5c36fd440{ip: 192.168.5.130, host: pr-hdds-2136-chhj8-2666454444, networkLocation: /default-rack, certSerialId: null}
2019-09-17 13:45:34,314 [grpc-default-executor-3] INFO  impl.RaftServerProxy (RaftServerProxy.java:remove(95)) - 73c69e8a-9bd3-45ee-8ac9-6e361d860e2f: remove group-8A5A189D8196:null
2019-09-17 13:45:34,318 [RatisPipelineUtilsThread] WARN  pipeline.RatisPipelineUtils (RatisPipelineUtils.java:destroyPipeline(66)) - Pipeline destroy failed for pipeline=PipelineID=035cdd69-bb9b-4d06-9aec-8a5a189d8196 dn=73c69e8a-9bd3-45ee-8ac9-6e361d860e2f{ip: 192.168.5.130, host: pr-hdds-2136-chhj8-2666454444, networkLocation: /default-rack, certSerialId: null}
2019-09-17 13:45:34,320 [grpc-default-executor-3] INFO  impl.RaftServerProxy (RaftServerProxy.java:remove(95)) - 235b1c08-2c3c-45bc-ab7f-b19a657e57f0: remove group-8A5A189D8196:null
2019-09-17 13:45:34,324 [RatisPipelineUtilsThread] WARN  pipeline.RatisPipelineUtils (RatisPipelineUtils.java:destroyPipeline(66)) - Pipeline destroy failed for pipeline=PipelineID=035cdd69-bb9b-4d06-9aec-8a5a189d8196 dn=235b1c08-2c3c-45bc-ab7f-b19a657e57f0{ip: 192.168.5.130, host: pr-hdds-2136-chhj8-2666454444, networkLocation: /default-rack, certSerialId: null}
2019-09-17 13:45:34,325 [RatisPipelineUtilsThread] ERROR pipeline.SCMPipelineManager (Scheduler.java:lambda$schedule$1(70)) - Destroy pipeline failed for pipeline:Pipeline[ Id: 035cdd69-bb9b-4d06-9aec-8a5a189d8196, Nodes: bf9845cc-5491-4380-971d-60a5c36fd440{ip: 192.168.5.130, host: pr-hdds-2136-chhj8-2666454444, networkLocation: /default-rack, certSerialId: null}73c69e8a-9bd3-45ee-8ac9-6e361d860e2f{ip: 192.168.5.130, host: pr-hdds-2136-chhj8-2666454444, networkLocation: /default-rack, certSerialId: null}235b1c08-2c3c-45bc-ab7f-b19a657e57f0{ip: 192.168.5.130, host: pr-hdds-2136-chhj8-2666454444, networkLocation: /default-rack, certSerialId: null}, Type:RATIS, Factor:THREE, State:CLOSED]
org.apache.hadoop.hdds.scm.pipeline.PipelineNotFoundException: PipelineID=035cdd69-bb9b-4d06-9aec-8a5a189d8196 not found
	at org.apache.hadoop.hdds.scm.pipeline.PipelineStateMap.getPipeline(PipelineStateMap.java:132)
	at org.apache.hadoop.hdds.scm.pipeline.PipelineStateMap.removePipeline(PipelineStateMap.java:322)
	at org.apache.hadoop.hdds.scm.pipeline.PipelineStateManager.removePipeline(PipelineStateManager.java:107)
	at org.apache.hadoop.hdds.scm.pipeline.SCMPipelineManager.removePipeline(SCMPipelineManager.java:423)
	at org.apache.hadoop.hdds.scm.pipeline.SCMPipelineManager.destroyPipeline(SCMPipelineManager.java:409)
	at org.apache.hadoop.hdds.scm.pipeline.SCMPipelineManager.lambda$finalizeAndDestroyPipeline$0(SCMPipelineManager.java:318)
	at org.apache.hadoop.utils.Scheduler.lambda$schedule$1(Scheduler.java:68)
	at java.util.concurrent.Executors$RunnableAdapter.call(Executors.java:511)
	at java.util.concurrent.FutureTask.run(FutureTask.java:266)
	at java.util.concurrent.ScheduledThreadPoolExecutor$ScheduledFutureTask.access$201(ScheduledThreadPoolExecutor.java:180)
	at java.util.concurrent.ScheduledThreadPoolExecutor$ScheduledFutureTask.run(ScheduledThreadPoolExecutor.java:293)
	at java.util.concurrent.ThreadPoolExecutor.runWorker(ThreadPoolExecutor.java:1149)
	at java.util.concurrent.ThreadPoolExecutor$Worker.run(ThreadPoolExecutor.java:624)
	at java.lang.Thread.run(Thread.java:748)
 0.00% |█                                                                                                    |  0/1 Time: 0:03:452019-09-17 13:45:35,238 [grpc-default-executor-3] INFO  client.GrpcClientProtocolClient (GrpcClientProtocolClient.java:onNext(264)) - client-BB96F508478C->235b1c08-2c3c-45bc-ab7f-b19a657e57f0: receive RaftClientReply:client-BB96F508478C->235b1c08-2c3c-45bc-ab7f-b19a657e57f0@group-7DC0A196B6AC, cid=57, FAILED org.apache.ratis.protocol.NotLeaderException: Server 235b1c08-2c3c-45bc-ab7f-b19a657e57f0@group-7DC0A196B6AC is not the leader bf9845cc-5491-4380-971d-60a5c36fd440:192.168.5.130:40791, logIndex=0, commits[235b1c08-2c3c-45bc-ab7f-b19a657e57f0:c16, 73c69e8a-9bd3-45ee-8ac9-6e361d860e2f:c12, bf9845cc-5491-4380-971d-60a5c36fd440:c16]
2019-09-17 13:45:35,638 [java.util.concurrent.ThreadPoolExecutor$Worker@662ab04f[State = -1, empty queue]] WARN  server.GrpcLogAppender (GrpcLogAppender.java:timeoutAppendRequest(200)) - bf9845cc-5491-4380-971d-60a5c36fd440@group-7DC0A196B6AC->235b1c08-2c3c-45bc-ab7f-b19a657e57f0-GrpcLogAppender: appendEntries Timeout, request=bf9845cc-5491-4380-971d-60a5c36fd440->235b1c08-2c3c-45bc-ab7f-b19a657e57f0#26-t1, previous=(t:1, i:20), leaderCommit=16, initializing? false, entries: <empty>
2019-09-17 13:45:35,638 [java.util.concurrent.ThreadPoolExecutor$Worker@5f232967[State = -1, empty queue]] WARN  server.GrpcLogAppender (GrpcLogAppender.java:timeoutAppendRequest(200)) - bf9845cc-5491-4380-971d-60a5c36fd440@group-7DC0A196B6AC->73c69e8a-9bd3-45ee-8ac9-6e361d860e2f-GrpcLogAppender: appendEntries Timeout, request=bf9845cc-5491-4380-971d-60a5c36fd440->73c69e8a-9bd3-45ee-8ac9-6e361d860e2f#26-t1, previous=(t:1, i:20), leaderCommit=16, initializing? false, entries: <empty>
 0.00% |█                                                                                                    |  0/1 Time: 0:03:46 0.00% |█                                                                                                    |  0/1 Time: 0:03:472019-09-17 13:45:37,311 [grpc-default-executor-2] INFO  impl.RaftServerProxy (RaftServerProxy.java:remove(95)) - bf9845cc-5491-4380-971d-60a5c36fd440: remove group-8A5A189D8196:null
2019-09-17 13:45:37,318 [RatisPipelineUtilsThread] WARN  pipeline.RatisPipelineUtils (RatisPipelineUtils.java:destroyPipeline(66)) - Pipeline destroy failed for pipeline=PipelineID=035cdd69-bb9b-4d06-9aec-8a5a189d8196 dn=bf9845cc-5491-4380-971d-60a5c36fd440{ip: 192.168.5.130, host: pr-hdds-2136-chhj8-2666454444, networkLocation: /default-rack, certSerialId: null}
2019-09-17 13:45:37,321 [grpc-default-executor-2] INFO  impl.RaftServerProxy (RaftServerProxy.java:remove(95)) - 73c69e8a-9bd3-45ee-8ac9-6e361d860e2f: remove group-8A5A189D8196:null
2019-09-17 13:45:37,326 [RatisPipelineUtilsThread] WARN  pipeline.RatisPipelineUtils (RatisPipelineUtils.java:destroyPipeline(66)) - Pipeline destroy failed for pipeline=PipelineID=035cdd69-bb9b-4d06-9aec-8a5a189d8196 dn=73c69e8a-9bd3-45ee-8ac9-6e361d860e2f{ip: 192.168.5.130, host: pr-hdds-2136-chhj8-2666454444, networkLocation: /default-rack, certSerialId: null}
2019-09-17 13:45:37,329 [grpc-default-executor-2] INFO  impl.RaftServerProxy (RaftServerProxy.java:remove(95)) - 235b1c08-2c3c-45bc-ab7f-b19a657e57f0: remove group-8A5A189D8196:null
2019-09-17 13:45:37,334 [RatisPipelineUtilsThread] WARN  pipeline.RatisPipelineUtils (RatisPipelineUtils.java:destroyPipeline(66)) - Pipeline destroy failed for pipeline=PipelineID=035cdd69-bb9b-4d06-9aec-8a5a189d8196 dn=235b1c08-2c3c-45bc-ab7f-b19a657e57f0{ip: 192.168.5.130, host: pr-hdds-2136-chhj8-2666454444, networkLocation: /default-rack, certSerialId: null}
2019-09-17 13:45:37,334 [RatisPipelineUtilsThread] ERROR pipeline.SCMPipelineManager (Scheduler.java:lambda$schedule$1(70)) - Destroy pipeline failed for pipeline:Pipeline[ Id: 035cdd69-bb9b-4d06-9aec-8a5a189d8196, Nodes: bf9845cc-5491-4380-971d-60a5c36fd440{ip: 192.168.5.130, host: pr-hdds-2136-chhj8-2666454444, networkLocation: /default-rack, certSerialId: null}73c69e8a-9bd3-45ee-8ac9-6e361d860e2f{ip: 192.168.5.130, host: pr-hdds-2136-chhj8-2666454444, networkLocation: /default-rack, certSerialId: null}235b1c08-2c3c-45bc-ab7f-b19a657e57f0{ip: 192.168.5.130, host: pr-hdds-2136-chhj8-2666454444, networkLocation: /default-rack, certSerialId: null}, Type:RATIS, Factor:THREE, State:CLOSED]
org.apache.hadoop.hdds.scm.pipeline.PipelineNotFoundException: PipelineID=035cdd69-bb9b-4d06-9aec-8a5a189d8196 not found
	at org.apache.hadoop.hdds.scm.pipeline.PipelineStateMap.getPipeline(PipelineStateMap.java:132)
	at org.apache.hadoop.hdds.scm.pipeline.PipelineStateMap.removePipeline(PipelineStateMap.java:322)
	at org.apache.hadoop.hdds.scm.pipeline.PipelineStateManager.removePipeline(PipelineStateManager.java:107)
	at org.apache.hadoop.hdds.scm.pipeline.SCMPipelineManager.removePipeline(SCMPipelineManager.java:423)
	at org.apache.hadoop.hdds.scm.pipeline.SCMPipelineManager.destroyPipeline(SCMPipelineManager.java:409)
	at org.apache.hadoop.hdds.scm.pipeline.SCMPipelineManager.lambda$finalizeAndDestroyPipeline$0(SCMPipelineManager.java:318)
	at org.apache.hadoop.utils.Scheduler.lambda$schedule$1(Scheduler.java:68)
	at java.util.concurrent.Executors$RunnableAdapter.call(Executors.java:511)
	at java.util.concurrent.FutureTask.run(FutureTask.java:266)
	at java.util.concurrent.ScheduledThreadPoolExecutor$ScheduledFutureTask.access$201(ScheduledThreadPoolExecutor.java:180)
	at java.util.concurrent.ScheduledThreadPoolExecutor$ScheduledFutureTask.run(ScheduledThreadPoolExecutor.java:293)
	at java.util.concurrent.ThreadPoolExecutor.runWorker(ThreadPoolExecutor.java:1149)
	at java.util.concurrent.ThreadPoolExecutor$Worker.run(ThreadPoolExecutor.java:624)
	at java.lang.Thread.run(Thread.java:748)
2019-09-17 13:45:38,139 [java.util.concurrent.ThreadPoolExecutor$Worker@662ab04f[State = -1, empty queue]] WARN  server.GrpcLogAppender (GrpcLogAppender.java:timeoutAppendRequest(200)) - bf9845cc-5491-4380-971d-60a5c36fd440@group-7DC0A196B6AC->235b1c08-2c3c-45bc-ab7f-b19a657e57f0-GrpcLogAppender: appendEntries Timeout, request=bf9845cc-5491-4380-971d-60a5c36fd440->235b1c08-2c3c-45bc-ab7f-b19a657e57f0#27-t1, previous=(t:1, i:20), leaderCommit=16, initializing? false, entries: <empty>
2019-09-17 13:45:38,139 [java.util.concurrent.ThreadPoolExecutor$Worker@5f232967[State = -1, empty queue]] WARN  server.GrpcLogAppender (GrpcLogAppender.java:timeoutAppendRequest(200)) - bf9845cc-5491-4380-971d-60a5c36fd440@group-7DC0A196B6AC->73c69e8a-9bd3-45ee-8ac9-6e361d860e2f-GrpcLogAppender: appendEntries Timeout, request=bf9845cc-5491-4380-971d-60a5c36fd440->73c69e8a-9bd3-45ee-8ac9-6e361d860e2f#27-t1, previous=(t:1, i:20), leaderCommit=16, initializing? false, entries: <empty>
 0.00% |█                                                                                                    |  0/1 Time: 0:03:48 0.00% |█                                                                                                    |  0/1 Time: 0:03:492019-09-17 13:45:39,305 [grpc-default-executor-3] INFO  impl.RaftServerProxy (RaftServerProxy.java:remove(95)) - bf9845cc-5491-4380-971d-60a5c36fd440: remove group-8A5A189D8196:null
2019-09-17 13:45:39,310 [RatisPipelineUtilsThread] WARN  pipeline.RatisPipelineUtils (RatisPipelineUtils.java:destroyPipeline(66)) - Pipeline destroy failed for pipeline=PipelineID=035cdd69-bb9b-4d06-9aec-8a5a189d8196 dn=bf9845cc-5491-4380-971d-60a5c36fd440{ip: 192.168.5.130, host: pr-hdds-2136-chhj8-2666454444, networkLocation: /default-rack, certSerialId: null}
2019-09-17 13:45:39,312 [grpc-default-executor-3] INFO  impl.RaftServerProxy (RaftServerProxy.java:remove(95)) - 73c69e8a-9bd3-45ee-8ac9-6e361d860e2f: remove group-8A5A189D8196:null
2019-09-17 13:45:39,316 [RatisPipelineUtilsThread] WARN  pipeline.RatisPipelineUtils (RatisPipelineUtils.java:destroyPipeline(66)) - Pipeline destroy failed for pipeline=PipelineID=035cdd69-bb9b-4d06-9aec-8a5a189d8196 dn=73c69e8a-9bd3-45ee-8ac9-6e361d860e2f{ip: 192.168.5.130, host: pr-hdds-2136-chhj8-2666454444, networkLocation: /default-rack, certSerialId: null}
2019-09-17 13:45:39,319 [grpc-default-executor-3] INFO  impl.RaftServerProxy (RaftServerProxy.java:remove(95)) - 235b1c08-2c3c-45bc-ab7f-b19a657e57f0: remove group-8A5A189D8196:null
2019-09-17 13:45:39,323 [RatisPipelineUtilsThread] WARN  pipeline.RatisPipelineUtils (RatisPipelineUtils.java:destroyPipeline(66)) - Pipeline destroy failed for pipeline=PipelineID=035cdd69-bb9b-4d06-9aec-8a5a189d8196 dn=235b1c08-2c3c-45bc-ab7f-b19a657e57f0{ip: 192.168.5.130, host: pr-hdds-2136-chhj8-2666454444, networkLocation: /default-rack, certSerialId: null}
2019-09-17 13:45:39,323 [RatisPipelineUtilsThread] ERROR pipeline.SCMPipelineManager (Scheduler.java:lambda$schedule$1(70)) - Destroy pipeline failed for pipeline:Pipeline[ Id: 035cdd69-bb9b-4d06-9aec-8a5a189d8196, Nodes: bf9845cc-5491-4380-971d-60a5c36fd440{ip: 192.168.5.130, host: pr-hdds-2136-chhj8-2666454444, networkLocation: /default-rack, certSerialId: null}73c69e8a-9bd3-45ee-8ac9-6e361d860e2f{ip: 192.168.5.130, host: pr-hdds-2136-chhj8-2666454444, networkLocation: /default-rack, certSerialId: null}235b1c08-2c3c-45bc-ab7f-b19a657e57f0{ip: 192.168.5.130, host: pr-hdds-2136-chhj8-2666454444, networkLocation: /default-rack, certSerialId: null}, Type:RATIS, Factor:THREE, State:CLOSED]
org.apache.hadoop.hdds.scm.pipeline.PipelineNotFoundException: PipelineID=035cdd69-bb9b-4d06-9aec-8a5a189d8196 not found
	at org.apache.hadoop.hdds.scm.pipeline.PipelineStateMap.getPipeline(PipelineStateMap.java:132)
	at org.apache.hadoop.hdds.scm.pipeline.PipelineStateMap.removePipeline(PipelineStateMap.java:322)
	at org.apache.hadoop.hdds.scm.pipeline.PipelineStateManager.removePipeline(PipelineStateManager.java:107)
	at org.apache.hadoop.hdds.scm.pipeline.SCMPipelineManager.removePipeline(SCMPipelineManager.java:423)
	at org.apache.hadoop.hdds.scm.pipeline.SCMPipelineManager.destroyPipeline(SCMPipelineManager.java:409)
	at org.apache.hadoop.hdds.scm.pipeline.SCMPipelineManager.lambda$finalizeAndDestroyPipeline$0(SCMPipelineManager.java:318)
	at org.apache.hadoop.utils.Scheduler.lambda$schedule$1(Scheduler.java:68)
	at java.util.concurrent.Executors$RunnableAdapter.call(Executors.java:511)
	at java.util.concurrent.FutureTask.run(FutureTask.java:266)
	at java.util.concurrent.ScheduledThreadPoolExecutor$ScheduledFutureTask.access$201(ScheduledThreadPoolExecutor.java:180)
	at java.util.concurrent.ScheduledThreadPoolExecutor$ScheduledFutureTask.run(ScheduledThreadPoolExecutor.java:293)
	at java.util.concurrent.ThreadPoolExecutor.runWorker(ThreadPoolExecutor.java:1149)
	at java.util.concurrent.ThreadPoolExecutor$Worker.run(ThreadPoolExecutor.java:624)
	at java.lang.Thread.run(Thread.java:748)
2019-09-17 13:45:40,128 [73c69e8a-9bd3-45ee-8ac9-6e361d860e2f@group-7DC0A196B6AC-SegmentedRaftLogWorker] WARN  segmented.SegmentedRaftLogWorker (SegmentedRaftLogWorker.java:getFromFuture(90)) - Timeout 1/~
org.apache.ratis.protocol.TimeoutIOException: Timeout 10s: WriteLog:17: (t:1, i:17), STATEMACHINELOGENTRY, client-BB96F508478C, cid=57-writeStateMachineData
	at org.apache.ratis.util.IOUtils.getFromFuture(IOUtils.java:87)
	at org.apache.ratis.server.raftlog.segmented.SegmentedRaftLogWorker$StateMachineDataPolicy.getFromFuture(SegmentedRaftLogWorker.java:87)
	at org.apache.ratis.server.raftlog.segmented.SegmentedRaftLogWorker$WriteLog.execute(SegmentedRaftLogWorker.java:477)
	at org.apache.ratis.server.raftlog.segmented.SegmentedRaftLogWorker.run(SegmentedRaftLogWorker.java:289)
	at java.lang.Thread.run(Thread.java:748)
Caused by: java.util.concurrent.TimeoutException
	at java.util.concurrent.CompletableFuture.timedGet(CompletableFuture.java:1771)
	at java.util.concurrent.CompletableFuture.get(CompletableFuture.java:1915)
	at org.apache.ratis.util.IOUtils.getFromFuture(IOUtils.java:79)
	... 4 more
 0.00% |█                                                                                                    |  0/1 Time: 0:03:502019-09-17 13:45:40,277 [grpc-default-executor-3] INFO  client.GrpcClientProtocolClient (GrpcClientProtocolClient.java:onNext(264)) - client-BB96F508478C->73c69e8a-9bd3-45ee-8ac9-6e361d860e2f: receive RaftClientReply:client-BB96F508478C->73c69e8a-9bd3-45ee-8ac9-6e361d860e2f@group-7DC0A196B6AC, cid=57, FAILED org.apache.ratis.protocol.NotLeaderException: Server 73c69e8a-9bd3-45ee-8ac9-6e361d860e2f@group-7DC0A196B6AC is not the leader bf9845cc-5491-4380-971d-60a5c36fd440:192.168.5.130:40791, logIndex=0, commits[73c69e8a-9bd3-45ee-8ac9-6e361d860e2f:c16, 235b1c08-2c3c-45bc-ab7f-b19a657e57f0:c12, bf9845cc-5491-4380-971d-60a5c36fd440:c16]
2019-09-17 13:45:40,334 [235b1c08-2c3c-45bc-ab7f-b19a657e57f0@group-7DC0A196B6AC-SegmentedRaftLogWorker] WARN  segmented.SegmentedRaftLogWorker (SegmentedRaftLogWorker.java:getFromFuture(90)) - Timeout 1/~
org.apache.ratis.protocol.TimeoutIOException: Timeout 10s: WriteLog:19: (t:1, i:19), STATEMACHINELOGENTRY, client-BB96F508478C, cid=59-writeStateMachineData
	at org.apache.ratis.util.IOUtils.getFromFuture(IOUtils.java:87)
	at org.apache.ratis.server.raftlog.segmented.SegmentedRaftLogWorker$StateMachineDataPolicy.getFromFuture(SegmentedRaftLogWorker.java:87)
	at org.apache.ratis.server.raftlog.segmented.SegmentedRaftLogWorker$WriteLog.execute(SegmentedRaftLogWorker.java:477)
	at org.apache.ratis.server.raftlog.segmented.SegmentedRaftLogWorker.run(SegmentedRaftLogWorker.java:289)
	at java.lang.Thread.run(Thread.java:748)
Caused by: java.util.concurrent.TimeoutException
	at java.util.concurrent.CompletableFuture.timedGet(CompletableFuture.java:1771)
	at java.util.concurrent.CompletableFuture.get(CompletableFuture.java:1915)
	at org.apache.ratis.util.IOUtils.getFromFuture(IOUtils.java:79)
	... 4 more
2019-09-17 13:45:40,334 [bf9845cc-5491-4380-971d-60a5c36fd440@group-7DC0A196B6AC-SegmentedRaftLogWorker] WARN  segmented.SegmentedRaftLogWorker (SegmentedRaftLogWorker.java:getFromFuture(90)) - Timeout 1/~
org.apache.ratis.protocol.TimeoutIOException: Timeout 10s: WriteLog:19: (t:1, i:19), STATEMACHINELOGENTRY, client-BB96F508478C, cid=59-writeStateMachineData
	at org.apache.ratis.util.IOUtils.getFromFuture(IOUtils.java:87)
	at org.apache.ratis.server.raftlog.segmented.SegmentedRaftLogWorker$StateMachineDataPolicy.getFromFuture(SegmentedRaftLogWorker.java:87)
	at org.apache.ratis.server.raftlog.segmented.SegmentedRaftLogWorker$WriteLog.execute(SegmentedRaftLogWorker.java:477)
	at org.apache.ratis.server.raftlog.segmented.SegmentedRaftLogWorker.run(SegmentedRaftLogWorker.java:289)
	at java.lang.Thread.run(Thread.java:748)
Caused by: java.util.concurrent.TimeoutException
	at java.util.concurrent.CompletableFuture.timedGet(CompletableFuture.java:1771)
	at java.util.concurrent.CompletableFuture.get(CompletableFuture.java:1915)
	at org.apache.ratis.util.IOUtils.getFromFuture(IOUtils.java:79)
	... 4 more
2019-09-17 13:45:40,640 [java.util.concurrent.ThreadPoolExecutor$Worker@5f232967[State = -1, empty queue]] WARN  server.GrpcLogAppender (GrpcLogAppender.java:timeoutAppendRequest(200)) - bf9845cc-5491-4380-971d-60a5c36fd440@group-7DC0A196B6AC->73c69e8a-9bd3-45ee-8ac9-6e361d860e2f-GrpcLogAppender: appendEntries Timeout, request=bf9845cc-5491-4380-971d-60a5c36fd440->73c69e8a-9bd3-45ee-8ac9-6e361d860e2f#28-t1, previous=(t:1, i:20), leaderCommit=16, initializing? false, entries: <empty>
2019-09-17 13:45:40,640 [java.util.concurrent.ThreadPoolExecutor$Worker@662ab04f[State = -1, empty queue]] WARN  server.GrpcLogAppender (GrpcLogAppender.java:timeoutAppendRequest(200)) - bf9845cc-5491-4380-971d-60a5c36fd440@group-7DC0A196B6AC->235b1c08-2c3c-45bc-ab7f-b19a657e57f0-GrpcLogAppender: appendEntries Timeout, request=bf9845cc-5491-4380-971d-60a5c36fd440->235b1c08-2c3c-45bc-ab7f-b19a657e57f0#28-t1, previous=(t:1, i:20), leaderCommit=16, initializing? false, entries: <empty>
 0.00% |█                                                                                                    |  0/1 Time: 0:03:51 0.00% |█                                                                                                    |  0/1 Time: 0:03:522019-09-17 13:45:42,308 [grpc-default-executor-3] INFO  impl.RaftServerProxy (RaftServerProxy.java:remove(95)) - bf9845cc-5491-4380-971d-60a5c36fd440: remove group-8A5A189D8196:null
2019-09-17 13:45:42,314 [RatisPipelineUtilsThread] WARN  pipeline.RatisPipelineUtils (RatisPipelineUtils.java:destroyPipeline(66)) - Pipeline destroy failed for pipeline=PipelineID=035cdd69-bb9b-4d06-9aec-8a5a189d8196 dn=bf9845cc-5491-4380-971d-60a5c36fd440{ip: 192.168.5.130, host: pr-hdds-2136-chhj8-2666454444, networkLocation: /default-rack, certSerialId: null}
2019-09-17 13:45:42,317 [grpc-default-executor-3] INFO  impl.RaftServerProxy (RaftServerProxy.java:remove(95)) - 73c69e8a-9bd3-45ee-8ac9-6e361d860e2f: remove group-8A5A189D8196:null
2019-09-17 13:45:42,322 [RatisPipelineUtilsThread] WARN  pipeline.RatisPipelineUtils (RatisPipelineUtils.java:destroyPipeline(66)) - Pipeline destroy failed for pipeline=PipelineID=035cdd69-bb9b-4d06-9aec-8a5a189d8196 dn=73c69e8a-9bd3-45ee-8ac9-6e361d860e2f{ip: 192.168.5.130, host: pr-hdds-2136-chhj8-2666454444, networkLocation: /default-rack, certSerialId: null}
2019-09-17 13:45:42,325 [grpc-default-executor-3] INFO  impl.RaftServerProxy (RaftServerProxy.java:remove(95)) - 235b1c08-2c3c-45bc-ab7f-b19a657e57f0: remove group-8A5A189D8196:null
2019-09-17 13:45:42,330 [RatisPipelineUtilsThread] WARN  pipeline.RatisPipelineUtils (RatisPipelineUtils.java:destroyPipeline(66)) - Pipeline destroy failed for pipeline=PipelineID=035cdd69-bb9b-4d06-9aec-8a5a189d8196 dn=235b1c08-2c3c-45bc-ab7f-b19a657e57f0{ip: 192.168.5.130, host: pr-hdds-2136-chhj8-2666454444, networkLocation: /default-rack, certSerialId: null}
2019-09-17 13:45:42,330 [RatisPipelineUtilsThread] ERROR pipeline.SCMPipelineManager (Scheduler.java:lambda$schedule$1(70)) - Destroy pipeline failed for pipeline:Pipeline[ Id: 035cdd69-bb9b-4d06-9aec-8a5a189d8196, Nodes: bf9845cc-5491-4380-971d-60a5c36fd440{ip: 192.168.5.130, host: pr-hdds-2136-chhj8-2666454444, networkLocation: /default-rack, certSerialId: null}73c69e8a-9bd3-45ee-8ac9-6e361d860e2f{ip: 192.168.5.130, host: pr-hdds-2136-chhj8-2666454444, networkLocation: /default-rack, certSerialId: null}235b1c08-2c3c-45bc-ab7f-b19a657e57f0{ip: 192.168.5.130, host: pr-hdds-2136-chhj8-2666454444, networkLocation: /default-rack, certSerialId: null}, Type:RATIS, Factor:THREE, State:CLOSED]
org.apache.hadoop.hdds.scm.pipeline.PipelineNotFoundException: PipelineID=035cdd69-bb9b-4d06-9aec-8a5a189d8196 not found
	at org.apache.hadoop.hdds.scm.pipeline.PipelineStateMap.getPipeline(PipelineStateMap.java:132)
	at org.apache.hadoop.hdds.scm.pipeline.PipelineStateMap.removePipeline(PipelineStateMap.java:322)
	at org.apache.hadoop.hdds.scm.pipeline.PipelineStateManager.removePipeline(PipelineStateManager.java:107)
	at org.apache.hadoop.hdds.scm.pipeline.SCMPipelineManager.removePipeline(SCMPipelineManager.java:423)
	at org.apache.hadoop.hdds.scm.pipeline.SCMPipelineManager.destroyPipeline(SCMPipelineManager.java:409)
	at org.apache.hadoop.hdds.scm.pipeline.SCMPipelineManager.lambda$finalizeAndDestroyPipeline$0(SCMPipelineManager.java:318)
	at org.apache.hadoop.utils.Scheduler.lambda$schedule$1(Scheduler.java:68)
	at java.util.concurrent.Executors$RunnableAdapter.call(Executors.java:511)
	at java.util.concurrent.FutureTask.run(FutureTask.java:266)
	at java.util.concurrent.ScheduledThreadPoolExecutor$ScheduledFutureTask.access$201(ScheduledThreadPoolExecutor.java:180)
	at java.util.concurrent.ScheduledThreadPoolExecutor$ScheduledFutureTask.run(ScheduledThreadPoolExecutor.java:293)
	at java.util.concurrent.ThreadPoolExecutor.runWorker(ThreadPoolExecutor.java:1149)
	at java.util.concurrent.ThreadPoolExecutor$Worker.run(ThreadPoolExecutor.java:624)
	at java.lang.Thread.run(Thread.java:748)
2019-09-17 13:45:43,141 [java.util.concurrent.ThreadPoolExecutor$Worker@5f232967[State = -1, empty queue]] WARN  server.GrpcLogAppender (GrpcLogAppender.java:timeoutAppendRequest(200)) - bf9845cc-5491-4380-971d-60a5c36fd440@group-7DC0A196B6AC->73c69e8a-9bd3-45ee-8ac9-6e361d860e2f-GrpcLogAppender: appendEntries Timeout, request=bf9845cc-5491-4380-971d-60a5c36fd440->73c69e8a-9bd3-45ee-8ac9-6e361d860e2f#29-t1, previous=(t:1, i:20), leaderCommit=16, initializing? false, entries: <empty>
2019-09-17 13:45:43,141 [java.util.concurrent.ThreadPoolExecutor$Worker@662ab04f[State = -1, empty queue]] WARN  server.GrpcLogAppender (GrpcLogAppender.java:timeoutAppendRequest(200)) - bf9845cc-5491-4380-971d-60a5c36fd440@group-7DC0A196B6AC->235b1c08-2c3c-45bc-ab7f-b19a657e57f0-GrpcLogAppender: appendEntries Timeout, request=bf9845cc-5491-4380-971d-60a5c36fd440->235b1c08-2c3c-45bc-ab7f-b19a657e57f0#29-t1, previous=(t:1, i:20), leaderCommit=16, initializing? false, entries: <empty>
 0.00% |█                                                                                                    |  0/1 Time: 0:03:53 0.00% |█                                                                                                    |  0/1 Time: 0:03:542019-09-17 13:45:44,317 [grpc-default-executor-3] INFO  impl.RaftServerProxy (RaftServerProxy.java:remove(95)) - bf9845cc-5491-4380-971d-60a5c36fd440: remove group-8A5A189D8196:null
2019-09-17 13:45:44,324 [RatisPipelineUtilsThread] WARN  pipeline.RatisPipelineUtils (RatisPipelineUtils.java:destroyPipeline(66)) - Pipeline destroy failed for pipeline=PipelineID=035cdd69-bb9b-4d06-9aec-8a5a189d8196 dn=bf9845cc-5491-4380-971d-60a5c36fd440{ip: 192.168.5.130, host: pr-hdds-2136-chhj8-2666454444, networkLocation: /default-rack, certSerialId: null}
2019-09-17 13:45:44,328 [grpc-default-executor-3] INFO  impl.RaftServerProxy (RaftServerProxy.java:remove(95)) - 73c69e8a-9bd3-45ee-8ac9-6e361d860e2f: remove group-8A5A189D8196:null
2019-09-17 13:45:44,331 [RatisPipelineUtilsThread] WARN  pipeline.RatisPipelineUtils (RatisPipelineUtils.java:destroyPipeline(66)) - Pipeline destroy failed for pipeline=PipelineID=035cdd69-bb9b-4d06-9aec-8a5a189d8196 dn=73c69e8a-9bd3-45ee-8ac9-6e361d860e2f{ip: 192.168.5.130, host: pr-hdds-2136-chhj8-2666454444, networkLocation: /default-rack, certSerialId: null}
2019-09-17 13:45:44,333 [grpc-default-executor-3] INFO  impl.RaftServerProxy (RaftServerProxy.java:remove(95)) - 235b1c08-2c3c-45bc-ab7f-b19a657e57f0: remove group-8A5A189D8196:null
2019-09-17 13:45:44,336 [RatisPipelineUtilsThread] WARN  pipeline.RatisPipelineUtils (RatisPipelineUtils.java:destroyPipeline(66)) - Pipeline destroy failed for pipeline=PipelineID=035cdd69-bb9b-4d06-9aec-8a5a189d8196 dn=235b1c08-2c3c-45bc-ab7f-b19a657e57f0{ip: 192.168.5.130, host: pr-hdds-2136-chhj8-2666454444, networkLocation: /default-rack, certSerialId: null}
2019-09-17 13:45:44,336 [RatisPipelineUtilsThread] ERROR pipeline.SCMPipelineManager (Scheduler.java:lambda$schedule$1(70)) - Destroy pipeline failed for pipeline:Pipeline[ Id: 035cdd69-bb9b-4d06-9aec-8a5a189d8196, Nodes: bf9845cc-5491-4380-971d-60a5c36fd440{ip: 192.168.5.130, host: pr-hdds-2136-chhj8-2666454444, networkLocation: /default-rack, certSerialId: null}73c69e8a-9bd3-45ee-8ac9-6e361d860e2f{ip: 192.168.5.130, host: pr-hdds-2136-chhj8-2666454444, networkLocation: /default-rack, certSerialId: null}235b1c08-2c3c-45bc-ab7f-b19a657e57f0{ip: 192.168.5.130, host: pr-hdds-2136-chhj8-2666454444, networkLocation: /default-rack, certSerialId: null}, Type:RATIS, Factor:THREE, State:CLOSED]
org.apache.hadoop.hdds.scm.pipeline.PipelineNotFoundException: PipelineID=035cdd69-bb9b-4d06-9aec-8a5a189d8196 not found
	at org.apache.hadoop.hdds.scm.pipeline.PipelineStateMap.getPipeline(PipelineStateMap.java:132)
	at org.apache.hadoop.hdds.scm.pipeline.PipelineStateMap.removePipeline(PipelineStateMap.java:322)
	at org.apache.hadoop.hdds.scm.pipeline.PipelineStateManager.removePipeline(PipelineStateManager.java:107)
	at org.apache.hadoop.hdds.scm.pipeline.SCMPipelineManager.removePipeline(SCMPipelineManager.java:423)
	at org.apache.hadoop.hdds.scm.pipeline.SCMPipelineManager.destroyPipeline(SCMPipelineManager.java:409)
	at org.apache.hadoop.hdds.scm.pipeline.SCMPipelineManager.lambda$finalizeAndDestroyPipeline$0(SCMPipelineManager.java:318)
	at org.apache.hadoop.utils.Scheduler.lambda$schedule$1(Scheduler.java:68)
	at java.util.concurrent.Executors$RunnableAdapter.call(Executors.java:511)
	at java.util.concurrent.FutureTask.run(FutureTask.java:266)
	at java.util.concurrent.ScheduledThreadPoolExecutor$ScheduledFutureTask.access$201(ScheduledThreadPoolExecutor.java:180)
	at java.util.concurrent.ScheduledThreadPoolExecutor$ScheduledFutureTask.run(ScheduledThreadPoolExecutor.java:293)
	at java.util.concurrent.ThreadPoolExecutor.runWorker(ThreadPoolExecutor.java:1149)
	at java.util.concurrent.ThreadPoolExecutor$Worker.run(ThreadPoolExecutor.java:624)
	at java.lang.Thread.run(Thread.java:748)
 0.00% |█                                                                                                    |  0/1 Time: 0:03:552019-09-17 13:45:45,328 [grpc-default-executor-3] INFO  client.GrpcClientProtocolClient (GrpcClientProtocolClient.java:onNext(264)) - client-BB96F508478C->235b1c08-2c3c-45bc-ab7f-b19a657e57f0: receive RaftClientReply:client-BB96F508478C->235b1c08-2c3c-45bc-ab7f-b19a657e57f0@group-7DC0A196B6AC, cid=57, FAILED org.apache.ratis.protocol.NotLeaderException: Server 235b1c08-2c3c-45bc-ab7f-b19a657e57f0@group-7DC0A196B6AC is not the leader bf9845cc-5491-4380-971d-60a5c36fd440:192.168.5.130:40791, logIndex=0, commits[235b1c08-2c3c-45bc-ab7f-b19a657e57f0:c16, 73c69e8a-9bd3-45ee-8ac9-6e361d860e2f:c12, bf9845cc-5491-4380-971d-60a5c36fd440:c16]
2019-09-17 13:45:45,641 [java.util.concurrent.ThreadPoolExecutor$Worker@5f232967[State = -1, empty queue]] WARN  server.GrpcLogAppender (GrpcLogAppender.java:timeoutAppendRequest(200)) - bf9845cc-5491-4380-971d-60a5c36fd440@group-7DC0A196B6AC->73c69e8a-9bd3-45ee-8ac9-6e361d860e2f-GrpcLogAppender: appendEntries Timeout, request=bf9845cc-5491-4380-971d-60a5c36fd440->73c69e8a-9bd3-45ee-8ac9-6e361d860e2f#30-t1, previous=(t:1, i:20), leaderCommit=16, initializing? false, entries: <empty>
2019-09-17 13:45:45,641 [java.util.concurrent.ThreadPoolExecutor$Worker@662ab04f[State = -1, empty queue]] WARN  server.GrpcLogAppender (GrpcLogAppender.java:timeoutAppendRequest(200)) - bf9845cc-5491-4380-971d-60a5c36fd440@group-7DC0A196B6AC->235b1c08-2c3c-45bc-ab7f-b19a657e57f0-GrpcLogAppender: appendEntries Timeout, request=bf9845cc-5491-4380-971d-60a5c36fd440->235b1c08-2c3c-45bc-ab7f-b19a657e57f0#30-t1, previous=(t:1, i:20), leaderCommit=16, initializing? false, entries: <empty>
 0.00% |█                                                                                                    |  0/1 Time: 0:03:56 0.00% |█                                                                                                    |  0/1 Time: 0:03:572019-09-17 13:45:47,306 [grpc-default-executor-5] INFO  impl.RaftServerProxy (RaftServerProxy.java:remove(95)) - bf9845cc-5491-4380-971d-60a5c36fd440: remove group-8A5A189D8196:null
2019-09-17 13:45:47,309 [RatisPipelineUtilsThread] WARN  pipeline.RatisPipelineUtils (RatisPipelineUtils.java:destroyPipeline(66)) - Pipeline destroy failed for pipeline=PipelineID=035cdd69-bb9b-4d06-9aec-8a5a189d8196 dn=bf9845cc-5491-4380-971d-60a5c36fd440{ip: 192.168.5.130, host: pr-hdds-2136-chhj8-2666454444, networkLocation: /default-rack, certSerialId: null}
2019-09-17 13:45:47,312 [grpc-default-executor-5] INFO  impl.RaftServerProxy (RaftServerProxy.java:remove(95)) - 73c69e8a-9bd3-45ee-8ac9-6e361d860e2f: remove group-8A5A189D8196:null
2019-09-17 13:45:47,315 [RatisPipelineUtilsThread] WARN  pipeline.RatisPipelineUtils (RatisPipelineUtils.java:destroyPipeline(66)) - Pipeline destroy failed for pipeline=PipelineID=035cdd69-bb9b-4d06-9aec-8a5a189d8196 dn=73c69e8a-9bd3-45ee-8ac9-6e361d860e2f{ip: 192.168.5.130, host: pr-hdds-2136-chhj8-2666454444, networkLocation: /default-rack, certSerialId: null}
2019-09-17 13:45:47,317 [grpc-default-executor-5] INFO  impl.RaftServerProxy (RaftServerProxy.java:remove(95)) - 235b1c08-2c3c-45bc-ab7f-b19a657e57f0: remove group-8A5A189D8196:null
2019-09-17 13:45:47,320 [RatisPipelineUtilsThread] WARN  pipeline.RatisPipelineUtils (RatisPipelineUtils.java:destroyPipeline(66)) - Pipeline destroy failed for pipeline=PipelineID=035cdd69-bb9b-4d06-9aec-8a5a189d8196 dn=235b1c08-2c3c-45bc-ab7f-b19a657e57f0{ip: 192.168.5.130, host: pr-hdds-2136-chhj8-2666454444, networkLocation: /default-rack, certSerialId: null}
2019-09-17 13:45:47,320 [RatisPipelineUtilsThread] ERROR pipeline.SCMPipelineManager (Scheduler.java:lambda$schedule$1(70)) - Destroy pipeline failed for pipeline:Pipeline[ Id: 035cdd69-bb9b-4d06-9aec-8a5a189d8196, Nodes: bf9845cc-5491-4380-971d-60a5c36fd440{ip: 192.168.5.130, host: pr-hdds-2136-chhj8-2666454444, networkLocation: /default-rack, certSerialId: null}73c69e8a-9bd3-45ee-8ac9-6e361d860e2f{ip: 192.168.5.130, host: pr-hdds-2136-chhj8-2666454444, networkLocation: /default-rack, certSerialId: null}235b1c08-2c3c-45bc-ab7f-b19a657e57f0{ip: 192.168.5.130, host: pr-hdds-2136-chhj8-2666454444, networkLocation: /default-rack, certSerialId: null}, Type:RATIS, Factor:THREE, State:CLOSED]
org.apache.hadoop.hdds.scm.pipeline.PipelineNotFoundException: PipelineID=035cdd69-bb9b-4d06-9aec-8a5a189d8196 not found
	at org.apache.hadoop.hdds.scm.pipeline.PipelineStateMap.getPipeline(PipelineStateMap.java:132)
	at org.apache.hadoop.hdds.scm.pipeline.PipelineStateMap.removePipeline(PipelineStateMap.java:322)
	at org.apache.hadoop.hdds.scm.pipeline.PipelineStateManager.removePipeline(PipelineStateManager.java:107)
	at org.apache.hadoop.hdds.scm.pipeline.SCMPipelineManager.removePipeline(SCMPipelineManager.java:423)
	at org.apache.hadoop.hdds.scm.pipeline.SCMPipelineManager.destroyPipeline(SCMPipelineManager.java:409)
	at org.apache.hadoop.hdds.scm.pipeline.SCMPipelineManager.lambda$finalizeAndDestroyPipeline$0(SCMPipelineManager.java:318)
	at org.apache.hadoop.utils.Scheduler.lambda$schedule$1(Scheduler.java:68)
	at java.util.concurrent.Executors$RunnableAdapter.call(Executors.java:511)
	at java.util.concurrent.FutureTask.run(FutureTask.java:266)
	at java.util.concurrent.ScheduledThreadPoolExecutor$ScheduledFutureTask.access$201(ScheduledThreadPoolExecutor.java:180)
	at java.util.concurrent.ScheduledThreadPoolExecutor$ScheduledFutureTask.run(ScheduledThreadPoolExecutor.java:293)
	at java.util.concurrent.ThreadPoolExecutor.runWorker(ThreadPoolExecutor.java:1149)
	at java.util.concurrent.ThreadPoolExecutor$Worker.run(ThreadPoolExecutor.java:624)
	at java.lang.Thread.run(Thread.java:748)
2019-09-17 13:45:48,141 [java.util.concurrent.ThreadPoolExecutor$Worker@5f232967[State = -1, empty queue]] WARN  server.GrpcLogAppender (GrpcLogAppender.java:timeoutAppendRequest(200)) - bf9845cc-5491-4380-971d-60a5c36fd440@group-7DC0A196B6AC->73c69e8a-9bd3-45ee-8ac9-6e361d860e2f-GrpcLogAppender: appendEntries Timeout, request=bf9845cc-5491-4380-971d-60a5c36fd440->73c69e8a-9bd3-45ee-8ac9-6e361d860e2f#31-t1, previous=(t:1, i:20), leaderCommit=16, initializing? false, entries: <empty>
2019-09-17 13:45:48,141 [java.util.concurrent.ThreadPoolExecutor$Worker@662ab04f[State = -1, empty queue]] WARN  server.GrpcLogAppender (GrpcLogAppender.java:timeoutAppendRequest(200)) - bf9845cc-5491-4380-971d-60a5c36fd440@group-7DC0A196B6AC->235b1c08-2c3c-45bc-ab7f-b19a657e57f0-GrpcLogAppender: appendEntries Timeout, request=bf9845cc-5491-4380-971d-60a5c36fd440->235b1c08-2c3c-45bc-ab7f-b19a657e57f0#31-t1, previous=(t:1, i:20), leaderCommit=16, initializing? false, entries: <empty>
 0.00% |█                                                                                                    |  0/1 Time: 0:03:58 0.00% |█                                                                                                    |  0/1 Time: 0:03:592019-09-17 13:45:49,308 [grpc-default-executor-5] INFO  impl.RaftServerProxy (RaftServerProxy.java:remove(95)) - bf9845cc-5491-4380-971d-60a5c36fd440: remove group-8A5A189D8196:null
2019-09-17 13:45:49,312 [RatisPipelineUtilsThread] WARN  pipeline.RatisPipelineUtils (RatisPipelineUtils.java:destroyPipeline(66)) - Pipeline destroy failed for pipeline=PipelineID=035cdd69-bb9b-4d06-9aec-8a5a189d8196 dn=bf9845cc-5491-4380-971d-60a5c36fd440{ip: 192.168.5.130, host: pr-hdds-2136-chhj8-2666454444, networkLocation: /default-rack, certSerialId: null}
2019-09-17 13:45:49,316 [grpc-default-executor-5] INFO  impl.RaftServerProxy (RaftServerProxy.java:remove(95)) - 73c69e8a-9bd3-45ee-8ac9-6e361d860e2f: remove group-8A5A189D8196:null
2019-09-17 13:45:49,318 [RatisPipelineUtilsThread] WARN  pipeline.RatisPipelineUtils (RatisPipelineUtils.java:destroyPipeline(66)) - Pipeline destroy failed for pipeline=PipelineID=035cdd69-bb9b-4d06-9aec-8a5a189d8196 dn=73c69e8a-9bd3-45ee-8ac9-6e361d860e2f{ip: 192.168.5.130, host: pr-hdds-2136-chhj8-2666454444, networkLocation: /default-rack, certSerialId: null}
2019-09-17 13:45:49,321 [grpc-default-executor-5] INFO  impl.RaftServerProxy (RaftServerProxy.java:remove(95)) - 235b1c08-2c3c-45bc-ab7f-b19a657e57f0: remove group-8A5A189D8196:null
2019-09-17 13:45:49,324 [RatisPipelineUtilsThread] WARN  pipeline.RatisPipelineUtils (RatisPipelineUtils.java:destroyPipeline(66)) - Pipeline destroy failed for pipeline=PipelineID=035cdd69-bb9b-4d06-9aec-8a5a189d8196 dn=235b1c08-2c3c-45bc-ab7f-b19a657e57f0{ip: 192.168.5.130, host: pr-hdds-2136-chhj8-2666454444, networkLocation: /default-rack, certSerialId: null}
2019-09-17 13:45:49,324 [RatisPipelineUtilsThread] ERROR pipeline.SCMPipelineManager (Scheduler.java:lambda$schedule$1(70)) - Destroy pipeline failed for pipeline:Pipeline[ Id: 035cdd69-bb9b-4d06-9aec-8a5a189d8196, Nodes: bf9845cc-5491-4380-971d-60a5c36fd440{ip: 192.168.5.130, host: pr-hdds-2136-chhj8-2666454444, networkLocation: /default-rack, certSerialId: null}73c69e8a-9bd3-45ee-8ac9-6e361d860e2f{ip: 192.168.5.130, host: pr-hdds-2136-chhj8-2666454444, networkLocation: /default-rack, certSerialId: null}235b1c08-2c3c-45bc-ab7f-b19a657e57f0{ip: 192.168.5.130, host: pr-hdds-2136-chhj8-2666454444, networkLocation: /default-rack, certSerialId: null}, Type:RATIS, Factor:THREE, State:CLOSED]
org.apache.hadoop.hdds.scm.pipeline.PipelineNotFoundException: PipelineID=035cdd69-bb9b-4d06-9aec-8a5a189d8196 not found
	at org.apache.hadoop.hdds.scm.pipeline.PipelineStateMap.getPipeline(PipelineStateMap.java:132)
	at org.apache.hadoop.hdds.scm.pipeline.PipelineStateMap.removePipeline(PipelineStateMap.java:322)
	at org.apache.hadoop.hdds.scm.pipeline.PipelineStateManager.removePipeline(PipelineStateManager.java:107)
	at org.apache.hadoop.hdds.scm.pipeline.SCMPipelineManager.removePipeline(SCMPipelineManager.java:423)
	at org.apache.hadoop.hdds.scm.pipeline.SCMPipelineManager.destroyPipeline(SCMPipelineManager.java:409)
	at org.apache.hadoop.hdds.scm.pipeline.SCMPipelineManager.lambda$finalizeAndDestroyPipeline$0(SCMPipelineManager.java:318)
	at org.apache.hadoop.utils.Scheduler.lambda$schedule$1(Scheduler.java:68)
	at java.util.concurrent.Executors$RunnableAdapter.call(Executors.java:511)
	at java.util.concurrent.FutureTask.run(FutureTask.java:266)
	at java.util.concurrent.ScheduledThreadPoolExecutor$ScheduledFutureTask.access$201(ScheduledThreadPoolExecutor.java:180)
	at java.util.concurrent.ScheduledThreadPoolExecutor$ScheduledFutureTask.run(ScheduledThreadPoolExecutor.java:293)
	at java.util.concurrent.ThreadPoolExecutor.runWorker(ThreadPoolExecutor.java:1149)
	at java.util.concurrent.ThreadPoolExecutor$Worker.run(ThreadPoolExecutor.java:624)
	at java.lang.Thread.run(Thread.java:748)
2019-09-17 13:45:50,129 [73c69e8a-9bd3-45ee-8ac9-6e361d860e2f@group-7DC0A196B6AC-SegmentedRaftLogWorker] WARN  segmented.SegmentedRaftLogWorker (SegmentedRaftLogWorker.java:getFromFuture(90)) - Timeout 2/~
org.apache.ratis.protocol.TimeoutIOException: Timeout 10s: WriteLog:17: (t:1, i:17), STATEMACHINELOGENTRY, client-BB96F508478C, cid=57-writeStateMachineData
	at org.apache.ratis.util.IOUtils.getFromFuture(IOUtils.java:87)
	at org.apache.ratis.server.raftlog.segmented.SegmentedRaftLogWorker$StateMachineDataPolicy.getFromFuture(SegmentedRaftLogWorker.java:87)
	at org.apache.ratis.server.raftlog.segmented.SegmentedRaftLogWorker$WriteLog.execute(SegmentedRaftLogWorker.java:477)
	at org.apache.ratis.server.raftlog.segmented.SegmentedRaftLogWorker.run(SegmentedRaftLogWorker.java:289)
	at java.lang.Thread.run(Thread.java:748)
Caused by: java.util.concurrent.TimeoutException
	at java.util.concurrent.CompletableFuture.timedGet(CompletableFuture.java:1771)
	at java.util.concurrent.CompletableFuture.get(CompletableFuture.java:1915)
	at org.apache.ratis.util.IOUtils.getFromFuture(IOUtils.java:79)
	... 4 more
 0.00% |█                                                                                                    |  0/1 Time: 0:04:002019-09-17 13:45:50,335 [235b1c08-2c3c-45bc-ab7f-b19a657e57f0@group-7DC0A196B6AC-SegmentedRaftLogWorker] WARN  segmented.SegmentedRaftLogWorker (SegmentedRaftLogWorker.java:getFromFuture(90)) - Timeout 2/~
org.apache.ratis.protocol.TimeoutIOException: Timeout 10s: WriteLog:19: (t:1, i:19), STATEMACHINELOGENTRY, client-BB96F508478C, cid=59-writeStateMachineData
	at org.apache.ratis.util.IOUtils.getFromFuture(IOUtils.java:87)
	at org.apache.ratis.server.raftlog.segmented.SegmentedRaftLogWorker$StateMachineDataPolicy.getFromFuture(SegmentedRaftLogWorker.java:87)
	at org.apache.ratis.server.raftlog.segmented.SegmentedRaftLogWorker$WriteLog.execute(SegmentedRaftLogWorker.java:477)
	at org.apache.ratis.server.raftlog.segmented.SegmentedRaftLogWorker.run(SegmentedRaftLogWorker.java:289)
	at java.lang.Thread.run(Thread.java:748)
Caused by: java.util.concurrent.TimeoutException
	at java.util.concurrent.CompletableFuture.timedGet(CompletableFuture.java:1771)
	at java.util.concurrent.CompletableFuture.get(CompletableFuture.java:1915)
	at org.apache.ratis.util.IOUtils.getFromFuture(IOUtils.java:79)
	... 4 more
2019-09-17 13:45:50,335 [bf9845cc-5491-4380-971d-60a5c36fd440@group-7DC0A196B6AC-SegmentedRaftLogWorker] WARN  segmented.SegmentedRaftLogWorker (SegmentedRaftLogWorker.java:getFromFuture(90)) - Timeout 2/~
org.apache.ratis.protocol.TimeoutIOException: Timeout 10s: WriteLog:19: (t:1, i:19), STATEMACHINELOGENTRY, client-BB96F508478C, cid=59-writeStateMachineData
	at org.apache.ratis.util.IOUtils.getFromFuture(IOUtils.java:87)
	at org.apache.ratis.server.raftlog.segmented.SegmentedRaftLogWorker$StateMachineDataPolicy.getFromFuture(SegmentedRaftLogWorker.java:87)
	at org.apache.ratis.server.raftlog.segmented.SegmentedRaftLogWorker$WriteLog.execute(SegmentedRaftLogWorker.java:477)
	at org.apache.ratis.server.raftlog.segmented.SegmentedRaftLogWorker.run(SegmentedRaftLogWorker.java:289)
	at java.lang.Thread.run(Thread.java:748)
Caused by: java.util.concurrent.TimeoutException
	at java.util.concurrent.CompletableFuture.timedGet(CompletableFuture.java:1771)
	at java.util.concurrent.CompletableFuture.get(CompletableFuture.java:1915)
	at org.apache.ratis.util.IOUtils.getFromFuture(IOUtils.java:79)
	... 4 more
2019-09-17 13:45:50,363 [grpc-default-executor-5] INFO  client.GrpcClientProtocolClient (GrpcClientProtocolClient.java:onNext(264)) - client-BB96F508478C->73c69e8a-9bd3-45ee-8ac9-6e361d860e2f: receive RaftClientReply:client-BB96F508478C->73c69e8a-9bd3-45ee-8ac9-6e361d860e2f@group-7DC0A196B6AC, cid=57, FAILED org.apache.ratis.protocol.NotLeaderException: Server 73c69e8a-9bd3-45ee-8ac9-6e361d860e2f@group-7DC0A196B6AC is not the leader bf9845cc-5491-4380-971d-60a5c36fd440:192.168.5.130:40791, logIndex=0, commits[73c69e8a-9bd3-45ee-8ac9-6e361d860e2f:c16, 235b1c08-2c3c-45bc-ab7f-b19a657e57f0:c12, bf9845cc-5491-4380-971d-60a5c36fd440:c16]
2019-09-17 13:45:50,643 [java.util.concurrent.ThreadPoolExecutor$Worker@662ab04f[State = -1, empty queue]] WARN  server.GrpcLogAppender (GrpcLogAppender.java:timeoutAppendRequest(200)) - bf9845cc-5491-4380-971d-60a5c36fd440@group-7DC0A196B6AC->235b1c08-2c3c-45bc-ab7f-b19a657e57f0-GrpcLogAppender: appendEntries Timeout, request=bf9845cc-5491-4380-971d-60a5c36fd440->235b1c08-2c3c-45bc-ab7f-b19a657e57f0#32-t1, previous=(t:1, i:20), leaderCommit=16, initializing? false, entries: <empty>
2019-09-17 13:45:50,643 [java.util.concurrent.ThreadPoolExecutor$Worker@5f232967[State = -1, empty queue]] WARN  server.GrpcLogAppender (GrpcLogAppender.java:timeoutAppendRequest(200)) - bf9845cc-5491-4380-971d-60a5c36fd440@group-7DC0A196B6AC->73c69e8a-9bd3-45ee-8ac9-6e361d860e2f-GrpcLogAppender: appendEntries Timeout, request=bf9845cc-5491-4380-971d-60a5c36fd440->73c69e8a-9bd3-45ee-8ac9-6e361d860e2f#32-t1, previous=(t:1, i:20), leaderCommit=16, initializing? false, entries: <empty>
 0.00% |█                                                                                                    |  0/1 Time: 0:04:01 0.00% |█                                                                                                    |  0/1 Time: 0:04:022019-09-17 13:45:52,313 [grpc-default-executor-5] INFO  impl.RaftServerProxy (RaftServerProxy.java:remove(95)) - bf9845cc-5491-4380-971d-60a5c36fd440: remove group-8A5A189D8196:null
2019-09-17 13:45:52,319 [RatisPipelineUtilsThread] WARN  pipeline.RatisPipelineUtils (RatisPipelineUtils.java:destroyPipeline(66)) - Pipeline destroy failed for pipeline=PipelineID=035cdd69-bb9b-4d06-9aec-8a5a189d8196 dn=bf9845cc-5491-4380-971d-60a5c36fd440{ip: 192.168.5.130, host: pr-hdds-2136-chhj8-2666454444, networkLocation: /default-rack, certSerialId: null}
2019-09-17 13:45:52,324 [grpc-default-executor-5] INFO  impl.RaftServerProxy (RaftServerProxy.java:remove(95)) - 73c69e8a-9bd3-45ee-8ac9-6e361d860e2f: remove group-8A5A189D8196:null
2019-09-17 13:45:52,327 [RatisPipelineUtilsThread] WARN  pipeline.RatisPipelineUtils (RatisPipelineUtils.java:destroyPipeline(66)) - Pipeline destroy failed for pipeline=PipelineID=035cdd69-bb9b-4d06-9aec-8a5a189d8196 dn=73c69e8a-9bd3-45ee-8ac9-6e361d860e2f{ip: 192.168.5.130, host: pr-hdds-2136-chhj8-2666454444, networkLocation: /default-rack, certSerialId: null}
2019-09-17 13:45:52,330 [grpc-default-executor-5] INFO  impl.RaftServerProxy (RaftServerProxy.java:remove(95)) - 235b1c08-2c3c-45bc-ab7f-b19a657e57f0: remove group-8A5A189D8196:null
2019-09-17 13:45:52,333 [RatisPipelineUtilsThread] WARN  pipeline.RatisPipelineUtils (RatisPipelineUtils.java:destroyPipeline(66)) - Pipeline destroy failed for pipeline=PipelineID=035cdd69-bb9b-4d06-9aec-8a5a189d8196 dn=235b1c08-2c3c-45bc-ab7f-b19a657e57f0{ip: 192.168.5.130, host: pr-hdds-2136-chhj8-2666454444, networkLocation: /default-rack, certSerialId: null}
2019-09-17 13:45:52,334 [RatisPipelineUtilsThread] ERROR pipeline.SCMPipelineManager (Scheduler.java:lambda$schedule$1(70)) - Destroy pipeline failed for pipeline:Pipeline[ Id: 035cdd69-bb9b-4d06-9aec-8a5a189d8196, Nodes: bf9845cc-5491-4380-971d-60a5c36fd440{ip: 192.168.5.130, host: pr-hdds-2136-chhj8-2666454444, networkLocation: /default-rack, certSerialId: null}73c69e8a-9bd3-45ee-8ac9-6e361d860e2f{ip: 192.168.5.130, host: pr-hdds-2136-chhj8-2666454444, networkLocation: /default-rack, certSerialId: null}235b1c08-2c3c-45bc-ab7f-b19a657e57f0{ip: 192.168.5.130, host: pr-hdds-2136-chhj8-2666454444, networkLocation: /default-rack, certSerialId: null}, Type:RATIS, Factor:THREE, State:CLOSED]
org.apache.hadoop.hdds.scm.pipeline.PipelineNotFoundException: PipelineID=035cdd69-bb9b-4d06-9aec-8a5a189d8196 not found
	at org.apache.hadoop.hdds.scm.pipeline.PipelineStateMap.getPipeline(PipelineStateMap.java:132)
	at org.apache.hadoop.hdds.scm.pipeline.PipelineStateMap.removePipeline(PipelineStateMap.java:322)
	at org.apache.hadoop.hdds.scm.pipeline.PipelineStateManager.removePipeline(PipelineStateManager.java:107)
	at org.apache.hadoop.hdds.scm.pipeline.SCMPipelineManager.removePipeline(SCMPipelineManager.java:423)
	at org.apache.hadoop.hdds.scm.pipeline.SCMPipelineManager.destroyPipeline(SCMPipelineManager.java:409)
	at org.apache.hadoop.hdds.scm.pipeline.SCMPipelineManager.lambda$finalizeAndDestroyPipeline$0(SCMPipelineManager.java:318)
	at org.apache.hadoop.utils.Scheduler.lambda$schedule$1(Scheduler.java:68)
	at java.util.concurrent.Executors$RunnableAdapter.call(Executors.java:511)
	at java.util.concurrent.FutureTask.run(FutureTask.java:266)
	at java.util.concurrent.ScheduledThreadPoolExecutor$ScheduledFutureTask.access$201(ScheduledThreadPoolExecutor.java:180)
	at java.util.concurrent.ScheduledThreadPoolExecutor$ScheduledFutureTask.run(ScheduledThreadPoolExecutor.java:293)
	at java.util.concurrent.ThreadPoolExecutor.runWorker(ThreadPoolExecutor.java:1149)
	at java.util.concurrent.ThreadPoolExecutor$Worker.run(ThreadPoolExecutor.java:624)
	at java.lang.Thread.run(Thread.java:748)
2019-09-17 13:45:53,143 [java.util.concurrent.ThreadPoolExecutor$Worker@662ab04f[State = -1, empty queue]] WARN  server.GrpcLogAppender (GrpcLogAppender.java:timeoutAppendRequest(200)) - bf9845cc-5491-4380-971d-60a5c36fd440@group-7DC0A196B6AC->235b1c08-2c3c-45bc-ab7f-b19a657e57f0-GrpcLogAppender: appendEntries Timeout, request=bf9845cc-5491-4380-971d-60a5c36fd440->235b1c08-2c3c-45bc-ab7f-b19a657e57f0#33-t1, previous=(t:1, i:20), leaderCommit=16, initializing? false, entries: <empty>
2019-09-17 13:45:53,143 [java.util.concurrent.ThreadPoolExecutor$Worker@5f232967[State = -1, empty queue]] WARN  server.GrpcLogAppender (GrpcLogAppender.java:timeoutAppendRequest(200)) - bf9845cc-5491-4380-971d-60a5c36fd440@group-7DC0A196B6AC->73c69e8a-9bd3-45ee-8ac9-6e361d860e2f-GrpcLogAppender: appendEntries Timeout, request=bf9845cc-5491-4380-971d-60a5c36fd440->73c69e8a-9bd3-45ee-8ac9-6e361d860e2f#33-t1, previous=(t:1, i:20), leaderCommit=16, initializing? false, entries: <empty>
 0.00% |█                                                                                                    |  0/1 Time: 0:04:03 0.00% |█                                                                                                    |  0/1 Time: 0:04:042019-09-17 13:45:54,319 [grpc-default-executor-3] INFO  impl.RaftServerProxy (RaftServerProxy.java:remove(95)) - bf9845cc-5491-4380-971d-60a5c36fd440: remove group-8A5A189D8196:null
2019-09-17 13:45:54,324 [RatisPipelineUtilsThread] WARN  pipeline.RatisPipelineUtils (RatisPipelineUtils.java:destroyPipeline(66)) - Pipeline destroy failed for pipeline=PipelineID=035cdd69-bb9b-4d06-9aec-8a5a189d8196 dn=bf9845cc-5491-4380-971d-60a5c36fd440{ip: 192.168.5.130, host: pr-hdds-2136-chhj8-2666454444, networkLocation: /default-rack, certSerialId: null}
2019-09-17 13:45:54,327 [grpc-default-executor-3] INFO  impl.RaftServerProxy (RaftServerProxy.java:remove(95)) - 73c69e8a-9bd3-45ee-8ac9-6e361d860e2f: remove group-8A5A189D8196:null
2019-09-17 13:45:54,329 [RatisPipelineUtilsThread] WARN  pipeline.RatisPipelineUtils (RatisPipelineUtils.java:destroyPipeline(66)) - Pipeline destroy failed for pipeline=PipelineID=035cdd69-bb9b-4d06-9aec-8a5a189d8196 dn=73c69e8a-9bd3-45ee-8ac9-6e361d860e2f{ip: 192.168.5.130, host: pr-hdds-2136-chhj8-2666454444, networkLocation: /default-rack, certSerialId: null}
2019-09-17 13:45:54,332 [grpc-default-executor-3] INFO  impl.RaftServerProxy (RaftServerProxy.java:remove(95)) - 235b1c08-2c3c-45bc-ab7f-b19a657e57f0: remove group-8A5A189D8196:null
2019-09-17 13:45:54,333 [RatisPipelineUtilsThread] WARN  pipeline.RatisPipelineUtils (RatisPipelineUtils.java:destroyPipeline(66)) - Pipeline destroy failed for pipeline=PipelineID=035cdd69-bb9b-4d06-9aec-8a5a189d8196 dn=235b1c08-2c3c-45bc-ab7f-b19a657e57f0{ip: 192.168.5.130, host: pr-hdds-2136-chhj8-2666454444, networkLocation: /default-rack, certSerialId: null}
2019-09-17 13:45:54,334 [RatisPipelineUtilsThread] ERROR pipeline.SCMPipelineManager (Scheduler.java:lambda$schedule$1(70)) - Destroy pipeline failed for pipeline:Pipeline[ Id: 035cdd69-bb9b-4d06-9aec-8a5a189d8196, Nodes: bf9845cc-5491-4380-971d-60a5c36fd440{ip: 192.168.5.130, host: pr-hdds-2136-chhj8-2666454444, networkLocation: /default-rack, certSerialId: null}73c69e8a-9bd3-45ee-8ac9-6e361d860e2f{ip: 192.168.5.130, host: pr-hdds-2136-chhj8-2666454444, networkLocation: /default-rack, certSerialId: null}235b1c08-2c3c-45bc-ab7f-b19a657e57f0{ip: 192.168.5.130, host: pr-hdds-2136-chhj8-2666454444, networkLocation: /default-rack, certSerialId: null}, Type:RATIS, Factor:THREE, State:CLOSED]
org.apache.hadoop.hdds.scm.pipeline.PipelineNotFoundException: PipelineID=035cdd69-bb9b-4d06-9aec-8a5a189d8196 not found
	at org.apache.hadoop.hdds.scm.pipeline.PipelineStateMap.getPipeline(PipelineStateMap.java:132)
	at org.apache.hadoop.hdds.scm.pipeline.PipelineStateMap.removePipeline(PipelineStateMap.java:322)
	at org.apache.hadoop.hdds.scm.pipeline.PipelineStateManager.removePipeline(PipelineStateManager.java:107)
	at org.apache.hadoop.hdds.scm.pipeline.SCMPipelineManager.removePipeline(SCMPipelineManager.java:423)
	at org.apache.hadoop.hdds.scm.pipeline.SCMPipelineManager.destroyPipeline(SCMPipelineManager.java:409)
	at org.apache.hadoop.hdds.scm.pipeline.SCMPipelineManager.lambda$finalizeAndDestroyPipeline$0(SCMPipelineManager.java:318)
	at org.apache.hadoop.utils.Scheduler.lambda$schedule$1(Scheduler.java:68)
	at java.util.concurrent.Executors$RunnableAdapter.call(Executors.java:511)
	at java.util.concurrent.FutureTask.run(FutureTask.java:266)
	at java.util.concurrent.ScheduledThreadPoolExecutor$ScheduledFutureTask.access$201(ScheduledThreadPoolExecutor.java:180)
	at java.util.concurrent.ScheduledThreadPoolExecutor$ScheduledFutureTask.run(ScheduledThreadPoolExecutor.java:293)
	at java.util.concurrent.ThreadPoolExecutor.runWorker(ThreadPoolExecutor.java:1149)
	at java.util.concurrent.ThreadPoolExecutor$Worker.run(ThreadPoolExecutor.java:624)
	at java.lang.Thread.run(Thread.java:748)
 0.00% |█                                                                                                    |  0/1 Time: 0:04:052019-09-17 13:45:55,418 [grpc-default-executor-5] INFO  client.GrpcClientProtocolClient (GrpcClientProtocolClient.java:onNext(264)) - client-BB96F508478C->73c69e8a-9bd3-45ee-8ac9-6e361d860e2f: receive RaftClientReply:client-BB96F508478C->73c69e8a-9bd3-45ee-8ac9-6e361d860e2f@group-7DC0A196B6AC, cid=57, FAILED org.apache.ratis.protocol.NotLeaderException: Server 73c69e8a-9bd3-45ee-8ac9-6e361d860e2f@group-7DC0A196B6AC is not the leader bf9845cc-5491-4380-971d-60a5c36fd440:192.168.5.130:40791, logIndex=0, commits[73c69e8a-9bd3-45ee-8ac9-6e361d860e2f:c16, 235b1c08-2c3c-45bc-ab7f-b19a657e57f0:c12, bf9845cc-5491-4380-971d-60a5c36fd440:c16]
2019-09-17 13:45:55,645 [java.util.concurrent.ThreadPoolExecutor$Worker@662ab04f[State = -1, empty queue]] WARN  server.GrpcLogAppender (GrpcLogAppender.java:timeoutAppendRequest(200)) - bf9845cc-5491-4380-971d-60a5c36fd440@group-7DC0A196B6AC->235b1c08-2c3c-45bc-ab7f-b19a657e57f0-GrpcLogAppender: appendEntries Timeout, request=bf9845cc-5491-4380-971d-60a5c36fd440->235b1c08-2c3c-45bc-ab7f-b19a657e57f0#34-t1, previous=(t:1, i:20), leaderCommit=16, initializing? false, entries: <empty>
2019-09-17 13:45:55,645 [java.util.concurrent.ThreadPoolExecutor$Worker@5f232967[State = -1, empty queue]] WARN  server.GrpcLogAppender (GrpcLogAppender.java:timeoutAppendRequest(200)) - bf9845cc-5491-4380-971d-60a5c36fd440@group-7DC0A196B6AC->73c69e8a-9bd3-45ee-8ac9-6e361d860e2f-GrpcLogAppender: appendEntries Timeout, request=bf9845cc-5491-4380-971d-60a5c36fd440->73c69e8a-9bd3-45ee-8ac9-6e361d860e2f#34-t1, previous=(t:1, i:20), leaderCommit=16, initializing? false, entries: <empty>
 0.00% |█                                                                                                    |  0/1 Time: 0:04:06 0.00% |█                                                                                                    |  0/1 Time: 0:04:072019-09-17 13:45:57,321 [grpc-default-executor-5] INFO  impl.RaftServerProxy (RaftServerProxy.java:remove(95)) - bf9845cc-5491-4380-971d-60a5c36fd440: remove group-8A5A189D8196:null
2019-09-17 13:45:57,325 [RatisPipelineUtilsThread] WARN  pipeline.RatisPipelineUtils (RatisPipelineUtils.java:destroyPipeline(66)) - Pipeline destroy failed for pipeline=PipelineID=035cdd69-bb9b-4d06-9aec-8a5a189d8196 dn=bf9845cc-5491-4380-971d-60a5c36fd440{ip: 192.168.5.130, host: pr-hdds-2136-chhj8-2666454444, networkLocation: /default-rack, certSerialId: null}
2019-09-17 13:45:57,328 [grpc-default-executor-5] INFO  impl.RaftServerProxy (RaftServerProxy.java:remove(95)) - 73c69e8a-9bd3-45ee-8ac9-6e361d860e2f: remove group-8A5A189D8196:null
2019-09-17 13:45:57,330 [RatisPipelineUtilsThread] WARN  pipeline.RatisPipelineUtils (RatisPipelineUtils.java:destroyPipeline(66)) - Pipeline destroy failed for pipeline=PipelineID=035cdd69-bb9b-4d06-9aec-8a5a189d8196 dn=73c69e8a-9bd3-45ee-8ac9-6e361d860e2f{ip: 192.168.5.130, host: pr-hdds-2136-chhj8-2666454444, networkLocation: /default-rack, certSerialId: null}
2019-09-17 13:45:57,332 [grpc-default-executor-5] INFO  impl.RaftServerProxy (RaftServerProxy.java:remove(95)) - 235b1c08-2c3c-45bc-ab7f-b19a657e57f0: remove group-8A5A189D8196:null
2019-09-17 13:45:57,334 [RatisPipelineUtilsThread] WARN  pipeline.RatisPipelineUtils (RatisPipelineUtils.java:destroyPipeline(66)) - Pipeline destroy failed for pipeline=PipelineID=035cdd69-bb9b-4d06-9aec-8a5a189d8196 dn=235b1c08-2c3c-45bc-ab7f-b19a657e57f0{ip: 192.168.5.130, host: pr-hdds-2136-chhj8-2666454444, networkLocation: /default-rack, certSerialId: null}
2019-09-17 13:45:57,335 [RatisPipelineUtilsThread] ERROR pipeline.SCMPipelineManager (Scheduler.java:lambda$schedule$1(70)) - Destroy pipeline failed for pipeline:Pipeline[ Id: 035cdd69-bb9b-4d06-9aec-8a5a189d8196, Nodes: bf9845cc-5491-4380-971d-60a5c36fd440{ip: 192.168.5.130, host: pr-hdds-2136-chhj8-2666454444, networkLocation: /default-rack, certSerialId: null}73c69e8a-9bd3-45ee-8ac9-6e361d860e2f{ip: 192.168.5.130, host: pr-hdds-2136-chhj8-2666454444, networkLocation: /default-rack, certSerialId: null}235b1c08-2c3c-45bc-ab7f-b19a657e57f0{ip: 192.168.5.130, host: pr-hdds-2136-chhj8-2666454444, networkLocation: /default-rack, certSerialId: null}, Type:RATIS, Factor:THREE, State:CLOSED]
org.apache.hadoop.hdds.scm.pipeline.PipelineNotFoundException: PipelineID=035cdd69-bb9b-4d06-9aec-8a5a189d8196 not found
	at org.apache.hadoop.hdds.scm.pipeline.PipelineStateMap.getPipeline(PipelineStateMap.java:132)
	at org.apache.hadoop.hdds.scm.pipeline.PipelineStateMap.removePipeline(PipelineStateMap.java:322)
	at org.apache.hadoop.hdds.scm.pipeline.PipelineStateManager.removePipeline(PipelineStateManager.java:107)
	at org.apache.hadoop.hdds.scm.pipeline.SCMPipelineManager.removePipeline(SCMPipelineManager.java:423)
	at org.apache.hadoop.hdds.scm.pipeline.SCMPipelineManager.destroyPipeline(SCMPipelineManager.java:409)
	at org.apache.hadoop.hdds.scm.pipeline.SCMPipelineManager.lambda$finalizeAndDestroyPipeline$0(SCMPipelineManager.java:318)
	at org.apache.hadoop.utils.Scheduler.lambda$schedule$1(Scheduler.java:68)
	at java.util.concurrent.Executors$RunnableAdapter.call(Executors.java:511)
	at java.util.concurrent.FutureTask.run(FutureTask.java:266)
	at java.util.concurrent.ScheduledThreadPoolExecutor$ScheduledFutureTask.access$201(ScheduledThreadPoolExecutor.java:180)
	at java.util.concurrent.ScheduledThreadPoolExecutor$ScheduledFutureTask.run(ScheduledThreadPoolExecutor.java:293)
	at java.util.concurrent.ThreadPoolExecutor.runWorker(ThreadPoolExecutor.java:1149)
	at java.util.concurrent.ThreadPoolExecutor$Worker.run(ThreadPoolExecutor.java:624)
	at java.lang.Thread.run(Thread.java:748)
2019-09-17 13:45:58,145 [java.util.concurrent.ThreadPoolExecutor$Worker@5f232967[State = -1, empty queue]] WARN  server.GrpcLogAppender (GrpcLogAppender.java:timeoutAppendRequest(200)) - bf9845cc-5491-4380-971d-60a5c36fd440@group-7DC0A196B6AC->73c69e8a-9bd3-45ee-8ac9-6e361d860e2f-GrpcLogAppender: appendEntries Timeout, request=bf9845cc-5491-4380-971d-60a5c36fd440->73c69e8a-9bd3-45ee-8ac9-6e361d860e2f#35-t1, previous=(t:1, i:20), leaderCommit=16, initializing? false, entries: <empty>
2019-09-17 13:45:58,145 [java.util.concurrent.ThreadPoolExecutor$Worker@662ab04f[State = -1, empty queue]] WARN  server.GrpcLogAppender (GrpcLogAppender.java:timeoutAppendRequest(200)) - bf9845cc-5491-4380-971d-60a5c36fd440@group-7DC0A196B6AC->235b1c08-2c3c-45bc-ab7f-b19a657e57f0-GrpcLogAppender: appendEntries Timeout, request=bf9845cc-5491-4380-971d-60a5c36fd440->235b1c08-2c3c-45bc-ab7f-b19a657e57f0#35-t1, previous=(t:1, i:20), leaderCommit=16, initializing? false, entries: <empty>
 0.00% |█                                                                                                    |  0/1 Time: 0:04:08 0.00% |█                                                                                                    |  0/1 Time: 0:04:092019-09-17 13:45:59,319 [grpc-default-executor-5] INFO  impl.RaftServerProxy (RaftServerProxy.java:remove(95)) - bf9845cc-5491-4380-971d-60a5c36fd440: remove group-8A5A189D8196:null
2019-09-17 13:45:59,324 [RatisPipelineUtilsThread] WARN  pipeline.RatisPipelineUtils (RatisPipelineUtils.java:destroyPipeline(66)) - Pipeline destroy failed for pipeline=PipelineID=035cdd69-bb9b-4d06-9aec-8a5a189d8196 dn=bf9845cc-5491-4380-971d-60a5c36fd440{ip: 192.168.5.130, host: pr-hdds-2136-chhj8-2666454444, networkLocation: /default-rack, certSerialId: null}
2019-09-17 13:45:59,328 [grpc-default-executor-5] INFO  impl.RaftServerProxy (RaftServerProxy.java:remove(95)) - 73c69e8a-9bd3-45ee-8ac9-6e361d860e2f: remove group-8A5A189D8196:null
2019-09-17 13:45:59,330 [RatisPipelineUtilsThread] WARN  pipeline.RatisPipelineUtils (RatisPipelineUtils.java:destroyPipeline(66)) - Pipeline destroy failed for pipeline=PipelineID=035cdd69-bb9b-4d06-9aec-8a5a189d8196 dn=73c69e8a-9bd3-45ee-8ac9-6e361d860e2f{ip: 192.168.5.130, host: pr-hdds-2136-chhj8-2666454444, networkLocation: /default-rack, certSerialId: null}
2019-09-17 13:45:59,334 [grpc-default-executor-5] INFO  impl.RaftServerProxy (RaftServerProxy.java:remove(95)) - 235b1c08-2c3c-45bc-ab7f-b19a657e57f0: remove group-8A5A189D8196:null
2019-09-17 13:45:59,336 [RatisPipelineUtilsThread] WARN  pipeline.RatisPipelineUtils (RatisPipelineUtils.java:destroyPipeline(66)) - Pipeline destroy failed for pipeline=PipelineID=035cdd69-bb9b-4d06-9aec-8a5a189d8196 dn=235b1c08-2c3c-45bc-ab7f-b19a657e57f0{ip: 192.168.5.130, host: pr-hdds-2136-chhj8-2666454444, networkLocation: /default-rack, certSerialId: null}
2019-09-17 13:45:59,337 [RatisPipelineUtilsThread] ERROR pipeline.SCMPipelineManager (Scheduler.java:lambda$schedule$1(70)) - Destroy pipeline failed for pipeline:Pipeline[ Id: 035cdd69-bb9b-4d06-9aec-8a5a189d8196, Nodes: bf9845cc-5491-4380-971d-60a5c36fd440{ip: 192.168.5.130, host: pr-hdds-2136-chhj8-2666454444, networkLocation: /default-rack, certSerialId: null}73c69e8a-9bd3-45ee-8ac9-6e361d860e2f{ip: 192.168.5.130, host: pr-hdds-2136-chhj8-2666454444, networkLocation: /default-rack, certSerialId: null}235b1c08-2c3c-45bc-ab7f-b19a657e57f0{ip: 192.168.5.130, host: pr-hdds-2136-chhj8-2666454444, networkLocation: /default-rack, certSerialId: null}, Type:RATIS, Factor:THREE, State:CLOSED]
org.apache.hadoop.hdds.scm.pipeline.PipelineNotFoundException: PipelineID=035cdd69-bb9b-4d06-9aec-8a5a189d8196 not found
	at org.apache.hadoop.hdds.scm.pipeline.PipelineStateMap.getPipeline(PipelineStateMap.java:132)
	at org.apache.hadoop.hdds.scm.pipeline.PipelineStateMap.removePipeline(PipelineStateMap.java:322)
	at org.apache.hadoop.hdds.scm.pipeline.PipelineStateManager.removePipeline(PipelineStateManager.java:107)
	at org.apache.hadoop.hdds.scm.pipeline.SCMPipelineManager.removePipeline(SCMPipelineManager.java:423)
	at org.apache.hadoop.hdds.scm.pipeline.SCMPipelineManager.destroyPipeline(SCMPipelineManager.java:409)
	at org.apache.hadoop.hdds.scm.pipeline.SCMPipelineManager.lambda$finalizeAndDestroyPipeline$0(SCMPipelineManager.java:318)
	at org.apache.hadoop.utils.Scheduler.lambda$schedule$1(Scheduler.java:68)
	at java.util.concurrent.Executors$RunnableAdapter.call(Executors.java:511)
	at java.util.concurrent.FutureTask.run(FutureTask.java:266)
	at java.util.concurrent.ScheduledThreadPoolExecutor$ScheduledFutureTask.access$201(ScheduledThreadPoolExecutor.java:180)
	at java.util.concurrent.ScheduledThreadPoolExecutor$ScheduledFutureTask.run(ScheduledThreadPoolExecutor.java:293)
	at java.util.concurrent.ThreadPoolExecutor.runWorker(ThreadPoolExecutor.java:1149)
	at java.util.concurrent.ThreadPoolExecutor$Worker.run(ThreadPoolExecutor.java:624)
	at java.lang.Thread.run(Thread.java:748)
2019-09-17 13:46:00,130 [73c69e8a-9bd3-45ee-8ac9-6e361d860e2f@group-7DC0A196B6AC-SegmentedRaftLogWorker] WARN  segmented.SegmentedRaftLogWorker (SegmentedRaftLogWorker.java:getFromFuture(90)) - Timeout 3/~
org.apache.ratis.protocol.TimeoutIOException: Timeout 10s: WriteLog:17: (t:1, i:17), STATEMACHINELOGENTRY, client-BB96F508478C, cid=57-writeStateMachineData
	at org.apache.ratis.util.IOUtils.getFromFuture(IOUtils.java:87)
	at org.apache.ratis.server.raftlog.segmented.SegmentedRaftLogWorker$StateMachineDataPolicy.getFromFuture(SegmentedRaftLogWorker.java:87)
	at org.apache.ratis.server.raftlog.segmented.SegmentedRaftLogWorker$WriteLog.execute(SegmentedRaftLogWorker.java:477)
	at org.apache.ratis.server.raftlog.segmented.SegmentedRaftLogWorker.run(SegmentedRaftLogWorker.java:289)
	at java.lang.Thread.run(Thread.java:748)
Caused by: java.util.concurrent.TimeoutException
	at java.util.concurrent.CompletableFuture.timedGet(CompletableFuture.java:1771)
	at java.util.concurrent.CompletableFuture.get(CompletableFuture.java:1915)
	at org.apache.ratis.util.IOUtils.getFromFuture(IOUtils.java:79)
	... 4 more
 0.00% |█                                                                                                    |  0/1 Time: 0:04:102019-09-17 13:46:00,336 [235b1c08-2c3c-45bc-ab7f-b19a657e57f0@group-7DC0A196B6AC-SegmentedRaftLogWorker] WARN  segmented.SegmentedRaftLogWorker (SegmentedRaftLogWorker.java:getFromFuture(90)) - Timeout 3/~
org.apache.ratis.protocol.TimeoutIOException: Timeout 10s: WriteLog:19: (t:1, i:19), STATEMACHINELOGENTRY, client-BB96F508478C, cid=59-writeStateMachineData
	at org.apache.ratis.util.IOUtils.getFromFuture(IOUtils.java:87)
	at org.apache.ratis.server.raftlog.segmented.SegmentedRaftLogWorker$StateMachineDataPolicy.getFromFuture(SegmentedRaftLogWorker.java:87)
	at org.apache.ratis.server.raftlog.segmented.SegmentedRaftLogWorker$WriteLog.execute(SegmentedRaftLogWorker.java:477)
	at org.apache.ratis.server.raftlog.segmented.SegmentedRaftLogWorker.run(SegmentedRaftLogWorker.java:289)
	at java.lang.Thread.run(Thread.java:748)
Caused by: java.util.concurrent.TimeoutException
	at java.util.concurrent.CompletableFuture.timedGet(CompletableFuture.java:1771)
	at java.util.concurrent.CompletableFuture.get(CompletableFuture.java:1915)
	at org.apache.ratis.util.IOUtils.getFromFuture(IOUtils.java:79)
	... 4 more
2019-09-17 13:46:00,336 [bf9845cc-5491-4380-971d-60a5c36fd440@group-7DC0A196B6AC-SegmentedRaftLogWorker] WARN  segmented.SegmentedRaftLogWorker (SegmentedRaftLogWorker.java:getFromFuture(90)) - Timeout 3/~
org.apache.ratis.protocol.TimeoutIOException: Timeout 10s: WriteLog:19: (t:1, i:19), STATEMACHINELOGENTRY, client-BB96F508478C, cid=59-writeStateMachineData
	at org.apache.ratis.util.IOUtils.getFromFuture(IOUtils.java:87)
	at org.apache.ratis.server.raftlog.segmented.SegmentedRaftLogWorker$StateMachineDataPolicy.getFromFuture(SegmentedRaftLogWorker.java:87)
	at org.apache.ratis.server.raftlog.segmented.SegmentedRaftLogWorker$WriteLog.execute(SegmentedRaftLogWorker.java:477)
	at org.apache.ratis.server.raftlog.segmented.SegmentedRaftLogWorker.run(SegmentedRaftLogWorker.java:289)
	at java.lang.Thread.run(Thread.java:748)
Caused by: java.util.concurrent.TimeoutException
	at java.util.concurrent.CompletableFuture.timedGet(CompletableFuture.java:1771)
	at java.util.concurrent.CompletableFuture.get(CompletableFuture.java:1915)
	at org.apache.ratis.util.IOUtils.getFromFuture(IOUtils.java:79)
	... 4 more
2019-09-17 13:46:00,466 [grpc-default-executor-5] INFO  client.GrpcClientProtocolClient (GrpcClientProtocolClient.java:onNext(264)) - client-BB96F508478C->235b1c08-2c3c-45bc-ab7f-b19a657e57f0: receive RaftClientReply:client-BB96F508478C->235b1c08-2c3c-45bc-ab7f-b19a657e57f0@group-7DC0A196B6AC, cid=57, FAILED org.apache.ratis.protocol.NotLeaderException: Server 235b1c08-2c3c-45bc-ab7f-b19a657e57f0@group-7DC0A196B6AC is not the leader bf9845cc-5491-4380-971d-60a5c36fd440:192.168.5.130:40791, logIndex=0, commits[235b1c08-2c3c-45bc-ab7f-b19a657e57f0:c16, 73c69e8a-9bd3-45ee-8ac9-6e361d860e2f:c12, bf9845cc-5491-4380-971d-60a5c36fd440:c16]
2019-09-17 13:46:00,646 [java.util.concurrent.ThreadPoolExecutor$Worker@662ab04f[State = -1, empty queue]] WARN  server.GrpcLogAppender (GrpcLogAppender.java:timeoutAppendRequest(200)) - bf9845cc-5491-4380-971d-60a5c36fd440@group-7DC0A196B6AC->235b1c08-2c3c-45bc-ab7f-b19a657e57f0-GrpcLogAppender: appendEntries Timeout, request=bf9845cc-5491-4380-971d-60a5c36fd440->235b1c08-2c3c-45bc-ab7f-b19a657e57f0#36-t1, previous=(t:1, i:20), leaderCommit=16, initializing? false, entries: <empty>
2019-09-17 13:46:00,646 [java.util.concurrent.ThreadPoolExecutor$Worker@5f232967[State = -1, empty queue]] WARN  server.GrpcLogAppender (GrpcLogAppender.java:timeoutAppendRequest(200)) - bf9845cc-5491-4380-971d-60a5c36fd440@group-7DC0A196B6AC->73c69e8a-9bd3-45ee-8ac9-6e361d860e2f-GrpcLogAppender: appendEntries Timeout, request=bf9845cc-5491-4380-971d-60a5c36fd440->73c69e8a-9bd3-45ee-8ac9-6e361d860e2f#36-t1, previous=(t:1, i:20), leaderCommit=16, initializing? false, entries: <empty>
 0.00% |█                                                                                                    |  0/1 Time: 0:04:11 0.00% |█                                                                                                    |  0/1 Time: 0:04:122019-09-17 13:46:02,314 [grpc-default-executor-5] INFO  impl.RaftServerProxy (RaftServerProxy.java:remove(95)) - bf9845cc-5491-4380-971d-60a5c36fd440: remove group-8A5A189D8196:null
2019-09-17 13:46:02,317 [RatisPipelineUtilsThread] WARN  pipeline.RatisPipelineUtils (RatisPipelineUtils.java:destroyPipeline(66)) - Pipeline destroy failed for pipeline=PipelineID=035cdd69-bb9b-4d06-9aec-8a5a189d8196 dn=bf9845cc-5491-4380-971d-60a5c36fd440{ip: 192.168.5.130, host: pr-hdds-2136-chhj8-2666454444, networkLocation: /default-rack, certSerialId: null}
2019-09-17 13:46:02,319 [grpc-default-executor-5] INFO  impl.RaftServerProxy (RaftServerProxy.java:remove(95)) - 73c69e8a-9bd3-45ee-8ac9-6e361d860e2f: remove group-8A5A189D8196:null
2019-09-17 13:46:02,321 [RatisPipelineUtilsThread] WARN  pipeline.RatisPipelineUtils (RatisPipelineUtils.java:destroyPipeline(66)) - Pipeline destroy failed for pipeline=PipelineID=035cdd69-bb9b-4d06-9aec-8a5a189d8196 dn=73c69e8a-9bd3-45ee-8ac9-6e361d860e2f{ip: 192.168.5.130, host: pr-hdds-2136-chhj8-2666454444, networkLocation: /default-rack, certSerialId: null}
2019-09-17 13:46:02,324 [grpc-default-executor-5] INFO  impl.RaftServerProxy (RaftServerProxy.java:remove(95)) - 235b1c08-2c3c-45bc-ab7f-b19a657e57f0: remove group-8A5A189D8196:null
2019-09-17 13:46:02,326 [RatisPipelineUtilsThread] WARN  pipeline.RatisPipelineUtils (RatisPipelineUtils.java:destroyPipeline(66)) - Pipeline destroy failed for pipeline=PipelineID=035cdd69-bb9b-4d06-9aec-8a5a189d8196 dn=235b1c08-2c3c-45bc-ab7f-b19a657e57f0{ip: 192.168.5.130, host: pr-hdds-2136-chhj8-2666454444, networkLocation: /default-rack, certSerialId: null}
2019-09-17 13:46:02,326 [RatisPipelineUtilsThread] ERROR pipeline.SCMPipelineManager (Scheduler.java:lambda$schedule$1(70)) - Destroy pipeline failed for pipeline:Pipeline[ Id: 035cdd69-bb9b-4d06-9aec-8a5a189d8196, Nodes: bf9845cc-5491-4380-971d-60a5c36fd440{ip: 192.168.5.130, host: pr-hdds-2136-chhj8-2666454444, networkLocation: /default-rack, certSerialId: null}73c69e8a-9bd3-45ee-8ac9-6e361d860e2f{ip: 192.168.5.130, host: pr-hdds-2136-chhj8-2666454444, networkLocation: /default-rack, certSerialId: null}235b1c08-2c3c-45bc-ab7f-b19a657e57f0{ip: 192.168.5.130, host: pr-hdds-2136-chhj8-2666454444, networkLocation: /default-rack, certSerialId: null}, Type:RATIS, Factor:THREE, State:CLOSED]
org.apache.hadoop.hdds.scm.pipeline.PipelineNotFoundException: PipelineID=035cdd69-bb9b-4d06-9aec-8a5a189d8196 not found
	at org.apache.hadoop.hdds.scm.pipeline.PipelineStateMap.getPipeline(PipelineStateMap.java:132)
	at org.apache.hadoop.hdds.scm.pipeline.PipelineStateMap.removePipeline(PipelineStateMap.java:322)
	at org.apache.hadoop.hdds.scm.pipeline.PipelineStateManager.removePipeline(PipelineStateManager.java:107)
	at org.apache.hadoop.hdds.scm.pipeline.SCMPipelineManager.removePipeline(SCMPipelineManager.java:423)
	at org.apache.hadoop.hdds.scm.pipeline.SCMPipelineManager.destroyPipeline(SCMPipelineManager.java:409)
	at org.apache.hadoop.hdds.scm.pipeline.SCMPipelineManager.lambda$finalizeAndDestroyPipeline$0(SCMPipelineManager.java:318)
	at org.apache.hadoop.utils.Scheduler.lambda$schedule$1(Scheduler.java:68)
	at java.util.concurrent.Executors$RunnableAdapter.call(Executors.java:511)
	at java.util.concurrent.FutureTask.run(FutureTask.java:266)
	at java.util.concurrent.ScheduledThreadPoolExecutor$ScheduledFutureTask.access$201(ScheduledThreadPoolExecutor.java:180)
	at java.util.concurrent.ScheduledThreadPoolExecutor$ScheduledFutureTask.run(ScheduledThreadPoolExecutor.java:293)
	at java.util.concurrent.ThreadPoolExecutor.runWorker(ThreadPoolExecutor.java:1149)
	at java.util.concurrent.ThreadPoolExecutor$Worker.run(ThreadPoolExecutor.java:624)
	at java.lang.Thread.run(Thread.java:748)
2019-09-17 13:46:03,147 [java.util.concurrent.ThreadPoolExecutor$Worker@5f232967[State = -1, empty queue]] WARN  server.GrpcLogAppender (GrpcLogAppender.java:timeoutAppendRequest(200)) - bf9845cc-5491-4380-971d-60a5c36fd440@group-7DC0A196B6AC->73c69e8a-9bd3-45ee-8ac9-6e361d860e2f-GrpcLogAppender: appendEntries Timeout, request=bf9845cc-5491-4380-971d-60a5c36fd440->73c69e8a-9bd3-45ee-8ac9-6e361d860e2f#37-t1, previous=(t:1, i:20), leaderCommit=16, initializing? false, entries: <empty>
2019-09-17 13:46:03,147 [java.util.concurrent.ThreadPoolExecutor$Worker@662ab04f[State = -1, empty queue]] WARN  server.GrpcLogAppender (GrpcLogAppender.java:timeoutAppendRequest(200)) - bf9845cc-5491-4380-971d-60a5c36fd440@group-7DC0A196B6AC->235b1c08-2c3c-45bc-ab7f-b19a657e57f0-GrpcLogAppender: appendEntries Timeout, request=bf9845cc-5491-4380-971d-60a5c36fd440->235b1c08-2c3c-45bc-ab7f-b19a657e57f0#37-t1, previous=(t:1, i:20), leaderCommit=16, initializing? false, entries: <empty>
 0.00% |█                                                                                                    |  0/1 Time: 0:04:13 0.00% |█                                                                                                    |  0/1 Time: 0:04:142019-09-17 13:46:04,321 [grpc-default-executor-5] INFO  impl.RaftServerProxy (RaftServerProxy.java:remove(95)) - bf9845cc-5491-4380-971d-60a5c36fd440: remove group-8A5A189D8196:null
2019-09-17 13:46:04,325 [RatisPipelineUtilsThread] WARN  pipeline.RatisPipelineUtils (RatisPipelineUtils.java:destroyPipeline(66)) - Pipeline destroy failed for pipeline=PipelineID=035cdd69-bb9b-4d06-9aec-8a5a189d8196 dn=bf9845cc-5491-4380-971d-60a5c36fd440{ip: 192.168.5.130, host: pr-hdds-2136-chhj8-2666454444, networkLocation: /default-rack, certSerialId: null}
2019-09-17 13:46:04,328 [grpc-default-executor-5] INFO  impl.RaftServerProxy (RaftServerProxy.java:remove(95)) - 73c69e8a-9bd3-45ee-8ac9-6e361d860e2f: remove group-8A5A189D8196:null
2019-09-17 13:46:04,330 [RatisPipelineUtilsThread] WARN  pipeline.RatisPipelineUtils (RatisPipelineUtils.java:destroyPipeline(66)) - Pipeline destroy failed for pipeline=PipelineID=035cdd69-bb9b-4d06-9aec-8a5a189d8196 dn=73c69e8a-9bd3-45ee-8ac9-6e361d860e2f{ip: 192.168.5.130, host: pr-hdds-2136-chhj8-2666454444, networkLocation: /default-rack, certSerialId: null}
2019-09-17 13:46:04,332 [grpc-default-executor-5] INFO  impl.RaftServerProxy (RaftServerProxy.java:remove(95)) - 235b1c08-2c3c-45bc-ab7f-b19a657e57f0: remove group-8A5A189D8196:null
2019-09-17 13:46:04,334 [RatisPipelineUtilsThread] WARN  pipeline.RatisPipelineUtils (RatisPipelineUtils.java:destroyPipeline(66)) - Pipeline destroy failed for pipeline=PipelineID=035cdd69-bb9b-4d06-9aec-8a5a189d8196 dn=235b1c08-2c3c-45bc-ab7f-b19a657e57f0{ip: 192.168.5.130, host: pr-hdds-2136-chhj8-2666454444, networkLocation: /default-rack, certSerialId: null}
2019-09-17 13:46:04,334 [RatisPipelineUtilsThread] ERROR pipeline.SCMPipelineManager (Scheduler.java:lambda$schedule$1(70)) - Destroy pipeline failed for pipeline:Pipeline[ Id: 035cdd69-bb9b-4d06-9aec-8a5a189d8196, Nodes: bf9845cc-5491-4380-971d-60a5c36fd440{ip: 192.168.5.130, host: pr-hdds-2136-chhj8-2666454444, networkLocation: /default-rack, certSerialId: null}73c69e8a-9bd3-45ee-8ac9-6e361d860e2f{ip: 192.168.5.130, host: pr-hdds-2136-chhj8-2666454444, networkLocation: /default-rack, certSerialId: null}235b1c08-2c3c-45bc-ab7f-b19a657e57f0{ip: 192.168.5.130, host: pr-hdds-2136-chhj8-2666454444, networkLocation: /default-rack, certSerialId: null}, Type:RATIS, Factor:THREE, State:CLOSED]
org.apache.hadoop.hdds.scm.pipeline.PipelineNotFoundException: PipelineID=035cdd69-bb9b-4d06-9aec-8a5a189d8196 not found
	at org.apache.hadoop.hdds.scm.pipeline.PipelineStateMap.getPipeline(PipelineStateMap.java:132)
	at org.apache.hadoop.hdds.scm.pipeline.PipelineStateMap.removePipeline(PipelineStateMap.java:322)
	at org.apache.hadoop.hdds.scm.pipeline.PipelineStateManager.removePipeline(PipelineStateManager.java:107)
	at org.apache.hadoop.hdds.scm.pipeline.SCMPipelineManager.removePipeline(SCMPipelineManager.java:423)
	at org.apache.hadoop.hdds.scm.pipeline.SCMPipelineManager.destroyPipeline(SCMPipelineManager.java:409)
	at org.apache.hadoop.hdds.scm.pipeline.SCMPipelineManager.lambda$finalizeAndDestroyPipeline$0(SCMPipelineManager.java:318)
	at org.apache.hadoop.utils.Scheduler.lambda$schedule$1(Scheduler.java:68)
	at java.util.concurrent.Executors$RunnableAdapter.call(Executors.java:511)
	at java.util.concurrent.FutureTask.run(FutureTask.java:266)
	at java.util.concurrent.ScheduledThreadPoolExecutor$ScheduledFutureTask.access$201(ScheduledThreadPoolExecutor.java:180)
	at java.util.concurrent.ScheduledThreadPoolExecutor$ScheduledFutureTask.run(ScheduledThreadPoolExecutor.java:293)
	at java.util.concurrent.ThreadPoolExecutor.runWorker(ThreadPoolExecutor.java:1149)
	at java.util.concurrent.ThreadPoolExecutor$Worker.run(ThreadPoolExecutor.java:624)
	at java.lang.Thread.run(Thread.java:748)
 0.00% |█                                                                                                    |  0/1 Time: 0:04:152019-09-17 13:46:05,506 [grpc-default-executor-3] INFO  client.GrpcClientProtocolClient (GrpcClientProtocolClient.java:onNext(264)) - client-BB96F508478C->235b1c08-2c3c-45bc-ab7f-b19a657e57f0: receive RaftClientReply:client-BB96F508478C->235b1c08-2c3c-45bc-ab7f-b19a657e57f0@group-7DC0A196B6AC, cid=57, FAILED org.apache.ratis.protocol.NotLeaderException: Server 235b1c08-2c3c-45bc-ab7f-b19a657e57f0@group-7DC0A196B6AC is not the leader bf9845cc-5491-4380-971d-60a5c36fd440:192.168.5.130:40791, logIndex=0, commits[235b1c08-2c3c-45bc-ab7f-b19a657e57f0:c16, 73c69e8a-9bd3-45ee-8ac9-6e361d860e2f:c12, bf9845cc-5491-4380-971d-60a5c36fd440:c16]
2019-09-17 13:46:05,653 [java.util.concurrent.ThreadPoolExecutor$Worker@662ab04f[State = -1, empty queue]] WARN  server.GrpcLogAppender (GrpcLogAppender.java:timeoutAppendRequest(200)) - bf9845cc-5491-4380-971d-60a5c36fd440@group-7DC0A196B6AC->235b1c08-2c3c-45bc-ab7f-b19a657e57f0-GrpcLogAppender: appendEntries Timeout, request=bf9845cc-5491-4380-971d-60a5c36fd440->235b1c08-2c3c-45bc-ab7f-b19a657e57f0#38-t1, previous=(t:1, i:20), leaderCommit=16, initializing? false, entries: <empty>
2019-09-17 13:46:05,653 [java.util.concurrent.ThreadPoolExecutor$Worker@5f232967[State = -1, empty queue]] WARN  server.GrpcLogAppender (GrpcLogAppender.java:timeoutAppendRequest(200)) - bf9845cc-5491-4380-971d-60a5c36fd440@group-7DC0A196B6AC->73c69e8a-9bd3-45ee-8ac9-6e361d860e2f-GrpcLogAppender: appendEntries Timeout, request=bf9845cc-5491-4380-971d-60a5c36fd440->73c69e8a-9bd3-45ee-8ac9-6e361d860e2f#38-t1, previous=(t:1, i:20), leaderCommit=16, initializing? false, entries: <empty>
 0.00% |█                                                                                                    |  0/1 Time: 0:04:16 0.00% |█                                                                                                    |  0/1 Time: 0:04:172019-09-17 13:46:07,325 [grpc-default-executor-5] INFO  impl.RaftServerProxy (RaftServerProxy.java:remove(95)) - bf9845cc-5491-4380-971d-60a5c36fd440: remove group-8A5A189D8196:null
2019-09-17 13:46:07,331 [RatisPipelineUtilsThread] WARN  pipeline.RatisPipelineUtils (RatisPipelineUtils.java:destroyPipeline(66)) - Pipeline destroy failed for pipeline=PipelineID=035cdd69-bb9b-4d06-9aec-8a5a189d8196 dn=bf9845cc-5491-4380-971d-60a5c36fd440{ip: 192.168.5.130, host: pr-hdds-2136-chhj8-2666454444, networkLocation: /default-rack, certSerialId: null}
2019-09-17 13:46:07,334 [grpc-default-executor-5] INFO  impl.RaftServerProxy (RaftServerProxy.java:remove(95)) - 73c69e8a-9bd3-45ee-8ac9-6e361d860e2f: remove group-8A5A189D8196:null
2019-09-17 13:46:07,336 [RatisPipelineUtilsThread] WARN  pipeline.RatisPipelineUtils (RatisPipelineUtils.java:destroyPipeline(66)) - Pipeline destroy failed for pipeline=PipelineID=035cdd69-bb9b-4d06-9aec-8a5a189d8196 dn=73c69e8a-9bd3-45ee-8ac9-6e361d860e2f{ip: 192.168.5.130, host: pr-hdds-2136-chhj8-2666454444, networkLocation: /default-rack, certSerialId: null}
2019-09-17 13:46:07,340 [grpc-default-executor-5] INFO  impl.RaftServerProxy (RaftServerProxy.java:remove(95)) - 235b1c08-2c3c-45bc-ab7f-b19a657e57f0: remove group-8A5A189D8196:null
2019-09-17 13:46:07,342 [RatisPipelineUtilsThread] WARN  pipeline.RatisPipelineUtils (RatisPipelineUtils.java:destroyPipeline(66)) - Pipeline destroy failed for pipeline=PipelineID=035cdd69-bb9b-4d06-9aec-8a5a189d8196 dn=235b1c08-2c3c-45bc-ab7f-b19a657e57f0{ip: 192.168.5.130, host: pr-hdds-2136-chhj8-2666454444, networkLocation: /default-rack, certSerialId: null}
2019-09-17 13:46:07,342 [RatisPipelineUtilsThread] ERROR pipeline.SCMPipelineManager (Scheduler.java:lambda$schedule$1(70)) - Destroy pipeline failed for pipeline:Pipeline[ Id: 035cdd69-bb9b-4d06-9aec-8a5a189d8196, Nodes: bf9845cc-5491-4380-971d-60a5c36fd440{ip: 192.168.5.130, host: pr-hdds-2136-chhj8-2666454444, networkLocation: /default-rack, certSerialId: null}73c69e8a-9bd3-45ee-8ac9-6e361d860e2f{ip: 192.168.5.130, host: pr-hdds-2136-chhj8-2666454444, networkLocation: /default-rack, certSerialId: null}235b1c08-2c3c-45bc-ab7f-b19a657e57f0{ip: 192.168.5.130, host: pr-hdds-2136-chhj8-2666454444, networkLocation: /default-rack, certSerialId: null}, Type:RATIS, Factor:THREE, State:CLOSED]
org.apache.hadoop.hdds.scm.pipeline.PipelineNotFoundException: PipelineID=035cdd69-bb9b-4d06-9aec-8a5a189d8196 not found
	at org.apache.hadoop.hdds.scm.pipeline.PipelineStateMap.getPipeline(PipelineStateMap.java:132)
	at org.apache.hadoop.hdds.scm.pipeline.PipelineStateMap.removePipeline(PipelineStateMap.java:322)
	at org.apache.hadoop.hdds.scm.pipeline.PipelineStateManager.removePipeline(PipelineStateManager.java:107)
	at org.apache.hadoop.hdds.scm.pipeline.SCMPipelineManager.removePipeline(SCMPipelineManager.java:423)
	at org.apache.hadoop.hdds.scm.pipeline.SCMPipelineManager.destroyPipeline(SCMPipelineManager.java:409)
	at org.apache.hadoop.hdds.scm.pipeline.SCMPipelineManager.lambda$finalizeAndDestroyPipeline$0(SCMPipelineManager.java:318)
	at org.apache.hadoop.utils.Scheduler.lambda$schedule$1(Scheduler.java:68)
	at java.util.concurrent.Executors$RunnableAdapter.call(Executors.java:511)
	at java.util.concurrent.FutureTask.run(FutureTask.java:266)
	at java.util.concurrent.ScheduledThreadPoolExecutor$ScheduledFutureTask.access$201(ScheduledThreadPoolExecutor.java:180)
	at java.util.concurrent.ScheduledThreadPoolExecutor$ScheduledFutureTask.run(ScheduledThreadPoolExecutor.java:293)
	at java.util.concurrent.ThreadPoolExecutor.runWorker(ThreadPoolExecutor.java:1149)
	at java.util.concurrent.ThreadPoolExecutor$Worker.run(ThreadPoolExecutor.java:624)
	at java.lang.Thread.run(Thread.java:748)
2019-09-17 13:46:08,149 [java.util.concurrent.ThreadPoolExecutor$Worker@5f232967[State = -1, empty queue]] WARN  server.GrpcLogAppender (GrpcLogAppender.java:timeoutAppendRequest(200)) - bf9845cc-5491-4380-971d-60a5c36fd440@group-7DC0A196B6AC->73c69e8a-9bd3-45ee-8ac9-6e361d860e2f-GrpcLogAppender: appendEntries Timeout, request=bf9845cc-5491-4380-971d-60a5c36fd440->73c69e8a-9bd3-45ee-8ac9-6e361d860e2f#39-t1, previous=(t:1, i:20), leaderCommit=16, initializing? false, entries: <empty>
2019-09-17 13:46:08,149 [java.util.concurrent.ThreadPoolExecutor$Worker@662ab04f[State = -1, empty queue]] WARN  server.GrpcLogAppender (GrpcLogAppender.java:timeoutAppendRequest(200)) - bf9845cc-5491-4380-971d-60a5c36fd440@group-7DC0A196B6AC->235b1c08-2c3c-45bc-ab7f-b19a657e57f0-GrpcLogAppender: appendEntries Timeout, request=bf9845cc-5491-4380-971d-60a5c36fd440->235b1c08-2c3c-45bc-ab7f-b19a657e57f0#39-t1, previous=(t:1, i:20), leaderCommit=16, initializing? false, entries: <empty>
 0.00% |█                                                                                                    |  0/1 Time: 0:04:18 0.00% |█                                                                                                    |  0/1 Time: 0:04:192019-09-17 13:46:09,323 [grpc-default-executor-3] INFO  impl.RaftServerProxy (RaftServerProxy.java:remove(95)) - bf9845cc-5491-4380-971d-60a5c36fd440: remove group-8A5A189D8196:null
2019-09-17 13:46:09,327 [RatisPipelineUtilsThread] WARN  pipeline.RatisPipelineUtils (RatisPipelineUtils.java:destroyPipeline(66)) - Pipeline destroy failed for pipeline=PipelineID=035cdd69-bb9b-4d06-9aec-8a5a189d8196 dn=bf9845cc-5491-4380-971d-60a5c36fd440{ip: 192.168.5.130, host: pr-hdds-2136-chhj8-2666454444, networkLocation: /default-rack, certSerialId: null}
2019-09-17 13:46:09,330 [grpc-default-executor-3] INFO  impl.RaftServerProxy (RaftServerProxy.java:remove(95)) - 73c69e8a-9bd3-45ee-8ac9-6e361d860e2f: remove group-8A5A189D8196:null
2019-09-17 13:46:09,332 [RatisPipelineUtilsThread] WARN  pipeline.RatisPipelineUtils (RatisPipelineUtils.java:destroyPipeline(66)) - Pipeline destroy failed for pipeline=PipelineID=035cdd69-bb9b-4d06-9aec-8a5a189d8196 dn=73c69e8a-9bd3-45ee-8ac9-6e361d860e2f{ip: 192.168.5.130, host: pr-hdds-2136-chhj8-2666454444, networkLocation: /default-rack, certSerialId: null}
2019-09-17 13:46:09,335 [grpc-default-executor-3] INFO  impl.RaftServerProxy (RaftServerProxy.java:remove(95)) - 235b1c08-2c3c-45bc-ab7f-b19a657e57f0: remove group-8A5A189D8196:null
2019-09-17 13:46:09,336 [RatisPipelineUtilsThread] WARN  pipeline.RatisPipelineUtils (RatisPipelineUtils.java:destroyPipeline(66)) - Pipeline destroy failed for pipeline=PipelineID=035cdd69-bb9b-4d06-9aec-8a5a189d8196 dn=235b1c08-2c3c-45bc-ab7f-b19a657e57f0{ip: 192.168.5.130, host: pr-hdds-2136-chhj8-2666454444, networkLocation: /default-rack, certSerialId: null}
2019-09-17 13:46:09,337 [RatisPipelineUtilsThread] ERROR pipeline.SCMPipelineManager (Scheduler.java:lambda$schedule$1(70)) - Destroy pipeline failed for pipeline:Pipeline[ Id: 035cdd69-bb9b-4d06-9aec-8a5a189d8196, Nodes: bf9845cc-5491-4380-971d-60a5c36fd440{ip: 192.168.5.130, host: pr-hdds-2136-chhj8-2666454444, networkLocation: /default-rack, certSerialId: null}73c69e8a-9bd3-45ee-8ac9-6e361d860e2f{ip: 192.168.5.130, host: pr-hdds-2136-chhj8-2666454444, networkLocation: /default-rack, certSerialId: null}235b1c08-2c3c-45bc-ab7f-b19a657e57f0{ip: 192.168.5.130, host: pr-hdds-2136-chhj8-2666454444, networkLocation: /default-rack, certSerialId: null}, Type:RATIS, Factor:THREE, State:CLOSED]
org.apache.hadoop.hdds.scm.pipeline.PipelineNotFoundException: PipelineID=035cdd69-bb9b-4d06-9aec-8a5a189d8196 not found
	at org.apache.hadoop.hdds.scm.pipeline.PipelineStateMap.getPipeline(PipelineStateMap.java:132)
	at org.apache.hadoop.hdds.scm.pipeline.PipelineStateMap.removePipeline(PipelineStateMap.java:322)
	at org.apache.hadoop.hdds.scm.pipeline.PipelineStateManager.removePipeline(PipelineStateManager.java:107)
	at org.apache.hadoop.hdds.scm.pipeline.SCMPipelineManager.removePipeline(SCMPipelineManager.java:423)
	at org.apache.hadoop.hdds.scm.pipeline.SCMPipelineManager.destroyPipeline(SCMPipelineManager.java:409)
	at org.apache.hadoop.hdds.scm.pipeline.SCMPipelineManager.lambda$finalizeAndDestroyPipeline$0(SCMPipelineManager.java:318)
	at org.apache.hadoop.utils.Scheduler.lambda$schedule$1(Scheduler.java:68)
	at java.util.concurrent.Executors$RunnableAdapter.call(Executors.java:511)
	at java.util.concurrent.FutureTask.run(FutureTask.java:266)
	at java.util.concurrent.ScheduledThreadPoolExecutor$ScheduledFutureTask.access$201(ScheduledThreadPoolExecutor.java:180)
	at java.util.concurrent.ScheduledThreadPoolExecutor$ScheduledFutureTask.run(ScheduledThreadPoolExecutor.java:293)
	at java.util.concurrent.ThreadPoolExecutor.runWorker(ThreadPoolExecutor.java:1149)
	at java.util.concurrent.ThreadPoolExecutor$Worker.run(ThreadPoolExecutor.java:624)
	at java.lang.Thread.run(Thread.java:748)
2019-09-17 13:46:10,132 [73c69e8a-9bd3-45ee-8ac9-6e361d860e2f@group-7DC0A196B6AC-SegmentedRaftLogWorker] WARN  segmented.SegmentedRaftLogWorker (SegmentedRaftLogWorker.java:getFromFuture(90)) - Timeout 4/~
org.apache.ratis.protocol.TimeoutIOException: Timeout 10s: WriteLog:17: (t:1, i:17), STATEMACHINELOGENTRY, client-BB96F508478C, cid=57-writeStateMachineData
	at org.apache.ratis.util.IOUtils.getFromFuture(IOUtils.java:87)
	at org.apache.ratis.server.raftlog.segmented.SegmentedRaftLogWorker$StateMachineDataPolicy.getFromFuture(SegmentedRaftLogWorker.java:87)
	at org.apache.ratis.server.raftlog.segmented.SegmentedRaftLogWorker$WriteLog.execute(SegmentedRaftLogWorker.java:477)
	at org.apache.ratis.server.raftlog.segmented.SegmentedRaftLogWorker.run(SegmentedRaftLogWorker.java:289)
	at java.lang.Thread.run(Thread.java:748)
Caused by: java.util.concurrent.TimeoutException
	at java.util.concurrent.CompletableFuture.timedGet(CompletableFuture.java:1771)
	at java.util.concurrent.CompletableFuture.get(CompletableFuture.java:1915)
	at org.apache.ratis.util.IOUtils.getFromFuture(IOUtils.java:79)
	... 4 more
 0.00% |█                                                                                                    |  0/1 Time: 0:04:202019-09-17 13:46:10,337 [235b1c08-2c3c-45bc-ab7f-b19a657e57f0@group-7DC0A196B6AC-SegmentedRaftLogWorker] WARN  segmented.SegmentedRaftLogWorker (SegmentedRaftLogWorker.java:getFromFuture(90)) - Timeout 4/~
org.apache.ratis.protocol.TimeoutIOException: Timeout 10s: WriteLog:19: (t:1, i:19), STATEMACHINELOGENTRY, client-BB96F508478C, cid=59-writeStateMachineData
	at org.apache.ratis.util.IOUtils.getFromFuture(IOUtils.java:87)
	at org.apache.ratis.server.raftlog.segmented.SegmentedRaftLogWorker$StateMachineDataPolicy.getFromFuture(SegmentedRaftLogWorker.java:87)
	at org.apache.ratis.server.raftlog.segmented.SegmentedRaftLogWorker$WriteLog.execute(SegmentedRaftLogWorker.java:477)
	at org.apache.ratis.server.raftlog.segmented.SegmentedRaftLogWorker.run(SegmentedRaftLogWorker.java:289)
	at java.lang.Thread.run(Thread.java:748)
Caused by: java.util.concurrent.TimeoutException
	at java.util.concurrent.CompletableFuture.timedGet(CompletableFuture.java:1771)
	at java.util.concurrent.CompletableFuture.get(CompletableFuture.java:1915)
	at org.apache.ratis.util.IOUtils.getFromFuture(IOUtils.java:79)
	... 4 more
2019-09-17 13:46:10,338 [bf9845cc-5491-4380-971d-60a5c36fd440@group-7DC0A196B6AC-SegmentedRaftLogWorker] WARN  segmented.SegmentedRaftLogWorker (SegmentedRaftLogWorker.java:getFromFuture(90)) - Timeout 4/~
org.apache.ratis.protocol.TimeoutIOException: Timeout 10s: WriteLog:19: (t:1, i:19), STATEMACHINELOGENTRY, client-BB96F508478C, cid=59-writeStateMachineData
	at org.apache.ratis.util.IOUtils.getFromFuture(IOUtils.java:87)
	at org.apache.ratis.server.raftlog.segmented.SegmentedRaftLogWorker$StateMachineDataPolicy.getFromFuture(SegmentedRaftLogWorker.java:87)
	at org.apache.ratis.server.raftlog.segmented.SegmentedRaftLogWorker$WriteLog.execute(SegmentedRaftLogWorker.java:477)
	at org.apache.ratis.server.raftlog.segmented.SegmentedRaftLogWorker.run(SegmentedRaftLogWorker.java:289)
	at java.lang.Thread.run(Thread.java:748)
Caused by: java.util.concurrent.TimeoutException
	at java.util.concurrent.CompletableFuture.timedGet(CompletableFuture.java:1771)
	at java.util.concurrent.CompletableFuture.get(CompletableFuture.java:1915)
	at org.apache.ratis.util.IOUtils.getFromFuture(IOUtils.java:79)
	... 4 more
2019-09-17 13:46:10,544 [grpc-default-executor-3] INFO  client.GrpcClientProtocolClient (GrpcClientProtocolClient.java:onNext(264)) - client-BB96F508478C->73c69e8a-9bd3-45ee-8ac9-6e361d860e2f: receive RaftClientReply:client-BB96F508478C->73c69e8a-9bd3-45ee-8ac9-6e361d860e2f@group-7DC0A196B6AC, cid=57, FAILED org.apache.ratis.protocol.NotLeaderException: Server 73c69e8a-9bd3-45ee-8ac9-6e361d860e2f@group-7DC0A196B6AC is not the leader bf9845cc-5491-4380-971d-60a5c36fd440:192.168.5.130:40791, logIndex=0, commits[73c69e8a-9bd3-45ee-8ac9-6e361d860e2f:c16, 235b1c08-2c3c-45bc-ab7f-b19a657e57f0:c12, bf9845cc-5491-4380-971d-60a5c36fd440:c16]
2019-09-17 13:46:10,650 [java.util.concurrent.ThreadPoolExecutor$Worker@662ab04f[State = -1, empty queue]] WARN  server.GrpcLogAppender (GrpcLogAppender.java:timeoutAppendRequest(200)) - bf9845cc-5491-4380-971d-60a5c36fd440@group-7DC0A196B6AC->235b1c08-2c3c-45bc-ab7f-b19a657e57f0-GrpcLogAppender: appendEntries Timeout, request=bf9845cc-5491-4380-971d-60a5c36fd440->235b1c08-2c3c-45bc-ab7f-b19a657e57f0#40-t1, previous=(t:1, i:20), leaderCommit=16, initializing? false, entries: <empty>
2019-09-17 13:46:10,650 [java.util.concurrent.ThreadPoolExecutor$Worker@5f232967[State = -1, empty queue]] WARN  server.GrpcLogAppender (GrpcLogAppender.java:timeoutAppendRequest(200)) - bf9845cc-5491-4380-971d-60a5c36fd440@group-7DC0A196B6AC->73c69e8a-9bd3-45ee-8ac9-6e361d860e2f-GrpcLogAppender: appendEntries Timeout, request=bf9845cc-5491-4380-971d-60a5c36fd440->73c69e8a-9bd3-45ee-8ac9-6e361d860e2f#40-t1, previous=(t:1, i:20), leaderCommit=16, initializing? false, entries: <empty>
 0.00% |█                                                                                                    |  0/1 Time: 0:04:21 0.00% |█                                                                                                    |  0/1 Time: 0:04:222019-09-17 13:46:12,323 [grpc-default-executor-5] INFO  impl.RaftServerProxy (RaftServerProxy.java:remove(95)) - bf9845cc-5491-4380-971d-60a5c36fd440: remove group-8A5A189D8196:null
2019-09-17 13:46:12,328 [RatisPipelineUtilsThread] WARN  pipeline.RatisPipelineUtils (RatisPipelineUtils.java:destroyPipeline(66)) - Pipeline destroy failed for pipeline=PipelineID=035cdd69-bb9b-4d06-9aec-8a5a189d8196 dn=bf9845cc-5491-4380-971d-60a5c36fd440{ip: 192.168.5.130, host: pr-hdds-2136-chhj8-2666454444, networkLocation: /default-rack, certSerialId: null}
2019-09-17 13:46:12,331 [grpc-default-executor-5] INFO  impl.RaftServerProxy (RaftServerProxy.java:remove(95)) - 73c69e8a-9bd3-45ee-8ac9-6e361d860e2f: remove group-8A5A189D8196:null
2019-09-17 13:46:12,334 [RatisPipelineUtilsThread] WARN  pipeline.RatisPipelineUtils (RatisPipelineUtils.java:destroyPipeline(66)) - Pipeline destroy failed for pipeline=PipelineID=035cdd69-bb9b-4d06-9aec-8a5a189d8196 dn=73c69e8a-9bd3-45ee-8ac9-6e361d860e2f{ip: 192.168.5.130, host: pr-hdds-2136-chhj8-2666454444, networkLocation: /default-rack, certSerialId: null}
2019-09-17 13:46:12,337 [grpc-default-executor-5] INFO  impl.RaftServerProxy (RaftServerProxy.java:remove(95)) - 235b1c08-2c3c-45bc-ab7f-b19a657e57f0: remove group-8A5A189D8196:null
2019-09-17 13:46:12,339 [RatisPipelineUtilsThread] WARN  pipeline.RatisPipelineUtils (RatisPipelineUtils.java:destroyPipeline(66)) - Pipeline destroy failed for pipeline=PipelineID=035cdd69-bb9b-4d06-9aec-8a5a189d8196 dn=235b1c08-2c3c-45bc-ab7f-b19a657e57f0{ip: 192.168.5.130, host: pr-hdds-2136-chhj8-2666454444, networkLocation: /default-rack, certSerialId: null}
2019-09-17 13:46:12,339 [RatisPipelineUtilsThread] ERROR pipeline.SCMPipelineManager (Scheduler.java:lambda$schedule$1(70)) - Destroy pipeline failed for pipeline:Pipeline[ Id: 035cdd69-bb9b-4d06-9aec-8a5a189d8196, Nodes: bf9845cc-5491-4380-971d-60a5c36fd440{ip: 192.168.5.130, host: pr-hdds-2136-chhj8-2666454444, networkLocation: /default-rack, certSerialId: null}73c69e8a-9bd3-45ee-8ac9-6e361d860e2f{ip: 192.168.5.130, host: pr-hdds-2136-chhj8-2666454444, networkLocation: /default-rack, certSerialId: null}235b1c08-2c3c-45bc-ab7f-b19a657e57f0{ip: 192.168.5.130, host: pr-hdds-2136-chhj8-2666454444, networkLocation: /default-rack, certSerialId: null}, Type:RATIS, Factor:THREE, State:CLOSED]
org.apache.hadoop.hdds.scm.pipeline.PipelineNotFoundException: PipelineID=035cdd69-bb9b-4d06-9aec-8a5a189d8196 not found
	at org.apache.hadoop.hdds.scm.pipeline.PipelineStateMap.getPipeline(PipelineStateMap.java:132)
	at org.apache.hadoop.hdds.scm.pipeline.PipelineStateMap.removePipeline(PipelineStateMap.java:322)
	at org.apache.hadoop.hdds.scm.pipeline.PipelineStateManager.removePipeline(PipelineStateManager.java:107)
	at org.apache.hadoop.hdds.scm.pipeline.SCMPipelineManager.removePipeline(SCMPipelineManager.java:423)
	at org.apache.hadoop.hdds.scm.pipeline.SCMPipelineManager.destroyPipeline(SCMPipelineManager.java:409)
	at org.apache.hadoop.hdds.scm.pipeline.SCMPipelineManager.lambda$finalizeAndDestroyPipeline$0(SCMPipelineManager.java:318)
	at org.apache.hadoop.utils.Scheduler.lambda$schedule$1(Scheduler.java:68)
	at java.util.concurrent.Executors$RunnableAdapter.call(Executors.java:511)
	at java.util.concurrent.FutureTask.run(FutureTask.java:266)
	at java.util.concurrent.ScheduledThreadPoolExecutor$ScheduledFutureTask.access$201(ScheduledThreadPoolExecutor.java:180)
	at java.util.concurrent.ScheduledThreadPoolExecutor$ScheduledFutureTask.run(ScheduledThreadPoolExecutor.java:293)
	at java.util.concurrent.ThreadPoolExecutor.runWorker(ThreadPoolExecutor.java:1149)
	at java.util.concurrent.ThreadPoolExecutor$Worker.run(ThreadPoolExecutor.java:624)
	at java.lang.Thread.run(Thread.java:748)
2019-09-17 13:46:13,152 [java.util.concurrent.ThreadPoolExecutor$Worker@662ab04f[State = -1, empty queue]] WARN  server.GrpcLogAppender (GrpcLogAppender.java:timeoutAppendRequest(200)) - bf9845cc-5491-4380-971d-60a5c36fd440@group-7DC0A196B6AC->235b1c08-2c3c-45bc-ab7f-b19a657e57f0-GrpcLogAppender: appendEntries Timeout, request=bf9845cc-5491-4380-971d-60a5c36fd440->235b1c08-2c3c-45bc-ab7f-b19a657e57f0#41-t1, previous=(t:1, i:20), leaderCommit=16, initializing? false, entries: <empty>
2019-09-17 13:46:13,152 [java.util.concurrent.ThreadPoolExecutor$Worker@5f232967[State = -1, empty queue]] WARN  server.GrpcLogAppender (GrpcLogAppender.java:timeoutAppendRequest(200)) - bf9845cc-5491-4380-971d-60a5c36fd440@group-7DC0A196B6AC->73c69e8a-9bd3-45ee-8ac9-6e361d860e2f-GrpcLogAppender: appendEntries Timeout, request=bf9845cc-5491-4380-971d-60a5c36fd440->73c69e8a-9bd3-45ee-8ac9-6e361d860e2f#41-t1, previous=(t:1, i:20), leaderCommit=16, initializing? false, entries: <empty>
 0.00% |█                                                                                                    |  0/1 Time: 0:04:23 0.00% |█                                                                                                    |  0/1 Time: 0:04:242019-09-17 13:46:14,321 [grpc-default-executor-3] INFO  impl.RaftServerProxy (RaftServerProxy.java:remove(95)) - bf9845cc-5491-4380-971d-60a5c36fd440: remove group-8A5A189D8196:null
2019-09-17 13:46:14,325 [RatisPipelineUtilsThread] WARN  pipeline.RatisPipelineUtils (RatisPipelineUtils.java:destroyPipeline(66)) - Pipeline destroy failed for pipeline=PipelineID=035cdd69-bb9b-4d06-9aec-8a5a189d8196 dn=bf9845cc-5491-4380-971d-60a5c36fd440{ip: 192.168.5.130, host: pr-hdds-2136-chhj8-2666454444, networkLocation: /default-rack, certSerialId: null}
2019-09-17 13:46:14,329 [grpc-default-executor-3] INFO  impl.RaftServerProxy (RaftServerProxy.java:remove(95)) - 73c69e8a-9bd3-45ee-8ac9-6e361d860e2f: remove group-8A5A189D8196:null
2019-09-17 13:46:14,331 [RatisPipelineUtilsThread] WARN  pipeline.RatisPipelineUtils (RatisPipelineUtils.java:destroyPipeline(66)) - Pipeline destroy failed for pipeline=PipelineID=035cdd69-bb9b-4d06-9aec-8a5a189d8196 dn=73c69e8a-9bd3-45ee-8ac9-6e361d860e2f{ip: 192.168.5.130, host: pr-hdds-2136-chhj8-2666454444, networkLocation: /default-rack, certSerialId: null}
2019-09-17 13:46:14,335 [grpc-default-executor-3] INFO  impl.RaftServerProxy (RaftServerProxy.java:remove(95)) - 235b1c08-2c3c-45bc-ab7f-b19a657e57f0: remove group-8A5A189D8196:null
2019-09-17 13:46:14,337 [RatisPipelineUtilsThread] WARN  pipeline.RatisPipelineUtils (RatisPipelineUtils.java:destroyPipeline(66)) - Pipeline destroy failed for pipeline=PipelineID=035cdd69-bb9b-4d06-9aec-8a5a189d8196 dn=235b1c08-2c3c-45bc-ab7f-b19a657e57f0{ip: 192.168.5.130, host: pr-hdds-2136-chhj8-2666454444, networkLocation: /default-rack, certSerialId: null}
2019-09-17 13:46:14,337 [RatisPipelineUtilsThread] ERROR pipeline.SCMPipelineManager (Scheduler.java:lambda$schedule$1(70)) - Destroy pipeline failed for pipeline:Pipeline[ Id: 035cdd69-bb9b-4d06-9aec-8a5a189d8196, Nodes: bf9845cc-5491-4380-971d-60a5c36fd440{ip: 192.168.5.130, host: pr-hdds-2136-chhj8-2666454444, networkLocation: /default-rack, certSerialId: null}73c69e8a-9bd3-45ee-8ac9-6e361d860e2f{ip: 192.168.5.130, host: pr-hdds-2136-chhj8-2666454444, networkLocation: /default-rack, certSerialId: null}235b1c08-2c3c-45bc-ab7f-b19a657e57f0{ip: 192.168.5.130, host: pr-hdds-2136-chhj8-2666454444, networkLocation: /default-rack, certSerialId: null}, Type:RATIS, Factor:THREE, State:CLOSED]
org.apache.hadoop.hdds.scm.pipeline.PipelineNotFoundException: PipelineID=035cdd69-bb9b-4d06-9aec-8a5a189d8196 not found
	at org.apache.hadoop.hdds.scm.pipeline.PipelineStateMap.getPipeline(PipelineStateMap.java:132)
	at org.apache.hadoop.hdds.scm.pipeline.PipelineStateMap.removePipeline(PipelineStateMap.java:322)
	at org.apache.hadoop.hdds.scm.pipeline.PipelineStateManager.removePipeline(PipelineStateManager.java:107)
	at org.apache.hadoop.hdds.scm.pipeline.SCMPipelineManager.removePipeline(SCMPipelineManager.java:423)
	at org.apache.hadoop.hdds.scm.pipeline.SCMPipelineManager.destroyPipeline(SCMPipelineManager.java:409)
	at org.apache.hadoop.hdds.scm.pipeline.SCMPipelineManager.lambda$finalizeAndDestroyPipeline$0(SCMPipelineManager.java:318)
	at org.apache.hadoop.utils.Scheduler.lambda$schedule$1(Scheduler.java:68)
	at java.util.concurrent.Executors$RunnableAdapter.call(Executors.java:511)
	at java.util.concurrent.FutureTask.run(FutureTask.java:266)
	at java.util.concurrent.ScheduledThreadPoolExecutor$ScheduledFutureTask.access$201(ScheduledThreadPoolExecutor.java:180)
	at java.util.concurrent.ScheduledThreadPoolExecutor$ScheduledFutureTask.run(ScheduledThreadPoolExecutor.java:293)
	at java.util.concurrent.ThreadPoolExecutor.runWorker(ThreadPoolExecutor.java:1149)
	at java.util.concurrent.ThreadPoolExecutor$Worker.run(ThreadPoolExecutor.java:624)
	at java.lang.Thread.run(Thread.java:748)
 0.00% |█                                                                                                    |  0/1 Time: 0:04:252019-09-17 13:46:15,591 [grpc-default-executor-5] INFO  client.GrpcClientProtocolClient (GrpcClientProtocolClient.java:onNext(264)) - client-BB96F508478C->73c69e8a-9bd3-45ee-8ac9-6e361d860e2f: receive RaftClientReply:client-BB96F508478C->73c69e8a-9bd3-45ee-8ac9-6e361d860e2f@group-7DC0A196B6AC, cid=57, FAILED org.apache.ratis.protocol.NotLeaderException: Server 73c69e8a-9bd3-45ee-8ac9-6e361d860e2f@group-7DC0A196B6AC is not the leader bf9845cc-5491-4380-971d-60a5c36fd440:192.168.5.130:40791, logIndex=0, commits[73c69e8a-9bd3-45ee-8ac9-6e361d860e2f:c16, 235b1c08-2c3c-45bc-ab7f-b19a657e57f0:c12, bf9845cc-5491-4380-971d-60a5c36fd440:c16]
2019-09-17 13:46:15,653 [java.util.concurrent.ThreadPoolExecutor$Worker@5f232967[State = -1, empty queue]] WARN  server.GrpcLogAppender (GrpcLogAppender.java:timeoutAppendRequest(200)) - bf9845cc-5491-4380-971d-60a5c36fd440@group-7DC0A196B6AC->73c69e8a-9bd3-45ee-8ac9-6e361d860e2f-GrpcLogAppender: appendEntries Timeout, request=bf9845cc-5491-4380-971d-60a5c36fd440->73c69e8a-9bd3-45ee-8ac9-6e361d860e2f#42-t1, previous=(t:1, i:20), leaderCommit=16, initializing? false, entries: <empty>
2019-09-17 13:46:15,653 [java.util.concurrent.ThreadPoolExecutor$Worker@662ab04f[State = -1, empty queue]] WARN  server.GrpcLogAppender (GrpcLogAppender.java:timeoutAppendRequest(200)) - bf9845cc-5491-4380-971d-60a5c36fd440@group-7DC0A196B6AC->235b1c08-2c3c-45bc-ab7f-b19a657e57f0-GrpcLogAppender: appendEntries Timeout, request=bf9845cc-5491-4380-971d-60a5c36fd440->235b1c08-2c3c-45bc-ab7f-b19a657e57f0#42-t1, previous=(t:1, i:20), leaderCommit=16, initializing? false, entries: <empty>
 0.00% |█                                                                                                    |  0/1 Time: 0:04:26 0.00% |█                                                                                                    |  0/1 Time: 0:04:272019-09-17 13:46:17,320 [grpc-default-executor-2] INFO  impl.RaftServerProxy (RaftServerProxy.java:remove(95)) - bf9845cc-5491-4380-971d-60a5c36fd440: remove group-8A5A189D8196:null
2019-09-17 13:46:17,324 [RatisPipelineUtilsThread] WARN  pipeline.RatisPipelineUtils (RatisPipelineUtils.java:destroyPipeline(66)) - Pipeline destroy failed for pipeline=PipelineID=035cdd69-bb9b-4d06-9aec-8a5a189d8196 dn=bf9845cc-5491-4380-971d-60a5c36fd440{ip: 192.168.5.130, host: pr-hdds-2136-chhj8-2666454444, networkLocation: /default-rack, certSerialId: null}
2019-09-17 13:46:17,328 [grpc-default-executor-2] INFO  impl.RaftServerProxy (RaftServerProxy.java:remove(95)) - 73c69e8a-9bd3-45ee-8ac9-6e361d860e2f: remove group-8A5A189D8196:null
2019-09-17 13:46:17,331 [RatisPipelineUtilsThread] WARN  pipeline.RatisPipelineUtils (RatisPipelineUtils.java:destroyPipeline(66)) - Pipeline destroy failed for pipeline=PipelineID=035cdd69-bb9b-4d06-9aec-8a5a189d8196 dn=73c69e8a-9bd3-45ee-8ac9-6e361d860e2f{ip: 192.168.5.130, host: pr-hdds-2136-chhj8-2666454444, networkLocation: /default-rack, certSerialId: null}
2019-09-17 13:46:17,334 [grpc-default-executor-2] INFO  impl.RaftServerProxy (RaftServerProxy.java:remove(95)) - 235b1c08-2c3c-45bc-ab7f-b19a657e57f0: remove group-8A5A189D8196:null
2019-09-17 13:46:17,336 [RatisPipelineUtilsThread] WARN  pipeline.RatisPipelineUtils (RatisPipelineUtils.java:destroyPipeline(66)) - Pipeline destroy failed for pipeline=PipelineID=035cdd69-bb9b-4d06-9aec-8a5a189d8196 dn=235b1c08-2c3c-45bc-ab7f-b19a657e57f0{ip: 192.168.5.130, host: pr-hdds-2136-chhj8-2666454444, networkLocation: /default-rack, certSerialId: null}
2019-09-17 13:46:17,336 [RatisPipelineUtilsThread] ERROR pipeline.SCMPipelineManager (Scheduler.java:lambda$schedule$1(70)) - Destroy pipeline failed for pipeline:Pipeline[ Id: 035cdd69-bb9b-4d06-9aec-8a5a189d8196, Nodes: bf9845cc-5491-4380-971d-60a5c36fd440{ip: 192.168.5.130, host: pr-hdds-2136-chhj8-2666454444, networkLocation: /default-rack, certSerialId: null}73c69e8a-9bd3-45ee-8ac9-6e361d860e2f{ip: 192.168.5.130, host: pr-hdds-2136-chhj8-2666454444, networkLocation: /default-rack, certSerialId: null}235b1c08-2c3c-45bc-ab7f-b19a657e57f0{ip: 192.168.5.130, host: pr-hdds-2136-chhj8-2666454444, networkLocation: /default-rack, certSerialId: null}, Type:RATIS, Factor:THREE, State:CLOSED]
org.apache.hadoop.hdds.scm.pipeline.PipelineNotFoundException: PipelineID=035cdd69-bb9b-4d06-9aec-8a5a189d8196 not found
	at org.apache.hadoop.hdds.scm.pipeline.PipelineStateMap.getPipeline(PipelineStateMap.java:132)
	at org.apache.hadoop.hdds.scm.pipeline.PipelineStateMap.removePipeline(PipelineStateMap.java:322)
	at org.apache.hadoop.hdds.scm.pipeline.PipelineStateManager.removePipeline(PipelineStateManager.java:107)
	at org.apache.hadoop.hdds.scm.pipeline.SCMPipelineManager.removePipeline(SCMPipelineManager.java:423)
	at org.apache.hadoop.hdds.scm.pipeline.SCMPipelineManager.destroyPipeline(SCMPipelineManager.java:409)
	at org.apache.hadoop.hdds.scm.pipeline.SCMPipelineManager.lambda$finalizeAndDestroyPipeline$0(SCMPipelineManager.java:318)
	at org.apache.hadoop.utils.Scheduler.lambda$schedule$1(Scheduler.java:68)
	at java.util.concurrent.Executors$RunnableAdapter.call(Executors.java:511)
	at java.util.concurrent.FutureTask.run(FutureTask.java:266)
	at java.util.concurrent.ScheduledThreadPoolExecutor$ScheduledFutureTask.access$201(ScheduledThreadPoolExecutor.java:180)
	at java.util.concurrent.ScheduledThreadPoolExecutor$ScheduledFutureTask.run(ScheduledThreadPoolExecutor.java:293)
	at java.util.concurrent.ThreadPoolExecutor.runWorker(ThreadPoolExecutor.java:1149)
	at java.util.concurrent.ThreadPoolExecutor$Worker.run(ThreadPoolExecutor.java:624)
	at java.lang.Thread.run(Thread.java:748)
2019-09-17 13:46:18,153 [java.util.concurrent.ThreadPoolExecutor$Worker@662ab04f[State = -1, empty queue]] WARN  server.GrpcLogAppender (GrpcLogAppender.java:timeoutAppendRequest(200)) - bf9845cc-5491-4380-971d-60a5c36fd440@group-7DC0A196B6AC->235b1c08-2c3c-45bc-ab7f-b19a657e57f0-GrpcLogAppender: appendEntries Timeout, request=bf9845cc-5491-4380-971d-60a5c36fd440->235b1c08-2c3c-45bc-ab7f-b19a657e57f0#43-t1, previous=(t:1, i:20), leaderCommit=16, initializing? false, entries: <empty>
2019-09-17 13:46:18,153 [java.util.concurrent.ThreadPoolExecutor$Worker@5f232967[State = -1, empty queue]] WARN  server.GrpcLogAppender (GrpcLogAppender.java:timeoutAppendRequest(200)) - bf9845cc-5491-4380-971d-60a5c36fd440@group-7DC0A196B6AC->73c69e8a-9bd3-45ee-8ac9-6e361d860e2f-GrpcLogAppender: appendEntries Timeout, request=bf9845cc-5491-4380-971d-60a5c36fd440->73c69e8a-9bd3-45ee-8ac9-6e361d860e2f#43-t1, previous=(t:1, i:20), leaderCommit=16, initializing? false, entries: <empty>
 0.00% |█                                                                                                    |  0/1 Time: 0:04:28 0.00% |█                                                                                                    |  0/1 Time: 0:04:292019-09-17 13:46:19,324 [grpc-default-executor-5] INFO  impl.RaftServerProxy (RaftServerProxy.java:remove(95)) - bf9845cc-5491-4380-971d-60a5c36fd440: remove group-8A5A189D8196:null
2019-09-17 13:46:19,331 [RatisPipelineUtilsThread] WARN  pipeline.RatisPipelineUtils (RatisPipelineUtils.java:destroyPipeline(66)) - Pipeline destroy failed for pipeline=PipelineID=035cdd69-bb9b-4d06-9aec-8a5a189d8196 dn=bf9845cc-5491-4380-971d-60a5c36fd440{ip: 192.168.5.130, host: pr-hdds-2136-chhj8-2666454444, networkLocation: /default-rack, certSerialId: null}
2019-09-17 13:46:19,334 [grpc-default-executor-5] INFO  impl.RaftServerProxy (RaftServerProxy.java:remove(95)) - 73c69e8a-9bd3-45ee-8ac9-6e361d860e2f: remove group-8A5A189D8196:null
2019-09-17 13:46:19,337 [RatisPipelineUtilsThread] WARN  pipeline.RatisPipelineUtils (RatisPipelineUtils.java:destroyPipeline(66)) - Pipeline destroy failed for pipeline=PipelineID=035cdd69-bb9b-4d06-9aec-8a5a189d8196 dn=73c69e8a-9bd3-45ee-8ac9-6e361d860e2f{ip: 192.168.5.130, host: pr-hdds-2136-chhj8-2666454444, networkLocation: /default-rack, certSerialId: null}
2019-09-17 13:46:19,340 [grpc-default-executor-5] INFO  impl.RaftServerProxy (RaftServerProxy.java:remove(95)) - 235b1c08-2c3c-45bc-ab7f-b19a657e57f0: remove group-8A5A189D8196:null
2019-09-17 13:46:19,342 [RatisPipelineUtilsThread] WARN  pipeline.RatisPipelineUtils (RatisPipelineUtils.java:destroyPipeline(66)) - Pipeline destroy failed for pipeline=PipelineID=035cdd69-bb9b-4d06-9aec-8a5a189d8196 dn=235b1c08-2c3c-45bc-ab7f-b19a657e57f0{ip: 192.168.5.130, host: pr-hdds-2136-chhj8-2666454444, networkLocation: /default-rack, certSerialId: null}
2019-09-17 13:46:19,343 [RatisPipelineUtilsThread] ERROR pipeline.SCMPipelineManager (Scheduler.java:lambda$schedule$1(70)) - Destroy pipeline failed for pipeline:Pipeline[ Id: 035cdd69-bb9b-4d06-9aec-8a5a189d8196, Nodes: bf9845cc-5491-4380-971d-60a5c36fd440{ip: 192.168.5.130, host: pr-hdds-2136-chhj8-2666454444, networkLocation: /default-rack, certSerialId: null}73c69e8a-9bd3-45ee-8ac9-6e361d860e2f{ip: 192.168.5.130, host: pr-hdds-2136-chhj8-2666454444, networkLocation: /default-rack, certSerialId: null}235b1c08-2c3c-45bc-ab7f-b19a657e57f0{ip: 192.168.5.130, host: pr-hdds-2136-chhj8-2666454444, networkLocation: /default-rack, certSerialId: null}, Type:RATIS, Factor:THREE, State:CLOSED]
org.apache.hadoop.hdds.scm.pipeline.PipelineNotFoundException: PipelineID=035cdd69-bb9b-4d06-9aec-8a5a189d8196 not found
	at org.apache.hadoop.hdds.scm.pipeline.PipelineStateMap.getPipeline(PipelineStateMap.java:132)
	at org.apache.hadoop.hdds.scm.pipeline.PipelineStateMap.removePipeline(PipelineStateMap.java:322)
	at org.apache.hadoop.hdds.scm.pipeline.PipelineStateManager.removePipeline(PipelineStateManager.java:107)
	at org.apache.hadoop.hdds.scm.pipeline.SCMPipelineManager.removePipeline(SCMPipelineManager.java:423)
	at org.apache.hadoop.hdds.scm.pipeline.SCMPipelineManager.destroyPipeline(SCMPipelineManager.java:409)
	at org.apache.hadoop.hdds.scm.pipeline.SCMPipelineManager.lambda$finalizeAndDestroyPipeline$0(SCMPipelineManager.java:318)
	at org.apache.hadoop.utils.Scheduler.lambda$schedule$1(Scheduler.java:68)
	at java.util.concurrent.Executors$RunnableAdapter.call(Executors.java:511)
	at java.util.concurrent.FutureTask.run(FutureTask.java:266)
	at java.util.concurrent.ScheduledThreadPoolExecutor$ScheduledFutureTask.access$201(ScheduledThreadPoolExecutor.java:180)
	at java.util.concurrent.ScheduledThreadPoolExecutor$ScheduledFutureTask.run(ScheduledThreadPoolExecutor.java:293)
	at java.util.concurrent.ThreadPoolExecutor.runWorker(ThreadPoolExecutor.java:1149)
	at java.util.concurrent.ThreadPoolExecutor$Worker.run(ThreadPoolExecutor.java:624)
	at java.lang.Thread.run(Thread.java:748)
2019-09-17 13:46:19,394 [grpc-default-executor-5] INFO  impl.RaftServerProxy (RaftServerProxy.java:remove(95)) - bf9845cc-5491-4380-971d-60a5c36fd440: remove group-8A5A189D8196:null
2019-09-17 13:46:19,396 [RatisPipelineUtilsThread] WARN  pipeline.RatisPipelineUtils (RatisPipelineUtils.java:destroyPipeline(66)) - Pipeline destroy failed for pipeline=PipelineID=035cdd69-bb9b-4d06-9aec-8a5a189d8196 dn=bf9845cc-5491-4380-971d-60a5c36fd440{ip: 192.168.5.130, host: pr-hdds-2136-chhj8-2666454444, networkLocation: /default-rack, certSerialId: null}
2019-09-17 13:46:19,399 [grpc-default-executor-5] INFO  impl.RaftServerProxy (RaftServerProxy.java:remove(95)) - 73c69e8a-9bd3-45ee-8ac9-6e361d860e2f: remove group-8A5A189D8196:null
2019-09-17 13:46:19,401 [RatisPipelineUtilsThread] WARN  pipeline.RatisPipelineUtils (RatisPipelineUtils.java:destroyPipeline(66)) - Pipeline destroy failed for pipeline=PipelineID=035cdd69-bb9b-4d06-9aec-8a5a189d8196 dn=73c69e8a-9bd3-45ee-8ac9-6e361d860e2f{ip: 192.168.5.130, host: pr-hdds-2136-chhj8-2666454444, networkLocation: /default-rack, certSerialId: null}
2019-09-17 13:46:19,404 [grpc-default-executor-5] INFO  impl.RaftServerProxy (RaftServerProxy.java:remove(95)) - 235b1c08-2c3c-45bc-ab7f-b19a657e57f0: remove group-8A5A189D8196:null
2019-09-17 13:46:19,406 [RatisPipelineUtilsThread] WARN  pipeline.RatisPipelineUtils (RatisPipelineUtils.java:destroyPipeline(66)) - Pipeline destroy failed for pipeline=PipelineID=035cdd69-bb9b-4d06-9aec-8a5a189d8196 dn=235b1c08-2c3c-45bc-ab7f-b19a657e57f0{ip: 192.168.5.130, host: pr-hdds-2136-chhj8-2666454444, networkLocation: /default-rack, certSerialId: null}
2019-09-17 13:46:19,407 [RatisPipelineUtilsThread] ERROR pipeline.SCMPipelineManager (Scheduler.java:lambda$schedule$1(70)) - Destroy pipeline failed for pipeline:Pipeline[ Id: 035cdd69-bb9b-4d06-9aec-8a5a189d8196, Nodes: bf9845cc-5491-4380-971d-60a5c36fd440{ip: 192.168.5.130, host: pr-hdds-2136-chhj8-2666454444, networkLocation: /default-rack, certSerialId: null}73c69e8a-9bd3-45ee-8ac9-6e361d860e2f{ip: 192.168.5.130, host: pr-hdds-2136-chhj8-2666454444, networkLocation: /default-rack, certSerialId: null}235b1c08-2c3c-45bc-ab7f-b19a657e57f0{ip: 192.168.5.130, host: pr-hdds-2136-chhj8-2666454444, networkLocation: /default-rack, certSerialId: null}, Type:RATIS, Factor:THREE, State:CLOSED]
org.apache.hadoop.hdds.scm.pipeline.PipelineNotFoundException: PipelineID=035cdd69-bb9b-4d06-9aec-8a5a189d8196 not found
	at org.apache.hadoop.hdds.scm.pipeline.PipelineStateMap.getPipeline(PipelineStateMap.java:132)
	at org.apache.hadoop.hdds.scm.pipeline.PipelineStateMap.removePipeline(PipelineStateMap.java:322)
	at org.apache.hadoop.hdds.scm.pipeline.PipelineStateManager.removePipeline(PipelineStateManager.java:107)
	at org.apache.hadoop.hdds.scm.pipeline.SCMPipelineManager.removePipeline(SCMPipelineManager.java:423)
	at org.apache.hadoop.hdds.scm.pipeline.SCMPipelineManager.destroyPipeline(SCMPipelineManager.java:409)
	at org.apache.hadoop.hdds.scm.pipeline.SCMPipelineManager.lambda$finalizeAndDestroyPipeline$0(SCMPipelineManager.java:318)
	at org.apache.hadoop.utils.Scheduler.lambda$schedule$1(Scheduler.java:68)
	at java.util.concurrent.Executors$RunnableAdapter.call(Executors.java:511)
	at java.util.concurrent.FutureTask.run(FutureTask.java:266)
	at java.util.concurrent.ScheduledThreadPoolExecutor$ScheduledFutureTask.access$201(ScheduledThreadPoolExecutor.java:180)
	at java.util.concurrent.ScheduledThreadPoolExecutor$ScheduledFutureTask.run(ScheduledThreadPoolExecutor.java:293)
	at java.util.concurrent.ThreadPoolExecutor.runWorker(ThreadPoolExecutor.java:1149)
	at java.util.concurrent.ThreadPoolExecutor$Worker.run(ThreadPoolExecutor.java:624)
	at java.lang.Thread.run(Thread.java:748)
2019-09-17 13:46:19,658 [grpc-default-executor-5] INFO  impl.RaftServerProxy (RaftServerProxy.java:remove(95)) - bf9845cc-5491-4380-971d-60a5c36fd440: remove group-8A5A189D8196:null
2019-09-17 13:46:19,661 [RatisPipelineUtilsThread] WARN  pipeline.RatisPipelineUtils (RatisPipelineUtils.java:destroyPipeline(66)) - Pipeline destroy failed for pipeline=PipelineID=035cdd69-bb9b-4d06-9aec-8a5a189d8196 dn=bf9845cc-5491-4380-971d-60a5c36fd440{ip: 192.168.5.130, host: pr-hdds-2136-chhj8-2666454444, networkLocation: /default-rack, certSerialId: null}
2019-09-17 13:46:19,664 [grpc-default-executor-5] INFO  impl.RaftServerProxy (RaftServerProxy.java:remove(95)) - 73c69e8a-9bd3-45ee-8ac9-6e361d860e2f: remove group-8A5A189D8196:null
2019-09-17 13:46:19,666 [RatisPipelineUtilsThread] WARN  pipeline.RatisPipelineUtils (RatisPipelineUtils.java:destroyPipeline(66)) - Pipeline destroy failed for pipeline=PipelineID=035cdd69-bb9b-4d06-9aec-8a5a189d8196 dn=73c69e8a-9bd3-45ee-8ac9-6e361d860e2f{ip: 192.168.5.130, host: pr-hdds-2136-chhj8-2666454444, networkLocation: /default-rack, certSerialId: null}
2019-09-17 13:46:19,669 [grpc-default-executor-5] INFO  impl.RaftServerProxy (RaftServerProxy.java:remove(95)) - 235b1c08-2c3c-45bc-ab7f-b19a657e57f0: remove group-8A5A189D8196:null
2019-09-17 13:46:19,671 [RatisPipelineUtilsThread] WARN  pipeline.RatisPipelineUtils (RatisPipelineUtils.java:destroyPipeline(66)) - Pipeline destroy failed for pipeline=PipelineID=035cdd69-bb9b-4d06-9aec-8a5a189d8196 dn=235b1c08-2c3c-45bc-ab7f-b19a657e57f0{ip: 192.168.5.130, host: pr-hdds-2136-chhj8-2666454444, networkLocation: /default-rack, certSerialId: null}
2019-09-17 13:46:19,672 [RatisPipelineUtilsThread] ERROR pipeline.SCMPipelineManager (Scheduler.java:lambda$schedule$1(70)) - Destroy pipeline failed for pipeline:Pipeline[ Id: 035cdd69-bb9b-4d06-9aec-8a5a189d8196, Nodes: bf9845cc-5491-4380-971d-60a5c36fd440{ip: 192.168.5.130, host: pr-hdds-2136-chhj8-2666454444, networkLocation: /default-rack, certSerialId: null}73c69e8a-9bd3-45ee-8ac9-6e361d860e2f{ip: 192.168.5.130, host: pr-hdds-2136-chhj8-2666454444, networkLocation: /default-rack, certSerialId: null}235b1c08-2c3c-45bc-ab7f-b19a657e57f0{ip: 192.168.5.130, host: pr-hdds-2136-chhj8-2666454444, networkLocation: /default-rack, certSerialId: null}, Type:RATIS, Factor:THREE, State:CLOSED]
org.apache.hadoop.hdds.scm.pipeline.PipelineNotFoundException: PipelineID=035cdd69-bb9b-4d06-9aec-8a5a189d8196 not found
	at org.apache.hadoop.hdds.scm.pipeline.PipelineStateMap.getPipeline(PipelineStateMap.java:132)
	at org.apache.hadoop.hdds.scm.pipeline.PipelineStateMap.removePipeline(PipelineStateMap.java:322)
	at org.apache.hadoop.hdds.scm.pipeline.PipelineStateManager.removePipeline(PipelineStateManager.java:107)
	at org.apache.hadoop.hdds.scm.pipeline.SCMPipelineManager.removePipeline(SCMPipelineManager.java:423)
	at org.apache.hadoop.hdds.scm.pipeline.SCMPipelineManager.destroyPipeline(SCMPipelineManager.java:409)
	at org.apache.hadoop.hdds.scm.pipeline.SCMPipelineManager.lambda$finalizeAndDestroyPipeline$0(SCMPipelineManager.java:318)
	at org.apache.hadoop.utils.Scheduler.lambda$schedule$1(Scheduler.java:68)
	at java.util.concurrent.Executors$RunnableAdapter.call(Executors.java:511)
	at java.util.concurrent.FutureTask.run(FutureTask.java:266)
	at java.util.concurrent.ScheduledThreadPoolExecutor$ScheduledFutureTask.access$201(ScheduledThreadPoolExecutor.java:180)
	at java.util.concurrent.ScheduledThreadPoolExecutor$ScheduledFutureTask.run(ScheduledThreadPoolExecutor.java:293)
	at java.util.concurrent.ThreadPoolExecutor.runWorker(ThreadPoolExecutor.java:1149)
	at java.util.concurrent.ThreadPoolExecutor$Worker.run(ThreadPoolExecutor.java:624)
	at java.lang.Thread.run(Thread.java:748)
2019-09-17 13:46:19,972 [grpc-default-executor-5] INFO  impl.RaftServerProxy (RaftServerProxy.java:remove(95)) - bf9845cc-5491-4380-971d-60a5c36fd440: remove group-8A5A189D8196:null
2019-09-17 13:46:19,975 [RatisPipelineUtilsThread] WARN  pipeline.RatisPipelineUtils (RatisPipelineUtils.java:destroyPipeline(66)) - Pipeline destroy failed for pipeline=PipelineID=035cdd69-bb9b-4d06-9aec-8a5a189d8196 dn=bf9845cc-5491-4380-971d-60a5c36fd440{ip: 192.168.5.130, host: pr-hdds-2136-chhj8-2666454444, networkLocation: /default-rack, certSerialId: null}
2019-09-17 13:46:19,978 [grpc-default-executor-5] INFO  impl.RaftServerProxy (RaftServerProxy.java:remove(95)) - 73c69e8a-9bd3-45ee-8ac9-6e361d860e2f: remove group-8A5A189D8196:null
2019-09-17 13:46:19,981 [RatisPipelineUtilsThread] WARN  pipeline.RatisPipelineUtils (RatisPipelineUtils.java:destroyPipeline(66)) - Pipeline destroy failed for pipeline=PipelineID=035cdd69-bb9b-4d06-9aec-8a5a189d8196 dn=73c69e8a-9bd3-45ee-8ac9-6e361d860e2f{ip: 192.168.5.130, host: pr-hdds-2136-chhj8-2666454444, networkLocation: /default-rack, certSerialId: null}
2019-09-17 13:46:19,984 [grpc-default-executor-5] INFO  impl.RaftServerProxy (RaftServerProxy.java:remove(95)) - 235b1c08-2c3c-45bc-ab7f-b19a657e57f0: remove group-8A5A189D8196:null
2019-09-17 13:46:19,986 [RatisPipelineUtilsThread] WARN  pipeline.RatisPipelineUtils (RatisPipelineUtils.java:destroyPipeline(66)) - Pipeline destroy failed for pipeline=PipelineID=035cdd69-bb9b-4d06-9aec-8a5a189d8196 dn=235b1c08-2c3c-45bc-ab7f-b19a657e57f0{ip: 192.168.5.130, host: pr-hdds-2136-chhj8-2666454444, networkLocation: /default-rack, certSerialId: null}
2019-09-17 13:46:19,987 [RatisPipelineUtilsThread] ERROR pipeline.SCMPipelineManager (Scheduler.java:lambda$schedule$1(70)) - Destroy pipeline failed for pipeline:Pipeline[ Id: 035cdd69-bb9b-4d06-9aec-8a5a189d8196, Nodes: bf9845cc-5491-4380-971d-60a5c36fd440{ip: 192.168.5.130, host: pr-hdds-2136-chhj8-2666454444, networkLocation: /default-rack, certSerialId: null}73c69e8a-9bd3-45ee-8ac9-6e361d860e2f{ip: 192.168.5.130, host: pr-hdds-2136-chhj8-2666454444, networkLocation: /default-rack, certSerialId: null}235b1c08-2c3c-45bc-ab7f-b19a657e57f0{ip: 192.168.5.130, host: pr-hdds-2136-chhj8-2666454444, networkLocation: /default-rack, certSerialId: null}, Type:RATIS, Factor:THREE, State:CLOSED]
org.apache.hadoop.hdds.scm.pipeline.PipelineNotFoundException: PipelineID=035cdd69-bb9b-4d06-9aec-8a5a189d8196 not found
	at org.apache.hadoop.hdds.scm.pipeline.PipelineStateMap.getPipeline(PipelineStateMap.java:132)
	at org.apache.hadoop.hdds.scm.pipeline.PipelineStateMap.removePipeline(PipelineStateMap.java:322)
	at org.apache.hadoop.hdds.scm.pipeline.PipelineStateManager.removePipeline(PipelineStateManager.java:107)
	at org.apache.hadoop.hdds.scm.pipeline.SCMPipelineManager.removePipeline(SCMPipelineManager.java:423)
	at org.apache.hadoop.hdds.scm.pipeline.SCMPipelineManager.destroyPipeline(SCMPipelineManager.java:409)
	at org.apache.hadoop.hdds.scm.pipeline.SCMPipelineManager.lambda$finalizeAndDestroyPipeline$0(SCMPipelineManager.java:318)
	at org.apache.hadoop.utils.Scheduler.lambda$schedule$1(Scheduler.java:68)
	at java.util.concurrent.Executors$RunnableAdapter.call(Executors.java:511)
	at java.util.concurrent.FutureTask.run(FutureTask.java:266)
	at java.util.concurrent.ScheduledThreadPoolExecutor$ScheduledFutureTask.access$201(ScheduledThreadPoolExecutor.java:180)
	at java.util.concurrent.ScheduledThreadPoolExecutor$ScheduledFutureTask.run(ScheduledThreadPoolExecutor.java:293)
	at java.util.concurrent.ThreadPoolExecutor.runWorker(ThreadPoolExecutor.java:1149)
	at java.util.concurrent.ThreadPoolExecutor$Worker.run(ThreadPoolExecutor.java:624)
	at java.lang.Thread.run(Thread.java:748)
2019-09-17 13:46:20,134 [73c69e8a-9bd3-45ee-8ac9-6e361d860e2f@group-7DC0A196B6AC-SegmentedRaftLogWorker] WARN  segmented.SegmentedRaftLogWorker (SegmentedRaftLogWorker.java:getFromFuture(90)) - Timeout 5/~
org.apache.ratis.protocol.TimeoutIOException: Timeout 10s: WriteLog:17: (t:1, i:17), STATEMACHINELOGENTRY, client-BB96F508478C, cid=57-writeStateMachineData
	at org.apache.ratis.util.IOUtils.getFromFuture(IOUtils.java:87)
	at org.apache.ratis.server.raftlog.segmented.SegmentedRaftLogWorker$StateMachineDataPolicy.getFromFuture(SegmentedRaftLogWorker.java:87)
	at org.apache.ratis.server.raftlog.segmented.SegmentedRaftLogWorker$WriteLog.execute(SegmentedRaftLogWorker.java:477)
	at org.apache.ratis.server.raftlog.segmented.SegmentedRaftLogWorker.run(SegmentedRaftLogWorker.java:289)
	at java.lang.Thread.run(Thread.java:748)
Caused by: java.util.concurrent.TimeoutException
	at java.util.concurrent.CompletableFuture.timedGet(CompletableFuture.java:1771)
	at java.util.concurrent.CompletableFuture.get(CompletableFuture.java:1915)
	at org.apache.ratis.util.IOUtils.getFromFuture(IOUtils.java:79)
	... 4 more
 0.00% |█                                                                                                    |  0/1 Time: 0:04:302019-09-17 13:46:20,338 [235b1c08-2c3c-45bc-ab7f-b19a657e57f0@group-7DC0A196B6AC-SegmentedRaftLogWorker] WARN  segmented.SegmentedRaftLogWorker (SegmentedRaftLogWorker.java:getFromFuture(90)) - Timeout 5/~
org.apache.ratis.protocol.TimeoutIOException: Timeout 10s: WriteLog:19: (t:1, i:19), STATEMACHINELOGENTRY, client-BB96F508478C, cid=59-writeStateMachineData
	at org.apache.ratis.util.IOUtils.getFromFuture(IOUtils.java:87)
	at org.apache.ratis.server.raftlog.segmented.SegmentedRaftLogWorker$StateMachineDataPolicy.getFromFuture(SegmentedRaftLogWorker.java:87)
	at org.apache.ratis.server.raftlog.segmented.SegmentedRaftLogWorker$WriteLog.execute(SegmentedRaftLogWorker.java:477)
	at org.apache.ratis.server.raftlog.segmented.SegmentedRaftLogWorker.run(SegmentedRaftLogWorker.java:289)
	at java.lang.Thread.run(Thread.java:748)
Caused by: java.util.concurrent.TimeoutException
	at java.util.concurrent.CompletableFuture.timedGet(CompletableFuture.java:1771)
	at java.util.concurrent.CompletableFuture.get(CompletableFuture.java:1915)
	at org.apache.ratis.util.IOUtils.getFromFuture(IOUtils.java:79)
	... 4 more
2019-09-17 13:46:20,338 [bf9845cc-5491-4380-971d-60a5c36fd440@group-7DC0A196B6AC-SegmentedRaftLogWorker] WARN  segmented.SegmentedRaftLogWorker (SegmentedRaftLogWorker.java:getFromFuture(90)) - Timeout 5/~
org.apache.ratis.protocol.TimeoutIOException: Timeout 10s: WriteLog:19: (t:1, i:19), STATEMACHINELOGENTRY, client-BB96F508478C, cid=59-writeStateMachineData
	at org.apache.ratis.util.IOUtils.getFromFuture(IOUtils.java:87)
	at org.apache.ratis.server.raftlog.segmented.SegmentedRaftLogWorker$StateMachineDataPolicy.getFromFuture(SegmentedRaftLogWorker.java:87)
	at org.apache.ratis.server.raftlog.segmented.SegmentedRaftLogWorker$WriteLog.execute(SegmentedRaftLogWorker.java:477)
	at org.apache.ratis.server.raftlog.segmented.SegmentedRaftLogWorker.run(SegmentedRaftLogWorker.java:289)
	at java.lang.Thread.run(Thread.java:748)
Caused by: java.util.concurrent.TimeoutException
	at java.util.concurrent.CompletableFuture.timedGet(CompletableFuture.java:1771)
	at java.util.concurrent.CompletableFuture.get(CompletableFuture.java:1915)
	at org.apache.ratis.util.IOUtils.getFromFuture(IOUtils.java:79)
	... 4 more
2019-09-17 13:46:20,631 [grpc-default-executor-5] INFO  client.GrpcClientProtocolClient (GrpcClientProtocolClient.java:onNext(264)) - client-BB96F508478C->235b1c08-2c3c-45bc-ab7f-b19a657e57f0: receive RaftClientReply:client-BB96F508478C->235b1c08-2c3c-45bc-ab7f-b19a657e57f0@group-7DC0A196B6AC, cid=57, FAILED org.apache.ratis.protocol.NotLeaderException: Server 235b1c08-2c3c-45bc-ab7f-b19a657e57f0@group-7DC0A196B6AC is not the leader bf9845cc-5491-4380-971d-60a5c36fd440:192.168.5.130:40791, logIndex=0, commits[235b1c08-2c3c-45bc-ab7f-b19a657e57f0:c16, 73c69e8a-9bd3-45ee-8ac9-6e361d860e2f:c12, bf9845cc-5491-4380-971d-60a5c36fd440:c16]
2019-09-17 13:46:20,654 [java.util.concurrent.ThreadPoolExecutor$Worker@5f232967[State = -1, empty queue]] WARN  server.GrpcLogAppender (GrpcLogAppender.java:timeoutAppendRequest(200)) - bf9845cc-5491-4380-971d-60a5c36fd440@group-7DC0A196B6AC->73c69e8a-9bd3-45ee-8ac9-6e361d860e2f-GrpcLogAppender: appendEntries Timeout, request=bf9845cc-5491-4380-971d-60a5c36fd440->73c69e8a-9bd3-45ee-8ac9-6e361d860e2f#44-t1, previous=(t:1, i:20), leaderCommit=16, initializing? false, entries: <empty>
2019-09-17 13:46:20,654 [java.util.concurrent.ThreadPoolExecutor$Worker@662ab04f[State = -1, empty queue]] WARN  server.GrpcLogAppender (GrpcLogAppender.java:timeoutAppendRequest(200)) - bf9845cc-5491-4380-971d-60a5c36fd440@group-7DC0A196B6AC->235b1c08-2c3c-45bc-ab7f-b19a657e57f0-GrpcLogAppender: appendEntries Timeout, request=bf9845cc-5491-4380-971d-60a5c36fd440->235b1c08-2c3c-45bc-ab7f-b19a657e57f0#44-t1, previous=(t:1, i:20), leaderCommit=16, initializing? false, entries: <empty>
 0.00% |█                                                                                                    |  0/1 Time: 0:04:31 0.00% |█                                                                                                    |  0/1 Time: 0:04:322019-09-17 13:46:23,155 [java.util.concurrent.ThreadPoolExecutor$Worker@662ab04f[State = -1, empty queue]] WARN  server.GrpcLogAppender (GrpcLogAppender.java:timeoutAppendRequest(200)) - bf9845cc-5491-4380-971d-60a5c36fd440@group-7DC0A196B6AC->235b1c08-2c3c-45bc-ab7f-b19a657e57f0-GrpcLogAppender: appendEntries Timeout, request=bf9845cc-5491-4380-971d-60a5c36fd440->235b1c08-2c3c-45bc-ab7f-b19a657e57f0#45-t1, previous=(t:1, i:20), leaderCommit=16, initializing? false, entries: <empty>
2019-09-17 13:46:23,155 [java.util.concurrent.ThreadPoolExecutor$Worker@5f232967[State = -1, empty queue]] WARN  server.GrpcLogAppender (GrpcLogAppender.java:timeoutAppendRequest(200)) - bf9845cc-5491-4380-971d-60a5c36fd440@group-7DC0A196B6AC->73c69e8a-9bd3-45ee-8ac9-6e361d860e2f-GrpcLogAppender: appendEntries Timeout, request=bf9845cc-5491-4380-971d-60a5c36fd440->73c69e8a-9bd3-45ee-8ac9-6e361d860e2f#45-t1, previous=(t:1, i:20), leaderCommit=16, initializing? false, entries: <empty>
 0.00% |█                                                                                                    |  0/1 Time: 0:04:33 0.00% |█                                                                                                    |  0/1 Time: 0:04:34 0.00% |█                                                                                                    |  0/1 Time: 0:04:352019-09-17 13:46:25,656 [java.util.concurrent.ThreadPoolExecutor$Worker@5f232967[State = -1, empty queue]] WARN  server.GrpcLogAppender (GrpcLogAppender.java:timeoutAppendRequest(200)) - bf9845cc-5491-4380-971d-60a5c36fd440@group-7DC0A196B6AC->73c69e8a-9bd3-45ee-8ac9-6e361d860e2f-GrpcLogAppender: appendEntries Timeout, request=bf9845cc-5491-4380-971d-60a5c36fd440->73c69e8a-9bd3-45ee-8ac9-6e361d860e2f#46-t1, previous=(t:1, i:20), leaderCommit=16, initializing? false, entries: <empty>
2019-09-17 13:46:25,656 [java.util.concurrent.ThreadPoolExecutor$Worker@662ab04f[State = -1, empty queue]] WARN  server.GrpcLogAppender (GrpcLogAppender.java:timeoutAppendRequest(200)) - bf9845cc-5491-4380-971d-60a5c36fd440@group-7DC0A196B6AC->235b1c08-2c3c-45bc-ab7f-b19a657e57f0-GrpcLogAppender: appendEntries Timeout, request=bf9845cc-5491-4380-971d-60a5c36fd440->235b1c08-2c3c-45bc-ab7f-b19a657e57f0#46-t1, previous=(t:1, i:20), leaderCommit=16, initializing? false, entries: <empty>
2019-09-17 13:46:25,670 [grpc-default-executor-3] INFO  client.GrpcClientProtocolClient (GrpcClientProtocolClient.java:onNext(264)) - client-BB96F508478C->235b1c08-2c3c-45bc-ab7f-b19a657e57f0: receive RaftClientReply:client-BB96F508478C->235b1c08-2c3c-45bc-ab7f-b19a657e57f0@group-7DC0A196B6AC, cid=57, FAILED org.apache.ratis.protocol.NotLeaderException: Server 235b1c08-2c3c-45bc-ab7f-b19a657e57f0@group-7DC0A196B6AC is not the leader bf9845cc-5491-4380-971d-60a5c36fd440:192.168.5.130:40791, logIndex=0, commits[235b1c08-2c3c-45bc-ab7f-b19a657e57f0:c16, 73c69e8a-9bd3-45ee-8ac9-6e361d860e2f:c12, bf9845cc-5491-4380-971d-60a5c36fd440:c16]
 0.00% |█                                                                                                    |  0/1 Time: 0:04:36 0.00% |█                                                                                                    |  0/1 Time: 0:04:372019-09-17 13:46:28,156 [java.util.concurrent.ThreadPoolExecutor$Worker@5f232967[State = -1, empty queue]] WARN  server.GrpcLogAppender (GrpcLogAppender.java:timeoutAppendRequest(200)) - bf9845cc-5491-4380-971d-60a5c36fd440@group-7DC0A196B6AC->73c69e8a-9bd3-45ee-8ac9-6e361d860e2f-GrpcLogAppender: appendEntries Timeout, request=bf9845cc-5491-4380-971d-60a5c36fd440->73c69e8a-9bd3-45ee-8ac9-6e361d860e2f#47-t1, previous=(t:1, i:20), leaderCommit=16, initializing? false, entries: <empty>
2019-09-17 13:46:28,156 [java.util.concurrent.ThreadPoolExecutor$Worker@662ab04f[State = -1, empty queue]] WARN  server.GrpcLogAppender (GrpcLogAppender.java:timeoutAppendRequest(200)) - bf9845cc-5491-4380-971d-60a5c36fd440@group-7DC0A196B6AC->235b1c08-2c3c-45bc-ab7f-b19a657e57f0-GrpcLogAppender: appendEntries Timeout, request=bf9845cc-5491-4380-971d-60a5c36fd440->235b1c08-2c3c-45bc-ab7f-b19a657e57f0#47-t1, previous=(t:1, i:20), leaderCommit=16, initializing? false, entries: <empty>
 0.00% |█                                                                                                    |  0/1 Time: 0:04:38 0.00% |█                                                                                                    |  0/1 Time: 0:04:392019-09-17 13:46:30,135 [73c69e8a-9bd3-45ee-8ac9-6e361d860e2f@group-7DC0A196B6AC-SegmentedRaftLogWorker] WARN  segmented.SegmentedRaftLogWorker (SegmentedRaftLogWorker.java:getFromFuture(90)) - Timeout 6/~
org.apache.ratis.protocol.TimeoutIOException: Timeout 10s: WriteLog:17: (t:1, i:17), STATEMACHINELOGENTRY, client-BB96F508478C, cid=57-writeStateMachineData
	at org.apache.ratis.util.IOUtils.getFromFuture(IOUtils.java:87)
	at org.apache.ratis.server.raftlog.segmented.SegmentedRaftLogWorker$StateMachineDataPolicy.getFromFuture(SegmentedRaftLogWorker.java:87)
	at org.apache.ratis.server.raftlog.segmented.SegmentedRaftLogWorker$WriteLog.execute(SegmentedRaftLogWorker.java:477)
	at org.apache.ratis.server.raftlog.segmented.SegmentedRaftLogWorker.run(SegmentedRaftLogWorker.java:289)
	at java.lang.Thread.run(Thread.java:748)
Caused by: java.util.concurrent.TimeoutException
	at java.util.concurrent.CompletableFuture.timedGet(CompletableFuture.java:1771)
	at java.util.concurrent.CompletableFuture.get(CompletableFuture.java:1915)
	at org.apache.ratis.util.IOUtils.getFromFuture(IOUtils.java:79)
	... 4 more
 0.00% |█                                                                                                    |  0/1 Time: 0:04:402019-09-17 13:46:30,339 [235b1c08-2c3c-45bc-ab7f-b19a657e57f0@group-7DC0A196B6AC-SegmentedRaftLogWorker] WARN  segmented.SegmentedRaftLogWorker (SegmentedRaftLogWorker.java:getFromFuture(90)) - Timeout 6/~
org.apache.ratis.protocol.TimeoutIOException: Timeout 10s: WriteLog:19: (t:1, i:19), STATEMACHINELOGENTRY, client-BB96F508478C, cid=59-writeStateMachineData
	at org.apache.ratis.util.IOUtils.getFromFuture(IOUtils.java:87)
	at org.apache.ratis.server.raftlog.segmented.SegmentedRaftLogWorker$StateMachineDataPolicy.getFromFuture(SegmentedRaftLogWorker.java:87)
	at org.apache.ratis.server.raftlog.segmented.SegmentedRaftLogWorker$WriteLog.execute(SegmentedRaftLogWorker.java:477)
	at org.apache.ratis.server.raftlog.segmented.SegmentedRaftLogWorker.run(SegmentedRaftLogWorker.java:289)
	at java.lang.Thread.run(Thread.java:748)
Caused by: java.util.concurrent.TimeoutException
	at java.util.concurrent.CompletableFuture.timedGet(CompletableFuture.java:1771)
	at java.util.concurrent.CompletableFuture.get(CompletableFuture.java:1915)
	at org.apache.ratis.util.IOUtils.getFromFuture(IOUtils.java:79)
	... 4 more
2019-09-17 13:46:30,347 [bf9845cc-5491-4380-971d-60a5c36fd440@group-7DC0A196B6AC-SegmentedRaftLogWorker] WARN  segmented.SegmentedRaftLogWorker (SegmentedRaftLogWorker.java:getFromFuture(90)) - Timeout 6/~
org.apache.ratis.protocol.TimeoutIOException: Timeout 10s: WriteLog:19: (t:1, i:19), STATEMACHINELOGENTRY, client-BB96F508478C, cid=59-writeStateMachineData
	at org.apache.ratis.util.IOUtils.getFromFuture(IOUtils.java:87)
	at org.apache.ratis.server.raftlog.segmented.SegmentedRaftLogWorker$StateMachineDataPolicy.getFromFuture(SegmentedRaftLogWorker.java:87)
	at org.apache.ratis.server.raftlog.segmented.SegmentedRaftLogWorker$WriteLog.execute(SegmentedRaftLogWorker.java:477)
	at org.apache.ratis.server.raftlog.segmented.SegmentedRaftLogWorker.run(SegmentedRaftLogWorker.java:289)
	at java.lang.Thread.run(Thread.java:748)
Caused by: java.util.concurrent.TimeoutException
	at java.util.concurrent.CompletableFuture.timedGet(CompletableFuture.java:1771)
	at java.util.concurrent.CompletableFuture.get(CompletableFuture.java:1915)
	at org.apache.ratis.util.IOUtils.getFromFuture(IOUtils.java:79)
	... 4 more
2019-09-17 13:46:30,657 [java.util.concurrent.ThreadPoolExecutor$Worker@5f232967[State = -1, empty queue]] WARN  server.GrpcLogAppender (GrpcLogAppender.java:timeoutAppendRequest(200)) - bf9845cc-5491-4380-971d-60a5c36fd440@group-7DC0A196B6AC->73c69e8a-9bd3-45ee-8ac9-6e361d860e2f-GrpcLogAppender: appendEntries Timeout, request=bf9845cc-5491-4380-971d-60a5c36fd440->73c69e8a-9bd3-45ee-8ac9-6e361d860e2f#48-t1, previous=(t:1, i:20), leaderCommit=16, initializing? false, entries: <empty>
2019-09-17 13:46:30,657 [java.util.concurrent.ThreadPoolExecutor$Worker@662ab04f[State = -1, empty queue]] WARN  server.GrpcLogAppender (GrpcLogAppender.java:timeoutAppendRequest(200)) - bf9845cc-5491-4380-971d-60a5c36fd440@group-7DC0A196B6AC->235b1c08-2c3c-45bc-ab7f-b19a657e57f0-GrpcLogAppender: appendEntries Timeout, request=bf9845cc-5491-4380-971d-60a5c36fd440->235b1c08-2c3c-45bc-ab7f-b19a657e57f0#48-t1, previous=(t:1, i:20), leaderCommit=16, initializing? false, entries: <empty>
2019-09-17 13:46:30,704 [grpc-default-executor-2] INFO  client.GrpcClientProtocolClient (GrpcClientProtocolClient.java:onNext(264)) - client-BB96F508478C->73c69e8a-9bd3-45ee-8ac9-6e361d860e2f: receive RaftClientReply:client-BB96F508478C->73c69e8a-9bd3-45ee-8ac9-6e361d860e2f@group-7DC0A196B6AC, cid=57, FAILED org.apache.ratis.protocol.NotLeaderException: Server 73c69e8a-9bd3-45ee-8ac9-6e361d860e2f@group-7DC0A196B6AC is not the leader bf9845cc-5491-4380-971d-60a5c36fd440:192.168.5.130:40791, logIndex=0, commits[73c69e8a-9bd3-45ee-8ac9-6e361d860e2f:c16, 235b1c08-2c3c-45bc-ab7f-b19a657e57f0:c12, bf9845cc-5491-4380-971d-60a5c36fd440:c16]
 0.00% |█                                                                                                    |  0/1 Time: 0:04:41 0.00% |█                                                                                                    |  0/1 Time: 0:04:422019-09-17 13:46:33,157 [java.util.concurrent.ThreadPoolExecutor$Worker@662ab04f[State = -1, empty queue]] WARN  server.GrpcLogAppender (GrpcLogAppender.java:timeoutAppendRequest(200)) - bf9845cc-5491-4380-971d-60a5c36fd440@group-7DC0A196B6AC->235b1c08-2c3c-45bc-ab7f-b19a657e57f0-GrpcLogAppender: appendEntries Timeout, request=bf9845cc-5491-4380-971d-60a5c36fd440->235b1c08-2c3c-45bc-ab7f-b19a657e57f0#49-t1, previous=(t:1, i:20), leaderCommit=16, initializing? false, entries: <empty>
2019-09-17 13:46:33,157 [java.util.concurrent.ThreadPoolExecutor$Worker@5f232967[State = -1, empty queue]] WARN  server.GrpcLogAppender (GrpcLogAppender.java:timeoutAppendRequest(200)) - bf9845cc-5491-4380-971d-60a5c36fd440@group-7DC0A196B6AC->73c69e8a-9bd3-45ee-8ac9-6e361d860e2f-GrpcLogAppender: appendEntries Timeout, request=bf9845cc-5491-4380-971d-60a5c36fd440->73c69e8a-9bd3-45ee-8ac9-6e361d860e2f#49-t1, previous=(t:1, i:20), leaderCommit=16, initializing? false, entries: <empty>
 0.00% |█                                                                                                    |  0/1 Time: 0:04:43 0.00% |█                                                                                                    |  0/1 Time: 0:04:44 0.00% |█                                                                                                    |  0/1 Time: 0:04:452019-09-17 13:46:35,658 [java.util.concurrent.ThreadPoolExecutor$Worker@662ab04f[State = -1, empty queue]] WARN  server.GrpcLogAppender (GrpcLogAppender.java:timeoutAppendRequest(200)) - bf9845cc-5491-4380-971d-60a5c36fd440@group-7DC0A196B6AC->235b1c08-2c3c-45bc-ab7f-b19a657e57f0-GrpcLogAppender: appendEntries Timeout, request=bf9845cc-5491-4380-971d-60a5c36fd440->235b1c08-2c3c-45bc-ab7f-b19a657e57f0#50-t1, previous=(t:1, i:20), leaderCommit=16, initializing? false, entries: <empty>
2019-09-17 13:46:35,658 [java.util.concurrent.ThreadPoolExecutor$Worker@5f232967[State = -1, empty queue]] WARN  server.GrpcLogAppender (GrpcLogAppender.java:timeoutAppendRequest(200)) - bf9845cc-5491-4380-971d-60a5c36fd440@group-7DC0A196B6AC->73c69e8a-9bd3-45ee-8ac9-6e361d860e2f-GrpcLogAppender: appendEntries Timeout, request=bf9845cc-5491-4380-971d-60a5c36fd440->73c69e8a-9bd3-45ee-8ac9-6e361d860e2f#50-t1, previous=(t:1, i:20), leaderCommit=16, initializing? false, entries: <empty>
2019-09-17 13:46:35,751 [grpc-default-executor-3] INFO  client.GrpcClientProtocolClient (GrpcClientProtocolClient.java:onNext(264)) - client-BB96F508478C->235b1c08-2c3c-45bc-ab7f-b19a657e57f0: receive RaftClientReply:client-BB96F508478C->235b1c08-2c3c-45bc-ab7f-b19a657e57f0@group-7DC0A196B6AC, cid=57, FAILED org.apache.ratis.protocol.NotLeaderException: Server 235b1c08-2c3c-45bc-ab7f-b19a657e57f0@group-7DC0A196B6AC is not the leader bf9845cc-5491-4380-971d-60a5c36fd440:192.168.5.130:40791, logIndex=0, commits[235b1c08-2c3c-45bc-ab7f-b19a657e57f0:c16, 73c69e8a-9bd3-45ee-8ac9-6e361d860e2f:c12, bf9845cc-5491-4380-971d-60a5c36fd440:c16]
 0.00% |█                                                                                                    |  0/1 Time: 0:04:46 0.00% |█                                                                                                    |  0/1 Time: 0:04:472019-09-17 13:46:38,158 [java.util.concurrent.ThreadPoolExecutor$Worker@5f232967[State = -1, empty queue]] WARN  server.GrpcLogAppender (GrpcLogAppender.java:timeoutAppendRequest(200)) - bf9845cc-5491-4380-971d-60a5c36fd440@group-7DC0A196B6AC->73c69e8a-9bd3-45ee-8ac9-6e361d860e2f-GrpcLogAppender: appendEntries Timeout, request=bf9845cc-5491-4380-971d-60a5c36fd440->73c69e8a-9bd3-45ee-8ac9-6e361d860e2f#51-t1, previous=(t:1, i:20), leaderCommit=16, initializing? false, entries: <empty>
2019-09-17 13:46:38,158 [java.util.concurrent.ThreadPoolExecutor$Worker@662ab04f[State = -1, empty queue]] WARN  server.GrpcLogAppender (GrpcLogAppender.java:timeoutAppendRequest(200)) - bf9845cc-5491-4380-971d-60a5c36fd440@group-7DC0A196B6AC->235b1c08-2c3c-45bc-ab7f-b19a657e57f0-GrpcLogAppender: appendEntries Timeout, request=bf9845cc-5491-4380-971d-60a5c36fd440->235b1c08-2c3c-45bc-ab7f-b19a657e57f0#51-t1, previous=(t:1, i:20), leaderCommit=16, initializing? false, entries: <empty>
 0.00% |█                                                                                                    |  0/1 Time: 0:04:48 0.00% |█                                                                                                    |  0/1 Time: 0:04:492019-09-17 13:46:40,136 [73c69e8a-9bd3-45ee-8ac9-6e361d860e2f@group-7DC0A196B6AC-SegmentedRaftLogWorker] WARN  segmented.SegmentedRaftLogWorker (SegmentedRaftLogWorker.java:getFromFuture(90)) - Timeout 7/~
org.apache.ratis.protocol.TimeoutIOException: Timeout 10s: WriteLog:17: (t:1, i:17), STATEMACHINELOGENTRY, client-BB96F508478C, cid=57-writeStateMachineData
	at org.apache.ratis.util.IOUtils.getFromFuture(IOUtils.java:87)
	at org.apache.ratis.server.raftlog.segmented.SegmentedRaftLogWorker$StateMachineDataPolicy.getFromFuture(SegmentedRaftLogWorker.java:87)
	at org.apache.ratis.server.raftlog.segmented.SegmentedRaftLogWorker$WriteLog.execute(SegmentedRaftLogWorker.java:477)
	at org.apache.ratis.server.raftlog.segmented.SegmentedRaftLogWorker.run(SegmentedRaftLogWorker.java:289)
	at java.lang.Thread.run(Thread.java:748)
Caused by: java.util.concurrent.TimeoutException
	at java.util.concurrent.CompletableFuture.timedGet(CompletableFuture.java:1771)
	at java.util.concurrent.CompletableFuture.get(CompletableFuture.java:1915)
	at org.apache.ratis.util.IOUtils.getFromFuture(IOUtils.java:79)
	... 4 more
 0.00% |█                                                                                                    |  0/1 Time: 0:04:502019-09-17 13:46:40,347 [235b1c08-2c3c-45bc-ab7f-b19a657e57f0@group-7DC0A196B6AC-SegmentedRaftLogWorker] WARN  segmented.SegmentedRaftLogWorker (SegmentedRaftLogWorker.java:getFromFuture(90)) - Timeout 7/~
org.apache.ratis.protocol.TimeoutIOException: Timeout 10s: WriteLog:19: (t:1, i:19), STATEMACHINELOGENTRY, client-BB96F508478C, cid=59-writeStateMachineData
	at org.apache.ratis.util.IOUtils.getFromFuture(IOUtils.java:87)
	at org.apache.ratis.server.raftlog.segmented.SegmentedRaftLogWorker$StateMachineDataPolicy.getFromFuture(SegmentedRaftLogWorker.java:87)
	at org.apache.ratis.server.raftlog.segmented.SegmentedRaftLogWorker$WriteLog.execute(SegmentedRaftLogWorker.java:477)
	at org.apache.ratis.server.raftlog.segmented.SegmentedRaftLogWorker.run(SegmentedRaftLogWorker.java:289)
	at java.lang.Thread.run(Thread.java:748)
Caused by: java.util.concurrent.TimeoutException
	at java.util.concurrent.CompletableFuture.timedGet(CompletableFuture.java:1771)
	at java.util.concurrent.CompletableFuture.get(CompletableFuture.java:1915)
	at org.apache.ratis.util.IOUtils.getFromFuture(IOUtils.java:79)
	... 4 more
2019-09-17 13:46:40,348 [bf9845cc-5491-4380-971d-60a5c36fd440@group-7DC0A196B6AC-SegmentedRaftLogWorker] WARN  segmented.SegmentedRaftLogWorker (SegmentedRaftLogWorker.java:getFromFuture(90)) - Timeout 7/~
org.apache.ratis.protocol.TimeoutIOException: Timeout 10s: WriteLog:19: (t:1, i:19), STATEMACHINELOGENTRY, client-BB96F508478C, cid=59-writeStateMachineData
	at org.apache.ratis.util.IOUtils.getFromFuture(IOUtils.java:87)
	at org.apache.ratis.server.raftlog.segmented.SegmentedRaftLogWorker$StateMachineDataPolicy.getFromFuture(SegmentedRaftLogWorker.java:87)
	at org.apache.ratis.server.raftlog.segmented.SegmentedRaftLogWorker$WriteLog.execute(SegmentedRaftLogWorker.java:477)
	at org.apache.ratis.server.raftlog.segmented.SegmentedRaftLogWorker.run(SegmentedRaftLogWorker.java:289)
	at java.lang.Thread.run(Thread.java:748)
Caused by: java.util.concurrent.TimeoutException
	at java.util.concurrent.CompletableFuture.timedGet(CompletableFuture.java:1771)
	at java.util.concurrent.CompletableFuture.get(CompletableFuture.java:1915)
	at org.apache.ratis.util.IOUtils.getFromFuture(IOUtils.java:79)
	... 4 more
2019-09-17 13:46:40,659 [java.util.concurrent.ThreadPoolExecutor$Worker@5f232967[State = -1, empty queue]] WARN  server.GrpcLogAppender (GrpcLogAppender.java:timeoutAppendRequest(200)) - bf9845cc-5491-4380-971d-60a5c36fd440@group-7DC0A196B6AC->73c69e8a-9bd3-45ee-8ac9-6e361d860e2f-GrpcLogAppender: appendEntries Timeout, request=bf9845cc-5491-4380-971d-60a5c36fd440->73c69e8a-9bd3-45ee-8ac9-6e361d860e2f#52-t1, previous=(t:1, i:20), leaderCommit=16, initializing? false, entries: <empty>
2019-09-17 13:46:40,659 [java.util.concurrent.ThreadPoolExecutor$Worker@662ab04f[State = -1, empty queue]] WARN  server.GrpcLogAppender (GrpcLogAppender.java:timeoutAppendRequest(200)) - bf9845cc-5491-4380-971d-60a5c36fd440@group-7DC0A196B6AC->235b1c08-2c3c-45bc-ab7f-b19a657e57f0-GrpcLogAppender: appendEntries Timeout, request=bf9845cc-5491-4380-971d-60a5c36fd440->235b1c08-2c3c-45bc-ab7f-b19a657e57f0#52-t1, previous=(t:1, i:20), leaderCommit=16, initializing? false, entries: <empty>
2019-09-17 13:46:40,789 [grpc-default-executor-3] INFO  client.GrpcClientProtocolClient (GrpcClientProtocolClient.java:onNext(264)) - client-BB96F508478C->73c69e8a-9bd3-45ee-8ac9-6e361d860e2f: receive RaftClientReply:client-BB96F508478C->73c69e8a-9bd3-45ee-8ac9-6e361d860e2f@group-7DC0A196B6AC, cid=57, FAILED org.apache.ratis.protocol.NotLeaderException: Server 73c69e8a-9bd3-45ee-8ac9-6e361d860e2f@group-7DC0A196B6AC is not the leader bf9845cc-5491-4380-971d-60a5c36fd440:192.168.5.130:40791, logIndex=0, commits[73c69e8a-9bd3-45ee-8ac9-6e361d860e2f:c16, 235b1c08-2c3c-45bc-ab7f-b19a657e57f0:c12, bf9845cc-5491-4380-971d-60a5c36fd440:c16]
 0.00% |█                                                                                                    |  0/1 Time: 0:04:51 0.00% |█                                                                                                    |  0/1 Time: 0:04:522019-09-17 13:46:43,159 [java.util.concurrent.ThreadPoolExecutor$Worker@5f232967[State = -1, empty queue]] WARN  server.GrpcLogAppender (GrpcLogAppender.java:timeoutAppendRequest(200)) - bf9845cc-5491-4380-971d-60a5c36fd440@group-7DC0A196B6AC->73c69e8a-9bd3-45ee-8ac9-6e361d860e2f-GrpcLogAppender: appendEntries Timeout, request=bf9845cc-5491-4380-971d-60a5c36fd440->73c69e8a-9bd3-45ee-8ac9-6e361d860e2f#53-t1, previous=(t:1, i:20), leaderCommit=16, initializing? false, entries: <empty>
2019-09-17 13:46:43,159 [java.util.concurrent.ThreadPoolExecutor$Worker@662ab04f[State = -1, empty queue]] WARN  server.GrpcLogAppender (GrpcLogAppender.java:timeoutAppendRequest(200)) - bf9845cc-5491-4380-971d-60a5c36fd440@group-7DC0A196B6AC->235b1c08-2c3c-45bc-ab7f-b19a657e57f0-GrpcLogAppender: appendEntries Timeout, request=bf9845cc-5491-4380-971d-60a5c36fd440->235b1c08-2c3c-45bc-ab7f-b19a657e57f0#53-t1, previous=(t:1, i:20), leaderCommit=16, initializing? false, entries: <empty>
 0.00% |█                                                                                                    |  0/1 Time: 0:04:53 0.00% |█                                                                                                    |  0/1 Time: 0:04:54 0.00% |█                                                                                                    |  0/1 Time: 0:04:552019-09-17 13:46:45,660 [java.util.concurrent.ThreadPoolExecutor$Worker@5f232967[State = -1, empty queue]] WARN  server.GrpcLogAppender (GrpcLogAppender.java:timeoutAppendRequest(200)) - bf9845cc-5491-4380-971d-60a5c36fd440@group-7DC0A196B6AC->73c69e8a-9bd3-45ee-8ac9-6e361d860e2f-GrpcLogAppender: appendEntries Timeout, request=bf9845cc-5491-4380-971d-60a5c36fd440->73c69e8a-9bd3-45ee-8ac9-6e361d860e2f#54-t1, previous=(t:1, i:20), leaderCommit=16, initializing? false, entries: <empty>
2019-09-17 13:46:45,660 [java.util.concurrent.ThreadPoolExecutor$Worker@662ab04f[State = -1, empty queue]] WARN  server.GrpcLogAppender (GrpcLogAppender.java:timeoutAppendRequest(200)) - bf9845cc-5491-4380-971d-60a5c36fd440@group-7DC0A196B6AC->235b1c08-2c3c-45bc-ab7f-b19a657e57f0-GrpcLogAppender: appendEntries Timeout, request=bf9845cc-5491-4380-971d-60a5c36fd440->235b1c08-2c3c-45bc-ab7f-b19a657e57f0#54-t1, previous=(t:1, i:20), leaderCommit=16, initializing? false, entries: <empty>
2019-09-17 13:46:45,822 [grpc-default-executor-3] INFO  client.GrpcClientProtocolClient (GrpcClientProtocolClient.java:onNext(264)) - client-BB96F508478C->235b1c08-2c3c-45bc-ab7f-b19a657e57f0: receive RaftClientReply:client-BB96F508478C->235b1c08-2c3c-45bc-ab7f-b19a657e57f0@group-7DC0A196B6AC, cid=57, FAILED org.apache.ratis.protocol.NotLeaderException: Server 235b1c08-2c3c-45bc-ab7f-b19a657e57f0@group-7DC0A196B6AC is not the leader bf9845cc-5491-4380-971d-60a5c36fd440:192.168.5.130:40791, logIndex=0, commits[235b1c08-2c3c-45bc-ab7f-b19a657e57f0:c16, 73c69e8a-9bd3-45ee-8ac9-6e361d860e2f:c12, bf9845cc-5491-4380-971d-60a5c36fd440:c16]
 0.00% |█                                                                                                    |  0/1 Time: 0:04:56 0.00% |█                                                                                                    |  0/1 Time: 0:04:572019-09-17 13:46:48,160 [java.util.concurrent.ThreadPoolExecutor$Worker@662ab04f[State = -1, empty queue]] WARN  server.GrpcLogAppender (GrpcLogAppender.java:timeoutAppendRequest(200)) - bf9845cc-5491-4380-971d-60a5c36fd440@group-7DC0A196B6AC->235b1c08-2c3c-45bc-ab7f-b19a657e57f0-GrpcLogAppender: appendEntries Timeout, request=bf9845cc-5491-4380-971d-60a5c36fd440->235b1c08-2c3c-45bc-ab7f-b19a657e57f0#55-t1, previous=(t:1, i:20), leaderCommit=16, initializing? false, entries: <empty>
2019-09-17 13:46:48,160 [java.util.concurrent.ThreadPoolExecutor$Worker@5f232967[State = -1, empty queue]] WARN  server.GrpcLogAppender (GrpcLogAppender.java:timeoutAppendRequest(200)) - bf9845cc-5491-4380-971d-60a5c36fd440@group-7DC0A196B6AC->73c69e8a-9bd3-45ee-8ac9-6e361d860e2f-GrpcLogAppender: appendEntries Timeout, request=bf9845cc-5491-4380-971d-60a5c36fd440->73c69e8a-9bd3-45ee-8ac9-6e361d860e2f#55-t1, previous=(t:1, i:20), leaderCommit=16, initializing? false, entries: <empty>
 0.00% |█                                                                                                    |  0/1 Time: 0:04:58 0.00% |█                                                                                                    |  0/1 Time: 0:04:592019-09-17 13:46:50,137 [73c69e8a-9bd3-45ee-8ac9-6e361d860e2f@group-7DC0A196B6AC-SegmentedRaftLogWorker] WARN  segmented.SegmentedRaftLogWorker (SegmentedRaftLogWorker.java:getFromFuture(90)) - Timeout 8/~
org.apache.ratis.protocol.TimeoutIOException: Timeout 10s: WriteLog:17: (t:1, i:17), STATEMACHINELOGENTRY, client-BB96F508478C, cid=57-writeStateMachineData
	at org.apache.ratis.util.IOUtils.getFromFuture(IOUtils.java:87)
	at org.apache.ratis.server.raftlog.segmented.SegmentedRaftLogWorker$StateMachineDataPolicy.getFromFuture(SegmentedRaftLogWorker.java:87)
	at org.apache.ratis.server.raftlog.segmented.SegmentedRaftLogWorker$WriteLog.execute(SegmentedRaftLogWorker.java:477)
	at org.apache.ratis.server.raftlog.segmented.SegmentedRaftLogWorker.run(SegmentedRaftLogWorker.java:289)
	at java.lang.Thread.run(Thread.java:748)
Caused by: java.util.concurrent.TimeoutException
	at java.util.concurrent.CompletableFuture.timedGet(CompletableFuture.java:1771)
	at java.util.concurrent.CompletableFuture.get(CompletableFuture.java:1915)
	at org.apache.ratis.util.IOUtils.getFromFuture(IOUtils.java:79)
	... 4 more
 0.00% |█                                                                                                    |  0/1 Time: 0:05:002019-09-17 13:46:50,349 [235b1c08-2c3c-45bc-ab7f-b19a657e57f0@group-7DC0A196B6AC-SegmentedRaftLogWorker] WARN  segmented.SegmentedRaftLogWorker (SegmentedRaftLogWorker.java:getFromFuture(90)) - Timeout 8/~
org.apache.ratis.protocol.TimeoutIOException: Timeout 10s: WriteLog:19: (t:1, i:19), STATEMACHINELOGENTRY, client-BB96F508478C, cid=59-writeStateMachineData
	at org.apache.ratis.util.IOUtils.getFromFuture(IOUtils.java:87)
	at org.apache.ratis.server.raftlog.segmented.SegmentedRaftLogWorker$StateMachineDataPolicy.getFromFuture(SegmentedRaftLogWorker.java:87)
	at org.apache.ratis.server.raftlog.segmented.SegmentedRaftLogWorker$WriteLog.execute(SegmentedRaftLogWorker.java:477)
	at org.apache.ratis.server.raftlog.segmented.SegmentedRaftLogWorker.run(SegmentedRaftLogWorker.java:289)
	at java.lang.Thread.run(Thread.java:748)
Caused by: java.util.concurrent.TimeoutException
	at java.util.concurrent.CompletableFuture.timedGet(CompletableFuture.java:1771)
	at java.util.concurrent.CompletableFuture.get(CompletableFuture.java:1915)
	at org.apache.ratis.util.IOUtils.getFromFuture(IOUtils.java:79)
	... 4 more
2019-09-17 13:46:50,349 [bf9845cc-5491-4380-971d-60a5c36fd440@group-7DC0A196B6AC-SegmentedRaftLogWorker] WARN  segmented.SegmentedRaftLogWorker (SegmentedRaftLogWorker.java:getFromFuture(90)) - Timeout 8/~
org.apache.ratis.protocol.TimeoutIOException: Timeout 10s: WriteLog:19: (t:1, i:19), STATEMACHINELOGENTRY, client-BB96F508478C, cid=59-writeStateMachineData
	at org.apache.ratis.util.IOUtils.getFromFuture(IOUtils.java:87)
	at org.apache.ratis.server.raftlog.segmented.SegmentedRaftLogWorker$StateMachineDataPolicy.getFromFuture(SegmentedRaftLogWorker.java:87)
	at org.apache.ratis.server.raftlog.segmented.SegmentedRaftLogWorker$WriteLog.execute(SegmentedRaftLogWorker.java:477)
	at org.apache.ratis.server.raftlog.segmented.SegmentedRaftLogWorker.run(SegmentedRaftLogWorker.java:289)
	at java.lang.Thread.run(Thread.java:748)
Caused by: java.util.concurrent.TimeoutException
	at java.util.concurrent.CompletableFuture.timedGet(CompletableFuture.java:1771)
	at java.util.concurrent.CompletableFuture.get(CompletableFuture.java:1915)
	at org.apache.ratis.util.IOUtils.getFromFuture(IOUtils.java:79)
	... 4 more
2019-09-17 13:46:50,660 [java.util.concurrent.ThreadPoolExecutor$Worker@662ab04f[State = -1, empty queue]] WARN  server.GrpcLogAppender (GrpcLogAppender.java:timeoutAppendRequest(200)) - bf9845cc-5491-4380-971d-60a5c36fd440@group-7DC0A196B6AC->235b1c08-2c3c-45bc-ab7f-b19a657e57f0-GrpcLogAppender: appendEntries Timeout, request=bf9845cc-5491-4380-971d-60a5c36fd440->235b1c08-2c3c-45bc-ab7f-b19a657e57f0#56-t1, previous=(t:1, i:20), leaderCommit=16, initializing? false, entries: <empty>
2019-09-17 13:46:50,660 [java.util.concurrent.ThreadPoolExecutor$Worker@5f232967[State = -1, empty queue]] WARN  server.GrpcLogAppender (GrpcLogAppender.java:timeoutAppendRequest(200)) - bf9845cc-5491-4380-971d-60a5c36fd440@group-7DC0A196B6AC->73c69e8a-9bd3-45ee-8ac9-6e361d860e2f-GrpcLogAppender: appendEntries Timeout, request=bf9845cc-5491-4380-971d-60a5c36fd440->73c69e8a-9bd3-45ee-8ac9-6e361d860e2f#56-t1, previous=(t:1, i:20), leaderCommit=16, initializing? false, entries: <empty>
2019-09-17 13:46:50,865 [grpc-default-executor-3] INFO  client.GrpcClientProtocolClient (GrpcClientProtocolClient.java:onNext(264)) - client-BB96F508478C->73c69e8a-9bd3-45ee-8ac9-6e361d860e2f: receive RaftClientReply:client-BB96F508478C->73c69e8a-9bd3-45ee-8ac9-6e361d860e2f@group-7DC0A196B6AC, cid=57, FAILED org.apache.ratis.protocol.NotLeaderException: Server 73c69e8a-9bd3-45ee-8ac9-6e361d860e2f@group-7DC0A196B6AC is not the leader bf9845cc-5491-4380-971d-60a5c36fd440:192.168.5.130:40791, logIndex=0, commits[73c69e8a-9bd3-45ee-8ac9-6e361d860e2f:c16, 235b1c08-2c3c-45bc-ab7f-b19a657e57f0:c12, bf9845cc-5491-4380-971d-60a5c36fd440:c16]
2019-09-17 13:46:51,235 [ReplicationMonitor] INFO  container.ReplicationManager (ReplicationManager.java:forceCloseContainer(464)) - Force closing container #1 with BCSID 12, which is in QUASI_CLOSED state.
2019-09-17 13:46:51,237 [ReplicationMonitor] INFO  container.ReplicationManager (ReplicationManager.java:sendCloseCommand(659)) - Sending close container command for container #1 to datanode 73c69e8a-9bd3-45ee-8ac9-6e361d860e2f{ip: 192.168.5.130, host: pr-hdds-2136-chhj8-2666454444, networkLocation: /default-rack, certSerialId: null}.
2019-09-17 13:46:51,237 [ReplicationMonitor] INFO  container.ReplicationManager (ReplicationManager.java:sendCloseCommand(659)) - Sending close container command for container #1 to datanode 235b1c08-2c3c-45bc-ab7f-b19a657e57f0{ip: 192.168.5.130, host: pr-hdds-2136-chhj8-2666454444, networkLocation: /default-rack, certSerialId: null}.
2019-09-17 13:46:51,237 [ReplicationMonitor] INFO  container.ReplicationManager (ReplicationManager.java:sendCloseCommand(659)) - Sending close container command for container #1 to datanode bf9845cc-5491-4380-971d-60a5c36fd440{ip: 192.168.5.130, host: pr-hdds-2136-chhj8-2666454444, networkLocation: /default-rack, certSerialId: null}.
2019-09-17 13:46:51,237 [ReplicationMonitor] INFO  container.ReplicationManager (ReplicationManager.java:forceCloseContainer(464)) - Force closing container #2 with BCSID 28, which is in QUASI_CLOSED state.
2019-09-17 13:46:51,238 [ReplicationMonitor] INFO  container.ReplicationManager (ReplicationManager.java:sendCloseCommand(659)) - Sending close container command for container #2 to datanode 73c69e8a-9bd3-45ee-8ac9-6e361d860e2f{ip: 192.168.5.130, host: pr-hdds-2136-chhj8-2666454444, networkLocation: /default-rack, certSerialId: null}.
2019-09-17 13:46:51,238 [ReplicationMonitor] INFO  container.ReplicationManager (ReplicationManager.java:sendCloseCommand(659)) - Sending close container command for container #2 to datanode bf9845cc-5491-4380-971d-60a5c36fd440{ip: 192.168.5.130, host: pr-hdds-2136-chhj8-2666454444, networkLocation: /default-rack, certSerialId: null}.
2019-09-17 13:46:51,238 [ReplicationMonitor] INFO  container.ReplicationManager (ReplicationManager.java:sendCloseCommand(659)) - Sending close container command for container #2 to datanode 235b1c08-2c3c-45bc-ab7f-b19a657e57f0{ip: 192.168.5.130, host: pr-hdds-2136-chhj8-2666454444, networkLocation: /default-rack, certSerialId: null}.
2019-09-17 13:46:51,238 [ReplicationMonitor] INFO  container.ReplicationManager (ReplicationManager.java:forceCloseContainer(464)) - Force closing container #3 with BCSID 0, which is in QUASI_CLOSED state.
2019-09-17 13:46:51,238 [ReplicationMonitor] INFO  container.ReplicationManager (ReplicationManager.java:sendCloseCommand(659)) - Sending close container command for container #3 to datanode 73c69e8a-9bd3-45ee-8ac9-6e361d860e2f{ip: 192.168.5.130, host: pr-hdds-2136-chhj8-2666454444, networkLocation: /default-rack, certSerialId: null}.
2019-09-17 13:46:51,238 [ReplicationMonitor] INFO  container.ReplicationManager (ReplicationManager.java:sendCloseCommand(659)) - Sending close container command for container #3 to datanode 235b1c08-2c3c-45bc-ab7f-b19a657e57f0{ip: 192.168.5.130, host: pr-hdds-2136-chhj8-2666454444, networkLocation: /default-rack, certSerialId: null}.
2019-09-17 13:46:51,238 [ReplicationMonitor] INFO  container.ReplicationManager (ReplicationManager.java:sendCloseCommand(659)) - Sending close container command for container #3 to datanode bf9845cc-5491-4380-971d-60a5c36fd440{ip: 192.168.5.130, host: pr-hdds-2136-chhj8-2666454444, networkLocation: /default-rack, certSerialId: null}.
2019-09-17 13:46:51,239 [ReplicationMonitor] INFO  container.ReplicationManager (ReplicationManager.java:run(225)) - Replication Monitor Thread took 9 milliseconds for processing 5 containers.
 0.00% |█                                                                                                    |  0/1 Time: 0:05:01 0.00% |█                                                                                                    |  0/1 Time: 0:05:022019-09-17 13:46:52,349 [Command processor thread] INFO  interfaces.Container (KeyValueContainer.java:flushAndSyncDB(386)) - Container 1 is synced with bcsId 12.
2019-09-17 13:46:52,352 [Command processor thread] INFO  interfaces.Container (KeyValueContainer.java:flushAndSyncDB(386)) - Container 1 is synced with bcsId 12.
2019-09-17 13:46:52,352 [Command processor thread] INFO  interfaces.Container (KeyValueContainer.java:flushAndSyncDB(386)) - Container 1 is synced with bcsId 12.
2019-09-17 13:46:52,352 [Command processor thread] INFO  interfaces.Container (KeyValueContainer.java:flushAndSyncDB(386)) - Container 1 is synced with bcsId 12.
2019-09-17 13:46:52,356 [Command processor thread] INFO  interfaces.Container (KeyValueContainer.java:flushAndSyncDB(386)) - Container 1 is synced with bcsId 12.
2019-09-17 13:46:52,356 [Command processor thread] INFO  interfaces.Container (KeyValueContainer.java:flushAndSyncDB(386)) - Container 1 is synced with bcsId 12.
2019-09-17 13:46:52,377 [Command processor thread] INFO  interfaces.Container (KeyValueContainer.java:close(335)) - Container 1 is closed with bcsId 12.
2019-09-17 13:46:52,378 [Command processor thread] INFO  interfaces.Container (KeyValueContainer.java:close(335)) - Container 1 is closed with bcsId 12.
2019-09-17 13:46:52,378 [Command processor thread] INFO  interfaces.Container (KeyValueContainer.java:flushAndSyncDB(386)) - Container 2 is synced with bcsId 28.
2019-09-17 13:46:52,378 [Command processor thread] INFO  interfaces.Container (KeyValueContainer.java:close(335)) - Container 1 is closed with bcsId 12.
2019-09-17 13:46:52,378 [Command processor thread] INFO  interfaces.Container (KeyValueContainer.java:flushAndSyncDB(386)) - Container 2 is synced with bcsId 28.
2019-09-17 13:46:52,378 [Command processor thread] INFO  interfaces.Container (KeyValueContainer.java:flushAndSyncDB(386)) - Container 2 is synced with bcsId 28.
2019-09-17 13:46:52,378 [Command processor thread] INFO  interfaces.Container (KeyValueContainer.java:flushAndSyncDB(386)) - Container 2 is synced with bcsId 28.
2019-09-17 13:46:52,378 [Command processor thread] INFO  interfaces.Container (KeyValueContainer.java:flushAndSyncDB(386)) - Container 2 is synced with bcsId 28.
2019-09-17 13:46:52,379 [Command processor thread] INFO  interfaces.Container (KeyValueContainer.java:flushAndSyncDB(386)) - Container 2 is synced with bcsId 28.
2019-09-17 13:46:52,379 [EventQueue-IncrementalContainerReportForIncrementalContainerReportHandler] INFO  container.IncrementalContainerReportHandler (AbstractContainerReportHandler.java:updateContainerState(202)) - Moving container #1 to CLOSED state, datanode bf9845cc-5491-4380-971d-60a5c36fd440{ip: 192.168.5.130, host: pr-hdds-2136-chhj8-2666454444, networkLocation: /default-rack, certSerialId: null} reported CLOSED replica.
2019-09-17 13:46:52,402 [Command processor thread] INFO  interfaces.Container (KeyValueContainer.java:close(335)) - Container 2 is closed with bcsId 28.
2019-09-17 13:46:52,402 [Command processor thread] INFO  interfaces.Container (KeyValueContainer.java:close(335)) - Container 2 is closed with bcsId 28.
2019-09-17 13:46:52,402 [Command processor thread] INFO  interfaces.Container (KeyValueContainer.java:close(335)) - Container 2 is closed with bcsId 28.
2019-09-17 13:46:52,402 [Command processor thread] INFO  interfaces.Container (KeyValueContainer.java:flushAndSyncDB(386)) - Container 3 is synced with bcsId 0.
2019-09-17 13:46:52,402 [Command processor thread] INFO  interfaces.Container (KeyValueContainer.java:flushAndSyncDB(386)) - Container 3 is synced with bcsId 0.
2019-09-17 13:46:52,402 [Command processor thread] INFO  interfaces.Container (KeyValueContainer.java:flushAndSyncDB(386)) - Container 3 is synced with bcsId 0.
2019-09-17 13:46:52,402 [Command processor thread] INFO  interfaces.Container (KeyValueContainer.java:flushAndSyncDB(386)) - Container 3 is synced with bcsId 0.
2019-09-17 13:46:52,402 [Command processor thread] INFO  interfaces.Container (KeyValueContainer.java:flushAndSyncDB(386)) - Container 3 is synced with bcsId 0.
2019-09-17 13:46:52,403 [EventQueue-IncrementalContainerReportForIncrementalContainerReportHandler] INFO  container.IncrementalContainerReportHandler (AbstractContainerReportHandler.java:updateContainerState(202)) - Moving container #2 to CLOSED state, datanode bf9845cc-5491-4380-971d-60a5c36fd440{ip: 192.168.5.130, host: pr-hdds-2136-chhj8-2666454444, networkLocation: /default-rack, certSerialId: null} reported CLOSED replica.
2019-09-17 13:46:52,403 [Command processor thread] INFO  interfaces.Container (KeyValueContainer.java:flushAndSyncDB(386)) - Container 3 is synced with bcsId 0.
2019-09-17 13:46:52,427 [Command processor thread] INFO  interfaces.Container (KeyValueContainer.java:close(335)) - Container 3 is closed with bcsId 0.
2019-09-17 13:46:52,427 [Command processor thread] INFO  interfaces.Container (KeyValueContainer.java:close(335)) - Container 3 is closed with bcsId 0.
2019-09-17 13:46:52,427 [Command processor thread] INFO  interfaces.Container (KeyValueContainer.java:close(335)) - Container 3 is closed with bcsId 0.
2019-09-17 13:46:52,428 [EventQueue-IncrementalContainerReportForIncrementalContainerReportHandler] INFO  container.IncrementalContainerReportHandler (AbstractContainerReportHandler.java:updateContainerState(202)) - Moving container #3 to CLOSED state, datanode bf9845cc-5491-4380-971d-60a5c36fd440{ip: 192.168.5.130, host: pr-hdds-2136-chhj8-2666454444, networkLocation: /default-rack, certSerialId: null} reported CLOSED replica.
2019-09-17 13:46:53,161 [java.util.concurrent.ThreadPoolExecutor$Worker@662ab04f[State = -1, empty queue]] WARN  server.GrpcLogAppender (GrpcLogAppender.java:timeoutAppendRequest(200)) - bf9845cc-5491-4380-971d-60a5c36fd440@group-7DC0A196B6AC->235b1c08-2c3c-45bc-ab7f-b19a657e57f0-GrpcLogAppender: appendEntries Timeout, request=bf9845cc-5491-4380-971d-60a5c36fd440->235b1c08-2c3c-45bc-ab7f-b19a657e57f0#57-t1, previous=(t:1, i:20), leaderCommit=16, initializing? false, entries: <empty>
2019-09-17 13:46:53,161 [java.util.concurrent.ThreadPoolExecutor$Worker@5f232967[State = -1, empty queue]] WARN  server.GrpcLogAppender (GrpcLogAppender.java:timeoutAppendRequest(200)) - bf9845cc-5491-4380-971d-60a5c36fd440@group-7DC0A196B6AC->73c69e8a-9bd3-45ee-8ac9-6e361d860e2f-GrpcLogAppender: appendEntries Timeout, request=bf9845cc-5491-4380-971d-60a5c36fd440->73c69e8a-9bd3-45ee-8ac9-6e361d860e2f#57-t1, previous=(t:1, i:20), leaderCommit=16, initializing? false, entries: <empty>
 0.00% |█                                                                                                    |  0/1 Time: 0:05:03 0.00% |█                                                                                                    |  0/1 Time: 0:05:04 0.00% |█                                                                                                    |  0/1 Time: 0:05:052019-09-17 13:46:55,661 [java.util.concurrent.ThreadPoolExecutor$Worker@5f232967[State = -1, empty queue]] WARN  server.GrpcLogAppender (GrpcLogAppender.java:timeoutAppendRequest(200)) - bf9845cc-5491-4380-971d-60a5c36fd440@group-7DC0A196B6AC->73c69e8a-9bd3-45ee-8ac9-6e361d860e2f-GrpcLogAppender: appendEntries Timeout, request=bf9845cc-5491-4380-971d-60a5c36fd440->73c69e8a-9bd3-45ee-8ac9-6e361d860e2f#58-t1, previous=(t:1, i:20), leaderCommit=16, initializing? false, entries: <empty>
2019-09-17 13:46:55,661 [java.util.concurrent.ThreadPoolExecutor$Worker@662ab04f[State = -1, empty queue]] WARN  server.GrpcLogAppender (GrpcLogAppender.java:timeoutAppendRequest(200)) - bf9845cc-5491-4380-971d-60a5c36fd440@group-7DC0A196B6AC->235b1c08-2c3c-45bc-ab7f-b19a657e57f0-GrpcLogAppender: appendEntries Timeout, request=bf9845cc-5491-4380-971d-60a5c36fd440->235b1c08-2c3c-45bc-ab7f-b19a657e57f0#58-t1, previous=(t:1, i:20), leaderCommit=16, initializing? false, entries: <empty>
2019-09-17 13:46:55,925 [grpc-default-executor-5] INFO  client.GrpcClientProtocolClient (GrpcClientProtocolClient.java:onNext(264)) - client-BB96F508478C->73c69e8a-9bd3-45ee-8ac9-6e361d860e2f: receive RaftClientReply:client-BB96F508478C->73c69e8a-9bd3-45ee-8ac9-6e361d860e2f@group-7DC0A196B6AC, cid=57, FAILED org.apache.ratis.protocol.NotLeaderException: Server 73c69e8a-9bd3-45ee-8ac9-6e361d860e2f@group-7DC0A196B6AC is not the leader bf9845cc-5491-4380-971d-60a5c36fd440:192.168.5.130:40791, logIndex=0, commits[73c69e8a-9bd3-45ee-8ac9-6e361d860e2f:c16, 235b1c08-2c3c-45bc-ab7f-b19a657e57f0:c12, bf9845cc-5491-4380-971d-60a5c36fd440:c16]
 0.00% |█                                                                                                    |  0/1 Time: 0:05:06 0.00% |█                                                                                                    |  0/1 Time: 0:05:072019-09-17 13:46:58,162 [java.util.concurrent.ThreadPoolExecutor$Worker@662ab04f[State = -1, empty queue]] WARN  server.GrpcLogAppender (GrpcLogAppender.java:timeoutAppendRequest(200)) - bf9845cc-5491-4380-971d-60a5c36fd440@group-7DC0A196B6AC->235b1c08-2c3c-45bc-ab7f-b19a657e57f0-GrpcLogAppender: appendEntries Timeout, request=bf9845cc-5491-4380-971d-60a5c36fd440->235b1c08-2c3c-45bc-ab7f-b19a657e57f0#59-t1, previous=(t:1, i:20), leaderCommit=16, initializing? false, entries: <empty>
2019-09-17 13:46:58,162 [java.util.concurrent.ThreadPoolExecutor$Worker@5f232967[State = -1, empty queue]] WARN  server.GrpcLogAppender (GrpcLogAppender.java:timeoutAppendRequest(200)) - bf9845cc-5491-4380-971d-60a5c36fd440@group-7DC0A196B6AC->73c69e8a-9bd3-45ee-8ac9-6e361d860e2f-GrpcLogAppender: appendEntries Timeout, request=bf9845cc-5491-4380-971d-60a5c36fd440->73c69e8a-9bd3-45ee-8ac9-6e361d860e2f#59-t1, previous=(t:1, i:20), leaderCommit=16, initializing? false, entries: <empty>
 0.00% |█                                                                                                    |  0/1 Time: 0:05:08 0.00% |█                                                                                                    |  0/1 Time: 0:05:092019-09-17 13:47:00,139 [73c69e8a-9bd3-45ee-8ac9-6e361d860e2f@group-7DC0A196B6AC-SegmentedRaftLogWorker] WARN  segmented.SegmentedRaftLogWorker (SegmentedRaftLogWorker.java:getFromFuture(90)) - Timeout 9/~
org.apache.ratis.protocol.TimeoutIOException: Timeout 10s: WriteLog:17: (t:1, i:17), STATEMACHINELOGENTRY, client-BB96F508478C, cid=57-writeStateMachineData
	at org.apache.ratis.util.IOUtils.getFromFuture(IOUtils.java:87)
	at org.apache.ratis.server.raftlog.segmented.SegmentedRaftLogWorker$StateMachineDataPolicy.getFromFuture(SegmentedRaftLogWorker.java:87)
	at org.apache.ratis.server.raftlog.segmented.SegmentedRaftLogWorker$WriteLog.execute(SegmentedRaftLogWorker.java:477)
	at org.apache.ratis.server.raftlog.segmented.SegmentedRaftLogWorker.run(SegmentedRaftLogWorker.java:289)
	at java.lang.Thread.run(Thread.java:748)
Caused by: java.util.concurrent.TimeoutException
	at java.util.concurrent.CompletableFuture.timedGet(CompletableFuture.java:1771)
	at java.util.concurrent.CompletableFuture.get(CompletableFuture.java:1915)
	at org.apache.ratis.util.IOUtils.getFromFuture(IOUtils.java:79)
	... 4 more
 0.00% |█                                                                                                    |  0/1 Time: 0:05:102019-09-17 13:47:00,350 [235b1c08-2c3c-45bc-ab7f-b19a657e57f0@group-7DC0A196B6AC-SegmentedRaftLogWorker] WARN  segmented.SegmentedRaftLogWorker (SegmentedRaftLogWorker.java:getFromFuture(90)) - Timeout 9/~
org.apache.ratis.protocol.TimeoutIOException: Timeout 10s: WriteLog:19: (t:1, i:19), STATEMACHINELOGENTRY, client-BB96F508478C, cid=59-writeStateMachineData
	at org.apache.ratis.util.IOUtils.getFromFuture(IOUtils.java:87)
	at org.apache.ratis.server.raftlog.segmented.SegmentedRaftLogWorker$StateMachineDataPolicy.getFromFuture(SegmentedRaftLogWorker.java:87)
	at org.apache.ratis.server.raftlog.segmented.SegmentedRaftLogWorker$WriteLog.execute(SegmentedRaftLogWorker.java:477)
	at org.apache.ratis.server.raftlog.segmented.SegmentedRaftLogWorker.run(SegmentedRaftLogWorker.java:289)
	at java.lang.Thread.run(Thread.java:748)
Caused by: java.util.concurrent.TimeoutException
	at java.util.concurrent.CompletableFuture.timedGet(CompletableFuture.java:1771)
	at java.util.concurrent.CompletableFuture.get(CompletableFuture.java:1915)
	at org.apache.ratis.util.IOUtils.getFromFuture(IOUtils.java:79)
	... 4 more
2019-09-17 13:47:00,350 [bf9845cc-5491-4380-971d-60a5c36fd440@group-7DC0A196B6AC-SegmentedRaftLogWorker] WARN  segmented.SegmentedRaftLogWorker (SegmentedRaftLogWorker.java:getFromFuture(90)) - Timeout 9/~
org.apache.ratis.protocol.TimeoutIOException: Timeout 10s: WriteLog:19: (t:1, i:19), STATEMACHINELOGENTRY, client-BB96F508478C, cid=59-writeStateMachineData
	at org.apache.ratis.util.IOUtils.getFromFuture(IOUtils.java:87)
	at org.apache.ratis.server.raftlog.segmented.SegmentedRaftLogWorker$StateMachineDataPolicy.getFromFuture(SegmentedRaftLogWorker.java:87)
	at org.apache.ratis.server.raftlog.segmented.SegmentedRaftLogWorker$WriteLog.execute(SegmentedRaftLogWorker.java:477)
	at org.apache.ratis.server.raftlog.segmented.SegmentedRaftLogWorker.run(SegmentedRaftLogWorker.java:289)
	at java.lang.Thread.run(Thread.java:748)
Caused by: java.util.concurrent.TimeoutException
	at java.util.concurrent.CompletableFuture.timedGet(CompletableFuture.java:1771)
	at java.util.concurrent.CompletableFuture.get(CompletableFuture.java:1915)
	at org.apache.ratis.util.IOUtils.getFromFuture(IOUtils.java:79)
	... 4 more
2019-09-17 13:47:00,663 [java.util.concurrent.ThreadPoolExecutor$Worker@5f232967[State = -1, empty queue]] WARN  server.GrpcLogAppender (GrpcLogAppender.java:timeoutAppendRequest(200)) - bf9845cc-5491-4380-971d-60a5c36fd440@group-7DC0A196B6AC->73c69e8a-9bd3-45ee-8ac9-6e361d860e2f-GrpcLogAppender: appendEntries Timeout, request=bf9845cc-5491-4380-971d-60a5c36fd440->73c69e8a-9bd3-45ee-8ac9-6e361d860e2f#60-t1, previous=(t:1, i:20), leaderCommit=16, initializing? false, entries: <empty>
2019-09-17 13:47:00,663 [java.util.concurrent.ThreadPoolExecutor$Worker@662ab04f[State = -1, empty queue]] WARN  server.GrpcLogAppender (GrpcLogAppender.java:timeoutAppendRequest(200)) - bf9845cc-5491-4380-971d-60a5c36fd440@group-7DC0A196B6AC->235b1c08-2c3c-45bc-ab7f-b19a657e57f0-GrpcLogAppender: appendEntries Timeout, request=bf9845cc-5491-4380-971d-60a5c36fd440->235b1c08-2c3c-45bc-ab7f-b19a657e57f0#60-t1, previous=(t:1, i:20), leaderCommit=16, initializing? false, entries: <empty>
2019-09-17 13:47:00,980 [grpc-default-executor-5] INFO  client.GrpcClientProtocolClient (GrpcClientProtocolClient.java:onNext(264)) - client-BB96F508478C->235b1c08-2c3c-45bc-ab7f-b19a657e57f0: receive RaftClientReply:client-BB96F508478C->235b1c08-2c3c-45bc-ab7f-b19a657e57f0@group-7DC0A196B6AC, cid=57, FAILED org.apache.ratis.protocol.NotLeaderException: Server 235b1c08-2c3c-45bc-ab7f-b19a657e57f0@group-7DC0A196B6AC is not the leader bf9845cc-5491-4380-971d-60a5c36fd440:192.168.5.130:40791, logIndex=0, commits[235b1c08-2c3c-45bc-ab7f-b19a657e57f0:c16, 73c69e8a-9bd3-45ee-8ac9-6e361d860e2f:c12, bf9845cc-5491-4380-971d-60a5c36fd440:c16]
 0.00% |█                                                                                                    |  0/1 Time: 0:05:11 0.00% |█                                                                                                    |  0/1 Time: 0:05:122019-09-17 13:47:03,163 [java.util.concurrent.ThreadPoolExecutor$Worker@5f232967[State = -1, empty queue]] WARN  server.GrpcLogAppender (GrpcLogAppender.java:timeoutAppendRequest(200)) - bf9845cc-5491-4380-971d-60a5c36fd440@group-7DC0A196B6AC->73c69e8a-9bd3-45ee-8ac9-6e361d860e2f-GrpcLogAppender: appendEntries Timeout, request=bf9845cc-5491-4380-971d-60a5c36fd440->73c69e8a-9bd3-45ee-8ac9-6e361d860e2f#61-t1, previous=(t:1, i:20), leaderCommit=16, initializing? false, entries: <empty>
2019-09-17 13:47:03,163 [java.util.concurrent.ThreadPoolExecutor$Worker@662ab04f[State = -1, empty queue]] WARN  server.GrpcLogAppender (GrpcLogAppender.java:timeoutAppendRequest(200)) - bf9845cc-5491-4380-971d-60a5c36fd440@group-7DC0A196B6AC->235b1c08-2c3c-45bc-ab7f-b19a657e57f0-GrpcLogAppender: appendEntries Timeout, request=bf9845cc-5491-4380-971d-60a5c36fd440->235b1c08-2c3c-45bc-ab7f-b19a657e57f0#61-t1, previous=(t:1, i:20), leaderCommit=16, initializing? false, entries: <empty>
 0.00% |█                                                                                                    |  0/1 Time: 0:05:13 0.00% |█                                                                                                    |  0/1 Time: 0:05:14 0.00% |█                                                                                                    |  0/1 Time: 0:05:152019-09-17 13:47:05,664 [java.util.concurrent.ThreadPoolExecutor$Worker@5f232967[State = -1, empty queue]] WARN  server.GrpcLogAppender (GrpcLogAppender.java:timeoutAppendRequest(200)) - bf9845cc-5491-4380-971d-60a5c36fd440@group-7DC0A196B6AC->73c69e8a-9bd3-45ee-8ac9-6e361d860e2f-GrpcLogAppender: appendEntries Timeout, request=bf9845cc-5491-4380-971d-60a5c36fd440->73c69e8a-9bd3-45ee-8ac9-6e361d860e2f#62-t1, previous=(t:1, i:20), leaderCommit=16, initializing? false, entries: <empty>
2019-09-17 13:47:05,664 [java.util.concurrent.ThreadPoolExecutor$Worker@662ab04f[State = -1, empty queue]] WARN  server.GrpcLogAppender (GrpcLogAppender.java:timeoutAppendRequest(200)) - bf9845cc-5491-4380-971d-60a5c36fd440@group-7DC0A196B6AC->235b1c08-2c3c-45bc-ab7f-b19a657e57f0-GrpcLogAppender: appendEntries Timeout, request=bf9845cc-5491-4380-971d-60a5c36fd440->235b1c08-2c3c-45bc-ab7f-b19a657e57f0#62-t1, previous=(t:1, i:20), leaderCommit=16, initializing? false, entries: <empty>
2019-09-17 13:47:06,024 [grpc-default-executor-3] INFO  client.GrpcClientProtocolClient (GrpcClientProtocolClient.java:onNext(264)) - client-BB96F508478C->235b1c08-2c3c-45bc-ab7f-b19a657e57f0: receive RaftClientReply:client-BB96F508478C->235b1c08-2c3c-45bc-ab7f-b19a657e57f0@group-7DC0A196B6AC, cid=57, FAILED org.apache.ratis.protocol.NotLeaderException: Server 235b1c08-2c3c-45bc-ab7f-b19a657e57f0@group-7DC0A196B6AC is not the leader bf9845cc-5491-4380-971d-60a5c36fd440:192.168.5.130:40791, logIndex=0, commits[235b1c08-2c3c-45bc-ab7f-b19a657e57f0:c16, 73c69e8a-9bd3-45ee-8ac9-6e361d860e2f:c12, bf9845cc-5491-4380-971d-60a5c36fd440:c16]
 0.00% |█                                                                                                    |  0/1 Time: 0:05:16 0.00% |█                                                                                                    |  0/1 Time: 0:05:172019-09-17 13:47:08,165 [java.util.concurrent.ThreadPoolExecutor$Worker@5f232967[State = -1, empty queue]] WARN  server.GrpcLogAppender (GrpcLogAppender.java:timeoutAppendRequest(200)) - bf9845cc-5491-4380-971d-60a5c36fd440@group-7DC0A196B6AC->73c69e8a-9bd3-45ee-8ac9-6e361d860e2f-GrpcLogAppender: appendEntries Timeout, request=bf9845cc-5491-4380-971d-60a5c36fd440->73c69e8a-9bd3-45ee-8ac9-6e361d860e2f#63-t1, previous=(t:1, i:20), leaderCommit=16, initializing? false, entries: <empty>
2019-09-17 13:47:08,165 [java.util.concurrent.ThreadPoolExecutor$Worker@662ab04f[State = -1, empty queue]] WARN  server.GrpcLogAppender (GrpcLogAppender.java:timeoutAppendRequest(200)) - bf9845cc-5491-4380-971d-60a5c36fd440@group-7DC0A196B6AC->235b1c08-2c3c-45bc-ab7f-b19a657e57f0-GrpcLogAppender: appendEntries Timeout, request=bf9845cc-5491-4380-971d-60a5c36fd440->235b1c08-2c3c-45bc-ab7f-b19a657e57f0#63-t1, previous=(t:1, i:20), leaderCommit=16, initializing? false, entries: <empty>
 0.00% |█                                                                                                    |  0/1 Time: 0:05:18 0.00% |█                                                                                                    |  0/1 Time: 0:05:192019-09-17 13:47:10,140 [73c69e8a-9bd3-45ee-8ac9-6e361d860e2f@group-7DC0A196B6AC-SegmentedRaftLogWorker] WARN  segmented.SegmentedRaftLogWorker (SegmentedRaftLogWorker.java:getFromFuture(90)) - Timeout 10/~
org.apache.ratis.protocol.TimeoutIOException: Timeout 10s: WriteLog:17: (t:1, i:17), STATEMACHINELOGENTRY, client-BB96F508478C, cid=57-writeStateMachineData
	at org.apache.ratis.util.IOUtils.getFromFuture(IOUtils.java:87)
	at org.apache.ratis.server.raftlog.segmented.SegmentedRaftLogWorker$StateMachineDataPolicy.getFromFuture(SegmentedRaftLogWorker.java:87)
	at org.apache.ratis.server.raftlog.segmented.SegmentedRaftLogWorker$WriteLog.execute(SegmentedRaftLogWorker.java:477)
	at org.apache.ratis.server.raftlog.segmented.SegmentedRaftLogWorker.run(SegmentedRaftLogWorker.java:289)
	at java.lang.Thread.run(Thread.java:748)
Caused by: java.util.concurrent.TimeoutException
	at java.util.concurrent.CompletableFuture.timedGet(CompletableFuture.java:1771)
	at java.util.concurrent.CompletableFuture.get(CompletableFuture.java:1915)
	at org.apache.ratis.util.IOUtils.getFromFuture(IOUtils.java:79)
	... 4 more
 0.00% |█                                                                                                    |  0/1 Time: 0:05:202019-09-17 13:47:10,351 [235b1c08-2c3c-45bc-ab7f-b19a657e57f0@group-7DC0A196B6AC-SegmentedRaftLogWorker] WARN  segmented.SegmentedRaftLogWorker (SegmentedRaftLogWorker.java:getFromFuture(90)) - Timeout 10/~
org.apache.ratis.protocol.TimeoutIOException: Timeout 10s: WriteLog:19: (t:1, i:19), STATEMACHINELOGENTRY, client-BB96F508478C, cid=59-writeStateMachineData
	at org.apache.ratis.util.IOUtils.getFromFuture(IOUtils.java:87)
	at org.apache.ratis.server.raftlog.segmented.SegmentedRaftLogWorker$StateMachineDataPolicy.getFromFuture(SegmentedRaftLogWorker.java:87)
	at org.apache.ratis.server.raftlog.segmented.SegmentedRaftLogWorker$WriteLog.execute(SegmentedRaftLogWorker.java:477)
	at org.apache.ratis.server.raftlog.segmented.SegmentedRaftLogWorker.run(SegmentedRaftLogWorker.java:289)
	at java.lang.Thread.run(Thread.java:748)
Caused by: java.util.concurrent.TimeoutException
	at java.util.concurrent.CompletableFuture.timedGet(CompletableFuture.java:1771)
	at java.util.concurrent.CompletableFuture.get(CompletableFuture.java:1915)
	at org.apache.ratis.util.IOUtils.getFromFuture(IOUtils.java:79)
	... 4 more
2019-09-17 13:47:10,351 [bf9845cc-5491-4380-971d-60a5c36fd440@group-7DC0A196B6AC-SegmentedRaftLogWorker] WARN  segmented.SegmentedRaftLogWorker (SegmentedRaftLogWorker.java:getFromFuture(90)) - Timeout 10/~
org.apache.ratis.protocol.TimeoutIOException: Timeout 10s: WriteLog:19: (t:1, i:19), STATEMACHINELOGENTRY, client-BB96F508478C, cid=59-writeStateMachineData
	at org.apache.ratis.util.IOUtils.getFromFuture(IOUtils.java:87)
	at org.apache.ratis.server.raftlog.segmented.SegmentedRaftLogWorker$StateMachineDataPolicy.getFromFuture(SegmentedRaftLogWorker.java:87)
	at org.apache.ratis.server.raftlog.segmented.SegmentedRaftLogWorker$WriteLog.execute(SegmentedRaftLogWorker.java:477)
	at org.apache.ratis.server.raftlog.segmented.SegmentedRaftLogWorker.run(SegmentedRaftLogWorker.java:289)
	at java.lang.Thread.run(Thread.java:748)
Caused by: java.util.concurrent.TimeoutException
	at java.util.concurrent.CompletableFuture.timedGet(CompletableFuture.java:1771)
	at java.util.concurrent.CompletableFuture.get(CompletableFuture.java:1915)
	at org.apache.ratis.util.IOUtils.getFromFuture(IOUtils.java:79)
	... 4 more
2019-09-17 13:47:10,665 [java.util.concurrent.ThreadPoolExecutor$Worker@662ab04f[State = -1, empty queue]] WARN  server.GrpcLogAppender (GrpcLogAppender.java:timeoutAppendRequest(200)) - bf9845cc-5491-4380-971d-60a5c36fd440@group-7DC0A196B6AC->235b1c08-2c3c-45bc-ab7f-b19a657e57f0-GrpcLogAppender: appendEntries Timeout, request=bf9845cc-5491-4380-971d-60a5c36fd440->235b1c08-2c3c-45bc-ab7f-b19a657e57f0#64-t1, previous=(t:1, i:20), leaderCommit=16, initializing? false, entries: <empty>
2019-09-17 13:47:10,665 [java.util.concurrent.ThreadPoolExecutor$Worker@5f232967[State = -1, empty queue]] WARN  server.GrpcLogAppender (GrpcLogAppender.java:timeoutAppendRequest(200)) - bf9845cc-5491-4380-971d-60a5c36fd440@group-7DC0A196B6AC->73c69e8a-9bd3-45ee-8ac9-6e361d860e2f-GrpcLogAppender: appendEntries Timeout, request=bf9845cc-5491-4380-971d-60a5c36fd440->73c69e8a-9bd3-45ee-8ac9-6e361d860e2f#64-t1, previous=(t:1, i:20), leaderCommit=16, initializing? false, entries: <empty>
2019-09-17 13:47:11,053 [grpc-default-executor-3] INFO  client.GrpcClientProtocolClient (GrpcClientProtocolClient.java:onNext(264)) - client-BB96F508478C->235b1c08-2c3c-45bc-ab7f-b19a657e57f0: receive RaftClientReply:client-BB96F508478C->235b1c08-2c3c-45bc-ab7f-b19a657e57f0@group-7DC0A196B6AC, cid=57, FAILED org.apache.ratis.protocol.NotLeaderException: Server 235b1c08-2c3c-45bc-ab7f-b19a657e57f0@group-7DC0A196B6AC is not the leader bf9845cc-5491-4380-971d-60a5c36fd440:192.168.5.130:40791, logIndex=0, commits[235b1c08-2c3c-45bc-ab7f-b19a657e57f0:c16, 73c69e8a-9bd3-45ee-8ac9-6e361d860e2f:c12, bf9845cc-5491-4380-971d-60a5c36fd440:c16]
 0.00% |█                                                                                                    |  0/1 Time: 0:05:21 0.00% |█                                                                                                    |  0/1 Time: 0:05:222019-09-17 13:47:13,165 [java.util.concurrent.ThreadPoolExecutor$Worker@662ab04f[State = -1, empty queue]] WARN  server.GrpcLogAppender (GrpcLogAppender.java:timeoutAppendRequest(200)) - bf9845cc-5491-4380-971d-60a5c36fd440@group-7DC0A196B6AC->235b1c08-2c3c-45bc-ab7f-b19a657e57f0-GrpcLogAppender: appendEntries Timeout, request=bf9845cc-5491-4380-971d-60a5c36fd440->235b1c08-2c3c-45bc-ab7f-b19a657e57f0#65-t1, previous=(t:1, i:20), leaderCommit=16, initializing? false, entries: <empty>
2019-09-17 13:47:13,165 [java.util.concurrent.ThreadPoolExecutor$Worker@5f232967[State = -1, empty queue]] WARN  server.GrpcLogAppender (GrpcLogAppender.java:timeoutAppendRequest(200)) - bf9845cc-5491-4380-971d-60a5c36fd440@group-7DC0A196B6AC->73c69e8a-9bd3-45ee-8ac9-6e361d860e2f-GrpcLogAppender: appendEntries Timeout, request=bf9845cc-5491-4380-971d-60a5c36fd440->73c69e8a-9bd3-45ee-8ac9-6e361d860e2f#65-t1, previous=(t:1, i:20), leaderCommit=16, initializing? false, entries: <empty>
 0.00% |█                                                                                                    |  0/1 Time: 0:05:23 0.00% |█                                                                                                    |  0/1 Time: 0:05:24 0.00% |█                                                                                                    |  0/1 Time: 0:05:252019-09-17 13:47:15,666 [java.util.concurrent.ThreadPoolExecutor$Worker@662ab04f[State = -1, empty queue]] WARN  server.GrpcLogAppender (GrpcLogAppender.java:timeoutAppendRequest(200)) - bf9845cc-5491-4380-971d-60a5c36fd440@group-7DC0A196B6AC->235b1c08-2c3c-45bc-ab7f-b19a657e57f0-GrpcLogAppender: appendEntries Timeout, request=bf9845cc-5491-4380-971d-60a5c36fd440->235b1c08-2c3c-45bc-ab7f-b19a657e57f0#66-t1, previous=(t:1, i:20), leaderCommit=16, initializing? false, entries: <empty>
2019-09-17 13:47:15,666 [java.util.concurrent.ThreadPoolExecutor$Worker@5f232967[State = -1, empty queue]] WARN  server.GrpcLogAppender (GrpcLogAppender.java:timeoutAppendRequest(200)) - bf9845cc-5491-4380-971d-60a5c36fd440@group-7DC0A196B6AC->73c69e8a-9bd3-45ee-8ac9-6e361d860e2f-GrpcLogAppender: appendEntries Timeout, request=bf9845cc-5491-4380-971d-60a5c36fd440->73c69e8a-9bd3-45ee-8ac9-6e361d860e2f#66-t1, previous=(t:1, i:20), leaderCommit=16, initializing? false, entries: <empty>
2019-09-17 13:47:16,083 [grpc-default-executor-3] INFO  client.GrpcClientProtocolClient (GrpcClientProtocolClient.java:onNext(264)) - client-BB96F508478C->235b1c08-2c3c-45bc-ab7f-b19a657e57f0: receive RaftClientReply:client-BB96F508478C->235b1c08-2c3c-45bc-ab7f-b19a657e57f0@group-7DC0A196B6AC, cid=57, FAILED org.apache.ratis.protocol.NotLeaderException: Server 235b1c08-2c3c-45bc-ab7f-b19a657e57f0@group-7DC0A196B6AC is not the leader bf9845cc-5491-4380-971d-60a5c36fd440:192.168.5.130:40791, logIndex=0, commits[235b1c08-2c3c-45bc-ab7f-b19a657e57f0:c16, 73c69e8a-9bd3-45ee-8ac9-6e361d860e2f:c12, bf9845cc-5491-4380-971d-60a5c36fd440:c16]
 0.00% |█                                                                                                    |  0/1 Time: 0:05:26 0.00% |█                                                                                                    |  0/1 Time: 0:05:272019-09-17 13:47:18,166 [java.util.concurrent.ThreadPoolExecutor$Worker@662ab04f[State = -1, empty queue]] WARN  server.GrpcLogAppender (GrpcLogAppender.java:timeoutAppendRequest(200)) - bf9845cc-5491-4380-971d-60a5c36fd440@group-7DC0A196B6AC->235b1c08-2c3c-45bc-ab7f-b19a657e57f0-GrpcLogAppender: appendEntries Timeout, request=bf9845cc-5491-4380-971d-60a5c36fd440->235b1c08-2c3c-45bc-ab7f-b19a657e57f0#67-t1, previous=(t:1, i:20), leaderCommit=16, initializing? false, entries: <empty>
2019-09-17 13:47:18,166 [java.util.concurrent.ThreadPoolExecutor$Worker@5f232967[State = -1, empty queue]] WARN  server.GrpcLogAppender (GrpcLogAppender.java:timeoutAppendRequest(200)) - bf9845cc-5491-4380-971d-60a5c36fd440@group-7DC0A196B6AC->73c69e8a-9bd3-45ee-8ac9-6e361d860e2f-GrpcLogAppender: appendEntries Timeout, request=bf9845cc-5491-4380-971d-60a5c36fd440->73c69e8a-9bd3-45ee-8ac9-6e361d860e2f#67-t1, previous=(t:1, i:20), leaderCommit=16, initializing? false, entries: <empty>
 0.00% |█                                                                                                    |  0/1 Time: 0:05:28 0.00% |█                                                                                                    |  0/1 Time: 0:05:292019-09-17 13:47:20,141 [73c69e8a-9bd3-45ee-8ac9-6e361d860e2f@group-7DC0A196B6AC-SegmentedRaftLogWorker] WARN  segmented.SegmentedRaftLogWorker (SegmentedRaftLogWorker.java:getFromFuture(90)) - Timeout 11/~
org.apache.ratis.protocol.TimeoutIOException: Timeout 10s: WriteLog:17: (t:1, i:17), STATEMACHINELOGENTRY, client-BB96F508478C, cid=57-writeStateMachineData
	at org.apache.ratis.util.IOUtils.getFromFuture(IOUtils.java:87)
	at org.apache.ratis.server.raftlog.segmented.SegmentedRaftLogWorker$StateMachineDataPolicy.getFromFuture(SegmentedRaftLogWorker.java:87)
	at org.apache.ratis.server.raftlog.segmented.SegmentedRaftLogWorker$WriteLog.execute(SegmentedRaftLogWorker.java:477)
	at org.apache.ratis.server.raftlog.segmented.SegmentedRaftLogWorker.run(SegmentedRaftLogWorker.java:289)
	at java.lang.Thread.run(Thread.java:748)
Caused by: java.util.concurrent.TimeoutException
	at java.util.concurrent.CompletableFuture.timedGet(CompletableFuture.java:1771)
	at java.util.concurrent.CompletableFuture.get(CompletableFuture.java:1915)
	at org.apache.ratis.util.IOUtils.getFromFuture(IOUtils.java:79)
	... 4 more
2019-09-17 13:47:20,168 [org.apache.ratis.server.impl.LogAppender$AppenderDaemon$$Lambda$512/1779790241@b2ea93] ERROR ratis.XceiverServerRatis (XceiverServerRatis.java:triggerPipelineClose(575)) - pipeline Action CLOSE  on pipeline PipelineID=402c8385-ff61-457f-b415-7dc0a196b6ac.Reason : bf9845cc-5491-4380-971d-60a5c36fd440 has not seen follower/s 73c69e8a-9bd3-45ee-8ac9-6e361d860e2f for 120081ms 235b1c08-2c3c-45bc-ab7f-b19a657e57f0 for 120080ms
2019-09-17 13:47:20,168 [org.apache.ratis.server.impl.LogAppender$AppenderDaemon$$Lambda$512/1779790241@f4c143b] ERROR ratis.XceiverServerRatis (XceiverServerRatis.java:triggerPipelineClose(575)) - pipeline Action CLOSE  on pipeline PipelineID=402c8385-ff61-457f-b415-7dc0a196b6ac.Reason : bf9845cc-5491-4380-971d-60a5c36fd440 has not seen follower/s 73c69e8a-9bd3-45ee-8ac9-6e361d860e2f for 120081ms 235b1c08-2c3c-45bc-ab7f-b19a657e57f0 for 120080ms
 0.00% |█                                                                                                    |  0/1 Time: 0:05:302019-09-17 13:47:20,352 [235b1c08-2c3c-45bc-ab7f-b19a657e57f0@group-7DC0A196B6AC-SegmentedRaftLogWorker] WARN  segmented.SegmentedRaftLogWorker (SegmentedRaftLogWorker.java:getFromFuture(90)) - Timeout 11/~
org.apache.ratis.protocol.TimeoutIOException: Timeout 10s: WriteLog:19: (t:1, i:19), STATEMACHINELOGENTRY, client-BB96F508478C, cid=59-writeStateMachineData
	at org.apache.ratis.util.IOUtils.getFromFuture(IOUtils.java:87)
	at org.apache.ratis.server.raftlog.segmented.SegmentedRaftLogWorker$StateMachineDataPolicy.getFromFuture(SegmentedRaftLogWorker.java:87)
	at org.apache.ratis.server.raftlog.segmented.SegmentedRaftLogWorker$WriteLog.execute(SegmentedRaftLogWorker.java:477)
	at org.apache.ratis.server.raftlog.segmented.SegmentedRaftLogWorker.run(SegmentedRaftLogWorker.java:289)
	at java.lang.Thread.run(Thread.java:748)
Caused by: java.util.concurrent.TimeoutException
	at java.util.concurrent.CompletableFuture.timedGet(CompletableFuture.java:1771)
	at java.util.concurrent.CompletableFuture.get(CompletableFuture.java:1915)
	at org.apache.ratis.util.IOUtils.getFromFuture(IOUtils.java:79)
	... 4 more
2019-09-17 13:47:20,352 [bf9845cc-5491-4380-971d-60a5c36fd440@group-7DC0A196B6AC-SegmentedRaftLogWorker] WARN  segmented.SegmentedRaftLogWorker (SegmentedRaftLogWorker.java:getFromFuture(90)) - Timeout 11/~
org.apache.ratis.protocol.TimeoutIOException: Timeout 10s: WriteLog:19: (t:1, i:19), STATEMACHINELOGENTRY, client-BB96F508478C, cid=59-writeStateMachineData
	at org.apache.ratis.util.IOUtils.getFromFuture(IOUtils.java:87)
	at org.apache.ratis.server.raftlog.segmented.SegmentedRaftLogWorker$StateMachineDataPolicy.getFromFuture(SegmentedRaftLogWorker.java:87)
	at org.apache.ratis.server.raftlog.segmented.SegmentedRaftLogWorker$WriteLog.execute(SegmentedRaftLogWorker.java:477)
	at org.apache.ratis.server.raftlog.segmented.SegmentedRaftLogWorker.run(SegmentedRaftLogWorker.java:289)
	at java.lang.Thread.run(Thread.java:748)
Caused by: java.util.concurrent.TimeoutException
	at java.util.concurrent.CompletableFuture.timedGet(CompletableFuture.java:1771)
	at java.util.concurrent.CompletableFuture.get(CompletableFuture.java:1915)
	at org.apache.ratis.util.IOUtils.getFromFuture(IOUtils.java:79)
	... 4 more
2019-09-17 13:47:20,430 [EventQueue-PipelineActionsForPipelineActionHandler] ERROR pipeline.PipelineActionHandler (PipelineActionHandler.java:onMessage(60)) - Received pipeline action CLOSE for Pipeline[ Id: 402c8385-ff61-457f-b415-7dc0a196b6ac, Nodes: bf9845cc-5491-4380-971d-60a5c36fd440{ip: 192.168.5.130, host: pr-hdds-2136-chhj8-2666454444, networkLocation: /default-rack, certSerialId: null}73c69e8a-9bd3-45ee-8ac9-6e361d860e2f{ip: 192.168.5.130, host: pr-hdds-2136-chhj8-2666454444, networkLocation: /default-rack, certSerialId: null}235b1c08-2c3c-45bc-ab7f-b19a657e57f0{ip: 192.168.5.130, host: pr-hdds-2136-chhj8-2666454444, networkLocation: /default-rack, certSerialId: null}, Type:RATIS, Factor:THREE, State:OPEN] from datanode bf9845cc-5491-4380-971d-60a5c36fd440{ip: 192.168.5.130, host: pr-hdds-2136-chhj8-2666454444, networkLocation: /default-rack, certSerialId: null}. Reason : bf9845cc-5491-4380-971d-60a5c36fd440 has not seen follower/s 73c69e8a-9bd3-45ee-8ac9-6e361d860e2f for 120081ms 235b1c08-2c3c-45bc-ab7f-b19a657e57f0 for 120080ms
2019-09-17 13:47:20,430 [EventQueue-PipelineActionsForPipelineActionHandler] INFO  pipeline.SCMPipelineManager (SCMPipelineManager.java:finalizeAndDestroyPipeline(311)) - destroying pipeline:Pipeline[ Id: 402c8385-ff61-457f-b415-7dc0a196b6ac, Nodes: bf9845cc-5491-4380-971d-60a5c36fd440{ip: 192.168.5.130, host: pr-hdds-2136-chhj8-2666454444, networkLocation: /default-rack, certSerialId: null}73c69e8a-9bd3-45ee-8ac9-6e361d860e2f{ip: 192.168.5.130, host: pr-hdds-2136-chhj8-2666454444, networkLocation: /default-rack, certSerialId: null}235b1c08-2c3c-45bc-ab7f-b19a657e57f0{ip: 192.168.5.130, host: pr-hdds-2136-chhj8-2666454444, networkLocation: /default-rack, certSerialId: null}, Type:RATIS, Factor:THREE, State:OPEN]
2019-09-17 13:47:20,430 [EventQueue-PipelineActionsForPipelineActionHandler] INFO  pipeline.PipelineStateManager (PipelineStateManager.java:finalizePipeline(123)) - Pipeline Pipeline[ Id: 402c8385-ff61-457f-b415-7dc0a196b6ac, Nodes: bf9845cc-5491-4380-971d-60a5c36fd440{ip: 192.168.5.130, host: pr-hdds-2136-chhj8-2666454444, networkLocation: /default-rack, certSerialId: null}73c69e8a-9bd3-45ee-8ac9-6e361d860e2f{ip: 192.168.5.130, host: pr-hdds-2136-chhj8-2666454444, networkLocation: /default-rack, certSerialId: null}235b1c08-2c3c-45bc-ab7f-b19a657e57f0{ip: 192.168.5.130, host: pr-hdds-2136-chhj8-2666454444, networkLocation: /default-rack, certSerialId: null}, Type:RATIS, Factor:THREE, State:CLOSED] moved to CLOSED state
2019-09-17 13:47:20,431 [EventQueue-CloseContainerForCloseContainerEventHandler] INFO  container.CloseContainerEventHandler (CloseContainerEventHandler.java:onMessage(61)) - Close container Event triggered for container : #4
2019-09-17 13:47:20,431 [EventQueue-CloseContainerForCloseContainerEventHandler] INFO  container.CloseContainerEventHandler (CloseContainerEventHandler.java:onMessage(61)) - Close container Event triggered for container : #5
2019-09-17 13:47:20,667 [java.util.concurrent.ThreadPoolExecutor$Worker@5f232967[State = -1, empty queue]] WARN  server.GrpcLogAppender (GrpcLogAppender.java:timeoutAppendRequest(200)) - bf9845cc-5491-4380-971d-60a5c36fd440@group-7DC0A196B6AC->73c69e8a-9bd3-45ee-8ac9-6e361d860e2f-GrpcLogAppender: appendEntries Timeout, request=bf9845cc-5491-4380-971d-60a5c36fd440->73c69e8a-9bd3-45ee-8ac9-6e361d860e2f#68-t1, previous=(t:1, i:20), leaderCommit=16, initializing? false, entries: <empty>
2019-09-17 13:47:20,667 [java.util.concurrent.ThreadPoolExecutor$Worker@662ab04f[State = -1, empty queue]] WARN  server.GrpcLogAppender (GrpcLogAppender.java:timeoutAppendRequest(200)) - bf9845cc-5491-4380-971d-60a5c36fd440@group-7DC0A196B6AC->235b1c08-2c3c-45bc-ab7f-b19a657e57f0-GrpcLogAppender: appendEntries Timeout, request=bf9845cc-5491-4380-971d-60a5c36fd440->235b1c08-2c3c-45bc-ab7f-b19a657e57f0#68-t1, previous=(t:1, i:20), leaderCommit=16, initializing? false, entries: <empty>
2019-09-17 13:47:21,114 [grpc-default-executor-2] INFO  client.GrpcClientProtocolClient (GrpcClientProtocolClient.java:onNext(264)) - client-BB96F508478C->235b1c08-2c3c-45bc-ab7f-b19a657e57f0: receive RaftClientReply:client-BB96F508478C->235b1c08-2c3c-45bc-ab7f-b19a657e57f0@group-7DC0A196B6AC, cid=57, FAILED org.apache.ratis.protocol.NotLeaderException: Server 235b1c08-2c3c-45bc-ab7f-b19a657e57f0@group-7DC0A196B6AC is not the leader bf9845cc-5491-4380-971d-60a5c36fd440:192.168.5.130:40791, logIndex=0, commits[235b1c08-2c3c-45bc-ab7f-b19a657e57f0:c16, 73c69e8a-9bd3-45ee-8ac9-6e361d860e2f:c12, bf9845cc-5491-4380-971d-60a5c36fd440:c16]
 0.00% |█                                                                                                    |  0/1 Time: 0:05:31 0.00% |█                                                                                                    |  0/1 Time: 0:05:322019-09-17 13:47:22,458 [org.apache.ratis.server.impl.LogAppender$AppenderDaemon$$Lambda$512/1779790241@b2ea93] ERROR ratis.XceiverServerRatis (XceiverServerRatis.java:triggerPipelineClose(575)) - pipeline Action CLOSE  on pipeline PipelineID=402c8385-ff61-457f-b415-7dc0a196b6ac.Reason : bf9845cc-5491-4380-971d-60a5c36fd440 has not seen follower/s 73c69e8a-9bd3-45ee-8ac9-6e361d860e2f for 122371ms 235b1c08-2c3c-45bc-ab7f-b19a657e57f0 for 122370ms
2019-09-17 13:47:22,458 [org.apache.ratis.server.impl.LogAppender$AppenderDaemon$$Lambda$512/1779790241@f4c143b] ERROR ratis.XceiverServerRatis (XceiverServerRatis.java:triggerPipelineClose(575)) - pipeline Action CLOSE  on pipeline PipelineID=402c8385-ff61-457f-b415-7dc0a196b6ac.Reason : bf9845cc-5491-4380-971d-60a5c36fd440 has not seen follower/s 73c69e8a-9bd3-45ee-8ac9-6e361d860e2f for 122371ms 235b1c08-2c3c-45bc-ab7f-b19a657e57f0 for 122370ms
2019-09-17 13:47:23,168 [java.util.concurrent.ThreadPoolExecutor$Worker@5f232967[State = -1, empty queue]] WARN  server.GrpcLogAppender (GrpcLogAppender.java:timeoutAppendRequest(200)) - bf9845cc-5491-4380-971d-60a5c36fd440@group-7DC0A196B6AC->73c69e8a-9bd3-45ee-8ac9-6e361d860e2f-GrpcLogAppender: appendEntries Timeout, request=bf9845cc-5491-4380-971d-60a5c36fd440->73c69e8a-9bd3-45ee-8ac9-6e361d860e2f#69-t1, previous=(t:1, i:20), leaderCommit=16, initializing? false, entries: <empty>
2019-09-17 13:47:23,168 [java.util.concurrent.ThreadPoolExecutor$Worker@662ab04f[State = -1, empty queue]] WARN  server.GrpcLogAppender (GrpcLogAppender.java:timeoutAppendRequest(200)) - bf9845cc-5491-4380-971d-60a5c36fd440@group-7DC0A196B6AC->235b1c08-2c3c-45bc-ab7f-b19a657e57f0-GrpcLogAppender: appendEntries Timeout, request=bf9845cc-5491-4380-971d-60a5c36fd440->235b1c08-2c3c-45bc-ab7f-b19a657e57f0#69-t1, previous=(t:1, i:20), leaderCommit=16, initializing? false, entries: <empty>
 0.00% |█                                                                                                    |  0/1 Time: 0:05:332019-09-17 13:47:23,457 [EventQueue-PipelineActionsForPipelineActionHandler] ERROR pipeline.PipelineActionHandler (PipelineActionHandler.java:onMessage(60)) - Received pipeline action CLOSE for Pipeline[ Id: 402c8385-ff61-457f-b415-7dc0a196b6ac, Nodes: bf9845cc-5491-4380-971d-60a5c36fd440{ip: 192.168.5.130, host: pr-hdds-2136-chhj8-2666454444, networkLocation: /default-rack, certSerialId: null}73c69e8a-9bd3-45ee-8ac9-6e361d860e2f{ip: 192.168.5.130, host: pr-hdds-2136-chhj8-2666454444, networkLocation: /default-rack, certSerialId: null}235b1c08-2c3c-45bc-ab7f-b19a657e57f0{ip: 192.168.5.130, host: pr-hdds-2136-chhj8-2666454444, networkLocation: /default-rack, certSerialId: null}, Type:RATIS, Factor:THREE, State:CLOSED] from datanode bf9845cc-5491-4380-971d-60a5c36fd440{ip: 192.168.5.130, host: pr-hdds-2136-chhj8-2666454444, networkLocation: /default-rack, certSerialId: null}. Reason : bf9845cc-5491-4380-971d-60a5c36fd440 has not seen follower/s 73c69e8a-9bd3-45ee-8ac9-6e361d860e2f for 122371ms 235b1c08-2c3c-45bc-ab7f-b19a657e57f0 for 122370ms
2019-09-17 13:47:23,457 [EventQueue-PipelineActionsForPipelineActionHandler] INFO  pipeline.SCMPipelineManager (SCMPipelineManager.java:finalizeAndDestroyPipeline(311)) - destroying pipeline:Pipeline[ Id: 402c8385-ff61-457f-b415-7dc0a196b6ac, Nodes: bf9845cc-5491-4380-971d-60a5c36fd440{ip: 192.168.5.130, host: pr-hdds-2136-chhj8-2666454444, networkLocation: /default-rack, certSerialId: null}73c69e8a-9bd3-45ee-8ac9-6e361d860e2f{ip: 192.168.5.130, host: pr-hdds-2136-chhj8-2666454444, networkLocation: /default-rack, certSerialId: null}235b1c08-2c3c-45bc-ab7f-b19a657e57f0{ip: 192.168.5.130, host: pr-hdds-2136-chhj8-2666454444, networkLocation: /default-rack, certSerialId: null}, Type:RATIS, Factor:THREE, State:CLOSED]
 0.00% |█                                                                                                    |  0/1 Time: 0:05:342019-09-17 13:47:24,958 [org.apache.ratis.server.impl.LogAppender$AppenderDaemon$$Lambda$512/1779790241@b2ea93] ERROR ratis.XceiverServerRatis (XceiverServerRatis.java:triggerPipelineClose(575)) - pipeline Action CLOSE  on pipeline PipelineID=402c8385-ff61-457f-b415-7dc0a196b6ac.Reason : bf9845cc-5491-4380-971d-60a5c36fd440 has not seen follower/s 73c69e8a-9bd3-45ee-8ac9-6e361d860e2f for 124872ms 235b1c08-2c3c-45bc-ab7f-b19a657e57f0 for 124871ms
2019-09-17 13:47:24,959 [org.apache.ratis.server.impl.LogAppender$AppenderDaemon$$Lambda$512/1779790241@f4c143b] ERROR ratis.XceiverServerRatis (XceiverServerRatis.java:triggerPipelineClose(575)) - pipeline Action CLOSE  on pipeline PipelineID=402c8385-ff61-457f-b415-7dc0a196b6ac.Reason : bf9845cc-5491-4380-971d-60a5c36fd440 has not seen follower/s 73c69e8a-9bd3-45ee-8ac9-6e361d860e2f for 124872ms 235b1c08-2c3c-45bc-ab7f-b19a657e57f0 for 124871ms
 0.00% |█                                                                                                    |  0/1 Time: 0:05:352019-09-17 13:47:25,457 [EventQueue-PipelineActionsForPipelineActionHandler] ERROR pipeline.PipelineActionHandler (PipelineActionHandler.java:onMessage(60)) - Received pipeline action CLOSE for Pipeline[ Id: 402c8385-ff61-457f-b415-7dc0a196b6ac, Nodes: bf9845cc-5491-4380-971d-60a5c36fd440{ip: 192.168.5.130, host: pr-hdds-2136-chhj8-2666454444, networkLocation: /default-rack, certSerialId: null}73c69e8a-9bd3-45ee-8ac9-6e361d860e2f{ip: 192.168.5.130, host: pr-hdds-2136-chhj8-2666454444, networkLocation: /default-rack, certSerialId: null}235b1c08-2c3c-45bc-ab7f-b19a657e57f0{ip: 192.168.5.130, host: pr-hdds-2136-chhj8-2666454444, networkLocation: /default-rack, certSerialId: null}, Type:RATIS, Factor:THREE, State:CLOSED] from datanode bf9845cc-5491-4380-971d-60a5c36fd440{ip: 192.168.5.130, host: pr-hdds-2136-chhj8-2666454444, networkLocation: /default-rack, certSerialId: null}. Reason : bf9845cc-5491-4380-971d-60a5c36fd440 has not seen follower/s 73c69e8a-9bd3-45ee-8ac9-6e361d860e2f for 124872ms 235b1c08-2c3c-45bc-ab7f-b19a657e57f0 for 124871ms
2019-09-17 13:47:25,457 [EventQueue-PipelineActionsForPipelineActionHandler] INFO  pipeline.SCMPipelineManager (SCMPipelineManager.java:finalizeAndDestroyPipeline(311)) - destroying pipeline:Pipeline[ Id: 402c8385-ff61-457f-b415-7dc0a196b6ac, Nodes: bf9845cc-5491-4380-971d-60a5c36fd440{ip: 192.168.5.130, host: pr-hdds-2136-chhj8-2666454444, networkLocation: /default-rack, certSerialId: null}73c69e8a-9bd3-45ee-8ac9-6e361d860e2f{ip: 192.168.5.130, host: pr-hdds-2136-chhj8-2666454444, networkLocation: /default-rack, certSerialId: null}235b1c08-2c3c-45bc-ab7f-b19a657e57f0{ip: 192.168.5.130, host: pr-hdds-2136-chhj8-2666454444, networkLocation: /default-rack, certSerialId: null}, Type:RATIS, Factor:THREE, State:CLOSED]
2019-09-17 13:47:25,458 [java.util.concurrent.ThreadPoolExecutor$Worker@662ab04f[State = -1, empty queue]] WARN  server.GrpcLogAppender (GrpcLogAppender.java:timeoutAppendRequest(200)) - bf9845cc-5491-4380-971d-60a5c36fd440@group-7DC0A196B6AC->235b1c08-2c3c-45bc-ab7f-b19a657e57f0-GrpcLogAppender: appendEntries Timeout, request=bf9845cc-5491-4380-971d-60a5c36fd440->235b1c08-2c3c-45bc-ab7f-b19a657e57f0#70-t1, previous=(t:1, i:20), leaderCommit=16, initializing? false, entries: size=1, first=(t:1, i:21), STATEMACHINELOGENTRY, client-8E4AFB6449E9, cid=10
2019-09-17 13:47:25,458 [java.util.concurrent.ThreadPoolExecutor$Worker@5f232967[State = -1, empty queue]] WARN  server.GrpcLogAppender (GrpcLogAppender.java:timeoutAppendRequest(200)) - bf9845cc-5491-4380-971d-60a5c36fd440@group-7DC0A196B6AC->73c69e8a-9bd3-45ee-8ac9-6e361d860e2f-GrpcLogAppender: appendEntries Timeout, request=bf9845cc-5491-4380-971d-60a5c36fd440->73c69e8a-9bd3-45ee-8ac9-6e361d860e2f#70-t1, previous=(t:1, i:20), leaderCommit=16, initializing? false, entries: size=1, first=(t:1, i:21), STATEMACHINELOGENTRY, client-8E4AFB6449E9, cid=10
2019-09-17 13:47:26,143 [grpc-default-executor-2] INFO  client.GrpcClientProtocolClient (GrpcClientProtocolClient.java:onNext(264)) - client-BB96F508478C->235b1c08-2c3c-45bc-ab7f-b19a657e57f0: receive RaftClientReply:client-BB96F508478C->235b1c08-2c3c-45bc-ab7f-b19a657e57f0@group-7DC0A196B6AC, cid=57, FAILED org.apache.ratis.protocol.NotLeaderException: Server 235b1c08-2c3c-45bc-ab7f-b19a657e57f0@group-7DC0A196B6AC is not the leader bf9845cc-5491-4380-971d-60a5c36fd440:192.168.5.130:40791, logIndex=0, commits[235b1c08-2c3c-45bc-ab7f-b19a657e57f0:c16, 73c69e8a-9bd3-45ee-8ac9-6e361d860e2f:c12, bf9845cc-5491-4380-971d-60a5c36fd440:c16]
 0.00% |█                                                                                                    |  0/1 Time: 0:05:36 0.00% |█                                                                                                    |  0/1 Time: 0:05:372019-09-17 13:47:27,459 [org.apache.ratis.server.impl.LogAppender$AppenderDaemon$$Lambda$512/1779790241@b2ea93] ERROR ratis.XceiverServerRatis (XceiverServerRatis.java:triggerPipelineClose(575)) - pipeline Action CLOSE  on pipeline PipelineID=402c8385-ff61-457f-b415-7dc0a196b6ac.Reason : bf9845cc-5491-4380-971d-60a5c36fd440 has not seen follower/s 73c69e8a-9bd3-45ee-8ac9-6e361d860e2f for 127373ms 235b1c08-2c3c-45bc-ab7f-b19a657e57f0 for 127372ms
2019-09-17 13:47:27,459 [org.apache.ratis.server.impl.LogAppender$AppenderDaemon$$Lambda$512/1779790241@f4c143b] ERROR ratis.XceiverServerRatis (XceiverServerRatis.java:triggerPipelineClose(575)) - pipeline Action CLOSE  on pipeline PipelineID=402c8385-ff61-457f-b415-7dc0a196b6ac.Reason : bf9845cc-5491-4380-971d-60a5c36fd440 has not seen follower/s 73c69e8a-9bd3-45ee-8ac9-6e361d860e2f for 127373ms 235b1c08-2c3c-45bc-ab7f-b19a657e57f0 for 127372ms
2019-09-17 13:47:27,958 [java.util.concurrent.ThreadPoolExecutor$Worker@5f232967[State = -1, empty queue]] WARN  server.GrpcLogAppender (GrpcLogAppender.java:timeoutAppendRequest(200)) - bf9845cc-5491-4380-971d-60a5c36fd440@group-7DC0A196B6AC->73c69e8a-9bd3-45ee-8ac9-6e361d860e2f-GrpcLogAppender: appendEntries Timeout, request=bf9845cc-5491-4380-971d-60a5c36fd440->73c69e8a-9bd3-45ee-8ac9-6e361d860e2f#71-t1, previous=(t:1, i:21), leaderCommit=16, initializing? false, entries: <empty>
2019-09-17 13:47:27,959 [java.util.concurrent.ThreadPoolExecutor$Worker@662ab04f[State = -1, empty queue]] WARN  server.GrpcLogAppender (GrpcLogAppender.java:timeoutAppendRequest(200)) - bf9845cc-5491-4380-971d-60a5c36fd440@group-7DC0A196B6AC->235b1c08-2c3c-45bc-ab7f-b19a657e57f0-GrpcLogAppender: appendEntries Timeout, request=bf9845cc-5491-4380-971d-60a5c36fd440->235b1c08-2c3c-45bc-ab7f-b19a657e57f0#71-t1, previous=(t:1, i:21), leaderCommit=16, initializing? false, entries: <empty>
 0.00% |█                                                                                                    |  0/1 Time: 0:05:382019-09-17 13:47:28,457 [EventQueue-PipelineActionsForPipelineActionHandler] ERROR pipeline.PipelineActionHandler (PipelineActionHandler.java:onMessage(60)) - Received pipeline action CLOSE for Pipeline[ Id: 402c8385-ff61-457f-b415-7dc0a196b6ac, Nodes: bf9845cc-5491-4380-971d-60a5c36fd440{ip: 192.168.5.130, host: pr-hdds-2136-chhj8-2666454444, networkLocation: /default-rack, certSerialId: null}73c69e8a-9bd3-45ee-8ac9-6e361d860e2f{ip: 192.168.5.130, host: pr-hdds-2136-chhj8-2666454444, networkLocation: /default-rack, certSerialId: null}235b1c08-2c3c-45bc-ab7f-b19a657e57f0{ip: 192.168.5.130, host: pr-hdds-2136-chhj8-2666454444, networkLocation: /default-rack, certSerialId: null}, Type:RATIS, Factor:THREE, State:CLOSED] from datanode bf9845cc-5491-4380-971d-60a5c36fd440{ip: 192.168.5.130, host: pr-hdds-2136-chhj8-2666454444, networkLocation: /default-rack, certSerialId: null}. Reason : bf9845cc-5491-4380-971d-60a5c36fd440 has not seen follower/s 73c69e8a-9bd3-45ee-8ac9-6e361d860e2f for 127373ms 235b1c08-2c3c-45bc-ab7f-b19a657e57f0 for 127372ms
2019-09-17 13:47:28,458 [EventQueue-PipelineActionsForPipelineActionHandler] INFO  pipeline.SCMPipelineManager (SCMPipelineManager.java:finalizeAndDestroyPipeline(311)) - destroying pipeline:Pipeline[ Id: 402c8385-ff61-457f-b415-7dc0a196b6ac, Nodes: bf9845cc-5491-4380-971d-60a5c36fd440{ip: 192.168.5.130, host: pr-hdds-2136-chhj8-2666454444, networkLocation: /default-rack, certSerialId: null}73c69e8a-9bd3-45ee-8ac9-6e361d860e2f{ip: 192.168.5.130, host: pr-hdds-2136-chhj8-2666454444, networkLocation: /default-rack, certSerialId: null}235b1c08-2c3c-45bc-ab7f-b19a657e57f0{ip: 192.168.5.130, host: pr-hdds-2136-chhj8-2666454444, networkLocation: /default-rack, certSerialId: null}, Type:RATIS, Factor:THREE, State:CLOSED]
 0.00% |█                                                                                                    |  0/1 Time: 0:05:392019-09-17 13:47:29,961 [org.apache.ratis.server.impl.LogAppender$AppenderDaemon$$Lambda$512/1779790241@f4c143b] ERROR ratis.XceiverServerRatis (XceiverServerRatis.java:triggerPipelineClose(575)) - pipeline Action CLOSE  on pipeline PipelineID=402c8385-ff61-457f-b415-7dc0a196b6ac.Reason : bf9845cc-5491-4380-971d-60a5c36fd440 has not seen follower/s 73c69e8a-9bd3-45ee-8ac9-6e361d860e2f for 129875ms 235b1c08-2c3c-45bc-ab7f-b19a657e57f0 for 129874ms
2019-09-17 13:47:29,961 [org.apache.ratis.server.impl.LogAppender$AppenderDaemon$$Lambda$512/1779790241@b2ea93] ERROR ratis.XceiverServerRatis (XceiverServerRatis.java:triggerPipelineClose(575)) - pipeline Action CLOSE  on pipeline PipelineID=402c8385-ff61-457f-b415-7dc0a196b6ac.Reason : bf9845cc-5491-4380-971d-60a5c36fd440 has not seen follower/s 73c69e8a-9bd3-45ee-8ac9-6e361d860e2f for 129875ms 235b1c08-2c3c-45bc-ab7f-b19a657e57f0 for 129874ms
2019-09-17 13:47:30,142 [73c69e8a-9bd3-45ee-8ac9-6e361d860e2f@group-7DC0A196B6AC-SegmentedRaftLogWorker] WARN  segmented.SegmentedRaftLogWorker (SegmentedRaftLogWorker.java:getFromFuture(90)) - Timeout 12/~
org.apache.ratis.protocol.TimeoutIOException: Timeout 10s: WriteLog:17: (t:1, i:17), STATEMACHINELOGENTRY, client-BB96F508478C, cid=57-writeStateMachineData
	at org.apache.ratis.util.IOUtils.getFromFuture(IOUtils.java:87)
	at org.apache.ratis.server.raftlog.segmented.SegmentedRaftLogWorker$StateMachineDataPolicy.getFromFuture(SegmentedRaftLogWorker.java:87)
	at org.apache.ratis.server.raftlog.segmented.SegmentedRaftLogWorker$WriteLog.execute(SegmentedRaftLogWorker.java:477)
	at org.apache.ratis.server.raftlog.segmented.SegmentedRaftLogWorker.run(SegmentedRaftLogWorker.java:289)
	at java.lang.Thread.run(Thread.java:748)
Caused by: java.util.concurrent.TimeoutException
	at java.util.concurrent.CompletableFuture.timedGet(CompletableFuture.java:1771)
	at java.util.concurrent.CompletableFuture.get(CompletableFuture.java:1915)
	at org.apache.ratis.util.IOUtils.getFromFuture(IOUtils.java:79)
	... 4 more
 0.00% |█                                                                                                    |  0/1 Time: 0:05:402019-09-17 13:47:30,352 [235b1c08-2c3c-45bc-ab7f-b19a657e57f0@group-7DC0A196B6AC-SegmentedRaftLogWorker] WARN  segmented.SegmentedRaftLogWorker (SegmentedRaftLogWorker.java:getFromFuture(90)) - Timeout 12/~
org.apache.ratis.protocol.TimeoutIOException: Timeout 10s: WriteLog:19: (t:1, i:19), STATEMACHINELOGENTRY, client-BB96F508478C, cid=59-writeStateMachineData
	at org.apache.ratis.util.IOUtils.getFromFuture(IOUtils.java:87)
	at org.apache.ratis.server.raftlog.segmented.SegmentedRaftLogWorker$StateMachineDataPolicy.getFromFuture(SegmentedRaftLogWorker.java:87)
	at org.apache.ratis.server.raftlog.segmented.SegmentedRaftLogWorker$WriteLog.execute(SegmentedRaftLogWorker.java:477)
	at org.apache.ratis.server.raftlog.segmented.SegmentedRaftLogWorker.run(SegmentedRaftLogWorker.java:289)
	at java.lang.Thread.run(Thread.java:748)
Caused by: java.util.concurrent.TimeoutException
	at java.util.concurrent.CompletableFuture.timedGet(CompletableFuture.java:1771)
	at java.util.concurrent.CompletableFuture.get(CompletableFuture.java:1915)
	at org.apache.ratis.util.IOUtils.getFromFuture(IOUtils.java:79)
	... 4 more
2019-09-17 13:47:30,353 [bf9845cc-5491-4380-971d-60a5c36fd440@group-7DC0A196B6AC-SegmentedRaftLogWorker] WARN  segmented.SegmentedRaftLogWorker (SegmentedRaftLogWorker.java:getFromFuture(90)) - Timeout 12/~
org.apache.ratis.protocol.TimeoutIOException: Timeout 10s: WriteLog:19: (t:1, i:19), STATEMACHINELOGENTRY, client-BB96F508478C, cid=59-writeStateMachineData
	at org.apache.ratis.util.IOUtils.getFromFuture(IOUtils.java:87)
	at org.apache.ratis.server.raftlog.segmented.SegmentedRaftLogWorker$StateMachineDataPolicy.getFromFuture(SegmentedRaftLogWorker.java:87)
	at org.apache.ratis.server.raftlog.segmented.SegmentedRaftLogWorker$WriteLog.execute(SegmentedRaftLogWorker.java:477)
	at org.apache.ratis.server.raftlog.segmented.SegmentedRaftLogWorker.run(SegmentedRaftLogWorker.java:289)
	at java.lang.Thread.run(Thread.java:748)
Caused by: java.util.concurrent.TimeoutException
	at java.util.concurrent.CompletableFuture.timedGet(CompletableFuture.java:1771)
	at java.util.concurrent.CompletableFuture.get(CompletableFuture.java:1915)
	at org.apache.ratis.util.IOUtils.getFromFuture(IOUtils.java:79)
	... 4 more
2019-09-17 13:47:30,459 [EventQueue-PipelineActionsForPipelineActionHandler] ERROR pipeline.PipelineActionHandler (PipelineActionHandler.java:onMessage(60)) - Received pipeline action CLOSE for Pipeline[ Id: 402c8385-ff61-457f-b415-7dc0a196b6ac, Nodes: bf9845cc-5491-4380-971d-60a5c36fd440{ip: 192.168.5.130, host: pr-hdds-2136-chhj8-2666454444, networkLocation: /default-rack, certSerialId: null}73c69e8a-9bd3-45ee-8ac9-6e361d860e2f{ip: 192.168.5.130, host: pr-hdds-2136-chhj8-2666454444, networkLocation: /default-rack, certSerialId: null}235b1c08-2c3c-45bc-ab7f-b19a657e57f0{ip: 192.168.5.130, host: pr-hdds-2136-chhj8-2666454444, networkLocation: /default-rack, certSerialId: null}, Type:RATIS, Factor:THREE, State:CLOSED] from datanode bf9845cc-5491-4380-971d-60a5c36fd440{ip: 192.168.5.130, host: pr-hdds-2136-chhj8-2666454444, networkLocation: /default-rack, certSerialId: null}. Reason : bf9845cc-5491-4380-971d-60a5c36fd440 has not seen follower/s 73c69e8a-9bd3-45ee-8ac9-6e361d860e2f for 129875ms 235b1c08-2c3c-45bc-ab7f-b19a657e57f0 for 129874ms
2019-09-17 13:47:30,459 [EventQueue-PipelineActionsForPipelineActionHandler] INFO  pipeline.SCMPipelineManager (SCMPipelineManager.java:finalizeAndDestroyPipeline(311)) - destroying pipeline:Pipeline[ Id: 402c8385-ff61-457f-b415-7dc0a196b6ac, Nodes: bf9845cc-5491-4380-971d-60a5c36fd440{ip: 192.168.5.130, host: pr-hdds-2136-chhj8-2666454444, networkLocation: /default-rack, certSerialId: null}73c69e8a-9bd3-45ee-8ac9-6e361d860e2f{ip: 192.168.5.130, host: pr-hdds-2136-chhj8-2666454444, networkLocation: /default-rack, certSerialId: null}235b1c08-2c3c-45bc-ab7f-b19a657e57f0{ip: 192.168.5.130, host: pr-hdds-2136-chhj8-2666454444, networkLocation: /default-rack, certSerialId: null}, Type:RATIS, Factor:THREE, State:CLOSED]
2019-09-17 13:47:30,459 [java.util.concurrent.ThreadPoolExecutor$Worker@5f232967[State = -1, empty queue]] WARN  server.GrpcLogAppender (GrpcLogAppender.java:timeoutAppendRequest(200)) - bf9845cc-5491-4380-971d-60a5c36fd440@group-7DC0A196B6AC->73c69e8a-9bd3-45ee-8ac9-6e361d860e2f-GrpcLogAppender: appendEntries Timeout, request=bf9845cc-5491-4380-971d-60a5c36fd440->73c69e8a-9bd3-45ee-8ac9-6e361d860e2f#72-t1, previous=(t:1, i:21), leaderCommit=16, initializing? false, entries: <empty>
2019-09-17 13:47:30,459 [java.util.concurrent.ThreadPoolExecutor$Worker@662ab04f[State = -1, empty queue]] WARN  server.GrpcLogAppender (GrpcLogAppender.java:timeoutAppendRequest(200)) - bf9845cc-5491-4380-971d-60a5c36fd440@group-7DC0A196B6AC->235b1c08-2c3c-45bc-ab7f-b19a657e57f0-GrpcLogAppender: appendEntries Timeout, request=bf9845cc-5491-4380-971d-60a5c36fd440->235b1c08-2c3c-45bc-ab7f-b19a657e57f0#72-t1, previous=(t:1, i:21), leaderCommit=16, initializing? false, entries: <empty>
2019-09-17 13:47:31,183 [grpc-default-executor-5] INFO  client.GrpcClientProtocolClient (GrpcClientProtocolClient.java:onNext(264)) - client-BB96F508478C->73c69e8a-9bd3-45ee-8ac9-6e361d860e2f: receive RaftClientReply:client-BB96F508478C->73c69e8a-9bd3-45ee-8ac9-6e361d860e2f@group-7DC0A196B6AC, cid=57, FAILED org.apache.ratis.protocol.NotLeaderException: Server 73c69e8a-9bd3-45ee-8ac9-6e361d860e2f@group-7DC0A196B6AC is not the leader bf9845cc-5491-4380-971d-60a5c36fd440:192.168.5.130:40791, logIndex=0, commits[73c69e8a-9bd3-45ee-8ac9-6e361d860e2f:c16, 235b1c08-2c3c-45bc-ab7f-b19a657e57f0:c12, bf9845cc-5491-4380-971d-60a5c36fd440:c16]
 0.00% |█                                                                                                    |  0/1 Time: 0:05:41 0.00% |█                                                                                                    |  0/1 Time: 0:05:422019-09-17 13:47:32,462 [org.apache.ratis.server.impl.LogAppender$AppenderDaemon$$Lambda$512/1779790241@b2ea93] ERROR ratis.XceiverServerRatis (XceiverServerRatis.java:triggerPipelineClose(575)) - pipeline Action CLOSE  on pipeline PipelineID=402c8385-ff61-457f-b415-7dc0a196b6ac.Reason : bf9845cc-5491-4380-971d-60a5c36fd440 has not seen follower/s 73c69e8a-9bd3-45ee-8ac9-6e361d860e2f for 132375ms 235b1c08-2c3c-45bc-ab7f-b19a657e57f0 for 132374ms
2019-09-17 13:47:32,462 [org.apache.ratis.server.impl.LogAppender$AppenderDaemon$$Lambda$512/1779790241@f4c143b] ERROR ratis.XceiverServerRatis (XceiverServerRatis.java:triggerPipelineClose(575)) - pipeline Action CLOSE  on pipeline PipelineID=402c8385-ff61-457f-b415-7dc0a196b6ac.Reason : bf9845cc-5491-4380-971d-60a5c36fd440 has not seen follower/s 73c69e8a-9bd3-45ee-8ac9-6e361d860e2f for 132375ms 235b1c08-2c3c-45bc-ab7f-b19a657e57f0 for 132374ms
2019-09-17 13:47:32,961 [java.util.concurrent.ThreadPoolExecutor$Worker@662ab04f[State = -1, empty queue]] WARN  server.GrpcLogAppender (GrpcLogAppender.java:timeoutAppendRequest(200)) - bf9845cc-5491-4380-971d-60a5c36fd440@group-7DC0A196B6AC->235b1c08-2c3c-45bc-ab7f-b19a657e57f0-GrpcLogAppender: appendEntries Timeout, request=bf9845cc-5491-4380-971d-60a5c36fd440->235b1c08-2c3c-45bc-ab7f-b19a657e57f0#73-t1, previous=(t:1, i:21), leaderCommit=16, initializing? false, entries: <empty>
2019-09-17 13:47:32,961 [java.util.concurrent.ThreadPoolExecutor$Worker@5f232967[State = -1, empty queue]] WARN  server.GrpcLogAppender (GrpcLogAppender.java:timeoutAppendRequest(200)) - bf9845cc-5491-4380-971d-60a5c36fd440@group-7DC0A196B6AC->73c69e8a-9bd3-45ee-8ac9-6e361d860e2f-GrpcLogAppender: appendEntries Timeout, request=bf9845cc-5491-4380-971d-60a5c36fd440->73c69e8a-9bd3-45ee-8ac9-6e361d860e2f#73-t1, previous=(t:1, i:21), leaderCommit=16, initializing? false, entries: <empty>
 0.00% |█                                                                                                    |  0/1 Time: 0:05:432019-09-17 13:47:33,459 [EventQueue-PipelineActionsForPipelineActionHandler] ERROR pipeline.PipelineActionHandler (PipelineActionHandler.java:onMessage(60)) - Received pipeline action CLOSE for Pipeline[ Id: 402c8385-ff61-457f-b415-7dc0a196b6ac, Nodes: bf9845cc-5491-4380-971d-60a5c36fd440{ip: 192.168.5.130, host: pr-hdds-2136-chhj8-2666454444, networkLocation: /default-rack, certSerialId: null}73c69e8a-9bd3-45ee-8ac9-6e361d860e2f{ip: 192.168.5.130, host: pr-hdds-2136-chhj8-2666454444, networkLocation: /default-rack, certSerialId: null}235b1c08-2c3c-45bc-ab7f-b19a657e57f0{ip: 192.168.5.130, host: pr-hdds-2136-chhj8-2666454444, networkLocation: /default-rack, certSerialId: null}, Type:RATIS, Factor:THREE, State:CLOSED] from datanode bf9845cc-5491-4380-971d-60a5c36fd440{ip: 192.168.5.130, host: pr-hdds-2136-chhj8-2666454444, networkLocation: /default-rack, certSerialId: null}. Reason : bf9845cc-5491-4380-971d-60a5c36fd440 has not seen follower/s 73c69e8a-9bd3-45ee-8ac9-6e361d860e2f for 132375ms 235b1c08-2c3c-45bc-ab7f-b19a657e57f0 for 132374ms
2019-09-17 13:47:33,460 [EventQueue-PipelineActionsForPipelineActionHandler] INFO  pipeline.SCMPipelineManager (SCMPipelineManager.java:finalizeAndDestroyPipeline(311)) - destroying pipeline:Pipeline[ Id: 402c8385-ff61-457f-b415-7dc0a196b6ac, Nodes: bf9845cc-5491-4380-971d-60a5c36fd440{ip: 192.168.5.130, host: pr-hdds-2136-chhj8-2666454444, networkLocation: /default-rack, certSerialId: null}73c69e8a-9bd3-45ee-8ac9-6e361d860e2f{ip: 192.168.5.130, host: pr-hdds-2136-chhj8-2666454444, networkLocation: /default-rack, certSerialId: null}235b1c08-2c3c-45bc-ab7f-b19a657e57f0{ip: 192.168.5.130, host: pr-hdds-2136-chhj8-2666454444, networkLocation: /default-rack, certSerialId: null}, Type:RATIS, Factor:THREE, State:CLOSED]
 0.00% |█                                                                                                    |  0/1 Time: 0:05:442019-09-17 13:47:34,964 [org.apache.ratis.server.impl.LogAppender$AppenderDaemon$$Lambda$512/1779790241@b2ea93] ERROR ratis.XceiverServerRatis (XceiverServerRatis.java:triggerPipelineClose(575)) - pipeline Action CLOSE  on pipeline PipelineID=402c8385-ff61-457f-b415-7dc0a196b6ac.Reason : bf9845cc-5491-4380-971d-60a5c36fd440 has not seen follower/s 73c69e8a-9bd3-45ee-8ac9-6e361d860e2f for 134877ms 235b1c08-2c3c-45bc-ab7f-b19a657e57f0 for 134876ms
2019-09-17 13:47:34,964 [org.apache.ratis.server.impl.LogAppender$AppenderDaemon$$Lambda$512/1779790241@f4c143b] ERROR ratis.XceiverServerRatis (XceiverServerRatis.java:triggerPipelineClose(575)) - pipeline Action CLOSE  on pipeline PipelineID=402c8385-ff61-457f-b415-7dc0a196b6ac.Reason : bf9845cc-5491-4380-971d-60a5c36fd440 has not seen follower/s 73c69e8a-9bd3-45ee-8ac9-6e361d860e2f for 134877ms 235b1c08-2c3c-45bc-ab7f-b19a657e57f0 for 134876ms
 0.00% |█                                                                                                    |  0/1 Time: 0:05:452019-09-17 13:47:35,459 [EventQueue-PipelineActionsForPipelineActionHandler] ERROR pipeline.PipelineActionHandler (PipelineActionHandler.java:onMessage(60)) - Received pipeline action CLOSE for Pipeline[ Id: 402c8385-ff61-457f-b415-7dc0a196b6ac, Nodes: bf9845cc-5491-4380-971d-60a5c36fd440{ip: 192.168.5.130, host: pr-hdds-2136-chhj8-2666454444, networkLocation: /default-rack, certSerialId: null}73c69e8a-9bd3-45ee-8ac9-6e361d860e2f{ip: 192.168.5.130, host: pr-hdds-2136-chhj8-2666454444, networkLocation: /default-rack, certSerialId: null}235b1c08-2c3c-45bc-ab7f-b19a657e57f0{ip: 192.168.5.130, host: pr-hdds-2136-chhj8-2666454444, networkLocation: /default-rack, certSerialId: null}, Type:RATIS, Factor:THREE, State:CLOSED] from datanode bf9845cc-5491-4380-971d-60a5c36fd440{ip: 192.168.5.130, host: pr-hdds-2136-chhj8-2666454444, networkLocation: /default-rack, certSerialId: null}. Reason : bf9845cc-5491-4380-971d-60a5c36fd440 has not seen follower/s 73c69e8a-9bd3-45ee-8ac9-6e361d860e2f for 134877ms 235b1c08-2c3c-45bc-ab7f-b19a657e57f0 for 134876ms
2019-09-17 13:47:35,460 [EventQueue-PipelineActionsForPipelineActionHandler] INFO  pipeline.SCMPipelineManager (SCMPipelineManager.java:finalizeAndDestroyPipeline(311)) - destroying pipeline:Pipeline[ Id: 402c8385-ff61-457f-b415-7dc0a196b6ac, Nodes: bf9845cc-5491-4380-971d-60a5c36fd440{ip: 192.168.5.130, host: pr-hdds-2136-chhj8-2666454444, networkLocation: /default-rack, certSerialId: null}73c69e8a-9bd3-45ee-8ac9-6e361d860e2f{ip: 192.168.5.130, host: pr-hdds-2136-chhj8-2666454444, networkLocation: /default-rack, certSerialId: null}235b1c08-2c3c-45bc-ab7f-b19a657e57f0{ip: 192.168.5.130, host: pr-hdds-2136-chhj8-2666454444, networkLocation: /default-rack, certSerialId: null}, Type:RATIS, Factor:THREE, State:CLOSED]
2019-09-17 13:47:35,462 [java.util.concurrent.ThreadPoolExecutor$Worker@5f232967[State = -1, empty queue]] WARN  server.GrpcLogAppender (GrpcLogAppender.java:timeoutAppendRequest(200)) - bf9845cc-5491-4380-971d-60a5c36fd440@group-7DC0A196B6AC->73c69e8a-9bd3-45ee-8ac9-6e361d860e2f-GrpcLogAppender: appendEntries Timeout, request=bf9845cc-5491-4380-971d-60a5c36fd440->73c69e8a-9bd3-45ee-8ac9-6e361d860e2f#74-t1, previous=(t:1, i:21), leaderCommit=16, initializing? false, entries: <empty>
2019-09-17 13:47:35,462 [java.util.concurrent.ThreadPoolExecutor$Worker@662ab04f[State = -1, empty queue]] WARN  server.GrpcLogAppender (GrpcLogAppender.java:timeoutAppendRequest(200)) - bf9845cc-5491-4380-971d-60a5c36fd440@group-7DC0A196B6AC->235b1c08-2c3c-45bc-ab7f-b19a657e57f0-GrpcLogAppender: appendEntries Timeout, request=bf9845cc-5491-4380-971d-60a5c36fd440->235b1c08-2c3c-45bc-ab7f-b19a657e57f0#74-t1, previous=(t:1, i:21), leaderCommit=16, initializing? false, entries: <empty>
2019-09-17 13:47:36,225 [grpc-default-executor-5] INFO  client.GrpcClientProtocolClient (GrpcClientProtocolClient.java:onNext(264)) - client-BB96F508478C->235b1c08-2c3c-45bc-ab7f-b19a657e57f0: receive RaftClientReply:client-BB96F508478C->235b1c08-2c3c-45bc-ab7f-b19a657e57f0@group-7DC0A196B6AC, cid=57, FAILED org.apache.ratis.protocol.NotLeaderException: Server 235b1c08-2c3c-45bc-ab7f-b19a657e57f0@group-7DC0A196B6AC is not the leader bf9845cc-5491-4380-971d-60a5c36fd440:192.168.5.130:40791, logIndex=0, commits[235b1c08-2c3c-45bc-ab7f-b19a657e57f0:c16, 73c69e8a-9bd3-45ee-8ac9-6e361d860e2f:c12, bf9845cc-5491-4380-971d-60a5c36fd440:c16]
 0.00% |█                                                                                                    |  0/1 Time: 0:05:46 0.00% |█                                                                                                    |  0/1 Time: 0:05:472019-09-17 13:47:37,464 [org.apache.ratis.server.impl.LogAppender$AppenderDaemon$$Lambda$512/1779790241@f4c143b] ERROR ratis.XceiverServerRatis (XceiverServerRatis.java:triggerPipelineClose(575)) - pipeline Action CLOSE  on pipeline PipelineID=402c8385-ff61-457f-b415-7dc0a196b6ac.Reason : bf9845cc-5491-4380-971d-60a5c36fd440 has not seen follower/s 73c69e8a-9bd3-45ee-8ac9-6e361d860e2f for 137378ms 235b1c08-2c3c-45bc-ab7f-b19a657e57f0 for 137377ms
2019-09-17 13:47:37,465 [org.apache.ratis.server.impl.LogAppender$AppenderDaemon$$Lambda$512/1779790241@b2ea93] ERROR ratis.XceiverServerRatis (XceiverServerRatis.java:triggerPipelineClose(575)) - pipeline Action CLOSE  on pipeline PipelineID=402c8385-ff61-457f-b415-7dc0a196b6ac.Reason : bf9845cc-5491-4380-971d-60a5c36fd440 has not seen follower/s 73c69e8a-9bd3-45ee-8ac9-6e361d860e2f for 137378ms 235b1c08-2c3c-45bc-ab7f-b19a657e57f0 for 137377ms
2019-09-17 13:47:37,963 [java.util.concurrent.ThreadPoolExecutor$Worker@662ab04f[State = -1, empty queue]] WARN  server.GrpcLogAppender (GrpcLogAppender.java:timeoutAppendRequest(200)) - bf9845cc-5491-4380-971d-60a5c36fd440@group-7DC0A196B6AC->235b1c08-2c3c-45bc-ab7f-b19a657e57f0-GrpcLogAppender: appendEntries Timeout, request=bf9845cc-5491-4380-971d-60a5c36fd440->235b1c08-2c3c-45bc-ab7f-b19a657e57f0#75-t1, previous=(t:1, i:21), leaderCommit=16, initializing? false, entries: <empty>
2019-09-17 13:47:37,963 [java.util.concurrent.ThreadPoolExecutor$Worker@5f232967[State = -1, empty queue]] WARN  server.GrpcLogAppender (GrpcLogAppender.java:timeoutAppendRequest(200)) - bf9845cc-5491-4380-971d-60a5c36fd440@group-7DC0A196B6AC->73c69e8a-9bd3-45ee-8ac9-6e361d860e2f-GrpcLogAppender: appendEntries Timeout, request=bf9845cc-5491-4380-971d-60a5c36fd440->73c69e8a-9bd3-45ee-8ac9-6e361d860e2f#75-t1, previous=(t:1, i:21), leaderCommit=16, initializing? false, entries: <empty>
 0.00% |█                                                                                                    |  0/1 Time: 0:05:482019-09-17 13:47:38,460 [EventQueue-PipelineActionsForPipelineActionHandler] ERROR pipeline.PipelineActionHandler (PipelineActionHandler.java:onMessage(60)) - Received pipeline action CLOSE for Pipeline[ Id: 402c8385-ff61-457f-b415-7dc0a196b6ac, Nodes: bf9845cc-5491-4380-971d-60a5c36fd440{ip: 192.168.5.130, host: pr-hdds-2136-chhj8-2666454444, networkLocation: /default-rack, certSerialId: null}73c69e8a-9bd3-45ee-8ac9-6e361d860e2f{ip: 192.168.5.130, host: pr-hdds-2136-chhj8-2666454444, networkLocation: /default-rack, certSerialId: null}235b1c08-2c3c-45bc-ab7f-b19a657e57f0{ip: 192.168.5.130, host: pr-hdds-2136-chhj8-2666454444, networkLocation: /default-rack, certSerialId: null}, Type:RATIS, Factor:THREE, State:CLOSED] from datanode bf9845cc-5491-4380-971d-60a5c36fd440{ip: 192.168.5.130, host: pr-hdds-2136-chhj8-2666454444, networkLocation: /default-rack, certSerialId: null}. Reason : bf9845cc-5491-4380-971d-60a5c36fd440 has not seen follower/s 73c69e8a-9bd3-45ee-8ac9-6e361d860e2f for 137378ms 235b1c08-2c3c-45bc-ab7f-b19a657e57f0 for 137377ms
2019-09-17 13:47:38,460 [EventQueue-PipelineActionsForPipelineActionHandler] INFO  pipeline.SCMPipelineManager (SCMPipelineManager.java:finalizeAndDestroyPipeline(311)) - destroying pipeline:Pipeline[ Id: 402c8385-ff61-457f-b415-7dc0a196b6ac, Nodes: bf9845cc-5491-4380-971d-60a5c36fd440{ip: 192.168.5.130, host: pr-hdds-2136-chhj8-2666454444, networkLocation: /default-rack, certSerialId: null}73c69e8a-9bd3-45ee-8ac9-6e361d860e2f{ip: 192.168.5.130, host: pr-hdds-2136-chhj8-2666454444, networkLocation: /default-rack, certSerialId: null}235b1c08-2c3c-45bc-ab7f-b19a657e57f0{ip: 192.168.5.130, host: pr-hdds-2136-chhj8-2666454444, networkLocation: /default-rack, certSerialId: null}, Type:RATIS, Factor:THREE, State:CLOSED]
 0.00% |█                                                                                                    |  0/1 Time: 0:05:492019-09-17 13:47:39,966 [org.apache.ratis.server.impl.LogAppender$AppenderDaemon$$Lambda$512/1779790241@b2ea93] ERROR ratis.XceiverServerRatis (XceiverServerRatis.java:triggerPipelineClose(575)) - pipeline Action CLOSE  on pipeline PipelineID=402c8385-ff61-457f-b415-7dc0a196b6ac.Reason : bf9845cc-5491-4380-971d-60a5c36fd440 has not seen follower/s 73c69e8a-9bd3-45ee-8ac9-6e361d860e2f for 139880ms 235b1c08-2c3c-45bc-ab7f-b19a657e57f0 for 139879ms
2019-09-17 13:47:39,966 [org.apache.ratis.server.impl.LogAppender$AppenderDaemon$$Lambda$512/1779790241@f4c143b] ERROR ratis.XceiverServerRatis (XceiverServerRatis.java:triggerPipelineClose(575)) - pipeline Action CLOSE  on pipeline PipelineID=402c8385-ff61-457f-b415-7dc0a196b6ac.Reason : bf9845cc-5491-4380-971d-60a5c36fd440 has not seen follower/s 73c69e8a-9bd3-45ee-8ac9-6e361d860e2f for 139880ms 235b1c08-2c3c-45bc-ab7f-b19a657e57f0 for 139879ms
2019-09-17 13:47:40,144 [73c69e8a-9bd3-45ee-8ac9-6e361d860e2f@group-7DC0A196B6AC-SegmentedRaftLogWorker] WARN  segmented.SegmentedRaftLogWorker (SegmentedRaftLogWorker.java:getFromFuture(90)) - Timeout 13/~
org.apache.ratis.protocol.TimeoutIOException: Timeout 10s: WriteLog:17: (t:1, i:17), STATEMACHINELOGENTRY, client-BB96F508478C, cid=57-writeStateMachineData
	at org.apache.ratis.util.IOUtils.getFromFuture(IOUtils.java:87)
	at org.apache.ratis.server.raftlog.segmented.SegmentedRaftLogWorker$StateMachineDataPolicy.getFromFuture(SegmentedRaftLogWorker.java:87)
	at org.apache.ratis.server.raftlog.segmented.SegmentedRaftLogWorker$WriteLog.execute(SegmentedRaftLogWorker.java:477)
	at org.apache.ratis.server.raftlog.segmented.SegmentedRaftLogWorker.run(SegmentedRaftLogWorker.java:289)
	at java.lang.Thread.run(Thread.java:748)
Caused by: java.util.concurrent.TimeoutException
	at java.util.concurrent.CompletableFuture.timedGet(CompletableFuture.java:1771)
	at java.util.concurrent.CompletableFuture.get(CompletableFuture.java:1915)
	at org.apache.ratis.util.IOUtils.getFromFuture(IOUtils.java:79)
	... 4 more
 0.00% |█                                                                                                    |  0/1 Time: 0:05:502019-09-17 13:47:40,353 [235b1c08-2c3c-45bc-ab7f-b19a657e57f0@group-7DC0A196B6AC-SegmentedRaftLogWorker] WARN  segmented.SegmentedRaftLogWorker (SegmentedRaftLogWorker.java:getFromFuture(90)) - Timeout 13/~
org.apache.ratis.protocol.TimeoutIOException: Timeout 10s: WriteLog:19: (t:1, i:19), STATEMACHINELOGENTRY, client-BB96F508478C, cid=59-writeStateMachineData
	at org.apache.ratis.util.IOUtils.getFromFuture(IOUtils.java:87)
	at org.apache.ratis.server.raftlog.segmented.SegmentedRaftLogWorker$StateMachineDataPolicy.getFromFuture(SegmentedRaftLogWorker.java:87)
	at org.apache.ratis.server.raftlog.segmented.SegmentedRaftLogWorker$WriteLog.execute(SegmentedRaftLogWorker.java:477)
	at org.apache.ratis.server.raftlog.segmented.SegmentedRaftLogWorker.run(SegmentedRaftLogWorker.java:289)
	at java.lang.Thread.run(Thread.java:748)
Caused by: java.util.concurrent.TimeoutException
	at java.util.concurrent.CompletableFuture.timedGet(CompletableFuture.java:1771)
	at java.util.concurrent.CompletableFuture.get(CompletableFuture.java:1915)
	at org.apache.ratis.util.IOUtils.getFromFuture(IOUtils.java:79)
	... 4 more
2019-09-17 13:47:40,354 [bf9845cc-5491-4380-971d-60a5c36fd440@group-7DC0A196B6AC-SegmentedRaftLogWorker] WARN  segmented.SegmentedRaftLogWorker (SegmentedRaftLogWorker.java:getFromFuture(90)) - Timeout 13/~
org.apache.ratis.protocol.TimeoutIOException: Timeout 10s: WriteLog:19: (t:1, i:19), STATEMACHINELOGENTRY, client-BB96F508478C, cid=59-writeStateMachineData
	at org.apache.ratis.util.IOUtils.getFromFuture(IOUtils.java:87)
	at org.apache.ratis.server.raftlog.segmented.SegmentedRaftLogWorker$StateMachineDataPolicy.getFromFuture(SegmentedRaftLogWorker.java:87)
	at org.apache.ratis.server.raftlog.segmented.SegmentedRaftLogWorker$WriteLog.execute(SegmentedRaftLogWorker.java:477)
	at org.apache.ratis.server.raftlog.segmented.SegmentedRaftLogWorker.run(SegmentedRaftLogWorker.java:289)
	at java.lang.Thread.run(Thread.java:748)
Caused by: java.util.concurrent.TimeoutException
	at java.util.concurrent.CompletableFuture.timedGet(CompletableFuture.java:1771)
	at java.util.concurrent.CompletableFuture.get(CompletableFuture.java:1915)
	at org.apache.ratis.util.IOUtils.getFromFuture(IOUtils.java:79)
	... 4 more
2019-09-17 13:47:40,463 [EventQueue-PipelineActionsForPipelineActionHandler] ERROR pipeline.PipelineActionHandler (PipelineActionHandler.java:onMessage(60)) - Received pipeline action CLOSE for Pipeline[ Id: 402c8385-ff61-457f-b415-7dc0a196b6ac, Nodes: bf9845cc-5491-4380-971d-60a5c36fd440{ip: 192.168.5.130, host: pr-hdds-2136-chhj8-2666454444, networkLocation: /default-rack, certSerialId: null}73c69e8a-9bd3-45ee-8ac9-6e361d860e2f{ip: 192.168.5.130, host: pr-hdds-2136-chhj8-2666454444, networkLocation: /default-rack, certSerialId: null}235b1c08-2c3c-45bc-ab7f-b19a657e57f0{ip: 192.168.5.130, host: pr-hdds-2136-chhj8-2666454444, networkLocation: /default-rack, certSerialId: null}, Type:RATIS, Factor:THREE, State:CLOSED] from datanode bf9845cc-5491-4380-971d-60a5c36fd440{ip: 192.168.5.130, host: pr-hdds-2136-chhj8-2666454444, networkLocation: /default-rack, certSerialId: null}. Reason : bf9845cc-5491-4380-971d-60a5c36fd440 has not seen follower/s 73c69e8a-9bd3-45ee-8ac9-6e361d860e2f for 139880ms 235b1c08-2c3c-45bc-ab7f-b19a657e57f0 for 139879ms
2019-09-17 13:47:40,463 [EventQueue-PipelineActionsForPipelineActionHandler] INFO  pipeline.SCMPipelineManager (SCMPipelineManager.java:finalizeAndDestroyPipeline(311)) - destroying pipeline:Pipeline[ Id: 402c8385-ff61-457f-b415-7dc0a196b6ac, Nodes: bf9845cc-5491-4380-971d-60a5c36fd440{ip: 192.168.5.130, host: pr-hdds-2136-chhj8-2666454444, networkLocation: /default-rack, certSerialId: null}73c69e8a-9bd3-45ee-8ac9-6e361d860e2f{ip: 192.168.5.130, host: pr-hdds-2136-chhj8-2666454444, networkLocation: /default-rack, certSerialId: null}235b1c08-2c3c-45bc-ab7f-b19a657e57f0{ip: 192.168.5.130, host: pr-hdds-2136-chhj8-2666454444, networkLocation: /default-rack, certSerialId: null}, Type:RATIS, Factor:THREE, State:CLOSED]
2019-09-17 13:47:40,464 [java.util.concurrent.ThreadPoolExecutor$Worker@662ab04f[State = -1, empty queue]] WARN  server.GrpcLogAppender (GrpcLogAppender.java:timeoutAppendRequest(200)) - bf9845cc-5491-4380-971d-60a5c36fd440@group-7DC0A196B6AC->235b1c08-2c3c-45bc-ab7f-b19a657e57f0-GrpcLogAppender: appendEntries Timeout, request=bf9845cc-5491-4380-971d-60a5c36fd440->235b1c08-2c3c-45bc-ab7f-b19a657e57f0#76-t1, previous=(t:1, i:21), leaderCommit=16, initializing? false, entries: <empty>
2019-09-17 13:47:40,465 [java.util.concurrent.ThreadPoolExecutor$Worker@5f232967[State = -1, empty queue]] WARN  server.GrpcLogAppender (GrpcLogAppender.java:timeoutAppendRequest(200)) - bf9845cc-5491-4380-971d-60a5c36fd440@group-7DC0A196B6AC->73c69e8a-9bd3-45ee-8ac9-6e361d860e2f-GrpcLogAppender: appendEntries Timeout, request=bf9845cc-5491-4380-971d-60a5c36fd440->73c69e8a-9bd3-45ee-8ac9-6e361d860e2f#76-t1, previous=(t:1, i:21), leaderCommit=16, initializing? false, entries: <empty>
2019-09-17 13:47:41,269 [grpc-default-executor-5] INFO  client.GrpcClientProtocolClient (GrpcClientProtocolClient.java:onNext(264)) - client-BB96F508478C->235b1c08-2c3c-45bc-ab7f-b19a657e57f0: receive RaftClientReply:client-BB96F508478C->235b1c08-2c3c-45bc-ab7f-b19a657e57f0@group-7DC0A196B6AC, cid=57, FAILED org.apache.ratis.protocol.NotLeaderException: Server 235b1c08-2c3c-45bc-ab7f-b19a657e57f0@group-7DC0A196B6AC is not the leader bf9845cc-5491-4380-971d-60a5c36fd440:192.168.5.130:40791, logIndex=0, commits[235b1c08-2c3c-45bc-ab7f-b19a657e57f0:c16, 73c69e8a-9bd3-45ee-8ac9-6e361d860e2f:c12, bf9845cc-5491-4380-971d-60a5c36fd440:c16]
 0.00% |█                                                                                                    |  0/1 Time: 0:05:51 0.00% |█                                                                                                    |  0/1 Time: 0:05:522019-09-17 13:47:42,468 [org.apache.ratis.server.impl.LogAppender$AppenderDaemon$$Lambda$512/1779790241@b2ea93] ERROR ratis.XceiverServerRatis (XceiverServerRatis.java:triggerPipelineClose(575)) - pipeline Action CLOSE  on pipeline PipelineID=402c8385-ff61-457f-b415-7dc0a196b6ac.Reason : bf9845cc-5491-4380-971d-60a5c36fd440 has not seen follower/s 73c69e8a-9bd3-45ee-8ac9-6e361d860e2f for 142382ms 235b1c08-2c3c-45bc-ab7f-b19a657e57f0 for 142381ms
2019-09-17 13:47:42,468 [org.apache.ratis.server.impl.LogAppender$AppenderDaemon$$Lambda$512/1779790241@f4c143b] ERROR ratis.XceiverServerRatis (XceiverServerRatis.java:triggerPipelineClose(575)) - pipeline Action CLOSE  on pipeline PipelineID=402c8385-ff61-457f-b415-7dc0a196b6ac.Reason : bf9845cc-5491-4380-971d-60a5c36fd440 has not seen follower/s 73c69e8a-9bd3-45ee-8ac9-6e361d860e2f for 142382ms 235b1c08-2c3c-45bc-ab7f-b19a657e57f0 for 142381ms
2019-09-17 13:47:42,966 [java.util.concurrent.ThreadPoolExecutor$Worker@5f232967[State = -1, empty queue]] WARN  server.GrpcLogAppender (GrpcLogAppender.java:timeoutAppendRequest(200)) - bf9845cc-5491-4380-971d-60a5c36fd440@group-7DC0A196B6AC->73c69e8a-9bd3-45ee-8ac9-6e361d860e2f-GrpcLogAppender: appendEntries Timeout, request=bf9845cc-5491-4380-971d-60a5c36fd440->73c69e8a-9bd3-45ee-8ac9-6e361d860e2f#77-t1, previous=(t:1, i:21), leaderCommit=16, initializing? false, entries: <empty>
2019-09-17 13:47:42,966 [java.util.concurrent.ThreadPoolExecutor$Worker@662ab04f[State = -1, empty queue]] WARN  server.GrpcLogAppender (GrpcLogAppender.java:timeoutAppendRequest(200)) - bf9845cc-5491-4380-971d-60a5c36fd440@group-7DC0A196B6AC->235b1c08-2c3c-45bc-ab7f-b19a657e57f0-GrpcLogAppender: appendEntries Timeout, request=bf9845cc-5491-4380-971d-60a5c36fd440->235b1c08-2c3c-45bc-ab7f-b19a657e57f0#77-t1, previous=(t:1, i:21), leaderCommit=16, initializing? false, entries: <empty>
 0.00% |█                                                                                                    |  0/1 Time: 0:05:532019-09-17 13:47:43,463 [EventQueue-PipelineActionsForPipelineActionHandler] ERROR pipeline.PipelineActionHandler (PipelineActionHandler.java:onMessage(60)) - Received pipeline action CLOSE for Pipeline[ Id: 402c8385-ff61-457f-b415-7dc0a196b6ac, Nodes: bf9845cc-5491-4380-971d-60a5c36fd440{ip: 192.168.5.130, host: pr-hdds-2136-chhj8-2666454444, networkLocation: /default-rack, certSerialId: null}73c69e8a-9bd3-45ee-8ac9-6e361d860e2f{ip: 192.168.5.130, host: pr-hdds-2136-chhj8-2666454444, networkLocation: /default-rack, certSerialId: null}235b1c08-2c3c-45bc-ab7f-b19a657e57f0{ip: 192.168.5.130, host: pr-hdds-2136-chhj8-2666454444, networkLocation: /default-rack, certSerialId: null}, Type:RATIS, Factor:THREE, State:CLOSED] from datanode bf9845cc-5491-4380-971d-60a5c36fd440{ip: 192.168.5.130, host: pr-hdds-2136-chhj8-2666454444, networkLocation: /default-rack, certSerialId: null}. Reason : bf9845cc-5491-4380-971d-60a5c36fd440 has not seen follower/s 73c69e8a-9bd3-45ee-8ac9-6e361d860e2f for 142382ms 235b1c08-2c3c-45bc-ab7f-b19a657e57f0 for 142381ms
2019-09-17 13:47:43,464 [EventQueue-PipelineActionsForPipelineActionHandler] INFO  pipeline.SCMPipelineManager (SCMPipelineManager.java:finalizeAndDestroyPipeline(311)) - destroying pipeline:Pipeline[ Id: 402c8385-ff61-457f-b415-7dc0a196b6ac, Nodes: bf9845cc-5491-4380-971d-60a5c36fd440{ip: 192.168.5.130, host: pr-hdds-2136-chhj8-2666454444, networkLocation: /default-rack, certSerialId: null}73c69e8a-9bd3-45ee-8ac9-6e361d860e2f{ip: 192.168.5.130, host: pr-hdds-2136-chhj8-2666454444, networkLocation: /default-rack, certSerialId: null}235b1c08-2c3c-45bc-ab7f-b19a657e57f0{ip: 192.168.5.130, host: pr-hdds-2136-chhj8-2666454444, networkLocation: /default-rack, certSerialId: null}, Type:RATIS, Factor:THREE, State:CLOSED]
 0.00% |█                                                                                                    |  0/1 Time: 0:05:542019-09-17 13:47:44,970 [org.apache.ratis.server.impl.LogAppender$AppenderDaemon$$Lambda$512/1779790241@f4c143b] ERROR ratis.XceiverServerRatis (XceiverServerRatis.java:triggerPipelineClose(575)) - pipeline Action CLOSE  on pipeline PipelineID=402c8385-ff61-457f-b415-7dc0a196b6ac.Reason : bf9845cc-5491-4380-971d-60a5c36fd440 has not seen follower/s 73c69e8a-9bd3-45ee-8ac9-6e361d860e2f for 144883ms 235b1c08-2c3c-45bc-ab7f-b19a657e57f0 for 144882ms
2019-09-17 13:47:44,970 [org.apache.ratis.server.impl.LogAppender$AppenderDaemon$$Lambda$512/1779790241@b2ea93] ERROR ratis.XceiverServerRatis (XceiverServerRatis.java:triggerPipelineClose(575)) - pipeline Action CLOSE  on pipeline PipelineID=402c8385-ff61-457f-b415-7dc0a196b6ac.Reason : bf9845cc-5491-4380-971d-60a5c36fd440 has not seen follower/s 73c69e8a-9bd3-45ee-8ac9-6e361d860e2f for 144883ms 235b1c08-2c3c-45bc-ab7f-b19a657e57f0 for 144882ms
 0.00% |█                                                                                                    |  0/1 Time: 0:05:552019-09-17 13:47:45,463 [EventQueue-PipelineActionsForPipelineActionHandler] ERROR pipeline.PipelineActionHandler (PipelineActionHandler.java:onMessage(60)) - Received pipeline action CLOSE for Pipeline[ Id: 402c8385-ff61-457f-b415-7dc0a196b6ac, Nodes: bf9845cc-5491-4380-971d-60a5c36fd440{ip: 192.168.5.130, host: pr-hdds-2136-chhj8-2666454444, networkLocation: /default-rack, certSerialId: null}73c69e8a-9bd3-45ee-8ac9-6e361d860e2f{ip: 192.168.5.130, host: pr-hdds-2136-chhj8-2666454444, networkLocation: /default-rack, certSerialId: null}235b1c08-2c3c-45bc-ab7f-b19a657e57f0{ip: 192.168.5.130, host: pr-hdds-2136-chhj8-2666454444, networkLocation: /default-rack, certSerialId: null}, Type:RATIS, Factor:THREE, State:CLOSED] from datanode bf9845cc-5491-4380-971d-60a5c36fd440{ip: 192.168.5.130, host: pr-hdds-2136-chhj8-2666454444, networkLocation: /default-rack, certSerialId: null}. Reason : bf9845cc-5491-4380-971d-60a5c36fd440 has not seen follower/s 73c69e8a-9bd3-45ee-8ac9-6e361d860e2f for 144883ms 235b1c08-2c3c-45bc-ab7f-b19a657e57f0 for 144882ms
2019-09-17 13:47:45,464 [EventQueue-PipelineActionsForPipelineActionHandler] INFO  pipeline.SCMPipelineManager (SCMPipelineManager.java:finalizeAndDestroyPipeline(311)) - destroying pipeline:Pipeline[ Id: 402c8385-ff61-457f-b415-7dc0a196b6ac, Nodes: bf9845cc-5491-4380-971d-60a5c36fd440{ip: 192.168.5.130, host: pr-hdds-2136-chhj8-2666454444, networkLocation: /default-rack, certSerialId: null}73c69e8a-9bd3-45ee-8ac9-6e361d860e2f{ip: 192.168.5.130, host: pr-hdds-2136-chhj8-2666454444, networkLocation: /default-rack, certSerialId: null}235b1c08-2c3c-45bc-ab7f-b19a657e57f0{ip: 192.168.5.130, host: pr-hdds-2136-chhj8-2666454444, networkLocation: /default-rack, certSerialId: null}, Type:RATIS, Factor:THREE, State:CLOSED]
2019-09-17 13:47:45,468 [java.util.concurrent.ThreadPoolExecutor$Worker@5f232967[State = -1, empty queue]] WARN  server.GrpcLogAppender (GrpcLogAppender.java:timeoutAppendRequest(200)) - bf9845cc-5491-4380-971d-60a5c36fd440@group-7DC0A196B6AC->73c69e8a-9bd3-45ee-8ac9-6e361d860e2f-GrpcLogAppender: appendEntries Timeout, request=bf9845cc-5491-4380-971d-60a5c36fd440->73c69e8a-9bd3-45ee-8ac9-6e361d860e2f#78-t1, previous=(t:1, i:21), leaderCommit=16, initializing? false, entries: <empty>
2019-09-17 13:47:45,468 [java.util.concurrent.ThreadPoolExecutor$Worker@662ab04f[State = -1, empty queue]] WARN  server.GrpcLogAppender (GrpcLogAppender.java:timeoutAppendRequest(200)) - bf9845cc-5491-4380-971d-60a5c36fd440@group-7DC0A196B6AC->235b1c08-2c3c-45bc-ab7f-b19a657e57f0-GrpcLogAppender: appendEntries Timeout, request=bf9845cc-5491-4380-971d-60a5c36fd440->235b1c08-2c3c-45bc-ab7f-b19a657e57f0#78-t1, previous=(t:1, i:21), leaderCommit=16, initializing? false, entries: <empty>
 0.00% |█                                                                                                    |  0/1 Time: 0:05:562019-09-17 13:47:46,316 [grpc-default-executor-5] INFO  client.GrpcClientProtocolClient (GrpcClientProtocolClient.java:onNext(264)) - client-BB96F508478C->235b1c08-2c3c-45bc-ab7f-b19a657e57f0: receive RaftClientReply:client-BB96F508478C->235b1c08-2c3c-45bc-ab7f-b19a657e57f0@group-7DC0A196B6AC, cid=57, FAILED org.apache.ratis.protocol.NotLeaderException: Server 235b1c08-2c3c-45bc-ab7f-b19a657e57f0@group-7DC0A196B6AC is not the leader bf9845cc-5491-4380-971d-60a5c36fd440:192.168.5.130:40791, logIndex=0, commits[235b1c08-2c3c-45bc-ab7f-b19a657e57f0:c16, 73c69e8a-9bd3-45ee-8ac9-6e361d860e2f:c12, bf9845cc-5491-4380-971d-60a5c36fd440:c16]
 0.00% |█                                                                                                    |  0/1 Time: 0:05:572019-09-17 13:47:47,470 [org.apache.ratis.server.impl.LogAppender$AppenderDaemon$$Lambda$512/1779790241@b2ea93] ERROR ratis.XceiverServerRatis (XceiverServerRatis.java:triggerPipelineClose(575)) - pipeline Action CLOSE  on pipeline PipelineID=402c8385-ff61-457f-b415-7dc0a196b6ac.Reason : bf9845cc-5491-4380-971d-60a5c36fd440 has not seen follower/s 73c69e8a-9bd3-45ee-8ac9-6e361d860e2f for 147384ms 235b1c08-2c3c-45bc-ab7f-b19a657e57f0 for 147383ms
2019-09-17 13:47:47,471 [org.apache.ratis.server.impl.LogAppender$AppenderDaemon$$Lambda$512/1779790241@f4c143b] ERROR ratis.XceiverServerRatis (XceiverServerRatis.java:triggerPipelineClose(575)) - pipeline Action CLOSE  on pipeline PipelineID=402c8385-ff61-457f-b415-7dc0a196b6ac.Reason : bf9845cc-5491-4380-971d-60a5c36fd440 has not seen follower/s 73c69e8a-9bd3-45ee-8ac9-6e361d860e2f for 147384ms 235b1c08-2c3c-45bc-ab7f-b19a657e57f0 for 147383ms
2019-09-17 13:47:47,969 [java.util.concurrent.ThreadPoolExecutor$Worker@662ab04f[State = -1, empty queue]] WARN  server.GrpcLogAppender (GrpcLogAppender.java:timeoutAppendRequest(200)) - bf9845cc-5491-4380-971d-60a5c36fd440@group-7DC0A196B6AC->235b1c08-2c3c-45bc-ab7f-b19a657e57f0-GrpcLogAppender: appendEntries Timeout, request=bf9845cc-5491-4380-971d-60a5c36fd440->235b1c08-2c3c-45bc-ab7f-b19a657e57f0#79-t1, previous=(t:1, i:21), leaderCommit=16, initializing? false, entries: <empty>
2019-09-17 13:47:47,969 [java.util.concurrent.ThreadPoolExecutor$Worker@5f232967[State = -1, empty queue]] WARN  server.GrpcLogAppender (GrpcLogAppender.java:timeoutAppendRequest(200)) - bf9845cc-5491-4380-971d-60a5c36fd440@group-7DC0A196B6AC->73c69e8a-9bd3-45ee-8ac9-6e361d860e2f-GrpcLogAppender: appendEntries Timeout, request=bf9845cc-5491-4380-971d-60a5c36fd440->73c69e8a-9bd3-45ee-8ac9-6e361d860e2f#79-t1, previous=(t:1, i:21), leaderCommit=16, initializing? false, entries: <empty>
 0.00% |█                                                                                                    |  0/1 Time: 0:05:582019-09-17 13:47:48,464 [EventQueue-PipelineActionsForPipelineActionHandler] ERROR pipeline.PipelineActionHandler (PipelineActionHandler.java:onMessage(60)) - Received pipeline action CLOSE for Pipeline[ Id: 402c8385-ff61-457f-b415-7dc0a196b6ac, Nodes: bf9845cc-5491-4380-971d-60a5c36fd440{ip: 192.168.5.130, host: pr-hdds-2136-chhj8-2666454444, networkLocation: /default-rack, certSerialId: null}73c69e8a-9bd3-45ee-8ac9-6e361d860e2f{ip: 192.168.5.130, host: pr-hdds-2136-chhj8-2666454444, networkLocation: /default-rack, certSerialId: null}235b1c08-2c3c-45bc-ab7f-b19a657e57f0{ip: 192.168.5.130, host: pr-hdds-2136-chhj8-2666454444, networkLocation: /default-rack, certSerialId: null}, Type:RATIS, Factor:THREE, State:CLOSED] from datanode bf9845cc-5491-4380-971d-60a5c36fd440{ip: 192.168.5.130, host: pr-hdds-2136-chhj8-2666454444, networkLocation: /default-rack, certSerialId: null}. Reason : bf9845cc-5491-4380-971d-60a5c36fd440 has not seen follower/s 73c69e8a-9bd3-45ee-8ac9-6e361d860e2f for 147384ms 235b1c08-2c3c-45bc-ab7f-b19a657e57f0 for 147383ms
2019-09-17 13:47:48,464 [EventQueue-PipelineActionsForPipelineActionHandler] INFO  pipeline.SCMPipelineManager (SCMPipelineManager.java:finalizeAndDestroyPipeline(311)) - destroying pipeline:Pipeline[ Id: 402c8385-ff61-457f-b415-7dc0a196b6ac, Nodes: bf9845cc-5491-4380-971d-60a5c36fd440{ip: 192.168.5.130, host: pr-hdds-2136-chhj8-2666454444, networkLocation: /default-rack, certSerialId: null}73c69e8a-9bd3-45ee-8ac9-6e361d860e2f{ip: 192.168.5.130, host: pr-hdds-2136-chhj8-2666454444, networkLocation: /default-rack, certSerialId: null}235b1c08-2c3c-45bc-ab7f-b19a657e57f0{ip: 192.168.5.130, host: pr-hdds-2136-chhj8-2666454444, networkLocation: /default-rack, certSerialId: null}, Type:RATIS, Factor:THREE, State:CLOSED]
 0.00% |█                                                                                                    |  0/1 Time: 0:05:592019-09-17 13:47:49,880 [grpc-default-executor-5] INFO  impl.RaftServerProxy (RaftServerProxy.java:addNew(89)) - 235b1c08-2c3c-45bc-ab7f-b19a657e57f0: addNew group-0683C80A28FA:[73c69e8a-9bd3-45ee-8ac9-6e361d860e2f:192.168.5.130:33300, 235b1c08-2c3c-45bc-ab7f-b19a657e57f0:192.168.5.130:39322, bf9845cc-5491-4380-971d-60a5c36fd440:192.168.5.130:40791] returns group-0683C80A28FA:java.util.concurrent.CompletableFuture@1601139a[Not completed]
2019-09-17 13:47:49,880 [grpc-default-executor-3] INFO  impl.RaftServerProxy (RaftServerProxy.java:addNew(89)) - 73c69e8a-9bd3-45ee-8ac9-6e361d860e2f: addNew group-0683C80A28FA:[73c69e8a-9bd3-45ee-8ac9-6e361d860e2f:192.168.5.130:33300, 235b1c08-2c3c-45bc-ab7f-b19a657e57f0:192.168.5.130:39322, bf9845cc-5491-4380-971d-60a5c36fd440:192.168.5.130:40791] returns group-0683C80A28FA:java.util.concurrent.CompletableFuture@64c3b1b1[Not completed]
2019-09-17 13:47:49,880 [grpc-default-executor-2] INFO  impl.RaftServerProxy (RaftServerProxy.java:addNew(89)) - bf9845cc-5491-4380-971d-60a5c36fd440: addNew group-0683C80A28FA:[73c69e8a-9bd3-45ee-8ac9-6e361d860e2f:192.168.5.130:33300, 235b1c08-2c3c-45bc-ab7f-b19a657e57f0:192.168.5.130:39322, bf9845cc-5491-4380-971d-60a5c36fd440:192.168.5.130:40791] returns group-0683C80A28FA:java.util.concurrent.CompletableFuture@6ff38a49[Not completed]
2019-09-17 13:47:49,883 [pool-37-thread-1] INFO  impl.RaftServerImpl (RaftServerImpl.java:<init>(95)) - 235b1c08-2c3c-45bc-ab7f-b19a657e57f0: new RaftServerImpl for group-0683C80A28FA:[73c69e8a-9bd3-45ee-8ac9-6e361d860e2f:192.168.5.130:33300, 235b1c08-2c3c-45bc-ab7f-b19a657e57f0:192.168.5.130:39322, bf9845cc-5491-4380-971d-60a5c36fd440:192.168.5.130:40791] with ContainerStateMachine:uninitialized
2019-09-17 13:47:49,883 [pool-37-thread-1] INFO  server.RaftServerConfigKeys (ConfUtils.java:logGet(43)) - raft.server.rpc.timeout.min = 5s (custom)
2019-09-17 13:47:49,883 [pool-37-thread-1] INFO  server.RaftServerConfigKeys (ConfUtils.java:logGet(43)) - raft.server.rpc.timeout.max = 5200ms (custom)
2019-09-17 13:47:49,884 [pool-37-thread-1] INFO  server.RaftServerConfigKeys (ConfUtils.java:logGet(43)) - raft.server.rpcslowness.timeout = 120s (custom)
2019-09-17 13:47:49,884 [pool-37-thread-1] INFO  server.RaftServerConfigKeys (ConfUtils.java:logGet(43)) - raft.server.sleep.deviation.threshold = 300 (default)
2019-09-17 13:47:49,884 [pool-47-thread-1] INFO  impl.RaftServerImpl (RaftServerImpl.java:<init>(95)) - bf9845cc-5491-4380-971d-60a5c36fd440: new RaftServerImpl for group-0683C80A28FA:[73c69e8a-9bd3-45ee-8ac9-6e361d860e2f:192.168.5.130:33300, 235b1c08-2c3c-45bc-ab7f-b19a657e57f0:192.168.5.130:39322, bf9845cc-5491-4380-971d-60a5c36fd440:192.168.5.130:40791] with ContainerStateMachine:uninitialized
2019-09-17 13:47:49,884 [pool-37-thread-1] INFO  server.RaftServerConfigKeys (ConfUtils.java:logGet(43)) - raft.server.log.appender.install.snapshot.enabled = false (custom)
2019-09-17 13:47:49,884 [pool-47-thread-1] INFO  server.RaftServerConfigKeys (ConfUtils.java:logGet(43)) - raft.server.rpc.timeout.min = 5s (custom)
2019-09-17 13:47:49,884 [pool-37-thread-1] INFO  impl.RaftServerImpl (ServerState.java:<init>(103)) - 235b1c08-2c3c-45bc-ab7f-b19a657e57f0@group-0683C80A28FA: ConfigurationManager, init=-1: [73c69e8a-9bd3-45ee-8ac9-6e361d860e2f:192.168.5.130:33300, 235b1c08-2c3c-45bc-ab7f-b19a657e57f0:192.168.5.130:39322, bf9845cc-5491-4380-971d-60a5c36fd440:192.168.5.130:40791], old=null, confs=<EMPTY_MAP>
2019-09-17 13:47:49,884 [pool-47-thread-1] INFO  server.RaftServerConfigKeys (ConfUtils.java:logGet(43)) - raft.server.rpc.timeout.max = 5200ms (custom)
2019-09-17 13:47:49,884 [pool-47-thread-1] INFO  server.RaftServerConfigKeys (ConfUtils.java:logGet(43)) - raft.server.rpcslowness.timeout = 120s (custom)
2019-09-17 13:47:49,884 [pool-47-thread-1] INFO  server.RaftServerConfigKeys (ConfUtils.java:logGet(43)) - raft.server.sleep.deviation.threshold = 300 (default)
2019-09-17 13:47:49,884 [pool-37-thread-1] INFO  server.RaftServerConfigKeys (ConfUtils.java:logGet(43)) - raft.server.storage.dir = [/tmp/workdir/hadoop-ozone/tools/target/test-dir/MiniOzoneClusterImpl-5c3156a5-1eb5-4435-9faa-bd301b5c4b00/datanode-1/data/ratis] (custom)
2019-09-17 13:47:49,884 [pool-27-thread-1] INFO  impl.RaftServerImpl (RaftServerImpl.java:<init>(95)) - 73c69e8a-9bd3-45ee-8ac9-6e361d860e2f: new RaftServerImpl for group-0683C80A28FA:[73c69e8a-9bd3-45ee-8ac9-6e361d860e2f:192.168.5.130:33300, 235b1c08-2c3c-45bc-ab7f-b19a657e57f0:192.168.5.130:39322, bf9845cc-5491-4380-971d-60a5c36fd440:192.168.5.130:40791] with ContainerStateMachine:uninitialized
2019-09-17 13:47:49,885 [pool-47-thread-1] INFO  server.RaftServerConfigKeys (ConfUtils.java:logGet(43)) - raft.server.log.appender.install.snapshot.enabled = false (custom)
2019-09-17 13:47:49,885 [pool-27-thread-1] INFO  server.RaftServerConfigKeys (ConfUtils.java:logGet(43)) - raft.server.rpc.timeout.min = 5s (custom)
2019-09-17 13:47:49,885 [pool-47-thread-1] INFO  impl.RaftServerImpl (ServerState.java:<init>(103)) - bf9845cc-5491-4380-971d-60a5c36fd440@group-0683C80A28FA: ConfigurationManager, init=-1: [73c69e8a-9bd3-45ee-8ac9-6e361d860e2f:192.168.5.130:33300, 235b1c08-2c3c-45bc-ab7f-b19a657e57f0:192.168.5.130:39322, bf9845cc-5491-4380-971d-60a5c36fd440:192.168.5.130:40791], old=null, confs=<EMPTY_MAP>
2019-09-17 13:47:49,885 [pool-27-thread-1] INFO  server.RaftServerConfigKeys (ConfUtils.java:logGet(43)) - raft.server.rpc.timeout.max = 5200ms (custom)
2019-09-17 13:47:49,885 [pool-37-thread-1] INFO  storage.RaftStorageDirectory (RaftStorageDirectory.java:analyzeStorage(246)) - The storage directory /tmp/workdir/hadoop-ozone/tools/target/test-dir/MiniOzoneClusterImpl-5c3156a5-1eb5-4435-9faa-bd301b5c4b00/datanode-1/data/ratis/57806ef4-f87e-4dce-842f-0683c80a28fa does not exist. Creating ...
2019-09-17 13:47:49,885 [pool-27-thread-1] INFO  server.RaftServerConfigKeys (ConfUtils.java:logGet(43)) - raft.server.rpcslowness.timeout = 120s (custom)
2019-09-17 13:47:49,885 [pool-47-thread-1] INFO  server.RaftServerConfigKeys (ConfUtils.java:logGet(43)) - raft.server.storage.dir = [/tmp/workdir/hadoop-ozone/tools/target/test-dir/MiniOzoneClusterImpl-5c3156a5-1eb5-4435-9faa-bd301b5c4b00/datanode-2/data/ratis] (custom)
2019-09-17 13:47:49,885 [pool-27-thread-1] INFO  server.RaftServerConfigKeys (ConfUtils.java:logGet(43)) - raft.server.sleep.deviation.threshold = 300 (default)
2019-09-17 13:47:49,886 [pool-27-thread-1] INFO  server.RaftServerConfigKeys (ConfUtils.java:logGet(43)) - raft.server.log.appender.install.snapshot.enabled = false (custom)
2019-09-17 13:47:49,886 [pool-47-thread-1] INFO  storage.RaftStorageDirectory (RaftStorageDirectory.java:analyzeStorage(246)) - The storage directory /tmp/workdir/hadoop-ozone/tools/target/test-dir/MiniOzoneClusterImpl-5c3156a5-1eb5-4435-9faa-bd301b5c4b00/datanode-2/data/ratis/57806ef4-f87e-4dce-842f-0683c80a28fa does not exist. Creating ...
2019-09-17 13:47:49,886 [pool-27-thread-1] INFO  impl.RaftServerImpl (ServerState.java:<init>(103)) - 73c69e8a-9bd3-45ee-8ac9-6e361d860e2f@group-0683C80A28FA: ConfigurationManager, init=-1: [73c69e8a-9bd3-45ee-8ac9-6e361d860e2f:192.168.5.130:33300, 235b1c08-2c3c-45bc-ab7f-b19a657e57f0:192.168.5.130:39322, bf9845cc-5491-4380-971d-60a5c36fd440:192.168.5.130:40791], old=null, confs=<EMPTY_MAP>
2019-09-17 13:47:49,886 [pool-27-thread-1] INFO  server.RaftServerConfigKeys (ConfUtils.java:logGet(43)) - raft.server.storage.dir = [/tmp/workdir/hadoop-ozone/tools/target/test-dir/MiniOzoneClusterImpl-5c3156a5-1eb5-4435-9faa-bd301b5c4b00/datanode-0/data/ratis] (custom)
2019-09-17 13:47:49,886 [pool-27-thread-1] INFO  storage.RaftStorageDirectory (RaftStorageDirectory.java:analyzeStorage(246)) - The storage directory /tmp/workdir/hadoop-ozone/tools/target/test-dir/MiniOzoneClusterImpl-5c3156a5-1eb5-4435-9faa-bd301b5c4b00/datanode-0/data/ratis/57806ef4-f87e-4dce-842f-0683c80a28fa does not exist. Creating ...
2019-09-17 13:47:49,901 [pool-37-thread-1] INFO  storage.RaftStorageDirectory (RaftStorageDirectory.java:tryLock(328)) - Lock on /tmp/workdir/hadoop-ozone/tools/target/test-dir/MiniOzoneClusterImpl-5c3156a5-1eb5-4435-9faa-bd301b5c4b00/datanode-1/data/ratis/57806ef4-f87e-4dce-842f-0683c80a28fa/in_use.lock acquired by nodename 8806@pr-hdds-2136-chhj8-2666454444
2019-09-17 13:47:49,901 [pool-27-thread-1] INFO  storage.RaftStorageDirectory (RaftStorageDirectory.java:tryLock(328)) - Lock on /tmp/workdir/hadoop-ozone/tools/target/test-dir/MiniOzoneClusterImpl-5c3156a5-1eb5-4435-9faa-bd301b5c4b00/datanode-0/data/ratis/57806ef4-f87e-4dce-842f-0683c80a28fa/in_use.lock acquired by nodename 8806@pr-hdds-2136-chhj8-2666454444
2019-09-17 13:47:49,901 [pool-47-thread-1] INFO  storage.RaftStorageDirectory (RaftStorageDirectory.java:tryLock(328)) - Lock on /tmp/workdir/hadoop-ozone/tools/target/test-dir/MiniOzoneClusterImpl-5c3156a5-1eb5-4435-9faa-bd301b5c4b00/datanode-2/data/ratis/57806ef4-f87e-4dce-842f-0683c80a28fa/in_use.lock acquired by nodename 8806@pr-hdds-2136-chhj8-2666454444
2019-09-17 13:47:49,917 [pool-37-thread-1] INFO  storage.RaftStorage (RaftStorage.java:format(72)) - Storage directory /tmp/workdir/hadoop-ozone/tools/target/test-dir/MiniOzoneClusterImpl-5c3156a5-1eb5-4435-9faa-bd301b5c4b00/datanode-1/data/ratis/57806ef4-f87e-4dce-842f-0683c80a28fa has been successfully formatted.
2019-09-17 13:47:49,917 [pool-47-thread-1] INFO  storage.RaftStorage (RaftStorage.java:format(72)) - Storage directory /tmp/workdir/hadoop-ozone/tools/target/test-dir/MiniOzoneClusterImpl-5c3156a5-1eb5-4435-9faa-bd301b5c4b00/datanode-2/data/ratis/57806ef4-f87e-4dce-842f-0683c80a28fa has been successfully formatted.
2019-09-17 13:47:49,917 [pool-27-thread-1] INFO  storage.RaftStorage (RaftStorage.java:format(72)) - Storage directory /tmp/workdir/hadoop-ozone/tools/target/test-dir/MiniOzoneClusterImpl-5c3156a5-1eb5-4435-9faa-bd301b5c4b00/datanode-0/data/ratis/57806ef4-f87e-4dce-842f-0683c80a28fa has been successfully formatted.
2019-09-17 13:47:49,918 [pool-47-thread-1] INFO  ratis.ContainerStateMachine (ContainerStateMachine.java:loadSnapshot(230)) - group-0683C80A28FA: The snapshot info is null. Setting the last applied indexto:(t:0, i:~)
2019-09-17 13:47:49,918 [pool-37-thread-1] INFO  ratis.ContainerStateMachine (ContainerStateMachine.java:loadSnapshot(230)) - group-0683C80A28FA: The snapshot info is null. Setting the last applied indexto:(t:0, i:~)
2019-09-17 13:47:49,918 [pool-47-thread-1] INFO  server.RaftServerConfigKeys (ConfUtils.java:logGet(43)) - raft.server.notification.no-leader.timeout = 120s (custom)
2019-09-17 13:47:49,918 [pool-27-thread-1] INFO  ratis.ContainerStateMachine (ContainerStateMachine.java:loadSnapshot(230)) - group-0683C80A28FA: The snapshot info is null. Setting the last applied indexto:(t:0, i:~)
2019-09-17 13:47:49,918 [pool-47-thread-1] INFO  server.RaftServerConfigKeys (ConfUtils.java:logGet(43)) - raft.server.log.use.memory = false (default)
2019-09-17 13:47:49,918 [pool-37-thread-1] INFO  server.RaftServerConfigKeys (ConfUtils.java:logGet(43)) - raft.server.notification.no-leader.timeout = 120s (custom)
2019-09-17 13:47:49,918 [pool-47-thread-1] INFO  server.RaftServerConfigKeys (ConfUtils.java:logGet(43)) - raft.server.log.purge.gap = 1000000 (custom)
2019-09-17 13:47:49,918 [pool-27-thread-1] INFO  server.RaftServerConfigKeys (ConfUtils.java:logGet(43)) - raft.server.notification.no-leader.timeout = 120s (custom)
2019-09-17 13:47:49,919 [pool-47-thread-1] INFO  server.RaftServerConfigKeys (ConfUtils.java:logGet(43)) - raft.server.log.appender.buffer.byte-limit = 33554432 (custom)
2019-09-17 13:47:49,918 [pool-37-thread-1] INFO  server.RaftServerConfigKeys (ConfUtils.java:logGet(43)) - raft.server.log.use.memory = false (default)
2019-09-17 13:47:49,919 [pool-47-thread-1] INFO  server.RaftServerConfigKeys (ConfUtils.java:logGet(43)) - raft.server.log.segment.size.max = 1048576 (custom)
2019-09-17 13:47:49,919 [pool-27-thread-1] INFO  server.RaftServerConfigKeys (ConfUtils.java:logGet(43)) - raft.server.log.use.memory = false (default)
2019-09-17 13:47:49,919 [pool-47-thread-1] INFO  server.RaftServerConfigKeys (ConfUtils.java:logGet(43)) - raft.server.log.segment.cache.num.max = 2 (custom)
2019-09-17 13:47:49,919 [pool-37-thread-1] INFO  server.RaftServerConfigKeys (ConfUtils.java:logGet(43)) - raft.server.log.purge.gap = 1000000 (custom)
2019-09-17 13:47:49,919 [pool-47-thread-1] INFO  segmented.SegmentedRaftLogWorker (SegmentedRaftLogWorker.java:<init>(172)) - new bf9845cc-5491-4380-971d-60a5c36fd440@group-0683C80A28FA-SegmentedRaftLogWorker for RaftStorage:Storage Directory /tmp/workdir/hadoop-ozone/tools/target/test-dir/MiniOzoneClusterImpl-5c3156a5-1eb5-4435-9faa-bd301b5c4b00/datanode-2/data/ratis/57806ef4-f87e-4dce-842f-0683c80a28fa
2019-09-17 13:47:49,919 [pool-27-thread-1] INFO  server.RaftServerConfigKeys (ConfUtils.java:logGet(43)) - raft.server.log.purge.gap = 1000000 (custom)
2019-09-17 13:47:49,919 [pool-47-thread-1] INFO  server.RaftServerConfigKeys (ConfUtils.java:logGet(43)) - raft.server.log.queue.byte-limit = 2147483647 (custom)
2019-09-17 13:47:49,919 [pool-37-thread-1] INFO  server.RaftServerConfigKeys (ConfUtils.java:logGet(43)) - raft.server.log.appender.buffer.byte-limit = 33554432 (custom)
2019-09-17 13:47:49,920 [pool-47-thread-1] INFO  server.RaftServerConfigKeys (ConfUtils.java:logGet(43)) - raft.server.log.queue.element-limit = 1024 (custom)
2019-09-17 13:47:49,920 [pool-27-thread-1] INFO  server.RaftServerConfigKeys (ConfUtils.java:logGet(43)) - raft.server.log.appender.buffer.byte-limit = 33554432 (custom)
2019-09-17 13:47:49,920 [pool-47-thread-1] INFO  server.RaftServerConfigKeys (ConfUtils.java:logGet(43)) - raft.server.log.segment.size.max = 1048576 (custom)
2019-09-17 13:47:49,920 [pool-37-thread-1] INFO  server.RaftServerConfigKeys (ConfUtils.java:logGet(43)) - raft.server.log.segment.size.max = 1048576 (custom)
2019-09-17 13:47:49,920 [pool-47-thread-1] INFO  server.RaftServerConfigKeys (ConfUtils.java:logGet(43)) - raft.server.log.preallocated.size = 16384 (custom)
2019-09-17 13:47:49,920 [pool-27-thread-1] INFO  server.RaftServerConfigKeys (ConfUtils.java:logGet(43)) - raft.server.log.segment.size.max = 1048576 (custom)
2019-09-17 13:47:49,920 [pool-47-thread-1] INFO  server.RaftServerConfigKeys (ConfUtils.java:logGet(43)) - raft.server.log.write.buffer.size = 33554432 (custom)
2019-09-17 13:47:49,920 [pool-37-thread-1] INFO  server.RaftServerConfigKeys (ConfUtils.java:logGet(43)) - raft.server.log.segment.cache.num.max = 2 (custom)
2019-09-17 13:47:49,920 [pool-47-thread-1] INFO  server.RaftServerConfigKeys (ConfUtils.java:logGet(43)) - raft.server.log.force.sync.num = 128 (default)
2019-09-17 13:47:49,920 [pool-27-thread-1] INFO  server.RaftServerConfigKeys (ConfUtils.java:logGet(43)) - raft.server.log.segment.cache.num.max = 2 (custom)
2019-09-17 13:47:49,921 [pool-47-thread-1] INFO  server.RaftServerConfigKeys (ConfUtils.java:logGet(43)) - raft.server.log.statemachine.data.sync = true (default)
2019-09-17 13:47:49,921 [pool-37-thread-1] INFO  segmented.SegmentedRaftLogWorker (SegmentedRaftLogWorker.java:<init>(172)) - new 235b1c08-2c3c-45bc-ab7f-b19a657e57f0@group-0683C80A28FA-SegmentedRaftLogWorker for RaftStorage:Storage Directory /tmp/workdir/hadoop-ozone/tools/target/test-dir/MiniOzoneClusterImpl-5c3156a5-1eb5-4435-9faa-bd301b5c4b00/datanode-1/data/ratis/57806ef4-f87e-4dce-842f-0683c80a28fa
2019-09-17 13:47:49,921 [pool-47-thread-1] INFO  server.RaftServerConfigKeys (ConfUtils.java:logGet(43)) - raft.server.log.statemachine.data.sync.timeout = 10s (default)
2019-09-17 13:47:49,921 [pool-27-thread-1] INFO  segmented.SegmentedRaftLogWorker (SegmentedRaftLogWorker.java:<init>(172)) - new 73c69e8a-9bd3-45ee-8ac9-6e361d860e2f@group-0683C80A28FA-SegmentedRaftLogWorker for RaftStorage:Storage Directory /tmp/workdir/hadoop-ozone/tools/target/test-dir/MiniOzoneClusterImpl-5c3156a5-1eb5-4435-9faa-bd301b5c4b00/datanode-0/data/ratis/57806ef4-f87e-4dce-842f-0683c80a28fa
2019-09-17 13:47:49,921 [pool-47-thread-1] INFO  server.RaftServerConfigKeys (ConfUtils.java:logGet(43)) - raft.server.log.statemachine.data.sync.timeout.retry = -1 (default)
2019-09-17 13:47:49,921 [pool-37-thread-1] INFO  server.RaftServerConfigKeys (ConfUtils.java:logGet(43)) - raft.server.log.queue.byte-limit = 2147483647 (custom)
2019-09-17 13:47:49,921 [pool-47-thread-1] INFO  server.RaftServerConfigKeys (ConfUtils.java:logGet(43)) - raft.server.log.statemachine.data.caching.enabled = true (custom)
2019-09-17 13:47:49,921 [pool-27-thread-1] INFO  server.RaftServerConfigKeys (ConfUtils.java:logGet(43)) - raft.server.log.queue.byte-limit = 2147483647 (custom)
2019-09-17 13:47:49,921 [pool-37-thread-1] INFO  server.RaftServerConfigKeys (ConfUtils.java:logGet(43)) - raft.server.log.queue.element-limit = 1024 (custom)
2019-09-17 13:47:49,922 [pool-27-thread-1] INFO  server.RaftServerConfigKeys (ConfUtils.java:logGet(43)) - raft.server.log.queue.element-limit = 1024 (custom)
2019-09-17 13:47:49,922 [pool-37-thread-1] INFO  server.RaftServerConfigKeys (ConfUtils.java:logGet(43)) - raft.server.log.segment.size.max = 1048576 (custom)
2019-09-17 13:47:49,922 [pool-47-thread-1] INFO  segmented.SegmentedRaftLogWorker (SegmentedRaftLogWorker.java:lambda$new$0(132)) - bf9845cc-5491-4380-971d-60a5c36fd440@group-0683C80A28FA-SegmentedRaftLogWorker: flushIndex: setUnconditionally 0 -> -1
2019-09-17 13:47:49,922 [pool-37-thread-1] INFO  server.RaftServerConfigKeys (ConfUtils.java:logGet(43)) - raft.server.log.preallocated.size = 16384 (custom)
2019-09-17 13:47:49,922 [pool-27-thread-1] INFO  server.RaftServerConfigKeys (ConfUtils.java:logGet(43)) - raft.server.log.segment.size.max = 1048576 (custom)
2019-09-17 13:47:49,922 [pool-37-thread-1] INFO  server.RaftServerConfigKeys (ConfUtils.java:logGet(43)) - raft.server.log.write.buffer.size = 33554432 (custom)
2019-09-17 13:47:49,922 [pool-47-thread-1] INFO  server.RaftServerConfigKeys (ConfUtils.java:logGet(43)) - raft.server.snapshot.auto.trigger.enabled = true (custom)
2019-09-17 13:47:49,922 [pool-27-thread-1] INFO  server.RaftServerConfigKeys (ConfUtils.java:logGet(43)) - raft.server.log.preallocated.size = 16384 (custom)
2019-09-17 13:47:49,923 [pool-47-thread-1] INFO  server.RaftServerConfigKeys (ConfUtils.java:logGet(43)) - raft.server.snapshot.auto.trigger.threshold = 10000 (custom)
2019-09-17 13:47:49,922 [pool-37-thread-1] INFO  server.RaftServerConfigKeys (ConfUtils.java:logGet(43)) - raft.server.log.force.sync.num = 128 (default)
2019-09-17 13:47:49,923 [pool-47-thread-1] INFO  server.RaftServerConfigKeys (ConfUtils.java:logGet(43)) - raft.server.snapshot.retention.num.files = 5 (custom)
2019-09-17 13:47:49,923 [pool-27-thread-1] INFO  server.RaftServerConfigKeys (ConfUtils.java:logGet(43)) - raft.server.log.write.buffer.size = 33554432 (custom)
2019-09-17 13:47:49,923 [pool-47-thread-1] INFO  server.RaftServerConfigKeys (ConfUtils.java:logGet(43)) - raft.server.retrycache.expirytime = 600000ms (custom)
2019-09-17 13:47:49,923 [pool-37-thread-1] INFO  server.RaftServerConfigKeys (ConfUtils.java:logGet(43)) - raft.server.log.statemachine.data.sync = true (default)
2019-09-17 13:47:49,923 [pool-27-thread-1] INFO  server.RaftServerConfigKeys (ConfUtils.java:logGet(43)) - raft.server.log.force.sync.num = 128 (default)
2019-09-17 13:47:49,923 [pool-37-thread-1] INFO  server.RaftServerConfigKeys (ConfUtils.java:logGet(43)) - raft.server.log.statemachine.data.sync.timeout = 10s (default)
2019-09-17 13:47:49,924 [pool-27-thread-1] INFO  server.RaftServerConfigKeys (ConfUtils.java:logGet(43)) - raft.server.log.statemachine.data.sync = true (default)
2019-09-17 13:47:49,924 [pool-37-thread-1] INFO  server.RaftServerConfigKeys (ConfUtils.java:logGet(43)) - raft.server.log.statemachine.data.sync.timeout.retry = -1 (default)
2019-09-17 13:47:49,924 [pool-27-thread-1] INFO  server.RaftServerConfigKeys (ConfUtils.java:logGet(43)) - raft.server.log.statemachine.data.sync.timeout = 10s (default)
2019-09-17 13:47:49,924 [pool-37-thread-1] INFO  server.RaftServerConfigKeys (ConfUtils.java:logGet(43)) - raft.server.log.statemachine.data.caching.enabled = true (custom)
2019-09-17 13:47:49,924 [pool-27-thread-1] INFO  server.RaftServerConfigKeys (ConfUtils.java:logGet(43)) - raft.server.log.statemachine.data.sync.timeout.retry = -1 (default)
2019-09-17 13:47:49,924 [pool-37-thread-1] INFO  segmented.SegmentedRaftLogWorker (SegmentedRaftLogWorker.java:lambda$new$0(132)) - 235b1c08-2c3c-45bc-ab7f-b19a657e57f0@group-0683C80A28FA-SegmentedRaftLogWorker: flushIndex: setUnconditionally 0 -> -1
2019-09-17 13:47:49,924 [pool-27-thread-1] INFO  server.RaftServerConfigKeys (ConfUtils.java:logGet(43)) - raft.server.log.statemachine.data.caching.enabled = true (custom)
2019-09-17 13:47:49,924 [pool-37-thread-1] INFO  server.RaftServerConfigKeys (ConfUtils.java:logGet(43)) - raft.server.snapshot.auto.trigger.enabled = true (custom)
2019-09-17 13:47:49,925 [pool-37-thread-1] INFO  server.RaftServerConfigKeys (ConfUtils.java:logGet(43)) - raft.server.snapshot.auto.trigger.threshold = 10000 (custom)
2019-09-17 13:47:49,925 [pool-27-thread-1] INFO  segmented.SegmentedRaftLogWorker (SegmentedRaftLogWorker.java:lambda$new$0(132)) - 73c69e8a-9bd3-45ee-8ac9-6e361d860e2f@group-0683C80A28FA-SegmentedRaftLogWorker: flushIndex: setUnconditionally 0 -> -1
2019-09-17 13:47:49,925 [pool-37-thread-1] INFO  server.RaftServerConfigKeys (ConfUtils.java:logGet(43)) - raft.server.snapshot.retention.num.files = 5 (custom)
2019-09-17 13:47:49,925 [pool-37-thread-1] INFO  server.RaftServerConfigKeys (ConfUtils.java:logGet(43)) - raft.server.retrycache.expirytime = 600000ms (custom)
2019-09-17 13:47:49,925 [pool-27-thread-1] INFO  server.RaftServerConfigKeys (ConfUtils.java:logGet(43)) - raft.server.snapshot.auto.trigger.enabled = true (custom)
2019-09-17 13:47:49,925 [pool-27-thread-1] INFO  server.RaftServerConfigKeys (ConfUtils.java:logGet(43)) - raft.server.snapshot.auto.trigger.threshold = 10000 (custom)
2019-09-17 13:47:49,925 [pool-27-thread-1] INFO  server.RaftServerConfigKeys (ConfUtils.java:logGet(43)) - raft.server.snapshot.retention.num.files = 5 (custom)
2019-09-17 13:47:49,926 [pool-27-thread-1] INFO  server.RaftServerConfigKeys (ConfUtils.java:logGet(43)) - raft.server.retrycache.expirytime = 600000ms (custom)
2019-09-17 13:47:49,927 [pool-47-thread-1] INFO  impl.RaftServerImpl (RaftServerImpl.java:start(185)) - bf9845cc-5491-4380-971d-60a5c36fd440@group-0683C80A28FA: start as a follower, conf=-1: [73c69e8a-9bd3-45ee-8ac9-6e361d860e2f:192.168.5.130:33300, 235b1c08-2c3c-45bc-ab7f-b19a657e57f0:192.168.5.130:39322, bf9845cc-5491-4380-971d-60a5c36fd440:192.168.5.130:40791], old=null
2019-09-17 13:47:49,927 [pool-47-thread-1] INFO  impl.RaftServerImpl (RaftServerImpl.java:setRole(174)) - bf9845cc-5491-4380-971d-60a5c36fd440@group-0683C80A28FA: changes role from      null to FOLLOWER at term 0 for startAsFollower
2019-09-17 13:47:49,927 [pool-47-thread-1] INFO  impl.RoleInfo (RoleInfo.java:updateAndGet(143)) - bf9845cc-5491-4380-971d-60a5c36fd440: start FollowerState
2019-09-17 13:47:49,928 [pool-47-thread-1] INFO  util.JmxRegister (JmxRegister.java:tryRegister(44)) - Successfully registered JMX Bean with object name Ratis:service=RaftServer,group=group-0683C80A28FA,id=bf9845cc-5491-4380-971d-60a5c36fd440
2019-09-17 13:47:49,928 [pool-37-thread-1] INFO  impl.RaftServerImpl (RaftServerImpl.java:start(185)) - 235b1c08-2c3c-45bc-ab7f-b19a657e57f0@group-0683C80A28FA: start as a follower, conf=-1: [73c69e8a-9bd3-45ee-8ac9-6e361d860e2f:192.168.5.130:33300, 235b1c08-2c3c-45bc-ab7f-b19a657e57f0:192.168.5.130:39322, bf9845cc-5491-4380-971d-60a5c36fd440:192.168.5.130:40791], old=null
2019-09-17 13:47:49,928 [pool-37-thread-1] INFO  impl.RaftServerImpl (RaftServerImpl.java:setRole(174)) - 235b1c08-2c3c-45bc-ab7f-b19a657e57f0@group-0683C80A28FA: changes role from      null to FOLLOWER at term 0 for startAsFollower
2019-09-17 13:47:49,929 [pool-37-thread-1] INFO  impl.RoleInfo (RoleInfo.java:updateAndGet(143)) - 235b1c08-2c3c-45bc-ab7f-b19a657e57f0: start FollowerState
2019-09-17 13:47:49,929 [pool-27-thread-1] INFO  impl.RaftServerImpl (RaftServerImpl.java:start(185)) - 73c69e8a-9bd3-45ee-8ac9-6e361d860e2f@group-0683C80A28FA: start as a follower, conf=-1: [73c69e8a-9bd3-45ee-8ac9-6e361d860e2f:192.168.5.130:33300, 235b1c08-2c3c-45bc-ab7f-b19a657e57f0:192.168.5.130:39322, bf9845cc-5491-4380-971d-60a5c36fd440:192.168.5.130:40791], old=null
2019-09-17 13:47:49,929 [pool-37-thread-1] INFO  util.JmxRegister (JmxRegister.java:tryRegister(44)) - Successfully registered JMX Bean with object name Ratis:service=RaftServer,group=group-0683C80A28FA,id=235b1c08-2c3c-45bc-ab7f-b19a657e57f0
2019-09-17 13:47:49,929 [pool-27-thread-1] INFO  impl.RaftServerImpl (RaftServerImpl.java:setRole(174)) - 73c69e8a-9bd3-45ee-8ac9-6e361d860e2f@group-0683C80A28FA: changes role from      null to FOLLOWER at term 0 for startAsFollower
2019-09-17 13:47:49,929 [pool-27-thread-1] INFO  impl.RoleInfo (RoleInfo.java:updateAndGet(143)) - 73c69e8a-9bd3-45ee-8ac9-6e361d860e2f: start FollowerState
2019-09-17 13:47:49,930 [pool-27-thread-1] INFO  util.JmxRegister (JmxRegister.java:tryRegister(44)) - Successfully registered JMX Bean with object name Ratis:service=RaftServer,group=group-0683C80A28FA,id=73c69e8a-9bd3-45ee-8ac9-6e361d860e2f
2019-09-17 13:47:49,932 [RatisPipelineUtilsThread] INFO  pipeline.PipelineStateManager (PipelineStateManager.java:addPipeline(56)) - Created pipeline Pipeline[ Id: 57806ef4-f87e-4dce-842f-0683c80a28fa, Nodes: bf9845cc-5491-4380-971d-60a5c36fd440{ip: 192.168.5.130, host: pr-hdds-2136-chhj8-2666454444, networkLocation: /default-rack, certSerialId: null}73c69e8a-9bd3-45ee-8ac9-6e361d860e2f{ip: 192.168.5.130, host: pr-hdds-2136-chhj8-2666454444, networkLocation: /default-rack, certSerialId: null}235b1c08-2c3c-45bc-ab7f-b19a657e57f0{ip: 192.168.5.130, host: pr-hdds-2136-chhj8-2666454444, networkLocation: /default-rack, certSerialId: null}, Type:RATIS, Factor:THREE, State:OPEN]
2019-09-17 13:47:49,971 [org.apache.ratis.server.impl.LogAppender$AppenderDaemon$$Lambda$512/1779790241@b2ea93] ERROR ratis.XceiverServerRatis (XceiverServerRatis.java:triggerPipelineClose(575)) - pipeline Action CLOSE  on pipeline PipelineID=402c8385-ff61-457f-b415-7dc0a196b6ac.Reason : bf9845cc-5491-4380-971d-60a5c36fd440 has not seen follower/s 73c69e8a-9bd3-45ee-8ac9-6e361d860e2f for 149885ms 235b1c08-2c3c-45bc-ab7f-b19a657e57f0 for 149884ms
2019-09-17 13:47:49,971 [org.apache.ratis.server.impl.LogAppender$AppenderDaemon$$Lambda$512/1779790241@f4c143b] ERROR ratis.XceiverServerRatis (XceiverServerRatis.java:triggerPipelineClose(575)) - pipeline Action CLOSE  on pipeline PipelineID=402c8385-ff61-457f-b415-7dc0a196b6ac.Reason : bf9845cc-5491-4380-971d-60a5c36fd440 has not seen follower/s 73c69e8a-9bd3-45ee-8ac9-6e361d860e2f for 149885ms 235b1c08-2c3c-45bc-ab7f-b19a657e57f0 for 149884ms
2019-09-17 13:47:50,145 [73c69e8a-9bd3-45ee-8ac9-6e361d860e2f@group-7DC0A196B6AC-SegmentedRaftLogWorker] WARN  segmented.SegmentedRaftLogWorker (SegmentedRaftLogWorker.java:getFromFuture(90)) - Timeout 14/~
org.apache.ratis.protocol.TimeoutIOException: Timeout 10s: WriteLog:17: (t:1, i:17), STATEMACHINELOGENTRY, client-BB96F508478C, cid=57-writeStateMachineData
	at org.apache.ratis.util.IOUtils.getFromFuture(IOUtils.java:87)
	at org.apache.ratis.server.raftlog.segmented.SegmentedRaftLogWorker$StateMachineDataPolicy.getFromFuture(SegmentedRaftLogWorker.java:87)
	at org.apache.ratis.server.raftlog.segmented.SegmentedRaftLogWorker$WriteLog.execute(SegmentedRaftLogWorker.java:477)
	at org.apache.ratis.server.raftlog.segmented.SegmentedRaftLogWorker.run(SegmentedRaftLogWorker.java:289)
	at java.lang.Thread.run(Thread.java:748)
Caused by: java.util.concurrent.TimeoutException
	at java.util.concurrent.CompletableFuture.timedGet(CompletableFuture.java:1771)
	at java.util.concurrent.CompletableFuture.get(CompletableFuture.java:1915)
	at org.apache.ratis.util.IOUtils.getFromFuture(IOUtils.java:79)
	... 4 more
 0.00% |█                                                                                                    |  0/1 Time: 0:06:002019-09-17 13:47:50,354 [235b1c08-2c3c-45bc-ab7f-b19a657e57f0@group-7DC0A196B6AC-SegmentedRaftLogWorker] WARN  segmented.SegmentedRaftLogWorker (SegmentedRaftLogWorker.java:getFromFuture(90)) - Timeout 14/~
org.apache.ratis.protocol.TimeoutIOException: Timeout 10s: WriteLog:19: (t:1, i:19), STATEMACHINELOGENTRY, client-BB96F508478C, cid=59-writeStateMachineData
	at org.apache.ratis.util.IOUtils.getFromFuture(IOUtils.java:87)
	at org.apache.ratis.server.raftlog.segmented.SegmentedRaftLogWorker$StateMachineDataPolicy.getFromFuture(SegmentedRaftLogWorker.java:87)
	at org.apache.ratis.server.raftlog.segmented.SegmentedRaftLogWorker$WriteLog.execute(SegmentedRaftLogWorker.java:477)
	at org.apache.ratis.server.raftlog.segmented.SegmentedRaftLogWorker.run(SegmentedRaftLogWorker.java:289)
	at java.lang.Thread.run(Thread.java:748)
Caused by: java.util.concurrent.TimeoutException
	at java.util.concurrent.CompletableFuture.timedGet(CompletableFuture.java:1771)
	at java.util.concurrent.CompletableFuture.get(CompletableFuture.java:1915)
	at org.apache.ratis.util.IOUtils.getFromFuture(IOUtils.java:79)
	... 4 more
2019-09-17 13:47:50,354 [bf9845cc-5491-4380-971d-60a5c36fd440@group-7DC0A196B6AC-SegmentedRaftLogWorker] WARN  segmented.SegmentedRaftLogWorker (SegmentedRaftLogWorker.java:getFromFuture(90)) - Timeout 14/~
org.apache.ratis.protocol.TimeoutIOException: Timeout 10s: WriteLog:19: (t:1, i:19), STATEMACHINELOGENTRY, client-BB96F508478C, cid=59-writeStateMachineData
	at org.apache.ratis.util.IOUtils.getFromFuture(IOUtils.java:87)
	at org.apache.ratis.server.raftlog.segmented.SegmentedRaftLogWorker$StateMachineDataPolicy.getFromFuture(SegmentedRaftLogWorker.java:87)
	at org.apache.ratis.server.raftlog.segmented.SegmentedRaftLogWorker$WriteLog.execute(SegmentedRaftLogWorker.java:477)
	at org.apache.ratis.server.raftlog.segmented.SegmentedRaftLogWorker.run(SegmentedRaftLogWorker.java:289)
	at java.lang.Thread.run(Thread.java:748)
Caused by: java.util.concurrent.TimeoutException
	at java.util.concurrent.CompletableFuture.timedGet(CompletableFuture.java:1771)
	at java.util.concurrent.CompletableFuture.get(CompletableFuture.java:1915)
	at org.apache.ratis.util.IOUtils.getFromFuture(IOUtils.java:79)
	... 4 more
2019-09-17 13:47:50,463 [EventQueue-PipelineActionsForPipelineActionHandler] ERROR pipeline.PipelineActionHandler (PipelineActionHandler.java:onMessage(60)) - Received pipeline action CLOSE for Pipeline[ Id: 402c8385-ff61-457f-b415-7dc0a196b6ac, Nodes: bf9845cc-5491-4380-971d-60a5c36fd440{ip: 192.168.5.130, host: pr-hdds-2136-chhj8-2666454444, networkLocation: /default-rack, certSerialId: null}73c69e8a-9bd3-45ee-8ac9-6e361d860e2f{ip: 192.168.5.130, host: pr-hdds-2136-chhj8-2666454444, networkLocation: /default-rack, certSerialId: null}235b1c08-2c3c-45bc-ab7f-b19a657e57f0{ip: 192.168.5.130, host: pr-hdds-2136-chhj8-2666454444, networkLocation: /default-rack, certSerialId: null}, Type:RATIS, Factor:THREE, State:CLOSED] from datanode bf9845cc-5491-4380-971d-60a5c36fd440{ip: 192.168.5.130, host: pr-hdds-2136-chhj8-2666454444, networkLocation: /default-rack, certSerialId: null}. Reason : bf9845cc-5491-4380-971d-60a5c36fd440 has not seen follower/s 73c69e8a-9bd3-45ee-8ac9-6e361d860e2f for 149885ms 235b1c08-2c3c-45bc-ab7f-b19a657e57f0 for 149884ms
2019-09-17 13:47:50,464 [EventQueue-PipelineActionsForPipelineActionHandler] INFO  pipeline.SCMPipelineManager (SCMPipelineManager.java:finalizeAndDestroyPipeline(311)) - destroying pipeline:Pipeline[ Id: 402c8385-ff61-457f-b415-7dc0a196b6ac, Nodes: bf9845cc-5491-4380-971d-60a5c36fd440{ip: 192.168.5.130, host: pr-hdds-2136-chhj8-2666454444, networkLocation: /default-rack, certSerialId: null}73c69e8a-9bd3-45ee-8ac9-6e361d860e2f{ip: 192.168.5.130, host: pr-hdds-2136-chhj8-2666454444, networkLocation: /default-rack, certSerialId: null}235b1c08-2c3c-45bc-ab7f-b19a657e57f0{ip: 192.168.5.130, host: pr-hdds-2136-chhj8-2666454444, networkLocation: /default-rack, certSerialId: null}, Type:RATIS, Factor:THREE, State:CLOSED]
2019-09-17 13:47:50,470 [java.util.concurrent.ThreadPoolExecutor$Worker@5f232967[State = -1, empty queue]] WARN  server.GrpcLogAppender (GrpcLogAppender.java:timeoutAppendRequest(200)) - bf9845cc-5491-4380-971d-60a5c36fd440@group-7DC0A196B6AC->73c69e8a-9bd3-45ee-8ac9-6e361d860e2f-GrpcLogAppender: appendEntries Timeout, request=bf9845cc-5491-4380-971d-60a5c36fd440->73c69e8a-9bd3-45ee-8ac9-6e361d860e2f#80-t1, previous=(t:1, i:21), leaderCommit=16, initializing? false, entries: <empty>
2019-09-17 13:47:50,470 [java.util.concurrent.ThreadPoolExecutor$Worker@662ab04f[State = -1, empty queue]] WARN  server.GrpcLogAppender (GrpcLogAppender.java:timeoutAppendRequest(200)) - bf9845cc-5491-4380-971d-60a5c36fd440@group-7DC0A196B6AC->235b1c08-2c3c-45bc-ab7f-b19a657e57f0-GrpcLogAppender: appendEntries Timeout, request=bf9845cc-5491-4380-971d-60a5c36fd440->235b1c08-2c3c-45bc-ab7f-b19a657e57f0#80-t1, previous=(t:1, i:21), leaderCommit=16, initializing? false, entries: <empty>
 0.00% |█                                                                                                    |  0/1 Time: 0:06:012019-09-17 13:47:51,344 [grpc-default-executor-3] INFO  client.GrpcClientProtocolClient (GrpcClientProtocolClient.java:onNext(264)) - client-BB96F508478C->235b1c08-2c3c-45bc-ab7f-b19a657e57f0: receive RaftClientReply:client-BB96F508478C->235b1c08-2c3c-45bc-ab7f-b19a657e57f0@group-7DC0A196B6AC, cid=57, FAILED org.apache.ratis.protocol.NotLeaderException: Server 235b1c08-2c3c-45bc-ab7f-b19a657e57f0@group-7DC0A196B6AC is not the leader bf9845cc-5491-4380-971d-60a5c36fd440:192.168.5.130:40791, logIndex=0, commits[235b1c08-2c3c-45bc-ab7f-b19a657e57f0:c16, 73c69e8a-9bd3-45ee-8ac9-6e361d860e2f:c12, bf9845cc-5491-4380-971d-60a5c36fd440:c16]
 0.00% |█                                                                                                    |  0/1 Time: 0:06:022019-09-17 13:47:52,472 [org.apache.ratis.server.impl.LogAppender$AppenderDaemon$$Lambda$512/1779790241@f4c143b] ERROR ratis.XceiverServerRatis (XceiverServerRatis.java:triggerPipelineClose(575)) - pipeline Action CLOSE  on pipeline PipelineID=402c8385-ff61-457f-b415-7dc0a196b6ac.Reason : bf9845cc-5491-4380-971d-60a5c36fd440 has not seen follower/s 73c69e8a-9bd3-45ee-8ac9-6e361d860e2f for 152386ms 235b1c08-2c3c-45bc-ab7f-b19a657e57f0 for 152385ms
2019-09-17 13:47:52,472 [org.apache.ratis.server.impl.LogAppender$AppenderDaemon$$Lambda$512/1779790241@b2ea93] ERROR ratis.XceiverServerRatis (XceiverServerRatis.java:triggerPipelineClose(575)) - pipeline Action CLOSE  on pipeline PipelineID=402c8385-ff61-457f-b415-7dc0a196b6ac.Reason : bf9845cc-5491-4380-971d-60a5c36fd440 has not seen follower/s 73c69e8a-9bd3-45ee-8ac9-6e361d860e2f for 152386ms 235b1c08-2c3c-45bc-ab7f-b19a657e57f0 for 152385ms
2019-09-17 13:47:52,971 [java.util.concurrent.ThreadPoolExecutor$Worker@5f232967[State = -1, empty queue]] WARN  server.GrpcLogAppender (GrpcLogAppender.java:timeoutAppendRequest(200)) - bf9845cc-5491-4380-971d-60a5c36fd440@group-7DC0A196B6AC->73c69e8a-9bd3-45ee-8ac9-6e361d860e2f-GrpcLogAppender: appendEntries Timeout, request=bf9845cc-5491-4380-971d-60a5c36fd440->73c69e8a-9bd3-45ee-8ac9-6e361d860e2f#81-t1, previous=(t:1, i:21), leaderCommit=16, initializing? false, entries: <empty>
2019-09-17 13:47:52,971 [java.util.concurrent.ThreadPoolExecutor$Worker@662ab04f[State = -1, empty queue]] WARN  server.GrpcLogAppender (GrpcLogAppender.java:timeoutAppendRequest(200)) - bf9845cc-5491-4380-971d-60a5c36fd440@group-7DC0A196B6AC->235b1c08-2c3c-45bc-ab7f-b19a657e57f0-GrpcLogAppender: appendEntries Timeout, request=bf9845cc-5491-4380-971d-60a5c36fd440->235b1c08-2c3c-45bc-ab7f-b19a657e57f0#81-t1, previous=(t:1, i:21), leaderCommit=16, initializing? false, entries: <empty>
 0.00% |█                                                                                                    |  0/1 Time: 0:06:032019-09-17 13:47:53,464 [EventQueue-PipelineActionsForPipelineActionHandler] ERROR pipeline.PipelineActionHandler (PipelineActionHandler.java:onMessage(60)) - Received pipeline action CLOSE for Pipeline[ Id: 402c8385-ff61-457f-b415-7dc0a196b6ac, Nodes: bf9845cc-5491-4380-971d-60a5c36fd440{ip: 192.168.5.130, host: pr-hdds-2136-chhj8-2666454444, networkLocation: /default-rack, certSerialId: null}73c69e8a-9bd3-45ee-8ac9-6e361d860e2f{ip: 192.168.5.130, host: pr-hdds-2136-chhj8-2666454444, networkLocation: /default-rack, certSerialId: null}235b1c08-2c3c-45bc-ab7f-b19a657e57f0{ip: 192.168.5.130, host: pr-hdds-2136-chhj8-2666454444, networkLocation: /default-rack, certSerialId: null}, Type:RATIS, Factor:THREE, State:CLOSED] from datanode bf9845cc-5491-4380-971d-60a5c36fd440{ip: 192.168.5.130, host: pr-hdds-2136-chhj8-2666454444, networkLocation: /default-rack, certSerialId: null}. Reason : bf9845cc-5491-4380-971d-60a5c36fd440 has not seen follower/s 73c69e8a-9bd3-45ee-8ac9-6e361d860e2f for 152386ms 235b1c08-2c3c-45bc-ab7f-b19a657e57f0 for 152385ms
2019-09-17 13:47:53,464 [EventQueue-PipelineActionsForPipelineActionHandler] INFO  pipeline.SCMPipelineManager (SCMPipelineManager.java:finalizeAndDestroyPipeline(311)) - destroying pipeline:Pipeline[ Id: 402c8385-ff61-457f-b415-7dc0a196b6ac, Nodes: bf9845cc-5491-4380-971d-60a5c36fd440{ip: 192.168.5.130, host: pr-hdds-2136-chhj8-2666454444, networkLocation: /default-rack, certSerialId: null}73c69e8a-9bd3-45ee-8ac9-6e361d860e2f{ip: 192.168.5.130, host: pr-hdds-2136-chhj8-2666454444, networkLocation: /default-rack, certSerialId: null}235b1c08-2c3c-45bc-ab7f-b19a657e57f0{ip: 192.168.5.130, host: pr-hdds-2136-chhj8-2666454444, networkLocation: /default-rack, certSerialId: null}, Type:RATIS, Factor:THREE, State:CLOSED]
 0.00% |█                                                                                                    |  0/1 Time: 0:06:042019-09-17 13:47:54,956 [Thread-1101] INFO  impl.FollowerState (FollowerState.java:run(106)) - bf9845cc-5491-4380-971d-60a5c36fd440:group-0683C80A28FA changes to CANDIDATE, lastRpcTime:5028, electionTimeout:5028ms
2019-09-17 13:47:54,956 [Thread-1101] INFO  impl.RoleInfo (RoleInfo.java:shutdownFollowerState(121)) - bf9845cc-5491-4380-971d-60a5c36fd440: shutdown FollowerState
2019-09-17 13:47:54,957 [Thread-1101] INFO  impl.RaftServerImpl (RaftServerImpl.java:setRole(174)) - bf9845cc-5491-4380-971d-60a5c36fd440@group-0683C80A28FA: changes role from  FOLLOWER to CANDIDATE at term 0 for changeToCandidate
2019-09-17 13:47:54,957 [Thread-1101] INFO  impl.RoleInfo (RoleInfo.java:updateAndGet(143)) - bf9845cc-5491-4380-971d-60a5c36fd440: start LeaderElection
2019-09-17 13:47:54,969 [Thread-1102] INFO  impl.FollowerState (FollowerState.java:run(106)) - 235b1c08-2c3c-45bc-ab7f-b19a657e57f0:group-0683C80A28FA changes to CANDIDATE, lastRpcTime:5040, electionTimeout:5040ms
2019-09-17 13:47:54,969 [Thread-1102] INFO  impl.RoleInfo (RoleInfo.java:shutdownFollowerState(121)) - 235b1c08-2c3c-45bc-ab7f-b19a657e57f0: shutdown FollowerState
2019-09-17 13:47:54,970 [Thread-1102] INFO  impl.RaftServerImpl (RaftServerImpl.java:setRole(174)) - 235b1c08-2c3c-45bc-ab7f-b19a657e57f0@group-0683C80A28FA: changes role from  FOLLOWER to CANDIDATE at term 0 for changeToCandidate
2019-09-17 13:47:54,970 [Thread-1102] INFO  impl.RoleInfo (RoleInfo.java:updateAndGet(143)) - 235b1c08-2c3c-45bc-ab7f-b19a657e57f0: start LeaderElection
2019-09-17 13:47:54,974 [org.apache.ratis.server.impl.LogAppender$AppenderDaemon$$Lambda$512/1779790241@b2ea93] ERROR ratis.XceiverServerRatis (XceiverServerRatis.java:triggerPipelineClose(575)) - pipeline Action CLOSE  on pipeline PipelineID=402c8385-ff61-457f-b415-7dc0a196b6ac.Reason : bf9845cc-5491-4380-971d-60a5c36fd440 has not seen follower/s 73c69e8a-9bd3-45ee-8ac9-6e361d860e2f for 154888ms 235b1c08-2c3c-45bc-ab7f-b19a657e57f0 for 154887ms
2019-09-17 13:47:54,974 [org.apache.ratis.server.impl.LogAppender$AppenderDaemon$$Lambda$512/1779790241@f4c143b] ERROR ratis.XceiverServerRatis (XceiverServerRatis.java:triggerPipelineClose(575)) - pipeline Action CLOSE  on pipeline PipelineID=402c8385-ff61-457f-b415-7dc0a196b6ac.Reason : bf9845cc-5491-4380-971d-60a5c36fd440 has not seen follower/s 73c69e8a-9bd3-45ee-8ac9-6e361d860e2f for 154888ms 235b1c08-2c3c-45bc-ab7f-b19a657e57f0 for 154887ms
2019-09-17 13:47:54,979 [bf9845cc-5491-4380-971d-60a5c36fd440@group-0683C80A28FA:LeaderElection13] INFO  impl.LeaderElection (LeaderElection.java:askForVotes(182)) - bf9845cc-5491-4380-971d-60a5c36fd440@group-0683C80A28FA:LeaderElection13: begin an election at term 1 for -1: [73c69e8a-9bd3-45ee-8ac9-6e361d860e2f:192.168.5.130:33300, 235b1c08-2c3c-45bc-ab7f-b19a657e57f0:192.168.5.130:39322, bf9845cc-5491-4380-971d-60a5c36fd440:192.168.5.130:40791], old=null
2019-09-17 13:47:54,983 [grpc-default-executor-3] INFO  impl.RaftServerImpl (RaftServerImpl.java:setRole(174)) - 73c69e8a-9bd3-45ee-8ac9-6e361d860e2f@group-0683C80A28FA: changes role from  FOLLOWER to FOLLOWER at term 1 for recognizeCandidate:bf9845cc-5491-4380-971d-60a5c36fd440
2019-09-17 13:47:54,983 [grpc-default-executor-3] INFO  impl.RoleInfo (RoleInfo.java:shutdownFollowerState(121)) - 73c69e8a-9bd3-45ee-8ac9-6e361d860e2f: shutdown FollowerState
2019-09-17 13:47:54,984 [grpc-default-executor-3] INFO  impl.RoleInfo (RoleInfo.java:updateAndGet(143)) - 73c69e8a-9bd3-45ee-8ac9-6e361d860e2f: start FollowerState
2019-09-17 13:47:54,984 [Thread-1104] INFO  impl.FollowerState (FollowerState.java:run(115)) - 73c69e8a-9bd3-45ee-8ac9-6e361d860e2f: FollowerState was interrupted: java.lang.InterruptedException: sleep interrupted
2019-09-17 13:47:55,001 [235b1c08-2c3c-45bc-ab7f-b19a657e57f0@group-0683C80A28FA:LeaderElection14] INFO  impl.LeaderElection (LeaderElection.java:askForVotes(182)) - 235b1c08-2c3c-45bc-ab7f-b19a657e57f0@group-0683C80A28FA:LeaderElection14: begin an election at term 1 for -1: [73c69e8a-9bd3-45ee-8ac9-6e361d860e2f:192.168.5.130:33300, 235b1c08-2c3c-45bc-ab7f-b19a657e57f0:192.168.5.130:39322, bf9845cc-5491-4380-971d-60a5c36fd440:192.168.5.130:40791], old=null
2019-09-17 13:47:55,003 [bf9845cc-5491-4380-971d-60a5c36fd440@group-0683C80A28FA:LeaderElection13] INFO  impl.LeaderElection (LeaderElection.java:logAndReturn(56)) - bf9845cc-5491-4380-971d-60a5c36fd440@group-0683C80A28FA:LeaderElection13: Election PASSED; received 2 response(s) [bf9845cc-5491-4380-971d-60a5c36fd440<-73c69e8a-9bd3-45ee-8ac9-6e361d860e2f#0:OK-t1, bf9845cc-5491-4380-971d-60a5c36fd440<-235b1c08-2c3c-45bc-ab7f-b19a657e57f0#0:FAIL-t1] and 0 exception(s); bf9845cc-5491-4380-971d-60a5c36fd440@group-0683C80A28FA:t1, leader=null, voted=bf9845cc-5491-4380-971d-60a5c36fd440, raftlog=bf9845cc-5491-4380-971d-60a5c36fd440@group-0683C80A28FA-SegmentedRaftLog:OPENED:c-1,f-1,i0, conf=-1: [73c69e8a-9bd3-45ee-8ac9-6e361d860e2f:192.168.5.130:33300, 235b1c08-2c3c-45bc-ab7f-b19a657e57f0:192.168.5.130:39322, bf9845cc-5491-4380-971d-60a5c36fd440:192.168.5.130:40791], old=null
2019-09-17 13:47:55,005 [bf9845cc-5491-4380-971d-60a5c36fd440@group-0683C80A28FA:LeaderElection13] INFO  impl.RoleInfo (RoleInfo.java:shutdownLeaderElection(134)) - bf9845cc-5491-4380-971d-60a5c36fd440: shutdown LeaderElection
2019-09-17 13:47:55,007 [bf9845cc-5491-4380-971d-60a5c36fd440@group-0683C80A28FA:LeaderElection13] INFO  impl.RaftServerImpl (RaftServerImpl.java:setRole(174)) - bf9845cc-5491-4380-971d-60a5c36fd440@group-0683C80A28FA: changes role from CANDIDATE to LEADER at term 1 for changeToLeader
2019-09-17 13:47:55,007 [bf9845cc-5491-4380-971d-60a5c36fd440@group-0683C80A28FA:LeaderElection13] INFO  impl.RaftServerImpl (ServerState.java:setLeader(253)) - bf9845cc-5491-4380-971d-60a5c36fd440@group-0683C80A28FA: change Leader from null to bf9845cc-5491-4380-971d-60a5c36fd440 at term 1 for becomeLeader, leader elected after 5089ms
2019-09-17 13:47:55,007 [bf9845cc-5491-4380-971d-60a5c36fd440@group-0683C80A28FA:LeaderElection13] INFO  server.RaftServerConfigKeys (ConfUtils.java:logGet(43)) - raft.server.staging.catchup.gap = 1000 (default)
2019-09-17 13:47:55,008 [bf9845cc-5491-4380-971d-60a5c36fd440@group-0683C80A28FA:LeaderElection13] INFO  server.RaftServerConfigKeys (ConfUtils.java:logGet(43)) - raft.server.rpc.sleep.time = 25ms (default)
2019-09-17 13:47:55,008 [bf9845cc-5491-4380-971d-60a5c36fd440@group-0683C80A28FA:LeaderElection13] INFO  server.RaftServerConfigKeys (ConfUtils.java:logGet(43)) - raft.server.write.element-limit = 4096 (default)
2019-09-17 13:47:55,008 [bf9845cc-5491-4380-971d-60a5c36fd440@group-0683C80A28FA:LeaderElection13] INFO  server.RaftServerConfigKeys (ConfUtils.java:logGet(43)) - raft.server.watch.timeout = 10s (default)
2019-09-17 13:47:55,008 [bf9845cc-5491-4380-971d-60a5c36fd440@group-0683C80A28FA:LeaderElection13] INFO  server.RaftServerConfigKeys (ConfUtils.java:logGet(43)) - raft.server.watch.timeout.denomination = 1s (default)
2019-09-17 13:47:55,008 [bf9845cc-5491-4380-971d-60a5c36fd440@group-0683C80A28FA:LeaderElection13] INFO  server.RaftServerConfigKeys (ConfUtils.java:logGet(43)) - raft.server.watch.element-limit = 65536 (default)
2019-09-17 13:47:55,011 [bf9845cc-5491-4380-971d-60a5c36fd440@group-0683C80A28FA:LeaderElection13] INFO  server.RaftServerConfigKeys (ConfUtils.java:logGet(43)) - raft.server.log.appender.snapshot.chunk.size.max = 16MB (=16777216) (default)
2019-09-17 13:47:55,011 [bf9845cc-5491-4380-971d-60a5c36fd440@group-0683C80A28FA:LeaderElection13] INFO  server.RaftServerConfigKeys (ConfUtils.java:logGet(43)) - raft.server.log.appender.buffer.byte-limit = 33554432 (custom)
2019-09-17 13:47:55,012 [bf9845cc-5491-4380-971d-60a5c36fd440@group-0683C80A28FA:LeaderElection13] INFO  server.RaftServerConfigKeys (ConfUtils.java:logGet(43)) - raft.server.log.appender.buffer.element-limit = 1 (custom)
2019-09-17 13:47:55,012 [bf9845cc-5491-4380-971d-60a5c36fd440@group-0683C80A28FA:LeaderElection13] INFO  grpc.GrpcConfigKeys$Server (ConfUtils.java:logGet(43)) - raft.grpc.server.leader.outstanding.appends.max = 128 (default)
2019-09-17 13:47:55,012 [bf9845cc-5491-4380-971d-60a5c36fd440@group-0683C80A28FA:LeaderElection13] INFO  server.RaftServerConfigKeys (ConfUtils.java:logGet(43)) - raft.server.rpc.request.timeout = 3000ms (default)
2019-09-17 13:47:55,012 [bf9845cc-5491-4380-971d-60a5c36fd440@group-0683C80A28FA:LeaderElection13] INFO  server.RaftServerConfigKeys (ConfUtils.java:logGet(43)) - raft.server.log.appender.install.snapshot.enabled = false (custom)
2019-09-17 13:47:55,013 [bf9845cc-5491-4380-971d-60a5c36fd440@group-0683C80A28FA:LeaderElection13] INFO  server.RaftServerConfigKeys (ConfUtils.java:logGet(43)) - raft.server.log.appender.snapshot.chunk.size.max = 16MB (=16777216) (default)
2019-09-17 13:47:55,013 [bf9845cc-5491-4380-971d-60a5c36fd440@group-0683C80A28FA:LeaderElection13] INFO  server.RaftServerConfigKeys (ConfUtils.java:logGet(43)) - raft.server.log.appender.buffer.byte-limit = 33554432 (custom)
2019-09-17 13:47:55,013 [bf9845cc-5491-4380-971d-60a5c36fd440@group-0683C80A28FA:LeaderElection13] INFO  server.RaftServerConfigKeys (ConfUtils.java:logGet(43)) - raft.server.log.appender.buffer.element-limit = 1 (custom)
2019-09-17 13:47:55,013 [bf9845cc-5491-4380-971d-60a5c36fd440@group-0683C80A28FA:LeaderElection13] INFO  grpc.GrpcConfigKeys$Server (ConfUtils.java:logGet(43)) - raft.grpc.server.leader.outstanding.appends.max = 128 (default)
2019-09-17 13:47:55,013 [bf9845cc-5491-4380-971d-60a5c36fd440@group-0683C80A28FA:LeaderElection13] INFO  server.RaftServerConfigKeys (ConfUtils.java:logGet(43)) - raft.server.rpc.request.timeout = 3000ms (default)
2019-09-17 13:47:55,013 [bf9845cc-5491-4380-971d-60a5c36fd440@group-0683C80A28FA:LeaderElection13] INFO  server.RaftServerConfigKeys (ConfUtils.java:logGet(43)) - raft.server.log.appender.install.snapshot.enabled = false (custom)
2019-09-17 13:47:55,014 [bf9845cc-5491-4380-971d-60a5c36fd440@group-0683C80A28FA:LeaderElection13] INFO  impl.RoleInfo (RoleInfo.java:updateAndGet(143)) - bf9845cc-5491-4380-971d-60a5c36fd440: start LeaderState
2019-09-17 13:47:55,014 [bf9845cc-5491-4380-971d-60a5c36fd440@group-0683C80A28FA:LeaderElection13] INFO  segmented.SegmentedRaftLogWorker (SegmentedRaftLogWorker.java:startLogSegment(380)) - bf9845cc-5491-4380-971d-60a5c36fd440@group-0683C80A28FA-SegmentedRaftLogWorker: Starting segment from index:0
2019-09-17 13:47:55,015 [bf9845cc-5491-4380-971d-60a5c36fd440@group-0683C80A28FA:LeaderElection13] INFO  impl.RaftServerImpl (ServerState.java:setRaftConf(354)) - bf9845cc-5491-4380-971d-60a5c36fd440@group-0683C80A28FA: set configuration 0: [73c69e8a-9bd3-45ee-8ac9-6e361d860e2f:192.168.5.130:33300, 235b1c08-2c3c-45bc-ab7f-b19a657e57f0:192.168.5.130:39322, bf9845cc-5491-4380-971d-60a5c36fd440:192.168.5.130:40791], old=null at 0
2019-09-17 13:47:55,015 [grpc-default-executor-3] INFO  impl.RaftServerImpl (RaftServerImpl.java:requestVote(758)) - bf9845cc-5491-4380-971d-60a5c36fd440@group-0683C80A28FA-   LEADER: Withhold vote from candidate 235b1c08-2c3c-45bc-ab7f-b19a657e57f0 with term 1. State: leader=bf9845cc-5491-4380-971d-60a5c36fd440, term=1, lastRpcElapsed=null
2019-09-17 13:47:55,026 [grpc-default-executor-2] INFO  impl.RaftServerImpl (ServerState.java:setLeader(253)) - 73c69e8a-9bd3-45ee-8ac9-6e361d860e2f@group-0683C80A28FA: change Leader from null to bf9845cc-5491-4380-971d-60a5c36fd440 at term 1 for appendEntries, leader elected after 5107ms
2019-09-17 13:47:55,026 [grpc-default-executor-5] INFO  impl.RaftServerImpl (RaftServerImpl.java:setRole(174)) - 235b1c08-2c3c-45bc-ab7f-b19a657e57f0@group-0683C80A28FA: changes role from CANDIDATE to FOLLOWER at term 1 for appendEntries
2019-09-17 13:47:55,026 [grpc-default-executor-5] INFO  impl.RoleInfo (RoleInfo.java:shutdownLeaderElection(134)) - 235b1c08-2c3c-45bc-ab7f-b19a657e57f0: shutdown LeaderElection
2019-09-17 13:47:55,027 [235b1c08-2c3c-45bc-ab7f-b19a657e57f0@group-0683C80A28FA:LeaderElection14] INFO  impl.LeaderElection (LeaderElection.java:logAndReturn(56)) - 235b1c08-2c3c-45bc-ab7f-b19a657e57f0@group-0683C80A28FA:LeaderElection14: Election REJECTED; received 2 response(s) [235b1c08-2c3c-45bc-ab7f-b19a657e57f0<-73c69e8a-9bd3-45ee-8ac9-6e361d860e2f#0:FAIL-t1, 235b1c08-2c3c-45bc-ab7f-b19a657e57f0<-bf9845cc-5491-4380-971d-60a5c36fd440#0:FAIL-t1] and 0 exception(s); 235b1c08-2c3c-45bc-ab7f-b19a657e57f0@group-0683C80A28FA:t1, leader=null, voted=235b1c08-2c3c-45bc-ab7f-b19a657e57f0, raftlog=235b1c08-2c3c-45bc-ab7f-b19a657e57f0@group-0683C80A28FA-SegmentedRaftLog:OPENED:c-1,f-1,i0, conf=-1: [73c69e8a-9bd3-45ee-8ac9-6e361d860e2f:192.168.5.130:33300, 235b1c08-2c3c-45bc-ab7f-b19a657e57f0:192.168.5.130:39322, bf9845cc-5491-4380-971d-60a5c36fd440:192.168.5.130:40791], old=null
2019-09-17 13:47:55,027 [grpc-default-executor-5] INFO  impl.RoleInfo (RoleInfo.java:updateAndGet(143)) - 235b1c08-2c3c-45bc-ab7f-b19a657e57f0: start FollowerState
2019-09-17 13:47:55,029 [grpc-default-executor-5] INFO  impl.RaftServerImpl (ServerState.java:setLeader(253)) - 235b1c08-2c3c-45bc-ab7f-b19a657e57f0@group-0683C80A28FA: change Leader from null to bf9845cc-5491-4380-971d-60a5c36fd440 at term 1 for appendEntries, leader elected after 5111ms
2019-09-17 13:47:55,031 [grpc-default-executor-2] INFO  impl.RaftServerImpl (ServerState.java:setRaftConf(354)) - 73c69e8a-9bd3-45ee-8ac9-6e361d860e2f@group-0683C80A28FA: set configuration 0: [73c69e8a-9bd3-45ee-8ac9-6e361d860e2f:192.168.5.130:33300, 235b1c08-2c3c-45bc-ab7f-b19a657e57f0:192.168.5.130:39322, bf9845cc-5491-4380-971d-60a5c36fd440:192.168.5.130:40791], old=null at 0
2019-09-17 13:47:55,031 [grpc-default-executor-5] INFO  impl.RaftServerImpl (ServerState.java:setRaftConf(354)) - 235b1c08-2c3c-45bc-ab7f-b19a657e57f0@group-0683C80A28FA: set configuration 0: [73c69e8a-9bd3-45ee-8ac9-6e361d860e2f:192.168.5.130:33300, 235b1c08-2c3c-45bc-ab7f-b19a657e57f0:192.168.5.130:39322, bf9845cc-5491-4380-971d-60a5c36fd440:192.168.5.130:40791], old=null at 0
2019-09-17 13:47:55,031 [grpc-default-executor-2] INFO  segmented.SegmentedRaftLogWorker (SegmentedRaftLogWorker.java:startLogSegment(380)) - 73c69e8a-9bd3-45ee-8ac9-6e361d860e2f@group-0683C80A28FA-SegmentedRaftLogWorker: Starting segment from index:0
2019-09-17 13:47:55,031 [grpc-default-executor-5] INFO  segmented.SegmentedRaftLogWorker (SegmentedRaftLogWorker.java:startLogSegment(380)) - 235b1c08-2c3c-45bc-ab7f-b19a657e57f0@group-0683C80A28FA-SegmentedRaftLogWorker: Starting segment from index:0
2019-09-17 13:47:55,076 [bf9845cc-5491-4380-971d-60a5c36fd440@group-0683C80A28FA-SegmentedRaftLogWorker] INFO  segmented.SegmentedRaftLogWorker (SegmentedRaftLogWorker.java:execute(569)) - bf9845cc-5491-4380-971d-60a5c36fd440@group-0683C80A28FA-SegmentedRaftLogWorker: created new log segment /tmp/workdir/hadoop-ozone/tools/target/test-dir/MiniOzoneClusterImpl-5c3156a5-1eb5-4435-9faa-bd301b5c4b00/datanode-2/data/ratis/57806ef4-f87e-4dce-842f-0683c80a28fa/current/log_inprogress_0
2019-09-17 13:47:55,076 [235b1c08-2c3c-45bc-ab7f-b19a657e57f0@group-0683C80A28FA-SegmentedRaftLogWorker] INFO  segmented.SegmentedRaftLogWorker (SegmentedRaftLogWorker.java:execute(569)) - 235b1c08-2c3c-45bc-ab7f-b19a657e57f0@group-0683C80A28FA-SegmentedRaftLogWorker: created new log segment /tmp/workdir/hadoop-ozone/tools/target/test-dir/MiniOzoneClusterImpl-5c3156a5-1eb5-4435-9faa-bd301b5c4b00/datanode-1/data/ratis/57806ef4-f87e-4dce-842f-0683c80a28fa/current/log_inprogress_0
2019-09-17 13:47:55,076 [73c69e8a-9bd3-45ee-8ac9-6e361d860e2f@group-0683C80A28FA-SegmentedRaftLogWorker] INFO  segmented.SegmentedRaftLogWorker (SegmentedRaftLogWorker.java:execute(569)) - 73c69e8a-9bd3-45ee-8ac9-6e361d860e2f@group-0683C80A28FA-SegmentedRaftLogWorker: created new log segment /tmp/workdir/hadoop-ozone/tools/target/test-dir/MiniOzoneClusterImpl-5c3156a5-1eb5-4435-9faa-bd301b5c4b00/datanode-0/data/ratis/57806ef4-f87e-4dce-842f-0683c80a28fa/current/log_inprogress_0
 0.00% |█                                                                                                    |  0/1 Time: 0:06:052019-09-17 13:47:55,465 [EventQueue-PipelineActionsForPipelineActionHandler] ERROR pipeline.PipelineActionHandler (PipelineActionHandler.java:onMessage(60)) - Received pipeline action CLOSE for Pipeline[ Id: 402c8385-ff61-457f-b415-7dc0a196b6ac, Nodes: bf9845cc-5491-4380-971d-60a5c36fd440{ip: 192.168.5.130, host: pr-hdds-2136-chhj8-2666454444, networkLocation: /default-rack, certSerialId: null}73c69e8a-9bd3-45ee-8ac9-6e361d860e2f{ip: 192.168.5.130, host: pr-hdds-2136-chhj8-2666454444, networkLocation: /default-rack, certSerialId: null}235b1c08-2c3c-45bc-ab7f-b19a657e57f0{ip: 192.168.5.130, host: pr-hdds-2136-chhj8-2666454444, networkLocation: /default-rack, certSerialId: null}, Type:RATIS, Factor:THREE, State:CLOSED] from datanode bf9845cc-5491-4380-971d-60a5c36fd440{ip: 192.168.5.130, host: pr-hdds-2136-chhj8-2666454444, networkLocation: /default-rack, certSerialId: null}. Reason : bf9845cc-5491-4380-971d-60a5c36fd440 has not seen follower/s 73c69e8a-9bd3-45ee-8ac9-6e361d860e2f for 154888ms 235b1c08-2c3c-45bc-ab7f-b19a657e57f0 for 154887ms
2019-09-17 13:47:55,465 [EventQueue-PipelineActionsForPipelineActionHandler] INFO  pipeline.SCMPipelineManager (SCMPipelineManager.java:finalizeAndDestroyPipeline(311)) - destroying pipeline:Pipeline[ Id: 402c8385-ff61-457f-b415-7dc0a196b6ac, Nodes: bf9845cc-5491-4380-971d-60a5c36fd440{ip: 192.168.5.130, host: pr-hdds-2136-chhj8-2666454444, networkLocation: /default-rack, certSerialId: null}73c69e8a-9bd3-45ee-8ac9-6e361d860e2f{ip: 192.168.5.130, host: pr-hdds-2136-chhj8-2666454444, networkLocation: /default-rack, certSerialId: null}235b1c08-2c3c-45bc-ab7f-b19a657e57f0{ip: 192.168.5.130, host: pr-hdds-2136-chhj8-2666454444, networkLocation: /default-rack, certSerialId: null}, Type:RATIS, Factor:THREE, State:CLOSED]
2019-09-17 13:47:55,472 [java.util.concurrent.ThreadPoolExecutor$Worker@662ab04f[State = -1, empty queue]] WARN  server.GrpcLogAppender (GrpcLogAppender.java:timeoutAppendRequest(200)) - bf9845cc-5491-4380-971d-60a5c36fd440@group-7DC0A196B6AC->235b1c08-2c3c-45bc-ab7f-b19a657e57f0-GrpcLogAppender: appendEntries Timeout, request=bf9845cc-5491-4380-971d-60a5c36fd440->235b1c08-2c3c-45bc-ab7f-b19a657e57f0#82-t1, previous=(t:1, i:21), leaderCommit=16, initializing? false, entries: <empty>
2019-09-17 13:47:55,472 [java.util.concurrent.ThreadPoolExecutor$Worker@5f232967[State = -1, empty queue]] WARN  server.GrpcLogAppender (GrpcLogAppender.java:timeoutAppendRequest(200)) - bf9845cc-5491-4380-971d-60a5c36fd440@group-7DC0A196B6AC->73c69e8a-9bd3-45ee-8ac9-6e361d860e2f-GrpcLogAppender: appendEntries Timeout, request=bf9845cc-5491-4380-971d-60a5c36fd440->73c69e8a-9bd3-45ee-8ac9-6e361d860e2f#82-t1, previous=(t:1, i:21), leaderCommit=16, initializing? false, entries: <empty>
 0.00% |█                                                                                                    |  0/1 Time: 0:06:062019-09-17 13:47:56,381 [grpc-default-executor-2] INFO  client.GrpcClientProtocolClient (GrpcClientProtocolClient.java:onNext(264)) - client-BB96F508478C->73c69e8a-9bd3-45ee-8ac9-6e361d860e2f: receive RaftClientReply:client-BB96F508478C->73c69e8a-9bd3-45ee-8ac9-6e361d860e2f@group-7DC0A196B6AC, cid=57, FAILED org.apache.ratis.protocol.NotLeaderException: Server 73c69e8a-9bd3-45ee-8ac9-6e361d860e2f@group-7DC0A196B6AC is not the leader bf9845cc-5491-4380-971d-60a5c36fd440:192.168.5.130:40791, logIndex=0, commits[73c69e8a-9bd3-45ee-8ac9-6e361d860e2f:c16, 235b1c08-2c3c-45bc-ab7f-b19a657e57f0:c12, bf9845cc-5491-4380-971d-60a5c36fd440:c16]
 0.00% |█                                                                                                    |  0/1 Time: 0:06:072019-09-17 13:47:57,475 [org.apache.ratis.server.impl.LogAppender$AppenderDaemon$$Lambda$512/1779790241@f4c143b] ERROR ratis.XceiverServerRatis (XceiverServerRatis.java:triggerPipelineClose(575)) - pipeline Action CLOSE  on pipeline PipelineID=402c8385-ff61-457f-b415-7dc0a196b6ac.Reason : bf9845cc-5491-4380-971d-60a5c36fd440 has not seen follower/s 73c69e8a-9bd3-45ee-8ac9-6e361d860e2f for 157389ms 235b1c08-2c3c-45bc-ab7f-b19a657e57f0 for 157388ms
2019-09-17 13:47:57,475 [org.apache.ratis.server.impl.LogAppender$AppenderDaemon$$Lambda$512/1779790241@b2ea93] ERROR ratis.XceiverServerRatis (XceiverServerRatis.java:triggerPipelineClose(575)) - pipeline Action CLOSE  on pipeline PipelineID=402c8385-ff61-457f-b415-7dc0a196b6ac.Reason : bf9845cc-5491-4380-971d-60a5c36fd440 has not seen follower/s 73c69e8a-9bd3-45ee-8ac9-6e361d860e2f for 157389ms 235b1c08-2c3c-45bc-ab7f-b19a657e57f0 for 157388ms
2019-09-17 13:47:57,974 [java.util.concurrent.ThreadPoolExecutor$Worker@662ab04f[State = -1, empty queue]] WARN  server.GrpcLogAppender (GrpcLogAppender.java:timeoutAppendRequest(200)) - bf9845cc-5491-4380-971d-60a5c36fd440@group-7DC0A196B6AC->235b1c08-2c3c-45bc-ab7f-b19a657e57f0-GrpcLogAppender: appendEntries Timeout, request=bf9845cc-5491-4380-971d-60a5c36fd440->235b1c08-2c3c-45bc-ab7f-b19a657e57f0#83-t1, previous=(t:1, i:21), leaderCommit=16, initializing? false, entries: <empty>
2019-09-17 13:47:57,974 [java.util.concurrent.ThreadPoolExecutor$Worker@5f232967[State = -1, empty queue]] WARN  server.GrpcLogAppender (GrpcLogAppender.java:timeoutAppendRequest(200)) - bf9845cc-5491-4380-971d-60a5c36fd440@group-7DC0A196B6AC->73c69e8a-9bd3-45ee-8ac9-6e361d860e2f-GrpcLogAppender: appendEntries Timeout, request=bf9845cc-5491-4380-971d-60a5c36fd440->73c69e8a-9bd3-45ee-8ac9-6e361d860e2f#83-t1, previous=(t:1, i:21), leaderCommit=16, initializing? false, entries: <empty>
 0.00% |█                                                                                                    |  0/1 Time: 0:06:082019-09-17 13:47:58,466 [EventQueue-PipelineActionsForPipelineActionHandler] ERROR pipeline.PipelineActionHandler (PipelineActionHandler.java:onMessage(60)) - Received pipeline action CLOSE for Pipeline[ Id: 402c8385-ff61-457f-b415-7dc0a196b6ac, Nodes: bf9845cc-5491-4380-971d-60a5c36fd440{ip: 192.168.5.130, host: pr-hdds-2136-chhj8-2666454444, networkLocation: /default-rack, certSerialId: null}73c69e8a-9bd3-45ee-8ac9-6e361d860e2f{ip: 192.168.5.130, host: pr-hdds-2136-chhj8-2666454444, networkLocation: /default-rack, certSerialId: null}235b1c08-2c3c-45bc-ab7f-b19a657e57f0{ip: 192.168.5.130, host: pr-hdds-2136-chhj8-2666454444, networkLocation: /default-rack, certSerialId: null}, Type:RATIS, Factor:THREE, State:CLOSED] from datanode bf9845cc-5491-4380-971d-60a5c36fd440{ip: 192.168.5.130, host: pr-hdds-2136-chhj8-2666454444, networkLocation: /default-rack, certSerialId: null}. Reason : bf9845cc-5491-4380-971d-60a5c36fd440 has not seen follower/s 73c69e8a-9bd3-45ee-8ac9-6e361d860e2f for 157389ms 235b1c08-2c3c-45bc-ab7f-b19a657e57f0 for 157388ms
2019-09-17 13:47:58,466 [EventQueue-PipelineActionsForPipelineActionHandler] INFO  pipeline.SCMPipelineManager (SCMPipelineManager.java:finalizeAndDestroyPipeline(311)) - destroying pipeline:Pipeline[ Id: 402c8385-ff61-457f-b415-7dc0a196b6ac, Nodes: bf9845cc-5491-4380-971d-60a5c36fd440{ip: 192.168.5.130, host: pr-hdds-2136-chhj8-2666454444, networkLocation: /default-rack, certSerialId: null}73c69e8a-9bd3-45ee-8ac9-6e361d860e2f{ip: 192.168.5.130, host: pr-hdds-2136-chhj8-2666454444, networkLocation: /default-rack, certSerialId: null}235b1c08-2c3c-45bc-ab7f-b19a657e57f0{ip: 192.168.5.130, host: pr-hdds-2136-chhj8-2666454444, networkLocation: /default-rack, certSerialId: null}, Type:RATIS, Factor:THREE, State:CLOSED]
 0.00% |█                                                                                                    |  0/1 Time: 0:06:092019-09-17 13:47:59,976 [org.apache.ratis.server.impl.LogAppender$AppenderDaemon$$Lambda$512/1779790241@f4c143b] ERROR ratis.XceiverServerRatis (XceiverServerRatis.java:triggerPipelineClose(575)) - pipeline Action CLOSE  on pipeline PipelineID=402c8385-ff61-457f-b415-7dc0a196b6ac.Reason : bf9845cc-5491-4380-971d-60a5c36fd440 has not seen follower/s 73c69e8a-9bd3-45ee-8ac9-6e361d860e2f for 159889ms 235b1c08-2c3c-45bc-ab7f-b19a657e57f0 for 159888ms
2019-09-17 13:47:59,976 [org.apache.ratis.server.impl.LogAppender$AppenderDaemon$$Lambda$512/1779790241@b2ea93] ERROR ratis.XceiverServerRatis (XceiverServerRatis.java:triggerPipelineClose(575)) - pipeline Action CLOSE  on pipeline PipelineID=402c8385-ff61-457f-b415-7dc0a196b6ac.Reason : bf9845cc-5491-4380-971d-60a5c36fd440 has not seen follower/s 73c69e8a-9bd3-45ee-8ac9-6e361d860e2f for 159889ms 235b1c08-2c3c-45bc-ab7f-b19a657e57f0 for 159888ms
2019-09-17 13:48:00,146 [73c69e8a-9bd3-45ee-8ac9-6e361d860e2f@group-7DC0A196B6AC-SegmentedRaftLogWorker] WARN  segmented.SegmentedRaftLogWorker (SegmentedRaftLogWorker.java:getFromFuture(90)) - Timeout 15/~
org.apache.ratis.protocol.TimeoutIOException: Timeout 10s: WriteLog:17: (t:1, i:17), STATEMACHINELOGENTRY, client-BB96F508478C, cid=57-writeStateMachineData
	at org.apache.ratis.util.IOUtils.getFromFuture(IOUtils.java:87)
	at org.apache.ratis.server.raftlog.segmented.SegmentedRaftLogWorker$StateMachineDataPolicy.getFromFuture(SegmentedRaftLogWorker.java:87)
	at org.apache.ratis.server.raftlog.segmented.SegmentedRaftLogWorker$WriteLog.execute(SegmentedRaftLogWorker.java:477)
	at org.apache.ratis.server.raftlog.segmented.SegmentedRaftLogWorker.run(SegmentedRaftLogWorker.java:289)
	at java.lang.Thread.run(Thread.java:748)
Caused by: java.util.concurrent.TimeoutException
	at java.util.concurrent.CompletableFuture.timedGet(CompletableFuture.java:1771)
	at java.util.concurrent.CompletableFuture.get(CompletableFuture.java:1915)
	at org.apache.ratis.util.IOUtils.getFromFuture(IOUtils.java:79)
	... 4 more
 0.00% |█                                                                                                    |  0/1 Time: 0:06:102019-09-17 13:48:00,354 [235b1c08-2c3c-45bc-ab7f-b19a657e57f0@group-7DC0A196B6AC-SegmentedRaftLogWorker] WARN  segmented.SegmentedRaftLogWorker (SegmentedRaftLogWorker.java:getFromFuture(90)) - Timeout 15/~
org.apache.ratis.protocol.TimeoutIOException: Timeout 10s: WriteLog:19: (t:1, i:19), STATEMACHINELOGENTRY, client-BB96F508478C, cid=59-writeStateMachineData
	at org.apache.ratis.util.IOUtils.getFromFuture(IOUtils.java:87)
	at org.apache.ratis.server.raftlog.segmented.SegmentedRaftLogWorker$StateMachineDataPolicy.getFromFuture(SegmentedRaftLogWorker.java:87)
	at org.apache.ratis.server.raftlog.segmented.SegmentedRaftLogWorker$WriteLog.execute(SegmentedRaftLogWorker.java:477)
	at org.apache.ratis.server.raftlog.segmented.SegmentedRaftLogWorker.run(SegmentedRaftLogWorker.java:289)
	at java.lang.Thread.run(Thread.java:748)
Caused by: java.util.concurrent.TimeoutException
	at java.util.concurrent.CompletableFuture.timedGet(CompletableFuture.java:1771)
	at java.util.concurrent.CompletableFuture.get(CompletableFuture.java:1915)
	at org.apache.ratis.util.IOUtils.getFromFuture(IOUtils.java:79)
	... 4 more
2019-09-17 13:48:00,362 [bf9845cc-5491-4380-971d-60a5c36fd440@group-7DC0A196B6AC-SegmentedRaftLogWorker] WARN  segmented.SegmentedRaftLogWorker (SegmentedRaftLogWorker.java:getFromFuture(90)) - Timeout 15/~
org.apache.ratis.protocol.TimeoutIOException: Timeout 10s: WriteLog:19: (t:1, i:19), STATEMACHINELOGENTRY, client-BB96F508478C, cid=59-writeStateMachineData
	at org.apache.ratis.util.IOUtils.getFromFuture(IOUtils.java:87)
	at org.apache.ratis.server.raftlog.segmented.SegmentedRaftLogWorker$StateMachineDataPolicy.getFromFuture(SegmentedRaftLogWorker.java:87)
	at org.apache.ratis.server.raftlog.segmented.SegmentedRaftLogWorker$WriteLog.execute(SegmentedRaftLogWorker.java:477)
	at org.apache.ratis.server.raftlog.segmented.SegmentedRaftLogWorker.run(SegmentedRaftLogWorker.java:289)
	at java.lang.Thread.run(Thread.java:748)
Caused by: java.util.concurrent.TimeoutException
	at java.util.concurrent.CompletableFuture.timedGet(CompletableFuture.java:1771)
	at java.util.concurrent.CompletableFuture.get(CompletableFuture.java:1915)
	at org.apache.ratis.util.IOUtils.getFromFuture(IOUtils.java:79)
	... 4 more
2019-09-17 13:48:00,466 [EventQueue-PipelineActionsForPipelineActionHandler] ERROR pipeline.PipelineActionHandler (PipelineActionHandler.java:onMessage(60)) - Received pipeline action CLOSE for Pipeline[ Id: 402c8385-ff61-457f-b415-7dc0a196b6ac, Nodes: bf9845cc-5491-4380-971d-60a5c36fd440{ip: 192.168.5.130, host: pr-hdds-2136-chhj8-2666454444, networkLocation: /default-rack, certSerialId: null}73c69e8a-9bd3-45ee-8ac9-6e361d860e2f{ip: 192.168.5.130, host: pr-hdds-2136-chhj8-2666454444, networkLocation: /default-rack, certSerialId: null}235b1c08-2c3c-45bc-ab7f-b19a657e57f0{ip: 192.168.5.130, host: pr-hdds-2136-chhj8-2666454444, networkLocation: /default-rack, certSerialId: null}, Type:RATIS, Factor:THREE, State:CLOSED] from datanode bf9845cc-5491-4380-971d-60a5c36fd440{ip: 192.168.5.130, host: pr-hdds-2136-chhj8-2666454444, networkLocation: /default-rack, certSerialId: null}. Reason : bf9845cc-5491-4380-971d-60a5c36fd440 has not seen follower/s 73c69e8a-9bd3-45ee-8ac9-6e361d860e2f for 159889ms 235b1c08-2c3c-45bc-ab7f-b19a657e57f0 for 159888ms
2019-09-17 13:48:00,466 [EventQueue-PipelineActionsForPipelineActionHandler] INFO  pipeline.SCMPipelineManager (SCMPipelineManager.java:finalizeAndDestroyPipeline(311)) - destroying pipeline:Pipeline[ Id: 402c8385-ff61-457f-b415-7dc0a196b6ac, Nodes: bf9845cc-5491-4380-971d-60a5c36fd440{ip: 192.168.5.130, host: pr-hdds-2136-chhj8-2666454444, networkLocation: /default-rack, certSerialId: null}73c69e8a-9bd3-45ee-8ac9-6e361d860e2f{ip: 192.168.5.130, host: pr-hdds-2136-chhj8-2666454444, networkLocation: /default-rack, certSerialId: null}235b1c08-2c3c-45bc-ab7f-b19a657e57f0{ip: 192.168.5.130, host: pr-hdds-2136-chhj8-2666454444, networkLocation: /default-rack, certSerialId: null}, Type:RATIS, Factor:THREE, State:CLOSED]
2019-09-17 13:48:00,475 [java.util.concurrent.ThreadPoolExecutor$Worker@662ab04f[State = -1, empty queue]] WARN  server.GrpcLogAppender (GrpcLogAppender.java:timeoutAppendRequest(200)) - bf9845cc-5491-4380-971d-60a5c36fd440@group-7DC0A196B6AC->235b1c08-2c3c-45bc-ab7f-b19a657e57f0-GrpcLogAppender: appendEntries Timeout, request=bf9845cc-5491-4380-971d-60a5c36fd440->235b1c08-2c3c-45bc-ab7f-b19a657e57f0#84-t1, previous=(t:1, i:21), leaderCommit=16, initializing? false, entries: <empty>
2019-09-17 13:48:00,475 [java.util.concurrent.ThreadPoolExecutor$Worker@5f232967[State = -1, empty queue]] WARN  server.GrpcLogAppender (GrpcLogAppender.java:timeoutAppendRequest(200)) - bf9845cc-5491-4380-971d-60a5c36fd440@group-7DC0A196B6AC->73c69e8a-9bd3-45ee-8ac9-6e361d860e2f-GrpcLogAppender: appendEntries Timeout, request=bf9845cc-5491-4380-971d-60a5c36fd440->73c69e8a-9bd3-45ee-8ac9-6e361d860e2f#84-t1, previous=(t:1, i:21), leaderCommit=16, initializing? false, entries: <empty>
 0.00% |█                                                                                                    |  0/1 Time: 0:06:112019-09-17 13:48:01,412 [grpc-default-executor-5] INFO  client.GrpcClientProtocolClient (GrpcClientProtocolClient.java:onNext(264)) - client-BB96F508478C->73c69e8a-9bd3-45ee-8ac9-6e361d860e2f: receive RaftClientReply:client-BB96F508478C->73c69e8a-9bd3-45ee-8ac9-6e361d860e2f@group-7DC0A196B6AC, cid=57, FAILED org.apache.ratis.protocol.NotLeaderException: Server 73c69e8a-9bd3-45ee-8ac9-6e361d860e2f@group-7DC0A196B6AC is not the leader bf9845cc-5491-4380-971d-60a5c36fd440:192.168.5.130:40791, logIndex=0, commits[73c69e8a-9bd3-45ee-8ac9-6e361d860e2f:c16, 235b1c08-2c3c-45bc-ab7f-b19a657e57f0:c12, bf9845cc-5491-4380-971d-60a5c36fd440:c16]
 0.00% |█                                                                                                    |  0/1 Time: 0:06:122019-09-17 13:48:02,476 [org.apache.ratis.server.impl.LogAppender$AppenderDaemon$$Lambda$512/1779790241@f4c143b] ERROR ratis.XceiverServerRatis (XceiverServerRatis.java:triggerPipelineClose(575)) - pipeline Action CLOSE  on pipeline PipelineID=402c8385-ff61-457f-b415-7dc0a196b6ac.Reason : bf9845cc-5491-4380-971d-60a5c36fd440 has not seen follower/s 73c69e8a-9bd3-45ee-8ac9-6e361d860e2f for 162390ms 235b1c08-2c3c-45bc-ab7f-b19a657e57f0 for 162389ms
2019-09-17 13:48:02,477 [org.apache.ratis.server.impl.LogAppender$AppenderDaemon$$Lambda$512/1779790241@b2ea93] ERROR ratis.XceiverServerRatis (XceiverServerRatis.java:triggerPipelineClose(575)) - pipeline Action CLOSE  on pipeline PipelineID=402c8385-ff61-457f-b415-7dc0a196b6ac.Reason : bf9845cc-5491-4380-971d-60a5c36fd440 has not seen follower/s 73c69e8a-9bd3-45ee-8ac9-6e361d860e2f for 162390ms 235b1c08-2c3c-45bc-ab7f-b19a657e57f0 for 162389ms
2019-09-17 13:48:02,976 [java.util.concurrent.ThreadPoolExecutor$Worker@662ab04f[State = -1, empty queue]] WARN  server.GrpcLogAppender (GrpcLogAppender.java:timeoutAppendRequest(200)) - bf9845cc-5491-4380-971d-60a5c36fd440@group-7DC0A196B6AC->235b1c08-2c3c-45bc-ab7f-b19a657e57f0-GrpcLogAppender: appendEntries Timeout, request=bf9845cc-5491-4380-971d-60a5c36fd440->235b1c08-2c3c-45bc-ab7f-b19a657e57f0#85-t1, previous=(t:1, i:21), leaderCommit=16, initializing? false, entries: <empty>
2019-09-17 13:48:02,976 [java.util.concurrent.ThreadPoolExecutor$Worker@5f232967[State = -1, empty queue]] WARN  server.GrpcLogAppender (GrpcLogAppender.java:timeoutAppendRequest(200)) - bf9845cc-5491-4380-971d-60a5c36fd440@group-7DC0A196B6AC->73c69e8a-9bd3-45ee-8ac9-6e361d860e2f-GrpcLogAppender: appendEntries Timeout, request=bf9845cc-5491-4380-971d-60a5c36fd440->73c69e8a-9bd3-45ee-8ac9-6e361d860e2f#85-t1, previous=(t:1, i:21), leaderCommit=16, initializing? false, entries: <empty>
 0.00% |█                                                                                                    |  0/1 Time: 0:06:132019-09-17 13:48:03,466 [EventQueue-PipelineActionsForPipelineActionHandler] ERROR pipeline.PipelineActionHandler (PipelineActionHandler.java:onMessage(60)) - Received pipeline action CLOSE for Pipeline[ Id: 402c8385-ff61-457f-b415-7dc0a196b6ac, Nodes: bf9845cc-5491-4380-971d-60a5c36fd440{ip: 192.168.5.130, host: pr-hdds-2136-chhj8-2666454444, networkLocation: /default-rack, certSerialId: null}73c69e8a-9bd3-45ee-8ac9-6e361d860e2f{ip: 192.168.5.130, host: pr-hdds-2136-chhj8-2666454444, networkLocation: /default-rack, certSerialId: null}235b1c08-2c3c-45bc-ab7f-b19a657e57f0{ip: 192.168.5.130, host: pr-hdds-2136-chhj8-2666454444, networkLocation: /default-rack, certSerialId: null}, Type:RATIS, Factor:THREE, State:CLOSED] from datanode bf9845cc-5491-4380-971d-60a5c36fd440{ip: 192.168.5.130, host: pr-hdds-2136-chhj8-2666454444, networkLocation: /default-rack, certSerialId: null}. Reason : bf9845cc-5491-4380-971d-60a5c36fd440 has not seen follower/s 73c69e8a-9bd3-45ee-8ac9-6e361d860e2f for 162390ms 235b1c08-2c3c-45bc-ab7f-b19a657e57f0 for 162389ms
2019-09-17 13:48:03,466 [EventQueue-PipelineActionsForPipelineActionHandler] INFO  pipeline.SCMPipelineManager (SCMPipelineManager.java:finalizeAndDestroyPipeline(311)) - destroying pipeline:Pipeline[ Id: 402c8385-ff61-457f-b415-7dc0a196b6ac, Nodes: bf9845cc-5491-4380-971d-60a5c36fd440{ip: 192.168.5.130, host: pr-hdds-2136-chhj8-2666454444, networkLocation: /default-rack, certSerialId: null}73c69e8a-9bd3-45ee-8ac9-6e361d860e2f{ip: 192.168.5.130, host: pr-hdds-2136-chhj8-2666454444, networkLocation: /default-rack, certSerialId: null}235b1c08-2c3c-45bc-ab7f-b19a657e57f0{ip: 192.168.5.130, host: pr-hdds-2136-chhj8-2666454444, networkLocation: /default-rack, certSerialId: null}, Type:RATIS, Factor:THREE, State:CLOSED]
 0.00% |█                                                                                                    |  0/1 Time: 0:06:142019-09-17 13:48:04,978 [org.apache.ratis.server.impl.LogAppender$AppenderDaemon$$Lambda$512/1779790241@f4c143b] ERROR ratis.XceiverServerRatis (XceiverServerRatis.java:triggerPipelineClose(575)) - pipeline Action CLOSE  on pipeline PipelineID=402c8385-ff61-457f-b415-7dc0a196b6ac.Reason : bf9845cc-5491-4380-971d-60a5c36fd440 has not seen follower/s 73c69e8a-9bd3-45ee-8ac9-6e361d860e2f for 164892ms 235b1c08-2c3c-45bc-ab7f-b19a657e57f0 for 164891ms
2019-09-17 13:48:04,978 [org.apache.ratis.server.impl.LogAppender$AppenderDaemon$$Lambda$512/1779790241@b2ea93] ERROR ratis.XceiverServerRatis (XceiverServerRatis.java:triggerPipelineClose(575)) - pipeline Action CLOSE  on pipeline PipelineID=402c8385-ff61-457f-b415-7dc0a196b6ac.Reason : bf9845cc-5491-4380-971d-60a5c36fd440 has not seen follower/s 73c69e8a-9bd3-45ee-8ac9-6e361d860e2f for 164892ms 235b1c08-2c3c-45bc-ab7f-b19a657e57f0 for 164891ms
 0.00% |█                                                                                                    |  0/1 Time: 0:06:152019-09-17 13:48:05,466 [EventQueue-PipelineActionsForPipelineActionHandler] ERROR pipeline.PipelineActionHandler (PipelineActionHandler.java:onMessage(60)) - Received pipeline action CLOSE for Pipeline[ Id: 402c8385-ff61-457f-b415-7dc0a196b6ac, Nodes: bf9845cc-5491-4380-971d-60a5c36fd440{ip: 192.168.5.130, host: pr-hdds-2136-chhj8-2666454444, networkLocation: /default-rack, certSerialId: null}73c69e8a-9bd3-45ee-8ac9-6e361d860e2f{ip: 192.168.5.130, host: pr-hdds-2136-chhj8-2666454444, networkLocation: /default-rack, certSerialId: null}235b1c08-2c3c-45bc-ab7f-b19a657e57f0{ip: 192.168.5.130, host: pr-hdds-2136-chhj8-2666454444, networkLocation: /default-rack, certSerialId: null}, Type:RATIS, Factor:THREE, State:CLOSED] from datanode bf9845cc-5491-4380-971d-60a5c36fd440{ip: 192.168.5.130, host: pr-hdds-2136-chhj8-2666454444, networkLocation: /default-rack, certSerialId: null}. Reason : bf9845cc-5491-4380-971d-60a5c36fd440 has not seen follower/s 73c69e8a-9bd3-45ee-8ac9-6e361d860e2f for 164892ms 235b1c08-2c3c-45bc-ab7f-b19a657e57f0 for 164891ms
2019-09-17 13:48:05,466 [EventQueue-PipelineActionsForPipelineActionHandler] INFO  pipeline.SCMPipelineManager (SCMPipelineManager.java:finalizeAndDestroyPipeline(311)) - destroying pipeline:Pipeline[ Id: 402c8385-ff61-457f-b415-7dc0a196b6ac, Nodes: bf9845cc-5491-4380-971d-60a5c36fd440{ip: 192.168.5.130, host: pr-hdds-2136-chhj8-2666454444, networkLocation: /default-rack, certSerialId: null}73c69e8a-9bd3-45ee-8ac9-6e361d860e2f{ip: 192.168.5.130, host: pr-hdds-2136-chhj8-2666454444, networkLocation: /default-rack, certSerialId: null}235b1c08-2c3c-45bc-ab7f-b19a657e57f0{ip: 192.168.5.130, host: pr-hdds-2136-chhj8-2666454444, networkLocation: /default-rack, certSerialId: null}, Type:RATIS, Factor:THREE, State:CLOSED]
2019-09-17 13:48:05,477 [java.util.concurrent.ThreadPoolExecutor$Worker@662ab04f[State = -1, empty queue]] WARN  server.GrpcLogAppender (GrpcLogAppender.java:timeoutAppendRequest(200)) - bf9845cc-5491-4380-971d-60a5c36fd440@group-7DC0A196B6AC->235b1c08-2c3c-45bc-ab7f-b19a657e57f0-GrpcLogAppender: appendEntries Timeout, request=bf9845cc-5491-4380-971d-60a5c36fd440->235b1c08-2c3c-45bc-ab7f-b19a657e57f0#86-t1, previous=(t:1, i:21), leaderCommit=16, initializing? false, entries: <empty>
2019-09-17 13:48:05,477 [java.util.concurrent.ThreadPoolExecutor$Worker@5f232967[State = -1, empty queue]] WARN  server.GrpcLogAppender (GrpcLogAppender.java:timeoutAppendRequest(200)) - bf9845cc-5491-4380-971d-60a5c36fd440@group-7DC0A196B6AC->73c69e8a-9bd3-45ee-8ac9-6e361d860e2f-GrpcLogAppender: appendEntries Timeout, request=bf9845cc-5491-4380-971d-60a5c36fd440->73c69e8a-9bd3-45ee-8ac9-6e361d860e2f#86-t1, previous=(t:1, i:21), leaderCommit=16, initializing? false, entries: <empty>
 0.00% |█                                                                                                    |  0/1 Time: 0:06:162019-09-17 13:48:06,468 [grpc-default-executor-2] INFO  client.GrpcClientProtocolClient (GrpcClientProtocolClient.java:onNext(264)) - client-BB96F508478C->73c69e8a-9bd3-45ee-8ac9-6e361d860e2f: receive RaftClientReply:client-BB96F508478C->73c69e8a-9bd3-45ee-8ac9-6e361d860e2f@group-7DC0A196B6AC, cid=57, FAILED org.apache.ratis.protocol.NotLeaderException: Server 73c69e8a-9bd3-45ee-8ac9-6e361d860e2f@group-7DC0A196B6AC is not the leader bf9845cc-5491-4380-971d-60a5c36fd440:192.168.5.130:40791, logIndex=0, commits[73c69e8a-9bd3-45ee-8ac9-6e361d860e2f:c16, 235b1c08-2c3c-45bc-ab7f-b19a657e57f0:c12, bf9845cc-5491-4380-971d-60a5c36fd440:c16]
 0.00% |█                                                                                                    |  0/1 Time: 0:06:172019-09-17 13:48:07,479 [org.apache.ratis.server.impl.LogAppender$AppenderDaemon$$Lambda$512/1779790241@f4c143b] ERROR ratis.XceiverServerRatis (XceiverServerRatis.java:triggerPipelineClose(575)) - pipeline Action CLOSE  on pipeline PipelineID=402c8385-ff61-457f-b415-7dc0a196b6ac.Reason : bf9845cc-5491-4380-971d-60a5c36fd440 has not seen follower/s 73c69e8a-9bd3-45ee-8ac9-6e361d860e2f for 167392ms 235b1c08-2c3c-45bc-ab7f-b19a657e57f0 for 167391ms
2019-09-17 13:48:07,479 [org.apache.ratis.server.impl.LogAppender$AppenderDaemon$$Lambda$512/1779790241@b2ea93] ERROR ratis.XceiverServerRatis (XceiverServerRatis.java:triggerPipelineClose(575)) - pipeline Action CLOSE  on pipeline PipelineID=402c8385-ff61-457f-b415-7dc0a196b6ac.Reason : bf9845cc-5491-4380-971d-60a5c36fd440 has not seen follower/s 73c69e8a-9bd3-45ee-8ac9-6e361d860e2f for 167392ms 235b1c08-2c3c-45bc-ab7f-b19a657e57f0 for 167391ms
2019-09-17 13:48:07,978 [java.util.concurrent.ThreadPoolExecutor$Worker@5f232967[State = -1, empty queue]] WARN  server.GrpcLogAppender (GrpcLogAppender.java:timeoutAppendRequest(200)) - bf9845cc-5491-4380-971d-60a5c36fd440@group-7DC0A196B6AC->73c69e8a-9bd3-45ee-8ac9-6e361d860e2f-GrpcLogAppender: appendEntries Timeout, request=bf9845cc-5491-4380-971d-60a5c36fd440->73c69e8a-9bd3-45ee-8ac9-6e361d860e2f#87-t1, previous=(t:1, i:21), leaderCommit=16, initializing? false, entries: <empty>
2019-09-17 13:48:07,978 [java.util.concurrent.ThreadPoolExecutor$Worker@662ab04f[State = -1, empty queue]] WARN  server.GrpcLogAppender (GrpcLogAppender.java:timeoutAppendRequest(200)) - bf9845cc-5491-4380-971d-60a5c36fd440@group-7DC0A196B6AC->235b1c08-2c3c-45bc-ab7f-b19a657e57f0-GrpcLogAppender: appendEntries Timeout, request=bf9845cc-5491-4380-971d-60a5c36fd440->235b1c08-2c3c-45bc-ab7f-b19a657e57f0#87-t1, previous=(t:1, i:21), leaderCommit=16, initializing? false, entries: <empty>
 0.00% |█                                                                                                    |  0/1 Time: 0:06:182019-09-17 13:48:08,469 [EventQueue-PipelineActionsForPipelineActionHandler] ERROR pipeline.PipelineActionHandler (PipelineActionHandler.java:onMessage(60)) - Received pipeline action CLOSE for Pipeline[ Id: 402c8385-ff61-457f-b415-7dc0a196b6ac, Nodes: bf9845cc-5491-4380-971d-60a5c36fd440{ip: 192.168.5.130, host: pr-hdds-2136-chhj8-2666454444, networkLocation: /default-rack, certSerialId: null}73c69e8a-9bd3-45ee-8ac9-6e361d860e2f{ip: 192.168.5.130, host: pr-hdds-2136-chhj8-2666454444, networkLocation: /default-rack, certSerialId: null}235b1c08-2c3c-45bc-ab7f-b19a657e57f0{ip: 192.168.5.130, host: pr-hdds-2136-chhj8-2666454444, networkLocation: /default-rack, certSerialId: null}, Type:RATIS, Factor:THREE, State:CLOSED] from datanode bf9845cc-5491-4380-971d-60a5c36fd440{ip: 192.168.5.130, host: pr-hdds-2136-chhj8-2666454444, networkLocation: /default-rack, certSerialId: null}. Reason : bf9845cc-5491-4380-971d-60a5c36fd440 has not seen follower/s 73c69e8a-9bd3-45ee-8ac9-6e361d860e2f for 167392ms 235b1c08-2c3c-45bc-ab7f-b19a657e57f0 for 167391ms
2019-09-17 13:48:08,469 [EventQueue-PipelineActionsForPipelineActionHandler] INFO  pipeline.SCMPipelineManager (SCMPipelineManager.java:finalizeAndDestroyPipeline(311)) - destroying pipeline:Pipeline[ Id: 402c8385-ff61-457f-b415-7dc0a196b6ac, Nodes: bf9845cc-5491-4380-971d-60a5c36fd440{ip: 192.168.5.130, host: pr-hdds-2136-chhj8-2666454444, networkLocation: /default-rack, certSerialId: null}73c69e8a-9bd3-45ee-8ac9-6e361d860e2f{ip: 192.168.5.130, host: pr-hdds-2136-chhj8-2666454444, networkLocation: /default-rack, certSerialId: null}235b1c08-2c3c-45bc-ab7f-b19a657e57f0{ip: 192.168.5.130, host: pr-hdds-2136-chhj8-2666454444, networkLocation: /default-rack, certSerialId: null}, Type:RATIS, Factor:THREE, State:CLOSED]
 0.00% |█                                                                                                    |  0/1 Time: 0:06:192019-09-17 13:48:09,982 [org.apache.ratis.server.impl.LogAppender$AppenderDaemon$$Lambda$512/1779790241@f4c143b] ERROR ratis.XceiverServerRatis (XceiverServerRatis.java:triggerPipelineClose(575)) - pipeline Action CLOSE  on pipeline PipelineID=402c8385-ff61-457f-b415-7dc0a196b6ac.Reason : bf9845cc-5491-4380-971d-60a5c36fd440 has not seen follower/s 73c69e8a-9bd3-45ee-8ac9-6e361d860e2f for 169895ms 235b1c08-2c3c-45bc-ab7f-b19a657e57f0 for 169894ms
2019-09-17 13:48:09,982 [org.apache.ratis.server.impl.LogAppender$AppenderDaemon$$Lambda$512/1779790241@b2ea93] ERROR ratis.XceiverServerRatis (XceiverServerRatis.java:triggerPipelineClose(575)) - pipeline Action CLOSE  on pipeline PipelineID=402c8385-ff61-457f-b415-7dc0a196b6ac.Reason : bf9845cc-5491-4380-971d-60a5c36fd440 has not seen follower/s 73c69e8a-9bd3-45ee-8ac9-6e361d860e2f for 169895ms 235b1c08-2c3c-45bc-ab7f-b19a657e57f0 for 169894ms
2019-09-17 13:48:10,147 [73c69e8a-9bd3-45ee-8ac9-6e361d860e2f@group-7DC0A196B6AC-SegmentedRaftLogWorker] WARN  segmented.SegmentedRaftLogWorker (SegmentedRaftLogWorker.java:getFromFuture(90)) - Timeout 16/~
org.apache.ratis.protocol.TimeoutIOException: Timeout 10s: WriteLog:17: (t:1, i:17), STATEMACHINELOGENTRY, client-BB96F508478C, cid=57-writeStateMachineData
	at org.apache.ratis.util.IOUtils.getFromFuture(IOUtils.java:87)
	at org.apache.ratis.server.raftlog.segmented.SegmentedRaftLogWorker$StateMachineDataPolicy.getFromFuture(SegmentedRaftLogWorker.java:87)
	at org.apache.ratis.server.raftlog.segmented.SegmentedRaftLogWorker$WriteLog.execute(SegmentedRaftLogWorker.java:477)
	at org.apache.ratis.server.raftlog.segmented.SegmentedRaftLogWorker.run(SegmentedRaftLogWorker.java:289)
	at java.lang.Thread.run(Thread.java:748)
Caused by: java.util.concurrent.TimeoutException
	at java.util.concurrent.CompletableFuture.timedGet(CompletableFuture.java:1771)
	at java.util.concurrent.CompletableFuture.get(CompletableFuture.java:1915)
	at org.apache.ratis.util.IOUtils.getFromFuture(IOUtils.java:79)
	... 4 more
 0.00% |█                                                                                                    |  0/1 Time: 0:06:202019-09-17 13:48:10,368 [235b1c08-2c3c-45bc-ab7f-b19a657e57f0@group-7DC0A196B6AC-SegmentedRaftLogWorker] WARN  segmented.SegmentedRaftLogWorker (SegmentedRaftLogWorker.java:getFromFuture(90)) - Timeout 16/~
org.apache.ratis.protocol.TimeoutIOException: Timeout 10s: WriteLog:19: (t:1, i:19), STATEMACHINELOGENTRY, client-BB96F508478C, cid=59-writeStateMachineData
	at org.apache.ratis.util.IOUtils.getFromFuture(IOUtils.java:87)
	at org.apache.ratis.server.raftlog.segmented.SegmentedRaftLogWorker$StateMachineDataPolicy.getFromFuture(SegmentedRaftLogWorker.java:87)
	at org.apache.ratis.server.raftlog.segmented.SegmentedRaftLogWorker$WriteLog.execute(SegmentedRaftLogWorker.java:477)
	at org.apache.ratis.server.raftlog.segmented.SegmentedRaftLogWorker.run(SegmentedRaftLogWorker.java:289)
	at java.lang.Thread.run(Thread.java:748)
Caused by: java.util.concurrent.TimeoutException
	at java.util.concurrent.CompletableFuture.timedGet(CompletableFuture.java:1771)
	at java.util.concurrent.CompletableFuture.get(CompletableFuture.java:1915)
	at org.apache.ratis.util.IOUtils.getFromFuture(IOUtils.java:79)
	... 4 more
2019-09-17 13:48:10,368 [bf9845cc-5491-4380-971d-60a5c36fd440@group-7DC0A196B6AC-SegmentedRaftLogWorker] WARN  segmented.SegmentedRaftLogWorker (SegmentedRaftLogWorker.java:getFromFuture(90)) - Timeout 16/~
org.apache.ratis.protocol.TimeoutIOException: Timeout 10s: WriteLog:19: (t:1, i:19), STATEMACHINELOGENTRY, client-BB96F508478C, cid=59-writeStateMachineData
	at org.apache.ratis.util.IOUtils.getFromFuture(IOUtils.java:87)
	at org.apache.ratis.server.raftlog.segmented.SegmentedRaftLogWorker$StateMachineDataPolicy.getFromFuture(SegmentedRaftLogWorker.java:87)
	at org.apache.ratis.server.raftlog.segmented.SegmentedRaftLogWorker$WriteLog.execute(SegmentedRaftLogWorker.java:477)
	at org.apache.ratis.server.raftlog.segmented.SegmentedRaftLogWorker.run(SegmentedRaftLogWorker.java:289)
	at java.lang.Thread.run(Thread.java:748)
Caused by: java.util.concurrent.TimeoutException
	at java.util.concurrent.CompletableFuture.timedGet(CompletableFuture.java:1771)
	at java.util.concurrent.CompletableFuture.get(CompletableFuture.java:1915)
	at org.apache.ratis.util.IOUtils.getFromFuture(IOUtils.java:79)
	... 4 more
2019-09-17 13:48:10,469 [EventQueue-PipelineActionsForPipelineActionHandler] ERROR pipeline.PipelineActionHandler (PipelineActionHandler.java:onMessage(60)) - Received pipeline action CLOSE for Pipeline[ Id: 402c8385-ff61-457f-b415-7dc0a196b6ac, Nodes: bf9845cc-5491-4380-971d-60a5c36fd440{ip: 192.168.5.130, host: pr-hdds-2136-chhj8-2666454444, networkLocation: /default-rack, certSerialId: null}73c69e8a-9bd3-45ee-8ac9-6e361d860e2f{ip: 192.168.5.130, host: pr-hdds-2136-chhj8-2666454444, networkLocation: /default-rack, certSerialId: null}235b1c08-2c3c-45bc-ab7f-b19a657e57f0{ip: 192.168.5.130, host: pr-hdds-2136-chhj8-2666454444, networkLocation: /default-rack, certSerialId: null}, Type:RATIS, Factor:THREE, State:CLOSED] from datanode bf9845cc-5491-4380-971d-60a5c36fd440{ip: 192.168.5.130, host: pr-hdds-2136-chhj8-2666454444, networkLocation: /default-rack, certSerialId: null}. Reason : bf9845cc-5491-4380-971d-60a5c36fd440 has not seen follower/s 73c69e8a-9bd3-45ee-8ac9-6e361d860e2f for 169895ms 235b1c08-2c3c-45bc-ab7f-b19a657e57f0 for 169894ms
2019-09-17 13:48:10,469 [EventQueue-PipelineActionsForPipelineActionHandler] INFO  pipeline.SCMPipelineManager (SCMPipelineManager.java:finalizeAndDestroyPipeline(311)) - destroying pipeline:Pipeline[ Id: 402c8385-ff61-457f-b415-7dc0a196b6ac, Nodes: bf9845cc-5491-4380-971d-60a5c36fd440{ip: 192.168.5.130, host: pr-hdds-2136-chhj8-2666454444, networkLocation: /default-rack, certSerialId: null}73c69e8a-9bd3-45ee-8ac9-6e361d860e2f{ip: 192.168.5.130, host: pr-hdds-2136-chhj8-2666454444, networkLocation: /default-rack, certSerialId: null}235b1c08-2c3c-45bc-ab7f-b19a657e57f0{ip: 192.168.5.130, host: pr-hdds-2136-chhj8-2666454444, networkLocation: /default-rack, certSerialId: null}, Type:RATIS, Factor:THREE, State:CLOSED]
2019-09-17 13:48:10,479 [java.util.concurrent.ThreadPoolExecutor$Worker@662ab04f[State = -1, empty queue]] WARN  server.GrpcLogAppender (GrpcLogAppender.java:timeoutAppendRequest(200)) - bf9845cc-5491-4380-971d-60a5c36fd440@group-7DC0A196B6AC->235b1c08-2c3c-45bc-ab7f-b19a657e57f0-GrpcLogAppender: appendEntries Timeout, request=bf9845cc-5491-4380-971d-60a5c36fd440->235b1c08-2c3c-45bc-ab7f-b19a657e57f0#88-t1, previous=(t:1, i:21), leaderCommit=16, initializing? false, entries: <empty>
2019-09-17 13:48:10,479 [java.util.concurrent.ThreadPoolExecutor$Worker@5f232967[State = -1, empty queue]] WARN  server.GrpcLogAppender (GrpcLogAppender.java:timeoutAppendRequest(200)) - bf9845cc-5491-4380-971d-60a5c36fd440@group-7DC0A196B6AC->73c69e8a-9bd3-45ee-8ac9-6e361d860e2f-GrpcLogAppender: appendEntries Timeout, request=bf9845cc-5491-4380-971d-60a5c36fd440->73c69e8a-9bd3-45ee-8ac9-6e361d860e2f#88-t1, previous=(t:1, i:21), leaderCommit=16, initializing? false, entries: <empty>
 0.00% |█                                                                                                    |  0/1 Time: 0:06:212019-09-17 13:48:11,534 [grpc-default-executor-2] INFO  client.GrpcClientProtocolClient (GrpcClientProtocolClient.java:onNext(264)) - client-BB96F508478C->73c69e8a-9bd3-45ee-8ac9-6e361d860e2f: receive RaftClientReply:client-BB96F508478C->73c69e8a-9bd3-45ee-8ac9-6e361d860e2f@group-7DC0A196B6AC, cid=57, FAILED org.apache.ratis.protocol.NotLeaderException: Server 73c69e8a-9bd3-45ee-8ac9-6e361d860e2f@group-7DC0A196B6AC is not the leader bf9845cc-5491-4380-971d-60a5c36fd440:192.168.5.130:40791, logIndex=0, commits[73c69e8a-9bd3-45ee-8ac9-6e361d860e2f:c16, 235b1c08-2c3c-45bc-ab7f-b19a657e57f0:c12, bf9845cc-5491-4380-971d-60a5c36fd440:c16]
 0.00% |█                                                                                                    |  0/1 Time: 0:06:222019-09-17 13:48:12,482 [org.apache.ratis.server.impl.LogAppender$AppenderDaemon$$Lambda$512/1779790241@f4c143b] ERROR ratis.XceiverServerRatis (XceiverServerRatis.java:triggerPipelineClose(575)) - pipeline Action CLOSE  on pipeline PipelineID=402c8385-ff61-457f-b415-7dc0a196b6ac.Reason : bf9845cc-5491-4380-971d-60a5c36fd440 has not seen follower/s 73c69e8a-9bd3-45ee-8ac9-6e361d860e2f for 172396ms 235b1c08-2c3c-45bc-ab7f-b19a657e57f0 for 172395ms
2019-09-17 13:48:12,482 [org.apache.ratis.server.impl.LogAppender$AppenderDaemon$$Lambda$512/1779790241@b2ea93] ERROR ratis.XceiverServerRatis (XceiverServerRatis.java:triggerPipelineClose(575)) - pipeline Action CLOSE  on pipeline PipelineID=402c8385-ff61-457f-b415-7dc0a196b6ac.Reason : bf9845cc-5491-4380-971d-60a5c36fd440 has not seen follower/s 73c69e8a-9bd3-45ee-8ac9-6e361d860e2f for 172396ms 235b1c08-2c3c-45bc-ab7f-b19a657e57f0 for 172395ms
2019-09-17 13:48:12,981 [java.util.concurrent.ThreadPoolExecutor$Worker@5f232967[State = -1, empty queue]] WARN  server.GrpcLogAppender (GrpcLogAppender.java:timeoutAppendRequest(200)) - bf9845cc-5491-4380-971d-60a5c36fd440@group-7DC0A196B6AC->73c69e8a-9bd3-45ee-8ac9-6e361d860e2f-GrpcLogAppender: appendEntries Timeout, request=bf9845cc-5491-4380-971d-60a5c36fd440->73c69e8a-9bd3-45ee-8ac9-6e361d860e2f#89-t1, previous=(t:1, i:21), leaderCommit=16, initializing? false, entries: <empty>
2019-09-17 13:48:12,981 [java.util.concurrent.ThreadPoolExecutor$Worker@662ab04f[State = -1, empty queue]] WARN  server.GrpcLogAppender (GrpcLogAppender.java:timeoutAppendRequest(200)) - bf9845cc-5491-4380-971d-60a5c36fd440@group-7DC0A196B6AC->235b1c08-2c3c-45bc-ab7f-b19a657e57f0-GrpcLogAppender: appendEntries Timeout, request=bf9845cc-5491-4380-971d-60a5c36fd440->235b1c08-2c3c-45bc-ab7f-b19a657e57f0#89-t1, previous=(t:1, i:21), leaderCommit=16, initializing? false, entries: <empty>
 0.00% |█                                                                                                    |  0/1 Time: 0:06:232019-09-17 13:48:13,468 [EventQueue-PipelineActionsForPipelineActionHandler] ERROR pipeline.PipelineActionHandler (PipelineActionHandler.java:onMessage(60)) - Received pipeline action CLOSE for Pipeline[ Id: 402c8385-ff61-457f-b415-7dc0a196b6ac, Nodes: bf9845cc-5491-4380-971d-60a5c36fd440{ip: 192.168.5.130, host: pr-hdds-2136-chhj8-2666454444, networkLocation: /default-rack, certSerialId: null}73c69e8a-9bd3-45ee-8ac9-6e361d860e2f{ip: 192.168.5.130, host: pr-hdds-2136-chhj8-2666454444, networkLocation: /default-rack, certSerialId: null}235b1c08-2c3c-45bc-ab7f-b19a657e57f0{ip: 192.168.5.130, host: pr-hdds-2136-chhj8-2666454444, networkLocation: /default-rack, certSerialId: null}, Type:RATIS, Factor:THREE, State:CLOSED] from datanode bf9845cc-5491-4380-971d-60a5c36fd440{ip: 192.168.5.130, host: pr-hdds-2136-chhj8-2666454444, networkLocation: /default-rack, certSerialId: null}. Reason : bf9845cc-5491-4380-971d-60a5c36fd440 has not seen follower/s 73c69e8a-9bd3-45ee-8ac9-6e361d860e2f for 172396ms 235b1c08-2c3c-45bc-ab7f-b19a657e57f0 for 172395ms
2019-09-17 13:48:13,468 [EventQueue-PipelineActionsForPipelineActionHandler] INFO  pipeline.SCMPipelineManager (SCMPipelineManager.java:finalizeAndDestroyPipeline(311)) - destroying pipeline:Pipeline[ Id: 402c8385-ff61-457f-b415-7dc0a196b6ac, Nodes: bf9845cc-5491-4380-971d-60a5c36fd440{ip: 192.168.5.130, host: pr-hdds-2136-chhj8-2666454444, networkLocation: /default-rack, certSerialId: null}73c69e8a-9bd3-45ee-8ac9-6e361d860e2f{ip: 192.168.5.130, host: pr-hdds-2136-chhj8-2666454444, networkLocation: /default-rack, certSerialId: null}235b1c08-2c3c-45bc-ab7f-b19a657e57f0{ip: 192.168.5.130, host: pr-hdds-2136-chhj8-2666454444, networkLocation: /default-rack, certSerialId: null}, Type:RATIS, Factor:THREE, State:CLOSED]
 0.00% |█                                                                                                    |  0/1 Time: 0:06:242019-09-17 13:48:14,983 [org.apache.ratis.server.impl.LogAppender$AppenderDaemon$$Lambda$512/1779790241@f4c143b] ERROR ratis.XceiverServerRatis (XceiverServerRatis.java:triggerPipelineClose(575)) - pipeline Action CLOSE  on pipeline PipelineID=402c8385-ff61-457f-b415-7dc0a196b6ac.Reason : bf9845cc-5491-4380-971d-60a5c36fd440 has not seen follower/s 73c69e8a-9bd3-45ee-8ac9-6e361d860e2f for 174896ms 235b1c08-2c3c-45bc-ab7f-b19a657e57f0 for 174896ms
2019-09-17 13:48:14,983 [org.apache.ratis.server.impl.LogAppender$AppenderDaemon$$Lambda$512/1779790241@b2ea93] ERROR ratis.XceiverServerRatis (XceiverServerRatis.java:triggerPipelineClose(575)) - pipeline Action CLOSE  on pipeline PipelineID=402c8385-ff61-457f-b415-7dc0a196b6ac.Reason : bf9845cc-5491-4380-971d-60a5c36fd440 has not seen follower/s 73c69e8a-9bd3-45ee-8ac9-6e361d860e2f for 174897ms 235b1c08-2c3c-45bc-ab7f-b19a657e57f0 for 174896ms
 0.00% |█                                                                                                    |  0/1 Time: 0:06:252019-09-17 13:48:15,468 [EventQueue-PipelineActionsForPipelineActionHandler] ERROR pipeline.PipelineActionHandler (PipelineActionHandler.java:onMessage(60)) - Received pipeline action CLOSE for Pipeline[ Id: 402c8385-ff61-457f-b415-7dc0a196b6ac, Nodes: bf9845cc-5491-4380-971d-60a5c36fd440{ip: 192.168.5.130, host: pr-hdds-2136-chhj8-2666454444, networkLocation: /default-rack, certSerialId: null}73c69e8a-9bd3-45ee-8ac9-6e361d860e2f{ip: 192.168.5.130, host: pr-hdds-2136-chhj8-2666454444, networkLocation: /default-rack, certSerialId: null}235b1c08-2c3c-45bc-ab7f-b19a657e57f0{ip: 192.168.5.130, host: pr-hdds-2136-chhj8-2666454444, networkLocation: /default-rack, certSerialId: null}, Type:RATIS, Factor:THREE, State:CLOSED] from datanode bf9845cc-5491-4380-971d-60a5c36fd440{ip: 192.168.5.130, host: pr-hdds-2136-chhj8-2666454444, networkLocation: /default-rack, certSerialId: null}. Reason : bf9845cc-5491-4380-971d-60a5c36fd440 has not seen follower/s 73c69e8a-9bd3-45ee-8ac9-6e361d860e2f for 174896ms 235b1c08-2c3c-45bc-ab7f-b19a657e57f0 for 174896ms
2019-09-17 13:48:15,469 [EventQueue-PipelineActionsForPipelineActionHandler] INFO  pipeline.SCMPipelineManager (SCMPipelineManager.java:finalizeAndDestroyPipeline(311)) - destroying pipeline:Pipeline[ Id: 402c8385-ff61-457f-b415-7dc0a196b6ac, Nodes: bf9845cc-5491-4380-971d-60a5c36fd440{ip: 192.168.5.130, host: pr-hdds-2136-chhj8-2666454444, networkLocation: /default-rack, certSerialId: null}73c69e8a-9bd3-45ee-8ac9-6e361d860e2f{ip: 192.168.5.130, host: pr-hdds-2136-chhj8-2666454444, networkLocation: /default-rack, certSerialId: null}235b1c08-2c3c-45bc-ab7f-b19a657e57f0{ip: 192.168.5.130, host: pr-hdds-2136-chhj8-2666454444, networkLocation: /default-rack, certSerialId: null}, Type:RATIS, Factor:THREE, State:CLOSED]
2019-09-17 13:48:15,482 [java.util.concurrent.ThreadPoolExecutor$Worker@662ab04f[State = -1, empty queue]] WARN  server.GrpcLogAppender (GrpcLogAppender.java:timeoutAppendRequest(200)) - bf9845cc-5491-4380-971d-60a5c36fd440@group-7DC0A196B6AC->235b1c08-2c3c-45bc-ab7f-b19a657e57f0-GrpcLogAppender: appendEntries Timeout, request=bf9845cc-5491-4380-971d-60a5c36fd440->235b1c08-2c3c-45bc-ab7f-b19a657e57f0#90-t1, previous=(t:1, i:21), leaderCommit=16, initializing? false, entries: <empty>
2019-09-17 13:48:15,482 [java.util.concurrent.ThreadPoolExecutor$Worker@5f232967[State = -1, empty queue]] WARN  server.GrpcLogAppender (GrpcLogAppender.java:timeoutAppendRequest(200)) - bf9845cc-5491-4380-971d-60a5c36fd440@group-7DC0A196B6AC->73c69e8a-9bd3-45ee-8ac9-6e361d860e2f-GrpcLogAppender: appendEntries Timeout, request=bf9845cc-5491-4380-971d-60a5c36fd440->73c69e8a-9bd3-45ee-8ac9-6e361d860e2f#90-t1, previous=(t:1, i:21), leaderCommit=16, initializing? false, entries: <empty>
 0.00% |█                                                                                                    |  0/1 Time: 0:06:262019-09-17 13:48:16,567 [grpc-default-executor-3] INFO  client.GrpcClientProtocolClient (GrpcClientProtocolClient.java:onNext(264)) - client-BB96F508478C->235b1c08-2c3c-45bc-ab7f-b19a657e57f0: receive RaftClientReply:client-BB96F508478C->235b1c08-2c3c-45bc-ab7f-b19a657e57f0@group-7DC0A196B6AC, cid=57, FAILED org.apache.ratis.protocol.NotLeaderException: Server 235b1c08-2c3c-45bc-ab7f-b19a657e57f0@group-7DC0A196B6AC is not the leader bf9845cc-5491-4380-971d-60a5c36fd440:192.168.5.130:40791, logIndex=0, commits[235b1c08-2c3c-45bc-ab7f-b19a657e57f0:c16, 73c69e8a-9bd3-45ee-8ac9-6e361d860e2f:c12, bf9845cc-5491-4380-971d-60a5c36fd440:c16]
 0.00% |█                                                                                                    |  0/1 Time: 0:06:272019-09-17 13:48:17,484 [org.apache.ratis.server.impl.LogAppender$AppenderDaemon$$Lambda$512/1779790241@f4c143b] ERROR ratis.XceiverServerRatis (XceiverServerRatis.java:triggerPipelineClose(575)) - pipeline Action CLOSE  on pipeline PipelineID=402c8385-ff61-457f-b415-7dc0a196b6ac.Reason : bf9845cc-5491-4380-971d-60a5c36fd440 has not seen follower/s 73c69e8a-9bd3-45ee-8ac9-6e361d860e2f for 177397ms 235b1c08-2c3c-45bc-ab7f-b19a657e57f0 for 177396ms
2019-09-17 13:48:17,484 [org.apache.ratis.server.impl.LogAppender$AppenderDaemon$$Lambda$512/1779790241@b2ea93] ERROR ratis.XceiverServerRatis (XceiverServerRatis.java:triggerPipelineClose(575)) - pipeline Action CLOSE  on pipeline PipelineID=402c8385-ff61-457f-b415-7dc0a196b6ac.Reason : bf9845cc-5491-4380-971d-60a5c36fd440 has not seen follower/s 73c69e8a-9bd3-45ee-8ac9-6e361d860e2f for 177397ms 235b1c08-2c3c-45bc-ab7f-b19a657e57f0 for 177396ms
2019-09-17 13:48:17,983 [java.util.concurrent.ThreadPoolExecutor$Worker@662ab04f[State = -1, empty queue]] WARN  server.GrpcLogAppender (GrpcLogAppender.java:timeoutAppendRequest(200)) - bf9845cc-5491-4380-971d-60a5c36fd440@group-7DC0A196B6AC->235b1c08-2c3c-45bc-ab7f-b19a657e57f0-GrpcLogAppender: appendEntries Timeout, request=bf9845cc-5491-4380-971d-60a5c36fd440->235b1c08-2c3c-45bc-ab7f-b19a657e57f0#91-t1, previous=(t:1, i:21), leaderCommit=16, initializing? false, entries: <empty>
2019-09-17 13:48:17,983 [java.util.concurrent.ThreadPoolExecutor$Worker@5f232967[State = -1, empty queue]] WARN  server.GrpcLogAppender (GrpcLogAppender.java:timeoutAppendRequest(200)) - bf9845cc-5491-4380-971d-60a5c36fd440@group-7DC0A196B6AC->73c69e8a-9bd3-45ee-8ac9-6e361d860e2f-GrpcLogAppender: appendEntries Timeout, request=bf9845cc-5491-4380-971d-60a5c36fd440->73c69e8a-9bd3-45ee-8ac9-6e361d860e2f#91-t1, previous=(t:1, i:21), leaderCommit=16, initializing? false, entries: <empty>
 0.00% |█                                                                                                    |  0/1 Time: 0:06:282019-09-17 13:48:18,468 [EventQueue-PipelineActionsForPipelineActionHandler] ERROR pipeline.PipelineActionHandler (PipelineActionHandler.java:onMessage(60)) - Received pipeline action CLOSE for Pipeline[ Id: 402c8385-ff61-457f-b415-7dc0a196b6ac, Nodes: bf9845cc-5491-4380-971d-60a5c36fd440{ip: 192.168.5.130, host: pr-hdds-2136-chhj8-2666454444, networkLocation: /default-rack, certSerialId: null}73c69e8a-9bd3-45ee-8ac9-6e361d860e2f{ip: 192.168.5.130, host: pr-hdds-2136-chhj8-2666454444, networkLocation: /default-rack, certSerialId: null}235b1c08-2c3c-45bc-ab7f-b19a657e57f0{ip: 192.168.5.130, host: pr-hdds-2136-chhj8-2666454444, networkLocation: /default-rack, certSerialId: null}, Type:RATIS, Factor:THREE, State:CLOSED] from datanode bf9845cc-5491-4380-971d-60a5c36fd440{ip: 192.168.5.130, host: pr-hdds-2136-chhj8-2666454444, networkLocation: /default-rack, certSerialId: null}. Reason : bf9845cc-5491-4380-971d-60a5c36fd440 has not seen follower/s 73c69e8a-9bd3-45ee-8ac9-6e361d860e2f for 177397ms 235b1c08-2c3c-45bc-ab7f-b19a657e57f0 for 177396ms
2019-09-17 13:48:18,469 [EventQueue-PipelineActionsForPipelineActionHandler] INFO  pipeline.SCMPipelineManager (SCMPipelineManager.java:finalizeAndDestroyPipeline(311)) - destroying pipeline:Pipeline[ Id: 402c8385-ff61-457f-b415-7dc0a196b6ac, Nodes: bf9845cc-5491-4380-971d-60a5c36fd440{ip: 192.168.5.130, host: pr-hdds-2136-chhj8-2666454444, networkLocation: /default-rack, certSerialId: null}73c69e8a-9bd3-45ee-8ac9-6e361d860e2f{ip: 192.168.5.130, host: pr-hdds-2136-chhj8-2666454444, networkLocation: /default-rack, certSerialId: null}235b1c08-2c3c-45bc-ab7f-b19a657e57f0{ip: 192.168.5.130, host: pr-hdds-2136-chhj8-2666454444, networkLocation: /default-rack, certSerialId: null}, Type:RATIS, Factor:THREE, State:CLOSED]
 0.00% |█                                                                                                    |  0/1 Time: 0:06:292019-09-17 13:48:19,984 [org.apache.ratis.server.impl.LogAppender$AppenderDaemon$$Lambda$512/1779790241@b2ea93] ERROR ratis.XceiverServerRatis (XceiverServerRatis.java:triggerPipelineClose(575)) - pipeline Action CLOSE  on pipeline PipelineID=402c8385-ff61-457f-b415-7dc0a196b6ac.Reason : bf9845cc-5491-4380-971d-60a5c36fd440 has not seen follower/s 73c69e8a-9bd3-45ee-8ac9-6e361d860e2f for 179898ms 235b1c08-2c3c-45bc-ab7f-b19a657e57f0 for 179897ms
2019-09-17 13:48:19,984 [org.apache.ratis.server.impl.LogAppender$AppenderDaemon$$Lambda$512/1779790241@f4c143b] ERROR ratis.XceiverServerRatis (XceiverServerRatis.java:triggerPipelineClose(575)) - pipeline Action CLOSE  on pipeline PipelineID=402c8385-ff61-457f-b415-7dc0a196b6ac.Reason : bf9845cc-5491-4380-971d-60a5c36fd440 has not seen follower/s 73c69e8a-9bd3-45ee-8ac9-6e361d860e2f for 179898ms 235b1c08-2c3c-45bc-ab7f-b19a657e57f0 for 179897ms
2019-09-17 13:48:20,148 [73c69e8a-9bd3-45ee-8ac9-6e361d860e2f@group-7DC0A196B6AC-SegmentedRaftLogWorker] WARN  segmented.SegmentedRaftLogWorker (SegmentedRaftLogWorker.java:getFromFuture(90)) - Timeout 17/~
org.apache.ratis.protocol.TimeoutIOException: Timeout 10s: WriteLog:17: (t:1, i:17), STATEMACHINELOGENTRY, client-BB96F508478C, cid=57-writeStateMachineData
	at org.apache.ratis.util.IOUtils.getFromFuture(IOUtils.java:87)
	at org.apache.ratis.server.raftlog.segmented.SegmentedRaftLogWorker$StateMachineDataPolicy.getFromFuture(SegmentedRaftLogWorker.java:87)
	at org.apache.ratis.server.raftlog.segmented.SegmentedRaftLogWorker$WriteLog.execute(SegmentedRaftLogWorker.java:477)
	at org.apache.ratis.server.raftlog.segmented.SegmentedRaftLogWorker.run(SegmentedRaftLogWorker.java:289)
	at java.lang.Thread.run(Thread.java:748)
Caused by: java.util.concurrent.TimeoutException
	at java.util.concurrent.CompletableFuture.timedGet(CompletableFuture.java:1771)
	at java.util.concurrent.CompletableFuture.get(CompletableFuture.java:1915)
	at org.apache.ratis.util.IOUtils.getFromFuture(IOUtils.java:79)
	... 4 more
 0.00% |█                                                                                                    |  0/1 Time: 0:06:302019-09-17 13:48:20,369 [235b1c08-2c3c-45bc-ab7f-b19a657e57f0@group-7DC0A196B6AC-SegmentedRaftLogWorker] WARN  segmented.SegmentedRaftLogWorker (SegmentedRaftLogWorker.java:getFromFuture(90)) - Timeout 17/~
org.apache.ratis.protocol.TimeoutIOException: Timeout 10s: WriteLog:19: (t:1, i:19), STATEMACHINELOGENTRY, client-BB96F508478C, cid=59-writeStateMachineData
	at org.apache.ratis.util.IOUtils.getFromFuture(IOUtils.java:87)
	at org.apache.ratis.server.raftlog.segmented.SegmentedRaftLogWorker$StateMachineDataPolicy.getFromFuture(SegmentedRaftLogWorker.java:87)
	at org.apache.ratis.server.raftlog.segmented.SegmentedRaftLogWorker$WriteLog.execute(SegmentedRaftLogWorker.java:477)
	at org.apache.ratis.server.raftlog.segmented.SegmentedRaftLogWorker.run(SegmentedRaftLogWorker.java:289)
	at java.lang.Thread.run(Thread.java:748)
Caused by: java.util.concurrent.TimeoutException
	at java.util.concurrent.CompletableFuture.timedGet(CompletableFuture.java:1771)
	at java.util.concurrent.CompletableFuture.get(CompletableFuture.java:1915)
	at org.apache.ratis.util.IOUtils.getFromFuture(IOUtils.java:79)
	... 4 more
2019-09-17 13:48:20,369 [bf9845cc-5491-4380-971d-60a5c36fd440@group-7DC0A196B6AC-SegmentedRaftLogWorker] WARN  segmented.SegmentedRaftLogWorker (SegmentedRaftLogWorker.java:getFromFuture(90)) - Timeout 17/~
org.apache.ratis.protocol.TimeoutIOException: Timeout 10s: WriteLog:19: (t:1, i:19), STATEMACHINELOGENTRY, client-BB96F508478C, cid=59-writeStateMachineData
	at org.apache.ratis.util.IOUtils.getFromFuture(IOUtils.java:87)
	at org.apache.ratis.server.raftlog.segmented.SegmentedRaftLogWorker$StateMachineDataPolicy.getFromFuture(SegmentedRaftLogWorker.java:87)
	at org.apache.ratis.server.raftlog.segmented.SegmentedRaftLogWorker$WriteLog.execute(SegmentedRaftLogWorker.java:477)
	at org.apache.ratis.server.raftlog.segmented.SegmentedRaftLogWorker.run(SegmentedRaftLogWorker.java:289)
	at java.lang.Thread.run(Thread.java:748)
Caused by: java.util.concurrent.TimeoutException
	at java.util.concurrent.CompletableFuture.timedGet(CompletableFuture.java:1771)
	at java.util.concurrent.CompletableFuture.get(CompletableFuture.java:1915)
	at org.apache.ratis.util.IOUtils.getFromFuture(IOUtils.java:79)
	... 4 more
2019-09-17 13:48:20,469 [EventQueue-PipelineActionsForPipelineActionHandler] ERROR pipeline.PipelineActionHandler (PipelineActionHandler.java:onMessage(60)) - Received pipeline action CLOSE for Pipeline[ Id: 402c8385-ff61-457f-b415-7dc0a196b6ac, Nodes: bf9845cc-5491-4380-971d-60a5c36fd440{ip: 192.168.5.130, host: pr-hdds-2136-chhj8-2666454444, networkLocation: /default-rack, certSerialId: null}73c69e8a-9bd3-45ee-8ac9-6e361d860e2f{ip: 192.168.5.130, host: pr-hdds-2136-chhj8-2666454444, networkLocation: /default-rack, certSerialId: null}235b1c08-2c3c-45bc-ab7f-b19a657e57f0{ip: 192.168.5.130, host: pr-hdds-2136-chhj8-2666454444, networkLocation: /default-rack, certSerialId: null}, Type:RATIS, Factor:THREE, State:CLOSED] from datanode bf9845cc-5491-4380-971d-60a5c36fd440{ip: 192.168.5.130, host: pr-hdds-2136-chhj8-2666454444, networkLocation: /default-rack, certSerialId: null}. Reason : bf9845cc-5491-4380-971d-60a5c36fd440 has not seen follower/s 73c69e8a-9bd3-45ee-8ac9-6e361d860e2f for 179898ms 235b1c08-2c3c-45bc-ab7f-b19a657e57f0 for 179897ms
2019-09-17 13:48:20,469 [EventQueue-PipelineActionsForPipelineActionHandler] INFO  pipeline.SCMPipelineManager (SCMPipelineManager.java:finalizeAndDestroyPipeline(311)) - destroying pipeline:Pipeline[ Id: 402c8385-ff61-457f-b415-7dc0a196b6ac, Nodes: bf9845cc-5491-4380-971d-60a5c36fd440{ip: 192.168.5.130, host: pr-hdds-2136-chhj8-2666454444, networkLocation: /default-rack, certSerialId: null}73c69e8a-9bd3-45ee-8ac9-6e361d860e2f{ip: 192.168.5.130, host: pr-hdds-2136-chhj8-2666454444, networkLocation: /default-rack, certSerialId: null}235b1c08-2c3c-45bc-ab7f-b19a657e57f0{ip: 192.168.5.130, host: pr-hdds-2136-chhj8-2666454444, networkLocation: /default-rack, certSerialId: null}, Type:RATIS, Factor:THREE, State:CLOSED]
2019-09-17 13:48:20,484 [java.util.concurrent.ThreadPoolExecutor$Worker@662ab04f[State = -1, empty queue]] WARN  server.GrpcLogAppender (GrpcLogAppender.java:timeoutAppendRequest(200)) - bf9845cc-5491-4380-971d-60a5c36fd440@group-7DC0A196B6AC->235b1c08-2c3c-45bc-ab7f-b19a657e57f0-GrpcLogAppender: appendEntries Timeout, request=bf9845cc-5491-4380-971d-60a5c36fd440->235b1c08-2c3c-45bc-ab7f-b19a657e57f0#92-t1, previous=(t:1, i:21), leaderCommit=16, initializing? false, entries: <empty>
2019-09-17 13:48:20,484 [java.util.concurrent.ThreadPoolExecutor$Worker@5f232967[State = -1, empty queue]] WARN  server.GrpcLogAppender (GrpcLogAppender.java:timeoutAppendRequest(200)) - bf9845cc-5491-4380-971d-60a5c36fd440@group-7DC0A196B6AC->73c69e8a-9bd3-45ee-8ac9-6e361d860e2f-GrpcLogAppender: appendEntries Timeout, request=bf9845cc-5491-4380-971d-60a5c36fd440->73c69e8a-9bd3-45ee-8ac9-6e361d860e2f#92-t1, previous=(t:1, i:21), leaderCommit=16, initializing? false, entries: <empty>
 0.00% |█                                                                                                    |  0/1 Time: 0:06:312019-09-17 13:48:21,598 [grpc-default-executor-2] INFO  client.GrpcClientProtocolClient (GrpcClientProtocolClient.java:onNext(264)) - client-BB96F508478C->73c69e8a-9bd3-45ee-8ac9-6e361d860e2f: receive RaftClientReply:client-BB96F508478C->73c69e8a-9bd3-45ee-8ac9-6e361d860e2f@group-7DC0A196B6AC, cid=57, FAILED org.apache.ratis.protocol.NotLeaderException: Server 73c69e8a-9bd3-45ee-8ac9-6e361d860e2f@group-7DC0A196B6AC is not the leader bf9845cc-5491-4380-971d-60a5c36fd440:192.168.5.130:40791, logIndex=0, commits[73c69e8a-9bd3-45ee-8ac9-6e361d860e2f:c16, 235b1c08-2c3c-45bc-ab7f-b19a657e57f0:c12, bf9845cc-5491-4380-971d-60a5c36fd440:c16]
 0.00% |█                                                                                                    |  0/1 Time: 0:06:322019-09-17 13:48:22,485 [org.apache.ratis.server.impl.LogAppender$AppenderDaemon$$Lambda$512/1779790241@b2ea93] ERROR ratis.XceiverServerRatis (XceiverServerRatis.java:triggerPipelineClose(575)) - pipeline Action CLOSE  on pipeline PipelineID=402c8385-ff61-457f-b415-7dc0a196b6ac.Reason : bf9845cc-5491-4380-971d-60a5c36fd440 has not seen follower/s 73c69e8a-9bd3-45ee-8ac9-6e361d860e2f for 182399ms 235b1c08-2c3c-45bc-ab7f-b19a657e57f0 for 182398ms
2019-09-17 13:48:22,485 [org.apache.ratis.server.impl.LogAppender$AppenderDaemon$$Lambda$512/1779790241@f4c143b] ERROR ratis.XceiverServerRatis (XceiverServerRatis.java:triggerPipelineClose(575)) - pipeline Action CLOSE  on pipeline PipelineID=402c8385-ff61-457f-b415-7dc0a196b6ac.Reason : bf9845cc-5491-4380-971d-60a5c36fd440 has not seen follower/s 73c69e8a-9bd3-45ee-8ac9-6e361d860e2f for 182399ms 235b1c08-2c3c-45bc-ab7f-b19a657e57f0 for 182398ms
2019-09-17 13:48:22,984 [java.util.concurrent.ThreadPoolExecutor$Worker@5f232967[State = -1, empty queue]] WARN  server.GrpcLogAppender (GrpcLogAppender.java:timeoutAppendRequest(200)) - bf9845cc-5491-4380-971d-60a5c36fd440@group-7DC0A196B6AC->73c69e8a-9bd3-45ee-8ac9-6e361d860e2f-GrpcLogAppender: appendEntries Timeout, request=bf9845cc-5491-4380-971d-60a5c36fd440->73c69e8a-9bd3-45ee-8ac9-6e361d860e2f#93-t1, previous=(t:1, i:21), leaderCommit=16, initializing? false, entries: <empty>
2019-09-17 13:48:22,985 [java.util.concurrent.ThreadPoolExecutor$Worker@662ab04f[State = -1, empty queue]] WARN  server.GrpcLogAppender (GrpcLogAppender.java:timeoutAppendRequest(200)) - bf9845cc-5491-4380-971d-60a5c36fd440@group-7DC0A196B6AC->235b1c08-2c3c-45bc-ab7f-b19a657e57f0-GrpcLogAppender: appendEntries Timeout, request=bf9845cc-5491-4380-971d-60a5c36fd440->235b1c08-2c3c-45bc-ab7f-b19a657e57f0#93-t1, previous=(t:1, i:21), leaderCommit=16, initializing? false, entries: <empty>
 0.00% |█                                                                                                    |  0/1 Time: 0:06:332019-09-17 13:48:23,469 [EventQueue-PipelineActionsForPipelineActionHandler] ERROR pipeline.PipelineActionHandler (PipelineActionHandler.java:onMessage(60)) - Received pipeline action CLOSE for Pipeline[ Id: 402c8385-ff61-457f-b415-7dc0a196b6ac, Nodes: bf9845cc-5491-4380-971d-60a5c36fd440{ip: 192.168.5.130, host: pr-hdds-2136-chhj8-2666454444, networkLocation: /default-rack, certSerialId: null}73c69e8a-9bd3-45ee-8ac9-6e361d860e2f{ip: 192.168.5.130, host: pr-hdds-2136-chhj8-2666454444, networkLocation: /default-rack, certSerialId: null}235b1c08-2c3c-45bc-ab7f-b19a657e57f0{ip: 192.168.5.130, host: pr-hdds-2136-chhj8-2666454444, networkLocation: /default-rack, certSerialId: null}, Type:RATIS, Factor:THREE, State:CLOSED] from datanode bf9845cc-5491-4380-971d-60a5c36fd440{ip: 192.168.5.130, host: pr-hdds-2136-chhj8-2666454444, networkLocation: /default-rack, certSerialId: null}. Reason : bf9845cc-5491-4380-971d-60a5c36fd440 has not seen follower/s 73c69e8a-9bd3-45ee-8ac9-6e361d860e2f for 182399ms 235b1c08-2c3c-45bc-ab7f-b19a657e57f0 for 182398ms
2019-09-17 13:48:23,470 [EventQueue-PipelineActionsForPipelineActionHandler] INFO  pipeline.SCMPipelineManager (SCMPipelineManager.java:finalizeAndDestroyPipeline(311)) - destroying pipeline:Pipeline[ Id: 402c8385-ff61-457f-b415-7dc0a196b6ac, Nodes: bf9845cc-5491-4380-971d-60a5c36fd440{ip: 192.168.5.130, host: pr-hdds-2136-chhj8-2666454444, networkLocation: /default-rack, certSerialId: null}73c69e8a-9bd3-45ee-8ac9-6e361d860e2f{ip: 192.168.5.130, host: pr-hdds-2136-chhj8-2666454444, networkLocation: /default-rack, certSerialId: null}235b1c08-2c3c-45bc-ab7f-b19a657e57f0{ip: 192.168.5.130, host: pr-hdds-2136-chhj8-2666454444, networkLocation: /default-rack, certSerialId: null}, Type:RATIS, Factor:THREE, State:CLOSED]
 0.00% |█                                                                                                    |  0/1 Time: 0:06:342019-09-17 13:48:24,986 [org.apache.ratis.server.impl.LogAppender$AppenderDaemon$$Lambda$512/1779790241@f4c143b] ERROR ratis.XceiverServerRatis (XceiverServerRatis.java:triggerPipelineClose(575)) - pipeline Action CLOSE  on pipeline PipelineID=402c8385-ff61-457f-b415-7dc0a196b6ac.Reason : bf9845cc-5491-4380-971d-60a5c36fd440 has not seen follower/s 73c69e8a-9bd3-45ee-8ac9-6e361d860e2f for 184900ms 235b1c08-2c3c-45bc-ab7f-b19a657e57f0 for 184899ms
2019-09-17 13:48:24,986 [org.apache.ratis.server.impl.LogAppender$AppenderDaemon$$Lambda$512/1779790241@b2ea93] ERROR ratis.XceiverServerRatis (XceiverServerRatis.java:triggerPipelineClose(575)) - pipeline Action CLOSE  on pipeline PipelineID=402c8385-ff61-457f-b415-7dc0a196b6ac.Reason : bf9845cc-5491-4380-971d-60a5c36fd440 has not seen follower/s 73c69e8a-9bd3-45ee-8ac9-6e361d860e2f for 184900ms 235b1c08-2c3c-45bc-ab7f-b19a657e57f0 for 184899ms
 0.00% |█                                                                                                    |  0/1 Time: 0:06:352019-09-17 13:48:25,479 [EventQueue-PipelineActionsForPipelineActionHandler] ERROR pipeline.PipelineActionHandler (PipelineActionHandler.java:onMessage(60)) - Received pipeline action CLOSE for Pipeline[ Id: 402c8385-ff61-457f-b415-7dc0a196b6ac, Nodes: bf9845cc-5491-4380-971d-60a5c36fd440{ip: 192.168.5.130, host: pr-hdds-2136-chhj8-2666454444, networkLocation: /default-rack, certSerialId: null}73c69e8a-9bd3-45ee-8ac9-6e361d860e2f{ip: 192.168.5.130, host: pr-hdds-2136-chhj8-2666454444, networkLocation: /default-rack, certSerialId: null}235b1c08-2c3c-45bc-ab7f-b19a657e57f0{ip: 192.168.5.130, host: pr-hdds-2136-chhj8-2666454444, networkLocation: /default-rack, certSerialId: null}, Type:RATIS, Factor:THREE, State:CLOSED] from datanode bf9845cc-5491-4380-971d-60a5c36fd440{ip: 192.168.5.130, host: pr-hdds-2136-chhj8-2666454444, networkLocation: /default-rack, certSerialId: null}. Reason : bf9845cc-5491-4380-971d-60a5c36fd440 has not seen follower/s 73c69e8a-9bd3-45ee-8ac9-6e361d860e2f for 184900ms 235b1c08-2c3c-45bc-ab7f-b19a657e57f0 for 184899ms
2019-09-17 13:48:25,480 [EventQueue-PipelineActionsForPipelineActionHandler] INFO  pipeline.SCMPipelineManager (SCMPipelineManager.java:finalizeAndDestroyPipeline(311)) - destroying pipeline:Pipeline[ Id: 402c8385-ff61-457f-b415-7dc0a196b6ac, Nodes: bf9845cc-5491-4380-971d-60a5c36fd440{ip: 192.168.5.130, host: pr-hdds-2136-chhj8-2666454444, networkLocation: /default-rack, certSerialId: null}73c69e8a-9bd3-45ee-8ac9-6e361d860e2f{ip: 192.168.5.130, host: pr-hdds-2136-chhj8-2666454444, networkLocation: /default-rack, certSerialId: null}235b1c08-2c3c-45bc-ab7f-b19a657e57f0{ip: 192.168.5.130, host: pr-hdds-2136-chhj8-2666454444, networkLocation: /default-rack, certSerialId: null}, Type:RATIS, Factor:THREE, State:CLOSED]
2019-09-17 13:48:25,485 [java.util.concurrent.ThreadPoolExecutor$Worker@5f232967[State = -1, empty queue]] WARN  server.GrpcLogAppender (GrpcLogAppender.java:timeoutAppendRequest(200)) - bf9845cc-5491-4380-971d-60a5c36fd440@group-7DC0A196B6AC->73c69e8a-9bd3-45ee-8ac9-6e361d860e2f-GrpcLogAppender: appendEntries Timeout, request=bf9845cc-5491-4380-971d-60a5c36fd440->73c69e8a-9bd3-45ee-8ac9-6e361d860e2f#94-t1, previous=(t:1, i:21), leaderCommit=16, initializing? false, entries: <empty>
2019-09-17 13:48:25,485 [java.util.concurrent.ThreadPoolExecutor$Worker@662ab04f[State = -1, empty queue]] WARN  server.GrpcLogAppender (GrpcLogAppender.java:timeoutAppendRequest(200)) - bf9845cc-5491-4380-971d-60a5c36fd440@group-7DC0A196B6AC->235b1c08-2c3c-45bc-ab7f-b19a657e57f0-GrpcLogAppender: appendEntries Timeout, request=bf9845cc-5491-4380-971d-60a5c36fd440->235b1c08-2c3c-45bc-ab7f-b19a657e57f0#94-t1, previous=(t:1, i:21), leaderCommit=16, initializing? false, entries: <empty>
 0.00% |█                                                                                                    |  0/1 Time: 0:06:362019-09-17 13:48:26,435 [grpc-default-executor-2] INFO  impl.RaftServerProxy (RaftServerProxy.java:remove(95)) - bf9845cc-5491-4380-971d-60a5c36fd440: remove    LEADER bf9845cc-5491-4380-971d-60a5c36fd440@group-7DC0A196B6AC:t1, leader=bf9845cc-5491-4380-971d-60a5c36fd440, voted=bf9845cc-5491-4380-971d-60a5c36fd440, raftlog=bf9845cc-5491-4380-971d-60a5c36fd440@group-7DC0A196B6AC-SegmentedRaftLog:OPENED:c16,f16,i21, conf=0: [73c69e8a-9bd3-45ee-8ac9-6e361d860e2f:192.168.5.130:33300, 235b1c08-2c3c-45bc-ab7f-b19a657e57f0:192.168.5.130:39322, bf9845cc-5491-4380-971d-60a5c36fd440:192.168.5.130:40791], old=null RUNNING
2019-09-17 13:48:26,435 [grpc-default-executor-2] INFO  impl.RaftServerImpl (RaftServerImpl.java:lambda$shutdown$3(251)) - bf9845cc-5491-4380-971d-60a5c36fd440@group-7DC0A196B6AC: shutdown
2019-09-17 13:48:26,435 [grpc-default-executor-2] INFO  util.JmxRegister (JmxRegister.java:unregister(73)) - Successfully un-registered JMX Bean with object name Ratis:service=RaftServer,group=group-7DC0A196B6AC,id=bf9845cc-5491-4380-971d-60a5c36fd440
2019-09-17 13:48:26,435 [grpc-default-executor-2] INFO  impl.RoleInfo (RoleInfo.java:shutdownLeaderState(104)) - bf9845cc-5491-4380-971d-60a5c36fd440: shutdown LeaderState
2019-09-17 13:48:26,438 [org.apache.ratis.server.impl.LogAppender$AppenderDaemon$$Lambda$512/1779790241@b2ea93] WARN  server.GrpcLogAppender (GrpcLogAppender.java:mayWait(143)) - bf9845cc-5491-4380-971d-60a5c36fd440@group-7DC0A196B6AC->73c69e8a-9bd3-45ee-8ac9-6e361d860e2f-GrpcLogAppender: Wait interrupted by java.lang.InterruptedException
2019-09-17 13:48:26,438 [grpc-default-executor-2] INFO  impl.PendingRequests (PendingRequests.java:sendNotLeaderResponses(202)) - bf9845cc-5491-4380-971d-60a5c36fd440-PendingRequests: sendNotLeaderResponses
2019-09-17 13:48:26,438 [org.apache.ratis.server.impl.LogAppender$AppenderDaemon$$Lambda$512/1779790241@f4c143b] WARN  server.GrpcLogAppender (GrpcLogAppender.java:mayWait(143)) - bf9845cc-5491-4380-971d-60a5c36fd440@group-7DC0A196B6AC->235b1c08-2c3c-45bc-ab7f-b19a657e57f0-GrpcLogAppender: Wait interrupted by java.lang.InterruptedException
2019-09-17 13:48:26,439 [grpc-default-executor-3] INFO  server.GrpcServerProtocolService (GrpcServerProtocolService.java:onCompleted(113)) - 73c69e8a-9bd3-45ee-8ac9-6e361d860e2f: Completed APPEND_ENTRIES, lastRequest: bf9845cc-5491-4380-971d-60a5c36fd440->73c69e8a-9bd3-45ee-8ac9-6e361d860e2f#95-t1, previous=(t:1, i:21), leaderCommit=16, initializing? false, entries: <empty>
2019-09-17 13:48:26,439 [grpc-default-executor-5] INFO  server.GrpcServerProtocolService (GrpcServerProtocolService.java:onCompleted(113)) - 235b1c08-2c3c-45bc-ab7f-b19a657e57f0: Completed APPEND_ENTRIES, lastRequest: bf9845cc-5491-4380-971d-60a5c36fd440->235b1c08-2c3c-45bc-ab7f-b19a657e57f0#95-t1, previous=(t:1, i:21), leaderCommit=16, initializing? false, entries: <empty>
2019-09-17 13:48:26,439 [grpc-default-executor-3] INFO  server.GrpcLogAppender (GrpcLogAppender.java:onCompleted(293)) - bf9845cc-5491-4380-971d-60a5c36fd440@group-7DC0A196B6AC->73c69e8a-9bd3-45ee-8ac9-6e361d860e2f-AppendLogResponseHandler: follower responses appendEntries COMPLETED
2019-09-17 13:48:26,440 [grpc-default-executor-5] INFO  server.GrpcLogAppender (GrpcLogAppender.java:onCompleted(293)) - bf9845cc-5491-4380-971d-60a5c36fd440@group-7DC0A196B6AC->235b1c08-2c3c-45bc-ab7f-b19a657e57f0-AppendLogResponseHandler: follower responses appendEntries COMPLETED
2019-09-17 13:48:26,441 [grpc-default-executor-2] INFO  impl.StateMachineUpdater (StateMachineUpdater.java:stopAndJoin(125)) - bf9845cc-5491-4380-971d-60a5c36fd440@group-7DC0A196B6AC-StateMachineUpdater: set stopIndex = 16
2019-09-17 13:48:26,441 [grpc-default-executor-3] INFO  impl.FollowerInfo (FollowerInfo.java:lambda$new$0(51)) - bf9845cc-5491-4380-971d-60a5c36fd440@group-7DC0A196B6AC->73c69e8a-9bd3-45ee-8ac9-6e361d860e2f: nextIndex: updateUnconditionally 22 -> 17
2019-09-17 13:48:26,441 [grpc-default-executor-5] INFO  impl.FollowerInfo (FollowerInfo.java:lambda$new$0(51)) - bf9845cc-5491-4380-971d-60a5c36fd440@group-7DC0A196B6AC->235b1c08-2c3c-45bc-ab7f-b19a657e57f0: nextIndex: updateUnconditionally 22 -> 17
2019-09-17 13:48:26,441 [bf9845cc-5491-4380-971d-60a5c36fd440@group-7DC0A196B6AC-StateMachineUpdater] INFO  ratis.ContainerStateMachine (ContainerStateMachine.java:takeSnapshot(289)) - group-7DC0A196B6AC: Taking a snapshot at:(t:1, i:12) file /tmp/workdir/hadoop-ozone/tools/target/test-dir/MiniOzoneClusterImpl-5c3156a5-1eb5-4435-9faa-bd301b5c4b00/datanode-2/data/ratis/402c8385-ff61-457f-b415-7dc0a196b6ac/sm/snapshot.1_12
2019-09-17 13:48:26,443 [grpc-default-executor-7] WARN  server.GrpcLogAppender (LogUtils.java:warn(134)) - bf9845cc-5491-4380-971d-60a5c36fd440@group-0683C80A28FA->73c69e8a-9bd3-45ee-8ac9-6e361d860e2f-AppendLogResponseHandler: Failed appendEntries: org.apache.ratis.thirdparty.io.grpc.StatusRuntimeException: UNAVAILABLE: Channel shutdownNow invoked
2019-09-17 13:48:26,443 [grpc-default-executor-6] WARN  server.GrpcLogAppender (LogUtils.java:warn(134)) - bf9845cc-5491-4380-971d-60a5c36fd440@group-0683C80A28FA->235b1c08-2c3c-45bc-ab7f-b19a657e57f0-AppendLogResponseHandler: Failed appendEntries: org.apache.ratis.thirdparty.io.grpc.StatusRuntimeException: UNAVAILABLE: Channel shutdownNow invoked
2019-09-17 13:48:26,443 [grpc-default-executor-7] INFO  impl.FollowerInfo (FollowerInfo.java:lambda$new$0(51)) - bf9845cc-5491-4380-971d-60a5c36fd440@group-0683C80A28FA->73c69e8a-9bd3-45ee-8ac9-6e361d860e2f: nextIndex: updateUnconditionally 1 -> 0
2019-09-17 13:48:26,443 [grpc-default-executor-6] INFO  impl.FollowerInfo (FollowerInfo.java:lambda$new$0(51)) - bf9845cc-5491-4380-971d-60a5c36fd440@group-0683C80A28FA->235b1c08-2c3c-45bc-ab7f-b19a657e57f0: nextIndex: updateUnconditionally 1 -> 0
2019-09-17 13:48:26,443 [grpc-default-executor-8] WARN  server.GrpcServerProtocolService (LogUtils.java:warn(134)) - 73c69e8a-9bd3-45ee-8ac9-6e361d860e2f: installSnapshot onError, lastRequest: bf9845cc-5491-4380-971d-60a5c36fd440->73c69e8a-9bd3-45ee-8ac9-6e361d860e2f#13-t1, previous=(t:1, i:0), leaderCommit=0, initializing? false, entries: <empty>: org.apache.ratis.thirdparty.io.grpc.StatusRuntimeException: CANCELLED: cancelled before receiving half close
2019-09-17 13:48:26,443 [grpc-default-executor-9] WARN  server.GrpcServerProtocolService (LogUtils.java:warn(134)) - 235b1c08-2c3c-45bc-ab7f-b19a657e57f0: installSnapshot onError, lastRequest: bf9845cc-5491-4380-971d-60a5c36fd440->235b1c08-2c3c-45bc-ab7f-b19a657e57f0#13-t1, previous=(t:1, i:0), leaderCommit=0, initializing? false, entries: <empty>: org.apache.ratis.thirdparty.io.grpc.StatusRuntimeException: CANCELLED: cancelled before receiving half close
2019-09-17 13:48:26,464 [bf9845cc-5491-4380-971d-60a5c36fd440@group-7DC0A196B6AC-StateMachineUpdater] INFO  ratis.ContainerStateMachine (ContainerStateMachine.java:takeSnapshot(300)) - group-7DC0A196B6AC: Finished taking a snapshot at:(t:1, i:12) file:/tmp/workdir/hadoop-ozone/tools/target/test-dir/MiniOzoneClusterImpl-5c3156a5-1eb5-4435-9faa-bd301b5c4b00/datanode-2/data/ratis/402c8385-ff61-457f-b415-7dc0a196b6ac/sm/snapshot.1_12 time:23
2019-09-17 13:48:26,464 [bf9845cc-5491-4380-971d-60a5c36fd440@group-7DC0A196B6AC-StateMachineUpdater] INFO  impl.StateMachineUpdater (StateMachineUpdater.java:takeSnapshot(258)) - bf9845cc-5491-4380-971d-60a5c36fd440@group-7DC0A196B6AC-StateMachineUpdater: Took a snapshot at index 12
2019-09-17 13:48:26,464 [bf9845cc-5491-4380-971d-60a5c36fd440@group-7DC0A196B6AC-StateMachineUpdater] INFO  impl.StateMachineUpdater (StateMachineUpdater.java:lambda$new$0(83)) - bf9845cc-5491-4380-971d-60a5c36fd440@group-7DC0A196B6AC-StateMachineUpdater: snapshotIndex: updateIncreasingly -1 -> 12
2019-09-17 13:48:26,464 [bf9845cc-5491-4380-971d-60a5c36fd440@group-7DC0A196B6AC-StateMachineUpdater] INFO  ratis.ContainerStateMachine (ContainerStateMachine.java:takeSnapshot(289)) - group-7DC0A196B6AC: Taking a snapshot at:(t:1, i:12) file /tmp/workdir/hadoop-ozone/tools/target/test-dir/MiniOzoneClusterImpl-5c3156a5-1eb5-4435-9faa-bd301b5c4b00/datanode-2/data/ratis/402c8385-ff61-457f-b415-7dc0a196b6ac/sm/snapshot.1_12
2019-09-17 13:48:26,464 [Command processor thread] ERROR commandhandler.CloseContainerCommandHandler (CloseContainerCommandHandler.java:handle(125)) - Can't close container #5
java.io.IOException: org.apache.ratis.protocol.GroupMismatchException: bf9845cc-5491-4380-971d-60a5c36fd440: group-7DC0A196B6AC not found.
	at org.apache.hadoop.ozone.container.common.transport.server.ratis.XceiverServerRatis.submitRequest(XceiverServerRatis.java:502)
	at org.apache.hadoop.ozone.container.common.statemachine.commandhandler.CloseContainerCommandHandler.handle(CloseContainerCommandHandler.java:102)
	at org.apache.hadoop.ozone.container.common.statemachine.commandhandler.CommandDispatcher.handle(CommandDispatcher.java:99)
	at org.apache.hadoop.ozone.container.common.statemachine.DatanodeStateMachine.lambda$initCommandHandlerThread$1(DatanodeStateMachine.java:432)
	at java.lang.Thread.run(Thread.java:748)
Caused by: java.util.concurrent.ExecutionException: org.apache.ratis.protocol.GroupMismatchException: bf9845cc-5491-4380-971d-60a5c36fd440: group-7DC0A196B6AC not found.
	at java.util.concurrent.CompletableFuture.reportGet(CompletableFuture.java:357)
	at java.util.concurrent.CompletableFuture.get(CompletableFuture.java:1895)
	at org.apache.hadoop.ozone.container.common.transport.server.ratis.XceiverServerRatis.submitRequest(XceiverServerRatis.java:500)
	... 4 more
Caused by: org.apache.ratis.protocol.GroupMismatchException: bf9845cc-5491-4380-971d-60a5c36fd440: group-7DC0A196B6AC not found.
	at org.apache.ratis.server.impl.RaftServerProxy$ImplMap.get(RaftServerProxy.java:122)
	at org.apache.ratis.server.impl.RaftServerProxy.getImplFuture(RaftServerProxy.java:269)
	at org.apache.ratis.server.impl.RaftServerProxy.submitRequest(RaftServerProxy.java:327)
	at org.apache.ratis.server.impl.RaftServerProxy.submitClientRequestAsync(RaftServerProxy.java:333)
	... 5 more
2019-09-17 13:48:26,482 [bf9845cc-5491-4380-971d-60a5c36fd440@group-7DC0A196B6AC-StateMachineUpdater] INFO  ratis.ContainerStateMachine (ContainerStateMachine.java:takeSnapshot(300)) - group-7DC0A196B6AC: Finished taking a snapshot at:(t:1, i:12) file:/tmp/workdir/hadoop-ozone/tools/target/test-dir/MiniOzoneClusterImpl-5c3156a5-1eb5-4435-9faa-bd301b5c4b00/datanode-2/data/ratis/402c8385-ff61-457f-b415-7dc0a196b6ac/sm/snapshot.1_12 time:18
2019-09-17 13:48:26,482 [bf9845cc-5491-4380-971d-60a5c36fd440@group-7DC0A196B6AC-StateMachineUpdater] INFO  impl.StateMachineUpdater (StateMachineUpdater.java:takeSnapshot(258)) - bf9845cc-5491-4380-971d-60a5c36fd440@group-7DC0A196B6AC-StateMachineUpdater: Took a snapshot at index 12
2019-09-17 13:48:26,482 [bf9845cc-5491-4380-971d-60a5c36fd440@group-7DC0A196B6AC-StateMachineUpdater] INFO  impl.StateMachineUpdater (StateMachineUpdater.java:lambda$new$0(83)) - bf9845cc-5491-4380-971d-60a5c36fd440@group-7DC0A196B6AC-StateMachineUpdater: snapshotIndex: updateIncreasingly 12 -> 12
2019-09-17 13:48:26,482 [grpc-default-executor-2] INFO  impl.RaftServerImpl (ServerState.java:close(385)) - bf9845cc-5491-4380-971d-60a5c36fd440@group-7DC0A196B6AC: closes. applyIndex: 16
2019-09-17 13:48:26,483 [bf9845cc-5491-4380-971d-60a5c36fd440@group-7DC0A196B6AC-SegmentedRaftLogWorker] ERROR ratis.XceiverServerRatis (XceiverServerRatis.java:triggerPipelineClose(575)) - pipeline Action CLOSE  on pipeline PipelineID=402c8385-ff61-457f-b415-7dc0a196b6ac.Reason : WriteLog:19: (t:1, i:19), STATEMACHINELOGENTRY, client-BB96F508478C, cid=59-writeStateMachineData interrupted.
2019-09-17 13:48:26,485 [EventQueue-PipelineActionsForPipelineActionHandler] ERROR pipeline.PipelineActionHandler (PipelineActionHandler.java:onMessage(60)) - Received pipeline action CLOSE for Pipeline[ Id: 402c8385-ff61-457f-b415-7dc0a196b6ac, Nodes: bf9845cc-5491-4380-971d-60a5c36fd440{ip: 192.168.5.130, host: pr-hdds-2136-chhj8-2666454444, networkLocation: /default-rack, certSerialId: null}73c69e8a-9bd3-45ee-8ac9-6e361d860e2f{ip: 192.168.5.130, host: pr-hdds-2136-chhj8-2666454444, networkLocation: /default-rack, certSerialId: null}235b1c08-2c3c-45bc-ab7f-b19a657e57f0{ip: 192.168.5.130, host: pr-hdds-2136-chhj8-2666454444, networkLocation: /default-rack, certSerialId: null}, Type:RATIS, Factor:THREE, State:CLOSED] from datanode bf9845cc-5491-4380-971d-60a5c36fd440{ip: 192.168.5.130, host: pr-hdds-2136-chhj8-2666454444, networkLocation: /default-rack, certSerialId: null}. Reason : WriteLog:19: (t:1, i:19), STATEMACHINELOGENTRY, client-BB96F508478C, cid=59-writeStateMachineData interrupted.
2019-09-17 13:48:26,485 [EventQueue-PipelineActionsForPipelineActionHandler] INFO  pipeline.SCMPipelineManager (SCMPipelineManager.java:finalizeAndDestroyPipeline(311)) - destroying pipeline:Pipeline[ Id: 402c8385-ff61-457f-b415-7dc0a196b6ac, Nodes: bf9845cc-5491-4380-971d-60a5c36fd440{ip: 192.168.5.130, host: pr-hdds-2136-chhj8-2666454444, networkLocation: /default-rack, certSerialId: null}73c69e8a-9bd3-45ee-8ac9-6e361d860e2f{ip: 192.168.5.130, host: pr-hdds-2136-chhj8-2666454444, networkLocation: /default-rack, certSerialId: null}235b1c08-2c3c-45bc-ab7f-b19a657e57f0{ip: 192.168.5.130, host: pr-hdds-2136-chhj8-2666454444, networkLocation: /default-rack, certSerialId: null}, Type:RATIS, Factor:THREE, State:CLOSED]
2019-09-17 13:48:26,489 [grpc-default-executor-2] INFO  segmented.SegmentedRaftLogWorker (SegmentedRaftLogWorker.java:close(228)) - bf9845cc-5491-4380-971d-60a5c36fd440@group-7DC0A196B6AC-SegmentedRaftLogWorker close()
2019-09-17 13:48:26,499 [grpc-default-executor-2] INFO  interfaces.Container (KeyValueContainer.java:flushAndSyncDB(386)) - Container 4 is synced with bcsId 12.
2019-09-17 13:48:26,499 [grpc-default-executor-2] INFO  interfaces.Container (KeyValueContainer.java:flushAndSyncDB(386)) - Container 4 is synced with bcsId 12.
2019-09-17 13:48:26,514 [EventQueue-IncrementalContainerReportForIncrementalContainerReportHandler] INFO  container.IncrementalContainerReportHandler (AbstractContainerReportHandler.java:updateContainerState(169)) - Moving container #4 to QUASI_CLOSED state, datanode bf9845cc-5491-4380-971d-60a5c36fd440{ip: 192.168.5.130, host: pr-hdds-2136-chhj8-2666454444, networkLocation: /default-rack, certSerialId: null} reported QUASI_CLOSED replica.
2019-09-17 13:48:26,574 [grpc-default-executor-2] INFO  interfaces.Container (KeyValueContainer.java:flushAndSyncDB(386)) - Container 5 is synced with bcsId 0.
2019-09-17 13:48:26,574 [grpc-default-executor-2] INFO  interfaces.Container (KeyValueContainer.java:flushAndSyncDB(386)) - Container 5 is synced with bcsId 0.
2019-09-17 13:48:26,605 [EventQueue-IncrementalContainerReportForIncrementalContainerReportHandler] INFO  container.IncrementalContainerReportHandler (AbstractContainerReportHandler.java:updateContainerState(169)) - Moving container #5 to QUASI_CLOSED state, datanode bf9845cc-5491-4380-971d-60a5c36fd440{ip: 192.168.5.130, host: pr-hdds-2136-chhj8-2666454444, networkLocation: /default-rack, certSerialId: null} reported QUASI_CLOSED replica.
2019-09-17 13:48:26,608 [grpc-default-executor-2] INFO  impl.RaftServerProxy (RaftServerProxy.java:remove(95)) - 73c69e8a-9bd3-45ee-8ac9-6e361d860e2f: remove  FOLLOWER 73c69e8a-9bd3-45ee-8ac9-6e361d860e2f@group-7DC0A196B6AC:t1, leader=bf9845cc-5491-4380-971d-60a5c36fd440, voted=bf9845cc-5491-4380-971d-60a5c36fd440, raftlog=73c69e8a-9bd3-45ee-8ac9-6e361d860e2f@group-7DC0A196B6AC-SegmentedRaftLog:OPENED:c16,f16,i21, conf=0: [73c69e8a-9bd3-45ee-8ac9-6e361d860e2f:192.168.5.130:33300, 235b1c08-2c3c-45bc-ab7f-b19a657e57f0:192.168.5.130:39322, bf9845cc-5491-4380-971d-60a5c36fd440:192.168.5.130:40791], old=null RUNNING
2019-09-17 13:48:26,609 [grpc-default-executor-2] INFO  impl.RaftServerImpl (RaftServerImpl.java:lambda$shutdown$3(251)) - 73c69e8a-9bd3-45ee-8ac9-6e361d860e2f@group-7DC0A196B6AC: shutdown
2019-09-17 13:48:26,609 [grpc-default-executor-2] INFO  util.JmxRegister (JmxRegister.java:unregister(73)) - Successfully un-registered JMX Bean with object name Ratis:service=RaftServer,group=group-7DC0A196B6AC,id=73c69e8a-9bd3-45ee-8ac9-6e361d860e2f
2019-09-17 13:48:26,609 [grpc-default-executor-2] INFO  impl.RoleInfo (RoleInfo.java:shutdownFollowerState(121)) - 73c69e8a-9bd3-45ee-8ac9-6e361d860e2f: shutdown FollowerState
2019-09-17 13:48:26,609 [grpc-default-executor-2] INFO  impl.StateMachineUpdater (StateMachineUpdater.java:stopAndJoin(125)) - 73c69e8a-9bd3-45ee-8ac9-6e361d860e2f@group-7DC0A196B6AC-StateMachineUpdater: set stopIndex = 16
2019-09-17 13:48:26,609 [73c69e8a-9bd3-45ee-8ac9-6e361d860e2f@group-7DC0A196B6AC-StateMachineUpdater] INFO  ratis.ContainerStateMachine (ContainerStateMachine.java:takeSnapshot(289)) - group-7DC0A196B6AC: Taking a snapshot at:(t:1, i:12) file /tmp/workdir/hadoop-ozone/tools/target/test-dir/MiniOzoneClusterImpl-5c3156a5-1eb5-4435-9faa-bd301b5c4b00/datanode-0/data/ratis/402c8385-ff61-457f-b415-7dc0a196b6ac/sm/snapshot.1_12
2019-09-17 13:48:26,609 [Thread-738] INFO  impl.FollowerState (FollowerState.java:run(115)) - 73c69e8a-9bd3-45ee-8ac9-6e361d860e2f: FollowerState was interrupted: java.lang.InterruptedException: sleep interrupted
2019-09-17 13:48:26,622 [grpc-default-executor-8] INFO  client.GrpcClientProtocolClient (GrpcClientProtocolClient.java:onNext(264)) - client-BB96F508478C->235b1c08-2c3c-45bc-ab7f-b19a657e57f0: receive RaftClientReply:client-BB96F508478C->235b1c08-2c3c-45bc-ab7f-b19a657e57f0@group-7DC0A196B6AC, cid=57, FAILED org.apache.ratis.protocol.NotLeaderException: Server 235b1c08-2c3c-45bc-ab7f-b19a657e57f0@group-7DC0A196B6AC is not the leader bf9845cc-5491-4380-971d-60a5c36fd440:192.168.5.130:40791, logIndex=0, commits[235b1c08-2c3c-45bc-ab7f-b19a657e57f0:c16, 73c69e8a-9bd3-45ee-8ac9-6e361d860e2f:c12, bf9845cc-5491-4380-971d-60a5c36fd440:c16]
2019-09-17 13:48:26,638 [pool-73-thread-3] WARN  io.KeyOutputStream (KeyOutputStream.java:handleException(276)) - Encountered exception java.io.IOException: Unexpected Storage Container Exception: java.util.concurrent.CompletionException: java.util.concurrent.CompletionException: org.apache.ratis.protocol.GroupMismatchException: bf9845cc-5491-4380-971d-60a5c36fd440: group-7DC0A196B6AC not found. on the pipeline Pipeline[ Id: 402c8385-ff61-457f-b415-7dc0a196b6ac, Nodes: bf9845cc-5491-4380-971d-60a5c36fd440{ip: 192.168.5.130, host: pr-hdds-2136-chhj8-2666454444, networkLocation: /default-rack, certSerialId: null}73c69e8a-9bd3-45ee-8ac9-6e361d860e2f{ip: 192.168.5.130, host: pr-hdds-2136-chhj8-2666454444, networkLocation: /default-rack, certSerialId: null}235b1c08-2c3c-45bc-ab7f-b19a657e57f0{ip: 192.168.5.130, host: pr-hdds-2136-chhj8-2666454444, networkLocation: /default-rack, certSerialId: null}, Type:RATIS, Factor:THREE, State:OPEN]. The last committed block length is 0, uncommitted data length is 2097152 retry count 0
2019-09-17 13:48:26,661 [73c69e8a-9bd3-45ee-8ac9-6e361d860e2f@group-7DC0A196B6AC-StateMachineUpdater] INFO  ratis.ContainerStateMachine (ContainerStateMachine.java:takeSnapshot(300)) - group-7DC0A196B6AC: Finished taking a snapshot at:(t:1, i:12) file:/tmp/workdir/hadoop-ozone/tools/target/test-dir/MiniOzoneClusterImpl-5c3156a5-1eb5-4435-9faa-bd301b5c4b00/datanode-0/data/ratis/402c8385-ff61-457f-b415-7dc0a196b6ac/sm/snapshot.1_12 time:52
2019-09-17 13:48:26,662 [73c69e8a-9bd3-45ee-8ac9-6e361d860e2f@group-7DC0A196B6AC-StateMachineUpdater] INFO  impl.StateMachineUpdater (StateMachineUpdater.java:takeSnapshot(258)) - 73c69e8a-9bd3-45ee-8ac9-6e361d860e2f@group-7DC0A196B6AC-StateMachineUpdater: Took a snapshot at index 12
2019-09-17 13:48:26,662 [73c69e8a-9bd3-45ee-8ac9-6e361d860e2f@group-7DC0A196B6AC-StateMachineUpdater] INFO  impl.StateMachineUpdater (StateMachineUpdater.java:lambda$new$0(83)) - 73c69e8a-9bd3-45ee-8ac9-6e361d860e2f@group-7DC0A196B6AC-StateMachineUpdater: snapshotIndex: updateIncreasingly -1 -> 12
2019-09-17 13:48:26,662 [73c69e8a-9bd3-45ee-8ac9-6e361d860e2f@group-7DC0A196B6AC-StateMachineUpdater] INFO  ratis.ContainerStateMachine (ContainerStateMachine.java:takeSnapshot(289)) - group-7DC0A196B6AC: Taking a snapshot at:(t:1, i:12) file /tmp/workdir/hadoop-ozone/tools/target/test-dir/MiniOzoneClusterImpl-5c3156a5-1eb5-4435-9faa-bd301b5c4b00/datanode-0/data/ratis/402c8385-ff61-457f-b415-7dc0a196b6ac/sm/snapshot.1_12
2019-09-17 13:48:26,681 [grpc-default-executor-6] INFO  impl.RaftServerImpl (ServerState.java:setRaftConf(354)) - 73c69e8a-9bd3-45ee-8ac9-6e361d860e2f@group-0683C80A28FA: set configuration 0: [73c69e8a-9bd3-45ee-8ac9-6e361d860e2f:192.168.5.130:33300, 235b1c08-2c3c-45bc-ab7f-b19a657e57f0:192.168.5.130:39322, bf9845cc-5491-4380-971d-60a5c36fd440:192.168.5.130:40791], old=null at 0
2019-09-17 13:48:26,681 [grpc-default-executor-8] INFO  impl.RaftServerImpl (ServerState.java:setRaftConf(354)) - 235b1c08-2c3c-45bc-ab7f-b19a657e57f0@group-0683C80A28FA: set configuration 0: [73c69e8a-9bd3-45ee-8ac9-6e361d860e2f:192.168.5.130:33300, 235b1c08-2c3c-45bc-ab7f-b19a657e57f0:192.168.5.130:39322, bf9845cc-5491-4380-971d-60a5c36fd440:192.168.5.130:40791], old=null at 0
2019-09-17 13:48:26,710 [73c69e8a-9bd3-45ee-8ac9-6e361d860e2f@group-7DC0A196B6AC-StateMachineUpdater] INFO  ratis.ContainerStateMachine (ContainerStateMachine.java:takeSnapshot(300)) - group-7DC0A196B6AC: Finished taking a snapshot at:(t:1, i:12) file:/tmp/workdir/hadoop-ozone/tools/target/test-dir/MiniOzoneClusterImpl-5c3156a5-1eb5-4435-9faa-bd301b5c4b00/datanode-0/data/ratis/402c8385-ff61-457f-b415-7dc0a196b6ac/sm/snapshot.1_12 time:48
2019-09-17 13:48:26,711 [73c69e8a-9bd3-45ee-8ac9-6e361d860e2f@group-7DC0A196B6AC-StateMachineUpdater] INFO  impl.StateMachineUpdater (StateMachineUpdater.java:takeSnapshot(258)) - 73c69e8a-9bd3-45ee-8ac9-6e361d860e2f@group-7DC0A196B6AC-StateMachineUpdater: Took a snapshot at index 12
2019-09-17 13:48:26,711 [73c69e8a-9bd3-45ee-8ac9-6e361d860e2f@group-7DC0A196B6AC-StateMachineUpdater] INFO  impl.StateMachineUpdater (StateMachineUpdater.java:lambda$new$0(83)) - 73c69e8a-9bd3-45ee-8ac9-6e361d860e2f@group-7DC0A196B6AC-StateMachineUpdater: snapshotIndex: updateIncreasingly 12 -> 12
2019-09-17 13:48:26,711 [grpc-default-executor-2] INFO  impl.RaftServerImpl (ServerState.java:close(385)) - 73c69e8a-9bd3-45ee-8ac9-6e361d860e2f@group-7DC0A196B6AC: closes. applyIndex: 16
2019-09-17 13:48:26,712 [73c69e8a-9bd3-45ee-8ac9-6e361d860e2f@group-7DC0A196B6AC-SegmentedRaftLogWorker] ERROR ratis.XceiverServerRatis (XceiverServerRatis.java:triggerPipelineClose(575)) - pipeline Action CLOSE  on pipeline PipelineID=402c8385-ff61-457f-b415-7dc0a196b6ac.Reason : WriteLog:17: (t:1, i:17), STATEMACHINELOGENTRY, client-BB96F508478C, cid=57-writeStateMachineData interrupted.
2019-09-17 13:48:26,714 [grpc-default-executor-2] INFO  segmented.SegmentedRaftLogWorker (SegmentedRaftLogWorker.java:close(228)) - 73c69e8a-9bd3-45ee-8ac9-6e361d860e2f@group-7DC0A196B6AC-SegmentedRaftLogWorker close()
2019-09-17 13:48:26,714 [EventQueue-PipelineActionsForPipelineActionHandler] ERROR pipeline.PipelineActionHandler (PipelineActionHandler.java:onMessage(60)) - Received pipeline action CLOSE for Pipeline[ Id: 402c8385-ff61-457f-b415-7dc0a196b6ac, Nodes: bf9845cc-5491-4380-971d-60a5c36fd440{ip: 192.168.5.130, host: pr-hdds-2136-chhj8-2666454444, networkLocation: /default-rack, certSerialId: null}73c69e8a-9bd3-45ee-8ac9-6e361d860e2f{ip: 192.168.5.130, host: pr-hdds-2136-chhj8-2666454444, networkLocation: /default-rack, certSerialId: null}235b1c08-2c3c-45bc-ab7f-b19a657e57f0{ip: 192.168.5.130, host: pr-hdds-2136-chhj8-2666454444, networkLocation: /default-rack, certSerialId: null}, Type:RATIS, Factor:THREE, State:CLOSED] from datanode 73c69e8a-9bd3-45ee-8ac9-6e361d860e2f{ip: 192.168.5.130, host: pr-hdds-2136-chhj8-2666454444, networkLocation: /default-rack, certSerialId: null}. Reason : WriteLog:17: (t:1, i:17), STATEMACHINELOGENTRY, client-BB96F508478C, cid=57-writeStateMachineData interrupted.
2019-09-17 13:48:26,716 [EventQueue-PipelineActionsForPipelineActionHandler] INFO  pipeline.SCMPipelineManager (SCMPipelineManager.java:finalizeAndDestroyPipeline(311)) - destroying pipeline:Pipeline[ Id: 402c8385-ff61-457f-b415-7dc0a196b6ac, Nodes: bf9845cc-5491-4380-971d-60a5c36fd440{ip: 192.168.5.130, host: pr-hdds-2136-chhj8-2666454444, networkLocation: /default-rack, certSerialId: null}73c69e8a-9bd3-45ee-8ac9-6e361d860e2f{ip: 192.168.5.130, host: pr-hdds-2136-chhj8-2666454444, networkLocation: /default-rack, certSerialId: null}235b1c08-2c3c-45bc-ab7f-b19a657e57f0{ip: 192.168.5.130, host: pr-hdds-2136-chhj8-2666454444, networkLocation: /default-rack, certSerialId: null}, Type:RATIS, Factor:THREE, State:CLOSED]
2019-09-17 13:48:26,765 [grpc-default-executor-2] INFO  interfaces.Container (KeyValueContainer.java:flushAndSyncDB(386)) - Container 4 is synced with bcsId 12.
2019-09-17 13:48:26,765 [grpc-default-executor-2] INFO  interfaces.Container (KeyValueContainer.java:flushAndSyncDB(386)) - Container 4 is synced with bcsId 12.
2019-09-17 13:48:26,916 [grpc-default-executor-2] INFO  interfaces.Container (KeyValueContainer.java:flushAndSyncDB(386)) - Container 5 is synced with bcsId 0.
2019-09-17 13:48:26,917 [grpc-default-executor-2] INFO  interfaces.Container (KeyValueContainer.java:flushAndSyncDB(386)) - Container 5 is synced with bcsId 0.
2019-09-17 13:48:26,930 [grpc-default-executor-9] INFO  client.GrpcClientProtocolClient (GrpcClientProtocolClient.java:onNext(264)) - client-92F69253317D->bf9845cc-5491-4380-971d-60a5c36fd440: receive RaftClientReply:client-92F69253317D->bf9845cc-5491-4380-971d-60a5c36fd440@group-0683C80A28FA, cid=147, SUCCESS, logIndex=1, commits[bf9845cc-5491-4380-971d-60a5c36fd440:c1, 73c69e8a-9bd3-45ee-8ac9-6e361d860e2f:c0, 235b1c08-2c3c-45bc-ab7f-b19a657e57f0:c0]
2019-09-17 13:48:26,973 [grpc-default-executor-6] INFO  impl.RaftServerProxy (RaftServerProxy.java:remove(95)) - 235b1c08-2c3c-45bc-ab7f-b19a657e57f0: remove  FOLLOWER 235b1c08-2c3c-45bc-ab7f-b19a657e57f0@group-7DC0A196B6AC:t1, leader=bf9845cc-5491-4380-971d-60a5c36fd440, voted=bf9845cc-5491-4380-971d-60a5c36fd440, raftlog=235b1c08-2c3c-45bc-ab7f-b19a657e57f0@group-7DC0A196B6AC-SegmentedRaftLog:OPENED:c16,f16,i21, conf=0: [73c69e8a-9bd3-45ee-8ac9-6e361d860e2f:192.168.5.130:33300, 235b1c08-2c3c-45bc-ab7f-b19a657e57f0:192.168.5.130:39322, bf9845cc-5491-4380-971d-60a5c36fd440:192.168.5.130:40791], old=null RUNNING
2019-09-17 13:48:26,974 [grpc-default-executor-6] INFO  impl.RaftServerImpl (RaftServerImpl.java:lambda$shutdown$3(251)) - 235b1c08-2c3c-45bc-ab7f-b19a657e57f0@group-7DC0A196B6AC: shutdown
2019-09-17 13:48:26,974 [grpc-default-executor-6] INFO  util.JmxRegister (JmxRegister.java:unregister(73)) - Successfully un-registered JMX Bean with object name Ratis:service=RaftServer,group=group-7DC0A196B6AC,id=235b1c08-2c3c-45bc-ab7f-b19a657e57f0
2019-09-17 13:48:26,974 [grpc-default-executor-6] INFO  impl.RoleInfo (RoleInfo.java:shutdownFollowerState(121)) - 235b1c08-2c3c-45bc-ab7f-b19a657e57f0: shutdown FollowerState
2019-09-17 13:48:26,975 [grpc-default-executor-6] INFO  impl.StateMachineUpdater (StateMachineUpdater.java:stopAndJoin(125)) - 235b1c08-2c3c-45bc-ab7f-b19a657e57f0@group-7DC0A196B6AC-StateMachineUpdater: set stopIndex = 16
2019-09-17 13:48:26,975 [235b1c08-2c3c-45bc-ab7f-b19a657e57f0@group-7DC0A196B6AC-StateMachineUpdater] INFO  ratis.ContainerStateMachine (ContainerStateMachine.java:takeSnapshot(289)) - group-7DC0A196B6AC: Taking a snapshot at:(t:1, i:12) file /tmp/workdir/hadoop-ozone/tools/target/test-dir/MiniOzoneClusterImpl-5c3156a5-1eb5-4435-9faa-bd301b5c4b00/datanode-1/data/ratis/402c8385-ff61-457f-b415-7dc0a196b6ac/sm/snapshot.1_12
2019-09-17 13:48:26,975 [Thread-737] INFO  impl.FollowerState (FollowerState.java:run(115)) - 235b1c08-2c3c-45bc-ab7f-b19a657e57f0: FollowerState was interrupted: java.lang.InterruptedException: sleep interrupted
2019-09-17 13:48:26,988 [235b1c08-2c3c-45bc-ab7f-b19a657e57f0@group-7DC0A196B6AC-StateMachineUpdater] INFO  ratis.ContainerStateMachine (ContainerStateMachine.java:takeSnapshot(300)) - group-7DC0A196B6AC: Finished taking a snapshot at:(t:1, i:12) file:/tmp/workdir/hadoop-ozone/tools/target/test-dir/MiniOzoneClusterImpl-5c3156a5-1eb5-4435-9faa-bd301b5c4b00/datanode-1/data/ratis/402c8385-ff61-457f-b415-7dc0a196b6ac/sm/snapshot.1_12 time:14
2019-09-17 13:48:26,989 [235b1c08-2c3c-45bc-ab7f-b19a657e57f0@group-7DC0A196B6AC-StateMachineUpdater] INFO  impl.StateMachineUpdater (StateMachineUpdater.java:takeSnapshot(258)) - 235b1c08-2c3c-45bc-ab7f-b19a657e57f0@group-7DC0A196B6AC-StateMachineUpdater: Took a snapshot at index 12
2019-09-17 13:48:26,989 [235b1c08-2c3c-45bc-ab7f-b19a657e57f0@group-7DC0A196B6AC-StateMachineUpdater] INFO  impl.StateMachineUpdater (StateMachineUpdater.java:lambda$new$0(83)) - 235b1c08-2c3c-45bc-ab7f-b19a657e57f0@group-7DC0A196B6AC-StateMachineUpdater: snapshotIndex: updateIncreasingly -1 -> 12
2019-09-17 13:48:26,989 [235b1c08-2c3c-45bc-ab7f-b19a657e57f0@group-7DC0A196B6AC-StateMachineUpdater] INFO  ratis.ContainerStateMachine (ContainerStateMachine.java:takeSnapshot(289)) - group-7DC0A196B6AC: Taking a snapshot at:(t:1, i:12) file /tmp/workdir/hadoop-ozone/tools/target/test-dir/MiniOzoneClusterImpl-5c3156a5-1eb5-4435-9faa-bd301b5c4b00/datanode-1/data/ratis/402c8385-ff61-457f-b415-7dc0a196b6ac/sm/snapshot.1_12
2019-09-17 13:48:27,019 [235b1c08-2c3c-45bc-ab7f-b19a657e57f0@group-7DC0A196B6AC-StateMachineUpdater] INFO  ratis.ContainerStateMachine (ContainerStateMachine.java:takeSnapshot(300)) - group-7DC0A196B6AC: Finished taking a snapshot at:(t:1, i:12) file:/tmp/workdir/hadoop-ozone/tools/target/test-dir/MiniOzoneClusterImpl-5c3156a5-1eb5-4435-9faa-bd301b5c4b00/datanode-1/data/ratis/402c8385-ff61-457f-b415-7dc0a196b6ac/sm/snapshot.1_12 time:29
2019-09-17 13:48:27,019 [235b1c08-2c3c-45bc-ab7f-b19a657e57f0@group-7DC0A196B6AC-StateMachineUpdater] INFO  impl.StateMachineUpdater (StateMachineUpdater.java:takeSnapshot(258)) - 235b1c08-2c3c-45bc-ab7f-b19a657e57f0@group-7DC0A196B6AC-StateMachineUpdater: Took a snapshot at index 12
2019-09-17 13:48:27,019 [235b1c08-2c3c-45bc-ab7f-b19a657e57f0@group-7DC0A196B6AC-StateMachineUpdater] INFO  impl.StateMachineUpdater (StateMachineUpdater.java:lambda$new$0(83)) - 235b1c08-2c3c-45bc-ab7f-b19a657e57f0@group-7DC0A196B6AC-StateMachineUpdater: snapshotIndex: updateIncreasingly 12 -> 12
2019-09-17 13:48:27,019 [grpc-default-executor-6] INFO  impl.RaftServerImpl (ServerState.java:close(385)) - 235b1c08-2c3c-45bc-ab7f-b19a657e57f0@group-7DC0A196B6AC: closes. applyIndex: 16
2019-09-17 13:48:27,020 [235b1c08-2c3c-45bc-ab7f-b19a657e57f0@group-7DC0A196B6AC-SegmentedRaftLogWorker] ERROR ratis.XceiverServerRatis (XceiverServerRatis.java:triggerPipelineClose(575)) - pipeline Action CLOSE  on pipeline PipelineID=402c8385-ff61-457f-b415-7dc0a196b6ac.Reason : WriteLog:19: (t:1, i:19), STATEMACHINELOGENTRY, client-BB96F508478C, cid=59-writeStateMachineData interrupted.
2019-09-17 13:48:27,023 [EventQueue-PipelineActionsForPipelineActionHandler] ERROR pipeline.PipelineActionHandler (PipelineActionHandler.java:onMessage(60)) - Received pipeline action CLOSE for Pipeline[ Id: 402c8385-ff61-457f-b415-7dc0a196b6ac, Nodes: bf9845cc-5491-4380-971d-60a5c36fd440{ip: 192.168.5.130, host: pr-hdds-2136-chhj8-2666454444, networkLocation: /default-rack, certSerialId: null}73c69e8a-9bd3-45ee-8ac9-6e361d860e2f{ip: 192.168.5.130, host: pr-hdds-2136-chhj8-2666454444, networkLocation: /default-rack, certSerialId: null}235b1c08-2c3c-45bc-ab7f-b19a657e57f0{ip: 192.168.5.130, host: pr-hdds-2136-chhj8-2666454444, networkLocation: /default-rack, certSerialId: null}, Type:RATIS, Factor:THREE, State:CLOSED] from datanode 235b1c08-2c3c-45bc-ab7f-b19a657e57f0{ip: 192.168.5.130, host: pr-hdds-2136-chhj8-2666454444, networkLocation: /default-rack, certSerialId: null}. Reason : WriteLog:19: (t:1, i:19), STATEMACHINELOGENTRY, client-BB96F508478C, cid=59-writeStateMachineData interrupted.
2019-09-17 13:48:27,023 [EventQueue-PipelineActionsForPipelineActionHandler] INFO  pipeline.SCMPipelineManager (SCMPipelineManager.java:finalizeAndDestroyPipeline(311)) - destroying pipeline:Pipeline[ Id: 402c8385-ff61-457f-b415-7dc0a196b6ac, Nodes: bf9845cc-5491-4380-971d-60a5c36fd440{ip: 192.168.5.130, host: pr-hdds-2136-chhj8-2666454444, networkLocation: /default-rack, certSerialId: null}73c69e8a-9bd3-45ee-8ac9-6e361d860e2f{ip: 192.168.5.130, host: pr-hdds-2136-chhj8-2666454444, networkLocation: /default-rack, certSerialId: null}235b1c08-2c3c-45bc-ab7f-b19a657e57f0{ip: 192.168.5.130, host: pr-hdds-2136-chhj8-2666454444, networkLocation: /default-rack, certSerialId: null}, Type:RATIS, Factor:THREE, State:CLOSED]
2019-09-17 13:48:27,025 [grpc-default-executor-2] INFO  client.GrpcClientProtocolClient (GrpcClientProtocolClient.java:onNext(264)) - client-92F69253317D->bf9845cc-5491-4380-971d-60a5c36fd440: receive RaftClientReply:client-92F69253317D->bf9845cc-5491-4380-971d-60a5c36fd440@group-0683C80A28FA, cid=148, SUCCESS, logIndex=3, commits[bf9845cc-5491-4380-971d-60a5c36fd440:c7, 73c69e8a-9bd3-45ee-8ac9-6e361d860e2f:c4, 235b1c08-2c3c-45bc-ab7f-b19a657e57f0:c0]
2019-09-17 13:48:27,026 [grpc-default-executor-2] INFO  client.GrpcClientProtocolClient (GrpcClientProtocolClient.java:onNext(264)) - client-92F69253317D->bf9845cc-5491-4380-971d-60a5c36fd440: receive RaftClientReply:client-92F69253317D->bf9845cc-5491-4380-971d-60a5c36fd440@group-0683C80A28FA, cid=149, SUCCESS, logIndex=4, commits[bf9845cc-5491-4380-971d-60a5c36fd440:c7, 73c69e8a-9bd3-45ee-8ac9-6e361d860e2f:c4, 235b1c08-2c3c-45bc-ab7f-b19a657e57f0:c0]
2019-09-17 13:48:27,034 [grpc-default-executor-6] INFO  segmented.SegmentedRaftLogWorker (SegmentedRaftLogWorker.java:close(228)) - 235b1c08-2c3c-45bc-ab7f-b19a657e57f0@group-7DC0A196B6AC-SegmentedRaftLogWorker close()
2019-09-17 13:48:27,095 [grpc-default-executor-2] INFO  client.GrpcClientProtocolClient (GrpcClientProtocolClient.java:onNext(264)) - client-92F69253317D->bf9845cc-5491-4380-971d-60a5c36fd440: receive RaftClientReply:client-92F69253317D->bf9845cc-5491-4380-971d-60a5c36fd440@group-0683C80A28FA, cid=150, SUCCESS, logIndex=5, commits[bf9845cc-5491-4380-971d-60a5c36fd440:c7, 73c69e8a-9bd3-45ee-8ac9-6e361d860e2f:c4, 235b1c08-2c3c-45bc-ab7f-b19a657e57f0:c0]
2019-09-17 13:48:27,105 [grpc-default-executor-6] INFO  interfaces.Container (KeyValueContainer.java:flushAndSyncDB(386)) - Container 4 is synced with bcsId 12.
2019-09-17 13:48:27,106 [grpc-default-executor-6] INFO  interfaces.Container (KeyValueContainer.java:flushAndSyncDB(386)) - Container 4 is synced with bcsId 12.
2019-09-17 13:48:27,218 [grpc-default-executor-6] INFO  interfaces.Container (KeyValueContainer.java:flushAndSyncDB(386)) - Container 5 is synced with bcsId 0.
2019-09-17 13:48:27,218 [grpc-default-executor-6] INFO  interfaces.Container (KeyValueContainer.java:flushAndSyncDB(386)) - Container 5 is synced with bcsId 0.
2019-09-17 13:48:27,247 [RatisPipelineUtilsThread] INFO  pipeline.PipelineStateManager (PipelineStateManager.java:removePipeline(108)) - Pipeline Pipeline[ Id: 402c8385-ff61-457f-b415-7dc0a196b6ac, Nodes: bf9845cc-5491-4380-971d-60a5c36fd440{ip: 192.168.5.130, host: pr-hdds-2136-chhj8-2666454444, networkLocation: /default-rack, certSerialId: null}73c69e8a-9bd3-45ee-8ac9-6e361d860e2f{ip: 192.168.5.130, host: pr-hdds-2136-chhj8-2666454444, networkLocation: /default-rack, certSerialId: null}235b1c08-2c3c-45bc-ab7f-b19a657e57f0{ip: 192.168.5.130, host: pr-hdds-2136-chhj8-2666454444, networkLocation: /default-rack, certSerialId: null}, Type:RATIS, Factor:THREE, State:CLOSED] removed from db
 0.00% |█                                                                                                    |  0/1 Time: 0:06:37 0.00% |█                                                                                                    |  0/1 Time: 0:06:38 0.00% |█                                                                                                    |  0/1 Time: 0:06:392019-09-17 13:48:29,461 [grpc-default-executor-6] INFO  impl.RaftServerProxy (RaftServerProxy.java:remove(95)) - bf9845cc-5491-4380-971d-60a5c36fd440: remove group-7DC0A196B6AC:null
2019-09-17 13:48:29,463 [RatisPipelineUtilsThread] WARN  pipeline.RatisPipelineUtils (RatisPipelineUtils.java:destroyPipeline(66)) - Pipeline destroy failed for pipeline=PipelineID=402c8385-ff61-457f-b415-7dc0a196b6ac dn=bf9845cc-5491-4380-971d-60a5c36fd440{ip: 192.168.5.130, host: pr-hdds-2136-chhj8-2666454444, networkLocation: /default-rack, certSerialId: null}
2019-09-17 13:48:29,466 [grpc-default-executor-6] INFO  impl.RaftServerProxy (RaftServerProxy.java:remove(95)) - 73c69e8a-9bd3-45ee-8ac9-6e361d860e2f: remove group-7DC0A196B6AC:null
2019-09-17 13:48:29,468 [RatisPipelineUtilsThread] WARN  pipeline.RatisPipelineUtils (RatisPipelineUtils.java:destroyPipeline(66)) - Pipeline destroy failed for pipeline=PipelineID=402c8385-ff61-457f-b415-7dc0a196b6ac dn=73c69e8a-9bd3-45ee-8ac9-6e361d860e2f{ip: 192.168.5.130, host: pr-hdds-2136-chhj8-2666454444, networkLocation: /default-rack, certSerialId: null}
2019-09-17 13:48:29,470 [grpc-default-executor-6] INFO  impl.RaftServerProxy (RaftServerProxy.java:remove(95)) - 235b1c08-2c3c-45bc-ab7f-b19a657e57f0: remove group-7DC0A196B6AC:null
2019-09-17 13:48:29,472 [RatisPipelineUtilsThread] WARN  pipeline.RatisPipelineUtils (RatisPipelineUtils.java:destroyPipeline(66)) - Pipeline destroy failed for pipeline=PipelineID=402c8385-ff61-457f-b415-7dc0a196b6ac dn=235b1c08-2c3c-45bc-ab7f-b19a657e57f0{ip: 192.168.5.130, host: pr-hdds-2136-chhj8-2666454444, networkLocation: /default-rack, certSerialId: null}
2019-09-17 13:48:29,472 [RatisPipelineUtilsThread] ERROR pipeline.SCMPipelineManager (Scheduler.java:lambda$schedule$1(70)) - Destroy pipeline failed for pipeline:Pipeline[ Id: 402c8385-ff61-457f-b415-7dc0a196b6ac, Nodes: bf9845cc-5491-4380-971d-60a5c36fd440{ip: 192.168.5.130, host: pr-hdds-2136-chhj8-2666454444, networkLocation: /default-rack, certSerialId: null}73c69e8a-9bd3-45ee-8ac9-6e361d860e2f{ip: 192.168.5.130, host: pr-hdds-2136-chhj8-2666454444, networkLocation: /default-rack, certSerialId: null}235b1c08-2c3c-45bc-ab7f-b19a657e57f0{ip: 192.168.5.130, host: pr-hdds-2136-chhj8-2666454444, networkLocation: /default-rack, certSerialId: null}, Type:RATIS, Factor:THREE, State:CLOSED]
org.apache.hadoop.hdds.scm.pipeline.PipelineNotFoundException: PipelineID=402c8385-ff61-457f-b415-7dc0a196b6ac not found
	at org.apache.hadoop.hdds.scm.pipeline.PipelineStateMap.getPipeline(PipelineStateMap.java:132)
	at org.apache.hadoop.hdds.scm.pipeline.PipelineStateMap.removePipeline(PipelineStateMap.java:322)
	at org.apache.hadoop.hdds.scm.pipeline.PipelineStateManager.removePipeline(PipelineStateManager.java:107)
	at org.apache.hadoop.hdds.scm.pipeline.SCMPipelineManager.removePipeline(SCMPipelineManager.java:423)
	at org.apache.hadoop.hdds.scm.pipeline.SCMPipelineManager.destroyPipeline(SCMPipelineManager.java:409)
	at org.apache.hadoop.hdds.scm.pipeline.SCMPipelineManager.lambda$finalizeAndDestroyPipeline$0(SCMPipelineManager.java:318)
	at org.apache.hadoop.utils.Scheduler.lambda$schedule$1(Scheduler.java:68)
	at java.util.concurrent.Executors$RunnableAdapter.call(Executors.java:511)
	at java.util.concurrent.FutureTask.run(FutureTask.java:266)
	at java.util.concurrent.ScheduledThreadPoolExecutor$ScheduledFutureTask.access$201(ScheduledThreadPoolExecutor.java:180)
	at java.util.concurrent.ScheduledThreadPoolExecutor$ScheduledFutureTask.run(ScheduledThreadPoolExecutor.java:293)
	at java.util.concurrent.ThreadPoolExecutor.runWorker(ThreadPoolExecutor.java:1149)
	at java.util.concurrent.ThreadPoolExecutor$Worker.run(ThreadPoolExecutor.java:624)
	at java.lang.Thread.run(Thread.java:748)
2019-09-17 13:48:29,683 [java.util.concurrent.ThreadPoolExecutor$Worker@128e6fcf[State = -1, empty queue]] WARN  server.GrpcLogAppender (GrpcLogAppender.java:timeoutAppendRequest(200)) - bf9845cc-5491-4380-971d-60a5c36fd440@group-0683C80A28FA->235b1c08-2c3c-45bc-ab7f-b19a657e57f0-GrpcLogAppender: appendEntries Timeout, request=bf9845cc-5491-4380-971d-60a5c36fd440->235b1c08-2c3c-45bc-ab7f-b19a657e57f0#15-t1, previous=(t:1, i:0), leaderCommit=0, initializing? false, entries: size=1, first=(t:1, i:1), STATEMACHINELOGENTRY, client-92F69253317D, cid=147
2019-09-17 13:48:29,927 [java.util.concurrent.ThreadPoolExecutor$Worker@128e6fcf[State = -1, empty queue]] WARN  server.GrpcLogAppender (GrpcLogAppender.java:timeoutAppendRequest(200)) - bf9845cc-5491-4380-971d-60a5c36fd440@group-0683C80A28FA->235b1c08-2c3c-45bc-ab7f-b19a657e57f0-GrpcLogAppender: appendEntries Timeout, request=bf9845cc-5491-4380-971d-60a5c36fd440->235b1c08-2c3c-45bc-ab7f-b19a657e57f0#16-t1, previous=(t:1, i:1), leaderCommit=1, initializing? false, entries: size=1, first=(t:1, i:2), METADATAENTRY(c1)
2019-09-17 13:48:29,937 [java.util.concurrent.ThreadPoolExecutor$Worker@128e6fcf[State = -1, empty queue]] WARN  server.GrpcLogAppender (GrpcLogAppender.java:timeoutAppendRequest(200)) - bf9845cc-5491-4380-971d-60a5c36fd440@group-0683C80A28FA->235b1c08-2c3c-45bc-ab7f-b19a657e57f0-GrpcLogAppender: appendEntries Timeout, request=bf9845cc-5491-4380-971d-60a5c36fd440->235b1c08-2c3c-45bc-ab7f-b19a657e57f0#17-t1, previous=(t:1, i:2), leaderCommit=1, initializing? false, entries: size=1, first=(t:1, i:3), STATEMACHINELOGENTRY, client-92F69253317D, cid=148
2019-09-17 13:48:29,943 [java.util.concurrent.ThreadPoolExecutor$Worker@128e6fcf[State = -1, empty queue]] WARN  server.GrpcLogAppender (GrpcLogAppender.java:timeoutAppendRequest(200)) - bf9845cc-5491-4380-971d-60a5c36fd440@group-0683C80A28FA->235b1c08-2c3c-45bc-ab7f-b19a657e57f0-GrpcLogAppender: appendEntries Timeout, request=bf9845cc-5491-4380-971d-60a5c36fd440->235b1c08-2c3c-45bc-ab7f-b19a657e57f0#18-t1, previous=(t:1, i:3), leaderCommit=1, initializing? false, entries: size=1, first=(t:1, i:4), STATEMACHINELOGENTRY, client-92F69253317D, cid=149
2019-09-17 13:48:29,943 [java.util.concurrent.ThreadPoolExecutor$Worker@128e6fcf[State = -1, empty queue]] WARN  server.GrpcLogAppender (GrpcLogAppender.java:timeoutAppendRequest(200)) - bf9845cc-5491-4380-971d-60a5c36fd440@group-0683C80A28FA->235b1c08-2c3c-45bc-ab7f-b19a657e57f0-GrpcLogAppender: appendEntries Timeout, request=bf9845cc-5491-4380-971d-60a5c36fd440->235b1c08-2c3c-45bc-ab7f-b19a657e57f0#19-t1, previous=(t:1, i:4), leaderCommit=1, initializing? false, entries: size=1, first=(t:1, i:5), STATEMACHINELOGENTRY, client-92F69253317D, cid=150
2019-09-17 13:48:29,950 [java.util.concurrent.ThreadPoolExecutor$Worker@128e6fcf[State = -1, empty queue]] WARN  server.GrpcLogAppender (GrpcLogAppender.java:timeoutAppendRequest(200)) - bf9845cc-5491-4380-971d-60a5c36fd440@group-0683C80A28FA->235b1c08-2c3c-45bc-ab7f-b19a657e57f0-GrpcLogAppender: appendEntries Timeout, request=bf9845cc-5491-4380-971d-60a5c36fd440->235b1c08-2c3c-45bc-ab7f-b19a657e57f0#20-t1, previous=(t:1, i:5), leaderCommit=3, initializing? false, entries: size=1, first=(t:1, i:6), METADATAENTRY(c3)
2019-09-17 13:48:29,970 [java.util.concurrent.ThreadPoolExecutor$Worker@128e6fcf[State = -1, empty queue]] WARN  server.GrpcLogAppender (GrpcLogAppender.java:timeoutAppendRequest(200)) - bf9845cc-5491-4380-971d-60a5c36fd440@group-0683C80A28FA->235b1c08-2c3c-45bc-ab7f-b19a657e57f0-GrpcLogAppender: appendEntries Timeout, request=bf9845cc-5491-4380-971d-60a5c36fd440->235b1c08-2c3c-45bc-ab7f-b19a657e57f0#21-t1, previous=(t:1, i:6), leaderCommit=4, initializing? false, entries: size=1, first=(t:1, i:7), METADATAENTRY(c4)
 0.00% |█                                                                                                    |  0/1 Time: 0:06:40 0.00% |█                                                                                                    |  0/1 Time: 0:06:412019-09-17 13:48:31,466 [grpc-default-executor-6] INFO  impl.RaftServerProxy (RaftServerProxy.java:remove(95)) - bf9845cc-5491-4380-971d-60a5c36fd440: remove group-7DC0A196B6AC:null
2019-09-17 13:48:31,470 [RatisPipelineUtilsThread] WARN  pipeline.RatisPipelineUtils (RatisPipelineUtils.java:destroyPipeline(66)) - Pipeline destroy failed for pipeline=PipelineID=402c8385-ff61-457f-b415-7dc0a196b6ac dn=bf9845cc-5491-4380-971d-60a5c36fd440{ip: 192.168.5.130, host: pr-hdds-2136-chhj8-2666454444, networkLocation: /default-rack, certSerialId: null}
2019-09-17 13:48:31,473 [grpc-default-executor-6] INFO  impl.RaftServerProxy (RaftServerProxy.java:remove(95)) - 73c69e8a-9bd3-45ee-8ac9-6e361d860e2f: remove group-7DC0A196B6AC:null
2019-09-17 13:48:31,475 [RatisPipelineUtilsThread] WARN  pipeline.RatisPipelineUtils (RatisPipelineUtils.java:destroyPipeline(66)) - Pipeline destroy failed for pipeline=PipelineID=402c8385-ff61-457f-b415-7dc0a196b6ac dn=73c69e8a-9bd3-45ee-8ac9-6e361d860e2f{ip: 192.168.5.130, host: pr-hdds-2136-chhj8-2666454444, networkLocation: /default-rack, certSerialId: null}
2019-09-17 13:48:31,478 [grpc-default-executor-6] INFO  impl.RaftServerProxy (RaftServerProxy.java:remove(95)) - 235b1c08-2c3c-45bc-ab7f-b19a657e57f0: remove group-7DC0A196B6AC:null
2019-09-17 13:48:31,483 [RatisPipelineUtilsThread] WARN  pipeline.RatisPipelineUtils (RatisPipelineUtils.java:destroyPipeline(66)) - Pipeline destroy failed for pipeline=PipelineID=402c8385-ff61-457f-b415-7dc0a196b6ac dn=235b1c08-2c3c-45bc-ab7f-b19a657e57f0{ip: 192.168.5.130, host: pr-hdds-2136-chhj8-2666454444, networkLocation: /default-rack, certSerialId: null}
2019-09-17 13:48:31,483 [RatisPipelineUtilsThread] ERROR pipeline.SCMPipelineManager (Scheduler.java:lambda$schedule$1(70)) - Destroy pipeline failed for pipeline:Pipeline[ Id: 402c8385-ff61-457f-b415-7dc0a196b6ac, Nodes: bf9845cc-5491-4380-971d-60a5c36fd440{ip: 192.168.5.130, host: pr-hdds-2136-chhj8-2666454444, networkLocation: /default-rack, certSerialId: null}73c69e8a-9bd3-45ee-8ac9-6e361d860e2f{ip: 192.168.5.130, host: pr-hdds-2136-chhj8-2666454444, networkLocation: /default-rack, certSerialId: null}235b1c08-2c3c-45bc-ab7f-b19a657e57f0{ip: 192.168.5.130, host: pr-hdds-2136-chhj8-2666454444, networkLocation: /default-rack, certSerialId: null}, Type:RATIS, Factor:THREE, State:CLOSED]
org.apache.hadoop.hdds.scm.pipeline.PipelineNotFoundException: PipelineID=402c8385-ff61-457f-b415-7dc0a196b6ac not found
	at org.apache.hadoop.hdds.scm.pipeline.PipelineStateMap.getPipeline(PipelineStateMap.java:132)
	at org.apache.hadoop.hdds.scm.pipeline.PipelineStateMap.removePipeline(PipelineStateMap.java:322)
	at org.apache.hadoop.hdds.scm.pipeline.PipelineStateManager.removePipeline(PipelineStateManager.java:107)
	at org.apache.hadoop.hdds.scm.pipeline.SCMPipelineManager.removePipeline(SCMPipelineManager.java:423)
	at org.apache.hadoop.hdds.scm.pipeline.SCMPipelineManager.destroyPipeline(SCMPipelineManager.java:409)
	at org.apache.hadoop.hdds.scm.pipeline.SCMPipelineManager.lambda$finalizeAndDestroyPipeline$0(SCMPipelineManager.java:318)
	at org.apache.hadoop.utils.Scheduler.lambda$schedule$1(Scheduler.java:68)
	at java.util.concurrent.Executors$RunnableAdapter.call(Executors.java:511)
	at java.util.concurrent.FutureTask.run(FutureTask.java:266)
	at java.util.concurrent.ScheduledThreadPoolExecutor$ScheduledFutureTask.access$201(ScheduledThreadPoolExecutor.java:180)
	at java.util.concurrent.ScheduledThreadPoolExecutor$ScheduledFutureTask.run(ScheduledThreadPoolExecutor.java:293)
	at java.util.concurrent.ThreadPoolExecutor.runWorker(ThreadPoolExecutor.java:1149)
	at java.util.concurrent.ThreadPoolExecutor$Worker.run(ThreadPoolExecutor.java:624)
	at java.lang.Thread.run(Thread.java:748)
2019-09-17 13:48:32,097 [pool-73-thread-3] WARN  scm.XceiverClientRatis (XceiverClientRatis.java:watchForCommit(262)) - 3 way commit failed on pipeline Pipeline[ Id: 57806ef4-f87e-4dce-842f-0683c80a28fa, Nodes: bf9845cc-5491-4380-971d-60a5c36fd440{ip: 192.168.5.130, host: pr-hdds-2136-chhj8-2666454444, networkLocation: /default-rack, certSerialId: null}73c69e8a-9bd3-45ee-8ac9-6e361d860e2f{ip: 192.168.5.130, host: pr-hdds-2136-chhj8-2666454444, networkLocation: /default-rack, certSerialId: null}235b1c08-2c3c-45bc-ab7f-b19a657e57f0{ip: 192.168.5.130, host: pr-hdds-2136-chhj8-2666454444, networkLocation: /default-rack, certSerialId: null}, Type:RATIS, Factor:THREE, State:OPEN]
java.util.concurrent.TimeoutException
	at java.util.concurrent.CompletableFuture.timedGet(CompletableFuture.java:1771)
	at java.util.concurrent.CompletableFuture.get(CompletableFuture.java:1915)
	at org.apache.hadoop.hdds.scm.XceiverClientRatis.watchForCommit(XceiverClientRatis.java:259)
	at org.apache.hadoop.hdds.scm.storage.CommitWatcher.watchForCommit(CommitWatcher.java:194)
	at org.apache.hadoop.hdds.scm.storage.CommitWatcher.watchOnFirstIndex(CommitWatcher.java:135)
	at org.apache.hadoop.hdds.scm.storage.BlockOutputStream.watchForCommit(BlockOutputStream.java:347)
	at org.apache.hadoop.hdds.scm.storage.BlockOutputStream.handleFullBuffer(BlockOutputStream.java:324)
	at org.apache.hadoop.hdds.scm.storage.BlockOutputStream.writeOnRetry(BlockOutputStream.java:302)
	at org.apache.hadoop.ozone.client.io.BlockOutputStreamEntry.writeOnRetry(BlockOutputStreamEntry.java:200)
	at org.apache.hadoop.ozone.client.io.KeyOutputStream.handleWrite(KeyOutputStream.java:209)
	at org.apache.hadoop.ozone.client.io.KeyOutputStream.handleRetry(KeyOutputStream.java:376)
	at org.apache.hadoop.ozone.client.io.KeyOutputStream.handleException(KeyOutputStream.java:325)
	at org.apache.hadoop.ozone.client.io.KeyOutputStream.handleWrite(KeyOutputStream.java:231)
	at org.apache.hadoop.ozone.client.io.KeyOutputStream.write(KeyOutputStream.java:193)
	at org.apache.hadoop.ozone.client.io.OzoneOutputStream.write(OzoneOutputStream.java:49)
	at org.apache.hadoop.ozone.freon.RandomKeyGenerator.createKey(RandomKeyGenerator.java:708)
	at org.apache.hadoop.ozone.freon.RandomKeyGenerator.access$1100(RandomKeyGenerator.java:88)
	at org.apache.hadoop.ozone.freon.RandomKeyGenerator$ObjectCreator.run(RandomKeyGenerator.java:615)
	at java.util.concurrent.Executors$RunnableAdapter.call(Executors.java:511)
	at java.util.concurrent.FutureTask.run(FutureTask.java:266)
	at java.util.concurrent.ThreadPoolExecutor.runWorker(ThreadPoolExecutor.java:1149)
	at java.util.concurrent.ThreadPoolExecutor$Worker.run(ThreadPoolExecutor.java:624)
	at java.lang.Thread.run(Thread.java:748)
2019-09-17 13:48:32,100 [grpc-default-executor-6] INFO  client.GrpcClientProtocolClient (GrpcClientProtocolClient.java:onNext(264)) - client-92F69253317D->bf9845cc-5491-4380-971d-60a5c36fd440: receive RaftClientReply:client-92F69253317D->bf9845cc-5491-4380-971d-60a5c36fd440@group-0683C80A28FA, cid=159, SUCCESS, logIndex=0, commits[bf9845cc-5491-4380-971d-60a5c36fd440:c7, 73c69e8a-9bd3-45ee-8ac9-6e361d860e2f:c7, 235b1c08-2c3c-45bc-ab7f-b19a657e57f0:c0]
2019-09-17 13:48:32,103 [pool-73-thread-3] INFO  scm.XceiverClientRatis (XceiverClientRatis.java:lambda$watchForCommit$7(280)) - Could not commit index 3 on pipeline Pipeline[ Id: 57806ef4-f87e-4dce-842f-0683c80a28fa, Nodes: bf9845cc-5491-4380-971d-60a5c36fd440{ip: 192.168.5.130, host: pr-hdds-2136-chhj8-2666454444, networkLocation: /default-rack, certSerialId: null}73c69e8a-9bd3-45ee-8ac9-6e361d860e2f{ip: 192.168.5.130, host: pr-hdds-2136-chhj8-2666454444, networkLocation: /default-rack, certSerialId: null}235b1c08-2c3c-45bc-ab7f-b19a657e57f0{ip: 192.168.5.130, host: pr-hdds-2136-chhj8-2666454444, networkLocation: /default-rack, certSerialId: null}, Type:RATIS, Factor:THREE, State:OPEN] to all the nodes. Server 235b1c08-2c3c-45bc-ab7f-b19a657e57f0 has failed. Committed by majority.
2019-09-17 13:48:32,103 [pool-73-thread-3] WARN  storage.BlockOutputStream (BlockOutputStream.java:watchForCommit(353)) - Failed to commit BlockId conID: 6 locID: 102808165198135304 bcsId: 5 on Pipeline[ Id: 57806ef4-f87e-4dce-842f-0683c80a28fa, Nodes: bf9845cc-5491-4380-971d-60a5c36fd440{ip: 192.168.5.130, host: pr-hdds-2136-chhj8-2666454444, networkLocation: /default-rack, certSerialId: null}73c69e8a-9bd3-45ee-8ac9-6e361d860e2f{ip: 192.168.5.130, host: pr-hdds-2136-chhj8-2666454444, networkLocation: /default-rack, certSerialId: null}235b1c08-2c3c-45bc-ab7f-b19a657e57f0{ip: 192.168.5.130, host: pr-hdds-2136-chhj8-2666454444, networkLocation: /default-rack, certSerialId: null}, Type:RATIS, Factor:THREE, State:OPEN]. Failed nodes: [235b1c08-2c3c-45bc-ab7f-b19a657e57f0{ip: null, host: null, networkLocation: /default-rack, certSerialId: null}]
2019-09-17 13:48:32,136 [grpc-default-executor-6] INFO  client.GrpcClientProtocolClient (GrpcClientProtocolClient.java:onNext(264)) - client-92F69253317D->bf9845cc-5491-4380-971d-60a5c36fd440: receive RaftClientReply:client-92F69253317D->bf9845cc-5491-4380-971d-60a5c36fd440@group-0683C80A28FA, cid=160, SUCCESS, logIndex=8, commits[bf9845cc-5491-4380-971d-60a5c36fd440:c9, 73c69e8a-9bd3-45ee-8ac9-6e361d860e2f:c7, 235b1c08-2c3c-45bc-ab7f-b19a657e57f0:c0]
2019-09-17 13:48:32,138 [grpc-default-executor-6] INFO  client.GrpcClientProtocolClient (GrpcClientProtocolClient.java:onNext(264)) - client-92F69253317D->bf9845cc-5491-4380-971d-60a5c36fd440: receive RaftClientReply:client-92F69253317D->bf9845cc-5491-4380-971d-60a5c36fd440@group-0683C80A28FA, cid=161, SUCCESS, logIndex=9, commits[bf9845cc-5491-4380-971d-60a5c36fd440:c9, 73c69e8a-9bd3-45ee-8ac9-6e361d860e2f:c7, 235b1c08-2c3c-45bc-ab7f-b19a657e57f0:c0]
2019-09-17 13:48:32,159 [grpc-default-executor-2] INFO  client.GrpcClientProtocolClient (GrpcClientProtocolClient.java:onNext(264)) - client-92F69253317D->bf9845cc-5491-4380-971d-60a5c36fd440: receive RaftClientReply:client-92F69253317D->bf9845cc-5491-4380-971d-60a5c36fd440@group-0683C80A28FA, cid=162, SUCCESS, logIndex=12, commits[bf9845cc-5491-4380-971d-60a5c36fd440:c13, 73c69e8a-9bd3-45ee-8ac9-6e361d860e2f:c11, 235b1c08-2c3c-45bc-ab7f-b19a657e57f0:c0]
2019-09-17 13:48:32,159 [grpc-default-executor-2] INFO  client.GrpcClientProtocolClient (GrpcClientProtocolClient.java:onNext(264)) - client-92F69253317D->bf9845cc-5491-4380-971d-60a5c36fd440: receive RaftClientReply:client-92F69253317D->bf9845cc-5491-4380-971d-60a5c36fd440@group-0683C80A28FA, cid=163, SUCCESS, logIndex=13, commits[bf9845cc-5491-4380-971d-60a5c36fd440:c13, 73c69e8a-9bd3-45ee-8ac9-6e361d860e2f:c11, 235b1c08-2c3c-45bc-ab7f-b19a657e57f0:c0]
 0.00% |█                                                                                                    |  0/1 Time: 0:06:422019-09-17 13:48:32,471 [java.util.concurrent.ThreadPoolExecutor$Worker@128e6fcf[State = -1, empty queue]] WARN  server.GrpcLogAppender (GrpcLogAppender.java:timeoutAppendRequest(200)) - bf9845cc-5491-4380-971d-60a5c36fd440@group-0683C80A28FA->235b1c08-2c3c-45bc-ab7f-b19a657e57f0-GrpcLogAppender: appendEntries Timeout, request=bf9845cc-5491-4380-971d-60a5c36fd440->235b1c08-2c3c-45bc-ab7f-b19a657e57f0#22-t1, previous=(t:1, i:7), leaderCommit=7, initializing? false, entries: <empty>
 0.00% |█                                                                                                    |  0/1 Time: 0:06:43 0.00% |█                                                                                                    |  0/1 Time: 0:06:442019-09-17 13:48:34,464 [grpc-default-executor-2] INFO  impl.RaftServerProxy (RaftServerProxy.java:remove(95)) - bf9845cc-5491-4380-971d-60a5c36fd440: remove group-7DC0A196B6AC:null
2019-09-17 13:48:34,467 [RatisPipelineUtilsThread] WARN  pipeline.RatisPipelineUtils (RatisPipelineUtils.java:destroyPipeline(66)) - Pipeline destroy failed for pipeline=PipelineID=402c8385-ff61-457f-b415-7dc0a196b6ac dn=bf9845cc-5491-4380-971d-60a5c36fd440{ip: 192.168.5.130, host: pr-hdds-2136-chhj8-2666454444, networkLocation: /default-rack, certSerialId: null}
2019-09-17 13:48:34,470 [grpc-default-executor-2] INFO  impl.RaftServerProxy (RaftServerProxy.java:remove(95)) - 73c69e8a-9bd3-45ee-8ac9-6e361d860e2f: remove group-7DC0A196B6AC:null
2019-09-17 13:48:34,471 [RatisPipelineUtilsThread] WARN  pipeline.RatisPipelineUtils (RatisPipelineUtils.java:destroyPipeline(66)) - Pipeline destroy failed for pipeline=PipelineID=402c8385-ff61-457f-b415-7dc0a196b6ac dn=73c69e8a-9bd3-45ee-8ac9-6e361d860e2f{ip: 192.168.5.130, host: pr-hdds-2136-chhj8-2666454444, networkLocation: /default-rack, certSerialId: null}
2019-09-17 13:48:34,473 [grpc-default-executor-2] INFO  impl.RaftServerProxy (RaftServerProxy.java:remove(95)) - 235b1c08-2c3c-45bc-ab7f-b19a657e57f0: remove group-7DC0A196B6AC:null
2019-09-17 13:48:34,475 [RatisPipelineUtilsThread] WARN  pipeline.RatisPipelineUtils (RatisPipelineUtils.java:destroyPipeline(66)) - Pipeline destroy failed for pipeline=PipelineID=402c8385-ff61-457f-b415-7dc0a196b6ac dn=235b1c08-2c3c-45bc-ab7f-b19a657e57f0{ip: 192.168.5.130, host: pr-hdds-2136-chhj8-2666454444, networkLocation: /default-rack, certSerialId: null}
2019-09-17 13:48:34,475 [RatisPipelineUtilsThread] ERROR pipeline.SCMPipelineManager (Scheduler.java:lambda$schedule$1(70)) - Destroy pipeline failed for pipeline:Pipeline[ Id: 402c8385-ff61-457f-b415-7dc0a196b6ac, Nodes: bf9845cc-5491-4380-971d-60a5c36fd440{ip: 192.168.5.130, host: pr-hdds-2136-chhj8-2666454444, networkLocation: /default-rack, certSerialId: null}73c69e8a-9bd3-45ee-8ac9-6e361d860e2f{ip: 192.168.5.130, host: pr-hdds-2136-chhj8-2666454444, networkLocation: /default-rack, certSerialId: null}235b1c08-2c3c-45bc-ab7f-b19a657e57f0{ip: 192.168.5.130, host: pr-hdds-2136-chhj8-2666454444, networkLocation: /default-rack, certSerialId: null}, Type:RATIS, Factor:THREE, State:CLOSED]
org.apache.hadoop.hdds.scm.pipeline.PipelineNotFoundException: PipelineID=402c8385-ff61-457f-b415-7dc0a196b6ac not found
	at org.apache.hadoop.hdds.scm.pipeline.PipelineStateMap.getPipeline(PipelineStateMap.java:132)
	at org.apache.hadoop.hdds.scm.pipeline.PipelineStateMap.removePipeline(PipelineStateMap.java:322)
	at org.apache.hadoop.hdds.scm.pipeline.PipelineStateManager.removePipeline(PipelineStateManager.java:107)
	at org.apache.hadoop.hdds.scm.pipeline.SCMPipelineManager.removePipeline(SCMPipelineManager.java:423)
	at org.apache.hadoop.hdds.scm.pipeline.SCMPipelineManager.destroyPipeline(SCMPipelineManager.java:409)
	at org.apache.hadoop.hdds.scm.pipeline.SCMPipelineManager.lambda$finalizeAndDestroyPipeline$0(SCMPipelineManager.java:318)
	at org.apache.hadoop.utils.Scheduler.lambda$schedule$1(Scheduler.java:68)
	at java.util.concurrent.Executors$RunnableAdapter.call(Executors.java:511)
	at java.util.concurrent.FutureTask.run(FutureTask.java:266)
	at java.util.concurrent.ScheduledThreadPoolExecutor$ScheduledFutureTask.access$201(ScheduledThreadPoolExecutor.java:180)
	at java.util.concurrent.ScheduledThreadPoolExecutor$ScheduledFutureTask.run(ScheduledThreadPoolExecutor.java:293)
	at java.util.concurrent.ThreadPoolExecutor.runWorker(ThreadPoolExecutor.java:1149)
	at java.util.concurrent.ThreadPoolExecutor$Worker.run(ThreadPoolExecutor.java:624)
	at java.lang.Thread.run(Thread.java:748)
2019-09-17 13:48:34,972 [java.util.concurrent.ThreadPoolExecutor$Worker@128e6fcf[State = -1, empty queue]] WARN  server.GrpcLogAppender (GrpcLogAppender.java:timeoutAppendRequest(200)) - bf9845cc-5491-4380-971d-60a5c36fd440@group-0683C80A28FA->235b1c08-2c3c-45bc-ab7f-b19a657e57f0-GrpcLogAppender: appendEntries Timeout, request=bf9845cc-5491-4380-971d-60a5c36fd440->235b1c08-2c3c-45bc-ab7f-b19a657e57f0#23-t1, previous=(t:1, i:7), leaderCommit=7, initializing? false, entries: <empty>
2019-09-17 13:48:35,119 [java.util.concurrent.ThreadPoolExecutor$Worker@128e6fcf[State = -1, empty queue]] WARN  server.GrpcLogAppender (GrpcLogAppender.java:timeoutAppendRequest(200)) - bf9845cc-5491-4380-971d-60a5c36fd440@group-0683C80A28FA->235b1c08-2c3c-45bc-ab7f-b19a657e57f0-GrpcLogAppender: appendEntries Timeout, request=bf9845cc-5491-4380-971d-60a5c36fd440->235b1c08-2c3c-45bc-ab7f-b19a657e57f0#24-t1, previous=(t:1, i:7), leaderCommit=7, initializing? false, entries: size=1, first=(t:1, i:8), STATEMACHINELOGENTRY, client-92F69253317D, cid=160
2019-09-17 13:48:35,120 [java.util.concurrent.ThreadPoolExecutor$Worker@128e6fcf[State = -1, empty queue]] WARN  server.GrpcLogAppender (GrpcLogAppender.java:timeoutAppendRequest(200)) - bf9845cc-5491-4380-971d-60a5c36fd440@group-0683C80A28FA->235b1c08-2c3c-45bc-ab7f-b19a657e57f0-GrpcLogAppender: appendEntries Timeout, request=bf9845cc-5491-4380-971d-60a5c36fd440->235b1c08-2c3c-45bc-ab7f-b19a657e57f0#25-t1, previous=(t:1, i:8), leaderCommit=7, initializing? false, entries: size=1, first=(t:1, i:9), STATEMACHINELOGENTRY, client-92F69253317D, cid=161
2019-09-17 13:48:35,135 [java.util.concurrent.ThreadPoolExecutor$Worker@128e6fcf[State = -1, empty queue]] WARN  server.GrpcLogAppender (GrpcLogAppender.java:timeoutAppendRequest(200)) - bf9845cc-5491-4380-971d-60a5c36fd440@group-0683C80A28FA->235b1c08-2c3c-45bc-ab7f-b19a657e57f0-GrpcLogAppender: appendEntries Timeout, request=bf9845cc-5491-4380-971d-60a5c36fd440->235b1c08-2c3c-45bc-ab7f-b19a657e57f0#26-t1, previous=(t:1, i:9), leaderCommit=8, initializing? false, entries: size=1, first=(t:1, i:10), METADATAENTRY(c8)
2019-09-17 13:48:35,135 [java.util.concurrent.ThreadPoolExecutor$Worker@128e6fcf[State = -1, empty queue]] WARN  server.GrpcLogAppender (GrpcLogAppender.java:timeoutAppendRequest(200)) - bf9845cc-5491-4380-971d-60a5c36fd440@group-0683C80A28FA->235b1c08-2c3c-45bc-ab7f-b19a657e57f0-GrpcLogAppender: appendEntries Timeout, request=bf9845cc-5491-4380-971d-60a5c36fd440->235b1c08-2c3c-45bc-ab7f-b19a657e57f0#27-t1, previous=(t:1, i:10), leaderCommit=9, initializing? false, entries: size=1, first=(t:1, i:11), METADATAENTRY(c9)
2019-09-17 13:48:35,146 [java.util.concurrent.ThreadPoolExecutor$Worker@128e6fcf[State = -1, empty queue]] WARN  server.GrpcLogAppender (GrpcLogAppender.java:timeoutAppendRequest(200)) - bf9845cc-5491-4380-971d-60a5c36fd440@group-0683C80A28FA->235b1c08-2c3c-45bc-ab7f-b19a657e57f0-GrpcLogAppender: appendEntries Timeout, request=bf9845cc-5491-4380-971d-60a5c36fd440->235b1c08-2c3c-45bc-ab7f-b19a657e57f0#28-t1, previous=(t:1, i:11), leaderCommit=11, initializing? false, entries: size=1, first=(t:1, i:12), STATEMACHINELOGENTRY, client-92F69253317D, cid=162
2019-09-17 13:48:35,146 [java.util.concurrent.ThreadPoolExecutor$Worker@128e6fcf[State = -1, empty queue]] WARN  server.GrpcLogAppender (GrpcLogAppender.java:timeoutAppendRequest(200)) - bf9845cc-5491-4380-971d-60a5c36fd440@group-0683C80A28FA->235b1c08-2c3c-45bc-ab7f-b19a657e57f0-GrpcLogAppender: appendEntries Timeout, request=bf9845cc-5491-4380-971d-60a5c36fd440->235b1c08-2c3c-45bc-ab7f-b19a657e57f0#29-t1, previous=(t:1, i:12), leaderCommit=11, initializing? false, entries: size=1, first=(t:1, i:13), STATEMACHINELOGENTRY, client-92F69253317D, cid=163
2019-09-17 13:48:35,158 [java.util.concurrent.ThreadPoolExecutor$Worker@128e6fcf[State = -1, empty queue]] WARN  server.GrpcLogAppender (GrpcLogAppender.java:timeoutAppendRequest(200)) - bf9845cc-5491-4380-971d-60a5c36fd440@group-0683C80A28FA->235b1c08-2c3c-45bc-ab7f-b19a657e57f0-GrpcLogAppender: appendEntries Timeout, request=bf9845cc-5491-4380-971d-60a5c36fd440->235b1c08-2c3c-45bc-ab7f-b19a657e57f0#30-t1, previous=(t:1, i:13), leaderCommit=13, initializing? false, entries: size=1, first=(t:1, i:14), METADATAENTRY(c12)
2019-09-17 13:48:35,158 [java.util.concurrent.ThreadPoolExecutor$Worker@128e6fcf[State = -1, empty queue]] WARN  server.GrpcLogAppender (GrpcLogAppender.java:timeoutAppendRequest(200)) - bf9845cc-5491-4380-971d-60a5c36fd440@group-0683C80A28FA->235b1c08-2c3c-45bc-ab7f-b19a657e57f0-GrpcLogAppender: appendEntries Timeout, request=bf9845cc-5491-4380-971d-60a5c36fd440->235b1c08-2c3c-45bc-ab7f-b19a657e57f0#31-t1, previous=(t:1, i:14), leaderCommit=13, initializing? false, entries: size=1, first=(t:1, i:15), METADATAENTRY(c13)
 0.00% |█                                                                                                    |  0/1 Time: 0:06:45 0.00% |█                                                                                                    |  0/1 Time: 0:06:462019-09-17 13:48:36,468 [grpc-default-executor-2] INFO  impl.RaftServerProxy (RaftServerProxy.java:remove(95)) - bf9845cc-5491-4380-971d-60a5c36fd440: remove group-7DC0A196B6AC:null
2019-09-17 13:48:36,472 [RatisPipelineUtilsThread] WARN  pipeline.RatisPipelineUtils (RatisPipelineUtils.java:destroyPipeline(66)) - Pipeline destroy failed for pipeline=PipelineID=402c8385-ff61-457f-b415-7dc0a196b6ac dn=bf9845cc-5491-4380-971d-60a5c36fd440{ip: 192.168.5.130, host: pr-hdds-2136-chhj8-2666454444, networkLocation: /default-rack, certSerialId: null}
2019-09-17 13:48:36,474 [grpc-default-executor-2] INFO  impl.RaftServerProxy (RaftServerProxy.java:remove(95)) - 73c69e8a-9bd3-45ee-8ac9-6e361d860e2f: remove group-7DC0A196B6AC:null
2019-09-17 13:48:36,476 [RatisPipelineUtilsThread] WARN  pipeline.RatisPipelineUtils (RatisPipelineUtils.java:destroyPipeline(66)) - Pipeline destroy failed for pipeline=PipelineID=402c8385-ff61-457f-b415-7dc0a196b6ac dn=73c69e8a-9bd3-45ee-8ac9-6e361d860e2f{ip: 192.168.5.130, host: pr-hdds-2136-chhj8-2666454444, networkLocation: /default-rack, certSerialId: null}
2019-09-17 13:48:36,478 [grpc-default-executor-2] INFO  impl.RaftServerProxy (RaftServerProxy.java:remove(95)) - 235b1c08-2c3c-45bc-ab7f-b19a657e57f0: remove group-7DC0A196B6AC:null
2019-09-17 13:48:36,480 [RatisPipelineUtilsThread] WARN  pipeline.RatisPipelineUtils (RatisPipelineUtils.java:destroyPipeline(66)) - Pipeline destroy failed for pipeline=PipelineID=402c8385-ff61-457f-b415-7dc0a196b6ac dn=235b1c08-2c3c-45bc-ab7f-b19a657e57f0{ip: 192.168.5.130, host: pr-hdds-2136-chhj8-2666454444, networkLocation: /default-rack, certSerialId: null}
2019-09-17 13:48:36,480 [RatisPipelineUtilsThread] ERROR pipeline.SCMPipelineManager (Scheduler.java:lambda$schedule$1(70)) - Destroy pipeline failed for pipeline:Pipeline[ Id: 402c8385-ff61-457f-b415-7dc0a196b6ac, Nodes: bf9845cc-5491-4380-971d-60a5c36fd440{ip: 192.168.5.130, host: pr-hdds-2136-chhj8-2666454444, networkLocation: /default-rack, certSerialId: null}73c69e8a-9bd3-45ee-8ac9-6e361d860e2f{ip: 192.168.5.130, host: pr-hdds-2136-chhj8-2666454444, networkLocation: /default-rack, certSerialId: null}235b1c08-2c3c-45bc-ab7f-b19a657e57f0{ip: 192.168.5.130, host: pr-hdds-2136-chhj8-2666454444, networkLocation: /default-rack, certSerialId: null}, Type:RATIS, Factor:THREE, State:CLOSED]
org.apache.hadoop.hdds.scm.pipeline.PipelineNotFoundException: PipelineID=402c8385-ff61-457f-b415-7dc0a196b6ac not found
	at org.apache.hadoop.hdds.scm.pipeline.PipelineStateMap.getPipeline(PipelineStateMap.java:132)
	at org.apache.hadoop.hdds.scm.pipeline.PipelineStateMap.removePipeline(PipelineStateMap.java:322)
	at org.apache.hadoop.hdds.scm.pipeline.PipelineStateManager.removePipeline(PipelineStateManager.java:107)
	at org.apache.hadoop.hdds.scm.pipeline.SCMPipelineManager.removePipeline(SCMPipelineManager.java:423)
	at org.apache.hadoop.hdds.scm.pipeline.SCMPipelineManager.destroyPipeline(SCMPipelineManager.java:409)
	at org.apache.hadoop.hdds.scm.pipeline.SCMPipelineManager.lambda$finalizeAndDestroyPipeline$0(SCMPipelineManager.java:318)
	at org.apache.hadoop.utils.Scheduler.lambda$schedule$1(Scheduler.java:68)
	at java.util.concurrent.Executors$RunnableAdapter.call(Executors.java:511)
	at java.util.concurrent.FutureTask.run(FutureTask.java:266)
	at java.util.concurrent.ScheduledThreadPoolExecutor$ScheduledFutureTask.access$201(ScheduledThreadPoolExecutor.java:180)
	at java.util.concurrent.ScheduledThreadPoolExecutor$ScheduledFutureTask.run(ScheduledThreadPoolExecutor.java:293)
	at java.util.concurrent.ThreadPoolExecutor.runWorker(ThreadPoolExecutor.java:1149)
	at java.util.concurrent.ThreadPoolExecutor$Worker.run(ThreadPoolExecutor.java:624)
	at java.lang.Thread.run(Thread.java:748)
2019-09-17 13:48:36,685 [235b1c08-2c3c-45bc-ab7f-b19a657e57f0@group-0683C80A28FA-SegmentedRaftLogWorker] WARN  segmented.SegmentedRaftLogWorker (SegmentedRaftLogWorker.java:getFromFuture(90)) - Timeout 0/~
org.apache.ratis.protocol.TimeoutIOException: Timeout 10s: WriteLog:1: (t:1, i:1), STATEMACHINELOGENTRY, client-92F69253317D, cid=147-writeStateMachineData
	at org.apache.ratis.util.IOUtils.getFromFuture(IOUtils.java:87)
	at org.apache.ratis.server.raftlog.segmented.SegmentedRaftLogWorker$StateMachineDataPolicy.getFromFuture(SegmentedRaftLogWorker.java:87)
	at org.apache.ratis.server.raftlog.segmented.SegmentedRaftLogWorker$WriteLog.execute(SegmentedRaftLogWorker.java:477)
	at org.apache.ratis.server.raftlog.segmented.SegmentedRaftLogWorker.run(SegmentedRaftLogWorker.java:289)
	at java.lang.Thread.run(Thread.java:748)
Caused by: java.util.concurrent.TimeoutException
	at java.util.concurrent.CompletableFuture.timedGet(CompletableFuture.java:1771)
	at java.util.concurrent.CompletableFuture.get(CompletableFuture.java:1915)
	at org.apache.ratis.util.IOUtils.getFromFuture(IOUtils.java:79)
	... 4 more
2019-09-17 13:48:37,160 [pool-73-thread-3] WARN  scm.XceiverClientRatis (XceiverClientRatis.java:watchForCommit(262)) - 3 way commit failed on pipeline Pipeline[ Id: 57806ef4-f87e-4dce-842f-0683c80a28fa, Nodes: bf9845cc-5491-4380-971d-60a5c36fd440{ip: 192.168.5.130, host: pr-hdds-2136-chhj8-2666454444, networkLocation: /default-rack, certSerialId: null}73c69e8a-9bd3-45ee-8ac9-6e361d860e2f{ip: 192.168.5.130, host: pr-hdds-2136-chhj8-2666454444, networkLocation: /default-rack, certSerialId: null}235b1c08-2c3c-45bc-ab7f-b19a657e57f0{ip: 192.168.5.130, host: pr-hdds-2136-chhj8-2666454444, networkLocation: /default-rack, certSerialId: null}, Type:RATIS, Factor:THREE, State:OPEN]
java.util.concurrent.TimeoutException
	at java.util.concurrent.CompletableFuture.timedGet(CompletableFuture.java:1771)
	at java.util.concurrent.CompletableFuture.get(CompletableFuture.java:1915)
	at org.apache.hadoop.hdds.scm.XceiverClientRatis.watchForCommit(XceiverClientRatis.java:259)
	at org.apache.hadoop.hdds.scm.storage.CommitWatcher.watchForCommit(CommitWatcher.java:194)
	at org.apache.hadoop.hdds.scm.storage.CommitWatcher.watchOnLastIndex(CommitWatcher.java:157)
	at org.apache.hadoop.hdds.scm.storage.BlockOutputStream.watchForCommit(BlockOutputStream.java:347)
	at org.apache.hadoop.hdds.scm.storage.BlockOutputStream.handleFlush(BlockOutputStream.java:479)
	at org.apache.hadoop.hdds.scm.storage.BlockOutputStream.close(BlockOutputStream.java:493)
	at org.apache.hadoop.ozone.client.io.BlockOutputStreamEntry.close(BlockOutputStreamEntry.java:143)
	at org.apache.hadoop.ozone.client.io.KeyOutputStream.handleFlushOrClose(KeyOutputStream.java:438)
	at org.apache.hadoop.ozone.client.io.KeyOutputStream.handleWrite(KeyOutputStream.java:235)
	at org.apache.hadoop.ozone.client.io.KeyOutputStream.write(KeyOutputStream.java:193)
	at org.apache.hadoop.ozone.client.io.OzoneOutputStream.write(OzoneOutputStream.java:49)
	at org.apache.hadoop.ozone.freon.RandomKeyGenerator.createKey(RandomKeyGenerator.java:708)
	at org.apache.hadoop.ozone.freon.RandomKeyGenerator.access$1100(RandomKeyGenerator.java:88)
	at org.apache.hadoop.ozone.freon.RandomKeyGenerator$ObjectCreator.run(RandomKeyGenerator.java:615)
	at java.util.concurrent.Executors$RunnableAdapter.call(Executors.java:511)
	at java.util.concurrent.FutureTask.run(FutureTask.java:266)
	at java.util.concurrent.ThreadPoolExecutor.runWorker(ThreadPoolExecutor.java:1149)
	at java.util.concurrent.ThreadPoolExecutor$Worker.run(ThreadPoolExecutor.java:624)
	at java.lang.Thread.run(Thread.java:748)
2019-09-17 13:48:37,164 [grpc-default-executor-2] INFO  client.GrpcClientProtocolClient (GrpcClientProtocolClient.java:onNext(264)) - client-92F69253317D->bf9845cc-5491-4380-971d-60a5c36fd440: receive RaftClientReply:client-92F69253317D->bf9845cc-5491-4380-971d-60a5c36fd440@group-0683C80A28FA, cid=171, SUCCESS, logIndex=0, commits[bf9845cc-5491-4380-971d-60a5c36fd440:c15, 73c69e8a-9bd3-45ee-8ac9-6e361d860e2f:c15, 235b1c08-2c3c-45bc-ab7f-b19a657e57f0:c0]
2019-09-17 13:48:37,170 [pool-73-thread-3] INFO  scm.XceiverClientRatis (XceiverClientRatis.java:lambda$watchForCommit$7(280)) - Could not commit index 13 on pipeline Pipeline[ Id: 57806ef4-f87e-4dce-842f-0683c80a28fa, Nodes: bf9845cc-5491-4380-971d-60a5c36fd440{ip: 192.168.5.130, host: pr-hdds-2136-chhj8-2666454444, networkLocation: /default-rack, certSerialId: null}73c69e8a-9bd3-45ee-8ac9-6e361d860e2f{ip: 192.168.5.130, host: pr-hdds-2136-chhj8-2666454444, networkLocation: /default-rack, certSerialId: null}235b1c08-2c3c-45bc-ab7f-b19a657e57f0{ip: 192.168.5.130, host: pr-hdds-2136-chhj8-2666454444, networkLocation: /default-rack, certSerialId: null}, Type:RATIS, Factor:THREE, State:OPEN] to all the nodes. Server 235b1c08-2c3c-45bc-ab7f-b19a657e57f0 has failed. Committed by majority.
2019-09-17 13:48:37,171 [pool-73-thread-3] WARN  storage.BlockOutputStream (BlockOutputStream.java:watchForCommit(353)) - Failed to commit BlockId conID: 6 locID: 102808165198135304 bcsId: 13 on Pipeline[ Id: 57806ef4-f87e-4dce-842f-0683c80a28fa, Nodes: bf9845cc-5491-4380-971d-60a5c36fd440{ip: 192.168.5.130, host: pr-hdds-2136-chhj8-2666454444, networkLocation: /default-rack, certSerialId: null}73c69e8a-9bd3-45ee-8ac9-6e361d860e2f{ip: 192.168.5.130, host: pr-hdds-2136-chhj8-2666454444, networkLocation: /default-rack, certSerialId: null}235b1c08-2c3c-45bc-ab7f-b19a657e57f0{ip: 192.168.5.130, host: pr-hdds-2136-chhj8-2666454444, networkLocation: /default-rack, certSerialId: null}, Type:RATIS, Factor:THREE, State:OPEN]. Failed nodes: [235b1c08-2c3c-45bc-ab7f-b19a657e57f0{ip: null, host: null, networkLocation: /default-rack, certSerialId: null}]
2019-09-17 13:48:37,195 [IPC Server handler 1 on 33408] WARN  block.BlockManagerImpl (BlockManagerImpl.java:allocateBlock(192)) - Pipeline creation failed for type:RATIS factor:THREE. Retrying get pipelines call once.
org.apache.hadoop.hdds.scm.pipeline.InsufficientDatanodesException: Cannot create pipeline of factor 3 using 2 nodes.
	at org.apache.hadoop.hdds.scm.pipeline.RatisPipelineProvider.create(RatisPipelineProvider.java:152)
	at org.apache.hadoop.hdds.scm.pipeline.PipelineFactory.create(PipelineFactory.java:57)
	at org.apache.hadoop.hdds.scm.pipeline.SCMPipelineManager.createPipeline(SCMPipelineManager.java:151)
	at org.apache.hadoop.hdds.scm.block.BlockManagerImpl.allocateBlock(BlockManagerImpl.java:190)
	at org.apache.hadoop.hdds.scm.server.SCMBlockProtocolServer.allocateBlock(SCMBlockProtocolServer.java:182)
	at org.apache.hadoop.ozone.protocolPB.ScmBlockLocationProtocolServerSideTranslatorPB.allocateScmBlock(ScmBlockLocationProtocolServerSideTranslatorPB.java:183)
	at org.apache.hadoop.ozone.protocolPB.ScmBlockLocationProtocolServerSideTranslatorPB.processMessage(ScmBlockLocationProtocolServerSideTranslatorPB.java:141)
	at org.apache.hadoop.ozone.protocolPB.ScmBlockLocationProtocolServerSideTranslatorPB.send(ScmBlockLocationProtocolServerSideTranslatorPB.java:116)
	at org.apache.hadoop.hdds.protocol.proto.ScmBlockLocationProtocolProtos$ScmBlockLocationProtocolService$2.callBlockingMethod(ScmBlockLocationProtocolProtos.java:13157)
	at org.apache.hadoop.ipc.ProtobufRpcEngine$Server$ProtoBufRpcInvoker.call(ProtobufRpcEngine.java:524)
	at org.apache.hadoop.ipc.RPC$Server.call(RPC.java:1025)
	at org.apache.hadoop.ipc.Server$RpcCall.run(Server.java:876)
	at org.apache.hadoop.ipc.Server$RpcCall.run(Server.java:822)
	at java.security.AccessController.doPrivileged(Native Method)
	at javax.security.auth.Subject.doAs(Subject.java:422)
	at org.apache.hadoop.security.UserGroupInformation.doAs(UserGroupInformation.java:1730)
	at org.apache.hadoop.ipc.Server$Handler.run(Server.java:2682)
2019-09-17 13:48:37,195 [IPC Server handler 1 on 33408] INFO  block.BlockManagerImpl (BlockManagerImpl.java:allocateBlock(198)) - Could not find available pipeline of type:RATIS and factor:THREE even after retrying
2019-09-17 13:48:37,195 [IPC Server handler 1 on 33408] ERROR block.BlockManagerImpl (BlockManagerImpl.java:allocateBlock(222)) - Unable to allocate a block for the size: 4194304, type: RATIS, factor: THREE
2019-09-17 13:48:37,200 [pool-73-thread-3] ERROR io.BlockOutputStreamEntryPool (BlockOutputStreamEntryPool.java:allocateBlockIfNeeded(299)) - Try to allocate more blocks for write failed, already allocated 0 blocks for this write.
INTERNAL_ERROR org.apache.hadoop.ozone.om.exceptions.OMException: Allocated 0 blocks. Requested 1 blocks
	at org.apache.hadoop.ozone.om.protocolPB.OzoneManagerProtocolClientSideTranslatorPB.handleError(OzoneManagerProtocolClientSideTranslatorPB.java:726)
	at org.apache.hadoop.ozone.om.protocolPB.OzoneManagerProtocolClientSideTranslatorPB.allocateBlock(OzoneManagerProtocolClientSideTranslatorPB.java:758)
	at sun.reflect.NativeMethodAccessorImpl.invoke0(Native Method)
	at sun.reflect.NativeMethodAccessorImpl.invoke(NativeMethodAccessorImpl.java:62)
	at sun.reflect.DelegatingMethodAccessorImpl.invoke(DelegatingMethodAccessorImpl.java:43)
	at java.lang.reflect.Method.invoke(Method.java:498)
	at org.apache.hadoop.hdds.tracing.TraceAllMethod.invoke(TraceAllMethod.java:66)
	at com.sun.proxy.$Proxy37.allocateBlock(Unknown Source)
	at org.apache.hadoop.ozone.client.io.BlockOutputStreamEntryPool.allocateNewBlock(BlockOutputStreamEntryPool.java:248)
	at org.apache.hadoop.ozone.client.io.BlockOutputStreamEntryPool.allocateBlockIfNeeded(BlockOutputStreamEntryPool.java:296)
	at org.apache.hadoop.ozone.client.io.KeyOutputStream.handleWrite(KeyOutputStream.java:201)
	at org.apache.hadoop.ozone.client.io.KeyOutputStream.write(KeyOutputStream.java:193)
	at org.apache.hadoop.ozone.client.io.OzoneOutputStream.write(OzoneOutputStream.java:49)
	at org.apache.hadoop.ozone.freon.RandomKeyGenerator.createKey(RandomKeyGenerator.java:708)
	at org.apache.hadoop.ozone.freon.RandomKeyGenerator.access$1100(RandomKeyGenerator.java:88)
	at org.apache.hadoop.ozone.freon.RandomKeyGenerator$ObjectCreator.run(RandomKeyGenerator.java:615)
	at java.util.concurrent.Executors$RunnableAdapter.call(Executors.java:511)
	at java.util.concurrent.FutureTask.run(FutureTask.java:266)
	at java.util.concurrent.ThreadPoolExecutor.runWorker(ThreadPoolExecutor.java:1149)
	at java.util.concurrent.ThreadPoolExecutor$Worker.run(ThreadPoolExecutor.java:624)
	at java.lang.Thread.run(Thread.java:748)
2019-09-17 13:48:37,200 [pool-73-thread-3] ERROR freon.RandomKeyGenerator (RandomKeyGenerator.java:createKey(733)) - Exception while adding key: key-0-66736 in bucket: bucket-0-01070 of volume: vol-0-41570.
INTERNAL_ERROR org.apache.hadoop.ozone.om.exceptions.OMException: Allocated 0 blocks. Requested 1 blocks
	at org.apache.hadoop.ozone.om.protocolPB.OzoneManagerProtocolClientSideTranslatorPB.handleError(OzoneManagerProtocolClientSideTranslatorPB.java:726)
	at org.apache.hadoop.ozone.om.protocolPB.OzoneManagerProtocolClientSideTranslatorPB.allocateBlock(OzoneManagerProtocolClientSideTranslatorPB.java:758)
	at sun.reflect.NativeMethodAccessorImpl.invoke0(Native Method)
	at sun.reflect.NativeMethodAccessorImpl.invoke(NativeMethodAccessorImpl.java:62)
	at sun.reflect.DelegatingMethodAccessorImpl.invoke(DelegatingMethodAccessorImpl.java:43)
	at java.lang.reflect.Method.invoke(Method.java:498)
	at org.apache.hadoop.hdds.tracing.TraceAllMethod.invoke(TraceAllMethod.java:66)
	at com.sun.proxy.$Proxy37.allocateBlock(Unknown Source)
	at org.apache.hadoop.ozone.client.io.BlockOutputStreamEntryPool.allocateNewBlock(BlockOutputStreamEntryPool.java:248)
	at org.apache.hadoop.ozone.client.io.BlockOutputStreamEntryPool.allocateBlockIfNeeded(BlockOutputStreamEntryPool.java:296)
	at org.apache.hadoop.ozone.client.io.KeyOutputStream.handleWrite(KeyOutputStream.java:201)
	at org.apache.hadoop.ozone.client.io.KeyOutputStream.write(KeyOutputStream.java:193)
	at org.apache.hadoop.ozone.client.io.OzoneOutputStream.write(OzoneOutputStream.java:49)
	at org.apache.hadoop.ozone.freon.RandomKeyGenerator.createKey(RandomKeyGenerator.java:708)
	at org.apache.hadoop.ozone.freon.RandomKeyGenerator.access$1100(RandomKeyGenerator.java:88)
	at org.apache.hadoop.ozone.freon.RandomKeyGenerator$ObjectCreator.run(RandomKeyGenerator.java:615)
	at java.util.concurrent.Executors$RunnableAdapter.call(Executors.java:511)
	at java.util.concurrent.FutureTask.run(FutureTask.java:266)
	at java.util.concurrent.ThreadPoolExecutor.runWorker(ThreadPoolExecutor.java:1149)
	at java.util.concurrent.ThreadPoolExecutor$Worker.run(ThreadPoolExecutor.java:624)
	at java.lang.Thread.run(Thread.java:748)
 0.00% |█                                                                                                    |  0/1 Time: 0:06:472019-09-17 13:48:37,659 [java.util.concurrent.ThreadPoolExecutor$Worker@128e6fcf[State = -1, empty queue]] WARN  server.GrpcLogAppender (GrpcLogAppender.java:timeoutAppendRequest(200)) - bf9845cc-5491-4380-971d-60a5c36fd440@group-0683C80A28FA->235b1c08-2c3c-45bc-ab7f-b19a657e57f0-GrpcLogAppender: appendEntries Timeout, request=bf9845cc-5491-4380-971d-60a5c36fd440->235b1c08-2c3c-45bc-ab7f-b19a657e57f0#32-t1, previous=(t:1, i:15), leaderCommit=15, initializing? false, entries: <empty>
2019-09-17 13:48:37,858 [Thread-1272] INFO  client.GrpcClientProtocolService (GrpcClientProtocolService.java:lambda$processClientRequest$0(278)) - Failed RaftClientRequest:client-92F69253317D->bf9845cc-5491-4380-971d-60a5c36fd440@group-0683C80A28FA, cid=152, seq=0, Watch-ALL_COMMITTED(3), Message:<EMPTY>, reply=RaftClientReply:client-92F69253317D->bf9845cc-5491-4380-971d-60a5c36fd440@group-0683C80A28FA, cid=152, FAILED org.apache.ratis.protocol.NotReplicatedException: Request with call Id 152 and log index 3 is not yet replicated to ALL_COMMITTED, logIndex=3, commits[bf9845cc-5491-4380-971d-60a5c36fd440:c15, 73c69e8a-9bd3-45ee-8ac9-6e361d860e2f:c15, 235b1c08-2c3c-45bc-ab7f-b19a657e57f0:c0]
2019-09-17 13:48:37,866 [grpc-default-executor-2] INFO  client.GrpcClientProtocolClient (GrpcClientProtocolClient.java:onNext(264)) - client-92F69253317D->bf9845cc-5491-4380-971d-60a5c36fd440: receive RaftClientReply:client-92F69253317D->bf9845cc-5491-4380-971d-60a5c36fd440@group-0683C80A28FA, cid=152, FAILED org.apache.ratis.protocol.NotReplicatedException: Request with call Id 152 and log index 3 is not yet replicated to ALL_COMMITTED, logIndex=3, commits[bf9845cc-5491-4380-971d-60a5c36fd440:c15, 73c69e8a-9bd3-45ee-8ac9-6e361d860e2f:c15, 235b1c08-2c3c-45bc-ab7f-b19a657e57f0:c0]
 0.00% |█                                                                                                    |  0/1 Time: 0:06:48 0.00% |█                                                                                                    |  0/1 Time: 0:06:492019-09-17 13:48:39,471 [grpc-default-executor-2] INFO  impl.RaftServerProxy (RaftServerProxy.java:remove(95)) - bf9845cc-5491-4380-971d-60a5c36fd440: remove group-7DC0A196B6AC:null
2019-09-17 13:48:39,475 [RatisPipelineUtilsThread] WARN  pipeline.RatisPipelineUtils (RatisPipelineUtils.java:destroyPipeline(66)) - Pipeline destroy failed for pipeline=PipelineID=402c8385-ff61-457f-b415-7dc0a196b6ac dn=bf9845cc-5491-4380-971d-60a5c36fd440{ip: 192.168.5.130, host: pr-hdds-2136-chhj8-2666454444, networkLocation: /default-rack, certSerialId: null}
2019-09-17 13:48:39,478 [grpc-default-executor-2] INFO  impl.RaftServerProxy (RaftServerProxy.java:remove(95)) - 73c69e8a-9bd3-45ee-8ac9-6e361d860e2f: remove group-7DC0A196B6AC:null
2019-09-17 13:48:39,480 [RatisPipelineUtilsThread] WARN  pipeline.RatisPipelineUtils (RatisPipelineUtils.java:destroyPipeline(66)) - Pipeline destroy failed for pipeline=PipelineID=402c8385-ff61-457f-b415-7dc0a196b6ac dn=73c69e8a-9bd3-45ee-8ac9-6e361d860e2f{ip: 192.168.5.130, host: pr-hdds-2136-chhj8-2666454444, networkLocation: /default-rack, certSerialId: null}
2019-09-17 13:48:39,482 [grpc-default-executor-2] INFO  impl.RaftServerProxy (RaftServerProxy.java:remove(95)) - 235b1c08-2c3c-45bc-ab7f-b19a657e57f0: remove group-7DC0A196B6AC:null
2019-09-17 13:48:39,483 [RatisPipelineUtilsThread] WARN  pipeline.RatisPipelineUtils (RatisPipelineUtils.java:destroyPipeline(66)) - Pipeline destroy failed for pipeline=PipelineID=402c8385-ff61-457f-b415-7dc0a196b6ac dn=235b1c08-2c3c-45bc-ab7f-b19a657e57f0{ip: 192.168.5.130, host: pr-hdds-2136-chhj8-2666454444, networkLocation: /default-rack, certSerialId: null}
2019-09-17 13:48:39,484 [RatisPipelineUtilsThread] ERROR pipeline.SCMPipelineManager (Scheduler.java:lambda$schedule$1(70)) - Destroy pipeline failed for pipeline:Pipeline[ Id: 402c8385-ff61-457f-b415-7dc0a196b6ac, Nodes: bf9845cc-5491-4380-971d-60a5c36fd440{ip: 192.168.5.130, host: pr-hdds-2136-chhj8-2666454444, networkLocation: /default-rack, certSerialId: null}73c69e8a-9bd3-45ee-8ac9-6e361d860e2f{ip: 192.168.5.130, host: pr-hdds-2136-chhj8-2666454444, networkLocation: /default-rack, certSerialId: null}235b1c08-2c3c-45bc-ab7f-b19a657e57f0{ip: 192.168.5.130, host: pr-hdds-2136-chhj8-2666454444, networkLocation: /default-rack, certSerialId: null}, Type:RATIS, Factor:THREE, State:CLOSED]
org.apache.hadoop.hdds.scm.pipeline.PipelineNotFoundException: PipelineID=402c8385-ff61-457f-b415-7dc0a196b6ac not found
	at org.apache.hadoop.hdds.scm.pipeline.PipelineStateMap.getPipeline(PipelineStateMap.java:132)
	at org.apache.hadoop.hdds.scm.pipeline.PipelineStateMap.removePipeline(PipelineStateMap.java:322)
	at org.apache.hadoop.hdds.scm.pipeline.PipelineStateManager.removePipeline(PipelineStateManager.java:107)
	at org.apache.hadoop.hdds.scm.pipeline.SCMPipelineManager.removePipeline(SCMPipelineManager.java:423)
	at org.apache.hadoop.hdds.scm.pipeline.SCMPipelineManager.destroyPipeline(SCMPipelineManager.java:409)
	at org.apache.hadoop.hdds.scm.pipeline.SCMPipelineManager.lambda$finalizeAndDestroyPipeline$0(SCMPipelineManager.java:318)
	at org.apache.hadoop.utils.Scheduler.lambda$schedule$1(Scheduler.java:68)
	at java.util.concurrent.Executors$RunnableAdapter.call(Executors.java:511)
	at java.util.concurrent.FutureTask.run(FutureTask.java:266)
	at java.util.concurrent.ScheduledThreadPoolExecutor$ScheduledFutureTask.access$201(ScheduledThreadPoolExecutor.java:180)
	at java.util.concurrent.ScheduledThreadPoolExecutor$ScheduledFutureTask.run(ScheduledThreadPoolExecutor.java:293)
	at java.util.concurrent.ThreadPoolExecutor.runWorker(ThreadPoolExecutor.java:1149)
	at java.util.concurrent.ThreadPoolExecutor$Worker.run(ThreadPoolExecutor.java:624)
	at java.lang.Thread.run(Thread.java:748)
2019-09-17 13:48:40,160 [java.util.concurrent.ThreadPoolExecutor$Worker@128e6fcf[State = -1, empty queue]] WARN  server.GrpcLogAppender (GrpcLogAppender.java:timeoutAppendRequest(200)) - bf9845cc-5491-4380-971d-60a5c36fd440@group-0683C80A28FA->235b1c08-2c3c-45bc-ab7f-b19a657e57f0-GrpcLogAppender: appendEntries Timeout, request=bf9845cc-5491-4380-971d-60a5c36fd440->235b1c08-2c3c-45bc-ab7f-b19a657e57f0#33-t1, previous=(t:1, i:15), leaderCommit=15, initializing? false, entries: <empty>
 100.00% |█████████████████████████████████████████████████████████████████████████████████████████████████████|  1/1 Time: 0:06:50
]]></system-out>
    <system-err><![CDATA[Sep 17, 2019 1:48:26 PM org.apache.ratis.thirdparty.io.grpc.internal.SerializingExecutor run
SEVERE: Exception while executing runnable org.apache.ratis.thirdparty.io.grpc.internal.ServerImpl$JumpToApplicationThreadServerStreamListener$1Closed@31f0c540
org.apache.ratis.thirdparty.io.grpc.StatusRuntimeException: CANCELLED: call already cancelled
	at org.apache.ratis.thirdparty.io.grpc.Status.asRuntimeException(Status.java:517)
	at org.apache.ratis.thirdparty.io.grpc.stub.ServerCalls$ServerCallStreamObserverImpl.onCompleted(ServerCalls.java:356)
	at org.apache.ratis.grpc.server.GrpcServerProtocolService$ServerRequestStreamObserver.onError(GrpcServerProtocolService.java:121)
	at org.apache.ratis.thirdparty.io.grpc.stub.ServerCalls$StreamingServerCallHandler$StreamingServerCallListener.onCancel(ServerCalls.java:269)
	at org.apache.ratis.thirdparty.io.grpc.internal.ServerCallImpl$ServerStreamListenerImpl.closed(ServerCallImpl.java:293)
	at org.apache.ratis.thirdparty.io.grpc.internal.ServerImpl$JumpToApplicationThreadServerStreamListener$1Closed.runInContext(ServerImpl.java:741)
	at org.apache.ratis.thirdparty.io.grpc.internal.ContextRunnable.run(ContextRunnable.java:37)
	at org.apache.ratis.thirdparty.io.grpc.internal.SerializingExecutor.run(SerializingExecutor.java:123)
	at java.util.concurrent.ThreadPoolExecutor.runWorker(ThreadPoolExecutor.java:1149)
	at java.util.concurrent.ThreadPoolExecutor$Worker.run(ThreadPoolExecutor.java:624)
	at java.lang.Thread.run(Thread.java:748)

Sep 17, 2019 1:48:26 PM org.apache.ratis.thirdparty.io.grpc.internal.SerializingExecutor run
SEVERE: Exception while executing runnable org.apache.ratis.thirdparty.io.grpc.internal.ServerImpl$JumpToApplicationThreadServerStreamListener$1Closed@4ff76b48
org.apache.ratis.thirdparty.io.grpc.StatusRuntimeException: CANCELLED: call already cancelled
	at org.apache.ratis.thirdparty.io.grpc.Status.asRuntimeException(Status.java:517)
	at org.apache.ratis.thirdparty.io.grpc.stub.ServerCalls$ServerCallStreamObserverImpl.onCompleted(ServerCalls.java:356)
	at org.apache.ratis.grpc.server.GrpcServerProtocolService$ServerRequestStreamObserver.onError(GrpcServerProtocolService.java:121)
	at org.apache.ratis.thirdparty.io.grpc.stub.ServerCalls$StreamingServerCallHandler$StreamingServerCallListener.onCancel(ServerCalls.java:269)
	at org.apache.ratis.thirdparty.io.grpc.internal.ServerCallImpl$ServerStreamListenerImpl.closed(ServerCallImpl.java:293)
	at org.apache.ratis.thirdparty.io.grpc.internal.ServerImpl$JumpToApplicationThreadServerStreamListener$1Closed.runInContext(ServerImpl.java:741)
	at org.apache.ratis.thirdparty.io.grpc.internal.ContextRunnable.run(ContextRunnable.java:37)
	at org.apache.ratis.thirdparty.io.grpc.internal.SerializingExecutor.run(SerializingExecutor.java:123)
	at java.util.concurrent.ThreadPoolExecutor.runWorker(ThreadPoolExecutor.java:1149)
	at java.util.concurrent.ThreadPoolExecutor$Worker.run(ThreadPoolExecutor.java:624)
	at java.lang.Thread.run(Thread.java:748)

]]></system-err>
  </testcase>
  <testcase name="standaloneTestLargeKey" classname="org.apache.hadoop.ozone.freon.TestDataValidateWithDummyContainers" time="55.039"/>
</testsuite>