<?xml version="1.0" encoding="UTF-8"?>
<testsuite xmlns:xsi="http://www.w3.org/2001/XMLSchema-instance" xsi:noNamespaceSchemaLocation="https://maven.apache.org/surefire/maven-surefire-plugin/xsd/surefire-test-report.xsd" name="org.apache.hadoop.ozone.client.rpc.TestBlockOutputStreamWithFailures" time="735.09" tests="8" errors="0" skipped="0" failures="1">
  <properties>
    <property name="awt.toolkit" value="sun.awt.X11.XToolkit"/>
    <property name="file.encoding.pkg" value="sun.io"/>
    <property name="java.specification.version" value="1.8"/>
    <property name="sun.cpu.isalist" value=""/>
    <property name="sun.jnu.encoding" value="UTF-8"/>
    <property name="java.class.path" value="/workdir/hadoop-ozone/integration-test/target/test-classes:/workdir/hadoop-ozone/integration-test/target/classes:/home/user/.m2/repository/org/apache/hadoop/hadoop-ozone-common/0.5.0-SNAPSHOT/hadoop-ozone-common-0.5.0-SNAPSHOT.jar:/home/user/.m2/repository/org/apache/commons/commons-compress/1.4.1/commons-compress-1.4.1.jar:/home/user/.m2/repository/org/tukaani/xz/1.0/xz-1.0.jar:/home/user/.m2/repository/org/apache/hadoop/hadoop-common/3.2.0/hadoop-common-3.2.0.jar:/home/user/.m2/repository/org/apache/hadoop/hadoop-hdfs/3.2.0/hadoop-hdfs-3.2.0.jar:/home/user/.m2/repository/org/apache/hadoop/hadoop-hdfs-client/3.2.0/hadoop-hdfs-client-3.2.0.jar:/home/user/.m2/repository/com/fasterxml/jackson/core/jackson-annotations/2.9.5/jackson-annotations-2.9.5.jar:/home/user/.m2/repository/org/apache/hadoop/hadoop-hdds-common/0.5.0-SNAPSHOT/hadoop-hdds-common-0.5.0-SNAPSHOT.jar:/home/user/.m2/repository/javax/annotation/javax.annotation-api/1.2/javax.annotation-api-1.2.jar:/home/user/.m2/repository/org/apache/ratis/ratis-server/0.4.0-2337318-SNAPSHOT/ratis-server-0.4.0-2337318-SNAPSHOT.jar:/home/user/.m2/repository/org/apache/ratis/ratis-thirdparty-misc/0.2.0/ratis-thirdparty-misc-0.2.0.jar:/home/user/.m2/repository/org/apache/ratis/ratis-proto/0.4.0-2337318-SNAPSHOT/ratis-proto-0.4.0-2337318-SNAPSHOT.jar:/home/user/.m2/repository/org/apache/ratis/ratis-common/0.4.0-2337318-SNAPSHOT/ratis-common-0.4.0-2337318-SNAPSHOT.jar:/home/user/.m2/repository/org/apache/ratis/ratis-client/0.4.0-2337318-SNAPSHOT/ratis-client-0.4.0-2337318-SNAPSHOT.jar:/home/user/.m2/repository/org/apache/ratis/ratis-metrics/0.4.0-2337318-SNAPSHOT/ratis-metrics-0.4.0-2337318-SNAPSHOT.jar:/home/user/.m2/repository/org/apache/ratis/ratis-netty/0.4.0-2337318-SNAPSHOT/ratis-netty-0.4.0-2337318-SNAPSHOT.jar:/home/user/.m2/repository/org/apache/ratis/ratis-grpc/0.4.0-2337318-SNAPSHOT/ratis-grpc-0.4.0-2337318-SNAPSHOT.jar:/home/user/.m2/repository/org/rocksdb/rocksdbjni/6.0.1/rocksdbjni-6.0.1.jar:/home/user/.m2/repository/org/apache/logging/log4j/log4j-api/2.11.0/log4j-api-2.11.0.jar:/home/user/.m2/repository/org/apache/logging/log4j/log4j-core/2.11.0/log4j-core-2.11.0.jar:/home/user/.m2/repository/com/lmax/disruptor/3.4.2/disruptor-3.4.2.jar:/home/user/.m2/repository/org/apache/commons/commons-pool2/2.6.0/commons-pool2-2.6.0.jar:/home/user/.m2/repository/org/bouncycastle/bcpkix-jdk15on/1.60/bcpkix-jdk15on-1.60.jar:/home/user/.m2/repository/commons-validator/commons-validator/1.6/commons-validator-1.6.jar:/home/user/.m2/repository/commons-digester/commons-digester/1.8.1/commons-digester-1.8.1.jar:/home/user/.m2/repository/io/jaegertracing/jaeger-client/0.33.1/jaeger-client-0.33.1.jar:/home/user/.m2/repository/io/jaegertracing/jaeger-thrift/0.33.1/jaeger-thrift-0.33.1.jar:/home/user/.m2/repository/org/apache/thrift/libthrift/0.11.0/libthrift-0.11.0.jar:/home/user/.m2/repository/com/squareup/okhttp3/okhttp/3.9.0/okhttp-3.9.0.jar:/home/user/.m2/repository/com/squareup/okio/okio/1.13.0/okio-1.13.0.jar:/home/user/.m2/repository/io/jaegertracing/jaeger-core/0.33.1/jaeger-core-0.33.1.jar:/home/user/.m2/repository/io/jaegertracing/jaeger-tracerresolver/0.33.1/jaeger-tracerresolver-0.33.1.jar:/home/user/.m2/repository/io/opentracing/contrib/opentracing-tracerresolver/0.1.5/opentracing-tracerresolver-0.1.5.jar:/home/user/.m2/repository/io/opentracing/opentracing-util/0.31.0/opentracing-util-0.31.0.jar:/home/user/.m2/repository/io/opentracing/opentracing-api/0.31.0/opentracing-api-0.31.0.jar:/home/user/.m2/repository/io/opentracing/opentracing-noop/0.31.0/opentracing-noop-0.31.0.jar:/home/user/.m2/repository/org/apache/hadoop/hadoop-hdds-server-framework/0.5.0-SNAPSHOT/hadoop-hdds-server-framework-0.5.0-SNAPSHOT.jar:/home/user/.m2/repository/org/apache/hadoop/hadoop-hdds-container-service/0.5.0-SNAPSHOT/hadoop-hdds-container-service-0.5.0-SNAPSHOT.jar:/home/user/.m2/repository/org/apache/hadoop/hadoop-hdds-client/0.5.0-SNAPSHOT/hadoop-hdds-client-0.5.0-SNAPSHOT.jar:/home/user/.m2/repository/org/apache/hadoop/hadoop-hdds-tools/0.5.0-SNAPSHOT/hadoop-hdds-tools-0.5.0-SNAPSHOT.jar:/home/user/.m2/repository/org/apache/hadoop/hadoop-hdds-server-scm/0.5.0-SNAPSHOT/hadoop-hdds-server-scm-0.5.0-SNAPSHOT.jar:/home/user/.m2/repository/org/apache/hadoop/hadoop-hdds-docs/0.5.0-SNAPSHOT/hadoop-hdds-docs-0.5.0-SNAPSHOT.jar:/home/user/.m2/repository/io/dropwizard/metrics/metrics-core/3.2.4/metrics-core-3.2.4.jar:/home/user/.m2/repository/org/hamcrest/hamcrest-all/1.3/hamcrest-all-1.3.jar:/home/user/.m2/repository/org/bouncycastle/bcprov-jdk15on/1.60/bcprov-jdk15on-1.60.jar:/home/user/.m2/repository/info/picocli/picocli/3.9.6/picocli-3.9.6.jar:/home/user/.m2/repository/com/google/protobuf/protobuf-java/2.5.0/protobuf-java-2.5.0.jar:/home/user/.m2/repository/com/google/guava/guava/11.0.2/guava-11.0.2.jar:/home/user/.m2/repository/org/apache/hadoop/hadoop-ozone-ozone-manager/0.5.0-SNAPSHOT/hadoop-ozone-ozone-manager-0.5.0-SNAPSHOT.jar:/home/user/.m2/repository/org/apache/hadoop/hadoop-minikdc/3.2.0/hadoop-minikdc-3.2.0.jar:/home/user/.m2/repository/commons-io/commons-io/2.5/commons-io-2.5.jar:/home/user/.m2/repository/org/apache/kerby/kerb-simplekdc/1.0.1/kerb-simplekdc-1.0.1.jar:/home/user/.m2/repository/org/apache/kerby/kerb-client/1.0.1/kerb-client-1.0.1.jar:/home/user/.m2/repository/org/apache/kerby/kerby-config/1.0.1/kerby-config-1.0.1.jar:/home/user/.m2/repository/org/apache/kerby/kerb-core/1.0.1/kerb-core-1.0.1.jar:/home/user/.m2/repository/org/apache/kerby/kerby-pkix/1.0.1/kerby-pkix-1.0.1.jar:/home/user/.m2/repository/org/apache/kerby/kerby-asn1/1.0.1/kerby-asn1-1.0.1.jar:/home/user/.m2/repository/org/apache/kerby/kerby-util/1.0.1/kerby-util-1.0.1.jar:/home/user/.m2/repository/org/apache/kerby/kerb-common/1.0.1/kerb-common-1.0.1.jar:/home/user/.m2/repository/org/apache/kerby/kerb-crypto/1.0.1/kerb-crypto-1.0.1.jar:/home/user/.m2/repository/org/apache/kerby/kerb-util/1.0.1/kerb-util-1.0.1.jar:/home/user/.m2/repository/org/apache/kerby/token-provider/1.0.1/token-provider-1.0.1.jar:/home/user/.m2/repository/org/apache/kerby/kerb-admin/1.0.1/kerb-admin-1.0.1.jar:/home/user/.m2/repository/org/apache/kerby/kerb-server/1.0.1/kerb-server-1.0.1.jar:/home/user/.m2/repository/org/apache/kerby/kerb-identity/1.0.1/kerb-identity-1.0.1.jar:/home/user/.m2/repository/org/apache/kerby/kerby-xdr/1.0.1/kerby-xdr-1.0.1.jar:/home/user/.m2/repository/org/slf4j/slf4j-log4j12/1.7.25/slf4j-log4j12-1.7.25.jar:/home/user/.m2/repository/org/apache/hadoop/hadoop-ozone-s3gateway/0.5.0-SNAPSHOT/hadoop-ozone-s3gateway-0.5.0-SNAPSHOT.jar:/home/user/.m2/repository/org/jboss/weld/servlet/weld-servlet/2.4.7.Final/weld-servlet-2.4.7.Final.jar:/home/user/.m2/repository/org/glassfish/jersey/containers/jersey-container-servlet-core/2.27/jersey-container-servlet-core-2.27.jar:/home/user/.m2/repository/org/glassfish/hk2/external/javax.inject/2.5.0-b42/javax.inject-2.5.0-b42.jar:/home/user/.m2/repository/org/glassfish/jersey/core/jersey-common/2.27/jersey-common-2.27.jar:/home/user/.m2/repository/org/glassfish/hk2/osgi-resource-locator/1.0.1/osgi-resource-locator-1.0.1.jar:/home/user/.m2/repository/javax/ws/rs/javax.ws.rs-api/2.1/javax.ws.rs-api-2.1.jar:/home/user/.m2/repository/org/glassfish/jersey/ext/cdi/jersey-cdi1x/2.27/jersey-cdi1x-2.27.jar:/home/user/.m2/repository/org/glassfish/jersey/inject/jersey-hk2/2.27/jersey-hk2-2.27.jar:/home/user/.m2/repository/org/glassfish/hk2/hk2-locator/2.5.0-b42/hk2-locator-2.5.0-b42.jar:/home/user/.m2/repository/org/javassist/javassist/3.22.0-CR2/javassist-3.22.0-CR2.jar:/home/user/.m2/repository/org/glassfish/hk2/hk2-api/2.5.0/hk2-api-2.5.0.jar:/home/user/.m2/repository/org/glassfish/hk2/external/jakarta.inject/2.5.0/jakarta.inject-2.5.0.jar:/home/user/.m2/repository/org/glassfish/hk2/hk2-utils/2.5.0/hk2-utils-2.5.0.jar:/home/user/.m2/repository/jakarta/annotation/jakarta.annotation-api/1.3.4/jakarta.annotation-api-1.3.4.jar:/home/user/.m2/repository/org/glassfish/hk2/external/aopalliance-repackaged/2.5.0/aopalliance-repackaged-2.5.0.jar:/home/user/.m2/repository/com/fasterxml/jackson/dataformat/jackson-dataformat-xml/2.9.0/jackson-dataformat-xml-2.9.0.jar:/home/user/.m2/repository/com/fasterxml/jackson/core/jackson-core/2.9.5/jackson-core-2.9.5.jar:/home/user/.m2/repository/com/fasterxml/jackson/module/jackson-module-jaxb-annotations/2.9.5/jackson-module-jaxb-annotations-2.9.5.jar:/home/user/.m2/repository/javax/enterprise/cdi-api/1.2/cdi-api-1.2.jar:/home/user/.m2/repository/javax/el/javax.el-api/3.0.0/javax.el-api-3.0.0.jar:/home/user/.m2/repository/javax/interceptor/javax.interceptor-api/1.2/javax.interceptor-api-1.2.jar:/home/user/.m2/repository/javax/inject/javax.inject/1/javax.inject-1.jar:/home/user/.m2/repository/com/sun/xml/bind/jaxb-impl/2.3.0.1/jaxb-impl-2.3.0.1.jar:/home/user/.m2/repository/com/sun/xml/bind/jaxb-core/2.3.0.1/jaxb-core-2.3.0.1.jar:/home/user/.m2/repository/javax/xml/bind/jaxb-api/2.3.0/jaxb-api-2.3.0.jar:/home/user/.m2/repository/javax/activation/activation/1.1.1/activation-1.1.1.jar:/home/user/.m2/repository/org/apache/hadoop/hadoop-ozone-csi/0.5.0-SNAPSHOT/hadoop-ozone-csi-0.5.0-SNAPSHOT.jar:/home/user/.m2/repository/com/google/protobuf/protobuf-java-util/3.5.1/protobuf-java-util-3.5.1.jar:/home/user/.m2/repository/org/apache/hadoop/hadoop-hdds-config/0.5.0-SNAPSHOT/hadoop-hdds-config-0.5.0-SNAPSHOT.jar:/home/user/.m2/repository/io/grpc/grpc-netty/1.17.1/grpc-netty-1.17.1.jar:/home/user/.m2/repository/io/grpc/grpc-core/1.17.1/grpc-core-1.17.1.jar:/home/user/.m2/repository/io/grpc/grpc-context/1.17.1/grpc-context-1.17.1.jar:/home/user/.m2/repository/com/google/errorprone/error_prone_annotations/2.2.0/error_prone_annotations-2.2.0.jar:/home/user/.m2/repository/org/codehaus/mojo/animal-sniffer-annotations/1.17/animal-sniffer-annotations-1.17.jar:/home/user/.m2/repository/io/opencensus/opencensus-api/0.17.0/opencensus-api-0.17.0.jar:/home/user/.m2/repository/io/opencensus/opencensus-contrib-grpc-metrics/0.17.0/opencensus-contrib-grpc-metrics-0.17.0.jar:/home/user/.m2/repository/io/netty/netty-codec-http2/4.1.30.Final/netty-codec-http2-4.1.30.Final.jar:/home/user/.m2/repository/io/netty/netty-codec-http/4.1.30.Final/netty-codec-http-4.1.30.Final.jar:/home/user/.m2/repository/io/netty/netty-codec/4.1.30.Final/netty-codec-4.1.30.Final.jar:/home/user/.m2/repository/io/netty/netty-handler/4.1.30.Final/netty-handler-4.1.30.Final.jar:/home/user/.m2/repository/io/netty/netty-handler-proxy/4.1.30.Final/netty-handler-proxy-4.1.30.Final.jar:/home/user/.m2/repository/io/netty/netty-codec-socks/4.1.30.Final/netty-codec-socks-4.1.30.Final.jar:/home/user/.m2/repository/io/netty/netty-transport-native-epoll/4.1.30.Final/netty-transport-native-epoll-4.1.30.Final.jar:/home/user/.m2/repository/io/netty/netty-common/4.1.30.Final/netty-common-4.1.30.Final.jar:/home/user/.m2/repository/io/netty/netty-buffer/4.1.30.Final/netty-buffer-4.1.30.Final.jar:/home/user/.m2/repository/io/netty/netty-transport/4.1.30.Final/netty-transport-4.1.30.Final.jar:/home/user/.m2/repository/io/netty/netty-resolver/4.1.30.Final/netty-resolver-4.1.30.Final.jar:/home/user/.m2/repository/io/netty/netty-transport-native-unix-common/4.1.30.Final/netty-transport-native-unix-common-4.1.30.Final.jar:/home/user/.m2/repository/io/grpc/grpc-protobuf/1.17.1/grpc-protobuf-1.17.1.jar:/home/user/.m2/repository/com/google/api/grpc/proto-google-common-protos/1.0.0/proto-google-common-protos-1.0.0.jar:/home/user/.m2/repository/io/grpc/grpc-protobuf-lite/1.17.1/grpc-protobuf-lite-1.17.1.jar:/home/user/.m2/repository/io/grpc/grpc-stub/1.17.1/grpc-stub-1.17.1.jar:/home/user/.m2/repository/org/apache/hadoop/hadoop-ozone-recon/0.5.0-SNAPSHOT/hadoop-ozone-recon-0.5.0-SNAPSHOT.jar:/home/user/.m2/repository/org/apache/hadoop/hadoop-ozone-reconcodegen/0.5.0-SNAPSHOT/hadoop-ozone-reconcodegen-0.5.0-SNAPSHOT.jar:/home/user/.m2/repository/com/google/inject/extensions/guice-multibindings/4.0/guice-multibindings-4.0.jar:/home/user/.m2/repository/com/google/inject/guice/4.0/guice-4.0.jar:/home/user/.m2/repository/aopalliance/aopalliance/1.0/aopalliance-1.0.jar:/home/user/.m2/repository/com/google/inject/extensions/guice-servlet/4.0/guice-servlet-4.0.jar:/home/user/.m2/repository/org/glassfish/jersey/containers/jersey-container-servlet/2.27/jersey-container-servlet-2.27.jar:/home/user/.m2/repository/org/glassfish/hk2/guice-bridge/2.5.0/guice-bridge-2.5.0.jar:/home/user/.m2/repository/org/glassfish/jersey/core/jersey-server/2.27/jersey-server-2.27.jar:/home/user/.m2/repository/org/glassfish/jersey/core/jersey-client/2.27/jersey-client-2.27.jar:/home/user/.m2/repository/org/glassfish/jersey/media/jersey-media-jaxb/2.27/jersey-media-jaxb-2.27.jar:/home/user/.m2/repository/javax/validation/validation-api/1.1.0.Final/validation-api-1.1.0.Final.jar:/home/user/.m2/repository/org/glassfish/jersey/media/jersey-media-json-jackson/2.27/jersey-media-json-jackson-2.27.jar:/home/user/.m2/repository/org/glassfish/jersey/ext/jersey-entity-filtering/2.27/jersey-entity-filtering-2.27.jar:/home/user/.m2/repository/com/google/inject/extensions/guice-assistedinject/4.0/guice-assistedinject-4.0.jar:/home/user/.m2/repository/org/jooq/jooq/3.11.10/jooq-3.11.10.jar:/home/user/.m2/repository/org/jooq/jooq-meta/3.11.10/jooq-meta-3.11.10.jar:/home/user/.m2/repository/org/jooq/jooq-codegen/3.11.10/jooq-codegen-3.11.10.jar:/home/user/.m2/repository/com/jolbox/bonecp/0.8.0.RELEASE/bonecp-0.8.0.RELEASE.jar:/home/user/.m2/repository/org/xerial/sqlite-jdbc/3.25.2/sqlite-jdbc-3.25.2.jar:/home/user/.m2/repository/org/springframework/spring-jdbc/5.1.3.RELEASE/spring-jdbc-5.1.3.RELEASE.jar:/home/user/.m2/repository/org/springframework/spring-beans/5.1.3.RELEASE/spring-beans-5.1.3.RELEASE.jar:/home/user/.m2/repository/org/springframework/spring-core/5.1.3.RELEASE/spring-core-5.1.3.RELEASE.jar:/home/user/.m2/repository/org/springframework/spring-jcl/5.1.3.RELEASE/spring-jcl-5.1.3.RELEASE.jar:/home/user/.m2/repository/org/springframework/spring-tx/5.1.3.RELEASE/spring-tx-5.1.3.RELEASE.jar:/home/user/.m2/repository/org/apache/hadoop/hadoop-ozone-client/0.5.0-SNAPSHOT/hadoop-ozone-client-0.5.0-SNAPSHOT.jar:/home/user/.m2/repository/commons-lang/commons-lang/2.6/commons-lang-2.6.jar:/home/user/.m2/repository/org/apache/hadoop/hadoop-ozone-ozone-manager/0.5.0-SNAPSHOT/hadoop-ozone-ozone-manager-0.5.0-SNAPSHOT-tests.jar:/home/user/.m2/repository/junit/junit/4.11/junit-4.11.jar:/home/user/.m2/repository/org/hamcrest/hamcrest-core/1.3/hamcrest-core-1.3.jar:/home/user/.m2/repository/org/openjdk/jmh/jmh-core/1.19/jmh-core-1.19.jar:/home/user/.m2/repository/net/sf/jopt-simple/jopt-simple/4.6/jopt-simple-4.6.jar:/home/user/.m2/repository/org/apache/commons/commons-math3/3.1.1/commons-math3-3.1.1.jar:/home/user/.m2/repository/org/openjdk/jmh/jmh-generator-annprocess/1.19/jmh-generator-annprocess-1.19.jar:/home/user/.m2/repository/org/mockito/mockito-all/1.8.5/mockito-all-1.8.5.jar:/home/user/.m2/repository/org/apache/hadoop/hadoop-kms/3.2.0/hadoop-kms-3.2.0.jar:/home/user/.m2/repository/org/apache/hadoop/hadoop-auth/3.2.0/hadoop-auth-3.2.0.jar:/home/user/.m2/repository/com/nimbusds/nimbus-jose-jwt/4.41.1/nimbus-jose-jwt-4.41.1.jar:/home/user/.m2/repository/com/github/stephenc/jcip/jcip-annotations/1.0-1/jcip-annotations-1.0-1.jar:/home/user/.m2/repository/net/minidev/json-smart/2.3/json-smart-2.3.jar:/home/user/.m2/repository/net/minidev/accessors-smart/1.2/accessors-smart-1.2.jar:/home/user/.m2/repository/org/ow2/asm/asm/5.0.4/asm-5.0.4.jar:/home/user/.m2/repository/org/apache/curator/curator-framework/2.12.0/curator-framework-2.12.0.jar:/home/user/.m2/repository/com/sun/jersey/jersey-core/1.19/jersey-core-1.19.jar:/home/user/.m2/repository/javax/ws/rs/jsr311-api/1.1.1/jsr311-api-1.1.1.jar:/home/user/.m2/repository/com/sun/jersey/jersey-server/1.19/jersey-server-1.19.jar:/home/user/.m2/repository/javax/servlet/javax.servlet-api/3.1.0/javax.servlet-api-3.1.0.jar:/home/user/.m2/repository/org/eclipse/jetty/jetty-server/9.3.24.v20180605/jetty-server-9.3.24.v20180605.jar:/home/user/.m2/repository/org/eclipse/jetty/jetty-http/9.3.24.v20180605/jetty-http-9.3.24.v20180605.jar:/home/user/.m2/repository/org/eclipse/jetty/jetty-io/9.3.24.v20180605/jetty-io-9.3.24.v20180605.jar:/home/user/.m2/repository/org/eclipse/jetty/jetty-webapp/9.3.24.v20180605/jetty-webapp-9.3.24.v20180605.jar:/home/user/.m2/repository/org/eclipse/jetty/jetty-xml/9.3.24.v20180605/jetty-xml-9.3.24.v20180605.jar:/home/user/.m2/repository/log4j/log4j/1.2.17/log4j-1.2.17.jar:/home/user/.m2/repository/org/slf4j/slf4j-api/1.7.25/slf4j-api-1.7.25.jar:/home/user/.m2/repository/org/slf4j/jul-to-slf4j/1.7.25/jul-to-slf4j-1.7.25.jar:/home/user/.m2/repository/org/eclipse/jetty/jetty-util/9.3.24.v20180605/jetty-util-9.3.24.v20180605.jar:/home/user/.m2/repository/com/fasterxml/jackson/core/jackson-databind/2.9.5/jackson-databind-2.9.5.jar:/home/user/.m2/repository/org/apache/hadoop/hadoop-kms/3.2.0/hadoop-kms-3.2.0-tests.jar:/home/user/.m2/repository/org/apache/hadoop/hadoop-hdds-server-scm/0.5.0-SNAPSHOT/hadoop-hdds-server-scm-0.5.0-SNAPSHOT-tests.jar:/home/user/.m2/repository/org/apache/hadoop/hadoop-hdds-container-service/0.5.0-SNAPSHOT/hadoop-hdds-container-service-0.5.0-SNAPSHOT-tests.jar:/home/user/.m2/repository/org/yaml/snakeyaml/1.16/snakeyaml-1.16.jar:/home/user/.m2/repository/org/apache/hadoop/hadoop-common/3.2.0/hadoop-common-3.2.0-tests.jar:/home/user/.m2/repository/org/apache/hadoop/hadoop-annotations/3.2.0/hadoop-annotations-3.2.0.jar:/usr/lib/jvm/java-1.8-openjdk/jre/../lib/tools.jar:/home/user/.m2/repository/commons-cli/commons-cli/1.2/commons-cli-1.2.jar:/home/user/.m2/repository/org/apache/httpcomponents/httpclient/4.5.2/httpclient-4.5.2.jar:/home/user/.m2/repository/org/apache/httpcomponents/httpcore/4.4.4/httpcore-4.4.4.jar:/home/user/.m2/repository/commons-codec/commons-codec/1.11/commons-codec-1.11.jar:/home/user/.m2/repository/commons-net/commons-net/3.6/commons-net-3.6.jar:/home/user/.m2/repository/commons-collections/commons-collections/3.2.2/commons-collections-3.2.2.jar:/home/user/.m2/repository/org/eclipse/jetty/jetty-servlet/9.3.24.v20180605/jetty-servlet-9.3.24.v20180605.jar:/home/user/.m2/repository/org/eclipse/jetty/jetty-security/9.3.24.v20180605/jetty-security-9.3.24.v20180605.jar:/home/user/.m2/repository/javax/servlet/jsp/jsp-api/2.1/jsp-api-2.1.jar:/home/user/.m2/repository/com/sun/jersey/jersey-servlet/1.19/jersey-servlet-1.19.jar:/home/user/.m2/repository/com/sun/jersey/jersey-json/1.19/jersey-json-1.19.jar:/home/user/.m2/repository/org/codehaus/jettison/jettison/1.1/jettison-1.1.jar:/home/user/.m2/repository/org/codehaus/jackson/jackson-core-asl/1.9.13/jackson-core-asl-1.9.13.jar:/home/user/.m2/repository/org/codehaus/jackson/jackson-mapper-asl/1.9.13/jackson-mapper-asl-1.9.13.jar:/home/user/.m2/repository/org/codehaus/jackson/jackson-jaxrs/1.9.13/jackson-jaxrs-1.9.13.jar:/home/user/.m2/repository/org/codehaus/jackson/jackson-xc/1.9.13/jackson-xc-1.9.13.jar:/home/user/.m2/repository/commons-logging/commons-logging/1.1.3/commons-logging-1.1.3.jar:/home/user/.m2/repository/commons-beanutils/commons-beanutils/1.9.3/commons-beanutils-1.9.3.jar:/home/user/.m2/repository/org/apache/commons/commons-configuration2/2.1.1/commons-configuration2-2.1.1.jar:/home/user/.m2/repository/org/apache/commons/commons-lang3/3.7/commons-lang3-3.7.jar:/home/user/.m2/repository/org/apache/commons/commons-text/1.4/commons-text-1.4.jar:/home/user/.m2/repository/org/apache/avro/avro/1.7.7/avro-1.7.7.jar:/home/user/.m2/repository/com/thoughtworks/paranamer/paranamer/2.3/paranamer-2.3.jar:/home/user/.m2/repository/org/xerial/snappy/snappy-java/1.0.5/snappy-java-1.0.5.jar:/home/user/.m2/repository/com/google/re2j/re2j/1.1/re2j-1.1.jar:/home/user/.m2/repository/com/google/code/gson/gson/2.2.4/gson-2.2.4.jar:/home/user/.m2/repository/com/jcraft/jsch/0.1.54/jsch-0.1.54.jar:/home/user/.m2/repository/org/apache/curator/curator-client/2.12.0/curator-client-2.12.0.jar:/home/user/.m2/repository/org/apache/curator/curator-recipes/2.12.0/curator-recipes-2.12.0.jar:/home/user/.m2/repository/com/google/code/findbugs/jsr305/3.0.0/jsr305-3.0.0.jar:/home/user/.m2/repository/org/apache/htrace/htrace-core4/4.1.0-incubating/htrace-core4-4.1.0-incubating.jar:/home/user/.m2/repository/org/apache/zookeeper/zookeeper/3.4.13/zookeeper-3.4.13.jar:/home/user/.m2/repository/org/apache/yetus/audience-annotations/0.5.0/audience-annotations-0.5.0.jar:/home/user/.m2/repository/org/codehaus/woodstox/stax2-api/3.1.4/stax2-api-3.1.4.jar:/home/user/.m2/repository/com/fasterxml/woodstox/woodstox-core/5.0.3/woodstox-core-5.0.3.jar:/home/user/.m2/repository/dnsjava/dnsjava/2.1.7/dnsjava-2.1.7.jar:/home/user/.m2/repository/org/apache/hadoop/hadoop-hdfs/3.2.0/hadoop-hdfs-3.2.0-tests.jar:/home/user/.m2/repository/org/eclipse/jetty/jetty-util-ajax/9.3.24.v20180605/jetty-util-ajax-9.3.24.v20180605.jar:/home/user/.m2/repository/commons-daemon/commons-daemon/1.0.13/commons-daemon-1.0.13.jar:/home/user/.m2/repository/io/netty/netty/3.10.5.Final/netty-3.10.5.Final.jar:/home/user/.m2/repository/io/netty/netty-all/4.0.52.Final/netty-all-4.0.52.Final.jar:/home/user/.m2/repository/org/fusesource/leveldbjni/leveldbjni-all/1.8/leveldbjni-all-1.8.jar:"/>
    <property name="java.vm.vendor" value="IcedTea"/>
    <property name="sun.arch.data.model" value="64"/>
    <property name="test.build.dir" value="/workdir/hadoop-ozone/integration-test/target/test-dir"/>
    <property name="test.cache.data" value=""/>
    <property name="java.vendor.url" value="https://icedtea.classpath.org"/>
    <property name="user.timezone" value=""/>
    <property name="java.vm.specification.version" value="1.8"/>
    <property name="os.name" value="Linux"/>
    <property name="test.build.data" value="/workdir/hadoop-ozone/integration-test/target/test-dir"/>
    <property name="user.country" value="US"/>
    <property name="sun.java.launcher" value="SUN_STANDARD"/>
    <property name="sun.boot.library.path" value="/usr/lib/jvm/java-1.8-openjdk/jre/lib/amd64"/>
    <property name="sun.java.command" value="/workdir/hadoop-ozone/integration-test/target/surefire/surefirebooter3704799681022849843.jar /workdir/hadoop-ozone/integration-test/target/surefire 2019-08-30T19-31-05_356-jvmRun1 surefire4180987396246607048tmp surefire_208237061816067934696tmp"/>
    <property name="test" value="!TestMiniChaosOzoneCluster"/>
    <property name="surefire.test.class.path" value="/workdir/hadoop-ozone/integration-test/target/test-classes:/workdir/hadoop-ozone/integration-test/target/classes:/home/user/.m2/repository/org/apache/hadoop/hadoop-ozone-common/0.5.0-SNAPSHOT/hadoop-ozone-common-0.5.0-SNAPSHOT.jar:/home/user/.m2/repository/org/apache/commons/commons-compress/1.4.1/commons-compress-1.4.1.jar:/home/user/.m2/repository/org/tukaani/xz/1.0/xz-1.0.jar:/home/user/.m2/repository/org/apache/hadoop/hadoop-common/3.2.0/hadoop-common-3.2.0.jar:/home/user/.m2/repository/org/apache/hadoop/hadoop-hdfs/3.2.0/hadoop-hdfs-3.2.0.jar:/home/user/.m2/repository/org/apache/hadoop/hadoop-hdfs-client/3.2.0/hadoop-hdfs-client-3.2.0.jar:/home/user/.m2/repository/com/fasterxml/jackson/core/jackson-annotations/2.9.5/jackson-annotations-2.9.5.jar:/home/user/.m2/repository/org/apache/hadoop/hadoop-hdds-common/0.5.0-SNAPSHOT/hadoop-hdds-common-0.5.0-SNAPSHOT.jar:/home/user/.m2/repository/javax/annotation/javax.annotation-api/1.2/javax.annotation-api-1.2.jar:/home/user/.m2/repository/org/apache/ratis/ratis-server/0.4.0-2337318-SNAPSHOT/ratis-server-0.4.0-2337318-SNAPSHOT.jar:/home/user/.m2/repository/org/apache/ratis/ratis-thirdparty-misc/0.2.0/ratis-thirdparty-misc-0.2.0.jar:/home/user/.m2/repository/org/apache/ratis/ratis-proto/0.4.0-2337318-SNAPSHOT/ratis-proto-0.4.0-2337318-SNAPSHOT.jar:/home/user/.m2/repository/org/apache/ratis/ratis-common/0.4.0-2337318-SNAPSHOT/ratis-common-0.4.0-2337318-SNAPSHOT.jar:/home/user/.m2/repository/org/apache/ratis/ratis-client/0.4.0-2337318-SNAPSHOT/ratis-client-0.4.0-2337318-SNAPSHOT.jar:/home/user/.m2/repository/org/apache/ratis/ratis-metrics/0.4.0-2337318-SNAPSHOT/ratis-metrics-0.4.0-2337318-SNAPSHOT.jar:/home/user/.m2/repository/org/apache/ratis/ratis-netty/0.4.0-2337318-SNAPSHOT/ratis-netty-0.4.0-2337318-SNAPSHOT.jar:/home/user/.m2/repository/org/apache/ratis/ratis-grpc/0.4.0-2337318-SNAPSHOT/ratis-grpc-0.4.0-2337318-SNAPSHOT.jar:/home/user/.m2/repository/org/rocksdb/rocksdbjni/6.0.1/rocksdbjni-6.0.1.jar:/home/user/.m2/repository/org/apache/logging/log4j/log4j-api/2.11.0/log4j-api-2.11.0.jar:/home/user/.m2/repository/org/apache/logging/log4j/log4j-core/2.11.0/log4j-core-2.11.0.jar:/home/user/.m2/repository/com/lmax/disruptor/3.4.2/disruptor-3.4.2.jar:/home/user/.m2/repository/org/apache/commons/commons-pool2/2.6.0/commons-pool2-2.6.0.jar:/home/user/.m2/repository/org/bouncycastle/bcpkix-jdk15on/1.60/bcpkix-jdk15on-1.60.jar:/home/user/.m2/repository/commons-validator/commons-validator/1.6/commons-validator-1.6.jar:/home/user/.m2/repository/commons-digester/commons-digester/1.8.1/commons-digester-1.8.1.jar:/home/user/.m2/repository/io/jaegertracing/jaeger-client/0.33.1/jaeger-client-0.33.1.jar:/home/user/.m2/repository/io/jaegertracing/jaeger-thrift/0.33.1/jaeger-thrift-0.33.1.jar:/home/user/.m2/repository/org/apache/thrift/libthrift/0.11.0/libthrift-0.11.0.jar:/home/user/.m2/repository/com/squareup/okhttp3/okhttp/3.9.0/okhttp-3.9.0.jar:/home/user/.m2/repository/com/squareup/okio/okio/1.13.0/okio-1.13.0.jar:/home/user/.m2/repository/io/jaegertracing/jaeger-core/0.33.1/jaeger-core-0.33.1.jar:/home/user/.m2/repository/io/jaegertracing/jaeger-tracerresolver/0.33.1/jaeger-tracerresolver-0.33.1.jar:/home/user/.m2/repository/io/opentracing/contrib/opentracing-tracerresolver/0.1.5/opentracing-tracerresolver-0.1.5.jar:/home/user/.m2/repository/io/opentracing/opentracing-util/0.31.0/opentracing-util-0.31.0.jar:/home/user/.m2/repository/io/opentracing/opentracing-api/0.31.0/opentracing-api-0.31.0.jar:/home/user/.m2/repository/io/opentracing/opentracing-noop/0.31.0/opentracing-noop-0.31.0.jar:/home/user/.m2/repository/org/apache/hadoop/hadoop-hdds-server-framework/0.5.0-SNAPSHOT/hadoop-hdds-server-framework-0.5.0-SNAPSHOT.jar:/home/user/.m2/repository/org/apache/hadoop/hadoop-hdds-container-service/0.5.0-SNAPSHOT/hadoop-hdds-container-service-0.5.0-SNAPSHOT.jar:/home/user/.m2/repository/org/apache/hadoop/hadoop-hdds-client/0.5.0-SNAPSHOT/hadoop-hdds-client-0.5.0-SNAPSHOT.jar:/home/user/.m2/repository/org/apache/hadoop/hadoop-hdds-tools/0.5.0-SNAPSHOT/hadoop-hdds-tools-0.5.0-SNAPSHOT.jar:/home/user/.m2/repository/org/apache/hadoop/hadoop-hdds-server-scm/0.5.0-SNAPSHOT/hadoop-hdds-server-scm-0.5.0-SNAPSHOT.jar:/home/user/.m2/repository/org/apache/hadoop/hadoop-hdds-docs/0.5.0-SNAPSHOT/hadoop-hdds-docs-0.5.0-SNAPSHOT.jar:/home/user/.m2/repository/io/dropwizard/metrics/metrics-core/3.2.4/metrics-core-3.2.4.jar:/home/user/.m2/repository/org/hamcrest/hamcrest-all/1.3/hamcrest-all-1.3.jar:/home/user/.m2/repository/org/bouncycastle/bcprov-jdk15on/1.60/bcprov-jdk15on-1.60.jar:/home/user/.m2/repository/info/picocli/picocli/3.9.6/picocli-3.9.6.jar:/home/user/.m2/repository/com/google/protobuf/protobuf-java/2.5.0/protobuf-java-2.5.0.jar:/home/user/.m2/repository/com/google/guava/guava/11.0.2/guava-11.0.2.jar:/home/user/.m2/repository/org/apache/hadoop/hadoop-ozone-ozone-manager/0.5.0-SNAPSHOT/hadoop-ozone-ozone-manager-0.5.0-SNAPSHOT.jar:/home/user/.m2/repository/org/apache/hadoop/hadoop-minikdc/3.2.0/hadoop-minikdc-3.2.0.jar:/home/user/.m2/repository/commons-io/commons-io/2.5/commons-io-2.5.jar:/home/user/.m2/repository/org/apache/kerby/kerb-simplekdc/1.0.1/kerb-simplekdc-1.0.1.jar:/home/user/.m2/repository/org/apache/kerby/kerb-client/1.0.1/kerb-client-1.0.1.jar:/home/user/.m2/repository/org/apache/kerby/kerby-config/1.0.1/kerby-config-1.0.1.jar:/home/user/.m2/repository/org/apache/kerby/kerb-core/1.0.1/kerb-core-1.0.1.jar:/home/user/.m2/repository/org/apache/kerby/kerby-pkix/1.0.1/kerby-pkix-1.0.1.jar:/home/user/.m2/repository/org/apache/kerby/kerby-asn1/1.0.1/kerby-asn1-1.0.1.jar:/home/user/.m2/repository/org/apache/kerby/kerby-util/1.0.1/kerby-util-1.0.1.jar:/home/user/.m2/repository/org/apache/kerby/kerb-common/1.0.1/kerb-common-1.0.1.jar:/home/user/.m2/repository/org/apache/kerby/kerb-crypto/1.0.1/kerb-crypto-1.0.1.jar:/home/user/.m2/repository/org/apache/kerby/kerb-util/1.0.1/kerb-util-1.0.1.jar:/home/user/.m2/repository/org/apache/kerby/token-provider/1.0.1/token-provider-1.0.1.jar:/home/user/.m2/repository/org/apache/kerby/kerb-admin/1.0.1/kerb-admin-1.0.1.jar:/home/user/.m2/repository/org/apache/kerby/kerb-server/1.0.1/kerb-server-1.0.1.jar:/home/user/.m2/repository/org/apache/kerby/kerb-identity/1.0.1/kerb-identity-1.0.1.jar:/home/user/.m2/repository/org/apache/kerby/kerby-xdr/1.0.1/kerby-xdr-1.0.1.jar:/home/user/.m2/repository/org/slf4j/slf4j-log4j12/1.7.25/slf4j-log4j12-1.7.25.jar:/home/user/.m2/repository/org/apache/hadoop/hadoop-ozone-s3gateway/0.5.0-SNAPSHOT/hadoop-ozone-s3gateway-0.5.0-SNAPSHOT.jar:/home/user/.m2/repository/org/jboss/weld/servlet/weld-servlet/2.4.7.Final/weld-servlet-2.4.7.Final.jar:/home/user/.m2/repository/org/glassfish/jersey/containers/jersey-container-servlet-core/2.27/jersey-container-servlet-core-2.27.jar:/home/user/.m2/repository/org/glassfish/hk2/external/javax.inject/2.5.0-b42/javax.inject-2.5.0-b42.jar:/home/user/.m2/repository/org/glassfish/jersey/core/jersey-common/2.27/jersey-common-2.27.jar:/home/user/.m2/repository/org/glassfish/hk2/osgi-resource-locator/1.0.1/osgi-resource-locator-1.0.1.jar:/home/user/.m2/repository/javax/ws/rs/javax.ws.rs-api/2.1/javax.ws.rs-api-2.1.jar:/home/user/.m2/repository/org/glassfish/jersey/ext/cdi/jersey-cdi1x/2.27/jersey-cdi1x-2.27.jar:/home/user/.m2/repository/org/glassfish/jersey/inject/jersey-hk2/2.27/jersey-hk2-2.27.jar:/home/user/.m2/repository/org/glassfish/hk2/hk2-locator/2.5.0-b42/hk2-locator-2.5.0-b42.jar:/home/user/.m2/repository/org/javassist/javassist/3.22.0-CR2/javassist-3.22.0-CR2.jar:/home/user/.m2/repository/org/glassfish/hk2/hk2-api/2.5.0/hk2-api-2.5.0.jar:/home/user/.m2/repository/org/glassfish/hk2/external/jakarta.inject/2.5.0/jakarta.inject-2.5.0.jar:/home/user/.m2/repository/org/glassfish/hk2/hk2-utils/2.5.0/hk2-utils-2.5.0.jar:/home/user/.m2/repository/jakarta/annotation/jakarta.annotation-api/1.3.4/jakarta.annotation-api-1.3.4.jar:/home/user/.m2/repository/org/glassfish/hk2/external/aopalliance-repackaged/2.5.0/aopalliance-repackaged-2.5.0.jar:/home/user/.m2/repository/com/fasterxml/jackson/dataformat/jackson-dataformat-xml/2.9.0/jackson-dataformat-xml-2.9.0.jar:/home/user/.m2/repository/com/fasterxml/jackson/core/jackson-core/2.9.5/jackson-core-2.9.5.jar:/home/user/.m2/repository/com/fasterxml/jackson/module/jackson-module-jaxb-annotations/2.9.5/jackson-module-jaxb-annotations-2.9.5.jar:/home/user/.m2/repository/javax/enterprise/cdi-api/1.2/cdi-api-1.2.jar:/home/user/.m2/repository/javax/el/javax.el-api/3.0.0/javax.el-api-3.0.0.jar:/home/user/.m2/repository/javax/interceptor/javax.interceptor-api/1.2/javax.interceptor-api-1.2.jar:/home/user/.m2/repository/javax/inject/javax.inject/1/javax.inject-1.jar:/home/user/.m2/repository/com/sun/xml/bind/jaxb-impl/2.3.0.1/jaxb-impl-2.3.0.1.jar:/home/user/.m2/repository/com/sun/xml/bind/jaxb-core/2.3.0.1/jaxb-core-2.3.0.1.jar:/home/user/.m2/repository/javax/xml/bind/jaxb-api/2.3.0/jaxb-api-2.3.0.jar:/home/user/.m2/repository/javax/activation/activation/1.1.1/activation-1.1.1.jar:/home/user/.m2/repository/org/apache/hadoop/hadoop-ozone-csi/0.5.0-SNAPSHOT/hadoop-ozone-csi-0.5.0-SNAPSHOT.jar:/home/user/.m2/repository/com/google/protobuf/protobuf-java-util/3.5.1/protobuf-java-util-3.5.1.jar:/home/user/.m2/repository/org/apache/hadoop/hadoop-hdds-config/0.5.0-SNAPSHOT/hadoop-hdds-config-0.5.0-SNAPSHOT.jar:/home/user/.m2/repository/io/grpc/grpc-netty/1.17.1/grpc-netty-1.17.1.jar:/home/user/.m2/repository/io/grpc/grpc-core/1.17.1/grpc-core-1.17.1.jar:/home/user/.m2/repository/io/grpc/grpc-context/1.17.1/grpc-context-1.17.1.jar:/home/user/.m2/repository/com/google/errorprone/error_prone_annotations/2.2.0/error_prone_annotations-2.2.0.jar:/home/user/.m2/repository/org/codehaus/mojo/animal-sniffer-annotations/1.17/animal-sniffer-annotations-1.17.jar:/home/user/.m2/repository/io/opencensus/opencensus-api/0.17.0/opencensus-api-0.17.0.jar:/home/user/.m2/repository/io/opencensus/opencensus-contrib-grpc-metrics/0.17.0/opencensus-contrib-grpc-metrics-0.17.0.jar:/home/user/.m2/repository/io/netty/netty-codec-http2/4.1.30.Final/netty-codec-http2-4.1.30.Final.jar:/home/user/.m2/repository/io/netty/netty-codec-http/4.1.30.Final/netty-codec-http-4.1.30.Final.jar:/home/user/.m2/repository/io/netty/netty-codec/4.1.30.Final/netty-codec-4.1.30.Final.jar:/home/user/.m2/repository/io/netty/netty-handler/4.1.30.Final/netty-handler-4.1.30.Final.jar:/home/user/.m2/repository/io/netty/netty-handler-proxy/4.1.30.Final/netty-handler-proxy-4.1.30.Final.jar:/home/user/.m2/repository/io/netty/netty-codec-socks/4.1.30.Final/netty-codec-socks-4.1.30.Final.jar:/home/user/.m2/repository/io/netty/netty-transport-native-epoll/4.1.30.Final/netty-transport-native-epoll-4.1.30.Final.jar:/home/user/.m2/repository/io/netty/netty-common/4.1.30.Final/netty-common-4.1.30.Final.jar:/home/user/.m2/repository/io/netty/netty-buffer/4.1.30.Final/netty-buffer-4.1.30.Final.jar:/home/user/.m2/repository/io/netty/netty-transport/4.1.30.Final/netty-transport-4.1.30.Final.jar:/home/user/.m2/repository/io/netty/netty-resolver/4.1.30.Final/netty-resolver-4.1.30.Final.jar:/home/user/.m2/repository/io/netty/netty-transport-native-unix-common/4.1.30.Final/netty-transport-native-unix-common-4.1.30.Final.jar:/home/user/.m2/repository/io/grpc/grpc-protobuf/1.17.1/grpc-protobuf-1.17.1.jar:/home/user/.m2/repository/com/google/api/grpc/proto-google-common-protos/1.0.0/proto-google-common-protos-1.0.0.jar:/home/user/.m2/repository/io/grpc/grpc-protobuf-lite/1.17.1/grpc-protobuf-lite-1.17.1.jar:/home/user/.m2/repository/io/grpc/grpc-stub/1.17.1/grpc-stub-1.17.1.jar:/home/user/.m2/repository/org/apache/hadoop/hadoop-ozone-recon/0.5.0-SNAPSHOT/hadoop-ozone-recon-0.5.0-SNAPSHOT.jar:/home/user/.m2/repository/org/apache/hadoop/hadoop-ozone-reconcodegen/0.5.0-SNAPSHOT/hadoop-ozone-reconcodegen-0.5.0-SNAPSHOT.jar:/home/user/.m2/repository/com/google/inject/extensions/guice-multibindings/4.0/guice-multibindings-4.0.jar:/home/user/.m2/repository/com/google/inject/guice/4.0/guice-4.0.jar:/home/user/.m2/repository/aopalliance/aopalliance/1.0/aopalliance-1.0.jar:/home/user/.m2/repository/com/google/inject/extensions/guice-servlet/4.0/guice-servlet-4.0.jar:/home/user/.m2/repository/org/glassfish/jersey/containers/jersey-container-servlet/2.27/jersey-container-servlet-2.27.jar:/home/user/.m2/repository/org/glassfish/hk2/guice-bridge/2.5.0/guice-bridge-2.5.0.jar:/home/user/.m2/repository/org/glassfish/jersey/core/jersey-server/2.27/jersey-server-2.27.jar:/home/user/.m2/repository/org/glassfish/jersey/core/jersey-client/2.27/jersey-client-2.27.jar:/home/user/.m2/repository/org/glassfish/jersey/media/jersey-media-jaxb/2.27/jersey-media-jaxb-2.27.jar:/home/user/.m2/repository/javax/validation/validation-api/1.1.0.Final/validation-api-1.1.0.Final.jar:/home/user/.m2/repository/org/glassfish/jersey/media/jersey-media-json-jackson/2.27/jersey-media-json-jackson-2.27.jar:/home/user/.m2/repository/org/glassfish/jersey/ext/jersey-entity-filtering/2.27/jersey-entity-filtering-2.27.jar:/home/user/.m2/repository/com/google/inject/extensions/guice-assistedinject/4.0/guice-assistedinject-4.0.jar:/home/user/.m2/repository/org/jooq/jooq/3.11.10/jooq-3.11.10.jar:/home/user/.m2/repository/org/jooq/jooq-meta/3.11.10/jooq-meta-3.11.10.jar:/home/user/.m2/repository/org/jooq/jooq-codegen/3.11.10/jooq-codegen-3.11.10.jar:/home/user/.m2/repository/com/jolbox/bonecp/0.8.0.RELEASE/bonecp-0.8.0.RELEASE.jar:/home/user/.m2/repository/org/xerial/sqlite-jdbc/3.25.2/sqlite-jdbc-3.25.2.jar:/home/user/.m2/repository/org/springframework/spring-jdbc/5.1.3.RELEASE/spring-jdbc-5.1.3.RELEASE.jar:/home/user/.m2/repository/org/springframework/spring-beans/5.1.3.RELEASE/spring-beans-5.1.3.RELEASE.jar:/home/user/.m2/repository/org/springframework/spring-core/5.1.3.RELEASE/spring-core-5.1.3.RELEASE.jar:/home/user/.m2/repository/org/springframework/spring-jcl/5.1.3.RELEASE/spring-jcl-5.1.3.RELEASE.jar:/home/user/.m2/repository/org/springframework/spring-tx/5.1.3.RELEASE/spring-tx-5.1.3.RELEASE.jar:/home/user/.m2/repository/org/apache/hadoop/hadoop-ozone-client/0.5.0-SNAPSHOT/hadoop-ozone-client-0.5.0-SNAPSHOT.jar:/home/user/.m2/repository/commons-lang/commons-lang/2.6/commons-lang-2.6.jar:/home/user/.m2/repository/org/apache/hadoop/hadoop-ozone-ozone-manager/0.5.0-SNAPSHOT/hadoop-ozone-ozone-manager-0.5.0-SNAPSHOT-tests.jar:/home/user/.m2/repository/junit/junit/4.11/junit-4.11.jar:/home/user/.m2/repository/org/hamcrest/hamcrest-core/1.3/hamcrest-core-1.3.jar:/home/user/.m2/repository/org/openjdk/jmh/jmh-core/1.19/jmh-core-1.19.jar:/home/user/.m2/repository/net/sf/jopt-simple/jopt-simple/4.6/jopt-simple-4.6.jar:/home/user/.m2/repository/org/apache/commons/commons-math3/3.1.1/commons-math3-3.1.1.jar:/home/user/.m2/repository/org/openjdk/jmh/jmh-generator-annprocess/1.19/jmh-generator-annprocess-1.19.jar:/home/user/.m2/repository/org/mockito/mockito-all/1.8.5/mockito-all-1.8.5.jar:/home/user/.m2/repository/org/apache/hadoop/hadoop-kms/3.2.0/hadoop-kms-3.2.0.jar:/home/user/.m2/repository/org/apache/hadoop/hadoop-auth/3.2.0/hadoop-auth-3.2.0.jar:/home/user/.m2/repository/com/nimbusds/nimbus-jose-jwt/4.41.1/nimbus-jose-jwt-4.41.1.jar:/home/user/.m2/repository/com/github/stephenc/jcip/jcip-annotations/1.0-1/jcip-annotations-1.0-1.jar:/home/user/.m2/repository/net/minidev/json-smart/2.3/json-smart-2.3.jar:/home/user/.m2/repository/net/minidev/accessors-smart/1.2/accessors-smart-1.2.jar:/home/user/.m2/repository/org/ow2/asm/asm/5.0.4/asm-5.0.4.jar:/home/user/.m2/repository/org/apache/curator/curator-framework/2.12.0/curator-framework-2.12.0.jar:/home/user/.m2/repository/com/sun/jersey/jersey-core/1.19/jersey-core-1.19.jar:/home/user/.m2/repository/javax/ws/rs/jsr311-api/1.1.1/jsr311-api-1.1.1.jar:/home/user/.m2/repository/com/sun/jersey/jersey-server/1.19/jersey-server-1.19.jar:/home/user/.m2/repository/javax/servlet/javax.servlet-api/3.1.0/javax.servlet-api-3.1.0.jar:/home/user/.m2/repository/org/eclipse/jetty/jetty-server/9.3.24.v20180605/jetty-server-9.3.24.v20180605.jar:/home/user/.m2/repository/org/eclipse/jetty/jetty-http/9.3.24.v20180605/jetty-http-9.3.24.v20180605.jar:/home/user/.m2/repository/org/eclipse/jetty/jetty-io/9.3.24.v20180605/jetty-io-9.3.24.v20180605.jar:/home/user/.m2/repository/org/eclipse/jetty/jetty-webapp/9.3.24.v20180605/jetty-webapp-9.3.24.v20180605.jar:/home/user/.m2/repository/org/eclipse/jetty/jetty-xml/9.3.24.v20180605/jetty-xml-9.3.24.v20180605.jar:/home/user/.m2/repository/log4j/log4j/1.2.17/log4j-1.2.17.jar:/home/user/.m2/repository/org/slf4j/slf4j-api/1.7.25/slf4j-api-1.7.25.jar:/home/user/.m2/repository/org/slf4j/jul-to-slf4j/1.7.25/jul-to-slf4j-1.7.25.jar:/home/user/.m2/repository/org/eclipse/jetty/jetty-util/9.3.24.v20180605/jetty-util-9.3.24.v20180605.jar:/home/user/.m2/repository/com/fasterxml/jackson/core/jackson-databind/2.9.5/jackson-databind-2.9.5.jar:/home/user/.m2/repository/org/apache/hadoop/hadoop-kms/3.2.0/hadoop-kms-3.2.0-tests.jar:/home/user/.m2/repository/org/apache/hadoop/hadoop-hdds-server-scm/0.5.0-SNAPSHOT/hadoop-hdds-server-scm-0.5.0-SNAPSHOT-tests.jar:/home/user/.m2/repository/org/apache/hadoop/hadoop-hdds-container-service/0.5.0-SNAPSHOT/hadoop-hdds-container-service-0.5.0-SNAPSHOT-tests.jar:/home/user/.m2/repository/org/yaml/snakeyaml/1.16/snakeyaml-1.16.jar:/home/user/.m2/repository/org/apache/hadoop/hadoop-common/3.2.0/hadoop-common-3.2.0-tests.jar:/home/user/.m2/repository/org/apache/hadoop/hadoop-annotations/3.2.0/hadoop-annotations-3.2.0.jar:/usr/lib/jvm/java-1.8-openjdk/jre/../lib/tools.jar:/home/user/.m2/repository/commons-cli/commons-cli/1.2/commons-cli-1.2.jar:/home/user/.m2/repository/org/apache/httpcomponents/httpclient/4.5.2/httpclient-4.5.2.jar:/home/user/.m2/repository/org/apache/httpcomponents/httpcore/4.4.4/httpcore-4.4.4.jar:/home/user/.m2/repository/commons-codec/commons-codec/1.11/commons-codec-1.11.jar:/home/user/.m2/repository/commons-net/commons-net/3.6/commons-net-3.6.jar:/home/user/.m2/repository/commons-collections/commons-collections/3.2.2/commons-collections-3.2.2.jar:/home/user/.m2/repository/org/eclipse/jetty/jetty-servlet/9.3.24.v20180605/jetty-servlet-9.3.24.v20180605.jar:/home/user/.m2/repository/org/eclipse/jetty/jetty-security/9.3.24.v20180605/jetty-security-9.3.24.v20180605.jar:/home/user/.m2/repository/javax/servlet/jsp/jsp-api/2.1/jsp-api-2.1.jar:/home/user/.m2/repository/com/sun/jersey/jersey-servlet/1.19/jersey-servlet-1.19.jar:/home/user/.m2/repository/com/sun/jersey/jersey-json/1.19/jersey-json-1.19.jar:/home/user/.m2/repository/org/codehaus/jettison/jettison/1.1/jettison-1.1.jar:/home/user/.m2/repository/org/codehaus/jackson/jackson-core-asl/1.9.13/jackson-core-asl-1.9.13.jar:/home/user/.m2/repository/org/codehaus/jackson/jackson-mapper-asl/1.9.13/jackson-mapper-asl-1.9.13.jar:/home/user/.m2/repository/org/codehaus/jackson/jackson-jaxrs/1.9.13/jackson-jaxrs-1.9.13.jar:/home/user/.m2/repository/org/codehaus/jackson/jackson-xc/1.9.13/jackson-xc-1.9.13.jar:/home/user/.m2/repository/commons-logging/commons-logging/1.1.3/commons-logging-1.1.3.jar:/home/user/.m2/repository/commons-beanutils/commons-beanutils/1.9.3/commons-beanutils-1.9.3.jar:/home/user/.m2/repository/org/apache/commons/commons-configuration2/2.1.1/commons-configuration2-2.1.1.jar:/home/user/.m2/repository/org/apache/commons/commons-lang3/3.7/commons-lang3-3.7.jar:/home/user/.m2/repository/org/apache/commons/commons-text/1.4/commons-text-1.4.jar:/home/user/.m2/repository/org/apache/avro/avro/1.7.7/avro-1.7.7.jar:/home/user/.m2/repository/com/thoughtworks/paranamer/paranamer/2.3/paranamer-2.3.jar:/home/user/.m2/repository/org/xerial/snappy/snappy-java/1.0.5/snappy-java-1.0.5.jar:/home/user/.m2/repository/com/google/re2j/re2j/1.1/re2j-1.1.jar:/home/user/.m2/repository/com/google/code/gson/gson/2.2.4/gson-2.2.4.jar:/home/user/.m2/repository/com/jcraft/jsch/0.1.54/jsch-0.1.54.jar:/home/user/.m2/repository/org/apache/curator/curator-client/2.12.0/curator-client-2.12.0.jar:/home/user/.m2/repository/org/apache/curator/curator-recipes/2.12.0/curator-recipes-2.12.0.jar:/home/user/.m2/repository/com/google/code/findbugs/jsr305/3.0.0/jsr305-3.0.0.jar:/home/user/.m2/repository/org/apache/htrace/htrace-core4/4.1.0-incubating/htrace-core4-4.1.0-incubating.jar:/home/user/.m2/repository/org/apache/zookeeper/zookeeper/3.4.13/zookeeper-3.4.13.jar:/home/user/.m2/repository/org/apache/yetus/audience-annotations/0.5.0/audience-annotations-0.5.0.jar:/home/user/.m2/repository/org/codehaus/woodstox/stax2-api/3.1.4/stax2-api-3.1.4.jar:/home/user/.m2/repository/com/fasterxml/woodstox/woodstox-core/5.0.3/woodstox-core-5.0.3.jar:/home/user/.m2/repository/dnsjava/dnsjava/2.1.7/dnsjava-2.1.7.jar:/home/user/.m2/repository/org/apache/hadoop/hadoop-hdfs/3.2.0/hadoop-hdfs-3.2.0-tests.jar:/home/user/.m2/repository/org/eclipse/jetty/jetty-util-ajax/9.3.24.v20180605/jetty-util-ajax-9.3.24.v20180605.jar:/home/user/.m2/repository/commons-daemon/commons-daemon/1.0.13/commons-daemon-1.0.13.jar:/home/user/.m2/repository/io/netty/netty/3.10.5.Final/netty-3.10.5.Final.jar:/home/user/.m2/repository/io/netty/netty-all/4.0.52.Final/netty-all-4.0.52.Final.jar:/home/user/.m2/repository/org/fusesource/leveldbjni/leveldbjni-all/1.8/leveldbjni-all-1.8.jar:"/>
    <property name="sun.cpu.endian" value="little"/>
    <property name="user.home" value="/home/user"/>
    <property name="user.language" value="en"/>
    <property name="java.specification.vendor" value="Oracle Corporation"/>
    <property name="java.home" value="/usr/lib/jvm/java-1.8-openjdk/jre"/>
    <property name="java.security.krb5.conf" value="/workdir/hadoop-ozone/integration-test/target/test-classes/krb5.conf"/>
    <property name="basedir" value="/workdir/hadoop-ozone/integration-test"/>
    <property name="file.separator" value="/"/>
    <property name="line.separator" value="&#10;"/>
    <property name="java.vm.specification.vendor" value="Oracle Corporation"/>
    <property name="java.specification.name" value="Java Platform API Specification"/>
    <property name="java.awt.graphicsenv" value="sun.awt.X11GraphicsEnvironment"/>
    <property name="surefire.real.class.path" value="/workdir/hadoop-ozone/integration-test/target/surefire/surefirebooter3704799681022849843.jar"/>
    <property name="hadoop.log.dir" value="/workdir/hadoop-ozone/integration-test/target/log"/>
    <property name="sun.boot.class.path" value="/usr/lib/jvm/java-1.8-openjdk/jre/lib/resources.jar:/usr/lib/jvm/java-1.8-openjdk/jre/lib/rt.jar:/usr/lib/jvm/java-1.8-openjdk/jre/lib/sunrsasign.jar:/usr/lib/jvm/java-1.8-openjdk/jre/lib/jsse.jar:/usr/lib/jvm/java-1.8-openjdk/jre/lib/jce.jar:/usr/lib/jvm/java-1.8-openjdk/jre/lib/charsets.jar:/usr/lib/jvm/java-1.8-openjdk/jre/lib/jfr.jar:/usr/lib/jvm/java-1.8-openjdk/jre/classes"/>
    <property name="sun.management.compiler" value="HotSpot 64-Bit Tiered Compilers"/>
    <property name="java.runtime.version" value="1.8.0_212-b04"/>
    <property name="java.net.preferIPv4Stack" value="true"/>
    <property name="user.name" value="jenkins1000"/>
    <property name="path.separator" value=":"/>
    <property name="java.security.egd" value="file:///dev/urandom"/>
    <property name="os.version" value="3.10.0-957.12.2.el7.x86_64"/>
    <property name="java.endorsed.dirs" value="/usr/lib/jvm/java-1.8-openjdk/jre/lib/endorsed"/>
    <property name="java.runtime.name" value="OpenJDK Runtime Environment"/>
    <property name="file.encoding" value="UTF-8"/>
    <property name="java.vm.name" value="OpenJDK 64-Bit Server VM"/>
    <property name="test.build.webapps" value=""/>
    <property name="localRepository" value="/home/user/.m2/repository"/>
    <property name="java.vendor.url.bug" value="https://icedtea.classpath.org/bugzilla"/>
    <property name="java.io.tmpdir" value="/tmp"/>
    <property name="require.test.libhadoop" value=""/>
    <property name="java.version" value="1.8.0_212"/>
    <property name="user.dir" value="/workdir/hadoop-ozone/integration-test"/>
    <property name="os.arch" value="amd64"/>
    <property name="java.vm.specification.name" value="Java Virtual Machine Specification"/>
    <property name="test.build.classes" value="/workdir/hadoop-ozone/integration-test/target/test-classes"/>
    <property name="java.awt.printerjob" value="sun.print.PSPrinterJob"/>
    <property name="sun.os.patch.level" value="unknown"/>
    <property name="hadoop.tmp.dir" value="/workdir/hadoop-ozone/integration-test/target/tmp"/>
    <property name="java.library.path" value="/usr/lib/jvm/java-1.8-openjdk/jre/lib/amd64/server:/usr/lib/jvm/java-1.8-openjdk/jre/lib/amd64:/usr/lib/jvm/java-1.8-openjdk/jre/../lib/amd64:/workdir/hadoop-ozone/integration-test/target/native/target/usr/local/lib:/workdir/hadoop-ozone/integration-test/../../hadoop-common-project/hadoop-common/target/native/target/usr/local/lib:/usr/java/packages/lib/amd64:/usr/lib64:/lib64:/lib:/usr/lib"/>
    <property name="java.vm.info" value="mixed mode"/>
    <property name="java.vendor" value="IcedTea"/>
    <property name="java.vm.version" value="25.212-b04"/>
    <property name="java.ext.dirs" value="/usr/lib/jvm/java-1.8-openjdk/jre/lib/ext:/usr/java/packages/lib/ext"/>
    <property name="sun.io.unicode.encoding" value="UnicodeLittle"/>
    <property name="java.class.version" value="52.0"/>
  </properties>
  <testcase name="test2DatanodesFailure" classname="org.apache.hadoop.ozone.client.rpc.TestBlockOutputStreamWithFailures" time="104.227"/>
  <testcase name="testDatanodeFailureWithPreAllocation" classname="org.apache.hadoop.ozone.client.rpc.TestBlockOutputStreamWithFailures" time="224.915"/>
  <testcase name="testDatanodeFailureWithSingleNodeRatis" classname="org.apache.hadoop.ozone.client.rpc.TestBlockOutputStreamWithFailures" time="224.6"/>
  <testcase name="testWatchForCommitWithSingleNodeRatis" classname="org.apache.hadoop.ozone.client.rpc.TestBlockOutputStreamWithFailures" time="34.975"/>
  <testcase name="testWatchForCommitDatanodeFailure" classname="org.apache.hadoop.ozone.client.rpc.TestBlockOutputStreamWithFailures" time="44.108">
    <failure message="expected:&lt;2&gt; but was:&lt;3&gt;" type="java.lang.AssertionError"><![CDATA[java.lang.AssertionError: expected:<2> but was:<3>
	at org.junit.Assert.fail(Assert.java:88)
	at org.junit.Assert.failNotEquals(Assert.java:743)
	at org.junit.Assert.assertEquals(Assert.java:118)
	at org.junit.Assert.assertEquals(Assert.java:555)
	at org.junit.Assert.assertEquals(Assert.java:542)
	at org.apache.hadoop.ozone.client.rpc.TestBlockOutputStreamWithFailures.testWatchForCommitDatanodeFailure(TestBlockOutputStreamWithFailures.java:366)
	at sun.reflect.NativeMethodAccessorImpl.invoke0(Native Method)
	at sun.reflect.NativeMethodAccessorImpl.invoke(NativeMethodAccessorImpl.java:62)
	at sun.reflect.DelegatingMethodAccessorImpl.invoke(DelegatingMethodAccessorImpl.java:43)
	at java.lang.reflect.Method.invoke(Method.java:498)
	at org.junit.runners.model.FrameworkMethod$1.runReflectiveCall(FrameworkMethod.java:47)
	at org.junit.internal.runners.model.ReflectiveCallable.run(ReflectiveCallable.java:12)
	at org.junit.runners.model.FrameworkMethod.invokeExplosively(FrameworkMethod.java:44)
	at org.junit.internal.runners.statements.InvokeMethod.evaluate(InvokeMethod.java:17)
	at org.junit.internal.runners.statements.RunBefores.evaluate(RunBefores.java:26)
	at org.junit.internal.runners.statements.RunAfters.evaluate(RunAfters.java:27)
	at org.junit.runners.ParentRunner.runLeaf(ParentRunner.java:271)
	at org.junit.runners.BlockJUnit4ClassRunner.runChild(BlockJUnit4ClassRunner.java:70)
	at org.junit.runners.BlockJUnit4ClassRunner.runChild(BlockJUnit4ClassRunner.java:50)
	at org.junit.runners.ParentRunner$3.run(ParentRunner.java:238)
	at org.junit.runners.ParentRunner$1.schedule(ParentRunner.java:63)
	at org.junit.runners.ParentRunner.runChildren(ParentRunner.java:236)
	at org.junit.runners.ParentRunner.access$000(ParentRunner.java:53)
	at org.junit.runners.ParentRunner$2.evaluate(ParentRunner.java:229)
	at org.junit.runners.ParentRunner.run(ParentRunner.java:309)
	at org.apache.maven.surefire.junit4.JUnit4Provider.execute(JUnit4Provider.java:365)
	at org.apache.maven.surefire.junit4.JUnit4Provider.executeWithRerun(JUnit4Provider.java:273)
	at org.apache.maven.surefire.junit4.JUnit4Provider.executeTestSet(JUnit4Provider.java:238)
	at org.apache.maven.surefire.junit4.JUnit4Provider.invoke(JUnit4Provider.java:159)
	at org.apache.maven.surefire.booter.ForkedBooter.invokeProviderInSameClassLoader(ForkedBooter.java:384)
	at org.apache.maven.surefire.booter.ForkedBooter.runSuitesInProcess(ForkedBooter.java:345)
	at org.apache.maven.surefire.booter.ForkedBooter.execute(ForkedBooter.java:126)
	at org.apache.maven.surefire.booter.ForkedBooter.main(ForkedBooter.java:418)
]]></failure>
    <system-out><![CDATA[2019-08-30 19:58:27,121 [main] WARN  server.ServerUtils (ServerUtils.java:getScmDbDir(145)) - ozone.scm.db.dirs is not configured. We recommend adding this setting. Falling back to ozone.metadata.dirs instead.
2019-08-30 19:58:27,148 [main] WARN  server.ServerUtils (ServerUtils.java:getScmDbDir(145)) - ozone.scm.db.dirs is not configured. We recommend adding this setting. Falling back to ozone.metadata.dirs instead.
2019-08-30 19:58:27,148 [main] WARN  server.ServerUtils (ServerUtils.java:getScmDbDir(145)) - ozone.scm.db.dirs is not configured. We recommend adding this setting. Falling back to ozone.metadata.dirs instead.
2019-08-30 19:58:27,149 [main] INFO  db.DBStoreBuilder (DBStoreBuilder.java:addTable(110)) - using custom profile for table: deletedBlocks
2019-08-30 19:58:27,149 [main] INFO  db.DBStoreBuilder (DBStoreBuilder.java:processTables(161)) - Using default column profile:DBProfile.DISK for Table:deletedBlocks
2019-08-30 19:58:27,149 [main] INFO  db.DBStoreBuilder (DBStoreBuilder.java:addTable(110)) - using custom profile for table: validCerts
2019-08-30 19:58:27,149 [main] INFO  db.DBStoreBuilder (DBStoreBuilder.java:processTables(161)) - Using default column profile:DBProfile.DISK for Table:validCerts
2019-08-30 19:58:27,150 [main] INFO  db.DBStoreBuilder (DBStoreBuilder.java:addTable(110)) - using custom profile for table: revokedCerts
2019-08-30 19:58:27,150 [main] INFO  db.DBStoreBuilder (DBStoreBuilder.java:processTables(161)) - Using default column profile:DBProfile.DISK for Table:revokedCerts
2019-08-30 19:58:27,150 [main] INFO  db.DBStoreBuilder (DBStoreBuilder.java:addTable(110)) - using custom profile for table: default
2019-08-30 19:58:27,150 [main] INFO  db.DBStoreBuilder (DBStoreBuilder.java:processTables(167)) - Using default column profile:DBProfile.DISK for Table:default
2019-08-30 19:58:27,151 [main] INFO  db.DBStoreBuilder (DBStoreBuilder.java:getDbProfile(198)) - Using default options. DBProfile.DISK
2019-08-30 19:58:27,296 [main] INFO  net.NodeSchemaLoader (NodeSchemaLoader.java:loadSchemaFromFile(125)) - Loading file from sun.misc.CompoundEnumeration@55877274
2019-08-30 19:58:27,297 [main] INFO  net.NodeSchemaLoader (NodeSchemaLoader.java:loadSchema(171)) - Loading network topology layer schema file
2019-08-30 19:58:27,303 [main] INFO  node.SCMNodeManager (SCMNodeManager.java:<init>(114)) - Entering startup safe mode.
2019-08-30 19:58:27,304 [main] INFO  algorithms.ContainerPlacementPolicyFactory (ContainerPlacementPolicyFactory.java:getPolicy(55)) - Create container placement policy of type org.apache.hadoop.hdds.scm.container.placement.algorithms.SCMContainerPlacementRandom
2019-08-30 19:58:27,304 [main] WARN  server.ServerUtils (ServerUtils.java:getScmDbDir(145)) - ozone.scm.db.dirs is not configured. We recommend adding this setting. Falling back to ozone.metadata.dirs instead.
2019-08-30 19:58:27,365 [main] INFO  pipeline.SCMPipelineManager (SCMPipelineManager.java:initializePipelineState(126)) - No pipeline exists in current db
2019-08-30 19:58:27,365 [main] WARN  server.ServerUtils (ServerUtils.java:getScmDbDir(145)) - ozone.scm.db.dirs is not configured. We recommend adding this setting. Falling back to ozone.metadata.dirs instead.
2019-08-30 19:58:27,449 [main] WARN  events.EventQueue (EventQueue.java:fireEvent(183)) - No event handler registered for event TypedEvent{payloadType=SafeModeStatus, name='SafeModeStatus'}
2019-08-30 19:58:27,450 [main] INFO  ipc.CallQueueManager (CallQueueManager.java:<init>(84)) - Using callQueue: class java.util.concurrent.LinkedBlockingQueue, queueCapacity: 2000, scheduler: class org.apache.hadoop.ipc.DefaultRpcScheduler, ipcBackoff: false.
2019-08-30 19:58:27,451 [Socket Reader #1 for port 39641] INFO  ipc.Server (Server.java:run(1074)) - Starting Socket Reader #1 for port 39641
2019-08-30 19:58:27,453 [main] INFO  ipc.CallQueueManager (CallQueueManager.java:<init>(84)) - Using callQueue: class java.util.concurrent.LinkedBlockingQueue, queueCapacity: 2000, scheduler: class org.apache.hadoop.ipc.DefaultRpcScheduler, ipcBackoff: false.
2019-08-30 19:58:27,453 [Socket Reader #1 for port 36767] INFO  ipc.Server (Server.java:run(1074)) - Starting Socket Reader #1 for port 36767
2019-08-30 19:58:27,455 [main] INFO  ipc.CallQueueManager (CallQueueManager.java:<init>(84)) - Using callQueue: class java.util.concurrent.LinkedBlockingQueue, queueCapacity: 2000, scheduler: class org.apache.hadoop.ipc.DefaultRpcScheduler, ipcBackoff: false.
2019-08-30 19:58:27,456 [Socket Reader #1 for port 39453] INFO  ipc.Server (Server.java:run(1074)) - Starting Socket Reader #1 for port 39453
2019-08-30 19:58:27,458 [main] INFO  hdfs.DFSUtil (DFSUtil.java:httpServerTemplateForNNAndJN(1641)) - Starting Web-server for scm at: http://0.0.0.0:0
2019-08-30 19:58:27,460 [main] INFO  server.AuthenticationFilter (AuthenticationFilter.java:constructSecretProvider(240)) - Unable to initialize FileSignerSecretProvider, falling back to use random secrets.
2019-08-30 19:58:27,461 [main] WARN  http.HttpRequestLog (HttpRequestLog.java:getRequestLog(97)) - Jetty request log can only be enabled using Log4j
2019-08-30 19:58:27,463 [main] INFO  http.HttpServer2 (HttpServer2.java:addGlobalFilter(975)) - Added global filter 'safety' (class=org.apache.hadoop.http.HttpServer2$QuotingInputFilter)
2019-08-30 19:58:27,464 [main] INFO  http.HttpServer2 (HttpServer2.java:addFilter(948)) - Added filter static_user_filter (class=org.apache.hadoop.http.lib.StaticUserWebFilter$StaticUserFilter) to context scm
2019-08-30 19:58:27,464 [main] INFO  http.HttpServer2 (HttpServer2.java:addFilter(958)) - Added filter static_user_filter (class=org.apache.hadoop.http.lib.StaticUserWebFilter$StaticUserFilter) to context logs
2019-08-30 19:58:27,464 [main] INFO  http.HttpServer2 (HttpServer2.java:addFilter(958)) - Added filter static_user_filter (class=org.apache.hadoop.http.lib.StaticUserWebFilter$StaticUserFilter) to context static
2019-08-30 19:58:27,467 [main] INFO  server.StorageContainerManager (StorageContainerManager.java:start(759)) - StorageContainerLocationProtocol RPC server is listening at /0.0.0.0:39453
2019-08-30 19:58:27,469 [main] WARN  impl.MetricsConfig (MetricsConfig.java:loadFirst(134)) - Cannot locate configuration: tried hadoop-metrics2-storagecontainermanager.properties,hadoop-metrics2.properties
2019-08-30 19:58:27,470 [main] INFO  impl.MetricsSystemImpl (MetricsSystemImpl.java:startTimer(374)) - Scheduled Metric snapshot period at 10 second(s).
2019-08-30 19:58:27,470 [main] INFO  impl.MetricsSystemImpl (MetricsSystemImpl.java:start(191)) - StorageContainerManager metrics system started
2019-08-30 19:58:27,499 [main] WARN  impl.MetricsSystemImpl (MetricsSystemImpl.java:register(276)) - Sink prometheus already exists!
2019-08-30 19:58:27,563 [main] INFO  server.SCMClientProtocolServer (SCMClientProtocolServer.java:start(151)) - RPC server for Client  is listening at /0.0.0.0:39453
2019-08-30 19:58:27,564 [IPC Server Responder] INFO  ipc.Server (Server.java:run(1314)) - IPC Server Responder: starting
2019-08-30 19:58:27,564 [IPC Server listener on 39453] INFO  ipc.Server (Server.java:run(1153)) - IPC Server listener on 39453: starting
2019-08-30 19:58:27,567 [main] INFO  server.StorageContainerManager (StorageContainerManager.java:start(769)) - ScmBlockLocationProtocol RPC server is listening at /0.0.0.0:36767
2019-08-30 19:58:27,568 [main] INFO  server.SCMBlockProtocolServer (SCMBlockProtocolServer.java:start(146)) - RPC server for Block Protocol is listening at /0.0.0.0:36767
2019-08-30 19:58:27,568 [IPC Server Responder] INFO  ipc.Server (Server.java:run(1314)) - IPC Server Responder: starting
2019-08-30 19:58:27,568 [IPC Server listener on 36767] INFO  ipc.Server (Server.java:run(1153)) - IPC Server listener on 36767: starting
2019-08-30 19:58:27,571 [main] INFO  server.StorageContainerManager (StorageContainerManager.java:start(773)) - ScmDatanodeProtocl RPC server is listening at /0.0.0.0:39641
2019-08-30 19:58:27,571 [main] INFO  server.SCMDatanodeProtocolServer (SCMDatanodeProtocolServer.java:start(191)) - RPC server for DataNodes is listening at /0.0.0.0:39641
2019-08-30 19:58:27,572 [IPC Server Responder] INFO  ipc.Server (Server.java:run(1314)) - IPC Server Responder: starting
2019-08-30 19:58:27,572 [IPC Server listener on 39641] INFO  ipc.Server (Server.java:run(1153)) - IPC Server listener on 39641: starting
2019-08-30 19:58:27,575 [main] INFO  http.HttpServer2 (HttpServer2.java:bindListener(1191)) - Jetty bound to port 43803
2019-08-30 19:58:27,576 [main] INFO  server.Server (Server.java:doStart(351)) - jetty-9.3.24.v20180605, build timestamp: 2018-06-05T17:11:56Z, git hash: 84205aa28f11a4f31f2a3b86d1bba2cc8ab69827
2019-08-30 19:58:27,578 [main] INFO  handler.ContextHandler (ContextHandler.java:doStart(781)) - Started o.e.j.s.ServletContextHandler@4f235107{/logs,file:///workdir/hadoop-ozone/integration-test/target/log,AVAILABLE}
2019-08-30 19:58:27,578 [main] INFO  handler.ContextHandler (ContextHandler.java:doStart(781)) - Started o.e.j.s.ServletContextHandler@1c5d3a37{/static,file:///workdir/hadoop-ozone/integration-test/target/test-classes/webapps/static,AVAILABLE}
2019-08-30 19:58:27,583 [main] INFO  handler.ContextHandler (ContextHandler.java:doStart(781)) - Started o.e.j.w.WebAppContext@5bfc79cb{/,file:///workdir/hadoop-ozone/integration-test/target/test-classes/webapps/scm/,AVAILABLE}{/scm}
2019-08-30 19:58:27,583 [main] INFO  server.AbstractConnector (AbstractConnector.java:doStart(278)) - Started ServerConnector@27ec8754{HTTP/1.1,[http/1.1]}{0.0.0.0:43803}
2019-08-30 19:58:27,584 [main] INFO  server.Server (Server.java:doStart(419)) - Started @589792ms
2019-08-30 19:58:27,584 [main] WARN  impl.MetricsSystemImpl (MetricsSystemImpl.java:register(276)) - Sink prometheus already exists!
2019-08-30 19:58:27,585 [main] INFO  server.BaseHttpServer (BaseHttpServer.java:updateConnectorAddress(215)) - HTTP server of SCM is listening at http://0.0.0.0:43803
2019-08-30 19:58:27,586 [main] WARN  server.ServerUtils (ServerUtils.java:getDBPath(222)) - ozone.om.db.dirs is not configured. We recommend adding this setting. Falling back to ozone.metadata.dirs instead.
2019-08-30 19:58:27,587 [org.apache.hadoop.util.JvmPauseMonitor$Monitor@19662208] INFO  util.JvmPauseMonitor (JvmPauseMonitor.java:run(188)) - Starting JVM pause monitor
2019-08-30 19:58:27,622 [main] WARN  server.ServerUtils (ServerUtils.java:getDBPath(222)) - ozone.om.db.dirs is not configured. We recommend adding this setting. Falling back to ozone.metadata.dirs instead.
2019-08-30 19:58:27,622 [main] WARN  server.ServerUtils (ServerUtils.java:getDBPath(222)) - ozone.om.db.dirs is not configured. We recommend adding this setting. Falling back to ozone.metadata.dirs instead.
2019-08-30 19:58:27,623 [main] INFO  om.OzoneManager (OzoneManager.java:setOMNodeDetails(649)) - OM Service ID is not set. Setting it to the default ID: omServiceIdDefault
2019-08-30 19:58:27,623 [main] INFO  om.OzoneManager (OzoneManager.java:setOMNodeDetails(655)) - OM Node ID is not set. Setting it to the OmStorage's OmID: 9915c54e-af32-472b-a865-9cd93b8a061f
2019-08-30 19:58:27,623 [main] INFO  om.OzoneManager (OzoneManager.java:loadOMHAConfigs(606)) - Found matching OM address with OMServiceId: null, OMNodeId: null, RPC Address: localhost:0 and Ratis port: 9872
2019-08-30 19:58:27,629 | INFO  | SCMAudit | user=jenkins1000 | ip=192.168.5.161 | op=GET_SCM_INFO null | ret=SUCCESS |  
2019-08-30 19:58:27,632 [main] WARN  server.ServerUtils (ServerUtils.java:getDBPath(222)) - ozone.om.db.dirs is not configured. We recommend adding this setting. Falling back to ozone.metadata.dirs instead.
2019-08-30 19:58:27,632 [main] INFO  db.DBStoreBuilder (DBStoreBuilder.java:addTable(110)) - using custom profile for table: userTable
2019-08-30 19:58:27,633 [main] INFO  db.DBStoreBuilder (DBStoreBuilder.java:processTables(161)) - Using default column profile:DBProfile.DISK for Table:userTable
2019-08-30 19:58:27,633 [main] INFO  db.DBStoreBuilder (DBStoreBuilder.java:addTable(110)) - using custom profile for table: volumeTable
2019-08-30 19:58:27,633 [main] INFO  db.DBStoreBuilder (DBStoreBuilder.java:processTables(161)) - Using default column profile:DBProfile.DISK for Table:volumeTable
2019-08-30 19:58:27,634 [main] INFO  db.DBStoreBuilder (DBStoreBuilder.java:addTable(110)) - using custom profile for table: bucketTable
2019-08-30 19:58:27,634 [main] INFO  db.DBStoreBuilder (DBStoreBuilder.java:processTables(161)) - Using default column profile:DBProfile.DISK for Table:bucketTable
2019-08-30 19:58:27,634 [main] INFO  db.DBStoreBuilder (DBStoreBuilder.java:addTable(110)) - using custom profile for table: keyTable
2019-08-30 19:58:27,634 [main] INFO  db.DBStoreBuilder (DBStoreBuilder.java:processTables(161)) - Using default column profile:DBProfile.DISK for Table:keyTable
2019-08-30 19:58:27,635 [main] INFO  db.DBStoreBuilder (DBStoreBuilder.java:addTable(110)) - using custom profile for table: deletedTable
2019-08-30 19:58:27,635 [main] INFO  db.DBStoreBuilder (DBStoreBuilder.java:processTables(161)) - Using default column profile:DBProfile.DISK for Table:deletedTable
2019-08-30 19:58:27,635 [main] INFO  db.DBStoreBuilder (DBStoreBuilder.java:addTable(110)) - using custom profile for table: openKeyTable
2019-08-30 19:58:27,636 [main] INFO  db.DBStoreBuilder (DBStoreBuilder.java:processTables(161)) - Using default column profile:DBProfile.DISK for Table:openKeyTable
2019-08-30 19:58:27,636 [main] INFO  db.DBStoreBuilder (DBStoreBuilder.java:addTable(110)) - using custom profile for table: s3Table
2019-08-30 19:58:27,636 [main] INFO  db.DBStoreBuilder (DBStoreBuilder.java:processTables(161)) - Using default column profile:DBProfile.DISK for Table:s3Table
2019-08-30 19:58:27,636 [main] INFO  db.DBStoreBuilder (DBStoreBuilder.java:addTable(110)) - using custom profile for table: multipartInfoTable
2019-08-30 19:58:27,637 [main] INFO  db.DBStoreBuilder (DBStoreBuilder.java:processTables(161)) - Using default column profile:DBProfile.DISK for Table:multipartInfoTable
2019-08-30 19:58:27,637 [main] INFO  db.DBStoreBuilder (DBStoreBuilder.java:addTable(110)) - using custom profile for table: dTokenTable
2019-08-30 19:58:27,637 [main] INFO  db.DBStoreBuilder (DBStoreBuilder.java:processTables(161)) - Using default column profile:DBProfile.DISK for Table:dTokenTable
2019-08-30 19:58:27,638 [main] INFO  db.DBStoreBuilder (DBStoreBuilder.java:addTable(110)) - using custom profile for table: s3SecretTable
2019-08-30 19:58:27,638 [main] INFO  db.DBStoreBuilder (DBStoreBuilder.java:processTables(161)) - Using default column profile:DBProfile.DISK for Table:s3SecretTable
2019-08-30 19:58:27,638 [main] INFO  db.DBStoreBuilder (DBStoreBuilder.java:addTable(110)) - using custom profile for table: prefixTable
2019-08-30 19:58:27,638 [main] INFO  db.DBStoreBuilder (DBStoreBuilder.java:processTables(161)) - Using default column profile:DBProfile.DISK for Table:prefixTable
2019-08-30 19:58:27,639 [main] INFO  db.DBStoreBuilder (DBStoreBuilder.java:addTable(110)) - using custom profile for table: default
2019-08-30 19:58:27,639 [main] INFO  db.DBStoreBuilder (DBStoreBuilder.java:processTables(167)) - Using default column profile:DBProfile.DISK for Table:default
2019-08-30 19:58:27,639 [main] INFO  db.DBStoreBuilder (DBStoreBuilder.java:getDbProfile(198)) - Using default options. DBProfile.DISK
2019-08-30 19:58:28,141 [main] INFO  ipc.CallQueueManager (CallQueueManager.java:<init>(84)) - Using callQueue: class java.util.concurrent.LinkedBlockingQueue, queueCapacity: 2000, scheduler: class org.apache.hadoop.ipc.DefaultRpcScheduler, ipcBackoff: false.
2019-08-30 19:58:28,142 [Socket Reader #1 for port 35946] INFO  ipc.Server (Server.java:run(1074)) - Starting Socket Reader #1 for port 35946
2019-08-30 19:58:28,160 [main] INFO  om.OzoneManager (OzoneManager.java:start(1240)) - OzoneManager RPC server is listening at localhost/127.0.0.1:35946
2019-08-30 19:58:28,160 [main] INFO  impl.MetricsSystemImpl (MetricsSystemImpl.java:init(158)) - OzoneManager metrics system started (again)
2019-08-30 19:58:28,161 [IPC Server Responder] INFO  ipc.Server (Server.java:run(1314)) - IPC Server Responder: starting
2019-08-30 19:58:28,162 [IPC Server listener on 35946] INFO  ipc.Server (Server.java:run(1153)) - IPC Server listener on 35946: starting
2019-08-30 19:58:28,168 [main] INFO  hdfs.DFSUtil (DFSUtil.java:httpServerTemplateForNNAndJN(1641)) - Starting Web-server for ozoneManager at: http://0.0.0.0:0
2019-08-30 19:58:28,169 [main] INFO  server.AuthenticationFilter (AuthenticationFilter.java:constructSecretProvider(240)) - Unable to initialize FileSignerSecretProvider, falling back to use random secrets.
2019-08-30 19:58:28,170 [main] WARN  http.HttpRequestLog (HttpRequestLog.java:getRequestLog(97)) - Jetty request log can only be enabled using Log4j
2019-08-30 19:58:28,171 [main] INFO  http.HttpServer2 (HttpServer2.java:addGlobalFilter(975)) - Added global filter 'safety' (class=org.apache.hadoop.http.HttpServer2$QuotingInputFilter)
2019-08-30 19:58:28,172 [main] INFO  http.HttpServer2 (HttpServer2.java:addFilter(948)) - Added filter static_user_filter (class=org.apache.hadoop.http.lib.StaticUserWebFilter$StaticUserFilter) to context ozoneManager
2019-08-30 19:58:28,172 [main] INFO  http.HttpServer2 (HttpServer2.java:addFilter(958)) - Added filter static_user_filter (class=org.apache.hadoop.http.lib.StaticUserWebFilter$StaticUserFilter) to context static
2019-08-30 19:58:28,172 [main] INFO  http.HttpServer2 (HttpServer2.java:addFilter(958)) - Added filter static_user_filter (class=org.apache.hadoop.http.lib.StaticUserWebFilter$StaticUserFilter) to context logs
2019-08-30 19:58:28,173 [main] INFO  http.HttpServer2 (HttpServer2.java:bindListener(1191)) - Jetty bound to port 34693
2019-08-30 19:58:28,173 [main] INFO  server.Server (Server.java:doStart(351)) - jetty-9.3.24.v20180605, build timestamp: 2018-06-05T17:11:56Z, git hash: 84205aa28f11a4f31f2a3b86d1bba2cc8ab69827
2019-08-30 19:58:28,175 [main] INFO  handler.ContextHandler (ContextHandler.java:doStart(781)) - Started o.e.j.s.ServletContextHandler@743c3520{/logs,file:///workdir/hadoop-ozone/integration-test/target/log,AVAILABLE}
2019-08-30 19:58:28,175 [main] INFO  handler.ContextHandler (ContextHandler.java:doStart(781)) - Started o.e.j.s.ServletContextHandler@234cd86c{/static,file:///workdir/hadoop-ozone/integration-test/target/test-classes/webapps/static,AVAILABLE}
2019-08-30 19:58:28,179 [main] INFO  handler.ContextHandler (ContextHandler.java:doStart(781)) - Started o.e.j.w.WebAppContext@29c53c4f{/,file:///workdir/hadoop-ozone/integration-test/target/test-classes/webapps/ozoneManager/,AVAILABLE}{/ozoneManager}
2019-08-30 19:58:28,179 [main] INFO  server.AbstractConnector (AbstractConnector.java:doStart(278)) - Started ServerConnector@3009eed7{HTTP/1.1,[http/1.1]}{0.0.0.0:34693}
2019-08-30 19:58:28,179 [main] INFO  server.Server (Server.java:doStart(419)) - Started @590387ms
2019-08-30 19:58:28,180 [main] WARN  impl.MetricsSystemImpl (MetricsSystemImpl.java:register(276)) - Sink prometheus already exists!
2019-08-30 19:58:28,181 [main] INFO  server.BaseHttpServer (BaseHttpServer.java:updateConnectorAddress(215)) - HTTP server of OZONEMANAGER is listening at http://0.0.0.0:34693
2019-08-30 19:58:28,195 [main] INFO  impl.MetricsSystemImpl (MetricsSystemImpl.java:init(158)) - HddsDatanode metrics system started (again)
2019-08-30 19:58:28,197 [main] INFO  ozone.HddsDatanodeService (HddsDatanodeService.java:start(184)) - HddsDatanodeService host:pr-hdds-1909-j96cs-3378088753 ip:192.168.5.161
2019-08-30 19:58:28,204 [main] INFO  volume.HddsVolume (HddsVolume.java:<init>(176)) - Creating Volume: /workdir/hadoop-ozone/integration-test/target/test-dir/MiniOzoneClusterImpl-0ce34326-890c-4745-9fb2-859a42e91411/datanode-0/data/containers/hdds of  storage type : DISK and capacity : 1482555576320
2019-08-30 19:58:28,204 [main] INFO  volume.VolumeSet (VolumeSet.java:initializeVolumeSet(170)) - Added Volume : /workdir/hadoop-ozone/integration-test/target/test-dir/MiniOzoneClusterImpl-0ce34326-890c-4745-9fb2-859a42e91411/datanode-0/data/containers/hdds to VolumeSet
2019-08-30 19:58:28,204 [main] INFO  volume.ThrottledAsyncChecker (ThrottledAsyncChecker.java:schedule(140)) - Scheduling a check for org.apache.hadoop.ozone.container.common.volume.HddsVolume@4a31ed12
2019-08-30 19:58:28,205 [main] INFO  volume.HddsVolumeChecker (HddsVolumeChecker.java:checkAllVolumes(203)) - Scheduled health check for volume org.apache.hadoop.ozone.container.common.volume.HddsVolume@4a31ed12
2019-08-30 19:58:28,218 [main] INFO  impl.RaftServerProxy (ConfUtils.java:logGet(43)) - raft.rpc.type = GRPC (default)
2019-08-30 19:58:28,219 [main] INFO  grpc.GrpcFactory (GrpcFactory.java:checkPooledByteBufAllocatorUseCacheForAllThreads(45)) - PERFORMANCE WARNING: useCacheForAllThreads is true that may cause Netty to create a lot garbage objects and, as a result, trigger GC.
	It is recommended to disable useCacheForAllThreads by setting -Dorg.apache.ratis.thirdparty.io.netty.allocator.useCacheForAllThreads=false in command line.
2019-08-30 19:58:28,219 [main] INFO  grpc.GrpcConfigKeys$Server (ConfUtils.java:logGet(43)) - raft.grpc.server.port = 0 (default)
2019-08-30 19:58:28,219 [main] INFO  server.GrpcService (ConfUtils.java:logGet(43)) - raft.grpc.message.size.max = 33570816 (custom)
2019-08-30 19:58:28,219 [main] INFO  server.RaftServerConfigKeys (ConfUtils.java:logGet(43)) - raft.server.log.appender.buffer.byte-limit = 33554432 (custom)
2019-08-30 19:58:28,219 [main] INFO  server.GrpcService (ConfUtils.java:logGet(43)) - raft.grpc.flow.control.window = 1MB (=1048576) (default)
2019-08-30 19:58:28,220 [main] INFO  server.RaftServerConfigKeys (ConfUtils.java:logGet(43)) - raft.server.rpc.request.timeout = 3000ms (default)
2019-08-30 19:58:28,220 [main] INFO  server.RaftServerConfigKeys (ConfUtils.java:logGet(43)) - raft.server.storage.dir = [/workdir/hadoop-ozone/integration-test/target/test-dir/MiniOzoneClusterImpl-0ce34326-890c-4745-9fb2-859a42e91411/datanode-0/data/ratis] (custom)
2019-08-30 19:58:28,222 [main] INFO  hdfs.DFSUtil (DFSUtil.java:httpServerTemplateForNNAndJN(1641)) - Starting Web-server for hddsDatanode at: http://0.0.0.0:0
2019-08-30 19:58:28,223 [main] INFO  server.AuthenticationFilter (AuthenticationFilter.java:constructSecretProvider(240)) - Unable to initialize FileSignerSecretProvider, falling back to use random secrets.
2019-08-30 19:58:28,223 [main] WARN  http.HttpRequestLog (HttpRequestLog.java:getRequestLog(97)) - Jetty request log can only be enabled using Log4j
2019-08-30 19:58:28,224 [main] INFO  http.HttpServer2 (HttpServer2.java:addGlobalFilter(975)) - Added global filter 'safety' (class=org.apache.hadoop.http.HttpServer2$QuotingInputFilter)
2019-08-30 19:58:28,225 [main] INFO  http.HttpServer2 (HttpServer2.java:addFilter(948)) - Added filter static_user_filter (class=org.apache.hadoop.http.lib.StaticUserWebFilter$StaticUserFilter) to context hddsDatanode
2019-08-30 19:58:28,225 [main] INFO  http.HttpServer2 (HttpServer2.java:addFilter(958)) - Added filter static_user_filter (class=org.apache.hadoop.http.lib.StaticUserWebFilter$StaticUserFilter) to context static
2019-08-30 19:58:28,225 [main] INFO  http.HttpServer2 (HttpServer2.java:addFilter(958)) - Added filter static_user_filter (class=org.apache.hadoop.http.lib.StaticUserWebFilter$StaticUserFilter) to context logs
2019-08-30 19:58:28,226 [main] INFO  http.HttpServer2 (HttpServer2.java:bindListener(1191)) - Jetty bound to port 33650
2019-08-30 19:58:28,226 [main] INFO  server.Server (Server.java:doStart(351)) - jetty-9.3.24.v20180605, build timestamp: 2018-06-05T17:11:56Z, git hash: 84205aa28f11a4f31f2a3b86d1bba2cc8ab69827
2019-08-30 19:58:28,227 [main] INFO  handler.ContextHandler (ContextHandler.java:doStart(781)) - Started o.e.j.s.ServletContextHandler@2aea717c{/logs,file:///workdir/hadoop-ozone/integration-test/target/log,AVAILABLE}
2019-08-30 19:58:28,228 [main] INFO  handler.ContextHandler (ContextHandler.java:doStart(781)) - Started o.e.j.s.ServletContextHandler@1291aab5{/static,jar:file:/home/user/.m2/repository/org/apache/hadoop/hadoop-hdds-container-service/0.5.0-SNAPSHOT/hadoop-hdds-container-service-0.5.0-SNAPSHOT.jar!/webapps/static,AVAILABLE}
2019-08-30 19:58:28,255 [main] INFO  handler.ContextHandler (ContextHandler.java:doStart(781)) - Started o.e.j.w.WebAppContext@17ec335a{/,file:///tmp/jetty-0.0.0.0-33650-hddsDatanode-_-any-5492201684576404447.dir/webapp/,AVAILABLE}{/hddsDatanode}
2019-08-30 19:58:28,255 [main] INFO  server.AbstractConnector (AbstractConnector.java:doStart(278)) - Started ServerConnector@284990de{HTTP/1.1,[http/1.1]}{0.0.0.0:33650}
2019-08-30 19:58:28,255 [main] INFO  server.Server (Server.java:doStart(419)) - Started @590463ms
2019-08-30 19:58:28,257 [main] WARN  impl.MetricsSystemImpl (MetricsSystemImpl.java:register(276)) - Sink prometheus already exists!
2019-08-30 19:58:28,257 [main] INFO  server.BaseHttpServer (BaseHttpServer.java:updateConnectorAddress(215)) - HTTP server of HDDSDATANODE is listening at http://0.0.0.0:33650
2019-08-30 19:58:28,258 [main] INFO  impl.MetricsSystemImpl (MetricsSystemImpl.java:init(158)) - HddsDatanode metrics system started (again)
2019-08-30 19:58:28,260 [main] INFO  ozone.HddsDatanodeService (HddsDatanodeService.java:start(184)) - HddsDatanodeService host:pr-hdds-1909-j96cs-3378088753 ip:192.168.5.161
2019-08-30 19:58:28,260 [org.apache.hadoop.util.JvmPauseMonitor$Monitor@48839c59] INFO  util.JvmPauseMonitor (JvmPauseMonitor.java:run(188)) - Starting JVM pause monitor
2019-08-30 19:58:28,262 [Datanode State Machine Thread - 0] INFO  datanode.InitDatanodeState (InitDatanodeState.java:persistContainerDatanodeDetails(140)) - DatanodeDetails is persisted to /workdir/hadoop-ozone/integration-test/target/test-dir/MiniOzoneClusterImpl-0ce34326-890c-4745-9fb2-859a42e91411/datanode-0/meta/datanode.id
2019-08-30 19:58:28,266 [main] INFO  volume.HddsVolume (HddsVolume.java:<init>(176)) - Creating Volume: /workdir/hadoop-ozone/integration-test/target/test-dir/MiniOzoneClusterImpl-0ce34326-890c-4745-9fb2-859a42e91411/datanode-1/data/containers/hdds of  storage type : DISK and capacity : 1482555576320
2019-08-30 19:58:28,266 [main] INFO  volume.VolumeSet (VolumeSet.java:initializeVolumeSet(170)) - Added Volume : /workdir/hadoop-ozone/integration-test/target/test-dir/MiniOzoneClusterImpl-0ce34326-890c-4745-9fb2-859a42e91411/datanode-1/data/containers/hdds to VolumeSet
2019-08-30 19:58:28,267 [main] INFO  volume.ThrottledAsyncChecker (ThrottledAsyncChecker.java:schedule(140)) - Scheduling a check for org.apache.hadoop.ozone.container.common.volume.HddsVolume@40c8067
2019-08-30 19:58:28,267 [main] INFO  volume.HddsVolumeChecker (HddsVolumeChecker.java:checkAllVolumes(203)) - Scheduled health check for volume org.apache.hadoop.ozone.container.common.volume.HddsVolume@40c8067
2019-08-30 19:58:28,280 [main] INFO  impl.RaftServerProxy (ConfUtils.java:logGet(43)) - raft.rpc.type = GRPC (default)
2019-08-30 19:58:28,280 [main] INFO  grpc.GrpcFactory (GrpcFactory.java:checkPooledByteBufAllocatorUseCacheForAllThreads(45)) - PERFORMANCE WARNING: useCacheForAllThreads is true that may cause Netty to create a lot garbage objects and, as a result, trigger GC.
	It is recommended to disable useCacheForAllThreads by setting -Dorg.apache.ratis.thirdparty.io.netty.allocator.useCacheForAllThreads=false in command line.
2019-08-30 19:58:28,281 [main] INFO  grpc.GrpcConfigKeys$Server (ConfUtils.java:logGet(43)) - raft.grpc.server.port = 0 (default)
2019-08-30 19:58:28,281 [main] INFO  server.GrpcService (ConfUtils.java:logGet(43)) - raft.grpc.message.size.max = 33570816 (custom)
2019-08-30 19:58:28,281 [main] INFO  server.RaftServerConfigKeys (ConfUtils.java:logGet(43)) - raft.server.log.appender.buffer.byte-limit = 33554432 (custom)
2019-08-30 19:58:28,281 [main] INFO  server.GrpcService (ConfUtils.java:logGet(43)) - raft.grpc.flow.control.window = 1MB (=1048576) (default)
2019-08-30 19:58:28,281 [main] INFO  server.RaftServerConfigKeys (ConfUtils.java:logGet(43)) - raft.server.rpc.request.timeout = 3000ms (default)
2019-08-30 19:58:28,282 [main] INFO  server.RaftServerConfigKeys (ConfUtils.java:logGet(43)) - raft.server.storage.dir = [/workdir/hadoop-ozone/integration-test/target/test-dir/MiniOzoneClusterImpl-0ce34326-890c-4745-9fb2-859a42e91411/datanode-1/data/ratis] (custom)
2019-08-30 19:58:28,284 [main] INFO  hdfs.DFSUtil (DFSUtil.java:httpServerTemplateForNNAndJN(1641)) - Starting Web-server for hddsDatanode at: http://0.0.0.0:0
2019-08-30 19:58:28,286 [main] INFO  server.AuthenticationFilter (AuthenticationFilter.java:constructSecretProvider(240)) - Unable to initialize FileSignerSecretProvider, falling back to use random secrets.
2019-08-30 19:58:28,286 [main] WARN  http.HttpRequestLog (HttpRequestLog.java:getRequestLog(97)) - Jetty request log can only be enabled using Log4j
2019-08-30 19:58:28,287 [main] INFO  http.HttpServer2 (HttpServer2.java:addGlobalFilter(975)) - Added global filter 'safety' (class=org.apache.hadoop.http.HttpServer2$QuotingInputFilter)
2019-08-30 19:58:28,287 [main] INFO  http.HttpServer2 (HttpServer2.java:addFilter(948)) - Added filter static_user_filter (class=org.apache.hadoop.http.lib.StaticUserWebFilter$StaticUserFilter) to context hddsDatanode
2019-08-30 19:58:28,288 [main] INFO  http.HttpServer2 (HttpServer2.java:addFilter(958)) - Added filter static_user_filter (class=org.apache.hadoop.http.lib.StaticUserWebFilter$StaticUserFilter) to context static
2019-08-30 19:58:28,288 [main] INFO  http.HttpServer2 (HttpServer2.java:addFilter(958)) - Added filter static_user_filter (class=org.apache.hadoop.http.lib.StaticUserWebFilter$StaticUserFilter) to context logs
2019-08-30 19:58:28,288 [main] INFO  http.HttpServer2 (HttpServer2.java:bindListener(1191)) - Jetty bound to port 38704
2019-08-30 19:58:28,289 [main] INFO  server.Server (Server.java:doStart(351)) - jetty-9.3.24.v20180605, build timestamp: 2018-06-05T17:11:56Z, git hash: 84205aa28f11a4f31f2a3b86d1bba2cc8ab69827
2019-08-30 19:58:28,290 [main] INFO  handler.ContextHandler (ContextHandler.java:doStart(781)) - Started o.e.j.s.ServletContextHandler@27e199ce{/logs,file:///workdir/hadoop-ozone/integration-test/target/log,AVAILABLE}
2019-08-30 19:58:28,290 [main] INFO  handler.ContextHandler (ContextHandler.java:doStart(781)) - Started o.e.j.s.ServletContextHandler@7364f68{/static,jar:file:/home/user/.m2/repository/org/apache/hadoop/hadoop-hdds-container-service/0.5.0-SNAPSHOT/hadoop-hdds-container-service-0.5.0-SNAPSHOT.jar!/webapps/static,AVAILABLE}
2019-08-30 19:58:28,318 [main] INFO  handler.ContextHandler (ContextHandler.java:doStart(781)) - Started o.e.j.w.WebAppContext@4fb57fb3{/,file:///tmp/jetty-0.0.0.0-38704-hddsDatanode-_-any-5914270979087225428.dir/webapp/,AVAILABLE}{/hddsDatanode}
2019-08-30 19:58:28,318 [main] INFO  server.AbstractConnector (AbstractConnector.java:doStart(278)) - Started ServerConnector@6b063470{HTTP/1.1,[http/1.1]}{0.0.0.0:38704}
2019-08-30 19:58:28,318 [main] INFO  server.Server (Server.java:doStart(419)) - Started @590526ms
2019-08-30 19:58:28,320 [main] WARN  impl.MetricsSystemImpl (MetricsSystemImpl.java:register(276)) - Sink prometheus already exists!
2019-08-30 19:58:28,320 [main] INFO  server.BaseHttpServer (BaseHttpServer.java:updateConnectorAddress(215)) - HTTP server of HDDSDATANODE is listening at http://0.0.0.0:38704
2019-08-30 19:58:28,321 [main] INFO  impl.MetricsSystemImpl (MetricsSystemImpl.java:init(158)) - HddsDatanode metrics system started (again)
2019-08-30 19:58:28,323 [org.apache.hadoop.util.JvmPauseMonitor$Monitor@77993f28] INFO  util.JvmPauseMonitor (JvmPauseMonitor.java:run(188)) - Starting JVM pause monitor
2019-08-30 19:58:28,324 [main] INFO  ozone.HddsDatanodeService (HddsDatanodeService.java:start(184)) - HddsDatanodeService host:pr-hdds-1909-j96cs-3378088753 ip:192.168.5.161
2019-08-30 19:58:28,325 [Datanode State Machine Thread - 0] INFO  datanode.InitDatanodeState (InitDatanodeState.java:persistContainerDatanodeDetails(140)) - DatanodeDetails is persisted to /workdir/hadoop-ozone/integration-test/target/test-dir/MiniOzoneClusterImpl-0ce34326-890c-4745-9fb2-859a42e91411/datanode-1/meta/datanode.id
2019-08-30 19:58:28,330 [main] INFO  volume.HddsVolume (HddsVolume.java:<init>(176)) - Creating Volume: /workdir/hadoop-ozone/integration-test/target/test-dir/MiniOzoneClusterImpl-0ce34326-890c-4745-9fb2-859a42e91411/datanode-2/data/containers/hdds of  storage type : DISK and capacity : 1482555576320
2019-08-30 19:58:28,330 [main] INFO  volume.VolumeSet (VolumeSet.java:initializeVolumeSet(170)) - Added Volume : /workdir/hadoop-ozone/integration-test/target/test-dir/MiniOzoneClusterImpl-0ce34326-890c-4745-9fb2-859a42e91411/datanode-2/data/containers/hdds to VolumeSet
2019-08-30 19:58:28,330 [main] INFO  volume.ThrottledAsyncChecker (ThrottledAsyncChecker.java:schedule(140)) - Scheduling a check for org.apache.hadoop.ozone.container.common.volume.HddsVolume@47187f50
2019-08-30 19:58:28,331 [main] INFO  volume.HddsVolumeChecker (HddsVolumeChecker.java:checkAllVolumes(203)) - Scheduled health check for volume org.apache.hadoop.ozone.container.common.volume.HddsVolume@47187f50
2019-08-30 19:58:28,345 [main] INFO  impl.RaftServerProxy (ConfUtils.java:logGet(43)) - raft.rpc.type = GRPC (default)
2019-08-30 19:58:28,345 [main] INFO  grpc.GrpcFactory (GrpcFactory.java:checkPooledByteBufAllocatorUseCacheForAllThreads(45)) - PERFORMANCE WARNING: useCacheForAllThreads is true that may cause Netty to create a lot garbage objects and, as a result, trigger GC.
	It is recommended to disable useCacheForAllThreads by setting -Dorg.apache.ratis.thirdparty.io.netty.allocator.useCacheForAllThreads=false in command line.
2019-08-30 19:58:28,345 [main] INFO  grpc.GrpcConfigKeys$Server (ConfUtils.java:logGet(43)) - raft.grpc.server.port = 0 (default)
2019-08-30 19:58:28,345 [main] INFO  server.GrpcService (ConfUtils.java:logGet(43)) - raft.grpc.message.size.max = 33570816 (custom)
2019-08-30 19:58:28,346 [main] INFO  server.RaftServerConfigKeys (ConfUtils.java:logGet(43)) - raft.server.log.appender.buffer.byte-limit = 33554432 (custom)
2019-08-30 19:58:28,346 [main] INFO  server.GrpcService (ConfUtils.java:logGet(43)) - raft.grpc.flow.control.window = 1MB (=1048576) (default)
2019-08-30 19:58:28,346 [main] INFO  server.RaftServerConfigKeys (ConfUtils.java:logGet(43)) - raft.server.rpc.request.timeout = 3000ms (default)
2019-08-30 19:58:28,346 [main] INFO  server.RaftServerConfigKeys (ConfUtils.java:logGet(43)) - raft.server.storage.dir = [/workdir/hadoop-ozone/integration-test/target/test-dir/MiniOzoneClusterImpl-0ce34326-890c-4745-9fb2-859a42e91411/datanode-2/data/ratis] (custom)
2019-08-30 19:58:28,347 [main] INFO  hdfs.DFSUtil (DFSUtil.java:httpServerTemplateForNNAndJN(1641)) - Starting Web-server for hddsDatanode at: http://0.0.0.0:0
2019-08-30 19:58:28,348 [main] INFO  server.AuthenticationFilter (AuthenticationFilter.java:constructSecretProvider(240)) - Unable to initialize FileSignerSecretProvider, falling back to use random secrets.
2019-08-30 19:58:28,349 [main] WARN  http.HttpRequestLog (HttpRequestLog.java:getRequestLog(97)) - Jetty request log can only be enabled using Log4j
2019-08-30 19:58:28,350 [main] INFO  http.HttpServer2 (HttpServer2.java:addGlobalFilter(975)) - Added global filter 'safety' (class=org.apache.hadoop.http.HttpServer2$QuotingInputFilter)
2019-08-30 19:58:28,350 [main] INFO  http.HttpServer2 (HttpServer2.java:addFilter(948)) - Added filter static_user_filter (class=org.apache.hadoop.http.lib.StaticUserWebFilter$StaticUserFilter) to context hddsDatanode
2019-08-30 19:58:28,351 [main] INFO  http.HttpServer2 (HttpServer2.java:addFilter(958)) - Added filter static_user_filter (class=org.apache.hadoop.http.lib.StaticUserWebFilter$StaticUserFilter) to context logs
2019-08-30 19:58:28,351 [main] INFO  http.HttpServer2 (HttpServer2.java:addFilter(958)) - Added filter static_user_filter (class=org.apache.hadoop.http.lib.StaticUserWebFilter$StaticUserFilter) to context static
2019-08-30 19:58:28,351 [main] INFO  http.HttpServer2 (HttpServer2.java:bindListener(1191)) - Jetty bound to port 34970
2019-08-30 19:58:28,352 [main] INFO  server.Server (Server.java:doStart(351)) - jetty-9.3.24.v20180605, build timestamp: 2018-06-05T17:11:56Z, git hash: 84205aa28f11a4f31f2a3b86d1bba2cc8ab69827
2019-08-30 19:58:28,353 [main] INFO  handler.ContextHandler (ContextHandler.java:doStart(781)) - Started o.e.j.s.ServletContextHandler@256589a1{/logs,file:///workdir/hadoop-ozone/integration-test/target/log,AVAILABLE}
2019-08-30 19:58:28,353 [main] INFO  handler.ContextHandler (ContextHandler.java:doStart(781)) - Started o.e.j.s.ServletContextHandler@9b367c8{/static,jar:file:/home/user/.m2/repository/org/apache/hadoop/hadoop-hdds-container-service/0.5.0-SNAPSHOT/hadoop-hdds-container-service-0.5.0-SNAPSHOT.jar!/webapps/static,AVAILABLE}
2019-08-30 19:58:28,379 [main] INFO  handler.ContextHandler (ContextHandler.java:doStart(781)) - Started o.e.j.w.WebAppContext@6cc48a17{/,file:///tmp/jetty-0.0.0.0-34970-hddsDatanode-_-any-1753796386083054674.dir/webapp/,AVAILABLE}{/hddsDatanode}
2019-08-30 19:58:28,380 [main] INFO  server.AbstractConnector (AbstractConnector.java:doStart(278)) - Started ServerConnector@289f15e9{HTTP/1.1,[http/1.1]}{0.0.0.0:34970}
2019-08-30 19:58:28,381 [main] INFO  server.Server (Server.java:doStart(419)) - Started @590589ms
2019-08-30 19:58:28,381 [main] WARN  impl.MetricsSystemImpl (MetricsSystemImpl.java:register(276)) - Sink prometheus already exists!
2019-08-30 19:58:28,382 [main] INFO  server.BaseHttpServer (BaseHttpServer.java:updateConnectorAddress(215)) - HTTP server of HDDSDATANODE is listening at http://0.0.0.0:34970
2019-08-30 19:58:28,382 [main] INFO  impl.MetricsSystemImpl (MetricsSystemImpl.java:init(158)) - HddsDatanode metrics system started (again)
2019-08-30 19:58:28,385 [org.apache.hadoop.util.JvmPauseMonitor$Monitor@2e9dbf3d] INFO  util.JvmPauseMonitor (JvmPauseMonitor.java:run(188)) - Starting JVM pause monitor
2019-08-30 19:58:28,385 [main] INFO  ozone.HddsDatanodeService (HddsDatanodeService.java:start(184)) - HddsDatanodeService host:pr-hdds-1909-j96cs-3378088753 ip:192.168.5.161
2019-08-30 19:58:28,386 [Datanode State Machine Thread - 0] INFO  datanode.InitDatanodeState (InitDatanodeState.java:persistContainerDatanodeDetails(140)) - DatanodeDetails is persisted to /workdir/hadoop-ozone/integration-test/target/test-dir/MiniOzoneClusterImpl-0ce34326-890c-4745-9fb2-859a42e91411/datanode-2/meta/datanode.id
2019-08-30 19:58:28,390 [main] INFO  volume.HddsVolume (HddsVolume.java:<init>(176)) - Creating Volume: /workdir/hadoop-ozone/integration-test/target/test-dir/MiniOzoneClusterImpl-0ce34326-890c-4745-9fb2-859a42e91411/datanode-3/data/containers/hdds of  storage type : DISK and capacity : 1482555576320
2019-08-30 19:58:28,390 [main] INFO  volume.VolumeSet (VolumeSet.java:initializeVolumeSet(170)) - Added Volume : /workdir/hadoop-ozone/integration-test/target/test-dir/MiniOzoneClusterImpl-0ce34326-890c-4745-9fb2-859a42e91411/datanode-3/data/containers/hdds to VolumeSet
2019-08-30 19:58:28,391 [main] INFO  volume.ThrottledAsyncChecker (ThrottledAsyncChecker.java:schedule(140)) - Scheduling a check for org.apache.hadoop.ozone.container.common.volume.HddsVolume@73a845cb
2019-08-30 19:58:28,391 [main] INFO  volume.HddsVolumeChecker (HddsVolumeChecker.java:checkAllVolumes(203)) - Scheduled health check for volume org.apache.hadoop.ozone.container.common.volume.HddsVolume@73a845cb
2019-08-30 19:58:28,404 [main] INFO  impl.RaftServerProxy (ConfUtils.java:logGet(43)) - raft.rpc.type = GRPC (default)
2019-08-30 19:58:28,405 [main] INFO  grpc.GrpcFactory (GrpcFactory.java:checkPooledByteBufAllocatorUseCacheForAllThreads(45)) - PERFORMANCE WARNING: useCacheForAllThreads is true that may cause Netty to create a lot garbage objects and, as a result, trigger GC.
	It is recommended to disable useCacheForAllThreads by setting -Dorg.apache.ratis.thirdparty.io.netty.allocator.useCacheForAllThreads=false in command line.
2019-08-30 19:58:28,405 [main] INFO  grpc.GrpcConfigKeys$Server (ConfUtils.java:logGet(43)) - raft.grpc.server.port = 0 (default)
2019-08-30 19:58:28,405 [main] INFO  server.GrpcService (ConfUtils.java:logGet(43)) - raft.grpc.message.size.max = 33570816 (custom)
2019-08-30 19:58:28,405 [main] INFO  server.RaftServerConfigKeys (ConfUtils.java:logGet(43)) - raft.server.log.appender.buffer.byte-limit = 33554432 (custom)
2019-08-30 19:58:28,405 [main] INFO  server.GrpcService (ConfUtils.java:logGet(43)) - raft.grpc.flow.control.window = 1MB (=1048576) (default)
2019-08-30 19:58:28,406 [main] INFO  server.RaftServerConfigKeys (ConfUtils.java:logGet(43)) - raft.server.rpc.request.timeout = 3000ms (default)
2019-08-30 19:58:28,406 [main] INFO  server.RaftServerConfigKeys (ConfUtils.java:logGet(43)) - raft.server.storage.dir = [/workdir/hadoop-ozone/integration-test/target/test-dir/MiniOzoneClusterImpl-0ce34326-890c-4745-9fb2-859a42e91411/datanode-3/data/ratis] (custom)
2019-08-30 19:58:28,407 [main] INFO  hdfs.DFSUtil (DFSUtil.java:httpServerTemplateForNNAndJN(1641)) - Starting Web-server for hddsDatanode at: http://0.0.0.0:0
2019-08-30 19:58:28,408 [main] INFO  server.AuthenticationFilter (AuthenticationFilter.java:constructSecretProvider(240)) - Unable to initialize FileSignerSecretProvider, falling back to use random secrets.
2019-08-30 19:58:28,409 [main] WARN  http.HttpRequestLog (HttpRequestLog.java:getRequestLog(97)) - Jetty request log can only be enabled using Log4j
2019-08-30 19:58:28,410 [main] INFO  http.HttpServer2 (HttpServer2.java:addGlobalFilter(975)) - Added global filter 'safety' (class=org.apache.hadoop.http.HttpServer2$QuotingInputFilter)
2019-08-30 19:58:28,410 [main] INFO  http.HttpServer2 (HttpServer2.java:addFilter(948)) - Added filter static_user_filter (class=org.apache.hadoop.http.lib.StaticUserWebFilter$StaticUserFilter) to context hddsDatanode
2019-08-30 19:58:28,411 [main] INFO  http.HttpServer2 (HttpServer2.java:addFilter(958)) - Added filter static_user_filter (class=org.apache.hadoop.http.lib.StaticUserWebFilter$StaticUserFilter) to context logs
2019-08-30 19:58:28,411 [main] INFO  http.HttpServer2 (HttpServer2.java:addFilter(958)) - Added filter static_user_filter (class=org.apache.hadoop.http.lib.StaticUserWebFilter$StaticUserFilter) to context static
2019-08-30 19:58:28,411 [main] INFO  http.HttpServer2 (HttpServer2.java:bindListener(1191)) - Jetty bound to port 36518
2019-08-30 19:58:28,412 [main] INFO  server.Server (Server.java:doStart(351)) - jetty-9.3.24.v20180605, build timestamp: 2018-06-05T17:11:56Z, git hash: 84205aa28f11a4f31f2a3b86d1bba2cc8ab69827
2019-08-30 19:58:28,413 [main] INFO  handler.ContextHandler (ContextHandler.java:doStart(781)) - Started o.e.j.s.ServletContextHandler@2ab09943{/logs,file:///workdir/hadoop-ozone/integration-test/target/log,AVAILABLE}
2019-08-30 19:58:28,413 [main] INFO  handler.ContextHandler (ContextHandler.java:doStart(781)) - Started o.e.j.s.ServletContextHandler@5864e8bf{/static,jar:file:/home/user/.m2/repository/org/apache/hadoop/hadoop-hdds-container-service/0.5.0-SNAPSHOT/hadoop-hdds-container-service-0.5.0-SNAPSHOT.jar!/webapps/static,AVAILABLE}
2019-08-30 19:58:28,440 [main] INFO  handler.ContextHandler (ContextHandler.java:doStart(781)) - Started o.e.j.w.WebAppContext@621f23ac{/,file:///tmp/jetty-0.0.0.0-36518-hddsDatanode-_-any-3445310924625043657.dir/webapp/,AVAILABLE}{/hddsDatanode}
2019-08-30 19:58:28,441 [main] INFO  server.AbstractConnector (AbstractConnector.java:doStart(278)) - Started ServerConnector@7761e342{HTTP/1.1,[http/1.1]}{0.0.0.0:36518}
2019-08-30 19:58:28,442 [main] INFO  server.Server (Server.java:doStart(419)) - Started @590650ms
2019-08-30 19:58:28,442 [main] WARN  impl.MetricsSystemImpl (MetricsSystemImpl.java:register(276)) - Sink prometheus already exists!
2019-08-30 19:58:28,443 [main] INFO  server.BaseHttpServer (BaseHttpServer.java:updateConnectorAddress(215)) - HTTP server of HDDSDATANODE is listening at http://0.0.0.0:36518
2019-08-30 19:58:28,443 [main] INFO  impl.MetricsSystemImpl (MetricsSystemImpl.java:init(158)) - HddsDatanode metrics system started (again)
2019-08-30 19:58:28,446 [org.apache.hadoop.util.JvmPauseMonitor$Monitor@4c456197] INFO  util.JvmPauseMonitor (JvmPauseMonitor.java:run(188)) - Starting JVM pause monitor
2019-08-30 19:58:28,447 [main] INFO  ozone.HddsDatanodeService (HddsDatanodeService.java:start(184)) - HddsDatanodeService host:pr-hdds-1909-j96cs-3378088753 ip:192.168.5.161
2019-08-30 19:58:28,448 [Datanode State Machine Thread - 0] INFO  datanode.InitDatanodeState (InitDatanodeState.java:persistContainerDatanodeDetails(140)) - DatanodeDetails is persisted to /workdir/hadoop-ozone/integration-test/target/test-dir/MiniOzoneClusterImpl-0ce34326-890c-4745-9fb2-859a42e91411/datanode-3/meta/datanode.id
2019-08-30 19:58:28,453 [main] INFO  volume.HddsVolume (HddsVolume.java:<init>(176)) - Creating Volume: /workdir/hadoop-ozone/integration-test/target/test-dir/MiniOzoneClusterImpl-0ce34326-890c-4745-9fb2-859a42e91411/datanode-4/data/containers/hdds of  storage type : DISK and capacity : 1482555576320
2019-08-30 19:58:28,453 [main] INFO  volume.VolumeSet (VolumeSet.java:initializeVolumeSet(170)) - Added Volume : /workdir/hadoop-ozone/integration-test/target/test-dir/MiniOzoneClusterImpl-0ce34326-890c-4745-9fb2-859a42e91411/datanode-4/data/containers/hdds to VolumeSet
2019-08-30 19:58:28,454 [main] INFO  volume.ThrottledAsyncChecker (ThrottledAsyncChecker.java:schedule(140)) - Scheduling a check for org.apache.hadoop.ozone.container.common.volume.HddsVolume@3f68a7f8
2019-08-30 19:58:28,454 [main] INFO  volume.HddsVolumeChecker (HddsVolumeChecker.java:checkAllVolumes(203)) - Scheduled health check for volume org.apache.hadoop.ozone.container.common.volume.HddsVolume@3f68a7f8
2019-08-30 19:58:28,469 [main] INFO  impl.RaftServerProxy (ConfUtils.java:logGet(43)) - raft.rpc.type = GRPC (default)
2019-08-30 19:58:28,469 [main] INFO  grpc.GrpcFactory (GrpcFactory.java:checkPooledByteBufAllocatorUseCacheForAllThreads(45)) - PERFORMANCE WARNING: useCacheForAllThreads is true that may cause Netty to create a lot garbage objects and, as a result, trigger GC.
	It is recommended to disable useCacheForAllThreads by setting -Dorg.apache.ratis.thirdparty.io.netty.allocator.useCacheForAllThreads=false in command line.
2019-08-30 19:58:28,469 [main] INFO  grpc.GrpcConfigKeys$Server (ConfUtils.java:logGet(43)) - raft.grpc.server.port = 0 (default)
2019-08-30 19:58:28,469 [main] INFO  server.GrpcService (ConfUtils.java:logGet(43)) - raft.grpc.message.size.max = 33570816 (custom)
2019-08-30 19:58:28,470 [main] INFO  server.RaftServerConfigKeys (ConfUtils.java:logGet(43)) - raft.server.log.appender.buffer.byte-limit = 33554432 (custom)
2019-08-30 19:58:28,470 [main] INFO  server.GrpcService (ConfUtils.java:logGet(43)) - raft.grpc.flow.control.window = 1MB (=1048576) (default)
2019-08-30 19:58:28,470 [main] INFO  server.RaftServerConfigKeys (ConfUtils.java:logGet(43)) - raft.server.rpc.request.timeout = 3000ms (default)
2019-08-30 19:58:28,470 [main] INFO  server.RaftServerConfigKeys (ConfUtils.java:logGet(43)) - raft.server.storage.dir = [/workdir/hadoop-ozone/integration-test/target/test-dir/MiniOzoneClusterImpl-0ce34326-890c-4745-9fb2-859a42e91411/datanode-4/data/ratis] (custom)
2019-08-30 19:58:28,472 [main] INFO  hdfs.DFSUtil (DFSUtil.java:httpServerTemplateForNNAndJN(1641)) - Starting Web-server for hddsDatanode at: http://0.0.0.0:0
2019-08-30 19:58:28,473 [main] INFO  server.AuthenticationFilter (AuthenticationFilter.java:constructSecretProvider(240)) - Unable to initialize FileSignerSecretProvider, falling back to use random secrets.
2019-08-30 19:58:28,473 [main] WARN  http.HttpRequestLog (HttpRequestLog.java:getRequestLog(97)) - Jetty request log can only be enabled using Log4j
2019-08-30 19:58:28,474 [main] INFO  http.HttpServer2 (HttpServer2.java:addGlobalFilter(975)) - Added global filter 'safety' (class=org.apache.hadoop.http.HttpServer2$QuotingInputFilter)
2019-08-30 19:58:28,475 [main] INFO  http.HttpServer2 (HttpServer2.java:addFilter(948)) - Added filter static_user_filter (class=org.apache.hadoop.http.lib.StaticUserWebFilter$StaticUserFilter) to context hddsDatanode
2019-08-30 19:58:28,475 [main] INFO  http.HttpServer2 (HttpServer2.java:addFilter(958)) - Added filter static_user_filter (class=org.apache.hadoop.http.lib.StaticUserWebFilter$StaticUserFilter) to context logs
2019-08-30 19:58:28,475 [main] INFO  http.HttpServer2 (HttpServer2.java:addFilter(958)) - Added filter static_user_filter (class=org.apache.hadoop.http.lib.StaticUserWebFilter$StaticUserFilter) to context static
2019-08-30 19:58:28,476 [main] INFO  http.HttpServer2 (HttpServer2.java:bindListener(1191)) - Jetty bound to port 44696
2019-08-30 19:58:28,476 [main] INFO  server.Server (Server.java:doStart(351)) - jetty-9.3.24.v20180605, build timestamp: 2018-06-05T17:11:56Z, git hash: 84205aa28f11a4f31f2a3b86d1bba2cc8ab69827
2019-08-30 19:58:28,478 [main] INFO  handler.ContextHandler (ContextHandler.java:doStart(781)) - Started o.e.j.s.ServletContextHandler@73e1ecd0{/logs,file:///workdir/hadoop-ozone/integration-test/target/log,AVAILABLE}
2019-08-30 19:58:28,478 [main] INFO  handler.ContextHandler (ContextHandler.java:doStart(781)) - Started o.e.j.s.ServletContextHandler@65600fb3{/static,jar:file:/home/user/.m2/repository/org/apache/hadoop/hadoop-hdds-container-service/0.5.0-SNAPSHOT/hadoop-hdds-container-service-0.5.0-SNAPSHOT.jar!/webapps/static,AVAILABLE}
2019-08-30 19:58:28,505 [main] INFO  handler.ContextHandler (ContextHandler.java:doStart(781)) - Started o.e.j.w.WebAppContext@4c635edc{/,file:///tmp/jetty-0.0.0.0-44696-hddsDatanode-_-any-1057581060971478996.dir/webapp/,AVAILABLE}{/hddsDatanode}
2019-08-30 19:58:28,505 [main] INFO  server.AbstractConnector (AbstractConnector.java:doStart(278)) - Started ServerConnector@4245bf68{HTTP/1.1,[http/1.1]}{0.0.0.0:44696}
2019-08-30 19:58:28,506 [main] INFO  server.Server (Server.java:doStart(419)) - Started @590713ms
2019-08-30 19:58:28,507 [main] WARN  impl.MetricsSystemImpl (MetricsSystemImpl.java:register(276)) - Sink prometheus already exists!
2019-08-30 19:58:28,508 [main] INFO  server.BaseHttpServer (BaseHttpServer.java:updateConnectorAddress(215)) - HTTP server of HDDSDATANODE is listening at http://0.0.0.0:44696
2019-08-30 19:58:28,508 [main] INFO  impl.MetricsSystemImpl (MetricsSystemImpl.java:init(158)) - HddsDatanode metrics system started (again)
2019-08-30 19:58:28,511 [org.apache.hadoop.util.JvmPauseMonitor$Monitor@506712e4] INFO  util.JvmPauseMonitor (JvmPauseMonitor.java:run(188)) - Starting JVM pause monitor
2019-08-30 19:58:28,512 [main] INFO  ozone.HddsDatanodeService (HddsDatanodeService.java:start(184)) - HddsDatanodeService host:pr-hdds-1909-j96cs-3378088753 ip:192.168.5.161
2019-08-30 19:58:28,513 [Datanode State Machine Thread - 0] INFO  datanode.InitDatanodeState (InitDatanodeState.java:persistContainerDatanodeDetails(140)) - DatanodeDetails is persisted to /workdir/hadoop-ozone/integration-test/target/test-dir/MiniOzoneClusterImpl-0ce34326-890c-4745-9fb2-859a42e91411/datanode-4/meta/datanode.id
2019-08-30 19:58:28,518 [main] INFO  volume.HddsVolume (HddsVolume.java:<init>(176)) - Creating Volume: /workdir/hadoop-ozone/integration-test/target/test-dir/MiniOzoneClusterImpl-0ce34326-890c-4745-9fb2-859a42e91411/datanode-5/data/containers/hdds of  storage type : DISK and capacity : 1482555576320
2019-08-30 19:58:28,518 [main] INFO  volume.VolumeSet (VolumeSet.java:initializeVolumeSet(170)) - Added Volume : /workdir/hadoop-ozone/integration-test/target/test-dir/MiniOzoneClusterImpl-0ce34326-890c-4745-9fb2-859a42e91411/datanode-5/data/containers/hdds to VolumeSet
2019-08-30 19:58:28,518 [main] INFO  volume.ThrottledAsyncChecker (ThrottledAsyncChecker.java:schedule(140)) - Scheduling a check for org.apache.hadoop.ozone.container.common.volume.HddsVolume@5fb5ad40
2019-08-30 19:58:28,519 [main] INFO  volume.HddsVolumeChecker (HddsVolumeChecker.java:checkAllVolumes(203)) - Scheduled health check for volume org.apache.hadoop.ozone.container.common.volume.HddsVolume@5fb5ad40
2019-08-30 19:58:28,533 [main] INFO  impl.RaftServerProxy (ConfUtils.java:logGet(43)) - raft.rpc.type = GRPC (default)
2019-08-30 19:58:28,534 [main] INFO  grpc.GrpcFactory (GrpcFactory.java:checkPooledByteBufAllocatorUseCacheForAllThreads(45)) - PERFORMANCE WARNING: useCacheForAllThreads is true that may cause Netty to create a lot garbage objects and, as a result, trigger GC.
	It is recommended to disable useCacheForAllThreads by setting -Dorg.apache.ratis.thirdparty.io.netty.allocator.useCacheForAllThreads=false in command line.
2019-08-30 19:58:28,534 [main] INFO  grpc.GrpcConfigKeys$Server (ConfUtils.java:logGet(43)) - raft.grpc.server.port = 0 (default)
2019-08-30 19:58:28,534 [main] INFO  server.GrpcService (ConfUtils.java:logGet(43)) - raft.grpc.message.size.max = 33570816 (custom)
2019-08-30 19:58:28,534 [main] INFO  server.RaftServerConfigKeys (ConfUtils.java:logGet(43)) - raft.server.log.appender.buffer.byte-limit = 33554432 (custom)
2019-08-30 19:58:28,534 [main] INFO  server.GrpcService (ConfUtils.java:logGet(43)) - raft.grpc.flow.control.window = 1MB (=1048576) (default)
2019-08-30 19:58:28,535 [main] INFO  server.RaftServerConfigKeys (ConfUtils.java:logGet(43)) - raft.server.rpc.request.timeout = 3000ms (default)
2019-08-30 19:58:28,535 [main] INFO  server.RaftServerConfigKeys (ConfUtils.java:logGet(43)) - raft.server.storage.dir = [/workdir/hadoop-ozone/integration-test/target/test-dir/MiniOzoneClusterImpl-0ce34326-890c-4745-9fb2-859a42e91411/datanode-5/data/ratis] (custom)
2019-08-30 19:58:28,536 [main] INFO  hdfs.DFSUtil (DFSUtil.java:httpServerTemplateForNNAndJN(1641)) - Starting Web-server for hddsDatanode at: http://0.0.0.0:0
2019-08-30 19:58:28,537 [main] INFO  server.AuthenticationFilter (AuthenticationFilter.java:constructSecretProvider(240)) - Unable to initialize FileSignerSecretProvider, falling back to use random secrets.
2019-08-30 19:58:28,537 [main] WARN  http.HttpRequestLog (HttpRequestLog.java:getRequestLog(97)) - Jetty request log can only be enabled using Log4j
2019-08-30 19:58:28,539 [main] INFO  http.HttpServer2 (HttpServer2.java:addGlobalFilter(975)) - Added global filter 'safety' (class=org.apache.hadoop.http.HttpServer2$QuotingInputFilter)
2019-08-30 19:58:28,539 [main] INFO  http.HttpServer2 (HttpServer2.java:addFilter(948)) - Added filter static_user_filter (class=org.apache.hadoop.http.lib.StaticUserWebFilter$StaticUserFilter) to context hddsDatanode
2019-08-30 19:58:28,539 [main] INFO  http.HttpServer2 (HttpServer2.java:addFilter(958)) - Added filter static_user_filter (class=org.apache.hadoop.http.lib.StaticUserWebFilter$StaticUserFilter) to context static
2019-08-30 19:58:28,539 [main] INFO  http.HttpServer2 (HttpServer2.java:addFilter(958)) - Added filter static_user_filter (class=org.apache.hadoop.http.lib.StaticUserWebFilter$StaticUserFilter) to context logs
2019-08-30 19:58:28,540 [main] INFO  http.HttpServer2 (HttpServer2.java:bindListener(1191)) - Jetty bound to port 35003
2019-08-30 19:58:28,540 [main] INFO  server.Server (Server.java:doStart(351)) - jetty-9.3.24.v20180605, build timestamp: 2018-06-05T17:11:56Z, git hash: 84205aa28f11a4f31f2a3b86d1bba2cc8ab69827
2019-08-30 19:58:28,541 [main] INFO  handler.ContextHandler (ContextHandler.java:doStart(781)) - Started o.e.j.s.ServletContextHandler@35f7969d{/logs,file:///workdir/hadoop-ozone/integration-test/target/log,AVAILABLE}
2019-08-30 19:58:28,542 [main] INFO  handler.ContextHandler (ContextHandler.java:doStart(781)) - Started o.e.j.s.ServletContextHandler@47569167{/static,jar:file:/home/user/.m2/repository/org/apache/hadoop/hadoop-hdds-container-service/0.5.0-SNAPSHOT/hadoop-hdds-container-service-0.5.0-SNAPSHOT.jar!/webapps/static,AVAILABLE}
2019-08-30 19:58:28,568 [main] INFO  handler.ContextHandler (ContextHandler.java:doStart(781)) - Started o.e.j.w.WebAppContext@5d2a86c0{/,file:///tmp/jetty-0.0.0.0-35003-hddsDatanode-_-any-6029789978758253231.dir/webapp/,AVAILABLE}{/hddsDatanode}
2019-08-30 19:58:28,569 [main] INFO  server.AbstractConnector (AbstractConnector.java:doStart(278)) - Started ServerConnector@5ba1b62e{HTTP/1.1,[http/1.1]}{0.0.0.0:35003}
2019-08-30 19:58:28,569 [main] INFO  server.Server (Server.java:doStart(419)) - Started @590777ms
2019-08-30 19:58:28,570 [main] WARN  impl.MetricsSystemImpl (MetricsSystemImpl.java:register(276)) - Sink prometheus already exists!
2019-08-30 19:58:28,571 [main] INFO  server.BaseHttpServer (BaseHttpServer.java:updateConnectorAddress(215)) - HTTP server of HDDSDATANODE is listening at http://0.0.0.0:35003
2019-08-30 19:58:28,571 [main] INFO  impl.MetricsSystemImpl (MetricsSystemImpl.java:init(158)) - HddsDatanode metrics system started (again)
2019-08-30 19:58:28,575 [org.apache.hadoop.util.JvmPauseMonitor$Monitor@1f90b63f] INFO  util.JvmPauseMonitor (JvmPauseMonitor.java:run(188)) - Starting JVM pause monitor
2019-08-30 19:58:28,575 [main] INFO  ozone.HddsDatanodeService (HddsDatanodeService.java:start(184)) - HddsDatanodeService host:pr-hdds-1909-j96cs-3378088753 ip:192.168.5.161
2019-08-30 19:58:28,576 [Datanode State Machine Thread - 0] INFO  datanode.InitDatanodeState (InitDatanodeState.java:persistContainerDatanodeDetails(140)) - DatanodeDetails is persisted to /workdir/hadoop-ozone/integration-test/target/test-dir/MiniOzoneClusterImpl-0ce34326-890c-4745-9fb2-859a42e91411/datanode-5/meta/datanode.id
2019-08-30 19:58:28,582 [main] INFO  volume.HddsVolume (HddsVolume.java:<init>(176)) - Creating Volume: /workdir/hadoop-ozone/integration-test/target/test-dir/MiniOzoneClusterImpl-0ce34326-890c-4745-9fb2-859a42e91411/datanode-6/data/containers/hdds of  storage type : DISK and capacity : 1482555576320
2019-08-30 19:58:28,582 [main] INFO  volume.VolumeSet (VolumeSet.java:initializeVolumeSet(170)) - Added Volume : /workdir/hadoop-ozone/integration-test/target/test-dir/MiniOzoneClusterImpl-0ce34326-890c-4745-9fb2-859a42e91411/datanode-6/data/containers/hdds to VolumeSet
2019-08-30 19:58:28,582 [main] INFO  volume.ThrottledAsyncChecker (ThrottledAsyncChecker.java:schedule(140)) - Scheduling a check for org.apache.hadoop.ozone.container.common.volume.HddsVolume@4b28a7bf
2019-08-30 19:58:28,583 [main] INFO  volume.HddsVolumeChecker (HddsVolumeChecker.java:checkAllVolumes(203)) - Scheduled health check for volume org.apache.hadoop.ozone.container.common.volume.HddsVolume@4b28a7bf
2019-08-30 19:58:28,595 [main] INFO  impl.RaftServerProxy (ConfUtils.java:logGet(43)) - raft.rpc.type = GRPC (default)
2019-08-30 19:58:28,595 [main] INFO  grpc.GrpcFactory (GrpcFactory.java:checkPooledByteBufAllocatorUseCacheForAllThreads(45)) - PERFORMANCE WARNING: useCacheForAllThreads is true that may cause Netty to create a lot garbage objects and, as a result, trigger GC.
	It is recommended to disable useCacheForAllThreads by setting -Dorg.apache.ratis.thirdparty.io.netty.allocator.useCacheForAllThreads=false in command line.
2019-08-30 19:58:28,595 [main] INFO  grpc.GrpcConfigKeys$Server (ConfUtils.java:logGet(43)) - raft.grpc.server.port = 0 (default)
2019-08-30 19:58:28,596 [main] INFO  server.GrpcService (ConfUtils.java:logGet(43)) - raft.grpc.message.size.max = 33570816 (custom)
2019-08-30 19:58:28,596 [main] INFO  server.RaftServerConfigKeys (ConfUtils.java:logGet(43)) - raft.server.log.appender.buffer.byte-limit = 33554432 (custom)
2019-08-30 19:58:28,596 [main] INFO  server.GrpcService (ConfUtils.java:logGet(43)) - raft.grpc.flow.control.window = 1MB (=1048576) (default)
2019-08-30 19:58:28,596 [main] INFO  server.RaftServerConfigKeys (ConfUtils.java:logGet(43)) - raft.server.rpc.request.timeout = 3000ms (default)
2019-08-30 19:58:28,597 [main] INFO  server.RaftServerConfigKeys (ConfUtils.java:logGet(43)) - raft.server.storage.dir = [/workdir/hadoop-ozone/integration-test/target/test-dir/MiniOzoneClusterImpl-0ce34326-890c-4745-9fb2-859a42e91411/datanode-6/data/ratis] (custom)
2019-08-30 19:58:28,598 [main] INFO  hdfs.DFSUtil (DFSUtil.java:httpServerTemplateForNNAndJN(1641)) - Starting Web-server for hddsDatanode at: http://0.0.0.0:0
2019-08-30 19:58:28,599 [main] INFO  server.AuthenticationFilter (AuthenticationFilter.java:constructSecretProvider(240)) - Unable to initialize FileSignerSecretProvider, falling back to use random secrets.
2019-08-30 19:58:28,599 [main] WARN  http.HttpRequestLog (HttpRequestLog.java:getRequestLog(97)) - Jetty request log can only be enabled using Log4j
2019-08-30 19:58:28,601 [main] INFO  http.HttpServer2 (HttpServer2.java:addGlobalFilter(975)) - Added global filter 'safety' (class=org.apache.hadoop.http.HttpServer2$QuotingInputFilter)
2019-08-30 19:58:28,601 [main] INFO  http.HttpServer2 (HttpServer2.java:addFilter(948)) - Added filter static_user_filter (class=org.apache.hadoop.http.lib.StaticUserWebFilter$StaticUserFilter) to context hddsDatanode
2019-08-30 19:58:28,601 [main] INFO  http.HttpServer2 (HttpServer2.java:addFilter(958)) - Added filter static_user_filter (class=org.apache.hadoop.http.lib.StaticUserWebFilter$StaticUserFilter) to context static
2019-08-30 19:58:28,601 [main] INFO  http.HttpServer2 (HttpServer2.java:addFilter(958)) - Added filter static_user_filter (class=org.apache.hadoop.http.lib.StaticUserWebFilter$StaticUserFilter) to context logs
2019-08-30 19:58:28,602 [main] INFO  http.HttpServer2 (HttpServer2.java:bindListener(1191)) - Jetty bound to port 34096
2019-08-30 19:58:28,602 [main] INFO  server.Server (Server.java:doStart(351)) - jetty-9.3.24.v20180605, build timestamp: 2018-06-05T17:11:56Z, git hash: 84205aa28f11a4f31f2a3b86d1bba2cc8ab69827
2019-08-30 19:58:28,603 [main] INFO  handler.ContextHandler (ContextHandler.java:doStart(781)) - Started o.e.j.s.ServletContextHandler@433ef204{/logs,file:///workdir/hadoop-ozone/integration-test/target/log,AVAILABLE}
2019-08-30 19:58:28,604 [main] INFO  handler.ContextHandler (ContextHandler.java:doStart(781)) - Started o.e.j.s.ServletContextHandler@795b66d{/static,jar:file:/home/user/.m2/repository/org/apache/hadoop/hadoop-hdds-container-service/0.5.0-SNAPSHOT/hadoop-hdds-container-service-0.5.0-SNAPSHOT.jar!/webapps/static,AVAILABLE}
2019-08-30 19:58:28,630 [main] INFO  handler.ContextHandler (ContextHandler.java:doStart(781)) - Started o.e.j.w.WebAppContext@40d96578{/,file:///tmp/jetty-0.0.0.0-34096-hddsDatanode-_-any-132988740845017677.dir/webapp/,AVAILABLE}{/hddsDatanode}
2019-08-30 19:58:28,630 [main] INFO  server.AbstractConnector (AbstractConnector.java:doStart(278)) - Started ServerConnector@c97721b{HTTP/1.1,[http/1.1]}{0.0.0.0:34096}
2019-08-30 19:58:28,630 [main] INFO  server.Server (Server.java:doStart(419)) - Started @590838ms
2019-08-30 19:58:28,635 [main] WARN  impl.MetricsSystemImpl (MetricsSystemImpl.java:register(276)) - Sink prometheus already exists!
2019-08-30 19:58:28,636 [main] INFO  server.BaseHttpServer (BaseHttpServer.java:updateConnectorAddress(215)) - HTTP server of HDDSDATANODE is listening at http://0.0.0.0:34096
2019-08-30 19:58:28,636 [main] INFO  ozone.MiniOzoneClusterImpl (MiniOzoneClusterImpl.java:lambda$waitForClusterToBeReady$0(140)) - Waiting for cluster to be ready. Got 0 of 7 DN Heartbeats.
2019-08-30 19:58:28,637 [org.apache.hadoop.util.JvmPauseMonitor$Monitor@71366508] INFO  util.JvmPauseMonitor (JvmPauseMonitor.java:run(188)) - Starting JVM pause monitor
2019-08-30 19:58:28,639 [Datanode State Machine Thread - 0] INFO  datanode.InitDatanodeState (InitDatanodeState.java:persistContainerDatanodeDetails(140)) - DatanodeDetails is persisted to /workdir/hadoop-ozone/integration-test/target/test-dir/MiniOzoneClusterImpl-0ce34326-890c-4745-9fb2-859a42e91411/datanode-6/meta/datanode.id
2019-08-30 19:58:29,636 [main] INFO  ozone.MiniOzoneClusterImpl (MiniOzoneClusterImpl.java:lambda$waitForClusterToBeReady$0(140)) - Waiting for cluster to be ready. Got 0 of 7 DN Heartbeats.
2019-08-30 19:58:30,265 | INFO  | SCMAudit | user=jenkins1000 | ip=192.168.5.161 | op=GET_VERSION null | ret=SUCCESS |  
2019-08-30 19:58:30,302 [Datanode State Machine Thread - 0] INFO  ozoneimpl.OzoneContainer (OzoneContainer.java:start(201)) - Attempting to start container services.
2019-08-30 19:58:30,303 [Datanode State Machine Thread - 0] INFO  ozoneimpl.OzoneContainer (OzoneContainer.java:startContainerScrub(175)) - Background container scrubber has been disabled by hdds.containerscrub.enabled
2019-08-30 19:58:30,303 [Datanode State Machine Thread - 0] INFO  ratis.XceiverServerRatis (XceiverServerRatis.java:start(393)) - Starting XceiverServerRatis 2d422090-8abf-42f3-9732-1fabf469113c at port 0
2019-08-30 19:58:30,310 [Datanode State Machine Thread - 0] INFO  impl.RaftServerProxy (RaftServerProxy.java:lambda$start$3(299)) - 2d422090-8abf-42f3-9732-1fabf469113c: start RPC server
2019-08-30 19:58:30,312 [Datanode State Machine Thread - 0] INFO  server.GrpcService (GrpcService.java:startImpl(149)) - 2d422090-8abf-42f3-9732-1fabf469113c: GrpcService started, listening on 0.0.0.0/0.0.0.0:33657
2019-08-30 19:58:30,312 [Datanode State Machine Thread - 0] INFO  ratis.XceiverServerRatis (XceiverServerRatis.java:start(403)) - XceiverServerRatis 2d422090-8abf-42f3-9732-1fabf469113c is started using port 33657
2019-08-30 19:58:30,313 [Datanode State Machine Thread - 0] INFO  server.XceiverServerGrpc (XceiverServerGrpc.java:start(163)) - XceiverServerGrpc 2d422090-8abf-42f3-9732-1fabf469113c is started using port 40606
2019-08-30 19:58:30,324 | INFO  | SCMAudit | user=jenkins1000 | ip=192.168.5.161 | op=GET_VERSION null | ret=SUCCESS |  
2019-08-30 19:58:30,341 [Datanode State Machine Thread - 0] INFO  ozoneimpl.OzoneContainer (OzoneContainer.java:start(201)) - Attempting to start container services.
2019-08-30 19:58:30,341 [Datanode State Machine Thread - 0] INFO  ozoneimpl.OzoneContainer (OzoneContainer.java:startContainerScrub(175)) - Background container scrubber has been disabled by hdds.containerscrub.enabled
2019-08-30 19:58:30,341 [Datanode State Machine Thread - 0] INFO  ratis.XceiverServerRatis (XceiverServerRatis.java:start(393)) - Starting XceiverServerRatis f263c918-4003-4dfb-a666-c73a676ec01c at port 0
2019-08-30 19:58:30,348 [Datanode State Machine Thread - 0] INFO  impl.RaftServerProxy (RaftServerProxy.java:lambda$start$3(299)) - f263c918-4003-4dfb-a666-c73a676ec01c: start RPC server
2019-08-30 19:58:30,350 [Datanode State Machine Thread - 0] INFO  server.GrpcService (GrpcService.java:startImpl(149)) - f263c918-4003-4dfb-a666-c73a676ec01c: GrpcService started, listening on 0.0.0.0/0.0.0.0:37893
2019-08-30 19:58:30,350 [Datanode State Machine Thread - 0] INFO  ratis.XceiverServerRatis (XceiverServerRatis.java:start(403)) - XceiverServerRatis f263c918-4003-4dfb-a666-c73a676ec01c is started using port 37893
2019-08-30 19:58:30,351 [Datanode State Machine Thread - 0] INFO  server.XceiverServerGrpc (XceiverServerGrpc.java:start(163)) - XceiverServerGrpc f263c918-4003-4dfb-a666-c73a676ec01c is started using port 40295
2019-08-30 19:58:30,385 | INFO  | SCMAudit | user=jenkins1000 | ip=192.168.5.161 | op=GET_VERSION null | ret=SUCCESS |  
2019-08-30 19:58:30,400 [Datanode State Machine Thread - 0] INFO  ozoneimpl.OzoneContainer (OzoneContainer.java:start(201)) - Attempting to start container services.
2019-08-30 19:58:30,400 [Datanode State Machine Thread - 0] INFO  ozoneimpl.OzoneContainer (OzoneContainer.java:startContainerScrub(175)) - Background container scrubber has been disabled by hdds.containerscrub.enabled
2019-08-30 19:58:30,401 [Datanode State Machine Thread - 0] INFO  ratis.XceiverServerRatis (XceiverServerRatis.java:start(393)) - Starting XceiverServerRatis 02b55be5-f766-42b8-b701-7d673475772a at port 0
2019-08-30 19:58:30,408 [Datanode State Machine Thread - 0] INFO  impl.RaftServerProxy (RaftServerProxy.java:lambda$start$3(299)) - 02b55be5-f766-42b8-b701-7d673475772a: start RPC server
2019-08-30 19:58:30,410 [Datanode State Machine Thread - 0] INFO  server.GrpcService (GrpcService.java:startImpl(149)) - 02b55be5-f766-42b8-b701-7d673475772a: GrpcService started, listening on 0.0.0.0/0.0.0.0:42842
2019-08-30 19:58:30,410 [Datanode State Machine Thread - 0] INFO  ratis.XceiverServerRatis (XceiverServerRatis.java:start(403)) - XceiverServerRatis 02b55be5-f766-42b8-b701-7d673475772a is started using port 42842
2019-08-30 19:58:30,411 [Datanode State Machine Thread - 0] INFO  server.XceiverServerGrpc (XceiverServerGrpc.java:start(163)) - XceiverServerGrpc 02b55be5-f766-42b8-b701-7d673475772a is started using port 46709
2019-08-30 19:58:30,447 | INFO  | SCMAudit | user=jenkins1000 | ip=192.168.5.161 | op=GET_VERSION null | ret=SUCCESS |  
2019-08-30 19:58:30,460 [Datanode State Machine Thread - 0] INFO  ozoneimpl.OzoneContainer (OzoneContainer.java:start(201)) - Attempting to start container services.
2019-08-30 19:58:30,460 [Datanode State Machine Thread - 0] INFO  ozoneimpl.OzoneContainer (OzoneContainer.java:startContainerScrub(175)) - Background container scrubber has been disabled by hdds.containerscrub.enabled
2019-08-30 19:58:30,460 [Datanode State Machine Thread - 0] INFO  ratis.XceiverServerRatis (XceiverServerRatis.java:start(393)) - Starting XceiverServerRatis e5f88aa8-ed94-4632-9bac-96dc85ccdca1 at port 0
2019-08-30 19:58:30,467 [Datanode State Machine Thread - 0] INFO  impl.RaftServerProxy (RaftServerProxy.java:lambda$start$3(299)) - e5f88aa8-ed94-4632-9bac-96dc85ccdca1: start RPC server
2019-08-30 19:58:30,468 [Datanode State Machine Thread - 0] INFO  server.GrpcService (GrpcService.java:startImpl(149)) - e5f88aa8-ed94-4632-9bac-96dc85ccdca1: GrpcService started, listening on 0.0.0.0/0.0.0.0:34301
2019-08-30 19:58:30,468 [Datanode State Machine Thread - 0] INFO  ratis.XceiverServerRatis (XceiverServerRatis.java:start(403)) - XceiverServerRatis e5f88aa8-ed94-4632-9bac-96dc85ccdca1 is started using port 34301
2019-08-30 19:58:30,469 [Datanode State Machine Thread - 0] INFO  server.XceiverServerGrpc (XceiverServerGrpc.java:start(163)) - XceiverServerGrpc e5f88aa8-ed94-4632-9bac-96dc85ccdca1 is started using port 41602
2019-08-30 19:58:30,512 | INFO  | SCMAudit | user=jenkins1000 | ip=192.168.5.161 | op=GET_VERSION null | ret=SUCCESS |  
2019-08-30 19:58:30,537 [Datanode State Machine Thread - 0] INFO  ozoneimpl.OzoneContainer (OzoneContainer.java:start(201)) - Attempting to start container services.
2019-08-30 19:58:30,537 [Datanode State Machine Thread - 0] INFO  ozoneimpl.OzoneContainer (OzoneContainer.java:startContainerScrub(175)) - Background container scrubber has been disabled by hdds.containerscrub.enabled
2019-08-30 19:58:30,537 [Datanode State Machine Thread - 0] INFO  ratis.XceiverServerRatis (XceiverServerRatis.java:start(393)) - Starting XceiverServerRatis 527b2082-6919-40b0-be6c-4b03673bbbcf at port 0
2019-08-30 19:58:30,545 [Datanode State Machine Thread - 0] INFO  impl.RaftServerProxy (RaftServerProxy.java:lambda$start$3(299)) - 527b2082-6919-40b0-be6c-4b03673bbbcf: start RPC server
2019-08-30 19:58:30,546 [Datanode State Machine Thread - 0] INFO  server.GrpcService (GrpcService.java:startImpl(149)) - 527b2082-6919-40b0-be6c-4b03673bbbcf: GrpcService started, listening on 0.0.0.0/0.0.0.0:45184
2019-08-30 19:58:30,546 [Datanode State Machine Thread - 0] INFO  ratis.XceiverServerRatis (XceiverServerRatis.java:start(403)) - XceiverServerRatis 527b2082-6919-40b0-be6c-4b03673bbbcf is started using port 45184
2019-08-30 19:58:30,546 [Datanode State Machine Thread - 0] INFO  server.XceiverServerGrpc (XceiverServerGrpc.java:start(163)) - XceiverServerGrpc 527b2082-6919-40b0-be6c-4b03673bbbcf is started using port 32983
2019-08-30 19:58:30,575 | INFO  | SCMAudit | user=jenkins1000 | ip=192.168.5.161 | op=GET_VERSION null | ret=SUCCESS |  
2019-08-30 19:58:30,588 [Datanode State Machine Thread - 0] INFO  ozoneimpl.OzoneContainer (OzoneContainer.java:start(201)) - Attempting to start container services.
2019-08-30 19:58:30,588 [Datanode State Machine Thread - 0] INFO  ozoneimpl.OzoneContainer (OzoneContainer.java:startContainerScrub(175)) - Background container scrubber has been disabled by hdds.containerscrub.enabled
2019-08-30 19:58:30,588 [Datanode State Machine Thread - 0] INFO  ratis.XceiverServerRatis (XceiverServerRatis.java:start(393)) - Starting XceiverServerRatis 42fa8907-0757-405a-9793-077a04797055 at port 0
2019-08-30 19:58:30,595 [Datanode State Machine Thread - 0] INFO  impl.RaftServerProxy (RaftServerProxy.java:lambda$start$3(299)) - 42fa8907-0757-405a-9793-077a04797055: start RPC server
2019-08-30 19:58:30,596 [Datanode State Machine Thread - 0] INFO  server.GrpcService (GrpcService.java:startImpl(149)) - 42fa8907-0757-405a-9793-077a04797055: GrpcService started, listening on 0.0.0.0/0.0.0.0:38602
2019-08-30 19:58:30,596 [Datanode State Machine Thread - 0] INFO  ratis.XceiverServerRatis (XceiverServerRatis.java:start(403)) - XceiverServerRatis 42fa8907-0757-405a-9793-077a04797055 is started using port 38602
2019-08-30 19:58:30,597 [Datanode State Machine Thread - 0] INFO  server.XceiverServerGrpc (XceiverServerGrpc.java:start(163)) - XceiverServerGrpc 42fa8907-0757-405a-9793-077a04797055 is started using port 37145
2019-08-30 19:58:30,637 [main] INFO  ozone.MiniOzoneClusterImpl (MiniOzoneClusterImpl.java:lambda$waitForClusterToBeReady$0(140)) - Waiting for cluster to be ready. Got 0 of 7 DN Heartbeats.
2019-08-30 19:58:30,638 | INFO  | SCMAudit | user=jenkins1000 | ip=192.168.5.161 | op=GET_VERSION null | ret=SUCCESS |  
2019-08-30 19:58:30,652 [Datanode State Machine Thread - 0] INFO  ozoneimpl.OzoneContainer (OzoneContainer.java:start(201)) - Attempting to start container services.
2019-08-30 19:58:30,652 [Datanode State Machine Thread - 0] INFO  ozoneimpl.OzoneContainer (OzoneContainer.java:startContainerScrub(175)) - Background container scrubber has been disabled by hdds.containerscrub.enabled
2019-08-30 19:58:30,652 [Datanode State Machine Thread - 0] INFO  ratis.XceiverServerRatis (XceiverServerRatis.java:start(393)) - Starting XceiverServerRatis 0ad8d7ae-187f-46e3-a3e2-571100048e4e at port 0
2019-08-30 19:58:30,658 [Datanode State Machine Thread - 0] INFO  impl.RaftServerProxy (RaftServerProxy.java:lambda$start$3(299)) - 0ad8d7ae-187f-46e3-a3e2-571100048e4e: start RPC server
2019-08-30 19:58:30,662 [Datanode State Machine Thread - 0] INFO  server.GrpcService (GrpcService.java:startImpl(149)) - 0ad8d7ae-187f-46e3-a3e2-571100048e4e: GrpcService started, listening on 0.0.0.0/0.0.0.0:41840
2019-08-30 19:58:30,662 [Datanode State Machine Thread - 0] INFO  ratis.XceiverServerRatis (XceiverServerRatis.java:start(403)) - XceiverServerRatis 0ad8d7ae-187f-46e3-a3e2-571100048e4e is started using port 41840
2019-08-30 19:58:30,672 [Datanode State Machine Thread - 0] INFO  server.XceiverServerGrpc (XceiverServerGrpc.java:start(163)) - XceiverServerGrpc 0ad8d7ae-187f-46e3-a3e2-571100048e4e is started using port 44139
2019-08-30 19:58:31,638 [main] INFO  ozone.MiniOzoneClusterImpl (MiniOzoneClusterImpl.java:lambda$waitForClusterToBeReady$0(140)) - Waiting for cluster to be ready. Got 0 of 7 DN Heartbeats.
2019-08-30 19:58:32,266 [IPC Server handler 1 on 39641] INFO  net.NetworkTopology (NetworkTopologyImpl.java:add(110)) - Added a new node: /default-rack/2d422090-8abf-42f3-9732-1fabf469113c
2019-08-30 19:58:32,268 [IPC Server handler 1 on 39641] INFO  node.SCMNodeManager (SCMNodeManager.java:register(266)) - Registered Data node : 2d422090-8abf-42f3-9732-1fabf469113c{ip: 192.168.5.161, host: pr-hdds-1909-j96cs-3378088753, networkLocation: /default-rack, certSerialId: null}
2019-08-30 19:58:32,270 | INFO  | SCMAudit | user=jenkins1000 | ip=192.168.5.161 | op=REGISTER {datanodeDetails=2d422090-8abf-42f3-9732-1fabf469113c{ip: 192.168.5.161, host: pr-hdds-1909-j96cs-3378088753, networkLocation: /default-rack, certSerialId: null}} | ret=SUCCESS |  
2019-08-30 19:58:32,270 [EventQueue-NodeRegistrationContainerReportForDataNodeSafeModeRule] INFO  safemode.SCMSafeModeManager (DataNodeSafeModeRule.java:process(71)) - SCM in safe mode. 1 DataNodes registered, 1 required.
2019-08-30 19:58:32,272 [EventQueue-NodeRegistrationContainerReportForDataNodeSafeModeRule] INFO  safemode.SCMSafeModeManager (SCMSafeModeManager.java:validateSafeModeExitRules(177)) - ScmSafeModeManager, all rules are successfully validated
2019-08-30 19:58:32,272 [EventQueue-NodeRegistrationContainerReportForDataNodeSafeModeRule] INFO  safemode.SCMSafeModeManager (SCMSafeModeManager.java:exitSafeMode(193)) - SCM exiting safe mode.
2019-08-30 19:58:32,283 [grpc-default-executor-8] INFO  impl.RaftServerProxy (RaftServerProxy.java:addNew(89)) - 2d422090-8abf-42f3-9732-1fabf469113c: addNew group-A46AA18B9247:[2d422090-8abf-42f3-9732-1fabf469113c:192.168.5.161:33657] returns group-A46AA18B9247:java.util.concurrent.CompletableFuture@17580695[Not completed]
2019-08-30 19:58:32,284 [pool-409-thread-1] INFO  impl.RaftServerImpl (RaftServerImpl.java:<init>(93)) - 2d422090-8abf-42f3-9732-1fabf469113c: new RaftServerImpl for group-A46AA18B9247:[2d422090-8abf-42f3-9732-1fabf469113c:192.168.5.161:33657] with ContainerStateMachine:uninitialized
2019-08-30 19:58:32,285 [pool-409-thread-1] INFO  server.RaftServerConfigKeys (ConfUtils.java:logGet(43)) - raft.server.rpc.timeout.min = 5s (custom)
2019-08-30 19:58:32,285 [pool-409-thread-1] INFO  server.RaftServerConfigKeys (ConfUtils.java:logGet(43)) - raft.server.rpc.timeout.max = 5200ms (custom)
2019-08-30 19:58:32,285 [pool-409-thread-1] INFO  server.RaftServerConfigKeys (ConfUtils.java:logGet(43)) - raft.server.rpcslowness.timeout = 120s (custom)
2019-08-30 19:58:32,285 [pool-409-thread-1] INFO  server.RaftServerConfigKeys (ConfUtils.java:logGet(43)) - raft.server.sleep.deviation.threshold = 300 (default)
2019-08-30 19:58:32,285 [pool-409-thread-1] INFO  server.RaftServerConfigKeys (ConfUtils.java:logGet(43)) - raft.server.log.appender.install.snapshot.enabled = false (custom)
2019-08-30 19:58:32,285 [pool-409-thread-1] INFO  impl.RaftServerImpl (ServerState.java:<init>(105)) - 2d422090-8abf-42f3-9732-1fabf469113c:group-A46AA18B9247 ConfigurationManager, init=-1: [2d422090-8abf-42f3-9732-1fabf469113c:192.168.5.161:33657], old=null, confs=<EMPTY_MAP>
2019-08-30 19:58:32,285 [pool-409-thread-1] INFO  server.RaftServerConfigKeys (ConfUtils.java:logGet(43)) - raft.server.storage.dir = [/workdir/hadoop-ozone/integration-test/target/test-dir/MiniOzoneClusterImpl-0ce34326-890c-4745-9fb2-859a42e91411/datanode-0/data/ratis] (custom)
2019-08-30 19:58:32,286 [pool-409-thread-1] INFO  storage.RaftStorageDirectory (RaftStorageDirectory.java:analyzeStorage(246)) - The storage directory /workdir/hadoop-ozone/integration-test/target/test-dir/MiniOzoneClusterImpl-0ce34326-890c-4745-9fb2-859a42e91411/datanode-0/data/ratis/6a019c19-8652-4096-b22f-a46aa18b9247 does not exist. Creating ...
2019-08-30 19:58:32,311 [pool-409-thread-1] INFO  storage.RaftStorageDirectory (RaftStorageDirectory.java:tryLock(328)) - Lock on /workdir/hadoop-ozone/integration-test/target/test-dir/MiniOzoneClusterImpl-0ce34326-890c-4745-9fb2-859a42e91411/datanode-0/data/ratis/6a019c19-8652-4096-b22f-a46aa18b9247/in_use.lock acquired by nodename 29125@pr-hdds-1909-j96cs-3378088753
2019-08-30 19:58:32,324 [pool-409-thread-1] INFO  storage.RaftStorage (RaftStorage.java:format(72)) - Storage directory /workdir/hadoop-ozone/integration-test/target/test-dir/MiniOzoneClusterImpl-0ce34326-890c-4745-9fb2-859a42e91411/datanode-0/data/ratis/6a019c19-8652-4096-b22f-a46aa18b9247 has been successfully formatted.
2019-08-30 19:58:32,324 [pool-409-thread-1] INFO  ratis.ContainerStateMachine (ContainerStateMachine.java:loadSnapshot(227)) - group-A46AA18B9247: The snapshot info is null. Setting the last applied indexto:(t:0, i:~)
2019-08-30 19:58:32,324 [pool-409-thread-1] INFO  server.RaftServerConfigKeys (ConfUtils.java:logGet(43)) - raft.server.leader.election.timeout = 120s (custom)
2019-08-30 19:58:32,324 [IPC Server handler 2 on 39641] INFO  net.NetworkTopology (NetworkTopologyImpl.java:add(110)) - Added a new node: /default-rack/f263c918-4003-4dfb-a666-c73a676ec01c
2019-08-30 19:58:32,325 [pool-409-thread-1] INFO  server.RaftServerConfigKeys (ConfUtils.java:logGet(43)) - raft.server.log.use.memory = false (default)
2019-08-30 19:58:32,325 [IPC Server handler 2 on 39641] INFO  node.SCMNodeManager (SCMNodeManager.java:register(266)) - Registered Data node : f263c918-4003-4dfb-a666-c73a676ec01c{ip: 192.168.5.161, host: pr-hdds-1909-j96cs-3378088753, networkLocation: /default-rack, certSerialId: null}
2019-08-30 19:58:32,325 [pool-409-thread-1] INFO  server.RaftServerConfigKeys (ConfUtils.java:logGet(43)) - raft.server.log.purge.gap = 1000000 (custom)
2019-08-30 19:58:32,325 | INFO  | SCMAudit | user=jenkins1000 | ip=192.168.5.161 | op=REGISTER {datanodeDetails=f263c918-4003-4dfb-a666-c73a676ec01c{ip: 192.168.5.161, host: pr-hdds-1909-j96cs-3378088753, networkLocation: /default-rack, certSerialId: null}} | ret=SUCCESS |  
2019-08-30 19:58:32,325 [pool-409-thread-1] INFO  server.RaftServerConfigKeys (ConfUtils.java:logGet(43)) - raft.server.log.appender.buffer.byte-limit = 33554432 (custom)
2019-08-30 19:58:32,325 [pool-409-thread-1] INFO  server.RaftServerConfigKeys (ConfUtils.java:logGet(43)) - raft.server.log.segment.size.max = 1048576 (custom)
2019-08-30 19:58:32,326 [pool-409-thread-1] INFO  server.RaftServerConfigKeys (ConfUtils.java:logGet(43)) - raft.server.log.segment.cache.num.max = 2 (custom)
2019-08-30 19:58:32,326 [pool-409-thread-1] INFO  segmented.SegmentedRaftLogWorker (SegmentedRaftLogWorker.java:<init>(172)) - new 2d422090-8abf-42f3-9732-1fabf469113c-SegmentedRaftLogWorker:Storage Directory /workdir/hadoop-ozone/integration-test/target/test-dir/MiniOzoneClusterImpl-0ce34326-890c-4745-9fb2-859a42e91411/datanode-0/data/ratis/6a019c19-8652-4096-b22f-a46aa18b9247 for RaftStorage:Storage Directory /workdir/hadoop-ozone/integration-test/target/test-dir/MiniOzoneClusterImpl-0ce34326-890c-4745-9fb2-859a42e91411/datanode-0/data/ratis/6a019c19-8652-4096-b22f-a46aa18b9247
2019-08-30 19:58:32,326 [pool-409-thread-1] INFO  server.RaftServerConfigKeys (ConfUtils.java:logGet(43)) - raft.server.log.queue.byte-limit = 2147483647 (custom)
2019-08-30 19:58:32,326 [pool-409-thread-1] INFO  server.RaftServerConfigKeys (ConfUtils.java:logGet(43)) - raft.server.log.queue.element-limit = 1024 (custom)
2019-08-30 19:58:32,327 [pool-409-thread-1] INFO  server.RaftServerConfigKeys (ConfUtils.java:logGet(43)) - raft.server.log.segment.size.max = 1048576 (custom)
2019-08-30 19:58:32,327 [pool-409-thread-1] INFO  server.RaftServerConfigKeys (ConfUtils.java:logGet(43)) - raft.server.log.preallocated.size = 16384 (custom)
2019-08-30 19:58:32,327 [pool-409-thread-1] INFO  server.RaftServerConfigKeys (ConfUtils.java:logGet(43)) - raft.server.log.write.buffer.size = 33554432 (custom)
2019-08-30 19:58:32,327 [pool-409-thread-1] INFO  server.RaftServerConfigKeys (ConfUtils.java:logGet(43)) - raft.server.log.force.sync.num = 128 (default)
2019-08-30 19:58:32,327 [pool-409-thread-1] INFO  server.RaftServerConfigKeys (ConfUtils.java:logGet(43)) - raft.server.log.statemachine.data.sync = true (default)
2019-08-30 19:58:32,328 [pool-409-thread-1] INFO  server.RaftServerConfigKeys (ConfUtils.java:logGet(43)) - raft.server.log.statemachine.data.sync.timeout = 10s (default)
2019-08-30 19:58:32,328 [pool-409-thread-1] INFO  server.RaftServerConfigKeys (ConfUtils.java:logGet(43)) - raft.server.log.statemachine.data.sync.timeout.retry = -1 (default)
2019-08-30 19:58:32,328 [pool-409-thread-1] INFO  server.RaftServerConfigKeys (ConfUtils.java:logGet(43)) - raft.server.log.statemachine.data.caching.enabled = true (custom)
2019-08-30 19:58:32,329 [pool-409-thread-1] INFO  segmented.SegmentedRaftLogWorker (SegmentedRaftLogWorker.java:lambda$new$0(132)) - 2d422090-8abf-42f3-9732-1fabf469113c-SegmentedRaftLogWorker:Storage Directory /workdir/hadoop-ozone/integration-test/target/test-dir/MiniOzoneClusterImpl-0ce34326-890c-4745-9fb2-859a42e91411/datanode-0/data/ratis/6a019c19-8652-4096-b22f-a46aa18b9247: flushIndex: setUnconditionally 0 -> -1
2019-08-30 19:58:32,329 [pool-409-thread-1] INFO  server.RaftServerConfigKeys (ConfUtils.java:logGet(43)) - raft.server.snapshot.auto.trigger.enabled = true (custom)
2019-08-30 19:58:32,329 [pool-409-thread-1] INFO  server.RaftServerConfigKeys (ConfUtils.java:logGet(43)) - raft.server.snapshot.auto.trigger.threshold = 10000 (custom)
2019-08-30 19:58:32,329 [pool-409-thread-1] INFO  server.RaftServerConfigKeys (ConfUtils.java:logGet(43)) - raft.server.retrycache.expirytime = 600000ms (custom)
2019-08-30 19:58:32,330 [pool-409-thread-1] INFO  impl.RaftServerImpl (RaftServerImpl.java:start(180)) - 2d422090-8abf-42f3-9732-1fabf469113c: start group-A46AA18B9247
2019-08-30 19:58:32,330 [pool-409-thread-1] INFO  impl.RaftServerImpl (RaftServerImpl.java:setRole(171)) - 2d422090-8abf-42f3-9732-1fabf469113c:group-A46AA18B9247 changes role from null to FOLLOWER at term 0 for startAsFollower
2019-08-30 19:58:32,330 [pool-409-thread-1] INFO  impl.RoleInfo (RoleInfo.java:updateAndGet(143)) - 2d422090-8abf-42f3-9732-1fabf469113c: start FollowerState
2019-08-30 19:58:32,331 [pool-409-thread-1] INFO  util.JmxRegister (JmxRegister.java:tryRegister(44)) - Successfully registered JMX Bean with object name Ratis:service=RaftServer,group=group-A46AA18B9247,id=2d422090-8abf-42f3-9732-1fabf469113c
2019-08-30 19:58:32,336 [RatisPipelineUtilsThread] INFO  pipeline.PipelineStateManager (PipelineStateManager.java:addPipeline(56)) - Created pipeline Pipeline[ Id: 6a019c19-8652-4096-b22f-a46aa18b9247, Nodes: 2d422090-8abf-42f3-9732-1fabf469113c{ip: 192.168.5.161, host: pr-hdds-1909-j96cs-3378088753, networkLocation: /default-rack, certSerialId: null}, Type:RATIS, Factor:ONE, State:OPEN]
2019-08-30 19:58:32,344 [grpc-default-executor-8] INFO  impl.RaftServerProxy (RaftServerProxy.java:addNew(89)) - f263c918-4003-4dfb-a666-c73a676ec01c: addNew group-CF12C458AA64:[f263c918-4003-4dfb-a666-c73a676ec01c:192.168.5.161:37893] returns group-CF12C458AA64:java.util.concurrent.CompletableFuture@414c6ce9[Not completed]
2019-08-30 19:58:32,346 [pool-419-thread-1] INFO  impl.RaftServerImpl (RaftServerImpl.java:<init>(93)) - f263c918-4003-4dfb-a666-c73a676ec01c: new RaftServerImpl for group-CF12C458AA64:[f263c918-4003-4dfb-a666-c73a676ec01c:192.168.5.161:37893] with ContainerStateMachine:uninitialized
2019-08-30 19:58:32,346 [pool-419-thread-1] INFO  server.RaftServerConfigKeys (ConfUtils.java:logGet(43)) - raft.server.rpc.timeout.min = 5s (custom)
2019-08-30 19:58:32,346 [pool-419-thread-1] INFO  server.RaftServerConfigKeys (ConfUtils.java:logGet(43)) - raft.server.rpc.timeout.max = 5200ms (custom)
2019-08-30 19:58:32,346 [pool-419-thread-1] INFO  server.RaftServerConfigKeys (ConfUtils.java:logGet(43)) - raft.server.rpcslowness.timeout = 120s (custom)
2019-08-30 19:58:32,346 [pool-419-thread-1] INFO  server.RaftServerConfigKeys (ConfUtils.java:logGet(43)) - raft.server.sleep.deviation.threshold = 300 (default)
2019-08-30 19:58:32,347 [pool-419-thread-1] INFO  server.RaftServerConfigKeys (ConfUtils.java:logGet(43)) - raft.server.log.appender.install.snapshot.enabled = false (custom)
2019-08-30 19:58:32,347 [pool-419-thread-1] INFO  impl.RaftServerImpl (ServerState.java:<init>(105)) - f263c918-4003-4dfb-a666-c73a676ec01c:group-CF12C458AA64 ConfigurationManager, init=-1: [f263c918-4003-4dfb-a666-c73a676ec01c:192.168.5.161:37893], old=null, confs=<EMPTY_MAP>
2019-08-30 19:58:32,347 [pool-419-thread-1] INFO  server.RaftServerConfigKeys (ConfUtils.java:logGet(43)) - raft.server.storage.dir = [/workdir/hadoop-ozone/integration-test/target/test-dir/MiniOzoneClusterImpl-0ce34326-890c-4745-9fb2-859a42e91411/datanode-1/data/ratis] (custom)
2019-08-30 19:58:32,347 [pool-419-thread-1] INFO  storage.RaftStorageDirectory (RaftStorageDirectory.java:analyzeStorage(246)) - The storage directory /workdir/hadoop-ozone/integration-test/target/test-dir/MiniOzoneClusterImpl-0ce34326-890c-4745-9fb2-859a42e91411/datanode-1/data/ratis/8cda7058-cfc1-4b24-817a-cf12c458aa64 does not exist. Creating ...
2019-08-30 19:58:32,361 [pool-419-thread-1] INFO  storage.RaftStorageDirectory (RaftStorageDirectory.java:tryLock(328)) - Lock on /workdir/hadoop-ozone/integration-test/target/test-dir/MiniOzoneClusterImpl-0ce34326-890c-4745-9fb2-859a42e91411/datanode-1/data/ratis/8cda7058-cfc1-4b24-817a-cf12c458aa64/in_use.lock acquired by nodename 29125@pr-hdds-1909-j96cs-3378088753
2019-08-30 19:58:32,374 [pool-419-thread-1] INFO  storage.RaftStorage (RaftStorage.java:format(72)) - Storage directory /workdir/hadoop-ozone/integration-test/target/test-dir/MiniOzoneClusterImpl-0ce34326-890c-4745-9fb2-859a42e91411/datanode-1/data/ratis/8cda7058-cfc1-4b24-817a-cf12c458aa64 has been successfully formatted.
2019-08-30 19:58:32,375 [pool-419-thread-1] INFO  ratis.ContainerStateMachine (ContainerStateMachine.java:loadSnapshot(227)) - group-CF12C458AA64: The snapshot info is null. Setting the last applied indexto:(t:0, i:~)
2019-08-30 19:58:32,375 [pool-419-thread-1] INFO  server.RaftServerConfigKeys (ConfUtils.java:logGet(43)) - raft.server.leader.election.timeout = 120s (custom)
2019-08-30 19:58:32,375 [pool-419-thread-1] INFO  server.RaftServerConfigKeys (ConfUtils.java:logGet(43)) - raft.server.log.use.memory = false (default)
2019-08-30 19:58:32,375 [pool-419-thread-1] INFO  server.RaftServerConfigKeys (ConfUtils.java:logGet(43)) - raft.server.log.purge.gap = 1000000 (custom)
2019-08-30 19:58:32,375 [pool-419-thread-1] INFO  server.RaftServerConfigKeys (ConfUtils.java:logGet(43)) - raft.server.log.appender.buffer.byte-limit = 33554432 (custom)
2019-08-30 19:58:32,375 [pool-419-thread-1] INFO  server.RaftServerConfigKeys (ConfUtils.java:logGet(43)) - raft.server.log.segment.size.max = 1048576 (custom)
2019-08-30 19:58:32,376 [pool-419-thread-1] INFO  server.RaftServerConfigKeys (ConfUtils.java:logGet(43)) - raft.server.log.segment.cache.num.max = 2 (custom)
2019-08-30 19:58:32,376 [pool-419-thread-1] INFO  segmented.SegmentedRaftLogWorker (SegmentedRaftLogWorker.java:<init>(172)) - new f263c918-4003-4dfb-a666-c73a676ec01c-SegmentedRaftLogWorker:Storage Directory /workdir/hadoop-ozone/integration-test/target/test-dir/MiniOzoneClusterImpl-0ce34326-890c-4745-9fb2-859a42e91411/datanode-1/data/ratis/8cda7058-cfc1-4b24-817a-cf12c458aa64 for RaftStorage:Storage Directory /workdir/hadoop-ozone/integration-test/target/test-dir/MiniOzoneClusterImpl-0ce34326-890c-4745-9fb2-859a42e91411/datanode-1/data/ratis/8cda7058-cfc1-4b24-817a-cf12c458aa64
2019-08-30 19:58:32,376 [pool-419-thread-1] INFO  server.RaftServerConfigKeys (ConfUtils.java:logGet(43)) - raft.server.log.queue.byte-limit = 2147483647 (custom)
2019-08-30 19:58:32,376 [pool-419-thread-1] INFO  server.RaftServerConfigKeys (ConfUtils.java:logGet(43)) - raft.server.log.queue.element-limit = 1024 (custom)
2019-08-30 19:58:32,376 [pool-419-thread-1] INFO  server.RaftServerConfigKeys (ConfUtils.java:logGet(43)) - raft.server.log.segment.size.max = 1048576 (custom)
2019-08-30 19:58:32,377 [pool-419-thread-1] INFO  server.RaftServerConfigKeys (ConfUtils.java:logGet(43)) - raft.server.log.preallocated.size = 16384 (custom)
2019-08-30 19:58:32,377 [pool-419-thread-1] INFO  server.RaftServerConfigKeys (ConfUtils.java:logGet(43)) - raft.server.log.write.buffer.size = 33554432 (custom)
2019-08-30 19:58:32,377 [pool-419-thread-1] INFO  server.RaftServerConfigKeys (ConfUtils.java:logGet(43)) - raft.server.log.force.sync.num = 128 (default)
2019-08-30 19:58:32,377 [pool-419-thread-1] INFO  server.RaftServerConfigKeys (ConfUtils.java:logGet(43)) - raft.server.log.statemachine.data.sync = true (default)
2019-08-30 19:58:32,377 [pool-419-thread-1] INFO  server.RaftServerConfigKeys (ConfUtils.java:logGet(43)) - raft.server.log.statemachine.data.sync.timeout = 10s (default)
2019-08-30 19:58:32,377 [pool-419-thread-1] INFO  server.RaftServerConfigKeys (ConfUtils.java:logGet(43)) - raft.server.log.statemachine.data.sync.timeout.retry = -1 (default)
2019-08-30 19:58:32,378 [pool-419-thread-1] INFO  server.RaftServerConfigKeys (ConfUtils.java:logGet(43)) - raft.server.log.statemachine.data.caching.enabled = true (custom)
2019-08-30 19:58:32,379 [pool-419-thread-1] INFO  segmented.SegmentedRaftLogWorker (SegmentedRaftLogWorker.java:lambda$new$0(132)) - f263c918-4003-4dfb-a666-c73a676ec01c-SegmentedRaftLogWorker:Storage Directory /workdir/hadoop-ozone/integration-test/target/test-dir/MiniOzoneClusterImpl-0ce34326-890c-4745-9fb2-859a42e91411/datanode-1/data/ratis/8cda7058-cfc1-4b24-817a-cf12c458aa64: flushIndex: setUnconditionally 0 -> -1
2019-08-30 19:58:32,379 [pool-419-thread-1] INFO  server.RaftServerConfigKeys (ConfUtils.java:logGet(43)) - raft.server.snapshot.auto.trigger.enabled = true (custom)
2019-08-30 19:58:32,379 [pool-419-thread-1] INFO  server.RaftServerConfigKeys (ConfUtils.java:logGet(43)) - raft.server.snapshot.auto.trigger.threshold = 10000 (custom)
2019-08-30 19:58:32,380 [pool-419-thread-1] INFO  server.RaftServerConfigKeys (ConfUtils.java:logGet(43)) - raft.server.retrycache.expirytime = 600000ms (custom)
2019-08-30 19:58:32,380 [pool-419-thread-1] INFO  impl.RaftServerImpl (RaftServerImpl.java:start(180)) - f263c918-4003-4dfb-a666-c73a676ec01c: start group-CF12C458AA64
2019-08-30 19:58:32,380 [pool-419-thread-1] INFO  impl.RaftServerImpl (RaftServerImpl.java:setRole(171)) - f263c918-4003-4dfb-a666-c73a676ec01c:group-CF12C458AA64 changes role from null to FOLLOWER at term 0 for startAsFollower
2019-08-30 19:58:32,380 [pool-419-thread-1] INFO  impl.RoleInfo (RoleInfo.java:updateAndGet(143)) - f263c918-4003-4dfb-a666-c73a676ec01c: start FollowerState
2019-08-30 19:58:32,381 [pool-419-thread-1] INFO  util.JmxRegister (JmxRegister.java:tryRegister(44)) - Successfully registered JMX Bean with object name Ratis:service=RaftServer,group=group-CF12C458AA64,id=f263c918-4003-4dfb-a666-c73a676ec01c
2019-08-30 19:58:32,386 [IPC Server handler 3 on 39641] INFO  net.NetworkTopology (NetworkTopologyImpl.java:add(110)) - Added a new node: /default-rack/02b55be5-f766-42b8-b701-7d673475772a
2019-08-30 19:58:32,386 [RatisPipelineUtilsThread] INFO  pipeline.PipelineStateManager (PipelineStateManager.java:addPipeline(56)) - Created pipeline Pipeline[ Id: 8cda7058-cfc1-4b24-817a-cf12c458aa64, Nodes: f263c918-4003-4dfb-a666-c73a676ec01c{ip: 192.168.5.161, host: pr-hdds-1909-j96cs-3378088753, networkLocation: /default-rack, certSerialId: null}, Type:RATIS, Factor:ONE, State:OPEN]
2019-08-30 19:58:32,386 [IPC Server handler 3 on 39641] INFO  node.SCMNodeManager (SCMNodeManager.java:register(266)) - Registered Data node : 02b55be5-f766-42b8-b701-7d673475772a{ip: 192.168.5.161, host: pr-hdds-1909-j96cs-3378088753, networkLocation: /default-rack, certSerialId: null}
2019-08-30 19:58:32,386 | INFO  | SCMAudit | user=jenkins1000 | ip=192.168.5.161 | op=REGISTER {datanodeDetails=02b55be5-f766-42b8-b701-7d673475772a{ip: 192.168.5.161, host: pr-hdds-1909-j96cs-3378088753, networkLocation: /default-rack, certSerialId: null}} | ret=SUCCESS |  
2019-08-30 19:58:32,395 [grpc-default-executor-8] INFO  impl.RaftServerProxy (RaftServerProxy.java:addNew(89)) - 02b55be5-f766-42b8-b701-7d673475772a: addNew group-9108033454AA:[02b55be5-f766-42b8-b701-7d673475772a:192.168.5.161:42842] returns group-9108033454AA:java.util.concurrent.CompletableFuture@990076f[Not completed]
2019-08-30 19:58:32,396 [pool-429-thread-1] INFO  impl.RaftServerImpl (RaftServerImpl.java:<init>(93)) - 02b55be5-f766-42b8-b701-7d673475772a: new RaftServerImpl for group-9108033454AA:[02b55be5-f766-42b8-b701-7d673475772a:192.168.5.161:42842] with ContainerStateMachine:uninitialized
2019-08-30 19:58:32,396 [pool-429-thread-1] INFO  server.RaftServerConfigKeys (ConfUtils.java:logGet(43)) - raft.server.rpc.timeout.min = 5s (custom)
2019-08-30 19:58:32,396 [pool-429-thread-1] INFO  server.RaftServerConfigKeys (ConfUtils.java:logGet(43)) - raft.server.rpc.timeout.max = 5200ms (custom)
2019-08-30 19:58:32,397 [pool-429-thread-1] INFO  server.RaftServerConfigKeys (ConfUtils.java:logGet(43)) - raft.server.rpcslowness.timeout = 120s (custom)
2019-08-30 19:58:32,397 [pool-429-thread-1] INFO  server.RaftServerConfigKeys (ConfUtils.java:logGet(43)) - raft.server.sleep.deviation.threshold = 300 (default)
2019-08-30 19:58:32,397 [pool-429-thread-1] INFO  server.RaftServerConfigKeys (ConfUtils.java:logGet(43)) - raft.server.log.appender.install.snapshot.enabled = false (custom)
2019-08-30 19:58:32,397 [pool-429-thread-1] INFO  impl.RaftServerImpl (ServerState.java:<init>(105)) - 02b55be5-f766-42b8-b701-7d673475772a:group-9108033454AA ConfigurationManager, init=-1: [02b55be5-f766-42b8-b701-7d673475772a:192.168.5.161:42842], old=null, confs=<EMPTY_MAP>
2019-08-30 19:58:32,397 [pool-429-thread-1] INFO  server.RaftServerConfigKeys (ConfUtils.java:logGet(43)) - raft.server.storage.dir = [/workdir/hadoop-ozone/integration-test/target/test-dir/MiniOzoneClusterImpl-0ce34326-890c-4745-9fb2-859a42e91411/datanode-2/data/ratis] (custom)
2019-08-30 19:58:32,398 [pool-429-thread-1] INFO  storage.RaftStorageDirectory (RaftStorageDirectory.java:analyzeStorage(246)) - The storage directory /workdir/hadoop-ozone/integration-test/target/test-dir/MiniOzoneClusterImpl-0ce34326-890c-4745-9fb2-859a42e91411/datanode-2/data/ratis/67c5e710-6d43-4696-9533-9108033454aa does not exist. Creating ...
2019-08-30 19:58:32,410 [pool-429-thread-1] INFO  storage.RaftStorageDirectory (RaftStorageDirectory.java:tryLock(328)) - Lock on /workdir/hadoop-ozone/integration-test/target/test-dir/MiniOzoneClusterImpl-0ce34326-890c-4745-9fb2-859a42e91411/datanode-2/data/ratis/67c5e710-6d43-4696-9533-9108033454aa/in_use.lock acquired by nodename 29125@pr-hdds-1909-j96cs-3378088753
2019-08-30 19:58:32,423 [pool-429-thread-1] INFO  storage.RaftStorage (RaftStorage.java:format(72)) - Storage directory /workdir/hadoop-ozone/integration-test/target/test-dir/MiniOzoneClusterImpl-0ce34326-890c-4745-9fb2-859a42e91411/datanode-2/data/ratis/67c5e710-6d43-4696-9533-9108033454aa has been successfully formatted.
2019-08-30 19:58:32,423 [pool-429-thread-1] INFO  ratis.ContainerStateMachine (ContainerStateMachine.java:loadSnapshot(227)) - group-9108033454AA: The snapshot info is null. Setting the last applied indexto:(t:0, i:~)
2019-08-30 19:58:32,423 [pool-429-thread-1] INFO  server.RaftServerConfigKeys (ConfUtils.java:logGet(43)) - raft.server.leader.election.timeout = 120s (custom)
2019-08-30 19:58:32,423 [pool-429-thread-1] INFO  server.RaftServerConfigKeys (ConfUtils.java:logGet(43)) - raft.server.log.use.memory = false (default)
2019-08-30 19:58:32,423 [pool-429-thread-1] INFO  server.RaftServerConfigKeys (ConfUtils.java:logGet(43)) - raft.server.log.purge.gap = 1000000 (custom)
2019-08-30 19:58:32,424 [pool-429-thread-1] INFO  server.RaftServerConfigKeys (ConfUtils.java:logGet(43)) - raft.server.log.appender.buffer.byte-limit = 33554432 (custom)
2019-08-30 19:58:32,424 [pool-429-thread-1] INFO  server.RaftServerConfigKeys (ConfUtils.java:logGet(43)) - raft.server.log.segment.size.max = 1048576 (custom)
2019-08-30 19:58:32,424 [pool-429-thread-1] INFO  server.RaftServerConfigKeys (ConfUtils.java:logGet(43)) - raft.server.log.segment.cache.num.max = 2 (custom)
2019-08-30 19:58:32,424 [pool-429-thread-1] INFO  segmented.SegmentedRaftLogWorker (SegmentedRaftLogWorker.java:<init>(172)) - new 02b55be5-f766-42b8-b701-7d673475772a-SegmentedRaftLogWorker:Storage Directory /workdir/hadoop-ozone/integration-test/target/test-dir/MiniOzoneClusterImpl-0ce34326-890c-4745-9fb2-859a42e91411/datanode-2/data/ratis/67c5e710-6d43-4696-9533-9108033454aa for RaftStorage:Storage Directory /workdir/hadoop-ozone/integration-test/target/test-dir/MiniOzoneClusterImpl-0ce34326-890c-4745-9fb2-859a42e91411/datanode-2/data/ratis/67c5e710-6d43-4696-9533-9108033454aa
2019-08-30 19:58:32,424 [pool-429-thread-1] INFO  server.RaftServerConfigKeys (ConfUtils.java:logGet(43)) - raft.server.log.queue.byte-limit = 2147483647 (custom)
2019-08-30 19:58:32,424 [pool-429-thread-1] INFO  server.RaftServerConfigKeys (ConfUtils.java:logGet(43)) - raft.server.log.queue.element-limit = 1024 (custom)
2019-08-30 19:58:32,425 [pool-429-thread-1] INFO  server.RaftServerConfigKeys (ConfUtils.java:logGet(43)) - raft.server.log.segment.size.max = 1048576 (custom)
2019-08-30 19:58:32,425 [pool-429-thread-1] INFO  server.RaftServerConfigKeys (ConfUtils.java:logGet(43)) - raft.server.log.preallocated.size = 16384 (custom)
2019-08-30 19:58:32,425 [pool-429-thread-1] INFO  server.RaftServerConfigKeys (ConfUtils.java:logGet(43)) - raft.server.log.write.buffer.size = 33554432 (custom)
2019-08-30 19:58:32,425 [pool-429-thread-1] INFO  server.RaftServerConfigKeys (ConfUtils.java:logGet(43)) - raft.server.log.force.sync.num = 128 (default)
2019-08-30 19:58:32,425 [pool-429-thread-1] INFO  server.RaftServerConfigKeys (ConfUtils.java:logGet(43)) - raft.server.log.statemachine.data.sync = true (default)
2019-08-30 19:58:32,425 [pool-429-thread-1] INFO  server.RaftServerConfigKeys (ConfUtils.java:logGet(43)) - raft.server.log.statemachine.data.sync.timeout = 10s (default)
2019-08-30 19:58:32,426 [pool-429-thread-1] INFO  server.RaftServerConfigKeys (ConfUtils.java:logGet(43)) - raft.server.log.statemachine.data.sync.timeout.retry = -1 (default)
2019-08-30 19:58:32,426 [pool-429-thread-1] INFO  server.RaftServerConfigKeys (ConfUtils.java:logGet(43)) - raft.server.log.statemachine.data.caching.enabled = true (custom)
2019-08-30 19:58:32,426 [pool-429-thread-1] INFO  segmented.SegmentedRaftLogWorker (SegmentedRaftLogWorker.java:lambda$new$0(132)) - 02b55be5-f766-42b8-b701-7d673475772a-SegmentedRaftLogWorker:Storage Directory /workdir/hadoop-ozone/integration-test/target/test-dir/MiniOzoneClusterImpl-0ce34326-890c-4745-9fb2-859a42e91411/datanode-2/data/ratis/67c5e710-6d43-4696-9533-9108033454aa: flushIndex: setUnconditionally 0 -> -1
2019-08-30 19:58:32,427 [pool-429-thread-1] INFO  server.RaftServerConfigKeys (ConfUtils.java:logGet(43)) - raft.server.snapshot.auto.trigger.enabled = true (custom)
2019-08-30 19:58:32,427 [pool-429-thread-1] INFO  server.RaftServerConfigKeys (ConfUtils.java:logGet(43)) - raft.server.snapshot.auto.trigger.threshold = 10000 (custom)
2019-08-30 19:58:32,427 [pool-429-thread-1] INFO  server.RaftServerConfigKeys (ConfUtils.java:logGet(43)) - raft.server.retrycache.expirytime = 600000ms (custom)
2019-08-30 19:58:32,427 [pool-429-thread-1] INFO  impl.RaftServerImpl (RaftServerImpl.java:start(180)) - 02b55be5-f766-42b8-b701-7d673475772a: start group-9108033454AA
2019-08-30 19:58:32,427 [pool-429-thread-1] INFO  impl.RaftServerImpl (RaftServerImpl.java:setRole(171)) - 02b55be5-f766-42b8-b701-7d673475772a:group-9108033454AA changes role from null to FOLLOWER at term 0 for startAsFollower
2019-08-30 19:58:32,427 [pool-429-thread-1] INFO  impl.RoleInfo (RoleInfo.java:updateAndGet(143)) - 02b55be5-f766-42b8-b701-7d673475772a: start FollowerState
2019-08-30 19:58:32,428 [pool-429-thread-1] INFO  util.JmxRegister (JmxRegister.java:tryRegister(44)) - Successfully registered JMX Bean with object name Ratis:service=RaftServer,group=group-9108033454AA,id=02b55be5-f766-42b8-b701-7d673475772a
2019-08-30 19:58:32,432 [RatisPipelineUtilsThread] INFO  pipeline.PipelineStateManager (PipelineStateManager.java:addPipeline(56)) - Created pipeline Pipeline[ Id: 67c5e710-6d43-4696-9533-9108033454aa, Nodes: 02b55be5-f766-42b8-b701-7d673475772a{ip: 192.168.5.161, host: pr-hdds-1909-j96cs-3378088753, networkLocation: /default-rack, certSerialId: null}, Type:RATIS, Factor:ONE, State:OPEN]
2019-08-30 19:58:32,442 [grpc-default-executor-8] INFO  impl.RaftServerProxy (RaftServerProxy.java:addNew(89)) - 02b55be5-f766-42b8-b701-7d673475772a: addNew group-A62C2177B50E:[f263c918-4003-4dfb-a666-c73a676ec01c:192.168.5.161:37893, 2d422090-8abf-42f3-9732-1fabf469113c:192.168.5.161:33657, 02b55be5-f766-42b8-b701-7d673475772a:192.168.5.161:42842] returns group-A62C2177B50E:java.util.concurrent.CompletableFuture@43f51600[Not completed]
2019-08-30 19:58:32,442 [grpc-default-executor-8] INFO  impl.RaftServerProxy (RaftServerProxy.java:addNew(89)) - 2d422090-8abf-42f3-9732-1fabf469113c: addNew group-A62C2177B50E:[f263c918-4003-4dfb-a666-c73a676ec01c:192.168.5.161:37893, 2d422090-8abf-42f3-9732-1fabf469113c:192.168.5.161:33657, 02b55be5-f766-42b8-b701-7d673475772a:192.168.5.161:42842] returns group-A62C2177B50E:java.util.concurrent.CompletableFuture@4a57ca6e[Not completed]
2019-08-30 19:58:32,444 [grpc-default-executor-8] INFO  impl.RaftServerProxy (RaftServerProxy.java:addNew(89)) - f263c918-4003-4dfb-a666-c73a676ec01c: addNew group-A62C2177B50E:[f263c918-4003-4dfb-a666-c73a676ec01c:192.168.5.161:37893, 2d422090-8abf-42f3-9732-1fabf469113c:192.168.5.161:33657, 02b55be5-f766-42b8-b701-7d673475772a:192.168.5.161:42842] returns group-A62C2177B50E:java.util.concurrent.CompletableFuture@29618f2d[Not completed]
2019-08-30 19:58:32,444 [pool-429-thread-1] INFO  impl.RaftServerImpl (RaftServerImpl.java:<init>(93)) - 02b55be5-f766-42b8-b701-7d673475772a: new RaftServerImpl for group-A62C2177B50E:[f263c918-4003-4dfb-a666-c73a676ec01c:192.168.5.161:37893, 2d422090-8abf-42f3-9732-1fabf469113c:192.168.5.161:33657, 02b55be5-f766-42b8-b701-7d673475772a:192.168.5.161:42842] with ContainerStateMachine:uninitialized
2019-08-30 19:58:32,444 [pool-429-thread-1] INFO  server.RaftServerConfigKeys (ConfUtils.java:logGet(43)) - raft.server.rpc.timeout.min = 5s (custom)
2019-08-30 19:58:32,444 [pool-429-thread-1] INFO  server.RaftServerConfigKeys (ConfUtils.java:logGet(43)) - raft.server.rpc.timeout.max = 5200ms (custom)
2019-08-30 19:58:32,445 [pool-429-thread-1] INFO  server.RaftServerConfigKeys (ConfUtils.java:logGet(43)) - raft.server.rpcslowness.timeout = 120s (custom)
2019-08-30 19:58:32,445 [pool-429-thread-1] INFO  server.RaftServerConfigKeys (ConfUtils.java:logGet(43)) - raft.server.sleep.deviation.threshold = 300 (default)
2019-08-30 19:58:32,445 [pool-429-thread-1] INFO  server.RaftServerConfigKeys (ConfUtils.java:logGet(43)) - raft.server.log.appender.install.snapshot.enabled = false (custom)
2019-08-30 19:58:32,445 [pool-409-thread-1] INFO  impl.RaftServerImpl (RaftServerImpl.java:<init>(93)) - 2d422090-8abf-42f3-9732-1fabf469113c: new RaftServerImpl for group-A62C2177B50E:[f263c918-4003-4dfb-a666-c73a676ec01c:192.168.5.161:37893, 2d422090-8abf-42f3-9732-1fabf469113c:192.168.5.161:33657, 02b55be5-f766-42b8-b701-7d673475772a:192.168.5.161:42842] with ContainerStateMachine:uninitialized
2019-08-30 19:58:32,445 [pool-429-thread-1] INFO  impl.RaftServerImpl (ServerState.java:<init>(105)) - 02b55be5-f766-42b8-b701-7d673475772a:group-A62C2177B50E ConfigurationManager, init=-1: [f263c918-4003-4dfb-a666-c73a676ec01c:192.168.5.161:37893, 2d422090-8abf-42f3-9732-1fabf469113c:192.168.5.161:33657, 02b55be5-f766-42b8-b701-7d673475772a:192.168.5.161:42842], old=null, confs=<EMPTY_MAP>
2019-08-30 19:58:32,445 [pool-409-thread-1] INFO  server.RaftServerConfigKeys (ConfUtils.java:logGet(43)) - raft.server.rpc.timeout.min = 5s (custom)
2019-08-30 19:58:32,445 [pool-429-thread-1] INFO  server.RaftServerConfigKeys (ConfUtils.java:logGet(43)) - raft.server.storage.dir = [/workdir/hadoop-ozone/integration-test/target/test-dir/MiniOzoneClusterImpl-0ce34326-890c-4745-9fb2-859a42e91411/datanode-2/data/ratis] (custom)
2019-08-30 19:58:32,445 [pool-409-thread-1] INFO  server.RaftServerConfigKeys (ConfUtils.java:logGet(43)) - raft.server.rpc.timeout.max = 5200ms (custom)
2019-08-30 19:58:32,446 [pool-409-thread-1] INFO  server.RaftServerConfigKeys (ConfUtils.java:logGet(43)) - raft.server.rpcslowness.timeout = 120s (custom)
2019-08-30 19:58:32,446 [pool-419-thread-1] INFO  impl.RaftServerImpl (RaftServerImpl.java:<init>(93)) - f263c918-4003-4dfb-a666-c73a676ec01c: new RaftServerImpl for group-A62C2177B50E:[f263c918-4003-4dfb-a666-c73a676ec01c:192.168.5.161:37893, 2d422090-8abf-42f3-9732-1fabf469113c:192.168.5.161:33657, 02b55be5-f766-42b8-b701-7d673475772a:192.168.5.161:42842] with ContainerStateMachine:uninitialized
2019-08-30 19:58:32,446 [pool-429-thread-1] INFO  storage.RaftStorageDirectory (RaftStorageDirectory.java:analyzeStorage(246)) - The storage directory /workdir/hadoop-ozone/integration-test/target/test-dir/MiniOzoneClusterImpl-0ce34326-890c-4745-9fb2-859a42e91411/datanode-2/data/ratis/8720d2a6-2fa3-407d-ac22-a62c2177b50e does not exist. Creating ...
2019-08-30 19:58:32,446 [pool-419-thread-1] INFO  server.RaftServerConfigKeys (ConfUtils.java:logGet(43)) - raft.server.rpc.timeout.min = 5s (custom)
2019-08-30 19:58:32,446 [pool-419-thread-1] INFO  server.RaftServerConfigKeys (ConfUtils.java:logGet(43)) - raft.server.rpc.timeout.max = 5200ms (custom)
2019-08-30 19:58:32,446 [pool-409-thread-1] INFO  server.RaftServerConfigKeys (ConfUtils.java:logGet(43)) - raft.server.sleep.deviation.threshold = 300 (default)
2019-08-30 19:58:32,447 [pool-419-thread-1] INFO  server.RaftServerConfigKeys (ConfUtils.java:logGet(43)) - raft.server.rpcslowness.timeout = 120s (custom)
2019-08-30 19:58:32,447 [pool-409-thread-1] INFO  server.RaftServerConfigKeys (ConfUtils.java:logGet(43)) - raft.server.log.appender.install.snapshot.enabled = false (custom)
2019-08-30 19:58:32,447 [pool-419-thread-1] INFO  server.RaftServerConfigKeys (ConfUtils.java:logGet(43)) - raft.server.sleep.deviation.threshold = 300 (default)
2019-08-30 19:58:32,447 [IPC Server handler 4 on 39641] INFO  net.NetworkTopology (NetworkTopologyImpl.java:add(110)) - Added a new node: /default-rack/e5f88aa8-ed94-4632-9bac-96dc85ccdca1
2019-08-30 19:58:32,447 [pool-409-thread-1] INFO  impl.RaftServerImpl (ServerState.java:<init>(105)) - 2d422090-8abf-42f3-9732-1fabf469113c:group-A62C2177B50E ConfigurationManager, init=-1: [f263c918-4003-4dfb-a666-c73a676ec01c:192.168.5.161:37893, 2d422090-8abf-42f3-9732-1fabf469113c:192.168.5.161:33657, 02b55be5-f766-42b8-b701-7d673475772a:192.168.5.161:42842], old=null, confs=<EMPTY_MAP>
2019-08-30 19:58:32,448 [IPC Server handler 4 on 39641] INFO  node.SCMNodeManager (SCMNodeManager.java:register(266)) - Registered Data node : e5f88aa8-ed94-4632-9bac-96dc85ccdca1{ip: 192.168.5.161, host: pr-hdds-1909-j96cs-3378088753, networkLocation: /default-rack, certSerialId: null}
2019-08-30 19:58:32,447 [pool-419-thread-1] INFO  server.RaftServerConfigKeys (ConfUtils.java:logGet(43)) - raft.server.log.appender.install.snapshot.enabled = false (custom)
2019-08-30 19:58:32,448 | INFO  | SCMAudit | user=jenkins1000 | ip=192.168.5.161 | op=REGISTER {datanodeDetails=e5f88aa8-ed94-4632-9bac-96dc85ccdca1{ip: 192.168.5.161, host: pr-hdds-1909-j96cs-3378088753, networkLocation: /default-rack, certSerialId: null}} | ret=SUCCESS |  
2019-08-30 19:58:32,448 [pool-409-thread-1] INFO  server.RaftServerConfigKeys (ConfUtils.java:logGet(43)) - raft.server.storage.dir = [/workdir/hadoop-ozone/integration-test/target/test-dir/MiniOzoneClusterImpl-0ce34326-890c-4745-9fb2-859a42e91411/datanode-0/data/ratis] (custom)
2019-08-30 19:58:32,448 [pool-419-thread-1] INFO  impl.RaftServerImpl (ServerState.java:<init>(105)) - f263c918-4003-4dfb-a666-c73a676ec01c:group-A62C2177B50E ConfigurationManager, init=-1: [f263c918-4003-4dfb-a666-c73a676ec01c:192.168.5.161:37893, 2d422090-8abf-42f3-9732-1fabf469113c:192.168.5.161:33657, 02b55be5-f766-42b8-b701-7d673475772a:192.168.5.161:42842], old=null, confs=<EMPTY_MAP>
2019-08-30 19:58:32,449 [pool-419-thread-1] INFO  server.RaftServerConfigKeys (ConfUtils.java:logGet(43)) - raft.server.storage.dir = [/workdir/hadoop-ozone/integration-test/target/test-dir/MiniOzoneClusterImpl-0ce34326-890c-4745-9fb2-859a42e91411/datanode-1/data/ratis] (custom)
2019-08-30 19:58:32,449 [pool-409-thread-1] INFO  storage.RaftStorageDirectory (RaftStorageDirectory.java:analyzeStorage(246)) - The storage directory /workdir/hadoop-ozone/integration-test/target/test-dir/MiniOzoneClusterImpl-0ce34326-890c-4745-9fb2-859a42e91411/datanode-0/data/ratis/8720d2a6-2fa3-407d-ac22-a62c2177b50e does not exist. Creating ...
2019-08-30 19:58:32,449 [pool-419-thread-1] INFO  storage.RaftStorageDirectory (RaftStorageDirectory.java:analyzeStorage(246)) - The storage directory /workdir/hadoop-ozone/integration-test/target/test-dir/MiniOzoneClusterImpl-0ce34326-890c-4745-9fb2-859a42e91411/datanode-1/data/ratis/8720d2a6-2fa3-407d-ac22-a62c2177b50e does not exist. Creating ...
2019-08-30 19:58:32,471 [pool-429-thread-1] INFO  storage.RaftStorageDirectory (RaftStorageDirectory.java:tryLock(328)) - Lock on /workdir/hadoop-ozone/integration-test/target/test-dir/MiniOzoneClusterImpl-0ce34326-890c-4745-9fb2-859a42e91411/datanode-2/data/ratis/8720d2a6-2fa3-407d-ac22-a62c2177b50e/in_use.lock acquired by nodename 29125@pr-hdds-1909-j96cs-3378088753
2019-08-30 19:58:32,471 [pool-409-thread-1] INFO  storage.RaftStorageDirectory (RaftStorageDirectory.java:tryLock(328)) - Lock on /workdir/hadoop-ozone/integration-test/target/test-dir/MiniOzoneClusterImpl-0ce34326-890c-4745-9fb2-859a42e91411/datanode-0/data/ratis/8720d2a6-2fa3-407d-ac22-a62c2177b50e/in_use.lock acquired by nodename 29125@pr-hdds-1909-j96cs-3378088753
2019-08-30 19:58:32,471 [pool-419-thread-1] INFO  storage.RaftStorageDirectory (RaftStorageDirectory.java:tryLock(328)) - Lock on /workdir/hadoop-ozone/integration-test/target/test-dir/MiniOzoneClusterImpl-0ce34326-890c-4745-9fb2-859a42e91411/datanode-1/data/ratis/8720d2a6-2fa3-407d-ac22-a62c2177b50e/in_use.lock acquired by nodename 29125@pr-hdds-1909-j96cs-3378088753
2019-08-30 19:58:32,487 [pool-429-thread-1] INFO  storage.RaftStorage (RaftStorage.java:format(72)) - Storage directory /workdir/hadoop-ozone/integration-test/target/test-dir/MiniOzoneClusterImpl-0ce34326-890c-4745-9fb2-859a42e91411/datanode-2/data/ratis/8720d2a6-2fa3-407d-ac22-a62c2177b50e has been successfully formatted.
2019-08-30 19:58:32,487 [pool-419-thread-1] INFO  storage.RaftStorage (RaftStorage.java:format(72)) - Storage directory /workdir/hadoop-ozone/integration-test/target/test-dir/MiniOzoneClusterImpl-0ce34326-890c-4745-9fb2-859a42e91411/datanode-1/data/ratis/8720d2a6-2fa3-407d-ac22-a62c2177b50e has been successfully formatted.
2019-08-30 19:58:32,487 [pool-409-thread-1] INFO  storage.RaftStorage (RaftStorage.java:format(72)) - Storage directory /workdir/hadoop-ozone/integration-test/target/test-dir/MiniOzoneClusterImpl-0ce34326-890c-4745-9fb2-859a42e91411/datanode-0/data/ratis/8720d2a6-2fa3-407d-ac22-a62c2177b50e has been successfully formatted.
2019-08-30 19:58:32,488 [pool-419-thread-1] INFO  ratis.ContainerStateMachine (ContainerStateMachine.java:loadSnapshot(227)) - group-A62C2177B50E: The snapshot info is null. Setting the last applied indexto:(t:0, i:~)
2019-08-30 19:58:32,488 [pool-429-thread-1] INFO  ratis.ContainerStateMachine (ContainerStateMachine.java:loadSnapshot(227)) - group-A62C2177B50E: The snapshot info is null. Setting the last applied indexto:(t:0, i:~)
2019-08-30 19:58:32,488 [pool-419-thread-1] INFO  server.RaftServerConfigKeys (ConfUtils.java:logGet(43)) - raft.server.leader.election.timeout = 120s (custom)
2019-08-30 19:58:32,488 [pool-409-thread-1] INFO  ratis.ContainerStateMachine (ContainerStateMachine.java:loadSnapshot(227)) - group-A62C2177B50E: The snapshot info is null. Setting the last applied indexto:(t:0, i:~)
2019-08-30 19:58:32,488 [pool-419-thread-1] INFO  server.RaftServerConfigKeys (ConfUtils.java:logGet(43)) - raft.server.log.use.memory = false (default)
2019-08-30 19:58:32,488 [pool-429-thread-1] INFO  server.RaftServerConfigKeys (ConfUtils.java:logGet(43)) - raft.server.leader.election.timeout = 120s (custom)
2019-08-30 19:58:32,489 [pool-419-thread-1] INFO  server.RaftServerConfigKeys (ConfUtils.java:logGet(43)) - raft.server.log.purge.gap = 1000000 (custom)
2019-08-30 19:58:32,489 [pool-409-thread-1] INFO  server.RaftServerConfigKeys (ConfUtils.java:logGet(43)) - raft.server.leader.election.timeout = 120s (custom)
2019-08-30 19:58:32,489 [pool-419-thread-1] INFO  server.RaftServerConfigKeys (ConfUtils.java:logGet(43)) - raft.server.log.appender.buffer.byte-limit = 33554432 (custom)
2019-08-30 19:58:32,489 [pool-429-thread-1] INFO  server.RaftServerConfigKeys (ConfUtils.java:logGet(43)) - raft.server.log.use.memory = false (default)
2019-08-30 19:58:32,489 [pool-419-thread-1] INFO  server.RaftServerConfigKeys (ConfUtils.java:logGet(43)) - raft.server.log.segment.size.max = 1048576 (custom)
2019-08-30 19:58:32,489 [pool-409-thread-1] INFO  server.RaftServerConfigKeys (ConfUtils.java:logGet(43)) - raft.server.log.use.memory = false (default)
2019-08-30 19:58:32,490 [pool-419-thread-1] INFO  server.RaftServerConfigKeys (ConfUtils.java:logGet(43)) - raft.server.log.segment.cache.num.max = 2 (custom)
2019-08-30 19:58:32,490 [pool-429-thread-1] INFO  server.RaftServerConfigKeys (ConfUtils.java:logGet(43)) - raft.server.log.purge.gap = 1000000 (custom)
2019-08-30 19:58:32,490 [pool-419-thread-1] INFO  segmented.SegmentedRaftLogWorker (SegmentedRaftLogWorker.java:<init>(172)) - new f263c918-4003-4dfb-a666-c73a676ec01c-SegmentedRaftLogWorker:Storage Directory /workdir/hadoop-ozone/integration-test/target/test-dir/MiniOzoneClusterImpl-0ce34326-890c-4745-9fb2-859a42e91411/datanode-1/data/ratis/8720d2a6-2fa3-407d-ac22-a62c2177b50e for RaftStorage:Storage Directory /workdir/hadoop-ozone/integration-test/target/test-dir/MiniOzoneClusterImpl-0ce34326-890c-4745-9fb2-859a42e91411/datanode-1/data/ratis/8720d2a6-2fa3-407d-ac22-a62c2177b50e
2019-08-30 19:58:32,490 [pool-409-thread-1] INFO  server.RaftServerConfigKeys (ConfUtils.java:logGet(43)) - raft.server.log.purge.gap = 1000000 (custom)
2019-08-30 19:58:32,491 [pool-419-thread-1] INFO  server.RaftServerConfigKeys (ConfUtils.java:logGet(43)) - raft.server.log.queue.byte-limit = 2147483647 (custom)
2019-08-30 19:58:32,490 [pool-429-thread-1] INFO  server.RaftServerConfigKeys (ConfUtils.java:logGet(43)) - raft.server.log.appender.buffer.byte-limit = 33554432 (custom)
2019-08-30 19:58:32,491 [pool-419-thread-1] INFO  server.RaftServerConfigKeys (ConfUtils.java:logGet(43)) - raft.server.log.queue.element-limit = 1024 (custom)
2019-08-30 19:58:32,491 [pool-409-thread-1] INFO  server.RaftServerConfigKeys (ConfUtils.java:logGet(43)) - raft.server.log.appender.buffer.byte-limit = 33554432 (custom)
2019-08-30 19:58:32,491 [pool-419-thread-1] INFO  server.RaftServerConfigKeys (ConfUtils.java:logGet(43)) - raft.server.log.segment.size.max = 1048576 (custom)
2019-08-30 19:58:32,491 [pool-429-thread-1] INFO  server.RaftServerConfigKeys (ConfUtils.java:logGet(43)) - raft.server.log.segment.size.max = 1048576 (custom)
2019-08-30 19:58:32,492 [pool-419-thread-1] INFO  server.RaftServerConfigKeys (ConfUtils.java:logGet(43)) - raft.server.log.preallocated.size = 16384 (custom)
2019-08-30 19:58:32,492 [pool-419-thread-1] INFO  server.RaftServerConfigKeys (ConfUtils.java:logGet(43)) - raft.server.log.write.buffer.size = 33554432 (custom)
2019-08-30 19:58:32,492 [pool-409-thread-1] INFO  server.RaftServerConfigKeys (ConfUtils.java:logGet(43)) - raft.server.log.segment.size.max = 1048576 (custom)
2019-08-30 19:58:32,492 [pool-419-thread-1] INFO  server.RaftServerConfigKeys (ConfUtils.java:logGet(43)) - raft.server.log.force.sync.num = 128 (default)
2019-08-30 19:58:32,492 [pool-429-thread-1] INFO  server.RaftServerConfigKeys (ConfUtils.java:logGet(43)) - raft.server.log.segment.cache.num.max = 2 (custom)
2019-08-30 19:58:32,493 [pool-419-thread-1] INFO  server.RaftServerConfigKeys (ConfUtils.java:logGet(43)) - raft.server.log.statemachine.data.sync = true (default)
2019-08-30 19:58:32,492 [pool-409-thread-1] INFO  server.RaftServerConfigKeys (ConfUtils.java:logGet(43)) - raft.server.log.segment.cache.num.max = 2 (custom)
2019-08-30 19:58:32,493 [pool-419-thread-1] INFO  server.RaftServerConfigKeys (ConfUtils.java:logGet(43)) - raft.server.log.statemachine.data.sync.timeout = 10s (default)
2019-08-30 19:58:32,493 [pool-429-thread-1] INFO  segmented.SegmentedRaftLogWorker (SegmentedRaftLogWorker.java:<init>(172)) - new 02b55be5-f766-42b8-b701-7d673475772a-SegmentedRaftLogWorker:Storage Directory /workdir/hadoop-ozone/integration-test/target/test-dir/MiniOzoneClusterImpl-0ce34326-890c-4745-9fb2-859a42e91411/datanode-2/data/ratis/8720d2a6-2fa3-407d-ac22-a62c2177b50e for RaftStorage:Storage Directory /workdir/hadoop-ozone/integration-test/target/test-dir/MiniOzoneClusterImpl-0ce34326-890c-4745-9fb2-859a42e91411/datanode-2/data/ratis/8720d2a6-2fa3-407d-ac22-a62c2177b50e
2019-08-30 19:58:32,493 [pool-419-thread-1] INFO  server.RaftServerConfigKeys (ConfUtils.java:logGet(43)) - raft.server.log.statemachine.data.sync.timeout.retry = -1 (default)
2019-08-30 19:58:32,493 [pool-409-thread-1] INFO  segmented.SegmentedRaftLogWorker (SegmentedRaftLogWorker.java:<init>(172)) - new 2d422090-8abf-42f3-9732-1fabf469113c-SegmentedRaftLogWorker:Storage Directory /workdir/hadoop-ozone/integration-test/target/test-dir/MiniOzoneClusterImpl-0ce34326-890c-4745-9fb2-859a42e91411/datanode-0/data/ratis/8720d2a6-2fa3-407d-ac22-a62c2177b50e for RaftStorage:Storage Directory /workdir/hadoop-ozone/integration-test/target/test-dir/MiniOzoneClusterImpl-0ce34326-890c-4745-9fb2-859a42e91411/datanode-0/data/ratis/8720d2a6-2fa3-407d-ac22-a62c2177b50e
2019-08-30 19:58:32,493 [pool-419-thread-1] INFO  server.RaftServerConfigKeys (ConfUtils.java:logGet(43)) - raft.server.log.statemachine.data.caching.enabled = true (custom)
2019-08-30 19:58:32,493 [pool-429-thread-1] INFO  server.RaftServerConfigKeys (ConfUtils.java:logGet(43)) - raft.server.log.queue.byte-limit = 2147483647 (custom)
2019-08-30 19:58:32,494 [pool-409-thread-1] INFO  server.RaftServerConfigKeys (ConfUtils.java:logGet(43)) - raft.server.log.queue.byte-limit = 2147483647 (custom)
2019-08-30 19:58:32,494 [pool-419-thread-1] INFO  segmented.SegmentedRaftLogWorker (SegmentedRaftLogWorker.java:lambda$new$0(132)) - f263c918-4003-4dfb-a666-c73a676ec01c-SegmentedRaftLogWorker:Storage Directory /workdir/hadoop-ozone/integration-test/target/test-dir/MiniOzoneClusterImpl-0ce34326-890c-4745-9fb2-859a42e91411/datanode-1/data/ratis/8720d2a6-2fa3-407d-ac22-a62c2177b50e: flushIndex: setUnconditionally 0 -> -1
2019-08-30 19:58:32,494 [pool-429-thread-1] INFO  server.RaftServerConfigKeys (ConfUtils.java:logGet(43)) - raft.server.log.queue.element-limit = 1024 (custom)
2019-08-30 19:58:32,494 [pool-409-thread-1] INFO  server.RaftServerConfigKeys (ConfUtils.java:logGet(43)) - raft.server.log.queue.element-limit = 1024 (custom)
2019-08-30 19:58:32,495 [pool-429-thread-1] INFO  server.RaftServerConfigKeys (ConfUtils.java:logGet(43)) - raft.server.log.segment.size.max = 1048576 (custom)
2019-08-30 19:58:32,495 [pool-419-thread-1] INFO  server.RaftServerConfigKeys (ConfUtils.java:logGet(43)) - raft.server.snapshot.auto.trigger.enabled = true (custom)
2019-08-30 19:58:32,495 [pool-429-thread-1] INFO  server.RaftServerConfigKeys (ConfUtils.java:logGet(43)) - raft.server.log.preallocated.size = 16384 (custom)
2019-08-30 19:58:32,495 [pool-409-thread-1] INFO  server.RaftServerConfigKeys (ConfUtils.java:logGet(43)) - raft.server.log.segment.size.max = 1048576 (custom)
2019-08-30 19:58:32,495 [pool-429-thread-1] INFO  server.RaftServerConfigKeys (ConfUtils.java:logGet(43)) - raft.server.log.write.buffer.size = 33554432 (custom)
2019-08-30 19:58:32,495 [pool-419-thread-1] INFO  server.RaftServerConfigKeys (ConfUtils.java:logGet(43)) - raft.server.snapshot.auto.trigger.threshold = 10000 (custom)
2019-08-30 19:58:32,496 [pool-429-thread-1] INFO  server.RaftServerConfigKeys (ConfUtils.java:logGet(43)) - raft.server.log.force.sync.num = 128 (default)
2019-08-30 19:58:32,495 [pool-409-thread-1] INFO  server.RaftServerConfigKeys (ConfUtils.java:logGet(43)) - raft.server.log.preallocated.size = 16384 (custom)
2019-08-30 19:58:32,496 [pool-429-thread-1] INFO  server.RaftServerConfigKeys (ConfUtils.java:logGet(43)) - raft.server.log.statemachine.data.sync = true (default)
2019-08-30 19:58:32,496 [pool-419-thread-1] INFO  server.RaftServerConfigKeys (ConfUtils.java:logGet(43)) - raft.server.retrycache.expirytime = 600000ms (custom)
2019-08-30 19:58:32,496 [pool-429-thread-1] INFO  server.RaftServerConfigKeys (ConfUtils.java:logGet(43)) - raft.server.log.statemachine.data.sync.timeout = 10s (default)
2019-08-30 19:58:32,496 [pool-429-thread-1] INFO  server.RaftServerConfigKeys (ConfUtils.java:logGet(43)) - raft.server.log.statemachine.data.sync.timeout.retry = -1 (default)
2019-08-30 19:58:32,496 [pool-409-thread-1] INFO  server.RaftServerConfigKeys (ConfUtils.java:logGet(43)) - raft.server.log.write.buffer.size = 33554432 (custom)
2019-08-30 19:58:32,497 [pool-429-thread-1] INFO  server.RaftServerConfigKeys (ConfUtils.java:logGet(43)) - raft.server.log.statemachine.data.caching.enabled = true (custom)
2019-08-30 19:58:32,496 [pool-419-thread-1] INFO  impl.RaftServerImpl (RaftServerImpl.java:start(180)) - f263c918-4003-4dfb-a666-c73a676ec01c: start group-A62C2177B50E
2019-08-30 19:58:32,497 [pool-409-thread-1] INFO  server.RaftServerConfigKeys (ConfUtils.java:logGet(43)) - raft.server.log.force.sync.num = 128 (default)
2019-08-30 19:58:32,497 [pool-429-thread-1] INFO  segmented.SegmentedRaftLogWorker (SegmentedRaftLogWorker.java:lambda$new$0(132)) - 02b55be5-f766-42b8-b701-7d673475772a-SegmentedRaftLogWorker:Storage Directory /workdir/hadoop-ozone/integration-test/target/test-dir/MiniOzoneClusterImpl-0ce34326-890c-4745-9fb2-859a42e91411/datanode-2/data/ratis/8720d2a6-2fa3-407d-ac22-a62c2177b50e: flushIndex: setUnconditionally 0 -> -1
2019-08-30 19:58:32,497 [pool-419-thread-1] INFO  impl.RaftServerImpl (RaftServerImpl.java:setRole(171)) - f263c918-4003-4dfb-a666-c73a676ec01c:group-A62C2177B50E changes role from null to FOLLOWER at term 0 for startAsFollower
2019-08-30 19:58:32,497 [pool-409-thread-1] INFO  server.RaftServerConfigKeys (ConfUtils.java:logGet(43)) - raft.server.log.statemachine.data.sync = true (default)
2019-08-30 19:58:32,498 [pool-429-thread-1] INFO  server.RaftServerConfigKeys (ConfUtils.java:logGet(43)) - raft.server.snapshot.auto.trigger.enabled = true (custom)
2019-08-30 19:58:32,498 [pool-419-thread-1] INFO  impl.RoleInfo (RoleInfo.java:updateAndGet(143)) - f263c918-4003-4dfb-a666-c73a676ec01c: start FollowerState
2019-08-30 19:58:32,498 [pool-429-thread-1] INFO  server.RaftServerConfigKeys (ConfUtils.java:logGet(43)) - raft.server.snapshot.auto.trigger.threshold = 10000 (custom)
2019-08-30 19:58:32,498 [pool-409-thread-1] INFO  server.RaftServerConfigKeys (ConfUtils.java:logGet(43)) - raft.server.log.statemachine.data.sync.timeout = 10s (default)
2019-08-30 19:58:32,498 [pool-429-thread-1] INFO  server.RaftServerConfigKeys (ConfUtils.java:logGet(43)) - raft.server.retrycache.expirytime = 600000ms (custom)
2019-08-30 19:58:32,498 [pool-409-thread-1] INFO  server.RaftServerConfigKeys (ConfUtils.java:logGet(43)) - raft.server.log.statemachine.data.sync.timeout.retry = -1 (default)
2019-08-30 19:58:32,510 [pool-429-thread-1] INFO  impl.RaftServerImpl (RaftServerImpl.java:start(180)) - 02b55be5-f766-42b8-b701-7d673475772a: start group-A62C2177B50E
2019-08-30 19:58:32,510 [pool-429-thread-1] INFO  impl.RaftServerImpl (RaftServerImpl.java:setRole(171)) - 02b55be5-f766-42b8-b701-7d673475772a:group-A62C2177B50E changes role from null to FOLLOWER at term 0 for startAsFollower
2019-08-30 19:58:32,510 [pool-419-thread-1] INFO  util.JmxRegister (JmxRegister.java:tryRegister(44)) - Successfully registered JMX Bean with object name Ratis:service=RaftServer,group=group-A62C2177B50E,id=f263c918-4003-4dfb-a666-c73a676ec01c
2019-08-30 19:58:32,510 [pool-429-thread-1] INFO  impl.RoleInfo (RoleInfo.java:updateAndGet(143)) - 02b55be5-f766-42b8-b701-7d673475772a: start FollowerState
2019-08-30 19:58:32,510 [pool-409-thread-1] INFO  server.RaftServerConfigKeys (ConfUtils.java:logGet(43)) - raft.server.log.statemachine.data.caching.enabled = true (custom)
2019-08-30 19:58:32,519 [pool-429-thread-1] INFO  util.JmxRegister (JmxRegister.java:tryRegister(44)) - Successfully registered JMX Bean with object name Ratis:service=RaftServer,group=group-A62C2177B50E,id=02b55be5-f766-42b8-b701-7d673475772a
2019-08-30 19:58:32,520 [pool-409-thread-1] INFO  segmented.SegmentedRaftLogWorker (SegmentedRaftLogWorker.java:lambda$new$0(132)) - 2d422090-8abf-42f3-9732-1fabf469113c-SegmentedRaftLogWorker:Storage Directory /workdir/hadoop-ozone/integration-test/target/test-dir/MiniOzoneClusterImpl-0ce34326-890c-4745-9fb2-859a42e91411/datanode-0/data/ratis/8720d2a6-2fa3-407d-ac22-a62c2177b50e: flushIndex: setUnconditionally 0 -> -1
2019-08-30 19:58:32,520 [pool-409-thread-1] INFO  server.RaftServerConfigKeys (ConfUtils.java:logGet(43)) - raft.server.snapshot.auto.trigger.enabled = true (custom)
2019-08-30 19:58:32,523 [pool-409-thread-1] INFO  server.RaftServerConfigKeys (ConfUtils.java:logGet(43)) - raft.server.snapshot.auto.trigger.threshold = 10000 (custom)
2019-08-30 19:58:32,524 [IPC Server handler 6 on 39641] INFO  net.NetworkTopology (NetworkTopologyImpl.java:add(110)) - Added a new node: /default-rack/527b2082-6919-40b0-be6c-4b03673bbbcf
2019-08-30 19:58:32,524 [pool-409-thread-1] INFO  server.RaftServerConfigKeys (ConfUtils.java:logGet(43)) - raft.server.retrycache.expirytime = 600000ms (custom)
2019-08-30 19:58:32,524 [IPC Server handler 6 on 39641] INFO  node.SCMNodeManager (SCMNodeManager.java:register(266)) - Registered Data node : 527b2082-6919-40b0-be6c-4b03673bbbcf{ip: 192.168.5.161, host: pr-hdds-1909-j96cs-3378088753, networkLocation: /default-rack, certSerialId: null}
2019-08-30 19:58:32,524 [pool-409-thread-1] INFO  impl.RaftServerImpl (RaftServerImpl.java:start(180)) - 2d422090-8abf-42f3-9732-1fabf469113c: start group-A62C2177B50E
2019-08-30 19:58:32,525 | INFO  | SCMAudit | user=jenkins1000 | ip=192.168.5.161 | op=REGISTER {datanodeDetails=527b2082-6919-40b0-be6c-4b03673bbbcf{ip: 192.168.5.161, host: pr-hdds-1909-j96cs-3378088753, networkLocation: /default-rack, certSerialId: null}} | ret=SUCCESS |  
2019-08-30 19:58:32,525 [pool-409-thread-1] INFO  impl.RaftServerImpl (RaftServerImpl.java:setRole(171)) - 2d422090-8abf-42f3-9732-1fabf469113c:group-A62C2177B50E changes role from null to FOLLOWER at term 0 for startAsFollower
2019-08-30 19:58:32,525 [pool-409-thread-1] INFO  impl.RoleInfo (RoleInfo.java:updateAndGet(143)) - 2d422090-8abf-42f3-9732-1fabf469113c: start FollowerState
2019-08-30 19:58:32,525 [pool-409-thread-1] INFO  util.JmxRegister (JmxRegister.java:tryRegister(44)) - Successfully registered JMX Bean with object name Ratis:service=RaftServer,group=group-A62C2177B50E,id=2d422090-8abf-42f3-9732-1fabf469113c
2019-08-30 19:58:32,530 [RatisPipelineUtilsThread] INFO  pipeline.PipelineStateManager (PipelineStateManager.java:addPipeline(56)) - Created pipeline Pipeline[ Id: 8720d2a6-2fa3-407d-ac22-a62c2177b50e, Nodes: 2d422090-8abf-42f3-9732-1fabf469113c{ip: 192.168.5.161, host: pr-hdds-1909-j96cs-3378088753, networkLocation: /default-rack, certSerialId: null}02b55be5-f766-42b8-b701-7d673475772a{ip: 192.168.5.161, host: pr-hdds-1909-j96cs-3378088753, networkLocation: /default-rack, certSerialId: null}f263c918-4003-4dfb-a666-c73a676ec01c{ip: 192.168.5.161, host: pr-hdds-1909-j96cs-3378088753, networkLocation: /default-rack, certSerialId: null}, Type:RATIS, Factor:THREE, State:OPEN]
2019-08-30 19:58:32,538 [grpc-default-executor-8] INFO  impl.RaftServerProxy (RaftServerProxy.java:addNew(89)) - e5f88aa8-ed94-4632-9bac-96dc85ccdca1: addNew group-C1F16A5A4117:[e5f88aa8-ed94-4632-9bac-96dc85ccdca1:192.168.5.161:34301] returns group-C1F16A5A4117:java.util.concurrent.CompletableFuture@23cb8952[Not completed]
2019-08-30 19:58:32,540 [pool-439-thread-1] INFO  impl.RaftServerImpl (RaftServerImpl.java:<init>(93)) - e5f88aa8-ed94-4632-9bac-96dc85ccdca1: new RaftServerImpl for group-C1F16A5A4117:[e5f88aa8-ed94-4632-9bac-96dc85ccdca1:192.168.5.161:34301] with ContainerStateMachine:uninitialized
2019-08-30 19:58:32,540 [pool-439-thread-1] INFO  server.RaftServerConfigKeys (ConfUtils.java:logGet(43)) - raft.server.rpc.timeout.min = 5s (custom)
2019-08-30 19:58:32,540 [pool-439-thread-1] INFO  server.RaftServerConfigKeys (ConfUtils.java:logGet(43)) - raft.server.rpc.timeout.max = 5200ms (custom)
2019-08-30 19:58:32,540 [pool-439-thread-1] INFO  server.RaftServerConfigKeys (ConfUtils.java:logGet(43)) - raft.server.rpcslowness.timeout = 120s (custom)
2019-08-30 19:58:32,541 [pool-439-thread-1] INFO  server.RaftServerConfigKeys (ConfUtils.java:logGet(43)) - raft.server.sleep.deviation.threshold = 300 (default)
2019-08-30 19:58:32,541 [pool-439-thread-1] INFO  server.RaftServerConfigKeys (ConfUtils.java:logGet(43)) - raft.server.log.appender.install.snapshot.enabled = false (custom)
2019-08-30 19:58:32,541 [pool-439-thread-1] INFO  impl.RaftServerImpl (ServerState.java:<init>(105)) - e5f88aa8-ed94-4632-9bac-96dc85ccdca1:group-C1F16A5A4117 ConfigurationManager, init=-1: [e5f88aa8-ed94-4632-9bac-96dc85ccdca1:192.168.5.161:34301], old=null, confs=<EMPTY_MAP>
2019-08-30 19:58:32,541 [pool-439-thread-1] INFO  server.RaftServerConfigKeys (ConfUtils.java:logGet(43)) - raft.server.storage.dir = [/workdir/hadoop-ozone/integration-test/target/test-dir/MiniOzoneClusterImpl-0ce34326-890c-4745-9fb2-859a42e91411/datanode-3/data/ratis] (custom)
2019-08-30 19:58:32,541 [pool-439-thread-1] INFO  storage.RaftStorageDirectory (RaftStorageDirectory.java:analyzeStorage(246)) - The storage directory /workdir/hadoop-ozone/integration-test/target/test-dir/MiniOzoneClusterImpl-0ce34326-890c-4745-9fb2-859a42e91411/datanode-3/data/ratis/fed93fc8-b9ab-4e52-8cd0-c1f16a5a4117 does not exist. Creating ...
2019-08-30 19:58:32,554 [pool-439-thread-1] INFO  storage.RaftStorageDirectory (RaftStorageDirectory.java:tryLock(328)) - Lock on /workdir/hadoop-ozone/integration-test/target/test-dir/MiniOzoneClusterImpl-0ce34326-890c-4745-9fb2-859a42e91411/datanode-3/data/ratis/fed93fc8-b9ab-4e52-8cd0-c1f16a5a4117/in_use.lock acquired by nodename 29125@pr-hdds-1909-j96cs-3378088753
2019-08-30 19:58:32,573 [pool-439-thread-1] INFO  storage.RaftStorage (RaftStorage.java:format(72)) - Storage directory /workdir/hadoop-ozone/integration-test/target/test-dir/MiniOzoneClusterImpl-0ce34326-890c-4745-9fb2-859a42e91411/datanode-3/data/ratis/fed93fc8-b9ab-4e52-8cd0-c1f16a5a4117 has been successfully formatted.
2019-08-30 19:58:32,573 [pool-439-thread-1] INFO  ratis.ContainerStateMachine (ContainerStateMachine.java:loadSnapshot(227)) - group-C1F16A5A4117: The snapshot info is null. Setting the last applied indexto:(t:0, i:~)
2019-08-30 19:58:32,573 [pool-439-thread-1] INFO  server.RaftServerConfigKeys (ConfUtils.java:logGet(43)) - raft.server.leader.election.timeout = 120s (custom)
2019-08-30 19:58:32,573 [pool-439-thread-1] INFO  server.RaftServerConfigKeys (ConfUtils.java:logGet(43)) - raft.server.log.use.memory = false (default)
2019-08-30 19:58:32,573 [pool-439-thread-1] INFO  server.RaftServerConfigKeys (ConfUtils.java:logGet(43)) - raft.server.log.purge.gap = 1000000 (custom)
2019-08-30 19:58:32,574 [pool-439-thread-1] INFO  server.RaftServerConfigKeys (ConfUtils.java:logGet(43)) - raft.server.log.appender.buffer.byte-limit = 33554432 (custom)
2019-08-30 19:58:32,574 [pool-439-thread-1] INFO  server.RaftServerConfigKeys (ConfUtils.java:logGet(43)) - raft.server.log.segment.size.max = 1048576 (custom)
2019-08-30 19:58:32,574 [pool-439-thread-1] INFO  server.RaftServerConfigKeys (ConfUtils.java:logGet(43)) - raft.server.log.segment.cache.num.max = 2 (custom)
2019-08-30 19:58:32,574 [pool-439-thread-1] INFO  segmented.SegmentedRaftLogWorker (SegmentedRaftLogWorker.java:<init>(172)) - new e5f88aa8-ed94-4632-9bac-96dc85ccdca1-SegmentedRaftLogWorker:Storage Directory /workdir/hadoop-ozone/integration-test/target/test-dir/MiniOzoneClusterImpl-0ce34326-890c-4745-9fb2-859a42e91411/datanode-3/data/ratis/fed93fc8-b9ab-4e52-8cd0-c1f16a5a4117 for RaftStorage:Storage Directory /workdir/hadoop-ozone/integration-test/target/test-dir/MiniOzoneClusterImpl-0ce34326-890c-4745-9fb2-859a42e91411/datanode-3/data/ratis/fed93fc8-b9ab-4e52-8cd0-c1f16a5a4117
2019-08-30 19:58:32,574 [pool-439-thread-1] INFO  server.RaftServerConfigKeys (ConfUtils.java:logGet(43)) - raft.server.log.queue.byte-limit = 2147483647 (custom)
2019-08-30 19:58:32,575 [pool-439-thread-1] INFO  server.RaftServerConfigKeys (ConfUtils.java:logGet(43)) - raft.server.log.queue.element-limit = 1024 (custom)
2019-08-30 19:58:32,575 [pool-439-thread-1] INFO  server.RaftServerConfigKeys (ConfUtils.java:logGet(43)) - raft.server.log.segment.size.max = 1048576 (custom)
2019-08-30 19:58:32,575 [pool-439-thread-1] INFO  server.RaftServerConfigKeys (ConfUtils.java:logGet(43)) - raft.server.log.preallocated.size = 16384 (custom)
2019-08-30 19:58:32,575 [pool-439-thread-1] INFO  server.RaftServerConfigKeys (ConfUtils.java:logGet(43)) - raft.server.log.write.buffer.size = 33554432 (custom)
2019-08-30 19:58:32,575 [pool-439-thread-1] INFO  server.RaftServerConfigKeys (ConfUtils.java:logGet(43)) - raft.server.log.force.sync.num = 128 (default)
2019-08-30 19:58:32,575 [IPC Server handler 11 on 39641] INFO  net.NetworkTopology (NetworkTopologyImpl.java:add(110)) - Added a new node: /default-rack/42fa8907-0757-405a-9793-077a04797055
2019-08-30 19:58:32,576 [pool-439-thread-1] INFO  server.RaftServerConfigKeys (ConfUtils.java:logGet(43)) - raft.server.log.statemachine.data.sync = true (default)
2019-08-30 19:58:32,576 [IPC Server handler 11 on 39641] INFO  node.SCMNodeManager (SCMNodeManager.java:register(266)) - Registered Data node : 42fa8907-0757-405a-9793-077a04797055{ip: 192.168.5.161, host: pr-hdds-1909-j96cs-3378088753, networkLocation: /default-rack, certSerialId: null}
2019-08-30 19:58:32,576 [pool-439-thread-1] INFO  server.RaftServerConfigKeys (ConfUtils.java:logGet(43)) - raft.server.log.statemachine.data.sync.timeout = 10s (default)
2019-08-30 19:58:32,576 | INFO  | SCMAudit | user=jenkins1000 | ip=192.168.5.161 | op=REGISTER {datanodeDetails=42fa8907-0757-405a-9793-077a04797055{ip: 192.168.5.161, host: pr-hdds-1909-j96cs-3378088753, networkLocation: /default-rack, certSerialId: null}} | ret=SUCCESS |  
2019-08-30 19:58:32,576 [pool-439-thread-1] INFO  server.RaftServerConfigKeys (ConfUtils.java:logGet(43)) - raft.server.log.statemachine.data.sync.timeout.retry = -1 (default)
2019-08-30 19:58:32,577 [pool-439-thread-1] INFO  server.RaftServerConfigKeys (ConfUtils.java:logGet(43)) - raft.server.log.statemachine.data.caching.enabled = true (custom)
2019-08-30 19:58:32,577 [pool-439-thread-1] INFO  segmented.SegmentedRaftLogWorker (SegmentedRaftLogWorker.java:lambda$new$0(132)) - e5f88aa8-ed94-4632-9bac-96dc85ccdca1-SegmentedRaftLogWorker:Storage Directory /workdir/hadoop-ozone/integration-test/target/test-dir/MiniOzoneClusterImpl-0ce34326-890c-4745-9fb2-859a42e91411/datanode-3/data/ratis/fed93fc8-b9ab-4e52-8cd0-c1f16a5a4117: flushIndex: setUnconditionally 0 -> -1
2019-08-30 19:58:32,578 [pool-439-thread-1] INFO  server.RaftServerConfigKeys (ConfUtils.java:logGet(43)) - raft.server.snapshot.auto.trigger.enabled = true (custom)
2019-08-30 19:58:32,578 [pool-439-thread-1] INFO  server.RaftServerConfigKeys (ConfUtils.java:logGet(43)) - raft.server.snapshot.auto.trigger.threshold = 10000 (custom)
2019-08-30 19:58:32,578 [pool-439-thread-1] INFO  server.RaftServerConfigKeys (ConfUtils.java:logGet(43)) - raft.server.retrycache.expirytime = 600000ms (custom)
2019-08-30 19:58:32,578 [pool-439-thread-1] INFO  impl.RaftServerImpl (RaftServerImpl.java:start(180)) - e5f88aa8-ed94-4632-9bac-96dc85ccdca1: start group-C1F16A5A4117
2019-08-30 19:58:32,578 [pool-439-thread-1] INFO  impl.RaftServerImpl (RaftServerImpl.java:setRole(171)) - e5f88aa8-ed94-4632-9bac-96dc85ccdca1:group-C1F16A5A4117 changes role from null to FOLLOWER at term 0 for startAsFollower
2019-08-30 19:58:32,578 [pool-439-thread-1] INFO  impl.RoleInfo (RoleInfo.java:updateAndGet(143)) - e5f88aa8-ed94-4632-9bac-96dc85ccdca1: start FollowerState
2019-08-30 19:58:32,579 [pool-439-thread-1] INFO  util.JmxRegister (JmxRegister.java:tryRegister(44)) - Successfully registered JMX Bean with object name Ratis:service=RaftServer,group=group-C1F16A5A4117,id=e5f88aa8-ed94-4632-9bac-96dc85ccdca1
2019-08-30 19:58:32,584 [RatisPipelineUtilsThread] INFO  pipeline.PipelineStateManager (PipelineStateManager.java:addPipeline(56)) - Created pipeline Pipeline[ Id: fed93fc8-b9ab-4e52-8cd0-c1f16a5a4117, Nodes: e5f88aa8-ed94-4632-9bac-96dc85ccdca1{ip: 192.168.5.161, host: pr-hdds-1909-j96cs-3378088753, networkLocation: /default-rack, certSerialId: null}, Type:RATIS, Factor:ONE, State:OPEN]
2019-08-30 19:58:32,592 [grpc-default-executor-8] INFO  impl.RaftServerProxy (RaftServerProxy.java:addNew(89)) - 42fa8907-0757-405a-9793-077a04797055: addNew group-DBAC57559817:[42fa8907-0757-405a-9793-077a04797055:192.168.5.161:38602] returns group-DBAC57559817:java.util.concurrent.CompletableFuture@1fe51ee8[Not completed]
2019-08-30 19:58:32,594 [pool-459-thread-1] INFO  impl.RaftServerImpl (RaftServerImpl.java:<init>(93)) - 42fa8907-0757-405a-9793-077a04797055: new RaftServerImpl for group-DBAC57559817:[42fa8907-0757-405a-9793-077a04797055:192.168.5.161:38602] with ContainerStateMachine:uninitialized
2019-08-30 19:58:32,594 [pool-459-thread-1] INFO  server.RaftServerConfigKeys (ConfUtils.java:logGet(43)) - raft.server.rpc.timeout.min = 5s (custom)
2019-08-30 19:58:32,594 [pool-459-thread-1] INFO  server.RaftServerConfigKeys (ConfUtils.java:logGet(43)) - raft.server.rpc.timeout.max = 5200ms (custom)
2019-08-30 19:58:32,594 [pool-459-thread-1] INFO  server.RaftServerConfigKeys (ConfUtils.java:logGet(43)) - raft.server.rpcslowness.timeout = 120s (custom)
2019-08-30 19:58:32,594 [pool-459-thread-1] INFO  server.RaftServerConfigKeys (ConfUtils.java:logGet(43)) - raft.server.sleep.deviation.threshold = 300 (default)
2019-08-30 19:58:32,594 [pool-459-thread-1] INFO  server.RaftServerConfigKeys (ConfUtils.java:logGet(43)) - raft.server.log.appender.install.snapshot.enabled = false (custom)
2019-08-30 19:58:32,595 [pool-459-thread-1] INFO  impl.RaftServerImpl (ServerState.java:<init>(105)) - 42fa8907-0757-405a-9793-077a04797055:group-DBAC57559817 ConfigurationManager, init=-1: [42fa8907-0757-405a-9793-077a04797055:192.168.5.161:38602], old=null, confs=<EMPTY_MAP>
2019-08-30 19:58:32,595 [pool-459-thread-1] INFO  server.RaftServerConfigKeys (ConfUtils.java:logGet(43)) - raft.server.storage.dir = [/workdir/hadoop-ozone/integration-test/target/test-dir/MiniOzoneClusterImpl-0ce34326-890c-4745-9fb2-859a42e91411/datanode-5/data/ratis] (custom)
2019-08-30 19:58:32,595 [pool-459-thread-1] INFO  storage.RaftStorageDirectory (RaftStorageDirectory.java:analyzeStorage(246)) - The storage directory /workdir/hadoop-ozone/integration-test/target/test-dir/MiniOzoneClusterImpl-0ce34326-890c-4745-9fb2-859a42e91411/datanode-5/data/ratis/34f80ef0-031e-4d96-bdfc-dbac57559817 does not exist. Creating ...
2019-08-30 19:58:32,609 [pool-459-thread-1] INFO  storage.RaftStorageDirectory (RaftStorageDirectory.java:tryLock(328)) - Lock on /workdir/hadoop-ozone/integration-test/target/test-dir/MiniOzoneClusterImpl-0ce34326-890c-4745-9fb2-859a42e91411/datanode-5/data/ratis/34f80ef0-031e-4d96-bdfc-dbac57559817/in_use.lock acquired by nodename 29125@pr-hdds-1909-j96cs-3378088753
2019-08-30 19:58:32,622 [pool-459-thread-1] INFO  storage.RaftStorage (RaftStorage.java:format(72)) - Storage directory /workdir/hadoop-ozone/integration-test/target/test-dir/MiniOzoneClusterImpl-0ce34326-890c-4745-9fb2-859a42e91411/datanode-5/data/ratis/34f80ef0-031e-4d96-bdfc-dbac57559817 has been successfully formatted.
2019-08-30 19:58:32,622 [pool-459-thread-1] INFO  ratis.ContainerStateMachine (ContainerStateMachine.java:loadSnapshot(227)) - group-DBAC57559817: The snapshot info is null. Setting the last applied indexto:(t:0, i:~)
2019-08-30 19:58:32,623 [pool-459-thread-1] INFO  server.RaftServerConfigKeys (ConfUtils.java:logGet(43)) - raft.server.leader.election.timeout = 120s (custom)
2019-08-30 19:58:32,623 [pool-459-thread-1] INFO  server.RaftServerConfigKeys (ConfUtils.java:logGet(43)) - raft.server.log.use.memory = false (default)
2019-08-30 19:58:32,623 [pool-459-thread-1] INFO  server.RaftServerConfigKeys (ConfUtils.java:logGet(43)) - raft.server.log.purge.gap = 1000000 (custom)
2019-08-30 19:58:32,623 [pool-459-thread-1] INFO  server.RaftServerConfigKeys (ConfUtils.java:logGet(43)) - raft.server.log.appender.buffer.byte-limit = 33554432 (custom)
2019-08-30 19:58:32,623 [pool-459-thread-1] INFO  server.RaftServerConfigKeys (ConfUtils.java:logGet(43)) - raft.server.log.segment.size.max = 1048576 (custom)
2019-08-30 19:58:32,623 [pool-459-thread-1] INFO  server.RaftServerConfigKeys (ConfUtils.java:logGet(43)) - raft.server.log.segment.cache.num.max = 2 (custom)
2019-08-30 19:58:32,624 [pool-459-thread-1] INFO  segmented.SegmentedRaftLogWorker (SegmentedRaftLogWorker.java:<init>(172)) - new 42fa8907-0757-405a-9793-077a04797055-SegmentedRaftLogWorker:Storage Directory /workdir/hadoop-ozone/integration-test/target/test-dir/MiniOzoneClusterImpl-0ce34326-890c-4745-9fb2-859a42e91411/datanode-5/data/ratis/34f80ef0-031e-4d96-bdfc-dbac57559817 for RaftStorage:Storage Directory /workdir/hadoop-ozone/integration-test/target/test-dir/MiniOzoneClusterImpl-0ce34326-890c-4745-9fb2-859a42e91411/datanode-5/data/ratis/34f80ef0-031e-4d96-bdfc-dbac57559817
2019-08-30 19:58:32,624 [pool-459-thread-1] INFO  server.RaftServerConfigKeys (ConfUtils.java:logGet(43)) - raft.server.log.queue.byte-limit = 2147483647 (custom)
2019-08-30 19:58:32,624 [pool-459-thread-1] INFO  server.RaftServerConfigKeys (ConfUtils.java:logGet(43)) - raft.server.log.queue.element-limit = 1024 (custom)
2019-08-30 19:58:32,624 [pool-459-thread-1] INFO  server.RaftServerConfigKeys (ConfUtils.java:logGet(43)) - raft.server.log.segment.size.max = 1048576 (custom)
2019-08-30 19:58:32,624 [pool-459-thread-1] INFO  server.RaftServerConfigKeys (ConfUtils.java:logGet(43)) - raft.server.log.preallocated.size = 16384 (custom)
2019-08-30 19:58:32,624 [pool-459-thread-1] INFO  server.RaftServerConfigKeys (ConfUtils.java:logGet(43)) - raft.server.log.write.buffer.size = 33554432 (custom)
2019-08-30 19:58:32,625 [pool-459-thread-1] INFO  server.RaftServerConfigKeys (ConfUtils.java:logGet(43)) - raft.server.log.force.sync.num = 128 (default)
2019-08-30 19:58:32,625 [pool-459-thread-1] INFO  server.RaftServerConfigKeys (ConfUtils.java:logGet(43)) - raft.server.log.statemachine.data.sync = true (default)
2019-08-30 19:58:32,625 [pool-459-thread-1] INFO  server.RaftServerConfigKeys (ConfUtils.java:logGet(43)) - raft.server.log.statemachine.data.sync.timeout = 10s (default)
2019-08-30 19:58:32,625 [pool-459-thread-1] INFO  server.RaftServerConfigKeys (ConfUtils.java:logGet(43)) - raft.server.log.statemachine.data.sync.timeout.retry = -1 (default)
2019-08-30 19:58:32,625 [pool-459-thread-1] INFO  server.RaftServerConfigKeys (ConfUtils.java:logGet(43)) - raft.server.log.statemachine.data.caching.enabled = true (custom)
2019-08-30 19:58:32,626 [pool-459-thread-1] INFO  segmented.SegmentedRaftLogWorker (SegmentedRaftLogWorker.java:lambda$new$0(132)) - 42fa8907-0757-405a-9793-077a04797055-SegmentedRaftLogWorker:Storage Directory /workdir/hadoop-ozone/integration-test/target/test-dir/MiniOzoneClusterImpl-0ce34326-890c-4745-9fb2-859a42e91411/datanode-5/data/ratis/34f80ef0-031e-4d96-bdfc-dbac57559817: flushIndex: setUnconditionally 0 -> -1
2019-08-30 19:58:32,626 [pool-459-thread-1] INFO  server.RaftServerConfigKeys (ConfUtils.java:logGet(43)) - raft.server.snapshot.auto.trigger.enabled = true (custom)
2019-08-30 19:58:32,626 [pool-459-thread-1] INFO  server.RaftServerConfigKeys (ConfUtils.java:logGet(43)) - raft.server.snapshot.auto.trigger.threshold = 10000 (custom)
2019-08-30 19:58:32,626 [pool-459-thread-1] INFO  server.RaftServerConfigKeys (ConfUtils.java:logGet(43)) - raft.server.retrycache.expirytime = 600000ms (custom)
2019-08-30 19:58:32,627 [pool-459-thread-1] INFO  impl.RaftServerImpl (RaftServerImpl.java:start(180)) - 42fa8907-0757-405a-9793-077a04797055: start group-DBAC57559817
2019-08-30 19:58:32,627 [pool-459-thread-1] INFO  impl.RaftServerImpl (RaftServerImpl.java:setRole(171)) - 42fa8907-0757-405a-9793-077a04797055:group-DBAC57559817 changes role from null to FOLLOWER at term 0 for startAsFollower
2019-08-30 19:58:32,627 [pool-459-thread-1] INFO  impl.RoleInfo (RoleInfo.java:updateAndGet(143)) - 42fa8907-0757-405a-9793-077a04797055: start FollowerState
2019-08-30 19:58:32,627 [pool-459-thread-1] INFO  util.JmxRegister (JmxRegister.java:tryRegister(44)) - Successfully registered JMX Bean with object name Ratis:service=RaftServer,group=group-DBAC57559817,id=42fa8907-0757-405a-9793-077a04797055
2019-08-30 19:58:32,632 [RatisPipelineUtilsThread] INFO  pipeline.PipelineStateManager (PipelineStateManager.java:addPipeline(56)) - Created pipeline Pipeline[ Id: 34f80ef0-031e-4d96-bdfc-dbac57559817, Nodes: 42fa8907-0757-405a-9793-077a04797055{ip: 192.168.5.161, host: pr-hdds-1909-j96cs-3378088753, networkLocation: /default-rack, certSerialId: null}, Type:RATIS, Factor:ONE, State:OPEN]
2019-08-30 19:58:32,638 [main] INFO  ozone.MiniOzoneClusterImpl (MiniOzoneClusterImpl.java:lambda$waitForClusterToBeReady$0(140)) - Waiting for cluster to be ready. Got 6 of 7 DN Heartbeats.
2019-08-30 19:58:32,638 [IPC Server handler 0 on 39641] INFO  net.NetworkTopology (NetworkTopologyImpl.java:add(110)) - Added a new node: /default-rack/0ad8d7ae-187f-46e3-a3e2-571100048e4e
2019-08-30 19:58:32,639 [IPC Server handler 0 on 39641] INFO  node.SCMNodeManager (SCMNodeManager.java:register(266)) - Registered Data node : 0ad8d7ae-187f-46e3-a3e2-571100048e4e{ip: 192.168.5.161, host: pr-hdds-1909-j96cs-3378088753, networkLocation: /default-rack, certSerialId: null}
2019-08-30 19:58:32,639 | INFO  | SCMAudit | user=jenkins1000 | ip=192.168.5.161 | op=REGISTER {datanodeDetails=0ad8d7ae-187f-46e3-a3e2-571100048e4e{ip: 192.168.5.161, host: pr-hdds-1909-j96cs-3378088753, networkLocation: /default-rack, certSerialId: null}} | ret=SUCCESS |  
2019-08-30 19:58:32,641 [grpc-default-executor-8] INFO  impl.RaftServerProxy (RaftServerProxy.java:addNew(89)) - 527b2082-6919-40b0-be6c-4b03673bbbcf: addNew group-DF474072982B:[527b2082-6919-40b0-be6c-4b03673bbbcf:192.168.5.161:45184] returns group-DF474072982B:java.util.concurrent.CompletableFuture@1ff25e54[Not completed]
2019-08-30 19:58:32,644 [pool-449-thread-1] INFO  impl.RaftServerImpl (RaftServerImpl.java:<init>(93)) - 527b2082-6919-40b0-be6c-4b03673bbbcf: new RaftServerImpl for group-DF474072982B:[527b2082-6919-40b0-be6c-4b03673bbbcf:192.168.5.161:45184] with ContainerStateMachine:uninitialized
2019-08-30 19:58:32,644 [pool-449-thread-1] INFO  server.RaftServerConfigKeys (ConfUtils.java:logGet(43)) - raft.server.rpc.timeout.min = 5s (custom)
2019-08-30 19:58:32,644 [pool-449-thread-1] INFO  server.RaftServerConfigKeys (ConfUtils.java:logGet(43)) - raft.server.rpc.timeout.max = 5200ms (custom)
2019-08-30 19:58:32,644 [pool-449-thread-1] INFO  server.RaftServerConfigKeys (ConfUtils.java:logGet(43)) - raft.server.rpcslowness.timeout = 120s (custom)
2019-08-30 19:58:32,644 [pool-449-thread-1] INFO  server.RaftServerConfigKeys (ConfUtils.java:logGet(43)) - raft.server.sleep.deviation.threshold = 300 (default)
2019-08-30 19:58:32,644 [pool-449-thread-1] INFO  server.RaftServerConfigKeys (ConfUtils.java:logGet(43)) - raft.server.log.appender.install.snapshot.enabled = false (custom)
2019-08-30 19:58:32,645 [pool-449-thread-1] INFO  impl.RaftServerImpl (ServerState.java:<init>(105)) - 527b2082-6919-40b0-be6c-4b03673bbbcf:group-DF474072982B ConfigurationManager, init=-1: [527b2082-6919-40b0-be6c-4b03673bbbcf:192.168.5.161:45184], old=null, confs=<EMPTY_MAP>
2019-08-30 19:58:32,645 [pool-449-thread-1] INFO  server.RaftServerConfigKeys (ConfUtils.java:logGet(43)) - raft.server.storage.dir = [/workdir/hadoop-ozone/integration-test/target/test-dir/MiniOzoneClusterImpl-0ce34326-890c-4745-9fb2-859a42e91411/datanode-4/data/ratis] (custom)
2019-08-30 19:58:32,645 [pool-449-thread-1] INFO  storage.RaftStorageDirectory (RaftStorageDirectory.java:analyzeStorage(246)) - The storage directory /workdir/hadoop-ozone/integration-test/target/test-dir/MiniOzoneClusterImpl-0ce34326-890c-4745-9fb2-859a42e91411/datanode-4/data/ratis/e9c2ef26-70ce-4544-8aa2-df474072982b does not exist. Creating ...
2019-08-30 19:58:32,656 [pool-449-thread-1] INFO  storage.RaftStorageDirectory (RaftStorageDirectory.java:tryLock(328)) - Lock on /workdir/hadoop-ozone/integration-test/target/test-dir/MiniOzoneClusterImpl-0ce34326-890c-4745-9fb2-859a42e91411/datanode-4/data/ratis/e9c2ef26-70ce-4544-8aa2-df474072982b/in_use.lock acquired by nodename 29125@pr-hdds-1909-j96cs-3378088753
2019-08-30 19:58:32,669 [pool-449-thread-1] INFO  storage.RaftStorage (RaftStorage.java:format(72)) - Storage directory /workdir/hadoop-ozone/integration-test/target/test-dir/MiniOzoneClusterImpl-0ce34326-890c-4745-9fb2-859a42e91411/datanode-4/data/ratis/e9c2ef26-70ce-4544-8aa2-df474072982b has been successfully formatted.
2019-08-30 19:58:32,669 [pool-449-thread-1] INFO  ratis.ContainerStateMachine (ContainerStateMachine.java:loadSnapshot(227)) - group-DF474072982B: The snapshot info is null. Setting the last applied indexto:(t:0, i:~)
2019-08-30 19:58:32,669 [pool-449-thread-1] INFO  server.RaftServerConfigKeys (ConfUtils.java:logGet(43)) - raft.server.leader.election.timeout = 120s (custom)
2019-08-30 19:58:32,669 [pool-449-thread-1] INFO  server.RaftServerConfigKeys (ConfUtils.java:logGet(43)) - raft.server.log.use.memory = false (default)
2019-08-30 19:58:32,669 [pool-449-thread-1] INFO  server.RaftServerConfigKeys (ConfUtils.java:logGet(43)) - raft.server.log.purge.gap = 1000000 (custom)
2019-08-30 19:58:32,670 [pool-449-thread-1] INFO  server.RaftServerConfigKeys (ConfUtils.java:logGet(43)) - raft.server.log.appender.buffer.byte-limit = 33554432 (custom)
2019-08-30 19:58:32,670 [pool-449-thread-1] INFO  server.RaftServerConfigKeys (ConfUtils.java:logGet(43)) - raft.server.log.segment.size.max = 1048576 (custom)
2019-08-30 19:58:32,670 [pool-449-thread-1] INFO  server.RaftServerConfigKeys (ConfUtils.java:logGet(43)) - raft.server.log.segment.cache.num.max = 2 (custom)
2019-08-30 19:58:32,670 [pool-449-thread-1] INFO  segmented.SegmentedRaftLogWorker (SegmentedRaftLogWorker.java:<init>(172)) - new 527b2082-6919-40b0-be6c-4b03673bbbcf-SegmentedRaftLogWorker:Storage Directory /workdir/hadoop-ozone/integration-test/target/test-dir/MiniOzoneClusterImpl-0ce34326-890c-4745-9fb2-859a42e91411/datanode-4/data/ratis/e9c2ef26-70ce-4544-8aa2-df474072982b for RaftStorage:Storage Directory /workdir/hadoop-ozone/integration-test/target/test-dir/MiniOzoneClusterImpl-0ce34326-890c-4745-9fb2-859a42e91411/datanode-4/data/ratis/e9c2ef26-70ce-4544-8aa2-df474072982b
2019-08-30 19:58:32,670 [pool-449-thread-1] INFO  server.RaftServerConfigKeys (ConfUtils.java:logGet(43)) - raft.server.log.queue.byte-limit = 2147483647 (custom)
2019-08-30 19:58:32,670 [pool-449-thread-1] INFO  server.RaftServerConfigKeys (ConfUtils.java:logGet(43)) - raft.server.log.queue.element-limit = 1024 (custom)
2019-08-30 19:58:32,671 [pool-449-thread-1] INFO  server.RaftServerConfigKeys (ConfUtils.java:logGet(43)) - raft.server.log.segment.size.max = 1048576 (custom)
2019-08-30 19:58:32,671 [pool-449-thread-1] INFO  server.RaftServerConfigKeys (ConfUtils.java:logGet(43)) - raft.server.log.preallocated.size = 16384 (custom)
2019-08-30 19:58:32,671 [pool-449-thread-1] INFO  server.RaftServerConfigKeys (ConfUtils.java:logGet(43)) - raft.server.log.write.buffer.size = 33554432 (custom)
2019-08-30 19:58:32,671 [pool-449-thread-1] INFO  server.RaftServerConfigKeys (ConfUtils.java:logGet(43)) - raft.server.log.force.sync.num = 128 (default)
2019-08-30 19:58:32,671 [pool-449-thread-1] INFO  server.RaftServerConfigKeys (ConfUtils.java:logGet(43)) - raft.server.log.statemachine.data.sync = true (default)
2019-08-30 19:58:32,671 [pool-449-thread-1] INFO  server.RaftServerConfigKeys (ConfUtils.java:logGet(43)) - raft.server.log.statemachine.data.sync.timeout = 10s (default)
2019-08-30 19:58:32,671 [pool-449-thread-1] INFO  server.RaftServerConfigKeys (ConfUtils.java:logGet(43)) - raft.server.log.statemachine.data.sync.timeout.retry = -1 (default)
2019-08-30 19:58:32,672 [pool-449-thread-1] INFO  server.RaftServerConfigKeys (ConfUtils.java:logGet(43)) - raft.server.log.statemachine.data.caching.enabled = true (custom)
2019-08-30 19:58:32,672 [pool-449-thread-1] INFO  segmented.SegmentedRaftLogWorker (SegmentedRaftLogWorker.java:lambda$new$0(132)) - 527b2082-6919-40b0-be6c-4b03673bbbcf-SegmentedRaftLogWorker:Storage Directory /workdir/hadoop-ozone/integration-test/target/test-dir/MiniOzoneClusterImpl-0ce34326-890c-4745-9fb2-859a42e91411/datanode-4/data/ratis/e9c2ef26-70ce-4544-8aa2-df474072982b: flushIndex: setUnconditionally 0 -> -1
2019-08-30 19:58:32,672 [pool-449-thread-1] INFO  server.RaftServerConfigKeys (ConfUtils.java:logGet(43)) - raft.server.snapshot.auto.trigger.enabled = true (custom)
2019-08-30 19:58:32,672 [pool-449-thread-1] INFO  server.RaftServerConfigKeys (ConfUtils.java:logGet(43)) - raft.server.snapshot.auto.trigger.threshold = 10000 (custom)
2019-08-30 19:58:32,673 [pool-449-thread-1] INFO  server.RaftServerConfigKeys (ConfUtils.java:logGet(43)) - raft.server.retrycache.expirytime = 600000ms (custom)
2019-08-30 19:58:32,673 [pool-449-thread-1] INFO  impl.RaftServerImpl (RaftServerImpl.java:start(180)) - 527b2082-6919-40b0-be6c-4b03673bbbcf: start group-DF474072982B
2019-08-30 19:58:32,673 [pool-449-thread-1] INFO  impl.RaftServerImpl (RaftServerImpl.java:setRole(171)) - 527b2082-6919-40b0-be6c-4b03673bbbcf:group-DF474072982B changes role from null to FOLLOWER at term 0 for startAsFollower
2019-08-30 19:58:32,673 [pool-449-thread-1] INFO  impl.RoleInfo (RoleInfo.java:updateAndGet(143)) - 527b2082-6919-40b0-be6c-4b03673bbbcf: start FollowerState
2019-08-30 19:58:32,673 [pool-449-thread-1] INFO  util.JmxRegister (JmxRegister.java:tryRegister(44)) - Successfully registered JMX Bean with object name Ratis:service=RaftServer,group=group-DF474072982B,id=527b2082-6919-40b0-be6c-4b03673bbbcf
2019-08-30 19:58:32,678 [RatisPipelineUtilsThread] INFO  pipeline.PipelineStateManager (PipelineStateManager.java:addPipeline(56)) - Created pipeline Pipeline[ Id: e9c2ef26-70ce-4544-8aa2-df474072982b, Nodes: 527b2082-6919-40b0-be6c-4b03673bbbcf{ip: 192.168.5.161, host: pr-hdds-1909-j96cs-3378088753, networkLocation: /default-rack, certSerialId: null}, Type:RATIS, Factor:ONE, State:OPEN]
2019-08-30 19:58:32,685 [grpc-default-executor-8] INFO  impl.RaftServerProxy (RaftServerProxy.java:addNew(89)) - 0ad8d7ae-187f-46e3-a3e2-571100048e4e: addNew group-1778CDC389DE:[0ad8d7ae-187f-46e3-a3e2-571100048e4e:192.168.5.161:41840] returns group-1778CDC389DE:java.util.concurrent.CompletableFuture@392e2942[Not completed]
2019-08-30 19:58:32,687 [pool-469-thread-1] INFO  impl.RaftServerImpl (RaftServerImpl.java:<init>(93)) - 0ad8d7ae-187f-46e3-a3e2-571100048e4e: new RaftServerImpl for group-1778CDC389DE:[0ad8d7ae-187f-46e3-a3e2-571100048e4e:192.168.5.161:41840] with ContainerStateMachine:uninitialized
2019-08-30 19:58:32,687 [pool-469-thread-1] INFO  server.RaftServerConfigKeys (ConfUtils.java:logGet(43)) - raft.server.rpc.timeout.min = 5s (custom)
2019-08-30 19:58:32,687 [pool-469-thread-1] INFO  server.RaftServerConfigKeys (ConfUtils.java:logGet(43)) - raft.server.rpc.timeout.max = 5200ms (custom)
2019-08-30 19:58:32,687 [pool-469-thread-1] INFO  server.RaftServerConfigKeys (ConfUtils.java:logGet(43)) - raft.server.rpcslowness.timeout = 120s (custom)
2019-08-30 19:58:32,687 [pool-469-thread-1] INFO  server.RaftServerConfigKeys (ConfUtils.java:logGet(43)) - raft.server.sleep.deviation.threshold = 300 (default)
2019-08-30 19:58:32,687 [pool-469-thread-1] INFO  server.RaftServerConfigKeys (ConfUtils.java:logGet(43)) - raft.server.log.appender.install.snapshot.enabled = false (custom)
2019-08-30 19:58:32,688 [pool-469-thread-1] INFO  impl.RaftServerImpl (ServerState.java:<init>(105)) - 0ad8d7ae-187f-46e3-a3e2-571100048e4e:group-1778CDC389DE ConfigurationManager, init=-1: [0ad8d7ae-187f-46e3-a3e2-571100048e4e:192.168.5.161:41840], old=null, confs=<EMPTY_MAP>
2019-08-30 19:58:32,688 [pool-469-thread-1] INFO  server.RaftServerConfigKeys (ConfUtils.java:logGet(43)) - raft.server.storage.dir = [/workdir/hadoop-ozone/integration-test/target/test-dir/MiniOzoneClusterImpl-0ce34326-890c-4745-9fb2-859a42e91411/datanode-6/data/ratis] (custom)
2019-08-30 19:58:32,688 [pool-469-thread-1] INFO  storage.RaftStorageDirectory (RaftStorageDirectory.java:analyzeStorage(246)) - The storage directory /workdir/hadoop-ozone/integration-test/target/test-dir/MiniOzoneClusterImpl-0ce34326-890c-4745-9fb2-859a42e91411/datanode-6/data/ratis/ba4f554d-50e4-4947-b588-1778cdc389de does not exist. Creating ...
2019-08-30 19:58:32,701 [pool-469-thread-1] INFO  storage.RaftStorageDirectory (RaftStorageDirectory.java:tryLock(328)) - Lock on /workdir/hadoop-ozone/integration-test/target/test-dir/MiniOzoneClusterImpl-0ce34326-890c-4745-9fb2-859a42e91411/datanode-6/data/ratis/ba4f554d-50e4-4947-b588-1778cdc389de/in_use.lock acquired by nodename 29125@pr-hdds-1909-j96cs-3378088753
2019-08-30 19:58:32,713 [pool-469-thread-1] INFO  storage.RaftStorage (RaftStorage.java:format(72)) - Storage directory /workdir/hadoop-ozone/integration-test/target/test-dir/MiniOzoneClusterImpl-0ce34326-890c-4745-9fb2-859a42e91411/datanode-6/data/ratis/ba4f554d-50e4-4947-b588-1778cdc389de has been successfully formatted.
2019-08-30 19:58:32,713 [pool-469-thread-1] INFO  ratis.ContainerStateMachine (ContainerStateMachine.java:loadSnapshot(227)) - group-1778CDC389DE: The snapshot info is null. Setting the last applied indexto:(t:0, i:~)
2019-08-30 19:58:32,714 [pool-469-thread-1] INFO  server.RaftServerConfigKeys (ConfUtils.java:logGet(43)) - raft.server.leader.election.timeout = 120s (custom)
2019-08-30 19:58:32,714 [pool-469-thread-1] INFO  server.RaftServerConfigKeys (ConfUtils.java:logGet(43)) - raft.server.log.use.memory = false (default)
2019-08-30 19:58:32,714 [pool-469-thread-1] INFO  server.RaftServerConfigKeys (ConfUtils.java:logGet(43)) - raft.server.log.purge.gap = 1000000 (custom)
2019-08-30 19:58:32,714 [pool-469-thread-1] INFO  server.RaftServerConfigKeys (ConfUtils.java:logGet(43)) - raft.server.log.appender.buffer.byte-limit = 33554432 (custom)
2019-08-30 19:58:32,714 [pool-469-thread-1] INFO  server.RaftServerConfigKeys (ConfUtils.java:logGet(43)) - raft.server.log.segment.size.max = 1048576 (custom)
2019-08-30 19:58:32,714 [pool-469-thread-1] INFO  server.RaftServerConfigKeys (ConfUtils.java:logGet(43)) - raft.server.log.segment.cache.num.max = 2 (custom)
2019-08-30 19:58:32,714 [pool-469-thread-1] INFO  segmented.SegmentedRaftLogWorker (SegmentedRaftLogWorker.java:<init>(172)) - new 0ad8d7ae-187f-46e3-a3e2-571100048e4e-SegmentedRaftLogWorker:Storage Directory /workdir/hadoop-ozone/integration-test/target/test-dir/MiniOzoneClusterImpl-0ce34326-890c-4745-9fb2-859a42e91411/datanode-6/data/ratis/ba4f554d-50e4-4947-b588-1778cdc389de for RaftStorage:Storage Directory /workdir/hadoop-ozone/integration-test/target/test-dir/MiniOzoneClusterImpl-0ce34326-890c-4745-9fb2-859a42e91411/datanode-6/data/ratis/ba4f554d-50e4-4947-b588-1778cdc389de
2019-08-30 19:58:32,715 [pool-469-thread-1] INFO  server.RaftServerConfigKeys (ConfUtils.java:logGet(43)) - raft.server.log.queue.byte-limit = 2147483647 (custom)
2019-08-30 19:58:32,715 [pool-469-thread-1] INFO  server.RaftServerConfigKeys (ConfUtils.java:logGet(43)) - raft.server.log.queue.element-limit = 1024 (custom)
2019-08-30 19:58:32,715 [pool-469-thread-1] INFO  server.RaftServerConfigKeys (ConfUtils.java:logGet(43)) - raft.server.log.segment.size.max = 1048576 (custom)
2019-08-30 19:58:32,715 [pool-469-thread-1] INFO  server.RaftServerConfigKeys (ConfUtils.java:logGet(43)) - raft.server.log.preallocated.size = 16384 (custom)
2019-08-30 19:58:32,715 [pool-469-thread-1] INFO  server.RaftServerConfigKeys (ConfUtils.java:logGet(43)) - raft.server.log.write.buffer.size = 33554432 (custom)
2019-08-30 19:58:32,715 [pool-469-thread-1] INFO  server.RaftServerConfigKeys (ConfUtils.java:logGet(43)) - raft.server.log.force.sync.num = 128 (default)
2019-08-30 19:58:32,715 [pool-469-thread-1] INFO  server.RaftServerConfigKeys (ConfUtils.java:logGet(43)) - raft.server.log.statemachine.data.sync = true (default)
2019-08-30 19:58:32,715 [pool-469-thread-1] INFO  server.RaftServerConfigKeys (ConfUtils.java:logGet(43)) - raft.server.log.statemachine.data.sync.timeout = 10s (default)
2019-08-30 19:58:32,716 [pool-469-thread-1] INFO  server.RaftServerConfigKeys (ConfUtils.java:logGet(43)) - raft.server.log.statemachine.data.sync.timeout.retry = -1 (default)
2019-08-30 19:58:32,716 [pool-469-thread-1] INFO  server.RaftServerConfigKeys (ConfUtils.java:logGet(43)) - raft.server.log.statemachine.data.caching.enabled = true (custom)
2019-08-30 19:58:32,716 [pool-469-thread-1] INFO  segmented.SegmentedRaftLogWorker (SegmentedRaftLogWorker.java:lambda$new$0(132)) - 0ad8d7ae-187f-46e3-a3e2-571100048e4e-SegmentedRaftLogWorker:Storage Directory /workdir/hadoop-ozone/integration-test/target/test-dir/MiniOzoneClusterImpl-0ce34326-890c-4745-9fb2-859a42e91411/datanode-6/data/ratis/ba4f554d-50e4-4947-b588-1778cdc389de: flushIndex: setUnconditionally 0 -> -1
2019-08-30 19:58:32,716 [pool-469-thread-1] INFO  server.RaftServerConfigKeys (ConfUtils.java:logGet(43)) - raft.server.snapshot.auto.trigger.enabled = true (custom)
2019-08-30 19:58:32,717 [pool-469-thread-1] INFO  server.RaftServerConfigKeys (ConfUtils.java:logGet(43)) - raft.server.snapshot.auto.trigger.threshold = 10000 (custom)
2019-08-30 19:58:32,717 [pool-469-thread-1] INFO  server.RaftServerConfigKeys (ConfUtils.java:logGet(43)) - raft.server.retrycache.expirytime = 600000ms (custom)
2019-08-30 19:58:32,717 [pool-469-thread-1] INFO  impl.RaftServerImpl (RaftServerImpl.java:start(180)) - 0ad8d7ae-187f-46e3-a3e2-571100048e4e: start group-1778CDC389DE
2019-08-30 19:58:32,717 [pool-469-thread-1] INFO  impl.RaftServerImpl (RaftServerImpl.java:setRole(171)) - 0ad8d7ae-187f-46e3-a3e2-571100048e4e:group-1778CDC389DE changes role from null to FOLLOWER at term 0 for startAsFollower
2019-08-30 19:58:32,717 [pool-469-thread-1] INFO  impl.RoleInfo (RoleInfo.java:updateAndGet(143)) - 0ad8d7ae-187f-46e3-a3e2-571100048e4e: start FollowerState
2019-08-30 19:58:32,718 [pool-469-thread-1] INFO  util.JmxRegister (JmxRegister.java:tryRegister(44)) - Successfully registered JMX Bean with object name Ratis:service=RaftServer,group=group-1778CDC389DE,id=0ad8d7ae-187f-46e3-a3e2-571100048e4e
2019-08-30 19:58:32,722 [RatisPipelineUtilsThread] INFO  pipeline.PipelineStateManager (PipelineStateManager.java:addPipeline(56)) - Created pipeline Pipeline[ Id: ba4f554d-50e4-4947-b588-1778cdc389de, Nodes: 0ad8d7ae-187f-46e3-a3e2-571100048e4e{ip: 192.168.5.161, host: pr-hdds-1909-j96cs-3378088753, networkLocation: /default-rack, certSerialId: null}, Type:RATIS, Factor:ONE, State:OPEN]
2019-08-30 19:58:32,736 [grpc-default-executor-6] INFO  impl.RaftServerProxy (RaftServerProxy.java:addNew(89)) - 0ad8d7ae-187f-46e3-a3e2-571100048e4e: addNew group-5F8DFC6EBF12:[42fa8907-0757-405a-9793-077a04797055:192.168.5.161:38602, 0ad8d7ae-187f-46e3-a3e2-571100048e4e:192.168.5.161:41840, e5f88aa8-ed94-4632-9bac-96dc85ccdca1:192.168.5.161:34301] returns group-5F8DFC6EBF12:java.util.concurrent.CompletableFuture@76f1e7a7[Not completed]
2019-08-30 19:58:32,736 [grpc-default-executor-7] INFO  impl.RaftServerProxy (RaftServerProxy.java:addNew(89)) - 42fa8907-0757-405a-9793-077a04797055: addNew group-5F8DFC6EBF12:[42fa8907-0757-405a-9793-077a04797055:192.168.5.161:38602, 0ad8d7ae-187f-46e3-a3e2-571100048e4e:192.168.5.161:41840, e5f88aa8-ed94-4632-9bac-96dc85ccdca1:192.168.5.161:34301] returns group-5F8DFC6EBF12:java.util.concurrent.CompletableFuture@1f1f2858[Not completed]
2019-08-30 19:58:32,736 [grpc-default-executor-8] INFO  impl.RaftServerProxy (RaftServerProxy.java:addNew(89)) - e5f88aa8-ed94-4632-9bac-96dc85ccdca1: addNew group-5F8DFC6EBF12:[42fa8907-0757-405a-9793-077a04797055:192.168.5.161:38602, 0ad8d7ae-187f-46e3-a3e2-571100048e4e:192.168.5.161:41840, e5f88aa8-ed94-4632-9bac-96dc85ccdca1:192.168.5.161:34301] returns group-5F8DFC6EBF12:java.util.concurrent.CompletableFuture@24ece8b4[Not completed]
2019-08-30 19:58:32,738 [pool-469-thread-1] INFO  impl.RaftServerImpl (RaftServerImpl.java:<init>(93)) - 0ad8d7ae-187f-46e3-a3e2-571100048e4e: new RaftServerImpl for group-5F8DFC6EBF12:[42fa8907-0757-405a-9793-077a04797055:192.168.5.161:38602, 0ad8d7ae-187f-46e3-a3e2-571100048e4e:192.168.5.161:41840, e5f88aa8-ed94-4632-9bac-96dc85ccdca1:192.168.5.161:34301] with ContainerStateMachine:uninitialized
2019-08-30 19:58:32,738 [pool-469-thread-1] INFO  server.RaftServerConfigKeys (ConfUtils.java:logGet(43)) - raft.server.rpc.timeout.min = 5s (custom)
2019-08-30 19:58:32,738 [pool-469-thread-1] INFO  server.RaftServerConfigKeys (ConfUtils.java:logGet(43)) - raft.server.rpc.timeout.max = 5200ms (custom)
2019-08-30 19:58:32,738 [pool-469-thread-1] INFO  server.RaftServerConfigKeys (ConfUtils.java:logGet(43)) - raft.server.rpcslowness.timeout = 120s (custom)
2019-08-30 19:58:32,738 [pool-469-thread-1] INFO  server.RaftServerConfigKeys (ConfUtils.java:logGet(43)) - raft.server.sleep.deviation.threshold = 300 (default)
2019-08-30 19:58:32,738 [pool-469-thread-1] INFO  server.RaftServerConfigKeys (ConfUtils.java:logGet(43)) - raft.server.log.appender.install.snapshot.enabled = false (custom)
2019-08-30 19:58:32,738 [pool-469-thread-1] INFO  impl.RaftServerImpl (ServerState.java:<init>(105)) - 0ad8d7ae-187f-46e3-a3e2-571100048e4e:group-5F8DFC6EBF12 ConfigurationManager, init=-1: [42fa8907-0757-405a-9793-077a04797055:192.168.5.161:38602, 0ad8d7ae-187f-46e3-a3e2-571100048e4e:192.168.5.161:41840, e5f88aa8-ed94-4632-9bac-96dc85ccdca1:192.168.5.161:34301], old=null, confs=<EMPTY_MAP>
2019-08-30 19:58:32,738 [pool-439-thread-1] INFO  impl.RaftServerImpl (RaftServerImpl.java:<init>(93)) - e5f88aa8-ed94-4632-9bac-96dc85ccdca1: new RaftServerImpl for group-5F8DFC6EBF12:[42fa8907-0757-405a-9793-077a04797055:192.168.5.161:38602, 0ad8d7ae-187f-46e3-a3e2-571100048e4e:192.168.5.161:41840, e5f88aa8-ed94-4632-9bac-96dc85ccdca1:192.168.5.161:34301] with ContainerStateMachine:uninitialized
2019-08-30 19:58:32,739 [pool-469-thread-1] INFO  server.RaftServerConfigKeys (ConfUtils.java:logGet(43)) - raft.server.storage.dir = [/workdir/hadoop-ozone/integration-test/target/test-dir/MiniOzoneClusterImpl-0ce34326-890c-4745-9fb2-859a42e91411/datanode-6/data/ratis] (custom)
2019-08-30 19:58:32,739 [pool-439-thread-1] INFO  server.RaftServerConfigKeys (ConfUtils.java:logGet(43)) - raft.server.rpc.timeout.min = 5s (custom)
2019-08-30 19:58:32,739 [pool-439-thread-1] INFO  server.RaftServerConfigKeys (ConfUtils.java:logGet(43)) - raft.server.rpc.timeout.max = 5200ms (custom)
2019-08-30 19:58:32,739 [pool-469-thread-1] INFO  storage.RaftStorageDirectory (RaftStorageDirectory.java:analyzeStorage(246)) - The storage directory /workdir/hadoop-ozone/integration-test/target/test-dir/MiniOzoneClusterImpl-0ce34326-890c-4745-9fb2-859a42e91411/datanode-6/data/ratis/7d90f605-dbc9-4faa-81f7-5f8dfc6ebf12 does not exist. Creating ...
2019-08-30 19:58:32,739 [pool-459-thread-1] INFO  impl.RaftServerImpl (RaftServerImpl.java:<init>(93)) - 42fa8907-0757-405a-9793-077a04797055: new RaftServerImpl for group-5F8DFC6EBF12:[42fa8907-0757-405a-9793-077a04797055:192.168.5.161:38602, 0ad8d7ae-187f-46e3-a3e2-571100048e4e:192.168.5.161:41840, e5f88aa8-ed94-4632-9bac-96dc85ccdca1:192.168.5.161:34301] with ContainerStateMachine:uninitialized
2019-08-30 19:58:32,739 [pool-439-thread-1] INFO  server.RaftServerConfigKeys (ConfUtils.java:logGet(43)) - raft.server.rpcslowness.timeout = 120s (custom)
2019-08-30 19:58:32,739 [pool-459-thread-1] INFO  server.RaftServerConfigKeys (ConfUtils.java:logGet(43)) - raft.server.rpc.timeout.min = 5s (custom)
2019-08-30 19:58:32,739 [pool-439-thread-1] INFO  server.RaftServerConfigKeys (ConfUtils.java:logGet(43)) - raft.server.sleep.deviation.threshold = 300 (default)
2019-08-30 19:58:32,740 [pool-459-thread-1] INFO  server.RaftServerConfigKeys (ConfUtils.java:logGet(43)) - raft.server.rpc.timeout.max = 5200ms (custom)
2019-08-30 19:58:32,740 [pool-439-thread-1] INFO  server.RaftServerConfigKeys (ConfUtils.java:logGet(43)) - raft.server.log.appender.install.snapshot.enabled = false (custom)
2019-08-30 19:58:32,740 [pool-459-thread-1] INFO  server.RaftServerConfigKeys (ConfUtils.java:logGet(43)) - raft.server.rpcslowness.timeout = 120s (custom)
2019-08-30 19:58:32,740 [pool-439-thread-1] INFO  impl.RaftServerImpl (ServerState.java:<init>(105)) - e5f88aa8-ed94-4632-9bac-96dc85ccdca1:group-5F8DFC6EBF12 ConfigurationManager, init=-1: [42fa8907-0757-405a-9793-077a04797055:192.168.5.161:38602, 0ad8d7ae-187f-46e3-a3e2-571100048e4e:192.168.5.161:41840, e5f88aa8-ed94-4632-9bac-96dc85ccdca1:192.168.5.161:34301], old=null, confs=<EMPTY_MAP>
2019-08-30 19:58:32,740 [pool-459-thread-1] INFO  server.RaftServerConfigKeys (ConfUtils.java:logGet(43)) - raft.server.sleep.deviation.threshold = 300 (default)
2019-08-30 19:58:32,740 [pool-439-thread-1] INFO  server.RaftServerConfigKeys (ConfUtils.java:logGet(43)) - raft.server.storage.dir = [/workdir/hadoop-ozone/integration-test/target/test-dir/MiniOzoneClusterImpl-0ce34326-890c-4745-9fb2-859a42e91411/datanode-3/data/ratis] (custom)
2019-08-30 19:58:32,740 [pool-459-thread-1] INFO  server.RaftServerConfigKeys (ConfUtils.java:logGet(43)) - raft.server.log.appender.install.snapshot.enabled = false (custom)
2019-08-30 19:58:32,741 [pool-459-thread-1] INFO  impl.RaftServerImpl (ServerState.java:<init>(105)) - 42fa8907-0757-405a-9793-077a04797055:group-5F8DFC6EBF12 ConfigurationManager, init=-1: [42fa8907-0757-405a-9793-077a04797055:192.168.5.161:38602, 0ad8d7ae-187f-46e3-a3e2-571100048e4e:192.168.5.161:41840, e5f88aa8-ed94-4632-9bac-96dc85ccdca1:192.168.5.161:34301], old=null, confs=<EMPTY_MAP>
2019-08-30 19:58:32,741 [pool-439-thread-1] INFO  storage.RaftStorageDirectory (RaftStorageDirectory.java:analyzeStorage(246)) - The storage directory /workdir/hadoop-ozone/integration-test/target/test-dir/MiniOzoneClusterImpl-0ce34326-890c-4745-9fb2-859a42e91411/datanode-3/data/ratis/7d90f605-dbc9-4faa-81f7-5f8dfc6ebf12 does not exist. Creating ...
2019-08-30 19:58:32,741 [pool-459-thread-1] INFO  server.RaftServerConfigKeys (ConfUtils.java:logGet(43)) - raft.server.storage.dir = [/workdir/hadoop-ozone/integration-test/target/test-dir/MiniOzoneClusterImpl-0ce34326-890c-4745-9fb2-859a42e91411/datanode-5/data/ratis] (custom)
2019-08-30 19:58:32,742 [pool-459-thread-1] INFO  storage.RaftStorageDirectory (RaftStorageDirectory.java:analyzeStorage(246)) - The storage directory /workdir/hadoop-ozone/integration-test/target/test-dir/MiniOzoneClusterImpl-0ce34326-890c-4745-9fb2-859a42e91411/datanode-5/data/ratis/7d90f605-dbc9-4faa-81f7-5f8dfc6ebf12 does not exist. Creating ...
2019-08-30 19:58:32,764 [pool-469-thread-1] INFO  storage.RaftStorageDirectory (RaftStorageDirectory.java:tryLock(328)) - Lock on /workdir/hadoop-ozone/integration-test/target/test-dir/MiniOzoneClusterImpl-0ce34326-890c-4745-9fb2-859a42e91411/datanode-6/data/ratis/7d90f605-dbc9-4faa-81f7-5f8dfc6ebf12/in_use.lock acquired by nodename 29125@pr-hdds-1909-j96cs-3378088753
2019-08-30 19:58:32,764 [pool-439-thread-1] INFO  storage.RaftStorageDirectory (RaftStorageDirectory.java:tryLock(328)) - Lock on /workdir/hadoop-ozone/integration-test/target/test-dir/MiniOzoneClusterImpl-0ce34326-890c-4745-9fb2-859a42e91411/datanode-3/data/ratis/7d90f605-dbc9-4faa-81f7-5f8dfc6ebf12/in_use.lock acquired by nodename 29125@pr-hdds-1909-j96cs-3378088753
2019-08-30 19:58:32,764 [pool-459-thread-1] INFO  storage.RaftStorageDirectory (RaftStorageDirectory.java:tryLock(328)) - Lock on /workdir/hadoop-ozone/integration-test/target/test-dir/MiniOzoneClusterImpl-0ce34326-890c-4745-9fb2-859a42e91411/datanode-5/data/ratis/7d90f605-dbc9-4faa-81f7-5f8dfc6ebf12/in_use.lock acquired by nodename 29125@pr-hdds-1909-j96cs-3378088753
2019-08-30 19:58:32,780 [pool-469-thread-1] INFO  storage.RaftStorage (RaftStorage.java:format(72)) - Storage directory /workdir/hadoop-ozone/integration-test/target/test-dir/MiniOzoneClusterImpl-0ce34326-890c-4745-9fb2-859a42e91411/datanode-6/data/ratis/7d90f605-dbc9-4faa-81f7-5f8dfc6ebf12 has been successfully formatted.
2019-08-30 19:58:32,780 [pool-459-thread-1] INFO  storage.RaftStorage (RaftStorage.java:format(72)) - Storage directory /workdir/hadoop-ozone/integration-test/target/test-dir/MiniOzoneClusterImpl-0ce34326-890c-4745-9fb2-859a42e91411/datanode-5/data/ratis/7d90f605-dbc9-4faa-81f7-5f8dfc6ebf12 has been successfully formatted.
2019-08-30 19:58:32,780 [pool-439-thread-1] INFO  storage.RaftStorage (RaftStorage.java:format(72)) - Storage directory /workdir/hadoop-ozone/integration-test/target/test-dir/MiniOzoneClusterImpl-0ce34326-890c-4745-9fb2-859a42e91411/datanode-3/data/ratis/7d90f605-dbc9-4faa-81f7-5f8dfc6ebf12 has been successfully formatted.
2019-08-30 19:58:32,781 [pool-459-thread-1] INFO  ratis.ContainerStateMachine (ContainerStateMachine.java:loadSnapshot(227)) - group-5F8DFC6EBF12: The snapshot info is null. Setting the last applied indexto:(t:0, i:~)
2019-08-30 19:58:32,781 [pool-469-thread-1] INFO  ratis.ContainerStateMachine (ContainerStateMachine.java:loadSnapshot(227)) - group-5F8DFC6EBF12: The snapshot info is null. Setting the last applied indexto:(t:0, i:~)
2019-08-30 19:58:32,781 [pool-459-thread-1] INFO  server.RaftServerConfigKeys (ConfUtils.java:logGet(43)) - raft.server.leader.election.timeout = 120s (custom)
2019-08-30 19:58:32,781 [pool-439-thread-1] INFO  ratis.ContainerStateMachine (ContainerStateMachine.java:loadSnapshot(227)) - group-5F8DFC6EBF12: The snapshot info is null. Setting the last applied indexto:(t:0, i:~)
2019-08-30 19:58:32,781 [pool-459-thread-1] INFO  server.RaftServerConfigKeys (ConfUtils.java:logGet(43)) - raft.server.log.use.memory = false (default)
2019-08-30 19:58:32,781 [pool-469-thread-1] INFO  server.RaftServerConfigKeys (ConfUtils.java:logGet(43)) - raft.server.leader.election.timeout = 120s (custom)
2019-08-30 19:58:32,782 [pool-459-thread-1] INFO  server.RaftServerConfigKeys (ConfUtils.java:logGet(43)) - raft.server.log.purge.gap = 1000000 (custom)
2019-08-30 19:58:32,782 [pool-439-thread-1] INFO  server.RaftServerConfigKeys (ConfUtils.java:logGet(43)) - raft.server.leader.election.timeout = 120s (custom)
2019-08-30 19:58:32,782 [pool-459-thread-1] INFO  server.RaftServerConfigKeys (ConfUtils.java:logGet(43)) - raft.server.log.appender.buffer.byte-limit = 33554432 (custom)
2019-08-30 19:58:32,782 [pool-469-thread-1] INFO  server.RaftServerConfigKeys (ConfUtils.java:logGet(43)) - raft.server.log.use.memory = false (default)
2019-08-30 19:58:32,782 [pool-459-thread-1] INFO  server.RaftServerConfigKeys (ConfUtils.java:logGet(43)) - raft.server.log.segment.size.max = 1048576 (custom)
2019-08-30 19:58:32,782 [pool-439-thread-1] INFO  server.RaftServerConfigKeys (ConfUtils.java:logGet(43)) - raft.server.log.use.memory = false (default)
2019-08-30 19:58:32,783 [pool-459-thread-1] INFO  server.RaftServerConfigKeys (ConfUtils.java:logGet(43)) - raft.server.log.segment.cache.num.max = 2 (custom)
2019-08-30 19:58:32,782 [pool-469-thread-1] INFO  server.RaftServerConfigKeys (ConfUtils.java:logGet(43)) - raft.server.log.purge.gap = 1000000 (custom)
2019-08-30 19:58:32,783 [pool-459-thread-1] INFO  segmented.SegmentedRaftLogWorker (SegmentedRaftLogWorker.java:<init>(172)) - new 42fa8907-0757-405a-9793-077a04797055-SegmentedRaftLogWorker:Storage Directory /workdir/hadoop-ozone/integration-test/target/test-dir/MiniOzoneClusterImpl-0ce34326-890c-4745-9fb2-859a42e91411/datanode-5/data/ratis/7d90f605-dbc9-4faa-81f7-5f8dfc6ebf12 for RaftStorage:Storage Directory /workdir/hadoop-ozone/integration-test/target/test-dir/MiniOzoneClusterImpl-0ce34326-890c-4745-9fb2-859a42e91411/datanode-5/data/ratis/7d90f605-dbc9-4faa-81f7-5f8dfc6ebf12
2019-08-30 19:58:32,783 [pool-439-thread-1] INFO  server.RaftServerConfigKeys (ConfUtils.java:logGet(43)) - raft.server.log.purge.gap = 1000000 (custom)
2019-08-30 19:58:32,783 [pool-459-thread-1] INFO  server.RaftServerConfigKeys (ConfUtils.java:logGet(43)) - raft.server.log.queue.byte-limit = 2147483647 (custom)
2019-08-30 19:58:32,783 [pool-469-thread-1] INFO  server.RaftServerConfigKeys (ConfUtils.java:logGet(43)) - raft.server.log.appender.buffer.byte-limit = 33554432 (custom)
2019-08-30 19:58:32,783 [pool-459-thread-1] INFO  server.RaftServerConfigKeys (ConfUtils.java:logGet(43)) - raft.server.log.queue.element-limit = 1024 (custom)
2019-08-30 19:58:32,783 [pool-439-thread-1] INFO  server.RaftServerConfigKeys (ConfUtils.java:logGet(43)) - raft.server.log.appender.buffer.byte-limit = 33554432 (custom)
2019-08-30 19:58:32,784 [pool-459-thread-1] INFO  server.RaftServerConfigKeys (ConfUtils.java:logGet(43)) - raft.server.log.segment.size.max = 1048576 (custom)
2019-08-30 19:58:32,784 [pool-459-thread-1] INFO  server.RaftServerConfigKeys (ConfUtils.java:logGet(43)) - raft.server.log.preallocated.size = 16384 (custom)
2019-08-30 19:58:32,784 [pool-469-thread-1] INFO  server.RaftServerConfigKeys (ConfUtils.java:logGet(43)) - raft.server.log.segment.size.max = 1048576 (custom)
2019-08-30 19:58:32,784 [pool-459-thread-1] INFO  server.RaftServerConfigKeys (ConfUtils.java:logGet(43)) - raft.server.log.write.buffer.size = 33554432 (custom)
2019-08-30 19:58:32,784 [pool-439-thread-1] INFO  server.RaftServerConfigKeys (ConfUtils.java:logGet(43)) - raft.server.log.segment.size.max = 1048576 (custom)
2019-08-30 19:58:32,785 [pool-459-thread-1] INFO  server.RaftServerConfigKeys (ConfUtils.java:logGet(43)) - raft.server.log.force.sync.num = 128 (default)
2019-08-30 19:58:32,784 [pool-469-thread-1] INFO  server.RaftServerConfigKeys (ConfUtils.java:logGet(43)) - raft.server.log.segment.cache.num.max = 2 (custom)
2019-08-30 19:58:32,785 [pool-459-thread-1] INFO  server.RaftServerConfigKeys (ConfUtils.java:logGet(43)) - raft.server.log.statemachine.data.sync = true (default)
2019-08-30 19:58:32,785 [pool-439-thread-1] INFO  server.RaftServerConfigKeys (ConfUtils.java:logGet(43)) - raft.server.log.segment.cache.num.max = 2 (custom)
2019-08-30 19:58:32,785 [pool-459-thread-1] INFO  server.RaftServerConfigKeys (ConfUtils.java:logGet(43)) - raft.server.log.statemachine.data.sync.timeout = 10s (default)
2019-08-30 19:58:32,786 [pool-459-thread-1] INFO  server.RaftServerConfigKeys (ConfUtils.java:logGet(43)) - raft.server.log.statemachine.data.sync.timeout.retry = -1 (default)
2019-08-30 19:58:32,785 [pool-469-thread-1] INFO  segmented.SegmentedRaftLogWorker (SegmentedRaftLogWorker.java:<init>(172)) - new 0ad8d7ae-187f-46e3-a3e2-571100048e4e-SegmentedRaftLogWorker:Storage Directory /workdir/hadoop-ozone/integration-test/target/test-dir/MiniOzoneClusterImpl-0ce34326-890c-4745-9fb2-859a42e91411/datanode-6/data/ratis/7d90f605-dbc9-4faa-81f7-5f8dfc6ebf12 for RaftStorage:Storage Directory /workdir/hadoop-ozone/integration-test/target/test-dir/MiniOzoneClusterImpl-0ce34326-890c-4745-9fb2-859a42e91411/datanode-6/data/ratis/7d90f605-dbc9-4faa-81f7-5f8dfc6ebf12
2019-08-30 19:58:32,786 [pool-459-thread-1] INFO  server.RaftServerConfigKeys (ConfUtils.java:logGet(43)) - raft.server.log.statemachine.data.caching.enabled = true (custom)
2019-08-30 19:58:32,785 [pool-439-thread-1] INFO  segmented.SegmentedRaftLogWorker (SegmentedRaftLogWorker.java:<init>(172)) - new e5f88aa8-ed94-4632-9bac-96dc85ccdca1-SegmentedRaftLogWorker:Storage Directory /workdir/hadoop-ozone/integration-test/target/test-dir/MiniOzoneClusterImpl-0ce34326-890c-4745-9fb2-859a42e91411/datanode-3/data/ratis/7d90f605-dbc9-4faa-81f7-5f8dfc6ebf12 for RaftStorage:Storage Directory /workdir/hadoop-ozone/integration-test/target/test-dir/MiniOzoneClusterImpl-0ce34326-890c-4745-9fb2-859a42e91411/datanode-3/data/ratis/7d90f605-dbc9-4faa-81f7-5f8dfc6ebf12
2019-08-30 19:58:32,786 [pool-459-thread-1] INFO  segmented.SegmentedRaftLogWorker (SegmentedRaftLogWorker.java:lambda$new$0(132)) - 42fa8907-0757-405a-9793-077a04797055-SegmentedRaftLogWorker:Storage Directory /workdir/hadoop-ozone/integration-test/target/test-dir/MiniOzoneClusterImpl-0ce34326-890c-4745-9fb2-859a42e91411/datanode-5/data/ratis/7d90f605-dbc9-4faa-81f7-5f8dfc6ebf12: flushIndex: setUnconditionally 0 -> -1
2019-08-30 19:58:32,786 [pool-469-thread-1] INFO  server.RaftServerConfigKeys (ConfUtils.java:logGet(43)) - raft.server.log.queue.byte-limit = 2147483647 (custom)
2019-08-30 19:58:32,786 [pool-439-thread-1] INFO  server.RaftServerConfigKeys (ConfUtils.java:logGet(43)) - raft.server.log.queue.byte-limit = 2147483647 (custom)
2019-08-30 19:58:32,787 [pool-459-thread-1] INFO  server.RaftServerConfigKeys (ConfUtils.java:logGet(43)) - raft.server.snapshot.auto.trigger.enabled = true (custom)
2019-08-30 19:58:32,787 [pool-469-thread-1] INFO  server.RaftServerConfigKeys (ConfUtils.java:logGet(43)) - raft.server.log.queue.element-limit = 1024 (custom)
2019-08-30 19:58:32,787 [pool-459-thread-1] INFO  server.RaftServerConfigKeys (ConfUtils.java:logGet(43)) - raft.server.snapshot.auto.trigger.threshold = 10000 (custom)
2019-08-30 19:58:32,787 [pool-439-thread-1] INFO  server.RaftServerConfigKeys (ConfUtils.java:logGet(43)) - raft.server.log.queue.element-limit = 1024 (custom)
2019-08-30 19:58:32,787 [pool-459-thread-1] INFO  server.RaftServerConfigKeys (ConfUtils.java:logGet(43)) - raft.server.retrycache.expirytime = 600000ms (custom)
2019-08-30 19:58:32,787 [pool-469-thread-1] INFO  server.RaftServerConfigKeys (ConfUtils.java:logGet(43)) - raft.server.log.segment.size.max = 1048576 (custom)
2019-08-30 19:58:32,788 [pool-459-thread-1] INFO  impl.RaftServerImpl (RaftServerImpl.java:start(180)) - 42fa8907-0757-405a-9793-077a04797055: start group-5F8DFC6EBF12
2019-08-30 19:58:32,787 [pool-439-thread-1] INFO  server.RaftServerConfigKeys (ConfUtils.java:logGet(43)) - raft.server.log.segment.size.max = 1048576 (custom)
2019-08-30 19:58:32,788 [pool-459-thread-1] INFO  impl.RaftServerImpl (RaftServerImpl.java:setRole(171)) - 42fa8907-0757-405a-9793-077a04797055:group-5F8DFC6EBF12 changes role from null to FOLLOWER at term 0 for startAsFollower
2019-08-30 19:58:32,788 [pool-469-thread-1] INFO  server.RaftServerConfigKeys (ConfUtils.java:logGet(43)) - raft.server.log.preallocated.size = 16384 (custom)
2019-08-30 19:58:32,788 [pool-459-thread-1] INFO  impl.RoleInfo (RoleInfo.java:updateAndGet(143)) - 42fa8907-0757-405a-9793-077a04797055: start FollowerState
2019-08-30 19:58:32,788 [pool-439-thread-1] INFO  server.RaftServerConfigKeys (ConfUtils.java:logGet(43)) - raft.server.log.preallocated.size = 16384 (custom)
2019-08-30 19:58:32,788 [pool-469-thread-1] INFO  server.RaftServerConfigKeys (ConfUtils.java:logGet(43)) - raft.server.log.write.buffer.size = 33554432 (custom)
2019-08-30 19:58:32,789 [pool-439-thread-1] INFO  server.RaftServerConfigKeys (ConfUtils.java:logGet(43)) - raft.server.log.write.buffer.size = 33554432 (custom)
2019-08-30 19:58:32,789 [pool-459-thread-1] INFO  util.JmxRegister (JmxRegister.java:tryRegister(44)) - Successfully registered JMX Bean with object name Ratis:service=RaftServer,group=group-5F8DFC6EBF12,id=42fa8907-0757-405a-9793-077a04797055
2019-08-30 19:58:32,789 [pool-469-thread-1] INFO  server.RaftServerConfigKeys (ConfUtils.java:logGet(43)) - raft.server.log.force.sync.num = 128 (default)
2019-08-30 19:58:32,789 [pool-439-thread-1] INFO  server.RaftServerConfigKeys (ConfUtils.java:logGet(43)) - raft.server.log.force.sync.num = 128 (default)
2019-08-30 19:58:32,789 [pool-469-thread-1] INFO  server.RaftServerConfigKeys (ConfUtils.java:logGet(43)) - raft.server.log.statemachine.data.sync = true (default)
2019-08-30 19:58:32,789 [pool-439-thread-1] INFO  server.RaftServerConfigKeys (ConfUtils.java:logGet(43)) - raft.server.log.statemachine.data.sync = true (default)
2019-08-30 19:58:32,790 [pool-469-thread-1] INFO  server.RaftServerConfigKeys (ConfUtils.java:logGet(43)) - raft.server.log.statemachine.data.sync.timeout = 10s (default)
2019-08-30 19:58:32,790 [pool-439-thread-1] INFO  server.RaftServerConfigKeys (ConfUtils.java:logGet(43)) - raft.server.log.statemachine.data.sync.timeout = 10s (default)
2019-08-30 19:58:32,790 [pool-469-thread-1] INFO  server.RaftServerConfigKeys (ConfUtils.java:logGet(43)) - raft.server.log.statemachine.data.sync.timeout.retry = -1 (default)
2019-08-30 19:58:32,790 [pool-439-thread-1] INFO  server.RaftServerConfigKeys (ConfUtils.java:logGet(43)) - raft.server.log.statemachine.data.sync.timeout.retry = -1 (default)
2019-08-30 19:58:32,790 [pool-469-thread-1] INFO  server.RaftServerConfigKeys (ConfUtils.java:logGet(43)) - raft.server.log.statemachine.data.caching.enabled = true (custom)
2019-08-30 19:58:32,793 [pool-439-thread-1] INFO  server.RaftServerConfigKeys (ConfUtils.java:logGet(43)) - raft.server.log.statemachine.data.caching.enabled = true (custom)
2019-08-30 19:58:32,794 [pool-469-thread-1] INFO  segmented.SegmentedRaftLogWorker (SegmentedRaftLogWorker.java:lambda$new$0(132)) - 0ad8d7ae-187f-46e3-a3e2-571100048e4e-SegmentedRaftLogWorker:Storage Directory /workdir/hadoop-ozone/integration-test/target/test-dir/MiniOzoneClusterImpl-0ce34326-890c-4745-9fb2-859a42e91411/datanode-6/data/ratis/7d90f605-dbc9-4faa-81f7-5f8dfc6ebf12: flushIndex: setUnconditionally 0 -> -1
2019-08-30 19:58:32,794 [pool-439-thread-1] INFO  segmented.SegmentedRaftLogWorker (SegmentedRaftLogWorker.java:lambda$new$0(132)) - e5f88aa8-ed94-4632-9bac-96dc85ccdca1-SegmentedRaftLogWorker:Storage Directory /workdir/hadoop-ozone/integration-test/target/test-dir/MiniOzoneClusterImpl-0ce34326-890c-4745-9fb2-859a42e91411/datanode-3/data/ratis/7d90f605-dbc9-4faa-81f7-5f8dfc6ebf12: flushIndex: setUnconditionally 0 -> -1
2019-08-30 19:58:32,794 [pool-469-thread-1] INFO  server.RaftServerConfigKeys (ConfUtils.java:logGet(43)) - raft.server.snapshot.auto.trigger.enabled = true (custom)
2019-08-30 19:58:32,794 [pool-469-thread-1] INFO  server.RaftServerConfigKeys (ConfUtils.java:logGet(43)) - raft.server.snapshot.auto.trigger.threshold = 10000 (custom)
2019-08-30 19:58:32,794 [pool-439-thread-1] INFO  server.RaftServerConfigKeys (ConfUtils.java:logGet(43)) - raft.server.snapshot.auto.trigger.enabled = true (custom)
2019-08-30 19:58:32,794 [pool-469-thread-1] INFO  server.RaftServerConfigKeys (ConfUtils.java:logGet(43)) - raft.server.retrycache.expirytime = 600000ms (custom)
2019-08-30 19:58:32,794 [pool-439-thread-1] INFO  server.RaftServerConfigKeys (ConfUtils.java:logGet(43)) - raft.server.snapshot.auto.trigger.threshold = 10000 (custom)
2019-08-30 19:58:32,795 [pool-469-thread-1] INFO  impl.RaftServerImpl (RaftServerImpl.java:start(180)) - 0ad8d7ae-187f-46e3-a3e2-571100048e4e: start group-5F8DFC6EBF12
2019-08-30 19:58:32,795 [pool-439-thread-1] INFO  server.RaftServerConfigKeys (ConfUtils.java:logGet(43)) - raft.server.retrycache.expirytime = 600000ms (custom)
2019-08-30 19:58:32,795 [pool-469-thread-1] INFO  impl.RaftServerImpl (RaftServerImpl.java:setRole(171)) - 0ad8d7ae-187f-46e3-a3e2-571100048e4e:group-5F8DFC6EBF12 changes role from null to FOLLOWER at term 0 for startAsFollower
2019-08-30 19:58:32,795 [pool-439-thread-1] INFO  impl.RaftServerImpl (RaftServerImpl.java:start(180)) - e5f88aa8-ed94-4632-9bac-96dc85ccdca1: start group-5F8DFC6EBF12
2019-08-30 19:58:32,795 [pool-469-thread-1] INFO  impl.RoleInfo (RoleInfo.java:updateAndGet(143)) - 0ad8d7ae-187f-46e3-a3e2-571100048e4e: start FollowerState
2019-08-30 19:58:32,795 [pool-439-thread-1] INFO  impl.RaftServerImpl (RaftServerImpl.java:setRole(171)) - e5f88aa8-ed94-4632-9bac-96dc85ccdca1:group-5F8DFC6EBF12 changes role from null to FOLLOWER at term 0 for startAsFollower
2019-08-30 19:58:32,795 [pool-439-thread-1] INFO  impl.RoleInfo (RoleInfo.java:updateAndGet(143)) - e5f88aa8-ed94-4632-9bac-96dc85ccdca1: start FollowerState
2019-08-30 19:58:32,796 [pool-469-thread-1] INFO  util.JmxRegister (JmxRegister.java:tryRegister(44)) - Successfully registered JMX Bean with object name Ratis:service=RaftServer,group=group-5F8DFC6EBF12,id=0ad8d7ae-187f-46e3-a3e2-571100048e4e
2019-08-30 19:58:32,796 [pool-439-thread-1] INFO  util.JmxRegister (JmxRegister.java:tryRegister(44)) - Successfully registered JMX Bean with object name Ratis:service=RaftServer,group=group-5F8DFC6EBF12,id=e5f88aa8-ed94-4632-9bac-96dc85ccdca1
2019-08-30 19:58:32,803 [RatisPipelineUtilsThread] INFO  pipeline.PipelineStateManager (PipelineStateManager.java:addPipeline(56)) - Created pipeline Pipeline[ Id: 7d90f605-dbc9-4faa-81f7-5f8dfc6ebf12, Nodes: 0ad8d7ae-187f-46e3-a3e2-571100048e4e{ip: 192.168.5.161, host: pr-hdds-1909-j96cs-3378088753, networkLocation: /default-rack, certSerialId: null}42fa8907-0757-405a-9793-077a04797055{ip: 192.168.5.161, host: pr-hdds-1909-j96cs-3378088753, networkLocation: /default-rack, certSerialId: null}e5f88aa8-ed94-4632-9bac-96dc85ccdca1{ip: 192.168.5.161, host: pr-hdds-1909-j96cs-3378088753, networkLocation: /default-rack, certSerialId: null}, Type:RATIS, Factor:THREE, State:OPEN]
2019-08-30 19:58:33,639 [main] INFO  ozone.MiniOzoneClusterImpl (MiniOzoneClusterImpl.java:lambda$waitForClusterToBeReady$0(140)) - Cluster is ready. Got 7 of 7 DN Heartbeats.
2019-08-30 19:58:33,677 [main] INFO  rpc.RpcClient (RpcClient.java:createVolume(293)) - Creating Volume: testblockoutputstream, with jenkins1000 as owner.
2019-08-30 19:58:33,681 | INFO  | OMAudit | user=jenkins1000 | ip=127.0.0.1 | op=CREATE_VOLUME {admin=jenkins1000, owner=jenkins1000, volume=testblockoutputstream, creationTime=1567195113680, quotaInBytes=1152921504606846976} | ret=SUCCESS |  
2019-08-30 19:58:33,687 [IPC Server handler 0 on 35946] INFO  volume.OMVolumeCreateRequest (OMVolumeCreateRequest.java:validateAndUpdateCache(189)) - created volume:testblockoutputstream for user:jenkins1000
2019-08-30 19:58:33,703 | INFO  | OMAudit | user=jenkins1000 | ip=127.0.0.1 | op=READ_VOLUME {volume=testblockoutputstream} | ret=SUCCESS |  
2019-08-30 19:58:33,705 [main] INFO  rpc.RpcClient (RpcClient.java:createBucket(432)) - Creating Bucket: testblockoutputstream/testblockoutputstream, with Versioning false and Storage Type set to DISK and Encryption set to false 
2019-08-30 19:58:33,709 | INFO  | OMAudit | user=jenkins1000 | ip=127.0.0.1 | op=CREATE_BUCKET {volume=testblockoutputstream, bucket=testblockoutputstream, acls=[user:jenkins1000:a[ACCESS], group:default:a[ACCESS]], isVersionEnabled=false, storageType=DISK, creationTime=1567195113706} | ret=SUCCESS |  
2019-08-30 19:58:33,710 | INFO  | OMAudit | user=jenkins1000 | ip=127.0.0.1 | op=READ_VOLUME {volume=testblockoutputstream} | ret=SUCCESS |  
2019-08-30 19:58:33,711 | INFO  | OMAudit | user=jenkins1000 | ip=127.0.0.1 | op=READ_BUCKET {volume=testblockoutputstream, bucket=testblockoutputstream} | ret=SUCCESS |  
2019-08-30 19:58:33,715 | INFO  | SCMAudit | user=jenkins1000 | ip=192.168.5.161 | op=ALLOCATE_BLOCK {owner=9915c54e-af32-472b-a865-9cd93b8a061f, size=800, type=RATIS, factor=THREE} | ret=SUCCESS |  
2019-08-30 19:58:33,720 | INFO  | OMAudit | user=jenkins1000 | ip=127.0.0.1 | op=ALLOCATE_KEY {volume=testblockoutputstream, bucket=testblockoutputstream, key=fc81fc9b-5b38-40ef-9fc1-f467f20fca47, dataSize=800, replicationType=RATIS, replicationFactor=THREE, keyLocationInfo=[blockID {
  containerBlockID {
    containerID: 1
    localID: 102707698972426253
  }
  blockCommitSequenceId: 0
}
offset: 0
length: 800
createVersion: 0
pipeline {
  leaderID: ""
  members {
    uuid: "2d422090-8abf-42f3-9732-1fabf469113c"
    ipAddress: "192.168.5.161"
    hostName: "pr-hdds-1909-j96cs-3378088753"
    ports {
      name: "RATIS"
      value: 33657
    }
    ports {
      name: "STANDALONE"
      value: 40606
    }
    networkName: "2d422090-8abf-42f3-9732-1fabf469113c"
    networkLocation: "/default-rack"
  }
  members {
    uuid: "02b55be5-f766-42b8-b701-7d673475772a"
    ipAddress: "192.168.5.161"
    hostName: "pr-hdds-1909-j96cs-3378088753"
    ports {
      name: "RATIS"
      value: 42842
    }
    ports {
      name: "STANDALONE"
      value: 46709
    }
    networkName: "02b55be5-f766-42b8-b701-7d673475772a"
    networkLocation: "/default-rack"
  }
  members {
    uuid: "f263c918-4003-4dfb-a666-c73a676ec01c"
    ipAddress: "192.168.5.161"
    hostName: "pr-hdds-1909-j96cs-3378088753"
    ports {
      name: "RATIS"
      value: 37893
    }
    ports {
      name: "STANDALONE"
      value: 40295
    }
    networkName: "f263c918-4003-4dfb-a666-c73a676ec01c"
    networkLocation: "/default-rack"
  }
  state: PIPELINE_OPEN
  type: RATIS
  factor: THREE
  id {
    id: "8720d2a6-2fa3-407d-ac22-a62c2177b50e"
  }
}
]} | ret=SUCCESS |  
2019-08-30 19:58:33,735 [grpc-default-executor-8] INFO  client.GrpcClientProtocolClient (GrpcClientProtocolClient.java:onNext(255)) - client-60D41D326807->2d422090-8abf-42f3-9732-1fabf469113c: receive RaftClientReply:client-60D41D326807->2d422090-8abf-42f3-9732-1fabf469113c@group-A62C2177B50E, cid=183, FAILED org.apache.ratis.protocol.NotLeaderException: Server 2d422090-8abf-42f3-9732-1fabf469113c is not the leader (null). Request must be sent to leader., logIndex=0, commits[2d422090-8abf-42f3-9732-1fabf469113c:c-1]
2019-08-30 19:58:34,261 | INFO  | SCMAudit | user=jenkins1000 | ip=192.168.5.161 | op=SEND_HEARTBEAT {datanodeUUID=2d422090-8abf-42f3-9732-1fabf469113c, command=[]} | ret=SUCCESS |  
2019-08-30 19:58:34,324 | INFO  | SCMAudit | user=jenkins1000 | ip=192.168.5.161 | op=SEND_HEARTBEAT {datanodeUUID=f263c918-4003-4dfb-a666-c73a676ec01c, command=[]} | ret=SUCCESS |  
2019-08-30 19:58:34,385 | INFO  | SCMAudit | user=jenkins1000 | ip=192.168.5.161 | op=SEND_HEARTBEAT {datanodeUUID=02b55be5-f766-42b8-b701-7d673475772a, command=[]} | ret=SUCCESS |  
2019-08-30 19:58:34,447 | INFO  | SCMAudit | user=jenkins1000 | ip=192.168.5.161 | op=SEND_HEARTBEAT {datanodeUUID=e5f88aa8-ed94-4632-9bac-96dc85ccdca1, command=[]} | ret=SUCCESS |  
2019-08-30 19:58:34,512 | INFO  | SCMAudit | user=jenkins1000 | ip=192.168.5.161 | op=SEND_HEARTBEAT {datanodeUUID=527b2082-6919-40b0-be6c-4b03673bbbcf, command=[]} | ret=SUCCESS |  
2019-08-30 19:58:34,575 | INFO  | SCMAudit | user=jenkins1000 | ip=192.168.5.161 | op=SEND_HEARTBEAT {datanodeUUID=42fa8907-0757-405a-9793-077a04797055, command=[]} | ret=SUCCESS |  
2019-08-30 19:58:34,638 | INFO  | SCMAudit | user=jenkins1000 | ip=192.168.5.161 | op=SEND_HEARTBEAT {datanodeUUID=0ad8d7ae-187f-46e3-a3e2-571100048e4e, command=[]} | ret=SUCCESS |  
2019-08-30 19:58:34,755 [grpc-default-executor-8] INFO  client.GrpcClientProtocolClient (GrpcClientProtocolClient.java:onNext(255)) - client-60D41D326807->02b55be5-f766-42b8-b701-7d673475772a: receive RaftClientReply:client-60D41D326807->02b55be5-f766-42b8-b701-7d673475772a@group-A62C2177B50E, cid=183, FAILED org.apache.ratis.protocol.NotLeaderException: Server 02b55be5-f766-42b8-b701-7d673475772a is not the leader (null). Request must be sent to leader., logIndex=0, commits[02b55be5-f766-42b8-b701-7d673475772a:c-1]
2019-08-30 19:58:35,262 | INFO  | SCMAudit | user=jenkins1000 | ip=192.168.5.161 | op=SEND_HEARTBEAT {datanodeUUID=2d422090-8abf-42f3-9732-1fabf469113c, command=[]} | ret=SUCCESS |  
2019-08-30 19:58:35,274 [Thread-3515] INFO  container.ReplicationManager (ReplicationManager.java:start(162)) - Starting Replication Monitor Thread.
2019-08-30 19:58:35,277 [ReplicationMonitor] INFO  container.ReplicationManager (ReplicationManager.java:run(225)) - Replication Monitor Thread took 0 milliseconds for processing 1 containers.
2019-08-30 19:58:35,324 | INFO  | SCMAudit | user=jenkins1000 | ip=192.168.5.161 | op=SEND_HEARTBEAT {datanodeUUID=f263c918-4003-4dfb-a666-c73a676ec01c, command=[]} | ret=SUCCESS |  
2019-08-30 19:58:35,385 | INFO  | SCMAudit | user=jenkins1000 | ip=192.168.5.161 | op=SEND_HEARTBEAT {datanodeUUID=02b55be5-f766-42b8-b701-7d673475772a, command=[]} | ret=SUCCESS |  
2019-08-30 19:58:35,448 | INFO  | SCMAudit | user=jenkins1000 | ip=192.168.5.161 | op=SEND_HEARTBEAT {datanodeUUID=e5f88aa8-ed94-4632-9bac-96dc85ccdca1, command=[]} | ret=SUCCESS |  
2019-08-30 19:58:35,512 | INFO  | SCMAudit | user=jenkins1000 | ip=192.168.5.161 | op=SEND_HEARTBEAT {datanodeUUID=527b2082-6919-40b0-be6c-4b03673bbbcf, command=[]} | ret=SUCCESS |  
2019-08-30 19:58:35,576 | INFO  | SCMAudit | user=jenkins1000 | ip=192.168.5.161 | op=SEND_HEARTBEAT {datanodeUUID=42fa8907-0757-405a-9793-077a04797055, command=[]} | ret=SUCCESS |  
2019-08-30 19:58:35,638 | INFO  | SCMAudit | user=jenkins1000 | ip=192.168.5.161 | op=SEND_HEARTBEAT {datanodeUUID=0ad8d7ae-187f-46e3-a3e2-571100048e4e, command=[]} | ret=SUCCESS |  
2019-08-30 19:58:35,789 [grpc-default-executor-7] INFO  client.GrpcClientProtocolClient (GrpcClientProtocolClient.java:onNext(255)) - client-60D41D326807->f263c918-4003-4dfb-a666-c73a676ec01c: receive RaftClientReply:client-60D41D326807->f263c918-4003-4dfb-a666-c73a676ec01c@group-A62C2177B50E, cid=183, FAILED org.apache.ratis.protocol.NotLeaderException: Server f263c918-4003-4dfb-a666-c73a676ec01c is not the leader (null). Request must be sent to leader., logIndex=0, commits[f263c918-4003-4dfb-a666-c73a676ec01c:c-1]
2019-08-30 19:58:36,262 | INFO  | SCMAudit | user=jenkins1000 | ip=192.168.5.161 | op=SEND_HEARTBEAT {datanodeUUID=2d422090-8abf-42f3-9732-1fabf469113c, command=[]} | ret=SUCCESS |  
2019-08-30 19:58:36,324 | INFO  | SCMAudit | user=jenkins1000 | ip=192.168.5.161 | op=SEND_HEARTBEAT {datanodeUUID=f263c918-4003-4dfb-a666-c73a676ec01c, command=[]} | ret=SUCCESS |  
2019-08-30 19:58:36,384 | INFO  | SCMAudit | user=jenkins1000 | ip=192.168.5.161 | op=SEND_HEARTBEAT {datanodeUUID=02b55be5-f766-42b8-b701-7d673475772a, command=[]} | ret=SUCCESS |  
2019-08-30 19:58:36,448 | INFO  | SCMAudit | user=jenkins1000 | ip=192.168.5.161 | op=SEND_HEARTBEAT {datanodeUUID=e5f88aa8-ed94-4632-9bac-96dc85ccdca1, command=[]} | ret=SUCCESS |  
2019-08-30 19:58:36,512 | INFO  | SCMAudit | user=jenkins1000 | ip=192.168.5.161 | op=SEND_HEARTBEAT {datanodeUUID=527b2082-6919-40b0-be6c-4b03673bbbcf, command=[]} | ret=SUCCESS |  
2019-08-30 19:58:36,575 | INFO  | SCMAudit | user=jenkins1000 | ip=192.168.5.161 | op=SEND_HEARTBEAT {datanodeUUID=42fa8907-0757-405a-9793-077a04797055, command=[]} | ret=SUCCESS |  
2019-08-30 19:58:36,639 | INFO  | SCMAudit | user=jenkins1000 | ip=192.168.5.161 | op=SEND_HEARTBEAT {datanodeUUID=0ad8d7ae-187f-46e3-a3e2-571100048e4e, command=[]} | ret=SUCCESS |  
2019-08-30 19:58:36,802 [grpc-default-executor-8] INFO  client.GrpcClientProtocolClient (GrpcClientProtocolClient.java:onNext(255)) - client-60D41D326807->2d422090-8abf-42f3-9732-1fabf469113c: receive RaftClientReply:client-60D41D326807->2d422090-8abf-42f3-9732-1fabf469113c@group-A62C2177B50E, cid=183, FAILED org.apache.ratis.protocol.NotLeaderException: Server 2d422090-8abf-42f3-9732-1fabf469113c is not the leader (null). Request must be sent to leader., logIndex=0, commits[2d422090-8abf-42f3-9732-1fabf469113c:c-1]
2019-08-30 19:58:37,262 | INFO  | SCMAudit | user=jenkins1000 | ip=192.168.5.161 | op=SEND_HEARTBEAT {datanodeUUID=2d422090-8abf-42f3-9732-1fabf469113c, command=[]} | ret=SUCCESS |  
2019-08-30 19:58:37,325 | INFO  | SCMAudit | user=jenkins1000 | ip=192.168.5.161 | op=SEND_HEARTBEAT {datanodeUUID=f263c918-4003-4dfb-a666-c73a676ec01c, command=[]} | ret=SUCCESS |  
2019-08-30 19:58:37,385 | INFO  | SCMAudit | user=jenkins1000 | ip=192.168.5.161 | op=SEND_HEARTBEAT {datanodeUUID=02b55be5-f766-42b8-b701-7d673475772a, command=[]} | ret=SUCCESS |  
2019-08-30 19:58:37,439 [Thread-3520] INFO  impl.FollowerState (FollowerState.java:run(106)) - f263c918-4003-4dfb-a666-c73a676ec01c:group-CF12C458AA64 changes to CANDIDATE, lastRpcTime:5058, electionTimeout:5058ms
2019-08-30 19:58:37,439 [Thread-3520] INFO  impl.RoleInfo (RoleInfo.java:shutdownFollowerState(121)) - f263c918-4003-4dfb-a666-c73a676ec01c: shutdown FollowerState
2019-08-30 19:58:37,439 [Thread-3520] INFO  impl.RaftServerImpl (RaftServerImpl.java:setRole(171)) - f263c918-4003-4dfb-a666-c73a676ec01c:group-CF12C458AA64 changes role from FOLLOWER to CANDIDATE at term 0 for changeToCandidate
2019-08-30 19:58:37,439 [Thread-3520] INFO  impl.RoleInfo (RoleInfo.java:updateAndGet(143)) - f263c918-4003-4dfb-a666-c73a676ec01c: start LeaderElection
2019-08-30 19:58:37,453 | INFO  | SCMAudit | user=jenkins1000 | ip=192.168.5.161 | op=SEND_HEARTBEAT {datanodeUUID=e5f88aa8-ed94-4632-9bac-96dc85ccdca1, command=[]} | ret=SUCCESS |  
2019-08-30 19:58:37,458 [Thread-3517] INFO  impl.FollowerState (FollowerState.java:run(106)) - 2d422090-8abf-42f3-9732-1fabf469113c:group-A46AA18B9247 changes to CANDIDATE, lastRpcTime:5127, electionTimeout:5127ms
2019-08-30 19:58:37,458 [Thread-3517] INFO  impl.RoleInfo (RoleInfo.java:shutdownFollowerState(121)) - 2d422090-8abf-42f3-9732-1fabf469113c: shutdown FollowerState
2019-08-30 19:58:37,458 [Thread-3517] INFO  impl.RaftServerImpl (RaftServerImpl.java:setRole(171)) - 2d422090-8abf-42f3-9732-1fabf469113c:group-A46AA18B9247 changes role from FOLLOWER to CANDIDATE at term 0 for changeToCandidate
2019-08-30 19:58:37,458 [Thread-3517] INFO  impl.RoleInfo (RoleInfo.java:updateAndGet(143)) - 2d422090-8abf-42f3-9732-1fabf469113c: start LeaderElection
2019-08-30 19:58:37,465 [Thread-3523] INFO  impl.FollowerState (FollowerState.java:run(106)) - 02b55be5-f766-42b8-b701-7d673475772a:group-9108033454AA changes to CANDIDATE, lastRpcTime:5037, electionTimeout:5037ms
2019-08-30 19:58:37,465 [Thread-3523] INFO  impl.RoleInfo (RoleInfo.java:shutdownFollowerState(121)) - 02b55be5-f766-42b8-b701-7d673475772a: shutdown FollowerState
2019-08-30 19:58:37,465 [Thread-3523] INFO  impl.RaftServerImpl (RaftServerImpl.java:setRole(171)) - 02b55be5-f766-42b8-b701-7d673475772a:group-9108033454AA changes role from FOLLOWER to CANDIDATE at term 0 for changeToCandidate
2019-08-30 19:58:37,465 [Thread-3523] INFO  impl.RoleInfo (RoleInfo.java:updateAndGet(143)) - 02b55be5-f766-42b8-b701-7d673475772a: start LeaderElection
2019-08-30 19:58:37,477 [f263c918-4003-4dfb-a666-c73a676ec01c:group-CF12C458AA64:LeaderElection66] INFO  impl.LeaderElection (LeaderElection.java:askForVotes(181)) - f263c918-4003-4dfb-a666-c73a676ec01c:group-CF12C458AA64:LeaderElection66: begin an election at term 1 for -1: [f263c918-4003-4dfb-a666-c73a676ec01c:192.168.5.161:37893], old=null
2019-08-30 19:58:37,477 [2d422090-8abf-42f3-9732-1fabf469113c:group-A46AA18B9247:LeaderElection67] INFO  impl.LeaderElection (LeaderElection.java:askForVotes(181)) - 2d422090-8abf-42f3-9732-1fabf469113c:group-A46AA18B9247:LeaderElection67: begin an election at term 1 for -1: [2d422090-8abf-42f3-9732-1fabf469113c:192.168.5.161:33657], old=null
2019-08-30 19:58:37,477 [f263c918-4003-4dfb-a666-c73a676ec01c:group-CF12C458AA64:LeaderElection66] INFO  impl.RoleInfo (RoleInfo.java:shutdownLeaderElection(134)) - f263c918-4003-4dfb-a666-c73a676ec01c: shutdown LeaderElection
2019-08-30 19:58:37,477 [2d422090-8abf-42f3-9732-1fabf469113c:group-A46AA18B9247:LeaderElection67] INFO  impl.RoleInfo (RoleInfo.java:shutdownLeaderElection(134)) - 2d422090-8abf-42f3-9732-1fabf469113c: shutdown LeaderElection
2019-08-30 19:58:37,478 [f263c918-4003-4dfb-a666-c73a676ec01c:group-CF12C458AA64:LeaderElection66] INFO  impl.RaftServerImpl (RaftServerImpl.java:setRole(171)) - f263c918-4003-4dfb-a666-c73a676ec01c:group-CF12C458AA64 changes role from CANDIDATE to LEADER at term 1 for changeToLeader
2019-08-30 19:58:37,478 [2d422090-8abf-42f3-9732-1fabf469113c:group-A46AA18B9247:LeaderElection67] INFO  impl.RaftServerImpl (RaftServerImpl.java:setRole(171)) - 2d422090-8abf-42f3-9732-1fabf469113c:group-A46AA18B9247 changes role from CANDIDATE to LEADER at term 1 for changeToLeader
2019-08-30 19:58:37,478 [f263c918-4003-4dfb-a666-c73a676ec01c:group-CF12C458AA64:LeaderElection66] INFO  impl.RaftServerImpl (ServerState.java:setLeader(263)) - f263c918-4003-4dfb-a666-c73a676ec01c:group-CF12C458AA64 change Leader from null to f263c918-4003-4dfb-a666-c73a676ec01c at term 1 for becomeLeader, leader elected after 5103ms
2019-08-30 19:58:37,478 [2d422090-8abf-42f3-9732-1fabf469113c:group-A46AA18B9247:LeaderElection67] INFO  impl.RaftServerImpl (ServerState.java:setLeader(263)) - 2d422090-8abf-42f3-9732-1fabf469113c:group-A46AA18B9247 change Leader from null to 2d422090-8abf-42f3-9732-1fabf469113c at term 1 for becomeLeader, leader elected after 5153ms
2019-08-30 19:58:37,478 [f263c918-4003-4dfb-a666-c73a676ec01c:group-CF12C458AA64:LeaderElection66] INFO  server.RaftServerConfigKeys (ConfUtils.java:logGet(43)) - raft.server.staging.catchup.gap = 1000 (default)
2019-08-30 19:58:37,478 [2d422090-8abf-42f3-9732-1fabf469113c:group-A46AA18B9247:LeaderElection67] INFO  server.RaftServerConfigKeys (ConfUtils.java:logGet(43)) - raft.server.staging.catchup.gap = 1000 (default)
2019-08-30 19:58:37,479 [f263c918-4003-4dfb-a666-c73a676ec01c:group-CF12C458AA64:LeaderElection66] INFO  server.RaftServerConfigKeys (ConfUtils.java:logGet(43)) - raft.server.rpc.sleep.time = 25ms (default)
2019-08-30 19:58:37,479 [2d422090-8abf-42f3-9732-1fabf469113c:group-A46AA18B9247:LeaderElection67] INFO  server.RaftServerConfigKeys (ConfUtils.java:logGet(43)) - raft.server.rpc.sleep.time = 25ms (default)
2019-08-30 19:58:37,479 [02b55be5-f766-42b8-b701-7d673475772a:group-9108033454AA:LeaderElection68] INFO  impl.LeaderElection (LeaderElection.java:askForVotes(181)) - 02b55be5-f766-42b8-b701-7d673475772a:group-9108033454AA:LeaderElection68: begin an election at term 1 for -1: [02b55be5-f766-42b8-b701-7d673475772a:192.168.5.161:42842], old=null
2019-08-30 19:58:37,479 [f263c918-4003-4dfb-a666-c73a676ec01c:group-CF12C458AA64:LeaderElection66] INFO  server.RaftServerConfigKeys (ConfUtils.java:logGet(43)) - raft.server.write.element-limit = 4096 (default)
2019-08-30 19:58:37,479 [02b55be5-f766-42b8-b701-7d673475772a:group-9108033454AA:LeaderElection68] INFO  impl.RoleInfo (RoleInfo.java:shutdownLeaderElection(134)) - 02b55be5-f766-42b8-b701-7d673475772a: shutdown LeaderElection
2019-08-30 19:58:37,479 [2d422090-8abf-42f3-9732-1fabf469113c:group-A46AA18B9247:LeaderElection67] INFO  server.RaftServerConfigKeys (ConfUtils.java:logGet(43)) - raft.server.write.element-limit = 4096 (default)
2019-08-30 19:58:37,480 [02b55be5-f766-42b8-b701-7d673475772a:group-9108033454AA:LeaderElection68] INFO  impl.RaftServerImpl (RaftServerImpl.java:setRole(171)) - 02b55be5-f766-42b8-b701-7d673475772a:group-9108033454AA changes role from CANDIDATE to LEADER at term 1 for changeToLeader
2019-08-30 19:58:37,480 [02b55be5-f766-42b8-b701-7d673475772a:group-9108033454AA:LeaderElection68] INFO  impl.RaftServerImpl (ServerState.java:setLeader(263)) - 02b55be5-f766-42b8-b701-7d673475772a:group-9108033454AA change Leader from null to 02b55be5-f766-42b8-b701-7d673475772a at term 1 for becomeLeader, leader elected after 5056ms
2019-08-30 19:58:37,480 [f263c918-4003-4dfb-a666-c73a676ec01c:group-CF12C458AA64:LeaderElection66] INFO  server.RaftServerConfigKeys (ConfUtils.java:logGet(43)) - raft.server.watch.timeout = 10s (default)
2019-08-30 19:58:37,480 [02b55be5-f766-42b8-b701-7d673475772a:group-9108033454AA:LeaderElection68] INFO  server.RaftServerConfigKeys (ConfUtils.java:logGet(43)) - raft.server.staging.catchup.gap = 1000 (default)
2019-08-30 19:58:37,480 [2d422090-8abf-42f3-9732-1fabf469113c:group-A46AA18B9247:LeaderElection67] INFO  server.RaftServerConfigKeys (ConfUtils.java:logGet(43)) - raft.server.watch.timeout = 10s (default)
2019-08-30 19:58:37,480 [02b55be5-f766-42b8-b701-7d673475772a:group-9108033454AA:LeaderElection68] INFO  server.RaftServerConfigKeys (ConfUtils.java:logGet(43)) - raft.server.rpc.sleep.time = 25ms (default)
2019-08-30 19:58:37,480 [f263c918-4003-4dfb-a666-c73a676ec01c:group-CF12C458AA64:LeaderElection66] INFO  server.RaftServerConfigKeys (ConfUtils.java:logGet(43)) - raft.server.watch.timeout.denomination = 1s (default)
2019-08-30 19:58:37,481 [02b55be5-f766-42b8-b701-7d673475772a:group-9108033454AA:LeaderElection68] INFO  server.RaftServerConfigKeys (ConfUtils.java:logGet(43)) - raft.server.write.element-limit = 4096 (default)
2019-08-30 19:58:37,481 [2d422090-8abf-42f3-9732-1fabf469113c:group-A46AA18B9247:LeaderElection67] INFO  server.RaftServerConfigKeys (ConfUtils.java:logGet(43)) - raft.server.watch.timeout.denomination = 1s (default)
2019-08-30 19:58:37,481 [02b55be5-f766-42b8-b701-7d673475772a:group-9108033454AA:LeaderElection68] INFO  server.RaftServerConfigKeys (ConfUtils.java:logGet(43)) - raft.server.watch.timeout = 10s (default)
2019-08-30 19:58:37,481 [f263c918-4003-4dfb-a666-c73a676ec01c:group-CF12C458AA64:LeaderElection66] INFO  server.RaftServerConfigKeys (ConfUtils.java:logGet(43)) - raft.server.watch.element-limit = 65536 (default)
2019-08-30 19:58:37,481 [02b55be5-f766-42b8-b701-7d673475772a:group-9108033454AA:LeaderElection68] INFO  server.RaftServerConfigKeys (ConfUtils.java:logGet(43)) - raft.server.watch.timeout.denomination = 1s (default)
2019-08-30 19:58:37,481 [2d422090-8abf-42f3-9732-1fabf469113c:group-A46AA18B9247:LeaderElection67] INFO  server.RaftServerConfigKeys (ConfUtils.java:logGet(43)) - raft.server.watch.element-limit = 65536 (default)
2019-08-30 19:58:37,482 [f263c918-4003-4dfb-a666-c73a676ec01c:group-CF12C458AA64:LeaderElection66] INFO  impl.RoleInfo (RoleInfo.java:updateAndGet(143)) - f263c918-4003-4dfb-a666-c73a676ec01c: start LeaderState
2019-08-30 19:58:37,482 [02b55be5-f766-42b8-b701-7d673475772a:group-9108033454AA:LeaderElection68] INFO  server.RaftServerConfigKeys (ConfUtils.java:logGet(43)) - raft.server.watch.element-limit = 65536 (default)
2019-08-30 19:58:37,482 [2d422090-8abf-42f3-9732-1fabf469113c:group-A46AA18B9247:LeaderElection67] INFO  impl.RoleInfo (RoleInfo.java:updateAndGet(143)) - 2d422090-8abf-42f3-9732-1fabf469113c: start LeaderState
2019-08-30 19:58:37,482 [02b55be5-f766-42b8-b701-7d673475772a:group-9108033454AA:LeaderElection68] INFO  impl.RoleInfo (RoleInfo.java:updateAndGet(143)) - 02b55be5-f766-42b8-b701-7d673475772a: start LeaderState
2019-08-30 19:58:37,482 [f263c918-4003-4dfb-a666-c73a676ec01c:group-CF12C458AA64:LeaderElection66] INFO  segmented.SegmentedRaftLogWorker (SegmentedRaftLogWorker.java:startLogSegment(380)) - f263c918-4003-4dfb-a666-c73a676ec01c-SegmentedRaftLogWorker:Storage Directory /workdir/hadoop-ozone/integration-test/target/test-dir/MiniOzoneClusterImpl-0ce34326-890c-4745-9fb2-859a42e91411/datanode-1/data/ratis/8cda7058-cfc1-4b24-817a-cf12c458aa64: Starting segment from index:0
2019-08-30 19:58:37,482 [02b55be5-f766-42b8-b701-7d673475772a:group-9108033454AA:LeaderElection68] INFO  segmented.SegmentedRaftLogWorker (SegmentedRaftLogWorker.java:startLogSegment(380)) - 02b55be5-f766-42b8-b701-7d673475772a-SegmentedRaftLogWorker:Storage Directory /workdir/hadoop-ozone/integration-test/target/test-dir/MiniOzoneClusterImpl-0ce34326-890c-4745-9fb2-859a42e91411/datanode-2/data/ratis/67c5e710-6d43-4696-9533-9108033454aa: Starting segment from index:0
2019-08-30 19:58:37,482 [2d422090-8abf-42f3-9732-1fabf469113c:group-A46AA18B9247:LeaderElection67] INFO  segmented.SegmentedRaftLogWorker (SegmentedRaftLogWorker.java:startLogSegment(380)) - 2d422090-8abf-42f3-9732-1fabf469113c-SegmentedRaftLogWorker:Storage Directory /workdir/hadoop-ozone/integration-test/target/test-dir/MiniOzoneClusterImpl-0ce34326-890c-4745-9fb2-859a42e91411/datanode-0/data/ratis/6a019c19-8652-4096-b22f-a46aa18b9247: Starting segment from index:0
2019-08-30 19:58:37,483 [f263c918-4003-4dfb-a666-c73a676ec01c:group-CF12C458AA64:LeaderElection66] INFO  impl.RaftServerImpl (ServerState.java:setRaftConf(361)) - f263c918-4003-4dfb-a666-c73a676ec01c:group-CF12C458AA64 set configuration 0: [f263c918-4003-4dfb-a666-c73a676ec01c:192.168.5.161:37893], old=null at 0
2019-08-30 19:58:37,483 [02b55be5-f766-42b8-b701-7d673475772a:group-9108033454AA:LeaderElection68] INFO  impl.RaftServerImpl (ServerState.java:setRaftConf(361)) - 02b55be5-f766-42b8-b701-7d673475772a:group-9108033454AA set configuration 0: [02b55be5-f766-42b8-b701-7d673475772a:192.168.5.161:42842], old=null at 0
2019-08-30 19:58:37,528 | INFO  | SCMAudit | user=jenkins1000 | ip=192.168.5.161 | op=SEND_HEARTBEAT {datanodeUUID=527b2082-6919-40b0-be6c-4b03673bbbcf, command=[]} | ret=SUCCESS |  
2019-08-30 19:58:37,527 [2d422090-8abf-42f3-9732-1fabf469113c:group-A46AA18B9247:LeaderElection67] INFO  impl.RaftServerImpl (ServerState.java:setRaftConf(361)) - 2d422090-8abf-42f3-9732-1fabf469113c:group-A46AA18B9247 set configuration 0: [2d422090-8abf-42f3-9732-1fabf469113c:192.168.5.161:33657], old=null at 0
2019-08-30 19:58:37,565 [02b55be5-f766-42b8-b701-7d673475772a-SegmentedRaftLogWorker:Storage Directory /workdir/hadoop-ozone/integration-test/target/test-dir/MiniOzoneClusterImpl-0ce34326-890c-4745-9fb2-859a42e91411/datanode-2/data/ratis/67c5e710-6d43-4696-9533-9108033454aa] INFO  segmented.SegmentedRaftLogWorker (SegmentedRaftLogWorker.java:execute(569)) - 02b55be5-f766-42b8-b701-7d673475772a-SegmentedRaftLogWorker:Storage Directory /workdir/hadoop-ozone/integration-test/target/test-dir/MiniOzoneClusterImpl-0ce34326-890c-4745-9fb2-859a42e91411/datanode-2/data/ratis/67c5e710-6d43-4696-9533-9108033454aa: created new log segment /workdir/hadoop-ozone/integration-test/target/test-dir/MiniOzoneClusterImpl-0ce34326-890c-4745-9fb2-859a42e91411/datanode-2/data/ratis/67c5e710-6d43-4696-9533-9108033454aa/current/log_inprogress_0
2019-08-30 19:58:37,565 [f263c918-4003-4dfb-a666-c73a676ec01c-SegmentedRaftLogWorker:Storage Directory /workdir/hadoop-ozone/integration-test/target/test-dir/MiniOzoneClusterImpl-0ce34326-890c-4745-9fb2-859a42e91411/datanode-1/data/ratis/8cda7058-cfc1-4b24-817a-cf12c458aa64] INFO  segmented.SegmentedRaftLogWorker (SegmentedRaftLogWorker.java:execute(569)) - f263c918-4003-4dfb-a666-c73a676ec01c-SegmentedRaftLogWorker:Storage Directory /workdir/hadoop-ozone/integration-test/target/test-dir/MiniOzoneClusterImpl-0ce34326-890c-4745-9fb2-859a42e91411/datanode-1/data/ratis/8cda7058-cfc1-4b24-817a-cf12c458aa64: created new log segment /workdir/hadoop-ozone/integration-test/target/test-dir/MiniOzoneClusterImpl-0ce34326-890c-4745-9fb2-859a42e91411/datanode-1/data/ratis/8cda7058-cfc1-4b24-817a-cf12c458aa64/current/log_inprogress_0
2019-08-30 19:58:37,565 [Thread-3532] INFO  impl.FollowerState (FollowerState.java:run(106)) - 2d422090-8abf-42f3-9732-1fabf469113c:group-A62C2177B50E changes to CANDIDATE, lastRpcTime:5039, electionTimeout:5038ms
2019-08-30 19:58:37,568 [2d422090-8abf-42f3-9732-1fabf469113c-SegmentedRaftLogWorker:Storage Directory /workdir/hadoop-ozone/integration-test/target/test-dir/MiniOzoneClusterImpl-0ce34326-890c-4745-9fb2-859a42e91411/datanode-0/data/ratis/6a019c19-8652-4096-b22f-a46aa18b9247] INFO  segmented.SegmentedRaftLogWorker (SegmentedRaftLogWorker.java:execute(569)) - 2d422090-8abf-42f3-9732-1fabf469113c-SegmentedRaftLogWorker:Storage Directory /workdir/hadoop-ozone/integration-test/target/test-dir/MiniOzoneClusterImpl-0ce34326-890c-4745-9fb2-859a42e91411/datanode-0/data/ratis/6a019c19-8652-4096-b22f-a46aa18b9247: created new log segment /workdir/hadoop-ozone/integration-test/target/test-dir/MiniOzoneClusterImpl-0ce34326-890c-4745-9fb2-859a42e91411/datanode-0/data/ratis/6a019c19-8652-4096-b22f-a46aa18b9247/current/log_inprogress_0
2019-08-30 19:58:37,568 [Thread-3532] INFO  impl.RoleInfo (RoleInfo.java:shutdownFollowerState(121)) - 2d422090-8abf-42f3-9732-1fabf469113c: shutdown FollowerState
2019-08-30 19:58:37,569 [Thread-3532] INFO  impl.RaftServerImpl (RaftServerImpl.java:setRole(171)) - 2d422090-8abf-42f3-9732-1fabf469113c:group-A62C2177B50E changes role from FOLLOWER to CANDIDATE at term 0 for changeToCandidate
2019-08-30 19:58:37,569 [Thread-3532] INFO  impl.RoleInfo (RoleInfo.java:updateAndGet(143)) - 2d422090-8abf-42f3-9732-1fabf469113c: start LeaderElection
2019-08-30 19:58:37,575 | INFO  | SCMAudit | user=jenkins1000 | ip=192.168.5.161 | op=SEND_HEARTBEAT {datanodeUUID=42fa8907-0757-405a-9793-077a04797055, command=[]} | ret=SUCCESS |  
2019-08-30 19:58:37,577 [2d422090-8abf-42f3-9732-1fabf469113c:group-A62C2177B50E:LeaderElection69] INFO  impl.LeaderElection (LeaderElection.java:askForVotes(181)) - 2d422090-8abf-42f3-9732-1fabf469113c:group-A62C2177B50E:LeaderElection69: begin an election at term 1 for -1: [f263c918-4003-4dfb-a666-c73a676ec01c:192.168.5.161:37893, 2d422090-8abf-42f3-9732-1fabf469113c:192.168.5.161:33657, 02b55be5-f766-42b8-b701-7d673475772a:192.168.5.161:42842], old=null
2019-08-30 19:58:37,578 [Thread-3528] INFO  impl.FollowerState (FollowerState.java:run(106)) - 02b55be5-f766-42b8-b701-7d673475772a:group-A62C2177B50E changes to CANDIDATE, lastRpcTime:5067, electionTimeout:5058ms
2019-08-30 19:58:37,578 [Thread-3528] INFO  impl.RoleInfo (RoleInfo.java:shutdownFollowerState(121)) - 02b55be5-f766-42b8-b701-7d673475772a: shutdown FollowerState
2019-08-30 19:58:37,578 [Thread-3528] INFO  impl.RaftServerImpl (RaftServerImpl.java:setRole(171)) - 02b55be5-f766-42b8-b701-7d673475772a:group-A62C2177B50E changes role from FOLLOWER to CANDIDATE at term 0 for changeToCandidate
2019-08-30 19:58:37,578 [Thread-3528] INFO  impl.RoleInfo (RoleInfo.java:updateAndGet(143)) - 02b55be5-f766-42b8-b701-7d673475772a: start LeaderElection
2019-08-30 19:58:37,586 [grpc-default-executor-8] INFO  impl.RaftServerImpl (RaftServerImpl.java:setRole(171)) - f263c918-4003-4dfb-a666-c73a676ec01c:group-A62C2177B50E changes role from FOLLOWER to FOLLOWER at term 1 for recognizeCandidate:2d422090-8abf-42f3-9732-1fabf469113c
2019-08-30 19:58:37,586 [grpc-default-executor-8] INFO  impl.RoleInfo (RoleInfo.java:shutdownFollowerState(121)) - f263c918-4003-4dfb-a666-c73a676ec01c: shutdown FollowerState
2019-08-30 19:58:37,586 [grpc-default-executor-8] INFO  impl.RoleInfo (RoleInfo.java:updateAndGet(143)) - f263c918-4003-4dfb-a666-c73a676ec01c: start FollowerState
2019-08-30 19:58:37,586 [Thread-3526] INFO  impl.FollowerState (FollowerState.java:run(114)) - f263c918-4003-4dfb-a666-c73a676ec01c: FollowerState was interrupted: java.lang.InterruptedException: sleep interrupted
2019-08-30 19:58:37,588 [02b55be5-f766-42b8-b701-7d673475772a:group-A62C2177B50E:LeaderElection70] INFO  impl.LeaderElection (LeaderElection.java:askForVotes(181)) - 02b55be5-f766-42b8-b701-7d673475772a:group-A62C2177B50E:LeaderElection70: begin an election at term 1 for -1: [f263c918-4003-4dfb-a666-c73a676ec01c:192.168.5.161:37893, 2d422090-8abf-42f3-9732-1fabf469113c:192.168.5.161:33657, 02b55be5-f766-42b8-b701-7d673475772a:192.168.5.161:42842], old=null
2019-08-30 19:58:37,607 [2d422090-8abf-42f3-9732-1fabf469113c:group-A62C2177B50E:LeaderElection69] INFO  impl.LeaderElection (LeaderElection.java:logAndReturn(56)) - 2d422090-8abf-42f3-9732-1fabf469113c:group-A62C2177B50E:LeaderElection69: Election PASSED; received 2 response(s) [2d422090-8abf-42f3-9732-1fabf469113c<-f263c918-4003-4dfb-a666-c73a676ec01c#0:OK-t1, 2d422090-8abf-42f3-9732-1fabf469113c<-02b55be5-f766-42b8-b701-7d673475772a#0:FAIL-t1] and 0 exception(s); 2d422090-8abf-42f3-9732-1fabf469113c:t1, leader=null, voted=2d422090-8abf-42f3-9732-1fabf469113c, raftlog=2d422090-8abf-42f3-9732-1fabf469113c-SegmentedRaftLog:OPENED:c-1,f-1,i0, conf=-1: [f263c918-4003-4dfb-a666-c73a676ec01c:192.168.5.161:37893, 2d422090-8abf-42f3-9732-1fabf469113c:192.168.5.161:33657, 02b55be5-f766-42b8-b701-7d673475772a:192.168.5.161:42842], old=null
2019-08-30 19:58:37,607 [02b55be5-f766-42b8-b701-7d673475772a:group-A62C2177B50E:LeaderElection70] INFO  impl.LeaderElection (LeaderElection.java:logAndReturn(56)) - 02b55be5-f766-42b8-b701-7d673475772a:group-A62C2177B50E:LeaderElection70: Election REJECTED; received 2 response(s) [02b55be5-f766-42b8-b701-7d673475772a<-f263c918-4003-4dfb-a666-c73a676ec01c#0:FAIL-t1, 02b55be5-f766-42b8-b701-7d673475772a<-2d422090-8abf-42f3-9732-1fabf469113c#0:FAIL-t1] and 0 exception(s); 02b55be5-f766-42b8-b701-7d673475772a:t1, leader=null, voted=02b55be5-f766-42b8-b701-7d673475772a, raftlog=02b55be5-f766-42b8-b701-7d673475772a-SegmentedRaftLog:OPENED:c-1,f-1,i0, conf=-1: [f263c918-4003-4dfb-a666-c73a676ec01c:192.168.5.161:37893, 2d422090-8abf-42f3-9732-1fabf469113c:192.168.5.161:33657, 02b55be5-f766-42b8-b701-7d673475772a:192.168.5.161:42842], old=null
2019-08-30 19:58:37,607 [2d422090-8abf-42f3-9732-1fabf469113c:group-A62C2177B50E:LeaderElection69] INFO  impl.RoleInfo (RoleInfo.java:shutdownLeaderElection(134)) - 2d422090-8abf-42f3-9732-1fabf469113c: shutdown LeaderElection
2019-08-30 19:58:37,608 [02b55be5-f766-42b8-b701-7d673475772a:group-A62C2177B50E:LeaderElection70] INFO  impl.RaftServerImpl (RaftServerImpl.java:setRole(171)) - 02b55be5-f766-42b8-b701-7d673475772a:group-A62C2177B50E changes role from CANDIDATE to FOLLOWER at term 1 for DISCOVERED_A_NEW_TERM
2019-08-30 19:58:37,608 [2d422090-8abf-42f3-9732-1fabf469113c:group-A62C2177B50E:LeaderElection69] INFO  impl.RaftServerImpl (RaftServerImpl.java:setRole(171)) - 2d422090-8abf-42f3-9732-1fabf469113c:group-A62C2177B50E changes role from CANDIDATE to LEADER at term 1 for changeToLeader
2019-08-30 19:58:37,608 [02b55be5-f766-42b8-b701-7d673475772a:group-A62C2177B50E:LeaderElection70] INFO  impl.RoleInfo (RoleInfo.java:shutdownLeaderElection(134)) - 02b55be5-f766-42b8-b701-7d673475772a: shutdown LeaderElection
2019-08-30 19:58:37,608 [2d422090-8abf-42f3-9732-1fabf469113c:group-A62C2177B50E:LeaderElection69] INFO  impl.RaftServerImpl (ServerState.java:setLeader(263)) - 2d422090-8abf-42f3-9732-1fabf469113c:group-A62C2177B50E change Leader from null to 2d422090-8abf-42f3-9732-1fabf469113c at term 1 for becomeLeader, leader elected after 5119ms
2019-08-30 19:58:37,608 [02b55be5-f766-42b8-b701-7d673475772a:group-A62C2177B50E:LeaderElection70] INFO  impl.RoleInfo (RoleInfo.java:updateAndGet(143)) - 02b55be5-f766-42b8-b701-7d673475772a: start FollowerState
2019-08-30 19:58:37,608 [2d422090-8abf-42f3-9732-1fabf469113c:group-A62C2177B50E:LeaderElection69] INFO  server.RaftServerConfigKeys (ConfUtils.java:logGet(43)) - raft.server.staging.catchup.gap = 1000 (default)
2019-08-30 19:58:37,609 [2d422090-8abf-42f3-9732-1fabf469113c:group-A62C2177B50E:LeaderElection69] INFO  server.RaftServerConfigKeys (ConfUtils.java:logGet(43)) - raft.server.rpc.sleep.time = 25ms (default)
2019-08-30 19:58:37,609 [2d422090-8abf-42f3-9732-1fabf469113c:group-A62C2177B50E:LeaderElection69] INFO  server.RaftServerConfigKeys (ConfUtils.java:logGet(43)) - raft.server.write.element-limit = 4096 (default)
2019-08-30 19:58:37,609 [2d422090-8abf-42f3-9732-1fabf469113c:group-A62C2177B50E:LeaderElection69] INFO  server.RaftServerConfigKeys (ConfUtils.java:logGet(43)) - raft.server.watch.timeout = 10s (default)
2019-08-30 19:58:37,609 [2d422090-8abf-42f3-9732-1fabf469113c:group-A62C2177B50E:LeaderElection69] INFO  server.RaftServerConfigKeys (ConfUtils.java:logGet(43)) - raft.server.watch.timeout.denomination = 1s (default)
2019-08-30 19:58:37,609 [2d422090-8abf-42f3-9732-1fabf469113c:group-A62C2177B50E:LeaderElection69] INFO  server.RaftServerConfigKeys (ConfUtils.java:logGet(43)) - raft.server.watch.element-limit = 65536 (default)
2019-08-30 19:58:37,609 [2d422090-8abf-42f3-9732-1fabf469113c:group-A62C2177B50E:LeaderElection69] INFO  server.RaftServerConfigKeys (ConfUtils.java:logGet(43)) - raft.server.log.appender.snapshot.chunk.size.max = 16MB (=16777216) (default)
2019-08-30 19:58:37,610 [2d422090-8abf-42f3-9732-1fabf469113c:group-A62C2177B50E:LeaderElection69] INFO  server.RaftServerConfigKeys (ConfUtils.java:logGet(43)) - raft.server.log.appender.buffer.byte-limit = 33554432 (custom)
2019-08-30 19:58:37,610 [2d422090-8abf-42f3-9732-1fabf469113c:group-A62C2177B50E:LeaderElection69] INFO  server.RaftServerConfigKeys (ConfUtils.java:logGet(43)) - raft.server.log.appender.buffer.element-limit = 1 (custom)
2019-08-30 19:58:37,610 [2d422090-8abf-42f3-9732-1fabf469113c:group-A62C2177B50E:LeaderElection69] INFO  grpc.GrpcConfigKeys$Server (ConfUtils.java:logGet(43)) - raft.grpc.server.leader.outstanding.appends.max = 128 (default)
2019-08-30 19:58:37,610 [2d422090-8abf-42f3-9732-1fabf469113c:group-A62C2177B50E:LeaderElection69] INFO  server.RaftServerConfigKeys (ConfUtils.java:logGet(43)) - raft.server.rpc.request.timeout = 3000ms (default)
2019-08-30 19:58:37,610 [2d422090-8abf-42f3-9732-1fabf469113c:group-A62C2177B50E:LeaderElection69] INFO  server.RaftServerConfigKeys (ConfUtils.java:logGet(43)) - raft.server.log.appender.install.snapshot.enabled = false (custom)
2019-08-30 19:58:37,611 [2d422090-8abf-42f3-9732-1fabf469113c:group-A62C2177B50E:LeaderElection69] INFO  server.RaftServerConfigKeys (ConfUtils.java:logGet(43)) - raft.server.log.appender.snapshot.chunk.size.max = 16MB (=16777216) (default)
2019-08-30 19:58:37,611 [2d422090-8abf-42f3-9732-1fabf469113c:group-A62C2177B50E:LeaderElection69] INFO  server.RaftServerConfigKeys (ConfUtils.java:logGet(43)) - raft.server.log.appender.buffer.byte-limit = 33554432 (custom)
2019-08-30 19:58:37,611 [2d422090-8abf-42f3-9732-1fabf469113c:group-A62C2177B50E:LeaderElection69] INFO  server.RaftServerConfigKeys (ConfUtils.java:logGet(43)) - raft.server.log.appender.buffer.element-limit = 1 (custom)
2019-08-30 19:58:37,611 [2d422090-8abf-42f3-9732-1fabf469113c:group-A62C2177B50E:LeaderElection69] INFO  grpc.GrpcConfigKeys$Server (ConfUtils.java:logGet(43)) - raft.grpc.server.leader.outstanding.appends.max = 128 (default)
2019-08-30 19:58:37,611 [2d422090-8abf-42f3-9732-1fabf469113c:group-A62C2177B50E:LeaderElection69] INFO  server.RaftServerConfigKeys (ConfUtils.java:logGet(43)) - raft.server.rpc.request.timeout = 3000ms (default)
2019-08-30 19:58:37,611 [2d422090-8abf-42f3-9732-1fabf469113c:group-A62C2177B50E:LeaderElection69] INFO  server.RaftServerConfigKeys (ConfUtils.java:logGet(43)) - raft.server.log.appender.install.snapshot.enabled = false (custom)
2019-08-30 19:58:37,612 [2d422090-8abf-42f3-9732-1fabf469113c:group-A62C2177B50E:LeaderElection69] INFO  impl.RoleInfo (RoleInfo.java:updateAndGet(143)) - 2d422090-8abf-42f3-9732-1fabf469113c: start LeaderState
2019-08-30 19:58:37,612 [2d422090-8abf-42f3-9732-1fabf469113c:group-A62C2177B50E:LeaderElection69] INFO  segmented.SegmentedRaftLogWorker (SegmentedRaftLogWorker.java:startLogSegment(380)) - 2d422090-8abf-42f3-9732-1fabf469113c-SegmentedRaftLogWorker:Storage Directory /workdir/hadoop-ozone/integration-test/target/test-dir/MiniOzoneClusterImpl-0ce34326-890c-4745-9fb2-859a42e91411/datanode-0/data/ratis/8720d2a6-2fa3-407d-ac22-a62c2177b50e: Starting segment from index:0
2019-08-30 19:58:37,612 [Thread-3535] INFO  impl.FollowerState (FollowerState.java:run(106)) - e5f88aa8-ed94-4632-9bac-96dc85ccdca1:group-C1F16A5A4117 changes to CANDIDATE, lastRpcTime:5033, electionTimeout:5033ms
2019-08-30 19:58:37,612 [Thread-3535] INFO  impl.RoleInfo (RoleInfo.java:shutdownFollowerState(121)) - e5f88aa8-ed94-4632-9bac-96dc85ccdca1: shutdown FollowerState
2019-08-30 19:58:37,612 [Thread-3535] INFO  impl.RaftServerImpl (RaftServerImpl.java:setRole(171)) - e5f88aa8-ed94-4632-9bac-96dc85ccdca1:group-C1F16A5A4117 changes role from FOLLOWER to CANDIDATE at term 0 for changeToCandidate
2019-08-30 19:58:37,613 [Thread-3535] INFO  impl.RoleInfo (RoleInfo.java:updateAndGet(143)) - e5f88aa8-ed94-4632-9bac-96dc85ccdca1: start LeaderElection
2019-08-30 19:58:37,613 [2d422090-8abf-42f3-9732-1fabf469113c:group-A62C2177B50E:LeaderElection69] INFO  impl.RaftServerImpl (ServerState.java:setRaftConf(361)) - 2d422090-8abf-42f3-9732-1fabf469113c:group-A62C2177B50E set configuration 0: [f263c918-4003-4dfb-a666-c73a676ec01c:192.168.5.161:37893, 2d422090-8abf-42f3-9732-1fabf469113c:192.168.5.161:33657, 02b55be5-f766-42b8-b701-7d673475772a:192.168.5.161:42842], old=null at 0
2019-08-30 19:58:37,643 [Thread-3538] INFO  impl.FollowerState (FollowerState.java:run(106)) - 42fa8907-0757-405a-9793-077a04797055:group-DBAC57559817 changes to CANDIDATE, lastRpcTime:5016, electionTimeout:5001ms
2019-08-30 19:58:37,643 [grpc-default-executor-8] INFO  impl.RaftServerImpl (ServerState.java:setLeader(263)) - f263c918-4003-4dfb-a666-c73a676ec01c:group-A62C2177B50E change Leader from null to 2d422090-8abf-42f3-9732-1fabf469113c at term 1 for appendEntries, leader elected after 5154ms
2019-08-30 19:58:37,643 [Thread-3538] INFO  impl.RoleInfo (RoleInfo.java:shutdownFollowerState(121)) - 42fa8907-0757-405a-9793-077a04797055: shutdown FollowerState
2019-08-30 19:58:37,646 | INFO  | SCMAudit | user=jenkins1000 | ip=192.168.5.161 | op=SEND_HEARTBEAT {datanodeUUID=0ad8d7ae-187f-46e3-a3e2-571100048e4e, command=[]} | ret=SUCCESS |  
2019-08-30 19:58:37,646 [Thread-3538] INFO  impl.RaftServerImpl (RaftServerImpl.java:setRole(171)) - 42fa8907-0757-405a-9793-077a04797055:group-DBAC57559817 changes role from FOLLOWER to CANDIDATE at term 0 for changeToCandidate
2019-08-30 19:58:37,646 [Thread-3538] INFO  impl.RoleInfo (RoleInfo.java:updateAndGet(143)) - 42fa8907-0757-405a-9793-077a04797055: start LeaderElection
2019-08-30 19:58:37,646 [grpc-default-executor-7] INFO  impl.RaftServerImpl (ServerState.java:setLeader(263)) - 02b55be5-f766-42b8-b701-7d673475772a:group-A62C2177B50E change Leader from null to 2d422090-8abf-42f3-9732-1fabf469113c at term 1 for appendEntries, leader elected after 5157ms
2019-08-30 19:58:37,653 [grpc-default-executor-7] INFO  impl.RaftServerImpl (ServerState.java:setRaftConf(361)) - f263c918-4003-4dfb-a666-c73a676ec01c:group-A62C2177B50E set configuration 0: [f263c918-4003-4dfb-a666-c73a676ec01c:192.168.5.161:37893, 2d422090-8abf-42f3-9732-1fabf469113c:192.168.5.161:33657, 02b55be5-f766-42b8-b701-7d673475772a:192.168.5.161:42842], old=null at 0
2019-08-30 19:58:37,653 [grpc-default-executor-7] INFO  segmented.SegmentedRaftLogWorker (SegmentedRaftLogWorker.java:startLogSegment(380)) - f263c918-4003-4dfb-a666-c73a676ec01c-SegmentedRaftLogWorker:Storage Directory /workdir/hadoop-ozone/integration-test/target/test-dir/MiniOzoneClusterImpl-0ce34326-890c-4745-9fb2-859a42e91411/datanode-1/data/ratis/8720d2a6-2fa3-407d-ac22-a62c2177b50e: Starting segment from index:0
2019-08-30 19:58:37,653 [grpc-default-executor-8] INFO  impl.RaftServerImpl (ServerState.java:setRaftConf(361)) - 02b55be5-f766-42b8-b701-7d673475772a:group-A62C2177B50E set configuration 0: [f263c918-4003-4dfb-a666-c73a676ec01c:192.168.5.161:37893, 2d422090-8abf-42f3-9732-1fabf469113c:192.168.5.161:33657, 02b55be5-f766-42b8-b701-7d673475772a:192.168.5.161:42842], old=null at 0
2019-08-30 19:58:37,654 [grpc-default-executor-8] INFO  segmented.SegmentedRaftLogWorker (SegmentedRaftLogWorker.java:startLogSegment(380)) - 02b55be5-f766-42b8-b701-7d673475772a-SegmentedRaftLogWorker:Storage Directory /workdir/hadoop-ozone/integration-test/target/test-dir/MiniOzoneClusterImpl-0ce34326-890c-4745-9fb2-859a42e91411/datanode-2/data/ratis/8720d2a6-2fa3-407d-ac22-a62c2177b50e: Starting segment from index:0
2019-08-30 19:58:37,655 [2d422090-8abf-42f3-9732-1fabf469113c-SegmentedRaftLogWorker:Storage Directory /workdir/hadoop-ozone/integration-test/target/test-dir/MiniOzoneClusterImpl-0ce34326-890c-4745-9fb2-859a42e91411/datanode-0/data/ratis/8720d2a6-2fa3-407d-ac22-a62c2177b50e] INFO  segmented.SegmentedRaftLogWorker (SegmentedRaftLogWorker.java:execute(569)) - 2d422090-8abf-42f3-9732-1fabf469113c-SegmentedRaftLogWorker:Storage Directory /workdir/hadoop-ozone/integration-test/target/test-dir/MiniOzoneClusterImpl-0ce34326-890c-4745-9fb2-859a42e91411/datanode-0/data/ratis/8720d2a6-2fa3-407d-ac22-a62c2177b50e: created new log segment /workdir/hadoop-ozone/integration-test/target/test-dir/MiniOzoneClusterImpl-0ce34326-890c-4745-9fb2-859a42e91411/datanode-0/data/ratis/8720d2a6-2fa3-407d-ac22-a62c2177b50e/current/log_inprogress_0
2019-08-30 19:58:37,655 [42fa8907-0757-405a-9793-077a04797055:group-DBAC57559817:LeaderElection72] INFO  impl.LeaderElection (LeaderElection.java:askForVotes(181)) - 42fa8907-0757-405a-9793-077a04797055:group-DBAC57559817:LeaderElection72: begin an election at term 1 for -1: [42fa8907-0757-405a-9793-077a04797055:192.168.5.161:38602], old=null
2019-08-30 19:58:37,655 [e5f88aa8-ed94-4632-9bac-96dc85ccdca1:group-C1F16A5A4117:LeaderElection71] INFO  impl.LeaderElection (LeaderElection.java:askForVotes(181)) - e5f88aa8-ed94-4632-9bac-96dc85ccdca1:group-C1F16A5A4117:LeaderElection71: begin an election at term 1 for -1: [e5f88aa8-ed94-4632-9bac-96dc85ccdca1:192.168.5.161:34301], old=null
2019-08-30 19:58:37,655 [42fa8907-0757-405a-9793-077a04797055:group-DBAC57559817:LeaderElection72] INFO  impl.RoleInfo (RoleInfo.java:shutdownLeaderElection(134)) - 42fa8907-0757-405a-9793-077a04797055: shutdown LeaderElection
2019-08-30 19:58:37,655 [e5f88aa8-ed94-4632-9bac-96dc85ccdca1:group-C1F16A5A4117:LeaderElection71] INFO  impl.RoleInfo (RoleInfo.java:shutdownLeaderElection(134)) - e5f88aa8-ed94-4632-9bac-96dc85ccdca1: shutdown LeaderElection
2019-08-30 19:58:37,655 [42fa8907-0757-405a-9793-077a04797055:group-DBAC57559817:LeaderElection72] INFO  impl.RaftServerImpl (RaftServerImpl.java:setRole(171)) - 42fa8907-0757-405a-9793-077a04797055:group-DBAC57559817 changes role from CANDIDATE to LEADER at term 1 for changeToLeader
2019-08-30 19:58:37,655 [e5f88aa8-ed94-4632-9bac-96dc85ccdca1:group-C1F16A5A4117:LeaderElection71] INFO  impl.RaftServerImpl (RaftServerImpl.java:setRole(171)) - e5f88aa8-ed94-4632-9bac-96dc85ccdca1:group-C1F16A5A4117 changes role from CANDIDATE to LEADER at term 1 for changeToLeader
2019-08-30 19:58:37,655 [42fa8907-0757-405a-9793-077a04797055:group-DBAC57559817:LeaderElection72] INFO  impl.RaftServerImpl (ServerState.java:setLeader(263)) - 42fa8907-0757-405a-9793-077a04797055:group-DBAC57559817 change Leader from null to 42fa8907-0757-405a-9793-077a04797055 at term 1 for becomeLeader, leader elected after 5032ms
2019-08-30 19:58:37,656 [e5f88aa8-ed94-4632-9bac-96dc85ccdca1:group-C1F16A5A4117:LeaderElection71] INFO  impl.RaftServerImpl (ServerState.java:setLeader(263)) - e5f88aa8-ed94-4632-9bac-96dc85ccdca1:group-C1F16A5A4117 change Leader from null to e5f88aa8-ed94-4632-9bac-96dc85ccdca1 at term 1 for becomeLeader, leader elected after 5082ms
2019-08-30 19:58:37,656 [42fa8907-0757-405a-9793-077a04797055:group-DBAC57559817:LeaderElection72] INFO  server.RaftServerConfigKeys (ConfUtils.java:logGet(43)) - raft.server.staging.catchup.gap = 1000 (default)
2019-08-30 19:58:37,656 [e5f88aa8-ed94-4632-9bac-96dc85ccdca1:group-C1F16A5A4117:LeaderElection71] INFO  server.RaftServerConfigKeys (ConfUtils.java:logGet(43)) - raft.server.staging.catchup.gap = 1000 (default)
2019-08-30 19:58:37,656 [42fa8907-0757-405a-9793-077a04797055:group-DBAC57559817:LeaderElection72] INFO  server.RaftServerConfigKeys (ConfUtils.java:logGet(43)) - raft.server.rpc.sleep.time = 25ms (default)
2019-08-30 19:58:37,656 [e5f88aa8-ed94-4632-9bac-96dc85ccdca1:group-C1F16A5A4117:LeaderElection71] INFO  server.RaftServerConfigKeys (ConfUtils.java:logGet(43)) - raft.server.rpc.sleep.time = 25ms (default)
2019-08-30 19:58:37,656 [42fa8907-0757-405a-9793-077a04797055:group-DBAC57559817:LeaderElection72] INFO  server.RaftServerConfigKeys (ConfUtils.java:logGet(43)) - raft.server.write.element-limit = 4096 (default)
2019-08-30 19:58:37,656 [e5f88aa8-ed94-4632-9bac-96dc85ccdca1:group-C1F16A5A4117:LeaderElection71] INFO  server.RaftServerConfigKeys (ConfUtils.java:logGet(43)) - raft.server.write.element-limit = 4096 (default)
2019-08-30 19:58:37,656 [42fa8907-0757-405a-9793-077a04797055:group-DBAC57559817:LeaderElection72] INFO  server.RaftServerConfigKeys (ConfUtils.java:logGet(43)) - raft.server.watch.timeout = 10s (default)
2019-08-30 19:58:37,657 [e5f88aa8-ed94-4632-9bac-96dc85ccdca1:group-C1F16A5A4117:LeaderElection71] INFO  server.RaftServerConfigKeys (ConfUtils.java:logGet(43)) - raft.server.watch.timeout = 10s (default)
2019-08-30 19:58:37,657 [42fa8907-0757-405a-9793-077a04797055:group-DBAC57559817:LeaderElection72] INFO  server.RaftServerConfigKeys (ConfUtils.java:logGet(43)) - raft.server.watch.timeout.denomination = 1s (default)
2019-08-30 19:58:37,657 [e5f88aa8-ed94-4632-9bac-96dc85ccdca1:group-C1F16A5A4117:LeaderElection71] INFO  server.RaftServerConfigKeys (ConfUtils.java:logGet(43)) - raft.server.watch.timeout.denomination = 1s (default)
2019-08-30 19:58:37,657 [42fa8907-0757-405a-9793-077a04797055:group-DBAC57559817:LeaderElection72] INFO  server.RaftServerConfigKeys (ConfUtils.java:logGet(43)) - raft.server.watch.element-limit = 65536 (default)
2019-08-30 19:58:37,657 [e5f88aa8-ed94-4632-9bac-96dc85ccdca1:group-C1F16A5A4117:LeaderElection71] INFO  server.RaftServerConfigKeys (ConfUtils.java:logGet(43)) - raft.server.watch.element-limit = 65536 (default)
2019-08-30 19:58:37,657 [42fa8907-0757-405a-9793-077a04797055:group-DBAC57559817:LeaderElection72] INFO  impl.RoleInfo (RoleInfo.java:updateAndGet(143)) - 42fa8907-0757-405a-9793-077a04797055: start LeaderState
2019-08-30 19:58:37,657 [e5f88aa8-ed94-4632-9bac-96dc85ccdca1:group-C1F16A5A4117:LeaderElection71] INFO  impl.RoleInfo (RoleInfo.java:updateAndGet(143)) - e5f88aa8-ed94-4632-9bac-96dc85ccdca1: start LeaderState
2019-08-30 19:58:37,657 [42fa8907-0757-405a-9793-077a04797055:group-DBAC57559817:LeaderElection72] INFO  segmented.SegmentedRaftLogWorker (SegmentedRaftLogWorker.java:startLogSegment(380)) - 42fa8907-0757-405a-9793-077a04797055-SegmentedRaftLogWorker:Storage Directory /workdir/hadoop-ozone/integration-test/target/test-dir/MiniOzoneClusterImpl-0ce34326-890c-4745-9fb2-859a42e91411/datanode-5/data/ratis/34f80ef0-031e-4d96-bdfc-dbac57559817: Starting segment from index:0
2019-08-30 19:58:37,658 [e5f88aa8-ed94-4632-9bac-96dc85ccdca1:group-C1F16A5A4117:LeaderElection71] INFO  segmented.SegmentedRaftLogWorker (SegmentedRaftLogWorker.java:startLogSegment(380)) - e5f88aa8-ed94-4632-9bac-96dc85ccdca1-SegmentedRaftLogWorker:Storage Directory /workdir/hadoop-ozone/integration-test/target/test-dir/MiniOzoneClusterImpl-0ce34326-890c-4745-9fb2-859a42e91411/datanode-3/data/ratis/fed93fc8-b9ab-4e52-8cd0-c1f16a5a4117: Starting segment from index:0
2019-08-30 19:58:37,658 [42fa8907-0757-405a-9793-077a04797055:group-DBAC57559817:LeaderElection72] INFO  impl.RaftServerImpl (ServerState.java:setRaftConf(361)) - 42fa8907-0757-405a-9793-077a04797055:group-DBAC57559817 set configuration 0: [42fa8907-0757-405a-9793-077a04797055:192.168.5.161:38602], old=null at 0
2019-08-30 19:58:37,700 [Thread-3541] INFO  impl.FollowerState (FollowerState.java:run(106)) - 527b2082-6919-40b0-be6c-4b03673bbbcf:group-DF474072982B changes to CANDIDATE, lastRpcTime:5026, electionTimeout:5020ms
2019-08-30 19:58:37,700 [Thread-3541] INFO  impl.RoleInfo (RoleInfo.java:shutdownFollowerState(121)) - 527b2082-6919-40b0-be6c-4b03673bbbcf: shutdown FollowerState
2019-08-30 19:58:37,700 [Thread-3541] INFO  impl.RaftServerImpl (RaftServerImpl.java:setRole(171)) - 527b2082-6919-40b0-be6c-4b03673bbbcf:group-DF474072982B changes role from FOLLOWER to CANDIDATE at term 0 for changeToCandidate
2019-08-30 19:58:37,700 [e5f88aa8-ed94-4632-9bac-96dc85ccdca1:group-C1F16A5A4117:LeaderElection71] INFO  impl.RaftServerImpl (ServerState.java:setRaftConf(361)) - e5f88aa8-ed94-4632-9bac-96dc85ccdca1:group-C1F16A5A4117 set configuration 0: [e5f88aa8-ed94-4632-9bac-96dc85ccdca1:192.168.5.161:34301], old=null at 0
2019-08-30 19:58:37,700 [Thread-3541] INFO  impl.RoleInfo (RoleInfo.java:updateAndGet(143)) - 527b2082-6919-40b0-be6c-4b03673bbbcf: start LeaderElection
2019-08-30 19:58:37,740 [42fa8907-0757-405a-9793-077a04797055-SegmentedRaftLogWorker:Storage Directory /workdir/hadoop-ozone/integration-test/target/test-dir/MiniOzoneClusterImpl-0ce34326-890c-4745-9fb2-859a42e91411/datanode-5/data/ratis/34f80ef0-031e-4d96-bdfc-dbac57559817] INFO  segmented.SegmentedRaftLogWorker (SegmentedRaftLogWorker.java:execute(569)) - 42fa8907-0757-405a-9793-077a04797055-SegmentedRaftLogWorker:Storage Directory /workdir/hadoop-ozone/integration-test/target/test-dir/MiniOzoneClusterImpl-0ce34326-890c-4745-9fb2-859a42e91411/datanode-5/data/ratis/34f80ef0-031e-4d96-bdfc-dbac57559817: created new log segment /workdir/hadoop-ozone/integration-test/target/test-dir/MiniOzoneClusterImpl-0ce34326-890c-4745-9fb2-859a42e91411/datanode-5/data/ratis/34f80ef0-031e-4d96-bdfc-dbac57559817/current/log_inprogress_0
2019-08-30 19:58:37,740 [02b55be5-f766-42b8-b701-7d673475772a-SegmentedRaftLogWorker:Storage Directory /workdir/hadoop-ozone/integration-test/target/test-dir/MiniOzoneClusterImpl-0ce34326-890c-4745-9fb2-859a42e91411/datanode-2/data/ratis/8720d2a6-2fa3-407d-ac22-a62c2177b50e] INFO  segmented.SegmentedRaftLogWorker (SegmentedRaftLogWorker.java:execute(569)) - 02b55be5-f766-42b8-b701-7d673475772a-SegmentedRaftLogWorker:Storage Directory /workdir/hadoop-ozone/integration-test/target/test-dir/MiniOzoneClusterImpl-0ce34326-890c-4745-9fb2-859a42e91411/datanode-2/data/ratis/8720d2a6-2fa3-407d-ac22-a62c2177b50e: created new log segment /workdir/hadoop-ozone/integration-test/target/test-dir/MiniOzoneClusterImpl-0ce34326-890c-4745-9fb2-859a42e91411/datanode-2/data/ratis/8720d2a6-2fa3-407d-ac22-a62c2177b50e/current/log_inprogress_0
2019-08-30 19:58:37,740 [f263c918-4003-4dfb-a666-c73a676ec01c-SegmentedRaftLogWorker:Storage Directory /workdir/hadoop-ozone/integration-test/target/test-dir/MiniOzoneClusterImpl-0ce34326-890c-4745-9fb2-859a42e91411/datanode-1/data/ratis/8720d2a6-2fa3-407d-ac22-a62c2177b50e] INFO  segmented.SegmentedRaftLogWorker (SegmentedRaftLogWorker.java:execute(569)) - f263c918-4003-4dfb-a666-c73a676ec01c-SegmentedRaftLogWorker:Storage Directory /workdir/hadoop-ozone/integration-test/target/test-dir/MiniOzoneClusterImpl-0ce34326-890c-4745-9fb2-859a42e91411/datanode-1/data/ratis/8720d2a6-2fa3-407d-ac22-a62c2177b50e: created new log segment /workdir/hadoop-ozone/integration-test/target/test-dir/MiniOzoneClusterImpl-0ce34326-890c-4745-9fb2-859a42e91411/datanode-1/data/ratis/8720d2a6-2fa3-407d-ac22-a62c2177b50e/current/log_inprogress_0
2019-08-30 19:58:37,774 [e5f88aa8-ed94-4632-9bac-96dc85ccdca1-SegmentedRaftLogWorker:Storage Directory /workdir/hadoop-ozone/integration-test/target/test-dir/MiniOzoneClusterImpl-0ce34326-890c-4745-9fb2-859a42e91411/datanode-3/data/ratis/fed93fc8-b9ab-4e52-8cd0-c1f16a5a4117] INFO  segmented.SegmentedRaftLogWorker (SegmentedRaftLogWorker.java:execute(569)) - e5f88aa8-ed94-4632-9bac-96dc85ccdca1-SegmentedRaftLogWorker:Storage Directory /workdir/hadoop-ozone/integration-test/target/test-dir/MiniOzoneClusterImpl-0ce34326-890c-4745-9fb2-859a42e91411/datanode-3/data/ratis/fed93fc8-b9ab-4e52-8cd0-c1f16a5a4117: created new log segment /workdir/hadoop-ozone/integration-test/target/test-dir/MiniOzoneClusterImpl-0ce34326-890c-4745-9fb2-859a42e91411/datanode-3/data/ratis/fed93fc8-b9ab-4e52-8cd0-c1f16a5a4117/current/log_inprogress_0
2019-08-30 19:58:37,774 [527b2082-6919-40b0-be6c-4b03673bbbcf:group-DF474072982B:LeaderElection73] INFO  impl.LeaderElection (LeaderElection.java:askForVotes(181)) - 527b2082-6919-40b0-be6c-4b03673bbbcf:group-DF474072982B:LeaderElection73: begin an election at term 1 for -1: [527b2082-6919-40b0-be6c-4b03673bbbcf:192.168.5.161:45184], old=null
2019-08-30 19:58:37,774 [527b2082-6919-40b0-be6c-4b03673bbbcf:group-DF474072982B:LeaderElection73] INFO  impl.RoleInfo (RoleInfo.java:shutdownLeaderElection(134)) - 527b2082-6919-40b0-be6c-4b03673bbbcf: shutdown LeaderElection
2019-08-30 19:58:37,774 [527b2082-6919-40b0-be6c-4b03673bbbcf:group-DF474072982B:LeaderElection73] INFO  impl.RaftServerImpl (RaftServerImpl.java:setRole(171)) - 527b2082-6919-40b0-be6c-4b03673bbbcf:group-DF474072982B changes role from CANDIDATE to LEADER at term 1 for changeToLeader
2019-08-30 19:58:37,774 [527b2082-6919-40b0-be6c-4b03673bbbcf:group-DF474072982B:LeaderElection73] INFO  impl.RaftServerImpl (ServerState.java:setLeader(263)) - 527b2082-6919-40b0-be6c-4b03673bbbcf:group-DF474072982B change Leader from null to 527b2082-6919-40b0-be6c-4b03673bbbcf at term 1 for becomeLeader, leader elected after 5105ms
2019-08-30 19:58:37,774 [527b2082-6919-40b0-be6c-4b03673bbbcf:group-DF474072982B:LeaderElection73] INFO  server.RaftServerConfigKeys (ConfUtils.java:logGet(43)) - raft.server.staging.catchup.gap = 1000 (default)
2019-08-30 19:58:37,775 [527b2082-6919-40b0-be6c-4b03673bbbcf:group-DF474072982B:LeaderElection73] INFO  server.RaftServerConfigKeys (ConfUtils.java:logGet(43)) - raft.server.rpc.sleep.time = 25ms (default)
2019-08-30 19:58:37,775 [527b2082-6919-40b0-be6c-4b03673bbbcf:group-DF474072982B:LeaderElection73] INFO  server.RaftServerConfigKeys (ConfUtils.java:logGet(43)) - raft.server.write.element-limit = 4096 (default)
2019-08-30 19:58:37,775 [527b2082-6919-40b0-be6c-4b03673bbbcf:group-DF474072982B:LeaderElection73] INFO  server.RaftServerConfigKeys (ConfUtils.java:logGet(43)) - raft.server.watch.timeout = 10s (default)
2019-08-30 19:58:37,775 [527b2082-6919-40b0-be6c-4b03673bbbcf:group-DF474072982B:LeaderElection73] INFO  server.RaftServerConfigKeys (ConfUtils.java:logGet(43)) - raft.server.watch.timeout.denomination = 1s (default)
2019-08-30 19:58:37,775 [527b2082-6919-40b0-be6c-4b03673bbbcf:group-DF474072982B:LeaderElection73] INFO  server.RaftServerConfigKeys (ConfUtils.java:logGet(43)) - raft.server.watch.element-limit = 65536 (default)
2019-08-30 19:58:37,776 [527b2082-6919-40b0-be6c-4b03673bbbcf:group-DF474072982B:LeaderElection73] INFO  impl.RoleInfo (RoleInfo.java:updateAndGet(143)) - 527b2082-6919-40b0-be6c-4b03673bbbcf: start LeaderState
2019-08-30 19:58:37,776 [527b2082-6919-40b0-be6c-4b03673bbbcf:group-DF474072982B:LeaderElection73] INFO  segmented.SegmentedRaftLogWorker (SegmentedRaftLogWorker.java:startLogSegment(380)) - 527b2082-6919-40b0-be6c-4b03673bbbcf-SegmentedRaftLogWorker:Storage Directory /workdir/hadoop-ozone/integration-test/target/test-dir/MiniOzoneClusterImpl-0ce34326-890c-4745-9fb2-859a42e91411/datanode-4/data/ratis/e9c2ef26-70ce-4544-8aa2-df474072982b: Starting segment from index:0
2019-08-30 19:58:37,776 [527b2082-6919-40b0-be6c-4b03673bbbcf:group-DF474072982B:LeaderElection73] INFO  impl.RaftServerImpl (ServerState.java:setRaftConf(361)) - 527b2082-6919-40b0-be6c-4b03673bbbcf:group-DF474072982B set configuration 0: [527b2082-6919-40b0-be6c-4b03673bbbcf:192.168.5.161:45184], old=null at 0
2019-08-30 19:58:37,832 [grpc-default-executor-8] INFO  client.GrpcClientProtocolClient (GrpcClientProtocolClient.java:onNext(255)) - client-60D41D326807->f263c918-4003-4dfb-a666-c73a676ec01c: receive RaftClientReply:client-60D41D326807->f263c918-4003-4dfb-a666-c73a676ec01c@group-A62C2177B50E, cid=183, FAILED org.apache.ratis.protocol.NotLeaderException: Server f263c918-4003-4dfb-a666-c73a676ec01c is not the leader (2d422090-8abf-42f3-9732-1fabf469113c:192.168.5.161:33657). Request must be sent to leader., logIndex=0, commits[f263c918-4003-4dfb-a666-c73a676ec01c:c-1, 2d422090-8abf-42f3-9732-1fabf469113c:c-1, 02b55be5-f766-42b8-b701-7d673475772a:c-1]
2019-08-30 19:58:37,843 [Thread-3544] INFO  impl.FollowerState (FollowerState.java:run(106)) - 0ad8d7ae-187f-46e3-a3e2-571100048e4e:group-1778CDC389DE changes to CANDIDATE, lastRpcTime:5125, electionTimeout:5125ms
2019-08-30 19:58:37,843 [Thread-3544] INFO  impl.RoleInfo (RoleInfo.java:shutdownFollowerState(121)) - 0ad8d7ae-187f-46e3-a3e2-571100048e4e: shutdown FollowerState
2019-08-30 19:58:37,843 [Thread-3544] INFO  impl.RaftServerImpl (RaftServerImpl.java:setRole(171)) - 0ad8d7ae-187f-46e3-a3e2-571100048e4e:group-1778CDC389DE changes role from FOLLOWER to CANDIDATE at term 0 for changeToCandidate
2019-08-30 19:58:37,843 [Thread-3544] INFO  impl.RoleInfo (RoleInfo.java:updateAndGet(143)) - 0ad8d7ae-187f-46e3-a3e2-571100048e4e: start LeaderElection
2019-08-30 19:58:37,854 [527b2082-6919-40b0-be6c-4b03673bbbcf-SegmentedRaftLogWorker:Storage Directory /workdir/hadoop-ozone/integration-test/target/test-dir/MiniOzoneClusterImpl-0ce34326-890c-4745-9fb2-859a42e91411/datanode-4/data/ratis/e9c2ef26-70ce-4544-8aa2-df474072982b] INFO  segmented.SegmentedRaftLogWorker (SegmentedRaftLogWorker.java:execute(569)) - 527b2082-6919-40b0-be6c-4b03673bbbcf-SegmentedRaftLogWorker:Storage Directory /workdir/hadoop-ozone/integration-test/target/test-dir/MiniOzoneClusterImpl-0ce34326-890c-4745-9fb2-859a42e91411/datanode-4/data/ratis/e9c2ef26-70ce-4544-8aa2-df474072982b: created new log segment /workdir/hadoop-ozone/integration-test/target/test-dir/MiniOzoneClusterImpl-0ce34326-890c-4745-9fb2-859a42e91411/datanode-4/data/ratis/e9c2ef26-70ce-4544-8aa2-df474072982b/current/log_inprogress_0
2019-08-30 19:58:37,856 [0ad8d7ae-187f-46e3-a3e2-571100048e4e:group-1778CDC389DE:LeaderElection74] INFO  impl.LeaderElection (LeaderElection.java:askForVotes(181)) - 0ad8d7ae-187f-46e3-a3e2-571100048e4e:group-1778CDC389DE:LeaderElection74: begin an election at term 1 for -1: [0ad8d7ae-187f-46e3-a3e2-571100048e4e:192.168.5.161:41840], old=null
2019-08-30 19:58:37,856 [0ad8d7ae-187f-46e3-a3e2-571100048e4e:group-1778CDC389DE:LeaderElection74] INFO  impl.RoleInfo (RoleInfo.java:shutdownLeaderElection(134)) - 0ad8d7ae-187f-46e3-a3e2-571100048e4e: shutdown LeaderElection
2019-08-30 19:58:37,856 [0ad8d7ae-187f-46e3-a3e2-571100048e4e:group-1778CDC389DE:LeaderElection74] INFO  impl.RaftServerImpl (RaftServerImpl.java:setRole(171)) - 0ad8d7ae-187f-46e3-a3e2-571100048e4e:group-1778CDC389DE changes role from CANDIDATE to LEADER at term 1 for changeToLeader
2019-08-30 19:58:37,856 [0ad8d7ae-187f-46e3-a3e2-571100048e4e:group-1778CDC389DE:LeaderElection74] INFO  impl.RaftServerImpl (ServerState.java:setLeader(263)) - 0ad8d7ae-187f-46e3-a3e2-571100048e4e:group-1778CDC389DE change Leader from null to 0ad8d7ae-187f-46e3-a3e2-571100048e4e at term 1 for becomeLeader, leader elected after 5142ms
2019-08-30 19:58:37,857 [0ad8d7ae-187f-46e3-a3e2-571100048e4e:group-1778CDC389DE:LeaderElection74] INFO  server.RaftServerConfigKeys (ConfUtils.java:logGet(43)) - raft.server.staging.catchup.gap = 1000 (default)
2019-08-30 19:58:37,857 [0ad8d7ae-187f-46e3-a3e2-571100048e4e:group-1778CDC389DE:LeaderElection74] INFO  server.RaftServerConfigKeys (ConfUtils.java:logGet(43)) - raft.server.rpc.sleep.time = 25ms (default)
2019-08-30 19:58:37,857 [0ad8d7ae-187f-46e3-a3e2-571100048e4e:group-1778CDC389DE:LeaderElection74] INFO  server.RaftServerConfigKeys (ConfUtils.java:logGet(43)) - raft.server.write.element-limit = 4096 (default)
2019-08-30 19:58:37,857 [0ad8d7ae-187f-46e3-a3e2-571100048e4e:group-1778CDC389DE:LeaderElection74] INFO  server.RaftServerConfigKeys (ConfUtils.java:logGet(43)) - raft.server.watch.timeout = 10s (default)
2019-08-30 19:58:37,857 [0ad8d7ae-187f-46e3-a3e2-571100048e4e:group-1778CDC389DE:LeaderElection74] INFO  server.RaftServerConfigKeys (ConfUtils.java:logGet(43)) - raft.server.watch.timeout.denomination = 1s (default)
2019-08-30 19:58:37,857 [0ad8d7ae-187f-46e3-a3e2-571100048e4e:group-1778CDC389DE:LeaderElection74] INFO  server.RaftServerConfigKeys (ConfUtils.java:logGet(43)) - raft.server.watch.element-limit = 65536 (default)
2019-08-30 19:58:37,858 [0ad8d7ae-187f-46e3-a3e2-571100048e4e:group-1778CDC389DE:LeaderElection74] INFO  impl.RoleInfo (RoleInfo.java:updateAndGet(143)) - 0ad8d7ae-187f-46e3-a3e2-571100048e4e: start LeaderState
2019-08-30 19:58:37,858 [0ad8d7ae-187f-46e3-a3e2-571100048e4e:group-1778CDC389DE:LeaderElection74] INFO  segmented.SegmentedRaftLogWorker (SegmentedRaftLogWorker.java:startLogSegment(380)) - 0ad8d7ae-187f-46e3-a3e2-571100048e4e-SegmentedRaftLogWorker:Storage Directory /workdir/hadoop-ozone/integration-test/target/test-dir/MiniOzoneClusterImpl-0ce34326-890c-4745-9fb2-859a42e91411/datanode-6/data/ratis/ba4f554d-50e4-4947-b588-1778cdc389de: Starting segment from index:0
2019-08-30 19:58:37,858 [0ad8d7ae-187f-46e3-a3e2-571100048e4e:group-1778CDC389DE:LeaderElection74] INFO  impl.RaftServerImpl (ServerState.java:setRaftConf(361)) - 0ad8d7ae-187f-46e3-a3e2-571100048e4e:group-1778CDC389DE set configuration 0: [0ad8d7ae-187f-46e3-a3e2-571100048e4e:192.168.5.161:41840], old=null at 0
2019-08-30 19:58:37,868 [Thread-3552] INFO  impl.FollowerState (FollowerState.java:run(106)) - e5f88aa8-ed94-4632-9bac-96dc85ccdca1:group-5F8DFC6EBF12 changes to CANDIDATE, lastRpcTime:5072, electionTimeout:5072ms
2019-08-30 19:58:37,868 [Thread-3552] INFO  impl.RoleInfo (RoleInfo.java:shutdownFollowerState(121)) - e5f88aa8-ed94-4632-9bac-96dc85ccdca1: shutdown FollowerState
2019-08-30 19:58:37,868 [Thread-3552] INFO  impl.RaftServerImpl (RaftServerImpl.java:setRole(171)) - e5f88aa8-ed94-4632-9bac-96dc85ccdca1:group-5F8DFC6EBF12 changes role from FOLLOWER to CANDIDATE at term 0 for changeToCandidate
2019-08-30 19:58:37,869 [Thread-3552] INFO  impl.RoleInfo (RoleInfo.java:updateAndGet(143)) - e5f88aa8-ed94-4632-9bac-96dc85ccdca1: start LeaderElection
2019-08-30 19:58:37,887 [e5f88aa8-ed94-4632-9bac-96dc85ccdca1:group-5F8DFC6EBF12:LeaderElection75] INFO  impl.LeaderElection (LeaderElection.java:askForVotes(181)) - e5f88aa8-ed94-4632-9bac-96dc85ccdca1:group-5F8DFC6EBF12:LeaderElection75: begin an election at term 1 for -1: [42fa8907-0757-405a-9793-077a04797055:192.168.5.161:38602, 0ad8d7ae-187f-46e3-a3e2-571100048e4e:192.168.5.161:41840, e5f88aa8-ed94-4632-9bac-96dc85ccdca1:192.168.5.161:34301], old=null
2019-08-30 19:58:37,894 [grpc-default-executor-7] INFO  impl.RaftServerImpl (RaftServerImpl.java:setRole(171)) - 0ad8d7ae-187f-46e3-a3e2-571100048e4e:group-5F8DFC6EBF12 changes role from FOLLOWER to FOLLOWER at term 1 for recognizeCandidate:e5f88aa8-ed94-4632-9bac-96dc85ccdca1
2019-08-30 19:58:37,894 [grpc-default-executor-7] INFO  impl.RoleInfo (RoleInfo.java:shutdownFollowerState(121)) - 0ad8d7ae-187f-46e3-a3e2-571100048e4e: shutdown FollowerState
2019-08-30 19:58:37,894 [grpc-default-executor-8] INFO  impl.RaftServerImpl (RaftServerImpl.java:setRole(171)) - 42fa8907-0757-405a-9793-077a04797055:group-5F8DFC6EBF12 changes role from FOLLOWER to FOLLOWER at term 1 for recognizeCandidate:e5f88aa8-ed94-4632-9bac-96dc85ccdca1
2019-08-30 19:58:37,894 [Thread-3551] INFO  impl.FollowerState (FollowerState.java:run(114)) - 0ad8d7ae-187f-46e3-a3e2-571100048e4e: FollowerState was interrupted: java.lang.InterruptedException: sleep interrupted
2019-08-30 19:58:37,894 [grpc-default-executor-7] INFO  impl.RoleInfo (RoleInfo.java:updateAndGet(143)) - 0ad8d7ae-187f-46e3-a3e2-571100048e4e: start FollowerState
2019-08-30 19:58:37,894 [grpc-default-executor-8] INFO  impl.RoleInfo (RoleInfo.java:shutdownFollowerState(121)) - 42fa8907-0757-405a-9793-077a04797055: shutdown FollowerState
2019-08-30 19:58:37,923 [grpc-default-executor-8] INFO  impl.RoleInfo (RoleInfo.java:updateAndGet(143)) - 42fa8907-0757-405a-9793-077a04797055: start FollowerState
2019-08-30 19:58:37,923 [Thread-3547] INFO  impl.FollowerState (FollowerState.java:run(114)) - 42fa8907-0757-405a-9793-077a04797055: FollowerState was interrupted: java.lang.InterruptedException: sleep interrupted
2019-08-30 19:58:37,934 [0ad8d7ae-187f-46e3-a3e2-571100048e4e-SegmentedRaftLogWorker:Storage Directory /workdir/hadoop-ozone/integration-test/target/test-dir/MiniOzoneClusterImpl-0ce34326-890c-4745-9fb2-859a42e91411/datanode-6/data/ratis/ba4f554d-50e4-4947-b588-1778cdc389de] INFO  segmented.SegmentedRaftLogWorker (SegmentedRaftLogWorker.java:execute(569)) - 0ad8d7ae-187f-46e3-a3e2-571100048e4e-SegmentedRaftLogWorker:Storage Directory /workdir/hadoop-ozone/integration-test/target/test-dir/MiniOzoneClusterImpl-0ce34326-890c-4745-9fb2-859a42e91411/datanode-6/data/ratis/ba4f554d-50e4-4947-b588-1778cdc389de: created new log segment /workdir/hadoop-ozone/integration-test/target/test-dir/MiniOzoneClusterImpl-0ce34326-890c-4745-9fb2-859a42e91411/datanode-6/data/ratis/ba4f554d-50e4-4947-b588-1778cdc389de/current/log_inprogress_0
2019-08-30 19:58:37,937 [e5f88aa8-ed94-4632-9bac-96dc85ccdca1:group-5F8DFC6EBF12:LeaderElection75] INFO  impl.LeaderElection (LeaderElection.java:logAndReturn(56)) - e5f88aa8-ed94-4632-9bac-96dc85ccdca1:group-5F8DFC6EBF12:LeaderElection75: Election PASSED; received 1 response(s) [e5f88aa8-ed94-4632-9bac-96dc85ccdca1<-42fa8907-0757-405a-9793-077a04797055#0:OK-t1] and 0 exception(s); e5f88aa8-ed94-4632-9bac-96dc85ccdca1:t1, leader=null, voted=e5f88aa8-ed94-4632-9bac-96dc85ccdca1, raftlog=e5f88aa8-ed94-4632-9bac-96dc85ccdca1-SegmentedRaftLog:OPENED:c-1,f-1,i0, conf=-1: [42fa8907-0757-405a-9793-077a04797055:192.168.5.161:38602, 0ad8d7ae-187f-46e3-a3e2-571100048e4e:192.168.5.161:41840, e5f88aa8-ed94-4632-9bac-96dc85ccdca1:192.168.5.161:34301], old=null
2019-08-30 19:58:37,937 [e5f88aa8-ed94-4632-9bac-96dc85ccdca1:group-5F8DFC6EBF12:LeaderElection75] INFO  impl.RoleInfo (RoleInfo.java:shutdownLeaderElection(134)) - e5f88aa8-ed94-4632-9bac-96dc85ccdca1: shutdown LeaderElection
2019-08-30 19:58:37,938 [e5f88aa8-ed94-4632-9bac-96dc85ccdca1:group-5F8DFC6EBF12:LeaderElection75] INFO  impl.RaftServerImpl (RaftServerImpl.java:setRole(171)) - e5f88aa8-ed94-4632-9bac-96dc85ccdca1:group-5F8DFC6EBF12 changes role from CANDIDATE to LEADER at term 1 for changeToLeader
2019-08-30 19:58:37,938 [e5f88aa8-ed94-4632-9bac-96dc85ccdca1:group-5F8DFC6EBF12:LeaderElection75] INFO  impl.RaftServerImpl (ServerState.java:setLeader(263)) - e5f88aa8-ed94-4632-9bac-96dc85ccdca1:group-5F8DFC6EBF12 change Leader from null to e5f88aa8-ed94-4632-9bac-96dc85ccdca1 at term 1 for becomeLeader, leader elected after 5156ms
2019-08-30 19:58:37,938 [e5f88aa8-ed94-4632-9bac-96dc85ccdca1:group-5F8DFC6EBF12:LeaderElection75] INFO  server.RaftServerConfigKeys (ConfUtils.java:logGet(43)) - raft.server.staging.catchup.gap = 1000 (default)
2019-08-30 19:58:37,938 [e5f88aa8-ed94-4632-9bac-96dc85ccdca1:group-5F8DFC6EBF12:LeaderElection75] INFO  server.RaftServerConfigKeys (ConfUtils.java:logGet(43)) - raft.server.rpc.sleep.time = 25ms (default)
2019-08-30 19:58:37,938 [e5f88aa8-ed94-4632-9bac-96dc85ccdca1:group-5F8DFC6EBF12:LeaderElection75] INFO  server.RaftServerConfigKeys (ConfUtils.java:logGet(43)) - raft.server.write.element-limit = 4096 (default)
2019-08-30 19:58:37,939 [e5f88aa8-ed94-4632-9bac-96dc85ccdca1:group-5F8DFC6EBF12:LeaderElection75] INFO  server.RaftServerConfigKeys (ConfUtils.java:logGet(43)) - raft.server.watch.timeout = 10s (default)
2019-08-30 19:58:37,939 [e5f88aa8-ed94-4632-9bac-96dc85ccdca1:group-5F8DFC6EBF12:LeaderElection75] INFO  server.RaftServerConfigKeys (ConfUtils.java:logGet(43)) - raft.server.watch.timeout.denomination = 1s (default)
2019-08-30 19:58:37,939 [e5f88aa8-ed94-4632-9bac-96dc85ccdca1:group-5F8DFC6EBF12:LeaderElection75] INFO  server.RaftServerConfigKeys (ConfUtils.java:logGet(43)) - raft.server.watch.element-limit = 65536 (default)
2019-08-30 19:58:37,940 [e5f88aa8-ed94-4632-9bac-96dc85ccdca1:group-5F8DFC6EBF12:LeaderElection75] INFO  server.RaftServerConfigKeys (ConfUtils.java:logGet(43)) - raft.server.log.appender.snapshot.chunk.size.max = 16MB (=16777216) (default)
2019-08-30 19:58:37,940 [e5f88aa8-ed94-4632-9bac-96dc85ccdca1:group-5F8DFC6EBF12:LeaderElection75] INFO  server.RaftServerConfigKeys (ConfUtils.java:logGet(43)) - raft.server.log.appender.buffer.byte-limit = 33554432 (custom)
2019-08-30 19:58:37,940 [e5f88aa8-ed94-4632-9bac-96dc85ccdca1:group-5F8DFC6EBF12:LeaderElection75] INFO  server.RaftServerConfigKeys (ConfUtils.java:logGet(43)) - raft.server.log.appender.buffer.element-limit = 1 (custom)
2019-08-30 19:58:37,940 [e5f88aa8-ed94-4632-9bac-96dc85ccdca1:group-5F8DFC6EBF12:LeaderElection75] INFO  grpc.GrpcConfigKeys$Server (ConfUtils.java:logGet(43)) - raft.grpc.server.leader.outstanding.appends.max = 128 (default)
2019-08-30 19:58:37,941 [e5f88aa8-ed94-4632-9bac-96dc85ccdca1:group-5F8DFC6EBF12:LeaderElection75] INFO  server.RaftServerConfigKeys (ConfUtils.java:logGet(43)) - raft.server.rpc.request.timeout = 3000ms (default)
2019-08-30 19:58:37,941 [e5f88aa8-ed94-4632-9bac-96dc85ccdca1:group-5F8DFC6EBF12:LeaderElection75] INFO  server.RaftServerConfigKeys (ConfUtils.java:logGet(43)) - raft.server.log.appender.install.snapshot.enabled = false (custom)
2019-08-30 19:58:37,941 [e5f88aa8-ed94-4632-9bac-96dc85ccdca1:group-5F8DFC6EBF12:LeaderElection75] INFO  server.RaftServerConfigKeys (ConfUtils.java:logGet(43)) - raft.server.log.appender.snapshot.chunk.size.max = 16MB (=16777216) (default)
2019-08-30 19:58:37,942 [e5f88aa8-ed94-4632-9bac-96dc85ccdca1:group-5F8DFC6EBF12:LeaderElection75] INFO  server.RaftServerConfigKeys (ConfUtils.java:logGet(43)) - raft.server.log.appender.buffer.byte-limit = 33554432 (custom)
2019-08-30 19:58:37,942 [e5f88aa8-ed94-4632-9bac-96dc85ccdca1:group-5F8DFC6EBF12:LeaderElection75] INFO  server.RaftServerConfigKeys (ConfUtils.java:logGet(43)) - raft.server.log.appender.buffer.element-limit = 1 (custom)
2019-08-30 19:58:37,942 [e5f88aa8-ed94-4632-9bac-96dc85ccdca1:group-5F8DFC6EBF12:LeaderElection75] INFO  grpc.GrpcConfigKeys$Server (ConfUtils.java:logGet(43)) - raft.grpc.server.leader.outstanding.appends.max = 128 (default)
2019-08-30 19:58:37,942 [e5f88aa8-ed94-4632-9bac-96dc85ccdca1:group-5F8DFC6EBF12:LeaderElection75] INFO  server.RaftServerConfigKeys (ConfUtils.java:logGet(43)) - raft.server.rpc.request.timeout = 3000ms (default)
2019-08-30 19:58:37,943 [e5f88aa8-ed94-4632-9bac-96dc85ccdca1:group-5F8DFC6EBF12:LeaderElection75] INFO  server.RaftServerConfigKeys (ConfUtils.java:logGet(43)) - raft.server.log.appender.install.snapshot.enabled = false (custom)
2019-08-30 19:58:37,943 [e5f88aa8-ed94-4632-9bac-96dc85ccdca1:group-5F8DFC6EBF12:LeaderElection75] INFO  impl.RoleInfo (RoleInfo.java:updateAndGet(143)) - e5f88aa8-ed94-4632-9bac-96dc85ccdca1: start LeaderState
2019-08-30 19:58:37,943 [e5f88aa8-ed94-4632-9bac-96dc85ccdca1:group-5F8DFC6EBF12:LeaderElection75] INFO  segmented.SegmentedRaftLogWorker (SegmentedRaftLogWorker.java:startLogSegment(380)) - e5f88aa8-ed94-4632-9bac-96dc85ccdca1-SegmentedRaftLogWorker:Storage Directory /workdir/hadoop-ozone/integration-test/target/test-dir/MiniOzoneClusterImpl-0ce34326-890c-4745-9fb2-859a42e91411/datanode-3/data/ratis/7d90f605-dbc9-4faa-81f7-5f8dfc6ebf12: Starting segment from index:0
2019-08-30 19:58:37,944 [e5f88aa8-ed94-4632-9bac-96dc85ccdca1:group-5F8DFC6EBF12:LeaderElection75] INFO  impl.RaftServerImpl (ServerState.java:setRaftConf(361)) - e5f88aa8-ed94-4632-9bac-96dc85ccdca1:group-5F8DFC6EBF12 set configuration 0: [42fa8907-0757-405a-9793-077a04797055:192.168.5.161:38602, 0ad8d7ae-187f-46e3-a3e2-571100048e4e:192.168.5.161:41840, e5f88aa8-ed94-4632-9bac-96dc85ccdca1:192.168.5.161:34301], old=null at 0
2019-08-30 19:58:37,987 | INFO  | DNAudit | user=null | ip=null | op=WRITE_CHUNK {blockData=conID: 1 locID: 102707698972426253 bcsId: 0} | ret=SUCCESS |  
2019-08-30 19:58:37,989 [grpc-default-executor-7] INFO  impl.RaftServerImpl (ServerState.java:setLeader(263)) - 42fa8907-0757-405a-9793-077a04797055:group-5F8DFC6EBF12 change Leader from null to e5f88aa8-ed94-4632-9bac-96dc85ccdca1 at term 1 for appendEntries, leader elected after 5208ms
2019-08-30 19:58:37,989 [grpc-default-executor-8] INFO  impl.RaftServerImpl (ServerState.java:setLeader(263)) - 0ad8d7ae-187f-46e3-a3e2-571100048e4e:group-5F8DFC6EBF12 change Leader from null to e5f88aa8-ed94-4632-9bac-96dc85ccdca1 at term 1 for appendEntries, leader elected after 5207ms
2019-08-30 19:58:37,990 | INFO  | SCMAudit | user=jenkins1000 | ip=192.168.5.161 | op=SEND_HEARTBEAT {datanodeUUID=2d422090-8abf-42f3-9732-1fabf469113c, command=[]} | ret=SUCCESS |  
2019-08-30 19:58:37,994 [grpc-default-executor-7] INFO  impl.RaftServerImpl (ServerState.java:setRaftConf(361)) - 42fa8907-0757-405a-9793-077a04797055:group-5F8DFC6EBF12 set configuration 0: [42fa8907-0757-405a-9793-077a04797055:192.168.5.161:38602, 0ad8d7ae-187f-46e3-a3e2-571100048e4e:192.168.5.161:41840, e5f88aa8-ed94-4632-9bac-96dc85ccdca1:192.168.5.161:34301], old=null at 0
2019-08-30 19:58:37,996 [grpc-default-executor-8] INFO  impl.RaftServerImpl (ServerState.java:setRaftConf(361)) - 0ad8d7ae-187f-46e3-a3e2-571100048e4e:group-5F8DFC6EBF12 set configuration 0: [42fa8907-0757-405a-9793-077a04797055:192.168.5.161:38602, 0ad8d7ae-187f-46e3-a3e2-571100048e4e:192.168.5.161:41840, e5f88aa8-ed94-4632-9bac-96dc85ccdca1:192.168.5.161:34301], old=null at 0
2019-08-30 19:58:37,996 [e5f88aa8-ed94-4632-9bac-96dc85ccdca1-SegmentedRaftLogWorker:Storage Directory /workdir/hadoop-ozone/integration-test/target/test-dir/MiniOzoneClusterImpl-0ce34326-890c-4745-9fb2-859a42e91411/datanode-3/data/ratis/7d90f605-dbc9-4faa-81f7-5f8dfc6ebf12] INFO  segmented.SegmentedRaftLogWorker (SegmentedRaftLogWorker.java:execute(569)) - e5f88aa8-ed94-4632-9bac-96dc85ccdca1-SegmentedRaftLogWorker:Storage Directory /workdir/hadoop-ozone/integration-test/target/test-dir/MiniOzoneClusterImpl-0ce34326-890c-4745-9fb2-859a42e91411/datanode-3/data/ratis/7d90f605-dbc9-4faa-81f7-5f8dfc6ebf12: created new log segment /workdir/hadoop-ozone/integration-test/target/test-dir/MiniOzoneClusterImpl-0ce34326-890c-4745-9fb2-859a42e91411/datanode-3/data/ratis/7d90f605-dbc9-4faa-81f7-5f8dfc6ebf12/current/log_inprogress_0
2019-08-30 19:58:37,999 | INFO  | DNAudit | user=null | ip=null | op=WRITE_CHUNK {blockData=conID: 1 locID: 102707698972426253 bcsId: 0} | ret=SUCCESS |  
2019-08-30 19:58:37,999 | INFO  | DNAudit | user=null | ip=null | op=WRITE_CHUNK {blockData=conID: 1 locID: 102707698972426253 bcsId: 0} | ret=SUCCESS |  
2019-08-30 19:58:37,999 [grpc-default-executor-8] INFO  segmented.SegmentedRaftLogWorker (SegmentedRaftLogWorker.java:startLogSegment(380)) - 0ad8d7ae-187f-46e3-a3e2-571100048e4e-SegmentedRaftLogWorker:Storage Directory /workdir/hadoop-ozone/integration-test/target/test-dir/MiniOzoneClusterImpl-0ce34326-890c-4745-9fb2-859a42e91411/datanode-6/data/ratis/7d90f605-dbc9-4faa-81f7-5f8dfc6ebf12: Starting segment from index:0
2019-08-30 19:58:37,999 | INFO  | SCMAudit | user=jenkins1000 | ip=192.168.5.161 | op=SEND_HEARTBEAT {datanodeUUID=f263c918-4003-4dfb-a666-c73a676ec01c, command=[]} | ret=SUCCESS |  
2019-08-30 19:58:37,999 | INFO  | SCMAudit | user=jenkins1000 | ip=192.168.5.161 | op=SEND_HEARTBEAT {datanodeUUID=02b55be5-f766-42b8-b701-7d673475772a, command=[]} | ret=SUCCESS |  
2019-08-30 19:58:37,998 [grpc-default-executor-7] INFO  segmented.SegmentedRaftLogWorker (SegmentedRaftLogWorker.java:startLogSegment(380)) - 42fa8907-0757-405a-9793-077a04797055-SegmentedRaftLogWorker:Storage Directory /workdir/hadoop-ozone/integration-test/target/test-dir/MiniOzoneClusterImpl-0ce34326-890c-4745-9fb2-859a42e91411/datanode-5/data/ratis/7d90f605-dbc9-4faa-81f7-5f8dfc6ebf12: Starting segment from index:0
2019-08-30 19:58:38,021 | INFO  | DNAudit | user=null | ip=null | op=WRITE_CHUNK {blockData=conID: 1 locID: 102707698972426253 bcsId: 0} | ret=SUCCESS |  
2019-08-30 19:58:38,043 | INFO  | DNAudit | user=null | ip=null | op=WRITE_CHUNK {blockData=conID: 1 locID: 102707698972426253 bcsId: 0} | ret=SUCCESS |  
2019-08-30 19:58:38,043 [grpc-default-executor-8] INFO  client.GrpcClientProtocolClient (GrpcClientProtocolClient.java:onNext(255)) - client-60D41D326807->2d422090-8abf-42f3-9732-1fabf469113c: receive RaftClientReply:client-60D41D326807->2d422090-8abf-42f3-9732-1fabf469113c@group-A62C2177B50E, cid=183, SUCCESS, logIndex=1, commits[2d422090-8abf-42f3-9732-1fabf469113c:c1, f263c918-4003-4dfb-a666-c73a676ec01c:c0, 02b55be5-f766-42b8-b701-7d673475772a:c0]
2019-08-30 19:58:38,044 | INFO  | DNAudit | user=null | ip=null | op=WRITE_CHUNK {blockData=conID: 1 locID: 102707698972426253 bcsId: 0} | ret=SUCCESS |  
2019-08-30 19:58:38,048 | INFO  | DNAudit | user=null | ip=null | op=WRITE_CHUNK {blockData=conID: 1 locID: 102707698972426253 bcsId: 0} | ret=SUCCESS |  
2019-08-30 19:58:38,049 | INFO  | DNAudit | user=null | ip=null | op=WRITE_CHUNK {blockData=conID: 1 locID: 102707698972426253 bcsId: 0} | ret=SUCCESS |  
2019-08-30 19:58:38,049 | INFO  | DNAudit | user=null | ip=null | op=WRITE_CHUNK {blockData=conID: 1 locID: 102707698972426253 bcsId: 0} | ret=SUCCESS |  
2019-08-30 19:58:38,050 | INFO  | DNAudit | user=null | ip=null | op=WRITE_CHUNK {blockData=conID: 1 locID: 102707698972426253 bcsId: 0} | ret=SUCCESS |  
2019-08-30 19:58:38,064 | INFO  | DNAudit | user=null | ip=null | op=WRITE_CHUNK {blockData=conID: 1 locID: 102707698972426253 bcsId: 0} | ret=SUCCESS |  
2019-08-30 19:58:38,064 | INFO  | DNAudit | user=null | ip=null | op=WRITE_CHUNK {blockData=conID: 1 locID: 102707698972426253 bcsId: 0} | ret=SUCCESS |  
2019-08-30 19:58:38,064 | INFO  | DNAudit | user=null | ip=null | op=WRITE_CHUNK {blockData=conID: 1 locID: 102707698972426253 bcsId: 0} | ret=SUCCESS |  
2019-08-30 19:58:38,064 | INFO  | DNAudit | user=null | ip=null | op=WRITE_CHUNK {blockData=conID: 1 locID: 102707698972426253 bcsId: 0} | ret=SUCCESS |  
2019-08-30 19:58:38,064 | INFO  | DNAudit | user=null | ip=null | op=WRITE_CHUNK {blockData=conID: 1 locID: 102707698972426253 bcsId: 0} | ret=SUCCESS |  
2019-08-30 19:58:38,064 | INFO  | DNAudit | user=null | ip=null | op=WRITE_CHUNK {blockData=conID: 1 locID: 102707698972426253 bcsId: 0} | ret=SUCCESS |  
2019-08-30 19:58:38,064 [0ad8d7ae-187f-46e3-a3e2-571100048e4e-SegmentedRaftLogWorker:Storage Directory /workdir/hadoop-ozone/integration-test/target/test-dir/MiniOzoneClusterImpl-0ce34326-890c-4745-9fb2-859a42e91411/datanode-6/data/ratis/7d90f605-dbc9-4faa-81f7-5f8dfc6ebf12] INFO  segmented.SegmentedRaftLogWorker (SegmentedRaftLogWorker.java:execute(569)) - 0ad8d7ae-187f-46e3-a3e2-571100048e4e-SegmentedRaftLogWorker:Storage Directory /workdir/hadoop-ozone/integration-test/target/test-dir/MiniOzoneClusterImpl-0ce34326-890c-4745-9fb2-859a42e91411/datanode-6/data/ratis/7d90f605-dbc9-4faa-81f7-5f8dfc6ebf12: created new log segment /workdir/hadoop-ozone/integration-test/target/test-dir/MiniOzoneClusterImpl-0ce34326-890c-4745-9fb2-859a42e91411/datanode-6/data/ratis/7d90f605-dbc9-4faa-81f7-5f8dfc6ebf12/current/log_inprogress_0
2019-08-30 19:58:38,064 [42fa8907-0757-405a-9793-077a04797055-SegmentedRaftLogWorker:Storage Directory /workdir/hadoop-ozone/integration-test/target/test-dir/MiniOzoneClusterImpl-0ce34326-890c-4745-9fb2-859a42e91411/datanode-5/data/ratis/7d90f605-dbc9-4faa-81f7-5f8dfc6ebf12] INFO  segmented.SegmentedRaftLogWorker (SegmentedRaftLogWorker.java:execute(569)) - 42fa8907-0757-405a-9793-077a04797055-SegmentedRaftLogWorker:Storage Directory /workdir/hadoop-ozone/integration-test/target/test-dir/MiniOzoneClusterImpl-0ce34326-890c-4745-9fb2-859a42e91411/datanode-5/data/ratis/7d90f605-dbc9-4faa-81f7-5f8dfc6ebf12: created new log segment /workdir/hadoop-ozone/integration-test/target/test-dir/MiniOzoneClusterImpl-0ce34326-890c-4745-9fb2-859a42e91411/datanode-5/data/ratis/7d90f605-dbc9-4faa-81f7-5f8dfc6ebf12/current/log_inprogress_0
2019-08-30 19:58:38,067 [grpc-default-executor-6] INFO  client.GrpcClientProtocolClient (GrpcClientProtocolClient.java:onNext(255)) - client-60D41D326807->2d422090-8abf-42f3-9732-1fabf469113c: receive RaftClientReply:client-60D41D326807->2d422090-8abf-42f3-9732-1fabf469113c@group-A62C2177B50E, cid=184, SUCCESS, logIndex=3, commits[2d422090-8abf-42f3-9732-1fabf469113c:c3, f263c918-4003-4dfb-a666-c73a676ec01c:c2, 02b55be5-f766-42b8-b701-7d673475772a:c2]
2019-08-30 19:58:38,080 | INFO  | DNAudit | user=null | ip=null | op=WRITE_CHUNK {blockData=conID: 1 locID: 102707698972426253 bcsId: 0} | ret=SUCCESS |  
2019-08-30 19:58:38,081 | INFO  | DNAudit | user=null | ip=null | op=WRITE_CHUNK {blockData=conID: 1 locID: 102707698972426253 bcsId: 0} | ret=SUCCESS |  
2019-08-30 19:58:38,137 | INFO  | DNAudit | user=null | ip=null | op=PUT_BLOCK {blockData=[blockId=conID: 1 locID: 102707698972426253 bcsId: 0,size=200]} | ret=SUCCESS |  
2019-08-30 19:58:38,138 | INFO  | DNAudit | user=null | ip=null | op=WRITE_CHUNK {blockData=conID: 1 locID: 102707698972426253 bcsId: 0} | ret=SUCCESS |  
2019-08-30 19:58:38,139 | INFO  | DNAudit | user=null | ip=null | op=WRITE_CHUNK {blockData=conID: 1 locID: 102707698972426253 bcsId: 0} | ret=SUCCESS |  
2019-08-30 19:58:38,139 [grpc-default-executor-8] INFO  client.GrpcClientProtocolClient (GrpcClientProtocolClient.java:onNext(255)) - client-60D41D326807->2d422090-8abf-42f3-9732-1fabf469113c: receive RaftClientReply:client-60D41D326807->2d422090-8abf-42f3-9732-1fabf469113c@group-A62C2177B50E, cid=185, SUCCESS, logIndex=4, commits[2d422090-8abf-42f3-9732-1fabf469113c:c11, f263c918-4003-4dfb-a666-c73a676ec01c:c7, 02b55be5-f766-42b8-b701-7d673475772a:c7]
2019-08-30 19:58:38,139 [grpc-default-executor-8] INFO  client.GrpcClientProtocolClient (GrpcClientProtocolClient.java:onNext(255)) - client-60D41D326807->2d422090-8abf-42f3-9732-1fabf469113c: receive RaftClientReply:client-60D41D326807->2d422090-8abf-42f3-9732-1fabf469113c@group-A62C2177B50E, cid=186, SUCCESS, logIndex=5, commits[2d422090-8abf-42f3-9732-1fabf469113c:c11, f263c918-4003-4dfb-a666-c73a676ec01c:c7, 02b55be5-f766-42b8-b701-7d673475772a:c7]
2019-08-30 19:58:38,140 [grpc-default-executor-8] INFO  client.GrpcClientProtocolClient (GrpcClientProtocolClient.java:onNext(255)) - client-60D41D326807->2d422090-8abf-42f3-9732-1fabf469113c: receive RaftClientReply:client-60D41D326807->2d422090-8abf-42f3-9732-1fabf469113c@group-A62C2177B50E, cid=187, SUCCESS, logIndex=6, commits[2d422090-8abf-42f3-9732-1fabf469113c:c11, f263c918-4003-4dfb-a666-c73a676ec01c:c7, 02b55be5-f766-42b8-b701-7d673475772a:c7]
2019-08-30 19:58:38,187 | INFO  | DNAudit | user=null | ip=null | op=PUT_BLOCK {blockData=[blockId=conID: 1 locID: 102707698972426253 bcsId: 0,size=200]} | ret=SUCCESS |  
2019-08-30 19:58:38,188 | INFO  | DNAudit | user=null | ip=null | op=WRITE_CHUNK {blockData=conID: 1 locID: 102707698972426253 bcsId: 0} | ret=SUCCESS |  
2019-08-30 19:58:38,188 | INFO  | DNAudit | user=null | ip=null | op=WRITE_CHUNK {blockData=conID: 1 locID: 102707698972426253 bcsId: 0} | ret=SUCCESS |  
2019-08-30 19:58:38,209 | INFO  | DNAudit | user=null | ip=null | op=PUT_BLOCK {blockData=[blockId=conID: 1 locID: 102707698972426253 bcsId: 0,size=400]} | ret=SUCCESS |  
2019-08-30 19:58:38,209 | INFO  | DNAudit | user=null | ip=null | op=PUT_BLOCK {blockData=[blockId=conID: 1 locID: 102707698972426253 bcsId: 0,size=400]} | ret=SUCCESS |  
2019-08-30 19:58:38,211 [grpc-default-executor-8] INFO  client.GrpcClientProtocolClient (GrpcClientProtocolClient.java:onNext(255)) - client-60D41D326807->2d422090-8abf-42f3-9732-1fabf469113c: receive RaftClientReply:client-60D41D326807->2d422090-8abf-42f3-9732-1fabf469113c@group-A62C2177B50E, cid=188, SUCCESS, logIndex=7, commits[2d422090-8abf-42f3-9732-1fabf469113c:c11, f263c918-4003-4dfb-a666-c73a676ec01c:c7, 02b55be5-f766-42b8-b701-7d673475772a:c7]
2019-08-30 19:58:38,214 | INFO  | DNAudit | user=null | ip=null | op=WRITE_CHUNK {blockData=conID: 1 locID: 102707698972426253 bcsId: 7} | ret=SUCCESS |  
2019-08-30 19:58:38,216 | INFO  | DNAudit | user=null | ip=null | op=WRITE_CHUNK {blockData=conID: 1 locID: 102707698972426253 bcsId: 7} | ret=SUCCESS |  
2019-08-30 19:58:38,216 | INFO  | DNAudit | user=null | ip=null | op=WRITE_CHUNK {blockData=conID: 1 locID: 102707698972426253 bcsId: 7} | ret=SUCCESS |  
2019-08-30 19:58:38,231 | INFO  | DNAudit | user=null | ip=null | op=PUT_BLOCK {blockData=[blockId=conID: 1 locID: 102707698972426253 bcsId: 0,size=200]} | ret=SUCCESS |  
2019-08-30 19:58:38,231 | INFO  | DNAudit | user=null | ip=null | op=WRITE_CHUNK {blockData=conID: 1 locID: 102707698972426253 bcsId: 0} | ret=SUCCESS |  
2019-08-30 19:58:38,232 | INFO  | DNAudit | user=null | ip=null | op=WRITE_CHUNK {blockData=conID: 1 locID: 102707698972426253 bcsId: 0} | ret=SUCCESS |  
2019-08-30 19:58:38,233 | INFO  | DNAudit | user=null | ip=null | op=PUT_BLOCK {blockData=[blockId=conID: 1 locID: 102707698972426253 bcsId: 0,size=400]} | ret=SUCCESS |  
2019-08-30 19:58:38,245 | INFO  | DNAudit | user=null | ip=null | op=WRITE_CHUNK {blockData=conID: 1 locID: 102707698972426253 bcsId: 7} | ret=SUCCESS |  
2019-08-30 19:58:38,246 | INFO  | DNAudit | user=null | ip=null | op=PUT_BLOCK {blockData=[blockId=conID: 1 locID: 102707698972426253 bcsId: 0,size=450]} | ret=SUCCESS |  
2019-08-30 19:58:38,246 [grpc-default-executor-7] INFO  client.GrpcClientProtocolClient (GrpcClientProtocolClient.java:onNext(255)) - client-60D41D326807->2d422090-8abf-42f3-9732-1fabf469113c: receive RaftClientReply:client-60D41D326807->2d422090-8abf-42f3-9732-1fabf469113c@group-A62C2177B50E, cid=189, SUCCESS, logIndex=12, commits[2d422090-8abf-42f3-9732-1fabf469113c:c13, f263c918-4003-4dfb-a666-c73a676ec01c:c11, 02b55be5-f766-42b8-b701-7d673475772a:c11]
2019-08-30 19:58:38,247 [grpc-default-executor-7] INFO  client.GrpcClientProtocolClient (GrpcClientProtocolClient.java:onNext(255)) - client-60D41D326807->2d422090-8abf-42f3-9732-1fabf469113c: receive RaftClientReply:client-60D41D326807->2d422090-8abf-42f3-9732-1fabf469113c@group-A62C2177B50E, cid=190, SUCCESS, logIndex=13, commits[2d422090-8abf-42f3-9732-1fabf469113c:c13, f263c918-4003-4dfb-a666-c73a676ec01c:c11, 02b55be5-f766-42b8-b701-7d673475772a:c11]
2019-08-30 19:58:38,257 | INFO  | DNAudit | user=null | ip=null | op=WRITE_CHUNK {blockData=conID: 1 locID: 102707698972426253 bcsId: 7} | ret=SUCCESS |  
2019-08-30 19:58:38,257 | INFO  | DNAudit | user=null | ip=null | op=WRITE_CHUNK {blockData=conID: 1 locID: 102707698972426253 bcsId: 7} | ret=SUCCESS |  
2019-08-30 19:58:38,258 | INFO  | DNAudit | user=null | ip=null | op=PUT_BLOCK {blockData=[blockId=conID: 1 locID: 102707698972426253 bcsId: 0,size=450]} | ret=SUCCESS |  
2019-08-30 19:58:38,259 | INFO  | DNAudit | user=null | ip=null | op=PUT_BLOCK {blockData=[blockId=conID: 1 locID: 102707698972426253 bcsId: 0,size=450]} | ret=SUCCESS |  
2019-08-30 19:58:38,264 [grpc-default-executor-7] INFO  client.GrpcClientProtocolClient (GrpcClientProtocolClient.java:onNext(255)) - client-60D41D326807->2d422090-8abf-42f3-9732-1fabf469113c: receive RaftClientReply:client-60D41D326807->2d422090-8abf-42f3-9732-1fabf469113c@group-A62C2177B50E, cid=191, SUCCESS, logIndex=0, commits[2d422090-8abf-42f3-9732-1fabf469113c:c14, f263c918-4003-4dfb-a666-c73a676ec01c:c13, 02b55be5-f766-42b8-b701-7d673475772a:c13]
2019-08-30 19:58:38,453 | INFO  | SCMAudit | user=jenkins1000 | ip=192.168.5.161 | op=SEND_HEARTBEAT {datanodeUUID=e5f88aa8-ed94-4632-9bac-96dc85ccdca1, command=[]} | ret=SUCCESS |  
2019-08-30 19:58:38,528 | INFO  | SCMAudit | user=jenkins1000 | ip=192.168.5.161 | op=SEND_HEARTBEAT {datanodeUUID=527b2082-6919-40b0-be6c-4b03673bbbcf, command=[]} | ret=SUCCESS |  
2019-08-30 19:58:38,575 | INFO  | SCMAudit | user=jenkins1000 | ip=192.168.5.161 | op=SEND_HEARTBEAT {datanodeUUID=42fa8907-0757-405a-9793-077a04797055, command=[]} | ret=SUCCESS |  
2019-08-30 19:58:38,644 | INFO  | SCMAudit | user=jenkins1000 | ip=192.168.5.161 | op=SEND_HEARTBEAT {datanodeUUID=0ad8d7ae-187f-46e3-a3e2-571100048e4e, command=[]} | ret=SUCCESS |  
2019-08-30 19:58:38,986 [Datanode State Machine Thread - 0] INFO  statemachine.DatanodeStateMachine (DatanodeStateMachine.java:lambda$startDaemon$0(350)) - Ozone container server started.
2019-08-30 19:58:38,999 | INFO  | SCMAudit | user=jenkins1000 | ip=192.168.5.161 | op=SEND_HEARTBEAT {datanodeUUID=f263c918-4003-4dfb-a666-c73a676ec01c, command=[]} | ret=SUCCESS |  
2019-08-30 19:58:38,999 | INFO  | SCMAudit | user=jenkins1000 | ip=192.168.5.161 | op=SEND_HEARTBEAT {datanodeUUID=02b55be5-f766-42b8-b701-7d673475772a, command=[]} | ret=SUCCESS |  
2019-08-30 19:58:39,453 | INFO  | SCMAudit | user=jenkins1000 | ip=192.168.5.161 | op=SEND_HEARTBEAT {datanodeUUID=e5f88aa8-ed94-4632-9bac-96dc85ccdca1, command=[]} | ret=SUCCESS |  
2019-08-30 19:58:39,528 | INFO  | SCMAudit | user=jenkins1000 | ip=192.168.5.161 | op=SEND_HEARTBEAT {datanodeUUID=527b2082-6919-40b0-be6c-4b03673bbbcf, command=[]} | ret=SUCCESS |  
2019-08-30 19:58:39,575 | INFO  | SCMAudit | user=jenkins1000 | ip=192.168.5.161 | op=SEND_HEARTBEAT {datanodeUUID=42fa8907-0757-405a-9793-077a04797055, command=[]} | ret=SUCCESS |  
2019-08-30 19:58:39,644 | INFO  | SCMAudit | user=jenkins1000 | ip=192.168.5.161 | op=SEND_HEARTBEAT {datanodeUUID=0ad8d7ae-187f-46e3-a3e2-571100048e4e, command=[]} | ret=SUCCESS |  
2019-08-30 19:58:39,999 | INFO  | SCMAudit | user=jenkins1000 | ip=192.168.5.161 | op=SEND_HEARTBEAT {datanodeUUID=02b55be5-f766-42b8-b701-7d673475772a, command=[]} | ret=SUCCESS |  
2019-08-30 19:58:39,999 | INFO  | SCMAudit | user=jenkins1000 | ip=192.168.5.161 | op=SEND_HEARTBEAT {datanodeUUID=f263c918-4003-4dfb-a666-c73a676ec01c, command=[]} | ret=SUCCESS |  
2019-08-30 19:58:40,453 | INFO  | SCMAudit | user=jenkins1000 | ip=192.168.5.161 | op=SEND_HEARTBEAT {datanodeUUID=e5f88aa8-ed94-4632-9bac-96dc85ccdca1, command=[]} | ret=SUCCESS |  
2019-08-30 19:58:40,528 | INFO  | SCMAudit | user=jenkins1000 | ip=192.168.5.161 | op=SEND_HEARTBEAT {datanodeUUID=527b2082-6919-40b0-be6c-4b03673bbbcf, command=[]} | ret=SUCCESS |  
2019-08-30 19:58:40,575 | INFO  | SCMAudit | user=jenkins1000 | ip=192.168.5.161 | op=SEND_HEARTBEAT {datanodeUUID=42fa8907-0757-405a-9793-077a04797055, command=[]} | ret=SUCCESS |  
2019-08-30 19:58:40,644 | INFO  | SCMAudit | user=jenkins1000 | ip=192.168.5.161 | op=SEND_HEARTBEAT {datanodeUUID=0ad8d7ae-187f-46e3-a3e2-571100048e4e, command=[]} | ret=SUCCESS |  
2019-08-30 19:58:40,999 | INFO  | SCMAudit | user=jenkins1000 | ip=192.168.5.161 | op=SEND_HEARTBEAT {datanodeUUID=02b55be5-f766-42b8-b701-7d673475772a, command=[]} | ret=SUCCESS |  
2019-08-30 19:58:40,999 | INFO  | SCMAudit | user=jenkins1000 | ip=192.168.5.161 | op=SEND_HEARTBEAT {datanodeUUID=f263c918-4003-4dfb-a666-c73a676ec01c, command=[]} | ret=SUCCESS |  
2019-08-30 19:58:41,453 | INFO  | SCMAudit | user=jenkins1000 | ip=192.168.5.161 | op=SEND_HEARTBEAT {datanodeUUID=e5f88aa8-ed94-4632-9bac-96dc85ccdca1, command=[]} | ret=SUCCESS |  
2019-08-30 19:58:41,529 | INFO  | SCMAudit | user=jenkins1000 | ip=192.168.5.161 | op=SEND_HEARTBEAT {datanodeUUID=527b2082-6919-40b0-be6c-4b03673bbbcf, command=[]} | ret=SUCCESS |  
2019-08-30 19:58:41,575 | INFO  | SCMAudit | user=jenkins1000 | ip=192.168.5.161 | op=SEND_HEARTBEAT {datanodeUUID=42fa8907-0757-405a-9793-077a04797055, command=[]} | ret=SUCCESS |  
2019-08-30 19:58:41,644 | INFO  | SCMAudit | user=jenkins1000 | ip=192.168.5.161 | op=SEND_HEARTBEAT {datanodeUUID=0ad8d7ae-187f-46e3-a3e2-571100048e4e, command=[]} | ret=SUCCESS |  
2019-08-30 19:58:41,999 | INFO  | SCMAudit | user=jenkins1000 | ip=192.168.5.161 | op=SEND_HEARTBEAT {datanodeUUID=02b55be5-f766-42b8-b701-7d673475772a, command=[]} | ret=SUCCESS |  
2019-08-30 19:58:41,999 | INFO  | SCMAudit | user=jenkins1000 | ip=192.168.5.161 | op=SEND_HEARTBEAT {datanodeUUID=f263c918-4003-4dfb-a666-c73a676ec01c, command=[]} | ret=SUCCESS |  
2019-08-30 19:58:42,453 | INFO  | SCMAudit | user=jenkins1000 | ip=192.168.5.161 | op=SEND_HEARTBEAT {datanodeUUID=e5f88aa8-ed94-4632-9bac-96dc85ccdca1, command=[]} | ret=SUCCESS |  
2019-08-30 19:58:42,529 | INFO  | SCMAudit | user=jenkins1000 | ip=192.168.5.161 | op=SEND_HEARTBEAT {datanodeUUID=527b2082-6919-40b0-be6c-4b03673bbbcf, command=[]} | ret=SUCCESS |  
2019-08-30 19:58:42,575 | INFO  | SCMAudit | user=jenkins1000 | ip=192.168.5.161 | op=SEND_HEARTBEAT {datanodeUUID=42fa8907-0757-405a-9793-077a04797055, command=[]} | ret=SUCCESS |  
2019-08-30 19:58:42,644 | INFO  | SCMAudit | user=jenkins1000 | ip=192.168.5.161 | op=SEND_HEARTBEAT {datanodeUUID=0ad8d7ae-187f-46e3-a3e2-571100048e4e, command=[]} | ret=SUCCESS |  
2019-08-30 19:58:42,990 [EventQueue-StaleNodeForStaleNodeHandler] INFO  node.StaleNodeHandler (StaleNodeHandler.java:onMessage(58)) - Datanode 2d422090-8abf-42f3-9732-1fabf469113c{ip: 192.168.5.161, host: pr-hdds-1909-j96cs-3378088753, networkLocation: /default-rack, certSerialId: null} moved to stale state. Finalizing its pipelines [PipelineID=6a019c19-8652-4096-b22f-a46aa18b9247, PipelineID=8720d2a6-2fa3-407d-ac22-a62c2177b50e]
2019-08-30 19:58:42,991 [EventQueue-StaleNodeForStaleNodeHandler] INFO  pipeline.SCMPipelineManager (SCMPipelineManager.java:finalizeAndDestroyPipeline(309)) - destroying pipeline:Pipeline[ Id: 6a019c19-8652-4096-b22f-a46aa18b9247, Nodes: 2d422090-8abf-42f3-9732-1fabf469113c{ip: 192.168.5.161, host: pr-hdds-1909-j96cs-3378088753, networkLocation: /default-rack, certSerialId: null}, Type:RATIS, Factor:ONE, State:OPEN]
2019-08-30 19:58:42,991 [EventQueue-StaleNodeForStaleNodeHandler] INFO  pipeline.PipelineStateManager (PipelineStateManager.java:finalizePipeline(123)) - Pipeline Pipeline[ Id: 6a019c19-8652-4096-b22f-a46aa18b9247, Nodes: 2d422090-8abf-42f3-9732-1fabf469113c{ip: 192.168.5.161, host: pr-hdds-1909-j96cs-3378088753, networkLocation: /default-rack, certSerialId: null}, Type:RATIS, Factor:ONE, State:CLOSED] moved to CLOSED state
2019-08-30 19:58:42,991 [EventQueue-StaleNodeForStaleNodeHandler] INFO  pipeline.SCMPipelineManager (SCMPipelineManager.java:finalizeAndDestroyPipeline(309)) - destroying pipeline:Pipeline[ Id: 8720d2a6-2fa3-407d-ac22-a62c2177b50e, Nodes: 2d422090-8abf-42f3-9732-1fabf469113c{ip: 192.168.5.161, host: pr-hdds-1909-j96cs-3378088753, networkLocation: /default-rack, certSerialId: null}02b55be5-f766-42b8-b701-7d673475772a{ip: 192.168.5.161, host: pr-hdds-1909-j96cs-3378088753, networkLocation: /default-rack, certSerialId: null}f263c918-4003-4dfb-a666-c73a676ec01c{ip: 192.168.5.161, host: pr-hdds-1909-j96cs-3378088753, networkLocation: /default-rack, certSerialId: null}, Type:RATIS, Factor:THREE, State:OPEN]
2019-08-30 19:58:42,992 [EventQueue-StaleNodeForStaleNodeHandler] INFO  pipeline.PipelineStateManager (PipelineStateManager.java:finalizePipeline(123)) - Pipeline Pipeline[ Id: 8720d2a6-2fa3-407d-ac22-a62c2177b50e, Nodes: 2d422090-8abf-42f3-9732-1fabf469113c{ip: 192.168.5.161, host: pr-hdds-1909-j96cs-3378088753, networkLocation: /default-rack, certSerialId: null}02b55be5-f766-42b8-b701-7d673475772a{ip: 192.168.5.161, host: pr-hdds-1909-j96cs-3378088753, networkLocation: /default-rack, certSerialId: null}f263c918-4003-4dfb-a666-c73a676ec01c{ip: 192.168.5.161, host: pr-hdds-1909-j96cs-3378088753, networkLocation: /default-rack, certSerialId: null}, Type:RATIS, Factor:THREE, State:CLOSED] moved to CLOSED state
2019-08-30 19:58:42,992 [EventQueue-CloseContainerForCloseContainerEventHandler] INFO  container.CloseContainerEventHandler (CloseContainerEventHandler.java:onMessage(61)) - Close container Event triggered for container : #1
2019-08-30 19:58:42,999 | INFO  | SCMAudit | user=jenkins1000 | ip=192.168.5.161 | op=SEND_HEARTBEAT {datanodeUUID=02b55be5-f766-42b8-b701-7d673475772a, command=[commandType: closeContainerCommand closeContainerCommandProto { containerID: 1 pipelineID { id: "8720d2a6-2fa3-407d-ac22-a62c2177b50e" } cmdId: 1 force: false } ]} | ret=SUCCESS |  
2019-08-30 19:58:42,999 | INFO  | SCMAudit | user=jenkins1000 | ip=192.168.5.161 | op=SEND_HEARTBEAT {datanodeUUID=f263c918-4003-4dfb-a666-c73a676ec01c, command=[commandType: closeContainerCommand closeContainerCommandProto { containerID: 1 pipelineID { id: "8720d2a6-2fa3-407d-ac22-a62c2177b50e" } cmdId: 1 force: false } ]} | ret=SUCCESS |  
2019-08-30 19:58:43,267 [main] INFO  ozoneimpl.OzoneContainer (OzoneContainer.java:stop(215)) - Attempting to stop container services.
2019-08-30 19:58:43,267 [main] INFO  impl.RaftServerProxy (RaftServerProxy.java:lambda$close$4(314)) - 2d422090-8abf-42f3-9732-1fabf469113c: close
2019-08-30 19:58:43,268 [main] INFO  impl.RaftServerImpl (RaftServerImpl.java:lambda$shutdown$3(245)) - 2d422090-8abf-42f3-9732-1fabf469113c: shutdown group-A46AA18B9247
2019-08-30 19:58:43,269 [ForkJoinPool.commonPool-worker-1] INFO  impl.RaftServerImpl (RaftServerImpl.java:lambda$shutdown$3(245)) - 2d422090-8abf-42f3-9732-1fabf469113c: shutdown group-A62C2177B50E
2019-08-30 19:58:43,269 [main] INFO  util.JmxRegister (JmxRegister.java:unregister(73)) - Successfully un-registered JMX Bean with object name Ratis:service=RaftServer,group=group-A46AA18B9247,id=2d422090-8abf-42f3-9732-1fabf469113c
2019-08-30 19:58:43,269 [ForkJoinPool.commonPool-worker-1] INFO  util.JmxRegister (JmxRegister.java:unregister(73)) - Successfully un-registered JMX Bean with object name Ratis:service=RaftServer,group=group-A62C2177B50E,id=2d422090-8abf-42f3-9732-1fabf469113c
2019-08-30 19:58:43,269 [main] INFO  impl.RoleInfo (RoleInfo.java:shutdownLeaderState(104)) - 2d422090-8abf-42f3-9732-1fabf469113c: shutdown LeaderState
2019-08-30 19:58:43,270 [ForkJoinPool.commonPool-worker-1] INFO  impl.RoleInfo (RoleInfo.java:shutdownLeaderState(104)) - 2d422090-8abf-42f3-9732-1fabf469113c: shutdown LeaderState
2019-08-30 19:58:43,270 [main] INFO  impl.PendingRequests (PendingRequests.java:sendNotLeaderResponses(202)) - 2d422090-8abf-42f3-9732-1fabf469113c-PendingRequests: sendNotLeaderResponses
2019-08-30 19:58:43,275 [ForkJoinPool.commonPool-worker-1] INFO  impl.PendingRequests (PendingRequests.java:sendNotLeaderResponses(202)) - 2d422090-8abf-42f3-9732-1fabf469113c-PendingRequests: sendNotLeaderResponses
2019-08-30 19:58:43,275 [org.apache.ratis.server.impl.LogAppender$AppenderDaemon$$Lambda$501/275664686@1cd9ec3e] WARN  server.GrpcLogAppender (GrpcLogAppender.java:mayWait(143)) - GrpcLogAppender(2d422090-8abf-42f3-9732-1fabf469113c->02b55be5-f766-42b8-b701-7d673475772a): Wait interrupted by java.lang.InterruptedException
2019-08-30 19:58:43,275 [org.apache.ratis.server.impl.LogAppender$AppenderDaemon$$Lambda$501/275664686@59db6961] WARN  server.GrpcLogAppender (GrpcLogAppender.java:mayWait(143)) - GrpcLogAppender(2d422090-8abf-42f3-9732-1fabf469113c->f263c918-4003-4dfb-a666-c73a676ec01c): Wait interrupted by java.lang.InterruptedException
2019-08-30 19:58:43,276 [main] INFO  impl.StateMachineUpdater (StateMachineUpdater.java:stopAndJoin(115)) - StateMachineUpdater:2d422090-8abf-42f3-9732-1fabf469113c:group-A46AA18B9247: set stopIndex = 0
2019-08-30 19:58:43,281 [StateMachineUpdater:2d422090-8abf-42f3-9732-1fabf469113c:group-A62C2177B50E] INFO  ratis.ContainerStateMachine (ContainerStateMachine.java:takeSnapshot(284)) - group-A62C2177B50E: Taking a snapshot at:(t:1, i:13) file /workdir/hadoop-ozone/integration-test/target/test-dir/MiniOzoneClusterImpl-0ce34326-890c-4745-9fb2-859a42e91411/datanode-0/data/ratis/8720d2a6-2fa3-407d-ac22-a62c2177b50e/sm/snapshot.1_13
2019-08-30 19:58:43,281 [grpc-default-executor-7] INFO  server.GrpcServerProtocolService (GrpcServerProtocolService.java:onCompleted(104)) - f263c918-4003-4dfb-a666-c73a676ec01c: appendEntries completed
2019-08-30 19:58:43,281 [ForkJoinPool.commonPool-worker-1] INFO  impl.StateMachineUpdater (StateMachineUpdater.java:stopAndJoin(115)) - StateMachineUpdater:2d422090-8abf-42f3-9732-1fabf469113c:group-A62C2177B50E: set stopIndex = 15
2019-08-30 19:58:43,281 [grpc-default-executor-8] INFO  server.GrpcServerProtocolService (GrpcServerProtocolService.java:onCompleted(104)) - 02b55be5-f766-42b8-b701-7d673475772a: appendEntries completed
2019-08-30 19:58:43,282 [grpc-default-executor-7] INFO  server.GrpcLogAppender (GrpcLogAppender.java:onCompleted(292)) - 2d422090-8abf-42f3-9732-1fabf469113c->f263c918-4003-4dfb-a666-c73a676ec01c: follower responses appendEntries COMPLETED
2019-08-30 19:58:43,282 [grpc-default-executor-8] INFO  server.GrpcLogAppender (GrpcLogAppender.java:onCompleted(292)) - 2d422090-8abf-42f3-9732-1fabf469113c->02b55be5-f766-42b8-b701-7d673475772a: follower responses appendEntries COMPLETED
2019-08-30 19:58:43,281 [main] INFO  impl.RaftServerImpl (ServerState.java:close(394)) - 2d422090-8abf-42f3-9732-1fabf469113c:group-A46AA18B9247 closes. The last applied log index is 0
2019-08-30 19:58:43,283 [grpc-default-executor-8] INFO  impl.FollowerInfo (FollowerInfo.java:lambda$new$0(50)) - 2d422090-8abf-42f3-9732-1fabf469113c->02b55be5-f766-42b8-b701-7d673475772a: nextIndex: updateUnconditionally 16 -> 15
2019-08-30 19:58:43,283 [grpc-default-executor-7] INFO  impl.FollowerInfo (FollowerInfo.java:lambda$new$0(50)) - 2d422090-8abf-42f3-9732-1fabf469113c->f263c918-4003-4dfb-a666-c73a676ec01c: nextIndex: updateUnconditionally 16 -> 15
2019-08-30 19:58:43,283 [2d422090-8abf-42f3-9732-1fabf469113c-SegmentedRaftLogWorker:Storage Directory /workdir/hadoop-ozone/integration-test/target/test-dir/MiniOzoneClusterImpl-0ce34326-890c-4745-9fb2-859a42e91411/datanode-0/data/ratis/6a019c19-8652-4096-b22f-a46aa18b9247] INFO  segmented.SegmentedRaftLogWorker (SegmentedRaftLogWorker.java:run(313)) - 2d422090-8abf-42f3-9732-1fabf469113c-SegmentedRaftLogWorker:Storage Directory /workdir/hadoop-ozone/integration-test/target/test-dir/MiniOzoneClusterImpl-0ce34326-890c-4745-9fb2-859a42e91411/datanode-0/data/ratis/6a019c19-8652-4096-b22f-a46aa18b9247 was interrupted, exiting. There are 0 tasks remaining in the queue.
2019-08-30 19:58:43,293 [main] INFO  segmented.SegmentedRaftLogWorker (SegmentedRaftLogWorker.java:close(228)) - 2d422090-8abf-42f3-9732-1fabf469113c-SegmentedRaftLogWorker:Storage Directory /workdir/hadoop-ozone/integration-test/target/test-dir/MiniOzoneClusterImpl-0ce34326-890c-4745-9fb2-859a42e91411/datanode-0/data/ratis/6a019c19-8652-4096-b22f-a46aa18b9247 close()
2019-08-30 19:58:43,295 [StateMachineUpdater:2d422090-8abf-42f3-9732-1fabf469113c:group-A62C2177B50E] INFO  ratis.ContainerStateMachine (ContainerStateMachine.java:takeSnapshot(295)) - group-A62C2177B50E: Finished taking a snapshot at:(t:1, i:13) file:/workdir/hadoop-ozone/integration-test/target/test-dir/MiniOzoneClusterImpl-0ce34326-890c-4745-9fb2-859a42e91411/datanode-0/data/ratis/8720d2a6-2fa3-407d-ac22-a62c2177b50e/sm/snapshot.1_13 time:14
2019-08-30 19:58:43,297 [StateMachineUpdater:2d422090-8abf-42f3-9732-1fabf469113c:group-A62C2177B50E] INFO  impl.StateMachineUpdater (StateMachineUpdater.java:takeSnapshot(242)) - StateMachineUpdater:2d422090-8abf-42f3-9732-1fabf469113c:group-A62C2177B50E: Took a snapshot at index 13
2019-08-30 19:58:43,297 [StateMachineUpdater:2d422090-8abf-42f3-9732-1fabf469113c:group-A62C2177B50E] INFO  impl.StateMachineUpdater (StateMachineUpdater.java:lambda$new$0(80)) - StateMachineUpdater:2d422090-8abf-42f3-9732-1fabf469113c:group-A62C2177B50E: snapshotIndex: updateIncreasingly -1 -> 13
2019-08-30 19:58:43,298 [ForkJoinPool.commonPool-worker-1] INFO  impl.RaftServerImpl (ServerState.java:close(394)) - 2d422090-8abf-42f3-9732-1fabf469113c:group-A62C2177B50E closes. The last applied log index is 15
2019-08-30 19:58:43,298 [2d422090-8abf-42f3-9732-1fabf469113c-SegmentedRaftLogWorker:Storage Directory /workdir/hadoop-ozone/integration-test/target/test-dir/MiniOzoneClusterImpl-0ce34326-890c-4745-9fb2-859a42e91411/datanode-0/data/ratis/8720d2a6-2fa3-407d-ac22-a62c2177b50e] INFO  segmented.SegmentedRaftLogWorker (SegmentedRaftLogWorker.java:run(313)) - 2d422090-8abf-42f3-9732-1fabf469113c-SegmentedRaftLogWorker:Storage Directory /workdir/hadoop-ozone/integration-test/target/test-dir/MiniOzoneClusterImpl-0ce34326-890c-4745-9fb2-859a42e91411/datanode-0/data/ratis/8720d2a6-2fa3-407d-ac22-a62c2177b50e was interrupted, exiting. There are 0 tasks remaining in the queue.
2019-08-30 19:58:43,300 [ForkJoinPool.commonPool-worker-1] INFO  segmented.SegmentedRaftLogWorker (SegmentedRaftLogWorker.java:close(228)) - 2d422090-8abf-42f3-9732-1fabf469113c-SegmentedRaftLogWorker:Storage Directory /workdir/hadoop-ozone/integration-test/target/test-dir/MiniOzoneClusterImpl-0ce34326-890c-4745-9fb2-859a42e91411/datanode-0/data/ratis/8720d2a6-2fa3-407d-ac22-a62c2177b50e close()
2019-08-30 19:58:43,305 [main] INFO  server.GrpcService (GrpcService.java:closeImpl(155)) - 2d422090-8abf-42f3-9732-1fabf469113c: shutdown server with port 33657 now
2019-08-30 19:58:43,305 [grpc-default-executor-8] WARN  client.GrpcClientProtocolService (LogUtils.java:warn(134)) - 3-UnorderedRequestStreamObserver3: onError: org.apache.ratis.thirdparty.io.grpc.StatusRuntimeException: CANCELLED: cancelled before receiving half close
2019-08-30 19:58:43,305 [main] INFO  server.GrpcService (GrpcService.java:closeImpl(163)) - 2d422090-8abf-42f3-9732-1fabf469113c: shutdown server with port 33657 successfully
2019-08-30 19:58:43,307 [refreshUsed-/workdir/hadoop-ozone/integration-test/target/test-dir/MiniOzoneClusterImpl-0ce34326-890c-4745-9fb2-859a42e91411/datanode-0/data/containers] WARN  fs.CachingGetSpaceUsed (CachingGetSpaceUsed.java:run(183)) - Thread Interrupted waiting to refresh disk information: sleep interrupted
2019-08-30 19:58:43,327 [main] INFO  utils.BackgroundService (BackgroundService.java:shutdown(148)) - Shutting down service BlockDeletingService
2019-08-30 19:58:43,332 [main] INFO  statemachine.DatanodeStateMachine (DatanodeStateMachine.java:stopDaemon(395)) - Ozone container server stopped.
2019-08-30 19:58:43,333 [main] INFO  handler.ContextHandler (ContextHandler.java:doStop(910)) - Stopped o.e.j.w.WebAppContext@17ec335a{/,null,UNAVAILABLE}{/hddsDatanode}
2019-08-30 19:58:43,334 [main] INFO  server.AbstractConnector (AbstractConnector.java:doStop(318)) - Stopped ServerConnector@284990de{HTTP/1.1,[http/1.1]}{0.0.0.0:0}
2019-08-30 19:58:43,334 [main] INFO  handler.ContextHandler (ContextHandler.java:doStop(910)) - Stopped o.e.j.s.ServletContextHandler@1291aab5{/static,jar:file:/home/user/.m2/repository/org/apache/hadoop/hadoop-hdds-container-service/0.5.0-SNAPSHOT/hadoop-hdds-container-service-0.5.0-SNAPSHOT.jar!/webapps/static,UNAVAILABLE}
2019-08-30 19:58:43,335 [main] INFO  handler.ContextHandler (ContextHandler.java:doStop(910)) - Stopped o.e.j.s.ServletContextHandler@2aea717c{/logs,file:///workdir/hadoop-ozone/integration-test/target/log,UNAVAILABLE}
2019-08-30 19:58:43,454 | INFO  | SCMAudit | user=jenkins1000 | ip=192.168.5.161 | op=SEND_HEARTBEAT {datanodeUUID=e5f88aa8-ed94-4632-9bac-96dc85ccdca1, command=[]} | ret=SUCCESS |  
2019-08-30 19:58:43,529 | INFO  | SCMAudit | user=jenkins1000 | ip=192.168.5.161 | op=SEND_HEARTBEAT {datanodeUUID=527b2082-6919-40b0-be6c-4b03673bbbcf, command=[]} | ret=SUCCESS |  
2019-08-30 19:58:43,576 | INFO  | SCMAudit | user=jenkins1000 | ip=192.168.5.161 | op=SEND_HEARTBEAT {datanodeUUID=42fa8907-0757-405a-9793-077a04797055, command=[]} | ret=SUCCESS |  
2019-08-30 19:58:43,644 | INFO  | SCMAudit | user=jenkins1000 | ip=192.168.5.161 | op=SEND_HEARTBEAT {datanodeUUID=0ad8d7ae-187f-46e3-a3e2-571100048e4e, command=[]} | ret=SUCCESS |  
2019-08-30 19:58:43,999 | INFO  | SCMAudit | user=jenkins1000 | ip=192.168.5.161 | op=SEND_HEARTBEAT {datanodeUUID=02b55be5-f766-42b8-b701-7d673475772a, command=[]} | ret=SUCCESS |  
2019-08-30 19:58:43,999 | INFO  | SCMAudit | user=jenkins1000 | ip=192.168.5.161 | op=SEND_HEARTBEAT {datanodeUUID=f263c918-4003-4dfb-a666-c73a676ec01c, command=[]} | ret=SUCCESS |  
2019-08-30 19:58:44,454 | INFO  | SCMAudit | user=jenkins1000 | ip=192.168.5.161 | op=SEND_HEARTBEAT {datanodeUUID=e5f88aa8-ed94-4632-9bac-96dc85ccdca1, command=[]} | ret=SUCCESS |  
2019-08-30 19:58:44,529 | INFO  | SCMAudit | user=jenkins1000 | ip=192.168.5.161 | op=SEND_HEARTBEAT {datanodeUUID=527b2082-6919-40b0-be6c-4b03673bbbcf, command=[]} | ret=SUCCESS |  
2019-08-30 19:58:44,576 | INFO  | SCMAudit | user=jenkins1000 | ip=192.168.5.161 | op=SEND_HEARTBEAT {datanodeUUID=42fa8907-0757-405a-9793-077a04797055, command=[]} | ret=SUCCESS |  
2019-08-30 19:58:44,644 | INFO  | SCMAudit | user=jenkins1000 | ip=192.168.5.161 | op=SEND_HEARTBEAT {datanodeUUID=0ad8d7ae-187f-46e3-a3e2-571100048e4e, command=[]} | ret=SUCCESS |  
2019-08-30 19:58:44,999 | INFO  | SCMAudit | user=jenkins1000 | ip=192.168.5.161 | op=SEND_HEARTBEAT {datanodeUUID=02b55be5-f766-42b8-b701-7d673475772a, command=[]} | ret=SUCCESS |  
2019-08-30 19:58:44,999 | INFO  | SCMAudit | user=jenkins1000 | ip=192.168.5.161 | op=SEND_HEARTBEAT {datanodeUUID=f263c918-4003-4dfb-a666-c73a676ec01c, command=[]} | ret=SUCCESS |  
2019-08-30 19:58:45,015 | INFO  | SCMAudit | user=jenkins1000 | ip=192.168.5.161 | op=SEND_HEARTBEAT {datanodeUUID=02b55be5-f766-42b8-b701-7d673475772a, command=[]} | ret=SUCCESS |  
2019-08-30 19:58:45,015 | INFO  | SCMAudit | user=jenkins1000 | ip=192.168.5.161 | op=SEND_HEARTBEAT {datanodeUUID=f263c918-4003-4dfb-a666-c73a676ec01c, command=[]} | ret=SUCCESS |  
2019-08-30 19:58:45,352 [grpc-default-executor-8] INFO  client.GrpcClientProtocolClient (GrpcClientProtocolClient.java:onNext(255)) - client-60D41D326807->f263c918-4003-4dfb-a666-c73a676ec01c: receive RaftClientReply:client-60D41D326807->f263c918-4003-4dfb-a666-c73a676ec01c@group-A62C2177B50E, cid=192, FAILED org.apache.ratis.protocol.NotLeaderException: Server f263c918-4003-4dfb-a666-c73a676ec01c is not the leader (2d422090-8abf-42f3-9732-1fabf469113c:192.168.5.161:33657). Request must be sent to leader., logIndex=0, commits[f263c918-4003-4dfb-a666-c73a676ec01c:c15, 2d422090-8abf-42f3-9732-1fabf469113c:c15, 02b55be5-f766-42b8-b701-7d673475772a:c15]
2019-08-30 19:58:45,454 | INFO  | SCMAudit | user=jenkins1000 | ip=192.168.5.161 | op=SEND_HEARTBEAT {datanodeUUID=e5f88aa8-ed94-4632-9bac-96dc85ccdca1, command=[]} | ret=SUCCESS |  
2019-08-30 19:58:45,529 | INFO  | SCMAudit | user=jenkins1000 | ip=192.168.5.161 | op=SEND_HEARTBEAT {datanodeUUID=527b2082-6919-40b0-be6c-4b03673bbbcf, command=[]} | ret=SUCCESS |  
2019-08-30 19:58:45,576 | INFO  | SCMAudit | user=jenkins1000 | ip=192.168.5.161 | op=SEND_HEARTBEAT {datanodeUUID=42fa8907-0757-405a-9793-077a04797055, command=[]} | ret=SUCCESS |  
2019-08-30 19:58:45,644 | INFO  | SCMAudit | user=jenkins1000 | ip=192.168.5.161 | op=SEND_HEARTBEAT {datanodeUUID=0ad8d7ae-187f-46e3-a3e2-571100048e4e, command=[]} | ret=SUCCESS |  
2019-08-30 19:58:46,016 | INFO  | SCMAudit | user=jenkins1000 | ip=192.168.5.161 | op=SEND_HEARTBEAT {datanodeUUID=02b55be5-f766-42b8-b701-7d673475772a, command=[]} | ret=SUCCESS |  
2019-08-30 19:58:46,016 | INFO  | SCMAudit | user=jenkins1000 | ip=192.168.5.161 | op=SEND_HEARTBEAT {datanodeUUID=f263c918-4003-4dfb-a666-c73a676ec01c, command=[]} | ret=SUCCESS |  
2019-08-30 19:58:46,369 [grpc-default-executor-7] INFO  client.GrpcClientProtocolClient (GrpcClientProtocolClient.java:onNext(255)) - client-60D41D326807->02b55be5-f766-42b8-b701-7d673475772a: receive RaftClientReply:client-60D41D326807->02b55be5-f766-42b8-b701-7d673475772a@group-A62C2177B50E, cid=192, FAILED org.apache.ratis.protocol.NotLeaderException: Server 02b55be5-f766-42b8-b701-7d673475772a is not the leader (2d422090-8abf-42f3-9732-1fabf469113c:192.168.5.161:33657). Request must be sent to leader., logIndex=0, commits[02b55be5-f766-42b8-b701-7d673475772a:c15, f263c918-4003-4dfb-a666-c73a676ec01c:c15, 2d422090-8abf-42f3-9732-1fabf469113c:c15]
2019-08-30 19:58:46,454 | INFO  | SCMAudit | user=jenkins1000 | ip=192.168.5.161 | op=SEND_HEARTBEAT {datanodeUUID=e5f88aa8-ed94-4632-9bac-96dc85ccdca1, command=[]} | ret=SUCCESS |  
2019-08-30 19:58:46,530 | INFO  | SCMAudit | user=jenkins1000 | ip=192.168.5.161 | op=SEND_HEARTBEAT {datanodeUUID=527b2082-6919-40b0-be6c-4b03673bbbcf, command=[]} | ret=SUCCESS |  
2019-08-30 19:58:46,576 | INFO  | SCMAudit | user=jenkins1000 | ip=192.168.5.161 | op=SEND_HEARTBEAT {datanodeUUID=42fa8907-0757-405a-9793-077a04797055, command=[]} | ret=SUCCESS |  
2019-08-30 19:58:46,644 | INFO  | SCMAudit | user=jenkins1000 | ip=192.168.5.161 | op=SEND_HEARTBEAT {datanodeUUID=0ad8d7ae-187f-46e3-a3e2-571100048e4e, command=[]} | ret=SUCCESS |  
2019-08-30 19:58:47,016 | INFO  | SCMAudit | user=jenkins1000 | ip=192.168.5.161 | op=SEND_HEARTBEAT {datanodeUUID=02b55be5-f766-42b8-b701-7d673475772a, command=[]} | ret=SUCCESS |  
2019-08-30 19:58:47,016 | INFO  | SCMAudit | user=jenkins1000 | ip=192.168.5.161 | op=SEND_HEARTBEAT {datanodeUUID=f263c918-4003-4dfb-a666-c73a676ec01c, command=[]} | ret=SUCCESS |  
2019-08-30 19:58:47,386 [grpc-default-executor-7] INFO  client.GrpcClientProtocolClient (GrpcClientProtocolClient.java:onNext(255)) - client-60D41D326807->02b55be5-f766-42b8-b701-7d673475772a: receive RaftClientReply:client-60D41D326807->02b55be5-f766-42b8-b701-7d673475772a@group-A62C2177B50E, cid=192, FAILED org.apache.ratis.protocol.NotLeaderException: Server 02b55be5-f766-42b8-b701-7d673475772a is not the leader (2d422090-8abf-42f3-9732-1fabf469113c:192.168.5.161:33657). Request must be sent to leader., logIndex=0, commits[02b55be5-f766-42b8-b701-7d673475772a:c15, f263c918-4003-4dfb-a666-c73a676ec01c:c15, 2d422090-8abf-42f3-9732-1fabf469113c:c15]
2019-08-30 19:58:47,455 | INFO  | SCMAudit | user=jenkins1000 | ip=192.168.5.161 | op=SEND_HEARTBEAT {datanodeUUID=e5f88aa8-ed94-4632-9bac-96dc85ccdca1, command=[]} | ret=SUCCESS |  
2019-08-30 19:58:47,529 | INFO  | SCMAudit | user=jenkins1000 | ip=192.168.5.161 | op=SEND_HEARTBEAT {datanodeUUID=527b2082-6919-40b0-be6c-4b03673bbbcf, command=[]} | ret=SUCCESS |  
2019-08-30 19:58:47,576 | INFO  | SCMAudit | user=jenkins1000 | ip=192.168.5.161 | op=SEND_HEARTBEAT {datanodeUUID=42fa8907-0757-405a-9793-077a04797055, command=[]} | ret=SUCCESS |  
2019-08-30 19:58:47,643 | INFO  | SCMAudit | user=jenkins1000 | ip=192.168.5.161 | op=SEND_HEARTBEAT {datanodeUUID=0ad8d7ae-187f-46e3-a3e2-571100048e4e, command=[]} | ret=SUCCESS |  
2019-08-30 19:58:48,016 | INFO  | SCMAudit | user=jenkins1000 | ip=192.168.5.161 | op=SEND_HEARTBEAT {datanodeUUID=f263c918-4003-4dfb-a666-c73a676ec01c, command=[]} | ret=SUCCESS |  
2019-08-30 19:58:48,016 | INFO  | SCMAudit | user=jenkins1000 | ip=192.168.5.161 | op=SEND_HEARTBEAT {datanodeUUID=02b55be5-f766-42b8-b701-7d673475772a, command=[]} | ret=SUCCESS |  
2019-08-30 19:58:48,402 [grpc-default-executor-6] INFO  client.GrpcClientProtocolClient (GrpcClientProtocolClient.java:onNext(255)) - client-60D41D326807->02b55be5-f766-42b8-b701-7d673475772a: receive RaftClientReply:client-60D41D326807->02b55be5-f766-42b8-b701-7d673475772a@group-A62C2177B50E, cid=192, FAILED org.apache.ratis.protocol.NotLeaderException: Server 02b55be5-f766-42b8-b701-7d673475772a is not the leader (2d422090-8abf-42f3-9732-1fabf469113c:192.168.5.161:33657). Request must be sent to leader., logIndex=0, commits[02b55be5-f766-42b8-b701-7d673475772a:c15, f263c918-4003-4dfb-a666-c73a676ec01c:c15, 2d422090-8abf-42f3-9732-1fabf469113c:c15]
2019-08-30 19:58:48,455 | INFO  | SCMAudit | user=jenkins1000 | ip=192.168.5.161 | op=SEND_HEARTBEAT {datanodeUUID=e5f88aa8-ed94-4632-9bac-96dc85ccdca1, command=[]} | ret=SUCCESS |  
2019-08-30 19:58:48,529 | INFO  | SCMAudit | user=jenkins1000 | ip=192.168.5.161 | op=SEND_HEARTBEAT {datanodeUUID=527b2082-6919-40b0-be6c-4b03673bbbcf, command=[]} | ret=SUCCESS |  
2019-08-30 19:58:48,577 | INFO  | SCMAudit | user=jenkins1000 | ip=192.168.5.161 | op=SEND_HEARTBEAT {datanodeUUID=42fa8907-0757-405a-9793-077a04797055, command=[]} | ret=SUCCESS |  
2019-08-30 19:58:48,644 | INFO  | SCMAudit | user=jenkins1000 | ip=192.168.5.161 | op=SEND_HEARTBEAT {datanodeUUID=0ad8d7ae-187f-46e3-a3e2-571100048e4e, command=[]} | ret=SUCCESS |  
2019-08-30 19:58:49,016 | INFO  | SCMAudit | user=jenkins1000 | ip=192.168.5.161 | op=SEND_HEARTBEAT {datanodeUUID=02b55be5-f766-42b8-b701-7d673475772a, command=[]} | ret=SUCCESS |  
2019-08-30 19:58:49,016 | INFO  | SCMAudit | user=jenkins1000 | ip=192.168.5.161 | op=SEND_HEARTBEAT {datanodeUUID=f263c918-4003-4dfb-a666-c73a676ec01c, command=[]} | ret=SUCCESS |  
2019-08-30 19:58:49,417 [grpc-default-executor-7] INFO  client.GrpcClientProtocolClient (GrpcClientProtocolClient.java:onNext(255)) - client-60D41D326807->02b55be5-f766-42b8-b701-7d673475772a: receive RaftClientReply:client-60D41D326807->02b55be5-f766-42b8-b701-7d673475772a@group-A62C2177B50E, cid=192, FAILED org.apache.ratis.protocol.NotLeaderException: Server 02b55be5-f766-42b8-b701-7d673475772a is not the leader (2d422090-8abf-42f3-9732-1fabf469113c:192.168.5.161:33657). Request must be sent to leader., logIndex=0, commits[02b55be5-f766-42b8-b701-7d673475772a:c15, f263c918-4003-4dfb-a666-c73a676ec01c:c15, 2d422090-8abf-42f3-9732-1fabf469113c:c15]
2019-08-30 19:58:49,455 | INFO  | SCMAudit | user=jenkins1000 | ip=192.168.5.161 | op=SEND_HEARTBEAT {datanodeUUID=e5f88aa8-ed94-4632-9bac-96dc85ccdca1, command=[]} | ret=SUCCESS |  
2019-08-30 19:58:49,529 | INFO  | SCMAudit | user=jenkins1000 | ip=192.168.5.161 | op=SEND_HEARTBEAT {datanodeUUID=527b2082-6919-40b0-be6c-4b03673bbbcf, command=[]} | ret=SUCCESS |  
2019-08-30 19:58:49,577 | INFO  | SCMAudit | user=jenkins1000 | ip=192.168.5.161 | op=SEND_HEARTBEAT {datanodeUUID=42fa8907-0757-405a-9793-077a04797055, command=[]} | ret=SUCCESS |  
2019-08-30 19:58:49,645 | INFO  | SCMAudit | user=jenkins1000 | ip=192.168.5.161 | op=SEND_HEARTBEAT {datanodeUUID=0ad8d7ae-187f-46e3-a3e2-571100048e4e, command=[]} | ret=SUCCESS |  
2019-08-30 19:58:50,016 | INFO  | SCMAudit | user=jenkins1000 | ip=192.168.5.161 | op=SEND_HEARTBEAT {datanodeUUID=02b55be5-f766-42b8-b701-7d673475772a, command=[]} | ret=SUCCESS |  
2019-08-30 19:58:50,016 | INFO  | SCMAudit | user=jenkins1000 | ip=192.168.5.161 | op=SEND_HEARTBEAT {datanodeUUID=f263c918-4003-4dfb-a666-c73a676ec01c, command=[]} | ret=SUCCESS |  
2019-08-30 19:58:50,434 [grpc-default-executor-7] INFO  client.GrpcClientProtocolClient (GrpcClientProtocolClient.java:onNext(255)) - client-60D41D326807->02b55be5-f766-42b8-b701-7d673475772a: receive RaftClientReply:client-60D41D326807->02b55be5-f766-42b8-b701-7d673475772a@group-A62C2177B50E, cid=192, FAILED org.apache.ratis.protocol.NotLeaderException: Server 02b55be5-f766-42b8-b701-7d673475772a is not the leader (2d422090-8abf-42f3-9732-1fabf469113c:192.168.5.161:33657). Request must be sent to leader., logIndex=0, commits[02b55be5-f766-42b8-b701-7d673475772a:c15, f263c918-4003-4dfb-a666-c73a676ec01c:c15, 2d422090-8abf-42f3-9732-1fabf469113c:c15]
2019-08-30 19:58:50,455 | INFO  | SCMAudit | user=jenkins1000 | ip=192.168.5.161 | op=SEND_HEARTBEAT {datanodeUUID=e5f88aa8-ed94-4632-9bac-96dc85ccdca1, command=[]} | ret=SUCCESS |  
2019-08-30 19:58:50,529 | INFO  | SCMAudit | user=jenkins1000 | ip=192.168.5.161 | op=SEND_HEARTBEAT {datanodeUUID=527b2082-6919-40b0-be6c-4b03673bbbcf, command=[]} | ret=SUCCESS |  
2019-08-30 19:58:50,577 | INFO  | SCMAudit | user=jenkins1000 | ip=192.168.5.161 | op=SEND_HEARTBEAT {datanodeUUID=42fa8907-0757-405a-9793-077a04797055, command=[]} | ret=SUCCESS |  
2019-08-30 19:58:50,645 | INFO  | SCMAudit | user=jenkins1000 | ip=192.168.5.161 | op=SEND_HEARTBEAT {datanodeUUID=0ad8d7ae-187f-46e3-a3e2-571100048e4e, command=[]} | ret=SUCCESS |  
2019-08-30 19:58:51,016 | INFO  | SCMAudit | user=jenkins1000 | ip=192.168.5.161 | op=SEND_HEARTBEAT {datanodeUUID=02b55be5-f766-42b8-b701-7d673475772a, command=[]} | ret=SUCCESS |  
2019-08-30 19:58:51,016 | INFO  | SCMAudit | user=jenkins1000 | ip=192.168.5.161 | op=SEND_HEARTBEAT {datanodeUUID=f263c918-4003-4dfb-a666-c73a676ec01c, command=[]} | ret=SUCCESS |  
2019-08-30 19:58:51,450 [grpc-default-executor-6] INFO  client.GrpcClientProtocolClient (GrpcClientProtocolClient.java:onNext(255)) - client-60D41D326807->f263c918-4003-4dfb-a666-c73a676ec01c: receive RaftClientReply:client-60D41D326807->f263c918-4003-4dfb-a666-c73a676ec01c@group-A62C2177B50E, cid=192, FAILED org.apache.ratis.protocol.NotLeaderException: Server f263c918-4003-4dfb-a666-c73a676ec01c is not the leader (2d422090-8abf-42f3-9732-1fabf469113c:192.168.5.161:33657). Request must be sent to leader., logIndex=0, commits[f263c918-4003-4dfb-a666-c73a676ec01c:c15, 2d422090-8abf-42f3-9732-1fabf469113c:c15, 02b55be5-f766-42b8-b701-7d673475772a:c15]
2019-08-30 19:58:51,455 | INFO  | SCMAudit | user=jenkins1000 | ip=192.168.5.161 | op=SEND_HEARTBEAT {datanodeUUID=e5f88aa8-ed94-4632-9bac-96dc85ccdca1, command=[]} | ret=SUCCESS |  
2019-08-30 19:58:51,529 | INFO  | SCMAudit | user=jenkins1000 | ip=192.168.5.161 | op=SEND_HEARTBEAT {datanodeUUID=527b2082-6919-40b0-be6c-4b03673bbbcf, command=[]} | ret=SUCCESS |  
2019-08-30 19:58:51,577 | INFO  | SCMAudit | user=jenkins1000 | ip=192.168.5.161 | op=SEND_HEARTBEAT {datanodeUUID=42fa8907-0757-405a-9793-077a04797055, command=[]} | ret=SUCCESS |  
2019-08-30 19:58:51,646 | INFO  | SCMAudit | user=jenkins1000 | ip=192.168.5.161 | op=SEND_HEARTBEAT {datanodeUUID=0ad8d7ae-187f-46e3-a3e2-571100048e4e, command=[]} | ret=SUCCESS |  
2019-08-30 19:58:52,016 | INFO  | SCMAudit | user=jenkins1000 | ip=192.168.5.161 | op=SEND_HEARTBEAT {datanodeUUID=02b55be5-f766-42b8-b701-7d673475772a, command=[]} | ret=SUCCESS |  
2019-08-30 19:58:52,016 | INFO  | SCMAudit | user=jenkins1000 | ip=192.168.5.161 | op=SEND_HEARTBEAT {datanodeUUID=f263c918-4003-4dfb-a666-c73a676ec01c, command=[]} | ret=SUCCESS |  
2019-08-30 19:58:52,457 | INFO  | SCMAudit | user=jenkins1000 | ip=192.168.5.161 | op=SEND_HEARTBEAT {datanodeUUID=e5f88aa8-ed94-4632-9bac-96dc85ccdca1, command=[]} | ret=SUCCESS |  
2019-08-30 19:58:52,468 [grpc-default-executor-8] INFO  client.GrpcClientProtocolClient (GrpcClientProtocolClient.java:onNext(255)) - client-60D41D326807->f263c918-4003-4dfb-a666-c73a676ec01c: receive RaftClientReply:client-60D41D326807->f263c918-4003-4dfb-a666-c73a676ec01c@group-A62C2177B50E, cid=192, FAILED org.apache.ratis.protocol.NotLeaderException: Server f263c918-4003-4dfb-a666-c73a676ec01c is not the leader (2d422090-8abf-42f3-9732-1fabf469113c:192.168.5.161:33657). Request must be sent to leader., logIndex=0, commits[f263c918-4003-4dfb-a666-c73a676ec01c:c15, 2d422090-8abf-42f3-9732-1fabf469113c:c15, 02b55be5-f766-42b8-b701-7d673475772a:c15]
2019-08-30 19:58:52,529 | INFO  | SCMAudit | user=jenkins1000 | ip=192.168.5.161 | op=SEND_HEARTBEAT {datanodeUUID=527b2082-6919-40b0-be6c-4b03673bbbcf, command=[]} | ret=SUCCESS |  
2019-08-30 19:58:52,577 | INFO  | SCMAudit | user=jenkins1000 | ip=192.168.5.161 | op=SEND_HEARTBEAT {datanodeUUID=42fa8907-0757-405a-9793-077a04797055, command=[]} | ret=SUCCESS |  
2019-08-30 19:58:52,647 | INFO  | SCMAudit | user=jenkins1000 | ip=192.168.5.161 | op=SEND_HEARTBEAT {datanodeUUID=0ad8d7ae-187f-46e3-a3e2-571100048e4e, command=[]} | ret=SUCCESS |  
2019-08-30 19:58:52,965 [Thread-3583] INFO  impl.FollowerState (FollowerState.java:run(106)) - 02b55be5-f766-42b8-b701-7d673475772a:group-A62C2177B50E changes to CANDIDATE, lastRpcTime:9703, electionTimeout:5119ms
2019-08-30 19:58:52,965 [Thread-3583] INFO  impl.RoleInfo (RoleInfo.java:shutdownFollowerState(121)) - 02b55be5-f766-42b8-b701-7d673475772a: shutdown FollowerState
2019-08-30 19:58:52,965 [Thread-3583] INFO  impl.RaftServerImpl (RaftServerImpl.java:setRole(171)) - 02b55be5-f766-42b8-b701-7d673475772a:group-A62C2177B50E changes role from FOLLOWER to CANDIDATE at term 1 for changeToCandidate
2019-08-30 19:58:52,966 [Thread-3583] INFO  impl.RoleInfo (RoleInfo.java:updateAndGet(143)) - 02b55be5-f766-42b8-b701-7d673475772a: start LeaderElection
2019-08-30 19:58:52,969 [02b55be5-f766-42b8-b701-7d673475772a:group-A62C2177B50E:LeaderElection76] INFO  impl.RaftServerImpl (ServerState.java:setLeader(263)) - 02b55be5-f766-42b8-b701-7d673475772a:group-A62C2177B50E change Leader from 2d422090-8abf-42f3-9732-1fabf469113c to null at term 1 for initElection
2019-08-30 19:58:52,982 [02b55be5-f766-42b8-b701-7d673475772a:group-A62C2177B50E:LeaderElection76] INFO  impl.LeaderElection (LeaderElection.java:askForVotes(181)) - 02b55be5-f766-42b8-b701-7d673475772a:group-A62C2177B50E:LeaderElection76: begin an election at term 2 for 0: [f263c918-4003-4dfb-a666-c73a676ec01c:192.168.5.161:37893, 2d422090-8abf-42f3-9732-1fabf469113c:192.168.5.161:33657, 02b55be5-f766-42b8-b701-7d673475772a:192.168.5.161:42842], old=null
2019-08-30 19:58:52,985 [02b55be5-f766-42b8-b701-7d673475772a:group-A62C2177B50E:LeaderElection76] INFO  impl.LeaderElection (LogUtils.java:infoOrTrace(149)) - 02b55be5-f766-42b8-b701-7d673475772a:group-A62C2177B50E:LeaderElection76 got exception when requesting votes: {}
java.util.concurrent.ExecutionException: org.apache.ratis.thirdparty.io.grpc.StatusRuntimeException: UNAVAILABLE: io exception
	at java.util.concurrent.FutureTask.report(FutureTask.java:122)
	at java.util.concurrent.FutureTask.get(FutureTask.java:192)
	at org.apache.ratis.server.impl.LeaderElection.waitForResults(LeaderElection.java:262)
	at org.apache.ratis.server.impl.LeaderElection.askForVotes(LeaderElection.java:200)
	at org.apache.ratis.server.impl.LeaderElection.run(LeaderElection.java:130)
	at java.lang.Thread.run(Thread.java:748)
Caused by: org.apache.ratis.thirdparty.io.grpc.StatusRuntimeException: UNAVAILABLE: io exception
	at org.apache.ratis.thirdparty.io.grpc.stub.ClientCalls.toStatusRuntimeException(ClientCalls.java:233)
	at org.apache.ratis.thirdparty.io.grpc.stub.ClientCalls.getUnchecked(ClientCalls.java:214)
	at org.apache.ratis.thirdparty.io.grpc.stub.ClientCalls.blockingUnaryCall(ClientCalls.java:139)
	at org.apache.ratis.proto.grpc.RaftServerProtocolServiceGrpc$RaftServerProtocolServiceBlockingStub.requestVote(RaftServerProtocolServiceGrpc.java:265)
	at org.apache.ratis.grpc.server.GrpcServerProtocolClient.requestVote(GrpcServerProtocolClient.java:83)
	at org.apache.ratis.grpc.server.GrpcService.requestVote(GrpcService.java:195)
	at org.apache.ratis.server.impl.LeaderElection.lambda$submitRequests$1(LeaderElection.java:237)
	at java.util.concurrent.FutureTask.run(FutureTask.java:266)
	at java.util.concurrent.Executors$RunnableAdapter.call(Executors.java:511)
	at java.util.concurrent.FutureTask.run(FutureTask.java:266)
	at java.util.concurrent.ThreadPoolExecutor.runWorker(ThreadPoolExecutor.java:1149)
	at java.util.concurrent.ThreadPoolExecutor$Worker.run(ThreadPoolExecutor.java:624)
	... 1 more
Caused by: org.apache.ratis.thirdparty.io.netty.channel.AbstractChannel$AnnotatedConnectException: Connection refused: /192.168.5.161:33657
	at sun.nio.ch.SocketChannelImpl.checkConnect(Native Method)
	at sun.nio.ch.SocketChannelImpl.finishConnect(SocketChannelImpl.java:717)
	at org.apache.ratis.thirdparty.io.netty.channel.socket.nio.NioSocketChannel.doFinishConnect(NioSocketChannel.java:327)
	at org.apache.ratis.thirdparty.io.netty.channel.nio.AbstractNioChannel$AbstractNioUnsafe.finishConnect(AbstractNioChannel.java:340)
	at org.apache.ratis.thirdparty.io.netty.channel.nio.NioEventLoop.processSelectedKey(NioEventLoop.java:632)
	at org.apache.ratis.thirdparty.io.netty.channel.nio.NioEventLoop.processSelectedKeysOptimized(NioEventLoop.java:579)
	at org.apache.ratis.thirdparty.io.netty.channel.nio.NioEventLoop.processSelectedKeys(NioEventLoop.java:496)
	at org.apache.ratis.thirdparty.io.netty.channel.nio.NioEventLoop.run(NioEventLoop.java:458)
	at org.apache.ratis.thirdparty.io.netty.util.concurrent.SingleThreadEventExecutor$5.run(SingleThreadEventExecutor.java:897)
	at org.apache.ratis.thirdparty.io.netty.util.concurrent.FastThreadLocalRunnable.run(FastThreadLocalRunnable.java:30)
	... 1 more
Caused by: java.net.ConnectException: Connection refused
	... 11 more
2019-08-30 19:58:52,987 [grpc-default-executor-6] INFO  impl.RaftServerImpl (ServerState.java:setLeader(263)) - f263c918-4003-4dfb-a666-c73a676ec01c:group-A62C2177B50E change Leader from 2d422090-8abf-42f3-9732-1fabf469113c to null at term 2 for updateCurrentTerm
2019-08-30 19:58:52,988 [grpc-default-executor-6] INFO  impl.RaftServerImpl (RaftServerImpl.java:setRole(171)) - f263c918-4003-4dfb-a666-c73a676ec01c:group-A62C2177B50E changes role from FOLLOWER to FOLLOWER at term 2 for recognizeCandidate:02b55be5-f766-42b8-b701-7d673475772a
2019-08-30 19:58:52,988 [grpc-default-executor-6] INFO  impl.RoleInfo (RoleInfo.java:shutdownFollowerState(121)) - f263c918-4003-4dfb-a666-c73a676ec01c: shutdown FollowerState
2019-08-30 19:58:52,988 [grpc-default-executor-6] INFO  impl.RoleInfo (RoleInfo.java:updateAndGet(143)) - f263c918-4003-4dfb-a666-c73a676ec01c: start FollowerState
2019-08-30 19:58:52,988 [Thread-3580] INFO  impl.FollowerState (FollowerState.java:run(114)) - f263c918-4003-4dfb-a666-c73a676ec01c: FollowerState was interrupted: java.lang.InterruptedException: sleep interrupted
2019-08-30 19:58:53,004 [02b55be5-f766-42b8-b701-7d673475772a:group-A62C2177B50E:LeaderElection76] INFO  impl.LeaderElection (LeaderElection.java:logAndReturn(56)) - 02b55be5-f766-42b8-b701-7d673475772a:group-A62C2177B50E:LeaderElection76: Election PASSED; received 1 response(s) [02b55be5-f766-42b8-b701-7d673475772a<-f263c918-4003-4dfb-a666-c73a676ec01c#0:OK-t2] and 1 exception(s); 02b55be5-f766-42b8-b701-7d673475772a:t2, leader=null, voted=02b55be5-f766-42b8-b701-7d673475772a, raftlog=02b55be5-f766-42b8-b701-7d673475772a-SegmentedRaftLog:OPENED:c15,f15,i15, conf=0: [f263c918-4003-4dfb-a666-c73a676ec01c:192.168.5.161:37893, 2d422090-8abf-42f3-9732-1fabf469113c:192.168.5.161:33657, 02b55be5-f766-42b8-b701-7d673475772a:192.168.5.161:42842], old=null
2019-08-30 19:58:53,004 [02b55be5-f766-42b8-b701-7d673475772a:group-A62C2177B50E:LeaderElection76] INFO  impl.LeaderElection (LogUtils.java:infoOrTrace(149)) -   Exception 0: {}
java.util.concurrent.ExecutionException: org.apache.ratis.thirdparty.io.grpc.StatusRuntimeException: UNAVAILABLE: io exception
	at java.util.concurrent.FutureTask.report(FutureTask.java:122)
	at java.util.concurrent.FutureTask.get(FutureTask.java:192)
	at org.apache.ratis.server.impl.LeaderElection.waitForResults(LeaderElection.java:262)
	at org.apache.ratis.server.impl.LeaderElection.askForVotes(LeaderElection.java:200)
	at org.apache.ratis.server.impl.LeaderElection.run(LeaderElection.java:130)
	at java.lang.Thread.run(Thread.java:748)
Caused by: org.apache.ratis.thirdparty.io.grpc.StatusRuntimeException: UNAVAILABLE: io exception
	at org.apache.ratis.thirdparty.io.grpc.stub.ClientCalls.toStatusRuntimeException(ClientCalls.java:233)
	at org.apache.ratis.thirdparty.io.grpc.stub.ClientCalls.getUnchecked(ClientCalls.java:214)
	at org.apache.ratis.thirdparty.io.grpc.stub.ClientCalls.blockingUnaryCall(ClientCalls.java:139)
	at org.apache.ratis.proto.grpc.RaftServerProtocolServiceGrpc$RaftServerProtocolServiceBlockingStub.requestVote(RaftServerProtocolServiceGrpc.java:265)
	at org.apache.ratis.grpc.server.GrpcServerProtocolClient.requestVote(GrpcServerProtocolClient.java:83)
	at org.apache.ratis.grpc.server.GrpcService.requestVote(GrpcService.java:195)
	at org.apache.ratis.server.impl.LeaderElection.lambda$submitRequests$1(LeaderElection.java:237)
	at java.util.concurrent.FutureTask.run(FutureTask.java:266)
	at java.util.concurrent.Executors$RunnableAdapter.call(Executors.java:511)
	at java.util.concurrent.FutureTask.run(FutureTask.java:266)
	at java.util.concurrent.ThreadPoolExecutor.runWorker(ThreadPoolExecutor.java:1149)
	at java.util.concurrent.ThreadPoolExecutor$Worker.run(ThreadPoolExecutor.java:624)
	... 1 more
Caused by: org.apache.ratis.thirdparty.io.netty.channel.AbstractChannel$AnnotatedConnectException: Connection refused: /192.168.5.161:33657
	at sun.nio.ch.SocketChannelImpl.checkConnect(Native Method)
	at sun.nio.ch.SocketChannelImpl.finishConnect(SocketChannelImpl.java:717)
	at org.apache.ratis.thirdparty.io.netty.channel.socket.nio.NioSocketChannel.doFinishConnect(NioSocketChannel.java:327)
	at org.apache.ratis.thirdparty.io.netty.channel.nio.AbstractNioChannel$AbstractNioUnsafe.finishConnect(AbstractNioChannel.java:340)
	at org.apache.ratis.thirdparty.io.netty.channel.nio.NioEventLoop.processSelectedKey(NioEventLoop.java:632)
	at org.apache.ratis.thirdparty.io.netty.channel.nio.NioEventLoop.processSelectedKeysOptimized(NioEventLoop.java:579)
	at org.apache.ratis.thirdparty.io.netty.channel.nio.NioEventLoop.processSelectedKeys(NioEventLoop.java:496)
	at org.apache.ratis.thirdparty.io.netty.channel.nio.NioEventLoop.run(NioEventLoop.java:458)
	at org.apache.ratis.thirdparty.io.netty.util.concurrent.SingleThreadEventExecutor$5.run(SingleThreadEventExecutor.java:897)
	at org.apache.ratis.thirdparty.io.netty.util.concurrent.FastThreadLocalRunnable.run(FastThreadLocalRunnable.java:30)
	... 1 more
Caused by: java.net.ConnectException: Connection refused
	... 11 more
2019-08-30 19:58:53,005 [02b55be5-f766-42b8-b701-7d673475772a:group-A62C2177B50E:LeaderElection76] INFO  impl.RoleInfo (RoleInfo.java:shutdownLeaderElection(134)) - 02b55be5-f766-42b8-b701-7d673475772a: shutdown LeaderElection
2019-08-30 19:58:53,005 [02b55be5-f766-42b8-b701-7d673475772a:group-A62C2177B50E:LeaderElection76] INFO  impl.RaftServerImpl (RaftServerImpl.java:setRole(171)) - 02b55be5-f766-42b8-b701-7d673475772a:group-A62C2177B50E changes role from CANDIDATE to LEADER at term 2 for changeToLeader
2019-08-30 19:58:53,005 [02b55be5-f766-42b8-b701-7d673475772a:group-A62C2177B50E:LeaderElection76] INFO  impl.RaftServerImpl (ServerState.java:setLeader(263)) - 02b55be5-f766-42b8-b701-7d673475772a:group-A62C2177B50E change Leader from null to 02b55be5-f766-42b8-b701-7d673475772a at term 2 for becomeLeader, leader elected after 35ms
2019-08-30 19:58:53,005 [02b55be5-f766-42b8-b701-7d673475772a:group-A62C2177B50E:LeaderElection76] INFO  server.RaftServerConfigKeys (ConfUtils.java:logGet(43)) - raft.server.staging.catchup.gap = 1000 (default)
2019-08-30 19:58:53,005 [02b55be5-f766-42b8-b701-7d673475772a:group-A62C2177B50E:LeaderElection76] INFO  server.RaftServerConfigKeys (ConfUtils.java:logGet(43)) - raft.server.rpc.sleep.time = 25ms (default)
2019-08-30 19:58:53,005 [02b55be5-f766-42b8-b701-7d673475772a:group-A62C2177B50E:LeaderElection76] INFO  server.RaftServerConfigKeys (ConfUtils.java:logGet(43)) - raft.server.write.element-limit = 4096 (default)
2019-08-30 19:58:53,005 [02b55be5-f766-42b8-b701-7d673475772a:group-A62C2177B50E:LeaderElection76] INFO  server.RaftServerConfigKeys (ConfUtils.java:logGet(43)) - raft.server.watch.timeout = 10s (default)
2019-08-30 19:58:53,006 [02b55be5-f766-42b8-b701-7d673475772a:group-A62C2177B50E:LeaderElection76] INFO  server.RaftServerConfigKeys (ConfUtils.java:logGet(43)) - raft.server.watch.timeout.denomination = 1s (default)
2019-08-30 19:58:53,006 [02b55be5-f766-42b8-b701-7d673475772a:group-A62C2177B50E:LeaderElection76] INFO  server.RaftServerConfigKeys (ConfUtils.java:logGet(43)) - raft.server.watch.element-limit = 65536 (default)
2019-08-30 19:58:53,006 [02b55be5-f766-42b8-b701-7d673475772a:group-A62C2177B50E:LeaderElection76] INFO  server.RaftServerConfigKeys (ConfUtils.java:logGet(43)) - raft.server.log.appender.snapshot.chunk.size.max = 16MB (=16777216) (default)
2019-08-30 19:58:53,006 [02b55be5-f766-42b8-b701-7d673475772a:group-A62C2177B50E:LeaderElection76] INFO  server.RaftServerConfigKeys (ConfUtils.java:logGet(43)) - raft.server.log.appender.buffer.byte-limit = 33554432 (custom)
2019-08-30 19:58:53,006 [02b55be5-f766-42b8-b701-7d673475772a:group-A62C2177B50E:LeaderElection76] INFO  server.RaftServerConfigKeys (ConfUtils.java:logGet(43)) - raft.server.log.appender.buffer.element-limit = 1 (custom)
2019-08-30 19:58:53,007 [02b55be5-f766-42b8-b701-7d673475772a:group-A62C2177B50E:LeaderElection76] INFO  grpc.GrpcConfigKeys$Server (ConfUtils.java:logGet(43)) - raft.grpc.server.leader.outstanding.appends.max = 128 (default)
2019-08-30 19:58:53,007 [02b55be5-f766-42b8-b701-7d673475772a:group-A62C2177B50E:LeaderElection76] INFO  server.RaftServerConfigKeys (ConfUtils.java:logGet(43)) - raft.server.rpc.request.timeout = 3000ms (default)
2019-08-30 19:58:53,007 [02b55be5-f766-42b8-b701-7d673475772a:group-A62C2177B50E:LeaderElection76] INFO  server.RaftServerConfigKeys (ConfUtils.java:logGet(43)) - raft.server.log.appender.install.snapshot.enabled = false (custom)
2019-08-30 19:58:53,007 [02b55be5-f766-42b8-b701-7d673475772a:group-A62C2177B50E:LeaderElection76] INFO  server.RaftServerConfigKeys (ConfUtils.java:logGet(43)) - raft.server.log.appender.snapshot.chunk.size.max = 16MB (=16777216) (default)
2019-08-30 19:58:53,007 [02b55be5-f766-42b8-b701-7d673475772a:group-A62C2177B50E:LeaderElection76] INFO  server.RaftServerConfigKeys (ConfUtils.java:logGet(43)) - raft.server.log.appender.buffer.byte-limit = 33554432 (custom)
2019-08-30 19:58:53,008 [02b55be5-f766-42b8-b701-7d673475772a:group-A62C2177B50E:LeaderElection76] INFO  server.RaftServerConfigKeys (ConfUtils.java:logGet(43)) - raft.server.log.appender.buffer.element-limit = 1 (custom)
2019-08-30 19:58:53,008 [02b55be5-f766-42b8-b701-7d673475772a:group-A62C2177B50E:LeaderElection76] INFO  grpc.GrpcConfigKeys$Server (ConfUtils.java:logGet(43)) - raft.grpc.server.leader.outstanding.appends.max = 128 (default)
2019-08-30 19:58:53,008 [02b55be5-f766-42b8-b701-7d673475772a:group-A62C2177B50E:LeaderElection76] INFO  server.RaftServerConfigKeys (ConfUtils.java:logGet(43)) - raft.server.rpc.request.timeout = 3000ms (default)
2019-08-30 19:58:53,008 [02b55be5-f766-42b8-b701-7d673475772a:group-A62C2177B50E:LeaderElection76] INFO  server.RaftServerConfigKeys (ConfUtils.java:logGet(43)) - raft.server.log.appender.install.snapshot.enabled = false (custom)
2019-08-30 19:58:53,008 [02b55be5-f766-42b8-b701-7d673475772a:group-A62C2177B50E:LeaderElection76] INFO  impl.RoleInfo (RoleInfo.java:updateAndGet(143)) - 02b55be5-f766-42b8-b701-7d673475772a: start LeaderState
2019-08-30 19:58:53,009 [02b55be5-f766-42b8-b701-7d673475772a:group-A62C2177B50E:LeaderElection76] INFO  segmented.SegmentedRaftLogWorker (SegmentedRaftLogWorker.java:rollLogSegment(385)) - 02b55be5-f766-42b8-b701-7d673475772a-SegmentedRaftLogWorker:Storage Directory /workdir/hadoop-ozone/integration-test/target/test-dir/MiniOzoneClusterImpl-0ce34326-890c-4745-9fb2-859a42e91411/datanode-2/data/ratis/8720d2a6-2fa3-407d-ac22-a62c2177b50e: Rolling segment log-0_15 to index:15
2019-08-30 19:58:53,011 [02b55be5-f766-42b8-b701-7d673475772a:group-A62C2177B50E:LeaderElection76] INFO  impl.RaftServerImpl (ServerState.java:setRaftConf(361)) - 02b55be5-f766-42b8-b701-7d673475772a:group-A62C2177B50E set configuration 16: [f263c918-4003-4dfb-a666-c73a676ec01c:192.168.5.161:37893, 2d422090-8abf-42f3-9732-1fabf469113c:192.168.5.161:33657, 02b55be5-f766-42b8-b701-7d673475772a:192.168.5.161:42842], old=null at 16
2019-08-30 19:58:53,012 [grpc-default-executor-6] WARN  server.GrpcLogAppender (LogUtils.java:warn(134)) - 02b55be5-f766-42b8-b701-7d673475772a->2d422090-8abf-42f3-9732-1fabf469113c: Failed appendEntries: org.apache.ratis.thirdparty.io.grpc.StatusRuntimeException: UNAVAILABLE: io exception
2019-08-30 19:58:53,012 [grpc-default-executor-6] INFO  impl.FollowerInfo (FollowerInfo.java:lambda$new$0(50)) - 02b55be5-f766-42b8-b701-7d673475772a->2d422090-8abf-42f3-9732-1fabf469113c: nextIndex: updateUnconditionally 16 -> 1
2019-08-30 19:58:53,012 [grpc-default-executor-7] INFO  impl.RaftServerImpl (ServerState.java:setLeader(263)) - f263c918-4003-4dfb-a666-c73a676ec01c:group-A62C2177B50E change Leader from null to 02b55be5-f766-42b8-b701-7d673475772a at term 2 for appendEntries, leader elected after 25ms
2019-08-30 19:58:53,013 [02b55be5-f766-42b8-b701-7d673475772a-SegmentedRaftLogWorker:Storage Directory /workdir/hadoop-ozone/integration-test/target/test-dir/MiniOzoneClusterImpl-0ce34326-890c-4745-9fb2-859a42e91411/datanode-2/data/ratis/8720d2a6-2fa3-407d-ac22-a62c2177b50e] INFO  segmented.SegmentedRaftLogWorker (SegmentedRaftLogWorker.java:execute(526)) - 02b55be5-f766-42b8-b701-7d673475772a-SegmentedRaftLogWorker:Storage Directory /workdir/hadoop-ozone/integration-test/target/test-dir/MiniOzoneClusterImpl-0ce34326-890c-4745-9fb2-859a42e91411/datanode-2/data/ratis/8720d2a6-2fa3-407d-ac22-a62c2177b50e: Rolled log segment from /workdir/hadoop-ozone/integration-test/target/test-dir/MiniOzoneClusterImpl-0ce34326-890c-4745-9fb2-859a42e91411/datanode-2/data/ratis/8720d2a6-2fa3-407d-ac22-a62c2177b50e/current/log_inprogress_0 to /workdir/hadoop-ozone/integration-test/target/test-dir/MiniOzoneClusterImpl-0ce34326-890c-4745-9fb2-859a42e91411/datanode-2/data/ratis/8720d2a6-2fa3-407d-ac22-a62c2177b50e/current/log_0-15
2019-08-30 19:58:53,015 [grpc-default-executor-7] INFO  impl.RaftServerImpl (ServerState.java:setRaftConf(361)) - f263c918-4003-4dfb-a666-c73a676ec01c:group-A62C2177B50E set configuration 16: [f263c918-4003-4dfb-a666-c73a676ec01c:192.168.5.161:37893, 2d422090-8abf-42f3-9732-1fabf469113c:192.168.5.161:33657, 02b55be5-f766-42b8-b701-7d673475772a:192.168.5.161:42842], old=null at 16
2019-08-30 19:58:53,015 [grpc-default-executor-7] INFO  segmented.SegmentedRaftLogWorker (SegmentedRaftLogWorker.java:rollLogSegment(385)) - f263c918-4003-4dfb-a666-c73a676ec01c-SegmentedRaftLogWorker:Storage Directory /workdir/hadoop-ozone/integration-test/target/test-dir/MiniOzoneClusterImpl-0ce34326-890c-4745-9fb2-859a42e91411/datanode-1/data/ratis/8720d2a6-2fa3-407d-ac22-a62c2177b50e: Rolling segment log-0_15 to index:15
2019-08-30 19:58:53,016 | INFO  | SCMAudit | user=jenkins1000 | ip=192.168.5.161 | op=SEND_HEARTBEAT {datanodeUUID=f263c918-4003-4dfb-a666-c73a676ec01c, command=[]} | ret=SUCCESS |  
2019-08-30 19:58:53,016 | INFO  | SCMAudit | user=jenkins1000 | ip=192.168.5.161 | op=SEND_HEARTBEAT {datanodeUUID=02b55be5-f766-42b8-b701-7d673475772a, command=[]} | ret=SUCCESS |  
2019-08-30 19:58:53,016 [f263c918-4003-4dfb-a666-c73a676ec01c-SegmentedRaftLogWorker:Storage Directory /workdir/hadoop-ozone/integration-test/target/test-dir/MiniOzoneClusterImpl-0ce34326-890c-4745-9fb2-859a42e91411/datanode-1/data/ratis/8720d2a6-2fa3-407d-ac22-a62c2177b50e] INFO  segmented.SegmentedRaftLogWorker (SegmentedRaftLogWorker.java:execute(526)) - f263c918-4003-4dfb-a666-c73a676ec01c-SegmentedRaftLogWorker:Storage Directory /workdir/hadoop-ozone/integration-test/target/test-dir/MiniOzoneClusterImpl-0ce34326-890c-4745-9fb2-859a42e91411/datanode-1/data/ratis/8720d2a6-2fa3-407d-ac22-a62c2177b50e: Rolled log segment from /workdir/hadoop-ozone/integration-test/target/test-dir/MiniOzoneClusterImpl-0ce34326-890c-4745-9fb2-859a42e91411/datanode-1/data/ratis/8720d2a6-2fa3-407d-ac22-a62c2177b50e/current/log_inprogress_0 to /workdir/hadoop-ozone/integration-test/target/test-dir/MiniOzoneClusterImpl-0ce34326-890c-4745-9fb2-859a42e91411/datanode-1/data/ratis/8720d2a6-2fa3-407d-ac22-a62c2177b50e/current/log_0-15
2019-08-30 19:58:53,063 [f263c918-4003-4dfb-a666-c73a676ec01c-SegmentedRaftLogWorker:Storage Directory /workdir/hadoop-ozone/integration-test/target/test-dir/MiniOzoneClusterImpl-0ce34326-890c-4745-9fb2-859a42e91411/datanode-1/data/ratis/8720d2a6-2fa3-407d-ac22-a62c2177b50e] INFO  segmented.SegmentedRaftLogWorker (SegmentedRaftLogWorker.java:execute(569)) - f263c918-4003-4dfb-a666-c73a676ec01c-SegmentedRaftLogWorker:Storage Directory /workdir/hadoop-ozone/integration-test/target/test-dir/MiniOzoneClusterImpl-0ce34326-890c-4745-9fb2-859a42e91411/datanode-1/data/ratis/8720d2a6-2fa3-407d-ac22-a62c2177b50e: created new log segment /workdir/hadoop-ozone/integration-test/target/test-dir/MiniOzoneClusterImpl-0ce34326-890c-4745-9fb2-859a42e91411/datanode-1/data/ratis/8720d2a6-2fa3-407d-ac22-a62c2177b50e/current/log_inprogress_16
2019-08-30 19:58:53,063 [02b55be5-f766-42b8-b701-7d673475772a-SegmentedRaftLogWorker:Storage Directory /workdir/hadoop-ozone/integration-test/target/test-dir/MiniOzoneClusterImpl-0ce34326-890c-4745-9fb2-859a42e91411/datanode-2/data/ratis/8720d2a6-2fa3-407d-ac22-a62c2177b50e] INFO  segmented.SegmentedRaftLogWorker (SegmentedRaftLogWorker.java:execute(569)) - 02b55be5-f766-42b8-b701-7d673475772a-SegmentedRaftLogWorker:Storage Directory /workdir/hadoop-ozone/integration-test/target/test-dir/MiniOzoneClusterImpl-0ce34326-890c-4745-9fb2-859a42e91411/datanode-2/data/ratis/8720d2a6-2fa3-407d-ac22-a62c2177b50e: created new log segment /workdir/hadoop-ozone/integration-test/target/test-dir/MiniOzoneClusterImpl-0ce34326-890c-4745-9fb2-859a42e91411/datanode-2/data/ratis/8720d2a6-2fa3-407d-ac22-a62c2177b50e/current/log_inprogress_16
2019-08-30 19:58:53,071 | INFO  | DNAudit | user=null | ip=null | op=READ_CHUNK {blockData=conID: 1 locID: 102707698972426253 bcsId: 0} | ret=SUCCESS |  
2019-08-30 19:58:53,268 [grpc-default-executor-6] WARN  server.GrpcLogAppender (LogUtils.java:warn(134)) - 02b55be5-f766-42b8-b701-7d673475772a->2d422090-8abf-42f3-9732-1fabf469113c: Failed appendEntries: org.apache.ratis.thirdparty.io.grpc.StatusRuntimeException: UNAVAILABLE: io exception
2019-08-30 19:58:53,268 [grpc-default-executor-6] INFO  impl.FollowerInfo (FollowerInfo.java:lambda$new$0(50)) - 02b55be5-f766-42b8-b701-7d673475772a->2d422090-8abf-42f3-9732-1fabf469113c: nextIndex: updateUnconditionally 2 -> 1
2019-08-30 19:58:53,458 | INFO  | SCMAudit | user=jenkins1000 | ip=192.168.5.161 | op=SEND_HEARTBEAT {datanodeUUID=e5f88aa8-ed94-4632-9bac-96dc85ccdca1, command=[]} | ret=SUCCESS |  
2019-08-30 19:58:53,484 | ERROR | DNAudit | user=null | ip=null | op=WRITE_CHUNK {blockData=conID: 1 locID: 102707698972426253 bcsId: 13} | ret=FAILURE | org.apache.hadoop.hdds.scm.container.common.helpers.ContainerNotOpenException: Container 1 in CLOSING state
	at org.apache.hadoop.ozone.container.common.impl.HddsDispatcher.validateContainerCommand(HddsDispatcher.java:408)
	at org.apache.hadoop.ozone.container.common.transport.server.ratis.ContainerStateMachine.startTransaction(ContainerStateMachine.java:310) 
2019-08-30 19:58:53,500 [grpc-default-executor-6] INFO  client.GrpcClientProtocolClient (GrpcClientProtocolClient.java:onNext(255)) - client-60D41D326807->02b55be5-f766-42b8-b701-7d673475772a: receive RaftClientReply:client-60D41D326807->02b55be5-f766-42b8-b701-7d673475772a@group-A62C2177B50E, cid=192, FAILED org.apache.ratis.protocol.StateMachineException: org.apache.hadoop.hdds.scm.container.common.helpers.ContainerNotOpenException from Server 02b55be5-f766-42b8-b701-7d673475772a: Container 1 in CLOSING state, logIndex=0, commits[02b55be5-f766-42b8-b701-7d673475772a:c17, f263c918-4003-4dfb-a666-c73a676ec01c:c16, 2d422090-8abf-42f3-9732-1fabf469113c:c15]
2019-08-30 19:58:53,502 | ERROR | DNAudit | user=null | ip=null | op=WRITE_CHUNK {blockData=conID: 1 locID: 102707698972426253 bcsId: 13} | ret=FAILURE | org.apache.hadoop.hdds.scm.container.common.helpers.ContainerNotOpenException: Container 1 in CLOSING state
	at org.apache.hadoop.ozone.container.common.impl.HddsDispatcher.validateContainerCommand(HddsDispatcher.java:408)
	at org.apache.hadoop.ozone.container.common.transport.server.ratis.ContainerStateMachine.startTransaction(ContainerStateMachine.java:310) 
2019-08-30 19:58:53,512 | ERROR | DNAudit | user=null | ip=null | op=PUT_BLOCK {blockData=[blockId=conID: 1 locID: 102707698972426253 bcsId: 0,size=650]} | ret=FAILURE | org.apache.hadoop.hdds.scm.container.common.helpers.ContainerNotOpenException: Container 1 in CLOSING state
	at org.apache.hadoop.ozone.container.common.impl.HddsDispatcher.validateContainerCommand(HddsDispatcher.java:408)
	at org.apache.hadoop.ozone.container.common.transport.server.ratis.ContainerStateMachine.startTransaction(ContainerStateMachine.java:310) 
2019-08-30 19:58:53,513 [grpc-default-executor-6] INFO  client.GrpcClientProtocolClient (GrpcClientProtocolClient.java:onNext(255)) - client-60D41D326807->02b55be5-f766-42b8-b701-7d673475772a: receive RaftClientReply:client-60D41D326807->02b55be5-f766-42b8-b701-7d673475772a@group-A62C2177B50E, cid=193, FAILED org.apache.ratis.protocol.StateMachineException: org.apache.hadoop.hdds.scm.container.common.helpers.ContainerNotOpenException from Server 02b55be5-f766-42b8-b701-7d673475772a: Container 1 in CLOSING state, logIndex=0, commits[02b55be5-f766-42b8-b701-7d673475772a:c17, f263c918-4003-4dfb-a666-c73a676ec01c:c16, 2d422090-8abf-42f3-9732-1fabf469113c:c15]
2019-08-30 19:58:53,517 | ERROR | DNAudit | user=null | ip=null | op=WRITE_CHUNK {blockData=conID: 1 locID: 102707698972426253 bcsId: 13} | ret=FAILURE | org.apache.hadoop.hdds.scm.container.common.helpers.ContainerNotOpenException: Container 1 in CLOSING state
	at org.apache.hadoop.ozone.container.common.impl.HddsDispatcher.validateContainerCommand(HddsDispatcher.java:408)
	at org.apache.hadoop.ozone.container.common.transport.server.ratis.ContainerStateMachine.startTransaction(ContainerStateMachine.java:310) 
2019-08-30 19:58:53,521 [grpc-default-executor-6] INFO  client.GrpcClientProtocolClient (GrpcClientProtocolClient.java:onNext(255)) - client-60D41D326807->02b55be5-f766-42b8-b701-7d673475772a: receive RaftClientReply:client-60D41D326807->02b55be5-f766-42b8-b701-7d673475772a@group-A62C2177B50E, cid=194, FAILED org.apache.ratis.protocol.StateMachineException: org.apache.hadoop.hdds.scm.container.common.helpers.ContainerNotOpenException from Server 02b55be5-f766-42b8-b701-7d673475772a: Container 1 in CLOSING state, logIndex=0, commits[02b55be5-f766-42b8-b701-7d673475772a:c17, f263c918-4003-4dfb-a666-c73a676ec01c:c16, 2d422090-8abf-42f3-9732-1fabf469113c:c15]
2019-08-30 19:58:53,521 | ERROR | DNAudit | user=null | ip=null | op=WRITE_CHUNK {blockData=conID: 1 locID: 102707698972426253 bcsId: 13} | ret=FAILURE | org.apache.hadoop.hdds.scm.container.common.helpers.ContainerNotOpenException: Container 1 in CLOSING state
	at org.apache.hadoop.ozone.container.common.impl.HddsDispatcher.validateContainerCommand(HddsDispatcher.java:408)
	at org.apache.hadoop.ozone.container.common.transport.server.ratis.ContainerStateMachine.startTransaction(ContainerStateMachine.java:310) 
2019-08-30 19:58:53,525 [grpc-default-executor-6] INFO  client.GrpcClientProtocolClient (GrpcClientProtocolClient.java:onNext(255)) - client-60D41D326807->02b55be5-f766-42b8-b701-7d673475772a: receive RaftClientReply:client-60D41D326807->02b55be5-f766-42b8-b701-7d673475772a@group-A62C2177B50E, cid=195, FAILED org.apache.ratis.protocol.StateMachineException: org.apache.hadoop.hdds.scm.container.common.helpers.ContainerNotOpenException from Server 02b55be5-f766-42b8-b701-7d673475772a: Container 1 in CLOSING state, logIndex=0, commits[02b55be5-f766-42b8-b701-7d673475772a:c17, f263c918-4003-4dfb-a666-c73a676ec01c:c16, 2d422090-8abf-42f3-9732-1fabf469113c:c15]
2019-08-30 19:58:53,526 | ERROR | DNAudit | user=null | ip=null | op=PUT_BLOCK {blockData=[blockId=conID: 1 locID: 102707698972426253 bcsId: 0,size=800]} | ret=FAILURE | org.apache.hadoop.hdds.scm.container.common.helpers.ContainerNotOpenException: Container 1 in CLOSING state
	at org.apache.hadoop.ozone.container.common.impl.HddsDispatcher.validateContainerCommand(HddsDispatcher.java:408)
	at org.apache.hadoop.ozone.container.common.transport.server.ratis.ContainerStateMachine.startTransaction(ContainerStateMachine.java:310) 
2019-08-30 19:58:53,529 [grpc-default-executor-6] INFO  client.GrpcClientProtocolClient (GrpcClientProtocolClient.java:onNext(255)) - client-60D41D326807->02b55be5-f766-42b8-b701-7d673475772a: receive RaftClientReply:client-60D41D326807->02b55be5-f766-42b8-b701-7d673475772a@group-A62C2177B50E, cid=196, FAILED org.apache.ratis.protocol.StateMachineException: org.apache.hadoop.hdds.scm.container.common.helpers.ContainerNotOpenException from Server 02b55be5-f766-42b8-b701-7d673475772a: Container 1 in CLOSING state, logIndex=0, commits[02b55be5-f766-42b8-b701-7d673475772a:c17, f263c918-4003-4dfb-a666-c73a676ec01c:c16, 2d422090-8abf-42f3-9732-1fabf469113c:c15]
2019-08-30 19:58:53,530 | INFO  | SCMAudit | user=jenkins1000 | ip=192.168.5.161 | op=SEND_HEARTBEAT {datanodeUUID=527b2082-6919-40b0-be6c-4b03673bbbcf, command=[]} | ret=SUCCESS |  
2019-08-30 19:58:53,532 [grpc-default-executor-6] INFO  client.GrpcClientProtocolClient (GrpcClientProtocolClient.java:onNext(255)) - client-60D41D326807->02b55be5-f766-42b8-b701-7d673475772a: receive RaftClientReply:client-60D41D326807->02b55be5-f766-42b8-b701-7d673475772a@group-A62C2177B50E, cid=197, FAILED org.apache.ratis.protocol.StateMachineException: org.apache.hadoop.hdds.scm.container.common.helpers.ContainerNotOpenException from Server 02b55be5-f766-42b8-b701-7d673475772a: Container 1 in CLOSING state, logIndex=0, commits[02b55be5-f766-42b8-b701-7d673475772a:c17, f263c918-4003-4dfb-a666-c73a676ec01c:c16, 2d422090-8abf-42f3-9732-1fabf469113c:c15]
2019-08-30 19:58:53,579 | INFO  | SCMAudit | user=jenkins1000 | ip=192.168.5.161 | op=SEND_HEARTBEAT {datanodeUUID=42fa8907-0757-405a-9793-077a04797055, command=[]} | ret=SUCCESS |  
2019-08-30 19:58:53,579 | INFO  | SCMAudit | user=jenkins1000 | ip=192.168.5.161 | op=ALLOCATE_BLOCK {owner=9915c54e-af32-472b-a865-9cd93b8a061f, size=800, type=RATIS, factor=THREE} | ret=SUCCESS |  
2019-08-30 19:58:53,582 | INFO  | OMAudit | user=jenkins1000 | ip=127.0.0.1 | op=ALLOCATE_BLOCK {volume=testblockoutputstream, bucket=testblockoutputstream, key=fc81fc9b-5b38-40ef-9fc1-f467f20fca47, dataSize=800, replicationType=RATIS, replicationFactor=THREE, keyLocationInfo=[], clientID=102707698972622862} | ret=SUCCESS |  
2019-08-30 19:58:53,597 [grpc-default-executor-6] INFO  client.GrpcClientProtocolClient (GrpcClientProtocolClient.java:onNext(255)) - client-065C00B41595->0ad8d7ae-187f-46e3-a3e2-571100048e4e: receive RaftClientReply:client-065C00B41595->0ad8d7ae-187f-46e3-a3e2-571100048e4e@group-5F8DFC6EBF12, cid=198, FAILED org.apache.ratis.protocol.NotLeaderException: Server 0ad8d7ae-187f-46e3-a3e2-571100048e4e is not the leader (e5f88aa8-ed94-4632-9bac-96dc85ccdca1:192.168.5.161:34301). Request must be sent to leader., logIndex=0, commits[0ad8d7ae-187f-46e3-a3e2-571100048e4e:c0, 42fa8907-0757-405a-9793-077a04797055:c0, e5f88aa8-ed94-4632-9bac-96dc85ccdca1:c0]
2019-08-30 19:58:53,647 | INFO  | SCMAudit | user=jenkins1000 | ip=192.168.5.161 | op=SEND_HEARTBEAT {datanodeUUID=0ad8d7ae-187f-46e3-a3e2-571100048e4e, command=[]} | ret=SUCCESS |  
2019-08-30 19:58:54,016 | INFO  | SCMAudit | user=jenkins1000 | ip=192.168.5.161 | op=SEND_HEARTBEAT {datanodeUUID=02b55be5-f766-42b8-b701-7d673475772a, command=[]} | ret=SUCCESS |  
2019-08-30 19:58:54,017 | INFO  | SCMAudit | user=jenkins1000 | ip=192.168.5.161 | op=SEND_HEARTBEAT {datanodeUUID=f263c918-4003-4dfb-a666-c73a676ec01c, command=[]} | ret=SUCCESS |  
2019-08-30 19:58:54,545 | INFO  | SCMAudit | user=jenkins1000 | ip=192.168.5.161 | op=SEND_HEARTBEAT {datanodeUUID=527b2082-6919-40b0-be6c-4b03673bbbcf, command=[]} | ret=SUCCESS |  
2019-08-30 19:58:54,545 | INFO  | SCMAudit | user=jenkins1000 | ip=192.168.5.161 | op=SEND_HEARTBEAT {datanodeUUID=e5f88aa8-ed94-4632-9bac-96dc85ccdca1, command=[]} | ret=SUCCESS |  
2019-08-30 19:58:54,577 | INFO  | SCMAudit | user=jenkins1000 | ip=192.168.5.161 | op=SEND_HEARTBEAT {datanodeUUID=42fa8907-0757-405a-9793-077a04797055, command=[]} | ret=SUCCESS |  
2019-08-30 19:58:54,647 | INFO  | SCMAudit | user=jenkins1000 | ip=192.168.5.161 | op=SEND_HEARTBEAT {datanodeUUID=0ad8d7ae-187f-46e3-a3e2-571100048e4e, command=[]} | ret=SUCCESS |  
2019-08-30 19:58:55,015 | INFO  | SCMAudit | user=jenkins1000 | ip=192.168.5.161 | op=SEND_HEARTBEAT {datanodeUUID=f263c918-4003-4dfb-a666-c73a676ec01c, command=[]} | ret=SUCCESS |  
2019-08-30 19:58:55,016 | INFO  | SCMAudit | user=jenkins1000 | ip=192.168.5.161 | op=SEND_HEARTBEAT {datanodeUUID=02b55be5-f766-42b8-b701-7d673475772a, command=[]} | ret=SUCCESS |  
2019-08-30 19:58:55,503 | INFO  | SCMAudit | user=jenkins1000 | ip=192.168.5.161 | op=SEND_HEARTBEAT {datanodeUUID=e5f88aa8-ed94-4632-9bac-96dc85ccdca1, command=[]} | ret=SUCCESS |  
2019-08-30 19:58:55,528 | INFO  | SCMAudit | user=jenkins1000 | ip=192.168.5.161 | op=SEND_HEARTBEAT {datanodeUUID=527b2082-6919-40b0-be6c-4b03673bbbcf, command=[]} | ret=SUCCESS |  
2019-08-30 19:58:55,577 | INFO  | SCMAudit | user=jenkins1000 | ip=192.168.5.161 | op=SEND_HEARTBEAT {datanodeUUID=42fa8907-0757-405a-9793-077a04797055, command=[]} | ret=SUCCESS |  
2019-08-30 19:58:55,647 | INFO  | SCMAudit | user=jenkins1000 | ip=192.168.5.161 | op=SEND_HEARTBEAT {datanodeUUID=0ad8d7ae-187f-46e3-a3e2-571100048e4e, command=[]} | ret=SUCCESS |  
2019-08-30 19:58:55,724 | INFO  | DNAudit | user=null | ip=null | op=WRITE_CHUNK {blockData=conID: 2 locID: 102707700274233359 bcsId: 0} | ret=SUCCESS |  
2019-08-30 19:58:55,724 | INFO  | DNAudit | user=null | ip=null | op=WRITE_CHUNK {blockData=conID: 2 locID: 102707700274233359 bcsId: 0} | ret=SUCCESS |  
2019-08-30 19:58:55,724 | INFO  | SCMAudit | user=jenkins1000 | ip=192.168.5.161 | op=SEND_HEARTBEAT {datanodeUUID=e5f88aa8-ed94-4632-9bac-96dc85ccdca1, command=[]} | ret=SUCCESS |  
2019-08-30 19:58:55,724 | INFO  | SCMAudit | user=jenkins1000 | ip=192.168.5.161 | op=SEND_HEARTBEAT {datanodeUUID=0ad8d7ae-187f-46e3-a3e2-571100048e4e, command=[]} | ret=SUCCESS |  
2019-08-30 19:58:55,724 | INFO  | DNAudit | user=null | ip=null | op=WRITE_CHUNK {blockData=conID: 2 locID: 102707700274233359 bcsId: 0} | ret=SUCCESS |  
2019-08-30 19:58:55,724 | INFO  | SCMAudit | user=jenkins1000 | ip=192.168.5.161 | op=SEND_HEARTBEAT {datanodeUUID=42fa8907-0757-405a-9793-077a04797055, command=[]} | ret=SUCCESS |  
2019-08-30 19:58:55,728 | INFO  | DNAudit | user=null | ip=null | op=WRITE_CHUNK {blockData=conID: 2 locID: 102707700274233359 bcsId: 0} | ret=SUCCESS |  
2019-08-30 19:58:55,732 [grpc-default-executor-6] INFO  client.GrpcClientProtocolClient (GrpcClientProtocolClient.java:onNext(255)) - client-065C00B41595->e5f88aa8-ed94-4632-9bac-96dc85ccdca1: receive RaftClientReply:client-065C00B41595->e5f88aa8-ed94-4632-9bac-96dc85ccdca1@group-5F8DFC6EBF12, cid=198, SUCCESS, logIndex=1, commits[e5f88aa8-ed94-4632-9bac-96dc85ccdca1:c1, 42fa8907-0757-405a-9793-077a04797055:c0, 0ad8d7ae-187f-46e3-a3e2-571100048e4e:c0]
2019-08-30 19:58:55,733 | INFO  | DNAudit | user=null | ip=null | op=WRITE_CHUNK {blockData=conID: 2 locID: 102707700274233359 bcsId: 0} | ret=SUCCESS |  
2019-08-30 19:58:55,733 | INFO  | DNAudit | user=null | ip=null | op=WRITE_CHUNK {blockData=conID: 2 locID: 102707700274233359 bcsId: 0} | ret=SUCCESS |  
2019-08-30 19:58:55,736 | INFO  | DNAudit | user=null | ip=null | op=WRITE_CHUNK {blockData=conID: 2 locID: 102707700274233359 bcsId: 0} | ret=SUCCESS |  
2019-08-30 19:58:55,737 | INFO  | DNAudit | user=null | ip=null | op=WRITE_CHUNK {blockData=conID: 2 locID: 102707700274233359 bcsId: 0} | ret=SUCCESS |  
2019-08-30 19:58:55,738 | INFO  | DNAudit | user=null | ip=null | op=WRITE_CHUNK {blockData=conID: 2 locID: 102707700274233359 bcsId: 0} | ret=SUCCESS |  
2019-08-30 19:58:55,738 | INFO  | DNAudit | user=null | ip=null | op=WRITE_CHUNK {blockData=conID: 2 locID: 102707700274233359 bcsId: 0} | ret=SUCCESS |  
2019-08-30 19:58:55,738 | INFO  | DNAudit | user=null | ip=null | op=WRITE_CHUNK {blockData=conID: 2 locID: 102707700274233359 bcsId: 0} | ret=SUCCESS |  
2019-08-30 19:58:55,738 | INFO  | DNAudit | user=null | ip=null | op=WRITE_CHUNK {blockData=conID: 2 locID: 102707700274233359 bcsId: 0} | ret=SUCCESS |  
2019-08-30 19:58:55,738 | INFO  | DNAudit | user=null | ip=null | op=WRITE_CHUNK {blockData=conID: 2 locID: 102707700274233359 bcsId: 0} | ret=SUCCESS |  
2019-08-30 19:58:55,738 | INFO  | DNAudit | user=null | ip=null | op=WRITE_CHUNK {blockData=conID: 2 locID: 102707700274233359 bcsId: 0} | ret=SUCCESS |  
2019-08-30 19:58:55,739 | INFO  | DNAudit | user=null | ip=null | op=WRITE_CHUNK {blockData=conID: 2 locID: 102707700274233359 bcsId: 0} | ret=SUCCESS |  
2019-08-30 19:58:55,740 | INFO  | DNAudit | user=null | ip=null | op=WRITE_CHUNK {blockData=conID: 2 locID: 102707700274233359 bcsId: 0} | ret=SUCCESS |  
2019-08-30 19:58:55,746 [grpc-default-executor-8] INFO  client.GrpcClientProtocolClient (GrpcClientProtocolClient.java:onNext(255)) - client-065C00B41595->e5f88aa8-ed94-4632-9bac-96dc85ccdca1: receive RaftClientReply:client-065C00B41595->e5f88aa8-ed94-4632-9bac-96dc85ccdca1@group-5F8DFC6EBF12, cid=199, SUCCESS, logIndex=3, commits[e5f88aa8-ed94-4632-9bac-96dc85ccdca1:c4, 42fa8907-0757-405a-9793-077a04797055:c2, 0ad8d7ae-187f-46e3-a3e2-571100048e4e:c2]
2019-08-30 19:58:55,747 | INFO  | DNAudit | user=null | ip=null | op=WRITE_CHUNK {blockData=conID: 2 locID: 102707700274233359 bcsId: 0} | ret=SUCCESS |  
2019-08-30 19:58:55,750 | INFO  | DNAudit | user=null | ip=null | op=WRITE_CHUNK {blockData=conID: 2 locID: 102707700274233359 bcsId: 0} | ret=SUCCESS |  
2019-08-30 19:58:55,765 | INFO  | DNAudit | user=null | ip=null | op=PUT_BLOCK {blockData=[blockId=conID: 2 locID: 102707700274233359 bcsId: 0,size=200]} | ret=SUCCESS |  
2019-08-30 19:58:55,766 | INFO  | DNAudit | user=null | ip=null | op=WRITE_CHUNK {blockData=conID: 2 locID: 102707700274233359 bcsId: 0} | ret=SUCCESS |  
2019-08-30 19:58:55,766 | INFO  | DNAudit | user=null | ip=null | op=WRITE_CHUNK {blockData=conID: 2 locID: 102707700274233359 bcsId: 0} | ret=SUCCESS |  
2019-08-30 19:58:55,766 [grpc-default-executor-7] INFO  client.GrpcClientProtocolClient (GrpcClientProtocolClient.java:onNext(255)) - client-065C00B41595->e5f88aa8-ed94-4632-9bac-96dc85ccdca1: receive RaftClientReply:client-065C00B41595->e5f88aa8-ed94-4632-9bac-96dc85ccdca1@group-5F8DFC6EBF12, cid=200, SUCCESS, logIndex=4, commits[e5f88aa8-ed94-4632-9bac-96dc85ccdca1:c12, 42fa8907-0757-405a-9793-077a04797055:c7, 0ad8d7ae-187f-46e3-a3e2-571100048e4e:c7]
2019-08-30 19:58:55,767 [grpc-default-executor-7] INFO  client.GrpcClientProtocolClient (GrpcClientProtocolClient.java:onNext(255)) - client-065C00B41595->e5f88aa8-ed94-4632-9bac-96dc85ccdca1: receive RaftClientReply:client-065C00B41595->e5f88aa8-ed94-4632-9bac-96dc85ccdca1@group-5F8DFC6EBF12, cid=201, SUCCESS, logIndex=5, commits[e5f88aa8-ed94-4632-9bac-96dc85ccdca1:c12, 42fa8907-0757-405a-9793-077a04797055:c7, 0ad8d7ae-187f-46e3-a3e2-571100048e4e:c7]
2019-08-30 19:58:55,768 [grpc-default-executor-7] INFO  client.GrpcClientProtocolClient (GrpcClientProtocolClient.java:onNext(255)) - client-065C00B41595->e5f88aa8-ed94-4632-9bac-96dc85ccdca1: receive RaftClientReply:client-065C00B41595->e5f88aa8-ed94-4632-9bac-96dc85ccdca1@group-5F8DFC6EBF12, cid=202, SUCCESS, logIndex=6, commits[e5f88aa8-ed94-4632-9bac-96dc85ccdca1:c12, 42fa8907-0757-405a-9793-077a04797055:c7, 0ad8d7ae-187f-46e3-a3e2-571100048e4e:c7]
2019-08-30 19:58:55,769 [grpc-default-executor-2] WARN  server.GrpcLogAppender (LogUtils.java:warn(134)) - 02b55be5-f766-42b8-b701-7d673475772a->2d422090-8abf-42f3-9732-1fabf469113c: Failed appendEntries: org.apache.ratis.thirdparty.io.grpc.StatusRuntimeException: UNAVAILABLE: io exception
2019-08-30 19:58:55,769 [grpc-default-executor-2] INFO  impl.FollowerInfo (FollowerInfo.java:lambda$new$0(50)) - 02b55be5-f766-42b8-b701-7d673475772a->2d422090-8abf-42f3-9732-1fabf469113c: nextIndex: updateUnconditionally 1 -> 0
2019-08-30 19:58:55,782 | INFO  | DNAudit | user=null | ip=null | op=PUT_BLOCK {blockData=[blockId=conID: 2 locID: 102707700274233359 bcsId: 0,size=200]} | ret=SUCCESS |  
2019-08-30 19:58:55,782 | INFO  | DNAudit | user=null | ip=null | op=WRITE_CHUNK {blockData=conID: 2 locID: 102707700274233359 bcsId: 0} | ret=SUCCESS |  
2019-08-30 19:58:55,783 | INFO  | DNAudit | user=null | ip=null | op=WRITE_CHUNK {blockData=conID: 2 locID: 102707700274233359 bcsId: 0} | ret=SUCCESS |  
2019-08-30 19:58:55,796 | INFO  | DNAudit | user=null | ip=null | op=PUT_BLOCK {blockData=[blockId=conID: 2 locID: 102707700274233359 bcsId: 0,size=400]} | ret=SUCCESS |  
2019-08-30 19:58:55,796 | INFO  | DNAudit | user=null | ip=null | op=PUT_BLOCK {blockData=[blockId=conID: 2 locID: 102707700274233359 bcsId: 0,size=400]} | ret=SUCCESS |  
2019-08-30 19:58:55,796 | INFO  | DNAudit | user=null | ip=null | op=PUT_BLOCK {blockData=[blockId=conID: 2 locID: 102707700274233359 bcsId: 0,size=200]} | ret=SUCCESS |  
2019-08-30 19:58:55,796 | INFO  | DNAudit | user=null | ip=null | op=WRITE_CHUNK {blockData=conID: 2 locID: 102707700274233359 bcsId: 0} | ret=SUCCESS |  
2019-08-30 19:58:55,797 | INFO  | DNAudit | user=null | ip=null | op=WRITE_CHUNK {blockData=conID: 2 locID: 102707700274233359 bcsId: 0} | ret=SUCCESS |  
2019-08-30 19:58:55,797 [grpc-default-executor-2] INFO  client.GrpcClientProtocolClient (GrpcClientProtocolClient.java:onNext(255)) - client-065C00B41595->e5f88aa8-ed94-4632-9bac-96dc85ccdca1: receive RaftClientReply:client-065C00B41595->e5f88aa8-ed94-4632-9bac-96dc85ccdca1@group-5F8DFC6EBF12, cid=203, SUCCESS, logIndex=7, commits[e5f88aa8-ed94-4632-9bac-96dc85ccdca1:c12, 42fa8907-0757-405a-9793-077a04797055:c7, 0ad8d7ae-187f-46e3-a3e2-571100048e4e:c7]
2019-08-30 19:58:55,797 | INFO  | DNAudit | user=null | ip=null | op=PUT_BLOCK {blockData=[blockId=conID: 2 locID: 102707700274233359 bcsId: 0,size=400]} | ret=SUCCESS |  
2019-08-30 19:58:55,799 | INFO  | DNAudit | user=null | ip=null | op=WRITE_CHUNK {blockData=conID: 2 locID: 102707700274233359 bcsId: 7} | ret=SUCCESS |  
2019-08-30 19:58:55,800 | INFO  | DNAudit | user=null | ip=null | op=WRITE_CHUNK {blockData=conID: 2 locID: 102707700274233359 bcsId: 7} | ret=SUCCESS |  
2019-08-30 19:58:55,800 | INFO  | DNAudit | user=null | ip=null | op=WRITE_CHUNK {blockData=conID: 2 locID: 102707700274233359 bcsId: 7} | ret=SUCCESS |  
2019-08-30 19:58:55,812 | INFO  | DNAudit | user=null | ip=null | op=WRITE_CHUNK {blockData=conID: 2 locID: 102707700274233359 bcsId: 7} | ret=SUCCESS |  
2019-08-30 19:58:55,812 | INFO  | DNAudit | user=null | ip=null | op=PUT_BLOCK {blockData=[blockId=conID: 2 locID: 102707700274233359 bcsId: 0,size=450]} | ret=SUCCESS |  
2019-08-30 19:58:55,813 [grpc-default-executor-8] INFO  client.GrpcClientProtocolClient (GrpcClientProtocolClient.java:onNext(255)) - client-065C00B41595->e5f88aa8-ed94-4632-9bac-96dc85ccdca1: receive RaftClientReply:client-065C00B41595->e5f88aa8-ed94-4632-9bac-96dc85ccdca1@group-5F8DFC6EBF12, cid=204, SUCCESS, logIndex=13, commits[e5f88aa8-ed94-4632-9bac-96dc85ccdca1:c14, 42fa8907-0757-405a-9793-077a04797055:c12, 0ad8d7ae-187f-46e3-a3e2-571100048e4e:c12]
2019-08-30 19:58:55,813 [grpc-default-executor-8] INFO  client.GrpcClientProtocolClient (GrpcClientProtocolClient.java:onNext(255)) - client-065C00B41595->e5f88aa8-ed94-4632-9bac-96dc85ccdca1: receive RaftClientReply:client-065C00B41595->e5f88aa8-ed94-4632-9bac-96dc85ccdca1@group-5F8DFC6EBF12, cid=205, SUCCESS, logIndex=14, commits[e5f88aa8-ed94-4632-9bac-96dc85ccdca1:c14, 42fa8907-0757-405a-9793-077a04797055:c12, 0ad8d7ae-187f-46e3-a3e2-571100048e4e:c12]
2019-08-30 19:58:55,816 | INFO  | DNAudit | user=null | ip=null | op=WRITE_CHUNK {blockData=conID: 2 locID: 102707700274233359 bcsId: 7} | ret=SUCCESS |  
2019-08-30 19:58:55,817 | INFO  | DNAudit | user=null | ip=null | op=WRITE_CHUNK {blockData=conID: 2 locID: 102707700274233359 bcsId: 7} | ret=SUCCESS |  
2019-08-30 19:58:55,819 | INFO  | DNAudit | user=null | ip=null | op=PUT_BLOCK {blockData=[blockId=conID: 2 locID: 102707700274233359 bcsId: 0,size=450]} | ret=SUCCESS |  
2019-08-30 19:58:55,819 | INFO  | DNAudit | user=null | ip=null | op=PUT_BLOCK {blockData=[blockId=conID: 2 locID: 102707700274233359 bcsId: 0,size=450]} | ret=SUCCESS |  
2019-08-30 19:58:55,820 [grpc-default-executor-8] INFO  client.GrpcClientProtocolClient (GrpcClientProtocolClient.java:onNext(255)) - client-065C00B41595->e5f88aa8-ed94-4632-9bac-96dc85ccdca1: receive RaftClientReply:client-065C00B41595->e5f88aa8-ed94-4632-9bac-96dc85ccdca1@group-5F8DFC6EBF12, cid=206, SUCCESS, logIndex=0, commits[e5f88aa8-ed94-4632-9bac-96dc85ccdca1:c15, 42fa8907-0757-405a-9793-077a04797055:c14, 0ad8d7ae-187f-46e3-a3e2-571100048e4e:c14]
2019-08-30 19:58:55,820 [main] INFO  ozone.MiniOzoneClusterImpl (MiniOzoneClusterImpl.java:shutdown(307)) - Shutting down the Mini Ozone Cluster
2019-08-30 19:58:55,821 | INFO  | SCMAudit | user=null | ip=null | op=GET_SCM_INFO null | ret=SUCCESS |  
2019-08-30 19:58:55,821 [main] INFO  ozone.MiniOzoneClusterImpl (MiniOzoneClusterImpl.java:stop(322)) - Stopping the Mini Ozone Cluster
2019-08-30 19:58:55,821 [main] INFO  ozone.MiniOzoneClusterImpl (MiniOzoneClusterImpl.java:stop(324)) - Stopping the OzoneManager
2019-08-30 19:58:55,821 [main] INFO  ipc.Server (Server.java:stop(3082)) - Stopping server on 35946
2019-08-30 19:58:55,830 [IPC Server listener on 35946] INFO  ipc.Server (Server.java:run(1185)) - Stopping IPC Server listener on 35946
2019-08-30 19:58:55,831 [IPC Server Responder] INFO  ipc.Server (Server.java:run(1319)) - Stopping IPC Server Responder
2019-08-30 19:58:55,831 [main] INFO  ratis.OzoneManagerDoubleBuffer (OzoneManagerDoubleBuffer.java:stop(248)) - Stopping OMDoubleBuffer flush thread
2019-08-30 19:58:55,839 [OMDoubleBufferFlushThread] INFO  ratis.OzoneManagerDoubleBuffer (OzoneManagerDoubleBuffer.java:flushTransactions(191)) - OMDoubleBuffer flush thread OMDoubleBufferFlushThread is interrupted and will exit. OMDoubleBufferFlushThread
2019-08-30 19:58:55,839 [main] INFO  utils.BackgroundService (BackgroundService.java:shutdown(148)) - Shutting down service KeyDeletingService
2019-08-30 19:58:55,840 [main] INFO  handler.ContextHandler (ContextHandler.java:doStop(910)) - Stopped o.e.j.w.WebAppContext@29c53c4f{/,null,UNAVAILABLE}{/ozoneManager}
2019-08-30 19:58:55,841 [main] INFO  server.AbstractConnector (AbstractConnector.java:doStop(318)) - Stopped ServerConnector@3009eed7{HTTP/1.1,[http/1.1]}{0.0.0.0:0}
2019-08-30 19:58:55,841 [main] INFO  handler.ContextHandler (ContextHandler.java:doStop(910)) - Stopped o.e.j.s.ServletContextHandler@234cd86c{/static,file:///workdir/hadoop-ozone/integration-test/target/test-classes/webapps/static,UNAVAILABLE}
2019-08-30 19:58:55,841 [main] INFO  handler.ContextHandler (ContextHandler.java:doStop(910)) - Stopped o.e.j.s.ServletContextHandler@743c3520{/logs,file:///workdir/hadoop-ozone/integration-test/target/log,UNAVAILABLE}
2019-08-30 19:58:55,843 [main] INFO  ozone.MiniOzoneClusterImpl (MiniOzoneClusterImpl.java:stop(330)) - Shutting the HddsDatanodes
2019-08-30 19:58:56,016 | INFO  | SCMAudit | user=jenkins1000 | ip=192.168.5.161 | op=SEND_HEARTBEAT {datanodeUUID=02b55be5-f766-42b8-b701-7d673475772a, command=[]} | ret=SUCCESS |  
2019-08-30 19:58:56,016 [Datanode State Machine Thread - 0] INFO  statemachine.DatanodeStateMachine (DatanodeStateMachine.java:lambda$startDaemon$0(350)) - Ozone container server started.
2019-08-30 19:58:56,528 [Datanode State Machine Thread - 0] INFO  statemachine.DatanodeStateMachine (DatanodeStateMachine.java:lambda$startDaemon$0(350)) - Ozone container server started.
2019-08-30 19:58:56,723 | INFO  | SCMAudit | user=jenkins1000 | ip=192.168.5.161 | op=SEND_HEARTBEAT {datanodeUUID=e5f88aa8-ed94-4632-9bac-96dc85ccdca1, command=[]} | ret=SUCCESS |  
2019-08-30 19:58:56,723 | INFO  | SCMAudit | user=jenkins1000 | ip=192.168.5.161 | op=SEND_HEARTBEAT {datanodeUUID=0ad8d7ae-187f-46e3-a3e2-571100048e4e, command=[]} | ret=SUCCESS |  
2019-08-30 19:58:56,723 | INFO  | SCMAudit | user=jenkins1000 | ip=192.168.5.161 | op=SEND_HEARTBEAT {datanodeUUID=42fa8907-0757-405a-9793-077a04797055, command=[]} | ret=SUCCESS |  
2019-08-30 19:58:57,016 | INFO  | SCMAudit | user=jenkins1000 | ip=192.168.5.161 | op=SEND_HEARTBEAT {datanodeUUID=02b55be5-f766-42b8-b701-7d673475772a, command=[]} | ret=SUCCESS |  
2019-08-30 19:58:57,723 | INFO  | SCMAudit | user=jenkins1000 | ip=192.168.5.161 | op=SEND_HEARTBEAT {datanodeUUID=e5f88aa8-ed94-4632-9bac-96dc85ccdca1, command=[]} | ret=SUCCESS |  
2019-08-30 19:58:57,723 | INFO  | SCMAudit | user=jenkins1000 | ip=192.168.5.161 | op=SEND_HEARTBEAT {datanodeUUID=42fa8907-0757-405a-9793-077a04797055, command=[]} | ret=SUCCESS |  
2019-08-30 19:58:57,724 | INFO  | SCMAudit | user=jenkins1000 | ip=192.168.5.161 | op=SEND_HEARTBEAT {datanodeUUID=0ad8d7ae-187f-46e3-a3e2-571100048e4e, command=[]} | ret=SUCCESS |  
2019-08-30 19:58:58,016 | INFO  | SCMAudit | user=jenkins1000 | ip=192.168.5.161 | op=SEND_HEARTBEAT {datanodeUUID=02b55be5-f766-42b8-b701-7d673475772a, command=[]} | ret=SUCCESS |  
2019-08-30 19:58:58,274 [grpc-default-executor-6] WARN  server.GrpcLogAppender (LogUtils.java:warn(134)) - 02b55be5-f766-42b8-b701-7d673475772a->2d422090-8abf-42f3-9732-1fabf469113c: Failed appendEntries: org.apache.ratis.thirdparty.io.grpc.StatusRuntimeException: UNAVAILABLE: io exception
2019-08-30 19:58:58,274 [grpc-default-executor-6] INFO  impl.FollowerInfo (FollowerInfo.java:lambda$new$0(50)) - 02b55be5-f766-42b8-b701-7d673475772a->2d422090-8abf-42f3-9732-1fabf469113c: nextIndex: updateUnconditionally 0 -> 0
2019-08-30 19:58:58,723 | INFO  | SCMAudit | user=jenkins1000 | ip=192.168.5.161 | op=SEND_HEARTBEAT {datanodeUUID=0ad8d7ae-187f-46e3-a3e2-571100048e4e, command=[]} | ret=SUCCESS |  
2019-08-30 19:58:58,723 | INFO  | SCMAudit | user=jenkins1000 | ip=192.168.5.161 | op=SEND_HEARTBEAT {datanodeUUID=e5f88aa8-ed94-4632-9bac-96dc85ccdca1, command=[]} | ret=SUCCESS |  
2019-08-30 19:58:58,723 | INFO  | SCMAudit | user=jenkins1000 | ip=192.168.5.161 | op=SEND_HEARTBEAT {datanodeUUID=42fa8907-0757-405a-9793-077a04797055, command=[]} | ret=SUCCESS |  
2019-08-30 19:58:59,016 | INFO  | SCMAudit | user=jenkins1000 | ip=192.168.5.161 | op=SEND_HEARTBEAT {datanodeUUID=02b55be5-f766-42b8-b701-7d673475772a, command=[]} | ret=SUCCESS |  
2019-08-30 19:58:59,723 | INFO  | SCMAudit | user=jenkins1000 | ip=192.168.5.161 | op=SEND_HEARTBEAT {datanodeUUID=42fa8907-0757-405a-9793-077a04797055, command=[]} | ret=SUCCESS |  
2019-08-30 19:58:59,723 | INFO  | SCMAudit | user=jenkins1000 | ip=192.168.5.161 | op=SEND_HEARTBEAT {datanodeUUID=e5f88aa8-ed94-4632-9bac-96dc85ccdca1, command=[]} | ret=SUCCESS |  
2019-08-30 19:58:59,724 | INFO  | SCMAudit | user=jenkins1000 | ip=192.168.5.161 | op=SEND_HEARTBEAT {datanodeUUID=0ad8d7ae-187f-46e3-a3e2-571100048e4e, command=[]} | ret=SUCCESS |  
2019-08-30 19:59:00,016 | INFO  | SCMAudit | user=jenkins1000 | ip=192.168.5.161 | op=SEND_HEARTBEAT {datanodeUUID=02b55be5-f766-42b8-b701-7d673475772a, command=[]} | ret=SUCCESS |  
2019-08-30 19:59:00,017 [EventQueue-StaleNodeForStaleNodeHandler] INFO  node.StaleNodeHandler (StaleNodeHandler.java:onMessage(58)) - Datanode f263c918-4003-4dfb-a666-c73a676ec01c{ip: 192.168.5.161, host: pr-hdds-1909-j96cs-3378088753, networkLocation: /default-rack, certSerialId: null} moved to stale state. Finalizing its pipelines [PipelineID=8cda7058-cfc1-4b24-817a-cf12c458aa64, PipelineID=8720d2a6-2fa3-407d-ac22-a62c2177b50e]
2019-08-30 19:59:00,018 [EventQueue-StaleNodeForStaleNodeHandler] INFO  pipeline.SCMPipelineManager (SCMPipelineManager.java:finalizeAndDestroyPipeline(309)) - destroying pipeline:Pipeline[ Id: 8cda7058-cfc1-4b24-817a-cf12c458aa64, Nodes: f263c918-4003-4dfb-a666-c73a676ec01c{ip: 192.168.5.161, host: pr-hdds-1909-j96cs-3378088753, networkLocation: /default-rack, certSerialId: null}, Type:RATIS, Factor:ONE, State:OPEN]
2019-08-30 19:59:00,018 [EventQueue-StaleNodeForStaleNodeHandler] INFO  pipeline.PipelineStateManager (PipelineStateManager.java:finalizePipeline(123)) - Pipeline Pipeline[ Id: 8cda7058-cfc1-4b24-817a-cf12c458aa64, Nodes: f263c918-4003-4dfb-a666-c73a676ec01c{ip: 192.168.5.161, host: pr-hdds-1909-j96cs-3378088753, networkLocation: /default-rack, certSerialId: null}, Type:RATIS, Factor:ONE, State:CLOSED] moved to CLOSED state
2019-08-30 19:59:00,018 [EventQueue-StaleNodeForStaleNodeHandler] INFO  pipeline.SCMPipelineManager (SCMPipelineManager.java:finalizeAndDestroyPipeline(309)) - destroying pipeline:Pipeline[ Id: 8720d2a6-2fa3-407d-ac22-a62c2177b50e, Nodes: 2d422090-8abf-42f3-9732-1fabf469113c{ip: 192.168.5.161, host: pr-hdds-1909-j96cs-3378088753, networkLocation: /default-rack, certSerialId: null}02b55be5-f766-42b8-b701-7d673475772a{ip: 192.168.5.161, host: pr-hdds-1909-j96cs-3378088753, networkLocation: /default-rack, certSerialId: null}f263c918-4003-4dfb-a666-c73a676ec01c{ip: 192.168.5.161, host: pr-hdds-1909-j96cs-3378088753, networkLocation: /default-rack, certSerialId: null}, Type:RATIS, Factor:THREE, State:CLOSED]
2019-08-30 19:59:00,618 [EventQueue-StaleNodeForStaleNodeHandler] INFO  node.StaleNodeHandler (StaleNodeHandler.java:onMessage(58)) - Datanode 527b2082-6919-40b0-be6c-4b03673bbbcf{ip: 192.168.5.161, host: pr-hdds-1909-j96cs-3378088753, networkLocation: /default-rack, certSerialId: null} moved to stale state. Finalizing its pipelines [PipelineID=e9c2ef26-70ce-4544-8aa2-df474072982b]
2019-08-30 19:59:00,618 [EventQueue-StaleNodeForStaleNodeHandler] INFO  pipeline.SCMPipelineManager (SCMPipelineManager.java:finalizeAndDestroyPipeline(309)) - destroying pipeline:Pipeline[ Id: e9c2ef26-70ce-4544-8aa2-df474072982b, Nodes: 527b2082-6919-40b0-be6c-4b03673bbbcf{ip: 192.168.5.161, host: pr-hdds-1909-j96cs-3378088753, networkLocation: /default-rack, certSerialId: null}, Type:RATIS, Factor:ONE, State:OPEN]
2019-08-30 19:59:00,619 [EventQueue-StaleNodeForStaleNodeHandler] INFO  pipeline.PipelineStateManager (PipelineStateManager.java:finalizePipeline(123)) - Pipeline Pipeline[ Id: e9c2ef26-70ce-4544-8aa2-df474072982b, Nodes: 527b2082-6919-40b0-be6c-4b03673bbbcf{ip: 192.168.5.161, host: pr-hdds-1909-j96cs-3378088753, networkLocation: /default-rack, certSerialId: null}, Type:RATIS, Factor:ONE, State:CLOSED] moved to CLOSED state
2019-08-30 19:59:00,723 | INFO  | SCMAudit | user=jenkins1000 | ip=192.168.5.161 | op=SEND_HEARTBEAT {datanodeUUID=e5f88aa8-ed94-4632-9bac-96dc85ccdca1, command=[]} | ret=SUCCESS |  
2019-08-30 19:59:00,723 | INFO  | SCMAudit | user=jenkins1000 | ip=192.168.5.161 | op=SEND_HEARTBEAT {datanodeUUID=0ad8d7ae-187f-46e3-a3e2-571100048e4e, command=[]} | ret=SUCCESS |  
2019-08-30 19:59:00,724 | INFO  | SCMAudit | user=jenkins1000 | ip=192.168.5.161 | op=SEND_HEARTBEAT {datanodeUUID=42fa8907-0757-405a-9793-077a04797055, command=[]} | ret=SUCCESS |  
2019-08-30 19:59:00,771 [grpc-default-executor-2] WARN  server.GrpcLogAppender (LogUtils.java:warn(134)) - 02b55be5-f766-42b8-b701-7d673475772a->2d422090-8abf-42f3-9732-1fabf469113c: Failed appendEntries: org.apache.ratis.thirdparty.io.grpc.StatusRuntimeException: UNAVAILABLE: io exception
2019-08-30 19:59:00,771 [grpc-default-executor-2] INFO  impl.FollowerInfo (FollowerInfo.java:lambda$new$0(50)) - 02b55be5-f766-42b8-b701-7d673475772a->2d422090-8abf-42f3-9732-1fabf469113c: nextIndex: updateUnconditionally 0 -> 0
2019-08-30 19:59:00,845 [ForkJoinPool.commonPool-worker-1] INFO  ozoneimpl.OzoneContainer (OzoneContainer.java:stop(215)) - Attempting to stop container services.
2019-08-30 19:59:00,845 [main] INFO  ozoneimpl.OzoneContainer (OzoneContainer.java:stop(215)) - Attempting to stop container services.
2019-08-30 19:59:00,845 [ForkJoinPool.commonPool-worker-1] INFO  impl.RaftServerProxy (RaftServerProxy.java:lambda$close$4(314)) - f263c918-4003-4dfb-a666-c73a676ec01c: close
2019-08-30 19:59:00,851 [main] INFO  impl.RaftServerProxy (RaftServerProxy.java:lambda$close$4(314)) - 527b2082-6919-40b0-be6c-4b03673bbbcf: close
2019-08-30 19:59:00,851 [ForkJoinPool.commonPool-worker-1] INFO  impl.RaftServerImpl (RaftServerImpl.java:lambda$shutdown$3(245)) - f263c918-4003-4dfb-a666-c73a676ec01c: shutdown group-CF12C458AA64
2019-08-30 19:59:00,852 [main] INFO  impl.RaftServerImpl (RaftServerImpl.java:lambda$shutdown$3(245)) - 527b2082-6919-40b0-be6c-4b03673bbbcf: shutdown group-DF474072982B
2019-08-30 19:59:00,852 [ForkJoinPool.commonPool-worker-1] INFO  util.JmxRegister (JmxRegister.java:unregister(73)) - Successfully un-registered JMX Bean with object name Ratis:service=RaftServer,group=group-CF12C458AA64,id=f263c918-4003-4dfb-a666-c73a676ec01c
2019-08-30 19:59:00,853 [main] INFO  util.JmxRegister (JmxRegister.java:unregister(73)) - Successfully un-registered JMX Bean with object name Ratis:service=RaftServer,group=group-DF474072982B,id=527b2082-6919-40b0-be6c-4b03673bbbcf
2019-08-30 19:59:00,853 [ForkJoinPool.commonPool-worker-1] INFO  impl.RoleInfo (RoleInfo.java:shutdownLeaderState(104)) - f263c918-4003-4dfb-a666-c73a676ec01c: shutdown LeaderState
2019-08-30 19:59:00,854 [main] INFO  impl.RoleInfo (RoleInfo.java:shutdownLeaderState(104)) - 527b2082-6919-40b0-be6c-4b03673bbbcf: shutdown LeaderState
2019-08-30 19:59:00,854 [ForkJoinPool.commonPool-worker-1] INFO  impl.PendingRequests (PendingRequests.java:sendNotLeaderResponses(202)) - f263c918-4003-4dfb-a666-c73a676ec01c-PendingRequests: sendNotLeaderResponses
2019-08-30 19:59:00,855 [main] INFO  impl.PendingRequests (PendingRequests.java:sendNotLeaderResponses(202)) - 527b2082-6919-40b0-be6c-4b03673bbbcf-PendingRequests: sendNotLeaderResponses
2019-08-30 19:59:00,855 [ForkJoinPool.commonPool-worker-1] INFO  impl.StateMachineUpdater (StateMachineUpdater.java:stopAndJoin(115)) - StateMachineUpdater:f263c918-4003-4dfb-a666-c73a676ec01c:group-CF12C458AA64: set stopIndex = 0
2019-08-30 19:59:00,856 [main] INFO  impl.StateMachineUpdater (StateMachineUpdater.java:stopAndJoin(115)) - StateMachineUpdater:527b2082-6919-40b0-be6c-4b03673bbbcf:group-DF474072982B: set stopIndex = 0
2019-08-30 19:59:00,856 [ForkJoinPool.commonPool-worker-1] INFO  impl.RaftServerImpl (ServerState.java:close(394)) - f263c918-4003-4dfb-a666-c73a676ec01c:group-CF12C458AA64 closes. The last applied log index is 0
2019-08-30 19:59:00,856 [main] INFO  impl.RaftServerImpl (ServerState.java:close(394)) - 527b2082-6919-40b0-be6c-4b03673bbbcf:group-DF474072982B closes. The last applied log index is 0
2019-08-30 19:59:00,857 [f263c918-4003-4dfb-a666-c73a676ec01c-SegmentedRaftLogWorker:Storage Directory /workdir/hadoop-ozone/integration-test/target/test-dir/MiniOzoneClusterImpl-0ce34326-890c-4745-9fb2-859a42e91411/datanode-1/data/ratis/8cda7058-cfc1-4b24-817a-cf12c458aa64] INFO  segmented.SegmentedRaftLogWorker (SegmentedRaftLogWorker.java:run(313)) - f263c918-4003-4dfb-a666-c73a676ec01c-SegmentedRaftLogWorker:Storage Directory /workdir/hadoop-ozone/integration-test/target/test-dir/MiniOzoneClusterImpl-0ce34326-890c-4745-9fb2-859a42e91411/datanode-1/data/ratis/8cda7058-cfc1-4b24-817a-cf12c458aa64 was interrupted, exiting. There are 0 tasks remaining in the queue.
2019-08-30 19:59:00,860 [527b2082-6919-40b0-be6c-4b03673bbbcf-SegmentedRaftLogWorker:Storage Directory /workdir/hadoop-ozone/integration-test/target/test-dir/MiniOzoneClusterImpl-0ce34326-890c-4745-9fb2-859a42e91411/datanode-4/data/ratis/e9c2ef26-70ce-4544-8aa2-df474072982b] INFO  segmented.SegmentedRaftLogWorker (SegmentedRaftLogWorker.java:run(313)) - 527b2082-6919-40b0-be6c-4b03673bbbcf-SegmentedRaftLogWorker:Storage Directory /workdir/hadoop-ozone/integration-test/target/test-dir/MiniOzoneClusterImpl-0ce34326-890c-4745-9fb2-859a42e91411/datanode-4/data/ratis/e9c2ef26-70ce-4544-8aa2-df474072982b was interrupted, exiting. There are 0 tasks remaining in the queue.
2019-08-30 19:59:00,860 [ForkJoinPool.commonPool-worker-1] INFO  segmented.SegmentedRaftLogWorker (SegmentedRaftLogWorker.java:close(228)) - f263c918-4003-4dfb-a666-c73a676ec01c-SegmentedRaftLogWorker:Storage Directory /workdir/hadoop-ozone/integration-test/target/test-dir/MiniOzoneClusterImpl-0ce34326-890c-4745-9fb2-859a42e91411/datanode-1/data/ratis/8cda7058-cfc1-4b24-817a-cf12c458aa64 close()
2019-08-30 19:59:00,867 [ForkJoinPool.commonPool-worker-1] INFO  impl.RaftServerImpl (RaftServerImpl.java:lambda$shutdown$3(245)) - f263c918-4003-4dfb-a666-c73a676ec01c: shutdown group-A62C2177B50E
2019-08-30 19:59:00,867 [ForkJoinPool.commonPool-worker-1] INFO  util.JmxRegister (JmxRegister.java:unregister(73)) - Successfully un-registered JMX Bean with object name Ratis:service=RaftServer,group=group-A62C2177B50E,id=f263c918-4003-4dfb-a666-c73a676ec01c
2019-08-30 19:59:00,867 [ForkJoinPool.commonPool-worker-1] INFO  impl.RoleInfo (RoleInfo.java:shutdownFollowerState(121)) - f263c918-4003-4dfb-a666-c73a676ec01c: shutdown FollowerState
2019-08-30 19:59:00,868 [ForkJoinPool.commonPool-worker-1] INFO  impl.StateMachineUpdater (StateMachineUpdater.java:stopAndJoin(115)) - StateMachineUpdater:f263c918-4003-4dfb-a666-c73a676ec01c:group-A62C2177B50E: set stopIndex = 17
2019-08-30 19:59:00,868 [Thread-3726] INFO  impl.FollowerState (FollowerState.java:run(114)) - f263c918-4003-4dfb-a666-c73a676ec01c: FollowerState was interrupted: java.lang.InterruptedException: sleep interrupted
2019-08-30 19:59:00,868 [StateMachineUpdater:f263c918-4003-4dfb-a666-c73a676ec01c:group-A62C2177B50E] INFO  ratis.ContainerStateMachine (ContainerStateMachine.java:takeSnapshot(284)) - group-A62C2177B50E: Taking a snapshot at:(t:1, i:13) file /workdir/hadoop-ozone/integration-test/target/test-dir/MiniOzoneClusterImpl-0ce34326-890c-4745-9fb2-859a42e91411/datanode-1/data/ratis/8720d2a6-2fa3-407d-ac22-a62c2177b50e/sm/snapshot.1_13
2019-08-30 19:59:00,872 [main] INFO  segmented.SegmentedRaftLogWorker (SegmentedRaftLogWorker.java:close(228)) - 527b2082-6919-40b0-be6c-4b03673bbbcf-SegmentedRaftLogWorker:Storage Directory /workdir/hadoop-ozone/integration-test/target/test-dir/MiniOzoneClusterImpl-0ce34326-890c-4745-9fb2-859a42e91411/datanode-4/data/ratis/e9c2ef26-70ce-4544-8aa2-df474072982b close()
2019-08-30 19:59:00,876 [StateMachineUpdater:f263c918-4003-4dfb-a666-c73a676ec01c:group-A62C2177B50E] INFO  ratis.ContainerStateMachine (ContainerStateMachine.java:takeSnapshot(295)) - group-A62C2177B50E: Finished taking a snapshot at:(t:1, i:13) file:/workdir/hadoop-ozone/integration-test/target/test-dir/MiniOzoneClusterImpl-0ce34326-890c-4745-9fb2-859a42e91411/datanode-1/data/ratis/8720d2a6-2fa3-407d-ac22-a62c2177b50e/sm/snapshot.1_13 time:9
2019-08-30 19:59:00,876 [main] INFO  server.GrpcService (GrpcService.java:closeImpl(155)) - 527b2082-6919-40b0-be6c-4b03673bbbcf: shutdown server with port 45184 now
2019-08-30 19:59:00,876 [StateMachineUpdater:f263c918-4003-4dfb-a666-c73a676ec01c:group-A62C2177B50E] INFO  impl.StateMachineUpdater (StateMachineUpdater.java:takeSnapshot(242)) - StateMachineUpdater:f263c918-4003-4dfb-a666-c73a676ec01c:group-A62C2177B50E: Took a snapshot at index 13
2019-08-30 19:59:00,877 [StateMachineUpdater:f263c918-4003-4dfb-a666-c73a676ec01c:group-A62C2177B50E] INFO  impl.StateMachineUpdater (StateMachineUpdater.java:lambda$new$0(80)) - StateMachineUpdater:f263c918-4003-4dfb-a666-c73a676ec01c:group-A62C2177B50E: snapshotIndex: updateIncreasingly -1 -> 13
2019-08-30 19:59:00,877 [main] INFO  server.GrpcService (GrpcService.java:closeImpl(163)) - 527b2082-6919-40b0-be6c-4b03673bbbcf: shutdown server with port 45184 successfully
2019-08-30 19:59:00,877 [ForkJoinPool.commonPool-worker-1] INFO  impl.RaftServerImpl (ServerState.java:close(394)) - f263c918-4003-4dfb-a666-c73a676ec01c:group-A62C2177B50E closes. The last applied log index is 17
2019-08-30 19:59:00,878 [f263c918-4003-4dfb-a666-c73a676ec01c-SegmentedRaftLogWorker:Storage Directory /workdir/hadoop-ozone/integration-test/target/test-dir/MiniOzoneClusterImpl-0ce34326-890c-4745-9fb2-859a42e91411/datanode-1/data/ratis/8720d2a6-2fa3-407d-ac22-a62c2177b50e] INFO  segmented.SegmentedRaftLogWorker (SegmentedRaftLogWorker.java:run(313)) - f263c918-4003-4dfb-a666-c73a676ec01c-SegmentedRaftLogWorker:Storage Directory /workdir/hadoop-ozone/integration-test/target/test-dir/MiniOzoneClusterImpl-0ce34326-890c-4745-9fb2-859a42e91411/datanode-1/data/ratis/8720d2a6-2fa3-407d-ac22-a62c2177b50e was interrupted, exiting. There are 0 tasks remaining in the queue.
2019-08-30 19:59:00,880 [ForkJoinPool.commonPool-worker-1] INFO  segmented.SegmentedRaftLogWorker (SegmentedRaftLogWorker.java:close(228)) - f263c918-4003-4dfb-a666-c73a676ec01c-SegmentedRaftLogWorker:Storage Directory /workdir/hadoop-ozone/integration-test/target/test-dir/MiniOzoneClusterImpl-0ce34326-890c-4745-9fb2-859a42e91411/datanode-1/data/ratis/8720d2a6-2fa3-407d-ac22-a62c2177b50e close()
2019-08-30 19:59:00,885 [ForkJoinPool.commonPool-worker-1] INFO  server.GrpcService (GrpcService.java:closeImpl(155)) - f263c918-4003-4dfb-a666-c73a676ec01c: shutdown server with port 37893 now
2019-08-30 19:59:00,886 [refreshUsed-/workdir/hadoop-ozone/integration-test/target/test-dir/MiniOzoneClusterImpl-0ce34326-890c-4745-9fb2-859a42e91411/datanode-4/data/containers] WARN  fs.CachingGetSpaceUsed (CachingGetSpaceUsed.java:run(183)) - Thread Interrupted waiting to refresh disk information: sleep interrupted
2019-08-30 19:59:00,886 [grpc-default-executor-2] WARN  server.GrpcServerProtocolService (LogUtils.java:warn(134)) - f263c918-4003-4dfb-a666-c73a676ec01c: appendEntries onError: org.apache.ratis.thirdparty.io.grpc.StatusRuntimeException: CANCELLED: cancelled before receiving half close
2019-08-30 19:59:00,887 [ForkJoinPool.commonPool-worker-1] INFO  server.GrpcService (GrpcService.java:closeImpl(163)) - f263c918-4003-4dfb-a666-c73a676ec01c: shutdown server with port 37893 successfully
2019-08-30 19:59:00,887 [grpc-default-executor-2] WARN  server.GrpcLogAppender (LogUtils.java:warn(134)) - 02b55be5-f766-42b8-b701-7d673475772a->f263c918-4003-4dfb-a666-c73a676ec01c: Failed appendEntries: org.apache.ratis.thirdparty.io.grpc.StatusRuntimeException: CANCELLED: HTTP/2 error code: CANCEL
Received Rst Stream
2019-08-30 19:59:00,888 [grpc-default-executor-2] INFO  impl.FollowerInfo (FollowerInfo.java:lambda$new$0(50)) - 02b55be5-f766-42b8-b701-7d673475772a->f263c918-4003-4dfb-a666-c73a676ec01c: nextIndex: updateUnconditionally 18 -> 17
2019-08-30 19:59:00,891 [refreshUsed-/workdir/hadoop-ozone/integration-test/target/test-dir/MiniOzoneClusterImpl-0ce34326-890c-4745-9fb2-859a42e91411/datanode-1/data/containers] WARN  fs.CachingGetSpaceUsed (CachingGetSpaceUsed.java:run(183)) - Thread Interrupted waiting to refresh disk information: sleep interrupted
2019-08-30 19:59:00,908 [ForkJoinPool.commonPool-worker-1] INFO  utils.BackgroundService (BackgroundService.java:shutdown(148)) - Shutting down service BlockDeletingService
2019-08-30 19:59:00,908 [main] INFO  utils.BackgroundService (BackgroundService.java:shutdown(148)) - Shutting down service BlockDeletingService
2019-08-30 19:59:00,917 [ForkJoinPool.commonPool-worker-1] INFO  statemachine.DatanodeStateMachine (DatanodeStateMachine.java:stopDaemon(395)) - Ozone container server stopped.
2019-08-30 19:59:00,918 [main] INFO  statemachine.DatanodeStateMachine (DatanodeStateMachine.java:stopDaemon(395)) - Ozone container server stopped.
2019-08-30 19:59:00,924 [ForkJoinPool.commonPool-worker-1] INFO  handler.ContextHandler (ContextHandler.java:doStop(910)) - Stopped o.e.j.w.WebAppContext@4fb57fb3{/,null,UNAVAILABLE}{/hddsDatanode}
2019-08-30 19:59:00,924 [main] INFO  handler.ContextHandler (ContextHandler.java:doStop(910)) - Stopped o.e.j.w.WebAppContext@4c635edc{/,null,UNAVAILABLE}{/hddsDatanode}
2019-08-30 19:59:00,925 [ForkJoinPool.commonPool-worker-1] INFO  server.AbstractConnector (AbstractConnector.java:doStop(318)) - Stopped ServerConnector@6b063470{HTTP/1.1,[http/1.1]}{0.0.0.0:0}
2019-08-30 19:59:00,925 [main] INFO  server.AbstractConnector (AbstractConnector.java:doStop(318)) - Stopped ServerConnector@4245bf68{HTTP/1.1,[http/1.1]}{0.0.0.0:0}
2019-08-30 19:59:00,927 [ForkJoinPool.commonPool-worker-1] INFO  handler.ContextHandler (ContextHandler.java:doStop(910)) - Stopped o.e.j.s.ServletContextHandler@7364f68{/static,jar:file:/home/user/.m2/repository/org/apache/hadoop/hadoop-hdds-container-service/0.5.0-SNAPSHOT/hadoop-hdds-container-service-0.5.0-SNAPSHOT.jar!/webapps/static,UNAVAILABLE}
2019-08-30 19:59:00,927 [main] INFO  handler.ContextHandler (ContextHandler.java:doStop(910)) - Stopped o.e.j.s.ServletContextHandler@65600fb3{/static,jar:file:/home/user/.m2/repository/org/apache/hadoop/hadoop-hdds-container-service/0.5.0-SNAPSHOT/hadoop-hdds-container-service-0.5.0-SNAPSHOT.jar!/webapps/static,UNAVAILABLE}
2019-08-30 19:59:00,929 [ForkJoinPool.commonPool-worker-1] INFO  handler.ContextHandler (ContextHandler.java:doStop(910)) - Stopped o.e.j.s.ServletContextHandler@27e199ce{/logs,file:///workdir/hadoop-ozone/integration-test/target/log,UNAVAILABLE}
2019-08-30 19:59:00,929 [main] INFO  handler.ContextHandler (ContextHandler.java:doStop(910)) - Stopped o.e.j.s.ServletContextHandler@73e1ecd0{/logs,file:///workdir/hadoop-ozone/integration-test/target/log,UNAVAILABLE}
2019-08-30 19:59:01,015 [Datanode State Machine Thread - 0] INFO  statemachine.DatanodeStateMachine (DatanodeStateMachine.java:lambda$startDaemon$0(350)) - Ozone container server started.
2019-08-30 19:59:01,722 [Datanode State Machine Thread - 0] INFO  statemachine.DatanodeStateMachine (DatanodeStateMachine.java:lambda$startDaemon$0(350)) - Ozone container server started.
2019-08-30 19:59:01,723 | INFO  | SCMAudit | user=jenkins1000 | ip=192.168.5.161 | op=SEND_HEARTBEAT {datanodeUUID=0ad8d7ae-187f-46e3-a3e2-571100048e4e, command=[]} | ret=SUCCESS |  
2019-08-30 19:59:01,724 | INFO  | SCMAudit | user=jenkins1000 | ip=192.168.5.161 | op=SEND_HEARTBEAT {datanodeUUID=42fa8907-0757-405a-9793-077a04797055, command=[]} | ret=SUCCESS |  
2019-08-30 19:59:02,723 | INFO  | SCMAudit | user=jenkins1000 | ip=192.168.5.161 | op=SEND_HEARTBEAT {datanodeUUID=42fa8907-0757-405a-9793-077a04797055, command=[]} | ret=SUCCESS |  
2019-08-30 19:59:02,723 | INFO  | SCMAudit | user=jenkins1000 | ip=192.168.5.161 | op=SEND_HEARTBEAT {datanodeUUID=0ad8d7ae-187f-46e3-a3e2-571100048e4e, command=[]} | ret=SUCCESS |  
2019-08-30 19:59:03,272 [grpc-default-executor-2] WARN  server.GrpcLogAppender (LogUtils.java:warn(134)) - 02b55be5-f766-42b8-b701-7d673475772a->2d422090-8abf-42f3-9732-1fabf469113c: Failed appendEntries: org.apache.ratis.thirdparty.io.grpc.StatusRuntimeException: UNAVAILABLE: io exception
2019-08-30 19:59:03,272 [grpc-default-executor-2] INFO  impl.FollowerInfo (FollowerInfo.java:lambda$new$0(50)) - 02b55be5-f766-42b8-b701-7d673475772a->2d422090-8abf-42f3-9732-1fabf469113c: nextIndex: updateUnconditionally 0 -> 0
2019-08-30 19:59:03,278 [grpc-default-executor-2] WARN  server.GrpcLogAppender (LogUtils.java:warn(134)) - 02b55be5-f766-42b8-b701-7d673475772a->f263c918-4003-4dfb-a666-c73a676ec01c: Failed appendEntries: org.apache.ratis.thirdparty.io.grpc.StatusRuntimeException: UNAVAILABLE: io exception
2019-08-30 19:59:03,278 [grpc-default-executor-2] INFO  impl.FollowerInfo (FollowerInfo.java:lambda$new$0(50)) - 02b55be5-f766-42b8-b701-7d673475772a->f263c918-4003-4dfb-a666-c73a676ec01c: nextIndex: updateUnconditionally 17 -> 16
2019-08-30 19:59:03,723 | INFO  | SCMAudit | user=jenkins1000 | ip=192.168.5.161 | op=SEND_HEARTBEAT {datanodeUUID=0ad8d7ae-187f-46e3-a3e2-571100048e4e, command=[]} | ret=SUCCESS |  
2019-08-30 19:59:03,723 | INFO  | SCMAudit | user=jenkins1000 | ip=192.168.5.161 | op=SEND_HEARTBEAT {datanodeUUID=42fa8907-0757-405a-9793-077a04797055, command=[]} | ret=SUCCESS |  
2019-08-30 19:59:04,723 | INFO  | SCMAudit | user=jenkins1000 | ip=192.168.5.161 | op=SEND_HEARTBEAT {datanodeUUID=42fa8907-0757-405a-9793-077a04797055, command=[]} | ret=SUCCESS |  
2019-08-30 19:59:04,723 | INFO  | SCMAudit | user=jenkins1000 | ip=192.168.5.161 | op=SEND_HEARTBEAT {datanodeUUID=0ad8d7ae-187f-46e3-a3e2-571100048e4e, command=[]} | ret=SUCCESS |  
2019-08-30 19:59:05,024 [EventQueue-StaleNodeForStaleNodeHandler] INFO  node.StaleNodeHandler (StaleNodeHandler.java:onMessage(58)) - Datanode 02b55be5-f766-42b8-b701-7d673475772a{ip: 192.168.5.161, host: pr-hdds-1909-j96cs-3378088753, networkLocation: /default-rack, certSerialId: null} moved to stale state. Finalizing its pipelines [PipelineID=67c5e710-6d43-4696-9533-9108033454aa, PipelineID=8720d2a6-2fa3-407d-ac22-a62c2177b50e]
2019-08-30 19:59:05,025 [EventQueue-StaleNodeForStaleNodeHandler] INFO  pipeline.SCMPipelineManager (SCMPipelineManager.java:finalizeAndDestroyPipeline(309)) - destroying pipeline:Pipeline[ Id: 67c5e710-6d43-4696-9533-9108033454aa, Nodes: 02b55be5-f766-42b8-b701-7d673475772a{ip: 192.168.5.161, host: pr-hdds-1909-j96cs-3378088753, networkLocation: /default-rack, certSerialId: null}, Type:RATIS, Factor:ONE, State:OPEN]
2019-08-30 19:59:05,025 [EventQueue-StaleNodeForStaleNodeHandler] INFO  pipeline.PipelineStateManager (PipelineStateManager.java:finalizePipeline(123)) - Pipeline Pipeline[ Id: 67c5e710-6d43-4696-9533-9108033454aa, Nodes: 02b55be5-f766-42b8-b701-7d673475772a{ip: 192.168.5.161, host: pr-hdds-1909-j96cs-3378088753, networkLocation: /default-rack, certSerialId: null}, Type:RATIS, Factor:ONE, State:CLOSED] moved to CLOSED state
2019-08-30 19:59:05,025 [EventQueue-StaleNodeForStaleNodeHandler] INFO  pipeline.SCMPipelineManager (SCMPipelineManager.java:finalizeAndDestroyPipeline(309)) - destroying pipeline:Pipeline[ Id: 8720d2a6-2fa3-407d-ac22-a62c2177b50e, Nodes: 2d422090-8abf-42f3-9732-1fabf469113c{ip: 192.168.5.161, host: pr-hdds-1909-j96cs-3378088753, networkLocation: /default-rack, certSerialId: null}02b55be5-f766-42b8-b701-7d673475772a{ip: 192.168.5.161, host: pr-hdds-1909-j96cs-3378088753, networkLocation: /default-rack, certSerialId: null}f263c918-4003-4dfb-a666-c73a676ec01c{ip: 192.168.5.161, host: pr-hdds-1909-j96cs-3378088753, networkLocation: /default-rack, certSerialId: null}, Type:RATIS, Factor:THREE, State:CLOSED]
2019-08-30 19:59:05,723 | INFO  | SCMAudit | user=jenkins1000 | ip=192.168.5.161 | op=SEND_HEARTBEAT {datanodeUUID=0ad8d7ae-187f-46e3-a3e2-571100048e4e, command=[]} | ret=SUCCESS |  
2019-08-30 19:59:05,723 | INFO  | SCMAudit | user=jenkins1000 | ip=192.168.5.161 | op=SEND_HEARTBEAT {datanodeUUID=42fa8907-0757-405a-9793-077a04797055, command=[]} | ret=SUCCESS |  
2019-08-30 19:59:05,725 [EventQueue-StaleNodeForStaleNodeHandler] INFO  node.StaleNodeHandler (StaleNodeHandler.java:onMessage(58)) - Datanode e5f88aa8-ed94-4632-9bac-96dc85ccdca1{ip: 192.168.5.161, host: pr-hdds-1909-j96cs-3378088753, networkLocation: /default-rack, certSerialId: null} moved to stale state. Finalizing its pipelines [PipelineID=7d90f605-dbc9-4faa-81f7-5f8dfc6ebf12, PipelineID=fed93fc8-b9ab-4e52-8cd0-c1f16a5a4117]
2019-08-30 19:59:05,725 [EventQueue-StaleNodeForStaleNodeHandler] INFO  pipeline.SCMPipelineManager (SCMPipelineManager.java:finalizeAndDestroyPipeline(309)) - destroying pipeline:Pipeline[ Id: 7d90f605-dbc9-4faa-81f7-5f8dfc6ebf12, Nodes: 0ad8d7ae-187f-46e3-a3e2-571100048e4e{ip: 192.168.5.161, host: pr-hdds-1909-j96cs-3378088753, networkLocation: /default-rack, certSerialId: null}42fa8907-0757-405a-9793-077a04797055{ip: 192.168.5.161, host: pr-hdds-1909-j96cs-3378088753, networkLocation: /default-rack, certSerialId: null}e5f88aa8-ed94-4632-9bac-96dc85ccdca1{ip: 192.168.5.161, host: pr-hdds-1909-j96cs-3378088753, networkLocation: /default-rack, certSerialId: null}, Type:RATIS, Factor:THREE, State:OPEN]
2019-08-30 19:59:05,726 [EventQueue-StaleNodeForStaleNodeHandler] INFO  pipeline.PipelineStateManager (PipelineStateManager.java:finalizePipeline(123)) - Pipeline Pipeline[ Id: 7d90f605-dbc9-4faa-81f7-5f8dfc6ebf12, Nodes: 0ad8d7ae-187f-46e3-a3e2-571100048e4e{ip: 192.168.5.161, host: pr-hdds-1909-j96cs-3378088753, networkLocation: /default-rack, certSerialId: null}42fa8907-0757-405a-9793-077a04797055{ip: 192.168.5.161, host: pr-hdds-1909-j96cs-3378088753, networkLocation: /default-rack, certSerialId: null}e5f88aa8-ed94-4632-9bac-96dc85ccdca1{ip: 192.168.5.161, host: pr-hdds-1909-j96cs-3378088753, networkLocation: /default-rack, certSerialId: null}, Type:RATIS, Factor:THREE, State:CLOSED] moved to CLOSED state
2019-08-30 19:59:05,726 [EventQueue-CloseContainerForCloseContainerEventHandler] INFO  container.CloseContainerEventHandler (CloseContainerEventHandler.java:onMessage(61)) - Close container Event triggered for container : #2
2019-08-30 19:59:05,726 [EventQueue-StaleNodeForStaleNodeHandler] INFO  pipeline.SCMPipelineManager (SCMPipelineManager.java:finalizeAndDestroyPipeline(309)) - destroying pipeline:Pipeline[ Id: fed93fc8-b9ab-4e52-8cd0-c1f16a5a4117, Nodes: e5f88aa8-ed94-4632-9bac-96dc85ccdca1{ip: 192.168.5.161, host: pr-hdds-1909-j96cs-3378088753, networkLocation: /default-rack, certSerialId: null}, Type:RATIS, Factor:ONE, State:OPEN]
2019-08-30 19:59:05,727 [EventQueue-StaleNodeForStaleNodeHandler] INFO  pipeline.PipelineStateManager (PipelineStateManager.java:finalizePipeline(123)) - Pipeline Pipeline[ Id: fed93fc8-b9ab-4e52-8cd0-c1f16a5a4117, Nodes: e5f88aa8-ed94-4632-9bac-96dc85ccdca1{ip: 192.168.5.161, host: pr-hdds-1909-j96cs-3378088753, networkLocation: /default-rack, certSerialId: null}, Type:RATIS, Factor:ONE, State:CLOSED] moved to CLOSED state
2019-08-30 19:59:05,772 [grpc-default-executor-6] WARN  server.GrpcLogAppender (LogUtils.java:warn(134)) - 02b55be5-f766-42b8-b701-7d673475772a->2d422090-8abf-42f3-9732-1fabf469113c: Failed appendEntries: org.apache.ratis.thirdparty.io.grpc.StatusRuntimeException: UNAVAILABLE: io exception
2019-08-30 19:59:05,773 [grpc-default-executor-6] INFO  impl.FollowerInfo (FollowerInfo.java:lambda$new$0(50)) - 02b55be5-f766-42b8-b701-7d673475772a->2d422090-8abf-42f3-9732-1fabf469113c: nextIndex: updateUnconditionally 0 -> 0
2019-08-30 19:59:05,778 [grpc-default-executor-7] WARN  server.GrpcLogAppender (LogUtils.java:warn(134)) - 02b55be5-f766-42b8-b701-7d673475772a->f263c918-4003-4dfb-a666-c73a676ec01c: Failed appendEntries: org.apache.ratis.thirdparty.io.grpc.StatusRuntimeException: UNAVAILABLE: io exception
2019-08-30 19:59:05,779 [grpc-default-executor-7] INFO  impl.FollowerInfo (FollowerInfo.java:lambda$new$0(50)) - 02b55be5-f766-42b8-b701-7d673475772a->f263c918-4003-4dfb-a666-c73a676ec01c: nextIndex: updateUnconditionally 16 -> 15
2019-08-30 19:59:05,931 [ForkJoinPool.commonPool-worker-1] INFO  ozoneimpl.OzoneContainer (OzoneContainer.java:stop(215)) - Attempting to stop container services.
2019-08-30 19:59:05,935 [main] INFO  ozoneimpl.OzoneContainer (OzoneContainer.java:stop(215)) - Attempting to stop container services.
2019-08-30 19:59:05,935 [ForkJoinPool.commonPool-worker-1] INFO  impl.RaftServerProxy (RaftServerProxy.java:lambda$close$4(314)) - 02b55be5-f766-42b8-b701-7d673475772a: close
2019-08-30 19:59:05,936 [main] INFO  impl.RaftServerProxy (RaftServerProxy.java:lambda$close$4(314)) - e5f88aa8-ed94-4632-9bac-96dc85ccdca1: close
2019-08-30 19:59:05,936 [ForkJoinPool.commonPool-worker-1] INFO  impl.RaftServerImpl (RaftServerImpl.java:lambda$shutdown$3(245)) - 02b55be5-f766-42b8-b701-7d673475772a: shutdown group-9108033454AA
2019-08-30 19:59:05,936 [main] INFO  impl.RaftServerImpl (RaftServerImpl.java:lambda$shutdown$3(245)) - e5f88aa8-ed94-4632-9bac-96dc85ccdca1: shutdown group-5F8DFC6EBF12
2019-08-30 19:59:05,937 [ForkJoinPool.commonPool-worker-1] INFO  util.JmxRegister (JmxRegister.java:unregister(73)) - Successfully un-registered JMX Bean with object name Ratis:service=RaftServer,group=group-9108033454AA,id=02b55be5-f766-42b8-b701-7d673475772a
2019-08-30 19:59:05,937 [main] INFO  util.JmxRegister (JmxRegister.java:unregister(73)) - Successfully un-registered JMX Bean with object name Ratis:service=RaftServer,group=group-5F8DFC6EBF12,id=e5f88aa8-ed94-4632-9bac-96dc85ccdca1
2019-08-30 19:59:05,937 [ForkJoinPool.commonPool-worker-1] INFO  impl.RoleInfo (RoleInfo.java:shutdownLeaderState(104)) - 02b55be5-f766-42b8-b701-7d673475772a: shutdown LeaderState
2019-08-30 19:59:05,938 [main] INFO  impl.RoleInfo (RoleInfo.java:shutdownLeaderState(104)) - e5f88aa8-ed94-4632-9bac-96dc85ccdca1: shutdown LeaderState
2019-08-30 19:59:05,938 [ForkJoinPool.commonPool-worker-1] INFO  impl.PendingRequests (PendingRequests.java:sendNotLeaderResponses(202)) - 02b55be5-f766-42b8-b701-7d673475772a-PendingRequests: sendNotLeaderResponses
2019-08-30 19:59:05,943 [org.apache.ratis.server.impl.LogAppender$AppenderDaemon$$Lambda$501/275664686@1655d967] WARN  server.GrpcLogAppender (GrpcLogAppender.java:mayWait(143)) - GrpcLogAppender(e5f88aa8-ed94-4632-9bac-96dc85ccdca1->0ad8d7ae-187f-46e3-a3e2-571100048e4e): Wait interrupted by java.lang.InterruptedException
2019-08-30 19:59:05,943 [org.apache.ratis.server.impl.LogAppender$AppenderDaemon$$Lambda$501/275664686@53574d69] WARN  server.GrpcLogAppender (GrpcLogAppender.java:mayWait(143)) - GrpcLogAppender(e5f88aa8-ed94-4632-9bac-96dc85ccdca1->42fa8907-0757-405a-9793-077a04797055): Wait interrupted by java.lang.InterruptedException
2019-08-30 19:59:05,943 [main] INFO  impl.PendingRequests (PendingRequests.java:sendNotLeaderResponses(202)) - e5f88aa8-ed94-4632-9bac-96dc85ccdca1-PendingRequests: sendNotLeaderResponses
2019-08-30 19:59:05,943 [ForkJoinPool.commonPool-worker-1] INFO  impl.StateMachineUpdater (StateMachineUpdater.java:stopAndJoin(115)) - StateMachineUpdater:02b55be5-f766-42b8-b701-7d673475772a:group-9108033454AA: set stopIndex = 0
2019-08-30 19:59:05,948 [StateMachineUpdater:e5f88aa8-ed94-4632-9bac-96dc85ccdca1:group-5F8DFC6EBF12] INFO  ratis.ContainerStateMachine (ContainerStateMachine.java:takeSnapshot(284)) - group-5F8DFC6EBF12: Taking a snapshot at:(t:1, i:14) file /workdir/hadoop-ozone/integration-test/target/test-dir/MiniOzoneClusterImpl-0ce34326-890c-4745-9fb2-859a42e91411/datanode-3/data/ratis/7d90f605-dbc9-4faa-81f7-5f8dfc6ebf12/sm/snapshot.1_14
2019-08-30 19:59:05,947 [main] INFO  impl.StateMachineUpdater (StateMachineUpdater.java:stopAndJoin(115)) - StateMachineUpdater:e5f88aa8-ed94-4632-9bac-96dc85ccdca1:group-5F8DFC6EBF12: set stopIndex = 16
2019-08-30 19:59:05,947 [grpc-default-executor-2] INFO  server.GrpcServerProtocolService (GrpcServerProtocolService.java:onCompleted(104)) - 42fa8907-0757-405a-9793-077a04797055: appendEntries completed
2019-08-30 19:59:05,944 [grpc-default-executor-7] INFO  server.GrpcServerProtocolService (GrpcServerProtocolService.java:onCompleted(104)) - 0ad8d7ae-187f-46e3-a3e2-571100048e4e: appendEntries completed
2019-08-30 19:59:05,948 [ForkJoinPool.commonPool-worker-1] INFO  impl.RaftServerImpl (ServerState.java:close(394)) - 02b55be5-f766-42b8-b701-7d673475772a:group-9108033454AA closes. The last applied log index is 0
2019-08-30 19:59:05,949 [grpc-default-executor-2] INFO  server.GrpcLogAppender (GrpcLogAppender.java:onCompleted(292)) - e5f88aa8-ed94-4632-9bac-96dc85ccdca1->42fa8907-0757-405a-9793-077a04797055: follower responses appendEntries COMPLETED
2019-08-30 19:59:05,949 [grpc-default-executor-7] INFO  server.GrpcLogAppender (GrpcLogAppender.java:onCompleted(292)) - e5f88aa8-ed94-4632-9bac-96dc85ccdca1->0ad8d7ae-187f-46e3-a3e2-571100048e4e: follower responses appendEntries COMPLETED
2019-08-30 19:59:05,950 [grpc-default-executor-2] INFO  impl.FollowerInfo (FollowerInfo.java:lambda$new$0(50)) - e5f88aa8-ed94-4632-9bac-96dc85ccdca1->42fa8907-0757-405a-9793-077a04797055: nextIndex: updateUnconditionally 17 -> 16
2019-08-30 19:59:05,949 [02b55be5-f766-42b8-b701-7d673475772a-SegmentedRaftLogWorker:Storage Directory /workdir/hadoop-ozone/integration-test/target/test-dir/MiniOzoneClusterImpl-0ce34326-890c-4745-9fb2-859a42e91411/datanode-2/data/ratis/67c5e710-6d43-4696-9533-9108033454aa] INFO  segmented.SegmentedRaftLogWorker (SegmentedRaftLogWorker.java:run(313)) - 02b55be5-f766-42b8-b701-7d673475772a-SegmentedRaftLogWorker:Storage Directory /workdir/hadoop-ozone/integration-test/target/test-dir/MiniOzoneClusterImpl-0ce34326-890c-4745-9fb2-859a42e91411/datanode-2/data/ratis/67c5e710-6d43-4696-9533-9108033454aa was interrupted, exiting. There are 0 tasks remaining in the queue.
2019-08-30 19:59:05,950 [grpc-default-executor-7] INFO  impl.FollowerInfo (FollowerInfo.java:lambda$new$0(50)) - e5f88aa8-ed94-4632-9bac-96dc85ccdca1->0ad8d7ae-187f-46e3-a3e2-571100048e4e: nextIndex: updateUnconditionally 17 -> 16
2019-08-30 19:59:05,960 [ForkJoinPool.commonPool-worker-1] INFO  segmented.SegmentedRaftLogWorker (SegmentedRaftLogWorker.java:close(228)) - 02b55be5-f766-42b8-b701-7d673475772a-SegmentedRaftLogWorker:Storage Directory /workdir/hadoop-ozone/integration-test/target/test-dir/MiniOzoneClusterImpl-0ce34326-890c-4745-9fb2-859a42e91411/datanode-2/data/ratis/67c5e710-6d43-4696-9533-9108033454aa close()
2019-08-30 19:59:05,963 [StateMachineUpdater:e5f88aa8-ed94-4632-9bac-96dc85ccdca1:group-5F8DFC6EBF12] INFO  ratis.ContainerStateMachine (ContainerStateMachine.java:takeSnapshot(295)) - group-5F8DFC6EBF12: Finished taking a snapshot at:(t:1, i:14) file:/workdir/hadoop-ozone/integration-test/target/test-dir/MiniOzoneClusterImpl-0ce34326-890c-4745-9fb2-859a42e91411/datanode-3/data/ratis/7d90f605-dbc9-4faa-81f7-5f8dfc6ebf12/sm/snapshot.1_14 time:16
2019-08-30 19:59:05,963 [ForkJoinPool.commonPool-worker-1] INFO  impl.RaftServerImpl (RaftServerImpl.java:lambda$shutdown$3(245)) - 02b55be5-f766-42b8-b701-7d673475772a: shutdown group-A62C2177B50E
2019-08-30 19:59:05,963 [StateMachineUpdater:e5f88aa8-ed94-4632-9bac-96dc85ccdca1:group-5F8DFC6EBF12] INFO  impl.StateMachineUpdater (StateMachineUpdater.java:takeSnapshot(242)) - StateMachineUpdater:e5f88aa8-ed94-4632-9bac-96dc85ccdca1:group-5F8DFC6EBF12: Took a snapshot at index 14
2019-08-30 19:59:05,964 [ForkJoinPool.commonPool-worker-1] INFO  util.JmxRegister (JmxRegister.java:unregister(73)) - Successfully un-registered JMX Bean with object name Ratis:service=RaftServer,group=group-A62C2177B50E,id=02b55be5-f766-42b8-b701-7d673475772a
2019-08-30 19:59:05,964 [StateMachineUpdater:e5f88aa8-ed94-4632-9bac-96dc85ccdca1:group-5F8DFC6EBF12] INFO  impl.StateMachineUpdater (StateMachineUpdater.java:lambda$new$0(80)) - StateMachineUpdater:e5f88aa8-ed94-4632-9bac-96dc85ccdca1:group-5F8DFC6EBF12: snapshotIndex: updateIncreasingly -1 -> 14
2019-08-30 19:59:05,964 [ForkJoinPool.commonPool-worker-1] INFO  impl.RoleInfo (RoleInfo.java:shutdownLeaderState(104)) - 02b55be5-f766-42b8-b701-7d673475772a: shutdown LeaderState
2019-08-30 19:59:05,964 [main] INFO  impl.RaftServerImpl (ServerState.java:close(394)) - e5f88aa8-ed94-4632-9bac-96dc85ccdca1:group-5F8DFC6EBF12 closes. The last applied log index is 16
2019-08-30 19:59:05,967 [ForkJoinPool.commonPool-worker-1] INFO  impl.PendingRequests (PendingRequests.java:sendNotLeaderResponses(202)) - 02b55be5-f766-42b8-b701-7d673475772a-PendingRequests: sendNotLeaderResponses
2019-08-30 19:59:05,967 [org.apache.ratis.server.impl.LogAppender$AppenderDaemon$$Lambda$501/275664686@106351f2] WARN  server.GrpcLogAppender (GrpcLogAppender.java:mayWait(143)) - GrpcLogAppender(02b55be5-f766-42b8-b701-7d673475772a->f263c918-4003-4dfb-a666-c73a676ec01c): Wait interrupted by java.lang.InterruptedException
2019-08-30 19:59:05,967 [org.apache.ratis.server.impl.LogAppender$AppenderDaemon$$Lambda$501/275664686@f3504d1] WARN  server.GrpcLogAppender (GrpcLogAppender.java:mayWait(143)) - GrpcLogAppender(02b55be5-f766-42b8-b701-7d673475772a->2d422090-8abf-42f3-9732-1fabf469113c): Wait interrupted by java.lang.InterruptedException
2019-08-30 19:59:05,968 [StateMachineUpdater:02b55be5-f766-42b8-b701-7d673475772a:group-A62C2177B50E] INFO  ratis.ContainerStateMachine (ContainerStateMachine.java:takeSnapshot(284)) - group-A62C2177B50E: Taking a snapshot at:(t:1, i:13) file /workdir/hadoop-ozone/integration-test/target/test-dir/MiniOzoneClusterImpl-0ce34326-890c-4745-9fb2-859a42e91411/datanode-2/data/ratis/8720d2a6-2fa3-407d-ac22-a62c2177b50e/sm/snapshot.1_13
2019-08-30 19:59:05,968 [ForkJoinPool.commonPool-worker-1] INFO  impl.StateMachineUpdater (StateMachineUpdater.java:stopAndJoin(115)) - StateMachineUpdater:02b55be5-f766-42b8-b701-7d673475772a:group-A62C2177B50E: set stopIndex = 17
2019-08-30 19:59:05,968 [e5f88aa8-ed94-4632-9bac-96dc85ccdca1-SegmentedRaftLogWorker:Storage Directory /workdir/hadoop-ozone/integration-test/target/test-dir/MiniOzoneClusterImpl-0ce34326-890c-4745-9fb2-859a42e91411/datanode-3/data/ratis/7d90f605-dbc9-4faa-81f7-5f8dfc6ebf12] INFO  segmented.SegmentedRaftLogWorker (SegmentedRaftLogWorker.java:run(313)) - e5f88aa8-ed94-4632-9bac-96dc85ccdca1-SegmentedRaftLogWorker:Storage Directory /workdir/hadoop-ozone/integration-test/target/test-dir/MiniOzoneClusterImpl-0ce34326-890c-4745-9fb2-859a42e91411/datanode-3/data/ratis/7d90f605-dbc9-4faa-81f7-5f8dfc6ebf12 was interrupted, exiting. There are 0 tasks remaining in the queue.
2019-08-30 19:59:05,970 [main] INFO  segmented.SegmentedRaftLogWorker (SegmentedRaftLogWorker.java:close(228)) - e5f88aa8-ed94-4632-9bac-96dc85ccdca1-SegmentedRaftLogWorker:Storage Directory /workdir/hadoop-ozone/integration-test/target/test-dir/MiniOzoneClusterImpl-0ce34326-890c-4745-9fb2-859a42e91411/datanode-3/data/ratis/7d90f605-dbc9-4faa-81f7-5f8dfc6ebf12 close()
2019-08-30 19:59:05,974 [main] INFO  impl.RaftServerImpl (RaftServerImpl.java:lambda$shutdown$3(245)) - e5f88aa8-ed94-4632-9bac-96dc85ccdca1: shutdown group-C1F16A5A4117
2019-08-30 19:59:05,974 [main] INFO  util.JmxRegister (JmxRegister.java:unregister(73)) - Successfully un-registered JMX Bean with object name Ratis:service=RaftServer,group=group-C1F16A5A4117,id=e5f88aa8-ed94-4632-9bac-96dc85ccdca1
2019-08-30 19:59:05,974 [main] INFO  impl.RoleInfo (RoleInfo.java:shutdownLeaderState(104)) - e5f88aa8-ed94-4632-9bac-96dc85ccdca1: shutdown LeaderState
2019-08-30 19:59:05,975 [main] INFO  impl.PendingRequests (PendingRequests.java:sendNotLeaderResponses(202)) - e5f88aa8-ed94-4632-9bac-96dc85ccdca1-PendingRequests: sendNotLeaderResponses
2019-08-30 19:59:05,975 [main] INFO  impl.StateMachineUpdater (StateMachineUpdater.java:stopAndJoin(115)) - StateMachineUpdater:e5f88aa8-ed94-4632-9bac-96dc85ccdca1:group-C1F16A5A4117: set stopIndex = 0
2019-08-30 19:59:05,975 [main] INFO  impl.RaftServerImpl (ServerState.java:close(394)) - e5f88aa8-ed94-4632-9bac-96dc85ccdca1:group-C1F16A5A4117 closes. The last applied log index is 0
2019-08-30 19:59:05,976 [e5f88aa8-ed94-4632-9bac-96dc85ccdca1-SegmentedRaftLogWorker:Storage Directory /workdir/hadoop-ozone/integration-test/target/test-dir/MiniOzoneClusterImpl-0ce34326-890c-4745-9fb2-859a42e91411/datanode-3/data/ratis/fed93fc8-b9ab-4e52-8cd0-c1f16a5a4117] INFO  segmented.SegmentedRaftLogWorker (SegmentedRaftLogWorker.java:run(313)) - e5f88aa8-ed94-4632-9bac-96dc85ccdca1-SegmentedRaftLogWorker:Storage Directory /workdir/hadoop-ozone/integration-test/target/test-dir/MiniOzoneClusterImpl-0ce34326-890c-4745-9fb2-859a42e91411/datanode-3/data/ratis/fed93fc8-b9ab-4e52-8cd0-c1f16a5a4117 was interrupted, exiting. There are 0 tasks remaining in the queue.
2019-08-30 19:59:05,977 [main] INFO  segmented.SegmentedRaftLogWorker (SegmentedRaftLogWorker.java:close(228)) - e5f88aa8-ed94-4632-9bac-96dc85ccdca1-SegmentedRaftLogWorker:Storage Directory /workdir/hadoop-ozone/integration-test/target/test-dir/MiniOzoneClusterImpl-0ce34326-890c-4745-9fb2-859a42e91411/datanode-3/data/ratis/fed93fc8-b9ab-4e52-8cd0-c1f16a5a4117 close()
2019-08-30 19:59:05,981 [main] INFO  server.GrpcService (GrpcService.java:closeImpl(155)) - e5f88aa8-ed94-4632-9bac-96dc85ccdca1: shutdown server with port 34301 now
2019-08-30 19:59:05,981 [StateMachineUpdater:02b55be5-f766-42b8-b701-7d673475772a:group-A62C2177B50E] INFO  ratis.ContainerStateMachine (ContainerStateMachine.java:takeSnapshot(295)) - group-A62C2177B50E: Finished taking a snapshot at:(t:1, i:13) file:/workdir/hadoop-ozone/integration-test/target/test-dir/MiniOzoneClusterImpl-0ce34326-890c-4745-9fb2-859a42e91411/datanode-2/data/ratis/8720d2a6-2fa3-407d-ac22-a62c2177b50e/sm/snapshot.1_13 time:13
2019-08-30 19:59:05,981 [StateMachineUpdater:02b55be5-f766-42b8-b701-7d673475772a:group-A62C2177B50E] INFO  impl.StateMachineUpdater (StateMachineUpdater.java:takeSnapshot(242)) - StateMachineUpdater:02b55be5-f766-42b8-b701-7d673475772a:group-A62C2177B50E: Took a snapshot at index 13
2019-08-30 19:59:05,983 [StateMachineUpdater:02b55be5-f766-42b8-b701-7d673475772a:group-A62C2177B50E] INFO  impl.StateMachineUpdater (StateMachineUpdater.java:lambda$new$0(80)) - StateMachineUpdater:02b55be5-f766-42b8-b701-7d673475772a:group-A62C2177B50E: snapshotIndex: updateIncreasingly -1 -> 13
2019-08-30 19:59:05,983 [ForkJoinPool.commonPool-worker-1] INFO  impl.RaftServerImpl (ServerState.java:close(394)) - 02b55be5-f766-42b8-b701-7d673475772a:group-A62C2177B50E closes. The last applied log index is 17
2019-08-30 19:59:05,983 [main] INFO  server.GrpcService (GrpcService.java:closeImpl(163)) - e5f88aa8-ed94-4632-9bac-96dc85ccdca1: shutdown server with port 34301 successfully
2019-08-30 19:59:05,983 [grpc-default-executor-2] WARN  client.GrpcClientProtocolService (LogUtils.java:warn(134)) - 1-UnorderedRequestStreamObserver1: onError: org.apache.ratis.thirdparty.io.grpc.StatusRuntimeException: CANCELLED: cancelled before receiving half close
2019-08-30 19:59:05,984 [02b55be5-f766-42b8-b701-7d673475772a-SegmentedRaftLogWorker:Storage Directory /workdir/hadoop-ozone/integration-test/target/test-dir/MiniOzoneClusterImpl-0ce34326-890c-4745-9fb2-859a42e91411/datanode-2/data/ratis/8720d2a6-2fa3-407d-ac22-a62c2177b50e] INFO  segmented.SegmentedRaftLogWorker (SegmentedRaftLogWorker.java:run(313)) - 02b55be5-f766-42b8-b701-7d673475772a-SegmentedRaftLogWorker:Storage Directory /workdir/hadoop-ozone/integration-test/target/test-dir/MiniOzoneClusterImpl-0ce34326-890c-4745-9fb2-859a42e91411/datanode-2/data/ratis/8720d2a6-2fa3-407d-ac22-a62c2177b50e was interrupted, exiting. There are 0 tasks remaining in the queue.
2019-08-30 19:59:05,986 [ForkJoinPool.commonPool-worker-1] INFO  segmented.SegmentedRaftLogWorker (SegmentedRaftLogWorker.java:close(228)) - 02b55be5-f766-42b8-b701-7d673475772a-SegmentedRaftLogWorker:Storage Directory /workdir/hadoop-ozone/integration-test/target/test-dir/MiniOzoneClusterImpl-0ce34326-890c-4745-9fb2-859a42e91411/datanode-2/data/ratis/8720d2a6-2fa3-407d-ac22-a62c2177b50e close()
2019-08-30 19:59:05,990 [ForkJoinPool.commonPool-worker-1] INFO  server.GrpcService (GrpcService.java:closeImpl(155)) - 02b55be5-f766-42b8-b701-7d673475772a: shutdown server with port 42842 now
2019-08-30 19:59:05,991 [refreshUsed-/workdir/hadoop-ozone/integration-test/target/test-dir/MiniOzoneClusterImpl-0ce34326-890c-4745-9fb2-859a42e91411/datanode-3/data/containers] WARN  fs.CachingGetSpaceUsed (CachingGetSpaceUsed.java:run(183)) - Thread Interrupted waiting to refresh disk information: sleep interrupted
2019-08-30 19:59:05,991 [ForkJoinPool.commonPool-worker-1] INFO  server.GrpcService (GrpcService.java:closeImpl(163)) - 02b55be5-f766-42b8-b701-7d673475772a: shutdown server with port 42842 successfully
2019-08-30 19:59:05,997 [refreshUsed-/workdir/hadoop-ozone/integration-test/target/test-dir/MiniOzoneClusterImpl-0ce34326-890c-4745-9fb2-859a42e91411/datanode-2/data/containers] WARN  fs.CachingGetSpaceUsed (CachingGetSpaceUsed.java:run(183)) - Thread Interrupted waiting to refresh disk information: sleep interrupted
2019-08-30 19:59:06,010 [ForkJoinPool.commonPool-worker-1] INFO  utils.BackgroundService (BackgroundService.java:shutdown(148)) - Shutting down service BlockDeletingService
2019-08-30 19:59:06,013 [ForkJoinPool.commonPool-worker-1] INFO  statemachine.DatanodeStateMachine (DatanodeStateMachine.java:stopDaemon(395)) - Ozone container server stopped.
2019-08-30 19:59:06,017 [ForkJoinPool.commonPool-worker-1] INFO  handler.ContextHandler (ContextHandler.java:doStop(910)) - Stopped o.e.j.w.WebAppContext@6cc48a17{/,null,UNAVAILABLE}{/hddsDatanode}
2019-08-30 19:59:06,018 [ForkJoinPool.commonPool-worker-1] INFO  server.AbstractConnector (AbstractConnector.java:doStop(318)) - Stopped ServerConnector@289f15e9{HTTP/1.1,[http/1.1]}{0.0.0.0:0}
2019-08-30 19:59:06,019 [ForkJoinPool.commonPool-worker-1] INFO  handler.ContextHandler (ContextHandler.java:doStop(910)) - Stopped o.e.j.s.ServletContextHandler@9b367c8{/static,jar:file:/home/user/.m2/repository/org/apache/hadoop/hadoop-hdds-container-service/0.5.0-SNAPSHOT/hadoop-hdds-container-service-0.5.0-SNAPSHOT.jar!/webapps/static,UNAVAILABLE}
2019-08-30 19:59:06,021 [ForkJoinPool.commonPool-worker-1] INFO  handler.ContextHandler (ContextHandler.java:doStop(910)) - Stopped o.e.j.s.ServletContextHandler@256589a1{/logs,file:///workdir/hadoop-ozone/integration-test/target/log,UNAVAILABLE}
2019-08-30 19:59:06,021 [main] INFO  utils.BackgroundService (BackgroundService.java:shutdown(148)) - Shutting down service BlockDeletingService
2019-08-30 19:59:06,025 [main] INFO  statemachine.DatanodeStateMachine (DatanodeStateMachine.java:stopDaemon(395)) - Ozone container server stopped.
2019-08-30 19:59:06,026 [main] INFO  handler.ContextHandler (ContextHandler.java:doStop(910)) - Stopped o.e.j.w.WebAppContext@621f23ac{/,null,UNAVAILABLE}{/hddsDatanode}
2019-08-30 19:59:06,027 [main] INFO  server.AbstractConnector (AbstractConnector.java:doStop(318)) - Stopped ServerConnector@7761e342{HTTP/1.1,[http/1.1]}{0.0.0.0:0}
2019-08-30 19:59:06,027 [main] INFO  handler.ContextHandler (ContextHandler.java:doStop(910)) - Stopped o.e.j.s.ServletContextHandler@5864e8bf{/static,jar:file:/home/user/.m2/repository/org/apache/hadoop/hadoop-hdds-container-service/0.5.0-SNAPSHOT/hadoop-hdds-container-service-0.5.0-SNAPSHOT.jar!/webapps/static,UNAVAILABLE}
2019-08-30 19:59:06,028 [main] INFO  handler.ContextHandler (ContextHandler.java:doStop(910)) - Stopped o.e.j.s.ServletContextHandler@2ab09943{/logs,file:///workdir/hadoop-ozone/integration-test/target/log,UNAVAILABLE}
2019-08-30 19:59:06,722 [Datanode State Machine Thread - 0] INFO  statemachine.DatanodeStateMachine (DatanodeStateMachine.java:lambda$startDaemon$0(350)) - Ozone container server started.
2019-08-30 19:59:06,724 [Datanode State Machine Thread - 0] INFO  statemachine.DatanodeStateMachine (DatanodeStateMachine.java:lambda$startDaemon$0(350)) - Ozone container server started.
2019-08-30 19:59:10,732 [EventQueue-StaleNodeForStaleNodeHandler] INFO  node.StaleNodeHandler (StaleNodeHandler.java:onMessage(58)) - Datanode 0ad8d7ae-187f-46e3-a3e2-571100048e4e{ip: 192.168.5.161, host: pr-hdds-1909-j96cs-3378088753, networkLocation: /default-rack, certSerialId: null} moved to stale state. Finalizing its pipelines [PipelineID=7d90f605-dbc9-4faa-81f7-5f8dfc6ebf12, PipelineID=ba4f554d-50e4-4947-b588-1778cdc389de]
2019-08-30 19:59:10,733 [EventQueue-StaleNodeForStaleNodeHandler] INFO  pipeline.SCMPipelineManager (SCMPipelineManager.java:finalizeAndDestroyPipeline(309)) - destroying pipeline:Pipeline[ Id: 7d90f605-dbc9-4faa-81f7-5f8dfc6ebf12, Nodes: 0ad8d7ae-187f-46e3-a3e2-571100048e4e{ip: 192.168.5.161, host: pr-hdds-1909-j96cs-3378088753, networkLocation: /default-rack, certSerialId: null}42fa8907-0757-405a-9793-077a04797055{ip: 192.168.5.161, host: pr-hdds-1909-j96cs-3378088753, networkLocation: /default-rack, certSerialId: null}e5f88aa8-ed94-4632-9bac-96dc85ccdca1{ip: 192.168.5.161, host: pr-hdds-1909-j96cs-3378088753, networkLocation: /default-rack, certSerialId: null}, Type:RATIS, Factor:THREE, State:CLOSED]
2019-08-30 19:59:10,733 [EventQueue-StaleNodeForStaleNodeHandler] INFO  pipeline.SCMPipelineManager (SCMPipelineManager.java:finalizeAndDestroyPipeline(309)) - destroying pipeline:Pipeline[ Id: ba4f554d-50e4-4947-b588-1778cdc389de, Nodes: 0ad8d7ae-187f-46e3-a3e2-571100048e4e{ip: 192.168.5.161, host: pr-hdds-1909-j96cs-3378088753, networkLocation: /default-rack, certSerialId: null}, Type:RATIS, Factor:ONE, State:OPEN]
2019-08-30 19:59:10,733 [EventQueue-StaleNodeForStaleNodeHandler] INFO  pipeline.PipelineStateManager (PipelineStateManager.java:finalizePipeline(123)) - Pipeline Pipeline[ Id: ba4f554d-50e4-4947-b588-1778cdc389de, Nodes: 0ad8d7ae-187f-46e3-a3e2-571100048e4e{ip: 192.168.5.161, host: pr-hdds-1909-j96cs-3378088753, networkLocation: /default-rack, certSerialId: null}, Type:RATIS, Factor:ONE, State:CLOSED] moved to CLOSED state
2019-08-30 19:59:10,733 [EventQueue-StaleNodeForStaleNodeHandler] INFO  node.StaleNodeHandler (StaleNodeHandler.java:onMessage(58)) - Datanode 42fa8907-0757-405a-9793-077a04797055{ip: 192.168.5.161, host: pr-hdds-1909-j96cs-3378088753, networkLocation: /default-rack, certSerialId: null} moved to stale state. Finalizing its pipelines [PipelineID=7d90f605-dbc9-4faa-81f7-5f8dfc6ebf12, PipelineID=34f80ef0-031e-4d96-bdfc-dbac57559817]
2019-08-30 19:59:10,734 [EventQueue-StaleNodeForStaleNodeHandler] INFO  pipeline.SCMPipelineManager (SCMPipelineManager.java:finalizeAndDestroyPipeline(309)) - destroying pipeline:Pipeline[ Id: 7d90f605-dbc9-4faa-81f7-5f8dfc6ebf12, Nodes: 0ad8d7ae-187f-46e3-a3e2-571100048e4e{ip: 192.168.5.161, host: pr-hdds-1909-j96cs-3378088753, networkLocation: /default-rack, certSerialId: null}42fa8907-0757-405a-9793-077a04797055{ip: 192.168.5.161, host: pr-hdds-1909-j96cs-3378088753, networkLocation: /default-rack, certSerialId: null}e5f88aa8-ed94-4632-9bac-96dc85ccdca1{ip: 192.168.5.161, host: pr-hdds-1909-j96cs-3378088753, networkLocation: /default-rack, certSerialId: null}, Type:RATIS, Factor:THREE, State:CLOSED]
2019-08-30 19:59:10,734 [EventQueue-StaleNodeForStaleNodeHandler] INFO  pipeline.SCMPipelineManager (SCMPipelineManager.java:finalizeAndDestroyPipeline(309)) - destroying pipeline:Pipeline[ Id: 34f80ef0-031e-4d96-bdfc-dbac57559817, Nodes: 42fa8907-0757-405a-9793-077a04797055{ip: 192.168.5.161, host: pr-hdds-1909-j96cs-3378088753, networkLocation: /default-rack, certSerialId: null}, Type:RATIS, Factor:ONE, State:OPEN]
2019-08-30 19:59:10,734 [EventQueue-StaleNodeForStaleNodeHandler] INFO  pipeline.PipelineStateManager (PipelineStateManager.java:finalizePipeline(123)) - Pipeline Pipeline[ Id: 34f80ef0-031e-4d96-bdfc-dbac57559817, Nodes: 42fa8907-0757-405a-9793-077a04797055{ip: 192.168.5.161, host: pr-hdds-1909-j96cs-3378088753, networkLocation: /default-rack, certSerialId: null}, Type:RATIS, Factor:ONE, State:CLOSED] moved to CLOSED state
2019-08-30 19:59:11,023 [ForkJoinPool.commonPool-worker-1] INFO  ozoneimpl.OzoneContainer (OzoneContainer.java:stop(215)) - Attempting to stop container services.
2019-08-30 19:59:11,023 [ForkJoinPool.commonPool-worker-1] INFO  impl.RaftServerProxy (RaftServerProxy.java:lambda$close$4(314)) - 0ad8d7ae-187f-46e3-a3e2-571100048e4e: close
2019-08-30 19:59:11,024 [ForkJoinPool.commonPool-worker-1] INFO  impl.RaftServerImpl (RaftServerImpl.java:lambda$shutdown$3(245)) - 0ad8d7ae-187f-46e3-a3e2-571100048e4e: shutdown group-5F8DFC6EBF12
2019-08-30 19:59:11,024 [ForkJoinPool.commonPool-worker-1] INFO  util.JmxRegister (JmxRegister.java:unregister(73)) - Successfully un-registered JMX Bean with object name Ratis:service=RaftServer,group=group-5F8DFC6EBF12,id=0ad8d7ae-187f-46e3-a3e2-571100048e4e
2019-08-30 19:59:11,024 [ForkJoinPool.commonPool-worker-1] INFO  impl.RoleInfo (RoleInfo.java:shutdownFollowerState(121)) - 0ad8d7ae-187f-46e3-a3e2-571100048e4e: shutdown FollowerState
2019-08-30 19:59:11,025 [ForkJoinPool.commonPool-worker-1] INFO  impl.StateMachineUpdater (StateMachineUpdater.java:stopAndJoin(115)) - StateMachineUpdater:0ad8d7ae-187f-46e3-a3e2-571100048e4e:group-5F8DFC6EBF12: set stopIndex = 16
2019-08-30 19:59:11,025 [StateMachineUpdater:0ad8d7ae-187f-46e3-a3e2-571100048e4e:group-5F8DFC6EBF12] INFO  ratis.ContainerStateMachine (ContainerStateMachine.java:takeSnapshot(284)) - group-5F8DFC6EBF12: Taking a snapshot at:(t:1, i:14) file /workdir/hadoop-ozone/integration-test/target/test-dir/MiniOzoneClusterImpl-0ce34326-890c-4745-9fb2-859a42e91411/datanode-6/data/ratis/7d90f605-dbc9-4faa-81f7-5f8dfc6ebf12/sm/snapshot.1_14
2019-08-30 19:59:11,025 [Thread-3608] INFO  impl.FollowerState (FollowerState.java:run(114)) - 0ad8d7ae-187f-46e3-a3e2-571100048e4e: FollowerState was interrupted: java.lang.InterruptedException: sleep interrupted
2019-08-30 19:59:11,029 [main] INFO  ozoneimpl.OzoneContainer (OzoneContainer.java:stop(215)) - Attempting to stop container services.
2019-08-30 19:59:11,030 [main] INFO  impl.RaftServerProxy (RaftServerProxy.java:lambda$close$4(314)) - 42fa8907-0757-405a-9793-077a04797055: close
2019-08-30 19:59:11,030 [main] INFO  impl.RaftServerImpl (RaftServerImpl.java:lambda$shutdown$3(245)) - 42fa8907-0757-405a-9793-077a04797055: shutdown group-5F8DFC6EBF12
2019-08-30 19:59:11,031 [main] INFO  util.JmxRegister (JmxRegister.java:unregister(73)) - Successfully un-registered JMX Bean with object name Ratis:service=RaftServer,group=group-5F8DFC6EBF12,id=42fa8907-0757-405a-9793-077a04797055
2019-08-30 19:59:11,031 [main] INFO  impl.RoleInfo (RoleInfo.java:shutdownFollowerState(121)) - 42fa8907-0757-405a-9793-077a04797055: shutdown FollowerState
2019-08-30 19:59:11,032 [main] INFO  impl.StateMachineUpdater (StateMachineUpdater.java:stopAndJoin(115)) - StateMachineUpdater:42fa8907-0757-405a-9793-077a04797055:group-5F8DFC6EBF12: set stopIndex = 16
2019-08-30 19:59:11,032 [Thread-3609] INFO  impl.FollowerState (FollowerState.java:run(114)) - 42fa8907-0757-405a-9793-077a04797055: FollowerState was interrupted: java.lang.InterruptedException: sleep interrupted
2019-08-30 19:59:11,032 [StateMachineUpdater:42fa8907-0757-405a-9793-077a04797055:group-5F8DFC6EBF12] INFO  ratis.ContainerStateMachine (ContainerStateMachine.java:takeSnapshot(284)) - group-5F8DFC6EBF12: Taking a snapshot at:(t:1, i:14) file /workdir/hadoop-ozone/integration-test/target/test-dir/MiniOzoneClusterImpl-0ce34326-890c-4745-9fb2-859a42e91411/datanode-5/data/ratis/7d90f605-dbc9-4faa-81f7-5f8dfc6ebf12/sm/snapshot.1_14
2019-08-30 19:59:11,039 [StateMachineUpdater:0ad8d7ae-187f-46e3-a3e2-571100048e4e:group-5F8DFC6EBF12] INFO  ratis.ContainerStateMachine (ContainerStateMachine.java:takeSnapshot(295)) - group-5F8DFC6EBF12: Finished taking a snapshot at:(t:1, i:14) file:/workdir/hadoop-ozone/integration-test/target/test-dir/MiniOzoneClusterImpl-0ce34326-890c-4745-9fb2-859a42e91411/datanode-6/data/ratis/7d90f605-dbc9-4faa-81f7-5f8dfc6ebf12/sm/snapshot.1_14 time:15
2019-08-30 19:59:11,039 [StateMachineUpdater:42fa8907-0757-405a-9793-077a04797055:group-5F8DFC6EBF12] INFO  ratis.ContainerStateMachine (ContainerStateMachine.java:takeSnapshot(295)) - group-5F8DFC6EBF12: Finished taking a snapshot at:(t:1, i:14) file:/workdir/hadoop-ozone/integration-test/target/test-dir/MiniOzoneClusterImpl-0ce34326-890c-4745-9fb2-859a42e91411/datanode-5/data/ratis/7d90f605-dbc9-4faa-81f7-5f8dfc6ebf12/sm/snapshot.1_14 time:7
2019-08-30 19:59:11,039 [StateMachineUpdater:0ad8d7ae-187f-46e3-a3e2-571100048e4e:group-5F8DFC6EBF12] INFO  impl.StateMachineUpdater (StateMachineUpdater.java:takeSnapshot(242)) - StateMachineUpdater:0ad8d7ae-187f-46e3-a3e2-571100048e4e:group-5F8DFC6EBF12: Took a snapshot at index 14
2019-08-30 19:59:11,040 [StateMachineUpdater:42fa8907-0757-405a-9793-077a04797055:group-5F8DFC6EBF12] INFO  impl.StateMachineUpdater (StateMachineUpdater.java:takeSnapshot(242)) - StateMachineUpdater:42fa8907-0757-405a-9793-077a04797055:group-5F8DFC6EBF12: Took a snapshot at index 14
2019-08-30 19:59:11,040 [StateMachineUpdater:0ad8d7ae-187f-46e3-a3e2-571100048e4e:group-5F8DFC6EBF12] INFO  impl.StateMachineUpdater (StateMachineUpdater.java:lambda$new$0(80)) - StateMachineUpdater:0ad8d7ae-187f-46e3-a3e2-571100048e4e:group-5F8DFC6EBF12: snapshotIndex: updateIncreasingly -1 -> 14
2019-08-30 19:59:11,040 [StateMachineUpdater:42fa8907-0757-405a-9793-077a04797055:group-5F8DFC6EBF12] INFO  impl.StateMachineUpdater (StateMachineUpdater.java:lambda$new$0(80)) - StateMachineUpdater:42fa8907-0757-405a-9793-077a04797055:group-5F8DFC6EBF12: snapshotIndex: updateIncreasingly -1 -> 14
2019-08-30 19:59:11,040 [ForkJoinPool.commonPool-worker-1] INFO  impl.RaftServerImpl (ServerState.java:close(394)) - 0ad8d7ae-187f-46e3-a3e2-571100048e4e:group-5F8DFC6EBF12 closes. The last applied log index is 16
2019-08-30 19:59:11,040 [main] INFO  impl.RaftServerImpl (ServerState.java:close(394)) - 42fa8907-0757-405a-9793-077a04797055:group-5F8DFC6EBF12 closes. The last applied log index is 16
2019-08-30 19:59:11,041 [0ad8d7ae-187f-46e3-a3e2-571100048e4e-SegmentedRaftLogWorker:Storage Directory /workdir/hadoop-ozone/integration-test/target/test-dir/MiniOzoneClusterImpl-0ce34326-890c-4745-9fb2-859a42e91411/datanode-6/data/ratis/7d90f605-dbc9-4faa-81f7-5f8dfc6ebf12] INFO  segmented.SegmentedRaftLogWorker (SegmentedRaftLogWorker.java:run(313)) - 0ad8d7ae-187f-46e3-a3e2-571100048e4e-SegmentedRaftLogWorker:Storage Directory /workdir/hadoop-ozone/integration-test/target/test-dir/MiniOzoneClusterImpl-0ce34326-890c-4745-9fb2-859a42e91411/datanode-6/data/ratis/7d90f605-dbc9-4faa-81f7-5f8dfc6ebf12 was interrupted, exiting. There are 0 tasks remaining in the queue.
2019-08-30 19:59:11,041 [42fa8907-0757-405a-9793-077a04797055-SegmentedRaftLogWorker:Storage Directory /workdir/hadoop-ozone/integration-test/target/test-dir/MiniOzoneClusterImpl-0ce34326-890c-4745-9fb2-859a42e91411/datanode-5/data/ratis/7d90f605-dbc9-4faa-81f7-5f8dfc6ebf12] INFO  segmented.SegmentedRaftLogWorker (SegmentedRaftLogWorker.java:run(313)) - 42fa8907-0757-405a-9793-077a04797055-SegmentedRaftLogWorker:Storage Directory /workdir/hadoop-ozone/integration-test/target/test-dir/MiniOzoneClusterImpl-0ce34326-890c-4745-9fb2-859a42e91411/datanode-5/data/ratis/7d90f605-dbc9-4faa-81f7-5f8dfc6ebf12 was interrupted, exiting. There are 0 tasks remaining in the queue.
2019-08-30 19:59:11,043 [ForkJoinPool.commonPool-worker-1] INFO  segmented.SegmentedRaftLogWorker (SegmentedRaftLogWorker.java:close(228)) - 0ad8d7ae-187f-46e3-a3e2-571100048e4e-SegmentedRaftLogWorker:Storage Directory /workdir/hadoop-ozone/integration-test/target/test-dir/MiniOzoneClusterImpl-0ce34326-890c-4745-9fb2-859a42e91411/datanode-6/data/ratis/7d90f605-dbc9-4faa-81f7-5f8dfc6ebf12 close()
2019-08-30 19:59:11,044 [main] INFO  segmented.SegmentedRaftLogWorker (SegmentedRaftLogWorker.java:close(228)) - 42fa8907-0757-405a-9793-077a04797055-SegmentedRaftLogWorker:Storage Directory /workdir/hadoop-ozone/integration-test/target/test-dir/MiniOzoneClusterImpl-0ce34326-890c-4745-9fb2-859a42e91411/datanode-5/data/ratis/7d90f605-dbc9-4faa-81f7-5f8dfc6ebf12 close()
2019-08-30 19:59:11,047 [ForkJoinPool.commonPool-worker-1] INFO  impl.RaftServerImpl (RaftServerImpl.java:lambda$shutdown$3(245)) - 0ad8d7ae-187f-46e3-a3e2-571100048e4e: shutdown group-1778CDC389DE
2019-08-30 19:59:11,050 [main] INFO  impl.RaftServerImpl (RaftServerImpl.java:lambda$shutdown$3(245)) - 42fa8907-0757-405a-9793-077a04797055: shutdown group-DBAC57559817
2019-08-30 19:59:11,050 [ForkJoinPool.commonPool-worker-1] INFO  util.JmxRegister (JmxRegister.java:unregister(73)) - Successfully un-registered JMX Bean with object name Ratis:service=RaftServer,group=group-1778CDC389DE,id=0ad8d7ae-187f-46e3-a3e2-571100048e4e
2019-08-30 19:59:11,051 [main] INFO  util.JmxRegister (JmxRegister.java:unregister(73)) - Successfully un-registered JMX Bean with object name Ratis:service=RaftServer,group=group-DBAC57559817,id=42fa8907-0757-405a-9793-077a04797055
2019-08-30 19:59:11,051 [main] INFO  impl.RoleInfo (RoleInfo.java:shutdownLeaderState(104)) - 42fa8907-0757-405a-9793-077a04797055: shutdown LeaderState
2019-08-30 19:59:11,051 [ForkJoinPool.commonPool-worker-1] INFO  impl.RoleInfo (RoleInfo.java:shutdownLeaderState(104)) - 0ad8d7ae-187f-46e3-a3e2-571100048e4e: shutdown LeaderState
2019-08-30 19:59:11,052 [main] INFO  impl.PendingRequests (PendingRequests.java:sendNotLeaderResponses(202)) - 42fa8907-0757-405a-9793-077a04797055-PendingRequests: sendNotLeaderResponses
2019-08-30 19:59:11,052 [ForkJoinPool.commonPool-worker-1] INFO  impl.PendingRequests (PendingRequests.java:sendNotLeaderResponses(202)) - 0ad8d7ae-187f-46e3-a3e2-571100048e4e-PendingRequests: sendNotLeaderResponses
2019-08-30 19:59:11,053 [main] INFO  impl.StateMachineUpdater (StateMachineUpdater.java:stopAndJoin(115)) - StateMachineUpdater:42fa8907-0757-405a-9793-077a04797055:group-DBAC57559817: set stopIndex = 0
2019-08-30 19:59:11,053 [ForkJoinPool.commonPool-worker-1] INFO  impl.StateMachineUpdater (StateMachineUpdater.java:stopAndJoin(115)) - StateMachineUpdater:0ad8d7ae-187f-46e3-a3e2-571100048e4e:group-1778CDC389DE: set stopIndex = 0
2019-08-30 19:59:11,053 [main] INFO  impl.RaftServerImpl (ServerState.java:close(394)) - 42fa8907-0757-405a-9793-077a04797055:group-DBAC57559817 closes. The last applied log index is 0
2019-08-30 19:59:11,054 [ForkJoinPool.commonPool-worker-1] INFO  impl.RaftServerImpl (ServerState.java:close(394)) - 0ad8d7ae-187f-46e3-a3e2-571100048e4e:group-1778CDC389DE closes. The last applied log index is 0
2019-08-30 19:59:11,054 [42fa8907-0757-405a-9793-077a04797055-SegmentedRaftLogWorker:Storage Directory /workdir/hadoop-ozone/integration-test/target/test-dir/MiniOzoneClusterImpl-0ce34326-890c-4745-9fb2-859a42e91411/datanode-5/data/ratis/34f80ef0-031e-4d96-bdfc-dbac57559817] INFO  segmented.SegmentedRaftLogWorker (SegmentedRaftLogWorker.java:run(313)) - 42fa8907-0757-405a-9793-077a04797055-SegmentedRaftLogWorker:Storage Directory /workdir/hadoop-ozone/integration-test/target/test-dir/MiniOzoneClusterImpl-0ce34326-890c-4745-9fb2-859a42e91411/datanode-5/data/ratis/34f80ef0-031e-4d96-bdfc-dbac57559817 was interrupted, exiting. There are 0 tasks remaining in the queue.
2019-08-30 19:59:11,056 [0ad8d7ae-187f-46e3-a3e2-571100048e4e-SegmentedRaftLogWorker:Storage Directory /workdir/hadoop-ozone/integration-test/target/test-dir/MiniOzoneClusterImpl-0ce34326-890c-4745-9fb2-859a42e91411/datanode-6/data/ratis/ba4f554d-50e4-4947-b588-1778cdc389de] INFO  segmented.SegmentedRaftLogWorker (SegmentedRaftLogWorker.java:run(313)) - 0ad8d7ae-187f-46e3-a3e2-571100048e4e-SegmentedRaftLogWorker:Storage Directory /workdir/hadoop-ozone/integration-test/target/test-dir/MiniOzoneClusterImpl-0ce34326-890c-4745-9fb2-859a42e91411/datanode-6/data/ratis/ba4f554d-50e4-4947-b588-1778cdc389de was interrupted, exiting. There are 0 tasks remaining in the queue.
2019-08-30 19:59:11,056 [main] INFO  segmented.SegmentedRaftLogWorker (SegmentedRaftLogWorker.java:close(228)) - 42fa8907-0757-405a-9793-077a04797055-SegmentedRaftLogWorker:Storage Directory /workdir/hadoop-ozone/integration-test/target/test-dir/MiniOzoneClusterImpl-0ce34326-890c-4745-9fb2-859a42e91411/datanode-5/data/ratis/34f80ef0-031e-4d96-bdfc-dbac57559817 close()
2019-08-30 19:59:11,062 [ForkJoinPool.commonPool-worker-1] INFO  segmented.SegmentedRaftLogWorker (SegmentedRaftLogWorker.java:close(228)) - 0ad8d7ae-187f-46e3-a3e2-571100048e4e-SegmentedRaftLogWorker:Storage Directory /workdir/hadoop-ozone/integration-test/target/test-dir/MiniOzoneClusterImpl-0ce34326-890c-4745-9fb2-859a42e91411/datanode-6/data/ratis/ba4f554d-50e4-4947-b588-1778cdc389de close()
2019-08-30 19:59:11,063 [main] INFO  server.GrpcService (GrpcService.java:closeImpl(155)) - 42fa8907-0757-405a-9793-077a04797055: shutdown server with port 38602 now
2019-08-30 19:59:11,065 [ForkJoinPool.commonPool-worker-1] INFO  server.GrpcService (GrpcService.java:closeImpl(155)) - 0ad8d7ae-187f-46e3-a3e2-571100048e4e: shutdown server with port 41840 now
2019-08-30 19:59:11,065 [main] INFO  server.GrpcService (GrpcService.java:closeImpl(163)) - 42fa8907-0757-405a-9793-077a04797055: shutdown server with port 38602 successfully
2019-08-30 19:59:11,065 [ForkJoinPool.commonPool-worker-1] INFO  server.GrpcService (GrpcService.java:closeImpl(163)) - 0ad8d7ae-187f-46e3-a3e2-571100048e4e: shutdown server with port 41840 successfully
2019-08-30 19:59:11,072 [refreshUsed-/workdir/hadoop-ozone/integration-test/target/test-dir/MiniOzoneClusterImpl-0ce34326-890c-4745-9fb2-859a42e91411/datanode-5/data/containers] WARN  fs.CachingGetSpaceUsed (CachingGetSpaceUsed.java:run(183)) - Thread Interrupted waiting to refresh disk information: sleep interrupted
2019-08-30 19:59:11,073 [refreshUsed-/workdir/hadoop-ozone/integration-test/target/test-dir/MiniOzoneClusterImpl-0ce34326-890c-4745-9fb2-859a42e91411/datanode-6/data/containers] WARN  fs.CachingGetSpaceUsed (CachingGetSpaceUsed.java:run(183)) - Thread Interrupted waiting to refresh disk information: sleep interrupted
2019-08-30 19:59:11,095 [ForkJoinPool.commonPool-worker-1] INFO  utils.BackgroundService (BackgroundService.java:shutdown(148)) - Shutting down service BlockDeletingService
2019-08-30 19:59:11,095 [main] INFO  utils.BackgroundService (BackgroundService.java:shutdown(148)) - Shutting down service BlockDeletingService
2019-08-30 19:59:11,099 [ForkJoinPool.commonPool-worker-1] INFO  statemachine.DatanodeStateMachine (DatanodeStateMachine.java:stopDaemon(395)) - Ozone container server stopped.
2019-08-30 19:59:11,104 [main] INFO  statemachine.DatanodeStateMachine (DatanodeStateMachine.java:stopDaemon(395)) - Ozone container server stopped.
2019-08-30 19:59:11,106 [ForkJoinPool.commonPool-worker-1] INFO  handler.ContextHandler (ContextHandler.java:doStop(910)) - Stopped o.e.j.w.WebAppContext@40d96578{/,null,UNAVAILABLE}{/hddsDatanode}
2019-08-30 19:59:11,106 [main] INFO  handler.ContextHandler (ContextHandler.java:doStop(910)) - Stopped o.e.j.w.WebAppContext@5d2a86c0{/,null,UNAVAILABLE}{/hddsDatanode}
2019-08-30 19:59:11,107 [ForkJoinPool.commonPool-worker-1] INFO  server.AbstractConnector (AbstractConnector.java:doStop(318)) - Stopped ServerConnector@c97721b{HTTP/1.1,[http/1.1]}{0.0.0.0:0}
2019-08-30 19:59:11,109 [ForkJoinPool.commonPool-worker-1] INFO  handler.ContextHandler (ContextHandler.java:doStop(910)) - Stopped o.e.j.s.ServletContextHandler@795b66d{/static,jar:file:/home/user/.m2/repository/org/apache/hadoop/hadoop-hdds-container-service/0.5.0-SNAPSHOT/hadoop-hdds-container-service-0.5.0-SNAPSHOT.jar!/webapps/static,UNAVAILABLE}
2019-08-30 19:59:11,109 [main] INFO  server.AbstractConnector (AbstractConnector.java:doStop(318)) - Stopped ServerConnector@5ba1b62e{HTTP/1.1,[http/1.1]}{0.0.0.0:0}
2019-08-30 19:59:11,110 [ForkJoinPool.commonPool-worker-1] INFO  handler.ContextHandler (ContextHandler.java:doStop(910)) - Stopped o.e.j.s.ServletContextHandler@433ef204{/logs,file:///workdir/hadoop-ozone/integration-test/target/log,UNAVAILABLE}
2019-08-30 19:59:11,111 [main] INFO  handler.ContextHandler (ContextHandler.java:doStop(910)) - Stopped o.e.j.s.ServletContextHandler@47569167{/static,jar:file:/home/user/.m2/repository/org/apache/hadoop/hadoop-hdds-container-service/0.5.0-SNAPSHOT/hadoop-hdds-container-service-0.5.0-SNAPSHOT.jar!/webapps/static,UNAVAILABLE}
2019-08-30 19:59:11,112 [main] INFO  handler.ContextHandler (ContextHandler.java:doStop(910)) - Stopped o.e.j.s.ServletContextHandler@35f7969d{/logs,file:///workdir/hadoop-ozone/integration-test/target/log,UNAVAILABLE}
2019-08-30 19:59:11,113 [main] INFO  ozone.MiniOzoneClusterImpl (MiniOzoneClusterImpl.java:stop(339)) - Stopping the StorageContainerManager
2019-08-30 19:59:11,113 [main] INFO  server.StorageContainerManager (StorageContainerManager.java:stop(797)) - Stopping Replication Manager Service.
2019-08-30 19:59:11,113 [main] INFO  container.ReplicationManager (ReplicationManager.java:stop(203)) - Stopping Replication Monitor Thread.
2019-08-30 19:59:11,113 [main] INFO  server.StorageContainerManager (StorageContainerManager.java:stop(804)) - Stopping Lease Manager of the command watchers
2019-08-30 19:59:11,114 [main] INFO  server.StorageContainerManager (StorageContainerManager.java:stop(811)) - Stopping datanode service RPC server
2019-08-30 19:59:11,114 [main] INFO  server.SCMDatanodeProtocolServer (SCMDatanodeProtocolServer.java:stop(367)) - Stopping the RPC server for DataNodes
2019-08-30 19:59:11,114 [main] INFO  ipc.Server (Server.java:stop(3082)) - Stopping server on 39641
2019-08-30 19:59:11,118 [IPC Server listener on 39641] INFO  ipc.Server (Server.java:run(1185)) - Stopping IPC Server listener on 39641
2019-08-30 19:59:11,118 [IPC Server Responder] INFO  ipc.Server (Server.java:run(1319)) - Stopping IPC Server Responder
2019-08-30 19:59:11,132 [SCM Heartbeat Processing Thread - 0] WARN  node.NodeStateManager (NodeStateManager.java:scheduleNextHealthCheck(646)) - Current Thread is interrupted, shutting down HB processing thread for Node Manager.
2019-08-30 19:59:11,133 [main] INFO  server.StorageContainerManager (StorageContainerManager.java:stop(819)) - Stopping block service RPC server
2019-08-30 19:59:11,133 [main] INFO  server.SCMBlockProtocolServer (SCMBlockProtocolServer.java:stop(155)) - Stopping the RPC server for Block Protocol
2019-08-30 19:59:11,133 [main] INFO  ipc.Server (Server.java:stop(3082)) - Stopping server on 36767
2019-08-30 19:59:11,136 [IPC Server listener on 36767] INFO  ipc.Server (Server.java:run(1185)) - Stopping IPC Server listener on 36767
2019-08-30 19:59:11,136 [main] INFO  server.StorageContainerManager (StorageContainerManager.java:stop(826)) - Stopping the StorageContainerLocationProtocol RPC server
2019-08-30 19:59:11,137 [IPC Server Responder] INFO  ipc.Server (Server.java:run(1319)) - Stopping IPC Server Responder
2019-08-30 19:59:11,137 [main] INFO  server.SCMClientProtocolServer (SCMClientProtocolServer.java:stop(159)) - Stopping the RPC server for Client Protocol
2019-08-30 19:59:11,138 [main] INFO  ipc.Server (Server.java:stop(3082)) - Stopping server on 39453
2019-08-30 19:59:11,140 [IPC Server listener on 39453] INFO  ipc.Server (Server.java:run(1185)) - Stopping IPC Server listener on 39453
2019-08-30 19:59:11,141 [main] INFO  server.StorageContainerManager (StorageContainerManager.java:stop(833)) - Stopping Storage Container Manager HTTP server.
2019-08-30 19:59:11,141 [IPC Server Responder] INFO  ipc.Server (Server.java:run(1319)) - Stopping IPC Server Responder
2019-08-30 19:59:11,142 [main] INFO  handler.ContextHandler (ContextHandler.java:doStop(910)) - Stopped o.e.j.w.WebAppContext@5bfc79cb{/,null,UNAVAILABLE}{/scm}
2019-08-30 19:59:11,143 [main] INFO  server.AbstractConnector (AbstractConnector.java:doStop(318)) - Stopped ServerConnector@27ec8754{HTTP/1.1,[http/1.1]}{0.0.0.0:0}
2019-08-30 19:59:11,143 [main] INFO  handler.ContextHandler (ContextHandler.java:doStop(910)) - Stopped o.e.j.s.ServletContextHandler@1c5d3a37{/static,file:///workdir/hadoop-ozone/integration-test/target/test-classes/webapps/static,UNAVAILABLE}
2019-08-30 19:59:11,144 [main] INFO  handler.ContextHandler (ContextHandler.java:doStop(910)) - Stopped o.e.j.s.ServletContextHandler@4f235107{/logs,file:///workdir/hadoop-ozone/integration-test/target/log,UNAVAILABLE}
2019-08-30 19:59:11,145 [main] INFO  server.StorageContainerManager (StorageContainerManager.java:stop(844)) - Stopping Block Manager Service.
2019-08-30 19:59:11,145 [main] INFO  utils.BackgroundService (BackgroundService.java:shutdown(148)) - Shutting down service SCMBlockDeletingService
2019-08-30 19:59:11,145 [main] INFO  utils.BackgroundService (BackgroundService.java:shutdown(148)) - Shutting down service SCMBlockDeletingService
2019-08-30 19:59:11,146 [main] INFO  server.StorageContainerManager (StorageContainerManager.java:stop(866)) - Stopping SCM Event Queue.
2019-08-30 19:59:11,150 [main] INFO  impl.MetricsSystemImpl (MetricsSystemImpl.java:stop(210)) - Stopping HddsDatanode metrics system...
2019-08-30 19:59:11,160 [main] INFO  impl.MetricsSystemImpl (MetricsSystemImpl.java:stop(216)) - HddsDatanode metrics system stopped.
]]></system-out>
  </testcase>
  <testcase name="testFailureWithPrimeSizedData" classname="org.apache.hadoop.ozone.client.rpc.TestBlockOutputStreamWithFailures" time="35.143"/>
  <testcase name="testWatchForCommitWithCloseContainerException" classname="org.apache.hadoop.ozone.client.rpc.TestBlockOutputStreamWithFailures" time="33.241"/>
  <testcase name="testExceptionDuringClose" classname="org.apache.hadoop.ozone.client.rpc.TestBlockOutputStreamWithFailures" time="33.627"/>
</testsuite>